core   0: 0x80000080 (0x40001937) lui     s2, 0x40001
core   0: 3 0x80000080 (0x40001937) x18 0x40001000
core   0: 0x80000084 (0x10690913) addi    s2, s2, 262
core   0: 3 0x80000084 (0x10690913) x18 0x40001106
core   0: 0x80000088 (0x30191073) csrw    misa, s2
core   0: 3 0x80000088 (0x30191073) c769_misa 0x40901104
core   0: 0x8000008c (0x00026697) auipc   a3, 0x26
core   0: 3 0x8000008c (0x00026697) x13 0x8002608c
core   0: 0x80000090 (0xc5868693) addi    a3, a3, -936
core   0: 3 0x80000090 (0xc5868693) x13 0x80025ce4
core   0: 0x80000094 (0x00002917) auipc   s2, 0x2
core   0: 3 0x80000094 (0x00002917) x18 0x80002094
core   0: 0x80000098 (0x46c90913) addi    s2, s2, 1132
core   0: 3 0x80000098 (0x46c90913) x18 0x80002500
core   0: 0x8000009c (0x00196913) ori     s2, s2, 1
core   0: 3 0x8000009c (0x00196913) x18 0x80002501
core   0: 0x800000a0 (0x30591073) csrw    mtvec, s2
core   0: 3 0x800000a0 (0x30591073) c773_mtvec 0x80002501
core   0: 0x800000a4 (0x74725073) csrwi   mseccfg, 4
core   0: 3 0x800000a4 (0x74725073) c1863_mseccfg 0x00000004
core   0: 0x800000a8 (0x00003397) auipc   t2, 0x3
core   0: 3 0x800000a8 (0x00003397) x7  0x800030a8
core   0: 0x800000ac (0x1fc38393) addi    t2, t2, 508
core   0: 3 0x800000ac (0x1fc38393) x7  0x800032a4
core   0: 0x800000b0 (0x00004901) c.li    s2, 0
core   0: 3 0x800000b0 (0x4901) x18 0x00000000
core   0: 0x800000b2 (0x000093ca) c.add   t2, s2
core   0: 3 0x800000b2 (0x93ca) x7  0x800032a4
core   0: 0x800000b4 (0x0023d393) srli    t2, t2, 2
core   0: 3 0x800000b4 (0x0023d393) x7  0x20000ca9
core   0: 0x800000b8 (0x3b039073) csrw    pmpaddr0, t2
core   0: 3 0x800000b8 (0x3b039073) c944_pmpaddr0 0x20000ca9
core   0: 0x800000bc (0x00003397) auipc   t2, 0x3
core   0: 3 0x800000bc (0x00003397) x7  0x800030bc
core   0: 0x800000c0 (0x1e838393) addi    t2, t2, 488
core   0: 3 0x800000c0 (0x1e838393) x7  0x800032a4
core   0: 0x800000c4 (0x11111937) lui     s2, 0x11111
core   0: 3 0x800000c4 (0x11111937) x18 0x11111000
core   0: 0x800000c8 (0x11190913) addi    s2, s2, 273
core   0: 3 0x800000c8 (0x11190913) x18 0x11111111
core   0: 0x800000cc (0x000093ca) c.add   t2, s2
core   0: 3 0x800000cc (0x93ca) x7  0x911143b5
core   0: 0x800000ce (0x0023d393) srli    t2, t2, 2
core   0: 3 0x800000ce (0x0023d393) x7  0x244450ed
core   0: 0x800000d2 (0x3b139073) csrw    pmpaddr1, t2
core   0: 3 0x800000d2 (0x3b139073) c945_pmpaddr1 0x244450ed
core   0: 0x800000d6 (0x00003397) auipc   t2, 0x3
core   0: 3 0x800000d6 (0x00003397) x7  0x800030d6
core   0: 0x800000da (0x1ce38393) addi    t2, t2, 462
core   0: 3 0x800000da (0x1ce38393) x7  0x800032a4
core   0: 0x800000de (0x22222937) lui     s2, 0x22222
core   0: 3 0x800000de (0x22222937) x18 0x22222000
core   0: 0x800000e2 (0x22290913) addi    s2, s2, 546
core   0: 3 0x800000e2 (0x22290913) x18 0x22222222
core   0: 0x800000e6 (0x000093ca) c.add   t2, s2
core   0: 3 0x800000e6 (0x93ca) x7  0xa22254c6
core   0: 0x800000e8 (0x0023d393) srli    t2, t2, 2
core   0: 3 0x800000e8 (0x0023d393) x7  0x28889531
core   0: 0x800000ec (0x3b239073) csrw    pmpaddr2, t2
core   0: 3 0x800000ec (0x3b239073) c946_pmpaddr2 0x28889531
core   0: 0x800000f0 (0x00003397) auipc   t2, 0x3
core   0: 3 0x800000f0 (0x00003397) x7  0x800030f0
core   0: 0x800000f4 (0x1b438393) addi    t2, t2, 436
core   0: 3 0x800000f4 (0x1b438393) x7  0x800032a4
core   0: 0x800000f8 (0x33333937) lui     s2, 0x33333
core   0: 3 0x800000f8 (0x33333937) x18 0x33333000
core   0: 0x800000fc (0x33390913) addi    s2, s2, 819
core   0: 3 0x800000fc (0x33390913) x18 0x33333333
core   0: 0x80000100 (0x000093ca) c.add   t2, s2
core   0: 3 0x80000100 (0x93ca) x7  0xb33365d7
core   0: 0x80000102 (0x0023d393) srli    t2, t2, 2
core   0: 3 0x80000102 (0x0023d393) x7  0x2cccd975
core   0: 0x80000106 (0x3b339073) csrw    pmpaddr3, t2
core   0: 3 0x80000106 (0x3b339073) c947_pmpaddr3 0x2cccd975
core   0: 0x8000010a (0x0f0f13b7) lui     t2, 0xf0f1
core   0: 3 0x8000010a (0x0f0f13b7) x7  0x0f0f1000
core   0: 0x8000010e (0xf0f38393) addi    t2, t2, -241
core   0: 3 0x8000010e (0xf0f38393) x7  0x0f0f0f0f
core   0: 0x80000112 (0x3a039073) csrw    pmpcfg0, t2
core   0: 3 0x80000112 (0x3a039073) c928_pmpcfg0 0x0f0f0f0f
core   0: 0x80000116 (0x00003397) auipc   t2, 0x3
core   0: 3 0x80000116 (0x00003397) x7  0x80003116
core   0: 0x8000011a (0x18e38393) addi    t2, t2, 398
core   0: 3 0x8000011a (0x18e38393) x7  0x800032a4
core   0: 0x8000011e (0x44444937) lui     s2, 0x44444
core   0: 3 0x8000011e (0x44444937) x18 0x44444000
core   0: 0x80000122 (0x44490913) addi    s2, s2, 1092
core   0: 3 0x80000122 (0x44490913) x18 0x44444444
core   0: 0x80000126 (0x000093ca) c.add   t2, s2
core   0: 3 0x80000126 (0x93ca) x7  0xc44476e8
core   0: 0x80000128 (0x0023d393) srli    t2, t2, 2
core   0: 3 0x80000128 (0x0023d393) x7  0x31111dba
core   0: 0x8000012c (0x3b439073) csrw    pmpaddr4, t2
core   0: 3 0x8000012c (0x3b439073) c948_pmpaddr4 0x31111dba
core   0: 0x80000130 (0x00003397) auipc   t2, 0x3
core   0: 3 0x80000130 (0x00003397) x7  0x80003130
core   0: 0x80000134 (0x17438393) addi    t2, t2, 372
core   0: 3 0x80000134 (0x17438393) x7  0x800032a4
core   0: 0x80000138 (0x55555937) lui     s2, 0x55555
core   0: 3 0x80000138 (0x55555937) x18 0x55555000
core   0: 0x8000013c (0x55590913) addi    s2, s2, 1365
core   0: 3 0x8000013c (0x55590913) x18 0x55555555
core   0: 0x80000140 (0x000093ca) c.add   t2, s2
core   0: 3 0x80000140 (0x93ca) x7  0xd55587f9
core   0: 0x80000142 (0x0023d393) srli    t2, t2, 2
core   0: 3 0x80000142 (0x0023d393) x7  0x355561fe
core   0: 0x80000146 (0x3b539073) csrw    pmpaddr5, t2
core   0: 3 0x80000146 (0x3b539073) c949_pmpaddr5 0x355561fe
core   0: 0x8000014a (0x00003397) auipc   t2, 0x3
core   0: 3 0x8000014a (0x00003397) x7  0x8000314a
core   0: 0x8000014e (0x15a38393) addi    t2, t2, 346
core   0: 3 0x8000014e (0x15a38393) x7  0x800032a4
core   0: 0x80000152 (0x66666937) lui     s2, 0x66666
core   0: 3 0x80000152 (0x66666937) x18 0x66666000
core   0: 0x80000156 (0x66690913) addi    s2, s2, 1638
core   0: 3 0x80000156 (0x66690913) x18 0x66666666
core   0: 0x8000015a (0x000093ca) c.add   t2, s2
core   0: 3 0x8000015a (0x93ca) x7  0xe666990a
core   0: 0x8000015c (0x0023d393) srli    t2, t2, 2
core   0: 3 0x8000015c (0x0023d393) x7  0x3999a642
core   0: 0x80000160 (0x3b639073) csrw    pmpaddr6, t2
core   0: 3 0x80000160 (0x3b639073) c950_pmpaddr6 0x3999a642
core   0: 0x80000164 (0x00003397) auipc   t2, 0x3
core   0: 3 0x80000164 (0x00003397) x7  0x80003164
core   0: 0x80000168 (0x14038393) addi    t2, t2, 320
core   0: 3 0x80000168 (0x14038393) x7  0x800032a4
core   0: 0x8000016c (0x77777937) lui     s2, 0x77777
core   0: 3 0x8000016c (0x77777937) x18 0x77777000
core   0: 0x80000170 (0x77790913) addi    s2, s2, 1911
core   0: 3 0x80000170 (0x77790913) x18 0x77777777
core   0: 0x80000174 (0x000093ca) c.add   t2, s2
core   0: 3 0x80000174 (0x93ca) x7  0xf777aa1b
core   0: 0x80000176 (0x0023d393) srli    t2, t2, 2
core   0: 3 0x80000176 (0x0023d393) x7  0x3dddea86
core   0: 0x8000017a (0x3b739073) csrw    pmpaddr7, t2
core   0: 3 0x8000017a (0x3b739073) c951_pmpaddr7 0x3dddea86
core   0: 0x8000017e (0x0f0f13b7) lui     t2, 0xf0f1
core   0: 3 0x8000017e (0x0f0f13b7) x7  0x0f0f1000
core   0: 0x80000182 (0xf0f38393) addi    t2, t2, -241
core   0: 3 0x80000182 (0xf0f38393) x7  0x0f0f0f0f
core   0: 0x80000186 (0x3a139073) csrw    pmpcfg1, t2
core   0: 3 0x80000186 (0x3a139073) c929_pmpcfg1 0x0f0f0f0f
core   0: 0x8000018a (0x00003397) auipc   t2, 0x3
core   0: 3 0x8000018a (0x00003397) x7  0x8000318a
core   0: 0x8000018e (0x11a38393) addi    t2, t2, 282
core   0: 3 0x8000018e (0x11a38393) x7  0x800032a4
core   0: 0x80000192 (0x88889937) lui     s2, 0x88889
core   0: 3 0x80000192 (0x88889937) x18 0x88889000
core   0: 0x80000196 (0x88890913) addi    s2, s2, -1912
core   0: 3 0x80000196 (0x88890913) x18 0x88888888
core   0: 0x8000019a (0x000093ca) c.add   t2, s2
core   0: 3 0x8000019a (0x93ca) x7  0x0888bb2c
core   0: 0x8000019c (0x0023d393) srli    t2, t2, 2
core   0: 3 0x8000019c (0x0023d393) x7  0x02222ecb
core   0: 0x800001a0 (0x3b839073) csrw    pmpaddr8, t2
core   0: 3 0x800001a0 (0x3b839073) c952_pmpaddr8 0x02222ecb
core   0: 0x800001a4 (0x00003397) auipc   t2, 0x3
core   0: 3 0x800001a4 (0x00003397) x7  0x800031a4
core   0: 0x800001a8 (0x10038393) addi    t2, t2, 256
core   0: 3 0x800001a8 (0x10038393) x7  0x800032a4
core   0: 0x800001ac (0x9999a937) lui     s2, 0x9999a
core   0: 3 0x800001ac (0x9999a937) x18 0x9999a000
core   0: 0x800001b0 (0x99990913) addi    s2, s2, -1639
core   0: 3 0x800001b0 (0x99990913) x18 0x99999999
core   0: 0x800001b4 (0x000093ca) c.add   t2, s2
core   0: 3 0x800001b4 (0x93ca) x7  0x1999cc3d
core   0: 0x800001b6 (0x0023d393) srli    t2, t2, 2
core   0: 3 0x800001b6 (0x0023d393) x7  0x0666730f
core   0: 0x800001ba (0x3b939073) csrw    pmpaddr9, t2
core   0: 3 0x800001ba (0x3b939073) c953_pmpaddr9 0x0666730f
core   0: 0x800001be (0x00003397) auipc   t2, 0x3
core   0: 3 0x800001be (0x00003397) x7  0x800031be
core   0: 0x800001c2 (0x0e638393) addi    t2, t2, 230
core   0: 3 0x800001c2 (0x0e638393) x7  0x800032a4
core   0: 0x800001c6 (0xaaaab937) lui     s2, 0xaaaab
core   0: 3 0x800001c6 (0xaaaab937) x18 0xaaaab000
core   0: 0x800001ca (0xaaa90913) addi    s2, s2, -1366
core   0: 3 0x800001ca (0xaaa90913) x18 0xaaaaaaaa
core   0: 0x800001ce (0x000093ca) c.add   t2, s2
core   0: 3 0x800001ce (0x93ca) x7  0x2aaadd4e
core   0: 0x800001d0 (0x0023d393) srli    t2, t2, 2
core   0: 3 0x800001d0 (0x0023d393) x7  0x0aaab753
core   0: 0x800001d4 (0x3ba39073) csrw    pmpaddr10, t2
core   0: 3 0x800001d4 (0x3ba39073) c954_pmpaddr10 0x0aaab753
core   0: 0x800001d8 (0x00003397) auipc   t2, 0x3
core   0: 3 0x800001d8 (0x00003397) x7  0x800031d8
core   0: 0x800001dc (0x0cc38393) addi    t2, t2, 204
core   0: 3 0x800001dc (0x0cc38393) x7  0x800032a4
core   0: 0x800001e0 (0xbbbbc937) lui     s2, 0xbbbbc
core   0: 3 0x800001e0 (0xbbbbc937) x18 0xbbbbc000
core   0: 0x800001e4 (0xbbb90913) addi    s2, s2, -1093
core   0: 3 0x800001e4 (0xbbb90913) x18 0xbbbbbbbb
core   0: 0x800001e8 (0x000093ca) c.add   t2, s2
core   0: 3 0x800001e8 (0x93ca) x7  0x3bbbee5f
core   0: 0x800001ea (0x0023d393) srli    t2, t2, 2
core   0: 3 0x800001ea (0x0023d393) x7  0x0eeefb97
core   0: 0x800001ee (0x3bb39073) csrw    pmpaddr11, t2
core   0: 3 0x800001ee (0x3bb39073) c955_pmpaddr11 0x0eeefb97
core   0: 0x800001f2 (0x0f0f13b7) lui     t2, 0xf0f1
core   0: 3 0x800001f2 (0x0f0f13b7) x7  0x0f0f1000
core   0: 0x800001f6 (0xf0f38393) addi    t2, t2, -241
core   0: 3 0x800001f6 (0xf0f38393) x7  0x0f0f0f0f
core   0: 0x800001fa (0x3a239073) csrw    pmpcfg2, t2
core   0: 3 0x800001fa (0x3a239073) c930_pmpcfg2 0x0f0f0f0f
core   0: 0x800001fe (0x00003397) auipc   t2, 0x3
core   0: 3 0x800001fe (0x00003397) x7  0x800031fe
core   0: 0x80000202 (0x0a638393) addi    t2, t2, 166
core   0: 3 0x80000202 (0x0a638393) x7  0x800032a4
core   0: 0x80000206 (0xccccd937) lui     s2, 0xccccd
core   0: 3 0x80000206 (0xccccd937) x18 0xccccd000
core   0: 0x8000020a (0xccc90913) addi    s2, s2, -820
core   0: 3 0x8000020a (0xccc90913) x18 0xcccccccc
core   0: 0x8000020e (0x000093ca) c.add   t2, s2
core   0: 3 0x8000020e (0x93ca) x7  0x4cccff70
core   0: 0x80000210 (0x0023d393) srli    t2, t2, 2
core   0: 3 0x80000210 (0x0023d393) x7  0x13333fdc
core   0: 0x80000214 (0x3bc39073) csrw    pmpaddr12, t2
core   0: 3 0x80000214 (0x3bc39073) c956_pmpaddr12 0x13333fdc
core   0: 0x80000218 (0x00003397) auipc   t2, 0x3
core   0: 3 0x80000218 (0x00003397) x7  0x80003218
core   0: 0x8000021c (0x08c38393) addi    t2, t2, 140
core   0: 3 0x8000021c (0x08c38393) x7  0x800032a4
core   0: 0x80000220 (0xdddde937) lui     s2, 0xdddde
core   0: 3 0x80000220 (0xdddde937) x18 0xdddde000
core   0: 0x80000224 (0xddd90913) addi    s2, s2, -547
core   0: 3 0x80000224 (0xddd90913) x18 0xdddddddd
core   0: 0x80000228 (0x000093ca) c.add   t2, s2
core   0: 3 0x80000228 (0x93ca) x7  0x5dde1081
core   0: 0x8000022a (0x0023d393) srli    t2, t2, 2
core   0: 3 0x8000022a (0x0023d393) x7  0x17778420
core   0: 0x8000022e (0x3bd39073) csrw    pmpaddr13, t2
core   0: 3 0x8000022e (0x3bd39073) c957_pmpaddr13 0x17778420
core   0: 0x80000232 (0x00003397) auipc   t2, 0x3
core   0: 3 0x80000232 (0x00003397) x7  0x80003232
core   0: 0x80000236 (0x07238393) addi    t2, t2, 114
core   0: 3 0x80000236 (0x07238393) x7  0x800032a4
core   0: 0x8000023a (0xeeeef937) lui     s2, 0xeeeef
core   0: 3 0x8000023a (0xeeeef937) x18 0xeeeef000
core   0: 0x8000023e (0xeee90913) addi    s2, s2, -274
core   0: 3 0x8000023e (0xeee90913) x18 0xeeeeeeee
core   0: 0x80000242 (0x000093ca) c.add   t2, s2
core   0: 3 0x80000242 (0x93ca) x7  0x6eef2192
core   0: 0x80000244 (0x0023d393) srli    t2, t2, 2
core   0: 3 0x80000244 (0x0023d393) x7  0x1bbbc864
core   0: 0x80000248 (0x3be39073) csrw    pmpaddr14, t2
core   0: 3 0x80000248 (0x3be39073) c958_pmpaddr14 0x1bbbc864
core   0: 0x8000024c (0x00003397) auipc   t2, 0x3
core   0: 3 0x8000024c (0x00003397) x7  0x8000324c
core   0: 0x80000250 (0x05838393) addi    t2, t2, 88
core   0: 3 0x80000250 (0x05838393) x7  0x800032a4
core   0: 0x80000254 (0xfff00913) li      s2, -1
core   0: 3 0x80000254 (0xfff00913) x18 0xffffffff
core   0: 0x80000258 (0x000093ca) c.add   t2, s2
core   0: 3 0x80000258 (0x93ca) x7  0x800032a3
core   0: 0x8000025a (0x0023d393) srli    t2, t2, 2
core   0: 3 0x8000025a (0x0023d393) x7  0x20000ca8
core   0: 0x8000025e (0x3bf39073) csrw    pmpaddr15, t2
core   0: 3 0x8000025e (0x3bf39073) c959_pmpaddr15 0x20000ca8
core   0: 0x80000262 (0x0f0f13b7) lui     t2, 0xf0f1
core   0: 3 0x80000262 (0x0f0f13b7) x7  0x0f0f1000
core   0: 0x80000266 (0xf0f38393) addi    t2, t2, -241
core   0: 3 0x80000266 (0xf0f38393) x7  0x0f0f0f0f
core   0: 0x8000026a (0x3a339073) csrw    pmpcfg3, t2
core   0: 3 0x8000026a (0x3a339073) c931_pmpcfg3 0x0f0f0f0f
core   0: 0x8000026e (0x00000917) auipc   s2, 0x0
core   0: 3 0x8000026e (0x00000917) x18 0x8000026e
core   0: 0x80000272 (0x06090913) addi    s2, s2, 96
core   0: 3 0x80000272 (0x06090913) x18 0x800002ce
core   0: 0x80000276 (0x34191073) csrw    mepc, s2
core   0: 3 0x80000276 (0x34191073) c833_mepc 0x800002ce
core   0: 0x8000027a (0x7c00d073) csrwi   cpuctrlsts, 1
core   0: 3 0x8000027a (0x7c00d073) c1984_cpuctrlsts 0x00000101
core   0: 0x8000027e (0x00004901) c.li    s2, 0
core   0: 3 0x8000027e (0x4901) x18 0x00000000
core   0: 0x80000280 (0x30091073) csrw    mstatus, s2
core   0: 3 0x80000280 (0x30091073) c768_mstatus 0x00000000
core   0: 0x80000284 (0x00004901) c.li    s2, 0
core   0: 3 0x80000284 (0x4901) x18 0x00000000
core   0: 0x80000286 (0x30491073) csrw    mie, s2
core   0: 3 0x80000286 (0x30491073) c772_mie 0x00000000
core   0: 0x8000028a (0x90000db7) lui     s11, 0x90000
core   0: 3 0x8000028a (0x90000db7) x27 0x90000000
core   0: 0x8000028e (0x00001df1) c.addi  s11, -4
core   0: 3 0x8000028e (0x1df1) x27 0x8ffffffc
core   0: 0x80000290 (0x90000db7) lui     s11, 0x90000
core   0: 3 0x80000290 (0x90000db7) x27 0x90000000
core   0: 0x80000294 (0x00001df1) c.addi  s11, -4
core   0: 3 0x80000294 (0x1df1) x27 0x8ffffffc
core   0: 0x80000296 (0x90000db7) lui     s11, 0x90000
core   0: 3 0x80000296 (0x90000db7) x27 0x90000000
core   0: 0x8000029a (0x00001df1) c.addi  s11, -4
core   0: 3 0x8000029a (0x1df1) x27 0x8ffffffc
core   0: 0x8000029c (0x30000913) li      s2, 768
core   0: 3 0x8000029c (0x30000913) x18 0x00000300
core   0: 0x800002a0 (0x00000922) c.slli  s2, 8
core   0: 3 0x800002a0 (0x0922) x18 0x00030000
core   0: 0x800002a2 (0x0000090d) c.addi  s2, 3
core   0: 3 0x800002a2 (0x090d) x18 0x00030003
core   0: 0x800002a4 (0x012da023) sw      s2, 0(s11)
core   0: 3 0x800002a4 (0x012da023) mem 0x8ffffffc 0x00030003
core   0: 0x800002a8 (0x30002973) csrr    s2, mstatus
core   0: 3 0x800002a8 (0x30002973) x18 0x00000000
core   0: 0x800002ac (0x012da023) sw      s2, 0(s11)
core   0: 3 0x800002ac (0x012da023) mem 0x8ffffffc 0x00000000
core   0: 0x800002b0 (0x90000db7) lui     s11, 0x90000
core   0: 3 0x800002b0 (0x90000db7) x27 0x90000000
core   0: 0x800002b4 (0x00001df1) c.addi  s11, -4
core   0: 3 0x800002b4 (0x1df1) x27 0x8ffffffc
core   0: 0x800002b6 (0x30400913) li      s2, 772
core   0: 3 0x800002b6 (0x30400913) x18 0x00000304
core   0: 0x800002ba (0x00000922) c.slli  s2, 8
core   0: 3 0x800002ba (0x0922) x18 0x00030400
core   0: 0x800002bc (0x0000090d) c.addi  s2, 3
core   0: 3 0x800002bc (0x090d) x18 0x00030403
core   0: 0x800002be (0x012da023) sw      s2, 0(s11)
core   0: 3 0x800002be (0x012da023) mem 0x8ffffffc 0x00030403
core   0: 0x800002c2 (0x30402973) csrr    s2, mie
core   0: 3 0x800002c2 (0x30402973) x18 0x00000000
core   0: 0x800002c6 (0x012da023) sw      s2, 0(s11)
core   0: 3 0x800002c6 (0x012da023) mem 0x8ffffffc 0x00000000
core   0: 0x800002ca (0x30200073) mret
core   0: 3 0x800002ca (0x30200073) c768_mstatus 0x00000080
core   0: 0x800002ce (0xfc8e0037) lui     zero, 0xfc8e0
core   0: 0 0x800002ce (0xfc8e0037)
core   0: 0x800002d2 (0xb0400013) li      zero, -1276
core   0: 0 0x800002d2 (0xb0400013)
core   0: 0x800002d6 (0x00004081) c.li    ra, 0
core   0: 0 0x800002d6 (0x4081) x1  0x00000000
core   0: 0x800002d8 (0x80000137) lui     sp, 0x80000
core   0: 0 0x800002d8 (0x80000137) x2  0x80000000
core   0: 0x800002dc (0x00004195) c.li    gp, 5
core   0: 0 0x800002dc (0x4195) x3  0x00000005
core   0: 0x800002de (0x80000237) lui     tp, 0x80000
core   0: 0 0x800002de (0x80000237) x4  0x80000000
core   0: 0x800002e2 (0xb9cf72b7) lui     t0, 0xb9cf7
core   0: 0 0x800002e2 (0xb9cf72b7) x5  0xb9cf7000
core   0: 0x800002e6 (0xf4f28293) addi    t0, t0, -177
core   0: 0 0x800002e6 (0xf4f28293) x5  0xb9cf6f4f
core   0: 0x800002ea (0x00004321) c.li    t1, 8
core   0: 0 0x800002ea (0x4321) x6  0x00000008
core   0: 0x800002ec (0x00004381) c.li    t2, 0
core   0: 0 0x800002ec (0x4381) x7  0x00000000
core   0: 0x800002ee (0x00004435) c.li    s0, 13
core   0: 0 0x800002ee (0x4435) x8  0x0000000d
core   0: 0x800002f0 (0x00004481) c.li    s1, 0
core   0: 0 0x800002f0 (0x4481) x9  0x00000000
core   0: 0x800002f2 (0x80000537) lui     a0, 0x80000
core   0: 0 0x800002f2 (0x80000537) x10 0x80000000
core   0: 0x800002f6 (0xfeae4637) lui     a2, 0xfeae4
core   0: 0 0x800002f6 (0xfeae4637) x12 0xfeae4000
core   0: 0x800002fa (0x50460613) addi    a2, a2, 1284
core   0: 0 0x800002fa (0x50460613) x12 0xfeae4504
core   0: 0x800002fe (0xf2401737) lui     a4, 0xf2401
core   0: 0 0x800002fe (0xf2401737) x14 0xf2401000
core   0: 0x80000302 (0x04670713) addi    a4, a4, 70
core   0: 0 0x80000302 (0x04670713) x14 0xf2401046
core   0: 0x80000306 (0x800007b7) lui     a5, 0x80000
core   0: 0 0x80000306 (0x800007b7) x15 0x80000000
core   0: 0x8000030a (0xff2a5837) lui     a6, 0xff2a5
core   0: 0 0x8000030a (0xff2a5837) x16 0xff2a5000
core   0: 0x8000030e (0xd8c80813) addi    a6, a6, -628
core   0: 0 0x8000030e (0xd8c80813) x16 0xff2a4d8c
core   0: 0x80000312 (0x00004881) c.li    a7, 0
core   0: 0 0x80000312 (0x4881) x17 0x00000000
core   0: 0x80000314 (0x00004901) c.li    s2, 0
core   0: 0 0x80000314 (0x4901) x18 0x00000000
core   0: 0x80000316 (0x00004991) c.li    s3, 4
core   0: 0 0x80000316 (0x4991) x19 0x00000004
core   0: 0x80000318 (0x00004a01) c.li    s4, 0
core   0: 0 0x80000318 (0x4a01) x20 0x00000000
core   0: 0x8000031a (0x80000ab7) lui     s5, 0x80000
core   0: 0 0x8000031a (0x80000ab7) x21 0x80000000
core   0: 0x8000031e (0x00004b31) c.li    s6, 12
core   0: 0 0x8000031e (0x4b31) x22 0x0000000c
core   0: 0x80000320 (0x00004b81) c.li    s7, 0
core   0: 0 0x80000320 (0x4b81) x23 0x00000000
core   0: 0x80000322 (0x80000c37) lui     s8, 0x80000
core   0: 0 0x80000322 (0x80000c37) x24 0x80000000
core   0: 0x80000326 (0x9bbefcb7) lui     s9, 0x9bbef
core   0: 0 0x80000326 (0x9bbefcb7) x25 0x9bbef000
core   0: 0x8000032a (0x230c8c93) addi    s9, s9, 560
core   0: 0 0x8000032a (0x230c8c93) x25 0x9bbef230
core   0: 0x8000032e (0x00004d01) c.li    s10, 0
core   0: 0 0x8000032e (0x4d01) x26 0x00000000
core   0: 0x80000330 (0x5a709db7) lui     s11, 0x5a709
core   0: 0 0x80000330 (0x5a709db7) x27 0x5a709000
core   0: 0x80000334 (0x21fd8d93) addi    s11, s11, 543
core   0: 0 0x80000334 (0x21fd8d93) x27 0x5a70921f
core   0: 0x80000338 (0x77c6ee37) lui     t3, 0x77c6e
core   0: 0 0x80000338 (0x77c6ee37) x28 0x77c6e000
core   0: 0x8000033c (0x408e0e13) addi    t3, t3, 1032
core   0: 0 0x8000033c (0x408e0e13) x28 0x77c6e408
core   0: 0x80000340 (0x00004e81) c.li    t4, 0
core   0: 0 0x80000340 (0x4e81) x29 0x00000000
core   0: 0x80000342 (0x7be08f37) lui     t5, 0x7be08
core   0: 0 0x80000342 (0x7be08f37) x30 0x7be08000
core   0: 0x80000346 (0x446f0f13) addi    t5, t5, 1094
core   0: 0 0x80000346 (0x446f0f13) x30 0x7be08446
core   0: 0x8000034a (0x00004fb9) c.li    t6, 14
core   0: 0 0x8000034a (0x4fb9) x31 0x0000000e
core   0: 0x8000034c (0x00022597) auipc   a1, 0x22
core   0: 0 0x8000034c (0x00022597) x11 0x8002234c
core   0: 0x80000350 (0xb1858593) addi    a1, a1, -1256
core   0: 0 0x80000350 (0xb1858593) x11 0x80021e64
core   0: 0x80000354 (0x90000db7) lui     s11, 0x90000
core   0: 0 0x80000354 (0x90000db7) x27 0x90000000
core   0: 0x80000358 (0x00001df1) c.addi  s11, -4
core   0: 0 0x80000358 (0x1df1) x27 0x8ffffffc
core   0: 0x8000035a (0x00004901) c.li    s2, 0
core   0: 0 0x8000035a (0x4901) x18 0x00000000
core   0: 0x8000035c (0x00000922) c.slli  s2, 8
core   0: 0 0x8000035c (0x0922) x18 0x00000000
core   0: 0x8000035e (0x00090913) mv      s2, s2
core   0: 0 0x8000035e (0x00090913) x18 0x00000000
core   0: 0x80000362 (0x012da023) sw      s2, 0(s11)
core   0: 0 0x80000362 (0x012da023) mem 0x8ffffffc 0x00000000
core   0: 0x80000366 (0x73f0206f) j       pc + 0x2f3e
core   0: 0 0x80000366 (0x73f0206f)
core   0: 0x800032a4 (0x0282cdb3) div     s11, t0, s0
core   0: 0 0x800032a4 (0x0282cdb3) x27 0xfa99cd7d
core   0: 0x800032a8 (0x05600163) beq     zero, s6, pc + 66
core   0: 0 0x800032a8 (0x05600163)
core   0: 0x800032ac (0x03f96733) rem     a4, s2, t6
core   0: 0 0x800032ac (0x03f96733) x14 0x00000000
core   0: 0x800032b0 (0x00008f65) c.and   a4, s1
core   0: 0 0x800032b0 (0x8f65) x14 0x00000000
core   0: 0x800032b2 (0x0000e321) c.bnez  a4, pc + 64
core   0: 0 0x800032b2 (0xe321)
core   0: 0x800032b4 (0x00008e6d) c.and   a2, a1
core   0: 0 0x800032b4 (0x8e6d) x12 0x80020404
core   0: 0x800032b6 (0x6898c813) xori    a6, a7, 1673
core   0: 0 0x800032b6 (0x6898c813) x16 0x00000689
core   0: 0x800032ba (0xa7c86f37) lui     t5, 0xa7c86
core   0: 0 0x800032ba (0xa7c86f37) x30 0xa7c86000
core   0: 0x800032be (0x00000576) c.slli  a0, 29
core   0: 0 0x800032be (0x0576) x10 0x00000000
core   0: 0x800032c0 (0x02a1f4b3) remu    s1, gp, a0
core   0: 0 0x800032c0 (0x02a1f4b3) x9  0x00000005
core   0: 0x800032c4 (0x0000100f) fence.i
core   0: 0 0x800032c4 (0x0000100f)
core   0: 0x800032c8 (0x4184d8b3) sra     a7, s1, s8
core   0: 0 0x800032c8 (0x4184d8b3) x17 0x00000005
core   0: 0x800032cc (0x005fc0b3) xor     ra, t6, t0
core   0: 0 0x800032cc (0x005fc0b3) x1  0xb9cf6f41
core   0: 0x800032d0 (0x031d3eb3) mulhu   t4, s10, a7
core   0: 0 0x800032d0 (0x031d3eb3) x29 0x00000000
core   0: 0x800032d4 (0x00008e39) c.xor   a2, a4
core   0: 0 0x800032d4 (0x8e39) x12 0x80020404
core   0: 0x800032d6 (0x2e06ae13) slti    t3, a3, 736
core   0: 0 0x800032d6 (0x2e06ae13) x28 0x00000001
core   0: 0x800032da (0x0000078d) c.addi  a5, 3
core   0: 0 0x800032da (0x078d) x15 0x80000003
core   0: 0x800032dc (0x00f71f63) bne     a4, a5, pc + 30
core   0: 0 0x800032dc (0x00f71f63)
core   0: 0x800032fa (0x0000e311) c.bnez  a4, pc + 4
core   0: 0 0x800032fa (0xe311)
core   0: 0x800032fc (0x00001a1c) c.addi4spn a5, sp, 304
core   0: 0 0x800032fc (0x1a1c) x15 0x80000130
core   0: 0x800032fe (0x00001e04) c.addi4spn s1, sp, 816
core   0: 0 0x800032fe (0x1e04) x9  0x80000330
core   0: 0x80003300 (0x0000100f) fence.i
core   0: 0 0x80003300 (0x0000100f)
core   0: 0x80003304 (0x0ff0000f) fence   iorw,iorw
core   0: 0 0x80003304 (0x0ff0000f)
core   0: 0x80003308 (0x00008235) c.srli  a2, 13
core   0: 0 0x80003308 (0x8235) x12 0x00040010
core   0: 0x8000330a (0x00008cb5) c.xor   s1, a3
core   0: 0 0x8000330a (0x8cb5) x9  0x00025fd4
core   0: 0x8000330c (0x00008511) c.srai  a0, 4
core   0: 0 0x8000330c (0x8511) x10 0x00000000
core   0: 0x8000330e (0x029b4763) blt     s6, s1, pc + 46
core   0: 0 0x8000330e (0x029b4763)
core   0: 0x8000333c (0x2b278e93) addi    t4, a5, 690
core   0: 0 0x8000333c (0x2b278e93) x29 0x800003e2
core   0: 0x80003340 (0x00001b9c) c.addi4spn a5, sp, 496
core   0: 0 0x80003340 (0x1b9c) x15 0x800001f0
core   0: 0x80003342 (0x020ef063) bgeu    t4, zero, pc + 32
core   0: 0 0x80003342 (0x020ef063)
core   0: 0x80003362 (0x00006489) c.lui   s1, 0x2
core   0: 0 0x80003362 (0x6489) x9  0x00002000
core   0: 0x80003364 (0x012f1b13) slli    s6, t5, 18
core   0: 0 0x80003364 (0x012f1b13) x22 0x80000000
core   0: 0x80003368 (0x01cdda13) srli    s4, s11, 28
core   0: 0 0x80003368 (0x01cdda13) x20 0x0000000f
core   0: 0x8000336c (0x00008db2) c.mv    s11, a2
core   0: 0 0x8000336c (0x8db2) x27 0x00040010
core   0: 0x8000336e (0x00257333) and     t1, a0, sp
core   0: 0 0x8000336e (0x00257333) x6  0x00000000
core   0: 0x80003372 (0x00008a35) c.andi  a2, 13
core   0: 0 0x80003372 (0x8a35) x12 0x00000000
core   0: 0x80003374 (0x00bc2733) slt     a4, s8, a1
core   0: 0 0x80003374 (0x00bc2733) x14 0x00000001
core   0: 0x80003378 (0x01f458b3) srl     a7, s0, t6
core   0: 0 0x80003378 (0x01f458b3) x17 0x00000000
core   0: 0x8000337c (0x03b03033) mulhu   zero, zero, s11
core   0: 0 0x8000337c (0x03b03033)
core   0: 0x80003380 (0x00001698) c.addi4spn a4, sp, 864
core   0: 0 0x80003380 (0x1698) x14 0x80000360
core   0: 0x80003382 (0x000044fd) c.li    s1, 31
core   0: 0 0x80003382 (0x44fd) x9  0x0000001f
core   0: 0x80003384 (0x40330b33) sub     s6, t1, gp
core   0: 0 0x80003384 (0x40330b33) x22 0xfffffffb
core   0: 0x80003388 (0xd37f6c93) ori     s9, t5, -713
core   0: 0 0x80003388 (0xd37f6c93) x25 0xfffffd37
core   0: 0x8000338c (0x02c4bdb3) mulhu   s11, s1, a2
core   0: 0 0x8000338c (0x02c4bdb3) x27 0x00000000
core   0: 0x80003390 (0x005bec63) bltu    s7, t0, pc + 24
core   0: 0 0x80003390 (0x005bec63)
core   0: 0x800033a8 (0x0270e333) rem     t1, ra, t2
core   0: 0 0x800033a8 (0x0270e333) x6  0xb9cf6f41
core   0: 0x800033ac (0x000083fd) c.srli  a5, 31
core   0: 0 0x800033ac (0x83fd) x15 0x00000001
core   0: 0x800033ae (0x008b7c63) bgeu    s6, s0, pc + 24
core   0: 0 0x800033ae (0x008b7c63)
core   0: 0x800033c6 (0x00449113) slli    sp, s1, 4
core   0: 0 0x800033c6 (0x00449113) x2  0x000001f0
core   0: 0x800033ca (0x0037fa33) and     s4, a5, gp
core   0: 0 0x800033ca (0x0037fa33) x20 0x00000001
core   0: 0x800033ce (0x00000001) c.nop
core   0: 0 0x800033ce (0x0001)
core   0: 0x800033d0 (0x02212a33) mulhsu  s4, sp, sp
core   0: 0 0x800033d0 (0x02212a33) x20 0x00000000
core   0: 0x800033d4 (0x0358e763) bltu    a7, s5, pc + 46
core   0: 0 0x800033d4 (0x0358e763)
core   0: 0x80003402 (0x00008e61) c.and   a2, s0
core   0: 0 0x80003402 (0x8e61) x12 0x00000000
core   0: 0x80003404 (0x00000001) c.nop
core   0: 0 0x80003404 (0x0001)
core   0: 0x80003406 (0xe5da7b93) andi    s7, s4, -419
core   0: 0 0x80003406 (0xe5da7b93) x23 0x00000000
core   0: 0x8000340a (0x0000cc15) c.beqz  s0, pc + 60
core   0: 0 0x8000340a (0xcc15)
core   0: 0x8000340c (0x0362beb3) mulhu   t4, t0, s6
core   0: 0 0x8000340c (0x0362beb3) x29 0xb9cf6f4b
core   0: 0x80003410 (0x01129b63) bne     t0, a7, pc + 22
core   0: 0 0x80003410 (0x01129b63)
core   0: 0x80003426 (0x00000001) c.nop
core   0: 0 0x80003426 (0x0001)
core   0: 0x80003428 (0x0000e395) c.bnez  a5, pc + 36
core   0: 0 0x80003428 (0xe395)
core   0: 0x8000344c (0x00000001) c.nop
core   0: 0 0x8000344c (0x0001)
core   0: 0x8000344e (0x41e10e33) sub     t3, sp, t5
core   0: 0 0x8000344e (0x41e10e33) x28 0x5837a1f0
core   0: 0x80003452 (0x02d3d263) bge     t2, a3, pc + 36
core   0: 0 0x80003452 (0x02d3d263)
core   0: 0x80003476 (0x02dd5e63) bge     s10, a3, pc + 60
core   0: 0 0x80003476 (0x02dd5e63)
core   0: 0x800034b2 (0x00601d93) slli    s11, zero, 6
core   0: 0 0x800034b2 (0x00601d93) x27 0x00000000
core   0: 0x800034b6 (0x03d87733) remu    a4, a6, t4
core   0: 0 0x800034b6 (0x03d87733) x14 0x00000689
core   0: 0x800034ba (0x42e7c4b7) lui     s1, 0x42e7c
core   0: 0 0x800034ba (0x42e7c4b7) x9  0x42e7c000
core   0: 0x800034be (0x00006355) c.lui   t1, 0x15
core   0: 0 0x800034be (0x6355) x6  0x00015000
core   0: 0x800034c0 (0x0072de93) srli    t4, t0, 7
core   0: 0 0x800034c0 (0x0072de93) x29 0x01739ede
core   0: 0x800034c4 (0x0a33cf13) xori    t5, t2, 163
core   0: 0 0x800034c4 (0x0a33cf13) x30 0x000000a3
core   0: 0x800034c8 (0x00000231) c.addi  tp, 12
core   0: 0 0x800034c8 (0x0231) x4  0x8000000c
core   0: 0x800034ca (0x31220013) addi    zero, tp, 786
core   0: 0 0x800034ca (0x31220013)
core   0: 0x800034ce (0x0000e091) c.bnez  s1, pc + 4
core   0: 0 0x800034ce (0xe091)
core   0: 0x800034d2 (0x0366a333) mulhsu  t1, a3, s6
core   0: 0 0x800034d2 (0x0366a333) x6  0x80025ce6
core   0: 0x800034d6 (0x01f1af33) slt     t5, gp, t6
core   0: 0 0x800034d6 (0x01f1af33) x30 0x00000001
core   0: 0x800034da (0x0ff0000f) fence   iorw,iorw
core   0: 0 0x800034da (0x0ff0000f)
core   0: 0x800034de (0x00008fb1) c.xor   a5, a2
core   0: 0 0x800034de (0x8fb1) x15 0x00000001
core   0: 0x800034e0 (0x011b5f13) srli    t5, s6, 17
core   0: 0 0x800034e0 (0x011b5f13) x30 0x00007fff
core   0: 0x800034e4 (0x00008c49) c.or    s0, a0
core   0: 0 0x800034e4 (0x8c49) x8  0x0000000d
core   0: 0x800034e6 (0x00b76e33) or      t3, a4, a1
core   0: 0 0x800034e6 (0x00b76e33) x28 0x80021eed
core   0: 0x800034ea (0x2cd40d13) addi    s10, s0, 717
core   0: 0 0x800034ea (0x2cd40d13) x26 0x000002da
core   0: 0x800034ee (0x022970b3) remu    ra, s2, sp
core   0: 0 0x800034ee (0x022970b3) x1  0x00000000
core   0: 0x800034f2 (0x00879493) slli    s1, a5, 8
core   0: 0 0x800034f2 (0x00879493) x9  0x00000100
core   0: 0x800034f6 (0x0ff0000f) fence   iorw,iorw
core   0: 0 0x800034f6 (0x0ff0000f)
core   0: 0x800034fa (0x57407db7) lui     s11, 0x57407
core   0: 0 0x800034fa (0x57407db7) x27 0x57407000
core   0: 0x800034fe (0x01db1333) sll     t1, s6, t4
core   0: 0 0x800034fe (0x01db1333) x6  0xc0000000
core   0: 0x80003502 (0x00000001) c.nop
core   0: 0 0x80003502 (0x0001)
core   0: 0x80003504 (0x02f83db3) mulhu   s11, a6, a5
core   0: 0 0x80003504 (0x02f83db3) x27 0x00000000
core   0: 0x80003508 (0x00008391) c.srli  a5, 4
core   0: 0 0x80003508 (0x8391) x15 0x00000000
core   0: 0x8000350a (0x014c90b3) sll     ra, s9, s4
core   0: 0 0x8000350a (0x014c90b3) x1  0xfffffd37
core   0: 0x8000350e (0x00c85663) bge     a6, a2, pc + 12
core   0: 0 0x8000350e (0x00c85663)
core   0: 0x8000351a (0x0122f2b3) and     t0, t0, s2
core   0: 0 0x8000351a (0x0122f2b3) x5  0x00000000
core   0: 0x8000351e (0x03a35833) divu    a6, t1, s10
core   0: 0 0x8000351e (0x03a35833) x16 0x004354dd
core   0: 0x80003522 (0x00f33933) sltu    s2, t1, a5
core   0: 0 0x80003522 (0x00f33933) x18 0x00000000
core   0: 0x80003526 (0x023a7f63) bgeu    s4, gp, pc + 62
core   0: 0 0x80003526 (0x023a7f63)
core   0: 0x8000352a (0x0000100f) fence.i
core   0: 0 0x8000352a (0x0000100f)
core   0: 0x8000352e (0x1451c293) xori    t0, gp, 325
core   0: 0 0x8000352e (0x1451c293) x5  0x00000140
core   0: 0x80003532 (0x0000827d) c.srli  a2, 31
core   0: 0 0x80003532 (0x827d) x12 0x00000000
core   0: 0x80003534 (0x3a200437) lui     s0, 0x3a200
core   0: 0 0x80003534 (0x3a200437) x8  0x3a200000
core   0: 0x80003538 (0x000087d5) c.srai  a5, 21
core   0: 0 0x80003538 (0x87d5) x15 0x00000000
core   0: 0x8000353a (0x03ffdd63) bge     t6, t6, pc + 58
core   0: 0 0x8000353a (0x03ffdd63)
core   0: 0x80003574 (0x03abe233) rem     tp, s7, s10
core   0: 0 0x80003574 (0x03abe233) x4  0x00000000
core   0: 0x80003578 (0x0000100f) fence.i
core   0: 0 0x80003578 (0x0000100f)
core   0: 0x8000357c (0x01c63833) sltu    a6, a2, t3
core   0: 0 0x8000357c (0x01c63833) x16 0x00000001
core   0: 0x80003580 (0x000049cd) c.li    s3, 19
core   0: 0 0x80003580 (0x49cd) x19 0x00000013
core   0: 0x80003582 (0x00932633) slt     a2, t1, s1
core   0: 0 0x80003582 (0x00932633) x12 0x00000001
core   0: 0x80003586 (0x00008275) c.srli  a2, 29
core   0: 0 0x80003586 (0x8275) x12 0x00000000
core   0: 0x80003588 (0x5f0b7213) andi    tp, s6, 1520
core   0: 0 0x80003588 (0x5f0b7213) x4  0x000005f0
core   0: 0x8000358c (0x00a0ef63) bltu    ra, a0, pc + 30
core   0: 0 0x8000358c (0x00a0ef63)
core   0: 0x80003590 (0x00000f3d) c.addi  t5, 15
core   0: 0 0x80003590 (0x0f3d) x30 0x0000800e
core   0: 0x80003592 (0x40075b33) sra     s6, a4, zero
core   0: 0 0x80003592 (0x40075b33) x22 0x00000689
core   0: 0x80003596 (0x013da233) slt     tp, s11, s3
core   0: 0 0x80003596 (0x013da233) x4  0x00000001
core   0: 0x8000359a (0x033a8463) beq     s5, s3, pc + 40
core   0: 0 0x8000359a (0x033a8463)
core   0: 0x8000359e (0x0000e815) c.bnez  s0, pc + 52
core   0: 0 0x8000359e (0xe815)
core   0: 0x800035d2 (0x00e59ab3) sll     s5, a1, a4
core   0: 0 0x800035d2 (0x00e59ab3) x21 0x043cc800
core   0: 0x800035d6 (0x03597cb3) remu    s9, s2, s5
core   0: 0 0x800035d6 (0x03597cb3) x25 0x00000000
core   0: 0x800035da (0x02ea60b3) rem     ra, s4, a4
core   0: 0 0x800035da (0x02ea60b3) x1  0x00000000
core   0: 0x800035de (0x00008c4d) c.or    s0, a1
core   0: 0 0x800035de (0x8c4d) x8  0xba221e64
core   0: 0x800035e0 (0xcce23e13) sltiu   t3, tp, -818
core   0: 0 0x800035e0 (0xcce23e13) x28 0x00000001
core   0: 0x800035e4 (0x1ba9e9b7) lui     s3, 0x1ba9e
core   0: 0 0x800035e4 (0x1ba9e9b7) x19 0x1ba9e000
core   0: 0x800035e8 (0x00009ce2) c.add   s9, s8
core   0: 0 0x800035e8 (0x9ce2) x25 0x80000000
core   0: 0x800035ea (0x0000187d) c.addi  a6, -1
core   0: 0 0x800035ea (0x187d) x16 0x00000000
core   0: 0x800035ec (0x47290e93) addi    t4, s2, 1138
core   0: 0 0x800035ec (0x47290e93) x29 0x00000472
core   0: 0x800035f0 (0x000087b5) c.srai  a5, 13
core   0: 0 0x800035f0 (0x87b5) x15 0x00000000
core   0: 0x800035f2 (0x0395a9b3) mulhsu  s3, a1, s9
core   0: 0 0x800035f2 (0x0395a9b3) x19 0xc0010f32
core   0: 0x800035f6 (0xf4016c93) ori     s9, sp, -192
core   0: 0 0x800035f6 (0xf4016c93) x25 0xfffffff0
core   0: 0x800035fa (0x00000001) c.nop
core   0: 0 0x800035fa (0x0001)
core   0: 0x800035fc (0xf4e47493) andi    s1, s0, -178
core   0: 0 0x800035fc (0xf4e47493) x9  0xba221e44
core   0: 0x80003600 (0x0000e419) c.bnez  s0, pc + 14
core   0: 0 0x80003600 (0xe419)
core   0: 0x8000360e (0x0108ef63) bltu    a7, a6, pc + 30
core   0: 0 0x8000360e (0x0108ef63)
core   0: 0x80003612 (0x023d5c63) bge     s10, gp, pc + 56
core   0: 0 0x80003612 (0x023d5c63)
core   0: 0x8000364a (0x03a8f833) remu    a6, a7, s10
core   0: 0 0x8000364a (0x03a8f833) x16 0x00000000
core   0: 0x8000364e (0x00e097b3) sll     a5, ra, a4
core   0: 0 0x8000364e (0x00e097b3) x15 0x00000000
core   0: 0x80003652 (0x4898ce17) auipc   t3, 0x4898c
core   0: 0 0x80003652 (0x4898ce17) x28 0xc898f652
core   0: 0x80003656 (0x0116e133) or      sp, a3, a7
core   0: 0 0x80003656 (0x0116e133) x2  0x80025ce4
core   0: 0x8000365a (0xc5a23293) sltiu   t0, tp, -934
core   0: 0 0x8000365a (0xc5a23293) x5  0x00000001
core   0: 0x8000365e (0x000098fd) c.andi  s1, -1
core   0: 0 0x8000365e (0x98fd) x9  0xba221e44
core   0: 0x80003660 (0x974ac913) xori    s2, s5, -1676
core   0: 0 0x80003660 (0x974ac913) x18 0xfbc33174
core   0: 0x80003664 (0x00006b71) c.lui   s6, 0x1c
core   0: 0 0x80003664 (0x6b71) x22 0x0001c000
core   0: 0x80003666 (0x0000e919) c.bnez  a0, pc + 22
core   0: 0 0x80003666 (0xe919)
core   0: 0x80003668 (0x0000635d) c.lui   t1, 0x17
core   0: 0 0x80003668 (0x635d) x6  0x00017000
core   0: 0x8000366a (0x03ef0d33) mul     s10, t5, t5
core   0: 0 0x8000366a (0x03ef0d33) x26 0x400e00c4
core   0: 0x8000366e (0x00008d39) c.xor   a0, a4
core   0: 0 0x8000366e (0x8d39) x10 0x00000689
core   0: 0x80003670 (0x027ec333) div     t1, t4, t2
core   0: 0 0x80003670 (0x027ec333) x6  0xffffffff
core   0: 0x80003674 (0x0ff0000f) fence   iorw,iorw
core   0: 0 0x80003674 (0x0ff0000f)
core   0: 0x80003678 (0x7d1c8413) addi    s0, s9, 2001
core   0: 0 0x80003678 (0x7d1c8413) x8  0x000007c1
core   0: 0x8000367c (0x04ea4163) blt     s4, a4, pc + 66
core   0: 0 0x8000367c (0x04ea4163)
core   0: 0x800036be (0x006e4533) xor     a0, t3, t1
core   0: 0 0x800036be (0x006e4533) x10 0x376709ad
core   0: 0x800036c2 (0x00001f98) c.addi4spn a4, sp, 1008
core   0: 0 0x800036c2 (0x1f98) x14 0x800260d4
core   0: 0x800036c4 (0x44cf0e93) addi    t4, t5, 1100
core   0: 0 0x800036c4 (0x44cf0e93) x29 0x0000845a
core   0: 0x800036c8 (0x038df893) andi    a7, s11, 56
core   0: 0 0x800036c8 (0x038df893) x17 0x00000000
core   0: 0x800036cc (0x01458833) add     a6, a1, s4
core   0: 0 0x800036cc (0x01458833) x16 0x80021e64
core   0: 0x800036d0 (0x00008c65) c.and   s0, s1
core   0: 0 0x800036d0 (0x8c65) x8  0x00000640
core   0: 0x800036d2 (0x0244c863) blt     s1, tp, pc + 48
core   0: 0 0x800036d2 (0x0244c863)
core   0: 0x80003702 (0x00008221) c.srli  a2, 8
core   0: 0 0x80003702 (0x8221) x12 0x00000000
core   0: 0x80003704 (0x00000e42) c.slli  t3, 16
core   0: 0 0x80003704 (0x0e42) x28 0xf6520000
core   0: 0x80003706 (0x0000641d) c.lui   s0, 0x7
core   0: 0 0x80003706 (0x641d) x8  0x00007000
core   0: 0x80003708 (0x00008e05) c.sub   a2, s1
core   0: 0 0x80003708 (0x8e05) x12 0x45dde1bc
core   0: 0x8000370a (0x00000001) c.nop
core   0: 0 0x8000370a (0x0001)
core   0: 0x8000370c (0x03cb3e33) mulhu   t3, s6, t3
core   0: 0 0x8000370c (0x03cb3e33) x28 0x0001af0f
core   0: 0x80003710 (0x0409d063) bgez    s3, pc + 64
core   0: 0 0x80003710 (0x0409d063)
core   0: 0x80003714 (0x03c40833) mul     a6, s0, t3
core   0: 0 0x80003714 (0x03c40833) x16 0xbc969000
core   0: 0x80003718 (0x402f5293) srai    t0, t5, 2
core   0: 0 0x80003718 (0x402f5293) x5  0x00002003
core   0: 0x8000371c (0x00000001) c.nop
core   0: 0 0x8000371c (0x0001)
core   0: 0x8000371e (0x40ac5833) sra     a6, s8, a0
core   0: 0 0x8000371e (0x40ac5833) x16 0xfffc0000
core   0: 0x80003722 (0x0000717d) c.addi16sp sp, -16
core   0: 0 0x80003722 (0x717d) x2  0x80025cd4
core   0: 0x80003724 (0x020e7733) remu    a4, t3, zero
core   0: 0 0x80003724 (0x020e7733) x14 0x0001af0f
core   0: 0x80003728 (0x009f9013) slli    zero, t6, 9
core   0: 0 0x80003728 (0x009f9013)
core   0: 0x8000372c (0x00965c63) bge     a2, s1, pc + 24
core   0: 0 0x8000372c (0x00965c63)
core   0: 0x80003744 (0x01b5cfb3) xor     t6, a1, s11
core   0: 0 0x80003744 (0x01b5cfb3) x31 0x80021e64
core   0: 0x80003748 (0x01684333) xor     t1, a6, s6
core   0: 0 0x80003748 (0x01684333) x6  0xfffdc000
core   0: 0x8000374c (0x034ef363) bgeu    t4, s4, pc + 38
core   0: 0 0x8000374c (0x034ef363)
core   0: 0x80003772 (0xdc656d37) lui     s10, 0xdc656
core   0: 0 0x80003772 (0xdc656d37) x26 0xdc656000
core   0: 0x80003776 (0x00008579) c.srai  a0, 30
core   0: 0 0x80003776 (0x8579) x10 0x00000000
core   0: 0x80003778 (0x018f6f33) or      t5, t5, s8
core   0: 0 0x80003778 (0x018f6f33) x30 0x8000800e
core   0: 0x8000377c (0x00095f13) srli    t5, s2, 0
core   0: 0 0x8000377c (0x00095f13) x30 0xfbc33174
core   0: 0x80003780 (0x0000cb11) c.beqz  a4, pc + 20
core   0: 0 0x80003780 (0xcb11)
core   0: 0x80003782 (0x0035d463) bge     a1, gp, pc + 8
core   0: 0 0x80003782 (0x0035d463)
core   0: 0x80003786 (0x00976a33) or      s4, a4, s1
core   0: 0 0x80003786 (0x00976a33) x20 0xba23bf4f
core   0: 0x8000378a (0x00ec6cb3) or      s9, s8, a4
core   0: 0 0x8000378a (0x00ec6cb3) x25 0x8001af0f
core   0: 0x8000378e (0x00000001) c.nop
core   0: 0 0x8000378e (0x0001)
core   0: 0x80003790 (0x01a9efb3) or      t6, s3, s10
core   0: 0 0x80003790 (0x01a9efb3) x31 0xdc656f32
core   0: 0x80003794 (0x0000822d) c.srli  a2, 11
core   0: 0 0x80003794 (0x822d) x12 0x0008bbbc
core   0: 0x80003796 (0x06f8cc13) xori    s8, a7, 111
core   0: 0 0x80003796 (0x06f8cc13) x24 0x0000006f
core   0: 0x8000379a (0x01258463) beq     a1, s2, pc + 8
core   0: 0 0x8000379a (0x01258463)
core   0: 0x8000379e (0x8e154d93) xori    s11, a0, -1823
core   0: 0 0x8000379e (0x8e154d93) x27 0xfffff8e1
core   0: 0x800037a2 (0x000088c9) c.andi  s1, 18
core   0: 0 0x800037a2 (0x88c9) x9  0x00000000
core   0: 0x800037a4 (0x0000100f) fence.i
core   0: 0 0x800037a4 (0x0000100f)
core   0: 0x800037a8 (0x00006111) c.addi16sp sp, 256
core   0: 0 0x800037a8 (0x6111) x2  0x80025dd4
core   0: 0x800037aa (0x00008f8d) c.sub   a5, a1
core   0: 0 0x800037aa (0x8f8d) x15 0x7ffde19c
core   0: 0x800037ac (0x0000100f) fence.i
core   0: 0 0x800037ac (0x0000100f)
core   0: 0x800037b0 (0x01ca7b63) bgeu    s4, t3, pc + 22
core   0: 0 0x800037b0 (0x01ca7b63)
core   0: 0x800037c6 (0x00008225) c.srli  a2, 9
core   0: 0 0x800037c6 (0x8225) x12 0x0000045d
core   0: 0x800037c8 (0x000098fd) c.andi  s1, -1
core   0: 0 0x800037c8 (0x98fd) x9  0x00000000
core   0: 0x800037ca (0x022acf63) blt     s5, sp, pc + 62
core   0: 0 0x800037ca (0x022acf63)
core   0: 0x800037ce (0x00006d25) c.lui   s10, 0x9
core   0: 0 0x800037ce (0x6d25) x26 0x00009000
core   0: 0x800037d0 (0x02fbf833) remu    a6, s7, a5
core   0: 0 0x800037d0 (0x02fbf833) x16 0x00000000
core   0: 0x800037d4 (0x00201bb3) sll     s7, zero, sp
core   0: 0 0x800037d4 (0x00201bb3) x23 0x00000000
core   0: 0x800037d8 (0x032bdab3) divu    s5, s7, s2
core   0: 0 0x800037d8 (0x032bdab3) x21 0x00000000
core   0: 0x800037dc (0x022ff033) remu    zero, t6, sp
core   0: 0 0x800037dc (0x022ff033)
core   0: 0x800037e0 (0x01e8b7b3) sltu    a5, a7, t5
core   0: 0 0x800037e0 (0x01e8b7b3) x15 0x00000001
core   0: 0x800037e4 (0x000000a6) c.slli  ra, 9
core   0: 0 0x800037e4 (0x00a6) x1  0x00000000
core   0: 0x800037e6 (0x00000001) c.nop
core   0: 0 0x800037e6 (0x0001)
core   0: 0x800037e8 (0x05e51163) bne     a0, t5, pc + 66
core   0: 0 0x800037e8 (0x05e51163)
core   0: 0x8000382a (0x02ece863) bltu    s9, a4, pc + 48
core   0: 0 0x8000382a (0x02ece863)
core   0: 0x8000382e (0x0000e005) c.bnez  s0, pc + 32
core   0: 0 0x8000382e (0xe005)
core   0: 0x8000384e (0x0349e7b3) rem     a5, s3, s4
core   0: 0 0x8000384e (0x0349e7b3) x15 0xc0010f32
core   0: 0x80003852 (0x1c4d2a13) slti    s4, s10, 452
core   0: 0 0x80003852 (0x1c4d2a13) x20 0x00000000
core   0: 0x80003856 (0x00008d41) c.or    a0, s0
core   0: 0 0x80003856 (0x8d41) x10 0x00007000
core   0: 0x80003858 (0x00009b7e) c.add   s6, t6
core   0: 0 0x80003858 (0x9b7e) x22 0xdc672f32
core   0: 0x8000385a (0x005deab3) or      s5, s11, t0
core   0: 0 0x8000385a (0x005deab3) x21 0xfffff8e3
core   0: 0x8000385e (0x01d59833) sll     a6, a1, t4
core   0: 0 0x8000385e (0x01d59833) x16 0x90000000
core   0: 0x80003862 (0x0229e533) rem     a0, s3, sp
core   0: 0 0x80003862 (0x0229e533) x10 0xc0010f32
core   0: 0x80003866 (0x01cd5a63) bge     s10, t3, pc + 20
core   0: 0 0x80003866 (0x01cd5a63)
core   0: 0x8000386a (0x02a4da63) bge     s1, a0, pc + 52
core   0: 0 0x8000386a (0x02a4da63)
core   0: 0x8000389e (0x00008862) c.mv    a6, s8
core   0: 0 0x8000389e (0x8862) x16 0x0000006f
core   0: 0x800038a0 (0x0000717d) c.addi16sp sp, -16
core   0: 0 0x800038a0 (0x717d) x2  0x80025dc4
core   0: 0x800038a2 (0x40685b33) sra     s6, a6, t1
core   0: 0 0x800038a2 (0x40685b33) x22 0x0000006f
core   0: 0x800038a6 (0x019a2b33) slt     s6, s4, s9
core   0: 0 0x800038a6 (0x019a2b33) x22 0x00000000
core   0: 0x800038aa (0x00000001) c.nop
core   0: 0 0x800038aa (0x0001)
core   0: 0x800038ac (0x03bf1233) mulh    tp, t5, s11
core   0: 0 0x800038ac (0x03bf1233) x4  0x0000001e
core   0: 0x800038b0 (0x00008fa5) c.xor   a5, s1
core   0: 0 0x800038b0 (0x8fa5) x15 0xc0010f32
core   0: 0x800038b2 (0x00004c29) c.li    s8, 10
core   0: 0 0x800038b2 (0x4c29) x24 0x0000000a
core   0: 0x800038b4 (0x00000001) c.nop
core   0: 0 0x800038b4 (0x0001)
core   0: 0x800038b6 (0x014b5533) srl     a0, s6, s4
core   0: 0 0x800038b6 (0x014b5533) x10 0x00000000
core   0: 0x800038ba (0x0000895a) c.mv    s2, s6
core   0: 0 0x800038ba (0x895a) x18 0x00000000
core   0: 0x800038bc (0x8a1a6793) ori     a5, s4, -1887
core   0: 0 0x800038bc (0x8a1a6793) x15 0xfffff8a1
core   0: 0x800038c0 (0x0000cc15) c.beqz  s0, pc + 60
core   0: 0 0x800038c0 (0xcc15)
core   0: 0x800038c2 (0x41955a33) sra     s4, a0, s9
core   0: 0 0x800038c2 (0x41955a33) x20 0x00000000
core   0: 0x800038c6 (0x00008531) c.srai  a0, 12
core   0: 0 0x800038c6 (0x8531) x10 0x00000000
core   0: 0x800038c8 (0x0ff0000f) fence   iorw,iorw
core   0: 0 0x800038c8 (0x0ff0000f)
core   0: 0x800038cc (0x40c8dc93) srai    s9, a7, 12
core   0: 0 0x800038cc (0x40c8dc93) x25 0x00000000
core   0: 0x800038d0 (0xc728ef13) ori     t5, a7, -910
core   0: 0 0x800038d0 (0xc728ef13) x30 0xfffffc72
core   0: 0x800038d4 (0x562e3513) sltiu   a0, t3, 1378
core   0: 0 0x800038d4 (0x562e3513) x10 0x00000000
core   0: 0x800038d8 (0x000042e5) c.li    t0, 25
core   0: 0 0x800038d8 (0x42e5) x5  0x00000019
core   0: 0x800038da (0x01449313) slli    t1, s1, 20
core   0: 0 0x800038da (0x01449313) x6  0x00000000
core   0: 0x800038de (0x00000cf2) c.slli  s9, 28
core   0: 0 0x800038de (0x0cf2) x25 0x00000000
core   0: 0x800038e0 (0x039d38b3) mulhu   a7, s10, s9
core   0: 0 0x800038e0 (0x039d38b3) x17 0x00000000
core   0: 0x800038e4 (0x00000001) c.nop
core   0: 0 0x800038e4 (0x0001)
core   0: 0x800038e6 (0x006c8533) add     a0, s9, t1
core   0: 0 0x800038e6 (0x006c8533) x10 0x00000000
core   0: 0x800038ea (0x02ddaa33) mulhsu  s4, s11, a3
core   0: 0 0x800038ea (0x02ddaa33) x20 0xfffffc70
core   0: 0x800038ee (0x00000332) c.slli  t1, 12
core   0: 0 0x800038ee (0x0332) x6  0x00000000
core   0: 0x800038f0 (0x0000100f) fence.i
core   0: 0 0x800038f0 (0x0000100f)
core   0: 0x800038f4 (0x04c99063) bne     s3, a2, pc + 64
core   0: 0 0x800038f4 (0x04c99063)
core   0: 0x80003934 (0x01eef213) andi    tp, t4, 30
core   0: 0 0x80003934 (0x01eef213) x4  0x0000001a
core   0: 0x80003938 (0x00000bd9) c.addi  s7, 22
core   0: 0 0x80003938 (0x0bd9) x23 0x00000016
core   0: 0x8000393a (0x0000c311) c.beqz  a4, pc + 4
core   0: 0 0x8000393a (0xc311)
core   0: 0x8000393c (0x00004aed) c.li    s5, 27
core   0: 0 0x8000393c (0x4aed) x21 0x0000001b
core   0: 0x8000393e (0x2be12993) slti    s3, sp, 702
core   0: 0 0x8000393e (0x2be12993) x19 0x00000001
core   0: 0x80003942 (0x003779b3) and     s3, a4, gp
core   0: 0 0x80003942 (0x003779b3) x19 0x00000005
core   0: 0x80003946 (0x007b4ab3) xor     s5, s6, t2
core   0: 0 0x80003946 (0x007b4ab3) x21 0x00000000
core   0: 0x8000394a (0x03dbe9b3) rem     s3, s7, t4
core   0: 0 0x8000394a (0x03dbe9b3) x19 0x00000016
core   0: 0x8000394e (0x0ff0000f) fence   iorw,iorw
core   0: 0 0x8000394e (0x0ff0000f)
core   0: 0x80003952 (0x038c4b63) blt     s8, s8, pc + 54
core   0: 0 0x80003952 (0x038c4b63)
core   0: 0x80003956 (0x0ff0000f) fence   iorw,iorw
core   0: 0 0x80003956 (0x0ff0000f)
core   0: 0x8000395a (0x40c559b3) sra     s3, a0, a2
core   0: 0 0x8000395a (0x40c559b3) x19 0x00000000
core   0: 0x8000395e (0x03dbc133) div     sp, s7, t4
core   0: 0 0x8000395e (0x03dbc133) x2  0x00000000
core   0: 0x80003962 (0x01115c63) bge     sp, a7, pc + 24
core   0: 0 0x80003962 (0x01115c63)
core   0: 0x8000397a (0x00efd793) srli    a5, t6, 14
core   0: 0 0x8000397a (0x00efd793) x15 0x00037195
core   0: 0x8000397e (0x00006de5) c.lui   s11, 0x19
core   0: 0 0x8000397e (0x6de5) x27 0x00019000
core   0: 0x80003980 (0x00008091) c.srli  s1, 4
core   0: 0 0x80003980 (0x8091) x9  0x00000000
core   0: 0x80003982 (0x0000987d) c.andi  s0, -1
core   0: 0 0x80003982 (0x987d) x8  0x00007000
core   0: 0x80003984 (0xee633537) lui     a0, 0xee633
core   0: 0 0x80003984 (0xee633537) x10 0xee633000
core   0: 0x80003988 (0x00008225) c.srli  a2, 9
core   0: 0 0x80003988 (0x8225) x12 0x00000002
core   0: 0x8000398a (0x00008f61) c.and   a4, s0
core   0: 0 0x8000398a (0x8f61) x14 0x00002000
core   0: 0x8000398c (0x029ce4b3) rem     s1, s9, s1
core   0: 0 0x8000398c (0x029ce4b3) x9  0x00000000
core   0: 0x80003990 (0x0000717d) c.addi16sp sp, -16
core   0: 0 0x80003990 (0x717d) x2  0xfffffff0
core   0: 0x80003992 (0x01759893) slli    a7, a1, 23
core   0: 0 0x80003992 (0x01759893) x17 0x32000000
core   0: 0x80003996 (0x0000100f) fence.i
core   0: 0 0x80003996 (0x0000100f)
core   0: 0x8000399a (0x02563233) mulhu   tp, a2, t0
core   0: 0 0x8000399a (0x02563233) x4  0x00000000
core   0: 0x8000399e (0x028cbb33) mulhu   s6, s9, s0
core   0: 0 0x8000399e (0x028cbb33) x22 0x00000000
core   0: 0x800039a2 (0x0ff0000f) fence   iorw,iorw
core   0: 0 0x800039a2 (0x0ff0000f)
core   0: 0x800039a6 (0x00008f55) c.or    a4, a3
core   0: 0 0x800039a6 (0x8f55) x14 0x80027ce4
core   0: 0x800039a8 (0x5bbf3f93) sltiu   t6, t5, 1467
core   0: 0 0x800039a8 (0x5bbf3f93) x31 0x00000000
core   0: 0x800039ac (0x0282af33) mulhsu  t5, t0, s0
core   0: 0 0x800039ac (0x0282af33) x30 0x00000000
core   0: 0x800039b0 (0x0000e905) c.bnez  a0, pc + 48
core   0: 0 0x800039b0 (0xe905)
core   0: 0x800039e0 (0x0000c239) c.beqz  a2, pc + 70
core   0: 0 0x800039e0 (0xc239)
core   0: 0x800039e2 (0x00000001) c.nop
core   0: 0 0x800039e2 (0x0001)
core   0: 0x800039e4 (0xd89a9617) auipc   a2, 0xd89a9
core   0: 0 0x800039e4 (0xd89a9617) x12 0x589ac9e4
core   0: 0x800039e8 (0x40e78b33) sub     s6, a5, a4
core   0: 0 0x800039e8 (0x40e78b33) x22 0x8000f4b1
core   0: 0x800039ec (0x40375093) srai    ra, a4, 3
core   0: 0 0x800039ec (0x40375093) x1  0xf0004f9c
core   0: 0x800039f0 (0x0276ccb3) div     s9, a3, t2
core   0: 0 0x800039f0 (0x0276ccb3) x25 0xffffffff
core   0: 0x800039f4 (0x0000717d) c.addi16sp sp, -16
core   0: 0 0x800039f4 (0x717d) x2  0xffffffe0
core   0: 0x800039f6 (0x134e3c93) sltiu   s9, t3, 308
core   0: 0 0x800039f6 (0x134e3c93) x25 0x00000000
core   0: 0x800039fa (0x00008ba1) c.andi  a5, 8
core   0: 0 0x800039fa (0x8ba1) x15 0x00000000
core   0: 0x800039fc (0x007cb833) sltu    a6, s9, t2
core   0: 0 0x800039fc (0x007cb833) x16 0x00000000
core   0: 0x80003a00 (0x0000100f) fence.i
core   0: 0 0x80003a00 (0x0000100f)
core   0: 0x80003a04 (0x001f8d63) beq     t6, ra, pc + 26
core   0: 0 0x80003a04 (0x001f8d63)
core   0: 0x80003a08 (0x01439d13) slli    s10, t2, 20
core   0: 0 0x80003a08 (0x01439d13) x26 0x00000000
core   0: 0x80003a0c (0x04ccc063) blt     s9, a2, pc + 64
core   0: 0 0x80003a0c (0x04ccc063)
core   0: 0x80003a4c (0x00886ab3) or      s5, a6, s0
core   0: 0 0x80003a4c (0x00886ab3) x21 0x00007000
core   0: 0x80003a50 (0x40965b13) srai    s6, a2, 9
core   0: 0 0x80003a50 (0x40965b13) x22 0x002c4d64
core   0: 0x80003a54 (0x0000c609) c.beqz  a2, pc + 10
core   0: 0 0x80003a54 (0xc609)
core   0: 0x80003a56 (0x00005e7d) c.li    t3, -1
core   0: 0 0x80003a56 (0x5e7d) x28 0xffffffff
core   0: 0x80003a58 (0x00000001) c.nop
core   0: 0 0x80003a58 (0x0001)
core   0: 0x80003a5a (0x0ff0000f) fence   iorw,iorw
core   0: 0 0x80003a5a (0x0ff0000f)
core   0: 0x80003a5e (0x01df9cb3) sll     s9, t6, t4
core   0: 0 0x80003a5e (0x01df9cb3) x25 0x00000000
core   0: 0x80003a62 (0x0202f633) remu    a2, t0, zero
core   0: 0 0x80003a62 (0x0202f633) x12 0x00000019
core   0: 0x80003a66 (0x0084cdb3) xor     s11, s1, s0
core   0: 0 0x80003a66 (0x0084cdb3) x27 0x00007000
core   0: 0x80003a6a (0x00000b52) c.slli  s6, 20
core   0: 0 0x80003a6a (0x0b52) x22 0xd6400000
core   0: 0x80003a6c (0x00008e86) c.mv    t4, ra
core   0: 0 0x80003a6c (0x8e86) x29 0xf0004f9c
core   0: 0x80003a6e (0x400d0933) sub     s2, s10, zero
core   0: 0 0x80003a6e (0x400d0933) x18 0x00000000
core   0: 0x80003a72 (0x00fa1293) slli    t0, s4, 15
core   0: 0 0x80003a72 (0x00fa1293) x5  0xfe380000
core   0: 0x80003a76 (0x00000900) c.addi4spn s0, sp, 144
core   0: 0 0x80003a76 (0x0900) x8  0x00000070
core   0: 0x80003a78 (0xda5a4193) xori    gp, s4, -603
core   0: 0 0x80003a78 (0xda5a4193) x3  0x000001d5
core   0: 0x80003a7c (0x00001980) c.addi4spn s0, sp, 240
core   0: 0 0x80003a7c (0x1980) x8  0x000000d0
core   0: 0x80003a7e (0x052e4063) blt     t3, s2, pc + 64
core   0: 0 0x80003a7e (0x052e4063)
core   0: 0x80003abe (0x01b75963) bge     a4, s11, pc + 18
core   0: 0 0x80003abe (0x01b75963)
core   0: 0x80003ac2 (0x00f3e1b3) or      gp, t2, a5
core   0: 0 0x80003ac2 (0x00f3e1b3) x3  0x00000000
core   0: 0x80003ac6 (0x00c8cf33) xor     t5, a7, a2
core   0: 0 0x80003ac6 (0x00c8cf33) x30 0x32000019
core   0: 0x80003aca (0x0000517d) c.li    sp, -1
core   0: 0 0x80003aca (0x517d) x2  0xffffffff
core   0: 0x80003acc (0x00008706) c.mv    a4, ra
core   0: 0 0x80003acc (0x8706) x14 0xf0004f9c
core   0: 0x80003ace (0x00008d41) c.or    a0, s0
core   0: 0 0x80003ace (0x8d41) x10 0xee6330d0
core   0: 0x80003ad0 (0x00008fdd) c.or    a5, a5
core   0: 0 0x80003ad0 (0x8fdd) x15 0x00000000
core   0: 0x80003ad2 (0x033e5cb3) divu    s9, t3, s3
core   0: 0 0x80003ad2 (0x033e5cb3) x25 0xffffffff
core   0: 0x80003ad6 (0x00008f95) c.sub   a5, a3
core   0: 0 0x80003ad6 (0x8f95) x15 0x7ffda31c
core   0: 0x80003ad8 (0x0000c8b1) c.beqz  s1, pc + 84
core   0: 0 0x80003ad8 (0xc8b1)
core   0: 0x80003b2c (0xcb9fe893) ori     a7, t6, -839
core   0: 0 0x80003b2c (0xcb9fe893) x17 0xfffffcb9
core   0: 0x80003b30 (0x03ed5763) bge     s10, t5, pc + 46
core   0: 0 0x80003b30 (0x03ed5763)
core   0: 0x80003b34 (0x408fd113) srai    sp, t6, 8
core   0: 0 0x80003b34 (0x408fd113) x2  0x00000000
core   0: 0x80003b38 (0x016ff993) andi    s3, t6, 22
core   0: 0 0x80003b38 (0x016ff993) x19 0x00000000
core   0: 0x80003b3c (0x0ff0000f) fence   iorw,iorw
core   0: 0 0x80003b3c (0x0ff0000f)
core   0: 0x80003b40 (0x0000100f) fence.i
core   0: 0 0x80003b40 (0x0000100f)
core   0: 0x80003b44 (0x00005c7d) c.li    s8, -1
core   0: 0 0x80003b44 (0x5c7d) x24 0xffffffff
core   0: 0x80003b46 (0x02b4c033) div     zero, s1, a1
core   0: 0 0x80003b46 (0x02b4c033)
core   0: 0x80003b4a (0x79f53997) auipc   s3, 0x79f53
core   0: 0 0x80003b4a (0x79f53997) x19 0xf9f56b4a
core   0: 0x80003b4e (0x487c8793) addi    a5, s9, 1159
core   0: 0 0x80003b4e (0x487c8793) x15 0x00000486
core   0: 0x80003b52 (0x00009d42) c.add   s10, a6
core   0: 0 0x80003b52 (0x9d42) x26 0x00000000
core   0: 0x80003b54 (0x00008fc5) c.or    a5, s1
core   0: 0 0x80003b54 (0x8fc5) x15 0x00000486
core   0: 0x80003b56 (0x02244033) div     zero, s0, sp
core   0: 0 0x80003b56 (0x02244033)
core   0: 0x80003b5a (0x000002f6) c.slli  t0, 29
core   0: 0 0x80003b5a (0x02f6) x5  0x00000000
core   0: 0x80003b5c (0x0000946e) c.add   s0, s11
core   0: 0 0x80003b5c (0x946e) x8  0x000070d0
core   0: 0x80003b5e (0x0194d193) srli    gp, s1, 25
core   0: 0 0x80003b5e (0x0194d193) x3  0x00000000
core   0: 0x80003b62 (0x035d68b3) rem     a7, s10, s5
core   0: 0 0x80003b62 (0x035d68b3) x17 0x00000000
core   0: 0x80003b66 (0x01a6b733) sltu    a4, a3, s10
core   0: 0 0x80003b66 (0x01a6b733) x14 0x00000000
core   0: 0x80003b6a (0x011e5933) srl     s2, t3, a7
core   0: 0 0x80003b6a (0x011e5933) x18 0xffffffff
core   0: 0x80003b6e (0x8a96ae93) slti    t4, a3, -1879
core   0: 0 0x80003b6e (0x8a96ae93) x29 0x00000001
core   0: 0x80003b72 (0x000083a9) c.srli  a5, 10
core   0: 0 0x80003b72 (0x83a9) x15 0x00000001
core   0: 0x80003b74 (0x1bb32cb7) lui     s9, 0x1bb32
core   0: 0 0x80003b74 (0x1bb32cb7) x25 0x1bb32000
core   0: 0x80003b78 (0x0000717d) c.addi16sp sp, -16
core   0: 0 0x80003b78 (0x717d) x2  0xfffffff0
core   0: 0x80003b7a (0x00700c63) beq     zero, t2, pc + 24
core   0: 0 0x80003b7a (0x00700c63)
core   0: 0x80003b92 (0x00008b41) c.andi  a4, 16
core   0: 0 0x80003b92 (0x8b41) x14 0x00000000
core   0: 0x80003b94 (0x67ed0793) addi    a5, s10, 1662
core   0: 0 0x80003b94 (0x67ed0793) x15 0x0000067e
core   0: 0x80003b98 (0x01529bb3) sll     s7, t0, s5
core   0: 0 0x80003b98 (0x01529bb3) x23 0x00000000
core   0: 0x80003b9c (0x0000e0a9) c.bnez  s1, pc + 66
core   0: 0 0x80003b9c (0xe0a9)
core   0: 0x80003b9e (0x022847b3) div     a5, a6, sp
core   0: 0 0x80003b9e (0x022847b3) x15 0x00000000
core   0: 0x80003ba2 (0x03afd2b3) divu    t0, t6, s10
core   0: 0 0x80003ba2 (0x03afd2b3) x5  0xffffffff
core   0: 0x80003ba6 (0x471941b7) lui     gp, 0x47194
core   0: 0 0x80003ba6 (0x471941b7) x3  0x47194000
core   0: 0x80003baa (0x031ef663) bgeu    t4, a7, pc + 44
core   0: 0 0x80003baa (0x031ef663)
core   0: 0x80003bd6 (0x023ccf33) div     t5, s9, gp
core   0: 0 0x80003bd6 (0x023ccf33) x30 0x00000000
core   0: 0x80003bda (0x03334563) blt     t1, s3, pc + 42
core   0: 0 0x80003bda (0x03334563)
core   0: 0x80003bde (0x012b5f93) srli    t6, s6, 18
core   0: 0 0x80003bde (0x012b5f93) x31 0x00003590
core   0: 0x80003be2 (0x00006d91) c.lui   s11, 0x4
core   0: 0 0x80003be2 (0x6d91) x27 0x00004000
core   0: 0x80003be4 (0x6db56493) ori     s1, a0, 1755
core   0: 0 0x80003be4 (0x6db56493) x9  0xee6336db
core   0: 0x80003be8 (0xa699f717) auipc   a4, 0xa699f
core   0: 0 0x80003be8 (0xa699f717) x14 0x269a2be8
core   0: 0x80003bec (0x00008e21) c.xor   a2, s0
core   0: 0 0x80003bec (0x8e21) x12 0x000070c9
core   0: 0x80003bee (0x025dcd63) blt     s11, t0, pc + 58
core   0: 0 0x80003bee (0x025dcd63)
core   0: 0x80003bf2 (0x40765f13) srai    t5, a2, 7
core   0: 0 0x80003bf2 (0x40765f13) x30 0x000000e1
core   0: 0x80003bf6 (0xeb27b9b7) lui     s3, 0xeb27b
core   0: 0 0x80003bf6 (0xeb27b9b7) x19 0xeb27b000
core   0: 0x80003bfa (0x80652893) slti    a7, a0, -2042
core   0: 0 0x80003bfa (0x80652893) x17 0x00000001
core   0: 0x80003bfe (0x00008c51) c.or    s0, a2
core   0: 0 0x80003bfe (0x8c51) x8  0x000070d9
core   0: 0x80003c00 (0x267da513) slti    a0, s11, 615
core   0: 0 0x80003c00 (0x267da513) x10 0x00000000
core   0: 0x80003c04 (0x005c38b3) sltu    a7, s8, t0
core   0: 0 0x80003c04 (0x005c38b3) x17 0x00000000
core   0: 0x80003c08 (0x00000001) c.nop
core   0: 0 0x80003c08 (0x0001)
core   0: 0x80003c0a (0x0147a093) slti    ra, a5, 20
core   0: 0 0x80003c0a (0x0147a093) x1  0x00000001
core   0: 0x80003c0e (0x00008a19) c.andi  a2, 6
core   0: 0 0x80003c0e (0x8a19) x12 0x00000000
core   0: 0x80003c10 (0x000087fa) c.mv    a5, t5
core   0: 0 0x80003c10 (0x87fa) x15 0x000000e1
core   0: 0x80003c12 (0x0291ef33) rem     t5, gp, s1
core   0: 0 0x80003c12 (0x0291ef33) x30 0x00a61b6c
core   0: 0x80003c16 (0xc23a0517) auipc   a0, 0xc23a0
core   0: 0 0x80003c16 (0xc23a0517) x10 0x423a3c16
core   0: 0x80003c1a (0x000050fd) c.li    ra, -1
core   0: 0 0x80003c1a (0x50fd) x1  0xffffffff
core   0: 0x80003c1c (0x00008c41) c.or    s0, s0
core   0: 0 0x80003c1c (0x8c41) x8  0x000070d9
core   0: 0x80003c1e (0x028f5c33) divu    s8, t5, s0
core   0: 0 0x80003c1e (0x028f5c33) x24 0x00000178
core   0: 0x80003c22 (0x02a28733) mul     a4, t0, a0
core   0: 0 0x80003c22 (0x02a28733) x14 0xbdc5c3ea
core   0: 0x80003c26 (0x00008ff9) c.and   a5, a4
core   0: 0 0x80003c26 (0x8ff9) x15 0x000000e0
core   0: 0x80003c28 (0x0ff0000f) fence   iorw,iorw
core   0: 0 0x80003c28 (0x0ff0000f)
core   0: 0x80003c2c (0x03c45d63) bge     s0, t3, pc + 58
core   0: 0 0x80003c2c (0x03c45d63)
core   0: 0x80003c66 (0x00008d75) c.and   a0, a3
core   0: 0 0x80003c66 (0x8d75) x10 0x00021c04
core   0: 0x80003c68 (0x00008cf1) c.and   s1, a2
core   0: 0 0x80003c68 (0x8cf1) x9  0x00000000
core   0: 0x80003c6a (0x0000039c) c.addi4spn a5, sp, 448
core   0: 0 0x80003c6a (0x039c) x15 0x000001b0
core   0: 0x80003c6c (0x00000001) c.nop
core   0: 0 0x80003c6c (0x0001)
core   0: 0x80003c6e (0x000091b2) c.add   gp, a2
core   0: 0 0x80003c6e (0x91b2) x3  0x47194000
core   0: 0x80003c70 (0x02c58bb3) mul     s7, a1, a2
core   0: 0 0x80003c70 (0x02c58bb3) x23 0x00000000
core   0: 0x80003c74 (0x00008f49) c.or    a4, a0
core   0: 0 0x80003c74 (0x8f49) x14 0xbdc7dfee
core   0: 0x80003c76 (0xb6c8cd13) xori    s10, a7, -1172
core   0: 0 0x80003c76 (0xb6c8cd13) x26 0xfffffb6c
core   0: 0x80003c7a (0x024869b3) rem     s3, a6, tp
core   0: 0 0x80003c7a (0x024869b3) x19 0x00000000
core   0: 0x80003c7e (0x0000ef91) c.bnez  a5, pc + 28
core   0: 0 0x80003c7e (0xef91)
core   0: 0x80003c9a (0x02dec263) blt     t4, a3, pc + 36
core   0: 0 0x80003c9a (0x02dec263)
core   0: 0x80003c9e (0x41ef5c13) srai    s8, t5, 30
core   0: 0 0x80003c9e (0x41ef5c13) x24 0x00000000
core   0: 0x80003ca2 (0x02c6dfb3) divu    t6, a3, a2
core   0: 0 0x80003ca2 (0x02c6dfb3) x31 0xffffffff
core   0: 0x80003ca6 (0x0000e489) c.bnez  s1, pc + 10
core   0: 0 0x80003ca6 (0xe489)
core   0: 0x80003ca8 (0x000084dd) c.srai  s1, 23
core   0: 0 0x80003ca8 (0x84dd) x9  0x00000000
core   0: 0x80003caa (0x0000100f) fence.i
core   0: 0 0x80003caa (0x0000100f)
core   0: 0x80003cae (0x0000517d) c.li    sp, -1
core   0: 0 0x80003cae (0x517d) x2  0xffffffff
core   0: 0x80003cb0 (0x0ff0000f) fence   iorw,iorw
core   0: 0 0x80003cb0 (0x0ff0000f)
core   0: 0x80003cb4 (0x0000873d) c.srai  a4, 15
core   0: 0 0x80003cb4 (0x873d) x14 0xffff7b8f
core   0: 0x80003cb6 (0xb97aa413) slti    s0, s5, -1129
core   0: 0 0x80003cb6 (0xb97aa413) x8  0x00000000
core   0: 0x80003cba (0x02fdc133) div     sp, s11, a5
core   0: 0 0x80003cba (0x02fdc133) x2  0x00000025
core   0: 0x80003cbe (0x00004afd) c.li    s5, 31
core   0: 0 0x80003cbe (0x4afd) x21 0x0000001f
core   0: 0x80003cc0 (0xf0808d13) addi    s10, ra, -248
core   0: 0 0x80003cc0 (0xf0808d13) x26 0xffffff07
core   0: 0x80003cc4 (0x9f553913) sltiu   s2, a0, -1547
core   0: 0 0x80003cc4 (0x9f553913) x18 0x00000001
core   0: 0x80003cc8 (0x01e02933) slt     s2, zero, t5
core   0: 0 0x80003cc8 (0x01e02933) x18 0x00000001
core   0: 0x80003ccc (0x0000100f) fence.i
core   0: 0 0x80003ccc (0x0000100f)
core   0: 0x80003cd0 (0x00009f22) c.add   t5, s0
core   0: 0 0x80003cd0 (0x9f22) x30 0x00a61b6c
core   0: 0x80003cd2 (0x01d25193) srli    gp, tp, 29
core   0: 0 0x80003cd2 (0x01d25193) x3  0x00000000
core   0: 0x80003cd6 (0xdbec8c13) addi    s8, s9, -578
core   0: 0 0x80003cd6 (0xdbec8c13) x24 0x1bb31dbe
core   0: 0x80003cda (0x00018fb3) add     t6, gp, zero
core   0: 0 0x80003cda (0x00018fb3) x31 0x00000000
core   0: 0x80003cde (0x03320d63) beq     tp, s3, pc + 58
core   0: 0 0x80003cde (0x03320d63)
core   0: 0x80003d18 (0x39e79317) auipc   t1, 0x39e79
core   0: 0 0x80003d18 (0x39e79317) x6  0xb9e7cd18
core   0: 0x80003d1c (0x03558f63) beq     a1, s5, pc + 62
core   0: 0 0x80003d1c (0x03558f63)
core   0: 0x80003d20 (0x00001e7d) c.addi  t3, -1
core   0: 0 0x80003d20 (0x1e7d) x28 0xfffffffe
core   0: 0x80003d22 (0x000098fd) c.andi  s1, -1
core   0: 0 0x80003d22 (0x98fd) x9  0x00000000
core   0: 0x80003d24 (0x01069f93) slli    t6, a3, 16
core   0: 0 0x80003d24 (0x01069f93) x31 0x5ce40000
core   0: 0x80003d28 (0x02ca78b3) remu    a7, s4, a2
core   0: 0 0x80003d28 (0x02ca78b3) x17 0xfffffc70
core   0: 0x80003d2c (0x0107c233) xor     tp, a5, a6
core   0: 0 0x80003d2c (0x0107c233) x4  0x000001b0
core   0: 0x80003d30 (0x01bad093) srli    ra, s5, 27
core   0: 0 0x80003d30 (0x01bad093) x1  0x00000000
core   0: 0x80003d34 (0x00bb1233) sll     tp, s6, a1
core   0: 0 0x80003d34 (0x00bb1233) x4  0x64000000
core   0: 0x80003d38 (0x00001298) c.addi4spn a4, sp, 352
core   0: 0 0x80003d38 (0x1298) x14 0x00000185
core   0: 0x80003d3a (0x0000100f) fence.i
core   0: 0 0x80003d3a (0x0000100f)
core   0: 0x80003d3e (0x00000001) c.nop
core   0: 0 0x80003d3e (0x0001)
core   0: 0x80003d40 (0x00008035) c.srli  s0, 13
core   0: 0 0x80003d40 (0x8035) x8  0x00000000
core   0: 0x80003d42 (0x40e202b3) sub     t0, tp, a4
core   0: 0 0x80003d42 (0x40e202b3) x5  0x63fffe7b
core   0: 0x80003d46 (0x0374c7b3) div     a5, s1, s7
core   0: 0 0x80003d46 (0x0374c7b3) x15 0xffffffff
core   0: 0x80003d4a (0x0201fab3) remu    s5, gp, zero
core   0: 0 0x80003d4a (0x0201fab3) x21 0x00000000
core   0: 0x80003d4e (0x0294cd33) div     s10, s1, s1
core   0: 0 0x80003d4e (0x0294cd33) x26 0xffffffff
core   0: 0x80003d52 (0x00e61433) sll     s0, a2, a4
core   0: 0 0x80003d52 (0x00e61433) x8  0x00000000
core   0: 0x80003d56 (0x0448e163) bltu    a7, tp, pc + 66
core   0: 0 0x80003d56 (0x0448e163)
core   0: 0x80003d5a (0x01ac8833) add     a6, s9, s10
core   0: 0 0x80003d5a (0x01ac8833) x16 0x1bb31fff
core   0: 0x80003d5e (0x01bdd533) srl     a0, s11, s11
core   0: 0 0x80003d5e (0x01bdd533) x10 0x00004000
core   0: 0x80003d62 (0x0000e029) c.bnez  s0, pc + 66
core   0: 0 0x80003d62 (0xe029)
core   0: 0x80003d64 (0x023f7663) bgeu    t5, gp, pc + 44
core   0: 0 0x80003d64 (0x023f7663)
core   0: 0x80003d90 (0x0ff0000f) fence   iorw,iorw
core   0: 0 0x80003d90 (0x0ff0000f)
core   0: 0x80003d94 (0x02677d33) remu    s10, a4, t1
core   0: 0 0x80003d94 (0x02677d33) x26 0x00000185
core   0: 0x80003d98 (0x01286033) or      zero, a6, s2
core   0: 0 0x80003d98 (0x01286033)
core   0: 0x80003d9c (0x00008112) c.mv    sp, tp
core   0: 0 0x80003d9c (0x8112) x2  0x64000000
core   0: 0x80003d9e (0x028727b3) mulhsu  a5, a4, s0
core   0: 0 0x80003d9e (0x028727b3) x15 0x00000000
core   0: 0x80003da2 (0x00008d09) c.sub   a0, a0
core   0: 0 0x80003da2 (0x8d09) x10 0x00000000
core   0: 0x80003da4 (0x000090f2) c.add   ra, t3
core   0: 0 0x80003da4 (0x90f2) x1  0xfffffffe
core   0: 0x80003da6 (0x00008c69) c.and   s0, a0
core   0: 0 0x80003da6 (0x8c69) x8  0x00000000
core   0: 0x80003da8 (0x07a09417) auipc   s0, 0x7a09
core   0: 0 0x80003da8 (0x07a09417) x8  0x87a0cda8
core   0: 0x80003dac (0x01cdbcb3) sltu    s9, s11, t3
core   0: 0 0x80003dac (0x01cdbcb3) x25 0x00000001
core   0: 0x80003db0 (0x05c59163) bne     a1, t3, pc + 66
core   0: 0 0x80003db0 (0x05c59163)
core   0: 0x80003df2 (0x00000a52) c.slli  s4, 20
core   0: 0 0x80003df2 (0x0a52) x20 0xc7000000
core   0: 0x80003df4 (0x016c1313) slli    t1, s8, 22
core   0: 0 0x80003df4 (0x016c1313) x6  0x6f800000
core   0: 0x80003df8 (0x01811cb3) sll     s9, sp, s8
core   0: 0 0x80003df8 (0x01811cb3) x25 0x00000000
core   0: 0x80003dfc (0x083c3d17) auipc   s10, 0x83c3
core   0: 0 0x80003dfc (0x083c3d17) x26 0x883c6dfc
core   0: 0x80003e00 (0x00d19e33) sll     t3, gp, a3
core   0: 0 0x80003e00 (0x00d19e33) x28 0x00000000
core   0: 0x80003e04 (0x0000e3a1) c.bnez  a5, pc + 64
core   0: 0 0x80003e04 (0xe3a1)
core   0: 0x80003e06 (0x4164dc33) sra     s8, s1, s6
core   0: 0 0x80003e06 (0x4164dc33) x24 0x00000000
core   0: 0x80003e0a (0x40b2d0b3) sra     ra, t0, a1
core   0: 0 0x80003e0a (0x40b2d0b3) x1  0x063fffe7
core   0: 0x80003e0e (0xc06bcf13) xori    t5, s7, -1018
core   0: 0 0x80003e0e (0xc06bcf13) x30 0xfffffc06
core   0: 0x80003e12 (0x0000100f) fence.i
core   0: 0 0x80003e12 (0x0000100f)
core   0: 0x80003e16 (0xf14cbb17) auipc   s6, 0xf14cb
core   0: 0 0x80003e16 (0xf14cbb17) x22 0x714cee16
core   0: 0x80003e1a (0x01c0fcb3) and     s9, ra, t3
core   0: 0 0x80003e1a (0x01c0fcb3) x25 0x00000000
core   0: 0x80003e1e (0x00008615) c.srai  a2, 5
core   0: 0 0x80003e1e (0x8615) x12 0x00000000
core   0: 0x80003e20 (0x1dc14213) xori    tp, sp, 476
core   0: 0 0x80003e20 (0x1dc14213) x4  0x640001dc
core   0: 0x80003e24 (0x03eb69b3) rem     s3, s6, t5
core   0: 0 0x80003e24 (0x03eb69b3) x19 0x000001e6
core   0: 0x80003e28 (0x03c32b33) mulhsu  s6, t1, t3
core   0: 0 0x80003e28 (0x03c32b33) x22 0x00000000
core   0: 0x80003e2c (0x01b10bb3) add     s7, sp, s11
core   0: 0 0x80003e2c (0x01b10bb3) x23 0x64004000
core   0: 0x80003e30 (0x0154a233) slt     tp, s1, s5
core   0: 0 0x80003e30 (0x0154a233) x4  0x00000000
core   0: 0x80003e34 (0x2e89f413) andi    s0, s3, 744
core   0: 0 0x80003e34 (0x2e89f413) x8  0x000000e0
core   0: 0x80003e38 (0x03c4f563) bgeu    s1, t3, pc + 42
core   0: 0 0x80003e38 (0x03c4f563)
core   0: 0x80003e62 (0x00be9933) sll     s2, t4, a1
core   0: 0 0x80003e62 (0x00be9933) x18 0x00000010
core   0: 0x80003e66 (0x00000001) c.nop
core   0: 0 0x80003e66 (0x0001)
core   0: 0x80003e68 (0x00005f7d) c.li    t5, -1
core   0: 0 0x80003e68 (0x5f7d) x30 0xffffffff
core   0: 0x80003e6a (0x025631b3) mulhu   gp, a2, t0
core   0: 0 0x80003e6a (0x025631b3) x3  0x00000000
core   0: 0x80003e6e (0x409ed433) sra     s0, t4, s1
core   0: 0 0x80003e6e (0x409ed433) x8  0x00000001
core   0: 0x80003e72 (0x014c6933) or      s2, s8, s4
core   0: 0 0x80003e72 (0x014c6933) x18 0xc7000000
core   0: 0x80003e76 (0x01c988b3) add     a7, s3, t3
core   0: 0 0x80003e76 (0x01c988b3) x17 0x000001e6
core   0: 0x80003e7a (0x014b2a33) slt     s4, s6, s4
core   0: 0 0x80003e7a (0x014b2a33) x20 0x00000000
core   0: 0x80003e7e (0x00008565) c.srai  a0, 25
core   0: 0 0x80003e7e (0x8565) x10 0x00000000
core   0: 0x80003e80 (0x41348233) sub     tp, s1, s3
core   0: 0 0x80003e80 (0x41348233) x4  0xfffffe1a
core   0: 0x80003e84 (0x034632b3) mulhu   t0, a2, s4
core   0: 0 0x80003e84 (0x034632b3) x5  0x00000000
core   0: 0x80003e88 (0x0595f363) bgeu    a1, s9, pc + 70
core   0: 0 0x80003e88 (0x0595f363)
core   0: 0x80003ece (0xc7bbc313) xori    t1, s7, -901
core   0: 0 0x80003ece (0xc7bbc313) x6  0x9bffbc7b
core   0: 0x80003ed2 (0x00000001) c.nop
core   0: 0 0x80003ed2 (0x0001)
core   0: 0x80003ed4 (0x037a4133) div     sp, s4, s7
core   0: 0 0x80003ed4 (0x037a4133) x2  0x00000000
core   0: 0x80003ed8 (0xd72cac13) slti    s8, s9, -654
core   0: 0 0x80003ed8 (0xd72cac13) x24 0x00000000
core   0: 0x80003edc (0x01fb8c33) add     s8, s7, t6
core   0: 0 0x80003edc (0x01fb8c33) x24 0xc0e44000
core   0: 0x80003ee0 (0x0010c833) xor     a6, ra, ra
core   0: 0 0x80003ee0 (0x0010c833) x16 0x00000000
core   0: 0x80003ee4 (0xa5b0b913) sltiu   s2, ra, -1445
core   0: 0 0x80003ee4 (0xa5b0b913) x18 0x00000001
core   0: 0x80003ee8 (0x4068db33) sra     s6, a7, t1
core   0: 0 0x80003ee8 (0x4068db33) x22 0x00000000
core   0: 0x80003eec (0x43548013) addi    zero, s1, 1077
core   0: 0 0x80003eec (0x43548013)
core   0: 0x80003ef0 (0x011a8bb3) add     s7, s5, a7
core   0: 0 0x80003ef0 (0x011a8bb3) x23 0x000001e6
core   0: 0x80003ef4 (0x00000001) c.nop
core   0: 0 0x80003ef4 (0x0001)
core   0: 0x80003ef6 (0xfb6d9eb7) lui     t4, 0xfb6d9
core   0: 0 0x80003ef6 (0xfb6d9eb7) x29 0xfb6d9000
core   0: 0x80003efa (0x00403d33) snez    s10, tp
core   0: 0 0x80003efa (0x00403d33) x26 0x00000001
core   0: 0x80003efe (0x0ff0000f) fence   iorw,iorw
core   0: 0 0x80003efe (0x0ff0000f)
core   0: 0x80003f02 (0x000097b2) c.add   a5, a2
core   0: 0 0x80003f02 (0x97b2) x15 0x00000000
core   0: 0x80003f04 (0x03b41e63) bne     s0, s11, pc + 60
core   0: 0 0x80003f04 (0x03b41e63)
core   0: 0x80003f40 (0x0254de33) divu    t3, s1, t0
core   0: 0 0x80003f40 (0x0254de33) x28 0xffffffff
core   0: 0x80003f44 (0x02b84663) blt     a6, a1, pc + 44
core   0: 0 0x80003f44 (0x02b84663)
core   0: 0x80003f48 (0x00b37ab3) and     s5, t1, a1
core   0: 0 0x80003f48 (0x00b37ab3) x21 0x80021c60
core   0: 0x80003f4c (0x0000832e) c.mv    t1, a1
core   0: 0 0x80003f4c (0x832e) x6  0x80021e64
core   0: 0x80003f4e (0x00000175) c.addi  sp, 29
core   0: 0 0x80003f4e (0x0175) x2  0x0000001d
core   0: 0x80003f50 (0x000010fd) c.addi  ra, -1
core   0: 0 0x80003f50 (0x10fd) x1  0x063fffe6
core   0: 0x80003f52 (0x0000100f) fence.i
core   0: 0 0x80003f52 (0x0000100f)
core   0: 0x80003f56 (0x40a4d033) sra     zero, s1, a0
core   0: 0 0x80003f56 (0x40a4d033)
core   0: 0x80003f5a (0xd3d14013) xori    zero, sp, -707
core   0: 0 0x80003f5a (0xd3d14013)
core   0: 0x80003f5e (0x01e59013) slli    zero, a1, 30
core   0: 0 0x80003f5e (0x01e59013)
core   0: 0x80003f62 (0x4fdacb13) xori    s6, s5, 1277
core   0: 0 0x80003f62 (0x4fdacb13) x22 0x8002189d
core   0: 0x80003f66 (0x011aadb3) slt     s11, s5, a7
core   0: 0 0x80003f66 (0x011aadb3) x27 0x00000001
core   0: 0x80003f6a (0xe102b113) sltiu   sp, t0, -496
core   0: 0 0x80003f6a (0xe102b113) x2  0x00000001
core   0: 0x80003f6e (0x000089ca) c.mv    s3, s2
core   0: 0 0x80003f6e (0x89ca) x19 0x00000001
core   0: 0x80003f70 (0x012f8963) beq     t6, s2, pc + 18
core   0: 0 0x80003f70 (0x012f8963)
core   0: 0x80003f74 (0x00006e71) c.lui   t3, 0x1c
core   0: 0 0x80003f74 (0x6e71) x28 0x0001c000
core   0: 0x80003f76 (0x00004e31) c.li    t3, 12
core   0: 0 0x80003f76 (0x4e31) x28 0x0000000c
core   0: 0x80003f78 (0x02369cb3) mulh    s9, a3, gp
core   0: 0 0x80003f78 (0x02369cb3) x25 0x00000000
core   0: 0x80003f7c (0x00008335) c.srli  a4, 13
core   0: 0 0x80003f7c (0x8335) x14 0x00000000
core   0: 0x80003f7e (0x00719e63) bne     gp, t2, pc + 28
core   0: 0 0x80003f7e (0x00719e63)
core   0: 0x80003f82 (0x037ab0b3) mulhu   ra, s5, s7
core   0: 0 0x80003f82 (0x037ab0b3) x1  0x000000f3
core   0: 0x80003f86 (0x0000c119) c.beqz  a0, pc + 6
core   0: 0 0x80003f86 (0xc119)
core   0: 0x80003f8c (0x00009d46) c.add   s10, a7
core   0: 0 0x80003f8c (0x9d46) x26 0x000001e7
core   0: 0x80003f8e (0x02b82733) mulhsu  a4, a6, a1
core   0: 0 0x80003f8e (0x02b82733) x14 0x00000000
core   0: 0x80003f92 (0x000080d6) c.mv    ra, s5
core   0: 0 0x80003f92 (0x80d6) x1  0x80021c60
core   0: 0x80003f94 (0x00006165) c.addi16sp sp, 112
core   0: 0 0x80003f94 (0x6165) x2  0x00000071
core   0: 0x80003f96 (0x00d1eeb3) or      t4, gp, a3
core   0: 0 0x80003f96 (0x00d1eeb3) x29 0x80025ce4
core   0: 0x80003f9a (0xae5b2913) slti    s2, s6, -1307
core   0: 0 0x80003f9a (0xae5b2913) x18 0x00000001
core   0: 0x80003f9e (0x01927f33) and     t5, tp, s9
core   0: 0 0x80003f9e (0x01927f33) x30 0x00000000
core   0: 0x80003fa2 (0x037427b3) mulhsu  a5, s0, s7
core   0: 0 0x80003fa2 (0x037427b3) x15 0x00000000
core   0: 0x80003fa6 (0x0000049c) c.addi4spn a5, sp, 576
core   0: 0 0x80003fa6 (0x049c) x15 0x000002b1
core   0: 0x80003fa8 (0x8d2e3c13) sltiu   s8, t3, -1838
core   0: 0 0x80003fa8 (0x8d2e3c13) x24 0x00000001
core   0: 0x80003fac (0x017e7f33) and     t5, t3, s7
core   0: 0 0x80003fac (0x017e7f33) x30 0x00000004
core   0: 0x80003fb0 (0x00008519) c.srai  a0, 6
core   0: 0 0x80003fb0 (0x8519) x10 0x00000000
core   0: 0x80003fb2 (0x00008d59) c.or    a0, a4
core   0: 0 0x80003fb2 (0x8d59) x10 0x00000000
core   0: 0x80003fb4 (0x00000001) c.nop
core   0: 0 0x80003fb4 (0x0001)
core   0: 0x80003fb6 (0x149e0a13) addi    s4, t3, 329
core   0: 0 0x80003fb6 (0x149e0a13) x20 0x00000155
core   0: 0x80003fba (0x03e5c133) div     sp, a1, t5
core   0: 0 0x80003fba (0x03e5c133) x2  0xe0008799
core   0: 0x80003fbe (0x0189de13) srli    t3, s3, 24
core   0: 0 0x80003fbe (0x0189de13) x28 0x00000000
core   0: 0x80003fc2 (0x0370adb3) mulhsu  s11, ra, s7
core   0: 0 0x80003fc2 (0x0370adb3) x27 0xffffff0d
core   0: 0x80003fc6 (0x019c7a33) and     s4, s8, s9
core   0: 0 0x80003fc6 (0x019c7a33) x20 0x00000000
core   0: 0x80003fca (0x9f2c6517) auipc   a0, 0x9f2c6
core   0: 0 0x80003fca (0x9f2c6517) x10 0x1f2c9fca
core   0: 0x80003fce (0x00004915) c.li    s2, 5
core   0: 0 0x80003fce (0x4915) x18 0x00000005
core   0: 0x80003fd0 (0x03750b63) beq     a0, s7, pc + 54
core   0: 0 0x80003fd0 (0x03750b63)
core   0: 0x80003fd4 (0x000e8863) beqz    t4, pc + 16
core   0: 0 0x80003fd4 (0x000e8863)
core   0: 0x80003fd8 (0x03e39bb3) mulh    s7, t2, t5
core   0: 0 0x80003fd8 (0x03e39bb3) x23 0x00000000
core   0: 0x80003fdc (0x034d6263) bltu    s10, s4, pc + 36
core   0: 0 0x80003fdc (0x034d6263)
core   0: 0x80003fe0 (0x011b6c33) or      s8, s6, a7
core   0: 0 0x80003fe0 (0x011b6c33) x24 0x800219ff
core   0: 0x80003fe4 (0x0000616d) c.addi16sp sp, 240
core   0: 0 0x80003fe4 (0x616d) x2  0xe0008889
core   0: 0x80003fe6 (0x019d99b3) sll     s3, s11, s9
core   0: 0 0x80003fe6 (0x019d99b3) x19 0xffffff0d
core   0: 0x80003fea (0x00008c91) c.sub   s1, a2
core   0: 0 0x80003fea (0x8c91) x9  0x00000000
core   0: 0x80003fec (0x0000612d) c.addi16sp sp, 224
core   0: 0 0x80003fec (0x612d) x2  0xe0008969
core   0: 0x80003fee (0x0f8c2a93) slti    s5, s8, 248
core   0: 0 0x80003fee (0x0f8c2a93) x21 0x00000001
core   0: 0x80003ff2 (0x03bf8533) mul     a0, t6, s11
core   0: 0 0x80003ff2 (0x03bf8533) x10 0xd3940000
core   0: 0x80003ff6 (0x9b71e793) ori     a5, gp, -1609
core   0: 0 0x80003ff6 (0x9b71e793) x15 0xfffff9b7
core   0: 0x80003ffa (0x00008a15) c.andi  a2, 5
core   0: 0 0x80003ffa (0x8a15) x12 0x00000000
core   0: 0x80003ffc (0x03f8ed33) rem     s10, a7, t6
core   0: 0 0x80003ffc (0x03f8ed33) x26 0x000001e6
core   0: 0x80004000 (0x00008f71) c.and   a4, a2
core   0: 0 0x80004000 (0x8f71) x14 0x00000000
core   0: 0x80004002 (0x017f27b3) slt     a5, t5, s7
core   0: 0 0x80004002 (0x017f27b3) x15 0x00000000
core   0: 0x80004006 (0x403cdeb3) sra     t4, s9, gp
core   0: 0 0x80004006 (0x403cdeb3) x29 0x00000000
core   0: 0x8000400a (0xeaaf3b37) lui     s6, 0xeaaf3
core   0: 0 0x8000400a (0xeaaf3b37) x22 0xeaaf3000
core   0: 0x8000400e (0x00859d13) slli    s10, a1, 8
core   0: 0 0x8000400e (0x00859d13) x26 0x021e6400
core   0: 0x80004012 (0x0000ee15) c.bnez  a2, pc + 60
core   0: 0 0x80004012 (0xee15)
core   0: 0x80004014 (0x0000e311) c.bnez  a4, pc + 4
core   0: 0 0x80004014 (0xe311)
core   0: 0x80004016 (0x0000717d) c.addi16sp sp, -16
core   0: 0 0x80004016 (0x717d) x2  0xe0008959
core   0: 0x80004018 (0x015342b3) xor     t0, t1, s5
core   0: 0 0x80004018 (0x015342b3) x5  0x80021e65
core   0: 0x8000401c (0x00000d45) c.addi  s10, 17
core   0: 0 0x8000401c (0x0d45) x26 0x021e6411
core   0: 0x8000401e (0x41750ab3) sub     s5, a0, s7
core   0: 0 0x8000401e (0x41750ab3) x21 0xd3940000
core   0: 0x80004022 (0x008c5333) srl     t1, s8, s0
core   0: 0 0x80004022 (0x008c5333) x6  0x40010cff
core   0: 0x80004026 (0x40ced613) srai    a2, t4, 12
core   0: 0 0x80004026 (0x40ced613) x12 0x00000000
core   0: 0x8000402a (0x03f69c63) bne     a3, t6, pc + 56
core   0: 0 0x8000402a (0x03f69c63)
core   0: 0x80004062 (0x0000cd15) c.beqz  a0, pc + 60
core   0: 0 0x80004062 (0xcd15)
core   0: 0x80004064 (0x0000547d) c.li    s0, -1
core   0: 0 0x80004064 (0x547d) x8  0xffffffff
core   0: 0x80004066 (0x03eaa333) mulhsu  t1, s5, t5
core   0: 0 0x80004066 (0x03eaa333) x6  0xffffffff
core   0: 0x8000406a (0xb5307493) andi    s1, zero, -1197
core   0: 0 0x8000406a (0xb5307493) x9  0x00000000
core   0: 0x8000406e (0x03445d63) bge     s0, s4, pc + 58
core   0: 0 0x8000406e (0x03445d63)
core   0: 0x80004072 (0x03c8f263) bgeu    a7, t3, pc + 36
core   0: 0 0x80004072 (0x03c8f263)
core   0: 0x80004096 (0x0000100f) fence.i
core   0: 0 0x80004096 (0x0000100f)
core   0: 0x8000409a (0xfadaa413) slti    s0, s5, -83
core   0: 0 0x8000409a (0xfadaa413) x8  0x00000001
core   0: 0x8000409e (0x00000001) c.nop
core   0: 0 0x8000409e (0x0001)
core   0: 0x800040a0 (0x01404a63) blt     zero, s4, pc + 20
core   0: 0 0x800040a0 (0x01404a63)
core   0: 0x800040a4 (0x41925f13) srai    t5, tp, 25
core   0: 0 0x800040a4 (0x41925f13) x30 0xffffffff
core   0: 0x800040a8 (0x5cb92713) slti    a4, s2, 1483
core   0: 0 0x800040a8 (0x5cb92713) x14 0x00000001
core   0: 0x800040ac (0x1ddc0913) addi    s2, s8, 477
core   0: 0 0x800040ac (0x1ddc0913) x18 0x80021bdc
core   0: 0x800040b0 (0x00008d1d) c.sub   a0, a5
core   0: 0 0x800040b0 (0x8d1d) x10 0xd3940000
core   0: 0x800040b2 (0x00008a4a) c.mv    s4, s2
core   0: 0 0x800040b2 (0x8a4a) x20 0x80021bdc
core   0: 0x800040b4 (0x4056df93) srai    t6, a3, 5
core   0: 0 0x800040b4 (0x4056df93) x31 0xfc0012e7
core   0: 0x800040b8 (0x007cd813) srli    a6, s9, 7
core   0: 0 0x800040b8 (0x007cd813) x16 0x00000000
core   0: 0x800040bc (0x15c30493) addi    s1, t1, 348
core   0: 0 0x800040bc (0x15c30493) x9  0x0000015b
core   0: 0x800040c0 (0x04411363) bne     sp, tp, pc + 70
core   0: 0 0x800040c0 (0x04411363)
core   0: 0x80004106 (0x00bc5e93) srli    t4, s8, 11
core   0: 0 0x80004106 (0x00bc5e93) x29 0x00100043
core   0: 0x8000410a (0xed7d4013) xori    zero, s10, -297
core   0: 0 0x8000410a (0xed7d4013)
core   0: 0x8000410e (0x0ff0000f) fence   iorw,iorw
core   0: 0 0x8000410e (0x0ff0000f)
core   0: 0x80004112 (0x00bc04b3) add     s1, s8, a1
core   0: 0 0x80004112 (0x00bc04b3) x9  0x00043863
core   0: 0x80004116 (0x0ff0000f) fence   iorw,iorw
core   0: 0 0x80004116 (0x0ff0000f)
core   0: 0x8000411a (0x0000c605) c.beqz  a2, pc + 40
core   0: 0 0x8000411a (0xc605)
core   0: 0x80004142 (0x00008c4d) c.or    s0, a1
core   0: 0 0x80004142 (0x8c4d) x8  0x80021e65
core   0: 0x80004144 (0x000082e6) c.mv    t0, s9
core   0: 0 0x80004144 (0x82e6) x5  0x00000000
core   0: 0x80004146 (0x01337233) and     tp, t1, s3
core   0: 0 0x80004146 (0x01337233) x4  0xffffff0d
core   0: 0x8000414a (0x01ed20b3) slt     ra, s10, t5
core   0: 0 0x8000414a (0x01ed20b3) x1  0x00000000
core   0: 0x8000414e (0x6240a193) slti    gp, ra, 1572
core   0: 0 0x8000414e (0x6240a193) x3  0x00000001
core   0: 0x80004152 (0x0000717d) c.addi16sp sp, -16
core   0: 0 0x80004152 (0x717d) x2  0xe0008949
core   0: 0x80004154 (0x8f8f0537) lui     a0, 0x8f8f0
core   0: 0 0x80004154 (0x8f8f0537) x10 0x8f8f0000
core   0: 0x80004158 (0x00008499) c.srai  s1, 6
core   0: 0 0x80004158 (0x8499) x9  0x000010e1
core   0: 0x8000415a (0x97a23793) sltiu   a5, tp, -1670
core   0: 0 0x8000415a (0x97a23793) x15 0x00000000
core   0: 0x8000415e (0x0000e41d) c.bnez  s0, pc + 46
core   0: 0 0x8000415e (0xe41d)
core   0: 0x8000418c (0x00504463) blt     zero, t0, pc + 8
core   0: 0 0x8000418c (0x00504463)
core   0: 0x80004190 (0x02c147b3) div     a5, sp, a2
core   0: 0 0x80004190 (0x02c147b3) x15 0xffffffff
core   0: 0x80004194 (0x24f12613) slti    a2, sp, 591
core   0: 0 0x80004194 (0x24f12613) x12 0x00000001
core   0: 0x80004198 (0x02126e33) rem     t3, tp, ra
core   0: 0 0x80004198 (0x02126e33) x28 0xffffff0d
core   0: 0x8000419c (0x00151013) slli    zero, a0, 1
core   0: 0 0x8000419c (0x00151013)
core   0: 0x800041a0 (0x00fd1a93) slli    s5, s10, 15
core   0: 0 0x800041a0 (0x00fd1a93) x21 0x32088000
core   0: 0x800041a4 (0x00000001) c.nop
core   0: 0 0x800041a4 (0x0001)
core   0: 0x800041a6 (0xb739c437) lui     s0, 0xb739c
core   0: 0 0x800041a6 (0xb739c437) x8  0xb739c000
core   0: 0x800041aa (0x02ab7a33) remu    s4, s6, a0
core   0: 0 0x800041aa (0x02ab7a33) x20 0x5b203000
core   0: 0x800041ae (0x01052133) slt     sp, a0, a6
core   0: 0 0x800041ae (0x01052133) x2  0x00000001
core   0: 0x800041b2 (0x00008bed) c.andi  a5, 27
core   0: 0 0x800041b2 (0x8bed) x15 0x0000001b
core   0: 0x800041b4 (0x00006119) c.addi16sp sp, 384
core   0: 0 0x800041b4 (0x6119) x2  0x00000181
core   0: 0x800041b6 (0x00008c41) c.or    s0, s0
core   0: 0 0x800041b6 (0x8c41) x8  0xb739c000
core   0: 0x800041b8 (0x00000b9c) c.addi4spn a5, sp, 464
core   0: 0 0x800041b8 (0x0b9c) x15 0x00000351
core   0: 0x800041ba (0x00831793) slli    a5, t1, 8
core   0: 0 0x800041ba (0x00831793) x15 0xffffff00
core   0: 0x800041be (0x00000952) c.slli  s2, 20
core   0: 0 0x800041be (0x0952) x18 0xbdc00000
core   0: 0x800041c0 (0x03997f63) bgeu    s2, s9, pc + 62
core   0: 0 0x800041c0 (0x03997f63)
core   0: 0x800041fe (0x00f83f33) sltu    t5, a6, a5
core   0: 0 0x800041fe (0x00f83f33) x30 0x00000001
core   0: 0x80004202 (0x00008286) c.mv    t0, ra
core   0: 0 0x80004202 (0x8286) x5  0x00000000
core   0: 0x80004204 (0x00008cf1) c.and   s1, a2
core   0: 0 0x80004204 (0x8cf1) x9  0x00000001
core   0: 0x80004206 (0x00000001) c.nop
core   0: 0 0x80004206 (0x0001)
core   0: 0x80004208 (0x0288ee63) bltu    a7, s0, pc + 60
core   0: 0 0x80004208 (0x0288ee63)
core   0: 0x80004244 (0x0386d033) divu    zero, a3, s8
core   0: 0 0x80004244 (0x0386d033)
core   0: 0x80004248 (0x00000001) c.nop
core   0: 0 0x80004248 (0x0001)
core   0: 0x8000424a (0xc6df3d13) sltiu   s10, t5, -915
core   0: 0 0x8000424a (0xc6df3d13) x26 0x00000001
core   0: 0x8000424e (0x0052e633) or      a2, t0, t0
core   0: 0 0x8000424e (0x0052e633) x12 0x00000000
core   0: 0x80004252 (0x02afde33) divu    t3, t6, a0
core   0: 0 0x80004252 (0x02afde33) x28 0x00000001
core   0: 0x80004256 (0x00000001) c.nop
core   0: 0 0x80004256 (0x0001)
core   0: 0x80004258 (0x03b77d63) bgeu    a4, s11, pc + 58
core   0: 0 0x80004258 (0x03b77d63)
core   0: 0x8000425c (0x4195dfb3) sra     t6, a1, s9
core   0: 0 0x8000425c (0x4195dfb3) x31 0x80021e64
core   0: 0x80004260 (0x03a2a633) mulhsu  a2, t0, s10
core   0: 0 0x80004260 (0x03a2a633) x12 0x00000000
core   0: 0x80004264 (0x00000791) c.addi  a5, 4
core   0: 0 0x80004264 (0x0791) x15 0xffffff04
core   0: 0x80004266 (0x02a95933) divu    s2, s2, a0
core   0: 0 0x80004266 (0x02a95933) x18 0x00000001
core   0: 0x8000426a (0x00006a3d) c.lui   s4, 0xf
core   0: 0 0x8000426a (0x6a3d) x20 0x0000f000
core   0: 0x8000426c (0x000082ba) c.mv    t0, a4
core   0: 0 0x8000426c (0x82ba) x5  0x00000001
core   0: 0x8000426e (0x41ca0133) sub     sp, s4, t3
core   0: 0 0x8000426e (0x41ca0133) x2  0x0000efff
core   0: 0x80004272 (0x41d800b3) sub     ra, a6, t4
core   0: 0 0x80004272 (0x41d800b3) x1  0xffefffbd
core   0: 0x80004276 (0x00b35113) srli    sp, t1, 11
core   0: 0 0x80004276 (0x00b35113) x2  0x001fffff
core   0: 0x8000427a (0x0000827d) c.srli  a2, 31
core   0: 0 0x8000427a (0x827d) x12 0x00000000
core   0: 0x8000427c (0x00bb1b63) bne     s6, a1, pc + 22
core   0: 0 0x8000427c (0x00bb1b63)
core   0: 0x80004292 (0x540bf117) auipc   sp, 0x540bf
core   0: 0 0x80004292 (0x540bf117) x2  0xd40c3292
core   0: 0x80004296 (0x01fc0333) add     t1, s8, t6
core   0: 0 0x80004296 (0x01fc0333) x6  0x00043863
core   0: 0x8000429a (0x04afd163) bge     t6, a0, pc + 66
core   0: 0 0x8000429a (0x04afd163)
core   0: 0x8000429e (0x03a78663) beq     a5, s10, pc + 44
core   0: 0 0x8000429e (0x03a78663)
core   0: 0x800042a2 (0x00000001) c.nop
core   0: 0 0x800042a2 (0x0001)
core   0: 0x800042a4 (0x0000eb99) c.bnez  a5, pc + 22
core   0: 0 0x800042a4 (0xeb99)
core   0: 0x800042ba (0x6ec26893) ori     a7, tp, 1772
core   0: 0 0x800042ba (0x6ec26893) x17 0xffffffed
core   0: 0x800042be (0x02b38233) mul     tp, t2, a1
core   0: 0 0x800042be (0x02b38233) x4  0x00000000
core   0: 0x800042c2 (0x40925a93) srai    s5, tp, 9
core   0: 0 0x800042c2 (0x40925a93) x21 0x00000000
core   0: 0x800042c6 (0x0289feb3) remu    t4, s3, s0
core   0: 0 0x800042c6 (0x0289feb3) x29 0x48c63f0d
core   0: 0x800042ca (0x965b4737) lui     a4, 0x965b4
core   0: 0 0x800042ca (0x965b4737) x14 0x965b4000
core   0: 0x800042ce (0x006874b3) and     s1, a6, t1
core   0: 0 0x800042ce (0x006874b3) x9  0x00000000
core   0: 0x800042d2 (0x03b1e063) bltu    gp, s11, pc + 32
core   0: 0 0x800042d2 (0x03b1e063)
core   0: 0x800042f2 (0x035c72b3) remu    t0, s8, s5
core   0: 0 0x800042f2 (0x035c72b3) x5  0x800219ff
core   0: 0x800042f6 (0x0000cc01) c.beqz  s0, pc + 24
core   0: 0 0x800042f6 (0xcc01)
core   0: 0x800042f8 (0x02f31c63) bne     t1, a5, pc + 56
core   0: 0 0x800042f8 (0x02f31c63)
core   0: 0x80004330 (0x038d9e63) bne     s11, s8, pc + 60
core   0: 0 0x80004330 (0x038d9e63)
core   0: 0x8000436c (0x0000856d) c.srai  a0, 27
core   0: 0 0x8000436c (0x856d) x10 0xfffffff1
core   0: 0x8000436e (0x01933633) sltu    a2, t1, s9
core   0: 0 0x8000436e (0x01933633) x12 0x00000000
core   0: 0x80004372 (0x1a982713) slti    a4, a6, 425
core   0: 0 0x80004372 (0x1a982713) x14 0x00000001
core   0: 0x80004376 (0xb2510837) lui     a6, 0xb2510
core   0: 0 0x80004376 (0xb2510837) x16 0xb2510000
core   0: 0x8000437a (0x006a2f33) slt     t5, s4, t1
core   0: 0 0x8000437a (0x006a2f33) x30 0x00000001
core   0: 0x8000437e (0x00008ff5) c.and   a5, a3
core   0: 0 0x8000437e (0x8ff5) x15 0x80025c04
core   0: 0x80004380 (0x4582cc13) xori    s8, t0, 1112
core   0: 0 0x80004380 (0x4582cc13) x24 0x80021da7
core   0: 0x80004384 (0x1688ad93) slti    s11, a7, 360
core   0: 0 0x80004384 (0x1688ad93) x27 0x00000001
core   0: 0x80004388 (0x0000049c) c.addi4spn a5, sp, 576
core   0: 0 0x80004388 (0x049c) x15 0xd40c34d2
core   0: 0x8000438a (0x00035133) srl     sp, t1, zero
core   0: 0 0x8000438a (0x00035133) x2  0x00043863
core   0: 0x8000438e (0x4149d513) srai    a0, s3, 20
core   0: 0 0x8000438e (0x4149d513) x10 0xffffffff
core   0: 0x80004392 (0x03fd02b3) mul     t0, s10, t6
core   0: 0 0x80004392 (0x03fd02b3) x5  0x80021e64
core   0: 0x80004396 (0x34633213) sltiu   tp, t1, 838
core   0: 0 0x80004396 (0x34633213) x4  0x00000000
core   0: 0x8000439a (0x01bc0a33) add     s4, s8, s11
core   0: 0 0x8000439a (0x01bc0a33) x20 0x80021da8
core   0: 0x8000439e (0x01e65c13) srli    s8, a2, 30
core   0: 0 0x8000439e (0x01e65c13) x24 0x00000000
core   0: 0x800043a2 (0x000081e6) c.mv    gp, s9
core   0: 0 0x800043a2 (0x81e6) x3  0x00000000
core   0: 0x800043a4 (0x0000ea15) c.bnez  a2, pc + 52
core   0: 0 0x800043a4 (0xea15)
core   0: 0x800043a6 (0x00984363) blt     a6, s1, pc + 6
core   0: 0 0x800043a6 (0x00984363)
core   0: 0x800043ac (0x007927b3) slt     a5, s2, t2
core   0: 0 0x800043ac (0x007927b3) x15 0x00000000
core   0: 0x800043b0 (0x01064fb3) xor     t6, a2, a6
core   0: 0 0x800043b0 (0x01064fb3) x31 0xb2510000
core   0: 0x800043b4 (0xd2d78737) lui     a4, 0xd2d78
core   0: 0 0x800043b4 (0xd2d78737) x14 0xd2d78000
core   0: 0x800043b8 (0x00008b2e) c.mv    s6, a1
core   0: 0 0x800043b8 (0x8b2e) x22 0x80021e64
core   0: 0x800043ba (0x00000086) c.slli  ra, 1
core   0: 0 0x800043ba (0x0086) x1  0xffdfff7a
core   0: 0x800043bc (0x89ba8e93) addi    t4, s5, -1893
core   0: 0 0x800043bc (0x89ba8e93) x29 0xfffff89b
core   0: 0x800043c0 (0x418cd913) srai    s2, s9, 24
core   0: 0 0x800043c0 (0x418cd913) x18 0x00000000
core   0: 0x800043c4 (0x3b9c0793) addi    a5, s8, 953
core   0: 0 0x800043c4 (0x3b9c0793) x15 0x000003b9
core   0: 0x800043c8 (0x0000997d) c.andi  a0, -1
core   0: 0 0x800043c8 (0x997d) x10 0xffffffff
core   0: 0x800043ca (0x02a6c2b3) div     t0, a3, a0
core   0: 0 0x800043ca (0x02a6c2b3) x5  0x7ffda31c
core   0: 0x800043ce (0x00006ed5) c.lui   t4, 0x15
core   0: 0 0x800043ce (0x6ed5) x29 0x00015000
core   0: 0x800043d0 (0x0000e915) c.bnez  a0, pc + 52
core   0: 0 0x800043d0 (0xe915)
core   0: 0x80004404 (0x3badeb93) ori     s7, s11, 954
core   0: 0 0x80004404 (0x3badeb93) x23 0x000003bb
core   0: 0x80004408 (0x000040dd) c.li    ra, 23
core   0: 0 0x80004408 (0x40dd) x1  0x00000017
core   0: 0x8000440a (0x0ff0000f) fence   iorw,iorw
core   0: 0 0x8000440a (0x0ff0000f)
core   0: 0x8000440e (0x02c71663) bne     a4, a2, pc + 44
core   0: 0 0x8000440e (0x02c71663)
core   0: 0x8000443a (0x03ee90b3) mulh    ra, t4, t5
core   0: 0 0x8000443a (0x03ee90b3) x1  0x00000000
core   0: 0x8000443e (0x03bc6ab3) rem     s5, s8, s11
core   0: 0 0x8000443e (0x03bc6ab3) x21 0x00000000
core   0: 0x80004442 (0x41de0533) sub     a0, t3, t4
core   0: 0 0x80004442 (0x41de0533) x10 0xfffeb001
core   0: 0x80004446 (0x41555f33) sra     t5, a0, s5
core   0: 0 0x80004446 (0x41555f33) x30 0xfffeb001
core   0: 0x8000444a (0x00008da2) c.mv    s11, s0
core   0: 0 0x8000444a (0x8da2) x27 0xb739c000
core   0: 0x8000444c (0x0000613d) c.addi16sp sp, 480
core   0: 0 0x8000444c (0x613d) x2  0x00043a43
core   0: 0x8000444e (0x00000886) c.slli  a7, 1
core   0: 0 0x8000444e (0x0886) x17 0xffffffda
core   0: 0x80004450 (0x0000915e) c.add   sp, s7
core   0: 0 0x80004450 (0x915e) x2  0x00043dfe
core   0: 0x80004452 (0x0000cc91) c.beqz  s1, pc + 28
core   0: 0 0x80004452 (0xcc91)
core   0: 0x8000446e (0x000f40b3) xor     ra, t5, zero
core   0: 0 0x8000446e (0x000f40b3) x1  0xfffeb001
core   0: 0x80004472 (0x00008f9d) c.sub   a5, a5
core   0: 0 0x80004472 (0x8f9d) x15 0x00000000
core   0: 0x80004474 (0x000092da) c.add   t0, s6
core   0: 0 0x80004474 (0x92da) x5  0xffffc180
core   0: 0x80004476 (0x00581e13) slli    t3, a6, 5
core   0: 0 0x80004476 (0x00581e13) x28 0x4a200000
core   0: 0x8000447a (0x408081b3) sub     gp, ra, s0
core   0: 0 0x8000447a (0x408081b3) x3  0x48c4f001
core   0: 0x8000447e (0x01b45913) srli    s2, s0, 27
core   0: 0 0x8000447e (0x01b45913) x18 0x00000016
core   0: 0x80004482 (0x00000001) c.nop
core   0: 0 0x80004482 (0x0001)
core   0: 0x80004484 (0x3e922513) slti    a0, tp, 1001
core   0: 0 0x80004484 (0x3e922513) x10 0x00000001
core   0: 0x80004488 (0x29710193) addi    gp, sp, 663
core   0: 0 0x80004488 (0x29710193) x3  0x00044095
core   0: 0x8000448c (0x6f465b97) auipc   s7, 0x6f465
core   0: 0 0x8000448c (0x6f465b97) x23 0xef46948c
core   0: 0x80004490 (0x031c58b3) divu    a7, s8, a7
core   0: 0 0x80004490 (0x031c58b3) x17 0x00000000
core   0: 0x80004494 (0x03e88963) beq     a7, t5, pc + 50
core   0: 0 0x80004494 (0x03e88963)
core   0: 0x80004498 (0x0000ed0d) c.bnez  a0, pc + 58
core   0: 0 0x80004498 (0xed0d)
core   0: 0x800044d2 (0x02371a33) mulh    s4, a4, gp
core   0: 0 0x800044d2 (0x02371a33) x20 0xffff3ff9
core   0: 0x800044d6 (0xa0a16037) lui     zero, 0xa0a16
core   0: 0 0x800044d6 (0xa0a16037)
core   0: 0x800044da (0x02201f63) bne     zero, sp, pc + 62
core   0: 0 0x800044da (0x02201f63)
core   0: 0x80004518 (0x0f18c313) xori    t1, a7, 241
core   0: 0 0x80004518 (0x0f18c313) x6  0x000000f1
core   0: 0x8000451c (0x0011d863) bge     gp, ra, pc + 16
core   0: 0 0x8000451c (0x0011d863)
core   0: 0x8000452c (0x006f1c63) bne     t5, t1, pc + 24
core   0: 0 0x8000452c (0x006f1c63)
core   0: 0x80004544 (0x01c6da93) srli    s5, a3, 28
core   0: 0 0x80004544 (0x01c6da93) x21 0x00000008
core   0: 0x80004548 (0x41a401b3) sub     gp, s0, s10
core   0: 0 0x80004548 (0x41a401b3) x3  0xb739bfff
core   0: 0x8000454c (0x00008c59) c.or    s0, a4
core   0: 0 0x8000454c (0x8c59) x8  0xf7ffc000
core   0: 0x8000454e (0x00009bfd) c.andi  a5, -1
core   0: 0 0x8000454e (0x9bfd) x15 0x00000000
core   0: 0x80004550 (0x03d78d63) beq     a5, t4, pc + 58
core   0: 0 0x80004550 (0x03d78d63)
core   0: 0x80004554 (0x00005afd) c.li    s5, -1
core   0: 0 0x80004554 (0x5afd) x21 0xffffffff
core   0: 0x80004556 (0x50a74737) lui     a4, 0x50a74
core   0: 0 0x80004556 (0x50a74737) x14 0x50a74000
core   0: 0x8000455a (0x000080f5) c.srli  s1, 29
core   0: 0 0x8000455a (0x80f5) x9  0x00000000
core   0: 0x8000455c (0x00009eba) c.add   t4, a4
core   0: 0 0x8000455c (0x9eba) x29 0x50a89000
core   0: 0x8000455e (0x40cb0f33) sub     t5, s6, a2
core   0: 0 0x8000455e (0x40cb0f33) x30 0x80021e64
core   0: 0x80004562 (0x03c358b3) divu    a7, t1, t3
core   0: 0 0x80004562 (0x03c358b3) x17 0x00000000
core   0: 0x80004566 (0x41ca5eb3) sra     t4, s4, t3
core   0: 0 0x80004566 (0x41ca5eb3) x29 0xffff3ff9
core   0: 0x8000456a (0x00006aad) c.lui   s5, 0xb
core   0: 0 0x8000456a (0x6aad) x21 0x0000b000
core   0: 0x8000456c (0x02bf9d63) bne     t6, a1, pc + 58
core   0: 0 0x8000456c (0x02bf9d63)
core   0: 0x800045a6 (0x0000895d) c.andi  a0, 23
core   0: 0 0x800045a6 (0x895d) x10 0x00000001
core   0: 0x800045a8 (0x7c93a913) slti    s2, t2, 1993
core   0: 0 0x800045a8 (0x7c93a913) x18 0x00000001
core   0: 0x800045ac (0x00008956) c.mv    s2, s5
core   0: 0 0x800045ac (0x8956) x18 0x0000b000
core   0: 0x800045ae (0x03d12233) mulhsu  tp, sp, t4
core   0: 0 0x800045ae (0x03d12233) x4  0x00043dfa
core   0: 0x800045b2 (0x00000f49) c.addi  t5, 18
core   0: 0 0x800045b2 (0x0f49) x30 0x80021e76
core   0: 0x800045b4 (0x033e11b3) mulh    gp, t3, s3
core   0: 0 0x800045b4 (0x033e11b3) x3  0xffffffb9
core   0: 0x800045b8 (0x00008d65) c.and   a0, s1
core   0: 0 0x800045b8 (0x8d65) x10 0x00000000
core   0: 0x800045ba (0x00008cf5) c.and   s1, a3
core   0: 0 0x800045ba (0x8cf5) x9  0x00000000
core   0: 0x800045bc (0x4038d9b3) sra     s3, a7, gp
core   0: 0 0x800045bc (0x4038d9b3) x19 0x00000000
core   0: 0x800045c0 (0x00006b19) c.lui   s6, 0x6
core   0: 0 0x800045c0 (0x6b19) x22 0x00006000
core   0: 0x800045c2 (0x00005dfd) c.li    s11, -1
core   0: 0 0x800045c2 (0x5dfd) x27 0xffffffff
core   0: 0x800045c4 (0x0000100f) fence.i
core   0: 0 0x800045c4 (0x0000100f)
core   0: 0x800045c8 (0x00000ab1) c.addi  s5, 12
core   0: 0 0x800045c8 (0x0ab1) x21 0x0000b00c
core   0: 0x800045ca (0x03e151b3) divu    gp, sp, t5
core   0: 0 0x800045ca (0x03e151b3) x3  0x00000000
core   0: 0x800045ce (0x00008351) c.srli  a4, 20
core   0: 0 0x800045ce (0x8351) x14 0x0000050a
core   0: 0x800045d0 (0xe5888113) addi    sp, a7, -424
core   0: 0 0x800045d0 (0xe5888113) x2  0xfffffe58
core   0: 0x800045d4 (0x008c9193) slli    gp, s9, 8
core   0: 0 0x800045d4 (0x008c9193) x3  0x00000000
core   0: 0x800045d8 (0x0397dd33) divu    s10, a5, s9
core   0: 0 0x800045d8 (0x0397dd33) x26 0xffffffff
core   0: 0x800045dc (0x012c30b3) sltu    ra, s8, s2
core   0: 0 0x800045dc (0x012c30b3) x1  0x00000001
core   0: 0x800045e0 (0x012a8a33) add     s4, s5, s2
core   0: 0 0x800045e0 (0x012a8a33) x20 0x0001600c
core   0: 0x800045e4 (0x02c4f963) bgeu    s1, a2, pc + 50
core   0: 0 0x800045e4 (0x02c4f963)
core   0: 0x80004616 (0x03f7b233) mulhu   tp, a5, t6
core   0: 0 0x80004616 (0x03f7b233) x4  0x00000000
core   0: 0x8000461a (0x024ac733) div     a4, s5, tp
core   0: 0 0x8000461a (0x024ac733) x14 0xffffffff
core   0: 0x8000461e (0x0000c919) c.beqz  a0, pc + 22
core   0: 0 0x8000461e (0xc919)
core   0: 0x80004634 (0x40b2da93) srai    s5, t0, 11
core   0: 0 0x80004634 (0x40b2da93) x21 0xfffffff8
core   0: 0x80004638 (0x026f1a63) bne     t5, t1, pc + 52
core   0: 0 0x80004638 (0x026f1a63)
core   0: 0x8000466c (0x00008e29) c.xor   a2, a0
core   0: 0 0x8000466c (0x8e29) x12 0x00000000
core   0: 0x8000466e (0x03666763) bltu    a2, s6, pc + 46
core   0: 0 0x8000466e (0x03666763)
core   0: 0x8000469c (0x00000001) c.nop
core   0: 0 0x8000469c (0x0001)
core   0: 0x8000469e (0x01c8d763) bge     a7, t3, pc + 14
core   0: 0 0x8000469e (0x01c8d763)
core   0: 0x800046a2 (0x0050dab3) srl     s5, ra, t0
core   0: 0 0x800046a2 (0x0050dab3) x21 0x00000001
core   0: 0x800046a6 (0x00009b2a) c.add   s6, a0
core   0: 0 0x800046a6 (0x9b2a) x22 0x00006000
core   0: 0x800046a8 (0x01267ab3) and     s5, a2, s2
core   0: 0 0x800046a8 (0x01267ab3) x21 0x00000000
core   0: 0x800046ac (0x01e082b3) add     t0, ra, t5
core   0: 0 0x800046ac (0x01e082b3) x5  0x80021e77
core   0: 0x800046b0 (0x00008069) c.srli  s0, 26
core   0: 0 0x800046b0 (0x8069) x8  0x0000003d
core   0: 0x800046b2 (0x00008d35) c.xor   a0, a3
core   0: 0 0x800046b2 (0x8d35) x10 0x80025ce4
core   0: 0x800046b4 (0x0074e933) or      s2, s1, t2
core   0: 0 0x800046b4 (0x0074e933) x18 0x00000000
core   0: 0x800046b8 (0x0363b933) mulhu   s2, t2, s6
core   0: 0 0x800046b8 (0x0363b933) x18 0x00000000
core   0: 0x800046bc (0x41f4d633) sra     a2, s1, t6
core   0: 0 0x800046bc (0x41f4d633) x12 0x00000000
core   0: 0x800046c0 (0x0337f433) remu    s0, a5, s3
core   0: 0 0x800046c0 (0x0337f433) x8  0x00000000
core   0: 0x800046c4 (0x015ad713) srli    a4, s5, 21
core   0: 0 0x800046c4 (0x015ad713) x14 0x00000000
core   0: 0x800046c8 (0x03a15c33) divu    s8, sp, s10
core   0: 0 0x800046c8 (0x03a15c33) x24 0x00000000
core   0: 0x800046cc (0x00008791) c.srai  a5, 4
core   0: 0 0x800046cc (0x8791) x15 0x00000000
core   0: 0x800046ce (0x03eace63) blt     s5, t5, pc + 60
core   0: 0 0x800046ce (0x03eace63)
core   0: 0x800046d2 (0x03051633) mulh    a2, a0, a6
core   0: 0 0x800046d2 (0x03051633) x12 0x26d6c871
core   0: 0x800046d6 (0x027f6f63) bltu    t5, t2, pc + 62
core   0: 0 0x800046d6 (0x027f6f63)
core   0: 0x800046da (0x02bd9f63) bne     s11, a1, pc + 62
core   0: 0 0x800046da (0x02bd9f63)
core   0: 0x80004718 (0x015d0c63) beq     s10, s5, pc + 24
core   0: 0 0x80004718 (0x015d0c63)
core   0: 0x8000471c (0x0ff0000f) fence   iorw,iorw
core   0: 0 0x8000471c (0x0ff0000f)
core   0: 0x80004720 (0x00000b16) c.slli  s6, 5
core   0: 0 0x80004720 (0x0b16) x22 0x000c0000
core   0: 0x80004722 (0x02207b33) remu    s6, zero, sp
core   0: 0 0x80004722 (0x02207b33) x22 0x00000000
core   0: 0x80004726 (0x00006145) c.addi16sp sp, 48
core   0: 0 0x80004726 (0x6145) x2  0xfffffe88
core   0: 0x80004728 (0x031c9ab3) mulh    s5, s9, a7
core   0: 0 0x80004728 (0x031c9ab3) x21 0x00000000
core   0: 0x8000472c (0x8b6d9117) auipc   sp, 0x8b6d9
core   0: 0 0x8000472c (0x8b6d9117) x2  0x0b6dd72c
core   0: 0x80004730 (0x016400b3) add     ra, s0, s6
core   0: 0 0x80004730 (0x016400b3) x1  0x00000000
core   0: 0x80004734 (0x02894f63) blt     s2, s0, pc + 62
core   0: 0 0x80004734 (0x02894f63)
core   0: 0x80004738 (0x00008fe1) c.and   a5, s0
core   0: 0 0x80004738 (0x8fe1) x15 0x00000000
core   0: 0x8000473a (0x8c586cb7) lui     s9, 0x8c586
core   0: 0 0x8000473a (0x8c586cb7) x25 0x8c586000
core   0: 0x8000473e (0x40cf82b3) sub     t0, t6, a2
core   0: 0 0x8000473e (0x40cf82b3) x5  0x8b7a378f
core   0: 0x80004742 (0x00b40d63) beq     s0, a1, pc + 26
core   0: 0 0x80004742 (0x00b40d63)
core   0: 0x80004746 (0x02f13f33) mulhu   t5, sp, a5
core   0: 0 0x80004746 (0x02f13f33) x30 0x00000000
core   0: 0x8000474a (0x0331c663) blt     gp, s3, pc + 44
core   0: 0 0x8000474a (0x0331c663)
core   0: 0x8000474e (0x02cafd63) bgeu    s5, a2, pc + 58
core   0: 0 0x8000474e (0x02cafd63)
core   0: 0x80004752 (0x00008471) c.srai  s0, 28
core   0: 0 0x80004752 (0x8471) x8  0x00000000
core   0: 0x80004754 (0x3d887613) andi    a2, a6, 984
core   0: 0 0x80004754 (0x3d887613) x12 0x00000000
core   0: 0x80004758 (0x0188bfb3) sltu    t6, a7, s8
core   0: 0 0x80004758 (0x0188bfb3) x31 0x00000000
core   0: 0x8000475c (0x00008525) c.srai  a0, 9
core   0: 0 0x8000475c (0x8525) x10 0xffc0012e
core   0: 0x8000475e (0x0368fdb3) remu    s11, a7, s6
core   0: 0 0x8000475e (0x0368fdb3) x27 0x00000000
core   0: 0x80004762 (0x639f6493) ori     s1, t5, 1593
core   0: 0 0x80004762 (0x639f6493) x9  0x00000639
core   0: 0x80004766 (0x00008361) c.srli  a4, 24
core   0: 0 0x80004766 (0x8361) x14 0x00000000
core   0: 0x80004768 (0x00000df2) c.slli  s11, 28
core   0: 0 0x80004768 (0x0df2) x27 0x00000000
core   0: 0x8000476a (0x007edd33) srl     s10, t4, t2
core   0: 0 0x8000476a (0x007edd33) x26 0xffff3ff9
core   0: 0x8000476e (0x00216cb3) or      s9, sp, sp
core   0: 0 0x8000476e (0x00216cb3) x25 0x0b6dd72c
core   0: 0x80004772 (0x031c4263) blt     s8, a7, pc + 36
core   0: 0 0x80004772 (0x031c4263)
core   0: 0x80004776 (0x01a5da63) bge     a1, s10, pc + 20
core   0: 0 0x80004776 (0x01a5da63)
core   0: 0x8000477a (0x44a1a493) slti    s1, gp, 1098
core   0: 0 0x8000477a (0x44a1a493) x9  0x00000001
core   0: 0x8000477e (0x54550d93) addi    s11, a0, 1349
core   0: 0 0x8000477e (0x54550d93) x27 0xffc00673
core   0: 0x80004782 (0x04808063) beq     ra, s0, pc + 64
core   0: 0 0x80004782 (0x04808063)
core   0: 0x800047c2 (0x00008bc9) c.andi  a5, 18
core   0: 0 0x800047c2 (0x8bc9) x15 0x00000000
core   0: 0x800047c4 (0x019480b3) add     ra, s1, s9
core   0: 0 0x800047c4 (0x019480b3) x1  0x0b6dd72d
core   0: 0x800047c8 (0x0000656d) c.lui   a0, 0x1b
core   0: 0 0x800047c8 (0x656d) x10 0x0001b000
core   0: 0x800047ca (0x0000100f) fence.i
core   0: 0 0x800047ca (0x0000100f)
core   0: 0x800047ce (0x010a5233) srl     tp, s4, a6
core   0: 0 0x800047ce (0x010a5233) x4  0x0001600c
core   0: 0x800047d2 (0x059ed063) bge     t4, s9, pc + 64
core   0: 0 0x800047d2 (0x059ed063)
core   0: 0x800047d6 (0xde25b993) sltiu   s3, a1, -542
core   0: 0 0x800047d6 (0xde25b993) x19 0x00000001
core   0: 0x800047da (0x41ebd0b3) sra     ra, s7, t5
core   0: 0 0x800047da (0x41ebd0b3) x1  0xef46948c
core   0: 0x800047de (0x01647033) and     zero, s0, s6
core   0: 0 0x800047de (0x01647033)
core   0: 0x800047e2 (0x4186d893) srai    a7, a3, 24
core   0: 0 0x800047e2 (0x4186d893) x17 0xffffff80
core   0: 0x800047e6 (0x00c29733) sll     a4, t0, a2
core   0: 0 0x800047e6 (0x00c29733) x14 0x8b7a378f
core   0: 0x800047ea (0x01d83333) sltu    t1, a6, t4
core   0: 0 0x800047ea (0x01d83333) x6  0x00000001
core   0: 0x800047ee (0x010a5633) srl     a2, s4, a6
core   0: 0 0x800047ee (0x010a5633) x12 0x0001600c
core   0: 0x800047f2 (0x00316763) bltu    sp, gp, pc + 14
core   0: 0 0x800047f2 (0x00316763)
core   0: 0x800047f6 (0x00000001) c.nop
core   0: 0 0x800047f6 (0x0001)
core   0: 0x800047f8 (0x0323b133) mulhu   sp, t2, s2
core   0: 0 0x800047f8 (0x0323b133) x2  0x00000000
core   0: 0x800047fc (0x7d29f617) auipc   a2, 0x7d29f
core   0: 0 0x800047fc (0x7d29f617) x12 0xfd2a37fc
core   0: 0x80004800 (0x03d2b9b3) mulhu   s3, t0, t4
core   0: 0 0x80004800 (0x03d2b9b3) x19 0x8b79ceef
core   0: 0x80004804 (0x01911893) slli    a7, sp, 25
core   0: 0 0x80004804 (0x01911893) x17 0x00000000
core   0: 0x80004808 (0x00493033) sltu    zero, s2, tp
core   0: 0 0x80004808 (0x00493033)
core   0: 0x8000480c (0x00000001) c.nop
core   0: 0 0x8000480c (0x0001)
core   0: 0x8000480e (0x0383d733) divu    a4, t2, s8
core   0: 0 0x8000480e (0x0383d733) x14 0xffffffff
core   0: 0x80004812 (0x03f4e733) rem     a4, s1, t6
core   0: 0 0x80004812 (0x03f4e733) x14 0x00000001
core   0: 0x80004816 (0x00006105) c.addi16sp sp, 32
core   0: 0 0x80004816 (0x6105) x2  0x00000020
core   0: 0x80004818 (0x01c0adb3) slt     s11, ra, t3
core   0: 0 0x80004818 (0x01c0adb3) x27 0x00000001
core   0: 0x8000481c (0x00008ce5) c.and   s1, s1
core   0: 0 0x8000481c (0x8ce5) x9  0x00000001
core   0: 0x8000481e (0x0000149c) c.addi4spn a5, sp, 608
core   0: 0 0x8000481e (0x149c) x15 0x00000280
core   0: 0x80004820 (0x00249833) sll     a6, s1, sp
core   0: 0 0x80004820 (0x00249833) x16 0x00000001
core   0: 0x80004824 (0x00000001) c.nop
core   0: 0 0x80004824 (0x0001)
core   0: 0x80004826 (0x000062b5) c.lui   t0, 0xd
core   0: 0 0x80004826 (0x62b5) x5  0x0000d000
core   0: 0x80004828 (0x00009a7d) c.andi  a2, -1
core   0: 0 0x80004828 (0x9a7d) x12 0xfd2a37fc
core   0: 0x8000482a (0x00000d8e) c.slli  s11, 3
core   0: 0 0x8000482a (0x0d8e) x27 0x00000008
core   0: 0x8000482c (0x00008c72) c.mv    s8, t3
core   0: 0 0x8000482c (0x8c72) x24 0x4a200000
core   0: 0x8000482e (0x003a0963) beq     s4, gp, pc + 18
core   0: 0 0x8000482e (0x003a0963)
core   0: 0x80004832 (0x00008fc9) c.or    a5, a0
core   0: 0 0x80004832 (0x8fc9) x15 0x0001b280
core   0: 0x80004834 (0x00000d61) c.addi  s10, 24
core   0: 0 0x80004834 (0x0d61) x26 0xffff4011
core   0: 0x80004836 (0x02569f63) bne     a3, t0, pc + 62
core   0: 0 0x80004836 (0x02569f63)
core   0: 0x80004874 (0x03651163) bne     a0, s6, pc + 34
core   0: 0 0x80004874 (0x03651163)
core   0: 0x80004896 (0x020727b3) mulhsu  a5, a4, zero
core   0: 0 0x80004896 (0x020727b3) x15 0x00000000
core   0: 0x8000489a (0x00006f65) c.lui   t5, 0x19
core   0: 0 0x8000489a (0x6f65) x30 0x00019000
core   0: 0x8000489c (0x01ffc4b3) xor     s1, t6, t6
core   0: 0 0x8000489c (0x01ffc4b3) x9  0x00000000
core   0: 0x800048a0 (0x00008f59) c.or    a4, a4
core   0: 0 0x800048a0 (0x8f59) x14 0x00000001
core   0: 0x800048a2 (0x009f8d33) add     s10, t6, s1
core   0: 0 0x800048a2 (0x009f8d33) x26 0x00000000
core   0: 0x800048a6 (0x00008d05) c.sub   a0, s1
core   0: 0 0x800048a6 (0x8d05) x10 0x0001b000
core   0: 0x800048a8 (0x017801b3) add     gp, a6, s7
core   0: 0 0x800048a8 (0x017801b3) x3  0xef46948d
core   0: 0x800048ac (0x00000001) c.nop
core   0: 0 0x800048ac (0x0001)
core   0: 0x800048ae (0x03e858b3) divu    a7, a6, t5
core   0: 0 0x800048ae (0x03e858b3) x17 0x00000000
core   0: 0x800048b2 (0x00008732) c.mv    a4, a2
core   0: 0 0x800048b2 (0x8732) x14 0xfd2a37fc
core   0: 0x800048b4 (0x000084f9) c.srai  s1, 30
core   0: 0 0x800048b4 (0x84f9) x9  0x00000000
core   0: 0x800048b6 (0xe9246413) ori     s0, s0, -366
core   0: 0 0x800048b6 (0xe9246413) x8  0xfffffe92
core   0: 0x800048ba (0x00001788) c.addi4spn a0, sp, 992
core   0: 0 0x800048ba (0x1788) x10 0x00000400
core   0: 0x800048bc (0x00008129) c.srli  a0, 10
core   0: 0 0x800048bc (0x8129) x10 0x00000001
core   0: 0x800048be (0x0000937a) c.add   t1, t5
core   0: 0 0x800048be (0x937a) x6  0x00019001
core   0: 0x800048c0 (0x03f024b3) mulhsu  s1, zero, t6
core   0: 0 0x800048c0 (0x03f024b3) x9  0x00000000
core   0: 0x800048c4 (0x03582eb3) mulhsu  t4, a6, s5
core   0: 0 0x800048c4 (0x03582eb3) x29 0x00000000
core   0: 0x800048c8 (0x00000f08) c.addi4spn a0, sp, 912
core   0: 0 0x800048c8 (0x0f08) x10 0x000003b0
core   0: 0x800048ca (0xb1c9e713) ori     a4, s3, -1252
core   0: 0 0x800048ca (0xb1c9e713) x14 0xffffffff
core   0: 0x800048ce (0x00008cf5) c.and   s1, a3
core   0: 0 0x800048ce (0x8cf5) x9  0x00000000
core   0: 0x800048d0 (0x00008e55) c.or    a2, a3
core   0: 0 0x800048d0 (0x8e55) x12 0xfd2a7ffc
core   0: 0x800048d2 (0x01a45c93) srli    s9, s0, 26
core   0: 0 0x800048d2 (0x01a45c93) x25 0x0000003f
core   0: 0x800048d6 (0x2f320e13) addi    t3, tp, 755
core   0: 0 0x800048d6 (0x2f320e13) x28 0x000162ff
core   0: 0x800048da (0x00000001) c.nop
core   0: 0 0x800048da (0x0001)
core   0: 0x800048dc (0x0141df93) srli    t6, gp, 20
core   0: 0 0x800048dc (0x0141df93) x31 0x00000ef4
core   0: 0x800048e0 (0x00bfebb3) or      s7, t6, a1
core   0: 0 0x800048e0 (0x00bfebb3) x23 0x80021ef4
core   0: 0x800048e4 (0x04744063) blt     s0, t2, pc + 64
core   0: 0 0x800048e4 (0x04744063)
core   0: 0x80004924 (0x0032d363) bge     t0, gp, pc + 6
core   0: 0 0x80004924 (0x0032d363)
core   0: 0x8000492a (0x00b2df93) srli    t6, t0, 11
core   0: 0 0x8000492a (0x00b2df93) x31 0x0000001a
core   0: 0x8000492e (0x00008731) c.srai  a4, 12
core   0: 0 0x8000492e (0x8731) x14 0xffffffff
core   0: 0x80004930 (0x006fd093) srli    ra, t6, 6
core   0: 0 0x80004930 (0x006fd093) x1  0x00000000
core   0: 0x80004934 (0x01e7c633) xor     a2, a5, t5
core   0: 0 0x80004934 (0x01e7c633) x12 0x00019000
core   0: 0x80004938 (0xd061ee97) auipc   t4, 0xd061e
core   0: 0 0x80004938 (0xd061ee97) x29 0x50622938
core   0: 0x8000493c (0x0000683d) c.lui   a6, 0xf
core   0: 0 0x8000493c (0x683d) x16 0x0000f000
core   0: 0x8000493e (0x00cf54b3) srl     s1, t5, a2
core   0: 0 0x8000493e (0x00cf54b3) x9  0x00019000
core   0: 0x80004942 (0x00008499) c.srai  s1, 6
core   0: 0 0x80004942 (0x8499) x9  0x00000640
core   0: 0x80004944 (0x01095d63) bge     s2, a6, pc + 26
core   0: 0 0x80004944 (0x01095d63)
core   0: 0x80004948 (0x017af9b3) and     s3, s5, s7
core   0: 0 0x80004948 (0x017af9b3) x19 0x00000000
core   0: 0x8000494c (0x40270fb3) sub     t6, a4, sp
core   0: 0 0x8000494c (0x40270fb3) x31 0xffffffdf
core   0: 0x80004950 (0x0ff0000f) fence   iorw,iorw
core   0: 0 0x80004950 (0x0ff0000f)
core   0: 0x80004954 (0x0000eb91) c.bnez  a5, pc + 20
core   0: 0 0x80004954 (0xeb91)
core   0: 0x80004956 (0x01f708b3) add     a7, a4, t6
core   0: 0 0x80004956 (0x01f708b3) x17 0xffffffde
core   0: 0x8000495a (0x000f3233) sltu    tp, t5, zero
core   0: 0 0x8000495a (0x000f3233) x4  0x00000000
core   0: 0x8000495e (0x001adeb3) srl     t4, s5, ra
core   0: 0 0x8000495e (0x001adeb3) x29 0x00000000
core   0: 0x80004962 (0x0000717d) c.addi16sp sp, -16
core   0: 0 0x80004962 (0x717d) x2  0x00000010
core   0: 0x80004964 (0x002bceb3) xor     t4, s7, sp
core   0: 0 0x80004964 (0x002bceb3) x29 0x80021ee4
core   0: 0x80004968 (0x00008c69) c.and   s0, a0
core   0: 0 0x80004968 (0x8c69) x8  0x00000290
core   0: 0x8000496a (0x7ca5cf13) xori    t5, a1, 1994
core   0: 0 0x8000496a (0x7ca5cf13) x30 0x800219ae
core   0: 0x8000496e (0x00008ff1) c.and   a5, a2
core   0: 0 0x8000496e (0x8ff1) x15 0x00000000
core   0: 0x80004970 (0x40ad5db3) sra     s11, s10, a0
core   0: 0 0x80004970 (0x40ad5db3) x27 0x00000000
core   0: 0x80004974 (0x00001390) c.addi4spn a2, sp, 480
core   0: 0 0x80004974 (0x1390) x12 0x000001f0
core   0: 0x80004976 (0x0099ab33) slt     s6, s3, s1
core   0: 0 0x80004976 (0x0099ab33) x22 0x00000001
core   0: 0x8000497a (0x0000717d) c.addi16sp sp, -16
core   0: 0 0x8000497a (0x717d) x2  0x00000000
core   0: 0x8000497c (0x023f9663) bne     t6, gp, pc + 44
core   0: 0 0x8000497c (0x023f9663)
core   0: 0x800049a8 (0x0000100f) fence.i
core   0: 0 0x800049a8 (0x0000100f)
core   0: 0x800049ac (0x02fa7cb3) remu    s9, s4, a5
core   0: 0 0x800049ac (0x02fa7cb3) x25 0x0001600c
core   0: 0x800049b0 (0x40300233) sub     tp, zero, gp
core   0: 0 0x800049b0 (0x40300233) x4  0x10b96b73
core   0: 0x800049b4 (0xbfbf4813) xori    a6, t5, -1029
core   0: 0 0x800049b4 (0xbfbf4813) x16 0x7ffde255
core   0: 0x800049b8 (0x0000ee09) c.bnez  a2, pc + 26
core   0: 0 0x800049b8 (0xee09)
core   0: 0x800049d2 (0x4b922a93) slti    s5, tp, 1209
core   0: 0 0x800049d2 (0x4b922a93) x21 0x00000000
core   0: 0x800049d6 (0x02f4db33) divu    s6, s1, a5
core   0: 0 0x800049d6 (0x02f4db33) x22 0xffffffff
core   0: 0x800049da (0x00008231) c.srli  a2, 12
core   0: 0 0x800049da (0x8231) x12 0x00000000
core   0: 0x800049dc (0x03ba9233) mulh    tp, s5, s11
core   0: 0 0x800049dc (0x03ba9233) x4  0x00000000
core   0: 0x800049e0 (0x024d4733) div     a4, s10, tp
core   0: 0 0x800049e0 (0x024d4733) x14 0xffffffff
core   0: 0x800049e4 (0x0315cc63) blt     a1, a7, pc + 56
core   0: 0 0x800049e4 (0x0315cc63)
core   0: 0x80004a1c (0x00006109) c.addi16sp sp, 128
core   0: 0 0x80004a1c (0x6109) x2  0x00000080
core   0: 0x80004a1e (0x00348a33) add     s4, s1, gp
core   0: 0 0x80004a1e (0x00348a33) x20 0xef469acd
core   0: 0x80004a22 (0x00008f21) c.xor   a4, s0
core   0: 0 0x80004a22 (0x8f21) x14 0xfffffd6f
core   0: 0x80004a24 (0x007b1093) slli    ra, s6, 7
core   0: 0 0x80004a24 (0x007b1093) x1  0xffffff80
core   0: 0x80004a28 (0x028169b3) rem     s3, sp, s0
core   0: 0 0x80004a28 (0x028169b3) x19 0x00000080
core   0: 0x80004a2c (0x00008c29) c.xor   s0, a0
core   0: 0 0x80004a2c (0x8c29) x8  0x00000120
core   0: 0x80004a2e (0x0196f933) and     s2, a3, s9
core   0: 0 0x80004a2e (0x0196f933) x18 0x00004004
core   0: 0x80004a32 (0x00000d98) c.addi4spn a4, sp, 720
core   0: 0 0x80004a32 (0x0d98) x14 0x00000350
core   0: 0x80004a34 (0x00000f08) c.addi4spn a0, sp, 912
core   0: 0 0x80004a34 (0x0f08) x10 0x00000410
core   0: 0x80004a36 (0x0000100f) fence.i
core   0: 0 0x80004a36 (0x0000100f)
core   0: 0x80004a3a (0x021b1c63) bne     s6, ra, pc + 56
core   0: 0 0x80004a3a (0x021b1c63)
core   0: 0x80004a72 (0x00000a5d) c.addi  s4, 23
core   0: 0 0x80004a72 (0x0a5d) x20 0xef469ae4
core   0: 0x80004a74 (0x3f392b13) slti    s6, s2, 1011
core   0: 0 0x80004a74 (0x3f392b13) x22 0x00000000
core   0: 0x80004a78 (0x0053cb63) blt     t2, t0, pc + 22
core   0: 0 0x80004a78 (0x0053cb63)
core   0: 0x80004a8e (0x03415063) bge     sp, s4, pc + 32
core   0: 0 0x80004a8e (0x03415063)
core   0: 0x80004aae (0x00008f45) c.or    a4, s1
core   0: 0 0x80004aae (0x8f45) x14 0x00000750
core   0: 0x80004ab0 (0x00008fb1) c.xor   a5, a2
core   0: 0 0x80004ab0 (0x8fb1) x15 0x00000000
core   0: 0x80004ab2 (0x01ab5713) srli    a4, s6, 26
core   0: 0 0x80004ab2 (0x01ab5713) x14 0x00000000
core   0: 0x80004ab6 (0x854de493) ori     s1, s11, -1964
core   0: 0 0x80004ab6 (0x854de493) x9  0xfffff854
core   0: 0x80004aba (0x0000c091) c.beqz  s1, pc + 4
core   0: 0 0x80004aba (0xc091)
core   0: 0x80004abc (0x00008d69) c.and   a0, a0
core   0: 0 0x80004abc (0x8d69) x10 0x00000410
core   0: 0x80004abe (0x0000835d) c.srli  a4, 23
core   0: 0 0x80004abe (0x835d) x14 0x00000000
core   0: 0x80004ac0 (0x0000932e) c.add   t1, a1
core   0: 0 0x80004ac0 (0x932e) x6  0x8003ae65
core   0: 0x80004ac2 (0x01977cb3) and     s9, a4, s9
core   0: 0 0x80004ac2 (0x01977cb3) x25 0x00000000
core   0: 0x80004ac6 (0x1fb96997) auipc   s3, 0x1fb96
core   0: 0 0x80004ac6 (0x1fb96997) x19 0x9fb9aac6
core   0: 0x80004aca (0x01fe9533) sll     a0, t4, t6
core   0: 0 0x80004aca (0x01fe9533) x10 0x00000000
core   0: 0x80004ace (0x00009266) c.add   tp, s9
core   0: 0 0x80004ace (0x9266) x4  0x00000000
core   0: 0x80004ad0 (0x02819b33) mulh    s6, gp, s0
core   0: 0 0x80004ad0 (0x02819b33) x22 0xffffffed
core   0: 0x80004ad4 (0x008aca63) blt     s5, s0, pc + 20
core   0: 0 0x80004ad4 (0x008aca63)
core   0: 0x80004ae8 (0x03f4c0b3) div     ra, s1, t6
core   0: 0 0x80004ae8 (0x03f4c0b3) x1  0x0000003b
core   0: 0x80004aec (0x05ec4263) blt     s8, t5, pc + 68
core   0: 0 0x80004aec (0x05ec4263)
core   0: 0x80004af0 (0x01ca4333) xor     t1, s4, t3
core   0: 0 0x80004af0 (0x01ca4333) x6  0xef47f81b
core   0: 0x80004af4 (0x00137833) and     a6, t1, ra
core   0: 0 0x80004af4 (0x00137833) x16 0x0000001b
core   0: 0x80004af8 (0x04875063) bge     a4, s0, pc + 64
core   0: 0 0x80004af8 (0x04875063)
core   0: 0x80004afc (0x002547b3) xor     a5, a0, sp
core   0: 0 0x80004afc (0x002547b3) x15 0x00000080
core   0: 0x80004b00 (0x01ff9113) slli    sp, t6, 31
core   0: 0 0x80004b00 (0x01ff9113) x2  0x80000000
core   0: 0x80004b04 (0x0000849d) c.srai  s1, 7
core   0: 0 0x80004b04 (0x849d) x9  0xfffffff0
core   0: 0x80004b06 (0x00639763) bne     t2, t1, pc + 14
core   0: 0 0x80004b06 (0x00639763)
core   0: 0x80004b14 (0x012a54b3) srl     s1, s4, s2
core   0: 0 0x80004b14 (0x012a54b3) x9  0x0ef469ae
core   0: 0x80004b18 (0x02a0a533) mulhsu  a0, ra, a0
core   0: 0 0x80004b18 (0x02a0a533) x10 0x00000000
core   0: 0x80004b1c (0x40785993) srai    s3, a6, 7
core   0: 0 0x80004b1c (0x40785993) x19 0x00000000
core   0: 0x80004b20 (0x02cff233) remu    tp, t6, a2
core   0: 0 0x80004b20 (0x02cff233) x4  0xffffffdf
core   0: 0x80004b24 (0x40e0da13) srai    s4, ra, 14
core   0: 0 0x80004b24 (0x40e0da13) x20 0x00000000
core   0: 0x80004b28 (0x0263c763) blt     t2, t1, pc + 46
core   0: 0 0x80004b28 (0x0263c763)
core   0: 0x80004b2c (0x00bb9f63) bne     s7, a1, pc + 30
core   0: 0 0x80004b2c (0x00bb9f63)
core   0: 0x80004b4a (0x01a04db3) xor     s11, zero, s10
core   0: 0 0x80004b4a (0x01a04db3) x27 0x00000000
core   0: 0x80004b4e (0x033f7733) remu    a4, t5, s3
core   0: 0 0x80004b4e (0x033f7733) x14 0x800219ae
core   0: 0x80004b52 (0x019dd993) srli    s3, s11, 25
core   0: 0 0x80004b52 (0x019dd993) x19 0x00000000
core   0: 0x80004b56 (0x029c5a63) bge     s8, s1, pc + 52
core   0: 0 0x80004b56 (0x029c5a63)
core   0: 0x80004b8a (0x0191cd33) xor     s10, gp, s9
core   0: 0 0x80004b8a (0x0191cd33) x26 0xef46948d
core   0: 0x80004b8e (0x0373dd63) bge     t2, s7, pc + 58
core   0: 0 0x80004b8e (0x0373dd63)
core   0: 0x80004bc8 (0x0000987d) c.andi  s0, -1
core   0: 0 0x80004bc8 (0x987d) x8  0x00000120
core   0: 0x80004bca (0x0000cf8d) c.beqz  a5, pc + 58
core   0: 0 0x80004bca (0xcf8d)
core   0: 0x80004bcc (0x000084e1) c.srai  s1, 24
core   0: 0 0x80004bcc (0x84e1) x9  0x0000000e
core   0: 0x80004bce (0x000087cd) c.srai  a5, 19
core   0: 0 0x80004bce (0x87cd) x15 0x00000000
core   0: 0x80004bd0 (0x032feab3) rem     s5, t6, s2
core   0: 0 0x80004bd0 (0x032feab3) x21 0xffffffdf
core   0: 0x80004bd4 (0x007af833) and     a6, s5, t2
core   0: 0 0x80004bd4 (0x007af833) x16 0x00000000
core   0: 0x80004bd8 (0x00008fbd) c.xor   a5, a5
core   0: 0 0x80004bd8 (0x8fbd) x15 0x00000000
core   0: 0x80004bda (0x02c7dc63) bge     a5, a2, pc + 56
core   0: 0 0x80004bda (0x02c7dc63)
core   0: 0x80004c12 (0xc9877fb7) lui     t6, 0xc9877
core   0: 0 0x80004c12 (0xc9877fb7) x31 0xc9877000
core   0: 0x80004c16 (0x03266e33) rem     t3, a2, s2
core   0: 0 0x80004c16 (0x03266e33) x28 0x00000000
core   0: 0x80004c1a (0x021ead33) mulhsu  s10, t4, ra
core   0: 0 0x80004c1a (0x021ead33) x26 0xffffffe2
core   0: 0x80004c1e (0x0000670d) c.lui   a4, 0x3
core   0: 0 0x80004c1e (0x670d) x14 0x00003000
core   0: 0x80004c20 (0x032e38b3) mulhu   a7, t3, s2
core   0: 0 0x80004c20 (0x032e38b3) x17 0x00000000
core   0: 0x80004c24 (0x01adce63) blt     s11, s10, pc + 28
core   0: 0 0x80004c24 (0x01adce63)
core   0: 0x80004c28 (0x05876263) bltu    a4, s8, pc + 68
core   0: 0 0x80004c28 (0x05876263)
core   0: 0x80004c6c (0x00008ffd) c.and   a5, a5
core   0: 0 0x80004c6c (0x8ffd) x15 0x00000000
core   0: 0x80004c6e (0x000ad013) srli    zero, s5, 0
core   0: 0 0x80004c6e (0x000ad013)
core   0: 0x80004c72 (0x0ff0000f) fence   iorw,iorw
core   0: 0 0x80004c72 (0x0ff0000f)
core   0: 0x80004c76 (0x00001d9c) c.addi4spn a5, sp, 752
core   0: 0 0x80004c76 (0x1d9c) x15 0x800002f0
core   0: 0x80004c78 (0x00000359) c.addi  t1, 22
core   0: 0 0x80004c78 (0x0359) x6  0xef47f831
core   0: 0x80004c7a (0x01299c13) slli    s8, s3, 18
core   0: 0 0x80004c7a (0x01299c13) x24 0x00000000
core   0: 0x80004c7e (0x000c5313) srli    t1, s8, 0
core   0: 0 0x80004c7e (0x000c5313) x6  0x00000000
core   0: 0x80004c82 (0x32aca7b7) lui     a5, 0x32aca
core   0: 0 0x80004c82 (0x32aca7b7) x15 0x32aca000
core   0: 0x80004c86 (0x02ec4733) div     a4, s8, a4
core   0: 0 0x80004c86 (0x02ec4733) x14 0x00000000
core   0: 0x80004c8a (0x00000001) c.nop
core   0: 0 0x80004c8a (0x0001)
core   0: 0x80004c8c (0x0000717d) c.addi16sp sp, -16
core   0: 0 0x80004c8c (0x717d) x2  0x7ffffff0
core   0: 0x80004c8e (0x02888c13) addi    s8, a7, 40
core   0: 0 0x80004c8e (0x02888c13) x24 0x00000028
core   0: 0x80004c92 (0x00008fb5) c.xor   a5, a3
core   0: 0 0x80004c92 (0x8fb5) x15 0xb2aefce4
core   0: 0x80004c94 (0x0ff0000f) fence   iorw,iorw
core   0: 0 0x80004c94 (0x0ff0000f)
core   0: 0x80004c98 (0x0289afb3) mulhsu  t6, s3, s0
core   0: 0 0x80004c98 (0x0289afb3) x31 0x00000000
core   0: 0x80004c9c (0x03501533) mulh    a0, zero, s5
core   0: 0 0x80004c9c (0x03501533) x10 0x00000000
core   0: 0x80004ca0 (0x03754b63) blt     a0, s7, pc + 54
core   0: 0 0x80004ca0 (0x03754b63)
core   0: 0x80004ca4 (0xd8d85197) auipc   gp, 0xd8d85
core   0: 0 0x80004ca4 (0xd8d85197) x3  0x58d89ca4
core   0: 0x80004ca8 (0x01a6f033) and     zero, a3, s10
core   0: 0 0x80004ca8 (0x01a6f033)
core   0: 0x80004cac (0x00000001) c.nop
core   0: 0 0x80004cac (0x0001)
core   0: 0x80004cae (0x03606d63) bltu    zero, s6, pc + 58
core   0: 0 0x80004cae (0x03606d63)
core   0: 0x80004ce8 (0x0038d893) srli    a7, a7, 3
core   0: 0 0x80004ce8 (0x0038d893) x17 0x00000000
core   0: 0x80004cec (0x0348f933) remu    s2, a7, s4
core   0: 0 0x80004cec (0x0348f933) x18 0x00000000
core   0: 0x80004cf0 (0x0000994a) c.add   s2, s2
core   0: 0 0x80004cf0 (0x994a) x18 0x00000000
core   0: 0x80004cf2 (0x0000717d) c.addi16sp sp, -16
core   0: 0 0x80004cf2 (0x717d) x2  0x7fffffe0
core   0: 0x80004cf4 (0x00004df9) c.li    s11, 30
core   0: 0 0x80004cf4 (0x4df9) x27 0x0000001e
core   0: 0x80004cf6 (0x02f78d63) beq     a5, a5, pc + 58
core   0: 0 0x80004cf6 (0x02f78d63)
core   0: 0x80004d30 (0x0116ce33) xor     t3, a3, a7
core   0: 0 0x80004d30 (0x0116ce33) x28 0x80025ce4
core   0: 0x80004d34 (0xa047bb13) sltiu   s6, a5, -1532
core   0: 0 0x80004d34 (0xa047bb13) x22 0x00000001
core   0: 0x80004d38 (0x4097db33) sra     s6, a5, s1
core   0: 0 0x80004d38 (0x4097db33) x22 0xfffecabb
core   0: 0x80004d3c (0x00000e8a) c.slli  t4, 2
core   0: 0 0x80004d3c (0x0e8a) x29 0x00087b90
core   0: 0x80004d3e (0x0000933e) c.add   t1, a5
core   0: 0 0x80004d3e (0x933e) x6  0xb2aefce4
core   0: 0x80004d40 (0x028f1233) mulh    tp, t5, s0
core   0: 0 0x80004d40 (0x028f1233) x4  0xffffff70
core   0: 0x80004d44 (0x00e43033) sltu    zero, s0, a4
core   0: 0 0x80004d44 (0x00e43033)
core   0: 0x80004d48 (0x03b9f8b3) remu    a7, s3, s11
core   0: 0 0x80004d48 (0x03b9f8b3) x17 0x00000000
core   0: 0x80004d4c (0x00001b84) c.addi4spn s1, sp, 496
core   0: 0 0x80004d4c (0x1b84) x9  0x800001d0
core   0: 0x80004d4e (0x00008f51) c.or    a4, a2
core   0: 0 0x80004d4e (0x8f51) x14 0x00000000
core   0: 0x80004d50 (0x0000c715) c.beqz  a4, pc + 44
core   0: 0 0x80004d50 (0xc715)
core   0: 0x80004d7c (0x01f8a633) slt     a2, a7, t6
core   0: 0 0x80004d7c (0x01f8a633) x12 0x00000000
core   0: 0x80004d80 (0x037d38b3) mulhu   a7, s10, s7
core   0: 0 0x80004d80 (0x037d38b3) x17 0x80021ee4
core   0: 0x80004d84 (0x00006995) c.lui   s3, 0x5
core   0: 0 0x80004d84 (0x6995) x19 0x00005000
core   0: 0x80004d86 (0x0000717d) c.addi16sp sp, -16
core   0: 0 0x80004d86 (0x717d) x2  0x7fffffd0
core   0: 0x80004d88 (0x00d6bc33) sltu    s8, a3, a3
core   0: 0 0x80004d88 (0x00d6bc33) x24 0x00000000
core   0: 0x80004d8c (0x045cd263) bge     s9, t0, pc + 68
core   0: 0 0x80004d8c (0x045cd263)
core   0: 0x80004d90 (0xc38c5d17) auipc   s10, 0xc38c5
core   0: 0 0x80004d90 (0xc38c5d17) x26 0x438c9d90
core   0: 0x80004d94 (0x41d98eb3) sub     t4, s3, t4
core   0: 0 0x80004d94 (0x41d98eb3) x29 0xfff7d470
core   0: 0x80004d98 (0x05921163) bne     tp, s9, pc + 66
core   0: 0 0x80004d98 (0x05921163)
core   0: 0x80004dda (0x0ff0000f) fence   iorw,iorw
core   0: 0 0x80004dda (0x0ff0000f)
core   0: 0x80004dde (0x903e3e13) sltiu   t3, t3, -1789
core   0: 0 0x80004dde (0x903e3e13) x28 0x00000001
core   0: 0x80004de2 (0x016f68b3) or      a7, t5, s6
core   0: 0 0x80004de2 (0x016f68b3) x17 0xfffedbbf
core   0: 0x80004de6 (0x0350db63) bge     ra, s5, pc + 54
core   0: 0 0x80004de6 (0x0350db63)
core   0: 0x80004e1c (0x00b60463) beq     a2, a1, pc + 8
core   0: 0 0x80004e1c (0x00b60463)
core   0: 0x80004e20 (0x0ff0000f) fence   iorw,iorw
core   0: 0 0x80004e20 (0x0ff0000f)
core   0: 0x80004e24 (0x00000900) c.addi4spn s0, sp, 144
core   0: 0 0x80004e24 (0x0900) x8  0x80000060
core   0: 0x80004e26 (0x0073a633) slt     a2, t2, t2
core   0: 0 0x80004e26 (0x0073a633) x12 0x00000000
core   0: 0x80004e2a (0x0000e48d) c.bnez  s1, pc + 42
core   0: 0 0x80004e2a (0xe48d)
core   0: 0x80004e54 (0x03fa8a33) mul     s4, s5, t6
core   0: 0 0x80004e54 (0x03fa8a33) x20 0x00000000
core   0: 0x80004e58 (0x00008829) c.andi  s0, 10
core   0: 0 0x80004e58 (0x8829) x8  0x00000000
core   0: 0x80004e5a (0x00000118) c.addi4spn a4, sp, 128
core   0: 0 0x80004e5a (0x0118) x14 0x80000050
core   0: 0x80004e5c (0x00000488) c.addi4spn a0, sp, 576
core   0: 0 0x80004e5c (0x0488) x10 0x80000210
core   0: 0x80004e5e (0x411c5933) sra     s2, s8, a7
core   0: 0 0x80004e5e (0x411c5933) x18 0x00000000
core   0: 0x80004e62 (0x03633c33) mulhu   s8, t1, s6
core   0: 0 0x80004e62 (0x03633c33) x24 0xb2ae2506
core   0: 0x80004e66 (0x41930cb3) sub     s9, t1, s9
core   0: 0 0x80004e66 (0x41930cb3) x25 0xb2aefce4
core   0: 0x80004e6a (0x03ea9db3) mulh    s11, s5, t5
core   0: 0 0x80004e6a (0x03ea9db3) x27 0x00000010
core   0: 0x80004e6e (0x00008c8d) c.sub   s1, a1
core   0: 0 0x80004e6e (0x8c8d) x9  0xfffde36c
core   0: 0x80004e70 (0x9186e313) ori     t1, a3, -1768
core   0: 0 0x80004e70 (0x9186e313) x6  0xfffffdfc
core   0: 0x80004e74 (0x00000001) c.nop
core   0: 0 0x80004e74 (0x0001)
core   0: 0x80004e76 (0xc2426f93) ori     t6, tp, -988
core   0: 0 0x80004e76 (0xc2426f93) x31 0xffffff74
core   0: 0x80004e7a (0x00000c5e) c.slli  s8, 23
core   0: 0 0x80004e7a (0x0c5e) x24 0x83000000
core   0: 0x80004e7c (0x03478e33) mul     t3, a5, s4
core   0: 0 0x80004e7c (0x03478e33) x28 0x00000000
core   0: 0x80004e80 (0x01c37d63) bgeu    t1, t3, pc + 26
core   0: 0 0x80004e80 (0x01c37d63)
core   0: 0x80004e9a (0x55da1517) auipc   a0, 0x55da1
core   0: 0 0x80004e9a (0x55da1517) x10 0xd5da5e9a
core   0: 0x80004e9e (0x00006731) c.lui   a4, 0xc
core   0: 0 0x80004e9e (0x6731) x14 0x0000c000
core   0: 0x80004ea0 (0x003be433) or      s0, s7, gp
core   0: 0 0x80004ea0 (0x003be433) x8  0xd8da9ef4
core   0: 0x80004ea4 (0x3b1aca13) xori    s4, s5, 945
core   0: 0 0x80004ea4 (0x3b1aca13) x20 0xfffffc6e
core   0: 0x80004ea8 (0x4103dc13) srai    s8, t2, 16
core   0: 0 0x80004ea8 (0x4103dc13) x24 0x00000000
core   0: 0x80004eac (0x00000001) c.nop
core   0: 0 0x80004eac (0x0001)
core   0: 0x80004eae (0xf9673317) auipc   t1, 0xf9673
core   0: 0 0x80004eae (0xf9673317) x6  0x79677eae
core   0: 0x80004eb2 (0x29600eb7) lui     t4, 0x29600
core   0: 0 0x80004eb2 (0x29600eb7) x29 0x29600000
core   0: 0x80004eb6 (0x02712733) mulhsu  a4, sp, t2
core   0: 0 0x80004eb6 (0x02712733) x14 0x00000000
core   0: 0x80004eba (0x00000ea5) c.addi  t4, 9
core   0: 0 0x80004eba (0x0ea5) x29 0x29600009
core   0: 0x80004ebc (0x03321db3) mulh    s11, tp, s3
core   0: 0 0x80004ebc (0x03321db3) x27 0xffffffff
core   0: 0x80004ec0 (0x00008d59) c.or    a0, a4
core   0: 0 0x80004ec0 (0x8d59) x10 0xd5da5e9a
core   0: 0x80004ec2 (0x4d7b6613) ori     a2, s6, 1239
core   0: 0 0x80004ec2 (0x4d7b6613) x12 0xfffeceff
core   0: 0x80004ec6 (0x0031d333) srl     t1, gp, gp
core   0: 0 0x80004ec6 (0x0031d333) x6  0x058d89ca
core   0: 0x80004eca (0x30286e93) ori     t4, a6, 770
core   0: 0 0x80004eca (0x30286e93) x29 0x00000302
core   0: 0x80004ece (0x0000117d) c.addi  sp, -1
core   0: 0 0x80004ece (0x117d) x2  0x7fffffcf
core   0: 0x80004ed0 (0x00000001) c.nop
core   0: 0 0x80004ed0 (0x0001)
core   0: 0x80004ed2 (0x02d20233) mul     tp, tp, a3
core   0: 0 0x80004ed2 (0x02d20233) x4  0xfeabbfc0
core   0: 0x80004ed6 (0x9390a313) slti    t1, ra, -1735
core   0: 0 0x80004ed6 (0x9390a313) x6  0x00000000
core   0: 0x80004eda (0x0000c619) c.beqz  a2, pc + 14
core   0: 0 0x80004eda (0xc619)
core   0: 0x80004edc (0x00bf5f33) srl     t5, t5, a1
core   0: 0 0x80004edc (0x00bf5f33) x30 0x0800219a
core   0: 0x80004ee0 (0x02309163) bne     ra, gp, pc + 34
core   0: 0 0x80004ee0 (0x02309163)
core   0: 0x80004f02 (0x00008ae2) c.mv    s5, s8
core   0: 0 0x80004f02 (0x8ae2) x21 0x00000000
core   0: 0x80004f04 (0x00001afd) c.addi  s5, -1
core   0: 0 0x80004f04 (0x1afd) x21 0xffffffff
core   0: 0x80004f06 (0x00008d25) c.xor   a0, s1
core   0: 0 0x80004f06 (0x8d25) x10 0x2a27bdf6
core   0: 0x80004f08 (0x039e5b33) divu    s6, t3, s9
core   0: 0 0x80004f08 (0x039e5b33) x22 0x00000000
core   0: 0x80004f0c (0x0373fcb3) remu    s9, t2, s7
core   0: 0 0x80004f0c (0x0373fcb3) x25 0x00000000
core   0: 0x80004f10 (0x000b5a33) srl     s4, s6, zero
core   0: 0 0x80004f10 (0x000b5a33) x20 0x00000000
core   0: 0x80004f14 (0x015c2ab3) slt     s5, s8, s5
core   0: 0 0x80004f14 (0x015c2ab3) x21 0x00000000
core   0: 0x80004f18 (0x0000cf01) c.beqz  a4, pc + 24
core   0: 0 0x80004f18 (0xcf01)
core   0: 0x80004f30 (0x010f9b13) slli    s6, t6, 16
core   0: 0 0x80004f30 (0x010f9b13) x22 0xff740000
core   0: 0x80004f34 (0x00000626) c.slli  a2, 9
core   0: 0 0x80004f34 (0x0626) x12 0xfd9dfe00
core   0: 0x80004f36 (0x03e47f63) bgeu    s0, t5, pc + 62
core   0: 0 0x80004f36 (0x03e47f63)
core   0: 0x80004f74 (0x40c75793) srai    a5, a4, 12
core   0: 0 0x80004f74 (0x40c75793) x15 0x00000000
core   0: 0x80004f78 (0x02f638b3) mulhu   a7, a2, a5
core   0: 0 0x80004f78 (0x02f638b3) x17 0x00000000
core   0: 0x80004f7c (0xb9cea813) slti    a6, t4, -1124
core   0: 0 0x80004f7c (0xb9cea813) x16 0x00000000
core   0: 0x80004f80 (0x00001588) c.addi4spn a0, sp, 736
core   0: 0 0x80004f80 (0x1588) x10 0x800002af
core   0: 0x80004f82 (0x401e5b93) srai    s7, t3, 1
core   0: 0 0x80004f82 (0x401e5b93) x23 0x00000000
core   0: 0x80004f86 (0x019cae33) slt     t3, s9, s9
core   0: 0 0x80004f86 (0x019cae33) x28 0x00000000
core   0: 0x80004f8a (0x0000717d) c.addi16sp sp, -16
core   0: 0 0x80004f8a (0x717d) x2  0x7fffffbf
core   0: 0x80004f8c (0x02e607b3) mul     a5, a2, a4
core   0: 0 0x80004f8c (0x02e607b3) x15 0x00000000
core   0: 0x80004f90 (0x00008c79) c.and   s0, a4
core   0: 0 0x80004f90 (0x8c79) x8  0x00000000
core   0: 0x80004f92 (0x01bf1c13) slli    s8, t5, 27
core   0: 0 0x80004f92 (0x01bf1c13) x24 0xd0000000
core   0: 0x80004f96 (0x416f5713) srai    a4, t5, 22
core   0: 0 0x80004f96 (0x416f5713) x14 0x00000020
core   0: 0x80004f9a (0x00008325) c.srli  a4, 9
core   0: 0 0x80004f9a (0x8325) x14 0x00000000
core   0: 0x80004f9c (0x00008fed) c.and   a5, a1
core   0: 0 0x80004f9c (0x8fed) x15 0x00000000
core   0: 0x80004f9e (0x00000001) c.nop
core   0: 0 0x80004f9e (0x0001)
core   0: 0x80004fa0 (0x01e59863) bne     a1, t5, pc + 16
core   0: 0 0x80004fa0 (0x01e59863)
core   0: 0x80004fb0 (0x00008cfd) c.and   s1, a5
core   0: 0 0x80004fb0 (0x8cfd) x9  0x00000000
core   0: 0x80004fb2 (0x00bebeb3) sltu    t4, t4, a1
core   0: 0 0x80004fb2 (0x00bebeb3) x29 0x00000001
core   0: 0x80004fb6 (0x02191fb3) mulh    t6, s2, ra
core   0: 0 0x80004fb6 (0x02191fb3) x31 0x00000000
core   0: 0x80004fba (0x000c8c33) add     s8, s9, zero
core   0: 0 0x80004fba (0x000c8c33) x24 0x00000000
core   0: 0x80004fbe (0x00000e5a) c.slli  t3, 22
core   0: 0 0x80004fbe (0x0e5a) x28 0x00000000
core   0: 0x80004fc0 (0x41db0733) sub     a4, s6, t4
core   0: 0 0x80004fc0 (0x41db0733) x14 0xff73ffff
core   0: 0x80004fc4 (0x01e9d093) srli    ra, s3, 30
core   0: 0 0x80004fc4 (0x01e9d093) x1  0x00000000
core   0: 0x80004fc8 (0x000092f6) c.add   t0, t4
core   0: 0 0x80004fc8 (0x92f6) x5  0x0000d001
core   0: 0x80004fca (0x00008e01) c.sub   a2, s0
core   0: 0 0x80004fca (0x8e01) x12 0xfd9dfe00
core   0: 0x80004fcc (0x0049b7b3) sltu    a5, s3, tp
core   0: 0 0x80004fcc (0x0049b7b3) x15 0x00000001
core   0: 0x80004fd0 (0x00001788) c.addi4spn a0, sp, 992
core   0: 0 0x80004fd0 (0x1788) x10 0x8000039f
core   0: 0x80004fd2 (0x00006945) c.lui   s2, 0x11
core   0: 0 0x80004fd2 (0x6945) x18 0x00011000
core   0: 0x80004fd4 (0x0353cd33) div     s10, t2, s5
core   0: 0 0x80004fd4 (0x0353cd33) x26 0xffffffff
core   0: 0x80004fd8 (0x11022313) slti    t1, tp, 272
core   0: 0 0x80004fd8 (0x11022313) x6  0x00000001
core   0: 0x80004fdc (0x0000ed0d) c.bnez  a0, pc + 58
core   0: 0 0x80004fdc (0xed0d)
core   0: 0x80005016 (0x00fad293) srli    t0, s5, 15
core   0: 0 0x80005016 (0x00fad293) x5  0x00000000
core   0: 0x8000501a (0x0000127d) c.addi  tp, -1
core   0: 0 0x8000501a (0x127d) x4  0xfeabbfbf
core   0: 0x8000501c (0x000083f5) c.srli  a5, 29
core   0: 0 0x8000501c (0x83f5) x15 0x00000000
core   0: 0x8000501e (0x00008e6e) c.mv    t3, s11
core   0: 0 0x8000501e (0x8e6e) x28 0xffffffff
core   0: 0x80005020 (0x0000100f) fence.i
core   0: 0 0x80005020 (0x0000100f)
core   0: 0x80005024 (0x00008fb1) c.xor   a5, a2
core   0: 0 0x80005024 (0x8fb1) x15 0xfd9dfe00
core   0: 0x80005026 (0x00008fe9) c.and   a5, a0
core   0: 0 0x80005026 (0x8fe9) x15 0x80000200
core   0: 0x80005028 (0x0279eb33) rem     s6, s3, t2
core   0: 0 0x80005028 (0x0279eb33) x22 0x00005000
core   0: 0x8000502c (0x00008ce5) c.and   s1, s1
core   0: 0 0x8000502c (0x8ce5) x9  0x00000000
core   0: 0x8000502e (0x00001508) c.addi4spn a0, sp, 672
core   0: 0 0x8000502e (0x1508) x10 0x8000025f
core   0: 0x80005030 (0x00953533) sltu    a0, a0, s1
core   0: 0 0x80005030 (0x00953533) x10 0x00000000
core   0: 0x80005034 (0x02545533) divu    a0, s0, t0
core   0: 0 0x80005034 (0x02545533) x10 0xffffffff
core   0: 0x80005038 (0x02b46f33) rem     t5, s0, a1
core   0: 0 0x80005038 (0x02b46f33) x30 0x00000000
core   0: 0x8000503c (0x0000e11d) c.bnez  a0, pc + 38
core   0: 0 0x8000503c (0xe11d)
core   0: 0x80005062 (0x01583b33) sltu    s6, a6, s5
core   0: 0 0x80005062 (0x01583b33) x22 0x00000000
core   0: 0x80005066 (0x025918b3) mulh    a7, s2, t0
core   0: 0 0x80005066 (0x025918b3) x17 0x00000000
core   0: 0x8000506a (0x5f842313) slti    t1, s0, 1528
core   0: 0 0x8000506a (0x5f842313) x6  0x00000001
core   0: 0x8000506e (0x0195ac33) slt     s8, a1, s9
core   0: 0 0x8000506e (0x0195ac33) x24 0x00000001
core   0: 0x80005072 (0x02bd5663) bge     s10, a1, pc + 44
core   0: 0 0x80005072 (0x02bd5663)
core   0: 0x8000509e (0x013a3bb3) sltu    s7, s4, s3
core   0: 0 0x8000509e (0x013a3bb3) x23 0x00000001
core   0: 0x800050a2 (0x02c261b3) rem     gp, tp, a2
core   0: 0 0x800050a2 (0x02c261b3) x3  0xfeabbfbf
core   0: 0x800050a6 (0x00009422) c.add   s0, s0
core   0: 0 0x800050a6 (0x9422) x8  0x00000000
core   0: 0x800050a8 (0x8215ac13) slti    s8, a1, -2015
core   0: 0 0x800050a8 (0x8215ac13) x24 0x00000001
core   0: 0x800050ac (0x621fe493) ori     s1, t6, 1569
core   0: 0 0x800050ac (0x621fe493) x9  0x00000621
core   0: 0x800050b0 (0x0000870e) c.mv    a4, gp
core   0: 0 0x800050b0 (0x870e) x14 0xfeabbfbf
core   0: 0x800050b2 (0x022b4a33) div     s4, s6, sp
core   0: 0 0x800050b2 (0x022b4a33) x20 0x00000000
core   0: 0x800050b6 (0x427c3213) sltiu   tp, s8, 1063
core   0: 0 0x800050b6 (0x427c3213) x4  0x00000001
core   0: 0x800050ba (0x0000866d) c.srai  a2, 27
core   0: 0 0x800050ba (0x866d) x12 0xffffffff
core   0: 0x800050bc (0xd3c4e513) ori     a0, s1, -708
core   0: 0 0x800050bc (0xd3c4e513) x10 0xffffff3d
core   0: 0x800050c0 (0x00008a42) c.mv    s4, a6
core   0: 0 0x800050c0 (0x8a42) x20 0x00000000
core   0: 0x800050c2 (0x05680063) beq     a6, s6, pc + 64
core   0: 0 0x800050c2 (0x05680063)
core   0: 0x80005102 (0x417ed1b3) sra     gp, t4, s7
core   0: 0 0x80005102 (0x417ed1b3) x3  0x00000000
core   0: 0x80005106 (0x7cb23113) sltiu   sp, tp, 1995
core   0: 0 0x80005106 (0x7cb23113) x2  0x00000001
core   0: 0x8000510a (0x0000100f) fence.i
core   0: 0 0x8000510a (0x0000100f)
core   0: 0x8000510e (0x40fdd613) srai    a2, s11, 15
core   0: 0 0x8000510e (0x40fdd613) x12 0xffffffff
core   0: 0x80005112 (0x000080f9) c.srli  s1, 30
core   0: 0 0x80005112 (0x80f9) x9  0x00000000
core   0: 0x80005114 (0x00000998) c.addi4spn a4, sp, 208
core   0: 0 0x80005114 (0x0998) x14 0x000000d1
core   0: 0x80005116 (0x00f8f533) and     a0, a7, a5
core   0: 0 0x80005116 (0x00f8f533) x10 0x00000000
core   0: 0x8000511a (0x1d194a17) auipc   s4, 0x1d194
core   0: 0 0x8000511a (0x1d194a17) x20 0x9d19911a
core   0: 0x8000511e (0x00008d5d) c.or    a0, a5
core   0: 0 0x8000511e (0x8d5d) x10 0x80000200
core   0: 0x80005120 (0x00000752) c.slli  a4, 20
core   0: 0 0x80005120 (0x0752) x14 0x0d100000
core   0: 0x80005122 (0x00000001) c.nop
core   0: 0 0x80005122 (0x0001)
core   0: 0x80005124 (0x00000e0a) c.slli  t3, 2
core   0: 0 0x80005124 (0x0e0a) x28 0xfffffffc
core   0: 0x80005126 (0x0ff0000f) fence   iorw,iorw
core   0: 0 0x80005126 (0x0ff0000f)
core   0: 0x8000512a (0x00f40733) add     a4, s0, a5
core   0: 0 0x8000512a (0x00f40733) x14 0x80000200
core   0: 0x8000512e (0x00000fc6) c.slli  t6, 17
core   0: 0 0x8000512e (0x0fc6) x31 0x00000000
core   0: 0x80005130 (0x02296e33) rem     t3, s2, sp
core   0: 0 0x80005130 (0x02296e33) x28 0x00000000
core   0: 0x80005134 (0x00000490) c.addi4spn a2, sp, 576
core   0: 0 0x80005134 (0x0490) x12 0x00000241
core   0: 0x80005136 (0x035edc33) divu    s8, t4, s5
core   0: 0 0x80005136 (0x035edc33) x24 0xffffffff
core   0: 0x8000513a (0x011e50b3) srl     ra, t3, a7
core   0: 0 0x8000513a (0x011e50b3) x1  0x00000000
core   0: 0x8000513e (0x00001480) c.addi4spn s0, sp, 608
core   0: 0 0x8000513e (0x1480) x8  0x00000261
core   0: 0x80005140 (0xb5610c37) lui     s8, 0xb5610
core   0: 0 0x80005140 (0xb5610c37) x24 0xb5610000
core   0: 0x80005144 (0xbab9d0b7) lui     ra, 0xbab9d
core   0: 0 0x80005144 (0xbab9d0b7) x1  0xbab9d000
core   0: 0x80005148 (0xaea2a493) slti    s1, t0, -1302
core   0: 0 0x80005148 (0xaea2a493) x9  0x00000000
core   0: 0x8000514c (0x02ef7b33) remu    s6, t5, a4
core   0: 0 0x8000514c (0x02ef7b33) x22 0x00000000
core   0: 0x80005150 (0x0157f8b3) and     a7, a5, s5
core   0: 0 0x80005150 (0x0157f8b3) x17 0x00000000
core   0: 0x80005154 (0x41965033) sra     zero, a2, s9
core   0: 0 0x80005154 (0x41965033)
core   0: 0x80005158 (0x03d48733) mul     a4, s1, t4
core   0: 0 0x80005158 (0x03d48733) x14 0x00000000
core   0: 0x8000515c (0x01152233) slt     tp, a0, a7
core   0: 0 0x8000515c (0x01152233) x4  0x00000001
core   0: 0x80005160 (0x00000241) c.addi  tp, 16
core   0: 0 0x80005160 (0x0241) x4  0x00000011
core   0: 0x80005162 (0x0000100f) fence.i
core   0: 0 0x80005162 (0x0000100f)
core   0: 0x80005166 (0x00009cfe) c.add   s9, t6
core   0: 0 0x80005166 (0x9cfe) x25 0x00000000
core   0: 0x80005168 (0x01f75613) srli    a2, a4, 31
core   0: 0 0x80005168 (0x01f75613) x12 0x00000000
core   0: 0x8000516c (0x00008e69) c.and   a2, a0
core   0: 0 0x8000516c (0x8e69) x12 0x00000000
core   0: 0x8000516e (0x0000eb19) c.bnez  a4, pc + 22
core   0: 0 0x8000516e (0xeb19)
core   0: 0x80005170 (0x0000100f) fence.i
core   0: 0 0x80005170 (0x0000100f)
core   0: 0x80005174 (0x00000b42) c.slli  s6, 16
core   0: 0 0x80005174 (0x0b42) x22 0x00000000
core   0: 0x80005176 (0x4c7d3a97) auipc   s5, 0x4c7d3
core   0: 0 0x80005176 (0x4c7d3a97) x21 0xcc7d8176
core   0: 0x8000517a (0x41815113) srai    sp, sp, 24
core   0: 0 0x8000517a (0x41815113) x2  0x00000000
core   0: 0x8000517e (0x00000ced) c.addi  s9, 27
core   0: 0 0x8000517e (0x0ced) x25 0x0000001b
core   0: 0x80005180 (0xfe992613) slti    a2, s2, -23
core   0: 0 0x80005180 (0xfe992613) x12 0x00000000
core   0: 0x80005184 (0x0000527d) c.li    tp, -1
core   0: 0 0x80005184 (0x527d) x4  0xffffffff
core   0: 0x80005186 (0x35747f13) andi    t5, s0, 855
core   0: 0 0x80005186 (0x35747f13) x30 0x00000241
core   0: 0x8000518a (0x41bf5c13) srai    s8, t5, 27
core   0: 0 0x8000518a (0x41bf5c13) x24 0x00000000
core   0: 0x8000518e (0x417b5813) srai    a6, s6, 23
core   0: 0 0x8000518e (0x417b5813) x16 0x00000000
core   0: 0x80005192 (0x02209f63) bne     ra, sp, pc + 62
core   0: 0 0x80005192 (0x02209f63)
core   0: 0x800051d0 (0x00086a33) or      s4, a6, zero
core   0: 0 0x800051d0 (0x00086a33) x20 0x00000000
core   0: 0x800051d4 (0x00008296) c.mv    t0, t0
core   0: 0 0x800051d4 (0x8296) x5  0x00000000
core   0: 0x800051d6 (0x01aaddb3) srl     s11, s5, s10
core   0: 0 0x800051d6 (0x01aaddb3) x27 0x00000001
core   0: 0x800051da (0x0000466d) c.li    a2, 27
core   0: 0 0x800051da (0x466d) x12 0x0000001b
core   0: 0x800051dc (0x015f1b33) sll     s6, t5, s5
core   0: 0 0x800051dc (0x015f1b33) x22 0x90400000
core   0: 0x800051e0 (0x41a0d933) sra     s2, ra, s10
core   0: 0 0x800051e0 (0x41a0d933) x18 0xffffffff
core   0: 0x800051e4 (0x036862b3) rem     t0, a6, s6
core   0: 0 0x800051e4 (0x036862b3) x5  0x00000000
core   0: 0x800051e8 (0x0000100f) fence.i
core   0: 0 0x800051e8 (0x0000100f)
core   0: 0x800051ec (0x00000001) c.nop
core   0: 0 0x800051ec (0x0001)
core   0: 0x800051ee (0x0000615d) c.addi16sp sp, 432
core   0: 0 0x800051ee (0x615d) x2  0x000001b0
core   0: 0x800051f0 (0x0adafc93) andi    s9, s5, 173
core   0: 0 0x800051f0 (0x0adafc93) x25 0x00000024
core   0: 0x800051f4 (0x0000717d) c.addi16sp sp, -16
core   0: 0 0x800051f4 (0x717d) x2  0x000001a0
core   0: 0x800051f6 (0x00008331) c.srli  a4, 12
core   0: 0 0x800051f6 (0x8331) x14 0x00000000
core   0: 0x800051f8 (0x0000911e) c.add   sp, t2
core   0: 0 0x800051f8 (0x911e) x2  0x000001a0
core   0: 0x800051fa (0x0000cd09) c.beqz  a0, pc + 26
core   0: 0 0x800051fa (0xcd09)
core   0: 0x800051fc (0x4548dbb7) lui     s7, 0x4548d
core   0: 0 0x800051fc (0x4548dbb7) x23 0x4548d000
core   0: 0x80005200 (0xddaa6c93) ori     s9, s4, -550
core   0: 0 0x80005200 (0xddaa6c93) x25 0xfffffdda
core   0: 0x80005204 (0x01b96863) bltu    s2, s11, pc + 16
core   0: 0 0x80005204 (0x01b96863)
core   0: 0x80005208 (0x0ff0000f) fence   iorw,iorw
core   0: 0 0x80005208 (0x0ff0000f)
core   0: 0x8000520c (0x41c159b3) sra     s3, sp, t3
core   0: 0 0x8000520c (0x41c159b3) x19 0x000001a0
core   0: 0x80005210 (0x0000100f) fence.i
core   0: 0 0x80005210 (0x0000100f)
core   0: 0x80005214 (0x00008f95) c.sub   a5, a3
core   0: 0 0x80005214 (0x8f95) x15 0xfffda51c
core   0: 0x80005216 (0x00001400) c.addi4spn s0, sp, 544
core   0: 0 0x80005216 (0x1400) x8  0x000003c0
core   0: 0x80005218 (0x00008f15) c.sub   a4, a3
core   0: 0 0x80005218 (0x8f15) x14 0x7ffda31c
core   0: 0x8000521a (0x00008729) c.srai  a4, 10
core   0: 0 0x8000521a (0x8729) x14 0x001fff68
core   0: 0x8000521c (0x0044e333) or      t1, s1, tp
core   0: 0 0x8000521c (0x0044e333) x6  0xffffffff
core   0: 0x80005220 (0x0000087e) c.slli  a6, 31
core   0: 0 0x80005220 (0x087e) x16 0x00000000
core   0: 0x80005222 (0x00008151) c.srli  a0, 20
core   0: 0 0x80005222 (0x8151) x10 0x00000800
core   0: 0x80005224 (0x41b80833) sub     a6, a6, s11
core   0: 0 0x80005224 (0x41b80833) x16 0xffffffff
core   0: 0x80005228 (0x00008d21) c.xor   a0, s0
core   0: 0 0x80005228 (0x8d21) x10 0x00000bc0
core   0: 0x8000522a (0x00000001) c.nop
core   0: 0 0x8000522a (0x0001)
core   0: 0x8000522c (0x00008dda) c.mv    s11, s6
core   0: 0 0x8000522c (0x8dda) x27 0x90400000
core   0: 0x8000522e (0x00009d2a) c.add   s10, a0
core   0: 0 0x8000522e (0x9d2a) x26 0x00000bbf
core   0: 0x80005230 (0x0172d433) srl     s0, t0, s7
core   0: 0 0x80005230 (0x0172d433) x8  0x00000000
core   0: 0x80005234 (0x00004615) c.li    a2, 5
core   0: 0 0x80005234 (0x4615) x12 0x00000005
core   0: 0x80005236 (0x0000ed05) c.bnez  a0, pc + 56
core   0: 0 0x80005236 (0xed05)
core   0: 0x8000526e (0x00001e88) c.addi4spn a0, sp, 880
core   0: 0 0x8000526e (0x1e88) x10 0x00000510
core   0: 0x80005270 (0x01fdbc33) sltu    s8, s11, t6
core   0: 0 0x80005270 (0x01fdbc33) x24 0x00000000
core   0: 0x80005274 (0x007970b3) and     ra, s2, t2
core   0: 0 0x80005274 (0x007970b3) x1  0x00000000
core   0: 0x80005278 (0x01568833) add     a6, a3, s5
core   0: 0 0x80005278 (0x01568833) x16 0x4c7fde5a
core   0: 0x8000527c (0x029ca433) mulhsu  s0, s9, s1
core   0: 0 0x8000527c (0x029ca433) x8  0x00000000
core   0: 0x80005280 (0x02f7c2b3) div     t0, a5, a5
core   0: 0 0x80005280 (0x02f7c2b3) x5  0x00000001
core   0: 0x80005284 (0x0ff0000f) fence   iorw,iorw
core   0: 0 0x80005284 (0x0ff0000f)
core   0: 0x80005288 (0x401457b3) sra     a5, s0, ra
core   0: 0 0x80005288 (0x401457b3) x15 0x00000000
core   0: 0x8000528c (0x02476a33) rem     s4, a4, tp
core   0: 0 0x8000528c (0x02476a33) x20 0x00000000
core   0: 0x80005290 (0x005ec333) xor     t1, t4, t0
core   0: 0 0x80005290 (0x005ec333) x6  0x00000000
core   0: 0x80005294 (0x034a6633) rem     a2, s4, s4
core   0: 0 0x80005294 (0x034a6633) x12 0x00000000
core   0: 0x80005298 (0x0258df63) bge     a7, t0, pc + 62
core   0: 0 0x80005298 (0x0258df63)
core   0: 0x8000529c (0x01321d33) sll     s10, tp, s3
core   0: 0 0x8000529c (0x01321d33) x26 0xffffffff
core   0: 0x800052a0 (0x038f1bb3) mulh    s7, t5, s8
core   0: 0 0x800052a0 (0x038f1bb3) x23 0x00000000
core   0: 0x800052a4 (0x000083a9) c.srli  a5, 10
core   0: 0 0x800052a4 (0x83a9) x15 0x00000000
core   0: 0x800052a6 (0x02af5633) divu    a2, t5, a0
core   0: 0 0x800052a6 (0x02af5633) x12 0x00000000
core   0: 0x800052aa (0x00001718) c.addi4spn a4, sp, 928
core   0: 0 0x800052aa (0x1718) x14 0x00000540
core   0: 0x800052ac (0x0012ba33) sltu    s4, t0, ra
core   0: 0 0x800052ac (0x0012ba33) x20 0x00000000
core   0: 0x800052b0 (0x00f89133) sll     sp, a7, a5
core   0: 0 0x800052b0 (0x00f89133) x2  0x00000000
core   0: 0x800052b4 (0xced96293) ori     t0, s2, -787
core   0: 0 0x800052b4 (0xced96293) x5  0xffffffff
core   0: 0x800052b8 (0x00000001) c.nop
core   0: 0 0x800052b8 (0x0001)
core   0: 0x800052ba (0x40915f93) srai    t6, sp, 9
core   0: 0 0x800052ba (0x40915f93) x31 0x00000000
core   0: 0x800052be (0x01fc9f13) slli    t5, s9, 31
core   0: 0 0x800052be (0x01fc9f13) x30 0x00000000
core   0: 0x800052c2 (0x0000c811) c.beqz  s0, pc + 20
core   0: 0 0x800052c2 (0xc811)
core   0: 0x800052d6 (0x000069f9) c.lui   s3, 0x1e
core   0: 0 0x800052d6 (0x69f9) x19 0x0001e000
core   0: 0x800052d8 (0x000082b6) c.mv    t0, a3
core   0: 0 0x800052d8 (0x82b6) x5  0x80025ce4
core   0: 0x800052da (0x010f8cb3) add     s9, t6, a6
core   0: 0 0x800052da (0x010f8cb3) x25 0x4c7fde5a
core   0: 0x800052de (0x41fed2b3) sra     t0, t4, t6
core   0: 0 0x800052de (0x41fed2b3) x5  0x00000001
core   0: 0x800052e2 (0x0042d363) bge     t0, tp, pc + 6
core   0: 0 0x800052e2 (0x0042d363)
core   0: 0x800052e8 (0x6823fa13) andi    s4, t2, 1666
core   0: 0 0x800052e8 (0x6823fa13) x20 0x00000000
core   0: 0x800052ec (0x00dfdb63) bge     t6, a3, pc + 22
core   0: 0 0x800052ec (0x00dfdb63)
core   0: 0x80005302 (0x01abd893) srli    a7, s7, 26
core   0: 0 0x80005302 (0x01abd893) x17 0x00000000
core   0: 0x80005306 (0x00000384) c.addi4spn s1, sp, 448
core   0: 0 0x80005306 (0x0384) x9  0x000001c0
core   0: 0x80005308 (0x00329113) slli    sp, t0, 3
core   0: 0 0x80005308 (0x00329113) x2  0x00000008
core   0: 0x8000530c (0x00008145) c.srli  a0, 17
core   0: 0 0x8000530c (0x8145) x10 0x00000000
core   0: 0x8000530e (0x00006c6d) c.lui   s8, 0x1b
core   0: 0 0x8000530e (0x6c6d) x24 0x0001b000
core   0: 0x80005310 (0x000009ed) c.addi  s3, 27
core   0: 0 0x80005310 (0x09ed) x19 0x0001e01b
core   0: 0x80005312 (0x0000cd05) c.beqz  a0, pc + 56
core   0: 0 0x80005312 (0xcd05)
core   0: 0x8000534a (0xf2e0eb93) ori     s7, ra, -210
core   0: 0 0x8000534a (0xf2e0eb93) x23 0xffffff2e
core   0: 0x8000534e (0x0311c763) blt     gp, a7, pc + 46
core   0: 0 0x8000534e (0x0311c763)
core   0: 0x80005352 (0x019c7233) and     tp, s8, s9
core   0: 0 0x80005352 (0x019c7233) x4  0x00019000
core   0: 0x80005356 (0x97a8ba93) sltiu   s5, a7, -1670
core   0: 0 0x80005356 (0x97a8ba93) x21 0x00000001
core   0: 0x8000535a (0x01cdf763) bgeu    s11, t3, pc + 14
core   0: 0 0x8000535a (0x01cdf763)
core   0: 0x80005368 (0x000064b9) c.lui   s1, 0xe
core   0: 0 0x80005368 (0x64b9) x9  0x0000e000
core   0: 0x8000536a (0x00000001) c.nop
core   0: 0 0x8000536a (0x0001)
core   0: 0x8000536c (0x0000100f) fence.i
core   0: 0 0x8000536c (0x0000100f)
core   0: 0x80005370 (0x0049d333) srl     t1, s3, tp
core   0: 0 0x80005370 (0x0049d333) x6  0x0001e01b
core   0: 0x80005374 (0x0346e663) bltu    a3, s4, pc + 44
core   0: 0 0x80005374 (0x0346e663)
core   0: 0x80005378 (0x9428ad13) slti    s10, a7, -1726
core   0: 0 0x80005378 (0x9428ad13) x26 0x00000000
core   0: 0x8000537c (0x02b29fb3) mulh    t6, t0, a1
core   0: 0 0x8000537c (0x02b29fb3) x31 0xffffffff
core   0: 0x80005380 (0x0ff0000f) fence   iorw,iorw
core   0: 0 0x80005380 (0x0ff0000f)
core   0: 0x80005384 (0x001e9c63) bne     t4, ra, pc + 24
core   0: 0 0x80005384 (0x001e9c63)
core   0: 0x8000539c (0x00008d61) c.and   a0, s0
core   0: 0 0x8000539c (0x8d61) x10 0x00000000
core   0: 0x8000539e (0x0000895d) c.andi  a0, 23
core   0: 0 0x8000539e (0x895d) x10 0x00000000
core   0: 0x800053a0 (0x00009a72) c.add   s4, t3
core   0: 0 0x800053a0 (0x9a72) x20 0x00000000
core   0: 0x800053a2 (0x7ec8a993) slti    s3, a7, 2028
core   0: 0 0x800053a2 (0x7ec8a993) x19 0x00000001
core   0: 0x800053a6 (0x01343fb3) sltu    t6, s0, s3
core   0: 0 0x800053a6 (0x01343fb3) x31 0x00000001
core   0: 0x800053aa (0x00009f7e) c.add   t5, t6
core   0: 0 0x800053aa (0x9f7e) x30 0x00000001
core   0: 0x800053ac (0x0152cf33) xor     t5, t0, s5
core   0: 0 0x800053ac (0x0152cf33) x30 0x00000000
core   0: 0x800053b0 (0x0022ddb3) srl     s11, t0, sp
core   0: 0 0x800053b0 (0x0022ddb3) x27 0x00000000
core   0: 0x800053b4 (0x0ff0000f) fence   iorw,iorw
core   0: 0 0x800053b4 (0x0ff0000f)
core   0: 0x800053b8 (0x00000001) c.nop
core   0: 0 0x800053b8 (0x0001)
core   0: 0x800053ba (0x30a7bd13) sltiu   s10, a5, 778
core   0: 0 0x800053ba (0x30a7bd13) x26 0x00000001
core   0: 0x800053be (0x0000833d) c.srli  a4, 15
core   0: 0 0x800053be (0x833d) x14 0x00000000
core   0: 0x800053c0 (0x008a1433) sll     s0, s4, s0
core   0: 0 0x800053c0 (0x008a1433) x8  0x00000000
core   0: 0x800053c4 (0x023c3e33) mulhu   t3, s8, gp
core   0: 0 0x800053c4 (0x023c3e33) x28 0x00000000
core   0: 0x800053c8 (0x0208a2b3) mulhsu  t0, a7, zero
core   0: 0 0x800053c8 (0x0208a2b3) x5  0x00000000
core   0: 0x800053cc (0x01dc0333) add     t1, s8, t4
core   0: 0 0x800053cc (0x01dc0333) x6  0x0001b001
core   0: 0x800053d0 (0x00593033) sltu    zero, s2, t0
core   0: 0 0x800053d0 (0x00593033)
core   0: 0x800053d4 (0x00006b91) c.lui   s7, 0x4
core   0: 0 0x800053d4 (0x6b91) x23 0x00004000
core   0: 0x800053d6 (0x0385e333) rem     t1, a1, s8
core   0: 0 0x800053d6 (0x0385e333) x6  0xfffe9e64
core   0: 0x800053da (0x02b694b3) mulh    s1, a3, a1
core   0: 0 0x800053da (0x02b694b3) x9  0x3ffdc261
core   0: 0x800053de (0x013dbdb3) sltu    s11, s11, s3
core   0: 0 0x800053de (0x013dbdb3) x27 0x00000001
core   0: 0x800053e2 (0x02c4fa33) remu    s4, s1, a2
core   0: 0 0x800053e2 (0x02c4fa33) x20 0x3ffdc261
core   0: 0x800053e6 (0x41788cb3) sub     s9, a7, s7
core   0: 0 0x800053e6 (0x41788cb3) x25 0xffffc000
core   0: 0x800053ea (0x000080fa) c.mv    ra, t5
core   0: 0 0x800053ea (0x80fa) x1  0x00000000
core   0: 0x800053ec (0x0ff0000f) fence   iorw,iorw
core   0: 0 0x800053ec (0x0ff0000f)
core   0: 0x800053f0 (0x0045f233) and     tp, a1, tp
core   0: 0 0x800053f0 (0x0045f233) x4  0x00001000
core   0: 0x800053f4 (0x03d29333) mulh    t1, t0, t4
core   0: 0 0x800053f4 (0x03d29333) x6  0x00000000
core   0: 0x800053f8 (0x0ff0000f) fence   iorw,iorw
core   0: 0 0x800053f8 (0x0ff0000f)
core   0: 0x800053fc (0xfec94113) xori    sp, s2, -20
core   0: 0 0x800053fc (0xfec94113) x2  0x00000013
core   0: 0x80005400 (0x03c8e1b3) rem     gp, a7, t3
core   0: 0 0x80005400 (0x03c8e1b3) x3  0x00000000
core   0: 0x80005404 (0x00000001) c.nop
core   0: 0 0x80005404 (0x0001)
core   0: 0x80005406 (0x0e614f13) xori    t5, sp, 230
core   0: 0 0x80005406 (0x0e614f13) x30 0x000000f5
core   0: 0x8000540a (0x0ff0000f) fence   iorw,iorw
core   0: 0 0x8000540a (0x0ff0000f)
core   0: 0x8000540e (0x03d59733) mulh    a4, a1, t4
core   0: 0 0x8000540e (0x03d59733) x14 0xffffffff
core   0: 0x80005412 (0x03299833) mulh    a6, s3, s2
core   0: 0 0x80005412 (0x03299833) x16 0xffffffff
core   0: 0x80005416 (0x00008fb9) c.xor   a5, a4
core   0: 0 0x80005416 (0x8fb9) x15 0xffffffff
core   0: 0x80005418 (0x74bc6817) auipc   a6, 0x74bc6
core   0: 0 0x80005418 (0x74bc6817) x16 0xf4bcb418
core   0: 0x8000541c (0x00000109) c.addi  sp, 2
core   0: 0 0x8000541c (0x0109) x2  0x00000015
core   0: 0x8000541e (0x020fb633) mulhu   a2, t6, zero
core   0: 0 0x8000541e (0x020fb633) x12 0x00000000
core   0: 0x80005422 (0x00004c85) c.li    s9, 1
core   0: 0 0x80005422 (0x4c85) x25 0x00000001
core   0: 0x80005424 (0x0000845d) c.srai  s0, 23
core   0: 0 0x80005424 (0x845d) x8  0x00000000
core   0: 0x80005426 (0x0000717d) c.addi16sp sp, -16
core   0: 0 0x80005426 (0x717d) x2  0x00000005
core   0: 0x80005428 (0x0000557d) c.li    a0, -1
core   0: 0 0x80005428 (0x557d) x10 0xffffffff
core   0: 0x8000542a (0x315fdc17) auipc   s8, 0x315fd
core   0: 0 0x8000542a (0x315fdc17) x24 0xb160242a
core   0: 0x8000542e (0x0068d493) srli    s1, a7, 6
core   0: 0 0x8000542e (0x0068d493) x9  0x00000000
core   0: 0x80005432 (0xcb7c7313) andi    t1, s8, -841
core   0: 0 0x80005432 (0xcb7c7313) x6  0xb1602422
core   0: 0x80005436 (0x90482813) slti    a6, a6, -1788
core   0: 0 0x80005436 (0x90482813) x16 0x00000001
core   0: 0x8000543a (0x3157ab97) auipc   s7, 0x3157a
core   0: 0 0x8000543a (0x3157ab97) x23 0xb157f43a
core   0: 0x8000543e (0x01c1aeb3) slt     t4, gp, t3
core   0: 0 0x8000543e (0x01c1aeb3) x29 0x00000000
core   0: 0x80005442 (0x03dc5eb3) divu    t4, s8, t4
core   0: 0 0x80005442 (0x03dc5eb3) x29 0xffffffff
core   0: 0x80005446 (0x00de5913) srli    s2, t3, 13
core   0: 0 0x80005446 (0x00de5913) x18 0x00000000
core   0: 0x8000544a (0x03689fb3) mulh    t6, a7, s6
core   0: 0 0x8000544a (0x03689fb3) x31 0x00000000
core   0: 0x8000544e (0x02b740b3) div     ra, a4, a1
core   0: 0 0x8000544e (0x02b740b3) x1  0x00000000
core   0: 0x80005452 (0x00008c41) c.or    s0, s0
core   0: 0 0x80005452 (0x8c41) x8  0x00000000
core   0: 0x80005454 (0x0199ecb3) or      s9, s3, s9
core   0: 0 0x80005454 (0x0199ecb3) x25 0x00000001
core   0: 0x80005458 (0xa36d4e13) xori    t3, s10, -1482
core   0: 0 0x80005458 (0xa36d4e13) x28 0xfffffa37
core   0: 0x8000545c (0x00008e25) c.xor   a2, s1
core   0: 0 0x8000545c (0x8e25) x12 0x00000000
core   0: 0x8000545e (0x830de193) ori     gp, s11, -2000
core   0: 0 0x8000545e (0x830de193) x3  0xfffff831
core   0: 0x80005462 (0x00008e65) c.and   a2, s1
core   0: 0 0x80005462 (0x8e65) x12 0x00000000
core   0: 0x80005464 (0x6167bc13) sltiu   s8, a5, 1558
core   0: 0 0x80005464 (0x6167bc13) x24 0x00000000
core   0: 0x80005468 (0x41e05793) srai    a5, zero, 30
core   0: 0 0x80005468 (0x41e05793) x15 0x00000000
core   0: 0x8000546c (0x01566c63) bltu    a2, s5, pc + 24
core   0: 0 0x8000546c (0x01566c63)
core   0: 0x80005484 (0x00000001) c.nop
core   0: 0 0x80005484 (0x0001)
core   0: 0x80005486 (0x7ef36813) ori     a6, t1, 2031
core   0: 0 0x80005486 (0x7ef36813) x16 0xb16027ef
core   0: 0x8000548a (0x0000717d) c.addi16sp sp, -16
core   0: 0 0x8000548a (0x717d) x2  0xfffffff5
core   0: 0x8000548c (0x0181c133) xor     sp, gp, s8
core   0: 0 0x8000548c (0x0181c133) x2  0xfffff831
core   0: 0x80005490 (0x0000cf85) c.beqz  a5, pc + 56
core   0: 0 0x80005490 (0xcf85)
core   0: 0x800054c8 (0x00afeb33) or      s6, t6, a0
core   0: 0 0x800054c8 (0x00afeb33) x22 0xffffffff
core   0: 0x800054cc (0x00008739) c.srai  a4, 14
core   0: 0 0x800054cc (0x8739) x14 0xffffffff
core   0: 0x800054ce (0x1c656713) ori     a4, a0, 454
core   0: 0 0x800054ce (0x1c656713) x14 0xffffffff
core   0: 0x800054d2 (0x029aeb33) rem     s6, s5, s1
core   0: 0 0x800054d2 (0x029aeb33) x22 0x00000001
core   0: 0x800054d6 (0x40b7d633) sra     a2, a5, a1
core   0: 0 0x800054d6 (0x40b7d633) x12 0x00000000
core   0: 0x800054da (0x00009f5e) c.add   t5, s7
core   0: 0 0x800054da (0x9f5e) x30 0xb157f52f
core   0: 0x800054dc (0x00000001) c.nop
core   0: 0 0x800054dc (0x0001)
core   0: 0x800054de (0x0000cd05) c.beqz  a0, pc + 56
core   0: 0 0x800054de (0xcd05)
core   0: 0x800054e0 (0x86d93313) sltiu   t1, s2, -1939
core   0: 0 0x800054e0 (0x86d93313) x6  0x00000001
core   0: 0x800054e4 (0x02d7c533) div     a0, a5, a3
core   0: 0 0x800054e4 (0x02d7c533) x10 0x00000000
core   0: 0x800054e8 (0x0344ce63) blt     s1, s4, pc + 60
core   0: 0 0x800054e8 (0x0344ce63)
core   0: 0x80005524 (0x021b29b3) mulhsu  s3, s6, ra
core   0: 0 0x80005524 (0x021b29b3) x19 0x00000000
core   0: 0x80005528 (0x00008379) c.srli  a4, 30
core   0: 0 0x80005528 (0x8379) x14 0x00000003
core   0: 0x8000552a (0x41f78433) sub     s0, a5, t6
core   0: 0 0x8000552a (0x41f78433) x8  0x00000000
core   0: 0x8000552e (0x00008e4d) c.or    a2, a1
core   0: 0 0x8000552e (0x8e4d) x12 0x80021e64
core   0: 0x80005530 (0x03d5edb3) rem     s11, a1, t4
core   0: 0 0x80005530 (0x03d5edb3) x27 0x00000000
core   0: 0x80005534 (0x00001e7d) c.addi  t3, -1
core   0: 0 0x80005534 (0x1e7d) x28 0xfffffa36
core   0: 0x80005536 (0x010c7963) bgeu    s8, a6, pc + 18
core   0: 0 0x80005536 (0x010c7963)
core   0: 0x8000553a (0x01af7b33) and     s6, t5, s10
core   0: 0 0x8000553a (0x01af7b33) x22 0x00000001
core   0: 0x8000553e (0x00008b46) c.mv    s6, a7
core   0: 0 0x8000553e (0x8b46) x22 0x00000000
core   0: 0x80005540 (0x0000c3a9) c.beqz  a5, pc + 66
core   0: 0 0x80005540 (0xc3a9)
core   0: 0x80005582 (0x402d5a93) srai    s5, s10, 2
core   0: 0 0x80005582 (0x402d5a93) x21 0x00000000
core   0: 0x80005586 (0x000088a5) c.andi  s1, 9
core   0: 0 0x80005586 (0x88a5) x9  0x00000000
core   0: 0x80005588 (0x00000a18) c.addi4spn a4, sp, 272
core   0: 0 0x80005588 (0x0a18) x14 0xfffff941
core   0: 0x8000558a (0x0000100f) fence.i
core   0: 0 0x8000558a (0x0000100f)
core   0: 0x8000558e (0x013d6ab3) or      s5, s10, s3
core   0: 0 0x8000558e (0x013d6ab3) x21 0x00000001
core   0: 0x80005592 (0x03eb6933) rem     s2, s6, t5
core   0: 0 0x80005592 (0x03eb6933) x18 0x00000000
core   0: 0x80005596 (0x0374c763) blt     s1, s7, pc + 46
core   0: 0 0x80005596 (0x0374c763)
core   0: 0x8000559a (0x01f45613) srli    a2, s0, 31
core   0: 0 0x8000559a (0x01f45613) x12 0x00000000
core   0: 0x8000559e (0x007852b3) srl     t0, a6, t2
core   0: 0 0x8000559e (0x007852b3) x5  0xb16027ef
core   0: 0x800055a2 (0x00008475) c.srai  s0, 29
core   0: 0 0x800055a2 (0x8475) x8  0x00000000
core   0: 0x800055a4 (0x00008f2d) c.xor   a4, a1
core   0: 0 0x800055a4 (0x8f2d) x14 0x7ffde725
core   0: 0x800055a6 (0x0000100f) fence.i
core   0: 0 0x800055a6 (0x0000100f)
core   0: 0x800055aa (0x0000cb99) c.beqz  a5, pc + 22
core   0: 0 0x800055aa (0xcb99)
core   0: 0x800055c0 (0xe7de7c93) andi    s9, t3, -387
core   0: 0 0x800055c0 (0xe7de7c93) x25 0xfffffa34
core   0: 0x800055c4 (0x40d55a93) srai    s5, a0, 13
core   0: 0 0x800055c4 (0x40d55a93) x21 0x00000000
core   0: 0x800055c8 (0x0ff0000f) fence   iorw,iorw
core   0: 0 0x800055c8 (0x0ff0000f)
core   0: 0x800055cc (0x00008471) c.srai  s0, 28
core   0: 0 0x800055cc (0x8471) x8  0x00000000
core   0: 0x800055ce (0x02ddc033) div     zero, s11, a3
core   0: 0 0x800055ce (0x02ddc033)
core   0: 0x800055d2 (0x026b1033) mulh    zero, s6, t1
core   0: 0 0x800055d2 (0x026b1033)
core   0: 0x800055d6 (0x019c0ab3) add     s5, s8, s9
core   0: 0 0x800055d6 (0x019c0ab3) x21 0xfffffa34
core   0: 0x800055da (0x3960e513) ori     a0, ra, 918
core   0: 0 0x800055da (0x3960e513) x10 0x00000396
core   0: 0x800055de (0x0000e095) c.bnez  s1, pc + 36
core   0: 0 0x800055de (0xe095)
core   0: 0x800055e0 (0x0000882a) c.mv    a6, a0
core   0: 0 0x800055e0 (0x882a) x16 0x00000396
core   0: 0x800055e2 (0x00008171) c.srli  a0, 28
core   0: 0 0x800055e2 (0x8171) x10 0x00000000
core   0: 0x800055e4 (0x0000ec19) c.bnez  s0, pc + 30
core   0: 0 0x800055e4 (0xec19)
core   0: 0x800055e6 (0x0056b733) sltu    a4, a3, t0
core   0: 0 0x800055e6 (0x0056b733) x14 0x00000001
core   0: 0x800055ea (0x0000100f) fence.i
core   0: 0 0x800055ea (0x0000100f)
core   0: 0x800055ee (0x0000717d) c.addi16sp sp, -16
core   0: 0 0x800055ee (0x717d) x2  0xfffff821
core   0: 0x800055f0 (0x001e0333) add     t1, t3, ra
core   0: 0 0x800055f0 (0x001e0333) x6  0xfffffa36
core   0: 0x800055f4 (0x0224ae33) mulhsu  t3, s1, sp
core   0: 0 0x800055f4 (0x0224ae33) x28 0x00000000
core   0: 0x800055f8 (0x00e79e93) slli    t4, a5, 14
core   0: 0 0x800055f8 (0x00e79e93) x29 0x00000000
core   0: 0x800055fc (0x00000001) c.nop
core   0: 0 0x800055fc (0x0001)
core   0: 0x800055fe (0x023674b3) remu    s1, a2, gp
core   0: 0 0x800055fe (0x023674b3) x9  0x00000000
core   0: 0x80005602 (0x40d58a33) sub     s4, a1, a3
core   0: 0 0x80005602 (0x40d58a33) x20 0xffffc180
core   0: 0x80005606 (0x028f0d63) beq     t5, s0, pc + 58
core   0: 0 0x80005606 (0x028f0d63)
core   0: 0x8000560a (0x01796963) bltu    s2, s7, pc + 18
core   0: 0 0x8000560a (0x01796963)
core   0: 0x8000561c (0x00008ade) c.mv    s5, s7
core   0: 0 0x8000561c (0x8ade) x21 0xb157f43a
core   0: 0x8000561e (0x00008e1d) c.sub   a2, a5
core   0: 0 0x8000561e (0x8e1d) x12 0x00000000
core   0: 0x80005620 (0xc5d16797) auipc   a5, 0xc5d16
core   0: 0 0x80005620 (0xc5d16797) x15 0x45d1b620
core   0: 0x80005624 (0x0000100f) fence.i
core   0: 0 0x80005624 (0x0000100f)
core   0: 0x80005628 (0x00008cce) c.mv    s9, s3
core   0: 0 0x80005628 (0x8cce) x25 0x00000000
core   0: 0x8000562a (0x020591b3) mulh    gp, a1, zero
core   0: 0 0x8000562a (0x020591b3) x3  0x00000000
core   0: 0x8000562e (0x01ed57b3) srl     a5, s10, t5
core   0: 0 0x8000562e (0x01ed57b3) x15 0x00000000
core   0: 0x80005632 (0x036d3e33) mulhu   t3, s10, s6
core   0: 0 0x80005632 (0x036d3e33) x28 0x00000000
core   0: 0x80005636 (0xe1833c93) sltiu   s9, t1, -488
core   0: 0 0x80005636 (0xe1833c93) x25 0x00000001
core   0: 0x8000563a (0x82f98217) auipc   tp, 0x82f98
core   0: 0 0x8000563a (0x82f98217) x4  0x02f9d63a
core   0: 0x8000563e (0x00000001) c.nop
core   0: 0 0x8000563e (0x0001)
core   0: 0x80005640 (0x414cd8b3) sra     a7, s9, s4
core   0: 0 0x80005640 (0x414cd8b3) x17 0x00000001
core   0: 0x80005644 (0x00006121) c.addi16sp sp, 64
core   0: 0 0x80005644 (0x6121) x2  0xfffff861
core   0: 0x80005646 (0x0000717d) c.addi16sp sp, -16
core   0: 0 0x80005646 (0x717d) x2  0xfffff851
core   0: 0x80005648 (0x00008d31) c.xor   a0, a2
core   0: 0 0x80005648 (0x8d31) x10 0x00000000
core   0: 0x8000564a (0x8273e997) auipc   s3, 0x8273e
core   0: 0 0x8000564a (0x8273e997) x19 0x0274364a
core   0: 0x8000564e (0x002f5a33) srl     s4, t5, sp
core   0: 0 0x8000564e (0x002f5a33) x20 0x000058ab
core   0: 0x80005652 (0x0000c511) c.beqz  a0, pc + 12
core   0: 0 0x80005652 (0xc511)
core   0: 0x8000565e (0x0000840d) c.srai  s0, 3
core   0: 0 0x8000565e (0x840d) x8  0x00000000
core   0: 0x80005660 (0x0000942a) c.add   s0, a0
core   0: 0 0x80005660 (0x942a) x8  0x00000000
core   0: 0x80005662 (0x0000717d) c.addi16sp sp, -16
core   0: 0 0x80005662 (0x717d) x2  0xfffff841
core   0: 0x80005664 (0x000061bd) c.lui   gp, 0xf
core   0: 0 0x80005664 (0x61bd) x3  0x0000f000
core   0: 0x80005666 (0x43afac13) slti    s8, t6, 1082
core   0: 0 0x80005666 (0x43afac13) x24 0x00000001
core   0: 0x8000566a (0x01f9d463) bge     s3, t6, pc + 8
core   0: 0 0x8000566a (0x01f9d463)
core   0: 0x80005672 (0xa6a7dc37) lui     s8, 0xa6a7d
core   0: 0 0x80005672 (0xa6a7dc37) x24 0xa6a7d000
core   0: 0x80005676 (0x4eaafa93) andi    s5, s5, 1258
core   0: 0 0x80005676 (0x4eaafa93) x21 0x0000042a
core   0: 0x8000567a (0x01af9e13) slli    t3, t6, 26
core   0: 0 0x8000567a (0x01af9e13) x28 0x00000000
core   0: 0x8000567e (0x00000001) c.nop
core   0: 0 0x8000567e (0x0001)
core   0: 0x80005680 (0x022428b3) mulhsu  a7, s0, sp
core   0: 0 0x80005680 (0x022428b3) x17 0x00000000
core   0: 0x80005684 (0x0000717d) c.addi16sp sp, -16
core   0: 0 0x80005684 (0x717d) x2  0xfffff831
core   0: 0x80005686 (0x0175f333) and     t1, a1, s7
core   0: 0 0x80005686 (0x0175f333) x6  0x80021420
core   0: 0x8000568a (0x02792133) mulhsu  sp, s2, t2
core   0: 0 0x8000568a (0x02792133) x2  0x00000000
core   0: 0x8000568e (0x03bf7263) bgeu    t5, s11, pc + 36
core   0: 0 0x8000568e (0x03bf7263)
core   0: 0x800056b2 (0x0155da13) srli    s4, a1, 21
core   0: 0 0x800056b2 (0x0155da13) x20 0x00000400
core   0: 0x800056b6 (0x0331df63) bge     gp, s3, pc + 62
core   0: 0 0x800056b6 (0x0331df63)
core   0: 0x800056ba (0x00008f66) c.mv    t5, s9
core   0: 0 0x800056ba (0x8f66) x30 0x00000001
core   0: 0x800056bc (0x3fcff913) andi    s2, t6, 1020
core   0: 0 0x800056bc (0x3fcff913) x18 0x00000000
core   0: 0x800056c0 (0x0000717d) c.addi16sp sp, -16
core   0: 0 0x800056c0 (0x717d) x2  0xfffffff0
core   0: 0x800056c2 (0x00008d71) c.and   a0, a2
core   0: 0 0x800056c2 (0x8d71) x10 0x00000000
core   0: 0x800056c4 (0x00008c29) c.xor   s0, a0
core   0: 0 0x800056c4 (0x8c29) x8  0x00000000
core   0: 0x800056c6 (0x03f47733) remu    a4, s0, t6
core   0: 0 0x800056c6 (0x03f47733) x14 0x00000000
core   0: 0x800056ca (0x0277fa33) remu    s4, a5, t2
core   0: 0 0x800056ca (0x0277fa33) x20 0x00000000
core   0: 0x800056ce (0x05a10163) beq     sp, s10, pc + 66
core   0: 0 0x800056ce (0x05a10163)
core   0: 0x800056d2 (0x4072d8b3) sra     a7, t0, t2
core   0: 0 0x800056d2 (0x4072d8b3) x17 0xb16027ef
core   0: 0x800056d6 (0x019b4fb3) xor     t6, s6, s9
core   0: 0 0x800056d6 (0x019b4fb3) x31 0x00000001
core   0: 0x800056da (0x00001790) c.addi4spn a2, sp, 992
core   0: 0 0x800056da (0x1790) x12 0x000003d0
core   0: 0x800056dc (0x0097af33) slt     t5, a5, s1
core   0: 0 0x800056dc (0x0097af33) x30 0x00000000
core   0: 0x800056e0 (0x41015093) srai    ra, sp, 16
core   0: 0 0x800056e0 (0x41015093) x1  0xffffffff
core   0: 0x800056e4 (0x029a7333) remu    t1, s4, s1
core   0: 0 0x800056e4 (0x029a7333) x6  0x00000000
core   0: 0x800056e8 (0x84d7f513) andi    a0, a5, -1971
core   0: 0 0x800056e8 (0x84d7f513) x10 0x00000000
core   0: 0x800056ec (0x03ef5cb3) divu    s9, t5, t5
core   0: 0 0x800056ec (0x03ef5cb3) x25 0xffffffff
core   0: 0x800056f0 (0x409d5d93) srai    s11, s10, 9
core   0: 0 0x800056f0 (0x409d5d93) x27 0x00000000
core   0: 0x800056f4 (0x88e38813) addi    a6, t2, -1906
core   0: 0 0x800056f4 (0x88e38813) x16 0xfffff88e
core   0: 0x800056f8 (0x0270ae33) mulhsu  t3, ra, t2
core   0: 0 0x800056f8 (0x0270ae33) x28 0x00000000
core   0: 0x800056fc (0x00d45663) bge     s0, a3, pc + 12
core   0: 0 0x800056fc (0x00d45663)
core   0: 0x80005708 (0x01e2f833) and     a6, t0, t5
core   0: 0 0x80005708 (0x01e2f833) x16 0x00000000
core   0: 0x8000570c (0x0ff0000f) fence   iorw,iorw
core   0: 0 0x8000570c (0x0ff0000f)
core   0: 0x80005710 (0x41ba5313) srai    t1, s4, 27
core   0: 0 0x80005710 (0x41ba5313) x6  0x00000000
core   0: 0x80005714 (0x01cafcb3) and     s9, s5, t3
core   0: 0 0x80005714 (0x01cafcb3) x25 0x00000000
core   0: 0x80005718 (0x000bdbb3) srl     s7, s7, zero
core   0: 0 0x80005718 (0x000bdbb3) x23 0xb157f43a
core   0: 0x8000571c (0x019abdb3) sltu    s11, s5, s9
core   0: 0 0x8000571c (0x019abdb3) x27 0x00000000
core   0: 0x80005720 (0x02d29733) mulh    a4, t0, a3
core   0: 0 0x80005720 (0x02d29733) x14 0x274f3241
core   0: 0x80005724 (0x040ac263) bltz    s5, pc + 68
core   0: 0 0x80005724 (0x040ac263)
core   0: 0x80005728 (0x00000491) c.addi  s1, 4
core   0: 0 0x80005728 (0x0491) x9  0x00000004
core   0: 0x8000572a (0x00008ff5) c.and   a5, a3
core   0: 0 0x8000572a (0x8ff5) x15 0x00000000
core   0: 0x8000572c (0x02466b63) bltu    a2, tp, pc + 54
core   0: 0 0x8000572c (0x02466b63)
core   0: 0x80005762 (0x02cb0333) mul     t1, s6, a2
core   0: 0 0x80005762 (0x02cb0333) x6  0x00000000
core   0: 0x80005766 (0x00008fb1) c.xor   a5, a2
core   0: 0 0x80005766 (0x8fb1) x15 0x000003d0
core   0: 0x80005768 (0x00008f21) c.xor   a4, s0
core   0: 0 0x80005768 (0x8f21) x14 0x274f3241
core   0: 0x8000576a (0x01c4ac37) lui     s8, 0x1c4a
core   0: 0 0x8000576a (0x01c4ac37) x24 0x01c4a000
core   0: 0x8000576e (0xa49cc193) xori    gp, s9, -1463
core   0: 0 0x8000576e (0xa49cc193) x3  0xfffffa49
core   0: 0x80005772 (0x02c927b3) mulhsu  a5, s2, a2
core   0: 0 0x80005772 (0x02c927b3) x15 0x00000000
core   0: 0x80005776 (0x03247d63) bgeu    s0, s2, pc + 58
core   0: 0 0x80005776 (0x03247d63)
core   0: 0x800057b0 (0x00008e49) c.or    a2, a0
core   0: 0 0x800057b0 (0x8e49) x12 0x000003d0
core   0: 0x800057b2 (0x00000126) c.slli  sp, 9
core   0: 0 0x800057b2 (0x0126) x2  0xffffe000
core   0: 0x800057b4 (0x00656cb3) or      s9, a0, t1
core   0: 0 0x800057b4 (0x00656cb3) x25 0x00000000
core   0: 0x800057b8 (0x03319d33) mulh    s10, gp, s3
core   0: 0 0x800057b8 (0x03319d33) x26 0xfffffff1
core   0: 0x800057bc (0x03648d33) mul     s10, s1, s6
core   0: 0 0x800057bc (0x03648d33) x26 0x00000000
core   0: 0x800057c0 (0x03e2e233) rem     tp, t0, t5
core   0: 0 0x800057c0 (0x03e2e233) x4  0xb16027ef
core   0: 0x800057c4 (0x0000100f) fence.i
core   0: 0 0x800057c4 (0x0000100f)
core   0: 0x800057c8 (0x02595333) divu    t1, s2, t0
core   0: 0 0x800057c8 (0x02595333) x6  0x00000000
core   0: 0x800057cc (0x02b6cd33) div     s10, a3, a1
core   0: 0 0x800057cc (0x02b6cd33) x26 0x00000000
core   0: 0x800057d0 (0x038d6f63) bltu    s10, s8, pc + 62
core   0: 0 0x800057d0 (0x038d6f63)
core   0: 0x8000580e (0x02d41db3) mulh    s11, s0, a3
core   0: 0 0x8000580e (0x02d41db3) x27 0x00000000
core   0: 0x80005812 (0x010aea63) bltu    s5, a6, pc + 20
core   0: 0 0x80005812 (0x010aea63)
core   0: 0x80005816 (0x0000eb99) c.bnez  a5, pc + 22
core   0: 0 0x80005816 (0xeb99)
core   0: 0x80005818 (0xb30efa13) andi    s4, t4, -1232
core   0: 0 0x80005818 (0xb30efa13) x20 0x00000000
core   0: 0x8000581c (0x020271b3) remu    gp, tp, zero
core   0: 0 0x8000581c (0x020271b3) x3  0xb16027ef
core   0: 0x80005820 (0x00008539) c.srai  a0, 14
core   0: 0 0x80005820 (0x8539) x10 0x00000000
core   0: 0x80005822 (0x0362a433) mulhsu  s0, t0, s6
core   0: 0 0x80005822 (0x0362a433) x8  0x00000000
core   0: 0x80005826 (0x0000614d) c.addi16sp sp, 176
core   0: 0 0x80005826 (0x614d) x2  0xffffe0b0
core   0: 0x80005828 (0x4155d293) srai    t0, a1, 21
core   0: 0 0x80005828 (0x4155d293) x5  0xfffffc00
core   0: 0x8000582c (0xb4b1bd93) sltiu   s11, gp, -1205
core   0: 0 0x8000582c (0xb4b1bd93) x27 0x00000001
core   0: 0x80005830 (0x00008c55) c.or    s0, a3
core   0: 0 0x80005830 (0x8c55) x8  0x80025ce4
core   0: 0x80005832 (0x00000001) c.nop
core   0: 0 0x80005832 (0x0001)
core   0: 0x80005834 (0x0000100f) fence.i
core   0: 0 0x80005834 (0x0000100f)
core   0: 0x80005838 (0x00008b21) c.andi  a4, 8
core   0: 0 0x80005838 (0x8b21) x14 0x00000000
core   0: 0x8000583a (0x01d45cb3) srl     s9, s0, t4
core   0: 0 0x8000583a (0x01d45cb3) x25 0x80025ce4
core   0: 0x8000583e (0x38ebef93) ori     t6, s7, 910
core   0: 0 0x8000583e (0x38ebef93) x31 0xb157f7be
core   0: 0x80005842 (0x00d6d793) srli    a5, a3, 13
core   0: 0 0x80005842 (0x00d6d793) x15 0x00040012
core   0: 0x80005846 (0x0310f9b3) remu    s3, ra, a7
core   0: 0 0x80005846 (0x0310f9b3) x19 0x4e9fd810
core   0: 0x8000584a (0x00008505) c.srai  a0, 1
core   0: 0 0x8000584a (0x8505) x10 0x00000000
core   0: 0x8000584c (0xe152a013) slti    zero, t0, -491
core   0: 0 0x8000584c (0xe152a013)
core   0: 0x80005850 (0x00008b05) c.andi  a4, 1
core   0: 0 0x80005850 (0x8b05) x14 0x00000000
core   0: 0x80005852 (0x010127b3) slt     a5, sp, a6
core   0: 0 0x80005852 (0x010127b3) x15 0x00000001
core   0: 0x80005856 (0x01a6dab3) srl     s5, a3, s10
core   0: 0 0x80005856 (0x01a6dab3) x21 0x80025ce4
core   0: 0x8000585a (0x020f5d63) bgez    t5, pc + 58
core   0: 0 0x8000585a (0x020f5d63)
core   0: 0x80005894 (0x00009866) c.add   a6, s9
core   0: 0 0x80005894 (0x9866) x16 0x80025ce4
core   0: 0x80005896 (0x000083e1) c.srli  a5, 24
core   0: 0 0x80005896 (0x83e1) x15 0x00000000
core   0: 0x80005898 (0xea7a3313) sltiu   t1, s4, -345
core   0: 0 0x80005898 (0xea7a3313) x6  0x00000001
core   0: 0x8000589c (0x020f2333) mulhsu  t1, t5, zero
core   0: 0 0x8000589c (0x020f2333) x6  0x00000000
core   0: 0x800058a0 (0x41880633) sub     a2, a6, s8
core   0: 0 0x800058a0 (0x41880633) x12 0x7e3dbce4
core   0: 0x800058a4 (0x00008619) c.srai  a2, 6
core   0: 0 0x800058a4 (0x8619) x12 0x01f8f6f3
core   0: 0x800058a6 (0x00008819) c.andi  s0, 6
core   0: 0 0x800058a6 (0x8819) x8  0x00000004
core   0: 0x800058a8 (0x0272e863) bltu    t0, t2, pc + 48
core   0: 0 0x800058a8 (0x0272e863)
core   0: 0x800058ac (0x026aa933) mulhsu  s2, s5, t1
core   0: 0 0x800058ac (0x026aa933) x18 0x00000000
core   0: 0x800058b0 (0x448b7037) lui     zero, 0x448b7
core   0: 0 0x800058b0 (0x448b7037)
core   0: 0x800058b4 (0x0000717d) c.addi16sp sp, -16
core   0: 0 0x800058b4 (0x717d) x2  0xffffe0a0
core   0: 0x800058b6 (0x00000001) c.nop
core   0: 0 0x800058b6 (0x0001)
core   0: 0x800058b8 (0x00008c51) c.or    s0, a2
core   0: 0 0x800058b8 (0x8c51) x8  0x01f8f6f7
core   0: 0x800058ba (0x008aee33) or      t3, s5, s0
core   0: 0 0x800058ba (0x008aee33) x28 0x81fafef7
core   0: 0x800058be (0x00d31bb3) sll     s7, t1, a3
core   0: 0 0x800058be (0x00d31bb3) x23 0x00000000
core   0: 0x800058c2 (0x0000100f) fence.i
core   0: 0 0x800058c2 (0x0000100f)
core   0: 0x800058c6 (0x033ece33) div     t3, t4, s3
core   0: 0 0x800058c6 (0x033ece33) x28 0x00000000
core   0: 0x800058ca (0x9833d517) auipc   a0, 0x9833d
core   0: 0 0x800058ca (0x9833d517) x10 0x183428ca
core   0: 0x800058ce (0xcb5f61b7) lui     gp, 0xcb5f6
core   0: 0 0x800058ce (0xcb5f61b7) x3  0xcb5f6000
core   0: 0x800058d2 (0x00000001) c.nop
core   0: 0 0x800058d2 (0x0001)
core   0: 0x800058d4 (0x5c350e93) addi    t4, a0, 1475
core   0: 0 0x800058d4 (0x5c350e93) x29 0x18342e8d
core   0: 0x800058d8 (0x0000ea05) c.bnez  a2, pc + 48
core   0: 0 0x800058d8 (0xea05)
core   0: 0x80005908 (0x0000c09d) c.beqz  s1, pc + 38
core   0: 0 0x80005908 (0xc09d)
core   0: 0x8000590a (0x000080c2) c.mv    ra, a6
core   0: 0 0x8000590a (0x80c2) x1  0x80025ce4
core   0: 0x8000590c (0x00e7c763) blt     a5, a4, pc + 14
core   0: 0 0x8000590c (0x00e7c763)
core   0: 0x80005910 (0x000007ee) c.slli  a5, 27
core   0: 0 0x80005910 (0x07ee) x15 0x00000000
core   0: 0x80005912 (0x03e2d233) divu    tp, t0, t5
core   0: 0 0x80005912 (0x03e2d233) x4  0xffffffff
core   0: 0x80005916 (0x0392eb63) bltu    t0, s9, pc + 54
core   0: 0 0x80005916 (0x0392eb63)
core   0: 0x8000591a (0x00000e6a) c.slli  t3, 26
core   0: 0 0x8000591a (0x0e6a) x28 0x00000000
core   0: 0x8000591c (0x00f21433) sll     s0, tp, a5
core   0: 0 0x8000591c (0x00f21433) x8  0xffffffff
core   0: 0x80005920 (0x03de7fb3) remu    t6, t3, t4
core   0: 0 0x80005920 (0x03de7fb3) x31 0x00000000
core   0: 0x80005924 (0x00bdb1b3) sltu    gp, s11, a1
core   0: 0 0x80005924 (0x00bdb1b3) x3  0x00000001
core   0: 0x80005928 (0x000019fd) c.addi  s3, -1
core   0: 0 0x80005928 (0x19fd) x19 0x4e9fd80f
core   0: 0x8000592a (0x017a7ab3) and     s5, s4, s7
core   0: 0 0x8000592a (0x017a7ab3) x21 0x00000000
core   0: 0x8000592e (0x3ee1c513) xori    a0, gp, 1006
core   0: 0 0x8000592e (0x3ee1c513) x10 0x000003ef
core   0: 0x80005932 (0x00008335) c.srli  a4, 13
core   0: 0 0x80005932 (0x8335) x14 0x00000000
core   0: 0x80005934 (0x002b9c93) slli    s9, s7, 2
core   0: 0 0x80005934 (0x002b9c93) x25 0x00000000
core   0: 0x80005938 (0xb18ea413) slti    s0, t4, -1256
core   0: 0 0x80005938 (0xb18ea413) x8  0x00000000
core   0: 0x8000593c (0x000aa033) slt     zero, s5, zero
core   0: 0 0x8000593c (0x000aa033)
core   0: 0x80005940 (0xd4658b13) addi    s6, a1, -698
core   0: 0 0x80005940 (0xd4658b13) x22 0x80021baa
core   0: 0x80005944 (0x0214da33) divu    s4, s1, ra
core   0: 0 0x80005944 (0x0214da33) x20 0x00000000
core   0: 0x80005948 (0x01c99913) slli    s2, s3, 28
core   0: 0 0x80005948 (0x01c99913) x18 0xf0000000
core   0: 0x8000594c (0x01c8d1b3) srl     gp, a7, t3
core   0: 0 0x8000594c (0x01c8d1b3) x3  0xb16027ef
core   0: 0x80005950 (0x00cfd713) srli    a4, t6, 12
core   0: 0 0x80005950 (0x00cfd713) x14 0x00000000
core   0: 0x80005954 (0x011671b3) and     gp, a2, a7
core   0: 0 0x80005954 (0x011671b3) x3  0x016026e3
core   0: 0x80005958 (0x00006bbd) c.lui   s7, 0xf
core   0: 0 0x80005958 (0x6bbd) x23 0x0000f000
core   0: 0x8000595a (0xfdd7fb93) andi    s7, a5, -35
core   0: 0 0x8000595a (0xfdd7fb93) x23 0x00000000
core   0: 0x8000595e (0x00008f0e) c.mv    t5, gp
core   0: 0 0x8000595e (0x8f0e) x30 0x016026e3
core   0: 0x80005960 (0x0b0ab137) lui     sp, 0xb0ab
core   0: 0 0x80005960 (0x0b0ab137) x2  0x0b0ab000
core   0: 0x80005964 (0x020f3533) mulhu   a0, t5, zero
core   0: 0 0x80005964 (0x020f3533) x10 0x00000000
core   0: 0x80005968 (0x368a8e13) addi    t3, s5, 872
core   0: 0 0x80005968 (0x368a8e13) x28 0x00000368
core   0: 0x8000596c (0x02eb87b3) mul     a5, s7, a4
core   0: 0 0x8000596c (0x02eb87b3) x15 0x00000000
core   0: 0x80005970 (0x039ac233) div     tp, s5, s9
core   0: 0 0x80005970 (0x039ac233) x4  0xffffffff
core   0: 0x80005974 (0x00005a7d) c.li    s4, -1
core   0: 0 0x80005974 (0x5a7d) x20 0xffffffff
core   0: 0x80005976 (0x001d9db3) sll     s11, s11, ra
core   0: 0 0x80005976 (0x001d9db3) x27 0x00000010
core   0: 0x8000597a (0x0329a833) mulhsu  a6, s3, s2
core   0: 0 0x8000597a (0x0329a833) x16 0x49b5da8e
core   0: 0x8000597e (0xd9678b93) addi    s7, a5, -618
core   0: 0 0x8000597e (0xd9678b93) x23 0xfffffd96
core   0: 0x80005982 (0x02953433) mulhu   s0, a0, s1
core   0: 0 0x80005982 (0x02953433) x8  0x00000000
core   0: 0x80005986 (0x0273d133) divu    sp, t2, t2
core   0: 0 0x80005986 (0x0273d133) x2  0xffffffff
core   0: 0x8000598a (0x03f449b3) div     s3, s0, t6
core   0: 0 0x8000598a (0x03f449b3) x19 0xffffffff
core   0: 0x8000598e (0x01cb17b3) sll     a5, s6, t3
core   0: 0 0x8000598e (0x01cb17b3) x15 0x021baa00
core   0: 0x80005992 (0x80d4a113) slti    sp, s1, -2035
core   0: 0 0x80005992 (0x80d4a113) x2  0x00000000
core   0: 0x80005996 (0x00008e75) c.and   a2, a3
core   0: 0 0x80005996 (0x8e75) x12 0x000054e0
core   0: 0x80005998 (0x037e2533) mulhsu  a0, t3, s7
core   0: 0 0x80005998 (0x037e2533) x10 0x00000367
core   0: 0x8000599c (0x00008db2) c.mv    s11, a2
core   0: 0 0x8000599c (0x8db2) x27 0x000054e0
core   0: 0x8000599e (0x00000100) c.addi4spn s0, sp, 128
core   0: 0 0x8000599e (0x0100) x8  0x00000080
core   0: 0x800059a0 (0x00004189) c.li    gp, 2
core   0: 0 0x800059a0 (0x4189) x3  0x00000002
core   0: 0x800059a2 (0x03e38c33) mul     s8, t2, t5
core   0: 0 0x800059a2 (0x03e38c33) x24 0x00000000
core   0: 0x800059a6 (0xd0d97093) andi    ra, s2, -755
core   0: 0 0x800059a6 (0xd0d97093) x1  0xf0000000
core   0: 0x800059aa (0x00e55433) srl     s0, a0, a4
core   0: 0 0x800059aa (0x00e55433) x8  0x00000367
core   0: 0x800059ae (0x00238db3) add     s11, t2, sp
core   0: 0 0x800059ae (0x00238db3) x27 0x00000000
core   0: 0x800059b2 (0x03bc6433) rem     s0, s8, s11
core   0: 0 0x800059b2 (0x03bc6433) x8  0x00000000
core   0: 0x800059b6 (0x00e7deb3) srl     t4, a5, a4
core   0: 0 0x800059b6 (0x00e7deb3) x29 0x021baa00
core   0: 0x800059ba (0x02b78433) mul     s0, a5, a1
core   0: 0 0x800059ba (0x02b78433) x8  0x64ba6800
core   0: 0x800059be (0xa0bebf13) sltiu   t5, t4, -1525
core   0: 0 0x800059be (0xa0bebf13) x30 0x00000001
core   0: 0x800059c2 (0x22d46c93) ori     s9, s0, 557
core   0: 0 0x800059c2 (0x22d46c93) x25 0x64ba6a2d
core   0: 0x800059c6 (0x05258163) beq     a1, s2, pc + 66
core   0: 0 0x800059c6 (0x05258163)
core   0: 0x800059ca (0x00000001) c.nop
core   0: 0 0x800059ca (0x0001)
core   0: 0x800059cc (0xb92a2913) slti    s2, s4, -1134
core   0: 0 0x800059cc (0xb92a2913) x18 0x00000000
core   0: 0x800059d0 (0x01cac833) xor     a6, s5, t3
core   0: 0 0x800059d0 (0x01cac833) x16 0x00000368
core   0: 0x800059d4 (0x0000717d) c.addi16sp sp, -16
core   0: 0 0x800059d4 (0x717d) x2  0xfffffff0
core   0: 0x800059d6 (0x01a5deb3) srl     t4, a1, s10
core   0: 0 0x800059d6 (0x01a5deb3) x29 0x80021e64
core   0: 0x800059da (0x02e62933) mulhsu  s2, a2, a4
core   0: 0 0x800059da (0x02e62933) x18 0x00000000
core   0: 0x800059de (0xd357ce93) xori    t4, a5, -715
core   0: 0 0x800059de (0xd357ce93) x29 0xfde45735
core   0: 0x800059e2 (0x01365fb3) srl     t6, a2, s3
core   0: 0 0x800059e2 (0x01365fb3) x31 0x00000000
core   0: 0x800059e6 (0x00fe6c33) or      s8, t3, a5
core   0: 0 0x800059e6 (0x00fe6c33) x24 0x021bab68
core   0: 0x800059ea (0x015e9493) slli    s1, t4, 21
core   0: 0 0x800059ea (0x015e9493) x9  0xe6a00000
core   0: 0x800059ee (0x01af1933) sll     s2, t5, s10
core   0: 0 0x800059ee (0x01af1933) x18 0x00000001
core   0: 0x800059f2 (0x36a9f513) andi    a0, s3, 874
core   0: 0 0x800059f2 (0x36a9f513) x10 0x0000036a
core   0: 0x800059f6 (0x02f70e33) mul     t3, a4, a5
core   0: 0 0x800059f6 (0x02f70e33) x28 0x00000000
core   0: 0x800059fa (0x02a59b33) mulh    s6, a1, a0
core   0: 0 0x800059fa (0x02a59b33) x22 0xfffffe4b
core   0: 0x800059fe (0x03939133) mulh    sp, t2, s9
core   0: 0 0x800059fe (0x03939133) x2  0x00000000
core   0: 0x80005a02 (0x007ada63) bge     s5, t2, pc + 20
core   0: 0 0x80005a02 (0x007ada63)
core   0: 0x80005a16 (0x029de663) bltu    s11, s1, pc + 44
core   0: 0 0x80005a16 (0x029de663)
core   0: 0x80005a42 (0x01ba60b3) or      ra, s4, s11
core   0: 0 0x80005a42 (0x01ba60b3) x1  0xffffffff
core   0: 0x80005a46 (0x0000490d) c.li    s2, 3
core   0: 0 0x80005a46 (0x490d) x18 0x00000003
core   0: 0x80005a48 (0x00008051) c.srli  s0, 20
core   0: 0 0x80005a48 (0x8051) x8  0x0000064b
core   0: 0x80005a4a (0x0000611d) c.addi16sp sp, 416
core   0: 0 0x80005a4a (0x611d) x2  0x000001a0
core   0: 0x80005a4c (0x038731b3) mulhu   gp, a4, s8
core   0: 0 0x80005a4c (0x038731b3) x3  0x00000000
core   0: 0x80005a50 (0x0311be33) mulhu   t3, gp, a7
core   0: 0 0x80005a50 (0x0311be33) x28 0x00000000
core   0: 0x80005a54 (0x03be3033) mulhu   zero, t3, s11
core   0: 0 0x80005a54 (0x03be3033)
core   0: 0x80005a58 (0x03614b33) div     s6, sp, s6
core   0: 0 0x80005a58 (0x03614b33) x22 0x00000000
core   0: 0x80005a5c (0x41648333) sub     t1, s1, s6
core   0: 0 0x80005a5c (0x41648333) x6  0xe6a00000
core   0: 0x80005a60 (0x00005c7d) c.li    s8, -1
core   0: 0 0x80005a60 (0x5c7d) x24 0xffffffff
core   0: 0x80005a62 (0x03ea7e63) bgeu    s4, t5, pc + 60
core   0: 0 0x80005a62 (0x03ea7e63)
core   0: 0x80005a9e (0x00009a7d) c.andi  a2, -1
core   0: 0 0x80005a9e (0x9a7d) x12 0x000054e0
core   0: 0x80005aa0 (0x000080ed) c.srli  s1, 27
core   0: 0 0x80005aa0 (0x80ed) x9  0x0000001c
core   0: 0x80005aa2 (0x40d97913) andi    s2, s2, 1037
core   0: 0 0x80005aa2 (0x40d97913) x18 0x00000001
core   0: 0x80005aa6 (0x0431e363) bltu    gp, gp, pc + 70
core   0: 0 0x80005aa6 (0x0431e363)
core   0: 0x80005aaa (0x41e9d413) srai    s0, s3, 30
core   0: 0 0x80005aaa (0x41e9d413) x8  0xffffffff
core   0: 0x80005aae (0x016dbf33) sltu    t5, s11, s6
core   0: 0 0x80005aae (0x016dbf33) x30 0x00000000
core   0: 0x80005ab2 (0x05d97063) bgeu    s2, t4, pc + 64
core   0: 0 0x80005ab2 (0x05d97063)
core   0: 0x80005ab6 (0x0000100f) fence.i
core   0: 0 0x80005ab6 (0x0000100f)
core   0: 0x80005aba (0xc8d56f13) ori     t5, a0, -883
core   0: 0 0x80005aba (0xc8d56f13) x30 0xffffffef
core   0: 0x80005abe (0x7e13b1b7) lui     gp, 0x7e13b
core   0: 0 0x80005abe (0x7e13b1b7) x3  0x7e13b000
core   0: 0x80005ac2 (0x025d8c63) beq     s11, t0, pc + 56
core   0: 0 0x80005ac2 (0x025d8c63)
core   0: 0x80005ac6 (0x0000100f) fence.i
core   0: 0 0x80005ac6 (0x0000100f)
core   0: 0x80005aca (0x00849463) bne     s1, s0, pc + 8
core   0: 0 0x80005aca (0x00849463)
core   0: 0x80005ad2 (0x20143813) sltiu   a6, s0, 513
core   0: 0 0x80005ad2 (0x20143813) x16 0x00000000
core   0: 0x80005ad6 (0x00004749) c.li    a4, 18
core   0: 0 0x80005ad6 (0x4749) x14 0x00000012
core   0: 0x80005ad8 (0x01c90733) add     a4, s2, t3
core   0: 0 0x80005ad8 (0x01c90733) x14 0x00000001
core   0: 0x80005adc (0x00008fe9) c.and   a5, a0
core   0: 0 0x80005adc (0x8fe9) x15 0x00000200
core   0: 0x80005ade (0x00000d16) c.slli  s10, 5
core   0: 0 0x80005ade (0x0d16) x26 0x00000000
core   0: 0x80005ae0 (0x01dc9533) sll     a0, s9, t4
core   0: 0 0x80005ae0 (0x01dc9533) x10 0x45a00000
core   0: 0x80005ae4 (0x016017b3) sll     a5, zero, s6
core   0: 0 0x80005ae4 (0x016017b3) x15 0x00000000
core   0: 0x80005ae8 (0x00a79ab3) sll     s5, a5, a0
core   0: 0 0x80005ae8 (0x00a79ab3) x21 0x00000000
core   0: 0x80005aec (0x016e9e13) slli    t3, t4, 22
core   0: 0 0x80005aec (0x016e9e13) x28 0xcd400000
core   0: 0x80005af0 (0x0000ce11) c.beqz  a2, pc + 28
core   0: 0 0x80005af0 (0xce11)
core   0: 0x80005af2 (0xb5238a13) addi    s4, t2, -1198
core   0: 0 0x80005af2 (0xb5238a13) x20 0xfffffb52
core   0: 0x80005af6 (0x020d4fb3) div     t6, s10, zero
core   0: 0 0x80005af6 (0x020d4fb3) x31 0xffffffff
core   0: 0x80005afa (0x0302b733) mulhu   a4, t0, a6
core   0: 0 0x80005afa (0x0302b733) x14 0x00000000
core   0: 0x80005afe (0x408a5793) srai    a5, s4, 8
core   0: 0 0x80005afe (0x408a5793) x15 0xfffffffb
core   0: 0x80005b02 (0x00006aa9) c.lui   s5, 0xa
core   0: 0 0x80005b02 (0x6aa9) x21 0x0000a000
core   0: 0x80005b04 (0x00008759) c.srai  a4, 22
core   0: 0 0x80005b04 (0x8759) x14 0x00000000
core   0: 0x80005b06 (0x00006175) c.addi16sp sp, 368
core   0: 0 0x80005b06 (0x6175) x2  0x00000310
core   0: 0x80005b08 (0x036769b3) rem     s3, a4, s6
core   0: 0 0x80005b08 (0x036769b3) x19 0x00000000
core   0: 0x80005b0c (0x049b5063) bge     s6, s1, pc + 64
core   0: 0 0x80005b0c (0x049b5063)
core   0: 0x80005b10 (0x00ce8d63) beq     t4, a2, pc + 26
core   0: 0 0x80005b10 (0x00ce8d63)
core   0: 0x80005b14 (0x41135db3) sra     s11, t1, a7
core   0: 0 0x80005b14 (0x41135db3) x27 0xffffcd40
core   0: 0x80005b18 (0x03ca1c63) bne     s4, t3, pc + 56
core   0: 0 0x80005b18 (0x03ca1c63)
core   0: 0x80005b50 (0x000069a9) c.lui   s3, 0xa
core   0: 0 0x80005b50 (0x69a9) x19 0x0000a000
core   0: 0x80005b52 (0x0000cf85) c.beqz  a5, pc + 56
core   0: 0 0x80005b52 (0xcf85)
core   0: 0x80005b54 (0xea276013) ori     zero, a4, -350
core   0: 0 0x80005b54 (0xea276013)
core   0: 0x80005b58 (0x913c0c17) auipc   s8, 0x913c0
core   0: 0 0x80005b58 (0x913c0c17) x24 0x113c5b58
core   0: 0x80005b5c (0x0ff0000f) fence   iorw,iorw
core   0: 0 0x80005b5c (0x0ff0000f)
core   0: 0x80005b60 (0x00000001) c.nop
core   0: 0 0x80005b60 (0x0001)
core   0: 0x80005b62 (0x03558c33) mul     s8, a1, s5
core   0: 0 0x80005b62 (0x03558c33) x24 0x52fe8000
core   0: 0x80005b66 (0x0ff0000f) fence   iorw,iorw
core   0: 0 0x80005b66 (0x0ff0000f)
core   0: 0x80005b6a (0x1d04a893) slti    a7, s1, 464
core   0: 0 0x80005b6a (0x1d04a893) x17 0x00000001
core   0: 0x80005b6e (0x017cf2b3) and     t0, s9, s7
core   0: 0 0x80005b6e (0x017cf2b3) x5  0x64ba6804
core   0: 0x80005b72 (0x0485f263) bgeu    a1, s0, pc + 68
core   0: 0 0x80005b72 (0x0485f263)
core   0: 0x80005b76 (0x009a7eb3) and     t4, s4, s1
core   0: 0 0x80005b76 (0x009a7eb3) x29 0x00000010
core   0: 0x80005b7a (0x0000c61d) c.beqz  a2, pc + 46
core   0: 0 0x80005b7a (0xc61d)
core   0: 0x80005b7c (0x00008d21) c.xor   a0, s0
core   0: 0 0x80005b7c (0x8d21) x10 0xba5fffff
core   0: 0x80005b7e (0x01df5833) srl     a6, t5, t4
core   0: 0 0x80005b7e (0x01df5833) x16 0x0000ffff
core   0: 0x80005b82 (0x4077d533) sra     a0, a5, t2
core   0: 0 0x80005b82 (0x4077d533) x10 0xfffffffb
core   0: 0x80005b86 (0x98cfb913) sltiu   s2, t6, -1652
core   0: 0 0x80005b86 (0x98cfb913) x18 0x00000000
core   0: 0x80005b8a (0xd4c06993) ori     s3, zero, -692
core   0: 0 0x80005b8a (0xd4c06993) x19 0xfffffd4c
core   0: 0x80005b8e (0x0ff0000f) fence   iorw,iorw
core   0: 0 0x80005b8e (0x0ff0000f)
core   0: 0x80005b92 (0x00000001) c.nop
core   0: 0 0x80005b92 (0x0001)
core   0: 0x80005b94 (0x02dd6c63) bltu    s10, a3, pc + 56
core   0: 0 0x80005b94 (0x02dd6c63)
core   0: 0x80005bcc (0x037f59b3) divu    s3, t5, s7
core   0: 0 0x80005bcc (0x037f59b3) x19 0x00000001
core   0: 0x80005bd0 (0x478efd37) lui     s10, 0x478ef
core   0: 0 0x80005bd0 (0x478efd37) x26 0x478ef000
core   0: 0x80005bd4 (0x0000811d) c.srli  a0, 7
core   0: 0 0x80005bd4 (0x811d) x10 0x01ffffff
core   0: 0x80005bd6 (0x0000896d) c.andi  a0, 27
core   0: 0 0x80005bd6 (0x896d) x10 0x0000001b
core   0: 0x80005bd8 (0x00000001) c.nop
core   0: 0 0x80005bd8 (0x0001)
core   0: 0x80005bda (0x00000818) c.addi4spn a4, sp, 16
core   0: 0 0x80005bda (0x0818) x14 0x00000320
core   0: 0x80005bdc (0x039639b3) mulhu   s3, a2, s9
core   0: 0 0x80005bdc (0x039639b3) x19 0x00002165
core   0: 0x80005be0 (0x004f6933) or      s2, t5, tp
core   0: 0 0x80005be0 (0x004f6933) x18 0xffffffff
core   0: 0x80005be4 (0xfc3f0293) addi    t0, t5, -61
core   0: 0 0x80005be4 (0xfc3f0293) x5  0xffffffb2
core   0: 0x80005be8 (0x6e01c093) xori    ra, gp, 1760
core   0: 0 0x80005be8 (0x6e01c093) x1  0x7e13b6e0
core   0: 0x80005bec (0x00000e76) c.slli  t3, 29
core   0: 0 0x80005bec (0x0e76) x28 0x00000000
core   0: 0x80005bee (0x026b3c33) mulhu   s8, s6, t1
core   0: 0 0x80005bee (0x026b3c33) x24 0x00000000
core   0: 0x80005bf2 (0x00008fb5) c.xor   a5, a3
core   0: 0 0x80005bf2 (0x8fb5) x15 0x7ffda31f
core   0: 0x80005bf4 (0x0042dd93) srli    s11, t0, 4
core   0: 0 0x80005bf4 (0x0042dd93) x27 0x0ffffffb
core   0: 0x80005bf8 (0x05e9e437) lui     s0, 0x5e9e
core   0: 0 0x80005bf8 (0x05e9e437) x8  0x05e9e000
core   0: 0x80005bfc (0x01c0e1b3) or      gp, ra, t3
core   0: 0 0x80005bfc (0x01c0e1b3) x3  0x7e13b6e0
core   0: 0x80005c00 (0x0000100f) fence.i
core   0: 0 0x80005c00 (0x0000100f)
core   0: 0x80005c04 (0x00000986) c.slli  s3, 1
core   0: 0 0x80005c04 (0x0986) x19 0x000042ca
core   0: 0x80005c06 (0x00008519) c.srai  a0, 6
core   0: 0 0x80005c06 (0x8519) x10 0x00000000
core   0: 0x80005c08 (0x00008a05) c.andi  a2, 1
core   0: 0 0x80005c08 (0x8a05) x12 0x00000000
core   0: 0x80005c0a (0x0000e705) c.bnez  a4, pc + 40
core   0: 0 0x80005c0a (0xe705)
core   0: 0x80005c32 (0x9651ef93) ori     t6, gp, -1691
core   0: 0 0x80005c32 (0x9651ef93) x31 0xffffffe5
core   0: 0x80005c36 (0x022eabb3) mulhsu  s7, t4, sp
core   0: 0 0x80005c36 (0x022eabb3) x23 0x00000000
core   0: 0x80005c3a (0x012e0fb3) add     t6, t3, s2
core   0: 0 0x80005c3a (0x012e0fb3) x31 0xffffffff
core   0: 0x80005c3e (0x00008431) c.srai  s0, 12
core   0: 0 0x80005c3e (0x8431) x8  0x00005e9e
core   0: 0x80005c40 (0x00008f95) c.sub   a5, a3
core   0: 0 0x80005c40 (0x8f95) x15 0xfffb463b
core   0: 0x80005c42 (0xb9accf13) xori    t5, s9, -1126
core   0: 0 0x80005c42 (0xb9accf13) x30 0x9b4591b7
core   0: 0x80005c46 (0x0190dd13) srli    s10, ra, 25
core   0: 0 0x80005c46 (0x0190dd13) x26 0x0000003f
core   0: 0x80005c4a (0xa701b293) sltiu   t0, gp, -1424
core   0: 0 0x80005c4a (0xa701b293) x5  0x00000001
core   0: 0x80005c4e (0x0000717d) c.addi16sp sp, -16
core   0: 0 0x80005c4e (0x717d) x2  0x00000300
core   0: 0x80005c50 (0xccf3b993) sltiu   s3, t2, -817
core   0: 0 0x80005c50 (0xccf3b993) x19 0x00000001
core   0: 0x80005c54 (0xbf1d6213) ori     tp, s10, -1039
core   0: 0 0x80005c54 (0xbf1d6213) x4  0xfffffbff
core   0: 0x80005c58 (0x02587263) bgeu    a6, t0, pc + 36
core   0: 0 0x80005c58 (0x02587263)
core   0: 0x80005c7c (0x005e9d33) sll     s10, t4, t0
core   0: 0 0x80005c7c (0x005e9d33) x26 0x00000020
core   0: 0x80005c80 (0x00bab233) sltu    tp, s5, a1
core   0: 0 0x80005c80 (0x00bab233) x4  0x00000001
core   0: 0x80005c84 (0x017d7ab3) and     s5, s10, s7
core   0: 0 0x80005c84 (0x017d7ab3) x21 0x00000000
core   0: 0x80005c88 (0x00008c01) c.sub   s0, s0
core   0: 0 0x80005c88 (0x8c01) x8  0x00000000
core   0: 0x80005c8a (0x0ff0000f) fence   iorw,iorw
core   0: 0 0x80005c8a (0x0ff0000f)
core   0: 0x80005c8e (0x00000001) c.nop
core   0: 0 0x80005c8e (0x0001)
core   0: 0x80005c90 (0x00005afd) c.li    s5, -1
core   0: 0 0x80005c90 (0x5afd) x21 0xffffffff
core   0: 0x80005c92 (0x00009b7d) c.andi  a4, -1
core   0: 0 0x80005c92 (0x9b7d) x14 0x00000320
core   0: 0x80005c94 (0x032bd7b3) divu    a5, s7, s2
core   0: 0 0x80005c94 (0x032bd7b3) x15 0x00000000
core   0: 0x80005c98 (0x00cc1463) bne     s8, a2, pc + 8
core   0: 0 0x80005c98 (0x00cc1463)
core   0: 0x80005c9c (0x00bc1213) slli    tp, s8, 11
core   0: 0 0x80005c9c (0x00bc1213) x4  0x00000000
core   0: 0x80005ca0 (0x00345e63) bge     s0, gp, pc + 28
core   0: 0 0x80005ca0 (0x00345e63)
core   0: 0x80005ca4 (0x00008e09) c.sub   a2, a0
core   0: 0 0x80005ca4 (0x8e09) x12 0x00000000
core   0: 0x80005ca6 (0x000062c9) c.lui   t0, 0x12
core   0: 0 0x80005ca6 (0x62c9) x5  0x00012000
core   0: 0x80005ca8 (0x417959b3) sra     s3, s2, s7
core   0: 0 0x80005ca8 (0x417959b3) x19 0xffffffff
core   0: 0x80005cac (0x0000eb09) c.bnez  a4, pc + 18
core   0: 0 0x80005cac (0xeb09)
core   0: 0x80005cbe (0x015f7db3) and     s11, t5, s5
core   0: 0 0x80005cbe (0x015f7db3) x27 0x9b4591b7
core   0: 0x80005cc2 (0x018c9e93) slli    t4, s9, 24
core   0: 0 0x80005cc2 (0x018c9e93) x29 0x2d000000
core   0: 0x80005cc6 (0x00008c8d) c.sub   s1, a1
core   0: 0 0x80005cc6 (0x8c8d) x9  0x7ffde1b8
core   0: 0x80005cc8 (0x0000036d) c.addi  t1, 27
core   0: 0 0x80005cc8 (0x036d) x6  0xe6a0001b
core   0: 0x80005cca (0x0000e391) c.bnez  a5, pc + 4
core   0: 0 0x80005cca (0xe391)
core   0: 0x80005ccc (0x00008f31) c.xor   a4, a2
core   0: 0 0x80005ccc (0x8f31) x14 0x00000320
core   0: 0x80005cce (0x031e7033) remu    zero, t3, a7
core   0: 0 0x80005cce (0x031e7033)
core   0: 0x80005cd2 (0x01acd733) srl     a4, s9, s10
core   0: 0 0x80005cd2 (0x01acd733) x14 0x64ba6a2d
core   0: 0x80005cd6 (0x416ed233) sra     tp, t4, s6
core   0: 0 0x80005cd6 (0x416ed233) x4  0x2d000000
core   0: 0x80005cda (0x01bf5493) srli    s1, t5, 27
core   0: 0 0x80005cda (0x01bf5493) x9  0x00000013
core   0: 0x80005cde (0x0000066e) c.slli  a2, 27
core   0: 0 0x80005cde (0x066e) x12 0x00000000
core   0: 0x80005ce0 (0x000087d1) c.srai  a5, 20
core   0: 0 0x80005ce0 (0x87d1) x15 0x00000000
core   0: 0x80005ce2 (0x023109b3) mul     s3, sp, gp
core   0: 0 0x80005ce2 (0x023109b3) x19 0x3b24a000
core   0: 0x80005ce6 (0x00615c13) srli    s8, sp, 6
core   0: 0 0x80005ce6 (0x00615c13) x24 0x0000000c
core   0: 0x80005cea (0x41f2dbb3) sra     s7, t0, t6
core   0: 0 0x80005cea (0x41f2dbb3) x23 0x00000000
core   0: 0x80005cee (0x575aa837) lui     a6, 0x575aa
core   0: 0 0x80005cee (0x575aa837) x16 0x575aa000
core   0: 0x80005cf2 (0x63fd2413) slti    s0, s10, 1599
core   0: 0 0x80005cf2 (0x63fd2413) x8  0x00000001
core   0: 0x80005cf6 (0x00825b63) bge     tp, s0, pc + 22
core   0: 0 0x80005cf6 (0x00825b63)
core   0: 0x80005d0c (0x000088b1) c.andi  s1, 12
core   0: 0 0x80005d0c (0x88b1) x9  0x00000000
core   0: 0x80005d0e (0x01b202b3) add     t0, tp, s11
core   0: 0 0x80005d0e (0x01b202b3) x5  0xc84591b7
core   0: 0x80005d12 (0x00008625) c.srai  a2, 9
core   0: 0 0x80005d12 (0x8625) x12 0x00000000
core   0: 0x80005d14 (0x023f5b33) divu    s6, t5, gp
core   0: 0 0x80005d14 (0x023f5b33) x22 0x00000001
core   0: 0x80005d18 (0x000017fd) c.addi  a5, -1
core   0: 0 0x80005d18 (0x17fd) x15 0xffffffff
core   0: 0x80005d1a (0x024f3db3) mulhu   s11, t5, tp
core   0: 0 0x80005d1a (0x024f3db3) x27 0x1b4b3a9d
core   0: 0x80005d1e (0x0067d713) srli    a4, a5, 6
core   0: 0 0x80005d1e (0x0067d713) x14 0x03ffffff
core   0: 0x80005d22 (0x03b5b533) mulhu   a0, a1, s11
core   0: 0 0x80005d22 (0x03b5b533) x10 0x0da5d722
core   0: 0x80005d26 (0x000098fd) c.andi  s1, -1
core   0: 0 0x80005d26 (0x98fd) x9  0x00000000
core   0: 0x80005d28 (0x4d8e7993) andi    s3, t3, 1240
core   0: 0 0x80005d28 (0x4d8e7993) x19 0x00000000
core   0: 0x80005d2c (0x41195813) srai    a6, s2, 17
core   0: 0 0x80005d2c (0x41195813) x16 0xffffffff
core   0: 0x80005d30 (0x0129c933) xor     s2, s3, s2
core   0: 0 0x80005d30 (0x0129c933) x18 0xffffffff
core   0: 0x80005d34 (0x019d1bb3) sll     s7, s10, s9
core   0: 0 0x80005d34 (0x019d1bb3) x23 0x00040000
core   0: 0x80005d38 (0x00659433) sll     s0, a1, t1
core   0: 0 0x80005d38 (0x00659433) x8  0x20000000
core   0: 0x80005d3c (0x4d43a893) slti    a7, t2, 1236
core   0: 0 0x80005d3c (0x4d43a893) x17 0x00000001
core   0: 0x80005d40 (0x1291b413) sltiu   s0, gp, 297
core   0: 0 0x80005d40 (0x1291b413) x8  0x00000000
core   0: 0x80005d44 (0x00008805) c.andi  s0, 1
core   0: 0 0x80005d44 (0x8805) x8  0x00000000
core   0: 0x80005d46 (0x02ac5b63) bge     s8, a0, pc + 54
core   0: 0 0x80005d46 (0x02ac5b63)
core   0: 0x80005d4a (0x0000c48d) c.beqz  s1, pc + 42
core   0: 0 0x80005d4a (0xc48d)
core   0: 0x80005d74 (0xae3f8d93) addi    s11, t6, -1309
core   0: 0 0x80005d74 (0xae3f8d93) x27 0xfffffae2
core   0: 0x80005d78 (0x03b3ff63) bgeu    t2, s11, pc + 62
core   0: 0 0x80005d78 (0x03b3ff63)
core   0: 0x80005d7c (0x0000717d) c.addi16sp sp, -16
core   0: 0 0x80005d7c (0x717d) x2  0x000002f0
core   0: 0x80005d7e (0x0378f733) remu    a4, a7, s7
core   0: 0 0x80005d7e (0x0378f733) x14 0x00000001
core   0: 0x80005d82 (0x01d632b3) sltu    t0, a2, t4
core   0: 0 0x80005d82 (0x01d632b3) x5  0x00000001
core   0: 0x80005d86 (0x000044f1) c.li    s1, 28
core   0: 0 0x80005d86 (0x44f1) x9  0x0000001c
core   0: 0x80005d88 (0x92ed4917) auipc   s2, 0x92ed4
core   0: 0 0x80005d88 (0x92ed4917) x18 0x12ed9d88
core   0: 0x80005d8c (0x00008746) c.mv    a4, a7
core   0: 0 0x80005d8c (0x8746) x14 0x00000001
core   0: 0x80005d8e (0x41178c33) sub     s8, a5, a7
core   0: 0 0x80005d8e (0x41178c33) x24 0xfffffffe
core   0: 0x80005d92 (0xe8243a13) sltiu   s4, s0, -382
core   0: 0 0x80005d92 (0xe8243a13) x20 0x00000001
core   0: 0x80005d96 (0xa0c24bb7) lui     s7, 0xa0c24
core   0: 0 0x80005d96 (0xa0c24bb7) x23 0xa0c24000
core   0: 0x80005d9a (0x00000001) c.nop
core   0: 0 0x80005d9a (0x0001)
core   0: 0x80005d9c (0x0000c339) c.beqz  a4, pc + 70
core   0: 0 0x80005d9c (0xc339)
core   0: 0x80005d9e (0x87d6ba93) sltiu   s5, a3, -1923
core   0: 0 0x80005d9e (0x87d6ba93) x21 0x00000001
core   0: 0x80005da2 (0xe2e48913) addi    s2, s1, -466
core   0: 0 0x80005da2 (0xe2e48913) x18 0xfffffe4a
core   0: 0x80005da6 (0x61b3c493) xori    s1, t2, 1563
core   0: 0 0x80005da6 (0x61b3c493) x9  0x0000061b
core   0: 0x80005daa (0x01052e33) slt     t3, a0, a6
core   0: 0 0x80005daa (0x01052e33) x28 0x00000000
core   0: 0x80005dae (0xd2003a93) sltiu   s5, zero, -736
core   0: 0 0x80005dae (0xd2003a93) x21 0x00000001
core   0: 0x80005db2 (0x03e7cd33) div     s10, a5, t5
core   0: 0 0x80005db2 (0x03e7cd33) x26 0x00000000
core   0: 0x80005db6 (0x033cc763) blt     s9, s3, pc + 46
core   0: 0 0x80005db6 (0x033cc763)
core   0: 0x80005dba (0x03334d63) blt     t1, s3, pc + 58
core   0: 0 0x80005dba (0x03334d63)
core   0: 0x80005df4 (0x01658a33) add     s4, a1, s6
core   0: 0 0x80005df4 (0x01658a33) x20 0x80021e65
core   0: 0x80005df8 (0x01360a63) beq     a2, s3, pc + 20
core   0: 0 0x80005df8 (0x01360a63)
core   0: 0x80005e0c (0x02a3d863) bge     t2, a0, pc + 48
core   0: 0 0x80005e0c (0x02a3d863)
core   0: 0x80005e10 (0x00008d5d) c.or    a0, a5
core   0: 0 0x80005e10 (0x8d5d) x10 0xffffffff
core   0: 0x80005e12 (0x50d47b13) andi    s6, s0, 1293
core   0: 0 0x80005e12 (0x50d47b13) x22 0x00000000
core   0: 0x80005e16 (0x0000c60d) c.beqz  a2, pc + 42
core   0: 0 0x80005e16 (0xc60d)
core   0: 0x80005e40 (0xe8218013) addi    zero, gp, -382
core   0: 0 0x80005e40 (0xe8218013)
core   0: 0x80005e44 (0x0000ec1d) c.bnez  s0, pc + 62
core   0: 0 0x80005e44 (0xec1d)
core   0: 0x80005e46 (0x02cee8b3) rem     a7, t4, a2
core   0: 0 0x80005e46 (0x02cee8b3) x17 0x2d000000
core   0: 0x80005e4a (0x0379fe63) bgeu    s3, s7, pc + 60
core   0: 0 0x80005e4a (0x0379fe63)
core   0: 0x80005e4e (0x001a9533) sll     a0, s5, ra
core   0: 0 0x80005e4e (0x001a9533) x10 0x00000001
core   0: 0x80005e52 (0x01005763) bge     zero, a6, pc + 14
core   0: 0 0x80005e52 (0x01005763)
core   0: 0x80005e60 (0x00d65c63) bge     a2, a3, pc + 24
core   0: 0 0x80005e60 (0x00d65c63)
core   0: 0x80005e78 (0x00000c9d) c.addi  s9, 7
core   0: 0 0x80005e78 (0x0c9d) x25 0x64ba6a34
core   0: 0x80005e7a (0x023eba33) mulhu   s4, t4, gp
core   0: 0 0x80005e7a (0x023eba33) x20 0x16297725
core   0: 0x80005e7e (0x4118d313) srai    t1, a7, 17
core   0: 0 0x80005e7e (0x4118d313) x6  0x00001680
core   0: 0x80005e82 (0xc82c6e93) ori     t4, s8, -894
core   0: 0 0x80005e82 (0xc82c6e93) x29 0xfffffffe
core   0: 0x80005e86 (0x00af2bb3) slt     s7, t5, a0
core   0: 0 0x80005e86 (0x00af2bb3) x23 0x00000001
core   0: 0x80005e8a (0x02170c63) beq     a4, ra, pc + 56
core   0: 0 0x80005e8a (0x02170c63)
core   0: 0x80005e8e (0x012a30b3) sltu    ra, s4, s2
core   0: 0 0x80005e8e (0x012a30b3) x1  0x00000001
core   0: 0x80005e92 (0x005b9eb3) sll     t4, s7, t0
core   0: 0 0x80005e92 (0x005b9eb3) x29 0x00000002
core   0: 0x80005e96 (0x00000001) c.nop
core   0: 0 0x80005e96 (0x0001)
core   0: 0x80005e98 (0x0000ce0d) c.beqz  a2, pc + 58
core   0: 0 0x80005e98 (0xce0d)
core   0: 0x80005ed2 (0x00008619) c.srai  a2, 6
core   0: 0 0x80005ed2 (0x8619) x12 0x00000000
core   0: 0x80005ed4 (0x00ec1193) slli    gp, s8, 14
core   0: 0 0x80005ed4 (0x00ec1193) x3  0xffff8000
core   0: 0x80005ed8 (0x0ffe6993) ori     s3, t3, 255
core   0: 0 0x80005ed8 (0x0ffe6993) x19 0x000000ff
core   0: 0x80005edc (0x033992b3) mulh    t0, s3, s3
core   0: 0 0x80005edc (0x033992b3) x5  0x00000000
core   0: 0x80005ee0 (0x70177817) auipc   a6, 0x70177
core   0: 0 0x80005ee0 (0x70177817) x16 0xf017cee0
core   0: 0x80005ee4 (0x00000001) c.nop
core   0: 0 0x80005ee4 (0x0001)
core   0: 0x80005ee6 (0x00008221) c.srli  a2, 8
core   0: 0 0x80005ee6 (0x8221) x12 0x00000000
core   0: 0x80005ee8 (0x02166833) rem     a6, a2, ra
core   0: 0 0x80005ee8 (0x02166833) x16 0x00000000
core   0: 0x80005eec (0x00008886) c.mv    a7, ra
core   0: 0 0x80005eec (0x8886) x17 0x00000001
core   0: 0x80005eee (0x00008e69) c.and   a2, a0
core   0: 0 0x80005eee (0x8e69) x12 0x00000000
core   0: 0x80005ef0 (0x00008b49) c.andi  a4, 18
core   0: 0 0x80005ef0 (0x8b49) x14 0x00000000
core   0: 0x80005ef2 (0x03349c33) mulh    s8, s1, s3
core   0: 0 0x80005ef2 (0x03349c33) x24 0x00000000
core   0: 0x80005ef6 (0x00a29eb3) sll     t4, t0, a0
core   0: 0 0x80005ef6 (0x00a29eb3) x29 0x00000000
core   0: 0x80005efa (0x04661163) bne     a2, t1, pc + 66
core   0: 0 0x80005efa (0x04661163)
core   0: 0x80005f3c (0x01078b33) add     s6, a5, a6
core   0: 0 0x80005f3c (0x01078b33) x22 0xffffffff
core   0: 0x80005f40 (0x009c5813) srli    a6, s8, 9
core   0: 0 0x80005f40 (0x009c5813) x16 0x00000000
core   0: 0x80005f44 (0x41d0d0b3) sra     ra, ra, t4
core   0: 0 0x80005f44 (0x41d0d0b3) x1  0x00000001
core   0: 0x80005f48 (0x0088c333) xor     t1, a7, s0
core   0: 0 0x80005f48 (0x0088c333) x6  0x00000001
core   0: 0x80005f4c (0x02688963) beq     a7, t1, pc + 50
core   0: 0 0x80005f4c (0x02688963)
core   0: 0x80005f7e (0x015edf33) srl     t5, t4, s5
core   0: 0 0x80005f7e (0x015edf33) x30 0x00000000
core   0: 0x80005f82 (0x014b2ab3) slt     s5, s6, s4
core   0: 0 0x80005f82 (0x014b2ab3) x21 0x00000001
core   0: 0x80005f86 (0x02225533) divu    a0, tp, sp
core   0: 0 0x80005f86 (0x02225533) x10 0x000f51b3
core   0: 0x80005f8a (0x5f264413) xori    s0, a2, 1522
core   0: 0 0x80005f8a (0x5f264413) x8  0x000005f2
core   0: 0x80005f8e (0x57a92b13) slti    s6, s2, 1402
core   0: 0 0x80005f8e (0x57a92b13) x22 0x00000001
core   0: 0x80005f92 (0x00006ac5) c.lui   s5, 0x11
core   0: 0 0x80005f92 (0x6ac5) x21 0x00011000
core   0: 0x80005f94 (0x00008ba2) c.mv    s7, s0
core   0: 0 0x80005f94 (0x8ba2) x23 0x000005f2
core   0: 0x80005f96 (0x00000c0e) c.slli  s8, 3
core   0: 0 0x80005f96 (0x0c0e) x24 0x00000000
core   0: 0x80005f98 (0x00006b29) c.lui   s6, 0xa
core   0: 0 0x80005f98 (0x6b29) x22 0x0000a000
core   0: 0x80005f9a (0x00a11993) slli    s3, sp, 10
core   0: 0 0x80005f9a (0x00a11993) x19 0x000bc000
core   0: 0x80005f9e (0x0000717d) c.addi16sp sp, -16
core   0: 0 0x80005f9e (0x717d) x2  0x000002e0
core   0: 0x80005fa0 (0x01577233) and     tp, a4, s5
core   0: 0 0x80005fa0 (0x01577233) x4  0x00000000
core   0: 0x80005fa4 (0x00008f01) c.sub   a4, s0
core   0: 0 0x80005fa4 (0x8f01) x14 0xfffffa0e
core   0: 0x80005fa6 (0x00006fa5) c.lui   t6, 0x9
core   0: 0 0x80005fa6 (0x6fa5) x31 0x00009000
core   0: 0x80005fa8 (0x01759a13) slli    s4, a1, 23
core   0: 0 0x80005fa8 (0x01759a13) x20 0x32000000
core   0: 0x80005fac (0x00008ff1) c.and   a5, a2
core   0: 0 0x80005fac (0x8ff1) x15 0x00000000
core   0: 0x80005fae (0x00008d79) c.and   a0, a4
core   0: 0 0x80005fae (0x8d79) x10 0x000f5002
core   0: 0x80005fb0 (0x021eabb3) mulhsu  s7, t4, ra
core   0: 0 0x80005fb0 (0x021eabb3) x23 0x00000000
core   0: 0x80005fb4 (0x006f5133) srl     sp, t5, t1
core   0: 0 0x80005fb4 (0x006f5133) x2  0x00000000
core   0: 0x80005fb8 (0x00000001) c.nop
core   0: 0 0x80005fb8 (0x0001)
core   0: 0x80005fba (0x00008f49) c.or    a4, a0
core   0: 0 0x80005fba (0x8f49) x14 0xfffffa0e
core   0: 0x80005fbc (0x0000e411) c.bnez  s0, pc + 12
core   0: 0 0x80005fbc (0xe411)
core   0: 0x80005fc8 (0x00008511) c.srai  a0, 4
core   0: 0 0x80005fc8 (0x8511) x10 0x0000f500
core   0: 0x80005fca (0x0000081c) c.addi4spn a5, sp, 16
core   0: 0 0x80005fca (0x081c) x15 0x00000010
core   0: 0x80005fcc (0x00008ca6) c.mv    s9, s1
core   0: 0 0x80005fcc (0x8ca6) x25 0x0000061b
core   0: 0x80005fce (0x01444933) xor     s2, s0, s4
core   0: 0 0x80005fce (0x01444933) x18 0x320005f2
core   0: 0x80005fd2 (0x40dd59b3) sra     s3, s10, a3
core   0: 0 0x80005fd2 (0x40dd59b3) x19 0x00000000
core   0: 0x80005fd6 (0x34415e17) auipc   t3, 0x34415
core   0: 0 0x80005fd6 (0x34415e17) x28 0xb441afd6
core   0: 0x80005fda (0x00a3a033) slt     zero, t2, a0
core   0: 0 0x80005fda (0x00a3a033)
core   0: 0x80005fde (0x00009bba) c.add   s7, a4
core   0: 0 0x80005fde (0x9bba) x23 0xfffffa0e
core   0: 0x80005fe0 (0x00ba8463) beq     s5, a1, pc + 8
core   0: 0 0x80005fe0 (0x00ba8463)
core   0: 0x80005fe4 (0x01241213) slli    tp, s0, 18
core   0: 0 0x80005fe4 (0x01241213) x4  0x17c80000
core   0: 0x80005fe8 (0x3c1cc513) xori    a0, s9, 961
core   0: 0 0x80005fe8 (0x3c1cc513) x10 0x000005da
core   0: 0x80005fec (0x00008c7d) c.and   s0, a5
core   0: 0 0x80005fec (0x8c7d) x8  0x00000010
core   0: 0x80005fee (0x0ff0000f) fence   iorw,iorw
core   0: 0 0x80005fee (0x0ff0000f)
core   0: 0x80005ff2 (0x037fcc63) blt     t6, s7, pc + 56
core   0: 0 0x80005ff2 (0x037fcc63)
core   0: 0x80005ff6 (0x03024533) div     a0, tp, a6
core   0: 0 0x80005ff6 (0x03024533) x10 0xffffffff
core   0: 0x80005ffa (0x00008d61) c.and   a0, s0
core   0: 0 0x80005ffa (0x8d61) x10 0x00000010
core   0: 0x80005ffc (0x00f9d433) srl     s0, s3, a5
core   0: 0 0x80005ffc (0x00f9d433) x8  0x00000000
core   0: 0x80006000 (0x00820cb3) add     s9, tp, s0
core   0: 0 0x80006000 (0x00820cb3) x25 0x17c80000
core   0: 0x80006004 (0x00008ced) c.and   s1, a1
core   0: 0 0x80006004 (0x8ced) x9  0x00000600
core   0: 0x80006006 (0x4a1fb313) sltiu   t1, t6, 1185
core   0: 0 0x80006006 (0x4a1fb313) x6  0x00000000
core   0: 0x8000600a (0x00001a7d) c.addi  s4, -1
core   0: 0 0x8000600a (0x1a7d) x20 0x31ffffff
core   0: 0x8000600c (0x00000001) c.nop
core   0: 0 0x8000600c (0x0001)
core   0: 0x8000600e (0x41448fb3) sub     t6, s1, s4
core   0: 0 0x8000600e (0x41448fb3) x31 0xce000601
core   0: 0x80006012 (0x004439b3) sltu    s3, s0, tp
core   0: 0 0x80006012 (0x004439b3) x19 0x00000001
core   0: 0x80006016 (0x0000100f) fence.i
core   0: 0 0x80006016 (0x0000100f)
core   0: 0x8000601a (0x01129833) sll     a6, t0, a7
core   0: 0 0x8000601a (0x01129833) x16 0x00000000
core   0: 0x8000601e (0x41c44c93) xori    s9, s0, 1052
core   0: 0 0x8000601e (0x41c44c93) x25 0x0000041c
core   0: 0x80006022 (0xffc4a837) lui     a6, 0xffc4a
core   0: 0 0x80006022 (0xffc4a837) x16 0xffc4a000
core   0: 0x80006026 (0x02a65ab3) divu    s5, a2, a0
core   0: 0 0x80006026 (0x02a65ab3) x21 0x00000000
core   0: 0x8000602a (0x0329d633) divu    a2, s3, s2
core   0: 0 0x8000602a (0x0329d633) x12 0x00000000
core   0: 0x8000602e (0x00000001) c.nop
core   0: 0 0x8000602e (0x0001)
core   0: 0x80006030 (0x40000eb3) sub     t4, zero, zero
core   0: 0 0x80006030 (0x40000eb3) x29 0x00000000
core   0: 0x80006034 (0x00000001) c.nop
core   0: 0 0x80006034 (0x0001)
core   0: 0x80006036 (0xb3e4e793) ori     a5, s1, -1218
core   0: 0 0x80006036 (0xb3e4e793) x15 0xffffff3e
core   0: 0x8000603a (0x013cf333) and     t1, s9, s3
core   0: 0 0x8000603a (0x013cf333) x6  0x00000000
core   0: 0x8000603e (0x23124e93) xori    t4, tp, 561
core   0: 0 0x8000603e (0x23124e93) x29 0x17c80231
core   0: 0x80006042 (0x039afcb3) remu    s9, s5, s9
core   0: 0 0x80006042 (0x039afcb3) x25 0x00000000
core   0: 0x80006046 (0x0000ee1d) c.bnez  a2, pc + 62
core   0: 0 0x80006046 (0xee1d)
core   0: 0x80006048 (0x03ee64b3) rem     s1, t3, t5
core   0: 0 0x80006048 (0x03ee64b3) x9  0xb441afd6
core   0: 0x8000604c (0x00008e01) c.sub   a2, s0
core   0: 0 0x8000604c (0x8e01) x12 0x00000000
core   0: 0x8000604e (0x0000100f) fence.i
core   0: 0 0x8000604e (0x0000100f)
core   0: 0x80006052 (0x0000817e) c.mv    sp, t6
core   0: 0 0x80006052 (0x817e) x2  0xce000601
core   0: 0x80006054 (0x003a9b93) slli    s7, s5, 3
core   0: 0 0x80006054 (0x003a9b93) x23 0x00000000
core   0: 0x80006058 (0x60713a93) sltiu   s5, sp, 1543
core   0: 0 0x80006058 (0x60713a93) x21 0x00000000
core   0: 0x8000605c (0x01c8cc63) blt     a7, t3, pc + 24
core   0: 0 0x8000605c (0x01c8cc63)
core   0: 0x80006060 (0x021e7733) remu    a4, t3, ra
core   0: 0 0x80006060 (0x021e7733) x14 0x00000000
core   0: 0x80006064 (0x00008719) c.srai  a4, 6
core   0: 0 0x80006064 (0x8719) x14 0x00000000
core   0: 0x80006066 (0x301f7813) andi    a6, t5, 769
core   0: 0 0x80006066 (0x301f7813) x16 0x00000000
core   0: 0x8000606a (0x00008e3d) c.xor   a2, a5
core   0: 0 0x8000606a (0x8e3d) x12 0xffffff3e
core   0: 0x8000606c (0x019749b3) xor     s3, a4, s9
core   0: 0 0x8000606c (0x019749b3) x19 0x00000000
core   0: 0x80006070 (0x03b6c633) div     a2, a3, s11
core   0: 0 0x80006070 (0x03b6c633) x12 0x0019030e
core   0: 0x80006074 (0x01eb8e63) beq     s7, t5, pc + 28
core   0: 0 0x80006074 (0x01eb8e63)
core   0: 0x80006090 (0x4306be37) lui     t3, 0x4306b
core   0: 0 0x80006090 (0x4306be37) x28 0x4306b000
core   0: 0x80006094 (0x02beaf33) mulhsu  t5, t4, a1
core   0: 0 0x80006094 (0x02beaf33) x30 0x0be4337b
core   0: 0x80006098 (0x589c6e13) ori     t3, s8, 1417
core   0: 0 0x80006098 (0x589c6e13) x28 0x00000589
core   0: 0x8000609c (0x0230bcb3) mulhu   s9, ra, gp
core   0: 0 0x8000609c (0x0230bcb3) x25 0x00000000
core   0: 0x800060a0 (0x0000cc95) c.beqz  s1, pc + 60
core   0: 0 0x800060a0 (0xcc95)
core   0: 0x800060a2 (0x0000c89d) c.beqz  s1, pc + 54
core   0: 0 0x800060a2 (0xc89d)
core   0: 0x800060a4 (0x02b260b3) rem     ra, tp, a1
core   0: 0 0x800060a4 (0x02b260b3) x1  0x17c80000
core   0: 0x800060a8 (0x00008049) c.srli  s0, 18
core   0: 0 0x800060a8 (0x8049) x8  0x00000000
core   0: 0x800060aa (0x00006529) c.lui   a0, 0xa
core   0: 0 0x800060aa (0x6529) x10 0x0000a000
core   0: 0x800060ac (0x40175b93) srai    s7, a4, 1
core   0: 0 0x800060ac (0x40175b93) x23 0x00000000
core   0: 0x800060b0 (0x03620633) mul     a2, tp, s6
core   0: 0 0x800060b0 (0x03620633) x12 0x00000000
core   0: 0x800060b4 (0x0350ea33) rem     s4, ra, s5
core   0: 0 0x800060b4 (0x0350ea33) x20 0x17c80000
core   0: 0x800060b8 (0x03f3e863) bltu    t2, t6, pc + 48
core   0: 0 0x800060b8 (0x03f3e863)
core   0: 0x800060e8 (0x98f8e7b7) lui     a5, 0x98f8e
core   0: 0 0x800060e8 (0x98f8e7b7) x15 0x98f8e000
core   0: 0x800060ec (0x03397a63) bgeu    s2, s3, pc + 52
core   0: 0 0x800060ec (0x03397a63)
core   0: 0x80006120 (0x1af4c017) auipc   zero, 0x1af4c
core   0: 0 0x80006120 (0x1af4c017)
core   0: 0x80006124 (0x00000001) c.nop
core   0: 0 0x80006124 (0x0001)
core   0: 0x80006126 (0x00005bfd) c.li    s7, -1
core   0: 0 0x80006126 (0x5bfd) x23 0xffffffff
core   0: 0x80006128 (0x0ff0000f) fence   iorw,iorw
core   0: 0 0x80006128 (0x0ff0000f)
core   0: 0x8000612c (0x018cde33) srl     t3, s9, s8
core   0: 0 0x8000612c (0x018cde33) x28 0x00000000
core   0: 0x80006130 (0x00139863) bne     t2, ra, pc + 16
core   0: 0 0x80006130 (0x00139863)
core   0: 0x80006140 (0x00000a5a) c.slli  s4, 22
core   0: 0 0x80006140 (0x0a5a) x20 0x00000000
core   0: 0x80006142 (0x00000001) c.nop
core   0: 0 0x80006142 (0x0001)
core   0: 0x80006144 (0x000000b9) c.addi  ra, 14
core   0: 0 0x80006144 (0x00b9) x1  0x17c8000e
core   0: 0x80006146 (0x00f75233) srl     tp, a4, a5
core   0: 0 0x80006146 (0x00f75233) x4  0x00000000
core   0: 0x8000614a (0x0000c319) c.beqz  a4, pc + 6
core   0: 0 0x8000614a (0xc319)
core   0: 0x80006150 (0x41348733) sub     a4, s1, s3
core   0: 0 0x80006150 (0x41348733) x14 0xb441afd6
core   0: 0x80006154 (0x03dc9f63) bne     s9, t4, pc + 62
core   0: 0 0x80006154 (0x03dc9f63)
core   0: 0x80006192 (0x01536833) or      a6, t1, s5
core   0: 0 0x80006192 (0x01536833) x16 0x00000000
core   0: 0x80006196 (0x00008e61) c.and   a2, s0
core   0: 0 0x80006196 (0x8e61) x12 0x00000000
core   0: 0x80006198 (0x02673333) mulhu   t1, a4, t1
core   0: 0 0x80006198 (0x02673333) x6  0x00000000
core   0: 0x8000619c (0x000083c5) c.srli  a5, 17
core   0: 0 0x8000619c (0x83c5) x15 0x00004c7c
core   0: 0x8000619e (0x037e5033) divu    zero, t3, s7
core   0: 0 0x8000619e (0x037e5033)
core   0: 0x800061a2 (0x18836e97) auipc   t4, 0x18836
core   0: 0 0x800061a2 (0x18836e97) x29 0x9883c1a2
core   0: 0x800061a6 (0x026a4eb3) div     t4, s4, t1
core   0: 0 0x800061a6 (0x026a4eb3) x29 0xffffffff
core   0: 0x800061aa (0xefd72193) slti    gp, a4, -259
core   0: 0 0x800061aa (0xefd72193) x3  0x00000001
core   0: 0x800061ae (0x0359fe63) bgeu    s3, s5, pc + 60
core   0: 0 0x800061ae (0x0359fe63)
core   0: 0x800061ea (0x5cd3ca13) xori    s4, t2, 1485
core   0: 0 0x800061ea (0x5cd3ca13) x20 0x000005cd
core   0: 0x800061ee (0x000062e1) c.lui   t0, 0x18
core   0: 0 0x800061ee (0x62e1) x5  0x00018000
core   0: 0x800061f0 (0x00008e31) c.xor   a2, a2
core   0: 0 0x800061f0 (0x8e31) x12 0x00000000
core   0: 0x800061f2 (0x016f5793) srli    a5, t5, 22
core   0: 0 0x800061f2 (0x016f5793) x15 0x0000002f
core   0: 0x800061f6 (0x0000917e) c.add   sp, t6
core   0: 0 0x800061f6 (0x917e) x2  0x9c000c02
core   0: 0x800061f8 (0x0152e833) or      a6, t0, s5
core   0: 0 0x800061f8 (0x0152e833) x16 0x00018000
core   0: 0x800061fc (0x00008e5d) c.or    a2, a5
core   0: 0 0x800061fc (0x8e5d) x12 0x0000002f
core   0: 0x800061fe (0x03de7c63) bgeu    t3, t4, pc + 56
core   0: 0 0x800061fe (0x03de7c63)
core   0: 0x80006202 (0x032afdb3) remu    s11, s5, s2
core   0: 0 0x80006202 (0x032afdb3) x27 0x00000000
core   0: 0x80006206 (0x40ce0eb3) sub     t4, t3, a2
core   0: 0 0x80006206 (0x40ce0eb3) x29 0xffffffd1
core   0: 0x8000620a (0x00000398) c.addi4spn a4, sp, 448
core   0: 0 0x8000620a (0x0398) x14 0x9c000dc2
core   0: 0x8000620c (0x00000435) c.addi  s0, 13
core   0: 0 0x8000620c (0x0435) x8  0x0000000d
core   0: 0x8000620e (0x044bf163) bgeu    s7, tp, pc + 66
core   0: 0 0x8000620e (0x044bf163)
core   0: 0x80006250 (0x00000001) c.nop
core   0: 0 0x80006250 (0x0001)
core   0: 0x80006252 (0xf73e4a93) xori    s5, t3, -141
core   0: 0 0x80006252 (0xf73e4a93) x21 0xffffff73
core   0: 0x80006256 (0x0062ea33) or      s4, t0, t1
core   0: 0 0x80006256 (0x0062ea33) x20 0x00018000
core   0: 0x8000625a (0x02297b63) bgeu    s2, sp, pc + 54
core   0: 0 0x8000625a (0x02297b63)
core   0: 0x8000625e (0x027b0933) mul     s2, s6, t2
core   0: 0 0x8000625e (0x027b0933) x18 0x00000000
core   0: 0x80006262 (0x02aea433) mulhsu  s0, t4, a0
core   0: 0 0x80006262 (0x02aea433) x8  0xffffffff
core   0: 0x80006266 (0x00008c25) c.xor   s0, s1
core   0: 0 0x80006266 (0x8c25) x8  0x4bbe5029
core   0: 0x80006268 (0x000083a5) c.srli  a5, 9
core   0: 0 0x80006268 (0x83a5) x15 0x00000000
core   0: 0x8000626a (0x00000001) c.nop
core   0: 0 0x8000626a (0x0001)
core   0: 0x8000626c (0x0000043a) c.slli  s0, 14
core   0: 0 0x8000626c (0x043a) x8  0x940a4000
core   0: 0x8000626e (0x031ac533) div     a0, s5, a7
core   0: 0 0x8000626e (0x031ac533) x10 0xffffff73
core   0: 0x80006272 (0x698d6213) ori     tp, s10, 1688
core   0: 0 0x80006272 (0x698d6213) x4  0x00000698
core   0: 0x80006276 (0x00000001) c.nop
core   0: 0 0x80006276 (0x0001)
core   0: 0x80006278 (0x00009c92) c.add   s9, tp
core   0: 0 0x80006278 (0x9c92) x25 0x00000698
core   0: 0x8000627a (0x3e883613) sltiu   a2, a6, 1000
core   0: 0 0x8000627a (0x3e883613) x12 0x00000000
core   0: 0x8000627e (0x00008c89) c.sub   s1, a0
core   0: 0 0x8000627e (0x8c89) x9  0xb441b063
core   0: 0x80006280 (0x00659733) sll     a4, a1, t1
core   0: 0 0x80006280 (0x00659733) x14 0x80021e64
core   0: 0x80006284 (0x031a8c63) beq     s5, a7, pc + 56
core   0: 0 0x80006284 (0x031a8c63)
core   0: 0x80006288 (0x0000ce19) c.beqz  a2, pc + 30
core   0: 0 0x80006288 (0xce19)
core   0: 0x800062a6 (0x035fac33) mulhsu  s8, t6, s5
core   0: 0 0x800062a6 (0x035fac33) x24 0xce00061c
core   0: 0x800062aa (0xf77bc193) xori    gp, s7, -137
core   0: 0 0x800062aa (0xf77bc193) x3  0x00000088
core   0: 0x800062ae (0x03075a63) bge     a4, a6, pc + 52
core   0: 0 0x800062ae (0x03075a63)
core   0: 0x800062b2 (0x41a45813) srai    a6, s0, 26
core   0: 0 0x800062b2 (0x41a45813) x16 0xffffffe5
core   0: 0x800062b6 (0x0000161c) c.addi4spn a5, sp, 800
core   0: 0 0x800062b6 (0x161c) x15 0x9c000f22
core   0: 0x800062b8 (0x00cfd193) srli    gp, t6, 12
core   0: 0 0x800062b8 (0x00cfd193) x3  0x000ce000
core   0: 0x800062bc (0x03198233) mul     tp, s3, a7
core   0: 0 0x800062bc (0x03198233) x4  0x00000000
core   0: 0x800062c0 (0x00008f4d) c.or    a4, a1
core   0: 0 0x800062c0 (0x8f4d) x14 0x80021e64
core   0: 0x800062c2 (0x00000001) c.nop
core   0: 0 0x800062c2 (0x0001)
core   0: 0x800062c4 (0x0000717d) c.addi16sp sp, -16
core   0: 0 0x800062c4 (0x717d) x2  0x9c000bf2
core   0: 0x800062c6 (0x00008c75) c.and   s0, a3
core   0: 0 0x800062c6 (0x8c75) x8  0x80024000
core   0: 0x800062c8 (0x00000918) c.addi4spn a4, sp, 144
core   0: 0 0x800062c8 (0x0918) x14 0x9c000c82
core   0: 0x800062ca (0x02059033) mulh    zero, a1, zero
core   0: 0 0x800062ca (0x02059033)
core   0: 0x800062ce (0x006e7f33) and     t5, t3, t1
core   0: 0 0x800062ce (0x006e7f33) x30 0x00000000
core   0: 0x800062d2 (0x001f48b3) xor     a7, t5, ra
core   0: 0 0x800062d2 (0x001f48b3) x17 0x17c8000e
core   0: 0x800062d6 (0x02b9c663) blt     s3, a1, pc + 44
core   0: 0 0x800062d6 (0x02b9c663)
core   0: 0x800062da (0x00009bc2) c.add   s7, a6
core   0: 0 0x800062da (0x9bc2) x23 0xffffffe4
core   0: 0x800062dc (0x00008075) c.srli  s0, 29
core   0: 0 0x800062dc (0x8075) x8  0x00000004
core   0: 0x800062de (0x0000ef81) c.bnez  a5, pc + 24
core   0: 0 0x800062de (0xef81)
core   0: 0x800062f6 (0x03698c33) mul     s8, s3, s6
core   0: 0 0x800062f6 (0x03698c33) x24 0x00000000
core   0: 0x800062fa (0x00bb81b3) add     gp, s7, a1
core   0: 0 0x800062fa (0x00bb81b3) x3  0x80021e48
core   0: 0x800062fe (0x409a8fb3) sub     t6, s5, s1
core   0: 0 0x800062fe (0x409a8fb3) x31 0x4bbe4f10
core   0: 0x80006302 (0x000088ee) c.mv    a7, s11
core   0: 0 0x80006302 (0x88ee) x17 0x00000000
core   0: 0x80006304 (0x02b88db3) mul     s11, a7, a1
core   0: 0 0x80006304 (0x02b88db3) x27 0x00000000
core   0: 0x80006308 (0x026a91b3) mulh    gp, s5, t1
core   0: 0 0x80006308 (0x026a91b3) x3  0x00000000
core   0: 0x8000630c (0x66cb8413) addi    s0, s7, 1644
core   0: 0 0x8000630c (0x66cb8413) x8  0x00000650
core   0: 0x80006310 (0x01c368b3) or      a7, t1, t3
core   0: 0 0x80006310 (0x01c368b3) x17 0x00000000
core   0: 0x80006314 (0x0000cc05) c.beqz  s0, pc + 56
core   0: 0 0x80006314 (0xcc05)
core   0: 0x80006316 (0x403a8fb3) sub     t6, s5, gp
core   0: 0 0x80006316 (0x403a8fb3) x31 0xffffff73
core   0: 0x8000631a (0x00008275) c.srli  a2, 29
core   0: 0 0x8000631a (0x8275) x12 0x00000000
core   0: 0x8000631c (0x00000bda) c.slli  s7, 22
core   0: 0 0x8000631c (0x0bda) x23 0xf9000000
core   0: 0x8000631e (0x01c6c2b3) xor     t0, a3, t3
core   0: 0 0x8000631e (0x01c6c2b3) x5  0x80025ce4
core   0: 0x80006322 (0x000069fd) c.lui   s3, 0x1f
core   0: 0 0x80006322 (0x69fd) x19 0x0001f000
core   0: 0x80006324 (0x41ddec13) ori     s8, s11, 1053
core   0: 0 0x80006324 (0x41ddec13) x24 0x0000041d
core   0: 0x80006328 (0x00000001) c.nop
core   0: 0 0x80006328 (0x0001)
core   0: 0x8000632a (0x003a9513) slli    a0, s5, 3
core   0: 0 0x8000632a (0x003a9513) x10 0xfffffb98
core   0: 0x8000632e (0x03fdc663) blt     s11, t6, pc + 44
core   0: 0 0x8000632e (0x03fdc663)
core   0: 0x80006332 (0x0130f2b3) and     t0, ra, s3
core   0: 0 0x80006332 (0x0130f2b3) x5  0x00000000
core   0: 0x80006336 (0x00008d11) c.sub   a0, a2
core   0: 0 0x80006336 (0x8d11) x10 0xfffffb98
core   0: 0x80006338 (0x0050acb3) slt     s9, ra, t0
core   0: 0 0x80006338 (0x0050acb3) x25 0x00000000
core   0: 0x8000633c (0x59d32a37) lui     s4, 0x59d32
core   0: 0 0x8000633c (0x59d32a37) x20 0x59d32000
core   0: 0x80006340 (0x85120f93) addi    t6, tp, -1967
core   0: 0 0x80006340 (0x85120f93) x31 0xfffff851
core   0: 0x80006344 (0x0000cb95) c.beqz  a5, pc + 52
core   0: 0 0x80006344 (0xcb95)
core   0: 0x80006346 (0x0000717d) c.addi16sp sp, -16
core   0: 0 0x80006346 (0x717d) x2  0x9c000be2
core   0: 0x80006348 (0x00008419) c.srai  s0, 6
core   0: 0 0x80006348 (0x8419) x8  0x00000019
core   0: 0x8000634a (0x0000843d) c.srai  s0, 15
core   0: 0 0x8000634a (0x843d) x8  0x00000000
core   0: 0x8000634c (0x00000001) c.nop
core   0: 0 0x8000634c (0x0001)
core   0: 0x8000634e (0xce5cf993) andi    s3, s9, -795
core   0: 0 0x8000634e (0xce5cf993) x19 0x00000000
core   0: 0x80006352 (0x006569b3) or      s3, a0, t1
core   0: 0 0x80006352 (0x006569b3) x19 0xfffffb98
core   0: 0x80006356 (0x032e0ab3) mul     s5, t3, s2
core   0: 0 0x80006356 (0x032e0ab3) x21 0x00000000
core   0: 0x8000635a (0x00004469) c.li    s0, 26
core   0: 0 0x8000635a (0x4469) x8  0x0000001a
core   0: 0x8000635c (0x0000879d) c.srai  a5, 7
core   0: 0 0x8000635c (0x879d) x15 0xff38001e
core   0: 0x8000635e (0x03708c33) mul     s8, ra, s7
core   0: 0 0x8000635e (0x03708c33) x24 0x9e000000
core   0: 0x80006362 (0x00008711) c.srai  a4, 4
core   0: 0 0x80006362 (0x8711) x14 0xf9c000c8
core   0: 0x80006364 (0x01557f63) bgeu    a0, s5, pc + 30
core   0: 0 0x80006364 (0x01557f63)
core   0: 0x80006382 (0x00d5ce33) xor     t3, a1, a3
core   0: 0 0x80006382 (0x00d5ce33) x28 0x00004280
core   0: 0x80006386 (0x88ac6613) ori     a2, s8, -1910
core   0: 0 0x80006386 (0x88ac6613) x12 0xfffff88a
core   0: 0x8000638a (0x004c21b3) slt     gp, s8, tp
core   0: 0 0x8000638a (0x004c21b3) x3  0x00000001
core   0: 0x8000638e (0x00495d93) srli    s11, s2, 4
core   0: 0 0x8000638e (0x00495d93) x27 0x00000000
core   0: 0x80006392 (0x01b51f33) sll     t5, a0, s11
core   0: 0 0x80006392 (0x01b51f33) x30 0xfffffb98
core   0: 0x80006396 (0x019c9b33) sll     s6, s9, s9
core   0: 0 0x80006396 (0x019c9b33) x22 0x00000000
core   0: 0x8000639a (0xaf016413) ori     s0, sp, -1296
core   0: 0 0x8000639a (0xaf016413) x8  0xfffffbf2
core   0: 0x8000639e (0x013b8e63) beq     s7, s3, pc + 28
core   0: 0 0x8000639e (0x013b8e63)
core   0: 0x800063a2 (0x011d9363) bne     s11, a7, pc + 6
core   0: 0 0x800063a2 (0x011d9363)
core   0: 0x800063a6 (0x0000c511) c.beqz  a0, pc + 12
core   0: 0 0x800063a6 (0xc511)
core   0: 0x800063a8 (0x0ff0000f) fence   iorw,iorw
core   0: 0 0x800063a8 (0x0ff0000f)
core   0: 0x800063ac (0x9b724293) xori    t0, tp, -1609
core   0: 0 0x800063ac (0x9b724293) x5  0xfffff9b7
core   0: 0x800063b0 (0x00001f04) c.addi4spn s1, sp, 944
core   0: 0 0x800063b0 (0x1f04) x9  0x9c000f92
core   0: 0x800063b2 (0x000088e1) c.andi  s1, 24
core   0: 0 0x800063b2 (0x88e1) x9  0x00000010
core   0: 0x800063b4 (0x00008d75) c.and   a0, a3
core   0: 0 0x800063b4 (0x8d75) x10 0x80025880
core   0: 0x800063b6 (0x0197ca63) blt     a5, s9, pc + 20
core   0: 0 0x800063b6 (0x0197ca63)
core   0: 0x800063ca (0x00008cd1) c.or    s1, a2
core   0: 0 0x800063ca (0x8cd1) x9  0xfffff89a
core   0: 0x800063cc (0x00008a46) c.mv    s4, a7
core   0: 0 0x800063cc (0x8a46) x20 0x00000000
core   0: 0x800063ce (0x409400b3) sub     ra, s0, s1
core   0: 0 0x800063ce (0x409400b3) x1  0x00000358
core   0: 0x800063d2 (0x00008e4d) c.or    a2, a1
core   0: 0 0x800063d2 (0x8e4d) x12 0xfffffeee
core   0: 0x800063d4 (0x005821b3) slt     gp, a6, t0
core   0: 0 0x800063d4 (0x005821b3) x3  0x00000000
core   0: 0x800063d8 (0x0000eb15) c.bnez  a4, pc + 52
core   0: 0 0x800063d8 (0xeb15)
core   0: 0x8000640c (0x0061bcb3) sltu    s9, gp, t1
core   0: 0 0x8000640c (0x0061bcb3) x25 0x00000000
core   0: 0x80006410 (0x9cc8f113) andi    sp, a7, -1588
core   0: 0 0x80006410 (0x9cc8f113) x2  0x00000000
core   0: 0x80006414 (0xa8fc8797) auipc   a5, 0xa8fc8
core   0: 0 0x80006414 (0xa8fc8797) x15 0x28fce414
core   0: 0x80006418 (0x0000547d) c.li    s0, -1
core   0: 0 0x80006418 (0x547d) x8  0xffffffff
core   0: 0x8000641a (0x0220bfb3) mulhu   t6, ra, sp
core   0: 0 0x8000641a (0x0220bfb3) x31 0x00000000
core   0: 0x8000641e (0xf1aa4437) lui     s0, 0xf1aa4
core   0: 0 0x8000641e (0xf1aa4437) x8  0xf1aa4000
core   0: 0x80006422 (0x00008f7d) c.and   a4, a5
core   0: 0 0x80006422 (0x8f7d) x14 0x28c00000
core   0: 0x80006424 (0xef098b13) addi    s6, s3, -272
core   0: 0 0x80006424 (0xef098b13) x22 0xfffffa88
core   0: 0x80006428 (0x000012fd) c.addi  t0, -1
core   0: 0 0x80006428 (0x12fd) x5  0xfffff9b6
core   0: 0x8000642a (0x0000c815) c.beqz  s0, pc + 52
core   0: 0 0x8000642a (0xc815)
core   0: 0x8000642c (0x008acf33) xor     t5, s5, s0
core   0: 0 0x8000642c (0x008acf33) x30 0xf1aa4000
core   0: 0x80006430 (0x02b12c33) mulhsu  s8, sp, a1
core   0: 0 0x80006430 (0x02b12c33) x24 0x00000000
core   0: 0x80006434 (0x03551cb3) mulh    s9, a0, s5
core   0: 0 0x80006434 (0x03551cb3) x25 0x00000000
core   0: 0x80006438 (0xba6bb837) lui     a6, 0xba6bb
core   0: 0 0x80006438 (0xba6bb837) x16 0xba6bb000
core   0: 0x8000643c (0x02dd81b3) mul     gp, s11, a3
core   0: 0 0x8000643c (0x02dd81b3) x3  0x00000000
core   0: 0x80006440 (0x00008e4d) c.or    a2, a1
core   0: 0 0x80006440 (0x8e4d) x12 0xfffffeee
core   0: 0x80006442 (0x02d34233) div     tp, t1, a3
core   0: 0 0x80006442 (0x02d34233) x4  0x00000000
core   0: 0x80006446 (0x00008d61) c.and   a0, s0
core   0: 0 0x80006446 (0x8d61) x10 0x80024000
core   0: 0x80006448 (0x00bce963) bltu    s9, a1, pc + 18
core   0: 0 0x80006448 (0x00bce963)
core   0: 0x8000645a (0x0193be33) sltu    t3, t2, s9
core   0: 0 0x8000645a (0x0193be33) x28 0x00000000
core   0: 0x8000645e (0x5fcd5f37) lui     t5, 0x5fcd5
core   0: 0 0x8000645e (0x5fcd5f37) x30 0x5fcd5000
core   0: 0x80006462 (0x00000001) c.nop
core   0: 0 0x80006462 (0x0001)
core   0: 0x80006464 (0xff889097) auipc   ra, 0xff889
core   0: 0 0x80006464 (0xff889097) x1  0x7f88f464
core   0: 0x80006468 (0x7688cd93) xori    s11, a7, 1896
core   0: 0 0x80006468 (0x7688cd93) x27 0x00000768
core   0: 0x8000646c (0x00006115) c.addi16sp sp, 288
core   0: 0 0x8000646c (0x6115) x2  0x00000120
core   0: 0x8000646e (0x000080c5) c.srli  s1, 17
core   0: 0 0x8000646e (0x80c5) x9  0x00007fff
core   0: 0x80006470 (0x417bdcb3) sra     s9, s7, s7
core   0: 0 0x80006470 (0x417bdcb3) x25 0xf9000000
core   0: 0x80006474 (0x00335f33) srl     t5, t1, gp
core   0: 0 0x80006474 (0x00335f33) x30 0x00000000
core   0: 0x80006478 (0x03a787b3) mul     a5, a5, s10
core   0: 0 0x80006478 (0x03a787b3) x15 0x00000000
core   0: 0x8000647c (0x0000100f) fence.i
core   0: 0 0x8000647c (0x0000100f)
core   0: 0x80006480 (0x00006149) c.addi16sp sp, 144
core   0: 0 0x80006480 (0x6149) x2  0x000001b0
core   0: 0x80006482 (0x037254b3) divu    s1, tp, s7
core   0: 0 0x80006482 (0x037254b3) x9  0x00000000
core   0: 0x80006486 (0x00be1033) sll     zero, t3, a1
core   0: 0 0x80006486 (0x00be1033)
core   0: 0x8000648a (0x0000100f) fence.i
core   0: 0 0x8000648a (0x0000100f)
core   0: 0x8000648e (0x025eb233) mulhu   tp, t4, t0
core   0: 0 0x8000648e (0x025eb233) x4  0xfffff987
core   0: 0x80006492 (0x03befe33) remu    t3, t4, s11
core   0: 0 0x80006492 (0x03befe33) x28 0x000000a1
core   0: 0x80006496 (0x03064663) blt     a2, a6, pc + 44
core   0: 0 0x80006496 (0x03064663)
core   0: 0x8000649a (0x00008a49) c.andi  a2, 18
core   0: 0 0x8000649a (0x8a49) x12 0x00000002
core   0: 0x8000649c (0x00000001) c.nop
core   0: 0 0x8000649c (0x0001)
core   0: 0x8000649e (0x000061b1) c.lui   gp, 0xc
core   0: 0 0x8000649e (0x61b1) x3  0x0000c000
core   0: 0x800064a0 (0x8e8bf793) andi    a5, s7, -1816
core   0: 0 0x800064a0 (0x8e8bf793) x15 0xf9000000
core   0: 0x800064a4 (0x00005d7d) c.li    s10, -1
core   0: 0 0x800064a4 (0x5d7d) x26 0xffffffff
core   0: 0x800064a6 (0x011d5133) srl     sp, s10, a7
core   0: 0 0x800064a6 (0x011d5133) x2  0xffffffff
core   0: 0x800064aa (0x40278d33) sub     s10, a5, sp
core   0: 0 0x800064aa (0x40278d33) x26 0xf9000001
core   0: 0x800064ae (0x0ff0000f) fence   iorw,iorw
core   0: 0 0x800064ae (0x0ff0000f)
core   0: 0x800064b2 (0x83150893) addi    a7, a0, -1999
core   0: 0 0x800064b2 (0x83150893) x17 0x80023831
core   0: 0x800064b6 (0x03d0dd63) bge     ra, t4, pc + 58
core   0: 0 0x800064b6 (0x03d0dd63)
core   0: 0x800064f0 (0x0000717d) c.addi16sp sp, -16
core   0: 0 0x800064f0 (0x717d) x2  0xffffffef
core   0: 0x800064f2 (0x414ad0b3) sra     ra, s5, s4
core   0: 0 0x800064f2 (0x414ad0b3) x1  0x00000000
core   0: 0x800064f6 (0x00008c69) c.and   s0, a0
core   0: 0 0x800064f6 (0x8c69) x8  0x80024000
core   0: 0x800064f8 (0x00008e49) c.or    a2, a0
core   0: 0 0x800064f8 (0x8e49) x12 0x80024002
core   0: 0x800064fa (0x00000001) c.nop
core   0: 0 0x800064fa (0x0001)
core   0: 0x800064fc (0x006a5c13) srli    s8, s4, 6
core   0: 0 0x800064fc (0x006a5c13) x24 0x00000000
core   0: 0x80006500 (0x00001d7d) c.addi  s10, -1
core   0: 0 0x80006500 (0x1d7d) x26 0xf9000000
core   0: 0x80006502 (0x00008b25) c.andi  a4, 9
core   0: 0 0x80006502 (0x8b25) x14 0x00000000
core   0: 0x80006504 (0x032efc33) remu    s8, t4, s2
core   0: 0 0x80006504 (0x032efc33) x24 0xffffffd1
core   0: 0x80006508 (0xe51f0093) addi    ra, t5, -431
core   0: 0 0x80006508 (0xe51f0093) x1  0xfffffe51
core   0: 0x8000650c (0x000010fd) c.addi  ra, -1
core   0: 0 0x8000650c (0x10fd) x1  0xfffffe50
core   0: 0x8000650e (0x01f1c8b3) xor     a7, gp, t6
core   0: 0 0x8000650e (0x01f1c8b3) x17 0x0000c000
core   0: 0x80006512 (0x00004d65) c.li    s10, 25
core   0: 0 0x80006512 (0x4d65) x26 0x00000019
core   0: 0x80006514 (0x00755f13) srli    t5, a0, 7
core   0: 0 0x80006514 (0x00755f13) x30 0x01000480
core   0: 0x80006518 (0x00008fc1) c.or    a5, s0
core   0: 0 0x80006518 (0x8fc1) x15 0xf9024000
core   0: 0x8000651a (0x00008559) c.srai  a0, 22
core   0: 0 0x8000651a (0x8559) x10 0xfffffe00
core   0: 0x8000651c (0x044f9163) bne     t6, tp, pc + 66
core   0: 0 0x8000651c (0x044f9163)
core   0: 0x8000655e (0x00006121) c.addi16sp sp, 64
core   0: 0 0x8000655e (0x6121) x2  0x0000002f
core   0: 0x80006560 (0xbb2cf313) andi    t1, s9, -1102
core   0: 0 0x80006560 (0xbb2cf313) x6  0xf9000000
core   0: 0x80006564 (0x40fa5733) sra     a4, s4, a5
core   0: 0 0x80006564 (0x40fa5733) x14 0x00000000
core   0: 0x80006568 (0x0000c40d) c.beqz  s0, pc + 42
core   0: 0 0x80006568 (0xc40d)
core   0: 0x8000656a (0x01477f33) and     t5, a4, s4
core   0: 0 0x8000656a (0x01477f33) x30 0x00000000
core   0: 0x8000656e (0x02a2c4b3) div     s1, t0, a0
core   0: 0 0x8000656e (0x02a2c4b3) x9  0x00000003
core   0: 0x80006572 (0x00008f99) c.sub   a5, a4
core   0: 0 0x80006572 (0x8f99) x15 0xf9024000
core   0: 0x80006574 (0x00008b3a) c.mv    s6, a4
core   0: 0 0x80006574 (0x8b3a) x22 0x00000000
core   0: 0x80006576 (0x026572b3) remu    t0, a0, t1
core   0: 0 0x80006576 (0x026572b3) x5  0x06fffe00
core   0: 0x8000657a (0x00475213) srli    tp, a4, 4
core   0: 0 0x8000657a (0x00475213) x4  0x00000000
core   0: 0x8000657e (0x02d722b3) mulhsu  t0, a4, a3
core   0: 0 0x8000657e (0x02d722b3) x5  0x00000000
core   0: 0x80006582 (0x00f57833) and     a6, a0, a5
core   0: 0 0x80006582 (0x00f57833) x16 0xf9024000
core   0: 0x80006586 (0x00009bfe) c.add   s7, t6
core   0: 0 0x80006586 (0x9bfe) x23 0xf9000000
core   0: 0x80006588 (0x00a55463) bge     a0, a0, pc + 8
core   0: 0 0x80006588 (0x00a55463)
core   0: 0x80006590 (0x000068f5) c.lui   a7, 0x1d
core   0: 0 0x80006590 (0x68f5) x17 0x0001d000
core   0: 0x80006592 (0x01a24c33) xor     s8, tp, s10
core   0: 0 0x80006592 (0x01a24c33) x24 0x00000019
core   0: 0x80006596 (0x00008e01) c.sub   a2, s0
core   0: 0 0x80006596 (0x8e01) x12 0x00000002
core   0: 0x80006598 (0x0000610d) c.addi16sp sp, 160
core   0: 0 0x80006598 (0x610d) x2  0x000000cf
core   0: 0x8000659a (0x00008021) c.srli  s0, 8
core   0: 0 0x8000659a (0x8021) x8  0x00800240
core   0: 0x8000659c (0x0233f833) remu    a6, t2, gp
core   0: 0 0x8000659c (0x0233f833) x16 0x00000000
core   0: 0x800065a0 (0xe3d10093) addi    ra, sp, -451
core   0: 0 0x800065a0 (0xe3d10093) x1  0xffffff0c
core   0: 0x800065a4 (0x00006f91) c.lui   t6, 0x4
core   0: 0 0x800065a4 (0x6f91) x31 0x00004000
core   0: 0x800065a6 (0x02a8a033) mulhsu  zero, a7, a0
core   0: 0 0x800065a6 (0x02a8a033)
core   0: 0x800065aa (0x412a84b3) sub     s1, s5, s2
core   0: 0 0x800065aa (0x412a84b3) x9  0x00000000
core   0: 0x800065ae (0x0018df93) srli    t6, a7, 1
core   0: 0 0x800065ae (0x0018df93) x31 0x0000e800
core   0: 0x800065b2 (0x00008d7d) c.and   a0, a5
core   0: 0 0x800065b2 (0x8d7d) x10 0xf9024000
core   0: 0x800065b4 (0x003c87b3) add     a5, s9, gp
core   0: 0 0x800065b4 (0x003c87b3) x15 0xf900c000
core   0: 0x800065b8 (0x00009476) c.add   s0, t4
core   0: 0 0x800065b8 (0x9476) x8  0x00800211
core   0: 0x800065ba (0x029de033) rem     zero, s11, s1
core   0: 0 0x800065ba (0x029de033)
core   0: 0x800065be (0x003fc8b3) xor     a7, t6, gp
core   0: 0 0x800065be (0x003fc8b3) x17 0x00002800
core   0: 0x800065c2 (0x40c384b3) sub     s1, t2, a2
core   0: 0 0x800065c2 (0x40c384b3) x9  0xfffffffe
core   0: 0x800065c6 (0x40c704b3) sub     s1, a4, a2
core   0: 0 0x800065c6 (0x40c704b3) x9  0xfffffffe
core   0: 0x800065ca (0x52c2e337) lui     t1, 0x52c2e
core   0: 0 0x800065ca (0x52c2e337) x6  0x52c2e000
core   0: 0x800065ce (0xb9d27113) andi    sp, tp, -1123
core   0: 0 0x800065ce (0xb9d27113) x2  0x00000000
core   0: 0x800065d2 (0x0000100f) fence.i
core   0: 0 0x800065d2 (0x0000100f)
core   0: 0x800065d6 (0x0000c419) c.beqz  s0, pc + 14
core   0: 0 0x800065d6 (0xc419)
core   0: 0x800065d8 (0x01705e63) bge     zero, s7, pc + 28
core   0: 0 0x800065d8 (0x01705e63)
core   0: 0x800065f4 (0x93710f37) lui     t5, 0x93710
core   0: 0 0x800065f4 (0x93710f37) x30 0x93710000
core   0: 0x800065f8 (0x00000001) c.nop
core   0: 0 0x800065f8 (0x0001)
core   0: 0x800065fa (0x02b14d63) blt     sp, a1, pc + 58
core   0: 0 0x800065fa (0x02b14d63)
core   0: 0x800065fe (0x00de12b3) sll     t0, t3, a3
core   0: 0 0x800065fe (0x00de12b3) x5  0x00000a10
core   0: 0x80006602 (0x61ccef93) ori     t6, s9, 1564
core   0: 0 0x80006602 (0x61ccef93) x31 0xf900061c
core   0: 0x80006606 (0x03efe163) bltu    t6, t5, pc + 34
core   0: 0 0x80006606 (0x03efe163)
core   0: 0x8000660a (0x00000001) c.nop
core   0: 0 0x8000660a (0x0001)
core   0: 0x8000660c (0x00006d75) c.lui   s10, 0x1d
core   0: 0 0x8000660c (0x6d75) x26 0x0001d000
core   0: 0x8000660e (0x01bb9e33) sll     t3, s7, s11
core   0: 0 0x8000660e (0x01bb9e33) x28 0x00000000
core   0: 0x80006612 (0x02947bb3) remu    s7, s0, s1
core   0: 0 0x80006612 (0x02947bb3) x23 0x00800211
core   0: 0x80006616 (0x00d51463) bne     a0, a3, pc + 8
core   0: 0 0x80006616 (0x00d51463)
core   0: 0x8000661e (0x00008e6d) c.and   a2, a1
core   0: 0 0x8000661e (0x8e6d) x12 0x00000000
core   0: 0x80006620 (0x0000717d) c.addi16sp sp, -16
core   0: 0 0x80006620 (0x717d) x2  0xfffffff0
core   0: 0x80006622 (0x00008e5d) c.or    a2, a5
core   0: 0 0x80006622 (0x8e5d) x12 0xf900c000
core   0: 0x80006624 (0x00000001) c.nop
core   0: 0 0x80006624 (0x0001)
core   0: 0x80006626 (0x0000cc8d) c.beqz  s1, pc + 58
core   0: 0 0x80006626 (0xcc8d)
core   0: 0x80006628 (0x00008d7d) c.and   a0, a5
core   0: 0 0x80006628 (0x8d7d) x10 0xf9004000
core   0: 0x8000662a (0x02b4f733) remu    a4, s1, a1
core   0: 0 0x8000662a (0x02b4f733) x14 0x7ffde19a
core   0: 0x8000662e (0x00008bca) c.mv    s7, s2
core   0: 0 0x8000662e (0x8bca) x23 0x00000000
core   0: 0x80006630 (0x4170b013) sltiu   zero, ra, 1047
core   0: 0 0x80006630 (0x4170b013)
core   0: 0x80006634 (0x02384b63) blt     a6, gp, pc + 54
core   0: 0 0x80006634 (0x02384b63)
core   0: 0x8000666a (0x0000831a) c.mv    t1, t1
core   0: 0 0x8000666a (0x831a) x6  0x52c2e000
core   0: 0x8000666c (0x00000b90) c.addi4spn a2, sp, 464
core   0: 0 0x8000666c (0x0b90) x12 0x000001c0
core   0: 0x8000666e (0x0000997d) c.andi  a0, -1
core   0: 0 0x8000666e (0x997d) x10 0xf9004000
core   0: 0x80006670 (0x00000fa1) c.addi  t6, 8
core   0: 0 0x80006670 (0x0fa1) x31 0xf9000624
core   0: 0x80006672 (0x03a9dd63) bge     s3, s10, pc + 58
core   0: 0 0x80006672 (0x03a9dd63)
core   0: 0x80006676 (0x0000ed0d) c.bnez  a0, pc + 58
core   0: 0 0x80006676 (0xed0d)
core   0: 0x800066b0 (0x00008f01) c.sub   a4, s0
core   0: 0 0x800066b0 (0x8f01) x14 0x7f7ddf89
core   0: 0x800066b2 (0x0189acb3) slt     s9, s3, s8
core   0: 0 0x800066b2 (0x0189acb3) x25 0x00000001
core   0: 0x800066b6 (0x03890763) beq     s2, s8, pc + 46
core   0: 0 0x800066b6 (0x03890763)
core   0: 0x800066ba (0x00000001) c.nop
core   0: 0 0x800066ba (0x0001)
core   0: 0x800066bc (0x5a14c713) xori    a4, s1, 1441
core   0: 0 0x800066bc (0x5a14c713) x14 0xfffffa5f
core   0: 0x800066c0 (0x00008f31) c.xor   a4, a2
core   0: 0 0x800066c0 (0x8f31) x14 0xfffffb9f
core   0: 0x800066c2 (0x00000ba1) c.addi  s7, 8
core   0: 0 0x800066c2 (0x0ba1) x23 0x00000008
core   0: 0x800066c4 (0x0378a533) mulhsu  a0, a7, s7
core   0: 0 0x800066c4 (0x0378a533) x10 0x00000000
core   0: 0x800066c8 (0x00006451) c.lui   s0, 0x14
core   0: 0 0x800066c8 (0x6451) x8  0x00014000
core   0: 0x800066ca (0x0344f333) remu    t1, s1, s4
core   0: 0 0x800066ca (0x0344f333) x6  0xfffffffe
core   0: 0x800066ce (0x03fe2833) mulhsu  a6, t3, t6
core   0: 0 0x800066ce (0x03fe2833) x16 0x00000000
core   0: 0x800066d2 (0x0ff0000f) fence   iorw,iorw
core   0: 0 0x800066d2 (0x0ff0000f)
core   0: 0x800066d6 (0x02cf4333) div     t1, t5, a2
core   0: 0 0x800066d6 (0x02cf4333) x6  0xffc1f76e
core   0: 0x800066da (0x057a6063) bltu    s4, s7, pc + 64
core   0: 0 0x800066da (0x057a6063)
core   0: 0x8000671a (0x00008719) c.srai  a4, 6
core   0: 0 0x8000671a (0x8719) x14 0xffffffee
core   0: 0x8000671c (0x0ff0000f) fence   iorw,iorw
core   0: 0 0x8000671c (0x0ff0000f)
core   0: 0x80006720 (0x01ea6933) or      s2, s4, t5
core   0: 0 0x80006720 (0x01ea6933) x18 0x93710000
core   0: 0x80006724 (0x01ec2d33) slt     s10, s8, t5
core   0: 0 0x80006724 (0x01ec2d33) x26 0x00000000
core   0: 0x80006728 (0x000087b5) c.srai  a5, 13
core   0: 0 0x80006728 (0x87b5) x15 0xffffc806
core   0: 0x8000672a (0x002e7633) and     a2, t3, sp
core   0: 0 0x8000672a (0x002e7633) x12 0x00000000
core   0: 0x8000672e (0x010edd33) srl     s10, t4, a6
core   0: 0 0x8000672e (0x010edd33) x26 0xffffffd1
core   0: 0x80006732 (0x03f81363) bne     a6, t6, pc + 38
core   0: 0 0x80006732 (0x03f81363)
core   0: 0x80006758 (0x0ff0000f) fence   iorw,iorw
core   0: 0 0x80006758 (0x0ff0000f)
core   0: 0x8000675c (0x02a58c63) beq     a1, a0, pc + 56
core   0: 0 0x8000675c (0x02a58c63)
core   0: 0x80006760 (0x03ab5c63) bge     s6, s10, pc + 56
core   0: 0 0x80006760 (0x03ab5c63)
core   0: 0x80006798 (0x01528db3) add     s11, t0, s5
core   0: 0 0x80006798 (0x01528db3) x27 0x00000a10
core   0: 0x8000679c (0x01a1ed33) or      s10, gp, s10
core   0: 0 0x8000679c (0x01a1ed33) x26 0xffffffd1
core   0: 0x800067a0 (0x00199f93) slli    t6, s3, 1
core   0: 0 0x800067a0 (0x00199f93) x31 0xfffff730
core   0: 0x800067a4 (0x03c2e933) rem     s2, t0, t3
core   0: 0 0x800067a4 (0x03c2e933) x18 0x00000a10
core   0: 0x800067a8 (0x013cc8b7) lui     a7, 0x13cc
core   0: 0 0x800067a8 (0x013cc8b7) x17 0x013cc000
core   0: 0x800067ac (0x000084a1) c.srai  s1, 8
core   0: 0 0x800067ac (0x84a1) x9  0xffffffff
core   0: 0x800067ae (0x00001b1c) c.addi4spn a5, sp, 432
core   0: 0 0x800067ae (0x1b1c) x15 0x000001a0
core   0: 0x800067b0 (0x0000957a) c.add   a0, t5
core   0: 0 0x800067b0 (0x957a) x10 0x93710000
core   0: 0x800067b2 (0x00000001) c.nop
core   0: 0 0x800067b2 (0x0001)
core   0: 0x800067b4 (0x97ecaeb7) lui     t4, 0x97eca
core   0: 0 0x800067b4 (0x97ecaeb7) x29 0x97eca000
core   0: 0x800067b8 (0x8ce0ec97) auipc   s9, 0x8ce0e
core   0: 0 0x800067b8 (0x8ce0ec97) x25 0x0ce147b8
core   0: 0x800067bc (0x00008531) c.srai  a0, 12
core   0: 0 0x800067bc (0x8531) x10 0xfff93710
core   0: 0x800067be (0x424d8713) addi    a4, s11, 1060
core   0: 0 0x800067be (0x424d8713) x14 0x00000e34
core   0: 0x800067c2 (0x01066b63) bltu    a2, a6, pc + 22
core   0: 0 0x800067c2 (0x01066b63)
core   0: 0x800067c6 (0x00004105) c.li    sp, 1
core   0: 0 0x800067c6 (0x4105) x2  0x00000001
core   0: 0x800067c8 (0x030ec9b3) div     s3, t4, a6
core   0: 0 0x800067c8 (0x030ec9b3) x19 0xffffffff
core   0: 0x800067cc (0x02147033) remu    zero, s0, ra
core   0: 0 0x800067cc (0x02147033)
core   0: 0x800067d0 (0x40b45ab3) sra     s5, s0, a1
core   0: 0 0x800067d0 (0x40b45ab3) x21 0x00001400
core   0: 0x800067d4 (0x0000ed11) c.bnez  a0, pc + 28
core   0: 0 0x800067d4 (0xed11)
core   0: 0x800067f0 (0x01b1eab3) or      s5, gp, s11
core   0: 0 0x800067f0 (0x01b1eab3) x21 0x0000ca10
core   0: 0x800067f4 (0x01aa8763) beq     s5, s10, pc + 14
core   0: 0 0x800067f4 (0x01aa8763)
core   0: 0x800067f8 (0x8e344c93) xori    s9, s0, -1821
core   0: 0 0x800067f8 (0x8e344c93) x25 0xfffeb8e3
core   0: 0x800067fc (0x0295ecb3) rem     s9, a1, s1
core   0: 0 0x800067fc (0x0295ecb3) x25 0x00000000
core   0: 0x80006800 (0x00001ffd) c.addi  t6, -1
core   0: 0 0x80006800 (0x1ffd) x31 0xfffff72f
core   0: 0x80006802 (0x02f0fb63) bgeu    ra, a5, pc + 54
core   0: 0 0x80006802 (0x02f0fb63)
core   0: 0x80006838 (0x0000c0a1) c.beqz  s1, pc + 64
core   0: 0 0x80006838 (0xc0a1)
core   0: 0x8000683a (0x00210663) beq     sp, sp, pc + 12
core   0: 0 0x8000683a (0x00210663)
core   0: 0x80006846 (0x0000ee1d) c.bnez  a2, pc + 62
core   0: 0 0x80006846 (0xee1d)
core   0: 0x80006848 (0x00008d7d) c.and   a0, a5
core   0: 0 0x80006848 (0x8d7d) x10 0x00000100
core   0: 0x8000684a (0x0000100f) fence.i
core   0: 0 0x8000684a (0x0000100f)
core   0: 0x8000684e (0x00008cc9) c.or    s1, a0
core   0: 0 0x8000684e (0x8cc9) x9  0xffffffff
core   0: 0x80006850 (0x60150f93) addi    t6, a0, 1537
core   0: 0 0x80006850 (0x60150f93) x31 0x00000701
core   0: 0x80006854 (0x03676463) bltu    a4, s6, pc + 40
core   0: 0 0x80006854 (0x03676463)
core   0: 0x80006858 (0x03e132b3) mulhu   t0, sp, t5
core   0: 0 0x80006858 (0x03e132b3) x5  0x00000000
core   0: 0x8000685c (0x015c1013) slli    zero, s8, 21
core   0: 0 0x8000685c (0x015c1013)
core   0: 0x80006860 (0xbe9ae8b7) lui     a7, 0xbe9ae
core   0: 0 0x80006860 (0xbe9ae8b7) x17 0xbe9ae000
core   0: 0x80006864 (0x039b08b3) mul     a7, s6, s9
core   0: 0 0x80006864 (0x039b08b3) x17 0x00000000
core   0: 0x80006868 (0x464d4413) xori    s0, s10, 1124
core   0: 0 0x80006868 (0x464d4413) x8  0xfffffbb5
core   0: 0x8000686c (0x0005cbb3) xor     s7, a1, zero
core   0: 0 0x8000686c (0x0005cbb3) x23 0x80021e64
core   0: 0x80006870 (0x018292b3) sll     t0, t0, s8
core   0: 0 0x80006870 (0x018292b3) x5  0x00000000
core   0: 0x80006874 (0x01d1df93) srli    t6, gp, 29
core   0: 0 0x80006874 (0x01d1df93) x31 0x00000000
core   0: 0x80006878 (0x00006239) c.lui   tp, 0xe
core   0: 0 0x80006878 (0x6239) x4  0x0000e000
core   0: 0x8000687a (0x0000881e) c.mv    a6, t2
core   0: 0 0x8000687a (0x881e) x16 0x00000000
core   0: 0x8000687c (0x0000100f) fence.i
core   0: 0 0x8000687c (0x0000100f)
core   0: 0x80006880 (0x020078b3) remu    a7, zero, zero
core   0: 0 0x80006880 (0x020078b3) x17 0x00000000
core   0: 0x80006884 (0x000c3b33) sltu    s6, s8, zero
core   0: 0 0x80006884 (0x000c3b33) x22 0x00000000
core   0: 0x80006888 (0x02f73c33) mulhu   s8, a4, a5
core   0: 0 0x80006888 (0x02f73c33) x24 0x00000000
core   0: 0x8000688c (0x016b8133) add     sp, s7, s6
core   0: 0 0x8000688c (0x016b8133) x2  0x80021e64
core   0: 0x80006890 (0x003a6d33) or      s10, s4, gp
core   0: 0 0x80006890 (0x003a6d33) x26 0x0000c000
core   0: 0x80006894 (0x00008fe1) c.and   a5, s0
core   0: 0 0x80006894 (0x8fe1) x15 0x000001a0
core   0: 0x80006896 (0x000087be) c.mv    a5, a5
core   0: 0 0x80006896 (0x87be) x15 0x000001a0
core   0: 0x80006898 (0x0346d733) divu    a4, a3, s4
core   0: 0 0x80006898 (0x0346d733) x14 0xffffffff
core   0: 0x8000689c (0x9e3e8a93) addi    s5, t4, -1565
core   0: 0 0x8000689c (0x9e3e8a93) x21 0x97ec99e3
core   0: 0x800068a0 (0xb225c993) xori    s3, a1, -1246
core   0: 0 0x800068a0 (0xb225c993) x19 0x7ffde546
core   0: 0x800068a4 (0x03d90fb3) mul     t6, s2, t4
core   0: 0 0x800068a4 (0x03d90fb3) x31 0xbd0a0000
core   0: 0x800068a8 (0x00000918) c.addi4spn a4, sp, 144
core   0: 0 0x800068a8 (0x0918) x14 0x80021ef4
core   0: 0x800068aa (0x023a8b63) beq     s5, gp, pc + 54
core   0: 0 0x800068aa (0x023a8b63)
core   0: 0x800068ae (0x4a27b113) sltiu   sp, a5, 1186
core   0: 0 0x800068ae (0x4a27b113) x2  0x00000001
core   0: 0x800068b2 (0x01e25093) srli    ra, tp, 30
core   0: 0 0x800068b2 (0x01e25093) x1  0x00000000
core   0: 0x800068b6 (0x9679fa93) andi    s5, s3, -1689
core   0: 0 0x800068b6 (0x9679fa93) x21 0x7ffde146
core   0: 0x800068ba (0x00000001) c.nop
core   0: 0 0x800068ba (0x0001)
core   0: 0x800068bc (0x0155ea63) bltu    a1, s5, pc + 20
core   0: 0 0x800068bc (0x0155ea63)
core   0: 0x800068c0 (0x0000cf9d) c.beqz  a5, pc + 62
core   0: 0 0x800068c0 (0xcf9d)
core   0: 0x800068c2 (0x00008795) c.srai  a5, 5
core   0: 0 0x800068c2 (0x8795) x15 0x0000000d
core   0: 0x800068c4 (0x01823033) sltu    zero, tp, s8
core   0: 0 0x800068c4 (0x01823033)
core   0: 0x800068c8 (0x00463933) sltu    s2, a2, tp
core   0: 0 0x800068c8 (0x00463933) x18 0x00000001
core   0: 0x800068cc (0x01ceaa33) slt     s4, t4, t3
core   0: 0 0x800068cc (0x01ceaa33) x20 0x00000001
core   0: 0x800068d0 (0x01b0dc63) bge     ra, s11, pc + 24
core   0: 0 0x800068d0 (0x01b0dc63)
core   0: 0x800068d4 (0x016d04b3) add     s1, s10, s6
core   0: 0 0x800068d4 (0x016d04b3) x9  0x0000c000
core   0: 0x800068d8 (0x00009b3e) c.add   s6, a5
core   0: 0 0x800068d8 (0x9b3e) x22 0x0000000d
core   0: 0x800068da (0x00006145) c.addi16sp sp, 48
core   0: 0 0x800068da (0x6145) x2  0x00000031
core   0: 0x800068dc (0x02b84433) div     s0, a6, a1
core   0: 0 0x800068dc (0x02b84433) x8  0x00000000
core   0: 0x800068e0 (0x01eb3433) sltu    s0, s6, t5
core   0: 0 0x800068e0 (0x01eb3433) x8  0x00000001
core   0: 0x800068e4 (0x8a4a6093) ori     ra, s4, -1884
core   0: 0 0x800068e4 (0x8a4a6093) x1  0xfffff8a5
core   0: 0x800068e8 (0x039bfcb3) remu    s9, s7, s9
core   0: 0 0x800068e8 (0x039bfcb3) x25 0x80021e64
core   0: 0x800068ec (0x03df1733) mulh    a4, t5, t4
core   0: 0 0x800068ec (0x03df1733) x14 0x2c224f52
core   0: 0x800068f0 (0x00006945) c.lui   s2, 0x11
core   0: 0 0x800068f0 (0x6945) x18 0x00011000
core   0: 0x800068f2 (0x00cbb1b3) sltu    gp, s7, a2
core   0: 0 0x800068f2 (0x00cbb1b3) x3  0x00000000
core   0: 0x800068f6 (0x410509b3) sub     s3, a0, a6
core   0: 0 0x800068f6 (0x410509b3) x19 0x00000100
core   0: 0x800068fa (0x01348363) beq     s1, s3, pc + 6
core   0: 0 0x800068fa (0x01348363)
core   0: 0x800068fe (0x00008c79) c.and   s0, a4
core   0: 0 0x800068fe (0x8c79) x8  0x00000000
core   0: 0x80006900 (0x020d64b3) rem     s1, s10, zero
core   0: 0 0x80006900 (0x020d64b3) x9  0x0000c000
core   0: 0x80006904 (0x2a8a2193) slti    gp, s4, 680
core   0: 0 0x80006904 (0x2a8a2193) x3  0x00000001
core   0: 0x80006908 (0x0000100f) fence.i
core   0: 0 0x80006908 (0x0000100f)
core   0: 0x8000690c (0x02387463) bgeu    a6, gp, pc + 40
core   0: 0 0x8000690c (0x02387463)
core   0: 0x80006910 (0x00008d41) c.or    a0, s0
core   0: 0 0x80006910 (0x8d41) x10 0x00000100
core   0: 0x80006912 (0x0000100f) fence.i
core   0: 0 0x80006912 (0x0000100f)
core   0: 0x80006916 (0x016ae233) or      tp, s5, s6
core   0: 0 0x80006916 (0x016ae233) x4  0x7ffde14f
core   0: 0x8000691a (0x009082b3) add     t0, ra, s1
core   0: 0 0x8000691a (0x009082b3) x5  0x0000b8a5
core   0: 0x8000691e (0x0377c7b3) div     a5, a5, s7
core   0: 0 0x8000691e (0x0377c7b3) x15 0x00000000
core   0: 0x80006922 (0x00006159) c.addi16sp sp, 400
core   0: 0 0x80006922 (0x6159) x2  0x000001c1
core   0: 0x80006924 (0x0000ec1d) c.bnez  s0, pc + 62
core   0: 0 0x80006924 (0xec1d)
core   0: 0x80006926 (0x01e9cfb3) xor     t6, s3, t5
core   0: 0 0x80006926 (0x01e9cfb3) x31 0x93710100
core   0: 0x8000692a (0x00008015) c.srli  s0, 5
core   0: 0 0x8000692a (0x8015) x8  0x00000000
core   0: 0x8000692c (0x000049cd) c.li    s3, 19
core   0: 0 0x8000692c (0x49cd) x19 0x00000013
core   0: 0x8000692e (0x00006921) c.lui   s2, 0x8
core   0: 0 0x8000692e (0x6921) x18 0x00008000
core   0: 0x80006930 (0x5fdcb193) sltiu   gp, s9, 1533
core   0: 0 0x80006930 (0x5fdcb193) x3  0x00000000
core   0: 0x80006934 (0x02b6cbb3) div     s7, a3, a1
core   0: 0 0x80006934 (0x02b6cbb3) x23 0x00000000
core   0: 0x80006938 (0x02ee2bb3) mulhsu  s7, t3, a4
core   0: 0 0x80006938 (0x02ee2bb3) x23 0x00000000
core   0: 0x8000693c (0x00009d86) c.add   s11, ra
core   0: 0 0x8000693c (0x9d86) x27 0x000002b5
core   0: 0x8000693e (0xf1f3f217) auipc   tp, 0xf1f3f
core   0: 0 0x8000693e (0xf1f3f217) x4  0x71f4593e
core   0: 0x80006942 (0x00001384) c.addi4spn s1, sp, 480
core   0: 0 0x80006942 (0x1384) x9  0x000003a1
core   0: 0x80006944 (0x038d8fb3) mul     t6, s11, s8
core   0: 0 0x80006944 (0x038d8fb3) x31 0x00000000
core   0: 0x80006948 (0x00009a7d) c.andi  a2, -1
core   0: 0 0x80006948 (0x9a7d) x12 0x00000000
core   0: 0x8000694a (0x0216fa33) remu    s4, a3, ra
core   0: 0 0x8000694a (0x0216fa33) x20 0x80025ce4
core   0: 0x8000694e (0x00008c09) c.sub   s0, a0
core   0: 0 0x8000694e (0x8c09) x8  0xffffff00
core   0: 0x80006950 (0x0000c49d) c.beqz  s1, pc + 46
core   0: 0 0x80006950 (0xc49d)
core   0: 0x80006952 (0x02892333) mulhsu  t1, s2, s0
core   0: 0 0x80006952 (0x02892333) x6  0x00007fff
core   0: 0x80006956 (0x01ec4533) xor     a0, s8, t5
core   0: 0 0x80006956 (0x01ec4533) x10 0x93710000
core   0: 0x8000695a (0x02b08233) mul     tp, ra, a1
core   0: 0 0x8000695a (0x02b08233) x4  0x706a7674
core   0: 0x8000695e (0x03255963) bge     a0, s2, pc + 50
core   0: 0 0x8000695e (0x03255963)
core   0: 0x80006962 (0x0000cc89) c.beqz  s1, pc + 26
core   0: 0 0x80006962 (0xcc89)
core   0: 0x80006964 (0x03245663) bge     s0, s2, pc + 44
core   0: 0 0x80006964 (0x03245663)
core   0: 0x80006968 (0x0000c815) c.beqz  s0, pc + 52
core   0: 0 0x80006968 (0xc815)
core   0: 0x8000696a (0xb7aa3e93) sltiu   t4, s4, -1158
core   0: 0 0x8000696a (0xb7aa3e93) x29 0x00000001
core   0: 0x8000696e (0x012848b3) xor     a7, a6, s2
core   0: 0 0x8000696e (0x012848b3) x17 0x00008000
core   0: 0x80006972 (0x03863eb3) mulhu   t4, a2, s8
core   0: 0 0x80006972 (0x03863eb3) x29 0x00000000
core   0: 0x80006976 (0x00009da6) c.add   s11, s1
core   0: 0 0x80006976 (0x9da6) x27 0x00000656
core   0: 0x80006978 (0x00000a7a) c.slli  s4, 30
core   0: 0 0x80006978 (0x0a7a) x20 0x00000000
core   0: 0x8000697a (0x00001f88) c.addi4spn a0, sp, 1008
core   0: 0 0x8000697a (0x1f88) x10 0x000005b1
core   0: 0x8000697c (0x00008e31) c.xor   a2, a2
core   0: 0 0x8000697c (0x8e31) x12 0x00000000
core   0: 0x8000697e (0x02281a33) mulh    s4, a6, sp
core   0: 0 0x8000697e (0x02281a33) x20 0x00000000
core   0: 0x80006982 (0x00008e3e) c.mv    t3, a5
core   0: 0 0x80006982 (0x8e3e) x28 0x00000000
core   0: 0x80006984 (0x02ca7b33) remu    s6, s4, a2
core   0: 0 0x80006984 (0x02ca7b33) x22 0x00000000
core   0: 0x80006988 (0x415d5c93) srai    s9, s10, 21
core   0: 0 0x80006988 (0x415d5c93) x25 0x00000000
core   0: 0x8000698c (0x02ec99b3) mulh    s3, s9, a4
core   0: 0 0x8000698c (0x02ec99b3) x19 0x00000000
core   0: 0x80006990 (0x012ef533) and     a0, t4, s2
core   0: 0 0x80006990 (0x012ef533) x10 0x00000000
core   0: 0x80006994 (0x02c74c63) blt     a4, a2, pc + 56
core   0: 0 0x80006994 (0x02c74c63)
core   0: 0x80006998 (0x00a84a13) xori    s4, a6, 10
core   0: 0 0x80006998 (0x00a84a13) x20 0x0000000a
core   0: 0x8000699c (0x0ff0000f) fence   iorw,iorw
core   0: 0 0x8000699c (0x0ff0000f)
core   0: 0x800069a0 (0x0ff0000f) fence   iorw,iorw
core   0: 0 0x800069a0 (0x0ff0000f)
core   0: 0x800069a4 (0x01d61a93) slli    s5, a2, 29
core   0: 0 0x800069a4 (0x01d61a93) x21 0x00000000
core   0: 0x800069a8 (0x00004815) c.li    a6, 5
core   0: 0 0x800069a8 (0x4815) x16 0x00000005
core   0: 0x800069aa (0x012d78b3) and     a7, s10, s2
core   0: 0 0x800069aa (0x012d78b3) x17 0x00008000
core   0: 0x800069ae (0x00000001) c.nop
core   0: 0 0x800069ae (0x0001)
core   0: 0x800069b0 (0x0000c605) c.beqz  a2, pc + 40
core   0: 0 0x800069b0 (0xc605)
core   0: 0x800069d8 (0x2e02be13) sltiu   t3, t0, 736
core   0: 0 0x800069d8 (0x2e02be13) x28 0x00000000
core   0: 0x800069dc (0x05435263) bge     t1, s4, pc + 68
core   0: 0 0x800069dc (0x05435263)
core   0: 0x80006a20 (0x02f301b3) mul     gp, t1, a5
core   0: 0 0x80006a20 (0x02f301b3) x3  0x00000000
core   0: 0x80006a24 (0xffb24d93) xori    s11, tp, -5
core   0: 0 0x80006a24 (0xffb24d93) x27 0x8f95898f
core   0: 0x80006a28 (0x01433933) sltu    s2, t1, s4
core   0: 0 0x80006a28 (0x01433933) x18 0x00000000
core   0: 0x80006a2c (0x01e30eb3) add     t4, t1, t5
core   0: 0 0x80006a2c (0x01e30eb3) x29 0x93717fff
core   0: 0x80006a30 (0x03dd20b3) mulhsu  ra, s10, t4
core   0: 0 0x80006a30 (0x03dd20b3) x1  0x00006e95
core   0: 0x80006a34 (0x38f37f93) andi    t6, t1, 911
core   0: 0 0x80006a34 (0x38f37f93) x31 0x0000038f
core   0: 0x80006a38 (0x9b022613) slti    a2, tp, -1616
core   0: 0 0x80006a38 (0x9b022613) x12 0x00000000
core   0: 0x80006a3c (0x01186333) or      t1, a6, a7
core   0: 0 0x80006a3c (0x01186333) x6  0x00008005
core   0: 0x80006a40 (0x8d3d0a93) addi    s5, s10, -1837
core   0: 0 0x80006a40 (0x8d3d0a93) x21 0x0000b8d3
core   0: 0x80006a44 (0x00009de2) c.add   s11, s8
core   0: 0 0x80006a44 (0x9de2) x27 0x8f95898f
core   0: 0x80006a46 (0x35364813) xori    a6, a2, 851
core   0: 0 0x80006a46 (0x35364813) x16 0x00000353
core   0: 0x80006a4a (0x00001b80) c.addi4spn s0, sp, 496
core   0: 0 0x80006a4a (0x1b80) x8  0x000003b1
core   0: 0x80006a4c (0x41938eb3) sub     t4, t2, s9
core   0: 0 0x80006a4c (0x41938eb3) x29 0x00000000
core   0: 0x80006a50 (0x15bfba97) auipc   s5, 0x15bfb
core   0: 0 0x80006a50 (0x15bfba97) x21 0x95c01a50
core   0: 0x80006a54 (0x0ff0000f) fence   iorw,iorw
core   0: 0 0x80006a54 (0x0ff0000f)
core   0: 0x80006a58 (0x02534733) div     a4, t1, t0
core   0: 0 0x80006a58 (0x02534733) x14 0x00000000
core   0: 0x80006a5c (0x022dd633) divu    a2, s11, sp
core   0: 0 0x80006a5c (0x022dd633) x12 0x0051dd86
core   0: 0x80006a60 (0x00008b61) c.andi  a4, 24
core   0: 0 0x80006a60 (0x8b61) x14 0x00000000
core   0: 0x80006a62 (0x018dea63) bltu    s11, s8, pc + 20
core   0: 0 0x80006a62 (0x018dea63)
core   0: 0x80006a66 (0x028682b3) mul     t0, a3, s0
core   0: 0 0x80006a66 (0x028682b3) x5  0x88b8e5a4
core   0: 0x80006a6a (0x02969fb3) mulh    t6, a3, s1
core   0: 0 0x80006a6a (0x02969fb3) x31 0xfffffe2f
core   0: 0x80006a6e (0x00008c99) c.sub   s1, a4
core   0: 0 0x80006a6e (0x8c99) x9  0x000003a1
core   0: 0x80006a70 (0x000011fd) c.addi  gp, -1
core   0: 0 0x80006a70 (0x11fd) x3  0xffffffff
core   0: 0x80006a72 (0x3eef6e37) lui     t3, 0x3eef6
core   0: 0 0x80006a72 (0x3eef6e37) x28 0x3eef6000
core   0: 0x80006a76 (0x00008f39) c.xor   a4, a4
core   0: 0 0x80006a76 (0x8f39) x14 0x00000000
core   0: 0x80006a78 (0x00257833) and     a6, a0, sp
core   0: 0 0x80006a78 (0x00257833) x16 0x00000000
core   0: 0x80006a7c (0x007d8433) add     s0, s11, t2
core   0: 0 0x80006a7c (0x007d8433) x8  0x8f95898f
core   0: 0x80006a80 (0x00004afd) c.li    s5, 31
core   0: 0 0x80006a80 (0x4afd) x21 0x0000001f
core   0: 0x80006a82 (0xea06c513) xori    a0, a3, -352
core   0: 0 0x80006a82 (0xea06c513) x10 0x7ffda244
core   0: 0x80006a86 (0x00008f65) c.and   a4, s1
core   0: 0 0x80006a86 (0x8f65) x14 0x00000000
core   0: 0x80006a88 (0x7e51a013) slti    zero, gp, 2021
core   0: 0 0x80006a88 (0x7e51a013)
core   0: 0x80006a8c (0x03e117b3) mulh    a5, sp, t5
core   0: 0 0x80006a8c (0x03e117b3) x15 0xffffff41
core   0: 0x80006a90 (0x0189f033) and     zero, s3, s8
core   0: 0 0x80006a90 (0x0189f033)
core   0: 0x80006a94 (0x00005efd) c.li    t4, -1
core   0: 0 0x80006a94 (0x5efd) x29 0xffffffff
core   0: 0x80006a96 (0x00009b0a) c.add   s6, sp
core   0: 0 0x80006a96 (0x9b0a) x22 0x000001c1
core   0: 0x80006a98 (0xcfbe8613) addi    a2, t4, -773
core   0: 0 0x80006a98 (0xcfbe8613) x12 0xfffffcfa
core   0: 0x80006a9c (0x00008e4d) c.or    a2, a1
core   0: 0 0x80006a9c (0x8e4d) x12 0xfffffefe
core   0: 0x80006a9e (0x0000cd1d) c.beqz  a0, pc + 62
core   0: 0 0x80006a9e (0xcd1d)
core   0: 0x80006aa0 (0xe5ef8913) addi    s2, t6, -418
core   0: 0 0x80006aa0 (0xe5ef8913) x18 0xfffffc8d
core   0: 0x80006aa4 (0x0000100f) fence.i
core   0: 0 0x80006aa4 (0x0000100f)
core   0: 0x80006aa8 (0x03320f33) mul     t5, tp, s3
core   0: 0 0x80006aa8 (0x03320f33) x30 0x00000000
core   0: 0x80006aac (0x00008e3d) c.xor   a2, a5
core   0: 0 0x80006aac (0x8e3d) x12 0x000001bf
core   0: 0x80006aae (0x0000100f) fence.i
core   0: 0 0x80006aae (0x0000100f)
core   0: 0x80006ab2 (0x000f1213) slli    tp, t5, 0
core   0: 0 0x80006ab2 (0x000f1213) x4  0x00000000
core   0: 0x80006ab6 (0x0ff0000f) fence   iorw,iorw
core   0: 0 0x80006ab6 (0x0ff0000f)
core   0: 0x80006aba (0x03b55ab3) divu    s5, a0, s11
core   0: 0 0x80006aba (0x03b55ab3) x21 0x00000000
core   0: 0x80006abe (0xf216dc17) auipc   s8, 0xf216d
core   0: 0 0x80006abe (0xf216dc17) x24 0x72173abe
core   0: 0x80006ac2 (0x0000100f) fence.i
core   0: 0 0x80006ac2 (0x0000100f)
core   0: 0x80006ac6 (0x027d5c33) divu    s8, s10, t2
core   0: 0 0x80006ac6 (0x027d5c33) x24 0xffffffff
core   0: 0x80006aca (0x03698cb3) mul     s9, s3, s6
core   0: 0 0x80006aca (0x03698cb3) x25 0x00000000
core   0: 0x80006ace (0x9ee78093) addi    ra, a5, -1554
core   0: 0 0x80006ace (0x9ee78093) x1  0xfffff92f
core   0: 0x80006ad2 (0x009a72b3) and     t0, s4, s1
core   0: 0 0x80006ad2 (0x009a72b3) x5  0x00000000
core   0: 0x80006ad6 (0x000061e1) c.lui   gp, 0x18
core   0: 0 0x80006ad6 (0x61e1) x3  0x00018000
core   0: 0x80006ad8 (0x0279e163) bltu    s3, t2, pc + 34
core   0: 0 0x80006ad8 (0x0279e163)
core   0: 0x80006adc (0x00000f7e) c.slli  t5, 31
core   0: 0 0x80006adc (0x0f7e) x30 0x00000000
core   0: 0x80006ade (0x0000076e) c.slli  a4, 27
core   0: 0 0x80006ade (0x076e) x14 0x00000000
core   0: 0x80006ae0 (0x03205f63) bge     zero, s2, pc + 62
core   0: 0 0x80006ae0 (0x03205f63)
core   0: 0x80006b1e (0x0000e611) c.bnez  a2, pc + 12
core   0: 0 0x80006b1e (0xe611)
core   0: 0x80006b2a (0x000aec63) bltu    s5, zero, pc + 24
core   0: 0 0x80006b2a (0x000aec63)
core   0: 0x80006b2e (0x000082da) c.mv    t0, s6
core   0: 0 0x80006b2e (0x82da) x5  0x000001c1
core   0: 0x80006b30 (0x03120e63) beq     tp, a7, pc + 60
core   0: 0 0x80006b30 (0x03120e63)
core   0: 0x80006b34 (0x5641d417) auipc   s0, 0x5641d
core   0: 0 0x80006b34 (0x5641d417) x8  0xd6423b34
core   0: 0x80006b38 (0x021e4eb3) div     t4, t3, ra
core   0: 0 0x80006b38 (0x021e4eb3) x29 0xfff6c462
core   0: 0x80006b3c (0x00008471) c.srai  s0, 28
core   0: 0 0x80006b3c (0x8471) x8  0xfffffffd
core   0: 0x80006b3e (0x40d48f33) sub     t5, s1, a3
core   0: 0 0x80006b3e (0x40d48f33) x30 0x7ffda6bd
core   0: 0x80006b42 (0x02406a33) rem     s4, zero, tp
core   0: 0 0x80006b42 (0x02406a33) x20 0x00000000
core   0: 0x80006b46 (0x03d3a733) mulhsu  a4, t2, t4
core   0: 0 0x80006b46 (0x03d3a733) x14 0x00000000
core   0: 0x80006b4a (0x0090cd33) xor     s10, ra, s1
core   0: 0 0x80006b4a (0x0090cd33) x26 0xfffffa8e
core   0: 0x80006b4e (0x03080e63) beq     a6, a6, pc + 60
core   0: 0 0x80006b4e (0x03080e63)
core   0: 0x80006b8a (0x0000877d) c.srai  a4, 31
core   0: 0 0x80006b8a (0x877d) x14 0x00000000
core   0: 0x80006b8c (0x0000c3a1) c.beqz  a5, pc + 64
core   0: 0 0x80006b8c (0xc3a1)
core   0: 0x80006b8e (0x4139d093) srai    ra, s3, 19
core   0: 0 0x80006b8e (0x4139d093) x1  0x00000000
core   0: 0x80006b92 (0x00006171) c.addi16sp sp, 336
core   0: 0 0x80006b92 (0x6171) x2  0x00000311
core   0: 0x80006b94 (0x0101ccb3) xor     s9, gp, a6
core   0: 0 0x80006b94 (0x0101ccb3) x25 0x00018000
core   0: 0x80006b98 (0x03c6c8b3) div     a7, a3, t3
core   0: 0 0x80006b98 (0x03c6c8b3) x17 0xfffffffe
core   0: 0x80006b9c (0x0000717d) c.addi16sp sp, -16
core   0: 0 0x80006b9c (0x717d) x2  0x00000301
core   0: 0x80006b9e (0x65263f13) sltiu   t5, a2, 1618
core   0: 0 0x80006b9e (0x65263f13) x30 0x00000001
core   0: 0x80006ba2 (0x000069e9) c.lui   s3, 0x1a
core   0: 0 0x80006ba2 (0x69e9) x19 0x0001a000
core   0: 0x80006ba4 (0x000089fa) c.mv    s3, t5
core   0: 0 0x80006ba4 (0x89fa) x19 0x00000001
core   0: 0x80006ba6 (0x01ba1c63) bne     s4, s11, pc + 24
core   0: 0 0x80006ba6 (0x01ba1c63)
core   0: 0x80006bbe (0x03667b63) bgeu    a2, s6, pc + 54
core   0: 0 0x80006bbe (0x03667b63)
core   0: 0x80006bc2 (0x00f7d413) srli    s0, a5, 15
core   0: 0 0x80006bc2 (0x00f7d413) x8  0x0001ffff
core   0: 0x80006bc6 (0x0000100f) fence.i
core   0: 0 0x80006bc6 (0x0000100f)
core   0: 0x80006bca (0x0000c70d) c.beqz  a4, pc + 42
core   0: 0 0x80006bca (0xc70d)
core   0: 0x80006bf4 (0x00fdfc63) bgeu    s11, a5, pc + 24
core   0: 0 0x80006bf4 (0x00fdfc63)
core   0: 0x80006bf8 (0x006461b3) or      gp, s0, t1
core   0: 0 0x80006bf8 (0x006461b3) x3  0x0001ffff
core   0: 0x80006bfc (0x00009ee2) c.add   t4, s8
core   0: 0 0x80006bfc (0x9ee2) x29 0xfff6c461
core   0: 0x80006bfe (0x024d6563) bltu    s10, tp, pc + 42
core   0: 0 0x80006bfe (0x024d6563)
core   0: 0x80006c02 (0x03c0de63) bge     ra, t3, pc + 60
core   0: 0 0x80006c02 (0x03c0de63)
core   0: 0x80006c06 (0x69134313) xori    t1, t1, 1681
core   0: 0 0x80006c06 (0x69134313) x6  0x00008694
core   0: 0x80006c0a (0x00008fd9) c.or    a5, a4
core   0: 0 0x80006c0a (0x8fd9) x15 0xffffff41
core   0: 0x80006c0c (0x01c5dab3) srl     s5, a1, t3
core   0: 0 0x80006c0c (0x01c5dab3) x21 0x80021e64
core   0: 0x80006c10 (0x000080fd) c.srli  s1, 31
core   0: 0 0x80006c10 (0x80fd) x9  0x00000000
core   0: 0x80006c12 (0x00000c8d) c.addi  s9, 3
core   0: 0 0x80006c12 (0x0c8d) x25 0x00018003
core   0: 0x80006c14 (0x0ff0000f) fence   iorw,iorw
core   0: 0 0x80006c14 (0x0ff0000f)
core   0: 0x80006c18 (0x0000648d) c.lui   s1, 0x3
core   0: 0 0x80006c18 (0x648d) x9  0x00003000
core   0: 0x80006c1a (0x000012fd) c.addi  t0, -1
core   0: 0 0x80006c1a (0x12fd) x5  0x000001c0
core   0: 0x80006c1c (0x0331df33) divu    t5, gp, s3
core   0: 0 0x80006c1c (0x0331df33) x30 0x0001ffff
core   0: 0x80006c20 (0x0214cfb3) div     t6, s1, ra
core   0: 0 0x80006c20 (0x0214cfb3) x31 0xffffffff
core   0: 0x80006c24 (0x6b2a7813) andi    a6, s4, 1714
core   0: 0 0x80006c24 (0x6b2a7813) x16 0x00000000
core   0: 0x80006c28 (0x4109d013) srai    zero, s3, 16
core   0: 0 0x80006c28 (0x4109d013)
core   0: 0x80006c2c (0x00c54433) xor     s0, a0, a2
core   0: 0 0x80006c2c (0x00c54433) x8  0x7ffda3fb
core   0: 0x80006c30 (0x01789b63) bne     a7, s7, pc + 22
core   0: 0 0x80006c30 (0x01789b63)
core   0: 0x80006c46 (0x709de913) ori     s2, s11, 1801
core   0: 0 0x80006c46 (0x709de913) x18 0x8f958f8f
core   0: 0x80006c4a (0x00365333) srl     t1, a2, gp
core   0: 0 0x80006c4a (0x00365333) x6  0x00000000
core   0: 0x80006c4e (0x00008521) c.srai  a0, 8
core   0: 0 0x80006c4e (0x8521) x10 0x007ffda2
core   0: 0x80006c50 (0x03680c63) beq     a6, s6, pc + 56
core   0: 0 0x80006c50 (0x03680c63)
core   0: 0x80006c54 (0x01d57133) and     sp, a0, t4
core   0: 0 0x80006c54 (0x01d57133) x2  0x0076c420
core   0: 0x80006c58 (0x00009aea) c.add   s5, s10
core   0: 0 0x80006c58 (0x9aea) x21 0x800218f2
core   0: 0x80006c5a (0x00008c81) c.sub   s1, s0
core   0: 0 0x80006c5a (0x8c81) x9  0x80028c05
core   0: 0x80006c5c (0x662a8993) addi    s3, s5, 1634
core   0: 0 0x80006c5c (0x662a8993) x19 0x80021f54
core   0: 0x80006c60 (0x40445533) sra     a0, s0, tp
core   0: 0 0x80006c60 (0x40445533) x10 0x7ffda3fb
core   0: 0x80006c64 (0x00008641) c.srai  a2, 16
core   0: 0 0x80006c64 (0x8641) x12 0x00000000
core   0: 0x80006c66 (0x0000999a) c.add   s3, t1
core   0: 0 0x80006c66 (0x999a) x19 0x80021f54
core   0: 0x80006c68 (0x0000c0a1) c.beqz  s1, pc + 64
core   0: 0 0x80006c68 (0xc0a1)
core   0: 0x80006c6a (0x017e62b3) or      t0, t3, s7
core   0: 0 0x80006c6a (0x017e62b3) x5  0x3eef6000
core   0: 0x80006c6e (0x021202b3) mul     t0, tp, ra
core   0: 0 0x80006c6e (0x021202b3) x5  0x00000000
core   0: 0x80006c72 (0xfefc2337) lui     t1, 0xfefc2
core   0: 0 0x80006c72 (0xfefc2337) x6  0xfefc2000
core   0: 0x80006c76 (0x000011fd) c.addi  gp, -1
core   0: 0 0x80006c76 (0x11fd) x3  0x0001fffe
core   0: 0x80006c78 (0x02f8bb33) mulhu   s6, a7, a5
core   0: 0 0x80006c78 (0x02f8bb33) x22 0xffffff3f
core   0: 0x80006c7c (0x022d8f63) beq     s11, sp, pc + 62
core   0: 0 0x80006c7c (0x022d8f63)
core   0: 0x80006c80 (0x01b6df33) srl     t5, a3, s11
core   0: 0 0x80006c80 (0x01b6df33) x30 0x00010004
core   0: 0x80006c84 (0x031cc833) div     a6, s9, a7
core   0: 0 0x80006c84 (0x031cc833) x16 0xffff3fff
core   0: 0x80006c88 (0x000001cd) c.addi  gp, 19
core   0: 0 0x80006c88 (0x01cd) x3  0x00020011
core   0: 0x80006c8a (0xdd6e4213) xori    tp, t3, -554
core   0: 0 0x80006c8a (0xdd6e4213) x4  0xc1109dd6
core   0: 0x80006c8e (0x00006179) c.addi16sp sp, 464
core   0: 0 0x80006c8e (0x6179) x2  0x0076c5f0
core   0: 0x80006c90 (0xc5360313) addi    t1, a2, -941
core   0: 0 0x80006c90 (0xc5360313) x6  0xfffffc53
core   0: 0x80006c94 (0x406204b3) sub     s1, tp, t1
core   0: 0 0x80006c94 (0x406204b3) x9  0xc110a183
core   0: 0x80006c98 (0x03825333) divu    t1, tp, s8
core   0: 0 0x80006c98 (0x03825333) x6  0x00000000
core   0: 0x80006c9c (0x24b62c97) auipc   s9, 0x24b62
core   0: 0 0x80006c9c (0x24b62c97) x25 0xa4b68c9c
core   0: 0x80006ca0 (0x00008561) c.srai  a0, 24
core   0: 0 0x80006ca0 (0x8561) x10 0x0000007f
core   0: 0x80006ca2 (0x0000c41d) c.beqz  s0, pc + 46
core   0: 0 0x80006ca2 (0xc41d)
core   0: 0x80006ca4 (0x02d3dc63) bge     t2, a3, pc + 56
core   0: 0 0x80006ca4 (0x02d3dc63)
core   0: 0x80006cdc (0x015a1713) slli    a4, s4, 21
core   0: 0 0x80006cdc (0x015a1713) x14 0x00000000
core   0: 0x80006ce0 (0x00b92c33) slt     s8, s2, a1
core   0: 0 0x80006ce0 (0x00b92c33) x24 0x00000000
core   0: 0x80006ce4 (0x417e8c33) sub     s8, t4, s7
core   0: 0 0x80006ce4 (0x417e8c33) x24 0xfff6c461
core   0: 0x80006ce8 (0xba4e8d13) addi    s10, t4, -1116
core   0: 0 0x80006ce8 (0xba4e8d13) x26 0xfff6c005
core   0: 0x80006cec (0x023ac833) div     a6, s5, gp
core   0: 0 0x80006cec (0x023ac833) x16 0xffffc004
core   0: 0x80006cf0 (0x00006215) c.lui   tp, 0x5
core   0: 0 0x80006cf0 (0x6215) x4  0x00005000
core   0: 0x80006cf2 (0x40055cb3) sra     s9, a0, zero
core   0: 0 0x80006cf2 (0x40055cb3) x25 0x0000007f
core   0: 0x80006cf6 (0x030ff533) remu    a0, t6, a6
core   0: 0 0x80006cf6 (0x030ff533) x10 0x00003ffb
core   0: 0x80006cfa (0x40bd0633) sub     a2, s10, a1
core   0: 0 0x80006cfa (0x40bd0633) x12 0x7ff4a1a1
core   0: 0x80006cfe (0x02a78d63) beq     a5, a0, pc + 58
core   0: 0 0x80006cfe (0x02a78d63)
core   0: 0x80006d02 (0x40cb5a33) sra     s4, s6, a2
core   0: 0 0x80006d02 (0x40cb5a33) x20 0xffffff9f
core   0: 0x80006d06 (0x0000812d) c.srli  a0, 11
core   0: 0 0x80006d06 (0x812d) x10 0x00000007
core   0: 0x80006d08 (0x00e11433) sll     s0, sp, a4
core   0: 0 0x80006d08 (0x00e11433) x8  0x0076c5f0
core   0: 0x80006d0c (0x025f5733) divu    a4, t5, t0
core   0: 0 0x80006d0c (0x025f5733) x14 0xffffffff
core   0: 0x80006d10 (0x0316e9b3) rem     s3, a3, a7
core   0: 0 0x80006d10 (0x0316e9b3) x19 0x00000000
core   0: 0x80006d14 (0x0000679d) c.lui   a5, 0x7
core   0: 0 0x80006d14 (0x679d) x15 0x00007000
core   0: 0x80006d16 (0x00000001) c.nop
core   0: 0 0x80006d16 (0x0001)
core   0: 0x80006d18 (0x030e7f33) remu    t5, t3, a6
core   0: 0 0x80006d18 (0x030e7f33) x30 0x3eef6000
core   0: 0x80006d1c (0x61cc2413) slti    s0, s8, 1564
core   0: 0 0x80006d1c (0x61cc2413) x8  0x00000001
core   0: 0x80006d20 (0xdbab3193) sltiu   gp, s6, -582
core   0: 0 0x80006d20 (0xdbab3193) x3  0x00000000
core   0: 0x80006d24 (0x83ad1297) auipc   t0, 0x83ad1
core   0: 0 0x80006d24 (0x83ad1297) x5  0x03ad7d24
core   0: 0x80006d28 (0x0000c801) c.beqz  s0, pc + 16
core   0: 0 0x80006d28 (0xc801)
core   0: 0x80006d2a (0x0000c091) c.beqz  s1, pc + 4
core   0: 0 0x80006d2a (0xc091)
core   0: 0x80006d2c (0x00000001) c.nop
core   0: 0 0x80006d2c (0x0001)
core   0: 0x80006d2e (0x00c5cdb3) xor     s11, a1, a2
core   0: 0 0x80006d2e (0x00c5cdb3) x27 0xfff6bfc5
core   0: 0x80006d32 (0x00fb62b3) or      t0, s6, a5
core   0: 0 0x80006d32 (0x00fb62b3) x5  0xffffff3f
core   0: 0x80006d36 (0x00004c51) c.li    s8, 20
core   0: 0 0x80006d36 (0x4c51) x24 0x00000014
core   0: 0x80006d38 (0x02da4363) blt     s4, a3, pc + 38
core   0: 0 0x80006d38 (0x02da4363)
core   0: 0x80006d3c (0x018539b3) sltu    s3, a0, s8
core   0: 0 0x80006d3c (0x018539b3) x19 0x00000001
core   0: 0x80006d40 (0x00000001) c.nop
core   0: 0 0x80006d40 (0x0001)
core   0: 0x80006d42 (0x40d1d093) srai    ra, gp, 13
core   0: 0 0x80006d42 (0x40d1d093) x1  0x00000000
core   0: 0x80006d46 (0x00008d01) c.sub   a0, s0
core   0: 0 0x80006d46 (0x8d01) x10 0x00000006
core   0: 0x80006d48 (0x00bbb533) sltu    a0, s7, a1
core   0: 0 0x80006d48 (0x00bbb533) x10 0x00000001
core   0: 0x80006d4c (0x0000717d) c.addi16sp sp, -16
core   0: 0 0x80006d4c (0x717d) x2  0x0076c5e0
core   0: 0x80006d4e (0x0000100f) fence.i
core   0: 0 0x80006d4e (0x0000100f)
core   0: 0x80006d52 (0x00008a56) c.mv    s4, s5
core   0: 0 0x80006d52 (0x8a56) x20 0x800218f2
core   0: 0x80006d54 (0x59c8b097) auipc   ra, 0x59c8b
core   0: 0 0x80006d54 (0x59c8b097) x1  0xd9c91d54
core   0: 0x80006d58 (0x00006ef5) c.lui   t4, 0x1d
core   0: 0 0x80006d58 (0x6ef5) x29 0x0001d000
core   0: 0x80006d5a (0x004e9c33) sll     s8, t4, tp
core   0: 0 0x80006d5a (0x004e9c33) x24 0x0001d000
core   0: 0x80006d5e (0x025d7d33) remu    s10, s10, t0
core   0: 0 0x80006d5e (0x025d7d33) x26 0xfff6c005
core   0: 0x80006d62 (0x9f846997) auipc   s3, 0x9f846
core   0: 0 0x80006d62 (0x9f846997) x19 0x1f84cd62
core   0: 0x80006d66 (0x000fcd33) xor     s10, t6, zero
core   0: 0 0x80006d66 (0x000fcd33) x26 0xffffffff
core   0: 0x80006d6a (0x0000057e) c.slli  a0, 31
core   0: 0 0x80006d6a (0x057e) x10 0x80000000
core   0: 0x80006d6c (0x0000975a) c.add   a4, s6
core   0: 0 0x80006d6c (0x975a) x14 0xffffff3e
core   0: 0x80006d6e (0x00008d29) c.xor   a0, a0
core   0: 0 0x80006d6e (0x8d29) x10 0x00000000
core   0: 0x80006d70 (0x00000001) c.nop
core   0: 0 0x80006d70 (0x0001)
core   0: 0x80006d72 (0x00657333) and     t1, a0, t1
core   0: 0 0x80006d72 (0x00657333) x6  0x00000000
core   0: 0x80006d76 (0x006e44b3) xor     s1, t3, t1
core   0: 0 0x80006d76 (0x006e44b3) x9  0x3eef6000
core   0: 0x80006d7a (0x00008605) c.srai  a2, 1
core   0: 0 0x80006d7a (0x8605) x12 0x3ffa50d0
core   0: 0x80006d7c (0x010cd793) srli    a5, s9, 16
core   0: 0 0x80006d7c (0x010cd793) x15 0x00000000
core   0: 0x80006d80 (0x4088de33) sra     t3, a7, s0
core   0: 0 0x80006d80 (0x4088de33) x28 0xffffffff
core   0: 0x80006d84 (0x02660563) beq     a2, t1, pc + 42
core   0: 0 0x80006d84 (0x02660563)
core   0: 0x80006d88 (0x00a90233) add     tp, s2, a0
core   0: 0 0x80006d88 (0x00a90233) x4  0x8f958f8f
core   0: 0x80006d8c (0x41978933) sub     s2, a5, s9
core   0: 0 0x80006d8c (0x41978933) x18 0xffffff81
core   0: 0x80006d90 (0x0146e433) or      s0, a3, s4
core   0: 0 0x80006d90 (0x0146e433) x8  0x80025cf6
core   0: 0x80006d94 (0x01bad713) srli    a4, s5, 27
core   0: 0 0x80006d94 (0x01bad713) x14 0x00000010
core   0: 0x80006d98 (0x18982d93) slti    s11, a6, 393
core   0: 0 0x80006d98 (0x18982d93) x27 0x00000001
core   0: 0x80006d9c (0x002beb33) or      s6, s7, sp
core   0: 0 0x80006d9c (0x002beb33) x22 0x0076c5e0
core   0: 0x80006da0 (0x41028833) sub     a6, t0, a6
core   0: 0 0x80006da0 (0x41028833) x16 0x00003f3b
core   0: 0x80006da4 (0xf01f7813) andi    a6, t5, -255
core   0: 0 0x80006da4 (0xf01f7813) x16 0x3eef6000
core   0: 0x80006da8 (0x00006915) c.lui   s2, 0x5
core   0: 0 0x80006da8 (0x6915) x18 0x00005000
core   0: 0x80006daa (0x0107b133) sltu    sp, a5, a6
core   0: 0 0x80006daa (0x0107b133) x2  0x00000001
core   0: 0x80006dae (0x008f52b3) srl     t0, t5, s0
core   0: 0 0x80006dae (0x008f52b3) x5  0x000000fb
core   0: 0x80006db2 (0x0038e863) bltu    a7, gp, pc + 16
core   0: 0 0x80006db2 (0x0038e863)
core   0: 0x80006db6 (0x41bb52b3) sra     t0, s6, s11
core   0: 0 0x80006db6 (0x41bb52b3) x5  0x003b62f0
core   0: 0x80006dba (0x0365db33) divu    s6, a1, s6
core   0: 0 0x80006dba (0x0365db33) x22 0x00000113
core   0: 0x80006dbe (0x02516963) bltu    sp, t0, pc + 50
core   0: 0 0x80006dbe (0x02516963)
core   0: 0x80006df0 (0x01cf1c13) slli    s8, t5, 28
core   0: 0 0x80006df0 (0x01cf1c13) x24 0x00000000
core   0: 0x80006df4 (0x00349ab3) sll     s5, s1, gp
core   0: 0 0x80006df4 (0x00349ab3) x21 0x3eef6000
core   0: 0x80006df8 (0x000004ce) c.slli  s1, 19
core   0: 0 0x80006df8 (0x04ce) x9  0x00000000
core   0: 0x80006dfa (0x01b65f63) bge     a2, s11, pc + 30
core   0: 0 0x80006dfa (0x01b65f63)
core   0: 0x80006e18 (0x032eaeb3) mulhsu  t4, t4, s2
core   0: 0 0x80006e18 (0x032eaeb3) x29 0x00000000
core   0: 0x80006e1c (0x01c93e33) sltu    t3, s2, t3
core   0: 0 0x80006e1c (0x01c93e33) x28 0x00000001
core   0: 0x80006e20 (0x01e3c433) xor     s0, t2, t5
core   0: 0 0x80006e20 (0x01e3c433) x8  0x3eef6000
core   0: 0x80006e24 (0x00000001) c.nop
core   0: 0 0x80006e24 (0x0001)
core   0: 0x80006e26 (0x0ff0000f) fence   iorw,iorw
core   0: 0 0x80006e26 (0x0ff0000f)
core   0: 0x80006e2a (0x003e1c93) slli    s9, t3, 3
core   0: 0 0x80006e2a (0x003e1c93) x25 0x00000008
core   0: 0x80006e2e (0x00000001) c.nop
core   0: 0 0x80006e2e (0x0001)
core   0: 0x80006e30 (0x02d4ab33) mulhsu  s6, s1, a3
core   0: 0 0x80006e30 (0x02d4ab33) x22 0x00000000
core   0: 0x80006e34 (0x8070f2b7) lui     t0, 0x8070f
core   0: 0 0x80006e34 (0x8070f2b7) x5  0x8070f000
core   0: 0x80006e38 (0x407f0133) sub     sp, t5, t2
core   0: 0 0x80006e38 (0x407f0133) x2  0x3eef6000
core   0: 0x80006e3c (0x00008455) c.srai  s0, 21
core   0: 0 0x80006e3c (0x8455) x8  0x000001f7
core   0: 0x80006e3e (0x00000e59) c.addi  t3, 22
core   0: 0 0x80006e3e (0x0e59) x28 0x00000017
core   0: 0x80006e40 (0x0000c505) c.beqz  a0, pc + 40
core   0: 0 0x80006e40 (0xc505)
core   0: 0x80006e68 (0x417b0533) sub     a0, s6, s7
core   0: 0 0x80006e68 (0x417b0533) x10 0x00000000
core   0: 0x80006e6c (0x32320f93) addi    t6, tp, 803
core   0: 0 0x80006e6c (0x32320f93) x31 0x8f9592b2
core   0: 0x80006e70 (0x0000100f) fence.i
core   0: 0 0x80006e70 (0x0000100f)
core   0: 0x80006e74 (0x413a8233) sub     tp, s5, s3
core   0: 0 0x80006e74 (0x413a8233) x4  0x1f6a929e
core   0: 0x80006e78 (0x00000ebe) c.slli  t4, 15
core   0: 0 0x80006e78 (0x0ebe) x29 0x00000000
core   0: 0x80006e7a (0x00006121) c.addi16sp sp, 64
core   0: 0 0x80006e7a (0x6121) x2  0x3eef6040
core   0: 0x80006e7c (0x40a2da93) srai    s5, t0, 10
core   0: 0 0x80006e7c (0x40a2da93) x21 0xffe01c3c
core   0: 0x80006e80 (0x009b8f63) beq     s7, s1, pc + 30
core   0: 0 0x80006e80 (0x009b8f63)
core   0: 0x80006e9e (0x0000717d) c.addi16sp sp, -16
core   0: 0 0x80006e9e (0x717d) x2  0x3eef6030
core   0: 0x80006ea0 (0x0000c811) c.beqz  s0, pc + 20
core   0: 0 0x80006ea0 (0xc811)
core   0: 0x80006ea2 (0x00008fcd) c.or    a5, a1
core   0: 0 0x80006ea2 (0x8fcd) x15 0x80021e64
core   0: 0x80006ea4 (0xb2552e93) slti    t4, a0, -1243
core   0: 0 0x80006ea4 (0xb2552e93) x29 0x00000000
core   0: 0x80006ea8 (0x0098f1b3) and     gp, a7, s1
core   0: 0 0x80006ea8 (0x0098f1b3) x3  0x00000000
core   0: 0x80006eac (0x018f0a33) add     s4, t5, s8
core   0: 0 0x80006eac (0x018f0a33) x20 0x3eef6000
core   0: 0x80006eb0 (0x05b65063) bge     a2, s11, pc + 64
core   0: 0 0x80006eb0 (0x05b65063)
core   0: 0x80006ef0 (0x0000e491) c.bnez  s1, pc + 12
core   0: 0 0x80006ef0 (0xe491)
core   0: 0x80006ef2 (0xb3abba13) sltiu   s4, s7, -1222
core   0: 0 0x80006ef2 (0xb3abba13) x20 0x00000001
core   0: 0x80006ef6 (0x02703e33) mulhu   t3, zero, t2
core   0: 0 0x80006ef6 (0x02703e33) x28 0x00000000
core   0: 0x80006efa (0x00009b7d) c.andi  a4, -1
core   0: 0 0x80006efa (0x9b7d) x14 0x00000010
core   0: 0x80006efc (0xad1fe013) ori     zero, t6, -1327
core   0: 0 0x80006efc (0xad1fe013)
core   0: 0x80006f00 (0x00005e7d) c.li    t3, -1
core   0: 0 0x80006f00 (0x5e7d) x28 0xffffffff
core   0: 0x80006f02 (0x00008751) c.srai  a4, 20
core   0: 0 0x80006f02 (0x8751) x14 0x00000000
core   0: 0x80006f04 (0x00005a7d) c.li    s4, -1
core   0: 0 0x80006f04 (0x5a7d) x20 0xffffffff
core   0: 0x80006f06 (0x0326f8b3) remu    a7, a3, s2
core   0: 0 0x80006f06 (0x0326f8b3) x17 0x00000ce4
core   0: 0x80006f0a (0x00009b6a) c.add   s6, s10
core   0: 0 0x80006f0a (0x9b6a) x22 0xffffffff
core   0: 0x80006f0c (0x00000001) c.nop
core   0: 0 0x80006f0c (0x0001)
core   0: 0x80006f0e (0x00000b22) c.slli  s6, 8
core   0: 0 0x80006f0e (0x0b22) x22 0xffffff00
core   0: 0x80006f10 (0x03a4fc33) remu    s8, s1, s10
core   0: 0 0x80006f10 (0x03a4fc33) x24 0x00000000
core   0: 0x80006f14 (0x0306f0b3) remu    ra, a3, a6
core   0: 0 0x80006f14 (0x0306f0b3) x1  0x02239ce4
core   0: 0x80006f18 (0x00004b79) c.li    s6, 30
core   0: 0 0x80006f18 (0x4b79) x22 0x0000001e
core   0: 0x80006f1a (0x0000100f) fence.i
core   0: 0 0x80006f1a (0x0000100f)
core   0: 0x80006f1e (0x007a6f33) or      t5, s4, t2
core   0: 0 0x80006f1e (0x007a6f33) x30 0xffffffff
core   0: 0x80006f22 (0x00008741) c.srai  a4, 16
core   0: 0 0x80006f22 (0x8741) x14 0x00000000
core   0: 0x80006f24 (0x02160133) mul     sp, a2, ra
core   0: 0 0x80006f24 (0x02160133) x2  0x309eb940
core   0: 0x80006f28 (0x0000ef1d) c.bnez  a4, pc + 62
core   0: 0 0x80006f28 (0xef1d)
core   0: 0x80006f2a (0x00006f15) c.lui   t5, 0x5
core   0: 0 0x80006f2a (0x6f15) x30 0x00005000
core   0: 0x80006f2c (0xc8b9ea93) ori     s5, s3, -885
core   0: 0 0x80006f2c (0xc8b9ea93) x21 0xfffffdeb
core   0: 0x80006f30 (0x86bf7493) andi    s1, t5, -1941
core   0: 0 0x80006f30 (0x86bf7493) x9  0x00005000
core   0: 0x80006f34 (0x40a1d333) sra     t1, gp, a0
core   0: 0 0x80006f34 (0x40a1d333) x6  0x00000000
core   0: 0x80006f38 (0x00008651) c.srai  a2, 20
core   0: 0 0x80006f38 (0x8651) x12 0x000003ff
core   0: 0x80006f3a (0x03470f33) mul     t5, a4, s4
core   0: 0 0x80006f3a (0x03470f33) x30 0x00000000
core   0: 0x80006f3e (0x008e0333) add     t1, t3, s0
core   0: 0 0x80006f3e (0x008e0333) x6  0x000001f6
core   0: 0x80006f42 (0x0ff0000f) fence   iorw,iorw
core   0: 0 0x80006f42 (0x0ff0000f)
core   0: 0x80006f46 (0xfa49e197) auipc   gp, 0xfa49e
core   0: 0 0x80006f46 (0xfa49e197) x3  0x7a4a4f46
core   0: 0x80006f4a (0x03f67f33) remu    t5, a2, t6
core   0: 0 0x80006f4a (0x03f67f33) x30 0x000003ff
core   0: 0x80006f4e (0x0000197d) c.addi  s2, -1
core   0: 0 0x80006f4e (0x197d) x18 0x00004fff
core   0: 0x80006f50 (0x6a5ca093) slti    ra, s9, 1701
core   0: 0 0x80006f50 (0x6a5ca093) x1  0x00000001
core   0: 0x80006f54 (0x40065c13) srai    s8, a2, 0
core   0: 0 0x80006f54 (0x40065c13) x24 0x000003ff
core   0: 0x80006f58 (0x00008ced) c.and   s1, a1
core   0: 0 0x80006f58 (0x8ced) x9  0x00001000
core   0: 0x80006f5a (0x03d66533) rem     a0, a2, t4
core   0: 0 0x80006f5a (0x03d66533) x10 0x000003ff
core   0: 0x80006f5e (0x411ed8b3) sra     a7, t4, a7
core   0: 0 0x80006f5e (0x411ed8b3) x17 0x00000000
core   0: 0x80006f62 (0x00009bfd) c.andi  a5, -1
core   0: 0 0x80006f62 (0x9bfd) x15 0x80021e64
core   0: 0x80006f64 (0x00000001) c.nop
core   0: 0 0x80006f64 (0x0001)
core   0: 0x80006f66 (0x014bf233) and     tp, s7, s4
core   0: 0 0x80006f66 (0x014bf233) x4  0x00000000
core   0: 0x80006f6a (0x00004185) c.li    gp, 1
core   0: 0 0x80006f6a (0x4185) x3  0x00000001
core   0: 0x80006f6c (0x02449db3) mulh    s11, s1, tp
core   0: 0 0x80006f6c (0x02449db3) x27 0x00000000
core   0: 0x80006f70 (0x00a79e13) slli    t3, a5, 10
core   0: 0 0x80006f70 (0x00a79e13) x28 0x08799000
core   0: 0x80006f74 (0x00008909) c.andi  a0, 2
core   0: 0 0x80006f74 (0x8909) x10 0x00000002
core   0: 0x80006f76 (0x0015d133) srl     sp, a1, ra
core   0: 0 0x80006f76 (0x0015d133) x2  0x40010f32
core   0: 0x80006f7a (0x00001880) c.addi4spn s0, sp, 112
core   0: 0 0x80006f7a (0x1880) x8  0x40010fa2
core   0: 0x80006f7c (0x00008855) c.andi  s0, 21
core   0: 0 0x80006f7c (0x8855) x8  0x00000000
core   0: 0x80006f7e (0x00008d11) c.sub   a0, a2
core   0: 0 0x80006f7e (0x8d11) x10 0xfffffc03
core   0: 0x80006f80 (0x0000157d) c.addi  a0, -1
core   0: 0 0x80006f80 (0x157d) x10 0xfffffc02
core   0: 0x80006f82 (0x808d6613) ori     a2, s10, -2040
core   0: 0 0x80006f82 (0x808d6613) x12 0xffffffff
core   0: 0x80006f86 (0x000098fd) c.andi  s1, -1
core   0: 0 0x80006f86 (0x98fd) x9  0x00001000
core   0: 0x80006f88 (0x000000cd) c.addi  ra, 19
core   0: 0 0x80006f88 (0x00cd) x1  0x00000014
core   0: 0x80006f8a (0x02f07433) remu    s0, zero, a5
core   0: 0 0x80006f8a (0x02f07433) x8  0x00000000
core   0: 0x80006f8e (0x0000e00d) c.bnez  s0, pc + 34
core   0: 0 0x80006f8e (0xe00d)
core   0: 0x80006f90 (0x00046eb3) or      t4, s0, zero
core   0: 0 0x80006f90 (0x00046eb3) x29 0x00000000
core   0: 0x80006f94 (0x004d5463) bge     s10, tp, pc + 8
core   0: 0 0x80006f94 (0x004d5463)
core   0: 0x80006f98 (0x43311137) lui     sp, 0x43311
core   0: 0 0x80006f98 (0x43311137) x2  0x43311000
core   0: 0x80006f9c (0x00001a00) c.addi4spn s0, sp, 304
core   0: 0 0x80006f9c (0x1a00) x8  0x43311130
core   0: 0x80006f9e (0x00001984) c.addi4spn s1, sp, 240
core   0: 0 0x80006f9e (0x1984) x9  0x433110f0
core   0: 0x80006fa0 (0x00008869) c.andi  s0, 26
core   0: 0 0x80006fa0 (0x8869) x8  0x00000010
core   0: 0x80006fa2 (0x033c92b3) mulh    t0, s9, s3
core   0: 0 0x80006fa2 (0x033c92b3) x5  0x00000000
core   0: 0x80006fa6 (0x00000001) c.nop
core   0: 0 0x80006fa6 (0x0001)
core   0: 0x80006fa8 (0xecc0e513) ori     a0, ra, -308
core   0: 0 0x80006fa8 (0xecc0e513) x10 0xfffffedc
core   0: 0x80006fac (0x03ac9bb3) mulh    s7, s9, s10
core   0: 0 0x80006fac (0x03ac9bb3) x23 0xffffffff
core   0: 0x80006fb0 (0x02d8bb33) mulhu   s6, a7, a3
core   0: 0 0x80006fb0 (0x02d8bb33) x22 0x00000000
core   0: 0x80006fb4 (0x00008385) c.srli  a5, 1
core   0: 0 0x80006fb4 (0x8385) x15 0x40010f32
core   0: 0x80006fb6 (0x00fccb63) blt     s9, a5, pc + 22
core   0: 0 0x80006fb6 (0x00fccb63)
core   0: 0x80006fcc (0x01b49f33) sll     t5, s1, s11
core   0: 0 0x80006fcc (0x01b49f33) x30 0x433110f0
core   0: 0x80006fd0 (0x01addc13) srli    s8, s11, 26
core   0: 0 0x80006fd0 (0x01addc13) x24 0x00000000
core   0: 0x80006fd4 (0x000011fd) c.addi  gp, -1
core   0: 0 0x80006fd4 (0x11fd) x3  0x00000000
core   0: 0x80006fd6 (0x4017d113) srai    sp, a5, 1
core   0: 0 0x80006fd6 (0x4017d113) x2  0x20008799
core   0: 0x80006fda (0x00006d15) c.lui   s10, 0x5
core   0: 0 0x80006fda (0x6d15) x26 0x00005000
core   0: 0x80006fdc (0x00008e61) c.and   a2, s0
core   0: 0 0x80006fdc (0x8e61) x12 0x00000010
core   0: 0x80006fde (0x000db4b3) sltu    s1, s11, zero
core   0: 0 0x80006fde (0x000db4b3) x9  0x00000000
core   0: 0x80006fe2 (0x41a30233) sub     tp, t1, s10
core   0: 0 0x80006fe2 (0x41a30233) x4  0xffffb1f6
core   0: 0x80006fe6 (0x00006db9) c.lui   s11, 0xe
core   0: 0 0x80006fe6 (0x6db9) x27 0x0000e000
core   0: 0x80006fe8 (0x00869993) slli    s3, a3, 8
core   0: 0 0x80006fe8 (0x00869993) x19 0x025ce400
core   0: 0x80006fec (0x00008549) c.srai  a0, 18
core   0: 0 0x80006fec (0x8549) x10 0xffffffff
core   0: 0x80006fee (0x01a2f033) and     zero, t0, s10
core   0: 0 0x80006fee (0x01a2f033)
core   0: 0x80006ff2 (0x03a22e33) mulhsu  t3, tp, s10
core   0: 0 0x80006ff2 (0x03a22e33) x28 0xffffffff
core   0: 0x80006ff6 (0x4bd50993) addi    s3, a0, 1213
core   0: 0 0x80006ff6 (0x4bd50993) x19 0x000004bc
core   0: 0x80006ffa (0x00008e0d) c.sub   a2, a1
core   0: 0 0x80006ffa (0x8e0d) x12 0x7ffde1ac
core   0: 0x80006ffc (0x03ef47b3) div     a5, t5, t5
core   0: 0 0x80006ffc (0x03ef47b3) x15 0x00000001
core   0: 0x80007000 (0x32f8e0b7) lui     ra, 0x32f8e
core   0: 0 0x80007000 (0x32f8e0b7) x1  0x32f8e000
core   0: 0x80007004 (0x00cedd13) srli    s10, t4, 12
core   0: 0 0x80007004 (0x00cedd13) x26 0x00000000
core   0: 0x80007008 (0x0000cc0d) c.beqz  s0, pc + 58
core   0: 0 0x80007008 (0xcc0d)
core   0: 0x8000700a (0x3f447093) andi    ra, s0, 1012
core   0: 0 0x8000700a (0x3f447093) x1  0x00000010
core   0: 0x8000700e (0x0163f033) and     zero, t2, s6
core   0: 0 0x8000700e (0x0163f033)
core   0: 0x80007012 (0x00004cd9) c.li    s9, 22
core   0: 0 0x80007012 (0x4cd9) x25 0x00000016
core   0: 0x80007014 (0x00008125) c.srli  a0, 9
core   0: 0 0x80007014 (0x8125) x10 0x007fffff
core   0: 0x80007016 (0x0224a333) mulhsu  t1, s1, sp
core   0: 0 0x80007016 (0x0224a333) x6  0x00000000
core   0: 0x8000701a (0xd9812e13) slti    t3, sp, -616
core   0: 0 0x8000701a (0xd9812e13) x28 0x00000000
core   0: 0x8000701e (0x41360bb3) sub     s7, a2, s3
core   0: 0 0x8000701e (0x41360bb3) x23 0x7ffddcf0
core   0: 0x80007022 (0x000084c5) c.srai  s1, 17
core   0: 0 0x80007022 (0x84c5) x9  0x00000000
core   0: 0x80007024 (0x01d1ddb3) srl     s11, gp, t4
core   0: 0 0x80007024 (0x01d1ddb3) x27 0x00000000
core   0: 0x80007028 (0x02a0fbb3) remu    s7, ra, a0
core   0: 0 0x80007028 (0x02a0fbb3) x23 0x00000010
core   0: 0x8000702c (0x92476613) ori     a2, a4, -1756
core   0: 0 0x8000702c (0x92476613) x12 0xfffff924
core   0: 0x80007030 (0x67649197) auipc   gp, 0x67649
core   0: 0 0x80007030 (0x67649197) x3  0xe7650030
core   0: 0x80007034 (0x005daab3) slt     s5, s11, t0
core   0: 0 0x80007034 (0x005daab3) x21 0x00000000
core   0: 0x80007038 (0x011dd9b3) srl     s3, s11, a7
core   0: 0 0x80007038 (0x011dd9b3) x19 0x00000000
core   0: 0x8000703c (0x01133133) sltu    sp, t1, a7
core   0: 0 0x8000703c (0x01133133) x2  0x00000000
core   0: 0x80007040 (0x00009dae) c.add   s11, a1
core   0: 0 0x80007040 (0x9dae) x27 0x80021e64
core   0: 0x80007042 (0x03de1f33) mulh    t5, t3, t4
core   0: 0 0x80007042 (0x03de1f33) x30 0x00000000
core   0: 0x80007046 (0x0000ca05) c.beqz  a2, pc + 48
core   0: 0 0x80007046 (0xca05)
core   0: 0x80007048 (0x00008cd6) c.mv    s9, s5
core   0: 0 0x80007048 (0x8cd6) x25 0x00000000
core   0: 0x8000704a (0x03762bb3) mulhsu  s7, a2, s7
core   0: 0 0x8000704a (0x03762bb3) x23 0xffffffff
core   0: 0x8000704e (0x0037e763) bltu    a5, gp, pc + 14
core   0: 0 0x8000704e (0x0037e763)
core   0: 0x8000705c (0x889cba13) sltiu   s4, s9, -1911
core   0: 0 0x8000705c (0x889cba13) x20 0x00000001
core   0: 0x80007060 (0x6c558f93) addi    t6, a1, 1733
core   0: 0 0x80007060 (0x6c558f93) x31 0x80022529
core   0: 0x80007064 (0x0331bbb3) mulhu   s7, gp, s3
core   0: 0 0x80007064 (0x0331bbb3) x23 0x00000000
core   0: 0x80007068 (0x5cdf1797) auipc   a5, 0x5cdf1
core   0: 0 0x80007068 (0x5cdf1797) x15 0xdcdf8068
core   0: 0x8000706c (0x00009f7e) c.add   t5, t6
core   0: 0 0x8000706c (0x9f7e) x30 0x80022529
core   0: 0x8000706e (0x00001f10) c.addi4spn a2, sp, 944
core   0: 0 0x8000706e (0x1f10) x12 0x000003b0
core   0: 0x80007070 (0x01401113) slli    sp, zero, 20
core   0: 0 0x80007070 (0x01401113) x2  0x00000000
core   0: 0x80007074 (0x000060b9) c.lui   ra, 0xe
core   0: 0 0x80007074 (0x60b9) x1  0x0000e000
core   0: 0x80007076 (0x035f1ab3) mulh    s5, t5, s5
core   0: 0 0x80007076 (0x035f1ab3) x21 0x00000000
core   0: 0x8000707a (0x02675eb3) divu    t4, a4, t1
core   0: 0 0x8000707a (0x02675eb3) x29 0xffffffff
core   0: 0x8000707e (0x03ac64b3) rem     s1, s8, s10
core   0: 0 0x8000707e (0x03ac64b3) x9  0x00000000
core   0: 0x80007082 (0x0000987d) c.andi  s0, -1
core   0: 0 0x80007082 (0x987d) x8  0x00000010
core   0: 0x80007084 (0x039e7133) remu    sp, t3, s9
core   0: 0 0x80007084 (0x039e7133) x2  0x00000000
core   0: 0x80007088 (0x022d4e63) blt     s10, sp, pc + 60
core   0: 0 0x80007088 (0x022d4e63)
core   0: 0x8000708c (0x02955863) bge     a0, s1, pc + 48
core   0: 0 0x8000708c (0x02955863)
core   0: 0x800070bc (0x01039193) slli    gp, t2, 16
core   0: 0 0x800070bc (0x01039193) x3  0x00000000
core   0: 0x800070c0 (0x0000100f) fence.i
core   0: 0 0x800070c0 (0x0000100f)
core   0: 0x800070c4 (0x00000084) c.addi4spn s1, sp, 64
core   0: 0 0x800070c4 (0x0084) x9  0x00000040
core   0: 0x800070c6 (0x02f48133) mul     sp, s1, a5
core   0: 0 0x800070c6 (0x02f48133) x2  0x37e01a00
core   0: 0x800070ca (0x00fb1033) sll     zero, s6, a5
core   0: 0 0x800070ca (0x00fb1033)
core   0: 0x800070ce (0x41f88433) sub     s0, a7, t6
core   0: 0 0x800070ce (0x41f88433) x8  0x7ffddad7
core   0: 0x800070d2 (0x0194f463) bgeu    s1, s9, pc + 8
core   0: 0 0x800070d2 (0x0194f463)
core   0: 0x800070da (0x00001cfd) c.addi  s9, -1
core   0: 0 0x800070da (0x1cfd) x25 0xffffffff
core   0: 0x800070dc (0x3aa91a97) auipc   s5, 0x3aa91
core   0: 0 0x800070dc (0x3aa91a97) x21 0xbaa980dc
core   0: 0x800070e0 (0x01af1233) sll     tp, t5, s10
core   0: 0 0x800070e0 (0x01af1233) x4  0x80022529
core   0: 0x800070e4 (0x0ff0000f) fence   iorw,iorw
core   0: 0 0x800070e4 (0x0ff0000f)
core   0: 0x800070e8 (0x01ab71b3) and     gp, s6, s10
core   0: 0 0x800070e8 (0x01ab71b3) x3  0x00000000
core   0: 0x800070ec (0xb4b42d93) slti    s11, s0, -1205
core   0: 0 0x800070ec (0xb4b42d93) x27 0x00000000
core   0: 0x800070f0 (0x00004aed) c.li    s5, 27
core   0: 0 0x800070f0 (0x4aed) x21 0x0000001b
core   0: 0x800070f2 (0x00015433) srl     s0, sp, zero
core   0: 0 0x800070f2 (0x00015433) x8  0x37e01a00
core   0: 0x800070f6 (0x02e8cc63) blt     a7, a4, pc + 56
core   0: 0 0x800070f6 (0x02e8cc63)
core   0: 0x800070fa (0x00f68d63) beq     a3, a5, pc + 26
core   0: 0 0x800070fa (0x00f68d63)
core   0: 0x800070fe (0x00008cf1) c.and   s1, a2
core   0: 0 0x800070fe (0x8cf1) x9  0x00000000
core   0: 0x80007100 (0x060a3213) sltiu   tp, s4, 96
core   0: 0 0x80007100 (0x060a3213) x4  0x00000001
core   0: 0x80007104 (0x4c414f93) xori    t6, sp, 1220
core   0: 0 0x80007104 (0x4c414f93) x31 0x37e01ec4
core   0: 0x80007108 (0x0157cab3) xor     s5, a5, s5
core   0: 0 0x80007108 (0x0157cab3) x21 0xdcdf8073
core   0: 0x8000710c (0x18717b13) andi    s6, sp, 391
core   0: 0 0x8000710c (0x18717b13) x22 0x00000000
core   0: 0x80007110 (0x03821bb3) mulh    s7, tp, s8
core   0: 0 0x80007110 (0x03821bb3) x23 0x00000000
core   0: 0x80007114 (0x0000100f) fence.i
core   0: 0 0x80007114 (0x0000100f)
core   0: 0x80007118 (0x40410933) sub     s2, sp, tp
core   0: 0 0x80007118 (0x40410933) x18 0x37e019ff
core   0: 0x8000711c (0x000080f1) c.srli  s1, 28
core   0: 0 0x8000711c (0x80f1) x9  0x00000000
core   0: 0x8000711e (0x0000100f) fence.i
core   0: 0 0x8000711e (0x0000100f)
core   0: 0x80007122 (0x0054eab3) or      s5, s1, t0
core   0: 0 0x80007122 (0x0054eab3) x21 0x00000000
core   0: 0x80007126 (0x000083fd) c.srli  a5, 31
core   0: 0 0x80007126 (0x83fd) x15 0x00000001
core   0: 0x80007128 (0x039548b3) div     a7, a0, s9
core   0: 0 0x80007128 (0x039548b3) x17 0xff800001
core   0: 0x8000712c (0x0000ef15) c.bnez  a4, pc + 60
core   0: 0 0x8000712c (0xef15)
core   0: 0x8000712e (0x000007b9) c.addi  a5, 14
core   0: 0 0x8000712e (0x07b9) x15 0x0000000f
core   0: 0x80007130 (0x05a91063) bne     s2, s10, pc + 64
core   0: 0 0x80007130 (0x05a91063)
core   0: 0x80007170 (0x00198eb3) add     t4, s3, ra
core   0: 0 0x80007170 (0x00198eb3) x29 0x0000e000
core   0: 0x80007174 (0x020fbfb3) mulhu   t6, t6, zero
core   0: 0 0x80007174 (0x020fbfb3) x31 0x00000000
core   0: 0x80007178 (0x00008fb9) c.xor   a5, a4
core   0: 0 0x80007178 (0x8fb9) x15 0x0000000f
core   0: 0x8000717a (0x00000001) c.nop
core   0: 0 0x8000717a (0x0001)
core   0: 0x8000717c (0x8c534893) xori    a7, t1, -1851
core   0: 0 0x8000717c (0x8c534893) x17 0xfffff8c5
core   0: 0x80007180 (0x8d568213) addi    tp, a3, -1835
core   0: 0 0x80007180 (0x8d568213) x4  0x800255b9
core   0: 0x80007184 (0x00008d49) c.or    a0, a0
core   0: 0 0x80007184 (0x8d49) x10 0x007fffff
core   0: 0x80007186 (0x01ca9c93) slli    s9, s5, 28
core   0: 0 0x80007186 (0x01ca9c93) x25 0x00000000
core   0: 0x8000718a (0x00008fad) c.xor   a5, a1
core   0: 0 0x8000718a (0x8fad) x15 0x80021e6b
core   0: 0x8000718c (0x0dd62417) auipc   s0, 0xdd62
core   0: 0 0x8000718c (0x0dd62417) x8  0x8dd6918c
core   0: 0x80007190 (0x0ff0000f) fence   iorw,iorw
core   0: 0 0x80007190 (0x0ff0000f)
core   0: 0x80007194 (0x03830f63) beq     t1, s8, pc + 62
core   0: 0 0x80007194 (0x03830f63)
core   0: 0x800071d2 (0x023ba233) mulhsu  tp, s7, gp
core   0: 0 0x800071d2 (0x023ba233) x4  0x00000000
core   0: 0x800071d6 (0x000080d5) c.srli  s1, 21
core   0: 0 0x800071d6 (0x80d5) x9  0x00000000
core   0: 0x800071d8 (0x00000001) c.nop
core   0: 0 0x800071d8 (0x0001)
core   0: 0x800071da (0x00bab9b3) sltu    s3, s5, a1
core   0: 0 0x800071da (0x00bab9b3) x19 0x00000001
core   0: 0x800071de (0x001f32b3) sltu    t0, t5, ra
core   0: 0 0x800071de (0x001f32b3) x5  0x00000000
core   0: 0x800071e2 (0x000087d2) c.mv    a5, s4
core   0: 0 0x800071e2 (0x87d2) x15 0x00000001
core   0: 0x800071e4 (0x000ddd13) srli    s10, s11, 0
core   0: 0 0x800071e4 (0x000ddd13) x26 0x00000000
core   0: 0x800071e8 (0x02e0c663) blt     ra, a4, pc + 44
core   0: 0 0x800071e8 (0x02e0c663)
core   0: 0x800071ec (0x40425ab3) sra     s5, tp, tp
core   0: 0 0x800071ec (0x40425ab3) x21 0x00000000
core   0: 0x800071f0 (0xe408ef13) ori     t5, a7, -448
core   0: 0 0x800071f0 (0xe408ef13) x30 0xfffffec5
core   0: 0x800071f4 (0x0000117d) c.addi  sp, -1
core   0: 0 0x800071f4 (0x117d) x2  0x37e019ff
core   0: 0x800071f6 (0x025e5a33) divu    s4, t3, t0
core   0: 0 0x800071f6 (0x025e5a33) x20 0xffffffff
core   0: 0x800071fa (0x00009b7d) c.andi  a4, -1
core   0: 0 0x800071fa (0x9b7d) x14 0x00000000
core   0: 0x800071fc (0x0137b2b3) sltu    t0, a5, s3
core   0: 0 0x800071fc (0x0137b2b3) x5  0x00000000
core   0: 0x80007200 (0x011448b3) xor     a7, s0, a7
core   0: 0 0x80007200 (0x011448b3) x17 0x72296949
core   0: 0x80007204 (0x0107d193) srli    gp, a5, 16
core   0: 0 0x80007204 (0x0107d193) x3  0x00000000
core   0: 0x80007208 (0x00008e2d) c.xor   a2, a1
core   0: 0 0x80007208 (0x8e2d) x12 0x80021dd4
core   0: 0x8000720a (0x02317933) remu    s2, sp, gp
core   0: 0 0x8000720a (0x02317933) x18 0x37e019ff
core   0: 0x8000720e (0x00008cc9) c.or    s1, a0
core   0: 0 0x8000720e (0x8cc9) x9  0x007fffff
core   0: 0x80007210 (0x03d31e63) bne     t1, t4, pc + 60
core   0: 0 0x80007210 (0x03d31e63)
core   0: 0x8000724c (0x00006151) c.addi16sp sp, 272
core   0: 0 0x8000724c (0x6151) x2  0x37e01b0f
core   0: 0x8000724e (0x00006109) c.addi16sp sp, 128
core   0: 0 0x8000724e (0x6109) x2  0x37e01b8f
core   0: 0x80007250 (0x0273e663) bltu    t2, t2, pc + 44
core   0: 0 0x80007250 (0x0273e663)
core   0: 0x80007254 (0x00000810) c.addi4spn a2, sp, 16
core   0: 0 0x80007254 (0x0810) x12 0x37e01b9f
core   0: 0x80007256 (0x0000717d) c.addi16sp sp, -16
core   0: 0 0x80007256 (0x717d) x2  0x37e01b7f
core   0: 0x80007258 (0x03151d33) mulh    s10, a0, a7
core   0: 0 0x80007258 (0x03151d33) x26 0x003914b4
core   0: 0x8000725c (0x00004721) c.li    a4, 8
core   0: 0 0x8000725c (0x4721) x14 0x00000008
core   0: 0x8000725e (0x41798db3) sub     s11, s3, s7
core   0: 0 0x8000725e (0x41798db3) x27 0x00000001
core   0: 0x80007262 (0x1068dfb7) lui     t6, 0x1068d
core   0: 0 0x80007262 (0x1068dfb7) x31 0x1068d000
core   0: 0x80007266 (0x01a9aab3) slt     s5, s3, s10
core   0: 0 0x80007266 (0x01a9aab3) x21 0x00000001
core   0: 0x8000726a (0x01b8aa93) slti    s5, a7, 27
core   0: 0 0x8000726a (0x01b8aa93) x21 0x00000000
core   0: 0x8000726e (0x0000100f) fence.i
core   0: 0 0x8000726e (0x0000100f)
core   0: 0x80007272 (0x0000cf05) c.beqz  a4, pc + 56
core   0: 0 0x80007272 (0xcf05)
core   0: 0x80007274 (0x006de833) or      a6, s11, t1
core   0: 0 0x80007274 (0x006de833) x16 0x00000001
core   0: 0x80007278 (0x028fd563) bge     t6, s0, pc + 42
core   0: 0 0x80007278 (0x028fd563)
core   0: 0x800072a2 (0x00008915) c.andi  a0, 5
core   0: 0 0x800072a2 (0x8915) x10 0x00000005
core   0: 0x800072a4 (0x00004e19) c.li    t3, 6
core   0: 0 0x800072a4 (0x4e19) x28 0x00000006
core   0: 0x800072a6 (0x013fdd63) bge     t6, s3, pc + 26
core   0: 0 0x800072a6 (0x013fdd63)
core   0: 0x800072c0 (0x003402b3) add     t0, s0, gp
core   0: 0 0x800072c0 (0x003402b3) x5  0x8dd6918c
core   0: 0x800072c4 (0x000001fe) c.slli  gp, 31
core   0: 0 0x800072c4 (0x01fe) x3  0x00000000
core   0: 0x800072c6 (0x00d78bb3) add     s7, a5, a3
core   0: 0 0x800072c6 (0x00d78bb3) x23 0x80025ce5
core   0: 0x800072ca (0x02a28fb3) mul     t6, t0, a0
core   0: 0 0x800072ca (0x02a28fb3) x31 0xc530d7bc
core   0: 0x800072ce (0x011c27b3) slt     a5, s8, a7
core   0: 0 0x800072ce (0x011c27b3) x15 0x00000001
core   0: 0x800072d2 (0x013a4733) xor     a4, s4, s3
core   0: 0 0x800072d2 (0x013a4733) x14 0xfffffffe
core   0: 0x800072d6 (0x00008c85) c.sub   s1, s1
core   0: 0 0x800072d6 (0x8c85) x9  0x00000000
core   0: 0x800072d8 (0x00f54363) blt     a0, a5, pc + 6
core   0: 0 0x800072d8 (0x00f54363)
core   0: 0x800072dc (0x00008f2d) c.xor   a4, a1
core   0: 0 0x800072dc (0x8f2d) x14 0x7ffde19a
core   0: 0x800072de (0x00008d51) c.or    a0, a2
core   0: 0 0x800072de (0x8d51) x10 0x37e01b9f
core   0: 0x800072e0 (0x29c52b13) slti    s6, a0, 668
core   0: 0 0x800072e0 (0x29c52b13) x22 0x00000000
core   0: 0x800072e4 (0x032a3033) mulhu   zero, s4, s2
core   0: 0 0x800072e4 (0x032a3033)
core   0: 0x800072e8 (0x01d29513) slli    a0, t0, 29
core   0: 0 0x800072e8 (0x01d29513) x10 0x80000000
core   0: 0x800072ec (0x0000e611) c.bnez  a2, pc + 12
core   0: 0 0x800072ec (0xe611)
core   0: 0x800072f8 (0x40b18ab3) sub     s5, gp, a1
core   0: 0 0x800072f8 (0x40b18ab3) x21 0x7ffde19c
core   0: 0x800072fc (0x00008e7d) c.and   a2, a5
core   0: 0 0x800072fc (0x8e7d) x12 0x00000001
core   0: 0x800072fe (0x40608933) sub     s2, ra, t1
core   0: 0 0x800072fe (0x40608933) x18 0x0000e000
core   0: 0x80007302 (0x017d4d63) blt     s10, s7, pc + 26
core   0: 0 0x80007302 (0x017d4d63)
core   0: 0x80007306 (0x0000c811) c.beqz  s0, pc + 20
core   0: 0 0x80007306 (0xc811)
core   0: 0x80007308 (0x03f3dc63) bge     t2, t6, pc + 56
core   0: 0 0x80007308 (0x03f3dc63)
core   0: 0x80007340 (0x02b77133) remu    sp, a4, a1
core   0: 0 0x80007340 (0x02b77133) x2  0x7ffde19a
core   0: 0x80007344 (0x00008e5d) c.or    a2, a5
core   0: 0 0x80007344 (0x8e5d) x12 0x00000001
core   0: 0x80007346 (0x02542fb3) mulhsu  t6, s0, t0
core   0: 0 0x80007346 (0x02542fb3) x31 0xc0bf7e9f
core   0: 0x8000734a (0x03ba6d33) rem     s10, s4, s11
core   0: 0 0x8000734a (0x03ba6d33) x26 0x00000000
core   0: 0x8000734e (0xf8d8ef93) ori     t6, a7, -115
core   0: 0 0x8000734e (0xf8d8ef93) x31 0xffffffcd
core   0: 0x80007352 (0x029fd9b3) divu    s3, t6, s1
core   0: 0 0x80007352 (0x029fd9b3) x19 0xffffffff
core   0: 0x80007356 (0x00000001) c.nop
core   0: 0 0x80007356 (0x0001)
core   0: 0x80007358 (0x02296f63) bltu    s2, sp, pc + 62
core   0: 0 0x80007358 (0x02296f63)
core   0: 0x80007396 (0x00009546) c.add   a0, a7
core   0: 0 0x80007396 (0x9546) x10 0xf2296949
core   0: 0x80007398 (0x0ff0000f) fence   iorw,iorw
core   0: 0 0x80007398 (0x0ff0000f)
core   0: 0x8000739c (0x00000cda) c.slli  s9, 22
core   0: 0 0x8000739c (0x0cda) x25 0x00000000
core   0: 0x8000739e (0x0ff0000f) fence   iorw,iorw
core   0: 0 0x8000739e (0x0ff0000f)
core   0: 0x800073a2 (0x02006fb3) rem     t6, zero, zero
core   0: 0 0x800073a2 (0x02006fb3) x31 0x00000000
core   0: 0x800073a6 (0x0000cf15) c.beqz  a4, pc + 60
core   0: 0 0x800073a6 (0xcf15)
core   0: 0x800073a8 (0xcff26d93) ori     s11, tp, -769
core   0: 0 0x800073a8 (0xcff26d93) x27 0xfffffcff
core   0: 0x800073ac (0x00008469) c.srai  s0, 26
core   0: 0 0x800073ac (0x8469) x8  0xffffffe3
core   0: 0x800073ae (0x01c47933) and     s2, s0, t3
core   0: 0 0x800073ae (0x01c47933) x18 0x00000002
core   0: 0x800073b2 (0x01d510b3) sll     ra, a0, t4
core   0: 0 0x800073b2 (0x01d510b3) x1  0xf2296949
core   0: 0x800073b6 (0x00953033) sltu    zero, a0, s1
core   0: 0 0x800073b6 (0x00953033)
core   0: 0x800073ba (0x028ace63) blt     s5, s0, pc + 60
core   0: 0 0x800073ba (0x028ace63)
core   0: 0x800073be (0x00008141) c.srli  a0, 16
core   0: 0 0x800073be (0x8141) x10 0x0000f229
core   0: 0x800073c0 (0xb2852d13) slti    s10, a0, -1240
core   0: 0 0x800073c0 (0xb2852d13) x26 0x00000000
core   0: 0x800073c4 (0x024ac233) div     tp, s5, tp
core   0: 0 0x800073c4 (0x024ac233) x4  0xffffffff
core   0: 0x800073c8 (0x00004f21) c.li    t5, 8
core   0: 0 0x800073c8 (0x4f21) x30 0x00000008
core   0: 0x800073ca (0x02d3c0b3) div     ra, t2, a3
core   0: 0 0x800073ca (0x02d3c0b3) x1  0x00000000
core   0: 0x800073ce (0x03278e33) mul     t3, a5, s2
core   0: 0 0x800073ce (0x03278e33) x28 0x00000002
core   0: 0x800073d2 (0x00725fb3) srl     t6, tp, t2
core   0: 0 0x800073d2 (0x00725fb3) x31 0xffffffff
core   0: 0x800073d6 (0x015d1133) sll     sp, s10, s5
core   0: 0 0x800073d6 (0x015d1133) x2  0x00000000
core   0: 0x800073da (0xc3057813) andi    a6, a0, -976
core   0: 0 0x800073da (0xc3057813) x16 0x0000f020
core   0: 0x800073de (0x034f4a33) div     s4, t5, s4
core   0: 0 0x800073de (0x034f4a33) x20 0xfffffff8
core   0: 0x800073e2 (0x0201fe63) bgeu    gp, zero, pc + 60
core   0: 0 0x800073e2 (0x0201fe63)
core   0: 0x8000741e (0x96cf0013) addi    zero, t5, -1684
core   0: 0 0x8000741e (0x96cf0013)
core   0: 0x80007422 (0x04e6f363) bgeu    a3, a4, pc + 70
core   0: 0 0x80007422 (0x04e6f363)
core   0: 0x80007468 (0x01095e33) srl     t3, s2, a6
core   0: 0 0x80007468 (0x01095e33) x28 0x00000002
core   0: 0x8000746c (0x0000e00d) c.bnez  s0, pc + 34
core   0: 0 0x8000746c (0xe00d)
core   0: 0x8000748e (0x0282ca33) div     s4, t0, s0
core   0: 0 0x8000748e (0x0282ca33) x20 0x03efc604
core   0: 0x80007492 (0x0000027a) c.slli  tp, 30
core   0: 0 0x80007492 (0x027a) x4  0xc0000000
core   0: 0x80007494 (0x00009bfd) c.andi  a5, -1
core   0: 0 0x80007494 (0x9bfd) x15 0x00000001
core   0: 0x80007496 (0x00008f75) c.and   a4, a3
core   0: 0 0x80007496 (0x8f75) x14 0x00004080
core   0: 0x80007498 (0x00008335) c.srli  a4, 13
core   0: 0 0x80007498 (0x8335) x14 0x00000002
core   0: 0x8000749a (0x0000829a) c.mv    t0, t1
core   0: 0 0x8000749a (0x829a) x5  0x00000000
core   0: 0x8000749c (0x0000c505) c.beqz  a0, pc + 40
core   0: 0 0x8000749c (0xc505)
core   0: 0x8000749e (0x41850133) sub     sp, a0, s8
core   0: 0 0x8000749e (0x41850133) x2  0x0000f229
core   0: 0x800074a2 (0x00001590) c.addi4spn a2, sp, 736
core   0: 0 0x800074a2 (0x1590) x12 0x0000f509
core   0: 0x800074a4 (0x00006439) c.lui   s0, 0xe
core   0: 0 0x800074a4 (0x6439) x8  0x0000e000
core   0: 0x800074a6 (0x01dfa1b3) slt     gp, t6, t4
core   0: 0 0x800074a6 (0x01dfa1b3) x3  0x00000001
core   0: 0x800074aa (0x00008459) c.srai  s0, 22
core   0: 0 0x800074aa (0x8459) x8  0x00000000
core   0: 0x800074ac (0x0ff0000f) fence   iorw,iorw
core   0: 0 0x800074ac (0x0ff0000f)
core   0: 0x800074b0 (0x409cda93) srai    s5, s9, 9
core   0: 0 0x800074b0 (0x409cda93) x21 0x00000000
core   0: 0x800074b4 (0x02918333) mul     t1, gp, s1
core   0: 0 0x800074b4 (0x02918333) x6  0x00000000
core   0: 0x800074b8 (0xcb75fc13) andi    s8, a1, -841
core   0: 0 0x800074b8 (0xcb75fc13) x24 0x80021c24
core   0: 0x800074bc (0xc8e80ab7) lui     s5, 0xc8e80
core   0: 0 0x800074bc (0xc8e80ab7) x21 0xc8e80000
core   0: 0x800074c0 (0x37d84a13) xori    s4, a6, 893
core   0: 0 0x800074c0 (0x37d84a13) x20 0x0000f35d
core   0: 0x800074c4 (0x000088c9) c.andi  s1, 18
core   0: 0 0x800074c4 (0x88c9) x9  0x00000000
core   0: 0x800074c6 (0x0ff0000f) fence   iorw,iorw
core   0: 0 0x800074c6 (0x0ff0000f)
core   0: 0x800074ca (0x00dcfa63) bgeu    s9, a3, pc + 20
core   0: 0 0x800074ca (0x00dcfa63)
core   0: 0x800074ce (0x24c5ec37) lui     s8, 0x24c5e
core   0: 0 0x800074ce (0x24c5ec37) x24 0x24c5e000
core   0: 0x800074d2 (0x0000414d) c.li    sp, 19
core   0: 0 0x800074d2 (0x414d) x2  0x00000013
core   0: 0x800074d4 (0x00e50963) beq     a0, a4, pc + 18
core   0: 0 0x800074d4 (0x00e50963)
core   0: 0x800074d8 (0x03d84b63) blt     a6, t4, pc + 54
core   0: 0 0x800074d8 (0x03d84b63)
core   0: 0x800074dc (0x00008e51) c.or    a2, a2
core   0: 0 0x800074dc (0x8e51) x12 0x0000f509
core   0: 0x800074de (0x03fef4b3) remu    s1, t4, t6
core   0: 0 0x800074de (0x03fef4b3) x9  0x0000e000
core   0: 0x800074e2 (0x000092d6) c.add   t0, s5
core   0: 0 0x800074e2 (0x92d6) x5  0xc8e80000
core   0: 0x800074e4 (0x000080b1) c.srli  s1, 12
core   0: 0 0x800074e4 (0x80b1) x9  0x0000000e
core   0: 0x800074e6 (0x00004d05) c.li    s10, 1
core   0: 0 0x800074e6 (0x4d05) x26 0x00000001
core   0: 0x800074e8 (0x30ebcf97) auipc   t6, 0x30ebc
core   0: 0 0x800074e8 (0x30ebcf97) x31 0xb0ec34e8
core   0: 0x800074ec (0x05c8d063) bge     a7, t3, pc + 64
core   0: 0 0x800074ec (0x05c8d063)
core   0: 0x8000752c (0x01d46533) or      a0, s0, t4
core   0: 0 0x8000752c (0x01d46533) x10 0x0000e000
core   0: 0x80007530 (0x0000020a) c.slli  tp, 2
core   0: 0 0x80007530 (0x020a) x4  0x00000000
core   0: 0x80007532 (0x01f66d63) bltu    a2, t6, pc + 26
core   0: 0 0x80007532 (0x01f66d63)
core   0: 0x8000754c (0x00009cbe) c.add   s9, a5
core   0: 0 0x8000754c (0x9cbe) x25 0x00000001
core   0: 0x8000754e (0x01a931b3) sltu    gp, s2, s10
core   0: 0 0x8000754e (0x01a931b3) x3  0x00000000
core   0: 0x80007552 (0x0000815d) c.srli  a0, 23
core   0: 0 0x80007552 (0x815d) x10 0x00000000
core   0: 0x80007554 (0x015884b3) add     s1, a7, s5
core   0: 0 0x80007554 (0x015884b3) x9  0x3b116949
core   0: 0x80007558 (0x00008e69) c.and   a2, a0
core   0: 0 0x80007558 (0x8e69) x12 0x00000000
core   0: 0x8000755a (0x01118bb3) add     s7, gp, a7
core   0: 0 0x8000755a (0x01118bb3) x23 0x72296949
core   0: 0x8000755e (0x03565b63) bge     a2, s5, pc + 54
core   0: 0 0x8000755e (0x03565b63)
core   0: 0x80007594 (0x40e7d513) srai    a0, a5, 14
core   0: 0 0x80007594 (0x40e7d513) x10 0x00000000
core   0: 0x80007598 (0x773f6e93) ori     t4, t5, 1907
core   0: 0 0x80007598 (0x773f6e93) x29 0x0000077b
core   0: 0x8000759c (0x66e0c897) auipc   a7, 0x66e0c
core   0: 0 0x8000759c (0x66e0c897) x17 0xe6e1359c
core   0: 0x800075a0 (0x00008525) c.srai  a0, 9
core   0: 0 0x800075a0 (0x8525) x10 0x00000000
core   0: 0x800075a2 (0x00008c3d) c.xor   s0, a5
core   0: 0 0x800075a2 (0x8c3d) x8  0x00000001
core   0: 0x800075a4 (0x00008131) c.srli  a0, 12
core   0: 0 0x800075a4 (0x8131) x10 0x00000000
core   0: 0x800075a6 (0x01bad993) srli    s3, s5, 27
core   0: 0 0x800075a6 (0x01bad993) x19 0x00000019
core   0: 0x800075aa (0x0363eab3) rem     s5, t2, s6
core   0: 0 0x800075aa (0x0363eab3) x21 0x00000000
core   0: 0x800075ae (0x02b04d63) blt     zero, a1, pc + 58
core   0: 0 0x800075ae (0x02b04d63)
core   0: 0x800075b2 (0x000061fd) c.lui   gp, 0x1f
core   0: 0 0x800075b2 (0x61fd) x3  0x0001f000
core   0: 0x800075b4 (0x0000060e) c.slli  a2, 3
core   0: 0 0x800075b4 (0x060e) x12 0x00000000
core   0: 0x800075b6 (0x0159ee63) bltu    s3, s5, pc + 28
core   0: 0 0x800075b6 (0x0159ee63)
core   0: 0x800075ba (0x00000001) c.nop
core   0: 0 0x800075ba (0x0001)
core   0: 0x800075bc (0x03667bb3) remu    s7, a2, s6
core   0: 0 0x800075bc (0x03667bb3) x23 0x00000000
core   0: 0x800075c0 (0x00ae9013) slli    zero, t4, 10
core   0: 0 0x800075c0 (0x00ae9013)
core   0: 0x800075c4 (0x02be4333) div     t1, t3, a1
core   0: 0 0x800075c4 (0x02be4333) x6  0x00000000
core   0: 0x800075c8 (0x0000023a) c.slli  tp, 14
core   0: 0 0x800075c8 (0x023a) x4  0x00000000
core   0: 0x800075ca (0x40e30933) sub     s2, t1, a4
core   0: 0 0x800075ca (0x40e30933) x18 0xfffffffe
core   0: 0x800075ce (0x0000862e) c.mv    a2, a1
core   0: 0 0x800075ce (0x862e) x12 0x80021e64
core   0: 0x800075d0 (0x00004f3d) c.li    t5, 15
core   0: 0 0x800075d0 (0x4f3d) x30 0x0000000f
core   0: 0x800075d2 (0x038ea1b3) mulhsu  gp, t4, s8
core   0: 0 0x800075d2 (0x038ea1b3) x3  0x00000113
core   0: 0x800075d6 (0x00008d49) c.or    a0, a0
core   0: 0 0x800075d6 (0x8d49) x10 0x00000000
core   0: 0x800075d8 (0x7cce6913) ori     s2, t3, 1996
core   0: 0 0x800075d8 (0x7cce6913) x18 0x000007ce
core   0: 0x800075dc (0x00006b7d) c.lui   s6, 0x1f
core   0: 0 0x800075dc (0x6b7d) x22 0x0001f000
core   0: 0x800075de (0xfbefc313) xori    t1, t6, -66
core   0: 0 0x800075de (0xfbefc313) x6  0x4f13cb56
core   0: 0x800075e2 (0x41ba5d13) srai    s10, s4, 27
core   0: 0 0x800075e2 (0x41ba5d13) x26 0x00000000
core   0: 0x800075e6 (0x00008c99) c.sub   s1, a4
core   0: 0 0x800075e6 (0x8c99) x9  0x3b116947
core   0: 0x800075e8 (0x0000918a) c.add   gp, sp
core   0: 0 0x800075e8 (0x918a) x3  0x00000126
core   0: 0x800075ea (0x41215233) sra     tp, sp, s2
core   0: 0 0x800075ea (0x41215233) x4  0x00000000
core   0: 0x800075ee (0x001419b3) sll     s3, s0, ra
core   0: 0 0x800075ee (0x001419b3) x19 0x00000001
core   0: 0x800075f2 (0x00000001) c.nop
core   0: 0 0x800075f2 (0x0001)
core   0: 0x800075f4 (0x036b8e63) beq     s7, s6, pc + 60
core   0: 0 0x800075f4 (0x036b8e63)
core   0: 0x800075f8 (0x035e8133) mul     sp, t4, s5
core   0: 0 0x800075f8 (0x035e8133) x2  0x00000000
core   0: 0x800075fc (0x005dde93) srli    t4, s11, 5
core   0: 0 0x800075fc (0x005dde93) x29 0x07ffffe7
core   0: 0x80007600 (0x40b104b3) sub     s1, sp, a1
core   0: 0 0x80007600 (0x40b104b3) x9  0x7ffde19c
core   0: 0x80007604 (0x41075433) sra     s0, a4, a6
core   0: 0 0x80007604 (0x41075433) x8  0x00000002
core   0: 0x80007608 (0x02305c63) bge     zero, gp, pc + 56
core   0: 0 0x80007608 (0x02305c63)
core   0: 0x8000760c (0x02a4deb3) divu    t4, s1, a0
core   0: 0 0x8000760c (0x02a4deb3) x29 0xffffffff
core   0: 0x80007610 (0x00000001) c.nop
core   0: 0 0x80007610 (0x0001)
core   0: 0x80007612 (0x00008ca1) c.xor   s1, s0
core   0: 0 0x80007612 (0x8ca1) x9  0x7ffde19e
core   0: 0x80007614 (0x00006115) c.addi16sp sp, 288
core   0: 0 0x80007614 (0x6115) x2  0x00000120
core   0: 0x80007616 (0x026714b3) mulh    s1, a4, t1
core   0: 0 0x80007616 (0x026714b3) x9  0x00000000
core   0: 0x8000761a (0x6fd54113) xori    sp, a0, 1789
core   0: 0 0x8000761a (0x6fd54113) x2  0x000006fd
core   0: 0x8000761e (0xe2b8b513) sltiu   a0, a7, -469
core   0: 0 0x8000761e (0xe2b8b513) x10 0x00000001
core   0: 0x80007622 (0x0000803d) c.srli  s0, 15
core   0: 0 0x80007622 (0x803d) x8  0x00000000
core   0: 0x80007624 (0x08b98313) addi    t1, s3, 139
core   0: 0 0x80007624 (0x08b98313) x6  0x0000008c
core   0: 0x80007628 (0x00001890) c.addi4spn a2, sp, 112
core   0: 0 0x80007628 (0x1890) x12 0x0000076d
core   0: 0x8000762a (0x01959993) slli    s3, a1, 25
core   0: 0 0x8000762a (0x01959993) x19 0xc8000000
core   0: 0x8000762e (0x0000e30d) c.bnez  a4, pc + 34
core   0: 0 0x8000762e (0xe30d)
core   0: 0x80007650 (0x000059fd) c.li    s3, -1
core   0: 0 0x80007650 (0x59fd) x19 0xffffffff
core   0: 0x80007652 (0x015d84b3) add     s1, s11, s5
core   0: 0 0x80007652 (0x015d84b3) x9  0xfffffcff
core   0: 0x80007656 (0x00799e33) sll     t3, s3, t2
core   0: 0 0x80007656 (0x00799e33) x28 0xffffffff
core   0: 0x8000765a (0x00000b90) c.addi4spn a2, sp, 464
core   0: 0 0x8000765a (0x0b90) x12 0x000008cd
core   0: 0x8000765c (0x03b20363) beq     tp, s11, pc + 38
core   0: 0 0x8000765c (0x03b20363)
core   0: 0x80007660 (0x00000001) c.nop
core   0: 0 0x80007660 (0x0001)
core   0: 0x80007662 (0x0064bf33) sltu    t5, s1, t1
core   0: 0 0x80007662 (0x0064bf33) x30 0x00000000
core   0: 0x80007666 (0x401d8fb3) sub     t6, s11, ra
core   0: 0 0x80007666 (0x401d8fb3) x31 0xfffffcff
core   0: 0x8000766a (0x523c3a13) sltiu   s4, s8, 1315
core   0: 0 0x8000766a (0x523c3a13) x20 0x00000000
core   0: 0x8000766e (0x01564cb3) xor     s9, a2, s5
core   0: 0 0x8000766e (0x01564cb3) x25 0x000008cd
core   0: 0x80007672 (0x00c8bd33) sltu    s10, a7, a2
core   0: 0 0x80007672 (0x00c8bd33) x26 0x00000000
core   0: 0x80007676 (0x02d99a33) mulh    s4, s3, a3
core   0: 0 0x80007676 (0x02d99a33) x20 0x00000000
core   0: 0x8000767a (0x00001f9c) c.addi4spn a5, sp, 1008
core   0: 0 0x8000767a (0x1f9c) x15 0x00000aed
core   0: 0x8000767c (0x0000717d) c.addi16sp sp, -16
core   0: 0 0x8000767c (0x717d) x2  0x000006ed
core   0: 0x8000767e (0x00008e16) c.mv    t3, t0
core   0: 0 0x8000767e (0x8e16) x28 0xc8e80000
core   0: 0x80007680 (0x0000098e) c.slli  s3, 3
core   0: 0 0x80007680 (0x098e) x19 0xfffffff8
core   0: 0x80007682 (0x00001f98) c.addi4spn a4, sp, 1008
core   0: 0 0x80007682 (0x1f98) x14 0x00000add
core   0: 0x80007684 (0x00008e05) c.sub   a2, s1
core   0: 0 0x80007684 (0x8e05) x12 0x00000bce
core   0: 0x80007686 (0x0000177d) c.addi  a4, -1
core   0: 0 0x80007686 (0x177d) x14 0x00000adc
core   0: 0x80007688 (0x015177b3) and     a5, sp, s5
core   0: 0 0x80007688 (0x015177b3) x15 0x00000000
core   0: 0x8000768c (0x00ab1d33) sll     s10, s6, a0
core   0: 0 0x8000768c (0x00ab1d33) x26 0x0003e000
core   0: 0x80007690 (0x00000001) c.nop
core   0: 0 0x80007690 (0x0001)
core   0: 0x80007692 (0x02045133) divu    sp, s0, zero
core   0: 0 0x80007692 (0x02045133) x2  0xffffffff
core   0: 0x80007696 (0x38ca3493) sltiu   s1, s4, 908
core   0: 0 0x80007696 (0x38ca3493) x9  0x00000001
core   0: 0x8000769a (0x01b74363) blt     a4, s11, pc + 6
core   0: 0 0x8000769a (0x01b74363)
core   0: 0x8000769e (0x00006139) c.addi16sp sp, 448
core   0: 0 0x8000769e (0x6139) x2  0x000001bf
core   0: 0x800076a0 (0x2a17f213) andi    tp, a5, 673
core   0: 0 0x800076a0 (0x2a17f213) x4  0x00000000
core   0: 0x800076a4 (0x00d1ee33) or      t3, gp, a3
core   0: 0 0x800076a4 (0x00d1ee33) x28 0x80025de6
core   0: 0x800076a8 (0x000054fd) c.li    s1, -1
core   0: 0 0x800076a8 (0x54fd) x9  0xffffffff
core   0: 0x800076aa (0x00000eae) c.slli  t4, 11
core   0: 0 0x800076aa (0x0eae) x29 0xfffff800
core   0: 0x800076ac (0x024d3d33) mulhu   s10, s10, tp
core   0: 0 0x800076ac (0x024d3d33) x26 0x00000000
core   0: 0x800076b0 (0x036e1333) mulh    t1, t3, s6
core   0: 0 0x800076b0 (0x036e1333) x6  0xffff0804
core   0: 0x800076b4 (0x03beeb33) rem     s6, t4, s11
core   0: 0 0x800076b4 (0x03beeb33) x22 0xfffffe02
core   0: 0x800076b8 (0x0000cb15) c.beqz  a4, pc + 52
core   0: 0 0x800076b8 (0xcb15)
core   0: 0x800076ba (0xab96a713) slti    a4, a3, -1351
core   0: 0 0x800076ba (0xab96a713) x14 0x00000001
core   0: 0x800076be (0x01c0cf33) xor     t5, ra, t3
core   0: 0 0x800076be (0x01c0cf33) x30 0x80025de6
core   0: 0x800076c2 (0x00008ca9) c.xor   s1, a0
core   0: 0 0x800076c2 (0x8ca9) x9  0xfffffffe
core   0: 0x800076c4 (0x000081e2) c.mv    gp, s8
core   0: 0 0x800076c4 (0x81e2) x3  0x24c5e000
core   0: 0x800076c6 (0xc3367413) andi    s0, a2, -973
core   0: 0 0x800076c6 (0xc3367413) x8  0x00000802
core   0: 0x800076ca (0x968a5917) auipc   s2, 0x968a5
core   0: 0 0x800076ca (0x968a5917) x18 0x168ac6ca
core   0: 0x800076ce (0x02a23033) mulhu   zero, tp, a0
core   0: 0 0x800076ce (0x02a23033)
core   0: 0x800076d2 (0x00000001) c.nop
core   0: 0 0x800076d2 (0x0001)
core   0: 0x800076d4 (0x00000001) c.nop
core   0: 0 0x800076d4 (0x0001)
core   0: 0x800076d6 (0x0000ce05) c.beqz  a2, pc + 56
core   0: 0 0x800076d6 (0xce05)
core   0: 0x800076d8 (0x92beefb7) lui     t6, 0x92bee
core   0: 0 0x800076d8 (0x92beefb7) x31 0x92bee000
core   0: 0x800076dc (0x00008111) c.srli  a0, 4
core   0: 0 0x800076dc (0x8111) x10 0x00000000
core   0: 0x800076de (0x000000cd) c.addi  ra, 19
core   0: 0 0x800076de (0x00cd) x1  0x00000013
core   0: 0x800076e0 (0x00006559) c.lui   a0, 0x16
core   0: 0 0x800076e0 (0x6559) x10 0x00016000
core   0: 0x800076e2 (0x00009bb2) c.add   s7, a2
core   0: 0 0x800076e2 (0x9bb2) x23 0x00000bce
core   0: 0x800076e4 (0x0ff0000f) fence   iorw,iorw
core   0: 0 0x800076e4 (0x0ff0000f)
core   0: 0x800076e8 (0x90978993) addi    s3, a5, -1783
core   0: 0 0x800076e8 (0x90978993) x19 0xfffff909
core   0: 0x800076ec (0x00000001) c.nop
core   0: 0 0x800076ec (0x0001)
core   0: 0x800076ee (0x0000031c) c.addi4spn a5, sp, 384
core   0: 0 0x800076ee (0x031c) x15 0x0000033f
core   0: 0x800076f0 (0x00000c72) c.slli  s8, 28
core   0: 0 0x800076f0 (0x0c72) x24 0x00000000
core   0: 0x800076f2 (0x00008331) c.srli  a4, 12
core   0: 0 0x800076f2 (0x8331) x14 0x00000000
core   0: 0x800076f4 (0x0163a9b3) slt     s3, t2, s6
core   0: 0 0x800076f4 (0x0163a9b3) x19 0x00000000
core   0: 0x800076f8 (0x0000cd1d) c.beqz  a0, pc + 62
core   0: 0 0x800076f8 (0xcd1d)
core   0: 0x800076fa (0x0300ba33) mulhu   s4, ra, a6
core   0: 0 0x800076fa (0x0300ba33) x20 0x00000000
core   0: 0x800076fe (0x01f31d63) bne     t1, t6, pc + 26
core   0: 0 0x800076fe (0x01f31d63)
core   0: 0x80007718 (0x0315fbb3) remu    s7, a1, a7
core   0: 0 0x80007718 (0x0315fbb3) x23 0x80021e64
core   0: 0x8000771c (0x00000001) c.nop
core   0: 0 0x8000771c (0x0001)
core   0: 0x8000771e (0x00008c95) c.sub   s1, a3
core   0: 0 0x8000771e (0x8c95) x9  0x7ffda31a
core   0: 0x80007720 (0x57b8a113) slti    sp, a7, 1403
core   0: 0 0x80007720 (0x57b8a113) x2  0x00000001
core   0: 0x80007724 (0x0000137d) c.addi  t1, -1
core   0: 0 0x80007724 (0x137d) x6  0xffff0803
core   0: 0x80007726 (0x0252b533) mulhu   a0, t0, t0
core   0: 0 0x80007726 (0x0252b533) x10 0x9dab5240
core   0: 0x8000772a (0x002a6433) or      s0, s4, sp
core   0: 0 0x8000772a (0x002a6433) x8  0x00000001
core   0: 0x8000772e (0x0003a8b3) slt     a7, t2, zero
core   0: 0 0x8000772e (0x0003a8b3) x17 0x00000000
core   0: 0x80007732 (0x3ab5bd93) sltiu   s11, a1, 939
core   0: 0 0x80007732 (0x3ab5bd93) x27 0x00000000
core   0: 0x80007736 (0x00008521) c.srai  a0, 8
core   0: 0 0x80007736 (0x8521) x10 0xff9dab52
core   0: 0x80007738 (0x00116733) or      a4, sp, ra
core   0: 0 0x80007738 (0x00116733) x14 0x00000013
core   0: 0x8000773c (0x153f2713) slti    a4, t5, 339
core   0: 0 0x8000773c (0x153f2713) x14 0x00000001
core   0: 0x80007740 (0x0308eeb3) rem     t4, a7, a6
core   0: 0 0x80007740 (0x0308eeb3) x29 0x00000000
core   0: 0x80007744 (0x000084b1) c.srai  s1, 12
core   0: 0 0x80007744 (0x84b1) x9  0x0007ffda
core   0: 0x80007746 (0x0000567d) c.li    a2, -1
core   0: 0 0x80007746 (0x567d) x12 0xffffffff
core   0: 0x80007748 (0x000092b6) c.add   t0, a3
core   0: 0 0x80007748 (0x92b6) x5  0x48ea5ce4
core   0: 0x8000774a (0x02add8b3) divu    a7, s11, a0
core   0: 0 0x8000774a (0x02add8b3) x17 0x00000000
core   0: 0x8000774e (0x00005cfd) c.li    s9, -1
core   0: 0 0x8000774e (0x5cfd) x25 0xffffffff
core   0: 0x80007750 (0x02501963) bne     zero, t0, pc + 50
core   0: 0 0x80007750 (0x02501963)
core   0: 0x80007782 (0x00000b16) c.slli  s6, 5
core   0: 0 0x80007782 (0x0b16) x22 0xffffc040
core   0: 0x80007784 (0x021b3b33) mulhu   s6, s6, ra
core   0: 0 0x80007784 (0x021b3b33) x22 0x00000012
core   0: 0x80007788 (0x003b7333) and     t1, s6, gp
core   0: 0 0x80007788 (0x003b7333) x6  0x00000000
core   0: 0x8000778c (0x00001e7d) c.addi  t3, -1
core   0: 0 0x8000778c (0x1e7d) x28 0x80025de5
core   0: 0x8000778e (0x00009a76) c.add   s4, t4
core   0: 0 0x8000778e (0x9a76) x20 0x00000000
core   0: 0x80007790 (0x0ff0000f) fence   iorw,iorw
core   0: 0 0x80007790 (0x0ff0000f)
core   0: 0x80007794 (0x00000001) c.nop
core   0: 0 0x80007794 (0x0001)
core   0: 0x80007796 (0x0133ca33) xor     s4, t2, s3
core   0: 0 0x80007796 (0x0133ca33) x20 0x00000000
core   0: 0x8000779a (0x05207263) bgeu    zero, s2, pc + 68
core   0: 0 0x8000779a (0x05207263)
core   0: 0x8000779e (0x014c5cb3) srl     s9, s8, s4
core   0: 0 0x8000779e (0x014c5cb3) x25 0x00000000
core   0: 0x800077a2 (0xffb94913) xori    s2, s2, -5
core   0: 0 0x800077a2 (0xffb94913) x18 0xe9753931
core   0: 0x800077a6 (0x822a4b93) xori    s7, s4, -2014
core   0: 0 0x800077a6 (0x822a4b93) x23 0xfffff822
core   0: 0x800077aa (0x0193cc33) xor     s8, t2, s9
core   0: 0 0x800077aa (0x0193cc33) x24 0x00000000
core   0: 0x800077ae (0x00c71bb3) sll     s7, a4, a2
core   0: 0 0x800077ae (0x00c71bb3) x23 0x80000000
core   0: 0x800077b2 (0x401bd733) sra     a4, s7, ra
core   0: 0 0x800077b2 (0x401bd733) x14 0xfffff000
core   0: 0x800077b6 (0x00000a80) c.addi4spn s0, sp, 336
core   0: 0 0x800077b6 (0x0a80) x8  0x00000151
core   0: 0x800077b8 (0x000084e5) c.srai  s1, 25
core   0: 0 0x800077b8 (0x84e5) x9  0x00000000
core   0: 0x800077ba (0x00561133) sll     sp, a2, t0
core   0: 0 0x800077ba (0x00561133) x2  0xfffffff0
core   0: 0x800077be (0x01afd763) bge     t6, s10, pc + 14
core   0: 0 0x800077be (0x01afd763)
core   0: 0x800077c2 (0x02e6fbb3) remu    s7, a3, a4
core   0: 0 0x800077c2 (0x02e6fbb3) x23 0x80025ce4
core   0: 0x800077c6 (0x00fd7733) and     a4, s10, a5
core   0: 0 0x800077c6 (0x00fd7733) x14 0x00000000
core   0: 0x800077ca (0x00008f2d) c.xor   a4, a1
core   0: 0 0x800077ca (0x8f2d) x14 0x80021e64
core   0: 0x800077cc (0xc8a0be93) sltiu   t4, ra, -886
core   0: 0 0x800077cc (0xc8a0be93) x29 0x00000001
core   0: 0x800077d0 (0x000049f5) c.li    s3, 29
core   0: 0 0x800077d0 (0x49f5) x19 0x0000001d
core   0: 0x800077d2 (0x66297ab7) lui     s5, 0x66297
core   0: 0 0x800077d2 (0x66297ab7) x21 0x66297000
core   0: 0x800077d6 (0x00008c35) c.xor   s0, a3
core   0: 0 0x800077d6 (0x8c35) x8  0x80025db5
core   0: 0x800077d8 (0x02cc38b3) mulhu   a7, s8, a2
core   0: 0 0x800077d8 (0x02cc38b3) x17 0x00000000
core   0: 0x800077dc (0x00009a7d) c.andi  a2, -1
core   0: 0 0x800077dc (0x9a7d) x12 0xffffffff
core   0: 0x800077de (0x0000100f) fence.i
core   0: 0 0x800077de (0x0000100f)
core   0: 0x800077e2 (0x0334ec33) rem     s8, s1, s3
core   0: 0 0x800077e2 (0x0334ec33) x24 0x00000000
core   0: 0x800077e6 (0x413a5493) srai    s1, s4, 19
core   0: 0 0x800077e6 (0x413a5493) x9  0x00000000
core   0: 0x800077ea (0x00be9013) slli    zero, t4, 11
core   0: 0 0x800077ea (0x00be9013)
core   0: 0x800077ee (0x00001090) c.addi4spn a2, sp, 96
core   0: 0 0x800077ee (0x1090) x12 0x00000050
core   0: 0x800077f0 (0x00000001) c.nop
core   0: 0 0x800077f0 (0x0001)
core   0: 0x800077f2 (0x00006ffd) c.lui   t6, 0x1f
core   0: 0 0x800077f2 (0x6ffd) x31 0x0001f000
core   0: 0x800077f4 (0x00000001) c.nop
core   0: 0 0x800077f4 (0x0001)
core   0: 0x800077f6 (0x00008335) c.srli  a4, 13
core   0: 0 0x800077f6 (0x8335) x14 0x00040010
core   0: 0x800077f8 (0x63432f13) slti    t5, t1, 1588
core   0: 0 0x800077f8 (0x63432f13) x30 0x00000001
core   0: 0x800077fc (0x00402a33) slt     s4, zero, tp
core   0: 0 0x800077fc (0x00402a33) x20 0x00000000
core   0: 0x80007800 (0xb8484713) xori    a4, a6, -1148
core   0: 0 0x80007800 (0xb8484713) x14 0xffff0ba4
core   0: 0x80007804 (0x034cddb3) divu    s11, s9, s4
core   0: 0 0x80007804 (0x034cddb3) x27 0xffffffff
core   0: 0x80007808 (0x413988b3) sub     a7, s3, s3
core   0: 0 0x80007808 (0x413988b3) x17 0x00000000
core   0: 0x8000780c (0x000049ad) c.li    s3, 11
core   0: 0 0x8000780c (0x49ad) x19 0x0000000b
core   0: 0x8000780e (0x01f96a33) or      s4, s2, t6
core   0: 0 0x8000780e (0x01f96a33) x20 0xe975f931
core   0: 0x80007812 (0x028124b3) mulhsu  s1, sp, s0
core   0: 0 0x80007812 (0x028124b3) x9  0xfffffff7
core   0: 0x80007816 (0x03327b63) bgeu    tp, s3, pc + 54
core   0: 0 0x80007816 (0x03327b63)
core   0: 0x8000781a (0x00008c49) c.or    s0, a0
core   0: 0 0x8000781a (0x8c49) x8  0xff9ffff7
core   0: 0x8000781c (0x00008e4d) c.or    a2, a1
core   0: 0 0x8000781c (0x8e4d) x12 0x80021e74
core   0: 0x8000781e (0xabcfc513) xori    a0, t6, -1348
core   0: 0 0x8000781e (0xabcfc513) x10 0xfffe0abc
core   0: 0x80007822 (0x00636633) or      a2, t1, t1
core   0: 0 0x80007822 (0x00636633) x12 0x00000000
core   0: 0x80007826 (0x00000d84) c.addi4spn s1, sp, 720
core   0: 0 0x80007826 (0x0d84) x9  0x000002c0
core   0: 0x80007828 (0x0060e2b3) or      t0, ra, t1
core   0: 0 0x80007828 (0x0060e2b3) x5  0x00000013
core   0: 0x8000782c (0x00008fb1) c.xor   a5, a2
core   0: 0 0x8000782c (0x8fb1) x15 0x0000033f
core   0: 0x8000782e (0x0383ed63) bltu    t2, s8, pc + 58
core   0: 0 0x8000782e (0x0383ed63)
core   0: 0x80007832 (0x00008e8a) c.mv    t4, sp
core   0: 0 0x80007832 (0x8e8a) x29 0xfffffff0
core   0: 0x80007834 (0x0ff0000f) fence   iorw,iorw
core   0: 0 0x80007834 (0x0ff0000f)
core   0: 0x80007838 (0x00008fb5) c.xor   a5, a3
core   0: 0 0x80007838 (0x8fb5) x15 0x80025fdb
core   0: 0x8000783a (0x0ff0000f) fence   iorw,iorw
core   0: 0 0x8000783a (0x0ff0000f)
core   0: 0x8000783e (0x00000bc1) c.addi  s7, 16
core   0: 0 0x8000783e (0x0bc1) x23 0x80025cf4
core   0: 0x80007840 (0x00008eb6) c.mv    t4, a3
core   0: 0 0x80007840 (0x8eb6) x29 0x80025ce4
core   0: 0x80007842 (0x50726d93) ori     s11, tp, 1287
core   0: 0 0x80007842 (0x50726d93) x27 0x00000507
core   0: 0x80007846 (0x00008dae) c.mv    s11, a1
core   0: 0 0x80007846 (0x8dae) x27 0x80021e64
core   0: 0x80007848 (0x40985d13) srai    s10, a6, 9
core   0: 0 0x80007848 (0x40985d13) x26 0x00000078
core   0: 0x8000784c (0x00c36933) or      s2, t1, a2
core   0: 0 0x8000784c (0x00c36933) x18 0x00000000
core   0: 0x80007850 (0x000019fd) c.addi  s3, -1
core   0: 0 0x80007850 (0x19fd) x19 0x0000000a
core   0: 0x80007852 (0x416ddc33) sra     s8, s11, s6
core   0: 0 0x80007852 (0x416ddc33) x24 0xffffe000
core   0: 0x80007856 (0x00000d4e) c.slli  s10, 19
core   0: 0 0x80007856 (0x0d4e) x26 0x03c00000
core   0: 0x80007858 (0x46bfc993) xori    s3, t6, 1131
core   0: 0 0x80007858 (0x46bfc993) x19 0x0001f46b
core   0: 0x8000785c (0x013d8963) beq     s11, s3, pc + 18
core   0: 0 0x8000785c (0x013d8963)
core   0: 0x80007860 (0xecc83b93) sltiu   s7, a6, -308
core   0: 0 0x80007860 (0xecc83b93) x23 0x00000001
core   0: 0x80007864 (0x0000100f) fence.i
core   0: 0 0x80007864 (0x0000100f)
core   0: 0x80007868 (0x00008cc9) c.or    s1, a0
core   0: 0 0x80007868 (0x8cc9) x9  0xfffe0afc
core   0: 0x8000786a (0x000098fd) c.andi  s1, -1
core   0: 0 0x8000786a (0x98fd) x9  0xfffe0afc
core   0: 0x8000786c (0x00009bfd) c.andi  a5, -1
core   0: 0 0x8000786c (0x9bfd) x15 0x80025fdb
core   0: 0x8000786e (0x00009c32) c.add   s8, a2
core   0: 0 0x8000786e (0x9c32) x24 0xffffe000
core   0: 0x80007870 (0x02a95433) divu    s0, s2, a0
core   0: 0 0x80007870 (0x02a95433) x8  0x00000000
core   0: 0x80007874 (0x037bf893) andi    a7, s7, 55
core   0: 0 0x80007874 (0x037bf893) x17 0x00000001
core   0: 0x80007878 (0x000088bd) c.andi  s1, 15
core   0: 0 0x80007878 (0x88bd) x9  0x0000000c
core   0: 0x8000787a (0x03166bb3) rem     s7, a2, a7
core   0: 0 0x8000787a (0x03166bb3) x23 0x00000000
core   0: 0x8000787e (0x0000817e) c.mv    sp, t6
core   0: 0 0x8000787e (0x817e) x2  0x0001f000
core   0: 0x80007880 (0x00b8db33) srl     s6, a7, a1
core   0: 0 0x80007880 (0x00b8db33) x22 0x00000000
core   0: 0x80007884 (0x2ecee793) ori     a5, t4, 748
core   0: 0 0x80007884 (0x2ecee793) x15 0x80025eec
core   0: 0x80007888 (0x00c59133) sll     sp, a1, a2
core   0: 0 0x80007888 (0x00c59133) x2  0x80021e64
core   0: 0x8000788c (0x000004fa) c.slli  s1, 30
core   0: 0 0x8000788c (0x04fa) x9  0x00000000
core   0: 0x8000788e (0xb4cb78b7) lui     a7, 0xb4cb7
core   0: 0 0x8000788e (0xb4cb78b7) x17 0xb4cb7000
core   0: 0x80007892 (0x000009d9) c.addi  s3, 22
core   0: 0 0x80007892 (0x09d9) x19 0x0001f481
core   0: 0x80007894 (0x00f257b3) srl     a5, tp, a5
core   0: 0 0x80007894 (0x00f257b3) x15 0x00000000
core   0: 0x80007898 (0x0ff0000f) fence   iorw,iorw
core   0: 0 0x80007898 (0x0ff0000f)
core   0: 0x8000789c (0x99bda717) auipc   a4, 0x99bda
core   0: 0 0x8000789c (0x99bda717) x14 0x19be189c
core   0: 0x800078a0 (0x00008e01) c.sub   a2, s0
core   0: 0 0x800078a0 (0x8e01) x12 0x00000000
core   0: 0x800078a2 (0x00000001) c.nop
core   0: 0 0x800078a2 (0x0001)
core   0: 0x800078a4 (0xbea03c93) sltiu   s9, zero, -1046
core   0: 0 0x800078a4 (0xbea03c93) x25 0x00000001
core   0: 0x800078a8 (0x0ff0000f) fence   iorw,iorw
core   0: 0 0x800078a8 (0x0ff0000f)
core   0: 0x800078ac (0x015b8e33) add     t3, s7, s5
core   0: 0 0x800078ac (0x015b8e33) x28 0x66297000
core   0: 0x800078b0 (0x00000f80) c.addi4spn s0, sp, 976
core   0: 0 0x800078b0 (0x0f80) x8  0x80022234
core   0: 0x800078b2 (0x00000001) c.nop
core   0: 0 0x800078b2 (0x0001)
core   0: 0x800078b4 (0x290b3c13) sltiu   s8, s6, 656
core   0: 0 0x800078b4 (0x290b3c13) x24 0x00000001
core   0: 0x800078b8 (0x01c4f433) and     s0, s1, t3
core   0: 0 0x800078b8 (0x01c4f433) x8  0x00000000
core   0: 0x800078bc (0xace66113) ori     sp, a2, -1330
core   0: 0 0x800078bc (0xace66113) x2  0xffffface
core   0: 0x800078c0 (0x00006111) c.addi16sp sp, 256
core   0: 0 0x800078c0 (0x6111) x2  0xfffffbce
core   0: 0x800078c2 (0x02921eb3) mulh    t4, tp, s1
core   0: 0 0x800078c2 (0x02921eb3) x29 0x00000000
core   0: 0x800078c6 (0x00008476) c.mv    s0, t4
core   0: 0 0x800078c6 (0x8476) x8  0x00000000
core   0: 0x800078c8 (0x054f4263) blt     t5, s4, pc + 68
core   0: 0 0x800078c8 (0x054f4263)
core   0: 0x800078cc (0x0133ec63) bltu    t2, s3, pc + 24
core   0: 0 0x800078cc (0x0133ec63)
core   0: 0x800078e4 (0x0000109c) c.addi4spn a5, sp, 96
core   0: 0 0x800078e4 (0x109c) x15 0xfffffc2e
core   0: 0x800078e6 (0x01d6a433) slt     s0, a3, t4
core   0: 0 0x800078e6 (0x01d6a433) x8  0x00000001
core   0: 0x800078ea (0x0347ddb3) divu    s11, a5, s4
core   0: 0 0x800078ea (0x0347ddb3) x27 0x00000001
core   0: 0x800078ee (0x002f74b3) and     s1, t5, sp
core   0: 0 0x800078ee (0x002f74b3) x9  0x00000000
core   0: 0x800078f2 (0x02654d33) div     s10, a0, t1
core   0: 0 0x800078f2 (0x02654d33) x26 0xffffffff
core   0: 0x800078f6 (0x03a507b3) mul     a5, a0, s10
core   0: 0 0x800078f6 (0x03a507b3) x15 0x0001f544
core   0: 0x800078fa (0x02a07133) remu    sp, zero, a0
core   0: 0 0x800078fa (0x02a07133) x2  0x00000000
core   0: 0x800078fe (0x02609163) bne     ra, t1, pc + 34
core   0: 0 0x800078fe (0x02609163)
core   0: 0x80007920 (0xea31c013) xori    zero, gp, -349
core   0: 0 0x80007920 (0xea31c013)
core   0: 0x80007924 (0x011e8133) add     sp, t4, a7
core   0: 0 0x80007924 (0x011e8133) x2  0xb4cb7000
core   0: 0x80007928 (0x00006f21) c.lui   t5, 0x8
core   0: 0 0x80007928 (0x6f21) x30 0x00008000
core   0: 0x8000792a (0x401f0c33) sub     s8, t5, ra
core   0: 0 0x8000792a (0x401f0c33) x24 0x00007fed
core   0: 0x8000792e (0x0000100f) fence.i
core   0: 0 0x8000792e (0x0000100f)
core   0: 0x80007932 (0x0277a333) mulhsu  t1, a5, t2
core   0: 0 0x80007932 (0x0277a333) x6  0x00000000
core   0: 0x80007936 (0x00008a1d) c.andi  a2, 7
core   0: 0 0x80007936 (0x8a1d) x12 0x00000000
core   0: 0x80007938 (0x02f7d363) bge     a5, a5, pc + 38
core   0: 0 0x80007938 (0x02f7d363)
core   0: 0x8000795e (0x018c8a33) add     s4, s9, s8
core   0: 0 0x8000795e (0x018c8a33) x20 0x00007fee
core   0: 0x80007962 (0x02c96d63) bltu    s2, a2, pc + 58
core   0: 0 0x80007962 (0x02c96d63)
core   0: 0x80007966 (0x011f28b3) slt     a7, t5, a7
core   0: 0 0x80007966 (0x011f28b3) x17 0x00000000
core   0: 0x8000796a (0x00000001) c.nop
core   0: 0 0x8000796a (0x0001)
core   0: 0x8000796c (0x0359d133) divu    sp, s3, s5
core   0: 0 0x8000796c (0x0359d133) x2  0x00000000
core   0: 0x80007970 (0x41045213) srai    tp, s0, 16
core   0: 0 0x80007970 (0x41045213) x4  0x00000000
core   0: 0x80007974 (0x80480db7) lui     s11, 0x80480
core   0: 0 0x80007974 (0x80480db7) x27 0x80480000
core   0: 0x80007978 (0x0ff0000f) fence   iorw,iorw
core   0: 0 0x80007978 (0x0ff0000f)
core   0: 0x8000797c (0x031e24b3) mulhsu  s1, t3, a7
core   0: 0 0x8000797c (0x031e24b3) x9  0x00000000
core   0: 0x80007980 (0x01241233) sll     tp, s0, s2
core   0: 0 0x80007980 (0x01241233) x4  0x00000001
core   0: 0x80007984 (0x0ff0000f) fence   iorw,iorw
core   0: 0 0x80007984 (0x0ff0000f)
core   0: 0x80007988 (0x02de70b3) remu    ra, t3, a3
core   0: 0 0x80007988 (0x02de70b3) x1  0x66297000
core   0: 0x8000798c (0x03fba0b3) mulhsu  ra, s7, t6
core   0: 0 0x8000798c (0x03fba0b3) x1  0x00000000
core   0: 0x80007990 (0x03c9adb3) mulhsu  s11, s3, t3
core   0: 0 0x80007990 (0x03c9adb3) x27 0x0000c7bc
core   0: 0x80007994 (0x0000c481) c.beqz  s1, pc + 8
core   0: 0 0x80007994 (0xc481)
core   0: 0x8000799c (0x40f95133) sra     sp, s2, a5
core   0: 0 0x8000799c (0x40f95133) x2  0x00000000
core   0: 0x800079a0 (0x41915eb3) sra     t4, sp, s9
core   0: 0 0x800079a0 (0x41915eb3) x29 0x00000000
core   0: 0x800079a4 (0x5b602c93) slti    s9, zero, 1462
core   0: 0 0x800079a4 (0x5b602c93) x25 0x00000001
core   0: 0x800079a8 (0x00008f71) c.and   a4, a2
core   0: 0 0x800079a8 (0x8f71) x14 0x00000000
core   0: 0x800079aa (0x039d6d33) rem     s10, s10, s9
core   0: 0 0x800079aa (0x039d6d33) x26 0x00000000
core   0: 0x800079ae (0x04540163) beq     s0, t0, pc + 66
core   0: 0 0x800079ae (0x04540163)
core   0: 0x800079b2 (0x020e7c33) remu    s8, t3, zero
core   0: 0 0x800079b2 (0x020e7c33) x24 0x66297000
core   0: 0x800079b6 (0x8993bc93) sltiu   s9, t2, -1895
core   0: 0 0x800079b6 (0x8993bc93) x25 0x00000001
core   0: 0x800079ba (0x003b3eb3) sltu    t4, s6, gp
core   0: 0 0x800079ba (0x003b3eb3) x29 0x00000001
core   0: 0x800079be (0x00028533) add     a0, t0, zero
core   0: 0 0x800079be (0x00028533) x10 0x00000013
core   0: 0x800079c2 (0x40f2d713) srai    a4, t0, 15
core   0: 0 0x800079c2 (0x40f2d713) x14 0x00000000
core   0: 0x800079c6 (0x00008fa9) c.xor   a5, a0
core   0: 0 0x800079c6 (0x8fa9) x15 0x0001f557
core   0: 0x800079c8 (0x41465db3) sra     s11, a2, s4
core   0: 0 0x800079c8 (0x41465db3) x27 0x00000000
core   0: 0x800079cc (0x00f74433) xor     s0, a4, a5
core   0: 0 0x800079cc (0x00f74433) x8  0x0001f557
core   0: 0x800079d0 (0x00008665) c.srai  a2, 25
core   0: 0 0x800079d0 (0x8665) x12 0x00000000
core   0: 0x800079d2 (0x03808f63) beq     ra, s8, pc + 62
core   0: 0 0x800079d2 (0x03808f63)
core   0: 0x800079d6 (0x00008f1d) c.sub   a4, a5
core   0: 0 0x800079d6 (0x8f1d) x14 0xfffe0aa9
core   0: 0x800079d8 (0x28a2a113) slti    sp, t0, 650
core   0: 0 0x800079d8 (0x28a2a113) x2  0x00000001
core   0: 0x800079dc (0x00008366) c.mv    t1, s9
core   0: 0 0x800079dc (0x8366) x6  0x00000001
core   0: 0x800079de (0x0000613d) c.addi16sp sp, 480
core   0: 0 0x800079de (0x613d) x2  0x000001e1
core   0: 0x800079e0 (0x00008cf1) c.and   s1, a2
core   0: 0 0x800079e0 (0x8cf1) x9  0x00000000
core   0: 0x800079e2 (0x5ed96f13) ori     t5, s2, 1517
core   0: 0 0x800079e2 (0x5ed96f13) x30 0x000005ed
core   0: 0x800079e6 (0x0ff0000f) fence   iorw,iorw
core   0: 0 0x800079e6 (0x0ff0000f)
core   0: 0x800079ea (0x002f5b63) bge     t5, sp, pc + 22
core   0: 0 0x800079ea (0x002f5b63)
core   0: 0x80007a00 (0x00008c92) c.mv    s9, tp
core   0: 0 0x80007a00 (0x8c92) x25 0x00000001
core   0: 0x80007a02 (0x00008161) c.srli  a0, 24
core   0: 0 0x80007a02 (0x8161) x10 0x00000000
core   0: 0x80007a04 (0x09edc413) xori    s0, s11, 158
core   0: 0 0x80007a04 (0x09edc413) x8  0x0000009e
core   0: 0x80007a08 (0x410cba93) sltiu   s5, s9, 1040
core   0: 0 0x80007a08 (0x410cba93) x21 0x00000001
core   0: 0x80007a0c (0x0245c333) div     t1, a1, tp
core   0: 0 0x80007a0c (0x0245c333) x6  0x80021e64
core   0: 0x80007a10 (0x00008c5d) c.or    s0, a5
core   0: 0 0x80007a10 (0x8c5d) x8  0x0001f5df
core   0: 0x80007a12 (0x35376513) ori     a0, a4, 851
core   0: 0 0x80007a12 (0x35376513) x10 0xfffe0bfb
core   0: 0x80007a16 (0x00000706) c.slli  a4, 1
core   0: 0 0x80007a16 (0x0706) x14 0xfffc1552
core   0: 0x80007a18 (0x893da493) slti    s1, s11, -1901
core   0: 0 0x80007a18 (0x893da493) x9  0x00000000
core   0: 0x80007a1c (0x0207cc33) div     s8, a5, zero
core   0: 0 0x80007a1c (0x0207cc33) x24 0xffffffff
core   0: 0x80007a20 (0x00008d7d) c.and   a0, a5
core   0: 0 0x80007a20 (0x8d7d) x10 0x00000153
core   0: 0x80007a22 (0x00008c41) c.or    s0, s0
core   0: 0 0x80007a22 (0x8c41) x8  0x0001f5df
core   0: 0x80007a24 (0x762f2317) auipc   t1, 0x762f2
core   0: 0 0x80007a24 (0x762f2317) x6  0xf62f9a24
core   0: 0x80007a28 (0x028c8cb3) mul     s9, s9, s0
core   0: 0 0x80007a28 (0x028c8cb3) x25 0x0001f5df
core   0: 0x80007a2c (0x00000001) c.nop
core   0: 0 0x80007a2c (0x0001)
core   0: 0x80007a2e (0x01a4f433) and     s0, s1, s10
core   0: 0 0x80007a2e (0x01a4f433) x8  0x00000000
core   0: 0x80007a32 (0x00e910b3) sll     ra, s2, a4
core   0: 0 0x80007a32 (0x00e910b3) x1  0x00000000
core   0: 0x80007a36 (0x03705263) bge     zero, s7, pc + 36
core   0: 0 0x80007a36 (0x03705263)
core   0: 0x80007a5a (0x4178d613) srai    a2, a7, 23
core   0: 0 0x80007a5a (0x4178d613) x12 0x00000000
core   0: 0x80007a5e (0x01a8dc13) srli    s8, a7, 26
core   0: 0 0x80007a5e (0x01a8dc13) x24 0x00000000
core   0: 0x80007a62 (0x00008429) c.srai  s0, 10
core   0: 0 0x80007a62 (0x8429) x8  0x00000000
core   0: 0x80007a64 (0x03d06b63) bltu    zero, t4, pc + 54
core   0: 0 0x80007a64 (0x03d06b63)
core   0: 0x80007a9a (0x034f1133) mulh    sp, t5, s4
core   0: 0 0x80007a9a (0x034f1133) x2  0x00000000
core   0: 0x80007a9e (0x0000c011) c.beqz  s0, pc + 4
core   0: 0 0x80007a9e (0xc011)
core   0: 0x80007aa2 (0x020359b3) divu    s3, t1, zero
core   0: 0 0x80007aa2 (0x020359b3) x19 0xffffffff
core   0: 0x80007aa6 (0x00008ced) c.and   s1, a1
core   0: 0 0x80007aa6 (0x8ced) x9  0x00000000
core   0: 0x80007aa8 (0x077d4a13) xori    s4, s10, 119
core   0: 0 0x80007aa8 (0x077d4a13) x20 0x00000077
core   0: 0x80007aac (0x01c85963) bge     a6, t3, pc + 18
core   0: 0 0x80007aac (0x01c85963)
core   0: 0x80007ab0 (0x0000666d) c.lui   a2, 0x1b
core   0: 0 0x80007ab0 (0x666d) x12 0x0001b000
core   0: 0x80007ab2 (0x00008e39) c.xor   a2, a4
core   0: 0 0x80007ab2 (0x8e39) x12 0xfffda552
core   0: 0x80007ab4 (0x00001e7d) c.addi  t3, -1
core   0: 0 0x80007ab4 (0x1e7d) x28 0x66296fff
core   0: 0x80007ab6 (0x0ff0000f) fence   iorw,iorw
core   0: 0 0x80007ab6 (0x0ff0000f)
core   0: 0x80007aba (0x40210233) sub     tp, sp, sp
core   0: 0 0x80007aba (0x40210233) x4  0x00000000
core   0: 0x80007abe (0x00004e45) c.li    t3, 17
core   0: 0 0x80007abe (0x4e45) x28 0x00000011
core   0: 0x80007ac0 (0x4068d233) sra     tp, a7, t1
core   0: 0 0x80007ac0 (0x4068d233) x4  0x00000000
core   0: 0x80007ac4 (0x442bad37) lui     s10, 0x442ba
core   0: 0 0x80007ac4 (0x442bad37) x26 0x442ba000
core   0: 0x80007ac8 (0x00000001) c.nop
core   0: 0 0x80007ac8 (0x0001)
core   0: 0x80007aca (0x03f822b3) mulhsu  t0, a6, t6
core   0: 0 0x80007aca (0x03f822b3) x5  0x00000001
core   0: 0x80007ace (0x00008c7d) c.and   s0, a5
core   0: 0 0x80007ace (0x8c7d) x8  0x00000000
core   0: 0x80007ad0 (0x001b1a63) bne     s6, ra, pc + 20
core   0: 0 0x80007ad0 (0x001b1a63)
core   0: 0x80007ad4 (0x00000001) c.nop
core   0: 0 0x80007ad4 (0x0001)
core   0: 0x80007ad6 (0x00008d7d) c.and   a0, a5
core   0: 0 0x80007ad6 (0x8d7d) x10 0x00000153
core   0: 0x80007ad8 (0x658d4cb7) lui     s9, 0x658d4
core   0: 0 0x80007ad8 (0x658d4cb7) x25 0x658d4000
core   0: 0x80007adc (0x00008b61) c.andi  a4, 24
core   0: 0 0x80007adc (0x8b61) x14 0x00000010
core   0: 0x80007ade (0x000083fd) c.srli  a5, 31
core   0: 0 0x80007ade (0x83fd) x15 0x00000000
core   0: 0x80007ae0 (0xcd15eb93) ori     s7, a1, -815
core   0: 0 0x80007ae0 (0xcd15eb93) x23 0xfffffef5
core   0: 0x80007ae4 (0x00000fd1) c.addi  t6, 20
core   0: 0 0x80007ae4 (0x0fd1) x31 0x0001f014
core   0: 0x80007ae6 (0x0000127d) c.addi  tp, -1
core   0: 0 0x80007ae6 (0x127d) x4  0xffffffff
core   0: 0x80007ae8 (0x00000001) c.nop
core   0: 0 0x80007ae8 (0x0001)
core   0: 0x80007aea (0x00008a2d) c.andi  a2, 11
core   0: 0 0x80007aea (0x8a2d) x12 0x00000002
core   0: 0x80007aec (0x6ed64513) xori    a0, a2, 1773
core   0: 0 0x80007aec (0x6ed64513) x10 0x000006ef
core   0: 0x80007af0 (0x00000b7e) c.slli  s6, 31
core   0: 0 0x80007af0 (0x0b7e) x22 0x00000000
core   0: 0x80007af2 (0x72be8813) addi    a6, t4, 1835
core   0: 0 0x80007af2 (0x72be8813) x16 0x0000072c
core   0: 0x80007af6 (0x00008451) c.srai  s0, 20
core   0: 0 0x80007af6 (0x8451) x8  0x00000000
core   0: 0x80007af8 (0x03dbb1b3) mulhu   gp, s7, t4
core   0: 0 0x80007af8 (0x03dbb1b3) x3  0x00000000
core   0: 0x80007afc (0x4efb0c93) addi    s9, s6, 1263
core   0: 0 0x80007afc (0x4efb0c93) x25 0x000004ef
core   0: 0x80007b00 (0x01ebfd33) and     s10, s7, t5
core   0: 0 0x80007b00 (0x01ebfd33) x26 0x000004e5
core   0: 0x80007b04 (0x0000932e) c.add   t1, a1
core   0: 0 0x80007b04 (0x932e) x6  0x7631b888
core   0: 0x80007b06 (0x005b1113) slli    sp, s6, 5
core   0: 0 0x80007b06 (0x005b1113) x2  0x00000000
core   0: 0x80007b0a (0xe3848b97) auipc   s7, 0xe3848
core   0: 0 0x80007b0a (0xe3848b97) x23 0x6384fb0a
core   0: 0x80007b0e (0x021972b3) remu    t0, s2, ra
core   0: 0 0x80007b0e (0x021972b3) x5  0x00000000
core   0: 0x80007b12 (0x006e02b3) add     t0, t3, t1
core   0: 0 0x80007b12 (0x006e02b3) x5  0x7631b899
core   0: 0x80007b16 (0x40ec5fb3) sra     t6, s8, a4
core   0: 0 0x80007b16 (0x40ec5fb3) x31 0x00000000
core   0: 0x80007b1a (0xb9793e13) sltiu   t3, s2, -1129
core   0: 0 0x80007b1a (0xb9793e13) x28 0x00000001
core   0: 0x80007b1e (0x40978533) sub     a0, a5, s1
core   0: 0 0x80007b1e (0x40978533) x10 0x00000000
core   0: 0x80007b22 (0x01655a93) srli    s5, a0, 22
core   0: 0 0x80007b22 (0x01655a93) x21 0x00000000
core   0: 0x80007b26 (0x00008359) c.srli  a4, 22
core   0: 0 0x80007b26 (0x8359) x14 0x00000000
core   0: 0x80007b28 (0x000081ba) c.mv    gp, a4
core   0: 0 0x80007b28 (0x81ba) x3  0x00000000
core   0: 0x80007b2a (0x01b22733) slt     a4, tp, s11
core   0: 0 0x80007b2a (0x01b22733) x14 0x00000001
core   0: 0x80007b2e (0x00f59933) sll     s2, a1, a5
core   0: 0 0x80007b2e (0x00f59933) x18 0x80021e64
core   0: 0x80007b32 (0x0435e063) bltu    a1, gp, pc + 64
core   0: 0 0x80007b32 (0x0435e063)
core   0: 0x80007b36 (0x02e959b3) divu    s3, s2, a4
core   0: 0 0x80007b36 (0x02e959b3) x19 0x80021e64
core   0: 0x80007b3a (0x014ad733) srl     a4, s5, s4
core   0: 0 0x80007b3a (0x014ad733) x14 0x00000000
core   0: 0x80007b3e (0xcfbb3a93) sltiu   s5, s6, -773
core   0: 0 0x80007b3e (0xcfbb3a93) x21 0x00000001
core   0: 0x80007b42 (0x41005a13) srai    s4, zero, 16
core   0: 0 0x80007b42 (0x41005a13) x20 0x00000000
core   0: 0x80007b46 (0x0000100f) fence.i
core   0: 0 0x80007b46 (0x0000100f)
core   0: 0x80007b4a (0x019adf93) srli    t6, s5, 25
core   0: 0 0x80007b4a (0x019adf93) x31 0x00000000
core   0: 0x80007b4e (0x01375733) srl     a4, a4, s3
core   0: 0 0x80007b4e (0x01375733) x14 0x00000000
core   0: 0x80007b52 (0x00008d25) c.xor   a0, s1
core   0: 0 0x80007b52 (0x8d25) x10 0x00000000
core   0: 0x80007b54 (0x0000100f) fence.i
core   0: 0 0x80007b54 (0x0000100f)
core   0: 0x80007b58 (0xd0331d37) lui     s10, 0xd0331
core   0: 0 0x80007b58 (0xd0331d37) x26 0xd0331000
core   0: 0x80007b5c (0x7ef26293) ori     t0, tp, 2031
core   0: 0 0x80007b5c (0x7ef26293) x5  0xffffffff
core   0: 0x80007b60 (0x00eded33) or      s10, s11, a4
core   0: 0 0x80007b60 (0x00eded33) x26 0x00000000
core   0: 0x80007b64 (0x00004b89) c.li    s7, 2
core   0: 0 0x80007b64 (0x4b89) x23 0x00000002
core   0: 0x80007b66 (0x00ca9b33) sll     s6, s5, a2
core   0: 0 0x80007b66 (0x00ca9b33) x22 0x00000004
core   0: 0x80007b6a (0x39434f97) auipc   t6, 0x39434
core   0: 0 0x80007b6a (0x39434f97) x31 0xb943bb6a
core   0: 0x80007b6e (0x026e4033) div     zero, t3, t1
core   0: 0 0x80007b6e (0x026e4033)
core   0: 0x80007b72 (0x0367bfb3) mulhu   t6, a5, s6
core   0: 0 0x80007b72 (0x0367bfb3) x31 0x00000000
core   0: 0x80007b76 (0x00f1d793) srli    a5, gp, 15
core   0: 0 0x80007b76 (0x00f1d793) x15 0x00000000
core   0: 0x80007b7a (0x03536e63) bltu    t1, s5, pc + 60
core   0: 0 0x80007b7a (0x03536e63)
core   0: 0x80007b7e (0x00008c4e) c.mv    s8, s3
core   0: 0 0x80007b7e (0x8c4e) x24 0x80021e64
core   0: 0x80007b80 (0x00000001) c.nop
core   0: 0 0x80007b80 (0x0001)
core   0: 0x80007b82 (0x00006179) c.addi16sp sp, 464
core   0: 0 0x80007b82 (0x6179) x2  0x000001d0
core   0: 0x80007b84 (0x00009b7d) c.andi  a4, -1
core   0: 0 0x80007b84 (0x9b7d) x14 0x00000000
core   0: 0x80007b86 (0x02df5863) bge     t5, a3, pc + 48
core   0: 0 0x80007b86 (0x02df5863)
core   0: 0x80007bb6 (0x02859963) bne     a1, s0, pc + 50
core   0: 0 0x80007bb6 (0x02859963)
core   0: 0x80007be8 (0x02ceee33) rem     t3, t4, a2
core   0: 0 0x80007be8 (0x02ceee33) x28 0x00000001
core   0: 0x80007bec (0x0314f463) bgeu    s1, a7, pc + 40
core   0: 0 0x80007bec (0x0314f463)
core   0: 0x80007c14 (0x00000885) c.addi  a7, 1
core   0: 0 0x80007c14 (0x0885) x17 0x00000001
core   0: 0x80007c16 (0x00008e45) c.or    a2, s1
core   0: 0 0x80007c16 (0x8e45) x12 0x00000002
core   0: 0x80007c18 (0x039e5c33) divu    s8, t3, s9
core   0: 0 0x80007c18 (0x039e5c33) x24 0x00000000
core   0: 0x80007c1c (0x00008f71) c.and   a4, a2
core   0: 0 0x80007c1c (0x8f71) x14 0x00000000
core   0: 0x80007c1e (0x00000001) c.nop
core   0: 0 0x80007c1e (0x0001)
core   0: 0x80007c20 (0x039af963) bgeu    s5, s9, pc + 50
core   0: 0 0x80007c20 (0x039af963)
core   0: 0x80007c24 (0x0000187d) c.addi  a6, -1
core   0: 0 0x80007c24 (0x187d) x16 0x0000072b
core   0: 0x80007c26 (0x01de5b93) srli    s7, t3, 29
core   0: 0 0x80007c26 (0x01de5b93) x23 0x00000000
core   0: 0x80007c2a (0x03338533) mul     a0, t2, s3
core   0: 0 0x80007c2a (0x03338533) x10 0x00000000
core   0: 0x80007c2e (0x0062e933) or      s2, t0, t1
core   0: 0 0x80007c2e (0x0062e933) x18 0xffffffff
core   0: 0x80007c32 (0x01f41a63) bne     s0, t6, pc + 20
core   0: 0 0x80007c32 (0x01f41a63)
core   0: 0x80007c36 (0x00008f09) c.sub   a4, a0
core   0: 0 0x80007c36 (0x8f09) x14 0x00000000
core   0: 0x80007c38 (0x00005afd) c.li    s5, -1
core   0: 0 0x80007c38 (0x5afd) x21 0xffffffff
core   0: 0x80007c3a (0x416bdd33) sra     s10, s7, s6
core   0: 0 0x80007c3a (0x416bdd33) x26 0x00000000
core   0: 0x80007c3e (0x01159013) slli    zero, a1, 17
core   0: 0 0x80007c3e (0x01159013)
core   0: 0x80007c42 (0x00006d95) c.lui   s11, 0x5
core   0: 0 0x80007c42 (0x6d95) x27 0x00005000
core   0: 0x80007c44 (0x00000001) c.nop
core   0: 0 0x80007c44 (0x0001)
core   0: 0x80007c46 (0x00008415) c.srai  s0, 5
core   0: 0 0x80007c46 (0x8415) x8  0x00000000
core   0: 0x80007c48 (0x04df9163) bne     t6, a3, pc + 66
core   0: 0 0x80007c48 (0x04df9163)
core   0: 0x80007c8a (0x00008ff9) c.and   a5, a4
core   0: 0 0x80007c8a (0x8ff9) x15 0x00000000
core   0: 0x80007c8c (0x0363adb3) mulhsu  s11, t2, s6
core   0: 0 0x80007c8c (0x0363adb3) x27 0x00000000
core   0: 0x80007c90 (0x02ea9e63) bne     s5, a4, pc + 60
core   0: 0 0x80007c90 (0x02ea9e63)
core   0: 0x80007ccc (0x01c6fe33) and     t3, a3, t3
core   0: 0 0x80007ccc (0x01c6fe33) x28 0x00000000
core   0: 0x80007cd0 (0x0000717d) c.addi16sp sp, -16
core   0: 0 0x80007cd0 (0x717d) x2  0x000001c0
core   0: 0x80007cd2 (0x01c36933) or      s2, t1, t3
core   0: 0 0x80007cd2 (0x01c36933) x18 0x7631b888
core   0: 0x80007cd6 (0x009d2cb3) slt     s9, s10, s1
core   0: 0 0x80007cd6 (0x009d2cb3) x25 0x00000000
core   0: 0x80007cda (0x01e674b3) and     s1, a2, t5
core   0: 0 0x80007cda (0x01e674b3) x9  0x00000000
core   0: 0x80007cde (0x00006a59) c.lui   s4, 0x16
core   0: 0 0x80007cde (0x6a59) x20 0x00016000
core   0: 0x80007ce0 (0x02491d33) mulh    s10, s2, tp
core   0: 0 0x80007ce0 (0x02491d33) x26 0xffffffff
core   0: 0x80007ce4 (0x037028b3) mulhsu  a7, zero, s7
core   0: 0 0x80007ce4 (0x037028b3) x17 0x00000000
core   0: 0x80007ce8 (0x00008e25) c.xor   a2, s1
core   0: 0 0x80007ce8 (0x8e25) x12 0x00000002
core   0: 0x80007cea (0x0000647d) c.lui   s0, 0x1f
core   0: 0 0x80007cea (0x647d) x8  0x0001f000
core   0: 0x80007cec (0x00008ec6) c.mv    t4, a7
core   0: 0 0x80007cec (0x8ec6) x29 0x00000000
core   0: 0x80007cee (0x00008cd9) c.or    s1, a4
core   0: 0 0x80007cee (0x8cd9) x9  0x00000000
core   0: 0x80007cf0 (0x00000001) c.nop
core   0: 0 0x80007cf0 (0x0001)
core   0: 0x80007cf2 (0x03ec1233) mulh    tp, s8, t5
core   0: 0 0x80007cf2 (0x03ec1233) x4  0x00000000
core   0: 0x80007cf6 (0x00008e5d) c.or    a2, a5
core   0: 0 0x80007cf6 (0x8e5d) x12 0x00000002
core   0: 0x80007cf8 (0x00000001) c.nop
core   0: 0 0x80007cf8 (0x0001)
core   0: 0x80007cfa (0x00008d31) c.xor   a0, a2
core   0: 0 0x80007cfa (0x8d31) x10 0x00000002
core   0: 0x80007cfc (0x0cceff93) andi    t6, t4, 204
core   0: 0 0x80007cfc (0x0cceff93) x31 0x00000000
core   0: 0x80007d00 (0x0e28c813) xori    a6, a7, 226
core   0: 0 0x80007d00 (0x0e28c813) x16 0x000000e2
core   0: 0x80007d04 (0xbd60ac13) slti    s8, ra, -1066
core   0: 0 0x80007d04 (0xbd60ac13) x24 0x00000000
core   0: 0x80007d08 (0x0311b033) mulhu   zero, gp, a7
core   0: 0 0x80007d08 (0x0311b033)
core   0: 0x80007d0c (0x00c98b33) add     s6, s3, a2
core   0: 0 0x80007d0c (0x00c98b33) x22 0x80021e66
core   0: 0x80007d10 (0x035afc33) remu    s8, s5, s5
core   0: 0 0x80007d10 (0x035afc33) x24 0x00000000
core   0: 0x80007d14 (0x38aa3d93) sltiu   s11, s4, 906
core   0: 0 0x80007d14 (0x38aa3d93) x27 0x00000000
core   0: 0x80007d18 (0x018d2a33) slt     s4, s10, s8
core   0: 0 0x80007d18 (0x018d2a33) x20 0x00000001
core   0: 0x80007d1c (0x0000100f) fence.i
core   0: 0 0x80007d1c (0x0000100f)
core   0: 0x80007d20 (0x00008bb5) c.andi  a5, 13
core   0: 0 0x80007d20 (0x8bb5) x15 0x00000000
core   0: 0x80007d22 (0x00008ff9) c.and   a5, a4
core   0: 0 0x80007d22 (0x8ff9) x15 0x00000000
core   0: 0x80007d24 (0x02c68163) beq     a3, a2, pc + 34
core   0: 0 0x80007d24 (0x02c68163)
core   0: 0x80007d28 (0x00000cde) c.slli  s9, 23
core   0: 0 0x80007d28 (0x0cde) x25 0x00000000
core   0: 0x80007d2a (0x9b345bb7) lui     s7, 0x9b345
core   0: 0 0x80007d2a (0x9b345bb7) x23 0x9b345000
core   0: 0x80007d2e (0x00000c3d) c.addi  s8, 15
core   0: 0 0x80007d2e (0x0c3d) x24 0x0000000f
core   0: 0x80007d30 (0x00000e18) c.addi4spn a4, sp, 784
core   0: 0 0x80007d30 (0x0e18) x14 0x000004d0
core   0: 0x80007d32 (0x01818fb3) add     t6, gp, s8
core   0: 0 0x80007d32 (0x01818fb3) x31 0x0000000f
core   0: 0x80007d36 (0x004241b3) xor     gp, tp, tp
core   0: 0 0x80007d36 (0x004241b3) x3  0x00000000
core   0: 0x80007d3a (0x00008ede) c.mv    t4, s7
core   0: 0 0x80007d3a (0x8ede) x29 0x9b345000
core   0: 0x80007d3c (0x03cd21b3) mulhsu  gp, s10, t3
core   0: 0 0x80007d3c (0x03cd21b3) x3  0x00000000
core   0: 0x80007d40 (0x03d66033) rem     zero, a2, t4
core   0: 0 0x80007d40 (0x03d66033)
core   0: 0x80007d44 (0x00009b7d) c.andi  a4, -1
core   0: 0 0x80007d44 (0x9b7d) x14 0x000004d0
core   0: 0x80007d46 (0x0212df33) divu    t5, t0, ra
core   0: 0 0x80007d46 (0x0212df33) x30 0xffffffff
core   0: 0x80007d4a (0x00006405) c.lui   s0, 0x1
core   0: 0 0x80007d4a (0x6405) x8  0x00001000
core   0: 0x80007d4c (0x00008e61) c.and   a2, s0
core   0: 0 0x80007d4c (0x8e61) x12 0x00000000
core   0: 0x80007d4e (0x03cc84b3) mul     s1, s9, t3
core   0: 0 0x80007d4e (0x03cc84b3) x9  0x00000000
core   0: 0x80007d52 (0x0129d733) srl     a4, s3, s2
core   0: 0 0x80007d52 (0x0129d733) x14 0x0080021e
core   0: 0x80007d56 (0x03248e33) mul     t3, s1, s2
core   0: 0 0x80007d56 (0x03248e33) x28 0x00000000
core   0: 0x80007d5a (0x0ff0000f) fence   iorw,iorw
core   0: 0 0x80007d5a (0x0ff0000f)
core   0: 0x80007d5e (0x03509633) mulh    a2, ra, s5
core   0: 0 0x80007d5e (0x03509633) x12 0x00000000
core   0: 0x80007d62 (0x0291df33) divu    t5, gp, s1
core   0: 0 0x80007d62 (0x0291df33) x30 0xffffffff
core   0: 0x80007d66 (0x02db5663) bge     s6, a3, pc + 44
core   0: 0 0x80007d66 (0x02db5663)
core   0: 0x80007d6a (0x00001afd) c.addi  s5, -1
core   0: 0 0x80007d6a (0x1afd) x21 0xfffffffe
core   0: 0x80007d6c (0x000087b5) c.srai  a5, 13
core   0: 0 0x80007d6c (0x87b5) x15 0x00000000
core   0: 0x80007d6e (0x0301edb3) rem     s11, gp, a6
core   0: 0 0x80007d6e (0x0301edb3) x27 0x00000000
core   0: 0x80007d72 (0x0000876e) c.mv    a4, s11
core   0: 0 0x80007d72 (0x876e) x14 0x00000000
core   0: 0x80007d74 (0x008aa033) slt     zero, s5, s0
core   0: 0 0x80007d74 (0x008aa033)
core   0: 0x80007d78 (0x4add3093) sltiu   ra, s10, 1197
core   0: 0 0x80007d78 (0x4add3093) x1  0x00000000
core   0: 0x80007d7c (0x000087bd) c.srai  a5, 15
core   0: 0 0x80007d7c (0x87bd) x15 0x00000000
core   0: 0x80007d7e (0x00000001) c.nop
core   0: 0 0x80007d7e (0x0001)
core   0: 0x80007d80 (0x00000d80) c.addi4spn s0, sp, 720
core   0: 0 0x80007d80 (0x0d80) x8  0x00000490
core   0: 0x80007d82 (0x0000c50d) c.beqz  a0, pc + 42
core   0: 0 0x80007d82 (0xc50d)
core   0: 0x80007d84 (0x0000717d) c.addi16sp sp, -16
core   0: 0 0x80007d84 (0x717d) x2  0x000001b0
core   0: 0x80007d86 (0x0000e01d) c.bnez  s0, pc + 38
core   0: 0 0x80007d86 (0xe01d)
core   0: 0x80007dac (0x41595493) srai    s1, s2, 21
core   0: 0 0x80007dac (0x41595493) x9  0x000003b1
core   0: 0x80007db0 (0x00027733) and     a4, tp, zero
core   0: 0 0x80007db0 (0x00027733) x14 0x00000000
core   0: 0x80007db4 (0x00008c39) c.xor   s0, a4
core   0: 0 0x80007db4 (0x8c39) x8  0x00000490
core   0: 0x80007db6 (0x036b1e33) mulh    t3, s6, s6
core   0: 0 0x80007db6 (0x036b1e33) x28 0x3ffde19e
core   0: 0x80007dba (0x0000c131) c.beqz  a0, pc + 68
core   0: 0 0x80007dba (0xc131)
core   0: 0x80007dbc (0x01cf6663) bltu    t5, t3, pc + 12
core   0: 0 0x80007dbc (0x01cf6663)
core   0: 0x80007dc0 (0x03e86a33) rem     s4, a6, t5
core   0: 0 0x80007dc0 (0x03e86a33) x20 0x00000000
core   0: 0x80007dc4 (0x00000c6e) c.slli  s8, 27
core   0: 0 0x80007dc4 (0x0c6e) x24 0x78000000
core   0: 0x80007dc6 (0x00006109) c.addi16sp sp, 128
core   0: 0 0x80007dc6 (0x6109) x2  0x00000230
core   0: 0x80007dc8 (0x407b0f33) sub     t5, s6, t2
core   0: 0 0x80007dc8 (0x407b0f33) x30 0x80021e66
core   0: 0x80007dcc (0x058aa293) slti    t0, s5, 88
core   0: 0 0x80007dcc (0x058aa293) x5  0x00000001
core   0: 0x80007dd0 (0x03add4b3) divu    s1, s11, s10
core   0: 0 0x80007dd0 (0x03add4b3) x9  0x00000000
core   0: 0x80007dd4 (0x0000100f) fence.i
core   0: 0 0x80007dd4 (0x0000100f)
core   0: 0x80007dd8 (0x21b44e13) xori    t3, s0, 539
core   0: 0 0x80007dd8 (0x21b44e13) x28 0x0000068b
core   0: 0x80007ddc (0x031c67b3) rem     a5, s8, a7
core   0: 0 0x80007ddc (0x031c67b3) x15 0x78000000
core   0: 0x80007de0 (0x0ff0000f) fence   iorw,iorw
core   0: 0 0x80007de0 (0x0ff0000f)
core   0: 0x80007de4 (0x01961d63) bne     a2, s9, pc + 26
core   0: 0 0x80007de4 (0x01961d63)
core   0: 0x80007de8 (0x00ad9b33) sll     s6, s11, a0
core   0: 0 0x80007de8 (0x00ad9b33) x22 0x00000000
core   0: 0x80007dec (0x4e8cea93) ori     s5, s9, 1256
core   0: 0 0x80007dec (0x4e8cea93) x21 0x000004e8
core   0: 0x80007df0 (0x00008c9a) c.mv    s9, t1
core   0: 0 0x80007df0 (0x8c9a) x25 0x7631b888
core   0: 0x80007df2 (0x0238d963) bge     a7, gp, pc + 50
core   0: 0 0x80007df2 (0x0238d963)
core   0: 0x80007e24 (0x00032733) slt     a4, t1, zero
core   0: 0 0x80007e24 (0x00032733) x14 0x00000000
core   0: 0x80007e28 (0x02720e63) beq     tp, t2, pc + 60
core   0: 0 0x80007e28 (0x02720e63)
core   0: 0x80007e64 (0x00000001) c.nop
core   0: 0 0x80007e64 (0x0001)
core   0: 0x80007e66 (0x000098fd) c.andi  s1, -1
core   0: 0 0x80007e66 (0x98fd) x9  0x00000000
core   0: 0x80007e68 (0x000097ea) c.add   a5, s10
core   0: 0 0x80007e68 (0x97ea) x15 0x77ffffff
core   0: 0x80007e6a (0x0253b1b3) mulhu   gp, t2, t0
core   0: 0 0x80007e6a (0x0253b1b3) x3  0x00000000
core   0: 0x80007e6e (0x00006419) c.lui   s0, 0x6
core   0: 0 0x80007e6e (0x6419) x8  0x00006000
core   0: 0x80007e70 (0x0285b4b3) mulhu   s1, a1, s0
core   0: 0 0x80007e70 (0x0285b4b3) x9  0x00003000
core   0: 0x80007e74 (0x00717233) and     tp, sp, t2
core   0: 0 0x80007e74 (0x00717233) x4  0x00000000
core   0: 0x80007e78 (0x034808b3) mul     a7, a6, s4
core   0: 0 0x80007e78 (0x034808b3) x17 0x00000000
core   0: 0x80007e7c (0xbfeec313) xori    t1, t4, -1026
core   0: 0 0x80007e7c (0xbfeec313) x6  0x64cbabfe
core   0: 0x80007e80 (0x00000d2d) c.addi  s10, 11
core   0: 0 0x80007e80 (0x0d2d) x26 0x0000000a
core   0: 0x80007e82 (0x04376063) bltu    a4, gp, pc + 64
core   0: 0 0x80007e82 (0x04376063)
core   0: 0x80007e86 (0xd87b7317) auipc   t1, 0xd87b7
core   0: 0 0x80007e86 (0xd87b7317) x6  0x587bee86
core   0: 0x80007e8a (0x03cde133) rem     sp, s11, t3
core   0: 0 0x80007e8a (0x03cde133) x2  0x00000000
core   0: 0x80007e8e (0x00008e49) c.or    a2, a0
core   0: 0 0x80007e8e (0x8e49) x12 0x00000002
core   0: 0x80007e90 (0x01a971b3) and     gp, s2, s10
core   0: 0 0x80007e90 (0x01a971b3) x3  0x00000008
core   0: 0x80007e94 (0x00ce81b3) add     gp, t4, a2
core   0: 0 0x80007e94 (0x00ce81b3) x3  0x9b345002
core   0: 0x80007e98 (0x402f5d33) sra     s10, t5, sp
core   0: 0 0x80007e98 (0x402f5d33) x26 0x80021e66
core   0: 0x80007e9c (0x00000488) c.addi4spn a0, sp, 576
core   0: 0 0x80007e9c (0x0488) x10 0x00000240
core   0: 0x80007e9e (0x00adfc63) bgeu    s11, a0, pc + 24
core   0: 0 0x80007e9e (0x00adfc63)
core   0: 0x80007ea2 (0x03e4ccb3) div     s9, s1, t5
core   0: 0 0x80007ea2 (0x03e4ccb3) x25 0x00000000
core   0: 0x80007ea6 (0x01a28d63) beq     t0, s10, pc + 26
core   0: 0 0x80007ea6 (0x01a28d63)
core   0: 0x80007eaa (0x005f21b3) slt     gp, t5, t0
core   0: 0 0x80007eaa (0x005f21b3) x3  0x00000001
core   0: 0x80007eae (0x03048633) mul     a2, s1, a6
core   0: 0 0x80007eae (0x03048633) x12 0x002a6000
core   0: 0x80007eb2 (0x01f65913) srli    s2, a2, 31
core   0: 0 0x80007eb2 (0x01f65913) x18 0x00000000
core   0: 0x80007eb6 (0xd6bf1297) auipc   t0, 0xd6bf1
core   0: 0 0x80007eb6 (0xd6bf1297) x5  0x56bf8eb6
core   0: 0x80007eba (0x02551cb3) mulh    s9, a0, t0
core   0: 0 0x80007eba (0x02551cb3) x25 0x000000c3
core   0: 0x80007ebe (0x00008ca5) c.xor   s1, s1
core   0: 0 0x80007ebe (0x8ca5) x9  0x00000000
core   0: 0x80007ec0 (0x00001000) c.addi4spn s0, sp, 32
core   0: 0 0x80007ec0 (0x1000) x8  0x00000020
core   0: 0x80007ec2 (0x00008ced) c.and   s1, a1
core   0: 0 0x80007ec2 (0x8ced) x9  0x00000000
core   0: 0x80007ec4 (0x02e1e4b3) rem     s1, gp, a4
core   0: 0 0x80007ec4 (0x02e1e4b3) x9  0x00000001
core   0: 0x80007ec8 (0x0ff0000f) fence   iorw,iorw
core   0: 0 0x80007ec8 (0x0ff0000f)
core   0: 0x80007ecc (0x00009412) c.add   s0, tp
core   0: 0 0x80007ecc (0x9412) x8  0x00000020
core   0: 0x80007ece (0x03310bb3) mul     s7, sp, s3
core   0: 0 0x80007ece (0x03310bb3) x23 0x00000000
core   0: 0x80007ed2 (0xebb7b313) sltiu   t1, a5, -325
core   0: 0 0x80007ed2 (0xebb7b313) x6  0x00000001
core   0: 0x80007ed6 (0x00006499) c.lui   s1, 0x6
core   0: 0 0x80007ed6 (0x6499) x9  0x00006000
core   0: 0x80007ed8 (0x4123d933) sra     s2, t2, s2
core   0: 0 0x80007ed8 (0x4123d933) x18 0x00000000
core   0: 0x80007edc (0x405087b3) sub     a5, ra, t0
core   0: 0 0x80007edc (0x405087b3) x15 0xa940714a
core   0: 0x80007ee0 (0x023541b3) div     gp, a0, gp
core   0: 0 0x80007ee0 (0x023541b3) x3  0x00000240
core   0: 0x80007ee4 (0x006add93) srli    s11, s5, 6
core   0: 0 0x80007ee4 (0x006add93) x27 0x00000013
core   0: 0x80007ee8 (0x003f9a13) slli    s4, t6, 3
core   0: 0 0x80007ee8 (0x003f9a13) x20 0x00000078
core   0: 0x80007eec (0x40bc57b3) sra     a5, s8, a1
core   0: 0 0x80007eec (0x40bc57b3) x15 0x07800000
core   0: 0x80007ef0 (0x02f6d033) divu    zero, a3, a5
core   0: 0 0x80007ef0 (0x02f6d033)
core   0: 0x80007ef4 (0x6876a313) slti    t1, a3, 1671
core   0: 0 0x80007ef4 (0x6876a313) x6  0x00000001
core   0: 0x80007ef8 (0x5cf13c93) sltiu   s9, sp, 1487
core   0: 0 0x80007ef8 (0x5cf13c93) x25 0x00000001
core   0: 0x80007efc (0x4156d433) sra     s0, a3, s5
core   0: 0 0x80007efc (0x4156d433) x8  0xff80025c
core   0: 0x80007f00 (0x40c00333) sub     t1, zero, a2
core   0: 0 0x80007f00 (0x40c00333) x6  0xffd5a000
core   0: 0x80007f04 (0x01d6b1b3) sltu    gp, a3, t4
core   0: 0 0x80007f04 (0x01d6b1b3) x3  0x00000001
core   0: 0x80007f08 (0x03620033) mul     zero, tp, s6
core   0: 0 0x80007f08 (0x03620033)
core   0: 0x80007f0c (0x00bd72b3) and     t0, s10, a1
core   0: 0 0x80007f0c (0x00bd72b3) x5  0x80021e64
core   0: 0x80007f10 (0x0229c863) blt     s3, sp, pc + 48
core   0: 0 0x80007f10 (0x0229c863)
core   0: 0x80007f40 (0x0367f733) remu    a4, a5, s6
core   0: 0 0x80007f40 (0x0367f733) x14 0x07800000
core   0: 0x80007f44 (0x0ff0000f) fence   iorw,iorw
core   0: 0 0x80007f44 (0x0ff0000f)
core   0: 0x80007f48 (0x013d9913) slli    s2, s11, 19
core   0: 0 0x80007f48 (0x013d9913) x18 0x00980000
core   0: 0x80007f4c (0x02cd28b3) mulhsu  a7, s10, a2
core   0: 0 0x80007f4c (0x02cd28b3) x17 0xffead059
core   0: 0x80007f50 (0x00008221) c.srli  a2, 8
core   0: 0 0x80007f50 (0x8221) x12 0x00002a60
core   0: 0x80007f52 (0x0ff0000f) fence   iorw,iorw
core   0: 0 0x80007f52 (0x0ff0000f)
core   0: 0x80007f56 (0x0001e333) or      t1, gp, zero
core   0: 0 0x80007f56 (0x0001e333) x6  0x00000001
core   0: 0x80007f5a (0x03b14e33) div     t3, sp, s11
core   0: 0 0x80007f5a (0x03b14e33) x28 0x00000000
core   0: 0x80007f5e (0x40400133) sub     sp, zero, tp
core   0: 0 0x80007f5e (0x40400133) x2  0x00000000
core   0: 0x80007f62 (0x0000100f) fence.i
core   0: 0 0x80007f62 (0x0000100f)
core   0: 0x80007f66 (0x036c1d63) bne     s8, s6, pc + 58
core   0: 0 0x80007f66 (0x036c1d63)
core   0: 0x80007fa0 (0x00008fd5) c.or    a5, a3
core   0: 0 0x80007fa0 (0x8fd5) x15 0x87825ce4
core   0: 0x80007fa2 (0x026cf733) remu    a4, s9, t1
core   0: 0 0x80007fa2 (0x026cf733) x14 0x00000000
core   0: 0x80007fa6 (0x00000001) c.nop
core   0: 0 0x80007fa6 (0x0001)
core   0: 0x80007fa8 (0x0220a733) mulhsu  a4, ra, sp
core   0: 0 0x80007fa8 (0x0220a733) x14 0x00000000
core   0: 0x80007fac (0x40f158b3) sra     a7, sp, a5
core   0: 0 0x80007fac (0x40f158b3) x17 0x00000000
core   0: 0x80007fb0 (0x00008715) c.srai  a4, 5
core   0: 0 0x80007fb0 (0x8715) x14 0x00000000
core   0: 0x80007fb2 (0x5b670b93) addi    s7, a4, 1462
core   0: 0 0x80007fb2 (0x5b670b93) x23 0x000005b6
core   0: 0x80007fb6 (0x013037b3) snez    a5, s3
core   0: 0 0x80007fb6 (0x013037b3) x15 0x00000001
core   0: 0x80007fba (0x2fd52f13) slti    t5, a0, 765
core   0: 0 0x80007fba (0x2fd52f13) x30 0x00000001
core   0: 0x80007fbe (0x02426c63) bltu    tp, tp, pc + 56
core   0: 0 0x80007fbe (0x02426c63)
core   0: 0x80007fc2 (0xa4900713) li      a4, -1463
core   0: 0 0x80007fc2 (0xa4900713) x14 0xfffffa49
core   0: 0x80007fc6 (0x00008279) c.srli  a2, 30
core   0: 0 0x80007fc6 (0x8279) x12 0x00000000
core   0: 0x80007fc8 (0x0000537d) c.li    t1, -1
core   0: 0 0x80007fc8 (0x537d) x6  0xffffffff
core   0: 0x80007fca (0x00742f33) slt     t5, s0, t2
core   0: 0 0x80007fca (0x00742f33) x30 0x00000001
core   0: 0x80007fce (0x00000a84) c.addi4spn s1, sp, 336
core   0: 0 0x80007fce (0x0a84) x9  0x00000150
core   0: 0x80007fd0 (0x00006135) c.addi16sp sp, 352
core   0: 0 0x80007fd0 (0x6135) x2  0x00000160
core   0: 0x80007fd2 (0x01b53bb3) sltu    s7, a0, s11
core   0: 0 0x80007fd2 (0x01b53bb3) x23 0x00000000
core   0: 0x80007fd6 (0x000dc7b3) xor     a5, s11, zero
core   0: 0 0x80007fd6 (0x000dc7b3) x15 0x00000013
core   0: 0x80007fda (0x0ff0000f) fence   iorw,iorw
core   0: 0 0x80007fda (0x0ff0000f)
core   0: 0x80007fde (0x4018d933) sra     s2, a7, ra
core   0: 0 0x80007fde (0x4018d933) x18 0x00000000
core   0: 0x80007fe2 (0x1e5cce93) xori    t4, s9, 485
core   0: 0 0x80007fe2 (0x1e5cce93) x29 0x000001e4
core   0: 0x80007fe6 (0x8b252a93) slti    s5, a0, -1870
core   0: 0 0x80007fe6 (0x8b252a93) x21 0x00000000
core   0: 0x80007fea (0x03b01063) bne     zero, s11, pc + 32
core   0: 0 0x80007fea (0x03b01063)
core   0: 0x8000800a (0x02404363) blt     zero, tp, pc + 38
core   0: 0 0x8000800a (0x02404363)
core   0: 0x8000800e (0x00008531) c.srai  a0, 12
core   0: 0 0x8000800e (0x8531) x10 0x00000000
core   0: 0x80008010 (0x00008e79) c.and   a2, a4
core   0: 0 0x80008010 (0x8e79) x12 0x00000000
core   0: 0x80008012 (0x02554633) div     a2, a0, t0
core   0: 0 0x80008012 (0x02554633) x12 0x00000000
core   0: 0x80008016 (0x00001b98) c.addi4spn a4, sp, 496
core   0: 0 0x80008016 (0x1b98) x14 0x00000350
core   0: 0x80008018 (0x000011fd) c.addi  gp, -1
core   0: 0 0x80008018 (0x11fd) x3  0x00000000
core   0: 0x8000801a (0x00000e7a) c.slli  t3, 30
core   0: 0 0x8000801a (0x0e7a) x28 0x00000000
core   0: 0x8000801c (0xa2453993) sltiu   s3, a0, -1500
core   0: 0 0x8000801c (0xa2453993) x19 0x00000001
core   0: 0x80008020 (0xf8998317) auipc   t1, 0xf8998
core   0: 0 0x80008020 (0xf8998317) x6  0x789a0020
core   0: 0x80008024 (0x01b50633) add     a2, a0, s11
core   0: 0 0x80008024 (0x01b50633) x12 0x00000013
core   0: 0x80008028 (0x00008045) c.srli  s0, 17
core   0: 0 0x80008028 (0x8045) x8  0x00007fc0
core   0: 0x8000802a (0x00001708) c.addi4spn a0, sp, 928
core   0: 0 0x8000802a (0x1708) x10 0x00000500
core   0: 0x8000802c (0x01ce8a93) addi    s5, t4, 28
core   0: 0 0x8000802c (0x01ce8a93) x21 0x00000200
core   0: 0x80008030 (0x00000001) c.nop
core   0: 0 0x80008030 (0x0001)
core   0: 0x80008032 (0x034b8cb3) mul     s9, s7, s4
core   0: 0 0x80008032 (0x034b8cb3) x25 0x00000000
core   0: 0x80008036 (0x00008e0d) c.sub   a2, a1
core   0: 0 0x80008036 (0x8e0d) x12 0x7ffde1af
core   0: 0x80008038 (0x0000987d) c.andi  s0, -1
core   0: 0 0x80008038 (0x987d) x8  0x00007fc0
core   0: 0x8000803a (0x0246dfb3) divu    t6, a3, tp
core   0: 0 0x8000803a (0x0246dfb3) x31 0xffffffff
core   0: 0x8000803e (0x01019b63) bne     gp, a6, pc + 22
core   0: 0 0x8000803e (0x01019b63)
core   0: 0x80008054 (0x4c3cc0b7) lui     ra, 0x4c3cc
core   0: 0 0x80008054 (0x4c3cc0b7) x1  0x4c3cc000
core   0: 0x80008058 (0x4586f513) andi    a0, a3, 1112
core   0: 0 0x80008058 (0x4586f513) x10 0x00000440
core   0: 0x8000805c (0x03416733) rem     a4, sp, s4
core   0: 0 0x8000805c (0x03416733) x14 0x00000070
core   0: 0x80008060 (0x018edb93) srli    s7, t4, 24
core   0: 0 0x80008060 (0x018edb93) x23 0x00000000
core   0: 0x80008064 (0x019941b3) xor     gp, s2, s9
core   0: 0 0x80008064 (0x019941b3) x3  0x00000000
core   0: 0x80008068 (0x00008cbd) c.xor   s1, a5
core   0: 0 0x80008068 (0x8cbd) x9  0x00000143
core   0: 0x8000806a (0x0020c533) xor     a0, ra, sp
core   0: 0 0x8000806a (0x0020c533) x10 0x4c3cc160
core   0: 0x8000806e (0x0000100f) fence.i
core   0: 0 0x8000806e (0x0000100f)
core   0: 0x80008072 (0x00008f19) c.sub   a4, a4
core   0: 0 0x80008072 (0x8f19) x14 0x00000000
core   0: 0x80008074 (0xbe2f0b17) auipc   s6, 0xbe2f0
core   0: 0 0x80008074 (0xbe2f0b17) x22 0x3e2f8074
core   0: 0x80008078 (0x008722b3) slt     t0, a4, s0
core   0: 0 0x80008078 (0x008722b3) x5  0x00000001
core   0: 0x8000807c (0x0000ca15) c.beqz  a2, pc + 52
core   0: 0 0x8000807c (0xca15)
core   0: 0x8000807e (0xb9f04793) xori    a5, zero, -1121
core   0: 0 0x8000807e (0xb9f04793) x15 0xfffffb9f
core   0: 0x80008082 (0x0000836d) c.srli  a4, 27
core   0: 0 0x80008082 (0x836d) x14 0x00000000
core   0: 0x80008084 (0x000084be) c.mv    s1, a5
core   0: 0 0x80008084 (0x84be) x9  0xfffffb9f
core   0: 0x80008086 (0x00f0ac33) slt     s8, ra, a5
core   0: 0 0x80008086 (0x00f0ac33) x24 0x00000000
core   0: 0x8000808a (0x01354733) xor     a4, a0, s3
core   0: 0 0x8000808a (0x01354733) x14 0x4c3cc161
core   0: 0x8000808e (0x0272ae33) mulhsu  t3, t0, t2
core   0: 0 0x8000808e (0x0272ae33) x28 0x00000000
core   0: 0x80008092 (0x00000ed9) c.addi  t4, 22
core   0: 0 0x80008092 (0x0ed9) x29 0x000001fa
core   0: 0x80008094 (0x017d1f33) sll     t5, s10, s7
core   0: 0 0x80008094 (0x017d1f33) x30 0x80021e66
core   0: 0x80008098 (0x016fb9b3) sltu    s3, t6, s6
core   0: 0 0x80008098 (0x016fb9b3) x19 0x00000000
core   0: 0x8000809c (0x00b15e13) srli    t3, sp, 11
core   0: 0 0x8000809c (0x00b15e13) x28 0x00000000
core   0: 0x800080a0 (0x017a6db3) or      s11, s4, s7
core   0: 0 0x800080a0 (0x017a6db3) x27 0x00000078
core   0: 0x800080a4 (0x00000001) c.nop
core   0: 0 0x800080a4 (0x0001)
core   0: 0x800080a6 (0x8c21a113) slti    sp, gp, -1854
core   0: 0 0x800080a6 (0x8c21a113) x2  0x00000000
core   0: 0x800080aa (0x00008629) c.srai  a2, 10
core   0: 0 0x800080aa (0x8629) x12 0x001fff78
core   0: 0x800080ac (0x00008c5e) c.mv    s8, s7
core   0: 0 0x800080ac (0x8c5e) x24 0x00000000
core   0: 0x800080ae (0x00000001) c.nop
core   0: 0 0x800080ae (0x0001)
core   0: 0x800080b0 (0x03316763) bltu    sp, s3, pc + 46
core   0: 0 0x800080b0 (0x03316763)
core   0: 0x800080b4 (0x00000e98) c.addi4spn a4, sp, 848
core   0: 0 0x800080b4 (0x0e98) x14 0x00000350
core   0: 0x800080b6 (0x00610d33) add     s10, sp, t1
core   0: 0 0x800080b6 (0x00610d33) x26 0x789a0020
core   0: 0x800080ba (0x00006111) c.addi16sp sp, 256
core   0: 0 0x800080ba (0x6111) x2  0x00000100
core   0: 0x800080bc (0x039b1a63) bne     s6, s9, pc + 52
core   0: 0 0x800080bc (0x039b1a63)
core   0: 0x800080f0 (0x0054e763) bltu    s1, t0, pc + 14
core   0: 0 0x800080f0 (0x0054e763)
core   0: 0x800080f4 (0x0121f2b3) and     t0, gp, s2
core   0: 0 0x800080f4 (0x0121f2b3) x5  0x00000000
core   0: 0x800080f8 (0x00008f09) c.sub   a4, a0
core   0: 0 0x800080f8 (0x8f09) x14 0xb3c341f0
core   0: 0x800080fa (0x01c3d133) srl     sp, t2, t3
core   0: 0 0x800080fa (0x01c3d133) x2  0x00000000
core   0: 0x800080fe (0x00140c63) beq     s0, ra, pc + 24
core   0: 0 0x800080fe (0x00140c63)
core   0: 0x80008102 (0xb8f43813) sltiu   a6, s0, -1137
core   0: 0 0x80008102 (0xb8f43813) x16 0x00000001
core   0: 0x80008106 (0x00dd81b3) add     gp, s11, a3
core   0: 0 0x80008106 (0x00dd81b3) x3  0x80025d5c
core   0: 0x8000810a (0x038aca63) blt     s5, s8, pc + 52
core   0: 0 0x8000810a (0x038aca63)
core   0: 0x8000810e (0x00008249) c.srli  a2, 18
core   0: 0 0x8000810e (0x8249) x12 0x00000007
core   0: 0x80008110 (0x4177dc13) srai    s8, a5, 23
core   0: 0 0x80008110 (0x4177dc13) x24 0xffffffff
core   0: 0x80008114 (0x00000001) c.nop
core   0: 0 0x80008114 (0x0001)
core   0: 0x80008116 (0x00e63fb3) sltu    t6, a2, a4
core   0: 0 0x80008116 (0x00e63fb3) x31 0x00000001
core   0: 0x8000811a (0x01f84ab3) xor     s5, a6, t6
core   0: 0 0x8000811a (0x01f84ab3) x21 0x00000000
core   0: 0x8000811e (0x00000718) c.addi4spn a4, sp, 896
core   0: 0 0x8000811e (0x0718) x14 0x00000380
core   0: 0x80008120 (0x01407d33) and     s10, zero, s4
core   0: 0 0x80008120 (0x01407d33) x26 0x00000000
core   0: 0x80008124 (0x024a8e63) beq     s5, tp, pc + 60
core   0: 0 0x80008124 (0x024a8e63)
core   0: 0x80008160 (0x52d14a93) xori    s5, sp, 1325
core   0: 0 0x80008160 (0x52d14a93) x21 0x0000052d
core   0: 0x80008164 (0x000057fd) c.li    a5, -1
core   0: 0 0x80008164 (0x57fd) x15 0xffffffff
core   0: 0x80008166 (0x00008c1d) c.sub   s0, a5
core   0: 0 0x80008166 (0x8c1d) x8  0x00007fc1
core   0: 0x80008168 (0x054b0b37) lui     s6, 0x54b0
core   0: 0 0x80008168 (0x054b0b37) x22 0x054b0000
core   0: 0x8000816c (0x0194d433) srl     s0, s1, s9
core   0: 0 0x8000816c (0x0194d433) x8  0xfffffb9f
core   0: 0x80008170 (0xb6c17317) auipc   t1, 0xb6c17
core   0: 0 0x80008170 (0xb6c17317) x6  0x36c1f170
core   0: 0x80008174 (0x00009bfd) c.andi  a5, -1
core   0: 0 0x80008174 (0x9bfd) x15 0xffffffff
core   0: 0x80008176 (0x00008d3d) c.xor   a0, a5
core   0: 0 0x80008176 (0x8d3d) x10 0xb3c33e9f
core   0: 0x80008178 (0x0000100f) fence.i
core   0: 0 0x80008178 (0x0000100f)
core   0: 0x8000817c (0x0381d0b3) divu    ra, gp, s8
core   0: 0 0x8000817c (0x0381d0b3) x1  0x00000000
core   0: 0x80008180 (0x87cc0f13) addi    t5, s8, -1924
core   0: 0 0x80008180 (0x87cc0f13) x30 0xfffff87b
core   0: 0x80008184 (0x7024c513) xori    a0, s1, 1794
core   0: 0 0x80008184 (0x7024c513) x10 0xfffffc9d
core   0: 0x80008188 (0x40d1dab3) sra     s5, gp, a3
core   0: 0 0x80008188 (0x40d1dab3) x21 0xf80025d5
core   0: 0x8000818c (0x000080b1) c.srli  s1, 12
core   0: 0 0x8000818c (0x80b1) x9  0x000fffff
core   0: 0x8000818e (0x00005bfd) c.li    s7, -1
core   0: 0 0x8000818e (0x5bfd) x23 0xffffffff
core   0: 0x80008190 (0x164f19b7) lui     s3, 0x164f1
core   0: 0 0x80008190 (0x164f19b7) x19 0x164f1000
core   0: 0x80008194 (0x01eea333) slt     t1, t4, t5
core   0: 0 0x80008194 (0x01eea333) x6  0x00000000
core   0: 0x80008198 (0x00caff63) bgeu    s5, a2, pc + 30
core   0: 0 0x80008198 (0x00caff63)
core   0: 0x800081b6 (0x0ff0000f) fence   iorw,iorw
core   0: 0 0x800081b6 (0x0ff0000f)
core   0: 0x800081ba (0xbce9b513) sltiu   a0, s3, -1074
core   0: 0 0x800081ba (0xbce9b513) x10 0x00000001
core   0: 0x800081be (0x00021033) sll     zero, tp, zero
core   0: 0 0x800081be (0x00021033)
core   0: 0x800081c2 (0x411bddb3) sra     s11, s7, a7
core   0: 0 0x800081c2 (0x411bddb3) x27 0xffffffff
core   0: 0x800081c6 (0x0000100f) fence.i
core   0: 0 0x800081c6 (0x0000100f)
core   0: 0x800081ca (0x00000001) c.nop
core   0: 0 0x800081ca (0x0001)
core   0: 0x800081cc (0x00f6afb3) slt     t6, a3, a5
core   0: 0 0x800081cc (0x00f6afb3) x31 0x00000001
core   0: 0x800081d0 (0xa3f02013) slti    zero, zero, -1473
core   0: 0 0x800081d0 (0xa3f02013)
core   0: 0x800081d4 (0x4009d533) sra     a0, s3, zero
core   0: 0 0x800081d4 (0x4009d533) x10 0x164f1000
core   0: 0x800081d8 (0x03b76c33) rem     s8, a4, s11
core   0: 0 0x800081d8 (0x03b76c33) x24 0x00000000
core   0: 0x800081dc (0x00006175) c.addi16sp sp, 368
core   0: 0 0x800081dc (0x6175) x2  0x00000170
core   0: 0x800081de (0x415c8cb3) sub     s9, s9, s5
core   0: 0 0x800081de (0x415c8cb3) x25 0x07ffda2b
core   0: 0x800081e2 (0x00a6d933) srl     s2, a3, a0
core   0: 0 0x800081e2 (0x00a6d933) x18 0x80025ce4
core   0: 0x800081e6 (0x63b7cd13) xori    s10, a5, 1595
core   0: 0 0x800081e6 (0x63b7cd13) x26 0xfffff9c4
core   0: 0x800081ea (0x01dcfd33) and     s10, s9, t4
core   0: 0 0x800081ea (0x01dcfd33) x26 0x0000002a
core   0: 0x800081ee (0x19cd3893) sltiu   a7, s10, 412
core   0: 0 0x800081ee (0x19cd3893) x17 0x00000001
core   0: 0x800081f2 (0x002027b3) slt     a5, zero, sp
core   0: 0 0x800081f2 (0x002027b3) x15 0x00000001
core   0: 0x800081f6 (0x03707133) remu    sp, zero, s7
core   0: 0 0x800081f6 (0x03707133) x2  0x00000000
core   0: 0x800081fa (0x000048d1) c.li    a7, 20
core   0: 0 0x800081fa (0x48d1) x17 0x00000014
core   0: 0x800081fc (0x03ad1233) mulh    tp, s10, s10
core   0: 0 0x800081fc (0x03ad1233) x4  0x00000000
core   0: 0x80008200 (0x000087e2) c.mv    a5, s8
core   0: 0 0x80008200 (0x87e2) x15 0x00000000
core   0: 0x80008202 (0x0198f433) and     s0, a7, s9
core   0: 0 0x80008202 (0x0198f433) x8  0x00000000
core   0: 0x80008206 (0x00000001) c.nop
core   0: 0 0x80008206 (0x0001)
core   0: 0x80008208 (0x00008fc5) c.or    a5, s1
core   0: 0 0x80008208 (0x8fc5) x15 0x000fffff
core   0: 0x8000820a (0x00d37833) and     a6, t1, a3
core   0: 0 0x8000820a (0x00d37833) x16 0x00000000
core   0: 0x8000820e (0x01d39133) sll     sp, t2, t4
core   0: 0 0x8000820e (0x01d39133) x2  0x00000000
core   0: 0x80008212 (0xd78d7713) andi    a4, s10, -648
core   0: 0 0x80008212 (0xd78d7713) x14 0x00000028
core   0: 0x80008216 (0x01f95193) srli    gp, s2, 31
core   0: 0 0x80008216 (0x01f95193) x3  0x00000001
core   0: 0x8000821a (0xadeb1ab7) lui     s5, 0xadeb1
core   0: 0 0x8000821a (0xadeb1ab7) x21 0xadeb1000
core   0: 0x8000821e (0x417a8733) sub     a4, s5, s7
core   0: 0 0x8000821e (0x417a8733) x14 0xadeb1001
core   0: 0x80008222 (0x028c5f63) bge     s8, s0, pc + 62
core   0: 0 0x80008222 (0x028c5f63)
core   0: 0x80008260 (0x00006171) c.addi16sp sp, 336
core   0: 0 0x80008260 (0x6171) x2  0x00000150
core   0: 0x80008262 (0x40a4da13) srai    s4, s1, 10
core   0: 0 0x80008262 (0x40a4da13) x20 0x000003ff
core   0: 0x80008266 (0x00008631) c.srai  a2, 12
core   0: 0 0x80008266 (0x8631) x12 0x00000000
core   0: 0x80008268 (0x03afcdb3) div     s11, t6, s10
core   0: 0 0x80008268 (0x03afcdb3) x27 0x00000000
core   0: 0x8000826c (0x41865713) srai    a4, a2, 24
core   0: 0 0x8000826c (0x41865713) x14 0x00000000
core   0: 0x80008270 (0x01c58133) add     sp, a1, t3
core   0: 0 0x80008270 (0x01c58133) x2  0x80021e64
core   0: 0x80008274 (0x00008311) c.srli  a4, 4
core   0: 0 0x80008274 (0x8311) x14 0x00000000
core   0: 0x80008276 (0x010461b3) or      gp, s0, a6
core   0: 0 0x80008276 (0x010461b3) x3  0x00000000
core   0: 0x8000827a (0x01e710b3) sll     ra, a4, t5
core   0: 0 0x8000827a (0x01e710b3) x1  0x00000000
core   0: 0x8000827e (0x00008329) c.srli  a4, 10
core   0: 0 0x8000827e (0x8329) x14 0x00000000
core   0: 0x80008280 (0x00dbcab3) xor     s5, s7, a3
core   0: 0 0x80008280 (0x00dbcab3) x21 0x7ffda31b
core   0: 0x80008284 (0x000090de) c.add   ra, s7
core   0: 0 0x80008284 (0x90de) x1  0xffffffff
core   0: 0x80008286 (0xcc7c8f93) addi    t6, s9, -825
core   0: 0 0x80008286 (0xcc7c8f93) x31 0x07ffd6f2
core   0: 0x8000828a (0x025aa9b3) mulhsu  s3, s5, t0
core   0: 0 0x8000828a (0x025aa9b3) x19 0x00000000
core   0: 0x8000828e (0x007c7733) and     a4, s8, t2
core   0: 0 0x8000828e (0x007c7733) x14 0x00000000
core   0: 0x80008292 (0x032ff7b3) remu    a5, t6, s2
core   0: 0 0x80008292 (0x032ff7b3) x15 0x07ffd6f2
core   0: 0x80008296 (0x00004e01) c.li    t3, 0
core   0: 0 0x80008296 (0x4e01) x28 0x00000000
core   0: 0x80008298 (0x00549e13) slli    t3, s1, 5
core   0: 0 0x80008298 (0x00549e13) x28 0x01ffffe0
core   0: 0x8000829c (0x0ff0000f) fence   iorw,iorw
core   0: 0 0x8000829c (0x0ff0000f)
core   0: 0x800082a0 (0x0000c315) c.beqz  a4, pc + 36
core   0: 0 0x800082a0 (0xc315)
core   0: 0x800082c4 (0x00009cf6) c.add   s9, t4
core   0: 0 0x800082c4 (0x9cf6) x25 0x07ffdc25
core   0: 0x800082c6 (0x02fdd933) divu    s2, s11, a5
core   0: 0 0x800082c6 (0x02fdd933) x18 0x00000000
core   0: 0x800082ca (0x6666bb13) sltiu   s6, a3, 1638
core   0: 0 0x800082ca (0x6666bb13) x22 0x00000000
core   0: 0x800082ce (0x0000c38d) c.beqz  a5, pc + 34
core   0: 0 0x800082ce (0xc38d)
core   0: 0x800082d0 (0x03dab7b3) mulhu   a5, s5, t4
core   0: 0 0x800082d0 (0x03dab7b3) x15 0x000000fc
core   0: 0x800082d4 (0x00008f59) c.or    a4, a4
core   0: 0 0x800082d4 (0x8f59) x14 0x00000000
core   0: 0x800082d6 (0x000c7db3) and     s11, s8, zero
core   0: 0 0x800082d6 (0x000c7db3) x27 0x00000000
core   0: 0x800082da (0x0092d2b3) srl     t0, t0, s1
core   0: 0 0x800082da (0x0092d2b3) x5  0x00000000
core   0: 0x800082de (0x41457413) andi    s0, a0, 1044
core   0: 0 0x800082de (0x41457413) x8  0x00000000
core   0: 0x800082e2 (0x00008f7d) c.and   a4, a5
core   0: 0 0x800082e2 (0x8f7d) x14 0x00000000
core   0: 0x800082e4 (0x00008e71) c.and   a2, a2
core   0: 0 0x800082e4 (0x8e71) x12 0x00000000
core   0: 0x800082e6 (0x00000001) c.nop
core   0: 0 0x800082e6 (0x0001)
core   0: 0x800082e8 (0x00008e31) c.xor   a2, a2
core   0: 0 0x800082e8 (0x8e31) x12 0x00000000
core   0: 0x800082ea (0x0000100f) fence.i
core   0: 0 0x800082ea (0x0000100f)
core   0: 0x800082ee (0x00008c3d) c.xor   s0, a5
core   0: 0 0x800082ee (0x8c3d) x8  0x000000fc
core   0: 0x800082f0 (0x40acdcb3) sra     s9, s9, a0
core   0: 0 0x800082f0 (0x40acdcb3) x25 0x07ffdc25
core   0: 0x800082f4 (0x03371cb3) mulh    s9, a4, s3
core   0: 0 0x800082f4 (0x03371cb3) x25 0x00000000
core   0: 0x800082f8 (0x00008d5d) c.or    a0, a5
core   0: 0 0x800082f8 (0x8d5d) x10 0x164f10fc
core   0: 0x800082fa (0x0000100f) fence.i
core   0: 0 0x800082fa (0x0000100f)
core   0: 0x800082fe (0x53dfc193) xori    gp, t6, 1341
core   0: 0 0x800082fe (0x53dfc193) x3  0x07ffd3cf
core   0: 0x80008302 (0x0000100f) fence.i
core   0: 0 0x80008302 (0x0000100f)
core   0: 0x80008306 (0x40340933) sub     s2, s0, gp
core   0: 0 0x80008306 (0x40340933) x18 0xf8002d2d
core   0: 0x8000830a (0x4196d9b3) sra     s3, a3, s9
core   0: 0 0x8000830a (0x4196d9b3) x19 0x80025ce4
core   0: 0x8000830e (0x00449b93) slli    s7, s1, 4
core   0: 0 0x8000830e (0x00449b93) x23 0x00fffff0
core   0: 0x80008312 (0x003e1c63) bne     t3, gp, pc + 24
core   0: 0 0x80008312 (0x003e1c63)
core   0: 0x8000832a (0x0000817a) c.mv    sp, t5
core   0: 0 0x8000832a (0x817a) x2  0xfffff87b
core   0: 0x8000832c (0x0000615d) c.addi16sp sp, 432
core   0: 0 0x8000832c (0x615d) x2  0xfffffa2b
core   0: 0x8000832e (0x01403333) snez    t1, s4
core   0: 0 0x8000832e (0x01403333) x6  0x00000001
core   0: 0x80008332 (0x02c84ab3) div     s5, a6, a2
core   0: 0 0x80008332 (0x02c84ab3) x21 0xffffffff
core   0: 0x80008336 (0x04b41163) bne     s0, a1, pc + 66
core   0: 0 0x80008336 (0x04b41163)
core   0: 0x80008378 (0x00008fe1) c.and   a5, s0
core   0: 0 0x80008378 (0x8fe1) x15 0x000000fc
core   0: 0x8000837a (0x0361f063) bgeu    gp, s6, pc + 32
core   0: 0 0x8000837a (0x0361f063)
core   0: 0x8000839a (0x0118f4b3) and     s1, a7, a7
core   0: 0 0x8000839a (0x0118f4b3) x9  0x00000014
core   0: 0x8000839e (0x02b24a33) div     s4, tp, a1
core   0: 0 0x8000839e (0x02b24a33) x20 0x00000000
core   0: 0x800083a2 (0x016b5933) srl     s2, s6, s6
core   0: 0 0x800083a2 (0x016b5933) x18 0x00000000
core   0: 0x800083a6 (0x00a49d63) bne     s1, a0, pc + 26
core   0: 0 0x800083a6 (0x00a49d63)
core   0: 0x800083c0 (0x00006469) c.lui   s0, 0x1a
core   0: 0 0x800083c0 (0x6469) x8  0x0001a000
core   0: 0x800083c2 (0x1f75b893) sltiu   a7, a1, 503
core   0: 0 0x800083c2 (0x1f75b893) x17 0x00000000
core   0: 0x800083c6 (0x0000100f) fence.i
core   0: 0 0x800083c6 (0x0000100f)
core   0: 0x800083ca (0x43b83b13) sltiu   s6, a6, 1083
core   0: 0 0x800083ca (0x43b83b13) x22 0x00000001
core   0: 0x800083ce (0x02d3e0b3) rem     ra, t2, a3
core   0: 0 0x800083ce (0x02d3e0b3) x1  0x00000000
core   0: 0x800083d2 (0x00008b5d) c.andi  a4, 23
core   0: 0 0x800083d2 (0x8b5d) x14 0x00000000
core   0: 0x800083d4 (0x00008391) c.srli  a5, 4
core   0: 0 0x800083d4 (0x8391) x15 0x0000000f
core   0: 0x800083d6 (0x00021a63) bnez    tp, pc + 20
core   0: 0 0x800083d6 (0x00021a63)
core   0: 0x800083da (0xd2cb8a93) addi    s5, s7, -724
core   0: 0 0x800083da (0xd2cb8a93) x21 0x00fffd1c
core   0: 0x800083de (0x0000ef1d) c.bnez  a4, pc + 62
core   0: 0 0x800083de (0xef1d)
core   0: 0x800083e0 (0x021b32b3) mulhu   t0, s6, ra
core   0: 0 0x800083e0 (0x021b32b3) x5  0x00000000
core   0: 0x800083e4 (0x132bea13) ori     s4, s7, 306
core   0: 0 0x800083e4 (0x132bea13) x20 0x00fffff2
core   0: 0x800083e8 (0x000087f5) c.srai  a5, 29
core   0: 0 0x800083e8 (0x87f5) x15 0x00000000
core   0: 0x800083ea (0x00008379) c.srli  a4, 30
core   0: 0 0x800083ea (0x8379) x14 0x00000000
core   0: 0x800083ec (0x000001da) c.slli  gp, 22
core   0: 0 0x800083ec (0x01da) x3  0xf3c00000
core   0: 0x800083ee (0x01042fb3) slt     t6, s0, a6
core   0: 0 0x800083ee (0x01042fb3) x31 0x00000000
core   0: 0x800083f2 (0x01e5cdb3) xor     s11, a1, t5
core   0: 0 0x800083f2 (0x01e5cdb3) x27 0x7ffde61f
core   0: 0x800083f6 (0x00eb8833) add     a6, s7, a4
core   0: 0 0x800083f6 (0x00eb8833) x16 0x00fffff0
core   0: 0x800083fa (0x00000749) c.addi  a4, 18
core   0: 0 0x800083fa (0x0749) x14 0x00000012
core   0: 0x800083fc (0x03dbe533) rem     a0, s7, t4
core   0: 0 0x800083fc (0x03dbe533) x10 0x00000108
core   0: 0x80008400 (0x038c7533) remu    a0, s8, s8
core   0: 0 0x80008400 (0x038c7533) x10 0x00000000
core   0: 0x80008404 (0x00006439) c.lui   s0, 0xe
core   0: 0 0x80008404 (0x6439) x8  0x0000e000
core   0: 0x80008406 (0xda3f6313) ori     t1, t5, -605
core   0: 0 0x80008406 (0xda3f6313) x6  0xfffffdfb
core   0: 0x8000840a (0x00008f29) c.xor   a4, a0
core   0: 0 0x8000840a (0x8f29) x14 0x00000012
core   0: 0x8000840c (0x0000717d) c.addi16sp sp, -16
core   0: 0 0x8000840c (0x717d) x2  0xfffffa1b
core   0: 0x8000840e (0x3b52e993) ori     s3, t0, 949
core   0: 0 0x8000840e (0x3b52e993) x19 0x000003b5
core   0: 0x80008412 (0x0365ce63) blt     a1, s6, pc + 60
core   0: 0 0x80008412 (0x0365ce63)
core   0: 0x8000844e (0x02f0f2b3) remu    t0, ra, a5
core   0: 0 0x8000844e (0x02f0f2b3) x5  0x00000000
core   0: 0x80008452 (0x02bda133) mulhsu  sp, s11, a1
core   0: 0 0x80008452 (0x02bda133) x2  0x4000023d
core   0: 0x80008456 (0x02ffc833) div     a6, t6, a5
core   0: 0 0x80008456 (0x02ffc833) x16 0xffffffff
core   0: 0x8000845a (0x037192b3) mulh    t0, gp, s7
core   0: 0 0x8000845a (0x037192b3) x5  0xfff3c000
core   0: 0x8000845e (0x028efa33) remu    s4, t4, s0
core   0: 0 0x8000845e (0x028efa33) x20 0x000001fa
core   0: 0x80008462 (0x0294adb3) mulhsu  s11, s1, s1
core   0: 0 0x80008462 (0x0294adb3) x27 0x00000000
core   0: 0x80008466 (0x00008315) c.srli  a4, 5
core   0: 0 0x80008466 (0x8315) x14 0x00000000
core   0: 0x80008468 (0x0137deb3) srl     t4, a5, s3
core   0: 0 0x80008468 (0x0137deb3) x29 0x00000000
core   0: 0x8000846c (0x00162eb3) slt     t4, a2, ra
core   0: 0 0x8000846c (0x00162eb3) x29 0x00000000
core   0: 0x80008470 (0x00000ec5) c.addi  t4, 17
core   0: 0 0x80008470 (0x0ec5) x29 0x00000011
core   0: 0x80008472 (0x0000100f) fence.i
core   0: 0 0x80008472 (0x0000100f)
core   0: 0x80008476 (0x207e2537) lui     a0, 0x207e2
core   0: 0 0x80008476 (0x207e2537) x10 0x207e2000
core   0: 0x8000847a (0x52238113) addi    sp, t2, 1314
core   0: 0 0x8000847a (0x52238113) x2  0x00000522
core   0: 0x8000847e (0x006e0363) beq     t3, t1, pc + 6
core   0: 0 0x8000847e (0x006e0363)
core   0: 0x80008482 (0x0000ea15) c.bnez  a2, pc + 52
core   0: 0 0x80008482 (0xea15)
core   0: 0x80008484 (0x4034d1b3) sra     gp, s1, gp
core   0: 0 0x80008484 (0x4034d1b3) x3  0x00000014
core   0: 0x80008488 (0x028890b3) mulh    ra, a7, s0
core   0: 0 0x80008488 (0x028890b3) x1  0x00000000
core   0: 0x8000848c (0x00009e1a) c.add   t3, t1
core   0: 0 0x8000848c (0x9e1a) x28 0x01fffddb
core   0: 0x8000848e (0x41f35b33) sra     s6, t1, t6
core   0: 0 0x8000848e (0x41f35b33) x22 0xfffffdfb
core   0: 0x80008492 (0x00008425) c.srai  s0, 9
core   0: 0 0x80008492 (0x8425) x8  0x00000070
core   0: 0x80008494 (0x02043533) mulhu   a0, s0, zero
core   0: 0 0x80008494 (0x02043533) x10 0x00000000
core   0: 0x80008498 (0x03981a33) mulh    s4, a6, s9
core   0: 0 0x80008498 (0x03981a33) x20 0x00000000
core   0: 0x8000849c (0x0324e463) bltu    s1, s2, pc + 40
core   0: 0 0x8000849c (0x0324e463)
core   0: 0x800084a0 (0x03fb0db3) mul     s11, s6, t6
core   0: 0 0x800084a0 (0x03fb0db3) x27 0x00000000
core   0: 0x800084a4 (0x0000ef01) c.bnez  a4, pc + 24
core   0: 0 0x800084a4 (0xef01)
core   0: 0x800084a6 (0x0000ce0d) c.beqz  a2, pc + 58
core   0: 0 0x800084a6 (0xce0d)
core   0: 0x800084e0 (0xa4bb4d93) xori    s11, s6, -1461
core   0: 0 0x800084e0 (0xa4bb4d93) x27 0x000007b0
core   0: 0x800084e4 (0x00008c59) c.or    s0, a4
core   0: 0 0x800084e4 (0x8c59) x8  0x00000070
core   0: 0x800084e6 (0x000087cd) c.srai  a5, 19
core   0: 0 0x800084e6 (0x87cd) x15 0x00000000
core   0: 0x800084e8 (0x0000ee15) c.bnez  a2, pc + 60
core   0: 0 0x800084e8 (0xee15)
core   0: 0x800084ea (0x00006735) c.lui   a4, 0xd
core   0: 0 0x800084ea (0x6735) x14 0x0000d000
core   0: 0x800084ec (0x059c6063) bltu    s8, s9, pc + 64
core   0: 0 0x800084ec (0x059c6063)
core   0: 0x800084f0 (0xb8246413) ori     s0, s0, -1150
core   0: 0 0x800084f0 (0xb8246413) x8  0xfffffbf2
core   0: 0x800084f4 (0x917fad17) auipc   s10, 0x917fa
core   0: 0 0x800084f4 (0x917fad17) x26 0x118024f4
core   0: 0x800084f8 (0xb4b98f97) auipc   t6, 0xb4b98
core   0: 0 0x800084f8 (0xb4b98f97) x31 0x34ba04f8
core   0: 0x800084fc (0x00001b80) c.addi4spn s0, sp, 496
core   0: 0 0x800084fc (0x1b80) x8  0x00000712
core   0: 0x800084fe (0x65eca437) lui     s0, 0x65eca
core   0: 0 0x800084fe (0x65eca437) x8  0x65eca000
core   0: 0x80008502 (0x0087d493) srli    s1, a5, 8
core   0: 0 0x80008502 (0x0087d493) x9  0x00000000
core   0: 0x80008506 (0x029c1363) bne     s8, s1, pc + 38
core   0: 0 0x80008506 (0x029c1363)
core   0: 0x8000850a (0x00008c35) c.xor   s0, a3
core   0: 0 0x8000850a (0x8c35) x8  0xe5eefce4
core   0: 0x8000850c (0x033d3eb3) mulhu   t4, s10, s3
core   0: 0 0x8000850c (0x033d3eb3) x29 0x00000040
core   0: 0x80008510 (0x0465e213) ori     tp, a1, 70
core   0: 0 0x80008510 (0x0465e213) x4  0x80021e66
core   0: 0x80008514 (0x00ac1533) sll     a0, s8, a0
core   0: 0 0x80008514 (0x00ac1533) x10 0x00000000
core   0: 0x80008518 (0xd5e53297) auipc   t0, 0xd5e53
core   0: 0 0x80008518 (0xd5e53297) x5  0x55e5b518
core   0: 0x8000851c (0x0000e81d) c.bnez  s0, pc + 54
core   0: 0 0x8000851c (0xe81d)
core   0: 0x80008552 (0x00008e45) c.or    a2, s1
core   0: 0 0x80008552 (0x8e45) x12 0x00000000
core   0: 0x80008554 (0x400bd833) sra     a6, s7, zero
core   0: 0 0x80008554 (0x400bd833) x16 0x00fffff0
core   0: 0x80008558 (0x00317fb3) and     t6, sp, gp
core   0: 0 0x80008558 (0x00317fb3) x31 0x00000000
core   0: 0x8000855c (0x000087c5) c.srai  a5, 17
core   0: 0 0x8000855c (0x87c5) x15 0x00000000
core   0: 0x8000855e (0x037f6533) rem     a0, t5, s7
core   0: 0 0x8000855e (0x037f6533) x10 0xfffff87b
core   0: 0x80008562 (0x615b6197) auipc   gp, 0x615b6
core   0: 0 0x80008562 (0x615b6197) x3  0xe15be562
core   0: 0x80008566 (0xff46ca97) auipc   s5, 0xff46c
core   0: 0 0x80008566 (0xff46ca97) x21 0x7f474566
core   0: 0x8000856a (0x0ff0000f) fence   iorw,iorw
core   0: 0 0x8000856a (0x0ff0000f)
core   0: 0x8000856e (0x40a05233) sra     tp, zero, a0
core   0: 0 0x8000856e (0x40a05233) x4  0x00000000
core   0: 0x80008572 (0x40a3deb3) sra     t4, t2, a0
core   0: 0 0x80008572 (0x40a3deb3) x29 0x00000000
core   0: 0x80008576 (0x028f7c63) bgeu    t5, s0, pc + 56
core   0: 0 0x80008576 (0x028f7c63)
core   0: 0x800085ae (0x00001208) c.addi4spn a0, sp, 288
core   0: 0 0x800085ae (0x1208) x10 0x00000642
core   0: 0x800085b0 (0x00008fb5) c.xor   a5, a3
core   0: 0 0x800085b0 (0x8fb5) x15 0x80025ce4
core   0: 0x800085b2 (0x00000888) c.addi4spn a0, sp, 80
core   0: 0 0x800085b2 (0x0888) x10 0x00000572
core   0: 0x800085b4 (0x0000177d) c.addi  a4, -1
core   0: 0 0x800085b4 (0x177d) x14 0x0000cfff
core   0: 0x800085b6 (0x0ff0000f) fence   iorw,iorw
core   0: 0 0x800085b6 (0x0ff0000f)
core   0: 0x800085ba (0x042dd163) bge     s11, sp, pc + 66
core   0: 0 0x800085ba (0x042dd163)
core   0: 0x800085fc (0x039c0c63) beq     s8, s9, pc + 56
core   0: 0 0x800085fc (0x039c0c63)
core   0: 0x80008634 (0x02357c63) bgeu    a0, gp, pc + 56
core   0: 0 0x80008634 (0x02357c63)
core   0: 0x80008638 (0x04056163) bltu    a0, zero, pc + 66
core   0: 0 0x80008638 (0x04056163)
core   0: 0x8000863c (0x412a5893) srai    a7, s4, 18
core   0: 0 0x8000863c (0x412a5893) x17 0x00000000
core   0: 0x80008640 (0x5b455b17) auipc   s6, 0x5b455
core   0: 0 0x80008640 (0x5b455b17) x22 0xdb45d640
core   0: 0x80008644 (0x000084a5) c.srai  s1, 9
core   0: 0 0x80008644 (0x84a5) x9  0x00000000
core   0: 0x80008646 (0x036effb3) remu    t6, t4, s6
core   0: 0 0x80008646 (0x036effb3) x31 0x00000000
core   0: 0x8000864a (0x000061b9) c.lui   gp, 0xe
core   0: 0 0x8000864a (0x61b9) x3  0x0000e000
core   0: 0x8000864c (0x01a98fb3) add     t6, s3, s10
core   0: 0 0x8000864c (0x01a98fb3) x31 0x118028a9
core   0: 0x80008650 (0x00d0da13) srli    s4, ra, 13
core   0: 0 0x80008650 (0x00d0da13) x20 0x00000000
core   0: 0x80008654 (0x0000100f) fence.i
core   0: 0 0x80008654 (0x0000100f)
core   0: 0x80008658 (0x0262d1b3) divu    gp, t0, t1
core   0: 0 0x80008658 (0x0262d1b3) x3  0x00000000
core   0: 0x8000865c (0x408f5d93) srai    s11, t5, 8
core   0: 0 0x8000865c (0x408f5d93) x27 0xfffffff8
core   0: 0x80008660 (0xa8f42b13) slti    s6, s0, -1393
core   0: 0 0x80008660 (0xa8f42b13) x22 0x00000001
core   0: 0x80008664 (0xa5e2fe93) andi    t4, t0, -1442
core   0: 0 0x80008664 (0xa5e2fe93) x29 0x55e5b018
core   0: 0x80008668 (0x4f0b7d17) auipc   s10, 0x4f0b7
core   0: 0 0x80008668 (0x4f0b7d17) x26 0xcf0bf668
core   0: 0x8000866c (0x0000850d) c.srai  a0, 3
core   0: 0 0x8000866c (0x850d) x10 0x000000ae
core   0: 0x8000866e (0x565e3297) auipc   t0, 0x565e3
core   0: 0 0x8000866e (0x565e3297) x5  0xd65eb66e
core   0: 0x80008672 (0x006350b3) srl     ra, t1, t1
core   0: 0 0x80008672 (0x006350b3) x1  0x0000001f
core   0: 0x80008676 (0x78f37b93) andi    s7, t1, 1935
core   0: 0 0x80008676 (0x78f37b93) x23 0x0000058b
core   0: 0x8000867a (0x00008c99) c.sub   s1, a4
core   0: 0 0x8000867a (0x8c99) x9  0xffff3001
core   0: 0x8000867c (0x00008fc2) c.mv    t6, a6
core   0: 0 0x8000867c (0x8fc2) x31 0x00fffff0
core   0: 0x8000867e (0x0000100f) fence.i
core   0: 0 0x8000867e (0x0000100f)
core   0: 0x80008682 (0x022b8e33) mul     t3, s7, sp
core   0: 0 0x80008682 (0x022b8e33) x28 0x001c7376
core   0: 0x80008686 (0x000083a9) c.srli  a5, 10
core   0: 0 0x80008686 (0x83a9) x15 0x00200097
core   0: 0x80008688 (0x01415ab3) srl     s5, sp, s4
core   0: 0 0x80008688 (0x01415ab3) x21 0x00000522
core   0: 0x8000868c (0x02bc58b3) divu    a7, s8, a1
core   0: 0 0x8000868c (0x02bc58b3) x17 0x00000000
core   0: 0x80008690 (0x01e32433) slt     s0, t1, t5
core   0: 0 0x80008690 (0x01e32433) x8  0x00000000
core   0: 0x80008694 (0x00008356) c.mv    t1, s5
core   0: 0 0x80008694 (0x8356) x6  0x00000522
core   0: 0x80008696 (0x0366beb3) mulhu   t4, a3, s6
core   0: 0 0x80008696 (0x0366beb3) x29 0x00000000
core   0: 0x8000869a (0x00008fc5) c.or    a5, s1
core   0: 0 0x8000869a (0x8fc5) x15 0xffff3097
core   0: 0x8000869c (0x9be32e93) slti    t4, t1, -1602
core   0: 0 0x8000869c (0x9be32e93) x29 0x00000000
core   0: 0x800086a0 (0x40060933) sub     s2, a2, zero
core   0: 0 0x800086a0 (0x40060933) x18 0x00000000
core   0: 0x800086a4 (0x00000d0a) c.slli  s10, 2
core   0: 0 0x800086a4 (0x0d0a) x26 0x3c2fd9a0
core   0: 0x800086a6 (0x02742fb3) mulhsu  t6, s0, t2
core   0: 0 0x800086a6 (0x02742fb3) x31 0x00000000
core   0: 0x800086aa (0x000002d2) c.slli  t0, 20
core   0: 0 0x800086aa (0x02d2) x5  0x66e00000
core   0: 0x800086ac (0x038927b3) mulhsu  a5, s2, s8
core   0: 0 0x800086ac (0x038927b3) x15 0x00000000
core   0: 0x800086b0 (0x000084fd) c.srai  s1, 31
core   0: 0 0x800086b0 (0x84fd) x9  0xffffffff
core   0: 0x800086b2 (0xabd97f13) andi    t5, s2, -1347
core   0: 0 0x800086b2 (0xabd97f13) x30 0x00000000
core   0: 0x800086b6 (0x018ff363) bgeu    t6, s8, pc + 6
core   0: 0 0x800086b6 (0x018ff363)
core   0: 0x800086bc (0x01b24533) xor     a0, tp, s11
core   0: 0 0x800086bc (0x01b24533) x10 0xfffffff8
core   0: 0x800086c0 (0x0285eeb3) rem     t4, a1, s0
core   0: 0 0x800086c0 (0x0285eeb3) x29 0x80021e64
core   0: 0x800086c4 (0x00008e7d) c.and   a2, a5
core   0: 0 0x800086c4 (0x8e7d) x12 0x00000000
core   0: 0x800086c6 (0x0258cab3) div     s5, a7, t0
core   0: 0 0x800086c6 (0x0258cab3) x21 0x00000000
core   0: 0x800086ca (0x0000833a) c.mv    t1, a4
core   0: 0 0x800086ca (0x833a) x6  0x0000cfff
core   0: 0x800086cc (0x0064d733) srl     a4, s1, t1
core   0: 0 0x800086cc (0x0064d733) x14 0x00000001
core   0: 0x800086d0 (0x00008432) c.mv    s0, a2
core   0: 0 0x800086d0 (0x8432) x8  0x00000000
core   0: 0x800086d2 (0x00001490) c.addi4spn a2, sp, 608
core   0: 0 0x800086d2 (0x1490) x12 0x00000782
core   0: 0x800086d4 (0x00001f98) c.addi4spn a4, sp, 1008
core   0: 0 0x800086d4 (0x1f98) x14 0x00000912
core   0: 0x800086d6 (0x61cfed93) ori     s11, t6, 1564
core   0: 0 0x800086d6 (0x61cfed93) x27 0x0000061c
core   0: 0x800086da (0x0000100f) fence.i
core   0: 0 0x800086da (0x0000100f)
core   0: 0x800086de (0x00e8abb3) slt     s7, a7, a4
core   0: 0 0x800086de (0x00e8abb3) x23 0x00000001
core   0: 0x800086e2 (0x00f78fb3) add     t6, a5, a5
core   0: 0 0x800086e2 (0x00f78fb3) x31 0x00000000
core   0: 0x800086e6 (0x007688b3) add     a7, a3, t2
core   0: 0 0x800086e6 (0x007688b3) x17 0x80025ce4
core   0: 0x800086ea (0xaccb3d93) sltiu   s11, s6, -1332
core   0: 0 0x800086ea (0xaccb3d93) x27 0x00000001
core   0: 0x800086ee (0x00d49533) sll     a0, s1, a3
core   0: 0 0x800086ee (0x00d49533) x10 0xfffffff0
core   0: 0x800086f2 (0x0000e409) c.bnez  s0, pc + 10
core   0: 0 0x800086f2 (0xe409)
core   0: 0x800086f4 (0x415a0833) sub     a6, s4, s5
core   0: 0 0x800086f4 (0x415a0833) x16 0x00000000
core   0: 0x800086f8 (0x00001c84) c.addi4spn s1, sp, 624
core   0: 0 0x800086f8 (0x1c84) x9  0x00000792
core   0: 0x800086fa (0x00004151) c.li    sp, 20
core   0: 0 0x800086fa (0x4151) x2  0x00000014
core   0: 0x800086fc (0x03c8ea33) rem     s4, a7, t3
core   0: 0 0x800086fc (0x03c8ea33) x20 0xffed7c6e
core   0: 0x80008700 (0x00008f45) c.or    a4, s1
core   0: 0 0x80008700 (0x8f45) x14 0x00000f92
core   0: 0x80008702 (0x02329c63) bne     t0, gp, pc + 56
core   0: 0 0x80008702 (0x02329c63)
core   0: 0x8000873a (0x01be5993) srli    s3, t3, 27
core   0: 0 0x8000873a (0x01be5993) x19 0x00000000
core   0: 0x8000873e (0x000040a9) c.li    ra, 10
core   0: 0 0x8000873e (0x40a9) x1  0x0000000a
core   0: 0x80008740 (0x790d0893) addi    a7, s10, 1936
core   0: 0 0x80008740 (0x790d0893) x17 0x3c2fe130
core   0: 0x80008744 (0x00c43f33) sltu    t5, s0, a2
core   0: 0 0x80008744 (0x00c43f33) x30 0x00000001
core   0: 0x80008748 (0x00008d65) c.and   a0, s1
core   0: 0 0x80008748 (0x8d65) x10 0x00000790
core   0: 0x8000874a (0x0567e163) bltu    a5, s6, pc + 66
core   0: 0 0x8000874a (0x0567e163)
core   0: 0x8000878c (0x0328afb3) mulhsu  t6, a7, s2
core   0: 0 0x8000878c (0x0328afb3) x31 0x00000000
core   0: 0x80008790 (0x000084d5) c.srai  s1, 21
core   0: 0 0x80008790 (0x84d5) x9  0x00000000
core   0: 0x80008792 (0x0ff0000f) fence   iorw,iorw
core   0: 0 0x80008792 (0x0ff0000f)
core   0: 0x80008796 (0x00769233) sll     tp, a3, t2
core   0: 0 0x80008796 (0x00769233) x4  0x80025ce4
core   0: 0x8000879a (0x0000ec8d) c.bnez  s1, pc + 58
core   0: 0 0x8000879a (0xec8d)
core   0: 0x8000879c (0x00000f9a) c.slli  t6, 6
core   0: 0 0x8000879c (0x0f9a) x31 0x00000000
core   0: 0x8000879e (0x00006a3d) c.lui   s4, 0xf
core   0: 0 0x8000879e (0x6a3d) x20 0x0000f000
core   0: 0x800087a0 (0x93d94013) xori    zero, s2, -1731
core   0: 0 0x800087a0 (0x93d94013)
core   0: 0x800087a4 (0x00000588) c.addi4spn a0, sp, 704
core   0: 0 0x800087a4 (0x0588) x10 0x000002d4
core   0: 0x800087a6 (0x0000613d) c.addi16sp sp, 480
core   0: 0 0x800087a6 (0x613d) x2  0x000001f4
core   0: 0x800087a8 (0xd8aa6193) ori     gp, s4, -630
core   0: 0 0x800087a8 (0xd8aa6193) x3  0xfffffd8a
core   0: 0x800087ac (0x00000209) c.addi  tp, 2
core   0: 0 0x800087ac (0x0209) x4  0x80025ce6
core   0: 0x800087ae (0x02925bb3) divu    s7, tp, s1
core   0: 0 0x800087ae (0x02925bb3) x23 0xffffffff
core   0: 0x800087b2 (0xf6e51937) lui     s2, 0xf6e51
core   0: 0 0x800087b2 (0xf6e51937) x18 0xf6e51000
core   0: 0x800087b6 (0x01af1463) bne     t5, s10, pc + 8
core   0: 0 0x800087b6 (0x01af1463)
core   0: 0x800087be (0x03358033) mul     zero, a1, s3
core   0: 0 0x800087be (0x03358033)
core   0: 0x800087c2 (0xcfdc3737) lui     a4, 0xcfdc3
core   0: 0 0x800087c2 (0xcfdc3737) x14 0xcfdc3000
core   0: 0x800087c6 (0x02558663) beq     a1, t0, pc + 44
core   0: 0 0x800087c6 (0x02558663)
core   0: 0x800087ca (0x41698333) sub     t1, s3, s6
core   0: 0 0x800087ca (0x41698333) x6  0xffffffff
core   0: 0x800087ce (0xee362613) slti    a2, a2, -285
core   0: 0 0x800087ce (0xee362613) x12 0x00000000
core   0: 0x800087d2 (0x00008ce1) c.and   s1, s0
core   0: 0 0x800087d2 (0x8ce1) x9  0x00000000
core   0: 0x800087d4 (0x00006dc1) c.lui   s11, 0x10
core   0: 0 0x800087d4 (0x6dc1) x27 0x00010000
core   0: 0x800087d6 (0x01ebeab3) or      s5, s7, t5
core   0: 0 0x800087d6 (0x01ebeab3) x21 0xffffffff
core   0: 0x800087da (0x04176163) bltu    a4, ra, pc + 66
core   0: 0 0x800087da (0x04176163)
core   0: 0x800087de (0x00000001) c.nop
core   0: 0 0x800087de (0x0001)
core   0: 0x800087e0 (0x01436963) bltu    t1, s4, pc + 18
core   0: 0 0x800087e0 (0x01436963)
core   0: 0x800087e4 (0x0000c895) c.beqz  s1, pc + 52
core   0: 0 0x800087e4 (0xc895)
core   0: 0x80008818 (0x02b1ea33) rem     s4, gp, a1
core   0: 0 0x80008818 (0x02b1ea33) x20 0xfffffd8a
core   0: 0x8000881c (0x000014fd) c.addi  s1, -1
core   0: 0 0x8000881c (0x14fd) x9  0xffffffff
core   0: 0x8000881e (0x02a2f463) bgeu    t0, a0, pc + 40
core   0: 0 0x8000881e (0x02a2f463)
core   0: 0x80008846 (0x00008fd1) c.or    a5, a2
core   0: 0 0x80008846 (0x8fd1) x15 0x00000000
core   0: 0x80008848 (0x0965ff13) andi    t5, a1, 150
core   0: 0 0x80008848 (0x0965ff13) x30 0x00000004
core   0: 0x8000884c (0x03408fb3) mul     t6, ra, s4
core   0: 0 0x8000884c (0x03408fb3) x31 0xffffe764
core   0: 0x80008850 (0x03267833) remu    a6, a2, s2
core   0: 0 0x80008850 (0x03267833) x16 0x00000000
core   0: 0x80008854 (0x034e2133) mulhsu  sp, t3, s4
core   0: 0 0x80008854 (0x034e2133) x2  0x001c7375
core   0: 0x80008858 (0x000061fd) c.lui   gp, 0x1f
core   0: 0 0x80008858 (0x61fd) x3  0x0001f000
core   0: 0x8000885a (0x00008109) c.srli  a0, 2
core   0: 0 0x8000885a (0x8109) x10 0x000000b5
core   0: 0x8000885c (0x02ff02b3) mul     t0, t5, a5
core   0: 0 0x8000885c (0x02ff02b3) x5  0x00000000
core   0: 0x80008860 (0x00008069) c.srli  s0, 26
core   0: 0 0x80008860 (0x8069) x8  0x00000000
core   0: 0x80008862 (0x665e8137) lui     sp, 0x665e8
core   0: 0 0x80008862 (0x665e8137) x2  0x665e8000
core   0: 0x80008866 (0x00000001) c.nop
core   0: 0 0x80008866 (0x0001)
core   0: 0x80008868 (0x02da7133) remu    sp, s4, a3
core   0: 0 0x80008868 (0x02da7133) x2  0x7ffda0a6
core   0: 0x8000886c (0x41c05433) sra     s0, zero, t3
core   0: 0 0x8000886c (0x41c05433) x8  0x00000000
core   0: 0x80008870 (0x00001b1c) c.addi4spn a5, sp, 432
core   0: 0 0x80008870 (0x1b1c) x15 0x7ffda256
core   0: 0x80008872 (0x00008881) c.andi  s1, 0
core   0: 0 0x80008872 (0x8881) x9  0x00000000
core   0: 0x80008874 (0x032b0533) mul     a0, s6, s2
core   0: 0 0x80008874 (0x032b0533) x10 0xf6e51000
core   0: 0x80008878 (0x0000cb19) c.beqz  a4, pc + 22
core   0: 0 0x80008878 (0xcb19)
core   0: 0x8000887a (0x806ebd93) sltiu   s11, t4, -2042
core   0: 0 0x8000887a (0x806ebd93) x27 0x00000001
core   0: 0x8000887e (0x0000933e) c.add   t1, a5
core   0: 0 0x8000887e (0x933e) x6  0x7ffda255
core   0: 0x80008880 (0x02a538b3) mulhu   a7, a0, a0
core   0: 0 0x80008880 (0x02a538b3) x17 0xee1d07b5
core   0: 0x80008884 (0x00b63933) sltu    s2, a2, a1
core   0: 0 0x80008884 (0x00b63933) x18 0x00000001
core   0: 0x80008888 (0x00000001) c.nop
core   0: 0 0x80008888 (0x0001)
core   0: 0x8000888a (0x00827b33) and     s6, tp, s0
core   0: 0 0x8000888a (0x00827b33) x22 0x00000000
core   0: 0x8000888e (0x00009622) c.add   a2, s0
core   0: 0 0x8000888e (0x9622) x12 0x00000000
core   0: 0x80008890 (0x0000cf19) c.beqz  a4, pc + 30
core   0: 0 0x80008890 (0xcf19)
core   0: 0x80008892 (0x0182df33) srl     t5, t0, s8
core   0: 0 0x80008892 (0x0182df33) x30 0x00000000
core   0: 0x80008896 (0x0000987d) c.andi  s0, -1
core   0: 0 0x80008896 (0x987d) x8  0x00000000
core   0: 0x80008898 (0x01794b63) blt     s2, s7, pc + 22
core   0: 0 0x80008898 (0x01794b63)
core   0: 0x8000889c (0x40550f33) sub     t5, a0, t0
core   0: 0 0x8000889c (0x40550f33) x30 0xf6e51000
core   0: 0x800088a0 (0x002f1613) slli    a2, t5, 2
core   0: 0 0x800088a0 (0x002f1613) x12 0xdb944000
core   0: 0x800088a4 (0x0151ef33) or      t5, gp, s5
core   0: 0 0x800088a4 (0x0151ef33) x30 0xffffffff
core   0: 0x800088a8 (0x00001e7d) c.addi  t3, -1
core   0: 0 0x800088a8 (0x1e7d) x28 0x001c7375
core   0: 0x800088aa (0x0213f733) remu    a4, t2, ra
core   0: 0 0x800088aa (0x0213f733) x14 0x00000000
core   0: 0x800088ae (0x41928f33) sub     t5, t0, s9
core   0: 0 0x800088ae (0x41928f33) x30 0x00000000
core   0: 0x800088b2 (0xf7370237) lui     tp, 0xf7370
core   0: 0 0x800088b2 (0xf7370237) x4  0xf7370000
core   0: 0x800088b6 (0x0283ffb3) remu    t6, t2, s0
core   0: 0 0x800088b6 (0x0283ffb3) x31 0x00000000
core   0: 0x800088ba (0x0361c233) div     tp, gp, s6
core   0: 0 0x800088ba (0x0361c233) x4  0xffffffff
core   0: 0x800088be (0x020167b3) rem     a5, sp, zero
core   0: 0 0x800088be (0x020167b3) x15 0x7ffda0a6
core   0: 0x800088c2 (0x04816163) bltu    sp, s0, pc + 66
core   0: 0 0x800088c2 (0x04816163)
core   0: 0x800088c6 (0x029bda33) divu    s4, s7, s1
core   0: 0 0x800088c6 (0x029bda33) x20 0xffffffff
core   0: 0x800088ca (0x0257ca33) div     s4, a5, t0
core   0: 0 0x800088ca (0x0257ca33) x20 0xffffffff
core   0: 0x800088ce (0x001fd493) srli    s1, t6, 1
core   0: 0 0x800088ce (0x001fd493) x9  0x00000000
core   0: 0x800088d2 (0x05678063) beq     a5, s6, pc + 64
core   0: 0 0x800088d2 (0x05678063)
core   0: 0x800088d6 (0x0063ceb3) xor     t4, t2, t1
core   0: 0 0x800088d6 (0x0063ceb3) x29 0x7ffda255
core   0: 0x800088da (0x03d3f633) remu    a2, t2, t4
core   0: 0 0x800088da (0x03d3f633) x12 0x00000000
core   0: 0x800088de (0x0154e4b3) or      s1, s1, s5
core   0: 0 0x800088de (0x0154e4b3) x9  0xffffffff
core   0: 0x800088e2 (0x35a9c113) xori    sp, s3, 858
core   0: 0 0x800088e2 (0x35a9c113) x2  0x0000035a
core   0: 0x800088e6 (0x00006855) c.lui   a6, 0x15
core   0: 0 0x800088e6 (0x6855) x16 0x00015000
core   0: 0x800088e8 (0x4562c813) xori    a6, t0, 1110
core   0: 0 0x800088e8 (0x4562c813) x16 0x00000456
core   0: 0x800088ec (0x01cab633) sltu    a2, s5, t3
core   0: 0 0x800088ec (0x01cab633) x12 0x00000000
core   0: 0x800088f0 (0x000098fd) c.andi  s1, -1
core   0: 0 0x800088f0 (0x98fd) x9  0xffffffff
core   0: 0x800088f2 (0x02ef2b33) mulhsu  s6, t5, a4
core   0: 0 0x800088f2 (0x02ef2b33) x22 0x00000000
core   0: 0x800088f6 (0x8f93b993) sltiu   s3, t2, -1799
core   0: 0 0x800088f6 (0x8f93b993) x19 0x00000001
core   0: 0x800088fa (0x02dcb133) mulhu   sp, s9, a3
core   0: 0 0x800088fa (0x02dcb133) x2  0x00000000
core   0: 0x800088fe (0x00000001) c.nop
core   0: 0 0x800088fe (0x0001)
core   0: 0x80008900 (0x057b8163) beq     s7, s7, pc + 66
core   0: 0 0x80008900 (0x057b8163)
core   0: 0x80008942 (0x03c17133) remu    sp, sp, t3
core   0: 0 0x80008942 (0x03c17133) x2  0x00000000
core   0: 0x80008946 (0x0371ad33) mulhsu  s10, gp, s7
core   0: 0 0x80008946 (0x0371ad33) x26 0x0001efff
core   0: 0x8000894a (0x02df74b3) remu    s1, t5, a3
core   0: 0 0x8000894a (0x02df74b3) x9  0x00000000
core   0: 0x8000894e (0x018f8eb3) add     t4, t6, s8
core   0: 0 0x8000894e (0x018f8eb3) x29 0x00000000
core   0: 0x80008952 (0x00008ce9) c.and   s1, a0
core   0: 0 0x80008952 (0x8ce9) x9  0x00000000
core   0: 0x80008954 (0xbbec0e37) lui     t3, 0xbbec0
core   0: 0 0x80008954 (0xbbec0e37) x28 0xbbec0000
core   0: 0x80008958 (0x00000804) c.addi4spn s1, sp, 16
core   0: 0 0x80008958 (0x0804) x9  0x00000010
core   0: 0x8000895a (0x012d6633) or      a2, s10, s2
core   0: 0 0x8000895a (0x012d6633) x12 0x0001efff
core   0: 0x8000895e (0x00008c49) c.or    s0, a0
core   0: 0 0x8000895e (0x8c49) x8  0xf6e51000
core   0: 0x80008960 (0x00000df5) c.addi  s11, 29
core   0: 0 0x80008960 (0x0df5) x27 0x0000001e
core   0: 0x80008962 (0x000067dd) c.lui   a5, 0x17
core   0: 0 0x80008962 (0x67dd) x15 0x00017000
core   0: 0x80008964 (0x00009aa2) c.add   s5, s0
core   0: 0 0x80008964 (0x9aa2) x21 0xf6e50fff
core   0: 0x80008966 (0x01dc1633) sll     a2, s8, t4
core   0: 0 0x80008966 (0x01dc1633) x12 0x00000000
core   0: 0x8000896a (0x003157b3) srl     a5, sp, gp
core   0: 0 0x8000896a (0x003157b3) x15 0x00000000
core   0: 0x8000896e (0x03862c33) mulhsu  s8, a2, s8
core   0: 0 0x8000896e (0x03862c33) x24 0x00000000
core   0: 0x80008972 (0x01b73533) sltu    a0, a4, s11
core   0: 0 0x80008972 (0x01b73533) x10 0x00000001
core   0: 0x80008976 (0x00519863) bne     gp, t0, pc + 16
core   0: 0 0x80008976 (0x00519863)
core   0: 0x80008986 (0x02739533) mulh    a0, t2, t2
core   0: 0 0x80008986 (0x02739533) x10 0x00000000
core   0: 0x8000898a (0xb1f40b13) addi    s6, s0, -1249
core   0: 0 0x8000898a (0xb1f40b13) x22 0xf6e50b1f
core   0: 0x8000898e (0x026e88b3) mul     a7, t4, t1
core   0: 0 0x8000898e (0x026e88b3) x17 0x00000000
core   0: 0x80008992 (0x02af4b63) blt     t5, a0, pc + 54
core   0: 0 0x80008992 (0x02af4b63)
core   0: 0x80008996 (0x03b96d63) bltu    s2, s11, pc + 58
core   0: 0 0x80008996 (0x03b96d63)
core   0: 0x800089d0 (0x19bd2a93) slti    s5, s10, 411
core   0: 0 0x800089d0 (0x19bd2a93) x21 0x00000000
core   0: 0x800089d4 (0x0000942e) c.add   s0, a1
core   0: 0 0x800089d4 (0x942e) x8  0x76e72e64
core   0: 0x800089d6 (0x041e0063) beq     t3, ra, pc + 64
core   0: 0 0x800089d6 (0x041e0063)
core   0: 0x800089da (0x00000001) c.nop
core   0: 0 0x800089da (0x0001)
core   0: 0x800089dc (0x00000001) c.nop
core   0: 0 0x800089dc (0x0001)
core   0: 0x800089de (0x00008c7e) c.mv    s8, t6
core   0: 0 0x800089de (0x8c7e) x24 0x00000000
core   0: 0x800089e0 (0x08564213) xori    tp, a2, 133
core   0: 0 0x800089e0 (0x08564213) x4  0x00000085
core   0: 0x800089e4 (0x006cdd63) bge     s9, t1, pc + 26
core   0: 0 0x800089e4 (0x006cdd63)
core   0: 0x800089e8 (0x00a52fb3) slt     t6, a0, a0
core   0: 0 0x800089e8 (0x00a52fb3) x31 0x00000000
core   0: 0x800089ec (0x6dd3ff17) auipc   t5, 0x6dd3f
core   0: 0 0x800089ec (0x6dd3ff17) x30 0xedd479ec
core   0: 0x800089f0 (0x00008095) c.srli  s1, 5
core   0: 0 0x800089f0 (0x8095) x9  0x00000000
core   0: 0x800089f2 (0x034e0cb3) mul     s9, t3, s4
core   0: 0 0x800089f2 (0x034e0cb3) x25 0x44140000
core   0: 0x800089f6 (0x006da833) slt     a6, s11, t1
core   0: 0 0x800089f6 (0x006da833) x16 0x00000001
core   0: 0x800089fa (0x006b6ab3) or      s5, s6, t1
core   0: 0 0x800089fa (0x006b6ab3) x21 0xfffdab5f
core   0: 0x800089fe (0x032ec9b3) div     s3, t4, s2
core   0: 0 0x800089fe (0x032ec9b3) x19 0x00000000
core   0: 0x80008a02 (0x0245ee63) bltu    a1, tp, pc + 60
core   0: 0 0x80008a02 (0x0245ee63)
core   0: 0x80008a06 (0x00817333) and     t1, sp, s0
core   0: 0 0x80008a06 (0x00817333) x6  0x00000000
core   0: 0x80008a0a (0x0000171c) c.addi4spn a5, sp, 928
core   0: 0 0x80008a0a (0x171c) x15 0x000003a0
core   0: 0x80008a0c (0x01e29813) slli    a6, t0, 30
core   0: 0 0x80008a0c (0x01e29813) x16 0x00000000
core   0: 0x80008a10 (0x0000100f) fence.i
core   0: 0 0x80008a10 (0x0000100f)
core   0: 0x80008a14 (0x00008f61) c.and   a4, s0
core   0: 0 0x80008a14 (0x8f61) x14 0x00000000
core   0: 0x80008a16 (0x93408113) addi    sp, ra, -1740
core   0: 0 0x80008a16 (0x93408113) x2  0xfffff93e
core   0: 0x80008a1a (0x01d981b3) add     gp, s3, t4
core   0: 0 0x80008a1a (0x01d981b3) x3  0x00000000
core   0: 0x80008a1e (0x02e39fb3) mulh    t6, t2, a4
core   0: 0 0x80008a1e (0x02e39fb3) x31 0x00000000
core   0: 0x80008a22 (0x015c2bb3) slt     s7, s8, s5
core   0: 0 0x80008a22 (0x015c2bb3) x23 0x00000000
core   0: 0x80008a26 (0x001eb133) sltu    sp, t4, ra
core   0: 0 0x80008a26 (0x001eb133) x2  0x00000001
core   0: 0x80008a2a (0x0ff0000f) fence   iorw,iorw
core   0: 0 0x80008a2a (0x0ff0000f)
core   0: 0x80008a2e (0x00008f35) c.xor   a4, a3
core   0: 0 0x80008a2e (0x8f35) x14 0x80025ce4
core   0: 0x80008a30 (0x00835533) srl     a0, t1, s0
core   0: 0 0x80008a30 (0x00835533) x10 0x00000000
core   0: 0x80008a34 (0x00efdf13) srli    t5, t6, 14
core   0: 0 0x80008a34 (0x00efdf13) x30 0x00000000
core   0: 0x80008a38 (0x00008d3d) c.xor   a0, a5
core   0: 0 0x80008a38 (0x8d3d) x10 0x000003a0
core   0: 0x80008a3a (0x00008709) c.srai  a4, 2
core   0: 0 0x80008a3a (0x8709) x14 0xe0009739
core   0: 0x80008a3c (0x0000567d) c.li    a2, -1
core   0: 0 0x80008a3c (0x567d) x12 0xffffffff
core   0: 0x80008a3e (0x41395613) srai    a2, s2, 19
core   0: 0 0x80008a3e (0x41395613) x12 0x00000000
core   0: 0x80008a42 (0x00008f49) c.or    a4, a0
core   0: 0 0x80008a42 (0x8f49) x14 0xe00097b9
core   0: 0x80008a44 (0x02ec8d33) mul     s10, s9, a4
core   0: 0 0x80008a44 (0x02ec8d33) x26 0xfe740000
core   0: 0x80008a48 (0x034ac163) blt     s5, s4, pc + 34
core   0: 0 0x80008a48 (0x034ac163)
core   0: 0x80008a6a (0x006bddb3) srl     s11, s7, t1
core   0: 0 0x80008a6a (0x006bddb3) x27 0x00000000
core   0: 0x80008a6e (0x00008c41) c.or    s0, s0
core   0: 0 0x80008a6e (0x8c41) x8  0x76e72e64
core   0: 0x80008a70 (0x00008f45) c.or    a4, s1
core   0: 0 0x80008a70 (0x8f45) x14 0xe00097b9
core   0: 0x80008a72 (0x01968533) add     a0, a3, s9
core   0: 0 0x80008a72 (0x01968533) x10 0xc4165ce4
core   0: 0x80008a76 (0x00da1913) slli    s2, s4, 13
core   0: 0 0x80008a76 (0x00da1913) x18 0xffffe000
core   0: 0x80008a7a (0x02a51033) mulh    zero, a0, a0
core   0: 0 0x80008a7a (0x02a51033)
core   0: 0x80008a7e (0x005bfbb3) and     s7, s7, t0
core   0: 0 0x80008a7e (0x005bfbb3) x23 0x00000000
core   0: 0x80008a82 (0x00000190) c.addi4spn a2, sp, 192
core   0: 0 0x80008a82 (0x0190) x12 0x000000c1
core   0: 0x80008a84 (0x03e9f233) remu    tp, s3, t5
core   0: 0 0x80008a84 (0x03e9f233) x4  0x00000000
core   0: 0x80008a88 (0x02187033) remu    zero, a6, ra
core   0: 0 0x80008a88 (0x02187033)
core   0: 0x80008a8c (0x00009fca) c.add   t6, s2
core   0: 0 0x80008a8c (0x9fca) x31 0xffffe000
core   0: 0x80008a8e (0x402c5433) sra     s0, s8, sp
core   0: 0 0x80008a8e (0x402c5433) x8  0x00000000
core   0: 0x80008a92 (0x03e94133) div     sp, s2, t5
core   0: 0 0x80008a92 (0x03e94133) x2  0xffffffff
core   0: 0x80008a96 (0x000082ea) c.mv    t0, s10
core   0: 0 0x80008a96 (0x82ea) x5  0xfe740000
core   0: 0x80008a98 (0x01449093) slli    ra, s1, 20
core   0: 0 0x80008a98 (0x01449093) x1  0x00000000
core   0: 0x80008a9c (0x00928633) add     a2, t0, s1
core   0: 0 0x80008a9c (0x00928633) x12 0xfe740000
core   0: 0x80008aa0 (0x05aef363) bgeu    t4, s10, pc + 70
core   0: 0 0x80008aa0 (0x05aef363)
core   0: 0x80008aa4 (0x0000844e) c.mv    s0, s3
core   0: 0 0x80008aa4 (0x844e) x8  0x00000000
core   0: 0x80008aa6 (0x41630533) sub     a0, t1, s6
core   0: 0 0x80008aa6 (0x41630533) x10 0x091af4e1
core   0: 0x80008aaa (0x0388f133) remu    sp, a7, s8
core   0: 0 0x80008aaa (0x0388f133) x2  0x00000000
core   0: 0x80008aae (0x0000100f) fence.i
core   0: 0 0x80008aae (0x0000100f)
core   0: 0x80008ab2 (0x00008286) c.mv    t0, ra
core   0: 0 0x80008ab2 (0x8286) x5  0x00000000
core   0: 0x80008ab4 (0x0ff0000f) fence   iorw,iorw
core   0: 0 0x80008ab4 (0x0ff0000f)
core   0: 0x80008ab8 (0x01f89093) slli    ra, a7, 31
core   0: 0 0x80008ab8 (0x01f89093) x1  0x00000000
core   0: 0x80008abc (0x02de27b3) mulhsu  a5, t3, a3
core   0: 0 0x80008abc (0x02de27b3) x15 0xddf55f24
core   0: 0x80008ac0 (0x01018333) add     t1, gp, a6
core   0: 0 0x80008ac0 (0x01018333) x6  0x00000000
core   0: 0x80008ac4 (0x4f568193) addi    gp, a3, 1269
core   0: 0 0x80008ac4 (0x4f568193) x3  0x800261d9
core   0: 0x80008ac8 (0x016d50b3) srl     ra, s10, s6
core   0: 0 0x80008ac8 (0x016d50b3) x1  0x00000001
core   0: 0x80008acc (0x03468833) mul     a6, a3, s4
core   0: 0 0x80008acc (0x03468833) x16 0x7ffda31c
core   0: 0x80008ad0 (0x03abe033) rem     zero, s7, s10
core   0: 0 0x80008ad0 (0x03abe033)
core   0: 0x80008ad4 (0x01e57363) bgeu    a0, t5, pc + 6
core   0: 0 0x80008ad4 (0x01e57363)
core   0: 0x80008ada (0x02c27233) remu    tp, tp, a2
core   0: 0 0x80008ada (0x02c27233) x4  0x00000000
core   0: 0x80008ade (0x02251833) mulh    a6, a0, sp
core   0: 0 0x80008ade (0x02251833) x16 0x00000000
core   0: 0x80008ae2 (0x013e6933) or      s2, t3, s3
core   0: 0 0x80008ae2 (0x013e6933) x18 0xbbec0000
core   0: 0x80008ae6 (0x9ac5ba13) sltiu   s4, a1, -1620
core   0: 0 0x80008ae6 (0x9ac5ba13) x20 0x00000001
core   0: 0x80008aea (0x00008f05) c.sub   a4, s1
core   0: 0 0x80008aea (0x8f05) x14 0xe00097b9
core   0: 0x80008aec (0x00569493) slli    s1, a3, 5
core   0: 0 0x80008aec (0x00569493) x9  0x004b9c80
core   0: 0x80008af0 (0x945929b7) lui     s3, 0x94592
core   0: 0 0x80008af0 (0x945929b7) x19 0x94592000
core   0: 0x80008af4 (0x019b1e63) bne     s6, s9, pc + 28
core   0: 0 0x80008af4 (0x019b1e63)
core   0: 0x80008b10 (0x00b2ed63) bltu    t0, a1, pc + 26
core   0: 0 0x80008b10 (0x00b2ed63)
core   0: 0x80008b2a (0x0354f533) remu    a0, s1, s5
core   0: 0 0x80008b2a (0x0354f533) x10 0x004b9c80
core   0: 0x80008b2e (0x41b0df13) srai    t5, ra, 27
core   0: 0 0x80008b2e (0x41b0df13) x30 0x00000000
core   0: 0x80008b32 (0x03577e33) remu    t3, a4, s5
core   0: 0 0x80008b32 (0x03577e33) x28 0xe00097b9
core   0: 0x80008b36 (0x03dc2c33) mulhsu  s8, s8, t4
core   0: 0 0x80008b36 (0x03dc2c33) x24 0x00000000
core   0: 0x80008b3a (0x03888663) beq     a7, s8, pc + 44
core   0: 0 0x80008b3a (0x03888663)
core   0: 0x80008b66 (0x00008cd1) c.or    s1, a2
core   0: 0 0x80008b66 (0x8cd1) x9  0xfe7f9c80
core   0: 0x80008b68 (0x01cdec63) bltu    s11, t3, pc + 24
core   0: 0 0x80008b68 (0x01cdec63)
core   0: 0x80008b80 (0x00000626) c.slli  a2, 9
core   0: 0 0x80008b80 (0x0626) x12 0xe8000000
core   0: 0x80008b82 (0x623c2f93) slti    t6, s8, 1571
core   0: 0 0x80008b82 (0x623c2f93) x31 0x00000001
core   0: 0x80008b86 (0x002c9b93) slli    s7, s9, 2
core   0: 0 0x80008b86 (0x002c9b93) x23 0x10500000
core   0: 0x80008b8a (0x0367cd33) div     s10, a5, s6
core   0: 0 0x80008b8a (0x0367cd33) x26 0x00000003
core   0: 0x80008b8e (0x0ff0000f) fence   iorw,iorw
core   0: 0 0x80008b8e (0x0ff0000f)
core   0: 0x80008b92 (0x00b55b33) srl     s6, a0, a1
core   0: 0 0x80008b92 (0x00b55b33) x22 0x0004b9c8
core   0: 0x80008b96 (0x0000100f) fence.i
core   0: 0 0x80008b96 (0x0000100f)
core   0: 0x80008b9a (0x03256c63) bltu    a0, s2, pc + 56
core   0: 0 0x80008b9a (0x03256c63)
core   0: 0x80008bd2 (0x15e8dab7) lui     s5, 0x15e8d
core   0: 0 0x80008bd2 (0x15e8dab7) x21 0x15e8d000
core   0: 0x80008bd6 (0x00001e7d) c.addi  t3, -1
core   0: 0 0x80008bd6 (0x1e7d) x28 0xe00097b8
core   0: 0x80008bd8 (0x00008d11) c.sub   a0, a2
core   0: 0 0x80008bd8 (0x8d11) x10 0x184b9c80
core   0: 0x80008bda (0x00000001) c.nop
core   0: 0 0x80008bda (0x0001)
core   0: 0x80008bdc (0x00004b8d) c.li    s7, 3
core   0: 0 0x80008bdc (0x4b8d) x23 0x00000003
core   0: 0x80008bde (0x00009b76) c.add   s6, t4
core   0: 0 0x80008bde (0x9b76) x22 0x0004b9c8
core   0: 0x80008be0 (0x56ec8113) addi    sp, s9, 1390
core   0: 0 0x80008be0 (0x56ec8113) x2  0x4414056e
core   0: 0x80008be4 (0x02de4a33) div     s4, t3, a3
core   0: 0 0x80008be4 (0x02de4a33) x20 0x00000000
core   0: 0x80008be8 (0x01a0df93) srli    t6, ra, 26
core   0: 0 0x80008be8 (0x01a0df93) x31 0x00000000
core   0: 0x80008bec (0x002d1513) slli    a0, s10, 2
core   0: 0 0x80008bec (0x002d1513) x10 0x0000000c
core   0: 0x80008bf0 (0x039e4c63) blt     t3, s9, pc + 56
core   0: 0 0x80008bf0 (0x039e4c63)
core   0: 0x80008c28 (0x0f1e0293) addi    t0, t3, 241
core   0: 0 0x80008c28 (0x0f1e0293) x5  0xe00098a9
core   0: 0x80008c2c (0x00006109) c.addi16sp sp, 128
core   0: 0 0x80008c2c (0x6109) x2  0x441405ee
core   0: 0x80008c2e (0x41405f33) sra     t5, zero, s4
core   0: 0 0x80008c2e (0x41405f33) x30 0x00000000
core   0: 0x80008c32 (0x00161413) slli    s0, a2, 1
core   0: 0 0x80008c32 (0x00161413) x8  0xd0000000
core   0: 0x80008c36 (0x02775b33) divu    s6, a4, t2
core   0: 0 0x80008c36 (0x02775b33) x22 0xffffffff
core   0: 0x80008c3a (0x00009676) c.add   a2, t4
core   0: 0 0x80008c3a (0x9676) x12 0xe8000000
core   0: 0x80008c3c (0x0000717d) c.addi16sp sp, -16
core   0: 0 0x80008c3c (0x717d) x2  0x441405de
core   0: 0x80008c3e (0x034b7433) remu    s0, s6, s4
core   0: 0 0x80008c3e (0x034b7433) x8  0xffffffff
core   0: 0x80008c42 (0x03ed6463) bltu    s10, t5, pc + 40
core   0: 0 0x80008c42 (0x03ed6463)
core   0: 0x80008c46 (0x00008bca) c.mv    s7, s2
core   0: 0 0x80008c46 (0x8bca) x23 0xbbec0000
core   0: 0x80008c48 (0x00000001) c.nop
core   0: 0 0x80008c48 (0x0001)
core   0: 0x80008c4a (0x01e01313) slli    t1, zero, 30
core   0: 0 0x80008c4a (0x01e01313) x6  0x00000000
core   0: 0x80008c4e (0x403780b3) sub     ra, a5, gp
core   0: 0 0x80008c4e (0x403780b3) x1  0x5df2fd4b
core   0: 0x80008c52 (0x02178133) mul     sp, a5, ra
core   0: 0 0x80008c52 (0x02178133) x2  0x89f1738c
core   0: 0x80008c56 (0x0240e663) bltu    ra, tp, pc + 44
core   0: 0 0x80008c56 (0x0240e663)
core   0: 0x80008c5a (0x03356263) bltu    a0, s3, pc + 36
core   0: 0 0x80008c5a (0x03356263)
core   0: 0x80008c7e (0x03c12cb3) mulhsu  s9, sp, t3
core   0: 0 0x80008c7e (0x03c12cb3) x25 0x98b2ff23
core   0: 0x80008c82 (0x02fa8a63) beq     s5, a5, pc + 52
core   0: 0 0x80008c82 (0x02fa8a63)
core   0: 0x80008c86 (0x01149833) sll     a6, s1, a7
core   0: 0 0x80008c86 (0x01149833) x16 0xfe7f9c80
core   0: 0x80008c8a (0x00008c49) c.or    s0, a0
core   0: 0 0x80008c8a (0x8c49) x8  0xffffffff
core   0: 0x80008c8c (0x03df6eb3) rem     t4, t5, t4
core   0: 0 0x80008c8c (0x03df6eb3) x29 0x00000000
core   0: 0x80008c90 (0x00000a04) c.addi4spn s1, sp, 272
core   0: 0 0x80008c90 (0x0a04) x9  0x89f1749c
core   0: 0x80008c92 (0x02fcb0b3) mulhu   ra, s9, a5
core   0: 0 0x80008c92 (0x02fcb0b3) x1  0x8464e24f
core   0: 0x80008c96 (0x004bdf13) srli    t5, s7, 4
core   0: 0 0x80008c96 (0x004bdf13) x30 0x0bbec000
core   0: 0x80008c9a (0x0d196013) ori     zero, s2, 209
core   0: 0 0x80008c9a (0x0d196013)
core   0: 0x80008c9e (0x00004c1d) c.li    s8, 7
core   0: 0 0x80008c9e (0x4c1d) x24 0x00000007
core   0: 0x80008ca0 (0x0000841a) c.mv    s0, t1
core   0: 0 0x80008ca0 (0x841a) x8  0x00000000
core   0: 0x80008ca2 (0x01061a63) bne     a2, a6, pc + 20
core   0: 0 0x80008ca2 (0x01061a63)
core   0: 0x80008cb6 (0x0000997d) c.andi  a0, -1
core   0: 0 0x80008cb6 (0x997d) x10 0x0000000c
core   0: 0x80008cb8 (0x03009333) mulh    t1, ra, a6
core   0: 0 0x80008cb8 (0x03009333) x6  0x00b998b7
core   0: 0x80008cbc (0x0000627d) c.lui   tp, 0x1f
core   0: 0 0x80008cbc (0x627d) x4  0x0001f000
core   0: 0x80008cbe (0x41e50b33) sub     s6, a0, t5
core   0: 0 0x80008cbe (0x41e50b33) x22 0xf441400c
core   0: 0x80008cc2 (0x00758833) add     a6, a1, t2
core   0: 0 0x80008cc2 (0x00758833) x16 0x80021e64
core   0: 0x80008cc6 (0x000042c1) c.li    t0, 16
core   0: 0 0x80008cc6 (0x42c1) x5  0x00000010
core   0: 0x80008cc8 (0x00008e41) c.or    a2, s0
core   0: 0 0x80008cc8 (0x8e41) x12 0xe8000000
core   0: 0x80008cca (0x02d7f833) remu    a6, a5, a3
core   0: 0 0x80008cca (0x02d7f833) x16 0x5df30240
core   0: 0x80008cce (0x03ab7e33) remu    t3, s6, s10
core   0: 0 0x80008cce (0x03ab7e33) x28 0x00000001
core   0: 0x80008cd2 (0x00000288) c.addi4spn a0, sp, 320
core   0: 0 0x80008cd2 (0x0288) x10 0x89f174cc
core   0: 0x80008cd4 (0xf88afb93) andi    s7, s5, -120
core   0: 0 0x80008cd4 (0xf88afb93) x23 0x15e8d000
core   0: 0x80008cd8 (0x9bf88113) addi    sp, a7, -1601
core   0: 0 0x80008cd8 (0x9bf88113) x2  0xfffff9bf
core   0: 0x80008cdc (0x03cbe163) bltu    s7, t3, pc + 34
core   0: 0 0x80008cdc (0x03cbe163)
core   0: 0x80008ce0 (0x418282b3) sub     t0, t0, s8
core   0: 0 0x80008ce0 (0x418282b3) x5  0x00000009
core   0: 0x80008ce4 (0x01d7bb33) sltu    s6, a5, t4
core   0: 0 0x80008ce4 (0x01d7bb33) x22 0x00000000
core   0: 0x80008ce8 (0x00008e01) c.sub   a2, s0
core   0: 0 0x80008ce8 (0x8e01) x12 0xe8000000
core   0: 0x80008cea (0x01f22733) slt     a4, tp, t6
core   0: 0 0x80008cea (0x01f22733) x14 0x00000000
core   0: 0x80008cee (0x000010fd) c.addi  ra, -1
core   0: 0 0x80008cee (0x10fd) x1  0x8464e24e
core   0: 0x80008cf0 (0x00006b85) c.lui   s7, 0x1
core   0: 0 0x80008cf0 (0x6b85) x23 0x00001000
core   0: 0x80008cf2 (0x00008c1d) c.sub   s0, a5
core   0: 0 0x80008cf2 (0x8c1d) x8  0x220aa0dc
core   0: 0x80008cf4 (0x82658493) addi    s1, a1, -2010
core   0: 0 0x80008cf4 (0x82658493) x9  0x8002168a
core   0: 0x80008cf8 (0xe73ec917) auipc   s2, 0xe73ec
core   0: 0 0x80008cf8 (0xe73ec917) x18 0x673f4cf8
core   0: 0x80008cfc (0x00009d62) c.add   s10, s8
core   0: 0 0x80008cfc (0x9d62) x26 0x0000000a
core   0: 0x80008cfe (0x40dbd213) srai    tp, s7, 13
core   0: 0 0x80008cfe (0x40dbd213) x4  0x00000000
core   0: 0x80008d02 (0x035acc63) blt     s5, s5, pc + 56
core   0: 0 0x80008d02 (0x035acc63)
core   0: 0x80008d06 (0x03d8e8b3) rem     a7, a7, t4
core   0: 0 0x80008d06 (0x03d8e8b3) x17 0x00000000
core   0: 0x80008d0a (0x03ee1c63) bne     t3, t5, pc + 56
core   0: 0 0x80008d0a (0x03ee1c63)
core   0: 0x80008d42 (0x00001280) c.addi4spn s0, sp, 352
core   0: 0 0x80008d42 (0x1280) x8  0xfffffb1f
core   0: 0x80008d44 (0xa5e7b293) sltiu   t0, a5, -1442
core   0: 0 0x80008d44 (0xa5e7b293) x5  0x00000001
core   0: 0x80008d48 (0x00000001) c.nop
core   0: 0 0x80008d48 (0x0001)
core   0: 0x80008d4a (0x0000100f) fence.i
core   0: 0 0x80008d4a (0x0000100f)
core   0: 0x80008d4e (0x00006ead) c.lui   t4, 0xb
core   0: 0 0x80008d4e (0x6ead) x29 0x0000b000
core   0: 0x80008d50 (0x018c7233) and     tp, s8, s8
core   0: 0 0x80008d50 (0x018c7233) x4  0x00000007
core   0: 0x80008d54 (0x00008371) c.srli  a4, 28
core   0: 0 0x80008d54 (0x8371) x14 0x00000000
core   0: 0x80008d56 (0x05dd5263) bge     s10, t4, pc + 68
core   0: 0 0x80008d56 (0x05dd5263)
core   0: 0x80008d5a (0x00f21f13) slli    t5, tp, 15
core   0: 0 0x80008d5a (0x00f21f13) x30 0x00038000
core   0: 0x80008d5e (0x00008fb5) c.xor   a5, a3
core   0: 0 0x80008d5e (0x8fb5) x15 0x5df703c0
core   0: 0x80008d60 (0x0062e033) or      zero, t0, t1
core   0: 0 0x80008d60 (0x0062e033)
core   0: 0x80008d64 (0x00008e01) c.sub   a2, s0
core   0: 0 0x80008d64 (0x8e01) x12 0xe80004e1
core   0: 0x80008d66 (0x001a7d33) and     s10, s4, ra
core   0: 0 0x80008d66 (0x001a7d33) x26 0x00000000
core   0: 0x80008d6a (0x00008f39) c.xor   a4, a4
core   0: 0 0x80008d6a (0x8f39) x14 0x00000000
core   0: 0x80008d6c (0x0329c9b3) div     s3, s3, s2
core   0: 0 0x80008d6c (0x0329c9b3) x19 0xffffffff
core   0: 0x80008d70 (0x5cf3ac93) slti    s9, t2, 1487
core   0: 0 0x80008d70 (0x5cf3ac93) x25 0x00000001
core   0: 0x80008d74 (0x0000874d) c.srai  a4, 19
core   0: 0 0x80008d74 (0x874d) x14 0x00000000
core   0: 0x80008d76 (0x00775433) srl     s0, a4, t2
core   0: 0 0x80008d76 (0x00775433) x8  0x00000000
core   0: 0x80008d7a (0x017ed863) bge     t4, s7, pc + 16
core   0: 0 0x80008d7a (0x017ed863)
core   0: 0x80008d8a (0x416557b3) sra     a5, a0, s6
core   0: 0 0x80008d8a (0x416557b3) x15 0x89f174cc
core   0: 0x80008d8e (0x00009d42) c.add   s10, a6
core   0: 0 0x80008d8e (0x9d42) x26 0x5df30240
core   0: 0x80008d90 (0x0000ec01) c.bnez  s0, pc + 24
core   0: 0 0x80008d90 (0xec01)
core   0: 0x80008d92 (0x0247ddb3) divu    s11, a5, tp
core   0: 0 0x80008d92 (0x0247ddb3) x27 0x13b4c78a
core   0: 0x80008d96 (0x01fd6733) or      a4, s10, t6
core   0: 0 0x80008d96 (0x01fd6733) x14 0x5df30240
core   0: 0x80008d9a (0x0115f7b3) and     a5, a1, a7
core   0: 0 0x80008d9a (0x0115f7b3) x15 0x00000000
core   0: 0x80008d9e (0xaa7a7713) andi    a4, s4, -1369
core   0: 0 0x80008d9e (0xaa7a7713) x14 0x00000000
core   0: 0x80008da2 (0x00712533) slt     a0, sp, t2
core   0: 0 0x80008da2 (0x00712533) x10 0x00000001
core   0: 0x80008da6 (0x00008ea2) c.mv    t4, s0
core   0: 0 0x80008da6 (0x8ea2) x29 0x00000000
core   0: 0x80008da8 (0x03594e63) blt     s2, s5, pc + 60
core   0: 0 0x80008da8 (0x03594e63)
core   0: 0x80008dac (0x00006631) c.lui   a2, 0xc
core   0: 0 0x80008dac (0x6631) x12 0x0000c000
core   0: 0x80008dae (0x0000997d) c.andi  a0, -1
core   0: 0 0x80008dae (0x997d) x10 0x00000001
core   0: 0x80008db0 (0x41398933) sub     s2, s3, s3
core   0: 0 0x80008db0 (0x41398933) x18 0x00000000
core   0: 0x80008db4 (0x01836e63) bltu    t1, s8, pc + 28
core   0: 0 0x80008db4 (0x01836e63)
core   0: 0x80008db8 (0x011dd2b3) srl     t0, s11, a7
core   0: 0 0x80008db8 (0x011dd2b3) x5  0x13b4c78a
core   0: 0x80008dbc (0x0000100f) fence.i
core   0: 0 0x80008dbc (0x0000100f)
core   0: 0x80008dc0 (0x035ef933) remu    s2, t4, s5
core   0: 0 0x80008dc0 (0x035ef933) x18 0x00000000
core   0: 0x80008dc4 (0x002027b3) slt     a5, zero, sp
core   0: 0 0x80008dc4 (0x002027b3) x15 0x00000000
core   0: 0x80008dc8 (0x5a960637) lui     a2, 0x5a960
core   0: 0 0x80008dc8 (0x5a960637) x12 0x5a960000
core   0: 0x80008dcc (0xa69c6913) ori     s2, s8, -1431
core   0: 0 0x80008dcc (0xa69c6913) x18 0xfffffa6f
core   0: 0x80008dd0 (0x00006161) c.addi16sp sp, 80
core   0: 0 0x80008dd0 (0x6161) x2  0xfffffa0f
core   0: 0x80008dd2 (0x00008fe1) c.and   a5, s0
core   0: 0 0x80008dd2 (0x8fe1) x15 0x00000000
core   0: 0x80008dd4 (0x031774b3) remu    s1, a4, a7
core   0: 0 0x80008dd4 (0x031774b3) x9  0x00000000
core   0: 0x80008dd8 (0x00008c39) c.xor   s0, a4
core   0: 0 0x80008dd8 (0x8c39) x8  0x00000000
core   0: 0x80008dda (0x03b09ab3) mulh    s5, ra, s11
core   0: 0 0x80008dda (0x03b09ab3) x21 0xf67c3362
core   0: 0x80008dde (0x00008f49) c.or    a4, a0
core   0: 0 0x80008dde (0x8f49) x14 0x00000001
core   0: 0x80008de0 (0x02defbb3) remu    s7, t4, a3
core   0: 0 0x80008de0 (0x02defbb3) x23 0x00000000
core   0: 0x80008de4 (0x00923b33) sltu    s6, tp, s1
core   0: 0 0x80008de4 (0x00923b33) x22 0x00000000
core   0: 0x80008de8 (0x40880133) sub     sp, a6, s0
core   0: 0 0x80008de8 (0x40880133) x2  0x5df30240
core   0: 0x80008dec (0x00a9d1b3) srl     gp, s3, a0
core   0: 0 0x80008dec (0x00a9d1b3) x3  0x7fffffff
core   0: 0x80008df0 (0x00000001) c.nop
core   0: 0 0x80008df0 (0x0001)
core   0: 0x80008df2 (0x0000e491) c.bnez  s1, pc + 12
core   0: 0 0x80008df2 (0xe491)
core   0: 0x80008df4 (0x00008911) c.andi  a0, 4
core   0: 0 0x80008df4 (0x8911) x10 0x00000000
core   0: 0x80008df6 (0x00000d00) c.addi4spn s0, sp, 656
core   0: 0 0x80008df6 (0x0d00) x8  0x5df304d0
core   0: 0x80008df8 (0x00008f85) c.sub   a5, s1
core   0: 0 0x80008df8 (0x8f85) x15 0x00000000
core   0: 0x80008dfa (0x00008a0d) c.andi  a2, 3
core   0: 0 0x80008dfa (0x8a0d) x12 0x00000000
core   0: 0x80008dfc (0x00008e01) c.sub   a2, s0
core   0: 0 0x80008dfc (0x8e01) x12 0xa20cfb30
core   0: 0x80008dfe (0xe8cd3013) sltiu   zero, s10, -372
core   0: 0 0x80008dfe (0xe8cd3013)
core   0: 0x80008e02 (0x00b8be33) sltu    t3, a7, a1
core   0: 0 0x80008e02 (0x00b8be33) x28 0x00000001
core   0: 0x80008e06 (0x00006cbd) c.lui   s9, 0xf
core   0: 0 0x80008e06 (0x6cbd) x25 0x0000f000
core   0: 0x80008e08 (0x0000187d) c.addi  a6, -1
core   0: 0 0x80008e08 (0x187d) x16 0x5df3023f
core   0: 0x80008e0a (0x01f2fb33) and     s6, t0, t6
core   0: 0 0x80008e0a (0x01f2fb33) x22 0x00000000
core   0: 0x80008e0e (0x000057fd) c.li    a5, -1
core   0: 0 0x80008e0e (0x57fd) x15 0xffffffff
core   0: 0x80008e10 (0x0163c1b3) xor     gp, t2, s6
core   0: 0 0x80008e10 (0x0163c1b3) x3  0x00000000
core   0: 0x80008e14 (0x02e6f563) bgeu    a3, a4, pc + 42
core   0: 0 0x80008e14 (0x02e6f563)
core   0: 0x80008e3e (0x01af41b3) xor     gp, t5, s10
core   0: 0 0x80008e3e (0x01af41b3) x3  0x5df08240
core   0: 0x80008e42 (0x00008c89) c.sub   s1, a0
core   0: 0 0x80008e42 (0x8c89) x9  0x00000000
core   0: 0x80008e44 (0x00008cd9) c.or    s1, a4
core   0: 0 0x80008e44 (0x8cd9) x9  0x00000001
core   0: 0x80008e46 (0x406b8a33) sub     s4, s7, t1
core   0: 0 0x80008e46 (0x406b8a33) x20 0xff466749
core   0: 0x80008e4a (0x0239a7b3) mulhsu  a5, s3, gp
core   0: 0 0x80008e4a (0x0239a7b3) x15 0xffffffff
core   0: 0x80008e4e (0x00bdf333) and     t1, s11, a1
core   0: 0 0x80008e4e (0x00bdf333) x6  0x00000600
core   0: 0x80008e52 (0x00008c19) c.sub   s0, a4
core   0: 0 0x80008e52 (0x8c19) x8  0x5df304cf
core   0: 0x80008e54 (0x0000040a) c.slli  s0, 2
core   0: 0 0x80008e54 (0x040a) x8  0x77cc133c
core   0: 0x80008e56 (0x0000609d) c.lui   ra, 0x7
core   0: 0 0x80008e56 (0x609d) x1  0x00007000
core   0: 0x80008e58 (0x0000100f) fence.i
core   0: 0 0x80008e58 (0x0000100f)
core   0: 0x80008e5c (0x01067033) and     zero, a2, a6
core   0: 0 0x80008e5c (0x01067033)
core   0: 0x80008e60 (0x00008341) c.srli  a4, 16
core   0: 0 0x80008e60 (0x8341) x14 0x00000000
core   0: 0x80008e62 (0x03bb5a33) divu    s4, s6, s11
core   0: 0 0x80008e62 (0x03bb5a33) x20 0x00000000
core   0: 0x80008e66 (0x014c7733) and     a4, s8, s4
core   0: 0 0x80008e66 (0x014c7733) x14 0x00000000
core   0: 0x80008e6a (0x40830933) sub     s2, t1, s0
core   0: 0 0x80008e6a (0x40830933) x18 0x8833f2c4
core   0: 0x80008e6e (0x00000001) c.nop
core   0: 0 0x80008e6e (0x0001)
core   0: 0x80008e70 (0x0000717d) c.addi16sp sp, -16
core   0: 0 0x80008e70 (0x717d) x2  0x5df30230
core   0: 0x80008e72 (0x2c282017) auipc   zero, 0x2c282
core   0: 0 0x80008e72 (0x2c282017)
core   0: 0x80008e76 (0x008292b3) sll     t0, t0, s0
core   0: 0 0x80008e76 (0x008292b3) x5  0xa0000000
core   0: 0x80008e7a (0x00006b95) c.lui   s7, 0x5
core   0: 0 0x80008e7a (0x6b95) x23 0x00005000
core   0: 0x80008e7c (0x00000001) c.nop
core   0: 0 0x80008e7c (0x0001)
core   0: 0x80008e7e (0x00d35833) srl     a6, t1, a3
core   0: 0 0x80008e7e (0x00d35833) x16 0x00000060
core   0: 0x80008e82 (0x90b4cf13) xori    t5, s1, -1781
core   0: 0 0x80008e82 (0x90b4cf13) x30 0xfffff90a
core   0: 0x80008e86 (0x00006abd) c.lui   s5, 0xf
core   0: 0 0x80008e86 (0x6abd) x21 0x0000f000
core   0: 0x80008e88 (0x014ce133) or      sp, s9, s4
core   0: 0 0x80008e88 (0x014ce133) x2  0x0000f000
core   0: 0x80008e8c (0x59bfb197) auipc   gp, 0x59bfb
core   0: 0 0x80008e8c (0x59bfb197) x3  0xd9c03e8c
core   0: 0x80008e90 (0x0000157d) c.addi  a0, -1
core   0: 0 0x80008e90 (0x157d) x10 0xffffffff
core   0: 0x80008e92 (0x00008dd6) c.mv    s11, s5
core   0: 0 0x80008e92 (0x8dd6) x27 0x0000f000
core   0: 0x80008e94 (0x00008a12) c.mv    s4, tp
core   0: 0 0x80008e94 (0x8a12) x20 0x00000007
core   0: 0x80008e96 (0x0000c099) c.beqz  s1, pc + 6
core   0: 0 0x80008e96 (0xc099)
core   0: 0x80008e98 (0x0182dcb3) srl     s9, t0, s8
core   0: 0 0x80008e98 (0x0182dcb3) x25 0x01400000
core   0: 0x80008e9c (0x026aff63) bgeu    s5, t1, pc + 62
core   0: 0 0x80008e9c (0x026aff63)
core   0: 0x80008eda (0x5f5cba93) sltiu   s5, s9, 1525
core   0: 0 0x80008eda (0x5f5cba93) x21 0x00000000
core   0: 0x80008ede (0x02f6e763) bltu    a3, a5, pc + 46
core   0: 0 0x80008ede (0x02f6e763)
core   0: 0x80008f0c (0x02f99633) mulh    a2, s3, a5
core   0: 0 0x80008f0c (0x02f99633) x12 0x00000000
core   0: 0x80008f10 (0x13c81d97) auipc   s11, 0x13c81
core   0: 0 0x80008f10 (0x13c81d97) x27 0x93c89f10
core   0: 0x80008f14 (0x006c6e33) or      t3, s8, t1
core   0: 0 0x80008f14 (0x006c6e33) x28 0x00000607
core   0: 0x80008f18 (0xfcfdc713) xori    a4, s11, -49
core   0: 0 0x80008f18 (0xfcfdc713) x14 0x6c3760df
core   0: 0x80008f1c (0x00006849) c.lui   a6, 0x12
core   0: 0 0x80008f1c (0x6849) x16 0x00012000
core   0: 0x80008f1e (0x02ccfdb3) remu    s11, s9, a2
core   0: 0 0x80008f1e (0x02ccfdb3) x27 0x01400000
core   0: 0x80008f22 (0x404488b3) sub     a7, s1, tp
core   0: 0 0x80008f22 (0x404488b3) x17 0xfffffffa
core   0: 0x80008f26 (0x033f1833) mulh    a6, t5, s3
core   0: 0 0x80008f26 (0x033f1833) x16 0x00000000
core   0: 0x80008f2a (0x01fc6533) or      a0, s8, t6
core   0: 0 0x80008f2a (0x01fc6533) x10 0x00000007
core   0: 0x80008f2e (0x0000cf0d) c.beqz  a4, pc + 58
core   0: 0 0x80008f2e (0xcf0d)
core   0: 0x80008f30 (0x00d03c33) snez    s8, a3
core   0: 0 0x80008f30 (0x00d03c33) x24 0x00000001
core   0: 0x80008f34 (0x00000001) c.nop
core   0: 0 0x80008f34 (0x0001)
core   0: 0x80008f36 (0x00008f79) c.and   a4, a4
core   0: 0 0x80008f36 (0x8f79) x14 0x6c3760df
core   0: 0x80008f38 (0x01397863) bgeu    s2, s3, pc + 16
core   0: 0 0x80008f38 (0x01397863)
core   0: 0x80008f3c (0x7a77eb13) ori     s6, a5, 1959
core   0: 0 0x80008f3c (0x7a77eb13) x22 0xffffffff
core   0: 0x80008f40 (0xbb1abc93) sltiu   s9, s5, -1103
core   0: 0 0x80008f40 (0xbb1abc93) x25 0x00000001
core   0: 0x80008f44 (0xe866e0b7) lui     ra, 0xe866e
core   0: 0 0x80008f44 (0xe866e0b7) x1  0xe866e000
core   0: 0x80008f48 (0x013d6b33) or      s6, s10, s3
core   0: 0 0x80008f48 (0x013d6b33) x22 0xffffffff
core   0: 0x80008f4c (0x0000717d) c.addi16sp sp, -16
core   0: 0 0x80008f4c (0x717d) x2  0x0000eff0
core   0: 0x80008f4e (0x000068e1) c.lui   a7, 0x18
core   0: 0 0x80008f4e (0x68e1) x17 0x00018000
core   0: 0x80008f50 (0x00006841) c.lui   a6, 0x10
core   0: 0 0x80008f50 (0x6841) x16 0x00010000
core   0: 0x80008f52 (0x000097ca) c.add   a5, s2
core   0: 0 0x80008f52 (0x97ca) x15 0x8833f2c3
core   0: 0x80008f54 (0x00f63533) sltu    a0, a2, a5
core   0: 0 0x80008f54 (0x00f63533) x10 0x00000001
core   0: 0x80008f58 (0x022694b3) mulh    s1, a3, sp
core   0: 0 0x80008f58 (0x022694b3) x9  0xffff880a
core   0: 0x80008f5c (0x00008ca5) c.xor   s1, s1
core   0: 0 0x80008f5c (0x8ca5) x9  0x00000000
core   0: 0x80008f5e (0x00008881) c.andi  s1, 0
core   0: 0 0x80008f5e (0x8881) x9  0x00000000
core   0: 0x80008f60 (0x2f504913) xori    s2, zero, 757
core   0: 0 0x80008f60 (0x2f504913) x18 0x000002f5
core   0: 0x80008f64 (0x0099cd33) xor     s10, s3, s1
core   0: 0 0x80008f64 (0x0099cd33) x26 0xffffffff
core   0: 0x80008f68 (0x4138dfb3) sra     t6, a7, s3
core   0: 0 0x80008f68 (0x4138dfb3) x31 0x00000000
core   0: 0x80008f6c (0x41b98db3) sub     s11, s3, s11
core   0: 0 0x80008f6c (0x41b98db3) x27 0xfebfffff
core   0: 0x80008f70 (0x01909bb3) sll     s7, ra, s9
core   0: 0 0x80008f70 (0x01909bb3) x23 0xd0cdc000
core   0: 0x80008f74 (0xd0a2ee93) ori     t4, t0, -758
core   0: 0 0x80008f74 (0xd0a2ee93) x29 0xfffffd0a
core   0: 0x80008f78 (0x00bf1e33) sll     t3, t5, a1
core   0: 0 0x80008f78 (0x00bf1e33) x28 0xffff90a0
core   0: 0x80008f7c (0x0040d233) srl     tp, ra, tp
core   0: 0 0x80008f7c (0x0040d233) x4  0x01d0cdc0
core   0: 0x80008f80 (0x0094ec63) bltu    s1, s1, pc + 24
core   0: 0 0x80008f80 (0x0094ec63)
core   0: 0x80008f84 (0x27aa0313) addi    t1, s4, 634
core   0: 0 0x80008f84 (0x27aa0313) x6  0x00000281
core   0: 0x80008f88 (0x0000ed0d) c.bnez  a0, pc + 58
core   0: 0 0x80008f88 (0xed0d)
core   0: 0x80008fc2 (0x86b2db97) auipc   s7, 0x86b2d
core   0: 0 0x80008fc2 (0x86b2db97) x23 0x06b35fc2
core   0: 0x80008fc6 (0x03d33bb3) mulhu   s7, t1, t4
core   0: 0 0x80008fc6 (0x03d33bb3) x23 0x00000280
core   0: 0x80008fca (0x0000442d) c.li    s0, 11
core   0: 0 0x80008fca (0x442d) x8  0x0000000b
core   0: 0x80008fcc (0x0000615d) c.addi16sp sp, 432
core   0: 0 0x80008fcc (0x615d) x2  0x0000f1a0
core   0: 0x80008fce (0x00008cb1) c.xor   s1, a2
core   0: 0 0x80008fce (0x8cb1) x9  0x00000000
core   0: 0x80008fd0 (0x00000001) c.nop
core   0: 0 0x80008fd0 (0x0001)
core   0: 0x80008fd2 (0x000080bd) c.srli  s1, 15
core   0: 0 0x80008fd2 (0x80bd) x9  0x00000000
core   0: 0x80008fd4 (0x00009bfd) c.andi  a5, -1
core   0: 0 0x80008fd4 (0x9bfd) x15 0x8833f2c3
core   0: 0x80008fd6 (0xa3cf8013) addi    zero, t6, -1476
core   0: 0 0x80008fd6 (0xa3cf8013)
core   0: 0x80008fda (0x00008f41) c.or    a4, s0
core   0: 0 0x80008fda (0x8f41) x14 0x6c3760df
core   0: 0x80008fdc (0x01581c13) slli    s8, a6, 21
core   0: 0 0x80008fdc (0x01581c13) x24 0x00000000
core   0: 0x80008fe0 (0x00ff0933) add     s2, t5, a5
core   0: 0 0x80008fe0 (0x00ff0933) x18 0x8833ebcd
core   0: 0x80008fe4 (0x028ea1b3) mulhsu  gp, t4, s0
core   0: 0 0x80008fe4 (0x028ea1b3) x3  0xffffffff
core   0: 0x80008fe8 (0x00008cf1) c.and   s1, a2
core   0: 0 0x80008fe8 (0x8cf1) x9  0x00000000
core   0: 0x80008fea (0x00001ffd) c.addi  t6, -1
core   0: 0 0x80008fea (0x1ffd) x31 0xffffffff
core   0: 0x80008fec (0x02550a63) beq     a0, t0, pc + 52
core   0: 0 0x80008fec (0x02550a63)
core   0: 0x80008ff0 (0x00e03eb3) snez    t4, a4
core   0: 0 0x80008ff0 (0x00e03eb3) x29 0x00000001
core   0: 0x80008ff4 (0x40ae5db3) sra     s11, t3, a0
core   0: 0 0x80008ff4 (0x40ae5db3) x27 0xffffc850
core   0: 0x80008ff8 (0xc59bc997) auipc   s3, 0xc59bc
core   0: 0 0x80008ff8 (0xc59bc997) x19 0x459c4ff8
core   0: 0x80008ffc (0x01d21613) slli    a2, tp, 29
core   0: 0 0x80008ffc (0x01d21613) x12 0x00000000
core   0: 0x80009000 (0x050f4163) blt     t5, a6, pc + 66
core   0: 0 0x80009000 (0x050f4163)
core   0: 0x80009042 (0x017bee63) bltu    s7, s7, pc + 28
core   0: 0 0x80009042 (0x017bee63)
core   0: 0x80009046 (0xa0ca4713) xori    a4, s4, -1524
core   0: 0 0x80009046 (0xa0ca4713) x14 0xfffffa0b
core   0: 0x8000904a (0x04088163) beqz    a7, pc + 66
core   0: 0 0x8000904a (0x04088163)
core   0: 0x8000904e (0x0367f763) bgeu    a5, s6, pc + 46
core   0: 0 0x8000904e (0x0367f763)
core   0: 0x80009052 (0x00ffc763) blt     t6, a5, pc + 14
core   0: 0 0x80009052 (0x00ffc763)
core   0: 0x80009056 (0x04cec463) blt     t4, a2, pc + 72
core   0: 0 0x80009056 (0x04cec463)
core   0: 0x8000905a (0x01ad2ab3) slt     s5, s10, s10
core   0: 0 0x8000905a (0x01ad2ab3) x21 0x00000000
core   0: 0x8000905e (0x00008d01) c.sub   a0, s0
core   0: 0 0x8000905e (0x8d01) x10 0xfffffff6
core   0: 0x80009060 (0x00009c3e) c.add   s8, a5
core   0: 0 0x80009060 (0x9c3e) x24 0x8833f2c3
core   0: 0x80009062 (0x08252813) slti    a6, a0, 130
core   0: 0 0x80009062 (0x08252813) x16 0x00000001
core   0: 0x80009066 (0x027a0f63) beq     s4, t2, pc + 62
core   0: 0 0x80009066 (0x027a0f63)
core   0: 0x8000906a (0x0000874e) c.mv    a4, s3
core   0: 0 0x8000906a (0x874e) x14 0x459c4ff8
core   0: 0x8000906c (0x00b3e4b3) or      s1, t2, a1
core   0: 0 0x8000906c (0x00b3e4b3) x9  0x80021e64
core   0: 0x80009070 (0x02a1bdb3) mulhu   s11, gp, a0
core   0: 0 0x80009070 (0x02a1bdb3) x27 0xfffffff5
core   0: 0x80009074 (0x56356e93) ori     t4, a0, 1379
core   0: 0 0x80009074 (0x56356e93) x29 0xfffffff7
core   0: 0x80009078 (0x015c89b3) add     s3, s9, s5
core   0: 0 0x80009078 (0x015c89b3) x19 0x00000001
core   0: 0x8000907c (0x0000100f) fence.i
core   0: 0 0x8000907c (0x0000100f)
core   0: 0x80009080 (0x03674f63) blt     a4, s6, pc + 62
core   0: 0 0x80009080 (0x03674f63)
core   0: 0x80009084 (0x40268333) sub     t1, a3, sp
core   0: 0 0x80009084 (0x40268333) x6  0x80016b44
core   0: 0x80009088 (0x002bc333) xor     t1, s7, sp
core   0: 0 0x80009088 (0x002bc333) x6  0x0000f320
core   0: 0x8000908c (0x23712093) slti    ra, sp, 567
core   0: 0 0x8000908c (0x23712093) x1  0x00000000
core   0: 0x80009090 (0x414e5f33) sra     t5, t3, s4
core   0: 0 0x80009090 (0x414e5f33) x30 0xffffff21
core   0: 0x80009094 (0xf304b113) sltiu   sp, s1, -208
core   0: 0 0x80009094 (0xf304b113) x2  0x00000001
core   0: 0x80009098 (0x0000717d) c.addi16sp sp, -16
core   0: 0 0x80009098 (0x717d) x2  0xfffffff1
core   0: 0x8000909a (0xeb5f6d13) ori     s10, t5, -331
core   0: 0 0x8000909a (0xeb5f6d13) x26 0xffffffb5
core   0: 0x8000909e (0xdbe64893) xori    a7, a2, -578
core   0: 0 0x8000909e (0xdbe64893) x17 0xfffffdbe
core   0: 0x800090a2 (0x00008d0d) c.sub   a0, a1
core   0: 0 0x800090a2 (0x8d0d) x10 0x7ffde192
core   0: 0x800090a4 (0x02bdd763) bge     s11, a1, pc + 46
core   0: 0 0x800090a4 (0x02bdd763)
core   0: 0x800090d2 (0x02e379b3) remu    s3, t1, a4
core   0: 0 0x800090d2 (0x02e379b3) x19 0x0000f320
core   0: 0x800090d6 (0x7ea16493) ori     s1, sp, 2026
core   0: 0 0x800090d6 (0x7ea16493) x9  0xfffffffb
core   0: 0x800090da (0x03d144b3) div     s1, sp, t4
core   0: 0 0x800090da (0x03d144b3) x9  0x00000001
core   0: 0x800090de (0x01a81133) sll     sp, a6, s10
core   0: 0 0x800090de (0x01a81133) x2  0x00200000
core   0: 0x800090e2 (0x0262ebb3) rem     s7, t0, t1
core   0: 0 0x800090e2 (0x0262ebb3) x23 0xffff91a0
core   0: 0x800090e6 (0x01099893) slli    a7, s3, 16
core   0: 0 0x800090e6 (0x01099893) x17 0xf3200000
core   0: 0x800090ea (0x0167eeb3) or      t4, a5, s6
core   0: 0 0x800090ea (0x0167eeb3) x29 0xffffffff
core   0: 0x800090ee (0x01254733) xor     a4, a0, s2
core   0: 0 0x800090ee (0x01254733) x14 0xf7ce0a5f
core   0: 0x800090f2 (0x00008fc1) c.or    a5, s0
core   0: 0 0x800090f2 (0x8fc1) x15 0x8833f2cb
core   0: 0x800090f4 (0xaada4b13) xori    s6, s4, -1363
core   0: 0 0x800090f4 (0xaada4b13) x22 0xfffffaaa
core   0: 0x800090f8 (0x02c231b3) mulhu   gp, tp, a2
core   0: 0 0x800090f8 (0x02c231b3) x3  0x00000000
core   0: 0x800090fc (0x4012dc93) srai    s9, t0, 1
core   0: 0 0x800090fc (0x4012dc93) x25 0xd0000000
core   0: 0x80009100 (0x00008145) c.srli  a0, 17
core   0: 0 0x80009100 (0x8145) x10 0x00003ffe
core   0: 0x80009102 (0x0178bd33) sltu    s10, a7, s7
core   0: 0 0x80009102 (0x0178bd33) x26 0x00000001
core   0: 0x80009106 (0x00008711) c.srai  a4, 4
core   0: 0 0x80009106 (0x8711) x14 0xff7ce0a5
core   0: 0x80009108 (0x00008c0d) c.sub   s0, a1
core   0: 0 0x80009108 (0x8c0d) x8  0x7ffde1a7
core   0: 0x8000910a (0x009bafb3) slt     t6, s7, s1
core   0: 0 0x8000910a (0x009bafb3) x31 0x00000001
core   0: 0x8000910e (0x40e95113) srai    sp, s2, 14
core   0: 0 0x8000910e (0x40e95113) x2  0xfffe20cf
core   0: 0x80009112 (0x00000b3a) c.slli  s6, 14
core   0: 0 0x80009112 (0x0b3a) x22 0xfeaa8000
core   0: 0x80009114 (0x00004429) c.li    s0, 10
core   0: 0 0x80009114 (0x4429) x8  0x0000000a
core   0: 0x80009116 (0x00000a98) c.addi4spn a4, sp, 336
core   0: 0 0x80009116 (0x0a98) x14 0xfffe221f
core   0: 0x80009118 (0x3f732e13) slti    t3, t1, 1015
core   0: 0 0x80009118 (0x3f732e13) x28 0x00000000
core   0: 0x8000911c (0x01183bb3) sltu    s7, a6, a7
core   0: 0 0x8000911c (0x01183bb3) x23 0x00000001
core   0: 0x80009120 (0x0000083d) c.addi  a6, 15
core   0: 0 0x80009120 (0x083d) x16 0x00000010
core   0: 0x80009122 (0x02b2c2b3) div     t0, t0, a1
core   0: 0 0x80009122 (0x02b2c2b3) x5  0x00000000
core   0: 0x80009126 (0xfdb30c13) addi    s8, t1, -37
core   0: 0 0x80009126 (0xfdb30c13) x24 0x0000f2fb
core   0: 0x8000912a (0x00000001) c.nop
core   0: 0 0x8000912a (0x0001)
core   0: 0x8000912c (0x035e6cb3) rem     s9, t3, s5
core   0: 0 0x8000912c (0x035e6cb3) x25 0x00000000
core   0: 0x80009130 (0x0000610d) c.addi16sp sp, 160
core   0: 0 0x80009130 (0x610d) x2  0xfffe216f
core   0: 0x80009132 (0x0000cf05) c.beqz  a4, pc + 56
core   0: 0 0x80009132 (0xcf05)
core   0: 0x80009134 (0x1b213193) sltiu   gp, sp, 434
core   0: 0 0x80009134 (0x1b213193) x3  0x00000000
core   0: 0x80009138 (0x010f2533) slt     a0, t5, a6
core   0: 0 0x80009138 (0x010f2533) x10 0x00000001
core   0: 0x8000913c (0x01195093) srli    ra, s2, 17
core   0: 0 0x8000913c (0x01195093) x1  0x00004419
core   0: 0x80009140 (0x6a587113) andi    sp, a6, 1701
core   0: 0 0x80009140 (0x6a587113) x2  0x00000000
core   0: 0x80009144 (0x41bddf33) sra     t5, s11, s11
core   0: 0 0x80009144 (0x41bddf33) x30 0xffffffff
core   0: 0x80009148 (0x00000a1a) c.slli  s4, 6
core   0: 0 0x80009148 (0x0a1a) x20 0x000001c0
core   0: 0x8000914a (0x0041c9b3) xor     s3, gp, tp
core   0: 0 0x8000914a (0x0041c9b3) x19 0x01d0cdc0
core   0: 0x8000914e (0x01a6f933) and     s2, a3, s10
core   0: 0 0x8000914e (0x01a6f933) x18 0x00000000
core   0: 0x80009152 (0x000083e5) c.srli  a5, 25
core   0: 0 0x80009152 (0x83e5) x15 0x00000044
core   0: 0x80009154 (0x0000e809) c.bnez  s0, pc + 18
core   0: 0 0x80009154 (0xe809)
core   0: 0x80009166 (0x0367f633) remu    a2, a5, s6
core   0: 0 0x80009166 (0x0367f633) x12 0x00000044
core   0: 0x8000916a (0xd88d6313) ori     t1, s10, -632
core   0: 0 0x8000916a (0xd88d6313) x6  0xfffffd89
core   0: 0x8000916e (0x00000290) c.addi4spn a2, sp, 320
core   0: 0 0x8000916e (0x0290) x12 0x00000140
core   0: 0x80009170 (0x01729333) sll     t1, t0, s7
core   0: 0 0x80009170 (0x01729333) x6  0x00000000
core   0: 0x80009174 (0x0000c805) c.beqz  s0, pc + 48
core   0: 0 0x80009174 (0xc805)
core   0: 0x80009176 (0x031d3bb3) mulhu   s7, s10, a7
core   0: 0 0x80009176 (0x031d3bb3) x23 0x00000000
core   0: 0x8000917a (0x0000cd19) c.beqz  a0, pc + 30
core   0: 0 0x8000917a (0xcd19)
core   0: 0x8000917c (0x00008c7d) c.and   s0, a5
core   0: 0 0x8000917c (0x8c7d) x8  0x00000000
core   0: 0x8000917e (0x00008015) c.srli  s0, 5
core   0: 0 0x8000917e (0x8015) x8  0x00000000
core   0: 0x80009180 (0xffbd4a13) xori    s4, s10, -5
core   0: 0 0x80009180 (0xffbd4a13) x20 0xfffffffa
core   0: 0x80009184 (0x00008a11) c.andi  a2, 4
core   0: 0 0x80009184 (0x8a11) x12 0x00000000
core   0: 0x80009186 (0x00006105) c.addi16sp sp, 32
core   0: 0 0x80009186 (0x6105) x2  0x00000020
core   0: 0x80009188 (0x00008f61) c.and   a4, s0
core   0: 0 0x80009188 (0x8f61) x14 0x00000000
core   0: 0x8000918a (0x00009a7d) c.andi  a2, -1
core   0: 0 0x8000918a (0x9a7d) x12 0x00000000
core   0: 0x8000918c (0xc12b4c93) xori    s9, s6, -1006
core   0: 0 0x8000918c (0xc12b4c93) x25 0x01557c12
core   0: 0x80009190 (0x40e75493) srai    s1, a4, 14
core   0: 0 0x80009190 (0x40e75493) x9  0x00000000
core   0: 0x80009194 (0x0055d493) srli    s1, a1, 5
core   0: 0 0x80009194 (0x0055d493) x9  0x040010f3
core   0: 0x80009198 (0x00a59f63) bne     a1, a0, pc + 30
core   0: 0 0x80009198 (0x00a59f63)
core   0: 0x800091b6 (0x000040fd) c.li    ra, 31
core   0: 0 0x800091b6 (0x40fd) x1  0x0000001f
core   0: 0x800091b8 (0x0123ec33) or      s8, t2, s2
core   0: 0 0x800091b8 (0x0123ec33) x24 0x00000000
core   0: 0x800091bc (0x000084f1) c.srai  s1, 28
core   0: 0 0x800091bc (0x84f1) x9  0x00000000
core   0: 0x800091be (0x00006999) c.lui   s3, 0x6
core   0: 0 0x800091be (0x6999) x19 0x00006000
core   0: 0x800091c0 (0x035234b3) mulhu   s1, tp, s5
core   0: 0 0x800091c0 (0x035234b3) x9  0x00000000
core   0: 0x800091c4 (0x02477533) remu    a0, a4, tp
core   0: 0 0x800091c4 (0x02477533) x10 0x00000000
core   0: 0x800091c8 (0x05849063) bne     s1, s8, pc + 64
core   0: 0 0x800091c8 (0x05849063)
core   0: 0x800091cc (0x02863933) mulhu   s2, a2, s0
core   0: 0 0x800091cc (0x02863933) x18 0x00000000
core   0: 0x800091d0 (0x0000871d) c.srai  a4, 7
core   0: 0 0x800091d0 (0x871d) x14 0x00000000
core   0: 0x800091d2 (0x0341db33) divu    s6, gp, s4
core   0: 0 0x800091d2 (0x0341db33) x22 0x00000000
core   0: 0x800091d6 (0x00008c05) c.sub   s0, s1
core   0: 0 0x800091d6 (0x8c05) x8  0x00000000
core   0: 0x800091d8 (0x00008e41) c.or    a2, s0
core   0: 0 0x800091d8 (0x8e41) x12 0x00000000
core   0: 0x800091da (0x96b27813) andi    a6, tp, -1685
core   0: 0 0x800091da (0x96b27813) x16 0x01d0c940
core   0: 0x800091de (0x02878e63) beq     a5, s0, pc + 60
core   0: 0 0x800091de (0x02878e63)
core   0: 0x800091e2 (0x00000c1a) c.slli  s8, 6
core   0: 0 0x800091e2 (0x0c1a) x24 0x00000000
core   0: 0x800091e4 (0x41c7db33) sra     s6, a5, t3
core   0: 0 0x800091e4 (0x41c7db33) x22 0x00000044
core   0: 0x800091e8 (0x02c11663) bne     sp, a2, pc + 44
core   0: 0 0x800091e8 (0x02c11663)
core   0: 0x80009214 (0x029f5bb3) divu    s7, t5, s1
core   0: 0 0x80009214 (0x029f5bb3) x23 0xffffffff
core   0: 0x80009218 (0x000002ea) c.slli  t0, 26
core   0: 0 0x80009218 (0x02ea) x5  0x00000000
core   0: 0x8000921a (0x378f68b7) lui     a7, 0x378f6
core   0: 0 0x8000921a (0x378f68b7) x17 0x378f6000
core   0: 0x8000921e (0x02a16a33) rem     s4, sp, a0
core   0: 0 0x8000921e (0x02a16a33) x20 0x00000020
core   0: 0x80009222 (0x0228cbb3) div     s7, a7, sp
core   0: 0 0x80009222 (0x0228cbb3) x23 0x01bc7b00
core   0: 0x80009226 (0x000081ee) c.mv    gp, s11
core   0: 0 0x80009226 (0x81ee) x3  0xfffffff5
core   0: 0x80009228 (0x00008c35) c.xor   s0, a3
core   0: 0 0x80009228 (0x8c35) x8  0x80025ce4
core   0: 0x8000922a (0x036b9d63) bne     s7, s6, pc + 58
core   0: 0 0x8000922a (0x036b9d63)
core   0: 0x80009264 (0x01f69813) slli    a6, a3, 31
core   0: 0 0x80009264 (0x01f69813) x16 0x00000000
core   0: 0x80009268 (0x41e75d33) sra     s10, a4, t5
core   0: 0 0x80009268 (0x41e75d33) x26 0x00000000
core   0: 0x8000926c (0x037a0a63) beq     s4, s7, pc + 52
core   0: 0 0x8000926c (0x037a0a63)
core   0: 0x80009270 (0x03b7c7b3) div     a5, a5, s11
core   0: 0 0x80009270 (0x03b7c7b3) x15 0xfffffffa
core   0: 0x80009274 (0x0000072e) c.slli  a4, 11
core   0: 0 0x80009274 (0x072e) x14 0x00000000
core   0: 0x80009276 (0x00000001) c.nop
core   0: 0 0x80009276 (0x0001)
core   0: 0x80009278 (0x00882b33) slt     s6, a6, s0
core   0: 0 0x80009278 (0x00882b33) x22 0x00000000
core   0: 0x8000927c (0x00008c6d) c.and   s0, a1
core   0: 0 0x8000927c (0x8c6d) x8  0x80021c64
core   0: 0x8000927e (0x000010fd) c.addi  ra, -1
core   0: 0 0x8000927e (0x10fd) x1  0x0000001e
core   0: 0x80009280 (0x035d3a33) mulhu   s4, s10, s5
core   0: 0 0x80009280 (0x035d3a33) x20 0x00000000
core   0: 0x80009284 (0x0000820a) c.mv    tp, sp
core   0: 0 0x80009284 (0x820a) x4  0x00000020
core   0: 0x80009286 (0x00001e88) c.addi4spn a0, sp, 880
core   0: 0 0x80009286 (0x1e88) x10 0x00000390
core   0: 0x80009288 (0xdeaff093) andi    ra, t6, -534
core   0: 0 0x80009288 (0xdeaff093) x1  0x00000000
core   0: 0x8000928c (0x0000c715) c.beqz  a4, pc + 44
core   0: 0 0x8000928c (0xc715)
core   0: 0x800092b8 (0x40e450b3) sra     ra, s0, a4
core   0: 0 0x800092b8 (0x40e450b3) x1  0x80021c64
core   0: 0x800092bc (0x03880663) beq     a6, s8, pc + 44
core   0: 0 0x800092bc (0x03880663)
core   0: 0x800092e8 (0x00008eee) c.mv    t4, s11
core   0: 0 0x800092e8 (0x8eee) x29 0xfffffff5
core   0: 0x800092ea (0x03a3b4b3) mulhu   s1, t2, s10
core   0: 0 0x800092ea (0x03a3b4b3) x9  0x00000000
core   0: 0x800092ee (0x00000001) c.nop
core   0: 0 0x800092ee (0x0001)
core   0: 0x800092f0 (0x0000899a) c.mv    s3, t1
core   0: 0 0x800092f0 (0x899a) x19 0x00000000
core   0: 0x800092f2 (0x01395c33) srl     s8, s2, s3
core   0: 0 0x800092f2 (0x01395c33) x24 0x00000000
core   0: 0x800092f6 (0x0000016e) c.slli  sp, 27
core   0: 0 0x800092f6 (0x016e) x2  0x00000000
core   0: 0x800092f8 (0x37ecb913) sltiu   s2, s9, 894
core   0: 0 0x800092f8 (0x37ecb913) x18 0x00000000
core   0: 0x800092fc (0x006f5913) srli    s2, t5, 6
core   0: 0 0x800092fc (0x006f5913) x18 0x03ffffff
core   0: 0x80009300 (0x03c29033) mulh    zero, t0, t3
core   0: 0 0x80009300 (0x03c29033)
core   0: 0x80009304 (0x40180b33) sub     s6, a6, ra
core   0: 0 0x80009304 (0x40180b33) x22 0x7ffde39c
core   0: 0x80009308 (0x01019133) sll     sp, gp, a6
core   0: 0 0x80009308 (0x01019133) x2  0xfffffff5
core   0: 0x8000930c (0xf601c813) xori    a6, gp, -160
core   0: 0 0x8000930c (0xf601c813) x16 0x00000095
core   0: 0x80009310 (0x03f03133) mulhu   sp, zero, t6
core   0: 0 0x80009310 (0x03f03133) x2  0x00000000
core   0: 0x80009314 (0x0000717d) c.addi16sp sp, -16
core   0: 0 0x80009314 (0x717d) x2  0xfffffff0
core   0: 0x80009316 (0x02163833) mulhu   a6, a2, ra
core   0: 0 0x80009316 (0x02163833) x16 0x00000000
core   0: 0x8000931a (0x03c1ddb3) divu    s11, gp, t3
core   0: 0 0x8000931a (0x03c1ddb3) x27 0xffffffff
core   0: 0x8000931e (0x014a5d93) srli    s11, s4, 20
core   0: 0 0x8000931e (0x014a5d93) x27 0x00000000
core   0: 0x80009322 (0x0000836d) c.srli  a4, 27
core   0: 0 0x80009322 (0x836d) x14 0x00000000
core   0: 0x80009324 (0x00000001) c.nop
core   0: 0 0x80009324 (0x0001)
core   0: 0x80009326 (0x006f5313) srli    t1, t5, 6
core   0: 0 0x80009326 (0x006f5313) x6  0x03ffffff
core   0: 0x8000932a (0x00000ea1) c.addi  t4, 8
core   0: 0 0x8000932a (0x0ea1) x29 0xfffffffd
core   0: 0x8000932c (0x00009e1a) c.add   t3, t1
core   0: 0 0x8000932c (0x9e1a) x28 0x03ffffff
core   0: 0x8000932e (0x03ecc763) blt     s9, t5, pc + 46
core   0: 0 0x8000932e (0x03ecc763)
core   0: 0x80009332 (0x00fa37b3) sltu    a5, s4, a5
core   0: 0 0x80009332 (0x00fa37b3) x15 0x00000001
core   0: 0x80009336 (0x03224a33) div     s4, tp, s2
core   0: 0 0x80009336 (0x03224a33) x20 0x00000000
core   0: 0x8000933a (0x9591cd93) xori    s11, gp, -1703
core   0: 0 0x8000933a (0x9591cd93) x27 0x000006ac
core   0: 0x8000933e (0x00000001) c.nop
core   0: 0 0x8000933e (0x0001)
core   0: 0x80009340 (0x015a8e63) beq     s5, s5, pc + 28
core   0: 0 0x80009340 (0x015a8e63)
core   0: 0x8000935c (0x02776133) rem     sp, a4, t2
core   0: 0 0x8000935c (0x02776133) x2  0x00000000
core   0: 0x80009360 (0x00001780) c.addi4spn s0, sp, 992
core   0: 0 0x80009360 (0x1780) x8  0x000003e0
core   0: 0x80009362 (0x037851b3) divu    gp, a6, s7
core   0: 0 0x80009362 (0x037851b3) x3  0x00000000
core   0: 0x80009366 (0x01cd0bb3) add     s7, s10, t3
core   0: 0 0x80009366 (0x01cd0bb3) x23 0x03ffffff
core   0: 0x8000936a (0x3d6b2217) auipc   tp, 0x3d6b2
core   0: 0 0x8000936a (0x3d6b2217) x4  0xbd6bb36a
core   0: 0x8000936e (0x00009836) c.add   a6, a3
core   0: 0 0x8000936e (0x9836) x16 0x80025ce4
core   0: 0x80009370 (0x01851a63) bne     a0, s8, pc + 20
core   0: 0 0x80009370 (0x01851a63)
core   0: 0x80009384 (0x0000100f) fence.i
core   0: 0 0x80009384 (0x0000100f)
core   0: 0x80009388 (0x00000001) c.nop
core   0: 0 0x80009388 (0x0001)
core   0: 0x8000938a (0x0000033a) c.slli  t1, 14
core   0: 0 0x8000938a (0x033a) x6  0xffffc000
core   0: 0x8000938c (0x0293fcb3) remu    s9, t2, s1
core   0: 0 0x8000938c (0x0293fcb3) x25 0x00000000
core   0: 0x80009390 (0x036dbf33) mulhu   t5, s11, s6
core   0: 0 0x80009390 (0x036dbf33) x30 0x00000355
core   0: 0x80009394 (0x55d9d797) auipc   a5, 0x55d9d
core   0: 0 0x80009394 (0x55d9d797) x15 0xd5da6394
core   0: 0x80009398 (0x409f0033) sub     zero, t5, s1
core   0: 0 0x80009398 (0x409f0033)
core   0: 0x8000939c (0x00001dfd) c.addi  s11, -1
core   0: 0 0x8000939c (0x1dfd) x27 0x000006ab
core   0: 0x8000939e (0x01bd4bb3) xor     s7, s10, s11
core   0: 0 0x8000939e (0x01bd4bb3) x23 0x000006ab
core   0: 0x800093a2 (0x00001f00) c.addi4spn s0, sp, 944
core   0: 0 0x800093a2 (0x1f00) x8  0x000003b0
core   0: 0x800093a4 (0x02ea60b3) rem     ra, s4, a4
core   0: 0 0x800093a4 (0x02ea60b3) x1  0x00000000
core   0: 0x800093a8 (0x00008ca9) c.xor   s1, a0
core   0: 0 0x800093a8 (0x8ca9) x9  0x00000390
core   0: 0x800093aa (0x15e25f17) auipc   t5, 0x15e25
core   0: 0 0x800093aa (0x15e25f17) x30 0x95e2e3aa
core   0: 0x800093ae (0x0000ee05) c.bnez  a2, pc + 56
core   0: 0 0x800093ae (0xee05)
core   0: 0x800093b0 (0x03d0eb63) bltu    ra, t4, pc + 54
core   0: 0 0x800093b0 (0x03d0eb63)
core   0: 0x800093e6 (0x0000100f) fence.i
core   0: 0 0x800093e6 (0x0000100f)
core   0: 0x800093ea (0x01bfddb3) srl     s11, t6, s11
core   0: 0 0x800093ea (0x01bfddb3) x27 0x00000000
core   0: 0x800093ee (0x03f2a4b3) mulhsu  s1, t0, t6
core   0: 0 0x800093ee (0x03f2a4b3) x9  0x00000000
core   0: 0x800093f2 (0x033ac533) div     a0, s5, s3
core   0: 0 0x800093f2 (0x033ac533) x10 0xffffffff
core   0: 0x800093f6 (0x0000597d) c.li    s2, -1
core   0: 0 0x800093f6 (0x597d) x18 0xffffffff
core   0: 0x800093f8 (0x017a1a63) bne     s4, s7, pc + 20
core   0: 0 0x800093f8 (0x017a1a63)
core   0: 0x8000940c (0x014f8363) beq     t6, s4, pc + 6
core   0: 0 0x8000940c (0x014f8363)
core   0: 0x80009410 (0x00008f0d) c.sub   a4, a1
core   0: 0 0x80009410 (0x8f0d) x14 0x7ffde19c
core   0: 0x80009412 (0x01bbde33) srl     t3, s7, s11
core   0: 0 0x80009412 (0x01bbde33) x28 0x000006ab
core   0: 0x80009416 (0x0000891d) c.andi  a0, 7
core   0: 0 0x80009416 (0x891d) x10 0x00000007
core   0: 0x80009418 (0x21bd8c13) addi    s8, s11, 539
core   0: 0 0x80009418 (0x21bd8c13) x24 0x0000021b
core   0: 0x8000941c (0x85d93237) lui     tp, 0x85d93
core   0: 0 0x8000941c (0x85d93237) x4  0x85d93000
core   0: 0x80009420 (0x00000001) c.nop
core   0: 0 0x80009420 (0x0001)
core   0: 0x80009422 (0x01564433) xor     s0, a2, s5
core   0: 0 0x80009422 (0x01564433) x8  0x00000000
core   0: 0x80009426 (0x03db6eb3) rem     t4, s6, t4
core   0: 0 0x80009426 (0x03db6eb3) x29 0x00000001
core   0: 0x8000942a (0x037a61b3) rem     gp, s4, s7
core   0: 0 0x8000942a (0x037a61b3) x3  0x00000000
core   0: 0x8000942e (0x00000b3a) c.slli  s6, 14
core   0: 0 0x8000942e (0x0b3a) x22 0x78e70000
core   0: 0x80009430 (0x004a5ab3) srl     s5, s4, tp
core   0: 0 0x80009430 (0x004a5ab3) x21 0x00000000
core   0: 0x80009434 (0x00000001) c.nop
core   0: 0 0x80009434 (0x0001)
core   0: 0x80009436 (0x00008f11) c.sub   a4, a2
core   0: 0 0x80009436 (0x8f11) x14 0x7ffde19c
core   0: 0x80009438 (0x00000001) c.nop
core   0: 0 0x80009438 (0x0001)
core   0: 0x8000943a (0x023b4633) div     a2, s6, gp
core   0: 0 0x8000943a (0x023b4633) x12 0xffffffff
core   0: 0x8000943e (0x00008cfa) c.mv    s9, t5
core   0: 0 0x8000943e (0x8cfa) x25 0x95e2e3aa
core   0: 0x80009440 (0x00001f7d) c.addi  t5, -1
core   0: 0 0x80009440 (0x1f7d) x30 0x95e2e3a9
core   0: 0x80009442 (0x00847e63) bgeu    s0, s0, pc + 28
core   0: 0 0x80009442 (0x00847e63)
core   0: 0x8000945e (0x00008fb5) c.xor   a5, a3
core   0: 0 0x8000945e (0x8fb5) x15 0x55d83f70
core   0: 0x80009460 (0x000081c2) c.mv    gp, a6
core   0: 0 0x80009460 (0x81c2) x3  0x80025ce4
core   0: 0x80009462 (0x00008d69) c.and   a0, a0
core   0: 0 0x80009462 (0x8d69) x10 0x00000007
core   0: 0x80009464 (0x000067b1) c.lui   a5, 0xc
core   0: 0 0x80009464 (0x67b1) x15 0x0000c000
core   0: 0x80009466 (0x0ff0000f) fence   iorw,iorw
core   0: 0 0x80009466 (0x0ff0000f)
core   0: 0x8000946a (0x02383533) mulhu   a0, a6, gp
core   0: 0 0x8000946a (0x02383533) x10 0x40025ce9
core   0: 0x8000946e (0x00008e61) c.and   a2, s0
core   0: 0 0x8000946e (0x8e61) x12 0x00000000
core   0: 0x80009470 (0x0337cb63) blt     a5, s3, pc + 54
core   0: 0 0x80009470 (0x0337cb63)
core   0: 0x80009474 (0x001c1513) slli    a0, s8, 1
core   0: 0 0x80009474 (0x001c1513) x10 0x00000436
core   0: 0x80009478 (0x000087dd) c.srai  a5, 23
core   0: 0 0x80009478 (0x87dd) x15 0x00000000
core   0: 0x8000947a (0x01a3fb33) and     s6, t2, s10
core   0: 0 0x8000947a (0x01a3fb33) x22 0x00000000
core   0: 0x8000947e (0x033290b3) mulh    ra, t0, s3
core   0: 0 0x8000947e (0x033290b3) x1  0x00000000
core   0: 0x80009482 (0x000084d2) c.mv    s1, s4
core   0: 0 0x80009482 (0x84d2) x9  0x00000000
core   0: 0x80009484 (0x00008f4d) c.or    a4, a1
core   0: 0 0x80009484 (0x8f4d) x14 0xfffffffc
core   0: 0x80009486 (0x03df8e33) mul     t3, t6, t4
core   0: 0 0x80009486 (0x03df8e33) x28 0x00000001
core   0: 0x8000948a (0x31b43337) lui     t1, 0x31b43
core   0: 0 0x8000948a (0x31b43337) x6  0x31b43000
core   0: 0x8000948e (0x00008351) c.srli  a4, 20
core   0: 0 0x8000948e (0x8351) x14 0x00000fff
core   0: 0x80009490 (0x5ba07c93) andi    s9, zero, 1466
core   0: 0 0x80009490 (0x5ba07c93) x25 0x00000000
core   0: 0x80009494 (0x03519c63) bne     gp, s5, pc + 56
core   0: 0 0x80009494 (0x03519c63)
core   0: 0x800094cc (0x320c0c13) addi    s8, s8, 800
core   0: 0 0x800094cc (0x320c0c13) x24 0x0000053b
core   0: 0x800094d0 (0x01812a33) slt     s4, sp, s8
core   0: 0 0x800094d0 (0x01812a33) x20 0x00000001
core   0: 0x800094d4 (0x03d94533) div     a0, s2, t4
core   0: 0 0x800094d4 (0x03d94533) x10 0xffffffff
core   0: 0x800094d8 (0x00000001) c.nop
core   0: 0 0x800094d8 (0x0001)
core   0: 0x800094da (0x0208e2b3) rem     t0, a7, zero
core   0: 0 0x800094da (0x0208e2b3) x5  0x378f6000
core   0: 0x800094de (0x00000dfe) c.slli  s11, 31
core   0: 0 0x800094de (0x0dfe) x27 0x00000000
core   0: 0x800094e0 (0x00008be9) c.andi  a5, 26
core   0: 0 0x800094e0 (0x8be9) x15 0x00000000
core   0: 0x800094e2 (0x03b9a7b3) mulhsu  a5, s3, s11
core   0: 0 0x800094e2 (0x03b9a7b3) x15 0x00000000
core   0: 0x800094e6 (0xffdc2d93) slti    s11, s8, -3
core   0: 0 0x800094e6 (0xffdc2d93) x27 0x00000000
core   0: 0x800094ea (0x01014f63) blt     sp, a6, pc + 30
core   0: 0 0x800094ea (0x01014f63)
core   0: 0x800094ee (0x00000290) c.addi4spn a2, sp, 320
core   0: 0 0x800094ee (0x0290) x12 0x00000140
core   0: 0x800094f0 (0x00700e63) beq     zero, t2, pc + 28
core   0: 0 0x800094f0 (0x00700e63)
core   0: 0x8000950c (0x405e5513) srai    a0, t3, 5
core   0: 0 0x8000950c (0x405e5513) x10 0x00000000
core   0: 0x80009510 (0xcf2d6e97) auipc   t4, 0xcf2d6
core   0: 0 0x80009510 (0xcf2d6e97) x29 0x4f2df510
core   0: 0x80009514 (0x00000001) c.nop
core   0: 0 0x80009514 (0x0001)
core   0: 0x80009516 (0x00c82e33) slt     t3, a6, a2
core   0: 0 0x80009516 (0x00c82e33) x28 0x00000001
core   0: 0x8000951a (0x6168bd93) sltiu   s11, a7, 1558
core   0: 0 0x8000951a (0x6168bd93) x27 0x00000000
core   0: 0x8000951e (0x00008005) c.srli  s0, 1
core   0: 0 0x8000951e (0x8005) x8  0x00000000
core   0: 0x80009520 (0x023bcd63) blt     s7, gp, pc + 58
core   0: 0 0x80009520 (0x023bcd63)
core   0: 0x80009524 (0x00008c5a) c.mv    s8, s6
core   0: 0 0x80009524 (0x8c5a) x24 0x00000000
core   0: 0x80009526 (0x0183ac33) slt     s8, t2, s8
core   0: 0 0x80009526 (0x0183ac33) x24 0x00000000
core   0: 0x8000952a (0x006af963) bgeu    s5, t1, pc + 18
core   0: 0 0x8000952a (0x006af963)
core   0: 0x8000952e (0x40078db3) sub     s11, a5, zero
core   0: 0 0x8000952e (0x40078db3) x27 0x00000000
core   0: 0x80009532 (0x0000e019) c.bnez  s0, pc + 6
core   0: 0 0x80009532 (0xe019)
core   0: 0x80009534 (0x00209d13) slli    s10, ra, 2
core   0: 0 0x80009534 (0x00209d13) x26 0x00000000
core   0: 0x80009538 (0x00008822) c.mv    a6, s0
core   0: 0 0x80009538 (0x8822) x16 0x00000000
core   0: 0x8000953a (0x00008f99) c.sub   a5, a4
core   0: 0 0x8000953a (0x8f99) x15 0xfffff001
core   0: 0x8000953c (0x0a572797) auipc   a5, 0xa572
core   0: 0 0x8000953c (0x0a572797) x15 0x8a57b53c
core   0: 0x80009540 (0x000088fd) c.andi  s1, 31
core   0: 0 0x80009540 (0x88fd) x9  0x00000000
core   0: 0x80009542 (0x00008e79) c.and   a2, a4
core   0: 0 0x80009542 (0x8e79) x12 0x00000140
core   0: 0x80009544 (0x00008c05) c.sub   s0, s1
core   0: 0 0x80009544 (0x8c05) x8  0x00000000
core   0: 0x80009546 (0x1e515337) lui     t1, 0x1e515
core   0: 0 0x80009546 (0x1e515337) x6  0x1e515000
core   0: 0x8000954a (0x03098cb3) mul     s9, s3, a6
core   0: 0 0x8000954a (0x03098cb3) x25 0x00000000
core   0: 0x8000954e (0x41cfd613) srai    a2, t6, 28
core   0: 0 0x8000954e (0x41cfd613) x12 0x00000000
core   0: 0x80009552 (0x0025ad33) slt     s10, a1, sp
core   0: 0 0x80009552 (0x0025ad33) x26 0x00000001
core   0: 0x80009556 (0x3a276b37) lui     s6, 0x3a276
core   0: 0 0x80009556 (0x3a276b37) x22 0x3a276000
core   0: 0x8000955a (0x013c17b3) sll     a5, s8, s3
core   0: 0 0x8000955a (0x013c17b3) x15 0x00000000
core   0: 0x8000955e (0x512dc797) auipc   a5, 0x512dc
core   0: 0 0x8000955e (0x512dc797) x15 0xd12e555e
core   0: 0x80009562 (0x00006151) c.addi16sp sp, 272
core   0: 0 0x80009562 (0x6151) x2  0x00000110
core   0: 0x80009564 (0x4b853493) sltiu   s1, a0, 1208
core   0: 0 0x80009564 (0x4b853493) x9  0x00000001
core   0: 0x80009568 (0x0000877d) c.srai  a4, 31
core   0: 0 0x80009568 (0x877d) x14 0x00000000
core   0: 0x8000956a (0x0000086a) c.slli  a6, 26
core   0: 0 0x8000956a (0x086a) x16 0x00000000
core   0: 0x8000956c (0x00008e75) c.and   a2, a3
core   0: 0 0x8000956c (0x8e75) x12 0x00000000
core   0: 0x8000956e (0x0349fcb3) remu    s9, s3, s4
core   0: 0 0x8000956e (0x0349fcb3) x25 0x00000000
core   0: 0x80009572 (0x020eedb3) rem     s11, t4, zero
core   0: 0 0x80009572 (0x020eedb3) x27 0x4f2df510
core   0: 0x80009576 (0x02143133) mulhu   sp, s0, ra
core   0: 0 0x80009576 (0x02143133) x2  0x00000000
core   0: 0x8000957a (0x1005c2b7) lui     t0, 0x1005c
core   0: 0 0x8000957a (0x1005c2b7) x5  0x1005c000
core   0: 0x8000957e (0x01bad733) srl     a4, s5, s11
core   0: 0 0x8000957e (0x01bad733) x14 0x00000000
core   0: 0x80009582 (0x41cfd793) srai    a5, t6, 28
core   0: 0 0x80009582 (0x41cfd793) x15 0x00000000
core   0: 0x80009586 (0x00008f51) c.or    a4, a2
core   0: 0 0x80009586 (0x8f51) x14 0x00000000
core   0: 0x80009588 (0x0220c833) div     a6, ra, sp
core   0: 0 0x80009588 (0x0220c833) x16 0xffffffff
core   0: 0x8000958c (0x0000100f) fence.i
core   0: 0 0x8000958c (0x0000100f)
core   0: 0x80009590 (0x0000100f) fence.i
core   0: 0 0x80009590 (0x0000100f)
core   0: 0x80009594 (0x41155313) srai    t1, a0, 17
core   0: 0 0x80009594 (0x41155313) x6  0x00000000
core   0: 0x80009598 (0x0000809d) c.srli  s1, 7
core   0: 0 0x80009598 (0x809d) x9  0x00000000
core   0: 0x8000959a (0x03849863) bne     s1, s8, pc + 48
core   0: 0 0x8000959a (0x03849863)
core   0: 0x8000959e (0x1100a993) slti    s3, ra, 272
core   0: 0 0x8000959e (0x1100a993) x19 0x00000001
core   0: 0x800095a2 (0x00008f42) c.mv    t5, a6
core   0: 0 0x800095a2 (0x8f42) x30 0xffffffff
core   0: 0x800095a4 (0x28b6d137) lui     sp, 0x28b6d
core   0: 0 0x800095a4 (0x28b6d137) x2  0x28b6d000
core   0: 0x800095a8 (0x001cf763) bgeu    s9, ra, pc + 14
core   0: 0 0x800095a8 (0x001cf763)
core   0: 0x800095b6 (0xc4930d17) auipc   s10, 0xc4930
core   0: 0 0x800095b6 (0xc4930d17) x26 0x449395b6
core   0: 0x800095ba (0x005a1d93) slli    s11, s4, 5
core   0: 0 0x800095ba (0x005a1d93) x27 0x00000020
core   0: 0x800095be (0x00008c22) c.mv    s8, s0
core   0: 0 0x800095be (0x8c22) x24 0x00000000
core   0: 0x800095c0 (0x417ddd33) sra     s10, s11, s7
core   0: 0 0x800095c0 (0x417ddd33) x26 0x00000000
core   0: 0x800095c4 (0x0000c099) c.beqz  s1, pc + 6
core   0: 0 0x800095c4 (0xc099)
core   0: 0x800095ca (0x00000d90) c.addi4spn a2, sp, 720
core   0: 0 0x800095ca (0x0d90) x12 0x28b6d2d0
core   0: 0x800095cc (0xffff7397) auipc   t2, 0xffff7
core   0: 0 0x800095cc (0xffff7397) x7  0x800005cc
core   0: 0x800095d0 (0xd9e38393) addi    t2, t2, -610
core   0: 0 0x800095d0 (0xd9e38393) x7  0x8000036a
core   0: 0x800095d4 (0x00038067) jr      t2
core   0: 0 0x800095d4 (0x00038067)
core   0: 0x8000036a (0x90000db7) lui     s11, 0x90000
core   0: 0 0x8000036a (0x90000db7) x27 0x90000000
core   0: 0x8000036e (0x00001de1) c.addi  s11, -8
core   0: 0 0x8000036e (0x1de1) x27 0x8ffffff8
core   0: 0x80000370 (0x00004901) c.li    s2, 0
core   0: 0 0x80000370 (0x4901) x18 0x00000000
core   0: 0x80000372 (0x00000922) c.slli  s2, 8
core   0: 0 0x80000372 (0x0922) x18 0x00000000
core   0: 0x80000374 (0x00000905) c.addi  s2, 1
core   0: 0 0x80000374 (0x0905) x18 0x00000001
core   0: 0x80000376 (0x012da023) sw      s2, 0(s11)
core   0: 0 0x80000376 (0x012da023) mem 0x8ffffff8 0x00000001
core   0: 0x8000037a (0x00000073) ecall
core   0: exception trap_user_ecall, epc 0x8000037a
core   0: 0x80002500 (0x0800006f) j       pc + 0x80
core   0: 3 0x80002500 (0x0800006f)
core   0: 0x80002580 (0x000016f1) c.addi  a3, -4
core   0: 3 0x80002580 (0x16f1) x13 0x80025ce0
core   0: 0x80002582 (0x0000c28c) c.sw    a1, 0(a3)
core   0: 3 0x80002582 (0xc28c) mem 0x80025ce0 0x80021e64
core   0: 0x80002584 (0x000685b3) add     a1, a3, zero
core   0: 3 0x80002584 (0x000685b3) x11 0x80025ce0
core   0: 0x80002588 (0xf8058593) addi    a1, a1, -128
core   0: 3 0x80002588 (0xf8058593) x11 0x80025c60
core   0: 0x8000258c (0x0015a223) sw      ra, 4(a1)
core   0: 3 0x8000258c (0x0015a223) mem 0x80025c64 0x00000000
core   0: 0x80002590 (0x0025a423) sw      sp, 8(a1)
core   0: 3 0x80002590 (0x0025a423) mem 0x80025c68 0x28b6d000
core   0: 0x80002594 (0x0035a623) sw      gp, 12(a1)
core   0: 3 0x80002594 (0x0035a623) mem 0x80025c6c 0x80025ce4
core   0: 0x80002598 (0x0045a823) sw      tp, 16(a1)
core   0: 3 0x80002598 (0x0045a823) mem 0x80025c70 0x85d93000
core   0: 0x8000259c (0x0055aa23) sw      t0, 20(a1)
core   0: 3 0x8000259c (0x0055aa23) mem 0x80025c74 0x1005c000
core   0: 0x800025a0 (0x0065ac23) sw      t1, 24(a1)
core   0: 3 0x800025a0 (0x0065ac23) mem 0x80025c78 0x00000000
core   0: 0x800025a4 (0x0075ae23) sw      t2, 28(a1)
core   0: 3 0x800025a4 (0x0075ae23) mem 0x80025c7c 0x8000036a
core   0: 0x800025a8 (0x0000d180) c.sw    s0, 32(a1)
core   0: 3 0x800025a8 (0xd180) mem 0x80025c80 0x00000000
core   0: 0x800025aa (0x0000d1c4) c.sw    s1, 36(a1)
core   0: 3 0x800025aa (0xd1c4) mem 0x80025c84 0x00000000
core   0: 0x800025ac (0x0000d588) c.sw    a0, 40(a1)
core   0: 3 0x800025ac (0xd588) mem 0x80025c88 0x00000000
core   0: 0x800025ae (0x0000d5cc) c.sw    a1, 44(a1)
core   0: 3 0x800025ae (0xd5cc) mem 0x80025c8c 0x80025c60
core   0: 0x800025b0 (0x0000d990) c.sw    a2, 48(a1)
core   0: 3 0x800025b0 (0xd990) mem 0x80025c90 0x28b6d2d0
core   0: 0x800025b2 (0x0000d9d4) c.sw    a3, 52(a1)
core   0: 3 0x800025b2 (0xd9d4) mem 0x80025c94 0x80025ce0
core   0: 0x800025b4 (0x0000dd98) c.sw    a4, 56(a1)
core   0: 3 0x800025b4 (0xdd98) mem 0x80025c98 0x00000000
core   0: 0x800025b6 (0x0000dddc) c.sw    a5, 60(a1)
core   0: 3 0x800025b6 (0xdddc) mem 0x80025c9c 0x00000000
core   0: 0x800025b8 (0x0505a023) sw      a6, 64(a1)
core   0: 3 0x800025b8 (0x0505a023) mem 0x80025ca0 0xffffffff
core   0: 0x800025bc (0x0515a223) sw      a7, 68(a1)
core   0: 3 0x800025bc (0x0515a223) mem 0x80025ca4 0x378f6000
core   0: 0x800025c0 (0x0525a423) sw      s2, 72(a1)
core   0: 3 0x800025c0 (0x0525a423) mem 0x80025ca8 0x00000001
core   0: 0x800025c4 (0x0535a623) sw      s3, 76(a1)
core   0: 3 0x800025c4 (0x0535a623) mem 0x80025cac 0x00000001
core   0: 0x800025c8 (0x0545a823) sw      s4, 80(a1)
core   0: 3 0x800025c8 (0x0545a823) mem 0x80025cb0 0x00000001
core   0: 0x800025cc (0x0555aa23) sw      s5, 84(a1)
core   0: 3 0x800025cc (0x0555aa23) mem 0x80025cb4 0x00000000
core   0: 0x800025d0 (0x0565ac23) sw      s6, 88(a1)
core   0: 3 0x800025d0 (0x0565ac23) mem 0x80025cb8 0x3a276000
core   0: 0x800025d4 (0x0575ae23) sw      s7, 92(a1)
core   0: 3 0x800025d4 (0x0575ae23) mem 0x80025cbc 0x000006ab
core   0: 0x800025d8 (0x0785a023) sw      s8, 96(a1)
core   0: 3 0x800025d8 (0x0785a023) mem 0x80025cc0 0x00000000
core   0: 0x800025dc (0x0795a223) sw      s9, 100(a1)
core   0: 3 0x800025dc (0x0795a223) mem 0x80025cc4 0x00000000
core   0: 0x800025e0 (0x07a5a423) sw      s10, 104(a1)
core   0: 3 0x800025e0 (0x07a5a423) mem 0x80025cc8 0x00000000
core   0: 0x800025e4 (0x07b5a623) sw      s11, 108(a1)
core   0: 3 0x800025e4 (0x07b5a623) mem 0x80025ccc 0x8ffffff8
core   0: 0x800025e8 (0x07c5a823) sw      t3, 112(a1)
core   0: 3 0x800025e8 (0x07c5a823) mem 0x80025cd0 0x00000001
core   0: 0x800025ec (0x07d5aa23) sw      t4, 116(a1)
core   0: 3 0x800025ec (0x07d5aa23) mem 0x80025cd4 0x4f2df510
core   0: 0x800025f0 (0x07e5ac23) sw      t5, 120(a1)
core   0: 3 0x800025f0 (0x07e5ac23) mem 0x80025cd8 0xffffffff
core   0: 0x800025f4 (0x07f5ae23) sw      t6, 124(a1)
core   0: 3 0x800025f4 (0x07f5ae23) mem 0x80025cdc 0x00000001
core   0: 0x800025f8 (0x000586b3) add     a3, a1, zero
core   0: 3 0x800025f8 (0x000586b3) x13 0x80025c60
core   0: 0x800025fc (0x90000db7) lui     s11, 0x90000
core   0: 3 0x800025fc (0x90000db7) x27 0x90000000
core   0: 0x80002600 (0x00001df1) c.addi  s11, -4
core   0: 3 0x80002600 (0x1df1) x27 0x8ffffffc
core   0: 0x80002602 (0x00004921) c.li    s2, 8
core   0: 3 0x80002602 (0x4921) x18 0x00000008
core   0: 0x80002604 (0x00000922) c.slli  s2, 8
core   0: 3 0x80002604 (0x0922) x18 0x00000800
core   0: 0x80002606 (0x00090913) mv      s2, s2
core   0: 3 0x80002606 (0x00090913) x18 0x00000800
core   0: 0x8000260a (0x012da023) sw      s2, 0(s11)
core   0: 3 0x8000260a (0x012da023) mem 0x8ffffffc 0x00000800
core   0: 0x8000260e (0x34102973) csrr    s2, mepc
core   0: 3 0x8000260e (0x34102973) x18 0x8000037a
core   0: 0x80002612 (0x34202973) csrr    s2, mcause
core   0: 3 0x80002612 (0x34202973) x18 0x00000008
core   0: 0x80002616 (0x00004d8d) c.li    s11, 3
core   0: 3 0x80002616 (0x4d8d) x27 0x00000003
core   0: 0x80002618 (0x01b91463) bne     s2, s11, pc + 8
core   0: 3 0x80002618 (0x01b91463)
core   0: 0x80002620 (0x00004da1) c.li    s11, 8
core   0: 3 0x80002620 (0x4da1) x27 0x00000008
core   0: 0x80002622 (0x05b90d63) beq     s2, s11, pc + 90
core   0: 3 0x80002622 (0x05b90d63)
core   0: 0x8000267c (0x90000db7) lui     s11, 0x90000
core   0: 3 0x8000267c (0x90000db7) x27 0x90000000
core   0: 0x80002680 (0x00001df1) c.addi  s11, -4
core   0: 3 0x80002680 (0x1df1) x27 0x8ffffffc
core   0: 0x80002682 (0x00006905) c.lui   s2, 0x1
core   0: 3 0x80002682 (0x6905) x18 0x00001000
core   0: 0x80002684 (0xb0090913) addi    s2, s2, -1280
core   0: 3 0x80002684 (0xb0090913) x18 0x00000b00
core   0: 0x80002688 (0x00000922) c.slli  s2, 8
core   0: 3 0x80002688 (0x0922) x18 0x000b0000
core   0: 0x8000268a (0x0000090d) c.addi  s2, 3
core   0: 3 0x8000268a (0x090d) x18 0x000b0003
core   0: 0x8000268c (0x012da023) sw      s2, 0(s11)
core   0: 3 0x8000268c (0x012da023) mem 0x8ffffffc 0x000b0003
core   0: 0x80002690 (0xb0002973) csrr    s2, mcycle
core   0: 3 0x80002690 (0xb0002973) x18 0x0000c76f
core   0: 0x80002694 (0x012da023) sw      s2, 0(s11)
core   0: 3 0x80002694 (0x012da023) mem 0x8ffffffc 0x0000c76f
core   0: 0x80002698 (0x90000db7) lui     s11, 0x90000
core   0: 3 0x80002698 (0x90000db7) x27 0x90000000
core   0: 0x8000269c (0x00001df1) c.addi  s11, -4
core   0: 3 0x8000269c (0x1df1) x27 0x8ffffffc
core   0: 0x8000269e (0x00006905) c.lui   s2, 0x1
core   0: 3 0x8000269e (0x6905) x18 0x00001000
core   0: 0x800026a0 (0xb8090913) addi    s2, s2, -1152
core   0: 3 0x800026a0 (0xb8090913) x18 0x00000b80
core   0: 0x800026a4 (0x00000922) c.slli  s2, 8
core   0: 3 0x800026a4 (0x0922) x18 0x000b8000
core   0: 0x800026a6 (0x0000090d) c.addi  s2, 3
core   0: 3 0x800026a6 (0x090d) x18 0x000b8003
core   0: 0x800026a8 (0x012da023) sw      s2, 0(s11)
core   0: 3 0x800026a8 (0x012da023) mem 0x8ffffffc 0x000b8003
core   0: 0x800026ac (0xb8002973) csrr    s2, mcycleh
core   0: 3 0x800026ac (0xb8002973) x18 0x00000000
core   0: 0x800026b0 (0x012da023) sw      s2, 0(s11)
core   0: 3 0x800026b0 (0x012da023) mem 0x8ffffffc 0x00000000
core   0: 0x800026b4 (0x90000db7) lui     s11, 0x90000
core   0: 3 0x800026b4 (0x90000db7) x27 0x90000000
core   0: 0x800026b8 (0x00001df1) c.addi  s11, -4
core   0: 3 0x800026b8 (0x1df1) x27 0x8ffffffc
core   0: 0x800026ba (0x00006905) c.lui   s2, 0x1
core   0: 3 0x800026ba (0x6905) x18 0x00001000
core   0: 0x800026bc (0xb0390913) addi    s2, s2, -1277
core   0: 3 0x800026bc (0xb0390913) x18 0x00000b03
core   0: 0x800026c0 (0x00000922) c.slli  s2, 8
core   0: 3 0x800026c0 (0x0922) x18 0x000b0300
core   0: 0x800026c2 (0x0000090d) c.addi  s2, 3
core   0: 3 0x800026c2 (0x090d) x18 0x000b0303
core   0: 0x800026c4 (0x012da023) sw      s2, 0(s11)
core   0: 3 0x800026c4 (0x012da023) mem 0x8ffffffc 0x000b0303
core   0: 0x800026c8 (0xb0302973) csrr    s2, mhpmcounter3
core   0: 3 0x800026c8 (0xb0302973) x18 0x000000fe
core   0: 0x800026cc (0x012da023) sw      s2, 0(s11)
core   0: 3 0x800026cc (0x012da023) mem 0x8ffffffc 0x000000fe
core   0: 0x800026d0 (0x90000db7) lui     s11, 0x90000
core   0: 3 0x800026d0 (0x90000db7) x27 0x90000000
core   0: 0x800026d4 (0x00001df1) c.addi  s11, -4
core   0: 3 0x800026d4 (0x1df1) x27 0x8ffffffc
core   0: 0x800026d6 (0x00006905) c.lui   s2, 0x1
core   0: 3 0x800026d6 (0x6905) x18 0x00001000
core   0: 0x800026d8 (0xb8390913) addi    s2, s2, -1149
core   0: 3 0x800026d8 (0xb8390913) x18 0x00000b83
core   0: 0x800026dc (0x00000922) c.slli  s2, 8
core   0: 3 0x800026dc (0x0922) x18 0x000b8300
core   0: 0x800026de (0x0000090d) c.addi  s2, 3
core   0: 3 0x800026de (0x090d) x18 0x000b8303
core   0: 0x800026e0 (0x012da023) sw      s2, 0(s11)
core   0: 3 0x800026e0 (0x012da023) mem 0x8ffffffc 0x000b8303
core   0: 0x800026e4 (0xb8302973) csrr    s2, mhpmcounter3h
core   0: 3 0x800026e4 (0xb8302973) x18 0x00000000
core   0: 0x800026e8 (0x012da023) sw      s2, 0(s11)
core   0: 3 0x800026e8 (0x012da023) mem 0x8ffffffc 0x00000000
core   0: 0x800026ec (0x90000db7) lui     s11, 0x90000
core   0: 3 0x800026ec (0x90000db7) x27 0x90000000
core   0: 0x800026f0 (0x00001df1) c.addi  s11, -4
core   0: 3 0x800026f0 (0x1df1) x27 0x8ffffffc
core   0: 0x800026f2 (0x00006905) c.lui   s2, 0x1
core   0: 3 0x800026f2 (0x6905) x18 0x00001000
core   0: 0x800026f4 (0xb0490913) addi    s2, s2, -1276
core   0: 3 0x800026f4 (0xb0490913) x18 0x00000b04
core   0: 0x800026f8 (0x00000922) c.slli  s2, 8
core   0: 3 0x800026f8 (0x0922) x18 0x000b0400
core   0: 0x800026fa (0x0000090d) c.addi  s2, 3
core   0: 3 0x800026fa (0x090d) x18 0x000b0403
core   0: 0x800026fc (0x012da023) sw      s2, 0(s11)
core   0: 3 0x800026fc (0x012da023) mem 0x8ffffffc 0x000b0403
core   0: 0x80002700 (0xb0402973) csrr    s2, mhpmcounter4
core   0: 3 0x80002700 (0xb0402973) x18 0x00005f3a
core   0: 0x80002704 (0x012da023) sw      s2, 0(s11)
core   0: 3 0x80002704 (0x012da023) mem 0x8ffffffc 0x00005f3a
core   0: 0x80002708 (0x90000db7) lui     s11, 0x90000
core   0: 3 0x80002708 (0x90000db7) x27 0x90000000
core   0: 0x8000270c (0x00001df1) c.addi  s11, -4
core   0: 3 0x8000270c (0x1df1) x27 0x8ffffffc
core   0: 0x8000270e (0x00006905) c.lui   s2, 0x1
core   0: 3 0x8000270e (0x6905) x18 0x00001000
core   0: 0x80002710 (0xb8490913) addi    s2, s2, -1148
core   0: 3 0x80002710 (0xb8490913) x18 0x00000b84
core   0: 0x80002714 (0x00000922) c.slli  s2, 8
core   0: 3 0x80002714 (0x0922) x18 0x000b8400
core   0: 0x80002716 (0x0000090d) c.addi  s2, 3
core   0: 3 0x80002716 (0x090d) x18 0x000b8403
core   0: 0x80002718 (0x012da023) sw      s2, 0(s11)
core   0: 3 0x80002718 (0x012da023) mem 0x8ffffffc 0x000b8403
core   0: 0x8000271c (0xb8402973) csrr    s2, mhpmcounter4h
core   0: 3 0x8000271c (0xb8402973) x18 0x00000000
core   0: 0x80002720 (0x012da023) sw      s2, 0(s11)
core   0: 3 0x80002720 (0x012da023) mem 0x8ffffffc 0x00000000
core   0: 0x80002724 (0x90000db7) lui     s11, 0x90000
core   0: 3 0x80002724 (0x90000db7) x27 0x90000000
core   0: 0x80002728 (0x00001df1) c.addi  s11, -4
core   0: 3 0x80002728 (0x1df1) x27 0x8ffffffc
core   0: 0x8000272a (0x00006905) c.lui   s2, 0x1
core   0: 3 0x8000272a (0x6905) x18 0x00001000
core   0: 0x8000272c (0xb0590913) addi    s2, s2, -1275
core   0: 3 0x8000272c (0xb0590913) x18 0x00000b05
core   0: 0x80002730 (0x00000922) c.slli  s2, 8
core   0: 3 0x80002730 (0x0922) x18 0x000b0500
core   0: 0x80002732 (0x0000090d) c.addi  s2, 3
core   0: 3 0x80002732 (0x090d) x18 0x000b0503
core   0: 0x80002734 (0x012da023) sw      s2, 0(s11)
core   0: 3 0x80002734 (0x012da023) mem 0x8ffffffc 0x000b0503
core   0: 0x80002738 (0xb0502973) csrr    s2, mhpmcounter5
core   0: 3 0x80002738 (0xb0502973) x18 0x00000000
core   0: 0x8000273c (0x012da023) sw      s2, 0(s11)
core   0: 3 0x8000273c (0x012da023) mem 0x8ffffffc 0x00000000
core   0: 0x80002740 (0x90000db7) lui     s11, 0x90000
core   0: 3 0x80002740 (0x90000db7) x27 0x90000000
core   0: 0x80002744 (0x00001df1) c.addi  s11, -4
core   0: 3 0x80002744 (0x1df1) x27 0x8ffffffc
core   0: 0x80002746 (0x00006905) c.lui   s2, 0x1
core   0: 3 0x80002746 (0x6905) x18 0x00001000
core   0: 0x80002748 (0xb8590913) addi    s2, s2, -1147
core   0: 3 0x80002748 (0xb8590913) x18 0x00000b85
core   0: 0x8000274c (0x00000922) c.slli  s2, 8
core   0: 3 0x8000274c (0x0922) x18 0x000b8500
core   0: 0x8000274e (0x0000090d) c.addi  s2, 3
core   0: 3 0x8000274e (0x090d) x18 0x000b8503
core   0: 0x80002750 (0x012da023) sw      s2, 0(s11)
core   0: 3 0x80002750 (0x012da023) mem 0x8ffffffc 0x000b8503
core   0: 0x80002754 (0xb8502973) csrr    s2, mhpmcounter5h
core   0: 3 0x80002754 (0xb8502973) x18 0x00000000
core   0: 0x80002758 (0x012da023) sw      s2, 0(s11)
core   0: 3 0x80002758 (0x012da023) mem 0x8ffffffc 0x00000000
core   0: 0x8000275c (0x90000db7) lui     s11, 0x90000
core   0: 3 0x8000275c (0x90000db7) x27 0x90000000
core   0: 0x80002760 (0x00001df1) c.addi  s11, -4
core   0: 3 0x80002760 (0x1df1) x27 0x8ffffffc
core   0: 0x80002762 (0x00006905) c.lui   s2, 0x1
core   0: 3 0x80002762 (0x6905) x18 0x00001000
core   0: 0x80002764 (0xb0690913) addi    s2, s2, -1274
core   0: 3 0x80002764 (0xb0690913) x18 0x00000b06
core   0: 0x80002768 (0x00000922) c.slli  s2, 8
core   0: 3 0x80002768 (0x0922) x18 0x000b0600
core   0: 0x8000276a (0x0000090d) c.addi  s2, 3
core   0: 3 0x8000276a (0x090d) x18 0x000b0603
core   0: 0x8000276c (0x012da023) sw      s2, 0(s11)
core   0: 3 0x8000276c (0x012da023) mem 0x8ffffffc 0x000b0603
core   0: 0x80002770 (0xb0602973) csrr    s2, mhpmcounter6
core   0: 3 0x80002770 (0xb0602973) x18 0x00000038
core   0: 0x80002774 (0x012da023) sw      s2, 0(s11)
core   0: 3 0x80002774 (0x012da023) mem 0x8ffffffc 0x00000038
core   0: 0x80002778 (0x90000db7) lui     s11, 0x90000
core   0: 3 0x80002778 (0x90000db7) x27 0x90000000
core   0: 0x8000277c (0x00001df1) c.addi  s11, -4
core   0: 3 0x8000277c (0x1df1) x27 0x8ffffffc
core   0: 0x8000277e (0x00006905) c.lui   s2, 0x1
core   0: 3 0x8000277e (0x6905) x18 0x00001000
core   0: 0x80002780 (0xb8690913) addi    s2, s2, -1146
core   0: 3 0x80002780 (0xb8690913) x18 0x00000b86
core   0: 0x80002784 (0x00000922) c.slli  s2, 8
core   0: 3 0x80002784 (0x0922) x18 0x000b8600
core   0: 0x80002786 (0x0000090d) c.addi  s2, 3
core   0: 3 0x80002786 (0x090d) x18 0x000b8603
core   0: 0x80002788 (0x012da023) sw      s2, 0(s11)
core   0: 3 0x80002788 (0x012da023) mem 0x8ffffffc 0x000b8603
core   0: 0x8000278c (0xb8602973) csrr    s2, mhpmcounter6h
core   0: 3 0x8000278c (0xb8602973) x18 0x00000000
core   0: 0x80002790 (0x012da023) sw      s2, 0(s11)
core   0: 3 0x80002790 (0x012da023) mem 0x8ffffffc 0x00000000
core   0: 0x80002794 (0x90000db7) lui     s11, 0x90000
core   0: 3 0x80002794 (0x90000db7) x27 0x90000000
core   0: 0x80002798 (0x00001df1) c.addi  s11, -4
core   0: 3 0x80002798 (0x1df1) x27 0x8ffffffc
core   0: 0x8000279a (0x00006905) c.lui   s2, 0x1
core   0: 3 0x8000279a (0x6905) x18 0x00001000
core   0: 0x8000279c (0xb0790913) addi    s2, s2, -1273
core   0: 3 0x8000279c (0xb0790913) x18 0x00000b07
core   0: 0x800027a0 (0x00000922) c.slli  s2, 8
core   0: 3 0x800027a0 (0x0922) x18 0x000b0700
core   0: 0x800027a2 (0x0000090d) c.addi  s2, 3
core   0: 3 0x800027a2 (0x090d) x18 0x000b0703
core   0: 0x800027a4 (0x012da023) sw      s2, 0(s11)
core   0: 3 0x800027a4 (0x012da023) mem 0x8ffffffc 0x000b0703
core   0: 0x800027a8 (0xb0702973) csrr    s2, mhpmcounter7
core   0: 3 0x800027a8 (0xb0702973) x18 0x0000005a
core   0: 0x800027ac (0x012da023) sw      s2, 0(s11)
core   0: 3 0x800027ac (0x012da023) mem 0x8ffffffc 0x0000005a
core   0: 0x800027b0 (0x90000db7) lui     s11, 0x90000
core   0: 3 0x800027b0 (0x90000db7) x27 0x90000000
core   0: 0x800027b4 (0x00001df1) c.addi  s11, -4
core   0: 3 0x800027b4 (0x1df1) x27 0x8ffffffc
core   0: 0x800027b6 (0x00006905) c.lui   s2, 0x1
core   0: 3 0x800027b6 (0x6905) x18 0x00001000
core   0: 0x800027b8 (0xb8790913) addi    s2, s2, -1145
core   0: 3 0x800027b8 (0xb8790913) x18 0x00000b87
core   0: 0x800027bc (0x00000922) c.slli  s2, 8
core   0: 3 0x800027bc (0x0922) x18 0x000b8700
core   0: 0x800027be (0x0000090d) c.addi  s2, 3
core   0: 3 0x800027be (0x090d) x18 0x000b8703
core   0: 0x800027c0 (0x012da023) sw      s2, 0(s11)
core   0: 3 0x800027c0 (0x012da023) mem 0x8ffffffc 0x000b8703
core   0: 0x800027c4 (0xb8702973) csrr    s2, mhpmcounter7h
core   0: 3 0x800027c4 (0xb8702973) x18 0x00000000
core   0: 0x800027c8 (0x012da023) sw      s2, 0(s11)
core   0: 3 0x800027c8 (0x012da023) mem 0x8ffffffc 0x00000000
core   0: 0x800027cc (0x90000db7) lui     s11, 0x90000
core   0: 3 0x800027cc (0x90000db7) x27 0x90000000
core   0: 0x800027d0 (0x00001df1) c.addi  s11, -4
core   0: 3 0x800027d0 (0x1df1) x27 0x8ffffffc
core   0: 0x800027d2 (0x00006905) c.lui   s2, 0x1
core   0: 3 0x800027d2 (0x6905) x18 0x00001000
core   0: 0x800027d4 (0xb0890913) addi    s2, s2, -1272
core   0: 3 0x800027d4 (0xb0890913) x18 0x00000b08
core   0: 0x800027d8 (0x00000922) c.slli  s2, 8
core   0: 3 0x800027d8 (0x0922) x18 0x000b0800
core   0: 0x800027da (0x0000090d) c.addi  s2, 3
core   0: 3 0x800027da (0x090d) x18 0x000b0803
core   0: 0x800027dc (0x012da023) sw      s2, 0(s11)
core   0: 3 0x800027dc (0x012da023) mem 0x8ffffffc 0x000b0803
core   0: 0x800027e0 (0xb0802973) csrr    s2, mhpmcounter8
core   0: 3 0x800027e0 (0xb0802973) x18 0x00000253
core   0: 0x800027e4 (0x012da023) sw      s2, 0(s11)
core   0: 3 0x800027e4 (0x012da023) mem 0x8ffffffc 0x00000253
core   0: 0x800027e8 (0x90000db7) lui     s11, 0x90000
core   0: 3 0x800027e8 (0x90000db7) x27 0x90000000
core   0: 0x800027ec (0x00001df1) c.addi  s11, -4
core   0: 3 0x800027ec (0x1df1) x27 0x8ffffffc
core   0: 0x800027ee (0x00006905) c.lui   s2, 0x1
core   0: 3 0x800027ee (0x6905) x18 0x00001000
core   0: 0x800027f0 (0xb8890913) addi    s2, s2, -1144
core   0: 3 0x800027f0 (0xb8890913) x18 0x00000b88
core   0: 0x800027f4 (0x00000922) c.slli  s2, 8
core   0: 3 0x800027f4 (0x0922) x18 0x000b8800
core   0: 0x800027f6 (0x0000090d) c.addi  s2, 3
core   0: 3 0x800027f6 (0x090d) x18 0x000b8803
core   0: 0x800027f8 (0x012da023) sw      s2, 0(s11)
core   0: 3 0x800027f8 (0x012da023) mem 0x8ffffffc 0x000b8803
core   0: 0x800027fc (0xb8802973) csrr    s2, mhpmcounter8h
core   0: 3 0x800027fc (0xb8802973) x18 0x00000000
core   0: 0x80002800 (0x012da023) sw      s2, 0(s11)
core   0: 3 0x80002800 (0x012da023) mem 0x8ffffffc 0x00000000
core   0: 0x80002804 (0x90000db7) lui     s11, 0x90000
core   0: 3 0x80002804 (0x90000db7) x27 0x90000000
core   0: 0x80002808 (0x00001df1) c.addi  s11, -4
core   0: 3 0x80002808 (0x1df1) x27 0x8ffffffc
core   0: 0x8000280a (0x00006905) c.lui   s2, 0x1
core   0: 3 0x8000280a (0x6905) x18 0x00001000
core   0: 0x8000280c (0xb0990913) addi    s2, s2, -1271
core   0: 3 0x8000280c (0xb0990913) x18 0x00000b09
core   0: 0x80002810 (0x00000922) c.slli  s2, 8
core   0: 3 0x80002810 (0x0922) x18 0x000b0900
core   0: 0x80002812 (0x0000090d) c.addi  s2, 3
core   0: 3 0x80002812 (0x090d) x18 0x000b0903
core   0: 0x80002814 (0x012da023) sw      s2, 0(s11)
core   0: 3 0x80002814 (0x012da023) mem 0x8ffffffc 0x000b0903
core   0: 0x80002818 (0xb0902973) csrr    s2, mhpmcounter9
core   0: 3 0x80002818 (0xb0902973) x18 0x0000011c
core   0: 0x8000281c (0x012da023) sw      s2, 0(s11)
core   0: 3 0x8000281c (0x012da023) mem 0x8ffffffc 0x0000011c
core   0: 0x80002820 (0x90000db7) lui     s11, 0x90000
core   0: 3 0x80002820 (0x90000db7) x27 0x90000000
core   0: 0x80002824 (0x00001df1) c.addi  s11, -4
core   0: 3 0x80002824 (0x1df1) x27 0x8ffffffc
core   0: 0x80002826 (0x00006905) c.lui   s2, 0x1
core   0: 3 0x80002826 (0x6905) x18 0x00001000
core   0: 0x80002828 (0xb8990913) addi    s2, s2, -1143
core   0: 3 0x80002828 (0xb8990913) x18 0x00000b89
core   0: 0x8000282c (0x00000922) c.slli  s2, 8
core   0: 3 0x8000282c (0x0922) x18 0x000b8900
core   0: 0x8000282e (0x0000090d) c.addi  s2, 3
core   0: 3 0x8000282e (0x090d) x18 0x000b8903
core   0: 0x80002830 (0x012da023) sw      s2, 0(s11)
core   0: 3 0x80002830 (0x012da023) mem 0x8ffffffc 0x000b8903
core   0: 0x80002834 (0xb8902973) csrr    s2, mhpmcounter9h
core   0: 3 0x80002834 (0xb8902973) x18 0x00000000
core   0: 0x80002838 (0x012da023) sw      s2, 0(s11)
core   0: 3 0x80002838 (0x012da023) mem 0x8ffffffc 0x00000000
core   0: 0x8000283c (0x90000db7) lui     s11, 0x90000
core   0: 3 0x8000283c (0x90000db7) x27 0x90000000
core   0: 0x80002840 (0x00001df1) c.addi  s11, -4
core   0: 3 0x80002840 (0x1df1) x27 0x8ffffffc
core   0: 0x80002842 (0x00006905) c.lui   s2, 0x1
core   0: 3 0x80002842 (0x6905) x18 0x00001000
core   0: 0x80002844 (0xb0a90913) addi    s2, s2, -1270
core   0: 3 0x80002844 (0xb0a90913) x18 0x00000b0a
core   0: 0x80002848 (0x00000922) c.slli  s2, 8
core   0: 3 0x80002848 (0x0922) x18 0x000b0a00
core   0: 0x8000284a (0x0000090d) c.addi  s2, 3
core   0: 3 0x8000284a (0x090d) x18 0x000b0a03
core   0: 0x8000284c (0x012da023) sw      s2, 0(s11)
core   0: 3 0x8000284c (0x012da023) mem 0x8ffffffc 0x000b0a03
core   0: 0x80002850 (0xb0a02973) csrr    s2, mhpmcounter10
core   0: 3 0x80002850 (0xb0a02973) x18 0x0000068e
core   0: 0x80002854 (0x012da023) sw      s2, 0(s11)
core   0: 3 0x80002854 (0x012da023) mem 0x8ffffffc 0x0000068e
core   0: 0x80002858 (0x90000db7) lui     s11, 0x90000
core   0: 3 0x80002858 (0x90000db7) x27 0x90000000
core   0: 0x8000285c (0x00001df1) c.addi  s11, -4
core   0: 3 0x8000285c (0x1df1) x27 0x8ffffffc
core   0: 0x8000285e (0x00006905) c.lui   s2, 0x1
core   0: 3 0x8000285e (0x6905) x18 0x00001000
core   0: 0x80002860 (0xb8a90913) addi    s2, s2, -1142
core   0: 3 0x80002860 (0xb8a90913) x18 0x00000b8a
core   0: 0x80002864 (0x00000922) c.slli  s2, 8
core   0: 3 0x80002864 (0x0922) x18 0x000b8a00
core   0: 0x80002866 (0x0000090d) c.addi  s2, 3
core   0: 3 0x80002866 (0x090d) x18 0x000b8a03
core   0: 0x80002868 (0x012da023) sw      s2, 0(s11)
core   0: 3 0x80002868 (0x012da023) mem 0x8ffffffc 0x000b8a03
core   0: 0x8000286c (0xb8a02973) csrr    s2, mhpmcounter10h
core   0: 3 0x8000286c (0xb8a02973) x18 0x00000000
core   0: 0x80002870 (0x012da023) sw      s2, 0(s11)
core   0: 3 0x80002870 (0x012da023) mem 0x8ffffffc 0x00000000
core   0: 0x80002874 (0x90000db7) lui     s11, 0x90000
core   0: 3 0x80002874 (0x90000db7) x27 0x90000000
core   0: 0x80002878 (0x00001df1) c.addi  s11, -4
core   0: 3 0x80002878 (0x1df1) x27 0x8ffffffc
core   0: 0x8000287a (0x00006905) c.lui   s2, 0x1
core   0: 3 0x8000287a (0x6905) x18 0x00001000
core   0: 0x8000287c (0xb0b90913) addi    s2, s2, -1269
core   0: 3 0x8000287c (0xb0b90913) x18 0x00000b0b
core   0: 0x80002880 (0x00000922) c.slli  s2, 8
core   0: 3 0x80002880 (0x0922) x18 0x000b0b00
core   0: 0x80002882 (0x0000090d) c.addi  s2, 3
core   0: 3 0x80002882 (0x090d) x18 0x000b0b03
core   0: 0x80002884 (0x012da023) sw      s2, 0(s11)
core   0: 3 0x80002884 (0x012da023) mem 0x8ffffffc 0x000b0b03
core   0: 0x80002888 (0xb0b02973) csrr    s2, mhpmcounter11
core   0: 3 0x80002888 (0xb0b02973) x18 0x000000ee
core   0: 0x8000288c (0x012da023) sw      s2, 0(s11)
core   0: 3 0x8000288c (0x012da023) mem 0x8ffffffc 0x000000ee
core   0: 0x80002890 (0x90000db7) lui     s11, 0x90000
core   0: 3 0x80002890 (0x90000db7) x27 0x90000000
core   0: 0x80002894 (0x00001df1) c.addi  s11, -4
core   0: 3 0x80002894 (0x1df1) x27 0x8ffffffc
core   0: 0x80002896 (0x00006905) c.lui   s2, 0x1
core   0: 3 0x80002896 (0x6905) x18 0x00001000
core   0: 0x80002898 (0xb8b90913) addi    s2, s2, -1141
core   0: 3 0x80002898 (0xb8b90913) x18 0x00000b8b
core   0: 0x8000289c (0x00000922) c.slli  s2, 8
core   0: 3 0x8000289c (0x0922) x18 0x000b8b00
core   0: 0x8000289e (0x0000090d) c.addi  s2, 3
core   0: 3 0x8000289e (0x090d) x18 0x000b8b03
core   0: 0x800028a0 (0x012da023) sw      s2, 0(s11)
core   0: 3 0x800028a0 (0x012da023) mem 0x8ffffffc 0x000b8b03
core   0: 0x800028a4 (0xb8b02973) csrr    s2, mhpmcounter11h
core   0: 3 0x800028a4 (0xb8b02973) x18 0x00000000
core   0: 0x800028a8 (0x012da023) sw      s2, 0(s11)
core   0: 3 0x800028a8 (0x012da023) mem 0x8ffffffc 0x00000000
core   0: 0x800028ac (0x90000db7) lui     s11, 0x90000
core   0: 3 0x800028ac (0x90000db7) x27 0x90000000
core   0: 0x800028b0 (0x00001df1) c.addi  s11, -4
core   0: 3 0x800028b0 (0x1df1) x27 0x8ffffffc
core   0: 0x800028b2 (0x00006905) c.lui   s2, 0x1
core   0: 3 0x800028b2 (0x6905) x18 0x00001000
core   0: 0x800028b4 (0xb0c90913) addi    s2, s2, -1268
core   0: 3 0x800028b4 (0xb0c90913) x18 0x00000b0c
core   0: 0x800028b8 (0x00000922) c.slli  s2, 8
core   0: 3 0x800028b8 (0x0922) x18 0x000b0c00
core   0: 0x800028ba (0x0000090d) c.addi  s2, 3
core   0: 3 0x800028ba (0x090d) x18 0x000b0c03
core   0: 0x800028bc (0x012da023) sw      s2, 0(s11)
core   0: 3 0x800028bc (0x012da023) mem 0x8ffffffc 0x000b0c03
core   0: 0x800028c0 (0xb0c02973) csrr    s2, mhpmcounter12
core   0: 3 0x800028c0 (0xb0c02973) x18 0x00001f06
core   0: 0x800028c4 (0x012da023) sw      s2, 0(s11)
core   0: 3 0x800028c4 (0x012da023) mem 0x8ffffffc 0x00001f06
core   0: 0x800028c8 (0x90000db7) lui     s11, 0x90000
core   0: 3 0x800028c8 (0x90000db7) x27 0x90000000
core   0: 0x800028cc (0x00001df1) c.addi  s11, -4
core   0: 3 0x800028cc (0x1df1) x27 0x8ffffffc
core   0: 0x800028ce (0x00006905) c.lui   s2, 0x1
core   0: 3 0x800028ce (0x6905) x18 0x00001000
core   0: 0x800028d0 (0xb8c90913) addi    s2, s2, -1140
core   0: 3 0x800028d0 (0xb8c90913) x18 0x00000b8c
core   0: 0x800028d4 (0x00000922) c.slli  s2, 8
core   0: 3 0x800028d4 (0x0922) x18 0x000b8c00
core   0: 0x800028d6 (0x0000090d) c.addi  s2, 3
core   0: 3 0x800028d6 (0x090d) x18 0x000b8c03
core   0: 0x800028d8 (0x012da023) sw      s2, 0(s11)
core   0: 3 0x800028d8 (0x012da023) mem 0x8ffffffc 0x000b8c03
core   0: 0x800028dc (0xb8c02973) csrr    s2, mhpmcounter12h
core   0: 3 0x800028dc (0xb8c02973) x18 0x00000000
core   0: 0x800028e0 (0x012da023) sw      s2, 0(s11)
core   0: 3 0x800028e0 (0x012da023) mem 0x8ffffffc 0x00000000
core   0: 0x800028e4 (0xffffd917) auipc   s2, 0xffffd
core   0: 3 0x800028e4 (0xffffd917) x18 0x7ffff8e4
core   0: 0x800028e8 (0x79c90913) addi    s2, s2, 1948
core   0: 3 0x800028e8 (0x79c90913) x18 0x80000080
core   0: 0x800028ec (0x00092023) sw      zero, 0(s2)
core   0: 3 0x800028ec (0x00092023) mem 0x80000080 0x00000000
core   0: 0x800028f0 (0x00192223) sw      ra, 4(s2)
core   0: 3 0x800028f0 (0x00192223) mem 0x80000084 0x00000000
core   0: 0x800028f4 (0x00292423) sw      sp, 8(s2)
core   0: 3 0x800028f4 (0x00292423) mem 0x80000088 0x28b6d000
core   0: 0x800028f8 (0x00392623) sw      gp, 12(s2)
core   0: 3 0x800028f8 (0x00392623) mem 0x8000008c 0x80025ce4
core   0: 0x800028fc (0x00492823) sw      tp, 16(s2)
core   0: 3 0x800028fc (0x00492823) mem 0x80000090 0x85d93000
core   0: 0x80002900 (0x00592a23) sw      t0, 20(s2)
core   0: 3 0x80002900 (0x00592a23) mem 0x80000094 0x1005c000
core   0: 0x80002904 (0x00692c23) sw      t1, 24(s2)
core   0: 3 0x80002904 (0x00692c23) mem 0x80000098 0x00000000
core   0: 0x80002908 (0x00792e23) sw      t2, 28(s2)
core   0: 3 0x80002908 (0x00792e23) mem 0x8000009c 0x8000036a
core   0: 0x8000290c (0x02892023) sw      s0, 32(s2)
core   0: 3 0x8000290c (0x02892023) mem 0x800000a0 0x00000000
core   0: 0x80002910 (0x02992223) sw      s1, 36(s2)
core   0: 3 0x80002910 (0x02992223) mem 0x800000a4 0x00000000
core   0: 0x80002914 (0x02a92423) sw      a0, 40(s2)
core   0: 3 0x80002914 (0x02a92423) mem 0x800000a8 0x00000000
core   0: 0x80002918 (0x02b92623) sw      a1, 44(s2)
core   0: 3 0x80002918 (0x02b92623) mem 0x800000ac 0x80025c60
core   0: 0x8000291c (0x02c92823) sw      a2, 48(s2)
core   0: 3 0x8000291c (0x02c92823) mem 0x800000b0 0x28b6d2d0
core   0: 0x80002920 (0x02d92a23) sw      a3, 52(s2)
core   0: 3 0x80002920 (0x02d92a23) mem 0x800000b4 0x80025c60
core   0: 0x80002924 (0x02e92c23) sw      a4, 56(s2)
core   0: 3 0x80002924 (0x02e92c23) mem 0x800000b8 0x00000000
