Time	Cycle	PC	Insn	Decoded instruction	Register and memory contents
        1055000	         6	80000080	40001937	lui	x18,0x40001	 x18=0x40001000
        1065000	         7	80000084	10690913	addi	x18,x18,262	 x18:0x40001000 x18=0x40001106
        1075000	         8	80000088	30191073	csrrw	x0,misa,x18	 x18:0x40001106  x0=0x00000000
        1105000	        11	8000008c	00026697	auipc	x13,0x26	 x13=0x8002608c
        1115000	        12	80000090	c5868693	addi	x13,x13,-936	 x13:0x8002608c x13=0x80025ce4
        1125000	        13	80000094	00002917	auipc	x18,0x2	 x18=0x80002094
        1135000	        14	80000098	46c90913	addi	x18,x18,1132	 x18:0x80002094 x18=0x80002500
        1145000	        15	8000009c	00196913	ori	x18,x18,1	 x18:0x80002500 x18=0x80002501
        1155000	        16	800000a0	30591073	csrrw	x0,mtvec,x18	 x18:0x80002501  x0=0x00000000
        1185000	        19	800000a4	74725073	csrrwi	x0,0x747,4	  x0=0x00000000
        1215000	        22	800000a8	00003397	auipc	x7,0x3	  x7=0x800030a8
        1225000	        23	800000ac	1fc38393	addi	x7,x7,508	  x7:0x800030a8  x7=0x800032a4
        1235000	        24	800000b0	4901	c.li	x18,0	 x18=0x00000000
        1245000	        25	800000b2	93ca	c.add	x7,x18	  x7:0x800032a4 x18:0x00000000  x7=0x800032a4
        1255000	        26	800000b4	0023d393	srli	x7,x7,0x2	  x7:0x800032a4  x7=0x20000ca9
        1265000	        27	800000b8	3b039073	csrrw	x0,pmpaddr0,x7	  x7:0x20000ca9  x0=0x00000000
        1295000	        30	800000bc	00003397	auipc	x7,0x3	  x7=0x800030bc
        1305000	        31	800000c0	1e838393	addi	x7,x7,488	  x7:0x800030bc  x7=0x800032a4
        1315000	        32	800000c4	11111937	lui	x18,0x11111	 x18=0x11111000
        1325000	        33	800000c8	11190913	addi	x18,x18,273	 x18:0x11111000 x18=0x11111111
        1335000	        34	800000cc	93ca	c.add	x7,x18	  x7:0x800032a4 x18:0x11111111  x7=0x911143b5
        1345000	        35	800000ce	0023d393	srli	x7,x7,0x2	  x7:0x911143b5  x7=0x244450ed
        1355000	        36	800000d2	3b139073	csrrw	x0,pmpaddr1,x7	  x7:0x244450ed  x0=0x00000000
        1385000	        39	800000d6	00003397	auipc	x7,0x3	  x7=0x800030d6
        1395000	        40	800000da	1ce38393	addi	x7,x7,462	  x7:0x800030d6  x7=0x800032a4
        1405000	        41	800000de	22222937	lui	x18,0x22222	 x18=0x22222000
        1415000	        42	800000e2	22290913	addi	x18,x18,546	 x18:0x22222000 x18=0x22222222
        1425000	        43	800000e6	93ca	c.add	x7,x18	  x7:0x800032a4 x18:0x22222222  x7=0xa22254c6
        1435000	        44	800000e8	0023d393	srli	x7,x7,0x2	  x7:0xa22254c6  x7=0x28889531
        1445000	        45	800000ec	3b239073	csrrw	x0,pmpaddr2,x7	  x7:0x28889531  x0=0x00000000
        1475000	        48	800000f0	00003397	auipc	x7,0x3	  x7=0x800030f0
        1485000	        49	800000f4	1b438393	addi	x7,x7,436	  x7:0x800030f0  x7=0x800032a4
        1495000	        50	800000f8	33333937	lui	x18,0x33333	 x18=0x33333000
        1505000	        51	800000fc	33390913	addi	x18,x18,819	 x18:0x33333000 x18=0x33333333
        1515000	        52	80000100	93ca	c.add	x7,x18	  x7:0x800032a4 x18:0x33333333  x7=0xb33365d7
        1525000	        53	80000102	0023d393	srli	x7,x7,0x2	  x7:0xb33365d7  x7=0x2cccd975
        1535000	        54	80000106	3b339073	csrrw	x0,pmpaddr3,x7	  x7:0x2cccd975  x0=0x00000000
        1565000	        57	8000010a	0f0f13b7	lui	x7,0xf0f1	  x7=0x0f0f1000
        1575000	        58	8000010e	f0f38393	addi	x7,x7,-241	  x7:0x0f0f1000  x7=0x0f0f0f0f
        1585000	        59	80000112	3a039073	csrrw	x0,pmpcfg0,x7	  x7:0x0f0f0f0f  x0=0x00000000
        1615000	        62	80000116	00003397	auipc	x7,0x3	  x7=0x80003116
        1625000	        63	8000011a	18e38393	addi	x7,x7,398	  x7:0x80003116  x7=0x800032a4
        1635000	        64	8000011e	44444937	lui	x18,0x44444	 x18=0x44444000
        1645000	        65	80000122	44490913	addi	x18,x18,1092	 x18:0x44444000 x18=0x44444444
        1655000	        66	80000126	93ca	c.add	x7,x18	  x7:0x800032a4 x18:0x44444444  x7=0xc44476e8
        1665000	        67	80000128	0023d393	srli	x7,x7,0x2	  x7:0xc44476e8  x7=0x31111dba
        1675000	        68	8000012c	3b439073	csrrw	x0,pmpaddr4,x7	  x7:0x31111dba  x0=0x00000000
        1705000	        71	80000130	00003397	auipc	x7,0x3	  x7=0x80003130
        1715000	        72	80000134	17438393	addi	x7,x7,372	  x7:0x80003130  x7=0x800032a4
        1725000	        73	80000138	55555937	lui	x18,0x55555	 x18=0x55555000
        1735000	        74	8000013c	55590913	addi	x18,x18,1365	 x18:0x55555000 x18=0x55555555
        1745000	        75	80000140	93ca	c.add	x7,x18	  x7:0x800032a4 x18:0x55555555  x7=0xd55587f9
        1755000	        76	80000142	0023d393	srli	x7,x7,0x2	  x7:0xd55587f9  x7=0x355561fe
        1765000	        77	80000146	3b539073	csrrw	x0,pmpaddr5,x7	  x7:0x355561fe  x0=0x00000000
        1795000	        80	8000014a	00003397	auipc	x7,0x3	  x7=0x8000314a
        1805000	        81	8000014e	15a38393	addi	x7,x7,346	  x7:0x8000314a  x7=0x800032a4
        1815000	        82	80000152	66666937	lui	x18,0x66666	 x18=0x66666000
        1825000	        83	80000156	66690913	addi	x18,x18,1638	 x18:0x66666000 x18=0x66666666
        1835000	        84	8000015a	93ca	c.add	x7,x18	  x7:0x800032a4 x18:0x66666666  x7=0xe666990a
        1845000	        85	8000015c	0023d393	srli	x7,x7,0x2	  x7:0xe666990a  x7=0x3999a642
        1855000	        86	80000160	3b639073	csrrw	x0,pmpaddr6,x7	  x7:0x3999a642  x0=0x00000000
        1885000	        89	80000164	00003397	auipc	x7,0x3	  x7=0x80003164
        1895000	        90	80000168	14038393	addi	x7,x7,320	  x7:0x80003164  x7=0x800032a4
        1905000	        91	8000016c	77777937	lui	x18,0x77777	 x18=0x77777000
        1915000	        92	80000170	77790913	addi	x18,x18,1911	 x18:0x77777000 x18=0x77777777
        1925000	        93	80000174	93ca	c.add	x7,x18	  x7:0x800032a4 x18:0x77777777  x7=0xf777aa1b
        1935000	        94	80000176	0023d393	srli	x7,x7,0x2	  x7:0xf777aa1b  x7=0x3dddea86
        1945000	        95	8000017a	3b739073	csrrw	x0,pmpaddr7,x7	  x7:0x3dddea86  x0=0x00000000
        1975000	        98	8000017e	0f0f13b7	lui	x7,0xf0f1	  x7=0x0f0f1000
        1985000	        99	80000182	f0f38393	addi	x7,x7,-241	  x7:0x0f0f1000  x7=0x0f0f0f0f
        1995000	       100	80000186	3a139073	csrrw	x0,pmpcfg1,x7	  x7:0x0f0f0f0f  x0=0x00000000
        2025000	       103	8000018a	00003397	auipc	x7,0x3	  x7=0x8000318a
        2035000	       104	8000018e	11a38393	addi	x7,x7,282	  x7:0x8000318a  x7=0x800032a4
        2045000	       105	80000192	88889937	lui	x18,0x88889	 x18=0x88889000
        2055000	       106	80000196	88890913	addi	x18,x18,-1912	 x18:0x88889000 x18=0x88888888
        2065000	       107	8000019a	93ca	c.add	x7,x18	  x7:0x800032a4 x18:0x88888888  x7=0x0888bb2c
        2075000	       108	8000019c	0023d393	srli	x7,x7,0x2	  x7:0x0888bb2c  x7=0x02222ecb
        2085000	       109	800001a0	3b839073	csrrw	x0,pmpaddr8,x7	  x7:0x02222ecb  x0=0x00000000
        2115000	       112	800001a4	00003397	auipc	x7,0x3	  x7=0x800031a4
        2125000	       113	800001a8	10038393	addi	x7,x7,256	  x7:0x800031a4  x7=0x800032a4
        2135000	       114	800001ac	9999a937	lui	x18,0x9999a	 x18=0x9999a000
        2145000	       115	800001b0	99990913	addi	x18,x18,-1639	 x18:0x9999a000 x18=0x99999999
        2155000	       116	800001b4	93ca	c.add	x7,x18	  x7:0x800032a4 x18:0x99999999  x7=0x1999cc3d
        2165000	       117	800001b6	0023d393	srli	x7,x7,0x2	  x7:0x1999cc3d  x7=0x0666730f
        2175000	       118	800001ba	3b939073	csrrw	x0,pmpaddr9,x7	  x7:0x0666730f  x0=0x00000000
        2205000	       121	800001be	00003397	auipc	x7,0x3	  x7=0x800031be
        2215000	       122	800001c2	0e638393	addi	x7,x7,230	  x7:0x800031be  x7=0x800032a4
        2225000	       123	800001c6	aaaab937	lui	x18,0xaaaab	 x18=0xaaaab000
        2235000	       124	800001ca	aaa90913	addi	x18,x18,-1366	 x18:0xaaaab000 x18=0xaaaaaaaa
        2245000	       125	800001ce	93ca	c.add	x7,x18	  x7:0x800032a4 x18:0xaaaaaaaa  x7=0x2aaadd4e
        2255000	       126	800001d0	0023d393	srli	x7,x7,0x2	  x7:0x2aaadd4e  x7=0x0aaab753
        2265000	       127	800001d4	3ba39073	csrrw	x0,pmpaddr10,x7	  x7:0x0aaab753  x0=0x00000000
        2295000	       130	800001d8	00003397	auipc	x7,0x3	  x7=0x800031d8
        2305000	       131	800001dc	0cc38393	addi	x7,x7,204	  x7:0x800031d8  x7=0x800032a4
        2315000	       132	800001e0	bbbbc937	lui	x18,0xbbbbc	 x18=0xbbbbc000
        2325000	       133	800001e4	bbb90913	addi	x18,x18,-1093	 x18:0xbbbbc000 x18=0xbbbbbbbb
        2335000	       134	800001e8	93ca	c.add	x7,x18	  x7:0x800032a4 x18:0xbbbbbbbb  x7=0x3bbbee5f
        2345000	       135	800001ea	0023d393	srli	x7,x7,0x2	  x7:0x3bbbee5f  x7=0x0eeefb97
        2355000	       136	800001ee	3bb39073	csrrw	x0,pmpaddr11,x7	  x7:0x0eeefb97  x0=0x00000000
        2385000	       139	800001f2	0f0f13b7	lui	x7,0xf0f1	  x7=0x0f0f1000
        2395000	       140	800001f6	f0f38393	addi	x7,x7,-241	  x7:0x0f0f1000  x7=0x0f0f0f0f
        2405000	       141	800001fa	3a239073	csrrw	x0,pmpcfg2,x7	  x7:0x0f0f0f0f  x0=0x00000000
        2435000	       144	800001fe	00003397	auipc	x7,0x3	  x7=0x800031fe
        2445000	       145	80000202	0a638393	addi	x7,x7,166	  x7:0x800031fe  x7=0x800032a4
        2455000	       146	80000206	ccccd937	lui	x18,0xccccd	 x18=0xccccd000
        2465000	       147	8000020a	ccc90913	addi	x18,x18,-820	 x18:0xccccd000 x18=0xcccccccc
        2475000	       148	8000020e	93ca	c.add	x7,x18	  x7:0x800032a4 x18:0xcccccccc  x7=0x4cccff70
        2485000	       149	80000210	0023d393	srli	x7,x7,0x2	  x7:0x4cccff70  x7=0x13333fdc
        2495000	       150	80000214	3bc39073	csrrw	x0,pmpaddr12,x7	  x7:0x13333fdc  x0=0x00000000
        2525000	       153	80000218	00003397	auipc	x7,0x3	  x7=0x80003218
        2535000	       154	8000021c	08c38393	addi	x7,x7,140	  x7:0x80003218  x7=0x800032a4
        2545000	       155	80000220	dddde937	lui	x18,0xdddde	 x18=0xdddde000
        2555000	       156	80000224	ddd90913	addi	x18,x18,-547	 x18:0xdddde000 x18=0xdddddddd
        2565000	       157	80000228	93ca	c.add	x7,x18	  x7:0x800032a4 x18:0xdddddddd  x7=0x5dde1081
        2575000	       158	8000022a	0023d393	srli	x7,x7,0x2	  x7:0x5dde1081  x7=0x17778420
        2585000	       159	8000022e	3bd39073	csrrw	x0,pmpaddr13,x7	  x7:0x17778420  x0=0x00000000
        2615000	       162	80000232	00003397	auipc	x7,0x3	  x7=0x80003232
        2625000	       163	80000236	07238393	addi	x7,x7,114	  x7:0x80003232  x7=0x800032a4
        2635000	       164	8000023a	eeeef937	lui	x18,0xeeeef	 x18=0xeeeef000
        2645000	       165	8000023e	eee90913	addi	x18,x18,-274	 x18:0xeeeef000 x18=0xeeeeeeee
        2655000	       166	80000242	93ca	c.add	x7,x18	  x7:0x800032a4 x18:0xeeeeeeee  x7=0x6eef2192
        2665000	       167	80000244	0023d393	srli	x7,x7,0x2	  x7:0x6eef2192  x7=0x1bbbc864
        2675000	       168	80000248	3be39073	csrrw	x0,pmpaddr14,x7	  x7:0x1bbbc864  x0=0x00000000
        2705000	       171	8000024c	00003397	auipc	x7,0x3	  x7=0x8000324c
        2715000	       172	80000250	05838393	addi	x7,x7,88	  x7:0x8000324c  x7=0x800032a4
        2725000	       173	80000254	fff00913	addi	x18,x0,-1	  x0:0x00000000 x18=0xffffffff
        2735000	       174	80000258	93ca	c.add	x7,x18	  x7:0x800032a4 x18:0xffffffff  x7=0x800032a3
        2745000	       175	8000025a	0023d393	srli	x7,x7,0x2	  x7:0x800032a3  x7=0x20000ca8
        2755000	       176	8000025e	3bf39073	csrrw	x0,pmpaddr15,x7	  x7:0x20000ca8  x0=0x00000000
        2785000	       179	80000262	0f0f13b7	lui	x7,0xf0f1	  x7=0x0f0f1000
        2795000	       180	80000266	f0f38393	addi	x7,x7,-241	  x7:0x0f0f1000  x7=0x0f0f0f0f
        2805000	       181	8000026a	3a339073	csrrw	x0,pmpcfg3,x7	  x7:0x0f0f0f0f  x0=0x00000000
        2835000	       184	8000026e	00000917	auipc	x18,0x0	 x18=0x8000026e
        2845000	       185	80000272	06090913	addi	x18,x18,96	 x18:0x8000026e x18=0x800002ce
        2855000	       186	80000276	34191073	csrrw	x0,mepc,x18	 x18:0x800002ce  x0=0x00000000
        2865000	       187	8000027a	7c00d073	csrrwi	x0,0x7c0,1	  x0=0x00000000
        2895000	       190	8000027e	4901	c.li	x18,0	 x18=0x00000000
        2905000	       191	80000280	30091073	csrrw	x0,mstatus,x18	 x18:0x00000000  x0=0x00000000
        2935000	       194	80000284	4901	c.li	x18,0	 x18=0x00000000
        2945000	       195	80000286	30491073	csrrw	x0,mie,x18	 x18:0x00000000  x0=0x00000000
        2975000	       198	8000028a	90000db7	lui	x27,0x90000	 x27=0x90000000
        2985000	       199	8000028e	1df1	c.addi	x27,-4	 x27:0x90000000 x27=0x8ffffffc
        2995000	       200	80000290	90000db7	lui	x27,0x90000	 x27=0x90000000
        3005000	       201	80000294	1df1	c.addi	x27,-4	 x27:0x90000000 x27=0x8ffffffc
        3015000	       202	80000296	90000db7	lui	x27,0x90000	 x27=0x90000000
        3025000	       203	8000029a	1df1	c.addi	x27,-4	 x27:0x90000000 x27=0x8ffffffc
        3035000	       204	8000029c	30000913	addi	x18,x0,768	  x0:0x00000000 x18=0x00000300
        3045000	       205	800002a0	0922	c.slli	x18,0x8	 x18:0x00000300 x18=0x00030000
        3055000	       206	800002a2	090d	c.addi	x18,3	 x18:0x00030000 x18=0x00030003
        3065000	       207	800002a4	012da023	sw	x18,0(x27)	 x27:0x8ffffffc x18:0x00030003 PA:0x8ffffffc store:0x00030003 load:0x00000000
        3075000	       208	800002a8	30002973	csrrs	x18,mstatus,x0	  x0:0x00000000 x18=0x00000000
        3085000	       209	800002ac	012da023	sw	x18,0(x27)	 x27:0x8ffffffc x18:0x00000000 PA:0x8ffffffc store:0x00000000 load:0x00000000
        3095000	       210	800002b0	90000db7	lui	x27,0x90000	 x27=0x90000000
        3105000	       211	800002b4	1df1	c.addi	x27,-4	 x27:0x90000000 x27=0x8ffffffc
        3115000	       212	800002b6	30400913	addi	x18,x0,772	  x0:0x00000000 x18=0x00000304
        3125000	       213	800002ba	0922	c.slli	x18,0x8	 x18:0x00000304 x18=0x00030400
        3135000	       214	800002bc	090d	c.addi	x18,3	 x18:0x00030400 x18=0x00030403
        3145000	       215	800002be	012da023	sw	x18,0(x27)	 x27:0x8ffffffc x18:0x00030403 PA:0x8ffffffc store:0x00030403 load:0x00000000
        3155000	       216	800002c2	30402973	csrrs	x18,mie,x0	  x0:0x00000000 x18=0x00000000
        3165000	       217	800002c6	012da023	sw	x18,0(x27)	 x27:0x8ffffffc x18:0x00000000 PA:0x8ffffffc store:0x00000000 load:0x00000000
        3175000	       218	800002ca	30200073	mret	
        3215000	       222	800002ce	fc8e0037	lui	x0,0xfc8e0	  x0=0x00000000
        3225000	       223	800002d2	b0400013	addi	x0,x0,-1276	  x0:0x00000000  x0=0x00000000
        3235000	       224	800002d6	4081	c.li	x1,0	  x1=0x00000000
        3245000	       225	800002d8	80000137	lui	x2,0x80000	  x2=0x80000000
        3255000	       226	800002dc	4195	c.li	x3,5	  x3=0x00000005
        3265000	       227	800002de	80000237	lui	x4,0x80000	  x4=0x80000000
        3275000	       228	800002e2	b9cf72b7	lui	x5,0xb9cf7	  x5=0xb9cf7000
        3285000	       229	800002e6	f4f28293	addi	x5,x5,-177	  x5:0xb9cf7000  x5=0xb9cf6f4f
        3295000	       230	800002ea	4321	c.li	x6,8	  x6=0x00000008
        3305000	       231	800002ec	4381	c.li	x7,0	  x7=0x00000000
        3315000	       232	800002ee	4435	c.li	x8,13	  x8=0x0000000d
        3325000	       233	800002f0	4481	c.li	x9,0	  x9=0x00000000
        3335000	       234	800002f2	80000537	lui	x10,0x80000	 x10=0x80000000
        3345000	       235	800002f6	feae4637	lui	x12,0xfeae4	 x12=0xfeae4000
        3355000	       236	800002fa	50460613	addi	x12,x12,1284	 x12:0xfeae4000 x12=0xfeae4504
        3365000	       237	800002fe	f2401737	lui	x14,0xf2401	 x14=0xf2401000
        3375000	       238	80000302	04670713	addi	x14,x14,70	 x14:0xf2401000 x14=0xf2401046
        3385000	       239	80000306	800007b7	lui	x15,0x80000	 x15=0x80000000
        3395000	       240	8000030a	ff2a5837	lui	x16,0xff2a5	 x16=0xff2a5000
        3405000	       241	8000030e	d8c80813	addi	x16,x16,-628	 x16:0xff2a5000 x16=0xff2a4d8c
        3415000	       242	80000312	4881	c.li	x17,0	 x17=0x00000000
        3425000	       243	80000314	4901	c.li	x18,0	 x18=0x00000000
        3435000	       244	80000316	4991	c.li	x19,4	 x19=0x00000004
        3445000	       245	80000318	4a01	c.li	x20,0	 x20=0x00000000
        3455000	       246	8000031a	80000ab7	lui	x21,0x80000	 x21=0x80000000
        3465000	       247	8000031e	4b31	c.li	x22,12	 x22=0x0000000c
        3475000	       248	80000320	4b81	c.li	x23,0	 x23=0x00000000
        3485000	       249	80000322	80000c37	lui	x24,0x80000	 x24=0x80000000
        3495000	       250	80000326	9bbefcb7	lui	x25,0x9bbef	 x25=0x9bbef000
        3505000	       251	8000032a	230c8c93	addi	x25,x25,560	 x25:0x9bbef000 x25=0x9bbef230
        3515000	       252	8000032e	4d01	c.li	x26,0	 x26=0x00000000
        3525000	       253	80000330	5a709db7	lui	x27,0x5a709	 x27=0x5a709000
        3535000	       254	80000334	21fd8d93	addi	x27,x27,543	 x27:0x5a709000 x27=0x5a70921f
        3545000	       255	80000338	77c6ee37	lui	x28,0x77c6e	 x28=0x77c6e000
        3555000	       256	8000033c	408e0e13	addi	x28,x28,1032	 x28:0x77c6e000 x28=0x77c6e408
        3565000	       257	80000340	4e81	c.li	x29,0	 x29=0x00000000
        3575000	       258	80000342	7be08f37	lui	x30,0x7be08	 x30=0x7be08000
        3585000	       259	80000346	446f0f13	addi	x30,x30,1094	 x30:0x7be08000 x30=0x7be08446
        3595000	       260	8000034a	4fb9	c.li	x31,14	 x31=0x0000000e
        3605000	       261	8000034c	00022597	auipc	x11,0x22	 x11=0x8002234c
        3615000	       262	80000350	b1858593	addi	x11,x11,-1256	 x11:0x8002234c x11=0x80021e64
        3625000	       263	80000354	90000db7	lui	x27,0x90000	 x27=0x90000000
        3635000	       264	80000358	1df1	c.addi	x27,-4	 x27:0x90000000 x27=0x8ffffffc
        3645000	       265	8000035a	4901	c.li	x18,0	 x18=0x00000000
        3655000	       266	8000035c	0922	c.slli	x18,0x8	 x18:0x00000000 x18=0x00000000
        3665000	       267	8000035e	00090913	addi	x18,x18,0	 x18:0x00000000 x18=0x00000000
        3675000	       268	80000362	012da023	sw	x18,0(x27)	 x27:0x8ffffffc x18:0x00000000 PA:0x8ffffffc store:0x00000000 load:0x00000000
        3685000	       269	80000366	73f0206f	jal	x0,800032a4	  x0=0x00000000
        4065000	       307	800032a4	0282cdb3	div	x27,x5,x8	  x5:0xb9cf6f4f  x8:0x0000000d x27=0xfa99cd7d
        4075000	       308	800032a8	05600163	beq	x0,x22,800032ea	  x0:0x00000000 x22:0x0000000c
        4445000	       345	800032ac	03f96733	rem	x14,x18,x31	 x18:0x00000000 x31:0x0000000e x14=0x00000000
        4455000	       346	800032b0	8f65	c.and	x14,x9	 x14:0x00000000  x9:0x00000000 x14=0x00000000
        4465000	       347	800032b2	e321	c.bnez	x14,800032f2	 x14:0x00000000
        4475000	       348	800032b4	8e6d	c.and	x12,x11	 x12:0xfeae4504 x11:0x80021e64 x12=0x80020404
        4485000	       349	800032b6	6898c813	xori	x16,x17,1673	 x17:0x00000000 x16=0x00000689
        4495000	       350	800032ba	a7c86f37	lui	x30,0xa7c86	 x30=0xa7c86000
        4505000	       351	800032be	0576	c.slli	x10,0x1d	 x10:0x80000000 x10=0x00000000
        4525000	       353	800032c0	02a1f4b3	remu	x9,x3,x10	  x3:0x00000005 x10:0x00000000  x9=0x00000005
        4535000	       354	800032c4	0000100f	fence.i	
        4555000	       356	800032c8	4184d8b3	sra	x17,x9,x24	  x9:0x00000005 x24:0x80000000 x17=0x00000005
        4565000	       357	800032cc	005fc0b3	xor	x1,x31,x5	 x31:0x0000000e  x5:0xb9cf6f4f  x1=0xb9cf6f41
        4605000	       361	800032d0	031d3eb3	mulhu	x29,x26,x17	 x26:0x00000000 x17:0x00000005 x29=0x00000000
        4615000	       362	800032d4	8e39	c.xor	x12,x14	 x12:0x80020404 x14:0x00000000 x12=0x80020404
        4625000	       363	800032d6	2e06ae13	slti	x28,x13,736	 x13:0x80025ce4 x28=0x00000001
        4635000	       364	800032da	078d	c.addi	x15,3	 x15:0x80000000 x15=0x80000003
        4645000	       365	800032dc	00f71f63	bne	x14,x15,800032fa	 x14:0x00000000 x15:0x80000003
        4665000	       367	800032fa	e311	c.bnez	x14,800032fe	 x14:0x00000000
        4675000	       368	800032fc	1a1c	c.addi4spn	x15,x2,304	 x15=0x80000130
        4685000	       369	800032fe	1e04	c.addi4spn	x9,x2,816	  x9=0x80000330
        4695000	       370	80003300	0000100f	fence.i	
        4715000	       372	80003304	0ff0000f	fence	iorw,iorw	
        4725000	       373	80003308	8235	c.srli	x12,0xd	 x12:0x80020404 x12=0x00040010
        4735000	       374	8000330a	8cb5	c.xor	x9,x13	  x9:0x80000330 x13:0x80025ce4  x9=0x00025fd4
        4745000	       375	8000330c	8511	c.srai	x10,0x4	 x10:0x00000000 x10=0x00000000
        4755000	       376	8000330e	029b4763	blt	x22,x9,8000333c	 x22:0x0000000c  x9:0x00025fd4
        4775000	       378	8000333c	2b278e93	addi	x29,x15,690	 x15:0x80000130 x29=0x800003e2
        4785000	       379	80003340	1b9c	c.addi4spn	x15,x2,496	 x15=0x800001f0
        4795000	       380	80003342	020ef063	bgeu	x29,x0,80003362	 x29:0x800003e2  x0:0x00000000
        4815000	       382	80003362	6489	c.lui	x9,0x2	  x9=0x00002000
        4825000	       383	80003364	012f1b13	slli	x22,x30,0x12	 x30:0xa7c86000 x22=0x80000000
        4835000	       384	80003368	01cdda13	srli	x20,x27,0x1c	 x27:0xfa99cd7d x20=0x0000000f
        4845000	       385	8000336c	8db2	c.mv	x27,x12	  x0:0x00000000 x12:0x00040010 x27=0x00040010
        4855000	       386	8000336e	00257333	and	x6,x10,x2	 x10:0x00000000  x2:0x80000000  x6=0x00000000
        4865000	       387	80003372	8a35	c.andi	x12,13	 x12:0x00040010 x12=0x00000000
        4875000	       388	80003374	00bc2733	slt	x14,x24,x11	 x24:0x80000000 x11:0x80021e64 x14=0x00000001
        4885000	       389	80003378	01f458b3	srl	x17,x8,x31	  x8:0x0000000d x31:0x0000000e x17=0x00000000
        4925000	       393	8000337c	03b03033	mulhu	x0,x0,x27	  x0:0x00000000 x27:0x00040010  x0=0x00000000
        4935000	       394	80003380	1698	c.addi4spn	x14,x2,864	 x14=0x80000360
        4945000	       395	80003382	44fd	c.li	x9,31	  x9=0x0000001f
        4955000	       396	80003384	40330b33	sub	x22,x6,x3	  x6:0x00000000  x3:0x00000005 x22=0xfffffffb
        4965000	       397	80003388	d37f6c93	ori	x25,x30,-713	 x30:0xa7c86000 x25=0xfffffd37
        5005000	       401	8000338c	02c4bdb3	mulhu	x27,x9,x12	  x9:0x0000001f x12:0x00000000 x27=0x00000000
        5015000	       402	80003390	005bec63	bltu	x23,x5,800033a8	 x23:0x00000000  x5:0xb9cf6f4f
        5045000	       405	800033a8	0270e333	rem	x6,x1,x7	  x1:0xb9cf6f41  x7:0x00000000  x6=0xb9cf6f41
        5055000	       406	800033ac	83fd	c.srli	x15,0x1f	 x15:0x800001f0 x15=0x00000001
        5065000	       407	800033ae	008b7c63	bgeu	x22,x8,800033c6	 x22:0xfffffffb  x8:0x0000000d
        5095000	       410	800033c6	00449113	slli	x2,x9,0x4	  x9:0x0000001f  x2=0x000001f0
        5105000	       411	800033ca	0037fa33	and	x20,x15,x3	 x15:0x00000001  x3:0x00000005 x20=0x00000001
        5115000	       412	800033ce	0001	c.addi	x0,0	  x0:0x00000000  x0=0x00000000
        5155000	       416	800033d0	02212a33	mulhsu	x20,x2,x2	  x2:0x000001f0  x2:0x000001f0 x20=0x00000000
        5165000	       417	800033d4	0358e763	bltu	x17,x21,80003402	 x17:0x00000000 x21:0x80000000
        5185000	       419	80003402	8e61	c.and	x12,x8	 x12:0x00000000  x8:0x0000000d x12=0x00000000
        5195000	       420	80003404	0001	c.addi	x0,0	  x0:0x00000000  x0=0x00000000
        5205000	       421	80003406	e5da7b93	andi	x23,x20,-419	 x20:0x00000000 x23=0x00000000
        5215000	       422	8000340a	cc15	c.beqz	x8,80003446	  x8:0x0000000d
        5255000	       426	8000340c	0362beb3	mulhu	x29,x5,x22	  x5:0xb9cf6f4f x22:0xfffffffb x29=0xb9cf6f4b
        5265000	       427	80003410	01129b63	bne	x5,x17,80003426	  x5:0xb9cf6f4f x17:0x00000000
        5285000	       429	80003426	0001	c.addi	x0,0	  x0:0x00000000  x0=0x00000000
        5295000	       430	80003428	e395	c.bnez	x15,8000344c	 x15:0x00000001
        5315000	       432	8000344c	0001	c.addi	x0,0	  x0:0x00000000  x0=0x00000000
        5325000	       433	8000344e	41e10e33	sub	x28,x2,x30	  x2:0x000001f0 x30:0xa7c86000 x28=0x5837a1f0
        5335000	       434	80003452	02d3d263	bge	x7,x13,80003476	  x7:0x00000000 x13:0x80025ce4
        5365000	       437	80003476	02dd5e63	bge	x26,x13,800034b2	 x26:0x00000000 x13:0x80025ce4
        5395000	       440	800034b2	00601d93	slli	x27,x0,0x6	  x0:0x00000000 x27=0x00000000
        5765000	       477	800034b6	03d87733	remu	x14,x16,x29	 x16:0x00000689 x29:0xb9cf6f4b x14=0x00000689
        5775000	       478	800034ba	42e7c4b7	lui	x9,0x42e7c	  x9=0x42e7c000
        5785000	       479	800034be	6355	c.lui	x6,0x15	  x6=0x00015000
        5795000	       480	800034c0	0072de93	srli	x29,x5,0x7	  x5:0xb9cf6f4f x29=0x01739ede
        5805000	       481	800034c4	0a33cf13	xori	x30,x7,163	  x7:0x00000000 x30=0x000000a3
        5815000	       482	800034c8	0231	c.addi	x4,12	  x4:0x80000000  x4=0x8000000c
        5825000	       483	800034ca	31220013	addi	x0,x4,786	  x4:0x8000000c  x0=0x00000000
        5835000	       484	800034ce	e091	c.bnez	x9,800034d2	  x9:0x42e7c000
        5895000	       490	800034d2	0366a333	mulhsu	x6,x13,x22	 x13:0x80025ce4 x22:0xfffffffb  x6=0x80025ce6
        5905000	       491	800034d6	01f1af33	slt	x30,x3,x31	  x3:0x00000005 x31:0x0000000e x30=0x00000001
        5915000	       492	800034da	0ff0000f	fence	iorw,iorw	
        5925000	       493	800034de	8fb1	c.xor	x15,x12	 x15:0x00000001 x12:0x00000000 x15=0x00000001
        5935000	       494	800034e0	011b5f13	srli	x30,x22,0x11	 x22:0xfffffffb x30=0x00007fff
        5945000	       495	800034e4	8c49	c.or	x8,x10	  x8:0x0000000d x10:0x00000000  x8=0x0000000d
        5955000	       496	800034e6	00b76e33	or	x28,x14,x11	 x14:0x00000689 x11:0x80021e64 x28=0x80021eed
        5965000	       497	800034ea	2cd40d13	addi	x26,x8,717	  x8:0x0000000d x26=0x000002da
        6335000	       534	800034ee	022970b3	remu	x1,x18,x2	 x18:0x00000000  x2:0x000001f0  x1=0x00000000
        6345000	       535	800034f2	00879493	slli	x9,x15,0x8	 x15:0x00000001  x9=0x00000100
        6355000	       536	800034f6	0ff0000f	fence	iorw,iorw	
        6365000	       537	800034fa	57407db7	lui	x27,0x57407	 x27=0x57407000
        6375000	       538	800034fe	01db1333	sll	x6,x22,x29	 x22:0xfffffffb x29:0x01739ede  x6=0xc0000000
        6385000	       539	80003502	0001	c.addi	x0,0	  x0:0x00000000  x0=0x00000000
        6425000	       543	80003504	02f83db3	mulhu	x27,x16,x15	 x16:0x00000689 x15:0x00000001 x27=0x00000000
        6435000	       544	80003508	8391	c.srli	x15,0x4	 x15:0x00000001 x15=0x00000000
        6445000	       545	8000350a	014c90b3	sll	x1,x25,x20	 x25:0xfffffd37 x20:0x00000000  x1=0xfffffd37
        6455000	       546	8000350e	00c85663	bge	x16,x12,8000351a	 x16:0x00000689 x12:0x00000000
        6485000	       549	8000351a	0122f2b3	and	x5,x5,x18	  x5:0xb9cf6f4f x18:0x00000000  x5=0x00000000
        6855000	       586	8000351e	03a35833	divu	x16,x6,x26	  x6:0xc0000000 x26:0x000002da x16=0x004354dd
        6865000	       587	80003522	00f33933	sltu	x18,x6,x15	  x6:0xc0000000 x15:0x00000000 x18=0x00000000
        6875000	       588	80003526	023a7f63	bgeu	x20,x3,80003564	 x20:0x00000000  x3:0x00000005
        6885000	       589	8000352a	0000100f	fence.i	
        6915000	       592	8000352e	1451c293	xori	x5,x3,325	  x3:0x00000005  x5=0x00000140
        6925000	       593	80003532	827d	c.srli	x12,0x1f	 x12:0x00000000 x12=0x00000000
        6935000	       594	80003534	3a200437	lui	x8,0x3a200	  x8=0x3a200000
        6945000	       595	80003538	87d5	c.srai	x15,0x15	 x15:0x00000000 x15=0x00000000
        6955000	       596	8000353a	03ffdd63	bge	x31,x31,80003574	 x31:0x0000000e x31:0x0000000e
        7335000	       634	80003574	03abe233	rem	x4,x23,x26	 x23:0x00000000 x26:0x000002da  x4=0x00000000
        7345000	       635	80003578	0000100f	fence.i	
        7365000	       637	8000357c	01c63833	sltu	x16,x12,x28	 x12:0x00000000 x28:0x80021eed x16=0x00000001
        7375000	       638	80003580	49cd	c.li	x19,19	 x19=0x00000013
        7385000	       639	80003582	00932633	slt	x12,x6,x9	  x6:0xc0000000  x9:0x00000100 x12=0x00000001
        7395000	       640	80003586	8275	c.srli	x12,0x1d	 x12:0x00000001 x12=0x00000000
        7405000	       641	80003588	5f0b7213	andi	x4,x22,1520	 x22:0xfffffffb  x4=0x000005f0
        7415000	       642	8000358c	00a0ef63	bltu	x1,x10,800035aa	  x1:0xfffffd37 x10:0x00000000
        7425000	       643	80003590	0f3d	c.addi	x30,15	 x30:0x00007fff x30=0x0000800e
        7435000	       644	80003592	40075b33	sra	x22,x14,x0	 x14:0x00000689  x0:0x00000000 x22=0x00000689
        7445000	       645	80003596	013da233	slt	x4,x27,x19	 x27:0x00000000 x19:0x00000013  x4=0x00000001
        7455000	       646	8000359a	033a8463	beq	x21,x19,800035c2	 x21:0x80000000 x19:0x00000013
        7465000	       647	8000359e	e815	c.bnez	x8,800035d2	  x8:0x3a200000
        7495000	       650	800035d2	00e59ab3	sll	x21,x11,x14	 x11:0x80021e64 x14:0x00000689 x21=0x043cc800
        7865000	       687	800035d6	03597cb3	remu	x25,x18,x21	 x18:0x00000000 x21:0x043cc800 x25=0x00000000
        8235000	       724	800035da	02ea60b3	rem	x1,x20,x14	 x20:0x00000000 x14:0x00000689  x1=0x00000000
        8245000	       725	800035de	8c4d	c.or	x8,x11	  x8:0x3a200000 x11:0x80021e64  x8=0xba221e64
        8255000	       726	800035e0	cce23e13	sltiu	x28,x4,-818	  x4:0x00000001 x28=0x00000001
        8265000	       727	800035e4	1ba9e9b7	lui	x19,0x1ba9e	 x19=0x1ba9e000
        8275000	       728	800035e8	9ce2	c.add	x25,x24	 x25:0x00000000 x24:0x80000000 x25=0x80000000
        8285000	       729	800035ea	187d	c.addi	x16,-1	 x16:0x00000001 x16=0x00000000
        8295000	       730	800035ec	47290e93	addi	x29,x18,1138	 x18:0x00000000 x29=0x00000472
        8305000	       731	800035f0	87b5	c.srai	x15,0xd	 x15:0x00000000 x15=0x00000000
        8345000	       735	800035f2	0395a9b3	mulhsu	x19,x11,x25	 x11:0x80021e64 x25:0x80000000 x19=0xc0010f32
        8355000	       736	800035f6	f4016c93	ori	x25,x2,-192	  x2:0x000001f0 x25=0xfffffff0
        8365000	       737	800035fa	0001	c.addi	x0,0	  x0:0x00000000  x0=0x00000000
        8375000	       738	800035fc	f4e47493	andi	x9,x8,-178	  x8:0xba221e64  x9=0xba221e44
        8385000	       739	80003600	e419	c.bnez	x8,8000360e	  x8:0xba221e64
        8415000	       742	8000360e	0108ef63	bltu	x17,x16,8000362c	 x17:0x00000000 x16:0x00000000
        8425000	       743	80003612	023d5c63	bge	x26,x3,8000364a	 x26:0x000002da  x3:0x00000005
        8815000	       782	8000364a	03a8f833	remu	x16,x17,x26	 x17:0x00000000 x26:0x000002da x16=0x00000000
        8825000	       783	8000364e	00e097b3	sll	x15,x1,x14	  x1:0x00000000 x14:0x00000689 x15=0x00000000
        8835000	       784	80003652	4898ce17	auipc	x28,0x4898c	 x28=0xc898f652
        8845000	       785	80003656	0116e133	or	x2,x13,x17	 x13:0x80025ce4 x17:0x00000000  x2=0x80025ce4
        8855000	       786	8000365a	c5a23293	sltiu	x5,x4,-934	  x4:0x00000001  x5=0x00000001
        8865000	       787	8000365e	98fd	c.andi	x9,-1	  x9:0xba221e44  x9=0xba221e44
        8875000	       788	80003660	974ac913	xori	x18,x21,-1676	 x21:0x043cc800 x18=0xfbc33174
        8885000	       789	80003664	6b71	c.lui	x22,0x1c	 x22=0x0001c000
        8895000	       790	80003666	e919	c.bnez	x10,8000367c	 x10:0x00000000
        8905000	       791	80003668	635d	c.lui	x6,0x17	  x6=0x00017000
        8935000	       794	8000366a	03ef0d33	mul	x26,x30,x30	 x30:0x0000800e x30:0x0000800e x26=0x400e00c4
        8945000	       795	8000366e	8d39	c.xor	x10,x14	 x10:0x00000000 x14:0x00000689 x10=0x00000689
        8965000	       797	80003670	027ec333	div	x6,x29,x7	 x29:0x00000472  x7:0x00000000  x6=0xffffffff
        8975000	       798	80003674	0ff0000f	fence	iorw,iorw	
        8985000	       799	80003678	7d1c8413	addi	x8,x25,2001	 x25:0xfffffff0  x8=0x000007c1
        8995000	       800	8000367c	04ea4163	blt	x20,x14,800036be	 x20:0x00000000 x14:0x00000689
        9025000	       803	800036be	006e4533	xor	x10,x28,x6	 x28:0xc898f652  x6:0xffffffff x10=0x376709ad
        9035000	       804	800036c2	1f98	c.addi4spn	x14,x2,1008	 x14=0x800260d4
        9045000	       805	800036c4	44cf0e93	addi	x29,x30,1100	 x30:0x0000800e x29=0x0000845a
        9055000	       806	800036c8	038df893	andi	x17,x27,56	 x27:0x00000000 x17=0x00000000
        9065000	       807	800036cc	01458833	add	x16,x11,x20	 x11:0x80021e64 x20:0x00000000 x16=0x80021e64
        9075000	       808	800036d0	8c65	c.and	x8,x9	  x8:0x000007c1  x9:0xba221e44  x8=0x00000640
        9085000	       809	800036d2	0244c863	blt	x9,x4,80003702	  x9:0xba221e44  x4:0x00000001
        9105000	       811	80003702	8221	c.srli	x12,0x8	 x12:0x00000000 x12=0x00000000
        9115000	       812	80003704	0e42	c.slli	x28,0x10	 x28:0xc898f652 x28=0xf6520000
        9125000	       813	80003706	641d	c.lui	x8,0x7	  x8=0x00007000
        9135000	       814	80003708	8e05	c.sub	x12,x9	 x12:0x00000000  x9:0xba221e44 x12=0x45dde1bc
        9145000	       815	8000370a	0001	c.addi	x0,0	  x0:0x00000000  x0=0x00000000
        9185000	       819	8000370c	03cb3e33	mulhu	x28,x22,x28	 x22:0x0001c000 x28:0xf6520000 x28=0x0001af0f
        9195000	       820	80003710	0409d063	bge	x19,x0,80003750	 x19:0xc0010f32  x0:0x00000000
        9225000	       823	80003714	03c40833	mul	x16,x8,x28	  x8:0x00007000 x28:0x0001af0f x16=0xbc969000
        9235000	       824	80003718	402f5293	srai	x5,x30,0x2	 x30:0x0000800e  x5=0x00002003
        9245000	       825	8000371c	0001	c.addi	x0,0	  x0:0x00000000  x0=0x00000000
        9255000	       826	8000371e	40ac5833	sra	x16,x24,x10	 x24:0x80000000 x10:0x376709ad x16=0xfffc0000
        9265000	       827	80003722	717d	c.addi16sp	x2,-16	  x2:0x80025ce4  x2=0x80025cd4
        9285000	       829	80003724	020e7733	remu	x14,x28,x0	 x28:0x0001af0f  x0:0x00000000 x14=0x0001af0f
        9295000	       830	80003728	009f9013	slli	x0,x31,0x9	 x31:0x0000000e  x0=0x00000000
        9305000	       831	8000372c	00965c63	bge	x12,x9,80003744	 x12:0x45dde1bc  x9:0xba221e44
        9325000	       833	80003744	01b5cfb3	xor	x31,x11,x27	 x11:0x80021e64 x27:0x00000000 x31=0x80021e64
        9335000	       834	80003748	01684333	xor	x6,x16,x22	 x16:0xfffc0000 x22:0x0001c000  x6=0xfffdc000
        9345000	       835	8000374c	034ef363	bgeu	x29,x20,80003772	 x29:0x0000845a x20:0x00000000
        9375000	       838	80003772	dc656d37	lui	x26,0xdc656	 x26=0xdc656000
        9385000	       839	80003776	8579	c.srai	x10,0x1e	 x10:0x376709ad x10=0x00000000
        9395000	       840	80003778	018f6f33	or	x30,x30,x24	 x30:0x0000800e x24:0x80000000 x30=0x8000800e
        9405000	       841	8000377c	00095f13	srli	x30,x18,0x0	 x18:0xfbc33174 x30=0xfbc33174
        9415000	       842	80003780	cb11	c.beqz	x14,80003794	 x14:0x0001af0f
        9425000	       843	80003782	0035d463	bge	x11,x3,8000378a	 x11:0x80021e64  x3:0x00000005
        9435000	       844	80003786	00976a33	or	x20,x14,x9	 x14:0x0001af0f  x9:0xba221e44 x20=0xba23bf4f
        9445000	       845	8000378a	00ec6cb3	or	x25,x24,x14	 x24:0x80000000 x14:0x0001af0f x25=0x8001af0f
        9455000	       846	8000378e	0001	c.addi	x0,0	  x0:0x00000000  x0=0x00000000
        9465000	       847	80003790	01a9efb3	or	x31,x19,x26	 x19:0xc0010f32 x26:0xdc656000 x31=0xdc656f32
        9475000	       848	80003794	822d	c.srli	x12,0xb	 x12:0x45dde1bc x12=0x0008bbbc
        9485000	       849	80003796	06f8cc13	xori	x24,x17,111	 x17:0x00000000 x24=0x0000006f
        9495000	       850	8000379a	01258463	beq	x11,x18,800037a2	 x11:0x80021e64 x18:0xfbc33174
        9505000	       851	8000379e	8e154d93	xori	x27,x10,-1823	 x10:0x00000000 x27=0xfffff8e1
        9515000	       852	800037a2	88c9	c.andi	x9,18	  x9:0xba221e44  x9=0x00000000
        9525000	       853	800037a4	0000100f	fence.i	
        9545000	       855	800037a8	6111	c.addi16sp	x2,256	  x2:0x80025cd4  x2=0x80025dd4
        9555000	       856	800037aa	8f8d	c.sub	x15,x11	 x15:0x00000000 x11:0x80021e64 x15=0x7ffde19c
        9565000	       857	800037ac	0000100f	fence.i	
        9585000	       859	800037b0	01ca7b63	bgeu	x20,x28,800037c6	 x20:0xba23bf4f x28:0x0001af0f
        9605000	       861	800037c6	8225	c.srli	x12,0x9	 x12:0x0008bbbc x12=0x0000045d
        9615000	       862	800037c8	98fd	c.andi	x9,-1	  x9:0x00000000  x9=0x00000000
        9625000	       863	800037ca	022acf63	blt	x21,x2,80003808	 x21:0x043cc800  x2:0x80025dd4
        9635000	       864	800037ce	6d25	c.lui	x26,0x9	 x26=0x00009000
       10005000	       901	800037d0	02fbf833	remu	x16,x23,x15	 x23:0x00000000 x15:0x7ffde19c x16=0x00000000
       10015000	       902	800037d4	00201bb3	sll	x23,x0,x2	  x0:0x00000000  x2:0x80025dd4 x23=0x00000000
       10385000	       939	800037d8	032bdab3	divu	x21,x23,x18	 x23:0x00000000 x18:0xfbc33174 x21=0x00000000
       10755000	       976	800037dc	022ff033	remu	x0,x31,x2	 x31:0xdc656f32  x2:0x80025dd4  x0=0x00000000
       10765000	       977	800037e0	01e8b7b3	sltu	x15,x17,x30	 x17:0x00000000 x30:0xfbc33174 x15=0x00000001
       10775000	       978	800037e4	00a6	c.slli	x1,0x9	  x1:0x00000000  x1=0x00000000
       10785000	       979	800037e6	0001	c.addi	x0,0	  x0:0x00000000  x0=0x00000000
       10795000	       980	800037e8	05e51163	bne	x10,x30,8000382a	 x10:0x00000000 x30:0xfbc33174
       10825000	       983	8000382a	02ece863	bltu	x25,x14,8000385a	 x25:0x8001af0f x14:0x0001af0f
       10835000	       984	8000382e	e005	c.bnez	x8,8000384e	  x8:0x00007000
       11225000	      1023	8000384e	0349e7b3	rem	x15,x19,x20	 x19:0xc0010f32 x20:0xba23bf4f x15=0xc0010f32
       11235000	      1024	80003852	1c4d2a13	slti	x20,x26,452	 x26:0x00009000 x20=0x00000000
       11245000	      1025	80003856	8d41	c.or	x10,x8	 x10:0x00000000  x8:0x00007000 x10=0x00007000
       11255000	      1026	80003858	9b7e	c.add	x22,x31	 x22:0x0001c000 x31:0xdc656f32 x22=0xdc672f32
       11265000	      1027	8000385a	005deab3	or	x21,x27,x5	 x27:0xfffff8e1  x5:0x00002003 x21=0xfffff8e3
       11275000	      1028	8000385e	01d59833	sll	x16,x11,x29	 x11:0x80021e64 x29:0x0000845a x16=0x90000000
       11645000	      1065	80003862	0229e533	rem	x10,x19,x2	 x19:0xc0010f32  x2:0x80025dd4 x10=0xc0010f32
       11655000	      1066	80003866	01cd5a63	bge	x26,x28,8000387a	 x26:0x00009000 x28:0x0001af0f
       11665000	      1067	8000386a	02a4da63	bge	x9,x10,8000389e	  x9:0x00000000 x10:0xc0010f32
       11685000	      1069	8000389e	8862	c.mv	x16,x24	  x0:0x00000000 x24:0x0000006f x16=0x0000006f
       11695000	      1070	800038a0	717d	c.addi16sp	x2,-16	  x2:0x80025dd4  x2=0x80025dc4
       11705000	      1071	800038a2	40685b33	sra	x22,x16,x6	 x16:0x0000006f  x6:0xfffdc000 x22=0x0000006f
       11715000	      1072	800038a6	019a2b33	slt	x22,x20,x25	 x20:0x00000000 x25:0x8001af0f x22=0x00000000
       11725000	      1073	800038aa	0001	c.addi	x0,0	  x0:0x00000000  x0=0x00000000
       11765000	      1077	800038ac	03bf1233	mulh	x4,x30,x27	 x30:0xfbc33174 x27:0xfffff8e1  x4=0x0000001e
       11775000	      1078	800038b0	8fa5	c.xor	x15,x9	 x15:0xc0010f32  x9:0x00000000 x15=0xc0010f32
       11785000	      1079	800038b2	4c29	c.li	x24,10	 x24=0x0000000a
       11795000	      1080	800038b4	0001	c.addi	x0,0	  x0:0x00000000  x0=0x00000000
       11805000	      1081	800038b6	014b5533	srl	x10,x22,x20	 x22:0x00000000 x20:0x00000000 x10=0x00000000
       11815000	      1082	800038ba	895a	c.mv	x18,x22	  x0:0x00000000 x22:0x00000000 x18=0x00000000
       11825000	      1083	800038bc	8a1a6793	ori	x15,x20,-1887	 x20:0x00000000 x15=0xfffff8a1
       11835000	      1084	800038c0	cc15	c.beqz	x8,800038fc	  x8:0x00007000
       11845000	      1085	800038c2	41955a33	sra	x20,x10,x25	 x10:0x00000000 x25:0x8001af0f x20=0x00000000
       11855000	      1086	800038c6	8531	c.srai	x10,0xc	 x10:0x00000000 x10=0x00000000
       11865000	      1087	800038c8	0ff0000f	fence	iorw,iorw	
       11875000	      1088	800038cc	40c8dc93	srai	x25,x17,0xc	 x17:0x00000000 x25=0x00000000
       11885000	      1089	800038d0	c728ef13	ori	x30,x17,-910	 x17:0x00000000 x30=0xfffffc72
       11895000	      1090	800038d4	562e3513	sltiu	x10,x28,1378	 x28:0x0001af0f x10=0x00000000
       11905000	      1091	800038d8	42e5	c.li	x5,25	  x5=0x00000019
       11915000	      1092	800038da	01449313	slli	x6,x9,0x14	  x9:0x00000000  x6=0x00000000
       11925000	      1093	800038de	0cf2	c.slli	x25,0x1c	 x25:0x00000000 x25=0x00000000
       11965000	      1097	800038e0	039d38b3	mulhu	x17,x26,x25	 x26:0x00009000 x25:0x00000000 x17=0x00000000
       11975000	      1098	800038e4	0001	c.addi	x0,0	  x0:0x00000000  x0=0x00000000
       11985000	      1099	800038e6	006c8533	add	x10,x25,x6	 x25:0x00000000  x6:0x00000000 x10=0x00000000
       12025000	      1103	800038ea	02ddaa33	mulhsu	x20,x27,x13	 x27:0xfffff8e1 x13:0x80025ce4 x20=0xfffffc70
       12035000	      1104	800038ee	0332	c.slli	x6,0xc	  x6:0x00000000  x6=0x00000000
       12045000	      1105	800038f0	0000100f	fence.i	
       12065000	      1107	800038f4	04c99063	bne	x19,x12,80003934	 x19:0xc0010f32 x12:0x0000045d
       12085000	      1109	80003934	01eef213	andi	x4,x29,30	 x29:0x0000845a  x4=0x0000001a
       12095000	      1110	80003938	0bd9	c.addi	x23,22	 x23:0x00000000 x23=0x00000016
       12105000	      1111	8000393a	c311	c.beqz	x14,8000393e	 x14:0x0001af0f
       12115000	      1112	8000393c	4aed	c.li	x21,27	 x21=0x0000001b
       12125000	      1113	8000393e	2be12993	slti	x19,x2,702	  x2:0x80025dc4 x19=0x00000001
       12135000	      1114	80003942	003779b3	and	x19,x14,x3	 x14:0x0001af0f  x3:0x00000005 x19=0x00000005
       12145000	      1115	80003946	007b4ab3	xor	x21,x22,x7	 x22:0x00000000  x7:0x00000000 x21=0x00000000
       12515000	      1152	8000394a	03dbe9b3	rem	x19,x23,x29	 x23:0x00000016 x29:0x0000845a x19=0x00000016
       12525000	      1153	8000394e	0ff0000f	fence	iorw,iorw	
       12535000	      1154	80003952	038c4b63	blt	x24,x24,80003988	 x24:0x0000000a x24:0x0000000a
       12545000	      1155	80003956	0ff0000f	fence	iorw,iorw	
       12555000	      1156	8000395a	40c559b3	sra	x19,x10,x12	 x10:0x00000000 x12:0x0000045d x19=0x00000000
       12925000	      1193	8000395e	03dbc133	div	x2,x23,x29	 x23:0x00000016 x29:0x0000845a  x2=0x00000000
       12935000	      1194	80003962	01115c63	bge	x2,x17,8000397a	  x2:0x00000000 x17:0x00000000
       12965000	      1197	8000397a	00efd793	srli	x15,x31,0xe	 x31:0xdc656f32 x15=0x00037195
       12975000	      1198	8000397e	6de5	c.lui	x27,0x19	 x27=0x00019000
       12985000	      1199	80003980	8091	c.srli	x9,0x4	  x9:0x00000000  x9=0x00000000
       12995000	      1200	80003982	987d	c.andi	x8,-1	  x8:0x00007000  x8=0x00007000
       13005000	      1201	80003984	ee633537	lui	x10,0xee633	 x10=0xee633000
       13015000	      1202	80003988	8225	c.srli	x12,0x9	 x12:0x0000045d x12=0x00000002
       13025000	      1203	8000398a	8f61	c.and	x14,x8	 x14:0x0001af0f  x8:0x00007000 x14=0x00002000
       13045000	      1205	8000398c	029ce4b3	rem	x9,x25,x9	 x25:0x00000000  x9:0x00000000  x9=0x00000000
       13055000	      1206	80003990	717d	c.addi16sp	x2,-16	  x2:0x00000000  x2=0xfffffff0
       13065000	      1207	80003992	01759893	slli	x17,x11,0x17	 x11:0x80021e64 x17=0x32000000
       13075000	      1208	80003996	0000100f	fence.i	
       13135000	      1214	8000399a	02563233	mulhu	x4,x12,x5	 x12:0x00000002  x5:0x00000019  x4=0x00000000
       13175000	      1218	8000399e	028cbb33	mulhu	x22,x25,x8	 x25:0x00000000  x8:0x00007000 x22=0x00000000
       13185000	      1219	800039a2	0ff0000f	fence	iorw,iorw	
       13195000	      1220	800039a6	8f55	c.or	x14,x13	 x14:0x00002000 x13:0x80025ce4 x14=0x80027ce4
       13205000	      1221	800039a8	5bbf3f93	sltiu	x31,x30,1467	 x30:0xfffffc72 x31=0x00000000
       13245000	      1225	800039ac	0282af33	mulhsu	x30,x5,x8	  x5:0x00000019  x8:0x00007000 x30=0x00000000
       13255000	      1226	800039b0	e905	c.bnez	x10,800039e0	 x10:0xee633000
       13275000	      1228	800039e0	c239	c.beqz	x12,80003a26	 x12:0x00000002
       13285000	      1229	800039e2	0001	c.addi	x0,0	  x0:0x00000000  x0=0x00000000
       13295000	      1230	800039e4	d89a9617	auipc	x12,0xd89a9	 x12=0x589ac9e4
       13305000	      1231	800039e8	40e78b33	sub	x22,x15,x14	 x15:0x00037195 x14:0x80027ce4 x22=0x8000f4b1
       13315000	      1232	800039ec	40375093	srai	x1,x14,0x3	 x14:0x80027ce4  x1=0xf0004f9c
       13335000	      1234	800039f0	0276ccb3	div	x25,x13,x7	 x13:0x80025ce4  x7:0x00000000 x25=0xffffffff
       13345000	      1235	800039f4	717d	c.addi16sp	x2,-16	  x2:0xfffffff0  x2=0xffffffe0
       13355000	      1236	800039f6	134e3c93	sltiu	x25,x28,308	 x28:0x0001af0f x25=0x00000000
       13365000	      1237	800039fa	8ba1	c.andi	x15,8	 x15:0x00037195 x15=0x00000000
       13375000	      1238	800039fc	007cb833	sltu	x16,x25,x7	 x25:0x00000000  x7:0x00000000 x16=0x00000000
       13385000	      1239	80003a00	0000100f	fence.i	
       13405000	      1241	80003a04	001f8d63	beq	x31,x1,80003a1e	 x31:0x00000000  x1:0xf0004f9c
       13415000	      1242	80003a08	01439d13	slli	x26,x7,0x14	  x7:0x00000000 x26=0x00000000
       13425000	      1243	80003a0c	04ccc063	blt	x25,x12,80003a4c	 x25:0x00000000 x12:0x589ac9e4
       13445000	      1245	80003a4c	00886ab3	or	x21,x16,x8	 x16:0x00000000  x8:0x00007000 x21=0x00007000
       13455000	      1246	80003a50	40965b13	srai	x22,x12,0x9	 x12:0x589ac9e4 x22=0x002c4d64
       13465000	      1247	80003a54	c609	c.beqz	x12,80003a5e	 x12:0x589ac9e4
       13475000	      1248	80003a56	5e7d	c.li	x28,-1	 x28=0xffffffff
       13485000	      1249	80003a58	0001	c.addi	x0,0	  x0:0x00000000  x0=0x00000000
       13495000	      1250	80003a5a	0ff0000f	fence	iorw,iorw	
       13505000	      1251	80003a5e	01df9cb3	sll	x25,x31,x29	 x31:0x00000000 x29:0x0000845a x25=0x00000000
       13525000	      1253	80003a62	0202f633	remu	x12,x5,x0	  x5:0x00000019  x0:0x00000000 x12=0x00000019
       13535000	      1254	80003a66	0084cdb3	xor	x27,x9,x8	  x9:0x00000000  x8:0x00007000 x27=0x00007000
       13545000	      1255	80003a6a	0b52	c.slli	x22,0x14	 x22:0x002c4d64 x22=0xd6400000
       13555000	      1256	80003a6c	8e86	c.mv	x29,x1	  x0:0x00000000  x1:0xf0004f9c x29=0xf0004f9c
       13565000	      1257	80003a6e	400d0933	sub	x18,x26,x0	 x26:0x00000000  x0:0x00000000 x18=0x00000000
       13575000	      1258	80003a72	00fa1293	slli	x5,x20,0xf	 x20:0xfffffc70  x5=0xfe380000
       13585000	      1259	80003a76	0900	c.addi4spn	x8,x2,144	  x8=0x00000070
       13595000	      1260	80003a78	da5a4193	xori	x3,x20,-603	 x20:0xfffffc70  x3=0x000001d5
       13605000	      1261	80003a7c	1980	c.addi4spn	x8,x2,240	  x8=0x000000d0
       13615000	      1262	80003a7e	052e4063	blt	x28,x18,80003abe	 x28:0xffffffff x18:0x00000000
       13645000	      1265	80003abe	01b75963	bge	x14,x27,80003ad0	 x14:0x80027ce4 x27:0x00007000
       13655000	      1266	80003ac2	00f3e1b3	or	x3,x7,x15	  x7:0x00000000 x15:0x00000000  x3=0x00000000
       13665000	      1267	80003ac6	00c8cf33	xor	x30,x17,x12	 x17:0x32000000 x12:0x00000019 x30=0x32000019
       13675000	      1268	80003aca	517d	c.li	x2,-1	  x2=0xffffffff
       13685000	      1269	80003acc	8706	c.mv	x14,x1	  x0:0x00000000  x1:0xf0004f9c x14=0xf0004f9c
       13695000	      1270	80003ace	8d41	c.or	x10,x8	 x10:0xee633000  x8:0x000000d0 x10=0xee6330d0
       13705000	      1271	80003ad0	8fdd	c.or	x15,x15	 x15:0x00000000 x15:0x00000000 x15=0x00000000
       13725000	      1273	80003ad2	033e5cb3	divu	x25,x28,x19	 x28:0xffffffff x19:0x00000000 x25=0xffffffff
       13735000	      1274	80003ad6	8f95	c.sub	x15,x13	 x15:0x00000000 x13:0x80025ce4 x15=0x7ffda31c
       13745000	      1275	80003ad8	c8b1	c.beqz	x9,80003b2c	  x9:0x00000000
       13765000	      1277	80003b2c	cb9fe893	ori	x17,x31,-839	 x31:0x00000000 x17=0xfffffcb9
       13775000	      1278	80003b30	03ed5763	bge	x26,x30,80003b5e	 x26:0x00000000 x30:0x32000019
       13785000	      1279	80003b34	408fd113	srai	x2,x31,0x8	 x31:0x00000000  x2=0x00000000
       13795000	      1280	80003b38	016ff993	andi	x19,x31,22	 x31:0x00000000 x19=0x00000000
       13805000	      1281	80003b3c	0ff0000f	fence	iorw,iorw	
       13815000	      1282	80003b40	0000100f	fence.i	
       13835000	      1284	80003b44	5c7d	c.li	x24,-1	 x24=0xffffffff
       14205000	      1321	80003b46	02b4c033	div	x0,x9,x11	  x9:0x00000000 x11:0x80021e64  x0=0x00000000
       14215000	      1322	80003b4a	79f53997	auipc	x19,0x79f53	 x19=0xf9f56b4a
       14225000	      1323	80003b4e	487c8793	addi	x15,x25,1159	 x25:0xffffffff x15=0x00000486
       14235000	      1324	80003b52	9d42	c.add	x26,x16	 x26:0x00000000 x16:0x00000000 x26=0x00000000
       14245000	      1325	80003b54	8fc5	c.or	x15,x9	 x15:0x00000486  x9:0x00000000 x15=0x00000486
       14265000	      1327	80003b56	02244033	div	x0,x8,x2	  x8:0x000000d0  x2:0x00000000  x0=0x00000000
       14275000	      1328	80003b5a	02f6	c.slli	x5,0x1d	  x5:0xfe380000  x5=0x00000000
       14285000	      1329	80003b5c	946e	c.add	x8,x27	  x8:0x000000d0 x27:0x00007000  x8=0x000070d0
       14295000	      1330	80003b5e	0194d193	srli	x3,x9,0x19	  x9:0x00000000  x3=0x00000000
       14665000	      1367	80003b62	035d68b3	rem	x17,x26,x21	 x26:0x00000000 x21:0x00007000 x17=0x00000000
       14675000	      1368	80003b66	01a6b733	sltu	x14,x13,x26	 x13:0x80025ce4 x26:0x00000000 x14=0x00000000
       14685000	      1369	80003b6a	011e5933	srl	x18,x28,x17	 x28:0xffffffff x17:0x00000000 x18=0xffffffff
       14695000	      1370	80003b6e	8a96ae93	slti	x29,x13,-1879	 x13:0x80025ce4 x29=0x00000001
       14705000	      1371	80003b72	83a9	c.srli	x15,0xa	 x15:0x00000486 x15=0x00000001
       14715000	      1372	80003b74	1bb32cb7	lui	x25,0x1bb32	 x25=0x1bb32000
       14725000	      1373	80003b78	717d	c.addi16sp	x2,-16	  x2:0x00000000  x2=0xfffffff0
       14735000	      1374	80003b7a	00700c63	beq	x0,x7,80003b92	  x0:0x00000000  x7:0x00000000
       14755000	      1376	80003b92	8b41	c.andi	x14,16	 x14:0x00000000 x14=0x00000000
       14765000	      1377	80003b94	67ed0793	addi	x15,x26,1662	 x26:0x00000000 x15=0x0000067e
       14775000	      1378	80003b98	01529bb3	sll	x23,x5,x21	  x5:0x00000000 x21:0x00007000 x23=0x00000000
       14785000	      1379	80003b9c	e0a9	c.bnez	x9,80003bde	  x9:0x00000000
       15155000	      1416	80003b9e	022847b3	div	x15,x16,x2	 x16:0x00000000  x2:0xfffffff0 x15=0x00000000
       15175000	      1418	80003ba2	03afd2b3	divu	x5,x31,x26	 x31:0x00000000 x26:0x00000000  x5=0xffffffff
       15185000	      1419	80003ba6	471941b7	lui	x3,0x47194	  x3=0x47194000
       15195000	      1420	80003baa	031ef663	bgeu	x29,x17,80003bd6	 x29:0x00000001 x17:0x00000000
       15585000	      1459	80003bd6	023ccf33	div	x30,x25,x3	 x25:0x1bb32000  x3:0x47194000 x30=0x00000000
       15595000	      1460	80003bda	03334563	blt	x6,x19,80003c04	  x6:0x00000000 x19:0xf9f56b4a
       15605000	      1461	80003bde	012b5f93	srli	x31,x22,0x12	 x22:0xd6400000 x31=0x00003590
       15615000	      1462	80003be2	6d91	c.lui	x27,0x4	 x27=0x00004000
       15625000	      1463	80003be4	6db56493	ori	x9,x10,1755	 x10:0xee6330d0  x9=0xee6336db
       15635000	      1464	80003be8	a699f717	auipc	x14,0xa699f	 x14=0x269a2be8
       15645000	      1465	80003bec	8e21	c.xor	x12,x8	 x12:0x00000019  x8:0x000070d0 x12=0x000070c9
       15655000	      1466	80003bee	025dcd63	blt	x27,x5,80003c28	 x27:0x00004000  x5:0xffffffff
       15665000	      1467	80003bf2	40765f13	srai	x30,x12,0x7	 x12:0x000070c9 x30=0x000000e1
       15675000	      1468	80003bf6	eb27b9b7	lui	x19,0xeb27b	 x19=0xeb27b000
       15685000	      1469	80003bfa	80652893	slti	x17,x10,-2042	 x10:0xee6330d0 x17=0x00000001
       15695000	      1470	80003bfe	8c51	c.or	x8,x12	  x8:0x000070d0 x12:0x000070c9  x8=0x000070d9
       15705000	      1471	80003c00	267da513	slti	x10,x27,615	 x27:0x00004000 x10=0x00000000
       15715000	      1472	80003c04	005c38b3	sltu	x17,x24,x5	 x24:0xffffffff  x5:0xffffffff x17=0x00000000
       15725000	      1473	80003c08	0001	c.addi	x0,0	  x0:0x00000000  x0=0x00000000
       15735000	      1474	80003c0a	0147a093	slti	x1,x15,20	 x15:0x00000000  x1=0x00000001
       15745000	      1475	80003c0e	8a19	c.andi	x12,6	 x12:0x000070c9 x12=0x00000000
       15755000	      1476	80003c10	87fa	c.mv	x15,x30	  x0:0x00000000 x30:0x000000e1 x15=0x000000e1
       16125000	      1513	80003c12	0291ef33	rem	x30,x3,x9	  x3:0x47194000  x9:0xee6336db x30=0x00a61b6c
       16135000	      1514	80003c16	c23a0517	auipc	x10,0xc23a0	 x10=0x423a3c16
       16145000	      1515	80003c1a	50fd	c.li	x1,-1	  x1=0xffffffff
       16155000	      1516	80003c1c	8c41	c.or	x8,x8	  x8:0x000070d9  x8:0x000070d9  x8=0x000070d9
       16525000	      1553	80003c1e	028f5c33	divu	x24,x30,x8	 x30:0x00a61b6c  x8:0x000070d9 x24=0x00000178
       16555000	      1556	80003c22	02a28733	mul	x14,x5,x10	  x5:0xffffffff x10:0x423a3c16 x14=0xbdc5c3ea
       16565000	      1557	80003c26	8ff9	c.and	x15,x14	 x15:0x000000e1 x14:0xbdc5c3ea x15=0x000000e0
       16575000	      1558	80003c28	0ff0000f	fence	iorw,iorw	
       16585000	      1559	80003c2c	03c45d63	bge	x8,x28,80003c66	  x8:0x000070d9 x28:0xffffffff
       16605000	      1561	80003c66	8d75	c.and	x10,x13	 x10:0x423a3c16 x13:0x80025ce4 x10=0x00021c04
       16615000	      1562	80003c68	8cf1	c.and	x9,x12	  x9:0xee6336db x12:0x00000000  x9=0x00000000
       16625000	      1563	80003c6a	039c	c.addi4spn	x15,x2,448	 x15=0x000001b0
       16635000	      1564	80003c6c	0001	c.addi	x0,0	  x0:0x00000000  x0=0x00000000
       16645000	      1565	80003c6e	91b2	c.add	x3,x12	  x3:0x47194000 x12:0x00000000  x3=0x47194000
       16675000	      1568	80003c70	02c58bb3	mul	x23,x11,x12	 x11:0x80021e64 x12:0x00000000 x23=0x00000000
       16685000	      1569	80003c74	8f49	c.or	x14,x10	 x14:0xbdc5c3ea x10:0x00021c04 x14=0xbdc7dfee
       16695000	      1570	80003c76	b6c8cd13	xori	x26,x17,-1172	 x17:0x00000000 x26=0xfffffb6c
       16715000	      1572	80003c7a	024869b3	rem	x19,x16,x4	 x16:0x00000000  x4:0x00000000 x19=0x00000000
       16725000	      1573	80003c7e	ef91	c.bnez	x15,80003c9a	 x15:0x000001b0
       16755000	      1576	80003c9a	02dec263	blt	x29,x13,80003cbe	 x29:0x00000001 x13:0x80025ce4
       16765000	      1577	80003c9e	41ef5c13	srai	x24,x30,0x1e	 x30:0x00a61b6c x24=0x00000000
       16785000	      1579	80003ca2	02c6dfb3	divu	x31,x13,x12	 x13:0x80025ce4 x12:0x00000000 x31=0xffffffff
       16795000	      1580	80003ca6	e489	c.bnez	x9,80003cb0	  x9:0x00000000
       16805000	      1581	80003ca8	84dd	c.srai	x9,0x17	  x9:0x00000000  x9=0x00000000
       16815000	      1582	80003caa	0000100f	fence.i	
       16835000	      1584	80003cae	517d	c.li	x2,-1	  x2=0xffffffff
       16845000	      1585	80003cb0	0ff0000f	fence	iorw,iorw	
       16855000	      1586	80003cb4	873d	c.srai	x14,0xf	 x14:0xbdc7dfee x14=0xffff7b8f
       16865000	      1587	80003cb6	b97aa413	slti	x8,x21,-1129	 x21:0x00007000  x8=0x00000000
       17235000	      1624	80003cba	02fdc133	div	x2,x27,x15	 x27:0x00004000 x15:0x000001b0  x2=0x00000025
       17245000	      1625	80003cbe	4afd	c.li	x21,31	 x21=0x0000001f
       17255000	      1626	80003cc0	f0808d13	addi	x26,x1,-248	  x1:0xffffffff x26=0xffffff07
       17265000	      1627	80003cc4	9f553913	sltiu	x18,x10,-1547	 x10:0x00021c04 x18=0x00000001
       17275000	      1628	80003cc8	01e02933	slt	x18,x0,x30	  x0:0x00000000 x30:0x00a61b6c x18=0x00000001
       17285000	      1629	80003ccc	0000100f	fence.i	
       17305000	      1631	80003cd0	9f22	c.add	x30,x8	 x30:0x00a61b6c  x8:0x00000000 x30=0x00a61b6c
       17315000	      1632	80003cd2	01d25193	srli	x3,x4,0x1d	  x4:0x00000000  x3=0x00000000
       17325000	      1633	80003cd6	dbec8c13	addi	x24,x25,-578	 x25:0x1bb32000 x24=0x1bb31dbe
       17335000	      1634	80003cda	00018fb3	add	x31,x3,x0	  x3:0x00000000  x0:0x00000000 x31=0x00000000
       17345000	      1635	80003cde	03320d63	beq	x4,x19,80003d18	  x4:0x00000000 x19:0x00000000
       17365000	      1637	80003d18	39e79317	auipc	x6,0x39e79	  x6=0xb9e7cd18
       17375000	      1638	80003d1c	03558f63	beq	x11,x21,80003d5a	 x11:0x80021e64 x21:0x0000001f
       17385000	      1639	80003d20	1e7d	c.addi	x28,-1	 x28:0xffffffff x28=0xfffffffe
       17395000	      1640	80003d22	98fd	c.andi	x9,-1	  x9:0x00000000  x9=0x00000000
       17405000	      1641	80003d24	01069f93	slli	x31,x13,0x10	 x13:0x80025ce4 x31=0x5ce40000
       17425000	      1643	80003d28	02ca78b3	remu	x17,x20,x12	 x20:0xfffffc70 x12:0x00000000 x17=0xfffffc70
       17435000	      1644	80003d2c	0107c233	xor	x4,x15,x16	 x15:0x000001b0 x16:0x00000000  x4=0x000001b0
       17445000	      1645	80003d30	01bad093	srli	x1,x21,0x1b	 x21:0x0000001f  x1=0x00000000
       17455000	      1646	80003d34	00bb1233	sll	x4,x22,x11	 x22:0xd6400000 x11:0x80021e64  x4=0x64000000
       17465000	      1647	80003d38	1298	c.addi4spn	x14,x2,352	 x14=0x00000185
       17475000	      1648	80003d3a	0000100f	fence.i	
       17495000	      1650	80003d3e	0001	c.addi	x0,0	  x0:0x00000000  x0=0x00000000
       17505000	      1651	80003d40	8035	c.srli	x8,0xd	  x8:0x00000000  x8=0x00000000
       17515000	      1652	80003d42	40e202b3	sub	x5,x4,x14	  x4:0x64000000 x14:0x00000185  x5=0x63fffe7b
       17535000	      1654	80003d46	0374c7b3	div	x15,x9,x23	  x9:0x00000000 x23:0x00000000 x15=0xffffffff
       17555000	      1656	80003d4a	0201fab3	remu	x21,x3,x0	  x3:0x00000000  x0:0x00000000 x21=0x00000000
       17575000	      1658	80003d4e	0294cd33	div	x26,x9,x9	  x9:0x00000000  x9:0x00000000 x26=0xffffffff
       17585000	      1659	80003d52	00e61433	sll	x8,x12,x14	 x12:0x00000000 x14:0x00000185  x8=0x00000000
       17595000	      1660	80003d56	0448e163	bltu	x17,x4,80003d98	 x17:0xfffffc70  x4:0x64000000
       17605000	      1661	80003d5a	01ac8833	add	x16,x25,x26	 x25:0x1bb32000 x26:0xffffffff x16=0x1bb31fff
       17615000	      1662	80003d5e	01bdd533	srl	x10,x27,x27	 x27:0x00004000 x27:0x00004000 x10=0x00004000
       17625000	      1663	80003d62	e029	c.bnez	x8,80003da4	  x8:0x00000000
       17635000	      1664	80003d64	023f7663	bgeu	x30,x3,80003d90	 x30:0x00a61b6c  x3:0x00000000
       17655000	      1666	80003d90	0ff0000f	fence	iorw,iorw	
       18025000	      1703	80003d94	02677d33	remu	x26,x14,x6	 x14:0x00000185  x6:0xb9e7cd18 x26=0x00000185
       18035000	      1704	80003d98	01286033	or	x0,x16,x18	 x16:0x1bb31fff x18:0x00000001  x0=0x00000000
       18045000	      1705	80003d9c	8112	c.mv	x2,x4	  x0:0x00000000  x4:0x64000000  x2=0x64000000
       18085000	      1709	80003d9e	028727b3	mulhsu	x15,x14,x8	 x14:0x00000185  x8:0x00000000 x15=0x00000000
       18095000	      1710	80003da2	8d09	c.sub	x10,x10	 x10:0x00004000 x10:0x00004000 x10=0x00000000
       18105000	      1711	80003da4	90f2	c.add	x1,x28	  x1:0x00000000 x28:0xfffffffe  x1=0xfffffffe
       18115000	      1712	80003da6	8c69	c.and	x8,x10	  x8:0x00000000 x10:0x00000000  x8=0x00000000
       18125000	      1713	80003da8	07a09417	auipc	x8,0x7a09	  x8=0x87a0cda8
       18135000	      1714	80003dac	01cdbcb3	sltu	x25,x27,x28	 x27:0x00004000 x28:0xfffffffe x25=0x00000001
       18145000	      1715	80003db0	05c59163	bne	x11,x28,80003df2	 x11:0x80021e64 x28:0xfffffffe
       18165000	      1717	80003df2	0a52	c.slli	x20,0x14	 x20:0xfffffc70 x20=0xc7000000
       18175000	      1718	80003df4	016c1313	slli	x6,x24,0x16	 x24:0x1bb31dbe  x6=0x6f800000
       18185000	      1719	80003df8	01811cb3	sll	x25,x2,x24	  x2:0x64000000 x24:0x1bb31dbe x25=0x00000000
       18195000	      1720	80003dfc	083c3d17	auipc	x26,0x83c3	 x26=0x883c6dfc
       18205000	      1721	80003e00	00d19e33	sll	x28,x3,x13	  x3:0x00000000 x13:0x80025ce4 x28=0x00000000
       18215000	      1722	80003e04	e3a1	c.bnez	x15,80003e44	 x15:0x00000000
       18225000	      1723	80003e06	4164dc33	sra	x24,x9,x22	  x9:0x00000000 x22:0xd6400000 x24=0x00000000
       18235000	      1724	80003e0a	40b2d0b3	sra	x1,x5,x11	  x5:0x63fffe7b x11:0x80021e64  x1=0x063fffe7
       18245000	      1725	80003e0e	c06bcf13	xori	x30,x23,-1018	 x23:0x00000000 x30=0xfffffc06
       18255000	      1726	80003e12	0000100f	fence.i	
       18285000	      1729	80003e16	f14cbb17	auipc	x22,0xf14cb	 x22=0x714cee16
       18295000	      1730	80003e1a	01c0fcb3	and	x25,x1,x28	  x1:0x063fffe7 x28:0x00000000 x25=0x00000000
       18305000	      1731	80003e1e	8615	c.srai	x12,0x5	 x12:0x00000000 x12=0x00000000
       18315000	      1732	80003e20	1dc14213	xori	x4,x2,476	  x2:0x64000000  x4=0x640001dc
       18685000	      1769	80003e24	03eb69b3	rem	x19,x22,x30	 x22:0x714cee16 x30:0xfffffc06 x19=0x000001e6
       18725000	      1773	80003e28	03c32b33	mulhsu	x22,x6,x28	  x6:0x6f800000 x28:0x00000000 x22=0x00000000
       18735000	      1774	80003e2c	01b10bb3	add	x23,x2,x27	  x2:0x64000000 x27:0x00004000 x23=0x64004000
       18745000	      1775	80003e30	0154a233	slt	x4,x9,x21	  x9:0x00000000 x21:0x00000000  x4=0x00000000
       18755000	      1776	80003e34	2e89f413	andi	x8,x19,744	 x19:0x000001e6  x8=0x000000e0
       18765000	      1777	80003e38	03c4f563	bgeu	x9,x28,80003e62	  x9:0x00000000 x28:0x00000000
       18795000	      1780	80003e62	00be9933	sll	x18,x29,x11	 x29:0x00000001 x11:0x80021e64 x18=0x00000010
       18805000	      1781	80003e66	0001	c.addi	x0,0	  x0:0x00000000  x0=0x00000000
       18815000	      1782	80003e68	5f7d	c.li	x30,-1	 x30=0xffffffff
       18855000	      1786	80003e6a	025631b3	mulhu	x3,x12,x5	 x12:0x00000000  x5:0x63fffe7b  x3=0x00000000
       18865000	      1787	80003e6e	409ed433	sra	x8,x29,x9	 x29:0x00000001  x9:0x00000000  x8=0x00000001
       18875000	      1788	80003e72	014c6933	or	x18,x24,x20	 x24:0x00000000 x20:0xc7000000 x18=0xc7000000
       18885000	      1789	80003e76	01c988b3	add	x17,x19,x28	 x19:0x000001e6 x28:0x00000000 x17=0x000001e6
       18895000	      1790	80003e7a	014b2a33	slt	x20,x22,x20	 x22:0x00000000 x20:0xc7000000 x20=0x00000000
       18905000	      1791	80003e7e	8565	c.srai	x10,0x19	 x10:0x00000000 x10=0x00000000
       18915000	      1792	80003e80	41348233	sub	x4,x9,x19	  x9:0x00000000 x19:0x000001e6  x4=0xfffffe1a
       18955000	      1796	80003e84	034632b3	mulhu	x5,x12,x20	 x12:0x00000000 x20:0x00000000  x5=0x00000000
       18965000	      1797	80003e88	0595f363	bgeu	x11,x25,80003ece	 x11:0x80021e64 x25:0x00000000
       18995000	      1800	80003ece	c7bbc313	xori	x6,x23,-901	 x23:0x64004000  x6=0x9bffbc7b
       19005000	      1801	80003ed2	0001	c.addi	x0,0	  x0:0x00000000  x0=0x00000000
       19375000	      1838	80003ed4	037a4133	div	x2,x20,x23	 x20:0x00000000 x23:0x64004000  x2=0x00000000
       19385000	      1839	80003ed8	d72cac13	slti	x24,x25,-654	 x25:0x00000000 x24=0x00000000
       19395000	      1840	80003edc	01fb8c33	add	x24,x23,x31	 x23:0x64004000 x31:0x5ce40000 x24=0xc0e44000
       19405000	      1841	80003ee0	0010c833	xor	x16,x1,x1	  x1:0x063fffe7  x1:0x063fffe7 x16=0x00000000
       19415000	      1842	80003ee4	a5b0b913	sltiu	x18,x1,-1445	  x1:0x063fffe7 x18=0x00000001
       19425000	      1843	80003ee8	4068db33	sra	x22,x17,x6	 x17:0x000001e6  x6:0x9bffbc7b x22=0x00000000
       19435000	      1844	80003eec	43548013	addi	x0,x9,1077	  x9:0x00000000  x0=0x00000000
       19445000	      1845	80003ef0	011a8bb3	add	x23,x21,x17	 x21:0x00000000 x17:0x000001e6 x23=0x000001e6
       19455000	      1846	80003ef4	0001	c.addi	x0,0	  x0:0x00000000  x0=0x00000000
       19465000	      1847	80003ef6	fb6d9eb7	lui	x29,0xfb6d9	 x29=0xfb6d9000
       19475000	      1848	80003efa	00403d33	sltu	x26,x0,x4	  x0:0x00000000  x4:0xfffffe1a x26=0x00000001
       19485000	      1849	80003efe	0ff0000f	fence	iorw,iorw	
       19495000	      1850	80003f02	97b2	c.add	x15,x12	 x15:0x00000000 x12:0x00000000 x15=0x00000000
       19505000	      1851	80003f04	03b41e63	bne	x8,x27,80003f40	  x8:0x00000001 x27:0x00004000
       19535000	      1854	80003f40	0254de33	divu	x28,x9,x5	  x9:0x00000000  x5:0x00000000 x28=0xffffffff
       19545000	      1855	80003f44	02b84663	blt	x16,x11,80003f70	 x16:0x00000000 x11:0x80021e64
       19555000	      1856	80003f48	00b37ab3	and	x21,x6,x11	  x6:0x9bffbc7b x11:0x80021e64 x21=0x80021c60
       19565000	      1857	80003f4c	832e	c.mv	x6,x11	  x0:0x00000000 x11:0x80021e64  x6=0x80021e64
       19575000	      1858	80003f4e	0175	c.addi	x2,29	  x2:0x00000000  x2=0x0000001d
       19585000	      1859	80003f50	10fd	c.addi	x1,-1	  x1:0x063fffe7  x1=0x063fffe6
       19595000	      1860	80003f52	0000100f	fence.i	
       19625000	      1863	80003f56	40a4d033	sra	x0,x9,x10	  x9:0x00000000 x10:0x00000000  x0=0x00000000
       19635000	      1864	80003f5a	d3d14013	xori	x0,x2,-707	  x2:0x0000001d  x0=0x00000000
       19645000	      1865	80003f5e	01e59013	slli	x0,x11,0x1e	 x11:0x80021e64  x0=0x00000000
       19655000	      1866	80003f62	4fdacb13	xori	x22,x21,1277	 x21:0x80021c60 x22=0x8002189d
       19665000	      1867	80003f66	011aadb3	slt	x27,x21,x17	 x21:0x80021c60 x17:0x000001e6 x27=0x00000001
       19675000	      1868	80003f6a	e102b113	sltiu	x2,x5,-496	  x5:0x00000000  x2=0x00000001
       19685000	      1869	80003f6e	89ca	c.mv	x19,x18	  x0:0x00000000 x18:0x00000001 x19=0x00000001
       19695000	      1870	80003f70	012f8963	beq	x31,x18,80003f82	 x31:0x5ce40000 x18:0x00000001
       19705000	      1871	80003f74	6e71	c.lui	x28,0x1c	 x28=0x0001c000
       19715000	      1872	80003f76	4e31	c.li	x28,12	 x28=0x0000000c
       19755000	      1876	80003f78	02369cb3	mulh	x25,x13,x3	 x13:0x80025ce4  x3:0x00000000 x25=0x00000000
       19765000	      1877	80003f7c	8335	c.srli	x14,0xd	 x14:0x00000185 x14=0x00000000
       19775000	      1878	80003f7e	00719e63	bne	x3,x7,80003f9a	  x3:0x00000000  x7:0x00000000
       19815000	      1882	80003f82	037ab0b3	mulhu	x1,x21,x23	 x21:0x80021c60 x23:0x000001e6  x1=0x000000f3
       19825000	      1883	80003f86	c119	c.beqz	x10,80003f8c	 x10:0x00000000
       19845000	      1885	80003f8c	9d46	c.add	x26,x17	 x26:0x00000001 x17:0x000001e6 x26=0x000001e7
       19885000	      1889	80003f8e	02b82733	mulhsu	x14,x16,x11	 x16:0x00000000 x11:0x80021e64 x14=0x00000000
       19895000	      1890	80003f92	80d6	c.mv	x1,x21	  x0:0x00000000 x21:0x80021c60  x1=0x80021c60
       19905000	      1891	80003f94	6165	c.addi16sp	x2,112	  x2:0x00000001  x2=0x00000071
       19915000	      1892	80003f96	00d1eeb3	or	x29,x3,x13	  x3:0x00000000 x13:0x80025ce4 x29=0x80025ce4
       19925000	      1893	80003f9a	ae5b2913	slti	x18,x22,-1307	 x22:0x8002189d x18=0x00000001
       19935000	      1894	80003f9e	01927f33	and	x30,x4,x25	  x4:0xfffffe1a x25:0x00000000 x30=0x00000000
       19975000	      1898	80003fa2	037427b3	mulhsu	x15,x8,x23	  x8:0x00000001 x23:0x000001e6 x15=0x00000000
       19985000	      1899	80003fa6	049c	c.addi4spn	x15,x2,576	 x15=0x000002b1
       19995000	      1900	80003fa8	8d2e3c13	sltiu	x24,x28,-1838	 x28:0x0000000c x24=0x00000001
       20005000	      1901	80003fac	017e7f33	and	x30,x28,x23	 x28:0x0000000c x23:0x000001e6 x30=0x00000004
       20015000	      1902	80003fb0	8519	c.srai	x10,0x6	 x10:0x00000000 x10=0x00000000
       20025000	      1903	80003fb2	8d59	c.or	x10,x14	 x10:0x00000000 x14:0x00000000 x10=0x00000000
       20035000	      1904	80003fb4	0001	c.addi	x0,0	  x0:0x00000000  x0=0x00000000
       20045000	      1905	80003fb6	149e0a13	addi	x20,x28,329	 x28:0x0000000c x20=0x00000155
       20415000	      1942	80003fba	03e5c133	div	x2,x11,x30	 x11:0x80021e64 x30:0x00000004  x2=0xe0008799
       20425000	      1943	80003fbe	0189de13	srli	x28,x19,0x18	 x19:0x00000001 x28=0x00000000
       20465000	      1947	80003fc2	0370adb3	mulhsu	x27,x1,x23	  x1:0x80021c60 x23:0x000001e6 x27=0xffffff0d
       20475000	      1948	80003fc6	019c7a33	and	x20,x24,x25	 x24:0x00000001 x25:0x00000000 x20=0x00000000
       20485000	      1949	80003fca	9f2c6517	auipc	x10,0x9f2c6	 x10=0x1f2c9fca
       20495000	      1950	80003fce	4915	c.li	x18,5	 x18=0x00000005
       20505000	      1951	80003fd0	03750b63	beq	x10,x23,80004006	 x10:0x1f2c9fca x23:0x000001e6
       20515000	      1952	80003fd4	000e8863	beq	x29,x0,80003fe4	 x29:0x80025ce4  x0:0x00000000
       20555000	      1956	80003fd8	03e39bb3	mulh	x23,x7,x30	  x7:0x00000000 x30:0x00000004 x23=0x00000000
       20565000	      1957	80003fdc	034d6263	bltu	x26,x20,80004000	 x26:0x000001e7 x20:0x00000000
       20575000	      1958	80003fe0	011b6c33	or	x24,x22,x17	 x22:0x8002189d x17:0x000001e6 x24=0x800219ff
       20585000	      1959	80003fe4	616d	c.addi16sp	x2,240	  x2:0xe0008799  x2=0xe0008889
       20595000	      1960	80003fe6	019d99b3	sll	x19,x27,x25	 x27:0xffffff0d x25:0x00000000 x19=0xffffff0d
       20605000	      1961	80003fea	8c91	c.sub	x9,x12	  x9:0x00000000 x12:0x00000000  x9=0x00000000
       20615000	      1962	80003fec	612d	c.addi16sp	x2,224	  x2:0xe0008889  x2=0xe0008969
       20625000	      1963	80003fee	0f8c2a93	slti	x21,x24,248	 x24:0x800219ff x21=0x00000001
       20655000	      1966	80003ff2	03bf8533	mul	x10,x31,x27	 x31:0x5ce40000 x27:0xffffff0d x10=0xd3940000
       20665000	      1967	80003ff6	9b71e793	ori	x15,x3,-1609	  x3:0x00000000 x15=0xfffff9b7
       20675000	      1968	80003ffa	8a15	c.andi	x12,5	 x12:0x00000000 x12=0x00000000
       21045000	      2005	80003ffc	03f8ed33	rem	x26,x17,x31	 x17:0x000001e6 x31:0x5ce40000 x26=0x000001e6
       21055000	      2006	80004000	8f71	c.and	x14,x12	 x14:0x00000000 x12:0x00000000 x14=0x00000000
       21065000	      2007	80004002	017f27b3	slt	x15,x30,x23	 x30:0x00000004 x23:0x00000000 x15=0x00000000
       21075000	      2008	80004006	403cdeb3	sra	x29,x25,x3	 x25:0x00000000  x3:0x00000000 x29=0x00000000
       21085000	      2009	8000400a	eaaf3b37	lui	x22,0xeaaf3	 x22=0xeaaf3000
       21095000	      2010	8000400e	00859d13	slli	x26,x11,0x8	 x11:0x80021e64 x26=0x021e6400
       21105000	      2011	80004012	ee15	c.bnez	x12,8000404e	 x12:0x00000000
       21115000	      2012	80004014	e311	c.bnez	x14,80004018	 x14:0x00000000
       21125000	      2013	80004016	717d	c.addi16sp	x2,-16	  x2:0xe0008969  x2=0xe0008959
       21135000	      2014	80004018	015342b3	xor	x5,x6,x21	  x6:0x80021e64 x21:0x00000001  x5=0x80021e65
       21145000	      2015	8000401c	0d45	c.addi	x26,17	 x26:0x021e6400 x26=0x021e6411
       21155000	      2016	8000401e	41750ab3	sub	x21,x10,x23	 x10:0xd3940000 x23:0x00000000 x21=0xd3940000
       21165000	      2017	80004022	008c5333	srl	x6,x24,x8	 x24:0x800219ff  x8:0x00000001  x6=0x40010cff
       21175000	      2018	80004026	40ced613	srai	x12,x29,0xc	 x29:0x00000000 x12=0x00000000
       21185000	      2019	8000402a	03f69c63	bne	x13,x31,80004062	 x13:0x80025ce4 x31:0x5ce40000
       21205000	      2021	80004062	cd15	c.beqz	x10,8000409e	 x10:0xd3940000
       21215000	      2022	80004064	547d	c.li	x8,-1	  x8=0xffffffff
       21255000	      2026	80004066	03eaa333	mulhsu	x6,x21,x30	 x21:0xd3940000 x30:0x00000004  x6=0xffffffff
       21265000	      2027	8000406a	b5307493	andi	x9,x0,-1197	  x0:0x00000000  x9=0x00000000
       21275000	      2028	8000406e	03445d63	bge	x8,x20,800040a8	  x8:0xffffffff x20:0x00000000
       21285000	      2029	80004072	03c8f263	bgeu	x17,x28,80004096	 x17:0x000001e6 x28:0x00000000
       21315000	      2032	80004096	0000100f	fence.i	
       21345000	      2035	8000409a	fadaa413	slti	x8,x21,-83	 x21:0xd3940000  x8=0x00000001
       21355000	      2036	8000409e	0001	c.addi	x0,0	  x0:0x00000000  x0=0x00000000
       21365000	      2037	800040a0	01404a63	blt	x0,x20,800040b4	  x0:0x00000000 x20:0x00000000
       21375000	      2038	800040a4	41925f13	srai	x30,x4,0x19	  x4:0xfffffe1a x30=0xffffffff
       21385000	      2039	800040a8	5cb92713	slti	x14,x18,1483	 x18:0x00000005 x14=0x00000001
       21395000	      2040	800040ac	1ddc0913	addi	x18,x24,477	 x24:0x800219ff x18=0x80021bdc
       21405000	      2041	800040b0	8d1d	c.sub	x10,x15	 x10:0xd3940000 x15:0x00000000 x10=0xd3940000
       21415000	      2042	800040b2	8a4a	c.mv	x20,x18	  x0:0x00000000 x18:0x80021bdc x20=0x80021bdc
       21425000	      2043	800040b4	4056df93	srai	x31,x13,0x5	 x13:0x80025ce4 x31=0xfc0012e7
       21435000	      2044	800040b8	007cd813	srli	x16,x25,0x7	 x25:0x00000000 x16=0x00000000
       21445000	      2045	800040bc	15c30493	addi	x9,x6,348	  x6:0xffffffff  x9=0x0000015b
       21455000	      2046	800040c0	04411363	bne	x2,x4,80004106	  x2:0xe0008959  x4:0xfffffe1a
       21485000	      2049	80004106	00bc5e93	srli	x29,x24,0xb	 x24:0x800219ff x29=0x00100043
       21495000	      2050	8000410a	ed7d4013	xori	x0,x26,-297	 x26:0x021e6411  x0=0x00000000
       21505000	      2051	8000410e	0ff0000f	fence	iorw,iorw	
       21515000	      2052	80004112	00bc04b3	add	x9,x24,x11	 x24:0x800219ff x11:0x80021e64  x9=0x00043863
       21525000	      2053	80004116	0ff0000f	fence	iorw,iorw	
       21535000	      2054	8000411a	c605	c.beqz	x12,80004142	 x12:0x00000000
       21555000	      2056	80004142	8c4d	c.or	x8,x11	  x8:0x00000001 x11:0x80021e64  x8=0x80021e65
       21565000	      2057	80004144	82e6	c.mv	x5,x25	  x0:0x00000000 x25:0x00000000  x5=0x00000000
       21575000	      2058	80004146	01337233	and	x4,x6,x19	  x6:0xffffffff x19:0xffffff0d  x4=0xffffff0d
       21585000	      2059	8000414a	01ed20b3	slt	x1,x26,x30	 x26:0x021e6411 x30:0xffffffff  x1=0x00000000
       21595000	      2060	8000414e	6240a193	slti	x3,x1,1572	  x1:0x00000000  x3=0x00000001
       21605000	      2061	80004152	717d	c.addi16sp	x2,-16	  x2:0xe0008959  x2=0xe0008949
       21615000	      2062	80004154	8f8f0537	lui	x10,0x8f8f0	 x10=0x8f8f0000
       21625000	      2063	80004158	8499	c.srai	x9,0x6	  x9:0x00043863  x9=0x000010e1
       21635000	      2064	8000415a	97a23793	sltiu	x15,x4,-1670	  x4:0xffffff0d x15=0x00000000
       21645000	      2065	8000415e	e41d	c.bnez	x8,8000418c	  x8:0x80021e65
       21665000	      2067	8000418c	00504463	blt	x0,x5,80004194	  x0:0x00000000  x5:0x00000000
       21685000	      2069	80004190	02c147b3	div	x15,x2,x12	  x2:0xe0008949 x12:0x00000000 x15=0xffffffff
       21695000	      2070	80004194	24f12613	slti	x12,x2,591	  x2:0xe0008949 x12=0x00000001
       21715000	      2072	80004198	02126e33	rem	x28,x4,x1	  x4:0xffffff0d  x1:0x00000000 x28=0xffffff0d
       21725000	      2073	8000419c	00151013	slli	x0,x10,0x1	 x10:0x8f8f0000  x0=0x00000000
       21735000	      2074	800041a0	00fd1a93	slli	x21,x26,0xf	 x26:0x021e6411 x21=0x32088000
       21745000	      2075	800041a4	0001	c.addi	x0,0	  x0:0x00000000  x0=0x00000000
       21755000	      2076	800041a6	b739c437	lui	x8,0xb739c	  x8=0xb739c000
       22125000	      2113	800041aa	02ab7a33	remu	x20,x22,x10	 x22:0xeaaf3000 x10:0x8f8f0000 x20=0x5b203000
       22135000	      2114	800041ae	01052133	slt	x2,x10,x16	 x10:0x8f8f0000 x16:0x00000000  x2=0x00000001
       22145000	      2115	800041b2	8bed	c.andi	x15,27	 x15:0xffffffff x15=0x0000001b
       22155000	      2116	800041b4	6119	c.addi16sp	x2,384	  x2:0x00000001  x2=0x00000181
       22165000	      2117	800041b6	8c41	c.or	x8,x8	  x8:0xb739c000  x8:0xb739c000  x8=0xb739c000
       22175000	      2118	800041b8	0b9c	c.addi4spn	x15,x2,464	 x15=0x00000351
       22185000	      2119	800041ba	00831793	slli	x15,x6,0x8	  x6:0xffffffff x15=0xffffff00
       22195000	      2120	800041be	0952	c.slli	x18,0x14	 x18:0x80021bdc x18=0xbdc00000
       22205000	      2121	800041c0	03997f63	bgeu	x18,x25,800041fe	 x18:0xbdc00000 x25:0x00000000
       22235000	      2124	800041fe	00f83f33	sltu	x30,x16,x15	 x16:0x00000000 x15:0xffffff00 x30=0x00000001
       22245000	      2125	80004202	8286	c.mv	x5,x1	  x0:0x00000000  x1:0x00000000  x5=0x00000000
       22255000	      2126	80004204	8cf1	c.and	x9,x12	  x9:0x000010e1 x12:0x00000001  x9=0x00000001
       22265000	      2127	80004206	0001	c.addi	x0,0	  x0:0x00000000  x0=0x00000000
       22275000	      2128	80004208	0288ee63	bltu	x17,x8,80004244	 x17:0x000001e6  x8:0xb739c000
       22655000	      2166	80004244	0386d033	divu	x0,x13,x24	 x13:0x80025ce4 x24:0x800219ff  x0=0x00000000
       22665000	      2167	80004248	0001	c.addi	x0,0	  x0:0x00000000  x0=0x00000000
       22675000	      2168	8000424a	c6df3d13	sltiu	x26,x30,-915	 x30:0x00000001 x26=0x00000001
       22685000	      2169	8000424e	0052e633	or	x12,x5,x5	  x5:0x00000000  x5:0x00000000 x12=0x00000000
       23055000	      2206	80004252	02afde33	divu	x28,x31,x10	 x31:0xfc0012e7 x10:0x8f8f0000 x28=0x00000001
       23065000	      2207	80004256	0001	c.addi	x0,0	  x0:0x00000000  x0=0x00000000
       23075000	      2208	80004258	03b77d63	bgeu	x14,x27,80004292	 x14:0x00000001 x27:0xffffff0d
       23085000	      2209	8000425c	4195dfb3	sra	x31,x11,x25	 x11:0x80021e64 x25:0x00000000 x31=0x80021e64
       23125000	      2213	80004260	03a2a633	mulhsu	x12,x5,x26	  x5:0x00000000 x26:0x00000001 x12=0x00000000
       23135000	      2214	80004264	0791	c.addi	x15,4	 x15:0xffffff00 x15=0xffffff04
       23505000	      2251	80004266	02a95933	divu	x18,x18,x10	 x18:0xbdc00000 x10:0x8f8f0000 x18=0x00000001
       23515000	      2252	8000426a	6a3d	c.lui	x20,0xf	 x20=0x0000f000
       23525000	      2253	8000426c	82ba	c.mv	x5,x14	  x0:0x00000000 x14:0x00000001  x5=0x00000001
       23535000	      2254	8000426e	41ca0133	sub	x2,x20,x28	 x20:0x0000f000 x28:0x00000001  x2=0x0000efff
       23545000	      2255	80004272	41d800b3	sub	x1,x16,x29	 x16:0x00000000 x29:0x00100043  x1=0xffefffbd
       23555000	      2256	80004276	00b35113	srli	x2,x6,0xb	  x6:0xffffffff  x2=0x001fffff
       23565000	      2257	8000427a	827d	c.srli	x12,0x1f	 x12:0x00000000 x12=0x00000000
       23575000	      2258	8000427c	00bb1b63	bne	x22,x11,80004292	 x22:0xeaaf3000 x11:0x80021e64
       23605000	      2261	80004292	540bf117	auipc	x2,0x540bf	  x2=0xd40c3292
       23615000	      2262	80004296	01fc0333	add	x6,x24,x31	 x24:0x800219ff x31:0x80021e64  x6=0x00043863
       23625000	      2263	8000429a	04afd163	bge	x31,x10,800042dc	 x31:0x80021e64 x10:0x8f8f0000
       23635000	      2264	8000429e	03a78663	beq	x15,x26,800042ca	 x15:0xffffff04 x26:0x00000001
       23645000	      2265	800042a2	0001	c.addi	x0,0	  x0:0x00000000  x0=0x00000000
       23655000	      2266	800042a4	eb99	c.bnez	x15,800042ba	 x15:0xffffff04
       23685000	      2269	800042ba	6ec26893	ori	x17,x4,1772	  x4:0xffffff0d x17=0xffffffed
       23715000	      2272	800042be	02b38233	mul	x4,x7,x11	  x7:0x00000000 x11:0x80021e64  x4=0x00000000
       23725000	      2273	800042c2	40925a93	srai	x21,x4,0x9	  x4:0x00000000 x21=0x00000000
       24095000	      2310	800042c6	0289feb3	remu	x29,x19,x8	 x19:0xffffff0d  x8:0xb739c000 x29=0x48c63f0d
       24105000	      2311	800042ca	965b4737	lui	x14,0x965b4	 x14=0x965b4000
       24115000	      2312	800042ce	006874b3	and	x9,x16,x6	 x16:0x00000000  x6:0x00043863  x9=0x00000000
       24125000	      2313	800042d2	03b1e063	bltu	x3,x27,800042f2	  x3:0x00000001 x27:0xffffff0d
       24165000	      2317	800042f2	035c72b3	remu	x5,x24,x21	 x24:0x800219ff x21:0x00000000  x5=0x800219ff
       24175000	      2318	800042f6	cc01	c.beqz	x8,8000430e	  x8:0xb739c000
       24185000	      2319	800042f8	02f31c63	bne	x6,x15,80004330	  x6:0x00043863 x15:0xffffff04
       24205000	      2321	80004330	038d9e63	bne	x27,x24,8000436c	 x27:0xffffff0d x24:0x800219ff
       24225000	      2323	8000436c	856d	c.srai	x10,0x1b	 x10:0x8f8f0000 x10=0xfffffff1
       24235000	      2324	8000436e	01933633	sltu	x12,x6,x25	  x6:0x00043863 x25:0x00000000 x12=0x00000000
       24245000	      2325	80004372	1a982713	slti	x14,x16,425	 x16:0x00000000 x14=0x00000001
       24255000	      2326	80004376	b2510837	lui	x16,0xb2510	 x16=0xb2510000
       24265000	      2327	8000437a	006a2f33	slt	x30,x20,x6	 x20:0x0000f000  x6:0x00043863 x30=0x00000001
       24275000	      2328	8000437e	8ff5	c.and	x15,x13	 x15:0xffffff04 x13:0x80025ce4 x15=0x80025c04
       24285000	      2329	80004380	4582cc13	xori	x24,x5,1112	  x5:0x800219ff x24=0x80021da7
       24295000	      2330	80004384	1688ad93	slti	x27,x17,360	 x17:0xffffffed x27=0x00000001
       24305000	      2331	80004388	049c	c.addi4spn	x15,x2,576	 x15=0xd40c34d2
       24315000	      2332	8000438a	00035133	srl	x2,x6,x0	  x6:0x00043863  x0:0x00000000  x2=0x00043863
       24325000	      2333	8000438e	4149d513	srai	x10,x19,0x14	 x19:0xffffff0d x10=0xffffffff
       24355000	      2336	80004392	03fd02b3	mul	x5,x26,x31	 x26:0x00000001 x31:0x80021e64  x5=0x80021e64
       24365000	      2337	80004396	34633213	sltiu	x4,x6,838	  x6:0x00043863  x4=0x00000000
       24375000	      2338	8000439a	01bc0a33	add	x20,x24,x27	 x24:0x80021da7 x27:0x00000001 x20=0x80021da8
       24385000	      2339	8000439e	01e65c13	srli	x24,x12,0x1e	 x12:0x00000000 x24=0x00000000
       24395000	      2340	800043a2	81e6	c.mv	x3,x25	  x0:0x00000000 x25:0x00000000  x3=0x00000000
       24405000	      2341	800043a4	ea15	c.bnez	x12,800043d8	 x12:0x00000000
       24415000	      2342	800043a6	00984363	blt	x16,x9,800043ac	 x16:0xb2510000  x9:0x00000000
       24435000	      2344	800043ac	007927b3	slt	x15,x18,x7	 x18:0x00000001  x7:0x00000000 x15=0x00000000
       24445000	      2345	800043b0	01064fb3	xor	x31,x12,x16	 x12:0x00000000 x16:0xb2510000 x31=0xb2510000
       24455000	      2346	800043b4	d2d78737	lui	x14,0xd2d78	 x14=0xd2d78000
       24465000	      2347	800043b8	8b2e	c.mv	x22,x11	  x0:0x00000000 x11:0x80021e64 x22=0x80021e64
       24475000	      2348	800043ba	0086	c.slli	x1,0x1	  x1:0xffefffbd  x1=0xffdfff7a
       24485000	      2349	800043bc	89ba8e93	addi	x29,x21,-1893	 x21:0x00000000 x29=0xfffff89b
       24495000	      2350	800043c0	418cd913	srai	x18,x25,0x18	 x25:0x00000000 x18=0x00000000
       24505000	      2351	800043c4	3b9c0793	addi	x15,x24,953	 x24:0x00000000 x15=0x000003b9
       24515000	      2352	800043c8	997d	c.andi	x10,-1	 x10:0xffffffff x10=0xffffffff
       24885000	      2389	800043ca	02a6c2b3	div	x5,x13,x10	 x13:0x80025ce4 x10:0xffffffff  x5=0x7ffda31c
       24895000	      2390	800043ce	6ed5	c.lui	x29,0x15	 x29=0x00015000
       24905000	      2391	800043d0	e915	c.bnez	x10,80004404	 x10:0xffffffff
       24925000	      2393	80004404	3badeb93	ori	x23,x27,954	 x27:0x00000001 x23=0x000003bb
       24935000	      2394	80004408	40dd	c.li	x1,23	  x1=0x00000017
       24945000	      2395	8000440a	0ff0000f	fence	iorw,iorw	
       24955000	      2396	8000440e	02c71663	bne	x14,x12,8000443a	 x14:0xd2d78000 x12:0x00000000
       25015000	      2402	8000443a	03ee90b3	mulh	x1,x29,x30	 x29:0x00015000 x30:0x00000001  x1=0x00000000
       25385000	      2439	8000443e	03bc6ab3	rem	x21,x24,x27	 x24:0x00000000 x27:0x00000001 x21=0x00000000
       25395000	      2440	80004442	41de0533	sub	x10,x28,x29	 x28:0x00000001 x29:0x00015000 x10=0xfffeb001
       25405000	      2441	80004446	41555f33	sra	x30,x10,x21	 x10:0xfffeb001 x21:0x00000000 x30=0xfffeb001
       25415000	      2442	8000444a	8da2	c.mv	x27,x8	  x0:0x00000000  x8:0xb739c000 x27=0xb739c000
       25425000	      2443	8000444c	613d	c.addi16sp	x2,480	  x2:0x00043863  x2=0x00043a43
       25435000	      2444	8000444e	0886	c.slli	x17,0x1	 x17:0xffffffed x17=0xffffffda
       25445000	      2445	80004450	915e	c.add	x2,x23	  x2:0x00043a43 x23:0x000003bb  x2=0x00043dfe
       25455000	      2446	80004452	cc91	c.beqz	x9,8000446e	  x9:0x00000000
       25485000	      2449	8000446e	000f40b3	xor	x1,x30,x0	 x30:0xfffeb001  x0:0x00000000  x1=0xfffeb001
       25495000	      2450	80004472	8f9d	c.sub	x15,x15	 x15:0x000003b9 x15:0x000003b9 x15=0x00000000
       25505000	      2451	80004474	92da	c.add	x5,x22	  x5:0x7ffda31c x22:0x80021e64  x5=0xffffc180
       25515000	      2452	80004476	00581e13	slli	x28,x16,0x5	 x16:0xb2510000 x28=0x4a200000
       25525000	      2453	8000447a	408081b3	sub	x3,x1,x8	  x1:0xfffeb001  x8:0xb739c000  x3=0x48c4f001
       25535000	      2454	8000447e	01b45913	srli	x18,x8,0x1b	  x8:0xb739c000 x18=0x00000016
       25545000	      2455	80004482	0001	c.addi	x0,0	  x0:0x00000000  x0=0x00000000
       25555000	      2456	80004484	3e922513	slti	x10,x4,1001	  x4:0x00000000 x10=0x00000001
       25565000	      2457	80004488	29710193	addi	x3,x2,663	  x2:0x00043dfe  x3=0x00044095
       25575000	      2458	8000448c	6f465b97	auipc	x23,0x6f465	 x23=0xef46948c
       25945000	      2495	80004490	031c58b3	divu	x17,x24,x17	 x24:0x00000000 x17:0xffffffda x17=0x00000000
       25955000	      2496	80004494	03e88963	beq	x17,x30,800044c6	 x17:0x00000000 x30:0xfffeb001
       25965000	      2497	80004498	ed0d	c.bnez	x10,800044d2	 x10:0x00000001
       26025000	      2503	800044d2	02371a33	mulh	x20,x14,x3	 x14:0xd2d78000  x3:0x00044095 x20=0xffff3ff9
       26035000	      2504	800044d6	a0a16037	lui	x0,0xa0a16	  x0=0x00000000
       26045000	      2505	800044da	02201f63	bne	x0,x2,80004518	  x0:0x00000000  x2:0x00043dfe
       26065000	      2507	80004518	0f18c313	xori	x6,x17,241	 x17:0x00000000  x6=0x000000f1
       26075000	      2508	8000451c	0011d863	bge	x3,x1,8000452c	  x3:0x00044095  x1:0xfffeb001
       26095000	      2510	8000452c	006f1c63	bne	x30,x6,80004544	 x30:0xfffeb001  x6:0x000000f1
       26115000	      2512	80004544	01c6da93	srli	x21,x13,0x1c	 x13:0x80025ce4 x21=0x00000008
       26125000	      2513	80004548	41a401b3	sub	x3,x8,x26	  x8:0xb739c000 x26:0x00000001  x3=0xb739bfff
       26135000	      2514	8000454c	8c59	c.or	x8,x14	  x8:0xb739c000 x14:0xd2d78000  x8=0xf7ffc000
       26145000	      2515	8000454e	9bfd	c.andi	x15,-1	 x15:0x00000000 x15=0x00000000
       26155000	      2516	80004550	03d78d63	beq	x15,x29,8000458a	 x15:0x00000000 x29:0x00015000
       26165000	      2517	80004554	5afd	c.li	x21,-1	 x21=0xffffffff
       26175000	      2518	80004556	50a74737	lui	x14,0x50a74	 x14=0x50a74000
       26185000	      2519	8000455a	80f5	c.srli	x9,0x1d	  x9:0x00000000  x9=0x00000000
       26195000	      2520	8000455c	9eba	c.add	x29,x14	 x29:0x00015000 x14:0x50a74000 x29=0x50a89000
       26205000	      2521	8000455e	40cb0f33	sub	x30,x22,x12	 x22:0x80021e64 x12:0x00000000 x30=0x80021e64
       26575000	      2558	80004562	03c358b3	divu	x17,x6,x28	  x6:0x000000f1 x28:0x4a200000 x17=0x00000000
       26585000	      2559	80004566	41ca5eb3	sra	x29,x20,x28	 x20:0xffff3ff9 x28:0x4a200000 x29=0xffff3ff9
       26595000	      2560	8000456a	6aad	c.lui	x21,0xb	 x21=0x0000b000
       26605000	      2561	8000456c	02bf9d63	bne	x31,x11,800045a6	 x31:0xb2510000 x11:0x80021e64
       26625000	      2563	800045a6	895d	c.andi	x10,23	 x10:0x00000001 x10=0x00000001
       26635000	      2564	800045a8	7c93a913	slti	x18,x7,1993	  x7:0x00000000 x18=0x00000001
       26645000	      2565	800045ac	8956	c.mv	x18,x21	  x0:0x00000000 x21:0x0000b000 x18=0x0000b000
       26685000	      2569	800045ae	03d12233	mulhsu	x4,x2,x29	  x2:0x00043dfe x29:0xffff3ff9  x4=0x00043dfa
       26695000	      2570	800045b2	0f49	c.addi	x30,18	 x30:0x80021e64 x30=0x80021e76
       26735000	      2574	800045b4	033e11b3	mulh	x3,x28,x19	 x28:0x4a200000 x19:0xffffff0d  x3=0xffffffb9
       26745000	      2575	800045b8	8d65	c.and	x10,x9	 x10:0x00000001  x9:0x00000000 x10=0x00000000
       26755000	      2576	800045ba	8cf5	c.and	x9,x13	  x9:0x00000000 x13:0x80025ce4  x9=0x00000000
       26765000	      2577	800045bc	4038d9b3	sra	x19,x17,x3	 x17:0x00000000  x3:0xffffffb9 x19=0x00000000
       26775000	      2578	800045c0	6b19	c.lui	x22,0x6	 x22=0x00006000
       26785000	      2579	800045c2	5dfd	c.li	x27,-1	 x27=0xffffffff
       26795000	      2580	800045c4	0000100f	fence.i	
       26815000	      2582	800045c8	0ab1	c.addi	x21,12	 x21:0x0000b000 x21=0x0000b00c
       27185000	      2619	800045ca	03e151b3	divu	x3,x2,x30	  x2:0x00043dfe x30:0x80021e76  x3=0x00000000
       27195000	      2620	800045ce	8351	c.srli	x14,0x14	 x14:0x50a74000 x14=0x0000050a
       27205000	      2621	800045d0	e5888113	addi	x2,x17,-424	 x17:0x00000000  x2=0xfffffe58
       27215000	      2622	800045d4	008c9193	slli	x3,x25,0x8	 x25:0x00000000  x3=0x00000000
       27235000	      2624	800045d8	0397dd33	divu	x26,x15,x25	 x15:0x00000000 x25:0x00000000 x26=0xffffffff
       27245000	      2625	800045dc	012c30b3	sltu	x1,x24,x18	 x24:0x00000000 x18:0x0000b000  x1=0x00000001
       27255000	      2626	800045e0	012a8a33	add	x20,x21,x18	 x21:0x0000b00c x18:0x0000b000 x20=0x0001600c
       27265000	      2627	800045e4	02c4f963	bgeu	x9,x12,80004616	  x9:0x00000000 x12:0x00000000
       27325000	      2633	80004616	03f7b233	mulhu	x4,x15,x31	 x15:0x00000000 x31:0xb2510000  x4=0x00000000
       27345000	      2635	8000461a	024ac733	div	x14,x21,x4	 x21:0x0000b00c  x4:0x00000000 x14=0xffffffff
       27355000	      2636	8000461e	c919	c.beqz	x10,80004634	 x10:0x00000000
       27375000	      2638	80004634	40b2da93	srai	x21,x5,0xb	  x5:0xffffc180 x21=0xfffffff8
       27385000	      2639	80004638	026f1a63	bne	x30,x6,8000466c	 x30:0x80021e76  x6:0x000000f1
       27405000	      2641	8000466c	8e29	c.xor	x12,x10	 x12:0x00000000 x10:0x00000000 x12=0x00000000
       27415000	      2642	8000466e	03666763	bltu	x12,x22,8000469c	 x12:0x00000000 x22:0x00006000
       27435000	      2644	8000469c	0001	c.addi	x0,0	  x0:0x00000000  x0=0x00000000
       27445000	      2645	8000469e	01c8d763	bge	x17,x28,800046ac	 x17:0x00000000 x28:0x4a200000
       27455000	      2646	800046a2	0050dab3	srl	x21,x1,x5	  x1:0x00000001  x5:0xffffc180 x21=0x00000001
       27465000	      2647	800046a6	9b2a	c.add	x22,x10	 x22:0x00006000 x10:0x00000000 x22=0x00006000
       27475000	      2648	800046a8	01267ab3	and	x21,x12,x18	 x12:0x00000000 x18:0x0000b000 x21=0x00000000
       27485000	      2649	800046ac	01e082b3	add	x5,x1,x30	  x1:0x00000001 x30:0x80021e76  x5=0x80021e77
       27495000	      2650	800046b0	8069	c.srli	x8,0x1a	  x8:0xf7ffc000  x8=0x0000003d
       27505000	      2651	800046b2	8d35	c.xor	x10,x13	 x10:0x00000000 x13:0x80025ce4 x10=0x80025ce4
       27515000	      2652	800046b4	0074e933	or	x18,x9,x7	  x9:0x00000000  x7:0x00000000 x18=0x00000000
       27555000	      2656	800046b8	0363b933	mulhu	x18,x7,x22	  x7:0x00000000 x22:0x00006000 x18=0x00000000
       27565000	      2657	800046bc	41f4d633	sra	x12,x9,x31	  x9:0x00000000 x31:0xb2510000 x12=0x00000000
       27585000	      2659	800046c0	0337f433	remu	x8,x15,x19	 x15:0x00000000 x19:0x00000000  x8=0x00000000
       27595000	      2660	800046c4	015ad713	srli	x14,x21,0x15	 x21:0x00000000 x14=0x00000000
       27965000	      2697	800046c8	03a15c33	divu	x24,x2,x26	  x2:0xfffffe58 x26:0xffffffff x24=0x00000000
       27975000	      2698	800046cc	8791	c.srai	x15,0x4	 x15:0x00000000 x15=0x00000000
       27985000	      2699	800046ce	03eace63	blt	x21,x30,8000470a	 x21:0x00000000 x30:0x80021e76
       28025000	      2703	800046d2	03051633	mulh	x12,x10,x16	 x10:0x80025ce4 x16:0xb2510000 x12=0x26d6c871
       28035000	      2704	800046d6	027f6f63	bltu	x30,x7,80004714	 x30:0x80021e76  x7:0x00000000
       28045000	      2705	800046da	02bd9f63	bne	x27,x11,80004718	 x27:0xffffffff x11:0x80021e64
       28065000	      2707	80004718	015d0c63	beq	x26,x21,80004730	 x26:0xffffffff x21:0x00000000
       28075000	      2708	8000471c	0ff0000f	fence	iorw,iorw	
       28085000	      2709	80004720	0b16	c.slli	x22,0x5	 x22:0x00006000 x22=0x000c0000
       28455000	      2746	80004722	02207b33	remu	x22,x0,x2	  x0:0x00000000  x2:0xfffffe58 x22=0x00000000
       28465000	      2747	80004726	6145	c.addi16sp	x2,48	  x2:0xfffffe58  x2=0xfffffe88
       28505000	      2751	80004728	031c9ab3	mulh	x21,x25,x17	 x25:0x00000000 x17:0x00000000 x21=0x00000000
       28515000	      2752	8000472c	8b6d9117	auipc	x2,0x8b6d9	  x2=0x0b6dd72c
       28525000	      2753	80004730	016400b3	add	x1,x8,x22	  x8:0x00000000 x22:0x00000000  x1=0x00000000
       28535000	      2754	80004734	02894f63	blt	x18,x8,80004772	 x18:0x00000000  x8:0x00000000
       28545000	      2755	80004738	8fe1	c.and	x15,x8	 x15:0x00000000  x8:0x00000000 x15=0x00000000
       28555000	      2756	8000473a	8c586cb7	lui	x25,0x8c586	 x25=0x8c586000
       28565000	      2757	8000473e	40cf82b3	sub	x5,x31,x12	 x31:0xb2510000 x12:0x26d6c871  x5=0x8b7a378f
       28575000	      2758	80004742	00b40d63	beq	x8,x11,8000475c	  x8:0x00000000 x11:0x80021e64
       28615000	      2762	80004746	02f13f33	mulhu	x30,x2,x15	  x2:0x0b6dd72c x15:0x00000000 x30=0x00000000
       28625000	      2763	8000474a	0331c663	blt	x3,x19,80004776	  x3:0x00000000 x19:0x00000000
       28635000	      2764	8000474e	02cafd63	bgeu	x21,x12,80004788	 x21:0x00000000 x12:0x26d6c871
       28645000	      2765	80004752	8471	c.srai	x8,0x1c	  x8:0x00000000  x8=0x00000000
       28655000	      2766	80004754	3d887613	andi	x12,x16,984	 x16:0xb2510000 x12=0x00000000
       28665000	      2767	80004758	0188bfb3	sltu	x31,x17,x24	 x17:0x00000000 x24:0x00000000 x31=0x00000000
       28675000	      2768	8000475c	8525	c.srai	x10,0x9	 x10:0x80025ce4 x10=0xffc0012e
       28695000	      2770	8000475e	0368fdb3	remu	x27,x17,x22	 x17:0x00000000 x22:0x00000000 x27=0x00000000
       28705000	      2771	80004762	639f6493	ori	x9,x30,1593	 x30:0x00000000  x9=0x00000639
       28715000	      2772	80004766	8361	c.srli	x14,0x18	 x14:0x00000000 x14=0x00000000
       28725000	      2773	80004768	0df2	c.slli	x27,0x1c	 x27:0x00000000 x27=0x00000000
       28735000	      2774	8000476a	007edd33	srl	x26,x29,x7	 x29:0xffff3ff9  x7:0x00000000 x26=0xffff3ff9
       28745000	      2775	8000476e	00216cb3	or	x25,x2,x2	  x2:0x0b6dd72c  x2:0x0b6dd72c x25=0x0b6dd72c
       28755000	      2776	80004772	031c4263	blt	x24,x17,80004796	 x24:0x00000000 x17:0x00000000
       28765000	      2777	80004776	01a5da63	bge	x11,x26,8000478a	 x11:0x80021e64 x26:0xffff3ff9
       28775000	      2778	8000477a	44a1a493	slti	x9,x3,1098	  x3:0x00000000  x9=0x00000001
       28785000	      2779	8000477e	54550d93	addi	x27,x10,1349	 x10:0xffc0012e x27=0xffc00673
       28795000	      2780	80004782	04808063	beq	x1,x8,800047c2	  x1:0x00000000  x8:0x00000000
       28815000	      2782	800047c2	8bc9	c.andi	x15,18	 x15:0x00000000 x15=0x00000000
       28825000	      2783	800047c4	019480b3	add	x1,x9,x25	  x9:0x00000001 x25:0x0b6dd72c  x1=0x0b6dd72d
       28835000	      2784	800047c8	656d	c.lui	x10,0x1b	 x10=0x0001b000
       28845000	      2785	800047ca	0000100f	fence.i	
       28875000	      2788	800047ce	010a5233	srl	x4,x20,x16	 x20:0x0001600c x16:0xb2510000  x4=0x0001600c
       28885000	      2789	800047d2	059ed063	bge	x29,x25,80004812	 x29:0xffff3ff9 x25:0x0b6dd72c
       28895000	      2790	800047d6	de25b993	sltiu	x19,x11,-542	 x11:0x80021e64 x19=0x00000001
       28905000	      2791	800047da	41ebd0b3	sra	x1,x23,x30	 x23:0xef46948c x30:0x00000000  x1=0xef46948c
       28915000	      2792	800047de	01647033	and	x0,x8,x22	  x8:0x00000000 x22:0x00000000  x0=0x00000000
       28925000	      2793	800047e2	4186d893	srai	x17,x13,0x18	 x13:0x80025ce4 x17=0xffffff80
       28935000	      2794	800047e6	00c29733	sll	x14,x5,x12	  x5:0x8b7a378f x12:0x00000000 x14=0x8b7a378f
       28945000	      2795	800047ea	01d83333	sltu	x6,x16,x29	 x16:0xb2510000 x29:0xffff3ff9  x6=0x00000001
       28955000	      2796	800047ee	010a5633	srl	x12,x20,x16	 x20:0x0001600c x16:0xb2510000 x12=0x0001600c
       28965000	      2797	800047f2	00316763	bltu	x2,x3,80004800	  x2:0x0b6dd72c  x3:0x00000000
       28975000	      2798	800047f6	0001	c.addi	x0,0	  x0:0x00000000  x0=0x00000000
       29015000	      2802	800047f8	0323b133	mulhu	x2,x7,x18	  x7:0x00000000 x18:0x00000000  x2=0x00000000
       29025000	      2803	800047fc	7d29f617	auipc	x12,0x7d29f	 x12=0xfd2a37fc
       29065000	      2807	80004800	03d2b9b3	mulhu	x19,x5,x29	  x5:0x8b7a378f x29:0xffff3ff9 x19=0x8b79ceef
       29075000	      2808	80004804	01911893	slli	x17,x2,0x19	  x2:0x00000000 x17=0x00000000
       29085000	      2809	80004808	00493033	sltu	x0,x18,x4	 x18:0x00000000  x4:0x0001600c  x0=0x00000000
       29095000	      2810	8000480c	0001	c.addi	x0,0	  x0:0x00000000  x0=0x00000000
       29115000	      2812	8000480e	0383d733	divu	x14,x7,x24	  x7:0x00000000 x24:0x00000000 x14=0xffffffff
       29135000	      2814	80004812	03f4e733	rem	x14,x9,x31	  x9:0x00000001 x31:0x00000000 x14=0x00000001
       29145000	      2815	80004816	6105	c.addi16sp	x2,32	  x2:0x00000000  x2=0x00000020
       29155000	      2816	80004818	01c0adb3	slt	x27,x1,x28	  x1:0xef46948c x28:0x4a200000 x27=0x00000001
       29165000	      2817	8000481c	8ce5	c.and	x9,x9	  x9:0x00000001  x9:0x00000001  x9=0x00000001
       29175000	      2818	8000481e	149c	c.addi4spn	x15,x2,608	 x15=0x00000280
       29185000	      2819	80004820	00249833	sll	x16,x9,x2	  x9:0x00000001  x2:0x00000020 x16=0x00000001
       29195000	      2820	80004824	0001	c.addi	x0,0	  x0:0x00000000  x0=0x00000000
       29205000	      2821	80004826	62b5	c.lui	x5,0xd	  x5=0x0000d000
       29215000	      2822	80004828	9a7d	c.andi	x12,-1	 x12:0xfd2a37fc x12=0xfd2a37fc
       29225000	      2823	8000482a	0d8e	c.slli	x27,0x3	 x27:0x00000001 x27=0x00000008
       29235000	      2824	8000482c	8c72	c.mv	x24,x28	  x0:0x00000000 x28:0x4a200000 x24=0x4a200000
       29245000	      2825	8000482e	003a0963	beq	x20,x3,80004840	 x20:0x0001600c  x3:0x00000000
       29255000	      2826	80004832	8fc9	c.or	x15,x10	 x15:0x00000280 x10:0x0001b000 x15=0x0001b280
       29265000	      2827	80004834	0d61	c.addi	x26,24	 x26:0xffff3ff9 x26=0xffff4011
       29275000	      2828	80004836	02569f63	bne	x13,x5,80004874	 x13:0x80025ce4  x5:0x0000d000
       29295000	      2830	80004874	03651163	bne	x10,x22,80004896	 x10:0x0001b000 x22:0x00000000
       29355000	      2836	80004896	020727b3	mulhsu	x15,x14,x0	 x14:0x00000001  x0:0x00000000 x15=0x00000000
       29365000	      2837	8000489a	6f65	c.lui	x30,0x19	 x30=0x00019000
       29375000	      2838	8000489c	01ffc4b3	xor	x9,x31,x31	 x31:0x00000000 x31:0x00000000  x9=0x00000000
       29385000	      2839	800048a0	8f59	c.or	x14,x14	 x14:0x00000001 x14:0x00000001 x14=0x00000001
       29395000	      2840	800048a2	009f8d33	add	x26,x31,x9	 x31:0x00000000  x9:0x00000000 x26=0x00000000
       29405000	      2841	800048a6	8d05	c.sub	x10,x9	 x10:0x0001b000  x9:0x00000000 x10=0x0001b000
       29415000	      2842	800048a8	017801b3	add	x3,x16,x23	 x16:0x00000001 x23:0xef46948c  x3=0xef46948d
       29425000	      2843	800048ac	0001	c.addi	x0,0	  x0:0x00000000  x0=0x00000000
       29795000	      2880	800048ae	03e858b3	divu	x17,x16,x30	 x16:0x00000001 x30:0x00019000 x17=0x00000000
       29805000	      2881	800048b2	8732	c.mv	x14,x12	  x0:0x00000000 x12:0xfd2a37fc x14=0xfd2a37fc
       29815000	      2882	800048b4	84f9	c.srai	x9,0x1e	  x9:0x00000000  x9=0x00000000
       29825000	      2883	800048b6	e9246413	ori	x8,x8,-366	  x8:0x00000000  x8=0xfffffe92
       29835000	      2884	800048ba	1788	c.addi4spn	x10,x2,992	 x10=0x00000400
       29845000	      2885	800048bc	8129	c.srli	x10,0xa	 x10:0x00000400 x10=0x00000001
       29855000	      2886	800048be	937a	c.add	x6,x30	  x6:0x00000001 x30:0x00019000  x6=0x00019001
       29895000	      2890	800048c0	03f024b3	mulhsu	x9,x0,x31	  x0:0x00000000 x31:0x00000000  x9=0x00000000
       29935000	      2894	800048c4	03582eb3	mulhsu	x29,x16,x21	 x16:0x00000001 x21:0x00000000 x29=0x00000000
       29945000	      2895	800048c8	0f08	c.addi4spn	x10,x2,912	 x10=0x000003b0
       29955000	      2896	800048ca	b1c9e713	ori	x14,x19,-1252	 x19:0x8b79ceef x14=0xffffffff
       29965000	      2897	800048ce	8cf5	c.and	x9,x13	  x9:0x00000000 x13:0x80025ce4  x9=0x00000000
       29975000	      2898	800048d0	8e55	c.or	x12,x13	 x12:0xfd2a37fc x13:0x80025ce4 x12=0xfd2a7ffc
       29985000	      2899	800048d2	01a45c93	srli	x25,x8,0x1a	  x8:0xfffffe92 x25=0x0000003f
       29995000	      2900	800048d6	2f320e13	addi	x28,x4,755	  x4:0x0001600c x28=0x000162ff
       30005000	      2901	800048da	0001	c.addi	x0,0	  x0:0x00000000  x0=0x00000000
       30015000	      2902	800048dc	0141df93	srli	x31,x3,0x14	  x3:0xef46948d x31=0x00000ef4
       30025000	      2903	800048e0	00bfebb3	or	x23,x31,x11	 x31:0x00000ef4 x11:0x80021e64 x23=0x80021ef4
       30035000	      2904	800048e4	04744063	blt	x8,x7,80004924	  x8:0xfffffe92  x7:0x00000000
       30055000	      2906	80004924	0032d363	bge	x5,x3,8000492a	  x5:0x0000d000  x3:0xef46948d
       30085000	      2909	8000492a	00b2df93	srli	x31,x5,0xb	  x5:0x0000d000 x31=0x0000001a
       30095000	      2910	8000492e	8731	c.srai	x14,0xc	 x14:0xffffffff x14=0xffffffff
       30105000	      2911	80004930	006fd093	srli	x1,x31,0x6	 x31:0x0000001a  x1=0x00000000
       30115000	      2912	80004934	01e7c633	xor	x12,x15,x30	 x15:0x00000000 x30:0x00019000 x12=0x00019000
       30125000	      2913	80004938	d061ee97	auipc	x29,0xd061e	 x29=0x50622938
       30135000	      2914	8000493c	683d	c.lui	x16,0xf	 x16=0x0000f000
       30145000	      2915	8000493e	00cf54b3	srl	x9,x30,x12	 x30:0x00019000 x12:0x00019000  x9=0x00019000
       30155000	      2916	80004942	8499	c.srai	x9,0x6	  x9:0x00019000  x9=0x00000640
       30165000	      2917	80004944	01095d63	bge	x18,x16,8000495e	 x18:0x00000000 x16:0x0000f000
       30175000	      2918	80004948	017af9b3	and	x19,x21,x23	 x21:0x00000000 x23:0x80021ef4 x19=0x00000000
       30185000	      2919	8000494c	40270fb3	sub	x31,x14,x2	 x14:0xffffffff  x2:0x00000020 x31=0xffffffdf
       30195000	      2920	80004950	0ff0000f	fence	iorw,iorw	
       30205000	      2921	80004954	eb91	c.bnez	x15,80004968	 x15:0x00000000
       30215000	      2922	80004956	01f708b3	add	x17,x14,x31	 x14:0xffffffff x31:0xffffffdf x17=0xffffffde
       30225000	      2923	8000495a	000f3233	sltu	x4,x30,x0	 x30:0x00019000  x0:0x00000000  x4=0x00000000
       30235000	      2924	8000495e	001adeb3	srl	x29,x21,x1	 x21:0x00000000  x1:0x00000000 x29=0x00000000
       30245000	      2925	80004962	717d	c.addi16sp	x2,-16	  x2:0x00000020  x2=0x00000010
       30255000	      2926	80004964	002bceb3	xor	x29,x23,x2	 x23:0x80021ef4  x2:0x00000010 x29=0x80021ee4
       30265000	      2927	80004968	8c69	c.and	x8,x10	  x8:0xfffffe92 x10:0x000003b0  x8=0x00000290
       30275000	      2928	8000496a	7ca5cf13	xori	x30,x11,1994	 x11:0x80021e64 x30=0x800219ae
       30285000	      2929	8000496e	8ff1	c.and	x15,x12	 x15:0x00000000 x12:0x00019000 x15=0x00000000
       30295000	      2930	80004970	40ad5db3	sra	x27,x26,x10	 x26:0x00000000 x10:0x000003b0 x27=0x00000000
       30305000	      2931	80004974	1390	c.addi4spn	x12,x2,480	 x12=0x000001f0
       30315000	      2932	80004976	0099ab33	slt	x22,x19,x9	 x19:0x00000000  x9:0x00000640 x22=0x00000001
       30325000	      2933	8000497a	717d	c.addi16sp	x2,-16	  x2:0x00000010  x2=0x00000000
       30335000	      2934	8000497c	023f9663	bne	x31,x3,800049a8	 x31:0xffffffdf  x3:0xef46948d
       30355000	      2936	800049a8	0000100f	fence.i	
       30385000	      2939	800049ac	02fa7cb3	remu	x25,x20,x15	 x20:0x0001600c x15:0x00000000 x25=0x0001600c
       30395000	      2940	800049b0	40300233	sub	x4,x0,x3	  x0:0x00000000  x3:0xef46948d  x4=0x10b96b73
       30405000	      2941	800049b4	bfbf4813	xori	x16,x30,-1029	 x30:0x800219ae x16=0x7ffde255
       30415000	      2942	800049b8	ee09	c.bnez	x12,800049d2	 x12:0x000001f0
       30445000	      2945	800049d2	4b922a93	slti	x21,x4,1209	  x4:0x10b96b73 x21=0x00000000
       30465000	      2947	800049d6	02f4db33	divu	x22,x9,x15	  x9:0x00000640 x15:0x00000000 x22=0xffffffff
       30475000	      2948	800049da	8231	c.srli	x12,0xc	 x12:0x000001f0 x12=0x00000000
       30515000	      2952	800049dc	03ba9233	mulh	x4,x21,x27	 x21:0x00000000 x27:0x00000000  x4=0x00000000
       30535000	      2954	800049e0	024d4733	div	x14,x26,x4	 x26:0x00000000  x4:0x00000000 x14=0xffffffff
       30545000	      2955	800049e4	0315cc63	blt	x11,x17,80004a1c	 x11:0x80021e64 x17:0xffffffde
       30565000	      2957	80004a1c	6109	c.addi16sp	x2,128	  x2:0x00000000  x2=0x00000080
       30575000	      2958	80004a1e	00348a33	add	x20,x9,x3	  x9:0x00000640  x3:0xef46948d x20=0xef469acd
       30585000	      2959	80004a22	8f21	c.xor	x14,x8	 x14:0xffffffff  x8:0x00000290 x14=0xfffffd6f
       30595000	      2960	80004a24	007b1093	slli	x1,x22,0x7	 x22:0xffffffff  x1=0xffffff80
       30965000	      2997	80004a28	028169b3	rem	x19,x2,x8	  x2:0x00000080  x8:0x00000290 x19=0x00000080
       30975000	      2998	80004a2c	8c29	c.xor	x8,x10	  x8:0x00000290 x10:0x000003b0  x8=0x00000120
       30985000	      2999	80004a2e	0196f933	and	x18,x13,x25	 x13:0x80025ce4 x25:0x0001600c x18=0x00004004
       30995000	      3000	80004a32	0d98	c.addi4spn	x14,x2,720	 x14=0x00000350
       31005000	      3001	80004a34	0f08	c.addi4spn	x10,x2,912	 x10=0x00000410
       31015000	      3002	80004a36	0000100f	fence.i	
       31045000	      3005	80004a3a	021b1c63	bne	x22,x1,80004a72	 x22:0xffffffff  x1:0xffffff80
       31065000	      3007	80004a72	0a5d	c.addi	x20,23	 x20:0xef469acd x20=0xef469ae4
       31075000	      3008	80004a74	3f392b13	slti	x22,x18,1011	 x18:0x00004004 x22=0x00000000
       31085000	      3009	80004a78	0053cb63	blt	x7,x5,80004a8e	  x7:0x00000000  x5:0x0000d000
       31115000	      3012	80004a8e	03415063	bge	x2,x20,80004aae	  x2:0x00000080 x20:0xef469ae4
       31135000	      3014	80004aae	8f45	c.or	x14,x9	 x14:0x00000350  x9:0x00000640 x14=0x00000750
       31145000	      3015	80004ab0	8fb1	c.xor	x15,x12	 x15:0x00000000 x12:0x00000000 x15=0x00000000
       31155000	      3016	80004ab2	01ab5713	srli	x14,x22,0x1a	 x22:0x00000000 x14=0x00000000
       31165000	      3017	80004ab6	854de493	ori	x9,x27,-1964	 x27:0x00000000  x9=0xfffff854
       31175000	      3018	80004aba	c091	c.beqz	x9,80004abe	  x9:0xfffff854
       31185000	      3019	80004abc	8d69	c.and	x10,x10	 x10:0x00000410 x10:0x00000410 x10=0x00000410
       31195000	      3020	80004abe	835d	c.srli	x14,0x17	 x14:0x00000000 x14=0x00000000
       31205000	      3021	80004ac0	932e	c.add	x6,x11	  x6:0x00019001 x11:0x80021e64  x6=0x8003ae65
       31215000	      3022	80004ac2	01977cb3	and	x25,x14,x25	 x14:0x00000000 x25:0x0001600c x25=0x00000000
       31225000	      3023	80004ac6	1fb96997	auipc	x19,0x1fb96	 x19=0x9fb9aac6
       31235000	      3024	80004aca	01fe9533	sll	x10,x29,x31	 x29:0x80021ee4 x31:0xffffffdf x10=0x00000000
       31245000	      3025	80004ace	9266	c.add	x4,x25	  x4:0x00000000 x25:0x00000000  x4=0x00000000
       31285000	      3029	80004ad0	02819b33	mulh	x22,x3,x8	  x3:0xef46948d  x8:0x00000120 x22=0xffffffed
       31295000	      3030	80004ad4	008aca63	blt	x21,x8,80004ae8	 x21:0x00000000  x8:0x00000120
       31675000	      3068	80004ae8	03f4c0b3	div	x1,x9,x31	  x9:0xfffff854 x31:0xffffffdf  x1=0x0000003b
       31685000	      3069	80004aec	05ec4263	blt	x24,x30,80004b30	 x24:0x4a200000 x30:0x800219ae
       31695000	      3070	80004af0	01ca4333	xor	x6,x20,x28	 x20:0xef469ae4 x28:0x000162ff  x6=0xef47f81b
       31705000	      3071	80004af4	00137833	and	x16,x6,x1	  x6:0xef47f81b  x1:0x0000003b x16=0x0000001b
       31715000	      3072	80004af8	04875063	bge	x14,x8,80004b38	 x14:0x00000000  x8:0x00000120
       31725000	      3073	80004afc	002547b3	xor	x15,x10,x2	 x10:0x00000000  x2:0x00000080 x15=0x00000080
       31735000	      3074	80004b00	01ff9113	slli	x2,x31,0x1f	 x31:0xffffffdf  x2=0x80000000
       31745000	      3075	80004b04	849d	c.srai	x9,0x7	  x9:0xfffff854  x9=0xfffffff0
       31755000	      3076	80004b06	00639763	bne	x7,x6,80004b14	  x7:0x00000000  x6:0xef47f81b
       31775000	      3078	80004b14	012a54b3	srl	x9,x20,x18	 x20:0xef469ae4 x18:0x00004004  x9=0x0ef469ae
       31815000	      3082	80004b18	02a0a533	mulhsu	x10,x1,x10	  x1:0x0000003b x10:0x00000000 x10=0x00000000
       31825000	      3083	80004b1c	40785993	srai	x19,x16,0x7	 x16:0x0000001b x19=0x00000000
       31845000	      3085	80004b20	02cff233	remu	x4,x31,x12	 x31:0xffffffdf x12:0x00000000  x4=0xffffffdf
       31855000	      3086	80004b24	40e0da13	srai	x20,x1,0xe	  x1:0x0000003b x20=0x00000000
       31865000	      3087	80004b28	0263c763	blt	x7,x6,80004b56	  x7:0x00000000  x6:0xef47f81b
       31875000	      3088	80004b2c	00bb9f63	bne	x23,x11,80004b4a	 x23:0x80021ef4 x11:0x80021e64
       31905000	      3091	80004b4a	01a04db3	xor	x27,x0,x26	  x0:0x00000000 x26:0x00000000 x27=0x00000000
       31925000	      3093	80004b4e	033f7733	remu	x14,x30,x19	 x30:0x800219ae x19:0x00000000 x14=0x800219ae
       31935000	      3094	80004b52	019dd993	srli	x19,x27,0x19	 x27:0x00000000 x19=0x00000000
       31945000	      3095	80004b56	029c5a63	bge	x24,x9,80004b8a	 x24:0x4a200000  x9:0x0ef469ae
       31975000	      3098	80004b8a	0191cd33	xor	x26,x3,x25	  x3:0xef46948d x25:0x00000000 x26=0xef46948d
       31985000	      3099	80004b8e	0373dd63	bge	x7,x23,80004bc8	  x7:0x00000000 x23:0x80021ef4
       32005000	      3101	80004bc8	987d	c.andi	x8,-1	  x8:0x00000120  x8=0x00000120
       32015000	      3102	80004bca	cf8d	c.beqz	x15,80004c04	 x15:0x00000080
       32025000	      3103	80004bcc	84e1	c.srai	x9,0x18	  x9:0x0ef469ae  x9=0x0000000e
       32035000	      3104	80004bce	87cd	c.srai	x15,0x13	 x15:0x00000080 x15=0x00000000
       32405000	      3141	80004bd0	032feab3	rem	x21,x31,x18	 x31:0xffffffdf x18:0x00004004 x21=0xffffffdf
       32415000	      3142	80004bd4	007af833	and	x16,x21,x7	 x21:0xffffffdf  x7:0x00000000 x16=0x00000000
       32425000	      3143	80004bd8	8fbd	c.xor	x15,x15	 x15:0x00000000 x15:0x00000000 x15=0x00000000
       32435000	      3144	80004bda	02c7dc63	bge	x15,x12,80004c12	 x15:0x00000000 x12:0x00000000
       32465000	      3147	80004c12	c9877fb7	lui	x31,0xc9877	 x31=0xc9877000
       32835000	      3184	80004c16	03266e33	rem	x28,x12,x18	 x12:0x00000000 x18:0x00004004 x28=0x00000000
       32875000	      3188	80004c1a	021ead33	mulhsu	x26,x29,x1	 x29:0x80021ee4  x1:0x0000003b x26=0xffffffe2
       32885000	      3189	80004c1e	670d	c.lui	x14,0x3	 x14=0x00003000
       32925000	      3193	80004c20	032e38b3	mulhu	x17,x28,x18	 x28:0x00000000 x18:0x00004004 x17=0x00000000
       32935000	      3194	80004c24	01adce63	blt	x27,x26,80004c40	 x27:0x00000000 x26:0xffffffe2
       32945000	      3195	80004c28	05876263	bltu	x14,x24,80004c6c	 x14:0x00003000 x24:0x4a200000
       32965000	      3197	80004c6c	8ffd	c.and	x15,x15	 x15:0x00000000 x15:0x00000000 x15=0x00000000
       32975000	      3198	80004c6e	000ad013	srli	x0,x21,0x0	 x21:0xffffffdf  x0=0x00000000
       32985000	      3199	80004c72	0ff0000f	fence	iorw,iorw	
       32995000	      3200	80004c76	1d9c	c.addi4spn	x15,x2,752	 x15=0x800002f0
       33005000	      3201	80004c78	0359	c.addi	x6,22	  x6:0xef47f81b  x6=0xef47f831
       33015000	      3202	80004c7a	01299c13	slli	x24,x19,0x12	 x19:0x00000000 x24=0x00000000
       33025000	      3203	80004c7e	000c5313	srli	x6,x24,0x0	 x24:0x00000000  x6=0x00000000
       33035000	      3204	80004c82	32aca7b7	lui	x15,0x32aca	 x15=0x32aca000
       33405000	      3241	80004c86	02ec4733	div	x14,x24,x14	 x24:0x00000000 x14:0x00003000 x14=0x00000000
       33415000	      3242	80004c8a	0001	c.addi	x0,0	  x0:0x00000000  x0=0x00000000
       33425000	      3243	80004c8c	717d	c.addi16sp	x2,-16	  x2:0x80000000  x2=0x7ffffff0
       33435000	      3244	80004c8e	02888c13	addi	x24,x17,40	 x17:0x00000000 x24=0x00000028
       33445000	      3245	80004c92	8fb5	c.xor	x15,x13	 x15:0x32aca000 x13:0x80025ce4 x15=0xb2aefce4
       33455000	      3246	80004c94	0ff0000f	fence	iorw,iorw	
       33495000	      3250	80004c98	0289afb3	mulhsu	x31,x19,x8	 x19:0x00000000  x8:0x00000120 x31=0x00000000
       33535000	      3254	80004c9c	03501533	mulh	x10,x0,x21	  x0:0x00000000 x21:0xffffffdf x10=0x00000000
       33545000	      3255	80004ca0	03754b63	blt	x10,x23,80004cd6	 x10:0x00000000 x23:0x80021ef4
       33555000	      3256	80004ca4	d8d85197	auipc	x3,0xd8d85	  x3=0x58d89ca4
       33565000	      3257	80004ca8	01a6f033	and	x0,x13,x26	 x13:0x80025ce4 x26:0xffffffe2  x0=0x00000000
       33575000	      3258	80004cac	0001	c.addi	x0,0	  x0:0x00000000  x0=0x00000000
       33585000	      3259	80004cae	03606d63	bltu	x0,x22,80004ce8	  x0:0x00000000 x22:0xffffffed
       33605000	      3261	80004ce8	0038d893	srli	x17,x17,0x3	 x17:0x00000000 x17=0x00000000
       33625000	      3263	80004cec	0348f933	remu	x18,x17,x20	 x17:0x00000000 x20:0x00000000 x18=0x00000000
       33635000	      3264	80004cf0	994a	c.add	x18,x18	 x18:0x00000000 x18:0x00000000 x18=0x00000000
       33645000	      3265	80004cf2	717d	c.addi16sp	x2,-16	  x2:0x7ffffff0  x2=0x7fffffe0
       33655000	      3266	80004cf4	4df9	c.li	x27,30	 x27=0x0000001e
       33665000	      3267	80004cf6	02f78d63	beq	x15,x15,80004d30	 x15:0xb2aefce4 x15:0xb2aefce4
       33685000	      3269	80004d30	0116ce33	xor	x28,x13,x17	 x13:0x80025ce4 x17:0x00000000 x28=0x80025ce4
       33695000	      3270	80004d34	a047bb13	sltiu	x22,x15,-1532	 x15:0xb2aefce4 x22=0x00000001
       33705000	      3271	80004d38	4097db33	sra	x22,x15,x9	 x15:0xb2aefce4  x9:0x0000000e x22=0xfffecabb
       33715000	      3272	80004d3c	0e8a	c.slli	x29,0x2	 x29:0x80021ee4 x29=0x00087b90
       33725000	      3273	80004d3e	933e	c.add	x6,x15	  x6:0x00000000 x15:0xb2aefce4  x6=0xb2aefce4
       33765000	      3277	80004d40	028f1233	mulh	x4,x30,x8	 x30:0x800219ae  x8:0x00000120  x4=0xffffff70
       33775000	      3278	80004d44	00e43033	sltu	x0,x8,x14	  x8:0x00000120 x14:0x00000000  x0=0x00000000
       34145000	      3315	80004d48	03b9f8b3	remu	x17,x19,x27	 x19:0x00000000 x27:0x0000001e x17=0x00000000
       34155000	      3316	80004d4c	1b84	c.addi4spn	x9,x2,496	  x9=0x800001d0
       34165000	      3317	80004d4e	8f51	c.or	x14,x12	 x14:0x00000000 x12:0x00000000 x14=0x00000000
       34175000	      3318	80004d50	c715	c.beqz	x14,80004d7c	 x14:0x00000000
       34195000	      3320	80004d7c	01f8a633	slt	x12,x17,x31	 x17:0x00000000 x31:0x00000000 x12=0x00000000
       34235000	      3324	80004d80	037d38b3	mulhu	x17,x26,x23	 x26:0xffffffe2 x23:0x80021ef4 x17=0x80021ee4
       34245000	      3325	80004d84	6995	c.lui	x19,0x5	 x19=0x00005000
       34255000	      3326	80004d86	717d	c.addi16sp	x2,-16	  x2:0x7fffffe0  x2=0x7fffffd0
       34265000	      3327	80004d88	00d6bc33	sltu	x24,x13,x13	 x13:0x80025ce4 x13:0x80025ce4 x24=0x00000000
       34275000	      3328	80004d8c	045cd263	bge	x25,x5,80004dd0	 x25:0x00000000  x5:0x0000d000
       34285000	      3329	80004d90	c38c5d17	auipc	x26,0xc38c5	 x26=0x438c9d90
       34295000	      3330	80004d94	41d98eb3	sub	x29,x19,x29	 x19:0x00005000 x29:0x00087b90 x29=0xfff7d470
       34305000	      3331	80004d98	05921163	bne	x4,x25,80004dda	  x4:0xffffff70 x25:0x00000000
       34335000	      3334	80004dda	0ff0000f	fence	iorw,iorw	
       34345000	      3335	80004dde	903e3e13	sltiu	x28,x28,-1789	 x28:0x80025ce4 x28=0x00000001
       34355000	      3336	80004de2	016f68b3	or	x17,x30,x22	 x30:0x800219ae x22:0xfffecabb x17=0xfffedbbf
       34365000	      3337	80004de6	0350db63	bge	x1,x21,80004e1c	  x1:0x0000003b x21:0xffffffdf
       34385000	      3339	80004e1c	00b60463	beq	x12,x11,80004e24	 x12:0x00000000 x11:0x80021e64
       34395000	      3340	80004e20	0ff0000f	fence	iorw,iorw	
       34405000	      3341	80004e24	0900	c.addi4spn	x8,x2,144	  x8=0x80000060
       34415000	      3342	80004e26	0073a633	slt	x12,x7,x7	  x7:0x00000000  x7:0x00000000 x12=0x00000000
       34425000	      3343	80004e2a	e48d	c.bnez	x9,80004e54	  x9:0x800001d0
       34465000	      3347	80004e54	03fa8a33	mul	x20,x21,x31	 x21:0xffffffdf x31:0x00000000 x20=0x00000000
       34475000	      3348	80004e58	8829	c.andi	x8,10	  x8:0x80000060  x8=0x00000000
       34485000	      3349	80004e5a	0118	c.addi4spn	x14,x2,128	 x14=0x80000050
       34495000	      3350	80004e5c	0488	c.addi4spn	x10,x2,576	 x10=0x80000210
       34505000	      3351	80004e5e	411c5933	sra	x18,x24,x17	 x24:0x00000000 x17:0xfffedbbf x18=0x00000000
       34545000	      3355	80004e62	03633c33	mulhu	x24,x6,x22	  x6:0xb2aefce4 x22:0xfffecabb x24=0xb2ae2506
       34555000	      3356	80004e66	41930cb3	sub	x25,x6,x25	  x6:0xb2aefce4 x25:0x00000000 x25=0xb2aefce4
       34595000	      3360	80004e6a	03ea9db3	mulh	x27,x21,x30	 x21:0xffffffdf x30:0x800219ae x27=0x00000010
       34605000	      3361	80004e6e	8c8d	c.sub	x9,x11	  x9:0x800001d0 x11:0x80021e64  x9=0xfffde36c
       34615000	      3362	80004e70	9186e313	ori	x6,x13,-1768	 x13:0x80025ce4  x6=0xfffffdfc
       34625000	      3363	80004e74	0001	c.addi	x0,0	  x0:0x00000000  x0=0x00000000
       34635000	      3364	80004e76	c2426f93	ori	x31,x4,-988	  x4:0xffffff70 x31=0xffffff74
       34645000	      3365	80004e7a	0c5e	c.slli	x24,0x17	 x24:0xb2ae2506 x24=0x83000000
       34675000	      3368	80004e7c	03478e33	mul	x28,x15,x20	 x15:0xb2aefce4 x20:0x00000000 x28=0x00000000
       34685000	      3369	80004e80	01c37d63	bgeu	x6,x28,80004e9a	  x6:0xfffffdfc x28:0x00000000
       34715000	      3372	80004e9a	55da1517	auipc	x10,0x55da1	 x10=0xd5da5e9a
       34725000	      3373	80004e9e	6731	c.lui	x14,0xc	 x14=0x0000c000
       34735000	      3374	80004ea0	003be433	or	x8,x23,x3	 x23:0x80021ef4  x3:0x58d89ca4  x8=0xd8da9ef4
       34745000	      3375	80004ea4	3b1aca13	xori	x20,x21,945	 x21:0xffffffdf x20=0xfffffc6e
       34755000	      3376	80004ea8	4103dc13	srai	x24,x7,0x10	  x7:0x00000000 x24=0x00000000
       34765000	      3377	80004eac	0001	c.addi	x0,0	  x0:0x00000000  x0=0x00000000
       34775000	      3378	80004eae	f9673317	auipc	x6,0xf9673	  x6=0x79677eae
       34785000	      3379	80004eb2	29600eb7	lui	x29,0x29600	 x29=0x29600000
       34825000	      3383	80004eb6	02712733	mulhsu	x14,x2,x7	  x2:0x7fffffd0  x7:0x00000000 x14=0x00000000
       34835000	      3384	80004eba	0ea5	c.addi	x29,9	 x29:0x29600000 x29=0x29600009
       34875000	      3388	80004ebc	03321db3	mulh	x27,x4,x19	  x4:0xffffff70 x19:0x00005000 x27=0xffffffff
       34885000	      3389	80004ec0	8d59	c.or	x10,x14	 x10:0xd5da5e9a x14:0x00000000 x10=0xd5da5e9a
       34895000	      3390	80004ec2	4d7b6613	ori	x12,x22,1239	 x22:0xfffecabb x12=0xfffeceff
       34905000	      3391	80004ec6	0031d333	srl	x6,x3,x3	  x3:0x58d89ca4  x3:0x58d89ca4  x6=0x058d89ca
       34915000	      3392	80004eca	30286e93	ori	x29,x16,770	 x16:0x00000000 x29=0x00000302
       34925000	      3393	80004ece	117d	c.addi	x2,-1	  x2:0x7fffffd0  x2=0x7fffffcf
       34935000	      3394	80004ed0	0001	c.addi	x0,0	  x0:0x00000000  x0=0x00000000
       34965000	      3397	80004ed2	02d20233	mul	x4,x4,x13	  x4:0xffffff70 x13:0x80025ce4  x4=0xfeabbfc0
       34975000	      3398	80004ed6	9390a313	slti	x6,x1,-1735	  x1:0x0000003b  x6=0x00000000
       34985000	      3399	80004eda	c619	c.beqz	x12,80004ee8	 x12:0xfffeceff
       34995000	      3400	80004edc	00bf5f33	srl	x30,x30,x11	 x30:0x800219ae x11:0x80021e64 x30=0x0800219a
       35005000	      3401	80004ee0	02309163	bne	x1,x3,80004f02	  x1:0x0000003b  x3:0x58d89ca4
       35025000	      3403	80004f02	8ae2	c.mv	x21,x24	  x0:0x00000000 x24:0x00000000 x21=0x00000000
       35035000	      3404	80004f04	1afd	c.addi	x21,-1	 x21:0x00000000 x21=0xffffffff
       35045000	      3405	80004f06	8d25	c.xor	x10,x9	 x10:0xd5da5e9a  x9:0xfffde36c x10=0x2a27bdf6
       35415000	      3442	80004f08	039e5b33	divu	x22,x28,x25	 x28:0x00000000 x25:0xb2aefce4 x22=0x00000000
       35785000	      3479	80004f0c	0373fcb3	remu	x25,x7,x23	  x7:0x00000000 x23:0x80021ef4 x25=0x00000000
       35795000	      3480	80004f10	000b5a33	srl	x20,x22,x0	 x22:0x00000000  x0:0x00000000 x20=0x00000000
       35805000	      3481	80004f14	015c2ab3	slt	x21,x24,x21	 x24:0x00000000 x21:0xffffffff x21=0x00000000
       35815000	      3482	80004f18	cf01	c.beqz	x14,80004f30	 x14:0x00000000
       35835000	      3484	80004f30	010f9b13	slli	x22,x31,0x10	 x31:0xffffff74 x22=0xff740000
       35845000	      3485	80004f34	0626	c.slli	x12,0x9	 x12:0xfffeceff x12=0xfd9dfe00
       35855000	      3486	80004f36	03e47f63	bgeu	x8,x30,80004f74	  x8:0xd8da9ef4 x30:0x0800219a
       35875000	      3488	80004f74	40c75793	srai	x15,x14,0xc	 x14:0x00000000 x15=0x00000000
       35915000	      3492	80004f78	02f638b3	mulhu	x17,x12,x15	 x12:0xfd9dfe00 x15:0x00000000 x17=0x00000000
       35925000	      3493	80004f7c	b9cea813	slti	x16,x29,-1124	 x29:0x00000302 x16=0x00000000
       35935000	      3494	80004f80	1588	c.addi4spn	x10,x2,736	 x10=0x800002af
       35945000	      3495	80004f82	401e5b93	srai	x23,x28,0x1	 x28:0x00000000 x23=0x00000000
       35955000	      3496	80004f86	019cae33	slt	x28,x25,x25	 x25:0x00000000 x25:0x00000000 x28=0x00000000
       35965000	      3497	80004f8a	717d	c.addi16sp	x2,-16	  x2:0x7fffffcf  x2=0x7fffffbf
       35995000	      3500	80004f8c	02e607b3	mul	x15,x12,x14	 x12:0xfd9dfe00 x14:0x00000000 x15=0x00000000
       36005000	      3501	80004f90	8c79	c.and	x8,x14	  x8:0xd8da9ef4 x14:0x00000000  x8=0x00000000
       36015000	      3502	80004f92	01bf1c13	slli	x24,x30,0x1b	 x30:0x0800219a x24=0xd0000000
       36025000	      3503	80004f96	416f5713	srai	x14,x30,0x16	 x30:0x0800219a x14=0x00000020
       36035000	      3504	80004f9a	8325	c.srli	x14,0x9	 x14:0x00000020 x14=0x00000000
       36045000	      3505	80004f9c	8fed	c.and	x15,x11	 x15:0x00000000 x11:0x80021e64 x15=0x00000000
       36055000	      3506	80004f9e	0001	c.addi	x0,0	  x0:0x00000000  x0=0x00000000
       36065000	      3507	80004fa0	01e59863	bne	x11,x30,80004fb0	 x11:0x80021e64 x30:0x0800219a
       36085000	      3509	80004fb0	8cfd	c.and	x9,x15	  x9:0xfffde36c x15:0x00000000  x9=0x00000000
       36095000	      3510	80004fb2	00bebeb3	sltu	x29,x29,x11	 x29:0x00000302 x11:0x80021e64 x29=0x00000001
       36135000	      3514	80004fb6	02191fb3	mulh	x31,x18,x1	 x18:0x00000000  x1:0x0000003b x31=0x00000000
       36145000	      3515	80004fba	000c8c33	add	x24,x25,x0	 x25:0x00000000  x0:0x00000000 x24=0x00000000
       36155000	      3516	80004fbe	0e5a	c.slli	x28,0x16	 x28:0x00000000 x28=0x00000000
       36165000	      3517	80004fc0	41db0733	sub	x14,x22,x29	 x22:0xff740000 x29:0x00000001 x14=0xff73ffff
       36175000	      3518	80004fc4	01e9d093	srli	x1,x19,0x1e	 x19:0x00005000  x1=0x00000000
       36185000	      3519	80004fc8	92f6	c.add	x5,x29	  x5:0x0000d000 x29:0x00000001  x5=0x0000d001
       36195000	      3520	80004fca	8e01	c.sub	x12,x8	 x12:0xfd9dfe00  x8:0x00000000 x12=0xfd9dfe00
       36205000	      3521	80004fcc	0049b7b3	sltu	x15,x19,x4	 x19:0x00005000  x4:0xfeabbfc0 x15=0x00000001
       36215000	      3522	80004fd0	1788	c.addi4spn	x10,x2,992	 x10=0x8000039f
       36225000	      3523	80004fd2	6945	c.lui	x18,0x11	 x18=0x00011000
       36245000	      3525	80004fd4	0353cd33	div	x26,x7,x21	  x7:0x00000000 x21:0x00000000 x26=0xffffffff
       36255000	      3526	80004fd8	11022313	slti	x6,x4,272	  x4:0xfeabbfc0  x6=0x00000001
       36265000	      3527	80004fdc	ed0d	c.bnez	x10,80005016	 x10:0x8000039f
       36295000	      3530	80005016	00fad293	srli	x5,x21,0xf	 x21:0x00000000  x5=0x00000000
       36305000	      3531	8000501a	127d	c.addi	x4,-1	  x4:0xfeabbfc0  x4=0xfeabbfbf
       36315000	      3532	8000501c	83f5	c.srli	x15,0x1d	 x15:0x00000001 x15=0x00000000
       36325000	      3533	8000501e	8e6e	c.mv	x28,x27	  x0:0x00000000 x27:0xffffffff x28=0xffffffff
       36335000	      3534	80005020	0000100f	fence.i	
       36355000	      3536	80005024	8fb1	c.xor	x15,x12	 x15:0x00000000 x12:0xfd9dfe00 x15=0xfd9dfe00
       36365000	      3537	80005026	8fe9	c.and	x15,x10	 x15:0xfd9dfe00 x10:0x8000039f x15=0x80000200
       36385000	      3539	80005028	0279eb33	rem	x22,x19,x7	 x19:0x00005000  x7:0x00000000 x22=0x00005000
       36395000	      3540	8000502c	8ce5	c.and	x9,x9	  x9:0x00000000  x9:0x00000000  x9=0x00000000
       36405000	      3541	8000502e	1508	c.addi4spn	x10,x2,672	 x10=0x8000025f
       36415000	      3542	80005030	00953533	sltu	x10,x10,x9	 x10:0x8000025f  x9:0x00000000 x10=0x00000000
       36435000	      3544	80005034	02545533	divu	x10,x8,x5	  x8:0x00000000  x5:0x00000000 x10=0xffffffff
       36805000	      3581	80005038	02b46f33	rem	x30,x8,x11	  x8:0x00000000 x11:0x80021e64 x30=0x00000000
       36815000	      3582	8000503c	e11d	c.bnez	x10,80005062	 x10:0xffffffff
       36845000	      3585	80005062	01583b33	sltu	x22,x16,x21	 x16:0x00000000 x21:0x00000000 x22=0x00000000
       36885000	      3589	80005066	025918b3	mulh	x17,x18,x5	 x18:0x00011000  x5:0x00000000 x17=0x00000000
       36895000	      3590	8000506a	5f842313	slti	x6,x8,1528	  x8:0x00000000  x6=0x00000001
       36905000	      3591	8000506e	0195ac33	slt	x24,x11,x25	 x11:0x80021e64 x25:0x00000000 x24=0x00000001
       36915000	      3592	80005072	02bd5663	bge	x26,x11,8000509e	 x26:0xffffffff x11:0x80021e64
       36945000	      3595	8000509e	013a3bb3	sltu	x23,x20,x19	 x20:0x00000000 x19:0x00005000 x23=0x00000001
       37315000	      3632	800050a2	02c261b3	rem	x3,x4,x12	  x4:0xfeabbfbf x12:0xfd9dfe00  x3=0xfeabbfbf
       37325000	      3633	800050a6	9422	c.add	x8,x8	  x8:0x00000000  x8:0x00000000  x8=0x00000000
       37335000	      3634	800050a8	8215ac13	slti	x24,x11,-2015	 x11:0x80021e64 x24=0x00000001
       37345000	      3635	800050ac	621fe493	ori	x9,x31,1569	 x31:0x00000000  x9=0x00000621
       37355000	      3636	800050b0	870e	c.mv	x14,x3	  x0:0x00000000  x3:0xfeabbfbf x14=0xfeabbfbf
       37725000	      3673	800050b2	022b4a33	div	x20,x22,x2	 x22:0x00000000  x2:0x7fffffbf x20=0x00000000
       37735000	      3674	800050b6	427c3213	sltiu	x4,x24,1063	 x24:0x00000001  x4=0x00000001
       37745000	      3675	800050ba	866d	c.srai	x12,0x1b	 x12:0xfd9dfe00 x12=0xffffffff
       37755000	      3676	800050bc	d3c4e513	ori	x10,x9,-708	  x9:0x00000621 x10=0xffffff3d
       37765000	      3677	800050c0	8a42	c.mv	x20,x16	  x0:0x00000000 x16:0x00000000 x20=0x00000000
       37775000	      3678	800050c2	05680063	beq	x16,x22,80005102	 x16:0x00000000 x22:0x00000000
       37805000	      3681	80005102	417ed1b3	sra	x3,x29,x23	 x29:0x00000001 x23:0x00000001  x3=0x00000000
       37815000	      3682	80005106	7cb23113	sltiu	x2,x4,1995	  x4:0x00000001  x2=0x00000001
       37825000	      3683	8000510a	0000100f	fence.i	
       37855000	      3686	8000510e	40fdd613	srai	x12,x27,0xf	 x27:0xffffffff x12=0xffffffff
       37865000	      3687	80005112	80f9	c.srli	x9,0x1e	  x9:0x00000621  x9=0x00000000
       37875000	      3688	80005114	0998	c.addi4spn	x14,x2,208	 x14=0x000000d1
       37885000	      3689	80005116	00f8f533	and	x10,x17,x15	 x17:0x00000000 x15:0x80000200 x10=0x00000000
       37895000	      3690	8000511a	1d194a17	auipc	x20,0x1d194	 x20=0x9d19911a
       37905000	      3691	8000511e	8d5d	c.or	x10,x15	 x10:0x00000000 x15:0x80000200 x10=0x80000200
       37915000	      3692	80005120	0752	c.slli	x14,0x14	 x14:0x000000d1 x14=0x0d100000
       37925000	      3693	80005122	0001	c.addi	x0,0	  x0:0x00000000  x0=0x00000000
       37935000	      3694	80005124	0e0a	c.slli	x28,0x2	 x28:0xffffffff x28=0xfffffffc
       37945000	      3695	80005126	0ff0000f	fence	iorw,iorw	
       37955000	      3696	8000512a	00f40733	add	x14,x8,x15	  x8:0x00000000 x15:0x80000200 x14=0x80000200
       37965000	      3697	8000512e	0fc6	c.slli	x31,0x11	 x31:0x00000000 x31=0x00000000
       38335000	      3734	80005130	02296e33	rem	x28,x18,x2	 x18:0x00011000  x2:0x00000001 x28=0x00000000
       38345000	      3735	80005134	0490	c.addi4spn	x12,x2,576	 x12=0x00000241
       38365000	      3737	80005136	035edc33	divu	x24,x29,x21	 x29:0x00000001 x21:0x00000000 x24=0xffffffff
       38375000	      3738	8000513a	011e50b3	srl	x1,x28,x17	 x28:0x00000000 x17:0x00000000  x1=0x00000000
       38385000	      3739	8000513e	1480	c.addi4spn	x8,x2,608	  x8=0x00000261
       38395000	      3740	80005140	b5610c37	lui	x24,0xb5610	 x24=0xb5610000
       38405000	      3741	80005144	bab9d0b7	lui	x1,0xbab9d	  x1=0xbab9d000
       38415000	      3742	80005148	aea2a493	slti	x9,x5,-1302	  x5:0x00000000  x9=0x00000000
       38785000	      3779	8000514c	02ef7b33	remu	x22,x30,x14	 x30:0x00000000 x14:0x80000200 x22=0x00000000
       38795000	      3780	80005150	0157f8b3	and	x17,x15,x21	 x15:0x80000200 x21:0x00000000 x17=0x00000000
       38805000	      3781	80005154	41965033	sra	x0,x12,x25	 x12:0x00000241 x25:0x00000000  x0=0x00000000
       38835000	      3784	80005158	03d48733	mul	x14,x9,x29	  x9:0x00000000 x29:0x00000001 x14=0x00000000
       38845000	      3785	8000515c	01152233	slt	x4,x10,x17	 x10:0x80000200 x17:0x00000000  x4=0x00000001
       38855000	      3786	80005160	0241	c.addi	x4,16	  x4:0x00000001  x4=0x00000011
       38865000	      3787	80005162	0000100f	fence.i	
       38885000	      3789	80005166	9cfe	c.add	x25,x31	 x25:0x00000000 x31:0x00000000 x25=0x00000000
       38895000	      3790	80005168	01f75613	srli	x12,x14,0x1f	 x14:0x00000000 x12=0x00000000
       38905000	      3791	8000516c	8e69	c.and	x12,x10	 x12:0x00000000 x10:0x80000200 x12=0x00000000
       38915000	      3792	8000516e	eb19	c.bnez	x14,80005184	 x14:0x00000000
       38925000	      3793	80005170	0000100f	fence.i	
       38945000	      3795	80005174	0b42	c.slli	x22,0x10	 x22:0x00000000 x22=0x00000000
       38955000	      3796	80005176	4c7d3a97	auipc	x21,0x4c7d3	 x21=0xcc7d8176
       38965000	      3797	8000517a	41815113	srai	x2,x2,0x18	  x2:0x00000001  x2=0x00000000
       38975000	      3798	8000517e	0ced	c.addi	x25,27	 x25:0x00000000 x25=0x0000001b
       38985000	      3799	80005180	fe992613	slti	x12,x18,-23	 x18:0x00011000 x12=0x00000000
       38995000	      3800	80005184	527d	c.li	x4,-1	  x4=0xffffffff
       39005000	      3801	80005186	35747f13	andi	x30,x8,855	  x8:0x00000261 x30=0x00000241
       39015000	      3802	8000518a	41bf5c13	srai	x24,x30,0x1b	 x30:0x00000241 x24=0x00000000
       39025000	      3803	8000518e	417b5813	srai	x16,x22,0x17	 x22:0x00000000 x16=0x00000000
       39035000	      3804	80005192	02209f63	bne	x1,x2,800051d0	  x1:0xbab9d000  x2:0x00000000
       39055000	      3806	800051d0	00086a33	or	x20,x16,x0	 x16:0x00000000  x0:0x00000000 x20=0x00000000
       39065000	      3807	800051d4	8296	c.mv	x5,x5	  x0:0x00000000  x5:0x00000000  x5=0x00000000
       39075000	      3808	800051d6	01aaddb3	srl	x27,x21,x26	 x21:0xcc7d8176 x26:0xffffffff x27=0x00000001
       39085000	      3809	800051da	466d	c.li	x12,27	 x12=0x0000001b
       39095000	      3810	800051dc	015f1b33	sll	x22,x30,x21	 x30:0x00000241 x21:0xcc7d8176 x22=0x90400000
       39105000	      3811	800051e0	41a0d933	sra	x18,x1,x26	  x1:0xbab9d000 x26:0xffffffff x18=0xffffffff
       39475000	      3848	800051e4	036862b3	rem	x5,x16,x22	 x16:0x00000000 x22:0x90400000  x5=0x00000000
       39485000	      3849	800051e8	0000100f	fence.i	
       39505000	      3851	800051ec	0001	c.addi	x0,0	  x0:0x00000000  x0=0x00000000
       39515000	      3852	800051ee	615d	c.addi16sp	x2,432	  x2:0x00000000  x2=0x000001b0
       39525000	      3853	800051f0	0adafc93	andi	x25,x21,173	 x21:0xcc7d8176 x25=0x00000024
       39535000	      3854	800051f4	717d	c.addi16sp	x2,-16	  x2:0x000001b0  x2=0x000001a0
       39545000	      3855	800051f6	8331	c.srli	x14,0xc	 x14:0x00000000 x14=0x00000000
       39555000	      3856	800051f8	911e	c.add	x2,x7	  x2:0x000001a0  x7:0x00000000  x2=0x000001a0
       39565000	      3857	800051fa	cd09	c.beqz	x10,80005214	 x10:0x80000200
       39575000	      3858	800051fc	4548dbb7	lui	x23,0x4548d	 x23=0x4548d000
       39585000	      3859	80005200	ddaa6c93	ori	x25,x20,-550	 x20:0x00000000 x25=0xfffffdda
       39595000	      3860	80005204	01b96863	bltu	x18,x27,80005214	 x18:0xffffffff x27:0x00000001
       39605000	      3861	80005208	0ff0000f	fence	iorw,iorw	
       39615000	      3862	8000520c	41c159b3	sra	x19,x2,x28	  x2:0x000001a0 x28:0x00000000 x19=0x000001a0
       39625000	      3863	80005210	0000100f	fence.i	
       39645000	      3865	80005214	8f95	c.sub	x15,x13	 x15:0x80000200 x13:0x80025ce4 x15=0xfffda51c
       39655000	      3866	80005216	1400	c.addi4spn	x8,x2,544	  x8=0x000003c0
       39665000	      3867	80005218	8f15	c.sub	x14,x13	 x14:0x00000000 x13:0x80025ce4 x14=0x7ffda31c
       39675000	      3868	8000521a	8729	c.srai	x14,0xa	 x14:0x7ffda31c x14=0x001fff68
       39685000	      3869	8000521c	0044e333	or	x6,x9,x4	  x9:0x00000000  x4:0xffffffff  x6=0xffffffff
       39695000	      3870	80005220	087e	c.slli	x16,0x1f	 x16:0x00000000 x16=0x00000000
       39705000	      3871	80005222	8151	c.srli	x10,0x14	 x10:0x80000200 x10=0x00000800
       39715000	      3872	80005224	41b80833	sub	x16,x16,x27	 x16:0x00000000 x27:0x00000001 x16=0xffffffff
       39725000	      3873	80005228	8d21	c.xor	x10,x8	 x10:0x00000800  x8:0x000003c0 x10=0x00000bc0
       39735000	      3874	8000522a	0001	c.addi	x0,0	  x0:0x00000000  x0=0x00000000
       39745000	      3875	8000522c	8dda	c.mv	x27,x22	  x0:0x00000000 x22:0x90400000 x27=0x90400000
       39755000	      3876	8000522e	9d2a	c.add	x26,x10	 x26:0xffffffff x10:0x00000bc0 x26=0x00000bbf
       39765000	      3877	80005230	0172d433	srl	x8,x5,x23	  x5:0x00000000 x23:0x4548d000  x8=0x00000000
       39775000	      3878	80005234	4615	c.li	x12,5	 x12=0x00000005
       39785000	      3879	80005236	ed05	c.bnez	x10,8000526e	 x10:0x00000bc0
       39805000	      3881	8000526e	1e88	c.addi4spn	x10,x2,880	 x10=0x00000510
       39815000	      3882	80005270	01fdbc33	sltu	x24,x27,x31	 x27:0x90400000 x31:0x00000000 x24=0x00000000
       39825000	      3883	80005274	007970b3	and	x1,x18,x7	 x18:0xffffffff  x7:0x00000000  x1=0x00000000
       39835000	      3884	80005278	01568833	add	x16,x13,x21	 x13:0x80025ce4 x21:0xcc7d8176 x16=0x4c7fde5a
       39875000	      3888	8000527c	029ca433	mulhsu	x8,x25,x9	 x25:0xfffffdda  x9:0x00000000  x8=0x00000000
       40245000	      3925	80005280	02f7c2b3	div	x5,x15,x15	 x15:0xfffda51c x15:0xfffda51c  x5=0x00000001
       40255000	      3926	80005284	0ff0000f	fence	iorw,iorw	
       40265000	      3927	80005288	401457b3	sra	x15,x8,x1	  x8:0x00000000  x1:0x00000000 x15=0x00000000
       40635000	      3964	8000528c	02476a33	rem	x20,x14,x4	 x14:0x001fff68  x4:0xffffffff x20=0x00000000
       40645000	      3965	80005290	005ec333	xor	x6,x29,x5	 x29:0x00000001  x5:0x00000001  x6=0x00000000
       40665000	      3967	80005294	034a6633	rem	x12,x20,x20	 x20:0x00000000 x20:0x00000000 x12=0x00000000
       40675000	      3968	80005298	0258df63	bge	x17,x5,800052d6	 x17:0x00000000  x5:0x00000001
       40685000	      3969	8000529c	01321d33	sll	x26,x4,x19	  x4:0xffffffff x19:0x000001a0 x26=0xffffffff
       40725000	      3973	800052a0	038f1bb3	mulh	x23,x30,x24	 x30:0x00000241 x24:0x00000000 x23=0x00000000
       40735000	      3974	800052a4	83a9	c.srli	x15,0xa	 x15:0x00000000 x15=0x00000000
       41105000	      4011	800052a6	02af5633	divu	x12,x30,x10	 x30:0x00000241 x10:0x00000510 x12=0x00000000
       41115000	      4012	800052aa	1718	c.addi4spn	x14,x2,928	 x14=0x00000540
       41125000	      4013	800052ac	0012ba33	sltu	x20,x5,x1	  x5:0x00000001  x1:0x00000000 x20=0x00000000
       41135000	      4014	800052b0	00f89133	sll	x2,x17,x15	 x17:0x00000000 x15:0x00000000  x2=0x00000000
       41145000	      4015	800052b4	ced96293	ori	x5,x18,-787	 x18:0xffffffff  x5=0xffffffff
       41155000	      4016	800052b8	0001	c.addi	x0,0	  x0:0x00000000  x0=0x00000000
       41165000	      4017	800052ba	40915f93	srai	x31,x2,0x9	  x2:0x00000000 x31=0x00000000
       41175000	      4018	800052be	01fc9f13	slli	x30,x25,0x1f	 x25:0xfffffdda x30=0x00000000
       41185000	      4019	800052c2	c811	c.beqz	x8,800052d6	  x8:0x00000000
       41205000	      4021	800052d6	69f9	c.lui	x19,0x1e	 x19=0x0001e000
       41215000	      4022	800052d8	82b6	c.mv	x5,x13	  x0:0x00000000 x13:0x80025ce4  x5=0x80025ce4
       41225000	      4023	800052da	010f8cb3	add	x25,x31,x16	 x31:0x00000000 x16:0x4c7fde5a x25=0x4c7fde5a
       41235000	      4024	800052de	41fed2b3	sra	x5,x29,x31	 x29:0x00000001 x31:0x00000000  x5=0x00000001
       41245000	      4025	800052e2	0042d363	bge	x5,x4,800052e8	  x5:0x00000001  x4:0xffffffff
       41265000	      4027	800052e8	6823fa13	andi	x20,x7,1666	  x7:0x00000000 x20=0x00000000
       41275000	      4028	800052ec	00dfdb63	bge	x31,x13,80005302	 x31:0x00000000 x13:0x80025ce4
       41305000	      4031	80005302	01abd893	srli	x17,x23,0x1a	 x23:0x00000000 x17=0x00000000
       41315000	      4032	80005306	0384	c.addi4spn	x9,x2,448	  x9=0x000001c0
       41325000	      4033	80005308	00329113	slli	x2,x5,0x3	  x5:0x00000001  x2=0x00000008
       41335000	      4034	8000530c	8145	c.srli	x10,0x11	 x10:0x00000510 x10=0x00000000
       41345000	      4035	8000530e	6c6d	c.lui	x24,0x1b	 x24=0x0001b000
       41355000	      4036	80005310	09ed	c.addi	x19,27	 x19:0x0001e000 x19=0x0001e01b
       41365000	      4037	80005312	cd05	c.beqz	x10,8000534a	 x10:0x00000000
       41395000	      4040	8000534a	f2e0eb93	ori	x23,x1,-210	  x1:0x00000000 x23=0xffffff2e
       41405000	      4041	8000534e	0311c763	blt	x3,x17,8000537c	  x3:0x00000000 x17:0x00000000
       41415000	      4042	80005352	019c7233	and	x4,x24,x25	 x24:0x0001b000 x25:0x4c7fde5a  x4=0x00019000
       41425000	      4043	80005356	97a8ba93	sltiu	x21,x17,-1670	 x17:0x00000000 x21=0x00000001
       41435000	      4044	8000535a	01cdf763	bgeu	x27,x28,80005368	 x27:0x90400000 x28:0x00000000
       41455000	      4046	80005368	64b9	c.lui	x9,0xe	  x9=0x0000e000
       41465000	      4047	8000536a	0001	c.addi	x0,0	  x0:0x00000000  x0=0x00000000
       41475000	      4048	8000536c	0000100f	fence.i	
       41495000	      4050	80005370	0049d333	srl	x6,x19,x4	 x19:0x0001e01b  x4:0x00019000  x6=0x0001e01b
       41505000	      4051	80005374	0346e663	bltu	x13,x20,800053a0	 x13:0x80025ce4 x20:0x00000000
       41515000	      4052	80005378	9428ad13	slti	x26,x17,-1726	 x17:0x00000000 x26=0x00000000
       41555000	      4056	8000537c	02b29fb3	mulh	x31,x5,x11	  x5:0x00000001 x11:0x80021e64 x31=0xffffffff
       41565000	      4057	80005380	0ff0000f	fence	iorw,iorw	
       41575000	      4058	80005384	001e9c63	bne	x29,x1,8000539c	 x29:0x00000001  x1:0x00000000
       41595000	      4060	8000539c	8d61	c.and	x10,x8	 x10:0x00000000  x8:0x00000000 x10=0x00000000
       41605000	      4061	8000539e	895d	c.andi	x10,23	 x10:0x00000000 x10=0x00000000
       41615000	      4062	800053a0	9a72	c.add	x20,x28	 x20:0x00000000 x28:0x00000000 x20=0x00000000
       41625000	      4063	800053a2	7ec8a993	slti	x19,x17,2028	 x17:0x00000000 x19=0x00000001
       41635000	      4064	800053a6	01343fb3	sltu	x31,x8,x19	  x8:0x00000000 x19:0x00000001 x31=0x00000001
       41645000	      4065	800053aa	9f7e	c.add	x30,x31	 x30:0x00000000 x31:0x00000001 x30=0x00000001
       41655000	      4066	800053ac	0152cf33	xor	x30,x5,x21	  x5:0x00000001 x21:0x00000001 x30=0x00000000
       41665000	      4067	800053b0	0022ddb3	srl	x27,x5,x2	  x5:0x00000001  x2:0x00000008 x27=0x00000000
       41675000	      4068	800053b4	0ff0000f	fence	iorw,iorw	
       41685000	      4069	800053b8	0001	c.addi	x0,0	  x0:0x00000000  x0=0x00000000
       41695000	      4070	800053ba	30a7bd13	sltiu	x26,x15,778	 x15:0x00000000 x26=0x00000001
       41705000	      4071	800053be	833d	c.srli	x14,0xf	 x14:0x00000540 x14=0x00000000
       41715000	      4072	800053c0	008a1433	sll	x8,x20,x8	 x20:0x00000000  x8:0x00000000  x8=0x00000000
       41755000	      4076	800053c4	023c3e33	mulhu	x28,x24,x3	 x24:0x0001b000  x3:0x00000000 x28=0x00000000
       41795000	      4080	800053c8	0208a2b3	mulhsu	x5,x17,x0	 x17:0x00000000  x0:0x00000000  x5=0x00000000
       41805000	      4081	800053cc	01dc0333	add	x6,x24,x29	 x24:0x0001b000 x29:0x00000001  x6=0x0001b001
       41815000	      4082	800053d0	00593033	sltu	x0,x18,x5	 x18:0xffffffff  x5:0x00000000  x0=0x00000000
       41825000	      4083	800053d4	6b91	c.lui	x23,0x4	 x23=0x00004000
       42195000	      4120	800053d6	0385e333	rem	x6,x11,x24	 x11:0x80021e64 x24:0x0001b000  x6=0xfffe9e64
       42235000	      4124	800053da	02b694b3	mulh	x9,x13,x11	 x13:0x80025ce4 x11:0x80021e64  x9=0x3ffdc261
       42245000	      4125	800053de	013dbdb3	sltu	x27,x27,x19	 x27:0x00000000 x19:0x00000001 x27=0x00000001
       42265000	      4127	800053e2	02c4fa33	remu	x20,x9,x12	  x9:0x3ffdc261 x12:0x00000000 x20=0x3ffdc261
       42275000	      4128	800053e6	41788cb3	sub	x25,x17,x23	 x17:0x00000000 x23:0x00004000 x25=0xffffc000
       42285000	      4129	800053ea	80fa	c.mv	x1,x30	  x0:0x00000000 x30:0x00000000  x1=0x00000000
       42295000	      4130	800053ec	0ff0000f	fence	iorw,iorw	
       42305000	      4131	800053f0	0045f233	and	x4,x11,x4	 x11:0x80021e64  x4:0x00019000  x4=0x00001000
       42345000	      4135	800053f4	03d29333	mulh	x6,x5,x29	  x5:0x00000000 x29:0x00000001  x6=0x00000000
       42355000	      4136	800053f8	0ff0000f	fence	iorw,iorw	
       42365000	      4137	800053fc	fec94113	xori	x2,x18,-20	 x18:0xffffffff  x2=0x00000013
       42385000	      4139	80005400	03c8e1b3	rem	x3,x17,x28	 x17:0x00000000 x28:0x00000000  x3=0x00000000
       42395000	      4140	80005404	0001	c.addi	x0,0	  x0:0x00000000  x0=0x00000000
       42405000	      4141	80005406	0e614f13	xori	x30,x2,230	  x2:0x00000013 x30=0x000000f5
       42415000	      4142	8000540a	0ff0000f	fence	iorw,iorw	
       42455000	      4146	8000540e	03d59733	mulh	x14,x11,x29	 x11:0x80021e64 x29:0x00000001 x14=0xffffffff
       42495000	      4150	80005412	03299833	mulh	x16,x19,x18	 x19:0x00000001 x18:0xffffffff x16=0xffffffff
       42505000	      4151	80005416	8fb9	c.xor	x15,x14	 x15:0x00000000 x14:0xffffffff x15=0xffffffff
       42515000	      4152	80005418	74bc6817	auipc	x16,0x74bc6	 x16=0xf4bcb418
       42525000	      4153	8000541c	0109	c.addi	x2,2	  x2:0x00000013  x2=0x00000015
       42565000	      4157	8000541e	020fb633	mulhu	x12,x31,x0	 x31:0x00000001  x0:0x00000000 x12=0x00000000
       42575000	      4158	80005422	4c85	c.li	x25,1	 x25=0x00000001
       42585000	      4159	80005424	845d	c.srai	x8,0x17	  x8:0x00000000  x8=0x00000000
       42595000	      4160	80005426	717d	c.addi16sp	x2,-16	  x2:0x00000015  x2=0x00000005
       42605000	      4161	80005428	557d	c.li	x10,-1	 x10=0xffffffff
       42615000	      4162	8000542a	315fdc17	auipc	x24,0x315fd	 x24=0xb160242a
       42625000	      4163	8000542e	0068d493	srli	x9,x17,0x6	 x17:0x00000000  x9=0x00000000
       42635000	      4164	80005432	cb7c7313	andi	x6,x24,-841	 x24:0xb160242a  x6=0xb1602422
       42645000	      4165	80005436	90482813	slti	x16,x16,-1788	 x16:0xf4bcb418 x16=0x00000001
       42655000	      4166	8000543a	3157ab97	auipc	x23,0x3157a	 x23=0xb157f43a
       42665000	      4167	8000543e	01c1aeb3	slt	x29,x3,x28	  x3:0x00000000 x28:0x00000000 x29=0x00000000
       42685000	      4169	80005442	03dc5eb3	divu	x29,x24,x29	 x24:0xb160242a x29:0x00000000 x29=0xffffffff
       42695000	      4170	80005446	00de5913	srli	x18,x28,0xd	 x28:0x00000000 x18=0x00000000
       42735000	      4174	8000544a	03689fb3	mulh	x31,x17,x22	 x17:0x00000000 x22:0x90400000 x31=0x00000000
       43105000	      4211	8000544e	02b740b3	div	x1,x14,x11	 x14:0xffffffff x11:0x80021e64  x1=0x00000000
       43115000	      4212	80005452	8c41	c.or	x8,x8	  x8:0x00000000  x8:0x00000000  x8=0x00000000
       43125000	      4213	80005454	0199ecb3	or	x25,x19,x25	 x19:0x00000001 x25:0x00000001 x25=0x00000001
       43135000	      4214	80005458	a36d4e13	xori	x28,x26,-1482	 x26:0x00000001 x28=0xfffffa37
       43145000	      4215	8000545c	8e25	c.xor	x12,x9	 x12:0x00000000  x9:0x00000000 x12=0x00000000
       43155000	      4216	8000545e	830de193	ori	x3,x27,-2000	 x27:0x00000001  x3=0xfffff831
       43165000	      4217	80005462	8e65	c.and	x12,x9	 x12:0x00000000  x9:0x00000000 x12=0x00000000
       43175000	      4218	80005464	6167bc13	sltiu	x24,x15,1558	 x15:0xffffffff x24=0x00000000
       43185000	      4219	80005468	41e05793	srai	x15,x0,0x1e	  x0:0x00000000 x15=0x00000000
       43195000	      4220	8000546c	01566c63	bltu	x12,x21,80005484	 x12:0x00000000 x21:0x00000001
       43215000	      4222	80005484	0001	c.addi	x0,0	  x0:0x00000000  x0=0x00000000
       43225000	      4223	80005486	7ef36813	ori	x16,x6,2031	  x6:0xb1602422 x16=0xb16027ef
       43235000	      4224	8000548a	717d	c.addi16sp	x2,-16	  x2:0x00000005  x2=0xfffffff5
       43245000	      4225	8000548c	0181c133	xor	x2,x3,x24	  x3:0xfffff831 x24:0x00000000  x2=0xfffff831
       43255000	      4226	80005490	cf85	c.beqz	x15,800054c8	 x15:0x00000000
       43275000	      4228	800054c8	00afeb33	or	x22,x31,x10	 x31:0x00000000 x10:0xffffffff x22=0xffffffff
       43285000	      4229	800054cc	8739	c.srai	x14,0xe	 x14:0xffffffff x14=0xffffffff
       43295000	      4230	800054ce	1c656713	ori	x14,x10,454	 x10:0xffffffff x14=0xffffffff
       43315000	      4232	800054d2	029aeb33	rem	x22,x21,x9	 x21:0x00000001  x9:0x00000000 x22=0x00000001
       43325000	      4233	800054d6	40b7d633	sra	x12,x15,x11	 x15:0x00000000 x11:0x80021e64 x12=0x00000000
       43335000	      4234	800054da	9f5e	c.add	x30,x23	 x30:0x000000f5 x23:0xb157f43a x30=0xb157f52f
       43345000	      4235	800054dc	0001	c.addi	x0,0	  x0:0x00000000  x0=0x00000000
       43355000	      4236	800054de	cd05	c.beqz	x10,80005516	 x10:0xffffffff
       43365000	      4237	800054e0	86d93313	sltiu	x6,x18,-1939	 x18:0x00000000  x6=0x00000001
       43735000	      4274	800054e4	02d7c533	div	x10,x15,x13	 x15:0x00000000 x13:0x80025ce4 x10=0x00000000
       43745000	      4275	800054e8	0344ce63	blt	x9,x20,80005524	  x9:0x00000000 x20:0x3ffdc261
       43795000	      4280	80005524	021b29b3	mulhsu	x19,x22,x1	 x22:0x00000001  x1:0x00000000 x19=0x00000000
       43805000	      4281	80005528	8379	c.srli	x14,0x1e	 x14:0xffffffff x14=0x00000003
       43815000	      4282	8000552a	41f78433	sub	x8,x15,x31	 x15:0x00000000 x31:0x00000000  x8=0x00000000
       43825000	      4283	8000552e	8e4d	c.or	x12,x11	 x12:0x00000000 x11:0x80021e64 x12=0x80021e64
       44195000	      4320	80005530	03d5edb3	rem	x27,x11,x29	 x11:0x80021e64 x29:0xffffffff x27=0x00000000
       44205000	      4321	80005534	1e7d	c.addi	x28,-1	 x28:0xfffffa37 x28=0xfffffa36
       44215000	      4322	80005536	010c7963	bgeu	x24,x16,80005548	 x24:0x00000000 x16:0xb16027ef
       44225000	      4323	8000553a	01af7b33	and	x22,x30,x26	 x30:0xb157f52f x26:0x00000001 x22=0x00000001
       44235000	      4324	8000553e	8b46	c.mv	x22,x17	  x0:0x00000000 x17:0x00000000 x22=0x00000000
       44245000	      4325	80005540	c3a9	c.beqz	x15,80005582	 x15:0x00000000
       44275000	      4328	80005582	402d5a93	srai	x21,x26,0x2	 x26:0x00000001 x21=0x00000000
       44285000	      4329	80005586	88a5	c.andi	x9,9	  x9:0x00000000  x9=0x00000000
       44295000	      4330	80005588	0a18	c.addi4spn	x14,x2,272	 x14=0xfffff941
       44305000	      4331	8000558a	0000100f	fence.i	
       44335000	      4334	8000558e	013d6ab3	or	x21,x26,x19	 x26:0x00000001 x19:0x00000000 x21=0x00000001
       44705000	      4371	80005592	03eb6933	rem	x18,x22,x30	 x22:0x00000000 x30:0xb157f52f x18=0x00000000
       44715000	      4372	80005596	0374c763	blt	x9,x23,800055c4	  x9:0x00000000 x23:0xb157f43a
       44725000	      4373	8000559a	01f45613	srli	x12,x8,0x1f	  x8:0x00000000 x12=0x00000000
       44735000	      4374	8000559e	007852b3	srl	x5,x16,x7	 x16:0xb16027ef  x7:0x00000000  x5=0xb16027ef
       44745000	      4375	800055a2	8475	c.srai	x8,0x1d	  x8:0x00000000  x8=0x00000000
       44755000	      4376	800055a4	8f2d	c.xor	x14,x11	 x14:0xfffff941 x11:0x80021e64 x14=0x7ffde725
       44765000	      4377	800055a6	0000100f	fence.i	
       44785000	      4379	800055aa	cb99	c.beqz	x15,800055c0	 x15:0x00000000
       44805000	      4381	800055c0	e7de7c93	andi	x25,x28,-387	 x28:0xfffffa36 x25=0xfffffa34
       44815000	      4382	800055c4	40d55a93	srai	x21,x10,0xd	 x10:0x00000000 x21=0x00000000
       44825000	      4383	800055c8	0ff0000f	fence	iorw,iorw	
       44835000	      4384	800055cc	8471	c.srai	x8,0x1c	  x8:0x00000000  x8=0x00000000
       45205000	      4421	800055ce	02ddc033	div	x0,x27,x13	 x27:0x00000000 x13:0x80025ce4  x0=0x00000000
       45245000	      4425	800055d2	026b1033	mulh	x0,x22,x6	 x22:0x00000000  x6:0x00000001  x0=0x00000000
       45255000	      4426	800055d6	019c0ab3	add	x21,x24,x25	 x24:0x00000000 x25:0xfffffa34 x21=0xfffffa34
       45265000	      4427	800055da	3960e513	ori	x10,x1,918	  x1:0x00000000 x10=0x00000396
       45275000	      4428	800055de	e095	c.bnez	x9,80005602	  x9:0x00000000
       45285000	      4429	800055e0	882a	c.mv	x16,x10	  x0:0x00000000 x10:0x00000396 x16=0x00000396
       45295000	      4430	800055e2	8171	c.srli	x10,0x1c	 x10:0x00000396 x10=0x00000000
       45305000	      4431	800055e4	ec19	c.bnez	x8,80005602	  x8:0x00000000
       45315000	      4432	800055e6	0056b733	sltu	x14,x13,x5	 x13:0x80025ce4  x5:0xb16027ef x14=0x00000001
       45325000	      4433	800055ea	0000100f	fence.i	
       45345000	      4435	800055ee	717d	c.addi16sp	x2,-16	  x2:0xfffff831  x2=0xfffff821
       45355000	      4436	800055f0	001e0333	add	x6,x28,x1	 x28:0xfffffa36  x1:0x00000000  x6=0xfffffa36
       45395000	      4440	800055f4	0224ae33	mulhsu	x28,x9,x2	  x9:0x00000000  x2:0xfffff821 x28=0x00000000
       45405000	      4441	800055f8	00e79e93	slli	x29,x15,0xe	 x15:0x00000000 x29=0x00000000
       45415000	      4442	800055fc	0001	c.addi	x0,0	  x0:0x00000000  x0=0x00000000
       45785000	      4479	800055fe	023674b3	remu	x9,x12,x3	 x12:0x00000000  x3:0xfffff831  x9=0x00000000
       45795000	      4480	80005602	40d58a33	sub	x20,x11,x13	 x11:0x80021e64 x13:0x80025ce4 x20=0xffffc180
       45805000	      4481	80005606	028f0d63	beq	x30,x8,80005640	 x30:0xb157f52f  x8:0x00000000
       45815000	      4482	8000560a	01796963	bltu	x18,x23,8000561c	 x18:0x00000000 x23:0xb157f43a
       45835000	      4484	8000561c	8ade	c.mv	x21,x23	  x0:0x00000000 x23:0xb157f43a x21=0xb157f43a
       45845000	      4485	8000561e	8e1d	c.sub	x12,x15	 x12:0x00000000 x15:0x00000000 x12=0x00000000
       45855000	      4486	80005620	c5d16797	auipc	x15,0xc5d16	 x15=0x45d1b620
       45865000	      4487	80005624	0000100f	fence.i	
       45885000	      4489	80005628	8cce	c.mv	x25,x19	  x0:0x00000000 x19:0x00000000 x25=0x00000000
       45925000	      4493	8000562a	020591b3	mulh	x3,x11,x0	 x11:0x80021e64  x0:0x00000000  x3=0x00000000
       45935000	      4494	8000562e	01ed57b3	srl	x15,x26,x30	 x26:0x00000001 x30:0xb157f52f x15=0x00000000
       45975000	      4498	80005632	036d3e33	mulhu	x28,x26,x22	 x26:0x00000001 x22:0x00000000 x28=0x00000000
       45985000	      4499	80005636	e1833c93	sltiu	x25,x6,-488	  x6:0xfffffa36 x25=0x00000001
       45995000	      4500	8000563a	82f98217	auipc	x4,0x82f98	  x4=0x02f9d63a
       46005000	      4501	8000563e	0001	c.addi	x0,0	  x0:0x00000000  x0=0x00000000
       46015000	      4502	80005640	414cd8b3	sra	x17,x25,x20	 x25:0x00000001 x20:0xffffc180 x17=0x00000001
       46025000	      4503	80005644	6121	c.addi16sp	x2,64	  x2:0xfffff821  x2=0xfffff861
       46035000	      4504	80005646	717d	c.addi16sp	x2,-16	  x2:0xfffff861  x2=0xfffff851
       46045000	      4505	80005648	8d31	c.xor	x10,x12	 x10:0x00000000 x12:0x00000000 x10=0x00000000
       46055000	      4506	8000564a	8273e997	auipc	x19,0x8273e	 x19=0x0274364a
       46065000	      4507	8000564e	002f5a33	srl	x20,x30,x2	 x30:0xb157f52f  x2:0xfffff851 x20=0x000058ab
       46075000	      4508	80005652	c511	c.beqz	x10,8000565e	 x10:0x00000000
       46095000	      4510	8000565e	840d	c.srai	x8,0x3	  x8:0x00000000  x8=0x00000000
       46105000	      4511	80005660	942a	c.add	x8,x10	  x8:0x00000000 x10:0x00000000  x8=0x00000000
       46115000	      4512	80005662	717d	c.addi16sp	x2,-16	  x2:0xfffff851  x2=0xfffff841
       46125000	      4513	80005664	61bd	c.lui	x3,0xf	  x3=0x0000f000
       46135000	      4514	80005666	43afac13	slti	x24,x31,1082	 x31:0x00000000 x24=0x00000001
       46145000	      4515	8000566a	01f9d463	bge	x19,x31,80005672	 x19:0x0274364a x31:0x00000000
       46175000	      4518	80005672	a6a7dc37	lui	x24,0xa6a7d	 x24=0xa6a7d000
       46185000	      4519	80005676	4eaafa93	andi	x21,x21,1258	 x21:0xb157f43a x21=0x0000042a
       46195000	      4520	8000567a	01af9e13	slli	x28,x31,0x1a	 x31:0x00000000 x28=0x00000000
       46205000	      4521	8000567e	0001	c.addi	x0,0	  x0:0x00000000  x0=0x00000000
       46245000	      4525	80005680	022428b3	mulhsu	x17,x8,x2	  x8:0x00000000  x2:0xfffff841 x17=0x00000000
       46255000	      4526	80005684	717d	c.addi16sp	x2,-16	  x2:0xfffff841  x2=0xfffff831
       46265000	      4527	80005686	0175f333	and	x6,x11,x23	 x11:0x80021e64 x23:0xb157f43a  x6=0x80021420
       46305000	      4531	8000568a	02792133	mulhsu	x2,x18,x7	 x18:0x00000000  x7:0x00000000  x2=0x00000000
       46315000	      4532	8000568e	03bf7263	bgeu	x30,x27,800056b2	 x30:0xb157f52f x27:0x00000000
       46345000	      4535	800056b2	0155da13	srli	x20,x11,0x15	 x11:0x80021e64 x20=0x00000400
       46355000	      4536	800056b6	0331df63	bge	x3,x19,800056f4	  x3:0x0000f000 x19:0x0274364a
       46365000	      4537	800056ba	8f66	c.mv	x30,x25	  x0:0x00000000 x25:0x00000001 x30=0x00000001
       46375000	      4538	800056bc	3fcff913	andi	x18,x31,1020	 x31:0x00000000 x18=0x00000000
       46385000	      4539	800056c0	717d	c.addi16sp	x2,-16	  x2:0x00000000  x2=0xfffffff0
       46395000	      4540	800056c2	8d71	c.and	x10,x12	 x10:0x00000000 x12:0x00000000 x10=0x00000000
       46405000	      4541	800056c4	8c29	c.xor	x8,x10	  x8:0x00000000 x10:0x00000000  x8=0x00000000
       46425000	      4543	800056c6	03f47733	remu	x14,x8,x31	  x8:0x00000000 x31:0x00000000 x14=0x00000000
       46445000	      4545	800056ca	0277fa33	remu	x20,x15,x7	 x15:0x00000000  x7:0x00000000 x20=0x00000000
       46455000	      4546	800056ce	05a10163	beq	x2,x26,80005710	  x2:0xfffffff0 x26:0x00000001
       46465000	      4547	800056d2	4072d8b3	sra	x17,x5,x7	  x5:0xb16027ef  x7:0x00000000 x17=0xb16027ef
       46475000	      4548	800056d6	019b4fb3	xor	x31,x22,x25	 x22:0x00000000 x25:0x00000001 x31=0x00000001
       46485000	      4549	800056da	1790	c.addi4spn	x12,x2,992	 x12=0x000003d0
       46495000	      4550	800056dc	0097af33	slt	x30,x15,x9	 x15:0x00000000  x9:0x00000000 x30=0x00000000
       46505000	      4551	800056e0	41015093	srai	x1,x2,0x10	  x2:0xfffffff0  x1=0xffffffff
       46525000	      4553	800056e4	029a7333	remu	x6,x20,x9	 x20:0x00000000  x9:0x00000000  x6=0x00000000
       46535000	      4554	800056e8	84d7f513	andi	x10,x15,-1971	 x15:0x00000000 x10=0x00000000
       46555000	      4556	800056ec	03ef5cb3	divu	x25,x30,x30	 x30:0x00000000 x30:0x00000000 x25=0xffffffff
       46565000	      4557	800056f0	409d5d93	srai	x27,x26,0x9	 x26:0x00000001 x27=0x00000000
       46575000	      4558	800056f4	88e38813	addi	x16,x7,-1906	  x7:0x00000000 x16=0xfffff88e
       46615000	      4562	800056f8	0270ae33	mulhsu	x28,x1,x7	  x1:0xffffffff  x7:0x00000000 x28=0x00000000
       46625000	      4563	800056fc	00d45663	bge	x8,x13,80005708	  x8:0x00000000 x13:0x80025ce4
       46645000	      4565	80005708	01e2f833	and	x16,x5,x30	  x5:0xb16027ef x30:0x00000000 x16=0x00000000
       46655000	      4566	8000570c	0ff0000f	fence	iorw,iorw	
       46665000	      4567	80005710	41ba5313	srai	x6,x20,0x1b	 x20:0x00000000  x6=0x00000000
       46675000	      4568	80005714	01cafcb3	and	x25,x21,x28	 x21:0x0000042a x28:0x00000000 x25=0x00000000
       46685000	      4569	80005718	000bdbb3	srl	x23,x23,x0	 x23:0xb157f43a  x0:0x00000000 x23=0xb157f43a
       46695000	      4570	8000571c	019abdb3	sltu	x27,x21,x25	 x21:0x0000042a x25:0x00000000 x27=0x00000000
       46735000	      4574	80005720	02d29733	mulh	x14,x5,x13	  x5:0xb16027ef x13:0x80025ce4 x14=0x274f3241
       46745000	      4575	80005724	040ac263	blt	x21,x0,80005768	 x21:0x0000042a  x0:0x00000000
       46755000	      4576	80005728	0491	c.addi	x9,4	  x9:0x00000000  x9=0x00000004
       46765000	      4577	8000572a	8ff5	c.and	x15,x13	 x15:0x00000000 x13:0x80025ce4 x15=0x00000000
       46775000	      4578	8000572c	02466b63	bltu	x12,x4,80005762	 x12:0x000003d0  x4:0x02f9d63a
       46825000	      4583	80005762	02cb0333	mul	x6,x22,x12	 x22:0x00000000 x12:0x000003d0  x6=0x00000000
       46835000	      4584	80005766	8fb1	c.xor	x15,x12	 x15:0x00000000 x12:0x000003d0 x15=0x000003d0
       46845000	      4585	80005768	8f21	c.xor	x14,x8	 x14:0x274f3241  x8:0x00000000 x14=0x274f3241
       46855000	      4586	8000576a	01c4ac37	lui	x24,0x1c4a	 x24=0x01c4a000
       46865000	      4587	8000576e	a49cc193	xori	x3,x25,-1463	 x25:0x00000000  x3=0xfffffa49
       46905000	      4591	80005772	02c927b3	mulhsu	x15,x18,x12	 x18:0x00000000 x12:0x000003d0 x15=0x00000000
       46915000	      4592	80005776	03247d63	bgeu	x8,x18,800057b0	  x8:0x00000000 x18:0x00000000
       46935000	      4594	800057b0	8e49	c.or	x12,x10	 x12:0x000003d0 x10:0x00000000 x12=0x000003d0
       46945000	      4595	800057b2	0126	c.slli	x2,0x9	  x2:0xfffffff0  x2=0xffffe000
       46955000	      4596	800057b4	00656cb3	or	x25,x10,x6	 x10:0x00000000  x6:0x00000000 x25=0x00000000
       46995000	      4600	800057b8	03319d33	mulh	x26,x3,x19	  x3:0xfffffa49 x19:0x0274364a x26=0xfffffff1
       47025000	      4603	800057bc	03648d33	mul	x26,x9,x22	  x9:0x00000004 x22:0x00000000 x26=0x00000000
       47045000	      4605	800057c0	03e2e233	rem	x4,x5,x30	  x5:0xb16027ef x30:0x00000000  x4=0xb16027ef
       47055000	      4606	800057c4	0000100f	fence.i	
       47435000	      4644	800057c8	02595333	divu	x6,x18,x5	 x18:0x00000000  x5:0xb16027ef  x6=0x00000000
       47805000	      4681	800057cc	02b6cd33	div	x26,x13,x11	 x13:0x80025ce4 x11:0x80021e64 x26=0x00000000
       47815000	      4682	800057d0	038d6f63	bltu	x26,x24,8000580e	 x26:0x00000000 x24:0x01c4a000
       47875000	      4688	8000580e	02d41db3	mulh	x27,x8,x13	  x8:0x00000000 x13:0x80025ce4 x27=0x00000000
       47885000	      4689	80005812	010aea63	bltu	x21,x16,80005826	 x21:0x0000042a x16:0x00000000
       47895000	      4690	80005816	eb99	c.bnez	x15,8000582c	 x15:0x00000000
       47905000	      4691	80005818	b30efa13	andi	x20,x29,-1232	 x29:0x00000000 x20=0x00000000
       47925000	      4693	8000581c	020271b3	remu	x3,x4,x0	  x4:0xb16027ef  x0:0x00000000  x3=0xb16027ef
       47935000	      4694	80005820	8539	c.srai	x10,0xe	 x10:0x00000000 x10=0x00000000
       47975000	      4698	80005822	0362a433	mulhsu	x8,x5,x22	  x5:0xb16027ef x22:0x00000000  x8=0x00000000
       47985000	      4699	80005826	614d	c.addi16sp	x2,176	  x2:0xffffe000  x2=0xffffe0b0
       47995000	      4700	80005828	4155d293	srai	x5,x11,0x15	 x11:0x80021e64  x5=0xfffffc00
       48005000	      4701	8000582c	b4b1bd93	sltiu	x27,x3,-1205	  x3:0xb16027ef x27=0x00000001
       48015000	      4702	80005830	8c55	c.or	x8,x13	  x8:0x00000000 x13:0x80025ce4  x8=0x80025ce4
       48025000	      4703	80005832	0001	c.addi	x0,0	  x0:0x00000000  x0=0x00000000
       48035000	      4704	80005834	0000100f	fence.i	
       48055000	      4706	80005838	8b21	c.andi	x14,8	 x14:0x274f3241 x14=0x00000000
       48065000	      4707	8000583a	01d45cb3	srl	x25,x8,x29	  x8:0x80025ce4 x29:0x00000000 x25=0x80025ce4
       48075000	      4708	8000583e	38ebef93	ori	x31,x23,910	 x23:0xb157f43a x31=0xb157f7be
       48085000	      4709	80005842	00d6d793	srli	x15,x13,0xd	 x13:0x80025ce4 x15=0x00040012
       48455000	      4746	80005846	0310f9b3	remu	x19,x1,x17	  x1:0xffffffff x17:0xb16027ef x19=0x4e9fd810
       48465000	      4747	8000584a	8505	c.srai	x10,0x1	 x10:0x00000000 x10=0x00000000
       48475000	      4748	8000584c	e152a013	slti	x0,x5,-491	  x5:0xfffffc00  x0=0x00000000
       48485000	      4749	80005850	8b05	c.andi	x14,1	 x14:0x00000000 x14=0x00000000
       48495000	      4750	80005852	010127b3	slt	x15,x2,x16	  x2:0xffffe0b0 x16:0x00000000 x15=0x00000001
       48505000	      4751	80005856	01a6dab3	srl	x21,x13,x26	 x13:0x80025ce4 x26:0x00000000 x21=0x80025ce4
       48515000	      4752	8000585a	020f5d63	bge	x30,x0,80005894	 x30:0x00000000  x0:0x00000000
       48535000	      4754	80005894	9866	c.add	x16,x25	 x16:0x00000000 x25:0x80025ce4 x16=0x80025ce4
       48545000	      4755	80005896	83e1	c.srli	x15,0x18	 x15:0x00000001 x15=0x00000000
       48555000	      4756	80005898	ea7a3313	sltiu	x6,x20,-345	 x20:0x00000000  x6=0x00000001
       48595000	      4760	8000589c	020f2333	mulhsu	x6,x30,x0	 x30:0x00000000  x0:0x00000000  x6=0x00000000
       48605000	      4761	800058a0	41880633	sub	x12,x16,x24	 x16:0x80025ce4 x24:0x01c4a000 x12=0x7e3dbce4
       48615000	      4762	800058a4	8619	c.srai	x12,0x6	 x12:0x7e3dbce4 x12=0x01f8f6f3
       48625000	      4763	800058a6	8819	c.andi	x8,6	  x8:0x80025ce4  x8=0x00000004
       48635000	      4764	800058a8	0272e863	bltu	x5,x7,800058d8	  x5:0xfffffc00  x7:0x00000000
       48675000	      4768	800058ac	026aa933	mulhsu	x18,x21,x6	 x21:0x80025ce4  x6:0x00000000 x18=0x00000000
       48685000	      4769	800058b0	448b7037	lui	x0,0x448b7	  x0=0x00000000
       48695000	      4770	800058b4	717d	c.addi16sp	x2,-16	  x2:0xffffe0b0  x2=0xffffe0a0
       48705000	      4771	800058b6	0001	c.addi	x0,0	  x0:0x00000000  x0=0x00000000
       48715000	      4772	800058b8	8c51	c.or	x8,x12	  x8:0x00000004 x12:0x01f8f6f3  x8=0x01f8f6f7
       48725000	      4773	800058ba	008aee33	or	x28,x21,x8	 x21:0x80025ce4  x8:0x01f8f6f7 x28=0x81fafef7
       48735000	      4774	800058be	00d31bb3	sll	x23,x6,x13	  x6:0x00000000 x13:0x80025ce4 x23=0x00000000
       48745000	      4775	800058c2	0000100f	fence.i	
       49135000	      4814	800058c6	033ece33	div	x28,x29,x19	 x29:0x00000000 x19:0x4e9fd810 x28=0x00000000
       49145000	      4815	800058ca	9833d517	auipc	x10,0x9833d	 x10=0x183428ca
       49155000	      4816	800058ce	cb5f61b7	lui	x3,0xcb5f6	  x3=0xcb5f6000
       49165000	      4817	800058d2	0001	c.addi	x0,0	  x0:0x00000000  x0=0x00000000
       49175000	      4818	800058d4	5c350e93	addi	x29,x10,1475	 x10:0x183428ca x29=0x18342e8d
       49185000	      4819	800058d8	ea05	c.bnez	x12,80005908	 x12:0x01f8f6f3
       49205000	      4821	80005908	c09d	c.beqz	x9,8000592e	  x9:0x00000004
       49215000	      4822	8000590a	80c2	c.mv	x1,x16	  x0:0x00000000 x16:0x80025ce4  x1=0x80025ce4
       49225000	      4823	8000590c	00e7c763	blt	x15,x14,8000591a	 x15:0x00000000 x14:0x00000000
       49235000	      4824	80005910	07ee	c.slli	x15,0x1b	 x15:0x00000000 x15=0x00000000
       49255000	      4826	80005912	03e2d233	divu	x4,x5,x30	  x5:0xfffffc00 x30:0x00000000  x4=0xffffffff
       49265000	      4827	80005916	0392eb63	bltu	x5,x25,8000594c	  x5:0xfffffc00 x25:0x80025ce4
       49275000	      4828	8000591a	0e6a	c.slli	x28,0x1a	 x28:0x00000000 x28=0x00000000
       49285000	      4829	8000591c	00f21433	sll	x8,x4,x15	  x4:0xffffffff x15:0x00000000  x8=0xffffffff
       49655000	      4866	80005920	03de7fb3	remu	x31,x28,x29	 x28:0x00000000 x29:0x18342e8d x31=0x00000000
       49665000	      4867	80005924	00bdb1b3	sltu	x3,x27,x11	 x27:0x00000001 x11:0x80021e64  x3=0x00000001
       49675000	      4868	80005928	19fd	c.addi	x19,-1	 x19:0x4e9fd810 x19=0x4e9fd80f
       49685000	      4869	8000592a	017a7ab3	and	x21,x20,x23	 x20:0x00000000 x23:0x00000000 x21=0x00000000
       49695000	      4870	8000592e	3ee1c513	xori	x10,x3,1006	  x3:0x00000001 x10=0x000003ef
       49705000	      4871	80005932	8335	c.srli	x14,0xd	 x14:0x00000000 x14=0x00000000
       49715000	      4872	80005934	002b9c93	slli	x25,x23,0x2	 x23:0x00000000 x25=0x00000000
       49725000	      4873	80005938	b18ea413	slti	x8,x29,-1256	 x29:0x18342e8d  x8=0x00000000
       49735000	      4874	8000593c	000aa033	slt	x0,x21,x0	 x21:0x00000000  x0:0x00000000  x0=0x00000000
       49745000	      4875	80005940	d4658b13	addi	x22,x11,-698	 x11:0x80021e64 x22=0x80021baa
       50115000	      4912	80005944	0214da33	divu	x20,x9,x1	  x9:0x00000004  x1:0x80025ce4 x20=0x00000000
       50125000	      4913	80005948	01c99913	slli	x18,x19,0x1c	 x19:0x4e9fd80f x18=0xf0000000
       50135000	      4914	8000594c	01c8d1b3	srl	x3,x17,x28	 x17:0xb16027ef x28:0x00000000  x3=0xb16027ef
       50145000	      4915	80005950	00cfd713	srli	x14,x31,0xc	 x31:0x00000000 x14=0x00000000
       50155000	      4916	80005954	011671b3	and	x3,x12,x17	 x12:0x01f8f6f3 x17:0xb16027ef  x3=0x016026e3
       50165000	      4917	80005958	6bbd	c.lui	x23,0xf	 x23=0x0000f000
       50175000	      4918	8000595a	fdd7fb93	andi	x23,x15,-35	 x15:0x00000000 x23=0x00000000
       50185000	      4919	8000595e	8f0e	c.mv	x30,x3	  x0:0x00000000  x3:0x016026e3 x30=0x016026e3
       50195000	      4920	80005960	0b0ab137	lui	x2,0xb0ab	  x2=0x0b0ab000
       50235000	      4924	80005964	020f3533	mulhu	x10,x30,x0	 x30:0x016026e3  x0:0x00000000 x10=0x00000000
       50245000	      4925	80005968	368a8e13	addi	x28,x21,872	 x21:0x00000000 x28=0x00000368
       50275000	      4928	8000596c	02eb87b3	mul	x15,x23,x14	 x23:0x00000000 x14:0x00000000 x15=0x00000000
       50295000	      4930	80005970	039ac233	div	x4,x21,x25	 x21:0x00000000 x25:0x00000000  x4=0xffffffff
       50305000	      4931	80005974	5a7d	c.li	x20,-1	 x20=0xffffffff
       50315000	      4932	80005976	001d9db3	sll	x27,x27,x1	 x27:0x00000001  x1:0x80025ce4 x27=0x00000010
       50355000	      4936	8000597a	0329a833	mulhsu	x16,x19,x18	 x19:0x4e9fd80f x18:0xf0000000 x16=0x49b5da8e
       50365000	      4937	8000597e	d9678b93	addi	x23,x15,-618	 x15:0x00000000 x23=0xfffffd96
       50405000	      4941	80005982	02953433	mulhu	x8,x10,x9	 x10:0x00000000  x9:0x00000004  x8=0x00000000
       50425000	      4943	80005986	0273d133	divu	x2,x7,x7	  x7:0x00000000  x7:0x00000000  x2=0xffffffff
       50445000	      4945	8000598a	03f449b3	div	x19,x8,x31	  x8:0x00000000 x31:0x00000000 x19=0xffffffff
       50455000	      4946	8000598e	01cb17b3	sll	x15,x22,x28	 x22:0x80021baa x28:0x00000368 x15=0x021baa00
       50465000	      4947	80005992	80d4a113	slti	x2,x9,-2035	  x9:0x00000004  x2=0x00000000
       50475000	      4948	80005996	8e75	c.and	x12,x13	 x12:0x01f8f6f3 x13:0x80025ce4 x12=0x000054e0
       50515000	      4952	80005998	037e2533	mulhsu	x10,x28,x23	 x28:0x00000368 x23:0xfffffd96 x10=0x00000367
       50525000	      4953	8000599c	8db2	c.mv	x27,x12	  x0:0x00000000 x12:0x000054e0 x27=0x000054e0
       50535000	      4954	8000599e	0100	c.addi4spn	x8,x2,128	  x8=0x00000080
       50545000	      4955	800059a0	4189	c.li	x3,2	  x3=0x00000002
       50575000	      4958	800059a2	03e38c33	mul	x24,x7,x30	  x7:0x00000000 x30:0x016026e3 x24=0x00000000
       50585000	      4959	800059a6	d0d97093	andi	x1,x18,-755	 x18:0xf0000000  x1=0xf0000000
       50595000	      4960	800059aa	00e55433	srl	x8,x10,x14	 x10:0x00000367 x14:0x00000000  x8=0x00000367
       50605000	      4961	800059ae	00238db3	add	x27,x7,x2	  x7:0x00000000  x2:0x00000000 x27=0x00000000
       50625000	      4963	800059b2	03bc6433	rem	x8,x24,x27	 x24:0x00000000 x27:0x00000000  x8=0x00000000
       50635000	      4964	800059b6	00e7deb3	srl	x29,x15,x14	 x15:0x021baa00 x14:0x00000000 x29=0x021baa00
       50665000	      4967	800059ba	02b78433	mul	x8,x15,x11	 x15:0x021baa00 x11:0x80021e64  x8=0x64ba6800
       50675000	      4968	800059be	a0bebf13	sltiu	x30,x29,-1525	 x29:0x021baa00 x30=0x00000001
       50685000	      4969	800059c2	22d46c93	ori	x25,x8,557	  x8:0x64ba6800 x25=0x64ba6a2d
       50695000	      4970	800059c6	05258163	beq	x11,x18,80005a08	 x11:0x80021e64 x18:0xf0000000
       50705000	      4971	800059ca	0001	c.addi	x0,0	  x0:0x00000000  x0=0x00000000
       50715000	      4972	800059cc	b92a2913	slti	x18,x20,-1134	 x20:0xffffffff x18=0x00000000
       50725000	      4973	800059d0	01cac833	xor	x16,x21,x28	 x21:0x00000000 x28:0x00000368 x16=0x00000368
       50735000	      4974	800059d4	717d	c.addi16sp	x2,-16	  x2:0x00000000  x2=0xfffffff0
       50745000	      4975	800059d6	01a5deb3	srl	x29,x11,x26	 x11:0x80021e64 x26:0x00000000 x29=0x80021e64
       50785000	      4979	800059da	02e62933	mulhsu	x18,x12,x14	 x12:0x000054e0 x14:0x00000000 x18=0x00000000
       50795000	      4980	800059de	d357ce93	xori	x29,x15,-715	 x15:0x021baa00 x29=0xfde45735
       50805000	      4981	800059e2	01365fb3	srl	x31,x12,x19	 x12:0x000054e0 x19:0xffffffff x31=0x00000000
       50815000	      4982	800059e6	00fe6c33	or	x24,x28,x15	 x28:0x00000368 x15:0x021baa00 x24=0x021bab68
       50825000	      4983	800059ea	015e9493	slli	x9,x29,0x15	 x29:0xfde45735  x9=0xe6a00000
       50835000	      4984	800059ee	01af1933	sll	x18,x30,x26	 x30:0x00000001 x26:0x00000000 x18=0x00000001
       50845000	      4985	800059f2	36a9f513	andi	x10,x19,874	 x19:0xffffffff x10=0x0000036a
       50875000	      4988	800059f6	02f70e33	mul	x28,x14,x15	 x14:0x00000000 x15:0x021baa00 x28=0x00000000
       50915000	      4992	800059fa	02a59b33	mulh	x22,x11,x10	 x11:0x80021e64 x10:0x0000036a x22=0xfffffe4b
       50955000	      4996	800059fe	03939133	mulh	x2,x7,x25	  x7:0x00000000 x25:0x64ba6a2d  x2=0x00000000
       50965000	      4997	80005a02	007ada63	bge	x21,x7,80005a16	 x21:0x00000000  x7:0x00000000
       50995000	      5000	80005a16	029de663	bltu	x27,x9,80005a42	 x27:0x00000000  x9:0xe6a00000
       51025000	      5003	80005a42	01ba60b3	or	x1,x20,x27	 x20:0xffffffff x27:0x00000000  x1=0xffffffff
       51035000	      5004	80005a46	490d	c.li	x18,3	 x18=0x00000003
       51045000	      5005	80005a48	8051	c.srli	x8,0x14	  x8:0x64ba6800  x8=0x0000064b
       51055000	      5006	80005a4a	611d	c.addi16sp	x2,416	  x2:0x00000000  x2=0x000001a0
       51095000	      5010	80005a4c	038731b3	mulhu	x3,x14,x24	 x14:0x00000000 x24:0x021bab68  x3=0x00000000
       51135000	      5014	80005a50	0311be33	mulhu	x28,x3,x17	  x3:0x00000000 x17:0xb16027ef x28=0x00000000
       51175000	      5018	80005a54	03be3033	mulhu	x0,x28,x27	 x28:0x00000000 x27:0x00000000  x0=0x00000000
       51545000	      5055	80005a58	03614b33	div	x22,x2,x22	  x2:0x000001a0 x22:0xfffffe4b x22=0x00000000
       51555000	      5056	80005a5c	41648333	sub	x6,x9,x22	  x9:0xe6a00000 x22:0x00000000  x6=0xe6a00000
       51565000	      5057	80005a60	5c7d	c.li	x24,-1	 x24=0xffffffff
       51575000	      5058	80005a62	03ea7e63	bgeu	x20,x30,80005a9e	 x20:0xffffffff x30:0x00000001
       51595000	      5060	80005a9e	9a7d	c.andi	x12,-1	 x12:0x000054e0 x12=0x000054e0
       51605000	      5061	80005aa0	80ed	c.srli	x9,0x1b	  x9:0xe6a00000  x9=0x0000001c
       51615000	      5062	80005aa2	40d97913	andi	x18,x18,1037	 x18:0x00000003 x18=0x00000001
       51625000	      5063	80005aa6	0431e363	bltu	x3,x3,80005aec	  x3:0x00000000  x3:0x00000000
       51635000	      5064	80005aaa	41e9d413	srai	x8,x19,0x1e	 x19:0xffffffff  x8=0xffffffff
       51645000	      5065	80005aae	016dbf33	sltu	x30,x27,x22	 x27:0x00000000 x22:0x00000000 x30=0x00000000
       51655000	      5066	80005ab2	05d97063	bgeu	x18,x29,80005af2	 x18:0x00000001 x29:0xfde45735
       51665000	      5067	80005ab6	0000100f	fence.i	
       51695000	      5070	80005aba	c8d56f13	ori	x30,x10,-883	 x10:0x0000036a x30=0xffffffef
       51705000	      5071	80005abe	7e13b1b7	lui	x3,0x7e13b	  x3=0x7e13b000
       51715000	      5072	80005ac2	025d8c63	beq	x27,x5,80005afa	 x27:0x00000000  x5:0xfffffc00
       51725000	      5073	80005ac6	0000100f	fence.i	
       51755000	      5076	80005aca	00849463	bne	x9,x8,80005ad2	  x9:0x0000001c  x8:0xffffffff
       51785000	      5079	80005ad2	20143813	sltiu	x16,x8,513	  x8:0xffffffff x16=0x00000000
       51795000	      5080	80005ad6	4749	c.li	x14,18	 x14=0x00000012
       51805000	      5081	80005ad8	01c90733	add	x14,x18,x28	 x18:0x00000001 x28:0x00000000 x14=0x00000001
       51815000	      5082	80005adc	8fe9	c.and	x15,x10	 x15:0x021baa00 x10:0x0000036a x15=0x00000200
       51825000	      5083	80005ade	0d16	c.slli	x26,0x5	 x26:0x00000000 x26=0x00000000
       51835000	      5084	80005ae0	01dc9533	sll	x10,x25,x29	 x25:0x64ba6a2d x29:0xfde45735 x10=0x45a00000
       51845000	      5085	80005ae4	016017b3	sll	x15,x0,x22	  x0:0x00000000 x22:0x00000000 x15=0x00000000
       51855000	      5086	80005ae8	00a79ab3	sll	x21,x15,x10	 x15:0x00000000 x10:0x45a00000 x21=0x00000000
       51865000	      5087	80005aec	016e9e13	slli	x28,x29,0x16	 x29:0xfde45735 x28=0xcd400000
       51875000	      5088	80005af0	ce11	c.beqz	x12,80005b0c	 x12:0x000054e0
       51885000	      5089	80005af2	b5238a13	addi	x20,x7,-1198	  x7:0x00000000 x20=0xfffffb52
       51905000	      5091	80005af6	020d4fb3	div	x31,x26,x0	 x26:0x00000000  x0:0x00000000 x31=0xffffffff
       51945000	      5095	80005afa	0302b733	mulhu	x14,x5,x16	  x5:0xfffffc00 x16:0x00000000 x14=0x00000000
       51955000	      5096	80005afe	408a5793	srai	x15,x20,0x8	 x20:0xfffffb52 x15=0xfffffffb
       51965000	      5097	80005b02	6aa9	c.lui	x21,0xa	 x21=0x0000a000
       51975000	      5098	80005b04	8759	c.srai	x14,0x16	 x14:0x00000000 x14=0x00000000
       51985000	      5099	80005b06	6175	c.addi16sp	x2,368	  x2:0x000001a0  x2=0x00000310
       52005000	      5101	80005b08	036769b3	rem	x19,x14,x22	 x14:0x00000000 x22:0x00000000 x19=0x00000000
       52015000	      5102	80005b0c	049b5063	bge	x22,x9,80005b4c	 x22:0x00000000  x9:0x0000001c
       52025000	      5103	80005b10	00ce8d63	beq	x29,x12,80005b2a	 x29:0xfde45735 x12:0x000054e0
       52035000	      5104	80005b14	41135db3	sra	x27,x6,x17	  x6:0xe6a00000 x17:0xb16027ef x27=0xffffcd40
       52045000	      5105	80005b18	03ca1c63	bne	x20,x28,80005b50	 x20:0xfffffb52 x28:0xcd400000
       52065000	      5107	80005b50	69a9	c.lui	x19,0xa	 x19=0x0000a000
       52075000	      5108	80005b52	cf85	c.beqz	x15,80005b8a	 x15:0xfffffffb
       52085000	      5109	80005b54	ea276013	ori	x0,x14,-350	 x14:0x00000000  x0=0x00000000
       52095000	      5110	80005b58	913c0c17	auipc	x24,0x913c0	 x24=0x113c5b58
       52105000	      5111	80005b5c	0ff0000f	fence	iorw,iorw	
       52115000	      5112	80005b60	0001	c.addi	x0,0	  x0:0x00000000  x0=0x00000000
       52145000	      5115	80005b62	03558c33	mul	x24,x11,x21	 x11:0x80021e64 x21:0x0000a000 x24=0x52fe8000
       52155000	      5116	80005b66	0ff0000f	fence	iorw,iorw	
       52165000	      5117	80005b6a	1d04a893	slti	x17,x9,464	  x9:0x0000001c x17=0x00000001
       52175000	      5118	80005b6e	017cf2b3	and	x5,x25,x23	 x25:0x64ba6a2d x23:0xfffffd96  x5=0x64ba6804
       52185000	      5119	80005b72	0485f263	bgeu	x11,x8,80005bb6	 x11:0x80021e64  x8:0xffffffff
       52195000	      5120	80005b76	009a7eb3	and	x29,x20,x9	 x20:0xfffffb52  x9:0x0000001c x29=0x00000010
       52205000	      5121	80005b7a	c61d	c.beqz	x12,80005ba8	 x12:0x000054e0
       52215000	      5122	80005b7c	8d21	c.xor	x10,x8	 x10:0x45a00000  x8:0xffffffff x10=0xba5fffff
       52225000	      5123	80005b7e	01df5833	srl	x16,x30,x29	 x30:0xffffffef x29:0x00000010 x16=0x0000ffff
       52235000	      5124	80005b82	4077d533	sra	x10,x15,x7	 x15:0xfffffffb  x7:0x00000000 x10=0xfffffffb
       52245000	      5125	80005b86	98cfb913	sltiu	x18,x31,-1652	 x31:0xffffffff x18=0x00000000
       52255000	      5126	80005b8a	d4c06993	ori	x19,x0,-692	  x0:0x00000000 x19=0xfffffd4c
       52265000	      5127	80005b8e	0ff0000f	fence	iorw,iorw	
       52275000	      5128	80005b92	0001	c.addi	x0,0	  x0:0x00000000  x0=0x00000000
       52285000	      5129	80005b94	02dd6c63	bltu	x26,x13,80005bcc	 x26:0x00000000 x13:0x80025ce4
       52665000	      5167	80005bcc	037f59b3	divu	x19,x30,x23	 x30:0xffffffef x23:0xfffffd96 x19=0x00000001
       52675000	      5168	80005bd0	478efd37	lui	x26,0x478ef	 x26=0x478ef000
       52685000	      5169	80005bd4	811d	c.srli	x10,0x7	 x10:0xfffffffb x10=0x01ffffff
       52695000	      5170	80005bd6	896d	c.andi	x10,27	 x10:0x01ffffff x10=0x0000001b
       52705000	      5171	80005bd8	0001	c.addi	x0,0	  x0:0x00000000  x0=0x00000000
       52715000	      5172	80005bda	0818	c.addi4spn	x14,x2,16	 x14=0x00000320
       52755000	      5176	80005bdc	039639b3	mulhu	x19,x12,x25	 x12:0x000054e0 x25:0x64ba6a2d x19=0x00002165
       52765000	      5177	80005be0	004f6933	or	x18,x30,x4	 x30:0xffffffef  x4:0xffffffff x18=0xffffffff
       52775000	      5178	80005be4	fc3f0293	addi	x5,x30,-61	 x30:0xffffffef  x5=0xffffffb2
       52785000	      5179	80005be8	6e01c093	xori	x1,x3,1760	  x3:0x7e13b000  x1=0x7e13b6e0
       52795000	      5180	80005bec	0e76	c.slli	x28,0x1d	 x28:0xcd400000 x28=0x00000000
       52835000	      5184	80005bee	026b3c33	mulhu	x24,x22,x6	 x22:0x00000000  x6:0xe6a00000 x24=0x00000000
       52845000	      5185	80005bf2	8fb5	c.xor	x15,x13	 x15:0xfffffffb x13:0x80025ce4 x15=0x7ffda31f
       52855000	      5186	80005bf4	0042dd93	srli	x27,x5,0x4	  x5:0xffffffb2 x27=0x0ffffffb
       52865000	      5187	80005bf8	05e9e437	lui	x8,0x5e9e	  x8=0x05e9e000
       52875000	      5188	80005bfc	01c0e1b3	or	x3,x1,x28	  x1:0x7e13b6e0 x28:0x00000000  x3=0x7e13b6e0
       52885000	      5189	80005c00	0000100f	fence.i	
       52905000	      5191	80005c04	0986	c.slli	x19,0x1	 x19:0x00002165 x19=0x000042ca
       52915000	      5192	80005c06	8519	c.srai	x10,0x6	 x10:0x0000001b x10=0x00000000
       52925000	      5193	80005c08	8a05	c.andi	x12,1	 x12:0x000054e0 x12=0x00000000
       52935000	      5194	80005c0a	e705	c.bnez	x14,80005c32	 x14:0x00000320
       52965000	      5197	80005c32	9651ef93	ori	x31,x3,-1691	  x3:0x7e13b6e0 x31=0xffffffe5
       53005000	      5201	80005c36	022eabb3	mulhsu	x23,x29,x2	 x29:0x00000010  x2:0x00000310 x23=0x00000000
       53015000	      5202	80005c3a	012e0fb3	add	x31,x28,x18	 x28:0x00000000 x18:0xffffffff x31=0xffffffff
       53025000	      5203	80005c3e	8431	c.srai	x8,0xc	  x8:0x05e9e000  x8=0x00005e9e
       53035000	      5204	80005c40	8f95	c.sub	x15,x13	 x15:0x7ffda31f x13:0x80025ce4 x15=0xfffb463b
       53045000	      5205	80005c42	b9accf13	xori	x30,x25,-1126	 x25:0x64ba6a2d x30=0x9b4591b7
       53055000	      5206	80005c46	0190dd13	srli	x26,x1,0x19	  x1:0x7e13b6e0 x26=0x0000003f
       53065000	      5207	80005c4a	a701b293	sltiu	x5,x3,-1424	  x3:0x7e13b6e0  x5=0x00000001
       53075000	      5208	80005c4e	717d	c.addi16sp	x2,-16	  x2:0x00000310  x2=0x00000300
       53085000	      5209	80005c50	ccf3b993	sltiu	x19,x7,-817	  x7:0x00000000 x19=0x00000001
       53095000	      5210	80005c54	bf1d6213	ori	x4,x26,-1039	 x26:0x0000003f  x4=0xfffffbff
       53105000	      5211	80005c58	02587263	bgeu	x16,x5,80005c7c	 x16:0x0000ffff  x5:0x00000001
       53125000	      5213	80005c7c	005e9d33	sll	x26,x29,x5	 x29:0x00000010  x5:0x00000001 x26=0x00000020
       53135000	      5214	80005c80	00bab233	sltu	x4,x21,x11	 x21:0x0000a000 x11:0x80021e64  x4=0x00000001
       53145000	      5215	80005c84	017d7ab3	and	x21,x26,x23	 x26:0x00000020 x23:0x00000000 x21=0x00000000
       53155000	      5216	80005c88	8c01	c.sub	x8,x8	  x8:0x00005e9e  x8:0x00005e9e  x8=0x00000000
       53165000	      5217	80005c8a	0ff0000f	fence	iorw,iorw	
       53175000	      5218	80005c8e	0001	c.addi	x0,0	  x0:0x00000000  x0=0x00000000
       53185000	      5219	80005c90	5afd	c.li	x21,-1	 x21=0xffffffff
       53195000	      5220	80005c92	9b7d	c.andi	x14,-1	 x14:0x00000320 x14=0x00000320
       53565000	      5257	80005c94	032bd7b3	divu	x15,x23,x18	 x23:0x00000000 x18:0xffffffff x15=0x00000000
       53575000	      5258	80005c98	00cc1463	bne	x24,x12,80005ca0	 x24:0x00000000 x12:0x00000000
       53585000	      5259	80005c9c	00bc1213	slli	x4,x24,0xb	 x24:0x00000000  x4=0x00000000
       53595000	      5260	80005ca0	00345e63	bge	x8,x3,80005cbc	  x8:0x00000000  x3:0x7e13b6e0
       53605000	      5261	80005ca4	8e09	c.sub	x12,x10	 x12:0x00000000 x10:0x00000000 x12=0x00000000
       53615000	      5262	80005ca6	62c9	c.lui	x5,0x12	  x5=0x00012000
       53625000	      5263	80005ca8	417959b3	sra	x19,x18,x23	 x18:0xffffffff x23:0x00000000 x19=0xffffffff
       53635000	      5264	80005cac	eb09	c.bnez	x14,80005cbe	 x14:0x00000320
       53665000	      5267	80005cbe	015f7db3	and	x27,x30,x21	 x30:0x9b4591b7 x21:0xffffffff x27=0x9b4591b7
       53675000	      5268	80005cc2	018c9e93	slli	x29,x25,0x18	 x25:0x64ba6a2d x29=0x2d000000
       53685000	      5269	80005cc6	8c8d	c.sub	x9,x11	  x9:0x0000001c x11:0x80021e64  x9=0x7ffde1b8
       53695000	      5270	80005cc8	036d	c.addi	x6,27	  x6:0xe6a00000  x6=0xe6a0001b
       53705000	      5271	80005cca	e391	c.bnez	x15,80005cce	 x15:0x00000000
       53715000	      5272	80005ccc	8f31	c.xor	x14,x12	 x14:0x00000320 x12:0x00000000 x14=0x00000320
       54085000	      5309	80005cce	031e7033	remu	x0,x28,x17	 x28:0x00000000 x17:0x00000001  x0=0x00000000
       54095000	      5310	80005cd2	01acd733	srl	x14,x25,x26	 x25:0x64ba6a2d x26:0x00000020 x14=0x64ba6a2d
       54105000	      5311	80005cd6	416ed233	sra	x4,x29,x22	 x29:0x2d000000 x22:0x00000000  x4=0x2d000000
       54115000	      5312	80005cda	01bf5493	srli	x9,x30,0x1b	 x30:0x9b4591b7  x9=0x00000013
       54125000	      5313	80005cde	066e	c.slli	x12,0x1b	 x12:0x00000000 x12=0x00000000
       54135000	      5314	80005ce0	87d1	c.srai	x15,0x14	 x15:0x00000000 x15=0x00000000
       54165000	      5317	80005ce2	023109b3	mul	x19,x2,x3	  x2:0x00000300  x3:0x7e13b6e0 x19=0x3b24a000
       54175000	      5318	80005ce6	00615c13	srli	x24,x2,0x6	  x2:0x00000300 x24=0x0000000c
       54185000	      5319	80005cea	41f2dbb3	sra	x23,x5,x31	  x5:0x00012000 x31:0xffffffff x23=0x00000000
       54195000	      5320	80005cee	575aa837	lui	x16,0x575aa	 x16=0x575aa000
       54205000	      5321	80005cf2	63fd2413	slti	x8,x26,1599	 x26:0x00000020  x8=0x00000001
       54215000	      5322	80005cf6	00825b63	bge	x4,x8,80005d0c	  x4:0x2d000000  x8:0x00000001
       54235000	      5324	80005d0c	88b1	c.andi	x9,12	  x9:0x00000013  x9=0x00000000
       54245000	      5325	80005d0e	01b202b3	add	x5,x4,x27	  x4:0x2d000000 x27:0x9b4591b7  x5=0xc84591b7
       54255000	      5326	80005d12	8625	c.srai	x12,0x9	 x12:0x00000000 x12=0x00000000
       54625000	      5363	80005d14	023f5b33	divu	x22,x30,x3	 x30:0x9b4591b7  x3:0x7e13b6e0 x22=0x00000001
       54635000	      5364	80005d18	17fd	c.addi	x15,-1	 x15:0x00000000 x15=0xffffffff
       54675000	      5368	80005d1a	024f3db3	mulhu	x27,x30,x4	 x30:0x9b4591b7  x4:0x2d000000 x27=0x1b4b3a9d
       54685000	      5369	80005d1e	0067d713	srli	x14,x15,0x6	 x15:0xffffffff x14=0x03ffffff
       54725000	      5373	80005d22	03b5b533	mulhu	x10,x11,x27	 x11:0x80021e64 x27:0x1b4b3a9d x10=0x0da5d722
       54735000	      5374	80005d26	98fd	c.andi	x9,-1	  x9:0x00000000  x9=0x00000000
       54745000	      5375	80005d28	4d8e7993	andi	x19,x28,1240	 x28:0x00000000 x19=0x00000000
       54755000	      5376	80005d2c	41195813	srai	x16,x18,0x11	 x18:0xffffffff x16=0xffffffff
       54765000	      5377	80005d30	0129c933	xor	x18,x19,x18	 x19:0x00000000 x18:0xffffffff x18=0xffffffff
       54775000	      5378	80005d34	019d1bb3	sll	x23,x26,x25	 x26:0x00000020 x25:0x64ba6a2d x23=0x00040000
       54785000	      5379	80005d38	00659433	sll	x8,x11,x6	 x11:0x80021e64  x6:0xe6a0001b  x8=0x20000000
       54795000	      5380	80005d3c	4d43a893	slti	x17,x7,1236	  x7:0x00000000 x17=0x00000001
       54805000	      5381	80005d40	1291b413	sltiu	x8,x3,297	  x3:0x7e13b6e0  x8=0x00000000
       54815000	      5382	80005d44	8805	c.andi	x8,1	  x8:0x00000000  x8=0x00000000
       54825000	      5383	80005d46	02ac5b63	bge	x24,x10,80005d7c	 x24:0x0000000c x10:0x0da5d722
       54835000	      5384	80005d4a	c48d	c.beqz	x9,80005d74	  x9:0x00000000
       54855000	      5386	80005d74	ae3f8d93	addi	x27,x31,-1309	 x31:0xffffffff x27=0xfffffae2
       54865000	      5387	80005d78	03b3ff63	bgeu	x7,x27,80005db6	  x7:0x00000000 x27:0xfffffae2
       54875000	      5388	80005d7c	717d	c.addi16sp	x2,-16	  x2:0x00000300  x2=0x000002f0
       55245000	      5425	80005d7e	0378f733	remu	x14,x17,x23	 x17:0x00000001 x23:0x00040000 x14=0x00000001
       55255000	      5426	80005d82	01d632b3	sltu	x5,x12,x29	 x12:0x00000000 x29:0x2d000000  x5=0x00000001
       55265000	      5427	80005d86	44f1	c.li	x9,28	  x9=0x0000001c
       55275000	      5428	80005d88	92ed4917	auipc	x18,0x92ed4	 x18=0x12ed9d88
       55285000	      5429	80005d8c	8746	c.mv	x14,x17	  x0:0x00000000 x17:0x00000001 x14=0x00000001
       55295000	      5430	80005d8e	41178c33	sub	x24,x15,x17	 x15:0xffffffff x17:0x00000001 x24=0xfffffffe
       55305000	      5431	80005d92	e8243a13	sltiu	x20,x8,-382	  x8:0x00000000 x20=0x00000001
       55315000	      5432	80005d96	a0c24bb7	lui	x23,0xa0c24	 x23=0xa0c24000
       55325000	      5433	80005d9a	0001	c.addi	x0,0	  x0:0x00000000  x0=0x00000000
       55335000	      5434	80005d9c	c339	c.beqz	x14,80005de2	 x14:0x00000001
       55345000	      5435	80005d9e	87d6ba93	sltiu	x21,x13,-1923	 x13:0x80025ce4 x21=0x00000001
       55355000	      5436	80005da2	e2e48913	addi	x18,x9,-466	  x9:0x0000001c x18=0xfffffe4a
       55365000	      5437	80005da6	61b3c493	xori	x9,x7,1563	  x7:0x00000000  x9=0x0000061b
       55375000	      5438	80005daa	01052e33	slt	x28,x10,x16	 x10:0x0da5d722 x16:0xffffffff x28=0x00000000
       55385000	      5439	80005dae	d2003a93	sltiu	x21,x0,-736	  x0:0x00000000 x21=0x00000001
       55755000	      5476	80005db2	03e7cd33	div	x26,x15,x30	 x15:0xffffffff x30:0x9b4591b7 x26=0x00000000
       55765000	      5477	80005db6	033cc763	blt	x25,x19,80005de4	 x25:0x64ba6a2d x19:0x00000000
       55775000	      5478	80005dba	03334d63	blt	x6,x19,80005df4	  x6:0xe6a0001b x19:0x00000000
       55795000	      5480	80005df4	01658a33	add	x20,x11,x22	 x11:0x80021e64 x22:0x00000001 x20=0x80021e65
       55805000	      5481	80005df8	01360a63	beq	x12,x19,80005e0c	 x12:0x00000000 x19:0x00000000
       55825000	      5483	80005e0c	02a3d863	bge	x7,x10,80005e3c	  x7:0x00000000 x10:0x0da5d722
       55835000	      5484	80005e10	8d5d	c.or	x10,x15	 x10:0x0da5d722 x15:0xffffffff x10=0xffffffff
       55845000	      5485	80005e12	50d47b13	andi	x22,x8,1293	  x8:0x00000000 x22=0x00000000
       55855000	      5486	80005e16	c60d	c.beqz	x12,80005e40	 x12:0x00000000
       55875000	      5488	80005e40	e8218013	addi	x0,x3,-382	  x3:0x7e13b6e0  x0=0x00000000
       55885000	      5489	80005e44	ec1d	c.bnez	x8,80005e82	  x8:0x00000000
       55905000	      5491	80005e46	02cee8b3	rem	x17,x29,x12	 x29:0x2d000000 x12:0x00000000 x17=0x2d000000
       55915000	      5492	80005e4a	0379fe63	bgeu	x19,x23,80005e86	 x19:0x00000000 x23:0xa0c24000
       55925000	      5493	80005e4e	001a9533	sll	x10,x21,x1	 x21:0x00000001  x1:0x7e13b6e0 x10=0x00000001
       55935000	      5494	80005e52	01005763	bge	x0,x16,80005e60	  x0:0x00000000 x16:0xffffffff
       55955000	      5496	80005e60	00d65c63	bge	x12,x13,80005e78	 x12:0x00000000 x13:0x80025ce4
       55975000	      5498	80005e78	0c9d	c.addi	x25,7	 x25:0x64ba6a2d x25=0x64ba6a34
       56015000	      5502	80005e7a	023eba33	mulhu	x20,x29,x3	 x29:0x2d000000  x3:0x7e13b6e0 x20=0x16297725
       56025000	      5503	80005e7e	4118d313	srai	x6,x17,0x11	 x17:0x2d000000  x6=0x00001680
       56035000	      5504	80005e82	c82c6e93	ori	x29,x24,-894	 x24:0xfffffffe x29=0xfffffffe
       56045000	      5505	80005e86	00af2bb3	slt	x23,x30,x10	 x30:0x9b4591b7 x10:0x00000001 x23=0x00000001
       56055000	      5506	80005e8a	02170c63	beq	x14,x1,80005ec2	 x14:0x00000001  x1:0x7e13b6e0
       56065000	      5507	80005e8e	012a30b3	sltu	x1,x20,x18	 x20:0x16297725 x18:0xfffffe4a  x1=0x00000001
       56075000	      5508	80005e92	005b9eb3	sll	x29,x23,x5	 x23:0x00000001  x5:0x00000001 x29=0x00000002
       56085000	      5509	80005e96	0001	c.addi	x0,0	  x0:0x00000000  x0=0x00000000
       56095000	      5510	80005e98	ce0d	c.beqz	x12,80005ed2	 x12:0x00000000
       56115000	      5512	80005ed2	8619	c.srai	x12,0x6	 x12:0x00000000 x12=0x00000000
       56125000	      5513	80005ed4	00ec1193	slli	x3,x24,0xe	 x24:0xfffffffe  x3=0xffff8000
       56135000	      5514	80005ed8	0ffe6993	ori	x19,x28,255	 x28:0x00000000 x19=0x000000ff
       56175000	      5518	80005edc	033992b3	mulh	x5,x19,x19	 x19:0x000000ff x19:0x000000ff  x5=0x00000000
       56185000	      5519	80005ee0	70177817	auipc	x16,0x70177	 x16=0xf017cee0
       56195000	      5520	80005ee4	0001	c.addi	x0,0	  x0:0x00000000  x0=0x00000000
       56205000	      5521	80005ee6	8221	c.srli	x12,0x8	 x12:0x00000000 x12=0x00000000
       56575000	      5558	80005ee8	02166833	rem	x16,x12,x1	 x12:0x00000000  x1:0x00000001 x16=0x00000000
       56585000	      5559	80005eec	8886	c.mv	x17,x1	  x0:0x00000000  x1:0x00000001 x17=0x00000001
       56595000	      5560	80005eee	8e69	c.and	x12,x10	 x12:0x00000000 x10:0x00000001 x12=0x00000000
       56605000	      5561	80005ef0	8b49	c.andi	x14,18	 x14:0x00000001 x14=0x00000000
       56645000	      5565	80005ef2	03349c33	mulh	x24,x9,x19	  x9:0x0000061b x19:0x000000ff x24=0x00000000
       56655000	      5566	80005ef6	00a29eb3	sll	x29,x5,x10	  x5:0x00000000 x10:0x00000001 x29=0x00000000
       56665000	      5567	80005efa	04661163	bne	x12,x6,80005f3c	 x12:0x00000000  x6:0x00001680
       56685000	      5569	80005f3c	01078b33	add	x22,x15,x16	 x15:0xffffffff x16:0x00000000 x22=0xffffffff
       56695000	      5570	80005f40	009c5813	srli	x16,x24,0x9	 x24:0x00000000 x16=0x00000000
       56705000	      5571	80005f44	41d0d0b3	sra	x1,x1,x29	  x1:0x00000001 x29:0x00000000  x1=0x00000001
       56715000	      5572	80005f48	0088c333	xor	x6,x17,x8	 x17:0x00000001  x8:0x00000000  x6=0x00000001
       56725000	      5573	80005f4c	02688963	beq	x17,x6,80005f7e	 x17:0x00000001  x6:0x00000001
       56755000	      5576	80005f7e	015edf33	srl	x30,x29,x21	 x29:0x00000000 x21:0x00000001 x30=0x00000000
       56765000	      5577	80005f82	014b2ab3	slt	x21,x22,x20	 x22:0xffffffff x20:0x16297725 x21=0x00000001
       57135000	      5614	80005f86	02225533	divu	x10,x4,x2	  x4:0x2d000000  x2:0x000002f0 x10=0x000f51b3
       57145000	      5615	80005f8a	5f264413	xori	x8,x12,1522	 x12:0x00000000  x8=0x000005f2
       57155000	      5616	80005f8e	57a92b13	slti	x22,x18,1402	 x18:0xfffffe4a x22=0x00000001
       57165000	      5617	80005f92	6ac5	c.lui	x21,0x11	 x21=0x00011000
       57175000	      5618	80005f94	8ba2	c.mv	x23,x8	  x0:0x00000000  x8:0x000005f2 x23=0x000005f2
       57185000	      5619	80005f96	0c0e	c.slli	x24,0x3	 x24:0x00000000 x24=0x00000000
       57195000	      5620	80005f98	6b29	c.lui	x22,0xa	 x22=0x0000a000
       57205000	      5621	80005f9a	00a11993	slli	x19,x2,0xa	  x2:0x000002f0 x19=0x000bc000
       57215000	      5622	80005f9e	717d	c.addi16sp	x2,-16	  x2:0x000002f0  x2=0x000002e0
       57225000	      5623	80005fa0	01577233	and	x4,x14,x21	 x14:0x00000000 x21:0x00011000  x4=0x00000000
       57235000	      5624	80005fa4	8f01	c.sub	x14,x8	 x14:0x00000000  x8:0x000005f2 x14=0xfffffa0e
       57245000	      5625	80005fa6	6fa5	c.lui	x31,0x9	 x31=0x00009000
       57255000	      5626	80005fa8	01759a13	slli	x20,x11,0x17	 x11:0x80021e64 x20=0x32000000
       57265000	      5627	80005fac	8ff1	c.and	x15,x12	 x15:0xffffffff x12:0x00000000 x15=0x00000000
       57275000	      5628	80005fae	8d79	c.and	x10,x14	 x10:0x000f51b3 x14:0xfffffa0e x10=0x000f5002
       57315000	      5632	80005fb0	021eabb3	mulhsu	x23,x29,x1	 x29:0x00000000  x1:0x00000001 x23=0x00000000
       57325000	      5633	80005fb4	006f5133	srl	x2,x30,x6	 x30:0x00000000  x6:0x00000001  x2=0x00000000
       57335000	      5634	80005fb8	0001	c.addi	x0,0	  x0:0x00000000  x0=0x00000000
       57345000	      5635	80005fba	8f49	c.or	x14,x10	 x14:0xfffffa0e x10:0x000f5002 x14=0xfffffa0e
       57355000	      5636	80005fbc	e411	c.bnez	x8,80005fc8	  x8:0x000005f2
       57375000	      5638	80005fc8	8511	c.srai	x10,0x4	 x10:0x000f5002 x10=0x0000f500
       57385000	      5639	80005fca	081c	c.addi4spn	x15,x2,16	 x15=0x00000010
       57395000	      5640	80005fcc	8ca6	c.mv	x25,x9	  x0:0x00000000  x9:0x0000061b x25=0x0000061b
       57405000	      5641	80005fce	01444933	xor	x18,x8,x20	  x8:0x000005f2 x20:0x32000000 x18=0x320005f2
       57415000	      5642	80005fd2	40dd59b3	sra	x19,x26,x13	 x26:0x00000000 x13:0x80025ce4 x19=0x00000000
       57425000	      5643	80005fd6	34415e17	auipc	x28,0x34415	 x28=0xb441afd6
       57435000	      5644	80005fda	00a3a033	slt	x0,x7,x10	  x7:0x00000000 x10:0x0000f500  x0=0x00000000
       57445000	      5645	80005fde	9bba	c.add	x23,x14	 x23:0x00000000 x14:0xfffffa0e x23=0xfffffa0e
       57455000	      5646	80005fe0	00ba8463	beq	x21,x11,80005fe8	 x21:0x00011000 x11:0x80021e64
       57465000	      5647	80005fe4	01241213	slli	x4,x8,0x12	  x8:0x000005f2  x4=0x17c80000
       57475000	      5648	80005fe8	3c1cc513	xori	x10,x25,961	 x25:0x0000061b x10=0x000005da
       57485000	      5649	80005fec	8c7d	c.and	x8,x15	  x8:0x000005f2 x15:0x00000010  x8=0x00000010
       57495000	      5650	80005fee	0ff0000f	fence	iorw,iorw	
       57505000	      5651	80005ff2	037fcc63	blt	x31,x23,8000602a	 x31:0x00009000 x23:0xfffffa0e
       57525000	      5653	80005ff6	03024533	div	x10,x4,x16	  x4:0x17c80000 x16:0x00000000 x10=0xffffffff
       57535000	      5654	80005ffa	8d61	c.and	x10,x8	 x10:0xffffffff  x8:0x00000010 x10=0x00000010
       57545000	      5655	80005ffc	00f9d433	srl	x8,x19,x15	 x19:0x00000000 x15:0x00000010  x8=0x00000000
       57555000	      5656	80006000	00820cb3	add	x25,x4,x8	  x4:0x17c80000  x8:0x00000000 x25=0x17c80000
       57565000	      5657	80006004	8ced	c.and	x9,x11	  x9:0x0000061b x11:0x80021e64  x9=0x00000600
       57575000	      5658	80006006	4a1fb313	sltiu	x6,x31,1185	 x31:0x00009000  x6=0x00000000
       57585000	      5659	8000600a	1a7d	c.addi	x20,-1	 x20:0x32000000 x20=0x31ffffff
       57595000	      5660	8000600c	0001	c.addi	x0,0	  x0:0x00000000  x0=0x00000000
       57605000	      5661	8000600e	41448fb3	sub	x31,x9,x20	  x9:0x00000600 x20:0x31ffffff x31=0xce000601
       57615000	      5662	80006012	004439b3	sltu	x19,x8,x4	  x8:0x00000000  x4:0x17c80000 x19=0x00000001
       57625000	      5663	80006016	0000100f	fence.i	
       57655000	      5666	8000601a	01129833	sll	x16,x5,x17	  x5:0x00000000 x17:0x00000001 x16=0x00000000
       57665000	      5667	8000601e	41c44c93	xori	x25,x8,1052	  x8:0x00000000 x25=0x0000041c
       57675000	      5668	80006022	ffc4a837	lui	x16,0xffc4a	 x16=0xffc4a000
       58045000	      5705	80006026	02a65ab3	divu	x21,x12,x10	 x12:0x00000000 x10:0x00000010 x21=0x00000000
       58415000	      5742	8000602a	0329d633	divu	x12,x19,x18	 x19:0x00000001 x18:0x320005f2 x12=0x00000000
       58425000	      5743	8000602e	0001	c.addi	x0,0	  x0:0x00000000  x0=0x00000000
       58435000	      5744	80006030	40000eb3	sub	x29,x0,x0	  x0:0x00000000  x0:0x00000000 x29=0x00000000
       58445000	      5745	80006034	0001	c.addi	x0,0	  x0:0x00000000  x0=0x00000000
       58455000	      5746	80006036	b3e4e793	ori	x15,x9,-1218	  x9:0x00000600 x15=0xffffff3e
       58465000	      5747	8000603a	013cf333	and	x6,x25,x19	 x25:0x0000041c x19:0x00000001  x6=0x00000000
       58475000	      5748	8000603e	23124e93	xori	x29,x4,561	  x4:0x17c80000 x29=0x17c80231
       58845000	      5785	80006042	039afcb3	remu	x25,x21,x25	 x21:0x00000000 x25:0x0000041c x25=0x00000000
       58855000	      5786	80006046	ee1d	c.bnez	x12,80006084	 x12:0x00000000
       58875000	      5788	80006048	03ee64b3	rem	x9,x28,x30	 x28:0xb441afd6 x30:0x00000000  x9=0xb441afd6
       58885000	      5789	8000604c	8e01	c.sub	x12,x8	 x12:0x00000000  x8:0x00000000 x12=0x00000000
       58895000	      5790	8000604e	0000100f	fence.i	
       58915000	      5792	80006052	817e	c.mv	x2,x31	  x0:0x00000000 x31:0xce000601  x2=0xce000601
       58925000	      5793	80006054	003a9b93	slli	x23,x21,0x3	 x21:0x00000000 x23=0x00000000
       58935000	      5794	80006058	60713a93	sltiu	x21,x2,1543	  x2:0xce000601 x21=0x00000000
       58945000	      5795	8000605c	01c8cc63	blt	x17,x28,80006074	 x17:0x00000001 x28:0xb441afd6
       59315000	      5832	80006060	021e7733	remu	x14,x28,x1	 x28:0xb441afd6  x1:0x00000001 x14=0x00000000
       59325000	      5833	80006064	8719	c.srai	x14,0x6	 x14:0x00000000 x14=0x00000000
       59335000	      5834	80006066	301f7813	andi	x16,x30,769	 x30:0x00000000 x16=0x00000000
       59345000	      5835	8000606a	8e3d	c.xor	x12,x15	 x12:0x00000000 x15:0xffffff3e x12=0xffffff3e
       59355000	      5836	8000606c	019749b3	xor	x19,x14,x25	 x14:0x00000000 x25:0x00000000 x19=0x00000000
       59725000	      5873	80006070	03b6c633	div	x12,x13,x27	 x13:0x80025ce4 x27:0xfffffae2 x12=0x0019030e
       59735000	      5874	80006074	01eb8e63	beq	x23,x30,80006090	 x23:0x00000000 x30:0x00000000
       59755000	      5876	80006090	4306be37	lui	x28,0x4306b	 x28=0x4306b000
       59795000	      5880	80006094	02beaf33	mulhsu	x30,x29,x11	 x29:0x17c80231 x11:0x80021e64 x30=0x0be4337b
       59805000	      5881	80006098	589c6e13	ori	x28,x24,1417	 x24:0x00000000 x28=0x00000589
       59845000	      5885	8000609c	0230bcb3	mulhu	x25,x1,x3	  x1:0x00000001  x3:0xffff8000 x25=0x00000000
       59855000	      5886	800060a0	cc95	c.beqz	x9,800060dc	  x9:0xb441afd6
       59865000	      5887	800060a2	c89d	c.beqz	x9,800060d8	  x9:0xb441afd6
       60235000	      5924	800060a4	02b260b3	rem	x1,x4,x11	  x4:0x17c80000 x11:0x80021e64  x1=0x17c80000
       60245000	      5925	800060a8	8049	c.srli	x8,0x12	  x8:0x00000000  x8=0x00000000
       60255000	      5926	800060aa	6529	c.lui	x10,0xa	 x10=0x0000a000
       60265000	      5927	800060ac	40175b93	srai	x23,x14,0x1	 x14:0x00000000 x23=0x00000000
       60295000	      5930	800060b0	03620633	mul	x12,x4,x22	  x4:0x17c80000 x22:0x0000a000 x12=0x00000000
       60315000	      5932	800060b4	0350ea33	rem	x20,x1,x21	  x1:0x17c80000 x21:0x00000000 x20=0x17c80000
       60325000	      5933	800060b8	03f3e863	bltu	x7,x31,800060e8	  x7:0x00000000 x31:0xce000601
       60345000	      5935	800060e8	98f8e7b7	lui	x15,0x98f8e	 x15=0x98f8e000
       60355000	      5936	800060ec	03397a63	bgeu	x18,x19,80006120	 x18:0x320005f2 x19:0x00000000
       60375000	      5938	80006120	1af4c017	auipc	x0,0x1af4c	  x0=0x00000000
       60385000	      5939	80006124	0001	c.addi	x0,0	  x0:0x00000000  x0=0x00000000
       60395000	      5940	80006126	5bfd	c.li	x23,-1	 x23=0xffffffff
       60405000	      5941	80006128	0ff0000f	fence	iorw,iorw	
       60415000	      5942	8000612c	018cde33	srl	x28,x25,x24	 x25:0x00000000 x24:0x00000000 x28=0x00000000
       60425000	      5943	80006130	00139863	bne	x7,x1,80006140	  x7:0x00000000  x1:0x17c80000
       60445000	      5945	80006140	0a5a	c.slli	x20,0x16	 x20:0x17c80000 x20=0x00000000
       60455000	      5946	80006142	0001	c.addi	x0,0	  x0:0x00000000  x0=0x00000000
       60465000	      5947	80006144	00b9	c.addi	x1,14	  x1:0x17c80000  x1=0x17c8000e
       60475000	      5948	80006146	00f75233	srl	x4,x14,x15	 x14:0x00000000 x15:0x98f8e000  x4=0x00000000
       60485000	      5949	8000614a	c319	c.beqz	x14,80006150	 x14:0x00000000
       60505000	      5951	80006150	41348733	sub	x14,x9,x19	  x9:0xb441afd6 x19:0x00000000 x14=0xb441afd6
       60515000	      5952	80006154	03dc9f63	bne	x25,x29,80006192	 x25:0x00000000 x29:0x17c80231
       60545000	      5955	80006192	01536833	or	x16,x6,x21	  x6:0x00000000 x21:0x00000000 x16=0x00000000
       60555000	      5956	80006196	8e61	c.and	x12,x8	 x12:0x00000000  x8:0x00000000 x12=0x00000000
       60595000	      5960	80006198	02673333	mulhu	x6,x14,x6	 x14:0xb441afd6  x6:0x00000000  x6=0x00000000
       60605000	      5961	8000619c	83c5	c.srli	x15,0x11	 x15:0x98f8e000 x15=0x00004c7c
       60975000	      5998	8000619e	037e5033	divu	x0,x28,x23	 x28:0x00000000 x23:0xffffffff  x0=0x00000000
       60985000	      5999	800061a2	18836e97	auipc	x29,0x18836	 x29=0x9883c1a2
       61005000	      6001	800061a6	026a4eb3	div	x29,x20,x6	 x20:0x00000000  x6:0x00000000 x29=0xffffffff
       61015000	      6002	800061aa	efd72193	slti	x3,x14,-259	 x14:0xb441afd6  x3=0x00000001
       61025000	      6003	800061ae	0359fe63	bgeu	x19,x21,800061ea	 x19:0x00000000 x21:0x00000000
       61055000	      6006	800061ea	5cd3ca13	xori	x20,x7,1485	  x7:0x00000000 x20=0x000005cd
       61065000	      6007	800061ee	62e1	c.lui	x5,0x18	  x5=0x00018000
       61075000	      6008	800061f0	8e31	c.xor	x12,x12	 x12:0x00000000 x12:0x00000000 x12=0x00000000
       61085000	      6009	800061f2	016f5793	srli	x15,x30,0x16	 x30:0x0be4337b x15=0x0000002f
       61095000	      6010	800061f6	917e	c.add	x2,x31	  x2:0xce000601 x31:0xce000601  x2=0x9c000c02
       61105000	      6011	800061f8	0152e833	or	x16,x5,x21	  x5:0x00018000 x21:0x00000000 x16=0x00018000
       61115000	      6012	800061fc	8e5d	c.or	x12,x15	 x12:0x00000000 x15:0x0000002f x12=0x0000002f
       61125000	      6013	800061fe	03de7c63	bgeu	x28,x29,80006236	 x28:0x00000000 x29:0xffffffff
       61495000	      6050	80006202	032afdb3	remu	x27,x21,x18	 x21:0x00000000 x18:0x320005f2 x27=0x00000000
       61505000	      6051	80006206	40ce0eb3	sub	x29,x28,x12	 x28:0x00000000 x12:0x0000002f x29=0xffffffd1
       61515000	      6052	8000620a	0398	c.addi4spn	x14,x2,448	 x14=0x9c000dc2
       61525000	      6053	8000620c	0435	c.addi	x8,13	  x8:0x00000000  x8=0x0000000d
       61535000	      6054	8000620e	044bf163	bgeu	x23,x4,80006250	 x23:0xffffffff  x4:0x00000000
       61555000	      6056	80006250	0001	c.addi	x0,0	  x0:0x00000000  x0=0x00000000
       61565000	      6057	80006252	f73e4a93	xori	x21,x28,-141	 x28:0x00000000 x21=0xffffff73
       61575000	      6058	80006256	0062ea33	or	x20,x5,x6	  x5:0x00018000  x6:0x00000000 x20=0x00018000
       61585000	      6059	8000625a	02297b63	bgeu	x18,x2,80006290	 x18:0x320005f2  x2:0x9c000c02
       61615000	      6062	8000625e	027b0933	mul	x18,x22,x7	 x22:0x0000a000  x7:0x00000000 x18=0x00000000
       61655000	      6066	80006262	02aea433	mulhsu	x8,x29,x10	 x29:0xffffffd1 x10:0x0000a000  x8=0xffffffff
       61665000	      6067	80006266	8c25	c.xor	x8,x9	  x8:0xffffffff  x9:0xb441afd6  x8=0x4bbe5029
       61675000	      6068	80006268	83a5	c.srli	x15,0x9	 x15:0x0000002f x15=0x00000000
       61685000	      6069	8000626a	0001	c.addi	x0,0	  x0:0x00000000  x0=0x00000000
       61695000	      6070	8000626c	043a	c.slli	x8,0xe	  x8:0x4bbe5029  x8=0x940a4000
       62065000	      6107	8000626e	031ac533	div	x10,x21,x17	 x21:0xffffff73 x17:0x00000001 x10=0xffffff73
       62075000	      6108	80006272	698d6213	ori	x4,x26,1688	 x26:0x00000000  x4=0x00000698
       62085000	      6109	80006276	0001	c.addi	x0,0	  x0:0x00000000  x0=0x00000000
       62095000	      6110	80006278	9c92	c.add	x25,x4	 x25:0x00000000  x4:0x00000698 x25=0x00000698
       62105000	      6111	8000627a	3e883613	sltiu	x12,x16,1000	 x16:0x00018000 x12=0x00000000
       62115000	      6112	8000627e	8c89	c.sub	x9,x10	  x9:0xb441afd6 x10:0xffffff73  x9=0xb441b063
       62125000	      6113	80006280	00659733	sll	x14,x11,x6	 x11:0x80021e64  x6:0x00000000 x14=0x80021e64
       62135000	      6114	80006284	031a8c63	beq	x21,x17,800062bc	 x21:0xffffff73 x17:0x00000001
       62145000	      6115	80006288	ce19	c.beqz	x12,800062a6	 x12:0x00000000
       62205000	      6121	800062a6	035fac33	mulhsu	x24,x31,x21	 x31:0xce000601 x21:0xffffff73 x24=0xce00061c
       62215000	      6122	800062aa	f77bc193	xori	x3,x23,-137	 x23:0xffffffff  x3=0x00000088
       62225000	      6123	800062ae	03075a63	bge	x14,x16,800062e2	 x14:0x80021e64 x16:0x00018000
       62235000	      6124	800062b2	41a45813	srai	x16,x8,0x1a	  x8:0x940a4000 x16=0xffffffe5
       62245000	      6125	800062b6	161c	c.addi4spn	x15,x2,800	 x15=0x9c000f22
       62255000	      6126	800062b8	00cfd193	srli	x3,x31,0xc	 x31:0xce000601  x3=0x000ce000
       62285000	      6129	800062bc	03198233	mul	x4,x19,x17	 x19:0x00000000 x17:0x00000001  x4=0x00000000
       62295000	      6130	800062c0	8f4d	c.or	x14,x11	 x14:0x80021e64 x11:0x80021e64 x14=0x80021e64
       62305000	      6131	800062c2	0001	c.addi	x0,0	  x0:0x00000000  x0=0x00000000
       62315000	      6132	800062c4	717d	c.addi16sp	x2,-16	  x2:0x9c000c02  x2=0x9c000bf2
       62325000	      6133	800062c6	8c75	c.and	x8,x13	  x8:0x940a4000 x13:0x80025ce4  x8=0x80024000
       62335000	      6134	800062c8	0918	c.addi4spn	x14,x2,144	 x14=0x9c000c82
       62375000	      6138	800062ca	02059033	mulh	x0,x11,x0	 x11:0x80021e64  x0:0x00000000  x0=0x00000000
       62385000	      6139	800062ce	006e7f33	and	x30,x28,x6	 x28:0x00000000  x6:0x00000000 x30=0x00000000
       62395000	      6140	800062d2	001f48b3	xor	x17,x30,x1	 x30:0x00000000  x1:0x17c8000e x17=0x17c8000e
       62405000	      6141	800062d6	02b9c663	blt	x19,x11,80006302	 x19:0x00000000 x11:0x80021e64
       62415000	      6142	800062da	9bc2	c.add	x23,x16	 x23:0xffffffff x16:0xffffffe5 x23=0xffffffe4
       62425000	      6143	800062dc	8075	c.srli	x8,0x1d	  x8:0x80024000  x8=0x00000004
       62435000	      6144	800062de	ef81	c.bnez	x15,800062f6	 x15:0x9c000f22
       62485000	      6149	800062f6	03698c33	mul	x24,x19,x22	 x19:0x00000000 x22:0x0000a000 x24=0x00000000
       62495000	      6150	800062fa	00bb81b3	add	x3,x23,x11	 x23:0xffffffe4 x11:0x80021e64  x3=0x80021e48
       62505000	      6151	800062fe	409a8fb3	sub	x31,x21,x9	 x21:0xffffff73  x9:0xb441b063 x31=0x4bbe4f10
       62515000	      6152	80006302	88ee	c.mv	x17,x27	  x0:0x00000000 x27:0x00000000 x17=0x00000000
       62545000	      6155	80006304	02b88db3	mul	x27,x17,x11	 x17:0x00000000 x11:0x80021e64 x27=0x00000000
       62585000	      6159	80006308	026a91b3	mulh	x3,x21,x6	 x21:0xffffff73  x6:0x00000000  x3=0x00000000
       62595000	      6160	8000630c	66cb8413	addi	x8,x23,1644	 x23:0xffffffe4  x8=0x00000650
       62605000	      6161	80006310	01c368b3	or	x17,x6,x28	  x6:0x00000000 x28:0x00000000 x17=0x00000000
       62615000	      6162	80006314	cc05	c.beqz	x8,8000634c	  x8:0x00000650
       62625000	      6163	80006316	403a8fb3	sub	x31,x21,x3	 x21:0xffffff73  x3:0x00000000 x31=0xffffff73
       62635000	      6164	8000631a	8275	c.srli	x12,0x1d	 x12:0x00000000 x12=0x00000000
       62645000	      6165	8000631c	0bda	c.slli	x23,0x16	 x23:0xffffffe4 x23=0xf9000000
       62655000	      6166	8000631e	01c6c2b3	xor	x5,x13,x28	 x13:0x80025ce4 x28:0x00000000  x5=0x80025ce4
       62665000	      6167	80006322	69fd	c.lui	x19,0x1f	 x19=0x0001f000
       62675000	      6168	80006324	41ddec13	ori	x24,x27,1053	 x27:0x00000000 x24=0x0000041d
       62685000	      6169	80006328	0001	c.addi	x0,0	  x0:0x00000000  x0=0x00000000
       62695000	      6170	8000632a	003a9513	slli	x10,x21,0x3	 x21:0xffffff73 x10=0xfffffb98
       62705000	      6171	8000632e	03fdc663	blt	x27,x31,8000635a	 x27:0x00000000 x31:0xffffff73
       62715000	      6172	80006332	0130f2b3	and	x5,x1,x19	  x1:0x17c8000e x19:0x0001f000  x5=0x00000000
       62725000	      6173	80006336	8d11	c.sub	x10,x12	 x10:0xfffffb98 x12:0x00000000 x10=0xfffffb98
       62735000	      6174	80006338	0050acb3	slt	x25,x1,x5	  x1:0x17c8000e  x5:0x00000000 x25=0x00000000
       62745000	      6175	8000633c	59d32a37	lui	x20,0x59d32	 x20=0x59d32000
       62755000	      6176	80006340	85120f93	addi	x31,x4,-1967	  x4:0x00000000 x31=0xfffff851
       62765000	      6177	80006344	cb95	c.beqz	x15,80006378	 x15:0x9c000f22
       62775000	      6178	80006346	717d	c.addi16sp	x2,-16	  x2:0x9c000bf2  x2=0x9c000be2
       62785000	      6179	80006348	8419	c.srai	x8,0x6	  x8:0x00000650  x8=0x00000019
       62795000	      6180	8000634a	843d	c.srai	x8,0xf	  x8:0x00000019  x8=0x00000000
       62805000	      6181	8000634c	0001	c.addi	x0,0	  x0:0x00000000  x0=0x00000000
       62815000	      6182	8000634e	ce5cf993	andi	x19,x25,-795	 x25:0x00000000 x19=0x00000000
       62825000	      6183	80006352	006569b3	or	x19,x10,x6	 x10:0xfffffb98  x6:0x00000000 x19=0xfffffb98
       62855000	      6186	80006356	032e0ab3	mul	x21,x28,x18	 x28:0x00000000 x18:0x00000000 x21=0x00000000
       62865000	      6187	8000635a	4469	c.li	x8,26	  x8=0x0000001a
       62875000	      6188	8000635c	879d	c.srai	x15,0x7	 x15:0x9c000f22 x15=0xff38001e
       62905000	      6191	8000635e	03708c33	mul	x24,x1,x23	  x1:0x17c8000e x23:0xf9000000 x24=0x9e000000
       62915000	      6192	80006362	8711	c.srai	x14,0x4	 x14:0x9c000c82 x14=0xf9c000c8
       62925000	      6193	80006364	01557f63	bgeu	x10,x21,80006382	 x10:0xfffffb98 x21:0x00000000
       62955000	      6196	80006382	00d5ce33	xor	x28,x11,x13	 x11:0x80021e64 x13:0x80025ce4 x28=0x00004280
       62965000	      6197	80006386	88ac6613	ori	x12,x24,-1910	 x24:0x9e000000 x12=0xfffff88a
       62975000	      6198	8000638a	004c21b3	slt	x3,x24,x4	 x24:0x9e000000  x4:0x00000000  x3=0x00000001
       62985000	      6199	8000638e	00495d93	srli	x27,x18,0x4	 x18:0x00000000 x27=0x00000000
       62995000	      6200	80006392	01b51f33	sll	x30,x10,x27	 x10:0xfffffb98 x27:0x00000000 x30=0xfffffb98
       63005000	      6201	80006396	019c9b33	sll	x22,x25,x25	 x25:0x00000000 x25:0x00000000 x22=0x00000000
       63015000	      6202	8000639a	af016413	ori	x8,x2,-1296	  x2:0x9c000be2  x8=0xfffffbf2
       63025000	      6203	8000639e	013b8e63	beq	x23,x19,800063ba	 x23:0xf9000000 x19:0xfffffb98
       63035000	      6204	800063a2	011d9363	bne	x27,x17,800063a8	 x27:0x00000000 x17:0x00000000
       63045000	      6205	800063a6	c511	c.beqz	x10,800063b2	 x10:0xfffffb98
       63055000	      6206	800063a8	0ff0000f	fence	iorw,iorw	
       63065000	      6207	800063ac	9b724293	xori	x5,x4,-1609	  x4:0x00000000  x5=0xfffff9b7
       63075000	      6208	800063b0	1f04	c.addi4spn	x9,x2,944	  x9=0x9c000f92
       63085000	      6209	800063b2	88e1	c.andi	x9,24	  x9:0x9c000f92  x9=0x00000010
       63095000	      6210	800063b4	8d75	c.and	x10,x13	 x10:0xfffffb98 x13:0x80025ce4 x10=0x80025880
       63105000	      6211	800063b6	0197ca63	blt	x15,x25,800063ca	 x15:0xff38001e x25:0x00000000
       63125000	      6213	800063ca	8cd1	c.or	x9,x12	  x9:0x00000010 x12:0xfffff88a  x9=0xfffff89a
       63135000	      6214	800063cc	8a46	c.mv	x20,x17	  x0:0x00000000 x17:0x00000000 x20=0x00000000
       63145000	      6215	800063ce	409400b3	sub	x1,x8,x9	  x8:0xfffffbf2  x9:0xfffff89a  x1=0x00000358
       63155000	      6216	800063d2	8e4d	c.or	x12,x11	 x12:0xfffff88a x11:0x80021e64 x12=0xfffffeee
       63165000	      6217	800063d4	005821b3	slt	x3,x16,x5	 x16:0xffffffe5  x5:0xfffff9b7  x3=0x00000000
       63175000	      6218	800063d8	eb15	c.bnez	x14,8000640c	 x14:0xf9c000c8
       63195000	      6220	8000640c	0061bcb3	sltu	x25,x3,x6	  x3:0x00000000  x6:0x00000000 x25=0x00000000
       63205000	      6221	80006410	9cc8f113	andi	x2,x17,-1588	 x17:0x00000000  x2=0x00000000
       63215000	      6222	80006414	a8fc8797	auipc	x15,0xa8fc8	 x15=0x28fce414
       63225000	      6223	80006418	547d	c.li	x8,-1	  x8=0xffffffff
       63265000	      6227	8000641a	0220bfb3	mulhu	x31,x1,x2	  x1:0x00000358  x2:0x00000000 x31=0x00000000
       63275000	      6228	8000641e	f1aa4437	lui	x8,0xf1aa4	  x8=0xf1aa4000
       63285000	      6229	80006422	8f7d	c.and	x14,x15	 x14:0xf9c000c8 x15:0x28fce414 x14=0x28c00000
       63295000	      6230	80006424	ef098b13	addi	x22,x19,-272	 x19:0xfffffb98 x22=0xfffffa88
       63305000	      6231	80006428	12fd	c.addi	x5,-1	  x5:0xfffff9b7  x5=0xfffff9b6
       63315000	      6232	8000642a	c815	c.beqz	x8,8000645e	  x8:0xf1aa4000
       63325000	      6233	8000642c	008acf33	xor	x30,x21,x8	 x21:0x00000000  x8:0xf1aa4000 x30=0xf1aa4000
       63365000	      6237	80006430	02b12c33	mulhsu	x24,x2,x11	  x2:0x00000000 x11:0x80021e64 x24=0x00000000
       63405000	      6241	80006434	03551cb3	mulh	x25,x10,x21	 x10:0x80025880 x21:0x00000000 x25=0x00000000
       63415000	      6242	80006438	ba6bb837	lui	x16,0xba6bb	 x16=0xba6bb000
       63445000	      6245	8000643c	02dd81b3	mul	x3,x27,x13	 x27:0x00000000 x13:0x80025ce4  x3=0x00000000
       63455000	      6246	80006440	8e4d	c.or	x12,x11	 x12:0xfffffeee x11:0x80021e64 x12=0xfffffeee
       63825000	      6283	80006442	02d34233	div	x4,x6,x13	  x6:0x00000000 x13:0x80025ce4  x4=0x00000000
       63835000	      6284	80006446	8d61	c.and	x10,x8	 x10:0x80025880  x8:0xf1aa4000 x10=0x80024000
       63845000	      6285	80006448	00bce963	bltu	x25,x11,8000645a	 x25:0x00000000 x11:0x80021e64
       63875000	      6288	8000645a	0193be33	sltu	x28,x7,x25	  x7:0x00000000 x25:0x00000000 x28=0x00000000
       63885000	      6289	8000645e	5fcd5f37	lui	x30,0x5fcd5	 x30=0x5fcd5000
       63895000	      6290	80006462	0001	c.addi	x0,0	  x0:0x00000000  x0=0x00000000
       63905000	      6291	80006464	ff889097	auipc	x1,0xff889	  x1=0x7f88f464
       63915000	      6292	80006468	7688cd93	xori	x27,x17,1896	 x17:0x00000000 x27=0x00000768
       63925000	      6293	8000646c	6115	c.addi16sp	x2,288	  x2:0x00000000  x2=0x00000120
       63935000	      6294	8000646e	80c5	c.srli	x9,0x11	  x9:0xfffff89a  x9=0x00007fff
       63945000	      6295	80006470	417bdcb3	sra	x25,x23,x23	 x23:0xf9000000 x23:0xf9000000 x25=0xf9000000
       63955000	      6296	80006474	00335f33	srl	x30,x6,x3	  x6:0x00000000  x3:0x00000000 x30=0x00000000
       63985000	      6299	80006478	03a787b3	mul	x15,x15,x26	 x15:0x28fce414 x26:0x00000000 x15=0x00000000
       63995000	      6300	8000647c	0000100f	fence.i	
       64015000	      6302	80006480	6149	c.addi16sp	x2,144	  x2:0x00000120  x2=0x000001b0
       64385000	      6339	80006482	037254b3	divu	x9,x4,x23	  x4:0x00000000 x23:0xf9000000  x9=0x00000000
       64395000	      6340	80006486	00be1033	sll	x0,x28,x11	 x28:0x00000000 x11:0x80021e64  x0=0x00000000
       64405000	      6341	8000648a	0000100f	fence.i	
       64465000	      6347	8000648e	025eb233	mulhu	x4,x29,x5	 x29:0xffffffd1  x5:0xfffff9b6  x4=0xfffff987
       64835000	      6384	80006492	03befe33	remu	x28,x29,x27	 x29:0xffffffd1 x27:0x00000768 x28=0x000000a1
       64845000	      6385	80006496	03064663	blt	x12,x16,800064c2	 x12:0xfffffeee x16:0xba6bb000
       64855000	      6386	8000649a	8a49	c.andi	x12,18	 x12:0xfffffeee x12=0x00000002
       64865000	      6387	8000649c	0001	c.addi	x0,0	  x0:0x00000000  x0=0x00000000
       64875000	      6388	8000649e	61b1	c.lui	x3,0xc	  x3=0x0000c000
       64885000	      6389	800064a0	8e8bf793	andi	x15,x23,-1816	 x23:0xf9000000 x15=0xf9000000
       64895000	      6390	800064a4	5d7d	c.li	x26,-1	 x26=0xffffffff
       64905000	      6391	800064a6	011d5133	srl	x2,x26,x17	 x26:0xffffffff x17:0x00000000  x2=0xffffffff
       64915000	      6392	800064aa	40278d33	sub	x26,x15,x2	 x15:0xf9000000  x2:0xffffffff x26=0xf9000001
       64925000	      6393	800064ae	0ff0000f	fence	iorw,iorw	
       64935000	      6394	800064b2	83150893	addi	x17,x10,-1999	 x10:0x80024000 x17=0x80023831
       64945000	      6395	800064b6	03d0dd63	bge	x1,x29,800064f0	  x1:0x7f88f464 x29:0xffffffd1
       64965000	      6397	800064f0	717d	c.addi16sp	x2,-16	  x2:0xffffffff  x2=0xffffffef
       64975000	      6398	800064f2	414ad0b3	sra	x1,x21,x20	 x21:0x00000000 x20:0x00000000  x1=0x00000000
       64985000	      6399	800064f6	8c69	c.and	x8,x10	  x8:0xf1aa4000 x10:0x80024000  x8=0x80024000
       64995000	      6400	800064f8	8e49	c.or	x12,x10	 x12:0x00000002 x10:0x80024000 x12=0x80024002
       65005000	      6401	800064fa	0001	c.addi	x0,0	  x0:0x00000000  x0=0x00000000
       65015000	      6402	800064fc	006a5c13	srli	x24,x20,0x6	 x20:0x00000000 x24=0x00000000
       65025000	      6403	80006500	1d7d	c.addi	x26,-1	 x26:0xf9000001 x26=0xf9000000
       65035000	      6404	80006502	8b25	c.andi	x14,9	 x14:0x28c00000 x14=0x00000000
       65055000	      6406	80006504	032efc33	remu	x24,x29,x18	 x29:0xffffffd1 x18:0x00000000 x24=0xffffffd1
       65065000	      6407	80006508	e51f0093	addi	x1,x30,-431	 x30:0x00000000  x1=0xfffffe51
       65075000	      6408	8000650c	10fd	c.addi	x1,-1	  x1:0xfffffe51  x1=0xfffffe50
       65085000	      6409	8000650e	01f1c8b3	xor	x17,x3,x31	  x3:0x0000c000 x31:0x00000000 x17=0x0000c000
       65095000	      6410	80006512	4d65	c.li	x26,25	 x26=0x00000019
       65105000	      6411	80006514	00755f13	srli	x30,x10,0x7	 x10:0x80024000 x30=0x01000480
       65115000	      6412	80006518	8fc1	c.or	x15,x8	 x15:0xf9000000  x8:0x80024000 x15=0xf9024000
       65125000	      6413	8000651a	8559	c.srai	x10,0x16	 x10:0x80024000 x10=0xfffffe00
       65135000	      6414	8000651c	044f9163	bne	x31,x4,8000655e	 x31:0x00000000  x4:0xfffff987
       65155000	      6416	8000655e	6121	c.addi16sp	x2,64	  x2:0xffffffef  x2=0x0000002f
       65165000	      6417	80006560	bb2cf313	andi	x6,x25,-1102	 x25:0xf9000000  x6=0xf9000000
       65175000	      6418	80006564	40fa5733	sra	x14,x20,x15	 x20:0x00000000 x15:0xf9024000 x14=0x00000000
       65185000	      6419	80006568	c40d	c.beqz	x8,80006592	  x8:0x80024000
       65195000	      6420	8000656a	01477f33	and	x30,x14,x20	 x14:0x00000000 x20:0x00000000 x30=0x00000000
       65565000	      6457	8000656e	02a2c4b3	div	x9,x5,x10	  x5:0xfffff9b6 x10:0xfffffe00  x9=0x00000003
       65575000	      6458	80006572	8f99	c.sub	x15,x14	 x15:0xf9024000 x14:0x00000000 x15=0xf9024000
       65585000	      6459	80006574	8b3a	c.mv	x22,x14	  x0:0x00000000 x14:0x00000000 x22=0x00000000
       65955000	      6496	80006576	026572b3	remu	x5,x10,x6	 x10:0xfffffe00  x6:0xf9000000  x5=0x06fffe00
       65965000	      6497	8000657a	00475213	srli	x4,x14,0x4	 x14:0x00000000  x4=0x00000000
       66005000	      6501	8000657e	02d722b3	mulhsu	x5,x14,x13	 x14:0x00000000 x13:0x80025ce4  x5=0x00000000
       66015000	      6502	80006582	00f57833	and	x16,x10,x15	 x10:0xfffffe00 x15:0xf9024000 x16=0xf9024000
       66025000	      6503	80006586	9bfe	c.add	x23,x31	 x23:0xf9000000 x31:0x00000000 x23=0xf9000000
       66035000	      6504	80006588	00a55463	bge	x10,x10,80006590	 x10:0xfffffe00 x10:0xfffffe00
       66055000	      6506	80006590	68f5	c.lui	x17,0x1d	 x17=0x0001d000
       66065000	      6507	80006592	01a24c33	xor	x24,x4,x26	  x4:0x00000000 x26:0x00000019 x24=0x00000019
       66075000	      6508	80006596	8e01	c.sub	x12,x8	 x12:0x80024002  x8:0x80024000 x12=0x00000002
       66085000	      6509	80006598	610d	c.addi16sp	x2,160	  x2:0x0000002f  x2=0x000000cf
       66095000	      6510	8000659a	8021	c.srli	x8,0x8	  x8:0x80024000  x8=0x00800240
       66465000	      6547	8000659c	0233f833	remu	x16,x7,x3	  x7:0x00000000  x3:0x0000c000 x16=0x00000000
       66475000	      6548	800065a0	e3d10093	addi	x1,x2,-451	  x2:0x000000cf  x1=0xffffff0c
       66485000	      6549	800065a4	6f91	c.lui	x31,0x4	 x31=0x00004000
       66525000	      6553	800065a6	02a8a033	mulhsu	x0,x17,x10	 x17:0x0001d000 x10:0xfffffe00  x0=0x00000000
       66535000	      6554	800065aa	412a84b3	sub	x9,x21,x18	 x21:0x00000000 x18:0x00000000  x9=0x00000000
       66545000	      6555	800065ae	0018df93	srli	x31,x17,0x1	 x17:0x0001d000 x31=0x0000e800
       66555000	      6556	800065b2	8d7d	c.and	x10,x15	 x10:0xfffffe00 x15:0xf9024000 x10=0xf9024000
       66565000	      6557	800065b4	003c87b3	add	x15,x25,x3	 x25:0xf9000000  x3:0x0000c000 x15=0xf900c000
       66575000	      6558	800065b8	9476	c.add	x8,x29	  x8:0x00800240 x29:0xffffffd1  x8=0x00800211
       66595000	      6560	800065ba	029de033	rem	x0,x27,x9	 x27:0x00000768  x9:0x00000000  x0=0x00000000
       66605000	      6561	800065be	003fc8b3	xor	x17,x31,x3	 x31:0x0000e800  x3:0x0000c000 x17=0x00002800
       66615000	      6562	800065c2	40c384b3	sub	x9,x7,x12	  x7:0x00000000 x12:0x00000002  x9=0xfffffffe
       66625000	      6563	800065c6	40c704b3	sub	x9,x14,x12	 x14:0x00000000 x12:0x00000002  x9=0xfffffffe
       66635000	      6564	800065ca	52c2e337	lui	x6,0x52c2e	  x6=0x52c2e000
       66645000	      6565	800065ce	b9d27113	andi	x2,x4,-1123	  x4:0x00000000  x2=0x00000000
       66655000	      6566	800065d2	0000100f	fence.i	
       66675000	      6568	800065d6	c419	c.beqz	x8,800065e4	  x8:0x00800211
       66685000	      6569	800065d8	01705e63	bge	x0,x23,800065f4	  x0:0x00000000 x23:0xf9000000
       66705000	      6571	800065f4	93710f37	lui	x30,0x93710	 x30=0x93710000
       66715000	      6572	800065f8	0001	c.addi	x0,0	  x0:0x00000000  x0=0x00000000
       66725000	      6573	800065fa	02b14d63	blt	x2,x11,80006634	  x2:0x00000000 x11:0x80021e64
       66735000	      6574	800065fe	00de12b3	sll	x5,x28,x13	 x28:0x000000a1 x13:0x80025ce4  x5=0x00000a10
       66745000	      6575	80006602	61ccef93	ori	x31,x25,1564	 x25:0xf9000000 x31=0xf900061c
       66755000	      6576	80006606	03efe163	bltu	x31,x30,80006628	 x31:0xf900061c x30:0x93710000
       66765000	      6577	8000660a	0001	c.addi	x0,0	  x0:0x00000000  x0=0x00000000
       66775000	      6578	8000660c	6d75	c.lui	x26,0x1d	 x26=0x0001d000
       66785000	      6579	8000660e	01bb9e33	sll	x28,x23,x27	 x23:0xf9000000 x27:0x00000768 x28=0x00000000
       67155000	      6616	80006612	02947bb3	remu	x23,x8,x9	  x8:0x00800211  x9:0xfffffffe x23=0x00800211
       67165000	      6617	80006616	00d51463	bne	x10,x13,8000661e	 x10:0xf9024000 x13:0x80025ce4
       67185000	      6619	8000661e	8e6d	c.and	x12,x11	 x12:0x00000002 x11:0x80021e64 x12=0x00000000
       67195000	      6620	80006620	717d	c.addi16sp	x2,-16	  x2:0x00000000  x2=0xfffffff0
       67205000	      6621	80006622	8e5d	c.or	x12,x15	 x12:0x00000000 x15:0xf900c000 x12=0xf900c000
       67215000	      6622	80006624	0001	c.addi	x0,0	  x0:0x00000000  x0=0x00000000
       67225000	      6623	80006626	cc8d	c.beqz	x9,80006660	  x9:0xfffffffe
       67235000	      6624	80006628	8d7d	c.and	x10,x15	 x10:0xf9024000 x15:0xf900c000 x10=0xf9004000
       67605000	      6661	8000662a	02b4f733	remu	x14,x9,x11	  x9:0xfffffffe x11:0x80021e64 x14=0x7ffde19a
       67615000	      6662	8000662e	8bca	c.mv	x23,x18	  x0:0x00000000 x18:0x00000000 x23=0x00000000
       67625000	      6663	80006630	4170b013	sltiu	x0,x1,1047	  x1:0xffffff0c  x0=0x00000000
       67635000	      6664	80006634	02384b63	blt	x16,x3,8000666a	 x16:0x00000000  x3:0x0000c000
       67655000	      6666	8000666a	831a	c.mv	x6,x6	  x0:0x00000000  x6:0x52c2e000  x6=0x52c2e000
       67665000	      6667	8000666c	0b90	c.addi4spn	x12,x2,464	 x12=0x000001c0
       67675000	      6668	8000666e	997d	c.andi	x10,-1	 x10:0xf9004000 x10=0xf9004000
       67685000	      6669	80006670	0fa1	c.addi	x31,8	 x31:0xf900061c x31=0xf9000624
       67695000	      6670	80006672	03a9dd63	bge	x19,x26,800066ac	 x19:0xfffffb98 x26:0x0001d000
       67705000	      6671	80006676	ed0d	c.bnez	x10,800066b0	 x10:0xf9004000
       67725000	      6673	800066b0	8f01	c.sub	x14,x8	 x14:0x7ffde19a  x8:0x00800211 x14=0x7f7ddf89
       67735000	      6674	800066b2	0189acb3	slt	x25,x19,x24	 x19:0xfffffb98 x24:0x00000019 x25=0x00000001
       67745000	      6675	800066b6	03890763	beq	x18,x24,800066e4	 x18:0x00000000 x24:0x00000019
       67755000	      6676	800066ba	0001	c.addi	x0,0	  x0:0x00000000  x0=0x00000000
       67765000	      6677	800066bc	5a14c713	xori	x14,x9,1441	  x9:0xfffffffe x14=0xfffffa5f
       67775000	      6678	800066c0	8f31	c.xor	x14,x12	 x14:0xfffffa5f x12:0x000001c0 x14=0xfffffb9f
       67785000	      6679	800066c2	0ba1	c.addi	x23,8	 x23:0x00000000 x23=0x00000008
       67825000	      6683	800066c4	0378a533	mulhsu	x10,x17,x23	 x17:0x00002800 x23:0x00000008 x10=0x00000000
       67835000	      6684	800066c8	6451	c.lui	x8,0x14	  x8=0x00014000
       67855000	      6686	800066ca	0344f333	remu	x6,x9,x20	  x9:0xfffffffe x20:0x00000000  x6=0xfffffffe
       67895000	      6690	800066ce	03fe2833	mulhsu	x16,x28,x31	 x28:0x00000000 x31:0xf9000624 x16=0x00000000
       67905000	      6691	800066d2	0ff0000f	fence	iorw,iorw	
       68275000	      6728	800066d6	02cf4333	div	x6,x30,x12	 x30:0x93710000 x12:0x000001c0  x6=0xffc1f76e
       68285000	      6729	800066da	057a6063	bltu	x20,x23,8000671a	 x20:0x00000000 x23:0x00000008
       68305000	      6731	8000671a	8719	c.srai	x14,0x6	 x14:0xfffffb9f x14=0xffffffee
       68315000	      6732	8000671c	0ff0000f	fence	iorw,iorw	
       68325000	      6733	80006720	01ea6933	or	x18,x20,x30	 x20:0x00000000 x30:0x93710000 x18=0x93710000
       68335000	      6734	80006724	01ec2d33	slt	x26,x24,x30	 x24:0x00000019 x30:0x93710000 x26=0x00000000
       68345000	      6735	80006728	87b5	c.srai	x15,0xd	 x15:0xf900c000 x15=0xffffc806
       68355000	      6736	8000672a	002e7633	and	x12,x28,x2	 x28:0x00000000  x2:0xfffffff0 x12=0x00000000
       68365000	      6737	8000672e	010edd33	srl	x26,x29,x16	 x29:0xffffffd1 x16:0x00000000 x26=0xffffffd1
       68375000	      6738	80006732	03f81363	bne	x16,x31,80006758	 x16:0x00000000 x31:0xf9000624
       68395000	      6740	80006758	0ff0000f	fence	iorw,iorw	
       68405000	      6741	8000675c	02a58c63	beq	x11,x10,80006794	 x11:0x80021e64 x10:0x00000000
       68415000	      6742	80006760	03ab5c63	bge	x22,x26,80006798	 x22:0x00000000 x26:0xffffffd1
       68435000	      6744	80006798	01528db3	add	x27,x5,x21	  x5:0x00000a10 x21:0x00000000 x27=0x00000a10
       68445000	      6745	8000679c	01a1ed33	or	x26,x3,x26	  x3:0x0000c000 x26:0xffffffd1 x26=0xffffffd1
       68455000	      6746	800067a0	00199f93	slli	x31,x19,0x1	 x19:0xfffffb98 x31=0xfffff730
       68475000	      6748	800067a4	03c2e933	rem	x18,x5,x28	  x5:0x00000a10 x28:0x00000000 x18=0x00000a10
       68485000	      6749	800067a8	013cc8b7	lui	x17,0x13cc	 x17=0x013cc000
       68495000	      6750	800067ac	84a1	c.srai	x9,0x8	  x9:0xfffffffe  x9=0xffffffff
       68505000	      6751	800067ae	1b1c	c.addi4spn	x15,x2,432	 x15=0x000001a0
       68515000	      6752	800067b0	957a	c.add	x10,x30	 x10:0x00000000 x30:0x93710000 x10=0x93710000
       68525000	      6753	800067b2	0001	c.addi	x0,0	  x0:0x00000000  x0=0x00000000
       68535000	      6754	800067b4	97ecaeb7	lui	x29,0x97eca	 x29=0x97eca000
       68545000	      6755	800067b8	8ce0ec97	auipc	x25,0x8ce0e	 x25=0x0ce147b8
       68555000	      6756	800067bc	8531	c.srai	x10,0xc	 x10:0x93710000 x10=0xfff93710
       68565000	      6757	800067be	424d8713	addi	x14,x27,1060	 x27:0x00000a10 x14=0x00000e34
       68575000	      6758	800067c2	01066b63	bltu	x12,x16,800067d8	 x12:0x00000000 x16:0x00000000
       68585000	      6759	800067c6	4105	c.li	x2,1	  x2=0x00000001
       68605000	      6761	800067c8	030ec9b3	div	x19,x29,x16	 x29:0x97eca000 x16:0x00000000 x19=0xffffffff
       68975000	      6798	800067cc	02147033	remu	x0,x8,x1	  x8:0x00014000  x1:0xffffff0c  x0=0x00000000
       68985000	      6799	800067d0	40b45ab3	sra	x21,x8,x11	  x8:0x00014000 x11:0x80021e64 x21=0x00001400
       68995000	      6800	800067d4	ed11	c.bnez	x10,800067f0	 x10:0xfff93710
       69015000	      6802	800067f0	01b1eab3	or	x21,x3,x27	  x3:0x0000c000 x27:0x00000a10 x21=0x0000ca10
       69025000	      6803	800067f4	01aa8763	beq	x21,x26,80006802	 x21:0x0000ca10 x26:0xffffffd1
       69035000	      6804	800067f8	8e344c93	xori	x25,x8,-1821	  x8:0x00014000 x25=0xfffeb8e3
       69405000	      6841	800067fc	0295ecb3	rem	x25,x11,x9	 x11:0x80021e64  x9:0xffffffff x25=0x00000000
       69415000	      6842	80006800	1ffd	c.addi	x31,-1	 x31:0xfffff730 x31=0xfffff72f
       69425000	      6843	80006802	02f0fb63	bgeu	x1,x15,80006838	  x1:0xffffff0c x15:0x000001a0
       69445000	      6845	80006838	c0a1	c.beqz	x9,80006878	  x9:0xffffffff
       69455000	      6846	8000683a	00210663	beq	x2,x2,80006846	  x2:0x00000001  x2:0x00000001
       69475000	      6848	80006846	ee1d	c.bnez	x12,80006884	 x12:0x00000000
       69485000	      6849	80006848	8d7d	c.and	x10,x15	 x10:0xfff93710 x15:0x000001a0 x10=0x00000100
       69495000	      6850	8000684a	0000100f	fence.i	
       69515000	      6852	8000684e	8cc9	c.or	x9,x10	  x9:0xffffffff x10:0x00000100  x9=0xffffffff
       69525000	      6853	80006850	60150f93	addi	x31,x10,1537	 x10:0x00000100 x31=0x00000701
       69535000	      6854	80006854	03676463	bltu	x14,x22,8000687c	 x14:0x00000e34 x22:0x00000000
       69575000	      6858	80006858	03e132b3	mulhu	x5,x2,x30	  x2:0x00000001 x30:0x93710000  x5=0x00000000
       69585000	      6859	8000685c	015c1013	slli	x0,x24,0x15	 x24:0x00000019  x0=0x00000000
       69595000	      6860	80006860	be9ae8b7	lui	x17,0xbe9ae	 x17=0xbe9ae000
       69625000	      6863	80006864	039b08b3	mul	x17,x22,x25	 x22:0x00000000 x25:0x00000000 x17=0x00000000
       69635000	      6864	80006868	464d4413	xori	x8,x26,1124	 x26:0xffffffd1  x8=0xfffffbb5
       69645000	      6865	8000686c	0005cbb3	xor	x23,x11,x0	 x11:0x80021e64  x0:0x00000000 x23=0x80021e64
       69655000	      6866	80006870	018292b3	sll	x5,x5,x24	  x5:0x00000000 x24:0x00000019  x5=0x00000000
       69665000	      6867	80006874	01d1df93	srli	x31,x3,0x1d	  x3:0x0000c000 x31=0x00000000
       69675000	      6868	80006878	6239	c.lui	x4,0xe	  x4=0x0000e000
       69685000	      6869	8000687a	881e	c.mv	x16,x7	  x0:0x00000000  x7:0x00000000 x16=0x00000000
       69695000	      6870	8000687c	0000100f	fence.i	
       69725000	      6873	80006880	020078b3	remu	x17,x0,x0	  x0:0x00000000  x0:0x00000000 x17=0x00000000
       69735000	      6874	80006884	000c3b33	sltu	x22,x24,x0	 x24:0x00000019  x0:0x00000000 x22=0x00000000
       69775000	      6878	80006888	02f73c33	mulhu	x24,x14,x15	 x14:0x00000e34 x15:0x000001a0 x24=0x00000000
       69785000	      6879	8000688c	016b8133	add	x2,x23,x22	 x23:0x80021e64 x22:0x00000000  x2=0x80021e64
       69795000	      6880	80006890	003a6d33	or	x26,x20,x3	 x20:0x00000000  x3:0x0000c000 x26=0x0000c000
       69805000	      6881	80006894	8fe1	c.and	x15,x8	 x15:0x000001a0  x8:0xfffffbb5 x15=0x000001a0
       69815000	      6882	80006896	87be	c.mv	x15,x15	  x0:0x00000000 x15:0x000001a0 x15=0x000001a0
       69835000	      6884	80006898	0346d733	divu	x14,x13,x20	 x13:0x80025ce4 x20:0x00000000 x14=0xffffffff
       69845000	      6885	8000689c	9e3e8a93	addi	x21,x29,-1565	 x29:0x97eca000 x21=0x97ec99e3
       69855000	      6886	800068a0	b225c993	xori	x19,x11,-1246	 x11:0x80021e64 x19=0x7ffde546
       69885000	      6889	800068a4	03d90fb3	mul	x31,x18,x29	 x18:0x00000a10 x29:0x97eca000 x31=0xbd0a0000
       69895000	      6890	800068a8	0918	c.addi4spn	x14,x2,144	 x14=0x80021ef4
       69905000	      6891	800068aa	023a8b63	beq	x21,x3,800068e0	 x21:0x97ec99e3  x3:0x0000c000
       69915000	      6892	800068ae	4a27b113	sltiu	x2,x15,1186	 x15:0x000001a0  x2=0x00000001
       69925000	      6893	800068b2	01e25093	srli	x1,x4,0x1e	  x4:0x0000e000  x1=0x00000000
       69935000	      6894	800068b6	9679fa93	andi	x21,x19,-1689	 x19:0x7ffde546 x21=0x7ffde146
       69945000	      6895	800068ba	0001	c.addi	x0,0	  x0:0x00000000  x0=0x00000000
       69955000	      6896	800068bc	0155ea63	bltu	x11,x21,800068d0	 x11:0x80021e64 x21:0x7ffde146
       69965000	      6897	800068c0	cf9d	c.beqz	x15,800068fe	 x15:0x000001a0
       69975000	      6898	800068c2	8795	c.srai	x15,0x5	 x15:0x000001a0 x15=0x0000000d
       69985000	      6899	800068c4	01823033	sltu	x0,x4,x24	  x4:0x0000e000 x24:0x00000000  x0=0x00000000
       69995000	      6900	800068c8	00463933	sltu	x18,x12,x4	 x12:0x00000000  x4:0x0000e000 x18=0x00000001
       70005000	      6901	800068cc	01ceaa33	slt	x20,x29,x28	 x29:0x97eca000 x28:0x00000000 x20=0x00000001
       70015000	      6902	800068d0	01b0dc63	bge	x1,x27,800068e8	  x1:0x00000000 x27:0x00000a10
       70025000	      6903	800068d4	016d04b3	add	x9,x26,x22	 x26:0x0000c000 x22:0x00000000  x9=0x0000c000
       70035000	      6904	800068d8	9b3e	c.add	x22,x15	 x22:0x00000000 x15:0x0000000d x22=0x0000000d
       70045000	      6905	800068da	6145	c.addi16sp	x2,48	  x2:0x00000001  x2=0x00000031
       70415000	      6942	800068dc	02b84433	div	x8,x16,x11	 x16:0x00000000 x11:0x80021e64  x8=0x00000000
       70425000	      6943	800068e0	01eb3433	sltu	x8,x22,x30	 x22:0x0000000d x30:0x93710000  x8=0x00000001
       70435000	      6944	800068e4	8a4a6093	ori	x1,x20,-1884	 x20:0x00000001  x1=0xfffff8a5
       70455000	      6946	800068e8	039bfcb3	remu	x25,x23,x25	 x23:0x80021e64 x25:0x00000000 x25=0x80021e64
       70495000	      6950	800068ec	03df1733	mulh	x14,x30,x29	 x30:0x93710000 x29:0x97eca000 x14=0x2c224f52
       70505000	      6951	800068f0	6945	c.lui	x18,0x11	 x18=0x00011000
       70515000	      6952	800068f2	00cbb1b3	sltu	x3,x23,x12	 x23:0x80021e64 x12:0x00000000  x3=0x00000000
       70525000	      6953	800068f6	410509b3	sub	x19,x10,x16	 x10:0x00000100 x16:0x00000000 x19=0x00000100
       70535000	      6954	800068fa	01348363	beq	x9,x19,80006900	  x9:0x0000c000 x19:0x00000100
       70545000	      6955	800068fe	8c79	c.and	x8,x14	  x8:0x00000001 x14:0x2c224f52  x8=0x00000000
       70565000	      6957	80006900	020d64b3	rem	x9,x26,x0	 x26:0x0000c000  x0:0x00000000  x9=0x0000c000
       70575000	      6958	80006904	2a8a2193	slti	x3,x20,680	 x20:0x00000001  x3=0x00000001
       70585000	      6959	80006908	0000100f	fence.i	
       70605000	      6961	8000690c	02387463	bgeu	x16,x3,80006934	 x16:0x00000000  x3:0x00000001
       70615000	      6962	80006910	8d41	c.or	x10,x8	 x10:0x00000100  x8:0x00000000 x10=0x00000100
       70625000	      6963	80006912	0000100f	fence.i	
       70655000	      6966	80006916	016ae233	or	x4,x21,x22	 x21:0x7ffde146 x22:0x0000000d  x4=0x7ffde14f
       70665000	      6967	8000691a	009082b3	add	x5,x1,x9	  x1:0xfffff8a5  x9:0x0000c000  x5=0x0000b8a5
       71035000	      7004	8000691e	0377c7b3	div	x15,x15,x23	 x15:0x0000000d x23:0x80021e64 x15=0x00000000
       71045000	      7005	80006922	6159	c.addi16sp	x2,400	  x2:0x00000031  x2=0x000001c1
       71055000	      7006	80006924	ec1d	c.bnez	x8,80006962	  x8:0x00000000
       71065000	      7007	80006926	01e9cfb3	xor	x31,x19,x30	 x19:0x00000100 x30:0x93710000 x31=0x93710100
       71075000	      7008	8000692a	8015	c.srli	x8,0x5	  x8:0x00000000  x8=0x00000000
       71085000	      7009	8000692c	49cd	c.li	x19,19	 x19=0x00000013
       71095000	      7010	8000692e	6921	c.lui	x18,0x8	 x18=0x00008000
       71105000	      7011	80006930	5fdcb193	sltiu	x3,x25,1533	 x25:0x80021e64  x3=0x00000000
       71475000	      7048	80006934	02b6cbb3	div	x23,x13,x11	 x13:0x80025ce4 x11:0x80021e64 x23=0x00000000
       71515000	      7052	80006938	02ee2bb3	mulhsu	x23,x28,x14	 x28:0x00000000 x14:0x2c224f52 x23=0x00000000
       71525000	      7053	8000693c	9d86	c.add	x27,x1	 x27:0x00000a10  x1:0xfffff8a5 x27=0x000002b5
       71535000	      7054	8000693e	f1f3f217	auipc	x4,0xf1f3f	  x4=0x71f4593e
       71545000	      7055	80006942	1384	c.addi4spn	x9,x2,480	  x9=0x000003a1
       71575000	      7058	80006944	038d8fb3	mul	x31,x27,x24	 x27:0x000002b5 x24:0x00000000 x31=0x00000000
       71585000	      7059	80006948	9a7d	c.andi	x12,-1	 x12:0x00000000 x12=0x00000000
       71955000	      7096	8000694a	0216fa33	remu	x20,x13,x1	 x13:0x80025ce4  x1:0xfffff8a5 x20=0x80025ce4
       71965000	      7097	8000694e	8c09	c.sub	x8,x10	  x8:0x00000000 x10:0x00000100  x8=0xffffff00
       71975000	      7098	80006950	c49d	c.beqz	x9,8000697e	  x9:0x000003a1
       72015000	      7102	80006952	02892333	mulhsu	x6,x18,x8	 x18:0x00008000  x8:0xffffff00  x6=0x00007fff
       72025000	      7103	80006956	01ec4533	xor	x10,x24,x30	 x24:0x00000000 x30:0x93710000 x10=0x93710000
       72055000	      7106	8000695a	02b08233	mul	x4,x1,x11	  x1:0xfffff8a5 x11:0x80021e64  x4=0x706a7674
       72065000	      7107	8000695e	03255963	bge	x10,x18,80006990	 x10:0x93710000 x18:0x00008000
       72075000	      7108	80006962	cc89	c.beqz	x9,8000697c	  x9:0x000003a1
       72085000	      7109	80006964	03245663	bge	x8,x18,80006990	  x8:0xffffff00 x18:0x00008000
       72095000	      7110	80006968	c815	c.beqz	x8,8000699c	  x8:0xffffff00
       72105000	      7111	8000696a	b7aa3e93	sltiu	x29,x20,-1158	 x20:0x80025ce4 x29=0x00000001
       72115000	      7112	8000696e	012848b3	xor	x17,x16,x18	 x16:0x00000000 x18:0x00008000 x17=0x00008000
       72155000	      7116	80006972	03863eb3	mulhu	x29,x12,x24	 x12:0x00000000 x24:0x00000000 x29=0x00000000
       72165000	      7117	80006976	9da6	c.add	x27,x9	 x27:0x000002b5  x9:0x000003a1 x27=0x00000656
       72175000	      7118	80006978	0a7a	c.slli	x20,0x1e	 x20:0x80025ce4 x20=0x00000000
       72185000	      7119	8000697a	1f88	c.addi4spn	x10,x2,1008	 x10=0x000005b1
       72195000	      7120	8000697c	8e31	c.xor	x12,x12	 x12:0x00000000 x12:0x00000000 x12=0x00000000
       72235000	      7124	8000697e	02281a33	mulh	x20,x16,x2	 x16:0x00000000  x2:0x000001c1 x20=0x00000000
       72245000	      7125	80006982	8e3e	c.mv	x28,x15	  x0:0x00000000 x15:0x00000000 x28=0x00000000
       72265000	      7127	80006984	02ca7b33	remu	x22,x20,x12	 x20:0x00000000 x12:0x00000000 x22=0x00000000
       72275000	      7128	80006988	415d5c93	srai	x25,x26,0x15	 x26:0x0000c000 x25=0x00000000
       72315000	      7132	8000698c	02ec99b3	mulh	x19,x25,x14	 x25:0x00000000 x14:0x2c224f52 x19=0x00000000
       72325000	      7133	80006990	012ef533	and	x10,x29,x18	 x29:0x00000000 x18:0x00008000 x10=0x00000000
       72335000	      7134	80006994	02c74c63	blt	x14,x12,800069cc	 x14:0x2c224f52 x12:0x00000000
       72345000	      7135	80006998	00a84a13	xori	x20,x16,10	 x16:0x00000000 x20=0x0000000a
       72355000	      7136	8000699c	0ff0000f	fence	iorw,iorw	
       72365000	      7137	800069a0	0ff0000f	fence	iorw,iorw	
       72375000	      7138	800069a4	01d61a93	slli	x21,x12,0x1d	 x12:0x00000000 x21=0x00000000
       72385000	      7139	800069a8	4815	c.li	x16,5	 x16=0x00000005
       72395000	      7140	800069aa	012d78b3	and	x17,x26,x18	 x26:0x0000c000 x18:0x00008000 x17=0x00008000
       72405000	      7141	800069ae	0001	c.addi	x0,0	  x0:0x00000000  x0=0x00000000
       72415000	      7142	800069b0	c605	c.beqz	x12,800069d8	 x12:0x00000000
       72435000	      7144	800069d8	2e02be13	sltiu	x28,x5,736	  x5:0x0000b8a5 x28=0x00000000
       72445000	      7145	800069dc	05435263	bge	x6,x20,80006a20	  x6:0x00007fff x20:0x0000000a
       72485000	      7149	80006a20	02f301b3	mul	x3,x6,x15	  x6:0x00007fff x15:0x00000000  x3=0x00000000
       72495000	      7150	80006a24	ffb24d93	xori	x27,x4,-5	  x4:0x706a7674 x27=0x8f95898f
       72505000	      7151	80006a28	01433933	sltu	x18,x6,x20	  x6:0x00007fff x20:0x0000000a x18=0x00000000
       72515000	      7152	80006a2c	01e30eb3	add	x29,x6,x30	  x6:0x00007fff x30:0x93710000 x29=0x93717fff
       72555000	      7156	80006a30	03dd20b3	mulhsu	x1,x26,x29	 x26:0x0000c000 x29:0x93717fff  x1=0x00006e95
       72565000	      7157	80006a34	38f37f93	andi	x31,x6,911	  x6:0x00007fff x31=0x0000038f
       72575000	      7158	80006a38	9b022613	slti	x12,x4,-1616	  x4:0x706a7674 x12=0x00000000
       72585000	      7159	80006a3c	01186333	or	x6,x16,x17	 x16:0x00000005 x17:0x00008000  x6=0x00008005
       72595000	      7160	80006a40	8d3d0a93	addi	x21,x26,-1837	 x26:0x0000c000 x21=0x0000b8d3
       72605000	      7161	80006a44	9de2	c.add	x27,x24	 x27:0x8f95898f x24:0x00000000 x27=0x8f95898f
       72615000	      7162	80006a46	35364813	xori	x16,x12,851	 x12:0x00000000 x16=0x00000353
       72625000	      7163	80006a4a	1b80	c.addi4spn	x8,x2,496	  x8=0x000003b1
       72635000	      7164	80006a4c	41938eb3	sub	x29,x7,x25	  x7:0x00000000 x25:0x00000000 x29=0x00000000
       72645000	      7165	80006a50	15bfba97	auipc	x21,0x15bfb	 x21=0x95c01a50
       72655000	      7166	80006a54	0ff0000f	fence	iorw,iorw	
       73025000	      7203	80006a58	02534733	div	x14,x6,x5	  x6:0x00008005  x5:0x0000b8a5 x14=0x00000000
       73395000	      7240	80006a5c	022dd633	divu	x12,x27,x2	 x27:0x8f95898f  x2:0x000001c1 x12=0x0051dd86
       73405000	      7241	80006a60	8b61	c.andi	x14,24	 x14:0x00000000 x14=0x00000000
       73415000	      7242	80006a62	018dea63	bltu	x27,x24,80006a76	 x27:0x8f95898f x24:0x00000000
       73445000	      7245	80006a66	028682b3	mul	x5,x13,x8	 x13:0x80025ce4  x8:0x000003b1  x5=0x88b8e5a4
       73485000	      7249	80006a6a	02969fb3	mulh	x31,x13,x9	 x13:0x80025ce4  x9:0x000003a1 x31=0xfffffe2f
       73495000	      7250	80006a6e	8c99	c.sub	x9,x14	  x9:0x000003a1 x14:0x00000000  x9=0x000003a1
       73505000	      7251	80006a70	11fd	c.addi	x3,-1	  x3:0x00000000  x3=0xffffffff
       73515000	      7252	80006a72	3eef6e37	lui	x28,0x3eef6	 x28=0x3eef6000
       73525000	      7253	80006a76	8f39	c.xor	x14,x14	 x14:0x00000000 x14:0x00000000 x14=0x00000000
       73535000	      7254	80006a78	00257833	and	x16,x10,x2	 x10:0x00000000  x2:0x000001c1 x16=0x00000000
       73545000	      7255	80006a7c	007d8433	add	x8,x27,x7	 x27:0x8f95898f  x7:0x00000000  x8=0x8f95898f
       73555000	      7256	80006a80	4afd	c.li	x21,31	 x21=0x0000001f
       73565000	      7257	80006a82	ea06c513	xori	x10,x13,-352	 x13:0x80025ce4 x10=0x7ffda244
       73575000	      7258	80006a86	8f65	c.and	x14,x9	 x14:0x00000000  x9:0x000003a1 x14=0x00000000
       73585000	      7259	80006a88	7e51a013	slti	x0,x3,2021	  x3:0xffffffff  x0=0x00000000
       73625000	      7263	80006a8c	03e117b3	mulh	x15,x2,x30	  x2:0x000001c1 x30:0x93710000 x15=0xffffff41
       73635000	      7264	80006a90	0189f033	and	x0,x19,x24	 x19:0x00000000 x24:0x00000000  x0=0x00000000
       73645000	      7265	80006a94	5efd	c.li	x29,-1	 x29=0xffffffff
       73655000	      7266	80006a96	9b0a	c.add	x22,x2	 x22:0x00000000  x2:0x000001c1 x22=0x000001c1
       73665000	      7267	80006a98	cfbe8613	addi	x12,x29,-773	 x29:0xffffffff x12=0xfffffcfa
       73675000	      7268	80006a9c	8e4d	c.or	x12,x11	 x12:0xfffffcfa x11:0x80021e64 x12=0xfffffefe
       73685000	      7269	80006a9e	cd1d	c.beqz	x10,80006adc	 x10:0x7ffda244
       73695000	      7270	80006aa0	e5ef8913	addi	x18,x31,-418	 x31:0xfffffe2f x18=0xfffffc8d
       73705000	      7271	80006aa4	0000100f	fence.i	
       73745000	      7275	80006aa8	03320f33	mul	x30,x4,x19	  x4:0x706a7674 x19:0x00000000 x30=0x00000000
       73755000	      7276	80006aac	8e3d	c.xor	x12,x15	 x12:0xfffffefe x15:0xffffff41 x12=0x000001bf
       73765000	      7277	80006aae	0000100f	fence.i	
       73795000	      7280	80006ab2	000f1213	slli	x4,x30,0x0	 x30:0x00000000  x4=0x00000000
       73805000	      7281	80006ab6	0ff0000f	fence	iorw,iorw	
       74175000	      7318	80006aba	03b55ab3	divu	x21,x10,x27	 x10:0x7ffda244 x27:0x8f95898f x21=0x00000000
       74185000	      7319	80006abe	f216dc17	auipc	x24,0xf216d	 x24=0x72173abe
       74195000	      7320	80006ac2	0000100f	fence.i	
       74235000	      7324	80006ac6	027d5c33	divu	x24,x26,x7	 x26:0x0000c000  x7:0x00000000 x24=0xffffffff
       74265000	      7327	80006aca	03698cb3	mul	x25,x19,x22	 x19:0x00000000 x22:0x000001c1 x25=0x00000000
       74275000	      7328	80006ace	9ee78093	addi	x1,x15,-1554	 x15:0xffffff41  x1=0xfffff92f
       74285000	      7329	80006ad2	009a72b3	and	x5,x20,x9	 x20:0x0000000a  x9:0x000003a1  x5=0x00000000
       74295000	      7330	80006ad6	61e1	c.lui	x3,0x18	  x3=0x00018000
       74305000	      7331	80006ad8	0279e163	bltu	x19,x7,80006afa	 x19:0x00000000  x7:0x00000000
       74315000	      7332	80006adc	0f7e	c.slli	x30,0x1f	 x30:0x00000000 x30=0x00000000
       74325000	      7333	80006ade	076e	c.slli	x14,0x1b	 x14:0x00000000 x14=0x00000000
       74335000	      7334	80006ae0	03205f63	bge	x0,x18,80006b1e	  x0:0x00000000 x18:0xfffffc8d
       74355000	      7336	80006b1e	e611	c.bnez	x12,80006b2a	 x12:0x000001bf
       74385000	      7339	80006b2a	000aec63	bltu	x21,x0,80006b42	 x21:0x00000000  x0:0x00000000
       74395000	      7340	80006b2e	82da	c.mv	x5,x22	  x0:0x00000000 x22:0x000001c1  x5=0x000001c1
       74405000	      7341	80006b30	03120e63	beq	x4,x17,80006b6c	  x4:0x00000000 x17:0x00008000
       74415000	      7342	80006b34	5641d417	auipc	x8,0x5641d	  x8=0xd6423b34
       74785000	      7379	80006b38	021e4eb3	div	x29,x28,x1	 x28:0x3eef6000  x1:0xfffff92f x29=0xfff6c462
       74795000	      7380	80006b3c	8471	c.srai	x8,0x1c	  x8:0xd6423b34  x8=0xfffffffd
       74805000	      7381	80006b3e	40d48f33	sub	x30,x9,x13	  x9:0x000003a1 x13:0x80025ce4 x30=0x7ffda6bd
       74825000	      7383	80006b42	02406a33	rem	x20,x0,x4	  x0:0x00000000  x4:0x00000000 x20=0x00000000
       74865000	      7387	80006b46	03d3a733	mulhsu	x14,x7,x29	  x7:0x00000000 x29:0xfff6c462 x14=0x00000000
       74875000	      7388	80006b4a	0090cd33	xor	x26,x1,x9	  x1:0xfffff92f  x9:0x000003a1 x26=0xfffffa8e
       74885000	      7389	80006b4e	03080e63	beq	x16,x16,80006b8a	 x16:0x00000000 x16:0x00000000
       74905000	      7391	80006b8a	877d	c.srai	x14,0x1f	 x14:0x00000000 x14=0x00000000
       74915000	      7392	80006b8c	c3a1	c.beqz	x15,80006bcc	 x15:0xffffff41
       74925000	      7393	80006b8e	4139d093	srai	x1,x19,0x13	 x19:0x00000000  x1=0x00000000
       74935000	      7394	80006b92	6171	c.addi16sp	x2,336	  x2:0x000001c1  x2=0x00000311
       74945000	      7395	80006b94	0101ccb3	xor	x25,x3,x16	  x3:0x00018000 x16:0x00000000 x25=0x00018000
       75315000	      7432	80006b98	03c6c8b3	div	x17,x13,x28	 x13:0x80025ce4 x28:0x3eef6000 x17=0xfffffffe
       75325000	      7433	80006b9c	717d	c.addi16sp	x2,-16	  x2:0x00000311  x2=0x00000301
       75335000	      7434	80006b9e	65263f13	sltiu	x30,x12,1618	 x12:0x000001bf x30=0x00000001
       75345000	      7435	80006ba2	69e9	c.lui	x19,0x1a	 x19=0x0001a000
       75355000	      7436	80006ba4	89fa	c.mv	x19,x30	  x0:0x00000000 x30:0x00000001 x19=0x00000001
       75365000	      7437	80006ba6	01ba1c63	bne	x20,x27,80006bbe	 x20:0x00000000 x27:0x8f95898f
       75395000	      7440	80006bbe	03667b63	bgeu	x12,x22,80006bf4	 x12:0x000001bf x22:0x000001c1
       75405000	      7441	80006bc2	00f7d413	srli	x8,x15,0xf	 x15:0xffffff41  x8=0x0001ffff
       75415000	      7442	80006bc6	0000100f	fence.i	
       75435000	      7444	80006bca	c70d	c.beqz	x14,80006bf4	 x14:0x00000000
       75455000	      7446	80006bf4	00fdfc63	bgeu	x27,x15,80006c0c	 x27:0x8f95898f x15:0xffffff41
       75465000	      7447	80006bf8	006461b3	or	x3,x8,x6	  x8:0x0001ffff  x6:0x00008005  x3=0x0001ffff
       75475000	      7448	80006bfc	9ee2	c.add	x29,x24	 x29:0xfff6c462 x24:0xffffffff x29=0xfff6c461
       75485000	      7449	80006bfe	024d6563	bltu	x26,x4,80006c28	 x26:0xfffffa8e  x4:0x00000000
       75495000	      7450	80006c02	03c0de63	bge	x1,x28,80006c3e	  x1:0x00000000 x28:0x3eef6000
       75505000	      7451	80006c06	69134313	xori	x6,x6,1681	  x6:0x00008005  x6=0x00008694
       75515000	      7452	80006c0a	8fd9	c.or	x15,x14	 x15:0xffffff41 x14:0x00000000 x15=0xffffff41
       75525000	      7453	80006c0c	01c5dab3	srl	x21,x11,x28	 x11:0x80021e64 x28:0x3eef6000 x21=0x80021e64
       75535000	      7454	80006c10	80fd	c.srli	x9,0x1f	  x9:0x000003a1  x9=0x00000000
       75545000	      7455	80006c12	0c8d	c.addi	x25,3	 x25:0x00018000 x25=0x00018003
       75555000	      7456	80006c14	0ff0000f	fence	iorw,iorw	
       75565000	      7457	80006c18	648d	c.lui	x9,0x3	  x9=0x00003000
       75575000	      7458	80006c1a	12fd	c.addi	x5,-1	  x5:0x000001c1  x5=0x000001c0
       75945000	      7495	80006c1c	0331df33	divu	x30,x3,x19	  x3:0x0001ffff x19:0x00000001 x30=0x0001ffff
       75965000	      7497	80006c20	0214cfb3	div	x31,x9,x1	  x9:0x00003000  x1:0x00000000 x31=0xffffffff
       75975000	      7498	80006c24	6b2a7813	andi	x16,x20,1714	 x20:0x00000000 x16=0x00000000
       75985000	      7499	80006c28	4109d013	srai	x0,x19,0x10	 x19:0x00000001  x0=0x00000000
       75995000	      7500	80006c2c	00c54433	xor	x8,x10,x12	 x10:0x7ffda244 x12:0x000001bf  x8=0x7ffda3fb
       76005000	      7501	80006c30	01789b63	bne	x17,x23,80006c46	 x17:0xfffffffe x23:0x00000000
       76035000	      7504	80006c46	709de913	ori	x18,x27,1801	 x27:0x8f95898f x18=0x8f958f8f
       76045000	      7505	80006c4a	00365333	srl	x6,x12,x3	 x12:0x000001bf  x3:0x0001ffff  x6=0x00000000
       76055000	      7506	80006c4e	8521	c.srai	x10,0x8	 x10:0x7ffda244 x10=0x007ffda2
       76065000	      7507	80006c50	03680c63	beq	x16,x22,80006c88	 x16:0x00000000 x22:0x000001c1
       76075000	      7508	80006c54	01d57133	and	x2,x10,x29	 x10:0x007ffda2 x29:0xfff6c461  x2=0x0076c420
       76085000	      7509	80006c58	9aea	c.add	x21,x26	 x21:0x80021e64 x26:0xfffffa8e x21=0x800218f2
       76095000	      7510	80006c5a	8c81	c.sub	x9,x8	  x9:0x00003000  x8:0x7ffda3fb  x9=0x80028c05
       76105000	      7511	80006c5c	662a8993	addi	x19,x21,1634	 x21:0x800218f2 x19=0x80021f54
       76115000	      7512	80006c60	40445533	sra	x10,x8,x4	  x8:0x7ffda3fb  x4:0x00000000 x10=0x7ffda3fb
       76125000	      7513	80006c64	8641	c.srai	x12,0x10	 x12:0x000001bf x12=0x00000000
       76135000	      7514	80006c66	999a	c.add	x19,x6	 x19:0x80021f54  x6:0x00000000 x19=0x80021f54
       76145000	      7515	80006c68	c0a1	c.beqz	x9,80006ca8	  x9:0x80028c05
       76155000	      7516	80006c6a	017e62b3	or	x5,x28,x23	 x28:0x3eef6000 x23:0x00000000  x5=0x3eef6000
       76185000	      7519	80006c6e	021202b3	mul	x5,x4,x1	  x4:0x00000000  x1:0x00000000  x5=0x00000000
       76195000	      7520	80006c72	fefc2337	lui	x6,0xfefc2	  x6=0xfefc2000
       76205000	      7521	80006c76	11fd	c.addi	x3,-1	  x3:0x0001ffff  x3=0x0001fffe
       76245000	      7525	80006c78	02f8bb33	mulhu	x22,x17,x15	 x17:0xfffffffe x15:0xffffff41 x22=0xffffff3f
       76255000	      7526	80006c7c	022d8f63	beq	x27,x2,80006cba	 x27:0x8f95898f  x2:0x0076c420
       76265000	      7527	80006c80	01b6df33	srl	x30,x13,x27	 x13:0x80025ce4 x27:0x8f95898f x30=0x00010004
       76635000	      7564	80006c84	031cc833	div	x16,x25,x17	 x25:0x00018003 x17:0xfffffffe x16=0xffff3fff
       76645000	      7565	80006c88	01cd	c.addi	x3,19	  x3:0x0001fffe  x3=0x00020011
       76655000	      7566	80006c8a	dd6e4213	xori	x4,x28,-554	 x28:0x3eef6000  x4=0xc1109dd6
       76665000	      7567	80006c8e	6179	c.addi16sp	x2,464	  x2:0x0076c420  x2=0x0076c5f0
       76675000	      7568	80006c90	c5360313	addi	x6,x12,-941	 x12:0x00000000  x6=0xfffffc53
       76685000	      7569	80006c94	406204b3	sub	x9,x4,x6	  x4:0xc1109dd6  x6:0xfffffc53  x9=0xc110a183
       77055000	      7606	80006c98	03825333	divu	x6,x4,x24	  x4:0xc1109dd6 x24:0xffffffff  x6=0x00000000
       77065000	      7607	80006c9c	24b62c97	auipc	x25,0x24b62	 x25=0xa4b68c9c
       77075000	      7608	80006ca0	8561	c.srai	x10,0x18	 x10:0x7ffda3fb x10=0x0000007f
       77085000	      7609	80006ca2	c41d	c.beqz	x8,80006cd0	  x8:0x7ffda3fb
       77095000	      7610	80006ca4	02d3dc63	bge	x7,x13,80006cdc	  x7:0x00000000 x13:0x80025ce4
       77115000	      7612	80006cdc	015a1713	slli	x14,x20,0x15	 x20:0x00000000 x14=0x00000000
       77125000	      7613	80006ce0	00b92c33	slt	x24,x18,x11	 x18:0x8f958f8f x11:0x80021e64 x24=0x00000000
       77135000	      7614	80006ce4	417e8c33	sub	x24,x29,x23	 x29:0xfff6c461 x23:0x00000000 x24=0xfff6c461
       77145000	      7615	80006ce8	ba4e8d13	addi	x26,x29,-1116	 x29:0xfff6c461 x26=0xfff6c005
       77515000	      7652	80006cec	023ac833	div	x16,x21,x3	 x21:0x800218f2  x3:0x00020011 x16=0xffffc004
       77525000	      7653	80006cf0	6215	c.lui	x4,0x5	  x4=0x00005000
       77535000	      7654	80006cf2	40055cb3	sra	x25,x10,x0	 x10:0x0000007f  x0:0x00000000 x25=0x0000007f
       77905000	      7691	80006cf6	030ff533	remu	x10,x31,x16	 x31:0xffffffff x16:0xffffc004 x10=0x00003ffb
       77915000	      7692	80006cfa	40bd0633	sub	x12,x26,x11	 x26:0xfff6c005 x11:0x80021e64 x12=0x7ff4a1a1
       77925000	      7693	80006cfe	02a78d63	beq	x15,x10,80006d38	 x15:0xffffff41 x10:0x00003ffb
       77935000	      7694	80006d02	40cb5a33	sra	x20,x22,x12	 x22:0xffffff3f x12:0x7ff4a1a1 x20=0xffffff9f
       77945000	      7695	80006d06	812d	c.srli	x10,0xb	 x10:0x00003ffb x10=0x00000007
       77955000	      7696	80006d08	00e11433	sll	x8,x2,x14	  x2:0x0076c5f0 x14:0x00000000  x8=0x0076c5f0
       77975000	      7698	80006d0c	025f5733	divu	x14,x30,x5	 x30:0x00010004  x5:0x00000000 x14=0xffffffff
       78345000	      7735	80006d10	0316e9b3	rem	x19,x13,x17	 x13:0x80025ce4 x17:0xfffffffe x19=0x00000000
       78355000	      7736	80006d14	679d	c.lui	x15,0x7	 x15=0x00007000
       78365000	      7737	80006d16	0001	c.addi	x0,0	  x0:0x00000000  x0=0x00000000
       78735000	      7774	80006d18	030e7f33	remu	x30,x28,x16	 x28:0x3eef6000 x16:0xffffc004 x30=0x3eef6000
       78745000	      7775	80006d1c	61cc2413	slti	x8,x24,1564	 x24:0xfff6c461  x8=0x00000001
       78755000	      7776	80006d20	dbab3193	sltiu	x3,x22,-582	 x22:0xffffff3f  x3=0x00000000
       78765000	      7777	80006d24	83ad1297	auipc	x5,0x83ad1	  x5=0x03ad7d24
       78775000	      7778	80006d28	c801	c.beqz	x8,80006d38	  x8:0x00000001
       78785000	      7779	80006d2a	c091	c.beqz	x9,80006d2e	  x9:0xc110a183
       78795000	      7780	80006d2c	0001	c.addi	x0,0	  x0:0x00000000  x0=0x00000000
       78805000	      7781	80006d2e	00c5cdb3	xor	x27,x11,x12	 x11:0x80021e64 x12:0x7ff4a1a1 x27=0xfff6bfc5
       78815000	      7782	80006d32	00fb62b3	or	x5,x22,x15	 x22:0xffffff3f x15:0x00007000  x5=0xffffff3f
       78825000	      7783	80006d36	4c51	c.li	x24,20	 x24=0x00000014
       78835000	      7784	80006d38	02da4363	blt	x20,x13,80006d5e	 x20:0xffffff9f x13:0x80025ce4
       78845000	      7785	80006d3c	018539b3	sltu	x19,x10,x24	 x10:0x00000007 x24:0x00000014 x19=0x00000001
       78855000	      7786	80006d40	0001	c.addi	x0,0	  x0:0x00000000  x0=0x00000000
       78865000	      7787	80006d42	40d1d093	srai	x1,x3,0xd	  x3:0x00000000  x1=0x00000000
       78875000	      7788	80006d46	8d01	c.sub	x10,x8	 x10:0x00000007  x8:0x00000001 x10=0x00000006
       78885000	      7789	80006d48	00bbb533	sltu	x10,x23,x11	 x23:0x00000000 x11:0x80021e64 x10=0x00000001
       78895000	      7790	80006d4c	717d	c.addi16sp	x2,-16	  x2:0x0076c5f0  x2=0x0076c5e0
       78905000	      7791	80006d4e	0000100f	fence.i	
       78925000	      7793	80006d52	8a56	c.mv	x20,x21	  x0:0x00000000 x21:0x800218f2 x20=0x800218f2
       78935000	      7794	80006d54	59c8b097	auipc	x1,0x59c8b	  x1=0xd9c91d54
       78945000	      7795	80006d58	6ef5	c.lui	x29,0x1d	 x29=0x0001d000
       78955000	      7796	80006d5a	004e9c33	sll	x24,x29,x4	 x29:0x0001d000  x4:0x00005000 x24=0x0001d000
       79325000	      7833	80006d5e	025d7d33	remu	x26,x26,x5	 x26:0xfff6c005  x5:0xffffff3f x26=0xfff6c005
       79335000	      7834	80006d62	9f846997	auipc	x19,0x9f846	 x19=0x1f84cd62
       79345000	      7835	80006d66	000fcd33	xor	x26,x31,x0	 x31:0xffffffff  x0:0x00000000 x26=0xffffffff
       79355000	      7836	80006d6a	057e	c.slli	x10,0x1f	 x10:0x00000001 x10=0x80000000
       79365000	      7837	80006d6c	975a	c.add	x14,x22	 x14:0xffffffff x22:0xffffff3f x14=0xffffff3e
       79375000	      7838	80006d6e	8d29	c.xor	x10,x10	 x10:0x80000000 x10:0x80000000 x10=0x00000000
       79385000	      7839	80006d70	0001	c.addi	x0,0	  x0:0x00000000  x0=0x00000000
       79395000	      7840	80006d72	00657333	and	x6,x10,x6	 x10:0x00000000  x6:0x00000000  x6=0x00000000
       79405000	      7841	80006d76	006e44b3	xor	x9,x28,x6	 x28:0x3eef6000  x6:0x00000000  x9=0x3eef6000
       79415000	      7842	80006d7a	8605	c.srai	x12,0x1	 x12:0x7ff4a1a1 x12=0x3ffa50d0
       79425000	      7843	80006d7c	010cd793	srli	x15,x25,0x10	 x25:0x0000007f x15=0x00000000
       79435000	      7844	80006d80	4088de33	sra	x28,x17,x8	 x17:0xfffffffe  x8:0x00000001 x28=0xffffffff
       79445000	      7845	80006d84	02660563	beq	x12,x6,80006dae	 x12:0x3ffa50d0  x6:0x00000000
       79455000	      7846	80006d88	00a90233	add	x4,x18,x10	 x18:0x8f958f8f x10:0x00000000  x4=0x8f958f8f
       79465000	      7847	80006d8c	41978933	sub	x18,x15,x25	 x15:0x00000000 x25:0x0000007f x18=0xffffff81
       79475000	      7848	80006d90	0146e433	or	x8,x13,x20	 x13:0x80025ce4 x20:0x800218f2  x8=0x80025cf6
       79485000	      7849	80006d94	01bad713	srli	x14,x21,0x1b	 x21:0x800218f2 x14=0x00000010
       79495000	      7850	80006d98	18982d93	slti	x27,x16,393	 x16:0xffffc004 x27=0x00000001
       79505000	      7851	80006d9c	002beb33	or	x22,x23,x2	 x23:0x00000000  x2:0x0076c5e0 x22=0x0076c5e0
       79515000	      7852	80006da0	41028833	sub	x16,x5,x16	  x5:0xffffff3f x16:0xffffc004 x16=0x00003f3b
       79525000	      7853	80006da4	f01f7813	andi	x16,x30,-255	 x30:0x3eef6000 x16=0x3eef6000
       79535000	      7854	80006da8	6915	c.lui	x18,0x5	 x18=0x00005000
       79545000	      7855	80006daa	0107b133	sltu	x2,x15,x16	 x15:0x00000000 x16:0x3eef6000  x2=0x00000001
       79555000	      7856	80006dae	008f52b3	srl	x5,x30,x8	 x30:0x3eef6000  x8:0x80025cf6  x5=0x000000fb
       79565000	      7857	80006db2	0038e863	bltu	x17,x3,80006dc2	 x17:0xfffffffe  x3:0x00000000
       79575000	      7858	80006db6	41bb52b3	sra	x5,x22,x27	 x22:0x0076c5e0 x27:0x00000001  x5=0x003b62f0
       79945000	      7895	80006dba	0365db33	divu	x22,x11,x22	 x11:0x80021e64 x22:0x0076c5e0 x22=0x00000113
       79955000	      7896	80006dbe	02516963	bltu	x2,x5,80006df0	  x2:0x00000001  x5:0x003b62f0
       79975000	      7898	80006df0	01cf1c13	slli	x24,x30,0x1c	 x30:0x3eef6000 x24=0x00000000
       79985000	      7899	80006df4	00349ab3	sll	x21,x9,x3	  x9:0x3eef6000  x3:0x00000000 x21=0x3eef6000
       79995000	      7900	80006df8	04ce	c.slli	x9,0x13	  x9:0x3eef6000  x9=0x00000000
       80005000	      7901	80006dfa	01b65f63	bge	x12,x27,80006e18	 x12:0x3ffa50d0 x27:0x00000001
       80055000	      7906	80006e18	032eaeb3	mulhsu	x29,x29,x18	 x29:0x0001d000 x18:0x00005000 x29=0x00000000
       80065000	      7907	80006e1c	01c93e33	sltu	x28,x18,x28	 x18:0x00005000 x28:0xffffffff x28=0x00000001
       80075000	      7908	80006e20	01e3c433	xor	x8,x7,x30	  x7:0x00000000 x30:0x3eef6000  x8=0x3eef6000
       80085000	      7909	80006e24	0001	c.addi	x0,0	  x0:0x00000000  x0=0x00000000
       80095000	      7910	80006e26	0ff0000f	fence	iorw,iorw	
       80105000	      7911	80006e2a	003e1c93	slli	x25,x28,0x3	 x28:0x00000001 x25=0x00000008
       80115000	      7912	80006e2e	0001	c.addi	x0,0	  x0:0x00000000  x0=0x00000000
       80155000	      7916	80006e30	02d4ab33	mulhsu	x22,x9,x13	  x9:0x00000000 x13:0x80025ce4 x22=0x00000000
       80165000	      7917	80006e34	8070f2b7	lui	x5,0x8070f	  x5=0x8070f000
       80175000	      7918	80006e38	407f0133	sub	x2,x30,x7	 x30:0x3eef6000  x7:0x00000000  x2=0x3eef6000
       80185000	      7919	80006e3c	8455	c.srai	x8,0x15	  x8:0x3eef6000  x8=0x000001f7
       80195000	      7920	80006e3e	0e59	c.addi	x28,22	 x28:0x00000001 x28=0x00000017
       80205000	      7921	80006e40	c505	c.beqz	x10,80006e68	 x10:0x00000000
       80225000	      7923	80006e68	417b0533	sub	x10,x22,x23	 x22:0x00000000 x23:0x00000000 x10=0x00000000
       80235000	      7924	80006e6c	32320f93	addi	x31,x4,803	  x4:0x8f958f8f x31=0x8f9592b2
       80245000	      7925	80006e70	0000100f	fence.i	
       80265000	      7927	80006e74	413a8233	sub	x4,x21,x19	 x21:0x3eef6000 x19:0x1f84cd62  x4=0x1f6a929e
       80275000	      7928	80006e78	0ebe	c.slli	x29,0xf	 x29:0x00000000 x29=0x00000000
       80285000	      7929	80006e7a	6121	c.addi16sp	x2,64	  x2:0x3eef6000  x2=0x3eef6040
       80295000	      7930	80006e7c	40a2da93	srai	x21,x5,0xa	  x5:0x8070f000 x21=0xffe01c3c
       80305000	      7931	80006e80	009b8f63	beq	x23,x9,80006e9e	 x23:0x00000000  x9:0x00000000
       80325000	      7933	80006e9e	717d	c.addi16sp	x2,-16	  x2:0x3eef6040  x2=0x3eef6030
       80335000	      7934	80006ea0	c811	c.beqz	x8,80006eb4	  x8:0x000001f7
       80345000	      7935	80006ea2	8fcd	c.or	x15,x11	 x15:0x00000000 x11:0x80021e64 x15=0x80021e64
       80355000	      7936	80006ea4	b2552e93	slti	x29,x10,-1243	 x10:0x00000000 x29=0x00000000
       80365000	      7937	80006ea8	0098f1b3	and	x3,x17,x9	 x17:0xfffffffe  x9:0x00000000  x3=0x00000000
       80375000	      7938	80006eac	018f0a33	add	x20,x30,x24	 x30:0x3eef6000 x24:0x00000000 x20=0x3eef6000
       80385000	      7939	80006eb0	05b65063	bge	x12,x27,80006ef0	 x12:0x3ffa50d0 x27:0x00000001
       80405000	      7941	80006ef0	e491	c.bnez	x9,80006efc	  x9:0x00000000
       80415000	      7942	80006ef2	b3abba13	sltiu	x20,x23,-1222	 x23:0x00000000 x20=0x00000001
       80455000	      7946	80006ef6	02703e33	mulhu	x28,x0,x7	  x0:0x00000000  x7:0x00000000 x28=0x00000000
       80465000	      7947	80006efa	9b7d	c.andi	x14,-1	 x14:0x00000010 x14=0x00000010
       80475000	      7948	80006efc	ad1fe013	ori	x0,x31,-1327	 x31:0x8f9592b2  x0=0x00000000
       80485000	      7949	80006f00	5e7d	c.li	x28,-1	 x28=0xffffffff
       80495000	      7950	80006f02	8751	c.srai	x14,0x14	 x14:0x00000010 x14=0x00000000
       80505000	      7951	80006f04	5a7d	c.li	x20,-1	 x20=0xffffffff
       80875000	      7988	80006f06	0326f8b3	remu	x17,x13,x18	 x13:0x80025ce4 x18:0x00005000 x17=0x00000ce4
       80885000	      7989	80006f0a	9b6a	c.add	x22,x26	 x22:0x00000000 x26:0xffffffff x22=0xffffffff
       80895000	      7990	80006f0c	0001	c.addi	x0,0	  x0:0x00000000  x0=0x00000000
       80905000	      7991	80006f0e	0b22	c.slli	x22,0x8	 x22:0xffffffff x22=0xffffff00
       81275000	      8028	80006f10	03a4fc33	remu	x24,x9,x26	  x9:0x00000000 x26:0xffffffff x24=0x00000000
       81645000	      8065	80006f14	0306f0b3	remu	x1,x13,x16	 x13:0x80025ce4 x16:0x3eef6000  x1=0x02239ce4
       81655000	      8066	80006f18	4b79	c.li	x22,30	 x22=0x0000001e
       81665000	      8067	80006f1a	0000100f	fence.i	
       81695000	      8070	80006f1e	007a6f33	or	x30,x20,x7	 x20:0xffffffff  x7:0x00000000 x30=0xffffffff
       81705000	      8071	80006f22	8741	c.srai	x14,0x10	 x14:0x00000000 x14=0x00000000
       81735000	      8074	80006f24	02160133	mul	x2,x12,x1	 x12:0x3ffa50d0  x1:0x02239ce4  x2=0x309eb940
       81745000	      8075	80006f28	ef1d	c.bnez	x14,80006f66	 x14:0x00000000
       81755000	      8076	80006f2a	6f15	c.lui	x30,0x5	 x30=0x00005000
       81765000	      8077	80006f2c	c8b9ea93	ori	x21,x19,-885	 x19:0x1f84cd62 x21=0xfffffdeb
       81775000	      8078	80006f30	86bf7493	andi	x9,x30,-1941	 x30:0x00005000  x9=0x00005000
       81785000	      8079	80006f34	40a1d333	sra	x6,x3,x10	  x3:0x00000000 x10:0x00000000  x6=0x00000000
       81795000	      8080	80006f38	8651	c.srai	x12,0x14	 x12:0x3ffa50d0 x12=0x000003ff
       81825000	      8083	80006f3a	03470f33	mul	x30,x14,x20	 x14:0x00000000 x20:0xffffffff x30=0x00000000
       81835000	      8084	80006f3e	008e0333	add	x6,x28,x8	 x28:0xffffffff  x8:0x000001f7  x6=0x000001f6
       81845000	      8085	80006f42	0ff0000f	fence	iorw,iorw	
       81855000	      8086	80006f46	fa49e197	auipc	x3,0xfa49e	  x3=0x7a4a4f46
       82225000	      8123	80006f4a	03f67f33	remu	x30,x12,x31	 x12:0x000003ff x31:0x8f9592b2 x30=0x000003ff
       82235000	      8124	80006f4e	197d	c.addi	x18,-1	 x18:0x00005000 x18=0x00004fff
       82245000	      8125	80006f50	6a5ca093	slti	x1,x25,1701	 x25:0x00000008  x1=0x00000001
       82255000	      8126	80006f54	40065c13	srai	x24,x12,0x0	 x12:0x000003ff x24=0x000003ff
       82265000	      8127	80006f58	8ced	c.and	x9,x11	  x9:0x00005000 x11:0x80021e64  x9=0x00001000
       82285000	      8129	80006f5a	03d66533	rem	x10,x12,x29	 x12:0x000003ff x29:0x00000000 x10=0x000003ff
       82295000	      8130	80006f5e	411ed8b3	sra	x17,x29,x17	 x29:0x00000000 x17:0x00000ce4 x17=0x00000000
       82305000	      8131	80006f62	9bfd	c.andi	x15,-1	 x15:0x80021e64 x15=0x80021e64
       82315000	      8132	80006f64	0001	c.addi	x0,0	  x0:0x00000000  x0=0x00000000
       82325000	      8133	80006f66	014bf233	and	x4,x23,x20	 x23:0x00000000 x20:0xffffffff  x4=0x00000000
       82335000	      8134	80006f6a	4185	c.li	x3,1	  x3=0x00000001
       82375000	      8138	80006f6c	02449db3	mulh	x27,x9,x4	  x9:0x00001000  x4:0x00000000 x27=0x00000000
       82385000	      8139	80006f70	00a79e13	slli	x28,x15,0xa	 x15:0x80021e64 x28=0x08799000
       82395000	      8140	80006f74	8909	c.andi	x10,2	 x10:0x000003ff x10=0x00000002
       82405000	      8141	80006f76	0015d133	srl	x2,x11,x1	 x11:0x80021e64  x1:0x00000001  x2=0x40010f32
       82415000	      8142	80006f7a	1880	c.addi4spn	x8,x2,112	  x8=0x40010fa2
       82425000	      8143	80006f7c	8855	c.andi	x8,21	  x8:0x40010fa2  x8=0x00000000
       82435000	      8144	80006f7e	8d11	c.sub	x10,x12	 x10:0x00000002 x12:0x000003ff x10=0xfffffc03
       82445000	      8145	80006f80	157d	c.addi	x10,-1	 x10:0xfffffc03 x10=0xfffffc02
       82455000	      8146	80006f82	808d6613	ori	x12,x26,-2040	 x26:0xffffffff x12=0xffffffff
       82465000	      8147	80006f86	98fd	c.andi	x9,-1	  x9:0x00001000  x9=0x00001000
       82475000	      8148	80006f88	00cd	c.addi	x1,19	  x1:0x00000001  x1=0x00000014
       82845000	      8185	80006f8a	02f07433	remu	x8,x0,x15	  x0:0x00000000 x15:0x80021e64  x8=0x00000000
       82855000	      8186	80006f8e	e00d	c.bnez	x8,80006fb0	  x8:0x00000000
       82865000	      8187	80006f90	00046eb3	or	x29,x8,x0	  x8:0x00000000  x0:0x00000000 x29=0x00000000
       82875000	      8188	80006f94	004d5463	bge	x26,x4,80006f9c	 x26:0xffffffff  x4:0x00000000
       82885000	      8189	80006f98	43311137	lui	x2,0x43311	  x2=0x43311000
       82895000	      8190	80006f9c	1a00	c.addi4spn	x8,x2,304	  x8=0x43311130
       82905000	      8191	80006f9e	1984	c.addi4spn	x9,x2,240	  x9=0x433110f0
       82915000	      8192	80006fa0	8869	c.andi	x8,26	  x8:0x43311130  x8=0x00000010
       82955000	      8196	80006fa2	033c92b3	mulh	x5,x25,x19	 x25:0x00000008 x19:0x1f84cd62  x5=0x00000000
       82965000	      8197	80006fa6	0001	c.addi	x0,0	  x0:0x00000000  x0=0x00000000
       82975000	      8198	80006fa8	ecc0e513	ori	x10,x1,-308	  x1:0x00000014 x10=0xfffffedc
       83015000	      8202	80006fac	03ac9bb3	mulh	x23,x25,x26	 x25:0x00000008 x26:0xffffffff x23=0xffffffff
       83055000	      8206	80006fb0	02d8bb33	mulhu	x22,x17,x13	 x17:0x00000000 x13:0x80025ce4 x22=0x00000000
       83065000	      8207	80006fb4	8385	c.srli	x15,0x1	 x15:0x80021e64 x15=0x40010f32
       83075000	      8208	80006fb6	00fccb63	blt	x25,x15,80006fcc	 x25:0x00000008 x15:0x40010f32
       83095000	      8210	80006fcc	01b49f33	sll	x30,x9,x27	  x9:0x433110f0 x27:0x00000000 x30=0x433110f0
       83105000	      8211	80006fd0	01addc13	srli	x24,x27,0x1a	 x27:0x00000000 x24=0x00000000
       83115000	      8212	80006fd4	11fd	c.addi	x3,-1	  x3:0x00000001  x3=0x00000000
       83125000	      8213	80006fd6	4017d113	srai	x2,x15,0x1	 x15:0x40010f32  x2=0x20008799
       83135000	      8214	80006fda	6d15	c.lui	x26,0x5	 x26=0x00005000
       83145000	      8215	80006fdc	8e61	c.and	x12,x8	 x12:0xffffffff  x8:0x00000010 x12=0x00000010
       83155000	      8216	80006fde	000db4b3	sltu	x9,x27,x0	 x27:0x00000000  x0:0x00000000  x9=0x00000000
       83165000	      8217	80006fe2	41a30233	sub	x4,x6,x26	  x6:0x000001f6 x26:0x00005000  x4=0xffffb1f6
       83175000	      8218	80006fe6	6db9	c.lui	x27,0xe	 x27=0x0000e000
       83185000	      8219	80006fe8	00869993	slli	x19,x13,0x8	 x13:0x80025ce4 x19=0x025ce400
       83195000	      8220	80006fec	8549	c.srai	x10,0x12	 x10:0xfffffedc x10=0xffffffff
       83205000	      8221	80006fee	01a2f033	and	x0,x5,x26	  x5:0x00000000 x26:0x00005000  x0=0x00000000
       83245000	      8225	80006ff2	03a22e33	mulhsu	x28,x4,x26	  x4:0xffffb1f6 x26:0x00005000 x28=0xffffffff
       83255000	      8226	80006ff6	4bd50993	addi	x19,x10,1213	 x10:0xffffffff x19=0x000004bc
       83265000	      8227	80006ffa	8e0d	c.sub	x12,x11	 x12:0x00000010 x11:0x80021e64 x12=0x7ffde1ac
       83635000	      8264	80006ffc	03ef47b3	div	x15,x30,x30	 x30:0x433110f0 x30:0x433110f0 x15=0x00000001
       83645000	      8265	80007000	32f8e0b7	lui	x1,0x32f8e	  x1=0x32f8e000
       83655000	      8266	80007004	00cedd13	srli	x26,x29,0xc	 x29:0x00000000 x26=0x00000000
       83665000	      8267	80007008	cc0d	c.beqz	x8,80007042	  x8:0x00000010
       83675000	      8268	8000700a	3f447093	andi	x1,x8,1012	  x8:0x00000010  x1=0x00000010
       83685000	      8269	8000700e	0163f033	and	x0,x7,x22	  x7:0x00000000 x22:0x00000000  x0=0x00000000
       83695000	      8270	80007012	4cd9	c.li	x25,22	 x25=0x00000016
       83705000	      8271	80007014	8125	c.srli	x10,0x9	 x10:0xffffffff x10=0x007fffff
       83745000	      8275	80007016	0224a333	mulhsu	x6,x9,x2	  x9:0x00000000  x2:0x20008799  x6=0x00000000
       83755000	      8276	8000701a	d9812e13	slti	x28,x2,-616	  x2:0x20008799 x28=0x00000000
       83765000	      8277	8000701e	41360bb3	sub	x23,x12,x19	 x12:0x7ffde1ac x19:0x000004bc x23=0x7ffddcf0
       83775000	      8278	80007022	84c5	c.srai	x9,0x11	  x9:0x00000000  x9=0x00000000
       83785000	      8279	80007024	01d1ddb3	srl	x27,x3,x29	  x3:0x00000000 x29:0x00000000 x27=0x00000000
       84155000	      8316	80007028	02a0fbb3	remu	x23,x1,x10	  x1:0x00000010 x10:0x007fffff x23=0x00000010
       84165000	      8317	8000702c	92476613	ori	x12,x14,-1756	 x14:0x00000000 x12=0xfffff924
       84175000	      8318	80007030	67649197	auipc	x3,0x67649	  x3=0xe7650030
       84185000	      8319	80007034	005daab3	slt	x21,x27,x5	 x27:0x00000000  x5:0x00000000 x21=0x00000000
       84195000	      8320	80007038	011dd9b3	srl	x19,x27,x17	 x27:0x00000000 x17:0x00000000 x19=0x00000000
       84205000	      8321	8000703c	01133133	sltu	x2,x6,x17	  x6:0x00000000 x17:0x00000000  x2=0x00000000
       84215000	      8322	80007040	9dae	c.add	x27,x11	 x27:0x00000000 x11:0x80021e64 x27=0x80021e64
       84255000	      8326	80007042	03de1f33	mulh	x30,x28,x29	 x28:0x00000000 x29:0x00000000 x30=0x00000000
       84265000	      8327	80007046	ca05	c.beqz	x12,80007076	 x12:0xfffff924
       84275000	      8328	80007048	8cd6	c.mv	x25,x21	  x0:0x00000000 x21:0x00000000 x25=0x00000000
       84315000	      8332	8000704a	03762bb3	mulhsu	x23,x12,x23	 x12:0xfffff924 x23:0x00000010 x23=0xffffffff
       84325000	      8333	8000704e	0037e763	bltu	x15,x3,8000705c	 x15:0x00000001  x3:0xe7650030
       84345000	      8335	8000705c	889cba13	sltiu	x20,x25,-1911	 x25:0x00000000 x20=0x00000001
       84355000	      8336	80007060	6c558f93	addi	x31,x11,1733	 x11:0x80021e64 x31=0x80022529
       84395000	      8340	80007064	0331bbb3	mulhu	x23,x3,x19	  x3:0xe7650030 x19:0x00000000 x23=0x00000000
       84405000	      8341	80007068	5cdf1797	auipc	x15,0x5cdf1	 x15=0xdcdf8068
       84415000	      8342	8000706c	9f7e	c.add	x30,x31	 x30:0x00000000 x31:0x80022529 x30=0x80022529
       84425000	      8343	8000706e	1f10	c.addi4spn	x12,x2,944	 x12=0x000003b0
       84435000	      8344	80007070	01401113	slli	x2,x0,0x14	  x0:0x00000000  x2=0x00000000
       84445000	      8345	80007074	60b9	c.lui	x1,0xe	  x1=0x0000e000
       84485000	      8349	80007076	035f1ab3	mulh	x21,x30,x21	 x30:0x80022529 x21:0x00000000 x21=0x00000000
       84505000	      8351	8000707a	02675eb3	divu	x29,x14,x6	 x14:0x00000000  x6:0x00000000 x29=0xffffffff
       84525000	      8353	8000707e	03ac64b3	rem	x9,x24,x26	 x24:0x00000000 x26:0x00000000  x9=0x00000000
       84535000	      8354	80007082	987d	c.andi	x8,-1	  x8:0x00000010  x8=0x00000010
       84555000	      8356	80007084	039e7133	remu	x2,x28,x25	 x28:0x00000000 x25:0x00000000  x2=0x00000000
       84565000	      8357	80007088	022d4e63	blt	x26,x2,800070c4	 x26:0x00000000  x2:0x00000000
       84575000	      8358	8000708c	02955863	bge	x10,x9,800070bc	 x10:0x007fffff  x9:0x00000000
       84595000	      8360	800070bc	01039193	slli	x3,x7,0x10	  x7:0x00000000  x3=0x00000000
       84605000	      8361	800070c0	0000100f	fence.i	
       84625000	      8363	800070c4	0084	c.addi4spn	x9,x2,64	  x9=0x00000040
       84655000	      8366	800070c6	02f48133	mul	x2,x9,x15	  x9:0x00000040 x15:0xdcdf8068  x2=0x37e01a00
       84665000	      8367	800070ca	00fb1033	sll	x0,x22,x15	 x22:0x00000000 x15:0xdcdf8068  x0=0x00000000
       84675000	      8368	800070ce	41f88433	sub	x8,x17,x31	 x17:0x00000000 x31:0x80022529  x8=0x7ffddad7
       84685000	      8369	800070d2	0194f463	bgeu	x9,x25,800070da	  x9:0x00000040 x25:0x00000000
       84705000	      8371	800070da	1cfd	c.addi	x25,-1	 x25:0x00000000 x25=0xffffffff
       84715000	      8372	800070dc	3aa91a97	auipc	x21,0x3aa91	 x21=0xbaa980dc
       84725000	      8373	800070e0	01af1233	sll	x4,x30,x26	 x30:0x80022529 x26:0x00000000  x4=0x80022529
       84735000	      8374	800070e4	0ff0000f	fence	iorw,iorw	
       84745000	      8375	800070e8	01ab71b3	and	x3,x22,x26	 x22:0x00000000 x26:0x00000000  x3=0x00000000
       84755000	      8376	800070ec	b4b42d93	slti	x27,x8,-1205	  x8:0x7ffddad7 x27=0x00000000
       84765000	      8377	800070f0	4aed	c.li	x21,27	 x21=0x0000001b
       84775000	      8378	800070f2	00015433	srl	x8,x2,x0	  x2:0x37e01a00  x0:0x00000000  x8=0x37e01a00
       84785000	      8379	800070f6	02e8cc63	blt	x17,x14,8000712e	 x17:0x00000000 x14:0x00000000
       84795000	      8380	800070fa	00f68d63	beq	x13,x15,80007114	 x13:0x80025ce4 x15:0xdcdf8068
       84805000	      8381	800070fe	8cf1	c.and	x9,x12	  x9:0x00000040 x12:0x000003b0  x9=0x00000000
       84815000	      8382	80007100	060a3213	sltiu	x4,x20,96	 x20:0x00000001  x4=0x00000001
       84825000	      8383	80007104	4c414f93	xori	x31,x2,1220	  x2:0x37e01a00 x31=0x37e01ec4
       84835000	      8384	80007108	0157cab3	xor	x21,x15,x21	 x15:0xdcdf8068 x21:0x0000001b x21=0xdcdf8073
       84845000	      8385	8000710c	18717b13	andi	x22,x2,391	  x2:0x37e01a00 x22=0x00000000
       84885000	      8389	80007110	03821bb3	mulh	x23,x4,x24	  x4:0x00000001 x24:0x00000000 x23=0x00000000
       84895000	      8390	80007114	0000100f	fence.i	
       84915000	      8392	80007118	40410933	sub	x18,x2,x4	  x2:0x37e01a00  x4:0x00000001 x18=0x37e019ff
       84925000	      8393	8000711c	80f1	c.srli	x9,0x1c	  x9:0x00000000  x9=0x00000000
       84935000	      8394	8000711e	0000100f	fence.i	
       84965000	      8397	80007122	0054eab3	or	x21,x9,x5	  x9:0x00000000  x5:0x00000000 x21=0x00000000
       84975000	      8398	80007126	83fd	c.srli	x15,0x1f	 x15:0xdcdf8068 x15=0x00000001
       85345000	      8435	80007128	039548b3	div	x17,x10,x25	 x10:0x007fffff x25:0xffffffff x17=0xff800001
       85355000	      8436	8000712c	ef15	c.bnez	x14,80007168	 x14:0x00000000
       85365000	      8437	8000712e	07b9	c.addi	x15,14	 x15:0x00000001 x15=0x0000000f
       85375000	      8438	80007130	05a91063	bne	x18,x26,80007170	 x18:0x37e019ff x26:0x00000000
       85395000	      8440	80007170	00198eb3	add	x29,x19,x1	 x19:0x00000000  x1:0x0000e000 x29=0x0000e000
       85435000	      8444	80007174	020fbfb3	mulhu	x31,x31,x0	 x31:0x37e01ec4  x0:0x00000000 x31=0x00000000
       85445000	      8445	80007178	8fb9	c.xor	x15,x14	 x15:0x0000000f x14:0x00000000 x15=0x0000000f
       85455000	      8446	8000717a	0001	c.addi	x0,0	  x0:0x00000000  x0=0x00000000
       85465000	      8447	8000717c	8c534893	xori	x17,x6,-1851	  x6:0x00000000 x17=0xfffff8c5
       85475000	      8448	80007180	8d568213	addi	x4,x13,-1835	 x13:0x80025ce4  x4=0x800255b9
       85485000	      8449	80007184	8d49	c.or	x10,x10	 x10:0x007fffff x10:0x007fffff x10=0x007fffff
       85495000	      8450	80007186	01ca9c93	slli	x25,x21,0x1c	 x21:0x00000000 x25=0x00000000
       85505000	      8451	8000718a	8fad	c.xor	x15,x11	 x15:0x0000000f x11:0x80021e64 x15=0x80021e6b
       85515000	      8452	8000718c	0dd62417	auipc	x8,0xdd62	  x8=0x8dd6918c
       85525000	      8453	80007190	0ff0000f	fence	iorw,iorw	
       85535000	      8454	80007194	03830f63	beq	x6,x24,800071d2	  x6:0x00000000 x24:0x00000000
       85595000	      8460	800071d2	023ba233	mulhsu	x4,x23,x3	 x23:0x00000000  x3:0x00000000  x4=0x00000000
       85605000	      8461	800071d6	80d5	c.srli	x9,0x15	  x9:0x00000000  x9=0x00000000
       85615000	      8462	800071d8	0001	c.addi	x0,0	  x0:0x00000000  x0=0x00000000
       85625000	      8463	800071da	00bab9b3	sltu	x19,x21,x11	 x21:0x00000000 x11:0x80021e64 x19=0x00000001
       85635000	      8464	800071de	001f32b3	sltu	x5,x30,x1	 x30:0x80022529  x1:0x0000e000  x5=0x00000000
       85645000	      8465	800071e2	87d2	c.mv	x15,x20	  x0:0x00000000 x20:0x00000001 x15=0x00000001
       85655000	      8466	800071e4	000ddd13	srli	x26,x27,0x0	 x27:0x00000000 x26=0x00000000
       85665000	      8467	800071e8	02e0c663	blt	x1,x14,80007214	  x1:0x0000e000 x14:0x00000000
       85675000	      8468	800071ec	40425ab3	sra	x21,x4,x4	  x4:0x00000000  x4:0x00000000 x21=0x00000000
       85685000	      8469	800071f0	e408ef13	ori	x30,x17,-448	 x17:0xfffff8c5 x30=0xfffffec5
       85695000	      8470	800071f4	117d	c.addi	x2,-1	  x2:0x37e01a00  x2=0x37e019ff
       85715000	      8472	800071f6	025e5a33	divu	x20,x28,x5	 x28:0x00000000  x5:0x00000000 x20=0xffffffff
       85725000	      8473	800071fa	9b7d	c.andi	x14,-1	 x14:0x00000000 x14=0x00000000
       85735000	      8474	800071fc	0137b2b3	sltu	x5,x15,x19	 x15:0x00000001 x19:0x00000001  x5=0x00000000
       85745000	      8475	80007200	011448b3	xor	x17,x8,x17	  x8:0x8dd6918c x17:0xfffff8c5 x17=0x72296949
       85755000	      8476	80007204	0107d193	srli	x3,x15,0x10	 x15:0x00000001  x3=0x00000000
       85765000	      8477	80007208	8e2d	c.xor	x12,x11	 x12:0x000003b0 x11:0x80021e64 x12=0x80021dd4
       85785000	      8479	8000720a	02317933	remu	x18,x2,x3	  x2:0x37e019ff  x3:0x00000000 x18=0x37e019ff
       85795000	      8480	8000720e	8cc9	c.or	x9,x10	  x9:0x00000000 x10:0x007fffff  x9=0x007fffff
       85805000	      8481	80007210	03d31e63	bne	x6,x29,8000724c	  x6:0x00000000 x29:0x0000e000
       85825000	      8483	8000724c	6151	c.addi16sp	x2,272	  x2:0x37e019ff  x2=0x37e01b0f
       85835000	      8484	8000724e	6109	c.addi16sp	x2,128	  x2:0x37e01b0f  x2=0x37e01b8f
       85845000	      8485	80007250	0273e663	bltu	x7,x7,8000727c	  x7:0x00000000  x7:0x00000000
       85855000	      8486	80007254	0810	c.addi4spn	x12,x2,16	 x12=0x37e01b9f
       85865000	      8487	80007256	717d	c.addi16sp	x2,-16	  x2:0x37e01b8f  x2=0x37e01b7f
       85905000	      8491	80007258	03151d33	mulh	x26,x10,x17	 x10:0x007fffff x17:0x72296949 x26=0x003914b4
       85915000	      8492	8000725c	4721	c.li	x14,8	 x14=0x00000008
       85925000	      8493	8000725e	41798db3	sub	x27,x19,x23	 x19:0x00000001 x23:0x00000000 x27=0x00000001
       85935000	      8494	80007262	1068dfb7	lui	x31,0x1068d	 x31=0x1068d000
       85945000	      8495	80007266	01a9aab3	slt	x21,x19,x26	 x19:0x00000001 x26:0x003914b4 x21=0x00000001
       85955000	      8496	8000726a	01b8aa93	slti	x21,x17,27	 x17:0x72296949 x21=0x00000000
       85965000	      8497	8000726e	0000100f	fence.i	
       85985000	      8499	80007272	cf05	c.beqz	x14,800072aa	 x14:0x00000008
       85995000	      8500	80007274	006de833	or	x16,x27,x6	 x27:0x00000001  x6:0x00000000 x16=0x00000001
       86005000	      8501	80007278	028fd563	bge	x31,x8,800072a2	 x31:0x1068d000  x8:0x8dd6918c
       86025000	      8503	800072a2	8915	c.andi	x10,5	 x10:0x007fffff x10=0x00000005
       86035000	      8504	800072a4	4e19	c.li	x28,6	 x28=0x00000006
       86045000	      8505	800072a6	013fdd63	bge	x31,x19,800072c0	 x31:0x1068d000 x19:0x00000001
       86065000	      8507	800072c0	003402b3	add	x5,x8,x3	  x8:0x8dd6918c  x3:0x00000000  x5=0x8dd6918c
       86075000	      8508	800072c4	01fe	c.slli	x3,0x1f	  x3:0x00000000  x3=0x00000000
       86085000	      8509	800072c6	00d78bb3	add	x23,x15,x13	 x15:0x00000001 x13:0x80025ce4 x23=0x80025ce5
       86115000	      8512	800072ca	02a28fb3	mul	x31,x5,x10	  x5:0x8dd6918c x10:0x00000005 x31=0xc530d7bc
       86125000	      8513	800072ce	011c27b3	slt	x15,x24,x17	 x24:0x00000000 x17:0x72296949 x15=0x00000001
       86135000	      8514	800072d2	013a4733	xor	x14,x20,x19	 x20:0xffffffff x19:0x00000001 x14=0xfffffffe
       86145000	      8515	800072d6	8c85	c.sub	x9,x9	  x9:0x007fffff  x9:0x007fffff  x9=0x00000000
       86155000	      8516	800072d8	00f54363	blt	x10,x15,800072de	 x10:0x00000005 x15:0x00000001
       86165000	      8517	800072dc	8f2d	c.xor	x14,x11	 x14:0xfffffffe x11:0x80021e64 x14=0x7ffde19a
       86175000	      8518	800072de	8d51	c.or	x10,x12	 x10:0x00000005 x12:0x37e01b9f x10=0x37e01b9f
       86185000	      8519	800072e0	29c52b13	slti	x22,x10,668	 x10:0x37e01b9f x22=0x00000000
       86225000	      8523	800072e4	032a3033	mulhu	x0,x20,x18	 x20:0xffffffff x18:0x37e019ff  x0=0x00000000
       86235000	      8524	800072e8	01d29513	slli	x10,x5,0x1d	  x5:0x8dd6918c x10=0x80000000
       86245000	      8525	800072ec	e611	c.bnez	x12,800072f8	 x12:0x37e01b9f
       86265000	      8527	800072f8	40b18ab3	sub	x21,x3,x11	  x3:0x00000000 x11:0x80021e64 x21=0x7ffde19c
       86275000	      8528	800072fc	8e7d	c.and	x12,x15	 x12:0x37e01b9f x15:0x00000001 x12=0x00000001
       86285000	      8529	800072fe	40608933	sub	x18,x1,x6	  x1:0x0000e000  x6:0x00000000 x18=0x0000e000
       86295000	      8530	80007302	017d4d63	blt	x26,x23,8000731c	 x26:0x003914b4 x23:0x80025ce5
       86305000	      8531	80007306	c811	c.beqz	x8,8000731a	  x8:0x8dd6918c
       86315000	      8532	80007308	03f3dc63	bge	x7,x31,80007340	  x7:0x00000000 x31:0xc530d7bc
       86695000	      8570	80007340	02b77133	remu	x2,x14,x11	 x14:0x7ffde19a x11:0x80021e64  x2=0x7ffde19a
       86705000	      8571	80007344	8e5d	c.or	x12,x15	 x12:0x00000001 x15:0x00000001 x12=0x00000001
       86745000	      8575	80007346	02542fb3	mulhsu	x31,x8,x5	  x8:0x8dd6918c  x5:0x8dd6918c x31=0xc0bf7e9f
       87115000	      8612	8000734a	03ba6d33	rem	x26,x20,x27	 x20:0xffffffff x27:0x00000001 x26=0x00000000
       87125000	      8613	8000734e	f8d8ef93	ori	x31,x17,-115	 x17:0x72296949 x31=0xffffffcd
       87145000	      8615	80007352	029fd9b3	divu	x19,x31,x9	 x31:0xffffffcd  x9:0x00000000 x19=0xffffffff
       87155000	      8616	80007356	0001	c.addi	x0,0	  x0:0x00000000  x0=0x00000000
       87165000	      8617	80007358	02296f63	bltu	x18,x2,80007396	 x18:0x0000e000  x2:0x7ffde19a
       87185000	      8619	80007396	9546	c.add	x10,x17	 x10:0x80000000 x17:0x72296949 x10=0xf2296949
       87195000	      8620	80007398	0ff0000f	fence	iorw,iorw	
       87205000	      8621	8000739c	0cda	c.slli	x25,0x16	 x25:0x00000000 x25=0x00000000
       87215000	      8622	8000739e	0ff0000f	fence	iorw,iorw	
       87235000	      8624	800073a2	02006fb3	rem	x31,x0,x0	  x0:0x00000000  x0:0x00000000 x31=0x00000000
       87245000	      8625	800073a6	cf15	c.beqz	x14,800073e2	 x14:0x7ffde19a
       87255000	      8626	800073a8	cff26d93	ori	x27,x4,-769	  x4:0x00000000 x27=0xfffffcff
       87265000	      8627	800073ac	8469	c.srai	x8,0x1a	  x8:0x8dd6918c  x8=0xffffffe3
       87275000	      8628	800073ae	01c47933	and	x18,x8,x28	  x8:0xffffffe3 x28:0x00000006 x18=0x00000002
       87285000	      8629	800073b2	01d510b3	sll	x1,x10,x29	 x10:0xf2296949 x29:0x0000e000  x1=0xf2296949
       87295000	      8630	800073b6	00953033	sltu	x0,x10,x9	 x10:0xf2296949  x9:0x00000000  x0=0x00000000
       87305000	      8631	800073ba	028ace63	blt	x21,x8,800073f6	 x21:0x7ffde19c  x8:0xffffffe3
       87315000	      8632	800073be	8141	c.srli	x10,0x10	 x10:0xf2296949 x10=0x0000f229
       87325000	      8633	800073c0	b2852d13	slti	x26,x10,-1240	 x10:0x0000f229 x26=0x00000000
       87345000	      8635	800073c4	024ac233	div	x4,x21,x4	 x21:0x7ffde19c  x4:0x00000000  x4=0xffffffff
       87355000	      8636	800073c8	4f21	c.li	x30,8	 x30=0x00000008
       87725000	      8673	800073ca	02d3c0b3	div	x1,x7,x13	  x7:0x00000000 x13:0x80025ce4  x1=0x00000000
       87755000	      8676	800073ce	03278e33	mul	x28,x15,x18	 x15:0x00000001 x18:0x00000002 x28=0x00000002
       87765000	      8677	800073d2	00725fb3	srl	x31,x4,x7	  x4:0xffffffff  x7:0x00000000 x31=0xffffffff
       87775000	      8678	800073d6	015d1133	sll	x2,x26,x21	 x26:0x00000000 x21:0x7ffde19c  x2=0x00000000
       87785000	      8679	800073da	c3057813	andi	x16,x10,-976	 x10:0x0000f229 x16=0x0000f020
       88155000	      8716	800073de	034f4a33	div	x20,x30,x20	 x30:0x00000008 x20:0xffffffff x20=0xfffffff8
       88165000	      8717	800073e2	0201fe63	bgeu	x3,x0,8000741e	  x3:0x00000000  x0:0x00000000
       88195000	      8720	8000741e	96cf0013	addi	x0,x30,-1684	 x30:0x00000008  x0=0x00000000
       88205000	      8721	80007422	04e6f363	bgeu	x13,x14,80007468	 x13:0x80025ce4 x14:0x7ffde19a
       88225000	      8723	80007468	01095e33	srl	x28,x18,x16	 x18:0x00000002 x16:0x0000f020 x28=0x00000002
       88235000	      8724	8000746c	e00d	c.bnez	x8,8000748e	  x8:0xffffffe3
       88625000	      8763	8000748e	0282ca33	div	x20,x5,x8	  x5:0x8dd6918c  x8:0xffffffe3 x20=0x03efc604
       88635000	      8764	80007492	027a	c.slli	x4,0x1e	  x4:0xffffffff  x4=0xc0000000
       88645000	      8765	80007494	9bfd	c.andi	x15,-1	 x15:0x00000001 x15=0x00000001
       88655000	      8766	80007496	8f75	c.and	x14,x13	 x14:0x7ffde19a x13:0x80025ce4 x14=0x00004080
       88665000	      8767	80007498	8335	c.srli	x14,0xd	 x14:0x00004080 x14=0x00000002
       88675000	      8768	8000749a	829a	c.mv	x5,x6	  x0:0x00000000  x6:0x00000000  x5=0x00000000
       88685000	      8769	8000749c	c505	c.beqz	x10,800074c4	 x10:0x0000f229
       88695000	      8770	8000749e	41850133	sub	x2,x10,x24	 x10:0x0000f229 x24:0x00000000  x2=0x0000f229
       88705000	      8771	800074a2	1590	c.addi4spn	x12,x2,736	 x12=0x0000f509
       88715000	      8772	800074a4	6439	c.lui	x8,0xe	  x8=0x0000e000
       88725000	      8773	800074a6	01dfa1b3	slt	x3,x31,x29	 x31:0xffffffff x29:0x0000e000  x3=0x00000001
       88735000	      8774	800074aa	8459	c.srai	x8,0x16	  x8:0x0000e000  x8=0x00000000
       88745000	      8775	800074ac	0ff0000f	fence	iorw,iorw	
       88755000	      8776	800074b0	409cda93	srai	x21,x25,0x9	 x25:0x00000000 x21=0x00000000
       88785000	      8779	800074b4	02918333	mul	x6,x3,x9	  x3:0x00000001  x9:0x00000000  x6=0x00000000
       88795000	      8780	800074b8	cb75fc13	andi	x24,x11,-841	 x11:0x80021e64 x24=0x80021c24
       88805000	      8781	800074bc	c8e80ab7	lui	x21,0xc8e80	 x21=0xc8e80000
       88815000	      8782	800074c0	37d84a13	xori	x20,x16,893	 x16:0x0000f020 x20=0x0000f35d
       88825000	      8783	800074c4	88c9	c.andi	x9,18	  x9:0x00000000  x9=0x00000000
       88835000	      8784	800074c6	0ff0000f	fence	iorw,iorw	
       88845000	      8785	800074ca	00dcfa63	bgeu	x25,x13,800074de	 x25:0x00000000 x13:0x80025ce4
       88855000	      8786	800074ce	24c5ec37	lui	x24,0x24c5e	 x24=0x24c5e000
       88865000	      8787	800074d2	414d	c.li	x2,19	  x2=0x00000013
       88875000	      8788	800074d4	00e50963	beq	x10,x14,800074e6	 x10:0x0000f229 x14:0x00000002
       88885000	      8789	800074d8	03d84b63	blt	x16,x29,8000750e	 x16:0x0000f020 x29:0x0000e000
       88895000	      8790	800074dc	8e51	c.or	x12,x12	 x12:0x0000f509 x12:0x0000f509 x12=0x0000f509
       89265000	      8827	800074de	03fef4b3	remu	x9,x29,x31	 x29:0x0000e000 x31:0xffffffff  x9=0x0000e000
       89275000	      8828	800074e2	92d6	c.add	x5,x21	  x5:0x00000000 x21:0xc8e80000  x5=0xc8e80000
       89285000	      8829	800074e4	80b1	c.srli	x9,0xc	  x9:0x0000e000  x9=0x0000000e
       89295000	      8830	800074e6	4d05	c.li	x26,1	 x26=0x00000001
       89305000	      8831	800074e8	30ebcf97	auipc	x31,0x30ebc	 x31=0xb0ec34e8
       89315000	      8832	800074ec	05c8d063	bge	x17,x28,8000752c	 x17:0x72296949 x28:0x00000002
       89335000	      8834	8000752c	01d46533	or	x10,x8,x29	  x8:0x00000000 x29:0x0000e000 x10=0x0000e000
       89345000	      8835	80007530	020a	c.slli	x4,0x2	  x4:0xc0000000  x4=0x00000000
       89355000	      8836	80007532	01f66d63	bltu	x12,x31,8000754c	 x12:0x0000f509 x31:0xb0ec34e8
       89375000	      8838	8000754c	9cbe	c.add	x25,x15	 x25:0x00000000 x15:0x00000001 x25=0x00000001
       89385000	      8839	8000754e	01a931b3	sltu	x3,x18,x26	 x18:0x00000002 x26:0x00000001  x3=0x00000000
       89395000	      8840	80007552	815d	c.srli	x10,0x17	 x10:0x0000e000 x10=0x00000000
       89405000	      8841	80007554	015884b3	add	x9,x17,x21	 x17:0x72296949 x21:0xc8e80000  x9=0x3b116949
       89415000	      8842	80007558	8e69	c.and	x12,x10	 x12:0x0000f509 x10:0x00000000 x12=0x00000000
       89425000	      8843	8000755a	01118bb3	add	x23,x3,x17	  x3:0x00000000 x17:0x72296949 x23=0x72296949
       89435000	      8844	8000755e	03565b63	bge	x12,x21,80007594	 x12:0x00000000 x21:0xc8e80000
       89455000	      8846	80007594	40e7d513	srai	x10,x15,0xe	 x15:0x00000001 x10=0x00000000
       89465000	      8847	80007598	773f6e93	ori	x29,x30,1907	 x30:0x00000008 x29=0x0000077b
       89475000	      8848	8000759c	66e0c897	auipc	x17,0x66e0c	 x17=0xe6e1359c
       89485000	      8849	800075a0	8525	c.srai	x10,0x9	 x10:0x00000000 x10=0x00000000
       89495000	      8850	800075a2	8c3d	c.xor	x8,x15	  x8:0x00000000 x15:0x00000001  x8=0x00000001
       89505000	      8851	800075a4	8131	c.srli	x10,0xc	 x10:0x00000000 x10=0x00000000
       89515000	      8852	800075a6	01bad993	srli	x19,x21,0x1b	 x21:0xc8e80000 x19=0x00000019
       89535000	      8854	800075aa	0363eab3	rem	x21,x7,x22	  x7:0x00000000 x22:0x00000000 x21=0x00000000
       89545000	      8855	800075ae	02b04d63	blt	x0,x11,800075e8	  x0:0x00000000 x11:0x80021e64
       89555000	      8856	800075b2	61fd	c.lui	x3,0x1f	  x3=0x0001f000
       89565000	      8857	800075b4	060e	c.slli	x12,0x3	 x12:0x00000000 x12=0x00000000
       89575000	      8858	800075b6	0159ee63	bltu	x19,x21,800075d2	 x19:0x00000019 x21:0x00000000
       89585000	      8859	800075ba	0001	c.addi	x0,0	  x0:0x00000000  x0=0x00000000
       89605000	      8861	800075bc	03667bb3	remu	x23,x12,x22	 x12:0x00000000 x22:0x00000000 x23=0x00000000
       89615000	      8862	800075c0	00ae9013	slli	x0,x29,0xa	 x29:0x0000077b  x0=0x00000000
       89985000	      8899	800075c4	02be4333	div	x6,x28,x11	 x28:0x00000002 x11:0x80021e64  x6=0x00000000
       89995000	      8900	800075c8	023a	c.slli	x4,0xe	  x4:0x00000000  x4=0x00000000
       90005000	      8901	800075ca	40e30933	sub	x18,x6,x14	  x6:0x00000000 x14:0x00000002 x18=0xfffffffe
       90015000	      8902	800075ce	862e	c.mv	x12,x11	  x0:0x00000000 x11:0x80021e64 x12=0x80021e64
       90025000	      8903	800075d0	4f3d	c.li	x30,15	 x30=0x0000000f
       90065000	      8907	800075d2	038ea1b3	mulhsu	x3,x29,x24	 x29:0x0000077b x24:0x24c5e000  x3=0x00000113
       90075000	      8908	800075d6	8d49	c.or	x10,x10	 x10:0x00000000 x10:0x00000000 x10=0x00000000
       90085000	      8909	800075d8	7cce6913	ori	x18,x28,1996	 x28:0x00000002 x18=0x000007ce
       90095000	      8910	800075dc	6b7d	c.lui	x22,0x1f	 x22=0x0001f000
       90105000	      8911	800075de	fbefc313	xori	x6,x31,-66	 x31:0xb0ec34e8  x6=0x4f13cb56
       90115000	      8912	800075e2	41ba5d13	srai	x26,x20,0x1b	 x20:0x0000f35d x26=0x00000000
       90125000	      8913	800075e6	8c99	c.sub	x9,x14	  x9:0x3b116949 x14:0x00000002  x9=0x3b116947
       90135000	      8914	800075e8	918a	c.add	x3,x2	  x3:0x00000113  x2:0x00000013  x3=0x00000126
       90145000	      8915	800075ea	41215233	sra	x4,x2,x18	  x2:0x00000013 x18:0x000007ce  x4=0x00000000
       90155000	      8916	800075ee	001419b3	sll	x19,x8,x1	  x8:0x00000001  x1:0x00000000 x19=0x00000001
       90165000	      8917	800075f2	0001	c.addi	x0,0	  x0:0x00000000  x0=0x00000000
       90175000	      8918	800075f4	036b8e63	beq	x23,x22,80007630	 x23:0x00000000 x22:0x0001f000
       90205000	      8921	800075f8	035e8133	mul	x2,x29,x21	 x29:0x0000077b x21:0x00000000  x2=0x00000000
       90215000	      8922	800075fc	005dde93	srli	x29,x27,0x5	 x27:0xfffffcff x29=0x07ffffe7
       90225000	      8923	80007600	40b104b3	sub	x9,x2,x11	  x2:0x00000000 x11:0x80021e64  x9=0x7ffde19c
       90235000	      8924	80007604	41075433	sra	x8,x14,x16	 x14:0x00000002 x16:0x0000f020  x8=0x00000002
       90245000	      8925	80007608	02305c63	bge	x0,x3,80007640	  x0:0x00000000  x3:0x00000126
       90265000	      8927	8000760c	02a4deb3	divu	x29,x9,x10	  x9:0x7ffde19c x10:0x00000000 x29=0xffffffff
       90275000	      8928	80007610	0001	c.addi	x0,0	  x0:0x00000000  x0=0x00000000
       90285000	      8929	80007612	8ca1	c.xor	x9,x8	  x9:0x7ffde19c  x8:0x00000002  x9=0x7ffde19e
       90295000	      8930	80007614	6115	c.addi16sp	x2,288	  x2:0x00000000  x2=0x00000120
       90335000	      8934	80007616	026714b3	mulh	x9,x14,x6	 x14:0x00000002  x6:0x4f13cb56  x9=0x00000000
       90345000	      8935	8000761a	6fd54113	xori	x2,x10,1789	 x10:0x00000000  x2=0x000006fd
       90355000	      8936	8000761e	e2b8b513	sltiu	x10,x17,-469	 x17:0xe6e1359c x10=0x00000001
       90365000	      8937	80007622	803d	c.srli	x8,0xf	  x8:0x00000002  x8=0x00000000
       90375000	      8938	80007624	08b98313	addi	x6,x19,139	 x19:0x00000001  x6=0x0000008c
       90385000	      8939	80007628	1890	c.addi4spn	x12,x2,112	 x12=0x0000076d
       90395000	      8940	8000762a	01959993	slli	x19,x11,0x19	 x11:0x80021e64 x19=0xc8000000
       90405000	      8941	8000762e	e30d	c.bnez	x14,80007650	 x14:0x00000002
       90425000	      8943	80007650	59fd	c.li	x19,-1	 x19=0xffffffff
       90435000	      8944	80007652	015d84b3	add	x9,x27,x21	 x27:0xfffffcff x21:0x00000000  x9=0xfffffcff
       90445000	      8945	80007656	00799e33	sll	x28,x19,x7	 x19:0xffffffff  x7:0x00000000 x28=0xffffffff
       90455000	      8946	8000765a	0b90	c.addi4spn	x12,x2,464	 x12=0x000008cd
       90465000	      8947	8000765c	03b20363	beq	x4,x27,80007682	  x4:0x00000000 x27:0xfffffcff
       90475000	      8948	80007660	0001	c.addi	x0,0	  x0:0x00000000  x0=0x00000000
       90485000	      8949	80007662	0064bf33	sltu	x30,x9,x6	  x9:0xfffffcff  x6:0x0000008c x30=0x00000000
       90495000	      8950	80007666	401d8fb3	sub	x31,x27,x1	 x27:0xfffffcff  x1:0x00000000 x31=0xfffffcff
       90505000	      8951	8000766a	523c3a13	sltiu	x20,x24,1315	 x24:0x24c5e000 x20=0x00000000
       90515000	      8952	8000766e	01564cb3	xor	x25,x12,x21	 x12:0x000008cd x21:0x00000000 x25=0x000008cd
       90525000	      8953	80007672	00c8bd33	sltu	x26,x17,x12	 x17:0xe6e1359c x12:0x000008cd x26=0x00000000
       90565000	      8957	80007676	02d99a33	mulh	x20,x19,x13	 x19:0xffffffff x13:0x80025ce4 x20=0x00000000
       90575000	      8958	8000767a	1f9c	c.addi4spn	x15,x2,1008	 x15=0x00000aed
       90585000	      8959	8000767c	717d	c.addi16sp	x2,-16	  x2:0x000006fd  x2=0x000006ed
       90595000	      8960	8000767e	8e16	c.mv	x28,x5	  x0:0x00000000  x5:0xc8e80000 x28=0xc8e80000
       90605000	      8961	80007680	098e	c.slli	x19,0x3	 x19:0xffffffff x19=0xfffffff8
       90615000	      8962	80007682	1f98	c.addi4spn	x14,x2,1008	 x14=0x00000add
       90625000	      8963	80007684	8e05	c.sub	x12,x9	 x12:0x000008cd  x9:0xfffffcff x12=0x00000bce
       90635000	      8964	80007686	177d	c.addi	x14,-1	 x14:0x00000add x14=0x00000adc
       90645000	      8965	80007688	015177b3	and	x15,x2,x21	  x2:0x000006ed x21:0x00000000 x15=0x00000000
       90655000	      8966	8000768c	00ab1d33	sll	x26,x22,x10	 x22:0x0001f000 x10:0x00000001 x26=0x0003e000
       90665000	      8967	80007690	0001	c.addi	x0,0	  x0:0x00000000  x0=0x00000000
       90685000	      8969	80007692	02045133	divu	x2,x8,x0	  x8:0x00000000  x0:0x00000000  x2=0xffffffff
       90695000	      8970	80007696	38ca3493	sltiu	x9,x20,908	 x20:0x00000000  x9=0x00000001
       90705000	      8971	8000769a	01b74363	blt	x14,x27,800076a0	 x14:0x00000adc x27:0xfffffcff
       90715000	      8972	8000769e	6139	c.addi16sp	x2,448	  x2:0xffffffff  x2=0x000001bf
       90725000	      8973	800076a0	2a17f213	andi	x4,x15,673	 x15:0x00000000  x4=0x00000000
       90735000	      8974	800076a4	00d1ee33	or	x28,x3,x13	  x3:0x00000126 x13:0x80025ce4 x28=0x80025de6
       90745000	      8975	800076a8	54fd	c.li	x9,-1	  x9=0xffffffff
       90755000	      8976	800076aa	0eae	c.slli	x29,0xb	 x29:0xffffffff x29=0xfffff800
       90795000	      8980	800076ac	024d3d33	mulhu	x26,x26,x4	 x26:0x0003e000  x4:0x00000000 x26=0x00000000
       90835000	      8984	800076b0	036e1333	mulh	x6,x28,x22	 x28:0x80025de6 x22:0x0001f000  x6=0xffff0804
       91205000	      9021	800076b4	03beeb33	rem	x22,x29,x27	 x29:0xfffff800 x27:0xfffffcff x22=0xfffffe02
       91215000	      9022	800076b8	cb15	c.beqz	x14,800076ec	 x14:0x00000adc
       91225000	      9023	800076ba	ab96a713	slti	x14,x13,-1351	 x13:0x80025ce4 x14=0x00000001
       91235000	      9024	800076be	01c0cf33	xor	x30,x1,x28	  x1:0x00000000 x28:0x80025de6 x30=0x80025de6
       91245000	      9025	800076c2	8ca9	c.xor	x9,x10	  x9:0xffffffff x10:0x00000001  x9=0xfffffffe
       91255000	      9026	800076c4	81e2	c.mv	x3,x24	  x0:0x00000000 x24:0x24c5e000  x3=0x24c5e000
       91265000	      9027	800076c6	c3367413	andi	x8,x12,-973	 x12:0x00000bce  x8=0x00000802
       91275000	      9028	800076ca	968a5917	auipc	x18,0x968a5	 x18=0x168ac6ca
       91315000	      9032	800076ce	02a23033	mulhu	x0,x4,x10	  x4:0x00000000 x10:0x00000001  x0=0x00000000
       91325000	      9033	800076d2	0001	c.addi	x0,0	  x0:0x00000000  x0=0x00000000
       91335000	      9034	800076d4	0001	c.addi	x0,0	  x0:0x00000000  x0=0x00000000
       91345000	      9035	800076d6	ce05	c.beqz	x12,8000770e	 x12:0x00000bce
       91355000	      9036	800076d8	92beefb7	lui	x31,0x92bee	 x31=0x92bee000
       91365000	      9037	800076dc	8111	c.srli	x10,0x4	 x10:0x00000001 x10=0x00000000
       91375000	      9038	800076de	00cd	c.addi	x1,19	  x1:0x00000000  x1=0x00000013
       91385000	      9039	800076e0	6559	c.lui	x10,0x16	 x10=0x00016000
       91395000	      9040	800076e2	9bb2	c.add	x23,x12	 x23:0x00000000 x12:0x00000bce x23=0x00000bce
       91405000	      9041	800076e4	0ff0000f	fence	iorw,iorw	
       91415000	      9042	800076e8	90978993	addi	x19,x15,-1783	 x15:0x00000000 x19=0xfffff909
       91425000	      9043	800076ec	0001	c.addi	x0,0	  x0:0x00000000  x0=0x00000000
       91435000	      9044	800076ee	031c	c.addi4spn	x15,x2,384	 x15=0x0000033f
       91445000	      9045	800076f0	0c72	c.slli	x24,0x1c	 x24:0x24c5e000 x24=0x00000000
       91455000	      9046	800076f2	8331	c.srli	x14,0xc	 x14:0x00000001 x14=0x00000000
       91465000	      9047	800076f4	0163a9b3	slt	x19,x7,x22	  x7:0x00000000 x22:0xfffffe02 x19=0x00000000
       91475000	      9048	800076f8	cd1d	c.beqz	x10,80007736	 x10:0x00016000
       91515000	      9052	800076fa	0300ba33	mulhu	x20,x1,x16	  x1:0x00000013 x16:0x0000f020 x20=0x00000000
       91525000	      9053	800076fe	01f31d63	bne	x6,x31,80007718	  x6:0xffff0804 x31:0x92bee000
       91905000	      9091	80007718	0315fbb3	remu	x23,x11,x17	 x11:0x80021e64 x17:0xe6e1359c x23=0x80021e64
       91915000	      9092	8000771c	0001	c.addi	x0,0	  x0:0x00000000  x0=0x00000000
       91925000	      9093	8000771e	8c95	c.sub	x9,x13	  x9:0xfffffffe x13:0x80025ce4  x9=0x7ffda31a
       91935000	      9094	80007720	57b8a113	slti	x2,x17,1403	 x17:0xe6e1359c  x2=0x00000001
       91945000	      9095	80007724	137d	c.addi	x6,-1	  x6:0xffff0804  x6=0xffff0803
       91985000	      9099	80007726	0252b533	mulhu	x10,x5,x5	  x5:0xc8e80000  x5:0xc8e80000 x10=0x9dab5240
       91995000	      9100	8000772a	002a6433	or	x8,x20,x2	 x20:0x00000000  x2:0x00000001  x8=0x00000001
       92005000	      9101	8000772e	0003a8b3	slt	x17,x7,x0	  x7:0x00000000  x0:0x00000000 x17=0x00000000
       92015000	      9102	80007732	3ab5bd93	sltiu	x27,x11,939	 x11:0x80021e64 x27=0x00000000
       92025000	      9103	80007736	8521	c.srai	x10,0x8	 x10:0x9dab5240 x10=0xff9dab52
       92035000	      9104	80007738	00116733	or	x14,x2,x1	  x2:0x00000001  x1:0x00000013 x14=0x00000013
       92045000	      9105	8000773c	153f2713	slti	x14,x30,339	 x30:0x80025de6 x14=0x00000001
       92415000	      9142	80007740	0308eeb3	rem	x29,x17,x16	 x17:0x00000000 x16:0x0000f020 x29=0x00000000
       92425000	      9143	80007744	84b1	c.srai	x9,0xc	  x9:0x7ffda31a  x9=0x0007ffda
       92435000	      9144	80007746	567d	c.li	x12,-1	 x12=0xffffffff
       92445000	      9145	80007748	92b6	c.add	x5,x13	  x5:0xc8e80000 x13:0x80025ce4  x5=0x48ea5ce4
       92815000	      9182	8000774a	02add8b3	divu	x17,x27,x10	 x27:0x00000000 x10:0xff9dab52 x17=0x00000000
       92825000	      9183	8000774e	5cfd	c.li	x25,-1	 x25=0xffffffff
       92835000	      9184	80007750	02501963	bne	x0,x5,80007782	  x0:0x00000000  x5:0x48ea5ce4
       92855000	      9186	80007782	0b16	c.slli	x22,0x5	 x22:0xfffffe02 x22=0xffffc040
       92895000	      9190	80007784	021b3b33	mulhu	x22,x22,x1	 x22:0xffffc040  x1:0x00000013 x22=0x00000012
       92905000	      9191	80007788	003b7333	and	x6,x22,x3	 x22:0x00000012  x3:0x24c5e000  x6=0x00000000
       92915000	      9192	8000778c	1e7d	c.addi	x28,-1	 x28:0x80025de6 x28=0x80025de5
       92925000	      9193	8000778e	9a76	c.add	x20,x29	 x20:0x00000000 x29:0x00000000 x20=0x00000000
       92935000	      9194	80007790	0ff0000f	fence	iorw,iorw	
       92945000	      9195	80007794	0001	c.addi	x0,0	  x0:0x00000000  x0=0x00000000
       92955000	      9196	80007796	0133ca33	xor	x20,x7,x19	  x7:0x00000000 x19:0x00000000 x20=0x00000000
       92965000	      9197	8000779a	05207263	bgeu	x0,x18,800077de	  x0:0x00000000 x18:0x168ac6ca
       92975000	      9198	8000779e	014c5cb3	srl	x25,x24,x20	 x24:0x00000000 x20:0x00000000 x25=0x00000000
       92985000	      9199	800077a2	ffb94913	xori	x18,x18,-5	 x18:0x168ac6ca x18=0xe9753931
       92995000	      9200	800077a6	822a4b93	xori	x23,x20,-2014	 x20:0x00000000 x23=0xfffff822
       93005000	      9201	800077aa	0193cc33	xor	x24,x7,x25	  x7:0x00000000 x25:0x00000000 x24=0x00000000
       93015000	      9202	800077ae	00c71bb3	sll	x23,x14,x12	 x14:0x00000001 x12:0xffffffff x23=0x80000000
       93025000	      9203	800077b2	401bd733	sra	x14,x23,x1	 x23:0x80000000  x1:0x00000013 x14=0xfffff000
       93035000	      9204	800077b6	0a80	c.addi4spn	x8,x2,336	  x8=0x00000151
       93045000	      9205	800077b8	84e5	c.srai	x9,0x19	  x9:0x0007ffda  x9=0x00000000
       93055000	      9206	800077ba	00561133	sll	x2,x12,x5	 x12:0xffffffff  x5:0x48ea5ce4  x2=0xfffffff0
       93065000	      9207	800077be	01afd763	bge	x31,x26,800077cc	 x31:0x92bee000 x26:0x00000000
       93435000	      9244	800077c2	02e6fbb3	remu	x23,x13,x14	 x13:0x80025ce4 x14:0xfffff000 x23=0x80025ce4
       93445000	      9245	800077c6	00fd7733	and	x14,x26,x15	 x26:0x00000000 x15:0x0000033f x14=0x00000000
       93455000	      9246	800077ca	8f2d	c.xor	x14,x11	 x14:0x00000000 x11:0x80021e64 x14=0x80021e64
       93465000	      9247	800077cc	c8a0be93	sltiu	x29,x1,-886	  x1:0x00000013 x29=0x00000001
       93475000	      9248	800077d0	49f5	c.li	x19,29	 x19=0x0000001d
       93485000	      9249	800077d2	66297ab7	lui	x21,0x66297	 x21=0x66297000
       93495000	      9250	800077d6	8c35	c.xor	x8,x13	  x8:0x00000151 x13:0x80025ce4  x8=0x80025db5
       93535000	      9254	800077d8	02cc38b3	mulhu	x17,x24,x12	 x24:0x00000000 x12:0xffffffff x17=0x00000000
       93545000	      9255	800077dc	9a7d	c.andi	x12,-1	 x12:0xffffffff x12=0xffffffff
       93555000	      9256	800077de	0000100f	fence.i	
       93945000	      9295	800077e2	0334ec33	rem	x24,x9,x19	  x9:0x00000000 x19:0x0000001d x24=0x00000000
       93955000	      9296	800077e6	413a5493	srai	x9,x20,0x13	 x20:0x00000000  x9=0x00000000
       93965000	      9297	800077ea	00be9013	slli	x0,x29,0xb	 x29:0x00000001  x0=0x00000000
       93975000	      9298	800077ee	1090	c.addi4spn	x12,x2,96	 x12=0x00000050
       93985000	      9299	800077f0	0001	c.addi	x0,0	  x0:0x00000000  x0=0x00000000
       93995000	      9300	800077f2	6ffd	c.lui	x31,0x1f	 x31=0x0001f000
       94005000	      9301	800077f4	0001	c.addi	x0,0	  x0:0x00000000  x0=0x00000000
       94015000	      9302	800077f6	8335	c.srli	x14,0xd	 x14:0x80021e64 x14=0x00040010
       94025000	      9303	800077f8	63432f13	slti	x30,x6,1588	  x6:0x00000000 x30=0x00000001
       94035000	      9304	800077fc	00402a33	slt	x20,x0,x4	  x0:0x00000000  x4:0x00000000 x20=0x00000000
       94045000	      9305	80007800	b8484713	xori	x14,x16,-1148	 x16:0x0000f020 x14=0xffff0ba4
       94065000	      9307	80007804	034cddb3	divu	x27,x25,x20	 x25:0x00000000 x20:0x00000000 x27=0xffffffff
       94075000	      9308	80007808	413988b3	sub	x17,x19,x19	 x19:0x0000001d x19:0x0000001d x17=0x00000000
       94085000	      9309	8000780c	49ad	c.li	x19,11	 x19=0x0000000b
       94095000	      9310	8000780e	01f96a33	or	x20,x18,x31	 x18:0xe9753931 x31:0x0001f000 x20=0xe975f931
       94135000	      9314	80007812	028124b3	mulhsu	x9,x2,x8	  x2:0xfffffff0  x8:0x80025db5  x9=0xfffffff7
       94145000	      9315	80007816	03327b63	bgeu	x4,x19,8000784c	  x4:0x00000000 x19:0x0000000b
       94155000	      9316	8000781a	8c49	c.or	x8,x10	  x8:0x80025db5 x10:0xff9dab52  x8=0xff9ffff7
       94165000	      9317	8000781c	8e4d	c.or	x12,x11	 x12:0x00000050 x11:0x80021e64 x12=0x80021e74
       94175000	      9318	8000781e	abcfc513	xori	x10,x31,-1348	 x31:0x0001f000 x10=0xfffe0abc
       94185000	      9319	80007822	00636633	or	x12,x6,x6	  x6:0x00000000  x6:0x00000000 x12=0x00000000
       94195000	      9320	80007826	0d84	c.addi4spn	x9,x2,720	  x9=0x000002c0
       94205000	      9321	80007828	0060e2b3	or	x5,x1,x6	  x1:0x00000013  x6:0x00000000  x5=0x00000013
       94215000	      9322	8000782c	8fb1	c.xor	x15,x12	 x15:0x0000033f x12:0x00000000 x15=0x0000033f
       94225000	      9323	8000782e	0383ed63	bltu	x7,x24,80007868	  x7:0x00000000 x24:0x00000000
       94235000	      9324	80007832	8e8a	c.mv	x29,x2	  x0:0x00000000  x2:0xfffffff0 x29=0xfffffff0
       94245000	      9325	80007834	0ff0000f	fence	iorw,iorw	
       94255000	      9326	80007838	8fb5	c.xor	x15,x13	 x15:0x0000033f x13:0x80025ce4 x15=0x80025fdb
       94265000	      9327	8000783a	0ff0000f	fence	iorw,iorw	
       94275000	      9328	8000783e	0bc1	c.addi	x23,16	 x23:0x80025ce4 x23=0x80025cf4
       94285000	      9329	80007840	8eb6	c.mv	x29,x13	  x0:0x00000000 x13:0x80025ce4 x29=0x80025ce4
       94295000	      9330	80007842	50726d93	ori	x27,x4,1287	  x4:0x00000000 x27=0x00000507
       94305000	      9331	80007846	8dae	c.mv	x27,x11	  x0:0x00000000 x11:0x80021e64 x27=0x80021e64
       94315000	      9332	80007848	40985d13	srai	x26,x16,0x9	 x16:0x0000f020 x26=0x00000078
       94325000	      9333	8000784c	00c36933	or	x18,x6,x12	  x6:0x00000000 x12:0x00000000 x18=0x00000000
       94335000	      9334	80007850	19fd	c.addi	x19,-1	 x19:0x0000000b x19=0x0000000a
       94345000	      9335	80007852	416ddc33	sra	x24,x27,x22	 x27:0x80021e64 x22:0x00000012 x24=0xffffe000
       94355000	      9336	80007856	0d4e	c.slli	x26,0x13	 x26:0x00000078 x26=0x03c00000
       94365000	      9337	80007858	46bfc993	xori	x19,x31,1131	 x31:0x0001f000 x19=0x0001f46b
       94375000	      9338	8000785c	013d8963	beq	x27,x19,8000786e	 x27:0x80021e64 x19:0x0001f46b
       94385000	      9339	80007860	ecc83b93	sltiu	x23,x16,-308	 x16:0x0000f020 x23=0x00000001
       94395000	      9340	80007864	0000100f	fence.i	
       94415000	      9342	80007868	8cc9	c.or	x9,x10	  x9:0x000002c0 x10:0xfffe0abc  x9=0xfffe0afc
       94425000	      9343	8000786a	98fd	c.andi	x9,-1	  x9:0xfffe0afc  x9=0xfffe0afc
       94435000	      9344	8000786c	9bfd	c.andi	x15,-1	 x15:0x80025fdb x15=0x80025fdb
       94445000	      9345	8000786e	9c32	c.add	x24,x12	 x24:0xffffe000 x12:0x00000000 x24=0xffffe000
       94815000	      9382	80007870	02a95433	divu	x8,x18,x10	 x18:0x00000000 x10:0xfffe0abc  x8=0x00000000
       94825000	      9383	80007874	037bf893	andi	x17,x23,55	 x23:0x00000001 x17=0x00000001
       94835000	      9384	80007878	88bd	c.andi	x9,15	  x9:0xfffe0afc  x9=0x0000000c
       95205000	      9421	8000787a	03166bb3	rem	x23,x12,x17	 x12:0x00000000 x17:0x00000001 x23=0x00000000
       95215000	      9422	8000787e	817e	c.mv	x2,x31	  x0:0x00000000 x31:0x0001f000  x2=0x0001f000
       95225000	      9423	80007880	00b8db33	srl	x22,x17,x11	 x17:0x00000001 x11:0x80021e64 x22=0x00000000
       95235000	      9424	80007884	2ecee793	ori	x15,x29,748	 x29:0x80025ce4 x15=0x80025eec
       95245000	      9425	80007888	00c59133	sll	x2,x11,x12	 x11:0x80021e64 x12:0x00000000  x2=0x80021e64
       95255000	      9426	8000788c	04fa	c.slli	x9,0x1e	  x9:0x0000000c  x9=0x00000000
       95265000	      9427	8000788e	b4cb78b7	lui	x17,0xb4cb7	 x17=0xb4cb7000
       95275000	      9428	80007892	09d9	c.addi	x19,22	 x19:0x0001f46b x19=0x0001f481
       95285000	      9429	80007894	00f257b3	srl	x15,x4,x15	  x4:0x00000000 x15:0x80025eec x15=0x00000000
       95295000	      9430	80007898	0ff0000f	fence	iorw,iorw	
       95305000	      9431	8000789c	99bda717	auipc	x14,0x99bda	 x14=0x19be189c
       95315000	      9432	800078a0	8e01	c.sub	x12,x8	 x12:0x00000000  x8:0x00000000 x12=0x00000000
       95325000	      9433	800078a2	0001	c.addi	x0,0	  x0:0x00000000  x0=0x00000000
       95335000	      9434	800078a4	bea03c93	sltiu	x25,x0,-1046	  x0:0x00000000 x25=0x00000001
       95345000	      9435	800078a8	0ff0000f	fence	iorw,iorw	
       95355000	      9436	800078ac	015b8e33	add	x28,x23,x21	 x23:0x00000000 x21:0x66297000 x28=0x66297000
       95365000	      9437	800078b0	0f80	c.addi4spn	x8,x2,976	  x8=0x80022234
       95375000	      9438	800078b2	0001	c.addi	x0,0	  x0:0x00000000  x0=0x00000000
       95385000	      9439	800078b4	290b3c13	sltiu	x24,x22,656	 x22:0x00000000 x24=0x00000001
       95395000	      9440	800078b8	01c4f433	and	x8,x9,x28	  x9:0x00000000 x28:0x66297000  x8=0x00000000
       95405000	      9441	800078bc	ace66113	ori	x2,x12,-1330	 x12:0x00000000  x2=0xffffface
       95415000	      9442	800078c0	6111	c.addi16sp	x2,256	  x2:0xffffface  x2=0xfffffbce
       95455000	      9446	800078c2	02921eb3	mulh	x29,x4,x9	  x4:0x00000000  x9:0x00000000 x29=0x00000000
       95465000	      9447	800078c6	8476	c.mv	x8,x29	  x0:0x00000000 x29:0x00000000  x8=0x00000000
       95475000	      9448	800078c8	054f4263	blt	x30,x20,8000790c	 x30:0x00000001 x20:0xe975f931
       95485000	      9449	800078cc	0133ec63	bltu	x7,x19,800078e4	  x7:0x00000000 x19:0x0001f481
       95505000	      9451	800078e4	109c	c.addi4spn	x15,x2,96	 x15=0xfffffc2e
       95515000	      9452	800078e6	01d6a433	slt	x8,x13,x29	 x13:0x80025ce4 x29:0x00000000  x8=0x00000001
       95885000	      9489	800078ea	0347ddb3	divu	x27,x15,x20	 x15:0xfffffc2e x20:0xe975f931 x27=0x00000001
       95895000	      9490	800078ee	002f74b3	and	x9,x30,x2	 x30:0x00000001  x2:0xfffffbce  x9=0x00000000
       95915000	      9492	800078f2	02654d33	div	x26,x10,x6	 x10:0xfffe0abc  x6:0x00000000 x26=0xffffffff
       95945000	      9495	800078f6	03a507b3	mul	x15,x10,x26	 x10:0xfffe0abc x26:0xffffffff x15=0x0001f544
       96315000	      9532	800078fa	02a07133	remu	x2,x0,x10	  x0:0x00000000 x10:0xfffe0abc  x2=0x00000000
       96325000	      9533	800078fe	02609163	bne	x1,x6,80007920	  x1:0x00000013  x6:0x00000000
       96345000	      9535	80007920	ea31c013	xori	x0,x3,-349	  x3:0x24c5e000  x0=0x00000000
       96355000	      9536	80007924	011e8133	add	x2,x29,x17	 x29:0x00000000 x17:0xb4cb7000  x2=0xb4cb7000
       96365000	      9537	80007928	6f21	c.lui	x30,0x8	 x30=0x00008000
       96375000	      9538	8000792a	401f0c33	sub	x24,x30,x1	 x30:0x00008000  x1:0x00000013 x24=0x00007fed
       96385000	      9539	8000792e	0000100f	fence.i	
       96445000	      9545	80007932	0277a333	mulhsu	x6,x15,x7	 x15:0x0001f544  x7:0x00000000  x6=0x00000000
       96455000	      9546	80007936	8a1d	c.andi	x12,7	 x12:0x00000000 x12=0x00000000
       96465000	      9547	80007938	02f7d363	bge	x15,x15,8000795e	 x15:0x0001f544 x15:0x0001f544
       96495000	      9550	8000795e	018c8a33	add	x20,x25,x24	 x25:0x00000001 x24:0x00007fed x20=0x00007fee
       96505000	      9551	80007962	02c96d63	bltu	x18,x12,8000799c	 x18:0x00000000 x12:0x00000000
       96515000	      9552	80007966	011f28b3	slt	x17,x30,x17	 x30:0x00008000 x17:0xb4cb7000 x17=0x00000000
       96525000	      9553	8000796a	0001	c.addi	x0,0	  x0:0x00000000  x0=0x00000000
       96895000	      9590	8000796c	0359d133	divu	x2,x19,x21	 x19:0x0001f481 x21:0x66297000  x2=0x00000000
       96905000	      9591	80007970	41045213	srai	x4,x8,0x10	  x8:0x00000001  x4=0x00000000
       96915000	      9592	80007974	80480db7	lui	x27,0x80480	 x27=0x80480000
       96925000	      9593	80007978	0ff0000f	fence	iorw,iorw	
       96965000	      9597	8000797c	031e24b3	mulhsu	x9,x28,x17	 x28:0x66297000 x17:0x00000000  x9=0x00000000
       96975000	      9598	80007980	01241233	sll	x4,x8,x18	  x8:0x00000001 x18:0x00000000  x4=0x00000001
       96985000	      9599	80007984	0ff0000f	fence	iorw,iorw	
       97355000	      9636	80007988	02de70b3	remu	x1,x28,x13	 x28:0x66297000 x13:0x80025ce4  x1=0x66297000
       97395000	      9640	8000798c	03fba0b3	mulhsu	x1,x23,x31	 x23:0x00000000 x31:0x0001f000  x1=0x00000000
       97435000	      9644	80007990	03c9adb3	mulhsu	x27,x19,x28	 x19:0x0001f481 x28:0x66297000 x27=0x0000c7bc
       97445000	      9645	80007994	c481	c.beqz	x9,8000799c	  x9:0x00000000
       97465000	      9647	8000799c	40f95133	sra	x2,x18,x15	 x18:0x00000000 x15:0x0001f544  x2=0x00000000
       97475000	      9648	800079a0	41915eb3	sra	x29,x2,x25	  x2:0x00000000 x25:0x00000001 x29=0x00000000
       97485000	      9649	800079a4	5b602c93	slti	x25,x0,1462	  x0:0x00000000 x25=0x00000001
       97495000	      9650	800079a8	8f71	c.and	x14,x12	 x14:0x19be189c x12:0x00000000 x14=0x00000000
       97865000	      9687	800079aa	039d6d33	rem	x26,x26,x25	 x26:0xffffffff x25:0x00000001 x26=0x00000000
       97875000	      9688	800079ae	04540163	beq	x8,x5,800079f0	  x8:0x00000001  x5:0x00000013
       97895000	      9690	800079b2	020e7c33	remu	x24,x28,x0	 x28:0x66297000  x0:0x00000000 x24=0x66297000
       97905000	      9691	800079b6	8993bc93	sltiu	x25,x7,-1895	  x7:0x00000000 x25=0x00000001
       97915000	      9692	800079ba	003b3eb3	sltu	x29,x22,x3	 x22:0x00000000  x3:0x24c5e000 x29=0x00000001
       97925000	      9693	800079be	00028533	add	x10,x5,x0	  x5:0x00000013  x0:0x00000000 x10=0x00000013
       97935000	      9694	800079c2	40f2d713	srai	x14,x5,0xf	  x5:0x00000013 x14=0x00000000
       97945000	      9695	800079c6	8fa9	c.xor	x15,x10	 x15:0x0001f544 x10:0x00000013 x15=0x0001f557
       97955000	      9696	800079c8	41465db3	sra	x27,x12,x20	 x12:0x00000000 x20:0x00007fee x27=0x00000000
       97965000	      9697	800079cc	00f74433	xor	x8,x14,x15	 x14:0x00000000 x15:0x0001f557  x8=0x0001f557
       97975000	      9698	800079d0	8665	c.srai	x12,0x19	 x12:0x00000000 x12=0x00000000
       97985000	      9699	800079d2	03808f63	beq	x1,x24,80007a10	  x1:0x00000000 x24:0x66297000
       97995000	      9700	800079d6	8f1d	c.sub	x14,x15	 x14:0x00000000 x15:0x0001f557 x14=0xfffe0aa9
       98005000	      9701	800079d8	28a2a113	slti	x2,x5,650	  x5:0x00000013  x2=0x00000001
       98015000	      9702	800079dc	8366	c.mv	x6,x25	  x0:0x00000000 x25:0x00000001  x6=0x00000001
       98025000	      9703	800079de	613d	c.addi16sp	x2,480	  x2:0x00000001  x2=0x000001e1
       98035000	      9704	800079e0	8cf1	c.and	x9,x12	  x9:0x00000000 x12:0x00000000  x9=0x00000000
       98045000	      9705	800079e2	5ed96f13	ori	x30,x18,1517	 x18:0x00000000 x30=0x000005ed
       98055000	      9706	800079e6	0ff0000f	fence	iorw,iorw	
       98065000	      9707	800079ea	002f5b63	bge	x30,x2,80007a00	 x30:0x000005ed  x2:0x000001e1
       98085000	      9709	80007a00	8c92	c.mv	x25,x4	  x0:0x00000000  x4:0x00000001 x25=0x00000001
       98095000	      9710	80007a02	8161	c.srli	x10,0x18	 x10:0x00000013 x10=0x00000000
       98105000	      9711	80007a04	09edc413	xori	x8,x27,158	 x27:0x00000000  x8=0x0000009e
       98115000	      9712	80007a08	410cba93	sltiu	x21,x25,1040	 x25:0x00000001 x21=0x00000001
       98485000	      9749	80007a0c	0245c333	div	x6,x11,x4	 x11:0x80021e64  x4:0x00000001  x6=0x80021e64
       98495000	      9750	80007a10	8c5d	c.or	x8,x15	  x8:0x0000009e x15:0x0001f557  x8=0x0001f5df
       98505000	      9751	80007a12	35376513	ori	x10,x14,851	 x14:0xfffe0aa9 x10=0xfffe0bfb
       98515000	      9752	80007a16	0706	c.slli	x14,0x1	 x14:0xfffe0aa9 x14=0xfffc1552
       98525000	      9753	80007a18	893da493	slti	x9,x27,-1901	 x27:0x00000000  x9=0x00000000
       98545000	      9755	80007a1c	0207cc33	div	x24,x15,x0	 x15:0x0001f557  x0:0x00000000 x24=0xffffffff
       98555000	      9756	80007a20	8d7d	c.and	x10,x15	 x10:0xfffe0bfb x15:0x0001f557 x10=0x00000153
       98565000	      9757	80007a22	8c41	c.or	x8,x8	  x8:0x0001f5df  x8:0x0001f5df  x8=0x0001f5df
       98575000	      9758	80007a24	762f2317	auipc	x6,0x762f2	  x6=0xf62f9a24
       98605000	      9761	80007a28	028c8cb3	mul	x25,x25,x8	 x25:0x00000001  x8:0x0001f5df x25=0x0001f5df
       98615000	      9762	80007a2c	0001	c.addi	x0,0	  x0:0x00000000  x0=0x00000000
       98625000	      9763	80007a2e	01a4f433	and	x8,x9,x26	  x9:0x00000000 x26:0x00000000  x8=0x00000000
       98635000	      9764	80007a32	00e910b3	sll	x1,x18,x14	 x18:0x00000000 x14:0xfffc1552  x1=0x00000000
       98645000	      9765	80007a36	03705263	bge	x0,x23,80007a5a	  x0:0x00000000 x23:0x00000000
       98675000	      9768	80007a5a	4178d613	srai	x12,x17,0x17	 x17:0x00000000 x12=0x00000000
       98685000	      9769	80007a5e	01a8dc13	srli	x24,x17,0x1a	 x17:0x00000000 x24=0x00000000
       98695000	      9770	80007a62	8429	c.srai	x8,0xa	  x8:0x00000000  x8=0x00000000
       98705000	      9771	80007a64	03d06b63	bltu	x0,x29,80007a9a	  x0:0x00000000 x29:0x00000001
       98765000	      9777	80007a9a	034f1133	mulh	x2,x30,x20	 x30:0x000005ed x20:0x00007fee  x2=0x00000000
       98775000	      9778	80007a9e	c011	c.beqz	x8,80007aa2	  x8:0x00000000
       98815000	      9782	80007aa2	020359b3	divu	x19,x6,x0	  x6:0xf62f9a24  x0:0x00000000 x19=0xffffffff
       98825000	      9783	80007aa6	8ced	c.and	x9,x11	  x9:0x00000000 x11:0x80021e64  x9=0x00000000
       98835000	      9784	80007aa8	077d4a13	xori	x20,x26,119	 x26:0x00000000 x20=0x00000077
       98845000	      9785	80007aac	01c85963	bge	x16,x28,80007abe	 x16:0x0000f020 x28:0x66297000
       98855000	      9786	80007ab0	666d	c.lui	x12,0x1b	 x12=0x0001b000
       98865000	      9787	80007ab2	8e39	c.xor	x12,x14	 x12:0x0001b000 x14:0xfffc1552 x12=0xfffda552
       98875000	      9788	80007ab4	1e7d	c.addi	x28,-1	 x28:0x66297000 x28=0x66296fff
       98885000	      9789	80007ab6	0ff0000f	fence	iorw,iorw	
       98895000	      9790	80007aba	40210233	sub	x4,x2,x2	  x2:0x00000000  x2:0x00000000  x4=0x00000000
       98905000	      9791	80007abe	4e45	c.li	x28,17	 x28=0x00000011
       98915000	      9792	80007ac0	4068d233	sra	x4,x17,x6	 x17:0x00000000  x6:0xf62f9a24  x4=0x00000000
       98925000	      9793	80007ac4	442bad37	lui	x26,0x442ba	 x26=0x442ba000
       98935000	      9794	80007ac8	0001	c.addi	x0,0	  x0:0x00000000  x0=0x00000000
       98975000	      9798	80007aca	03f822b3	mulhsu	x5,x16,x31	 x16:0x0000f020 x31:0x0001f000  x5=0x00000001
       98985000	      9799	80007ace	8c7d	c.and	x8,x15	  x8:0x00000000 x15:0x0001f557  x8=0x00000000
       98995000	      9800	80007ad0	001b1a63	bne	x22,x1,80007ae4	 x22:0x00000000  x1:0x00000000
       99005000	      9801	80007ad4	0001	c.addi	x0,0	  x0:0x00000000  x0=0x00000000
       99015000	      9802	80007ad6	8d7d	c.and	x10,x15	 x10:0x00000153 x15:0x0001f557 x10=0x00000153
       99025000	      9803	80007ad8	658d4cb7	lui	x25,0x658d4	 x25=0x658d4000
       99035000	      9804	80007adc	8b61	c.andi	x14,24	 x14:0xfffc1552 x14=0x00000010
       99045000	      9805	80007ade	83fd	c.srli	x15,0x1f	 x15:0x0001f557 x15=0x00000000
       99055000	      9806	80007ae0	cd15eb93	ori	x23,x11,-815	 x11:0x80021e64 x23=0xfffffef5
       99065000	      9807	80007ae4	0fd1	c.addi	x31,20	 x31:0x0001f000 x31=0x0001f014
       99075000	      9808	80007ae6	127d	c.addi	x4,-1	  x4:0x00000000  x4=0xffffffff
       99085000	      9809	80007ae8	0001	c.addi	x0,0	  x0:0x00000000  x0=0x00000000
       99095000	      9810	80007aea	8a2d	c.andi	x12,11	 x12:0xfffda552 x12=0x00000002
       99105000	      9811	80007aec	6ed64513	xori	x10,x12,1773	 x12:0x00000002 x10=0x000006ef
       99115000	      9812	80007af0	0b7e	c.slli	x22,0x1f	 x22:0x00000000 x22=0x00000000
       99125000	      9813	80007af2	72be8813	addi	x16,x29,1835	 x29:0x00000001 x16=0x0000072c
       99135000	      9814	80007af6	8451	c.srai	x8,0x14	  x8:0x00000000  x8=0x00000000
       99175000	      9818	80007af8	03dbb1b3	mulhu	x3,x23,x29	 x23:0xfffffef5 x29:0x00000001  x3=0x00000000
       99185000	      9819	80007afc	4efb0c93	addi	x25,x22,1263	 x22:0x00000000 x25=0x000004ef
       99195000	      9820	80007b00	01ebfd33	and	x26,x23,x30	 x23:0xfffffef5 x30:0x000005ed x26=0x000004e5
       99205000	      9821	80007b04	932e	c.add	x6,x11	  x6:0xf62f9a24 x11:0x80021e64  x6=0x7631b888
       99215000	      9822	80007b06	005b1113	slli	x2,x22,0x5	 x22:0x00000000  x2=0x00000000
       99225000	      9823	80007b0a	e3848b97	auipc	x23,0xe3848	 x23=0x6384fb0a
       99245000	      9825	80007b0e	021972b3	remu	x5,x18,x1	 x18:0x00000000  x1:0x00000000  x5=0x00000000
       99255000	      9826	80007b12	006e02b3	add	x5,x28,x6	 x28:0x00000011  x6:0x7631b888  x5=0x7631b899
       99265000	      9827	80007b16	40ec5fb3	sra	x31,x24,x14	 x24:0x00000000 x14:0x00000010 x31=0x00000000
       99275000	      9828	80007b1a	b9793e13	sltiu	x28,x18,-1129	 x18:0x00000000 x28=0x00000001
       99285000	      9829	80007b1e	40978533	sub	x10,x15,x9	 x15:0x00000000  x9:0x00000000 x10=0x00000000
       99295000	      9830	80007b22	01655a93	srli	x21,x10,0x16	 x10:0x00000000 x21=0x00000000
       99305000	      9831	80007b26	8359	c.srli	x14,0x16	 x14:0x00000010 x14=0x00000000
       99315000	      9832	80007b28	81ba	c.mv	x3,x14	  x0:0x00000000 x14:0x00000000  x3=0x00000000
       99325000	      9833	80007b2a	01b22733	slt	x14,x4,x27	  x4:0xffffffff x27:0x00000000 x14=0x00000001
       99335000	      9834	80007b2e	00f59933	sll	x18,x11,x15	 x11:0x80021e64 x15:0x00000000 x18=0x80021e64
       99345000	      9835	80007b32	0435e063	bltu	x11,x3,80007b72	 x11:0x80021e64  x3:0x00000000
       99715000	      9872	80007b36	02e959b3	divu	x19,x18,x14	 x18:0x80021e64 x14:0x00000001 x19=0x80021e64
       99725000	      9873	80007b3a	014ad733	srl	x14,x21,x20	 x21:0x00000000 x20:0x00000077 x14=0x00000000
       99735000	      9874	80007b3e	cfbb3a93	sltiu	x21,x22,-773	 x22:0x00000000 x21=0x00000001
       99745000	      9875	80007b42	41005a13	srai	x20,x0,0x10	  x0:0x00000000 x20=0x00000000
       99755000	      9876	80007b46	0000100f	fence.i	
       99785000	      9879	80007b4a	019adf93	srli	x31,x21,0x19	 x21:0x00000001 x31=0x00000000
       99795000	      9880	80007b4e	01375733	srl	x14,x14,x19	 x14:0x00000000 x19:0x80021e64 x14=0x00000000
       99805000	      9881	80007b52	8d25	c.xor	x10,x9	 x10:0x00000000  x9:0x00000000 x10=0x00000000
       99815000	      9882	80007b54	0000100f	fence.i	
       99835000	      9884	80007b58	d0331d37	lui	x26,0xd0331	 x26=0xd0331000
       99845000	      9885	80007b5c	7ef26293	ori	x5,x4,2031	  x4:0xffffffff  x5=0xffffffff
       99855000	      9886	80007b60	00eded33	or	x26,x27,x14	 x27:0x00000000 x14:0x00000000 x26=0x00000000
       99865000	      9887	80007b64	4b89	c.li	x23,2	 x23=0x00000002
       99875000	      9888	80007b66	00ca9b33	sll	x22,x21,x12	 x21:0x00000001 x12:0x00000002 x22=0x00000004
       99885000	      9889	80007b6a	39434f97	auipc	x31,0x39434	 x31=0xb943bb6a
      100255000	      9926	80007b6e	026e4033	div	x0,x28,x6	 x28:0x00000001  x6:0x7631b888  x0=0x00000000
      100295000	      9930	80007b72	0367bfb3	mulhu	x31,x15,x22	 x15:0x00000000 x22:0x00000004 x31=0x00000000
      100305000	      9931	80007b76	00f1d793	srli	x15,x3,0xf	  x3:0x00000000 x15=0x00000000
      100315000	      9932	80007b7a	03536e63	bltu	x6,x21,80007bb6	  x6:0x7631b888 x21:0x00000001
      100325000	      9933	80007b7e	8c4e	c.mv	x24,x19	  x0:0x00000000 x19:0x80021e64 x24=0x80021e64
      100335000	      9934	80007b80	0001	c.addi	x0,0	  x0:0x00000000  x0=0x00000000
      100345000	      9935	80007b82	6179	c.addi16sp	x2,464	  x2:0x00000000  x2=0x000001d0
      100355000	      9936	80007b84	9b7d	c.andi	x14,-1	 x14:0x00000000 x14=0x00000000
      100365000	      9937	80007b86	02df5863	bge	x30,x13,80007bb6	 x30:0x000005ed x13:0x80025ce4
      100395000	      9940	80007bb6	02859963	bne	x11,x8,80007be8	 x11:0x80021e64  x8:0x00000000
      100775000	      9978	80007be8	02ceee33	rem	x28,x29,x12	 x29:0x00000001 x12:0x00000002 x28=0x00000001
      100785000	      9979	80007bec	0314f463	bgeu	x9,x17,80007c14	  x9:0x00000000 x17:0x00000000
      100805000	      9981	80007c14	0885	c.addi	x17,1	 x17:0x00000000 x17=0x00000001
      100815000	      9982	80007c16	8e45	c.or	x12,x9	 x12:0x00000002  x9:0x00000000 x12=0x00000002
      101185000	     10019	80007c18	039e5c33	divu	x24,x28,x25	 x28:0x00000001 x25:0x000004ef x24=0x00000000
      101195000	     10020	80007c1c	8f71	c.and	x14,x12	 x14:0x00000000 x12:0x00000002 x14=0x00000000
      101205000	     10021	80007c1e	0001	c.addi	x0,0	  x0:0x00000000  x0=0x00000000
      101215000	     10022	80007c20	039af963	bgeu	x21,x25,80007c52	 x21:0x00000001 x25:0x000004ef
      101225000	     10023	80007c24	187d	c.addi	x16,-1	 x16:0x0000072c x16=0x0000072b
      101235000	     10024	80007c26	01de5b93	srli	x23,x28,0x1d	 x28:0x00000001 x23=0x00000000
      101265000	     10027	80007c2a	03338533	mul	x10,x7,x19	  x7:0x00000000 x19:0x80021e64 x10=0x00000000
      101275000	     10028	80007c2e	0062e933	or	x18,x5,x6	  x5:0xffffffff  x6:0x7631b888 x18=0xffffffff
      101285000	     10029	80007c32	01f41a63	bne	x8,x31,80007c46	  x8:0x00000000 x31:0x00000000
      101295000	     10030	80007c36	8f09	c.sub	x14,x10	 x14:0x00000000 x10:0x00000000 x14=0x00000000
      101305000	     10031	80007c38	5afd	c.li	x21,-1	 x21=0xffffffff
      101315000	     10032	80007c3a	416bdd33	sra	x26,x23,x22	 x23:0x00000000 x22:0x00000004 x26=0x00000000
      101325000	     10033	80007c3e	01159013	slli	x0,x11,0x11	 x11:0x80021e64  x0=0x00000000
      101335000	     10034	80007c42	6d95	c.lui	x27,0x5	 x27=0x00005000
      101345000	     10035	80007c44	0001	c.addi	x0,0	  x0:0x00000000  x0=0x00000000
      101355000	     10036	80007c46	8415	c.srai	x8,0x5	  x8:0x00000000  x8=0x00000000
      101365000	     10037	80007c48	04df9163	bne	x31,x13,80007c8a	 x31:0x00000000 x13:0x80025ce4
      101385000	     10039	80007c8a	8ff9	c.and	x15,x14	 x15:0x00000000 x14:0x00000000 x15=0x00000000
      101425000	     10043	80007c8c	0363adb3	mulhsu	x27,x7,x22	  x7:0x00000000 x22:0x00000004 x27=0x00000000
      101435000	     10044	80007c90	02ea9e63	bne	x21,x14,80007ccc	 x21:0xffffffff x14:0x00000000
      101455000	     10046	80007ccc	01c6fe33	and	x28,x13,x28	 x13:0x80025ce4 x28:0x00000001 x28=0x00000000
      101465000	     10047	80007cd0	717d	c.addi16sp	x2,-16	  x2:0x000001d0  x2=0x000001c0
      101475000	     10048	80007cd2	01c36933	or	x18,x6,x28	  x6:0x7631b888 x28:0x00000000 x18=0x7631b888
      101485000	     10049	80007cd6	009d2cb3	slt	x25,x26,x9	 x26:0x00000000  x9:0x00000000 x25=0x00000000
      101495000	     10050	80007cda	01e674b3	and	x9,x12,x30	 x12:0x00000002 x30:0x000005ed  x9=0x00000000
      101505000	     10051	80007cde	6a59	c.lui	x20,0x16	 x20=0x00016000
      101545000	     10055	80007ce0	02491d33	mulh	x26,x18,x4	 x18:0x7631b888  x4:0xffffffff x26=0xffffffff
      101585000	     10059	80007ce4	037028b3	mulhsu	x17,x0,x23	  x0:0x00000000 x23:0x00000000 x17=0x00000000
      101595000	     10060	80007ce8	8e25	c.xor	x12,x9	 x12:0x00000002  x9:0x00000000 x12=0x00000002
      101605000	     10061	80007cea	647d	c.lui	x8,0x1f	  x8=0x0001f000
      101615000	     10062	80007cec	8ec6	c.mv	x29,x17	  x0:0x00000000 x17:0x00000000 x29=0x00000000
      101625000	     10063	80007cee	8cd9	c.or	x9,x14	  x9:0x00000000 x14:0x00000000  x9=0x00000000
      101635000	     10064	80007cf0	0001	c.addi	x0,0	  x0:0x00000000  x0=0x00000000
      101675000	     10068	80007cf2	03ec1233	mulh	x4,x24,x30	 x24:0x00000000 x30:0x000005ed  x4=0x00000000
      101685000	     10069	80007cf6	8e5d	c.or	x12,x15	 x12:0x00000002 x15:0x00000000 x12=0x00000002
      101695000	     10070	80007cf8	0001	c.addi	x0,0	  x0:0x00000000  x0=0x00000000
      101705000	     10071	80007cfa	8d31	c.xor	x10,x12	 x10:0x00000000 x12:0x00000002 x10=0x00000002
      101715000	     10072	80007cfc	0cceff93	andi	x31,x29,204	 x29:0x00000000 x31=0x00000000
      101725000	     10073	80007d00	0e28c813	xori	x16,x17,226	 x17:0x00000000 x16=0x000000e2
      101735000	     10074	80007d04	bd60ac13	slti	x24,x1,-1066	  x1:0x00000000 x24=0x00000000
      101775000	     10078	80007d08	0311b033	mulhu	x0,x3,x17	  x3:0x00000000 x17:0x00000000  x0=0x00000000
      101785000	     10079	80007d0c	00c98b33	add	x22,x19,x12	 x19:0x80021e64 x12:0x00000002 x22=0x80021e66
      102155000	     10116	80007d10	035afc33	remu	x24,x21,x21	 x21:0xffffffff x21:0xffffffff x24=0x00000000
      102165000	     10117	80007d14	38aa3d93	sltiu	x27,x20,906	 x20:0x00016000 x27=0x00000000
      102175000	     10118	80007d18	018d2a33	slt	x20,x26,x24	 x26:0xffffffff x24:0x00000000 x20=0x00000001
      102185000	     10119	80007d1c	0000100f	fence.i	
      102205000	     10121	80007d20	8bb5	c.andi	x15,13	 x15:0x00000000 x15=0x00000000
      102215000	     10122	80007d22	8ff9	c.and	x15,x14	 x15:0x00000000 x14:0x00000000 x15=0x00000000
      102225000	     10123	80007d24	02c68163	beq	x13,x12,80007d46	 x13:0x80025ce4 x12:0x00000002
      102235000	     10124	80007d28	0cde	c.slli	x25,0x17	 x25:0x00000000 x25=0x00000000
      102245000	     10125	80007d2a	9b345bb7	lui	x23,0x9b345	 x23=0x9b345000
      102255000	     10126	80007d2e	0c3d	c.addi	x24,15	 x24:0x00000000 x24=0x0000000f
      102265000	     10127	80007d30	0e18	c.addi4spn	x14,x2,784	 x14=0x000004d0
      102275000	     10128	80007d32	01818fb3	add	x31,x3,x24	  x3:0x00000000 x24:0x0000000f x31=0x0000000f
      102285000	     10129	80007d36	004241b3	xor	x3,x4,x4	  x4:0x00000000  x4:0x00000000  x3=0x00000000
      102295000	     10130	80007d3a	8ede	c.mv	x29,x23	  x0:0x00000000 x23:0x9b345000 x29=0x9b345000
      102335000	     10134	80007d3c	03cd21b3	mulhsu	x3,x26,x28	 x26:0xffffffff x28:0x00000000  x3=0x00000000
      102705000	     10171	80007d40	03d66033	rem	x0,x12,x29	 x12:0x00000002 x29:0x9b345000  x0=0x00000000
      102715000	     10172	80007d44	9b7d	c.andi	x14,-1	 x14:0x000004d0 x14=0x000004d0
      102735000	     10174	80007d46	0212df33	divu	x30,x5,x1	  x5:0xffffffff  x1:0x00000000 x30=0xffffffff
      102745000	     10175	80007d4a	6405	c.lui	x8,0x1	  x8=0x00001000
      102755000	     10176	80007d4c	8e61	c.and	x12,x8	 x12:0x00000002  x8:0x00001000 x12=0x00000000
      102785000	     10179	80007d4e	03cc84b3	mul	x9,x25,x28	 x25:0x00000000 x28:0x00000000  x9=0x00000000
      102795000	     10180	80007d52	0129d733	srl	x14,x19,x18	 x19:0x80021e64 x18:0x7631b888 x14=0x0080021e
      102825000	     10183	80007d56	03248e33	mul	x28,x9,x18	  x9:0x00000000 x18:0x7631b888 x28=0x00000000
      102835000	     10184	80007d5a	0ff0000f	fence	iorw,iorw	
      102875000	     10188	80007d5e	03509633	mulh	x12,x1,x21	  x1:0x00000000 x21:0xffffffff x12=0x00000000
      102895000	     10190	80007d62	0291df33	divu	x30,x3,x9	  x3:0x00000000  x9:0x00000000 x30=0xffffffff
      102905000	     10191	80007d66	02db5663	bge	x22,x13,80007d92	 x22:0x80021e66 x13:0x80025ce4
      102915000	     10192	80007d6a	1afd	c.addi	x21,-1	 x21:0xffffffff x21=0xfffffffe
      102925000	     10193	80007d6c	87b5	c.srai	x15,0xd	 x15:0x00000000 x15=0x00000000
      103295000	     10230	80007d6e	0301edb3	rem	x27,x3,x16	  x3:0x00000000 x16:0x000000e2 x27=0x00000000
      103305000	     10231	80007d72	876e	c.mv	x14,x27	  x0:0x00000000 x27:0x00000000 x14=0x00000000
      103315000	     10232	80007d74	008aa033	slt	x0,x21,x8	 x21:0xfffffffe  x8:0x00001000  x0=0x00000000
      103325000	     10233	80007d78	4add3093	sltiu	x1,x26,1197	 x26:0xffffffff  x1=0x00000000
      103335000	     10234	80007d7c	87bd	c.srai	x15,0xf	 x15:0x00000000 x15=0x00000000
      103345000	     10235	80007d7e	0001	c.addi	x0,0	  x0:0x00000000  x0=0x00000000
      103355000	     10236	80007d80	0d80	c.addi4spn	x8,x2,720	  x8=0x00000490
      103365000	     10237	80007d82	c50d	c.beqz	x10,80007dac	 x10:0x00000002
      103375000	     10238	80007d84	717d	c.addi16sp	x2,-16	  x2:0x000001c0  x2=0x000001b0
      103385000	     10239	80007d86	e01d	c.bnez	x8,80007dac	  x8:0x00000490
      103405000	     10241	80007dac	41595493	srai	x9,x18,0x15	 x18:0x7631b888  x9=0x000003b1
      103415000	     10242	80007db0	00027733	and	x14,x4,x0	  x4:0x00000000  x0:0x00000000 x14=0x00000000
      103425000	     10243	80007db4	8c39	c.xor	x8,x14	  x8:0x00000490 x14:0x00000000  x8=0x00000490
      103465000	     10247	80007db6	036b1e33	mulh	x28,x22,x22	 x22:0x80021e66 x22:0x80021e66 x28=0x3ffde19e
      103475000	     10248	80007dba	c131	c.beqz	x10,80007dfe	 x10:0x00000002
      103485000	     10249	80007dbc	01cf6663	bltu	x30,x28,80007dc8	 x30:0xffffffff x28:0x3ffde19e
      103855000	     10286	80007dc0	03e86a33	rem	x20,x16,x30	 x16:0x000000e2 x30:0xffffffff x20=0x00000000
      103865000	     10287	80007dc4	0c6e	c.slli	x24,0x1b	 x24:0x0000000f x24=0x78000000
      103875000	     10288	80007dc6	6109	c.addi16sp	x2,128	  x2:0x000001b0  x2=0x00000230
      103885000	     10289	80007dc8	407b0f33	sub	x30,x22,x7	 x22:0x80021e66  x7:0x00000000 x30=0x80021e66
      103895000	     10290	80007dcc	058aa293	slti	x5,x21,88	 x21:0xfffffffe  x5=0x00000001
      104265000	     10327	80007dd0	03add4b3	divu	x9,x27,x26	 x27:0x00000000 x26:0xffffffff  x9=0x00000000
      104275000	     10328	80007dd4	0000100f	fence.i	
      104295000	     10330	80007dd8	21b44e13	xori	x28,x8,539	  x8:0x00000490 x28=0x0000068b
      104315000	     10332	80007ddc	031c67b3	rem	x15,x24,x17	 x24:0x78000000 x17:0x00000000 x15=0x78000000
      104325000	     10333	80007de0	0ff0000f	fence	iorw,iorw	
      104335000	     10334	80007de4	01961d63	bne	x12,x25,80007dfe	 x12:0x00000000 x25:0x00000000
      104345000	     10335	80007de8	00ad9b33	sll	x22,x27,x10	 x27:0x00000000 x10:0x00000002 x22=0x00000000
      104355000	     10336	80007dec	4e8cea93	ori	x21,x25,1256	 x25:0x00000000 x21=0x000004e8
      104365000	     10337	80007df0	8c9a	c.mv	x25,x6	  x0:0x00000000  x6:0x7631b888 x25=0x7631b888
      104375000	     10338	80007df2	0238d963	bge	x17,x3,80007e24	 x17:0x00000000  x3:0x00000000
      104395000	     10340	80007e24	00032733	slt	x14,x6,x0	  x6:0x7631b888  x0:0x00000000 x14=0x00000000
      104405000	     10341	80007e28	02720e63	beq	x4,x7,80007e64	  x4:0x00000000  x7:0x00000000
      104425000	     10343	80007e64	0001	c.addi	x0,0	  x0:0x00000000  x0=0x00000000
      104435000	     10344	80007e66	98fd	c.andi	x9,-1	  x9:0x00000000  x9=0x00000000
      104445000	     10345	80007e68	97ea	c.add	x15,x26	 x15:0x78000000 x26:0xffffffff x15=0x77ffffff
      104485000	     10349	80007e6a	0253b1b3	mulhu	x3,x7,x5	  x7:0x00000000  x5:0x00000001  x3=0x00000000
      104495000	     10350	80007e6e	6419	c.lui	x8,0x6	  x8=0x00006000
      104535000	     10354	80007e70	0285b4b3	mulhu	x9,x11,x8	 x11:0x80021e64  x8:0x00006000  x9=0x00003000
      104545000	     10355	80007e74	00717233	and	x4,x2,x7	  x2:0x00000230  x7:0x00000000  x4=0x00000000
      104575000	     10358	80007e78	034808b3	mul	x17,x16,x20	 x16:0x000000e2 x20:0x00000000 x17=0x00000000
      104585000	     10359	80007e7c	bfeec313	xori	x6,x29,-1026	 x29:0x9b345000  x6=0x64cbabfe
      104595000	     10360	80007e80	0d2d	c.addi	x26,11	 x26:0xffffffff x26=0x0000000a
      104605000	     10361	80007e82	04376063	bltu	x14,x3,80007ec2	 x14:0x00000000  x3:0x00000000
      104615000	     10362	80007e86	d87b7317	auipc	x6,0xd87b7	  x6=0x587bee86
      104985000	     10399	80007e8a	03cde133	rem	x2,x27,x28	 x27:0x00000000 x28:0x0000068b  x2=0x00000000
      104995000	     10400	80007e8e	8e49	c.or	x12,x10	 x12:0x00000000 x10:0x00000002 x12=0x00000002
      105005000	     10401	80007e90	01a971b3	and	x3,x18,x26	 x18:0x7631b888 x26:0x0000000a  x3=0x00000008
      105015000	     10402	80007e94	00ce81b3	add	x3,x29,x12	 x29:0x9b345000 x12:0x00000002  x3=0x9b345002
      105025000	     10403	80007e98	402f5d33	sra	x26,x30,x2	 x30:0x80021e66  x2:0x00000000 x26=0x80021e66
      105035000	     10404	80007e9c	0488	c.addi4spn	x10,x2,576	 x10=0x00000240
      105045000	     10405	80007e9e	00adfc63	bgeu	x27,x10,80007eb6	 x27:0x00000000 x10:0x00000240
      105415000	     10442	80007ea2	03e4ccb3	div	x25,x9,x30	  x9:0x00003000 x30:0x80021e66 x25=0x00000000
      105425000	     10443	80007ea6	01a28d63	beq	x5,x26,80007ec0	  x5:0x00000001 x26:0x80021e66
      105435000	     10444	80007eaa	005f21b3	slt	x3,x30,x5	 x30:0x80021e66  x5:0x00000001  x3=0x00000001
      105465000	     10447	80007eae	03048633	mul	x12,x9,x16	  x9:0x00003000 x16:0x000000e2 x12=0x002a6000
      105475000	     10448	80007eb2	01f65913	srli	x18,x12,0x1f	 x12:0x002a6000 x18=0x00000000
      105485000	     10449	80007eb6	d6bf1297	auipc	x5,0xd6bf1	  x5=0x56bf8eb6
      105525000	     10453	80007eba	02551cb3	mulh	x25,x10,x5	 x10:0x00000240  x5:0x56bf8eb6 x25=0x000000c3
      105535000	     10454	80007ebe	8ca5	c.xor	x9,x9	  x9:0x00003000  x9:0x00003000  x9=0x00000000
      105545000	     10455	80007ec0	1000	c.addi4spn	x8,x2,32	  x8=0x00000020
      105555000	     10456	80007ec2	8ced	c.and	x9,x11	  x9:0x00000000 x11:0x80021e64  x9=0x00000000
      105575000	     10458	80007ec4	02e1e4b3	rem	x9,x3,x14	  x3:0x00000001 x14:0x00000000  x9=0x00000001
      105585000	     10459	80007ec8	0ff0000f	fence	iorw,iorw	
      105595000	     10460	80007ecc	9412	c.add	x8,x4	  x8:0x00000020  x4:0x00000000  x8=0x00000020
      105625000	     10463	80007ece	03310bb3	mul	x23,x2,x19	  x2:0x00000000 x19:0x80021e64 x23=0x00000000
      105635000	     10464	80007ed2	ebb7b313	sltiu	x6,x15,-325	 x15:0x77ffffff  x6=0x00000001
      105645000	     10465	80007ed6	6499	c.lui	x9,0x6	  x9=0x00006000
      105655000	     10466	80007ed8	4123d933	sra	x18,x7,x18	  x7:0x00000000 x18:0x00000000 x18=0x00000000
      105665000	     10467	80007edc	405087b3	sub	x15,x1,x5	  x1:0x00000000  x5:0x56bf8eb6 x15=0xa940714a
      106035000	     10504	80007ee0	023541b3	div	x3,x10,x3	 x10:0x00000240  x3:0x00000001  x3=0x00000240
      106045000	     10505	80007ee4	006add93	srli	x27,x21,0x6	 x21:0x000004e8 x27=0x00000013
      106055000	     10506	80007ee8	003f9a13	slli	x20,x31,0x3	 x31:0x0000000f x20=0x00000078
      106065000	     10507	80007eec	40bc57b3	sra	x15,x24,x11	 x24:0x78000000 x11:0x80021e64 x15=0x07800000
      106435000	     10544	80007ef0	02f6d033	divu	x0,x13,x15	 x13:0x80025ce4 x15:0x07800000  x0=0x00000000
      106445000	     10545	80007ef4	6876a313	slti	x6,x13,1671	 x13:0x80025ce4  x6=0x00000001
      106455000	     10546	80007ef8	5cf13c93	sltiu	x25,x2,1487	  x2:0x00000000 x25=0x00000001
      106465000	     10547	80007efc	4156d433	sra	x8,x13,x21	 x13:0x80025ce4 x21:0x000004e8  x8=0xff80025c
      106475000	     10548	80007f00	40c00333	sub	x6,x0,x12	  x0:0x00000000 x12:0x002a6000  x6=0xffd5a000
      106485000	     10549	80007f04	01d6b1b3	sltu	x3,x13,x29	 x13:0x80025ce4 x29:0x9b345000  x3=0x00000001
      106515000	     10552	80007f08	03620033	mul	x0,x4,x22	  x4:0x00000000 x22:0x00000000  x0=0x00000000
      106525000	     10553	80007f0c	00bd72b3	and	x5,x26,x11	 x26:0x80021e66 x11:0x80021e64  x5=0x80021e64
      106535000	     10554	80007f10	0229c863	blt	x19,x2,80007f40	 x19:0x80021e64  x2:0x00000000
      106565000	     10557	80007f40	0367f733	remu	x14,x15,x22	 x15:0x07800000 x22:0x00000000 x14=0x07800000
      106575000	     10558	80007f44	0ff0000f	fence	iorw,iorw	
      106585000	     10559	80007f48	013d9913	slli	x18,x27,0x13	 x27:0x00000013 x18=0x00980000
      106625000	     10563	80007f4c	02cd28b3	mulhsu	x17,x26,x12	 x26:0x80021e66 x12:0x002a6000 x17=0xffead059
      106635000	     10564	80007f50	8221	c.srli	x12,0x8	 x12:0x002a6000 x12=0x00002a60
      106645000	     10565	80007f52	0ff0000f	fence	iorw,iorw	
      106655000	     10566	80007f56	0001e333	or	x6,x3,x0	  x3:0x00000001  x0:0x00000000  x6=0x00000001
      107025000	     10603	80007f5a	03b14e33	div	x28,x2,x27	  x2:0x00000000 x27:0x00000013 x28=0x00000000
      107035000	     10604	80007f5e	40400133	sub	x2,x0,x4	  x0:0x00000000  x4:0x00000000  x2=0x00000000
      107045000	     10605	80007f62	0000100f	fence.i	
      107075000	     10608	80007f66	036c1d63	bne	x24,x22,80007fa0	 x24:0x78000000 x22:0x00000000
      107095000	     10610	80007fa0	8fd5	c.or	x15,x13	 x15:0x07800000 x13:0x80025ce4 x15=0x87825ce4
      107465000	     10647	80007fa2	026cf733	remu	x14,x25,x6	 x25:0x00000001  x6:0x00000001 x14=0x00000000
      107475000	     10648	80007fa6	0001	c.addi	x0,0	  x0:0x00000000  x0=0x00000000
      107515000	     10652	80007fa8	0220a733	mulhsu	x14,x1,x2	  x1:0x00000000  x2:0x00000000 x14=0x00000000
      107525000	     10653	80007fac	40f158b3	sra	x17,x2,x15	  x2:0x00000000 x15:0x87825ce4 x17=0x00000000
      107535000	     10654	80007fb0	8715	c.srai	x14,0x5	 x14:0x00000000 x14=0x00000000
      107545000	     10655	80007fb2	5b670b93	addi	x23,x14,1462	 x14:0x00000000 x23=0x000005b6
      107555000	     10656	80007fb6	013037b3	sltu	x15,x0,x19	  x0:0x00000000 x19:0x80021e64 x15=0x00000001
      107565000	     10657	80007fba	2fd52f13	slti	x30,x10,765	 x10:0x00000240 x30=0x00000001
      107575000	     10658	80007fbe	02426c63	bltu	x4,x4,80007ff6	  x4:0x00000000  x4:0x00000000
      107585000	     10659	80007fc2	a4900713	addi	x14,x0,-1463	  x0:0x00000000 x14=0xfffffa49
      107595000	     10660	80007fc6	8279	c.srli	x12,0x1e	 x12:0x00002a60 x12=0x00000000
      107605000	     10661	80007fc8	537d	c.li	x6,-1	  x6=0xffffffff
      107615000	     10662	80007fca	00742f33	slt	x30,x8,x7	  x8:0xff80025c  x7:0x00000000 x30=0x00000001
      107625000	     10663	80007fce	0a84	c.addi4spn	x9,x2,336	  x9=0x00000150
      107635000	     10664	80007fd0	6135	c.addi16sp	x2,352	  x2:0x00000000  x2=0x00000160
      107645000	     10665	80007fd2	01b53bb3	sltu	x23,x10,x27	 x10:0x00000240 x27:0x00000013 x23=0x00000000
      107655000	     10666	80007fd6	000dc7b3	xor	x15,x27,x0	 x27:0x00000013  x0:0x00000000 x15=0x00000013
      107665000	     10667	80007fda	0ff0000f	fence	iorw,iorw	
      107675000	     10668	80007fde	4018d933	sra	x18,x17,x1	 x17:0x00000000  x1:0x00000000 x18=0x00000000
      107685000	     10669	80007fe2	1e5cce93	xori	x29,x25,485	 x25:0x00000001 x29=0x000001e4
      107695000	     10670	80007fe6	8b252a93	slti	x21,x10,-1870	 x10:0x00000240 x21=0x00000000
      107705000	     10671	80007fea	03b01063	bne	x0,x27,8000800a	  x0:0x00000000 x27:0x00000013
      107735000	     10674	8000800a	02404363	blt	x0,x4,80008030	  x0:0x00000000  x4:0x00000000
      107745000	     10675	8000800e	8531	c.srai	x10,0xc	 x10:0x00000240 x10=0x00000000
      107755000	     10676	80008010	8e79	c.and	x12,x14	 x12:0x00000000 x14:0xfffffa49 x12=0x00000000
      108125000	     10713	80008012	02554633	div	x12,x10,x5	 x10:0x00000000  x5:0x80021e64 x12=0x00000000
      108135000	     10714	80008016	1b98	c.addi4spn	x14,x2,496	 x14=0x00000350
      108145000	     10715	80008018	11fd	c.addi	x3,-1	  x3:0x00000001  x3=0x00000000
      108155000	     10716	8000801a	0e7a	c.slli	x28,0x1e	 x28:0x00000000 x28=0x00000000
      108165000	     10717	8000801c	a2453993	sltiu	x19,x10,-1500	 x10:0x00000000 x19=0x00000001
      108175000	     10718	80008020	f8998317	auipc	x6,0xf8998	  x6=0x789a0020
      108185000	     10719	80008024	01b50633	add	x12,x10,x27	 x10:0x00000000 x27:0x00000013 x12=0x00000013
      108195000	     10720	80008028	8045	c.srli	x8,0x11	  x8:0xff80025c  x8=0x00007fc0
      108205000	     10721	8000802a	1708	c.addi4spn	x10,x2,928	 x10=0x00000500
      108215000	     10722	8000802c	01ce8a93	addi	x21,x29,28	 x29:0x000001e4 x21=0x00000200
      108225000	     10723	80008030	0001	c.addi	x0,0	  x0:0x00000000  x0=0x00000000
      108255000	     10726	80008032	034b8cb3	mul	x25,x23,x20	 x23:0x00000000 x20:0x00000078 x25=0x00000000
      108265000	     10727	80008036	8e0d	c.sub	x12,x11	 x12:0x00000013 x11:0x80021e64 x12=0x7ffde1af
      108275000	     10728	80008038	987d	c.andi	x8,-1	  x8:0x00007fc0  x8=0x00007fc0
      108295000	     10730	8000803a	0246dfb3	divu	x31,x13,x4	 x13:0x80025ce4  x4:0x00000000 x31=0xffffffff
      108305000	     10731	8000803e	01019b63	bne	x3,x16,80008054	  x3:0x00000000 x16:0x000000e2
      108325000	     10733	80008054	4c3cc0b7	lui	x1,0x4c3cc	  x1=0x4c3cc000
      108335000	     10734	80008058	4586f513	andi	x10,x13,1112	 x13:0x80025ce4 x10=0x00000440
      108705000	     10771	8000805c	03416733	rem	x14,x2,x20	  x2:0x00000160 x20:0x00000078 x14=0x00000070
      108715000	     10772	80008060	018edb93	srli	x23,x29,0x18	 x29:0x000001e4 x23=0x00000000
      108725000	     10773	80008064	019941b3	xor	x3,x18,x25	 x18:0x00000000 x25:0x00000000  x3=0x00000000
      108735000	     10774	80008068	8cbd	c.xor	x9,x15	  x9:0x00000150 x15:0x00000013  x9=0x00000143
      108745000	     10775	8000806a	0020c533	xor	x10,x1,x2	  x1:0x4c3cc000  x2:0x00000160 x10=0x4c3cc160
      108755000	     10776	8000806e	0000100f	fence.i	
      108775000	     10778	80008072	8f19	c.sub	x14,x14	 x14:0x00000070 x14:0x00000070 x14=0x00000000
      108785000	     10779	80008074	be2f0b17	auipc	x22,0xbe2f0	 x22=0x3e2f8074
      108795000	     10780	80008078	008722b3	slt	x5,x14,x8	 x14:0x00000000  x8:0x00007fc0  x5=0x00000001
      108805000	     10781	8000807c	ca15	c.beqz	x12,800080b0	 x12:0x7ffde1af
      108815000	     10782	8000807e	b9f04793	xori	x15,x0,-1121	  x0:0x00000000 x15=0xfffffb9f
      108825000	     10783	80008082	836d	c.srli	x14,0x1b	 x14:0x00000000 x14=0x00000000
      108835000	     10784	80008084	84be	c.mv	x9,x15	  x0:0x00000000 x15:0xfffffb9f  x9=0xfffffb9f
      108845000	     10785	80008086	00f0ac33	slt	x24,x1,x15	  x1:0x4c3cc000 x15:0xfffffb9f x24=0x00000000
      108855000	     10786	8000808a	01354733	xor	x14,x10,x19	 x10:0x4c3cc160 x19:0x00000001 x14=0x4c3cc161
      108895000	     10790	8000808e	0272ae33	mulhsu	x28,x5,x7	  x5:0x00000001  x7:0x00000000 x28=0x00000000
      108905000	     10791	80008092	0ed9	c.addi	x29,22	 x29:0x000001e4 x29=0x000001fa
      108915000	     10792	80008094	017d1f33	sll	x30,x26,x23	 x26:0x80021e66 x23:0x00000000 x30=0x80021e66
      108925000	     10793	80008098	016fb9b3	sltu	x19,x31,x22	 x31:0xffffffff x22:0x3e2f8074 x19=0x00000000
      108935000	     10794	8000809c	00b15e13	srli	x28,x2,0xb	  x2:0x00000160 x28=0x00000000
      108945000	     10795	800080a0	017a6db3	or	x27,x20,x23	 x20:0x00000078 x23:0x00000000 x27=0x00000078
      108955000	     10796	800080a4	0001	c.addi	x0,0	  x0:0x00000000  x0=0x00000000
      108965000	     10797	800080a6	8c21a113	slti	x2,x3,-1854	  x3:0x00000000  x2=0x00000000
      108975000	     10798	800080aa	8629	c.srai	x12,0xa	 x12:0x7ffde1af x12=0x001fff78
      108985000	     10799	800080ac	8c5e	c.mv	x24,x23	  x0:0x00000000 x23:0x00000000 x24=0x00000000
      108995000	     10800	800080ae	0001	c.addi	x0,0	  x0:0x00000000  x0=0x00000000
      109005000	     10801	800080b0	03316763	bltu	x2,x19,800080de	  x2:0x00000000 x19:0x00000000
      109015000	     10802	800080b4	0e98	c.addi4spn	x14,x2,848	 x14=0x00000350
      109025000	     10803	800080b6	00610d33	add	x26,x2,x6	  x2:0x00000000  x6:0x789a0020 x26=0x789a0020
      109035000	     10804	800080ba	6111	c.addi16sp	x2,256	  x2:0x00000000  x2=0x00000100
      109045000	     10805	800080bc	039b1a63	bne	x22,x25,800080f0	 x22:0x3e2f8074 x25:0x00000000
      109065000	     10807	800080f0	0054e763	bltu	x9,x5,800080fe	  x9:0xfffffb9f  x5:0x00000001
      109075000	     10808	800080f4	0121f2b3	and	x5,x3,x18	  x3:0x00000000 x18:0x00000000  x5=0x00000000
      109085000	     10809	800080f8	8f09	c.sub	x14,x10	 x14:0x00000350 x10:0x4c3cc160 x14=0xb3c341f0
      109095000	     10810	800080fa	01c3d133	srl	x2,x7,x28	  x7:0x00000000 x28:0x00000000  x2=0x00000000
      109105000	     10811	800080fe	00140c63	beq	x8,x1,80008116	  x8:0x00007fc0  x1:0x4c3cc000
      109115000	     10812	80008102	b8f43813	sltiu	x16,x8,-1137	  x8:0x00007fc0 x16=0x00000001
      109125000	     10813	80008106	00dd81b3	add	x3,x27,x13	 x27:0x00000078 x13:0x80025ce4  x3=0x80025d5c
      109135000	     10814	8000810a	038aca63	blt	x21,x24,8000813e	 x21:0x00000200 x24:0x00000000
      109145000	     10815	8000810e	8249	c.srli	x12,0x12	 x12:0x001fff78 x12=0x00000007
      109155000	     10816	80008110	4177dc13	srai	x24,x15,0x17	 x15:0xfffffb9f x24=0xffffffff
      109165000	     10817	80008114	0001	c.addi	x0,0	  x0:0x00000000  x0=0x00000000
      109175000	     10818	80008116	00e63fb3	sltu	x31,x12,x14	 x12:0x00000007 x14:0xb3c341f0 x31=0x00000001
      109185000	     10819	8000811a	01f84ab3	xor	x21,x16,x31	 x16:0x00000001 x31:0x00000001 x21=0x00000000
      109195000	     10820	8000811e	0718	c.addi4spn	x14,x2,896	 x14=0x00000380
      109205000	     10821	80008120	01407d33	and	x26,x0,x20	  x0:0x00000000 x20:0x00000078 x26=0x00000000
      109215000	     10822	80008124	024a8e63	beq	x21,x4,80008160	 x21:0x00000000  x4:0x00000000
      109235000	     10824	80008160	52d14a93	xori	x21,x2,1325	  x2:0x00000000 x21=0x0000052d
      109245000	     10825	80008164	57fd	c.li	x15,-1	 x15=0xffffffff
      109255000	     10826	80008166	8c1d	c.sub	x8,x15	  x8:0x00007fc0 x15:0xffffffff  x8=0x00007fc1
      109265000	     10827	80008168	054b0b37	lui	x22,0x54b0	 x22=0x054b0000
      109275000	     10828	8000816c	0194d433	srl	x8,x9,x25	  x9:0xfffffb9f x25:0x00000000  x8=0xfffffb9f
      109285000	     10829	80008170	b6c17317	auipc	x6,0xb6c17	  x6=0x36c1f170
      109295000	     10830	80008174	9bfd	c.andi	x15,-1	 x15:0xffffffff x15=0xffffffff
      109305000	     10831	80008176	8d3d	c.xor	x10,x15	 x10:0x4c3cc160 x15:0xffffffff x10=0xb3c33e9f
      109315000	     10832	80008178	0000100f	fence.i	
      109695000	     10870	8000817c	0381d0b3	divu	x1,x3,x24	  x3:0x80025d5c x24:0xffffffff  x1=0x00000000
      109705000	     10871	80008180	87cc0f13	addi	x30,x24,-1924	 x24:0xffffffff x30=0xfffff87b
      109715000	     10872	80008184	7024c513	xori	x10,x9,1794	  x9:0xfffffb9f x10=0xfffffc9d
      109725000	     10873	80008188	40d1dab3	sra	x21,x3,x13	  x3:0x80025d5c x13:0x80025ce4 x21=0xf80025d5
      109735000	     10874	8000818c	80b1	c.srli	x9,0xc	  x9:0xfffffb9f  x9=0x000fffff
      109745000	     10875	8000818e	5bfd	c.li	x23,-1	 x23=0xffffffff
      109755000	     10876	80008190	164f19b7	lui	x19,0x164f1	 x19=0x164f1000
      109765000	     10877	80008194	01eea333	slt	x6,x29,x30	 x29:0x000001fa x30:0xfffff87b  x6=0x00000000
      109775000	     10878	80008198	00caff63	bgeu	x21,x12,800081b6	 x21:0xf80025d5 x12:0x00000007
      109805000	     10881	800081b6	0ff0000f	fence	iorw,iorw	
      109815000	     10882	800081ba	bce9b513	sltiu	x10,x19,-1074	 x19:0x164f1000 x10=0x00000001
      109825000	     10883	800081be	00021033	sll	x0,x4,x0	  x4:0x00000000  x0:0x00000000  x0=0x00000000
      109835000	     10884	800081c2	411bddb3	sra	x27,x23,x17	 x23:0xffffffff x17:0x00000000 x27=0xffffffff
      109845000	     10885	800081c6	0000100f	fence.i	
      109865000	     10887	800081ca	0001	c.addi	x0,0	  x0:0x00000000  x0=0x00000000
      109875000	     10888	800081cc	00f6afb3	slt	x31,x13,x15	 x13:0x80025ce4 x15:0xffffffff x31=0x00000001
      109885000	     10889	800081d0	a3f02013	slti	x0,x0,-1473	  x0:0x00000000  x0=0x00000000
      109895000	     10890	800081d4	4009d533	sra	x10,x19,x0	 x19:0x164f1000  x0:0x00000000 x10=0x164f1000
      110265000	     10927	800081d8	03b76c33	rem	x24,x14,x27	 x14:0x00000380 x27:0xffffffff x24=0x00000000
      110275000	     10928	800081dc	6175	c.addi16sp	x2,368	  x2:0x00000000  x2=0x00000170
      110285000	     10929	800081de	415c8cb3	sub	x25,x25,x21	 x25:0x00000000 x21:0xf80025d5 x25=0x07ffda2b
      110295000	     10930	800081e2	00a6d933	srl	x18,x13,x10	 x13:0x80025ce4 x10:0x164f1000 x18=0x80025ce4
      110305000	     10931	800081e6	63b7cd13	xori	x26,x15,1595	 x15:0xffffffff x26=0xfffff9c4
      110315000	     10932	800081ea	01dcfd33	and	x26,x25,x29	 x25:0x07ffda2b x29:0x000001fa x26=0x0000002a
      110325000	     10933	800081ee	19cd3893	sltiu	x17,x26,412	 x26:0x0000002a x17=0x00000001
      110335000	     10934	800081f2	002027b3	slt	x15,x0,x2	  x0:0x00000000  x2:0x00000170 x15=0x00000001
      110705000	     10971	800081f6	03707133	remu	x2,x0,x23	  x0:0x00000000 x23:0xffffffff  x2=0x00000000
      110715000	     10972	800081fa	48d1	c.li	x17,20	 x17=0x00000014
      110755000	     10976	800081fc	03ad1233	mulh	x4,x26,x26	 x26:0x0000002a x26:0x0000002a  x4=0x00000000
      110765000	     10977	80008200	87e2	c.mv	x15,x24	  x0:0x00000000 x24:0x00000000 x15=0x00000000
      110775000	     10978	80008202	0198f433	and	x8,x17,x25	 x17:0x00000014 x25:0x07ffda2b  x8=0x00000000
      110785000	     10979	80008206	0001	c.addi	x0,0	  x0:0x00000000  x0=0x00000000
      110795000	     10980	80008208	8fc5	c.or	x15,x9	 x15:0x00000000  x9:0x000fffff x15=0x000fffff
      110805000	     10981	8000820a	00d37833	and	x16,x6,x13	  x6:0x00000000 x13:0x80025ce4 x16=0x00000000
      110815000	     10982	8000820e	01d39133	sll	x2,x7,x29	  x7:0x00000000 x29:0x000001fa  x2=0x00000000
      110825000	     10983	80008212	d78d7713	andi	x14,x26,-648	 x26:0x0000002a x14=0x00000028
      110835000	     10984	80008216	01f95193	srli	x3,x18,0x1f	 x18:0x80025ce4  x3=0x00000001
      110845000	     10985	8000821a	adeb1ab7	lui	x21,0xadeb1	 x21=0xadeb1000
      110855000	     10986	8000821e	417a8733	sub	x14,x21,x23	 x21:0xadeb1000 x23:0xffffffff x14=0xadeb1001
      110865000	     10987	80008222	028c5f63	bge	x24,x8,80008260	 x24:0x00000000  x8:0x00000000
      110885000	     10989	80008260	6171	c.addi16sp	x2,336	  x2:0x00000000  x2=0x00000150
      110895000	     10990	80008262	40a4da13	srai	x20,x9,0xa	  x9:0x000fffff x20=0x000003ff
      110905000	     10991	80008266	8631	c.srai	x12,0xc	 x12:0x00000007 x12=0x00000000
      111275000	     11028	80008268	03afcdb3	div	x27,x31,x26	 x31:0x00000001 x26:0x0000002a x27=0x00000000
      111285000	     11029	8000826c	41865713	srai	x14,x12,0x18	 x12:0x00000000 x14=0x00000000
      111295000	     11030	80008270	01c58133	add	x2,x11,x28	 x11:0x80021e64 x28:0x00000000  x2=0x80021e64
      111305000	     11031	80008274	8311	c.srli	x14,0x4	 x14:0x00000000 x14=0x00000000
      111315000	     11032	80008276	010461b3	or	x3,x8,x16	  x8:0x00000000 x16:0x00000000  x3=0x00000000
      111325000	     11033	8000827a	01e710b3	sll	x1,x14,x30	 x14:0x00000000 x30:0xfffff87b  x1=0x00000000
      111335000	     11034	8000827e	8329	c.srli	x14,0xa	 x14:0x00000000 x14=0x00000000
      111345000	     11035	80008280	00dbcab3	xor	x21,x23,x13	 x23:0xffffffff x13:0x80025ce4 x21=0x7ffda31b
      111355000	     11036	80008284	90de	c.add	x1,x23	  x1:0x00000000 x23:0xffffffff  x1=0xffffffff
      111365000	     11037	80008286	cc7c8f93	addi	x31,x25,-825	 x25:0x07ffda2b x31=0x07ffd6f2
      111405000	     11041	8000828a	025aa9b3	mulhsu	x19,x21,x5	 x21:0x7ffda31b  x5:0x00000000 x19=0x00000000
      111415000	     11042	8000828e	007c7733	and	x14,x24,x7	 x24:0x00000000  x7:0x00000000 x14=0x00000000
      111785000	     11079	80008292	032ff7b3	remu	x15,x31,x18	 x31:0x07ffd6f2 x18:0x80025ce4 x15=0x07ffd6f2
      111795000	     11080	80008296	4e01	c.li	x28,0	 x28=0x00000000
      111805000	     11081	80008298	00549e13	slli	x28,x9,0x5	  x9:0x000fffff x28=0x01ffffe0
      111815000	     11082	8000829c	0ff0000f	fence	iorw,iorw	
      111825000	     11083	800082a0	c315	c.beqz	x14,800082c4	 x14:0x00000000
      111845000	     11085	800082c4	9cf6	c.add	x25,x29	 x25:0x07ffda2b x29:0x000001fa x25=0x07ffdc25
      112215000	     11122	800082c6	02fdd933	divu	x18,x27,x15	 x27:0x00000000 x15:0x07ffd6f2 x18=0x00000000
      112225000	     11123	800082ca	6666bb13	sltiu	x22,x13,1638	 x13:0x80025ce4 x22=0x00000000
      112235000	     11124	800082ce	c38d	c.beqz	x15,800082f0	 x15:0x07ffd6f2
      112275000	     11128	800082d0	03dab7b3	mulhu	x15,x21,x29	 x21:0x7ffda31b x29:0x000001fa x15=0x000000fc
      112285000	     11129	800082d4	8f59	c.or	x14,x14	 x14:0x00000000 x14:0x00000000 x14=0x00000000
      112295000	     11130	800082d6	000c7db3	and	x27,x24,x0	 x24:0x00000000  x0:0x00000000 x27=0x00000000
      112305000	     11131	800082da	0092d2b3	srl	x5,x5,x9	  x5:0x00000000  x9:0x000fffff  x5=0x00000000
      112315000	     11132	800082de	41457413	andi	x8,x10,1044	 x10:0x164f1000  x8=0x00000000
      112325000	     11133	800082e2	8f7d	c.and	x14,x15	 x14:0x00000000 x15:0x000000fc x14=0x00000000
      112335000	     11134	800082e4	8e71	c.and	x12,x12	 x12:0x00000000 x12:0x00000000 x12=0x00000000
      112345000	     11135	800082e6	0001	c.addi	x0,0	  x0:0x00000000  x0=0x00000000
      112355000	     11136	800082e8	8e31	c.xor	x12,x12	 x12:0x00000000 x12:0x00000000 x12=0x00000000
      112365000	     11137	800082ea	0000100f	fence.i	
      112385000	     11139	800082ee	8c3d	c.xor	x8,x15	  x8:0x00000000 x15:0x000000fc  x8=0x000000fc
      112395000	     11140	800082f0	40acdcb3	sra	x25,x25,x10	 x25:0x07ffdc25 x10:0x164f1000 x25=0x07ffdc25
      112435000	     11144	800082f4	03371cb3	mulh	x25,x14,x19	 x14:0x00000000 x19:0x00000000 x25=0x00000000
      112445000	     11145	800082f8	8d5d	c.or	x10,x15	 x10:0x164f1000 x15:0x000000fc x10=0x164f10fc
      112455000	     11146	800082fa	0000100f	fence.i	
      112485000	     11149	800082fe	53dfc193	xori	x3,x31,1341	 x31:0x07ffd6f2  x3=0x07ffd3cf
      112495000	     11150	80008302	0000100f	fence.i	
      112525000	     11153	80008306	40340933	sub	x18,x8,x3	  x8:0x000000fc  x3:0x07ffd3cf x18=0xf8002d2d
      112535000	     11154	8000830a	4196d9b3	sra	x19,x13,x25	 x13:0x80025ce4 x25:0x00000000 x19=0x80025ce4
      112545000	     11155	8000830e	00449b93	slli	x23,x9,0x4	  x9:0x000fffff x23=0x00fffff0
      112555000	     11156	80008312	003e1c63	bne	x28,x3,8000832a	 x28:0x01ffffe0  x3:0x07ffd3cf
      112575000	     11158	8000832a	817a	c.mv	x2,x30	  x0:0x00000000 x30:0xfffff87b  x2=0xfffff87b
      112585000	     11159	8000832c	615d	c.addi16sp	x2,432	  x2:0xfffff87b  x2=0xfffffa2b
      112595000	     11160	8000832e	01403333	sltu	x6,x0,x20	  x0:0x00000000 x20:0x000003ff  x6=0x00000001
      112615000	     11162	80008332	02c84ab3	div	x21,x16,x12	 x16:0x00000000 x12:0x00000000 x21=0xffffffff
      112625000	     11163	80008336	04b41163	bne	x8,x11,80008378	  x8:0x000000fc x11:0x80021e64
      112645000	     11165	80008378	8fe1	c.and	x15,x8	 x15:0x000000fc  x8:0x000000fc x15=0x000000fc
      112655000	     11166	8000837a	0361f063	bgeu	x3,x22,8000839a	  x3:0x07ffd3cf x22:0x00000000
      112685000	     11169	8000839a	0118f4b3	and	x9,x17,x17	 x17:0x00000014 x17:0x00000014  x9=0x00000014
      113055000	     11206	8000839e	02b24a33	div	x20,x4,x11	  x4:0x00000000 x11:0x80021e64 x20=0x00000000
      113065000	     11207	800083a2	016b5933	srl	x18,x22,x22	 x22:0x00000000 x22:0x00000000 x18=0x00000000
      113075000	     11208	800083a6	00a49d63	bne	x9,x10,800083c0	  x9:0x00000014 x10:0x164f10fc
      113095000	     11210	800083c0	6469	c.lui	x8,0x1a	  x8=0x0001a000
      113105000	     11211	800083c2	1f75b893	sltiu	x17,x11,503	 x11:0x80021e64 x17=0x00000000
      113115000	     11212	800083c6	0000100f	fence.i	
      113145000	     11215	800083ca	43b83b13	sltiu	x22,x16,1083	 x16:0x00000000 x22=0x00000001
      113515000	     11252	800083ce	02d3e0b3	rem	x1,x7,x13	  x7:0x00000000 x13:0x80025ce4  x1=0x00000000
      113525000	     11253	800083d2	8b5d	c.andi	x14,23	 x14:0x00000000 x14=0x00000000
      113535000	     11254	800083d4	8391	c.srli	x15,0x4	 x15:0x000000fc x15=0x0000000f
      113545000	     11255	800083d6	00021a63	bne	x4,x0,800083ea	  x4:0x00000000  x0:0x00000000
      113555000	     11256	800083da	d2cb8a93	addi	x21,x23,-724	 x23:0x00fffff0 x21=0x00fffd1c
      113565000	     11257	800083de	ef1d	c.bnez	x14,8000841c	 x14:0x00000000
      113605000	     11261	800083e0	021b32b3	mulhu	x5,x22,x1	 x22:0x00000001  x1:0x00000000  x5=0x00000000
      113615000	     11262	800083e4	132bea13	ori	x20,x23,306	 x23:0x00fffff0 x20=0x00fffff2
      113625000	     11263	800083e8	87f5	c.srai	x15,0x1d	 x15:0x0000000f x15=0x00000000
      113635000	     11264	800083ea	8379	c.srli	x14,0x1e	 x14:0x00000000 x14=0x00000000
      113645000	     11265	800083ec	01da	c.slli	x3,0x16	  x3:0x07ffd3cf  x3=0xf3c00000
      113655000	     11266	800083ee	01042fb3	slt	x31,x8,x16	  x8:0x0001a000 x16:0x00000000 x31=0x00000000
      113665000	     11267	800083f2	01e5cdb3	xor	x27,x11,x30	 x11:0x80021e64 x30:0xfffff87b x27=0x7ffde61f
      113675000	     11268	800083f6	00eb8833	add	x16,x23,x14	 x23:0x00fffff0 x14:0x00000000 x16=0x00fffff0
      113685000	     11269	800083fa	0749	c.addi	x14,18	 x14:0x00000000 x14=0x00000012
      114055000	     11306	800083fc	03dbe533	rem	x10,x23,x29	 x23:0x00fffff0 x29:0x000001fa x10=0x00000108
      114075000	     11308	80008400	038c7533	remu	x10,x24,x24	 x24:0x00000000 x24:0x00000000 x10=0x00000000
      114085000	     11309	80008404	6439	c.lui	x8,0xe	  x8=0x0000e000
      114095000	     11310	80008406	da3f6313	ori	x6,x30,-605	 x30:0xfffff87b  x6=0xfffffdfb
      114105000	     11311	8000840a	8f29	c.xor	x14,x10	 x14:0x00000012 x10:0x00000000 x14=0x00000012
      114115000	     11312	8000840c	717d	c.addi16sp	x2,-16	  x2:0xfffffa2b  x2=0xfffffa1b
      114125000	     11313	8000840e	3b52e993	ori	x19,x5,949	  x5:0x00000000 x19=0x000003b5
      114135000	     11314	80008412	0365ce63	blt	x11,x22,8000844e	 x11:0x80021e64 x22:0x00000001
      114175000	     11318	8000844e	02f0f2b3	remu	x5,x1,x15	  x1:0x00000000 x15:0x00000000  x5=0x00000000
      114215000	     11322	80008452	02bda133	mulhsu	x2,x27,x11	 x27:0x7ffde61f x11:0x80021e64  x2=0x4000023d
      114235000	     11324	80008456	02ffc833	div	x16,x31,x15	 x31:0x00000000 x15:0x00000000 x16=0xffffffff
      114275000	     11328	8000845a	037192b3	mulh	x5,x3,x23	  x3:0xf3c00000 x23:0x00fffff0  x5=0xfff3c000
      114645000	     11365	8000845e	028efa33	remu	x20,x29,x8	 x29:0x000001fa  x8:0x0000e000 x20=0x000001fa
      114685000	     11369	80008462	0294adb3	mulhsu	x27,x9,x9	  x9:0x00000014  x9:0x00000014 x27=0x00000000
      114695000	     11370	80008466	8315	c.srli	x14,0x5	 x14:0x00000012 x14=0x00000000
      114705000	     11371	80008468	0137deb3	srl	x29,x15,x19	 x15:0x00000000 x19:0x000003b5 x29=0x00000000
      114715000	     11372	8000846c	00162eb3	slt	x29,x12,x1	 x12:0x00000000  x1:0x00000000 x29=0x00000000
      114725000	     11373	80008470	0ec5	c.addi	x29,17	 x29:0x00000000 x29=0x00000011
      114735000	     11374	80008472	0000100f	fence.i	
      114765000	     11377	80008476	207e2537	lui	x10,0x207e2	 x10=0x207e2000
      114775000	     11378	8000847a	52238113	addi	x2,x7,1314	  x7:0x00000000  x2=0x00000522
      114785000	     11379	8000847e	006e0363	beq	x28,x6,80008484	 x28:0x01ffffe0  x6:0xfffffdfb
      114795000	     11380	80008482	ea15	c.bnez	x12,800084b6	 x12:0x00000000
      114805000	     11381	80008484	4034d1b3	sra	x3,x9,x3	  x9:0x00000014  x3:0xf3c00000  x3=0x00000014
      114845000	     11385	80008488	028890b3	mulh	x1,x17,x8	 x17:0x00000000  x8:0x0000e000  x1=0x00000000
      114855000	     11386	8000848c	9e1a	c.add	x28,x6	 x28:0x01ffffe0  x6:0xfffffdfb x28=0x01fffddb
      114865000	     11387	8000848e	41f35b33	sra	x22,x6,x31	  x6:0xfffffdfb x31:0x00000000 x22=0xfffffdfb
      114875000	     11388	80008492	8425	c.srai	x8,0x9	  x8:0x0000e000  x8=0x00000070
      114915000	     11392	80008494	02043533	mulhu	x10,x8,x0	  x8:0x00000070  x0:0x00000000 x10=0x00000000
      114955000	     11396	80008498	03981a33	mulh	x20,x16,x25	 x16:0xffffffff x25:0x00000000 x20=0x00000000
      114965000	     11397	8000849c	0324e463	bltu	x9,x18,800084c4	  x9:0x00000014 x18:0x00000000
      114995000	     11400	800084a0	03fb0db3	mul	x27,x22,x31	 x22:0xfffffdfb x31:0x00000000 x27=0x00000000
      115005000	     11401	800084a4	ef01	c.bnez	x14,800084bc	 x14:0x00000000
      115015000	     11402	800084a6	ce0d	c.beqz	x12,800084e0	 x12:0x00000000
      115035000	     11404	800084e0	a4bb4d93	xori	x27,x22,-1461	 x22:0xfffffdfb x27=0x000007b0
      115045000	     11405	800084e4	8c59	c.or	x8,x14	  x8:0x00000070 x14:0x00000000  x8=0x00000070
      115055000	     11406	800084e6	87cd	c.srai	x15,0x13	 x15:0x00000000 x15=0x00000000
      115065000	     11407	800084e8	ee15	c.bnez	x12,80008524	 x12:0x00000000
      115075000	     11408	800084ea	6735	c.lui	x14,0xd	 x14=0x0000d000
      115085000	     11409	800084ec	059c6063	bltu	x24,x25,8000852c	 x24:0x00000000 x25:0x00000000
      115095000	     11410	800084f0	b8246413	ori	x8,x8,-1150	  x8:0x00000070  x8=0xfffffbf2
      115105000	     11411	800084f4	917fad17	auipc	x26,0x917fa	 x26=0x118024f4
      115115000	     11412	800084f8	b4b98f97	auipc	x31,0xb4b98	 x31=0x34ba04f8
      115125000	     11413	800084fc	1b80	c.addi4spn	x8,x2,496	  x8=0x00000712
      115135000	     11414	800084fe	65eca437	lui	x8,0x65eca	  x8=0x65eca000
      115145000	     11415	80008502	0087d493	srli	x9,x15,0x8	 x15:0x00000000  x9=0x00000000
      115155000	     11416	80008506	029c1363	bne	x24,x9,8000852c	 x24:0x00000000  x9:0x00000000
      115165000	     11417	8000850a	8c35	c.xor	x8,x13	  x8:0x65eca000 x13:0x80025ce4  x8=0xe5eefce4
      115205000	     11421	8000850c	033d3eb3	mulhu	x29,x26,x19	 x26:0x118024f4 x19:0x000003b5 x29=0x00000040
      115215000	     11422	80008510	0465e213	ori	x4,x11,70	 x11:0x80021e64  x4=0x80021e66
      115225000	     11423	80008514	00ac1533	sll	x10,x24,x10	 x24:0x00000000 x10:0x00000000 x10=0x00000000
      115235000	     11424	80008518	d5e53297	auipc	x5,0xd5e53	  x5=0x55e5b518
      115245000	     11425	8000851c	e81d	c.bnez	x8,80008552	  x8:0xe5eefce4
      115265000	     11427	80008552	8e45	c.or	x12,x9	 x12:0x00000000  x9:0x00000000 x12=0x00000000
      115275000	     11428	80008554	400bd833	sra	x16,x23,x0	 x23:0x00fffff0  x0:0x00000000 x16=0x00fffff0
      115285000	     11429	80008558	00317fb3	and	x31,x2,x3	  x2:0x00000522  x3:0x00000014 x31=0x00000000
      115295000	     11430	8000855c	87c5	c.srai	x15,0x11	 x15:0x00000000 x15=0x00000000
      115665000	     11467	8000855e	037f6533	rem	x10,x30,x23	 x30:0xfffff87b x23:0x00fffff0 x10=0xfffff87b
      115675000	     11468	80008562	615b6197	auipc	x3,0x615b6	  x3=0xe15be562
      115685000	     11469	80008566	ff46ca97	auipc	x21,0xff46c	 x21=0x7f474566
      115695000	     11470	8000856a	0ff0000f	fence	iorw,iorw	
      115705000	     11471	8000856e	40a05233	sra	x4,x0,x10	  x0:0x00000000 x10:0xfffff87b  x4=0x00000000
      115715000	     11472	80008572	40a3deb3	sra	x29,x7,x10	  x7:0x00000000 x10:0xfffff87b x29=0x00000000
      115725000	     11473	80008576	028f7c63	bgeu	x30,x8,800085ae	 x30:0xfffff87b  x8:0xe5eefce4
      115745000	     11475	800085ae	1208	c.addi4spn	x10,x2,288	 x10=0x00000642
      115755000	     11476	800085b0	8fb5	c.xor	x15,x13	 x15:0x00000000 x13:0x80025ce4 x15=0x80025ce4
      115765000	     11477	800085b2	0888	c.addi4spn	x10,x2,80	 x10=0x00000572
      115775000	     11478	800085b4	177d	c.addi	x14,-1	 x14:0x0000d000 x14=0x0000cfff
      115785000	     11479	800085b6	0ff0000f	fence	iorw,iorw	
      115795000	     11480	800085ba	042dd163	bge	x27,x2,800085fc	 x27:0x000007b0  x2:0x00000522
      115815000	     11482	800085fc	039c0c63	beq	x24,x25,80008634	 x24:0x00000000 x25:0x00000000
      115835000	     11484	80008634	02357c63	bgeu	x10,x3,8000866c	 x10:0x00000572  x3:0xe15be562
      115845000	     11485	80008638	04056163	bltu	x10,x0,8000867a	 x10:0x00000572  x0:0x00000000
      115855000	     11486	8000863c	412a5893	srai	x17,x20,0x12	 x20:0x00000000 x17=0x00000000
      115865000	     11487	80008640	5b455b17	auipc	x22,0x5b455	 x22=0xdb45d640
      115875000	     11488	80008644	84a5	c.srai	x9,0x9	  x9:0x00000000  x9=0x00000000
      116245000	     11525	80008646	036effb3	remu	x31,x29,x22	 x29:0x00000000 x22:0xdb45d640 x31=0x00000000
      116255000	     11526	8000864a	61b9	c.lui	x3,0xe	  x3=0x0000e000
      116265000	     11527	8000864c	01a98fb3	add	x31,x19,x26	 x19:0x000003b5 x26:0x118024f4 x31=0x118028a9
      116275000	     11528	80008650	00d0da13	srli	x20,x1,0xd	  x1:0x00000000 x20=0x00000000
      116285000	     11529	80008654	0000100f	fence.i	
      116665000	     11567	80008658	0262d1b3	divu	x3,x5,x6	  x5:0x55e5b518  x6:0xfffffdfb  x3=0x00000000
      116675000	     11568	8000865c	408f5d93	srai	x27,x30,0x8	 x30:0xfffff87b x27=0xfffffff8
      116685000	     11569	80008660	a8f42b13	slti	x22,x8,-1393	  x8:0xe5eefce4 x22=0x00000001
      116695000	     11570	80008664	a5e2fe93	andi	x29,x5,-1442	  x5:0x55e5b518 x29=0x55e5b018
      116705000	     11571	80008668	4f0b7d17	auipc	x26,0x4f0b7	 x26=0xcf0bf668
      116715000	     11572	8000866c	850d	c.srai	x10,0x3	 x10:0x00000572 x10=0x000000ae
      116725000	     11573	8000866e	565e3297	auipc	x5,0x565e3	  x5=0xd65eb66e
      116735000	     11574	80008672	006350b3	srl	x1,x6,x6	  x6:0xfffffdfb  x6:0xfffffdfb  x1=0x0000001f
      116745000	     11575	80008676	78f37b93	andi	x23,x6,1935	  x6:0xfffffdfb x23=0x0000058b
      116755000	     11576	8000867a	8c99	c.sub	x9,x14	  x9:0x00000000 x14:0x0000cfff  x9=0xffff3001
      116765000	     11577	8000867c	8fc2	c.mv	x31,x16	  x0:0x00000000 x16:0x00fffff0 x31=0x00fffff0
      116775000	     11578	8000867e	0000100f	fence.i	
      116825000	     11583	80008682	022b8e33	mul	x28,x23,x2	 x23:0x0000058b  x2:0x00000522 x28=0x001c7376
      116835000	     11584	80008686	83a9	c.srli	x15,0xa	 x15:0x80025ce4 x15=0x00200097
      116845000	     11585	80008688	01415ab3	srl	x21,x2,x20	  x2:0x00000522 x20:0x00000000 x21=0x00000522
      117215000	     11622	8000868c	02bc58b3	divu	x17,x24,x11	 x24:0x00000000 x11:0x80021e64 x17=0x00000000
      117225000	     11623	80008690	01e32433	slt	x8,x6,x30	  x6:0xfffffdfb x30:0xfffff87b  x8=0x00000000
      117235000	     11624	80008694	8356	c.mv	x6,x21	  x0:0x00000000 x21:0x00000522  x6=0x00000522
      117275000	     11628	80008696	0366beb3	mulhu	x29,x13,x22	 x13:0x80025ce4 x22:0x00000001 x29=0x00000000
      117285000	     11629	8000869a	8fc5	c.or	x15,x9	 x15:0x00200097  x9:0xffff3001 x15=0xffff3097
      117295000	     11630	8000869c	9be32e93	slti	x29,x6,-1602	  x6:0x00000522 x29=0x00000000
      117305000	     11631	800086a0	40060933	sub	x18,x12,x0	 x12:0x00000000  x0:0x00000000 x18=0x00000000
      117315000	     11632	800086a4	0d0a	c.slli	x26,0x2	 x26:0xcf0bf668 x26=0x3c2fd9a0
      117355000	     11636	800086a6	02742fb3	mulhsu	x31,x8,x7	  x8:0x00000000  x7:0x00000000 x31=0x00000000
      117365000	     11637	800086aa	02d2	c.slli	x5,0x14	  x5:0xd65eb66e  x5=0x66e00000
      117405000	     11641	800086ac	038927b3	mulhsu	x15,x18,x24	 x18:0x00000000 x24:0x00000000 x15=0x00000000
      117415000	     11642	800086b0	84fd	c.srai	x9,0x1f	  x9:0xffff3001  x9=0xffffffff
      117425000	     11643	800086b2	abd97f13	andi	x30,x18,-1347	 x18:0x00000000 x30=0x00000000
      117435000	     11644	800086b6	018ff363	bgeu	x31,x24,800086bc	 x31:0x00000000 x24:0x00000000
      117455000	     11646	800086bc	01b24533	xor	x10,x4,x27	  x4:0x00000000 x27:0xfffffff8 x10=0xfffffff8
      117475000	     11648	800086c0	0285eeb3	rem	x29,x11,x8	 x11:0x80021e64  x8:0x00000000 x29=0x80021e64
      117485000	     11649	800086c4	8e7d	c.and	x12,x15	 x12:0x00000000 x15:0x00000000 x12=0x00000000
      117855000	     11686	800086c6	0258cab3	div	x21,x17,x5	 x17:0x00000000  x5:0x66e00000 x21=0x00000000
      117865000	     11687	800086ca	833a	c.mv	x6,x14	  x0:0x00000000 x14:0x0000cfff  x6=0x0000cfff
      117875000	     11688	800086cc	0064d733	srl	x14,x9,x6	  x9:0xffffffff  x6:0x0000cfff x14=0x00000001
      117885000	     11689	800086d0	8432	c.mv	x8,x12	  x0:0x00000000 x12:0x00000000  x8=0x00000000
      117895000	     11690	800086d2	1490	c.addi4spn	x12,x2,608	 x12=0x00000782
      117905000	     11691	800086d4	1f98	c.addi4spn	x14,x2,1008	 x14=0x00000912
      117915000	     11692	800086d6	61cfed93	ori	x27,x31,1564	 x31:0x00000000 x27=0x0000061c
      117925000	     11693	800086da	0000100f	fence.i	
      117955000	     11696	800086de	00e8abb3	slt	x23,x17,x14	 x17:0x00000000 x14:0x00000912 x23=0x00000001
      117965000	     11697	800086e2	00f78fb3	add	x31,x15,x15	 x15:0x00000000 x15:0x00000000 x31=0x00000000
      117975000	     11698	800086e6	007688b3	add	x17,x13,x7	 x13:0x80025ce4  x7:0x00000000 x17=0x80025ce4
      117985000	     11699	800086ea	accb3d93	sltiu	x27,x22,-1332	 x22:0x00000001 x27=0x00000001
      117995000	     11700	800086ee	00d49533	sll	x10,x9,x13	  x9:0xffffffff x13:0x80025ce4 x10=0xfffffff0
      118005000	     11701	800086f2	e409	c.bnez	x8,800086fc	  x8:0x00000000
      118015000	     11702	800086f4	415a0833	sub	x16,x20,x21	 x20:0x00000000 x21:0x00000000 x16=0x00000000
      118025000	     11703	800086f8	1c84	c.addi4spn	x9,x2,624	  x9=0x00000792
      118035000	     11704	800086fa	4151	c.li	x2,20	  x2=0x00000014
      118405000	     11741	800086fc	03c8ea33	rem	x20,x17,x28	 x17:0x80025ce4 x28:0x001c7376 x20=0xffed7c6e
      118415000	     11742	80008700	8f45	c.or	x14,x9	 x14:0x00000912  x9:0x00000792 x14=0x00000f92
      118425000	     11743	80008702	02329c63	bne	x5,x3,8000873a	  x5:0x66e00000  x3:0x00000000
      118455000	     11746	8000873a	01be5993	srli	x19,x28,0x1b	 x28:0x001c7376 x19=0x00000000
      118465000	     11747	8000873e	40a9	c.li	x1,10	  x1=0x0000000a
      118475000	     11748	80008740	790d0893	addi	x17,x26,1936	 x26:0x3c2fd9a0 x17=0x3c2fe130
      118485000	     11749	80008744	00c43f33	sltu	x30,x8,x12	  x8:0x00000000 x12:0x00000782 x30=0x00000001
      118495000	     11750	80008748	8d65	c.and	x10,x9	 x10:0xfffffff0  x9:0x00000792 x10=0x00000790
      118505000	     11751	8000874a	0567e163	bltu	x15,x22,8000878c	 x15:0x00000000 x22:0x00000001
      118555000	     11756	8000878c	0328afb3	mulhsu	x31,x17,x18	 x17:0x3c2fe130 x18:0x00000000 x31=0x00000000
      118565000	     11757	80008790	84d5	c.srai	x9,0x15	  x9:0x00000792  x9=0x00000000
      118575000	     11758	80008792	0ff0000f	fence	iorw,iorw	
      118585000	     11759	80008796	00769233	sll	x4,x13,x7	 x13:0x80025ce4  x7:0x00000000  x4=0x80025ce4
      118595000	     11760	8000879a	ec8d	c.bnez	x9,800087d4	  x9:0x00000000
      118605000	     11761	8000879c	0f9a	c.slli	x31,0x6	 x31:0x00000000 x31=0x00000000
      118615000	     11762	8000879e	6a3d	c.lui	x20,0xf	 x20=0x0000f000
      118625000	     11763	800087a0	93d94013	xori	x0,x18,-1731	 x18:0x00000000  x0=0x00000000
      118635000	     11764	800087a4	0588	c.addi4spn	x10,x2,704	 x10=0x000002d4
      118645000	     11765	800087a6	613d	c.addi16sp	x2,480	  x2:0x00000014  x2=0x000001f4
      118655000	     11766	800087a8	d8aa6193	ori	x3,x20,-630	 x20:0x0000f000  x3=0xfffffd8a
      118665000	     11767	800087ac	0209	c.addi	x4,2	  x4:0x80025ce4  x4=0x80025ce6
      118685000	     11769	800087ae	02925bb3	divu	x23,x4,x9	  x4:0x80025ce6  x9:0x00000000 x23=0xffffffff
      118695000	     11770	800087b2	f6e51937	lui	x18,0xf6e51	 x18=0xf6e51000
      118705000	     11771	800087b6	01af1463	bne	x30,x26,800087be	 x30:0x00000001 x26:0x3c2fd9a0
      118755000	     11776	800087be	03358033	mul	x0,x11,x19	 x11:0x80021e64 x19:0x00000000  x0=0x00000000
      118765000	     11777	800087c2	cfdc3737	lui	x14,0xcfdc3	 x14=0xcfdc3000
      118775000	     11778	800087c6	02558663	beq	x11,x5,800087f2	 x11:0x80021e64  x5:0x66e00000
      118785000	     11779	800087ca	41698333	sub	x6,x19,x22	 x19:0x00000000 x22:0x00000001  x6=0xffffffff
      118795000	     11780	800087ce	ee362613	slti	x12,x12,-285	 x12:0x00000782 x12=0x00000000
      118805000	     11781	800087d2	8ce1	c.and	x9,x8	  x9:0x00000000  x8:0x00000000  x9=0x00000000
      118815000	     11782	800087d4	6dc1	c.lui	x27,0x10	 x27=0x00010000
      118825000	     11783	800087d6	01ebeab3	or	x21,x23,x30	 x23:0xffffffff x30:0x00000001 x21=0xffffffff
      118835000	     11784	800087da	04176163	bltu	x14,x1,8000881c	 x14:0xcfdc3000  x1:0x0000000a
      118845000	     11785	800087de	0001	c.addi	x0,0	  x0:0x00000000  x0=0x00000000
      118855000	     11786	800087e0	01436963	bltu	x6,x20,800087f2	  x6:0xffffffff x20:0x0000f000
      118865000	     11787	800087e4	c895	c.beqz	x9,80008818	  x9:0x00000000
      119245000	     11825	80008818	02b1ea33	rem	x20,x3,x11	  x3:0xfffffd8a x11:0x80021e64 x20=0xfffffd8a
      119255000	     11826	8000881c	14fd	c.addi	x9,-1	  x9:0x00000000  x9=0xffffffff
      119265000	     11827	8000881e	02a2f463	bgeu	x5,x10,80008846	  x5:0x66e00000 x10:0x000002d4
      119285000	     11829	80008846	8fd1	c.or	x15,x12	 x15:0x00000000 x12:0x00000000 x15=0x00000000
      119295000	     11830	80008848	0965ff13	andi	x30,x11,150	 x11:0x80021e64 x30=0x00000004
      119325000	     11833	8000884c	03408fb3	mul	x31,x1,x20	  x1:0x0000000a x20:0xfffffd8a x31=0xffffe764
      119695000	     11870	80008850	03267833	remu	x16,x12,x18	 x12:0x00000000 x18:0xf6e51000 x16=0x00000000
      119735000	     11874	80008854	034e2133	mulhsu	x2,x28,x20	 x28:0x001c7376 x20:0xfffffd8a  x2=0x001c7375
      119745000	     11875	80008858	61fd	c.lui	x3,0x1f	  x3=0x0001f000
      119755000	     11876	8000885a	8109	c.srli	x10,0x2	 x10:0x000002d4 x10=0x000000b5
      119785000	     11879	8000885c	02ff02b3	mul	x5,x30,x15	 x30:0x00000004 x15:0x00000000  x5=0x00000000
      119795000	     11880	80008860	8069	c.srli	x8,0x1a	  x8:0x00000000  x8=0x00000000
      119805000	     11881	80008862	665e8137	lui	x2,0x665e8	  x2=0x665e8000
      119815000	     11882	80008866	0001	c.addi	x0,0	  x0:0x00000000  x0=0x00000000
      120185000	     11919	80008868	02da7133	remu	x2,x20,x13	 x20:0xfffffd8a x13:0x80025ce4  x2=0x7ffda0a6
      120195000	     11920	8000886c	41c05433	sra	x8,x0,x28	  x0:0x00000000 x28:0x001c7376  x8=0x00000000
      120205000	     11921	80008870	1b1c	c.addi4spn	x15,x2,432	 x15=0x7ffda256
      120215000	     11922	80008872	8881	c.andi	x9,0	  x9:0xffffffff  x9=0x00000000
      120245000	     11925	80008874	032b0533	mul	x10,x22,x18	 x22:0x00000001 x18:0xf6e51000 x10=0xf6e51000
      120255000	     11926	80008878	cb19	c.beqz	x14,8000888e	 x14:0xcfdc3000
      120265000	     11927	8000887a	806ebd93	sltiu	x27,x29,-2042	 x29:0x80021e64 x27=0x00000001
      120275000	     11928	8000887e	933e	c.add	x6,x15	  x6:0xffffffff x15:0x7ffda256  x6=0x7ffda255
      120315000	     11932	80008880	02a538b3	mulhu	x17,x10,x10	 x10:0xf6e51000 x10:0xf6e51000 x17=0xee1d07b5
      120325000	     11933	80008884	00b63933	sltu	x18,x12,x11	 x12:0x00000000 x11:0x80021e64 x18=0x00000001
      120335000	     11934	80008888	0001	c.addi	x0,0	  x0:0x00000000  x0=0x00000000
      120345000	     11935	8000888a	00827b33	and	x22,x4,x8	  x4:0x80025ce6  x8:0x00000000 x22=0x00000000
      120355000	     11936	8000888e	9622	c.add	x12,x8	 x12:0x00000000  x8:0x00000000 x12=0x00000000
      120365000	     11937	80008890	cf19	c.beqz	x14,800088ae	 x14:0xcfdc3000
      120375000	     11938	80008892	0182df33	srl	x30,x5,x24	  x5:0x00000000 x24:0x00000000 x30=0x00000000
      120385000	     11939	80008896	987d	c.andi	x8,-1	  x8:0x00000000  x8=0x00000000
      120395000	     11940	80008898	01794b63	blt	x18,x23,800088ae	 x18:0x00000001 x23:0xffffffff
      120405000	     11941	8000889c	40550f33	sub	x30,x10,x5	 x10:0xf6e51000  x5:0x00000000 x30=0xf6e51000
      120415000	     11942	800088a0	002f1613	slli	x12,x30,0x2	 x30:0xf6e51000 x12=0xdb944000
      120425000	     11943	800088a4	0151ef33	or	x30,x3,x21	  x3:0x0001f000 x21:0xffffffff x30=0xffffffff
      120435000	     11944	800088a8	1e7d	c.addi	x28,-1	 x28:0x001c7376 x28=0x001c7375
      120805000	     11981	800088aa	0213f733	remu	x14,x7,x1	  x7:0x00000000  x1:0x0000000a x14=0x00000000
      120815000	     11982	800088ae	41928f33	sub	x30,x5,x25	  x5:0x00000000 x25:0x00000000 x30=0x00000000
      120825000	     11983	800088b2	f7370237	lui	x4,0xf7370	  x4=0xf7370000
      120845000	     11985	800088b6	0283ffb3	remu	x31,x7,x8	  x7:0x00000000  x8:0x00000000 x31=0x00000000
      120865000	     11987	800088ba	0361c233	div	x4,x3,x22	  x3:0x0001f000 x22:0x00000000  x4=0xffffffff
      120885000	     11989	800088be	020167b3	rem	x15,x2,x0	  x2:0x7ffda0a6  x0:0x00000000 x15=0x7ffda0a6
      120895000	     11990	800088c2	04816163	bltu	x2,x8,80008904	  x2:0x7ffda0a6  x8:0x00000000
      120915000	     11992	800088c6	029bda33	divu	x20,x23,x9	 x23:0xffffffff  x9:0x00000000 x20=0xffffffff
      120935000	     11994	800088ca	0257ca33	div	x20,x15,x5	 x15:0x7ffda0a6  x5:0x00000000 x20=0xffffffff
      120945000	     11995	800088ce	001fd493	srli	x9,x31,0x1	 x31:0x00000000  x9=0x00000000
      120955000	     11996	800088d2	05678063	beq	x15,x22,80008912	 x15:0x7ffda0a6 x22:0x00000000
      120965000	     11997	800088d6	0063ceb3	xor	x29,x7,x6	  x7:0x00000000  x6:0x7ffda255 x29=0x7ffda255
      121335000	     12034	800088da	03d3f633	remu	x12,x7,x29	  x7:0x00000000 x29:0x7ffda255 x12=0x00000000
      121345000	     12035	800088de	0154e4b3	or	x9,x9,x21	  x9:0x00000000 x21:0xffffffff  x9=0xffffffff
      121355000	     12036	800088e2	35a9c113	xori	x2,x19,858	 x19:0x00000000  x2=0x0000035a
      121365000	     12037	800088e6	6855	c.lui	x16,0x15	 x16=0x00015000
      121375000	     12038	800088e8	4562c813	xori	x16,x5,1110	  x5:0x00000000 x16=0x00000456
      121385000	     12039	800088ec	01cab633	sltu	x12,x21,x28	 x21:0xffffffff x28:0x001c7375 x12=0x00000000
      121395000	     12040	800088f0	98fd	c.andi	x9,-1	  x9:0xffffffff  x9=0xffffffff
      121435000	     12044	800088f2	02ef2b33	mulhsu	x22,x30,x14	 x30:0x00000000 x14:0x00000000 x22=0x00000000
      121445000	     12045	800088f6	8f93b993	sltiu	x19,x7,-1799	  x7:0x00000000 x19=0x00000001
      121485000	     12049	800088fa	02dcb133	mulhu	x2,x25,x13	 x25:0x00000000 x13:0x80025ce4  x2=0x00000000
      121495000	     12050	800088fe	0001	c.addi	x0,0	  x0:0x00000000  x0=0x00000000
      121505000	     12051	80008900	057b8163	beq	x23,x23,80008942	 x23:0xffffffff x23:0xffffffff
      121895000	     12090	80008942	03c17133	remu	x2,x2,x28	  x2:0x00000000 x28:0x001c7375  x2=0x00000000
      121935000	     12094	80008946	0371ad33	mulhsu	x26,x3,x23	  x3:0x0001f000 x23:0xffffffff x26=0x0001efff
      122305000	     12131	8000894a	02df74b3	remu	x9,x30,x13	 x30:0x00000000 x13:0x80025ce4  x9=0x00000000
      122315000	     12132	8000894e	018f8eb3	add	x29,x31,x24	 x31:0x00000000 x24:0x00000000 x29=0x00000000
      122325000	     12133	80008952	8ce9	c.and	x9,x10	  x9:0x00000000 x10:0xf6e51000  x9=0x00000000
      122335000	     12134	80008954	bbec0e37	lui	x28,0xbbec0	 x28=0xbbec0000
      122345000	     12135	80008958	0804	c.addi4spn	x9,x2,16	  x9=0x00000010
      122355000	     12136	8000895a	012d6633	or	x12,x26,x18	 x26:0x0001efff x18:0x00000001 x12=0x0001efff
      122365000	     12137	8000895e	8c49	c.or	x8,x10	  x8:0x00000000 x10:0xf6e51000  x8=0xf6e51000
      122375000	     12138	80008960	0df5	c.addi	x27,29	 x27:0x00000001 x27=0x0000001e
      122385000	     12139	80008962	67dd	c.lui	x15,0x17	 x15=0x00017000
      122395000	     12140	80008964	9aa2	c.add	x21,x8	 x21:0xffffffff  x8:0xf6e51000 x21=0xf6e50fff
      122405000	     12141	80008966	01dc1633	sll	x12,x24,x29	 x24:0x00000000 x29:0x00000000 x12=0x00000000
      122415000	     12142	8000896a	003157b3	srl	x15,x2,x3	  x2:0x00000000  x3:0x0001f000 x15=0x00000000
      122455000	     12146	8000896e	03862c33	mulhsu	x24,x12,x24	 x12:0x00000000 x24:0x00000000 x24=0x00000000
      122465000	     12147	80008972	01b73533	sltu	x10,x14,x27	 x14:0x00000000 x27:0x0000001e x10=0x00000001
      122475000	     12148	80008976	00519863	bne	x3,x5,80008986	  x3:0x0001f000  x5:0x00000000
      122535000	     12154	80008986	02739533	mulh	x10,x7,x7	  x7:0x00000000  x7:0x00000000 x10=0x00000000
      122545000	     12155	8000898a	b1f40b13	addi	x22,x8,-1249	  x8:0xf6e51000 x22=0xf6e50b1f
      122575000	     12158	8000898e	026e88b3	mul	x17,x29,x6	 x29:0x00000000  x6:0x7ffda255 x17=0x00000000
      122585000	     12159	80008992	02af4b63	blt	x30,x10,800089c8	 x30:0x00000000 x10:0x00000000
      122595000	     12160	80008996	03b96d63	bltu	x18,x27,800089d0	 x18:0x00000001 x27:0x0000001e
      122615000	     12162	800089d0	19bd2a93	slti	x21,x26,411	 x26:0x0001efff x21=0x00000000
      122625000	     12163	800089d4	942e	c.add	x8,x11	  x8:0xf6e51000 x11:0x80021e64  x8=0x76e72e64
      122635000	     12164	800089d6	041e0063	beq	x28,x1,80008a16	 x28:0xbbec0000  x1:0x0000000a
      122645000	     12165	800089da	0001	c.addi	x0,0	  x0:0x00000000  x0=0x00000000
      122655000	     12166	800089dc	0001	c.addi	x0,0	  x0:0x00000000  x0=0x00000000
      122665000	     12167	800089de	8c7e	c.mv	x24,x31	  x0:0x00000000 x31:0x00000000 x24=0x00000000
      122675000	     12168	800089e0	08564213	xori	x4,x12,133	 x12:0x00000000  x4=0x00000085
      122685000	     12169	800089e4	006cdd63	bge	x25,x6,800089fe	 x25:0x00000000  x6:0x7ffda255
      122695000	     12170	800089e8	00a52fb3	slt	x31,x10,x10	 x10:0x00000000 x10:0x00000000 x31=0x00000000
      122705000	     12171	800089ec	6dd3ff17	auipc	x30,0x6dd3f	 x30=0xedd479ec
      122715000	     12172	800089f0	8095	c.srli	x9,0x5	  x9:0x00000010  x9=0x00000000
      122745000	     12175	800089f2	034e0cb3	mul	x25,x28,x20	 x28:0xbbec0000 x20:0xffffffff x25=0x44140000
      122755000	     12176	800089f6	006da833	slt	x16,x27,x6	 x27:0x0000001e  x6:0x7ffda255 x16=0x00000001
      122765000	     12177	800089fa	006b6ab3	or	x21,x22,x6	 x22:0xf6e50b1f  x6:0x7ffda255 x21=0xfffdab5f
      123135000	     12214	800089fe	032ec9b3	div	x19,x29,x18	 x29:0x00000000 x18:0x00000001 x19=0x00000000
      123145000	     12215	80008a02	0245ee63	bltu	x11,x4,80008a3e	 x11:0x80021e64  x4:0x00000085
      123155000	     12216	80008a06	00817333	and	x6,x2,x8	  x2:0x00000000  x8:0x76e72e64  x6=0x00000000
      123165000	     12217	80008a0a	171c	c.addi4spn	x15,x2,928	 x15=0x000003a0
      123175000	     12218	80008a0c	01e29813	slli	x16,x5,0x1e	  x5:0x00000000 x16=0x00000000
      123185000	     12219	80008a10	0000100f	fence.i	
      123205000	     12221	80008a14	8f61	c.and	x14,x8	 x14:0x00000000  x8:0x76e72e64 x14=0x00000000
      123215000	     12222	80008a16	93408113	addi	x2,x1,-1740	  x1:0x0000000a  x2=0xfffff93e
      123225000	     12223	80008a1a	01d981b3	add	x3,x19,x29	 x19:0x00000000 x29:0x00000000  x3=0x00000000
      123265000	     12227	80008a1e	02e39fb3	mulh	x31,x7,x14	  x7:0x00000000 x14:0x00000000 x31=0x00000000
      123275000	     12228	80008a22	015c2bb3	slt	x23,x24,x21	 x24:0x00000000 x21:0xfffdab5f x23=0x00000000
      123285000	     12229	80008a26	001eb133	sltu	x2,x29,x1	 x29:0x00000000  x1:0x0000000a  x2=0x00000001
      123295000	     12230	80008a2a	0ff0000f	fence	iorw,iorw	
      123305000	     12231	80008a2e	8f35	c.xor	x14,x13	 x14:0x00000000 x13:0x80025ce4 x14=0x80025ce4
      123315000	     12232	80008a30	00835533	srl	x10,x6,x8	  x6:0x00000000  x8:0x76e72e64 x10=0x00000000
      123325000	     12233	80008a34	00efdf13	srli	x30,x31,0xe	 x31:0x00000000 x30=0x00000000
      123335000	     12234	80008a38	8d3d	c.xor	x10,x15	 x10:0x00000000 x15:0x000003a0 x10=0x000003a0
      123345000	     12235	80008a3a	8709	c.srai	x14,0x2	 x14:0x80025ce4 x14=0xe0009739
      123355000	     12236	80008a3c	567d	c.li	x12,-1	 x12=0xffffffff
      123365000	     12237	80008a3e	41395613	srai	x12,x18,0x13	 x18:0x00000001 x12=0x00000000
      123375000	     12238	80008a42	8f49	c.or	x14,x10	 x14:0xe0009739 x10:0x000003a0 x14=0xe00097b9
      123405000	     12241	80008a44	02ec8d33	mul	x26,x25,x14	 x25:0x44140000 x14:0xe00097b9 x26=0xfe740000
      123415000	     12242	80008a48	034ac163	blt	x21,x20,80008a6a	 x21:0xfffdab5f x20:0xffffffff
      123445000	     12245	80008a6a	006bddb3	srl	x27,x23,x6	 x23:0x00000000  x6:0x00000000 x27=0x00000000
      123455000	     12246	80008a6e	8c41	c.or	x8,x8	  x8:0x76e72e64  x8:0x76e72e64  x8=0x76e72e64
      123465000	     12247	80008a70	8f45	c.or	x14,x9	 x14:0xe00097b9  x9:0x00000000 x14=0xe00097b9
      123475000	     12248	80008a72	01968533	add	x10,x13,x25	 x13:0x80025ce4 x25:0x44140000 x10=0xc4165ce4
      123485000	     12249	80008a76	00da1913	slli	x18,x20,0xd	 x20:0xffffffff x18=0xffffe000
      123525000	     12253	80008a7a	02a51033	mulh	x0,x10,x10	 x10:0xc4165ce4 x10:0xc4165ce4  x0=0x00000000
      123535000	     12254	80008a7e	005bfbb3	and	x23,x23,x5	 x23:0x00000000  x5:0x00000000 x23=0x00000000
      123545000	     12255	80008a82	0190	c.addi4spn	x12,x2,192	 x12=0x000000c1
      123565000	     12257	80008a84	03e9f233	remu	x4,x19,x30	 x19:0x00000000 x30:0x00000000  x4=0x00000000
      123935000	     12294	80008a88	02187033	remu	x0,x16,x1	 x16:0x00000000  x1:0x0000000a  x0=0x00000000
      123945000	     12295	80008a8c	9fca	c.add	x31,x18	 x31:0x00000000 x18:0xffffe000 x31=0xffffe000
      123955000	     12296	80008a8e	402c5433	sra	x8,x24,x2	 x24:0x00000000  x2:0x00000001  x8=0x00000000
      123975000	     12298	80008a92	03e94133	div	x2,x18,x30	 x18:0xffffe000 x30:0x00000000  x2=0xffffffff
      123985000	     12299	80008a96	82ea	c.mv	x5,x26	  x0:0x00000000 x26:0xfe740000  x5=0xfe740000
      123995000	     12300	80008a98	01449093	slli	x1,x9,0x14	  x9:0x00000000  x1=0x00000000
      124005000	     12301	80008a9c	00928633	add	x12,x5,x9	  x5:0xfe740000  x9:0x00000000 x12=0xfe740000
      124015000	     12302	80008aa0	05aef363	bgeu	x29,x26,80008ae6	 x29:0x00000000 x26:0xfe740000
      124025000	     12303	80008aa4	844e	c.mv	x8,x19	  x0:0x00000000 x19:0x00000000  x8=0x00000000
      124035000	     12304	80008aa6	41630533	sub	x10,x6,x22	  x6:0x00000000 x22:0xf6e50b1f x10=0x091af4e1
      124055000	     12306	80008aaa	0388f133	remu	x2,x17,x24	 x17:0x00000000 x24:0x00000000  x2=0x00000000
      124065000	     12307	80008aae	0000100f	fence.i	
      124085000	     12309	80008ab2	8286	c.mv	x5,x1	  x0:0x00000000  x1:0x00000000  x5=0x00000000
      124095000	     12310	80008ab4	0ff0000f	fence	iorw,iorw	
      124105000	     12311	80008ab8	01f89093	slli	x1,x17,0x1f	 x17:0x00000000  x1=0x00000000
      124145000	     12315	80008abc	02de27b3	mulhsu	x15,x28,x13	 x28:0xbbec0000 x13:0x80025ce4 x15=0xddf55f24
      124155000	     12316	80008ac0	01018333	add	x6,x3,x16	  x3:0x00000000 x16:0x00000000  x6=0x00000000
      124165000	     12317	80008ac4	4f568193	addi	x3,x13,1269	 x13:0x80025ce4  x3=0x800261d9
      124175000	     12318	80008ac8	016d50b3	srl	x1,x26,x22	 x26:0xfe740000 x22:0xf6e50b1f  x1=0x00000001
      124205000	     12321	80008acc	03468833	mul	x16,x13,x20	 x13:0x80025ce4 x20:0xffffffff x16=0x7ffda31c
      124575000	     12358	80008ad0	03abe033	rem	x0,x23,x26	 x23:0x00000000 x26:0xfe740000  x0=0x00000000
      124585000	     12359	80008ad4	01e57363	bgeu	x10,x30,80008ada	 x10:0x091af4e1 x30:0x00000000
      124975000	     12398	80008ada	02c27233	remu	x4,x4,x12	  x4:0x00000000 x12:0xfe740000  x4=0x00000000
      125015000	     12402	80008ade	02251833	mulh	x16,x10,x2	 x10:0x091af4e1  x2:0x00000000 x16=0x00000000
      125025000	     12403	80008ae2	013e6933	or	x18,x28,x19	 x28:0xbbec0000 x19:0x00000000 x18=0xbbec0000
      125035000	     12404	80008ae6	9ac5ba13	sltiu	x20,x11,-1620	 x11:0x80021e64 x20=0x00000001
      125045000	     12405	80008aea	8f05	c.sub	x14,x9	 x14:0xe00097b9  x9:0x00000000 x14=0xe00097b9
      125055000	     12406	80008aec	00569493	slli	x9,x13,0x5	 x13:0x80025ce4  x9=0x004b9c80
      125065000	     12407	80008af0	945929b7	lui	x19,0x94592	 x19=0x94592000
      125075000	     12408	80008af4	019b1e63	bne	x22,x25,80008b10	 x22:0xf6e50b1f x25:0x44140000
      125095000	     12410	80008b10	00b2ed63	bltu	x5,x11,80008b2a	  x5:0x00000000 x11:0x80021e64
      125485000	     12449	80008b2a	0354f533	remu	x10,x9,x21	  x9:0x004b9c80 x21:0xfffdab5f x10=0x004b9c80
      125495000	     12450	80008b2e	41b0df13	srai	x30,x1,0x1b	  x1:0x00000001 x30=0x00000000
      125865000	     12487	80008b32	03577e33	remu	x28,x14,x21	 x14:0xe00097b9 x21:0xfffdab5f x28=0xe00097b9
      125905000	     12491	80008b36	03dc2c33	mulhsu	x24,x24,x29	 x24:0x00000000 x29:0x00000000 x24=0x00000000
      125915000	     12492	80008b3a	03888663	beq	x17,x24,80008b66	 x17:0x00000000 x24:0x00000000
      125935000	     12494	80008b66	8cd1	c.or	x9,x12	  x9:0x004b9c80 x12:0xfe740000  x9=0xfe7f9c80
      125945000	     12495	80008b68	01cdec63	bltu	x27,x28,80008b80	 x27:0x00000000 x28:0xe00097b9
      125965000	     12497	80008b80	0626	c.slli	x12,0x9	 x12:0xfe740000 x12=0xe8000000
      125975000	     12498	80008b82	623c2f93	slti	x31,x24,1571	 x24:0x00000000 x31=0x00000001
      125985000	     12499	80008b86	002c9b93	slli	x23,x25,0x2	 x25:0x44140000 x23=0x10500000
      126355000	     12536	80008b8a	0367cd33	div	x26,x15,x22	 x15:0xddf55f24 x22:0xf6e50b1f x26=0x00000003
      126365000	     12537	80008b8e	0ff0000f	fence	iorw,iorw	
      126375000	     12538	80008b92	00b55b33	srl	x22,x10,x11	 x10:0x004b9c80 x11:0x80021e64 x22=0x0004b9c8
      126385000	     12539	80008b96	0000100f	fence.i	
      126415000	     12542	80008b9a	03256c63	bltu	x10,x18,80008bd2	 x10:0x004b9c80 x18:0xbbec0000
      126445000	     12545	80008bd2	15e8dab7	lui	x21,0x15e8d	 x21=0x15e8d000
      126455000	     12546	80008bd6	1e7d	c.addi	x28,-1	 x28:0xe00097b9 x28=0xe00097b8
      126465000	     12547	80008bd8	8d11	c.sub	x10,x12	 x10:0x004b9c80 x12:0xe8000000 x10=0x184b9c80
      126475000	     12548	80008bda	0001	c.addi	x0,0	  x0:0x00000000  x0=0x00000000
      126485000	     12549	80008bdc	4b8d	c.li	x23,3	 x23=0x00000003
      126495000	     12550	80008bde	9b76	c.add	x22,x29	 x22:0x0004b9c8 x29:0x00000000 x22=0x0004b9c8
      126505000	     12551	80008be0	56ec8113	addi	x2,x25,1390	 x25:0x44140000  x2=0x4414056e
      126875000	     12588	80008be4	02de4a33	div	x20,x28,x13	 x28:0xe00097b8 x13:0x80025ce4 x20=0x00000000
      126885000	     12589	80008be8	01a0df93	srli	x31,x1,0x1a	  x1:0x00000001 x31=0x00000000
      126895000	     12590	80008bec	002d1513	slli	x10,x26,0x2	 x26:0x00000003 x10=0x0000000c
      126905000	     12591	80008bf0	039e4c63	blt	x28,x25,80008c28	 x28:0xe00097b8 x25:0x44140000
      126925000	     12593	80008c28	0f1e0293	addi	x5,x28,241	 x28:0xe00097b8  x5=0xe00098a9
      126935000	     12594	80008c2c	6109	c.addi16sp	x2,128	  x2:0x4414056e  x2=0x441405ee
      126945000	     12595	80008c2e	41405f33	sra	x30,x0,x20	  x0:0x00000000 x20:0x00000000 x30=0x00000000
      126955000	     12596	80008c32	00161413	slli	x8,x12,0x1	 x12:0xe8000000  x8=0xd0000000
      126975000	     12598	80008c36	02775b33	divu	x22,x14,x7	 x14:0xe00097b9  x7:0x00000000 x22=0xffffffff
      126985000	     12599	80008c3a	9676	c.add	x12,x29	 x12:0xe8000000 x29:0x00000000 x12=0xe8000000
      126995000	     12600	80008c3c	717d	c.addi16sp	x2,-16	  x2:0x441405ee  x2=0x441405de
      127015000	     12602	80008c3e	034b7433	remu	x8,x22,x20	 x22:0xffffffff x20:0x00000000  x8=0xffffffff
      127025000	     12603	80008c42	03ed6463	bltu	x26,x30,80008c6a	 x26:0x00000003 x30:0x00000000
      127035000	     12604	80008c46	8bca	c.mv	x23,x18	  x0:0x00000000 x18:0xbbec0000 x23=0xbbec0000
      127045000	     12605	80008c48	0001	c.addi	x0,0	  x0:0x00000000  x0=0x00000000
      127055000	     12606	80008c4a	01e01313	slli	x6,x0,0x1e	  x0:0x00000000  x6=0x00000000
      127065000	     12607	80008c4e	403780b3	sub	x1,x15,x3	 x15:0xddf55f24  x3:0x800261d9  x1=0x5df2fd4b
      127095000	     12610	80008c52	02178133	mul	x2,x15,x1	 x15:0xddf55f24  x1:0x5df2fd4b  x2=0x89f1738c
      127105000	     12611	80008c56	0240e663	bltu	x1,x4,80008c82	  x1:0x5df2fd4b  x4:0x00000000
      127115000	     12612	80008c5a	03356263	bltu	x10,x19,80008c7e	 x10:0x0000000c x19:0x94592000
      127175000	     12618	80008c7e	03c12cb3	mulhsu	x25,x2,x28	  x2:0x89f1738c x28:0xe00097b8 x25=0x98b2ff23
      127185000	     12619	80008c82	02fa8a63	beq	x21,x15,80008cb6	 x21:0x15e8d000 x15:0xddf55f24
      127195000	     12620	80008c86	01149833	sll	x16,x9,x17	  x9:0xfe7f9c80 x17:0x00000000 x16=0xfe7f9c80
      127205000	     12621	80008c8a	8c49	c.or	x8,x10	  x8:0xffffffff x10:0x0000000c  x8=0xffffffff
      127225000	     12623	80008c8c	03df6eb3	rem	x29,x30,x29	 x30:0x00000000 x29:0x00000000 x29=0x00000000
      127235000	     12624	80008c90	0a04	c.addi4spn	x9,x2,272	  x9=0x89f1749c
      127275000	     12628	80008c92	02fcb0b3	mulhu	x1,x25,x15	 x25:0x98b2ff23 x15:0xddf55f24  x1=0x8464e24f
      127285000	     12629	80008c96	004bdf13	srli	x30,x23,0x4	 x23:0xbbec0000 x30=0x0bbec000
      127295000	     12630	80008c9a	0d196013	ori	x0,x18,209	 x18:0xbbec0000  x0=0x00000000
      127305000	     12631	80008c9e	4c1d	c.li	x24,7	 x24=0x00000007
      127315000	     12632	80008ca0	841a	c.mv	x8,x6	  x0:0x00000000  x6:0x00000000  x8=0x00000000
      127325000	     12633	80008ca2	01061a63	bne	x12,x16,80008cb6	 x12:0xe8000000 x16:0xfe7f9c80
      127345000	     12635	80008cb6	997d	c.andi	x10,-1	 x10:0x0000000c x10=0x0000000c
      127385000	     12639	80008cb8	03009333	mulh	x6,x1,x16	  x1:0x8464e24f x16:0xfe7f9c80  x6=0x00b998b7
      127395000	     12640	80008cbc	627d	c.lui	x4,0x1f	  x4=0x0001f000
      127405000	     12641	80008cbe	41e50b33	sub	x22,x10,x30	 x10:0x0000000c x30:0x0bbec000 x22=0xf441400c
      127415000	     12642	80008cc2	00758833	add	x16,x11,x7	 x11:0x80021e64  x7:0x00000000 x16=0x80021e64
      127425000	     12643	80008cc6	42c1	c.li	x5,16	  x5=0x00000010
      127435000	     12644	80008cc8	8e41	c.or	x12,x8	 x12:0xe8000000  x8:0x00000000 x12=0xe8000000
      127805000	     12681	80008cca	02d7f833	remu	x16,x15,x13	 x15:0xddf55f24 x13:0x80025ce4 x16=0x5df30240
      128175000	     12718	80008cce	03ab7e33	remu	x28,x22,x26	 x22:0xf441400c x26:0x00000003 x28=0x00000001
      128185000	     12719	80008cd2	0288	c.addi4spn	x10,x2,320	 x10=0x89f174cc
      128195000	     12720	80008cd4	f88afb93	andi	x23,x21,-120	 x21:0x15e8d000 x23=0x15e8d000
      128205000	     12721	80008cd8	9bf88113	addi	x2,x17,-1601	 x17:0x00000000  x2=0xfffff9bf
      128215000	     12722	80008cdc	03cbe163	bltu	x23,x28,80008cfe	 x23:0x15e8d000 x28:0x00000001
      128225000	     12723	80008ce0	418282b3	sub	x5,x5,x24	  x5:0x00000010 x24:0x00000007  x5=0x00000009
      128235000	     12724	80008ce4	01d7bb33	sltu	x22,x15,x29	 x15:0xddf55f24 x29:0x00000000 x22=0x00000000
      128245000	     12725	80008ce8	8e01	c.sub	x12,x8	 x12:0xe8000000  x8:0x00000000 x12=0xe8000000
      128255000	     12726	80008cea	01f22733	slt	x14,x4,x31	  x4:0x0001f000 x31:0x00000000 x14=0x00000000
      128265000	     12727	80008cee	10fd	c.addi	x1,-1	  x1:0x8464e24f  x1=0x8464e24e
      128275000	     12728	80008cf0	6b85	c.lui	x23,0x1	 x23=0x00001000
      128285000	     12729	80008cf2	8c1d	c.sub	x8,x15	  x8:0x00000000 x15:0xddf55f24  x8=0x220aa0dc
      128295000	     12730	80008cf4	82658493	addi	x9,x11,-2010	 x11:0x80021e64  x9=0x8002168a
      128305000	     12731	80008cf8	e73ec917	auipc	x18,0xe73ec	 x18=0x673f4cf8
      128315000	     12732	80008cfc	9d62	c.add	x26,x24	 x26:0x00000003 x24:0x00000007 x26=0x0000000a
      128325000	     12733	80008cfe	40dbd213	srai	x4,x23,0xd	 x23:0x00001000  x4=0x00000000
      128335000	     12734	80008d02	035acc63	blt	x21,x21,80008d3a	 x21:0x15e8d000 x21:0x15e8d000
      128355000	     12736	80008d06	03d8e8b3	rem	x17,x17,x29	 x17:0x00000000 x29:0x00000000 x17=0x00000000
      128365000	     12737	80008d0a	03ee1c63	bne	x28,x30,80008d42	 x28:0x00000001 x30:0x0bbec000
      128385000	     12739	80008d42	1280	c.addi4spn	x8,x2,352	  x8=0xfffffb1f
      128395000	     12740	80008d44	a5e7b293	sltiu	x5,x15,-1442	 x15:0xddf55f24  x5=0x00000001
      128405000	     12741	80008d48	0001	c.addi	x0,0	  x0:0x00000000  x0=0x00000000
      128415000	     12742	80008d4a	0000100f	fence.i	
      128435000	     12744	80008d4e	6ead	c.lui	x29,0xb	 x29=0x0000b000
      128445000	     12745	80008d50	018c7233	and	x4,x24,x24	 x24:0x00000007 x24:0x00000007  x4=0x00000007
      128455000	     12746	80008d54	8371	c.srli	x14,0x1c	 x14:0x00000000 x14=0x00000000
      128465000	     12747	80008d56	05dd5263	bge	x26,x29,80008d9a	 x26:0x0000000a x29:0x0000b000
      128475000	     12748	80008d5a	00f21f13	slli	x30,x4,0xf	  x4:0x00000007 x30=0x00038000
      128485000	     12749	80008d5e	8fb5	c.xor	x15,x13	 x15:0xddf55f24 x13:0x80025ce4 x15=0x5df703c0
      128495000	     12750	80008d60	0062e033	or	x0,x5,x6	  x5:0x00000001  x6:0x00b998b7  x0=0x00000000
      128505000	     12751	80008d64	8e01	c.sub	x12,x8	 x12:0xe8000000  x8:0xfffffb1f x12=0xe80004e1
      128515000	     12752	80008d66	001a7d33	and	x26,x20,x1	 x20:0x00000000  x1:0x8464e24e x26=0x00000000
      128525000	     12753	80008d6a	8f39	c.xor	x14,x14	 x14:0x00000000 x14:0x00000000 x14=0x00000000
      128895000	     12790	80008d6c	0329c9b3	div	x19,x19,x18	 x19:0x94592000 x18:0x673f4cf8 x19=0xffffffff
      128905000	     12791	80008d70	5cf3ac93	slti	x25,x7,1487	  x7:0x00000000 x25=0x00000001
      128915000	     12792	80008d74	874d	c.srai	x14,0x13	 x14:0x00000000 x14=0x00000000
      128925000	     12793	80008d76	00775433	srl	x8,x14,x7	 x14:0x00000000  x7:0x00000000  x8=0x00000000
      128935000	     12794	80008d7a	017ed863	bge	x29,x23,80008d8a	 x29:0x0000b000 x23:0x00001000
      128965000	     12797	80008d8a	416557b3	sra	x15,x10,x22	 x10:0x89f174cc x22:0x00000000 x15=0x89f174cc
      128975000	     12798	80008d8e	9d42	c.add	x26,x16	 x26:0x00000000 x16:0x5df30240 x26=0x5df30240
      128985000	     12799	80008d90	ec01	c.bnez	x8,80008da8	  x8:0x00000000
      129355000	     12836	80008d92	0247ddb3	divu	x27,x15,x4	 x15:0x89f174cc  x4:0x00000007 x27=0x13b4c78a
      129365000	     12837	80008d96	01fd6733	or	x14,x26,x31	 x26:0x5df30240 x31:0x00000000 x14=0x5df30240
      129375000	     12838	80008d9a	0115f7b3	and	x15,x11,x17	 x11:0x80021e64 x17:0x00000000 x15=0x00000000
      129385000	     12839	80008d9e	aa7a7713	andi	x14,x20,-1369	 x20:0x00000000 x14=0x00000000
      129395000	     12840	80008da2	00712533	slt	x10,x2,x7	  x2:0xfffff9bf  x7:0x00000000 x10=0x00000001
      129405000	     12841	80008da6	8ea2	c.mv	x29,x8	  x0:0x00000000  x8:0x00000000 x29=0x00000000
      129415000	     12842	80008da8	03594e63	blt	x18,x21,80008de4	 x18:0x673f4cf8 x21:0x15e8d000
      129425000	     12843	80008dac	6631	c.lui	x12,0xc	 x12=0x0000c000
      129435000	     12844	80008dae	997d	c.andi	x10,-1	 x10:0x00000001 x10=0x00000001
      129445000	     12845	80008db0	41398933	sub	x18,x19,x19	 x19:0xffffffff x19:0xffffffff x18=0x00000000
      129455000	     12846	80008db4	01836e63	bltu	x6,x24,80008dd0	  x6:0x00b998b7 x24:0x00000007
      129465000	     12847	80008db8	011dd2b3	srl	x5,x27,x17	 x27:0x13b4c78a x17:0x00000000  x5=0x13b4c78a
      129475000	     12848	80008dbc	0000100f	fence.i	
      129855000	     12886	80008dc0	035ef933	remu	x18,x29,x21	 x29:0x00000000 x21:0x15e8d000 x18=0x00000000
      129865000	     12887	80008dc4	002027b3	slt	x15,x0,x2	  x0:0x00000000  x2:0xfffff9bf x15=0x00000000
      129875000	     12888	80008dc8	5a960637	lui	x12,0x5a960	 x12=0x5a960000
      129885000	     12889	80008dcc	a69c6913	ori	x18,x24,-1431	 x24:0x00000007 x18=0xfffffa6f
      129895000	     12890	80008dd0	6161	c.addi16sp	x2,80	  x2:0xfffff9bf  x2=0xfffffa0f
      129905000	     12891	80008dd2	8fe1	c.and	x15,x8	 x15:0x00000000  x8:0x00000000 x15=0x00000000
      129925000	     12893	80008dd4	031774b3	remu	x9,x14,x17	 x14:0x00000000 x17:0x00000000  x9=0x00000000
      129935000	     12894	80008dd8	8c39	c.xor	x8,x14	  x8:0x00000000 x14:0x00000000  x8=0x00000000
      129975000	     12898	80008dda	03b09ab3	mulh	x21,x1,x27	  x1:0x8464e24e x27:0x13b4c78a x21=0xf67c3362
      129985000	     12899	80008dde	8f49	c.or	x14,x10	 x14:0x00000000 x10:0x00000001 x14=0x00000001
      130355000	     12936	80008de0	02defbb3	remu	x23,x29,x13	 x29:0x00000000 x13:0x80025ce4 x23=0x00000000
      130365000	     12937	80008de4	00923b33	sltu	x22,x4,x9	  x4:0x00000007  x9:0x00000000 x22=0x00000000
      130375000	     12938	80008de8	40880133	sub	x2,x16,x8	 x16:0x5df30240  x8:0x00000000  x2=0x5df30240
      130385000	     12939	80008dec	00a9d1b3	srl	x3,x19,x10	 x19:0xffffffff x10:0x00000001  x3=0x7fffffff
      130395000	     12940	80008df0	0001	c.addi	x0,0	  x0:0x00000000  x0=0x00000000
      130405000	     12941	80008df2	e491	c.bnez	x9,80008dfe	  x9:0x00000000
      130415000	     12942	80008df4	8911	c.andi	x10,4	 x10:0x00000001 x10=0x00000000
      130425000	     12943	80008df6	0d00	c.addi4spn	x8,x2,656	  x8=0x5df304d0
      130435000	     12944	80008df8	8f85	c.sub	x15,x9	 x15:0x00000000  x9:0x00000000 x15=0x00000000
      130445000	     12945	80008dfa	8a0d	c.andi	x12,3	 x12:0x5a960000 x12=0x00000000
      130455000	     12946	80008dfc	8e01	c.sub	x12,x8	 x12:0x00000000  x8:0x5df304d0 x12=0xa20cfb30
      130465000	     12947	80008dfe	e8cd3013	sltiu	x0,x26,-372	 x26:0x5df30240  x0=0x00000000
      130475000	     12948	80008e02	00b8be33	sltu	x28,x17,x11	 x17:0x00000000 x11:0x80021e64 x28=0x00000001
      130485000	     12949	80008e06	6cbd	c.lui	x25,0xf	 x25=0x0000f000
      130495000	     12950	80008e08	187d	c.addi	x16,-1	 x16:0x5df30240 x16=0x5df3023f
      130505000	     12951	80008e0a	01f2fb33	and	x22,x5,x31	  x5:0x13b4c78a x31:0x00000000 x22=0x00000000
      130515000	     12952	80008e0e	57fd	c.li	x15,-1	 x15=0xffffffff
      130525000	     12953	80008e10	0163c1b3	xor	x3,x7,x22	  x7:0x00000000 x22:0x00000000  x3=0x00000000
      130535000	     12954	80008e14	02e6f563	bgeu	x13,x14,80008e3e	 x13:0x80025ce4 x14:0x00000001
      130565000	     12957	80008e3e	01af41b3	xor	x3,x30,x26	 x30:0x00038000 x26:0x5df30240  x3=0x5df08240
      130575000	     12958	80008e42	8c89	c.sub	x9,x10	  x9:0x00000000 x10:0x00000000  x9=0x00000000
      130585000	     12959	80008e44	8cd9	c.or	x9,x14	  x9:0x00000000 x14:0x00000001  x9=0x00000001
      130595000	     12960	80008e46	406b8a33	sub	x20,x23,x6	 x23:0x00000000  x6:0x00b998b7 x20=0xff466749
      130635000	     12964	80008e4a	0239a7b3	mulhsu	x15,x19,x3	 x19:0xffffffff  x3:0x5df08240 x15=0xffffffff
      130645000	     12965	80008e4e	00bdf333	and	x6,x27,x11	 x27:0x13b4c78a x11:0x80021e64  x6=0x00000600
      130655000	     12966	80008e52	8c19	c.sub	x8,x14	  x8:0x5df304d0 x14:0x00000001  x8=0x5df304cf
      130665000	     12967	80008e54	040a	c.slli	x8,0x2	  x8:0x5df304cf  x8=0x77cc133c
      130675000	     12968	80008e56	609d	c.lui	x1,0x7	  x1=0x00007000
      130685000	     12969	80008e58	0000100f	fence.i	
      130705000	     12971	80008e5c	01067033	and	x0,x12,x16	 x12:0xa20cfb30 x16:0x5df3023f  x0=0x00000000
      130715000	     12972	80008e60	8341	c.srli	x14,0x10	 x14:0x00000001 x14=0x00000000
      131085000	     13009	80008e62	03bb5a33	divu	x20,x22,x27	 x22:0x00000000 x27:0x13b4c78a x20=0x00000000
      131095000	     13010	80008e66	014c7733	and	x14,x24,x20	 x24:0x00000007 x20:0x00000000 x14=0x00000000
      131105000	     13011	80008e6a	40830933	sub	x18,x6,x8	  x6:0x00000600  x8:0x77cc133c x18=0x8833f2c4
      131115000	     13012	80008e6e	0001	c.addi	x0,0	  x0:0x00000000  x0=0x00000000
      131125000	     13013	80008e70	717d	c.addi16sp	x2,-16	  x2:0x5df30240  x2=0x5df30230
      131135000	     13014	80008e72	2c282017	auipc	x0,0x2c282	  x0=0x00000000
      131145000	     13015	80008e76	008292b3	sll	x5,x5,x8	  x5:0x13b4c78a  x8:0x77cc133c  x5=0xa0000000
      131155000	     13016	80008e7a	6b95	c.lui	x23,0x5	 x23=0x00005000
      131165000	     13017	80008e7c	0001	c.addi	x0,0	  x0:0x00000000  x0=0x00000000
      131175000	     13018	80008e7e	00d35833	srl	x16,x6,x13	  x6:0x00000600 x13:0x80025ce4 x16=0x00000060
      131185000	     13019	80008e82	90b4cf13	xori	x30,x9,-1781	  x9:0x00000001 x30=0xfffff90a
      131195000	     13020	80008e86	6abd	c.lui	x21,0xf	 x21=0x0000f000
      131205000	     13021	80008e88	014ce133	or	x2,x25,x20	 x25:0x0000f000 x20:0x00000000  x2=0x0000f000
      131215000	     13022	80008e8c	59bfb197	auipc	x3,0x59bfb	  x3=0xd9c03e8c
      131225000	     13023	80008e90	157d	c.addi	x10,-1	 x10:0x00000000 x10=0xffffffff
      131235000	     13024	80008e92	8dd6	c.mv	x27,x21	  x0:0x00000000 x21:0x0000f000 x27=0x0000f000
      131245000	     13025	80008e94	8a12	c.mv	x20,x4	  x0:0x00000000  x4:0x00000007 x20=0x00000007
      131255000	     13026	80008e96	c099	c.beqz	x9,80008e9c	  x9:0x00000001
      131265000	     13027	80008e98	0182dcb3	srl	x25,x5,x24	  x5:0xa0000000 x24:0x00000007 x25=0x01400000
      131275000	     13028	80008e9c	026aff63	bgeu	x21,x6,80008eda	 x21:0x0000f000  x6:0x00000600
      131305000	     13031	80008eda	5f5cba93	sltiu	x21,x25,1525	 x25:0x01400000 x21=0x00000000
      131315000	     13032	80008ede	02f6e763	bltu	x13,x15,80008f0c	 x13:0x80025ce4 x15:0xffffffff
      131365000	     13037	80008f0c	02f99633	mulh	x12,x19,x15	 x19:0xffffffff x15:0xffffffff x12=0x00000000
      131375000	     13038	80008f10	13c81d97	auipc	x27,0x13c81	 x27=0x93c89f10
      131385000	     13039	80008f14	006c6e33	or	x28,x24,x6	 x24:0x00000007  x6:0x00000600 x28=0x00000607
      131395000	     13040	80008f18	fcfdc713	xori	x14,x27,-49	 x27:0x93c89f10 x14=0x6c3760df
      131405000	     13041	80008f1c	6849	c.lui	x16,0x12	 x16=0x00012000
      131425000	     13043	80008f1e	02ccfdb3	remu	x27,x25,x12	 x25:0x01400000 x12:0x00000000 x27=0x01400000
      131435000	     13044	80008f22	404488b3	sub	x17,x9,x4	  x9:0x00000001  x4:0x00000007 x17=0xfffffffa
      131475000	     13048	80008f26	033f1833	mulh	x16,x30,x19	 x30:0xfffff90a x19:0xffffffff x16=0x00000000
      131485000	     13049	80008f2a	01fc6533	or	x10,x24,x31	 x24:0x00000007 x31:0x00000000 x10=0x00000007
      131495000	     13050	80008f2e	cf0d	c.beqz	x14,80008f68	 x14:0x6c3760df
      131505000	     13051	80008f30	00d03c33	sltu	x24,x0,x13	  x0:0x00000000 x13:0x80025ce4 x24=0x00000001
      131515000	     13052	80008f34	0001	c.addi	x0,0	  x0:0x00000000  x0=0x00000000
      131525000	     13053	80008f36	8f79	c.and	x14,x14	 x14:0x6c3760df x14:0x6c3760df x14=0x6c3760df
      131535000	     13054	80008f38	01397863	bgeu	x18,x19,80008f48	 x18:0x8833f2c4 x19:0xffffffff
      131545000	     13055	80008f3c	7a77eb13	ori	x22,x15,1959	 x15:0xffffffff x22=0xffffffff
      131555000	     13056	80008f40	bb1abc93	sltiu	x25,x21,-1103	 x21:0x00000000 x25=0x00000001
      131565000	     13057	80008f44	e866e0b7	lui	x1,0xe866e	  x1=0xe866e000
      131575000	     13058	80008f48	013d6b33	or	x22,x26,x19	 x26:0x5df30240 x19:0xffffffff x22=0xffffffff
      131585000	     13059	80008f4c	717d	c.addi16sp	x2,-16	  x2:0x0000f000  x2=0x0000eff0
      131595000	     13060	80008f4e	68e1	c.lui	x17,0x18	 x17=0x00018000
      131605000	     13061	80008f50	6841	c.lui	x16,0x10	 x16=0x00010000
      131615000	     13062	80008f52	97ca	c.add	x15,x18	 x15:0xffffffff x18:0x8833f2c4 x15=0x8833f2c3
      131625000	     13063	80008f54	00f63533	sltu	x10,x12,x15	 x12:0x00000000 x15:0x8833f2c3 x10=0x00000001
      131665000	     13067	80008f58	022694b3	mulh	x9,x13,x2	 x13:0x80025ce4  x2:0x0000eff0  x9=0xffff880a
      131675000	     13068	80008f5c	8ca5	c.xor	x9,x9	  x9:0xffff880a  x9:0xffff880a  x9=0x00000000
      131685000	     13069	80008f5e	8881	c.andi	x9,0	  x9:0x00000000  x9=0x00000000
      131695000	     13070	80008f60	2f504913	xori	x18,x0,757	  x0:0x00000000 x18=0x000002f5
      131705000	     13071	80008f64	0099cd33	xor	x26,x19,x9	 x19:0xffffffff  x9:0x00000000 x26=0xffffffff
      131715000	     13072	80008f68	4138dfb3	sra	x31,x17,x19	 x17:0x00018000 x19:0xffffffff x31=0x00000000
      131725000	     13073	80008f6c	41b98db3	sub	x27,x19,x27	 x19:0xffffffff x27:0x01400000 x27=0xfebfffff
      131735000	     13074	80008f70	01909bb3	sll	x23,x1,x25	  x1:0xe866e000 x25:0x00000001 x23=0xd0cdc000
      131745000	     13075	80008f74	d0a2ee93	ori	x29,x5,-758	  x5:0xa0000000 x29=0xfffffd0a
      131755000	     13076	80008f78	00bf1e33	sll	x28,x30,x11	 x30:0xfffff90a x11:0x80021e64 x28=0xffff90a0
      131765000	     13077	80008f7c	0040d233	srl	x4,x1,x4	  x1:0xe866e000  x4:0x00000007  x4=0x01d0cdc0
      131775000	     13078	80008f80	0094ec63	bltu	x9,x9,80008f98	  x9:0x00000000  x9:0x00000000
      131785000	     13079	80008f84	27aa0313	addi	x6,x20,634	 x20:0x00000007  x6=0x00000281
      131795000	     13080	80008f88	ed0d	c.bnez	x10,80008fc2	 x10:0x00000001
      131825000	     13083	80008fc2	86b2db97	auipc	x23,0x86b2d	 x23=0x06b35fc2
      131865000	     13087	80008fc6	03d33bb3	mulhu	x23,x6,x29	  x6:0x00000281 x29:0xfffffd0a x23=0x00000280
      131875000	     13088	80008fca	442d	c.li	x8,11	  x8=0x0000000b
      131885000	     13089	80008fcc	615d	c.addi16sp	x2,432	  x2:0x0000eff0  x2=0x0000f1a0
      131895000	     13090	80008fce	8cb1	c.xor	x9,x12	  x9:0x00000000 x12:0x00000000  x9=0x00000000
      131905000	     13091	80008fd0	0001	c.addi	x0,0	  x0:0x00000000  x0=0x00000000
      131915000	     13092	80008fd2	80bd	c.srli	x9,0xf	  x9:0x00000000  x9=0x00000000
      131925000	     13093	80008fd4	9bfd	c.andi	x15,-1	 x15:0x8833f2c3 x15=0x8833f2c3
      131935000	     13094	80008fd6	a3cf8013	addi	x0,x31,-1476	 x31:0x00000000  x0=0x00000000
      131945000	     13095	80008fda	8f41	c.or	x14,x8	 x14:0x6c3760df  x8:0x0000000b x14=0x6c3760df
      131955000	     13096	80008fdc	01581c13	slli	x24,x16,0x15	 x16:0x00010000 x24=0x00000000
      131965000	     13097	80008fe0	00ff0933	add	x18,x30,x15	 x30:0xfffff90a x15:0x8833f2c3 x18=0x8833ebcd
      132005000	     13101	80008fe4	028ea1b3	mulhsu	x3,x29,x8	 x29:0xfffffd0a  x8:0x0000000b  x3=0xffffffff
      132015000	     13102	80008fe8	8cf1	c.and	x9,x12	  x9:0x00000000 x12:0x00000000  x9=0x00000000
      132025000	     13103	80008fea	1ffd	c.addi	x31,-1	 x31:0x00000000 x31=0xffffffff
      132035000	     13104	80008fec	02550a63	beq	x10,x5,80009020	 x10:0x00000001  x5:0xa0000000
      132045000	     13105	80008ff0	00e03eb3	sltu	x29,x0,x14	  x0:0x00000000 x14:0x6c3760df x29=0x00000001
      132055000	     13106	80008ff4	40ae5db3	sra	x27,x28,x10	 x28:0xffff90a0 x10:0x00000001 x27=0xffffc850
      132065000	     13107	80008ff8	c59bc997	auipc	x19,0xc59bc	 x19=0x459c4ff8
      132075000	     13108	80008ffc	01d21613	slli	x12,x4,0x1d	  x4:0x01d0cdc0 x12=0x00000000
      132085000	     13109	80009000	050f4163	blt	x30,x16,80009042	 x30:0xfffff90a x16:0x00010000
      132115000	     13112	80009042	017bee63	bltu	x23,x23,8000905e	 x23:0x00000280 x23:0x00000280
      132125000	     13113	80009046	a0ca4713	xori	x14,x20,-1524	 x20:0x00000007 x14=0xfffffa0b
      132135000	     13114	8000904a	04088163	beq	x17,x0,8000908c	 x17:0x00018000  x0:0x00000000
      132145000	     13115	8000904e	0367f763	bgeu	x15,x22,8000907c	 x15:0x8833f2c3 x22:0xffffffff
      132155000	     13116	80009052	00ffc763	blt	x31,x15,80009060	 x31:0xffffffff x15:0x8833f2c3
      132165000	     13117	80009056	04cec463	blt	x29,x12,8000909e	 x29:0x00000001 x12:0x00000000
      132175000	     13118	8000905a	01ad2ab3	slt	x21,x26,x26	 x26:0xffffffff x26:0xffffffff x21=0x00000000
      132185000	     13119	8000905e	8d01	c.sub	x10,x8	 x10:0x00000001  x8:0x0000000b x10=0xfffffff6
      132195000	     13120	80009060	9c3e	c.add	x24,x15	 x24:0x00000000 x15:0x8833f2c3 x24=0x8833f2c3
      132205000	     13121	80009062	08252813	slti	x16,x10,130	 x10:0xfffffff6 x16=0x00000001
      132215000	     13122	80009066	027a0f63	beq	x20,x7,800090a4	 x20:0x00000007  x7:0x00000000
      132225000	     13123	8000906a	874e	c.mv	x14,x19	  x0:0x00000000 x19:0x459c4ff8 x14=0x459c4ff8
      132235000	     13124	8000906c	00b3e4b3	or	x9,x7,x11	  x7:0x00000000 x11:0x80021e64  x9=0x80021e64
      132275000	     13128	80009070	02a1bdb3	mulhu	x27,x3,x10	  x3:0xffffffff x10:0xfffffff6 x27=0xfffffff5
      132285000	     13129	80009074	56356e93	ori	x29,x10,1379	 x10:0xfffffff6 x29=0xfffffff7
      132295000	     13130	80009078	015c89b3	add	x19,x25,x21	 x25:0x00000001 x21:0x00000000 x19=0x00000001
      132305000	     13131	8000907c	0000100f	fence.i	
      132325000	     13133	80009080	03674f63	blt	x14,x22,800090be	 x14:0x459c4ff8 x22:0xffffffff
      132335000	     13134	80009084	40268333	sub	x6,x13,x2	 x13:0x80025ce4  x2:0x0000f1a0  x6=0x80016b44
      132345000	     13135	80009088	002bc333	xor	x6,x23,x2	 x23:0x00000280  x2:0x0000f1a0  x6=0x0000f320
      132355000	     13136	8000908c	23712093	slti	x1,x2,567	  x2:0x0000f1a0  x1=0x00000000
      132365000	     13137	80009090	414e5f33	sra	x30,x28,x20	 x28:0xffff90a0 x20:0x00000007 x30=0xffffff21
      132375000	     13138	80009094	f304b113	sltiu	x2,x9,-208	  x9:0x80021e64  x2=0x00000001
      132385000	     13139	80009098	717d	c.addi16sp	x2,-16	  x2:0x00000001  x2=0xfffffff1
      132395000	     13140	8000909a	eb5f6d13	ori	x26,x30,-331	 x30:0xffffff21 x26=0xffffffb5
      132405000	     13141	8000909e	dbe64893	xori	x17,x12,-578	 x12:0x00000000 x17=0xfffffdbe
      132415000	     13142	800090a2	8d0d	c.sub	x10,x11	 x10:0xfffffff6 x11:0x80021e64 x10=0x7ffde192
      132425000	     13143	800090a4	02bdd763	bge	x27,x11,800090d2	 x27:0xfffffff5 x11:0x80021e64
      132815000	     13182	800090d2	02e379b3	remu	x19,x6,x14	  x6:0x0000f320 x14:0x459c4ff8 x19=0x0000f320
      132825000	     13183	800090d6	7ea16493	ori	x9,x2,2026	  x2:0xfffffff1  x9=0xfffffffb
      133195000	     13220	800090da	03d144b3	div	x9,x2,x29	  x2:0xfffffff1 x29:0xfffffff7  x9=0x00000001
      133205000	     13221	800090de	01a81133	sll	x2,x16,x26	 x16:0x00000001 x26:0xffffffb5  x2=0x00200000
      133575000	     13258	800090e2	0262ebb3	rem	x23,x5,x6	  x5:0xa0000000  x6:0x0000f320 x23=0xffff91a0
      133585000	     13259	800090e6	01099893	slli	x17,x19,0x10	 x19:0x0000f320 x17=0xf3200000
      133595000	     13260	800090ea	0167eeb3	or	x29,x15,x22	 x15:0x8833f2c3 x22:0xffffffff x29=0xffffffff
      133605000	     13261	800090ee	01254733	xor	x14,x10,x18	 x10:0x7ffde192 x18:0x8833ebcd x14=0xf7ce0a5f
      133615000	     13262	800090f2	8fc1	c.or	x15,x8	 x15:0x8833f2c3  x8:0x0000000b x15=0x8833f2cb
      133625000	     13263	800090f4	aada4b13	xori	x22,x20,-1363	 x20:0x00000007 x22=0xfffffaaa
      133665000	     13267	800090f8	02c231b3	mulhu	x3,x4,x12	  x4:0x01d0cdc0 x12:0x00000000  x3=0x00000000
      133675000	     13268	800090fc	4012dc93	srai	x25,x5,0x1	  x5:0xa0000000 x25=0xd0000000
      133685000	     13269	80009100	8145	c.srli	x10,0x11	 x10:0x7ffde192 x10=0x00003ffe
      133695000	     13270	80009102	0178bd33	sltu	x26,x17,x23	 x17:0xf3200000 x23:0xffff91a0 x26=0x00000001
      133705000	     13271	80009106	8711	c.srai	x14,0x4	 x14:0xf7ce0a5f x14=0xff7ce0a5
      133715000	     13272	80009108	8c0d	c.sub	x8,x11	  x8:0x0000000b x11:0x80021e64  x8=0x7ffde1a7
      133725000	     13273	8000910a	009bafb3	slt	x31,x23,x9	 x23:0xffff91a0  x9:0x00000001 x31=0x00000001
      133735000	     13274	8000910e	40e95113	srai	x2,x18,0xe	 x18:0x8833ebcd  x2=0xfffe20cf
      133745000	     13275	80009112	0b3a	c.slli	x22,0xe	 x22:0xfffffaaa x22=0xfeaa8000
      133755000	     13276	80009114	4429	c.li	x8,10	  x8=0x0000000a
      133765000	     13277	80009116	0a98	c.addi4spn	x14,x2,336	 x14=0xfffe221f
      133775000	     13278	80009118	3f732e13	slti	x28,x6,1015	  x6:0x0000f320 x28=0x00000000
      133785000	     13279	8000911c	01183bb3	sltu	x23,x16,x17	 x16:0x00000001 x17:0xf3200000 x23=0x00000001
      133795000	     13280	80009120	083d	c.addi	x16,15	 x16:0x00000001 x16=0x00000010
      134165000	     13317	80009122	02b2c2b3	div	x5,x5,x11	  x5:0xa0000000 x11:0x80021e64  x5=0x00000000
      134175000	     13318	80009126	fdb30c13	addi	x24,x6,-37	  x6:0x0000f320 x24=0x0000f2fb
      134185000	     13319	8000912a	0001	c.addi	x0,0	  x0:0x00000000  x0=0x00000000
      134205000	     13321	8000912c	035e6cb3	rem	x25,x28,x21	 x28:0x00000000 x21:0x00000000 x25=0x00000000
      134215000	     13322	80009130	610d	c.addi16sp	x2,160	  x2:0xfffe20cf  x2=0xfffe216f
      134225000	     13323	80009132	cf05	c.beqz	x14,8000916a	 x14:0xfffe221f
      134235000	     13324	80009134	1b213193	sltiu	x3,x2,434	  x2:0xfffe216f  x3=0x00000000
      134245000	     13325	80009138	010f2533	slt	x10,x30,x16	 x30:0xffffff21 x16:0x00000010 x10=0x00000001
      134255000	     13326	8000913c	01195093	srli	x1,x18,0x11	 x18:0x8833ebcd  x1=0x00004419
      134265000	     13327	80009140	6a587113	andi	x2,x16,1701	 x16:0x00000010  x2=0x00000000
      134275000	     13328	80009144	41bddf33	sra	x30,x27,x27	 x27:0xfffffff5 x27:0xfffffff5 x30=0xffffffff
      134285000	     13329	80009148	0a1a	c.slli	x20,0x6	 x20:0x00000007 x20=0x000001c0
      134295000	     13330	8000914a	0041c9b3	xor	x19,x3,x4	  x3:0x00000000  x4:0x01d0cdc0 x19=0x01d0cdc0
      134305000	     13331	8000914e	01a6f933	and	x18,x13,x26	 x13:0x80025ce4 x26:0x00000001 x18=0x00000000
      134315000	     13332	80009152	83e5	c.srli	x15,0x19	 x15:0x8833f2cb x15=0x00000044
      134325000	     13333	80009154	e809	c.bnez	x8,80009166	  x8:0x0000000a
      134715000	     13372	80009166	0367f633	remu	x12,x15,x22	 x15:0x00000044 x22:0xfeaa8000 x12=0x00000044
      134725000	     13373	8000916a	d88d6313	ori	x6,x26,-632	 x26:0x00000001  x6=0xfffffd89
      134735000	     13374	8000916e	0290	c.addi4spn	x12,x2,320	 x12=0x00000140
      134745000	     13375	80009170	01729333	sll	x6,x5,x23	  x5:0x00000000 x23:0x00000001  x6=0x00000000
      134755000	     13376	80009174	c805	c.beqz	x8,800091a4	  x8:0x0000000a
      134795000	     13380	80009176	031d3bb3	mulhu	x23,x26,x17	 x26:0x00000001 x17:0xf3200000 x23=0x00000000
      134805000	     13381	8000917a	cd19	c.beqz	x10,80009198	 x10:0x00000001
      134815000	     13382	8000917c	8c7d	c.and	x8,x15	  x8:0x0000000a x15:0x00000044  x8=0x00000000
      134825000	     13383	8000917e	8015	c.srli	x8,0x5	  x8:0x00000000  x8=0x00000000
      134835000	     13384	80009180	ffbd4a13	xori	x20,x26,-5	 x26:0x00000001 x20=0xfffffffa
      134845000	     13385	80009184	8a11	c.andi	x12,4	 x12:0x00000140 x12=0x00000000
      134855000	     13386	80009186	6105	c.addi16sp	x2,32	  x2:0x00000000  x2=0x00000020
      134865000	     13387	80009188	8f61	c.and	x14,x8	 x14:0xfffe221f  x8:0x00000000 x14=0x00000000
      134875000	     13388	8000918a	9a7d	c.andi	x12,-1	 x12:0x00000000 x12=0x00000000
      134885000	     13389	8000918c	c12b4c93	xori	x25,x22,-1006	 x22:0xfeaa8000 x25=0x01557c12
      134895000	     13390	80009190	40e75493	srai	x9,x14,0xe	 x14:0x00000000  x9=0x00000000
      134905000	     13391	80009194	0055d493	srli	x9,x11,0x5	 x11:0x80021e64  x9=0x040010f3
      134915000	     13392	80009198	00a59f63	bne	x11,x10,800091b6	 x11:0x80021e64 x10:0x00000001
      134935000	     13394	800091b6	40fd	c.li	x1,31	  x1=0x0000001f
      134945000	     13395	800091b8	0123ec33	or	x24,x7,x18	  x7:0x00000000 x18:0x00000000 x24=0x00000000
      134955000	     13396	800091bc	84f1	c.srai	x9,0x1c	  x9:0x040010f3  x9=0x00000000
      134965000	     13397	800091be	6999	c.lui	x19,0x6	 x19=0x00006000
      135005000	     13401	800091c0	035234b3	mulhu	x9,x4,x21	  x4:0x01d0cdc0 x21:0x00000000  x9=0x00000000
      135375000	     13438	800091c4	02477533	remu	x10,x14,x4	 x14:0x00000000  x4:0x01d0cdc0 x10=0x00000000
      135385000	     13439	800091c8	05849063	bne	x9,x24,80009208	  x9:0x00000000 x24:0x00000000
      135425000	     13443	800091cc	02863933	mulhu	x18,x12,x8	 x12:0x00000000  x8:0x00000000 x18=0x00000000
      135435000	     13444	800091d0	871d	c.srai	x14,0x7	 x14:0x00000000 x14=0x00000000
      135805000	     13481	800091d2	0341db33	divu	x22,x3,x20	  x3:0x00000000 x20:0xfffffffa x22=0x00000000
      135815000	     13482	800091d6	8c05	c.sub	x8,x9	  x8:0x00000000  x9:0x00000000  x8=0x00000000
      135825000	     13483	800091d8	8e41	c.or	x12,x8	 x12:0x00000000  x8:0x00000000 x12=0x00000000
      135835000	     13484	800091da	96b27813	andi	x16,x4,-1685	  x4:0x01d0cdc0 x16=0x01d0c940
      135845000	     13485	800091de	02878e63	beq	x15,x8,8000921a	 x15:0x00000044  x8:0x00000000
      135855000	     13486	800091e2	0c1a	c.slli	x24,0x6	 x24:0x00000000 x24=0x00000000
      135865000	     13487	800091e4	41c7db33	sra	x22,x15,x28	 x15:0x00000044 x28:0x00000000 x22=0x00000044
      135875000	     13488	800091e8	02c11663	bne	x2,x12,80009214	  x2:0x00000020 x12:0x00000000
      135905000	     13491	80009214	029f5bb3	divu	x23,x30,x9	 x30:0xffffffff  x9:0x00000000 x23=0xffffffff
      135915000	     13492	80009218	02ea	c.slli	x5,0x1a	  x5:0x00000000  x5=0x00000000
      135925000	     13493	8000921a	378f68b7	lui	x17,0x378f6	 x17=0x378f6000
      135945000	     13495	8000921e	02a16a33	rem	x20,x2,x10	  x2:0x00000020 x10:0x00000000 x20=0x00000020
      136315000	     13532	80009222	0228cbb3	div	x23,x17,x2	 x17:0x378f6000  x2:0x00000020 x23=0x01bc7b00
      136325000	     13533	80009226	81ee	c.mv	x3,x27	  x0:0x00000000 x27:0xfffffff5  x3=0xfffffff5
      136335000	     13534	80009228	8c35	c.xor	x8,x13	  x8:0x00000000 x13:0x80025ce4  x8=0x80025ce4
      136345000	     13535	8000922a	036b9d63	bne	x23,x22,80009264	 x23:0x01bc7b00 x22:0x00000044
      136365000	     13537	80009264	01f69813	slli	x16,x13,0x1f	 x13:0x80025ce4 x16=0x00000000
      136375000	     13538	80009268	41e75d33	sra	x26,x14,x30	 x14:0x00000000 x30:0xffffffff x26=0x00000000
      136385000	     13539	8000926c	037a0a63	beq	x20,x23,800092a0	 x20:0x00000020 x23:0x01bc7b00
      136755000	     13576	80009270	03b7c7b3	div	x15,x15,x27	 x15:0x00000044 x27:0xfffffff5 x15=0xfffffffa
      136765000	     13577	80009274	072e	c.slli	x14,0xb	 x14:0x00000000 x14=0x00000000
      136775000	     13578	80009276	0001	c.addi	x0,0	  x0:0x00000000  x0=0x00000000
      136785000	     13579	80009278	00882b33	slt	x22,x16,x8	 x16:0x00000000  x8:0x80025ce4 x22=0x00000000
      136795000	     13580	8000927c	8c6d	c.and	x8,x11	  x8:0x80025ce4 x11:0x80021e64  x8=0x80021c64
      136805000	     13581	8000927e	10fd	c.addi	x1,-1	  x1:0x0000001f  x1=0x0000001e
      136845000	     13585	80009280	035d3a33	mulhu	x20,x26,x21	 x26:0x00000000 x21:0x00000000 x20=0x00000000
      136855000	     13586	80009284	820a	c.mv	x4,x2	  x0:0x00000000  x2:0x00000020  x4=0x00000020
      136865000	     13587	80009286	1e88	c.addi4spn	x10,x2,880	 x10=0x00000390
      136875000	     13588	80009288	deaff093	andi	x1,x31,-534	 x31:0x00000001  x1=0x00000000
      136885000	     13589	8000928c	c715	c.beqz	x14,800092b8	 x14:0x00000000
      136905000	     13591	800092b8	40e450b3	sra	x1,x8,x14	  x8:0x80021c64 x14:0x00000000  x1=0x80021c64
      136915000	     13592	800092bc	03880663	beq	x16,x24,800092e8	 x16:0x00000000 x24:0x00000000
      136935000	     13594	800092e8	8eee	c.mv	x29,x27	  x0:0x00000000 x27:0xfffffff5 x29=0xfffffff5
      136975000	     13598	800092ea	03a3b4b3	mulhu	x9,x7,x26	  x7:0x00000000 x26:0x00000000  x9=0x00000000
      136985000	     13599	800092ee	0001	c.addi	x0,0	  x0:0x00000000  x0=0x00000000
      136995000	     13600	800092f0	899a	c.mv	x19,x6	  x0:0x00000000  x6:0x00000000 x19=0x00000000
      137005000	     13601	800092f2	01395c33	srl	x24,x18,x19	 x18:0x00000000 x19:0x00000000 x24=0x00000000
      137015000	     13602	800092f6	016e	c.slli	x2,0x1b	  x2:0x00000020  x2=0x00000000
      137025000	     13603	800092f8	37ecb913	sltiu	x18,x25,894	 x25:0x01557c12 x18=0x00000000
      137035000	     13604	800092fc	006f5913	srli	x18,x30,0x6	 x30:0xffffffff x18=0x03ffffff
      137075000	     13608	80009300	03c29033	mulh	x0,x5,x28	  x5:0x00000000 x28:0x00000000  x0=0x00000000
      137085000	     13609	80009304	40180b33	sub	x22,x16,x1	 x16:0x00000000  x1:0x80021c64 x22=0x7ffde39c
      137095000	     13610	80009308	01019133	sll	x2,x3,x16	  x3:0xfffffff5 x16:0x00000000  x2=0xfffffff5
      137105000	     13611	8000930c	f601c813	xori	x16,x3,-160	  x3:0xfffffff5 x16=0x00000095
      137145000	     13615	80009310	03f03133	mulhu	x2,x0,x31	  x0:0x00000000 x31:0x00000001  x2=0x00000000
      137155000	     13616	80009314	717d	c.addi16sp	x2,-16	  x2:0x00000000  x2=0xfffffff0
      137195000	     13620	80009316	02163833	mulhu	x16,x12,x1	 x12:0x00000000  x1:0x80021c64 x16=0x00000000
      137215000	     13622	8000931a	03c1ddb3	divu	x27,x3,x28	  x3:0xfffffff5 x28:0x00000000 x27=0xffffffff
      137225000	     13623	8000931e	014a5d93	srli	x27,x20,0x14	 x20:0x00000000 x27=0x00000000
      137235000	     13624	80009322	836d	c.srli	x14,0x1b	 x14:0x00000000 x14=0x00000000
      137245000	     13625	80009324	0001	c.addi	x0,0	  x0:0x00000000  x0=0x00000000
      137255000	     13626	80009326	006f5313	srli	x6,x30,0x6	 x30:0xffffffff  x6=0x03ffffff
      137265000	     13627	8000932a	0ea1	c.addi	x29,8	 x29:0xfffffff5 x29=0xfffffffd
      137275000	     13628	8000932c	9e1a	c.add	x28,x6	 x28:0x00000000  x6:0x03ffffff x28=0x03ffffff
      137285000	     13629	8000932e	03ecc763	blt	x25,x30,8000935c	 x25:0x01557c12 x30:0xffffffff
      137295000	     13630	80009332	00fa37b3	sltu	x15,x20,x15	 x20:0x00000000 x15:0xfffffffa x15=0x00000001
      137665000	     13667	80009336	03224a33	div	x20,x4,x18	  x4:0x00000020 x18:0x03ffffff x20=0x00000000
      137675000	     13668	8000933a	9591cd93	xori	x27,x3,-1703	  x3:0xfffffff5 x27=0x000006ac
      137685000	     13669	8000933e	0001	c.addi	x0,0	  x0:0x00000000  x0=0x00000000
      137695000	     13670	80009340	015a8e63	beq	x21,x21,8000935c	 x21:0x00000000 x21:0x00000000
      137725000	     13673	8000935c	02776133	rem	x2,x14,x7	 x14:0x00000000  x7:0x00000000  x2=0x00000000
      137735000	     13674	80009360	1780	c.addi4spn	x8,x2,992	  x8=0x000003e0
      138105000	     13711	80009362	037851b3	divu	x3,x16,x23	 x16:0x00000000 x23:0x01bc7b00  x3=0x00000000
      138115000	     13712	80009366	01cd0bb3	add	x23,x26,x28	 x26:0x00000000 x28:0x03ffffff x23=0x03ffffff
      138125000	     13713	8000936a	3d6b2217	auipc	x4,0x3d6b2	  x4=0xbd6bb36a
      138135000	     13714	8000936e	9836	c.add	x16,x13	 x16:0x00000000 x13:0x80025ce4 x16=0x80025ce4
      138145000	     13715	80009370	01851a63	bne	x10,x24,80009384	 x10:0x00000390 x24:0x00000000
      138165000	     13717	80009384	0000100f	fence.i	
      138185000	     13719	80009388	0001	c.addi	x0,0	  x0:0x00000000  x0=0x00000000
      138195000	     13720	8000938a	033a	c.slli	x6,0xe	  x6:0x03ffffff  x6=0xffffc000
      138215000	     13722	8000938c	0293fcb3	remu	x25,x7,x9	  x7:0x00000000  x9:0x00000000 x25=0x00000000
      138255000	     13726	80009390	036dbf33	mulhu	x30,x27,x22	 x27:0x000006ac x22:0x7ffde39c x30=0x00000355
      138265000	     13727	80009394	55d9d797	auipc	x15,0x55d9d	 x15=0xd5da6394
      138275000	     13728	80009398	409f0033	sub	x0,x30,x9	 x30:0x00000355  x9:0x00000000  x0=0x00000000
      138285000	     13729	8000939c	1dfd	c.addi	x27,-1	 x27:0x000006ac x27=0x000006ab
      138295000	     13730	8000939e	01bd4bb3	xor	x23,x26,x27	 x26:0x00000000 x27:0x000006ab x23=0x000006ab
      138305000	     13731	800093a2	1f00	c.addi4spn	x8,x2,944	  x8=0x000003b0
      138325000	     13733	800093a4	02ea60b3	rem	x1,x20,x14	 x20:0x00000000 x14:0x00000000  x1=0x00000000
      138335000	     13734	800093a8	8ca9	c.xor	x9,x10	  x9:0x00000000 x10:0x00000390  x9=0x00000390
      138345000	     13735	800093aa	15e25f17	auipc	x30,0x15e25	 x30=0x95e2e3aa
      138355000	     13736	800093ae	ee05	c.bnez	x12,800093e6	 x12:0x00000000
      138365000	     13737	800093b0	03d0eb63	bltu	x1,x29,800093e6	  x1:0x00000000 x29:0xfffffffd
      138395000	     13740	800093e6	0000100f	fence.i	
      138425000	     13743	800093ea	01bfddb3	srl	x27,x31,x27	 x31:0x00000001 x27:0x000006ab x27=0x00000000
      138465000	     13747	800093ee	03f2a4b3	mulhsu	x9,x5,x31	  x5:0x00000000 x31:0x00000001  x9=0x00000000
      138485000	     13749	800093f2	033ac533	div	x10,x21,x19	 x21:0x00000000 x19:0x00000000 x10=0xffffffff
      138495000	     13750	800093f6	597d	c.li	x18,-1	 x18=0xffffffff
      138505000	     13751	800093f8	017a1a63	bne	x20,x23,8000940c	 x20:0x00000000 x23:0x000006ab
      138525000	     13753	8000940c	014f8363	beq	x31,x20,80009412	 x31:0x00000001 x20:0x00000000
      138535000	     13754	80009410	8f0d	c.sub	x14,x11	 x14:0x00000000 x11:0x80021e64 x14=0x7ffde19c
      138545000	     13755	80009412	01bbde33	srl	x28,x23,x27	 x23:0x000006ab x27:0x00000000 x28=0x000006ab
      138555000	     13756	80009416	891d	c.andi	x10,7	 x10:0xffffffff x10=0x00000007
      138565000	     13757	80009418	21bd8c13	addi	x24,x27,539	 x27:0x00000000 x24=0x0000021b
      138575000	     13758	8000941c	85d93237	lui	x4,0x85d93	  x4=0x85d93000
      138585000	     13759	80009420	0001	c.addi	x0,0	  x0:0x00000000  x0=0x00000000
      138595000	     13760	80009422	01564433	xor	x8,x12,x21	 x12:0x00000000 x21:0x00000000  x8=0x00000000
      138965000	     13797	80009426	03db6eb3	rem	x29,x22,x29	 x22:0x7ffde39c x29:0xfffffffd x29=0x00000001
      139335000	     13834	8000942a	037a61b3	rem	x3,x20,x23	 x20:0x00000000 x23:0x000006ab  x3=0x00000000
      139345000	     13835	8000942e	0b3a	c.slli	x22,0xe	 x22:0x7ffde39c x22=0x78e70000
      139355000	     13836	80009430	004a5ab3	srl	x21,x20,x4	 x20:0x00000000  x4:0x85d93000 x21=0x00000000
      139365000	     13837	80009434	0001	c.addi	x0,0	  x0:0x00000000  x0=0x00000000
      139375000	     13838	80009436	8f11	c.sub	x14,x12	 x14:0x7ffde19c x12:0x00000000 x14=0x7ffde19c
      139385000	     13839	80009438	0001	c.addi	x0,0	  x0:0x00000000  x0=0x00000000
      139405000	     13841	8000943a	023b4633	div	x12,x22,x3	 x22:0x78e70000  x3:0x00000000 x12=0xffffffff
      139415000	     13842	8000943e	8cfa	c.mv	x25,x30	  x0:0x00000000 x30:0x95e2e3aa x25=0x95e2e3aa
      139425000	     13843	80009440	1f7d	c.addi	x30,-1	 x30:0x95e2e3aa x30=0x95e2e3a9
      139435000	     13844	80009442	00847e63	bgeu	x8,x8,8000945e	  x8:0x00000000  x8:0x00000000
      139455000	     13846	8000945e	8fb5	c.xor	x15,x13	 x15:0xd5da6394 x13:0x80025ce4 x15=0x55d83f70
      139465000	     13847	80009460	81c2	c.mv	x3,x16	  x0:0x00000000 x16:0x80025ce4  x3=0x80025ce4
      139475000	     13848	80009462	8d69	c.and	x10,x10	 x10:0x00000007 x10:0x00000007 x10=0x00000007
      139485000	     13849	80009464	67b1	c.lui	x15,0xc	 x15=0x0000c000
      139495000	     13850	80009466	0ff0000f	fence	iorw,iorw	
      139535000	     13854	8000946a	02383533	mulhu	x10,x16,x3	 x16:0x80025ce4  x3:0x80025ce4 x10=0x40025ce9
      139545000	     13855	8000946e	8e61	c.and	x12,x8	 x12:0xffffffff  x8:0x00000000 x12=0x00000000
      139555000	     13856	80009470	0337cb63	blt	x15,x19,800094a6	 x15:0x0000c000 x19:0x00000000
      139565000	     13857	80009474	001c1513	slli	x10,x24,0x1	 x24:0x0000021b x10=0x00000436
      139575000	     13858	80009478	87dd	c.srai	x15,0x17	 x15:0x0000c000 x15=0x00000000
      139585000	     13859	8000947a	01a3fb33	and	x22,x7,x26	  x7:0x00000000 x26:0x00000000 x22=0x00000000
      139625000	     13863	8000947e	033290b3	mulh	x1,x5,x19	  x5:0x00000000 x19:0x00000000  x1=0x00000000
      139635000	     13864	80009482	84d2	c.mv	x9,x20	  x0:0x00000000 x20:0x00000000  x9=0x00000000
      139645000	     13865	80009484	8f4d	c.or	x14,x11	 x14:0x7ffde19c x11:0x80021e64 x14=0xfffffffc
      139675000	     13868	80009486	03df8e33	mul	x28,x31,x29	 x31:0x00000001 x29:0x00000001 x28=0x00000001
      139685000	     13869	8000948a	31b43337	lui	x6,0x31b43	  x6=0x31b43000
      139695000	     13870	8000948e	8351	c.srli	x14,0x14	 x14:0xfffffffc x14=0x00000fff
      139705000	     13871	80009490	5ba07c93	andi	x25,x0,1466	  x0:0x00000000 x25=0x00000000
      139715000	     13872	80009494	03519c63	bne	x3,x21,800094cc	  x3:0x80025ce4 x21:0x00000000
      139735000	     13874	800094cc	320c0c13	addi	x24,x24,800	 x24:0x0000021b x24=0x0000053b
      139745000	     13875	800094d0	01812a33	slt	x20,x2,x24	  x2:0x00000000 x24:0x0000053b x20=0x00000001
      140115000	     13912	800094d4	03d94533	div	x10,x18,x29	 x18:0xffffffff x29:0x00000001 x10=0xffffffff
      140125000	     13913	800094d8	0001	c.addi	x0,0	  x0:0x00000000  x0=0x00000000
      140145000	     13915	800094da	0208e2b3	rem	x5,x17,x0	 x17:0x378f6000  x0:0x00000000  x5=0x378f6000
      140155000	     13916	800094de	0dfe	c.slli	x27,0x1f	 x27:0x00000000 x27=0x00000000
      140165000	     13917	800094e0	8be9	c.andi	x15,26	 x15:0x00000000 x15=0x00000000
      140205000	     13921	800094e2	03b9a7b3	mulhsu	x15,x19,x27	 x19:0x00000000 x27:0x00000000 x15=0x00000000
      140215000	     13922	800094e6	ffdc2d93	slti	x27,x24,-3	 x24:0x0000053b x27=0x00000000
      140225000	     13923	800094ea	01014f63	blt	x2,x16,80009508	  x2:0x00000000 x16:0x80025ce4
      140235000	     13924	800094ee	0290	c.addi4spn	x12,x2,320	 x12=0x00000140
      140245000	     13925	800094f0	00700e63	beq	x0,x7,8000950c	  x0:0x00000000  x7:0x00000000
      140265000	     13927	8000950c	405e5513	srai	x10,x28,0x5	 x28:0x00000001 x10=0x00000000
      140275000	     13928	80009510	cf2d6e97	auipc	x29,0xcf2d6	 x29=0x4f2df510
      140285000	     13929	80009514	0001	c.addi	x0,0	  x0:0x00000000  x0=0x00000000
      140295000	     13930	80009516	00c82e33	slt	x28,x16,x12	 x16:0x80025ce4 x12:0x00000140 x28=0x00000001
      140305000	     13931	8000951a	6168bd93	sltiu	x27,x17,1558	 x17:0x378f6000 x27=0x00000000
      140315000	     13932	8000951e	8005	c.srli	x8,0x1	  x8:0x00000000  x8=0x00000000
      140325000	     13933	80009520	023bcd63	blt	x23,x3,8000955a	 x23:0x000006ab  x3:0x80025ce4
      140335000	     13934	80009524	8c5a	c.mv	x24,x22	  x0:0x00000000 x22:0x00000000 x24=0x00000000
      140345000	     13935	80009526	0183ac33	slt	x24,x7,x24	  x7:0x00000000 x24:0x00000000 x24=0x00000000
      140355000	     13936	8000952a	006af963	bgeu	x21,x6,8000953c	 x21:0x00000000  x6:0x31b43000
      140365000	     13937	8000952e	40078db3	sub	x27,x15,x0	 x15:0x00000000  x0:0x00000000 x27=0x00000000
      140375000	     13938	80009532	e019	c.bnez	x8,80009538	  x8:0x00000000
      140385000	     13939	80009534	00209d13	slli	x26,x1,0x2	  x1:0x00000000 x26=0x00000000
      140395000	     13940	80009538	8822	c.mv	x16,x8	  x0:0x00000000  x8:0x00000000 x16=0x00000000
      140405000	     13941	8000953a	8f99	c.sub	x15,x14	 x15:0x00000000 x14:0x00000fff x15=0xfffff001
      140415000	     13942	8000953c	0a572797	auipc	x15,0xa572	 x15=0x8a57b53c
      140425000	     13943	80009540	88fd	c.andi	x9,31	  x9:0x00000000  x9=0x00000000
      140435000	     13944	80009542	8e79	c.and	x12,x14	 x12:0x00000140 x14:0x00000fff x12=0x00000140
      140445000	     13945	80009544	8c05	c.sub	x8,x9	  x8:0x00000000  x9:0x00000000  x8=0x00000000
      140455000	     13946	80009546	1e515337	lui	x6,0x1e515	  x6=0x1e515000
      140485000	     13949	8000954a	03098cb3	mul	x25,x19,x16	 x19:0x00000000 x16:0x00000000 x25=0x00000000
      140495000	     13950	8000954e	41cfd613	srai	x12,x31,0x1c	 x31:0x00000001 x12=0x00000000
      140505000	     13951	80009552	0025ad33	slt	x26,x11,x2	 x11:0x80021e64  x2:0x00000000 x26=0x00000001
      140515000	     13952	80009556	3a276b37	lui	x22,0x3a276	 x22=0x3a276000
      140525000	     13953	8000955a	013c17b3	sll	x15,x24,x19	 x24:0x00000000 x19:0x00000000 x15=0x00000000
      140535000	     13954	8000955e	512dc797	auipc	x15,0x512dc	 x15=0xd12e555e
      140545000	     13955	80009562	6151	c.addi16sp	x2,272	  x2:0x00000000  x2=0x00000110
      140555000	     13956	80009564	4b853493	sltiu	x9,x10,1208	 x10:0x00000000  x9=0x00000001
      140565000	     13957	80009568	877d	c.srai	x14,0x1f	 x14:0x00000fff x14=0x00000000
      140575000	     13958	8000956a	086a	c.slli	x16,0x1a	 x16:0x00000000 x16=0x00000000
      140585000	     13959	8000956c	8e75	c.and	x12,x13	 x12:0x00000000 x13:0x80025ce4 x12=0x00000000
      140955000	     13996	8000956e	0349fcb3	remu	x25,x19,x20	 x19:0x00000000 x20:0x00000001 x25=0x00000000
      140975000	     13998	80009572	020eedb3	rem	x27,x29,x0	 x29:0x4f2df510  x0:0x00000000 x27=0x4f2df510
      141015000	     14002	80009576	02143133	mulhu	x2,x8,x1	  x8:0x00000000  x1:0x00000000  x2=0x00000000
      141025000	     14003	8000957a	1005c2b7	lui	x5,0x1005c	  x5=0x1005c000
      141035000	     14004	8000957e	01bad733	srl	x14,x21,x27	 x21:0x00000000 x27:0x4f2df510 x14=0x00000000
      141045000	     14005	80009582	41cfd793	srai	x15,x31,0x1c	 x31:0x00000001 x15=0x00000000
      141055000	     14006	80009586	8f51	c.or	x14,x12	 x14:0x00000000 x12:0x00000000 x14=0x00000000
      141075000	     14008	80009588	0220c833	div	x16,x1,x2	  x1:0x00000000  x2:0x00000000 x16=0xffffffff
      141085000	     14009	8000958c	0000100f	fence.i	
      141105000	     14011	80009590	0000100f	fence.i	
      141125000	     14013	80009594	41155313	srai	x6,x10,0x11	 x10:0x00000000  x6=0x00000000
      141135000	     14014	80009598	809d	c.srli	x9,0x7	  x9:0x00000001  x9=0x00000000
      141145000	     14015	8000959a	03849863	bne	x9,x24,800095ca	  x9:0x00000000 x24:0x00000000
      141155000	     14016	8000959e	1100a993	slti	x19,x1,272	  x1:0x00000000 x19=0x00000001
      141165000	     14017	800095a2	8f42	c.mv	x30,x16	  x0:0x00000000 x16:0xffffffff x30=0xffffffff
      141175000	     14018	800095a4	28b6d137	lui	x2,0x28b6d	  x2=0x28b6d000
      141185000	     14019	800095a8	001cf763	bgeu	x25,x1,800095b6	 x25:0x00000000  x1:0x00000000
      141215000	     14022	800095b6	c4930d17	auipc	x26,0xc4930	 x26=0x449395b6
      141225000	     14023	800095ba	005a1d93	slli	x27,x20,0x5	 x20:0x00000001 x27=0x00000020
      141235000	     14024	800095be	8c22	c.mv	x24,x8	  x0:0x00000000  x8:0x00000000 x24=0x00000000
      141245000	     14025	800095c0	417ddd33	sra	x26,x27,x23	 x27:0x00000020 x23:0x000006ab x26=0x00000000
      141255000	     14026	800095c4	c099	c.beqz	x9,800095ca	  x9:0x00000000
      141275000	     14028	800095ca	0d90	c.addi4spn	x12,x2,720	 x12=0x28b6d2d0
      141285000	     14029	800095cc	ffff7397	auipc	x7,0xffff7	  x7=0x800005cc
      141295000	     14030	800095d0	d9e38393	addi	x7,x7,-610	  x7:0x800005cc  x7=0x8000036a
      141305000	     14031	800095d4	00038067	jalr	x0,0(x7)	  x7:0x8000036a  x0=0x00000000
      141335000	     14034	8000036a	90000db7	lui	x27,0x90000	 x27=0x90000000
      141345000	     14035	8000036e	1de1	c.addi	x27,-8	 x27:0x90000000 x27=0x8ffffff8
      141355000	     14036	80000370	4901	c.li	x18,0	 x18=0x00000000
      141365000	     14037	80000372	0922	c.slli	x18,0x8	 x18:0x00000000 x18=0x00000000
      141375000	     14038	80000374	0905	c.addi	x18,1	 x18:0x00000000 x18=0x00000001
      141385000	     14039	80000376	012da023	sw	x18,0(x27)	 x27:0x8ffffff8 x18:0x00000001 PA:0x8ffffff8 store:0x00000001 load:0x00000000
      141395000	     14040	8000037a	00000073	ecall	
      141425000	     14043	80002500	0800006f	jal	x0,80002580	  x0=0x00000000
      141445000	     14045	80002580	16f1	c.addi	x13,-4	 x13:0x80025ce4 x13=0x80025ce0
      141455000	     14046	80002582	c28c	c.sw	x11,0(x13)	 x13:0x80025ce0 x11:0x80021e64 PA:0x80025ce0 store:0x80021e64 load:0x00000000
