Time	Cycle	PC	Insn	Decoded instruction	Register and memory contents
        2197000	         8	80000080	40001937	lui	x18,0x40001	 x18=0x40001000
        2217000	         9	80000084	10690913	addi	x18,x18,262	 x18:0x40001000 x18=0x40001106
        2237000	        10	80000088	30191073	csrrw	x0,misa,x18	 x18:0x40001106  x0=0x00000000
        2297000	        13	8000008c	00026697	auipc	x13,0x26	 x13=0x8002608c
        2317000	        14	80000090	c5868693	addi	x13,x13,-936	 x13:0x8002608c x13=0x80025ce4
        2417000	        19	80000094	00002917	auipc	x18,0x2	 x18=0x80002094
        2837000	        40	80000098	46c90913	addi	x18,x18,1132	 x18:0x80002094 x18=0x80002500
        2857000	        41	8000009c	00196913	ori	x18,x18,1	 x18:0x80002500 x18=0x80002501
        2877000	        42	800000a0	30591073	csrrw	x0,mtvec,x18	 x18:0x80002501  x0=0x00000000
        2937000	        45	800000a4	74725073	csrrwi	x0,0x747,4	  x0=0x00000000
        3017000	        49	800000a8	00003397	auipc	x7,0x3	  x7=0x800030a8
        3037000	        50	800000ac	1fc38393	addi	x7,x7,508	  x7:0x800030a8  x7=0x800032a4
        3197000	        58	800000b0	4901	c.li	x18,0	 x18=0x00000000
        3217000	        59	800000b2	93ca	c.add	x7,x18	  x7:0x800032a4 x18:0x00000000  x7=0x800032a4
        3237000	        60	800000b4	0023d393	srli	x7,x7,0x2	  x7:0x800032a4  x7=0x20000ca9
        3257000	        61	800000b8	3b039073	csrrw	x0,pmpaddr0,x7	  x7:0x20000ca9  x0=0x00000000
        3317000	        64	800000bc	00003397	auipc	x7,0x3	  x7=0x800030bc
        3377000	        67	800000c0	1e838393	addi	x7,x7,488	  x7:0x800030bc  x7=0x800032a4
        3397000	        68	800000c4	11111937	lui	x18,0x11111	 x18=0x11111000
        3497000	        73	800000c8	11190913	addi	x18,x18,273	 x18:0x11111000 x18=0x11111111
        3557000	        76	800000cc	93ca	c.add	x7,x18	  x7:0x800032a4 x18:0x11111111  x7=0x911143b5
        3577000	        77	800000ce	0023d393	srli	x7,x7,0x2	  x7:0x911143b5  x7=0x244450ed
        3997000	        98	800000d2	3b139073	csrrw	x0,pmpaddr1,x7	  x7:0x244450ed  x0=0x00000000
        4057000	       101	800000d6	00003397	auipc	x7,0x3	  x7=0x800030d6
        4077000	       102	800000da	1ce38393	addi	x7,x7,462	  x7:0x800030d6  x7=0x800032a4
        4377000	       117	800000de	22222937	lui	x18,0x22222	 x18=0x22222000
        4397000	       118	800000e2	22290913	addi	x18,x18,546	 x18:0x22222000 x18=0x22222222
        4417000	       119	800000e6	93ca	c.add	x7,x18	  x7:0x800032a4 x18:0x22222222  x7=0xa22254c6
        4817000	       139	800000e8	0023d393	srli	x7,x7,0x2	  x7:0xa22254c6  x7=0x28889531
        5237000	       160	800000ec	3b239073	csrrw	x0,pmpaddr2,x7	  x7:0x28889531  x0=0x00000000
        5657000	       181	800000f0	00003397	auipc	x7,0x3	  x7=0x800030f0
        5837000	       190	800000f4	1b438393	addi	x7,x7,436	  x7:0x800030f0  x7=0x800032a4
        5977000	       197	800000f8	33333937	lui	x18,0x33333	 x18=0x33333000
        6137000	       205	800000fc	33390913	addi	x18,x18,819	 x18:0x33333000 x18=0x33333333
        6257000	       211	80000100	93ca	c.add	x7,x18	  x7:0x800032a4 x18:0x33333333  x7=0xb33365d7
        6677000	       232	80000102	0023d393	srli	x7,x7,0x2	  x7:0xb33365d7  x7=0x2cccd975
        6697000	       233	80000106	3b339073	csrrw	x0,pmpaddr3,x7	  x7:0x2cccd975  x0=0x00000000
        7117000	       254	8000010a	0f0f13b7	lui	x7,0xf0f1	  x7=0x0f0f1000
        7497000	       273	8000010e	f0f38393	addi	x7,x7,-241	  x7:0x0f0f1000  x7=0x0f0f0f0f
        7837000	       290	80000112	3a039073	csrrw	x0,pmpcfg0,x7	  x7:0x0f0f0f0f  x0=0x00000000
        7897000	       293	80000116	00003397	auipc	x7,0x3	  x7=0x80003116
        7917000	       294	8000011a	18e38393	addi	x7,x7,398	  x7:0x80003116  x7=0x800032a4
        8037000	       300	8000011e	44444937	lui	x18,0x44444	 x18=0x44444000
        8217000	       309	80000122	44490913	addi	x18,x18,1092	 x18:0x44444000 x18=0x44444444
        8237000	       310	80000126	93ca	c.add	x7,x18	  x7:0x800032a4 x18:0x44444444  x7=0xc44476e8
        8277000	       312	80000128	0023d393	srli	x7,x7,0x2	  x7:0xc44476e8  x7=0x31111dba
        8537000	       325	8000012c	3b439073	csrrw	x0,pmpaddr4,x7	  x7:0x31111dba  x0=0x00000000
        8597000	       328	80000130	00003397	auipc	x7,0x3	  x7=0x80003130
        8617000	       329	80000134	17438393	addi	x7,x7,372	  x7:0x80003130  x7=0x800032a4
        8637000	       330	80000138	55555937	lui	x18,0x55555	 x18=0x55555000
        8657000	       331	8000013c	55590913	addi	x18,x18,1365	 x18:0x55555000 x18=0x55555555
        8877000	       342	80000140	93ca	c.add	x7,x18	  x7:0x800032a4 x18:0x55555555  x7=0xd55587f9
        8897000	       343	80000142	0023d393	srli	x7,x7,0x2	  x7:0xd55587f9  x7=0x355561fe
        8917000	       344	80000146	3b539073	csrrw	x0,pmpaddr5,x7	  x7:0x355561fe  x0=0x00000000
        8977000	       347	8000014a	00003397	auipc	x7,0x3	  x7=0x8000314a
        9377000	       367	8000014e	15a38393	addi	x7,x7,346	  x7:0x8000314a  x7=0x800032a4
        9397000	       368	80000152	66666937	lui	x18,0x66666	 x18=0x66666000
        9417000	       369	80000156	66690913	addi	x18,x18,1638	 x18:0x66666000 x18=0x66666666
        9437000	       370	8000015a	93ca	c.add	x7,x18	  x7:0x800032a4 x18:0x66666666  x7=0xe666990a
        9457000	       371	8000015c	0023d393	srli	x7,x7,0x2	  x7:0xe666990a  x7=0x3999a642
        9477000	       372	80000160	3b639073	csrrw	x0,pmpaddr6,x7	  x7:0x3999a642  x0=0x00000000
        9597000	       378	80000164	00003397	auipc	x7,0x3	  x7=0x80003164
        9617000	       379	80000168	14038393	addi	x7,x7,320	  x7:0x80003164  x7=0x800032a4
        9637000	       380	8000016c	77777937	lui	x18,0x77777	 x18=0x77777000
        9797000	       388	80000170	77790913	addi	x18,x18,1911	 x18:0x77777000 x18=0x77777777
        9977000	       397	80000174	93ca	c.add	x7,x18	  x7:0x800032a4 x18:0x77777777  x7=0xf777aa1b
        9997000	       398	80000176	0023d393	srli	x7,x7,0x2	  x7:0xf777aa1b  x7=0x3dddea86
       10017000	       399	8000017a	3b739073	csrrw	x0,pmpaddr7,x7	  x7:0x3dddea86  x0=0x00000000
       10137000	       405	8000017e	0f0f13b7	lui	x7,0xf0f1	  x7=0x0f0f1000
       10557000	       426	80000182	f0f38393	addi	x7,x7,-241	  x7:0x0f0f1000  x7=0x0f0f0f0f
       10617000	       429	80000186	3a139073	csrrw	x0,pmpcfg1,x7	  x7:0x0f0f0f0f  x0=0x00000000
       10677000	       432	8000018a	00003397	auipc	x7,0x3	  x7=0x8000318a
       10697000	       433	8000018e	11a38393	addi	x7,x7,282	  x7:0x8000318a  x7=0x800032a4
       10717000	       434	80000192	88889937	lui	x18,0x88889	 x18=0x88889000
       10877000	       442	80000196	88890913	addi	x18,x18,-1912	 x18:0x88889000 x18=0x88888888
       10897000	       443	8000019a	93ca	c.add	x7,x18	  x7:0x800032a4 x18:0x88888888  x7=0x0888bb2c
       11237000	       460	8000019c	0023d393	srli	x7,x7,0x2	  x7:0x0888bb2c  x7=0x02222ecb
       11337000	       465	800001a0	3b839073	csrrw	x0,pmpaddr8,x7	  x7:0x02222ecb  x0=0x00000000
       11657000	       481	800001a4	00003397	auipc	x7,0x3	  x7=0x800031a4
       11937000	       495	800001a8	10038393	addi	x7,x7,256	  x7:0x800031a4  x7=0x800032a4
       12117000	       504	800001ac	9999a937	lui	x18,0x9999a	 x18=0x9999a000
       12157000	       506	800001b0	99990913	addi	x18,x18,-1639	 x18:0x9999a000 x18=0x99999999
       12177000	       507	800001b4	93ca	c.add	x7,x18	  x7:0x800032a4 x18:0x99999999  x7=0x1999cc3d
       12597000	       528	800001b6	0023d393	srli	x7,x7,0x2	  x7:0x1999cc3d  x7=0x0666730f
       12617000	       529	800001ba	3b939073	csrrw	x0,pmpaddr9,x7	  x7:0x0666730f  x0=0x00000000
       12677000	       532	800001be	00003397	auipc	x7,0x3	  x7=0x800031be
       12697000	       533	800001c2	0e638393	addi	x7,x7,230	  x7:0x800031be  x7=0x800032a4
       12717000	       534	800001c6	aaaab937	lui	x18,0xaaaab	 x18=0xaaaab000
       12737000	       535	800001ca	aaa90913	addi	x18,x18,-1366	 x18:0xaaaab000 x18=0xaaaaaaaa
       12757000	       536	800001ce	93ca	c.add	x7,x18	  x7:0x800032a4 x18:0xaaaaaaaa  x7=0x2aaadd4e
       12777000	       537	800001d0	0023d393	srli	x7,x7,0x2	  x7:0x2aaadd4e  x7=0x0aaab753
       12897000	       543	800001d4	3ba39073	csrrw	x0,pmpaddr10,x7	  x7:0x0aaab753  x0=0x00000000
       12957000	       546	800001d8	00003397	auipc	x7,0x3	  x7=0x800031d8
       12977000	       547	800001dc	0cc38393	addi	x7,x7,204	  x7:0x800031d8  x7=0x800032a4
       13137000	       555	800001e0	bbbbc937	lui	x18,0xbbbbc	 x18=0xbbbbc000
       13157000	       556	800001e4	bbb90913	addi	x18,x18,-1093	 x18:0xbbbbc000 x18=0xbbbbbbbb
       13177000	       557	800001e8	93ca	c.add	x7,x18	  x7:0x800032a4 x18:0xbbbbbbbb  x7=0x3bbbee5f
       13197000	       558	800001ea	0023d393	srli	x7,x7,0x2	  x7:0x3bbbee5f  x7=0x0eeefb97
       13297000	       563	800001ee	3bb39073	csrrw	x0,pmpaddr11,x7	  x7:0x0eeefb97  x0=0x00000000
       13397000	       568	800001f2	0f0f13b7	lui	x7,0xf0f1	  x7=0x0f0f1000
       13817000	       589	800001f6	f0f38393	addi	x7,x7,-241	  x7:0x0f0f1000  x7=0x0f0f0f0f
       13837000	       590	800001fa	3a239073	csrrw	x0,pmpcfg2,x7	  x7:0x0f0f0f0f  x0=0x00000000
       14257000	       611	800001fe	00003397	auipc	x7,0x3	  x7=0x800031fe
       14337000	       615	80000202	0a638393	addi	x7,x7,166	  x7:0x800031fe  x7=0x800032a4
       14497000	       623	80000206	ccccd937	lui	x18,0xccccd	 x18=0xccccd000
       14557000	       626	8000020a	ccc90913	addi	x18,x18,-820	 x18:0xccccd000 x18=0xcccccccc
       14577000	       627	8000020e	93ca	c.add	x7,x18	  x7:0x800032a4 x18:0xcccccccc  x7=0x4cccff70
       14977000	       647	80000210	0023d393	srli	x7,x7,0x2	  x7:0x4cccff70  x7=0x13333fdc
       14997000	       648	80000214	3bc39073	csrrw	x0,pmpaddr12,x7	  x7:0x13333fdc  x0=0x00000000
       15417000	       669	80000218	00003397	auipc	x7,0x3	  x7=0x80003218
       15437000	       670	8000021c	08c38393	addi	x7,x7,140	  x7:0x80003218  x7=0x800032a4
       15457000	       671	80000220	dddde937	lui	x18,0xdddde	 x18=0xdddde000
       15877000	       692	80000224	ddd90913	addi	x18,x18,-547	 x18:0xdddde000 x18=0xdddddddd
       15897000	       693	80000228	93ca	c.add	x7,x18	  x7:0x800032a4 x18:0xdddddddd  x7=0x5dde1081
       15917000	       694	8000022a	0023d393	srli	x7,x7,0x2	  x7:0x5dde1081  x7=0x17778420
       15937000	       695	8000022e	3bd39073	csrrw	x0,pmpaddr13,x7	  x7:0x17778420  x0=0x00000000
       15997000	       698	80000232	00003397	auipc	x7,0x3	  x7=0x80003232
       16057000	       701	80000236	07238393	addi	x7,x7,114	  x7:0x80003232  x7=0x800032a4
       16077000	       702	8000023a	eeeef937	lui	x18,0xeeeef	 x18=0xeeeef000
       16497000	       723	8000023e	eee90913	addi	x18,x18,-274	 x18:0xeeeef000 x18=0xeeeeeeee
       16517000	       724	80000242	93ca	c.add	x7,x18	  x7:0x800032a4 x18:0xeeeeeeee  x7=0x6eef2192
       16537000	       725	80000244	0023d393	srli	x7,x7,0x2	  x7:0x6eef2192  x7=0x1bbbc864
       16557000	       726	80000248	3be39073	csrrw	x0,pmpaddr14,x7	  x7:0x1bbbc864  x0=0x00000000
       16617000	       729	8000024c	00003397	auipc	x7,0x3	  x7=0x8000324c
       16637000	       730	80000250	05838393	addi	x7,x7,88	  x7:0x8000324c  x7=0x800032a4
       16957000	       746	80000254	fff00913	addi	x18,x0,-1	  x0:0x00000000 x18=0xffffffff
       16977000	       747	80000258	93ca	c.add	x7,x18	  x7:0x800032a4 x18:0xffffffff  x7=0x800032a3
       17137000	       755	8000025a	0023d393	srli	x7,x7,0x2	  x7:0x800032a3  x7=0x20000ca8
       17197000	       758	8000025e	3bf39073	csrrw	x0,pmpaddr15,x7	  x7:0x20000ca8  x0=0x00000000
       17257000	       761	80000262	0f0f13b7	lui	x7,0xf0f1	  x7=0x0f0f1000
       17497000	       773	80000266	f0f38393	addi	x7,x7,-241	  x7:0x0f0f1000  x7=0x0f0f0f0f
       17537000	       775	8000026a	3a339073	csrrw	x0,pmpcfg3,x7	  x7:0x0f0f0f0f  x0=0x00000000
       17957000	       796	8000026e	00000917	auipc	x18,0x0	 x18=0x8000026e
       17977000	       797	80000272	06090913	addi	x18,x18,96	 x18:0x8000026e x18=0x800002ce
       18397000	       818	80000276	34191073	csrrw	x0,mepc,x18	 x18:0x800002ce  x0=0x00000000
       18417000	       819	8000027a	7c00d073	csrrwi	x0,0x7c0,1	  x0=0x00000000
       18477000	       822	8000027e	4901	c.li	x18,0	 x18=0x00000000
       18497000	       823	80000280	30091073	csrrw	x0,mstatus,x18	 x18:0x00000000  x0=0x00000000
       18797000	       838	80000284	4901	c.li	x18,0	 x18=0x00000000
       18817000	       839	80000286	30491073	csrrw	x0,mie,x18	 x18:0x00000000  x0=0x00000000
       18877000	       842	8000028a	90000db7	lui	x27,0x90000	 x27=0x90000000
       18897000	       843	8000028e	1df1	c.addi	x27,-4	 x27:0x90000000 x27=0x8ffffffc
       18917000	       844	80000290	90000db7	lui	x27,0x90000	 x27=0x90000000
       18937000	       845	80000294	1df1	c.addi	x27,-4	 x27:0x90000000 x27=0x8ffffffc
       19417000	       869	80000296	90000db7	lui	x27,0x90000	 x27=0x90000000
       19437000	       870	8000029a	1df1	c.addi	x27,-4	 x27:0x90000000 x27=0x8ffffffc
       19457000	       871	8000029c	30000913	addi	x18,x0,768	  x0:0x00000000 x18=0x00000300
       19477000	       872	800002a0	0922	c.slli	x18,0x8	 x18:0x00000300 x18=0x00030000
       19497000	       873	800002a2	090d	c.addi	x18,3	 x18:0x00030000 x18=0x00030003
       20077000	       902	800002a4	012da023	sw	x18,0(x27)	 x27:0x8ffffffc x18:0x00030003 PA:0x8ffffffc store:0x00030003 load:0xffffffff
       20097000	       903	800002a8	30002973	csrrs	x18,mstatus,x0	  x0:0x00000000 x18=0x00000000
       20157000	       906	800002ac	012da023	sw	x18,0(x27)	 x27:0x8ffffffc x18:0x00000000 PA:0x8ffffffc store:0x00000000 load:0xffffffff
       20177000	       907	800002b0	90000db7	lui	x27,0x90000	 x27=0x90000000
       20197000	       908	800002b4	1df1	c.addi	x27,-4	 x27:0x90000000 x27=0x8ffffffc
       20217000	       909	800002b6	30400913	addi	x18,x0,772	  x0:0x00000000 x18=0x00000304
       20237000	       910	800002ba	0922	c.slli	x18,0x8	 x18:0x00000304 x18=0x00030400
       20257000	       911	800002bc	090d	c.addi	x18,3	 x18:0x00030400 x18=0x00030403
       20657000	       931	800002be	012da023	sw	x18,0(x27)	 x27:0x8ffffffc x18:0x00030403 PA:0x8ffffffc store:0x00030403 load:0xffffffff
       20697000	       933	800002c2	30402973	csrrs	x18,mie,x0	  x0:0x00000000 x18=0x00000000
       21097000	       953	800002c6	012da023	sw	x18,0(x27)	 x27:0x8ffffffc x18:0x00000000 PA:0x8ffffffc store:0x00000000 load:0xffffffff
       21197000	       958	800002ca	30200073	mret	
       21977000	       997	800002ce	fc8e0037	lui	x0,0xfc8e0	  x0=0x00000000
       21997000	       998	800002d2	b0400013	addi	x0,x0,-1276	  x0:0x00000000  x0=0x00000000
       22017000	       999	800002d6	4081	c.li	x1,0	  x1=0x00000000
       22037000	      1000	800002d8	80000137	lui	x2,0x80000	  x2=0x80000000
       22057000	      1001	800002dc	4195	c.li	x3,5	  x3=0x00000005
       22477000	      1022	800002de	80000237	lui	x4,0x80000	  x4=0x80000000
       22677000	      1032	800002e2	b9cf72b7	lui	x5,0xb9cf7	  x5=0xb9cf7000
       22817000	      1039	800002e6	f4f28293	addi	x5,x5,-177	  x5:0xb9cf7000  x5=0xb9cf6f4f
       22837000	      1040	800002ea	4321	c.li	x6,8	  x6=0x00000008
       22857000	      1041	800002ec	4381	c.li	x7,0	  x7=0x00000000
       22877000	      1042	800002ee	4435	c.li	x8,13	  x8=0x0000000d
       23157000	      1056	800002f0	4481	c.li	x9,0	  x9=0x00000000
       23177000	      1057	800002f2	80000537	lui	x10,0x80000	 x10=0x80000000
       23197000	      1058	800002f6	feae4637	lui	x12,0xfeae4	 x12=0xfeae4000
       23337000	      1065	800002fa	50460613	addi	x12,x12,1284	 x12:0xfeae4000 x12=0xfeae4504
       23357000	      1066	800002fe	f2401737	lui	x14,0xf2401	 x14=0xf2401000
       23377000	      1067	80000302	04670713	addi	x14,x14,70	 x14:0xf2401000 x14=0xf2401046
       23577000	      1077	80000306	800007b7	lui	x15,0x80000	 x15=0x80000000
       23997000	      1098	8000030a	ff2a5837	lui	x16,0xff2a5	 x16=0xff2a5000
       24017000	      1099	8000030e	d8c80813	addi	x16,x16,-628	 x16:0xff2a5000 x16=0xff2a4d8c
       24037000	      1100	80000312	4881	c.li	x17,0	 x17=0x00000000
       24057000	      1101	80000314	4901	c.li	x18,0	 x18=0x00000000
       24077000	      1102	80000316	4991	c.li	x19,4	 x19=0x00000004
       24097000	      1103	80000318	4a01	c.li	x20,0	 x20=0x00000000
       24217000	      1109	8000031a	80000ab7	lui	x21,0x80000	 x21=0x80000000
       24237000	      1110	8000031e	4b31	c.li	x22,12	 x22=0x0000000c
       24257000	      1111	80000320	4b81	c.li	x23,0	 x23=0x00000000
       24617000	      1129	80000322	80000c37	lui	x24,0x80000	 x24=0x80000000
       24637000	      1130	80000326	9bbefcb7	lui	x25,0x9bbef	 x25=0x9bbef000
       24777000	      1137	8000032a	230c8c93	addi	x25,x25,560	 x25:0x9bbef000 x25=0x9bbef230
       24797000	      1138	8000032e	4d01	c.li	x26,0	 x26=0x00000000
       24817000	      1139	80000330	5a709db7	lui	x27,0x5a709	 x27=0x5a709000
       24837000	      1140	80000334	21fd8d93	addi	x27,x27,543	 x27:0x5a709000 x27=0x5a70921f
       24857000	      1141	80000338	77c6ee37	lui	x28,0x77c6e	 x28=0x77c6e000
       25277000	      1162	8000033c	408e0e13	addi	x28,x28,1032	 x28:0x77c6e000 x28=0x77c6e408
       57077000	      2752	80000340	4e81	c.li	x29,0	 x29=0x00000000
       57097000	      2753	80000342	7be08f37	lui	x30,0x7be08	 x30=0x7be08000
       57117000	      2754	80000346	446f0f13	addi	x30,x30,1094	 x30:0x7be08000 x30=0x7be08446
       57137000	      2755	8000034a	4fb9	c.li	x31,14	 x31=0x0000000e
       57157000	      2756	8000034c	00022597	auipc	x11,0x22	 x11=0x8002234c
       57177000	      2757	80000350	b1858593	addi	x11,x11,-1256	 x11:0x8002234c x11=0x80021e64
       57197000	      2758	80000354	90000db7	lui	x27,0x90000	 x27=0x90000000
       57217000	      2759	80000358	1df1	c.addi	x27,-4	 x27:0x90000000 x27=0x8ffffffc
       57237000	      2760	8000035a	4901	c.li	x18,0	 x18=0x00000000
       57277000	      2762	8000035c	0922	c.slli	x18,0x8	 x18:0x00000000 x18=0x00000000
       57677000	      2782	8000035e	00090913	addi	x18,x18,0	 x18:0x00000000 x18=0x00000000
       57877000	      2792	80000362	012da023	sw	x18,0(x27)	 x27:0x8ffffffc x18:0x00000000 PA:0x8ffffffc store:0x00000000 load:0xffffffff
       57897000	      2793	80000366	73f0206f	jal	x0,800032a4	  x0=0x00000000
       58877000	      2842	800032a4	0282cdb3	div	x27,x5,x8	  x5:0xb9cf6f4f  x8:0x0000000d x27=0xfa99cd7d
       58897000	      2843	800032a8	05600163	beq	x0,x22,800032ea	  x0:0x00000000 x22:0x0000000c
       59637000	      2880	800032ac	03f96733	rem	x14,x18,x31	 x18:0x00000000 x31:0x0000000e x14=0x00000000
       59657000	      2881	800032b0	8f65	c.and	x14,x9	 x14:0x00000000  x9:0x00000000 x14=0x00000000
       59677000	      2882	800032b2	e321	c.bnez	x14,800032f2	 x14:0x00000000
       59697000	      2883	800032b4	8e6d	c.and	x12,x11	 x12:0xfeae4504 x11:0x80021e64 x12=0x80020404
       59717000	      2884	800032b6	6898c813	xori	x16,x17,1673	 x17:0x00000000 x16=0x00000689
       59737000	      2885	800032ba	a7c86f37	lui	x30,0xa7c86	 x30=0xa7c86000
       59757000	      2886	800032be	0576	c.slli	x10,0x1d	 x10:0x80000000 x10=0x00000000
       59797000	      2888	800032c0	02a1f4b3	remu	x9,x3,x10	  x3:0x00000005 x10:0x00000000  x9=0x00000005
       59817000	      2889	800032c4	0000100f	fence.i	
       60277000	      2912	800032c8	4184d8b3	sra	x17,x9,x24	  x9:0x00000005 x24:0x80000000 x17=0x00000005
       60297000	      2913	800032cc	005fc0b3	xor	x1,x31,x5	 x31:0x0000000e  x5:0xb9cf6f4f  x1=0xb9cf6f41
       60437000	      2920	800032d0	031d3eb3	mulhu	x29,x26,x17	 x26:0x00000000 x17:0x00000005 x29=0x00000000
       60457000	      2921	800032d4	8e39	c.xor	x12,x14	 x12:0x80020404 x14:0x00000000 x12=0x80020404
       60737000	      2935	800032d6	2e06ae13	slti	x28,x13,736	 x13:0x80025ce4 x28=0x00000001
       60757000	      2936	800032da	078d	c.addi	x15,3	 x15:0x80000000 x15=0x80000003
       60837000	      2940	800032dc	00f71f63	bne	x14,x15,800032fa	 x14:0x00000000 x15:0x80000003
       61517000	      2974	800032fa	e311	c.bnez	x14,800032fe	 x14:0x00000000
       61617000	      2979	800032fc	1a1c	c.addi4spn	x15,x2,304	 x15=0x80000130
       61637000	      2980	800032fe	1e04	c.addi4spn	x9,x2,816	  x9=0x80000330
       61657000	      2981	80003300	0000100f	fence.i	
       62377000	      3017	80003304	0ff0000f	fence	iorw,iorw	
       62397000	      3018	80003308	8235	c.srli	x12,0xd	 x12:0x80020404 x12=0x00040010
       62417000	      3019	8000330a	8cb5	c.xor	x9,x13	  x9:0x80000330 x13:0x80025ce4  x9=0x00025fd4
       62817000	      3039	8000330c	8511	c.srai	x10,0x4	 x10:0x00000000 x10=0x00000000
       62837000	      3040	8000330e	029b4763	blt	x22,x9,8000333c	 x22:0x0000000c  x9:0x00025fd4
       63497000	      3073	8000333c	2b278e93	addi	x29,x15,690	 x15:0x80000130 x29=0x800003e2
       63757000	      3086	80003340	1b9c	c.addi4spn	x15,x2,496	 x15=0x800001f0
       63877000	      3092	80003342	020ef063	bgeu	x29,x0,80003362	 x29:0x800003e2  x0:0x00000000
       64477000	      3122	80003362	6489	c.lui	x9,0x2	  x9=0x00002000
       64577000	      3127	80003364	012f1b13	slli	x22,x30,0x12	 x30:0xa7c86000 x22=0x80000000
       64897000	      3143	80003368	01cdda13	srli	x20,x27,0x1c	 x27:0xfa99cd7d x20=0x0000000f
       64917000	      3144	8000336c	8db2	c.mv	x27,x12	  x0:0x00000000 x12:0x00040010 x27=0x00040010
       65337000	      3165	8000336e	00257333	and	x6,x10,x2	 x10:0x00000000  x2:0x80000000  x6=0x00000000
       65357000	      3166	80003372	8a35	c.andi	x12,13	 x12:0x00040010 x12=0x00000000
       65617000	      3179	80003374	00bc2733	slt	x14,x24,x11	 x24:0x80000000 x11:0x80021e64 x14=0x00000001
       65637000	      3180	80003378	01f458b3	srl	x17,x8,x31	  x8:0x0000000d x31:0x0000000e x17=0x00000000
       65997000	      3198	8000337c	03b03033	mulhu	x0,x0,x27	  x0:0x00000000 x27:0x00040010  x0=0x00000000
       66337000	      3215	80003380	1698	c.addi4spn	x14,x2,864	 x14=0x80000360
       66357000	      3216	80003382	44fd	c.li	x9,31	  x9=0x0000001f
       66377000	      3217	80003384	40330b33	sub	x22,x6,x3	  x6:0x00000000  x3:0x00000005 x22=0xfffffffb
       66397000	      3218	80003388	d37f6c93	ori	x25,x30,-713	 x30:0xa7c86000 x25=0xfffffd37
       66437000	      3220	8000338c	02c4bdb3	mulhu	x27,x9,x12	  x9:0x0000001f x12:0x00000000 x27=0x00000000
       66457000	      3221	80003390	005bec63	bltu	x23,x5,800033a8	 x23:0x00000000  x5:0xb9cf6f4f
       66737000	      3235	800033a8	0270e333	rem	x6,x1,x7	  x1:0xb9cf6f41  x7:0x00000000  x6=0xb9cf6f41
       67137000	      3255	800033ac	83fd	c.srli	x15,0x1f	 x15:0x800001f0 x15=0x00000001
       67157000	      3256	800033ae	008b7c63	bgeu	x22,x8,800033c6	 x22:0xfffffffb  x8:0x0000000d
       67577000	      3277	800033c6	00449113	slli	x2,x9,0x4	  x9:0x0000001f  x2=0x000001f0
       67997000	      3298	800033ca	0037fa33	and	x20,x15,x3	 x15:0x00000001  x3:0x00000005 x20=0x00000001
       68017000	      3299	800033ce	0001	c.addi	x0,0	  x0:0x00000000  x0=0x00000000
       68057000	      3301	800033d0	02212a33	mulhsu	x20,x2,x2	  x2:0x000001f0  x2:0x000001f0 x20=0x00000000
       68417000	      3319	800033d4	0358e763	bltu	x17,x21,80003402	 x17:0x00000000 x21:0x80000000
       68677000	      3332	80003402	8e61	c.and	x12,x8	 x12:0x00000000  x8:0x0000000d x12=0x00000000
       68797000	      3338	80003404	0001	c.addi	x0,0	  x0:0x00000000  x0=0x00000000
       68817000	      3339	80003406	e5da7b93	andi	x23,x20,-419	 x20:0x00000000 x23=0x00000000
       68837000	      3340	8000340a	cc15	c.beqz	x8,80003446	  x8:0x0000000d
       68877000	      3342	8000340c	0362beb3	mulhu	x29,x5,x22	  x5:0xb9cf6f4f x22:0xfffffffb x29=0xb9cf6f4b
       69257000	      3361	80003410	01129b63	bne	x5,x17,80003426	  x5:0xb9cf6f4f x17:0x00000000
       69877000	      3392	80003426	0001	c.addi	x0,0	  x0:0x00000000  x0=0x00000000
       69917000	      3394	80003428	e395	c.bnez	x15,8000344c	 x15:0x00000001
       70517000	      3424	8000344c	0001	c.addi	x0,0	  x0:0x00000000  x0=0x00000000
       70737000	      3435	8000344e	41e10e33	sub	x28,x2,x30	  x2:0x000001f0 x30:0xa7c86000 x28=0x5837a1f0
       71157000	      3456	80003452	02d3d263	bge	x7,x13,80003476	  x7:0x00000000 x13:0x80025ce4
       71917000	      3494	80003476	02dd5e63	bge	x26,x13,800034b2	 x26:0x00000000 x13:0x80025ce4
       72477000	      3522	800034b2	00601d93	slli	x27,x0,0x6	  x0:0x00000000 x27=0x00000000
       73317000	      3564	800034b6	03d87733	remu	x14,x16,x29	 x16:0x00000689 x29:0xb9cf6f4b x14=0x00000689
       73337000	      3565	800034ba	42e7c4b7	lui	x9,0x42e7c	  x9=0x42e7c000
       73357000	      3566	800034be	6355	c.lui	x6,0x15	  x6=0x00015000
       73377000	      3567	800034c0	0072de93	srli	x29,x5,0x7	  x5:0xb9cf6f4f x29=0x01739ede
       73397000	      3568	800034c4	0a33cf13	xori	x30,x7,163	  x7:0x00000000 x30=0x000000a3
       73417000	      3569	800034c8	0231	c.addi	x4,12	  x4:0x80000000  x4=0x8000000c
       73437000	      3570	800034ca	31220013	addi	x0,x4,786	  x4:0x8000000c  x0=0x00000000
       73457000	      3571	800034ce	e091	c.bnez	x9,800034d2	  x9:0x42e7c000
       74297000	      3613	800034d2	0366a333	mulhsu	x6,x13,x22	 x13:0x80025ce4 x22:0xfffffffb  x6=0x80025ce6
       74317000	      3614	800034d6	01f1af33	slt	x30,x3,x31	  x3:0x00000005 x31:0x0000000e x30=0x00000001
       74417000	      3619	800034da	0ff0000f	fence	iorw,iorw	
       74437000	      3620	800034de	8fb1	c.xor	x15,x12	 x15:0x00000001 x12:0x00000000 x15=0x00000001
       74457000	      3621	800034e0	011b5f13	srli	x30,x22,0x11	 x22:0xfffffffb x30=0x00007fff
       74737000	      3635	800034e4	8c49	c.or	x8,x10	  x8:0x0000000d x10:0x00000000  x8=0x0000000d
       74757000	      3636	800034e6	00b76e33	or	x28,x14,x11	 x14:0x00000689 x11:0x80021e64 x28=0x80021eed
       74877000	      3642	800034ea	2cd40d13	addi	x26,x8,717	  x8:0x0000000d x26=0x000002da
       75617000	      3679	800034ee	022970b3	remu	x1,x18,x2	 x18:0x00000000  x2:0x000001f0  x1=0x00000000
       75637000	      3680	800034f2	00879493	slli	x9,x15,0x8	 x15:0x00000001  x9=0x00000100
       75657000	      3681	800034f6	0ff0000f	fence	iorw,iorw	
       75677000	      3682	800034fa	57407db7	lui	x27,0x57407	 x27=0x57407000
       75697000	      3683	800034fe	01db1333	sll	x6,x22,x29	 x22:0xfffffffb x29:0x01739ede  x6=0xc0000000
       75717000	      3684	80003502	0001	c.addi	x0,0	  x0:0x00000000  x0=0x00000000
       75757000	      3686	80003504	02f83db3	mulhu	x27,x16,x15	 x16:0x00000689 x15:0x00000001 x27=0x00000000
       75897000	      3693	80003508	8391	c.srli	x15,0x4	 x15:0x00000001 x15=0x00000000
       76317000	      3714	8000350a	014c90b3	sll	x1,x25,x20	 x25:0xfffffd37 x20:0x00000000  x1=0xfffffd37
       76737000	      3735	8000350e	00c85663	bge	x16,x12,8000351a	 x16:0x00000689 x12:0x00000000
       77597000	      3778	8000351a	0122f2b3	and	x5,x5,x18	  x5:0xb9cf6f4f x18:0x00000000  x5=0x00000000
       78337000	      3815	8000351e	03a35833	divu	x16,x6,x26	  x6:0xc0000000 x26:0x000002da x16=0x004354dd
       78357000	      3816	80003522	00f33933	sltu	x18,x6,x15	  x6:0xc0000000 x15:0x00000000 x18=0x00000000
       78377000	      3817	80003526	023a7f63	bgeu	x20,x3,80003564	 x20:0x00000000  x3:0x00000005
       78397000	      3818	8000352a	0000100f	fence.i	
       78577000	      3827	8000352e	1451c293	xori	x5,x3,325	  x3:0x00000005  x5=0x00000140
       78597000	      3828	80003532	827d	c.srli	x12,0x1f	 x12:0x00000000 x12=0x00000000
       78697000	      3833	80003534	3a200437	lui	x8,0x3a200	  x8=0x3a200000
       79117000	      3854	80003538	87d5	c.srai	x15,0x15	 x15:0x00000000 x15=0x00000000
       79137000	      3855	8000353a	03ffdd63	bge	x31,x31,80003574	 x31:0x0000000e x31:0x0000000e
       83577000	      4077	80003574	03abe233	rem	x4,x23,x26	 x23:0x00000000 x26:0x000002da  x4=0x00000000
       83597000	      4078	80003578	0000100f	fence.i	
       83677000	      4082	8000357c	01c63833	sltu	x16,x12,x28	 x12:0x00000000 x28:0x80021eed x16=0x00000001
       83797000	      4088	80003580	49cd	c.li	x19,19	 x19=0x00000013
       83817000	      4089	80003582	00932633	slt	x12,x6,x9	  x6:0xc0000000  x9:0x00000100 x12=0x00000001
       83837000	      4090	80003586	8275	c.srli	x12,0x1d	 x12:0x00000001 x12=0x00000000
       83857000	      4091	80003588	5f0b7213	andi	x4,x22,1520	 x22:0xfffffffb  x4=0x000005f0
       83877000	      4092	8000358c	00a0ef63	bltu	x1,x10,800035aa	  x1:0xfffffd37 x10:0x00000000
       84037000	      4100	80003590	0f3d	c.addi	x30,15	 x30:0x00007fff x30=0x0000800e
       84057000	      4101	80003592	40075b33	sra	x22,x14,x0	 x14:0x00000689  x0:0x00000000 x22=0x00000689
       84097000	      4103	80003596	013da233	slt	x4,x27,x19	 x27:0x00000000 x19:0x00000013  x4=0x00000001
       84137000	      4105	8000359a	033a8463	beq	x21,x19,800035c2	 x21:0x80000000 x19:0x00000013
       84157000	      4106	8000359e	e815	c.bnez	x8,800035d2	  x8:0x3a200000
       84737000	      4135	800035d2	00e59ab3	sll	x21,x11,x14	 x11:0x80021e64 x14:0x00000689 x21=0x043cc800
       85877000	      4192	800035d6	03597cb3	remu	x25,x18,x21	 x18:0x00000000 x21:0x043cc800 x25=0x00000000
       86617000	      4229	800035da	02ea60b3	rem	x1,x20,x14	 x20:0x00000000 x14:0x00000689  x1=0x00000000
       86637000	      4230	800035de	8c4d	c.or	x8,x11	  x8:0x3a200000 x11:0x80021e64  x8=0xba221e64
       86657000	      4231	800035e0	cce23e13	sltiu	x28,x4,-818	  x4:0x00000001 x28=0x00000001
       86677000	      4232	800035e4	1ba9e9b7	lui	x19,0x1ba9e	 x19=0x1ba9e000
       86697000	      4233	800035e8	9ce2	c.add	x25,x24	 x25:0x00000000 x24:0x80000000 x25=0x80000000
       86717000	      4234	800035ea	187d	c.addi	x16,-1	 x16:0x00000001 x16=0x00000000
       86737000	      4235	800035ec	47290e93	addi	x29,x18,1138	 x18:0x00000000 x29=0x00000472
       86757000	      4236	800035f0	87b5	c.srai	x15,0xd	 x15:0x00000000 x15=0x00000000
       86797000	      4238	800035f2	0395a9b3	mulhsu	x19,x11,x25	 x11:0x80021e64 x25:0x80000000 x19=0xc0010f32
       86917000	      4244	800035f6	f4016c93	ori	x25,x2,-192	  x2:0x000001f0 x25=0xfffffff0
       86937000	      4245	800035fa	0001	c.addi	x0,0	  x0:0x00000000  x0=0x00000000
       87137000	      4255	800035fc	f4e47493	andi	x9,x8,-178	  x8:0xba221e64  x9=0xba221e44
       87157000	      4256	80003600	e419	c.bnez	x8,8000360e	  x8:0xba221e64
       87837000	      4290	8000360e	0108ef63	bltu	x17,x16,8000362c	 x17:0x00000000 x16:0x00000000
       87857000	      4291	80003612	023d5c63	bge	x26,x3,8000364a	 x26:0x000002da  x3:0x00000005
       89257000	      4361	8000364a	03a8f833	remu	x16,x17,x26	 x17:0x00000000 x26:0x000002da x16=0x00000000
       89277000	      4362	8000364e	00e097b3	sll	x15,x1,x14	  x1:0x00000000 x14:0x00000689 x15=0x00000000
       89297000	      4363	80003652	4898ce17	auipc	x28,0x4898c	 x28=0xc898f652
       89317000	      4364	80003656	0116e133	or	x2,x13,x17	 x13:0x80025ce4 x17:0x00000000  x2=0x80025ce4
       89337000	      4365	8000365a	c5a23293	sltiu	x5,x4,-934	  x4:0x00000001  x5=0x00000001
       89357000	      4366	8000365e	98fd	c.andi	x9,-1	  x9:0xba221e44  x9=0xba221e44
       89377000	      4367	80003660	974ac913	xori	x18,x21,-1676	 x21:0x043cc800 x18=0xfbc33174
       89397000	      4368	80003664	6b71	c.lui	x22,0x1c	 x22=0x0001c000
       89417000	      4369	80003666	e919	c.bnez	x10,8000367c	 x10:0x00000000
       89557000	      4376	80003668	635d	c.lui	x6,0x17	  x6=0x00017000
       89757000	      4386	8000366a	03ef0d33	mul	x26,x30,x30	 x30:0x0000800e x30:0x0000800e x26=0x400e00c4
       89777000	      4387	8000366e	8d39	c.xor	x10,x14	 x10:0x00000000 x14:0x00000689 x10=0x00000689
       89817000	      4389	80003670	027ec333	div	x6,x29,x7	 x29:0x00000472  x7:0x00000000  x6=0xffffffff
       89837000	      4390	80003674	0ff0000f	fence	iorw,iorw	
       90157000	      4406	80003678	7d1c8413	addi	x8,x25,2001	 x25:0xfffffff0  x8=0x000007c1
       90177000	      4407	8000367c	04ea4163	blt	x20,x14,800036be	 x20:0x00000000 x14:0x00000689
       91677000	      4482	800036be	006e4533	xor	x10,x28,x6	 x28:0xc898f652  x6:0xffffffff x10=0x376709ad
       91697000	      4483	800036c2	1f98	c.addi4spn	x14,x2,1008	 x14=0x800260d4
       91717000	      4484	800036c4	44cf0e93	addi	x29,x30,1100	 x30:0x0000800e x29=0x0000845a
       91737000	      4485	800036c8	038df893	andi	x17,x27,56	 x27:0x00000000 x17=0x00000000
       91757000	      4486	800036cc	01458833	add	x16,x11,x20	 x11:0x80021e64 x20:0x00000000 x16=0x80021e64
       91877000	      4492	800036d0	8c65	c.and	x8,x9	  x8:0x000007c1  x9:0xba221e44  x8=0x00000640
       91897000	      4493	800036d2	0244c863	blt	x9,x4,80003702	  x9:0xba221e44  x4:0x00000001
       92337000	      4515	80003702	8221	c.srli	x12,0x8	 x12:0x00000000 x12=0x00000000
       92357000	      4516	80003704	0e42	c.slli	x28,0x10	 x28:0xc898f652 x28=0xf6520000
       92377000	      4517	80003706	641d	c.lui	x8,0x7	  x8=0x00007000
       92457000	      4521	80003708	8e05	c.sub	x12,x9	 x12:0x00000000  x9:0xba221e44 x12=0x45dde1bc
       92477000	      4522	8000370a	0001	c.addi	x0,0	  x0:0x00000000  x0=0x00000000
       92637000	      4530	8000370c	03cb3e33	mulhu	x28,x22,x28	 x22:0x0001c000 x28:0xf6520000 x28=0x0001af0f
       92657000	      4531	80003710	0409d063	bge	x19,x0,80003750	 x19:0xc0010f32  x0:0x00000000
       92677000	      4532	80003714	03c40833	mul	x16,x8,x28	  x8:0x00007000 x28:0x0001af0f x16=0xbc969000
       92697000	      4533	80003718	402f5293	srai	x5,x30,0x2	 x30:0x0000800e  x5=0x00002003
       92717000	      4534	8000371c	0001	c.addi	x0,0	  x0:0x00000000  x0=0x00000000
       93017000	      4549	8000371e	40ac5833	sra	x16,x24,x10	 x24:0x80000000 x10:0x376709ad x16=0xfffc0000
       93037000	      4550	80003722	717d	c.addi16sp	x2,-16	  x2:0x80025ce4  x2=0x80025cd4
       93077000	      4552	80003724	020e7733	remu	x14,x28,x0	 x28:0x0001af0f  x0:0x00000000 x14=0x0001af0f
       93097000	      4553	80003728	009f9013	slli	x0,x31,0x9	 x31:0x0000000e  x0=0x00000000
       93237000	      4560	8000372c	00965c63	bge	x12,x9,80003744	 x12:0x45dde1bc  x9:0xba221e44
       93937000	      4595	80003744	01b5cfb3	xor	x31,x11,x27	 x11:0x80021e64 x27:0x00000000 x31=0x80021e64
       94197000	      4608	80003748	01684333	xor	x6,x16,x22	 x16:0xfffc0000 x22:0x0001c000  x6=0xfffdc000
       94217000	      4609	8000374c	034ef363	bgeu	x29,x20,80003772	 x29:0x0000845a x20:0x00000000
       95297000	      4663	80003772	dc656d37	lui	x26,0xdc656	 x26=0xdc656000
       95317000	      4664	80003776	8579	c.srai	x10,0x1e	 x10:0x376709ad x10=0x00000000
       95337000	      4665	80003778	018f6f33	or	x30,x30,x24	 x30:0x0000800e x24:0x80000000 x30=0x8000800e
       95517000	      4674	8000377c	00095f13	srli	x30,x18,0x0	 x18:0xfbc33174 x30=0xfbc33174
       95537000	      4675	80003780	cb11	c.beqz	x14,80003794	 x14:0x0001af0f
       95557000	      4676	80003782	0035d463	bge	x11,x3,8000378a	 x11:0x80021e64  x3:0x00000005
       95957000	      4696	80003786	00976a33	or	x20,x14,x9	 x14:0x0001af0f  x9:0xba221e44 x20=0xba23bf4f
       95977000	      4697	8000378a	00ec6cb3	or	x25,x24,x14	 x24:0x80000000 x14:0x0001af0f x25=0x8001af0f
       95997000	      4698	8000378e	0001	c.addi	x0,0	  x0:0x00000000  x0=0x00000000
       96077000	      4702	80003790	01a9efb3	or	x31,x19,x26	 x19:0xc0010f32 x26:0xdc656000 x31=0xdc656f32
       96097000	      4703	80003794	822d	c.srli	x12,0xb	 x12:0x45dde1bc x12=0x0008bbbc
       96197000	      4708	80003796	06f8cc13	xori	x24,x17,111	 x17:0x00000000 x24=0x0000006f
       96617000	      4729	8000379a	01258463	beq	x11,x18,800037a2	 x11:0x80021e64 x18:0xfbc33174
       96717000	      4734	8000379e	8e154d93	xori	x27,x10,-1823	 x10:0x00000000 x27=0xfffff8e1
       96737000	      4735	800037a2	88c9	c.andi	x9,18	  x9:0xba221e44  x9=0x00000000
       96757000	      4736	800037a4	0000100f	fence.i	
       97617000	      4779	800037a8	6111	c.addi16sp	x2,256	  x2:0x80025cd4  x2=0x80025dd4
       97637000	      4780	800037aa	8f8d	c.sub	x15,x11	 x15:0x00000000 x11:0x80021e64 x15=0x7ffde19c
       97657000	      4781	800037ac	0000100f	fence.i	
       97977000	      4797	800037b0	01ca7b63	bgeu	x20,x28,800037c6	 x20:0xba23bf4f x28:0x0001af0f
       98777000	      4837	800037c6	8225	c.srli	x12,0x9	 x12:0x0008bbbc x12=0x0000045d
       98797000	      4838	800037c8	98fd	c.andi	x9,-1	  x9:0x00000000  x9=0x00000000
       98957000	      4846	800037ca	022acf63	blt	x21,x2,80003808	 x21:0x043cc800  x2:0x80025dd4
       98977000	      4847	800037ce	6d25	c.lui	x26,0x9	 x26=0x00009000
       99857000	      4891	800037d0	02fbf833	remu	x16,x23,x15	 x23:0x00000000 x15:0x7ffde19c x16=0x00000000
       99877000	      4892	800037d4	00201bb3	sll	x23,x0,x2	  x0:0x00000000  x2:0x80025dd4 x23=0x00000000
      100617000	      4929	800037d8	032bdab3	divu	x21,x23,x18	 x23:0x00000000 x18:0xfbc33174 x21=0x00000000
      101357000	      4966	800037dc	022ff033	remu	x0,x31,x2	 x31:0xdc656f32  x2:0x80025dd4  x0=0x00000000
      101377000	      4967	800037e0	01e8b7b3	sltu	x15,x17,x30	 x17:0x00000000 x30:0xfbc33174 x15=0x00000001
      101397000	      4968	800037e4	00a6	c.slli	x1,0x9	  x1:0x00000000  x1=0x00000000
      101417000	      4969	800037e6	0001	c.addi	x0,0	  x0:0x00000000  x0=0x00000000
      101437000	      4970	800037e8	05e51163	bne	x10,x30,8000382a	 x10:0x00000000 x30:0xfbc33174
      101537000	      4975	8000382a	02ece863	bltu	x25,x14,8000385a	 x25:0x8001af0f x14:0x0001af0f
      101557000	      4976	8000382e	e005	c.bnez	x8,8000384e	  x8:0x00007000
      102577000	      5027	8000384e	0349e7b3	rem	x15,x19,x20	 x19:0xc0010f32 x20:0xba23bf4f x15=0xc0010f32
      102597000	      5028	80003852	1c4d2a13	slti	x20,x26,452	 x26:0x00009000 x20=0x00000000
      102617000	      5029	80003856	8d41	c.or	x10,x8	 x10:0x00000000  x8:0x00007000 x10=0x00007000
      102637000	      5030	80003858	9b7e	c.add	x22,x31	 x22:0x0001c000 x31:0xdc656f32 x22=0xdc672f32
      102657000	      5031	8000385a	005deab3	or	x21,x27,x5	 x27:0xfffff8e1  x5:0x00002003 x21=0xfffff8e3
      102677000	      5032	8000385e	01d59833	sll	x16,x11,x29	 x11:0x80021e64 x29:0x0000845a x16=0x90000000
      103637000	      5080	80003862	0229e533	rem	x10,x19,x2	 x19:0xc0010f32  x2:0x80025dd4 x10=0xc0010f32
      103657000	      5081	80003866	01cd5a63	bge	x26,x28,8000387a	 x26:0x00009000 x28:0x0001af0f
      103677000	      5082	8000386a	02a4da63	bge	x9,x10,8000389e	  x9:0x00000000 x10:0xc0010f32
      104077000	      5102	8000389e	8862	c.mv	x16,x24	  x0:0x00000000 x24:0x0000006f x16=0x0000006f
      104137000	      5105	800038a0	717d	c.addi16sp	x2,-16	  x2:0x80025dd4  x2=0x80025dc4
      104217000	      5109	800038a2	40685b33	sra	x22,x16,x6	 x16:0x0000006f  x6:0xfffdc000 x22=0x0000006f
      104437000	      5120	800038a6	019a2b33	slt	x22,x20,x25	 x20:0x00000000 x25:0x8001af0f x22=0x00000000
      104457000	      5121	800038aa	0001	c.addi	x0,0	  x0:0x00000000  x0=0x00000000
      104497000	      5123	800038ac	03bf1233	mulh	x4,x30,x27	 x30:0xfbc33174 x27:0xfffff8e1  x4=0x0000001e
      104637000	      5130	800038b0	8fa5	c.xor	x15,x9	 x15:0xc0010f32  x9:0x00000000 x15=0xc0010f32
      104657000	      5131	800038b2	4c29	c.li	x24,10	 x24=0x0000000a
      104757000	      5136	800038b4	0001	c.addi	x0,0	  x0:0x00000000  x0=0x00000000
      104777000	      5137	800038b6	014b5533	srl	x10,x22,x20	 x22:0x00000000 x20:0x00000000 x10=0x00000000
      104797000	      5138	800038ba	895a	c.mv	x18,x22	  x0:0x00000000 x22:0x00000000 x18=0x00000000
      104817000	      5139	800038bc	8a1a6793	ori	x15,x20,-1887	 x20:0x00000000 x15=0xfffff8a1
      104837000	      5140	800038c0	cc15	c.beqz	x8,800038fc	  x8:0x00007000
      104917000	      5144	800038c2	41955a33	sra	x20,x10,x25	 x10:0x00000000 x25:0x8001af0f x20=0x00000000
      104937000	      5145	800038c6	8531	c.srai	x10,0xc	 x10:0x00000000 x10=0x00000000
      105337000	      5165	800038c8	0ff0000f	fence	iorw,iorw	
      105397000	      5168	800038cc	40c8dc93	srai	x25,x17,0xc	 x17:0x00000000 x25=0x00000000
      105437000	      5170	800038d0	c728ef13	ori	x30,x17,-910	 x17:0x00000000 x30=0xfffffc72
      105457000	      5171	800038d4	562e3513	sltiu	x10,x28,1378	 x28:0x0001af0f x10=0x00000000
      105477000	      5172	800038d8	42e5	c.li	x5,25	  x5=0x00000019
      105537000	      5175	800038da	01449313	slli	x6,x9,0x14	  x9:0x00000000  x6=0x00000000
      105557000	      5176	800038de	0cf2	c.slli	x25,0x1c	 x25:0x00000000 x25=0x00000000
      105757000	      5186	800038e0	039d38b3	mulhu	x17,x26,x25	 x26:0x00009000 x25:0x00000000 x17=0x00000000
      105777000	      5187	800038e4	0001	c.addi	x0,0	  x0:0x00000000  x0=0x00000000
      105797000	      5188	800038e6	006c8533	add	x10,x25,x6	 x25:0x00000000  x6:0x00000000 x10=0x00000000
      105837000	      5190	800038ea	02ddaa33	mulhsu	x20,x27,x13	 x27:0xfffff8e1 x13:0x80025ce4 x20=0xfffffc70
      105857000	      5191	800038ee	0332	c.slli	x6,0xc	  x6:0x00000000  x6=0x00000000
      105877000	      5192	800038f0	0000100f	fence.i	
      106117000	      5204	800038f4	04c99063	bne	x19,x12,80003934	 x19:0xc0010f32 x12:0x0000045d
      106737000	      5235	80003934	01eef213	andi	x4,x29,30	 x29:0x0000845a  x4=0x0000001a
      106757000	      5236	80003938	0bd9	c.addi	x23,22	 x23:0x00000000 x23=0x00000016
      106777000	      5237	8000393a	c311	c.beqz	x14,8000393e	 x14:0x0001af0f
      106997000	      5248	8000393c	4aed	c.li	x21,27	 x21=0x0000001b
      107017000	      5249	8000393e	2be12993	slti	x19,x2,702	  x2:0x80025dc4 x19=0x00000001
      107077000	      5252	80003942	003779b3	and	x19,x14,x3	 x14:0x0001af0f  x3:0x00000005 x19=0x00000005
      107097000	      5253	80003946	007b4ab3	xor	x21,x22,x7	 x22:0x00000000  x7:0x00000000 x21=0x00000000
      107837000	      5290	8000394a	03dbe9b3	rem	x19,x23,x29	 x23:0x00000016 x29:0x0000845a x19=0x00000016
      107857000	      5291	8000394e	0ff0000f	fence	iorw,iorw	
      107877000	      5292	80003952	038c4b63	blt	x24,x24,80003988	 x24:0x0000000a x24:0x0000000a
      107897000	      5293	80003956	0ff0000f	fence	iorw,iorw	
      107917000	      5294	8000395a	40c559b3	sra	x19,x10,x12	 x10:0x00000000 x12:0x0000045d x19=0x00000000
      108837000	      5340	8000395e	03dbc133	div	x2,x23,x29	 x23:0x00000016 x29:0x0000845a  x2=0x00000000
      108857000	      5341	80003962	01115c63	bge	x2,x17,8000397a	  x2:0x00000000 x17:0x00000000
      109957000	      5396	8000397a	00efd793	srli	x15,x31,0xe	 x31:0xdc656f32 x15=0x00037195
      109977000	      5397	8000397e	6de5	c.lui	x27,0x19	 x27=0x00019000
      109997000	      5398	80003980	8091	c.srli	x9,0x4	  x9:0x00000000  x9=0x00000000
      110017000	      5399	80003982	987d	c.andi	x8,-1	  x8:0x00007000  x8=0x00007000
      110037000	      5400	80003984	ee633537	lui	x10,0xee633	 x10=0xee633000
      110377000	      5417	80003988	8225	c.srli	x12,0x9	 x12:0x0000045d x12=0x00000002
      110397000	      5418	8000398a	8f61	c.and	x14,x8	 x14:0x0001af0f  x8:0x00007000 x14=0x00002000
      110437000	      5420	8000398c	029ce4b3	rem	x9,x25,x9	 x25:0x00000000  x9:0x00000000  x9=0x00000000
      110457000	      5421	80003990	717d	c.addi16sp	x2,-16	  x2:0x00000000  x2=0xfffffff0
      110577000	      5427	80003992	01759893	slli	x17,x11,0x17	 x11:0x80021e64 x17=0x32000000
      110597000	      5428	80003996	0000100f	fence.i	
      111117000	      5454	8000399a	02563233	mulhu	x4,x12,x5	 x12:0x00000002  x5:0x00000019  x4=0x00000000
      111217000	      5459	8000399e	028cbb33	mulhu	x22,x25,x8	 x25:0x00000000  x8:0x00007000 x22=0x00000000
      111237000	      5460	800039a2	0ff0000f	fence	iorw,iorw	
      111257000	      5461	800039a6	8f55	c.or	x14,x13	 x14:0x00002000 x13:0x80025ce4 x14=0x80027ce4
      111277000	      5462	800039a8	5bbf3f93	sltiu	x31,x30,1467	 x30:0xfffffc72 x31=0x00000000
      111317000	      5464	800039ac	0282af33	mulhsu	x30,x5,x8	  x5:0x00000019  x8:0x00007000 x30=0x00000000
      111417000	      5469	800039b0	e905	c.bnez	x10,800039e0	 x10:0xee633000
      112037000	      5500	800039e0	c239	c.beqz	x12,80003a26	 x12:0x00000002
      112057000	      5501	800039e2	0001	c.addi	x0,0	  x0:0x00000000  x0=0x00000000
      112457000	      5521	800039e4	d89a9617	auipc	x12,0xd89a9	 x12=0x589ac9e4
      112817000	      5539	800039e8	40e78b33	sub	x22,x15,x14	 x15:0x00037195 x14:0x80027ce4 x22=0x8000f4b1
      112837000	      5540	800039ec	40375093	srai	x1,x14,0x3	 x14:0x80027ce4  x1=0xf0004f9c
      113257000	      5561	800039f0	0276ccb3	div	x25,x13,x7	 x13:0x80025ce4  x7:0x00000000 x25=0xffffffff
      113657000	      5581	800039f4	717d	c.addi16sp	x2,-16	  x2:0xfffffff0  x2=0xffffffe0
      113677000	      5582	800039f6	134e3c93	sltiu	x25,x28,308	 x28:0x0001af0f x25=0x00000000
      113697000	      5583	800039fa	8ba1	c.andi	x15,8	 x15:0x00037195 x15=0x00000000
      113857000	      5591	800039fc	007cb833	sltu	x16,x25,x7	 x25:0x00000000  x7:0x00000000 x16=0x00000000
      113877000	      5592	80003a00	0000100f	fence.i	
      114717000	      5634	80003a04	001f8d63	beq	x31,x1,80003a1e	 x31:0x00000000  x1:0xf0004f9c
      114737000	      5635	80003a08	01439d13	slli	x26,x7,0x14	  x7:0x00000000 x26=0x00000000
      115017000	      5649	80003a0c	04ccc063	blt	x25,x12,80003a4c	 x25:0x00000000 x12:0x589ac9e4
      115237000	      5660	80003a4c	00886ab3	or	x21,x16,x8	 x16:0x00000000  x8:0x00007000 x21=0x00007000
      115257000	      5661	80003a50	40965b13	srai	x22,x12,0x9	 x12:0x589ac9e4 x22=0x002c4d64
      115437000	      5670	80003a54	c609	c.beqz	x12,80003a5e	 x12:0x589ac9e4
      115457000	      5671	80003a56	5e7d	c.li	x28,-1	 x28=0xffffffff
      115537000	      5675	80003a58	0001	c.addi	x0,0	  x0:0x00000000  x0=0x00000000
      115557000	      5676	80003a5a	0ff0000f	fence	iorw,iorw	
      115577000	      5677	80003a5e	01df9cb3	sll	x25,x31,x29	 x31:0x00000000 x29:0x0000845a x25=0x00000000
      115617000	      5679	80003a62	0202f633	remu	x12,x5,x0	  x5:0x00000019  x0:0x00000000 x12=0x00000019
      116017000	      5699	80003a66	0084cdb3	xor	x27,x9,x8	  x9:0x00000000  x8:0x00007000 x27=0x00007000
      116037000	      5700	80003a6a	0b52	c.slli	x22,0x14	 x22:0x002c4d64 x22=0xd6400000
      116297000	      5713	80003a6c	8e86	c.mv	x29,x1	  x0:0x00000000  x1:0xf0004f9c x29=0xf0004f9c
      116317000	      5714	80003a6e	400d0933	sub	x18,x26,x0	 x26:0x00000000  x0:0x00000000 x18=0x00000000
      116397000	      5718	80003a72	00fa1293	slli	x5,x20,0xf	 x20:0xfffffc70  x5=0xfe380000
      116417000	      5719	80003a76	0900	c.addi4spn	x8,x2,144	  x8=0x00000070
      116437000	      5720	80003a78	da5a4193	xori	x3,x20,-603	 x20:0xfffffc70  x3=0x000001d5
      116617000	      5729	80003a7c	1980	c.addi4spn	x8,x2,240	  x8=0x000000d0
      116637000	      5730	80003a7e	052e4063	blt	x28,x18,80003abe	 x28:0xffffffff x18:0x00000000
      117317000	      5764	80003abe	01b75963	bge	x14,x27,80003ad0	 x14:0x80027ce4 x27:0x00007000
      117397000	      5768	80003ac2	00f3e1b3	or	x3,x7,x15	  x7:0x00000000 x15:0x00000000  x3=0x00000000
      117417000	      5769	80003ac6	00c8cf33	xor	x30,x17,x12	 x17:0x32000000 x12:0x00000019 x30=0x32000019
      117437000	      5770	80003aca	517d	c.li	x2,-1	  x2=0xffffffff
      117457000	      5771	80003acc	8706	c.mv	x14,x1	  x0:0x00000000  x1:0xf0004f9c x14=0xf0004f9c
      117477000	      5772	80003ace	8d41	c.or	x10,x8	 x10:0xee633000  x8:0x000000d0 x10=0xee6330d0
      117497000	      5773	80003ad0	8fdd	c.or	x15,x15	 x15:0x00000000 x15:0x00000000 x15=0x00000000
      117537000	      5775	80003ad2	033e5cb3	divu	x25,x28,x19	 x28:0xffffffff x19:0x00000000 x25=0xffffffff
      117557000	      5776	80003ad6	8f95	c.sub	x15,x13	 x15:0x00000000 x13:0x80025ce4 x15=0x7ffda31c
      117577000	      5777	80003ad8	c8b1	c.beqz	x9,80003b2c	  x9:0x00000000
      118417000	      5819	80003b2c	cb9fe893	ori	x17,x31,-839	 x31:0x00000000 x17=0xfffffcb9
      118817000	      5839	80003b30	03ed5763	bge	x26,x30,80003b5e	 x26:0x00000000 x30:0x32000019
      118937000	      5845	80003b34	408fd113	srai	x2,x31,0x8	 x31:0x00000000  x2=0x00000000
      119357000	      5866	80003b38	016ff993	andi	x19,x31,22	 x31:0x00000000 x19=0x00000000
      119377000	      5867	80003b3c	0ff0000f	fence	iorw,iorw	
      119577000	      5877	80003b40	0000100f	fence.i	
      120257000	      5911	80003b44	5c7d	c.li	x24,-1	 x24=0xffffffff
      120997000	      5948	80003b46	02b4c033	div	x0,x9,x11	  x9:0x00000000 x11:0x80021e64  x0=0x00000000
      130837000	      6440	80003b4a	79f53997	auipc	x19,0x79f53	 x19=0xf9f56b4a
      130857000	      6441	80003b4e	487c8793	addi	x15,x25,1159	 x25:0xffffffff x15=0x00000486
      130877000	      6442	80003b52	9d42	c.add	x26,x16	 x26:0x00000000 x16:0x00000000 x26=0x00000000
      130897000	      6443	80003b54	8fc5	c.or	x15,x9	 x15:0x00000486  x9:0x00000000 x15=0x00000486
      130937000	      6445	80003b56	02244033	div	x0,x8,x2	  x8:0x000000d0  x2:0x00000000  x0=0x00000000
      130957000	      6446	80003b5a	02f6	c.slli	x5,0x1d	  x5:0xfe380000  x5=0x00000000
      130977000	      6447	80003b5c	946e	c.add	x8,x27	  x8:0x000000d0 x27:0x00007000  x8=0x000070d0
      130997000	      6448	80003b5e	0194d193	srli	x3,x9,0x19	  x9:0x00000000  x3=0x00000000
      131797000	      6488	80003b62	035d68b3	rem	x17,x26,x21	 x26:0x00000000 x21:0x00007000 x17=0x00000000
      131817000	      6489	80003b66	01a6b733	sltu	x14,x13,x26	 x13:0x80025ce4 x26:0x00000000 x14=0x00000000
      131837000	      6490	80003b6a	011e5933	srl	x18,x28,x17	 x28:0xffffffff x17:0x00000000 x18=0xffffffff
      131857000	      6491	80003b6e	8a96ae93	slti	x29,x13,-1879	 x13:0x80025ce4 x29=0x00000001
      131877000	      6492	80003b72	83a9	c.srli	x15,0xa	 x15:0x00000486 x15=0x00000001
      131897000	      6493	80003b74	1bb32cb7	lui	x25,0x1bb32	 x25=0x1bb32000
      131917000	      6494	80003b78	717d	c.addi16sp	x2,-16	  x2:0x00000000  x2=0xfffffff0
      131937000	      6495	80003b7a	00700c63	beq	x0,x7,80003b92	  x0:0x00000000  x7:0x00000000
      132857000	      6541	80003b92	8b41	c.andi	x14,16	 x14:0x00000000 x14=0x00000000
      132877000	      6542	80003b94	67ed0793	addi	x15,x26,1662	 x26:0x00000000 x15=0x0000067e
      132897000	      6543	80003b98	01529bb3	sll	x23,x5,x21	  x5:0x00000000 x21:0x00007000 x23=0x00000000
      132917000	      6544	80003b9c	e0a9	c.bnez	x9,80003bde	  x9:0x00000000
      134057000	      6601	80003b9e	022847b3	div	x15,x16,x2	 x16:0x00000000  x2:0xfffffff0 x15=0x00000000
      134097000	      6603	80003ba2	03afd2b3	divu	x5,x31,x26	 x31:0x00000000 x26:0x00000000  x5=0xffffffff
      134117000	      6604	80003ba6	471941b7	lui	x3,0x47194	  x3=0x47194000
      134197000	      6608	80003baa	031ef663	bgeu	x29,x17,80003bd6	 x29:0x00000001 x17:0x00000000
      135277000	      6662	80003bd6	023ccf33	div	x30,x25,x3	 x25:0x1bb32000  x3:0x47194000 x30=0x00000000
      135297000	      6663	80003bda	03334563	blt	x6,x19,80003c04	  x6:0x00000000 x19:0xf9f56b4a
      135317000	      6664	80003bde	012b5f93	srli	x31,x22,0x12	 x22:0xd6400000 x31=0x00003590
      135337000	      6665	80003be2	6d91	c.lui	x27,0x4	 x27=0x00004000
      135357000	      6666	80003be4	6db56493	ori	x9,x10,1755	 x10:0xee6330d0  x9=0xee6336db
      135377000	      6667	80003be8	a699f717	auipc	x14,0xa699f	 x14=0x269a2be8
      135757000	      6686	80003bec	8e21	c.xor	x12,x8	 x12:0x00000019  x8:0x000070d0 x12=0x000070c9
      135777000	      6687	80003bee	025dcd63	blt	x27,x5,80003c28	 x27:0x00004000  x5:0xffffffff
      135877000	      6692	80003bf2	40765f13	srai	x30,x12,0x7	 x12:0x000070c9 x30=0x000000e1
      135897000	      6693	80003bf6	eb27b9b7	lui	x19,0xeb27b	 x19=0xeb27b000
      135957000	      6696	80003bfa	80652893	slti	x17,x10,-2042	 x10:0xee6330d0 x17=0x00000001
      135977000	      6697	80003bfe	8c51	c.or	x8,x12	  x8:0x000070d0 x12:0x000070c9  x8=0x000070d9
      136237000	      6710	80003c00	267da513	slti	x10,x27,615	 x27:0x00004000 x10=0x00000000
      136257000	      6711	80003c04	005c38b3	sltu	x17,x24,x5	 x24:0xffffffff  x5:0xffffffff x17=0x00000000
      136277000	      6712	80003c08	0001	c.addi	x0,0	  x0:0x00000000  x0=0x00000000
      136297000	      6713	80003c0a	0147a093	slti	x1,x15,20	 x15:0x00000000  x1=0x00000001
      136317000	      6714	80003c0e	8a19	c.andi	x12,6	 x12:0x000070c9 x12=0x00000000
      136397000	      6718	80003c10	87fa	c.mv	x15,x30	  x0:0x00000000 x30:0x000000e1 x15=0x000000e1
      137177000	      6757	80003c12	0291ef33	rem	x30,x3,x9	  x3:0x47194000  x9:0xee6336db x30=0x00a61b6c
      137197000	      6758	80003c16	c23a0517	auipc	x10,0xc23a0	 x10=0x423a3c16
      137217000	      6759	80003c1a	50fd	c.li	x1,-1	  x1=0xffffffff
      137237000	      6760	80003c1c	8c41	c.or	x8,x8	  x8:0x000070d9  x8:0x000070d9  x8=0x000070d9
      137977000	      6797	80003c1e	028f5c33	divu	x24,x30,x8	 x30:0x00a61b6c  x8:0x000070d9 x24=0x00000178
      137997000	      6798	80003c22	02a28733	mul	x14,x5,x10	  x5:0xffffffff x10:0x423a3c16 x14=0xbdc5c3ea
      138017000	      6799	80003c26	8ff9	c.and	x15,x14	 x15:0x000000e1 x14:0xbdc5c3ea x15=0x000000e0
      138037000	      6800	80003c28	0ff0000f	fence	iorw,iorw	
      138057000	      6801	80003c2c	03c45d63	bge	x8,x28,80003c66	  x8:0x000070d9 x28:0xffffffff
      138957000	      6846	80003c66	8d75	c.and	x10,x13	 x10:0x423a3c16 x13:0x80025ce4 x10=0x00021c04
      139437000	      6870	80003c68	8cf1	c.and	x9,x12	  x9:0xee6336db x12:0x00000000  x9=0x00000000
      139457000	      6871	80003c6a	039c	c.addi4spn	x15,x2,448	 x15=0x000001b0
      139477000	      6872	80003c6c	0001	c.addi	x0,0	  x0:0x00000000  x0=0x00000000
      139497000	      6873	80003c6e	91b2	c.add	x3,x12	  x3:0x47194000 x12:0x00000000  x3=0x47194000
      139517000	      6874	80003c70	02c58bb3	mul	x23,x11,x12	 x11:0x80021e64 x12:0x00000000 x23=0x00000000
      139917000	      6894	80003c74	8f49	c.or	x14,x10	 x14:0xbdc5c3ea x10:0x00021c04 x14=0xbdc7dfee
      139937000	      6895	80003c76	b6c8cd13	xori	x26,x17,-1172	 x17:0x00000000 x26=0xfffffb6c
      139977000	      6897	80003c7a	024869b3	rem	x19,x16,x4	 x16:0x00000000  x4:0x00000000 x19=0x00000000
      139997000	      6898	80003c7e	ef91	c.bnez	x15,80003c9a	 x15:0x000001b0
      140417000	      6919	80003c9a	02dec263	blt	x29,x13,80003cbe	 x29:0x00000001 x13:0x80025ce4
      140437000	      6920	80003c9e	41ef5c13	srai	x24,x30,0x1e	 x30:0x00a61b6c x24=0x00000000
      140497000	      6923	80003ca2	02c6dfb3	divu	x31,x13,x12	 x13:0x80025ce4 x12:0x00000000 x31=0xffffffff
      140517000	      6924	80003ca6	e489	c.bnez	x9,80003cb0	  x9:0x00000000
      140617000	      6929	80003ca8	84dd	c.srai	x9,0x17	  x9:0x00000000  x9=0x00000000
      140757000	      6936	80003caa	0000100f	fence.i	
      141457000	      6971	80003cae	517d	c.li	x2,-1	  x2=0xffffffff
      141477000	      6972	80003cb0	0ff0000f	fence	iorw,iorw	
      141597000	      6978	80003cb4	873d	c.srai	x14,0xf	 x14:0xbdc7dfee x14=0xffff7b8f
      141677000	      6982	80003cb6	b97aa413	slti	x8,x21,-1129	 x21:0x00007000  x8=0x00000000
      142617000	      7029	80003cba	02fdc133	div	x2,x27,x15	 x27:0x00004000 x15:0x000001b0  x2=0x00000025
      142637000	      7030	80003cbe	4afd	c.li	x21,31	 x21=0x0000001f
      142657000	      7031	80003cc0	f0808d13	addi	x26,x1,-248	  x1:0xffffffff x26=0xffffff07
      142677000	      7032	80003cc4	9f553913	sltiu	x18,x10,-1547	 x10:0x00021c04 x18=0x00000001
      142697000	      7033	80003cc8	01e02933	slt	x18,x0,x30	  x0:0x00000000 x30:0x00a61b6c x18=0x00000001
      142717000	      7034	80003ccc	0000100f	fence.i	
      143117000	      7054	80003cd0	9f22	c.add	x30,x8	 x30:0x00a61b6c  x8:0x00000000 x30=0x00a61b6c
      143337000	      7065	80003cd2	01d25193	srli	x3,x4,0x1d	  x4:0x00000000  x3=0x00000000
      143357000	      7066	80003cd6	dbec8c13	addi	x24,x25,-578	 x25:0x1bb32000 x24=0x1bb31dbe
      143457000	      7071	80003cda	00018fb3	add	x31,x3,x0	  x3:0x00000000  x0:0x00000000 x31=0x00000000
      143477000	      7072	80003cde	03320d63	beq	x4,x19,80003d18	  x4:0x00000000 x19:0x00000000
      143957000	      7096	80003d18	39e79317	auipc	x6,0x39e79	  x6=0xb9e7cd18
      143977000	      7097	80003d1c	03558f63	beq	x11,x21,80003d5a	 x11:0x80021e64 x21:0x0000001f
      144337000	      7115	80003d20	1e7d	c.addi	x28,-1	 x28:0xffffffff x28=0xfffffffe
      144357000	      7116	80003d22	98fd	c.andi	x9,-1	  x9:0x00000000  x9=0x00000000
      144377000	      7117	80003d24	01069f93	slli	x31,x13,0x10	 x13:0x80025ce4 x31=0x5ce40000
      144457000	      7121	80003d28	02ca78b3	remu	x17,x20,x12	 x20:0xfffffc70 x12:0x00000000 x17=0xfffffc70
      144617000	      7129	80003d2c	0107c233	xor	x4,x15,x16	 x15:0x000001b0 x16:0x00000000  x4=0x000001b0
      144637000	      7130	80003d30	01bad093	srli	x1,x21,0x1b	 x21:0x0000001f  x1=0x00000000
      145057000	      7151	80003d34	00bb1233	sll	x4,x22,x11	 x22:0xd6400000 x11:0x80021e64  x4=0x64000000
      145217000	      7159	80003d38	1298	c.addi4spn	x14,x2,352	 x14=0x00000185
      145237000	      7160	80003d3a	0000100f	fence.i	
      145437000	      7170	80003d3e	0001	c.addi	x0,0	  x0:0x00000000  x0=0x00000000
      145657000	      7181	80003d40	8035	c.srli	x8,0xd	  x8:0x00000000  x8=0x00000000
      145677000	      7182	80003d42	40e202b3	sub	x5,x4,x14	  x4:0x64000000 x14:0x00000185  x5=0x63fffe7b
      145877000	      7192	80003d46	0374c7b3	div	x15,x9,x23	  x9:0x00000000 x23:0x00000000 x15=0xffffffff
      146297000	      7213	80003d4a	0201fab3	remu	x21,x3,x0	  x3:0x00000000  x0:0x00000000 x21=0x00000000
      146677000	      7232	80003d4e	0294cd33	div	x26,x9,x9	  x9:0x00000000  x9:0x00000000 x26=0xffffffff
      146697000	      7233	80003d52	00e61433	sll	x8,x12,x14	 x12:0x00000000 x14:0x00000185  x8=0x00000000
      146797000	      7238	80003d56	0448e163	bltu	x17,x4,80003d98	 x17:0xfffffc70  x4:0x64000000
      146997000	      7248	80003d5a	01ac8833	add	x16,x25,x26	 x25:0x1bb32000 x26:0xffffffff x16=0x1bb31fff
      147017000	      7249	80003d5e	01bdd533	srl	x10,x27,x27	 x27:0x00004000 x27:0x00004000 x10=0x00004000
      147037000	      7250	80003d62	e029	c.bnez	x8,80003da4	  x8:0x00000000
      147437000	      7270	80003d64	023f7663	bgeu	x30,x3,80003d90	 x30:0x00a61b6c  x3:0x00000000
      148877000	      7342	80003d90	0ff0000f	fence	iorw,iorw	
      150017000	      7399	80003d94	02677d33	remu	x26,x14,x6	 x14:0x00000185  x6:0xb9e7cd18 x26=0x00000185
      150037000	      7400	80003d98	01286033	or	x0,x16,x18	 x16:0x1bb31fff x18:0x00000001  x0=0x00000000
      150057000	      7401	80003d9c	8112	c.mv	x2,x4	  x0:0x00000000  x4:0x64000000  x2=0x64000000
      150097000	      7403	80003d9e	028727b3	mulhsu	x15,x14,x8	 x14:0x00000185  x8:0x00000000 x15=0x00000000
      150117000	      7404	80003da2	8d09	c.sub	x10,x10	 x10:0x00004000 x10:0x00004000 x10=0x00000000
      150137000	      7405	80003da4	90f2	c.add	x1,x28	  x1:0x00000000 x28:0xfffffffe  x1=0xfffffffe
      150157000	      7406	80003da6	8c69	c.and	x8,x10	  x8:0x00000000 x10:0x00000000  x8=0x00000000
      150177000	      7407	80003da8	07a09417	auipc	x8,0x7a09	  x8=0x87a0cda8
      150197000	      7408	80003dac	01cdbcb3	sltu	x25,x27,x28	 x27:0x00004000 x28:0xfffffffe x25=0x00000001
      150577000	      7427	80003db0	05c59163	bne	x11,x28,80003df2	 x11:0x80021e64 x28:0xfffffffe
      150937000	      7445	80003df2	0a52	c.slli	x20,0x14	 x20:0xfffffc70 x20=0xc7000000
      150957000	      7446	80003df4	016c1313	slli	x6,x24,0x16	 x24:0x1bb31dbe  x6=0x6f800000
      150977000	      7447	80003df8	01811cb3	sll	x25,x2,x24	  x2:0x64000000 x24:0x1bb31dbe x25=0x00000000
      150997000	      7448	80003dfc	083c3d17	auipc	x26,0x83c3	 x26=0x883c6dfc
      151017000	      7449	80003e00	00d19e33	sll	x28,x3,x13	  x3:0x00000000 x13:0x80025ce4 x28=0x00000000
      151437000	      7470	80003e04	e3a1	c.bnez	x15,80003e44	 x15:0x00000000
      151457000	      7471	80003e06	4164dc33	sra	x24,x9,x22	  x9:0x00000000 x22:0xd6400000 x24=0x00000000
      151757000	      7486	80003e0a	40b2d0b3	sra	x1,x5,x11	  x5:0x63fffe7b x11:0x80021e64  x1=0x063fffe7
      151777000	      7487	80003e0e	c06bcf13	xori	x30,x23,-1018	 x23:0x00000000 x30=0xfffffc06
      151977000	      7497	80003e12	0000100f	fence.i	
      152177000	      7507	80003e16	f14cbb17	auipc	x22,0xf14cb	 x22=0x714cee16
      152537000	      7525	80003e1a	01c0fcb3	and	x25,x1,x28	  x1:0x063fffe7 x28:0x00000000 x25=0x00000000
      152557000	      7526	80003e1e	8615	c.srai	x12,0x5	 x12:0x00000000 x12=0x00000000
      152837000	      7540	80003e20	1dc14213	xori	x4,x2,476	  x2:0x64000000  x4=0x640001dc
      153757000	      7586	80003e24	03eb69b3	rem	x19,x22,x30	 x22:0x714cee16 x30:0xfffffc06 x19=0x000001e6
      153797000	      7588	80003e28	03c32b33	mulhsu	x22,x6,x28	  x6:0x6f800000 x28:0x00000000 x22=0x00000000
      153817000	      7589	80003e2c	01b10bb3	add	x23,x2,x27	  x2:0x64000000 x27:0x00004000 x23=0x64004000
      153837000	      7590	80003e30	0154a233	slt	x4,x9,x21	  x9:0x00000000 x21:0x00000000  x4=0x00000000
      153857000	      7591	80003e34	2e89f413	andi	x8,x19,744	 x19:0x000001e6  x8=0x000000e0
      153877000	      7592	80003e38	03c4f563	bgeu	x9,x28,80003e62	  x9:0x00000000 x28:0x00000000
      154557000	      7626	80003e62	00be9933	sll	x18,x29,x11	 x29:0x00000001 x11:0x80021e64 x18=0x00000010
      154577000	      7627	80003e66	0001	c.addi	x0,0	  x0:0x00000000  x0=0x00000000
      154597000	      7628	80003e68	5f7d	c.li	x30,-1	 x30=0xffffffff
      154777000	      7637	80003e6a	025631b3	mulhu	x3,x12,x5	 x12:0x00000000  x5:0x63fffe7b  x3=0x00000000
      154797000	      7638	80003e6e	409ed433	sra	x8,x29,x9	 x29:0x00000001  x9:0x00000000  x8=0x00000001
      155197000	      7658	80003e72	014c6933	or	x18,x24,x20	 x24:0x00000000 x20:0xc7000000 x18=0xc7000000
      155237000	      7660	80003e76	01c988b3	add	x17,x19,x28	 x19:0x000001e6 x28:0x00000000 x17=0x000001e6
      155257000	      7661	80003e7a	014b2a33	slt	x20,x22,x20	 x22:0x00000000 x20:0xc7000000 x20=0x00000000
      155277000	      7662	80003e7e	8565	c.srai	x10,0x19	 x10:0x00000000 x10=0x00000000
      155677000	      7682	80003e80	41348233	sub	x4,x9,x19	  x9:0x00000000 x19:0x000001e6  x4=0xfffffe1a
      155717000	      7684	80003e84	034632b3	mulhu	x5,x12,x20	 x12:0x00000000 x20:0x00000000  x5=0x00000000
      155737000	      7685	80003e88	0595f363	bgeu	x11,x25,80003ece	 x11:0x80021e64 x25:0x00000000
      156597000	      7728	80003ece	c7bbc313	xori	x6,x23,-901	 x23:0x64004000  x6=0x9bffbc7b
      156617000	      7729	80003ed2	0001	c.addi	x0,0	  x0:0x00000000  x0=0x00000000
      157357000	      7766	80003ed4	037a4133	div	x2,x20,x23	 x20:0x00000000 x23:0x64004000  x2=0x00000000
      157377000	      7767	80003ed8	d72cac13	slti	x24,x25,-654	 x25:0x00000000 x24=0x00000000
      157397000	      7768	80003edc	01fb8c33	add	x24,x23,x31	 x23:0x64004000 x31:0x5ce40000 x24=0xc0e44000
      157417000	      7769	80003ee0	0010c833	xor	x16,x1,x1	  x1:0x063fffe7  x1:0x063fffe7 x16=0x00000000
      157437000	      7770	80003ee4	a5b0b913	sltiu	x18,x1,-1445	  x1:0x063fffe7 x18=0x00000001
      157457000	      7771	80003ee8	4068db33	sra	x22,x17,x6	 x17:0x000001e6  x6:0x9bffbc7b x22=0x00000000
      157477000	      7772	80003eec	43548013	addi	x0,x9,1077	  x9:0x00000000  x0=0x00000000
      157577000	      7777	80003ef0	011a8bb3	add	x23,x21,x17	 x21:0x00000000 x17:0x000001e6 x23=0x000001e6
      157597000	      7778	80003ef4	0001	c.addi	x0,0	  x0:0x00000000  x0=0x00000000
      157617000	      7779	80003ef6	fb6d9eb7	lui	x29,0xfb6d9	 x29=0xfb6d9000
      157957000	      7796	80003efa	00403d33	sltu	x26,x0,x4	  x0:0x00000000  x4:0xfffffe1a x26=0x00000001
      157977000	      7797	80003efe	0ff0000f	fence	iorw,iorw	
      157997000	      7798	80003f02	97b2	c.add	x15,x12	 x15:0x00000000 x12:0x00000000 x15=0x00000000
      158017000	      7799	80003f04	03b41e63	bne	x8,x27,80003f40	  x8:0x00000001 x27:0x00004000
      158497000	      7823	80003f40	0254de33	divu	x28,x9,x5	  x9:0x00000000  x5:0x00000000 x28=0xffffffff
      158777000	      7837	80003f44	02b84663	blt	x16,x11,80003f70	 x16:0x00000000 x11:0x80021e64
      158937000	      7845	80003f48	00b37ab3	and	x21,x6,x11	  x6:0x9bffbc7b x11:0x80021e64 x21=0x80021c60
      159057000	      7851	80003f4c	832e	c.mv	x6,x11	  x0:0x00000000 x11:0x80021e64  x6=0x80021e64
      159077000	      7852	80003f4e	0175	c.addi	x2,29	  x2:0x00000000  x2=0x0000001d
      159097000	      7853	80003f50	10fd	c.addi	x1,-1	  x1:0x063fffe7  x1=0x063fffe6
      159117000	      7854	80003f52	0000100f	fence.i	
      159997000	      7898	80003f56	40a4d033	sra	x0,x9,x10	  x9:0x00000000 x10:0x00000000  x0=0x00000000
      160017000	      7899	80003f5a	d3d14013	xori	x0,x2,-707	  x2:0x0000001d  x0=0x00000000
      160037000	      7900	80003f5e	01e59013	slli	x0,x11,0x1e	 x11:0x80021e64  x0=0x00000000
      160197000	      7908	80003f62	4fdacb13	xori	x22,x21,1277	 x21:0x80021c60 x22=0x8002189d
      160317000	      7914	80003f66	011aadb3	slt	x27,x21,x17	 x21:0x80021c60 x17:0x000001e6 x27=0x00000001
      160337000	      7915	80003f6a	e102b113	sltiu	x2,x5,-496	  x5:0x00000000  x2=0x00000001
      160357000	      7916	80003f6e	89ca	c.mv	x19,x18	  x0:0x00000000 x18:0x00000001 x19=0x00000001
      160377000	      7917	80003f70	012f8963	beq	x31,x18,80003f82	 x31:0x5ce40000 x18:0x00000001
      160397000	      7918	80003f74	6e71	c.lui	x28,0x1c	 x28=0x0001c000
      160417000	      7919	80003f76	4e31	c.li	x28,12	 x28=0x0000000c
      160457000	      7921	80003f78	02369cb3	mulh	x25,x13,x3	 x13:0x80025ce4  x3:0x00000000 x25=0x00000000
      160537000	      7925	80003f7c	8335	c.srli	x14,0xd	 x14:0x00000185 x14=0x00000000
      160577000	      7927	80003f7e	00719e63	bne	x3,x7,80003f9a	  x3:0x00000000  x7:0x00000000
      160777000	      7937	80003f82	037ab0b3	mulhu	x1,x21,x23	 x21:0x80021c60 x23:0x000001e6  x1=0x000000f3
      160797000	      7938	80003f86	c119	c.beqz	x10,80003f8c	 x10:0x00000000
      161157000	      7956	80003f8c	9d46	c.add	x26,x17	 x26:0x00000001 x17:0x000001e6 x26=0x000001e7
      161277000	      7962	80003f8e	02b82733	mulhsu	x14,x16,x11	 x16:0x00000000 x11:0x80021e64 x14=0x00000000
      161297000	      7963	80003f92	80d6	c.mv	x1,x21	  x0:0x00000000 x21:0x80021c60  x1=0x80021c60
      161317000	      7964	80003f94	6165	c.addi16sp	x2,112	  x2:0x00000001  x2=0x00000071
      161697000	      7983	80003f96	00d1eeb3	or	x29,x3,x13	  x3:0x00000000 x13:0x80025ce4 x29=0x80025ce4
      161717000	      7984	80003f9a	ae5b2913	slti	x18,x22,-1307	 x22:0x8002189d x18=0x00000001
      161737000	      7985	80003f9e	01927f33	and	x30,x4,x25	  x4:0xfffffe1a x25:0x00000000 x30=0x00000000
      161777000	      7987	80003fa2	037427b3	mulhsu	x15,x8,x23	  x8:0x00000001 x23:0x000001e6 x15=0x00000000
      161797000	      7988	80003fa6	049c	c.addi4spn	x15,x2,576	 x15=0x000002b1
      161817000	      7989	80003fa8	8d2e3c13	sltiu	x24,x28,-1838	 x28:0x0000000c x24=0x00000001
      161837000	      7990	80003fac	017e7f33	and	x30,x28,x23	 x28:0x0000000c x23:0x000001e6 x30=0x00000004
      161857000	      7991	80003fb0	8519	c.srai	x10,0x6	 x10:0x00000000 x10=0x00000000
      161877000	      7992	80003fb2	8d59	c.or	x10,x14	 x10:0x00000000 x14:0x00000000 x10=0x00000000
      162257000	      8011	80003fb4	0001	c.addi	x0,0	  x0:0x00000000  x0=0x00000000
      162637000	      8030	80003fb6	149e0a13	addi	x20,x28,329	 x28:0x0000000c x20=0x00000155
      163777000	      8087	80003fba	03e5c133	div	x2,x11,x30	 x11:0x80021e64 x30:0x00000004  x2=0xe0008799
      163797000	      8088	80003fbe	0189de13	srli	x28,x19,0x18	 x19:0x00000001 x28=0x00000000
      163837000	      8090	80003fc2	0370adb3	mulhsu	x27,x1,x23	  x1:0x80021c60 x23:0x000001e6 x27=0xffffff0d
      163857000	      8091	80003fc6	019c7a33	and	x20,x24,x25	 x24:0x00000001 x25:0x00000000 x20=0x00000000
      163877000	      8092	80003fca	9f2c6517	auipc	x10,0x9f2c6	 x10=0x1f2c9fca
      163897000	      8093	80003fce	4915	c.li	x18,5	 x18=0x00000005
      163917000	      8094	80003fd0	03750b63	beq	x10,x23,80004006	 x10:0x1f2c9fca x23:0x000001e6
      163937000	      8095	80003fd4	000e8863	beq	x29,x0,80003fe4	 x29:0x80025ce4  x0:0x00000000
      164117000	      8104	80003fd8	03e39bb3	mulh	x23,x7,x30	  x7:0x00000000 x30:0x00000004 x23=0x00000000
      164517000	      8124	80003fdc	034d6263	bltu	x26,x20,80004000	 x26:0x000001e7 x20:0x00000000
      164697000	      8133	80003fe0	011b6c33	or	x24,x22,x17	 x22:0x8002189d x17:0x000001e6 x24=0x800219ff
      164717000	      8134	80003fe4	616d	c.addi16sp	x2,240	  x2:0xe0008799  x2=0xe0008889
      164737000	      8135	80003fe6	019d99b3	sll	x19,x27,x25	 x27:0xffffff0d x25:0x00000000 x19=0xffffff0d
      164757000	      8136	80003fea	8c91	c.sub	x9,x12	  x9:0x00000000 x12:0x00000000  x9=0x00000000
      164837000	      8140	80003fec	612d	c.addi16sp	x2,224	  x2:0xe0008889  x2=0xe0008969
      164857000	      8141	80003fee	0f8c2a93	slti	x21,x24,248	 x24:0x800219ff x21=0x00000001
      164997000	      8148	80003ff2	03bf8533	mul	x10,x31,x27	 x31:0x5ce40000 x27:0xffffff0d x10=0xd3940000
      165417000	      8169	80003ff6	9b71e793	ori	x15,x3,-1609	  x3:0x00000000 x15=0xfffff9b7
      165437000	      8170	80003ffa	8a15	c.andi	x12,5	 x12:0x00000000 x12=0x00000000
      166177000	      8207	80003ffc	03f8ed33	rem	x26,x17,x31	 x17:0x000001e6 x31:0x5ce40000 x26=0x000001e6
      166197000	      8208	80004000	8f71	c.and	x14,x12	 x14:0x00000000 x12:0x00000000 x14=0x00000000
      166217000	      8209	80004002	017f27b3	slt	x15,x30,x23	 x30:0x00000004 x23:0x00000000 x15=0x00000000
      166237000	      8210	80004006	403cdeb3	sra	x29,x25,x3	 x25:0x00000000  x3:0x00000000 x29=0x00000000
      166257000	      8211	8000400a	eaaf3b37	lui	x22,0xeaaf3	 x22=0xeaaf3000
      166277000	      8212	8000400e	00859d13	slli	x26,x11,0x8	 x11:0x80021e64 x26=0x021e6400
      166297000	      8213	80004012	ee15	c.bnez	x12,8000404e	 x12:0x00000000
      166317000	      8214	80004014	e311	c.bnez	x14,80004018	 x14:0x00000000
      166337000	      8215	80004016	717d	c.addi16sp	x2,-16	  x2:0xe0008969  x2=0xe0008959
      166357000	      8216	80004018	015342b3	xor	x5,x6,x21	  x6:0x80021e64 x21:0x00000001  x5=0x80021e65
      166377000	      8217	8000401c	0d45	c.addi	x26,17	 x26:0x021e6400 x26=0x021e6411
      166657000	      8231	8000401e	41750ab3	sub	x21,x10,x23	 x10:0xd3940000 x23:0x00000000 x21=0xd3940000
      166677000	      8232	80004022	008c5333	srl	x6,x24,x8	 x24:0x800219ff  x8:0x00000001  x6=0x40010cff
      185837000	      9190	80004026	40ced613	srai	x12,x29,0xc	 x29:0x00000000 x12=0x00000000
      185857000	      9191	8000402a	03f69c63	bne	x13,x31,80004062	 x13:0x80025ce4 x31:0x5ce40000
      186397000	      9218	80004062	cd15	c.beqz	x10,8000409e	 x10:0xd3940000
      186417000	      9219	80004064	547d	c.li	x8,-1	  x8=0xffffffff
      186537000	      9225	80004066	03eaa333	mulhsu	x6,x21,x30	 x21:0xd3940000 x30:0x00000004  x6=0xffffffff
      186937000	      9245	8000406a	b5307493	andi	x9,x0,-1197	  x0:0x00000000  x9=0x00000000
      186997000	      9248	8000406e	03445d63	bge	x8,x20,800040a8	  x8:0xffffffff x20:0x00000000
      187097000	      9253	80004072	03c8f263	bgeu	x17,x28,80004096	 x17:0x000001e6 x28:0x00000000
      188057000	      9301	80004096	0000100f	fence.i	
      188297000	      9313	8000409a	fadaa413	slti	x8,x21,-83	 x21:0xd3940000  x8=0x00000001
      188317000	      9314	8000409e	0001	c.addi	x0,0	  x0:0x00000000  x0=0x00000000
      188357000	      9316	800040a0	01404a63	blt	x0,x20,800040b4	  x0:0x00000000 x20:0x00000000
      188377000	      9317	800040a4	41925f13	srai	x30,x4,0x19	  x4:0xfffffe1a x30=0xffffffff
      188437000	      9320	800040a8	5cb92713	slti	x14,x18,1483	 x18:0x00000005 x14=0x00000001
      188557000	      9326	800040ac	1ddc0913	addi	x18,x24,477	 x24:0x800219ff x18=0x80021bdc
      188757000	      9336	800040b0	8d1d	c.sub	x10,x15	 x10:0xd3940000 x15:0x00000000 x10=0xd3940000
      188777000	      9337	800040b2	8a4a	c.mv	x20,x18	  x0:0x00000000 x18:0x80021bdc x20=0x80021bdc
      188797000	      9338	800040b4	4056df93	srai	x31,x13,0x5	 x13:0x80025ce4 x31=0xfc0012e7
      188817000	      9339	800040b8	007cd813	srli	x16,x25,0x7	 x25:0x00000000 x16=0x00000000
      188837000	      9340	800040bc	15c30493	addi	x9,x6,348	  x6:0xffffffff  x9=0x0000015b
      189197000	      9358	800040c0	04411363	bne	x2,x4,80004106	  x2:0xe0008959  x4:0xfffffe1a
      189597000	      9378	80004106	00bc5e93	srli	x29,x24,0xb	 x24:0x800219ff x29=0x00100043
      189617000	      9379	8000410a	ed7d4013	xori	x0,x26,-297	 x26:0x021e6411  x0=0x00000000
      189937000	      9395	8000410e	0ff0000f	fence	iorw,iorw	
      190017000	      9399	80004112	00bc04b3	add	x9,x24,x11	 x24:0x800219ff x11:0x80021e64  x9=0x00043863
      190397000	      9418	80004116	0ff0000f	fence	iorw,iorw	
      190417000	      9419	8000411a	c605	c.beqz	x12,80004142	 x12:0x00000000
      191157000	      9456	80004142	8c4d	c.or	x8,x11	  x8:0x00000001 x11:0x80021e64  x8=0x80021e65
      191177000	      9457	80004144	82e6	c.mv	x5,x25	  x0:0x00000000 x25:0x00000000  x5=0x00000000
      191317000	      9464	80004146	01337233	and	x4,x6,x19	  x6:0xffffffff x19:0xffffff0d  x4=0xffffff0d
      191337000	      9465	8000414a	01ed20b3	slt	x1,x26,x30	 x26:0x021e6411 x30:0xffffffff  x1=0x00000000
      191757000	      9486	8000414e	6240a193	slti	x3,x1,1572	  x1:0x00000000  x3=0x00000001
      191777000	      9487	80004152	717d	c.addi16sp	x2,-16	  x2:0xe0008959  x2=0xe0008949
      192177000	      9507	80004154	8f8f0537	lui	x10,0x8f8f0	 x10=0x8f8f0000
      192197000	      9508	80004158	8499	c.srai	x9,0x6	  x9:0x00043863  x9=0x000010e1
      192277000	      9512	8000415a	97a23793	sltiu	x15,x4,-1670	  x4:0xffffff0d x15=0x00000000
      192297000	      9513	8000415e	e41d	c.bnez	x8,8000418c	  x8:0x80021e65
      193157000	      9556	8000418c	00504463	blt	x0,x5,80004194	  x0:0x00000000  x5:0x00000000
      193197000	      9558	80004190	02c147b3	div	x15,x2,x12	  x2:0xe0008949 x12:0x00000000 x15=0xffffffff
      193497000	      9573	80004194	24f12613	slti	x12,x2,591	  x2:0xe0008949 x12=0x00000001
      193537000	      9575	80004198	02126e33	rem	x28,x4,x1	  x4:0xffffff0d  x1:0x00000000 x28=0xffffff0d
      193557000	      9576	8000419c	00151013	slli	x0,x10,0x1	 x10:0x8f8f0000  x0=0x00000000
      193597000	      9578	800041a0	00fd1a93	slli	x21,x26,0xf	 x26:0x021e6411 x21=0x32088000
      193617000	      9579	800041a4	0001	c.addi	x0,0	  x0:0x00000000  x0=0x00000000
      193677000	      9582	800041a6	b739c437	lui	x8,0xb739c	  x8=0xb739c000
      194417000	      9619	800041aa	02ab7a33	remu	x20,x22,x10	 x22:0xeaaf3000 x10:0x8f8f0000 x20=0x5b203000
      194437000	      9620	800041ae	01052133	slt	x2,x10,x16	 x10:0x8f8f0000 x16:0x00000000  x2=0x00000001
      194457000	      9621	800041b2	8bed	c.andi	x15,27	 x15:0xffffffff x15=0x0000001b
      194477000	      9622	800041b4	6119	c.addi16sp	x2,384	  x2:0x00000001  x2=0x00000181
      194497000	      9623	800041b6	8c41	c.or	x8,x8	  x8:0xb739c000  x8:0xb739c000  x8=0xb739c000
      194517000	      9624	800041b8	0b9c	c.addi4spn	x15,x2,464	 x15=0x00000351
      194537000	      9625	800041ba	00831793	slli	x15,x6,0x8	  x6:0xffffffff x15=0xffffff00
      194557000	      9626	800041be	0952	c.slli	x18,0x14	 x18:0x80021bdc x18=0xbdc00000
      194577000	      9627	800041c0	03997f63	bgeu	x18,x25,800041fe	 x18:0xbdc00000 x25:0x00000000
      196057000	      9701	800041fe	00f83f33	sltu	x30,x16,x15	 x16:0x00000000 x15:0xffffff00 x30=0x00000001
      196077000	      9702	80004202	8286	c.mv	x5,x1	  x0:0x00000000  x1:0x00000000  x5=0x00000000
      196277000	      9712	80004204	8cf1	c.and	x9,x12	  x9:0x000010e1 x12:0x00000001  x9=0x00000001
      196297000	      9713	80004206	0001	c.addi	x0,0	  x0:0x00000000  x0=0x00000000
      196317000	      9714	80004208	0288ee63	bltu	x17,x8,80004244	 x17:0x000001e6  x8:0xb739c000
      197917000	      9794	80004244	0386d033	divu	x0,x13,x24	 x13:0x80025ce4 x24:0x800219ff  x0=0x00000000
      197937000	      9795	80004248	0001	c.addi	x0,0	  x0:0x00000000  x0=0x00000000
      197957000	      9796	8000424a	c6df3d13	sltiu	x26,x30,-915	 x30:0x00000001 x26=0x00000001
      197977000	      9797	8000424e	0052e633	or	x12,x5,x5	  x5:0x00000000  x5:0x00000000 x12=0x00000000
      198717000	      9834	80004252	02afde33	divu	x28,x31,x10	 x31:0xfc0012e7 x10:0x8f8f0000 x28=0x00000001
      198737000	      9835	80004256	0001	c.addi	x0,0	  x0:0x00000000  x0=0x00000000
      198757000	      9836	80004258	03b77d63	bgeu	x14,x27,80004292	 x14:0x00000001 x27:0xffffff0d
      198777000	      9837	8000425c	4195dfb3	sra	x31,x11,x25	 x11:0x80021e64 x25:0x00000000 x31=0x80021e64
      198817000	      9839	80004260	03a2a633	mulhsu	x12,x5,x26	  x5:0x00000000 x26:0x00000001 x12=0x00000000
      198837000	      9840	80004264	0791	c.addi	x15,4	 x15:0xffffff00 x15=0xffffff04
      199577000	      9877	80004266	02a95933	divu	x18,x18,x10	 x18:0xbdc00000 x10:0x8f8f0000 x18=0x00000001
      199597000	      9878	8000426a	6a3d	c.lui	x20,0xf	 x20=0x0000f000
      199617000	      9879	8000426c	82ba	c.mv	x5,x14	  x0:0x00000000 x14:0x00000001  x5=0x00000001
      199637000	      9880	8000426e	41ca0133	sub	x2,x20,x28	 x20:0x0000f000 x28:0x00000001  x2=0x0000efff
      199657000	      9881	80004272	41d800b3	sub	x1,x16,x29	 x16:0x00000000 x29:0x00100043  x1=0xffefffbd
      199677000	      9882	80004276	00b35113	srli	x2,x6,0xb	  x6:0xffffffff  x2=0x001fffff
      199697000	      9883	8000427a	827d	c.srli	x12,0x1f	 x12:0x00000000 x12=0x00000000
      199877000	      9892	8000427c	00bb1b63	bne	x22,x11,80004292	 x22:0xeaaf3000 x11:0x80021e64
      200637000	      9930	80004292	540bf117	auipc	x2,0x540bf	  x2=0xd40c3292
      200897000	      9943	80004296	01fc0333	add	x6,x24,x31	 x24:0x800219ff x31:0x80021e64  x6=0x00043863
      201057000	      9951	8000429a	04afd163	bge	x31,x10,800042dc	 x31:0x80021e64 x10:0x8f8f0000
      201077000	      9952	8000429e	03a78663	beq	x15,x26,800042ca	 x15:0xffffff04 x26:0x00000001
      201097000	      9953	800042a2	0001	c.addi	x0,0	  x0:0x00000000  x0=0x00000000
      201117000	      9954	800042a4	eb99	c.bnez	x15,800042ba	 x15:0xffffff04
      201857000	      9991	800042ba	6ec26893	ori	x17,x4,1772	  x4:0xffffff0d x17=0xffffffed
      201877000	      9992	800042be	02b38233	mul	x4,x7,x11	  x7:0x00000000 x11:0x80021e64  x4=0x00000000
      201917000	      9994	800042c2	40925a93	srai	x21,x4,0x9	  x4:0x00000000 x21=0x00000000
      202657000	     10031	800042c6	0289feb3	remu	x29,x19,x8	 x19:0xffffff0d  x8:0xb739c000 x29=0x48c63f0d
      202677000	     10032	800042ca	965b4737	lui	x14,0x965b4	 x14=0x965b4000
      202697000	     10033	800042ce	006874b3	and	x9,x16,x6	 x16:0x00000000  x6:0x00043863  x9=0x00000000
      202717000	     10034	800042d2	03b1e063	bltu	x3,x27,800042f2	  x3:0x00000001 x27:0xffffff0d
      203057000	     10051	800042f2	035c72b3	remu	x5,x24,x21	 x24:0x800219ff x21:0x00000000  x5=0x800219ff
      203077000	     10052	800042f6	cc01	c.beqz	x8,8000430e	  x8:0xb739c000
      203177000	     10057	800042f8	02f31c63	bne	x6,x15,80004330	  x6:0x00043863 x15:0xffffff04
      203517000	     10074	80004330	038d9e63	bne	x27,x24,8000436c	 x27:0xffffff0d x24:0x800219ff
      204397000	     10118	8000436c	856d	c.srai	x10,0x1b	 x10:0x8f8f0000 x10=0xfffffff1
      204437000	     10120	8000436e	01933633	sltu	x12,x6,x25	  x6:0x00043863 x25:0x00000000 x12=0x00000000
      204617000	     10129	80004372	1a982713	slti	x14,x16,425	 x16:0x00000000 x14=0x00000001
      204777000	     10137	80004376	b2510837	lui	x16,0xb2510	 x16=0xb2510000
      204797000	     10138	8000437a	006a2f33	slt	x30,x20,x6	 x20:0x0000f000  x6:0x00043863 x30=0x00000001
      204817000	     10139	8000437e	8ff5	c.and	x15,x13	 x15:0xffffff04 x13:0x80025ce4 x15=0x80025c04
      205017000	     10149	80004380	4582cc13	xori	x24,x5,1112	  x5:0x800219ff x24=0x80021da7
      205357000	     10166	80004384	1688ad93	slti	x27,x17,360	 x17:0xffffffed x27=0x00000001
      205377000	     10167	80004388	049c	c.addi4spn	x15,x2,576	 x15=0xd40c34d2
      205537000	     10175	8000438a	00035133	srl	x2,x6,x0	  x6:0x00043863  x0:0x00000000  x2=0x00043863
      205717000	     10184	8000438e	4149d513	srai	x10,x19,0x14	 x19:0xffffff0d x10=0xffffffff
      205877000	     10192	80004392	03fd02b3	mul	x5,x26,x31	 x26:0x00000001 x31:0x80021e64  x5=0x80021e64
      205897000	     10193	80004396	34633213	sltiu	x4,x6,838	  x6:0x00043863  x4=0x00000000
      205917000	     10194	8000439a	01bc0a33	add	x20,x24,x27	 x24:0x80021da7 x27:0x00000001 x20=0x80021da8
      205937000	     10195	8000439e	01e65c13	srli	x24,x12,0x1e	 x12:0x00000000 x24=0x00000000
      205957000	     10196	800043a2	81e6	c.mv	x3,x25	  x0:0x00000000 x25:0x00000000  x3=0x00000000
      206357000	     10216	800043a4	ea15	c.bnez	x12,800043d8	 x12:0x00000000
      206497000	     10223	800043a6	00984363	blt	x16,x9,800043ac	 x16:0xb2510000  x9:0x00000000
      206717000	     10234	800043ac	007927b3	slt	x15,x18,x7	 x18:0x00000001  x7:0x00000000 x15=0x00000000
      206797000	     10238	800043b0	01064fb3	xor	x31,x12,x16	 x12:0x00000000 x16:0xb2510000 x31=0xb2510000
      206917000	     10244	800043b4	d2d78737	lui	x14,0xd2d78	 x14=0xd2d78000
      207017000	     10249	800043b8	8b2e	c.mv	x22,x11	  x0:0x00000000 x11:0x80021e64 x22=0x80021e64
      207037000	     10250	800043ba	0086	c.slli	x1,0x1	  x1:0xffefffbd  x1=0xffdfff7a
      207057000	     10251	800043bc	89ba8e93	addi	x29,x21,-1893	 x21:0x00000000 x29=0xfffff89b
      207077000	     10252	800043c0	418cd913	srai	x18,x25,0x18	 x25:0x00000000 x18=0x00000000
      207237000	     10260	800043c4	3b9c0793	addi	x15,x24,953	 x24:0x00000000 x15=0x000003b9
      207377000	     10267	800043c8	997d	c.andi	x10,-1	 x10:0xffffffff x10=0xffffffff
      208117000	     10304	800043ca	02a6c2b3	div	x5,x13,x10	 x13:0x80025ce4 x10:0xffffffff  x5=0x7ffda31c
      208137000	     10305	800043ce	6ed5	c.lui	x29,0x15	 x29=0x00015000
      208157000	     10306	800043d0	e915	c.bnez	x10,80004404	 x10:0xffffffff
      208357000	     10316	80004404	3badeb93	ori	x23,x27,954	 x27:0x00000001 x23=0x000003bb
      208397000	     10318	80004408	40dd	c.li	x1,23	  x1=0x00000017
      208477000	     10322	8000440a	0ff0000f	fence	iorw,iorw	
      208617000	     10329	8000440e	02c71663	bne	x14,x12,8000443a	 x14:0xd2d78000 x12:0x00000000
      214017000	     10599	8000443a	03ee90b3	mulh	x1,x29,x30	 x29:0x00015000 x30:0x00000001  x1=0x00000000
      214757000	     10636	8000443e	03bc6ab3	rem	x21,x24,x27	 x24:0x00000000 x27:0x00000001 x21=0x00000000
      214777000	     10637	80004442	41de0533	sub	x10,x28,x29	 x28:0x00000001 x29:0x00015000 x10=0xfffeb001
      214797000	     10638	80004446	41555f33	sra	x30,x10,x21	 x10:0xfffeb001 x21:0x00000000 x30=0xfffeb001
      214817000	     10639	8000444a	8da2	c.mv	x27,x8	  x0:0x00000000  x8:0xb739c000 x27=0xb739c000
      214837000	     10640	8000444c	613d	c.addi16sp	x2,480	  x2:0x00043863  x2=0x00043a43
      214857000	     10641	8000444e	0886	c.slli	x17,0x1	 x17:0xffffffed x17=0xffffffda
      214877000	     10642	80004450	915e	c.add	x2,x23	  x2:0x00043a43 x23:0x000003bb  x2=0x00043dfe
      214897000	     10643	80004452	cc91	c.beqz	x9,8000446e	  x9:0x00000000
      215617000	     10679	8000446e	000f40b3	xor	x1,x30,x0	 x30:0xfffeb001  x0:0x00000000  x1=0xfffeb001
      215637000	     10680	80004472	8f9d	c.sub	x15,x15	 x15:0x000003b9 x15:0x000003b9 x15=0x00000000
      215657000	     10681	80004474	92da	c.add	x5,x22	  x5:0x7ffda31c x22:0x80021e64  x5=0xffffc180
      215717000	     10684	80004476	00581e13	slli	x28,x16,0x5	 x16:0xb2510000 x28=0x4a200000
      215737000	     10685	8000447a	408081b3	sub	x3,x1,x8	  x1:0xfffeb001  x8:0xb739c000  x3=0x48c4f001
      215977000	     10697	8000447e	01b45913	srli	x18,x8,0x1b	  x8:0xb739c000 x18=0x00000016
      215997000	     10698	80004482	0001	c.addi	x0,0	  x0:0x00000000  x0=0x00000000
      216017000	     10699	80004484	3e922513	slti	x10,x4,1001	  x4:0x00000000 x10=0x00000001
      216157000	     10706	80004488	29710193	addi	x3,x2,663	  x2:0x00043dfe  x3=0x00044095
      216177000	     10707	8000448c	6f465b97	auipc	x23,0x6f465	 x23=0xef46948c
      217017000	     10749	80004490	031c58b3	divu	x17,x24,x17	 x24:0x00000000 x17:0xffffffda x17=0x00000000
      217037000	     10750	80004494	03e88963	beq	x17,x30,800044c6	 x17:0x00000000 x30:0xfffeb001
      217057000	     10751	80004498	ed0d	c.bnez	x10,800044d2	 x10:0x00000001
      217757000	     10786	800044d2	02371a33	mulh	x20,x14,x3	 x14:0xd2d78000  x3:0x00044095 x20=0xffff3ff9
      217857000	     10791	800044d6	a0a16037	lui	x0,0xa0a16	  x0=0x00000000
      217997000	     10798	800044da	02201f63	bne	x0,x2,80004518	  x0:0x00000000  x2:0x00043dfe
      218457000	     10821	80004518	0f18c313	xori	x6,x17,241	 x17:0x00000000  x6=0x000000f1
      218477000	     10822	8000451c	0011d863	bge	x3,x1,8000452c	  x3:0x00044095  x1:0xfffeb001
      219237000	     10860	8000452c	006f1c63	bne	x30,x6,80004544	 x30:0xfffeb001  x6:0x000000f1
      219917000	     10894	80004544	01c6da93	srli	x21,x13,0x1c	 x13:0x80025ce4 x21=0x00000008
      219957000	     10896	80004548	41a401b3	sub	x3,x8,x26	  x8:0xb739c000 x26:0x00000001  x3=0xb739bfff
      219977000	     10897	8000454c	8c59	c.or	x8,x14	  x8:0xb739c000 x14:0xd2d78000  x8=0xf7ffc000
      219997000	     10898	8000454e	9bfd	c.andi	x15,-1	 x15:0x00000000 x15=0x00000000
      220017000	     10899	80004550	03d78d63	beq	x15,x29,8000458a	 x15:0x00000000 x29:0x00015000
      220037000	     10900	80004554	5afd	c.li	x21,-1	 x21=0xffffffff
      220097000	     10903	80004556	50a74737	lui	x14,0x50a74	 x14=0x50a74000
      220117000	     10904	8000455a	80f5	c.srli	x9,0x1d	  x9:0x00000000  x9=0x00000000
      220257000	     10911	8000455c	9eba	c.add	x29,x14	 x29:0x00015000 x14:0x50a74000 x29=0x50a89000
      220677000	     10932	8000455e	40cb0f33	sub	x30,x22,x12	 x22:0x80021e64 x12:0x00000000 x30=0x80021e64
      221417000	     10969	80004562	03c358b3	divu	x17,x6,x28	  x6:0x000000f1 x28:0x4a200000 x17=0x00000000
      221437000	     10970	80004566	41ca5eb3	sra	x29,x20,x28	 x20:0xffff3ff9 x28:0x4a200000 x29=0xffff3ff9
      221457000	     10971	8000456a	6aad	c.lui	x21,0xb	 x21=0x0000b000
      221477000	     10972	8000456c	02bf9d63	bne	x31,x11,800045a6	 x31:0xb2510000 x11:0x80021e64
      222037000	     11000	800045a6	895d	c.andi	x10,23	 x10:0x00000001 x10=0x00000001
      222077000	     11002	800045a8	7c93a913	slti	x18,x7,1993	  x7:0x00000000 x18=0x00000001
      222097000	     11003	800045ac	8956	c.mv	x18,x21	  x0:0x00000000 x21:0x0000b000 x18=0x0000b000
      222317000	     11014	800045ae	03d12233	mulhsu	x4,x2,x29	  x2:0x00043dfe x29:0xffff3ff9  x4=0x00043dfa
      222337000	     11015	800045b2	0f49	c.addi	x30,18	 x30:0x80021e64 x30=0x80021e76
      222717000	     11034	800045b4	033e11b3	mulh	x3,x28,x19	 x28:0x4a200000 x19:0xffffff0d  x3=0xffffffb9
      222737000	     11035	800045b8	8d65	c.and	x10,x9	 x10:0x00000001  x9:0x00000000 x10=0x00000000
      222757000	     11036	800045ba	8cf5	c.and	x9,x13	  x9:0x00000000 x13:0x80025ce4  x9=0x00000000
      222777000	     11037	800045bc	4038d9b3	sra	x19,x17,x3	 x17:0x00000000  x3:0xffffffb9 x19=0x00000000
      223137000	     11055	800045c0	6b19	c.lui	x22,0x6	 x22=0x00006000
      223157000	     11056	800045c2	5dfd	c.li	x27,-1	 x27=0xffffffff
      223177000	     11057	800045c4	0000100f	fence.i	
      224597000	     11128	800045c8	0ab1	c.addi	x21,12	 x21:0x0000b000 x21=0x0000b00c
      225737000	     11185	800045ca	03e151b3	divu	x3,x2,x30	  x2:0x00043dfe x30:0x80021e76  x3=0x00000000
      225757000	     11186	800045ce	8351	c.srli	x14,0x14	 x14:0x50a74000 x14=0x0000050a
      225777000	     11187	800045d0	e5888113	addi	x2,x17,-424	 x17:0x00000000  x2=0xfffffe58
      225797000	     11188	800045d4	008c9193	slli	x3,x25,0x8	 x25:0x00000000  x3=0x00000000
      225837000	     11190	800045d8	0397dd33	divu	x26,x15,x25	 x15:0x00000000 x25:0x00000000 x26=0xffffffff
      225857000	     11191	800045dc	012c30b3	sltu	x1,x24,x18	 x24:0x00000000 x18:0x0000b000  x1=0x00000001
      225877000	     11192	800045e0	012a8a33	add	x20,x21,x18	 x21:0x0000b00c x18:0x0000b000 x20=0x0001600c
      225897000	     11193	800045e4	02c4f963	bgeu	x9,x12,80004616	  x9:0x00000000 x12:0x00000000
      226197000	     11208	80004616	03f7b233	mulhu	x4,x15,x31	 x15:0x00000000 x31:0xb2510000  x4=0x00000000
      226397000	     11218	8000461a	024ac733	div	x14,x21,x4	 x21:0x0000b00c  x4:0x00000000 x14=0xffffffff
      226417000	     11219	8000461e	c919	c.beqz	x10,80004634	 x10:0x00000000
      226877000	     11242	80004634	40b2da93	srai	x21,x5,0xb	  x5:0xffffc180 x21=0xfffffff8
      226897000	     11243	80004638	026f1a63	bne	x30,x6,8000466c	 x30:0x80021e76  x6:0x000000f1
      227197000	     11258	8000466c	8e29	c.xor	x12,x10	 x12:0x00000000 x10:0x00000000 x12=0x00000000
      227217000	     11259	8000466e	03666763	bltu	x12,x22,8000469c	 x12:0x00000000 x22:0x00006000
      227677000	     11282	8000469c	0001	c.addi	x0,0	  x0:0x00000000  x0=0x00000000
      227697000	     11283	8000469e	01c8d763	bge	x17,x28,800046ac	 x17:0x00000000 x28:0x4a200000
      227717000	     11284	800046a2	0050dab3	srl	x21,x1,x5	  x1:0x00000001  x5:0xffffc180 x21=0x00000001
      227737000	     11285	800046a6	9b2a	c.add	x22,x10	 x22:0x00006000 x10:0x00000000 x22=0x00006000
      228097000	     11303	800046a8	01267ab3	and	x21,x12,x18	 x12:0x00000000 x18:0x0000b000 x21=0x00000000
      228197000	     11308	800046ac	01e082b3	add	x5,x1,x30	  x1:0x00000001 x30:0x80021e76  x5=0x80021e77
      228397000	     11318	800046b0	8069	c.srli	x8,0x1a	  x8:0xf7ffc000  x8=0x0000003d
      228417000	     11319	800046b2	8d35	c.xor	x10,x13	 x10:0x00000000 x13:0x80025ce4 x10=0x80025ce4
      228437000	     11320	800046b4	0074e933	or	x18,x9,x7	  x9:0x00000000  x7:0x00000000 x18=0x00000000
      228597000	     11328	800046b8	0363b933	mulhu	x18,x7,x22	  x7:0x00000000 x22:0x00006000 x18=0x00000000
      228637000	     11330	800046bc	41f4d633	sra	x12,x9,x31	  x9:0x00000000 x31:0xb2510000 x12=0x00000000
      228677000	     11332	800046c0	0337f433	remu	x8,x15,x19	 x15:0x00000000 x19:0x00000000  x8=0x00000000
      228877000	     11342	800046c4	015ad713	srli	x14,x21,0x15	 x21:0x00000000 x14=0x00000000
      229677000	     11382	800046c8	03a15c33	divu	x24,x2,x26	  x2:0xfffffe58 x26:0xffffffff x24=0x00000000
      229697000	     11383	800046cc	8791	c.srai	x15,0x4	 x15:0x00000000 x15=0x00000000
      229717000	     11384	800046ce	03eace63	blt	x21,x30,8000470a	 x21:0x00000000 x30:0x80021e76
      229757000	     11386	800046d2	03051633	mulh	x12,x10,x16	 x10:0x80025ce4 x16:0xb2510000 x12=0x26d6c871
      229777000	     11387	800046d6	027f6f63	bltu	x30,x7,80004714	 x30:0x80021e76  x7:0x00000000
      229797000	     11388	800046da	02bd9f63	bne	x27,x11,80004718	 x27:0xffffffff x11:0x80021e64
      230577000	     11427	80004718	015d0c63	beq	x26,x21,80004730	 x26:0xffffffff x21:0x00000000
      230597000	     11428	8000471c	0ff0000f	fence	iorw,iorw	
      230657000	     11431	80004720	0b16	c.slli	x22,0x5	 x22:0x00006000 x22=0x000c0000
      231397000	     11468	80004722	02207b33	remu	x22,x0,x2	  x0:0x00000000  x2:0xfffffe58 x22=0x00000000
      231417000	     11469	80004726	6145	c.addi16sp	x2,48	  x2:0xfffffe58  x2=0xfffffe88
      231457000	     11471	80004728	031c9ab3	mulh	x21,x25,x17	 x25:0x00000000 x17:0x00000000 x21=0x00000000
      231477000	     11472	8000472c	8b6d9117	auipc	x2,0x8b6d9	  x2=0x0b6dd72c
      231497000	     11473	80004730	016400b3	add	x1,x8,x22	  x8:0x00000000 x22:0x00000000  x1=0x00000000
      231517000	     11474	80004734	02894f63	blt	x18,x8,80004772	 x18:0x00000000  x8:0x00000000
      231537000	     11475	80004738	8fe1	c.and	x15,x8	 x15:0x00000000  x8:0x00000000 x15=0x00000000
      231557000	     11476	8000473a	8c586cb7	lui	x25,0x8c586	 x25=0x8c586000
      231717000	     11484	8000473e	40cf82b3	sub	x5,x31,x12	 x31:0xb2510000 x12:0x26d6c871  x5=0x8b7a378f
      231737000	     11485	80004742	00b40d63	beq	x8,x11,8000475c	  x8:0x00000000 x11:0x80021e64
      231877000	     11492	80004746	02f13f33	mulhu	x30,x2,x15	  x2:0x0b6dd72c x15:0x00000000 x30=0x00000000
      231897000	     11493	8000474a	0331c663	blt	x3,x19,80004776	  x3:0x00000000 x19:0x00000000
      231937000	     11495	8000474e	02cafd63	bgeu	x21,x12,80004788	 x21:0x00000000 x12:0x26d6c871
      231957000	     11496	80004752	8471	c.srai	x8,0x1c	  x8:0x00000000  x8=0x00000000
      231977000	     11497	80004754	3d887613	andi	x12,x16,984	 x16:0xb2510000 x12=0x00000000
      232357000	     11516	80004758	0188bfb3	sltu	x31,x17,x24	 x17:0x00000000 x24:0x00000000 x31=0x00000000
      232777000	     11537	8000475c	8525	c.srai	x10,0x9	 x10:0x80025ce4 x10=0xffc0012e
      232817000	     11539	8000475e	0368fdb3	remu	x27,x17,x22	 x17:0x00000000 x22:0x00000000 x27=0x00000000
      232837000	     11540	80004762	639f6493	ori	x9,x30,1593	 x30:0x00000000  x9=0x00000639
      232857000	     11541	80004766	8361	c.srli	x14,0x18	 x14:0x00000000 x14=0x00000000
      232877000	     11542	80004768	0df2	c.slli	x27,0x1c	 x27:0x00000000 x27=0x00000000
      233257000	     11561	8000476a	007edd33	srl	x26,x29,x7	 x29:0xffff3ff9  x7:0x00000000 x26=0xffff3ff9
      233677000	     11582	8000476e	00216cb3	or	x25,x2,x2	  x2:0x0b6dd72c  x2:0x0b6dd72c x25=0x0b6dd72c
      233697000	     11583	80004772	031c4263	blt	x24,x17,80004796	 x24:0x00000000 x17:0x00000000
      233717000	     11584	80004776	01a5da63	bge	x11,x26,8000478a	 x11:0x80021e64 x26:0xffff3ff9
      233737000	     11585	8000477a	44a1a493	slti	x9,x3,1098	  x3:0x00000000  x9=0x00000001
      233757000	     11586	8000477e	54550d93	addi	x27,x10,1349	 x10:0xffc0012e x27=0xffc00673
      233877000	     11592	80004782	04808063	beq	x1,x8,800047c2	  x1:0x00000000  x8:0x00000000
      234417000	     11619	800047c2	8bc9	c.andi	x15,18	 x15:0x00000000 x15=0x00000000
      234737000	     11635	800047c4	019480b3	add	x1,x9,x25	  x9:0x00000001 x25:0x0b6dd72c  x1=0x0b6dd72d
      235157000	     11656	800047c8	656d	c.lui	x10,0x1b	 x10=0x0001b000
      235177000	     11657	800047ca	0000100f	fence.i	
      235697000	     11683	800047ce	010a5233	srl	x4,x20,x16	 x20:0x0001600c x16:0xb2510000  x4=0x0001600c
      235717000	     11684	800047d2	059ed063	bge	x29,x25,80004812	 x29:0xffff3ff9 x25:0x0b6dd72c
      235837000	     11690	800047d6	de25b993	sltiu	x19,x11,-542	 x11:0x80021e64 x19=0x00000001
      235857000	     11691	800047da	41ebd0b3	sra	x1,x23,x30	 x23:0xef46948c x30:0x00000000  x1=0xef46948c
      235877000	     11692	800047de	01647033	and	x0,x8,x22	  x8:0x00000000 x22:0x00000000  x0=0x00000000
      235937000	     11695	800047e2	4186d893	srai	x17,x13,0x18	 x13:0x80025ce4 x17=0xffffff80
      236117000	     11704	800047e6	00c29733	sll	x14,x5,x12	  x5:0x8b7a378f x12:0x00000000 x14=0x8b7a378f
      236137000	     11705	800047ea	01d83333	sltu	x6,x16,x29	 x16:0xb2510000 x29:0xffff3ff9  x6=0x00000001
      236177000	     11707	800047ee	010a5633	srl	x12,x20,x16	 x20:0x0001600c x16:0xb2510000 x12=0x0001600c
      236537000	     11725	800047f2	00316763	bltu	x2,x3,80004800	  x2:0x0b6dd72c  x3:0x00000000
      236557000	     11726	800047f6	0001	c.addi	x0,0	  x0:0x00000000  x0=0x00000000
      236717000	     11734	800047f8	0323b133	mulhu	x2,x7,x18	  x7:0x00000000 x18:0x00000000  x2=0x00000000
      237097000	     11753	800047fc	7d29f617	auipc	x12,0x7d29f	 x12=0xfd2a37fc
      237137000	     11755	80004800	03d2b9b3	mulhu	x19,x5,x29	  x5:0x8b7a378f x29:0xffff3ff9 x19=0x8b79ceef
      237157000	     11756	80004804	01911893	slli	x17,x2,0x19	  x2:0x00000000 x17=0x00000000
      237177000	     11757	80004808	00493033	sltu	x0,x18,x4	 x18:0x00000000  x4:0x0001600c  x0=0x00000000
      237197000	     11758	8000480c	0001	c.addi	x0,0	  x0:0x00000000  x0=0x00000000
      237237000	     11760	8000480e	0383d733	divu	x14,x7,x24	  x7:0x00000000 x24:0x00000000 x14=0xffffffff
      237277000	     11762	80004812	03f4e733	rem	x14,x9,x31	  x9:0x00000001 x31:0x00000000 x14=0x00000001
      237297000	     11763	80004816	6105	c.addi16sp	x2,32	  x2:0x00000000  x2=0x00000020
      237677000	     11782	80004818	01c0adb3	slt	x27,x1,x28	  x1:0xef46948c x28:0x4a200000 x27=0x00000001
      237777000	     11787	8000481c	8ce5	c.and	x9,x9	  x9:0x00000001  x9:0x00000001  x9=0x00000001
      237797000	     11788	8000481e	149c	c.addi4spn	x15,x2,608	 x15=0x00000280
      237817000	     11789	80004820	00249833	sll	x16,x9,x2	  x9:0x00000001  x2:0x00000020 x16=0x00000001
      237837000	     11790	80004824	0001	c.addi	x0,0	  x0:0x00000000  x0=0x00000000
      237857000	     11791	80004826	62b5	c.lui	x5,0xd	  x5=0x0000d000
      237997000	     11798	80004828	9a7d	c.andi	x12,-1	 x12:0xfd2a37fc x12=0xfd2a37fc
      238017000	     11799	8000482a	0d8e	c.slli	x27,0x3	 x27:0x00000001 x27=0x00000008
      238037000	     11800	8000482c	8c72	c.mv	x24,x28	  x0:0x00000000 x28:0x4a200000 x24=0x4a200000
      238437000	     11820	8000482e	003a0963	beq	x20,x3,80004840	 x20:0x0001600c  x3:0x00000000
      238457000	     11821	80004832	8fc9	c.or	x15,x10	 x15:0x00000280 x10:0x0001b000 x15=0x0001b280
      238477000	     11822	80004834	0d61	c.addi	x26,24	 x26:0xffff3ff9 x26=0xffff4011
      238517000	     11824	80004836	02569f63	bne	x13,x5,80004874	 x13:0x80025ce4  x5:0x0000d000
      238677000	     11832	80004874	03651163	bne	x10,x22,80004896	 x10:0x0001b000 x22:0x00000000
      239237000	     11860	80004896	020727b3	mulhsu	x15,x14,x0	 x14:0x00000001  x0:0x00000000 x15=0x00000000
      239257000	     11861	8000489a	6f65	c.lui	x30,0x19	 x30=0x00019000
      239277000	     11862	8000489c	01ffc4b3	xor	x9,x31,x31	 x31:0x00000000 x31:0x00000000  x9=0x00000000
      239297000	     11863	800048a0	8f59	c.or	x14,x14	 x14:0x00000001 x14:0x00000001 x14=0x00000001
      239317000	     11864	800048a2	009f8d33	add	x26,x31,x9	 x31:0x00000000  x9:0x00000000 x26=0x00000000
      239337000	     11865	800048a6	8d05	c.sub	x10,x9	 x10:0x0001b000  x9:0x00000000 x10=0x0001b000
      239357000	     11866	800048a8	017801b3	add	x3,x16,x23	 x16:0x00000001 x23:0xef46948c  x3=0xef46948d
      239517000	     11874	800048ac	0001	c.addi	x0,0	  x0:0x00000000  x0=0x00000000
      240277000	     11912	800048ae	03e858b3	divu	x17,x16,x30	 x16:0x00000001 x30:0x00019000 x17=0x00000000
      249777000	     12387	800048b2	8732	c.mv	x14,x12	  x0:0x00000000 x12:0xfd2a37fc x14=0xfd2a37fc
      249797000	     12388	800048b4	84f9	c.srai	x9,0x1e	  x9:0x00000000  x9=0x00000000
      249817000	     12389	800048b6	e9246413	ori	x8,x8,-366	  x8:0x00000000  x8=0xfffffe92
      249837000	     12390	800048ba	1788	c.addi4spn	x10,x2,992	 x10=0x00000400
      249857000	     12391	800048bc	8129	c.srli	x10,0xa	 x10:0x00000400 x10=0x00000001
      249877000	     12392	800048be	937a	c.add	x6,x30	  x6:0x00000001 x30:0x00019000  x6=0x00019001
      249917000	     12394	800048c0	03f024b3	mulhsu	x9,x0,x31	  x0:0x00000000 x31:0x00000000  x9=0x00000000
      249957000	     12396	800048c4	03582eb3	mulhsu	x29,x16,x21	 x16:0x00000001 x21:0x00000000 x29=0x00000000
      250237000	     12410	800048c8	0f08	c.addi4spn	x10,x2,912	 x10=0x000003b0
      250657000	     12431	800048ca	b1c9e713	ori	x14,x19,-1252	 x19:0x8b79ceef x14=0xffffffff
      250677000	     12432	800048ce	8cf5	c.and	x9,x13	  x9:0x00000000 x13:0x80025ce4  x9=0x00000000
      250997000	     12448	800048d0	8e55	c.or	x12,x13	 x12:0xfd2a37fc x13:0x80025ce4 x12=0xfd2a7ffc
      251417000	     12469	800048d2	01a45c93	srli	x25,x8,0x1a	  x8:0xfffffe92 x25=0x0000003f
      251557000	     12476	800048d6	2f320e13	addi	x28,x4,755	  x4:0x0001600c x28=0x000162ff
      251577000	     12477	800048da	0001	c.addi	x0,0	  x0:0x00000000  x0=0x00000000
      251677000	     12482	800048dc	0141df93	srli	x31,x3,0x14	  x3:0xef46948d x31=0x00000ef4
      251697000	     12483	800048e0	00bfebb3	or	x23,x31,x11	 x31:0x00000ef4 x11:0x80021e64 x23=0x80021ef4
      252117000	     12504	800048e4	04744063	blt	x8,x7,80004924	  x8:0xfffffe92  x7:0x00000000
      253077000	     12552	80004924	0032d363	bge	x5,x3,8000492a	  x5:0x0000d000  x3:0xef46948d
      253697000	     12583	8000492a	00b2df93	srli	x31,x5,0xb	  x5:0x0000d000 x31=0x0000001a
      253717000	     12584	8000492e	8731	c.srai	x14,0xc	 x14:0xffffffff x14=0xffffffff
      253857000	     12591	80004930	006fd093	srli	x1,x31,0x6	 x31:0x0000001a  x1=0x00000000
      254137000	     12605	80004934	01e7c633	xor	x12,x15,x30	 x15:0x00000000 x30:0x00019000 x12=0x00019000
      254257000	     12611	80004938	d061ee97	auipc	x29,0xd061e	 x29=0x50622938
      254297000	     12613	8000493c	683d	c.lui	x16,0xf	 x16=0x0000f000
      254317000	     12614	8000493e	00cf54b3	srl	x9,x30,x12	 x30:0x00019000 x12:0x00019000  x9=0x00019000
      254337000	     12615	80004942	8499	c.srai	x9,0x6	  x9:0x00019000  x9=0x00000640
      254457000	     12621	80004944	01095d63	bge	x18,x16,8000495e	 x18:0x00000000 x16:0x0000f000
      254477000	     12622	80004948	017af9b3	and	x19,x21,x23	 x21:0x00000000 x23:0x80021ef4 x19=0x00000000
      254497000	     12623	8000494c	40270fb3	sub	x31,x14,x2	 x14:0xffffffff  x2:0x00000020 x31=0xffffffdf
      254517000	     12624	80004950	0ff0000f	fence	iorw,iorw	
      254717000	     12634	80004954	eb91	c.bnez	x15,80004968	 x15:0x00000000
      254737000	     12635	80004956	01f708b3	add	x17,x14,x31	 x14:0xffffffff x31:0xffffffdf x17=0xffffffde
      255037000	     12650	8000495a	000f3233	sltu	x4,x30,x0	 x30:0x00019000  x0:0x00000000  x4=0x00000000
      255457000	     12671	8000495e	001adeb3	srl	x29,x21,x1	 x21:0x00000000  x1:0x00000000 x29=0x00000000
      255477000	     12672	80004962	717d	c.addi16sp	x2,-16	  x2:0x00000020  x2=0x00000010
      255497000	     12673	80004964	002bceb3	xor	x29,x23,x2	 x23:0x80021ef4  x2:0x00000010 x29=0x80021ee4
      255517000	     12674	80004968	8c69	c.and	x8,x10	  x8:0xfffffe92 x10:0x000003b0  x8=0x00000290
      255537000	     12675	8000496a	7ca5cf13	xori	x30,x11,1994	 x11:0x80021e64 x30=0x800219ae
      255557000	     12676	8000496e	8ff1	c.and	x15,x12	 x15:0x00000000 x12:0x00019000 x15=0x00000000
      255677000	     12682	80004970	40ad5db3	sra	x27,x26,x10	 x26:0x00000000 x10:0x000003b0 x27=0x00000000
      256097000	     12703	80004974	1390	c.addi4spn	x12,x2,480	 x12=0x000001f0
      256117000	     12704	80004976	0099ab33	slt	x22,x19,x9	 x19:0x00000000  x9:0x00000640 x22=0x00000001
      256137000	     12705	8000497a	717d	c.addi16sp	x2,-16	  x2:0x00000010  x2=0x00000000
      256537000	     12725	8000497c	023f9663	bne	x31,x3,800049a8	 x31:0xffffffdf  x3:0xef46948d
      257237000	     12760	800049a8	0000100f	fence.i	
      258157000	     12806	800049ac	02fa7cb3	remu	x25,x20,x15	 x20:0x0001600c x15:0x00000000 x25=0x0001600c
      258177000	     12807	800049b0	40300233	sub	x4,x0,x3	  x0:0x00000000  x3:0xef46948d  x4=0x10b96b73
      258457000	     12821	800049b4	bfbf4813	xori	x16,x30,-1029	 x30:0x800219ae x16=0x7ffde255
      258477000	     12822	800049b8	ee09	c.bnez	x12,800049d2	 x12:0x000001f0
      258877000	     12842	800049d2	4b922a93	slti	x21,x4,1209	  x4:0x10b96b73 x21=0x00000000
      258917000	     12844	800049d6	02f4db33	divu	x22,x9,x15	  x9:0x00000640 x15:0x00000000 x22=0xffffffff
      258937000	     12845	800049da	8231	c.srli	x12,0xc	 x12:0x000001f0 x12=0x00000000
      259337000	     12865	800049dc	03ba9233	mulh	x4,x21,x27	 x21:0x00000000 x27:0x00000000  x4=0x00000000
      259377000	     12867	800049e0	024d4733	div	x14,x26,x4	 x26:0x00000000  x4:0x00000000 x14=0xffffffff
      259397000	     12868	800049e4	0315cc63	blt	x11,x17,80004a1c	 x11:0x80021e64 x17:0xffffffde
      259857000	     12891	80004a1c	6109	c.addi16sp	x2,128	  x2:0x00000000  x2=0x00000080
      259877000	     12892	80004a1e	00348a33	add	x20,x9,x3	  x9:0x00000640  x3:0xef46948d x20=0xef469acd
      259897000	     12893	80004a22	8f21	c.xor	x14,x8	 x14:0xffffffff  x8:0x00000290 x14=0xfffffd6f
      259917000	     12894	80004a24	007b1093	slli	x1,x22,0x7	 x22:0xffffffff  x1=0xffffff80
      260657000	     12931	80004a28	028169b3	rem	x19,x2,x8	  x2:0x00000080  x8:0x00000290 x19=0x00000080
      260677000	     12932	80004a2c	8c29	c.xor	x8,x10	  x8:0x00000290 x10:0x000003b0  x8=0x00000120
      260717000	     12934	80004a2e	0196f933	and	x18,x13,x25	 x13:0x80025ce4 x25:0x0001600c x18=0x00004004
      260737000	     12935	80004a32	0d98	c.addi4spn	x14,x2,720	 x14=0x00000350
      260757000	     12936	80004a34	0f08	c.addi4spn	x10,x2,912	 x10=0x00000410
      261097000	     12953	80004a36	0000100f	fence.i	
      262337000	     13015	80004a3a	021b1c63	bne	x22,x1,80004a72	 x22:0xffffffff  x1:0xffffff80
      262957000	     13046	80004a72	0a5d	c.addi	x20,23	 x20:0xef469acd x20=0xef469ae4
      263097000	     13053	80004a74	3f392b13	slti	x22,x18,1011	 x18:0x00004004 x22=0x00000000
      263117000	     13054	80004a78	0053cb63	blt	x7,x5,80004a8e	  x7:0x00000000  x5:0x0000d000
      263497000	     13073	80004a8e	03415063	bge	x2,x20,80004aae	  x2:0x00000080 x20:0xef469ae4
      263617000	     13079	80004aae	8f45	c.or	x14,x9	 x14:0x00000350  x9:0x00000640 x14=0x00000750
      263657000	     13081	80004ab0	8fb1	c.xor	x15,x12	 x15:0x00000000 x12:0x00000000 x15=0x00000000
      264077000	     13102	80004ab2	01ab5713	srli	x14,x22,0x1a	 x22:0x00000000 x14=0x00000000
      264097000	     13103	80004ab6	854de493	ori	x9,x27,-1964	 x27:0x00000000  x9=0xfffff854
      264117000	     13104	80004aba	c091	c.beqz	x9,80004abe	  x9:0xfffff854
      264497000	     13123	80004abc	8d69	c.and	x10,x10	 x10:0x00000410 x10:0x00000410 x10=0x00000410
      264517000	     13124	80004abe	835d	c.srli	x14,0x17	 x14:0x00000000 x14=0x00000000
      264617000	     13129	80004ac0	932e	c.add	x6,x11	  x6:0x00019001 x11:0x80021e64  x6=0x8003ae65
      264637000	     13130	80004ac2	01977cb3	and	x25,x14,x25	 x14:0x00000000 x25:0x0001600c x25=0x00000000
      264957000	     13146	80004ac6	1fb96997	auipc	x19,0x1fb96	 x19=0x9fb9aac6
      264977000	     13147	80004aca	01fe9533	sll	x10,x29,x31	 x29:0x80021ee4 x31:0xffffffdf x10=0x00000000
      264997000	     13148	80004ace	9266	c.add	x4,x25	  x4:0x00000000 x25:0x00000000  x4=0x00000000
      265037000	     13150	80004ad0	02819b33	mulh	x22,x3,x8	  x3:0xef46948d  x8:0x00000120 x22=0xffffffed
      265057000	     13151	80004ad4	008aca63	blt	x21,x8,80004ae8	 x21:0x00000000  x8:0x00000120
      265937000	     13195	80004ae8	03f4c0b3	div	x1,x9,x31	  x9:0xfffff854 x31:0xffffffdf  x1=0x0000003b
      265957000	     13196	80004aec	05ec4263	blt	x24,x30,80004b30	 x24:0x4a200000 x30:0x800219ae
      265977000	     13197	80004af0	01ca4333	xor	x6,x20,x28	 x20:0xef469ae4 x28:0x000162ff  x6=0xef47f81b
      265997000	     13198	80004af4	00137833	and	x16,x6,x1	  x6:0xef47f81b  x1:0x0000003b x16=0x0000001b
      266017000	     13199	80004af8	04875063	bge	x14,x8,80004b38	 x14:0x00000000  x8:0x00000120
      266037000	     13200	80004afc	002547b3	xor	x15,x10,x2	 x10:0x00000000  x2:0x00000080 x15=0x00000080
      266137000	     13205	80004b00	01ff9113	slli	x2,x31,0x1f	 x31:0xffffffdf  x2=0x80000000
      266557000	     13226	80004b04	849d	c.srai	x9,0x7	  x9:0xfffff854  x9=0xfffffff0
      266677000	     13232	80004b06	00639763	bne	x7,x6,80004b14	  x7:0x00000000  x6:0xef47f81b
      266977000	     13247	80004b14	012a54b3	srl	x9,x20,x18	 x20:0xef469ae4 x18:0x00004004  x9=0x0ef469ae
      267037000	     13250	80004b18	02a0a533	mulhsu	x10,x1,x10	  x1:0x0000003b x10:0x00000000 x10=0x00000000
      267397000	     13268	80004b1c	40785993	srai	x19,x16,0x7	 x16:0x0000001b x19=0x00000000
      267817000	     13289	80004b20	02cff233	remu	x4,x31,x12	 x31:0xffffffdf x12:0x00000000  x4=0xffffffdf
      268037000	     13300	80004b24	40e0da13	srai	x20,x1,0xe	  x1:0x0000003b x20=0x00000000
      268057000	     13301	80004b28	0263c763	blt	x7,x6,80004b56	  x7:0x00000000  x6:0xef47f81b
      268077000	     13302	80004b2c	00bb9f63	bne	x23,x11,80004b4a	 x23:0x80021ef4 x11:0x80021e64
      268217000	     13309	80004b4a	01a04db3	xor	x27,x0,x26	  x0:0x00000000 x26:0x00000000 x27=0x00000000
      268417000	     13319	80004b4e	033f7733	remu	x14,x30,x19	 x30:0x800219ae x19:0x00000000 x14=0x800219ae
      268437000	     13320	80004b52	019dd993	srli	x19,x27,0x19	 x27:0x00000000 x19=0x00000000
      268597000	     13328	80004b56	029c5a63	bge	x24,x9,80004b8a	 x24:0x4a200000  x9:0x0ef469ae
      269737000	     13385	80004b8a	0191cd33	xor	x26,x3,x25	  x3:0xef46948d x25:0x00000000 x26=0xef46948d
      269877000	     13392	80004b8e	0373dd63	bge	x7,x23,80004bc8	  x7:0x00000000 x23:0x80021ef4
      270937000	     13445	80004bc8	987d	c.andi	x8,-1	  x8:0x00000120  x8=0x00000120
      270957000	     13446	80004bca	cf8d	c.beqz	x15,80004c04	 x15:0x00000080
      270977000	     13447	80004bcc	84e1	c.srai	x9,0x18	  x9:0x0ef469ae  x9=0x0000000e
      270997000	     13448	80004bce	87cd	c.srai	x15,0x13	 x15:0x00000080 x15=0x00000000
      271777000	     13487	80004bd0	032feab3	rem	x21,x31,x18	 x31:0xffffffdf x18:0x00004004 x21=0xffffffdf
      271797000	     13488	80004bd4	007af833	and	x16,x21,x7	 x21:0xffffffdf  x7:0x00000000 x16=0x00000000
      271817000	     13489	80004bd8	8fbd	c.xor	x15,x15	 x15:0x00000000 x15:0x00000000 x15=0x00000000
      271837000	     13490	80004bda	02c7dc63	bge	x15,x12,80004c12	 x15:0x00000000 x12:0x00000000
      272137000	     13505	80004c12	c9877fb7	lui	x31,0xc9877	 x31=0xc9877000
      272897000	     13543	80004c16	03266e33	rem	x28,x12,x18	 x12:0x00000000 x18:0x00004004 x28=0x00000000
      272937000	     13545	80004c1a	021ead33	mulhsu	x26,x29,x1	 x29:0x80021ee4  x1:0x0000003b x26=0xffffffe2
      272957000	     13546	80004c1e	670d	c.lui	x14,0x3	 x14=0x00003000
      272997000	     13548	80004c20	032e38b3	mulhu	x17,x28,x18	 x28:0x00000000 x18:0x00004004 x17=0x00000000
      273017000	     13549	80004c24	01adce63	blt	x27,x26,80004c40	 x27:0x00000000 x26:0xffffffe2
      273037000	     13550	80004c28	05876263	bltu	x14,x24,80004c6c	 x14:0x00003000 x24:0x4a200000
      273677000	     13582	80004c6c	8ffd	c.and	x15,x15	 x15:0x00000000 x15:0x00000000 x15=0x00000000
      273757000	     13586	80004c6e	000ad013	srli	x0,x21,0x0	 x21:0xffffffdf  x0=0x00000000
      273777000	     13587	80004c72	0ff0000f	fence	iorw,iorw	
      273797000	     13588	80004c76	1d9c	c.addi4spn	x15,x2,752	 x15=0x800002f0
      273817000	     13589	80004c78	0359	c.addi	x6,22	  x6:0xef47f81b  x6=0xef47f831
      273837000	     13590	80004c7a	01299c13	slli	x24,x19,0x12	 x19:0x00000000 x24=0x00000000
      274197000	     13608	80004c7e	000c5313	srli	x6,x24,0x0	 x24:0x00000000  x6=0x00000000
      274217000	     13609	80004c82	32aca7b7	lui	x15,0x32aca	 x15=0x32aca000
      274957000	     13646	80004c86	02ec4733	div	x14,x24,x14	 x24:0x00000000 x14:0x00003000 x14=0x00000000
      274977000	     13647	80004c8a	0001	c.addi	x0,0	  x0:0x00000000  x0=0x00000000
      274997000	     13648	80004c8c	717d	c.addi16sp	x2,-16	  x2:0x80000000  x2=0x7ffffff0
      275017000	     13649	80004c8e	02888c13	addi	x24,x17,40	 x17:0x00000000 x24=0x00000028
      275037000	     13650	80004c92	8fb5	c.xor	x15,x13	 x15:0x32aca000 x13:0x80025ce4 x15=0xb2aefce4
      275057000	     13651	80004c94	0ff0000f	fence	iorw,iorw	
      275097000	     13653	80004c98	0289afb3	mulhsu	x31,x19,x8	 x19:0x00000000  x8:0x00000120 x31=0x00000000
      275157000	     13656	80004c9c	03501533	mulh	x10,x0,x21	  x0:0x00000000 x21:0xffffffdf x10=0x00000000
      275317000	     13664	80004ca0	03754b63	blt	x10,x23,80004cd6	 x10:0x00000000 x23:0x80021ef4
      275537000	     13675	80004ca4	d8d85197	auipc	x3,0xd8d85	  x3=0x58d89ca4
      275557000	     13676	80004ca8	01a6f033	and	x0,x13,x26	 x13:0x80025ce4 x26:0xffffffe2  x0=0x00000000
      275977000	     13697	80004cac	0001	c.addi	x0,0	  x0:0x00000000  x0=0x00000000
      275997000	     13698	80004cae	03606d63	bltu	x0,x22,80004ce8	  x0:0x00000000 x22:0xffffffed
      276937000	     13745	80004ce8	0038d893	srli	x17,x17,0x3	 x17:0x00000000 x17=0x00000000
      276977000	     13747	80004cec	0348f933	remu	x18,x17,x20	 x17:0x00000000 x20:0x00000000 x18=0x00000000
      276997000	     13748	80004cf0	994a	c.add	x18,x18	 x18:0x00000000 x18:0x00000000 x18=0x00000000
      277017000	     13749	80004cf2	717d	c.addi16sp	x2,-16	  x2:0x7ffffff0  x2=0x7fffffe0
      277037000	     13750	80004cf4	4df9	c.li	x27,30	 x27=0x0000001e
      277117000	     13754	80004cf6	02f78d63	beq	x15,x15,80004d30	 x15:0xb2aefce4 x15:0xb2aefce4
      278297000	     13813	80004d30	0116ce33	xor	x28,x13,x17	 x13:0x80025ce4 x17:0x00000000 x28=0x80025ce4
      278417000	     13819	80004d34	a047bb13	sltiu	x22,x15,-1532	 x15:0xb2aefce4 x22=0x00000001
      278837000	     13840	80004d38	4097db33	sra	x22,x15,x9	 x15:0xb2aefce4  x9:0x0000000e x22=0xfffecabb
      279177000	     13857	80004d3c	0e8a	c.slli	x29,0x2	 x29:0x80021ee4 x29=0x00087b90
      279197000	     13858	80004d3e	933e	c.add	x6,x15	  x6:0x00000000 x15:0xb2aefce4  x6=0xb2aefce4
      279237000	     13860	80004d40	028f1233	mulh	x4,x30,x8	 x30:0x800219ae  x8:0x00000120  x4=0xffffff70
      279277000	     13862	80004d44	00e43033	sltu	x0,x8,x14	  x8:0x00000120 x14:0x00000000  x0=0x00000000
      280157000	     13906	80004d48	03b9f8b3	remu	x17,x19,x27	 x19:0x00000000 x27:0x0000001e x17=0x00000000
      280177000	     13907	80004d4c	1b84	c.addi4spn	x9,x2,496	  x9=0x800001d0
      280197000	     13908	80004d4e	8f51	c.or	x14,x12	 x14:0x00000000 x12:0x00000000 x14=0x00000000
      280217000	     13909	80004d50	c715	c.beqz	x14,80004d7c	 x14:0x00000000
      280677000	     13932	80004d7c	01f8a633	slt	x12,x17,x31	 x17:0x00000000 x31:0x00000000 x12=0x00000000
      280737000	     13935	80004d80	037d38b3	mulhu	x17,x26,x23	 x26:0xffffffe2 x23:0x80021ef4 x17=0x80021ee4
      280757000	     13936	80004d84	6995	c.lui	x19,0x5	 x19=0x00005000
      280777000	     13937	80004d86	717d	c.addi16sp	x2,-16	  x2:0x7fffffe0  x2=0x7fffffd0
      280797000	     13938	80004d88	00d6bc33	sltu	x24,x13,x13	 x13:0x80025ce4 x13:0x80025ce4 x24=0x00000000
      280817000	     13939	80004d8c	045cd263	bge	x25,x5,80004dd0	 x25:0x00000000  x5:0x0000d000
      281197000	     13958	80004d90	c38c5d17	auipc	x26,0xc38c5	 x26=0x438c9d90
      281217000	     13959	80004d94	41d98eb3	sub	x29,x19,x29	 x19:0x00005000 x29:0x00087b90 x29=0xfff7d470
      281237000	     13960	80004d98	05921163	bne	x4,x25,80004dda	  x4:0xffffff70 x25:0x00000000
      282417000	     14019	80004dda	0ff0000f	fence	iorw,iorw	
      282797000	     14038	80004dde	903e3e13	sltiu	x28,x28,-1789	 x28:0x80025ce4 x28=0x00000001
      282937000	     14045	80004de2	016f68b3	or	x17,x30,x22	 x30:0x800219ae x22:0xfffecabb x17=0xfffedbbf
      283257000	     14061	80004de6	0350db63	bge	x1,x21,80004e1c	  x1:0x0000003b x21:0xffffffdf
      284257000	     14111	80004e1c	00b60463	beq	x12,x11,80004e24	 x12:0x00000000 x11:0x80021e64
      284377000	     14117	80004e20	0ff0000f	fence	iorw,iorw	
      284397000	     14118	80004e24	0900	c.addi4spn	x8,x2,144	  x8=0x80000060
      284417000	     14119	80004e26	0073a633	slt	x12,x7,x7	  x7:0x00000000  x7:0x00000000 x12=0x00000000
      284437000	     14120	80004e2a	e48d	c.bnez	x9,80004e54	  x9:0x800001d0
      285637000	     14180	80004e54	03fa8a33	mul	x20,x21,x31	 x21:0xffffffdf x31:0x00000000 x20=0x00000000
      285777000	     14187	80004e58	8829	c.andi	x8,10	  x8:0x80000060  x8=0x00000000
      285797000	     14188	80004e5a	0118	c.addi4spn	x14,x2,128	 x14=0x80000050
      285817000	     14189	80004e5c	0488	c.addi4spn	x10,x2,576	 x10=0x80000210
      286217000	     14209	80004e5e	411c5933	sra	x18,x24,x17	 x24:0x00000000 x17:0xfffedbbf x18=0x00000000
      287137000	     14255	80004e62	03633c33	mulhu	x24,x6,x22	  x6:0xb2aefce4 x22:0xfffecabb x24=0xb2ae2506
      287157000	     14256	80004e66	41930cb3	sub	x25,x6,x25	  x6:0xb2aefce4 x25:0x00000000 x25=0xb2aefce4
      287197000	     14258	80004e6a	03ea9db3	mulh	x27,x21,x30	 x21:0xffffffdf x30:0x800219ae x27=0x00000010
      287217000	     14259	80004e6e	8c8d	c.sub	x9,x11	  x9:0x800001d0 x11:0x80021e64  x9=0xfffde36c
      287237000	     14260	80004e70	9186e313	ori	x6,x13,-1768	 x13:0x80025ce4  x6=0xfffffdfc
      287257000	     14261	80004e74	0001	c.addi	x0,0	  x0:0x00000000  x0=0x00000000
      287277000	     14262	80004e76	c2426f93	ori	x31,x4,-988	  x4:0xffffff70 x31=0xffffff74
      287297000	     14263	80004e7a	0c5e	c.slli	x24,0x17	 x24:0xb2ae2506 x24=0x83000000
      287317000	     14264	80004e7c	03478e33	mul	x28,x15,x20	 x15:0xb2aefce4 x20:0x00000000 x28=0x00000000
      287417000	     14269	80004e80	01c37d63	bgeu	x6,x28,80004e9a	  x6:0xfffffdfc x28:0x00000000
      288157000	     14306	80004e9a	55da1517	auipc	x10,0x55da1	 x10=0xd5da5e9a
      288177000	     14307	80004e9e	6731	c.lui	x14,0xc	 x14=0x0000c000
      288257000	     14311	80004ea0	003be433	or	x8,x23,x3	 x23:0x80021ef4  x3:0x58d89ca4  x8=0xd8da9ef4
      288277000	     14312	80004ea4	3b1aca13	xori	x20,x21,945	 x21:0xffffffdf x20=0xfffffc6e
      288397000	     14318	80004ea8	4103dc13	srai	x24,x7,0x10	  x7:0x00000000 x24=0x00000000
      288737000	     14335	80004eac	0001	c.addi	x0,0	  x0:0x00000000  x0=0x00000000
      288757000	     14336	80004eae	f9673317	auipc	x6,0xf9673	  x6=0x79677eae
      289077000	     14352	80004eb2	29600eb7	lui	x29,0x29600	 x29=0x29600000
      289117000	     14354	80004eb6	02712733	mulhsu	x14,x2,x7	  x2:0x7fffffd0  x7:0x00000000 x14=0x00000000
      289137000	     14355	80004eba	0ea5	c.addi	x29,9	 x29:0x29600000 x29=0x29600009
      289177000	     14357	80004ebc	03321db3	mulh	x27,x4,x19	  x4:0xffffff70 x19:0x00005000 x27=0xffffffff
      289197000	     14358	80004ec0	8d59	c.or	x10,x14	 x10:0xd5da5e9a x14:0x00000000 x10=0xd5da5e9a
      289217000	     14359	80004ec2	4d7b6613	ori	x12,x22,1239	 x22:0xfffecabb x12=0xfffeceff
      289237000	     14360	80004ec6	0031d333	srl	x6,x3,x3	  x3:0x58d89ca4  x3:0x58d89ca4  x6=0x058d89ca
      289257000	     14361	80004eca	30286e93	ori	x29,x16,770	 x16:0x00000000 x29=0x00000302
      289277000	     14362	80004ece	117d	c.addi	x2,-1	  x2:0x7fffffd0  x2=0x7fffffcf
      289357000	     14366	80004ed0	0001	c.addi	x0,0	  x0:0x00000000  x0=0x00000000
      289497000	     14373	80004ed2	02d20233	mul	x4,x4,x13	  x4:0xffffff70 x13:0x80025ce4  x4=0xfeabbfc0
      289637000	     14380	80004ed6	9390a313	slti	x6,x1,-1735	  x1:0x0000003b  x6=0x00000000
      289657000	     14381	80004eda	c619	c.beqz	x12,80004ee8	 x12:0xfffeceff
      289677000	     14382	80004edc	00bf5f33	srl	x30,x30,x11	 x30:0x800219ae x11:0x80021e64 x30=0x0800219a
      289837000	     14390	80004ee0	02309163	bne	x1,x3,80004f02	  x1:0x0000003b  x3:0x58d89ca4
      290457000	     14421	80004f02	8ae2	c.mv	x21,x24	  x0:0x00000000 x24:0x00000000 x21=0x00000000
      290477000	     14422	80004f04	1afd	c.addi	x21,-1	 x21:0x00000000 x21=0xffffffff
      290497000	     14423	80004f06	8d25	c.xor	x10,x9	 x10:0xd5da5e9a  x9:0xfffde36c x10=0x2a27bdf6
      291237000	     14460	80004f08	039e5b33	divu	x22,x28,x25	 x28:0x00000000 x25:0xb2aefce4 x22=0x00000000
      291977000	     14497	80004f0c	0373fcb3	remu	x25,x7,x23	  x7:0x00000000 x23:0x80021ef4 x25=0x00000000
      291997000	     14498	80004f10	000b5a33	srl	x20,x22,x0	 x22:0x00000000  x0:0x00000000 x20=0x00000000
      292017000	     14499	80004f14	015c2ab3	slt	x21,x24,x21	 x24:0x00000000 x21:0xffffffff x21=0x00000000
      292037000	     14500	80004f18	cf01	c.beqz	x14,80004f30	 x14:0x00000000
      292117000	     14504	80004f30	010f9b13	slli	x22,x31,0x10	 x31:0xffffff74 x22=0xff740000
      292457000	     14521	80004f34	0626	c.slli	x12,0x9	 x12:0xfffeceff x12=0xfd9dfe00
      292617000	     14529	80004f36	03e47f63	bgeu	x8,x30,80004f74	  x8:0xd8da9ef4 x30:0x0800219a
      293777000	     14587	80004f74	40c75793	srai	x15,x14,0xc	 x14:0x00000000 x15=0x00000000
      294217000	     14609	80004f78	02f638b3	mulhu	x17,x12,x15	 x12:0xfd9dfe00 x15:0x00000000 x17=0x00000000
      294237000	     14610	80004f7c	b9cea813	slti	x16,x29,-1124	 x29:0x00000302 x16=0x00000000
      294257000	     14611	80004f80	1588	c.addi4spn	x10,x2,736	 x10=0x800002af
      294277000	     14612	80004f82	401e5b93	srai	x23,x28,0x1	 x28:0x00000000 x23=0x00000000
      294317000	     14614	80004f86	019cae33	slt	x28,x25,x25	 x25:0x00000000 x25:0x00000000 x28=0x00000000
      294337000	     14615	80004f8a	717d	c.addi16sp	x2,-16	  x2:0x7fffffcf  x2=0x7fffffbf
      294517000	     14624	80004f8c	02e607b3	mul	x15,x12,x14	 x12:0xfd9dfe00 x14:0x00000000 x15=0x00000000
      294537000	     14625	80004f90	8c79	c.and	x8,x14	  x8:0xd8da9ef4 x14:0x00000000  x8=0x00000000
      294557000	     14626	80004f92	01bf1c13	slli	x24,x30,0x1b	 x30:0x0800219a x24=0xd0000000
      294757000	     14636	80004f96	416f5713	srai	x14,x30,0x16	 x30:0x0800219a x14=0x00000020
      294777000	     14637	80004f9a	8325	c.srli	x14,0x9	 x14:0x00000020 x14=0x00000000
      294797000	     14638	80004f9c	8fed	c.and	x15,x11	 x15:0x00000000 x11:0x80021e64 x15=0x00000000
      294817000	     14639	80004f9e	0001	c.addi	x0,0	  x0:0x00000000  x0=0x00000000
      294837000	     14640	80004fa0	01e59863	bne	x11,x30,80004fb0	 x11:0x80021e64 x30:0x0800219a
      295577000	     14677	80004fb0	8cfd	c.and	x9,x15	  x9:0xfffde36c x15:0x00000000  x9=0x00000000
      295717000	     14684	80004fb2	00bebeb3	sltu	x29,x29,x11	 x29:0x00000302 x11:0x80021e64 x29=0x00000001
      296157000	     14706	80004fb6	02191fb3	mulh	x31,x18,x1	 x18:0x00000000  x1:0x0000003b x31=0x00000000
      296217000	     14709	80004fba	000c8c33	add	x24,x25,x0	 x25:0x00000000  x0:0x00000000 x24=0x00000000
      296237000	     14710	80004fbe	0e5a	c.slli	x28,0x16	 x28:0x00000000 x28=0x00000000
      296257000	     14711	80004fc0	41db0733	sub	x14,x22,x29	 x22:0xff740000 x29:0x00000001 x14=0xff73ffff
      296277000	     14712	80004fc4	01e9d093	srli	x1,x19,0x1e	 x19:0x00005000  x1=0x00000000
      296337000	     14715	80004fc8	92f6	c.add	x5,x29	  x5:0x0000d000 x29:0x00000001  x5=0x0000d001
      296357000	     14716	80004fca	8e01	c.sub	x12,x8	 x12:0xfd9dfe00  x8:0x00000000 x12=0xfd9dfe00
      296377000	     14717	80004fcc	0049b7b3	sltu	x15,x19,x4	 x19:0x00005000  x4:0xfeabbfc0 x15=0x00000001
      296777000	     14737	80004fd0	1788	c.addi4spn	x10,x2,992	 x10=0x8000039f
      296797000	     14738	80004fd2	6945	c.lui	x18,0x11	 x18=0x00011000
      296837000	     14740	80004fd4	0353cd33	div	x26,x7,x21	  x7:0x00000000 x21:0x00000000 x26=0xffffffff
      296857000	     14741	80004fd8	11022313	slti	x6,x4,272	  x4:0xfeabbfc0  x6=0x00000001
      297037000	     14750	80004fdc	ed0d	c.bnez	x10,80005016	 x10:0x8000039f
      298017000	     14799	80005016	00fad293	srli	x5,x21,0xf	 x21:0x00000000  x5=0x00000000
      298037000	     14800	8000501a	127d	c.addi	x4,-1	  x4:0xfeabbfc0  x4=0xfeabbfbf
      298177000	     14807	8000501c	83f5	c.srli	x15,0x1d	 x15:0x00000001 x15=0x00000000
      298197000	     14808	8000501e	8e6e	c.mv	x28,x27	  x0:0x00000000 x27:0xffffffff x28=0xffffffff
      298297000	     14813	80005020	0000100f	fence.i	
      298697000	     14833	80005024	8fb1	c.xor	x15,x12	 x15:0x00000000 x12:0xfd9dfe00 x15=0xfd9dfe00
      298717000	     14834	80005026	8fe9	c.and	x15,x10	 x15:0xfd9dfe00 x10:0x8000039f x15=0x80000200
      298797000	     14838	80005028	0279eb33	rem	x22,x19,x7	 x19:0x00005000  x7:0x00000000 x22=0x00005000
      298957000	     14846	8000502c	8ce5	c.and	x9,x9	  x9:0x00000000  x9:0x00000000  x9=0x00000000
      298977000	     14847	8000502e	1508	c.addi4spn	x10,x2,672	 x10=0x8000025f
      299317000	     14864	80005030	00953533	sltu	x10,x10,x9	 x10:0x8000025f  x9:0x00000000 x10=0x00000000
      299377000	     14867	80005034	02545533	divu	x10,x8,x5	  x8:0x00000000  x5:0x00000000 x10=0xffffffff
      300117000	     14904	80005038	02b46f33	rem	x30,x8,x11	  x8:0x00000000 x11:0x80021e64 x30=0x00000000
      300137000	     14905	8000503c	e11d	c.bnez	x10,80005062	 x10:0xffffffff
      300377000	     14917	80005062	01583b33	sltu	x22,x16,x21	 x16:0x00000000 x21:0x00000000 x22=0x00000000
      300617000	     14929	80005066	025918b3	mulh	x17,x18,x5	 x18:0x00011000  x5:0x00000000 x17=0x00000000
      300637000	     14930	8000506a	5f842313	slti	x6,x8,1528	  x8:0x00000000  x6=0x00000001
      300677000	     14932	8000506e	0195ac33	slt	x24,x11,x25	 x11:0x80021e64 x25:0x00000000 x24=0x00000001
      300697000	     14933	80005072	02bd5663	bge	x26,x11,8000509e	 x26:0xffffffff x11:0x80021e64
      301417000	     14969	8000509e	013a3bb3	sltu	x23,x20,x19	 x20:0x00000000 x19:0x00005000 x23=0x00000001
      302157000	     15006	800050a2	02c261b3	rem	x3,x4,x12	  x4:0xfeabbfbf x12:0xfd9dfe00  x3=0xfeabbfbf
      302177000	     15007	800050a6	9422	c.add	x8,x8	  x8:0x00000000  x8:0x00000000  x8=0x00000000
      302197000	     15008	800050a8	8215ac13	slti	x24,x11,-2015	 x11:0x80021e64 x24=0x00000001
      302217000	     15009	800050ac	621fe493	ori	x9,x31,1569	 x31:0x00000000  x9=0x00000621
      302237000	     15010	800050b0	870e	c.mv	x14,x3	  x0:0x00000000  x3:0xfeabbfbf x14=0xfeabbfbf
      302977000	     15047	800050b2	022b4a33	div	x20,x22,x2	 x22:0x00000000  x2:0x7fffffbf x20=0x00000000
      302997000	     15048	800050b6	427c3213	sltiu	x4,x24,1063	 x24:0x00000001  x4=0x00000001
      303017000	     15049	800050ba	866d	c.srai	x12,0x1b	 x12:0xfd9dfe00 x12=0xffffffff
      303037000	     15050	800050bc	d3c4e513	ori	x10,x9,-708	  x9:0x00000621 x10=0xffffff3d
      303057000	     15051	800050c0	8a42	c.mv	x20,x16	  x0:0x00000000 x16:0x00000000 x20=0x00000000
      303077000	     15052	800050c2	05680063	beq	x16,x22,80005102	 x16:0x00000000 x22:0x00000000
      303377000	     15067	80005102	417ed1b3	sra	x3,x29,x23	 x29:0x00000001 x23:0x00000001  x3=0x00000000
      303437000	     15070	80005106	7cb23113	sltiu	x2,x4,1995	  x4:0x00000001  x2=0x00000001
      303557000	     15076	8000510a	0000100f	fence.i	
      304877000	     15142	8000510e	40fdd613	srai	x12,x27,0xf	 x27:0xffffffff x12=0xffffffff
      304897000	     15143	80005112	80f9	c.srli	x9,0x1e	  x9:0x00000621  x9=0x00000000
      305077000	     15152	80005114	0998	c.addi4spn	x14,x2,208	 x14=0x000000d1
      305097000	     15153	80005116	00f8f533	and	x10,x17,x15	 x17:0x00000000 x15:0x80000200 x10=0x00000000
      305217000	     15159	8000511a	1d194a17	auipc	x20,0x1d194	 x20=0x9d19911a
      305237000	     15160	8000511e	8d5d	c.or	x10,x15	 x10:0x00000000 x15:0x80000200 x10=0x80000200
      305257000	     15161	80005120	0752	c.slli	x14,0x14	 x14:0x000000d1 x14=0x0d100000
      305277000	     15162	80005122	0001	c.addi	x0,0	  x0:0x00000000  x0=0x00000000
      305437000	     15170	80005124	0e0a	c.slli	x28,0x2	 x28:0xffffffff x28=0xfffffffc
      305457000	     15171	80005126	0ff0000f	fence	iorw,iorw	
      305577000	     15177	8000512a	00f40733	add	x14,x8,x15	  x8:0x00000000 x15:0x80000200 x14=0x80000200
      305597000	     15178	8000512e	0fc6	c.slli	x31,0x11	 x31:0x00000000 x31=0x00000000
      306417000	     15219	80005130	02296e33	rem	x28,x18,x2	 x18:0x00011000  x2:0x00000001 x28=0x00000000
      306437000	     15220	80005134	0490	c.addi4spn	x12,x2,576	 x12=0x00000241
      306477000	     15222	80005136	035edc33	divu	x24,x29,x21	 x29:0x00000001 x21:0x00000000 x24=0xffffffff
      306497000	     15223	8000513a	011e50b3	srl	x1,x28,x17	 x28:0x00000000 x17:0x00000000  x1=0x00000000
      306517000	     15224	8000513e	1480	c.addi4spn	x8,x2,608	  x8=0x00000261
      306537000	     15225	80005140	b5610c37	lui	x24,0xb5610	 x24=0xb5610000
      306557000	     15226	80005144	bab9d0b7	lui	x1,0xbab9d	  x1=0xbab9d000
      306757000	     15236	80005148	aea2a493	slti	x9,x5,-1302	  x5:0x00000000  x9=0x00000000
      307777000	     15287	8000514c	02ef7b33	remu	x22,x30,x14	 x30:0x00000000 x14:0x80000200 x22=0x00000000
      307797000	     15288	80005150	0157f8b3	and	x17,x15,x21	 x15:0x80000200 x21:0x00000000 x17=0x00000000
      307817000	     15289	80005154	41965033	sra	x0,x12,x25	 x12:0x00000241 x25:0x00000000  x0=0x00000000
      307837000	     15290	80005158	03d48733	mul	x14,x9,x29	  x9:0x00000000 x29:0x00000001 x14=0x00000000
      307857000	     15291	8000515c	01152233	slt	x4,x10,x17	 x10:0x80000200 x17:0x00000000  x4=0x00000001
      307937000	     15295	80005160	0241	c.addi	x4,16	  x4:0x00000001  x4=0x00000011
      307957000	     15296	80005162	0000100f	fence.i	
      308177000	     15307	80005166	9cfe	c.add	x25,x31	 x25:0x00000000 x31:0x00000000 x25=0x00000000
      308437000	     15320	80005168	01f75613	srli	x12,x14,0x1f	 x14:0x00000000 x12=0x00000000
      308597000	     15328	8000516c	8e69	c.and	x12,x10	 x12:0x00000000 x10:0x80000200 x12=0x00000000
      308617000	     15329	8000516e	eb19	c.bnez	x14,80005184	 x14:0x00000000
      308637000	     15330	80005170	0000100f	fence.i	
      308897000	     15343	80005174	0b42	c.slli	x22,0x10	 x22:0x00000000 x22=0x00000000
      308917000	     15344	80005176	4c7d3a97	auipc	x21,0x4c7d3	 x21=0xcc7d8176
      308977000	     15347	8000517a	41815113	srai	x2,x2,0x18	  x2:0x00000001  x2=0x00000000
      308997000	     15348	8000517e	0ced	c.addi	x25,27	 x25:0x00000000 x25=0x0000001b
      309397000	     15368	80005180	fe992613	slti	x12,x18,-23	 x18:0x00011000 x12=0x00000000
      309717000	     15384	80005184	527d	c.li	x4,-1	  x4=0xffffffff
      309737000	     15385	80005186	35747f13	andi	x30,x8,855	  x8:0x00000261 x30=0x00000241
      309817000	     15389	8000518a	41bf5c13	srai	x24,x30,0x1b	 x30:0x00000241 x24=0x00000000
      309977000	     15397	8000518e	417b5813	srai	x16,x22,0x17	 x22:0x00000000 x16=0x00000000
      310397000	     15418	80005192	02209f63	bne	x1,x2,800051d0	  x1:0xbab9d000  x2:0x00000000
      311137000	     15455	800051d0	00086a33	or	x20,x16,x0	 x16:0x00000000  x0:0x00000000 x20=0x00000000
      311157000	     15456	800051d4	8296	c.mv	x5,x5	  x0:0x00000000  x5:0x00000000  x5=0x00000000
      311197000	     15458	800051d6	01aaddb3	srl	x27,x21,x26	 x21:0xcc7d8176 x26:0xffffffff x27=0x00000001
      311217000	     15459	800051da	466d	c.li	x12,27	 x12=0x0000001b
      311237000	     15460	800051dc	015f1b33	sll	x22,x30,x21	 x30:0x00000241 x21:0xcc7d8176 x22=0x90400000
      311257000	     15461	800051e0	41a0d933	sra	x18,x1,x26	  x1:0xbab9d000 x26:0xffffffff x18=0xffffffff
      312017000	     15499	800051e4	036862b3	rem	x5,x16,x22	 x16:0x00000000 x22:0x90400000  x5=0x00000000
      312037000	     15500	800051e8	0000100f	fence.i	
      312317000	     15514	800051ec	0001	c.addi	x0,0	  x0:0x00000000  x0=0x00000000
      312337000	     15515	800051ee	615d	c.addi16sp	x2,432	  x2:0x00000000  x2=0x000001b0
      312397000	     15518	800051f0	0adafc93	andi	x25,x21,173	 x21:0xcc7d8176 x25=0x00000024
      312677000	     15532	800051f4	717d	c.addi16sp	x2,-16	  x2:0x000001b0  x2=0x000001a0
      312697000	     15533	800051f6	8331	c.srli	x14,0xc	 x14:0x00000000 x14=0x00000000
      312717000	     15534	800051f8	911e	c.add	x2,x7	  x2:0x000001a0  x7:0x00000000  x2=0x000001a0
      312737000	     15535	800051fa	cd09	c.beqz	x10,80005214	 x10:0x80000200
      312757000	     15536	800051fc	4548dbb7	lui	x23,0x4548d	 x23=0x4548d000
      312777000	     15537	80005200	ddaa6c93	ori	x25,x20,-550	 x20:0x00000000 x25=0xfffffdda
      313137000	     15555	80005204	01b96863	bltu	x18,x27,80005214	 x18:0xffffffff x27:0x00000001
      313257000	     15561	80005208	0ff0000f	fence	iorw,iorw	
      313277000	     15562	8000520c	41c159b3	sra	x19,x2,x28	  x2:0x000001a0 x28:0x00000000 x19=0x000001a0
      313297000	     15563	80005210	0000100f	fence.i	
      313937000	     15595	80005214	8f95	c.sub	x15,x13	 x15:0x80000200 x13:0x80025ce4 x15=0xfffda51c
      313957000	     15596	80005216	1400	c.addi4spn	x8,x2,544	  x8=0x000003c0
      313977000	     15597	80005218	8f15	c.sub	x14,x13	 x14:0x00000000 x13:0x80025ce4 x14=0x7ffda31c
      313997000	     15598	8000521a	8729	c.srai	x14,0xa	 x14:0x7ffda31c x14=0x001fff68
      314017000	     15599	8000521c	0044e333	or	x6,x9,x4	  x9:0x00000000  x4:0xffffffff  x6=0xffffffff
      314037000	     15600	80005220	087e	c.slli	x16,0x1f	 x16:0x00000000 x16=0x00000000
      314057000	     15601	80005222	8151	c.srli	x10,0x14	 x10:0x80000200 x10=0x00000800
      314237000	     15610	80005224	41b80833	sub	x16,x16,x27	 x16:0x00000000 x27:0x00000001 x16=0xffffffff
      314257000	     15611	80005228	8d21	c.xor	x10,x8	 x10:0x00000800  x8:0x000003c0 x10=0x00000bc0
      314277000	     15612	8000522a	0001	c.addi	x0,0	  x0:0x00000000  x0=0x00000000
      314437000	     15620	8000522c	8dda	c.mv	x27,x22	  x0:0x00000000 x22:0x90400000 x27=0x90400000
      314457000	     15621	8000522e	9d2a	c.add	x26,x10	 x26:0xffffffff x10:0x00000bc0 x26=0x00000bbf
      314477000	     15622	80005230	0172d433	srl	x8,x5,x23	  x5:0x00000000 x23:0x4548d000  x8=0x00000000
      314677000	     15632	80005234	4615	c.li	x12,5	 x12=0x00000005
      314697000	     15633	80005236	ed05	c.bnez	x10,8000526e	 x10:0x00000bc0
      315617000	     15679	8000526e	1e88	c.addi4spn	x10,x2,880	 x10=0x00000510
      315637000	     15680	80005270	01fdbc33	sltu	x24,x27,x31	 x27:0x90400000 x31:0x00000000 x24=0x00000000
      315817000	     15689	80005274	007970b3	and	x1,x18,x7	 x18:0xffffffff  x7:0x00000000  x1=0x00000000
      315837000	     15690	80005278	01568833	add	x16,x13,x21	 x13:0x80025ce4 x21:0xcc7d8176 x16=0x4c7fde5a
      315877000	     15692	8000527c	029ca433	mulhsu	x8,x25,x9	 x25:0xfffffdda  x9:0x00000000  x8=0x00000000
      316997000	     15748	80005280	02f7c2b3	div	x5,x15,x15	 x15:0xfffda51c x15:0xfffda51c  x5=0x00000001
      317017000	     15749	80005284	0ff0000f	fence	iorw,iorw	
      317037000	     15750	80005288	401457b3	sra	x15,x8,x1	  x8:0x00000000  x1:0x00000000 x15=0x00000000
      317777000	     15787	8000528c	02476a33	rem	x20,x14,x4	 x14:0x001fff68  x4:0xffffffff x20=0x00000000
      317797000	     15788	80005290	005ec333	xor	x6,x29,x5	 x29:0x00000001  x5:0x00000001  x6=0x00000000
      317837000	     15790	80005294	034a6633	rem	x12,x20,x20	 x20:0x00000000 x20:0x00000000 x12=0x00000000
      317857000	     15791	80005298	0258df63	bge	x17,x5,800052d6	 x17:0x00000000  x5:0x00000001
      317877000	     15792	8000529c	01321d33	sll	x26,x4,x19	  x4:0xffffffff x19:0x000001a0 x26=0xffffffff
      317917000	     15794	800052a0	038f1bb3	mulh	x23,x30,x24	 x30:0x00000241 x24:0x00000000 x23=0x00000000
      317937000	     15795	800052a4	83a9	c.srli	x15,0xa	 x15:0x00000000 x15=0x00000000
      318837000	     15840	800052a6	02af5633	divu	x12,x30,x10	 x30:0x00000241 x10:0x00000510 x12=0x00000000
      320197000	     15908	800052aa	1718	c.addi4spn	x14,x2,928	 x14=0x00000540
      320217000	     15909	800052ac	0012ba33	sltu	x20,x5,x1	  x5:0x00000001  x1:0x00000000 x20=0x00000000
      320237000	     15910	800052b0	00f89133	sll	x2,x17,x15	 x17:0x00000000 x15:0x00000000  x2=0x00000000
      320257000	     15911	800052b4	ced96293	ori	x5,x18,-787	 x18:0xffffffff  x5=0xffffffff
      320277000	     15912	800052b8	0001	c.addi	x0,0	  x0:0x00000000  x0=0x00000000
      320297000	     15913	800052ba	40915f93	srai	x31,x2,0x9	  x2:0x00000000 x31=0x00000000
      320497000	     15923	800052be	01fc9f13	slli	x30,x25,0x1f	 x25:0xfffffdda x30=0x00000000
      320517000	     15924	800052c2	c811	c.beqz	x8,800052d6	  x8:0x00000000
      321057000	     15951	800052d6	69f9	c.lui	x19,0x1e	 x19=0x0001e000
      321197000	     15958	800052d8	82b6	c.mv	x5,x13	  x0:0x00000000 x13:0x80025ce4  x5=0x80025ce4
      321217000	     15959	800052da	010f8cb3	add	x25,x31,x16	 x31:0x00000000 x16:0x4c7fde5a x25=0x4c7fde5a
      321237000	     15960	800052de	41fed2b3	sra	x5,x29,x31	 x29:0x00000001 x31:0x00000000  x5=0x00000001
      321257000	     15961	800052e2	0042d363	bge	x5,x4,800052e8	  x5:0x00000001  x4:0xffffffff
      322197000	     16008	800052e8	6823fa13	andi	x20,x7,1666	  x7:0x00000000 x20=0x00000000
      322217000	     16009	800052ec	00dfdb63	bge	x31,x13,80005302	 x31:0x00000000 x13:0x80025ce4
      322957000	     16046	80005302	01abd893	srli	x17,x23,0x1a	 x23:0x00000000 x17=0x00000000
      322977000	     16047	80005306	0384	c.addi4spn	x9,x2,448	  x9=0x000001c0
      322997000	     16048	80005308	00329113	slli	x2,x5,0x3	  x5:0x00000001  x2=0x00000008
      323097000	     16053	8000530c	8145	c.srli	x10,0x11	 x10:0x00000510 x10=0x00000000
      323117000	     16054	8000530e	6c6d	c.lui	x24,0x1b	 x24=0x0001b000
      323137000	     16055	80005310	09ed	c.addi	x19,27	 x19:0x0001e000 x19=0x0001e01b
      323157000	     16056	80005312	cd05	c.beqz	x10,8000534a	 x10:0x00000000
      323777000	     16087	8000534a	f2e0eb93	ori	x23,x1,-210	  x1:0x00000000 x23=0xffffff2e
      323797000	     16088	8000534e	0311c763	blt	x3,x17,8000537c	  x3:0x00000000 x17:0x00000000
      323817000	     16089	80005352	019c7233	and	x4,x24,x25	 x24:0x0001b000 x25:0x4c7fde5a  x4=0x00019000
      323837000	     16090	80005356	97a8ba93	sltiu	x21,x17,-1670	 x17:0x00000000 x21=0x00000001
      324377000	     16117	8000535a	01cdf763	bgeu	x27,x28,80005368	 x27:0x90400000 x28:0x00000000
      325317000	     16164	80005368	64b9	c.lui	x9,0xe	  x9=0x0000e000
      325337000	     16165	8000536a	0001	c.addi	x0,0	  x0:0x00000000  x0=0x00000000
      325357000	     16166	8000536c	0000100f	fence.i	
      325737000	     16185	80005370	0049d333	srl	x6,x19,x4	 x19:0x0001e01b  x4:0x00019000  x6=0x0001e01b
      326157000	     16206	80005374	0346e663	bltu	x13,x20,800053a0	 x13:0x80025ce4 x20:0x00000000
      326257000	     16211	80005378	9428ad13	slti	x26,x17,-1726	 x17:0x00000000 x26=0x00000000
      326297000	     16213	8000537c	02b29fb3	mulh	x31,x5,x11	  x5:0x00000001 x11:0x80021e64 x31=0xffffffff
      326377000	     16217	80005380	0ff0000f	fence	iorw,iorw	
      326397000	     16218	80005384	001e9c63	bne	x29,x1,8000539c	 x29:0x00000001  x1:0x00000000
      326637000	     16230	8000539c	8d61	c.and	x10,x8	 x10:0x00000000  x8:0x00000000 x10=0x00000000
      326657000	     16231	8000539e	895d	c.andi	x10,23	 x10:0x00000000 x10=0x00000000
      326757000	     16236	800053a0	9a72	c.add	x20,x28	 x20:0x00000000 x28:0x00000000 x20=0x00000000
      327057000	     16251	800053a2	7ec8a993	slti	x19,x17,2028	 x17:0x00000000 x19=0x00000001
      327077000	     16252	800053a6	01343fb3	sltu	x31,x8,x19	  x8:0x00000000 x19:0x00000001 x31=0x00000001
      327097000	     16253	800053aa	9f7e	c.add	x30,x31	 x30:0x00000000 x31:0x00000001 x30=0x00000001
      327197000	     16258	800053ac	0152cf33	xor	x30,x5,x21	  x5:0x00000001 x21:0x00000001 x30=0x00000000
      327257000	     16261	800053b0	0022ddb3	srl	x27,x5,x2	  x5:0x00000001  x2:0x00000008 x27=0x00000000
      327277000	     16262	800053b4	0ff0000f	fence	iorw,iorw	
      327297000	     16263	800053b8	0001	c.addi	x0,0	  x0:0x00000000  x0=0x00000000
      327317000	     16264	800053ba	30a7bd13	sltiu	x26,x15,778	 x15:0x00000000 x26=0x00000001
      327337000	     16265	800053be	833d	c.srli	x14,0xf	 x14:0x00000540 x14=0x00000000
      327477000	     16272	800053c0	008a1433	sll	x8,x20,x8	 x20:0x00000000  x8:0x00000000  x8=0x00000000
      327857000	     16291	800053c4	023c3e33	mulhu	x28,x24,x3	 x24:0x0001b000  x3:0x00000000 x28=0x00000000
      327897000	     16293	800053c8	0208a2b3	mulhsu	x5,x17,x0	 x17:0x00000000  x0:0x00000000  x5=0x00000000
      327917000	     16294	800053cc	01dc0333	add	x6,x24,x29	 x24:0x0001b000 x29:0x00000001  x6=0x0001b001
      327937000	     16295	800053d0	00593033	sltu	x0,x18,x5	 x18:0xffffffff  x5:0x00000000  x0=0x00000000
      327957000	     16296	800053d4	6b91	c.lui	x23,0x4	 x23=0x00004000
      328717000	     16334	800053d6	0385e333	rem	x6,x11,x24	 x11:0x80021e64 x24:0x0001b000  x6=0xfffe9e64
      328757000	     16336	800053da	02b694b3	mulh	x9,x13,x11	 x13:0x80025ce4 x11:0x80021e64  x9=0x3ffdc261
      328777000	     16337	800053de	013dbdb3	sltu	x27,x27,x19	 x27:0x00000000 x19:0x00000001 x27=0x00000001
      328817000	     16339	800053e2	02c4fa33	remu	x20,x9,x12	  x9:0x3ffdc261 x12:0x00000000 x20=0x3ffdc261
      328837000	     16340	800053e6	41788cb3	sub	x25,x17,x23	 x17:0x00000000 x23:0x00004000 x25=0xffffc000
      328857000	     16341	800053ea	80fa	c.mv	x1,x30	  x0:0x00000000 x30:0x00000000  x1=0x00000000
      328877000	     16342	800053ec	0ff0000f	fence	iorw,iorw	
      328897000	     16343	800053f0	0045f233	and	x4,x11,x4	 x11:0x80021e64  x4:0x00019000  x4=0x00001000
      329117000	     16354	800053f4	03d29333	mulh	x6,x5,x29	  x5:0x00000000 x29:0x00000001  x6=0x00000000
      329137000	     16355	800053f8	0ff0000f	fence	iorw,iorw	
      329157000	     16356	800053fc	fec94113	xori	x2,x18,-20	 x18:0xffffffff  x2=0x00000013
      329457000	     16371	80005400	03c8e1b3	rem	x3,x17,x28	 x17:0x00000000 x28:0x00000000  x3=0x00000000
      329477000	     16372	80005404	0001	c.addi	x0,0	  x0:0x00000000  x0=0x00000000
      329677000	     16382	80005406	0e614f13	xori	x30,x2,230	  x2:0x00000013 x30=0x000000f5
      330097000	     16403	8000540a	0ff0000f	fence	iorw,iorw	
      330537000	     16425	8000540e	03d59733	mulh	x14,x11,x29	 x11:0x80021e64 x29:0x00000001 x14=0xffffffff
      330637000	     16430	80005412	03299833	mulh	x16,x19,x18	 x19:0x00000001 x18:0xffffffff x16=0xffffffff
      330657000	     16431	80005416	8fb9	c.xor	x15,x14	 x15:0x00000000 x14:0xffffffff x15=0xffffffff
      330737000	     16435	80005418	74bc6817	auipc	x16,0x74bc6	 x16=0xf4bcb418
      330757000	     16436	8000541c	0109	c.addi	x2,2	  x2:0x00000013  x2=0x00000015
      330797000	     16438	8000541e	020fb633	mulhu	x12,x31,x0	 x31:0x00000001  x0:0x00000000 x12=0x00000000
      330817000	     16439	80005422	4c85	c.li	x25,1	 x25=0x00000001
      331037000	     16450	80005424	845d	c.srai	x8,0x17	  x8:0x00000000  x8=0x00000000
      331057000	     16451	80005426	717d	c.addi16sp	x2,-16	  x2:0x00000015  x2=0x00000005
      331077000	     16452	80005428	557d	c.li	x10,-1	 x10=0xffffffff
      331097000	     16453	8000542a	315fdc17	auipc	x24,0x315fd	 x24=0xb160242a
      331297000	     16463	8000542e	0068d493	srli	x9,x17,0x6	 x17:0x00000000  x9=0x00000000
      331317000	     16464	80005432	cb7c7313	andi	x6,x24,-841	 x24:0xb160242a  x6=0xb1602422
      331337000	     16465	80005436	90482813	slti	x16,x16,-1788	 x16:0xf4bcb418 x16=0x00000001
      331477000	     16472	8000543a	3157ab97	auipc	x23,0x3157a	 x23=0xb157f43a
      331557000	     16476	8000543e	01c1aeb3	slt	x29,x3,x28	  x3:0x00000000 x28:0x00000000 x29=0x00000000
      331597000	     16478	80005442	03dc5eb3	divu	x29,x24,x29	 x24:0xb160242a x29:0x00000000 x29=0xffffffff
      331617000	     16479	80005446	00de5913	srli	x18,x28,0xd	 x28:0x00000000 x18=0x00000000
      332037000	     16500	8000544a	03689fb3	mulh	x31,x17,x22	 x17:0x00000000 x22:0x90400000 x31=0x00000000
      333157000	     16556	8000544e	02b740b3	div	x1,x14,x11	 x14:0xffffffff x11:0x80021e64  x1=0x00000000
      333177000	     16557	80005452	8c41	c.or	x8,x8	  x8:0x00000000  x8:0x00000000  x8=0x00000000
      333197000	     16558	80005454	0199ecb3	or	x25,x19,x25	 x19:0x00000001 x25:0x00000001 x25=0x00000001
      333217000	     16559	80005458	a36d4e13	xori	x28,x26,-1482	 x26:0x00000001 x28=0xfffffa37
      333237000	     16560	8000545c	8e25	c.xor	x12,x9	 x12:0x00000000  x9:0x00000000 x12=0x00000000
      333257000	     16561	8000545e	830de193	ori	x3,x27,-2000	 x27:0x00000001  x3=0xfffff831
      333277000	     16562	80005462	8e65	c.and	x12,x9	 x12:0x00000000  x9:0x00000000 x12=0x00000000
      333297000	     16563	80005464	6167bc13	sltiu	x24,x15,1558	 x15:0xffffffff x24=0x00000000
      333557000	     16576	80005468	41e05793	srai	x15,x0,0x1e	  x0:0x00000000 x15=0x00000000
      333737000	     16585	8000546c	01566c63	bltu	x12,x21,80005484	 x12:0x00000000 x21:0x00000001
      334217000	     16609	80005484	0001	c.addi	x0,0	  x0:0x00000000  x0=0x00000000
      334337000	     16615	80005486	7ef36813	ori	x16,x6,2031	  x6:0xb1602422 x16=0xb16027ef
      334357000	     16616	8000548a	717d	c.addi16sp	x2,-16	  x2:0x00000005  x2=0xfffffff5
      334497000	     16623	8000548c	0181c133	xor	x2,x3,x24	  x3:0xfffff831 x24:0x00000000  x2=0xfffff831
      334517000	     16624	80005490	cf85	c.beqz	x15,800054c8	 x15:0x00000000
      334877000	     16642	800054c8	00afeb33	or	x22,x31,x10	 x31:0x00000000 x10:0xffffffff x22=0xffffffff
      334897000	     16643	800054cc	8739	c.srai	x14,0xe	 x14:0xffffffff x14=0xffffffff
      334977000	     16647	800054ce	1c656713	ori	x14,x10,454	 x10:0xffffffff x14=0xffffffff
      335017000	     16649	800054d2	029aeb33	rem	x22,x21,x9	 x21:0x00000001  x9:0x00000000 x22=0x00000001
      335177000	     16657	800054d6	40b7d633	sra	x12,x15,x11	 x15:0x00000000 x11:0x80021e64 x12=0x00000000
      335197000	     16658	800054da	9f5e	c.add	x30,x23	 x30:0x000000f5 x23:0xb157f43a x30=0xb157f52f
      335217000	     16659	800054dc	0001	c.addi	x0,0	  x0:0x00000000  x0=0x00000000
      335237000	     16660	800054de	cd05	c.beqz	x10,80005516	 x10:0xffffffff
      335617000	     16679	800054e0	86d93313	sltiu	x6,x18,-1939	 x18:0x00000000  x6=0x00000001
      336457000	     16721	800054e4	02d7c533	div	x10,x15,x13	 x15:0x00000000 x13:0x80025ce4 x10=0x00000000
      336477000	     16722	800054e8	0344ce63	blt	x9,x20,80005524	  x9:0x00000000 x20:0x3ffdc261
      336577000	     16727	80005524	021b29b3	mulhsu	x19,x22,x1	 x22:0x00000001  x1:0x00000000 x19=0x00000000
      336977000	     16747	80005528	8379	c.srli	x14,0x1e	 x14:0xffffffff x14=0x00000003
      336997000	     16748	8000552a	41f78433	sub	x8,x15,x31	 x15:0x00000000 x31:0x00000000  x8=0x00000000
      337017000	     16749	8000552e	8e4d	c.or	x12,x11	 x12:0x00000000 x11:0x80021e64 x12=0x80021e64
      337897000	     16793	80005530	03d5edb3	rem	x27,x11,x29	 x11:0x80021e64 x29:0xffffffff x27=0x00000000
      337917000	     16794	80005534	1e7d	c.addi	x28,-1	 x28:0xfffffa37 x28=0xfffffa36
      337937000	     16795	80005536	010c7963	bgeu	x24,x16,80005548	 x24:0x00000000 x16:0xb16027ef
      337957000	     16796	8000553a	01af7b33	and	x22,x30,x26	 x30:0xb157f52f x26:0x00000001 x22=0x00000001
      337977000	     16797	8000553e	8b46	c.mv	x22,x17	  x0:0x00000000 x17:0x00000000 x22=0x00000000
      337997000	     16798	80005540	c3a9	c.beqz	x15,80005582	 x15:0x00000000
      338517000	     16824	80005582	402d5a93	srai	x21,x26,0x2	 x26:0x00000001 x21=0x00000000
      338537000	     16825	80005586	88a5	c.andi	x9,9	  x9:0x00000000  x9=0x00000000
      338557000	     16826	80005588	0a18	c.addi4spn	x14,x2,272	 x14=0xfffff941
      338577000	     16827	8000558a	0000100f	fence.i	
      339257000	     16861	8000558e	013d6ab3	or	x21,x26,x19	 x26:0x00000001 x19:0x00000000 x21=0x00000001
      339997000	     16898	80005592	03eb6933	rem	x18,x22,x30	 x22:0x00000000 x30:0xb157f52f x18=0x00000000
      340017000	     16899	80005596	0374c763	blt	x9,x23,800055c4	  x9:0x00000000 x23:0xb157f43a
      340037000	     16900	8000559a	01f45613	srli	x12,x8,0x1f	  x8:0x00000000 x12=0x00000000
      340057000	     16901	8000559e	007852b3	srl	x5,x16,x7	 x16:0xb16027ef  x7:0x00000000  x5=0xb16027ef
      340077000	     16902	800055a2	8475	c.srai	x8,0x1d	  x8:0x00000000  x8=0x00000000
      340097000	     16903	800055a4	8f2d	c.xor	x14,x11	 x14:0xfffff941 x11:0x80021e64 x14=0x7ffde725
      340117000	     16904	800055a6	0000100f	fence.i	
      340257000	     16911	800055aa	cb99	c.beqz	x15,800055c0	 x15:0x00000000
      340597000	     16928	800055c0	e7de7c93	andi	x25,x28,-387	 x28:0xfffffa36 x25=0xfffffa34
      344817000	     17139	800055c4	40d55a93	srai	x21,x10,0xd	 x10:0x00000000 x21=0x00000000
      344837000	     17140	800055c8	0ff0000f	fence	iorw,iorw	
      344857000	     17141	800055cc	8471	c.srai	x8,0x1c	  x8:0x00000000  x8=0x00000000
      345597000	     17178	800055ce	02ddc033	div	x0,x27,x13	 x27:0x00000000 x13:0x80025ce4  x0=0x00000000
      345637000	     17180	800055d2	026b1033	mulh	x0,x22,x6	 x22:0x00000000  x6:0x00000001  x0=0x00000000
      345657000	     17181	800055d6	019c0ab3	add	x21,x24,x25	 x24:0x00000000 x25:0xfffffa34 x21=0xfffffa34
      345677000	     17182	800055da	3960e513	ori	x10,x1,918	  x1:0x00000000 x10=0x00000396
      345697000	     17183	800055de	e095	c.bnez	x9,80005602	  x9:0x00000000
      345717000	     17184	800055e0	882a	c.mv	x16,x10	  x0:0x00000000 x10:0x00000396 x16=0x00000396
      345737000	     17185	800055e2	8171	c.srli	x10,0x1c	 x10:0x00000396 x10=0x00000000
      345757000	     17186	800055e4	ec19	c.bnez	x8,80005602	  x8:0x00000000
      345777000	     17187	800055e6	0056b733	sltu	x14,x13,x5	 x13:0x80025ce4  x5:0xb16027ef x14=0x00000001
      345797000	     17188	800055ea	0000100f	fence.i	
      346257000	     17211	800055ee	717d	c.addi16sp	x2,-16	  x2:0xfffff831  x2=0xfffff821
      346277000	     17212	800055f0	001e0333	add	x6,x28,x1	 x28:0xfffffa36  x1:0x00000000  x6=0xfffffa36
      346317000	     17214	800055f4	0224ae33	mulhsu	x28,x9,x2	  x9:0x00000000  x2:0xfffff821 x28=0x00000000
      346717000	     17234	800055f8	00e79e93	slli	x29,x15,0xe	 x15:0x00000000 x29=0x00000000
      346737000	     17235	800055fc	0001	c.addi	x0,0	  x0:0x00000000  x0=0x00000000
      347877000	     17292	800055fe	023674b3	remu	x9,x12,x3	 x12:0x00000000  x3:0xfffff831  x9=0x00000000
      347897000	     17293	80005602	40d58a33	sub	x20,x11,x13	 x11:0x80021e64 x13:0x80025ce4 x20=0xffffc180
      347917000	     17294	80005606	028f0d63	beq	x30,x8,80005640	 x30:0xb157f52f  x8:0x00000000
      347937000	     17295	8000560a	01796963	bltu	x18,x23,8000561c	 x18:0x00000000 x23:0xb157f43a
      348017000	     17299	8000561c	8ade	c.mv	x21,x23	  x0:0x00000000 x23:0xb157f43a x21=0xb157f43a
      348037000	     17300	8000561e	8e1d	c.sub	x12,x15	 x12:0x00000000 x15:0x00000000 x12=0x00000000
      348157000	     17306	80005620	c5d16797	auipc	x15,0xc5d16	 x15=0x45d1b620
      348177000	     17307	80005624	0000100f	fence.i	
      348877000	     17342	80005628	8cce	c.mv	x25,x19	  x0:0x00000000 x19:0x00000000 x25=0x00000000
      348917000	     17344	8000562a	020591b3	mulh	x3,x11,x0	 x11:0x80021e64  x0:0x00000000  x3=0x00000000
      349057000	     17351	8000562e	01ed57b3	srl	x15,x26,x30	 x26:0x00000001 x30:0xb157f52f x15=0x00000000
      349097000	     17353	80005632	036d3e33	mulhu	x28,x26,x22	 x26:0x00000001 x22:0x00000000 x28=0x00000000
      349117000	     17354	80005636	e1833c93	sltiu	x25,x6,-488	  x6:0xfffffa36 x25=0x00000001
      349137000	     17355	8000563a	82f98217	auipc	x4,0x82f98	  x4=0x02f9d63a
      349157000	     17356	8000563e	0001	c.addi	x0,0	  x0:0x00000000  x0=0x00000000
      349177000	     17357	80005640	414cd8b3	sra	x17,x25,x20	 x25:0x00000001 x20:0xffffc180 x17=0x00000001
      349197000	     17358	80005644	6121	c.addi16sp	x2,64	  x2:0xfffff821  x2=0xfffff861
      349217000	     17359	80005646	717d	c.addi16sp	x2,-16	  x2:0xfffff861  x2=0xfffff851
      349317000	     17364	80005648	8d31	c.xor	x10,x12	 x10:0x00000000 x12:0x00000000 x10=0x00000000
      349417000	     17369	8000564a	8273e997	auipc	x19,0x8273e	 x19=0x0274364a
      349637000	     17380	8000564e	002f5a33	srl	x20,x30,x2	 x30:0xb157f52f  x2:0xfffff851 x20=0x000058ab
      349657000	     17381	80005652	c511	c.beqz	x10,8000565e	 x10:0x00000000
      349957000	     17396	8000565e	840d	c.srai	x8,0x3	  x8:0x00000000  x8=0x00000000
      350057000	     17401	80005660	942a	c.add	x8,x10	  x8:0x00000000 x10:0x00000000  x8=0x00000000
      350077000	     17402	80005662	717d	c.addi16sp	x2,-16	  x2:0xfffff851  x2=0xfffff841
      350097000	     17403	80005664	61bd	c.lui	x3,0xf	  x3=0x0000f000
      350417000	     17419	80005666	43afac13	slti	x24,x31,1082	 x31:0x00000000 x24=0x00000001
      350437000	     17420	8000566a	01f9d463	bge	x19,x31,80005672	 x19:0x0274364a x31:0x00000000
      350797000	     17438	80005672	a6a7dc37	lui	x24,0xa6a7d	 x24=0xa6a7d000
      351217000	     17459	80005676	4eaafa93	andi	x21,x21,1258	 x21:0xb157f43a x21=0x0000042a
      351417000	     17469	8000567a	01af9e13	slli	x28,x31,0x1a	 x31:0x00000000 x28=0x00000000
      351437000	     17470	8000567e	0001	c.addi	x0,0	  x0:0x00000000  x0=0x00000000
      351697000	     17483	80005680	022428b3	mulhsu	x17,x8,x2	  x8:0x00000000  x2:0xfffff841 x17=0x00000000
      351977000	     17497	80005684	717d	c.addi16sp	x2,-16	  x2:0xfffff841  x2=0xfffff831
      351997000	     17498	80005686	0175f333	and	x6,x11,x23	 x11:0x80021e64 x23:0xb157f43a  x6=0x80021420
      352037000	     17500	8000568a	02792133	mulhsu	x2,x18,x7	 x18:0x00000000  x7:0x00000000  x2=0x00000000
      352057000	     17501	8000568e	03bf7263	bgeu	x30,x27,800056b2	 x30:0xb157f52f x27:0x00000000
      352557000	     17526	800056b2	0155da13	srli	x20,x11,0x15	 x11:0x80021e64 x20=0x00000400
      352897000	     17543	800056b6	0331df63	bge	x3,x19,800056f4	  x3:0x0000f000 x19:0x0274364a
      352917000	     17544	800056ba	8f66	c.mv	x30,x25	  x0:0x00000000 x25:0x00000001 x30=0x00000001
      353017000	     17549	800056bc	3fcff913	andi	x18,x31,1020	 x31:0x00000000 x18=0x00000000
      353377000	     17567	800056c0	717d	c.addi16sp	x2,-16	  x2:0x00000000  x2=0xfffffff0
      353397000	     17568	800056c2	8d71	c.and	x10,x12	 x10:0x00000000 x12:0x00000000 x10=0x00000000
      353417000	     17569	800056c4	8c29	c.xor	x8,x10	  x8:0x00000000 x10:0x00000000  x8=0x00000000
      353497000	     17573	800056c6	03f47733	remu	x14,x8,x31	  x8:0x00000000 x31:0x00000000 x14=0x00000000
      353577000	     17577	800056ca	0277fa33	remu	x20,x15,x7	 x15:0x00000000  x7:0x00000000 x20=0x00000000
      353597000	     17578	800056ce	05a10163	beq	x2,x26,80005710	  x2:0xfffffff0 x26:0x00000001
      353997000	     17598	800056d2	4072d8b3	sra	x17,x5,x7	  x5:0xb16027ef  x7:0x00000000 x17=0xb16027ef
      354017000	     17599	800056d6	019b4fb3	xor	x31,x22,x25	 x22:0x00000000 x25:0x00000001 x31=0x00000001
      354037000	     17600	800056da	1790	c.addi4spn	x12,x2,992	 x12=0x000003d0
      354437000	     17620	800056dc	0097af33	slt	x30,x15,x9	 x15:0x00000000  x9:0x00000000 x30=0x00000000
      354457000	     17621	800056e0	41015093	srai	x1,x2,0x10	  x2:0xfffffff0  x1=0xffffffff
      354497000	     17623	800056e4	029a7333	remu	x6,x20,x9	 x20:0x00000000  x9:0x00000000  x6=0x00000000
      354517000	     17624	800056e8	84d7f513	andi	x10,x15,-1971	 x15:0x00000000 x10=0x00000000
      354937000	     17645	800056ec	03ef5cb3	divu	x25,x30,x30	 x30:0x00000000 x30:0x00000000 x25=0xffffffff
      355037000	     17650	800056f0	409d5d93	srai	x27,x26,0x9	 x26:0x00000001 x27=0x00000000
      355237000	     17660	800056f4	88e38813	addi	x16,x7,-1906	  x7:0x00000000 x16=0xfffff88e
      355677000	     17682	800056f8	0270ae33	mulhsu	x28,x1,x7	  x1:0xffffffff  x7:0x00000000 x28=0x00000000
      355717000	     17684	800056fc	00d45663	bge	x8,x13,80005708	  x8:0x00000000 x13:0x80025ce4
      356437000	     17720	80005708	01e2f833	and	x16,x5,x30	  x5:0xb16027ef x30:0x00000000 x16=0x00000000
      356457000	     17721	8000570c	0ff0000f	fence	iorw,iorw	
      356517000	     17724	80005710	41ba5313	srai	x6,x20,0x1b	 x20:0x00000000  x6=0x00000000
      356537000	     17725	80005714	01cafcb3	and	x25,x21,x28	 x21:0x0000042a x28:0x00000000 x25=0x00000000
      356557000	     17726	80005718	000bdbb3	srl	x23,x23,x0	 x23:0xb157f43a  x0:0x00000000 x23=0xb157f43a
      356577000	     17727	8000571c	019abdb3	sltu	x27,x21,x25	 x21:0x0000042a x25:0x00000000 x27=0x00000000
      356617000	     17729	80005720	02d29733	mulh	x14,x5,x13	  x5:0xb16027ef x13:0x80025ce4 x14=0x274f3241
      356817000	     17739	80005724	040ac263	blt	x21,x0,80005768	 x21:0x0000042a  x0:0x00000000
      357117000	     17754	80005728	0491	c.addi	x9,4	  x9:0x00000000  x9=0x00000004
      357137000	     17755	8000572a	8ff5	c.and	x15,x13	 x15:0x00000000 x13:0x80025ce4 x15=0x00000000
      357157000	     17756	8000572c	02466b63	bltu	x12,x4,80005762	 x12:0x000003d0  x4:0x02f9d63a
      358077000	     17802	80005762	02cb0333	mul	x6,x22,x12	 x22:0x00000000 x12:0x000003d0  x6=0x00000000
      358097000	     17803	80005766	8fb1	c.xor	x15,x12	 x15:0x00000000 x12:0x000003d0 x15=0x000003d0
      358117000	     17804	80005768	8f21	c.xor	x14,x8	 x14:0x274f3241  x8:0x00000000 x14=0x274f3241
      358137000	     17805	8000576a	01c4ac37	lui	x24,0x1c4a	 x24=0x01c4a000
      358557000	     17826	8000576e	a49cc193	xori	x3,x25,-1463	 x25:0x00000000  x3=0xfffffa49
      358597000	     17828	80005772	02c927b3	mulhsu	x15,x18,x12	 x18:0x00000000 x12:0x000003d0 x15=0x00000000
      358637000	     17830	80005776	03247d63	bgeu	x8,x18,800057b0	  x8:0x00000000 x18:0x00000000
      359437000	     17870	800057b0	8e49	c.or	x12,x10	 x12:0x000003d0 x10:0x00000000 x12=0x000003d0
      359457000	     17871	800057b2	0126	c.slli	x2,0x9	  x2:0xfffffff0  x2=0xffffe000
      359737000	     17885	800057b4	00656cb3	or	x25,x10,x6	 x10:0x00000000  x6:0x00000000 x25=0x00000000
      359877000	     17892	800057b8	03319d33	mulh	x26,x3,x19	  x3:0xfffffa49 x19:0x0274364a x26=0xfffffff1
      359977000	     17897	800057bc	03648d33	mul	x26,x9,x22	  x9:0x00000004 x22:0x00000000 x26=0x00000000
      360017000	     17899	800057c0	03e2e233	rem	x4,x5,x30	  x5:0xb16027ef x30:0x00000000  x4=0xb16027ef
      360177000	     17907	800057c4	0000100f	fence.i	
      361577000	     17977	800057c8	02595333	divu	x6,x18,x5	 x18:0x00000000  x5:0xb16027ef  x6=0x00000000
      362317000	     18014	800057cc	02b6cd33	div	x26,x13,x11	 x13:0x80025ce4 x11:0x80021e64 x26=0x00000000
      362337000	     18015	800057d0	038d6f63	bltu	x26,x24,8000580e	 x26:0x00000000 x24:0x01c4a000
      362457000	     18021	8000580e	02d41db3	mulh	x27,x8,x13	  x8:0x00000000 x13:0x80025ce4 x27=0x00000000
      362717000	     18034	80005812	010aea63	bltu	x21,x16,80005826	 x21:0x0000042a x16:0x00000000
      362737000	     18035	80005816	eb99	c.bnez	x15,8000582c	 x15:0x00000000
      363097000	     18053	80005818	b30efa13	andi	x20,x29,-1232	 x29:0x00000000 x20=0x00000000
      363137000	     18055	8000581c	020271b3	remu	x3,x4,x0	  x4:0xb16027ef  x0:0x00000000  x3=0xb16027ef
      363157000	     18056	80005820	8539	c.srai	x10,0xe	 x10:0x00000000 x10=0x00000000
      363197000	     18058	80005822	0362a433	mulhsu	x8,x5,x22	  x5:0xb16027ef x22:0x00000000  x8=0x00000000
      363217000	     18059	80005826	614d	c.addi16sp	x2,176	  x2:0xffffe000  x2=0xffffe0b0
      363237000	     18060	80005828	4155d293	srai	x5,x11,0x15	 x11:0x80021e64  x5=0xfffffc00
      363257000	     18061	8000582c	b4b1bd93	sltiu	x27,x3,-1205	  x3:0xb16027ef x27=0x00000001
      363397000	     18068	80005830	8c55	c.or	x8,x13	  x8:0x00000000 x13:0x80025ce4  x8=0x80025ce4
      363417000	     18069	80005832	0001	c.addi	x0,0	  x0:0x00000000  x0=0x00000000
      363557000	     18076	80005834	0000100f	fence.i	
      363717000	     18084	80005838	8b21	c.andi	x14,8	 x14:0x274f3241 x14=0x00000000
      363737000	     18085	8000583a	01d45cb3	srl	x25,x8,x29	  x8:0x80025ce4 x29:0x00000000 x25=0x80025ce4
      363757000	     18086	8000583e	38ebef93	ori	x31,x23,910	 x23:0xb157f43a x31=0xb157f7be
      364177000	     18107	80005842	00d6d793	srli	x15,x13,0xd	 x13:0x80025ce4 x15=0x00040012
      364957000	     18146	80005846	0310f9b3	remu	x19,x1,x17	  x1:0xffffffff x17:0xb16027ef x19=0x4e9fd810
      364977000	     18147	8000584a	8505	c.srai	x10,0x1	 x10:0x00000000 x10=0x00000000
      364997000	     18148	8000584c	e152a013	slti	x0,x5,-491	  x5:0xfffffc00  x0=0x00000000
      365017000	     18149	80005850	8b05	c.andi	x14,1	 x14:0x00000000 x14=0x00000000
      365037000	     18150	80005852	010127b3	slt	x15,x2,x16	  x2:0xffffe0b0 x16:0x00000000 x15=0x00000001
      365057000	     18151	80005856	01a6dab3	srl	x21,x13,x26	 x13:0x80025ce4 x26:0x00000000 x21=0x80025ce4
      365077000	     18152	8000585a	020f5d63	bge	x30,x0,80005894	 x30:0x00000000  x0:0x00000000
      365137000	     18155	80005894	9866	c.add	x16,x25	 x16:0x00000000 x25:0x80025ce4 x16=0x80025ce4
      365157000	     18156	80005896	83e1	c.srli	x15,0x18	 x15:0x00000001 x15=0x00000000
      365177000	     18157	80005898	ea7a3313	sltiu	x6,x20,-345	 x20:0x00000000  x6=0x00000001
      365597000	     18178	8000589c	020f2333	mulhsu	x6,x30,x0	 x30:0x00000000  x0:0x00000000  x6=0x00000000
      365617000	     18179	800058a0	41880633	sub	x12,x16,x24	 x16:0x80025ce4 x24:0x01c4a000 x12=0x7e3dbce4
      365637000	     18180	800058a4	8619	c.srai	x12,0x6	 x12:0x7e3dbce4 x12=0x01f8f6f3
      365657000	     18181	800058a6	8819	c.andi	x8,6	  x8:0x80025ce4  x8=0x00000004
      365677000	     18182	800058a8	0272e863	bltu	x5,x7,800058d8	  x5:0xfffffc00  x7:0x00000000
      365717000	     18184	800058ac	026aa933	mulhsu	x18,x21,x6	 x21:0x80025ce4  x6:0x00000000 x18=0x00000000
      365857000	     18191	800058b0	448b7037	lui	x0,0x448b7	  x0=0x00000000
      365917000	     18194	800058b4	717d	c.addi16sp	x2,-16	  x2:0xffffe0b0  x2=0xffffe0a0
      365937000	     18195	800058b6	0001	c.addi	x0,0	  x0:0x00000000  x0=0x00000000
      365957000	     18196	800058b8	8c51	c.or	x8,x12	  x8:0x00000004 x12:0x01f8f6f3  x8=0x01f8f6f7
      366057000	     18201	800058ba	008aee33	or	x28,x21,x8	 x21:0x80025ce4  x8:0x01f8f6f7 x28=0x81fafef7
      366137000	     18205	800058be	00d31bb3	sll	x23,x6,x13	  x6:0x00000000 x13:0x80025ce4 x23=0x00000000
      366237000	     18210	800058c2	0000100f	fence.i	
      367777000	     18287	800058c6	033ece33	div	x28,x29,x19	 x29:0x00000000 x19:0x4e9fd810 x28=0x00000000
      367797000	     18288	800058ca	9833d517	auipc	x10,0x9833d	 x10=0x183428ca
      367817000	     18289	800058ce	cb5f61b7	lui	x3,0xcb5f6	  x3=0xcb5f6000
      367837000	     18290	800058d2	0001	c.addi	x0,0	  x0:0x00000000  x0=0x00000000
      367857000	     18291	800058d4	5c350e93	addi	x29,x10,1475	 x10:0x183428ca x29=0x18342e8d
      367877000	     18292	800058d8	ea05	c.bnez	x12,80005908	 x12:0x01f8f6f3
      368737000	     18335	80005908	c09d	c.beqz	x9,8000592e	  x9:0x00000004
      368757000	     18336	8000590a	80c2	c.mv	x1,x16	  x0:0x00000000 x16:0x80025ce4  x1=0x80025ce4
      368777000	     18337	8000590c	00e7c763	blt	x15,x14,8000591a	 x15:0x00000000 x14:0x00000000
      368797000	     18338	80005910	07ee	c.slli	x15,0x1b	 x15:0x00000000 x15=0x00000000
      369217000	     18359	80005912	03e2d233	divu	x4,x5,x30	  x5:0xfffffc00 x30:0x00000000  x4=0xffffffff
      369237000	     18360	80005916	0392eb63	bltu	x5,x25,8000594c	  x5:0xfffffc00 x25:0x80025ce4
      369257000	     18361	8000591a	0e6a	c.slli	x28,0x1a	 x28:0x00000000 x28=0x00000000
      369277000	     18362	8000591c	00f21433	sll	x8,x4,x15	  x4:0xffffffff x15:0x00000000  x8=0xffffffff
      370217000	     18409	80005920	03de7fb3	remu	x31,x28,x29	 x28:0x00000000 x29:0x18342e8d x31=0x00000000
      370237000	     18410	80005924	00bdb1b3	sltu	x3,x27,x11	 x27:0x00000001 x11:0x80021e64  x3=0x00000001
      370257000	     18411	80005928	19fd	c.addi	x19,-1	 x19:0x4e9fd810 x19=0x4e9fd80f
      370277000	     18412	8000592a	017a7ab3	and	x21,x20,x23	 x20:0x00000000 x23:0x00000000 x21=0x00000000
      370297000	     18413	8000592e	3ee1c513	xori	x10,x3,1006	  x3:0x00000001 x10=0x000003ef
      370317000	     18414	80005932	8335	c.srli	x14,0xd	 x14:0x00000000 x14=0x00000000
      370337000	     18415	80005934	002b9c93	slli	x25,x23,0x2	 x23:0x00000000 x25=0x00000000
      370357000	     18416	80005938	b18ea413	slti	x8,x29,-1256	 x29:0x18342e8d  x8=0x00000000
      370377000	     18417	8000593c	000aa033	slt	x0,x21,x0	 x21:0x00000000  x0:0x00000000  x0=0x00000000
      370697000	     18433	80005940	d4658b13	addi	x22,x11,-698	 x11:0x80021e64 x22=0x80021baa
      371837000	     18490	80005944	0214da33	divu	x20,x9,x1	  x9:0x00000004  x1:0x80025ce4 x20=0x00000000
      371857000	     18491	80005948	01c99913	slli	x18,x19,0x1c	 x19:0x4e9fd80f x18=0xf0000000
      371877000	     18492	8000594c	01c8d1b3	srl	x3,x17,x28	 x17:0xb16027ef x28:0x00000000  x3=0xb16027ef
      371897000	     18493	80005950	00cfd713	srli	x14,x31,0xc	 x31:0x00000000 x14=0x00000000
      371917000	     18494	80005954	011671b3	and	x3,x12,x17	 x12:0x01f8f6f3 x17:0xb16027ef  x3=0x016026e3
      371937000	     18495	80005958	6bbd	c.lui	x23,0xf	 x23=0x0000f000
      371957000	     18496	8000595a	fdd7fb93	andi	x23,x15,-35	 x15:0x00000000 x23=0x00000000
      371977000	     18497	8000595e	8f0e	c.mv	x30,x3	  x0:0x00000000  x3:0x016026e3 x30=0x016026e3
      372397000	     18518	80005960	0b0ab137	lui	x2,0xb0ab	  x2=0x0b0ab000
      372837000	     18540	80005964	020f3533	mulhu	x10,x30,x0	 x30:0x016026e3  x0:0x00000000 x10=0x00000000
      372857000	     18541	80005968	368a8e13	addi	x28,x21,872	 x21:0x00000000 x28=0x00000368
      373017000	     18549	8000596c	02eb87b3	mul	x15,x23,x14	 x23:0x00000000 x14:0x00000000 x15=0x00000000
      373057000	     18551	80005970	039ac233	div	x4,x21,x25	 x21:0x00000000 x25:0x00000000  x4=0xffffffff
      373217000	     18559	80005974	5a7d	c.li	x20,-1	 x20=0xffffffff
      393657000	     19581	80005976	001d9db3	sll	x27,x27,x1	 x27:0x00000001  x1:0x80025ce4 x27=0x00000010
      393697000	     19583	8000597a	0329a833	mulhsu	x16,x19,x18	 x19:0x4e9fd80f x18:0xf0000000 x16=0x49b5da8e
      393717000	     19584	8000597e	d9678b93	addi	x23,x15,-618	 x15:0x00000000 x23=0xfffffd96
      393757000	     19586	80005982	02953433	mulhu	x8,x10,x9	 x10:0x00000000  x9:0x00000004  x8=0x00000000
      393917000	     19594	80005986	0273d133	divu	x2,x7,x7	  x7:0x00000000  x7:0x00000000  x2=0xffffffff
      394037000	     19600	8000598a	03f449b3	div	x19,x8,x31	  x8:0x00000000 x31:0x00000000 x19=0xffffffff
      394177000	     19607	8000598e	01cb17b3	sll	x15,x22,x28	 x22:0x80021baa x28:0x00000368 x15=0x021baa00
      394337000	     19615	80005992	80d4a113	slti	x2,x9,-2035	  x9:0x00000004  x2=0x00000000
      394357000	     19616	80005996	8e75	c.and	x12,x13	 x12:0x01f8f6f3 x13:0x80025ce4 x12=0x000054e0
      394397000	     19618	80005998	037e2533	mulhsu	x10,x28,x23	 x28:0x00000368 x23:0xfffffd96 x10=0x00000367
      394417000	     19619	8000599c	8db2	c.mv	x27,x12	  x0:0x00000000 x12:0x000054e0 x27=0x000054e0
      394437000	     19620	8000599e	0100	c.addi4spn	x8,x2,128	  x8=0x00000080
      394457000	     19621	800059a0	4189	c.li	x3,2	  x3=0x00000002
      394477000	     19622	800059a2	03e38c33	mul	x24,x7,x30	  x7:0x00000000 x30:0x016026e3 x24=0x00000000
      394557000	     19626	800059a6	d0d97093	andi	x1,x18,-755	 x18:0xf0000000  x1=0xf0000000
      394677000	     19632	800059aa	00e55433	srl	x8,x10,x14	 x10:0x00000367 x14:0x00000000  x8=0x00000367
      394697000	     19633	800059ae	00238db3	add	x27,x7,x2	  x7:0x00000000  x2:0x00000000 x27=0x00000000
      394737000	     19635	800059b2	03bc6433	rem	x8,x24,x27	 x24:0x00000000 x27:0x00000000  x8=0x00000000
      394757000	     19636	800059b6	00e7deb3	srl	x29,x15,x14	 x15:0x021baa00 x14:0x00000000 x29=0x021baa00
      394777000	     19637	800059ba	02b78433	mul	x8,x15,x11	 x15:0x021baa00 x11:0x80021e64  x8=0x64ba6800
      395037000	     19650	800059be	a0bebf13	sltiu	x30,x29,-1525	 x29:0x021baa00 x30=0x00000001
      395237000	     19660	800059c2	22d46c93	ori	x25,x8,557	  x8:0x64ba6800 x25=0x64ba6a2d
      395257000	     19661	800059c6	05258163	beq	x11,x18,80005a08	 x11:0x80021e64 x18:0xf0000000
      395277000	     19662	800059ca	0001	c.addi	x0,0	  x0:0x00000000  x0=0x00000000
      395297000	     19663	800059cc	b92a2913	slti	x18,x20,-1134	 x20:0xffffffff x18=0x00000000
      395697000	     19683	800059d0	01cac833	xor	x16,x21,x28	 x21:0x00000000 x28:0x00000368 x16=0x00000368
      396077000	     19702	800059d4	717d	c.addi16sp	x2,-16	  x2:0x00000000  x2=0xfffffff0
      396097000	     19703	800059d6	01a5deb3	srl	x29,x11,x26	 x11:0x80021e64 x26:0x00000000 x29=0x80021e64
      396277000	     19712	800059da	02e62933	mulhsu	x18,x12,x14	 x12:0x000054e0 x14:0x00000000 x18=0x00000000
      396297000	     19713	800059de	d357ce93	xori	x29,x15,-715	 x15:0x021baa00 x29=0xfde45735
      396337000	     19715	800059e2	01365fb3	srl	x31,x12,x19	 x12:0x000054e0 x19:0xffffffff x31=0x00000000
      396697000	     19733	800059e6	00fe6c33	or	x24,x28,x15	 x28:0x00000368 x15:0x021baa00 x24=0x021bab68
      396797000	     19738	800059ea	015e9493	slli	x9,x29,0x15	 x29:0xfde45735  x9=0xe6a00000
      396877000	     19742	800059ee	01af1933	sll	x18,x30,x26	 x30:0x00000001 x26:0x00000000 x18=0x00000001
      396897000	     19743	800059f2	36a9f513	andi	x10,x19,874	 x19:0xffffffff x10=0x0000036a
      397097000	     19753	800059f6	02f70e33	mul	x28,x14,x15	 x14:0x00000000 x15:0x021baa00 x28=0x00000000
      397137000	     19755	800059fa	02a59b33	mulh	x22,x11,x10	 x11:0x80021e64 x10:0x0000036a x22=0xfffffe4b
      397237000	     19760	800059fe	03939133	mulh	x2,x7,x25	  x7:0x00000000 x25:0x64ba6a2d  x2=0x00000000
      397257000	     19761	80005a02	007ada63	bge	x21,x7,80005a16	 x21:0x00000000  x7:0x00000000
      398557000	     19826	80005a16	029de663	bltu	x27,x9,80005a42	 x27:0x00000000  x9:0xe6a00000
      399737000	     19885	80005a42	01ba60b3	or	x1,x20,x27	 x20:0xffffffff x27:0x00000000  x1=0xffffffff
      399757000	     19886	80005a46	490d	c.li	x18,3	 x18=0x00000003
      399777000	     19887	80005a48	8051	c.srli	x8,0x14	  x8:0x64ba6800  x8=0x0000064b
      399797000	     19888	80005a4a	611d	c.addi16sp	x2,416	  x2:0x00000000  x2=0x000001a0
      399837000	     19890	80005a4c	038731b3	mulhu	x3,x14,x24	 x14:0x00000000 x24:0x021bab68  x3=0x00000000
      399957000	     19896	80005a50	0311be33	mulhu	x28,x3,x17	  x3:0x00000000 x17:0xb16027ef x28=0x00000000
      399997000	     19898	80005a54	03be3033	mulhu	x0,x28,x27	 x28:0x00000000 x27:0x00000000  x0=0x00000000
      400777000	     19937	80005a58	03614b33	div	x22,x2,x22	  x2:0x000001a0 x22:0xfffffe4b x22=0x00000000
      400797000	     19938	80005a5c	41648333	sub	x6,x9,x22	  x9:0xe6a00000 x22:0x00000000  x6=0xe6a00000
      400897000	     19943	80005a60	5c7d	c.li	x24,-1	 x24=0xffffffff
      400917000	     19944	80005a62	03ea7e63	bgeu	x20,x30,80005a9e	 x20:0xffffffff x30:0x00000001
      401397000	     19968	80005a9e	9a7d	c.andi	x12,-1	 x12:0x000054e0 x12=0x000054e0
      401837000	     19990	80005aa0	80ed	c.srli	x9,0x1b	  x9:0xe6a00000  x9=0x0000001c
      401857000	     19991	80005aa2	40d97913	andi	x18,x18,1037	 x18:0x00000003 x18=0x00000001
      401877000	     19992	80005aa6	0431e363	bltu	x3,x3,80005aec	  x3:0x00000000  x3:0x00000000
      401897000	     19993	80005aaa	41e9d413	srai	x8,x19,0x1e	 x19:0xffffffff  x8=0xffffffff
      402057000	     20001	80005aae	016dbf33	sltu	x30,x27,x22	 x27:0x00000000 x22:0x00000000 x30=0x00000000
      402077000	     20002	80005ab2	05d97063	bgeu	x18,x29,80005af2	 x18:0x00000001 x29:0xfde45735
      402197000	     20008	80005ab6	0000100f	fence.i	
      402897000	     20043	80005aba	c8d56f13	ori	x30,x10,-883	 x10:0x0000036a x30=0xffffffef
      403157000	     20056	80005abe	7e13b1b7	lui	x3,0x7e13b	  x3=0x7e13b000
      403177000	     20057	80005ac2	025d8c63	beq	x27,x5,80005afa	 x27:0x00000000  x5:0xfffffc00
      403557000	     20076	80005ac6	0000100f	fence.i	
      403857000	     20091	80005aca	00849463	bne	x9,x8,80005ad2	  x9:0x0000001c  x8:0xffffffff
      404117000	     20104	80005ad2	20143813	sltiu	x16,x8,513	  x8:0xffffffff x16=0x00000000
      404137000	     20105	80005ad6	4749	c.li	x14,18	 x14=0x00000012
      404257000	     20111	80005ad8	01c90733	add	x14,x18,x28	 x18:0x00000001 x28:0x00000000 x14=0x00000001
      404497000	     20123	80005adc	8fe9	c.and	x15,x10	 x15:0x021baa00 x10:0x0000036a x15=0x00000200
      404517000	     20124	80005ade	0d16	c.slli	x26,0x5	 x26:0x00000000 x26=0x00000000
      404657000	     20131	80005ae0	01dc9533	sll	x10,x25,x29	 x25:0x64ba6a2d x29:0xfde45735 x10=0x45a00000
      404677000	     20132	80005ae4	016017b3	sll	x15,x0,x22	  x0:0x00000000 x22:0x00000000 x15=0x00000000
      404717000	     20134	80005ae8	00a79ab3	sll	x21,x15,x10	 x15:0x00000000 x10:0x45a00000 x21=0x00000000
      404897000	     20143	80005aec	016e9e13	slli	x28,x29,0x16	 x29:0xfde45735 x28=0xcd400000
      404977000	     20147	80005af0	ce11	c.beqz	x12,80005b0c	 x12:0x000054e0
      405137000	     20155	80005af2	b5238a13	addi	x20,x7,-1198	  x7:0x00000000 x20=0xfffffb52
      405577000	     20177	80005af6	020d4fb3	div	x31,x26,x0	 x26:0x00000000  x0:0x00000000 x31=0xffffffff
      405697000	     20183	80005afa	0302b733	mulhu	x14,x5,x16	  x5:0xfffffc00 x16:0x00000000 x14=0x00000000
      405717000	     20184	80005afe	408a5793	srai	x15,x20,0x8	 x20:0xfffffb52 x15=0xfffffffb
      405737000	     20185	80005b02	6aa9	c.lui	x21,0xa	 x21=0x0000a000
      405757000	     20186	80005b04	8759	c.srai	x14,0x16	 x14:0x00000000 x14=0x00000000
      405777000	     20187	80005b06	6175	c.addi16sp	x2,368	  x2:0x000001a0  x2=0x00000310
      405817000	     20189	80005b08	036769b3	rem	x19,x14,x22	 x14:0x00000000 x22:0x00000000 x19=0x00000000
      405917000	     20194	80005b0c	049b5063	bge	x22,x9,80005b4c	 x22:0x00000000  x9:0x0000001c
      405937000	     20195	80005b10	00ce8d63	beq	x29,x12,80005b2a	 x29:0xfde45735 x12:0x000054e0
      405957000	     20196	80005b14	41135db3	sra	x27,x6,x17	  x6:0xe6a00000 x17:0xb16027ef x27=0xffffcd40
      405997000	     20198	80005b18	03ca1c63	bne	x20,x28,80005b50	 x20:0xfffffb52 x28:0xcd400000
      406577000	     20227	80005b50	69a9	c.lui	x19,0xa	 x19=0x0000a000
      406597000	     20228	80005b52	cf85	c.beqz	x15,80005b8a	 x15:0xfffffffb
      406617000	     20229	80005b54	ea276013	ori	x0,x14,-350	 x14:0x00000000  x0=0x00000000
      406637000	     20230	80005b58	913c0c17	auipc	x24,0x913c0	 x24=0x113c5b58
      406657000	     20231	80005b5c	0ff0000f	fence	iorw,iorw	
      406837000	     20240	80005b60	0001	c.addi	x0,0	  x0:0x00000000  x0=0x00000000
      406857000	     20241	80005b62	03558c33	mul	x24,x11,x21	 x11:0x80021e64 x21:0x0000a000 x24=0x52fe8000
      406877000	     20242	80005b66	0ff0000f	fence	iorw,iorw	
      406897000	     20243	80005b6a	1d04a893	slti	x17,x9,464	  x9:0x0000001c x17=0x00000001
      406957000	     20246	80005b6e	017cf2b3	and	x5,x25,x23	 x25:0x64ba6a2d x23:0xfffffd96  x5=0x64ba6804
      406977000	     20247	80005b72	0485f263	bgeu	x11,x8,80005bb6	 x11:0x80021e64  x8:0xffffffff
      407077000	     20252	80005b76	009a7eb3	and	x29,x20,x9	 x20:0xfffffb52  x9:0x0000001c x29=0x00000010
      407097000	     20253	80005b7a	c61d	c.beqz	x12,80005ba8	 x12:0x000054e0
      407497000	     20273	80005b7c	8d21	c.xor	x10,x8	 x10:0x45a00000  x8:0xffffffff x10=0xba5fffff
      407517000	     20274	80005b7e	01df5833	srl	x16,x30,x29	 x30:0xffffffef x29:0x00000010 x16=0x0000ffff
      407937000	     20295	80005b82	4077d533	sra	x10,x15,x7	 x15:0xfffffffb  x7:0x00000000 x10=0xfffffffb
      407957000	     20296	80005b86	98cfb913	sltiu	x18,x31,-1652	 x31:0xffffffff x18=0x00000000
      407997000	     20298	80005b8a	d4c06993	ori	x19,x0,-692	  x0:0x00000000 x19=0xfffffd4c
      408417000	     20319	80005b8e	0ff0000f	fence	iorw,iorw	
      408437000	     20320	80005b92	0001	c.addi	x0,0	  x0:0x00000000  x0=0x00000000
      408457000	     20321	80005b94	02dd6c63	bltu	x26,x13,80005bcc	 x26:0x00000000 x13:0x80025ce4
      409917000	     20394	80005bcc	037f59b3	divu	x19,x30,x23	 x30:0xffffffef x23:0xfffffd96 x19=0x00000001
      409937000	     20395	80005bd0	478efd37	lui	x26,0x478ef	 x26=0x478ef000
      409957000	     20396	80005bd4	811d	c.srli	x10,0x7	 x10:0xfffffffb x10=0x01ffffff
      409977000	     20397	80005bd6	896d	c.andi	x10,27	 x10:0x01ffffff x10=0x0000001b
      409997000	     20398	80005bd8	0001	c.addi	x0,0	  x0:0x00000000  x0=0x00000000
      410017000	     20399	80005bda	0818	c.addi4spn	x14,x2,16	 x14=0x00000320
      410057000	     20401	80005bdc	039639b3	mulhu	x19,x12,x25	 x12:0x000054e0 x25:0x64ba6a2d x19=0x00002165
      410077000	     20402	80005be0	004f6933	or	x18,x30,x4	 x30:0xffffffef  x4:0xffffffff x18=0xffffffff
      410157000	     20406	80005be4	fc3f0293	addi	x5,x30,-61	 x30:0xffffffef  x5=0xffffffb2
      410257000	     20411	80005be8	6e01c093	xori	x1,x3,1760	  x3:0x7e13b000  x1=0x7e13b6e0
      410497000	     20423	80005bec	0e76	c.slli	x28,0x1d	 x28:0xcd400000 x28=0x00000000
      410577000	     20427	80005bee	026b3c33	mulhu	x24,x22,x6	 x22:0x00000000  x6:0xe6a00000 x24=0x00000000
      410597000	     20428	80005bf2	8fb5	c.xor	x15,x13	 x15:0xfffffffb x13:0x80025ce4 x15=0x7ffda31f
      410617000	     20429	80005bf4	0042dd93	srli	x27,x5,0x4	  x5:0xffffffb2 x27=0x0ffffffb
      410757000	     20436	80005bf8	05e9e437	lui	x8,0x5e9e	  x8=0x05e9e000
      411097000	     20453	80005bfc	01c0e1b3	or	x3,x1,x28	  x1:0x7e13b6e0 x28:0x00000000  x3=0x7e13b6e0
      411197000	     20458	80005c00	0000100f	fence.i	
      411537000	     20475	80005c04	0986	c.slli	x19,0x1	 x19:0x00002165 x19=0x000042ca
      411557000	     20476	80005c06	8519	c.srai	x10,0x6	 x10:0x0000001b x10=0x00000000
      411817000	     20489	80005c08	8a05	c.andi	x12,1	 x12:0x000054e0 x12=0x00000000
      411837000	     20490	80005c0a	e705	c.bnez	x14,80005c32	 x14:0x00000320
      412437000	     20520	80005c32	9651ef93	ori	x31,x3,-1691	  x3:0x7e13b6e0 x31=0xffffffe5
      412557000	     20526	80005c36	022eabb3	mulhsu	x23,x29,x2	 x29:0x00000010  x2:0x00000310 x23=0x00000000
      412577000	     20527	80005c3a	012e0fb3	add	x31,x28,x18	 x28:0x00000000 x18:0xffffffff x31=0xffffffff
      412597000	     20528	80005c3e	8431	c.srai	x8,0xc	  x8:0x05e9e000  x8=0x00005e9e
      412617000	     20529	80005c40	8f95	c.sub	x15,x13	 x15:0x7ffda31f x13:0x80025ce4 x15=0xfffb463b
      412737000	     20535	80005c42	b9accf13	xori	x30,x25,-1126	 x25:0x64ba6a2d x30=0x9b4591b7
      412757000	     20536	80005c46	0190dd13	srli	x26,x1,0x19	  x1:0x7e13b6e0 x26=0x0000003f
      412777000	     20537	80005c4a	a701b293	sltiu	x5,x3,-1424	  x3:0x7e13b6e0  x5=0x00000001
      412797000	     20538	80005c4e	717d	c.addi16sp	x2,-16	  x2:0x00000310  x2=0x00000300
      413057000	     20551	80005c50	ccf3b993	sltiu	x19,x7,-817	  x7:0x00000000 x19=0x00000001
      413077000	     20552	80005c54	bf1d6213	ori	x4,x26,-1039	 x26:0x0000003f  x4=0xfffffbff
      413357000	     20566	80005c58	02587263	bgeu	x16,x5,80005c7c	 x16:0x0000ffff  x5:0x00000001
      414757000	     20636	80005c7c	005e9d33	sll	x26,x29,x5	 x29:0x00000010  x5:0x00000001 x26=0x00000020
      414897000	     20643	80005c80	00bab233	sltu	x4,x21,x11	 x21:0x0000a000 x11:0x80021e64  x4=0x00000001
      414917000	     20644	80005c84	017d7ab3	and	x21,x26,x23	 x26:0x00000020 x23:0x00000000 x21=0x00000000
      415117000	     20654	80005c88	8c01	c.sub	x8,x8	  x8:0x00005e9e  x8:0x00005e9e  x8=0x00000000
      415357000	     20666	80005c8a	0ff0000f	fence	iorw,iorw	
      415377000	     20667	80005c8e	0001	c.addi	x0,0	  x0:0x00000000  x0=0x00000000
      415417000	     20669	80005c90	5afd	c.li	x21,-1	 x21=0xffffffff
      415437000	     20670	80005c92	9b7d	c.andi	x14,-1	 x14:0x00000320 x14=0x00000320
      416337000	     20715	80005c94	032bd7b3	divu	x15,x23,x18	 x23:0x00000000 x18:0xffffffff x15=0x00000000
      416357000	     20716	80005c98	00cc1463	bne	x24,x12,80005ca0	 x24:0x00000000 x12:0x00000000
      416377000	     20717	80005c9c	00bc1213	slli	x4,x24,0xb	 x24:0x00000000  x4=0x00000000
      416397000	     20718	80005ca0	00345e63	bge	x8,x3,80005cbc	  x8:0x00000000  x3:0x7e13b6e0
      416617000	     20729	80005ca4	8e09	c.sub	x12,x10	 x12:0x00000000 x10:0x00000000 x12=0x00000000
      416637000	     20730	80005ca6	62c9	c.lui	x5,0x12	  x5=0x00012000
      417037000	     20750	80005ca8	417959b3	sra	x19,x18,x23	 x18:0xffffffff x23:0x00000000 x19=0xffffffff
      417297000	     20763	80005cac	eb09	c.bnez	x14,80005cbe	 x14:0x00000320
      417957000	     20796	80005cbe	015f7db3	and	x27,x30,x21	 x30:0x9b4591b7 x21:0xffffffff x27=0x9b4591b7
      417977000	     20797	80005cc2	018c9e93	slli	x29,x25,0x18	 x25:0x64ba6a2d x29=0x2d000000
      417997000	     20798	80005cc6	8c8d	c.sub	x9,x11	  x9:0x0000001c x11:0x80021e64  x9=0x7ffde1b8
      418017000	     20799	80005cc8	036d	c.addi	x6,27	  x6:0xe6a00000  x6=0xe6a0001b
      418037000	     20800	80005cca	e391	c.bnez	x15,80005cce	 x15:0x00000000
      418057000	     20801	80005ccc	8f31	c.xor	x14,x12	 x14:0x00000320 x12:0x00000000 x14=0x00000320
      418797000	     20838	80005cce	031e7033	remu	x0,x28,x17	 x28:0x00000000 x17:0x00000001  x0=0x00000000
      418817000	     20839	80005cd2	01acd733	srl	x14,x25,x26	 x25:0x64ba6a2d x26:0x00000020 x14=0x64ba6a2d
      418837000	     20840	80005cd6	416ed233	sra	x4,x29,x22	 x29:0x2d000000 x22:0x00000000  x4=0x2d000000
      418857000	     20841	80005cda	01bf5493	srli	x9,x30,0x1b	 x30:0x9b4591b7  x9=0x00000013
      418877000	     20842	80005cde	066e	c.slli	x12,0x1b	 x12:0x00000000 x12=0x00000000
      418897000	     20843	80005ce0	87d1	c.srai	x15,0x14	 x15:0x00000000 x15=0x00000000
      418997000	     20848	80005ce2	023109b3	mul	x19,x2,x3	  x2:0x00000300  x3:0x7e13b6e0 x19=0x3b24a000
      419177000	     20857	80005ce6	00615c13	srli	x24,x2,0x6	  x2:0x00000300 x24=0x0000000c
      419197000	     20858	80005cea	41f2dbb3	sra	x23,x5,x31	  x5:0x00012000 x31:0xffffffff x23=0x00000000
      419437000	     20870	80005cee	575aa837	lui	x16,0x575aa	 x16=0x575aa000
      419457000	     20871	80005cf2	63fd2413	slti	x8,x26,1599	 x26:0x00000020  x8=0x00000001
      419877000	     20892	80005cf6	00825b63	bge	x4,x8,80005d0c	  x4:0x2d000000  x8:0x00000001
      420557000	     20926	80005d0c	88b1	c.andi	x9,12	  x9:0x00000013  x9=0x00000000
      420857000	     20941	80005d0e	01b202b3	add	x5,x4,x27	  x4:0x2d000000 x27:0x9b4591b7  x5=0xc84591b7
      420877000	     20942	80005d12	8625	c.srai	x12,0x9	 x12:0x00000000 x12=0x00000000
      421617000	     20979	80005d14	023f5b33	divu	x22,x30,x3	 x30:0x9b4591b7  x3:0x7e13b6e0 x22=0x00000001
      421637000	     20980	80005d18	17fd	c.addi	x15,-1	 x15:0x00000000 x15=0xffffffff
      421677000	     20982	80005d1a	024f3db3	mulhu	x27,x30,x4	 x30:0x9b4591b7  x4:0x2d000000 x27=0x1b4b3a9d
      421697000	     20983	80005d1e	0067d713	srli	x14,x15,0x6	 x15:0xffffffff x14=0x03ffffff
      421737000	     20985	80005d22	03b5b533	mulhu	x10,x11,x27	 x11:0x80021e64 x27:0x1b4b3a9d x10=0x0da5d722
      421757000	     20986	80005d26	98fd	c.andi	x9,-1	  x9:0x00000000  x9=0x00000000
      421777000	     20987	80005d28	4d8e7993	andi	x19,x28,1240	 x28:0x00000000 x19=0x00000000
      421797000	     20988	80005d2c	41195813	srai	x16,x18,0x11	 x18:0xffffffff x16=0xffffffff
      421817000	     20989	80005d30	0129c933	xor	x18,x19,x18	 x19:0x00000000 x18:0xffffffff x18=0xffffffff
      422177000	     21007	80005d34	019d1bb3	sll	x23,x26,x25	 x26:0x00000020 x25:0x64ba6a2d x23=0x00040000
      422197000	     21008	80005d38	00659433	sll	x8,x11,x6	 x11:0x80021e64  x6:0xe6a0001b  x8=0x20000000
      422617000	     21029	80005d3c	4d43a893	slti	x17,x7,1236	  x7:0x00000000 x17=0x00000001
      422797000	     21038	80005d40	1291b413	sltiu	x8,x3,297	  x3:0x7e13b6e0  x8=0x00000000
      422817000	     21039	80005d44	8805	c.andi	x8,1	  x8:0x00000000  x8=0x00000000
      422897000	     21043	80005d46	02ac5b63	bge	x24,x10,80005d7c	 x24:0x0000000c x10:0x0da5d722
      422917000	     21044	80005d4a	c48d	c.beqz	x9,80005d74	  x9:0x00000000
      423417000	     21069	80005d74	ae3f8d93	addi	x27,x31,-1309	 x31:0xffffffff x27=0xfffffae2
      423457000	     21071	80005d78	03b3ff63	bgeu	x7,x27,80005db6	  x7:0x00000000 x27:0xfffffae2
      423617000	     21079	80005d7c	717d	c.addi16sp	x2,-16	  x2:0x00000300  x2=0x000002f0
      424657000	     21131	80005d7e	0378f733	remu	x14,x17,x23	 x17:0x00000001 x23:0x00040000 x14=0x00000001
      424677000	     21132	80005d82	01d632b3	sltu	x5,x12,x29	 x12:0x00000000 x29:0x2d000000  x5=0x00000001
      424697000	     21133	80005d86	44f1	c.li	x9,28	  x9=0x0000001c
      424717000	     21134	80005d88	92ed4917	auipc	x18,0x92ed4	 x18=0x12ed9d88
      424737000	     21135	80005d8c	8746	c.mv	x14,x17	  x0:0x00000000 x17:0x00000001 x14=0x00000001
      424757000	     21136	80005d8e	41178c33	sub	x24,x15,x17	 x15:0xffffffff x17:0x00000001 x24=0xfffffffe
      424777000	     21137	80005d92	e8243a13	sltiu	x20,x8,-382	  x8:0x00000000 x20=0x00000001
      424797000	     21138	80005d96	a0c24bb7	lui	x23,0xa0c24	 x23=0xa0c24000
      424817000	     21139	80005d9a	0001	c.addi	x0,0	  x0:0x00000000  x0=0x00000000
      424837000	     21140	80005d9c	c339	c.beqz	x14,80005de2	 x14:0x00000001
      424857000	     21141	80005d9e	87d6ba93	sltiu	x21,x13,-1923	 x13:0x80025ce4 x21=0x00000001
      425257000	     21161	80005da2	e2e48913	addi	x18,x9,-466	  x9:0x0000001c x18=0xfffffe4a
      425277000	     21162	80005da6	61b3c493	xori	x9,x7,1563	  x7:0x00000000  x9=0x0000061b
      425297000	     21163	80005daa	01052e33	slt	x28,x10,x16	 x10:0x0da5d722 x16:0xffffffff x28=0x00000000
      425317000	     21164	80005dae	d2003a93	sltiu	x21,x0,-736	  x0:0x00000000 x21=0x00000001
      426157000	     21206	80005db2	03e7cd33	div	x26,x15,x30	 x15:0xffffffff x30:0x9b4591b7 x26=0x00000000
      426177000	     21207	80005db6	033cc763	blt	x25,x19,80005de4	 x25:0x64ba6a2d x19:0x00000000
      426197000	     21208	80005dba	03334d63	blt	x6,x19,80005df4	  x6:0xe6a0001b x19:0x00000000
      426797000	     21238	80005df4	01658a33	add	x20,x11,x22	 x11:0x80021e64 x22:0x00000001 x20=0x80021e65
      427417000	     21269	80005df8	01360a63	beq	x12,x19,80005e0c	 x12:0x00000000 x19:0x00000000
      427877000	     21292	80005e0c	02a3d863	bge	x7,x10,80005e3c	  x7:0x00000000 x10:0x0da5d722
      428017000	     21299	80005e10	8d5d	c.or	x10,x15	 x10:0x0da5d722 x15:0xffffffff x10=0xffffffff
      473657000	     23581	80005e12	50d47b13	andi	x22,x8,1293	  x8:0x00000000 x22=0x00000000
      473677000	     23582	80005e16	c60d	c.beqz	x12,80005e40	 x12:0x00000000
      473937000	     23595	80005e40	e8218013	addi	x0,x3,-382	  x3:0x7e13b6e0  x0=0x00000000
      473997000	     23598	80005e44	ec1d	c.bnez	x8,80005e82	  x8:0x00000000
      474437000	     23620	80005e46	02cee8b3	rem	x17,x29,x12	 x29:0x2d000000 x12:0x00000000 x17=0x2d000000
      474457000	     23621	80005e4a	0379fe63	bgeu	x19,x23,80005e86	 x19:0x00000000 x23:0xa0c24000
      474477000	     23622	80005e4e	001a9533	sll	x10,x21,x1	 x21:0x00000001  x1:0x7e13b6e0 x10=0x00000001
      474577000	     23627	80005e52	01005763	bge	x0,x16,80005e60	  x0:0x00000000 x16:0xffffffff
      475777000	     23687	80005e60	00d65c63	bge	x12,x13,80005e78	 x12:0x00000000 x13:0x80025ce4
      476997000	     23748	80005e78	0c9d	c.addi	x25,7	 x25:0x64ba6a2d x25=0x64ba6a34
      477037000	     23750	80005e7a	023eba33	mulhu	x20,x29,x3	 x29:0x2d000000  x3:0x7e13b6e0 x20=0x16297725
      477057000	     23751	80005e7e	4118d313	srai	x6,x17,0x11	 x17:0x2d000000  x6=0x00001680
      477217000	     23759	80005e82	c82c6e93	ori	x29,x24,-894	 x24:0xfffffffe x29=0xfffffffe
      477237000	     23760	80005e86	00af2bb3	slt	x23,x30,x10	 x30:0x9b4591b7 x10:0x00000001 x23=0x00000001
      477257000	     23761	80005e8a	02170c63	beq	x14,x1,80005ec2	 x14:0x00000001  x1:0x7e13b6e0
      477317000	     23764	80005e8e	012a30b3	sltu	x1,x20,x18	 x20:0x16297725 x18:0xfffffe4a  x1=0x00000001
      477477000	     23772	80005e92	005b9eb3	sll	x29,x23,x5	 x23:0x00000001  x5:0x00000001 x29=0x00000002
      477497000	     23773	80005e96	0001	c.addi	x0,0	  x0:0x00000000  x0=0x00000000
      477537000	     23775	80005e98	ce0d	c.beqz	x12,80005ed2	 x12:0x00000000
      478017000	     23799	80005ed2	8619	c.srai	x12,0x6	 x12:0x00000000 x12=0x00000000
      478437000	     23820	80005ed4	00ec1193	slli	x3,x24,0xe	 x24:0xfffffffe  x3=0xffff8000
      478457000	     23821	80005ed8	0ffe6993	ori	x19,x28,255	 x28:0x00000000 x19=0x000000ff
      478497000	     23823	80005edc	033992b3	mulh	x5,x19,x19	 x19:0x000000ff x19:0x000000ff  x5=0x00000000
      478557000	     23826	80005ee0	70177817	auipc	x16,0x70177	 x16=0xf017cee0
      478697000	     23833	80005ee4	0001	c.addi	x0,0	  x0:0x00000000  x0=0x00000000
      478717000	     23834	80005ee6	8221	c.srli	x12,0x8	 x12:0x00000000 x12=0x00000000
      479537000	     23875	80005ee8	02166833	rem	x16,x12,x1	 x12:0x00000000  x1:0x00000001 x16=0x00000000
      479557000	     23876	80005eec	8886	c.mv	x17,x1	  x0:0x00000000  x1:0x00000001 x17=0x00000001
      479577000	     23877	80005eee	8e69	c.and	x12,x10	 x12:0x00000000 x10:0x00000001 x12=0x00000000
      479597000	     23878	80005ef0	8b49	c.andi	x14,18	 x14:0x00000001 x14=0x00000000
      479637000	     23880	80005ef2	03349c33	mulh	x24,x9,x19	  x9:0x0000061b x19:0x000000ff x24=0x00000000
      479657000	     23881	80005ef6	00a29eb3	sll	x29,x5,x10	  x5:0x00000000 x10:0x00000001 x29=0x00000000
      479677000	     23882	80005efa	04661163	bne	x12,x6,80005f3c	 x12:0x00000000  x6:0x00001680
      480277000	     23912	80005f3c	01078b33	add	x22,x15,x16	 x15:0xffffffff x16:0x00000000 x22=0xffffffff
      480397000	     23918	80005f40	009c5813	srli	x16,x24,0x9	 x24:0x00000000 x16=0x00000000
      480557000	     23926	80005f44	41d0d0b3	sra	x1,x1,x29	  x1:0x00000001 x29:0x00000000  x1=0x00000001
      480917000	     23944	80005f48	0088c333	xor	x6,x17,x8	 x17:0x00000001  x8:0x00000000  x6=0x00000001
      481017000	     23949	80005f4c	02688963	beq	x17,x6,80005f7e	 x17:0x00000001  x6:0x00000001
      482117000	     24004	80005f7e	015edf33	srl	x30,x29,x21	 x29:0x00000000 x21:0x00000001 x30=0x00000000
      482137000	     24005	80005f82	014b2ab3	slt	x21,x22,x20	 x22:0xffffffff x20:0x16297725 x21=0x00000001
      482877000	     24042	80005f86	02225533	divu	x10,x4,x2	  x4:0x2d000000  x2:0x000002f0 x10=0x000f51b3
      482897000	     24043	80005f8a	5f264413	xori	x8,x12,1522	 x12:0x00000000  x8=0x000005f2
      482917000	     24044	80005f8e	57a92b13	slti	x22,x18,1402	 x18:0xfffffe4a x22=0x00000001
      482937000	     24045	80005f92	6ac5	c.lui	x21,0x11	 x21=0x00011000
      482957000	     24046	80005f94	8ba2	c.mv	x23,x8	  x0:0x00000000  x8:0x000005f2 x23=0x000005f2
      482977000	     24047	80005f96	0c0e	c.slli	x24,0x3	 x24:0x00000000 x24=0x00000000
      482997000	     24048	80005f98	6b29	c.lui	x22,0xa	 x22=0x0000a000
      483017000	     24049	80005f9a	00a11993	slli	x19,x2,0xa	  x2:0x000002f0 x19=0x000bc000
      483037000	     24050	80005f9e	717d	c.addi16sp	x2,-16	  x2:0x000002f0  x2=0x000002e0
      483057000	     24051	80005fa0	01577233	and	x4,x14,x21	 x14:0x00000000 x21:0x00011000  x4=0x00000000
      483077000	     24052	80005fa4	8f01	c.sub	x14,x8	 x14:0x00000000  x8:0x000005f2 x14=0xfffffa0e
      483097000	     24053	80005fa6	6fa5	c.lui	x31,0x9	 x31=0x00009000
      483117000	     24054	80005fa8	01759a13	slli	x20,x11,0x17	 x11:0x80021e64 x20=0x32000000
      483137000	     24055	80005fac	8ff1	c.and	x15,x12	 x15:0xffffffff x12:0x00000000 x15=0x00000000
      483157000	     24056	80005fae	8d79	c.and	x10,x14	 x10:0x000f51b3 x14:0xfffffa0e x10=0x000f5002
      483337000	     24065	80005fb0	021eabb3	mulhsu	x23,x29,x1	 x29:0x00000000  x1:0x00000001 x23=0x00000000
      483517000	     24074	80005fb4	006f5133	srl	x2,x30,x6	 x30:0x00000000  x6:0x00000001  x2=0x00000000
      483537000	     24075	80005fb8	0001	c.addi	x0,0	  x0:0x00000000  x0=0x00000000
      483557000	     24076	80005fba	8f49	c.or	x14,x10	 x14:0xfffffa0e x10:0x000f5002 x14=0xfffffa0e
      483577000	     24077	80005fbc	e411	c.bnez	x8,80005fc8	  x8:0x000005f2
      484377000	     24117	80005fc8	8511	c.srai	x10,0x4	 x10:0x000f5002 x10=0x0000f500
      484397000	     24118	80005fca	081c	c.addi4spn	x15,x2,16	 x15=0x00000010
      484417000	     24119	80005fcc	8ca6	c.mv	x25,x9	  x0:0x00000000  x9:0x0000061b x25=0x0000061b
      484437000	     24120	80005fce	01444933	xor	x18,x8,x20	  x8:0x000005f2 x20:0x32000000 x18=0x320005f2
      484457000	     24121	80005fd2	40dd59b3	sra	x19,x26,x13	 x26:0x00000000 x13:0x80025ce4 x19=0x00000000
      484857000	     24141	80005fd6	34415e17	auipc	x28,0x34415	 x28=0xb441afd6
      484877000	     24142	80005fda	00a3a033	slt	x0,x7,x10	  x7:0x00000000 x10:0x0000f500  x0=0x00000000
      484897000	     24143	80005fde	9bba	c.add	x23,x14	 x23:0x00000000 x14:0xfffffa0e x23=0xfffffa0e
      485297000	     24163	80005fe0	00ba8463	beq	x21,x11,80005fe8	 x21:0x00011000 x11:0x80021e64
      485477000	     24172	80005fe4	01241213	slli	x4,x8,0x12	  x8:0x000005f2  x4=0x17c80000
      485657000	     24181	80005fe8	3c1cc513	xori	x10,x25,961	 x25:0x0000061b x10=0x000005da
      485997000	     24198	80005fec	8c7d	c.and	x8,x15	  x8:0x000005f2 x15:0x00000010  x8=0x00000010
      486417000	     24219	80005fee	0ff0000f	fence	iorw,iorw	
      486617000	     24229	80005ff2	037fcc63	blt	x31,x23,8000602a	 x31:0x00009000 x23:0xfffffa0e
      486657000	     24231	80005ff6	03024533	div	x10,x4,x16	  x4:0x17c80000 x16:0x00000000 x10=0xffffffff
      486677000	     24232	80005ffa	8d61	c.and	x10,x8	 x10:0xffffffff  x8:0x00000010 x10=0x00000010
      486837000	     24240	80005ffc	00f9d433	srl	x8,x19,x15	 x19:0x00000000 x15:0x00000010  x8=0x00000000
      486997000	     24248	80006000	00820cb3	add	x25,x4,x8	  x4:0x17c80000  x8:0x00000000 x25=0x17c80000
      487017000	     24249	80006004	8ced	c.and	x9,x11	  x9:0x0000061b x11:0x80021e64  x9=0x00000600
      487217000	     24259	80006006	4a1fb313	sltiu	x6,x31,1185	 x31:0x00009000  x6=0x00000000
      487237000	     24260	8000600a	1a7d	c.addi	x20,-1	 x20:0x32000000 x20=0x31ffffff
      487637000	     24280	8000600c	0001	c.addi	x0,0	  x0:0x00000000  x0=0x00000000
      487657000	     24281	8000600e	41448fb3	sub	x31,x9,x20	  x9:0x00000600 x20:0x31ffffff x31=0xce000601
      487677000	     24282	80006012	004439b3	sltu	x19,x8,x4	  x8:0x00000000  x4:0x17c80000 x19=0x00000001
      487697000	     24283	80006016	0000100f	fence.i	
      488377000	     24317	8000601a	01129833	sll	x16,x5,x17	  x5:0x00000000 x17:0x00000001 x16=0x00000000
      488737000	     24335	8000601e	41c44c93	xori	x25,x8,1052	  x8:0x00000000 x25=0x0000041c
      488757000	     24336	80006022	ffc4a837	lui	x16,0xffc4a	 x16=0xffc4a000
      489517000	     24374	80006026	02a65ab3	divu	x21,x12,x10	 x12:0x00000000 x10:0x00000010 x21=0x00000000
      490257000	     24411	8000602a	0329d633	divu	x12,x19,x18	 x19:0x00000001 x18:0x320005f2 x12=0x00000000
      490277000	     24412	8000602e	0001	c.addi	x0,0	  x0:0x00000000  x0=0x00000000
      490297000	     24413	80006030	40000eb3	sub	x29,x0,x0	  x0:0x00000000  x0:0x00000000 x29=0x00000000
      490317000	     24414	80006034	0001	c.addi	x0,0	  x0:0x00000000  x0=0x00000000
      490337000	     24415	80006036	b3e4e793	ori	x15,x9,-1218	  x9:0x00000600 x15=0xffffff3e
      490357000	     24416	8000603a	013cf333	and	x6,x25,x19	 x25:0x0000041c x19:0x00000001  x6=0x00000000
      490377000	     24417	8000603e	23124e93	xori	x29,x4,561	  x4:0x17c80000 x29=0x17c80231
      491117000	     24454	80006042	039afcb3	remu	x25,x21,x25	 x21:0x00000000 x25:0x0000041c x25=0x00000000
      491137000	     24455	80006046	ee1d	c.bnez	x12,80006084	 x12:0x00000000
      491177000	     24457	80006048	03ee64b3	rem	x9,x28,x30	 x28:0xb441afd6 x30:0x00000000  x9=0xb441afd6
      491197000	     24458	8000604c	8e01	c.sub	x12,x8	 x12:0x00000000  x8:0x00000000 x12=0x00000000
      491217000	     24459	8000604e	0000100f	fence.i	
      491537000	     24475	80006052	817e	c.mv	x2,x31	  x0:0x00000000 x31:0xce000601  x2=0xce000601
      491717000	     24484	80006054	003a9b93	slli	x23,x21,0x3	 x21:0x00000000 x23=0x00000000
      492137000	     24505	80006058	60713a93	sltiu	x21,x2,1543	  x2:0xce000601 x21=0x00000000
      492217000	     24509	8000605c	01c8cc63	blt	x17,x28,80006074	 x17:0x00000001 x28:0xb441afd6
      493357000	     24566	80006060	021e7733	remu	x14,x28,x1	 x28:0xb441afd6  x1:0x00000001 x14=0x00000000
      493377000	     24567	80006064	8719	c.srai	x14,0x6	 x14:0x00000000 x14=0x00000000
      493397000	     24568	80006066	301f7813	andi	x16,x30,769	 x30:0x00000000 x16=0x00000000
      493417000	     24569	8000606a	8e3d	c.xor	x12,x15	 x12:0x00000000 x15:0xffffff3e x12=0xffffff3e
      493437000	     24570	8000606c	019749b3	xor	x19,x14,x25	 x14:0x00000000 x25:0x00000000 x19=0x00000000
      494177000	     24607	80006070	03b6c633	div	x12,x13,x27	 x13:0x80025ce4 x27:0xfffffae2 x12=0x0019030e
      494197000	     24608	80006074	01eb8e63	beq	x23,x30,80006090	 x23:0x00000000 x30:0x00000000
      494757000	     24636	80006090	4306be37	lui	x28,0x4306b	 x28=0x4306b000
      494797000	     24638	80006094	02beaf33	mulhsu	x30,x29,x11	 x29:0x17c80231 x11:0x80021e64 x30=0x0be4337b
      494817000	     24639	80006098	589c6e13	ori	x28,x24,1417	 x24:0x00000000 x28=0x00000589
      494857000	     24641	8000609c	0230bcb3	mulhu	x25,x1,x3	  x1:0x00000001  x3:0xffff8000 x25=0x00000000
      494877000	     24642	800060a0	cc95	c.beqz	x9,800060dc	  x9:0xb441afd6
      494897000	     24643	800060a2	c89d	c.beqz	x9,800060d8	  x9:0xb441afd6
      496057000	     24701	800060a4	02b260b3	rem	x1,x4,x11	  x4:0x17c80000 x11:0x80021e64  x1=0x17c80000
      496077000	     24702	800060a8	8049	c.srli	x8,0x12	  x8:0x00000000  x8=0x00000000
      496097000	     24703	800060aa	6529	c.lui	x10,0xa	 x10=0x0000a000
      496117000	     24704	800060ac	40175b93	srai	x23,x14,0x1	 x14:0x00000000 x23=0x00000000
      496137000	     24705	800060b0	03620633	mul	x12,x4,x22	  x4:0x17c80000 x22:0x0000a000 x12=0x00000000
      496177000	     24707	800060b4	0350ea33	rem	x20,x1,x21	  x1:0x17c80000 x21:0x00000000 x20=0x17c80000
      496197000	     24708	800060b8	03f3e863	bltu	x7,x31,800060e8	  x7:0x00000000 x31:0xce000601
      496337000	     24715	800060e8	98f8e7b7	lui	x15,0x98f8e	 x15=0x98f8e000
      496357000	     24716	800060ec	03397a63	bgeu	x18,x19,80006120	 x18:0x320005f2 x19:0x00000000
      497297000	     24763	80006120	1af4c017	auipc	x0,0x1af4c	  x0=0x00000000
      497317000	     24764	80006124	0001	c.addi	x0,0	  x0:0x00000000  x0=0x00000000
      497337000	     24765	80006126	5bfd	c.li	x23,-1	 x23=0xffffffff
      497517000	     24774	80006128	0ff0000f	fence	iorw,iorw	
      497737000	     24785	8000612c	018cde33	srl	x28,x25,x24	 x25:0x00000000 x24:0x00000000 x28=0x00000000
      497757000	     24786	80006130	00139863	bne	x7,x1,80006140	  x7:0x00000000  x1:0x17c80000
      497917000	     24794	80006140	0a5a	c.slli	x20,0x16	 x20:0x17c80000 x20=0x00000000
      497937000	     24795	80006142	0001	c.addi	x0,0	  x0:0x00000000  x0=0x00000000
      497957000	     24796	80006144	00b9	c.addi	x1,14	  x1:0x17c80000  x1=0x17c8000e
      497977000	     24797	80006146	00f75233	srl	x4,x14,x15	 x14:0x00000000 x15:0x98f8e000  x4=0x00000000
      497997000	     24798	8000614a	c319	c.beqz	x14,80006150	 x14:0x00000000
      498557000	     24826	80006150	41348733	sub	x14,x9,x19	  x9:0xb441afd6 x19:0x00000000 x14=0xb441afd6
      498977000	     24847	80006154	03dc9f63	bne	x25,x29,80006192	 x25:0x00000000 x29:0x17c80231
      499197000	     24858	80006192	01536833	or	x16,x6,x21	  x6:0x00000000 x21:0x00000000 x16=0x00000000
      499217000	     24859	80006196	8e61	c.and	x12,x8	 x12:0x00000000  x8:0x00000000 x12=0x00000000
      499257000	     24861	80006198	02673333	mulhu	x6,x14,x6	 x14:0xb441afd6  x6:0x00000000  x6=0x00000000
      499597000	     24878	8000619c	83c5	c.srli	x15,0x11	 x15:0x98f8e000 x15=0x00004c7c
      500537000	     24925	8000619e	037e5033	divu	x0,x28,x23	 x28:0x00000000 x23:0xffffffff  x0=0x00000000
      500557000	     24926	800061a2	18836e97	auipc	x29,0x18836	 x29=0x9883c1a2
      500597000	     24928	800061a6	026a4eb3	div	x29,x20,x6	 x20:0x00000000  x6:0x00000000 x29=0xffffffff
      500617000	     24929	800061aa	efd72193	slti	x3,x14,-259	 x14:0xb441afd6  x3=0x00000001
      500717000	     24934	800061ae	0359fe63	bgeu	x19,x21,800061ea	 x19:0x00000000 x21:0x00000000
      501677000	     24982	800061ea	5cd3ca13	xori	x20,x7,1485	  x7:0x00000000 x20=0x000005cd
      501697000	     24983	800061ee	62e1	c.lui	x5,0x18	  x5=0x00018000
      501857000	     24991	800061f0	8e31	c.xor	x12,x12	 x12:0x00000000 x12:0x00000000 x12=0x00000000
      502277000	     25012	800061f2	016f5793	srli	x15,x30,0x16	 x30:0x0be4337b x15=0x0000002f
      502297000	     25013	800061f6	917e	c.add	x2,x31	  x2:0xce000601 x31:0xce000601  x2=0x9c000c02
      502317000	     25014	800061f8	0152e833	or	x16,x5,x21	  x5:0x00018000 x21:0x00000000 x16=0x00018000
      502337000	     25015	800061fc	8e5d	c.or	x12,x15	 x12:0x00000000 x15:0x0000002f x12=0x0000002f
      502357000	     25016	800061fe	03de7c63	bgeu	x28,x29,80006236	 x28:0x00000000 x29:0xffffffff
      503357000	     25066	80006202	032afdb3	remu	x27,x21,x18	 x21:0x00000000 x18:0x320005f2 x27=0x00000000
      503377000	     25067	80006206	40ce0eb3	sub	x29,x28,x12	 x28:0x00000000 x12:0x0000002f x29=0xffffffd1
      503397000	     25068	8000620a	0398	c.addi4spn	x14,x2,448	 x14=0x9c000dc2
      503417000	     25069	8000620c	0435	c.addi	x8,13	  x8:0x00000000  x8=0x0000000d
      503437000	     25070	8000620e	044bf163	bgeu	x23,x4,80006250	 x23:0xffffffff  x4:0x00000000
      503617000	     25079	80006250	0001	c.addi	x0,0	  x0:0x00000000  x0=0x00000000
      503637000	     25080	80006252	f73e4a93	xori	x21,x28,-141	 x28:0x00000000 x21=0xffffff73
      503657000	     25081	80006256	0062ea33	or	x20,x5,x6	  x5:0x00018000  x6:0x00000000 x20=0x00018000
      503697000	     25083	8000625a	02297b63	bgeu	x18,x2,80006290	 x18:0x320005f2  x2:0x9c000c02
      503717000	     25084	8000625e	027b0933	mul	x18,x22,x7	 x22:0x0000a000  x7:0x00000000 x18=0x00000000
      503757000	     25086	80006262	02aea433	mulhsu	x8,x29,x10	 x29:0xffffffd1 x10:0x0000a000  x8=0xffffffff
      503777000	     25087	80006266	8c25	c.xor	x8,x9	  x8:0xffffffff  x9:0xb441afd6  x8=0x4bbe5029
      503797000	     25088	80006268	83a5	c.srli	x15,0x9	 x15:0x0000002f x15=0x00000000
      503817000	     25089	8000626a	0001	c.addi	x0,0	  x0:0x00000000  x0=0x00000000
      503837000	     25090	8000626c	043a	c.slli	x8,0xe	  x8:0x4bbe5029  x8=0x940a4000
      504577000	     25127	8000626e	031ac533	div	x10,x21,x17	 x21:0xffffff73 x17:0x00000001 x10=0xffffff73
      504597000	     25128	80006272	698d6213	ori	x4,x26,1688	 x26:0x00000000  x4=0x00000698
      504617000	     25129	80006276	0001	c.addi	x0,0	  x0:0x00000000  x0=0x00000000
      504637000	     25130	80006278	9c92	c.add	x25,x4	 x25:0x00000000  x4:0x00000698 x25=0x00000698
      504657000	     25131	8000627a	3e883613	sltiu	x12,x16,1000	 x16:0x00018000 x12=0x00000000
      504677000	     25132	8000627e	8c89	c.sub	x9,x10	  x9:0xb441afd6 x10:0xffffff73  x9=0xb441b063
      504697000	     25133	80006280	00659733	sll	x14,x11,x6	 x11:0x80021e64  x6:0x00000000 x14=0x80021e64
      510217000	     25409	80006284	031a8c63	beq	x21,x17,800062bc	 x21:0xffffff73 x17:0x00000001
      510237000	     25410	80006288	ce19	c.beqz	x12,800062a6	 x12:0x00000000
      511117000	     25454	800062a6	035fac33	mulhsu	x24,x31,x21	 x31:0xce000601 x21:0xffffff73 x24=0xce00061c
      511177000	     25457	800062aa	f77bc193	xori	x3,x23,-137	 x23:0xffffffff  x3=0x00000088
      511197000	     25458	800062ae	03075a63	bge	x14,x16,800062e2	 x14:0x80021e64 x16:0x00018000
      511217000	     25459	800062b2	41a45813	srai	x16,x8,0x1a	  x8:0x940a4000 x16=0xffffffe5
      511237000	     25460	800062b6	161c	c.addi4spn	x15,x2,800	 x15=0x9c000f22
      511377000	     25467	800062b8	00cfd193	srli	x3,x31,0xc	 x31:0xce000601  x3=0x000ce000
      511417000	     25469	800062bc	03198233	mul	x4,x19,x17	 x19:0x00000000 x17:0x00000001  x4=0x00000000
      511437000	     25470	800062c0	8f4d	c.or	x14,x11	 x14:0x80021e64 x11:0x80021e64 x14=0x80021e64
      511457000	     25471	800062c2	0001	c.addi	x0,0	  x0:0x00000000  x0=0x00000000
      511477000	     25472	800062c4	717d	c.addi16sp	x2,-16	  x2:0x9c000c02  x2=0x9c000bf2
      511497000	     25473	800062c6	8c75	c.and	x8,x13	  x8:0x940a4000 x13:0x80025ce4  x8=0x80024000
      511517000	     25474	800062c8	0918	c.addi4spn	x14,x2,144	 x14=0x9c000c82
      511677000	     25482	800062ca	02059033	mulh	x0,x11,x0	 x11:0x80021e64  x0:0x00000000  x0=0x00000000
      511897000	     25493	800062ce	006e7f33	and	x30,x28,x6	 x28:0x00000000  x6:0x00000000 x30=0x00000000
      511917000	     25494	800062d2	001f48b3	xor	x17,x30,x1	 x30:0x00000000  x1:0x17c8000e x17=0x17c8000e
      512217000	     25509	800062d6	02b9c663	blt	x19,x11,80006302	 x19:0x00000000 x11:0x80021e64
      512237000	     25510	800062da	9bc2	c.add	x23,x16	 x23:0xffffffff x16:0xffffffe5 x23=0xffffffe4
      512257000	     25511	800062dc	8075	c.srli	x8,0x1d	  x8:0x80024000  x8=0x00000004
      512277000	     25512	800062de	ef81	c.bnez	x15,800062f6	 x15:0x9c000f22
      514277000	     25612	800062f6	03698c33	mul	x24,x19,x22	 x19:0x00000000 x22:0x0000a000 x24=0x00000000
      514297000	     25613	800062fa	00bb81b3	add	x3,x23,x11	 x23:0xffffffe4 x11:0x80021e64  x3=0x80021e48
      514317000	     25614	800062fe	409a8fb3	sub	x31,x21,x9	 x21:0xffffff73  x9:0xb441b063 x31=0x4bbe4f10
      514337000	     25615	80006302	88ee	c.mv	x17,x27	  x0:0x00000000 x27:0x00000000 x17=0x00000000
      514737000	     25635	80006304	02b88db3	mul	x27,x17,x11	 x17:0x00000000 x11:0x80021e64 x27=0x00000000
      514897000	     25643	80006308	026a91b3	mulh	x3,x21,x6	 x21:0xffffff73  x6:0x00000000  x3=0x00000000
      515297000	     25663	8000630c	66cb8413	addi	x8,x23,1644	 x23:0xffffffe4  x8=0x00000650
      515317000	     25664	80006310	01c368b3	or	x17,x6,x28	  x6:0x00000000 x28:0x00000000 x17=0x00000000
      515517000	     25674	80006314	cc05	c.beqz	x8,8000634c	  x8:0x00000650
      515537000	     25675	80006316	403a8fb3	sub	x31,x21,x3	 x21:0xffffff73  x3:0x00000000 x31=0xffffff73
      515557000	     25676	8000631a	8275	c.srli	x12,0x1d	 x12:0x00000000 x12=0x00000000
      515717000	     25684	8000631c	0bda	c.slli	x23,0x16	 x23:0xffffffe4 x23=0xf9000000
      515757000	     25686	8000631e	01c6c2b3	xor	x5,x13,x28	 x13:0x80025ce4 x28:0x00000000  x5=0x80025ce4
      515777000	     25687	80006322	69fd	c.lui	x19,0x1f	 x19=0x0001f000
      515797000	     25688	80006324	41ddec13	ori	x24,x27,1053	 x27:0x00000000 x24=0x0000041d
      515817000	     25689	80006328	0001	c.addi	x0,0	  x0:0x00000000  x0=0x00000000
      515837000	     25690	8000632a	003a9513	slli	x10,x21,0x3	 x21:0xffffff73 x10=0xfffffb98
      515877000	     25692	8000632e	03fdc663	blt	x27,x31,8000635a	 x27:0x00000000 x31:0xffffff73
      515997000	     25698	80006332	0130f2b3	and	x5,x1,x19	  x1:0x17c8000e x19:0x0001f000  x5=0x00000000
      516017000	     25699	80006336	8d11	c.sub	x10,x12	 x10:0xfffffb98 x12:0x00000000 x10=0xfffffb98
      516037000	     25700	80006338	0050acb3	slt	x25,x1,x5	  x1:0x17c8000e  x5:0x00000000 x25=0x00000000
      516137000	     25705	8000633c	59d32a37	lui	x20,0x59d32	 x20=0x59d32000
      516157000	     25706	80006340	85120f93	addi	x31,x4,-1967	  x4:0x00000000 x31=0xfffff851
      516177000	     25707	80006344	cb95	c.beqz	x15,80006378	 x15:0x9c000f22
      516197000	     25708	80006346	717d	c.addi16sp	x2,-16	  x2:0x9c000bf2  x2=0x9c000be2
      516217000	     25709	80006348	8419	c.srai	x8,0x6	  x8:0x00000650  x8=0x00000019
      516237000	     25710	8000634a	843d	c.srai	x8,0xf	  x8:0x00000019  x8=0x00000000
      516257000	     25711	8000634c	0001	c.addi	x0,0	  x0:0x00000000  x0=0x00000000
      516557000	     25726	8000634e	ce5cf993	andi	x19,x25,-795	 x25:0x00000000 x19=0x00000000
      516577000	     25727	80006352	006569b3	or	x19,x10,x6	 x10:0xfffffb98  x6:0x00000000 x19=0xfffffb98
      516597000	     25728	80006356	032e0ab3	mul	x21,x28,x18	 x28:0x00000000 x18:0x00000000 x21=0x00000000
      516617000	     25729	8000635a	4469	c.li	x8,26	  x8=0x0000001a
      516637000	     25730	8000635c	879d	c.srai	x15,0x7	 x15:0x9c000f22 x15=0xff38001e
      517037000	     25750	8000635e	03708c33	mul	x24,x1,x23	  x1:0x17c8000e x23:0xf9000000 x24=0x9e000000
      517057000	     25751	80006362	8711	c.srai	x14,0x4	 x14:0x9c000c82 x14=0xf9c000c8
      517077000	     25752	80006364	01557f63	bgeu	x10,x21,80006382	 x10:0xfffffb98 x21:0x00000000
      517477000	     25772	80006382	00d5ce33	xor	x28,x11,x13	 x11:0x80021e64 x13:0x80025ce4 x28=0x00004280
      517897000	     25793	80006386	88ac6613	ori	x12,x24,-1910	 x24:0x9e000000 x12=0xfffff88a
      517917000	     25794	8000638a	004c21b3	slt	x3,x24,x4	 x24:0x9e000000  x4:0x00000000  x3=0x00000001
      518017000	     25799	8000638e	00495d93	srli	x27,x18,0x4	 x18:0x00000000 x27=0x00000000
      518237000	     25810	80006392	01b51f33	sll	x30,x10,x27	 x10:0xfffffb98 x27:0x00000000 x30=0xfffffb98
      518657000	     25831	80006396	019c9b33	sll	x22,x25,x25	 x25:0x00000000 x25:0x00000000 x22=0x00000000
      518917000	     25844	8000639a	af016413	ori	x8,x2,-1296	  x2:0x9c000be2  x8=0xfffffbf2
      518937000	     25845	8000639e	013b8e63	beq	x23,x19,800063ba	 x23:0xf9000000 x19:0xfffffb98
      519317000	     25864	800063a2	011d9363	bne	x27,x17,800063a8	 x27:0x00000000 x17:0x00000000
      519337000	     25865	800063a6	c511	c.beqz	x10,800063b2	 x10:0xfffffb98
      519357000	     25866	800063a8	0ff0000f	fence	iorw,iorw	
      519377000	     25867	800063ac	9b724293	xori	x5,x4,-1609	  x4:0x00000000  x5=0xfffff9b7
      519397000	     25868	800063b0	1f04	c.addi4spn	x9,x2,944	  x9=0x9c000f92
      519417000	     25869	800063b2	88e1	c.andi	x9,24	  x9:0x9c000f92  x9=0x00000010
      519437000	     25870	800063b4	8d75	c.and	x10,x13	 x10:0xfffffb98 x13:0x80025ce4 x10=0x80025880
      519457000	     25871	800063b6	0197ca63	blt	x15,x25,800063ca	 x15:0xff38001e x25:0x00000000
      520117000	     25904	800063ca	8cd1	c.or	x9,x12	  x9:0x00000010 x12:0xfffff88a  x9=0xfffff89a
      520137000	     25905	800063cc	8a46	c.mv	x20,x17	  x0:0x00000000 x17:0x00000000 x20=0x00000000
      520197000	     25908	800063ce	409400b3	sub	x1,x8,x9	  x8:0xfffffbf2  x9:0xfffff89a  x1=0x00000358
      520217000	     25909	800063d2	8e4d	c.or	x12,x11	 x12:0xfffff88a x11:0x80021e64 x12=0xfffffeee
      520237000	     25910	800063d4	005821b3	slt	x3,x16,x5	 x16:0xffffffe5  x5:0xfffff9b7  x3=0x00000000
      520477000	     25922	800063d8	eb15	c.bnez	x14,8000640c	 x14:0xf9c000c8
      522297000	     26013	8000640c	0061bcb3	sltu	x25,x3,x6	  x3:0x00000000  x6:0x00000000 x25=0x00000000
      522337000	     26015	80006410	9cc8f113	andi	x2,x17,-1588	 x17:0x00000000  x2=0x00000000
      522437000	     26020	80006414	a8fc8797	auipc	x15,0xa8fc8	 x15=0x28fce414
      522577000	     26027	80006418	547d	c.li	x8,-1	  x8=0xffffffff
      522697000	     26033	8000641a	0220bfb3	mulhu	x31,x1,x2	  x1:0x00000358  x2:0x00000000 x31=0x00000000
      522717000	     26034	8000641e	f1aa4437	lui	x8,0xf1aa4	  x8=0xf1aa4000
      522737000	     26035	80006422	8f7d	c.and	x14,x15	 x14:0xf9c000c8 x15:0x28fce414 x14=0x28c00000
      522857000	     26041	80006424	ef098b13	addi	x22,x19,-272	 x19:0xfffffb98 x22=0xfffffa88
      522957000	     26046	80006428	12fd	c.addi	x5,-1	  x5:0xfffff9b7  x5=0xfffff9b6
      522977000	     26047	8000642a	c815	c.beqz	x8,8000645e	  x8:0xf1aa4000
      522997000	     26048	8000642c	008acf33	xor	x30,x21,x8	 x21:0x00000000  x8:0xf1aa4000 x30=0xf1aa4000
      523157000	     26056	80006430	02b12c33	mulhsu	x24,x2,x11	  x2:0x00000000 x11:0x80021e64 x24=0x00000000
      523197000	     26058	80006434	03551cb3	mulh	x25,x10,x21	 x10:0x80025880 x21:0x00000000 x25=0x00000000
      523217000	     26059	80006438	ba6bb837	lui	x16,0xba6bb	 x16=0xba6bb000
      523257000	     26061	8000643c	02dd81b3	mul	x3,x27,x13	 x27:0x00000000 x13:0x80025ce4  x3=0x00000000
      523277000	     26062	80006440	8e4d	c.or	x12,x11	 x12:0xfffffeee x11:0x80021e64 x12=0xfffffeee
      524017000	     26099	80006442	02d34233	div	x4,x6,x13	  x6:0x00000000 x13:0x80025ce4  x4=0x00000000
      524037000	     26100	80006446	8d61	c.and	x10,x8	 x10:0x80025880  x8:0xf1aa4000 x10=0x80024000
      524057000	     26101	80006448	00bce963	bltu	x25,x11,8000645a	 x25:0x00000000 x11:0x80021e64
      524117000	     26104	8000645a	0193be33	sltu	x28,x7,x25	  x7:0x00000000 x25:0x00000000 x28=0x00000000
      524177000	     26107	8000645e	5fcd5f37	lui	x30,0x5fcd5	 x30=0x5fcd5000
      524197000	     26108	80006462	0001	c.addi	x0,0	  x0:0x00000000  x0=0x00000000
      524317000	     26114	80006464	ff889097	auipc	x1,0xff889	  x1=0x7f88f464
      524337000	     26115	80006468	7688cd93	xori	x27,x17,1896	 x17:0x00000000 x27=0x00000768
      524357000	     26116	8000646c	6115	c.addi16sp	x2,288	  x2:0x00000000  x2=0x00000120
      524377000	     26117	8000646e	80c5	c.srli	x9,0x11	  x9:0xfffff89a  x9=0x00007fff
      524497000	     26123	80006470	417bdcb3	sra	x25,x23,x23	 x23:0xf9000000 x23:0xf9000000 x25=0xf9000000
      524657000	     26131	80006474	00335f33	srl	x30,x6,x3	  x6:0x00000000  x3:0x00000000 x30=0x00000000
      524677000	     26132	80006478	03a787b3	mul	x15,x15,x26	 x15:0x28fce414 x26:0x00000000 x15=0x00000000
      524697000	     26133	8000647c	0000100f	fence.i	
      525037000	     26150	80006480	6149	c.addi16sp	x2,144	  x2:0x00000120  x2=0x000001b0
      525777000	     26187	80006482	037254b3	divu	x9,x4,x23	  x4:0x00000000 x23:0xf9000000  x9=0x00000000
      525797000	     26188	80006486	00be1033	sll	x0,x28,x11	 x28:0x00000000 x11:0x80021e64  x0=0x00000000
      525817000	     26189	8000648a	0000100f	fence.i	
      526497000	     26223	8000648e	025eb233	mulhu	x4,x29,x5	 x29:0xffffffd1  x5:0xfffff9b6  x4=0xfffff987
      527317000	     26264	80006492	03befe33	remu	x28,x29,x27	 x29:0xffffffd1 x27:0x00000768 x28=0x000000a1
      527337000	     26265	80006496	03064663	blt	x12,x16,800064c2	 x12:0xfffffeee x16:0xba6bb000
      527357000	     26266	8000649a	8a49	c.andi	x12,18	 x12:0xfffffeee x12=0x00000002
      527377000	     26267	8000649c	0001	c.addi	x0,0	  x0:0x00000000  x0=0x00000000
      527397000	     26268	8000649e	61b1	c.lui	x3,0xc	  x3=0x0000c000
      527557000	     26276	800064a0	8e8bf793	andi	x15,x23,-1816	 x23:0xf9000000 x15=0xf9000000
      527577000	     26277	800064a4	5d7d	c.li	x26,-1	 x26=0xffffffff
      527597000	     26278	800064a6	011d5133	srl	x2,x26,x17	 x26:0xffffffff x17:0x00000000  x2=0xffffffff
      528017000	     26299	800064aa	40278d33	sub	x26,x15,x2	 x15:0xf9000000  x2:0xffffffff x26=0xf9000001
      528117000	     26304	800064ae	0ff0000f	fence	iorw,iorw	
      528417000	     26319	800064b2	83150893	addi	x17,x10,-1999	 x10:0x80024000 x17=0x80023831
      528617000	     26329	800064b6	03d0dd63	bge	x1,x29,800064f0	  x1:0x7f88f464 x29:0xffffffd1
      529337000	     26365	800064f0	717d	c.addi16sp	x2,-16	  x2:0xffffffff  x2=0xffffffef
      529357000	     26366	800064f2	414ad0b3	sra	x1,x21,x20	 x21:0x00000000 x20:0x00000000  x1=0x00000000
      529377000	     26367	800064f6	8c69	c.and	x8,x10	  x8:0xf1aa4000 x10:0x80024000  x8=0x80024000
      529397000	     26368	800064f8	8e49	c.or	x12,x10	 x12:0x00000002 x10:0x80024000 x12=0x80024002
      529417000	     26369	800064fa	0001	c.addi	x0,0	  x0:0x00000000  x0=0x00000000
      529677000	     26382	800064fc	006a5c13	srli	x24,x20,0x6	 x20:0x00000000 x24=0x00000000
      529697000	     26383	80006500	1d7d	c.addi	x26,-1	 x26:0xf9000001 x26=0xf9000000
      529717000	     26384	80006502	8b25	c.andi	x14,9	 x14:0x28c00000 x14=0x00000000
      529997000	     26398	80006504	032efc33	remu	x24,x29,x18	 x29:0xffffffd1 x18:0x00000000 x24=0xffffffd1
      530017000	     26399	80006508	e51f0093	addi	x1,x30,-431	 x30:0x00000000  x1=0xfffffe51
      530037000	     26400	8000650c	10fd	c.addi	x1,-1	  x1:0xfffffe51  x1=0xfffffe50
      530057000	     26401	8000650e	01f1c8b3	xor	x17,x3,x31	  x3:0x0000c000 x31:0x00000000 x17=0x0000c000
      530077000	     26402	80006512	4d65	c.li	x26,25	 x26=0x00000019
      530097000	     26403	80006514	00755f13	srli	x30,x10,0x7	 x10:0x80024000 x30=0x01000480
      530257000	     26411	80006518	8fc1	c.or	x15,x8	 x15:0xf9000000  x8:0x80024000 x15=0xf9024000
      530277000	     26412	8000651a	8559	c.srai	x10,0x16	 x10:0x80024000 x10=0xfffffe00
      530297000	     26413	8000651c	044f9163	bne	x31,x4,8000655e	 x31:0x00000000  x4:0xfffff987
      531317000	     26464	8000655e	6121	c.addi16sp	x2,64	  x2:0xffffffef  x2=0x0000002f
      531417000	     26469	80006560	bb2cf313	andi	x6,x25,-1102	 x25:0xf9000000  x6=0xf9000000
      531437000	     26470	80006564	40fa5733	sra	x14,x20,x15	 x20:0x00000000 x15:0xf9024000 x14=0x00000000
      531857000	     26491	80006568	c40d	c.beqz	x8,80006592	  x8:0x80024000
      531877000	     26492	8000656a	01477f33	and	x30,x14,x20	 x14:0x00000000 x20:0x00000000 x30=0x00000000
      532857000	     26541	8000656e	02a2c4b3	div	x9,x5,x10	  x5:0xfffff9b6 x10:0xfffffe00  x9=0x00000003
      532877000	     26542	80006572	8f99	c.sub	x15,x14	 x15:0xf9024000 x14:0x00000000 x15=0xf9024000
      532897000	     26543	80006574	8b3a	c.mv	x22,x14	  x0:0x00000000 x14:0x00000000 x22=0x00000000
      533637000	     26580	80006576	026572b3	remu	x5,x10,x6	 x10:0xfffffe00  x6:0xf9000000  x5=0x06fffe00
      533657000	     26581	8000657a	00475213	srli	x4,x14,0x4	 x14:0x00000000  x4=0x00000000
      533697000	     26583	8000657e	02d722b3	mulhsu	x5,x14,x13	 x14:0x00000000 x13:0x80025ce4  x5=0x00000000
      533717000	     26584	80006582	00f57833	and	x16,x10,x15	 x10:0xfffffe00 x15:0xf9024000 x16=0xf9024000
      533737000	     26585	80006586	9bfe	c.add	x23,x31	 x23:0xf9000000 x31:0x00000000 x23=0xf9000000
      533757000	     26586	80006588	00a55463	bge	x10,x10,80006590	 x10:0xfffffe00 x10:0xfffffe00
      534477000	     26622	80006590	68f5	c.lui	x17,0x1d	 x17=0x0001d000
      534577000	     26627	80006592	01a24c33	xor	x24,x4,x26	  x4:0x00000000 x26:0x00000019 x24=0x00000019
      534597000	     26628	80006596	8e01	c.sub	x12,x8	 x12:0x80024002  x8:0x80024000 x12=0x00000002
      534617000	     26629	80006598	610d	c.addi16sp	x2,160	  x2:0x0000002f  x2=0x000000cf
      534637000	     26630	8000659a	8021	c.srli	x8,0x8	  x8:0x80024000  x8=0x00800240
      535737000	     26685	8000659c	0233f833	remu	x16,x7,x3	  x7:0x00000000  x3:0x0000c000 x16=0x00000000
      535757000	     26686	800065a0	e3d10093	addi	x1,x2,-451	  x2:0x000000cf  x1=0xffffff0c
      535777000	     26687	800065a4	6f91	c.lui	x31,0x4	 x31=0x00004000
      535817000	     26689	800065a6	02a8a033	mulhsu	x0,x17,x10	 x17:0x0001d000 x10:0xfffffe00  x0=0x00000000
      535837000	     26690	800065aa	412a84b3	sub	x9,x21,x18	 x21:0x00000000 x18:0x00000000  x9=0x00000000
      535857000	     26691	800065ae	0018df93	srli	x31,x17,0x1	 x17:0x0001d000 x31=0x0000e800
      535877000	     26692	800065b2	8d7d	c.and	x10,x15	 x10:0xfffffe00 x15:0xf9024000 x10=0xf9024000
      535897000	     26693	800065b4	003c87b3	add	x15,x25,x3	 x25:0xf9000000  x3:0x0000c000 x15=0xf900c000
      535917000	     26694	800065b8	9476	c.add	x8,x29	  x8:0x00800240 x29:0xffffffd1  x8=0x00800211
      543277000	     27062	800065ba	029de033	rem	x0,x27,x9	 x27:0x00000768  x9:0x00000000  x0=0x00000000
      543297000	     27063	800065be	003fc8b3	xor	x17,x31,x3	 x31:0x0000e800  x3:0x0000c000 x17=0x00002800
      543317000	     27064	800065c2	40c384b3	sub	x9,x7,x12	  x7:0x00000000 x12:0x00000002  x9=0xfffffffe
      543337000	     27065	800065c6	40c704b3	sub	x9,x14,x12	 x14:0x00000000 x12:0x00000002  x9=0xfffffffe
      543357000	     27066	800065ca	52c2e337	lui	x6,0x52c2e	  x6=0x52c2e000
      543577000	     27077	800065ce	b9d27113	andi	x2,x4,-1123	  x4:0x00000000  x2=0x00000000
      543797000	     27088	800065d2	0000100f	fence.i	
      543857000	     27091	800065d6	c419	c.beqz	x8,800065e4	  x8:0x00800211
      543897000	     27093	800065d8	01705e63	bge	x0,x23,800065f4	  x0:0x00000000 x23:0xf9000000
      544057000	     27101	800065f4	93710f37	lui	x30,0x93710	 x30=0x93710000
      544137000	     27105	800065f8	0001	c.addi	x0,0	  x0:0x00000000  x0=0x00000000
      544557000	     27126	800065fa	02b14d63	blt	x2,x11,80006634	  x2:0x00000000 x11:0x80021e64
      544977000	     27147	800065fe	00de12b3	sll	x5,x28,x13	 x28:0x000000a1 x13:0x80025ce4  x5=0x00000a10
      544997000	     27148	80006602	61ccef93	ori	x31,x25,1564	 x25:0xf9000000 x31=0xf900061c
      545037000	     27150	80006606	03efe163	bltu	x31,x30,80006628	 x31:0xf900061c x30:0x93710000
      545057000	     27151	8000660a	0001	c.addi	x0,0	  x0:0x00000000  x0=0x00000000
      545077000	     27152	8000660c	6d75	c.lui	x26,0x1d	 x26=0x0001d000
      545097000	     27153	8000660e	01bb9e33	sll	x28,x23,x27	 x23:0xf9000000 x27:0x00000768 x28=0x00000000
      545837000	     27190	80006612	02947bb3	remu	x23,x8,x9	  x8:0x00800211  x9:0xfffffffe x23=0x00800211
      545857000	     27191	80006616	00d51463	bne	x10,x13,8000661e	 x10:0xf9024000 x13:0x80025ce4
      546577000	     27227	8000661e	8e6d	c.and	x12,x11	 x12:0x00000002 x11:0x80021e64 x12=0x00000000
      546997000	     27248	80006620	717d	c.addi16sp	x2,-16	  x2:0x00000000  x2=0xfffffff0
      547017000	     27249	80006622	8e5d	c.or	x12,x15	 x12:0x00000000 x15:0xf900c000 x12=0xf900c000
      547037000	     27250	80006624	0001	c.addi	x0,0	  x0:0x00000000  x0=0x00000000
      547057000	     27251	80006626	cc8d	c.beqz	x9,80006660	  x9:0xfffffffe
      547077000	     27252	80006628	8d7d	c.and	x10,x15	 x10:0xf9024000 x15:0xf900c000 x10=0xf9004000
      547817000	     27289	8000662a	02b4f733	remu	x14,x9,x11	  x9:0xfffffffe x11:0x80021e64 x14=0x7ffde19a
      547837000	     27290	8000662e	8bca	c.mv	x23,x18	  x0:0x00000000 x18:0x00000000 x23=0x00000000
      547857000	     27291	80006630	4170b013	sltiu	x0,x1,1047	  x1:0xffffff0c  x0=0x00000000
      547877000	     27292	80006634	02384b63	blt	x16,x3,8000666a	 x16:0x00000000  x3:0x0000c000
      547957000	     27296	8000666a	831a	c.mv	x6,x6	  x0:0x00000000  x6:0x52c2e000  x6=0x52c2e000
      548317000	     27314	8000666c	0b90	c.addi4spn	x12,x2,464	 x12=0x000001c0
      548337000	     27315	8000666e	997d	c.andi	x10,-1	 x10:0xf9004000 x10=0xf9004000
      548357000	     27316	80006670	0fa1	c.addi	x31,8	 x31:0xf900061c x31=0xf9000624
      548377000	     27317	80006672	03a9dd63	bge	x19,x26,800066ac	 x19:0xfffffb98 x26:0x0001d000
      548397000	     27318	80006676	ed0d	c.bnez	x10,800066b0	 x10:0xf9004000
      548717000	     27334	800066b0	8f01	c.sub	x14,x8	 x14:0x7ffde19a  x8:0x00800211 x14=0x7f7ddf89
      548837000	     27340	800066b2	0189acb3	slt	x25,x19,x24	 x19:0xfffffb98 x24:0x00000019 x25=0x00000001
      548877000	     27342	800066b6	03890763	beq	x18,x24,800066e4	 x18:0x00000000 x24:0x00000019
      548897000	     27343	800066ba	0001	c.addi	x0,0	  x0:0x00000000  x0=0x00000000
      548917000	     27344	800066bc	5a14c713	xori	x14,x9,1441	  x9:0xfffffffe x14=0xfffffa5f
      548997000	     27348	800066c0	8f31	c.xor	x14,x12	 x14:0xfffffa5f x12:0x000001c0 x14=0xfffffb9f
      549017000	     27349	800066c2	0ba1	c.addi	x23,8	 x23:0x00000000 x23=0x00000008
      549057000	     27351	800066c4	0378a533	mulhsu	x10,x17,x23	 x17:0x00002800 x23:0x00000008 x10=0x00000000
      549077000	     27352	800066c8	6451	c.lui	x8,0x14	  x8=0x00014000
      549457000	     27371	800066ca	0344f333	remu	x6,x9,x20	  x9:0xfffffffe x20:0x00000000  x6=0xfffffffe
      549497000	     27373	800066ce	03fe2833	mulhsu	x16,x28,x31	 x28:0x00000000 x31:0xf9000624 x16=0x00000000
      549517000	     27374	800066d2	0ff0000f	fence	iorw,iorw	
      550617000	     27429	800066d6	02cf4333	div	x6,x30,x12	 x30:0x93710000 x12:0x000001c0  x6=0xffc1f76e
      550637000	     27430	800066da	057a6063	bltu	x20,x23,8000671a	 x20:0x00000000 x23:0x00000008
      551697000	     27483	8000671a	8719	c.srai	x14,0x6	 x14:0xfffffb9f x14=0xffffffee
      552117000	     27504	8000671c	0ff0000f	fence	iorw,iorw	
      552537000	     27525	80006720	01ea6933	or	x18,x20,x30	 x20:0x00000000 x30:0x93710000 x18=0x93710000
      552557000	     27526	80006724	01ec2d33	slt	x26,x24,x30	 x24:0x00000019 x30:0x93710000 x26=0x00000000
      552577000	     27527	80006728	87b5	c.srai	x15,0xd	 x15:0xf900c000 x15=0xffffc806
      552597000	     27528	8000672a	002e7633	and	x12,x28,x2	 x28:0x00000000  x2:0xfffffff0 x12=0x00000000
      552617000	     27529	8000672e	010edd33	srl	x26,x29,x16	 x29:0xffffffd1 x16:0x00000000 x26=0xffffffd1
      552917000	     27544	80006732	03f81363	bne	x16,x31,80006758	 x16:0x00000000 x31:0xf9000624
      553297000	     27563	80006758	0ff0000f	fence	iorw,iorw	
      553317000	     27564	8000675c	02a58c63	beq	x11,x10,80006794	 x11:0x80021e64 x10:0x00000000
      553357000	     27566	80006760	03ab5c63	bge	x22,x26,80006798	 x22:0x00000000 x26:0xffffffd1
      553637000	     27580	80006798	01528db3	add	x27,x5,x21	  x5:0x00000a10 x21:0x00000000 x27=0x00000a10
      553817000	     27589	8000679c	01a1ed33	or	x26,x3,x26	  x3:0x0000c000 x26:0xffffffd1 x26=0xffffffd1
      553977000	     27597	800067a0	00199f93	slli	x31,x19,0x1	 x19:0xfffffb98 x31=0xfffff730
      554017000	     27599	800067a4	03c2e933	rem	x18,x5,x28	  x5:0x00000a10 x28:0x00000000 x18=0x00000a10
      554057000	     27601	800067a8	013cc8b7	lui	x17,0x13cc	 x17=0x013cc000
      554177000	     27607	800067ac	84a1	c.srai	x9,0x8	  x9:0xfffffffe  x9=0xffffffff
      554197000	     27608	800067ae	1b1c	c.addi4spn	x15,x2,432	 x15=0x000001a0
      554357000	     27616	800067b0	957a	c.add	x10,x30	 x10:0x00000000 x30:0x93710000 x10=0x93710000
      554377000	     27617	800067b2	0001	c.addi	x0,0	  x0:0x00000000  x0=0x00000000
      554397000	     27618	800067b4	97ecaeb7	lui	x29,0x97eca	 x29=0x97eca000
      554637000	     27630	800067b8	8ce0ec97	auipc	x25,0x8ce0e	 x25=0x0ce147b8
      554657000	     27631	800067bc	8531	c.srai	x10,0xc	 x10:0x93710000 x10=0xfff93710
      554757000	     27636	800067be	424d8713	addi	x14,x27,1060	 x27:0x00000a10 x14=0x00000e34
      554777000	     27637	800067c2	01066b63	bltu	x12,x16,800067d8	 x12:0x00000000 x16:0x00000000
      554797000	     27638	800067c6	4105	c.li	x2,1	  x2=0x00000001
      554837000	     27640	800067c8	030ec9b3	div	x19,x29,x16	 x29:0x97eca000 x16:0x00000000 x19=0xffffffff
      555577000	     27677	800067cc	02147033	remu	x0,x8,x1	  x8:0x00014000  x1:0xffffff0c  x0=0x00000000
      555597000	     27678	800067d0	40b45ab3	sra	x21,x8,x11	  x8:0x00014000 x11:0x80021e64 x21=0x00001400
      555617000	     27679	800067d4	ed11	c.bnez	x10,800067f0	 x10:0xfff93710
      555757000	     27686	800067f0	01b1eab3	or	x21,x3,x27	  x3:0x0000c000 x27:0x00000a10 x21=0x0000ca10
      555817000	     27689	800067f4	01aa8763	beq	x21,x26,80006802	 x21:0x0000ca10 x26:0xffffffd1
      555997000	     27698	800067f8	8e344c93	xori	x25,x8,-1821	  x8:0x00014000 x25=0xfffeb8e3
      556837000	     27740	800067fc	0295ecb3	rem	x25,x11,x9	 x11:0x80021e64  x9:0xffffffff x25=0x00000000
      556857000	     27741	80006800	1ffd	c.addi	x31,-1	 x31:0xfffff730 x31=0xfffff72f
      556877000	     27742	80006802	02f0fb63	bgeu	x1,x15,80006838	  x1:0xffffff0c x15:0x000001a0
      556957000	     27746	80006838	c0a1	c.beqz	x9,80006878	  x9:0xffffffff
      557237000	     27760	8000683a	00210663	beq	x2,x2,80006846	  x2:0x00000001  x2:0x00000001
      557717000	     27784	80006846	ee1d	c.bnez	x12,80006884	 x12:0x00000000
      558157000	     27806	80006848	8d7d	c.and	x10,x15	 x10:0xfff93710 x15:0x000001a0 x10=0x00000100
      558177000	     27807	8000684a	0000100f	fence.i	
      558557000	     27826	8000684e	8cc9	c.or	x9,x10	  x9:0xffffffff x10:0x00000100  x9=0xffffffff
      558577000	     27827	80006850	60150f93	addi	x31,x10,1537	 x10:0x00000100 x31=0x00000701
      558597000	     27828	80006854	03676463	bltu	x14,x22,8000687c	 x14:0x00000e34 x22:0x00000000
      558637000	     27830	80006858	03e132b3	mulhu	x5,x2,x30	  x2:0x00000001 x30:0x93710000  x5=0x00000000
      558777000	     27837	8000685c	015c1013	slli	x0,x24,0x15	 x24:0x00000019  x0=0x00000000
      558797000	     27838	80006860	be9ae8b7	lui	x17,0xbe9ae	 x17=0xbe9ae000
      559157000	     27856	80006864	039b08b3	mul	x17,x22,x25	 x22:0x00000000 x25:0x00000000 x17=0x00000000
      559177000	     27857	80006868	464d4413	xori	x8,x26,1124	 x26:0xffffffd1  x8=0xfffffbb5
      559357000	     27866	8000686c	0005cbb3	xor	x23,x11,x0	 x11:0x80021e64  x0:0x00000000 x23=0x80021e64
      559577000	     27877	80006870	018292b3	sll	x5,x5,x24	  x5:0x00000000 x24:0x00000019  x5=0x00000000
      559657000	     27881	80006874	01d1df93	srli	x31,x3,0x1d	  x3:0x0000c000 x31=0x00000000
      559677000	     27882	80006878	6239	c.lui	x4,0xe	  x4=0x0000e000
      559697000	     27883	8000687a	881e	c.mv	x16,x7	  x0:0x00000000  x7:0x00000000 x16=0x00000000
      560097000	     27903	8000687c	0000100f	fence.i	
      560697000	     27933	80006880	020078b3	remu	x17,x0,x0	  x0:0x00000000  x0:0x00000000 x17=0x00000000
      561097000	     27953	80006884	000c3b33	sltu	x22,x24,x0	 x24:0x00000019  x0:0x00000000 x22=0x00000000
      561537000	     27975	80006888	02f73c33	mulhu	x24,x14,x15	 x14:0x00000e34 x15:0x000001a0 x24=0x00000000
      561557000	     27976	8000688c	016b8133	add	x2,x23,x22	 x23:0x80021e64 x22:0x00000000  x2=0x80021e64
      561577000	     27977	80006890	003a6d33	or	x26,x20,x3	 x20:0x00000000  x3:0x0000c000 x26=0x0000c000
      561597000	     27978	80006894	8fe1	c.and	x15,x8	 x15:0x000001a0  x8:0xfffffbb5 x15=0x000001a0
      561617000	     27979	80006896	87be	c.mv	x15,x15	  x0:0x00000000 x15:0x000001a0 x15=0x000001a0
      562017000	     27999	80006898	0346d733	divu	x14,x13,x20	 x13:0x80025ce4 x20:0x00000000 x14=0xffffffff
      562297000	     28013	8000689c	9e3e8a93	addi	x21,x29,-1565	 x29:0x97eca000 x21=0x97ec99e3
      562317000	     28014	800068a0	b225c993	xori	x19,x11,-1246	 x11:0x80021e64 x19=0x7ffde546
      562337000	     28015	800068a4	03d90fb3	mul	x31,x18,x29	 x18:0x00000a10 x29:0x97eca000 x31=0xbd0a0000
      562537000	     28025	800068a8	0918	c.addi4spn	x14,x2,144	 x14=0x80021ef4
      562557000	     28026	800068aa	023a8b63	beq	x21,x3,800068e0	 x21:0x97ec99e3  x3:0x0000c000
      562577000	     28027	800068ae	4a27b113	sltiu	x2,x15,1186	 x15:0x000001a0  x2=0x00000001
      562597000	     28028	800068b2	01e25093	srli	x1,x4,0x1e	  x4:0x0000e000  x1=0x00000000
      562697000	     28033	800068b6	9679fa93	andi	x21,x19,-1689	 x19:0x7ffde546 x21=0x7ffde146
      562717000	     28034	800068ba	0001	c.addi	x0,0	  x0:0x00000000  x0=0x00000000
      562737000	     28035	800068bc	0155ea63	bltu	x11,x21,800068d0	 x11:0x80021e64 x21:0x7ffde146
      562757000	     28036	800068c0	cf9d	c.beqz	x15,800068fe	 x15:0x000001a0
      562777000	     28037	800068c2	8795	c.srai	x15,0x5	 x15:0x000001a0 x15=0x0000000d
      562877000	     28042	800068c4	01823033	sltu	x0,x4,x24	  x4:0x0000e000 x24:0x00000000  x0=0x00000000
      563197000	     28058	800068c8	00463933	sltu	x18,x12,x4	 x12:0x00000000  x4:0x0000e000 x18=0x00000001
      563297000	     28063	800068cc	01ceaa33	slt	x20,x29,x28	 x29:0x97eca000 x28:0x00000000 x20=0x00000001
      563497000	     28073	800068d0	01b0dc63	bge	x1,x27,800068e8	  x1:0x00000000 x27:0x00000a10
      563517000	     28074	800068d4	016d04b3	add	x9,x26,x22	 x26:0x0000c000 x22:0x00000000  x9=0x0000c000
      563537000	     28075	800068d8	9b3e	c.add	x22,x15	 x22:0x00000000 x15:0x0000000d x22=0x0000000d
      563557000	     28076	800068da	6145	c.addi16sp	x2,48	  x2:0x00000001  x2=0x00000031
      564297000	     28113	800068dc	02b84433	div	x8,x16,x11	 x16:0x00000000 x11:0x80021e64  x8=0x00000000
      564317000	     28114	800068e0	01eb3433	sltu	x8,x22,x30	 x22:0x0000000d x30:0x93710000  x8=0x00000001
      564337000	     28115	800068e4	8a4a6093	ori	x1,x20,-1884	 x20:0x00000001  x1=0xfffff8a5
      564377000	     28117	800068e8	039bfcb3	remu	x25,x23,x25	 x23:0x80021e64 x25:0x00000000 x25=0x80021e64
      564417000	     28119	800068ec	03df1733	mulh	x14,x30,x29	 x30:0x93710000 x29:0x97eca000 x14=0x2c224f52
      564437000	     28120	800068f0	6945	c.lui	x18,0x11	 x18=0x00011000
      564457000	     28121	800068f2	00cbb1b3	sltu	x3,x23,x12	 x23:0x80021e64 x12:0x00000000  x3=0x00000000
      564817000	     28139	800068f6	410509b3	sub	x19,x10,x16	 x10:0x00000100 x16:0x00000000 x19=0x00000100
      564897000	     28143	800068fa	01348363	beq	x9,x19,80006900	  x9:0x0000c000 x19:0x00000100
      564917000	     28144	800068fe	8c79	c.and	x8,x14	  x8:0x00000001 x14:0x2c224f52  x8=0x00000000
      564957000	     28146	80006900	020d64b3	rem	x9,x26,x0	 x26:0x0000c000  x0:0x00000000  x9=0x0000c000
      565277000	     28162	80006904	2a8a2193	slti	x3,x20,680	 x20:0x00000001  x3=0x00000001
      565377000	     28167	80006908	0000100f	fence.i	
      566397000	     28218	8000690c	02387463	bgeu	x16,x3,80006934	 x16:0x00000000  x3:0x00000001
      566437000	     28220	80006910	8d41	c.or	x10,x8	 x10:0x00000100  x8:0x00000000 x10=0x00000100
      566477000	     28222	80006912	0000100f	fence.i	
      567377000	     28267	80006916	016ae233	or	x4,x21,x22	 x21:0x7ffde146 x22:0x0000000d  x4=0x7ffde14f
      567577000	     28277	8000691a	009082b3	add	x5,x1,x9	  x1:0xfffff8a5  x9:0x0000c000  x5=0x0000b8a5
      568717000	     28334	8000691e	0377c7b3	div	x15,x15,x23	 x15:0x0000000d x23:0x80021e64 x15=0x00000000
      568737000	     28335	80006922	6159	c.addi16sp	x2,400	  x2:0x00000031  x2=0x000001c1
      568757000	     28336	80006924	ec1d	c.bnez	x8,80006962	  x8:0x00000000
      568777000	     28337	80006926	01e9cfb3	xor	x31,x19,x30	 x19:0x00000100 x30:0x93710000 x31=0x93710100
      568797000	     28338	8000692a	8015	c.srli	x8,0x5	  x8:0x00000000  x8=0x00000000
      568817000	     28339	8000692c	49cd	c.li	x19,19	 x19=0x00000013
      568837000	     28340	8000692e	6921	c.lui	x18,0x8	 x18=0x00008000
      568857000	     28341	80006930	5fdcb193	sltiu	x3,x25,1533	 x25:0x80021e64  x3=0x00000000
      569597000	     28378	80006934	02b6cbb3	div	x23,x13,x11	 x13:0x80025ce4 x11:0x80021e64 x23=0x00000000
      569637000	     28380	80006938	02ee2bb3	mulhsu	x23,x28,x14	 x28:0x00000000 x14:0x2c224f52 x23=0x00000000
      569657000	     28381	8000693c	9d86	c.add	x27,x1	 x27:0x00000a10  x1:0xfffff8a5 x27=0x000002b5
      569677000	     28382	8000693e	f1f3f217	auipc	x4,0xf1f3f	  x4=0x71f4593e
      569697000	     28383	80006942	1384	c.addi4spn	x9,x2,480	  x9=0x000003a1
      569717000	     28384	80006944	038d8fb3	mul	x31,x27,x24	 x27:0x000002b5 x24:0x00000000 x31=0x00000000
      569737000	     28385	80006948	9a7d	c.andi	x12,-1	 x12:0x00000000 x12=0x00000000
      570477000	     28422	8000694a	0216fa33	remu	x20,x13,x1	 x13:0x80025ce4  x1:0xfffff8a5 x20=0x80025ce4
      570497000	     28423	8000694e	8c09	c.sub	x8,x10	  x8:0x00000000 x10:0x00000100  x8=0xffffff00
      570517000	     28424	80006950	c49d	c.beqz	x9,8000697e	  x9:0x000003a1
      570557000	     28426	80006952	02892333	mulhsu	x6,x18,x8	 x18:0x00008000  x8:0xffffff00  x6=0x00007fff
      570577000	     28427	80006956	01ec4533	xor	x10,x24,x30	 x24:0x00000000 x30:0x93710000 x10=0x93710000
      570597000	     28428	8000695a	02b08233	mul	x4,x1,x11	  x1:0xfffff8a5 x11:0x80021e64  x4=0x706a7674
      570617000	     28429	8000695e	03255963	bge	x10,x18,80006990	 x10:0x93710000 x18:0x00008000
      570637000	     28430	80006962	cc89	c.beqz	x9,8000697c	  x9:0x000003a1
      570657000	     28431	80006964	03245663	bge	x8,x18,80006990	  x8:0xffffff00 x18:0x00008000
      570677000	     28432	80006968	c815	c.beqz	x8,8000699c	  x8:0xffffff00
      570877000	     28442	8000696a	b7aa3e93	sltiu	x29,x20,-1158	 x20:0x80025ce4 x29=0x00000001
      570897000	     28443	8000696e	012848b3	xor	x17,x16,x18	 x16:0x00000000 x18:0x00008000 x17=0x00008000
      571017000	     28449	80006972	03863eb3	mulhu	x29,x12,x24	 x12:0x00000000 x24:0x00000000 x29=0x00000000
      571037000	     28450	80006976	9da6	c.add	x27,x9	 x27:0x000002b5  x9:0x000003a1 x27=0x00000656
      571057000	     28451	80006978	0a7a	c.slli	x20,0x1e	 x20:0x80025ce4 x20=0x00000000
      571077000	     28452	8000697a	1f88	c.addi4spn	x10,x2,1008	 x10=0x000005b1
      571217000	     28459	8000697c	8e31	c.xor	x12,x12	 x12:0x00000000 x12:0x00000000 x12=0x00000000
      571257000	     28461	8000697e	02281a33	mulh	x20,x16,x2	 x16:0x00000000  x2:0x000001c1 x20=0x00000000
      571277000	     28462	80006982	8e3e	c.mv	x28,x15	  x0:0x00000000 x15:0x00000000 x28=0x00000000
      571677000	     28482	80006984	02ca7b33	remu	x22,x20,x12	 x20:0x00000000 x12:0x00000000 x22=0x00000000
      571857000	     28491	80006988	415d5c93	srai	x25,x26,0x15	 x26:0x0000c000 x25=0x00000000
      571977000	     28497	8000698c	02ec99b3	mulh	x19,x25,x14	 x25:0x00000000 x14:0x2c224f52 x19=0x00000000
      571997000	     28498	80006990	012ef533	and	x10,x29,x18	 x29:0x00000000 x18:0x00008000 x10=0x00000000
      572017000	     28499	80006994	02c74c63	blt	x14,x12,800069cc	 x14:0x2c224f52 x12:0x00000000
      572037000	     28500	80006998	00a84a13	xori	x20,x16,10	 x16:0x00000000 x20=0x0000000a
      572297000	     28513	8000699c	0ff0000f	fence	iorw,iorw	
      572317000	     28514	800069a0	0ff0000f	fence	iorw,iorw	
      572337000	     28515	800069a4	01d61a93	slli	x21,x12,0x1d	 x12:0x00000000 x21=0x00000000
      572357000	     28516	800069a8	4815	c.li	x16,5	 x16=0x00000005
      572377000	     28517	800069aa	012d78b3	and	x17,x26,x18	 x26:0x0000c000 x18:0x00008000 x17=0x00008000
      572397000	     28518	800069ae	0001	c.addi	x0,0	  x0:0x00000000  x0=0x00000000
      572557000	     28526	800069b0	c605	c.beqz	x12,800069d8	 x12:0x00000000
      573657000	     28581	800069d8	2e02be13	sltiu	x28,x5,736	  x5:0x0000b8a5 x28=0x00000000
      573857000	     28591	800069dc	05435263	bge	x6,x20,80006a20	  x6:0x00007fff x20:0x0000000a
      574737000	     28635	80006a20	02f301b3	mul	x3,x6,x15	  x6:0x00007fff x15:0x00000000  x3=0x00000000
      575117000	     28654	80006a24	ffb24d93	xori	x27,x4,-5	  x4:0x706a7674 x27=0x8f95898f
      575137000	     28655	80006a28	01433933	sltu	x18,x6,x20	  x6:0x00007fff x20:0x0000000a x18=0x00000000
      575317000	     28664	80006a2c	01e30eb3	add	x29,x6,x30	  x6:0x00007fff x30:0x93710000 x29=0x93717fff
      575357000	     28666	80006a30	03dd20b3	mulhsu	x1,x26,x29	 x26:0x0000c000 x29:0x93717fff  x1=0x00006e95
      575417000	     28669	80006a34	38f37f93	andi	x31,x6,911	  x6:0x00007fff x31=0x0000038f
      575637000	     28680	80006a38	9b022613	slti	x12,x4,-1616	  x4:0x706a7674 x12=0x00000000
      575837000	     28690	80006a3c	01186333	or	x6,x16,x17	 x16:0x00000005 x17:0x00008000  x6=0x00008005
      575857000	     28691	80006a40	8d3d0a93	addi	x21,x26,-1837	 x26:0x0000c000 x21=0x0000b8d3
      575877000	     28692	80006a44	9de2	c.add	x27,x24	 x27:0x8f95898f x24:0x00000000 x27=0x8f95898f
      576297000	     28713	80006a46	35364813	xori	x16,x12,851	 x12:0x00000000 x16=0x00000353
      576317000	     28714	80006a4a	1b80	c.addi4spn	x8,x2,496	  x8=0x000003b1
      576377000	     28717	80006a4c	41938eb3	sub	x29,x7,x25	  x7:0x00000000 x25:0x00000000 x29=0x00000000
      576437000	     28720	80006a50	15bfba97	auipc	x21,0x15bfb	 x21=0x95c01a50
      576857000	     28741	80006a54	0ff0000f	fence	iorw,iorw	
      577677000	     28782	80006a58	02534733	div	x14,x6,x5	  x6:0x00008005  x5:0x0000b8a5 x14=0x00000000
      578417000	     28819	80006a5c	022dd633	divu	x12,x27,x2	 x27:0x8f95898f  x2:0x000001c1 x12=0x0051dd86
      578437000	     28820	80006a60	8b61	c.andi	x14,24	 x14:0x00000000 x14=0x00000000
      578457000	     28821	80006a62	018dea63	bltu	x27,x24,80006a76	 x27:0x8f95898f x24:0x00000000
      578477000	     28822	80006a66	028682b3	mul	x5,x13,x8	 x13:0x80025ce4  x8:0x000003b1  x5=0x88b8e5a4
      578517000	     28824	80006a6a	02969fb3	mulh	x31,x13,x9	 x13:0x80025ce4  x9:0x000003a1 x31=0xfffffe2f
      578537000	     28825	80006a6e	8c99	c.sub	x9,x14	  x9:0x000003a1 x14:0x00000000  x9=0x000003a1
      578557000	     28826	80006a70	11fd	c.addi	x3,-1	  x3:0x00000000  x3=0xffffffff
      578577000	     28827	80006a72	3eef6e37	lui	x28,0x3eef6	 x28=0x3eef6000
      578597000	     28828	80006a76	8f39	c.xor	x14,x14	 x14:0x00000000 x14:0x00000000 x14=0x00000000
      578637000	     28830	80006a78	00257833	and	x16,x10,x2	 x10:0x00000000  x2:0x000001c1 x16=0x00000000
      578657000	     28831	80006a7c	007d8433	add	x8,x27,x7	 x27:0x8f95898f  x7:0x00000000  x8=0x8f95898f
      578677000	     28832	80006a80	4afd	c.li	x21,31	 x21=0x0000001f
      579037000	     28850	80006a82	ea06c513	xori	x10,x13,-352	 x13:0x80025ce4 x10=0x7ffda244
      579057000	     28851	80006a86	8f65	c.and	x14,x9	 x14:0x00000000  x9:0x000003a1 x14=0x00000000
      579177000	     28857	80006a88	7e51a013	slti	x0,x3,2021	  x3:0xffffffff  x0=0x00000000
      579217000	     28859	80006a8c	03e117b3	mulh	x15,x2,x30	  x2:0x000001c1 x30:0x93710000 x15=0xffffff41
      579397000	     28868	80006a90	0189f033	and	x0,x19,x24	 x19:0x00000000 x24:0x00000000  x0=0x00000000
      579457000	     28871	80006a94	5efd	c.li	x29,-1	 x29=0xffffffff
      579477000	     28872	80006a96	9b0a	c.add	x22,x2	 x22:0x00000000  x2:0x000001c1 x22=0x000001c1
      579497000	     28873	80006a98	cfbe8613	addi	x12,x29,-773	 x29:0xffffffff x12=0xfffffcfa
      579517000	     28874	80006a9c	8e4d	c.or	x12,x11	 x12:0xfffffcfa x11:0x80021e64 x12=0xfffffefe
      579537000	     28875	80006a9e	cd1d	c.beqz	x10,80006adc	 x10:0x7ffda244
      579697000	     28883	80006aa0	e5ef8913	addi	x18,x31,-418	 x31:0xfffffe2f x18=0xfffffc8d
      579917000	     28894	80006aa4	0000100f	fence.i	
      589077000	     29352	80006aa8	03320f33	mul	x30,x4,x19	  x4:0x706a7674 x19:0x00000000 x30=0x00000000
      589437000	     29370	80006aac	8e3d	c.xor	x12,x15	 x12:0xfffffefe x15:0xffffff41 x12=0x000001bf
      589857000	     29391	80006aae	0000100f	fence.i	
      590537000	     29425	80006ab2	000f1213	slli	x4,x30,0x0	 x30:0x00000000  x4=0x00000000
      590617000	     29429	80006ab6	0ff0000f	fence	iorw,iorw	
      591357000	     29466	80006aba	03b55ab3	divu	x21,x10,x27	 x10:0x7ffda244 x27:0x8f95898f x21=0x00000000
      591377000	     29467	80006abe	f216dc17	auipc	x24,0xf216d	 x24=0x72173abe
      591397000	     29468	80006ac2	0000100f	fence.i	
      591917000	     29494	80006ac6	027d5c33	divu	x24,x26,x7	 x26:0x0000c000  x7:0x00000000 x24=0xffffffff
      591997000	     29498	80006aca	03698cb3	mul	x25,x19,x22	 x19:0x00000000 x22:0x000001c1 x25=0x00000000
      592017000	     29499	80006ace	9ee78093	addi	x1,x15,-1554	 x15:0xffffff41  x1=0xfffff92f
      592197000	     29508	80006ad2	009a72b3	and	x5,x20,x9	 x20:0x0000000a  x9:0x000003a1  x5=0x00000000
      592217000	     29509	80006ad6	61e1	c.lui	x3,0x18	  x3=0x00018000
      592297000	     29513	80006ad8	0279e163	bltu	x19,x7,80006afa	 x19:0x00000000  x7:0x00000000
      592317000	     29514	80006adc	0f7e	c.slli	x30,0x1f	 x30:0x00000000 x30=0x00000000
      592337000	     29515	80006ade	076e	c.slli	x14,0x1b	 x14:0x00000000 x14=0x00000000
      592357000	     29516	80006ae0	03205f63	bge	x0,x18,80006b1e	  x0:0x00000000 x18:0xfffffc8d
      592757000	     29536	80006b1e	e611	c.bnez	x12,80006b2a	 x12:0x000001bf
      593557000	     29576	80006b2a	000aec63	bltu	x21,x0,80006b42	 x21:0x00000000  x0:0x00000000
      593577000	     29577	80006b2e	82da	c.mv	x5,x22	  x0:0x00000000 x22:0x000001c1  x5=0x000001c1
      593597000	     29578	80006b30	03120e63	beq	x4,x17,80006b6c	  x4:0x00000000 x17:0x00008000
      593617000	     29579	80006b34	5641d417	auipc	x8,0x5641d	  x8=0xd6423b34
      594357000	     29616	80006b38	021e4eb3	div	x29,x28,x1	 x28:0x3eef6000  x1:0xfffff92f x29=0xfff6c462
      594377000	     29617	80006b3c	8471	c.srai	x8,0x1c	  x8:0xd6423b34  x8=0xfffffffd
      594397000	     29618	80006b3e	40d48f33	sub	x30,x9,x13	  x9:0x000003a1 x13:0x80025ce4 x30=0x7ffda6bd
      594437000	     29620	80006b42	02406a33	rem	x20,x0,x4	  x0:0x00000000  x4:0x00000000 x20=0x00000000
      594477000	     29622	80006b46	03d3a733	mulhsu	x14,x7,x29	  x7:0x00000000 x29:0xfff6c462 x14=0x00000000
      594497000	     29623	80006b4a	0090cd33	xor	x26,x1,x9	  x1:0xfffff92f  x9:0x000003a1 x26=0xfffffa8e
      594897000	     29643	80006b4e	03080e63	beq	x16,x16,80006b8a	 x16:0x00000000 x16:0x00000000
      595417000	     29669	80006b8a	877d	c.srai	x14,0x1f	 x14:0x00000000 x14=0x00000000
      595437000	     29670	80006b8c	c3a1	c.beqz	x15,80006bcc	 x15:0xffffff41
      595577000	     29677	80006b8e	4139d093	srai	x1,x19,0x13	 x19:0x00000000  x1=0x00000000
      595597000	     29678	80006b92	6171	c.addi16sp	x2,336	  x2:0x000001c1  x2=0x00000311
      595717000	     29684	80006b94	0101ccb3	xor	x25,x3,x16	  x3:0x00018000 x16:0x00000000 x25=0x00018000
      596477000	     29722	80006b98	03c6c8b3	div	x17,x13,x28	 x13:0x80025ce4 x28:0x3eef6000 x17=0xfffffffe
      596497000	     29723	80006b9c	717d	c.addi16sp	x2,-16	  x2:0x00000311  x2=0x00000301
      596517000	     29724	80006b9e	65263f13	sltiu	x30,x12,1618	 x12:0x000001bf x30=0x00000001
      596537000	     29725	80006ba2	69e9	c.lui	x19,0x1a	 x19=0x0001a000
      596557000	     29726	80006ba4	89fa	c.mv	x19,x30	  x0:0x00000000 x30:0x00000001 x19=0x00000001
      596577000	     29727	80006ba6	01ba1c63	bne	x20,x27,80006bbe	 x20:0x00000000 x27:0x8f95898f
      597237000	     29760	80006bbe	03667b63	bgeu	x12,x22,80006bf4	 x12:0x000001bf x22:0x000001c1
      597617000	     29779	80006bc2	00f7d413	srli	x8,x15,0xf	 x15:0xffffff41  x8=0x0001ffff
      597637000	     29780	80006bc6	0000100f	fence.i	
      597937000	     29795	80006bca	c70d	c.beqz	x14,80006bf4	 x14:0x00000000
      598997000	     29848	80006bf4	00fdfc63	bgeu	x27,x15,80006c0c	 x27:0x8f95898f x15:0xffffff41
      599017000	     29849	80006bf8	006461b3	or	x3,x8,x6	  x8:0x0001ffff  x6:0x00008005  x3=0x0001ffff
      599037000	     29850	80006bfc	9ee2	c.add	x29,x24	 x29:0xfff6c462 x24:0xffffffff x29=0xfff6c461
      599237000	     29860	80006bfe	024d6563	bltu	x26,x4,80006c28	 x26:0xfffffa8e  x4:0x00000000
      599257000	     29861	80006c02	03c0de63	bge	x1,x28,80006c3e	  x1:0x00000000 x28:0x3eef6000
      599677000	     29882	80006c06	69134313	xori	x6,x6,1681	  x6:0x00008005  x6=0x00008694
      599697000	     29883	80006c0a	8fd9	c.or	x15,x14	 x15:0xffffff41 x14:0x00000000 x15=0xffffff41
      599717000	     29884	80006c0c	01c5dab3	srl	x21,x11,x28	 x11:0x80021e64 x28:0x3eef6000 x21=0x80021e64
      600117000	     29904	80006c10	80fd	c.srli	x9,0x1f	  x9:0x000003a1  x9=0x00000000
      600137000	     29905	80006c12	0c8d	c.addi	x25,3	 x25:0x00018000 x25=0x00018003
      600177000	     29907	80006c14	0ff0000f	fence	iorw,iorw	
      600277000	     29912	80006c18	648d	c.lui	x9,0x3	  x9=0x00003000
      600297000	     29913	80006c1a	12fd	c.addi	x5,-1	  x5:0x000001c1  x5=0x000001c0
      601417000	     29969	80006c1c	0331df33	divu	x30,x3,x19	  x3:0x0001ffff x19:0x00000001 x30=0x0001ffff
      601457000	     29971	80006c20	0214cfb3	div	x31,x9,x1	  x9:0x00003000  x1:0x00000000 x31=0xffffffff
      601477000	     29972	80006c24	6b2a7813	andi	x16,x20,1714	 x20:0x00000000 x16=0x00000000
      601497000	     29973	80006c28	4109d013	srai	x0,x19,0x10	 x19:0x00000001  x0=0x00000000
      601517000	     29974	80006c2c	00c54433	xor	x8,x10,x12	 x10:0x7ffda244 x12:0x000001bf  x8=0x7ffda3fb
      601537000	     29975	80006c30	01789b63	bne	x17,x23,80006c46	 x17:0xfffffffe x23:0x00000000
      602697000	     30033	80006c46	709de913	ori	x18,x27,1801	 x27:0x8f95898f x18=0x8f958f8f
      602717000	     30034	80006c4a	00365333	srl	x6,x12,x3	 x12:0x000001bf  x3:0x0001ffff  x6=0x00000000
      602737000	     30035	80006c4e	8521	c.srai	x10,0x8	 x10:0x7ffda244 x10=0x007ffda2
      602857000	     30041	80006c50	03680c63	beq	x16,x22,80006c88	 x16:0x00000000 x22:0x000001c1
      602997000	     30048	80006c54	01d57133	and	x2,x10,x29	 x10:0x007ffda2 x29:0xfff6c461  x2=0x0076c420
      603157000	     30056	80006c58	9aea	c.add	x21,x26	 x21:0x80021e64 x26:0xfffffa8e x21=0x800218f2
      603177000	     30057	80006c5a	8c81	c.sub	x9,x8	  x9:0x00003000  x8:0x7ffda3fb  x9=0x80028c05
      603197000	     30058	80006c5c	662a8993	addi	x19,x21,1634	 x21:0x800218f2 x19=0x80021f54
      603217000	     30059	80006c60	40445533	sra	x10,x8,x4	  x8:0x7ffda3fb  x4:0x00000000 x10=0x7ffda3fb
      603237000	     30060	80006c64	8641	c.srai	x12,0x10	 x12:0x000001bf x12=0x00000000
      603257000	     30061	80006c66	999a	c.add	x19,x6	 x19:0x80021f54  x6:0x00000000 x19=0x80021f54
      603297000	     30063	80006c68	c0a1	c.beqz	x9,80006ca8	  x9:0x80028c05
      603317000	     30064	80006c6a	017e62b3	or	x5,x28,x23	 x28:0x3eef6000 x23:0x00000000  x5=0x3eef6000
      603337000	     30065	80006c6e	021202b3	mul	x5,x4,x1	  x4:0x00000000  x1:0x00000000  x5=0x00000000
      603497000	     30073	80006c72	fefc2337	lui	x6,0xfefc2	  x6=0xfefc2000
      603517000	     30074	80006c76	11fd	c.addi	x3,-1	  x3:0x0001ffff  x3=0x0001fffe
      603557000	     30076	80006c78	02f8bb33	mulhu	x22,x17,x15	 x17:0xfffffffe x15:0xffffff41 x22=0xffffff3f
      603577000	     30077	80006c7c	022d8f63	beq	x27,x2,80006cba	 x27:0x8f95898f  x2:0x0076c420
      603617000	     30079	80006c80	01b6df33	srl	x30,x13,x27	 x13:0x80025ce4 x27:0x8f95898f x30=0x00010004
      604357000	     30116	80006c84	031cc833	div	x16,x25,x17	 x25:0x00018003 x17:0xfffffffe x16=0xffff3fff
      604377000	     30117	80006c88	01cd	c.addi	x3,19	  x3:0x0001fffe  x3=0x00020011
      604397000	     30118	80006c8a	dd6e4213	xori	x4,x28,-554	 x28:0x3eef6000  x4=0xc1109dd6
      604417000	     30119	80006c8e	6179	c.addi16sp	x2,464	  x2:0x0076c420  x2=0x0076c5f0
      604717000	     30134	80006c90	c5360313	addi	x6,x12,-941	 x12:0x00000000  x6=0xfffffc53
      604737000	     30135	80006c94	406204b3	sub	x9,x4,x6	  x4:0xc1109dd6  x6:0xfffffc53  x9=0xc110a183
      605877000	     30192	80006c98	03825333	divu	x6,x4,x24	  x4:0xc1109dd6 x24:0xffffffff  x6=0x00000000
      605897000	     30193	80006c9c	24b62c97	auipc	x25,0x24b62	 x25=0xa4b68c9c
      605917000	     30194	80006ca0	8561	c.srai	x10,0x18	 x10:0x7ffda3fb x10=0x0000007f
      605937000	     30195	80006ca2	c41d	c.beqz	x8,80006cd0	  x8:0x7ffda3fb
      605957000	     30196	80006ca4	02d3dc63	bge	x7,x13,80006cdc	  x7:0x00000000 x13:0x80025ce4
      606317000	     30214	80006cdc	015a1713	slli	x14,x20,0x15	 x20:0x00000000 x14=0x00000000
      606537000	     30225	80006ce0	00b92c33	slt	x24,x18,x11	 x18:0x8f958f8f x11:0x80021e64 x24=0x00000000
      606557000	     30226	80006ce4	417e8c33	sub	x24,x29,x23	 x29:0xfff6c461 x23:0x00000000 x24=0xfff6c461
      606577000	     30227	80006ce8	ba4e8d13	addi	x26,x29,-1116	 x29:0xfff6c461 x26=0xfff6c005
      607337000	     30265	80006cec	023ac833	div	x16,x21,x3	 x21:0x800218f2  x3:0x00020011 x16=0xffffc004
      607357000	     30266	80006cf0	6215	c.lui	x4,0x5	  x4=0x00005000
      607377000	     30267	80006cf2	40055cb3	sra	x25,x10,x0	 x10:0x0000007f  x0:0x00000000 x25=0x0000007f
      608117000	     30304	80006cf6	030ff533	remu	x10,x31,x16	 x31:0xffffffff x16:0xffffc004 x10=0x00003ffb
      608137000	     30305	80006cfa	40bd0633	sub	x12,x26,x11	 x26:0xfff6c005 x11:0x80021e64 x12=0x7ff4a1a1
      608157000	     30306	80006cfe	02a78d63	beq	x15,x10,80006d38	 x15:0xffffff41 x10:0x00003ffb
      608177000	     30307	80006d02	40cb5a33	sra	x20,x22,x12	 x22:0xffffff3f x12:0x7ff4a1a1 x20=0xffffff9f
      608197000	     30308	80006d06	812d	c.srli	x10,0xb	 x10:0x00003ffb x10=0x00000007
      608217000	     30309	80006d08	00e11433	sll	x8,x2,x14	  x2:0x0076c5f0 x14:0x00000000  x8=0x0076c5f0
      608297000	     30313	80006d0c	025f5733	divu	x14,x30,x5	 x30:0x00010004  x5:0x00000000 x14=0xffffffff
      609157000	     30356	80006d10	0316e9b3	rem	x19,x13,x17	 x13:0x80025ce4 x17:0xfffffffe x19=0x00000000
      609177000	     30357	80006d14	679d	c.lui	x15,0x7	 x15=0x00007000
      609197000	     30358	80006d16	0001	c.addi	x0,0	  x0:0x00000000  x0=0x00000000
      609937000	     30395	80006d18	030e7f33	remu	x30,x28,x16	 x28:0x3eef6000 x16:0xffffc004 x30=0x3eef6000
      609957000	     30396	80006d1c	61cc2413	slti	x8,x24,1564	 x24:0xfff6c461  x8=0x00000001
      609977000	     30397	80006d20	dbab3193	sltiu	x3,x22,-582	 x22:0xffffff3f  x3=0x00000000
      609997000	     30398	80006d24	83ad1297	auipc	x5,0x83ad1	  x5=0x03ad7d24
      610017000	     30399	80006d28	c801	c.beqz	x8,80006d38	  x8:0x00000001
      610037000	     30400	80006d2a	c091	c.beqz	x9,80006d2e	  x9:0xc110a183
      610057000	     30401	80006d2c	0001	c.addi	x0,0	  x0:0x00000000  x0=0x00000000
      610077000	     30402	80006d2e	00c5cdb3	xor	x27,x11,x12	 x11:0x80021e64 x12:0x7ff4a1a1 x27=0xfff6bfc5
      610257000	     30411	80006d32	00fb62b3	or	x5,x22,x15	 x22:0xffffff3f x15:0x00007000  x5=0xffffff3f
      610277000	     30412	80006d36	4c51	c.li	x24,20	 x24=0x00000014
      610297000	     30413	80006d38	02da4363	blt	x20,x13,80006d5e	 x20:0xffffff9f x13:0x80025ce4
      610317000	     30414	80006d3c	018539b3	sltu	x19,x10,x24	 x10:0x00000007 x24:0x00000014 x19=0x00000001
      610337000	     30415	80006d40	0001	c.addi	x0,0	  x0:0x00000000  x0=0x00000000
      610417000	     30419	80006d42	40d1d093	srai	x1,x3,0xd	  x3:0x00000000  x1=0x00000000
      610437000	     30420	80006d46	8d01	c.sub	x10,x8	 x10:0x00000007  x8:0x00000001 x10=0x00000006
      610497000	     30423	80006d48	00bbb533	sltu	x10,x23,x11	 x23:0x00000000 x11:0x80021e64 x10=0x00000001
      611097000	     30453	80006d4c	717d	c.addi16sp	x2,-16	  x2:0x0076c5f0  x2=0x0076c5e0
      611117000	     30454	80006d4e	0000100f	fence.i	
      611397000	     30468	80006d52	8a56	c.mv	x20,x21	  x0:0x00000000 x21:0x800218f2 x20=0x800218f2
      611817000	     30489	80006d54	59c8b097	auipc	x1,0x59c8b	  x1=0xd9c91d54
      611877000	     30492	80006d58	6ef5	c.lui	x29,0x1d	 x29=0x0001d000
      611897000	     30493	80006d5a	004e9c33	sll	x24,x29,x4	 x29:0x0001d000  x4:0x00005000 x24=0x0001d000
      612757000	     30536	80006d5e	025d7d33	remu	x26,x26,x5	 x26:0xfff6c005  x5:0xffffff3f x26=0xfff6c005
      612777000	     30537	80006d62	9f846997	auipc	x19,0x9f846	 x19=0x1f84cd62
      612797000	     30538	80006d66	000fcd33	xor	x26,x31,x0	 x31:0xffffffff  x0:0x00000000 x26=0xffffffff
      612817000	     30539	80006d6a	057e	c.slli	x10,0x1f	 x10:0x00000001 x10=0x80000000
      612837000	     30540	80006d6c	975a	c.add	x14,x22	 x14:0xffffffff x22:0xffffff3f x14=0xffffff3e
      612857000	     30541	80006d6e	8d29	c.xor	x10,x10	 x10:0x80000000 x10:0x80000000 x10=0x00000000
      612877000	     30542	80006d70	0001	c.addi	x0,0	  x0:0x00000000  x0=0x00000000
      612897000	     30543	80006d72	00657333	and	x6,x10,x6	 x10:0x00000000  x6:0x00000000  x6=0x00000000
      613297000	     30563	80006d76	006e44b3	xor	x9,x28,x6	 x28:0x3eef6000  x6:0x00000000  x9=0x3eef6000
      613317000	     30564	80006d7a	8605	c.srai	x12,0x1	 x12:0x7ff4a1a1 x12=0x3ffa50d0
      613657000	     30581	80006d7c	010cd793	srli	x15,x25,0x10	 x25:0x0000007f x15=0x00000000
      614037000	     30600	80006d80	4088de33	sra	x28,x17,x8	 x17:0xfffffffe  x8:0x00000001 x28=0xffffffff
      614057000	     30601	80006d84	02660563	beq	x12,x6,80006dae	 x12:0x3ffa50d0  x6:0x00000000
      614077000	     30602	80006d88	00a90233	add	x4,x18,x10	 x18:0x8f958f8f x10:0x00000000  x4=0x8f958f8f
      614357000	     30616	80006d8c	41978933	sub	x18,x15,x25	 x15:0x00000000 x25:0x0000007f x18=0xffffff81
      614377000	     30617	80006d90	0146e433	or	x8,x13,x20	 x13:0x80025ce4 x20:0x800218f2  x8=0x80025cf6
      614497000	     30623	80006d94	01bad713	srli	x14,x21,0x1b	 x21:0x800218f2 x14=0x00000010
      614517000	     30624	80006d98	18982d93	slti	x27,x16,393	 x16:0xffffc004 x27=0x00000001
      614657000	     30631	80006d9c	002beb33	or	x22,x23,x2	 x23:0x00000000  x2:0x0076c5e0 x22=0x0076c5e0
      614677000	     30632	80006da0	41028833	sub	x16,x5,x16	  x5:0xffffff3f x16:0xffffc004 x16=0x00003f3b
      615117000	     30654	80006da4	f01f7813	andi	x16,x30,-255	 x30:0x3eef6000 x16=0x3eef6000
      615137000	     30655	80006da8	6915	c.lui	x18,0x5	 x18=0x00005000
      615157000	     30656	80006daa	0107b133	sltu	x2,x15,x16	 x15:0x00000000 x16:0x3eef6000  x2=0x00000001
      615197000	     30658	80006dae	008f52b3	srl	x5,x30,x8	 x30:0x3eef6000  x8:0x80025cf6  x5=0x000000fb
      615337000	     30665	80006db2	0038e863	bltu	x17,x3,80006dc2	 x17:0xfffffffe  x3:0x00000000
      615757000	     30686	80006db6	41bb52b3	sra	x5,x22,x27	 x22:0x0076c5e0 x27:0x00000001  x5=0x003b62f0
      616617000	     30729	80006dba	0365db33	divu	x22,x11,x22	 x11:0x80021e64 x22:0x0076c5e0 x22=0x00000113
      616637000	     30730	80006dbe	02516963	bltu	x2,x5,80006df0	  x2:0x00000001  x5:0x003b62f0
      616717000	     30734	80006df0	01cf1c13	slli	x24,x30,0x1c	 x30:0x3eef6000 x24=0x00000000
      616737000	     30735	80006df4	00349ab3	sll	x21,x9,x3	  x9:0x3eef6000  x3:0x00000000 x21=0x3eef6000
      616757000	     30736	80006df8	04ce	c.slli	x9,0x13	  x9:0x3eef6000  x9=0x00000000
      616777000	     30737	80006dfa	01b65f63	bge	x12,x27,80006e18	 x12:0x3ffa50d0 x27:0x00000001
      617337000	     30765	80006e18	032eaeb3	mulhsu	x29,x29,x18	 x29:0x0001d000 x18:0x00005000 x29=0x00000000
      617497000	     30773	80006e1c	01c93e33	sltu	x28,x18,x28	 x18:0x00005000 x28:0xffffffff x28=0x00000001
      617517000	     30774	80006e20	01e3c433	xor	x8,x7,x30	  x7:0x00000000 x30:0x3eef6000  x8=0x3eef6000
      617937000	     30795	80006e24	0001	c.addi	x0,0	  x0:0x00000000  x0=0x00000000
      618017000	     30799	80006e26	0ff0000f	fence	iorw,iorw	
      618037000	     30800	80006e2a	003e1c93	slli	x25,x28,0x3	 x28:0x00000001 x25=0x00000008
      618057000	     30801	80006e2e	0001	c.addi	x0,0	  x0:0x00000000  x0=0x00000000
      618477000	     30822	80006e30	02d4ab33	mulhsu	x22,x9,x13	  x9:0x00000000 x13:0x80025ce4 x22=0x00000000
      618497000	     30823	80006e34	8070f2b7	lui	x5,0x8070f	  x5=0x8070f000
      618897000	     30843	80006e38	407f0133	sub	x2,x30,x7	 x30:0x3eef6000  x7:0x00000000  x2=0x3eef6000
      618917000	     30844	80006e3c	8455	c.srai	x8,0x15	  x8:0x3eef6000  x8=0x000001f7
      618937000	     30845	80006e3e	0e59	c.addi	x28,22	 x28:0x00000001 x28=0x00000017
      618957000	     30846	80006e40	c505	c.beqz	x10,80006e68	 x10:0x00000000
      619637000	     30880	80006e68	417b0533	sub	x10,x22,x23	 x22:0x00000000 x23:0x00000000 x10=0x00000000
      619657000	     30881	80006e6c	32320f93	addi	x31,x4,803	  x4:0x8f958f8f x31=0x8f9592b2
      619677000	     30882	80006e70	0000100f	fence.i	
      620517000	     30924	80006e74	413a8233	sub	x4,x21,x19	 x21:0x3eef6000 x19:0x1f84cd62  x4=0x1f6a929e
      620537000	     30925	80006e78	0ebe	c.slli	x29,0xf	 x29:0x00000000 x29=0x00000000
      620557000	     30926	80006e7a	6121	c.addi16sp	x2,64	  x2:0x3eef6000  x2=0x3eef6040
      620577000	     30927	80006e7c	40a2da93	srai	x21,x5,0xa	  x5:0x8070f000 x21=0xffe01c3c
      620977000	     30947	80006e80	009b8f63	beq	x23,x9,80006e9e	 x23:0x00000000  x9:0x00000000
      621497000	     30973	80006e9e	717d	c.addi16sp	x2,-16	  x2:0x3eef6040  x2=0x3eef6030
      621517000	     30974	80006ea0	c811	c.beqz	x8,80006eb4	  x8:0x000001f7
      621537000	     30975	80006ea2	8fcd	c.or	x15,x11	 x15:0x00000000 x11:0x80021e64 x15=0x80021e64
      621937000	     30995	80006ea4	b2552e93	slti	x29,x10,-1243	 x10:0x00000000 x29=0x00000000
      621957000	     30996	80006ea8	0098f1b3	and	x3,x17,x9	 x17:0xfffffffe  x9:0x00000000  x3=0x00000000
      622317000	     31014	80006eac	018f0a33	add	x20,x30,x24	 x30:0x3eef6000 x24:0x00000000 x20=0x3eef6000
      622737000	     31035	80006eb0	05b65063	bge	x12,x27,80006ef0	 x12:0x3ffa50d0 x27:0x00000001
      623217000	     31059	80006ef0	e491	c.bnez	x9,80006efc	  x9:0x00000000
      623417000	     31069	80006ef2	b3abba13	sltiu	x20,x23,-1222	 x23:0x00000000 x20=0x00000001
      623597000	     31078	80006ef6	02703e33	mulhu	x28,x0,x7	  x0:0x00000000  x7:0x00000000 x28=0x00000000
      623617000	     31079	80006efa	9b7d	c.andi	x14,-1	 x14:0x00000010 x14=0x00000010
      623677000	     31082	80006efc	ad1fe013	ori	x0,x31,-1327	 x31:0x8f9592b2  x0=0x00000000
      623697000	     31083	80006f00	5e7d	c.li	x28,-1	 x28=0xffffffff
      623717000	     31084	80006f02	8751	c.srai	x14,0x14	 x14:0x00000010 x14=0x00000000
      623917000	     31094	80006f04	5a7d	c.li	x20,-1	 x20=0xffffffff
      624657000	     31131	80006f06	0326f8b3	remu	x17,x13,x18	 x13:0x80025ce4 x18:0x00005000 x17=0x00000ce4
      624677000	     31132	80006f0a	9b6a	c.add	x22,x26	 x22:0x00000000 x26:0xffffffff x22=0xffffffff
      624697000	     31133	80006f0c	0001	c.addi	x0,0	  x0:0x00000000  x0=0x00000000
      624717000	     31134	80006f0e	0b22	c.slli	x22,0x8	 x22:0xffffffff x22=0xffffff00
      625457000	     31171	80006f10	03a4fc33	remu	x24,x9,x26	  x9:0x00000000 x26:0xffffffff x24=0x00000000
      626197000	     31208	80006f14	0306f0b3	remu	x1,x13,x16	 x13:0x80025ce4 x16:0x3eef6000  x1=0x02239ce4
      626217000	     31209	80006f18	4b79	c.li	x22,30	 x22=0x0000001e
      626237000	     31210	80006f1a	0000100f	fence.i	
      626337000	     31215	80006f1e	007a6f33	or	x30,x20,x7	 x20:0xffffffff  x7:0x00000000 x30=0xffffffff
      626357000	     31216	80006f22	8741	c.srai	x14,0x10	 x14:0x00000000 x14=0x00000000
      626757000	     31236	80006f24	02160133	mul	x2,x12,x1	 x12:0x3ffa50d0  x1:0x02239ce4  x2=0x309eb940
      626777000	     31237	80006f28	ef1d	c.bnez	x14,80006f66	 x14:0x00000000
      626797000	     31238	80006f2a	6f15	c.lui	x30,0x5	 x30=0x00005000
      626817000	     31239	80006f2c	c8b9ea93	ori	x21,x19,-885	 x19:0x1f84cd62 x21=0xfffffdeb
      627097000	     31253	80006f30	86bf7493	andi	x9,x30,-1941	 x30:0x00005000  x9=0x00005000
      627117000	     31254	80006f34	40a1d333	sra	x6,x3,x10	  x3:0x00000000 x10:0x00000000  x6=0x00000000
      627237000	     31260	80006f38	8651	c.srai	x12,0x14	 x12:0x3ffa50d0 x12=0x000003ff
      627257000	     31261	80006f3a	03470f33	mul	x30,x14,x20	 x14:0x00000000 x20:0xffffffff x30=0x00000000
      627597000	     31278	80006f3e	008e0333	add	x6,x28,x8	 x28:0xffffffff  x8:0x000001f7  x6=0x000001f6
      627617000	     31279	80006f42	0ff0000f	fence	iorw,iorw	
      627637000	     31280	80006f46	fa49e197	auipc	x3,0xfa49e	  x3=0x7a4a4f46
      628377000	     31317	80006f4a	03f67f33	remu	x30,x12,x31	 x12:0x000003ff x31:0x8f9592b2 x30=0x000003ff
      628397000	     31318	80006f4e	197d	c.addi	x18,-1	 x18:0x00005000 x18=0x00004fff
      628417000	     31319	80006f50	6a5ca093	slti	x1,x25,1701	 x25:0x00000008  x1=0x00000001
      628437000	     31320	80006f54	40065c13	srai	x24,x12,0x0	 x12:0x000003ff x24=0x000003ff
      628457000	     31321	80006f58	8ced	c.and	x9,x11	  x9:0x00005000 x11:0x80021e64  x9=0x00001000
      628497000	     31323	80006f5a	03d66533	rem	x10,x12,x29	 x12:0x000003ff x29:0x00000000 x10=0x000003ff
      628517000	     31324	80006f5e	411ed8b3	sra	x17,x29,x17	 x29:0x00000000 x17:0x00000ce4 x17=0x00000000
      628537000	     31325	80006f62	9bfd	c.andi	x15,-1	 x15:0x80021e64 x15=0x80021e64
      628557000	     31326	80006f64	0001	c.addi	x0,0	  x0:0x00000000  x0=0x00000000
      628577000	     31327	80006f66	014bf233	and	x4,x23,x20	 x23:0x00000000 x20:0xffffffff  x4=0x00000000
      628597000	     31328	80006f6a	4185	c.li	x3,1	  x3=0x00000001
      628637000	     31330	80006f6c	02449db3	mulh	x27,x9,x4	  x9:0x00001000  x4:0x00000000 x27=0x00000000
      628837000	     31340	80006f70	00a79e13	slli	x28,x15,0xa	 x15:0x80021e64 x28=0x08799000
      629257000	     31361	80006f74	8909	c.andi	x10,2	 x10:0x000003ff x10=0x00000002
      629277000	     31362	80006f76	0015d133	srl	x2,x11,x1	 x11:0x80021e64  x1:0x00000001  x2=0x40010f32
      629297000	     31363	80006f7a	1880	c.addi4spn	x8,x2,112	  x8=0x40010fa2
      629357000	     31366	80006f7c	8855	c.andi	x8,21	  x8:0x40010fa2  x8=0x00000000
      629377000	     31367	80006f7e	8d11	c.sub	x10,x12	 x10:0x00000002 x12:0x000003ff x10=0xfffffc03
      629397000	     31368	80006f80	157d	c.addi	x10,-1	 x10:0xfffffc03 x10=0xfffffc02
      629537000	     31375	80006f82	808d6613	ori	x12,x26,-2040	 x26:0xffffffff x12=0xffffffff
      629557000	     31376	80006f86	98fd	c.andi	x9,-1	  x9:0x00001000  x9=0x00001000
      629617000	     31379	80006f88	00cd	c.addi	x1,19	  x1:0x00000001  x1=0x00000014
      630397000	     31418	80006f8a	02f07433	remu	x8,x0,x15	  x0:0x00000000 x15:0x80021e64  x8=0x00000000
      630417000	     31419	80006f8e	e00d	c.bnez	x8,80006fb0	  x8:0x00000000
      630437000	     31420	80006f90	00046eb3	or	x29,x8,x0	  x8:0x00000000  x0:0x00000000 x29=0x00000000
      630457000	     31421	80006f94	004d5463	bge	x26,x4,80006f9c	 x26:0xffffffff  x4:0x00000000
      630537000	     31425	80006f98	43311137	lui	x2,0x43311	  x2=0x43311000
      630557000	     31426	80006f9c	1a00	c.addi4spn	x8,x2,304	  x8=0x43311130
      630577000	     31427	80006f9e	1984	c.addi4spn	x9,x2,240	  x9=0x433110f0
      630597000	     31428	80006fa0	8869	c.andi	x8,26	  x8:0x43311130  x8=0x00000010
      630637000	     31430	80006fa2	033c92b3	mulh	x5,x25,x19	 x25:0x00000008 x19:0x1f84cd62  x5=0x00000000
      630657000	     31431	80006fa6	0001	c.addi	x0,0	  x0:0x00000000  x0=0x00000000
      630757000	     31436	80006fa8	ecc0e513	ori	x10,x1,-308	  x1:0x00000014 x10=0xfffffedc
      630817000	     31439	80006fac	03ac9bb3	mulh	x23,x25,x26	 x25:0x00000008 x26:0xffffffff x23=0xffffffff
      630857000	     31441	80006fb0	02d8bb33	mulhu	x22,x17,x13	 x17:0x00000000 x13:0x80025ce4 x22=0x00000000
      631197000	     31458	80006fb4	8385	c.srli	x15,0x1	 x15:0x80021e64 x15=0x40010f32
      631357000	     31466	80006fb6	00fccb63	blt	x25,x15,80006fcc	 x25:0x00000008 x15:0x40010f32
      632477000	     31522	80006fcc	01b49f33	sll	x30,x9,x27	  x9:0x433110f0 x27:0x00000000 x30=0x433110f0
      632657000	     31531	80006fd0	01addc13	srli	x24,x27,0x1a	 x27:0x00000000 x24=0x00000000
      632677000	     31532	80006fd4	11fd	c.addi	x3,-1	  x3:0x00000001  x3=0x00000000
      633097000	     31553	80006fd6	4017d113	srai	x2,x15,0x1	 x15:0x40010f32  x2=0x20008799
      633117000	     31554	80006fda	6d15	c.lui	x26,0x5	 x26=0x00005000
      633457000	     31571	80006fdc	8e61	c.and	x12,x8	 x12:0xffffffff  x8:0x00000010 x12=0x00000010
      633637000	     31580	80006fde	000db4b3	sltu	x9,x27,x0	 x27:0x00000000  x0:0x00000000  x9=0x00000000
      633777000	     31587	80006fe2	41a30233	sub	x4,x6,x26	  x6:0x000001f6 x26:0x00005000  x4=0xffffb1f6
      633797000	     31588	80006fe6	6db9	c.lui	x27,0xe	 x27=0x0000e000
      633817000	     31589	80006fe8	00869993	slli	x19,x13,0x8	 x13:0x80025ce4 x19=0x025ce400
      633837000	     31590	80006fec	8549	c.srai	x10,0x12	 x10:0xfffffedc x10=0xffffffff
      633857000	     31591	80006fee	01a2f033	and	x0,x5,x26	  x5:0x00000000 x26:0x00005000  x0=0x00000000
      634037000	     31600	80006ff2	03a22e33	mulhsu	x28,x4,x26	  x4:0xffffb1f6 x26:0x00005000 x28=0xffffffff
      634057000	     31601	80006ff6	4bd50993	addi	x19,x10,1213	 x10:0xffffffff x19=0x000004bc
      634077000	     31602	80006ffa	8e0d	c.sub	x12,x11	 x12:0x00000010 x11:0x80021e64 x12=0x7ffde1ac
      634917000	     31644	80006ffc	03ef47b3	div	x15,x30,x30	 x30:0x433110f0 x30:0x433110f0 x15=0x00000001
      634937000	     31645	80007000	32f8e0b7	lui	x1,0x32f8e	  x1=0x32f8e000
      634957000	     31646	80007004	00cedd13	srli	x26,x29,0xc	 x29:0x00000000 x26=0x00000000
      634977000	     31647	80007008	cc0d	c.beqz	x8,80007042	  x8:0x00000010
      634997000	     31648	8000700a	3f447093	andi	x1,x8,1012	  x8:0x00000010  x1=0x00000010
      635017000	     31649	8000700e	0163f033	and	x0,x7,x22	  x7:0x00000000 x22:0x00000000  x0=0x00000000
      635037000	     31650	80007012	4cd9	c.li	x25,22	 x25=0x00000016
      635057000	     31651	80007014	8125	c.srli	x10,0x9	 x10:0xffffffff x10=0x007fffff
      635277000	     31662	80007016	0224a333	mulhsu	x6,x9,x2	  x9:0x00000000  x2:0x20008799  x6=0x00000000
      635297000	     31663	8000701a	d9812e13	slti	x28,x2,-616	  x2:0x20008799 x28=0x00000000
      635517000	     31674	8000701e	41360bb3	sub	x23,x12,x19	 x12:0x7ffde1ac x19:0x000004bc x23=0x7ffddcf0
      635537000	     31675	80007022	84c5	c.srai	x9,0x11	  x9:0x00000000  x9=0x00000000
      635557000	     31676	80007024	01d1ddb3	srl	x27,x3,x29	  x3:0x00000000 x29:0x00000000 x27=0x00000000
      636637000	     31730	80007028	02a0fbb3	remu	x23,x1,x10	  x1:0x00000010 x10:0x007fffff x23=0x00000010
      636657000	     31731	8000702c	92476613	ori	x12,x14,-1756	 x14:0x00000000 x12=0xfffff924
      636677000	     31732	80007030	67649197	auipc	x3,0x67649	  x3=0xe7650030
      636697000	     31733	80007034	005daab3	slt	x21,x27,x5	 x27:0x00000000  x5:0x00000000 x21=0x00000000
      636717000	     31734	80007038	011dd9b3	srl	x19,x27,x17	 x27:0x00000000 x17:0x00000000 x19=0x00000000
      636737000	     31735	8000703c	01133133	sltu	x2,x6,x17	  x6:0x00000000 x17:0x00000000  x2=0x00000000
      637097000	     31753	80007040	9dae	c.add	x27,x11	 x27:0x00000000 x11:0x80021e64 x27=0x80021e64
      637137000	     31755	80007042	03de1f33	mulh	x30,x28,x29	 x28:0x00000000 x29:0x00000000 x30=0x00000000
      637157000	     31756	80007046	ca05	c.beqz	x12,80007076	 x12:0xfffff924
      637177000	     31757	80007048	8cd6	c.mv	x25,x21	  x0:0x00000000 x21:0x00000000 x25=0x00000000
      637217000	     31759	8000704a	03762bb3	mulhsu	x23,x12,x23	 x12:0xfffff924 x23:0x00000010 x23=0xffffffff
      639257000	     31861	8000704e	0037e763	bltu	x15,x3,8000705c	 x15:0x00000001  x3:0xe7650030
      639297000	     31863	8000705c	889cba13	sltiu	x20,x25,-1911	 x25:0x00000000 x20=0x00000001
      639317000	     31864	80007060	6c558f93	addi	x31,x11,1733	 x11:0x80021e64 x31=0x80022529
      639357000	     31866	80007064	0331bbb3	mulhu	x23,x3,x19	  x3:0xe7650030 x19:0x00000000 x23=0x00000000
      639777000	     31887	80007068	5cdf1797	auipc	x15,0x5cdf1	 x15=0xdcdf8068
      639797000	     31888	8000706c	9f7e	c.add	x30,x31	 x30:0x00000000 x31:0x80022529 x30=0x80022529
      639817000	     31889	8000706e	1f10	c.addi4spn	x12,x2,944	 x12=0x000003b0
      639837000	     31890	80007070	01401113	slli	x2,x0,0x14	  x0:0x00000000  x2=0x00000000
      639997000	     31898	80007074	60b9	c.lui	x1,0xe	  x1=0x0000e000
      640157000	     31906	80007076	035f1ab3	mulh	x21,x30,x21	 x30:0x80022529 x21:0x00000000 x21=0x00000000
      640197000	     31908	8000707a	02675eb3	divu	x29,x14,x6	 x14:0x00000000  x6:0x00000000 x29=0xffffffff
      640237000	     31910	8000707e	03ac64b3	rem	x9,x24,x26	 x24:0x00000000 x26:0x00000000  x9=0x00000000
      640257000	     31911	80007082	987d	c.andi	x8,-1	  x8:0x00000010  x8=0x00000010
      640297000	     31913	80007084	039e7133	remu	x2,x28,x25	 x28:0x00000000 x25:0x00000000  x2=0x00000000
      640377000	     31917	80007088	022d4e63	blt	x26,x2,800070c4	 x26:0x00000000  x2:0x00000000
      640537000	     31925	8000708c	02955863	bge	x10,x9,800070bc	 x10:0x007fffff  x9:0x00000000
      641017000	     31949	800070bc	01039193	slli	x3,x7,0x10	  x7:0x00000000  x3=0x00000000
      641857000	     31991	800070c0	0000100f	fence.i	
      643197000	     32058	800070c4	0084	c.addi4spn	x9,x2,64	  x9=0x00000040
      643217000	     32059	800070c6	02f48133	mul	x2,x9,x15	  x9:0x00000040 x15:0xdcdf8068  x2=0x37e01a00
      643537000	     32075	800070ca	00fb1033	sll	x0,x22,x15	 x22:0x00000000 x15:0xdcdf8068  x0=0x00000000
      643557000	     32076	800070ce	41f88433	sub	x8,x17,x31	 x17:0x00000000 x31:0x80022529  x8=0x7ffddad7
      643577000	     32077	800070d2	0194f463	bgeu	x9,x25,800070da	  x9:0x00000040 x25:0x00000000
      643817000	     32089	800070da	1cfd	c.addi	x25,-1	 x25:0x00000000 x25=0xffffffff
      643837000	     32090	800070dc	3aa91a97	auipc	x21,0x3aa91	 x21=0xbaa980dc
      643857000	     32091	800070e0	01af1233	sll	x4,x30,x26	 x30:0x80022529 x26:0x00000000  x4=0x80022529
      644257000	     32111	800070e4	0ff0000f	fence	iorw,iorw	
      644277000	     32112	800070e8	01ab71b3	and	x3,x22,x26	 x22:0x00000000 x26:0x00000000  x3=0x00000000
      644297000	     32113	800070ec	b4b42d93	slti	x27,x8,-1205	  x8:0x7ffddad7 x27=0x00000000
      644317000	     32114	800070f0	4aed	c.li	x21,27	 x21=0x0000001b
      644337000	     32115	800070f2	00015433	srl	x8,x2,x0	  x2:0x37e01a00  x0:0x00000000  x8=0x37e01a00
      644377000	     32117	800070f6	02e8cc63	blt	x17,x14,8000712e	 x17:0x00000000 x14:0x00000000
      644817000	     32139	800070fa	00f68d63	beq	x13,x15,80007114	 x13:0x80025ce4 x15:0xdcdf8068
      644837000	     32140	800070fe	8cf1	c.and	x9,x12	  x9:0x00000040 x12:0x000003b0  x9=0x00000000
      644857000	     32141	80007100	060a3213	sltiu	x4,x20,96	 x20:0x00000001  x4=0x00000001
      644877000	     32142	80007104	4c414f93	xori	x31,x2,1220	  x2:0x37e01a00 x31=0x37e01ec4
      645277000	     32162	80007108	0157cab3	xor	x21,x15,x21	 x15:0xdcdf8068 x21:0x0000001b x21=0xdcdf8073
      645397000	     32168	8000710c	18717b13	andi	x22,x2,391	  x2:0x37e01a00 x22=0x00000000
      645577000	     32177	80007110	03821bb3	mulh	x23,x4,x24	  x4:0x00000001 x24:0x00000000 x23=0x00000000
      645717000	     32184	80007114	0000100f	fence.i	
      646357000	     32216	80007118	40410933	sub	x18,x2,x4	  x2:0x37e01a00  x4:0x00000001 x18=0x37e019ff
      646377000	     32217	8000711c	80f1	c.srli	x9,0x1c	  x9:0x00000000  x9=0x00000000
      646397000	     32218	8000711e	0000100f	fence.i	
      647597000	     32278	80007122	0054eab3	or	x21,x9,x5	  x9:0x00000000  x5:0x00000000 x21=0x00000000
      647617000	     32279	80007126	83fd	c.srli	x15,0x1f	 x15:0xdcdf8068 x15=0x00000001
      648357000	     32316	80007128	039548b3	div	x17,x10,x25	 x10:0x007fffff x25:0xffffffff x17=0xff800001
      648377000	     32317	8000712c	ef15	c.bnez	x14,80007168	 x14:0x00000000
      648397000	     32318	8000712e	07b9	c.addi	x15,14	 x15:0x00000001 x15=0x0000000f
      648417000	     32319	80007130	05a91063	bne	x18,x26,80007170	 x18:0x37e019ff x26:0x00000000
      648777000	     32337	80007170	00198eb3	add	x29,x19,x1	 x19:0x00000000  x1:0x0000e000 x29=0x0000e000
      648817000	     32339	80007174	020fbfb3	mulhu	x31,x31,x0	 x31:0x37e01ec4  x0:0x00000000 x31=0x00000000
      648897000	     32343	80007178	8fb9	c.xor	x15,x14	 x15:0x0000000f x14:0x00000000 x15=0x0000000f
      648917000	     32344	8000717a	0001	c.addi	x0,0	  x0:0x00000000  x0=0x00000000
      648937000	     32345	8000717c	8c534893	xori	x17,x6,-1851	  x6:0x00000000 x17=0xfffff8c5
      648957000	     32346	80007180	8d568213	addi	x4,x13,-1835	 x13:0x80025ce4  x4=0x800255b9
      649317000	     32364	80007184	8d49	c.or	x10,x10	 x10:0x007fffff x10:0x007fffff x10=0x007fffff
      649457000	     32371	80007186	01ca9c93	slli	x25,x21,0x1c	 x21:0x00000000 x25=0x00000000
      649477000	     32372	8000718a	8fad	c.xor	x15,x11	 x15:0x0000000f x11:0x80021e64 x15=0x80021e6b
      649617000	     32379	8000718c	0dd62417	auipc	x8,0xdd62	  x8=0x8dd6918c
      650037000	     32400	80007190	0ff0000f	fence	iorw,iorw	
      650057000	     32401	80007194	03830f63	beq	x6,x24,800071d2	  x6:0x00000000 x24:0x00000000
      650377000	     32417	800071d2	023ba233	mulhsu	x4,x23,x3	 x23:0x00000000  x3:0x00000000  x4=0x00000000
      650397000	     32418	800071d6	80d5	c.srli	x9,0x15	  x9:0x00000000  x9=0x00000000
      650417000	     32419	800071d8	0001	c.addi	x0,0	  x0:0x00000000  x0=0x00000000
      650437000	     32420	800071da	00bab9b3	sltu	x19,x21,x11	 x21:0x00000000 x11:0x80021e64 x19=0x00000001
      650497000	     32423	800071de	001f32b3	sltu	x5,x30,x1	 x30:0x80022529  x1:0x0000e000  x5=0x00000000
      650517000	     32424	800071e2	87d2	c.mv	x15,x20	  x0:0x00000000 x20:0x00000001 x15=0x00000001
      650537000	     32425	800071e4	000ddd13	srli	x26,x27,0x0	 x27:0x00000000 x26=0x00000000
      650617000	     32429	800071e8	02e0c663	blt	x1,x14,80007214	  x1:0x0000e000 x14:0x00000000
      650637000	     32430	800071ec	40425ab3	sra	x21,x4,x4	  x4:0x00000000  x4:0x00000000 x21=0x00000000
      650657000	     32431	800071f0	e408ef13	ori	x30,x17,-448	 x17:0xfffff8c5 x30=0xfffffec5
      650917000	     32444	800071f4	117d	c.addi	x2,-1	  x2:0x37e01a00  x2=0x37e019ff
      650957000	     32446	800071f6	025e5a33	divu	x20,x28,x5	 x28:0x00000000  x5:0x00000000 x20=0xffffffff
      650977000	     32447	800071fa	9b7d	c.andi	x14,-1	 x14:0x00000000 x14=0x00000000
      650997000	     32448	800071fc	0137b2b3	sltu	x5,x15,x19	 x15:0x00000001 x19:0x00000001  x5=0x00000000
      651017000	     32449	80007200	011448b3	xor	x17,x8,x17	  x8:0x8dd6918c x17:0xfffff8c5 x17=0x72296949
      651037000	     32450	80007204	0107d193	srli	x3,x15,0x10	 x15:0x00000001  x3=0x00000000
      651057000	     32451	80007208	8e2d	c.xor	x12,x11	 x12:0x000003b0 x11:0x80021e64 x12=0x80021dd4
      651097000	     32453	8000720a	02317933	remu	x18,x2,x3	  x2:0x37e019ff  x3:0x00000000 x18=0x37e019ff
      651117000	     32454	8000720e	8cc9	c.or	x9,x10	  x9:0x00000000 x10:0x007fffff  x9=0x007fffff
      651137000	     32455	80007210	03d31e63	bne	x6,x29,8000724c	  x6:0x00000000 x29:0x0000e000
      652137000	     32505	8000724c	6151	c.addi16sp	x2,272	  x2:0x37e019ff  x2=0x37e01b0f
      652157000	     32506	8000724e	6109	c.addi16sp	x2,128	  x2:0x37e01b0f  x2=0x37e01b8f
      652177000	     32507	80007250	0273e663	bltu	x7,x7,8000727c	  x7:0x00000000  x7:0x00000000
      652197000	     32508	80007254	0810	c.addi4spn	x12,x2,16	 x12=0x37e01b9f
      652217000	     32509	80007256	717d	c.addi16sp	x2,-16	  x2:0x37e01b8f  x2=0x37e01b7f
      652377000	     32517	80007258	03151d33	mulh	x26,x10,x17	 x10:0x007fffff x17:0x72296949 x26=0x003914b4
      652397000	     32518	8000725c	4721	c.li	x14,8	 x14=0x00000008
      652417000	     32519	8000725e	41798db3	sub	x27,x19,x23	 x19:0x00000001 x23:0x00000000 x27=0x00000001
      652657000	     32531	80007262	1068dfb7	lui	x31,0x1068d	 x31=0x1068d000
      652677000	     32532	80007266	01a9aab3	slt	x21,x19,x26	 x19:0x00000001 x26:0x003914b4 x21=0x00000001
      652697000	     32533	8000726a	01b8aa93	slti	x21,x17,27	 x17:0x72296949 x21=0x00000000
      652857000	     32541	8000726e	0000100f	fence.i	
      653337000	     32565	80007272	cf05	c.beqz	x14,800072aa	 x14:0x00000008
      653357000	     32566	80007274	006de833	or	x16,x27,x6	 x27:0x00000001  x6:0x00000000 x16=0x00000001
      653537000	     32575	80007278	028fd563	bge	x31,x8,800072a2	 x31:0x1068d000  x8:0x8dd6918c
      653897000	     32593	800072a2	8915	c.andi	x10,5	 x10:0x007fffff x10=0x00000005
      654317000	     32614	800072a4	4e19	c.li	x28,6	 x28=0x00000006
      654337000	     32615	800072a6	013fdd63	bge	x31,x19,800072c0	 x31:0x1068d000 x19:0x00000001
      654497000	     32623	800072c0	003402b3	add	x5,x8,x3	  x8:0x8dd6918c  x3:0x00000000  x5=0x8dd6918c
      654737000	     32635	800072c4	01fe	c.slli	x3,0x1f	  x3:0x00000000  x3=0x00000000
      654757000	     32636	800072c6	00d78bb3	add	x23,x15,x13	 x15:0x00000001 x13:0x80025ce4 x23=0x80025ce5
      655037000	     32650	800072ca	02a28fb3	mul	x31,x5,x10	  x5:0x8dd6918c x10:0x00000005 x31=0xc530d7bc
      655357000	     32666	800072ce	011c27b3	slt	x15,x24,x17	 x24:0x00000000 x17:0x72296949 x15=0x00000001
      655377000	     32667	800072d2	013a4733	xor	x14,x20,x19	 x20:0xffffffff x19:0x00000001 x14=0xfffffffe
      655397000	     32668	800072d6	8c85	c.sub	x9,x9	  x9:0x007fffff  x9:0x007fffff  x9=0x00000000
      655497000	     32673	800072d8	00f54363	blt	x10,x15,800072de	 x10:0x00000005 x15:0x00000001
      655517000	     32674	800072dc	8f2d	c.xor	x14,x11	 x14:0xfffffffe x11:0x80021e64 x14=0x7ffde19a
      655537000	     32675	800072de	8d51	c.or	x10,x12	 x10:0x00000005 x12:0x37e01b9f x10=0x37e01b9f
      655557000	     32676	800072e0	29c52b13	slti	x22,x10,668	 x10:0x37e01b9f x22=0x00000000
      655657000	     32681	800072e4	032a3033	mulhu	x0,x20,x18	 x20:0xffffffff x18:0x37e019ff  x0=0x00000000
      655777000	     32687	800072e8	01d29513	slli	x10,x5,0x1d	  x5:0x8dd6918c x10=0x80000000
      655797000	     32688	800072ec	e611	c.bnez	x12,800072f8	 x12:0x37e01b9f
      656357000	     32716	800072f8	40b18ab3	sub	x21,x3,x11	  x3:0x00000000 x11:0x80021e64 x21=0x7ffde19c
      656597000	     32728	800072fc	8e7d	c.and	x12,x15	 x12:0x37e01b9f x15:0x00000001 x12=0x00000001
      656697000	     32733	800072fe	40608933	sub	x18,x1,x6	  x1:0x0000e000  x6:0x00000000 x18=0x0000e000
      656717000	     32734	80007302	017d4d63	blt	x26,x23,8000731c	 x26:0x003914b4 x23:0x80025ce5
      656737000	     32735	80007306	c811	c.beqz	x8,8000731a	  x8:0x8dd6918c
      657137000	     32755	80007308	03f3dc63	bge	x7,x31,80007340	  x7:0x00000000 x31:0xc530d7bc
      658097000	     32803	80007340	02b77133	remu	x2,x14,x11	 x14:0x7ffde19a x11:0x80021e64  x2=0x7ffde19a
      658117000	     32804	80007344	8e5d	c.or	x12,x15	 x12:0x00000001 x15:0x00000001 x12=0x00000001
      658157000	     32806	80007346	02542fb3	mulhsu	x31,x8,x5	  x8:0x8dd6918c  x5:0x8dd6918c x31=0xc0bf7e9f
      658897000	     32843	8000734a	03ba6d33	rem	x26,x20,x27	 x20:0xffffffff x27:0x00000001 x26=0x00000000
      658917000	     32844	8000734e	f8d8ef93	ori	x31,x17,-115	 x17:0x72296949 x31=0xffffffcd
      658957000	     32846	80007352	029fd9b3	divu	x19,x31,x9	 x31:0xffffffcd  x9:0x00000000 x19=0xffffffff
      658977000	     32847	80007356	0001	c.addi	x0,0	  x0:0x00000000  x0=0x00000000
      658997000	     32848	80007358	02296f63	bltu	x18,x2,80007396	 x18:0x0000e000  x2:0x7ffde19a
      659837000	     32890	80007396	9546	c.add	x10,x17	 x10:0x80000000 x17:0x72296949 x10=0xf2296949
      659877000	     32892	80007398	0ff0000f	fence	iorw,iorw	
      659897000	     32893	8000739c	0cda	c.slli	x25,0x16	 x25:0x00000000 x25=0x00000000
      659917000	     32894	8000739e	0ff0000f	fence	iorw,iorw	
      659957000	     32896	800073a2	02006fb3	rem	x31,x0,x0	  x0:0x00000000  x0:0x00000000 x31=0x00000000
      659977000	     32897	800073a6	cf15	c.beqz	x14,800073e2	 x14:0x7ffde19a
      660217000	     32909	800073a8	cff26d93	ori	x27,x4,-769	  x4:0x00000000 x27=0xfffffcff
      660237000	     32910	800073ac	8469	c.srai	x8,0x1a	  x8:0x8dd6918c  x8=0xffffffe3
      660437000	     32920	800073ae	01c47933	and	x18,x8,x28	  x8:0xffffffe3 x28:0x00000006 x18=0x00000002
      660457000	     32921	800073b2	01d510b3	sll	x1,x10,x29	 x10:0xf2296949 x29:0x0000e000  x1=0xf2296949
      660517000	     32924	800073b6	00953033	sltu	x0,x10,x9	 x10:0xf2296949  x9:0x00000000  x0=0x00000000
      660537000	     32925	800073ba	028ace63	blt	x21,x8,800073f6	 x21:0x7ffde19c  x8:0xffffffe3
      660557000	     32926	800073be	8141	c.srli	x10,0x10	 x10:0xf2296949 x10=0x0000f229
      660617000	     32929	800073c0	b2852d13	slti	x26,x10,-1240	 x10:0x0000f229 x26=0x00000000
      660797000	     32938	800073c4	024ac233	div	x4,x21,x4	 x21:0x7ffde19c  x4:0x00000000  x4=0xffffffff
      660837000	     32940	800073c8	4f21	c.li	x30,8	 x30=0x00000008
      661917000	     32994	800073ca	02d3c0b3	div	x1,x7,x13	  x7:0x00000000 x13:0x80025ce4  x1=0x00000000
      661937000	     32995	800073ce	03278e33	mul	x28,x15,x18	 x15:0x00000001 x18:0x00000002 x28=0x00000002
      661957000	     32996	800073d2	00725fb3	srl	x31,x4,x7	  x4:0xffffffff  x7:0x00000000 x31=0xffffffff
      662057000	     33001	800073d6	015d1133	sll	x2,x26,x21	 x26:0x00000000 x21:0x7ffde19c  x2=0x00000000
      662077000	     33002	800073da	c3057813	andi	x16,x10,-976	 x10:0x0000f229 x16=0x0000f020
      662817000	     33039	800073de	034f4a33	div	x20,x30,x20	 x30:0x00000008 x20:0xffffffff x20=0xfffffff8
      662837000	     33040	800073e2	0201fe63	bgeu	x3,x0,8000741e	  x3:0x00000000  x0:0x00000000
      663657000	     33081	8000741e	96cf0013	addi	x0,x30,-1684	 x30:0x00000008  x0=0x00000000
      663677000	     33082	80007422	04e6f363	bgeu	x13,x14,80007468	 x13:0x80025ce4 x14:0x7ffde19a
      664137000	     33105	80007468	01095e33	srl	x28,x18,x16	 x18:0x00000002 x16:0x0000f020 x28=0x00000002
      664277000	     33112	8000746c	e00d	c.bnez	x8,8000748e	  x8:0xffffffe3
      674917000	     33644	8000748e	0282ca33	div	x20,x5,x8	  x5:0x8dd6918c  x8:0xffffffe3 x20=0x03efc604
      674937000	     33645	80007492	027a	c.slli	x4,0x1e	  x4:0xffffffff  x4=0xc0000000
      674957000	     33646	80007494	9bfd	c.andi	x15,-1	 x15:0x00000001 x15=0x00000001
      674977000	     33647	80007496	8f75	c.and	x14,x13	 x14:0x7ffde19a x13:0x80025ce4 x14=0x00004080
      674997000	     33648	80007498	8335	c.srli	x14,0xd	 x14:0x00004080 x14=0x00000002
      675017000	     33649	8000749a	829a	c.mv	x5,x6	  x0:0x00000000  x6:0x00000000  x5=0x00000000
      675037000	     33650	8000749c	c505	c.beqz	x10,800074c4	 x10:0x0000f229
      675057000	     33651	8000749e	41850133	sub	x2,x10,x24	 x10:0x0000f229 x24:0x00000000  x2=0x0000f229
      675077000	     33652	800074a2	1590	c.addi4spn	x12,x2,736	 x12=0x0000f509
      675097000	     33653	800074a4	6439	c.lui	x8,0xe	  x8=0x0000e000
      675117000	     33654	800074a6	01dfa1b3	slt	x3,x31,x29	 x31:0xffffffff x29:0x0000e000  x3=0x00000001
      675137000	     33655	800074aa	8459	c.srai	x8,0x16	  x8:0x0000e000  x8=0x00000000
      675257000	     33661	800074ac	0ff0000f	fence	iorw,iorw	
      675677000	     33682	800074b0	409cda93	srai	x21,x25,0x9	 x25:0x00000000 x21=0x00000000
      675697000	     33683	800074b4	02918333	mul	x6,x3,x9	  x3:0x00000001  x9:0x00000000  x6=0x00000000
      675817000	     33689	800074b8	cb75fc13	andi	x24,x11,-841	 x11:0x80021e64 x24=0x80021c24
      675897000	     33693	800074bc	c8e80ab7	lui	x21,0xc8e80	 x21=0xc8e80000
      675917000	     33694	800074c0	37d84a13	xori	x20,x16,893	 x16:0x0000f020 x20=0x0000f35d
      675937000	     33695	800074c4	88c9	c.andi	x9,18	  x9:0x00000000  x9=0x00000000
      676357000	     33716	800074c6	0ff0000f	fence	iorw,iorw	
      676377000	     33717	800074ca	00dcfa63	bgeu	x25,x13,800074de	 x25:0x00000000 x13:0x80025ce4
      676397000	     33718	800074ce	24c5ec37	lui	x24,0x24c5e	 x24=0x24c5e000
      676417000	     33719	800074d2	414d	c.li	x2,19	  x2=0x00000013
      676437000	     33720	800074d4	00e50963	beq	x10,x14,800074e6	 x10:0x0000f229 x14:0x00000002
      676557000	     33726	800074d8	03d84b63	blt	x16,x29,8000750e	 x16:0x0000f020 x29:0x0000e000
      676917000	     33744	800074dc	8e51	c.or	x12,x12	 x12:0x0000f509 x12:0x0000f509 x12=0x0000f509
      677657000	     33781	800074de	03fef4b3	remu	x9,x29,x31	 x29:0x0000e000 x31:0xffffffff  x9=0x0000e000
      677677000	     33782	800074e2	92d6	c.add	x5,x21	  x5:0x00000000 x21:0xc8e80000  x5=0xc8e80000
      677697000	     33783	800074e4	80b1	c.srli	x9,0xc	  x9:0x0000e000  x9=0x0000000e
      677717000	     33784	800074e6	4d05	c.li	x26,1	 x26=0x00000001
      677737000	     33785	800074e8	30ebcf97	auipc	x31,0x30ebc	 x31=0xb0ec34e8
      677757000	     33786	800074ec	05c8d063	bge	x17,x28,8000752c	 x17:0x72296949 x28:0x00000002
      678117000	     33804	8000752c	01d46533	or	x10,x8,x29	  x8:0x00000000 x29:0x0000e000 x10=0x0000e000
      678237000	     33810	80007530	020a	c.slli	x4,0x2	  x4:0xc0000000  x4=0x00000000
      678397000	     33818	80007532	01f66d63	bltu	x12,x31,8000754c	 x12:0x0000f509 x31:0xb0ec34e8
      679457000	     33871	8000754c	9cbe	c.add	x25,x15	 x25:0x00000000 x15:0x00000001 x25=0x00000001
      679497000	     33873	8000754e	01a931b3	sltu	x3,x18,x26	 x18:0x00000002 x26:0x00000001  x3=0x00000000
      679517000	     33874	80007552	815d	c.srli	x10,0x17	 x10:0x0000e000 x10=0x00000000
      679537000	     33875	80007554	015884b3	add	x9,x17,x21	 x17:0x72296949 x21:0xc8e80000  x9=0x3b116949
      679557000	     33876	80007558	8e69	c.and	x12,x10	 x12:0x0000f509 x10:0x00000000 x12=0x00000000
      679617000	     33879	8000755a	01118bb3	add	x23,x3,x17	  x3:0x00000000 x17:0x72296949 x23=0x72296949
      679637000	     33880	8000755e	03565b63	bge	x12,x21,80007594	 x12:0x00000000 x21:0xc8e80000
      680917000	     33944	80007594	40e7d513	srai	x10,x15,0xe	 x15:0x00000001 x10=0x00000000
      680977000	     33947	80007598	773f6e93	ori	x29,x30,1907	 x30:0x00000008 x29=0x0000077b
      680997000	     33948	8000759c	66e0c897	auipc	x17,0x66e0c	 x17=0xe6e1359c
      681257000	     33961	800075a0	8525	c.srai	x10,0x9	 x10:0x00000000 x10=0x00000000
      681277000	     33962	800075a2	8c3d	c.xor	x8,x15	  x8:0x00000000 x15:0x00000001  x8=0x00000001
      681297000	     33963	800075a4	8131	c.srli	x10,0xc	 x10:0x00000000 x10=0x00000000
      681317000	     33964	800075a6	01bad993	srli	x19,x21,0x1b	 x21:0xc8e80000 x19=0x00000019
      681357000	     33966	800075aa	0363eab3	rem	x21,x7,x22	  x7:0x00000000 x22:0x00000000 x21=0x00000000
      681377000	     33967	800075ae	02b04d63	blt	x0,x11,800075e8	  x0:0x00000000 x11:0x80021e64
      681397000	     33968	800075b2	61fd	c.lui	x3,0x1f	  x3=0x0001f000
      681417000	     33969	800075b4	060e	c.slli	x12,0x3	 x12:0x00000000 x12=0x00000000
      681437000	     33970	800075b6	0159ee63	bltu	x19,x21,800075d2	 x19:0x00000019 x21:0x00000000
      681457000	     33971	800075ba	0001	c.addi	x0,0	  x0:0x00000000  x0=0x00000000
      681517000	     33974	800075bc	03667bb3	remu	x23,x12,x22	 x12:0x00000000 x22:0x00000000 x23=0x00000000
      681617000	     33979	800075c0	00ae9013	slli	x0,x29,0xa	 x29:0x0000077b  x0=0x00000000
      682397000	     34018	800075c4	02be4333	div	x6,x28,x11	 x28:0x00000002 x11:0x80021e64  x6=0x00000000
      682417000	     34019	800075c8	023a	c.slli	x4,0xe	  x4:0x00000000  x4=0x00000000
      682437000	     34020	800075ca	40e30933	sub	x18,x6,x14	  x6:0x00000000 x14:0x00000002 x18=0xfffffffe
      682457000	     34021	800075ce	862e	c.mv	x12,x11	  x0:0x00000000 x11:0x80021e64 x12=0x80021e64
      682477000	     34022	800075d0	4f3d	c.li	x30,15	 x30=0x0000000f
      682517000	     34024	800075d2	038ea1b3	mulhsu	x3,x29,x24	 x29:0x0000077b x24:0x24c5e000  x3=0x00000113
      682537000	     34025	800075d6	8d49	c.or	x10,x10	 x10:0x00000000 x10:0x00000000 x10=0x00000000
      682557000	     34026	800075d8	7cce6913	ori	x18,x28,1996	 x28:0x00000002 x18=0x000007ce
      682577000	     34027	800075dc	6b7d	c.lui	x22,0x1f	 x22=0x0001f000
      682597000	     34028	800075de	fbefc313	xori	x6,x31,-66	 x31:0xb0ec34e8  x6=0x4f13cb56
      682617000	     34029	800075e2	41ba5d13	srai	x26,x20,0x1b	 x20:0x0000f35d x26=0x00000000
      682637000	     34030	800075e6	8c99	c.sub	x9,x14	  x9:0x3b116949 x14:0x00000002  x9=0x3b116947
      683037000	     34050	800075e8	918a	c.add	x3,x2	  x3:0x00000113  x2:0x00000013  x3=0x00000126
      683057000	     34051	800075ea	41215233	sra	x4,x2,x18	  x2:0x00000013 x18:0x000007ce  x4=0x00000000
      683117000	     34054	800075ee	001419b3	sll	x19,x8,x1	  x8:0x00000001  x1:0x00000000 x19=0x00000001
      683137000	     34055	800075f2	0001	c.addi	x0,0	  x0:0x00000000  x0=0x00000000
      683537000	     34075	800075f4	036b8e63	beq	x23,x22,80007630	 x23:0x00000000 x22:0x0001f000
      683557000	     34076	800075f8	035e8133	mul	x2,x29,x21	 x29:0x0000077b x21:0x00000000  x2=0x00000000
      683577000	     34077	800075fc	005dde93	srli	x29,x27,0x5	 x27:0xfffffcff x29=0x07ffffe7
      683597000	     34078	80007600	40b104b3	sub	x9,x2,x11	  x2:0x00000000 x11:0x80021e64  x9=0x7ffde19c
      683617000	     34079	80007604	41075433	sra	x8,x14,x16	 x14:0x00000002 x16:0x0000f020  x8=0x00000002
      683677000	     34082	80007608	02305c63	bge	x0,x3,80007640	  x0:0x00000000  x3:0x00000126
      683737000	     34085	8000760c	02a4deb3	divu	x29,x9,x10	  x9:0x7ffde19c x10:0x00000000 x29=0xffffffff
      684117000	     34104	80007610	0001	c.addi	x0,0	  x0:0x00000000  x0=0x00000000
      684137000	     34105	80007612	8ca1	c.xor	x9,x8	  x9:0x7ffde19c  x8:0x00000002  x9=0x7ffde19e
      684277000	     34112	80007614	6115	c.addi16sp	x2,288	  x2:0x00000000  x2=0x00000120
      684317000	     34114	80007616	026714b3	mulh	x9,x14,x6	 x14:0x00000002  x6:0x4f13cb56  x9=0x00000000
      684677000	     34132	8000761a	6fd54113	xori	x2,x10,1789	 x10:0x00000000  x2=0x000006fd
      685097000	     34153	8000761e	e2b8b513	sltiu	x10,x17,-469	 x17:0xe6e1359c x10=0x00000001
      685117000	     34154	80007622	803d	c.srli	x8,0xf	  x8:0x00000002  x8=0x00000000
      685137000	     34155	80007624	08b98313	addi	x6,x19,139	 x19:0x00000001  x6=0x0000008c
      685157000	     34156	80007628	1890	c.addi4spn	x12,x2,112	 x12=0x0000076d
      685217000	     34159	8000762a	01959993	slli	x19,x11,0x19	 x11:0x80021e64 x19=0xc8000000
      685237000	     34160	8000762e	e30d	c.bnez	x14,80007650	 x14:0x00000002
      685637000	     34180	80007650	59fd	c.li	x19,-1	 x19=0xffffffff
      685797000	     34188	80007652	015d84b3	add	x9,x27,x21	 x27:0xfffffcff x21:0x00000000  x9=0xfffffcff
      685957000	     34196	80007656	00799e33	sll	x28,x19,x7	 x19:0xffffffff  x7:0x00000000 x28=0xffffffff
      685977000	     34197	8000765a	0b90	c.addi4spn	x12,x2,464	 x12=0x000008cd
      686137000	     34205	8000765c	03b20363	beq	x4,x27,80007682	  x4:0x00000000 x27:0xfffffcff
      686157000	     34206	80007660	0001	c.addi	x0,0	  x0:0x00000000  x0=0x00000000
      686177000	     34207	80007662	0064bf33	sltu	x30,x9,x6	  x9:0xfffffcff  x6:0x0000008c x30=0x00000000
      686277000	     34212	80007666	401d8fb3	sub	x31,x27,x1	 x27:0xfffffcff  x1:0x00000000 x31=0xfffffcff
      686417000	     34219	8000766a	523c3a13	sltiu	x20,x24,1315	 x24:0x24c5e000 x20=0x00000000
      686437000	     34220	8000766e	01564cb3	xor	x25,x12,x21	 x12:0x000008cd x21:0x00000000 x25=0x000008cd
      686877000	     34242	80007672	00c8bd33	sltu	x26,x17,x12	 x17:0xe6e1359c x12:0x000008cd x26=0x00000000
      686917000	     34244	80007676	02d99a33	mulh	x20,x19,x13	 x19:0xffffffff x13:0x80025ce4 x20=0x00000000
      686937000	     34245	8000767a	1f9c	c.addi4spn	x15,x2,1008	 x15=0x00000aed
      686957000	     34246	8000767c	717d	c.addi16sp	x2,-16	  x2:0x000006fd  x2=0x000006ed
      686977000	     34247	8000767e	8e16	c.mv	x28,x5	  x0:0x00000000  x5:0xc8e80000 x28=0xc8e80000
      686997000	     34248	80007680	098e	c.slli	x19,0x3	 x19:0xffffffff x19=0xfffffff8
      687017000	     34249	80007682	1f98	c.addi4spn	x14,x2,1008	 x14=0x00000add
      687197000	     34258	80007684	8e05	c.sub	x12,x9	 x12:0x000008cd  x9:0xfffffcff x12=0x00000bce
      687217000	     34259	80007686	177d	c.addi	x14,-1	 x14:0x00000add x14=0x00000adc
      687337000	     34265	80007688	015177b3	and	x15,x2,x21	  x2:0x000006ed x21:0x00000000 x15=0x00000000
      687357000	     34266	8000768c	00ab1d33	sll	x26,x22,x10	 x22:0x0001f000 x10:0x00000001 x26=0x0003e000
      687777000	     34287	80007690	0001	c.addi	x0,0	  x0:0x00000000  x0=0x00000000
      687877000	     34292	80007692	02045133	divu	x2,x8,x0	  x8:0x00000000  x0:0x00000000  x2=0xffffffff
      687897000	     34293	80007696	38ca3493	sltiu	x9,x20,908	 x20:0x00000000  x9=0x00000001
      688237000	     34310	8000769a	01b74363	blt	x14,x27,800076a0	 x14:0x00000adc x27:0xfffffcff
      688257000	     34311	8000769e	6139	c.addi16sp	x2,448	  x2:0xffffffff  x2=0x000001bf
      688277000	     34312	800076a0	2a17f213	andi	x4,x15,673	 x15:0x00000000  x4=0x00000000
      688297000	     34313	800076a4	00d1ee33	or	x28,x3,x13	  x3:0x00000126 x13:0x80025ce4 x28=0x80025de6
      688317000	     34314	800076a8	54fd	c.li	x9,-1	  x9=0xffffffff
      688337000	     34315	800076aa	0eae	c.slli	x29,0xb	 x29:0xffffffff x29=0xfffff800
      688377000	     34317	800076ac	024d3d33	mulhu	x26,x26,x4	 x26:0x0003e000  x4:0x00000000 x26=0x00000000
      688417000	     34319	800076b0	036e1333	mulh	x6,x28,x22	 x28:0x80025de6 x22:0x0001f000  x6=0xffff0804
      689157000	     34356	800076b4	03beeb33	rem	x22,x29,x27	 x29:0xfffff800 x27:0xfffffcff x22=0xfffffe02
      689177000	     34357	800076b8	cb15	c.beqz	x14,800076ec	 x14:0x00000adc
      689197000	     34358	800076ba	ab96a713	slti	x14,x13,-1351	 x13:0x80025ce4 x14=0x00000001
      689217000	     34359	800076be	01c0cf33	xor	x30,x1,x28	  x1:0x00000000 x28:0x80025de6 x30=0x80025de6
      689237000	     34360	800076c2	8ca9	c.xor	x9,x10	  x9:0xffffffff x10:0x00000001  x9=0xfffffffe
      689257000	     34361	800076c4	81e2	c.mv	x3,x24	  x0:0x00000000 x24:0x24c5e000  x3=0x24c5e000
      689277000	     34362	800076c6	c3367413	andi	x8,x12,-973	 x12:0x00000bce  x8=0x00000802
      689297000	     34363	800076ca	968a5917	auipc	x18,0x968a5	 x18=0x168ac6ca
      689377000	     34367	800076ce	02a23033	mulhu	x0,x4,x10	  x4:0x00000000 x10:0x00000001  x0=0x00000000
      689397000	     34368	800076d2	0001	c.addi	x0,0	  x0:0x00000000  x0=0x00000000
      689777000	     34387	800076d4	0001	c.addi	x0,0	  x0:0x00000000  x0=0x00000000
      689797000	     34388	800076d6	ce05	c.beqz	x12,8000770e	 x12:0x00000bce
      689877000	     34392	800076d8	92beefb7	lui	x31,0x92bee	 x31=0x92bee000
      689897000	     34393	800076dc	8111	c.srli	x10,0x4	 x10:0x00000001 x10=0x00000000
      689917000	     34394	800076de	00cd	c.addi	x1,19	  x1:0x00000000  x1=0x00000013
      690317000	     34414	800076e0	6559	c.lui	x10,0x16	 x10=0x00016000
      690337000	     34415	800076e2	9bb2	c.add	x23,x12	 x23:0x00000000 x12:0x00000bce x23=0x00000bce
      690357000	     34416	800076e4	0ff0000f	fence	iorw,iorw	
      690497000	     34423	800076e8	90978993	addi	x19,x15,-1783	 x15:0x00000000 x19=0xfffff909
      690597000	     34428	800076ec	0001	c.addi	x0,0	  x0:0x00000000  x0=0x00000000
      690617000	     34429	800076ee	031c	c.addi4spn	x15,x2,384	 x15=0x0000033f
      690817000	     34439	800076f0	0c72	c.slli	x24,0x1c	 x24:0x24c5e000 x24=0x00000000
      690837000	     34440	800076f2	8331	c.srli	x14,0xc	 x14:0x00000001 x14=0x00000000
      690897000	     34443	800076f4	0163a9b3	slt	x19,x7,x22	  x7:0x00000000 x22:0xfffffe02 x19=0x00000000
      691057000	     34451	800076f8	cd1d	c.beqz	x10,80007736	 x10:0x00016000
      691157000	     34456	800076fa	0300ba33	mulhu	x20,x1,x16	  x1:0x00000013 x16:0x0000f020 x20=0x00000000
      691237000	     34460	800076fe	01f31d63	bne	x6,x31,80007718	  x6:0xffff0804 x31:0x92bee000
      692837000	     34540	80007718	0315fbb3	remu	x23,x11,x17	 x11:0x80021e64 x17:0xe6e1359c x23=0x80021e64
      692857000	     34541	8000771c	0001	c.addi	x0,0	  x0:0x00000000  x0=0x00000000
      692877000	     34542	8000771e	8c95	c.sub	x9,x13	  x9:0xfffffffe x13:0x80025ce4  x9=0x7ffda31a
      692897000	     34543	80007720	57b8a113	slti	x2,x17,1403	 x17:0xe6e1359c  x2=0x00000001
      692917000	     34544	80007724	137d	c.addi	x6,-1	  x6:0xffff0804  x6=0xffff0803
      692957000	     34546	80007726	0252b533	mulhu	x10,x5,x5	  x5:0xc8e80000  x5:0xc8e80000 x10=0x9dab5240
      692977000	     34547	8000772a	002a6433	or	x8,x20,x2	 x20:0x00000000  x2:0x00000001  x8=0x00000001
      692997000	     34548	8000772e	0003a8b3	slt	x17,x7,x0	  x7:0x00000000  x0:0x00000000 x17=0x00000000
      693017000	     34549	80007732	3ab5bd93	sltiu	x27,x11,939	 x11:0x80021e64 x27=0x00000000
      693037000	     34550	80007736	8521	c.srai	x10,0x8	 x10:0x9dab5240 x10=0xff9dab52
      693177000	     34557	80007738	00116733	or	x14,x2,x1	  x2:0x00000001  x1:0x00000013 x14=0x00000013
      693197000	     34558	8000773c	153f2713	slti	x14,x30,339	 x30:0x80025de6 x14=0x00000001
      693937000	     34595	80007740	0308eeb3	rem	x29,x17,x16	 x17:0x00000000 x16:0x0000f020 x29=0x00000000
      693957000	     34596	80007744	84b1	c.srai	x9,0xc	  x9:0x7ffda31a  x9=0x0007ffda
      693977000	     34597	80007746	567d	c.li	x12,-1	 x12=0xffffffff
      693997000	     34598	80007748	92b6	c.add	x5,x13	  x5:0xc8e80000 x13:0x80025ce4  x5=0x48ea5ce4
      694737000	     34635	8000774a	02add8b3	divu	x17,x27,x10	 x27:0x00000000 x10:0xff9dab52 x17=0x00000000
      694757000	     34636	8000774e	5cfd	c.li	x25,-1	 x25=0xffffffff
      694777000	     34637	80007750	02501963	bne	x0,x5,80007782	  x0:0x00000000  x5:0x48ea5ce4
      694897000	     34643	80007782	0b16	c.slli	x22,0x5	 x22:0xfffffe02 x22=0xffffc040
      695197000	     34658	80007784	021b3b33	mulhu	x22,x22,x1	 x22:0xffffc040  x1:0x00000013 x22=0x00000012
      695597000	     34678	80007788	003b7333	and	x6,x22,x3	 x22:0x00000012  x3:0x24c5e000  x6=0x00000000
      696017000	     34699	8000778c	1e7d	c.addi	x28,-1	 x28:0x80025de6 x28=0x80025de5
      696037000	     34700	8000778e	9a76	c.add	x20,x29	 x20:0x00000000 x29:0x00000000 x20=0x00000000
      696437000	     34720	80007790	0ff0000f	fence	iorw,iorw	
      696537000	     34725	80007794	0001	c.addi	x0,0	  x0:0x00000000  x0=0x00000000
      696557000	     34726	80007796	0133ca33	xor	x20,x7,x19	  x7:0x00000000 x19:0x00000000 x20=0x00000000
      696817000	     34739	8000779a	05207263	bgeu	x0,x18,800077de	  x0:0x00000000 x18:0x168ac6ca
      696837000	     34740	8000779e	014c5cb3	srl	x25,x24,x20	 x24:0x00000000 x20:0x00000000 x25=0x00000000
      697117000	     34754	800077a2	ffb94913	xori	x18,x18,-5	 x18:0x168ac6ca x18=0xe9753931
      697137000	     34755	800077a6	822a4b93	xori	x23,x20,-2014	 x20:0x00000000 x23=0xfffff822
      697557000	     34776	800077aa	0193cc33	xor	x24,x7,x25	  x7:0x00000000 x25:0x00000000 x24=0x00000000
      697577000	     34777	800077ae	00c71bb3	sll	x23,x14,x12	 x14:0x00000001 x12:0xffffffff x23=0x80000000
      697637000	     34780	800077b2	401bd733	sra	x14,x23,x1	 x23:0x80000000  x1:0x00000013 x14=0xfffff000
      697657000	     34781	800077b6	0a80	c.addi4spn	x8,x2,336	  x8=0x00000151
      697677000	     34782	800077b8	84e5	c.srai	x9,0x19	  x9:0x0007ffda  x9=0x00000000
      697697000	     34783	800077ba	00561133	sll	x2,x12,x5	 x12:0xffffffff  x5:0x48ea5ce4  x2=0xfffffff0
      697777000	     34787	800077be	01afd763	bge	x31,x26,800077cc	 x31:0x92bee000 x26:0x00000000
      698517000	     34824	800077c2	02e6fbb3	remu	x23,x13,x14	 x13:0x80025ce4 x14:0xfffff000 x23=0x80025ce4
      698537000	     34825	800077c6	00fd7733	and	x14,x26,x15	 x26:0x00000000 x15:0x0000033f x14=0x00000000
      698557000	     34826	800077ca	8f2d	c.xor	x14,x11	 x14:0x00000000 x11:0x80021e64 x14=0x80021e64
      698577000	     34827	800077cc	c8a0be93	sltiu	x29,x1,-886	  x1:0x00000013 x29=0x00000001
      698597000	     34828	800077d0	49f5	c.li	x19,29	 x19=0x0000001d
      698617000	     34829	800077d2	66297ab7	lui	x21,0x66297	 x21=0x66297000
      698637000	     34830	800077d6	8c35	c.xor	x8,x13	  x8:0x00000151 x13:0x80025ce4  x8=0x80025db5
      698677000	     34832	800077d8	02cc38b3	mulhu	x17,x24,x12	 x24:0x00000000 x12:0xffffffff x17=0x00000000
      698697000	     34833	800077dc	9a7d	c.andi	x12,-1	 x12:0xffffffff x12=0xffffffff
      698757000	     34836	800077de	0000100f	fence.i	
      700617000	     34929	800077e2	0334ec33	rem	x24,x9,x19	  x9:0x00000000 x19:0x0000001d x24=0x00000000
      700637000	     34930	800077e6	413a5493	srai	x9,x20,0x13	 x20:0x00000000  x9=0x00000000
      700657000	     34931	800077ea	00be9013	slli	x0,x29,0xb	 x29:0x00000001  x0=0x00000000
      700677000	     34932	800077ee	1090	c.addi4spn	x12,x2,96	 x12=0x00000050
      700697000	     34933	800077f0	0001	c.addi	x0,0	  x0:0x00000000  x0=0x00000000
      700717000	     34934	800077f2	6ffd	c.lui	x31,0x1f	 x31=0x0001f000
      700737000	     34935	800077f4	0001	c.addi	x0,0	  x0:0x00000000  x0=0x00000000
      700757000	     34936	800077f6	8335	c.srli	x14,0xd	 x14:0x80021e64 x14=0x00040010
      700777000	     34937	800077f8	63432f13	slti	x30,x6,1588	  x6:0x00000000 x30=0x00000001
      700797000	     34938	800077fc	00402a33	slt	x20,x0,x4	  x0:0x00000000  x4:0x00000000 x20=0x00000000
      700817000	     34939	80007800	b8484713	xori	x14,x16,-1148	 x16:0x0000f020 x14=0xffff0ba4
      701017000	     34949	80007804	034cddb3	divu	x27,x25,x20	 x25:0x00000000 x20:0x00000000 x27=0xffffffff
      701037000	     34950	80007808	413988b3	sub	x17,x19,x19	 x19:0x0000001d x19:0x0000001d x17=0x00000000
      701097000	     34953	8000780c	49ad	c.li	x19,11	 x19=0x0000000b
      701217000	     34959	8000780e	01f96a33	or	x20,x18,x31	 x18:0xe9753931 x31:0x0001f000 x20=0xe975f931
      701417000	     34969	80007812	028124b3	mulhsu	x9,x2,x8	  x2:0xfffffff0  x8:0x80025db5  x9=0xfffffff7
      701437000	     34970	80007816	03327b63	bgeu	x4,x19,8000784c	  x4:0x00000000 x19:0x0000000b
      701457000	     34971	8000781a	8c49	c.or	x8,x10	  x8:0x80025db5 x10:0xff9dab52  x8=0xff9ffff7
      701677000	     34982	8000781c	8e4d	c.or	x12,x11	 x12:0x00000050 x11:0x80021e64 x12=0x80021e74
      701757000	     34986	8000781e	abcfc513	xori	x10,x31,-1348	 x31:0x0001f000 x10=0xfffe0abc
      701777000	     34987	80007822	00636633	or	x12,x6,x6	  x6:0x00000000  x6:0x00000000 x12=0x00000000
      701797000	     34988	80007826	0d84	c.addi4spn	x9,x2,720	  x9=0x000002c0
      701817000	     34989	80007828	0060e2b3	or	x5,x1,x6	  x1:0x00000013  x6:0x00000000  x5=0x00000013
      704017000	     35099	8000782c	8fb1	c.xor	x15,x12	 x15:0x0000033f x12:0x00000000 x15=0x0000033f
      704037000	     35100	8000782e	0383ed63	bltu	x7,x24,80007868	  x7:0x00000000 x24:0x00000000
      704057000	     35101	80007832	8e8a	c.mv	x29,x2	  x0:0x00000000  x2:0xfffffff0 x29=0xfffffff0
      704077000	     35102	80007834	0ff0000f	fence	iorw,iorw	
      704097000	     35103	80007838	8fb5	c.xor	x15,x13	 x15:0x0000033f x13:0x80025ce4 x15=0x80025fdb
      704117000	     35104	8000783a	0ff0000f	fence	iorw,iorw	
      704137000	     35105	8000783e	0bc1	c.addi	x23,16	 x23:0x80025ce4 x23=0x80025cf4
      704357000	     35116	80007840	8eb6	c.mv	x29,x13	  x0:0x00000000 x13:0x80025ce4 x29=0x80025ce4
      704537000	     35125	80007842	50726d93	ori	x27,x4,1287	  x4:0x00000000 x27=0x00000507
      704557000	     35126	80007846	8dae	c.mv	x27,x11	  x0:0x00000000 x11:0x80021e64 x27=0x80021e64
      704577000	     35127	80007848	40985d13	srai	x26,x16,0x9	 x16:0x0000f020 x26=0x00000078
      704777000	     35137	8000784c	00c36933	or	x18,x6,x12	  x6:0x00000000 x12:0x00000000 x18=0x00000000
      705197000	     35158	80007850	19fd	c.addi	x19,-1	 x19:0x0000000b x19=0x0000000a
      705217000	     35159	80007852	416ddc33	sra	x24,x27,x22	 x27:0x80021e64 x22:0x00000012 x24=0xffffe000
      705237000	     35160	80007856	0d4e	c.slli	x26,0x13	 x26:0x00000078 x26=0x03c00000
      705317000	     35164	80007858	46bfc993	xori	x19,x31,1131	 x31:0x0001f000 x19=0x0001f46b
      705557000	     35176	8000785c	013d8963	beq	x27,x19,8000786e	 x27:0x80021e64 x19:0x0001f46b
      705677000	     35182	80007860	ecc83b93	sltiu	x23,x16,-308	 x16:0x0000f020 x23=0x00000001
      705697000	     35183	80007864	0000100f	fence.i	
      707157000	     35256	80007868	8cc9	c.or	x9,x10	  x9:0x000002c0 x10:0xfffe0abc  x9=0xfffe0afc
      707177000	     35257	8000786a	98fd	c.andi	x9,-1	  x9:0xfffe0afc  x9=0xfffe0afc
      707277000	     35262	8000786c	9bfd	c.andi	x15,-1	 x15:0x80025fdb x15=0x80025fdb
      707297000	     35263	8000786e	9c32	c.add	x24,x12	 x24:0xffffe000 x12:0x00000000 x24=0xffffe000
      708197000	     35308	80007870	02a95433	divu	x8,x18,x10	 x18:0x00000000 x10:0xfffe0abc  x8=0x00000000
      708217000	     35309	80007874	037bf893	andi	x17,x23,55	 x23:0x00000001 x17=0x00000001
      708237000	     35310	80007878	88bd	c.andi	x9,15	  x9:0xfffe0afc  x9=0x0000000c
      708977000	     35347	8000787a	03166bb3	rem	x23,x12,x17	 x12:0x00000000 x17:0x00000001 x23=0x00000000
      708997000	     35348	8000787e	817e	c.mv	x2,x31	  x0:0x00000000 x31:0x0001f000  x2=0x0001f000
      709017000	     35349	80007880	00b8db33	srl	x22,x17,x11	 x17:0x00000001 x11:0x80021e64 x22=0x00000000
      709037000	     35350	80007884	2ecee793	ori	x15,x29,748	 x29:0x80025ce4 x15=0x80025eec
      709057000	     35351	80007888	00c59133	sll	x2,x11,x12	 x11:0x80021e64 x12:0x00000000  x2=0x80021e64
      709077000	     35352	8000788c	04fa	c.slli	x9,0x1e	  x9:0x0000000c  x9=0x00000000
      709097000	     35353	8000788e	b4cb78b7	lui	x17,0xb4cb7	 x17=0xb4cb7000
      709117000	     35354	80007892	09d9	c.addi	x19,22	 x19:0x0001f46b x19=0x0001f481
      709137000	     35355	80007894	00f257b3	srl	x15,x4,x15	  x4:0x00000000 x15:0x80025eec x15=0x00000000
      709157000	     35356	80007898	0ff0000f	fence	iorw,iorw	
      709177000	     35357	8000789c	99bda717	auipc	x14,0x99bda	 x14=0x19be189c
      709597000	     35378	800078a0	8e01	c.sub	x12,x8	 x12:0x00000000  x8:0x00000000 x12=0x00000000
      709617000	     35379	800078a2	0001	c.addi	x0,0	  x0:0x00000000  x0=0x00000000
      709737000	     35385	800078a4	bea03c93	sltiu	x25,x0,-1046	  x0:0x00000000 x25=0x00000001
      709757000	     35386	800078a8	0ff0000f	fence	iorw,iorw	
      709777000	     35387	800078ac	015b8e33	add	x28,x23,x21	 x23:0x00000000 x21:0x66297000 x28=0x66297000
      709897000	     35393	800078b0	0f80	c.addi4spn	x8,x2,976	  x8=0x80022234
      709917000	     35394	800078b2	0001	c.addi	x0,0	  x0:0x00000000  x0=0x00000000
      709937000	     35395	800078b4	290b3c13	sltiu	x24,x22,656	 x22:0x00000000 x24=0x00000001
      710077000	     35402	800078b8	01c4f433	and	x8,x9,x28	  x9:0x00000000 x28:0x66297000  x8=0x00000000
      710497000	     35423	800078bc	ace66113	ori	x2,x12,-1330	 x12:0x00000000  x2=0xffffface
      710517000	     35424	800078c0	6111	c.addi16sp	x2,256	  x2:0xffffface  x2=0xfffffbce
      710677000	     35432	800078c2	02921eb3	mulh	x29,x4,x9	  x4:0x00000000  x9:0x00000000 x29=0x00000000
      710697000	     35433	800078c6	8476	c.mv	x8,x29	  x0:0x00000000 x29:0x00000000  x8=0x00000000
      710717000	     35434	800078c8	054f4263	blt	x30,x20,8000790c	 x30:0x00000001 x20:0xe975f931
      710837000	     35440	800078cc	0133ec63	bltu	x7,x19,800078e4	  x7:0x00000000 x19:0x0001f481
      711437000	     35470	800078e4	109c	c.addi4spn	x15,x2,96	 x15=0xfffffc2e
      711857000	     35491	800078e6	01d6a433	slt	x8,x13,x29	 x13:0x80025ce4 x29:0x00000000  x8=0x00000001
      712597000	     35528	800078ea	0347ddb3	divu	x27,x15,x20	 x15:0xfffffc2e x20:0xe975f931 x27=0x00000001
      712617000	     35529	800078ee	002f74b3	and	x9,x30,x2	 x30:0x00000001  x2:0xfffffbce  x9=0x00000000
      712657000	     35531	800078f2	02654d33	div	x26,x10,x6	 x10:0xfffe0abc  x6:0x00000000 x26=0xffffffff
      712677000	     35532	800078f6	03a507b3	mul	x15,x10,x26	 x10:0xfffe0abc x26:0xffffffff x15=0x0001f544
      713417000	     35569	800078fa	02a07133	remu	x2,x0,x10	  x0:0x00000000 x10:0xfffe0abc  x2=0x00000000
      713437000	     35570	800078fe	02609163	bne	x1,x6,80007920	  x1:0x00000013  x6:0x00000000
      713917000	     35594	80007920	ea31c013	xori	x0,x3,-349	  x3:0x24c5e000  x0=0x00000000
      714277000	     35612	80007924	011e8133	add	x2,x29,x17	 x29:0x00000000 x17:0xb4cb7000  x2=0xb4cb7000
      714497000	     35623	80007928	6f21	c.lui	x30,0x8	 x30=0x00008000
      714577000	     35627	8000792a	401f0c33	sub	x24,x30,x1	 x30:0x00008000  x1:0x00000013 x24=0x00007fed
      714877000	     35642	8000792e	0000100f	fence.i	
      715557000	     35676	80007932	0277a333	mulhsu	x6,x15,x7	 x15:0x0001f544  x7:0x00000000  x6=0x00000000
      715577000	     35677	80007936	8a1d	c.andi	x12,7	 x12:0x00000000 x12=0x00000000
      715637000	     35680	80007938	02f7d363	bge	x15,x15,8000795e	 x15:0x0001f544 x15:0x0001f544
      715917000	     35694	8000795e	018c8a33	add	x20,x25,x24	 x25:0x00000001 x24:0x00007fed x20=0x00007fee
      716117000	     35704	80007962	02c96d63	bltu	x18,x12,8000799c	 x18:0x00000000 x12:0x00000000
      716337000	     35715	80007966	011f28b3	slt	x17,x30,x17	 x30:0x00008000 x17:0xb4cb7000 x17=0x00000000
      716357000	     35716	8000796a	0001	c.addi	x0,0	  x0:0x00000000  x0=0x00000000
      717217000	     35759	8000796c	0359d133	divu	x2,x19,x21	 x19:0x0001f481 x21:0x66297000  x2=0x00000000
      717237000	     35760	80007970	41045213	srai	x4,x8,0x10	  x8:0x00000001  x4=0x00000000
      717257000	     35761	80007974	80480db7	lui	x27,0x80480	 x27=0x80480000
      717277000	     35762	80007978	0ff0000f	fence	iorw,iorw	
      717317000	     35764	8000797c	031e24b3	mulhsu	x9,x28,x17	 x28:0x66297000 x17:0x00000000  x9=0x00000000
      717337000	     35765	80007980	01241233	sll	x4,x8,x18	  x8:0x00000001 x18:0x00000000  x4=0x00000001
      717357000	     35766	80007984	0ff0000f	fence	iorw,iorw	
      718097000	     35803	80007988	02de70b3	remu	x1,x28,x13	 x28:0x66297000 x13:0x80025ce4  x1=0x66297000
      718137000	     35805	8000798c	03fba0b3	mulhsu	x1,x23,x31	 x23:0x00000000 x31:0x0001f000  x1=0x00000000
      718177000	     35807	80007990	03c9adb3	mulhsu	x27,x19,x28	 x19:0x0001f481 x28:0x66297000 x27=0x0000c7bc
      718197000	     35808	80007994	c481	c.beqz	x9,8000799c	  x9:0x00000000
      718597000	     35828	8000799c	40f95133	sra	x2,x18,x15	 x18:0x00000000 x15:0x0001f544  x2=0x00000000
      718617000	     35829	800079a0	41915eb3	sra	x29,x2,x25	  x2:0x00000000 x25:0x00000001 x29=0x00000000
      718637000	     35830	800079a4	5b602c93	slti	x25,x0,1462	  x0:0x00000000 x25=0x00000001
      718657000	     35831	800079a8	8f71	c.and	x14,x12	 x14:0x19be189c x12:0x00000000 x14=0x00000000
      719397000	     35868	800079aa	039d6d33	rem	x26,x26,x25	 x26:0xffffffff x25:0x00000001 x26=0x00000000
      719417000	     35869	800079ae	04540163	beq	x8,x5,800079f0	  x8:0x00000001  x5:0x00000013
      719457000	     35871	800079b2	020e7c33	remu	x24,x28,x0	 x28:0x66297000  x0:0x00000000 x24=0x66297000
      719477000	     35872	800079b6	8993bc93	sltiu	x25,x7,-1895	  x7:0x00000000 x25=0x00000001
      719497000	     35873	800079ba	003b3eb3	sltu	x29,x22,x3	 x22:0x00000000  x3:0x24c5e000 x29=0x00000001
      719517000	     35874	800079be	00028533	add	x10,x5,x0	  x5:0x00000013  x0:0x00000000 x10=0x00000013
      719537000	     35875	800079c2	40f2d713	srai	x14,x5,0xf	  x5:0x00000013 x14=0x00000000
      719557000	     35876	800079c6	8fa9	c.xor	x15,x10	 x15:0x0001f544 x10:0x00000013 x15=0x0001f557
      719637000	     35880	800079c8	41465db3	sra	x27,x12,x20	 x12:0x00000000 x20:0x00007fee x27=0x00000000
      719737000	     35885	800079cc	00f74433	xor	x8,x14,x15	 x14:0x00000000 x15:0x0001f557  x8=0x0001f557
      719797000	     35888	800079d0	8665	c.srai	x12,0x19	 x12:0x00000000 x12=0x00000000
      719937000	     35895	800079d2	03808f63	beq	x1,x24,80007a10	  x1:0x00000000 x24:0x66297000
      719957000	     35896	800079d6	8f1d	c.sub	x14,x15	 x14:0x00000000 x15:0x0001f557 x14=0xfffe0aa9
      720037000	     35900	800079d8	28a2a113	slti	x2,x5,650	  x5:0x00000013  x2=0x00000001
      720237000	     35910	800079dc	8366	c.mv	x6,x25	  x0:0x00000000 x25:0x00000001  x6=0x00000001
      720257000	     35911	800079de	613d	c.addi16sp	x2,480	  x2:0x00000001  x2=0x000001e1
      720537000	     35925	800079e0	8cf1	c.and	x9,x12	  x9:0x00000000 x12:0x00000000  x9=0x00000000
      720837000	     35940	800079e2	5ed96f13	ori	x30,x18,1517	 x18:0x00000000 x30=0x000005ed
      721097000	     35953	800079e6	0ff0000f	fence	iorw,iorw	
      721117000	     35954	800079ea	002f5b63	bge	x30,x2,80007a00	 x30:0x000005ed  x2:0x000001e1
      721637000	     35980	80007a00	8c92	c.mv	x25,x4	  x0:0x00000000  x4:0x00000001 x25=0x00000001
      721657000	     35981	80007a02	8161	c.srli	x10,0x18	 x10:0x00000013 x10=0x00000000
      722057000	     36001	80007a04	09edc413	xori	x8,x27,158	 x27:0x00000000  x8=0x0000009e
      722077000	     36002	80007a08	410cba93	sltiu	x21,x25,1040	 x25:0x00000001 x21=0x00000001
      722817000	     36039	80007a0c	0245c333	div	x6,x11,x4	 x11:0x80021e64  x4:0x00000001  x6=0x80021e64
      722837000	     36040	80007a10	8c5d	c.or	x8,x15	  x8:0x0000009e x15:0x0001f557  x8=0x0001f5df
      722857000	     36041	80007a12	35376513	ori	x10,x14,851	 x14:0xfffe0aa9 x10=0xfffe0bfb
      722877000	     36042	80007a16	0706	c.slli	x14,0x1	 x14:0xfffe0aa9 x14=0xfffc1552
      722897000	     36043	80007a18	893da493	slti	x9,x27,-1901	 x27:0x00000000  x9=0x00000000
      722937000	     36045	80007a1c	0207cc33	div	x24,x15,x0	 x15:0x0001f557  x0:0x00000000 x24=0xffffffff
      722957000	     36046	80007a20	8d7d	c.and	x10,x15	 x10:0xfffe0bfb x15:0x0001f557 x10=0x00000153
      722977000	     36047	80007a22	8c41	c.or	x8,x8	  x8:0x0001f5df  x8:0x0001f5df  x8=0x0001f5df
      722997000	     36048	80007a24	762f2317	auipc	x6,0x762f2	  x6=0xf62f9a24
      723077000	     36052	80007a28	028c8cb3	mul	x25,x25,x8	 x25:0x00000001  x8:0x0001f5df x25=0x0001f5df
      723497000	     36073	80007a2c	0001	c.addi	x0,0	  x0:0x00000000  x0=0x00000000
      723657000	     36081	80007a2e	01a4f433	and	x8,x9,x26	  x9:0x00000000 x26:0x00000000  x8=0x00000000
      723677000	     36082	80007a32	00e910b3	sll	x1,x18,x14	 x18:0x00000000 x14:0xfffc1552  x1=0x00000000
      723697000	     36083	80007a36	03705263	bge	x0,x23,80007a5a	  x0:0x00000000 x23:0x00000000
      724217000	     36109	80007a5a	4178d613	srai	x12,x17,0x17	 x17:0x00000000 x12=0x00000000
      724237000	     36110	80007a5e	01a8dc13	srli	x24,x17,0x1a	 x17:0x00000000 x24=0x00000000
      724257000	     36111	80007a62	8429	c.srai	x8,0xa	  x8:0x00000000  x8=0x00000000
      724277000	     36112	80007a64	03d06b63	bltu	x0,x29,80007a9a	  x0:0x00000000 x29:0x00000001
      724677000	     36132	80007a9a	034f1133	mulh	x2,x30,x20	 x30:0x000005ed x20:0x00007fee  x2=0x00000000
      724697000	     36133	80007a9e	c011	c.beqz	x8,80007aa2	  x8:0x00000000
      725597000	     36178	80007aa2	020359b3	divu	x19,x6,x0	  x6:0xf62f9a24  x0:0x00000000 x19=0xffffffff
      725617000	     36179	80007aa6	8ced	c.and	x9,x11	  x9:0x00000000 x11:0x80021e64  x9=0x00000000
      725637000	     36180	80007aa8	077d4a13	xori	x20,x26,119	 x26:0x00000000 x20=0x00000077
      725657000	     36181	80007aac	01c85963	bge	x16,x28,80007abe	 x16:0x0000f020 x28:0x66297000
      726117000	     36204	80007ab0	666d	c.lui	x12,0x1b	 x12=0x0001b000
      726137000	     36205	80007ab2	8e39	c.xor	x12,x14	 x12:0x0001b000 x14:0xfffc1552 x12=0xfffda552
      726197000	     36208	80007ab4	1e7d	c.addi	x28,-1	 x28:0x66297000 x28=0x66296fff
      726257000	     36211	80007ab6	0ff0000f	fence	iorw,iorw	
      726557000	     36226	80007aba	40210233	sub	x4,x2,x2	  x2:0x00000000  x2:0x00000000  x4=0x00000000
      726577000	     36227	80007abe	4e45	c.li	x28,17	 x28=0x00000011
      726597000	     36228	80007ac0	4068d233	sra	x4,x17,x6	 x17:0x00000000  x6:0xf62f9a24  x4=0x00000000
      726697000	     36233	80007ac4	442bad37	lui	x26,0x442ba	 x26=0x442ba000
      726737000	     36235	80007ac8	0001	c.addi	x0,0	  x0:0x00000000  x0=0x00000000
      727017000	     36249	80007aca	03f822b3	mulhsu	x5,x16,x31	 x16:0x0000f020 x31:0x0001f000  x5=0x00000001
      727037000	     36250	80007ace	8c7d	c.and	x8,x15	  x8:0x00000000 x15:0x0001f557  x8=0x00000000
      727057000	     36251	80007ad0	001b1a63	bne	x22,x1,80007ae4	 x22:0x00000000  x1:0x00000000
      727077000	     36252	80007ad4	0001	c.addi	x0,0	  x0:0x00000000  x0=0x00000000
      727097000	     36253	80007ad6	8d7d	c.and	x10,x15	 x10:0x00000153 x15:0x0001f557 x10=0x00000153
      727117000	     36254	80007ad8	658d4cb7	lui	x25,0x658d4	 x25=0x658d4000
      727137000	     36255	80007adc	8b61	c.andi	x14,24	 x14:0xfffc1552 x14=0x00000010
      727157000	     36256	80007ade	83fd	c.srli	x15,0x1f	 x15:0x0001f557 x15=0x00000000
      727337000	     36265	80007ae0	cd15eb93	ori	x23,x11,-815	 x11:0x80021e64 x23=0xfffffef5
      727537000	     36275	80007ae4	0fd1	c.addi	x31,20	 x31:0x0001f000 x31=0x0001f014
      727557000	     36276	80007ae6	127d	c.addi	x4,-1	  x4:0x00000000  x4=0xffffffff
      727957000	     36296	80007ae8	0001	c.addi	x0,0	  x0:0x00000000  x0=0x00000000
      727977000	     36297	80007aea	8a2d	c.andi	x12,11	 x12:0xfffda552 x12=0x00000002
      727997000	     36298	80007aec	6ed64513	xori	x10,x12,1773	 x12:0x00000002 x10=0x000006ef
      728017000	     36299	80007af0	0b7e	c.slli	x22,0x1f	 x22:0x00000000 x22=0x00000000
      728037000	     36300	80007af2	72be8813	addi	x16,x29,1835	 x29:0x00000001 x16=0x0000072c
      728057000	     36301	80007af6	8451	c.srai	x8,0x14	  x8:0x00000000  x8=0x00000000
      728397000	     36318	80007af8	03dbb1b3	mulhu	x3,x23,x29	 x23:0xfffffef5 x29:0x00000001  x3=0x00000000
      728497000	     36323	80007afc	4efb0c93	addi	x25,x22,1263	 x22:0x00000000 x25=0x000004ef
      728517000	     36324	80007b00	01ebfd33	and	x26,x23,x30	 x23:0xfffffef5 x30:0x000005ed x26=0x000004e5
      728937000	     36345	80007b04	932e	c.add	x6,x11	  x6:0xf62f9a24 x11:0x80021e64  x6=0x7631b888
      729057000	     36351	80007b06	005b1113	slli	x2,x22,0x5	 x22:0x00000000  x2=0x00000000
      729077000	     36352	80007b0a	e3848b97	auipc	x23,0xe3848	 x23=0x6384fb0a
      729517000	     36374	80007b0e	021972b3	remu	x5,x18,x1	 x18:0x00000000  x1:0x00000000  x5=0x00000000
      729577000	     36377	80007b12	006e02b3	add	x5,x28,x6	 x28:0x00000011  x6:0x7631b888  x5=0x7631b899
      729597000	     36378	80007b16	40ec5fb3	sra	x31,x24,x14	 x24:0x00000000 x14:0x00000010 x31=0x00000000
      729757000	     36386	80007b1a	b9793e13	sltiu	x28,x18,-1129	 x18:0x00000000 x28=0x00000001
      729837000	     36390	80007b1e	40978533	sub	x10,x15,x9	 x15:0x00000000  x9:0x00000000 x10=0x00000000
      730117000	     36404	80007b22	01655a93	srli	x21,x10,0x16	 x10:0x00000000 x21=0x00000000
      730137000	     36405	80007b26	8359	c.srli	x14,0x16	 x14:0x00000010 x14=0x00000000
      730157000	     36406	80007b28	81ba	c.mv	x3,x14	  x0:0x00000000 x14:0x00000000  x3=0x00000000
      730337000	     36415	80007b2a	01b22733	slt	x14,x4,x27	  x4:0xffffffff x27:0x00000000 x14=0x00000001
      730677000	     36432	80007b2e	00f59933	sll	x18,x11,x15	 x11:0x80021e64 x15:0x00000000 x18=0x80021e64
      730697000	     36433	80007b32	0435e063	bltu	x11,x3,80007b72	 x11:0x80021e64  x3:0x00000000
      731437000	     36470	80007b36	02e959b3	divu	x19,x18,x14	 x18:0x80021e64 x14:0x00000001 x19=0x80021e64
      731457000	     36471	80007b3a	014ad733	srl	x14,x21,x20	 x21:0x00000000 x20:0x00000077 x14=0x00000000
      731477000	     36472	80007b3e	cfbb3a93	sltiu	x21,x22,-773	 x22:0x00000000 x21=0x00000001
      731497000	     36473	80007b42	41005a13	srai	x20,x0,0x10	  x0:0x00000000 x20=0x00000000
      731517000	     36474	80007b46	0000100f	fence.i	
      731837000	     36490	80007b4a	019adf93	srli	x31,x21,0x19	 x21:0x00000001 x31=0x00000000
      731857000	     36491	80007b4e	01375733	srl	x14,x14,x19	 x14:0x00000000 x19:0x80021e64 x14=0x00000000
      731877000	     36492	80007b52	8d25	c.xor	x10,x9	 x10:0x00000000  x9:0x00000000 x10=0x00000000
      732277000	     36512	80007b54	0000100f	fence.i	
      732937000	     36545	80007b58	d0331d37	lui	x26,0xd0331	 x26=0xd0331000
      733117000	     36554	80007b5c	7ef26293	ori	x5,x4,2031	  x4:0xffffffff  x5=0xffffffff
      765097000	     38153	80007b60	00eded33	or	x26,x27,x14	 x27:0x00000000 x14:0x00000000 x26=0x00000000
      765117000	     38154	80007b64	4b89	c.li	x23,2	 x23=0x00000002
      765137000	     38155	80007b66	00ca9b33	sll	x22,x21,x12	 x21:0x00000001 x12:0x00000002 x22=0x00000004
      765157000	     38156	80007b6a	39434f97	auipc	x31,0x39434	 x31=0xb943bb6a
      765897000	     38193	80007b6e	026e4033	div	x0,x28,x6	 x28:0x00000001  x6:0x7631b888  x0=0x00000000
      765937000	     38195	80007b72	0367bfb3	mulhu	x31,x15,x22	 x15:0x00000000 x22:0x00000004 x31=0x00000000
      765957000	     38196	80007b76	00f1d793	srli	x15,x3,0xf	  x3:0x00000000 x15=0x00000000
      765977000	     38197	80007b7a	03536e63	bltu	x6,x21,80007bb6	  x6:0x7631b888 x21:0x00000001
      765997000	     38198	80007b7e	8c4e	c.mv	x24,x19	  x0:0x00000000 x19:0x80021e64 x24=0x80021e64
      766017000	     38199	80007b80	0001	c.addi	x0,0	  x0:0x00000000  x0=0x00000000
      766037000	     38200	80007b82	6179	c.addi16sp	x2,464	  x2:0x00000000  x2=0x000001d0
      766057000	     38201	80007b84	9b7d	c.andi	x14,-1	 x14:0x00000000 x14=0x00000000
      766077000	     38202	80007b86	02df5863	bge	x30,x13,80007bb6	 x30:0x000005ed x13:0x80025ce4
      766717000	     38234	80007bb6	02859963	bne	x11,x8,80007be8	 x11:0x80021e64  x8:0x00000000
      768957000	     38346	80007be8	02ceee33	rem	x28,x29,x12	 x29:0x00000001 x12:0x00000002 x28=0x00000001
      768977000	     38347	80007bec	0314f463	bgeu	x9,x17,80007c14	  x9:0x00000000 x17:0x00000000
      769057000	     38351	80007c14	0885	c.addi	x17,1	 x17:0x00000000 x17=0x00000001
      769077000	     38352	80007c16	8e45	c.or	x12,x9	 x12:0x00000002  x9:0x00000000 x12=0x00000002
      770337000	     38415	80007c18	039e5c33	divu	x24,x28,x25	 x28:0x00000001 x25:0x000004ef x24=0x00000000
      770357000	     38416	80007c1c	8f71	c.and	x14,x12	 x14:0x00000000 x12:0x00000002 x14=0x00000000
      770377000	     38417	80007c1e	0001	c.addi	x0,0	  x0:0x00000000  x0=0x00000000
      770397000	     38418	80007c20	039af963	bgeu	x21,x25,80007c52	 x21:0x00000001 x25:0x000004ef
      770417000	     38419	80007c24	187d	c.addi	x16,-1	 x16:0x0000072c x16=0x0000072b
      770437000	     38420	80007c26	01de5b93	srli	x23,x28,0x1d	 x28:0x00000001 x23=0x00000000
      770457000	     38421	80007c2a	03338533	mul	x10,x7,x19	  x7:0x00000000 x19:0x80021e64 x10=0x00000000
      771037000	     38450	80007c2e	0062e933	or	x18,x5,x6	  x5:0xffffffff  x6:0x7631b888 x18=0xffffffff
      771057000	     38451	80007c32	01f41a63	bne	x8,x31,80007c46	  x8:0x00000000 x31:0x00000000
      771077000	     38452	80007c36	8f09	c.sub	x14,x10	 x14:0x00000000 x10:0x00000000 x14=0x00000000
      771097000	     38453	80007c38	5afd	c.li	x21,-1	 x21=0xffffffff
      771117000	     38454	80007c3a	416bdd33	sra	x26,x23,x22	 x23:0x00000000 x22:0x00000004 x26=0x00000000
      771137000	     38455	80007c3e	01159013	slli	x0,x11,0x11	 x11:0x80021e64  x0=0x00000000
      771157000	     38456	80007c42	6d95	c.lui	x27,0x5	 x27=0x00005000
      771317000	     38464	80007c44	0001	c.addi	x0,0	  x0:0x00000000  x0=0x00000000
      771337000	     38465	80007c46	8415	c.srai	x8,0x5	  x8:0x00000000  x8=0x00000000
      771417000	     38469	80007c48	04df9163	bne	x31,x13,80007c8a	 x31:0x00000000 x13:0x80025ce4
      771677000	     38482	80007c8a	8ff9	c.and	x15,x14	 x15:0x00000000 x14:0x00000000 x15=0x00000000
      771717000	     38484	80007c8c	0363adb3	mulhsu	x27,x7,x22	  x7:0x00000000 x22:0x00000004 x27=0x00000000
      771777000	     38487	80007c90	02ea9e63	bne	x21,x14,80007ccc	 x21:0xffffffff x14:0x00000000
      772957000	     38546	80007ccc	01c6fe33	and	x28,x13,x28	 x13:0x80025ce4 x28:0x00000001 x28=0x00000000
      773357000	     38566	80007cd0	717d	c.addi16sp	x2,-16	  x2:0x000001d0  x2=0x000001c0
      773377000	     38567	80007cd2	01c36933	or	x18,x6,x28	  x6:0x7631b888 x28:0x00000000 x18=0x7631b888
      773677000	     38582	80007cd6	009d2cb3	slt	x25,x26,x9	 x26:0x00000000  x9:0x00000000 x25=0x00000000
      774097000	     38603	80007cda	01e674b3	and	x9,x12,x30	 x12:0x00000002 x30:0x000005ed  x9=0x00000000
      774117000	     38604	80007cde	6a59	c.lui	x20,0x16	 x20=0x00016000
      774317000	     38614	80007ce0	02491d33	mulh	x26,x18,x4	 x18:0x7631b888  x4:0xffffffff x26=0xffffffff
      774357000	     38616	80007ce4	037028b3	mulhsu	x17,x0,x23	  x0:0x00000000 x23:0x00000000 x17=0x00000000
      774377000	     38617	80007ce8	8e25	c.xor	x12,x9	 x12:0x00000002  x9:0x00000000 x12=0x00000002
      774397000	     38618	80007cea	647d	c.lui	x8,0x1f	  x8=0x0001f000
      774437000	     38620	80007cec	8ec6	c.mv	x29,x17	  x0:0x00000000 x17:0x00000000 x29=0x00000000
      774457000	     38621	80007cee	8cd9	c.or	x9,x14	  x9:0x00000000 x14:0x00000000  x9=0x00000000
      774697000	     38633	80007cf0	0001	c.addi	x0,0	  x0:0x00000000  x0=0x00000000
      774997000	     38648	80007cf2	03ec1233	mulh	x4,x24,x30	 x24:0x00000000 x30:0x000005ed  x4=0x00000000
      775017000	     38649	80007cf6	8e5d	c.or	x12,x15	 x12:0x00000002 x15:0x00000000 x12=0x00000002
      775397000	     38668	80007cf8	0001	c.addi	x0,0	  x0:0x00000000  x0=0x00000000
      775417000	     38669	80007cfa	8d31	c.xor	x10,x12	 x10:0x00000000 x12:0x00000002 x10=0x00000002
      775437000	     38670	80007cfc	0cceff93	andi	x31,x29,204	 x29:0x00000000 x31=0x00000000
      775457000	     38671	80007d00	0e28c813	xori	x16,x17,226	 x17:0x00000000 x16=0x000000e2
      775617000	     38679	80007d04	bd60ac13	slti	x24,x1,-1066	  x1:0x00000000 x24=0x00000000
      775657000	     38681	80007d08	0311b033	mulhu	x0,x3,x17	  x3:0x00000000 x17:0x00000000  x0=0x00000000
      775677000	     38682	80007d0c	00c98b33	add	x22,x19,x12	 x19:0x80021e64 x12:0x00000002 x22=0x80021e66
      776477000	     38722	80007d10	035afc33	remu	x24,x21,x21	 x21:0xffffffff x21:0xffffffff x24=0x00000000
      776497000	     38723	80007d14	38aa3d93	sltiu	x27,x20,906	 x20:0x00016000 x27=0x00000000
      776517000	     38724	80007d18	018d2a33	slt	x20,x26,x24	 x26:0xffffffff x24:0x00000000 x20=0x00000001
      776537000	     38725	80007d1c	0000100f	fence.i	
      776657000	     38731	80007d20	8bb5	c.andi	x15,13	 x15:0x00000000 x15=0x00000000
      776677000	     38732	80007d22	8ff9	c.and	x15,x14	 x15:0x00000000 x14:0x00000000 x15=0x00000000
      776737000	     38735	80007d24	02c68163	beq	x13,x12,80007d46	 x13:0x80025ce4 x12:0x00000002
      776757000	     38736	80007d28	0cde	c.slli	x25,0x17	 x25:0x00000000 x25=0x00000000
      776897000	     38743	80007d2a	9b345bb7	lui	x23,0x9b345	 x23=0x9b345000
      776917000	     38744	80007d2e	0c3d	c.addi	x24,15	 x24:0x00000000 x24=0x0000000f
      776957000	     38746	80007d30	0e18	c.addi4spn	x14,x2,784	 x14=0x000004d0
      776977000	     38747	80007d32	01818fb3	add	x31,x3,x24	  x3:0x00000000 x24:0x0000000f x31=0x0000000f
      776997000	     38748	80007d36	004241b3	xor	x3,x4,x4	  x4:0x00000000  x4:0x00000000  x3=0x00000000
      777017000	     38749	80007d3a	8ede	c.mv	x29,x23	  x0:0x00000000 x23:0x9b345000 x29=0x9b345000
      777057000	     38751	80007d3c	03cd21b3	mulhsu	x3,x26,x28	 x26:0xffffffff x28:0x00000000  x3=0x00000000
      777857000	     38791	80007d40	03d66033	rem	x0,x12,x29	 x12:0x00000002 x29:0x9b345000  x0=0x00000000
      777877000	     38792	80007d44	9b7d	c.andi	x14,-1	 x14:0x000004d0 x14=0x000004d0
      777917000	     38794	80007d46	0212df33	divu	x30,x5,x1	  x5:0xffffffff  x1:0x00000000 x30=0xffffffff
      777937000	     38795	80007d4a	6405	c.lui	x8,0x1	  x8=0x00001000
      777957000	     38796	80007d4c	8e61	c.and	x12,x8	 x12:0x00000002  x8:0x00001000 x12=0x00000000
      777977000	     38797	80007d4e	03cc84b3	mul	x9,x25,x28	 x25:0x00000000 x28:0x00000000  x9=0x00000000
      777997000	     38798	80007d52	0129d733	srl	x14,x19,x18	 x19:0x80021e64 x18:0x7631b888 x14=0x0080021e
      778237000	     38810	80007d56	03248e33	mul	x28,x9,x18	  x9:0x00000000 x18:0x7631b888 x28=0x00000000
      778257000	     38811	80007d5a	0ff0000f	fence	iorw,iorw	
      778297000	     38813	80007d5e	03509633	mulh	x12,x1,x21	  x1:0x00000000 x21:0xffffffff x12=0x00000000
      778337000	     38815	80007d62	0291df33	divu	x30,x3,x9	  x3:0x00000000  x9:0x00000000 x30=0xffffffff
      778357000	     38816	80007d66	02db5663	bge	x22,x13,80007d92	 x22:0x80021e66 x13:0x80025ce4
      778377000	     38817	80007d6a	1afd	c.addi	x21,-1	 x21:0xffffffff x21=0xfffffffe
      778437000	     38820	80007d6c	87b5	c.srai	x15,0xd	 x15:0x00000000 x15=0x00000000
      779577000	     38877	80007d6e	0301edb3	rem	x27,x3,x16	  x3:0x00000000 x16:0x000000e2 x27=0x00000000
      779597000	     38878	80007d72	876e	c.mv	x14,x27	  x0:0x00000000 x27:0x00000000 x14=0x00000000
      779617000	     38879	80007d74	008aa033	slt	x0,x21,x8	 x21:0xfffffffe  x8:0x00001000  x0=0x00000000
      779637000	     38880	80007d78	4add3093	sltiu	x1,x26,1197	 x26:0xffffffff  x1=0x00000000
      779657000	     38881	80007d7c	87bd	c.srai	x15,0xf	 x15:0x00000000 x15=0x00000000
      779677000	     38882	80007d7e	0001	c.addi	x0,0	  x0:0x00000000  x0=0x00000000
      779697000	     38883	80007d80	0d80	c.addi4spn	x8,x2,720	  x8=0x00000490
      779717000	     38884	80007d82	c50d	c.beqz	x10,80007dac	 x10:0x00000002
      779737000	     38885	80007d84	717d	c.addi16sp	x2,-16	  x2:0x000001c0  x2=0x000001b0
      779757000	     38886	80007d86	e01d	c.bnez	x8,80007dac	  x8:0x00000490
      780177000	     38907	80007dac	41595493	srai	x9,x18,0x15	 x18:0x7631b888  x9=0x000003b1
      780297000	     38913	80007db0	00027733	and	x14,x4,x0	  x4:0x00000000  x0:0x00000000 x14=0x00000000
      780317000	     38914	80007db4	8c39	c.xor	x8,x14	  x8:0x00000490 x14:0x00000000  x8=0x00000490
      780437000	     38920	80007db6	036b1e33	mulh	x28,x22,x22	 x22:0x80021e66 x22:0x80021e66 x28=0x3ffde19e
      780457000	     38921	80007dba	c131	c.beqz	x10,80007dfe	 x10:0x00000002
      780617000	     38929	80007dbc	01cf6663	bltu	x30,x28,80007dc8	 x30:0xffffffff x28:0x3ffde19e
      781697000	     38983	80007dc0	03e86a33	rem	x20,x16,x30	 x16:0x000000e2 x30:0xffffffff x20=0x00000000
      781717000	     38984	80007dc4	0c6e	c.slli	x24,0x1b	 x24:0x0000000f x24=0x78000000
      781737000	     38985	80007dc6	6109	c.addi16sp	x2,128	  x2:0x000001b0  x2=0x00000230
      781757000	     38986	80007dc8	407b0f33	sub	x30,x22,x7	 x22:0x80021e66  x7:0x00000000 x30=0x80021e66
      781777000	     38987	80007dcc	058aa293	slti	x5,x21,88	 x21:0xfffffffe  x5=0x00000001
      782517000	     39024	80007dd0	03add4b3	divu	x9,x27,x26	 x27:0x00000000 x26:0xffffffff  x9=0x00000000
      782537000	     39025	80007dd4	0000100f	fence.i	
      782877000	     39042	80007dd8	21b44e13	xori	x28,x8,539	  x8:0x00000490 x28=0x0000068b
      782917000	     39044	80007ddc	031c67b3	rem	x15,x24,x17	 x24:0x78000000 x17:0x00000000 x15=0x78000000
      782937000	     39045	80007de0	0ff0000f	fence	iorw,iorw	
      783037000	     39050	80007de4	01961d63	bne	x12,x25,80007dfe	 x12:0x00000000 x25:0x00000000
      783237000	     39060	80007de8	00ad9b33	sll	x22,x27,x10	 x27:0x00000000 x10:0x00000002 x22=0x00000000
      783257000	     39061	80007dec	4e8cea93	ori	x21,x25,1256	 x25:0x00000000 x21=0x000004e8
      783277000	     39062	80007df0	8c9a	c.mv	x25,x6	  x0:0x00000000  x6:0x7631b888 x25=0x7631b888
      783697000	     39083	80007df2	0238d963	bge	x17,x3,80007e24	 x17:0x00000000  x3:0x00000000
      783917000	     39094	80007e24	00032733	slt	x14,x6,x0	  x6:0x7631b888  x0:0x00000000 x14=0x00000000
      783937000	     39095	80007e28	02720e63	beq	x4,x7,80007e64	  x4:0x00000000  x7:0x00000000
      784657000	     39131	80007e64	0001	c.addi	x0,0	  x0:0x00000000  x0=0x00000000
      784677000	     39132	80007e66	98fd	c.andi	x9,-1	  x9:0x00000000  x9=0x00000000
      784837000	     39140	80007e68	97ea	c.add	x15,x26	 x15:0x78000000 x26:0xffffffff x15=0x77ffffff
      784937000	     39145	80007e6a	0253b1b3	mulhu	x3,x7,x5	  x7:0x00000000  x5:0x00000001  x3=0x00000000
      784957000	     39146	80007e6e	6419	c.lui	x8,0x6	  x8=0x00006000
      784997000	     39148	80007e70	0285b4b3	mulhu	x9,x11,x8	 x11:0x80021e64  x8:0x00006000  x9=0x00003000
      785017000	     39149	80007e74	00717233	and	x4,x2,x7	  x2:0x00000230  x7:0x00000000  x4=0x00000000
      785037000	     39150	80007e78	034808b3	mul	x17,x16,x20	 x16:0x000000e2 x20:0x00000000 x17=0x00000000
      785057000	     39151	80007e7c	bfeec313	xori	x6,x29,-1026	 x29:0x9b345000  x6=0x64cbabfe
      785077000	     39152	80007e80	0d2d	c.addi	x26,11	 x26:0xffffffff x26=0x0000000a
      785097000	     39153	80007e82	04376063	bltu	x14,x3,80007ec2	 x14:0x00000000  x3:0x00000000
      785257000	     39161	80007e86	d87b7317	auipc	x6,0xd87b7	  x6=0x587bee86
      785997000	     39198	80007e8a	03cde133	rem	x2,x27,x28	 x27:0x00000000 x28:0x0000068b  x2=0x00000000
      786017000	     39199	80007e8e	8e49	c.or	x12,x10	 x12:0x00000000 x10:0x00000002 x12=0x00000002
      786037000	     39200	80007e90	01a971b3	and	x3,x18,x26	 x18:0x7631b888 x26:0x0000000a  x3=0x00000008
      786057000	     39201	80007e94	00ce81b3	add	x3,x29,x12	 x29:0x9b345000 x12:0x00000002  x3=0x9b345002
      786077000	     39202	80007e98	402f5d33	sra	x26,x30,x2	 x30:0x80021e66  x2:0x00000000 x26=0x80021e66
      786097000	     39203	80007e9c	0488	c.addi4spn	x10,x2,576	 x10=0x00000240
      786277000	     39212	80007e9e	00adfc63	bgeu	x27,x10,80007eb6	 x27:0x00000000 x10:0x00000240
      787017000	     39249	80007ea2	03e4ccb3	div	x25,x9,x30	  x9:0x00003000 x30:0x80021e66 x25=0x00000000
      787037000	     39250	80007ea6	01a28d63	beq	x5,x26,80007ec0	  x5:0x00000001 x26:0x80021e66
      787057000	     39251	80007eaa	005f21b3	slt	x3,x30,x5	 x30:0x80021e66  x5:0x00000001  x3=0x00000001
      787077000	     39252	80007eae	03048633	mul	x12,x9,x16	  x9:0x00003000 x16:0x000000e2 x12=0x002a6000
      787097000	     39253	80007eb2	01f65913	srli	x18,x12,0x1f	 x12:0x002a6000 x18=0x00000000
      787117000	     39254	80007eb6	d6bf1297	auipc	x5,0xd6bf1	  x5=0x56bf8eb6
      787157000	     39256	80007eba	02551cb3	mulh	x25,x10,x5	 x10:0x00000240  x5:0x56bf8eb6 x25=0x000000c3
      787177000	     39257	80007ebe	8ca5	c.xor	x9,x9	  x9:0x00003000  x9:0x00003000  x9=0x00000000
      787197000	     39258	80007ec0	1000	c.addi4spn	x8,x2,32	  x8=0x00000020
      787217000	     39259	80007ec2	8ced	c.and	x9,x11	  x9:0x00000000 x11:0x80021e64  x9=0x00000000
      787357000	     39266	80007ec4	02e1e4b3	rem	x9,x3,x14	  x3:0x00000001 x14:0x00000000  x9=0x00000001
      787497000	     39273	80007ec8	0ff0000f	fence	iorw,iorw	
      787517000	     39274	80007ecc	9412	c.add	x8,x4	  x8:0x00000020  x4:0x00000000  x8=0x00000020
      787597000	     39278	80007ece	03310bb3	mul	x23,x2,x19	  x2:0x00000000 x19:0x80021e64 x23=0x00000000
      787617000	     39279	80007ed2	ebb7b313	sltiu	x6,x15,-325	 x15:0x77ffffff  x6=0x00000001
      787637000	     39280	80007ed6	6499	c.lui	x9,0x6	  x9=0x00006000
      787657000	     39281	80007ed8	4123d933	sra	x18,x7,x18	  x7:0x00000000 x18:0x00000000 x18=0x00000000
      788057000	     39301	80007edc	405087b3	sub	x15,x1,x5	  x1:0x00000000  x5:0x56bf8eb6 x15=0xa940714a
      788797000	     39338	80007ee0	023541b3	div	x3,x10,x3	 x10:0x00000240  x3:0x00000001  x3=0x00000240
      788817000	     39339	80007ee4	006add93	srli	x27,x21,0x6	 x21:0x000004e8 x27=0x00000013
      788837000	     39340	80007ee8	003f9a13	slli	x20,x31,0x3	 x31:0x0000000f x20=0x00000078
      788857000	     39341	80007eec	40bc57b3	sra	x15,x24,x11	 x24:0x78000000 x11:0x80021e64 x15=0x07800000
      789597000	     39378	80007ef0	02f6d033	divu	x0,x13,x15	 x13:0x80025ce4 x15:0x07800000  x0=0x00000000
      789617000	     39379	80007ef4	6876a313	slti	x6,x13,1671	 x13:0x80025ce4  x6=0x00000001
      789637000	     39380	80007ef8	5cf13c93	sltiu	x25,x2,1487	  x2:0x00000000 x25=0x00000001
      789657000	     39381	80007efc	4156d433	sra	x8,x13,x21	 x13:0x80025ce4 x21:0x000004e8  x8=0xff80025c
      789677000	     39382	80007f00	40c00333	sub	x6,x0,x12	  x0:0x00000000 x12:0x002a6000  x6=0xffd5a000
      789697000	     39383	80007f04	01d6b1b3	sltu	x3,x13,x29	 x13:0x80025ce4 x29:0x9b345000  x3=0x00000001
      789817000	     39389	80007f08	03620033	mul	x0,x4,x22	  x4:0x00000000 x22:0x00000000  x0=0x00000000
      790177000	     39407	80007f0c	00bd72b3	and	x5,x26,x11	 x26:0x80021e66 x11:0x80021e64  x5=0x80021e64
      790257000	     39411	80007f10	0229c863	blt	x19,x2,80007f40	 x19:0x80021e64  x2:0x00000000
      790777000	     39437	80007f40	0367f733	remu	x14,x15,x22	 x15:0x07800000 x22:0x00000000 x14=0x07800000
      790797000	     39438	80007f44	0ff0000f	fence	iorw,iorw	
      790937000	     39445	80007f48	013d9913	slli	x18,x27,0x13	 x27:0x00000013 x18=0x00980000
      791097000	     39453	80007f4c	02cd28b3	mulhsu	x17,x26,x12	 x26:0x80021e66 x12:0x002a6000 x17=0xffead059
      791117000	     39454	80007f50	8221	c.srli	x12,0x8	 x12:0x002a6000 x12=0x00002a60
      791297000	     39463	80007f52	0ff0000f	fence	iorw,iorw	
      791317000	     39464	80007f56	0001e333	or	x6,x3,x0	  x3:0x00000001  x0:0x00000000  x6=0x00000001
      792177000	     39507	80007f5a	03b14e33	div	x28,x2,x27	  x2:0x00000000 x27:0x00000013 x28=0x00000000
      792197000	     39508	80007f5e	40400133	sub	x2,x0,x4	  x0:0x00000000  x4:0x00000000  x2=0x00000000
      792217000	     39509	80007f62	0000100f	fence.i	
      792557000	     39526	80007f66	036c1d63	bne	x24,x22,80007fa0	 x24:0x78000000 x22:0x00000000
      793237000	     39560	80007fa0	8fd5	c.or	x15,x13	 x15:0x07800000 x13:0x80025ce4 x15=0x87825ce4
      794077000	     39602	80007fa2	026cf733	remu	x14,x25,x6	 x25:0x00000001  x6:0x00000001 x14=0x00000000
      795857000	     39691	80007fa6	0001	c.addi	x0,0	  x0:0x00000000  x0=0x00000000
      795897000	     39693	80007fa8	0220a733	mulhsu	x14,x1,x2	  x1:0x00000000  x2:0x00000000 x14=0x00000000
      795917000	     39694	80007fac	40f158b3	sra	x17,x2,x15	  x2:0x00000000 x15:0x87825ce4 x17=0x00000000
      795937000	     39695	80007fb0	8715	c.srai	x14,0x5	 x14:0x00000000 x14=0x00000000
      795957000	     39696	80007fb2	5b670b93	addi	x23,x14,1462	 x14:0x00000000 x23=0x000005b6
      795977000	     39697	80007fb6	013037b3	sltu	x15,x0,x19	  x0:0x00000000 x19:0x80021e64 x15=0x00000001
      795997000	     39698	80007fba	2fd52f13	slti	x30,x10,765	 x10:0x00000240 x30=0x00000001
      796037000	     39700	80007fbe	02426c63	bltu	x4,x4,80007ff6	  x4:0x00000000  x4:0x00000000
      796057000	     39701	80007fc2	a4900713	addi	x14,x0,-1463	  x0:0x00000000 x14=0xfffffa49
      796077000	     39702	80007fc6	8279	c.srli	x12,0x1e	 x12:0x00002a60 x12=0x00000000
      796437000	     39720	80007fc8	537d	c.li	x6,-1	  x6=0xffffffff
      796497000	     39723	80007fca	00742f33	slt	x30,x8,x7	  x8:0xff80025c  x7:0x00000000 x30=0x00000001
      796517000	     39724	80007fce	0a84	c.addi4spn	x9,x2,336	  x9=0x00000150
      796917000	     39744	80007fd0	6135	c.addi16sp	x2,352	  x2:0x00000000  x2=0x00000160
      797097000	     39753	80007fd2	01b53bb3	sltu	x23,x10,x27	 x10:0x00000240 x27:0x00000013 x23=0x00000000
      797157000	     39756	80007fd6	000dc7b3	xor	x15,x27,x0	 x27:0x00000013  x0:0x00000000 x15=0x00000013
      797177000	     39757	80007fda	0ff0000f	fence	iorw,iorw	
      797197000	     39758	80007fde	4018d933	sra	x18,x17,x1	 x17:0x00000000  x1:0x00000000 x18=0x00000000
      797217000	     39759	80007fe2	1e5cce93	xori	x29,x25,485	 x25:0x00000001 x29=0x000001e4
      797597000	     39778	80007fe6	8b252a93	slti	x21,x10,-1870	 x10:0x00000240 x21=0x00000000
      797957000	     39796	80007fea	03b01063	bne	x0,x27,8000800a	  x0:0x00000000 x27:0x00000013
      799097000	     39853	8000800a	02404363	blt	x0,x4,80008030	  x0:0x00000000  x4:0x00000000
      799117000	     39854	8000800e	8531	c.srai	x10,0xc	 x10:0x00000240 x10=0x00000000
      799177000	     39857	80008010	8e79	c.and	x12,x14	 x12:0x00000000 x14:0xfffffa49 x12=0x00000000
      799937000	     39895	80008012	02554633	div	x12,x10,x5	 x10:0x00000000  x5:0x80021e64 x12=0x00000000
      799957000	     39896	80008016	1b98	c.addi4spn	x14,x2,496	 x14=0x00000350
      799977000	     39897	80008018	11fd	c.addi	x3,-1	  x3:0x00000001  x3=0x00000000
      799997000	     39898	8000801a	0e7a	c.slli	x28,0x1e	 x28:0x00000000 x28=0x00000000
      800017000	     39899	8000801c	a2453993	sltiu	x19,x10,-1500	 x10:0x00000000 x19=0x00000001
      800037000	     39900	80008020	f8998317	auipc	x6,0xf8998	  x6=0x789a0020
      800057000	     39901	80008024	01b50633	add	x12,x10,x27	 x10:0x00000000 x27:0x00000013 x12=0x00000013
      800077000	     39902	80008028	8045	c.srli	x8,0x11	  x8:0xff80025c  x8=0x00007fc0
      800097000	     39903	8000802a	1708	c.addi4spn	x10,x2,928	 x10=0x00000500
      800117000	     39904	8000802c	01ce8a93	addi	x21,x29,28	 x29:0x000001e4 x21=0x00000200
      800137000	     39905	80008030	0001	c.addi	x0,0	  x0:0x00000000  x0=0x00000000
      800157000	     39906	80008032	034b8cb3	mul	x25,x23,x20	 x23:0x00000000 x20:0x00000078 x25=0x00000000
      800177000	     39907	80008036	8e0d	c.sub	x12,x11	 x12:0x00000013 x11:0x80021e64 x12=0x7ffde1af
      800357000	     39916	80008038	987d	c.andi	x8,-1	  x8:0x00007fc0  x8=0x00007fc0
      800797000	     39938	8000803a	0246dfb3	divu	x31,x13,x4	 x13:0x80025ce4  x4:0x00000000 x31=0xffffffff
      800817000	     39939	8000803e	01019b63	bne	x3,x16,80008054	  x3:0x00000000 x16:0x000000e2
      801097000	     39953	80008054	4c3cc0b7	lui	x1,0x4c3cc	  x1=0x4c3cc000
      801237000	     39960	80008058	4586f513	andi	x10,x13,1112	 x13:0x80025ce4 x10=0x00000440
      801977000	     39997	8000805c	03416733	rem	x14,x2,x20	  x2:0x00000160 x20:0x00000078 x14=0x00000070
      801997000	     39998	80008060	018edb93	srli	x23,x29,0x18	 x29:0x000001e4 x23=0x00000000
      802017000	     39999	80008064	019941b3	xor	x3,x18,x25	 x18:0x00000000 x25:0x00000000  x3=0x00000000
      802037000	     40000	80008068	8cbd	c.xor	x9,x15	  x9:0x00000150 x15:0x00000013  x9=0x00000143
      802057000	     40001	8000806a	0020c533	xor	x10,x1,x2	  x1:0x4c3cc000  x2:0x00000160 x10=0x4c3cc160
      802077000	     40002	8000806e	0000100f	fence.i	
      802557000	     40026	80008072	8f19	c.sub	x14,x14	 x14:0x00000070 x14:0x00000070 x14=0x00000000
      802577000	     40027	80008074	be2f0b17	auipc	x22,0xbe2f0	 x22=0x3e2f8074
      802597000	     40028	80008078	008722b3	slt	x5,x14,x8	 x14:0x00000000  x8:0x00007fc0  x5=0x00000001
      802617000	     40029	8000807c	ca15	c.beqz	x12,800080b0	 x12:0x7ffde1af
      802977000	     40047	8000807e	b9f04793	xori	x15,x0,-1121	  x0:0x00000000 x15=0xfffffb9f
      802997000	     40048	80008082	836d	c.srli	x14,0x1b	 x14:0x00000000 x14=0x00000000
      803057000	     40051	80008084	84be	c.mv	x9,x15	  x0:0x00000000 x15:0xfffffb9f  x9=0xfffffb9f
      803077000	     40052	80008086	00f0ac33	slt	x24,x1,x15	  x1:0x4c3cc000 x15:0xfffffb9f x24=0x00000000
      803137000	     40055	8000808a	01354733	xor	x14,x10,x19	 x10:0x4c3cc160 x19:0x00000001 x14=0x4c3cc161
      803197000	     40058	8000808e	0272ae33	mulhsu	x28,x5,x7	  x5:0x00000001  x7:0x00000000 x28=0x00000000
      803217000	     40059	80008092	0ed9	c.addi	x29,22	 x29:0x000001e4 x29=0x000001fa
      803337000	     40065	80008094	017d1f33	sll	x30,x26,x23	 x26:0x80021e66 x23:0x00000000 x30=0x80021e66
      803477000	     40072	80008098	016fb9b3	sltu	x19,x31,x22	 x31:0xffffffff x22:0x3e2f8074 x19=0x00000000
      803717000	     40084	8000809c	00b15e13	srli	x28,x2,0xb	  x2:0x00000160 x28=0x00000000
      803737000	     40085	800080a0	017a6db3	or	x27,x20,x23	 x20:0x00000078 x23:0x00000000 x27=0x00000078
      803817000	     40089	800080a4	0001	c.addi	x0,0	  x0:0x00000000  x0=0x00000000
      803977000	     40097	800080a6	8c21a113	slti	x2,x3,-1854	  x3:0x00000000  x2=0x00000000
      803997000	     40098	800080aa	8629	c.srai	x12,0xa	 x12:0x7ffde1af x12=0x001fff78
      804017000	     40099	800080ac	8c5e	c.mv	x24,x23	  x0:0x00000000 x23:0x00000000 x24=0x00000000
      804037000	     40100	800080ae	0001	c.addi	x0,0	  x0:0x00000000  x0=0x00000000
      804137000	     40105	800080b0	03316763	bltu	x2,x19,800080de	  x2:0x00000000 x19:0x00000000
      804157000	     40106	800080b4	0e98	c.addi4spn	x14,x2,848	 x14=0x00000350
      804177000	     40107	800080b6	00610d33	add	x26,x2,x6	  x2:0x00000000  x6:0x789a0020 x26=0x789a0020
      804197000	     40108	800080ba	6111	c.addi16sp	x2,256	  x2:0x00000000  x2=0x00000100
      804237000	     40110	800080bc	039b1a63	bne	x22,x25,800080f0	 x22:0x3e2f8074 x25:0x00000000
      804677000	     40132	800080f0	0054e763	bltu	x9,x5,800080fe	  x9:0xfffffb9f  x5:0x00000001
      804717000	     40134	800080f4	0121f2b3	and	x5,x3,x18	  x3:0x00000000 x18:0x00000000  x5=0x00000000
      804737000	     40135	800080f8	8f09	c.sub	x14,x10	 x14:0x00000350 x10:0x4c3cc160 x14=0xb3c341f0
      804757000	     40136	800080fa	01c3d133	srl	x2,x7,x28	  x7:0x00000000 x28:0x00000000  x2=0x00000000
      804917000	     40144	800080fe	00140c63	beq	x8,x1,80008116	  x8:0x00007fc0  x1:0x4c3cc000
      804937000	     40145	80008102	b8f43813	sltiu	x16,x8,-1137	  x8:0x00007fc0 x16=0x00000001
      805357000	     40166	80008106	00dd81b3	add	x3,x27,x13	 x27:0x00000078 x13:0x80025ce4  x3=0x80025d5c
      805517000	     40174	8000810a	038aca63	blt	x21,x24,8000813e	 x21:0x00000200 x24:0x00000000
      805537000	     40175	8000810e	8249	c.srli	x12,0x12	 x12:0x001fff78 x12=0x00000007
      805797000	     40188	80008110	4177dc13	srai	x24,x15,0x17	 x15:0xfffffb9f x24=0xffffffff
      805877000	     40192	80008114	0001	c.addi	x0,0	  x0:0x00000000  x0=0x00000000
      806177000	     40207	80008116	00e63fb3	sltu	x31,x12,x14	 x12:0x00000007 x14:0xb3c341f0 x31=0x00000001
      806357000	     40216	8000811a	01f84ab3	xor	x21,x16,x31	 x16:0x00000001 x31:0x00000001 x21=0x00000000
      806377000	     40217	8000811e	0718	c.addi4spn	x14,x2,896	 x14=0x00000380
      806397000	     40218	80008120	01407d33	and	x26,x0,x20	  x0:0x00000000 x20:0x00000078 x26=0x00000000
      806437000	     40220	80008124	024a8e63	beq	x21,x4,80008160	 x21:0x00000000  x4:0x00000000
      807237000	     40260	80008160	52d14a93	xori	x21,x2,1325	  x2:0x00000000 x21=0x0000052d
      807657000	     40281	80008164	57fd	c.li	x15,-1	 x15=0xffffffff
      807677000	     40282	80008166	8c1d	c.sub	x8,x15	  x8:0x00007fc0 x15:0xffffffff  x8=0x00007fc1
      807697000	     40283	80008168	054b0b37	lui	x22,0x54b0	 x22=0x054b0000
      807737000	     40285	8000816c	0194d433	srl	x8,x9,x25	  x9:0xfffffb9f x25:0x00000000  x8=0xfffffb9f
      807777000	     40287	80008170	b6c17317	auipc	x6,0xb6c17	  x6=0x36c1f170
      807797000	     40288	80008174	9bfd	c.andi	x15,-1	 x15:0xffffffff x15=0xffffffff
      807817000	     40289	80008176	8d3d	c.xor	x10,x15	 x10:0x4c3cc160 x15:0xffffffff x10=0xb3c33e9f
      807837000	     40290	80008178	0000100f	fence.i	
      808977000	     40347	8000817c	0381d0b3	divu	x1,x3,x24	  x3:0x80025d5c x24:0xffffffff  x1=0x00000000
      808997000	     40348	80008180	87cc0f13	addi	x30,x24,-1924	 x24:0xffffffff x30=0xfffff87b
      809017000	     40349	80008184	7024c513	xori	x10,x9,1794	  x9:0xfffffb9f x10=0xfffffc9d
      809037000	     40350	80008188	40d1dab3	sra	x21,x3,x13	  x3:0x80025d5c x13:0x80025ce4 x21=0xf80025d5
      809057000	     40351	8000818c	80b1	c.srli	x9,0xc	  x9:0xfffffb9f  x9=0x000fffff
      809077000	     40352	8000818e	5bfd	c.li	x23,-1	 x23=0xffffffff
      809097000	     40353	80008190	164f19b7	lui	x19,0x164f1	 x19=0x164f1000
      809117000	     40354	80008194	01eea333	slt	x6,x29,x30	 x29:0x000001fa x30:0xfffff87b  x6=0x00000000
      809137000	     40355	80008198	00caff63	bgeu	x21,x12,800081b6	 x21:0xf80025d5 x12:0x00000007
      809277000	     40362	800081b6	0ff0000f	fence	iorw,iorw	
      809497000	     40373	800081ba	bce9b513	sltiu	x10,x19,-1074	 x19:0x164f1000 x10=0x00000001
      809537000	     40375	800081be	00021033	sll	x0,x4,x0	  x4:0x00000000  x0:0x00000000  x0=0x00000000
      809557000	     40376	800081c2	411bddb3	sra	x27,x23,x17	 x23:0xffffffff x17:0x00000000 x27=0xffffffff
      809697000	     40383	800081c6	0000100f	fence.i	
      810057000	     40401	800081ca	0001	c.addi	x0,0	  x0:0x00000000  x0=0x00000000
      810077000	     40402	800081cc	00f6afb3	slt	x31,x13,x15	 x13:0x80025ce4 x15:0xffffffff x31=0x00000001
      810497000	     40423	800081d0	a3f02013	slti	x0,x0,-1473	  x0:0x00000000  x0=0x00000000
      810517000	     40424	800081d4	4009d533	sra	x10,x19,x0	 x19:0x164f1000  x0:0x00000000 x10=0x164f1000
      811257000	     40461	800081d8	03b76c33	rem	x24,x14,x27	 x14:0x00000380 x27:0xffffffff x24=0x00000000
      811277000	     40462	800081dc	6175	c.addi16sp	x2,368	  x2:0x00000000  x2=0x00000170
      811297000	     40463	800081de	415c8cb3	sub	x25,x25,x21	 x25:0x00000000 x21:0xf80025d5 x25=0x07ffda2b
      811317000	     40464	800081e2	00a6d933	srl	x18,x13,x10	 x13:0x80025ce4 x10:0x164f1000 x18=0x80025ce4
      811337000	     40465	800081e6	63b7cd13	xori	x26,x15,1595	 x15:0xffffffff x26=0xfffff9c4
      811357000	     40466	800081ea	01dcfd33	and	x26,x25,x29	 x25:0x07ffda2b x29:0x000001fa x26=0x0000002a
      811397000	     40468	800081ee	19cd3893	sltiu	x17,x26,412	 x26:0x0000002a x17=0x00000001
      811457000	     40471	800081f2	002027b3	slt	x15,x0,x2	  x0:0x00000000  x2:0x00000170 x15=0x00000001
      812357000	     40516	800081f6	03707133	remu	x2,x0,x23	  x0:0x00000000 x23:0xffffffff  x2=0x00000000
      812377000	     40517	800081fa	48d1	c.li	x17,20	 x17=0x00000014
      812417000	     40519	800081fc	03ad1233	mulh	x4,x26,x26	 x26:0x0000002a x26:0x0000002a  x4=0x00000000
      812437000	     40520	80008200	87e2	c.mv	x15,x24	  x0:0x00000000 x24:0x00000000 x15=0x00000000
      812457000	     40521	80008202	0198f433	and	x8,x17,x25	 x17:0x00000014 x25:0x07ffda2b  x8=0x00000000
      812477000	     40522	80008206	0001	c.addi	x0,0	  x0:0x00000000  x0=0x00000000
      812497000	     40523	80008208	8fc5	c.or	x15,x9	 x15:0x00000000  x9:0x000fffff x15=0x000fffff
      812577000	     40527	8000820a	00d37833	and	x16,x6,x13	  x6:0x00000000 x13:0x80025ce4 x16=0x00000000
      812657000	     40531	8000820e	01d39133	sll	x2,x7,x29	  x7:0x00000000 x29:0x000001fa  x2=0x00000000
      812677000	     40532	80008212	d78d7713	andi	x14,x26,-648	 x26:0x0000002a x14=0x00000028
      812837000	     40540	80008216	01f95193	srli	x3,x18,0x1f	 x18:0x80025ce4  x3=0x00000001
      812877000	     40542	8000821a	adeb1ab7	lui	x21,0xadeb1	 x21=0xadeb1000
      813017000	     40549	8000821e	417a8733	sub	x14,x21,x23	 x21:0xadeb1000 x23:0xffffffff x14=0xadeb1001
      813037000	     40550	80008222	028c5f63	bge	x24,x8,80008260	 x24:0x00000000  x8:0x00000000
      813397000	     40568	80008260	6171	c.addi16sp	x2,336	  x2:0x00000000  x2=0x00000150
      813497000	     40573	80008262	40a4da13	srai	x20,x9,0xa	  x9:0x000fffff x20=0x000003ff
      813517000	     40574	80008266	8631	c.srai	x12,0xc	 x12:0x00000007 x12=0x00000000
      814257000	     40611	80008268	03afcdb3	div	x27,x31,x26	 x31:0x00000001 x26:0x0000002a x27=0x00000000
      814277000	     40612	8000826c	41865713	srai	x14,x12,0x18	 x12:0x00000000 x14=0x00000000
      814297000	     40613	80008270	01c58133	add	x2,x11,x28	 x11:0x80021e64 x28:0x00000000  x2=0x80021e64
      814317000	     40614	80008274	8311	c.srli	x14,0x4	 x14:0x00000000 x14=0x00000000
      814337000	     40615	80008276	010461b3	or	x3,x8,x16	  x8:0x00000000 x16:0x00000000  x3=0x00000000
      814357000	     40616	8000827a	01e710b3	sll	x1,x14,x30	 x14:0x00000000 x30:0xfffff87b  x1=0x00000000
      814377000	     40617	8000827e	8329	c.srli	x14,0xa	 x14:0x00000000 x14=0x00000000
      814397000	     40618	80008280	00dbcab3	xor	x21,x23,x13	 x23:0xffffffff x13:0x80025ce4 x21=0x7ffda31b
      814677000	     40632	80008284	90de	c.add	x1,x23	  x1:0x00000000 x23:0xffffffff  x1=0xffffffff
      814697000	     40633	80008286	cc7c8f93	addi	x31,x25,-825	 x25:0x07ffda2b x31=0x07ffd6f2
      814817000	     40639	8000828a	025aa9b3	mulhsu	x19,x21,x5	 x21:0x7ffda31b  x5:0x00000000 x19=0x00000000
      814837000	     40640	8000828e	007c7733	and	x14,x24,x7	 x24:0x00000000  x7:0x00000000 x14=0x00000000
      815597000	     40678	80008292	032ff7b3	remu	x15,x31,x18	 x31:0x07ffd6f2 x18:0x80025ce4 x15=0x07ffd6f2
      815617000	     40679	80008296	4e01	c.li	x28,0	 x28=0x00000000
      815637000	     40680	80008298	00549e13	slli	x28,x9,0x5	  x9:0x000fffff x28=0x01ffffe0
      815657000	     40681	8000829c	0ff0000f	fence	iorw,iorw	
      816057000	     40701	800082a0	c315	c.beqz	x14,800082c4	 x14:0x00000000
      816577000	     40727	800082c4	9cf6	c.add	x25,x29	 x25:0x07ffda2b x29:0x000001fa x25=0x07ffdc25
      817517000	     40774	800082c6	02fdd933	divu	x18,x27,x15	 x27:0x00000000 x15:0x07ffd6f2 x18=0x00000000
      817537000	     40775	800082ca	6666bb13	sltiu	x22,x13,1638	 x13:0x80025ce4 x22=0x00000000
      817557000	     40776	800082ce	c38d	c.beqz	x15,800082f0	 x15:0x07ffd6f2
      817597000	     40778	800082d0	03dab7b3	mulhu	x15,x21,x29	 x21:0x7ffda31b x29:0x000001fa x15=0x000000fc
      817617000	     40779	800082d4	8f59	c.or	x14,x14	 x14:0x00000000 x14:0x00000000 x14=0x00000000
      817637000	     40780	800082d6	000c7db3	and	x27,x24,x0	 x24:0x00000000  x0:0x00000000 x27=0x00000000
      817657000	     40781	800082da	0092d2b3	srl	x5,x5,x9	  x5:0x00000000  x9:0x000fffff  x5=0x00000000
      817737000	     40785	800082de	41457413	andi	x8,x10,1044	 x10:0x164f1000  x8=0x00000000
      817757000	     40786	800082e2	8f7d	c.and	x14,x15	 x14:0x00000000 x15:0x000000fc x14=0x00000000
      817777000	     40787	800082e4	8e71	c.and	x12,x12	 x12:0x00000000 x12:0x00000000 x12=0x00000000
      817797000	     40788	800082e6	0001	c.addi	x0,0	  x0:0x00000000  x0=0x00000000
      817817000	     40789	800082e8	8e31	c.xor	x12,x12	 x12:0x00000000 x12:0x00000000 x12=0x00000000
      817857000	     40791	800082ea	0000100f	fence.i	
      818057000	     40801	800082ee	8c3d	c.xor	x8,x15	  x8:0x00000000 x15:0x000000fc  x8=0x000000fc
      818077000	     40802	800082f0	40acdcb3	sra	x25,x25,x10	 x25:0x07ffdc25 x10:0x164f1000 x25=0x07ffdc25
      818117000	     40804	800082f4	03371cb3	mulh	x25,x14,x19	 x14:0x00000000 x19:0x00000000 x25=0x00000000
      818137000	     40805	800082f8	8d5d	c.or	x10,x15	 x10:0x164f1000 x15:0x000000fc x10=0x164f10fc
      818157000	     40806	800082fa	0000100f	fence.i	
      819277000	     40862	800082fe	53dfc193	xori	x3,x31,1341	 x31:0x07ffd6f2  x3=0x07ffd3cf
      819297000	     40863	80008302	0000100f	fence.i	
      820237000	     40910	80008306	40340933	sub	x18,x8,x3	  x8:0x000000fc  x3:0x07ffd3cf x18=0xf8002d2d
      820397000	     40918	8000830a	4196d9b3	sra	x19,x13,x25	 x13:0x80025ce4 x25:0x00000000 x19=0x80025ce4
      820617000	     40929	8000830e	00449b93	slli	x23,x9,0x4	  x9:0x000fffff x23=0x00fffff0
      820837000	     40940	80008312	003e1c63	bne	x28,x3,8000832a	 x28:0x01ffffe0  x3:0x07ffd3cf
      820997000	     40948	8000832a	817a	c.mv	x2,x30	  x0:0x00000000 x30:0xfffff87b  x2=0xfffff87b
      821017000	     40949	8000832c	615d	c.addi16sp	x2,432	  x2:0xfffff87b  x2=0xfffffa2b
      821037000	     40950	8000832e	01403333	sltu	x6,x0,x20	  x0:0x00000000 x20:0x000003ff  x6=0x00000001
      821237000	     40960	80008332	02c84ab3	div	x21,x16,x12	 x16:0x00000000 x12:0x00000000 x21=0xffffffff
      821397000	     40968	80008336	04b41163	bne	x8,x11,80008378	  x8:0x000000fc x11:0x80021e64
      821777000	     40987	80008378	8fe1	c.and	x15,x8	 x15:0x000000fc  x8:0x000000fc x15=0x000000fc
      821797000	     40988	8000837a	0361f063	bgeu	x3,x22,8000839a	  x3:0x07ffd3cf x22:0x00000000
      822677000	     41032	8000839a	0118f4b3	and	x9,x17,x17	 x17:0x00000014 x17:0x00000014  x9=0x00000014
      823417000	     41069	8000839e	02b24a33	div	x20,x4,x11	  x4:0x00000000 x11:0x80021e64 x20=0x00000000
      823437000	     41070	800083a2	016b5933	srl	x18,x22,x22	 x22:0x00000000 x22:0x00000000 x18=0x00000000
      823457000	     41071	800083a6	00a49d63	bne	x9,x10,800083c0	  x9:0x00000014 x10:0x164f10fc
      823757000	     41086	800083c0	6469	c.lui	x8,0x1a	  x8=0x0001a000
      823777000	     41087	800083c2	1f75b893	sltiu	x17,x11,503	 x11:0x80021e64 x17=0x00000000
      823797000	     41088	800083c6	0000100f	fence.i	
      824097000	     41103	800083ca	43b83b13	sltiu	x22,x16,1083	 x16:0x00000000 x22=0x00000001
      824837000	     41140	800083ce	02d3e0b3	rem	x1,x7,x13	  x7:0x00000000 x13:0x80025ce4  x1=0x00000000
      840777000	     41937	800083d2	8b5d	c.andi	x14,23	 x14:0x00000000 x14=0x00000000
      840797000	     41938	800083d4	8391	c.srli	x15,0x4	 x15:0x000000fc x15=0x0000000f
      840817000	     41939	800083d6	00021a63	bne	x4,x0,800083ea	  x4:0x00000000  x0:0x00000000
      840837000	     41940	800083da	d2cb8a93	addi	x21,x23,-724	 x23:0x00fffff0 x21=0x00fffd1c
      840857000	     41941	800083de	ef1d	c.bnez	x14,8000841c	 x14:0x00000000
      840897000	     41943	800083e0	021b32b3	mulhu	x5,x22,x1	 x22:0x00000001  x1:0x00000000  x5=0x00000000
      840917000	     41944	800083e4	132bea13	ori	x20,x23,306	 x23:0x00fffff0 x20=0x00fffff2
      840937000	     41945	800083e8	87f5	c.srai	x15,0x1d	 x15:0x0000000f x15=0x00000000
      840957000	     41946	800083ea	8379	c.srli	x14,0x1e	 x14:0x00000000 x14=0x00000000
      840977000	     41947	800083ec	01da	c.slli	x3,0x16	  x3:0x07ffd3cf  x3=0xf3c00000
      841357000	     41966	800083ee	01042fb3	slt	x31,x8,x16	  x8:0x0001a000 x16:0x00000000 x31=0x00000000
      841617000	     41979	800083f2	01e5cdb3	xor	x27,x11,x30	 x11:0x80021e64 x30:0xfffff87b x27=0x7ffde61f
      841717000	     41984	800083f6	00eb8833	add	x16,x23,x14	 x23:0x00fffff0 x14:0x00000000 x16=0x00fffff0
      841737000	     41985	800083fa	0749	c.addi	x14,18	 x14:0x00000000 x14=0x00000012
      842477000	     42022	800083fc	03dbe533	rem	x10,x23,x29	 x23:0x00fffff0 x29:0x000001fa x10=0x00000108
      842517000	     42024	80008400	038c7533	remu	x10,x24,x24	 x24:0x00000000 x24:0x00000000 x10=0x00000000
      842537000	     42025	80008404	6439	c.lui	x8,0xe	  x8=0x0000e000
      842557000	     42026	80008406	da3f6313	ori	x6,x30,-605	 x30:0xfffff87b  x6=0xfffffdfb
      842577000	     42027	8000840a	8f29	c.xor	x14,x10	 x14:0x00000012 x10:0x00000000 x14=0x00000012
      842597000	     42028	8000840c	717d	c.addi16sp	x2,-16	  x2:0xfffffa2b  x2=0xfffffa1b
      842617000	     42029	8000840e	3b52e993	ori	x19,x5,949	  x5:0x00000000 x19=0x000003b5
      842637000	     42030	80008412	0365ce63	blt	x11,x22,8000844e	 x11:0x80021e64 x22:0x00000001
      843717000	     42084	8000844e	02f0f2b3	remu	x5,x1,x15	  x1:0x00000000 x15:0x00000000  x5=0x00000000
      843757000	     42086	80008452	02bda133	mulhsu	x2,x27,x11	 x27:0x7ffde61f x11:0x80021e64  x2=0x4000023d
      843877000	     42092	80008456	02ffc833	div	x16,x31,x15	 x31:0x00000000 x15:0x00000000 x16=0xffffffff
      844017000	     42099	8000845a	037192b3	mulh	x5,x3,x23	  x3:0xf3c00000 x23:0x00fffff0  x5=0xfff3c000
      844877000	     42142	8000845e	028efa33	remu	x20,x29,x8	 x29:0x000001fa  x8:0x0000e000 x20=0x000001fa
      844917000	     42144	80008462	0294adb3	mulhsu	x27,x9,x9	  x9:0x00000014  x9:0x00000014 x27=0x00000000
      844937000	     42145	80008466	8315	c.srli	x14,0x5	 x14:0x00000012 x14=0x00000000
      844957000	     42146	80008468	0137deb3	srl	x29,x15,x19	 x15:0x00000000 x19:0x000003b5 x29=0x00000000
      844977000	     42147	8000846c	00162eb3	slt	x29,x12,x1	 x12:0x00000000  x1:0x00000000 x29=0x00000000
      844997000	     42148	80008470	0ec5	c.addi	x29,17	 x29:0x00000000 x29=0x00000011
      845017000	     42149	80008472	0000100f	fence.i	
      845457000	     42171	80008476	207e2537	lui	x10,0x207e2	 x10=0x207e2000
      845477000	     42172	8000847a	52238113	addi	x2,x7,1314	  x7:0x00000000  x2=0x00000522
      845497000	     42173	8000847e	006e0363	beq	x28,x6,80008484	 x28:0x01ffffe0  x6:0xfffffdfb
      845517000	     42174	80008482	ea15	c.bnez	x12,800084b6	 x12:0x00000000
      845537000	     42175	80008484	4034d1b3	sra	x3,x9,x3	  x9:0x00000014  x3:0xf3c00000  x3=0x00000014
      845657000	     42181	80008488	028890b3	mulh	x1,x17,x8	 x17:0x00000000  x8:0x0000e000  x1=0x00000000
      845677000	     42182	8000848c	9e1a	c.add	x28,x6	 x28:0x01ffffe0  x6:0xfffffdfb x28=0x01fffddb
      845717000	     42184	8000848e	41f35b33	sra	x22,x6,x31	  x6:0xfffffdfb x31:0x00000000 x22=0xfffffdfb
      845737000	     42185	80008492	8425	c.srai	x8,0x9	  x8:0x0000e000  x8=0x00000070
      845777000	     42187	80008494	02043533	mulhu	x10,x8,x0	  x8:0x00000070  x0:0x00000000 x10=0x00000000
      845817000	     42189	80008498	03981a33	mulh	x20,x16,x25	 x16:0xffffffff x25:0x00000000 x20=0x00000000
      845837000	     42190	8000849c	0324e463	bltu	x9,x18,800084c4	  x9:0x00000014 x18:0x00000000
      846157000	     42206	800084a0	03fb0db3	mul	x27,x22,x31	 x22:0xfffffdfb x31:0x00000000 x27=0x00000000
      846177000	     42207	800084a4	ef01	c.bnez	x14,800084bc	 x14:0x00000000
      846197000	     42208	800084a6	ce0d	c.beqz	x12,800084e0	 x12:0x00000000
      846517000	     42224	800084e0	a4bb4d93	xori	x27,x22,-1461	 x22:0xfffffdfb x27=0x000007b0
      846537000	     42225	800084e4	8c59	c.or	x8,x14	  x8:0x00000070 x14:0x00000000  x8=0x00000070
      846557000	     42226	800084e6	87cd	c.srai	x15,0x13	 x15:0x00000000 x15=0x00000000
      846577000	     42227	800084e8	ee15	c.bnez	x12,80008524	 x12:0x00000000
      846597000	     42228	800084ea	6735	c.lui	x14,0xd	 x14=0x0000d000
      846697000	     42233	800084ec	059c6063	bltu	x24,x25,8000852c	 x24:0x00000000 x25:0x00000000
      846897000	     42243	800084f0	b8246413	ori	x8,x8,-1150	  x8:0x00000070  x8=0xfffffbf2
      846917000	     42244	800084f4	917fad17	auipc	x26,0x917fa	 x26=0x118024f4
      847237000	     42260	800084f8	b4b98f97	auipc	x31,0xb4b98	 x31=0x34ba04f8
      847657000	     42281	800084fc	1b80	c.addi4spn	x8,x2,496	  x8=0x00000712
      847717000	     42284	800084fe	65eca437	lui	x8,0x65eca	  x8=0x65eca000
      848137000	     42305	80008502	0087d493	srli	x9,x15,0x8	 x15:0x00000000  x9=0x00000000
      848157000	     42306	80008506	029c1363	bne	x24,x9,8000852c	 x24:0x00000000  x9:0x00000000
      848177000	     42307	8000850a	8c35	c.xor	x8,x13	  x8:0x65eca000 x13:0x80025ce4  x8=0xe5eefce4
      848357000	     42316	8000850c	033d3eb3	mulhu	x29,x26,x19	 x26:0x118024f4 x19:0x000003b5 x29=0x00000040
      848577000	     42327	80008510	0465e213	ori	x4,x11,70	 x11:0x80021e64  x4=0x80021e66
      848617000	     42329	80008514	00ac1533	sll	x10,x24,x10	 x24:0x00000000 x10:0x00000000 x10=0x00000000
      848637000	     42330	80008518	d5e53297	auipc	x5,0xd5e53	  x5=0x55e5b518
      848797000	     42338	8000851c	e81d	c.bnez	x8,80008552	  x8:0xe5eefce4
      850097000	     42403	80008552	8e45	c.or	x12,x9	 x12:0x00000000  x9:0x00000000 x12=0x00000000
      850117000	     42404	80008554	400bd833	sra	x16,x23,x0	 x23:0x00fffff0  x0:0x00000000 x16=0x00fffff0
      850317000	     42414	80008558	00317fb3	and	x31,x2,x3	  x2:0x00000522  x3:0x00000014 x31=0x00000000
      850337000	     42415	8000855c	87c5	c.srai	x15,0x11	 x15:0x00000000 x15=0x00000000
      851177000	     42457	8000855e	037f6533	rem	x10,x30,x23	 x30:0xfffff87b x23:0x00fffff0 x10=0xfffff87b
      851197000	     42458	80008562	615b6197	auipc	x3,0x615b6	  x3=0xe15be562
      851217000	     42459	80008566	ff46ca97	auipc	x21,0xff46c	 x21=0x7f474566
      851237000	     42460	8000856a	0ff0000f	fence	iorw,iorw	
      851257000	     42461	8000856e	40a05233	sra	x4,x0,x10	  x0:0x00000000 x10:0xfffff87b  x4=0x00000000
      851577000	     42477	80008572	40a3deb3	sra	x29,x7,x10	  x7:0x00000000 x10:0xfffff87b x29=0x00000000
      851677000	     42482	80008576	028f7c63	bgeu	x30,x8,800085ae	 x30:0xfffff87b  x8:0xe5eefce4
      852837000	     42540	800085ae	1208	c.addi4spn	x10,x2,288	 x10=0x00000642
      852957000	     42546	800085b0	8fb5	c.xor	x15,x13	 x15:0x00000000 x13:0x80025ce4 x15=0x80025ce4
      852977000	     42547	800085b2	0888	c.addi4spn	x10,x2,80	 x10=0x00000572
      852997000	     42548	800085b4	177d	c.addi	x14,-1	 x14:0x0000d000 x14=0x0000cfff
      853177000	     42557	800085b6	0ff0000f	fence	iorw,iorw	
      853197000	     42558	800085ba	042dd163	bge	x27,x2,800085fc	 x27:0x000007b0  x2:0x00000522
      854037000	     42600	800085fc	039c0c63	beq	x24,x25,80008634	 x24:0x00000000 x25:0x00000000
      854517000	     42624	80008634	02357c63	bgeu	x10,x3,8000866c	 x10:0x00000572  x3:0xe15be562
      854757000	     42636	80008638	04056163	bltu	x10,x0,8000867a	 x10:0x00000572  x0:0x00000000
      854777000	     42637	8000863c	412a5893	srai	x17,x20,0x12	 x20:0x00000000 x17=0x00000000
      854797000	     42638	80008640	5b455b17	auipc	x22,0x5b455	 x22=0xdb45d640
      854977000	     42647	80008644	84a5	c.srai	x9,0x9	  x9:0x00000000  x9=0x00000000
      855837000	     42690	80008646	036effb3	remu	x31,x29,x22	 x29:0x00000000 x22:0xdb45d640 x31=0x00000000
      855857000	     42691	8000864a	61b9	c.lui	x3,0xe	  x3=0x0000e000
      855877000	     42692	8000864c	01a98fb3	add	x31,x19,x26	 x19:0x000003b5 x26:0x118024f4 x31=0x118028a9
      855897000	     42693	80008650	00d0da13	srli	x20,x1,0xd	  x1:0x00000000 x20=0x00000000
      855917000	     42694	80008654	0000100f	fence.i	
      856837000	     42740	80008658	0262d1b3	divu	x3,x5,x6	  x5:0x55e5b518  x6:0xfffffdfb  x3=0x00000000
      856857000	     42741	8000865c	408f5d93	srai	x27,x30,0x8	 x30:0xfffff87b x27=0xfffffff8
      856877000	     42742	80008660	a8f42b13	slti	x22,x8,-1393	  x8:0xe5eefce4 x22=0x00000001
      856897000	     42743	80008664	a5e2fe93	andi	x29,x5,-1442	  x5:0x55e5b518 x29=0x55e5b018
      856917000	     42744	80008668	4f0b7d17	auipc	x26,0x4f0b7	 x26=0xcf0bf668
      856937000	     42745	8000866c	850d	c.srai	x10,0x3	 x10:0x00000572 x10=0x000000ae
      857057000	     42751	8000866e	565e3297	auipc	x5,0x565e3	  x5=0xd65eb66e
      857077000	     42752	80008672	006350b3	srl	x1,x6,x6	  x6:0xfffffdfb  x6:0xfffffdfb  x1=0x0000001f
      857497000	     42773	80008676	78f37b93	andi	x23,x6,1935	  x6:0xfffffdfb x23=0x0000058b
      857517000	     42774	8000867a	8c99	c.sub	x9,x14	  x9:0x00000000 x14:0x0000cfff  x9=0xffff3001
      857917000	     42794	8000867c	8fc2	c.mv	x31,x16	  x0:0x00000000 x16:0x00fffff0 x31=0x00fffff0
      858097000	     42803	8000867e	0000100f	fence.i	
      858517000	     42824	80008682	022b8e33	mul	x28,x23,x2	 x23:0x0000058b  x2:0x00000522 x28=0x001c7376
      858537000	     42825	80008686	83a9	c.srli	x15,0xa	 x15:0x80025ce4 x15=0x00200097
      858697000	     42833	80008688	01415ab3	srl	x21,x2,x20	  x2:0x00000522 x20:0x00000000 x21=0x00000522
      859837000	     42890	8000868c	02bc58b3	divu	x17,x24,x11	 x24:0x00000000 x11:0x80021e64 x17=0x00000000
      859857000	     42891	80008690	01e32433	slt	x8,x6,x30	  x6:0xfffffdfb x30:0xfffff87b  x8=0x00000000
      859877000	     42892	80008694	8356	c.mv	x6,x21	  x0:0x00000000 x21:0x00000522  x6=0x00000522
      859917000	     42894	80008696	0366beb3	mulhu	x29,x13,x22	 x13:0x80025ce4 x22:0x00000001 x29=0x00000000
      859937000	     42895	8000869a	8fc5	c.or	x15,x9	 x15:0x00200097  x9:0xffff3001 x15=0xffff3097
      860297000	     42913	8000869c	9be32e93	slti	x29,x6,-1602	  x6:0x00000522 x29=0x00000000
      860317000	     42914	800086a0	40060933	sub	x18,x12,x0	 x12:0x00000000  x0:0x00000000 x18=0x00000000
      860397000	     42918	800086a4	0d0a	c.slli	x26,0x2	 x26:0xcf0bf668 x26=0x3c2fd9a0
      860577000	     42927	800086a6	02742fb3	mulhsu	x31,x8,x7	  x8:0x00000000  x7:0x00000000 x31=0x00000000
      860597000	     42928	800086aa	02d2	c.slli	x5,0x14	  x5:0xd65eb66e  x5=0x66e00000
      860717000	     42934	800086ac	038927b3	mulhsu	x15,x18,x24	 x18:0x00000000 x24:0x00000000 x15=0x00000000
      860737000	     42935	800086b0	84fd	c.srai	x9,0x1f	  x9:0xffff3001  x9=0xffffffff
      860757000	     42936	800086b2	abd97f13	andi	x30,x18,-1347	 x18:0x00000000 x30=0x00000000
      860937000	     42945	800086b6	018ff363	bgeu	x31,x24,800086bc	 x31:0x00000000 x24:0x00000000
      861437000	     42970	800086bc	01b24533	xor	x10,x4,x27	  x4:0x00000000 x27:0xfffffff8 x10=0xfffffff8
      861477000	     42972	800086c0	0285eeb3	rem	x29,x11,x8	 x11:0x80021e64  x8:0x00000000 x29=0x80021e64
      861557000	     42976	800086c4	8e7d	c.and	x12,x15	 x12:0x00000000 x15:0x00000000 x12=0x00000000
      862297000	     43013	800086c6	0258cab3	div	x21,x17,x5	 x17:0x00000000  x5:0x66e00000 x21=0x00000000
      862317000	     43014	800086ca	833a	c.mv	x6,x14	  x0:0x00000000 x14:0x0000cfff  x6=0x0000cfff
      862337000	     43015	800086cc	0064d733	srl	x14,x9,x6	  x9:0xffffffff  x6:0x0000cfff x14=0x00000001
      862357000	     43016	800086d0	8432	c.mv	x8,x12	  x0:0x00000000 x12:0x00000000  x8=0x00000000
      862377000	     43017	800086d2	1490	c.addi4spn	x12,x2,608	 x12=0x00000782
      862417000	     43019	800086d4	1f98	c.addi4spn	x14,x2,1008	 x14=0x00000912
      862537000	     43025	800086d6	61cfed93	ori	x27,x31,1564	 x31:0x00000000 x27=0x0000061c
      862557000	     43026	800086da	0000100f	fence.i	
      863177000	     43057	800086de	00e8abb3	slt	x23,x17,x14	 x17:0x00000000 x14:0x00000912 x23=0x00000001
      863317000	     43064	800086e2	00f78fb3	add	x31,x15,x15	 x15:0x00000000 x15:0x00000000 x31=0x00000000
      863337000	     43065	800086e6	007688b3	add	x17,x13,x7	 x13:0x80025ce4  x7:0x00000000 x17=0x80025ce4
      863357000	     43066	800086ea	accb3d93	sltiu	x27,x22,-1332	 x22:0x00000001 x27=0x00000001
      863377000	     43067	800086ee	00d49533	sll	x10,x9,x13	  x9:0xffffffff x13:0x80025ce4 x10=0xfffffff0
      863397000	     43068	800086f2	e409	c.bnez	x8,800086fc	  x8:0x00000000
      863577000	     43077	800086f4	415a0833	sub	x16,x20,x21	 x20:0x00000000 x21:0x00000000 x16=0x00000000
      863997000	     43098	800086f8	1c84	c.addi4spn	x9,x2,624	  x9=0x00000792
      864017000	     43099	800086fa	4151	c.li	x2,20	  x2=0x00000014
      864997000	     43148	800086fc	03c8ea33	rem	x20,x17,x28	 x17:0x80025ce4 x28:0x001c7376 x20=0xffed7c6e
      865017000	     43149	80008700	8f45	c.or	x14,x9	 x14:0x00000912  x9:0x00000792 x14=0x00000f92
      865037000	     43150	80008702	02329c63	bne	x5,x3,8000873a	  x5:0x66e00000  x3:0x00000000
      865477000	     43172	8000873a	01be5993	srli	x19,x28,0x1b	 x28:0x001c7376 x19=0x00000000
      865497000	     43173	8000873e	40a9	c.li	x1,10	  x1=0x0000000a
      865577000	     43177	80008740	790d0893	addi	x17,x26,1936	 x26:0x3c2fd9a0 x17=0x3c2fe130
      865597000	     43178	80008744	00c43f33	sltu	x30,x8,x12	  x8:0x00000000 x12:0x00000782 x30=0x00000001
      865617000	     43179	80008748	8d65	c.and	x10,x9	 x10:0xfffffff0  x9:0x00000792 x10=0x00000790
      865757000	     43186	8000874a	0567e163	bltu	x15,x22,8000878c	 x15:0x00000000 x22:0x00000001
      865897000	     43193	8000878c	0328afb3	mulhsu	x31,x17,x18	 x17:0x3c2fe130 x18:0x00000000 x31=0x00000000
      866097000	     43203	80008790	84d5	c.srai	x9,0x15	  x9:0x00000792  x9=0x00000000
      866117000	     43204	80008792	0ff0000f	fence	iorw,iorw	
      866137000	     43205	80008796	00769233	sll	x4,x13,x7	 x13:0x80025ce4  x7:0x00000000  x4=0x80025ce4
      866157000	     43206	8000879a	ec8d	c.bnez	x9,800087d4	  x9:0x00000000
      866317000	     43214	8000879c	0f9a	c.slli	x31,0x6	 x31:0x00000000 x31=0x00000000
      866337000	     43215	8000879e	6a3d	c.lui	x20,0xf	 x20=0x0000f000
      866357000	     43216	800087a0	93d94013	xori	x0,x18,-1731	 x18:0x00000000  x0=0x00000000
      866757000	     43236	800087a4	0588	c.addi4spn	x10,x2,704	 x10=0x000002d4
      866777000	     43237	800087a6	613d	c.addi16sp	x2,480	  x2:0x00000014  x2=0x000001f4
      866857000	     43241	800087a8	d8aa6193	ori	x3,x20,-630	 x20:0x0000f000  x3=0xfffffd8a
      866897000	     43243	800087ac	0209	c.addi	x4,2	  x4:0x80025ce4  x4=0x80025ce6
      867337000	     43265	800087ae	02925bb3	divu	x23,x4,x9	  x4:0x80025ce6  x9:0x00000000 x23=0xffffffff
      867357000	     43266	800087b2	f6e51937	lui	x18,0xf6e51	 x18=0xf6e51000
      867437000	     43270	800087b6	01af1463	bne	x30,x26,800087be	 x30:0x00000001 x26:0x3c2fd9a0
      867737000	     43285	800087be	03358033	mul	x0,x11,x19	 x11:0x80021e64 x19:0x00000000  x0=0x00000000
      867797000	     43288	800087c2	cfdc3737	lui	x14,0xcfdc3	 x14=0xcfdc3000
      867817000	     43289	800087c6	02558663	beq	x11,x5,800087f2	 x11:0x80021e64  x5:0x66e00000
      867837000	     43290	800087ca	41698333	sub	x6,x19,x22	 x19:0x00000000 x22:0x00000001  x6=0xffffffff
      867997000	     43298	800087ce	ee362613	slti	x12,x12,-285	 x12:0x00000782 x12=0x00000000
      868017000	     43299	800087d2	8ce1	c.and	x9,x8	  x9:0x00000000  x8:0x00000000  x9=0x00000000
      868317000	     43314	800087d4	6dc1	c.lui	x27,0x10	 x27=0x00010000
      868377000	     43317	800087d6	01ebeab3	or	x21,x23,x30	 x23:0xffffffff x30:0x00000001 x21=0xffffffff
      868397000	     43318	800087da	04176163	bltu	x14,x1,8000881c	 x14:0xcfdc3000  x1:0x0000000a
      868417000	     43319	800087de	0001	c.addi	x0,0	  x0:0x00000000  x0=0x00000000
      868437000	     43320	800087e0	01436963	bltu	x6,x20,800087f2	  x6:0xffffffff x20:0x0000f000
      868597000	     43328	800087e4	c895	c.beqz	x9,80008818	  x9:0x00000000
      869577000	     43377	80008818	02b1ea33	rem	x20,x3,x11	  x3:0xfffffd8a x11:0x80021e64 x20=0xfffffd8a
      869597000	     43378	8000881c	14fd	c.addi	x9,-1	  x9:0x00000000  x9=0xffffffff
      869617000	     43379	8000881e	02a2f463	bgeu	x5,x10,80008846	  x5:0x66e00000 x10:0x000002d4
      870117000	     43404	80008846	8fd1	c.or	x15,x12	 x15:0x00000000 x12:0x00000000 x15=0x00000000
      870517000	     43424	80008848	0965ff13	andi	x30,x11,150	 x11:0x80021e64 x30=0x00000004
      870537000	     43425	8000884c	03408fb3	mul	x31,x1,x20	  x1:0x0000000a x20:0xfffffd8a x31=0xffffe764
      871377000	     43467	80008850	03267833	remu	x16,x12,x18	 x12:0x00000000 x18:0xf6e51000 x16=0x00000000
      871417000	     43469	80008854	034e2133	mulhsu	x2,x28,x20	 x28:0x001c7376 x20:0xfffffd8a  x2=0x001c7375
      871437000	     43470	80008858	61fd	c.lui	x3,0x1f	  x3=0x0001f000
      871457000	     43471	8000885a	8109	c.srli	x10,0x2	 x10:0x000002d4 x10=0x000000b5
      871477000	     43472	8000885c	02ff02b3	mul	x5,x30,x15	 x30:0x00000004 x15:0x00000000  x5=0x00000000
      871497000	     43473	80008860	8069	c.srli	x8,0x1a	  x8:0x00000000  x8=0x00000000
      871517000	     43474	80008862	665e8137	lui	x2,0x665e8	  x2=0x665e8000
      871537000	     43475	80008866	0001	c.addi	x0,0	  x0:0x00000000  x0=0x00000000
      872497000	     43523	80008868	02da7133	remu	x2,x20,x13	 x20:0xfffffd8a x13:0x80025ce4  x2=0x7ffda0a6
      872517000	     43524	8000886c	41c05433	sra	x8,x0,x28	  x0:0x00000000 x28:0x001c7376  x8=0x00000000
      872537000	     43525	80008870	1b1c	c.addi4spn	x15,x2,432	 x15=0x7ffda256
      872557000	     43526	80008872	8881	c.andi	x9,0	  x9:0xffffffff  x9=0x00000000
      872577000	     43527	80008874	032b0533	mul	x10,x22,x18	 x22:0x00000001 x18:0xf6e51000 x10=0xf6e51000
      872637000	     43530	80008878	cb19	c.beqz	x14,8000888e	 x14:0xcfdc3000
      872817000	     43539	8000887a	806ebd93	sltiu	x27,x29,-2042	 x29:0x80021e64 x27=0x00000001
      872837000	     43540	8000887e	933e	c.add	x6,x15	  x6:0xffffffff x15:0x7ffda256  x6=0x7ffda255
      876817000	     43739	80008880	02a538b3	mulhu	x17,x10,x10	 x10:0xf6e51000 x10:0xf6e51000 x17=0xee1d07b5
      876837000	     43740	80008884	00b63933	sltu	x18,x12,x11	 x12:0x00000000 x11:0x80021e64 x18=0x00000001
      876857000	     43741	80008888	0001	c.addi	x0,0	  x0:0x00000000  x0=0x00000000
      876877000	     43742	8000888a	00827b33	and	x22,x4,x8	  x4:0x80025ce6  x8:0x00000000 x22=0x00000000
      876897000	     43743	8000888e	9622	c.add	x12,x8	 x12:0x00000000  x8:0x00000000 x12=0x00000000
      876917000	     43744	80008890	cf19	c.beqz	x14,800088ae	 x14:0xcfdc3000
      876937000	     43745	80008892	0182df33	srl	x30,x5,x24	  x5:0x00000000 x24:0x00000000 x30=0x00000000
      876957000	     43746	80008896	987d	c.andi	x8,-1	  x8:0x00000000  x8=0x00000000
      876977000	     43747	80008898	01794b63	blt	x18,x23,800088ae	 x18:0x00000001 x23:0xffffffff
      876997000	     43748	8000889c	40550f33	sub	x30,x10,x5	 x10:0xf6e51000  x5:0x00000000 x30=0xf6e51000
      877277000	     43762	800088a0	002f1613	slli	x12,x30,0x2	 x30:0xf6e51000 x12=0xdb944000
      877697000	     43783	800088a4	0151ef33	or	x30,x3,x21	  x3:0x0001f000 x21:0xffffffff x30=0xffffffff
      877877000	     43792	800088a8	1e7d	c.addi	x28,-1	 x28:0x001c7376 x28=0x001c7375
      878617000	     43829	800088aa	0213f733	remu	x14,x7,x1	  x7:0x00000000  x1:0x0000000a x14=0x00000000
      878637000	     43830	800088ae	41928f33	sub	x30,x5,x25	  x5:0x00000000 x25:0x00000000 x30=0x00000000
      878657000	     43831	800088b2	f7370237	lui	x4,0xf7370	  x4=0xf7370000
      878697000	     43833	800088b6	0283ffb3	remu	x31,x7,x8	  x7:0x00000000  x8:0x00000000 x31=0x00000000
      878737000	     43835	800088ba	0361c233	div	x4,x3,x22	  x3:0x0001f000 x22:0x00000000  x4=0xffffffff
      878777000	     43837	800088be	020167b3	rem	x15,x2,x0	  x2:0x7ffda0a6  x0:0x00000000 x15=0x7ffda0a6
      878797000	     43838	800088c2	04816163	bltu	x2,x8,80008904	  x2:0x7ffda0a6  x8:0x00000000
      878997000	     43848	800088c6	029bda33	divu	x20,x23,x9	 x23:0xffffffff  x9:0x00000000 x20=0xffffffff
      879037000	     43850	800088ca	0257ca33	div	x20,x15,x5	 x15:0x7ffda0a6  x5:0x00000000 x20=0xffffffff
      879057000	     43851	800088ce	001fd493	srli	x9,x31,0x1	 x31:0x00000000  x9=0x00000000
      879077000	     43852	800088d2	05678063	beq	x15,x22,80008912	 x15:0x7ffda0a6 x22:0x00000000
      879097000	     43853	800088d6	0063ceb3	xor	x29,x7,x6	  x7:0x00000000  x6:0x7ffda255 x29=0x7ffda255
      880177000	     43907	800088da	03d3f633	remu	x12,x7,x29	  x7:0x00000000 x29:0x7ffda255 x12=0x00000000
      880197000	     43908	800088de	0154e4b3	or	x9,x9,x21	  x9:0x00000000 x21:0xffffffff  x9=0xffffffff
      880217000	     43909	800088e2	35a9c113	xori	x2,x19,858	 x19:0x00000000  x2=0x0000035a
      880237000	     43910	800088e6	6855	c.lui	x16,0x15	 x16=0x00015000
      880257000	     43911	800088e8	4562c813	xori	x16,x5,1110	  x5:0x00000000 x16=0x00000456
      880277000	     43912	800088ec	01cab633	sltu	x12,x21,x28	 x21:0xffffffff x28:0x001c7375 x12=0x00000000
      880297000	     43913	800088f0	98fd	c.andi	x9,-1	  x9:0xffffffff  x9=0xffffffff
      880337000	     43915	800088f2	02ef2b33	mulhsu	x22,x30,x14	 x30:0x00000000 x14:0x00000000 x22=0x00000000
      880357000	     43916	800088f6	8f93b993	sltiu	x19,x7,-1799	  x7:0x00000000 x19=0x00000001
      880417000	     43919	800088fa	02dcb133	mulhu	x2,x25,x13	 x25:0x00000000 x13:0x80025ce4  x2=0x00000000
      880437000	     43920	800088fe	0001	c.addi	x0,0	  x0:0x00000000  x0=0x00000000
      880497000	     43923	80008900	057b8163	beq	x23,x23,80008942	 x23:0xffffffff x23:0xffffffff
      882277000	     44012	80008942	03c17133	remu	x2,x2,x28	  x2:0x00000000 x28:0x001c7375  x2=0x00000000
      882317000	     44014	80008946	0371ad33	mulhsu	x26,x3,x23	  x3:0x0001f000 x23:0xffffffff x26=0x0001efff
      883057000	     44051	8000894a	02df74b3	remu	x9,x30,x13	 x30:0x00000000 x13:0x80025ce4  x9=0x00000000
      883077000	     44052	8000894e	018f8eb3	add	x29,x31,x24	 x31:0x00000000 x24:0x00000000 x29=0x00000000
      883097000	     44053	80008952	8ce9	c.and	x9,x10	  x9:0x00000000 x10:0xf6e51000  x9=0x00000000
      883117000	     44054	80008954	bbec0e37	lui	x28,0xbbec0	 x28=0xbbec0000
      883137000	     44055	80008958	0804	c.addi4spn	x9,x2,16	  x9=0x00000010
      883157000	     44056	8000895a	012d6633	or	x12,x26,x18	 x26:0x0001efff x18:0x00000001 x12=0x0001efff
      883177000	     44057	8000895e	8c49	c.or	x8,x10	  x8:0x00000000 x10:0xf6e51000  x8=0xf6e51000
      883197000	     44058	80008960	0df5	c.addi	x27,29	 x27:0x00000001 x27=0x0000001e
      883217000	     44059	80008962	67dd	c.lui	x15,0x17	 x15=0x00017000
      883237000	     44060	80008964	9aa2	c.add	x21,x8	 x21:0xffffffff  x8:0xf6e51000 x21=0xf6e50fff
      883257000	     44061	80008966	01dc1633	sll	x12,x24,x29	 x24:0x00000000 x29:0x00000000 x12=0x00000000
      883277000	     44062	8000896a	003157b3	srl	x15,x2,x3	  x2:0x00000000  x3:0x0001f000 x15=0x00000000
      883317000	     44064	8000896e	03862c33	mulhsu	x24,x12,x24	 x12:0x00000000 x24:0x00000000 x24=0x00000000
      883337000	     44065	80008972	01b73533	sltu	x10,x14,x27	 x14:0x00000000 x27:0x0000001e x10=0x00000001
      883357000	     44066	80008976	00519863	bne	x3,x5,80008986	  x3:0x0001f000  x5:0x00000000
      884097000	     44103	80008986	02739533	mulh	x10,x7,x7	  x7:0x00000000  x7:0x00000000 x10=0x00000000
      884177000	     44107	8000898a	b1f40b13	addi	x22,x8,-1249	  x8:0xf6e51000 x22=0xf6e50b1f
      884377000	     44117	8000898e	026e88b3	mul	x17,x29,x6	 x29:0x00000000  x6:0x7ffda255 x17=0x00000000
      884397000	     44118	80008992	02af4b63	blt	x30,x10,800089c8	 x30:0x00000000 x10:0x00000000
      884817000	     44139	80008996	03b96d63	bltu	x18,x27,800089d0	 x18:0x00000001 x27:0x0000001e
      885437000	     44170	800089d0	19bd2a93	slti	x21,x26,411	 x26:0x0001efff x21=0x00000000
      885457000	     44171	800089d4	942e	c.add	x8,x11	  x8:0xf6e51000 x11:0x80021e64  x8=0x76e72e64
      885577000	     44177	800089d6	041e0063	beq	x28,x1,80008a16	 x28:0xbbec0000  x1:0x0000000a
      885597000	     44178	800089da	0001	c.addi	x0,0	  x0:0x00000000  x0=0x00000000
      885617000	     44179	800089dc	0001	c.addi	x0,0	  x0:0x00000000  x0=0x00000000
      885637000	     44180	800089de	8c7e	c.mv	x24,x31	  x0:0x00000000 x31:0x00000000 x24=0x00000000
      886017000	     44199	800089e0	08564213	xori	x4,x12,133	 x12:0x00000000  x4=0x00000085
      886057000	     44201	800089e4	006cdd63	bge	x25,x6,800089fe	 x25:0x00000000  x6:0x7ffda255
      886137000	     44205	800089e8	00a52fb3	slt	x31,x10,x10	 x10:0x00000000 x10:0x00000000 x31=0x00000000
      886557000	     44226	800089ec	6dd3ff17	auipc	x30,0x6dd3f	 x30=0xedd479ec
      886977000	     44247	800089f0	8095	c.srli	x9,0x5	  x9:0x00000010  x9=0x00000000
      886997000	     44248	800089f2	034e0cb3	mul	x25,x28,x20	 x28:0xbbec0000 x20:0xffffffff x25=0x44140000
      887197000	     44258	800089f6	006da833	slt	x16,x27,x6	 x27:0x0000001e  x6:0x7ffda255 x16=0x00000001
      887257000	     44261	800089fa	006b6ab3	or	x21,x22,x6	 x22:0xf6e50b1f  x6:0x7ffda255 x21=0xfffdab5f
      888317000	     44314	800089fe	032ec9b3	div	x19,x29,x18	 x29:0x00000000 x18:0x00000001 x19=0x00000000
      888337000	     44315	80008a02	0245ee63	bltu	x11,x4,80008a3e	 x11:0x80021e64  x4:0x00000085
      888357000	     44316	80008a06	00817333	and	x6,x2,x8	  x2:0x00000000  x8:0x76e72e64  x6=0x00000000
      888377000	     44317	80008a0a	171c	c.addi4spn	x15,x2,928	 x15=0x000003a0
      888397000	     44318	80008a0c	01e29813	slli	x16,x5,0x1e	  x5:0x00000000 x16=0x00000000
      888417000	     44319	80008a10	0000100f	fence.i	
      888937000	     44345	80008a14	8f61	c.and	x14,x8	 x14:0x00000000  x8:0x76e72e64 x14=0x00000000
      889357000	     44366	80008a16	93408113	addi	x2,x1,-1740	  x1:0x0000000a  x2=0xfffff93e
      889377000	     44367	80008a1a	01d981b3	add	x3,x19,x29	 x19:0x00000000 x29:0x00000000  x3=0x00000000
      889417000	     44369	80008a1e	02e39fb3	mulh	x31,x7,x14	  x7:0x00000000 x14:0x00000000 x31=0x00000000
      889537000	     44375	80008a22	015c2bb3	slt	x23,x24,x21	 x24:0x00000000 x21:0xfffdab5f x23=0x00000000
      889557000	     44376	80008a26	001eb133	sltu	x2,x29,x1	 x29:0x00000000  x1:0x0000000a  x2=0x00000001
      889677000	     44382	80008a2a	0ff0000f	fence	iorw,iorw	
      889697000	     44383	80008a2e	8f35	c.xor	x14,x13	 x14:0x00000000 x13:0x80025ce4 x14=0x80025ce4
      889717000	     44384	80008a30	00835533	srl	x10,x6,x8	  x6:0x00000000  x8:0x76e72e64 x10=0x00000000
      889737000	     44385	80008a34	00efdf13	srli	x30,x31,0xe	 x31:0x00000000 x30=0x00000000
      889757000	     44386	80008a38	8d3d	c.xor	x10,x15	 x10:0x00000000 x15:0x000003a0 x10=0x000003a0
      889777000	     44387	80008a3a	8709	c.srai	x14,0x2	 x14:0x80025ce4 x14=0xe0009739
      890157000	     44406	80008a3c	567d	c.li	x12,-1	 x12=0xffffffff
      890177000	     44407	80008a3e	41395613	srai	x12,x18,0x13	 x18:0x00000001 x12=0x00000000
      890197000	     44408	80008a42	8f49	c.or	x14,x10	 x14:0xe0009739 x10:0x000003a0 x14=0xe00097b9
      890597000	     44428	80008a44	02ec8d33	mul	x26,x25,x14	 x25:0x44140000 x14:0xe00097b9 x26=0xfe740000
      890837000	     44440	80008a48	034ac163	blt	x21,x20,80008a6a	 x21:0xfffdab5f x20:0xffffffff
      891437000	     44470	80008a6a	006bddb3	srl	x27,x23,x6	 x23:0x00000000  x6:0x00000000 x27=0x00000000
      891457000	     44471	80008a6e	8c41	c.or	x8,x8	  x8:0x76e72e64  x8:0x76e72e64  x8=0x76e72e64
      891477000	     44472	80008a70	8f45	c.or	x14,x9	 x14:0xe00097b9  x9:0x00000000 x14=0xe00097b9
      891517000	     44474	80008a72	01968533	add	x10,x13,x25	 x13:0x80025ce4 x25:0x44140000 x10=0xc4165ce4
      891537000	     44475	80008a76	00da1913	slli	x18,x20,0xd	 x20:0xffffffff x18=0xffffe000
      891577000	     44477	80008a7a	02a51033	mulh	x0,x10,x10	 x10:0xc4165ce4 x10:0xc4165ce4  x0=0x00000000
      891977000	     44497	80008a7e	005bfbb3	and	x23,x23,x5	 x23:0x00000000  x5:0x00000000 x23=0x00000000
      891997000	     44498	80008a82	0190	c.addi4spn	x12,x2,192	 x12=0x000000c1
      892037000	     44500	80008a84	03e9f233	remu	x4,x19,x30	 x19:0x00000000 x30:0x00000000  x4=0x00000000
      893137000	     44555	80008a88	02187033	remu	x0,x16,x1	 x16:0x00000000  x1:0x0000000a  x0=0x00000000
      893157000	     44556	80008a8c	9fca	c.add	x31,x18	 x31:0x00000000 x18:0xffffe000 x31=0xffffe000
      893177000	     44557	80008a8e	402c5433	sra	x8,x24,x2	 x24:0x00000000  x2:0x00000001  x8=0x00000000
      893217000	     44559	80008a92	03e94133	div	x2,x18,x30	 x18:0xffffe000 x30:0x00000000  x2=0xffffffff
      893237000	     44560	80008a96	82ea	c.mv	x5,x26	  x0:0x00000000 x26:0xfe740000  x5=0xfe740000
      893257000	     44561	80008a98	01449093	slli	x1,x9,0x14	  x9:0x00000000  x1=0x00000000
      893277000	     44562	80008a9c	00928633	add	x12,x5,x9	  x5:0xfe740000  x9:0x00000000 x12=0xfe740000
      893317000	     44564	80008aa0	05aef363	bgeu	x29,x26,80008ae6	 x29:0x00000000 x26:0xfe740000
      893497000	     44573	80008aa4	844e	c.mv	x8,x19	  x0:0x00000000 x19:0x00000000  x8=0x00000000
      893917000	     44594	80008aa6	41630533	sub	x10,x6,x22	  x6:0x00000000 x22:0xf6e50b1f x10=0x091af4e1
      894057000	     44601	80008aaa	0388f133	remu	x2,x17,x24	 x17:0x00000000 x24:0x00000000  x2=0x00000000
      894077000	     44602	80008aae	0000100f	fence.i	
      895157000	     44656	80008ab2	8286	c.mv	x5,x1	  x0:0x00000000  x1:0x00000000  x5=0x00000000
      895177000	     44657	80008ab4	0ff0000f	fence	iorw,iorw	
      895197000	     44658	80008ab8	01f89093	slli	x1,x17,0x1f	 x17:0x00000000  x1=0x00000000
      895237000	     44660	80008abc	02de27b3	mulhsu	x15,x28,x13	 x28:0xbbec0000 x13:0x80025ce4 x15=0xddf55f24
      895257000	     44661	80008ac0	01018333	add	x6,x3,x16	  x3:0x00000000 x16:0x00000000  x6=0x00000000
      895417000	     44669	80008ac4	4f568193	addi	x3,x13,1269	 x13:0x80025ce4  x3=0x800261d9
      895437000	     44670	80008ac8	016d50b3	srl	x1,x26,x22	 x26:0xfe740000 x22:0xf6e50b1f  x1=0x00000001
      895457000	     44671	80008acc	03468833	mul	x16,x13,x20	 x13:0x80025ce4 x20:0xffffffff x16=0x7ffda31c
      896197000	     44708	80008ad0	03abe033	rem	x0,x23,x26	 x23:0x00000000 x26:0xfe740000  x0=0x00000000
      896217000	     44709	80008ad4	01e57363	bgeu	x10,x30,80008ada	 x10:0x091af4e1 x30:0x00000000
      897037000	     44750	80008ada	02c27233	remu	x4,x4,x12	  x4:0x00000000 x12:0xfe740000  x4=0x00000000
      897077000	     44752	80008ade	02251833	mulh	x16,x10,x2	 x10:0x091af4e1  x2:0x00000000 x16=0x00000000
      897097000	     44753	80008ae2	013e6933	or	x18,x28,x19	 x28:0xbbec0000 x19:0x00000000 x18=0xbbec0000
      897117000	     44754	80008ae6	9ac5ba13	sltiu	x20,x11,-1620	 x11:0x80021e64 x20=0x00000001
      897137000	     44755	80008aea	8f05	c.sub	x14,x9	 x14:0xe00097b9  x9:0x00000000 x14=0xe00097b9
      897157000	     44756	80008aec	00569493	slli	x9,x13,0x5	 x13:0x80025ce4  x9=0x004b9c80
      897177000	     44757	80008af0	945929b7	lui	x19,0x94592	 x19=0x94592000
      897197000	     44758	80008af4	019b1e63	bne	x22,x25,80008b10	 x22:0xf6e50b1f x25:0x44140000
      897237000	     44760	80008b10	00b2ed63	bltu	x5,x11,80008b2a	  x5:0x00000000 x11:0x80021e64
      898597000	     44828	80008b2a	0354f533	remu	x10,x9,x21	  x9:0x004b9c80 x21:0xfffdab5f x10=0x004b9c80
      898617000	     44829	80008b2e	41b0df13	srai	x30,x1,0x1b	  x1:0x00000001 x30=0x00000000
      899357000	     44866	80008b32	03577e33	remu	x28,x14,x21	 x14:0xe00097b9 x21:0xfffdab5f x28=0xe00097b9
      899397000	     44868	80008b36	03dc2c33	mulhsu	x24,x24,x29	 x24:0x00000000 x29:0x00000000 x24=0x00000000
      899417000	     44869	80008b3a	03888663	beq	x17,x24,80008b66	 x17:0x00000000 x24:0x00000000
      899817000	     44889	80008b66	8cd1	c.or	x9,x12	  x9:0x004b9c80 x12:0xfe740000  x9=0xfe7f9c80
      899857000	     44891	80008b68	01cdec63	bltu	x27,x28,80008b80	 x27:0x00000000 x28:0xe00097b9
      900477000	     44922	80008b80	0626	c.slli	x12,0x9	 x12:0xfe740000 x12=0xe8000000
      900497000	     44923	80008b82	623c2f93	slti	x31,x24,1571	 x24:0x00000000 x31=0x00000001
      900517000	     44924	80008b86	002c9b93	slli	x23,x25,0x2	 x25:0x44140000 x23=0x10500000
      901457000	     44971	80008b8a	0367cd33	div	x26,x15,x22	 x15:0xddf55f24 x22:0xf6e50b1f x26=0x00000003
      901477000	     44972	80008b8e	0ff0000f	fence	iorw,iorw	
      901497000	     44973	80008b92	00b55b33	srl	x22,x10,x11	 x10:0x004b9c80 x11:0x80021e64 x22=0x0004b9c8
      901517000	     44974	80008b96	0000100f	fence.i	
      901917000	     44994	80008b9a	03256c63	bltu	x10,x18,80008bd2	 x10:0x004b9c80 x18:0xbbec0000
      902337000	     45015	80008bd2	15e8dab7	lui	x21,0x15e8d	 x21=0x15e8d000
      902357000	     45016	80008bd6	1e7d	c.addi	x28,-1	 x28:0xe00097b9 x28=0xe00097b8
      902757000	     45036	80008bd8	8d11	c.sub	x10,x12	 x10:0x004b9c80 x12:0xe8000000 x10=0x184b9c80
      902777000	     45037	80008bda	0001	c.addi	x0,0	  x0:0x00000000  x0=0x00000000
      902937000	     45045	80008bdc	4b8d	c.li	x23,3	 x23=0x00000003
      902957000	     45046	80008bde	9b76	c.add	x22,x29	 x22:0x0004b9c8 x29:0x00000000 x22=0x0004b9c8
      903057000	     45051	80008be0	56ec8113	addi	x2,x25,1390	 x25:0x44140000  x2=0x4414056e
      903797000	     45088	80008be4	02de4a33	div	x20,x28,x13	 x28:0xe00097b8 x13:0x80025ce4 x20=0x00000000
      903817000	     45089	80008be8	01a0df93	srli	x31,x1,0x1a	  x1:0x00000001 x31=0x00000000
      903837000	     45090	80008bec	002d1513	slli	x10,x26,0x2	 x26:0x00000003 x10=0x0000000c
      903857000	     45091	80008bf0	039e4c63	blt	x28,x25,80008c28	 x28:0xe00097b8 x25:0x44140000
      904397000	     45118	80008c28	0f1e0293	addi	x5,x28,241	 x28:0xe00097b8  x5=0xe00098a9
      904417000	     45119	80008c2c	6109	c.addi16sp	x2,128	  x2:0x4414056e  x2=0x441405ee
      904597000	     45128	80008c2e	41405f33	sra	x30,x0,x20	  x0:0x00000000 x20:0x00000000 x30=0x00000000
      904617000	     45129	80008c32	00161413	slli	x8,x12,0x1	 x12:0xe8000000  x8=0xd0000000
      904817000	     45139	80008c36	02775b33	divu	x22,x14,x7	 x14:0xe00097b9  x7:0x00000000 x22=0xffffffff
      904837000	     45140	80008c3a	9676	c.add	x12,x29	 x12:0xe8000000 x29:0x00000000 x12=0xe8000000
      904857000	     45141	80008c3c	717d	c.addi16sp	x2,-16	  x2:0x441405ee  x2=0x441405de
      904897000	     45143	80008c3e	034b7433	remu	x8,x22,x20	 x22:0xffffffff x20:0x00000000  x8=0xffffffff
      904917000	     45144	80008c42	03ed6463	bltu	x26,x30,80008c6a	 x26:0x00000003 x30:0x00000000
      904937000	     45145	80008c46	8bca	c.mv	x23,x18	  x0:0x00000000 x18:0xbbec0000 x23=0xbbec0000
      905137000	     45155	80008c48	0001	c.addi	x0,0	  x0:0x00000000  x0=0x00000000
      905157000	     45156	80008c4a	01e01313	slli	x6,x0,0x1e	  x0:0x00000000  x6=0x00000000
      905457000	     45171	80008c4e	403780b3	sub	x1,x15,x3	 x15:0xddf55f24  x3:0x800261d9  x1=0x5df2fd4b
      905477000	     45172	80008c52	02178133	mul	x2,x15,x1	 x15:0xddf55f24  x1:0x5df2fd4b  x2=0x89f1738c
      905897000	     45193	80008c56	0240e663	bltu	x1,x4,80008c82	  x1:0x5df2fd4b  x4:0x00000000
      906317000	     45214	80008c5a	03356263	bltu	x10,x19,80008c7e	 x10:0x0000000c x19:0x94592000
      907037000	     45250	80008c7e	03c12cb3	mulhsu	x25,x2,x28	  x2:0x89f1738c x28:0xe00097b8 x25=0x98b2ff23
      907057000	     45251	80008c82	02fa8a63	beq	x21,x15,80008cb6	 x21:0x15e8d000 x15:0xddf55f24
      907077000	     45252	80008c86	01149833	sll	x16,x9,x17	  x9:0xfe7f9c80 x17:0x00000000 x16=0xfe7f9c80
      907097000	     45253	80008c8a	8c49	c.or	x8,x10	  x8:0xffffffff x10:0x0000000c  x8=0xffffffff
      907397000	     45268	80008c8c	03df6eb3	rem	x29,x30,x29	 x30:0x00000000 x29:0x00000000 x29=0x00000000
      907737000	     45285	80008c90	0a04	c.addi4spn	x9,x2,272	  x9=0x89f1749c
      907777000	     45287	80008c92	02fcb0b3	mulhu	x1,x25,x15	 x25:0x98b2ff23 x15:0xddf55f24  x1=0x8464e24f
      907797000	     45288	80008c96	004bdf13	srli	x30,x23,0x4	 x23:0xbbec0000 x30=0x0bbec000
      907897000	     45293	80008c9a	0d196013	ori	x0,x18,209	 x18:0xbbec0000  x0=0x00000000
      907917000	     45294	80008c9e	4c1d	c.li	x24,7	 x24=0x00000007
      907937000	     45295	80008ca0	841a	c.mv	x8,x6	  x0:0x00000000  x6:0x00000000  x8=0x00000000
      907957000	     45296	80008ca2	01061a63	bne	x12,x16,80008cb6	 x12:0xe8000000 x16:0xfe7f9c80
      908557000	     45326	80008cb6	997d	c.andi	x10,-1	 x10:0x0000000c x10=0x0000000c
      908777000	     45337	80008cb8	03009333	mulh	x6,x1,x16	  x1:0x8464e24f x16:0xfe7f9c80  x6=0x00b998b7
      908797000	     45338	80008cbc	627d	c.lui	x4,0x1f	  x4=0x0001f000
      909057000	     45351	80008cbe	41e50b33	sub	x22,x10,x30	 x10:0x0000000c x30:0x0bbec000 x22=0xf441400c
      909217000	     45359	80008cc2	00758833	add	x16,x11,x7	 x11:0x80021e64  x7:0x00000000 x16=0x80021e64
      909237000	     45360	80008cc6	42c1	c.li	x5,16	  x5=0x00000010
      909257000	     45361	80008cc8	8e41	c.or	x12,x8	 x12:0xe8000000  x8:0x00000000 x12=0xe8000000
      910077000	     45402	80008cca	02d7f833	remu	x16,x15,x13	 x15:0xddf55f24 x13:0x80025ce4 x16=0x5df30240
      910817000	     45439	80008cce	03ab7e33	remu	x28,x22,x26	 x22:0xf441400c x26:0x00000003 x28=0x00000001
      910837000	     45440	80008cd2	0288	c.addi4spn	x10,x2,320	 x10=0x89f174cc
      910857000	     45441	80008cd4	f88afb93	andi	x23,x21,-120	 x21:0x15e8d000 x23=0x15e8d000
      910877000	     45442	80008cd8	9bf88113	addi	x2,x17,-1601	 x17:0x00000000  x2=0xfffff9bf
      910897000	     45443	80008cdc	03cbe163	bltu	x23,x28,80008cfe	 x23:0x15e8d000 x28:0x00000001
      910917000	     45444	80008ce0	418282b3	sub	x5,x5,x24	  x5:0x00000010 x24:0x00000007  x5=0x00000009
      910937000	     45445	80008ce4	01d7bb33	sltu	x22,x15,x29	 x15:0xddf55f24 x29:0x00000000 x22=0x00000000
      911237000	     45460	80008ce8	8e01	c.sub	x12,x8	 x12:0xe8000000  x8:0x00000000 x12=0xe8000000
      911257000	     45461	80008cea	01f22733	slt	x14,x4,x31	  x4:0x0001f000 x31:0x00000000 x14=0x00000000
      911277000	     45462	80008cee	10fd	c.addi	x1,-1	  x1:0x8464e24f  x1=0x8464e24e
      911297000	     45463	80008cf0	6b85	c.lui	x23,0x1	 x23=0x00001000
      911317000	     45464	80008cf2	8c1d	c.sub	x8,x15	  x8:0x00000000 x15:0xddf55f24  x8=0x220aa0dc
      911337000	     45465	80008cf4	82658493	addi	x9,x11,-2010	 x11:0x80021e64  x9=0x8002168a
      911457000	     45471	80008cf8	e73ec917	auipc	x18,0xe73ec	 x18=0x673f4cf8
      911797000	     45488	80008cfc	9d62	c.add	x26,x24	 x26:0x00000003 x24:0x00000007 x26=0x0000000a
      911817000	     45489	80008cfe	40dbd213	srai	x4,x23,0xd	 x23:0x00001000  x4=0x00000000
      911917000	     45494	80008d02	035acc63	blt	x21,x21,80008d3a	 x21:0x15e8d000 x21:0x15e8d000
      911957000	     45496	80008d06	03d8e8b3	rem	x17,x17,x29	 x17:0x00000000 x29:0x00000000 x17=0x00000000
      911977000	     45497	80008d0a	03ee1c63	bne	x28,x30,80008d42	 x28:0x00000001 x30:0x0bbec000
      912257000	     45511	80008d42	1280	c.addi4spn	x8,x2,352	  x8=0xfffffb1f
      912277000	     45512	80008d44	a5e7b293	sltiu	x5,x15,-1442	 x15:0xddf55f24  x5=0x00000001
      912297000	     45513	80008d48	0001	c.addi	x0,0	  x0:0x00000000  x0=0x00000000
      912717000	     45534	80008d4a	0000100f	fence.i	
      913337000	     45565	80008d4e	6ead	c.lui	x29,0xb	 x29=0x0000b000
      913357000	     45566	80008d50	018c7233	and	x4,x24,x24	 x24:0x00000007 x24:0x00000007  x4=0x00000007
      913377000	     45567	80008d54	8371	c.srli	x14,0x1c	 x14:0x00000000 x14=0x00000000
      913417000	     45569	80008d56	05dd5263	bge	x26,x29,80008d9a	 x26:0x0000000a x29:0x0000b000
      913697000	     45583	80008d5a	00f21f13	slli	x30,x4,0xf	  x4:0x00000007 x30=0x00038000
      913717000	     45584	80008d5e	8fb5	c.xor	x15,x13	 x15:0xddf55f24 x13:0x80025ce4 x15=0x5df703c0
      913737000	     45585	80008d60	0062e033	or	x0,x5,x6	  x5:0x00000001  x6:0x00b998b7  x0=0x00000000
      913857000	     45591	80008d64	8e01	c.sub	x12,x8	 x12:0xe8000000  x8:0xfffffb1f x12=0xe80004e1
      913877000	     45592	80008d66	001a7d33	and	x26,x20,x1	 x20:0x00000000  x1:0x8464e24e x26=0x00000000
      913897000	     45593	80008d6a	8f39	c.xor	x14,x14	 x14:0x00000000 x14:0x00000000 x14=0x00000000
      914637000	     45630	80008d6c	0329c9b3	div	x19,x19,x18	 x19:0x94592000 x18:0x673f4cf8 x19=0xffffffff
      914657000	     45631	80008d70	5cf3ac93	slti	x25,x7,1487	  x7:0x00000000 x25=0x00000001
      914677000	     45632	80008d74	874d	c.srai	x14,0x13	 x14:0x00000000 x14=0x00000000
      914697000	     45633	80008d76	00775433	srl	x8,x14,x7	 x14:0x00000000  x7:0x00000000  x8=0x00000000
      914717000	     45634	80008d7a	017ed863	bge	x29,x23,80008d8a	 x29:0x0000b000 x23:0x00001000
      914817000	     45639	80008d8a	416557b3	sra	x15,x10,x22	 x10:0x89f174cc x22:0x00000000 x15=0x89f174cc
      914837000	     45640	80008d8e	9d42	c.add	x26,x16	 x26:0x00000000 x16:0x5df30240 x26=0x5df30240
      915037000	     45650	80008d90	ec01	c.bnez	x8,80008da8	  x8:0x00000000
      915877000	     45692	80008d92	0247ddb3	divu	x27,x15,x4	 x15:0x89f174cc  x4:0x00000007 x27=0x13b4c78a
      915897000	     45693	80008d96	01fd6733	or	x14,x26,x31	 x26:0x5df30240 x31:0x00000000 x14=0x5df30240
      915917000	     45694	80008d9a	0115f7b3	and	x15,x11,x17	 x11:0x80021e64 x17:0x00000000 x15=0x00000000
      915937000	     45695	80008d9e	aa7a7713	andi	x14,x20,-1369	 x20:0x00000000 x14=0x00000000
      915957000	     45696	80008da2	00712533	slt	x10,x2,x7	  x2:0xfffff9bf  x7:0x00000000 x10=0x00000001
      915977000	     45697	80008da6	8ea2	c.mv	x29,x8	  x0:0x00000000  x8:0x00000000 x29=0x00000000
      915997000	     45698	80008da8	03594e63	blt	x18,x21,80008de4	 x18:0x673f4cf8 x21:0x15e8d000
      916017000	     45699	80008dac	6631	c.lui	x12,0xc	 x12=0x0000c000
      916037000	     45700	80008dae	997d	c.andi	x10,-1	 x10:0x00000001 x10=0x00000001
      916057000	     45701	80008db0	41398933	sub	x18,x19,x19	 x19:0xffffffff x19:0xffffffff x18=0x00000000
      916077000	     45702	80008db4	01836e63	bltu	x6,x24,80008dd0	  x6:0x00b998b7 x24:0x00000007
      916317000	     45714	80008db8	011dd2b3	srl	x5,x27,x17	 x27:0x13b4c78a x17:0x00000000  x5=0x13b4c78a
      916597000	     45728	80008dbc	0000100f	fence.i	
      917637000	     45780	80008dc0	035ef933	remu	x18,x29,x21	 x29:0x00000000 x21:0x15e8d000 x18=0x00000000
      917657000	     45781	80008dc4	002027b3	slt	x15,x0,x2	  x0:0x00000000  x2:0xfffff9bf x15=0x00000000
      917677000	     45782	80008dc8	5a960637	lui	x12,0x5a960	 x12=0x5a960000
      917697000	     45783	80008dcc	a69c6913	ori	x18,x24,-1431	 x24:0x00000007 x18=0xfffffa6f
      917717000	     45784	80008dd0	6161	c.addi16sp	x2,80	  x2:0xfffff9bf  x2=0xfffffa0f
      917737000	     45785	80008dd2	8fe1	c.and	x15,x8	 x15:0x00000000  x8:0x00000000 x15=0x00000000
      917777000	     45787	80008dd4	031774b3	remu	x9,x14,x17	 x14:0x00000000 x17:0x00000000  x9=0x00000000
      917897000	     45793	80008dd8	8c39	c.xor	x8,x14	  x8:0x00000000 x14:0x00000000  x8=0x00000000
      917977000	     45797	80008dda	03b09ab3	mulh	x21,x1,x27	  x1:0x8464e24e x27:0x13b4c78a x21=0xf67c3362
      917997000	     45798	80008dde	8f49	c.or	x14,x10	 x14:0x00000000 x10:0x00000001 x14=0x00000001
      918757000	     45836	80008de0	02defbb3	remu	x23,x29,x13	 x29:0x00000000 x13:0x80025ce4 x23=0x00000000
      918777000	     45837	80008de4	00923b33	sltu	x22,x4,x9	  x4:0x00000007  x9:0x00000000 x22=0x00000000
      918797000	     45838	80008de8	40880133	sub	x2,x16,x8	 x16:0x5df30240  x8:0x00000000  x2=0x5df30240
      918817000	     45839	80008dec	00a9d1b3	srl	x3,x19,x10	 x19:0xffffffff x10:0x00000001  x3=0x7fffffff
      918837000	     45840	80008df0	0001	c.addi	x0,0	  x0:0x00000000  x0=0x00000000
      918857000	     45841	80008df2	e491	c.bnez	x9,80008dfe	  x9:0x00000000
      918877000	     45842	80008df4	8911	c.andi	x10,4	 x10:0x00000001 x10=0x00000000
      918897000	     45843	80008df6	0d00	c.addi4spn	x8,x2,656	  x8=0x5df304d0
      919237000	     45860	80008df8	8f85	c.sub	x15,x9	 x15:0x00000000  x9:0x00000000 x15=0x00000000
      919257000	     45861	80008dfa	8a0d	c.andi	x12,3	 x12:0x5a960000 x12=0x00000000
      919277000	     45862	80008dfc	8e01	c.sub	x12,x8	 x12:0x00000000  x8:0x5df304d0 x12=0xa20cfb30
      919297000	     45863	80008dfe	e8cd3013	sltiu	x0,x26,-372	 x26:0x5df30240  x0=0x00000000
      919317000	     45864	80008e02	00b8be33	sltu	x28,x17,x11	 x17:0x00000000 x11:0x80021e64 x28=0x00000001
      919337000	     45865	80008e06	6cbd	c.lui	x25,0xf	 x25=0x0000f000
      919717000	     45884	80008e08	187d	c.addi	x16,-1	 x16:0x5df30240 x16=0x5df3023f
      919777000	     45887	80008e0a	01f2fb33	and	x22,x5,x31	  x5:0x13b4c78a x31:0x00000000 x22=0x00000000
      919797000	     45888	80008e0e	57fd	c.li	x15,-1	 x15=0xffffffff
      919817000	     45889	80008e10	0163c1b3	xor	x3,x7,x22	  x7:0x00000000 x22:0x00000000  x3=0x00000000
      919837000	     45890	80008e14	02e6f563	bgeu	x13,x14,80008e3e	 x13:0x80025ce4 x14:0x00000001
      920877000	     45942	80008e3e	01af41b3	xor	x3,x30,x26	 x30:0x00038000 x26:0x5df30240  x3=0x5df08240
      920897000	     45943	80008e42	8c89	c.sub	x9,x10	  x9:0x00000000 x10:0x00000000  x9=0x00000000
      921297000	     45963	80008e44	8cd9	c.or	x9,x14	  x9:0x00000000 x14:0x00000001  x9=0x00000001
      921477000	     45972	80008e46	406b8a33	sub	x20,x23,x6	 x23:0x00000000  x6:0x00b998b7 x20=0xff466749
      921517000	     45974	80008e4a	0239a7b3	mulhsu	x15,x19,x3	 x19:0xffffffff  x3:0x5df08240 x15=0xffffffff
      921537000	     45975	80008e4e	00bdf333	and	x6,x27,x11	 x27:0x13b4c78a x11:0x80021e64  x6=0x00000600
      921557000	     45976	80008e52	8c19	c.sub	x8,x14	  x8:0x5df304d0 x14:0x00000001  x8=0x5df304cf
      921737000	     45985	80008e54	040a	c.slli	x8,0x2	  x8:0x5df304cf  x8=0x77cc133c
      921757000	     45986	80008e56	609d	c.lui	x1,0x7	  x1=0x00007000
      922037000	     46000	80008e58	0000100f	fence.i	
      922877000	     46042	80008e5c	01067033	and	x0,x12,x16	 x12:0xa20cfb30 x16:0x5df3023f  x0=0x00000000
      922897000	     46043	80008e60	8341	c.srli	x14,0x10	 x14:0x00000001 x14=0x00000000
      923837000	     46090	80008e62	03bb5a33	divu	x20,x22,x27	 x22:0x00000000 x27:0x13b4c78a x20=0x00000000
      923857000	     46091	80008e66	014c7733	and	x14,x24,x20	 x24:0x00000007 x20:0x00000000 x14=0x00000000
      923877000	     46092	80008e6a	40830933	sub	x18,x6,x8	  x6:0x00000600  x8:0x77cc133c x18=0x8833f2c4
      923897000	     46093	80008e6e	0001	c.addi	x0,0	  x0:0x00000000  x0=0x00000000
      923917000	     46094	80008e70	717d	c.addi16sp	x2,-16	  x2:0x5df30240  x2=0x5df30230
      923937000	     46095	80008e72	2c282017	auipc	x0,0x2c282	  x0=0x00000000
      923957000	     46096	80008e76	008292b3	sll	x5,x5,x8	  x5:0x13b4c78a  x8:0x77cc133c  x5=0xa0000000
      923977000	     46097	80008e7a	6b95	c.lui	x23,0x5	 x23=0x00005000
      923997000	     46098	80008e7c	0001	c.addi	x0,0	  x0:0x00000000  x0=0x00000000
      924017000	     46099	80008e7e	00d35833	srl	x16,x6,x13	  x6:0x00000600 x13:0x80025ce4 x16=0x00000060
      924037000	     46100	80008e82	90b4cf13	xori	x30,x9,-1781	  x9:0x00000001 x30=0xfffff90a
      924057000	     46101	80008e86	6abd	c.lui	x21,0xf	 x21=0x0000f000
      924077000	     46102	80008e88	014ce133	or	x2,x25,x20	 x25:0x0000f000 x20:0x00000000  x2=0x0000f000
      924097000	     46103	80008e8c	59bfb197	auipc	x3,0x59bfb	  x3=0xd9c03e8c
      924137000	     46105	80008e90	157d	c.addi	x10,-1	 x10:0x00000000 x10=0xffffffff
      924157000	     46106	80008e92	8dd6	c.mv	x27,x21	  x0:0x00000000 x21:0x0000f000 x27=0x0000f000
      924177000	     46107	80008e94	8a12	c.mv	x20,x4	  x0:0x00000000  x4:0x00000007 x20=0x00000007
      924197000	     46108	80008e96	c099	c.beqz	x9,80008e9c	  x9:0x00000001
      924277000	     46112	80008e98	0182dcb3	srl	x25,x5,x24	  x5:0xa0000000 x24:0x00000007 x25=0x01400000
      924697000	     46133	80008e9c	026aff63	bgeu	x21,x6,80008eda	 x21:0x0000f000  x6:0x00000600
      925217000	     46159	80008eda	5f5cba93	sltiu	x21,x25,1525	 x25:0x01400000 x21=0x00000000
      925237000	     46160	80008ede	02f6e763	bltu	x13,x15,80008f0c	 x13:0x80025ce4 x15:0xffffffff
      925817000	     46189	80008f0c	02f99633	mulh	x12,x19,x15	 x19:0xffffffff x15:0xffffffff x12=0x00000000
      925837000	     46190	80008f10	13c81d97	auipc	x27,0x13c81	 x27=0x93c89f10
      925857000	     46191	80008f14	006c6e33	or	x28,x24,x6	 x24:0x00000007  x6:0x00000600 x28=0x00000607
      925977000	     46197	80008f18	fcfdc713	xori	x14,x27,-49	 x27:0x93c89f10 x14=0x6c3760df
      926257000	     46211	80008f1c	6849	c.lui	x16,0x12	 x16=0x00012000
      926657000	     46231	80008f1e	02ccfdb3	remu	x27,x25,x12	 x25:0x01400000 x12:0x00000000 x27=0x01400000
      927057000	     46251	80008f22	404488b3	sub	x17,x9,x4	  x9:0x00000001  x4:0x00000007 x17=0xfffffffa
      927097000	     46253	80008f26	033f1833	mulh	x16,x30,x19	 x30:0xfffff90a x19:0xffffffff x16=0x00000000
      927437000	     46270	80008f2a	01fc6533	or	x10,x24,x31	 x24:0x00000007 x31:0x00000000 x10=0x00000007
      927457000	     46271	80008f2e	cf0d	c.beqz	x14,80008f68	 x14:0x6c3760df
      927617000	     46279	80008f30	00d03c33	sltu	x24,x0,x13	  x0:0x00000000 x13:0x80025ce4 x24=0x00000001
      927637000	     46280	80008f34	0001	c.addi	x0,0	  x0:0x00000000  x0=0x00000000
      927657000	     46281	80008f36	8f79	c.and	x14,x14	 x14:0x6c3760df x14:0x6c3760df x14=0x6c3760df
      928037000	     46300	80008f38	01397863	bgeu	x18,x19,80008f48	 x18:0x8833f2c4 x19:0xffffffff
      928057000	     46301	80008f3c	7a77eb13	ori	x22,x15,1959	 x15:0xffffffff x22=0xffffffff
      928197000	     46308	80008f40	bb1abc93	sltiu	x25,x21,-1103	 x21:0x00000000 x25=0x00000001
      928217000	     46309	80008f44	e866e0b7	lui	x1,0xe866e	  x1=0xe866e000
      928597000	     46328	80008f48	013d6b33	or	x22,x26,x19	 x26:0x5df30240 x19:0xffffffff x22=0xffffffff
      929017000	     46349	80008f4c	717d	c.addi16sp	x2,-16	  x2:0x0000f000  x2=0x0000eff0
      929037000	     46350	80008f4e	68e1	c.lui	x17,0x18	 x17=0x00018000
      929057000	     46351	80008f50	6841	c.lui	x16,0x10	 x16=0x00010000
      929077000	     46352	80008f52	97ca	c.add	x15,x18	 x15:0xffffffff x18:0x8833f2c4 x15=0x8833f2c3
      929097000	     46353	80008f54	00f63533	sltu	x10,x12,x15	 x12:0x00000000 x15:0x8833f2c3 x10=0x00000001
      929137000	     46355	80008f58	022694b3	mulh	x9,x13,x2	 x13:0x80025ce4  x2:0x0000eff0  x9=0xffff880a
      929177000	     46357	80008f5c	8ca5	c.xor	x9,x9	  x9:0xffff880a  x9:0xffff880a  x9=0x00000000
      929197000	     46358	80008f5e	8881	c.andi	x9,0	  x9:0x00000000  x9=0x00000000
      929237000	     46360	80008f60	2f504913	xori	x18,x0,757	  x0:0x00000000 x18=0x000002f5
      929257000	     46361	80008f64	0099cd33	xor	x26,x19,x9	 x19:0xffffffff  x9:0x00000000 x26=0xffffffff
      929477000	     46372	80008f68	4138dfb3	sra	x31,x17,x19	 x17:0x00018000 x19:0xffffffff x31=0x00000000
      929537000	     46375	80008f6c	41b98db3	sub	x27,x19,x27	 x19:0xffffffff x27:0x01400000 x27=0xfebfffff
      929697000	     46383	80008f70	01909bb3	sll	x23,x1,x25	  x1:0xe866e000 x25:0x00000001 x23=0xd0cdc000
      929717000	     46384	80008f74	d0a2ee93	ori	x29,x5,-758	  x5:0xa0000000 x29=0xfffffd0a
      930137000	     46405	80008f78	00bf1e33	sll	x28,x30,x11	 x30:0xfffff90a x11:0x80021e64 x28=0xffff90a0
      930157000	     46406	80008f7c	0040d233	srl	x4,x1,x4	  x1:0xe866e000  x4:0x00000007  x4=0x01d0cdc0
      930177000	     46407	80008f80	0094ec63	bltu	x9,x9,80008f98	  x9:0x00000000  x9:0x00000000
      930597000	     46428	80008f84	27aa0313	addi	x6,x20,634	 x20:0x00000007  x6=0x00000281
      930637000	     46430	80008f88	ed0d	c.bnez	x10,80008fc2	 x10:0x00000001
      931317000	     46464	80008fc2	86b2db97	auipc	x23,0x86b2d	 x23=0x06b35fc2
      931757000	     46486	80008fc6	03d33bb3	mulhu	x23,x6,x29	  x6:0x00000281 x29:0xfffffd0a x23=0x00000280
      931777000	     46487	80008fca	442d	c.li	x8,11	  x8=0x0000000b
      932157000	     46506	80008fcc	615d	c.addi16sp	x2,432	  x2:0x0000eff0  x2=0x0000f1a0
      932177000	     46507	80008fce	8cb1	c.xor	x9,x12	  x9:0x00000000 x12:0x00000000  x9=0x00000000
      932197000	     46508	80008fd0	0001	c.addi	x0,0	  x0:0x00000000  x0=0x00000000
      932217000	     46509	80008fd2	80bd	c.srli	x9,0xf	  x9:0x00000000  x9=0x00000000
      932317000	     46514	80008fd4	9bfd	c.andi	x15,-1	 x15:0x8833f2c3 x15=0x8833f2c3
      932737000	     46535	80008fd6	a3cf8013	addi	x0,x31,-1476	 x31:0x00000000  x0=0x00000000
      932757000	     46536	80008fda	8f41	c.or	x14,x8	 x14:0x6c3760df  x8:0x0000000b x14=0x6c3760df
      932937000	     46545	80008fdc	01581c13	slli	x24,x16,0x15	 x16:0x00010000 x24=0x00000000
      933277000	     46562	80008fe0	00ff0933	add	x18,x30,x15	 x30:0xfffff90a x15:0x8833f2c3 x18=0x8833ebcd
      933317000	     46564	80008fe4	028ea1b3	mulhsu	x3,x29,x8	 x29:0xfffffd0a  x8:0x0000000b  x3=0xffffffff
      933497000	     46573	80008fe8	8cf1	c.and	x9,x12	  x9:0x00000000 x12:0x00000000  x9=0x00000000
      933517000	     46574	80008fea	1ffd	c.addi	x31,-1	 x31:0x00000000 x31=0xffffffff
      933717000	     46584	80008fec	02550a63	beq	x10,x5,80009020	 x10:0x00000001  x5:0xa0000000
      933837000	     46590	80008ff0	00e03eb3	sltu	x29,x0,x14	  x0:0x00000000 x14:0x6c3760df x29=0x00000001
      933857000	     46591	80008ff4	40ae5db3	sra	x27,x28,x10	 x28:0xffff90a0 x10:0x00000001 x27=0xffffc850
      933877000	     46592	80008ff8	c59bc997	auipc	x19,0xc59bc	 x19=0x459c4ff8
      933897000	     46593	80008ffc	01d21613	slli	x12,x4,0x1d	  x4:0x01d0cdc0 x12=0x00000000
      933917000	     46594	80009000	050f4163	blt	x30,x16,80009042	 x30:0xfffff90a x16:0x00010000
      934577000	     46627	80009042	017bee63	bltu	x23,x23,8000905e	 x23:0x00000280 x23:0x00000280
      934597000	     46628	80009046	a0ca4713	xori	x14,x20,-1524	 x20:0x00000007 x14=0xfffffa0b
      934717000	     46634	8000904a	04088163	beq	x17,x0,8000908c	 x17:0x00018000  x0:0x00000000
      935137000	     46655	8000904e	0367f763	bgeu	x15,x22,8000907c	 x15:0x8833f2c3 x22:0xffffffff
      935157000	     46656	80009052	00ffc763	blt	x31,x15,80009060	 x31:0xffffffff x15:0x8833f2c3
      935177000	     46657	80009056	04cec463	blt	x29,x12,8000909e	 x29:0x00000001 x12:0x00000000
      935197000	     46658	8000905a	01ad2ab3	slt	x21,x26,x26	 x26:0xffffffff x26:0xffffffff x21=0x00000000
      935217000	     46659	8000905e	8d01	c.sub	x10,x8	 x10:0x00000001  x8:0x0000000b x10=0xfffffff6
      935237000	     46660	80009060	9c3e	c.add	x24,x15	 x24:0x00000000 x15:0x8833f2c3 x24=0x8833f2c3
      935257000	     46661	80009062	08252813	slti	x16,x10,130	 x10:0xfffffff6 x16=0x00000001
      935497000	     46673	80009066	027a0f63	beq	x20,x7,800090a4	 x20:0x00000007  x7:0x00000000
      935517000	     46674	8000906a	874e	c.mv	x14,x19	  x0:0x00000000 x19:0x459c4ff8 x14=0x459c4ff8
      935537000	     46675	8000906c	00b3e4b3	or	x9,x7,x11	  x7:0x00000000 x11:0x80021e64  x9=0x80021e64
      935577000	     46677	80009070	02a1bdb3	mulhu	x27,x3,x10	  x3:0xffffffff x10:0xfffffff6 x27=0xfffffff5
      935637000	     46680	80009074	56356e93	ori	x29,x10,1379	 x10:0xfffffff6 x29=0xfffffff7
      935817000	     46689	80009078	015c89b3	add	x19,x25,x21	 x25:0x00000001 x21:0x00000000 x19=0x00000001
      935837000	     46690	8000907c	0000100f	fence.i	
      935957000	     46696	80009080	03674f63	blt	x14,x22,800090be	 x14:0x459c4ff8 x22:0xffffffff
      935977000	     46697	80009084	40268333	sub	x6,x13,x2	 x13:0x80025ce4  x2:0x0000f1a0  x6=0x80016b44
      936057000	     46701	80009088	002bc333	xor	x6,x23,x2	 x23:0x00000280  x2:0x0000f1a0  x6=0x0000f320
      936357000	     46716	8000908c	23712093	slti	x1,x2,567	  x2:0x0000f1a0  x1=0x00000000
      939497000	     46873	80009090	414e5f33	sra	x30,x28,x20	 x28:0xffff90a0 x20:0x00000007 x30=0xffffff21
      939517000	     46874	80009094	f304b113	sltiu	x2,x9,-208	  x9:0x80021e64  x2=0x00000001
      939537000	     46875	80009098	717d	c.addi16sp	x2,-16	  x2:0x00000001  x2=0xfffffff1
      939557000	     46876	8000909a	eb5f6d13	ori	x26,x30,-331	 x30:0xffffff21 x26=0xffffffb5
      939577000	     46877	8000909e	dbe64893	xori	x17,x12,-578	 x12:0x00000000 x17=0xfffffdbe
      939597000	     46878	800090a2	8d0d	c.sub	x10,x11	 x10:0xfffffff6 x11:0x80021e64 x10=0x7ffde192
      939617000	     46879	800090a4	02bdd763	bge	x27,x11,800090d2	 x27:0xfffffff5 x11:0x80021e64
      940597000	     46928	800090d2	02e379b3	remu	x19,x6,x14	  x6:0x0000f320 x14:0x459c4ff8 x19=0x0000f320
      940617000	     46929	800090d6	7ea16493	ori	x9,x2,2026	  x2:0xfffffff1  x9=0xfffffffb
      941357000	     46966	800090da	03d144b3	div	x9,x2,x29	  x2:0xfffffff1 x29:0xfffffff7  x9=0x00000001
      941377000	     46967	800090de	01a81133	sll	x2,x16,x26	 x16:0x00000001 x26:0xffffffb5  x2=0x00200000
      942117000	     47004	800090e2	0262ebb3	rem	x23,x5,x6	  x5:0xa0000000  x6:0x0000f320 x23=0xffff91a0
      942137000	     47005	800090e6	01099893	slli	x17,x19,0x10	 x19:0x0000f320 x17=0xf3200000
      942157000	     47006	800090ea	0167eeb3	or	x29,x15,x22	 x15:0x8833f2c3 x22:0xffffffff x29=0xffffffff
      942177000	     47007	800090ee	01254733	xor	x14,x10,x18	 x10:0x7ffde192 x18:0x8833ebcd x14=0xf7ce0a5f
      942197000	     47008	800090f2	8fc1	c.or	x15,x8	 x15:0x8833f2c3  x8:0x0000000b x15=0x8833f2cb
      942217000	     47009	800090f4	aada4b13	xori	x22,x20,-1363	 x20:0x00000007 x22=0xfffffaaa
      942257000	     47011	800090f8	02c231b3	mulhu	x3,x4,x12	  x4:0x01d0cdc0 x12:0x00000000  x3=0x00000000
      942277000	     47012	800090fc	4012dc93	srai	x25,x5,0x1	  x5:0xa0000000 x25=0xd0000000
      942437000	     47020	80009100	8145	c.srli	x10,0x11	 x10:0x7ffde192 x10=0x00003ffe
      942517000	     47024	80009102	0178bd33	sltu	x26,x17,x23	 x17:0xf3200000 x23:0xffff91a0 x26=0x00000001
      942537000	     47025	80009106	8711	c.srai	x14,0x4	 x14:0xf7ce0a5f x14=0xff7ce0a5
      942577000	     47027	80009108	8c0d	c.sub	x8,x11	  x8:0x0000000b x11:0x80021e64  x8=0x7ffde1a7
      942677000	     47032	8000910a	009bafb3	slt	x31,x23,x9	 x23:0xffff91a0  x9:0x00000001 x31=0x00000001
      943097000	     47053	8000910e	40e95113	srai	x2,x18,0xe	 x18:0x8833ebcd  x2=0xfffe20cf
      943117000	     47054	80009112	0b3a	c.slli	x22,0xe	 x22:0xfffffaaa x22=0xfeaa8000
      943137000	     47055	80009114	4429	c.li	x8,10	  x8=0x0000000a
      943157000	     47056	80009116	0a98	c.addi4spn	x14,x2,336	 x14=0xfffe221f
      943417000	     47069	80009118	3f732e13	slti	x28,x6,1015	  x6:0x0000f320 x28=0x00000000
      943837000	     47090	8000911c	01183bb3	sltu	x23,x16,x17	 x16:0x00000001 x17:0xf3200000 x23=0x00000001
      943857000	     47091	80009120	083d	c.addi	x16,15	 x16:0x00000001 x16=0x00000010
      944997000	     47148	80009122	02b2c2b3	div	x5,x5,x11	  x5:0xa0000000 x11:0x80021e64  x5=0x00000000
      945017000	     47149	80009126	fdb30c13	addi	x24,x6,-37	  x6:0x0000f320 x24=0x0000f2fb
      945037000	     47150	8000912a	0001	c.addi	x0,0	  x0:0x00000000  x0=0x00000000
      945077000	     47152	8000912c	035e6cb3	rem	x25,x28,x21	 x28:0x00000000 x21:0x00000000 x25=0x00000000
      945097000	     47153	80009130	610d	c.addi16sp	x2,160	  x2:0xfffe20cf  x2=0xfffe216f
      945117000	     47154	80009132	cf05	c.beqz	x14,8000916a	 x14:0xfffe221f
      945137000	     47155	80009134	1b213193	sltiu	x3,x2,434	  x2:0xfffe216f  x3=0x00000000
      945157000	     47156	80009138	010f2533	slt	x10,x30,x16	 x30:0xffffff21 x16:0x00000010 x10=0x00000001
      945177000	     47157	8000913c	01195093	srli	x1,x18,0x11	 x18:0x8833ebcd  x1=0x00004419
      945437000	     47170	80009140	6a587113	andi	x2,x16,1701	 x16:0x00000010  x2=0x00000000
      945457000	     47171	80009144	41bddf33	sra	x30,x27,x27	 x27:0xfffffff5 x27:0xfffffff5 x30=0xffffffff
      945657000	     47181	80009148	0a1a	c.slli	x20,0x6	 x20:0x00000007 x20=0x000001c0
      945677000	     47182	8000914a	0041c9b3	xor	x19,x3,x4	  x3:0x00000000  x4:0x01d0cdc0 x19=0x01d0cdc0
      945877000	     47192	8000914e	01a6f933	and	x18,x13,x26	 x13:0x80025ce4 x26:0x00000001 x18=0x00000000
      945897000	     47193	80009152	83e5	c.srli	x15,0x19	 x15:0x8833f2cb x15=0x00000044
      945997000	     47198	80009154	e809	c.bnez	x8,80009166	  x8:0x0000000a
      947437000	     47270	80009166	0367f633	remu	x12,x15,x22	 x15:0x00000044 x22:0xfeaa8000 x12=0x00000044
      947457000	     47271	8000916a	d88d6313	ori	x6,x26,-632	 x26:0x00000001  x6=0xfffffd89
      947477000	     47272	8000916e	0290	c.addi4spn	x12,x2,320	 x12=0x00000140
      947497000	     47273	80009170	01729333	sll	x6,x5,x23	  x5:0x00000000 x23:0x00000001  x6=0x00000000
      947517000	     47274	80009174	c805	c.beqz	x8,800091a4	  x8:0x0000000a
      947557000	     47276	80009176	031d3bb3	mulhu	x23,x26,x17	 x26:0x00000001 x17:0xf3200000 x23=0x00000000
      947577000	     47277	8000917a	cd19	c.beqz	x10,80009198	 x10:0x00000001
      947597000	     47278	8000917c	8c7d	c.and	x8,x15	  x8:0x0000000a x15:0x00000044  x8=0x00000000
      947617000	     47279	8000917e	8015	c.srli	x8,0x5	  x8:0x00000000  x8=0x00000000
      947637000	     47280	80009180	ffbd4a13	xori	x20,x26,-5	 x26:0x00000001 x20=0xfffffffa
      947777000	     47287	80009184	8a11	c.andi	x12,4	 x12:0x00000140 x12=0x00000000
      947797000	     47288	80009186	6105	c.addi16sp	x2,32	  x2:0x00000000  x2=0x00000020
      947817000	     47289	80009188	8f61	c.and	x14,x8	 x14:0xfffe221f  x8:0x00000000 x14=0x00000000
      947837000	     47290	8000918a	9a7d	c.andi	x12,-1	 x12:0x00000000 x12=0x00000000
      947857000	     47291	8000918c	c12b4c93	xori	x25,x22,-1006	 x22:0xfeaa8000 x25=0x01557c12
      948237000	     47310	80009190	40e75493	srai	x9,x14,0xe	 x14:0x00000000  x9=0x00000000
      948257000	     47311	80009194	0055d493	srli	x9,x11,0x5	 x11:0x80021e64  x9=0x040010f3
      948277000	     47312	80009198	00a59f63	bne	x11,x10,800091b6	 x11:0x80021e64 x10:0x00000001
      948937000	     47345	800091b6	40fd	c.li	x1,31	  x1=0x0000001f
      948977000	     47347	800091b8	0123ec33	or	x24,x7,x18	  x7:0x00000000 x18:0x00000000 x24=0x00000000
      949037000	     47350	800091bc	84f1	c.srai	x9,0x1c	  x9:0x040010f3  x9=0x00000000
      949057000	     47351	800091be	6999	c.lui	x19,0x6	 x19=0x00006000
      949477000	     47372	800091c0	035234b3	mulhu	x9,x4,x21	  x4:0x01d0cdc0 x21:0x00000000  x9=0x00000000
      950217000	     47409	800091c4	02477533	remu	x10,x14,x4	 x14:0x00000000  x4:0x01d0cdc0 x10=0x00000000
      950237000	     47410	800091c8	05849063	bne	x9,x24,80009208	  x9:0x00000000 x24:0x00000000
      950277000	     47412	800091cc	02863933	mulhu	x18,x12,x8	 x12:0x00000000  x8:0x00000000 x18=0x00000000
      950297000	     47413	800091d0	871d	c.srai	x14,0x7	 x14:0x00000000 x14=0x00000000
      951037000	     47450	800091d2	0341db33	divu	x22,x3,x20	  x3:0x00000000 x20:0xfffffffa x22=0x00000000
      951057000	     47451	800091d6	8c05	c.sub	x8,x9	  x8:0x00000000  x9:0x00000000  x8=0x00000000
      951077000	     47452	800091d8	8e41	c.or	x12,x8	 x12:0x00000000  x8:0x00000000 x12=0x00000000
      951097000	     47453	800091da	96b27813	andi	x16,x4,-1685	  x4:0x01d0cdc0 x16=0x01d0c940
      951117000	     47454	800091de	02878e63	beq	x15,x8,8000921a	 x15:0x00000044  x8:0x00000000
      951137000	     47455	800091e2	0c1a	c.slli	x24,0x6	 x24:0x00000000 x24=0x00000000
      951157000	     47456	800091e4	41c7db33	sra	x22,x15,x28	 x15:0x00000044 x28:0x00000000 x22=0x00000044
      951177000	     47457	800091e8	02c11663	bne	x2,x12,80009214	  x2:0x00000020 x12:0x00000000
      951937000	     47495	80009214	029f5bb3	divu	x23,x30,x9	 x30:0xffffffff  x9:0x00000000 x23=0xffffffff
      952237000	     47510	80009218	02ea	c.slli	x5,0x1a	  x5:0x00000000  x5=0x00000000
      952657000	     47531	8000921a	378f68b7	lui	x17,0x378f6	 x17=0x378f6000
      953057000	     47551	8000921e	02a16a33	rem	x20,x2,x10	  x2:0x00000020 x10:0x00000000 x20=0x00000020
      954157000	     47606	80009222	0228cbb3	div	x23,x17,x2	 x17:0x378f6000  x2:0x00000020 x23=0x01bc7b00
      954177000	     47607	80009226	81ee	c.mv	x3,x27	  x0:0x00000000 x27:0xfffffff5  x3=0xfffffff5
      954197000	     47608	80009228	8c35	c.xor	x8,x13	  x8:0x00000000 x13:0x80025ce4  x8=0x80025ce4
      954217000	     47609	8000922a	036b9d63	bne	x23,x22,80009264	 x23:0x01bc7b00 x22:0x00000044
      954297000	     47613	80009264	01f69813	slli	x16,x13,0x1f	 x13:0x80025ce4 x16=0x00000000
      954337000	     47615	80009268	41e75d33	sra	x26,x14,x30	 x14:0x00000000 x30:0xffffffff x26=0x00000000
      954357000	     47616	8000926c	037a0a63	beq	x20,x23,800092a0	 x20:0x00000020 x23:0x01bc7b00
      955237000	     47660	80009270	03b7c7b3	div	x15,x15,x27	 x15:0x00000044 x27:0xfffffff5 x15=0xfffffffa
      955257000	     47661	80009274	072e	c.slli	x14,0xb	 x14:0x00000000 x14=0x00000000
      955277000	     47662	80009276	0001	c.addi	x0,0	  x0:0x00000000  x0=0x00000000
      955297000	     47663	80009278	00882b33	slt	x22,x16,x8	 x16:0x00000000  x8:0x80025ce4 x22=0x00000000
      955317000	     47664	8000927c	8c6d	c.and	x8,x11	  x8:0x80025ce4 x11:0x80021e64  x8=0x80021c64
      955337000	     47665	8000927e	10fd	c.addi	x1,-1	  x1:0x0000001f  x1=0x0000001e
      955377000	     47667	80009280	035d3a33	mulhu	x20,x26,x21	 x26:0x00000000 x21:0x00000000 x20=0x00000000
      955397000	     47668	80009284	820a	c.mv	x4,x2	  x0:0x00000000  x2:0x00000020  x4=0x00000020
      955417000	     47669	80009286	1e88	c.addi4spn	x10,x2,880	 x10=0x00000390
      955437000	     47670	80009288	deaff093	andi	x1,x31,-534	 x31:0x00000001  x1=0x00000000
      955777000	     47687	8000928c	c715	c.beqz	x14,800092b8	 x14:0x00000000
      956577000	     47727	800092b8	40e450b3	sra	x1,x8,x14	  x8:0x80021c64 x14:0x00000000  x1=0x80021c64
      956877000	     47742	800092bc	03880663	beq	x16,x24,800092e8	 x16:0x00000000 x24:0x00000000
      956977000	     47747	800092e8	8eee	c.mv	x29,x27	  x0:0x00000000 x27:0xfffffff5 x29=0xfffffff5
      957017000	     47749	800092ea	03a3b4b3	mulhu	x9,x7,x26	  x7:0x00000000 x26:0x00000000  x9=0x00000000
      957037000	     47750	800092ee	0001	c.addi	x0,0	  x0:0x00000000  x0=0x00000000
      957197000	     47758	800092f0	899a	c.mv	x19,x6	  x0:0x00000000  x6:0x00000000 x19=0x00000000
      957297000	     47763	800092f2	01395c33	srl	x24,x18,x19	 x18:0x00000000 x19:0x00000000 x24=0x00000000
      957317000	     47764	800092f6	016e	c.slli	x2,0x1b	  x2:0x00000020  x2=0x00000000
      957337000	     47765	800092f8	37ecb913	sltiu	x18,x25,894	 x25:0x01557c12 x18=0x00000000
      957737000	     47785	800092fc	006f5913	srli	x18,x30,0x6	 x30:0xffffffff x18=0x03ffffff
      958177000	     47807	80009300	03c29033	mulh	x0,x5,x28	  x5:0x00000000 x28:0x00000000  x0=0x00000000
      958197000	     47808	80009304	40180b33	sub	x22,x16,x1	 x16:0x00000000  x1:0x80021c64 x22=0x7ffde39c
      958597000	     47828	80009308	01019133	sll	x2,x3,x16	  x3:0xfffffff5 x16:0x00000000  x2=0xfffffff5
      958697000	     47833	8000930c	f601c813	xori	x16,x3,-160	  x3:0xfffffff5 x16=0x00000095
      958877000	     47842	80009310	03f03133	mulhu	x2,x0,x31	  x0:0x00000000 x31:0x00000001  x2=0x00000000
      958897000	     47843	80009314	717d	c.addi16sp	x2,-16	  x2:0x00000000  x2=0xfffffff0
      958937000	     47845	80009316	02163833	mulhu	x16,x12,x1	 x12:0x00000000  x1:0x80021c64 x16=0x00000000
      958977000	     47847	8000931a	03c1ddb3	divu	x27,x3,x28	  x3:0xfffffff5 x28:0x00000000 x27=0xffffffff
      958997000	     47848	8000931e	014a5d93	srli	x27,x20,0x14	 x20:0x00000000 x27=0x00000000
      959017000	     47849	80009322	836d	c.srli	x14,0x1b	 x14:0x00000000 x14=0x00000000
      959037000	     47850	80009324	0001	c.addi	x0,0	  x0:0x00000000  x0=0x00000000
      959217000	     47859	80009326	006f5313	srli	x6,x30,0x6	 x30:0xffffffff  x6=0x03ffffff
      959237000	     47860	8000932a	0ea1	c.addi	x29,8	 x29:0xfffffff5 x29=0xfffffffd
      959297000	     47863	8000932c	9e1a	c.add	x28,x6	 x28:0x00000000  x6:0x03ffffff x28=0x03ffffff
      959717000	     47884	8000932e	03ecc763	blt	x25,x30,8000935c	 x25:0x01557c12 x30:0xffffffff
      959737000	     47885	80009332	00fa37b3	sltu	x15,x20,x15	 x20:0x00000000 x15:0xfffffffa x15=0x00000001
      960537000	     47925	80009336	03224a33	div	x20,x4,x18	  x4:0x00000020 x18:0x03ffffff x20=0x00000000
      960557000	     47926	8000933a	9591cd93	xori	x27,x3,-1703	  x3:0xfffffff5 x27=0x000006ac
      960577000	     47927	8000933e	0001	c.addi	x0,0	  x0:0x00000000  x0=0x00000000
      960597000	     47928	80009340	015a8e63	beq	x21,x21,8000935c	 x21:0x00000000 x21:0x00000000
      961417000	     47969	8000935c	02776133	rem	x2,x14,x7	 x14:0x00000000  x7:0x00000000  x2=0x00000000
      961437000	     47970	80009360	1780	c.addi4spn	x8,x2,992	  x8=0x000003e0
      962577000	     48027	80009362	037851b3	divu	x3,x16,x23	 x16:0x00000000 x23:0x01bc7b00  x3=0x00000000
      962597000	     48028	80009366	01cd0bb3	add	x23,x26,x28	 x26:0x00000000 x28:0x03ffffff x23=0x03ffffff
      962617000	     48029	8000936a	3d6b2217	auipc	x4,0x3d6b2	  x4=0xbd6bb36a
      962637000	     48030	8000936e	9836	c.add	x16,x13	 x16:0x00000000 x13:0x80025ce4 x16=0x80025ce4
      962657000	     48031	80009370	01851a63	bne	x10,x24,80009384	 x10:0x00000390 x24:0x00000000
      963137000	     48055	80009384	0000100f	fence.i	
      963617000	     48079	80009388	0001	c.addi	x0,0	  x0:0x00000000  x0=0x00000000
      963637000	     48080	8000938a	033a	c.slli	x6,0xe	  x6:0x03ffffff  x6=0xffffc000
      963677000	     48082	8000938c	0293fcb3	remu	x25,x7,x9	  x7:0x00000000  x9:0x00000000 x25=0x00000000
      963757000	     48086	80009390	036dbf33	mulhu	x30,x27,x22	 x27:0x000006ac x22:0x7ffde39c x30=0x00000355
      963777000	     48087	80009394	55d9d797	auipc	x15,0x55d9d	 x15=0xd5da6394
      964017000	     48099	80009398	409f0033	sub	x0,x30,x9	 x30:0x00000355  x9:0x00000000  x0=0x00000000
      964357000	     48116	8000939c	1dfd	c.addi	x27,-1	 x27:0x000006ac x27=0x000006ab
      964377000	     48117	8000939e	01bd4bb3	xor	x23,x26,x27	 x26:0x00000000 x27:0x000006ab x23=0x000006ab
      964397000	     48118	800093a2	1f00	c.addi4spn	x8,x2,944	  x8=0x000003b0
      964477000	     48122	800093a4	02ea60b3	rem	x1,x20,x14	 x20:0x00000000 x14:0x00000000  x1=0x00000000
      964877000	     48142	800093a8	8ca9	c.xor	x9,x10	  x9:0x00000000 x10:0x00000390  x9=0x00000390
      964897000	     48143	800093aa	15e25f17	auipc	x30,0x15e25	 x30=0x95e2e3aa
      964917000	     48144	800093ae	ee05	c.bnez	x12,800093e6	 x12:0x00000000
      965037000	     48150	800093b0	03d0eb63	bltu	x1,x29,800093e6	  x1:0x00000000 x29:0xfffffffd
      966457000	     48221	800093e6	0000100f	fence.i	
      966997000	     48248	800093ea	01bfddb3	srl	x27,x31,x27	 x31:0x00000001 x27:0x000006ab x27=0x00000000
      967057000	     48251	800093ee	03f2a4b3	mulhsu	x9,x5,x31	  x5:0x00000000 x31:0x00000001  x9=0x00000000
      967097000	     48253	800093f2	033ac533	div	x10,x21,x19	 x21:0x00000000 x19:0x00000000 x10=0xffffffff
      967117000	     48254	800093f6	597d	c.li	x18,-1	 x18=0xffffffff
      967197000	     48258	800093f8	017a1a63	bne	x20,x23,8000940c	 x20:0x00000000 x23:0x000006ab
      967537000	     48275	8000940c	014f8363	beq	x31,x20,80009412	 x31:0x00000001 x20:0x00000000
      967717000	     48284	80009410	8f0d	c.sub	x14,x11	 x14:0x00000000 x11:0x80021e64 x14=0x7ffde19c
      968077000	     48302	80009412	01bbde33	srl	x28,x23,x27	 x23:0x000006ab x27:0x00000000 x28=0x000006ab
      968097000	     48303	80009416	891d	c.andi	x10,7	 x10:0xffffffff x10=0x00000007
      973097000	     48553	80009418	21bd8c13	addi	x24,x27,539	 x27:0x00000000 x24=0x0000021b
      973117000	     48554	8000941c	85d93237	lui	x4,0x85d93	  x4=0x85d93000
      973137000	     48555	80009420	0001	c.addi	x0,0	  x0:0x00000000  x0=0x00000000
      973157000	     48556	80009422	01564433	xor	x8,x12,x21	 x12:0x00000000 x21:0x00000000  x8=0x00000000
      973897000	     48593	80009426	03db6eb3	rem	x29,x22,x29	 x22:0x7ffde39c x29:0xfffffffd x29=0x00000001
      974637000	     48630	8000942a	037a61b3	rem	x3,x20,x23	 x20:0x00000000 x23:0x000006ab  x3=0x00000000
      974657000	     48631	8000942e	0b3a	c.slli	x22,0xe	 x22:0x7ffde39c x22=0x78e70000
      974677000	     48632	80009430	004a5ab3	srl	x21,x20,x4	 x20:0x00000000  x4:0x85d93000 x21=0x00000000
      974697000	     48633	80009434	0001	c.addi	x0,0	  x0:0x00000000  x0=0x00000000
      974717000	     48634	80009436	8f11	c.sub	x14,x12	 x14:0x7ffde19c x12:0x00000000 x14=0x7ffde19c
      974737000	     48635	80009438	0001	c.addi	x0,0	  x0:0x00000000  x0=0x00000000
      974777000	     48637	8000943a	023b4633	div	x12,x22,x3	 x22:0x78e70000  x3:0x00000000 x12=0xffffffff
      974797000	     48638	8000943e	8cfa	c.mv	x25,x30	  x0:0x00000000 x30:0x95e2e3aa x25=0x95e2e3aa
      974817000	     48639	80009440	1f7d	c.addi	x30,-1	 x30:0x95e2e3aa x30=0x95e2e3a9
      974857000	     48641	80009442	00847e63	bgeu	x8,x8,8000945e	  x8:0x00000000  x8:0x00000000
      975457000	     48671	8000945e	8fb5	c.xor	x15,x13	 x15:0xd5da6394 x13:0x80025ce4 x15=0x55d83f70
      975497000	     48673	80009460	81c2	c.mv	x3,x16	  x0:0x00000000 x16:0x80025ce4  x3=0x80025ce4
      975517000	     48674	80009462	8d69	c.and	x10,x10	 x10:0x00000007 x10:0x00000007 x10=0x00000007
      975697000	     48683	80009464	67b1	c.lui	x15,0xc	 x15=0x0000c000
      975717000	     48684	80009466	0ff0000f	fence	iorw,iorw	
      975757000	     48686	8000946a	02383533	mulhu	x10,x16,x3	 x16:0x80025ce4  x3:0x80025ce4 x10=0x40025ce9
      975777000	     48687	8000946e	8e61	c.and	x12,x8	 x12:0xffffffff  x8:0x00000000 x12=0x00000000
      975877000	     48692	80009470	0337cb63	blt	x15,x19,800094a6	 x15:0x0000c000 x19:0x00000000
      975897000	     48693	80009474	001c1513	slli	x10,x24,0x1	 x24:0x0000021b x10=0x00000436
      975917000	     48694	80009478	87dd	c.srai	x15,0x17	 x15:0x0000c000 x15=0x00000000
      975937000	     48695	8000947a	01a3fb33	and	x22,x7,x26	  x7:0x00000000 x26:0x00000000 x22=0x00000000
      976117000	     48704	8000947e	033290b3	mulh	x1,x5,x19	  x5:0x00000000 x19:0x00000000  x1=0x00000000
      976137000	     48705	80009482	84d2	c.mv	x9,x20	  x0:0x00000000 x20:0x00000000  x9=0x00000000
      976177000	     48707	80009484	8f4d	c.or	x14,x11	 x14:0x7ffde19c x11:0x80021e64 x14=0xfffffffc
      976597000	     48728	80009486	03df8e33	mul	x28,x31,x29	 x31:0x00000001 x29:0x00000001 x28=0x00000001
      977017000	     48749	8000948a	31b43337	lui	x6,0x31b43	  x6=0x31b43000
      977037000	     48750	8000948e	8351	c.srli	x14,0x14	 x14:0xfffffffc x14=0x00000fff
      977057000	     48751	80009490	5ba07c93	andi	x25,x0,1466	  x0:0x00000000 x25=0x00000000
      977417000	     48769	80009494	03519c63	bne	x3,x21,800094cc	  x3:0x80025ce4 x21:0x00000000
      978317000	     48814	800094cc	320c0c13	addi	x24,x24,800	 x24:0x0000021b x24=0x0000053b
      978357000	     48816	800094d0	01812a33	slt	x20,x2,x24	  x2:0x00000000 x24:0x0000053b x20=0x00000001
      979337000	     48865	800094d4	03d94533	div	x10,x18,x29	 x18:0xffffffff x29:0x00000001 x10=0xffffffff
      979357000	     48866	800094d8	0001	c.addi	x0,0	  x0:0x00000000  x0=0x00000000
      979397000	     48868	800094da	0208e2b3	rem	x5,x17,x0	 x17:0x378f6000  x0:0x00000000  x5=0x378f6000
      979417000	     48869	800094de	0dfe	c.slli	x27,0x1f	 x27:0x00000000 x27=0x00000000
      979437000	     48870	800094e0	8be9	c.andi	x15,26	 x15:0x00000000 x15=0x00000000
      979477000	     48872	800094e2	03b9a7b3	mulhsu	x15,x19,x27	 x19:0x00000000 x27:0x00000000 x15=0x00000000
      979497000	     48873	800094e6	ffdc2d93	slti	x27,x24,-3	 x24:0x0000053b x27=0x00000000
      979517000	     48874	800094ea	01014f63	blt	x2,x16,80009508	  x2:0x00000000 x16:0x80025ce4
      979537000	     48875	800094ee	0290	c.addi4spn	x12,x2,320	 x12=0x00000140
      979797000	     48888	800094f0	00700e63	beq	x0,x7,8000950c	  x0:0x00000000  x7:0x00000000
      980017000	     48899	8000950c	405e5513	srai	x10,x28,0x5	 x28:0x00000001 x10=0x00000000
      980537000	     48925	80009510	cf2d6e97	auipc	x29,0xcf2d6	 x29=0x4f2df510
      980557000	     48926	80009514	0001	c.addi	x0,0	  x0:0x00000000  x0=0x00000000
      980677000	     48932	80009516	00c82e33	slt	x28,x16,x12	 x16:0x80025ce4 x12:0x00000140 x28=0x00000001
      980697000	     48933	8000951a	6168bd93	sltiu	x27,x17,1558	 x17:0x378f6000 x27=0x00000000
      980717000	     48934	8000951e	8005	c.srli	x8,0x1	  x8:0x00000000  x8=0x00000000
      980737000	     48935	80009520	023bcd63	blt	x23,x3,8000955a	 x23:0x000006ab  x3:0x80025ce4
      980877000	     48942	80009524	8c5a	c.mv	x24,x22	  x0:0x00000000 x22:0x00000000 x24=0x00000000
      980897000	     48943	80009526	0183ac33	slt	x24,x7,x24	  x7:0x00000000 x24:0x00000000 x24=0x00000000
      981117000	     48954	8000952a	006af963	bgeu	x21,x6,8000953c	 x21:0x00000000  x6:0x31b43000
      981137000	     48955	8000952e	40078db3	sub	x27,x15,x0	 x15:0x00000000  x0:0x00000000 x27=0x00000000
      981157000	     48956	80009532	e019	c.bnez	x8,80009538	  x8:0x00000000
      981277000	     48962	80009534	00209d13	slli	x26,x1,0x2	  x1:0x00000000 x26=0x00000000
      981297000	     48963	80009538	8822	c.mv	x16,x8	  x0:0x00000000  x8:0x00000000 x16=0x00000000
      981317000	     48964	8000953a	8f99	c.sub	x15,x14	 x15:0x00000000 x14:0x00000fff x15=0xfffff001
      981337000	     48965	8000953c	0a572797	auipc	x15,0xa572	 x15=0x8a57b53c
      981357000	     48966	80009540	88fd	c.andi	x9,31	  x9:0x00000000  x9=0x00000000
      981377000	     48967	80009542	8e79	c.and	x12,x14	 x12:0x00000140 x14:0x00000fff x12=0x00000140
      981397000	     48968	80009544	8c05	c.sub	x8,x9	  x8:0x00000000  x9:0x00000000  x8=0x00000000
      981617000	     48979	80009546	1e515337	lui	x6,0x1e515	  x6=0x1e515000
      981637000	     48980	8000954a	03098cb3	mul	x25,x19,x16	 x19:0x00000000 x16:0x00000000 x25=0x00000000
      982017000	     48999	8000954e	41cfd613	srai	x12,x31,0x1c	 x31:0x00000001 x12=0x00000000
      982077000	     49002	80009552	0025ad33	slt	x26,x11,x2	 x11:0x80021e64  x2:0x00000000 x26=0x00000001
      982097000	     49003	80009556	3a276b37	lui	x22,0x3a276	 x22=0x3a276000
      982317000	     49014	8000955a	013c17b3	sll	x15,x24,x19	 x24:0x00000000 x19:0x00000000 x15=0x00000000
      982497000	     49023	8000955e	512dc797	auipc	x15,0x512dc	 x15=0xd12e555e
      982517000	     49024	80009562	6151	c.addi16sp	x2,272	  x2:0x00000000  x2=0x00000110
      982537000	     49025	80009564	4b853493	sltiu	x9,x10,1208	 x10:0x00000000  x9=0x00000001
      982557000	     49026	80009568	877d	c.srai	x14,0x1f	 x14:0x00000fff x14=0x00000000
      982577000	     49027	8000956a	086a	c.slli	x16,0x1a	 x16:0x00000000 x16=0x00000000
      982597000	     49028	8000956c	8e75	c.and	x12,x13	 x12:0x00000000 x13:0x80025ce4 x12=0x00000000
      983337000	     49065	8000956e	0349fcb3	remu	x25,x19,x20	 x19:0x00000000 x20:0x00000001 x25=0x00000000
      983377000	     49067	80009572	020eedb3	rem	x27,x29,x0	 x29:0x4f2df510  x0:0x00000000 x27=0x4f2df510
      983417000	     49069	80009576	02143133	mulhu	x2,x8,x1	  x8:0x00000000  x1:0x00000000  x2=0x00000000
      983437000	     49070	8000957a	1005c2b7	lui	x5,0x1005c	  x5=0x1005c000
      983457000	     49071	8000957e	01bad733	srl	x14,x21,x27	 x21:0x00000000 x27:0x4f2df510 x14=0x00000000
      983477000	     49072	80009582	41cfd793	srai	x15,x31,0x1c	 x31:0x00000001 x15=0x00000000
      983497000	     49073	80009586	8f51	c.or	x14,x12	 x14:0x00000000 x12:0x00000000 x14=0x00000000
      983537000	     49075	80009588	0220c833	div	x16,x1,x2	  x1:0x00000000  x2:0x00000000 x16=0xffffffff
      983557000	     49076	8000958c	0000100f	fence.i	
      984037000	     49100	80009590	0000100f	fence.i	
      984717000	     49134	80009594	41155313	srai	x6,x10,0x11	 x10:0x00000000  x6=0x00000000
      984897000	     49143	80009598	809d	c.srli	x9,0x7	  x9:0x00000001  x9=0x00000000
      984997000	     49148	8000959a	03849863	bne	x9,x24,800095ca	  x9:0x00000000 x24:0x00000000
      985417000	     49169	8000959e	1100a993	slti	x19,x1,272	  x1:0x00000000 x19=0x00000001
      985437000	     49170	800095a2	8f42	c.mv	x30,x16	  x0:0x00000000 x16:0xffffffff x30=0xffffffff
      985457000	     49171	800095a4	28b6d137	lui	x2,0x28b6d	  x2=0x28b6d000
      985477000	     49172	800095a8	001cf763	bgeu	x25,x1,800095b6	 x25:0x00000000  x1:0x00000000
      986597000	     49228	800095b6	c4930d17	auipc	x26,0xc4930	 x26=0x449395b6
      986617000	     49229	800095ba	005a1d93	slli	x27,x20,0x5	 x20:0x00000001 x27=0x00000020
      986637000	     49230	800095be	8c22	c.mv	x24,x8	  x0:0x00000000  x8:0x00000000 x24=0x00000000
      986657000	     49231	800095c0	417ddd33	sra	x26,x27,x23	 x27:0x00000020 x23:0x000006ab x26=0x00000000
      986677000	     49232	800095c4	c099	c.beqz	x9,800095ca	  x9:0x00000000
      987217000	     49259	800095ca	0d90	c.addi4spn	x12,x2,720	 x12=0x28b6d2d0
      987517000	     49274	800095cc	ffff7397	auipc	x7,0xffff7	  x7=0x800005cc
      987737000	     49285	800095d0	d9e38393	addi	x7,x7,-610	  x7:0x800005cc  x7=0x8000036a
      987757000	     49286	800095d4	00038067	jalr	x0,0(x7)	  x7:0x8000036a  x0=0x00000000
      988877000	     49342	8000036a	90000db7	lui	x27,0x90000	 x27=0x90000000
      988897000	     49343	8000036e	1de1	c.addi	x27,-8	 x27:0x90000000 x27=0x8ffffff8
      988917000	     49344	80000370	4901	c.li	x18,0	 x18=0x00000000
      988937000	     49345	80000372	0922	c.slli	x18,0x8	 x18:0x00000000 x18=0x00000000
      988957000	     49346	80000374	0905	c.addi	x18,1	 x18:0x00000000 x18=0x00000001
      989657000	     49381	80000376	012da023	sw	x18,0(x27)	 x27:0x8ffffff8 x18:0x00000001 PA:0x8ffffff8 store:0x00000001 load:0xffffffff
      989677000	     49382	8000037a	00000073	ecall	
     1013357000	     50566	80002500	0800006f	jal	x0,80002580	  x0=0x00000000
     1013697000	     50583	80002580	16f1	c.addi	x13,-4	 x13:0x80025ce4 x13=0x80025ce0
     1013817000	     50589	80002582	c28c	c.sw	x11,0(x13)	 x13:0x80025ce0 x11:0x80021e64 PA:0x80025ce0 store:0x80021e64 load:0xffffffff
     1013837000	     50590	80002584	000685b3	add	x11,x13,x0	 x13:0x80025ce0  x0:0x00000000 x11=0x80025ce0
     1013937000	     50595	80002588	f8058593	addi	x11,x11,-128	 x11:0x80025ce0 x11=0x80025c60
     1014037000	     50600	8000258c	0015a223	sw	x1,4(x11)	 x11:0x80025c60  x1:0x00000000 PA:0x80025c64 store:0x00000000 load:0xffffffff
     1014077000	     50602	80002590	0025a423	sw	x2,8(x11)	 x11:0x80025c60  x2:0x28b6d000 PA:0x80025c68 store:0x28b6d000 load:0xffffffff
     1014097000	     50603	80002594	0035a623	sw	x3,12(x11)	 x11:0x80025c60  x3:0x80025ce4 PA:0x80025c6c store:0x80025ce4 load:0xffffffff
     1014537000	     50625	80002598	0045a823	sw	x4,16(x11)	 x11:0x80025c60  x4:0x85d93000 PA:0x80025c70 store:0x85d93000 load:0xffffffff
     1014597000	     50628	8000259c	0055aa23	sw	x5,20(x11)	 x11:0x80025c60  x5:0x1005c000 PA:0x80025c74 store:0x1005c000 load:0xffffffff
     1014617000	     50629	800025a0	0065ac23	sw	x6,24(x11)	 x11:0x80025c60  x6:0x00000000 PA:0x80025c78 store:0x00000000 load:0xffffffff
     1014737000	     50635	800025a4	0075ae23	sw	x7,28(x11)	 x11:0x80025c60  x7:0x8000036a PA:0x80025c7c store:0x8000036a load:0xffffffff
     1015037000	     50650	800025a8	d180	c.sw	x8,32(x11)	 x11:0x80025c60  x8:0x00000000 PA:0x80025c80 store:0x00000000 load:0xffffffff
     1015157000	     50656	800025aa	d1c4	c.sw	x9,36(x11)	 x11:0x80025c60  x9:0x00000000 PA:0x80025c84 store:0x00000000 load:0xffffffff
     1015717000	     50684	800025ac	d588	c.sw	x10,40(x11)	 x11:0x80025c60 x10:0x00000000 PA:0x80025c88 store:0x00000000 load:0xffffffff
     1015777000	     50687	800025ae	d5cc	c.sw	x11,44(x11)	 x11:0x80025c60 x11:0x80025c60 PA:0x80025c8c store:0x80025c60 load:0xffffffff
     1016097000	     50703	800025b0	d990	c.sw	x12,48(x11)	 x11:0x80025c60 x12:0x28b6d2d0 PA:0x80025c90 store:0x28b6d2d0 load:0xffffffff
     1016557000	     50726	800025b2	d9d4	c.sw	x13,52(x11)	 x11:0x80025c60 x13:0x80025ce0 PA:0x80025c94 store:0x80025ce0 load:0xffffffff
     1017017000	     50749	800025b4	dd98	c.sw	x14,56(x11)	 x11:0x80025c60 x14:0x00000000 PA:0x80025c98 store:0x00000000 load:0xffffffff
     1017257000	     50761	800025b6	dddc	c.sw	x15,60(x11)	 x11:0x80025c60 x15:0x00000000 PA:0x80025c9c store:0x00000000 load:0xffffffff
     1017517000	     50774	800025b8	0505a023	sw	x16,64(x11)	 x11:0x80025c60 x16:0xffffffff PA:0x80025ca0 store:0xffffffff load:0xffffffff
     1017717000	     50784	800025bc	0515a223	sw	x17,68(x11)	 x11:0x80025c60 x17:0x378f6000 PA:0x80025ca4 store:0x378f6000 load:0xffffffff
     1017777000	     50787	800025c0	0525a423	sw	x18,72(x11)	 x11:0x80025c60 x18:0x00000001 PA:0x80025ca8 store:0x00000001 load:0xffffffff
     1017797000	     50788	800025c4	0535a623	sw	x19,76(x11)	 x11:0x80025c60 x19:0x00000001 PA:0x80025cac store:0x00000001 load:0xffffffff
     1018177000	     50807	800025c8	0545a823	sw	x20,80(x11)	 x11:0x80025c60 x20:0x00000001 PA:0x80025cb0 store:0x00000001 load:0xffffffff
     1018417000	     50819	800025cc	0555aa23	sw	x21,84(x11)	 x11:0x80025c60 x21:0x00000000 PA:0x80025cb4 store:0x00000000 load:0xffffffff
     1019077000	     50852	800025d0	0565ac23	sw	x22,88(x11)	 x11:0x80025c60 x22:0x3a276000 PA:0x80025cb8 store:0x3a276000 load:0xffffffff
     1019317000	     50864	800025d4	0575ae23	sw	x23,92(x11)	 x11:0x80025c60 x23:0x000006ab PA:0x80025cbc store:0x000006ab load:0xffffffff
     1019417000	     50869	800025d8	0785a023	sw	x24,96(x11)	 x11:0x80025c60 x24:0x00000000 PA:0x80025cc0 store:0x00000000 load:0xffffffff
     1019837000	     50890	800025dc	0795a223	sw	x25,100(x11)	 x11:0x80025c60 x25:0x00000000 PA:0x80025cc4 store:0x00000000 load:0xffffffff
     1020037000	     50900	800025e0	07a5a423	sw	x26,104(x11)	 x11:0x80025c60 x26:0x00000000 PA:0x80025cc8 store:0x00000000 load:0xffffffff
     1020257000	     50911	800025e4	07b5a623	sw	x27,108(x11)	 x11:0x80025c60 x27:0x8ffffff8 PA:0x80025ccc store:0x8ffffff8 load:0xffffffff
     1020517000	     50924	800025e8	07c5a823	sw	x28,112(x11)	 x11:0x80025c60 x28:0x00000001 PA:0x80025cd0 store:0x00000001 load:0xffffffff
     1020537000	     50925	800025ec	07d5aa23	sw	x29,116(x11)	 x11:0x80025c60 x29:0x4f2df510 PA:0x80025cd4 store:0x4f2df510 load:0xffffffff
     1020557000	     50926	800025f0	07e5ac23	sw	x30,120(x11)	 x11:0x80025c60 x30:0xffffffff PA:0x80025cd8 store:0xffffffff load:0xffffffff
     1020717000	     50934	800025f4	07f5ae23	sw	x31,124(x11)	 x11:0x80025c60 x31:0x00000001 PA:0x80025cdc store:0x00000001 load:0xffffffff
     1020737000	     50935	800025f8	000586b3	add	x13,x11,x0	 x11:0x80025c60  x0:0x00000000 x13=0x80025c60
     1020757000	     50936	800025fc	90000db7	lui	x27,0x90000	 x27=0x90000000
     1020777000	     50937	80002600	1df1	c.addi	x27,-4	 x27:0x90000000 x27=0x8ffffffc
     1020797000	     50938	80002602	4921	c.li	x18,8	 x18=0x00000008
     1020817000	     50939	80002604	0922	c.slli	x18,0x8	 x18:0x00000008 x18=0x00000800
     1020837000	     50940	80002606	00090913	addi	x18,x18,0	 x18:0x00000800 x18=0x00000800
     1020897000	     50943	8000260a	012da023	sw	x18,0(x27)	 x27:0x8ffffffc x18:0x00000800 PA:0x8ffffffc store:0x00000800 load:0xffffffff
     1020917000	     50944	8000260e	34102973	csrrs	x18,mepc,x0	  x0:0x00000000 x18=0x8000037a
     1020997000	     50948	80002612	34202973	csrrs	x18,mcause,x0	  x0:0x00000000 x18=0x00000008
     1021017000	     50949	80002616	4d8d	c.li	x27,3	 x27=0x00000003
     1021037000	     50950	80002618	01b91463	bne	x18,x27,80002620	 x18:0x00000008 x27:0x00000003
     1022177000	     51007	80002620	4da1	c.li	x27,8	 x27=0x00000008
     1022197000	     51008	80002622	05b90d63	beq	x18,x27,8000267c	 x18:0x00000008 x27:0x00000008
     1022517000	     51024	8000267c	90000db7	lui	x27,0x90000	 x27=0x90000000
     1022957000	     51046	80002680	1df1	c.addi	x27,-4	 x27:0x90000000 x27=0x8ffffffc
     1022977000	     51047	80002682	6905	c.lui	x18,0x1	 x18=0x00001000
     1022997000	     51048	80002684	b0090913	addi	x18,x18,-1280	 x18:0x00001000 x18=0x00000b00
     1023017000	     51049	80002688	0922	c.slli	x18,0x8	 x18:0x00000b00 x18=0x000b0000
     1023037000	     51050	8000268a	090d	c.addi	x18,3	 x18:0x000b0000 x18=0x000b0003
     1023097000	     51053	8000268c	012da023	sw	x18,0(x27)	 x27:0x8ffffffc x18:0x000b0003 PA:0x8ffffffc store:0x000b0003 load:0xffffffff
     1023197000	     51058	80002690	b0002973	csrrs	x18,mcycle,x0	  x0:0x00000000 x18=0x0000c76f
     1023317000	     51064	80002694	012da023	sw	x18,0(x27)	 x27:0x8ffffffc x18:0x0000c76f PA:0x8ffffffc store:0x0000c76f load:0xffffffff
     1023437000	     51070	80002698	90000db7	lui	x27,0x90000	 x27=0x90000000
     1023857000	     51091	8000269c	1df1	c.addi	x27,-4	 x27:0x90000000 x27=0x8ffffffc
     1023877000	     51092	8000269e	6905	c.lui	x18,0x1	 x18=0x00001000
     1024057000	     51101	800026a0	b8090913	addi	x18,x18,-1152	 x18:0x00001000 x18=0x00000b80
     1024077000	     51102	800026a4	0922	c.slli	x18,0x8	 x18:0x00000b80 x18=0x000b8000
     1024097000	     51103	800026a6	090d	c.addi	x18,3	 x18:0x000b8000 x18=0x000b8003
     1024617000	     51129	800026a8	012da023	sw	x18,0(x27)	 x27:0x8ffffffc x18:0x000b8003 PA:0x8ffffffc store:0x000b8003 load:0xffffffff
     1024637000	     51130	800026ac	b8002973	csrrs	x18,mcycleh,x0	  x0:0x00000000 x18=0x00000000
     1024697000	     51133	800026b0	012da023	sw	x18,0(x27)	 x27:0x8ffffffc x18:0x00000000 PA:0x8ffffffc store:0x00000000 load:0xffffffff
     1024717000	     51134	800026b4	90000db7	lui	x27,0x90000	 x27=0x90000000
     1024737000	     51135	800026b8	1df1	c.addi	x27,-4	 x27:0x90000000 x27=0x8ffffffc
     1024757000	     51136	800026ba	6905	c.lui	x18,0x1	 x18=0x00001000
     1024777000	     51137	800026bc	b0390913	addi	x18,x18,-1277	 x18:0x00001000 x18=0x00000b03
     1024917000	     51144	800026c0	0922	c.slli	x18,0x8	 x18:0x00000b03 x18=0x000b0300
     1024937000	     51145	800026c2	090d	c.addi	x18,3	 x18:0x000b0300 x18=0x000b0303
     1025157000	     51156	800026c4	012da023	sw	x18,0(x27)	 x27:0x8ffffffc x18:0x000b0303 PA:0x8ffffffc store:0x000b0303 load:0xffffffff
     1025537000	     51175	800026c8	b0302973	csrrs	x18,mhpmcounter3,x0	  x0:0x00000000 x18=0x000000fe
     1025597000	     51178	800026cc	012da023	sw	x18,0(x27)	 x27:0x8ffffffc x18:0x000000fe PA:0x8ffffffc store:0x000000fe load:0xffffffff
     1025617000	     51179	800026d0	90000db7	lui	x27,0x90000	 x27=0x90000000
     1025637000	     51180	800026d4	1df1	c.addi	x27,-4	 x27:0x90000000 x27=0x8ffffffc
     1025657000	     51181	800026d6	6905	c.lui	x18,0x1	 x18=0x00001000
     1025677000	     51182	800026d8	b8390913	addi	x18,x18,-1149	 x18:0x00001000 x18=0x00000b83
     1025697000	     51183	800026dc	0922	c.slli	x18,0x8	 x18:0x00000b83 x18=0x000b8300
     1025717000	     51184	800026de	090d	c.addi	x18,3	 x18:0x000b8300 x18=0x000b8303
     1026137000	     51205	800026e0	012da023	sw	x18,0(x27)	 x27:0x8ffffffc x18:0x000b8303 PA:0x8ffffffc store:0x000b8303 load:0xffffffff
     1026157000	     51206	800026e4	b8302973	csrrs	x18,mhpmcounter3h,x0	  x0:0x00000000 x18=0x00000000
     1026737000	     51235	800026e8	012da023	sw	x18,0(x27)	 x27:0x8ffffffc x18:0x00000000 PA:0x8ffffffc store:0x00000000 load:0xffffffff
     1026757000	     51236	800026ec	90000db7	lui	x27,0x90000	 x27=0x90000000
     1026777000	     51237	800026f0	1df1	c.addi	x27,-4	 x27:0x90000000 x27=0x8ffffffc
     1026797000	     51238	800026f2	6905	c.lui	x18,0x1	 x18=0x00001000
     1026817000	     51239	800026f4	b0490913	addi	x18,x18,-1276	 x18:0x00001000 x18=0x00000b04
     1026837000	     51240	800026f8	0922	c.slli	x18,0x8	 x18:0x00000b04 x18=0x000b0400
     1026857000	     51241	800026fa	090d	c.addi	x18,3	 x18:0x000b0400 x18=0x000b0403
     1026937000	     51245	800026fc	012da023	sw	x18,0(x27)	 x27:0x8ffffffc x18:0x000b0403 PA:0x8ffffffc store:0x000b0403 load:0xffffffff
     1026957000	     51246	80002700	b0402973	csrrs	x18,mhpmcounter4,x0	  x0:0x00000000 x18=0x00005f3a
     1027157000	     51256	80002704	012da023	sw	x18,0(x27)	 x27:0x8ffffffc x18:0x00005f3a PA:0x8ffffffc store:0x00005f3a load:0xffffffff
     1027177000	     51257	80002708	90000db7	lui	x27,0x90000	 x27=0x90000000
     1027197000	     51258	8000270c	1df1	c.addi	x27,-4	 x27:0x90000000 x27=0x8ffffffc
     1027217000	     51259	8000270e	6905	c.lui	x18,0x1	 x18=0x00001000
     1027237000	     51260	80002710	b8490913	addi	x18,x18,-1148	 x18:0x00001000 x18=0x00000b84
     1027257000	     51261	80002714	0922	c.slli	x18,0x8	 x18:0x00000b84 x18=0x000b8400
     1027277000	     51262	80002716	090d	c.addi	x18,3	 x18:0x000b8400 x18=0x000b8403
     1027337000	     51265	80002718	012da023	sw	x18,0(x27)	 x27:0x8ffffffc x18:0x000b8403 PA:0x8ffffffc store:0x000b8403 load:0xffffffff
     1027357000	     51266	8000271c	b8402973	csrrs	x18,mhpmcounter4h,x0	  x0:0x00000000 x18=0x00000000
     1027477000	     51272	80002720	012da023	sw	x18,0(x27)	 x27:0x8ffffffc x18:0x00000000 PA:0x8ffffffc store:0x00000000 load:0xffffffff
     1027517000	     51274	80002724	90000db7	lui	x27,0x90000	 x27=0x90000000
     1027537000	     51275	80002728	1df1	c.addi	x27,-4	 x27:0x90000000 x27=0x8ffffffc
     1027557000	     51276	8000272a	6905	c.lui	x18,0x1	 x18=0x00001000
     1027577000	     51277	8000272c	b0590913	addi	x18,x18,-1275	 x18:0x00001000 x18=0x00000b05
     1027597000	     51278	80002730	0922	c.slli	x18,0x8	 x18:0x00000b05 x18=0x000b0500
     1027617000	     51279	80002732	090d	c.addi	x18,3	 x18:0x000b0500 x18=0x000b0503
     1027677000	     51282	80002734	012da023	sw	x18,0(x27)	 x27:0x8ffffffc x18:0x000b0503 PA:0x8ffffffc store:0x000b0503 load:0xffffffff
     1028217000	     51309	80002738	b0502973	csrrs	x18,mhpmcounter5,x0	  x0:0x00000000 x18=0x00000000
     1028897000	     51343	8000273c	012da023	sw	x18,0(x27)	 x27:0x8ffffffc x18:0x00000000 PA:0x8ffffffc store:0x00000000 load:0xffffffff
     1028917000	     51344	80002740	90000db7	lui	x27,0x90000	 x27=0x90000000
     1028937000	     51345	80002744	1df1	c.addi	x27,-4	 x27:0x90000000 x27=0x8ffffffc
     1028957000	     51346	80002746	6905	c.lui	x18,0x1	 x18=0x00001000
     1028977000	     51347	80002748	b8590913	addi	x18,x18,-1147	 x18:0x00001000 x18=0x00000b85
     1028997000	     51348	8000274c	0922	c.slli	x18,0x8	 x18:0x00000b85 x18=0x000b8500
     1029017000	     51349	8000274e	090d	c.addi	x18,3	 x18:0x000b8500 x18=0x000b8503
     1029077000	     51352	80002750	012da023	sw	x18,0(x27)	 x27:0x8ffffffc x18:0x000b8503 PA:0x8ffffffc store:0x000b8503 load:0xffffffff
     1029297000	     51363	80002754	b8502973	csrrs	x18,mhpmcounter5h,x0	  x0:0x00000000 x18=0x00000000
     1029997000	     51398	80002758	012da023	sw	x18,0(x27)	 x27:0x8ffffffc x18:0x00000000 PA:0x8ffffffc store:0x00000000 load:0xffffffff
     1030017000	     51399	8000275c	90000db7	lui	x27,0x90000	 x27=0x90000000
     1030037000	     51400	80002760	1df1	c.addi	x27,-4	 x27:0x90000000 x27=0x8ffffffc
     1030057000	     51401	80002762	6905	c.lui	x18,0x1	 x18=0x00001000
     1030297000	     51413	80002764	b0690913	addi	x18,x18,-1274	 x18:0x00001000 x18=0x00000b06
     1030317000	     51414	80002768	0922	c.slli	x18,0x8	 x18:0x00000b06 x18=0x000b0600
     1030337000	     51415	8000276a	090d	c.addi	x18,3	 x18:0x000b0600 x18=0x000b0603
     1030697000	     51433	8000276c	012da023	sw	x18,0(x27)	 x27:0x8ffffffc x18:0x000b0603 PA:0x8ffffffc store:0x000b0603 load:0xffffffff
     1030717000	     51434	80002770	b0602973	csrrs	x18,mhpmcounter6,x0	  x0:0x00000000 x18=0x00000038
     1030777000	     51437	80002774	012da023	sw	x18,0(x27)	 x27:0x8ffffffc x18:0x00000038 PA:0x8ffffffc store:0x00000038 load:0xffffffff
     1030797000	     51438	80002778	90000db7	lui	x27,0x90000	 x27=0x90000000
     1030917000	     51444	8000277c	1df1	c.addi	x27,-4	 x27:0x90000000 x27=0x8ffffffc
     1030937000	     51445	8000277e	6905	c.lui	x18,0x1	 x18=0x00001000
     1031197000	     51458	80002780	b8690913	addi	x18,x18,-1146	 x18:0x00001000 x18=0x00000b86
     1031217000	     51459	80002784	0922	c.slli	x18,0x8	 x18:0x00000b86 x18=0x000b8600
     1031237000	     51460	80002786	090d	c.addi	x18,3	 x18:0x000b8600 x18=0x000b8603
     1031437000	     51470	80002788	012da023	sw	x18,0(x27)	 x27:0x8ffffffc x18:0x000b8603 PA:0x8ffffffc store:0x000b8603 load:0xffffffff
     1031457000	     51471	8000278c	b8602973	csrrs	x18,mhpmcounter6h,x0	  x0:0x00000000 x18=0x00000000
     1031717000	     51484	80002790	012da023	sw	x18,0(x27)	 x27:0x8ffffffc x18:0x00000000 PA:0x8ffffffc store:0x00000000 load:0xffffffff
     1032037000	     51500	80002794	90000db7	lui	x27,0x90000	 x27=0x90000000
     1032397000	     51518	80002798	1df1	c.addi	x27,-4	 x27:0x90000000 x27=0x8ffffffc
     1032417000	     51519	8000279a	6905	c.lui	x18,0x1	 x18=0x00001000
     1032437000	     51520	8000279c	b0790913	addi	x18,x18,-1273	 x18:0x00001000 x18=0x00000b07
     1032457000	     51521	800027a0	0922	c.slli	x18,0x8	 x18:0x00000b07 x18=0x000b0700
     1032477000	     51522	800027a2	090d	c.addi	x18,3	 x18:0x000b0700 x18=0x000b0703
     1032897000	     51543	800027a4	012da023	sw	x18,0(x27)	 x27:0x8ffffffc x18:0x000b0703 PA:0x8ffffffc store:0x000b0703 load:0xffffffff
     1033037000	     51550	800027a8	b0702973	csrrs	x18,mhpmcounter7,x0	  x0:0x00000000 x18=0x0000005a
     1033097000	     51553	800027ac	012da023	sw	x18,0(x27)	 x27:0x8ffffffc x18:0x0000005a PA:0x8ffffffc store:0x0000005a load:0xffffffff
     1033157000	     51556	800027b0	90000db7	lui	x27,0x90000	 x27=0x90000000
     1033297000	     51563	800027b4	1df1	c.addi	x27,-4	 x27:0x90000000 x27=0x8ffffffc
     1033317000	     51564	800027b6	6905	c.lui	x18,0x1	 x18=0x00001000
     1033437000	     51570	800027b8	b8790913	addi	x18,x18,-1145	 x18:0x00001000 x18=0x00000b87
     1033637000	     51580	800027bc	0922	c.slli	x18,0x8	 x18:0x00000b87 x18=0x000b8700
     1033657000	     51581	800027be	090d	c.addi	x18,3	 x18:0x000b8700 x18=0x000b8703
     1034337000	     51615	800027c0	012da023	sw	x18,0(x27)	 x27:0x8ffffffc x18:0x000b8703 PA:0x8ffffffc store:0x000b8703 load:0xffffffff
     1034357000	     51616	800027c4	b8702973	csrrs	x18,mhpmcounter7h,x0	  x0:0x00000000 x18=0x00000000
     1034497000	     51623	800027c8	012da023	sw	x18,0(x27)	 x27:0x8ffffffc x18:0x00000000 PA:0x8ffffffc store:0x00000000 load:0xffffffff
     1034517000	     51624	800027cc	90000db7	lui	x27,0x90000	 x27=0x90000000
     1034537000	     51625	800027d0	1df1	c.addi	x27,-4	 x27:0x90000000 x27=0x8ffffffc
     1034557000	     51626	800027d2	6905	c.lui	x18,0x1	 x18=0x00001000
     1034577000	     51627	800027d4	b0890913	addi	x18,x18,-1272	 x18:0x00001000 x18=0x00000b08
     1034597000	     51628	800027d8	0922	c.slli	x18,0x8	 x18:0x00000b08 x18=0x000b0800
     1034617000	     51629	800027da	090d	c.addi	x18,3	 x18:0x000b0800 x18=0x000b0803
     1034677000	     51632	800027dc	012da023	sw	x18,0(x27)	 x27:0x8ffffffc x18:0x000b0803 PA:0x8ffffffc store:0x000b0803 load:0xffffffff
     1034817000	     51639	800027e0	b0802973	csrrs	x18,mhpmcounter8,x0	  x0:0x00000000 x18=0x00000253
     1034997000	     51648	800027e4	012da023	sw	x18,0(x27)	 x27:0x8ffffffc x18:0x00000253 PA:0x8ffffffc store:0x00000253 load:0xffffffff
     1035017000	     51649	800027e8	90000db7	lui	x27,0x90000	 x27=0x90000000
     1035037000	     51650	800027ec	1df1	c.addi	x27,-4	 x27:0x90000000 x27=0x8ffffffc
     1035057000	     51651	800027ee	6905	c.lui	x18,0x1	 x18=0x00001000
     1035077000	     51652	800027f0	b8890913	addi	x18,x18,-1144	 x18:0x00001000 x18=0x00000b88
     1035097000	     51653	800027f4	0922	c.slli	x18,0x8	 x18:0x00000b88 x18=0x000b8800
     1035117000	     51654	800027f6	090d	c.addi	x18,3	 x18:0x000b8800 x18=0x000b8803
     1035837000	     51690	800027f8	012da023	sw	x18,0(x27)	 x27:0x8ffffffc x18:0x000b8803 PA:0x8ffffffc store:0x000b8803 load:0xffffffff
     1035857000	     51691	800027fc	b8802973	csrrs	x18,mhpmcounter8h,x0	  x0:0x00000000 x18=0x00000000
     1036097000	     51703	80002800	012da023	sw	x18,0(x27)	 x27:0x8ffffffc x18:0x00000000 PA:0x8ffffffc store:0x00000000 load:0xffffffff
     1036117000	     51704	80002804	90000db7	lui	x27,0x90000	 x27=0x90000000
     1036137000	     51705	80002808	1df1	c.addi	x27,-4	 x27:0x90000000 x27=0x8ffffffc
     1036157000	     51706	8000280a	6905	c.lui	x18,0x1	 x18=0x00001000
     1036177000	     51707	8000280c	b0990913	addi	x18,x18,-1271	 x18:0x00001000 x18=0x00000b09
     1036197000	     51708	80002810	0922	c.slli	x18,0x8	 x18:0x00000b09 x18=0x000b0900
     1036217000	     51709	80002812	090d	c.addi	x18,3	 x18:0x000b0900 x18=0x000b0903
     1036757000	     51736	80002814	012da023	sw	x18,0(x27)	 x27:0x8ffffffc x18:0x000b0903 PA:0x8ffffffc store:0x000b0903 load:0xffffffff
     1036777000	     51737	80002818	b0902973	csrrs	x18,mhpmcounter9,x0	  x0:0x00000000 x18=0x0000011c
     1036897000	     51743	8000281c	012da023	sw	x18,0(x27)	 x27:0x8ffffffc x18:0x0000011c PA:0x8ffffffc store:0x0000011c load:0xffffffff
     1037117000	     51754	80002820	90000db7	lui	x27,0x90000	 x27=0x90000000
     1037317000	     51764	80002824	1df1	c.addi	x27,-4	 x27:0x90000000 x27=0x8ffffffc
     1037337000	     51765	80002826	6905	c.lui	x18,0x1	 x18=0x00001000
     1037357000	     51766	80002828	b8990913	addi	x18,x18,-1143	 x18:0x00001000 x18=0x00000b89
     1037517000	     51774	8000282c	0922	c.slli	x18,0x8	 x18:0x00000b89 x18=0x000b8900
     1037537000	     51775	8000282e	090d	c.addi	x18,3	 x18:0x000b8900 x18=0x000b8903
     1037617000	     51779	80002830	012da023	sw	x18,0(x27)	 x27:0x8ffffffc x18:0x000b8903 PA:0x8ffffffc store:0x000b8903 load:0xffffffff
     1037637000	     51780	80002834	b8902973	csrrs	x18,mhpmcounter9h,x0	  x0:0x00000000 x18=0x00000000
     1037937000	     51795	80002838	012da023	sw	x18,0(x27)	 x27:0x8ffffffc x18:0x00000000 PA:0x8ffffffc store:0x00000000 load:0xffffffff
     1037957000	     51796	8000283c	90000db7	lui	x27,0x90000	 x27=0x90000000
     1037977000	     51797	80002840	1df1	c.addi	x27,-4	 x27:0x90000000 x27=0x8ffffffc
     1037997000	     51798	80002842	6905	c.lui	x18,0x1	 x18=0x00001000
     1038097000	     51803	80002844	b0a90913	addi	x18,x18,-1270	 x18:0x00001000 x18=0x00000b0a
     1038257000	     51811	80002848	0922	c.slli	x18,0x8	 x18:0x00000b0a x18=0x000b0a00
     1038277000	     51812	8000284a	090d	c.addi	x18,3	 x18:0x000b0a00 x18=0x000b0a03
     1038717000	     51834	8000284c	012da023	sw	x18,0(x27)	 x27:0x8ffffffc x18:0x000b0a03 PA:0x8ffffffc store:0x000b0a03 load:0xffffffff
     1038737000	     51835	80002850	b0a02973	csrrs	x18,mhpmcounter10,x0	  x0:0x00000000 x18=0x0000068e
     1039157000	     51856	80002854	012da023	sw	x18,0(x27)	 x27:0x8ffffffc x18:0x0000068e PA:0x8ffffffc store:0x0000068e load:0xffffffff
     1039177000	     51857	80002858	90000db7	lui	x27,0x90000	 x27=0x90000000
     1039197000	     51858	8000285c	1df1	c.addi	x27,-4	 x27:0x90000000 x27=0x8ffffffc
     1039217000	     51859	8000285e	6905	c.lui	x18,0x1	 x18=0x00001000
     1039237000	     51860	80002860	b8a90913	addi	x18,x18,-1142	 x18:0x00001000 x18=0x00000b8a
     1039257000	     51861	80002864	0922	c.slli	x18,0x8	 x18:0x00000b8a x18=0x000b8a00
     1039277000	     51862	80002866	090d	c.addi	x18,3	 x18:0x000b8a00 x18=0x000b8a03
     1039337000	     51865	80002868	012da023	sw	x18,0(x27)	 x27:0x8ffffffc x18:0x000b8a03 PA:0x8ffffffc store:0x000b8a03 load:0xffffffff
     1039357000	     51866	8000286c	b8a02973	csrrs	x18,mhpmcounter10h,x0	  x0:0x00000000 x18=0x00000000
     1039377000	     51867	80002870	012da023	sw	x18,0(x27)	 x27:0x8ffffffc x18:0x00000000 PA:0x8ffffffc store:0x00000000 load:0xffffffff
     1039397000	     51868	80002874	90000db7	lui	x27,0x90000	 x27=0x90000000
     1039757000	     51886	80002878	1df1	c.addi	x27,-4	 x27:0x90000000 x27=0x8ffffffc
     1039777000	     51887	8000287a	6905	c.lui	x18,0x1	 x18=0x00001000
     1040177000	     51907	8000287c	b0b90913	addi	x18,x18,-1269	 x18:0x00001000 x18=0x00000b0b
     1040197000	     51908	80002880	0922	c.slli	x18,0x8	 x18:0x00000b0b x18=0x000b0b00
     1040217000	     51909	80002882	090d	c.addi	x18,3	 x18:0x000b0b00 x18=0x000b0b03
     1040957000	     51946	80002884	012da023	sw	x18,0(x27)	 x27:0x8ffffffc x18:0x000b0b03 PA:0x8ffffffc store:0x000b0b03 load:0xffffffff
     1040977000	     51947	80002888	b0b02973	csrrs	x18,mhpmcounter11,x0	  x0:0x00000000 x18=0x000000ee
     1041237000	     51960	8000288c	012da023	sw	x18,0(x27)	 x27:0x8ffffffc x18:0x000000ee PA:0x8ffffffc store:0x000000ee load:0xffffffff
     1041257000	     51961	80002890	90000db7	lui	x27,0x90000	 x27=0x90000000
     1041277000	     51962	80002894	1df1	c.addi	x27,-4	 x27:0x90000000 x27=0x8ffffffc
     1041297000	     51963	80002896	6905	c.lui	x18,0x1	 x18=0x00001000
     1041317000	     51964	80002898	b8b90913	addi	x18,x18,-1141	 x18:0x00001000 x18=0x00000b8b
     1041337000	     51965	8000289c	0922	c.slli	x18,0x8	 x18:0x00000b8b x18=0x000b8b00
     1041357000	     51966	8000289e	090d	c.addi	x18,3	 x18:0x000b8b00 x18=0x000b8b03
     1041537000	     51975	800028a0	012da023	sw	x18,0(x27)	 x27:0x8ffffffc x18:0x000b8b03 PA:0x8ffffffc store:0x000b8b03 load:0xffffffff
     1041557000	     51976	800028a4	b8b02973	csrrs	x18,mhpmcounter11h,x0	  x0:0x00000000 x18=0x00000000
     1041757000	     51986	800028a8	012da023	sw	x18,0(x27)	 x27:0x8ffffffc x18:0x00000000 PA:0x8ffffffc store:0x00000000 load:0xffffffff
     1041777000	     51987	800028ac	90000db7	lui	x27,0x90000	 x27=0x90000000
     1041797000	     51988	800028b0	1df1	c.addi	x27,-4	 x27:0x90000000 x27=0x8ffffffc
     1041817000	     51989	800028b2	6905	c.lui	x18,0x1	 x18=0x00001000
     1041837000	     51990	800028b4	b0c90913	addi	x18,x18,-1268	 x18:0x00001000 x18=0x00000b0c
     1042097000	     52003	800028b8	0922	c.slli	x18,0x8	 x18:0x00000b0c x18=0x000b0c00
     1042117000	     52004	800028ba	090d	c.addi	x18,3	 x18:0x000b0c00 x18=0x000b0c03
     1042357000	     52016	800028bc	012da023	sw	x18,0(x27)	 x27:0x8ffffffc x18:0x000b0c03 PA:0x8ffffffc store:0x000b0c03 load:0xffffffff
     1042377000	     52017	800028c0	b0c02973	csrrs	x18,mhpmcounter12,x0	  x0:0x00000000 x18=0x00001f06
     1042397000	     52018	800028c4	012da023	sw	x18,0(x27)	 x27:0x8ffffffc x18:0x00001f06 PA:0x8ffffffc store:0x00001f06 load:0xffffffff
     1042417000	     52019	800028c8	90000db7	lui	x27,0x90000	 x27=0x90000000
     1042437000	     52020	800028cc	1df1	c.addi	x27,-4	 x27:0x90000000 x27=0x8ffffffc
     1042457000	     52021	800028ce	6905	c.lui	x18,0x1	 x18=0x00001000
     1042777000	     52037	800028d0	b8c90913	addi	x18,x18,-1140	 x18:0x00001000 x18=0x00000b8c
     1042977000	     52047	800028d4	0922	c.slli	x18,0x8	 x18:0x00000b8c x18=0x000b8c00
     1042997000	     52048	800028d6	090d	c.addi	x18,3	 x18:0x000b8c00 x18=0x000b8c03
     1043557000	     52076	800028d8	012da023	sw	x18,0(x27)	 x27:0x8ffffffc x18:0x000b8c03 PA:0x8ffffffc store:0x000b8c03 load:0xffffffff
     1043577000	     52077	800028dc	b8c02973	csrrs	x18,mhpmcounter12h,x0	  x0:0x00000000 x18=0x00000000
     1043677000	     52082	800028e0	012da023	sw	x18,0(x27)	 x27:0x8ffffffc x18:0x00000000 PA:0x8ffffffc store:0x00000000 load:0xffffffff
     1043697000	     52083	800028e4	ffffd917	auipc	x18,0xffffd	 x18=0x7ffff8e4
     1043877000	     52092	800028e8	79c90913	addi	x18,x18,1948	 x18:0x7ffff8e4 x18=0x80000080
     1044317000	     52114	800028ec	00092023	sw	x0,0(x18)	 x18:0x80000080  x0:0x00000000 PA:0x80000080 store:0x00000000 load:0xffffffff
     1044417000	     52119	800028f0	00192223	sw	x1,4(x18)	 x18:0x80000080  x1:0x00000000 PA:0x80000084 store:0x00000000 load:0xffffffff
     1044557000	     52126	800028f4	00292423	sw	x2,8(x18)	 x18:0x80000080  x2:0x28b6d000 PA:0x80000088 store:0x28b6d000 load:0xffffffff
     1044657000	     52131	800028f8	00392623	sw	x3,12(x18)	 x18:0x80000080  x3:0x80025ce4 PA:0x8000008c store:0x80025ce4 load:0xffffffff
     1044757000	     52136	800028fc	00492823	sw	x4,16(x18)	 x18:0x80000080  x4:0x85d93000 PA:0x80000090 store:0x85d93000 load:0xffffffff
     1045017000	     52149	80002900	00592a23	sw	x5,20(x18)	 x18:0x80000080  x5:0x1005c000 PA:0x80000094 store:0x1005c000 load:0xffffffff
     1045477000	     52172	80002904	00692c23	sw	x6,24(x18)	 x18:0x80000080  x6:0x00000000 PA:0x80000098 store:0x00000000 load:0xffffffff
     1045697000	     52183	80002908	00792e23	sw	x7,28(x18)	 x18:0x80000080  x7:0x8000036a PA:0x8000009c store:0x8000036a load:0xffffffff
     1045957000	     52196	8000290c	02892023	sw	x8,32(x18)	 x18:0x80000080  x8:0x00000000 PA:0x800000a0 store:0x00000000 load:0xffffffff
     1046137000	     52205	80002910	02992223	sw	x9,36(x18)	 x18:0x80000080  x9:0x00000000 PA:0x800000a4 store:0x00000000 load:0xffffffff
     1046177000	     52207	80002914	02a92423	sw	x10,40(x18)	 x18:0x80000080 x10:0x00000000 PA:0x800000a8 store:0x00000000 load:0xffffffff
     1046197000	     52208	80002918	02b92623	sw	x11,44(x18)	 x18:0x80000080 x11:0x80025c60 PA:0x800000ac store:0x80025c60 load:0xffffffff
     1046237000	     52210	8000291c	02c92823	sw	x12,48(x18)	 x18:0x80000080 x12:0x28b6d2d0 PA:0x800000b0 store:0x28b6d2d0 load:0xffffffff
     1046617000	     52229	80002920	02d92a23	sw	x13,52(x18)	 x18:0x80000080 x13:0x80025c60 PA:0x800000b4 store:0x80025c60 load:0xffffffff
     1046677000	     52232	80002924	02e92c23	sw	x14,56(x18)	 x18:0x80000080 x14:0x00000000 PA:0x800000b8 store:0x00000000 load:0xffffffff
