Time	Cycle	PC	Insn	Decoded instruction	Register and memory contents
        8582000	       327	80000080	40001db7	lui	x27,0x40001	 x27=0x40001000
        8602000	       328	80000084	106d8d93	addi	x27,x27,262	 x27:0x40001000 x27=0x40001106
        8742000	       335	80000088	301d9073	csrrw	x0,misa,x27	 x27:0x40001106  x0=0x00000000
        9162000	       356	8000008c	0004d697	auipc	x13,0x4d	 x13=0x8004d08c
        9182000	       357	80000090	c5868693	addi	x13,x13,-936	 x13:0x8004d08c x13=0x8004cce4
        9382000	       367	80000094	00002d97	auipc	x27,0x2	 x27=0x80002094
        9402000	       368	80000098	66cd8d93	addi	x27,x27,1644	 x27:0x80002094 x27=0x80002700
        9422000	       369	8000009c	001ded93	ori	x27,x27,1	 x27:0x80002700 x27=0x80002701
        9842000	       390	800000a0	305d9073	csrrw	x0,mtvec,x27	 x27:0x80002701  x0=0x00000000
        9902000	       393	800000a4	74725073	csrrwi	x0,0x747,4	  x0=0x00000000
        9962000	       396	800000a8	00003597	auipc	x11,0x3	 x11=0x800030a8
       10002000	       398	800000ac	41458593	addi	x11,x11,1044	 x11:0x800030a8 x11=0x800034bc
       10422000	       419	800000b0	4d81	c.li	x27,0	 x27=0x00000000
       10442000	       420	800000b2	95ee	c.add	x11,x27	 x11:0x800034bc x27:0x00000000 x11=0x800034bc
       10462000	       421	800000b4	8189	c.srli	x11,0x2	 x11:0x800034bc x11=0x20000d2f
       10522000	       424	800000b6	3b059073	csrrw	x0,pmpaddr0,x11	 x11:0x20000d2f  x0=0x00000000
       10702000	       433	800000ba	00003597	auipc	x11,0x3	 x11=0x800030ba
       10722000	       434	800000be	40258593	addi	x11,x11,1026	 x11:0x800030ba x11=0x800034bc
       10822000	       439	800000c2	11111db7	lui	x27,0x11111	 x27=0x11111000
       10862000	       441	800000c6	111d8d93	addi	x27,x27,273	 x27:0x11111000 x27=0x11111111
       10882000	       442	800000ca	95ee	c.add	x11,x27	 x11:0x800034bc x27:0x11111111 x11=0x911145cd
       10902000	       443	800000cc	8189	c.srli	x11,0x2	 x11:0x911145cd x11=0x24445173
       11242000	       460	800000ce	3b159073	csrrw	x0,pmpaddr1,x11	 x11:0x24445173  x0=0x00000000
       11322000	       464	800000d2	00003597	auipc	x11,0x3	 x11=0x800030d2
       11342000	       465	800000d6	3ea58593	addi	x11,x11,1002	 x11:0x800030d2 x11=0x800034bc
       11762000	       486	800000da	22222db7	lui	x27,0x22222	 x27=0x22222000
       11782000	       487	800000de	222d8d93	addi	x27,x27,546	 x27:0x22222000 x27=0x22222222
       11802000	       488	800000e2	95ee	c.add	x11,x27	 x11:0x800034bc x27:0x22222222 x11=0xa22256de
       11822000	       489	800000e4	8189	c.srli	x11,0x2	 x11:0xa22256de x11=0x288895b7
       11842000	       490	800000e6	3b259073	csrrw	x0,pmpaddr2,x11	 x11:0x288895b7  x0=0x00000000
       11902000	       493	800000ea	00003597	auipc	x11,0x3	 x11=0x800030ea
       12142000	       505	800000ee	3d258593	addi	x11,x11,978	 x11:0x800030ea x11=0x800034bc
       12182000	       507	800000f2	33333db7	lui	x27,0x33333	 x27=0x33333000
       12202000	       508	800000f6	333d8d93	addi	x27,x27,819	 x27:0x33333000 x27=0x33333333
       12222000	       509	800000fa	95ee	c.add	x11,x27	 x11:0x800034bc x27:0x33333333 x11=0xb33367ef
       12242000	       510	800000fc	8189	c.srli	x11,0x2	 x11:0xb33367ef x11=0x2cccd9fb
       12422000	       519	800000fe	3b359073	csrrw	x0,pmpaddr3,x11	 x11:0x2cccd9fb  x0=0x00000000
       12482000	       522	80000102	0f0f15b7	lui	x11,0xf0f1	 x11=0x0f0f1000
       12502000	       523	80000106	f0f58593	addi	x11,x11,-241	 x11:0x0f0f1000 x11=0x0f0f0f0f
       12542000	       525	8000010a	3a059073	csrrw	x0,pmpcfg0,x11	 x11:0x0f0f0f0f  x0=0x00000000
       12622000	       529	8000010e	00003597	auipc	x11,0x3	 x11=0x8000310e
       12642000	       530	80000112	3ae58593	addi	x11,x11,942	 x11:0x8000310e x11=0x800034bc
       13062000	       551	80000116	44444db7	lui	x27,0x44444	 x27=0x44444000
       13222000	       559	8000011a	444d8d93	addi	x27,x27,1092	 x27:0x44444000 x27=0x44444444
       13242000	       560	8000011e	95ee	c.add	x11,x27	 x11:0x800034bc x27:0x44444444 x11=0xc4447900
       13322000	       564	80000120	8189	c.srli	x11,0x2	 x11:0xc4447900 x11=0x31111e40
       13342000	       565	80000122	3b459073	csrrw	x0,pmpaddr4,x11	 x11:0x31111e40  x0=0x00000000
       13762000	       586	80000126	00003597	auipc	x11,0x3	 x11=0x80003126
       13782000	       587	8000012a	39658593	addi	x11,x11,918	 x11:0x80003126 x11=0x800034bc
       14202000	       608	8000012e	55555db7	lui	x27,0x55555	 x27=0x55555000
       14502000	       623	80000132	555d8d93	addi	x27,x27,1365	 x27:0x55555000 x27=0x55555555
       14522000	       624	80000136	95ee	c.add	x11,x27	 x11:0x800034bc x27:0x55555555 x11=0xd5558a11
       14542000	       625	80000138	8189	c.srli	x11,0x2	 x11:0xd5558a11 x11=0x35556284
       14942000	       645	8000013a	3b559073	csrrw	x0,pmpaddr5,x11	 x11:0x35556284  x0=0x00000000
       15002000	       648	8000013e	00003597	auipc	x11,0x3	 x11=0x8000313e
       15022000	       649	80000142	37e58593	addi	x11,x11,894	 x11:0x8000313e x11=0x800034bc
       15142000	       655	80000146	66666db7	lui	x27,0x66666	 x27=0x66666000
       15242000	       660	8000014a	666d8d93	addi	x27,x27,1638	 x27:0x66666000 x27=0x66666666
       15262000	       661	8000014e	95ee	c.add	x11,x27	 x11:0x800034bc x27:0x66666666 x11=0xe6669b22
       15402000	       668	80000150	8189	c.srli	x11,0x2	 x11:0xe6669b22 x11=0x3999a6c8
       15422000	       669	80000152	3b659073	csrrw	x0,pmpaddr6,x11	 x11:0x3999a6c8  x0=0x00000000
       15482000	       672	80000156	00003597	auipc	x11,0x3	 x11=0x80003156
       15862000	       691	8000015a	36658593	addi	x11,x11,870	 x11:0x80003156 x11=0x800034bc
       15882000	       692	8000015e	77777db7	lui	x27,0x77777	 x27=0x77777000
       16302000	       713	80000162	777d8d93	addi	x27,x27,1911	 x27:0x77777000 x27=0x77777777
       16322000	       714	80000166	95ee	c.add	x11,x27	 x11:0x800034bc x27:0x77777777 x11=0xf777ac33
       16342000	       715	80000168	8189	c.srli	x11,0x2	 x11:0xf777ac33 x11=0x3dddeb0c
       16502000	       723	8000016a	3b759073	csrrw	x0,pmpaddr7,x11	 x11:0x3dddeb0c  x0=0x00000000
       16622000	       729	8000016e	0f0f15b7	lui	x11,0xf0f1	 x11=0x0f0f1000
       16982000	       747	80000172	f0f58593	addi	x11,x11,-241	 x11:0x0f0f1000 x11=0x0f0f0f0f
       17022000	       749	80000176	3a159073	csrrw	x0,pmpcfg1,x11	 x11:0x0f0f0f0f  x0=0x00000000
       17442000	       770	8000017a	00003597	auipc	x11,0x3	 x11=0x8000317a
       17742000	       785	8000017e	34258593	addi	x11,x11,834	 x11:0x8000317a x11=0x800034bc
       17762000	       786	80000182	88889db7	lui	x27,0x88889	 x27=0x88889000
       17782000	       787	80000186	888d8d93	addi	x27,x27,-1912	 x27:0x88889000 x27=0x88888888
       17802000	       788	8000018a	95ee	c.add	x11,x27	 x11:0x800034bc x27:0x88888888 x11=0x0888bd44
       17822000	       789	8000018c	8189	c.srli	x11,0x2	 x11:0x0888bd44 x11=0x02222f51
       17842000	       790	8000018e	3b859073	csrrw	x0,pmpaddr8,x11	 x11:0x02222f51  x0=0x00000000
       17922000	       794	80000192	00003597	auipc	x11,0x3	 x11=0x80003192
       18382000	       817	80000196	32a58593	addi	x11,x11,810	 x11:0x80003192 x11=0x800034bc
       18402000	       818	8000019a	9999adb7	lui	x27,0x9999a	 x27=0x9999a000
       18582000	       827	8000019e	999d8d93	addi	x27,x27,-1639	 x27:0x9999a000 x27=0x99999999
       18602000	       828	800001a2	95ee	c.add	x11,x27	 x11:0x800034bc x27:0x99999999 x11=0x1999ce55
       18982000	       847	800001a4	8189	c.srli	x11,0x2	 x11:0x1999ce55 x11=0x06667395
       19002000	       848	800001a6	3b959073	csrrw	x0,pmpaddr9,x11	 x11:0x06667395  x0=0x00000000
       19082000	       852	800001aa	00003597	auipc	x11,0x3	 x11=0x800031aa
       19322000	       864	800001ae	31258593	addi	x11,x11,786	 x11:0x800031aa x11=0x800034bc
       19462000	       871	800001b2	aaaabdb7	lui	x27,0xaaaab	 x27=0xaaaab000
       19482000	       872	800001b6	aaad8d93	addi	x27,x27,-1366	 x27:0xaaaab000 x27=0xaaaaaaaa
       19502000	       873	800001ba	95ee	c.add	x11,x27	 x11:0x800034bc x27:0xaaaaaaaa x11=0x2aaadf66
       19542000	       875	800001bc	8189	c.srli	x11,0x2	 x11:0x2aaadf66 x11=0x0aaab7d9
       19562000	       876	800001be	3ba59073	csrrw	x0,pmpaddr10,x11	 x11:0x0aaab7d9  x0=0x00000000
       19742000	       885	800001c2	00003597	auipc	x11,0x3	 x11=0x800031c2
       20162000	       906	800001c6	2fa58593	addi	x11,x11,762	 x11:0x800031c2 x11=0x800034bc
       20182000	       907	800001ca	bbbbcdb7	lui	x27,0xbbbbc	 x27=0xbbbbc000
       20202000	       908	800001ce	bbbd8d93	addi	x27,x27,-1093	 x27:0xbbbbc000 x27=0xbbbbbbbb
       20222000	       909	800001d2	95ee	c.add	x11,x27	 x11:0x800034bc x27:0xbbbbbbbb x11=0x3bbbf077
       20282000	       912	800001d4	8189	c.srli	x11,0x2	 x11:0x3bbbf077 x11=0x0eeefc1d
       20302000	       913	800001d6	3bb59073	csrrw	x0,pmpaddr11,x11	 x11:0x0eeefc1d  x0=0x00000000
       20382000	       917	800001da	0f0f15b7	lui	x11,0xf0f1	 x11=0x0f0f1000
       20402000	       918	800001de	f0f58593	addi	x11,x11,-241	 x11:0x0f0f1000 x11=0x0f0f0f0f
       20422000	       919	800001e2	3a259073	csrrw	x0,pmpcfg2,x11	 x11:0x0f0f0f0f  x0=0x00000000
       20482000	       922	800001e6	00003597	auipc	x11,0x3	 x11=0x800031e6
       20502000	       923	800001ea	2d658593	addi	x11,x11,726	 x11:0x800031e6 x11=0x800034bc
       20642000	       930	800001ee	ccccddb7	lui	x27,0xccccd	 x27=0xccccd000
       20802000	       938	800001f2	cccd8d93	addi	x27,x27,-820	 x27:0xccccd000 x27=0xcccccccc
       20822000	       939	800001f6	95ee	c.add	x11,x27	 x11:0x800034bc x27:0xcccccccc x11=0x4ccd0188
       20842000	       940	800001f8	8189	c.srli	x11,0x2	 x11:0x4ccd0188 x11=0x13334062
       20862000	       941	800001fa	3bc59073	csrrw	x0,pmpaddr12,x11	 x11:0x13334062  x0=0x00000000
       20922000	       944	800001fe	00003597	auipc	x11,0x3	 x11=0x800031fe
       20982000	       947	80000202	2be58593	addi	x11,x11,702	 x11:0x800031fe x11=0x800034bc
       21062000	       951	80000206	ddddedb7	lui	x27,0xdddde	 x27=0xdddde000
       21382000	       967	8000020a	dddd8d93	addi	x27,x27,-547	 x27:0xdddde000 x27=0xdddddddd
       21402000	       968	8000020e	95ee	c.add	x11,x27	 x11:0x800034bc x27:0xdddddddd x11=0x5dde1299
       21422000	       969	80000210	8189	c.srli	x11,0x2	 x11:0x5dde1299 x11=0x177784a6
       21742000	       985	80000212	3bd59073	csrrw	x0,pmpaddr13,x11	 x11:0x177784a6  x0=0x00000000
       21962000	       996	80000216	00003597	auipc	x11,0x3	 x11=0x80003216
       21982000	       997	8000021a	2a658593	addi	x11,x11,678	 x11:0x80003216 x11=0x800034bc
       22402000	      1018	8000021e	eeeefdb7	lui	x27,0xeeeef	 x27=0xeeeef000
       22462000	      1021	80000222	eeed8d93	addi	x27,x27,-274	 x27:0xeeeef000 x27=0xeeeeeeee
       22482000	      1022	80000226	95ee	c.add	x11,x27	 x11:0x800034bc x27:0xeeeeeeee x11=0x6eef23aa
       22542000	      1025	80000228	8189	c.srli	x11,0x2	 x11:0x6eef23aa x11=0x1bbbc8ea
       22622000	      1029	8000022a	3be59073	csrrw	x0,pmpaddr14,x11	 x11:0x1bbbc8ea  x0=0x00000000
       22682000	      1032	8000022e	00003597	auipc	x11,0x3	 x11=0x8000322e
       22842000	      1040	80000232	28e58593	addi	x11,x11,654	 x11:0x8000322e x11=0x800034bc
       22922000	      1044	80000236	fff00d93	addi	x27,x0,-1	  x0:0x00000000 x27=0xffffffff
       22942000	      1045	8000023a	95ee	c.add	x11,x27	 x11:0x800034bc x27:0xffffffff x11=0x800034bb
       23342000	      1065	8000023c	8189	c.srli	x11,0x2	 x11:0x800034bb x11=0x20000d2e
       23362000	      1066	8000023e	3bf59073	csrrw	x0,pmpaddr15,x11	 x11:0x20000d2e  x0=0x00000000
       23422000	      1069	80000242	0f0f15b7	lui	x11,0xf0f1	 x11=0x0f0f1000
       23562000	      1076	80000246	f0f58593	addi	x11,x11,-241	 x11:0x0f0f1000 x11=0x0f0f0f0f
       23582000	      1077	8000024a	3a359073	csrrw	x0,pmpcfg3,x11	 x11:0x0f0f0f0f  x0=0x00000000
       23982000	      1097	8000024e	00000d97	auipc	x27,0x0	 x27=0x8000024e
       24002000	      1098	80000252	060d8d93	addi	x27,x27,96	 x27:0x8000024e x27=0x800002ae
       24022000	      1099	80000256	341d9073	csrrw	x0,mepc,x27	 x27:0x800002ae  x0=0x00000000
       24442000	      1120	8000025a	7c00d073	csrrwi	x0,0x7c0,1	  x0=0x00000000
       24502000	      1123	8000025e	4d81	c.li	x27,0	 x27=0x00000000
       24522000	      1124	80000260	300d9073	csrrw	x0,mstatus,x27	 x27:0x00000000  x0=0x00000000
       24882000	      1142	80000264	4d81	c.li	x27,0	 x27=0x00000000
       24902000	      1143	80000266	304d9073	csrrw	x0,mie,x27	 x27:0x00000000  x0=0x00000000
       24962000	      1146	8000026a	90000d37	lui	x26,0x90000	 x26=0x90000000
       24982000	      1147	8000026e	1d71	c.addi	x26,-4	 x26:0x90000000 x26=0x8ffffffc
       25022000	      1149	80000270	90000d37	lui	x26,0x90000	 x26=0x90000000
       25402000	      1168	80000274	1d71	c.addi	x26,-4	 x26:0x90000000 x26=0x8ffffffc
       25422000	      1169	80000276	90000d37	lui	x26,0x90000	 x26=0x90000000
       25442000	      1170	8000027a	1d71	c.addi	x26,-4	 x26:0x90000000 x26=0x8ffffffc
       25462000	      1171	8000027c	30000d93	addi	x27,x0,768	  x0:0x00000000 x27=0x00000300
       25482000	      1172	80000280	0da2	c.slli	x27,0x8	 x27:0x00000300 x27=0x00030000
       25502000	      1173	80000282	0d8d	c.addi	x27,3	 x27:0x00030000 x27=0x00030003
       25962000	      1196	80000284	01bd2023	sw	x27,0(x26)	 x26:0x8ffffffc x27:0x00030003 PA:0x8ffffffc store:0x00030003 load:0xffffffff
       25982000	      1197	80000288	30002df3	csrrs	x27,mstatus,x0	  x0:0x00000000 x27=0x00000000
       26442000	      1220	8000028c	01bd2023	sw	x27,0(x26)	 x26:0x8ffffffc x27:0x00000000 PA:0x8ffffffc store:0x00000000 load:0xffffffff
       26462000	      1221	80000290	90000d37	lui	x26,0x90000	 x26=0x90000000
       26482000	      1222	80000294	1d71	c.addi	x26,-4	 x26:0x90000000 x26=0x8ffffffc
       26502000	      1223	80000296	30400d93	addi	x27,x0,772	  x0:0x00000000 x27=0x00000304
       26522000	      1224	8000029a	0da2	c.slli	x27,0x8	 x27:0x00000304 x27=0x00030400
       26542000	      1225	8000029c	0d8d	c.addi	x27,3	 x27:0x00030400 x27=0x00030403
       26602000	      1228	8000029e	01bd2023	sw	x27,0(x26)	 x26:0x8ffffffc x27:0x00030403 PA:0x8ffffffc store:0x00030403 load:0xffffffff
       26622000	      1229	800002a2	30402df3	csrrs	x27,mie,x0	  x0:0x00000000 x27=0x00000000
       26842000	      1240	800002a6	01bd2023	sw	x27,0(x26)	 x26:0x8ffffffc x27:0x00000000 PA:0x8ffffffc store:0x00000000 load:0xffffffff
       26862000	      1241	800002aa	30200073	mret	
       27382000	      1267	800002ae	00100013	addi	x0,x0,1	  x0:0x00000000  x0=0x00000000
       27402000	      1268	800002b2	49ecc0b7	lui	x1,0x49ecc	  x1=0x49ecc000
       27422000	      1269	800002b6	08708093	addi	x1,x1,135	  x1:0x49ecc000  x1=0x49ecc087
       27442000	      1270	800002ba	4101	c.li	x2,0	  x2=0x00000000
       27462000	      1271	800002bc	800001b7	lui	x3,0x80000	  x3=0x80000000
       27482000	      1272	800002c0	80000237	lui	x4,0x80000	  x4=0x80000000
       27582000	      1277	800002c4	4281	c.li	x5,0	  x5=0x00000000
       27602000	      1278	800002c6	80000337	lui	x6,0x80000	  x6=0x80000000
       27622000	      1279	800002ca	800003b7	lui	x7,0x80000	  x7=0x80000000
       27642000	      1280	800002ce	4435	c.li	x8,13	  x8=0x0000000d
       27822000	      1289	800002d0	f3c464b7	lui	x9,0xf3c46	  x9=0xf3c46000
       27842000	      1290	800002d4	49248493	addi	x9,x9,1170	  x9:0xf3c46000  x9=0xf3c46492
       28242000	      1310	800002d8	7db24537	lui	x10,0x7db24	 x10=0x7db24000
       28262000	      1311	800002dc	02d50513	addi	x10,x10,45	 x10:0x7db24000 x10=0x7db2402d
       28282000	      1312	800002e0	f1e8b5b7	lui	x11,0xf1e8b	 x11=0xf1e8b000
       28382000	      1317	800002e4	1fd58593	addi	x11,x11,509	 x11:0xf1e8b000 x11=0xf1e8b1fd
       28422000	      1319	800002e8	ea41f637	lui	x12,0xea41f	 x12=0xea41f000
       28782000	      1337	800002ec	80f60613	addi	x12,x12,-2033	 x12:0xea41f000 x12=0xea41e80f
       28802000	      1338	800002f0	4715	c.li	x14,5	 x14=0x00000005
       28822000	      1339	800002f2	4781	c.li	x15,0	 x15=0x00000000
       29122000	      1354	800002f4	80000837	lui	x16,0x80000	 x16=0x80000000
       29502000	      1373	800002f8	800008b7	lui	x17,0x80000	 x17=0x80000000
       29522000	      1374	800002fc	80000937	lui	x18,0x80000	 x18=0x80000000
       29562000	      1376	80000300	247fa9b7	lui	x19,0x247fa	 x19=0x247fa000
       29922000	      1394	80000304	13498993	addi	x19,x19,308	 x19:0x247fa000 x19=0x247fa134
       30022000	      1399	80000308	80000a37	lui	x20,0x80000	 x20=0x80000000
       30042000	      1400	8000030c	3377aab7	lui	x21,0x3377a	 x21=0x3377a000
       30062000	      1401	80000310	6b3a8a93	addi	x21,x21,1715	 x21:0x3377a000 x21=0x3377a6b3
       30122000	      1404	80000314	4b39	c.li	x22,14	 x22=0x0000000e
       30142000	      1405	80000316	80000c37	lui	x24,0x80000	 x24=0x80000000
       30162000	      1406	8000031a	e4118cb7	lui	x25,0xe4118	 x25=0xe4118000
       30362000	      1416	8000031e	4b0c8c93	addi	x25,x25,1200	 x25:0xe4118000 x25=0xe41184b0
       30682000	      1432	80000322	ff8e3d37	lui	x26,0xff8e3	 x26=0xff8e3000
       30742000	      1435	80000326	42dd0d13	addi	x26,x26,1069	 x26:0xff8e3000 x26=0xff8e342d
       30762000	      1436	8000032a	4d81	c.li	x27,0	 x27=0x00000000
       30782000	      1437	8000032c	f756ee37	lui	x28,0xf756e	 x28=0xf756e000
       30942000	      1445	80000330	58be0e13	addi	x28,x28,1419	 x28:0xf756e000 x28=0xf756e58b
       31082000	      1452	80000334	b0c56eb7	lui	x29,0xb0c56	 x29=0xb0c56000
       31102000	      1453	80000338	673e8e93	addi	x29,x29,1651	 x29:0xb0c56000 x29=0xb0c56673
       31122000	      1454	8000033c	f208df37	lui	x30,0xf208d	 x30=0xf208d000
       31162000	      1456	80000340	d6cf0f13	addi	x30,x30,-660	 x30:0xf208d000 x30=0xf208cd6c
       31562000	      1476	80000344	09249fb7	lui	x31,0x9249	 x31=0x09249000
       31802000	      1488	80000348	2b6f8f93	addi	x31,x31,694	 x31:0x09249000 x31=0x092492b6
       31822000	      1489	8000034c	00049b97	auipc	x23,0x49	 x23=0x8004934c
       32242000	      1510	80000350	b18b8b93	addi	x23,x23,-1256	 x23:0x8004934c x23=0x80048e64
       32262000	      1511	80000354	90000d37	lui	x26,0x90000	 x26=0x90000000
       32282000	      1512	80000358	1d71	c.addi	x26,-4	 x26:0x90000000 x26=0x8ffffffc
       32302000	      1513	8000035a	4d81	c.li	x27,0	 x27=0x00000000
       32702000	      1533	8000035c	0da2	c.slli	x27,0x8	 x27:0x00000000 x27=0x00000000
       32722000	      1534	8000035e	000d8d93	addi	x27,x27,0	 x27:0x00000000 x27=0x00000000
       33182000	      1557	80000362	01bd2023	sw	x27,0(x26)	 x26:0x8ffffffc x27:0x00000000 PA:0x8ffffffc store:0x00000000 load:0xffffffff
       33202000	      1558	80000366	1560306f	jal	x0,800034bc	  x0=0x00000000
       44962000	      2146	800034bc	016d9033	sll	x0,x27,x22	 x27:0x00000000 x22:0x0000000e  x0=0x00000000
       44982000	      2147	800034c0	00001497	auipc	x9,0x1	  x9=0x800044c0
       45002000	      2148	800034c4	86848493	addi	x9,x9,-1944	  x9:0x800044c0  x9=0x80003d28
       46042000	      2200	800034c8	030af033	remu	x0,x21,x16	 x21:0x3377a6b3 x16:0x80000000  x0=0x00000000
       46062000	      2201	800034cc	f7acbe13	sltiu	x28,x25,-134	 x25:0xe41184b0 x28=0x00000001
       46082000	      2202	800034d0	f3248493	addi	x9,x9,-206	  x9:0x80003d28  x9=0x80003c5a
       46102000	      2203	800034d4	010a9563	bne	x21,x16,800034de	 x21:0x3377a6b3 x16:0x80000000
       46622000	      2229	800034de	0ce480e7	jalr	x1,206(x9)	  x9:0x80003c5a  x1=0x800034e2
       47022000	      2249	80003d28	00648463	beq	x9,x6,80003d30	  x9:0x80003c5a  x6:0x80000000
       47082000	      2252	80003d2c	0000100f	fence.i	
       47222000	      2259	80003d30	1ba1	c.addi	x23,-24	 x23:0x80048e64 x23=0x80048e4c
       47242000	      2260	80003d32	80f1	c.srli	x9,0x1c	  x9:0x80003c5a  x9=0x00000008
       47302000	      2263	80003d34	001ba223	sw	x1,4(x23)	 x23:0x80048e4c  x1:0x800034e2 PA:0x80048e50 store:0x800034e2 load:0xffffffff
       47342000	      2265	80003d38	0282ad33	mulhsu	x26,x5,x8	  x5:0x00000000  x8:0x0000000d x26=0x00000000
       47462000	      2271	80003d3c	00030c97	auipc	x25,0x30	 x25=0x80033d3c
       47582000	      2277	80003d40	30cc8c93	addi	x25,x25,780	 x25:0x80033d3c x25=0x80034048
       47602000	      2278	80003d44	18213d37	lui	x26,0x18213	 x26=0x18213000
       47622000	      2279	80003d48	9cea	c.add	x25,x26	 x25:0x80034048 x26:0x18213000 x25=0x98247048
       47682000	      2282	80003d4a	c41c9123	sh	x1,-958(x25)	 x25:0x98247048  x1:0x800034e2 PA:0x98246c8a store:0x800034e2 load:0x0000ffff
       48062000	      2301	80003d4e	b83c80a3	sb	x3,-1151(x25)	 x25:0x98247048  x3:0x80000000 PA:0x98246bc9 store:0x80000000 load:0x000000ff
       48342000	      2315	80003d52	7c5c82a3	sb	x5,1989(x25)	 x25:0x98247048  x5:0x00000000 PA:0x9824780d store:0x00000000 load:0x000000ff
       48402000	      2318	80003d56	f06c9623	sh	x6,-244(x25)	 x25:0x98247048  x6:0x80000000 PA:0x98246f54 store:0x80000000 load:0x0000ffff
       48422000	      2319	80003d5a	40b45f13	srai	x30,x8,0xb	  x8:0x0000000d x30=0x00000000
       48882000	      2342	80003d5e	854c8e23	sb	x20,-1956(x25)	 x25:0x98247048 x20:0x80000000 PA:0x982468a4 store:0x80000000 load:0x000000ff
       48902000	      2343	80003d62	987d	c.andi	x8,-1	  x8:0x0000000d  x8=0x0000000d
       48922000	      2344	80003d64	0f90	c.addi4spn	x12,x2,976	 x12=0x000003d0
       48982000	      2347	80003d66	c42c9403	lh	x8,-958(x25)	 x25:0x98247048  x8=0x000034e2 PA:0x98246c8a load:0x000034e2
       49002000	      2348	80003d6a	00c17533	and	x10,x2,x12	  x2:0x00000000 x12:0x000003d0 x10=0x00000000
       49422000	      2369	80003d6e	d86c85a3	sb	x6,-629(x25)	 x25:0x98247048  x6:0x80000000 PA:0x98246dd3 store:0x80000000 load:0x000000ff
       49602000	      2378	80003d72	b81c8103	lb	x2,-1151(x25)	 x25:0x98247048  x2=0x00000000 PA:0x98246bc9 load:0x00000000
       49622000	      2379	80003d76	a8a70793	addi	x15,x14,-1398	 x14:0x00000005 x15=0xfffffa8f
       49642000	      2380	80003d7a	41090133	sub	x2,x18,x16	 x18:0x80000000 x16:0x80000000  x2=0x00000000
       49902000	      2393	80003d7e	8d3c8123	sb	x19,-1854(x25)	 x25:0x98247048 x19:0x247fa134 PA:0x9824690a store:0x247fa134 load:0x000000ff
       50222000	      2409	80003d82	7c5c8703	lb	x14,1989(x25)	 x25:0x98247048 x14=0x00000000 PA:0x9824780d load:0x00000000
       50242000	      2410	80003d86	2e4e2813	slti	x16,x28,740	 x28:0x00000001 x16=0x00000001
       50262000	      2411	80003d8a	a5247e13	andi	x28,x8,-1454	  x8:0x000034e2 x28=0x00003042
       50282000	      2412	80003d8e	0ff0000f	fence	iorw,iorw	
       50322000	      2414	80003d92	03151f33	mulh	x30,x10,x17	 x10:0x00000000 x17:0x80000000 x30=0x00000000
       50842000	      2440	80003d96	f0ccd383	lhu	x7,-244(x25)	 x25:0x98247048  x7=0x00000000 PA:0x98246f54 load:0x00000000
       50862000	      2441	80003d9a	00030e17	auipc	x28,0x30	 x28=0x80033d9a
       50882000	      2442	80003d9e	c7ce0e13	addi	x28,x28,-900	 x28:0x80033d9a x28=0x80033a16
       50942000	      2445	80003da2	ff3e0d03	lb	x26,-13(x28)	 x28:0x80033a16 x26=0xffffffa0 PA:0x80033a09 load:0xffffffa0
       50962000	      2446	80003da6	ff3e4483	lbu	x9,-13(x28)	 x28:0x80033a16  x9=0x000000a0 PA:0x80033a09 load:0x000000a0
       50982000	      2447	80003daa	ff3e4c03	lbu	x24,-13(x28)	 x28:0x80033a16 x24=0x000000a0 PA:0x80033a09 load:0x000000a0
       51142000	      2455	80003dae	feae09a3	sb	x10,-13(x28)	 x28:0x80033a16 x10:0x00000000 PA:0x80033a09 store:0x00000000 load:0x000000ff
       51382000	      2467	80003db2	ff3e4d83	lbu	x27,-13(x28)	 x28:0x80033a16 x27=0x00000000 PA:0x80033a09 load:0x00000000
       51702000	      2483	80003db6	fe3e09a3	sb	x3,-13(x28)	 x28:0x80033a16  x3:0x80000000 PA:0x80033a09 store:0x80000000 load:0x000000ff
       51922000	      2494	80003dba	ff3e0b03	lb	x22,-13(x28)	 x28:0x80033a16 x22=0x00000000 PA:0x80033a09 load:0x00000000
       51942000	      2495	80003dbe	ff3e0883	lb	x17,-13(x28)	 x28:0x80033a16 x17=0x00000000 PA:0x80033a09 load:0x00000000
       51962000	      2496	80003dc2	40d05493	srai	x9,x0,0xd	  x0:0x00000000  x9=0x00000000
       52382000	      2517	80003dc6	fe8e09a3	sb	x8,-13(x28)	 x28:0x80033a16  x8:0x000034e2 PA:0x80033a09 store:0x000034e2 load:0x000000ff
       52442000	      2520	80003dca	ff3e0c83	lb	x25,-13(x28)	 x28:0x80033a16 x25=0xffffffe2 PA:0x80033a09 load:0xffffffe2
       52462000	      2521	80003dce	87f6d417	auipc	x8,0x87f6d	  x8=0x07f70dce
       52842000	      2540	80003dd2	ff3e0383	lb	x7,-13(x28)	 x28:0x80033a16  x7=0xffffffe2 PA:0x80033a09 load:0xffffffe2
       52862000	      2541	80003dd6	40ee8a33	sub	x20,x29,x14	 x29:0xb0c56673 x14:0x00000000 x20=0xb0c56673
       52922000	      2544	80003dda	ffbe09a3	sb	x27,-13(x28)	 x28:0x80033a16 x27:0x00000000 PA:0x80033a09 store:0x00000000 load:0x000000ff
       53082000	      2552	80003dde	ff3e0803	lb	x16,-13(x28)	 x28:0x80033a16 x16=0x00000000 PA:0x80033a09 load:0x00000000
       53102000	      2553	80003de2	00f7a9b3	slt	x19,x15,x15	 x15:0xfffffa8f x15:0xfffffa8f x19=0x00000000
       53282000	      2562	80003de6	febe09a3	sb	x11,-13(x28)	 x28:0x80033a16 x11:0xf1e8b1fd PA:0x80033a09 store:0xf1e8b1fd load:0x000000ff
       53622000	      2579	80003dea	004e1603	lh	x12,4(x28)	 x28:0x80033a16 x12=0xfffffb02 PA:0x80033a1a load:0xfffffb02
       53682000	      2582	80003dee	00ee1223	sh	x14,4(x28)	 x28:0x80033a16 x14:0x00000000 PA:0x80033a1a store:0x00000000 load:0x0000ffff
       53702000	      2583	80003df2	00037e97	auipc	x29,0x37	 x29=0x8003adf2
       53722000	      2584	80003df6	1dbe8e93	addi	x29,x29,475	 x29:0x8003adf2 x29=0x8003afcd
       53882000	      2592	80003dfa	01ae80a3	sb	x26,1(x29)	 x29:0x8003afcd x26:0xffffffa0 PA:0x8003afce store:0xffffffa0 load:0x000000ff
       53902000	      2593	80003dfe	02538933	mul	x18,x7,x5	  x7:0xffffffe2  x5:0x00000000 x18=0x00000000
       54442000	      2620	80003e02	001e8283	lb	x5,1(x29)	 x29:0x8003afcd  x5=0xffffffa0 PA:0x8003afce load:0xffffffa0
       54462000	      2621	80003e06	011ed213	srli	x4,x29,0x11	 x29:0x8003afcd  x4=0x00004001
       55202000	      2658	80003e0a	02dc70b3	remu	x1,x24,x13	 x24:0x000000a0 x13:0x8004cce4  x1=0x000000a0
       55222000	      2659	80003e0e	87d7fe13	andi	x28,x15,-1923	 x15:0xfffffa8f x28=0xfffff80d
       55242000	      2660	80003e12	00da88b3	add	x17,x21,x13	 x21:0x3377a6b3 x13:0x8004cce4 x17=0xb37c7397
       55302000	      2663	80003e16	ff5e8303	lb	x6,-11(x29)	 x29:0x8003afcd  x6=0x00000064 PA:0x8003afc2 load:0x00000064
       55382000	      2667	80003e1a	014e84a3	sb	x20,9(x29)	 x29:0x8003afcd x20:0xb0c56673 PA:0x8003afd6 store:0xb0c56673 load:0x000000ff
       55402000	      2668	80003e1e	418f8db3	sub	x27,x31,x24	 x31:0x092492b6 x24:0x000000a0 x27=0x09249216
       55422000	      2669	80003e22	01516633	or	x12,x2,x21	  x2:0x00000000 x21:0x3377a6b3 x12=0x3377a6b3
       55482000	      2672	80003e26	012e91a3	sh	x18,3(x29)	 x29:0x8003afcd x18:0x00000000 PA:0x8003afd0 store:0x00000000 load:0x0000ffff
       55602000	      2678	80003e2a	ff1e8da3	sb	x17,-5(x29)	 x29:0x8003afcd x17:0xb37c7397 PA:0x8003afc8 store:0xb37c7397 load:0x000000ff
       55622000	      2679	80003e2e	0084efb3	or	x31,x9,x8	  x9:0x00000000  x8:0x07f70dce x31=0x07f70dce
       55722000	      2684	80003e32	01de8623	sb	x29,12(x29)	 x29:0x8003afcd x29:0x8003afcd PA:0x8003afd9 store:0x8003afcd load:0x000000ff
       55782000	      2687	80003e36	009e8223	sb	x9,4(x29)	 x29:0x8003afcd  x9:0x00000000 PA:0x8003afd1 store:0x00000000 load:0x000000ff
       56022000	      2699	80003e3a	007e8c03	lb	x24,7(x29)	 x29:0x8003afcd x24=0xffffffe9 PA:0x8003afd4 load:0xffffffe9
       56442000	      2720	80003e3e	fe0e8c23	sb	x0,-8(x29)	 x29:0x8003afcd  x0:0x00000000 PA:0x8003afc5 store:0x00000000 load:0x000000ff
       56462000	      2721	80003e42	40af0733	sub	x14,x30,x10	 x30:0x00000000 x10:0x00000000 x14=0x00000000
       56522000	      2724	80003e46	007e8d83	lb	x27,7(x29)	 x29:0x8003afcd x27=0xffffffe9 PA:0x8003afd4 load:0xffffffe9
       56542000	      2725	80003e4a	680d	c.lui	x16,0x3	 x16=0x00003000
       56562000	      2726	80003e4c	033c07b3	mul	x15,x24,x19	 x24:0xffffffe9 x19:0x00000000 x15=0x00000000
       56822000	      2739	80003e50	002e8d83	lb	x27,2(x29)	 x29:0x8003afcd x27=0xffffffa7 PA:0x8003afcf load:0xffffffa7
       56842000	      2740	80003e54	917e	c.add	x2,x31	  x2:0x00000000 x31:0x07f70dce  x2=0x07f70dce
       57242000	      2760	80003e56	017e8823	sb	x23,16(x29)	 x29:0x8003afcd x23:0x80048e4c PA:0x8003afdd store:0x80048e4c load:0x000000ff
       57442000	      2770	80003e5a	005ecc83	lbu	x25,5(x29)	 x29:0x8003afcd x25=0x000000fe PA:0x8003afd2 load:0x000000fe
       57462000	      2771	80003e5e	83f9	c.srli	x15,0x1e	 x15:0x00000000 x15=0x00000000
       57682000	      2782	80003e60	ff4ec803	lbu	x16,-12(x29)	 x29:0x8003afcd x16=0x0000004b PA:0x8003afc1 load:0x0000004b
       57862000	      2791	80003e64	fe2e8f23	sb	x2,-2(x29)	 x29:0x8003afcd  x2:0x07f70dce PA:0x8003afcb store:0x07f70dce load:0x000000ff
       58182000	      2807	80003e68	ffce99a3	sh	x28,-13(x29)	 x29:0x8003afcd x28:0xfffff80d PA:0x8003afc0 store:0xfffff80d load:0x0000ffff
       58202000	      2808	80003e6c	8d05	c.sub	x10,x9	 x10:0x00000000  x9:0x00000000 x10=0x00000000
       58402000	      2818	80003e6e	009ec303	lbu	x6,9(x29)	 x29:0x8003afcd  x6=0x00000073 PA:0x8003afd6 load:0x00000073
       58422000	      2819	80003e72	8161	c.srli	x10,0x18	 x10:0x00000000 x10=0x00000000
       58682000	      2832	80003e74	00bedc83	lhu	x25,11(x29)	 x29:0x8003afcd x25=0x0000cdc2 PA:0x8003afd8 load:0x0000cdc2
       58702000	      2833	80003e78	003ec503	lbu	x10,3(x29)	 x29:0x8003afcd x10=0x00000000 PA:0x8003afd0 load:0x00000000
       58742000	      2835	80003e7c	009ec283	lbu	x5,9(x29)	 x29:0x8003afcd  x5=0x00000073 PA:0x8003afd6 load:0x00000073
       58762000	      2836	80003e80	4ac9	c.li	x21,18	 x21=0x00000012
       58782000	      2837	80003e82	8d4d	c.or	x10,x11	 x10:0x00000000 x11:0xf1e8b1fd x10=0xf1e8b1fd
       58822000	      2839	80003e84	0328b333	mulhu	x6,x17,x18	 x17:0xb37c7397 x18:0x00000000  x6=0x00000000
       58842000	      2840	80003e88	4037ddb3	sra	x27,x15,x3	 x15:0x00000000  x3:0x80000000 x27=0x00000000
       58862000	      2841	80003e8c	8d7d	c.and	x10,x15	 x10:0xf1e8b1fd x15:0x00000000 x10=0x00000000
       59002000	      2848	80003e8e	ff9e8303	lb	x6,-7(x29)	 x29:0x8003afcd  x6=0x0000005b PA:0x8003afc6 load:0x0000005b
       59022000	      2849	80003e92	008ecd03	lbu	x26,8(x29)	 x29:0x8003afcd x26=0x00000081 PA:0x8003afd5 load:0x00000081
       59042000	      2850	80003e96	8979	c.andi	x10,30	 x10:0x00000000 x10=0x00000000
       59362000	      2866	80003e98	fffe8303	lb	x6,-1(x29)	 x29:0x8003afcd  x6=0x00000067 PA:0x8003afcc load:0x00000067
       59382000	      2867	80003e9c	1dfd	c.addi	x27,-1	 x27:0x00000000 x27=0xffffffff
       59842000	      2890	80003e9e	ffaecf03	lbu	x30,-6(x29)	 x29:0x8003afcd x30=0x000000a1 PA:0x8003afc7 load:0x000000a1
       59862000	      2891	80003ea2	015d1c33	sll	x24,x26,x21	 x26:0x00000081 x21:0x00000012 x24=0x02040000
       59902000	      2893	80003ea6	03656933	rem	x18,x10,x22	 x10:0x00000000 x22:0x00000000 x18=0x00000000
       60102000	      2903	80003eaa	00525a13	srli	x20,x4,0x5	  x4:0x00004001 x20=0x00000200
       60662000	      2931	80003eae	001ed383	lhu	x7,1(x29)	 x29:0x8003afcd  x7=0x0000a7a0 PA:0x8003afce load:0x0000a7a0
       60682000	      2932	80003eb2	00030717	auipc	x14,0x30	 x14=0x80033eb2
       60702000	      2933	80003eb6	c6f70713	addi	x14,x14,-913	 x14:0x80033eb2 x14=0x80033b21
       60942000	      2945	80003eba	0df71103	lh	x2,223(x14)	 x14:0x80033b21  x2=0xffffbe72 PA:0x80033c00 load:0xffffbe72
       61342000	      2965	80003ebe	0c371fa3	sh	x3,223(x14)	 x14:0x80033b21  x3:0x80000000 PA:0x80033c00 store:0x80000000 load:0x0000ffff
       61402000	      2968	80003ec2	0df70fa3	sb	x31,223(x14)	 x14:0x80033b21 x31:0x07f70dce PA:0x80033c00 store:0x07f70dce load:0x000000ff
       61522000	      2974	80003ec6	0df72783	lw	x15,223(x14)	 x14:0x80033b21 x15=0x835600ce PA:0x80033c00 load:0x835600ce
       61942000	      2995	80003eca	0d971fa3	sh	x25,223(x14)	 x14:0x80033b21 x25:0x0000cdc2 PA:0x80033c00 store:0x0000cdc2 load:0x0000ffff
       62602000	      3028	80003ece	0df74a83	lbu	x21,223(x14)	 x14:0x80033b21 x21=0x000000c2 PA:0x80033c00 load:0x000000c2
       63062000	      3051	80003ed2	0da71fa3	sh	x26,223(x14)	 x14:0x80033b21 x26:0x00000081 PA:0x80033c00 store:0x00000081 load:0x0000ffff
       63122000	      3054	80003ed6	0c872fa3	sw	x8,223(x14)	 x14:0x80033b21  x8:0x07f70dce PA:0x80033c00 store:0x07f70dce load:0xffffffff
       63142000	      3055	80003eda	0c471fa3	sh	x4,223(x14)	 x14:0x80033b21  x4:0x00004001 PA:0x80033c00 store:0x00004001 load:0x0000ffff
       63162000	      3056	80003ede	01c96db3	or	x27,x18,x28	 x18:0x00000000 x28:0xfffff80d x27=0xfffff80d
       63342000	      3065	80003ee2	0d471fa3	sh	x20,223(x14)	 x14:0x80033b21 x20:0x00000200 PA:0x80033c00 store:0x00000200 load:0x0000ffff
       63462000	      3071	80003ee6	0c970fa3	sb	x9,223(x14)	 x14:0x80033b21  x9:0x00000000 PA:0x80033c00 store:0x00000000 load:0x000000ff
       63562000	      3076	80003eea	0df72183	lw	x3,223(x14)	 x14:0x80033b21  x3=0x07f70200 PA:0x80033c00 load:0x07f70200
       63682000	      3082	80003eee	0d071fa3	sh	x16,223(x14)	 x14:0x80033b21 x16:0x0000004b PA:0x80033c00 store:0x0000004b load:0x0000ffff
       64262000	      3111	80003ef2	0c772fa3	sw	x7,223(x14)	 x14:0x80033b21  x7:0x0000a7a0 PA:0x80033c00 store:0x0000a7a0 load:0xffffffff
       64322000	      3114	80003ef6	0dd72fa3	sw	x29,223(x14)	 x14:0x80033b21 x29:0x8003afcd PA:0x80033c00 store:0x8003afcd load:0xffffffff
       64582000	      3127	80003efa	0df70403	lb	x8,223(x14)	 x14:0x80033b21  x8=0xffffffcd PA:0x80033c00 load:0xffffffcd
       64602000	      3128	80003efe	00030117	auipc	x2,0x30	  x2=0x80033efe
       64622000	      3129	80003f02	c7810113	addi	x2,x2,-904	  x2:0x80033efe  x2=0x80033b76
       64682000	      3132	80003f06	0d710da3	sb	x23,219(x2)	  x2:0x80033b76 x23:0x80048e4c PA:0x80033c51 store:0x80048e4c load:0x000000ff
       64702000	      3133	80003f0a	00c419b3	sll	x19,x8,x12	  x8:0xffffffcd x12:0x3377a6b3 x19=0xfe680000
       64802000	      3138	80003f0e	066102a3	sb	x6,101(x2)	  x2:0x80033b76  x6:0x00000067 PA:0x80033bdb store:0x00000067 load:0x000000ff
       64902000	      3143	80003f12	09214f83	lbu	x31,146(x2)	  x2:0x80033b76 x31=0x00000048 PA:0x80033c08 load:0x00000048
       64942000	      3145	80003f16	036a4c33	div	x24,x20,x22	 x20:0x00000200 x22:0x00000000 x24=0xffffffff
       65002000	      3148	80003f1a	010107a3	sb	x16,15(x2)	  x2:0x80033b76 x16:0x0000004b PA:0x80033b85 store:0x0000004b load:0x000000ff
       65022000	      3149	80003f1e	5c80aa17	auipc	x20,0x5c80a	 x20=0xdc80df1e
       65042000	      3150	80003f22	63c9	c.lui	x7,0x12	  x7=0x00012000
       65082000	      3152	80003f24	03e4a8b3	mulhsu	x17,x9,x30	  x9:0x00000000 x30:0x000000a1 x17=0x00000000
       65302000	      3163	80003f28	00f12123	sw	x15,2(x2)	  x2:0x80033b76 x15:0x835600ce PA:0x80033b78 store:0x835600ce load:0xffffffff
       65322000	      3164	80003f2c	40a6df13	srai	x30,x13,0xa	 x13:0x8004cce4 x30=0xffe00133
       65342000	      3165	80003f30	44dd	c.li	x9,23	  x9=0x00000017
       65362000	      3166	80003f32	9b62	c.add	x22,x24	 x22:0x00000000 x24:0xffffffff x22=0xffffffff
       65722000	      3184	80003f34	fb710903	lb	x18,-73(x2)	  x2:0x80033b76 x18=0xffffffdc PA:0x80033b2d load:0xffffffdc
       66062000	      3201	80003f38	0c510403	lb	x8,197(x2)	  x2:0x80033b76  x8=0x0000004f PA:0x80033c3b load:0x0000004f
       66382000	      3217	80003f3c	06c10503	lb	x10,108(x2)	  x2:0x80033b76 x10=0x00000060 PA:0x80033be2 load:0x00000060
       66402000	      3218	80003f40	404ade33	sra	x28,x21,x4	 x21:0x000000c2  x4:0x00004001 x28=0x00000061
       66662000	      3231	80003f44	fe710603	lb	x12,-25(x2)	  x2:0x80033b76 x12=0xffffffb1 PA:0x80033b5d load:0xffffffb1
       66902000	      3243	80003f48	06210323	sb	x2,102(x2)	  x2:0x80033b76  x2:0x80033b76 PA:0x80033bdc store:0x80033b76 load:0x000000ff
       66922000	      3244	80003f4c	f7815f03	lhu	x30,-136(x2)	  x2:0x80033b76 x30=0x00008922 PA:0x80033aee load:0x00008922
       66942000	      3245	80003f50	0ff0000f	fence	iorw,iorw	
       67022000	      3249	80003f54	fb314e03	lbu	x28,-77(x2)	  x2:0x80033b76 x28=0x000000de PA:0x80033b29 load:0x000000de
       67762000	      3286	80003f58	0351f8b3	remu	x17,x3,x21	  x3:0x07f70200 x21:0x000000c2 x17=0x00000034
       67782000	      3287	80003f5c	53252b13	slti	x22,x10,1330	 x10:0x00000060 x22=0x00000001
       67842000	      3290	80003f60	f5c101a3	sb	x28,-189(x2)	  x2:0x80033b76 x28:0x000000de PA:0x80033ab9 store:0x000000de load:0x000000ff
       67862000	      3291	80003f64	0ec104a3	sb	x12,233(x2)	  x2:0x80033b76 x12:0xffffffb1 PA:0x80033c5f store:0xffffffb1 load:0x000000ff
       67882000	      3292	80003f68	006c1e33	sll	x28,x24,x6	 x24:0xffffffff  x6:0x00000067 x28=0xffffff80
       67942000	      3295	80003f6c	02510ca3	sb	x5,57(x2)	  x2:0x80033b76  x5:0x00000073 PA:0x80033baf store:0x00000073 load:0x000000ff
       67962000	      3296	80003f70	b53e0eb7	lui	x29,0xb53e0	 x29=0xb53e0000
       68462000	      3321	80003f74	03e12283	lw	x5,62(x2)	  x2:0x80033b76  x5=0x54152f48 PA:0x80033bb4 load:0x54152f48
       68682000	      3332	80003f78	00211a83	lh	x21,2(x2)	  x2:0x80033b76 x21=0x000000ce PA:0x80033b78 load:0x000000ce
       68722000	      3334	80003f7c	0af10223	sb	x15,164(x2)	  x2:0x80033b76 x15:0x835600ce PA:0x80033c1a store:0x835600ce load:0x000000ff
       68742000	      3335	80003f80	01310023	sb	x19,0(x2)	  x2:0x80033b76 x19:0xfe680000 PA:0x80033b76 store:0xfe680000 load:0x000000ff
       69102000	      3353	80003f84	0be101a3	sb	x30,163(x2)	  x2:0x80033b76 x30:0x00008922 PA:0x80033c19 store:0x00008922 load:0x000000ff
       69162000	      3356	80003f88	fc814203	lbu	x4,-56(x2)	  x2:0x80033b76  x4=0x00000068 PA:0x80033b3e load:0x00000068
       77022000	      3749	80003f8c	035109a3	sb	x21,51(x2)	  x2:0x80033b76 x21:0x000000ce PA:0x80033ba9 store:0x000000ce load:0x000000ff
       77042000	      3750	80003f90	0002f117	auipc	x2,0x2f	  x2=0x80032f90
       77062000	      3751	80003f94	0b810113	addi	x2,x2,184	  x2:0x80032f90  x2=0x80033048
       77082000	      3752	80003f98	5df98437	lui	x8,0x5df98	  x8=0x5df98000
       77102000	      3753	80003f9c	9122	c.add	x2,x8	  x2:0x80033048  x8:0x5df98000  x2=0xddfcb048
       77782000	      3787	80003f9e	2e010fa3	sb	x0,767(x2)	  x2:0xddfcb048  x0:0x00000000 PA:0xddfcb347 store:0x00000000 load:0x000000ff
       77882000	      3792	80003fa2	a4111323	sh	x1,-1466(x2)	  x2:0xddfcb048  x1:0x000000a0 PA:0xddfcaa8e store:0x000000a0 load:0x0000ffff
       77942000	      3795	80003fa6	28211a23	sh	x2,660(x2)	  x2:0xddfcb048  x2:0xddfcb048 PA:0xddfcb2dc store:0xddfcb048 load:0x0000ffff
       77962000	      3796	80003faa	58310ca3	sb	x3,1433(x2)	  x2:0xddfcb048  x3:0x07f70200 PA:0xddfcb5e1 store:0x07f70200 load:0x000000ff
       77982000	      3797	80003fae	d4810723	sb	x8,-690(x2)	  x2:0xddfcb048  x8:0x5df98000 PA:0xddfcad96 store:0x5df98000 load:0x000000ff
       78442000	      3820	80003fb2	22910aa3	sb	x9,565(x2)	  x2:0xddfcb048  x9:0x00000017 PA:0xddfcb27d store:0x00000017 load:0x000000ff
       78462000	      3821	80003fb6	d0518c93	addi	x25,x3,-763	  x3:0x07f70200 x25=0x07f6ff05
       78582000	      3827	80003fba	2ff14f03	lbu	x30,767(x2)	  x2:0xddfcb048 x30=0x00000000 PA:0xddfcb347 load:0x00000000
       78602000	      3828	80003fbe	00d4d3b3	srl	x7,x9,x13	  x9:0x00000017 x13:0x8004cce4  x7=0x00000001
       79002000	      3848	80003fc2	a4615483	lhu	x9,-1466(x2)	  x2:0xddfcb048  x9=0x000000a0 PA:0xddfcaa8e load:0x000000a0
       79042000	      3850	80003fc6	80f9	c.srli	x9,0x1e	  x9:0x000000a0  x9=0x00000000
       79082000	      3852	80003fc8	90e2	c.add	x1,x24	  x1:0x000000a0 x24:0xffffffff  x1=0x0000009f
       79442000	      3870	80003fca	29411083	lh	x1,660(x2)	  x2:0xddfcb048  x1=0xffffb048 PA:0xddfcb2dc load:0xffffb048
       79462000	      3871	80003fce	68b1	c.lui	x17,0xc	 x17=0x0000c000
       79502000	      3873	80003fd0	02c618b3	mulh	x17,x12,x12	 x12:0xffffffb1 x12:0xffffffb1 x17=0x00000000
       79542000	      3875	80003fd4	032a18b3	mulh	x17,x20,x18	 x20:0xdc80df1e x18:0xffffffdc x17=0x00000004
       79722000	      3884	80003fd8	59910e83	lb	x29,1433(x2)	  x2:0xddfcb048 x29=0x00000000 PA:0xddfcb5e1 load:0x00000000
       79982000	      3897	80003fdc	cfd10123	sb	x29,-798(x2)	  x2:0xddfcb048 x29:0x00000000 PA:0xddfcad2a store:0x00000000 load:0x000000ff
       80002000	      3898	80003fe0	0341	c.addi	x6,16	  x6:0x00000067  x6=0x00000077
       80242000	      3910	80003fe2	4e5101a3	sb	x5,1251(x2)	  x2:0xddfcb048  x5:0x54152f48 PA:0xddfcb52b store:0x54152f48 load:0x000000ff
       80302000	      3913	80003fe6	f53109a3	sb	x19,-173(x2)	  x2:0xddfcb048 x19:0xfe680000 PA:0xddfcaf9b store:0xfe680000 load:0x000000ff
       80342000	      3915	80003fea	e7510823	sb	x21,-400(x2)	  x2:0xddfcb048 x21:0x000000ce PA:0xddfcaeb8 store:0x000000ce load:0x000000ff
       80362000	      3916	80003fee	d4e14283	lbu	x5,-690(x2)	  x2:0xddfcb048  x5=0x00000000 PA:0xddfcad96 load:0x00000000
       80402000	      3918	80003ff2	e94fbf93	sltiu	x31,x31,-364	 x31:0x00000048 x31=0x00000001
       80582000	      3927	80003ff6	23514203	lbu	x4,565(x2)	  x2:0xddfcb048  x4=0x00000017 PA:0xddfcb27d load:0x00000017
       80602000	      3928	80003ffa	0002f897	auipc	x17,0x2f	 x17=0x80032ffa
       80622000	      3929	80003ffe	55a88893	addi	x17,x17,1370	 x17:0x80032ffa x17=0x80033554
       81062000	      3951	80004002	57d88383	lb	x7,1405(x17)	 x17:0x80033554  x7=0xffffffc7 PA:0x80033ad1 load:0xffffffc7
       81082000	      3952	80004006	9d1a	c.add	x26,x6	 x26:0x00000081  x6:0x00000077 x26=0x000000f8
       81102000	      3953	80004008	462d	c.li	x12,11	 x12=0x0000000b
       81562000	      3976	8000400a	c9f8ce83	lbu	x29,-865(x17)	 x17:0x80033554 x29=0x00000088 PA:0x800331f3 load:0x00000088
       81622000	      3979	8000400e	4cb88d23	sb	x11,1242(x17)	 x17:0x80033554 x11:0xf1e8b1fd PA:0x80033a2e store:0xf1e8b1fd load:0x000000ff
       81642000	      3980	80004012	d9f5d137	lui	x2,0xd9f5d	  x2=0xd9f5d000
       81662000	      3981	80004016	01f31a93	slli	x21,x6,0x1f	  x6:0x00000077 x21=0x80000000
       81682000	      3982	8000401a	46daef93	ori	x31,x21,1133	 x21:0x80000000 x31=0x8000046d
       82422000	      4019	8000401e	03f2e033	rem	x0,x5,x31	  x5:0x00000000 x31:0x8000046d  x0=0x00000000
       82482000	      4022	80004022	6f688783	lb	x15,1782(x17)	 x17:0x80033554 x15=0x00000044 PA:0x80033c4a load:0x00000044
       82502000	      4023	80004026	0ff0000f	fence	iorw,iorw	
       82522000	      4024	8000402a	015f9ab3	sll	x21,x31,x21	 x31:0x8000046d x21:0x80000000 x21=0x8000046d
       82742000	      4035	8000402e	3fd8c803	lbu	x16,1021(x17)	 x17:0x80033554 x16=0x000000bc PA:0x80033951 load:0x000000bc
       82762000	      4036	80004032	da988003	lb	x0,-599(x17)	 x17:0x80033554  x0=0x00000000 PA:0x800332fd load:0x0000001f
       82782000	      4037	80004036	02a30eb3	mul	x29,x6,x10	  x6:0x00000077 x10:0x00000060 x29=0x00002ca0
       82982000	      4047	8000403a	58e88203	lb	x4,1422(x17)	 x17:0x80033554  x4=0x00000079 PA:0x80033ae2 load:0x00000079
       83202000	      4058	8000403e	cbd8c203	lbu	x4,-835(x17)	 x17:0x80033554  x4=0x00000028 PA:0x80033211 load:0x00000028
       83222000	      4059	80004042	5a488c83	lb	x25,1444(x17)	 x17:0x80033554 x25=0x00000067 PA:0x80033af8 load:0x00000067
       83482000	      4072	80004046	d6e89d23	sh	x14,-646(x17)	 x17:0x80033554 x14:0x80033b21 PA:0x800332ce store:0x80033b21 load:0x0000ffff
       83502000	      4073	8000404a	cf48de03	lhu	x28,-780(x17)	 x17:0x80033554 x28=0x00003b0e PA:0x80033248 load:0x00003b0e
       83702000	      4083	8000404e	c6e8d483	lhu	x9,-914(x17)	 x17:0x80033554  x9=0x0000b08b PA:0x800331c2 load:0x0000b08b
       84202000	      4108	80004052	e918c483	lbu	x9,-367(x17)	 x17:0x80033554  x9=0x0000007c PA:0x800333e5 load:0x0000007c
       84562000	      4126	80004056	4fd8cd83	lbu	x27,1277(x17)	 x17:0x80033554 x27=0x00000037 PA:0x80033a51 load:0x00000037
       84622000	      4129	8000405a	b4989e23	sh	x9,-1188(x17)	 x17:0x80033554  x9:0x0000007c PA:0x800330b0 store:0x0000007c load:0x0000ffff
       84942000	      4145	8000405e	efd880a3	sb	x29,-287(x17)	 x17:0x80033554 x29:0x00002ca0 PA:0x80033435 store:0x00002ca0 load:0x000000ff
       84962000	      4146	80004062	fdefba93	sltiu	x21,x31,-34	 x31:0x8000046d x21=0x00000001
       84982000	      4147	80004066	415d0fb3	sub	x31,x26,x21	 x26:0x000000f8 x21:0x00000001 x31=0x000000f7
       85042000	      4150	8000406a	d7188703	lb	x14,-655(x17)	 x17:0x80033554 x14=0x0000003d PA:0x800332c5 load:0x0000003d
       85062000	      4151	8000406e	6c588183	lb	x3,1733(x17)	 x17:0x80033554  x3=0x00000022 PA:0x80033c19 load:0x00000022
       85082000	      4152	80004072	4183d493	srai	x9,x7,0x18	  x7:0xffffffc7  x9=0xffffffff
       85102000	      4153	80004076	5e7d	c.li	x28,-1	 x28=0xffffffff
       85222000	      4159	80004078	ea988723	sb	x9,-338(x17)	 x17:0x80033554  x9:0xffffffff PA:0x80033402 store:0xffffffff load:0x000000ff
       85242000	      4160	8000407c	d8ca0113	addi	x2,x20,-628	 x20:0xdc80df1e  x2=0xdc80dcaa
       85262000	      4161	80004080	01aa9093	slli	x1,x21,0x1a	 x21:0x00000001  x1=0x04000000
       85422000	      4169	80004084	f7a89123	sh	x26,-158(x17)	 x17:0x80033554 x26:0x000000f8 PA:0x800334b6 store:0x000000f8 load:0x0000ffff
       85442000	      4170	80004088	0ff0000f	fence	iorw,iorw	
       85462000	      4171	8000408c	5d7d	c.li	x26,-1	 x26=0xffffffff
       85522000	      4174	8000408e	0048aa03	lw	x20,4(x17)	 x17:0x80033554 x20=0x06d80594 PA:0x80033558 load:0x06d80594
       85742000	      4185	80004092	e7088323	sb	x16,-410(x17)	 x17:0x80033554 x16:0x000000bc PA:0x800333ba store:0x000000bc load:0x000000ff
       85762000	      4186	80004096	234885a3	sb	x20,555(x17)	 x17:0x80033554 x20:0x06d80594 PA:0x8003377f store:0x06d80594 load:0x000000ff
       86502000	      4223	8000409a	030d5433	divu	x8,x26,x16	 x26:0xffffffff x16:0x000000bc  x8=0x015c9882
       87242000	      4260	8000409e	03b44cb3	div	x25,x8,x27	  x8:0x015c9882 x27:0x00000037 x25=0x0006568e
       87282000	      4262	800040a2	023fa4b3	mulhsu	x9,x31,x3	 x31:0x000000f7  x3:0x00000022  x9=0x00000000
       87302000	      4263	800040a6	01ab2133	slt	x2,x22,x26	 x22:0x00000001 x26:0xffffffff  x2=0x00000000
       87322000	      4264	800040aa	8c85	c.sub	x9,x9	  x9:0x00000000  x9:0x00000000  x9=0x00000000
       87342000	      4265	800040ac	001dd933	srl	x18,x27,x1	 x27:0x00000037  x1:0x04000000 x18=0x00000037
       87542000	      4275	800040b0	b4e89083	lh	x1,-1202(x17)	 x17:0x80033554  x1=0x0000198c PA:0x800330a2 load:0x0000198c
       87562000	      4276	800040b4	fb4e4517	auipc	x10,0xfb4e4	 x10=0x7b4e80b4
       87582000	      4277	800040b8	00d0f733	and	x14,x1,x13	  x1:0x0000198c x13:0x8004cce4 x14=0x00000884
       87782000	      4287	800040bc	822a	c.mv	x4,x10	  x0:0x00000000 x10:0x7b4e80b4  x4=0x7b4e80b4
       87962000	      4296	800040be	ff588e83	lb	x29,-11(x17)	 x17:0x80033554 x29=0xffffffe9 PA:0x80033549 load:0xffffffe9
       87982000	      4297	800040c2	00030b17	auipc	x22,0x30	 x22=0x800340c2
       88002000	      4298	800040c6	825b0b13	addi	x22,x22,-2011	 x22:0x800340c2 x22=0x800338e7
       88022000	      4299	800040ca	00037e97	auipc	x29,0x37	 x29=0x8003b0ca
       88042000	      4300	800040ce	be5e8e93	addi	x29,x29,-1051	 x29:0x8003b0ca x29=0x8003acaf
       88102000	      4303	800040d2	02eb11a3	sh	x14,35(x22)	 x22:0x800338e7 x14:0x00000884 PA:0x8003390a store:0x00000884 load:0x0000ffff
       88422000	      4319	800040d6	012e8483	lb	x9,18(x29)	 x29:0x8003acaf  x9=0xfffffff9 PA:0x8003acc1 load:0xfffffff9
       88622000	      4329	800040da	021ed483	lhu	x9,33(x29)	 x29:0x8003acaf  x9=0x000089fa PA:0x8003acd0 load:0x000089fa
       89082000	      4352	800040de	f2eb0803	lb	x16,-210(x22)	 x22:0x800338e7 x16=0xffffff95 PA:0x80033815 load:0xffffff95
       89262000	      4361	800040e2	023e9d83	lh	x27,35(x29)	 x29:0x8003acaf x27=0x00004f1a PA:0x8003acd2 load:0x00004f1a
       89642000	      4380	800040e6	0c3b4f03	lbu	x30,195(x22)	 x22:0x800338e7 x30=0x000000f1 PA:0x800339aa load:0x000000f1
       89922000	      4394	800040ea	016e8283	lb	x5,22(x29)	 x29:0x8003acaf  x5=0xffffff90 PA:0x8003acc5 load:0xffffff90
       89982000	      4397	800040ee	f6fb06a3	sb	x15,-147(x22)	 x22:0x800338e7 x15:0x00000044 PA:0x80033854 store:0x00000044 load:0x000000ff
       90062000	      4401	800040f2	02decc03	lbu	x24,45(x29)	 x29:0x8003acaf x24=0x000000a4 PA:0x8003acdc load:0x000000a4
       90122000	      4404	800040f6	feeec883	lbu	x17,-18(x29)	 x29:0x8003acaf x17=0x00000031 PA:0x8003ac9d load:0x00000031
       90282000	      4412	800040fa	0f3b4a03	lbu	x20,243(x22)	 x22:0x800338e7 x20=0x00000076 PA:0x800339da load:0x00000076
       90362000	      4416	800040fe	fe4ecd83	lbu	x27,-28(x29)	 x29:0x8003acaf x27=0x000000be PA:0x8003ac93 load:0x000000be
       90382000	      4417	80004102	00dea403	lw	x8,13(x29)	 x29:0x8003acaf  x8=0x3427f75c PA:0x8003acbc load:0x3427f75c
       90822000	      4439	80004106	fc3e8023	sb	x3,-64(x29)	 x29:0x8003acaf  x3:0x00000022 PA:0x8003ac6f store:0x00000022 load:0x000000ff
       90922000	      4444	8000410a	006ecd83	lbu	x27,6(x29)	 x29:0x8003acaf x27=0x00000050 PA:0x8003acb5 load:0x00000050
       91062000	      4451	8000410e	010b0a83	lb	x21,16(x22)	 x22:0x800338e7 x21=0xffffff82 PA:0x800338f7 load:0xffffff82
       91082000	      4452	80004112	00034917	auipc	x18,0x34	 x18=0x80038112
       91102000	      4453	80004116	c9490913	addi	x18,x18,-876	 x18:0x80038112 x18=0x80037da6
       91322000	      4464	8000411a	02194c83	lbu	x25,33(x18)	 x18:0x80037da6 x25=0x00000026 PA:0x80037dc7 load:0x00000026
       91342000	      4465	8000411e	02af0233	mul	x4,x30,x10	 x30:0x000000f1 x10:0x7b4e80b4  x4=0x14e72974
       91362000	      4466	80004122	fe390003	lb	x0,-29(x18)	 x18:0x80037da6  x0=0x00000000 PA:0x80037d89 load:0x0000002d
       91382000	      4467	80004126	017cd393	srli	x7,x25,0x17	 x25:0x00000026  x7=0x00000000
       91602000	      4478	8000412a	fd095783	lhu	x15,-48(x18)	 x18:0x80037da6 x15=0x00005239 PA:0x80037d76 load:0x00005239
       92022000	      4499	8000412e	fdc91923	sh	x28,-46(x18)	 x18:0x80037da6 x28:0xffffffff PA:0x80037d78 store:0xffffffff load:0x0000ffff
       92062000	      4501	80004132	02adafb3	mulhsu	x31,x27,x10	 x27:0x00000050 x10:0x7b4e80b4 x31=0x00000026
       92222000	      4509	80004136	01d92323	sw	x29,6(x18)	 x18:0x80037da6 x29:0x8003acaf PA:0x80037dac store:0x8003acaf load:0xffffffff
       92362000	      4516	8000413a	00790603	lb	x12,7(x18)	 x18:0x80037da6 x12=0xffffffac PA:0x80037dad load:0xffffffac
       92382000	      4517	8000413e	98fd	c.andi	x9,-1	  x9:0x000089fa  x9=0x000089fa
       92402000	      4518	80004140	34e0f217	auipc	x4,0x34e0f	  x4=0xb4e13140
       92422000	      4519	80004144	826d	c.srli	x12,0x1b	 x12:0xffffffac x12=0x0000001f
       92902000	      4543	80004146	02394b03	lbu	x22,35(x18)	 x18:0x80037da6 x22=0x000000c2 PA:0x80037dc9 load:0x000000c2
       93202000	      4558	8000414a	fc695483	lhu	x9,-58(x18)	 x18:0x80037da6  x9=0x00001181 PA:0x80037d6c load:0x00001181
       93362000	      4566	8000414e	01a4d2b3	srl	x5,x9,x26	  x9:0x00001181 x26:0xffffffff  x5=0x00000000
       93422000	      4569	80004152	fcd90e83	lb	x29,-51(x18)	 x18:0x80037da6 x29=0x00000059 PA:0x80037d73 load:0x00000059
       93682000	      4582	80004156	03090e23	sb	x16,60(x18)	 x18:0x80037da6 x16:0xffffff95 PA:0x80037de2 store:0xffffff95 load:0x000000ff
       93742000	      4585	8000415a	ff490f03	lb	x30,-12(x18)	 x18:0x80037da6 x30=0x00000031 PA:0x80037d9a load:0x00000031
       94162000	      4606	8000415e	02394783	lbu	x15,35(x18)	 x18:0x80037da6 x15=0x000000c2 PA:0x80037dc9 load:0x000000c2
       94222000	      4609	80004162	03390c03	lb	x24,51(x18)	 x18:0x80037da6 x24=0x00000007 PA:0x80037dd9 load:0x00000007
       94242000	      4610	80004166	00694d03	lbu	x26,6(x18)	 x18:0x80037da6 x26=0x000000af PA:0x80037dac load:0x000000af
       94262000	      4611	8000416a	02490423	sb	x4,40(x18)	 x18:0x80037da6  x4:0xb4e13140 PA:0x80037dce store:0xb4e13140 load:0x000000ff
       94682000	      4632	8000416e	fed92b23	sw	x13,-10(x18)	 x18:0x80037da6 x13:0x8004cce4 PA:0x80037d9c store:0x8004cce4 load:0xffffffff
       94902000	      4643	80004172	00495303	lhu	x6,4(x18)	 x18:0x80037da6  x6=0x0000e7f9 PA:0x80037daa load:0x0000e7f9
       95342000	      4665	80004176	fdb90083	lb	x1,-37(x18)	 x18:0x80037da6  x1=0x0000001c PA:0x80037d81 load:0x0000001c
       95402000	      4668	8000417a	03394403	lbu	x8,51(x18)	 x18:0x80037da6  x8=0x00000007 PA:0x80037dd9 load:0x00000007
       95722000	      4684	8000417e	01a91423	sh	x26,8(x18)	 x18:0x80037da6 x26:0x000000af PA:0x80037dae store:0x000000af load:0x0000ffff
       95742000	      4685	80004182	08f9	c.addi	x17,30	 x17:0x00000031 x17=0x0000004f
       95802000	      4688	80004184	fd095403	lhu	x8,-48(x18)	 x18:0x80037da6  x8=0x00005239 PA:0x80037d76 load:0x00005239
       95822000	      4689	80004188	41ab0fb3	sub	x31,x22,x26	 x22:0x000000c2 x26:0x000000af x31=0x00000013
       96062000	      4701	8000418c	01090aa3	sb	x16,21(x18)	 x18:0x80037da6 x16:0xffffff95 PA:0x80037dbb store:0xffffff95 load:0x000000ff
       96502000	      4723	80004190	fd891603	lh	x12,-40(x18)	 x18:0x80037da6 x12=0xffff93e9 PA:0x80037d7e load:0xffff93e9
       96522000	      4724	80004194	099c	c.addi4spn	x15,x2,208	 x15=0x000000d0
       96682000	      4732	80004196	02c90703	lb	x14,44(x18)	 x18:0x80037da6 x14=0xfffffff1 PA:0x80037dd2 load:0xfffffff1
       97102000	      4753	8000419a	04990023	sb	x9,64(x18)	 x18:0x80037da6  x9:0x00001181 PA:0x80037de6 store:0x00001181 load:0x000000ff
       97122000	      4754	8000419e	6379	c.lui	x6,0x1e	  x6=0x0001e000
       97182000	      4757	800041a0	fee92603	lw	x12,-18(x18)	 x18:0x80037da6 x12=0xb32d38ff PA:0x80037d94 load:0xb32d38ff
       97202000	      4758	800041a4	00d17c33	and	x24,x2,x13	  x2:0x00000000 x13:0x8004cce4 x24=0x00000000
       97222000	      4759	800041a8	40825c13	srai	x24,x4,0x8	  x4:0xb4e13140 x24=0xffb4e131
       97242000	      4760	800041ac	03518e33	mul	x28,x3,x21	  x3:0x00000022 x21:0xffffff82 x28=0xffffef44
       97262000	      4761	800041b0	007dceb3	xor	x29,x27,x7	 x27:0x00000050  x7:0x00000000 x29=0x00000050
       97282000	      4762	800041b4	01ac9eb3	sll	x29,x25,x26	 x25:0x00000026 x26:0x000000af x29=0x00130000
       97322000	      4764	800041b8	87ad	c.srai	x15,0xb	 x15:0x000000d0 x15=0x00000000
       97962000	      4796	800041ba	ff590403	lb	x8,-11(x18)	 x18:0x80037da6  x8=0x00000062 PA:0x80037d9b load:0x00000062
       98602000	      4828	800041be	03c92323	sw	x28,38(x18)	 x18:0x80037da6 x28:0xffffef44 PA:0x80037dcc store:0xffffef44 load:0xffffffff
       98622000	      4829	800041c2	00036197	auipc	x3,0x36	  x3=0x8003a1c2
       98702000	      4833	800041c6	8fc18193	addi	x3,x3,-1796	  x3:0x8003a1c2  x3=0x80039abe
       98722000	      4834	800041ca	0002fa97	auipc	x21,0x2f	 x21=0x800331ca
       98742000	      4835	800041ce	5d6a8a93	addi	x21,x21,1494	 x21:0x800331ca x21=0x800337a0
       98882000	      4842	800041d2	fcf18283	lb	x5,-49(x3)	  x3:0x80039abe  x5=0xffffffd3 PA:0x80039a8d load:0xffffffd3
       99022000	      4849	800041d6	ffaad983	lhu	x19,-6(x21)	 x21:0x800337a0 x19=0x00008a9a PA:0x8003379a load:0x00008a9a
       99082000	      4852	800041da	fcb18323	sb	x11,-58(x3)	  x3:0x80039abe x11:0xf1e8b1fd PA:0x80039a84 store:0xf1e8b1fd load:0x000000ff
       99102000	      4853	800041de	ff118603	lb	x12,-15(x3)	  x3:0x80039abe x12=0xffffff89 PA:0x80039aaf load:0xffffff89
       99242000	      4860	800041e2	01618ba3	sb	x22,23(x3)	  x3:0x80039abe x22:0x000000c2 PA:0x80039ad5 store:0x000000c2 load:0x000000ff
       99302000	      4863	800041e6	03f1c503	lbu	x10,63(x3)	  x3:0x80039abe x10=0x000000c7 PA:0x80039afd load:0x000000c7
       99662000	      4881	800041ea	fde1cf03	lbu	x30,-34(x3)	  x3:0x80039abe x30=0x00000095 PA:0x80039a9c load:0x00000095
       99842000	      4890	800041ee	ff8a9883	lh	x17,-8(x21)	 x21:0x800337a0 x17=0x000001c9 PA:0x80033798 load:0x000001c9
      100042000	      4900	800041f2	fe918c23	sb	x9,-8(x3)	  x3:0x80039abe  x9:0x00001181 PA:0x80039ab6 store:0x00001181 load:0x000000ff
      100162000	      4906	800041f6	fe91c603	lbu	x12,-23(x3)	  x3:0x80039abe x12=0x00000036 PA:0x80039aa7 load:0x00000036
      100222000	      4909	800041fa	00aad283	lhu	x5,10(x21)	 x21:0x800337a0  x5=0x00009d20 PA:0x800337aa load:0x00009d20
      100342000	      4915	800041fe	00f18f03	lb	x30,15(x3)	  x3:0x80039abe x30=0xffffffb5 PA:0x80039acd load:0xffffffb5
      100422000	      4919	80004202	00918503	lb	x10,9(x3)	  x3:0x80039abe x10=0x0000004b PA:0x80039ac7 load:0x0000004b
      100622000	      4929	80004206	007a8c03	lb	x24,7(x21)	 x21:0x800337a0 x24=0x0000004a PA:0x800337a7 load:0x0000004a
      100662000	      4931	8000420a	000a8483	lb	x9,0(x21)	 x21:0x800337a0  x9=0xffffffb4 PA:0x800337a0 load:0xffffffb4
      100682000	      4932	8000420e	002a9803	lh	x16,2(x21)	 x21:0x800337a0 x16=0xffffe97a PA:0x800337a2 load:0xffffe97a
      100702000	      4933	80004212	0002f897	auipc	x17,0x2f	 x17=0x80033212
      100722000	      4934	80004216	e3688893	addi	x17,x17,-458	 x17:0x80033212 x17=0x80033048
      100742000	      4935	8000421a	54369db7	lui	x27,0x54369	 x27=0x54369000
      100762000	      4936	8000421e	98ee	c.add	x17,x27	 x17:0x80033048 x27:0x54369000 x17=0xd439c048
      101262000	      4961	80004220	f22885a3	sb	x2,-213(x17)	 x17:0xd439c048  x2:0x00000000 PA:0xd439bf73 store:0x00000000 load:0x000000ff
      101502000	      4973	80004224	943883a3	sb	x3,-1721(x17)	 x17:0xd439c048  x3:0x80039abe PA:0xd439b98f store:0x80039abe load:0x000000ff
      101562000	      4976	80004228	22688da3	sb	x6,571(x17)	 x17:0xd439c048  x6:0x0001e000 PA:0xd439c283 store:0x0001e000 load:0x000000ff
      101582000	      4977	8000422c	0001	c.addi	x0,0	  x0:0x00000000  x0=0x00000000
      102002000	      4998	8000422e	626884a3	sb	x6,1577(x17)	 x17:0xd439c048  x6:0x0001e000 PA:0xd439c671 store:0x0001e000 load:0x000000ff
      102042000	      5000	80004232	02479633	mulh	x12,x15,x4	 x15:0x00000000  x4:0xb4e13140 x12=0x00000000
      102062000	      5001	80004236	00e3d3b3	srl	x7,x7,x14	  x7:0x00000000 x14:0xfffffff1  x7=0x00000000
      102082000	      5002	8000423a	01c4e333	or	x6,x9,x28	  x9:0xffffffb4 x28:0xffffef44  x6=0xfffffff4
      102102000	      5003	8000423e	00d0dc13	srli	x24,x1,0xd	  x1:0x0000001c x24=0x00000000
      102162000	      5006	80004242	30f885a3	sb	x15,779(x17)	 x17:0xd439c048 x15:0x00000000 PA:0xd439c353 store:0x00000000 load:0x000000ff
      102182000	      5007	80004246	5f7d	c.li	x30,-1	 x30=0xffffffff
      102202000	      5008	80004248	0ff0000f	fence	iorw,iorw	
      102262000	      5011	8000424c	6121	c.addi16sp	x2,64	  x2:0x00000000  x2=0x00000040
      102642000	      5030	8000424e	f2b88303	lb	x6,-213(x17)	 x17:0xd439c048  x6=0x00000000 PA:0xd439bf73 load:0x00000000
      102702000	      5033	80004252	94788803	lb	x16,-1721(x17)	 x17:0xd439c048 x16=0xffffffbe PA:0xd439b98f load:0xffffffbe
      102722000	      5034	80004256	95e880a3	sb	x30,-1727(x17)	 x17:0xd439c048 x30:0xffffffff PA:0xd439b989 store:0xffffffff load:0x000000ff
      102942000	      5045	8000425a	dcf88123	sb	x15,-574(x17)	 x17:0xd439c048 x15:0x00000000 PA:0xd439be0a store:0x00000000 load:0x000000ff
      103162000	      5056	8000425e	23b8c803	lbu	x16,571(x17)	 x17:0xd439c048 x16=0x00000000 PA:0xd439c283 load:0x00000000
      103202000	      5058	80004262	ece884a3	sb	x14,-311(x17)	 x17:0xd439c048 x14:0xfffffff1 PA:0xd439bf11 store:0xfffffff1 load:0x000000ff
      103222000	      5059	80004266	00030717	auipc	x14,0x30	 x14=0x80034266
      103242000	      5060	8000426a	de270713	addi	x14,x14,-542	 x14:0x80034266 x14=0x80034048
      103582000	      5077	8000426e	3c538c37	lui	x24,0x3c538	 x24=0x3c538000
      103602000	      5078	80004272	9762	c.add	x14,x24	 x14:0x80034048 x24:0x3c538000 x14=0xbc56c048
      103942000	      5095	80004274	26071e23	sh	x0,636(x14)	 x14:0xbc56c048  x0:0x00000000 PA:0xbc56c2c4 store:0x00000000 load:0x0000ffff
      104382000	      5117	80004278	a0171023	sh	x1,-1536(x14)	 x14:0xbc56c048  x1:0x0000001c PA:0xbc56ba48 store:0x0000001c load:0x0000ffff
      104442000	      5120	8000427c	66370923	sb	x3,1650(x14)	 x14:0xbc56c048  x3:0x80039abe PA:0xbc56c6ba store:0x80039abe load:0x000000ff
      104462000	      5121	80004280	f8570323	sb	x5,-122(x14)	 x14:0xbc56c048  x5:0x00009d20 PA:0xbc56bfce store:0x00009d20 load:0x000000ff
      104482000	      5122	80004284	b8770123	sb	x7,-1150(x14)	 x14:0xbc56c048  x7:0x00000000 PA:0xbc56bbca store:0x00000000 load:0x000000ff
      104742000	      5135	80004288	27c75983	lhu	x19,636(x14)	 x14:0xbc56c048 x19=0x00000000 PA:0xbc56c2c4 load:0x00000000
      104762000	      5136	8000428c	49f9	c.li	x19,30	 x19=0x0000001e
      105322000	      5164	8000428e	a0071f83	lh	x31,-1536(x14)	 x14:0xbc56c048 x31=0x0000001c PA:0xbc56ba48 load:0x0000001c
      105962000	      5196	80004292	0a5704a3	sb	x5,169(x14)	 x14:0xbc56c048  x5:0x00009d20 PA:0xbc56c0f1 store:0x00009d20 load:0x000000ff
      108402000	      5318	80004296	67270d83	lb	x27,1650(x14)	 x14:0xbc56c048 x27=0xffffffbe PA:0xbc56c6ba load:0xffffffbe
      108422000	      5319	8000429a	87a2	c.mv	x15,x8	  x0:0x00000000  x8:0x00000062 x15=0x00000062
      108442000	      5320	8000429c	71e70da3	sb	x30,1819(x14)	 x14:0xbc56c048 x30:0xffffffff PA:0xbc56c763 store:0xffffffff load:0x000000ff
      108462000	      5321	800042a0	402001b3	sub	x3,x0,x2	  x0:0x00000000  x2:0x00000040  x3=0xffffffc0
      108482000	      5322	800042a4	0001	c.addi	x0,0	  x0:0x00000000  x0=0x00000000
      109082000	      5352	800042a6	f8674083	lbu	x1,-122(x14)	 x14:0xbc56c048  x1=0x00000020 PA:0xbc56bfce load:0x00000020
      109102000	      5353	800042aa	41dc8333	sub	x6,x25,x29	 x25:0x00000026 x29:0x00130000  x6=0xffed0026
      109222000	      5359	800042ae	3e571f23	sh	x5,1022(x14)	 x14:0xbc56c048  x5:0x00009d20 PA:0xbc56c446 store:0x00009d20 load:0x0000ffff
      109242000	      5360	800042b2	00f35fb3	srl	x31,x6,x15	  x6:0xffed0026 x15:0x00000062 x31=0x3ffb4009
      109982000	      5397	800042b6	03f8ee33	rem	x28,x17,x31	 x17:0xd439c048 x31:0x3ffb4009 x28=0xd439c048
      110042000	      5400	800042ba	b8270c03	lb	x24,-1150(x14)	 x14:0xbc56c048 x24=0x00000000 PA:0xbc56bbca load:0x00000000
      110062000	      5401	800042be	0002fd97	auipc	x27,0x2f	 x27=0x800332be
      110082000	      5402	800042c2	6c7d8d93	addi	x27,x27,1735	 x27:0x800332be x27=0x80033985
      110102000	      5403	800042c6	00035b17	auipc	x22,0x35	 x22=0x800392c6
      110122000	      5404	800042ca	50bb0b13	addi	x22,x22,1291	 x22:0x800392c6 x22=0x800397d1
      110762000	      5436	800042ce	247d93a3	sh	x7,583(x27)	 x27:0x80033985  x7:0x00000000 PA:0x80033bcc store:0x00000000 load:0x0000ffff
      110882000	      5442	800042d2	92bdc703	lbu	x14,-1749(x27)	 x27:0x80033985 x14=0x000000d6 PA:0x800332b0 load:0x000000d6
      111042000	      5450	800042d6	00bb0983	lb	x19,11(x22)	 x22:0x800397d1 x19=0xffffff81 PA:0x800397dc load:0xffffff81
      111102000	      5453	800042da	00bb1303	lh	x6,11(x22)	 x22:0x800397d1  x6=0xffffef81 PA:0x800397dc load:0xffffef81
      111162000	      5456	800042de	27fdae83	lw	x29,639(x27)	 x27:0x80033985 x29=0xc2dff1ad PA:0x80033c04 load:0xc2dff1ad
      111422000	      5469	800042e2	ff5b5883	lhu	x17,-11(x22)	 x22:0x800397d1 x17=0x000024df PA:0x800397c6 load:0x000024df
      111882000	      5492	800042e6	41adc303	lbu	x6,1050(x27)	 x27:0x80033985  x6=0x000000ad PA:0x80033d9f load:0x000000ad
      111942000	      5495	800042ea	cdbd8d23	sb	x27,-806(x27)	 x27:0x80033985 x27:0x80033985 PA:0x8003365f store:0x80033985 load:0x000000ff
      112142000	      5505	800042ee	ff0b4983	lbu	x19,-16(x22)	 x22:0x800397d1 x19=0x000000fe PA:0x800397c1 load:0x000000fe
      112522000	      5524	800042f2	d88daba3	sw	x8,-617(x27)	 x27:0x80033985  x8:0x00000062 PA:0x8003371c store:0x00000062 load:0xffffffff
      112922000	      5544	800042f6	41ad8ca3	sb	x26,1049(x27)	 x27:0x80033985 x26:0x000000af PA:0x80033d9e store:0x000000af load:0x000000ff
      112982000	      5547	800042fa	dd0dc803	lbu	x16,-560(x27)	 x27:0x80033985 x16=0x0000007e PA:0x80033755 load:0x0000007e
      113002000	      5548	800042fe	ff7b0f23	sb	x23,-2(x22)	 x22:0x800397d1 x23:0x80048e4c PA:0x800397cf store:0x80048e4c load:0x000000ff
      113022000	      5549	80004302	f4ed81a3	sb	x14,-189(x27)	 x27:0x80033985 x14:0x000000d6 PA:0x800338c8 store:0x000000d6 load:0x000000ff
      113042000	      5550	80004306	ff1b0923	sb	x17,-14(x22)	 x22:0x800397d1 x17:0x000024df PA:0x800397c3 store:0x000024df load:0x000000ff
      113062000	      5551	8000430a	00030497	auipc	x9,0x30	  x9=0x8003430a
      113082000	      5552	8000430e	d3e48493	addi	x9,x9,-706	  x9:0x8003430a  x9=0x80034048
      113102000	      5553	80004312	49082db7	lui	x27,0x49082	 x27=0x49082000
      113122000	      5554	80004316	94ee	c.add	x9,x27	  x9:0x80034048 x27:0x49082000  x9=0xc90b6048
      113722000	      5584	80004318	fa048aa3	sb	x0,-75(x9)	  x9:0xc90b6048  x0:0x00000000 PA:0xc90b5ffd store:0x00000000 load:0x000000ff
      113962000	      5596	8000431c	30148423	sb	x1,776(x9)	  x9:0xc90b6048  x1:0x00000020 PA:0xc90b6350 store:0x00000020 load:0x000000ff
      114022000	      5599	80004320	403483a3	sb	x3,1031(x9)	  x9:0xc90b6048  x3:0xffffffc0 PA:0xc90b644f store:0xffffffc0 load:0x000000ff
      114762000	      5636	80004324	03f4eeb3	rem	x29,x9,x31	  x9:0xc90b6048 x31:0x3ffb4009 x29=0xc90b6048
      115502000	      5673	80004328	023b71b3	remu	x3,x22,x3	 x22:0x800397d1  x3:0xffffffc0  x3=0x800397d1
      115762000	      5686	8000432c	fb54c083	lbu	x1,-75(x9)	  x9:0xc90b6048  x1=0x00000000 PA:0xc90b5ffd load:0x00000000
      115782000	      5687	80004330	6ca9	c.lui	x25,0xa	 x25=0x0000a000
      115802000	      5688	80004332	400e0c33	sub	x24,x28,x0	 x28:0xd439c048  x0:0x00000000 x24=0xd439c048
      115822000	      5689	80004336	0a0e	c.slli	x20,0x3	 x20:0x00000076 x20=0x000003b0
      115842000	      5690	80004338	8609	c.srai	x12,0x2	 x12:0x00000000 x12=0x00000000
      115902000	      5693	8000433a	3084c283	lbu	x5,776(x9)	  x9:0xc90b6048  x5=0x00000020 PA:0xc90b6350 load:0x00000020
      115962000	      5696	8000433e	783487a3	sb	x3,1935(x9)	  x9:0xc90b6048  x3:0x800397d1 PA:0xc90b67d7 store:0x800397d1 load:0x000000ff
      116462000	      5721	80004342	4074cb03	lbu	x22,1031(x9)	  x9:0xc90b6048 x22=0x000000c0 PA:0xc90b644f load:0x000000c0
      116482000	      5722	80004346	004a89b3	add	x19,x21,x4	 x21:0x800337a0  x4:0xb4e13140 x19=0x34e468e0
      116542000	      5725	8000434a	c4b48ba3	sb	x11,-937(x9)	  x9:0xc90b6048 x11:0xf1e8b1fd PA:0xc90b5c9f store:0xf1e8b1fd load:0x000000ff
      116562000	      5726	8000434e	0002fc97	auipc	x25,0x2f	 x25=0x8003334e
      116582000	      5727	80004352	358c8c93	addi	x25,x25,856	 x25:0x8003334e x25=0x800336a6
      117062000	      5751	80004356	023ccf83	lbu	x31,35(x25)	 x25:0x800336a6 x31=0x00000022 PA:0x800336c9 load:0x00000022
      117082000	      5752	8000435a	00038217	auipc	x4,0x38	  x4=0x8003c35a
      117102000	      5753	8000435e	72c20213	addi	x4,x4,1836	  x4:0x8003c35a  x4=0x8003ca86
      117162000	      5756	80004362	ff0c9a03	lh	x20,-16(x25)	 x25:0x800336a6 x20=0xffffb1c8 PA:0x80033696 load:0xffffb1c8
      117362000	      5766	80004366	fe3c8da3	sb	x3,-5(x25)	 x25:0x800336a6  x3:0x800397d1 PA:0x800336a1 store:0x800397d1 load:0x000000ff
      117382000	      5767	8000436a	00520983	lb	x19,5(x4)	  x4:0x8003ca86 x19=0xffffffa6 PA:0x8003ca8b load:0xffffffa6
      117502000	      5773	8000436e	fffc83a3	sb	x31,-25(x25)	 x25:0x800336a6 x31:0x00000022 PA:0x8003368d store:0x00000022 load:0x000000ff
      117562000	      5776	80004372	ffd24f03	lbu	x30,-3(x4)	  x4:0x8003ca86 x30=0x00000002 PA:0x8003ca83 load:0x00000002
      117922000	      5794	80004376	028c8ca3	sb	x8,57(x25)	 x25:0x800336a6  x8:0x00000062 PA:0x800336df store:0x00000062 load:0x000000ff
      117982000	      5797	8000437a	fc8c8a83	lb	x21,-56(x25)	 x25:0x800336a6 x21=0xffffffd5 PA:0x8003366e load:0xffffffd5
      118282000	      5812	8000437e	020c8f23	sb	x0,62(x25)	 x25:0x800336a6  x0:0x00000000 PA:0x800336e4 store:0x00000000 load:0x000000ff
      118422000	      5819	80004382	ffc21823	sh	x28,-16(x4)	  x4:0x8003ca86 x28:0xd439c048 PA:0x8003ca76 store:0xd439c048 load:0x0000ffff
      118482000	      5822	80004386	00cc8b03	lb	x22,12(x25)	 x25:0x800336a6 x22=0xffffff90 PA:0x800336b2 load:0xffffff90
      118562000	      5826	8000438a	ffc20a23	sb	x28,-12(x4)	  x4:0x8003ca86 x28:0xd439c048 PA:0x8003ca7a store:0xd439c048 load:0x000000ff
      118622000	      5829	8000438e	028c8083	lb	x1,40(x25)	 x25:0x800336a6  x1=0xffffffb9 PA:0x800336ce load:0xffffffb9
      118882000	      5842	80004392	ff121b23	sh	x17,-10(x4)	  x4:0x8003ca86 x17:0x000024df PA:0x8003ca7c store:0x000024df load:0x0000ffff
      118942000	      5845	80004396	02ac8d23	sb	x10,58(x25)	 x25:0x800336a6 x10:0x0000004b PA:0x800336e0 store:0x0000004b load:0x000000ff
      118962000	      5846	8000439a	00220483	lb	x9,2(x4)	  x4:0x8003ca86  x9=0xffffffe0 PA:0x8003ca88 load:0xffffffe0
      118982000	      5847	8000439e	0002f117	auipc	x2,0x2f	  x2=0x8003339e
      119302000	      5863	800043a2	35a10113	addi	x2,x2,858	  x2:0x8003339e  x2=0x800336f8
      119442000	      5870	800043a6	feb10aa3	sb	x11,-11(x2)	  x2:0x800336f8 x11:0xf1e8b1fd PA:0x800336ed store:0xf1e8b1fd load:0x000000ff
      119602000	      5878	800043aa	fe110aa3	sb	x1,-11(x2)	  x2:0x800336f8  x1:0xffffffb9 PA:0x800336ed store:0xffffffb9 load:0x000000ff
      119782000	      5887	800043ae	fe410aa3	sb	x4,-11(x2)	  x2:0x800336f8  x4:0x8003ca86 PA:0x800336ed store:0x8003ca86 load:0x000000ff
      119842000	      5890	800043b2	ffd10083	lb	x1,-3(x2)	  x2:0x800336f8  x1=0x0000003c PA:0x800336f5 load:0x0000003c
      119862000	      5891	800043b6	feb10ea3	sb	x11,-3(x2)	  x2:0x800336f8 x11:0xf1e8b1fd PA:0x800336f5 store:0xf1e8b1fd load:0x000000ff
      119902000	      5893	800043ba	fe110ea3	sb	x1,-3(x2)	  x2:0x800336f8  x1:0x0000003c PA:0x800336f5 store:0x0000003c load:0x000000ff
      120222000	      5909	800043be	7435cc93	xori	x25,x11,1859	 x11:0xf1e8b1fd x25=0xf1e8b6be
      120682000	      5932	800043c2	ffd10903	lb	x18,-3(x2)	  x2:0x800336f8 x18=0x0000003c PA:0x800336f5 load:0x0000003c
      120742000	      5935	800043c6	ff910ea3	sb	x25,-3(x2)	  x2:0x800336f8 x25:0xf1e8b6be PA:0x800336f5 store:0xf1e8b6be load:0x000000ff
      121162000	      5956	800043ca	fe910a23	sb	x9,-12(x2)	  x2:0x800336f8  x9:0xffffffe0 PA:0x800336ec store:0xffffffe0 load:0x000000ff
      121302000	      5963	800043ce	ff414e83	lbu	x29,-12(x2)	  x2:0x800336f8 x29=0x000000e0 PA:0x800336ec load:0x000000e0
      122042000	      6000	800043d2	036074b3	remu	x9,x0,x22	  x0:0x00000000 x22:0xffffff90  x9=0x00000000
      122242000	      6010	800043d6	fe812a23	sw	x8,-12(x2)	  x2:0x800336f8  x8:0x00000062 PA:0x800336ec store:0x00000062 load:0xffffffff
      122262000	      6011	800043da	fe212a23	sw	x2,-12(x2)	  x2:0x800336f8  x2:0x800336f8 PA:0x800336ec store:0x800336f8 load:0xffffffff
      122282000	      6012	800043de	ff410003	lb	x0,-12(x2)	  x2:0x800336f8  x0=0x00000000 PA:0x800336ec load:0xfffffff8
      122302000	      6013	800043e2	01d0f8b7	lui	x17,0x1d0f	 x17=0x01d0f000
      122322000	      6014	800043e6	ff411f03	lh	x30,-12(x2)	  x2:0x800336f8 x30=0x000036f8 PA:0x800336ec load:0x000036f8
      122482000	      6022	800043ea	ff110a23	sb	x17,-12(x2)	  x2:0x800336f8 x17:0x01d0f000 PA:0x800336ec store:0x01d0f000 load:0x000000ff
      122702000	      6033	800043ee	00211a03	lh	x20,2(x2)	  x2:0x800336f8 x20=0xfffffbcf PA:0x800336fa load:0xfffffbcf
      122722000	      6034	800043f2	8c3d	c.xor	x8,x15	  x8:0x00000062 x15:0x00000062  x8=0x00000000
      122982000	      6047	800043f4	00211c83	lh	x25,2(x2)	  x2:0x800336f8 x25=0xfffffbcf PA:0x800336fa load:0xfffffbcf
      123002000	      6048	800043f8	83b8b393	sltiu	x7,x17,-1989	 x17:0x01d0f000  x7=0x00000001
      123022000	      6049	800043fc	00211603	lh	x12,2(x2)	  x2:0x800336f8 x12=0xfffffbcf PA:0x800336fa load:0xfffffbcf
      123042000	      6050	80004400	01a56033	or	x0,x10,x26	 x10:0x0000004b x26:0x000000af  x0=0x00000000
      123062000	      6051	80004404	00215d83	lhu	x27,2(x2)	  x2:0x800336f8 x27=0x0000fbcf PA:0x800336fa load:0x0000fbcf
      123162000	      6056	80004408	00214503	lbu	x10,2(x2)	  x2:0x800336f8 x10=0x000000cf PA:0x800336fa load:0x000000cf
      123182000	      6057	8000440c	0002f117	auipc	x2,0x2f	  x2=0x8003340c
      123202000	      6058	80004410	c3c10113	addi	x2,x2,-964	  x2:0x8003340c  x2=0x80033048
      123222000	      6059	80004414	7d1a1d37	lui	x26,0x7d1a1	 x26=0x7d1a1000
      123242000	      6060	80004418	916a	c.add	x2,x26	  x2:0x80033048 x26:0x7d1a1000  x2=0xfd1d4048
      123282000	      6062	8000441a	06010123	sb	x0,98(x2)	  x2:0xfd1d4048  x0:0x00000000 PA:0xfd1d40aa store:0x00000000 load:0x000000xx
      124642000	      6130	80002700	0800006f	jal	x0,80002780	  x0=0x00000000
      125562000	      6176	80002780	16f1	c.addi	x13,-4	 x13:0x8004cce4 x13=0x8004cce0
      125822000	      6189	80002782	0176a023	sw	x23,0(x13)	 x13:0x8004cce0 x23:0x80048e4c PA:0x8004cce0 store:0x80048e4c load:0xffffffff
      125842000	      6190	80002786	00068bb3	add	x23,x13,x0	 x13:0x8004cce0  x0:0x00000000 x23=0x8004cce0
      126022000	      6199	8000278a	f80b8b93	addi	x23,x23,-128	 x23:0x8004cce0 x23=0x8004cc60
      126062000	      6201	8000278e	001ba223	sw	x1,4(x23)	 x23:0x8004cc60  x1:0x0000003c PA:0x8004cc64 store:0x0000003c load:0xffffffff
      126162000	      6206	80002792	002ba423	sw	x2,8(x23)	 x23:0x8004cc60  x2:0xfd1d4048 PA:0x8004cc68 store:0xfd1d4048 load:0xffffffff
      126542000	      6225	80002796	003ba623	sw	x3,12(x23)	 x23:0x8004cc60  x3:0x800397d1 PA:0x8004cc6c store:0x800397d1 load:0xffffffff
      126722000	      6234	8000279a	004ba823	sw	x4,16(x23)	 x23:0x8004cc60  x4:0x8003ca86 PA:0x8004cc70 store:0x8003ca86 load:0xffffffff
      126802000	      6238	8000279e	005baa23	sw	x5,20(x23)	 x23:0x8004cc60  x5:0x00000020 PA:0x8004cc74 store:0x00000020 load:0xffffffff
      127122000	      6254	800027a2	006bac23	sw	x6,24(x23)	 x23:0x8004cc60  x6:0x000000ad PA:0x8004cc78 store:0x000000ad load:0xffffffff
      127422000	      6269	800027a6	007bae23	sw	x7,28(x23)	 x23:0x8004cc60  x7:0x00000001 PA:0x8004cc7c store:0x00000001 load:0xffffffff
      127582000	      6277	800027aa	028ba023	sw	x8,32(x23)	 x23:0x8004cc60  x8:0x00000000 PA:0x8004cc80 store:0x00000000 load:0xffffffff
      127962000	      6296	800027ae	029ba223	sw	x9,36(x23)	 x23:0x8004cc60  x9:0x00000000 PA:0x8004cc84 store:0x00000000 load:0xffffffff
      128022000	      6299	800027b2	02aba423	sw	x10,40(x23)	 x23:0x8004cc60 x10:0x000000cf PA:0x8004cc88 store:0x000000cf load:0xffffffff
      128222000	      6309	800027b6	02bba623	sw	x11,44(x23)	 x23:0x8004cc60 x11:0xf1e8b1fd PA:0x8004cc8c store:0xf1e8b1fd load:0xffffffff
      128262000	      6311	800027ba	02cba823	sw	x12,48(x23)	 x23:0x8004cc60 x12:0xfffffbcf PA:0x8004cc90 store:0xfffffbcf load:0xffffffff
      128682000	      6332	800027be	02dbaa23	sw	x13,52(x23)	 x23:0x8004cc60 x13:0x8004cce0 PA:0x8004cc94 store:0x8004cce0 load:0xffffffff
      128742000	      6335	800027c2	02ebac23	sw	x14,56(x23)	 x23:0x8004cc60 x14:0x000000d6 PA:0x8004cc98 store:0x000000d6 load:0xffffffff
      128762000	      6336	800027c6	02fbae23	sw	x15,60(x23)	 x23:0x8004cc60 x15:0x00000062 PA:0x8004cc9c store:0x00000062 load:0xffffffff
      128942000	      6345	800027ca	050ba023	sw	x16,64(x23)	 x23:0x8004cc60 x16:0x0000007e PA:0x8004cca0 store:0x0000007e load:0xffffffff
      129422000	      6369	800027ce	051ba223	sw	x17,68(x23)	 x23:0x8004cc60 x17:0x01d0f000 PA:0x8004cca4 store:0x01d0f000 load:0xffffffff
      129482000	      6372	800027d2	052ba423	sw	x18,72(x23)	 x23:0x8004cc60 x18:0x0000003c PA:0x8004cca8 store:0x0000003c load:0xffffffff
      129542000	      6375	800027d6	053ba623	sw	x19,76(x23)	 x23:0x8004cc60 x19:0xffffffa6 PA:0x8004ccac store:0xffffffa6 load:0xffffffff
      129722000	      6384	800027da	054ba823	sw	x20,80(x23)	 x23:0x8004cc60 x20:0xfffffbcf PA:0x8004ccb0 store:0xfffffbcf load:0xffffffff
      129922000	      6394	800027de	055baa23	sw	x21,84(x23)	 x23:0x8004cc60 x21:0xffffffd5 PA:0x8004ccb4 store:0xffffffd5 load:0xffffffff
      129942000	      6395	800027e2	056bac23	sw	x22,88(x23)	 x23:0x8004cc60 x22:0xffffff90 PA:0x8004ccb8 store:0xffffff90 load:0xffffffff
      130262000	      6411	800027e6	057bae23	sw	x23,92(x23)	 x23:0x8004cc60 x23:0x8004cc60 PA:0x8004ccbc store:0x8004cc60 load:0xffffffff
      130362000	      6416	800027ea	078ba023	sw	x24,96(x23)	 x23:0x8004cc60 x24:0xd439c048 PA:0x8004ccc0 store:0xd439c048 load:0xffffffff
      130522000	      6424	800027ee	079ba223	sw	x25,100(x23)	 x23:0x8004cc60 x25:0xfffffbcf PA:0x8004ccc4 store:0xfffffbcf load:0xffffffff
      130582000	      6427	800027f2	07aba423	sw	x26,104(x23)	 x23:0x8004cc60 x26:0x7d1a1000 PA:0x8004ccc8 store:0x7d1a1000 load:0xffffffff
      130962000	      6446	800027f6	07bba623	sw	x27,108(x23)	 x23:0x8004cc60 x27:0x0000fbcf PA:0x8004cccc store:0x0000fbcf load:0xffffffff
      131222000	      6459	800027fa	07cba823	sw	x28,112(x23)	 x23:0x8004cc60 x28:0xd439c048 PA:0x8004ccd0 store:0xd439c048 load:0xffffffff
      131282000	      6462	800027fe	07dbaa23	sw	x29,116(x23)	 x23:0x8004cc60 x29:0x000000e0 PA:0x8004ccd4 store:0x000000e0 load:0xffffffff
      131542000	      6475	80002802	07ebac23	sw	x30,120(x23)	 x23:0x8004cc60 x30:0x000036f8 PA:0x8004ccd8 store:0x000036f8 load:0xffffffff
      131602000	      6478	80002806	07fbae23	sw	x31,124(x23)	 x23:0x8004cc60 x31:0x00000022 PA:0x8004ccdc store:0x00000022 load:0xffffffff
      131622000	      6479	8000280a	000b86b3	add	x13,x23,x0	 x23:0x8004cc60  x0:0x00000000 x13=0x8004cc60
      131642000	      6480	8000280e	90000d37	lui	x26,0x90000	 x26=0x90000000
      131662000	      6481	80002812	1d71	c.addi	x26,-4	 x26:0x90000000 x26=0x8ffffffc
      131682000	      6482	80002814	4da1	c.li	x27,8	 x27=0x00000008
      131702000	      6483	80002816	0da2	c.slli	x27,0x8	 x27:0x00000008 x27=0x00000800
      131802000	      6488	80002818	000d8d93	addi	x27,x27,0	 x27:0x00000800 x27=0x00000800
      132262000	      6511	8000281c	01bd2023	sw	x27,0(x26)	 x26:0x8ffffffc x27:0x00000800 PA:0x8ffffffc store:0x00000800 load:0xffffffff
      132282000	      6512	80002820	34102df3	csrrs	x27,mepc,x0	  x0:0x00000000 x27=0x8000441a
      132642000	      6530	80002824	34202df3	csrrs	x27,mcause,x0	  x0:0x00000000 x27=0x00000007
      132682000	      6532	80002828	4d0d	c.li	x26,3	 x26=0x00000003
      133062000	      6551	8000282a	01ad9463	bne	x27,x26,80002832	 x27:0x00000007 x26:0x00000003
      133842000	      6590	80002832	4d21	c.li	x26,8	 x26=0x00000008
      133862000	      6591	80002834	05ad8d63	beq	x27,x26,8000288e	 x27:0x00000007 x26:0x00000008
      133882000	      6592	80002838	4d25	c.li	x26,9	 x26=0x00000009
      134002000	      6598	8000283a	05ad8a63	beq	x27,x26,8000288e	 x27:0x00000007 x26:0x00000009
      134022000	      6599	8000283e	4d2d	c.li	x26,11	 x26=0x0000000b
      134102000	      6603	80002840	05ad8763	beq	x27,x26,8000288e	 x27:0x00000007 x26:0x0000000b
      134202000	      6608	80002844	4d05	c.li	x26,1	 x26=0x00000001
      134222000	      6609	80002846	35ad8363	beq	x27,x26,80002b8c	 x27:0x00000007 x26:0x00000001
      134242000	      6610	8000284a	4d15	c.li	x26,5	 x26=0x00000005
      134542000	      6625	8000284c	63ad8a63	beq	x27,x26,80002e80	 x27:0x00000007 x26:0x00000005
      134682000	      6632	80002850	4d1d	c.li	x26,7	 x26=0x00000007
      134702000	      6633	80002852	15ad8ce3	beq	x27,x26,800031aa	 x27:0x00000007 x26:0x00000007
      135282000	      6662	800031aa	90000d37	lui	x26,0x90000	 x26=0x90000000
      135302000	      6663	800031ae	1d71	c.addi	x26,-4	 x26:0x90000000 x26=0x8ffffffc
      135422000	      6669	800031b0	4db1	c.li	x27,12	 x27=0x0000000c
      135442000	      6670	800031b2	0da2	c.slli	x27,0x8	 x27:0x0000000c x27=0x00000c00
      135602000	      6678	800031b4	000d8d93	addi	x27,x27,0	 x27:0x00000c00 x27=0x00000c00
      135942000	      6695	800031b8	01bd2023	sw	x27,0(x26)	 x26:0x8ffffffc x27:0x00000c00 PA:0x8ffffffc store:0x00000c00 load:0xffffffff
      135962000	      6696	800031bc	90000d37	lui	x26,0x90000	 x26=0x90000000
      135982000	      6697	800031c0	1d71	c.addi	x26,-4	 x26:0x90000000 x26=0x8ffffffc
      136002000	      6698	800031c2	34200d93	addi	x27,x0,834	  x0:0x00000000 x27=0x00000342
      136022000	      6699	800031c6	0da2	c.slli	x27,0x8	 x27:0x00000342 x27=0x00034200
      136042000	      6700	800031c8	0d8d	c.addi	x27,3	 x27:0x00034200 x27=0x00034203
      136302000	      6713	800031ca	01bd2023	sw	x27,0(x26)	 x26:0x8ffffffc x27:0x00034203 PA:0x8ffffffc store:0x00034203 load:0xffffffff
      136322000	      6714	800031ce	34202df3	csrrs	x27,mcause,x0	  x0:0x00000000 x27=0x00000007
      136382000	      6717	800031d2	01bd2023	sw	x27,0(x26)	 x26:0x8ffffffc x27:0x00000007 PA:0x8ffffffc store:0x00000007 load:0xffffffff
      136402000	      6718	800031d6	4d81	c.li	x27,0	 x27=0x00000000
      136422000	      6719	800031d8	83ee	c.mv	x7,x27	  x0:0x00000000 x27:0x00000000  x7=0x00000000
      136442000	      6720	800031da	4e01	c.li	x28,0	 x28=0x00000000
      136702000	      6733	800031dc	8d9e	c.mv	x27,x7	  x0:0x00000000  x7:0x00000000 x27=0x00000000
      136722000	      6734	800031de	85ee	c.mv	x11,x27	  x0:0x00000000 x27:0x00000000 x11=0x00000000
      136742000	      6735	800031e0	4581	c.li	x11,0	 x11=0x00000000
      136842000	      6740	800031e2	04bd8f63	beq	x27,x11,80003240	 x27:0x00000000 x11:0x00000000
      138122000	      6804	80003240	3b002d73	csrrs	x26,pmpaddr0,x0	  x0:0x00000000 x26=0x20000d2f
      138142000	      6805	80003244	3a002c73	csrrs	x24,pmpcfg0,x0	  x0:0x00000000 x24=0x0f0f0f0f
      138162000	      6806	80003248	a861	c.j	800032e0	
      138562000	      6826	800032e0	4411	c.li	x8,4	  x8=0x00000004
      138622000	      6829	800032e2	01e39d93	slli	x27,x7,0x1e	  x7:0x00000000 x27=0x00000000
      138642000	      6830	800032e6	01eddd93	srli	x27,x27,0x1e	 x27:0x00000000 x27=0x00000000
      138662000	      6831	800032ea	41b405b3	sub	x11,x8,x27	  x8:0x00000004 x27:0x00000000 x11=0x00000004
      138682000	      6832	800032ee	15fd	c.addi	x11,-1	 x11:0x00000004 x11=0x00000003
      138742000	      6835	800032f0	058e	c.slli	x11,0x3	 x11:0x00000003 x11=0x00000018
      139002000	      6848	800032f2	00bc1433	sll	x8,x24,x11	 x24:0x0f0f0f0f x11:0x00000018  x8=0x0f000000
      139022000	      6849	800032f6	0d8e	c.slli	x27,0x3	 x27:0x00000000 x27=0x00000000
      139042000	      6850	800032f8	95ee	c.add	x11,x27	 x11:0x00000018 x27:0x00000000 x11=0x00000018
      139062000	      6851	800032fa	00b45433	srl	x8,x8,x11	  x8:0x0f000000 x11:0x00000018  x8=0x0000000f
      139362000	      6866	800032fe	01b41593	slli	x11,x8,0x1b	  x8:0x0000000f x11=0x78000000
      139382000	      6867	80003302	81f9	c.srli	x11,0x1e	 x11:0x78000000 x11=0x00000001
      139782000	      6887	80003304	c5a1	c.beqz	x11,8000334c	 x11:0x00000001
      139802000	      6888	80003306	4d85	c.li	x27,1	 x27=0x00000001
      139902000	      6893	80003308	05b58363	beq	x11,x27,8000334e	 x11:0x00000001 x27:0x00000001
      140462000	      6921	8000334e	8d9e	c.mv	x27,x7	  x0:0x00000000  x7:0x00000000 x27=0x00000000
      154822000	      7639	80003350	343025f3	csrrs	x11,mtval,x0	  x0:0x00000000 x11=0xfd1d40aa
      154842000	      7640	80003354	8189	c.srli	x11,0x2	 x11:0xfd1d40aa x11=0x3f47502a
      154862000	      7641	80003356	000d9563	bne	x27,x0,80003360	 x27:0x00000000  x0:0x00000000
      154882000	      7642	8000335a	fc05c5e3	blt	x11,x0,80003324	 x11:0x3f47502a  x0:0x00000000
      154902000	      7643	8000335e	a019	c.j	80003364	
      154942000	      7645	80003364	fda5f0e3	bgeu	x11,x26,80003324	 x11:0x3f47502a x26:0x20000d2f
      155442000	      7670	80003324	8d9e	c.mv	x27,x7	  x0:0x00000000  x7:0x00000000 x27=0x00000000
      155462000	      7671	80003326	8e6a	c.mv	x28,x26	  x0:0x00000000 x26:0x20000d2f x28=0x20000d2f
      155542000	      7675	80003328	0d85	c.addi	x27,1	 x27:0x00000000 x27=0x00000001
      155562000	      7676	8000332a	83ee	c.mv	x7,x27	  x0:0x00000000 x27:0x00000001  x7=0x00000001
      155962000	      7696	8000332c	4d41	c.li	x26,16	 x26=0x00000010
      156202000	      7708	8000332e	01add363	bge	x27,x26,80003334	 x27:0x00000001 x26:0x00000010
      156222000	      7709	80003332	b56d	c.j	800031dc	
      156262000	      7711	800031dc	8d9e	c.mv	x27,x7	  x0:0x00000000  x7:0x00000001 x27=0x00000001
      156282000	      7712	800031de	85ee	c.mv	x11,x27	  x0:0x00000000 x27:0x00000001 x11=0x00000001
      156322000	      7714	800031e0	4581	c.li	x11,0	 x11=0x00000000
      156342000	      7715	800031e2	04bd8f63	beq	x27,x11,80003240	 x27:0x00000001 x11:0x00000000
      156362000	      7716	800031e6	4585	c.li	x11,1	 x11=0x00000001
      156402000	      7718	800031e8	06bd8163	beq	x27,x11,8000324a	 x27:0x00000001 x11:0x00000001
      156482000	      7722	8000324a	3b102d73	csrrs	x26,pmpaddr1,x0	  x0:0x00000000 x26=0x24445173
      156542000	      7725	8000324e	3a002c73	csrrs	x24,pmpcfg0,x0	  x0:0x00000000 x24=0x0f0f0f0f
      156562000	      7726	80003252	a079	c.j	800032e0	
      156602000	      7728	800032e0	4411	c.li	x8,4	  x8=0x00000004
      156622000	      7729	800032e2	01e39d93	slli	x27,x7,0x1e	  x7:0x00000001 x27=0x40000000
      156642000	      7730	800032e6	01eddd93	srli	x27,x27,0x1e	 x27:0x40000000 x27=0x00000001
      156662000	      7731	800032ea	41b405b3	sub	x11,x8,x27	  x8:0x00000004 x27:0x00000001 x11=0x00000003
      156682000	      7732	800032ee	15fd	c.addi	x11,-1	 x11:0x00000003 x11=0x00000002
      156702000	      7733	800032f0	058e	c.slli	x11,0x3	 x11:0x00000002 x11=0x00000010
      156722000	      7734	800032f2	00bc1433	sll	x8,x24,x11	 x24:0x0f0f0f0f x11:0x00000010  x8=0x0f0f0000
      156742000	      7735	800032f6	0d8e	c.slli	x27,0x3	 x27:0x00000001 x27=0x00000008
      156762000	      7736	800032f8	95ee	c.add	x11,x27	 x11:0x00000010 x27:0x00000008 x11=0x00000018
      156782000	      7737	800032fa	00b45433	srl	x8,x8,x11	  x8:0x0f0f0000 x11:0x00000018  x8=0x0000000f
      156802000	      7738	800032fe	01b41593	slli	x11,x8,0x1b	  x8:0x0000000f x11=0x78000000
      156822000	      7739	80003302	81f9	c.srli	x11,0x1e	 x11:0x78000000 x11=0x00000001
      156842000	      7740	80003304	c5a1	c.beqz	x11,8000334c	 x11:0x00000001
      156862000	      7741	80003306	4d85	c.li	x27,1	 x27=0x00000001
      156882000	      7742	80003308	05b58363	beq	x11,x27,8000334e	 x11:0x00000001 x27:0x00000001
      156922000	      7744	8000334e	8d9e	c.mv	x27,x7	  x0:0x00000000  x7:0x00000001 x27=0x00000001
      156942000	      7745	80003350	343025f3	csrrs	x11,mtval,x0	  x0:0x00000000 x11=0xfd1d40aa
      156962000	      7746	80003354	8189	c.srli	x11,0x2	 x11:0xfd1d40aa x11=0x3f47502a
      156982000	      7747	80003356	000d9563	bne	x27,x0,80003360	 x27:0x00000001  x0:0x00000000
      157022000	      7749	80003360	fdc5e2e3	bltu	x11,x28,80003324	 x11:0x3f47502a x28:0x20000d2f
      157042000	      7750	80003364	fda5f0e3	bgeu	x11,x26,80003324	 x11:0x3f47502a x26:0x24445173
      157102000	      7753	80003324	8d9e	c.mv	x27,x7	  x0:0x00000000  x7:0x00000001 x27=0x00000001
      157122000	      7754	80003326	8e6a	c.mv	x28,x26	  x0:0x00000000 x26:0x24445173 x28=0x24445173
      157162000	      7756	80003328	0d85	c.addi	x27,1	 x27:0x00000001 x27=0x00000002
      157182000	      7757	8000332a	83ee	c.mv	x7,x27	  x0:0x00000000 x27:0x00000002  x7=0x00000002
      157202000	      7758	8000332c	4d41	c.li	x26,16	 x26=0x00000010
      157262000	      7761	8000332e	01add363	bge	x27,x26,80003334	 x27:0x00000002 x26:0x00000010
      157282000	      7762	80003332	b56d	c.j	800031dc	
      157342000	      7765	800031dc	8d9e	c.mv	x27,x7	  x0:0x00000000  x7:0x00000002 x27=0x00000002
      157362000	      7766	800031de	85ee	c.mv	x11,x27	  x0:0x00000000 x27:0x00000002 x11=0x00000002
      157402000	      7768	800031e0	4581	c.li	x11,0	 x11=0x00000000
      157422000	      7769	800031e2	04bd8f63	beq	x27,x11,80003240	 x27:0x00000002 x11:0x00000000
      157442000	      7770	800031e6	4585	c.li	x11,1	 x11=0x00000001
      157462000	      7771	800031e8	06bd8163	beq	x27,x11,8000324a	 x27:0x00000002 x11:0x00000001
      157482000	      7772	800031ec	4589	c.li	x11,2	 x11=0x00000002
      157502000	      7773	800031ee	06bd8363	beq	x27,x11,80003254	 x27:0x00000002 x11:0x00000002
      157542000	      7775	80003254	3b202d73	csrrs	x26,pmpaddr2,x0	  x0:0x00000000 x26=0x288895b7
      157982000	      7797	80003258	3a002c73	csrrs	x24,pmpcfg0,x0	  x0:0x00000000 x24=0x0f0f0f0f
      158162000	      7806	8000325c	a051	c.j	800032e0	
      158202000	      7808	800032e0	4411	c.li	x8,4	  x8=0x00000004
      158222000	      7809	800032e2	01e39d93	slli	x27,x7,0x1e	  x7:0x00000002 x27=0x80000000
      158262000	      7811	800032e6	01eddd93	srli	x27,x27,0x1e	 x27:0x80000000 x27=0x00000002
      158282000	      7812	800032ea	41b405b3	sub	x11,x8,x27	  x8:0x00000004 x27:0x00000002 x11=0x00000002
      158302000	      7813	800032ee	15fd	c.addi	x11,-1	 x11:0x00000002 x11=0x00000001
      158322000	      7814	800032f0	058e	c.slli	x11,0x3	 x11:0x00000001 x11=0x00000008
      158342000	      7815	800032f2	00bc1433	sll	x8,x24,x11	 x24:0x0f0f0f0f x11:0x00000008  x8=0x0f0f0f00
      158362000	      7816	800032f6	0d8e	c.slli	x27,0x3	 x27:0x00000002 x27=0x00000010
      158382000	      7817	800032f8	95ee	c.add	x11,x27	 x11:0x00000008 x27:0x00000010 x11=0x00000018
      158402000	      7818	800032fa	00b45433	srl	x8,x8,x11	  x8:0x0f0f0f00 x11:0x00000018  x8=0x0000000f
      158422000	      7819	800032fe	01b41593	slli	x11,x8,0x1b	  x8:0x0000000f x11=0x78000000
      158442000	      7820	80003302	81f9	c.srli	x11,0x1e	 x11:0x78000000 x11=0x00000001
      158462000	      7821	80003304	c5a1	c.beqz	x11,8000334c	 x11:0x00000001
      158482000	      7822	80003306	4d85	c.li	x27,1	 x27=0x00000001
      158502000	      7823	80003308	05b58363	beq	x11,x27,8000334e	 x11:0x00000001 x27:0x00000001
      158542000	      7825	8000334e	8d9e	c.mv	x27,x7	  x0:0x00000000  x7:0x00000002 x27=0x00000002
      158562000	      7826	80003350	343025f3	csrrs	x11,mtval,x0	  x0:0x00000000 x11=0xfd1d40aa
      158582000	      7827	80003354	8189	c.srli	x11,0x2	 x11:0xfd1d40aa x11=0x3f47502a
      158602000	      7828	80003356	000d9563	bne	x27,x0,80003360	 x27:0x00000002  x0:0x00000000
      158642000	      7830	80003360	fdc5e2e3	bltu	x11,x28,80003324	 x11:0x3f47502a x28:0x24445173
      158662000	      7831	80003364	fda5f0e3	bgeu	x11,x26,80003324	 x11:0x3f47502a x26:0x288895b7
      158722000	      7834	80003324	8d9e	c.mv	x27,x7	  x0:0x00000000  x7:0x00000002 x27=0x00000002
      158742000	      7835	80003326	8e6a	c.mv	x28,x26	  x0:0x00000000 x26:0x288895b7 x28=0x288895b7
      158762000	      7836	80003328	0d85	c.addi	x27,1	 x27:0x00000002 x27=0x00000003
      158782000	      7837	8000332a	83ee	c.mv	x7,x27	  x0:0x00000000 x27:0x00000003  x7=0x00000003
      158802000	      7838	8000332c	4d41	c.li	x26,16	 x26=0x00000010
      158822000	      7839	8000332e	01add363	bge	x27,x26,80003334	 x27:0x00000003 x26:0x00000010
      158842000	      7840	80003332	b56d	c.j	800031dc	
      158882000	      7842	800031dc	8d9e	c.mv	x27,x7	  x0:0x00000000  x7:0x00000003 x27=0x00000003
      158902000	      7843	800031de	85ee	c.mv	x11,x27	  x0:0x00000000 x27:0x00000003 x11=0x00000003
      158922000	      7844	800031e0	4581	c.li	x11,0	 x11=0x00000000
      158942000	      7845	800031e2	04bd8f63	beq	x27,x11,80003240	 x27:0x00000003 x11:0x00000000
      158962000	      7846	800031e6	4585	c.li	x11,1	 x11=0x00000001
      158982000	      7847	800031e8	06bd8163	beq	x27,x11,8000324a	 x27:0x00000003 x11:0x00000001
      159002000	      7848	800031ec	4589	c.li	x11,2	 x11=0x00000002
      159022000	      7849	800031ee	06bd8363	beq	x27,x11,80003254	 x27:0x00000003 x11:0x00000002
      159042000	      7850	800031f2	458d	c.li	x11,3	 x11=0x00000003
      159062000	      7851	800031f4	06bd8563	beq	x27,x11,8000325e	 x27:0x00000003 x11:0x00000003
      159122000	      7854	8000325e	3b302d73	csrrs	x26,pmpaddr3,x0	  x0:0x00000000 x26=0x2cccd9fb
      159142000	      7855	80003262	3a002c73	csrrs	x24,pmpcfg0,x0	  x0:0x00000000 x24=0x0f0f0f0f
      159162000	      7856	80003266	a8ad	c.j	800032e0	
      159202000	      7858	800032e0	4411	c.li	x8,4	  x8=0x00000004
      159222000	      7859	800032e2	01e39d93	slli	x27,x7,0x1e	  x7:0x00000003 x27=0xc0000000
      159242000	      7860	800032e6	01eddd93	srli	x27,x27,0x1e	 x27:0xc0000000 x27=0x00000003
      159262000	      7861	800032ea	41b405b3	sub	x11,x8,x27	  x8:0x00000004 x27:0x00000003 x11=0x00000001
      159282000	      7862	800032ee	15fd	c.addi	x11,-1	 x11:0x00000001 x11=0x00000000
      159302000	      7863	800032f0	058e	c.slli	x11,0x3	 x11:0x00000000 x11=0x00000000
      159322000	      7864	800032f2	00bc1433	sll	x8,x24,x11	 x24:0x0f0f0f0f x11:0x00000000  x8=0x0f0f0f0f
      159342000	      7865	800032f6	0d8e	c.slli	x27,0x3	 x27:0x00000003 x27=0x00000018
      159362000	      7866	800032f8	95ee	c.add	x11,x27	 x11:0x00000000 x27:0x00000018 x11=0x00000018
      159382000	      7867	800032fa	00b45433	srl	x8,x8,x11	  x8:0x0f0f0f0f x11:0x00000018  x8=0x0000000f
      159402000	      7868	800032fe	01b41593	slli	x11,x8,0x1b	  x8:0x0000000f x11=0x78000000
      159422000	      7869	80003302	81f9	c.srli	x11,0x1e	 x11:0x78000000 x11=0x00000001
      159442000	      7870	80003304	c5a1	c.beqz	x11,8000334c	 x11:0x00000001
      159462000	      7871	80003306	4d85	c.li	x27,1	 x27=0x00000001
      159482000	      7872	80003308	05b58363	beq	x11,x27,8000334e	 x11:0x00000001 x27:0x00000001
      159542000	      7875	8000334e	8d9e	c.mv	x27,x7	  x0:0x00000000  x7:0x00000003 x27=0x00000003
      159562000	      7876	80003350	343025f3	csrrs	x11,mtval,x0	  x0:0x00000000 x11=0xfd1d40aa
      159582000	      7877	80003354	8189	c.srli	x11,0x2	 x11:0xfd1d40aa x11=0x3f47502a
      159602000	      7878	80003356	000d9563	bne	x27,x0,80003360	 x27:0x00000003  x0:0x00000000
      159642000	      7880	80003360	fdc5e2e3	bltu	x11,x28,80003324	 x11:0x3f47502a x28:0x288895b7
      159662000	      7881	80003364	fda5f0e3	bgeu	x11,x26,80003324	 x11:0x3f47502a x26:0x2cccd9fb
      159722000	      7884	80003324	8d9e	c.mv	x27,x7	  x0:0x00000000  x7:0x00000003 x27=0x00000003
      159742000	      7885	80003326	8e6a	c.mv	x28,x26	  x0:0x00000000 x26:0x2cccd9fb x28=0x2cccd9fb
      159762000	      7886	80003328	0d85	c.addi	x27,1	 x27:0x00000003 x27=0x00000004
      159782000	      7887	8000332a	83ee	c.mv	x7,x27	  x0:0x00000000 x27:0x00000004  x7=0x00000004
      159802000	      7888	8000332c	4d41	c.li	x26,16	 x26=0x00000010
      159822000	      7889	8000332e	01add363	bge	x27,x26,80003334	 x27:0x00000004 x26:0x00000010
      159842000	      7890	80003332	b56d	c.j	800031dc	
      159882000	      7892	800031dc	8d9e	c.mv	x27,x7	  x0:0x00000000  x7:0x00000004 x27=0x00000004
      159902000	      7893	800031de	85ee	c.mv	x11,x27	  x0:0x00000000 x27:0x00000004 x11=0x00000004
      159922000	      7894	800031e0	4581	c.li	x11,0	 x11=0x00000000
      159942000	      7895	800031e2	04bd8f63	beq	x27,x11,80003240	 x27:0x00000004 x11:0x00000000
      159962000	      7896	800031e6	4585	c.li	x11,1	 x11=0x00000001
      159982000	      7897	800031e8	06bd8163	beq	x27,x11,8000324a	 x27:0x00000004 x11:0x00000001
      160002000	      7898	800031ec	4589	c.li	x11,2	 x11=0x00000002
      160022000	      7899	800031ee	06bd8363	beq	x27,x11,80003254	 x27:0x00000004 x11:0x00000002
      160042000	      7900	800031f2	458d	c.li	x11,3	 x11=0x00000003
      160062000	      7901	800031f4	06bd8563	beq	x27,x11,8000325e	 x27:0x00000004 x11:0x00000003
      160082000	      7902	800031f8	4591	c.li	x11,4	 x11=0x00000004
      160102000	      7903	800031fa	06bd8763	beq	x27,x11,80003268	 x27:0x00000004 x11:0x00000004
      160142000	      7905	80003268	3b402d73	csrrs	x26,pmpaddr4,x0	  x0:0x00000000 x26=0x31111e40
      160162000	      7906	8000326c	3a102c73	csrrs	x24,pmpcfg1,x0	  x0:0x00000000 x24=0x0f0f0f0f
      160182000	      7907	80003270	a885	c.j	800032e0	
      160222000	      7909	800032e0	4411	c.li	x8,4	  x8=0x00000004
      160242000	      7910	800032e2	01e39d93	slli	x27,x7,0x1e	  x7:0x00000004 x27=0x00000000
      160262000	      7911	800032e6	01eddd93	srli	x27,x27,0x1e	 x27:0x00000000 x27=0x00000000
      160282000	      7912	800032ea	41b405b3	sub	x11,x8,x27	  x8:0x00000004 x27:0x00000000 x11=0x00000004
      160302000	      7913	800032ee	15fd	c.addi	x11,-1	 x11:0x00000004 x11=0x00000003
      160322000	      7914	800032f0	058e	c.slli	x11,0x3	 x11:0x00000003 x11=0x00000018
      160342000	      7915	800032f2	00bc1433	sll	x8,x24,x11	 x24:0x0f0f0f0f x11:0x00000018  x8=0x0f000000
      160362000	      7916	800032f6	0d8e	c.slli	x27,0x3	 x27:0x00000000 x27=0x00000000
      160382000	      7917	800032f8	95ee	c.add	x11,x27	 x11:0x00000018 x27:0x00000000 x11=0x00000018
      160402000	      7918	800032fa	00b45433	srl	x8,x8,x11	  x8:0x0f000000 x11:0x00000018  x8=0x0000000f
      160422000	      7919	800032fe	01b41593	slli	x11,x8,0x1b	  x8:0x0000000f x11=0x78000000
      160442000	      7920	80003302	81f9	c.srli	x11,0x1e	 x11:0x78000000 x11=0x00000001
      160462000	      7921	80003304	c5a1	c.beqz	x11,8000334c	 x11:0x00000001
      160482000	      7922	80003306	4d85	c.li	x27,1	 x27=0x00000001
      160502000	      7923	80003308	05b58363	beq	x11,x27,8000334e	 x11:0x00000001 x27:0x00000001
      160542000	      7925	8000334e	8d9e	c.mv	x27,x7	  x0:0x00000000  x7:0x00000004 x27=0x00000004
      160562000	      7926	80003350	343025f3	csrrs	x11,mtval,x0	  x0:0x00000000 x11=0xfd1d40aa
      160582000	      7927	80003354	8189	c.srli	x11,0x2	 x11:0xfd1d40aa x11=0x3f47502a
      160602000	      7928	80003356	000d9563	bne	x27,x0,80003360	 x27:0x00000004  x0:0x00000000
      160642000	      7930	80003360	fdc5e2e3	bltu	x11,x28,80003324	 x11:0x3f47502a x28:0x2cccd9fb
      160662000	      7931	80003364	fda5f0e3	bgeu	x11,x26,80003324	 x11:0x3f47502a x26:0x31111e40
      160722000	      7934	80003324	8d9e	c.mv	x27,x7	  x0:0x00000000  x7:0x00000004 x27=0x00000004
      160742000	      7935	80003326	8e6a	c.mv	x28,x26	  x0:0x00000000 x26:0x31111e40 x28=0x31111e40
      160762000	      7936	80003328	0d85	c.addi	x27,1	 x27:0x00000004 x27=0x00000005
      160782000	      7937	8000332a	83ee	c.mv	x7,x27	  x0:0x00000000 x27:0x00000005  x7=0x00000005
      160802000	      7938	8000332c	4d41	c.li	x26,16	 x26=0x00000010
      160822000	      7939	8000332e	01add363	bge	x27,x26,80003334	 x27:0x00000005 x26:0x00000010
      160842000	      7940	80003332	b56d	c.j	800031dc	
      160902000	      7943	800031dc	8d9e	c.mv	x27,x7	  x0:0x00000000  x7:0x00000005 x27=0x00000005
      160922000	      7944	800031de	85ee	c.mv	x11,x27	  x0:0x00000000 x27:0x00000005 x11=0x00000005
      160942000	      7945	800031e0	4581	c.li	x11,0	 x11=0x00000000
      160962000	      7946	800031e2	04bd8f63	beq	x27,x11,80003240	 x27:0x00000005 x11:0x00000000
      160982000	      7947	800031e6	4585	c.li	x11,1	 x11=0x00000001
      161002000	      7948	800031e8	06bd8163	beq	x27,x11,8000324a	 x27:0x00000005 x11:0x00000001
      161022000	      7949	800031ec	4589	c.li	x11,2	 x11=0x00000002
      161042000	      7950	800031ee	06bd8363	beq	x27,x11,80003254	 x27:0x00000005 x11:0x00000002
      161062000	      7951	800031f2	458d	c.li	x11,3	 x11=0x00000003
      161082000	      7952	800031f4	06bd8563	beq	x27,x11,8000325e	 x27:0x00000005 x11:0x00000003
      161102000	      7953	800031f8	4591	c.li	x11,4	 x11=0x00000004
      161122000	      7954	800031fa	06bd8763	beq	x27,x11,80003268	 x27:0x00000005 x11:0x00000004
      161142000	      7955	800031fe	4595	c.li	x11,5	 x11=0x00000005
      161162000	      7956	80003200	06bd8963	beq	x27,x11,80003272	 x27:0x00000005 x11:0x00000005
      161222000	      7959	80003272	3b502d73	csrrs	x26,pmpaddr5,x0	  x0:0x00000000 x26=0x35556284
      161242000	      7960	80003276	3a102c73	csrrs	x24,pmpcfg1,x0	  x0:0x00000000 x24=0x0f0f0f0f
      161262000	      7961	8000327a	a09d	c.j	800032e0	
      161302000	      7963	800032e0	4411	c.li	x8,4	  x8=0x00000004
      161322000	      7964	800032e2	01e39d93	slli	x27,x7,0x1e	  x7:0x00000005 x27=0x40000000
      161342000	      7965	800032e6	01eddd93	srli	x27,x27,0x1e	 x27:0x40000000 x27=0x00000001
      161362000	      7966	800032ea	41b405b3	sub	x11,x8,x27	  x8:0x00000004 x27:0x00000001 x11=0x00000003
      161382000	      7967	800032ee	15fd	c.addi	x11,-1	 x11:0x00000003 x11=0x00000002
      161402000	      7968	800032f0	058e	c.slli	x11,0x3	 x11:0x00000002 x11=0x00000010
      161422000	      7969	800032f2	00bc1433	sll	x8,x24,x11	 x24:0x0f0f0f0f x11:0x00000010  x8=0x0f0f0000
      161442000	      7970	800032f6	0d8e	c.slli	x27,0x3	 x27:0x00000001 x27=0x00000008
      161462000	      7971	800032f8	95ee	c.add	x11,x27	 x11:0x00000010 x27:0x00000008 x11=0x00000018
      161482000	      7972	800032fa	00b45433	srl	x8,x8,x11	  x8:0x0f0f0000 x11:0x00000018  x8=0x0000000f
      161502000	      7973	800032fe	01b41593	slli	x11,x8,0x1b	  x8:0x0000000f x11=0x78000000
      161522000	      7974	80003302	81f9	c.srli	x11,0x1e	 x11:0x78000000 x11=0x00000001
      161542000	      7975	80003304	c5a1	c.beqz	x11,8000334c	 x11:0x00000001
      161562000	      7976	80003306	4d85	c.li	x27,1	 x27=0x00000001
      161582000	      7977	80003308	05b58363	beq	x11,x27,8000334e	 x11:0x00000001 x27:0x00000001
      161642000	      7980	8000334e	8d9e	c.mv	x27,x7	  x0:0x00000000  x7:0x00000005 x27=0x00000005
      161662000	      7981	80003350	343025f3	csrrs	x11,mtval,x0	  x0:0x00000000 x11=0xfd1d40aa
      161682000	      7982	80003354	8189	c.srli	x11,0x2	 x11:0xfd1d40aa x11=0x3f47502a
      161702000	      7983	80003356	000d9563	bne	x27,x0,80003360	 x27:0x00000005  x0:0x00000000
      161742000	      7985	80003360	fdc5e2e3	bltu	x11,x28,80003324	 x11:0x3f47502a x28:0x31111e40
      161762000	      7986	80003364	fda5f0e3	bgeu	x11,x26,80003324	 x11:0x3f47502a x26:0x35556284
      161822000	      7989	80003324	8d9e	c.mv	x27,x7	  x0:0x00000000  x7:0x00000005 x27=0x00000005
      161842000	      7990	80003326	8e6a	c.mv	x28,x26	  x0:0x00000000 x26:0x35556284 x28=0x35556284
      161862000	      7991	80003328	0d85	c.addi	x27,1	 x27:0x00000005 x27=0x00000006
      161882000	      7992	8000332a	83ee	c.mv	x7,x27	  x0:0x00000000 x27:0x00000006  x7=0x00000006
      161902000	      7993	8000332c	4d41	c.li	x26,16	 x26=0x00000010
      161922000	      7994	8000332e	01add363	bge	x27,x26,80003334	 x27:0x00000006 x26:0x00000010
      161942000	      7995	80003332	b56d	c.j	800031dc	
      162002000	      7998	800031dc	8d9e	c.mv	x27,x7	  x0:0x00000000  x7:0x00000006 x27=0x00000006
      162022000	      7999	800031de	85ee	c.mv	x11,x27	  x0:0x00000000 x27:0x00000006 x11=0x00000006
      162042000	      8000	800031e0	4581	c.li	x11,0	 x11=0x00000000
      162062000	      8001	800031e2	04bd8f63	beq	x27,x11,80003240	 x27:0x00000006 x11:0x00000000
      162082000	      8002	800031e6	4585	c.li	x11,1	 x11=0x00000001
      162102000	      8003	800031e8	06bd8163	beq	x27,x11,8000324a	 x27:0x00000006 x11:0x00000001
      162122000	      8004	800031ec	4589	c.li	x11,2	 x11=0x00000002
      162142000	      8005	800031ee	06bd8363	beq	x27,x11,80003254	 x27:0x00000006 x11:0x00000002
      162162000	      8006	800031f2	458d	c.li	x11,3	 x11=0x00000003
      162182000	      8007	800031f4	06bd8563	beq	x27,x11,8000325e	 x27:0x00000006 x11:0x00000003
      162202000	      8008	800031f8	4591	c.li	x11,4	 x11=0x00000004
      162222000	      8009	800031fa	06bd8763	beq	x27,x11,80003268	 x27:0x00000006 x11:0x00000004
      162242000	      8010	800031fe	4595	c.li	x11,5	 x11=0x00000005
      162262000	      8011	80003200	06bd8963	beq	x27,x11,80003272	 x27:0x00000006 x11:0x00000005
      162282000	      8012	80003204	4599	c.li	x11,6	 x11=0x00000006
      162302000	      8013	80003206	06bd8b63	beq	x27,x11,8000327c	 x27:0x00000006 x11:0x00000006
      162342000	      8015	8000327c	3b602d73	csrrs	x26,pmpaddr6,x0	  x0:0x00000000 x26=0x3999a6c8
      162362000	      8016	80003280	3a102c73	csrrs	x24,pmpcfg1,x0	  x0:0x00000000 x24=0x0f0f0f0f
      162382000	      8017	80003284	a8b1	c.j	800032e0	
      162422000	      8019	800032e0	4411	c.li	x8,4	  x8=0x00000004
      162442000	      8020	800032e2	01e39d93	slli	x27,x7,0x1e	  x7:0x00000006 x27=0x80000000
      162462000	      8021	800032e6	01eddd93	srli	x27,x27,0x1e	 x27:0x80000000 x27=0x00000002
      162482000	      8022	800032ea	41b405b3	sub	x11,x8,x27	  x8:0x00000004 x27:0x00000002 x11=0x00000002
      162502000	      8023	800032ee	15fd	c.addi	x11,-1	 x11:0x00000002 x11=0x00000001
      162522000	      8024	800032f0	058e	c.slli	x11,0x3	 x11:0x00000001 x11=0x00000008
      162542000	      8025	800032f2	00bc1433	sll	x8,x24,x11	 x24:0x0f0f0f0f x11:0x00000008  x8=0x0f0f0f00
      162562000	      8026	800032f6	0d8e	c.slli	x27,0x3	 x27:0x00000002 x27=0x00000010
      162582000	      8027	800032f8	95ee	c.add	x11,x27	 x11:0x00000008 x27:0x00000010 x11=0x00000018
      162602000	      8028	800032fa	00b45433	srl	x8,x8,x11	  x8:0x0f0f0f00 x11:0x00000018  x8=0x0000000f
      162622000	      8029	800032fe	01b41593	slli	x11,x8,0x1b	  x8:0x0000000f x11=0x78000000
      162642000	      8030	80003302	81f9	c.srli	x11,0x1e	 x11:0x78000000 x11=0x00000001
      162662000	      8031	80003304	c5a1	c.beqz	x11,8000334c	 x11:0x00000001
      162682000	      8032	80003306	4d85	c.li	x27,1	 x27=0x00000001
      162702000	      8033	80003308	05b58363	beq	x11,x27,8000334e	 x11:0x00000001 x27:0x00000001
      162742000	      8035	8000334e	8d9e	c.mv	x27,x7	  x0:0x00000000  x7:0x00000006 x27=0x00000006
      162762000	      8036	80003350	343025f3	csrrs	x11,mtval,x0	  x0:0x00000000 x11=0xfd1d40aa
      162782000	      8037	80003354	8189	c.srli	x11,0x2	 x11:0xfd1d40aa x11=0x3f47502a
      162802000	      8038	80003356	000d9563	bne	x27,x0,80003360	 x27:0x00000006  x0:0x00000000
      162842000	      8040	80003360	fdc5e2e3	bltu	x11,x28,80003324	 x11:0x3f47502a x28:0x35556284
      162862000	      8041	80003364	fda5f0e3	bgeu	x11,x26,80003324	 x11:0x3f47502a x26:0x3999a6c8
      162922000	      8044	80003324	8d9e	c.mv	x27,x7	  x0:0x00000000  x7:0x00000006 x27=0x00000006
      162942000	      8045	80003326	8e6a	c.mv	x28,x26	  x0:0x00000000 x26:0x3999a6c8 x28=0x3999a6c8
      162962000	      8046	80003328	0d85	c.addi	x27,1	 x27:0x00000006 x27=0x00000007
      162982000	      8047	8000332a	83ee	c.mv	x7,x27	  x0:0x00000000 x27:0x00000007  x7=0x00000007
      163002000	      8048	8000332c	4d41	c.li	x26,16	 x26=0x00000010
      163022000	      8049	8000332e	01add363	bge	x27,x26,80003334	 x27:0x00000007 x26:0x00000010
      163042000	      8050	80003332	b56d	c.j	800031dc	
      163102000	      8053	800031dc	8d9e	c.mv	x27,x7	  x0:0x00000000  x7:0x00000007 x27=0x00000007
      163122000	      8054	800031de	85ee	c.mv	x11,x27	  x0:0x00000000 x27:0x00000007 x11=0x00000007
      163142000	      8055	800031e0	4581	c.li	x11,0	 x11=0x00000000
      163162000	      8056	800031e2	04bd8f63	beq	x27,x11,80003240	 x27:0x00000007 x11:0x00000000
      163182000	      8057	800031e6	4585	c.li	x11,1	 x11=0x00000001
      163202000	      8058	800031e8	06bd8163	beq	x27,x11,8000324a	 x27:0x00000007 x11:0x00000001
      163222000	      8059	800031ec	4589	c.li	x11,2	 x11=0x00000002
      163242000	      8060	800031ee	06bd8363	beq	x27,x11,80003254	 x27:0x00000007 x11:0x00000002
      163262000	      8061	800031f2	458d	c.li	x11,3	 x11=0x00000003
      163282000	      8062	800031f4	06bd8563	beq	x27,x11,8000325e	 x27:0x00000007 x11:0x00000003
      163302000	      8063	800031f8	4591	c.li	x11,4	 x11=0x00000004
      163322000	      8064	800031fa	06bd8763	beq	x27,x11,80003268	 x27:0x00000007 x11:0x00000004
      163342000	      8065	800031fe	4595	c.li	x11,5	 x11=0x00000005
      163362000	      8066	80003200	06bd8963	beq	x27,x11,80003272	 x27:0x00000007 x11:0x00000005
      163382000	      8067	80003204	4599	c.li	x11,6	 x11=0x00000006
      163402000	      8068	80003206	06bd8b63	beq	x27,x11,8000327c	 x27:0x00000007 x11:0x00000006
      163422000	      8069	8000320a	459d	c.li	x11,7	 x11=0x00000007
      163442000	      8070	8000320c	06bd8d63	beq	x27,x11,80003286	 x27:0x00000007 x11:0x00000007
      163502000	      8073	80003286	3b702d73	csrrs	x26,pmpaddr7,x0	  x0:0x00000000 x26=0x3dddeb0c
      163522000	      8074	8000328a	3a102c73	csrrs	x24,pmpcfg1,x0	  x0:0x00000000 x24=0x0f0f0f0f
      163542000	      8075	8000328e	a889	c.j	800032e0	
      163582000	      8077	800032e0	4411	c.li	x8,4	  x8=0x00000004
      163602000	      8078	800032e2	01e39d93	slli	x27,x7,0x1e	  x7:0x00000007 x27=0xc0000000
      163662000	      8081	800032e6	01eddd93	srli	x27,x27,0x1e	 x27:0xc0000000 x27=0x00000003
      163682000	      8082	800032ea	41b405b3	sub	x11,x8,x27	  x8:0x00000004 x27:0x00000003 x11=0x00000001
      163702000	      8083	800032ee	15fd	c.addi	x11,-1	 x11:0x00000001 x11=0x00000000
      163722000	      8084	800032f0	058e	c.slli	x11,0x3	 x11:0x00000000 x11=0x00000000
      163742000	      8085	800032f2	00bc1433	sll	x8,x24,x11	 x24:0x0f0f0f0f x11:0x00000000  x8=0x0f0f0f0f
      163762000	      8086	800032f6	0d8e	c.slli	x27,0x3	 x27:0x00000003 x27=0x00000018
      163782000	      8087	800032f8	95ee	c.add	x11,x27	 x11:0x00000000 x27:0x00000018 x11=0x00000018
      163802000	      8088	800032fa	00b45433	srl	x8,x8,x11	  x8:0x0f0f0f0f x11:0x00000018  x8=0x0000000f
      163822000	      8089	800032fe	01b41593	slli	x11,x8,0x1b	  x8:0x0000000f x11=0x78000000
      163842000	      8090	80003302	81f9	c.srli	x11,0x1e	 x11:0x78000000 x11=0x00000001
      163862000	      8091	80003304	c5a1	c.beqz	x11,8000334c	 x11:0x00000001
      163882000	      8092	80003306	4d85	c.li	x27,1	 x27=0x00000001
      163902000	      8093	80003308	05b58363	beq	x11,x27,8000334e	 x11:0x00000001 x27:0x00000001
      163962000	      8096	8000334e	8d9e	c.mv	x27,x7	  x0:0x00000000  x7:0x00000007 x27=0x00000007
      163982000	      8097	80003350	343025f3	csrrs	x11,mtval,x0	  x0:0x00000000 x11=0xfd1d40aa
      164002000	      8098	80003354	8189	c.srli	x11,0x2	 x11:0xfd1d40aa x11=0x3f47502a
      164022000	      8099	80003356	000d9563	bne	x27,x0,80003360	 x27:0x00000007  x0:0x00000000
      164062000	      8101	80003360	fdc5e2e3	bltu	x11,x28,80003324	 x11:0x3f47502a x28:0x3999a6c8
      164082000	      8102	80003364	fda5f0e3	bgeu	x11,x26,80003324	 x11:0x3f47502a x26:0x3dddeb0c
      164142000	      8105	80003324	8d9e	c.mv	x27,x7	  x0:0x00000000  x7:0x00000007 x27=0x00000007
      164162000	      8106	80003326	8e6a	c.mv	x28,x26	  x0:0x00000000 x26:0x3dddeb0c x28=0x3dddeb0c
      164182000	      8107	80003328	0d85	c.addi	x27,1	 x27:0x00000007 x27=0x00000008
      164202000	      8108	8000332a	83ee	c.mv	x7,x27	  x0:0x00000000 x27:0x00000008  x7=0x00000008
      164222000	      8109	8000332c	4d41	c.li	x26,16	 x26=0x00000010
      164242000	      8110	8000332e	01add363	bge	x27,x26,80003334	 x27:0x00000008 x26:0x00000010
      164262000	      8111	80003332	b56d	c.j	800031dc	
      164302000	      8113	800031dc	8d9e	c.mv	x27,x7	  x0:0x00000000  x7:0x00000008 x27=0x00000008
      164322000	      8114	800031de	85ee	c.mv	x11,x27	  x0:0x00000000 x27:0x00000008 x11=0x00000008
      164342000	      8115	800031e0	4581	c.li	x11,0	 x11=0x00000000
      164362000	      8116	800031e2	04bd8f63	beq	x27,x11,80003240	 x27:0x00000008 x11:0x00000000
      164382000	      8117	800031e6	4585	c.li	x11,1	 x11=0x00000001
      164402000	      8118	800031e8	06bd8163	beq	x27,x11,8000324a	 x27:0x00000008 x11:0x00000001
      164422000	      8119	800031ec	4589	c.li	x11,2	 x11=0x00000002
      164442000	      8120	800031ee	06bd8363	beq	x27,x11,80003254	 x27:0x00000008 x11:0x00000002
      164462000	      8121	800031f2	458d	c.li	x11,3	 x11=0x00000003
      164482000	      8122	800031f4	06bd8563	beq	x27,x11,8000325e	 x27:0x00000008 x11:0x00000003
      164502000	      8123	800031f8	4591	c.li	x11,4	 x11=0x00000004
      164522000	      8124	800031fa	06bd8763	beq	x27,x11,80003268	 x27:0x00000008 x11:0x00000004
      164542000	      8125	800031fe	4595	c.li	x11,5	 x11=0x00000005
      164562000	      8126	80003200	06bd8963	beq	x27,x11,80003272	 x27:0x00000008 x11:0x00000005
      164582000	      8127	80003204	4599	c.li	x11,6	 x11=0x00000006
      164602000	      8128	80003206	06bd8b63	beq	x27,x11,8000327c	 x27:0x00000008 x11:0x00000006
      164622000	      8129	8000320a	459d	c.li	x11,7	 x11=0x00000007
      164642000	      8130	8000320c	06bd8d63	beq	x27,x11,80003286	 x27:0x00000008 x11:0x00000007
      164662000	      8131	80003210	45a1	c.li	x11,8	 x11=0x00000008
      164682000	      8132	80003212	06bd8f63	beq	x27,x11,80003290	 x27:0x00000008 x11:0x00000008
      164722000	      8134	80003290	3b802d73	csrrs	x26,pmpaddr8,x0	  x0:0x00000000 x26=0x02222f51
      164742000	      8135	80003294	3a202c73	csrrs	x24,pmpcfg2,x0	  x0:0x00000000 x24=0x0f0f0f0f
      164762000	      8136	80003298	a0a1	c.j	800032e0	
      164802000	      8138	800032e0	4411	c.li	x8,4	  x8=0x00000004
      164822000	      8139	800032e2	01e39d93	slli	x27,x7,0x1e	  x7:0x00000008 x27=0x00000000
      164842000	      8140	800032e6	01eddd93	srli	x27,x27,0x1e	 x27:0x00000000 x27=0x00000000
      164862000	      8141	800032ea	41b405b3	sub	x11,x8,x27	  x8:0x00000004 x27:0x00000000 x11=0x00000004
      164882000	      8142	800032ee	15fd	c.addi	x11,-1	 x11:0x00000004 x11=0x00000003
      164902000	      8143	800032f0	058e	c.slli	x11,0x3	 x11:0x00000003 x11=0x00000018
      164922000	      8144	800032f2	00bc1433	sll	x8,x24,x11	 x24:0x0f0f0f0f x11:0x00000018  x8=0x0f000000
      164942000	      8145	800032f6	0d8e	c.slli	x27,0x3	 x27:0x00000000 x27=0x00000000
      164962000	      8146	800032f8	95ee	c.add	x11,x27	 x11:0x00000018 x27:0x00000000 x11=0x00000018
      164982000	      8147	800032fa	00b45433	srl	x8,x8,x11	  x8:0x0f000000 x11:0x00000018  x8=0x0000000f
      165002000	      8148	800032fe	01b41593	slli	x11,x8,0x1b	  x8:0x0000000f x11=0x78000000
      165022000	      8149	80003302	81f9	c.srli	x11,0x1e	 x11:0x78000000 x11=0x00000001
      165042000	      8150	80003304	c5a1	c.beqz	x11,8000334c	 x11:0x00000001
      165062000	      8151	80003306	4d85	c.li	x27,1	 x27=0x00000001
      165082000	      8152	80003308	05b58363	beq	x11,x27,8000334e	 x11:0x00000001 x27:0x00000001
      165142000	      8155	8000334e	8d9e	c.mv	x27,x7	  x0:0x00000000  x7:0x00000008 x27=0x00000008
      165162000	      8156	80003350	343025f3	csrrs	x11,mtval,x0	  x0:0x00000000 x11=0xfd1d40aa
      165182000	      8157	80003354	8189	c.srli	x11,0x2	 x11:0xfd1d40aa x11=0x3f47502a
      165202000	      8158	80003356	000d9563	bne	x27,x0,80003360	 x27:0x00000008  x0:0x00000000
      165242000	      8160	80003360	fdc5e2e3	bltu	x11,x28,80003324	 x11:0x3f47502a x28:0x3dddeb0c
      165262000	      8161	80003364	fda5f0e3	bgeu	x11,x26,80003324	 x11:0x3f47502a x26:0x02222f51
      165322000	      8164	80003324	8d9e	c.mv	x27,x7	  x0:0x00000000  x7:0x00000008 x27=0x00000008
      165342000	      8165	80003326	8e6a	c.mv	x28,x26	  x0:0x00000000 x26:0x02222f51 x28=0x02222f51
      165362000	      8166	80003328	0d85	c.addi	x27,1	 x27:0x00000008 x27=0x00000009
      165382000	      8167	8000332a	83ee	c.mv	x7,x27	  x0:0x00000000 x27:0x00000009  x7=0x00000009
      165402000	      8168	8000332c	4d41	c.li	x26,16	 x26=0x00000010
      165422000	      8169	8000332e	01add363	bge	x27,x26,80003334	 x27:0x00000009 x26:0x00000010
      165442000	      8170	80003332	b56d	c.j	800031dc	
      165482000	      8172	800031dc	8d9e	c.mv	x27,x7	  x0:0x00000000  x7:0x00000009 x27=0x00000009
      165502000	      8173	800031de	85ee	c.mv	x11,x27	  x0:0x00000000 x27:0x00000009 x11=0x00000009
      165522000	      8174	800031e0	4581	c.li	x11,0	 x11=0x00000000
      165542000	      8175	800031e2	04bd8f63	beq	x27,x11,80003240	 x27:0x00000009 x11:0x00000000
      165562000	      8176	800031e6	4585	c.li	x11,1	 x11=0x00000001
      165582000	      8177	800031e8	06bd8163	beq	x27,x11,8000324a	 x27:0x00000009 x11:0x00000001
      165602000	      8178	800031ec	4589	c.li	x11,2	 x11=0x00000002
      165622000	      8179	800031ee	06bd8363	beq	x27,x11,80003254	 x27:0x00000009 x11:0x00000002
      165642000	      8180	800031f2	458d	c.li	x11,3	 x11=0x00000003
      165662000	      8181	800031f4	06bd8563	beq	x27,x11,8000325e	 x27:0x00000009 x11:0x00000003
      165682000	      8182	800031f8	4591	c.li	x11,4	 x11=0x00000004
      165702000	      8183	800031fa	06bd8763	beq	x27,x11,80003268	 x27:0x00000009 x11:0x00000004
      165722000	      8184	800031fe	4595	c.li	x11,5	 x11=0x00000005
      165742000	      8185	80003200	06bd8963	beq	x27,x11,80003272	 x27:0x00000009 x11:0x00000005
      165762000	      8186	80003204	4599	c.li	x11,6	 x11=0x00000006
      165782000	      8187	80003206	06bd8b63	beq	x27,x11,8000327c	 x27:0x00000009 x11:0x00000006
      165802000	      8188	8000320a	459d	c.li	x11,7	 x11=0x00000007
      165822000	      8189	8000320c	06bd8d63	beq	x27,x11,80003286	 x27:0x00000009 x11:0x00000007
      165842000	      8190	80003210	45a1	c.li	x11,8	 x11=0x00000008
      165862000	      8191	80003212	06bd8f63	beq	x27,x11,80003290	 x27:0x00000009 x11:0x00000008
      165882000	      8192	80003216	45a5	c.li	x11,9	 x11=0x00000009
      165902000	      8193	80003218	08bd8163	beq	x27,x11,8000329a	 x27:0x00000009 x11:0x00000009
      165962000	      8196	8000329a	3b902d73	csrrs	x26,pmpaddr9,x0	  x0:0x00000000 x26=0x06667395
      165982000	      8197	8000329e	3a202c73	csrrs	x24,pmpcfg2,x0	  x0:0x00000000 x24=0x0f0f0f0f
      166002000	      8198	800032a2	a83d	c.j	800032e0	
      166062000	      8201	800032e0	4411	c.li	x8,4	  x8=0x00000004
      166082000	      8202	800032e2	01e39d93	slli	x27,x7,0x1e	  x7:0x00000009 x27=0x40000000
      166142000	      8205	800032e6	01eddd93	srli	x27,x27,0x1e	 x27:0x40000000 x27=0x00000001
      166162000	      8206	800032ea	41b405b3	sub	x11,x8,x27	  x8:0x00000004 x27:0x00000001 x11=0x00000003
      166182000	      8207	800032ee	15fd	c.addi	x11,-1	 x11:0x00000003 x11=0x00000002
      166222000	      8209	800032f0	058e	c.slli	x11,0x3	 x11:0x00000002 x11=0x00000010
      166242000	      8210	800032f2	00bc1433	sll	x8,x24,x11	 x24:0x0f0f0f0f x11:0x00000010  x8=0x0f0f0000
      166262000	      8211	800032f6	0d8e	c.slli	x27,0x3	 x27:0x00000001 x27=0x00000008
      166302000	      8213	800032f8	95ee	c.add	x11,x27	 x11:0x00000010 x27:0x00000008 x11=0x00000018
      166322000	      8214	800032fa	00b45433	srl	x8,x8,x11	  x8:0x0f0f0000 x11:0x00000018  x8=0x0000000f
      166382000	      8217	800032fe	01b41593	slli	x11,x8,0x1b	  x8:0x0000000f x11=0x78000000
      166402000	      8218	80003302	81f9	c.srli	x11,0x1e	 x11:0x78000000 x11=0x00000001
      166422000	      8219	80003304	c5a1	c.beqz	x11,8000334c	 x11:0x00000001
      166442000	      8220	80003306	4d85	c.li	x27,1	 x27=0x00000001
      166462000	      8221	80003308	05b58363	beq	x11,x27,8000334e	 x11:0x00000001 x27:0x00000001
      166522000	      8224	8000334e	8d9e	c.mv	x27,x7	  x0:0x00000000  x7:0x00000009 x27=0x00000009
      166542000	      8225	80003350	343025f3	csrrs	x11,mtval,x0	  x0:0x00000000 x11=0xfd1d40aa
      166562000	      8226	80003354	8189	c.srli	x11,0x2	 x11:0xfd1d40aa x11=0x3f47502a
      166582000	      8227	80003356	000d9563	bne	x27,x0,80003360	 x27:0x00000009  x0:0x00000000
      166622000	      8229	80003360	fdc5e2e3	bltu	x11,x28,80003324	 x11:0x3f47502a x28:0x02222f51
      166642000	      8230	80003364	fda5f0e3	bgeu	x11,x26,80003324	 x11:0x3f47502a x26:0x06667395
      166702000	      8233	80003324	8d9e	c.mv	x27,x7	  x0:0x00000000  x7:0x00000009 x27=0x00000009
      166722000	      8234	80003326	8e6a	c.mv	x28,x26	  x0:0x00000000 x26:0x06667395 x28=0x06667395
      166742000	      8235	80003328	0d85	c.addi	x27,1	 x27:0x00000009 x27=0x0000000a
      166762000	      8236	8000332a	83ee	c.mv	x7,x27	  x0:0x00000000 x27:0x0000000a  x7=0x0000000a
      166782000	      8237	8000332c	4d41	c.li	x26,16	 x26=0x00000010
      166802000	      8238	8000332e	01add363	bge	x27,x26,80003334	 x27:0x0000000a x26:0x00000010
      166822000	      8239	80003332	b56d	c.j	800031dc	
      166862000	      8241	800031dc	8d9e	c.mv	x27,x7	  x0:0x00000000  x7:0x0000000a x27=0x0000000a
      166882000	      8242	800031de	85ee	c.mv	x11,x27	  x0:0x00000000 x27:0x0000000a x11=0x0000000a
      166902000	      8243	800031e0	4581	c.li	x11,0	 x11=0x00000000
      166922000	      8244	800031e2	04bd8f63	beq	x27,x11,80003240	 x27:0x0000000a x11:0x00000000
      166942000	      8245	800031e6	4585	c.li	x11,1	 x11=0x00000001
      166962000	      8246	800031e8	06bd8163	beq	x27,x11,8000324a	 x27:0x0000000a x11:0x00000001
      166982000	      8247	800031ec	4589	c.li	x11,2	 x11=0x00000002
      167002000	      8248	800031ee	06bd8363	beq	x27,x11,80003254	 x27:0x0000000a x11:0x00000002
      167022000	      8249	800031f2	458d	c.li	x11,3	 x11=0x00000003
      167042000	      8250	800031f4	06bd8563	beq	x27,x11,8000325e	 x27:0x0000000a x11:0x00000003
      167062000	      8251	800031f8	4591	c.li	x11,4	 x11=0x00000004
      167082000	      8252	800031fa	06bd8763	beq	x27,x11,80003268	 x27:0x0000000a x11:0x00000004
      167102000	      8253	800031fe	4595	c.li	x11,5	 x11=0x00000005
      167122000	      8254	80003200	06bd8963	beq	x27,x11,80003272	 x27:0x0000000a x11:0x00000005
      167142000	      8255	80003204	4599	c.li	x11,6	 x11=0x00000006
      167162000	      8256	80003206	06bd8b63	beq	x27,x11,8000327c	 x27:0x0000000a x11:0x00000006
      167182000	      8257	8000320a	459d	c.li	x11,7	 x11=0x00000007
      167202000	      8258	8000320c	06bd8d63	beq	x27,x11,80003286	 x27:0x0000000a x11:0x00000007
      167222000	      8259	80003210	45a1	c.li	x11,8	 x11=0x00000008
      167242000	      8260	80003212	06bd8f63	beq	x27,x11,80003290	 x27:0x0000000a x11:0x00000008
      167262000	      8261	80003216	45a5	c.li	x11,9	 x11=0x00000009
      167282000	      8262	80003218	08bd8163	beq	x27,x11,8000329a	 x27:0x0000000a x11:0x00000009
      167302000	      8263	8000321c	45a9	c.li	x11,10	 x11=0x0000000a
      167322000	      8264	8000321e	08bd8363	beq	x27,x11,800032a4	 x27:0x0000000a x11:0x0000000a
      167362000	      8266	800032a4	3ba02d73	csrrs	x26,pmpaddr10,x0	  x0:0x00000000 x26=0x0aaab7d9
      167382000	      8267	800032a8	3a202c73	csrrs	x24,pmpcfg2,x0	  x0:0x00000000 x24=0x0f0f0f0f
      167402000	      8268	800032ac	a815	c.j	800032e0	
      167442000	      8270	800032e0	4411	c.li	x8,4	  x8=0x00000004
      167462000	      8271	800032e2	01e39d93	slli	x27,x7,0x1e	  x7:0x0000000a x27=0x80000000
      167482000	      8272	800032e6	01eddd93	srli	x27,x27,0x1e	 x27:0x80000000 x27=0x00000002
      167502000	      8273	800032ea	41b405b3	sub	x11,x8,x27	  x8:0x00000004 x27:0x00000002 x11=0x00000002
      167522000	      8274	800032ee	15fd	c.addi	x11,-1	 x11:0x00000002 x11=0x00000001
      167542000	      8275	800032f0	058e	c.slli	x11,0x3	 x11:0x00000001 x11=0x00000008
      167562000	      8276	800032f2	00bc1433	sll	x8,x24,x11	 x24:0x0f0f0f0f x11:0x00000008  x8=0x0f0f0f00
      167582000	      8277	800032f6	0d8e	c.slli	x27,0x3	 x27:0x00000002 x27=0x00000010
      167602000	      8278	800032f8	95ee	c.add	x11,x27	 x11:0x00000008 x27:0x00000010 x11=0x00000018
      167622000	      8279	800032fa	00b45433	srl	x8,x8,x11	  x8:0x0f0f0f00 x11:0x00000018  x8=0x0000000f
      167642000	      8280	800032fe	01b41593	slli	x11,x8,0x1b	  x8:0x0000000f x11=0x78000000
      167662000	      8281	80003302	81f9	c.srli	x11,0x1e	 x11:0x78000000 x11=0x00000001
      167682000	      8282	80003304	c5a1	c.beqz	x11,8000334c	 x11:0x00000001
      167702000	      8283	80003306	4d85	c.li	x27,1	 x27=0x00000001
      167722000	      8284	80003308	05b58363	beq	x11,x27,8000334e	 x11:0x00000001 x27:0x00000001
      167762000	      8286	8000334e	8d9e	c.mv	x27,x7	  x0:0x00000000  x7:0x0000000a x27=0x0000000a
      167782000	      8287	80003350	343025f3	csrrs	x11,mtval,x0	  x0:0x00000000 x11=0xfd1d40aa
      167802000	      8288	80003354	8189	c.srli	x11,0x2	 x11:0xfd1d40aa x11=0x3f47502a
      167822000	      8289	80003356	000d9563	bne	x27,x0,80003360	 x27:0x0000000a  x0:0x00000000
      167862000	      8291	80003360	fdc5e2e3	bltu	x11,x28,80003324	 x11:0x3f47502a x28:0x06667395
      167882000	      8292	80003364	fda5f0e3	bgeu	x11,x26,80003324	 x11:0x3f47502a x26:0x0aaab7d9
      167922000	      8294	80003324	8d9e	c.mv	x27,x7	  x0:0x00000000  x7:0x0000000a x27=0x0000000a
      167942000	      8295	80003326	8e6a	c.mv	x28,x26	  x0:0x00000000 x26:0x0aaab7d9 x28=0x0aaab7d9
      167962000	      8296	80003328	0d85	c.addi	x27,1	 x27:0x0000000a x27=0x0000000b
      167982000	      8297	8000332a	83ee	c.mv	x7,x27	  x0:0x00000000 x27:0x0000000b  x7=0x0000000b
      168002000	      8298	8000332c	4d41	c.li	x26,16	 x26=0x00000010
      168022000	      8299	8000332e	01add363	bge	x27,x26,80003334	 x27:0x0000000b x26:0x00000010
      168042000	      8300	80003332	b56d	c.j	800031dc	
      168082000	      8302	800031dc	8d9e	c.mv	x27,x7	  x0:0x00000000  x7:0x0000000b x27=0x0000000b
      168102000	      8303	800031de	85ee	c.mv	x11,x27	  x0:0x00000000 x27:0x0000000b x11=0x0000000b
      168122000	      8304	800031e0	4581	c.li	x11,0	 x11=0x00000000
      168142000	      8305	800031e2	04bd8f63	beq	x27,x11,80003240	 x27:0x0000000b x11:0x00000000
      168162000	      8306	800031e6	4585	c.li	x11,1	 x11=0x00000001
      168182000	      8307	800031e8	06bd8163	beq	x27,x11,8000324a	 x27:0x0000000b x11:0x00000001
      168202000	      8308	800031ec	4589	c.li	x11,2	 x11=0x00000002
      168222000	      8309	800031ee	06bd8363	beq	x27,x11,80003254	 x27:0x0000000b x11:0x00000002
      168242000	      8310	800031f2	458d	c.li	x11,3	 x11=0x00000003
      168262000	      8311	800031f4	06bd8563	beq	x27,x11,8000325e	 x27:0x0000000b x11:0x00000003
      168282000	      8312	800031f8	4591	c.li	x11,4	 x11=0x00000004
      168302000	      8313	800031fa	06bd8763	beq	x27,x11,80003268	 x27:0x0000000b x11:0x00000004
      168322000	      8314	800031fe	4595	c.li	x11,5	 x11=0x00000005
      168342000	      8315	80003200	06bd8963	beq	x27,x11,80003272	 x27:0x0000000b x11:0x00000005
      168362000	      8316	80003204	4599	c.li	x11,6	 x11=0x00000006
      168382000	      8317	80003206	06bd8b63	beq	x27,x11,8000327c	 x27:0x0000000b x11:0x00000006
      168402000	      8318	8000320a	459d	c.li	x11,7	 x11=0x00000007
      168422000	      8319	8000320c	06bd8d63	beq	x27,x11,80003286	 x27:0x0000000b x11:0x00000007
      168442000	      8320	80003210	45a1	c.li	x11,8	 x11=0x00000008
      168462000	      8321	80003212	06bd8f63	beq	x27,x11,80003290	 x27:0x0000000b x11:0x00000008
      168482000	      8322	80003216	45a5	c.li	x11,9	 x11=0x00000009
      168502000	      8323	80003218	08bd8163	beq	x27,x11,8000329a	 x27:0x0000000b x11:0x00000009
      168522000	      8324	8000321c	45a9	c.li	x11,10	 x11=0x0000000a
      168542000	      8325	8000321e	08bd8363	beq	x27,x11,800032a4	 x27:0x0000000b x11:0x0000000a
      168562000	      8326	80003222	45ad	c.li	x11,11	 x11=0x0000000b
      168582000	      8327	80003224	08bd8563	beq	x27,x11,800032ae	 x27:0x0000000b x11:0x0000000b
      168642000	      8330	800032ae	3bb02d73	csrrs	x26,pmpaddr11,x0	  x0:0x00000000 x26=0x0eeefc1d
      168662000	      8331	800032b2	3a202c73	csrrs	x24,pmpcfg2,x0	  x0:0x00000000 x24=0x0f0f0f0f
      168682000	      8332	800032b6	a02d	c.j	800032e0	
      168722000	      8334	800032e0	4411	c.li	x8,4	  x8=0x00000004
      168742000	      8335	800032e2	01e39d93	slli	x27,x7,0x1e	  x7:0x0000000b x27=0xc0000000
      168802000	      8338	800032e6	01eddd93	srli	x27,x27,0x1e	 x27:0xc0000000 x27=0x00000003
      168822000	      8339	800032ea	41b405b3	sub	x11,x8,x27	  x8:0x00000004 x27:0x00000003 x11=0x00000001
      168842000	      8340	800032ee	15fd	c.addi	x11,-1	 x11:0x00000001 x11=0x00000000
      168882000	      8342	800032f0	058e	c.slli	x11,0x3	 x11:0x00000000 x11=0x00000000
      168902000	      8343	800032f2	00bc1433	sll	x8,x24,x11	 x24:0x0f0f0f0f x11:0x00000000  x8=0x0f0f0f0f
      168922000	      8344	800032f6	0d8e	c.slli	x27,0x3	 x27:0x00000003 x27=0x00000018
      168962000	      8346	800032f8	95ee	c.add	x11,x27	 x11:0x00000000 x27:0x00000018 x11=0x00000018
      168982000	      8347	800032fa	00b45433	srl	x8,x8,x11	  x8:0x0f0f0f0f x11:0x00000018  x8=0x0000000f
      169022000	      8349	800032fe	01b41593	slli	x11,x8,0x1b	  x8:0x0000000f x11=0x78000000
      169042000	      8350	80003302	81f9	c.srli	x11,0x1e	 x11:0x78000000 x11=0x00000001
      169062000	      8351	80003304	c5a1	c.beqz	x11,8000334c	 x11:0x00000001
      169082000	      8352	80003306	4d85	c.li	x27,1	 x27=0x00000001
      169102000	      8353	80003308	05b58363	beq	x11,x27,8000334e	 x11:0x00000001 x27:0x00000001
      169162000	      8356	8000334e	8d9e	c.mv	x27,x7	  x0:0x00000000  x7:0x0000000b x27=0x0000000b
      169182000	      8357	80003350	343025f3	csrrs	x11,mtval,x0	  x0:0x00000000 x11=0xfd1d40aa
      169202000	      8358	80003354	8189	c.srli	x11,0x2	 x11:0xfd1d40aa x11=0x3f47502a
      169222000	      8359	80003356	000d9563	bne	x27,x0,80003360	 x27:0x0000000b  x0:0x00000000
      169262000	      8361	80003360	fdc5e2e3	bltu	x11,x28,80003324	 x11:0x3f47502a x28:0x0aaab7d9
      169282000	      8362	80003364	fda5f0e3	bgeu	x11,x26,80003324	 x11:0x3f47502a x26:0x0eeefc1d
      169342000	      8365	80003324	8d9e	c.mv	x27,x7	  x0:0x00000000  x7:0x0000000b x27=0x0000000b
      169362000	      8366	80003326	8e6a	c.mv	x28,x26	  x0:0x00000000 x26:0x0eeefc1d x28=0x0eeefc1d
      169382000	      8367	80003328	0d85	c.addi	x27,1	 x27:0x0000000b x27=0x0000000c
      169402000	      8368	8000332a	83ee	c.mv	x7,x27	  x0:0x00000000 x27:0x0000000c  x7=0x0000000c
      169422000	      8369	8000332c	4d41	c.li	x26,16	 x26=0x00000010
      169442000	      8370	8000332e	01add363	bge	x27,x26,80003334	 x27:0x0000000c x26:0x00000010
      169462000	      8371	80003332	b56d	c.j	800031dc	
      169522000	      8374	800031dc	8d9e	c.mv	x27,x7	  x0:0x00000000  x7:0x0000000c x27=0x0000000c
      169542000	      8375	800031de	85ee	c.mv	x11,x27	  x0:0x00000000 x27:0x0000000c x11=0x0000000c
      169562000	      8376	800031e0	4581	c.li	x11,0	 x11=0x00000000
      169582000	      8377	800031e2	04bd8f63	beq	x27,x11,80003240	 x27:0x0000000c x11:0x00000000
      169602000	      8378	800031e6	4585	c.li	x11,1	 x11=0x00000001
      169622000	      8379	800031e8	06bd8163	beq	x27,x11,8000324a	 x27:0x0000000c x11:0x00000001
      169642000	      8380	800031ec	4589	c.li	x11,2	 x11=0x00000002
      169662000	      8381	800031ee	06bd8363	beq	x27,x11,80003254	 x27:0x0000000c x11:0x00000002
      169682000	      8382	800031f2	458d	c.li	x11,3	 x11=0x00000003
      169702000	      8383	800031f4	06bd8563	beq	x27,x11,8000325e	 x27:0x0000000c x11:0x00000003
      169722000	      8384	800031f8	4591	c.li	x11,4	 x11=0x00000004
      169742000	      8385	800031fa	06bd8763	beq	x27,x11,80003268	 x27:0x0000000c x11:0x00000004
      169762000	      8386	800031fe	4595	c.li	x11,5	 x11=0x00000005
      169782000	      8387	80003200	06bd8963	beq	x27,x11,80003272	 x27:0x0000000c x11:0x00000005
      169802000	      8388	80003204	4599	c.li	x11,6	 x11=0x00000006
      169822000	      8389	80003206	06bd8b63	beq	x27,x11,8000327c	 x27:0x0000000c x11:0x00000006
      169842000	      8390	8000320a	459d	c.li	x11,7	 x11=0x00000007
      169862000	      8391	8000320c	06bd8d63	beq	x27,x11,80003286	 x27:0x0000000c x11:0x00000007
      169882000	      8392	80003210	45a1	c.li	x11,8	 x11=0x00000008
      169902000	      8393	80003212	06bd8f63	beq	x27,x11,80003290	 x27:0x0000000c x11:0x00000008
      169922000	      8394	80003216	45a5	c.li	x11,9	 x11=0x00000009
      169942000	      8395	80003218	08bd8163	beq	x27,x11,8000329a	 x27:0x0000000c x11:0x00000009
      169962000	      8396	8000321c	45a9	c.li	x11,10	 x11=0x0000000a
      169982000	      8397	8000321e	08bd8363	beq	x27,x11,800032a4	 x27:0x0000000c x11:0x0000000a
      170002000	      8398	80003222	45ad	c.li	x11,11	 x11=0x0000000b
      170022000	      8399	80003224	08bd8563	beq	x27,x11,800032ae	 x27:0x0000000c x11:0x0000000b
      170042000	      8400	80003228	45b1	c.li	x11,12	 x11=0x0000000c
      170062000	      8401	8000322a	08bd8763	beq	x27,x11,800032b8	 x27:0x0000000c x11:0x0000000c
      170102000	      8403	800032b8	3bc02d73	csrrs	x26,pmpaddr12,x0	  x0:0x00000000 x26=0x13334062
      170122000	      8404	800032bc	3a302c73	csrrs	x24,pmpcfg3,x0	  x0:0x00000000 x24=0x0f0f0f0f
      170142000	      8405	800032c0	a005	c.j	800032e0	
      170182000	      8407	800032e0	4411	c.li	x8,4	  x8=0x00000004
      170202000	      8408	800032e2	01e39d93	slli	x27,x7,0x1e	  x7:0x0000000c x27=0x00000000
      170222000	      8409	800032e6	01eddd93	srli	x27,x27,0x1e	 x27:0x00000000 x27=0x00000000
      170242000	      8410	800032ea	41b405b3	sub	x11,x8,x27	  x8:0x00000004 x27:0x00000000 x11=0x00000004
      170262000	      8411	800032ee	15fd	c.addi	x11,-1	 x11:0x00000004 x11=0x00000003
      170282000	      8412	800032f0	058e	c.slli	x11,0x3	 x11:0x00000003 x11=0x00000018
      170302000	      8413	800032f2	00bc1433	sll	x8,x24,x11	 x24:0x0f0f0f0f x11:0x00000018  x8=0x0f000000
      170322000	      8414	800032f6	0d8e	c.slli	x27,0x3	 x27:0x00000000 x27=0x00000000
      170342000	      8415	800032f8	95ee	c.add	x11,x27	 x11:0x00000018 x27:0x00000000 x11=0x00000018
      170362000	      8416	800032fa	00b45433	srl	x8,x8,x11	  x8:0x0f000000 x11:0x00000018  x8=0x0000000f
      170382000	      8417	800032fe	01b41593	slli	x11,x8,0x1b	  x8:0x0000000f x11=0x78000000
      170402000	      8418	80003302	81f9	c.srli	x11,0x1e	 x11:0x78000000 x11=0x00000001
      170422000	      8419	80003304	c5a1	c.beqz	x11,8000334c	 x11:0x00000001
      170442000	      8420	80003306	4d85	c.li	x27,1	 x27=0x00000001
      170462000	      8421	80003308	05b58363	beq	x11,x27,8000334e	 x11:0x00000001 x27:0x00000001
      170502000	      8423	8000334e	8d9e	c.mv	x27,x7	  x0:0x00000000  x7:0x0000000c x27=0x0000000c
      170522000	      8424	80003350	343025f3	csrrs	x11,mtval,x0	  x0:0x00000000 x11=0xfd1d40aa
      170542000	      8425	80003354	8189	c.srli	x11,0x2	 x11:0xfd1d40aa x11=0x3f47502a
      170562000	      8426	80003356	000d9563	bne	x27,x0,80003360	 x27:0x0000000c  x0:0x00000000
      170602000	      8428	80003360	fdc5e2e3	bltu	x11,x28,80003324	 x11:0x3f47502a x28:0x0eeefc1d
      170622000	      8429	80003364	fda5f0e3	bgeu	x11,x26,80003324	 x11:0x3f47502a x26:0x13334062
      170662000	      8431	80003324	8d9e	c.mv	x27,x7	  x0:0x00000000  x7:0x0000000c x27=0x0000000c
      170682000	      8432	80003326	8e6a	c.mv	x28,x26	  x0:0x00000000 x26:0x13334062 x28=0x13334062
      170702000	      8433	80003328	0d85	c.addi	x27,1	 x27:0x0000000c x27=0x0000000d
      170722000	      8434	8000332a	83ee	c.mv	x7,x27	  x0:0x00000000 x27:0x0000000d  x7=0x0000000d
      170742000	      8435	8000332c	4d41	c.li	x26,16	 x26=0x00000010
      170762000	      8436	8000332e	01add363	bge	x27,x26,80003334	 x27:0x0000000d x26:0x00000010
      170782000	      8437	80003332	b56d	c.j	800031dc	
      170842000	      8440	800031dc	8d9e	c.mv	x27,x7	  x0:0x00000000  x7:0x0000000d x27=0x0000000d
      170862000	      8441	800031de	85ee	c.mv	x11,x27	  x0:0x00000000 x27:0x0000000d x11=0x0000000d
      170882000	      8442	800031e0	4581	c.li	x11,0	 x11=0x00000000
      170902000	      8443	800031e2	04bd8f63	beq	x27,x11,80003240	 x27:0x0000000d x11:0x00000000
      170922000	      8444	800031e6	4585	c.li	x11,1	 x11=0x00000001
      170942000	      8445	800031e8	06bd8163	beq	x27,x11,8000324a	 x27:0x0000000d x11:0x00000001
      170962000	      8446	800031ec	4589	c.li	x11,2	 x11=0x00000002
      170982000	      8447	800031ee	06bd8363	beq	x27,x11,80003254	 x27:0x0000000d x11:0x00000002
      171002000	      8448	800031f2	458d	c.li	x11,3	 x11=0x00000003
      171022000	      8449	800031f4	06bd8563	beq	x27,x11,8000325e	 x27:0x0000000d x11:0x00000003
      171042000	      8450	800031f8	4591	c.li	x11,4	 x11=0x00000004
      171062000	      8451	800031fa	06bd8763	beq	x27,x11,80003268	 x27:0x0000000d x11:0x00000004
      171082000	      8452	800031fe	4595	c.li	x11,5	 x11=0x00000005
      171102000	      8453	80003200	06bd8963	beq	x27,x11,80003272	 x27:0x0000000d x11:0x00000005
      171122000	      8454	80003204	4599	c.li	x11,6	 x11=0x00000006
      171142000	      8455	80003206	06bd8b63	beq	x27,x11,8000327c	 x27:0x0000000d x11:0x00000006
      171162000	      8456	8000320a	459d	c.li	x11,7	 x11=0x00000007
      171182000	      8457	8000320c	06bd8d63	beq	x27,x11,80003286	 x27:0x0000000d x11:0x00000007
      171202000	      8458	80003210	45a1	c.li	x11,8	 x11=0x00000008
      171222000	      8459	80003212	06bd8f63	beq	x27,x11,80003290	 x27:0x0000000d x11:0x00000008
      171242000	      8460	80003216	45a5	c.li	x11,9	 x11=0x00000009
      171262000	      8461	80003218	08bd8163	beq	x27,x11,8000329a	 x27:0x0000000d x11:0x00000009
      171282000	      8462	8000321c	45a9	c.li	x11,10	 x11=0x0000000a
      171302000	      8463	8000321e	08bd8363	beq	x27,x11,800032a4	 x27:0x0000000d x11:0x0000000a
      171322000	      8464	80003222	45ad	c.li	x11,11	 x11=0x0000000b
      171342000	      8465	80003224	08bd8563	beq	x27,x11,800032ae	 x27:0x0000000d x11:0x0000000b
      171362000	      8466	80003228	45b1	c.li	x11,12	 x11=0x0000000c
      171382000	      8467	8000322a	08bd8763	beq	x27,x11,800032b8	 x27:0x0000000d x11:0x0000000c
      171402000	      8468	8000322e	45b5	c.li	x11,13	 x11=0x0000000d
      171422000	      8469	80003230	08bd8963	beq	x27,x11,800032c2	 x27:0x0000000d x11:0x0000000d
      171482000	      8472	800032c2	3bd02d73	csrrs	x26,pmpaddr13,x0	  x0:0x00000000 x26=0x177784a6
      171502000	      8473	800032c6	3a302c73	csrrs	x24,pmpcfg3,x0	  x0:0x00000000 x24=0x0f0f0f0f
      171522000	      8474	800032ca	a819	c.j	800032e0	
      171562000	      8476	800032e0	4411	c.li	x8,4	  x8=0x00000004
      171582000	      8477	800032e2	01e39d93	slli	x27,x7,0x1e	  x7:0x0000000d x27=0x40000000
      171602000	      8478	800032e6	01eddd93	srli	x27,x27,0x1e	 x27:0x40000000 x27=0x00000001
      171622000	      8479	800032ea	41b405b3	sub	x11,x8,x27	  x8:0x00000004 x27:0x00000001 x11=0x00000003
      171642000	      8480	800032ee	15fd	c.addi	x11,-1	 x11:0x00000003 x11=0x00000002
      171662000	      8481	800032f0	058e	c.slli	x11,0x3	 x11:0x00000002 x11=0x00000010
      171682000	      8482	800032f2	00bc1433	sll	x8,x24,x11	 x24:0x0f0f0f0f x11:0x00000010  x8=0x0f0f0000
      171702000	      8483	800032f6	0d8e	c.slli	x27,0x3	 x27:0x00000001 x27=0x00000008
      171722000	      8484	800032f8	95ee	c.add	x11,x27	 x11:0x00000010 x27:0x00000008 x11=0x00000018
      171742000	      8485	800032fa	00b45433	srl	x8,x8,x11	  x8:0x0f0f0000 x11:0x00000018  x8=0x0000000f
      171762000	      8486	800032fe	01b41593	slli	x11,x8,0x1b	  x8:0x0000000f x11=0x78000000
      171782000	      8487	80003302	81f9	c.srli	x11,0x1e	 x11:0x78000000 x11=0x00000001
      171802000	      8488	80003304	c5a1	c.beqz	x11,8000334c	 x11:0x00000001
      171822000	      8489	80003306	4d85	c.li	x27,1	 x27=0x00000001
      171842000	      8490	80003308	05b58363	beq	x11,x27,8000334e	 x11:0x00000001 x27:0x00000001
      171902000	      8493	8000334e	8d9e	c.mv	x27,x7	  x0:0x00000000  x7:0x0000000d x27=0x0000000d
      171922000	      8494	80003350	343025f3	csrrs	x11,mtval,x0	  x0:0x00000000 x11=0xfd1d40aa
      171942000	      8495	80003354	8189	c.srli	x11,0x2	 x11:0xfd1d40aa x11=0x3f47502a
      171962000	      8496	80003356	000d9563	bne	x27,x0,80003360	 x27:0x0000000d  x0:0x00000000
      172002000	      8498	80003360	fdc5e2e3	bltu	x11,x28,80003324	 x11:0x3f47502a x28:0x13334062
      172022000	      8499	80003364	fda5f0e3	bgeu	x11,x26,80003324	 x11:0x3f47502a x26:0x177784a6
      172082000	      8502	80003324	8d9e	c.mv	x27,x7	  x0:0x00000000  x7:0x0000000d x27=0x0000000d
      172102000	      8503	80003326	8e6a	c.mv	x28,x26	  x0:0x00000000 x26:0x177784a6 x28=0x177784a6
      172122000	      8504	80003328	0d85	c.addi	x27,1	 x27:0x0000000d x27=0x0000000e
      172142000	      8505	8000332a	83ee	c.mv	x7,x27	  x0:0x00000000 x27:0x0000000e  x7=0x0000000e
      172162000	      8506	8000332c	4d41	c.li	x26,16	 x26=0x00000010
      172182000	      8507	8000332e	01add363	bge	x27,x26,80003334	 x27:0x0000000e x26:0x00000010
      172202000	      8508	80003332	b56d	c.j	800031dc	
      172262000	      8511	800031dc	8d9e	c.mv	x27,x7	  x0:0x00000000  x7:0x0000000e x27=0x0000000e
      172282000	      8512	800031de	85ee	c.mv	x11,x27	  x0:0x00000000 x27:0x0000000e x11=0x0000000e
      172302000	      8513	800031e0	4581	c.li	x11,0	 x11=0x00000000
      172322000	      8514	800031e2	04bd8f63	beq	x27,x11,80003240	 x27:0x0000000e x11:0x00000000
      172342000	      8515	800031e6	4585	c.li	x11,1	 x11=0x00000001
      172362000	      8516	800031e8	06bd8163	beq	x27,x11,8000324a	 x27:0x0000000e x11:0x00000001
      172382000	      8517	800031ec	4589	c.li	x11,2	 x11=0x00000002
      172402000	      8518	800031ee	06bd8363	beq	x27,x11,80003254	 x27:0x0000000e x11:0x00000002
      172422000	      8519	800031f2	458d	c.li	x11,3	 x11=0x00000003
      172442000	      8520	800031f4	06bd8563	beq	x27,x11,8000325e	 x27:0x0000000e x11:0x00000003
      172462000	      8521	800031f8	4591	c.li	x11,4	 x11=0x00000004
      172482000	      8522	800031fa	06bd8763	beq	x27,x11,80003268	 x27:0x0000000e x11:0x00000004
      172502000	      8523	800031fe	4595	c.li	x11,5	 x11=0x00000005
      172522000	      8524	80003200	06bd8963	beq	x27,x11,80003272	 x27:0x0000000e x11:0x00000005
      172542000	      8525	80003204	4599	c.li	x11,6	 x11=0x00000006
      172562000	      8526	80003206	06bd8b63	beq	x27,x11,8000327c	 x27:0x0000000e x11:0x00000006
      172582000	      8527	8000320a	459d	c.li	x11,7	 x11=0x00000007
      172602000	      8528	8000320c	06bd8d63	beq	x27,x11,80003286	 x27:0x0000000e x11:0x00000007
      172622000	      8529	80003210	45a1	c.li	x11,8	 x11=0x00000008
      172642000	      8530	80003212	06bd8f63	beq	x27,x11,80003290	 x27:0x0000000e x11:0x00000008
      172662000	      8531	80003216	45a5	c.li	x11,9	 x11=0x00000009
      172682000	      8532	80003218	08bd8163	beq	x27,x11,8000329a	 x27:0x0000000e x11:0x00000009
      172702000	      8533	8000321c	45a9	c.li	x11,10	 x11=0x0000000a
      172722000	      8534	8000321e	08bd8363	beq	x27,x11,800032a4	 x27:0x0000000e x11:0x0000000a
      172742000	      8535	80003222	45ad	c.li	x11,11	 x11=0x0000000b
      172762000	      8536	80003224	08bd8563	beq	x27,x11,800032ae	 x27:0x0000000e x11:0x0000000b
      172782000	      8537	80003228	45b1	c.li	x11,12	 x11=0x0000000c
      172802000	      8538	8000322a	08bd8763	beq	x27,x11,800032b8	 x27:0x0000000e x11:0x0000000c
      172822000	      8539	8000322e	45b5	c.li	x11,13	 x11=0x0000000d
      172842000	      8540	80003230	08bd8963	beq	x27,x11,800032c2	 x27:0x0000000e x11:0x0000000d
      172862000	      8541	80003234	45b9	c.li	x11,14	 x11=0x0000000e
      172882000	      8542	80003236	08bd8b63	beq	x27,x11,800032cc	 x27:0x0000000e x11:0x0000000e
      172922000	      8544	800032cc	3be02d73	csrrs	x26,pmpaddr14,x0	  x0:0x00000000 x26=0x1bbbc8ea
      172942000	      8545	800032d0	3a302c73	csrrs	x24,pmpcfg3,x0	  x0:0x00000000 x24=0x0f0f0f0f
      172962000	      8546	800032d4	a031	c.j	800032e0	
      173002000	      8548	800032e0	4411	c.li	x8,4	  x8=0x00000004
      173022000	      8549	800032e2	01e39d93	slli	x27,x7,0x1e	  x7:0x0000000e x27=0x80000000
      173042000	      8550	800032e6	01eddd93	srli	x27,x27,0x1e	 x27:0x80000000 x27=0x00000002
      173062000	      8551	800032ea	41b405b3	sub	x11,x8,x27	  x8:0x00000004 x27:0x00000002 x11=0x00000002
      173082000	      8552	800032ee	15fd	c.addi	x11,-1	 x11:0x00000002 x11=0x00000001
      173102000	      8553	800032f0	058e	c.slli	x11,0x3	 x11:0x00000001 x11=0x00000008
      173122000	      8554	800032f2	00bc1433	sll	x8,x24,x11	 x24:0x0f0f0f0f x11:0x00000008  x8=0x0f0f0f00
      173142000	      8555	800032f6	0d8e	c.slli	x27,0x3	 x27:0x00000002 x27=0x00000010
      173162000	      8556	800032f8	95ee	c.add	x11,x27	 x11:0x00000008 x27:0x00000010 x11=0x00000018
      173182000	      8557	800032fa	00b45433	srl	x8,x8,x11	  x8:0x0f0f0f00 x11:0x00000018  x8=0x0000000f
      173202000	      8558	800032fe	01b41593	slli	x11,x8,0x1b	  x8:0x0000000f x11=0x78000000
      173222000	      8559	80003302	81f9	c.srli	x11,0x1e	 x11:0x78000000 x11=0x00000001
      173242000	      8560	80003304	c5a1	c.beqz	x11,8000334c	 x11:0x00000001
      173262000	      8561	80003306	4d85	c.li	x27,1	 x27=0x00000001
      173282000	      8562	80003308	05b58363	beq	x11,x27,8000334e	 x11:0x00000001 x27:0x00000001
      173322000	      8564	8000334e	8d9e	c.mv	x27,x7	  x0:0x00000000  x7:0x0000000e x27=0x0000000e
      173342000	      8565	80003350	343025f3	csrrs	x11,mtval,x0	  x0:0x00000000 x11=0xfd1d40aa
      173362000	      8566	80003354	8189	c.srli	x11,0x2	 x11:0xfd1d40aa x11=0x3f47502a
      173382000	      8567	80003356	000d9563	bne	x27,x0,80003360	 x27:0x0000000e  x0:0x00000000
      173422000	      8569	80003360	fdc5e2e3	bltu	x11,x28,80003324	 x11:0x3f47502a x28:0x177784a6
      173442000	      8570	80003364	fda5f0e3	bgeu	x11,x26,80003324	 x11:0x3f47502a x26:0x1bbbc8ea
      173482000	      8572	80003324	8d9e	c.mv	x27,x7	  x0:0x00000000  x7:0x0000000e x27=0x0000000e
      173502000	      8573	80003326	8e6a	c.mv	x28,x26	  x0:0x00000000 x26:0x1bbbc8ea x28=0x1bbbc8ea
      173522000	      8574	80003328	0d85	c.addi	x27,1	 x27:0x0000000e x27=0x0000000f
      173542000	      8575	8000332a	83ee	c.mv	x7,x27	  x0:0x00000000 x27:0x0000000f  x7=0x0000000f
      173562000	      8576	8000332c	4d41	c.li	x26,16	 x26=0x00000010
      173582000	      8577	8000332e	01add363	bge	x27,x26,80003334	 x27:0x0000000f x26:0x00000010
      173602000	      8578	80003332	b56d	c.j	800031dc	
      173642000	      8580	800031dc	8d9e	c.mv	x27,x7	  x0:0x00000000  x7:0x0000000f x27=0x0000000f
      173662000	      8581	800031de	85ee	c.mv	x11,x27	  x0:0x00000000 x27:0x0000000f x11=0x0000000f
      173682000	      8582	800031e0	4581	c.li	x11,0	 x11=0x00000000
      173702000	      8583	800031e2	04bd8f63	beq	x27,x11,80003240	 x27:0x0000000f x11:0x00000000
      173722000	      8584	800031e6	4585	c.li	x11,1	 x11=0x00000001
      173742000	      8585	800031e8	06bd8163	beq	x27,x11,8000324a	 x27:0x0000000f x11:0x00000001
      173762000	      8586	800031ec	4589	c.li	x11,2	 x11=0x00000002
      173782000	      8587	800031ee	06bd8363	beq	x27,x11,80003254	 x27:0x0000000f x11:0x00000002
      173802000	      8588	800031f2	458d	c.li	x11,3	 x11=0x00000003
      173822000	      8589	800031f4	06bd8563	beq	x27,x11,8000325e	 x27:0x0000000f x11:0x00000003
      173842000	      8590	800031f8	4591	c.li	x11,4	 x11=0x00000004
      173862000	      8591	800031fa	06bd8763	beq	x27,x11,80003268	 x27:0x0000000f x11:0x00000004
      173882000	      8592	800031fe	4595	c.li	x11,5	 x11=0x00000005
      173902000	      8593	80003200	06bd8963	beq	x27,x11,80003272	 x27:0x0000000f x11:0x00000005
      173922000	      8594	80003204	4599	c.li	x11,6	 x11=0x00000006
      173942000	      8595	80003206	06bd8b63	beq	x27,x11,8000327c	 x27:0x0000000f x11:0x00000006
      173962000	      8596	8000320a	459d	c.li	x11,7	 x11=0x00000007
      173982000	      8597	8000320c	06bd8d63	beq	x27,x11,80003286	 x27:0x0000000f x11:0x00000007
      174002000	      8598	80003210	45a1	c.li	x11,8	 x11=0x00000008
      174022000	      8599	80003212	06bd8f63	beq	x27,x11,80003290	 x27:0x0000000f x11:0x00000008
      174042000	      8600	80003216	45a5	c.li	x11,9	 x11=0x00000009
      174062000	      8601	80003218	08bd8163	beq	x27,x11,8000329a	 x27:0x0000000f x11:0x00000009
      174082000	      8602	8000321c	45a9	c.li	x11,10	 x11=0x0000000a
      174102000	      8603	8000321e	08bd8363	beq	x27,x11,800032a4	 x27:0x0000000f x11:0x0000000a
      174122000	      8604	80003222	45ad	c.li	x11,11	 x11=0x0000000b
      174142000	      8605	80003224	08bd8563	beq	x27,x11,800032ae	 x27:0x0000000f x11:0x0000000b
      174162000	      8606	80003228	45b1	c.li	x11,12	 x11=0x0000000c
      174182000	      8607	8000322a	08bd8763	beq	x27,x11,800032b8	 x27:0x0000000f x11:0x0000000c
      174202000	      8608	8000322e	45b5	c.li	x11,13	 x11=0x0000000d
      174222000	      8609	80003230	08bd8963	beq	x27,x11,800032c2	 x27:0x0000000f x11:0x0000000d
      174242000	      8610	80003234	45b9	c.li	x11,14	 x11=0x0000000e
      174262000	      8611	80003236	08bd8b63	beq	x27,x11,800032cc	 x27:0x0000000f x11:0x0000000e
      174282000	      8612	8000323a	45bd	c.li	x11,15	 x11=0x0000000f
      174302000	      8613	8000323c	08bd8d63	beq	x27,x11,800032d6	 x27:0x0000000f x11:0x0000000f
      174362000	      8616	800032d6	3bf02d73	csrrs	x26,pmpaddr15,x0	  x0:0x00000000 x26=0x20000d2e
      174382000	      8617	800032da	3a302c73	csrrs	x24,pmpcfg3,x0	  x0:0x00000000 x24=0x0f0f0f0f
      174402000	      8618	800032de	a009	c.j	800032e0	
      174442000	      8620	800032e0	4411	c.li	x8,4	  x8=0x00000004
      174462000	      8621	800032e2	01e39d93	slli	x27,x7,0x1e	  x7:0x0000000f x27=0xc0000000
      174482000	      8622	800032e6	01eddd93	srli	x27,x27,0x1e	 x27:0xc0000000 x27=0x00000003
      174502000	      8623	800032ea	41b405b3	sub	x11,x8,x27	  x8:0x00000004 x27:0x00000003 x11=0x00000001
      174522000	      8624	800032ee	15fd	c.addi	x11,-1	 x11:0x00000001 x11=0x00000000
      174542000	      8625	800032f0	058e	c.slli	x11,0x3	 x11:0x00000000 x11=0x00000000
      174562000	      8626	800032f2	00bc1433	sll	x8,x24,x11	 x24:0x0f0f0f0f x11:0x00000000  x8=0x0f0f0f0f
      174582000	      8627	800032f6	0d8e	c.slli	x27,0x3	 x27:0x00000003 x27=0x00000018
      174602000	      8628	800032f8	95ee	c.add	x11,x27	 x11:0x00000000 x27:0x00000018 x11=0x00000018
      174622000	      8629	800032fa	00b45433	srl	x8,x8,x11	  x8:0x0f0f0f0f x11:0x00000018  x8=0x0000000f
      174642000	      8630	800032fe	01b41593	slli	x11,x8,0x1b	  x8:0x0000000f x11=0x78000000
      174662000	      8631	80003302	81f9	c.srli	x11,0x1e	 x11:0x78000000 x11=0x00000001
      174682000	      8632	80003304	c5a1	c.beqz	x11,8000334c	 x11:0x00000001
      174702000	      8633	80003306	4d85	c.li	x27,1	 x27=0x00000001
      174722000	      8634	80003308	05b58363	beq	x11,x27,8000334e	 x11:0x00000001 x27:0x00000001
      174762000	      8636	8000334e	8d9e	c.mv	x27,x7	  x0:0x00000000  x7:0x0000000f x27=0x0000000f
      174782000	      8637	80003350	343025f3	csrrs	x11,mtval,x0	  x0:0x00000000 x11=0xfd1d40aa
      174802000	      8638	80003354	8189	c.srli	x11,0x2	 x11:0xfd1d40aa x11=0x3f47502a
      174822000	      8639	80003356	000d9563	bne	x27,x0,80003360	 x27:0x0000000f  x0:0x00000000
      174862000	      8641	80003360	fdc5e2e3	bltu	x11,x28,80003324	 x11:0x3f47502a x28:0x1bbbc8ea
      174882000	      8642	80003364	fda5f0e3	bgeu	x11,x26,80003324	 x11:0x3f47502a x26:0x20000d2e
      174942000	      8645	80003324	8d9e	c.mv	x27,x7	  x0:0x00000000  x7:0x0000000f x27=0x0000000f
      174962000	      8646	80003326	8e6a	c.mv	x28,x26	  x0:0x00000000 x26:0x20000d2e x28=0x20000d2e
      174982000	      8647	80003328	0d85	c.addi	x27,1	 x27:0x0000000f x27=0x00000010
      175002000	      8648	8000332a	83ee	c.mv	x7,x27	  x0:0x00000000 x27:0x00000010  x7=0x00000010
      175022000	      8649	8000332c	4d41	c.li	x26,16	 x26=0x00000010
      175042000	      8650	8000332e	01add363	bge	x27,x26,80003334	 x27:0x00000010 x26:0x00000010
      175082000	      8652	80003334	74702df3	csrrs	x27,0x747,x0	  x0:0x00000000 x27=0x00000004
      175102000	      8653	80003338	002dfd93	andi	x27,x27,2	 x27:0x00000004 x27=0x00000000
      175122000	      8654	8000333c	060d9b63	bne	x27,x0,800033b2	 x27:0x00000000  x0:0x00000000
      175182000	      8657	80003340	ffffdd97	auipc	x27,0xffffd	 x27=0x80000340
      175202000	      8658	80003344	02ad8d93	addi	x27,x27,42	 x27:0x80000340 x27=0x8000036a
      175262000	      8661	80003348	000d8067	jalr	x0,0(x27)	 x27:0x8000036a  x0=0x00000000
      175922000	      8694	8000036a	90000d37	lui	x26,0x90000	 x26=0x90000000
      175942000	      8695	8000036e	1d61	c.addi	x26,-8	 x26:0x90000000 x26=0x8ffffff8
      176002000	      8698	80000370	4d81	c.li	x27,0	 x27=0x00000000
      176022000	      8699	80000372	0da2	c.slli	x27,0x8	 x27:0x00000000 x27=0x00000000
      176042000	      8700	80000374	0d85	c.addi	x27,1	 x27:0x00000000 x27=0x00000001
      176282000	      8712	80000376	01bd2023	sw	x27,0(x26)	 x26:0x8ffffff8 x27:0x00000001 PA:0x8ffffff8 store:0x00000001 load:0xffffffff
      176302000	      8713	8000037a	00000073	ecall	
      176362000	      8716	80002700	0800006f	jal	x0,80002780	  x0=0x00000000
      176422000	      8719	80002780	16f1	c.addi	x13,-4	 x13:0x8004cc60 x13=0x8004cc5c
      176782000	      8737	80002782	0176a023	sw	x23,0(x13)	 x13:0x8004cc5c x23:0x8004cc60 PA:0x8004cc5c store:0x8004cc60 load:0xffffffff
      176802000	      8738	80002786	00068bb3	add	x23,x13,x0	 x13:0x8004cc5c  x0:0x00000000 x23=0x8004cc5c
      210062000	     10401	8000278a	f80b8b93	addi	x23,x23,-128	 x23:0x8004cc5c x23=0x8004cbdc
      210182000	     10407	8000278e	001ba223	sw	x1,4(x23)	 x23:0x8004cbdc  x1:0x0000003c PA:0x8004cbe0 store:0x0000003c load:0xffffffff
      210242000	     10410	80002792	002ba423	sw	x2,8(x23)	 x23:0x8004cbdc  x2:0xfd1d4048 PA:0x8004cbe4 store:0xfd1d4048 load:0xffffffff
      210262000	     10411	80002796	003ba623	sw	x3,12(x23)	 x23:0x8004cbdc  x3:0x800397d1 PA:0x8004cbe8 store:0x800397d1 load:0xffffffff
      210342000	     10415	8000279a	004ba823	sw	x4,16(x23)	 x23:0x8004cbdc  x4:0x8003ca86 PA:0x8004cbec store:0x8003ca86 load:0xffffffff
      210402000	     10418	8000279e	005baa23	sw	x5,20(x23)	 x23:0x8004cbdc  x5:0x00000020 PA:0x8004cbf0 store:0x00000020 load:0xffffffff
      210462000	     10421	800027a2	006bac23	sw	x6,24(x23)	 x23:0x8004cbdc  x6:0x000000ad PA:0x8004cbf4 store:0x000000ad load:0xffffffff
      210562000	     10426	800027a6	007bae23	sw	x7,28(x23)	 x23:0x8004cbdc  x7:0x00000010 PA:0x8004cbf8 store:0x00000010 load:0xffffffff
      210622000	     10429	800027aa	028ba023	sw	x8,32(x23)	 x23:0x8004cbdc  x8:0x0000000f PA:0x8004cbfc store:0x0000000f load:0xffffffff
      210642000	     10430	800027ae	029ba223	sw	x9,36(x23)	 x23:0x8004cbdc  x9:0x00000000 PA:0x8004cc00 store:0x00000000 load:0xffffffff
      210662000	     10431	800027b2	02aba423	sw	x10,40(x23)	 x23:0x8004cbdc x10:0x000000cf PA:0x8004cc04 store:0x000000cf load:0xffffffff
      210682000	     10432	800027b6	02bba623	sw	x11,44(x23)	 x23:0x8004cbdc x11:0x3f47502a PA:0x8004cc08 store:0x3f47502a load:0xffffffff
      210902000	     10443	800027ba	02cba823	sw	x12,48(x23)	 x23:0x8004cbdc x12:0xfffffbcf PA:0x8004cc0c store:0xfffffbcf load:0xffffffff
      210922000	     10444	800027be	02dbaa23	sw	x13,52(x23)	 x23:0x8004cbdc x13:0x8004cc5c PA:0x8004cc10 store:0x8004cc5c load:0xffffffff
      210982000	     10447	800027c2	02ebac23	sw	x14,56(x23)	 x23:0x8004cbdc x14:0x000000d6 PA:0x8004cc14 store:0x000000d6 load:0xffffffff
      211302000	     10463	800027c6	02fbae23	sw	x15,60(x23)	 x23:0x8004cbdc x15:0x00000062 PA:0x8004cc18 store:0x00000062 load:0xffffffff
      211382000	     10467	800027ca	050ba023	sw	x16,64(x23)	 x23:0x8004cbdc x16:0x0000007e PA:0x8004cc1c store:0x0000007e load:0xffffffff
      211542000	     10475	800027ce	051ba223	sw	x17,68(x23)	 x23:0x8004cbdc x17:0x01d0f000 PA:0x8004cc20 store:0x01d0f000 load:0xffffffff
      211742000	     10485	800027d2	052ba423	sw	x18,72(x23)	 x23:0x8004cbdc x18:0x0000003c PA:0x8004cc24 store:0x0000003c load:0xffffffff
      212402000	     10518	800027d6	053ba623	sw	x19,76(x23)	 x23:0x8004cbdc x19:0xffffffa6 PA:0x8004cc28 store:0xffffffa6 load:0xffffffff
      212862000	     10541	800027da	054ba823	sw	x20,80(x23)	 x23:0x8004cbdc x20:0xfffffbcf PA:0x8004cc2c store:0xfffffbcf load:0xffffffff
      212922000	     10544	800027de	055baa23	sw	x21,84(x23)	 x23:0x8004cbdc x21:0xffffffd5 PA:0x8004cc30 store:0xffffffd5 load:0xffffffff
      213062000	     10551	800027e2	056bac23	sw	x22,88(x23)	 x23:0x8004cbdc x22:0xffffff90 PA:0x8004cc34 store:0xffffff90 load:0xffffffff
      213082000	     10552	800027e6	057bae23	sw	x23,92(x23)	 x23:0x8004cbdc x23:0x8004cbdc PA:0x8004cc38 store:0x8004cbdc load:0xffffffff
      213202000	     10558	800027ea	078ba023	sw	x24,96(x23)	 x23:0x8004cbdc x24:0x0f0f0f0f PA:0x8004cc3c store:0x0f0f0f0f load:0xffffffff
      213302000	     10563	800027ee	079ba223	sw	x25,100(x23)	 x23:0x8004cbdc x25:0xfffffbcf PA:0x8004cc40 store:0xfffffbcf load:0xffffffff
      213322000	     10564	800027f2	07aba423	sw	x26,104(x23)	 x23:0x8004cbdc x26:0x8ffffff8 PA:0x8004cc44 store:0x8ffffff8 load:0xffffffff
      213342000	     10565	800027f6	07bba623	sw	x27,108(x23)	 x23:0x8004cbdc x27:0x00000001 PA:0x8004cc48 store:0x00000001 load:0xffffffff
      213562000	     10576	800027fa	07cba823	sw	x28,112(x23)	 x23:0x8004cbdc x28:0x20000d2e PA:0x8004cc4c store:0x20000d2e load:0xffffffff
      213782000	     10587	800027fe	07dbaa23	sw	x29,116(x23)	 x23:0x8004cbdc x29:0x000000e0 PA:0x8004cc50 store:0x000000e0 load:0xffffffff
      213922000	     10594	80002802	07ebac23	sw	x30,120(x23)	 x23:0x8004cbdc x30:0x000036f8 PA:0x8004cc54 store:0x000036f8 load:0xffffffff
      214182000	     10607	80002806	07fbae23	sw	x31,124(x23)	 x23:0x8004cbdc x31:0x00000022 PA:0x8004cc58 store:0x00000022 load:0xffffffff
      214202000	     10608	8000280a	000b86b3	add	x13,x23,x0	 x23:0x8004cbdc  x0:0x00000000 x13=0x8004cbdc
      214222000	     10609	8000280e	90000d37	lui	x26,0x90000	 x26=0x90000000
      214242000	     10610	80002812	1d71	c.addi	x26,-4	 x26:0x90000000 x26=0x8ffffffc
      214262000	     10611	80002814	4da1	c.li	x27,8	 x27=0x00000008
      214282000	     10612	80002816	0da2	c.slli	x27,0x8	 x27:0x00000008 x27=0x00000800
      214302000	     10613	80002818	000d8d93	addi	x27,x27,0	 x27:0x00000800 x27=0x00000800
      214422000	     10619	8000281c	01bd2023	sw	x27,0(x26)	 x26:0x8ffffffc x27:0x00000800 PA:0x8ffffffc store:0x00000800 load:0xffffffff
      214442000	     10620	80002820	34102df3	csrrs	x27,mepc,x0	  x0:0x00000000 x27=0x8000037a
      214462000	     10621	80002824	34202df3	csrrs	x27,mcause,x0	  x0:0x00000000 x27=0x0000000b
      214482000	     10622	80002828	4d0d	c.li	x26,3	 x26=0x00000003
      214502000	     10623	8000282a	01ad9463	bne	x27,x26,80002832	 x27:0x0000000b x26:0x00000003
      214542000	     10625	80002832	4d21	c.li	x26,8	 x26=0x00000008
      214562000	     10626	80002834	05ad8d63	beq	x27,x26,8000288e	 x27:0x0000000b x26:0x00000008
      214582000	     10627	80002838	4d25	c.li	x26,9	 x26=0x00000009
      214602000	     10628	8000283a	05ad8a63	beq	x27,x26,8000288e	 x27:0x0000000b x26:0x00000009
      214622000	     10629	8000283e	4d2d	c.li	x26,11	 x26=0x0000000b
      214642000	     10630	80002840	05ad8763	beq	x27,x26,8000288e	 x27:0x0000000b x26:0x0000000b
      215122000	     10654	8000288e	90000d37	lui	x26,0x90000	 x26=0x90000000
      215142000	     10655	80002892	1d71	c.addi	x26,-4	 x26:0x90000000 x26=0x8ffffffc
      215162000	     10656	80002894	6d85	c.lui	x27,0x1	 x27=0x00001000
      215222000	     10659	80002896	b00d8d93	addi	x27,x27,-1280	 x27:0x00001000 x27=0x00000b00
      215242000	     10660	8000289a	0da2	c.slli	x27,0x8	 x27:0x00000b00 x27=0x000b0000
      215282000	     10662	8000289c	0d8d	c.addi	x27,3	 x27:0x000b0000 x27=0x000b0003
      215342000	     10665	8000289e	01bd2023	sw	x27,0(x26)	 x26:0x8ffffffc x27:0x000b0003 PA:0x8ffffffc store:0x000b0003 load:0xffffffff
      215602000	     10678	800028a2	b0002df3	csrrs	x27,mcycle,x0	  x0:0x00000000 x27=0x000029b3
      215702000	     10683	800028a6	01bd2023	sw	x27,0(x26)	 x26:0x8ffffffc x27:0x000029b3 PA:0x8ffffffc store:0x000029b3 load:0xffffffff
      215722000	     10684	800028aa	90000d37	lui	x26,0x90000	 x26=0x90000000
      215742000	     10685	800028ae	1d71	c.addi	x26,-4	 x26:0x90000000 x26=0x8ffffffc
      215762000	     10686	800028b0	6d85	c.lui	x27,0x1	 x27=0x00001000
      215782000	     10687	800028b2	b80d8d93	addi	x27,x27,-1152	 x27:0x00001000 x27=0x00000b80
      215802000	     10688	800028b6	0da2	c.slli	x27,0x8	 x27:0x00000b80 x27=0x000b8000
      215882000	     10692	800028b8	0d8d	c.addi	x27,3	 x27:0x000b8000 x27=0x000b8003
      216342000	     10715	800028ba	01bd2023	sw	x27,0(x26)	 x26:0x8ffffffc x27:0x000b8003 PA:0x8ffffffc store:0x000b8003 load:0xffffffff
      216642000	     10730	800028be	b8002df3	csrrs	x27,mcycleh,x0	  x0:0x00000000 x27=0x00000000
      216802000	     10738	800028c2	01bd2023	sw	x27,0(x26)	 x26:0x8ffffffc x27:0x00000000 PA:0x8ffffffc store:0x00000000 load:0xffffffff
      216822000	     10739	800028c6	90000d37	lui	x26,0x90000	 x26=0x90000000
      216842000	     10740	800028ca	1d71	c.addi	x26,-4	 x26:0x90000000 x26=0x8ffffffc
      216902000	     10743	800028cc	6d85	c.lui	x27,0x1	 x27=0x00001000
      216922000	     10744	800028ce	b03d8d93	addi	x27,x27,-1277	 x27:0x00001000 x27=0x00000b03
      216942000	     10745	800028d2	0da2	c.slli	x27,0x8	 x27:0x00000b03 x27=0x000b0300
      216962000	     10746	800028d4	0d8d	c.addi	x27,3	 x27:0x000b0300 x27=0x000b0303
      217222000	     10759	800028d6	01bd2023	sw	x27,0(x26)	 x26:0x8ffffffc x27:0x000b0303 PA:0x8ffffffc store:0x000b0303 load:0xffffffff
      217242000	     10760	800028da	b0302df3	csrrs	x27,mhpmcounter3,x0	  x0:0x00000000 x27=0x00000628
      217302000	     10763	800028de	01bd2023	sw	x27,0(x26)	 x26:0x8ffffffc x27:0x00000628 PA:0x8ffffffc store:0x00000628 load:0xffffffff
      217322000	     10764	800028e2	90000d37	lui	x26,0x90000	 x26=0x90000000
      217342000	     10765	800028e6	1d71	c.addi	x26,-4	 x26:0x90000000 x26=0x8ffffffc
      217582000	     10777	800028e8	6d85	c.lui	x27,0x1	 x27=0x00001000
      217862000	     10791	800028ea	b83d8d93	addi	x27,x27,-1149	 x27:0x00001000 x27=0x00000b83
      217882000	     10792	800028ee	0da2	c.slli	x27,0x8	 x27:0x00000b83 x27=0x000b8300
      217902000	     10793	800028f0	0d8d	c.addi	x27,3	 x27:0x000b8300 x27=0x000b8303
      218222000	     10809	800028f2	01bd2023	sw	x27,0(x26)	 x26:0x8ffffffc x27:0x000b8303 PA:0x8ffffffc store:0x000b8303 load:0xffffffff
      218242000	     10810	800028f6	b8302df3	csrrs	x27,mhpmcounter3h,x0	  x0:0x00000000 x27=0x00000000
      218742000	     10835	800028fa	01bd2023	sw	x27,0(x26)	 x26:0x8ffffffc x27:0x00000000 PA:0x8ffffffc store:0x00000000 load:0xffffffff
      218762000	     10836	800028fe	90000d37	lui	x26,0x90000	 x26=0x90000000
      218782000	     10837	80002902	1d71	c.addi	x26,-4	 x26:0x90000000 x26=0x8ffffffc
      218802000	     10838	80002904	6d85	c.lui	x27,0x1	 x27=0x00001000
      218822000	     10839	80002906	b04d8d93	addi	x27,x27,-1276	 x27:0x00001000 x27=0x00000b04
      218842000	     10840	8000290a	0da2	c.slli	x27,0x8	 x27:0x00000b04 x27=0x000b0400
      218862000	     10841	8000290c	0d8d	c.addi	x27,3	 x27:0x000b0400 x27=0x000b0403
      219062000	     10851	8000290e	01bd2023	sw	x27,0(x26)	 x26:0x8ffffffc x27:0x000b0403 PA:0x8ffffffc store:0x000b0403 load:0xffffffff
      219082000	     10852	80002912	b0402df3	csrrs	x27,mhpmcounter4,x0	  x0:0x00000000 x27=0x0000094f
      219102000	     10853	80002916	01bd2023	sw	x27,0(x26)	 x26:0x8ffffffc x27:0x0000094f PA:0x8ffffffc store:0x0000094f load:0xffffffff
      219542000	     10875	8000291a	90000d37	lui	x26,0x90000	 x26=0x90000000
      219562000	     10876	8000291e	1d71	c.addi	x26,-4	 x26:0x90000000 x26=0x8ffffffc
      219582000	     10877	80002920	6d85	c.lui	x27,0x1	 x27=0x00001000
      219602000	     10878	80002922	b84d8d93	addi	x27,x27,-1148	 x27:0x00001000 x27=0x00000b84
      219622000	     10879	80002926	0da2	c.slli	x27,0x8	 x27:0x00000b84 x27=0x000b8400
      219642000	     10880	80002928	0d8d	c.addi	x27,3	 x27:0x000b8400 x27=0x000b8403
      219702000	     10883	8000292a	01bd2023	sw	x27,0(x26)	 x26:0x8ffffffc x27:0x000b8403 PA:0x8ffffffc store:0x000b8403 load:0xffffffff
      220082000	     10902	8000292e	b8402df3	csrrs	x27,mhpmcounter4h,x0	  x0:0x00000000 x27=0x00000000
      220382000	     10917	80002932	01bd2023	sw	x27,0(x26)	 x26:0x8ffffffc x27:0x00000000 PA:0x8ffffffc store:0x00000000 load:0xffffffff
      220502000	     10923	80002936	90000d37	lui	x26,0x90000	 x26=0x90000000
      220522000	     10924	8000293a	1d71	c.addi	x26,-4	 x26:0x90000000 x26=0x8ffffffc
      220542000	     10925	8000293c	6d85	c.lui	x27,0x1	 x27=0x00001000
      220562000	     10926	8000293e	b05d8d93	addi	x27,x27,-1275	 x27:0x00001000 x27=0x00000b05
      220582000	     10927	80002942	0da2	c.slli	x27,0x8	 x27:0x00000b05 x27=0x000b0500
      220602000	     10928	80002944	0d8d	c.addi	x27,3	 x27:0x000b0500 x27=0x000b0503
      220662000	     10931	80002946	01bd2023	sw	x27,0(x26)	 x26:0x8ffffffc x27:0x000b0503 PA:0x8ffffffc store:0x000b0503 load:0xffffffff
      220702000	     10933	8000294a	b0502df3	csrrs	x27,mhpmcounter5,x0	  x0:0x00000000 x27=0x00000096
      221082000	     10952	8000294e	01bd2023	sw	x27,0(x26)	 x26:0x8ffffffc x27:0x00000096 PA:0x8ffffffc store:0x00000096 load:0xffffffff
      221102000	     10953	80002952	90000d37	lui	x26,0x90000	 x26=0x90000000
      221122000	     10954	80002956	1d71	c.addi	x26,-4	 x26:0x90000000 x26=0x8ffffffc
      221142000	     10955	80002958	6d85	c.lui	x27,0x1	 x27=0x00001000
      221162000	     10956	8000295a	b85d8d93	addi	x27,x27,-1147	 x27:0x00001000 x27=0x00000b85
      221182000	     10957	8000295e	0da2	c.slli	x27,0x8	 x27:0x00000b85 x27=0x000b8500
      221202000	     10958	80002960	0d8d	c.addi	x27,3	 x27:0x000b8500 x27=0x000b8503
      221582000	     10977	80002962	01bd2023	sw	x27,0(x26)	 x26:0x8ffffffc x27:0x000b8503 PA:0x8ffffffc store:0x000b8503 load:0xffffffff
      221602000	     10978	80002966	b8502df3	csrrs	x27,mhpmcounter5h,x0	  x0:0x00000000 x27=0x00000000
      222262000	     11011	8000296a	01bd2023	sw	x27,0(x26)	 x26:0x8ffffffc x27:0x00000000 PA:0x8ffffffc store:0x00000000 load:0xffffffff
      222282000	     11012	8000296e	90000d37	lui	x26,0x90000	 x26=0x90000000
      222302000	     11013	80002972	1d71	c.addi	x26,-4	 x26:0x90000000 x26=0x8ffffffc
      222322000	     11014	80002974	6d85	c.lui	x27,0x1	 x27=0x00001000
      222342000	     11015	80002976	b06d8d93	addi	x27,x27,-1274	 x27:0x00001000 x27=0x00000b06
      222362000	     11016	8000297a	0da2	c.slli	x27,0x8	 x27:0x00000b06 x27=0x000b0600
      222382000	     11017	8000297c	0d8d	c.addi	x27,3	 x27:0x000b0600 x27=0x000b0603
      222442000	     11020	8000297e	01bd2023	sw	x27,0(x26)	 x26:0x8ffffffc x27:0x000b0603 PA:0x8ffffffc store:0x000b0603 load:0xffffffff
      222462000	     11021	80002982	b0602df3	csrrs	x27,mhpmcounter6,x0	  x0:0x00000000 x27=0x000000db
      223202000	     11058	80002986	01bd2023	sw	x27,0(x26)	 x26:0x8ffffffc x27:0x000000db PA:0x8ffffffc store:0x000000db load:0xffffffff
      223222000	     11059	8000298a	90000d37	lui	x26,0x90000	 x26=0x90000000
      223242000	     11060	8000298e	1d71	c.addi	x26,-4	 x26:0x90000000 x26=0x8ffffffc
      223382000	     11067	80002990	6d85	c.lui	x27,0x1	 x27=0x00001000
      223402000	     11068	80002992	b86d8d93	addi	x27,x27,-1146	 x27:0x00001000 x27=0x00000b86
      223422000	     11069	80002996	0da2	c.slli	x27,0x8	 x27:0x00000b86 x27=0x000b8600
      223442000	     11070	80002998	0d8d	c.addi	x27,3	 x27:0x000b8600 x27=0x000b8603
      223502000	     11073	8000299a	01bd2023	sw	x27,0(x26)	 x26:0x8ffffffc x27:0x000b8603 PA:0x8ffffffc store:0x000b8603 load:0xffffffff
      223862000	     11091	8000299e	b8602df3	csrrs	x27,mhpmcounter6h,x0	  x0:0x00000000 x27=0x00000000
      224022000	     11099	800029a2	01bd2023	sw	x27,0(x26)	 x26:0x8ffffffc x27:0x00000000 PA:0x8ffffffc store:0x00000000 load:0xffffffff
      224182000	     11107	800029a6	90000d37	lui	x26,0x90000	 x26=0x90000000
      224202000	     11108	800029aa	1d71	c.addi	x26,-4	 x26:0x90000000 x26=0x8ffffffc
      224222000	     11109	800029ac	6d85	c.lui	x27,0x1	 x27=0x00001000
      224242000	     11110	800029ae	b07d8d93	addi	x27,x27,-1273	 x27:0x00001000 x27=0x00000b07
      224262000	     11111	800029b2	0da2	c.slli	x27,0x8	 x27:0x00000b07 x27=0x000b0700
      224402000	     11118	800029b4	0d8d	c.addi	x27,3	 x27:0x000b0700 x27=0x000b0703
      224482000	     11122	800029b6	01bd2023	sw	x27,0(x26)	 x26:0x8ffffffc x27:0x000b0703 PA:0x8ffffffc store:0x000b0703 load:0xffffffff
      224502000	     11123	800029ba	b0702df3	csrrs	x27,mhpmcounter7,x0	  x0:0x00000000 x27=0x00000026
      224722000	     11134	800029be	01bd2023	sw	x27,0(x26)	 x26:0x8ffffffc x27:0x00000026 PA:0x8ffffffc store:0x00000026 load:0xffffffff
      224802000	     11138	800029c2	90000d37	lui	x26,0x90000	 x26=0x90000000
      224822000	     11139	800029c6	1d71	c.addi	x26,-4	 x26:0x90000000 x26=0x8ffffffc
      224842000	     11140	800029c8	6d85	c.lui	x27,0x1	 x27=0x00001000
      224862000	     11141	800029ca	b87d8d93	addi	x27,x27,-1145	 x27:0x00001000 x27=0x00000b87
      224882000	     11142	800029ce	0da2	c.slli	x27,0x8	 x27:0x00000b87 x27=0x000b8700
      224962000	     11146	800029d0	0d8d	c.addi	x27,3	 x27:0x000b8700 x27=0x000b8703
      225062000	     11151	800029d2	01bd2023	sw	x27,0(x26)	 x26:0x8ffffffc x27:0x000b8703 PA:0x8ffffffc store:0x000b8703 load:0xffffffff
      225082000	     11152	800029d6	b8702df3	csrrs	x27,mhpmcounter7h,x0	  x0:0x00000000 x27=0x00000000
      225442000	     11170	800029da	01bd2023	sw	x27,0(x26)	 x26:0x8ffffffc x27:0x00000000 PA:0x8ffffffc store:0x00000000 load:0xffffffff
      225462000	     11171	800029de	90000d37	lui	x26,0x90000	 x26=0x90000000
      225482000	     11172	800029e2	1d71	c.addi	x26,-4	 x26:0x90000000 x26=0x8ffffffc
      225502000	     11173	800029e4	6d85	c.lui	x27,0x1	 x27=0x00001000
      225522000	     11174	800029e6	b08d8d93	addi	x27,x27,-1272	 x27:0x00001000 x27=0x00000b08
      225542000	     11175	800029ea	0da2	c.slli	x27,0x8	 x27:0x00000b08 x27=0x000b0800
      225562000	     11176	800029ec	0d8d	c.addi	x27,3	 x27:0x000b0800 x27=0x000b0803
      225722000	     11184	800029ee	01bd2023	sw	x27,0(x26)	 x26:0x8ffffffc x27:0x000b0803 PA:0x8ffffffc store:0x000b0803 load:0xffffffff
      225742000	     11185	800029f2	b0802df3	csrrs	x27,mhpmcounter8,x0	  x0:0x00000000 x27=0x000000f6
      226182000	     11207	800029f6	01bd2023	sw	x27,0(x26)	 x26:0x8ffffffc x27:0x000000f6 PA:0x8ffffffc store:0x000000f6 load:0xffffffff
      226202000	     11208	800029fa	90000d37	lui	x26,0x90000	 x26=0x90000000
      226222000	     11209	800029fe	1d71	c.addi	x26,-4	 x26:0x90000000 x26=0x8ffffffc
      226242000	     11210	80002a00	6d85	c.lui	x27,0x1	 x27=0x00001000
      226322000	     11214	80002a02	b88d8d93	addi	x27,x27,-1144	 x27:0x00001000 x27=0x00000b88
      226342000	     11215	80002a06	0da2	c.slli	x27,0x8	 x27:0x00000b88 x27=0x000b8800
      226442000	     11220	80002a08	0d8d	c.addi	x27,3	 x27:0x000b8800 x27=0x000b8803
      226682000	     11232	80002a0a	01bd2023	sw	x27,0(x26)	 x26:0x8ffffffc x27:0x000b8803 PA:0x8ffffffc store:0x000b8803 load:0xffffffff
      226702000	     11233	80002a0e	b8802df3	csrrs	x27,mhpmcounter8h,x0	  x0:0x00000000 x27=0x00000000
      227022000	     11249	80002a12	01bd2023	sw	x27,0(x26)	 x26:0x8ffffffc x27:0x00000000 PA:0x8ffffffc store:0x00000000 load:0xffffffff
      227062000	     11251	80002a16	90000d37	lui	x26,0x90000	 x26=0x90000000
      227082000	     11252	80002a1a	1d71	c.addi	x26,-4	 x26:0x90000000 x26=0x8ffffffc
      227222000	     11259	80002a1c	6d85	c.lui	x27,0x1	 x27=0x00001000
      227642000	     11280	80002a1e	b09d8d93	addi	x27,x27,-1271	 x27:0x00001000 x27=0x00000b09
      227662000	     11281	80002a22	0da2	c.slli	x27,0x8	 x27:0x00000b09 x27=0x000b0900
      227682000	     11282	80002a24	0d8d	c.addi	x27,3	 x27:0x000b0900 x27=0x000b0903
      227822000	     11289	80002a26	01bd2023	sw	x27,0(x26)	 x26:0x8ffffffc x27:0x000b0903 PA:0x8ffffffc store:0x000b0903 load:0xffffffff
      227842000	     11290	80002a2a	b0902df3	csrrs	x27,mhpmcounter9,x0	  x0:0x00000000 x27=0x00000045
      227862000	     11291	80002a2e	01bd2023	sw	x27,0(x26)	 x26:0x8ffffffc x27:0x00000045 PA:0x8ffffffc store:0x00000045 load:0xffffffff
      228242000	     11310	80002a32	90000d37	lui	x26,0x90000	 x26=0x90000000
      228262000	     11311	80002a36	1d71	c.addi	x26,-4	 x26:0x90000000 x26=0x8ffffffc
      228282000	     11312	80002a38	6d85	c.lui	x27,0x1	 x27=0x00001000
      228382000	     11317	80002a3a	b89d8d93	addi	x27,x27,-1143	 x27:0x00001000 x27=0x00000b89
      228402000	     11318	80002a3e	0da2	c.slli	x27,0x8	 x27:0x00000b89 x27=0x000b8900
      228702000	     11333	80002a40	0d8d	c.addi	x27,3	 x27:0x000b8900 x27=0x000b8903
      228822000	     11339	80002a42	01bd2023	sw	x27,0(x26)	 x26:0x8ffffffc x27:0x000b8903 PA:0x8ffffffc store:0x000b8903 load:0xffffffff
      228842000	     11340	80002a46	b8902df3	csrrs	x27,mhpmcounter9h,x0	  x0:0x00000000 x27=0x00000000
      229022000	     11349	80002a4a	01bd2023	sw	x27,0(x26)	 x26:0x8ffffffc x27:0x00000000 PA:0x8ffffffc store:0x00000000 load:0xffffffff
      229182000	     11357	80002a4e	90000d37	lui	x26,0x90000	 x26=0x90000000
      229202000	     11358	80002a52	1d71	c.addi	x26,-4	 x26:0x90000000 x26=0x8ffffffc
      229222000	     11359	80002a54	6d85	c.lui	x27,0x1	 x27=0x00001000
      229262000	     11361	80002a56	b0ad8d93	addi	x27,x27,-1270	 x27:0x00001000 x27=0x00000b0a
      229282000	     11362	80002a5a	0da2	c.slli	x27,0x8	 x27:0x00000b0a x27=0x000b0a00
      229302000	     11363	80002a5c	0d8d	c.addi	x27,3	 x27:0x000b0a00 x27=0x000b0a03
      229422000	     11369	80002a5e	01bd2023	sw	x27,0(x26)	 x26:0x8ffffffc x27:0x000b0a03 PA:0x8ffffffc store:0x000b0a03 load:0xffffffff
      229442000	     11370	80002a62	b0a02df3	csrrs	x27,mhpmcounter10,x0	  x0:0x00000000 x27=0x00000282
      229662000	     11381	80002a66	01bd2023	sw	x27,0(x26)	 x26:0x8ffffffc x27:0x00000282 PA:0x8ffffffc store:0x00000282 load:0xffffffff
      229982000	     11397	80002a6a	90000d37	lui	x26,0x90000	 x26=0x90000000
      230002000	     11398	80002a6e	1d71	c.addi	x26,-4	 x26:0x90000000 x26=0x8ffffffc
      230022000	     11399	80002a70	6d85	c.lui	x27,0x1	 x27=0x00001000
      230042000	     11400	80002a72	b8ad8d93	addi	x27,x27,-1142	 x27:0x00001000 x27=0x00000b8a
      230062000	     11401	80002a76	0da2	c.slli	x27,0x8	 x27:0x00000b8a x27=0x000b8a00
      230142000	     11405	80002a78	0d8d	c.addi	x27,3	 x27:0x000b8a00 x27=0x000b8a03
      230282000	     11412	80002a7a	01bd2023	sw	x27,0(x26)	 x26:0x8ffffffc x27:0x000b8a03 PA:0x8ffffffc store:0x000b8a03 load:0xffffffff
      230722000	     11434	80002a7e	b8a02df3	csrrs	x27,mhpmcounter10h,x0	  x0:0x00000000 x27=0x00000000
      230922000	     11444	80002a82	01bd2023	sw	x27,0(x26)	 x26:0x8ffffffc x27:0x00000000 PA:0x8ffffffc store:0x00000000 load:0xffffffff
      231302000	     11463	80002a86	90000d37	lui	x26,0x90000	 x26=0x90000000
      231322000	     11464	80002a8a	1d71	c.addi	x26,-4	 x26:0x90000000 x26=0x8ffffffc
      231342000	     11465	80002a8c	6d85	c.lui	x27,0x1	 x27=0x00001000
      231362000	     11466	80002a8e	b0bd8d93	addi	x27,x27,-1269	 x27:0x00001000 x27=0x00000b0b
      231382000	     11467	80002a92	0da2	c.slli	x27,0x8	 x27:0x00000b0b x27=0x000b0b00
      231402000	     11468	80002a94	0d8d	c.addi	x27,3	 x27:0x000b0b00 x27=0x000b0b03
      231742000	     11485	80002a96	01bd2023	sw	x27,0(x26)	 x26:0x8ffffffc x27:0x000b0b03 PA:0x8ffffffc store:0x000b0b03 load:0xffffffff
      231762000	     11486	80002a9a	b0b02df3	csrrs	x27,mhpmcounter11,x0	  x0:0x00000000 x27=0x00000036
      231862000	     11491	80002a9e	01bd2023	sw	x27,0(x26)	 x26:0x8ffffffc x27:0x00000036 PA:0x8ffffffc store:0x00000036 load:0xffffffff
      231882000	     11492	80002aa2	90000d37	lui	x26,0x90000	 x26=0x90000000
      231902000	     11493	80002aa6	1d71	c.addi	x26,-4	 x26:0x90000000 x26=0x8ffffffc
      232022000	     11499	80002aa8	6d85	c.lui	x27,0x1	 x27=0x00001000
      232422000	     11519	80002aaa	b8bd8d93	addi	x27,x27,-1141	 x27:0x00001000 x27=0x00000b8b
      232442000	     11520	80002aae	0da2	c.slli	x27,0x8	 x27:0x00000b8b x27=0x000b8b00
      232462000	     11521	80002ab0	0d8d	c.addi	x27,3	 x27:0x000b8b00 x27=0x000b8b03
      232562000	     11526	80002ab2	01bd2023	sw	x27,0(x26)	 x26:0x8ffffffc x27:0x000b8b03 PA:0x8ffffffc store:0x000b8b03 load:0xffffffff
      232582000	     11527	80002ab6	b8b02df3	csrrs	x27,mhpmcounter11h,x0	  x0:0x00000000 x27=0x00000000
      233122000	     11554	80002aba	01bd2023	sw	x27,0(x26)	 x26:0x8ffffffc x27:0x00000000 PA:0x8ffffffc store:0x00000000 load:0xffffffff
      233142000	     11555	80002abe	90000d37	lui	x26,0x90000	 x26=0x90000000
      233162000	     11556	80002ac2	1d71	c.addi	x26,-4	 x26:0x90000000 x26=0x8ffffffc
      233182000	     11557	80002ac4	6d85	c.lui	x27,0x1	 x27=0x00001000
      233202000	     11558	80002ac6	b0cd8d93	addi	x27,x27,-1268	 x27:0x00001000 x27=0x00000b0c
      233222000	     11559	80002aca	0da2	c.slli	x27,0x8	 x27:0x00000b0c x27=0x000b0c00
      233242000	     11560	80002acc	0d8d	c.addi	x27,3	 x27:0x000b0c00 x27=0x000b0c03
      233342000	     11565	80002ace	01bd2023	sw	x27,0(x26)	 x26:0x8ffffffc x27:0x000b0c03 PA:0x8ffffffc store:0x000b0c03 load:0xffffffff
      233362000	     11566	80002ad2	b0c02df3	csrrs	x27,mhpmcounter12,x0	  x0:0x00000000 x27=0x0000016f
      233542000	     11575	80002ad6	01bd2023	sw	x27,0(x26)	 x26:0x8ffffffc x27:0x0000016f PA:0x8ffffffc store:0x0000016f load:0xffffffff
      233722000	     11584	80002ada	90000d37	lui	x26,0x90000	 x26=0x90000000
      233742000	     11585	80002ade	1d71	c.addi	x26,-4	 x26:0x90000000 x26=0x8ffffffc
      233762000	     11586	80002ae0	6d85	c.lui	x27,0x1	 x27=0x00001000
      234102000	     11603	80002ae2	b8cd8d93	addi	x27,x27,-1140	 x27:0x00001000 x27=0x00000b8c
      234122000	     11604	80002ae6	0da2	c.slli	x27,0x8	 x27:0x00000b8c x27=0x000b8c00
      234202000	     11608	80002ae8	0d8d	c.addi	x27,3	 x27:0x000b8c00 x27=0x000b8c03
      234662000	     11631	80002aea	01bd2023	sw	x27,0(x26)	 x26:0x8ffffffc x27:0x000b8c03 PA:0x8ffffffc store:0x000b8c03 load:0xffffffff
      234682000	     11632	80002aee	b8c02df3	csrrs	x27,mhpmcounter12h,x0	  x0:0x00000000 x27=0x00000000
      234882000	     11642	80002af2	01bd2023	sw	x27,0(x26)	 x26:0x8ffffffc x27:0x00000000 PA:0x8ffffffc store:0x00000000 load:0xffffffff
      234902000	     11643	80002af6	ffffdd97	auipc	x27,0xffffd	 x27=0x7ffffaf6
      234922000	     11644	80002afa	58ad8d93	addi	x27,x27,1418	 x27:0x7ffffaf6 x27=0x80000080
      235162000	     11656	80002afe	000da023	sw	x0,0(x27)	 x27:0x80000080  x0:0x00000000 PA:0x80000080 store:0x00000000 load:0xffffffff
      235182000	     11657	80002b02	001da223	sw	x1,4(x27)	 x27:0x80000080  x1:0x0000003c PA:0x80000084 store:0x0000003c load:0xffffffff
      235542000	     11675	80002b06	002da423	sw	x2,8(x27)	 x27:0x80000080  x2:0xfd1d4048 PA:0x80000088 store:0xfd1d4048 load:0xffffffff
      235602000	     11678	80002b0a	003da623	sw	x3,12(x27)	 x27:0x80000080  x3:0x800397d1 PA:0x8000008c store:0x800397d1 load:0xffffffff
      235822000	     11689	80002b0e	004da823	sw	x4,16(x27)	 x27:0x80000080  x4:0x8003ca86 PA:0x80000090 store:0x8003ca86 load:0xffffffff
      235842000	     11690	80002b12	005daa23	sw	x5,20(x27)	 x27:0x80000080  x5:0x00000020 PA:0x80000094 store:0x00000020 load:0xffffffff
      236062000	     11701	80002b16	006dac23	sw	x6,24(x27)	 x27:0x80000080  x6:0x000000ad PA:0x80000098 store:0x000000ad load:0xffffffff
      236122000	     11704	80002b1a	007dae23	sw	x7,28(x27)	 x27:0x80000080  x7:0x00000010 PA:0x8000009c store:0x00000010 load:0xffffffff
      236262000	     11711	80002b1e	028da023	sw	x8,32(x27)	 x27:0x80000080  x8:0x0000000f PA:0x800000a0 store:0x0000000f load:0xffffffff
      236322000	     11714	80002b22	029da223	sw	x9,36(x27)	 x27:0x80000080  x9:0x00000000 PA:0x800000a4 store:0x00000000 load:0xffffffff
      236542000	     11725	80002b26	02ada423	sw	x10,40(x27)	 x27:0x80000080 x10:0x000000cf PA:0x800000a8 store:0x000000cf load:0xffffffff
      236562000	     11726	80002b2a	02bda623	sw	x11,44(x27)	 x27:0x80000080 x11:0x3f47502a PA:0x800000ac store:0x3f47502a load:0xffffffff
      237062000	     11751	80002b2e	02cda823	sw	x12,48(x27)	 x27:0x80000080 x12:0xfffffbcf PA:0x800000b0 store:0xfffffbcf load:0xffffffff
      237122000	     11754	80002b32	02ddaa23	sw	x13,52(x27)	 x27:0x80000080 x13:0x8004cbdc PA:0x800000b4 store:0x8004cbdc load:0xffffffff
      237182000	     11757	80002b36	02edac23	sw	x14,56(x27)	 x27:0x80000080 x14:0x000000d6 PA:0x800000b8 store:0x000000d6 load:0xffffffff
      237262000	     11761	80002b3a	02fdae23	sw	x15,60(x27)	 x27:0x80000080 x15:0x00000062 PA:0x800000bc store:0x00000062 load:0xffffffff
      237402000	     11768	80002b3e	050da023	sw	x16,64(x27)	 x27:0x80000080 x16:0x0000007e PA:0x800000c0 store:0x0000007e load:0xffffffff
      237462000	     11771	80002b42	051da223	sw	x17,68(x27)	 x27:0x80000080 x17:0x01d0f000 PA:0x800000c4 store:0x01d0f000 load:0xffffffff
