Time	Cycle	PC	Insn	Decoded instruction	Register and memory contents
        1055000	         6	80000080	40001db7	lui	x27,0x40001	 x27=0x40001000
        1065000	         7	80000084	106d8d93	addi	x27,x27,262	 x27:0x40001000 x27=0x40001106
        1075000	         8	80000088	301d9073	csrrw	x0,misa,x27	 x27:0x40001106  x0=0x00000000
        1105000	        11	8000008c	0004d697	auipc	x13,0x4d	 x13=0x8004d08c
        1115000	        12	80000090	c5868693	addi	x13,x13,-936	 x13:0x8004d08c x13=0x8004cce4
        1125000	        13	80000094	00002d97	auipc	x27,0x2	 x27=0x80002094
        1135000	        14	80000098	66cd8d93	addi	x27,x27,1644	 x27:0x80002094 x27=0x80002700
        1145000	        15	8000009c	001ded93	ori	x27,x27,1	 x27:0x80002700 x27=0x80002701
        1155000	        16	800000a0	305d9073	csrrw	x0,mtvec,x27	 x27:0x80002701  x0=0x00000000
        1185000	        19	800000a4	74725073	csrrwi	x0,0x747,4	  x0=0x00000000
        1215000	        22	800000a8	00003597	auipc	x11,0x3	 x11=0x800030a8
        1225000	        23	800000ac	41458593	addi	x11,x11,1044	 x11:0x800030a8 x11=0x800034bc
        1235000	        24	800000b0	4d81	c.li	x27,0	 x27=0x00000000
        1245000	        25	800000b2	95ee	c.add	x11,x27	 x11:0x800034bc x27:0x00000000 x11=0x800034bc
        1255000	        26	800000b4	8189	c.srli	x11,0x2	 x11:0x800034bc x11=0x20000d2f
        1265000	        27	800000b6	3b059073	csrrw	x0,pmpaddr0,x11	 x11:0x20000d2f  x0=0x00000000
        1295000	        30	800000ba	00003597	auipc	x11,0x3	 x11=0x800030ba
        1305000	        31	800000be	40258593	addi	x11,x11,1026	 x11:0x800030ba x11=0x800034bc
        1315000	        32	800000c2	11111db7	lui	x27,0x11111	 x27=0x11111000
        1325000	        33	800000c6	111d8d93	addi	x27,x27,273	 x27:0x11111000 x27=0x11111111
        1335000	        34	800000ca	95ee	c.add	x11,x27	 x11:0x800034bc x27:0x11111111 x11=0x911145cd
        1345000	        35	800000cc	8189	c.srli	x11,0x2	 x11:0x911145cd x11=0x24445173
        1355000	        36	800000ce	3b159073	csrrw	x0,pmpaddr1,x11	 x11:0x24445173  x0=0x00000000
        1385000	        39	800000d2	00003597	auipc	x11,0x3	 x11=0x800030d2
        1395000	        40	800000d6	3ea58593	addi	x11,x11,1002	 x11:0x800030d2 x11=0x800034bc
        1405000	        41	800000da	22222db7	lui	x27,0x22222	 x27=0x22222000
        1415000	        42	800000de	222d8d93	addi	x27,x27,546	 x27:0x22222000 x27=0x22222222
        1425000	        43	800000e2	95ee	c.add	x11,x27	 x11:0x800034bc x27:0x22222222 x11=0xa22256de
        1435000	        44	800000e4	8189	c.srli	x11,0x2	 x11:0xa22256de x11=0x288895b7
        1445000	        45	800000e6	3b259073	csrrw	x0,pmpaddr2,x11	 x11:0x288895b7  x0=0x00000000
        1475000	        48	800000ea	00003597	auipc	x11,0x3	 x11=0x800030ea
        1485000	        49	800000ee	3d258593	addi	x11,x11,978	 x11:0x800030ea x11=0x800034bc
        1495000	        50	800000f2	33333db7	lui	x27,0x33333	 x27=0x33333000
        1505000	        51	800000f6	333d8d93	addi	x27,x27,819	 x27:0x33333000 x27=0x33333333
        1515000	        52	800000fa	95ee	c.add	x11,x27	 x11:0x800034bc x27:0x33333333 x11=0xb33367ef
        1525000	        53	800000fc	8189	c.srli	x11,0x2	 x11:0xb33367ef x11=0x2cccd9fb
        1535000	        54	800000fe	3b359073	csrrw	x0,pmpaddr3,x11	 x11:0x2cccd9fb  x0=0x00000000
        1565000	        57	80000102	0f0f15b7	lui	x11,0xf0f1	 x11=0x0f0f1000
        1575000	        58	80000106	f0f58593	addi	x11,x11,-241	 x11:0x0f0f1000 x11=0x0f0f0f0f
        1585000	        59	8000010a	3a059073	csrrw	x0,pmpcfg0,x11	 x11:0x0f0f0f0f  x0=0x00000000
        1615000	        62	8000010e	00003597	auipc	x11,0x3	 x11=0x8000310e
        1625000	        63	80000112	3ae58593	addi	x11,x11,942	 x11:0x8000310e x11=0x800034bc
        1635000	        64	80000116	44444db7	lui	x27,0x44444	 x27=0x44444000
        1645000	        65	8000011a	444d8d93	addi	x27,x27,1092	 x27:0x44444000 x27=0x44444444
        1655000	        66	8000011e	95ee	c.add	x11,x27	 x11:0x800034bc x27:0x44444444 x11=0xc4447900
        1665000	        67	80000120	8189	c.srli	x11,0x2	 x11:0xc4447900 x11=0x31111e40
        1675000	        68	80000122	3b459073	csrrw	x0,pmpaddr4,x11	 x11:0x31111e40  x0=0x00000000
        1705000	        71	80000126	00003597	auipc	x11,0x3	 x11=0x80003126
        1715000	        72	8000012a	39658593	addi	x11,x11,918	 x11:0x80003126 x11=0x800034bc
        1725000	        73	8000012e	55555db7	lui	x27,0x55555	 x27=0x55555000
        1735000	        74	80000132	555d8d93	addi	x27,x27,1365	 x27:0x55555000 x27=0x55555555
        1745000	        75	80000136	95ee	c.add	x11,x27	 x11:0x800034bc x27:0x55555555 x11=0xd5558a11
        1755000	        76	80000138	8189	c.srli	x11,0x2	 x11:0xd5558a11 x11=0x35556284
        1765000	        77	8000013a	3b559073	csrrw	x0,pmpaddr5,x11	 x11:0x35556284  x0=0x00000000
        1795000	        80	8000013e	00003597	auipc	x11,0x3	 x11=0x8000313e
        1805000	        81	80000142	37e58593	addi	x11,x11,894	 x11:0x8000313e x11=0x800034bc
        1815000	        82	80000146	66666db7	lui	x27,0x66666	 x27=0x66666000
        1825000	        83	8000014a	666d8d93	addi	x27,x27,1638	 x27:0x66666000 x27=0x66666666
        1835000	        84	8000014e	95ee	c.add	x11,x27	 x11:0x800034bc x27:0x66666666 x11=0xe6669b22
        1845000	        85	80000150	8189	c.srli	x11,0x2	 x11:0xe6669b22 x11=0x3999a6c8
        1855000	        86	80000152	3b659073	csrrw	x0,pmpaddr6,x11	 x11:0x3999a6c8  x0=0x00000000
        1885000	        89	80000156	00003597	auipc	x11,0x3	 x11=0x80003156
        1895000	        90	8000015a	36658593	addi	x11,x11,870	 x11:0x80003156 x11=0x800034bc
        1905000	        91	8000015e	77777db7	lui	x27,0x77777	 x27=0x77777000
        1915000	        92	80000162	777d8d93	addi	x27,x27,1911	 x27:0x77777000 x27=0x77777777
        1925000	        93	80000166	95ee	c.add	x11,x27	 x11:0x800034bc x27:0x77777777 x11=0xf777ac33
        1935000	        94	80000168	8189	c.srli	x11,0x2	 x11:0xf777ac33 x11=0x3dddeb0c
        1945000	        95	8000016a	3b759073	csrrw	x0,pmpaddr7,x11	 x11:0x3dddeb0c  x0=0x00000000
        1975000	        98	8000016e	0f0f15b7	lui	x11,0xf0f1	 x11=0x0f0f1000
        1985000	        99	80000172	f0f58593	addi	x11,x11,-241	 x11:0x0f0f1000 x11=0x0f0f0f0f
        1995000	       100	80000176	3a159073	csrrw	x0,pmpcfg1,x11	 x11:0x0f0f0f0f  x0=0x00000000
        2025000	       103	8000017a	00003597	auipc	x11,0x3	 x11=0x8000317a
        2035000	       104	8000017e	34258593	addi	x11,x11,834	 x11:0x8000317a x11=0x800034bc
        2045000	       105	80000182	88889db7	lui	x27,0x88889	 x27=0x88889000
        2055000	       106	80000186	888d8d93	addi	x27,x27,-1912	 x27:0x88889000 x27=0x88888888
        2065000	       107	8000018a	95ee	c.add	x11,x27	 x11:0x800034bc x27:0x88888888 x11=0x0888bd44
        2075000	       108	8000018c	8189	c.srli	x11,0x2	 x11:0x0888bd44 x11=0x02222f51
        2085000	       109	8000018e	3b859073	csrrw	x0,pmpaddr8,x11	 x11:0x02222f51  x0=0x00000000
        2115000	       112	80000192	00003597	auipc	x11,0x3	 x11=0x80003192
        2125000	       113	80000196	32a58593	addi	x11,x11,810	 x11:0x80003192 x11=0x800034bc
        2135000	       114	8000019a	9999adb7	lui	x27,0x9999a	 x27=0x9999a000
        2145000	       115	8000019e	999d8d93	addi	x27,x27,-1639	 x27:0x9999a000 x27=0x99999999
        2155000	       116	800001a2	95ee	c.add	x11,x27	 x11:0x800034bc x27:0x99999999 x11=0x1999ce55
        2165000	       117	800001a4	8189	c.srli	x11,0x2	 x11:0x1999ce55 x11=0x06667395
        2175000	       118	800001a6	3b959073	csrrw	x0,pmpaddr9,x11	 x11:0x06667395  x0=0x00000000
        2205000	       121	800001aa	00003597	auipc	x11,0x3	 x11=0x800031aa
        2215000	       122	800001ae	31258593	addi	x11,x11,786	 x11:0x800031aa x11=0x800034bc
        2225000	       123	800001b2	aaaabdb7	lui	x27,0xaaaab	 x27=0xaaaab000
        2235000	       124	800001b6	aaad8d93	addi	x27,x27,-1366	 x27:0xaaaab000 x27=0xaaaaaaaa
        2245000	       125	800001ba	95ee	c.add	x11,x27	 x11:0x800034bc x27:0xaaaaaaaa x11=0x2aaadf66
        2255000	       126	800001bc	8189	c.srli	x11,0x2	 x11:0x2aaadf66 x11=0x0aaab7d9
        2265000	       127	800001be	3ba59073	csrrw	x0,pmpaddr10,x11	 x11:0x0aaab7d9  x0=0x00000000
        2295000	       130	800001c2	00003597	auipc	x11,0x3	 x11=0x800031c2
        2305000	       131	800001c6	2fa58593	addi	x11,x11,762	 x11:0x800031c2 x11=0x800034bc
        2315000	       132	800001ca	bbbbcdb7	lui	x27,0xbbbbc	 x27=0xbbbbc000
        2325000	       133	800001ce	bbbd8d93	addi	x27,x27,-1093	 x27:0xbbbbc000 x27=0xbbbbbbbb
        2335000	       134	800001d2	95ee	c.add	x11,x27	 x11:0x800034bc x27:0xbbbbbbbb x11=0x3bbbf077
        2345000	       135	800001d4	8189	c.srli	x11,0x2	 x11:0x3bbbf077 x11=0x0eeefc1d
        2355000	       136	800001d6	3bb59073	csrrw	x0,pmpaddr11,x11	 x11:0x0eeefc1d  x0=0x00000000
        2385000	       139	800001da	0f0f15b7	lui	x11,0xf0f1	 x11=0x0f0f1000
        2395000	       140	800001de	f0f58593	addi	x11,x11,-241	 x11:0x0f0f1000 x11=0x0f0f0f0f
        2405000	       141	800001e2	3a259073	csrrw	x0,pmpcfg2,x11	 x11:0x0f0f0f0f  x0=0x00000000
        2435000	       144	800001e6	00003597	auipc	x11,0x3	 x11=0x800031e6
        2445000	       145	800001ea	2d658593	addi	x11,x11,726	 x11:0x800031e6 x11=0x800034bc
        2455000	       146	800001ee	ccccddb7	lui	x27,0xccccd	 x27=0xccccd000
        2465000	       147	800001f2	cccd8d93	addi	x27,x27,-820	 x27:0xccccd000 x27=0xcccccccc
        2475000	       148	800001f6	95ee	c.add	x11,x27	 x11:0x800034bc x27:0xcccccccc x11=0x4ccd0188
        2485000	       149	800001f8	8189	c.srli	x11,0x2	 x11:0x4ccd0188 x11=0x13334062
        2495000	       150	800001fa	3bc59073	csrrw	x0,pmpaddr12,x11	 x11:0x13334062  x0=0x00000000
        2525000	       153	800001fe	00003597	auipc	x11,0x3	 x11=0x800031fe
        2535000	       154	80000202	2be58593	addi	x11,x11,702	 x11:0x800031fe x11=0x800034bc
        2545000	       155	80000206	ddddedb7	lui	x27,0xdddde	 x27=0xdddde000
        2555000	       156	8000020a	dddd8d93	addi	x27,x27,-547	 x27:0xdddde000 x27=0xdddddddd
        2565000	       157	8000020e	95ee	c.add	x11,x27	 x11:0x800034bc x27:0xdddddddd x11=0x5dde1299
        2575000	       158	80000210	8189	c.srli	x11,0x2	 x11:0x5dde1299 x11=0x177784a6
        2585000	       159	80000212	3bd59073	csrrw	x0,pmpaddr13,x11	 x11:0x177784a6  x0=0x00000000
        2615000	       162	80000216	00003597	auipc	x11,0x3	 x11=0x80003216
        2625000	       163	8000021a	2a658593	addi	x11,x11,678	 x11:0x80003216 x11=0x800034bc
        2635000	       164	8000021e	eeeefdb7	lui	x27,0xeeeef	 x27=0xeeeef000
        2645000	       165	80000222	eeed8d93	addi	x27,x27,-274	 x27:0xeeeef000 x27=0xeeeeeeee
        2655000	       166	80000226	95ee	c.add	x11,x27	 x11:0x800034bc x27:0xeeeeeeee x11=0x6eef23aa
        2665000	       167	80000228	8189	c.srli	x11,0x2	 x11:0x6eef23aa x11=0x1bbbc8ea
        2675000	       168	8000022a	3be59073	csrrw	x0,pmpaddr14,x11	 x11:0x1bbbc8ea  x0=0x00000000
        2705000	       171	8000022e	00003597	auipc	x11,0x3	 x11=0x8000322e
        2715000	       172	80000232	28e58593	addi	x11,x11,654	 x11:0x8000322e x11=0x800034bc
        2725000	       173	80000236	fff00d93	addi	x27,x0,-1	  x0:0x00000000 x27=0xffffffff
        2735000	       174	8000023a	95ee	c.add	x11,x27	 x11:0x800034bc x27:0xffffffff x11=0x800034bb
        2745000	       175	8000023c	8189	c.srli	x11,0x2	 x11:0x800034bb x11=0x20000d2e
        2755000	       176	8000023e	3bf59073	csrrw	x0,pmpaddr15,x11	 x11:0x20000d2e  x0=0x00000000
        2785000	       179	80000242	0f0f15b7	lui	x11,0xf0f1	 x11=0x0f0f1000
        2795000	       180	80000246	f0f58593	addi	x11,x11,-241	 x11:0x0f0f1000 x11=0x0f0f0f0f
        2805000	       181	8000024a	3a359073	csrrw	x0,pmpcfg3,x11	 x11:0x0f0f0f0f  x0=0x00000000
        2835000	       184	8000024e	00000d97	auipc	x27,0x0	 x27=0x8000024e
        2845000	       185	80000252	060d8d93	addi	x27,x27,96	 x27:0x8000024e x27=0x800002ae
        2855000	       186	80000256	341d9073	csrrw	x0,mepc,x27	 x27:0x800002ae  x0=0x00000000
        2865000	       187	8000025a	7c00d073	csrrwi	x0,0x7c0,1	  x0=0x00000000
        2895000	       190	8000025e	4d81	c.li	x27,0	 x27=0x00000000
        2905000	       191	80000260	300d9073	csrrw	x0,mstatus,x27	 x27:0x00000000  x0=0x00000000
        2935000	       194	80000264	4d81	c.li	x27,0	 x27=0x00000000
        2945000	       195	80000266	304d9073	csrrw	x0,mie,x27	 x27:0x00000000  x0=0x00000000
        2975000	       198	8000026a	90000d37	lui	x26,0x90000	 x26=0x90000000
        2985000	       199	8000026e	1d71	c.addi	x26,-4	 x26:0x90000000 x26=0x8ffffffc
        2995000	       200	80000270	90000d37	lui	x26,0x90000	 x26=0x90000000
        3005000	       201	80000274	1d71	c.addi	x26,-4	 x26:0x90000000 x26=0x8ffffffc
        3015000	       202	80000276	90000d37	lui	x26,0x90000	 x26=0x90000000
        3025000	       203	8000027a	1d71	c.addi	x26,-4	 x26:0x90000000 x26=0x8ffffffc
        3035000	       204	8000027c	30000d93	addi	x27,x0,768	  x0:0x00000000 x27=0x00000300
        3045000	       205	80000280	0da2	c.slli	x27,0x8	 x27:0x00000300 x27=0x00030000
        3055000	       206	80000282	0d8d	c.addi	x27,3	 x27:0x00030000 x27=0x00030003
        3065000	       207	80000284	01bd2023	sw	x27,0(x26)	 x26:0x8ffffffc x27:0x00030003 PA:0x8ffffffc store:0x00030003 load:0x00000000
        3075000	       208	80000288	30002df3	csrrs	x27,mstatus,x0	  x0:0x00000000 x27=0x00000000
        3085000	       209	8000028c	01bd2023	sw	x27,0(x26)	 x26:0x8ffffffc x27:0x00000000 PA:0x8ffffffc store:0x00000000 load:0x00000000
        3095000	       210	80000290	90000d37	lui	x26,0x90000	 x26=0x90000000
        3105000	       211	80000294	1d71	c.addi	x26,-4	 x26:0x90000000 x26=0x8ffffffc
        3115000	       212	80000296	30400d93	addi	x27,x0,772	  x0:0x00000000 x27=0x00000304
        3125000	       213	8000029a	0da2	c.slli	x27,0x8	 x27:0x00000304 x27=0x00030400
        3135000	       214	8000029c	0d8d	c.addi	x27,3	 x27:0x00030400 x27=0x00030403
        3145000	       215	8000029e	01bd2023	sw	x27,0(x26)	 x26:0x8ffffffc x27:0x00030403 PA:0x8ffffffc store:0x00030403 load:0x00000000
        3155000	       216	800002a2	30402df3	csrrs	x27,mie,x0	  x0:0x00000000 x27=0x00000000
        3165000	       217	800002a6	01bd2023	sw	x27,0(x26)	 x26:0x8ffffffc x27:0x00000000 PA:0x8ffffffc store:0x00000000 load:0x00000000
        3175000	       218	800002aa	30200073	mret	
        3215000	       222	800002ae	00100013	addi	x0,x0,1	  x0:0x00000000  x0=0x00000000
        3225000	       223	800002b2	49ecc0b7	lui	x1,0x49ecc	  x1=0x49ecc000
        3235000	       224	800002b6	08708093	addi	x1,x1,135	  x1:0x49ecc000  x1=0x49ecc087
        3245000	       225	800002ba	4101	c.li	x2,0	  x2=0x00000000
        3255000	       226	800002bc	800001b7	lui	x3,0x80000	  x3=0x80000000
        3265000	       227	800002c0	80000237	lui	x4,0x80000	  x4=0x80000000
        3275000	       228	800002c4	4281	c.li	x5,0	  x5=0x00000000
        3285000	       229	800002c6	80000337	lui	x6,0x80000	  x6=0x80000000
        3295000	       230	800002ca	800003b7	lui	x7,0x80000	  x7=0x80000000
        3305000	       231	800002ce	4435	c.li	x8,13	  x8=0x0000000d
        3315000	       232	800002d0	f3c464b7	lui	x9,0xf3c46	  x9=0xf3c46000
        3325000	       233	800002d4	49248493	addi	x9,x9,1170	  x9:0xf3c46000  x9=0xf3c46492
        3335000	       234	800002d8	7db24537	lui	x10,0x7db24	 x10=0x7db24000
        3345000	       235	800002dc	02d50513	addi	x10,x10,45	 x10:0x7db24000 x10=0x7db2402d
        3355000	       236	800002e0	f1e8b5b7	lui	x11,0xf1e8b	 x11=0xf1e8b000
        3365000	       237	800002e4	1fd58593	addi	x11,x11,509	 x11:0xf1e8b000 x11=0xf1e8b1fd
        3375000	       238	800002e8	ea41f637	lui	x12,0xea41f	 x12=0xea41f000
        3385000	       239	800002ec	80f60613	addi	x12,x12,-2033	 x12:0xea41f000 x12=0xea41e80f
        3395000	       240	800002f0	4715	c.li	x14,5	 x14=0x00000005
        3405000	       241	800002f2	4781	c.li	x15,0	 x15=0x00000000
        3415000	       242	800002f4	80000837	lui	x16,0x80000	 x16=0x80000000
        3425000	       243	800002f8	800008b7	lui	x17,0x80000	 x17=0x80000000
        3435000	       244	800002fc	80000937	lui	x18,0x80000	 x18=0x80000000
        3445000	       245	80000300	247fa9b7	lui	x19,0x247fa	 x19=0x247fa000
        3455000	       246	80000304	13498993	addi	x19,x19,308	 x19:0x247fa000 x19=0x247fa134
        3465000	       247	80000308	80000a37	lui	x20,0x80000	 x20=0x80000000
        3475000	       248	8000030c	3377aab7	lui	x21,0x3377a	 x21=0x3377a000
        3485000	       249	80000310	6b3a8a93	addi	x21,x21,1715	 x21:0x3377a000 x21=0x3377a6b3
        3495000	       250	80000314	4b39	c.li	x22,14	 x22=0x0000000e
        3505000	       251	80000316	80000c37	lui	x24,0x80000	 x24=0x80000000
        3515000	       252	8000031a	e4118cb7	lui	x25,0xe4118	 x25=0xe4118000
        3525000	       253	8000031e	4b0c8c93	addi	x25,x25,1200	 x25:0xe4118000 x25=0xe41184b0
        3535000	       254	80000322	ff8e3d37	lui	x26,0xff8e3	 x26=0xff8e3000
        3545000	       255	80000326	42dd0d13	addi	x26,x26,1069	 x26:0xff8e3000 x26=0xff8e342d
        3555000	       256	8000032a	4d81	c.li	x27,0	 x27=0x00000000
        3565000	       257	8000032c	f756ee37	lui	x28,0xf756e	 x28=0xf756e000
        3575000	       258	80000330	58be0e13	addi	x28,x28,1419	 x28:0xf756e000 x28=0xf756e58b
        3585000	       259	80000334	b0c56eb7	lui	x29,0xb0c56	 x29=0xb0c56000
        3595000	       260	80000338	673e8e93	addi	x29,x29,1651	 x29:0xb0c56000 x29=0xb0c56673
        3605000	       261	8000033c	f208df37	lui	x30,0xf208d	 x30=0xf208d000
        3615000	       262	80000340	d6cf0f13	addi	x30,x30,-660	 x30:0xf208d000 x30=0xf208cd6c
        3625000	       263	80000344	09249fb7	lui	x31,0x9249	 x31=0x09249000
        3635000	       264	80000348	2b6f8f93	addi	x31,x31,694	 x31:0x09249000 x31=0x092492b6
        3645000	       265	8000034c	00049b97	auipc	x23,0x49	 x23=0x8004934c
        3655000	       266	80000350	b18b8b93	addi	x23,x23,-1256	 x23:0x8004934c x23=0x80048e64
        3665000	       267	80000354	90000d37	lui	x26,0x90000	 x26=0x90000000
        3675000	       268	80000358	1d71	c.addi	x26,-4	 x26:0x90000000 x26=0x8ffffffc
        3685000	       269	8000035a	4d81	c.li	x27,0	 x27=0x00000000
        3695000	       270	8000035c	0da2	c.slli	x27,0x8	 x27:0x00000000 x27=0x00000000
        3705000	       271	8000035e	000d8d93	addi	x27,x27,0	 x27:0x00000000 x27=0x00000000
        3715000	       272	80000362	01bd2023	sw	x27,0(x26)	 x26:0x8ffffffc x27:0x00000000 PA:0x8ffffffc store:0x00000000 load:0x00000000
        3725000	       273	80000366	1560306f	jal	x0,800034bc	  x0=0x00000000
        3745000	       275	800034bc	016d9033	sll	x0,x27,x22	 x27:0x00000000 x22:0x0000000e  x0=0x00000000
        3755000	       276	800034c0	00001497	auipc	x9,0x1	  x9=0x800044c0
        3765000	       277	800034c4	86848493	addi	x9,x9,-1944	  x9:0x800044c0  x9=0x80003d28
        4135000	       314	800034c8	030af033	remu	x0,x21,x16	 x21:0x3377a6b3 x16:0x80000000  x0=0x00000000
        4145000	       315	800034cc	f7acbe13	sltiu	x28,x25,-134	 x25:0xe41184b0 x28=0x00000001
        4155000	       316	800034d0	f3248493	addi	x9,x9,-206	  x9:0x80003d28  x9=0x80003c5a
        4165000	       317	800034d4	010a9563	bne	x21,x16,800034de	 x21:0x3377a6b3 x16:0x80000000
        4195000	       320	800034de	0ce480e7	jalr	x1,206(x9)	  x9:0x80003c5a  x1=0x800034e2
        4215000	       322	80003d28	00648463	beq	x9,x6,80003d30	  x9:0x80003c5a  x6:0x80000000
        4225000	       323	80003d2c	0000100f	fence.i	
        4245000	       325	80003d30	1ba1	c.addi	x23,-24	 x23:0x80048e64 x23=0x80048e4c
        4255000	       326	80003d32	80f1	c.srli	x9,0x1c	  x9:0x80003c5a  x9=0x00000008
        4265000	       327	80003d34	001ba223	sw	x1,4(x23)	 x23:0x80048e4c  x1:0x800034e2 PA:0x80048e50 store:0x800034e2 load:0x00000000
        4305000	       331	80003d38	0282ad33	mulhsu	x26,x5,x8	  x5:0x00000000  x8:0x0000000d x26=0x00000000
        4315000	       332	80003d3c	00030c97	auipc	x25,0x30	 x25=0x80033d3c
        4325000	       333	80003d40	30cc8c93	addi	x25,x25,780	 x25:0x80033d3c x25=0x80034048
        4335000	       334	80003d44	18213d37	lui	x26,0x18213	 x26=0x18213000
        4345000	       335	80003d48	9cea	c.add	x25,x26	 x25:0x80034048 x26:0x18213000 x25=0x98247048
        4355000	       336	80003d4a	c41c9123	sh	x1,-958(x25)	 x25:0x98247048  x1:0x800034e2 PA:0x98246c8a store:0x800034e2 load:0x00000000
        4365000	       337	80003d4e	b83c80a3	sb	x3,-1151(x25)	 x25:0x98247048  x3:0x80000000 PA:0x98246bc9 store:0x80000000 load:0x00000000
        4375000	       338	80003d52	7c5c82a3	sb	x5,1989(x25)	 x25:0x98247048  x5:0x00000000 PA:0x9824780d store:0x00000000 load:0x00000000
        4385000	       339	80003d56	f06c9623	sh	x6,-244(x25)	 x25:0x98247048  x6:0x80000000 PA:0x98246f54 store:0x80000000 load:0x00000000
        4395000	       340	80003d5a	40b45f13	srai	x30,x8,0xb	  x8:0x0000000d x30=0x00000000
        4405000	       341	80003d5e	854c8e23	sb	x20,-1956(x25)	 x25:0x98247048 x20:0x80000000 PA:0x982468a4 store:0x80000000 load:0x00000000
        4415000	       342	80003d62	987d	c.andi	x8,-1	  x8:0x0000000d  x8=0x0000000d
        4425000	       343	80003d64	0f90	c.addi4spn	x12,x2,976	 x12=0x000003d0
        4435000	       344	80003d66	c42c9403	lh	x8,-958(x25)	 x25:0x98247048  x8=0x000034e2 PA:0x98246c8a load:0x000034e2
        4445000	       345	80003d6a	00c17533	and	x10,x2,x12	  x2:0x00000000 x12:0x000003d0 x10=0x00000000
        4455000	       346	80003d6e	d86c85a3	sb	x6,-629(x25)	 x25:0x98247048  x6:0x80000000 PA:0x98246dd3 store:0x80000000 load:0x00000000
        4465000	       347	80003d72	b81c8103	lb	x2,-1151(x25)	 x25:0x98247048  x2=0x00000000 PA:0x98246bc9 load:0x00000000
        4475000	       348	80003d76	a8a70793	addi	x15,x14,-1398	 x14:0x00000005 x15=0xfffffa8f
        4485000	       349	80003d7a	41090133	sub	x2,x18,x16	 x18:0x80000000 x16:0x80000000  x2=0x00000000
        4495000	       350	80003d7e	8d3c8123	sb	x19,-1854(x25)	 x25:0x98247048 x19:0x247fa134 PA:0x9824690a store:0x247fa134 load:0x00000000
        4505000	       351	80003d82	7c5c8703	lb	x14,1989(x25)	 x25:0x98247048 x14=0x00000000 PA:0x9824780d load:0x00000000
        4515000	       352	80003d86	2e4e2813	slti	x16,x28,740	 x28:0x00000001 x16=0x00000001
        4525000	       353	80003d8a	a5247e13	andi	x28,x8,-1454	  x8:0x000034e2 x28=0x00003042
        4535000	       354	80003d8e	0ff0000f	fence	iorw,iorw	
        4575000	       358	80003d92	03151f33	mulh	x30,x10,x17	 x10:0x00000000 x17:0x80000000 x30=0x00000000
        4585000	       359	80003d96	f0ccd383	lhu	x7,-244(x25)	 x25:0x98247048  x7=0x00000000 PA:0x98246f54 load:0x00000000
        4595000	       360	80003d9a	00030e17	auipc	x28,0x30	 x28=0x80033d9a
        4605000	       361	80003d9e	c7ce0e13	addi	x28,x28,-900	 x28:0x80033d9a x28=0x80033a16
        4615000	       362	80003da2	ff3e0d03	lb	x26,-13(x28)	 x28:0x80033a16 x26=0xffffffa0 PA:0x80033a09 load:0xffffffa0
        4625000	       363	80003da6	ff3e4483	lbu	x9,-13(x28)	 x28:0x80033a16  x9=0x000000a0 PA:0x80033a09 load:0x000000a0
        4635000	       364	80003daa	ff3e4c03	lbu	x24,-13(x28)	 x28:0x80033a16 x24=0x000000a0 PA:0x80033a09 load:0x000000a0
        4645000	       365	80003dae	feae09a3	sb	x10,-13(x28)	 x28:0x80033a16 x10:0x00000000 PA:0x80033a09 store:0x00000000 load:0x00000000
        4655000	       366	80003db2	ff3e4d83	lbu	x27,-13(x28)	 x28:0x80033a16 x27=0x00000000 PA:0x80033a09 load:0x00000000
        4665000	       367	80003db6	fe3e09a3	sb	x3,-13(x28)	 x28:0x80033a16  x3:0x80000000 PA:0x80033a09 store:0x80000000 load:0x00000000
        4675000	       368	80003dba	ff3e0b03	lb	x22,-13(x28)	 x28:0x80033a16 x22=0x00000000 PA:0x80033a09 load:0x00000000
        4685000	       369	80003dbe	ff3e0883	lb	x17,-13(x28)	 x28:0x80033a16 x17=0x00000000 PA:0x80033a09 load:0x00000000
        4695000	       370	80003dc2	40d05493	srai	x9,x0,0xd	  x0:0x00000000  x9=0x00000000
        4705000	       371	80003dc6	fe8e09a3	sb	x8,-13(x28)	 x28:0x80033a16  x8:0x000034e2 PA:0x80033a09 store:0x000034e2 load:0x00000000
        4715000	       372	80003dca	ff3e0c83	lb	x25,-13(x28)	 x28:0x80033a16 x25=0xffffffe2 PA:0x80033a09 load:0xffffffe2
        4725000	       373	80003dce	87f6d417	auipc	x8,0x87f6d	  x8=0x07f70dce
        4735000	       374	80003dd2	ff3e0383	lb	x7,-13(x28)	 x28:0x80033a16  x7=0xffffffe2 PA:0x80033a09 load:0xffffffe2
        4745000	       375	80003dd6	40ee8a33	sub	x20,x29,x14	 x29:0xb0c56673 x14:0x00000000 x20=0xb0c56673
        4755000	       376	80003dda	ffbe09a3	sb	x27,-13(x28)	 x28:0x80033a16 x27:0x00000000 PA:0x80033a09 store:0x00000000 load:0x00000000
        4765000	       377	80003dde	ff3e0803	lb	x16,-13(x28)	 x28:0x80033a16 x16=0x00000000 PA:0x80033a09 load:0x00000000
        4775000	       378	80003de2	00f7a9b3	slt	x19,x15,x15	 x15:0xfffffa8f x15:0xfffffa8f x19=0x00000000
        4785000	       379	80003de6	febe09a3	sb	x11,-13(x28)	 x28:0x80033a16 x11:0xf1e8b1fd PA:0x80033a09 store:0xf1e8b1fd load:0x00000000
        4795000	       380	80003dea	004e1603	lh	x12,4(x28)	 x28:0x80033a16 x12=0xfffffb02 PA:0x80033a1a load:0xfffffb02
        4805000	       381	80003dee	00ee1223	sh	x14,4(x28)	 x28:0x80033a16 x14:0x00000000 PA:0x80033a1a store:0x00000000 load:0x00000000
        4815000	       382	80003df2	00037e97	auipc	x29,0x37	 x29=0x8003adf2
        4825000	       383	80003df6	1dbe8e93	addi	x29,x29,475	 x29:0x8003adf2 x29=0x8003afcd
        4835000	       384	80003dfa	01ae80a3	sb	x26,1(x29)	 x29:0x8003afcd x26:0xffffffa0 PA:0x8003afce store:0xffffffa0 load:0x00000000
        4865000	       387	80003dfe	02538933	mul	x18,x7,x5	  x7:0xffffffe2  x5:0x00000000 x18=0x00000000
        4875000	       388	80003e02	001e8283	lb	x5,1(x29)	 x29:0x8003afcd  x5=0xffffffa0 PA:0x8003afce load:0xffffffa0
        4885000	       389	80003e06	011ed213	srli	x4,x29,0x11	 x29:0x8003afcd  x4=0x00004001
        5255000	       426	80003e0a	02dc70b3	remu	x1,x24,x13	 x24:0x000000a0 x13:0x8004cce4  x1=0x000000a0
        5265000	       427	80003e0e	87d7fe13	andi	x28,x15,-1923	 x15:0xfffffa8f x28=0xfffff80d
        5275000	       428	80003e12	00da88b3	add	x17,x21,x13	 x21:0x3377a6b3 x13:0x8004cce4 x17=0xb37c7397
        5285000	       429	80003e16	ff5e8303	lb	x6,-11(x29)	 x29:0x8003afcd  x6=0x00000064 PA:0x8003afc2 load:0x00000064
        5295000	       430	80003e1a	014e84a3	sb	x20,9(x29)	 x29:0x8003afcd x20:0xb0c56673 PA:0x8003afd6 store:0xb0c56673 load:0x00000000
        5305000	       431	80003e1e	418f8db3	sub	x27,x31,x24	 x31:0x092492b6 x24:0x000000a0 x27=0x09249216
        5315000	       432	80003e22	01516633	or	x12,x2,x21	  x2:0x00000000 x21:0x3377a6b3 x12=0x3377a6b3
        5325000	       433	80003e26	012e91a3	sh	x18,3(x29)	 x29:0x8003afcd x18:0x00000000 PA:0x8003afd0 store:0x00000000 load:0x00000000
        5335000	       434	80003e2a	ff1e8da3	sb	x17,-5(x29)	 x29:0x8003afcd x17:0xb37c7397 PA:0x8003afc8 store:0xb37c7397 load:0x00000000
        5345000	       435	80003e2e	0084efb3	or	x31,x9,x8	  x9:0x00000000  x8:0x07f70dce x31=0x07f70dce
        5355000	       436	80003e32	01de8623	sb	x29,12(x29)	 x29:0x8003afcd x29:0x8003afcd PA:0x8003afd9 store:0x8003afcd load:0x00000000
        5365000	       437	80003e36	009e8223	sb	x9,4(x29)	 x29:0x8003afcd  x9:0x00000000 PA:0x8003afd1 store:0x00000000 load:0x00000000
        5375000	       438	80003e3a	007e8c03	lb	x24,7(x29)	 x29:0x8003afcd x24=0xffffffe9 PA:0x8003afd4 load:0xffffffe9
        5385000	       439	80003e3e	fe0e8c23	sb	x0,-8(x29)	 x29:0x8003afcd  x0:0x00000000 PA:0x8003afc5 store:0x00000000 load:0x00000000
        5395000	       440	80003e42	40af0733	sub	x14,x30,x10	 x30:0x00000000 x10:0x00000000 x14=0x00000000
        5405000	       441	80003e46	007e8d83	lb	x27,7(x29)	 x29:0x8003afcd x27=0xffffffe9 PA:0x8003afd4 load:0xffffffe9
        5415000	       442	80003e4a	680d	c.lui	x16,0x3	 x16=0x00003000
        5445000	       445	80003e4c	033c07b3	mul	x15,x24,x19	 x24:0xffffffe9 x19:0x00000000 x15=0x00000000
        5455000	       446	80003e50	002e8d83	lb	x27,2(x29)	 x29:0x8003afcd x27=0xffffffa7 PA:0x8003afcf load:0xffffffa7
        5465000	       447	80003e54	917e	c.add	x2,x31	  x2:0x00000000 x31:0x07f70dce  x2=0x07f70dce
        5475000	       448	80003e56	017e8823	sb	x23,16(x29)	 x29:0x8003afcd x23:0x80048e4c PA:0x8003afdd store:0x80048e4c load:0x00000000
        5485000	       449	80003e5a	005ecc83	lbu	x25,5(x29)	 x29:0x8003afcd x25=0x000000fe PA:0x8003afd2 load:0x000000fe
        5495000	       450	80003e5e	83f9	c.srli	x15,0x1e	 x15:0x00000000 x15=0x00000000
        5505000	       451	80003e60	ff4ec803	lbu	x16,-12(x29)	 x29:0x8003afcd x16=0x0000004b PA:0x8003afc1 load:0x0000004b
        5515000	       452	80003e64	fe2e8f23	sb	x2,-2(x29)	 x29:0x8003afcd  x2:0x07f70dce PA:0x8003afcb store:0x07f70dce load:0x00000000
        5525000	       453	80003e68	ffce99a3	sh	x28,-13(x29)	 x29:0x8003afcd x28:0xfffff80d PA:0x8003afc0 store:0xfffff80d load:0x00000000
        5535000	       454	80003e6c	8d05	c.sub	x10,x9	 x10:0x00000000  x9:0x00000000 x10=0x00000000
        5545000	       455	80003e6e	009ec303	lbu	x6,9(x29)	 x29:0x8003afcd  x6=0x00000073 PA:0x8003afd6 load:0x00000073
        5555000	       456	80003e72	8161	c.srli	x10,0x18	 x10:0x00000000 x10=0x00000000
        5565000	       457	80003e74	00bedc83	lhu	x25,11(x29)	 x29:0x8003afcd x25=0x0000cdc2 PA:0x8003afd8 load:0x0000cdc2
        5575000	       458	80003e78	003ec503	lbu	x10,3(x29)	 x29:0x8003afcd x10=0x00000000 PA:0x8003afd0 load:0x00000000
        5585000	       459	80003e7c	009ec283	lbu	x5,9(x29)	 x29:0x8003afcd  x5=0x00000073 PA:0x8003afd6 load:0x00000073
        5595000	       460	80003e80	4ac9	c.li	x21,18	 x21=0x00000012
        5605000	       461	80003e82	8d4d	c.or	x10,x11	 x10:0x00000000 x11:0xf1e8b1fd x10=0xf1e8b1fd
        5645000	       465	80003e84	0328b333	mulhu	x6,x17,x18	 x17:0xb37c7397 x18:0x00000000  x6=0x00000000
        5655000	       466	80003e88	4037ddb3	sra	x27,x15,x3	 x15:0x00000000  x3:0x80000000 x27=0x00000000
        5665000	       467	80003e8c	8d7d	c.and	x10,x15	 x10:0xf1e8b1fd x15:0x00000000 x10=0x00000000
        5675000	       468	80003e8e	ff9e8303	lb	x6,-7(x29)	 x29:0x8003afcd  x6=0x0000005b PA:0x8003afc6 load:0x0000005b
        5685000	       469	80003e92	008ecd03	lbu	x26,8(x29)	 x29:0x8003afcd x26=0x00000081 PA:0x8003afd5 load:0x00000081
        5695000	       470	80003e96	8979	c.andi	x10,30	 x10:0x00000000 x10=0x00000000
        5705000	       471	80003e98	fffe8303	lb	x6,-1(x29)	 x29:0x8003afcd  x6=0x00000067 PA:0x8003afcc load:0x00000067
        5715000	       472	80003e9c	1dfd	c.addi	x27,-1	 x27:0x00000000 x27=0xffffffff
        5725000	       473	80003e9e	ffaecf03	lbu	x30,-6(x29)	 x29:0x8003afcd x30=0x000000a1 PA:0x8003afc7 load:0x000000a1
        5735000	       474	80003ea2	015d1c33	sll	x24,x26,x21	 x26:0x00000081 x21:0x00000012 x24=0x02040000
        5755000	       476	80003ea6	03656933	rem	x18,x10,x22	 x10:0x00000000 x22:0x00000000 x18=0x00000000
        5765000	       477	80003eaa	00525a13	srli	x20,x4,0x5	  x4:0x00004001 x20=0x00000200
        5775000	       478	80003eae	001ed383	lhu	x7,1(x29)	 x29:0x8003afcd  x7=0x0000a7a0 PA:0x8003afce load:0x0000a7a0
        5785000	       479	80003eb2	00030717	auipc	x14,0x30	 x14=0x80033eb2
        5795000	       480	80003eb6	c6f70713	addi	x14,x14,-913	 x14:0x80033eb2 x14=0x80033b21
        5805000	       481	80003eba	0df71103	lh	x2,223(x14)	 x14:0x80033b21  x2=0xffffbe72 PA:0x80033c00 load:0xffffbe72
        5815000	       482	80003ebe	0c371fa3	sh	x3,223(x14)	 x14:0x80033b21  x3:0x80000000 PA:0x80033c00 store:0x80000000 load:0x00000000
        5825000	       483	80003ec2	0df70fa3	sb	x31,223(x14)	 x14:0x80033b21 x31:0x07f70dce PA:0x80033c00 store:0x07f70dce load:0x00000000
        5835000	       484	80003ec6	0df72783	lw	x15,223(x14)	 x14:0x80033b21 x15=0x835600ce PA:0x80033c00 load:0x835600ce
        5845000	       485	80003eca	0d971fa3	sh	x25,223(x14)	 x14:0x80033b21 x25:0x0000cdc2 PA:0x80033c00 store:0x0000cdc2 load:0x00000000
        5855000	       486	80003ece	0df74a83	lbu	x21,223(x14)	 x14:0x80033b21 x21=0x000000c2 PA:0x80033c00 load:0x000000c2
        5865000	       487	80003ed2	0da71fa3	sh	x26,223(x14)	 x14:0x80033b21 x26:0x00000081 PA:0x80033c00 store:0x00000081 load:0x00000000
        5875000	       488	80003ed6	0c872fa3	sw	x8,223(x14)	 x14:0x80033b21  x8:0x07f70dce PA:0x80033c00 store:0x07f70dce load:0x00000000
        5885000	       489	80003eda	0c471fa3	sh	x4,223(x14)	 x14:0x80033b21  x4:0x00004001 PA:0x80033c00 store:0x00004001 load:0x00000000
        5895000	       490	80003ede	01c96db3	or	x27,x18,x28	 x18:0x00000000 x28:0xfffff80d x27=0xfffff80d
        5905000	       491	80003ee2	0d471fa3	sh	x20,223(x14)	 x14:0x80033b21 x20:0x00000200 PA:0x80033c00 store:0x00000200 load:0x00000000
        5915000	       492	80003ee6	0c970fa3	sb	x9,223(x14)	 x14:0x80033b21  x9:0x00000000 PA:0x80033c00 store:0x00000000 load:0x00000000
        5925000	       493	80003eea	0df72183	lw	x3,223(x14)	 x14:0x80033b21  x3=0x07f70200 PA:0x80033c00 load:0x07f70200
        5935000	       494	80003eee	0d071fa3	sh	x16,223(x14)	 x14:0x80033b21 x16:0x0000004b PA:0x80033c00 store:0x0000004b load:0x00000000
        5945000	       495	80003ef2	0c772fa3	sw	x7,223(x14)	 x14:0x80033b21  x7:0x0000a7a0 PA:0x80033c00 store:0x0000a7a0 load:0x00000000
        5955000	       496	80003ef6	0dd72fa3	sw	x29,223(x14)	 x14:0x80033b21 x29:0x8003afcd PA:0x80033c00 store:0x8003afcd load:0x00000000
        5965000	       497	80003efa	0df70403	lb	x8,223(x14)	 x14:0x80033b21  x8=0xffffffcd PA:0x80033c00 load:0xffffffcd
        5975000	       498	80003efe	00030117	auipc	x2,0x30	  x2=0x80033efe
        5985000	       499	80003f02	c7810113	addi	x2,x2,-904	  x2:0x80033efe  x2=0x80033b76
        5995000	       500	80003f06	0d710da3	sb	x23,219(x2)	  x2:0x80033b76 x23:0x80048e4c PA:0x80033c51 store:0x80048e4c load:0x00000000
        6005000	       501	80003f0a	00c419b3	sll	x19,x8,x12	  x8:0xffffffcd x12:0x3377a6b3 x19=0xfe680000
        6015000	       502	80003f0e	066102a3	sb	x6,101(x2)	  x2:0x80033b76  x6:0x00000067 PA:0x80033bdb store:0x00000067 load:0x00000000
        6025000	       503	80003f12	09214f83	lbu	x31,146(x2)	  x2:0x80033b76 x31=0x00000048 PA:0x80033c08 load:0x00000048
        6045000	       505	80003f16	036a4c33	div	x24,x20,x22	 x20:0x00000200 x22:0x00000000 x24=0xffffffff
        6055000	       506	80003f1a	010107a3	sb	x16,15(x2)	  x2:0x80033b76 x16:0x0000004b PA:0x80033b85 store:0x0000004b load:0x00000000
        6065000	       507	80003f1e	5c80aa17	auipc	x20,0x5c80a	 x20=0xdc80df1e
        6075000	       508	80003f22	63c9	c.lui	x7,0x12	  x7=0x00012000
        6115000	       512	80003f24	03e4a8b3	mulhsu	x17,x9,x30	  x9:0x00000000 x30:0x000000a1 x17=0x00000000
        6125000	       513	80003f28	00f12123	sw	x15,2(x2)	  x2:0x80033b76 x15:0x835600ce PA:0x80033b78 store:0x835600ce load:0x00000000
        6135000	       514	80003f2c	40a6df13	srai	x30,x13,0xa	 x13:0x8004cce4 x30=0xffe00133
        6145000	       515	80003f30	44dd	c.li	x9,23	  x9=0x00000017
        6155000	       516	80003f32	9b62	c.add	x22,x24	 x22:0x00000000 x24:0xffffffff x22=0xffffffff
        6165000	       517	80003f34	fb710903	lb	x18,-73(x2)	  x2:0x80033b76 x18=0xffffffdc PA:0x80033b2d load:0xffffffdc
        6175000	       518	80003f38	0c510403	lb	x8,197(x2)	  x2:0x80033b76  x8=0x0000004f PA:0x80033c3b load:0x0000004f
        6185000	       519	80003f3c	06c10503	lb	x10,108(x2)	  x2:0x80033b76 x10=0x00000060 PA:0x80033be2 load:0x00000060
        6195000	       520	80003f40	404ade33	sra	x28,x21,x4	 x21:0x000000c2  x4:0x00004001 x28=0x00000061
        6205000	       521	80003f44	fe710603	lb	x12,-25(x2)	  x2:0x80033b76 x12=0xffffffb1 PA:0x80033b5d load:0xffffffb1
        6215000	       522	80003f48	06210323	sb	x2,102(x2)	  x2:0x80033b76  x2:0x80033b76 PA:0x80033bdc store:0x80033b76 load:0x00000000
        6225000	       523	80003f4c	f7815f03	lhu	x30,-136(x2)	  x2:0x80033b76 x30=0x00008922 PA:0x80033aee load:0x00008922
        6235000	       524	80003f50	0ff0000f	fence	iorw,iorw	
        6245000	       525	80003f54	fb314e03	lbu	x28,-77(x2)	  x2:0x80033b76 x28=0x000000de PA:0x80033b29 load:0x000000de
        6615000	       562	80003f58	0351f8b3	remu	x17,x3,x21	  x3:0x07f70200 x21:0x000000c2 x17=0x00000034
        6625000	       563	80003f5c	53252b13	slti	x22,x10,1330	 x10:0x00000060 x22=0x00000001
        6635000	       564	80003f60	f5c101a3	sb	x28,-189(x2)	  x2:0x80033b76 x28:0x000000de PA:0x80033ab9 store:0x000000de load:0x00000000
        6645000	       565	80003f64	0ec104a3	sb	x12,233(x2)	  x2:0x80033b76 x12:0xffffffb1 PA:0x80033c5f store:0xffffffb1 load:0x00000000
        6655000	       566	80003f68	006c1e33	sll	x28,x24,x6	 x24:0xffffffff  x6:0x00000067 x28=0xffffff80
        6665000	       567	80003f6c	02510ca3	sb	x5,57(x2)	  x2:0x80033b76  x5:0x00000073 PA:0x80033baf store:0x00000073 load:0x00000000
        6675000	       568	80003f70	b53e0eb7	lui	x29,0xb53e0	 x29=0xb53e0000
        6685000	       569	80003f74	03e12283	lw	x5,62(x2)	  x2:0x80033b76  x5=0x54152f48 PA:0x80033bb4 load:0x54152f48
        6695000	       570	80003f78	00211a83	lh	x21,2(x2)	  x2:0x80033b76 x21=0x000000ce PA:0x80033b78 load:0x000000ce
        6705000	       571	80003f7c	0af10223	sb	x15,164(x2)	  x2:0x80033b76 x15:0x835600ce PA:0x80033c1a store:0x835600ce load:0x00000000
        6715000	       572	80003f80	01310023	sb	x19,0(x2)	  x2:0x80033b76 x19:0xfe680000 PA:0x80033b76 store:0xfe680000 load:0x00000000
        6725000	       573	80003f84	0be101a3	sb	x30,163(x2)	  x2:0x80033b76 x30:0x00008922 PA:0x80033c19 store:0x00008922 load:0x00000000
        6735000	       574	80003f88	fc814203	lbu	x4,-56(x2)	  x2:0x80033b76  x4=0x00000068 PA:0x80033b3e load:0x00000068
        6745000	       575	80003f8c	035109a3	sb	x21,51(x2)	  x2:0x80033b76 x21:0x000000ce PA:0x80033ba9 store:0x000000ce load:0x00000000
        6755000	       576	80003f90	0002f117	auipc	x2,0x2f	  x2=0x80032f90
        6765000	       577	80003f94	0b810113	addi	x2,x2,184	  x2:0x80032f90  x2=0x80033048
        6775000	       578	80003f98	5df98437	lui	x8,0x5df98	  x8=0x5df98000
        6785000	       579	80003f9c	9122	c.add	x2,x8	  x2:0x80033048  x8:0x5df98000  x2=0xddfcb048
        6795000	       580	80003f9e	2e010fa3	sb	x0,767(x2)	  x2:0xddfcb048  x0:0x00000000 PA:0xddfcb347 store:0x00000000 load:0x00000000
        6805000	       581	80003fa2	a4111323	sh	x1,-1466(x2)	  x2:0xddfcb048  x1:0x000000a0 PA:0xddfcaa8e store:0x000000a0 load:0x00000000
        6815000	       582	80003fa6	28211a23	sh	x2,660(x2)	  x2:0xddfcb048  x2:0xddfcb048 PA:0xddfcb2dc store:0xddfcb048 load:0x00000000
        6825000	       583	80003faa	58310ca3	sb	x3,1433(x2)	  x2:0xddfcb048  x3:0x07f70200 PA:0xddfcb5e1 store:0x07f70200 load:0x00000000
        6835000	       584	80003fae	d4810723	sb	x8,-690(x2)	  x2:0xddfcb048  x8:0x5df98000 PA:0xddfcad96 store:0x5df98000 load:0x00000000
        6845000	       585	80003fb2	22910aa3	sb	x9,565(x2)	  x2:0xddfcb048  x9:0x00000017 PA:0xddfcb27d store:0x00000017 load:0x00000000
        6855000	       586	80003fb6	d0518c93	addi	x25,x3,-763	  x3:0x07f70200 x25=0x07f6ff05
        6865000	       587	80003fba	2ff14f03	lbu	x30,767(x2)	  x2:0xddfcb048 x30=0x00000000 PA:0xddfcb347 load:0x00000000
        6875000	       588	80003fbe	00d4d3b3	srl	x7,x9,x13	  x9:0x00000017 x13:0x8004cce4  x7=0x00000001
        6885000	       589	80003fc2	a4615483	lhu	x9,-1466(x2)	  x2:0xddfcb048  x9=0x000000a0 PA:0xddfcaa8e load:0x000000a0
        6905000	       591	80003fc6	80f9	c.srli	x9,0x1e	  x9:0x000000a0  x9=0x00000000
        6915000	       592	80003fc8	90e2	c.add	x1,x24	  x1:0x000000a0 x24:0xffffffff  x1=0x0000009f
        6925000	       593	80003fca	29411083	lh	x1,660(x2)	  x2:0xddfcb048  x1=0xffffb048 PA:0xddfcb2dc load:0xffffb048
        6935000	       594	80003fce	68b1	c.lui	x17,0xc	 x17=0x0000c000
        6975000	       598	80003fd0	02c618b3	mulh	x17,x12,x12	 x12:0xffffffb1 x12:0xffffffb1 x17=0x00000000
        7015000	       602	80003fd4	032a18b3	mulh	x17,x20,x18	 x20:0xdc80df1e x18:0xffffffdc x17=0x00000004
        7025000	       603	80003fd8	59910e83	lb	x29,1433(x2)	  x2:0xddfcb048 x29=0x00000000 PA:0xddfcb5e1 load:0x00000000
        7045000	       605	80003fdc	cfd10123	sb	x29,-798(x2)	  x2:0xddfcb048 x29:0x00000000 PA:0xddfcad2a store:0x00000000 load:0x00000000
        7055000	       606	80003fe0	0341	c.addi	x6,16	  x6:0x00000067  x6=0x00000077
        7065000	       607	80003fe2	4e5101a3	sb	x5,1251(x2)	  x2:0xddfcb048  x5:0x54152f48 PA:0xddfcb52b store:0x54152f48 load:0x00000000
        7075000	       608	80003fe6	f53109a3	sb	x19,-173(x2)	  x2:0xddfcb048 x19:0xfe680000 PA:0xddfcaf9b store:0xfe680000 load:0x00000000
        7085000	       609	80003fea	e7510823	sb	x21,-400(x2)	  x2:0xddfcb048 x21:0x000000ce PA:0xddfcaeb8 store:0x000000ce load:0x00000000
        7095000	       610	80003fee	d4e14283	lbu	x5,-690(x2)	  x2:0xddfcb048  x5=0x00000000 PA:0xddfcad96 load:0x00000000
        7105000	       611	80003ff2	e94fbf93	sltiu	x31,x31,-364	 x31:0x00000048 x31=0x00000001
        7115000	       612	80003ff6	23514203	lbu	x4,565(x2)	  x2:0xddfcb048  x4=0x00000017 PA:0xddfcb27d load:0x00000017
        7125000	       613	80003ffa	0002f897	auipc	x17,0x2f	 x17=0x80032ffa
        7135000	       614	80003ffe	55a88893	addi	x17,x17,1370	 x17:0x80032ffa x17=0x80033554
        7145000	       615	80004002	57d88383	lb	x7,1405(x17)	 x17:0x80033554  x7=0xffffffc7 PA:0x80033ad1 load:0xffffffc7
        7155000	       616	80004006	9d1a	c.add	x26,x6	 x26:0x00000081  x6:0x00000077 x26=0x000000f8
        7165000	       617	80004008	462d	c.li	x12,11	 x12=0x0000000b
        7175000	       618	8000400a	c9f8ce83	lbu	x29,-865(x17)	 x17:0x80033554 x29=0x00000088 PA:0x800331f3 load:0x00000088
        7185000	       619	8000400e	4cb88d23	sb	x11,1242(x17)	 x17:0x80033554 x11:0xf1e8b1fd PA:0x80033a2e store:0xf1e8b1fd load:0x00000000
        7195000	       620	80004012	d9f5d137	lui	x2,0xd9f5d	  x2=0xd9f5d000
        7205000	       621	80004016	01f31a93	slli	x21,x6,0x1f	  x6:0x00000077 x21=0x80000000
        7215000	       622	8000401a	46daef93	ori	x31,x21,1133	 x21:0x80000000 x31=0x8000046d
        7585000	       659	8000401e	03f2e033	rem	x0,x5,x31	  x5:0x00000000 x31:0x8000046d  x0=0x00000000
        7595000	       660	80004022	6f688783	lb	x15,1782(x17)	 x17:0x80033554 x15=0x00000044 PA:0x80033c4a load:0x00000044
        7605000	       661	80004026	0ff0000f	fence	iorw,iorw	
        7615000	       662	8000402a	015f9ab3	sll	x21,x31,x21	 x31:0x8000046d x21:0x80000000 x21=0x8000046d
        7625000	       663	8000402e	3fd8c803	lbu	x16,1021(x17)	 x17:0x80033554 x16=0x000000bc PA:0x80033951 load:0x000000bc
        7635000	       664	80004032	da988003	lb	x0,-599(x17)	 x17:0x80033554  x0=0x00000000 PA:0x800332fd load:0x0000001f
        7665000	       667	80004036	02a30eb3	mul	x29,x6,x10	  x6:0x00000077 x10:0x00000060 x29=0x00002ca0
        7675000	       668	8000403a	58e88203	lb	x4,1422(x17)	 x17:0x80033554  x4=0x00000079 PA:0x80033ae2 load:0x00000079
        7685000	       669	8000403e	cbd8c203	lbu	x4,-835(x17)	 x17:0x80033554  x4=0x00000028 PA:0x80033211 load:0x00000028
        7695000	       670	80004042	5a488c83	lb	x25,1444(x17)	 x17:0x80033554 x25=0x00000067 PA:0x80033af8 load:0x00000067
        7705000	       671	80004046	d6e89d23	sh	x14,-646(x17)	 x17:0x80033554 x14:0x80033b21 PA:0x800332ce store:0x80033b21 load:0x00000000
        7715000	       672	8000404a	cf48de03	lhu	x28,-780(x17)	 x17:0x80033554 x28=0x00003b0e PA:0x80033248 load:0x00003b0e
        7725000	       673	8000404e	c6e8d483	lhu	x9,-914(x17)	 x17:0x80033554  x9=0x0000b08b PA:0x800331c2 load:0x0000b08b
        7735000	       674	80004052	e918c483	lbu	x9,-367(x17)	 x17:0x80033554  x9=0x0000007c PA:0x800333e5 load:0x0000007c
        7745000	       675	80004056	4fd8cd83	lbu	x27,1277(x17)	 x17:0x80033554 x27=0x00000037 PA:0x80033a51 load:0x00000037
        7755000	       676	8000405a	b4989e23	sh	x9,-1188(x17)	 x17:0x80033554  x9:0x0000007c PA:0x800330b0 store:0x0000007c load:0x00000000
        7765000	       677	8000405e	efd880a3	sb	x29,-287(x17)	 x17:0x80033554 x29:0x00002ca0 PA:0x80033435 store:0x00002ca0 load:0x00000000
        7775000	       678	80004062	fdefba93	sltiu	x21,x31,-34	 x31:0x8000046d x21=0x00000001
        7785000	       679	80004066	415d0fb3	sub	x31,x26,x21	 x26:0x000000f8 x21:0x00000001 x31=0x000000f7
        7795000	       680	8000406a	d7188703	lb	x14,-655(x17)	 x17:0x80033554 x14=0x0000003d PA:0x800332c5 load:0x0000003d
        7805000	       681	8000406e	6c588183	lb	x3,1733(x17)	 x17:0x80033554  x3=0x00000022 PA:0x80033c19 load:0x00000022
        7815000	       682	80004072	4183d493	srai	x9,x7,0x18	  x7:0xffffffc7  x9=0xffffffff
        7825000	       683	80004076	5e7d	c.li	x28,-1	 x28=0xffffffff
        7835000	       684	80004078	ea988723	sb	x9,-338(x17)	 x17:0x80033554  x9:0xffffffff PA:0x80033402 store:0xffffffff load:0x00000000
        7845000	       685	8000407c	d8ca0113	addi	x2,x20,-628	 x20:0xdc80df1e  x2=0xdc80dcaa
        7855000	       686	80004080	01aa9093	slli	x1,x21,0x1a	 x21:0x00000001  x1=0x04000000
        7865000	       687	80004084	f7a89123	sh	x26,-158(x17)	 x17:0x80033554 x26:0x000000f8 PA:0x800334b6 store:0x000000f8 load:0x00000000
        7875000	       688	80004088	0ff0000f	fence	iorw,iorw	
        7885000	       689	8000408c	5d7d	c.li	x26,-1	 x26=0xffffffff
        7895000	       690	8000408e	0048aa03	lw	x20,4(x17)	 x17:0x80033554 x20=0x06d80594 PA:0x80033558 load:0x06d80594
        7905000	       691	80004092	e7088323	sb	x16,-410(x17)	 x17:0x80033554 x16:0x000000bc PA:0x800333ba store:0x000000bc load:0x00000000
        7915000	       692	80004096	234885a3	sb	x20,555(x17)	 x17:0x80033554 x20:0x06d80594 PA:0x8003377f store:0x06d80594 load:0x00000000
        8285000	       729	8000409a	030d5433	divu	x8,x26,x16	 x26:0xffffffff x16:0x000000bc  x8=0x015c9882
        8655000	       766	8000409e	03b44cb3	div	x25,x8,x27	  x8:0x015c9882 x27:0x00000037 x25=0x0006568e
        8695000	       770	800040a2	023fa4b3	mulhsu	x9,x31,x3	 x31:0x000000f7  x3:0x00000022  x9=0x00000000
        8705000	       771	800040a6	01ab2133	slt	x2,x22,x26	 x22:0x00000001 x26:0xffffffff  x2=0x00000000
        8715000	       772	800040aa	8c85	c.sub	x9,x9	  x9:0x00000000  x9:0x00000000  x9=0x00000000
        8725000	       773	800040ac	001dd933	srl	x18,x27,x1	 x27:0x00000037  x1:0x04000000 x18=0x00000037
        8735000	       774	800040b0	b4e89083	lh	x1,-1202(x17)	 x17:0x80033554  x1=0x0000198c PA:0x800330a2 load:0x0000198c
        8745000	       775	800040b4	fb4e4517	auipc	x10,0xfb4e4	 x10=0x7b4e80b4
        8755000	       776	800040b8	00d0f733	and	x14,x1,x13	  x1:0x0000198c x13:0x8004cce4 x14=0x00000884
        8765000	       777	800040bc	822a	c.mv	x4,x10	  x0:0x00000000 x10:0x7b4e80b4  x4=0x7b4e80b4
        8775000	       778	800040be	ff588e83	lb	x29,-11(x17)	 x17:0x80033554 x29=0xffffffe9 PA:0x80033549 load:0xffffffe9
        8785000	       779	800040c2	00030b17	auipc	x22,0x30	 x22=0x800340c2
        8795000	       780	800040c6	825b0b13	addi	x22,x22,-2011	 x22:0x800340c2 x22=0x800338e7
        8805000	       781	800040ca	00037e97	auipc	x29,0x37	 x29=0x8003b0ca
        8815000	       782	800040ce	be5e8e93	addi	x29,x29,-1051	 x29:0x8003b0ca x29=0x8003acaf
        8825000	       783	800040d2	02eb11a3	sh	x14,35(x22)	 x22:0x800338e7 x14:0x00000884 PA:0x8003390a store:0x00000884 load:0x00000000
        8835000	       784	800040d6	012e8483	lb	x9,18(x29)	 x29:0x8003acaf  x9=0xfffffff9 PA:0x8003acc1 load:0xfffffff9
        8845000	       785	800040da	021ed483	lhu	x9,33(x29)	 x29:0x8003acaf  x9=0x000089fa PA:0x8003acd0 load:0x000089fa
        8855000	       786	800040de	f2eb0803	lb	x16,-210(x22)	 x22:0x800338e7 x16=0xffffff95 PA:0x80033815 load:0xffffff95
        8865000	       787	800040e2	023e9d83	lh	x27,35(x29)	 x29:0x8003acaf x27=0x00004f1a PA:0x8003acd2 load:0x00004f1a
        8875000	       788	800040e6	0c3b4f03	lbu	x30,195(x22)	 x22:0x800338e7 x30=0x000000f1 PA:0x800339aa load:0x000000f1
        8885000	       789	800040ea	016e8283	lb	x5,22(x29)	 x29:0x8003acaf  x5=0xffffff90 PA:0x8003acc5 load:0xffffff90
        8895000	       790	800040ee	f6fb06a3	sb	x15,-147(x22)	 x22:0x800338e7 x15:0x00000044 PA:0x80033854 store:0x00000044 load:0x00000000
        8905000	       791	800040f2	02decc03	lbu	x24,45(x29)	 x29:0x8003acaf x24=0x000000a4 PA:0x8003acdc load:0x000000a4
        8915000	       792	800040f6	feeec883	lbu	x17,-18(x29)	 x29:0x8003acaf x17=0x00000031 PA:0x8003ac9d load:0x00000031
        8925000	       793	800040fa	0f3b4a03	lbu	x20,243(x22)	 x22:0x800338e7 x20=0x00000076 PA:0x800339da load:0x00000076
        8935000	       794	800040fe	fe4ecd83	lbu	x27,-28(x29)	 x29:0x8003acaf x27=0x000000be PA:0x8003ac93 load:0x000000be
        8945000	       795	80004102	00dea403	lw	x8,13(x29)	 x29:0x8003acaf  x8=0x3427f75c PA:0x8003acbc load:0x3427f75c
        8955000	       796	80004106	fc3e8023	sb	x3,-64(x29)	 x29:0x8003acaf  x3:0x00000022 PA:0x8003ac6f store:0x00000022 load:0x00000000
        8965000	       797	8000410a	006ecd83	lbu	x27,6(x29)	 x29:0x8003acaf x27=0x00000050 PA:0x8003acb5 load:0x00000050
        8975000	       798	8000410e	010b0a83	lb	x21,16(x22)	 x22:0x800338e7 x21=0xffffff82 PA:0x800338f7 load:0xffffff82
        8985000	       799	80004112	00034917	auipc	x18,0x34	 x18=0x80038112
        8995000	       800	80004116	c9490913	addi	x18,x18,-876	 x18:0x80038112 x18=0x80037da6
        9005000	       801	8000411a	02194c83	lbu	x25,33(x18)	 x18:0x80037da6 x25=0x00000026 PA:0x80037dc7 load:0x00000026
        9035000	       804	8000411e	02af0233	mul	x4,x30,x10	 x30:0x000000f1 x10:0x7b4e80b4  x4=0x14e72974
        9045000	       805	80004122	fe390003	lb	x0,-29(x18)	 x18:0x80037da6  x0=0x00000000 PA:0x80037d89 load:0x0000002d
        9055000	       806	80004126	017cd393	srli	x7,x25,0x17	 x25:0x00000026  x7=0x00000000
        9065000	       807	8000412a	fd095783	lhu	x15,-48(x18)	 x18:0x80037da6 x15=0x00005239 PA:0x80037d76 load:0x00005239
        9075000	       808	8000412e	fdc91923	sh	x28,-46(x18)	 x18:0x80037da6 x28:0xffffffff PA:0x80037d78 store:0xffffffff load:0x00000000
        9115000	       812	80004132	02adafb3	mulhsu	x31,x27,x10	 x27:0x00000050 x10:0x7b4e80b4 x31=0x00000026
        9125000	       813	80004136	01d92323	sw	x29,6(x18)	 x18:0x80037da6 x29:0x8003acaf PA:0x80037dac store:0x8003acaf load:0x00000000
        9135000	       814	8000413a	00790603	lb	x12,7(x18)	 x18:0x80037da6 x12=0xffffffac PA:0x80037dad load:0xffffffac
        9145000	       815	8000413e	98fd	c.andi	x9,-1	  x9:0x000089fa  x9=0x000089fa
        9155000	       816	80004140	34e0f217	auipc	x4,0x34e0f	  x4=0xb4e13140
        9165000	       817	80004144	826d	c.srli	x12,0x1b	 x12:0xffffffac x12=0x0000001f
        9175000	       818	80004146	02394b03	lbu	x22,35(x18)	 x18:0x80037da6 x22=0x000000c2 PA:0x80037dc9 load:0x000000c2
        9185000	       819	8000414a	fc695483	lhu	x9,-58(x18)	 x18:0x80037da6  x9=0x00001181 PA:0x80037d6c load:0x00001181
        9205000	       821	8000414e	01a4d2b3	srl	x5,x9,x26	  x9:0x00001181 x26:0xffffffff  x5=0x00000000
        9215000	       822	80004152	fcd90e83	lb	x29,-51(x18)	 x18:0x80037da6 x29=0x00000059 PA:0x80037d73 load:0x00000059
        9225000	       823	80004156	03090e23	sb	x16,60(x18)	 x18:0x80037da6 x16:0xffffff95 PA:0x80037de2 store:0xffffff95 load:0x00000000
        9235000	       824	8000415a	ff490f03	lb	x30,-12(x18)	 x18:0x80037da6 x30=0x00000031 PA:0x80037d9a load:0x00000031
        9245000	       825	8000415e	02394783	lbu	x15,35(x18)	 x18:0x80037da6 x15=0x000000c2 PA:0x80037dc9 load:0x000000c2
        9255000	       826	80004162	03390c03	lb	x24,51(x18)	 x18:0x80037da6 x24=0x00000007 PA:0x80037dd9 load:0x00000007
        9265000	       827	80004166	00694d03	lbu	x26,6(x18)	 x18:0x80037da6 x26=0x000000af PA:0x80037dac load:0x000000af
        9275000	       828	8000416a	02490423	sb	x4,40(x18)	 x18:0x80037da6  x4:0xb4e13140 PA:0x80037dce store:0xb4e13140 load:0x00000000
        9285000	       829	8000416e	fed92b23	sw	x13,-10(x18)	 x18:0x80037da6 x13:0x8004cce4 PA:0x80037d9c store:0x8004cce4 load:0x00000000
        9295000	       830	80004172	00495303	lhu	x6,4(x18)	 x18:0x80037da6  x6=0x0000e7f9 PA:0x80037daa load:0x0000e7f9
        9305000	       831	80004176	fdb90083	lb	x1,-37(x18)	 x18:0x80037da6  x1=0x0000001c PA:0x80037d81 load:0x0000001c
        9315000	       832	8000417a	03394403	lbu	x8,51(x18)	 x18:0x80037da6  x8=0x00000007 PA:0x80037dd9 load:0x00000007
        9325000	       833	8000417e	01a91423	sh	x26,8(x18)	 x18:0x80037da6 x26:0x000000af PA:0x80037dae store:0x000000af load:0x00000000
        9335000	       834	80004182	08f9	c.addi	x17,30	 x17:0x00000031 x17=0x0000004f
        9345000	       835	80004184	fd095403	lhu	x8,-48(x18)	 x18:0x80037da6  x8=0x00005239 PA:0x80037d76 load:0x00005239
        9355000	       836	80004188	41ab0fb3	sub	x31,x22,x26	 x22:0x000000c2 x26:0x000000af x31=0x00000013
        9365000	       837	8000418c	01090aa3	sb	x16,21(x18)	 x18:0x80037da6 x16:0xffffff95 PA:0x80037dbb store:0xffffff95 load:0x00000000
        9375000	       838	80004190	fd891603	lh	x12,-40(x18)	 x18:0x80037da6 x12=0xffff93e9 PA:0x80037d7e load:0xffff93e9
        9385000	       839	80004194	099c	c.addi4spn	x15,x2,208	 x15=0x000000d0
        9395000	       840	80004196	02c90703	lb	x14,44(x18)	 x18:0x80037da6 x14=0xfffffff1 PA:0x80037dd2 load:0xfffffff1
        9405000	       841	8000419a	04990023	sb	x9,64(x18)	 x18:0x80037da6  x9:0x00001181 PA:0x80037de6 store:0x00001181 load:0x00000000
        9415000	       842	8000419e	6379	c.lui	x6,0x1e	  x6=0x0001e000
        9425000	       843	800041a0	fee92603	lw	x12,-18(x18)	 x18:0x80037da6 x12=0xb32d38ff PA:0x80037d94 load:0xb32d38ff
        9435000	       844	800041a4	00d17c33	and	x24,x2,x13	  x2:0x00000000 x13:0x8004cce4 x24=0x00000000
        9445000	       845	800041a8	40825c13	srai	x24,x4,0x8	  x4:0xb4e13140 x24=0xffb4e131
        9475000	       848	800041ac	03518e33	mul	x28,x3,x21	  x3:0x00000022 x21:0xffffff82 x28=0xffffef44
        9485000	       849	800041b0	007dceb3	xor	x29,x27,x7	 x27:0x00000050  x7:0x00000000 x29=0x00000050
        9495000	       850	800041b4	01ac9eb3	sll	x29,x25,x26	 x25:0x00000026 x26:0x000000af x29=0x00130000
        9505000	       851	800041b8	87ad	c.srai	x15,0xb	 x15:0x000000d0 x15=0x00000000
        9515000	       852	800041ba	ff590403	lb	x8,-11(x18)	 x18:0x80037da6  x8=0x00000062 PA:0x80037d9b load:0x00000062
        9525000	       853	800041be	03c92323	sw	x28,38(x18)	 x18:0x80037da6 x28:0xffffef44 PA:0x80037dcc store:0xffffef44 load:0x00000000
        9535000	       854	800041c2	00036197	auipc	x3,0x36	  x3=0x8003a1c2
        9545000	       855	800041c6	8fc18193	addi	x3,x3,-1796	  x3:0x8003a1c2  x3=0x80039abe
        9555000	       856	800041ca	0002fa97	auipc	x21,0x2f	 x21=0x800331ca
        9565000	       857	800041ce	5d6a8a93	addi	x21,x21,1494	 x21:0x800331ca x21=0x800337a0
        9575000	       858	800041d2	fcf18283	lb	x5,-49(x3)	  x3:0x80039abe  x5=0xffffffd3 PA:0x80039a8d load:0xffffffd3
        9585000	       859	800041d6	ffaad983	lhu	x19,-6(x21)	 x21:0x800337a0 x19=0x00008a9a PA:0x8003379a load:0x00008a9a
        9595000	       860	800041da	fcb18323	sb	x11,-58(x3)	  x3:0x80039abe x11:0xf1e8b1fd PA:0x80039a84 store:0xf1e8b1fd load:0x00000000
        9605000	       861	800041de	ff118603	lb	x12,-15(x3)	  x3:0x80039abe x12=0xffffff89 PA:0x80039aaf load:0xffffff89
        9615000	       862	800041e2	01618ba3	sb	x22,23(x3)	  x3:0x80039abe x22:0x000000c2 PA:0x80039ad5 store:0x000000c2 load:0x00000000
        9625000	       863	800041e6	03f1c503	lbu	x10,63(x3)	  x3:0x80039abe x10=0x000000c7 PA:0x80039afd load:0x000000c7
        9635000	       864	800041ea	fde1cf03	lbu	x30,-34(x3)	  x3:0x80039abe x30=0x00000095 PA:0x80039a9c load:0x00000095
        9645000	       865	800041ee	ff8a9883	lh	x17,-8(x21)	 x21:0x800337a0 x17=0x000001c9 PA:0x80033798 load:0x000001c9
        9655000	       866	800041f2	fe918c23	sb	x9,-8(x3)	  x3:0x80039abe  x9:0x00001181 PA:0x80039ab6 store:0x00001181 load:0x00000000
        9665000	       867	800041f6	fe91c603	lbu	x12,-23(x3)	  x3:0x80039abe x12=0x00000036 PA:0x80039aa7 load:0x00000036
        9675000	       868	800041fa	00aad283	lhu	x5,10(x21)	 x21:0x800337a0  x5=0x00009d20 PA:0x800337aa load:0x00009d20
        9685000	       869	800041fe	00f18f03	lb	x30,15(x3)	  x3:0x80039abe x30=0xffffffb5 PA:0x80039acd load:0xffffffb5
        9695000	       870	80004202	00918503	lb	x10,9(x3)	  x3:0x80039abe x10=0x0000004b PA:0x80039ac7 load:0x0000004b
        9705000	       871	80004206	007a8c03	lb	x24,7(x21)	 x21:0x800337a0 x24=0x0000004a PA:0x800337a7 load:0x0000004a
        9715000	       872	8000420a	000a8483	lb	x9,0(x21)	 x21:0x800337a0  x9=0xffffffb4 PA:0x800337a0 load:0xffffffb4
        9725000	       873	8000420e	002a9803	lh	x16,2(x21)	 x21:0x800337a0 x16=0xffffe97a PA:0x800337a2 load:0xffffe97a
        9735000	       874	80004212	0002f897	auipc	x17,0x2f	 x17=0x80033212
        9745000	       875	80004216	e3688893	addi	x17,x17,-458	 x17:0x80033212 x17=0x80033048
        9755000	       876	8000421a	54369db7	lui	x27,0x54369	 x27=0x54369000
        9765000	       877	8000421e	98ee	c.add	x17,x27	 x17:0x80033048 x27:0x54369000 x17=0xd439c048
        9775000	       878	80004220	f22885a3	sb	x2,-213(x17)	 x17:0xd439c048  x2:0x00000000 PA:0xd439bf73 store:0x00000000 load:0x00000000
        9785000	       879	80004224	943883a3	sb	x3,-1721(x17)	 x17:0xd439c048  x3:0x80039abe PA:0xd439b98f store:0x80039abe load:0x00000000
        9795000	       880	80004228	22688da3	sb	x6,571(x17)	 x17:0xd439c048  x6:0x0001e000 PA:0xd439c283 store:0x0001e000 load:0x00000000
        9805000	       881	8000422c	0001	c.addi	x0,0	  x0:0x00000000  x0=0x00000000
        9815000	       882	8000422e	626884a3	sb	x6,1577(x17)	 x17:0xd439c048  x6:0x0001e000 PA:0xd439c671 store:0x0001e000 load:0x00000000
        9855000	       886	80004232	02479633	mulh	x12,x15,x4	 x15:0x00000000  x4:0xb4e13140 x12=0x00000000
        9865000	       887	80004236	00e3d3b3	srl	x7,x7,x14	  x7:0x00000000 x14:0xfffffff1  x7=0x00000000
        9875000	       888	8000423a	01c4e333	or	x6,x9,x28	  x9:0xffffffb4 x28:0xffffef44  x6=0xfffffff4
        9885000	       889	8000423e	00d0dc13	srli	x24,x1,0xd	  x1:0x0000001c x24=0x00000000
        9895000	       890	80004242	30f885a3	sb	x15,779(x17)	 x17:0xd439c048 x15:0x00000000 PA:0xd439c353 store:0x00000000 load:0x00000000
        9905000	       891	80004246	5f7d	c.li	x30,-1	 x30=0xffffffff
        9915000	       892	80004248	0ff0000f	fence	iorw,iorw	
        9925000	       893	8000424c	6121	c.addi16sp	x2,64	  x2:0x00000000  x2=0x00000040
        9935000	       894	8000424e	f2b88303	lb	x6,-213(x17)	 x17:0xd439c048  x6=0x00000000 PA:0xd439bf73 load:0x00000000
        9945000	       895	80004252	94788803	lb	x16,-1721(x17)	 x17:0xd439c048 x16=0xffffffbe PA:0xd439b98f load:0xffffffbe
        9955000	       896	80004256	95e880a3	sb	x30,-1727(x17)	 x17:0xd439c048 x30:0xffffffff PA:0xd439b989 store:0xffffffff load:0x00000000
        9965000	       897	8000425a	dcf88123	sb	x15,-574(x17)	 x17:0xd439c048 x15:0x00000000 PA:0xd439be0a store:0x00000000 load:0x00000000
        9975000	       898	8000425e	23b8c803	lbu	x16,571(x17)	 x17:0xd439c048 x16=0x00000000 PA:0xd439c283 load:0x00000000
        9985000	       899	80004262	ece884a3	sb	x14,-311(x17)	 x17:0xd439c048 x14:0xfffffff1 PA:0xd439bf11 store:0xfffffff1 load:0x00000000
        9995000	       900	80004266	00030717	auipc	x14,0x30	 x14=0x80034266
       10005000	       901	8000426a	de270713	addi	x14,x14,-542	 x14:0x80034266 x14=0x80034048
       10015000	       902	8000426e	3c538c37	lui	x24,0x3c538	 x24=0x3c538000
       10025000	       903	80004272	9762	c.add	x14,x24	 x14:0x80034048 x24:0x3c538000 x14=0xbc56c048
       10035000	       904	80004274	26071e23	sh	x0,636(x14)	 x14:0xbc56c048  x0:0x00000000 PA:0xbc56c2c4 store:0x00000000 load:0x00000000
       10045000	       905	80004278	a0171023	sh	x1,-1536(x14)	 x14:0xbc56c048  x1:0x0000001c PA:0xbc56ba48 store:0x0000001c load:0x00000000
       10055000	       906	8000427c	66370923	sb	x3,1650(x14)	 x14:0xbc56c048  x3:0x80039abe PA:0xbc56c6ba store:0x80039abe load:0x00000000
       10065000	       907	80004280	f8570323	sb	x5,-122(x14)	 x14:0xbc56c048  x5:0x00009d20 PA:0xbc56bfce store:0x00009d20 load:0x00000000
       10075000	       908	80004284	b8770123	sb	x7,-1150(x14)	 x14:0xbc56c048  x7:0x00000000 PA:0xbc56bbca store:0x00000000 load:0x00000000
       10085000	       909	80004288	27c75983	lhu	x19,636(x14)	 x14:0xbc56c048 x19=0x00000000 PA:0xbc56c2c4 load:0x00000000
       10095000	       910	8000428c	49f9	c.li	x19,30	 x19=0x0000001e
       10105000	       911	8000428e	a0071f83	lh	x31,-1536(x14)	 x14:0xbc56c048 x31=0x0000001c PA:0xbc56ba48 load:0x0000001c
       10115000	       912	80004292	0a5704a3	sb	x5,169(x14)	 x14:0xbc56c048  x5:0x00009d20 PA:0xbc56c0f1 store:0x00009d20 load:0x00000000
       10125000	       913	80004296	67270d83	lb	x27,1650(x14)	 x14:0xbc56c048 x27=0xffffffbe PA:0xbc56c6ba load:0xffffffbe
       10135000	       914	8000429a	87a2	c.mv	x15,x8	  x0:0x00000000  x8:0x00000062 x15=0x00000062
       10145000	       915	8000429c	71e70da3	sb	x30,1819(x14)	 x14:0xbc56c048 x30:0xffffffff PA:0xbc56c763 store:0xffffffff load:0x00000000
       10155000	       916	800042a0	402001b3	sub	x3,x0,x2	  x0:0x00000000  x2:0x00000040  x3=0xffffffc0
       10165000	       917	800042a4	0001	c.addi	x0,0	  x0:0x00000000  x0=0x00000000
       10175000	       918	800042a6	f8674083	lbu	x1,-122(x14)	 x14:0xbc56c048  x1=0x00000020 PA:0xbc56bfce load:0x00000020
       10185000	       919	800042aa	41dc8333	sub	x6,x25,x29	 x25:0x00000026 x29:0x00130000  x6=0xffed0026
       10195000	       920	800042ae	3e571f23	sh	x5,1022(x14)	 x14:0xbc56c048  x5:0x00009d20 PA:0xbc56c446 store:0x00009d20 load:0x00000000
       10205000	       921	800042b2	00f35fb3	srl	x31,x6,x15	  x6:0xffed0026 x15:0x00000062 x31=0x3ffb4009
       10575000	       958	800042b6	03f8ee33	rem	x28,x17,x31	 x17:0xd439c048 x31:0x3ffb4009 x28=0xd439c048
       10585000	       959	800042ba	b8270c03	lb	x24,-1150(x14)	 x14:0xbc56c048 x24=0x00000000 PA:0xbc56bbca load:0x00000000
       10595000	       960	800042be	0002fd97	auipc	x27,0x2f	 x27=0x800332be
       10605000	       961	800042c2	6c7d8d93	addi	x27,x27,1735	 x27:0x800332be x27=0x80033985
       10615000	       962	800042c6	00035b17	auipc	x22,0x35	 x22=0x800392c6
       10625000	       963	800042ca	50bb0b13	addi	x22,x22,1291	 x22:0x800392c6 x22=0x800397d1
       10635000	       964	800042ce	247d93a3	sh	x7,583(x27)	 x27:0x80033985  x7:0x00000000 PA:0x80033bcc store:0x00000000 load:0x00000000
       10645000	       965	800042d2	92bdc703	lbu	x14,-1749(x27)	 x27:0x80033985 x14=0x000000d6 PA:0x800332b0 load:0x000000d6
       10655000	       966	800042d6	00bb0983	lb	x19,11(x22)	 x22:0x800397d1 x19=0xffffff81 PA:0x800397dc load:0xffffff81
       10665000	       967	800042da	00bb1303	lh	x6,11(x22)	 x22:0x800397d1  x6=0xffffef81 PA:0x800397dc load:0xffffef81
       10675000	       968	800042de	27fdae83	lw	x29,639(x27)	 x27:0x80033985 x29=0xc2dff1ad PA:0x80033c04 load:0xc2dff1ad
       10685000	       969	800042e2	ff5b5883	lhu	x17,-11(x22)	 x22:0x800397d1 x17=0x000024df PA:0x800397c6 load:0x000024df
       10695000	       970	800042e6	41adc303	lbu	x6,1050(x27)	 x27:0x80033985  x6=0x000000ad PA:0x80033d9f load:0x000000ad
       10705000	       971	800042ea	cdbd8d23	sb	x27,-806(x27)	 x27:0x80033985 x27:0x80033985 PA:0x8003365f store:0x80033985 load:0x00000000
       10715000	       972	800042ee	ff0b4983	lbu	x19,-16(x22)	 x22:0x800397d1 x19=0x000000fe PA:0x800397c1 load:0x000000fe
       10725000	       973	800042f2	d88daba3	sw	x8,-617(x27)	 x27:0x80033985  x8:0x00000062 PA:0x8003371c store:0x00000062 load:0x00000000
       10735000	       974	800042f6	41ad8ca3	sb	x26,1049(x27)	 x27:0x80033985 x26:0x000000af PA:0x80033d9e store:0x000000af load:0x00000000
       10745000	       975	800042fa	dd0dc803	lbu	x16,-560(x27)	 x27:0x80033985 x16=0x0000007e PA:0x80033755 load:0x0000007e
       10755000	       976	800042fe	ff7b0f23	sb	x23,-2(x22)	 x22:0x800397d1 x23:0x80048e4c PA:0x800397cf store:0x80048e4c load:0x00000000
       10765000	       977	80004302	f4ed81a3	sb	x14,-189(x27)	 x27:0x80033985 x14:0x000000d6 PA:0x800338c8 store:0x000000d6 load:0x00000000
       10775000	       978	80004306	ff1b0923	sb	x17,-14(x22)	 x22:0x800397d1 x17:0x000024df PA:0x800397c3 store:0x000024df load:0x00000000
       10785000	       979	8000430a	00030497	auipc	x9,0x30	  x9=0x8003430a
       10795000	       980	8000430e	d3e48493	addi	x9,x9,-706	  x9:0x8003430a  x9=0x80034048
       10805000	       981	80004312	49082db7	lui	x27,0x49082	 x27=0x49082000
       10815000	       982	80004316	94ee	c.add	x9,x27	  x9:0x80034048 x27:0x49082000  x9=0xc90b6048
       10825000	       983	80004318	fa048aa3	sb	x0,-75(x9)	  x9:0xc90b6048  x0:0x00000000 PA:0xc90b5ffd store:0x00000000 load:0x00000000
       10835000	       984	8000431c	30148423	sb	x1,776(x9)	  x9:0xc90b6048  x1:0x00000020 PA:0xc90b6350 store:0x00000020 load:0x00000000
       10845000	       985	80004320	403483a3	sb	x3,1031(x9)	  x9:0xc90b6048  x3:0xffffffc0 PA:0xc90b644f store:0xffffffc0 load:0x00000000
       11215000	      1022	80004324	03f4eeb3	rem	x29,x9,x31	  x9:0xc90b6048 x31:0x3ffb4009 x29=0xc90b6048
       11585000	      1059	80004328	023b71b3	remu	x3,x22,x3	 x22:0x800397d1  x3:0xffffffc0  x3=0x800397d1
       11595000	      1060	8000432c	fb54c083	lbu	x1,-75(x9)	  x9:0xc90b6048  x1=0x00000000 PA:0xc90b5ffd load:0x00000000
       11605000	      1061	80004330	6ca9	c.lui	x25,0xa	 x25=0x0000a000
       11615000	      1062	80004332	400e0c33	sub	x24,x28,x0	 x28:0xd439c048  x0:0x00000000 x24=0xd439c048
       11625000	      1063	80004336	0a0e	c.slli	x20,0x3	 x20:0x00000076 x20=0x000003b0
       11635000	      1064	80004338	8609	c.srai	x12,0x2	 x12:0x00000000 x12=0x00000000
       11645000	      1065	8000433a	3084c283	lbu	x5,776(x9)	  x9:0xc90b6048  x5=0x00000020 PA:0xc90b6350 load:0x00000020
       11655000	      1066	8000433e	783487a3	sb	x3,1935(x9)	  x9:0xc90b6048  x3:0x800397d1 PA:0xc90b67d7 store:0x800397d1 load:0x00000000
       11665000	      1067	80004342	4074cb03	lbu	x22,1031(x9)	  x9:0xc90b6048 x22=0x000000c0 PA:0xc90b644f load:0x000000c0
       11675000	      1068	80004346	004a89b3	add	x19,x21,x4	 x21:0x800337a0  x4:0xb4e13140 x19=0x34e468e0
       11685000	      1069	8000434a	c4b48ba3	sb	x11,-937(x9)	  x9:0xc90b6048 x11:0xf1e8b1fd PA:0xc90b5c9f store:0xf1e8b1fd load:0x00000000
       11695000	      1070	8000434e	0002fc97	auipc	x25,0x2f	 x25=0x8003334e
       11705000	      1071	80004352	358c8c93	addi	x25,x25,856	 x25:0x8003334e x25=0x800336a6
       11715000	      1072	80004356	023ccf83	lbu	x31,35(x25)	 x25:0x800336a6 x31=0x00000022 PA:0x800336c9 load:0x00000022
       11725000	      1073	8000435a	00038217	auipc	x4,0x38	  x4=0x8003c35a
       11735000	      1074	8000435e	72c20213	addi	x4,x4,1836	  x4:0x8003c35a  x4=0x8003ca86
       11745000	      1075	80004362	ff0c9a03	lh	x20,-16(x25)	 x25:0x800336a6 x20=0xffffb1c8 PA:0x80033696 load:0xffffb1c8
       11755000	      1076	80004366	fe3c8da3	sb	x3,-5(x25)	 x25:0x800336a6  x3:0x800397d1 PA:0x800336a1 store:0x800397d1 load:0x00000000
       11765000	      1077	8000436a	00520983	lb	x19,5(x4)	  x4:0x8003ca86 x19=0xffffffa6 PA:0x8003ca8b load:0xffffffa6
       11775000	      1078	8000436e	fffc83a3	sb	x31,-25(x25)	 x25:0x800336a6 x31:0x00000022 PA:0x8003368d store:0x00000022 load:0x00000000
       11785000	      1079	80004372	ffd24f03	lbu	x30,-3(x4)	  x4:0x8003ca86 x30=0x00000002 PA:0x8003ca83 load:0x00000002
       11795000	      1080	80004376	028c8ca3	sb	x8,57(x25)	 x25:0x800336a6  x8:0x00000062 PA:0x800336df store:0x00000062 load:0x00000000
       11805000	      1081	8000437a	fc8c8a83	lb	x21,-56(x25)	 x25:0x800336a6 x21=0xffffffd5 PA:0x8003366e load:0xffffffd5
       11815000	      1082	8000437e	020c8f23	sb	x0,62(x25)	 x25:0x800336a6  x0:0x00000000 PA:0x800336e4 store:0x00000000 load:0x00000000
       11825000	      1083	80004382	ffc21823	sh	x28,-16(x4)	  x4:0x8003ca86 x28:0xd439c048 PA:0x8003ca76 store:0xd439c048 load:0x00000000
       11835000	      1084	80004386	00cc8b03	lb	x22,12(x25)	 x25:0x800336a6 x22=0xffffff90 PA:0x800336b2 load:0xffffff90
       11845000	      1085	8000438a	ffc20a23	sb	x28,-12(x4)	  x4:0x8003ca86 x28:0xd439c048 PA:0x8003ca7a store:0xd439c048 load:0x00000000
       11855000	      1086	8000438e	028c8083	lb	x1,40(x25)	 x25:0x800336a6  x1=0xffffffb9 PA:0x800336ce load:0xffffffb9
       11865000	      1087	80004392	ff121b23	sh	x17,-10(x4)	  x4:0x8003ca86 x17:0x000024df PA:0x8003ca7c store:0x000024df load:0x00000000
       11875000	      1088	80004396	02ac8d23	sb	x10,58(x25)	 x25:0x800336a6 x10:0x0000004b PA:0x800336e0 store:0x0000004b load:0x00000000
       11885000	      1089	8000439a	00220483	lb	x9,2(x4)	  x4:0x8003ca86  x9=0xffffffe0 PA:0x8003ca88 load:0xffffffe0
       11895000	      1090	8000439e	0002f117	auipc	x2,0x2f	  x2=0x8003339e
       11905000	      1091	800043a2	35a10113	addi	x2,x2,858	  x2:0x8003339e  x2=0x800336f8
       11915000	      1092	800043a6	feb10aa3	sb	x11,-11(x2)	  x2:0x800336f8 x11:0xf1e8b1fd PA:0x800336ed store:0xf1e8b1fd load:0x00000000
       11925000	      1093	800043aa	fe110aa3	sb	x1,-11(x2)	  x2:0x800336f8  x1:0xffffffb9 PA:0x800336ed store:0xffffffb9 load:0x00000000
       11935000	      1094	800043ae	fe410aa3	sb	x4,-11(x2)	  x2:0x800336f8  x4:0x8003ca86 PA:0x800336ed store:0x8003ca86 load:0x00000000
       11945000	      1095	800043b2	ffd10083	lb	x1,-3(x2)	  x2:0x800336f8  x1=0x0000003c PA:0x800336f5 load:0x0000003c
       11955000	      1096	800043b6	feb10ea3	sb	x11,-3(x2)	  x2:0x800336f8 x11:0xf1e8b1fd PA:0x800336f5 store:0xf1e8b1fd load:0x00000000
       11965000	      1097	800043ba	fe110ea3	sb	x1,-3(x2)	  x2:0x800336f8  x1:0x0000003c PA:0x800336f5 store:0x0000003c load:0x00000000
       11975000	      1098	800043be	7435cc93	xori	x25,x11,1859	 x11:0xf1e8b1fd x25=0xf1e8b6be
       11985000	      1099	800043c2	ffd10903	lb	x18,-3(x2)	  x2:0x800336f8 x18=0x0000003c PA:0x800336f5 load:0x0000003c
       11995000	      1100	800043c6	ff910ea3	sb	x25,-3(x2)	  x2:0x800336f8 x25:0xf1e8b6be PA:0x800336f5 store:0xf1e8b6be load:0x00000000
       12005000	      1101	800043ca	fe910a23	sb	x9,-12(x2)	  x2:0x800336f8  x9:0xffffffe0 PA:0x800336ec store:0xffffffe0 load:0x00000000
       12015000	      1102	800043ce	ff414e83	lbu	x29,-12(x2)	  x2:0x800336f8 x29=0x000000e0 PA:0x800336ec load:0x000000e0
       12385000	      1139	800043d2	036074b3	remu	x9,x0,x22	  x0:0x00000000 x22:0xffffff90  x9=0x00000000
       12395000	      1140	800043d6	fe812a23	sw	x8,-12(x2)	  x2:0x800336f8  x8:0x00000062 PA:0x800336ec store:0x00000062 load:0x00000000
       12405000	      1141	800043da	fe212a23	sw	x2,-12(x2)	  x2:0x800336f8  x2:0x800336f8 PA:0x800336ec store:0x800336f8 load:0x00000000
       12415000	      1142	800043de	ff410003	lb	x0,-12(x2)	  x2:0x800336f8  x0=0x00000000 PA:0x800336ec load:0xfffffff8
       12425000	      1143	800043e2	01d0f8b7	lui	x17,0x1d0f	 x17=0x01d0f000
       12435000	      1144	800043e6	ff411f03	lh	x30,-12(x2)	  x2:0x800336f8 x30=0x000036f8 PA:0x800336ec load:0x000036f8
       12445000	      1145	800043ea	ff110a23	sb	x17,-12(x2)	  x2:0x800336f8 x17:0x01d0f000 PA:0x800336ec store:0x01d0f000 load:0x00000000
       12455000	      1146	800043ee	00211a03	lh	x20,2(x2)	  x2:0x800336f8 x20=0xfffffbcf PA:0x800336fa load:0xfffffbcf
       12465000	      1147	800043f2	8c3d	c.xor	x8,x15	  x8:0x00000062 x15:0x00000062  x8=0x00000000
       12475000	      1148	800043f4	00211c83	lh	x25,2(x2)	  x2:0x800336f8 x25=0xfffffbcf PA:0x800336fa load:0xfffffbcf
       12485000	      1149	800043f8	83b8b393	sltiu	x7,x17,-1989	 x17:0x01d0f000  x7=0x00000001
       12495000	      1150	800043fc	00211603	lh	x12,2(x2)	  x2:0x800336f8 x12=0xfffffbcf PA:0x800336fa load:0xfffffbcf
       12505000	      1151	80004400	01a56033	or	x0,x10,x26	 x10:0x0000004b x26:0x000000af  x0=0x00000000
       12515000	      1152	80004404	00215d83	lhu	x27,2(x2)	  x2:0x800336f8 x27=0x0000fbcf PA:0x800336fa load:0x0000fbcf
       12525000	      1153	80004408	00214503	lbu	x10,2(x2)	  x2:0x800336f8 x10=0x000000cf PA:0x800336fa load:0x000000cf
       12535000	      1154	8000440c	0002f117	auipc	x2,0x2f	  x2=0x8003340c
       12545000	      1155	80004410	c3c10113	addi	x2,x2,-964	  x2:0x8003340c  x2=0x80033048
       12555000	      1156	80004414	7d1a1d37	lui	x26,0x7d1a1	 x26=0x7d1a1000
       12565000	      1157	80004418	916a	c.add	x2,x26	  x2:0x80033048 x26:0x7d1a1000  x2=0xfd1d4048
       12585000	      1159	8000441a	06010123	sb	x0,98(x2)	  x2:0xfd1d4048  x0:0x00000000 PA:0xfd1d40aa store:0x00000000 load:0x000000cf
       12625000	      1163	80002700	0800006f	jal	x0,80002780	  x0=0x00000000
       12645000	      1165	80002780	16f1	c.addi	x13,-4	 x13:0x8004cce4 x13=0x8004cce0
       12655000	      1166	80002782	0176a023	sw	x23,0(x13)	 x13:0x8004cce0 x23:0x80048e4c PA:0x8004cce0 store:0x80048e4c load:0x00000000
       12665000	      1167	80002786	00068bb3	add	x23,x13,x0	 x13:0x8004cce0  x0:0x00000000 x23=0x8004cce0
       12675000	      1168	8000278a	f80b8b93	addi	x23,x23,-128	 x23:0x8004cce0 x23=0x8004cc60
       12685000	      1169	8000278e	001ba223	sw	x1,4(x23)	 x23:0x8004cc60  x1:0x0000003c PA:0x8004cc64 store:0x0000003c load:0x00000000
       12695000	      1170	80002792	002ba423	sw	x2,8(x23)	 x23:0x8004cc60  x2:0xfd1d4048 PA:0x8004cc68 store:0xfd1d4048 load:0x00000000
       12705000	      1171	80002796	003ba623	sw	x3,12(x23)	 x23:0x8004cc60  x3:0x800397d1 PA:0x8004cc6c store:0x800397d1 load:0x00000000
       12715000	      1172	8000279a	004ba823	sw	x4,16(x23)	 x23:0x8004cc60  x4:0x8003ca86 PA:0x8004cc70 store:0x8003ca86 load:0x00000000
       12725000	      1173	8000279e	005baa23	sw	x5,20(x23)	 x23:0x8004cc60  x5:0x00000020 PA:0x8004cc74 store:0x00000020 load:0x00000000
       12735000	      1174	800027a2	006bac23	sw	x6,24(x23)	 x23:0x8004cc60  x6:0x000000ad PA:0x8004cc78 store:0x000000ad load:0x00000000
       12745000	      1175	800027a6	007bae23	sw	x7,28(x23)	 x23:0x8004cc60  x7:0x00000001 PA:0x8004cc7c store:0x00000001 load:0x00000000
       12755000	      1176	800027aa	028ba023	sw	x8,32(x23)	 x23:0x8004cc60  x8:0x00000000 PA:0x8004cc80 store:0x00000000 load:0x00000000
       12765000	      1177	800027ae	029ba223	sw	x9,36(x23)	 x23:0x8004cc60  x9:0x00000000 PA:0x8004cc84 store:0x00000000 load:0x00000000
       12775000	      1178	800027b2	02aba423	sw	x10,40(x23)	 x23:0x8004cc60 x10:0x000000cf PA:0x8004cc88 store:0x000000cf load:0x00000000
       12785000	      1179	800027b6	02bba623	sw	x11,44(x23)	 x23:0x8004cc60 x11:0xf1e8b1fd PA:0x8004cc8c store:0xf1e8b1fd load:0x00000000
       12795000	      1180	800027ba	02cba823	sw	x12,48(x23)	 x23:0x8004cc60 x12:0xfffffbcf PA:0x8004cc90 store:0xfffffbcf load:0x00000000
       12805000	      1181	800027be	02dbaa23	sw	x13,52(x23)	 x23:0x8004cc60 x13:0x8004cce0 PA:0x8004cc94 store:0x8004cce0 load:0x00000000
       12815000	      1182	800027c2	02ebac23	sw	x14,56(x23)	 x23:0x8004cc60 x14:0x000000d6 PA:0x8004cc98 store:0x000000d6 load:0x00000000
       12825000	      1183	800027c6	02fbae23	sw	x15,60(x23)	 x23:0x8004cc60 x15:0x00000062 PA:0x8004cc9c store:0x00000062 load:0x00000000
       12835000	      1184	800027ca	050ba023	sw	x16,64(x23)	 x23:0x8004cc60 x16:0x0000007e PA:0x8004cca0 store:0x0000007e load:0x00000000
       12845000	      1185	800027ce	051ba223	sw	x17,68(x23)	 x23:0x8004cc60 x17:0x01d0f000 PA:0x8004cca4 store:0x01d0f000 load:0x00000000
       12855000	      1186	800027d2	052ba423	sw	x18,72(x23)	 x23:0x8004cc60 x18:0x0000003c PA:0x8004cca8 store:0x0000003c load:0x00000000
       12865000	      1187	800027d6	053ba623	sw	x19,76(x23)	 x23:0x8004cc60 x19:0xffffffa6 PA:0x8004ccac store:0xffffffa6 load:0x00000000
       12875000	      1188	800027da	054ba823	sw	x20,80(x23)	 x23:0x8004cc60 x20:0xfffffbcf PA:0x8004ccb0 store:0xfffffbcf load:0x00000000
       12885000	      1189	800027de	055baa23	sw	x21,84(x23)	 x23:0x8004cc60 x21:0xffffffd5 PA:0x8004ccb4 store:0xffffffd5 load:0x00000000
       12895000	      1190	800027e2	056bac23	sw	x22,88(x23)	 x23:0x8004cc60 x22:0xffffff90 PA:0x8004ccb8 store:0xffffff90 load:0x00000000
       12905000	      1191	800027e6	057bae23	sw	x23,92(x23)	 x23:0x8004cc60 x23:0x8004cc60 PA:0x8004ccbc store:0x8004cc60 load:0x00000000
       12915000	      1192	800027ea	078ba023	sw	x24,96(x23)	 x23:0x8004cc60 x24:0xd439c048 PA:0x8004ccc0 store:0xd439c048 load:0x00000000
       12925000	      1193	800027ee	079ba223	sw	x25,100(x23)	 x23:0x8004cc60 x25:0xfffffbcf PA:0x8004ccc4 store:0xfffffbcf load:0x00000000
       12935000	      1194	800027f2	07aba423	sw	x26,104(x23)	 x23:0x8004cc60 x26:0x7d1a1000 PA:0x8004ccc8 store:0x7d1a1000 load:0x00000000
       12945000	      1195	800027f6	07bba623	sw	x27,108(x23)	 x23:0x8004cc60 x27:0x0000fbcf PA:0x8004cccc store:0x0000fbcf load:0x00000000
       12955000	      1196	800027fa	07cba823	sw	x28,112(x23)	 x23:0x8004cc60 x28:0xd439c048 PA:0x8004ccd0 store:0xd439c048 load:0x00000000
       12965000	      1197	800027fe	07dbaa23	sw	x29,116(x23)	 x23:0x8004cc60 x29:0x000000e0 PA:0x8004ccd4 store:0x000000e0 load:0x00000000
       12975000	      1198	80002802	07ebac23	sw	x30,120(x23)	 x23:0x8004cc60 x30:0x000036f8 PA:0x8004ccd8 store:0x000036f8 load:0x00000000
       12985000	      1199	80002806	07fbae23	sw	x31,124(x23)	 x23:0x8004cc60 x31:0x00000022 PA:0x8004ccdc store:0x00000022 load:0x00000000
       12995000	      1200	8000280a	000b86b3	add	x13,x23,x0	 x23:0x8004cc60  x0:0x00000000 x13=0x8004cc60
       13005000	      1201	8000280e	90000d37	lui	x26,0x90000	 x26=0x90000000
       13015000	      1202	80002812	1d71	c.addi	x26,-4	 x26:0x90000000 x26=0x8ffffffc
       13025000	      1203	80002814	4da1	c.li	x27,8	 x27=0x00000008
       13035000	      1204	80002816	0da2	c.slli	x27,0x8	 x27:0x00000008 x27=0x00000800
       13045000	      1205	80002818	000d8d93	addi	x27,x27,0	 x27:0x00000800 x27=0x00000800
       13055000	      1206	8000281c	01bd2023	sw	x27,0(x26)	 x26:0x8ffffffc x27:0x00000800 PA:0x8ffffffc store:0x00000800 load:0x00000000
       13065000	      1207	80002820	34102df3	csrrs	x27,mepc,x0	  x0:0x00000000 x27=0x8000441a
       13075000	      1208	80002824	34202df3	csrrs	x27,mcause,x0	  x0:0x00000000 x27=0x00000007
       13085000	      1209	80002828	4d0d	c.li	x26,3	 x26=0x00000003
       13095000	      1210	8000282a	01ad9463	bne	x27,x26,80002832	 x27:0x00000007 x26:0x00000003
       13115000	      1212	80002832	4d21	c.li	x26,8	 x26=0x00000008
       13125000	      1213	80002834	05ad8d63	beq	x27,x26,8000288e	 x27:0x00000007 x26:0x00000008
       13135000	      1214	80002838	4d25	c.li	x26,9	 x26=0x00000009
       13145000	      1215	8000283a	05ad8a63	beq	x27,x26,8000288e	 x27:0x00000007 x26:0x00000009
       13155000	      1216	8000283e	4d2d	c.li	x26,11	 x26=0x0000000b
       13165000	      1217	80002840	05ad8763	beq	x27,x26,8000288e	 x27:0x00000007 x26:0x0000000b
       13175000	      1218	80002844	4d05	c.li	x26,1	 x26=0x00000001
       13185000	      1219	80002846	35ad8363	beq	x27,x26,80002b8c	 x27:0x00000007 x26:0x00000001
       13195000	      1220	8000284a	4d15	c.li	x26,5	 x26=0x00000005
       13205000	      1221	8000284c	63ad8a63	beq	x27,x26,80002e80	 x27:0x00000007 x26:0x00000005
       13215000	      1222	80002850	4d1d	c.li	x26,7	 x26=0x00000007
       13225000	      1223	80002852	15ad8ce3	beq	x27,x26,800031aa	 x27:0x00000007 x26:0x00000007
       13255000	      1226	800031aa	90000d37	lui	x26,0x90000	 x26=0x90000000
       13265000	      1227	800031ae	1d71	c.addi	x26,-4	 x26:0x90000000 x26=0x8ffffffc
       13275000	      1228	800031b0	4db1	c.li	x27,12	 x27=0x0000000c
       13285000	      1229	800031b2	0da2	c.slli	x27,0x8	 x27:0x0000000c x27=0x00000c00
       13295000	      1230	800031b4	000d8d93	addi	x27,x27,0	 x27:0x00000c00 x27=0x00000c00
       13305000	      1231	800031b8	01bd2023	sw	x27,0(x26)	 x26:0x8ffffffc x27:0x00000c00 PA:0x8ffffffc store:0x00000c00 load:0x00000000
       13315000	      1232	800031bc	90000d37	lui	x26,0x90000	 x26=0x90000000
       13325000	      1233	800031c0	1d71	c.addi	x26,-4	 x26:0x90000000 x26=0x8ffffffc
       13335000	      1234	800031c2	34200d93	addi	x27,x0,834	  x0:0x00000000 x27=0x00000342
       13345000	      1235	800031c6	0da2	c.slli	x27,0x8	 x27:0x00000342 x27=0x00034200
       13355000	      1236	800031c8	0d8d	c.addi	x27,3	 x27:0x00034200 x27=0x00034203
       13365000	      1237	800031ca	01bd2023	sw	x27,0(x26)	 x26:0x8ffffffc x27:0x00034203 PA:0x8ffffffc store:0x00034203 load:0x00000000
       13375000	      1238	800031ce	34202df3	csrrs	x27,mcause,x0	  x0:0x00000000 x27=0x00000007
       13385000	      1239	800031d2	01bd2023	sw	x27,0(x26)	 x26:0x8ffffffc x27:0x00000007 PA:0x8ffffffc store:0x00000007 load:0x00000000
       13395000	      1240	800031d6	4d81	c.li	x27,0	 x27=0x00000000
       13405000	      1241	800031d8	83ee	c.mv	x7,x27	  x0:0x00000000 x27:0x00000000  x7=0x00000000
       13415000	      1242	800031da	4e01	c.li	x28,0	 x28=0x00000000
       13425000	      1243	800031dc	8d9e	c.mv	x27,x7	  x0:0x00000000  x7:0x00000000 x27=0x00000000
       13435000	      1244	800031de	85ee	c.mv	x11,x27	  x0:0x00000000 x27:0x00000000 x11=0x00000000
       13445000	      1245	800031e0	4581	c.li	x11,0	 x11=0x00000000
       13455000	      1246	800031e2	04bd8f63	beq	x27,x11,80003240	 x27:0x00000000 x11:0x00000000
       13475000	      1248	80003240	3b002d73	csrrs	x26,pmpaddr0,x0	  x0:0x00000000 x26=0x20000d2f
       13485000	      1249	80003244	3a002c73	csrrs	x24,pmpcfg0,x0	  x0:0x00000000 x24=0x0f0f0f0f
       13495000	      1250	80003248	a861	c.j	800032e0	
       13515000	      1252	800032e0	4411	c.li	x8,4	  x8=0x00000004
       13525000	      1253	800032e2	01e39d93	slli	x27,x7,0x1e	  x7:0x00000000 x27=0x00000000
       13535000	      1254	800032e6	01eddd93	srli	x27,x27,0x1e	 x27:0x00000000 x27=0x00000000
       13545000	      1255	800032ea	41b405b3	sub	x11,x8,x27	  x8:0x00000004 x27:0x00000000 x11=0x00000004
       13555000	      1256	800032ee	15fd	c.addi	x11,-1	 x11:0x00000004 x11=0x00000003
       13565000	      1257	800032f0	058e	c.slli	x11,0x3	 x11:0x00000003 x11=0x00000018
       13575000	      1258	800032f2	00bc1433	sll	x8,x24,x11	 x24:0x0f0f0f0f x11:0x00000018  x8=0x0f000000
       13585000	      1259	800032f6	0d8e	c.slli	x27,0x3	 x27:0x00000000 x27=0x00000000
       13595000	      1260	800032f8	95ee	c.add	x11,x27	 x11:0x00000018 x27:0x00000000 x11=0x00000018
       13605000	      1261	800032fa	00b45433	srl	x8,x8,x11	  x8:0x0f000000 x11:0x00000018  x8=0x0000000f
       13615000	      1262	800032fe	01b41593	slli	x11,x8,0x1b	  x8:0x0000000f x11=0x78000000
       13625000	      1263	80003302	81f9	c.srli	x11,0x1e	 x11:0x78000000 x11=0x00000001
       13635000	      1264	80003304	c5a1	c.beqz	x11,8000334c	 x11:0x00000001
       13645000	      1265	80003306	4d85	c.li	x27,1	 x27=0x00000001
       13655000	      1266	80003308	05b58363	beq	x11,x27,8000334e	 x11:0x00000001 x27:0x00000001
       13675000	      1268	8000334e	8d9e	c.mv	x27,x7	  x0:0x00000000  x7:0x00000000 x27=0x00000000
       13685000	      1269	80003350	343025f3	csrrs	x11,mtval,x0	  x0:0x00000000 x11=0xfd1d40aa
       13695000	      1270	80003354	8189	c.srli	x11,0x2	 x11:0xfd1d40aa x11=0x3f47502a
       13705000	      1271	80003356	000d9563	bne	x27,x0,80003360	 x27:0x00000000  x0:0x00000000
       13715000	      1272	8000335a	fc05c5e3	blt	x11,x0,80003324	 x11:0x3f47502a  x0:0x00000000
       13725000	      1273	8000335e	a019	c.j	80003364	
       13745000	      1275	80003364	fda5f0e3	bgeu	x11,x26,80003324	 x11:0x3f47502a x26:0x20000d2f
       13765000	      1277	80003324	8d9e	c.mv	x27,x7	  x0:0x00000000  x7:0x00000000 x27=0x00000000
       13775000	      1278	80003326	8e6a	c.mv	x28,x26	  x0:0x00000000 x26:0x20000d2f x28=0x20000d2f
       13785000	      1279	80003328	0d85	c.addi	x27,1	 x27:0x00000000 x27=0x00000001
       13795000	      1280	8000332a	83ee	c.mv	x7,x27	  x0:0x00000000 x27:0x00000001  x7=0x00000001
       13805000	      1281	8000332c	4d41	c.li	x26,16	 x26=0x00000010
       13815000	      1282	8000332e	01add363	bge	x27,x26,80003334	 x27:0x00000001 x26:0x00000010
       13825000	      1283	80003332	b56d	c.j	800031dc	
       13845000	      1285	800031dc	8d9e	c.mv	x27,x7	  x0:0x00000000  x7:0x00000001 x27=0x00000001
       13855000	      1286	800031de	85ee	c.mv	x11,x27	  x0:0x00000000 x27:0x00000001 x11=0x00000001
       13865000	      1287	800031e0	4581	c.li	x11,0	 x11=0x00000000
       13875000	      1288	800031e2	04bd8f63	beq	x27,x11,80003240	 x27:0x00000001 x11:0x00000000
       13885000	      1289	800031e6	4585	c.li	x11,1	 x11=0x00000001
       13895000	      1290	800031e8	06bd8163	beq	x27,x11,8000324a	 x27:0x00000001 x11:0x00000001
       13925000	      1293	8000324a	3b102d73	csrrs	x26,pmpaddr1,x0	  x0:0x00000000 x26=0x24445173
       13935000	      1294	8000324e	3a002c73	csrrs	x24,pmpcfg0,x0	  x0:0x00000000 x24=0x0f0f0f0f
       13945000	      1295	80003252	a079	c.j	800032e0	
       13965000	      1297	800032e0	4411	c.li	x8,4	  x8=0x00000004
       13975000	      1298	800032e2	01e39d93	slli	x27,x7,0x1e	  x7:0x00000001 x27=0x40000000
       13985000	      1299	800032e6	01eddd93	srli	x27,x27,0x1e	 x27:0x40000000 x27=0x00000001
       13995000	      1300	800032ea	41b405b3	sub	x11,x8,x27	  x8:0x00000004 x27:0x00000001 x11=0x00000003
       14005000	      1301	800032ee	15fd	c.addi	x11,-1	 x11:0x00000003 x11=0x00000002
       14015000	      1302	800032f0	058e	c.slli	x11,0x3	 x11:0x00000002 x11=0x00000010
       14025000	      1303	800032f2	00bc1433	sll	x8,x24,x11	 x24:0x0f0f0f0f x11:0x00000010  x8=0x0f0f0000
       14035000	      1304	800032f6	0d8e	c.slli	x27,0x3	 x27:0x00000001 x27=0x00000008
       14045000	      1305	800032f8	95ee	c.add	x11,x27	 x11:0x00000010 x27:0x00000008 x11=0x00000018
       14055000	      1306	800032fa	00b45433	srl	x8,x8,x11	  x8:0x0f0f0000 x11:0x00000018  x8=0x0000000f
       14065000	      1307	800032fe	01b41593	slli	x11,x8,0x1b	  x8:0x0000000f x11=0x78000000
       14075000	      1308	80003302	81f9	c.srli	x11,0x1e	 x11:0x78000000 x11=0x00000001
       14085000	      1309	80003304	c5a1	c.beqz	x11,8000334c	 x11:0x00000001
       14095000	      1310	80003306	4d85	c.li	x27,1	 x27=0x00000001
       14105000	      1311	80003308	05b58363	beq	x11,x27,8000334e	 x11:0x00000001 x27:0x00000001
       14125000	      1313	8000334e	8d9e	c.mv	x27,x7	  x0:0x00000000  x7:0x00000001 x27=0x00000001
       14135000	      1314	80003350	343025f3	csrrs	x11,mtval,x0	  x0:0x00000000 x11=0xfd1d40aa
       14145000	      1315	80003354	8189	c.srli	x11,0x2	 x11:0xfd1d40aa x11=0x3f47502a
       14155000	      1316	80003356	000d9563	bne	x27,x0,80003360	 x27:0x00000001  x0:0x00000000
       14175000	      1318	80003360	fdc5e2e3	bltu	x11,x28,80003324	 x11:0x3f47502a x28:0x20000d2f
       14185000	      1319	80003364	fda5f0e3	bgeu	x11,x26,80003324	 x11:0x3f47502a x26:0x24445173
       14205000	      1321	80003324	8d9e	c.mv	x27,x7	  x0:0x00000000  x7:0x00000001 x27=0x00000001
       14215000	      1322	80003326	8e6a	c.mv	x28,x26	  x0:0x00000000 x26:0x24445173 x28=0x24445173
       14225000	      1323	80003328	0d85	c.addi	x27,1	 x27:0x00000001 x27=0x00000002
       14235000	      1324	8000332a	83ee	c.mv	x7,x27	  x0:0x00000000 x27:0x00000002  x7=0x00000002
       14245000	      1325	8000332c	4d41	c.li	x26,16	 x26=0x00000010
       14255000	      1326	8000332e	01add363	bge	x27,x26,80003334	 x27:0x00000002 x26:0x00000010
       14265000	      1327	80003332	b56d	c.j	800031dc	
       14285000	      1329	800031dc	8d9e	c.mv	x27,x7	  x0:0x00000000  x7:0x00000002 x27=0x00000002
       14295000	      1330	800031de	85ee	c.mv	x11,x27	  x0:0x00000000 x27:0x00000002 x11=0x00000002
       14305000	      1331	800031e0	4581	c.li	x11,0	 x11=0x00000000
       14315000	      1332	800031e2	04bd8f63	beq	x27,x11,80003240	 x27:0x00000002 x11:0x00000000
       14325000	      1333	800031e6	4585	c.li	x11,1	 x11=0x00000001
       14335000	      1334	800031e8	06bd8163	beq	x27,x11,8000324a	 x27:0x00000002 x11:0x00000001
       14345000	      1335	800031ec	4589	c.li	x11,2	 x11=0x00000002
       14355000	      1336	800031ee	06bd8363	beq	x27,x11,80003254	 x27:0x00000002 x11:0x00000002
       14375000	      1338	80003254	3b202d73	csrrs	x26,pmpaddr2,x0	  x0:0x00000000 x26=0x288895b7
       14385000	      1339	80003258	3a002c73	csrrs	x24,pmpcfg0,x0	  x0:0x00000000 x24=0x0f0f0f0f
       14395000	      1340	8000325c	a051	c.j	800032e0	
       14415000	      1342	800032e0	4411	c.li	x8,4	  x8=0x00000004
       14425000	      1343	800032e2	01e39d93	slli	x27,x7,0x1e	  x7:0x00000002 x27=0x80000000
       14435000	      1344	800032e6	01eddd93	srli	x27,x27,0x1e	 x27:0x80000000 x27=0x00000002
       14445000	      1345	800032ea	41b405b3	sub	x11,x8,x27	  x8:0x00000004 x27:0x00000002 x11=0x00000002
       14455000	      1346	800032ee	15fd	c.addi	x11,-1	 x11:0x00000002 x11=0x00000001
       14465000	      1347	800032f0	058e	c.slli	x11,0x3	 x11:0x00000001 x11=0x00000008
       14475000	      1348	800032f2	00bc1433	sll	x8,x24,x11	 x24:0x0f0f0f0f x11:0x00000008  x8=0x0f0f0f00
       14485000	      1349	800032f6	0d8e	c.slli	x27,0x3	 x27:0x00000002 x27=0x00000010
       14495000	      1350	800032f8	95ee	c.add	x11,x27	 x11:0x00000008 x27:0x00000010 x11=0x00000018
       14505000	      1351	800032fa	00b45433	srl	x8,x8,x11	  x8:0x0f0f0f00 x11:0x00000018  x8=0x0000000f
       14515000	      1352	800032fe	01b41593	slli	x11,x8,0x1b	  x8:0x0000000f x11=0x78000000
       14525000	      1353	80003302	81f9	c.srli	x11,0x1e	 x11:0x78000000 x11=0x00000001
       14535000	      1354	80003304	c5a1	c.beqz	x11,8000334c	 x11:0x00000001
       14545000	      1355	80003306	4d85	c.li	x27,1	 x27=0x00000001
       14555000	      1356	80003308	05b58363	beq	x11,x27,8000334e	 x11:0x00000001 x27:0x00000001
       14575000	      1358	8000334e	8d9e	c.mv	x27,x7	  x0:0x00000000  x7:0x00000002 x27=0x00000002
       14585000	      1359	80003350	343025f3	csrrs	x11,mtval,x0	  x0:0x00000000 x11=0xfd1d40aa
       14595000	      1360	80003354	8189	c.srli	x11,0x2	 x11:0xfd1d40aa x11=0x3f47502a
       14605000	      1361	80003356	000d9563	bne	x27,x0,80003360	 x27:0x00000002  x0:0x00000000
       14625000	      1363	80003360	fdc5e2e3	bltu	x11,x28,80003324	 x11:0x3f47502a x28:0x24445173
       14635000	      1364	80003364	fda5f0e3	bgeu	x11,x26,80003324	 x11:0x3f47502a x26:0x288895b7
       14655000	      1366	80003324	8d9e	c.mv	x27,x7	  x0:0x00000000  x7:0x00000002 x27=0x00000002
       14665000	      1367	80003326	8e6a	c.mv	x28,x26	  x0:0x00000000 x26:0x288895b7 x28=0x288895b7
       14675000	      1368	80003328	0d85	c.addi	x27,1	 x27:0x00000002 x27=0x00000003
       14685000	      1369	8000332a	83ee	c.mv	x7,x27	  x0:0x00000000 x27:0x00000003  x7=0x00000003
       14695000	      1370	8000332c	4d41	c.li	x26,16	 x26=0x00000010
       14705000	      1371	8000332e	01add363	bge	x27,x26,80003334	 x27:0x00000003 x26:0x00000010
       14715000	      1372	80003332	b56d	c.j	800031dc	
       14735000	      1374	800031dc	8d9e	c.mv	x27,x7	  x0:0x00000000  x7:0x00000003 x27=0x00000003
       14745000	      1375	800031de	85ee	c.mv	x11,x27	  x0:0x00000000 x27:0x00000003 x11=0x00000003
       14755000	      1376	800031e0	4581	c.li	x11,0	 x11=0x00000000
       14765000	      1377	800031e2	04bd8f63	beq	x27,x11,80003240	 x27:0x00000003 x11:0x00000000
       14775000	      1378	800031e6	4585	c.li	x11,1	 x11=0x00000001
       14785000	      1379	800031e8	06bd8163	beq	x27,x11,8000324a	 x27:0x00000003 x11:0x00000001
       14795000	      1380	800031ec	4589	c.li	x11,2	 x11=0x00000002
       14805000	      1381	800031ee	06bd8363	beq	x27,x11,80003254	 x27:0x00000003 x11:0x00000002
       14815000	      1382	800031f2	458d	c.li	x11,3	 x11=0x00000003
       14825000	      1383	800031f4	06bd8563	beq	x27,x11,8000325e	 x27:0x00000003 x11:0x00000003
       14855000	      1386	8000325e	3b302d73	csrrs	x26,pmpaddr3,x0	  x0:0x00000000 x26=0x2cccd9fb
       14865000	      1387	80003262	3a002c73	csrrs	x24,pmpcfg0,x0	  x0:0x00000000 x24=0x0f0f0f0f
       14875000	      1388	80003266	a8ad	c.j	800032e0	
       14895000	      1390	800032e0	4411	c.li	x8,4	  x8=0x00000004
       14905000	      1391	800032e2	01e39d93	slli	x27,x7,0x1e	  x7:0x00000003 x27=0xc0000000
       14915000	      1392	800032e6	01eddd93	srli	x27,x27,0x1e	 x27:0xc0000000 x27=0x00000003
       14925000	      1393	800032ea	41b405b3	sub	x11,x8,x27	  x8:0x00000004 x27:0x00000003 x11=0x00000001
       14935000	      1394	800032ee	15fd	c.addi	x11,-1	 x11:0x00000001 x11=0x00000000
       14945000	      1395	800032f0	058e	c.slli	x11,0x3	 x11:0x00000000 x11=0x00000000
       14955000	      1396	800032f2	00bc1433	sll	x8,x24,x11	 x24:0x0f0f0f0f x11:0x00000000  x8=0x0f0f0f0f
       14965000	      1397	800032f6	0d8e	c.slli	x27,0x3	 x27:0x00000003 x27=0x00000018
       14975000	      1398	800032f8	95ee	c.add	x11,x27	 x11:0x00000000 x27:0x00000018 x11=0x00000018
       14985000	      1399	800032fa	00b45433	srl	x8,x8,x11	  x8:0x0f0f0f0f x11:0x00000018  x8=0x0000000f
       14995000	      1400	800032fe	01b41593	slli	x11,x8,0x1b	  x8:0x0000000f x11=0x78000000
       15005000	      1401	80003302	81f9	c.srli	x11,0x1e	 x11:0x78000000 x11=0x00000001
       15015000	      1402	80003304	c5a1	c.beqz	x11,8000334c	 x11:0x00000001
       15025000	      1403	80003306	4d85	c.li	x27,1	 x27=0x00000001
       15035000	      1404	80003308	05b58363	beq	x11,x27,8000334e	 x11:0x00000001 x27:0x00000001
       15055000	      1406	8000334e	8d9e	c.mv	x27,x7	  x0:0x00000000  x7:0x00000003 x27=0x00000003
       15065000	      1407	80003350	343025f3	csrrs	x11,mtval,x0	  x0:0x00000000 x11=0xfd1d40aa
       15075000	      1408	80003354	8189	c.srli	x11,0x2	 x11:0xfd1d40aa x11=0x3f47502a
       15085000	      1409	80003356	000d9563	bne	x27,x0,80003360	 x27:0x00000003  x0:0x00000000
       15105000	      1411	80003360	fdc5e2e3	bltu	x11,x28,80003324	 x11:0x3f47502a x28:0x288895b7
       15115000	      1412	80003364	fda5f0e3	bgeu	x11,x26,80003324	 x11:0x3f47502a x26:0x2cccd9fb
       15135000	      1414	80003324	8d9e	c.mv	x27,x7	  x0:0x00000000  x7:0x00000003 x27=0x00000003
       15145000	      1415	80003326	8e6a	c.mv	x28,x26	  x0:0x00000000 x26:0x2cccd9fb x28=0x2cccd9fb
       15155000	      1416	80003328	0d85	c.addi	x27,1	 x27:0x00000003 x27=0x00000004
       15165000	      1417	8000332a	83ee	c.mv	x7,x27	  x0:0x00000000 x27:0x00000004  x7=0x00000004
       15175000	      1418	8000332c	4d41	c.li	x26,16	 x26=0x00000010
       15185000	      1419	8000332e	01add363	bge	x27,x26,80003334	 x27:0x00000004 x26:0x00000010
       15195000	      1420	80003332	b56d	c.j	800031dc	
       15215000	      1422	800031dc	8d9e	c.mv	x27,x7	  x0:0x00000000  x7:0x00000004 x27=0x00000004
       15225000	      1423	800031de	85ee	c.mv	x11,x27	  x0:0x00000000 x27:0x00000004 x11=0x00000004
       15235000	      1424	800031e0	4581	c.li	x11,0	 x11=0x00000000
       15245000	      1425	800031e2	04bd8f63	beq	x27,x11,80003240	 x27:0x00000004 x11:0x00000000
       15255000	      1426	800031e6	4585	c.li	x11,1	 x11=0x00000001
       15265000	      1427	800031e8	06bd8163	beq	x27,x11,8000324a	 x27:0x00000004 x11:0x00000001
       15275000	      1428	800031ec	4589	c.li	x11,2	 x11=0x00000002
       15285000	      1429	800031ee	06bd8363	beq	x27,x11,80003254	 x27:0x00000004 x11:0x00000002
       15295000	      1430	800031f2	458d	c.li	x11,3	 x11=0x00000003
       15305000	      1431	800031f4	06bd8563	beq	x27,x11,8000325e	 x27:0x00000004 x11:0x00000003
       15315000	      1432	800031f8	4591	c.li	x11,4	 x11=0x00000004
       15325000	      1433	800031fa	06bd8763	beq	x27,x11,80003268	 x27:0x00000004 x11:0x00000004
       15345000	      1435	80003268	3b402d73	csrrs	x26,pmpaddr4,x0	  x0:0x00000000 x26=0x31111e40
       15355000	      1436	8000326c	3a102c73	csrrs	x24,pmpcfg1,x0	  x0:0x00000000 x24=0x0f0f0f0f
       15365000	      1437	80003270	a885	c.j	800032e0	
       15385000	      1439	800032e0	4411	c.li	x8,4	  x8=0x00000004
       15395000	      1440	800032e2	01e39d93	slli	x27,x7,0x1e	  x7:0x00000004 x27=0x00000000
       15405000	      1441	800032e6	01eddd93	srli	x27,x27,0x1e	 x27:0x00000000 x27=0x00000000
       15415000	      1442	800032ea	41b405b3	sub	x11,x8,x27	  x8:0x00000004 x27:0x00000000 x11=0x00000004
       15425000	      1443	800032ee	15fd	c.addi	x11,-1	 x11:0x00000004 x11=0x00000003
       15435000	      1444	800032f0	058e	c.slli	x11,0x3	 x11:0x00000003 x11=0x00000018
       15445000	      1445	800032f2	00bc1433	sll	x8,x24,x11	 x24:0x0f0f0f0f x11:0x00000018  x8=0x0f000000
       15455000	      1446	800032f6	0d8e	c.slli	x27,0x3	 x27:0x00000000 x27=0x00000000
       15465000	      1447	800032f8	95ee	c.add	x11,x27	 x11:0x00000018 x27:0x00000000 x11=0x00000018
       15475000	      1448	800032fa	00b45433	srl	x8,x8,x11	  x8:0x0f000000 x11:0x00000018  x8=0x0000000f
       15485000	      1449	800032fe	01b41593	slli	x11,x8,0x1b	  x8:0x0000000f x11=0x78000000
       15495000	      1450	80003302	81f9	c.srli	x11,0x1e	 x11:0x78000000 x11=0x00000001
       15505000	      1451	80003304	c5a1	c.beqz	x11,8000334c	 x11:0x00000001
       15515000	      1452	80003306	4d85	c.li	x27,1	 x27=0x00000001
       15525000	      1453	80003308	05b58363	beq	x11,x27,8000334e	 x11:0x00000001 x27:0x00000001
       15545000	      1455	8000334e	8d9e	c.mv	x27,x7	  x0:0x00000000  x7:0x00000004 x27=0x00000004
       15555000	      1456	80003350	343025f3	csrrs	x11,mtval,x0	  x0:0x00000000 x11=0xfd1d40aa
       15565000	      1457	80003354	8189	c.srli	x11,0x2	 x11:0xfd1d40aa x11=0x3f47502a
       15575000	      1458	80003356	000d9563	bne	x27,x0,80003360	 x27:0x00000004  x0:0x00000000
       15595000	      1460	80003360	fdc5e2e3	bltu	x11,x28,80003324	 x11:0x3f47502a x28:0x2cccd9fb
       15605000	      1461	80003364	fda5f0e3	bgeu	x11,x26,80003324	 x11:0x3f47502a x26:0x31111e40
       15625000	      1463	80003324	8d9e	c.mv	x27,x7	  x0:0x00000000  x7:0x00000004 x27=0x00000004
       15635000	      1464	80003326	8e6a	c.mv	x28,x26	  x0:0x00000000 x26:0x31111e40 x28=0x31111e40
       15645000	      1465	80003328	0d85	c.addi	x27,1	 x27:0x00000004 x27=0x00000005
       15655000	      1466	8000332a	83ee	c.mv	x7,x27	  x0:0x00000000 x27:0x00000005  x7=0x00000005
       15665000	      1467	8000332c	4d41	c.li	x26,16	 x26=0x00000010
       15675000	      1468	8000332e	01add363	bge	x27,x26,80003334	 x27:0x00000005 x26:0x00000010
       15685000	      1469	80003332	b56d	c.j	800031dc	
       15705000	      1471	800031dc	8d9e	c.mv	x27,x7	  x0:0x00000000  x7:0x00000005 x27=0x00000005
       15715000	      1472	800031de	85ee	c.mv	x11,x27	  x0:0x00000000 x27:0x00000005 x11=0x00000005
       15725000	      1473	800031e0	4581	c.li	x11,0	 x11=0x00000000
       15735000	      1474	800031e2	04bd8f63	beq	x27,x11,80003240	 x27:0x00000005 x11:0x00000000
       15745000	      1475	800031e6	4585	c.li	x11,1	 x11=0x00000001
       15755000	      1476	800031e8	06bd8163	beq	x27,x11,8000324a	 x27:0x00000005 x11:0x00000001
       15765000	      1477	800031ec	4589	c.li	x11,2	 x11=0x00000002
       15775000	      1478	800031ee	06bd8363	beq	x27,x11,80003254	 x27:0x00000005 x11:0x00000002
       15785000	      1479	800031f2	458d	c.li	x11,3	 x11=0x00000003
       15795000	      1480	800031f4	06bd8563	beq	x27,x11,8000325e	 x27:0x00000005 x11:0x00000003
       15805000	      1481	800031f8	4591	c.li	x11,4	 x11=0x00000004
       15815000	      1482	800031fa	06bd8763	beq	x27,x11,80003268	 x27:0x00000005 x11:0x00000004
       15825000	      1483	800031fe	4595	c.li	x11,5	 x11=0x00000005
       15835000	      1484	80003200	06bd8963	beq	x27,x11,80003272	 x27:0x00000005 x11:0x00000005
       15865000	      1487	80003272	3b502d73	csrrs	x26,pmpaddr5,x0	  x0:0x00000000 x26=0x35556284
       15875000	      1488	80003276	3a102c73	csrrs	x24,pmpcfg1,x0	  x0:0x00000000 x24=0x0f0f0f0f
       15885000	      1489	8000327a	a09d	c.j	800032e0	
       15905000	      1491	800032e0	4411	c.li	x8,4	  x8=0x00000004
       15915000	      1492	800032e2	01e39d93	slli	x27,x7,0x1e	  x7:0x00000005 x27=0x40000000
       15925000	      1493	800032e6	01eddd93	srli	x27,x27,0x1e	 x27:0x40000000 x27=0x00000001
       15935000	      1494	800032ea	41b405b3	sub	x11,x8,x27	  x8:0x00000004 x27:0x00000001 x11=0x00000003
       15945000	      1495	800032ee	15fd	c.addi	x11,-1	 x11:0x00000003 x11=0x00000002
       15955000	      1496	800032f0	058e	c.slli	x11,0x3	 x11:0x00000002 x11=0x00000010
       15965000	      1497	800032f2	00bc1433	sll	x8,x24,x11	 x24:0x0f0f0f0f x11:0x00000010  x8=0x0f0f0000
       15975000	      1498	800032f6	0d8e	c.slli	x27,0x3	 x27:0x00000001 x27=0x00000008
       15985000	      1499	800032f8	95ee	c.add	x11,x27	 x11:0x00000010 x27:0x00000008 x11=0x00000018
       15995000	      1500	800032fa	00b45433	srl	x8,x8,x11	  x8:0x0f0f0000 x11:0x00000018  x8=0x0000000f
       16005000	      1501	800032fe	01b41593	slli	x11,x8,0x1b	  x8:0x0000000f x11=0x78000000
       16015000	      1502	80003302	81f9	c.srli	x11,0x1e	 x11:0x78000000 x11=0x00000001
       16025000	      1503	80003304	c5a1	c.beqz	x11,8000334c	 x11:0x00000001
       16035000	      1504	80003306	4d85	c.li	x27,1	 x27=0x00000001
       16045000	      1505	80003308	05b58363	beq	x11,x27,8000334e	 x11:0x00000001 x27:0x00000001
       16065000	      1507	8000334e	8d9e	c.mv	x27,x7	  x0:0x00000000  x7:0x00000005 x27=0x00000005
       16075000	      1508	80003350	343025f3	csrrs	x11,mtval,x0	  x0:0x00000000 x11=0xfd1d40aa
       16085000	      1509	80003354	8189	c.srli	x11,0x2	 x11:0xfd1d40aa x11=0x3f47502a
       16095000	      1510	80003356	000d9563	bne	x27,x0,80003360	 x27:0x00000005  x0:0x00000000
       16115000	      1512	80003360	fdc5e2e3	bltu	x11,x28,80003324	 x11:0x3f47502a x28:0x31111e40
       16125000	      1513	80003364	fda5f0e3	bgeu	x11,x26,80003324	 x11:0x3f47502a x26:0x35556284
       16145000	      1515	80003324	8d9e	c.mv	x27,x7	  x0:0x00000000  x7:0x00000005 x27=0x00000005
       16155000	      1516	80003326	8e6a	c.mv	x28,x26	  x0:0x00000000 x26:0x35556284 x28=0x35556284
       16165000	      1517	80003328	0d85	c.addi	x27,1	 x27:0x00000005 x27=0x00000006
       16175000	      1518	8000332a	83ee	c.mv	x7,x27	  x0:0x00000000 x27:0x00000006  x7=0x00000006
       16185000	      1519	8000332c	4d41	c.li	x26,16	 x26=0x00000010
       16195000	      1520	8000332e	01add363	bge	x27,x26,80003334	 x27:0x00000006 x26:0x00000010
       16205000	      1521	80003332	b56d	c.j	800031dc	
       16225000	      1523	800031dc	8d9e	c.mv	x27,x7	  x0:0x00000000  x7:0x00000006 x27=0x00000006
       16235000	      1524	800031de	85ee	c.mv	x11,x27	  x0:0x00000000 x27:0x00000006 x11=0x00000006
       16245000	      1525	800031e0	4581	c.li	x11,0	 x11=0x00000000
       16255000	      1526	800031e2	04bd8f63	beq	x27,x11,80003240	 x27:0x00000006 x11:0x00000000
       16265000	      1527	800031e6	4585	c.li	x11,1	 x11=0x00000001
       16275000	      1528	800031e8	06bd8163	beq	x27,x11,8000324a	 x27:0x00000006 x11:0x00000001
       16285000	      1529	800031ec	4589	c.li	x11,2	 x11=0x00000002
       16295000	      1530	800031ee	06bd8363	beq	x27,x11,80003254	 x27:0x00000006 x11:0x00000002
       16305000	      1531	800031f2	458d	c.li	x11,3	 x11=0x00000003
       16315000	      1532	800031f4	06bd8563	beq	x27,x11,8000325e	 x27:0x00000006 x11:0x00000003
       16325000	      1533	800031f8	4591	c.li	x11,4	 x11=0x00000004
       16335000	      1534	800031fa	06bd8763	beq	x27,x11,80003268	 x27:0x00000006 x11:0x00000004
       16345000	      1535	800031fe	4595	c.li	x11,5	 x11=0x00000005
       16355000	      1536	80003200	06bd8963	beq	x27,x11,80003272	 x27:0x00000006 x11:0x00000005
       16365000	      1537	80003204	4599	c.li	x11,6	 x11=0x00000006
       16375000	      1538	80003206	06bd8b63	beq	x27,x11,8000327c	 x27:0x00000006 x11:0x00000006
       16395000	      1540	8000327c	3b602d73	csrrs	x26,pmpaddr6,x0	  x0:0x00000000 x26=0x3999a6c8
       16405000	      1541	80003280	3a102c73	csrrs	x24,pmpcfg1,x0	  x0:0x00000000 x24=0x0f0f0f0f
       16415000	      1542	80003284	a8b1	c.j	800032e0	
       16435000	      1544	800032e0	4411	c.li	x8,4	  x8=0x00000004
       16445000	      1545	800032e2	01e39d93	slli	x27,x7,0x1e	  x7:0x00000006 x27=0x80000000
       16455000	      1546	800032e6	01eddd93	srli	x27,x27,0x1e	 x27:0x80000000 x27=0x00000002
       16465000	      1547	800032ea	41b405b3	sub	x11,x8,x27	  x8:0x00000004 x27:0x00000002 x11=0x00000002
       16475000	      1548	800032ee	15fd	c.addi	x11,-1	 x11:0x00000002 x11=0x00000001
       16485000	      1549	800032f0	058e	c.slli	x11,0x3	 x11:0x00000001 x11=0x00000008
       16495000	      1550	800032f2	00bc1433	sll	x8,x24,x11	 x24:0x0f0f0f0f x11:0x00000008  x8=0x0f0f0f00
       16505000	      1551	800032f6	0d8e	c.slli	x27,0x3	 x27:0x00000002 x27=0x00000010
       16515000	      1552	800032f8	95ee	c.add	x11,x27	 x11:0x00000008 x27:0x00000010 x11=0x00000018
       16525000	      1553	800032fa	00b45433	srl	x8,x8,x11	  x8:0x0f0f0f00 x11:0x00000018  x8=0x0000000f
       16535000	      1554	800032fe	01b41593	slli	x11,x8,0x1b	  x8:0x0000000f x11=0x78000000
       16545000	      1555	80003302	81f9	c.srli	x11,0x1e	 x11:0x78000000 x11=0x00000001
       16555000	      1556	80003304	c5a1	c.beqz	x11,8000334c	 x11:0x00000001
       16565000	      1557	80003306	4d85	c.li	x27,1	 x27=0x00000001
       16575000	      1558	80003308	05b58363	beq	x11,x27,8000334e	 x11:0x00000001 x27:0x00000001
       16595000	      1560	8000334e	8d9e	c.mv	x27,x7	  x0:0x00000000  x7:0x00000006 x27=0x00000006
       16605000	      1561	80003350	343025f3	csrrs	x11,mtval,x0	  x0:0x00000000 x11=0xfd1d40aa
       16615000	      1562	80003354	8189	c.srli	x11,0x2	 x11:0xfd1d40aa x11=0x3f47502a
       16625000	      1563	80003356	000d9563	bne	x27,x0,80003360	 x27:0x00000006  x0:0x00000000
       16645000	      1565	80003360	fdc5e2e3	bltu	x11,x28,80003324	 x11:0x3f47502a x28:0x35556284
       16655000	      1566	80003364	fda5f0e3	bgeu	x11,x26,80003324	 x11:0x3f47502a x26:0x3999a6c8
       16675000	      1568	80003324	8d9e	c.mv	x27,x7	  x0:0x00000000  x7:0x00000006 x27=0x00000006
       16685000	      1569	80003326	8e6a	c.mv	x28,x26	  x0:0x00000000 x26:0x3999a6c8 x28=0x3999a6c8
       16695000	      1570	80003328	0d85	c.addi	x27,1	 x27:0x00000006 x27=0x00000007
       16705000	      1571	8000332a	83ee	c.mv	x7,x27	  x0:0x00000000 x27:0x00000007  x7=0x00000007
       16715000	      1572	8000332c	4d41	c.li	x26,16	 x26=0x00000010
       16725000	      1573	8000332e	01add363	bge	x27,x26,80003334	 x27:0x00000007 x26:0x00000010
       16735000	      1574	80003332	b56d	c.j	800031dc	
       16755000	      1576	800031dc	8d9e	c.mv	x27,x7	  x0:0x00000000  x7:0x00000007 x27=0x00000007
       16765000	      1577	800031de	85ee	c.mv	x11,x27	  x0:0x00000000 x27:0x00000007 x11=0x00000007
       16775000	      1578	800031e0	4581	c.li	x11,0	 x11=0x00000000
       16785000	      1579	800031e2	04bd8f63	beq	x27,x11,80003240	 x27:0x00000007 x11:0x00000000
       16795000	      1580	800031e6	4585	c.li	x11,1	 x11=0x00000001
       16805000	      1581	800031e8	06bd8163	beq	x27,x11,8000324a	 x27:0x00000007 x11:0x00000001
       16815000	      1582	800031ec	4589	c.li	x11,2	 x11=0x00000002
       16825000	      1583	800031ee	06bd8363	beq	x27,x11,80003254	 x27:0x00000007 x11:0x00000002
       16835000	      1584	800031f2	458d	c.li	x11,3	 x11=0x00000003
       16845000	      1585	800031f4	06bd8563	beq	x27,x11,8000325e	 x27:0x00000007 x11:0x00000003
       16855000	      1586	800031f8	4591	c.li	x11,4	 x11=0x00000004
       16865000	      1587	800031fa	06bd8763	beq	x27,x11,80003268	 x27:0x00000007 x11:0x00000004
       16875000	      1588	800031fe	4595	c.li	x11,5	 x11=0x00000005
       16885000	      1589	80003200	06bd8963	beq	x27,x11,80003272	 x27:0x00000007 x11:0x00000005
       16895000	      1590	80003204	4599	c.li	x11,6	 x11=0x00000006
       16905000	      1591	80003206	06bd8b63	beq	x27,x11,8000327c	 x27:0x00000007 x11:0x00000006
       16915000	      1592	8000320a	459d	c.li	x11,7	 x11=0x00000007
       16925000	      1593	8000320c	06bd8d63	beq	x27,x11,80003286	 x27:0x00000007 x11:0x00000007
       16955000	      1596	80003286	3b702d73	csrrs	x26,pmpaddr7,x0	  x0:0x00000000 x26=0x3dddeb0c
       16965000	      1597	8000328a	3a102c73	csrrs	x24,pmpcfg1,x0	  x0:0x00000000 x24=0x0f0f0f0f
       16975000	      1598	8000328e	a889	c.j	800032e0	
       16995000	      1600	800032e0	4411	c.li	x8,4	  x8=0x00000004
       17005000	      1601	800032e2	01e39d93	slli	x27,x7,0x1e	  x7:0x00000007 x27=0xc0000000
       17015000	      1602	800032e6	01eddd93	srli	x27,x27,0x1e	 x27:0xc0000000 x27=0x00000003
       17025000	      1603	800032ea	41b405b3	sub	x11,x8,x27	  x8:0x00000004 x27:0x00000003 x11=0x00000001
       17035000	      1604	800032ee	15fd	c.addi	x11,-1	 x11:0x00000001 x11=0x00000000
       17045000	      1605	800032f0	058e	c.slli	x11,0x3	 x11:0x00000000 x11=0x00000000
       17055000	      1606	800032f2	00bc1433	sll	x8,x24,x11	 x24:0x0f0f0f0f x11:0x00000000  x8=0x0f0f0f0f
       17065000	      1607	800032f6	0d8e	c.slli	x27,0x3	 x27:0x00000003 x27=0x00000018
       17075000	      1608	800032f8	95ee	c.add	x11,x27	 x11:0x00000000 x27:0x00000018 x11=0x00000018
       17085000	      1609	800032fa	00b45433	srl	x8,x8,x11	  x8:0x0f0f0f0f x11:0x00000018  x8=0x0000000f
       17095000	      1610	800032fe	01b41593	slli	x11,x8,0x1b	  x8:0x0000000f x11=0x78000000
       17105000	      1611	80003302	81f9	c.srli	x11,0x1e	 x11:0x78000000 x11=0x00000001
       17115000	      1612	80003304	c5a1	c.beqz	x11,8000334c	 x11:0x00000001
       17125000	      1613	80003306	4d85	c.li	x27,1	 x27=0x00000001
       17135000	      1614	80003308	05b58363	beq	x11,x27,8000334e	 x11:0x00000001 x27:0x00000001
       17155000	      1616	8000334e	8d9e	c.mv	x27,x7	  x0:0x00000000  x7:0x00000007 x27=0x00000007
       17165000	      1617	80003350	343025f3	csrrs	x11,mtval,x0	  x0:0x00000000 x11=0xfd1d40aa
       17175000	      1618	80003354	8189	c.srli	x11,0x2	 x11:0xfd1d40aa x11=0x3f47502a
       17185000	      1619	80003356	000d9563	bne	x27,x0,80003360	 x27:0x00000007  x0:0x00000000
       17205000	      1621	80003360	fdc5e2e3	bltu	x11,x28,80003324	 x11:0x3f47502a x28:0x3999a6c8
       17215000	      1622	80003364	fda5f0e3	bgeu	x11,x26,80003324	 x11:0x3f47502a x26:0x3dddeb0c
       17235000	      1624	80003324	8d9e	c.mv	x27,x7	  x0:0x00000000  x7:0x00000007 x27=0x00000007
       17245000	      1625	80003326	8e6a	c.mv	x28,x26	  x0:0x00000000 x26:0x3dddeb0c x28=0x3dddeb0c
       17255000	      1626	80003328	0d85	c.addi	x27,1	 x27:0x00000007 x27=0x00000008
       17265000	      1627	8000332a	83ee	c.mv	x7,x27	  x0:0x00000000 x27:0x00000008  x7=0x00000008
       17275000	      1628	8000332c	4d41	c.li	x26,16	 x26=0x00000010
       17285000	      1629	8000332e	01add363	bge	x27,x26,80003334	 x27:0x00000008 x26:0x00000010
       17295000	      1630	80003332	b56d	c.j	800031dc	
       17315000	      1632	800031dc	8d9e	c.mv	x27,x7	  x0:0x00000000  x7:0x00000008 x27=0x00000008
       17325000	      1633	800031de	85ee	c.mv	x11,x27	  x0:0x00000000 x27:0x00000008 x11=0x00000008
       17335000	      1634	800031e0	4581	c.li	x11,0	 x11=0x00000000
       17345000	      1635	800031e2	04bd8f63	beq	x27,x11,80003240	 x27:0x00000008 x11:0x00000000
       17355000	      1636	800031e6	4585	c.li	x11,1	 x11=0x00000001
       17365000	      1637	800031e8	06bd8163	beq	x27,x11,8000324a	 x27:0x00000008 x11:0x00000001
       17375000	      1638	800031ec	4589	c.li	x11,2	 x11=0x00000002
       17385000	      1639	800031ee	06bd8363	beq	x27,x11,80003254	 x27:0x00000008 x11:0x00000002
       17395000	      1640	800031f2	458d	c.li	x11,3	 x11=0x00000003
       17405000	      1641	800031f4	06bd8563	beq	x27,x11,8000325e	 x27:0x00000008 x11:0x00000003
       17415000	      1642	800031f8	4591	c.li	x11,4	 x11=0x00000004
       17425000	      1643	800031fa	06bd8763	beq	x27,x11,80003268	 x27:0x00000008 x11:0x00000004
       17435000	      1644	800031fe	4595	c.li	x11,5	 x11=0x00000005
       17445000	      1645	80003200	06bd8963	beq	x27,x11,80003272	 x27:0x00000008 x11:0x00000005
       17455000	      1646	80003204	4599	c.li	x11,6	 x11=0x00000006
       17465000	      1647	80003206	06bd8b63	beq	x27,x11,8000327c	 x27:0x00000008 x11:0x00000006
       17475000	      1648	8000320a	459d	c.li	x11,7	 x11=0x00000007
       17485000	      1649	8000320c	06bd8d63	beq	x27,x11,80003286	 x27:0x00000008 x11:0x00000007
       17495000	      1650	80003210	45a1	c.li	x11,8	 x11=0x00000008
       17505000	      1651	80003212	06bd8f63	beq	x27,x11,80003290	 x27:0x00000008 x11:0x00000008
       17525000	      1653	80003290	3b802d73	csrrs	x26,pmpaddr8,x0	  x0:0x00000000 x26=0x02222f51
       17535000	      1654	80003294	3a202c73	csrrs	x24,pmpcfg2,x0	  x0:0x00000000 x24=0x0f0f0f0f
       17545000	      1655	80003298	a0a1	c.j	800032e0	
       17565000	      1657	800032e0	4411	c.li	x8,4	  x8=0x00000004
       17575000	      1658	800032e2	01e39d93	slli	x27,x7,0x1e	  x7:0x00000008 x27=0x00000000
       17585000	      1659	800032e6	01eddd93	srli	x27,x27,0x1e	 x27:0x00000000 x27=0x00000000
       17595000	      1660	800032ea	41b405b3	sub	x11,x8,x27	  x8:0x00000004 x27:0x00000000 x11=0x00000004
       17605000	      1661	800032ee	15fd	c.addi	x11,-1	 x11:0x00000004 x11=0x00000003
       17615000	      1662	800032f0	058e	c.slli	x11,0x3	 x11:0x00000003 x11=0x00000018
       17625000	      1663	800032f2	00bc1433	sll	x8,x24,x11	 x24:0x0f0f0f0f x11:0x00000018  x8=0x0f000000
       17635000	      1664	800032f6	0d8e	c.slli	x27,0x3	 x27:0x00000000 x27=0x00000000
       17645000	      1665	800032f8	95ee	c.add	x11,x27	 x11:0x00000018 x27:0x00000000 x11=0x00000018
       17655000	      1666	800032fa	00b45433	srl	x8,x8,x11	  x8:0x0f000000 x11:0x00000018  x8=0x0000000f
       17665000	      1667	800032fe	01b41593	slli	x11,x8,0x1b	  x8:0x0000000f x11=0x78000000
       17675000	      1668	80003302	81f9	c.srli	x11,0x1e	 x11:0x78000000 x11=0x00000001
       17685000	      1669	80003304	c5a1	c.beqz	x11,8000334c	 x11:0x00000001
       17695000	      1670	80003306	4d85	c.li	x27,1	 x27=0x00000001
       17705000	      1671	80003308	05b58363	beq	x11,x27,8000334e	 x11:0x00000001 x27:0x00000001
       17725000	      1673	8000334e	8d9e	c.mv	x27,x7	  x0:0x00000000  x7:0x00000008 x27=0x00000008
       17735000	      1674	80003350	343025f3	csrrs	x11,mtval,x0	  x0:0x00000000 x11=0xfd1d40aa
       17745000	      1675	80003354	8189	c.srli	x11,0x2	 x11:0xfd1d40aa x11=0x3f47502a
       17755000	      1676	80003356	000d9563	bne	x27,x0,80003360	 x27:0x00000008  x0:0x00000000
       17775000	      1678	80003360	fdc5e2e3	bltu	x11,x28,80003324	 x11:0x3f47502a x28:0x3dddeb0c
       17785000	      1679	80003364	fda5f0e3	bgeu	x11,x26,80003324	 x11:0x3f47502a x26:0x02222f51
       17805000	      1681	80003324	8d9e	c.mv	x27,x7	  x0:0x00000000  x7:0x00000008 x27=0x00000008
       17815000	      1682	80003326	8e6a	c.mv	x28,x26	  x0:0x00000000 x26:0x02222f51 x28=0x02222f51
       17825000	      1683	80003328	0d85	c.addi	x27,1	 x27:0x00000008 x27=0x00000009
       17835000	      1684	8000332a	83ee	c.mv	x7,x27	  x0:0x00000000 x27:0x00000009  x7=0x00000009
       17845000	      1685	8000332c	4d41	c.li	x26,16	 x26=0x00000010
       17855000	      1686	8000332e	01add363	bge	x27,x26,80003334	 x27:0x00000009 x26:0x00000010
       17865000	      1687	80003332	b56d	c.j	800031dc	
       17885000	      1689	800031dc	8d9e	c.mv	x27,x7	  x0:0x00000000  x7:0x00000009 x27=0x00000009
       17895000	      1690	800031de	85ee	c.mv	x11,x27	  x0:0x00000000 x27:0x00000009 x11=0x00000009
       17905000	      1691	800031e0	4581	c.li	x11,0	 x11=0x00000000
       17915000	      1692	800031e2	04bd8f63	beq	x27,x11,80003240	 x27:0x00000009 x11:0x00000000
       17925000	      1693	800031e6	4585	c.li	x11,1	 x11=0x00000001
       17935000	      1694	800031e8	06bd8163	beq	x27,x11,8000324a	 x27:0x00000009 x11:0x00000001
       17945000	      1695	800031ec	4589	c.li	x11,2	 x11=0x00000002
       17955000	      1696	800031ee	06bd8363	beq	x27,x11,80003254	 x27:0x00000009 x11:0x00000002
       17965000	      1697	800031f2	458d	c.li	x11,3	 x11=0x00000003
       17975000	      1698	800031f4	06bd8563	beq	x27,x11,8000325e	 x27:0x00000009 x11:0x00000003
       17985000	      1699	800031f8	4591	c.li	x11,4	 x11=0x00000004
       17995000	      1700	800031fa	06bd8763	beq	x27,x11,80003268	 x27:0x00000009 x11:0x00000004
       18005000	      1701	800031fe	4595	c.li	x11,5	 x11=0x00000005
       18015000	      1702	80003200	06bd8963	beq	x27,x11,80003272	 x27:0x00000009 x11:0x00000005
       18025000	      1703	80003204	4599	c.li	x11,6	 x11=0x00000006
       18035000	      1704	80003206	06bd8b63	beq	x27,x11,8000327c	 x27:0x00000009 x11:0x00000006
       18045000	      1705	8000320a	459d	c.li	x11,7	 x11=0x00000007
       18055000	      1706	8000320c	06bd8d63	beq	x27,x11,80003286	 x27:0x00000009 x11:0x00000007
       18065000	      1707	80003210	45a1	c.li	x11,8	 x11=0x00000008
       18075000	      1708	80003212	06bd8f63	beq	x27,x11,80003290	 x27:0x00000009 x11:0x00000008
       18085000	      1709	80003216	45a5	c.li	x11,9	 x11=0x00000009
       18095000	      1710	80003218	08bd8163	beq	x27,x11,8000329a	 x27:0x00000009 x11:0x00000009
       18125000	      1713	8000329a	3b902d73	csrrs	x26,pmpaddr9,x0	  x0:0x00000000 x26=0x06667395
       18135000	      1714	8000329e	3a202c73	csrrs	x24,pmpcfg2,x0	  x0:0x00000000 x24=0x0f0f0f0f
       18145000	      1715	800032a2	a83d	c.j	800032e0	
       18165000	      1717	800032e0	4411	c.li	x8,4	  x8=0x00000004
       18175000	      1718	800032e2	01e39d93	slli	x27,x7,0x1e	  x7:0x00000009 x27=0x40000000
       18185000	      1719	800032e6	01eddd93	srli	x27,x27,0x1e	 x27:0x40000000 x27=0x00000001
       18195000	      1720	800032ea	41b405b3	sub	x11,x8,x27	  x8:0x00000004 x27:0x00000001 x11=0x00000003
       18205000	      1721	800032ee	15fd	c.addi	x11,-1	 x11:0x00000003 x11=0x00000002
       18215000	      1722	800032f0	058e	c.slli	x11,0x3	 x11:0x00000002 x11=0x00000010
       18225000	      1723	800032f2	00bc1433	sll	x8,x24,x11	 x24:0x0f0f0f0f x11:0x00000010  x8=0x0f0f0000
       18235000	      1724	800032f6	0d8e	c.slli	x27,0x3	 x27:0x00000001 x27=0x00000008
       18245000	      1725	800032f8	95ee	c.add	x11,x27	 x11:0x00000010 x27:0x00000008 x11=0x00000018
       18255000	      1726	800032fa	00b45433	srl	x8,x8,x11	  x8:0x0f0f0000 x11:0x00000018  x8=0x0000000f
       18265000	      1727	800032fe	01b41593	slli	x11,x8,0x1b	  x8:0x0000000f x11=0x78000000
       18275000	      1728	80003302	81f9	c.srli	x11,0x1e	 x11:0x78000000 x11=0x00000001
       18285000	      1729	80003304	c5a1	c.beqz	x11,8000334c	 x11:0x00000001
       18295000	      1730	80003306	4d85	c.li	x27,1	 x27=0x00000001
       18305000	      1731	80003308	05b58363	beq	x11,x27,8000334e	 x11:0x00000001 x27:0x00000001
       18325000	      1733	8000334e	8d9e	c.mv	x27,x7	  x0:0x00000000  x7:0x00000009 x27=0x00000009
       18335000	      1734	80003350	343025f3	csrrs	x11,mtval,x0	  x0:0x00000000 x11=0xfd1d40aa
       18345000	      1735	80003354	8189	c.srli	x11,0x2	 x11:0xfd1d40aa x11=0x3f47502a
       18355000	      1736	80003356	000d9563	bne	x27,x0,80003360	 x27:0x00000009  x0:0x00000000
       18375000	      1738	80003360	fdc5e2e3	bltu	x11,x28,80003324	 x11:0x3f47502a x28:0x02222f51
       18385000	      1739	80003364	fda5f0e3	bgeu	x11,x26,80003324	 x11:0x3f47502a x26:0x06667395
       18405000	      1741	80003324	8d9e	c.mv	x27,x7	  x0:0x00000000  x7:0x00000009 x27=0x00000009
       18415000	      1742	80003326	8e6a	c.mv	x28,x26	  x0:0x00000000 x26:0x06667395 x28=0x06667395
       18425000	      1743	80003328	0d85	c.addi	x27,1	 x27:0x00000009 x27=0x0000000a
       18435000	      1744	8000332a	83ee	c.mv	x7,x27	  x0:0x00000000 x27:0x0000000a  x7=0x0000000a
       18445000	      1745	8000332c	4d41	c.li	x26,16	 x26=0x00000010
       18455000	      1746	8000332e	01add363	bge	x27,x26,80003334	 x27:0x0000000a x26:0x00000010
       18465000	      1747	80003332	b56d	c.j	800031dc	
       18485000	      1749	800031dc	8d9e	c.mv	x27,x7	  x0:0x00000000  x7:0x0000000a x27=0x0000000a
       18495000	      1750	800031de	85ee	c.mv	x11,x27	  x0:0x00000000 x27:0x0000000a x11=0x0000000a
       18505000	      1751	800031e0	4581	c.li	x11,0	 x11=0x00000000
       18515000	      1752	800031e2	04bd8f63	beq	x27,x11,80003240	 x27:0x0000000a x11:0x00000000
       18525000	      1753	800031e6	4585	c.li	x11,1	 x11=0x00000001
       18535000	      1754	800031e8	06bd8163	beq	x27,x11,8000324a	 x27:0x0000000a x11:0x00000001
       18545000	      1755	800031ec	4589	c.li	x11,2	 x11=0x00000002
       18555000	      1756	800031ee	06bd8363	beq	x27,x11,80003254	 x27:0x0000000a x11:0x00000002
       18565000	      1757	800031f2	458d	c.li	x11,3	 x11=0x00000003
       18575000	      1758	800031f4	06bd8563	beq	x27,x11,8000325e	 x27:0x0000000a x11:0x00000003
       18585000	      1759	800031f8	4591	c.li	x11,4	 x11=0x00000004
       18595000	      1760	800031fa	06bd8763	beq	x27,x11,80003268	 x27:0x0000000a x11:0x00000004
       18605000	      1761	800031fe	4595	c.li	x11,5	 x11=0x00000005
       18615000	      1762	80003200	06bd8963	beq	x27,x11,80003272	 x27:0x0000000a x11:0x00000005
       18625000	      1763	80003204	4599	c.li	x11,6	 x11=0x00000006
       18635000	      1764	80003206	06bd8b63	beq	x27,x11,8000327c	 x27:0x0000000a x11:0x00000006
       18645000	      1765	8000320a	459d	c.li	x11,7	 x11=0x00000007
       18655000	      1766	8000320c	06bd8d63	beq	x27,x11,80003286	 x27:0x0000000a x11:0x00000007
       18665000	      1767	80003210	45a1	c.li	x11,8	 x11=0x00000008
       18675000	      1768	80003212	06bd8f63	beq	x27,x11,80003290	 x27:0x0000000a x11:0x00000008
       18685000	      1769	80003216	45a5	c.li	x11,9	 x11=0x00000009
       18695000	      1770	80003218	08bd8163	beq	x27,x11,8000329a	 x27:0x0000000a x11:0x00000009
       18705000	      1771	8000321c	45a9	c.li	x11,10	 x11=0x0000000a
       18715000	      1772	8000321e	08bd8363	beq	x27,x11,800032a4	 x27:0x0000000a x11:0x0000000a
       18735000	      1774	800032a4	3ba02d73	csrrs	x26,pmpaddr10,x0	  x0:0x00000000 x26=0x0aaab7d9
       18745000	      1775	800032a8	3a202c73	csrrs	x24,pmpcfg2,x0	  x0:0x00000000 x24=0x0f0f0f0f
       18755000	      1776	800032ac	a815	c.j	800032e0	
       18775000	      1778	800032e0	4411	c.li	x8,4	  x8=0x00000004
       18785000	      1779	800032e2	01e39d93	slli	x27,x7,0x1e	  x7:0x0000000a x27=0x80000000
       18795000	      1780	800032e6	01eddd93	srli	x27,x27,0x1e	 x27:0x80000000 x27=0x00000002
       18805000	      1781	800032ea	41b405b3	sub	x11,x8,x27	  x8:0x00000004 x27:0x00000002 x11=0x00000002
       18815000	      1782	800032ee	15fd	c.addi	x11,-1	 x11:0x00000002 x11=0x00000001
       18825000	      1783	800032f0	058e	c.slli	x11,0x3	 x11:0x00000001 x11=0x00000008
       18835000	      1784	800032f2	00bc1433	sll	x8,x24,x11	 x24:0x0f0f0f0f x11:0x00000008  x8=0x0f0f0f00
       18845000	      1785	800032f6	0d8e	c.slli	x27,0x3	 x27:0x00000002 x27=0x00000010
       18855000	      1786	800032f8	95ee	c.add	x11,x27	 x11:0x00000008 x27:0x00000010 x11=0x00000018
       18865000	      1787	800032fa	00b45433	srl	x8,x8,x11	  x8:0x0f0f0f00 x11:0x00000018  x8=0x0000000f
       18875000	      1788	800032fe	01b41593	slli	x11,x8,0x1b	  x8:0x0000000f x11=0x78000000
       18885000	      1789	80003302	81f9	c.srli	x11,0x1e	 x11:0x78000000 x11=0x00000001
       18895000	      1790	80003304	c5a1	c.beqz	x11,8000334c	 x11:0x00000001
       18905000	      1791	80003306	4d85	c.li	x27,1	 x27=0x00000001
       18915000	      1792	80003308	05b58363	beq	x11,x27,8000334e	 x11:0x00000001 x27:0x00000001
       18935000	      1794	8000334e	8d9e	c.mv	x27,x7	  x0:0x00000000  x7:0x0000000a x27=0x0000000a
       18945000	      1795	80003350	343025f3	csrrs	x11,mtval,x0	  x0:0x00000000 x11=0xfd1d40aa
       18955000	      1796	80003354	8189	c.srli	x11,0x2	 x11:0xfd1d40aa x11=0x3f47502a
       18965000	      1797	80003356	000d9563	bne	x27,x0,80003360	 x27:0x0000000a  x0:0x00000000
       18985000	      1799	80003360	fdc5e2e3	bltu	x11,x28,80003324	 x11:0x3f47502a x28:0x06667395
       18995000	      1800	80003364	fda5f0e3	bgeu	x11,x26,80003324	 x11:0x3f47502a x26:0x0aaab7d9
       19015000	      1802	80003324	8d9e	c.mv	x27,x7	  x0:0x00000000  x7:0x0000000a x27=0x0000000a
       19025000	      1803	80003326	8e6a	c.mv	x28,x26	  x0:0x00000000 x26:0x0aaab7d9 x28=0x0aaab7d9
       19035000	      1804	80003328	0d85	c.addi	x27,1	 x27:0x0000000a x27=0x0000000b
       19045000	      1805	8000332a	83ee	c.mv	x7,x27	  x0:0x00000000 x27:0x0000000b  x7=0x0000000b
       19055000	      1806	8000332c	4d41	c.li	x26,16	 x26=0x00000010
       19065000	      1807	8000332e	01add363	bge	x27,x26,80003334	 x27:0x0000000b x26:0x00000010
       19075000	      1808	80003332	b56d	c.j	800031dc	
       19095000	      1810	800031dc	8d9e	c.mv	x27,x7	  x0:0x00000000  x7:0x0000000b x27=0x0000000b
       19105000	      1811	800031de	85ee	c.mv	x11,x27	  x0:0x00000000 x27:0x0000000b x11=0x0000000b
       19115000	      1812	800031e0	4581	c.li	x11,0	 x11=0x00000000
       19125000	      1813	800031e2	04bd8f63	beq	x27,x11,80003240	 x27:0x0000000b x11:0x00000000
       19135000	      1814	800031e6	4585	c.li	x11,1	 x11=0x00000001
       19145000	      1815	800031e8	06bd8163	beq	x27,x11,8000324a	 x27:0x0000000b x11:0x00000001
       19155000	      1816	800031ec	4589	c.li	x11,2	 x11=0x00000002
       19165000	      1817	800031ee	06bd8363	beq	x27,x11,80003254	 x27:0x0000000b x11:0x00000002
       19175000	      1818	800031f2	458d	c.li	x11,3	 x11=0x00000003
       19185000	      1819	800031f4	06bd8563	beq	x27,x11,8000325e	 x27:0x0000000b x11:0x00000003
       19195000	      1820	800031f8	4591	c.li	x11,4	 x11=0x00000004
       19205000	      1821	800031fa	06bd8763	beq	x27,x11,80003268	 x27:0x0000000b x11:0x00000004
       19215000	      1822	800031fe	4595	c.li	x11,5	 x11=0x00000005
       19225000	      1823	80003200	06bd8963	beq	x27,x11,80003272	 x27:0x0000000b x11:0x00000005
       19235000	      1824	80003204	4599	c.li	x11,6	 x11=0x00000006
       19245000	      1825	80003206	06bd8b63	beq	x27,x11,8000327c	 x27:0x0000000b x11:0x00000006
       19255000	      1826	8000320a	459d	c.li	x11,7	 x11=0x00000007
       19265000	      1827	8000320c	06bd8d63	beq	x27,x11,80003286	 x27:0x0000000b x11:0x00000007
       19275000	      1828	80003210	45a1	c.li	x11,8	 x11=0x00000008
       19285000	      1829	80003212	06bd8f63	beq	x27,x11,80003290	 x27:0x0000000b x11:0x00000008
       19295000	      1830	80003216	45a5	c.li	x11,9	 x11=0x00000009
       19305000	      1831	80003218	08bd8163	beq	x27,x11,8000329a	 x27:0x0000000b x11:0x00000009
       19315000	      1832	8000321c	45a9	c.li	x11,10	 x11=0x0000000a
       19325000	      1833	8000321e	08bd8363	beq	x27,x11,800032a4	 x27:0x0000000b x11:0x0000000a
       19335000	      1834	80003222	45ad	c.li	x11,11	 x11=0x0000000b
       19345000	      1835	80003224	08bd8563	beq	x27,x11,800032ae	 x27:0x0000000b x11:0x0000000b
       19375000	      1838	800032ae	3bb02d73	csrrs	x26,pmpaddr11,x0	  x0:0x00000000 x26=0x0eeefc1d
       19385000	      1839	800032b2	3a202c73	csrrs	x24,pmpcfg2,x0	  x0:0x00000000 x24=0x0f0f0f0f
       19395000	      1840	800032b6	a02d	c.j	800032e0	
       19415000	      1842	800032e0	4411	c.li	x8,4	  x8=0x00000004
       19425000	      1843	800032e2	01e39d93	slli	x27,x7,0x1e	  x7:0x0000000b x27=0xc0000000
       19435000	      1844	800032e6	01eddd93	srli	x27,x27,0x1e	 x27:0xc0000000 x27=0x00000003
       19445000	      1845	800032ea	41b405b3	sub	x11,x8,x27	  x8:0x00000004 x27:0x00000003 x11=0x00000001
       19455000	      1846	800032ee	15fd	c.addi	x11,-1	 x11:0x00000001 x11=0x00000000
       19465000	      1847	800032f0	058e	c.slli	x11,0x3	 x11:0x00000000 x11=0x00000000
       19475000	      1848	800032f2	00bc1433	sll	x8,x24,x11	 x24:0x0f0f0f0f x11:0x00000000  x8=0x0f0f0f0f
       19485000	      1849	800032f6	0d8e	c.slli	x27,0x3	 x27:0x00000003 x27=0x00000018
       19495000	      1850	800032f8	95ee	c.add	x11,x27	 x11:0x00000000 x27:0x00000018 x11=0x00000018
       19505000	      1851	800032fa	00b45433	srl	x8,x8,x11	  x8:0x0f0f0f0f x11:0x00000018  x8=0x0000000f
       19515000	      1852	800032fe	01b41593	slli	x11,x8,0x1b	  x8:0x0000000f x11=0x78000000
       19525000	      1853	80003302	81f9	c.srli	x11,0x1e	 x11:0x78000000 x11=0x00000001
       19535000	      1854	80003304	c5a1	c.beqz	x11,8000334c	 x11:0x00000001
       19545000	      1855	80003306	4d85	c.li	x27,1	 x27=0x00000001
       19555000	      1856	80003308	05b58363	beq	x11,x27,8000334e	 x11:0x00000001 x27:0x00000001
       19575000	      1858	8000334e	8d9e	c.mv	x27,x7	  x0:0x00000000  x7:0x0000000b x27=0x0000000b
       19585000	      1859	80003350	343025f3	csrrs	x11,mtval,x0	  x0:0x00000000 x11=0xfd1d40aa
       19595000	      1860	80003354	8189	c.srli	x11,0x2	 x11:0xfd1d40aa x11=0x3f47502a
       19605000	      1861	80003356	000d9563	bne	x27,x0,80003360	 x27:0x0000000b  x0:0x00000000
       19625000	      1863	80003360	fdc5e2e3	bltu	x11,x28,80003324	 x11:0x3f47502a x28:0x0aaab7d9
       19635000	      1864	80003364	fda5f0e3	bgeu	x11,x26,80003324	 x11:0x3f47502a x26:0x0eeefc1d
       19655000	      1866	80003324	8d9e	c.mv	x27,x7	  x0:0x00000000  x7:0x0000000b x27=0x0000000b
       19665000	      1867	80003326	8e6a	c.mv	x28,x26	  x0:0x00000000 x26:0x0eeefc1d x28=0x0eeefc1d
       19675000	      1868	80003328	0d85	c.addi	x27,1	 x27:0x0000000b x27=0x0000000c
       19685000	      1869	8000332a	83ee	c.mv	x7,x27	  x0:0x00000000 x27:0x0000000c  x7=0x0000000c
       19695000	      1870	8000332c	4d41	c.li	x26,16	 x26=0x00000010
       19705000	      1871	8000332e	01add363	bge	x27,x26,80003334	 x27:0x0000000c x26:0x00000010
       19715000	      1872	80003332	b56d	c.j	800031dc	
       19735000	      1874	800031dc	8d9e	c.mv	x27,x7	  x0:0x00000000  x7:0x0000000c x27=0x0000000c
       19745000	      1875	800031de	85ee	c.mv	x11,x27	  x0:0x00000000 x27:0x0000000c x11=0x0000000c
       19755000	      1876	800031e0	4581	c.li	x11,0	 x11=0x00000000
       19765000	      1877	800031e2	04bd8f63	beq	x27,x11,80003240	 x27:0x0000000c x11:0x00000000
       19775000	      1878	800031e6	4585	c.li	x11,1	 x11=0x00000001
       19785000	      1879	800031e8	06bd8163	beq	x27,x11,8000324a	 x27:0x0000000c x11:0x00000001
       19795000	      1880	800031ec	4589	c.li	x11,2	 x11=0x00000002
       19805000	      1881	800031ee	06bd8363	beq	x27,x11,80003254	 x27:0x0000000c x11:0x00000002
       19815000	      1882	800031f2	458d	c.li	x11,3	 x11=0x00000003
       19825000	      1883	800031f4	06bd8563	beq	x27,x11,8000325e	 x27:0x0000000c x11:0x00000003
       19835000	      1884	800031f8	4591	c.li	x11,4	 x11=0x00000004
       19845000	      1885	800031fa	06bd8763	beq	x27,x11,80003268	 x27:0x0000000c x11:0x00000004
       19855000	      1886	800031fe	4595	c.li	x11,5	 x11=0x00000005
       19865000	      1887	80003200	06bd8963	beq	x27,x11,80003272	 x27:0x0000000c x11:0x00000005
       19875000	      1888	80003204	4599	c.li	x11,6	 x11=0x00000006
       19885000	      1889	80003206	06bd8b63	beq	x27,x11,8000327c	 x27:0x0000000c x11:0x00000006
       19895000	      1890	8000320a	459d	c.li	x11,7	 x11=0x00000007
       19905000	      1891	8000320c	06bd8d63	beq	x27,x11,80003286	 x27:0x0000000c x11:0x00000007
       19915000	      1892	80003210	45a1	c.li	x11,8	 x11=0x00000008
       19925000	      1893	80003212	06bd8f63	beq	x27,x11,80003290	 x27:0x0000000c x11:0x00000008
       19935000	      1894	80003216	45a5	c.li	x11,9	 x11=0x00000009
       19945000	      1895	80003218	08bd8163	beq	x27,x11,8000329a	 x27:0x0000000c x11:0x00000009
       19955000	      1896	8000321c	45a9	c.li	x11,10	 x11=0x0000000a
       19965000	      1897	8000321e	08bd8363	beq	x27,x11,800032a4	 x27:0x0000000c x11:0x0000000a
       19975000	      1898	80003222	45ad	c.li	x11,11	 x11=0x0000000b
       19985000	      1899	80003224	08bd8563	beq	x27,x11,800032ae	 x27:0x0000000c x11:0x0000000b
       19995000	      1900	80003228	45b1	c.li	x11,12	 x11=0x0000000c
       20005000	      1901	8000322a	08bd8763	beq	x27,x11,800032b8	 x27:0x0000000c x11:0x0000000c
       20025000	      1903	800032b8	3bc02d73	csrrs	x26,pmpaddr12,x0	  x0:0x00000000 x26=0x13334062
       20035000	      1904	800032bc	3a302c73	csrrs	x24,pmpcfg3,x0	  x0:0x00000000 x24=0x0f0f0f0f
       20045000	      1905	800032c0	a005	c.j	800032e0	
       20065000	      1907	800032e0	4411	c.li	x8,4	  x8=0x00000004
       20075000	      1908	800032e2	01e39d93	slli	x27,x7,0x1e	  x7:0x0000000c x27=0x00000000
       20085000	      1909	800032e6	01eddd93	srli	x27,x27,0x1e	 x27:0x00000000 x27=0x00000000
       20095000	      1910	800032ea	41b405b3	sub	x11,x8,x27	  x8:0x00000004 x27:0x00000000 x11=0x00000004
       20105000	      1911	800032ee	15fd	c.addi	x11,-1	 x11:0x00000004 x11=0x00000003
       20115000	      1912	800032f0	058e	c.slli	x11,0x3	 x11:0x00000003 x11=0x00000018
       20125000	      1913	800032f2	00bc1433	sll	x8,x24,x11	 x24:0x0f0f0f0f x11:0x00000018  x8=0x0f000000
       20135000	      1914	800032f6	0d8e	c.slli	x27,0x3	 x27:0x00000000 x27=0x00000000
       20145000	      1915	800032f8	95ee	c.add	x11,x27	 x11:0x00000018 x27:0x00000000 x11=0x00000018
       20155000	      1916	800032fa	00b45433	srl	x8,x8,x11	  x8:0x0f000000 x11:0x00000018  x8=0x0000000f
       20165000	      1917	800032fe	01b41593	slli	x11,x8,0x1b	  x8:0x0000000f x11=0x78000000
       20175000	      1918	80003302	81f9	c.srli	x11,0x1e	 x11:0x78000000 x11=0x00000001
       20185000	      1919	80003304	c5a1	c.beqz	x11,8000334c	 x11:0x00000001
       20195000	      1920	80003306	4d85	c.li	x27,1	 x27=0x00000001
       20205000	      1921	80003308	05b58363	beq	x11,x27,8000334e	 x11:0x00000001 x27:0x00000001
       20225000	      1923	8000334e	8d9e	c.mv	x27,x7	  x0:0x00000000  x7:0x0000000c x27=0x0000000c
       20235000	      1924	80003350	343025f3	csrrs	x11,mtval,x0	  x0:0x00000000 x11=0xfd1d40aa
       20245000	      1925	80003354	8189	c.srli	x11,0x2	 x11:0xfd1d40aa x11=0x3f47502a
       20255000	      1926	80003356	000d9563	bne	x27,x0,80003360	 x27:0x0000000c  x0:0x00000000
       20275000	      1928	80003360	fdc5e2e3	bltu	x11,x28,80003324	 x11:0x3f47502a x28:0x0eeefc1d
       20285000	      1929	80003364	fda5f0e3	bgeu	x11,x26,80003324	 x11:0x3f47502a x26:0x13334062
       20305000	      1931	80003324	8d9e	c.mv	x27,x7	  x0:0x00000000  x7:0x0000000c x27=0x0000000c
       20315000	      1932	80003326	8e6a	c.mv	x28,x26	  x0:0x00000000 x26:0x13334062 x28=0x13334062
       20325000	      1933	80003328	0d85	c.addi	x27,1	 x27:0x0000000c x27=0x0000000d
       20335000	      1934	8000332a	83ee	c.mv	x7,x27	  x0:0x00000000 x27:0x0000000d  x7=0x0000000d
       20345000	      1935	8000332c	4d41	c.li	x26,16	 x26=0x00000010
       20355000	      1936	8000332e	01add363	bge	x27,x26,80003334	 x27:0x0000000d x26:0x00000010
       20365000	      1937	80003332	b56d	c.j	800031dc	
       20385000	      1939	800031dc	8d9e	c.mv	x27,x7	  x0:0x00000000  x7:0x0000000d x27=0x0000000d
       20395000	      1940	800031de	85ee	c.mv	x11,x27	  x0:0x00000000 x27:0x0000000d x11=0x0000000d
       20405000	      1941	800031e0	4581	c.li	x11,0	 x11=0x00000000
       20415000	      1942	800031e2	04bd8f63	beq	x27,x11,80003240	 x27:0x0000000d x11:0x00000000
       20425000	      1943	800031e6	4585	c.li	x11,1	 x11=0x00000001
       20435000	      1944	800031e8	06bd8163	beq	x27,x11,8000324a	 x27:0x0000000d x11:0x00000001
       20445000	      1945	800031ec	4589	c.li	x11,2	 x11=0x00000002
       20455000	      1946	800031ee	06bd8363	beq	x27,x11,80003254	 x27:0x0000000d x11:0x00000002
       20465000	      1947	800031f2	458d	c.li	x11,3	 x11=0x00000003
       20475000	      1948	800031f4	06bd8563	beq	x27,x11,8000325e	 x27:0x0000000d x11:0x00000003
       20485000	      1949	800031f8	4591	c.li	x11,4	 x11=0x00000004
       20495000	      1950	800031fa	06bd8763	beq	x27,x11,80003268	 x27:0x0000000d x11:0x00000004
       20505000	      1951	800031fe	4595	c.li	x11,5	 x11=0x00000005
       20515000	      1952	80003200	06bd8963	beq	x27,x11,80003272	 x27:0x0000000d x11:0x00000005
       20525000	      1953	80003204	4599	c.li	x11,6	 x11=0x00000006
       20535000	      1954	80003206	06bd8b63	beq	x27,x11,8000327c	 x27:0x0000000d x11:0x00000006
       20545000	      1955	8000320a	459d	c.li	x11,7	 x11=0x00000007
       20555000	      1956	8000320c	06bd8d63	beq	x27,x11,80003286	 x27:0x0000000d x11:0x00000007
       20565000	      1957	80003210	45a1	c.li	x11,8	 x11=0x00000008
       20575000	      1958	80003212	06bd8f63	beq	x27,x11,80003290	 x27:0x0000000d x11:0x00000008
       20585000	      1959	80003216	45a5	c.li	x11,9	 x11=0x00000009
       20595000	      1960	80003218	08bd8163	beq	x27,x11,8000329a	 x27:0x0000000d x11:0x00000009
       20605000	      1961	8000321c	45a9	c.li	x11,10	 x11=0x0000000a
       20615000	      1962	8000321e	08bd8363	beq	x27,x11,800032a4	 x27:0x0000000d x11:0x0000000a
       20625000	      1963	80003222	45ad	c.li	x11,11	 x11=0x0000000b
       20635000	      1964	80003224	08bd8563	beq	x27,x11,800032ae	 x27:0x0000000d x11:0x0000000b
       20645000	      1965	80003228	45b1	c.li	x11,12	 x11=0x0000000c
       20655000	      1966	8000322a	08bd8763	beq	x27,x11,800032b8	 x27:0x0000000d x11:0x0000000c
       20665000	      1967	8000322e	45b5	c.li	x11,13	 x11=0x0000000d
       20675000	      1968	80003230	08bd8963	beq	x27,x11,800032c2	 x27:0x0000000d x11:0x0000000d
       20705000	      1971	800032c2	3bd02d73	csrrs	x26,pmpaddr13,x0	  x0:0x00000000 x26=0x177784a6
       20715000	      1972	800032c6	3a302c73	csrrs	x24,pmpcfg3,x0	  x0:0x00000000 x24=0x0f0f0f0f
       20725000	      1973	800032ca	a819	c.j	800032e0	
       20745000	      1975	800032e0	4411	c.li	x8,4	  x8=0x00000004
       20755000	      1976	800032e2	01e39d93	slli	x27,x7,0x1e	  x7:0x0000000d x27=0x40000000
       20765000	      1977	800032e6	01eddd93	srli	x27,x27,0x1e	 x27:0x40000000 x27=0x00000001
       20775000	      1978	800032ea	41b405b3	sub	x11,x8,x27	  x8:0x00000004 x27:0x00000001 x11=0x00000003
       20785000	      1979	800032ee	15fd	c.addi	x11,-1	 x11:0x00000003 x11=0x00000002
       20795000	      1980	800032f0	058e	c.slli	x11,0x3	 x11:0x00000002 x11=0x00000010
       20805000	      1981	800032f2	00bc1433	sll	x8,x24,x11	 x24:0x0f0f0f0f x11:0x00000010  x8=0x0f0f0000
       20815000	      1982	800032f6	0d8e	c.slli	x27,0x3	 x27:0x00000001 x27=0x00000008
       20825000	      1983	800032f8	95ee	c.add	x11,x27	 x11:0x00000010 x27:0x00000008 x11=0x00000018
       20835000	      1984	800032fa	00b45433	srl	x8,x8,x11	  x8:0x0f0f0000 x11:0x00000018  x8=0x0000000f
       20845000	      1985	800032fe	01b41593	slli	x11,x8,0x1b	  x8:0x0000000f x11=0x78000000
       20855000	      1986	80003302	81f9	c.srli	x11,0x1e	 x11:0x78000000 x11=0x00000001
       20865000	      1987	80003304	c5a1	c.beqz	x11,8000334c	 x11:0x00000001
       20875000	      1988	80003306	4d85	c.li	x27,1	 x27=0x00000001
       20885000	      1989	80003308	05b58363	beq	x11,x27,8000334e	 x11:0x00000001 x27:0x00000001
       20905000	      1991	8000334e	8d9e	c.mv	x27,x7	  x0:0x00000000  x7:0x0000000d x27=0x0000000d
       20915000	      1992	80003350	343025f3	csrrs	x11,mtval,x0	  x0:0x00000000 x11=0xfd1d40aa
       20925000	      1993	80003354	8189	c.srli	x11,0x2	 x11:0xfd1d40aa x11=0x3f47502a
       20935000	      1994	80003356	000d9563	bne	x27,x0,80003360	 x27:0x0000000d  x0:0x00000000
       20955000	      1996	80003360	fdc5e2e3	bltu	x11,x28,80003324	 x11:0x3f47502a x28:0x13334062
       20965000	      1997	80003364	fda5f0e3	bgeu	x11,x26,80003324	 x11:0x3f47502a x26:0x177784a6
       20985000	      1999	80003324	8d9e	c.mv	x27,x7	  x0:0x00000000  x7:0x0000000d x27=0x0000000d
       20995000	      2000	80003326	8e6a	c.mv	x28,x26	  x0:0x00000000 x26:0x177784a6 x28=0x177784a6
       21005000	      2001	80003328	0d85	c.addi	x27,1	 x27:0x0000000d x27=0x0000000e
       21015000	      2002	8000332a	83ee	c.mv	x7,x27	  x0:0x00000000 x27:0x0000000e  x7=0x0000000e
       21025000	      2003	8000332c	4d41	c.li	x26,16	 x26=0x00000010
       21035000	      2004	8000332e	01add363	bge	x27,x26,80003334	 x27:0x0000000e x26:0x00000010
       21045000	      2005	80003332	b56d	c.j	800031dc	
       21065000	      2007	800031dc	8d9e	c.mv	x27,x7	  x0:0x00000000  x7:0x0000000e x27=0x0000000e
       21075000	      2008	800031de	85ee	c.mv	x11,x27	  x0:0x00000000 x27:0x0000000e x11=0x0000000e
       21085000	      2009	800031e0	4581	c.li	x11,0	 x11=0x00000000
       21095000	      2010	800031e2	04bd8f63	beq	x27,x11,80003240	 x27:0x0000000e x11:0x00000000
       21105000	      2011	800031e6	4585	c.li	x11,1	 x11=0x00000001
       21115000	      2012	800031e8	06bd8163	beq	x27,x11,8000324a	 x27:0x0000000e x11:0x00000001
       21125000	      2013	800031ec	4589	c.li	x11,2	 x11=0x00000002
       21135000	      2014	800031ee	06bd8363	beq	x27,x11,80003254	 x27:0x0000000e x11:0x00000002
       21145000	      2015	800031f2	458d	c.li	x11,3	 x11=0x00000003
       21155000	      2016	800031f4	06bd8563	beq	x27,x11,8000325e	 x27:0x0000000e x11:0x00000003
       21165000	      2017	800031f8	4591	c.li	x11,4	 x11=0x00000004
       21175000	      2018	800031fa	06bd8763	beq	x27,x11,80003268	 x27:0x0000000e x11:0x00000004
       21185000	      2019	800031fe	4595	c.li	x11,5	 x11=0x00000005
       21195000	      2020	80003200	06bd8963	beq	x27,x11,80003272	 x27:0x0000000e x11:0x00000005
       21205000	      2021	80003204	4599	c.li	x11,6	 x11=0x00000006
       21215000	      2022	80003206	06bd8b63	beq	x27,x11,8000327c	 x27:0x0000000e x11:0x00000006
       21225000	      2023	8000320a	459d	c.li	x11,7	 x11=0x00000007
       21235000	      2024	8000320c	06bd8d63	beq	x27,x11,80003286	 x27:0x0000000e x11:0x00000007
       21245000	      2025	80003210	45a1	c.li	x11,8	 x11=0x00000008
       21255000	      2026	80003212	06bd8f63	beq	x27,x11,80003290	 x27:0x0000000e x11:0x00000008
       21265000	      2027	80003216	45a5	c.li	x11,9	 x11=0x00000009
       21275000	      2028	80003218	08bd8163	beq	x27,x11,8000329a	 x27:0x0000000e x11:0x00000009
       21285000	      2029	8000321c	45a9	c.li	x11,10	 x11=0x0000000a
       21295000	      2030	8000321e	08bd8363	beq	x27,x11,800032a4	 x27:0x0000000e x11:0x0000000a
       21305000	      2031	80003222	45ad	c.li	x11,11	 x11=0x0000000b
       21315000	      2032	80003224	08bd8563	beq	x27,x11,800032ae	 x27:0x0000000e x11:0x0000000b
       21325000	      2033	80003228	45b1	c.li	x11,12	 x11=0x0000000c
       21335000	      2034	8000322a	08bd8763	beq	x27,x11,800032b8	 x27:0x0000000e x11:0x0000000c
       21345000	      2035	8000322e	45b5	c.li	x11,13	 x11=0x0000000d
       21355000	      2036	80003230	08bd8963	beq	x27,x11,800032c2	 x27:0x0000000e x11:0x0000000d
       21365000	      2037	80003234	45b9	c.li	x11,14	 x11=0x0000000e
       21375000	      2038	80003236	08bd8b63	beq	x27,x11,800032cc	 x27:0x0000000e x11:0x0000000e
       21395000	      2040	800032cc	3be02d73	csrrs	x26,pmpaddr14,x0	  x0:0x00000000 x26=0x1bbbc8ea
       21405000	      2041	800032d0	3a302c73	csrrs	x24,pmpcfg3,x0	  x0:0x00000000 x24=0x0f0f0f0f
       21415000	      2042	800032d4	a031	c.j	800032e0	
       21435000	      2044	800032e0	4411	c.li	x8,4	  x8=0x00000004
       21445000	      2045	800032e2	01e39d93	slli	x27,x7,0x1e	  x7:0x0000000e x27=0x80000000
       21455000	      2046	800032e6	01eddd93	srli	x27,x27,0x1e	 x27:0x80000000 x27=0x00000002
       21465000	      2047	800032ea	41b405b3	sub	x11,x8,x27	  x8:0x00000004 x27:0x00000002 x11=0x00000002
       21475000	      2048	800032ee	15fd	c.addi	x11,-1	 x11:0x00000002 x11=0x00000001
       21485000	      2049	800032f0	058e	c.slli	x11,0x3	 x11:0x00000001 x11=0x00000008
       21495000	      2050	800032f2	00bc1433	sll	x8,x24,x11	 x24:0x0f0f0f0f x11:0x00000008  x8=0x0f0f0f00
       21505000	      2051	800032f6	0d8e	c.slli	x27,0x3	 x27:0x00000002 x27=0x00000010
       21515000	      2052	800032f8	95ee	c.add	x11,x27	 x11:0x00000008 x27:0x00000010 x11=0x00000018
       21525000	      2053	800032fa	00b45433	srl	x8,x8,x11	  x8:0x0f0f0f00 x11:0x00000018  x8=0x0000000f
       21535000	      2054	800032fe	01b41593	slli	x11,x8,0x1b	  x8:0x0000000f x11=0x78000000
       21545000	      2055	80003302	81f9	c.srli	x11,0x1e	 x11:0x78000000 x11=0x00000001
       21555000	      2056	80003304	c5a1	c.beqz	x11,8000334c	 x11:0x00000001
       21565000	      2057	80003306	4d85	c.li	x27,1	 x27=0x00000001
       21575000	      2058	80003308	05b58363	beq	x11,x27,8000334e	 x11:0x00000001 x27:0x00000001
       21595000	      2060	8000334e	8d9e	c.mv	x27,x7	  x0:0x00000000  x7:0x0000000e x27=0x0000000e
       21605000	      2061	80003350	343025f3	csrrs	x11,mtval,x0	  x0:0x00000000 x11=0xfd1d40aa
       21615000	      2062	80003354	8189	c.srli	x11,0x2	 x11:0xfd1d40aa x11=0x3f47502a
       21625000	      2063	80003356	000d9563	bne	x27,x0,80003360	 x27:0x0000000e  x0:0x00000000
       21645000	      2065	80003360	fdc5e2e3	bltu	x11,x28,80003324	 x11:0x3f47502a x28:0x177784a6
       21655000	      2066	80003364	fda5f0e3	bgeu	x11,x26,80003324	 x11:0x3f47502a x26:0x1bbbc8ea
       21675000	      2068	80003324	8d9e	c.mv	x27,x7	  x0:0x00000000  x7:0x0000000e x27=0x0000000e
       21685000	      2069	80003326	8e6a	c.mv	x28,x26	  x0:0x00000000 x26:0x1bbbc8ea x28=0x1bbbc8ea
       21695000	      2070	80003328	0d85	c.addi	x27,1	 x27:0x0000000e x27=0x0000000f
       21705000	      2071	8000332a	83ee	c.mv	x7,x27	  x0:0x00000000 x27:0x0000000f  x7=0x0000000f
       21715000	      2072	8000332c	4d41	c.li	x26,16	 x26=0x00000010
       21725000	      2073	8000332e	01add363	bge	x27,x26,80003334	 x27:0x0000000f x26:0x00000010
       21735000	      2074	80003332	b56d	c.j	800031dc	
       21755000	      2076	800031dc	8d9e	c.mv	x27,x7	  x0:0x00000000  x7:0x0000000f x27=0x0000000f
       21765000	      2077	800031de	85ee	c.mv	x11,x27	  x0:0x00000000 x27:0x0000000f x11=0x0000000f
       21775000	      2078	800031e0	4581	c.li	x11,0	 x11=0x00000000
       21785000	      2079	800031e2	04bd8f63	beq	x27,x11,80003240	 x27:0x0000000f x11:0x00000000
       21795000	      2080	800031e6	4585	c.li	x11,1	 x11=0x00000001
       21805000	      2081	800031e8	06bd8163	beq	x27,x11,8000324a	 x27:0x0000000f x11:0x00000001
       21815000	      2082	800031ec	4589	c.li	x11,2	 x11=0x00000002
       21825000	      2083	800031ee	06bd8363	beq	x27,x11,80003254	 x27:0x0000000f x11:0x00000002
       21835000	      2084	800031f2	458d	c.li	x11,3	 x11=0x00000003
       21845000	      2085	800031f4	06bd8563	beq	x27,x11,8000325e	 x27:0x0000000f x11:0x00000003
       21855000	      2086	800031f8	4591	c.li	x11,4	 x11=0x00000004
       21865000	      2087	800031fa	06bd8763	beq	x27,x11,80003268	 x27:0x0000000f x11:0x00000004
       21875000	      2088	800031fe	4595	c.li	x11,5	 x11=0x00000005
       21885000	      2089	80003200	06bd8963	beq	x27,x11,80003272	 x27:0x0000000f x11:0x00000005
       21895000	      2090	80003204	4599	c.li	x11,6	 x11=0x00000006
       21905000	      2091	80003206	06bd8b63	beq	x27,x11,8000327c	 x27:0x0000000f x11:0x00000006
       21915000	      2092	8000320a	459d	c.li	x11,7	 x11=0x00000007
       21925000	      2093	8000320c	06bd8d63	beq	x27,x11,80003286	 x27:0x0000000f x11:0x00000007
       21935000	      2094	80003210	45a1	c.li	x11,8	 x11=0x00000008
       21945000	      2095	80003212	06bd8f63	beq	x27,x11,80003290	 x27:0x0000000f x11:0x00000008
       21955000	      2096	80003216	45a5	c.li	x11,9	 x11=0x00000009
       21965000	      2097	80003218	08bd8163	beq	x27,x11,8000329a	 x27:0x0000000f x11:0x00000009
       21975000	      2098	8000321c	45a9	c.li	x11,10	 x11=0x0000000a
       21985000	      2099	8000321e	08bd8363	beq	x27,x11,800032a4	 x27:0x0000000f x11:0x0000000a
       21995000	      2100	80003222	45ad	c.li	x11,11	 x11=0x0000000b
       22005000	      2101	80003224	08bd8563	beq	x27,x11,800032ae	 x27:0x0000000f x11:0x0000000b
       22015000	      2102	80003228	45b1	c.li	x11,12	 x11=0x0000000c
       22025000	      2103	8000322a	08bd8763	beq	x27,x11,800032b8	 x27:0x0000000f x11:0x0000000c
       22035000	      2104	8000322e	45b5	c.li	x11,13	 x11=0x0000000d
       22045000	      2105	80003230	08bd8963	beq	x27,x11,800032c2	 x27:0x0000000f x11:0x0000000d
       22055000	      2106	80003234	45b9	c.li	x11,14	 x11=0x0000000e
       22065000	      2107	80003236	08bd8b63	beq	x27,x11,800032cc	 x27:0x0000000f x11:0x0000000e
       22075000	      2108	8000323a	45bd	c.li	x11,15	 x11=0x0000000f
       22085000	      2109	8000323c	08bd8d63	beq	x27,x11,800032d6	 x27:0x0000000f x11:0x0000000f
       22115000	      2112	800032d6	3bf02d73	csrrs	x26,pmpaddr15,x0	  x0:0x00000000 x26=0x20000d2e
       22125000	      2113	800032da	3a302c73	csrrs	x24,pmpcfg3,x0	  x0:0x00000000 x24=0x0f0f0f0f
       22135000	      2114	800032de	a009	c.j	800032e0	
       22155000	      2116	800032e0	4411	c.li	x8,4	  x8=0x00000004
       22165000	      2117	800032e2	01e39d93	slli	x27,x7,0x1e	  x7:0x0000000f x27=0xc0000000
       22175000	      2118	800032e6	01eddd93	srli	x27,x27,0x1e	 x27:0xc0000000 x27=0x00000003
       22185000	      2119	800032ea	41b405b3	sub	x11,x8,x27	  x8:0x00000004 x27:0x00000003 x11=0x00000001
       22195000	      2120	800032ee	15fd	c.addi	x11,-1	 x11:0x00000001 x11=0x00000000
       22205000	      2121	800032f0	058e	c.slli	x11,0x3	 x11:0x00000000 x11=0x00000000
       22215000	      2122	800032f2	00bc1433	sll	x8,x24,x11	 x24:0x0f0f0f0f x11:0x00000000  x8=0x0f0f0f0f
       22225000	      2123	800032f6	0d8e	c.slli	x27,0x3	 x27:0x00000003 x27=0x00000018
       22235000	      2124	800032f8	95ee	c.add	x11,x27	 x11:0x00000000 x27:0x00000018 x11=0x00000018
       22245000	      2125	800032fa	00b45433	srl	x8,x8,x11	  x8:0x0f0f0f0f x11:0x00000018  x8=0x0000000f
       22255000	      2126	800032fe	01b41593	slli	x11,x8,0x1b	  x8:0x0000000f x11=0x78000000
       22265000	      2127	80003302	81f9	c.srli	x11,0x1e	 x11:0x78000000 x11=0x00000001
       22275000	      2128	80003304	c5a1	c.beqz	x11,8000334c	 x11:0x00000001
       22285000	      2129	80003306	4d85	c.li	x27,1	 x27=0x00000001
       22295000	      2130	80003308	05b58363	beq	x11,x27,8000334e	 x11:0x00000001 x27:0x00000001
       22315000	      2132	8000334e	8d9e	c.mv	x27,x7	  x0:0x00000000  x7:0x0000000f x27=0x0000000f
       22325000	      2133	80003350	343025f3	csrrs	x11,mtval,x0	  x0:0x00000000 x11=0xfd1d40aa
       22335000	      2134	80003354	8189	c.srli	x11,0x2	 x11:0xfd1d40aa x11=0x3f47502a
       22345000	      2135	80003356	000d9563	bne	x27,x0,80003360	 x27:0x0000000f  x0:0x00000000
       22365000	      2137	80003360	fdc5e2e3	bltu	x11,x28,80003324	 x11:0x3f47502a x28:0x1bbbc8ea
       22375000	      2138	80003364	fda5f0e3	bgeu	x11,x26,80003324	 x11:0x3f47502a x26:0x20000d2e
       22395000	      2140	80003324	8d9e	c.mv	x27,x7	  x0:0x00000000  x7:0x0000000f x27=0x0000000f
       22405000	      2141	80003326	8e6a	c.mv	x28,x26	  x0:0x00000000 x26:0x20000d2e x28=0x20000d2e
       22415000	      2142	80003328	0d85	c.addi	x27,1	 x27:0x0000000f x27=0x00000010
       22425000	      2143	8000332a	83ee	c.mv	x7,x27	  x0:0x00000000 x27:0x00000010  x7=0x00000010
       22435000	      2144	8000332c	4d41	c.li	x26,16	 x26=0x00000010
       22445000	      2145	8000332e	01add363	bge	x27,x26,80003334	 x27:0x00000010 x26:0x00000010
       22465000	      2147	80003334	74702df3	csrrs	x27,0x747,x0	  x0:0x00000000 x27=0x00000004
       22475000	      2148	80003338	002dfd93	andi	x27,x27,2	 x27:0x00000004 x27=0x00000000
       22485000	      2149	8000333c	060d9b63	bne	x27,x0,800033b2	 x27:0x00000000  x0:0x00000000
       22495000	      2150	80003340	ffffdd97	auipc	x27,0xffffd	 x27=0x80000340
       22505000	      2151	80003344	02ad8d93	addi	x27,x27,42	 x27:0x80000340 x27=0x8000036a
       22515000	      2152	80003348	000d8067	jalr	x0,0(x27)	 x27:0x8000036a  x0=0x00000000
       22545000	      2155	8000036a	90000d37	lui	x26,0x90000	 x26=0x90000000
       22555000	      2156	8000036e	1d61	c.addi	x26,-8	 x26:0x90000000 x26=0x8ffffff8
       22565000	      2157	80000370	4d81	c.li	x27,0	 x27=0x00000000
       22575000	      2158	80000372	0da2	c.slli	x27,0x8	 x27:0x00000000 x27=0x00000000
       22585000	      2159	80000374	0d85	c.addi	x27,1	 x27:0x00000000 x27=0x00000001
       22595000	      2160	80000376	01bd2023	sw	x27,0(x26)	 x26:0x8ffffff8 x27:0x00000001 PA:0x8ffffff8 store:0x00000001 load:0x00000000
       22605000	      2161	8000037a	00000073	ecall	
       22635000	      2164	80002700	0800006f	jal	x0,80002780	  x0=0x00000000
       22655000	      2166	80002780	16f1	c.addi	x13,-4	 x13:0x8004cc60 x13=0x8004cc5c
       22665000	      2167	80002782	0176a023	sw	x23,0(x13)	 x13:0x8004cc5c x23:0x8004cc60 PA:0x8004cc5c store:0x8004cc60 load:0x00000000
