Time	Cycle	PC	Insn	Decoded instruction	Register and memory contents
        1055000	         6	80000080	400013b7	lui	x7,0x40001	  x7=0x40001000
        1065000	         7	80000084	10638393	addi	x7,x7,262	  x7:0x40001000  x7=0x40001106
        1075000	         8	80000088	30139073	csrrw	x0,misa,x7	  x7:0x40001106  x0=0x00000000
        1105000	        11	8000008c	0002d617	auipc	x12,0x2d	 x12=0x8002d08c
        1115000	        12	80000090	c5860613	addi	x12,x12,-936	 x12:0x8002d08c x12=0x8002cce4
        1125000	        13	80000094	00002397	auipc	x7,0x2	  x7=0x80002094
        1135000	        14	80000098	66c38393	addi	x7,x7,1644	  x7:0x80002094  x7=0x80002700
        1145000	        15	8000009c	0013e393	ori	x7,x7,1	  x7:0x80002700  x7=0x80002701
        1155000	        16	800000a0	30539073	csrrw	x0,mtvec,x7	  x7:0x80002701  x0=0x00000000
        1185000	        19	800000a4	74725073	csrrwi	x0,0x747,4	  x0=0x00000000
        1215000	        22	800000a8	00003417	auipc	x8,0x3	  x8=0x800030a8
        1225000	        23	800000ac	41440413	addi	x8,x8,1044	  x8:0x800030a8  x8=0x800034bc
        1235000	        24	800000b0	4381	c.li	x7,0	  x7=0x00000000
        1245000	        25	800000b2	941e	c.add	x8,x7	  x8:0x800034bc  x7:0x00000000  x8=0x800034bc
        1255000	        26	800000b4	8009	c.srli	x8,0x2	  x8:0x800034bc  x8=0x20000d2f
        1265000	        27	800000b6	3b041073	csrrw	x0,pmpaddr0,x8	  x8:0x20000d2f  x0=0x00000000
        1295000	        30	800000ba	00003417	auipc	x8,0x3	  x8=0x800030ba
        1305000	        31	800000be	40240413	addi	x8,x8,1026	  x8:0x800030ba  x8=0x800034bc
        1315000	        32	800000c2	111113b7	lui	x7,0x11111	  x7=0x11111000
        1325000	        33	800000c6	11138393	addi	x7,x7,273	  x7:0x11111000  x7=0x11111111
        1335000	        34	800000ca	941e	c.add	x8,x7	  x8:0x800034bc  x7:0x11111111  x8=0x911145cd
        1345000	        35	800000cc	8009	c.srli	x8,0x2	  x8:0x911145cd  x8=0x24445173
        1355000	        36	800000ce	3b141073	csrrw	x0,pmpaddr1,x8	  x8:0x24445173  x0=0x00000000
        1385000	        39	800000d2	00003417	auipc	x8,0x3	  x8=0x800030d2
        1395000	        40	800000d6	3ea40413	addi	x8,x8,1002	  x8:0x800030d2  x8=0x800034bc
        1405000	        41	800000da	222223b7	lui	x7,0x22222	  x7=0x22222000
        1415000	        42	800000de	22238393	addi	x7,x7,546	  x7:0x22222000  x7=0x22222222
        1425000	        43	800000e2	941e	c.add	x8,x7	  x8:0x800034bc  x7:0x22222222  x8=0xa22256de
        1435000	        44	800000e4	8009	c.srli	x8,0x2	  x8:0xa22256de  x8=0x288895b7
        1445000	        45	800000e6	3b241073	csrrw	x0,pmpaddr2,x8	  x8:0x288895b7  x0=0x00000000
        1475000	        48	800000ea	00003417	auipc	x8,0x3	  x8=0x800030ea
        1485000	        49	800000ee	3d240413	addi	x8,x8,978	  x8:0x800030ea  x8=0x800034bc
        1495000	        50	800000f2	333333b7	lui	x7,0x33333	  x7=0x33333000
        1505000	        51	800000f6	33338393	addi	x7,x7,819	  x7:0x33333000  x7=0x33333333
        1515000	        52	800000fa	941e	c.add	x8,x7	  x8:0x800034bc  x7:0x33333333  x8=0xb33367ef
        1525000	        53	800000fc	8009	c.srli	x8,0x2	  x8:0xb33367ef  x8=0x2cccd9fb
        1535000	        54	800000fe	3b341073	csrrw	x0,pmpaddr3,x8	  x8:0x2cccd9fb  x0=0x00000000
        1565000	        57	80000102	0f0f1437	lui	x8,0xf0f1	  x8=0x0f0f1000
        1575000	        58	80000106	f0f40413	addi	x8,x8,-241	  x8:0x0f0f1000  x8=0x0f0f0f0f
        1585000	        59	8000010a	3a041073	csrrw	x0,pmpcfg0,x8	  x8:0x0f0f0f0f  x0=0x00000000
        1615000	        62	8000010e	00003417	auipc	x8,0x3	  x8=0x8000310e
        1625000	        63	80000112	3ae40413	addi	x8,x8,942	  x8:0x8000310e  x8=0x800034bc
        1635000	        64	80000116	444443b7	lui	x7,0x44444	  x7=0x44444000
        1645000	        65	8000011a	44438393	addi	x7,x7,1092	  x7:0x44444000  x7=0x44444444
        1655000	        66	8000011e	941e	c.add	x8,x7	  x8:0x800034bc  x7:0x44444444  x8=0xc4447900
        1665000	        67	80000120	8009	c.srli	x8,0x2	  x8:0xc4447900  x8=0x31111e40
        1675000	        68	80000122	3b441073	csrrw	x0,pmpaddr4,x8	  x8:0x31111e40  x0=0x00000000
        1705000	        71	80000126	00003417	auipc	x8,0x3	  x8=0x80003126
        1715000	        72	8000012a	39640413	addi	x8,x8,918	  x8:0x80003126  x8=0x800034bc
        1725000	        73	8000012e	555553b7	lui	x7,0x55555	  x7=0x55555000
        1735000	        74	80000132	55538393	addi	x7,x7,1365	  x7:0x55555000  x7=0x55555555
        1745000	        75	80000136	941e	c.add	x8,x7	  x8:0x800034bc  x7:0x55555555  x8=0xd5558a11
        1755000	        76	80000138	8009	c.srli	x8,0x2	  x8:0xd5558a11  x8=0x35556284
        1765000	        77	8000013a	3b541073	csrrw	x0,pmpaddr5,x8	  x8:0x35556284  x0=0x00000000
        1795000	        80	8000013e	00003417	auipc	x8,0x3	  x8=0x8000313e
        1805000	        81	80000142	37e40413	addi	x8,x8,894	  x8:0x8000313e  x8=0x800034bc
        1815000	        82	80000146	666663b7	lui	x7,0x66666	  x7=0x66666000
        1825000	        83	8000014a	66638393	addi	x7,x7,1638	  x7:0x66666000  x7=0x66666666
        1835000	        84	8000014e	941e	c.add	x8,x7	  x8:0x800034bc  x7:0x66666666  x8=0xe6669b22
        1845000	        85	80000150	8009	c.srli	x8,0x2	  x8:0xe6669b22  x8=0x3999a6c8
        1855000	        86	80000152	3b641073	csrrw	x0,pmpaddr6,x8	  x8:0x3999a6c8  x0=0x00000000
        1885000	        89	80000156	00003417	auipc	x8,0x3	  x8=0x80003156
        1895000	        90	8000015a	36640413	addi	x8,x8,870	  x8:0x80003156  x8=0x800034bc
        1905000	        91	8000015e	777773b7	lui	x7,0x77777	  x7=0x77777000
        1915000	        92	80000162	77738393	addi	x7,x7,1911	  x7:0x77777000  x7=0x77777777
        1925000	        93	80000166	941e	c.add	x8,x7	  x8:0x800034bc  x7:0x77777777  x8=0xf777ac33
        1935000	        94	80000168	8009	c.srli	x8,0x2	  x8:0xf777ac33  x8=0x3dddeb0c
        1945000	        95	8000016a	3b741073	csrrw	x0,pmpaddr7,x8	  x8:0x3dddeb0c  x0=0x00000000
        1975000	        98	8000016e	0f0f1437	lui	x8,0xf0f1	  x8=0x0f0f1000
        1985000	        99	80000172	f0f40413	addi	x8,x8,-241	  x8:0x0f0f1000  x8=0x0f0f0f0f
        1995000	       100	80000176	3a141073	csrrw	x0,pmpcfg1,x8	  x8:0x0f0f0f0f  x0=0x00000000
        2025000	       103	8000017a	00003417	auipc	x8,0x3	  x8=0x8000317a
        2035000	       104	8000017e	34240413	addi	x8,x8,834	  x8:0x8000317a  x8=0x800034bc
        2045000	       105	80000182	888893b7	lui	x7,0x88889	  x7=0x88889000
        2055000	       106	80000186	88838393	addi	x7,x7,-1912	  x7:0x88889000  x7=0x88888888
        2065000	       107	8000018a	941e	c.add	x8,x7	  x8:0x800034bc  x7:0x88888888  x8=0x0888bd44
        2075000	       108	8000018c	8009	c.srli	x8,0x2	  x8:0x0888bd44  x8=0x02222f51
        2085000	       109	8000018e	3b841073	csrrw	x0,pmpaddr8,x8	  x8:0x02222f51  x0=0x00000000
        2115000	       112	80000192	00003417	auipc	x8,0x3	  x8=0x80003192
        2125000	       113	80000196	32a40413	addi	x8,x8,810	  x8:0x80003192  x8=0x800034bc
        2135000	       114	8000019a	9999a3b7	lui	x7,0x9999a	  x7=0x9999a000
        2145000	       115	8000019e	99938393	addi	x7,x7,-1639	  x7:0x9999a000  x7=0x99999999
        2155000	       116	800001a2	941e	c.add	x8,x7	  x8:0x800034bc  x7:0x99999999  x8=0x1999ce55
        2165000	       117	800001a4	8009	c.srli	x8,0x2	  x8:0x1999ce55  x8=0x06667395
        2175000	       118	800001a6	3b941073	csrrw	x0,pmpaddr9,x8	  x8:0x06667395  x0=0x00000000
        2205000	       121	800001aa	00003417	auipc	x8,0x3	  x8=0x800031aa
        2215000	       122	800001ae	31240413	addi	x8,x8,786	  x8:0x800031aa  x8=0x800034bc
        2225000	       123	800001b2	aaaab3b7	lui	x7,0xaaaab	  x7=0xaaaab000
        2235000	       124	800001b6	aaa38393	addi	x7,x7,-1366	  x7:0xaaaab000  x7=0xaaaaaaaa
        2245000	       125	800001ba	941e	c.add	x8,x7	  x8:0x800034bc  x7:0xaaaaaaaa  x8=0x2aaadf66
        2255000	       126	800001bc	8009	c.srli	x8,0x2	  x8:0x2aaadf66  x8=0x0aaab7d9
        2265000	       127	800001be	3ba41073	csrrw	x0,pmpaddr10,x8	  x8:0x0aaab7d9  x0=0x00000000
        2295000	       130	800001c2	00003417	auipc	x8,0x3	  x8=0x800031c2
        2305000	       131	800001c6	2fa40413	addi	x8,x8,762	  x8:0x800031c2  x8=0x800034bc
        2315000	       132	800001ca	bbbbc3b7	lui	x7,0xbbbbc	  x7=0xbbbbc000
        2325000	       133	800001ce	bbb38393	addi	x7,x7,-1093	  x7:0xbbbbc000  x7=0xbbbbbbbb
        2335000	       134	800001d2	941e	c.add	x8,x7	  x8:0x800034bc  x7:0xbbbbbbbb  x8=0x3bbbf077
        2345000	       135	800001d4	8009	c.srli	x8,0x2	  x8:0x3bbbf077  x8=0x0eeefc1d
        2355000	       136	800001d6	3bb41073	csrrw	x0,pmpaddr11,x8	  x8:0x0eeefc1d  x0=0x00000000
        2385000	       139	800001da	0f0f1437	lui	x8,0xf0f1	  x8=0x0f0f1000
        2395000	       140	800001de	f0f40413	addi	x8,x8,-241	  x8:0x0f0f1000  x8=0x0f0f0f0f
        2405000	       141	800001e2	3a241073	csrrw	x0,pmpcfg2,x8	  x8:0x0f0f0f0f  x0=0x00000000
        2435000	       144	800001e6	00003417	auipc	x8,0x3	  x8=0x800031e6
        2445000	       145	800001ea	2d640413	addi	x8,x8,726	  x8:0x800031e6  x8=0x800034bc
        2455000	       146	800001ee	ccccd3b7	lui	x7,0xccccd	  x7=0xccccd000
        2465000	       147	800001f2	ccc38393	addi	x7,x7,-820	  x7:0xccccd000  x7=0xcccccccc
        2475000	       148	800001f6	941e	c.add	x8,x7	  x8:0x800034bc  x7:0xcccccccc  x8=0x4ccd0188
        2485000	       149	800001f8	8009	c.srli	x8,0x2	  x8:0x4ccd0188  x8=0x13334062
        2495000	       150	800001fa	3bc41073	csrrw	x0,pmpaddr12,x8	  x8:0x13334062  x0=0x00000000
        2525000	       153	800001fe	00003417	auipc	x8,0x3	  x8=0x800031fe
        2535000	       154	80000202	2be40413	addi	x8,x8,702	  x8:0x800031fe  x8=0x800034bc
        2545000	       155	80000206	dddde3b7	lui	x7,0xdddde	  x7=0xdddde000
        2555000	       156	8000020a	ddd38393	addi	x7,x7,-547	  x7:0xdddde000  x7=0xdddddddd
        2565000	       157	8000020e	941e	c.add	x8,x7	  x8:0x800034bc  x7:0xdddddddd  x8=0x5dde1299
        2575000	       158	80000210	8009	c.srli	x8,0x2	  x8:0x5dde1299  x8=0x177784a6
        2585000	       159	80000212	3bd41073	csrrw	x0,pmpaddr13,x8	  x8:0x177784a6  x0=0x00000000
        2615000	       162	80000216	00003417	auipc	x8,0x3	  x8=0x80003216
        2625000	       163	8000021a	2a640413	addi	x8,x8,678	  x8:0x80003216  x8=0x800034bc
        2635000	       164	8000021e	eeeef3b7	lui	x7,0xeeeef	  x7=0xeeeef000
        2645000	       165	80000222	eee38393	addi	x7,x7,-274	  x7:0xeeeef000  x7=0xeeeeeeee
        2655000	       166	80000226	941e	c.add	x8,x7	  x8:0x800034bc  x7:0xeeeeeeee  x8=0x6eef23aa
        2665000	       167	80000228	8009	c.srli	x8,0x2	  x8:0x6eef23aa  x8=0x1bbbc8ea
        2675000	       168	8000022a	3be41073	csrrw	x0,pmpaddr14,x8	  x8:0x1bbbc8ea  x0=0x00000000
        2705000	       171	8000022e	00003417	auipc	x8,0x3	  x8=0x8000322e
        2715000	       172	80000232	28e40413	addi	x8,x8,654	  x8:0x8000322e  x8=0x800034bc
        2725000	       173	80000236	fff00393	addi	x7,x0,-1	  x0:0x00000000  x7=0xffffffff
        2735000	       174	8000023a	941e	c.add	x8,x7	  x8:0x800034bc  x7:0xffffffff  x8=0x800034bb
        2745000	       175	8000023c	8009	c.srli	x8,0x2	  x8:0x800034bb  x8=0x20000d2e
        2755000	       176	8000023e	3bf41073	csrrw	x0,pmpaddr15,x8	  x8:0x20000d2e  x0=0x00000000
        2785000	       179	80000242	0f0f1437	lui	x8,0xf0f1	  x8=0x0f0f1000
        2795000	       180	80000246	f0f40413	addi	x8,x8,-241	  x8:0x0f0f1000  x8=0x0f0f0f0f
        2805000	       181	8000024a	3a341073	csrrw	x0,pmpcfg3,x8	  x8:0x0f0f0f0f  x0=0x00000000
        2835000	       184	8000024e	00000397	auipc	x7,0x0	  x7=0x8000024e
        2845000	       185	80000252	06038393	addi	x7,x7,96	  x7:0x8000024e  x7=0x800002ae
        2855000	       186	80000256	34139073	csrrw	x0,mepc,x7	  x7:0x800002ae  x0=0x00000000
        2865000	       187	8000025a	7c00d073	csrrwi	x0,0x7c0,1	  x0=0x00000000
        2895000	       190	8000025e	4d4023b7	lui	x7,0x4d402	  x7=0x4d402000
        2905000	       191	80000262	8b638393	addi	x7,x7,-1866	  x7:0x4d402000  x7=0x4d4018b6
        2915000	       192	80000266	30039073	csrrw	x0,mstatus,x7	  x7:0x4d4018b6  x0=0x00000000
        2945000	       195	8000026a	75d973b7	lui	x7,0x75d97	  x7=0x75d97000
        2955000	       196	8000026e	bff38393	addi	x7,x7,-1025	  x7:0x75d97000  x7=0x75d96bff
        2965000	       197	80000272	30439073	csrrw	x0,mie,x7	  x7:0x75d96bff  x0=0x00000000
        2995000	       200	80000276	90000cb7	lui	x25,0x90000	 x25=0x90000000
        3005000	       201	8000027a	1cf1	c.addi	x25,-4	 x25:0x90000000 x25=0x8ffffffc
        3015000	       202	8000027c	30000393	addi	x7,x0,768	  x0:0x00000000  x7=0x00000300
        3025000	       203	80000280	03a2	c.slli	x7,0x8	  x7:0x00000300  x7=0x00030000
        3035000	       204	80000282	038d	c.addi	x7,3	  x7:0x00030000  x7=0x00030003
        3045000	       205	80000284	007ca023	sw	x7,0(x25)	 x25:0x8ffffffc  x7:0x00030003 PA:0x8ffffffc store:0x00030003 load:0x00000000
        3055000	       206	80000288	300023f3	csrrs	x7,mstatus,x0	  x0:0x00000000  x7=0x00001880
        3065000	       207	8000028c	007ca023	sw	x7,0(x25)	 x25:0x8ffffffc  x7:0x00001880 PA:0x8ffffffc store:0x00001880 load:0x00000000
        3075000	       208	80000290	90000cb7	lui	x25,0x90000	 x25=0x90000000
        3085000	       209	80000294	1cf1	c.addi	x25,-4	 x25:0x90000000 x25=0x8ffffffc
        3095000	       210	80000296	30400393	addi	x7,x0,772	  x0:0x00000000  x7=0x00000304
        3105000	       211	8000029a	03a2	c.slli	x7,0x8	  x7:0x00000304  x7=0x00030400
        3115000	       212	8000029c	038d	c.addi	x7,3	  x7:0x00030400  x7=0x00030403
        3125000	       213	8000029e	007ca023	sw	x7,0(x25)	 x25:0x8ffffffc  x7:0x00030403 PA:0x8ffffffc store:0x00030403 load:0x00000000
        3135000	       214	800002a2	304023f3	csrrs	x7,mie,x0	  x0:0x00000000  x7=0x75d90888
        3145000	       215	800002a6	007ca023	sw	x7,0(x25)	 x25:0x8ffffffc  x7:0x75d90888 PA:0x8ffffffc store:0x75d90888 load:0x00000000
        3155000	       216	800002aa	30200073	mret	
        3195000	       220	800002ae	80000037	lui	x0,0x80000	  x0=0x00000000
        3205000	       221	800002b2	0001	c.addi	x0,0	  x0:0x00000000  x0=0x00000000
        3215000	       222	800002b4	800000b7	lui	x1,0x80000	  x1=0x80000000
        3225000	       223	800002b8	f63cf137	lui	x2,0xf63cf	  x2=0xf63cf000
        3235000	       224	800002bc	95a10113	addi	x2,x2,-1702	  x2:0xf63cf000  x2=0xf63ce95a
        3245000	       225	800002c0	f6f701b7	lui	x3,0xf6f70	  x3=0xf6f70000
        3255000	       226	800002c4	b9218193	addi	x3,x3,-1134	  x3:0xf6f70000  x3=0xf6f6fb92
        3265000	       227	800002c8	fcbe8237	lui	x4,0xfcbe8	  x4=0xfcbe8000
        3275000	       228	800002cc	87520213	addi	x4,x4,-1931	  x4:0xfcbe8000  x4=0xfcbe7875
        3285000	       229	800002d0	f13802b7	lui	x5,0xf1380	  x5=0xf1380000
        3295000	       230	800002d4	92928293	addi	x5,x5,-1751	  x5:0xf1380000  x5=0xf137f929
        3305000	       231	800002d8	4311	c.li	x6,4	  x6=0x00000004
        3315000	       232	800002da	4399	c.li	x7,6	  x7=0x00000006
        3325000	       233	800002dc	80000437	lui	x8,0x80000	  x8=0x80000000
        3335000	       234	800002e0	4481	c.li	x9,0	  x9=0x00000000
        3345000	       235	800002e2	80000537	lui	x10,0x80000	 x10=0x80000000
        3355000	       236	800002e6	800005b7	lui	x11,0x80000	 x11=0x80000000
        3365000	       237	800002ea	4681	c.li	x13,0	 x13=0x00000000
        3375000	       238	800002ec	c5d10737	lui	x14,0xc5d10	 x14=0xc5d10000
        3385000	       239	800002f0	b9670713	addi	x14,x14,-1130	 x14:0xc5d10000 x14=0xc5d0fb96
        3395000	       240	800002f4	08f4b7b7	lui	x15,0x8f4b	 x15=0x08f4b000
        3405000	       241	800002f8	17a9	c.addi	x15,-22	 x15:0x08f4b000 x15=0x08f4afea
        3415000	       242	800002fa	4801	c.li	x16,0	 x16=0x00000000
        3425000	       243	800002fc	f2d268b7	lui	x17,0xf2d26	 x17=0xf2d26000
        3435000	       244	80000300	99a88893	addi	x17,x17,-1638	 x17:0xf2d26000 x17=0xf2d2599a
        3445000	       245	80000304	f04f5937	lui	x18,0xf04f5	 x18=0xf04f5000
        3455000	       246	80000308	51590913	addi	x18,x18,1301	 x18:0xf04f5000 x18=0xf04f5515
        3465000	       247	8000030c	4991	c.li	x19,4	 x19=0x00000004
        3475000	       248	8000030e	80000a37	lui	x20,0x80000	 x20=0x80000000
        3485000	       249	80000312	4a81	c.li	x21,0	 x21=0x00000000
        3495000	       250	80000314	f9d9fb37	lui	x22,0xf9d9f	 x22=0xf9d9f000
        3505000	       251	80000318	3d9b0b13	addi	x22,x22,985	 x22:0xf9d9f000 x22=0xf9d9f3d9
        3515000	       252	8000031c	80000bb7	lui	x23,0x80000	 x23=0x80000000
        3525000	       253	80000320	f0a97c37	lui	x24,0xf0a97	 x24=0xf0a97000
        3535000	       254	80000324	ddfc0c13	addi	x24,x24,-545	 x24:0xf0a97000 x24=0xf0a96ddf
        3545000	       255	80000328	f4cc3cb7	lui	x25,0xf4cc3	 x25=0xf4cc3000
        3555000	       256	8000032c	bcfc8c93	addi	x25,x25,-1073	 x25:0xf4cc3000 x25=0xf4cc2bcf
        3565000	       257	80000330	4d01	c.li	x26,0	 x26=0x00000000
        3575000	       258	80000332	f8832db7	lui	x27,0xf8832	 x27=0xf8832000
        3585000	       259	80000336	ce3d8d93	addi	x27,x27,-797	 x27:0xf8832000 x27=0xf8831ce3
        3595000	       260	8000033a	4e81	c.li	x29,0	 x29=0x00000000
        3605000	       261	8000033c	fc6dbf37	lui	x30,0xfc6db	 x30=0xfc6db000
        3615000	       262	80000340	9b3f0f13	addi	x30,x30,-1613	 x30:0xfc6db000 x30=0xfc6da9b3
        3625000	       263	80000344	80000fb7	lui	x31,0x80000	 x31=0x80000000
        3635000	       264	80000348	00029e17	auipc	x28,0x29	 x28=0x80029348
        3645000	       265	8000034c	b1ce0e13	addi	x28,x28,-1252	 x28:0x80029348 x28=0x80028e64
        3655000	       266	80000350	90000cb7	lui	x25,0x90000	 x25=0x90000000
        3665000	       267	80000354	1cf1	c.addi	x25,-4	 x25:0x90000000 x25=0x8ffffffc
        3675000	       268	80000356	4381	c.li	x7,0	  x7=0x00000000
        3685000	       269	80000358	03a2	c.slli	x7,0x8	  x7:0x00000000  x7=0x00000000
        3695000	       270	8000035a	00038393	addi	x7,x7,0	  x7:0x00000000  x7=0x00000000
        3705000	       271	8000035e	007ca023	sw	x7,0(x25)	 x25:0x8ffffffc  x7:0x00000000 PA:0x8ffffffc store:0x00000000 load:0x00000000
        3715000	       272	80000362	15a0306f	jal	x0,800034bc	  x0=0x00000000
        3735000	       274	800034bc	0001f697	auipc	x13,0x1f	 x13=0x800224bc
        3745000	       275	800034c0	8ed68693	addi	x13,x13,-1811	 x13:0x800224bc x13=0x80021da9
        3755000	       276	800034c4	009ec9b3	xor	x19,x29,x9	 x29:0x00000000  x9:0x00000000 x19=0x00000000
        3765000	       277	800034c8	ff86cc03	lbu	x24,-8(x13)	 x13:0x80021da9 x24=0x0000005a PA:0x80021da1 load:0x0000005a
        3775000	       278	800034cc	00d68283	lb	x5,13(x13)	 x13:0x80021da9  x5=0x0000006d PA:0x80021db6 load:0x0000006d
        3785000	       279	800034d0	ff26c483	lbu	x9,-14(x13)	 x13:0x80021da9  x9=0x00000050 PA:0x80021d9b load:0x00000050
        3805000	       281	800034d4	8d05	c.sub	x10,x9	 x10:0x80000000  x9:0x00000050 x10=0x7fffffb0
        3815000	       282	800034d6	340062f3	csrrsi	x5,mscratch,0	  x5=0x00000000
        3825000	       283	800034da	ff66c503	lbu	x10,-10(x13)	 x13:0x80021da9 x10=0x00000054 PA:0x80021d9f load:0x00000054
        3835000	       284	800034de	29c98293	addi	x5,x19,668	 x19:0x00000000  x5=0x0000029c
        3845000	       285	800034e2	00c68503	lb	x10,12(x13)	 x13:0x80021da9 x10=0x0000006e PA:0x80021db5 load:0x0000006e
        3885000	       289	800034e6	029299b3	mulh	x19,x5,x9	  x5:0x0000029c  x9:0x00000050 x19=0x00000000
        3895000	       290	800034ea	0096dc03	lhu	x24,9(x13)	 x13:0x80021da9 x24=0x00006869 PA:0x80021db2 load:0x00006869
        3905000	       291	800034ee	00e68503	lb	x10,14(x13)	 x13:0x80021da9 x10=0x0000006c PA:0x80021db7 load:0x0000006c
        3925000	       293	800034f2	01d502b3	add	x5,x10,x29	 x10:0x0000006c x29:0x00000000  x5=0x0000006c
        3935000	       294	800034f6	ffb6cc03	lbu	x24,-5(x13)	 x13:0x80021da9 x24=0x0000005f PA:0x80021da4 load:0x0000005f
        3945000	       295	800034fa	009694a3	sh	x9,9(x13)	 x13:0x80021da9  x9:0x00000050 PA:0x80021db2 store:0x00000050 load:0x00000000
        3955000	       296	800034fe	0000100f	fence.i	
        3985000	       299	80003502	00c68503	lb	x10,12(x13)	 x13:0x80021da9 x10=0x0000006e PA:0x80021db5 load:0x0000006e
        3995000	       300	80003506	5219a513	slti	x10,x19,1313	 x19:0x00000000 x10=0x00000001
        4005000	       301	8000350a	0096d503	lhu	x10,9(x13)	 x13:0x80021da9 x10=0x00000050 PA:0x80021db2 load:0x00000050
        4015000	       302	8000350e	01368723	sb	x19,14(x13)	 x13:0x80021da9 x19:0x00000000 PA:0x80021db7 store:0x00000000 load:0x00000000
        4025000	       303	80003512	fe56a9a3	sw	x5,-13(x13)	 x13:0x80021da9  x5:0x0000006c PA:0x80021d9c store:0x0000006c load:0x00000000
        4035000	       304	80003516	00568523	sb	x5,10(x13)	 x13:0x80021da9  x5:0x0000006c PA:0x80021db3 store:0x0000006c load:0x00000000
        4045000	       305	8000351a	ffc6ce83	lbu	x29,-4(x13)	 x13:0x80021da9 x29=0x0000005e PA:0x80021da5 load:0x0000005e
        4055000	       306	8000351e	49a5	c.li	x19,9	 x19=0x00000009
        4065000	       307	80003520	ff8698a3	sh	x24,-15(x13)	 x13:0x80021da9 x24:0x0000005f PA:0x80021d9a store:0x0000005f load:0x00000000
        4075000	       308	80003524	8cc9	c.or	x9,x10	  x9:0x00000050 x10:0x00000050  x9=0x00000050
        4085000	       309	80003526	00d68503	lb	x10,13(x13)	 x13:0x80021da9 x10=0x0000006d PA:0x80021db6 load:0x0000006d
        4095000	       310	8000352a	0189b9b3	sltu	x19,x19,x24	 x19:0x00000009 x24:0x0000005f x19=0x00000001
        4105000	       311	8000352e	d679c513	xori	x10,x19,-665	 x19:0x00000001 x10=0xfffffd66
        4115000	       312	80003532	ff06c483	lbu	x9,-16(x13)	 x13:0x80021da9  x9=0x00000052 PA:0x80021d99 load:0x00000052
        4125000	       313	80003536	ff969503	lh	x10,-7(x13)	 x13:0x80021da9 x10=0x00005859 PA:0x80021da2 load:0x00005859
        4135000	       314	8000353a	ff46cc03	lbu	x24,-12(x13)	 x13:0x80021da9 x24=0x00000000 PA:0x80021d9d load:0x00000000
        4145000	       315	8000353e	ff468c03	lb	x24,-12(x13)	 x13:0x80021da9 x24=0x00000000 PA:0x80021d9d load:0x00000000
        4155000	       316	80003542	ffa68503	lb	x10,-6(x13)	 x13:0x80021da9 x10=0x00000058 PA:0x80021da3 load:0x00000058
        4165000	       317	80003546	0ff0000f	fence	iorw,iorw	
        4175000	       318	8000354a	340e69f3	csrrsi	x19,mscratch,28	 x19=0x00000000
        4185000	       319	8000354e	ffd69483	lh	x9,-3(x13)	 x13:0x80021da9  x9=0x00005c5d PA:0x80021da6 load:0x00005c5d
        4195000	       320	80003552	00e68983	lb	x19,14(x13)	 x13:0x80021da9 x19=0x00000000 PA:0x80021db7 load:0x00000000
        4205000	       321	80003556	ffe6c483	lbu	x9,-2(x13)	 x13:0x80021da9  x9=0x0000005c PA:0x80021da7 load:0x0000005c
        4225000	       323	8000355a	98fd	c.andi	x9,-1	  x9:0x0000005c  x9=0x0000005c
        4235000	       324	8000355c	00c6c483	lbu	x9,12(x13)	 x13:0x80021da9  x9=0x0000006e PA:0x80021db5 load:0x0000006e
        4245000	       325	80003560	5afd	c.li	x21,-1	 x21=0xffffffff
        4255000	       326	80003562	420d	c.li	x4,3	  x4=0x00000003
        4285000	       329	80003564	02098fb3	mul	x31,x19,x0	 x19:0x00000000  x0:0x00000000 x31=0x00000000
        4295000	       330	80003568	1ffd	c.addi	x31,-1	 x31:0x00000000 x31=0xffffffff
        4305000	       331	8000356a	0a91	c.addi	x21,4	 x21:0xffffffff x21=0x00000003
        4315000	       332	8000356c	5371	c.li	x6,-4	  x6=0xfffffffc
        4325000	       333	8000356e	2ca93513	sltiu	x10,x18,714	 x18:0xf04f5515 x10=0x00000000
        4335000	       334	80003572	4891	c.li	x17,4	 x17=0x00000004
        4705000	       371	80003574	0354eeb3	rem	x29,x9,x21	  x9:0x0000006e x21:0x00000003 x29=0x00000002
        4735000	       374	80003578	026100b3	mul	x1,x2,x6	  x2:0xf63ce95a  x6:0xfffffffc  x1=0x270c5a98
        4745000	       375	8000357c	c11f4513	xori	x10,x30,-1007	 x30:0xfc6da9b3 x10=0x039255a2
        4755000	       376	80003580	0311	c.addi	x6,4	  x6:0xfffffffc  x6=0x00000000
        4765000	       377	80003582	017d89b3	add	x19,x27,x23	 x27:0xf8831ce3 x23:0x80000000 x19=0x78831ce3
        4775000	       378	80003586	ff1347e3	blt	x6,x17,80003574	  x6:0x00000000 x17:0x00000004
        5155000	       416	80003574	0354eeb3	rem	x29,x9,x21	  x9:0x0000006e x21:0x00000003 x29=0x00000002
        5185000	       419	80003578	026100b3	mul	x1,x2,x6	  x2:0xf63ce95a  x6:0x00000000  x1=0x00000000
        5195000	       420	8000357c	c11f4513	xori	x10,x30,-1007	 x30:0xfc6da9b3 x10=0x039255a2
        5205000	       421	80003580	0311	c.addi	x6,4	  x6:0x00000000  x6=0x00000004
        5215000	       422	80003582	017d89b3	add	x19,x27,x23	 x27:0xf8831ce3 x23:0x80000000 x19=0x78831ce3
        5225000	       423	80003586	ff1347e3	blt	x6,x17,80003574	  x6:0x00000004 x17:0x00000004
        5235000	       424	8000358a	fc4a8de3	beq	x21,x4,80003564	 x21:0x00000003  x4:0x00000003
        5275000	       428	80003564	02098fb3	mul	x31,x19,x0	 x19:0x78831ce3  x0:0x00000000 x31=0x00000000
        5285000	       429	80003568	1ffd	c.addi	x31,-1	 x31:0x00000000 x31=0xffffffff
        5295000	       430	8000356a	0a91	c.addi	x21,4	 x21:0x00000003 x21=0x00000007
        5305000	       431	8000356c	5371	c.li	x6,-4	  x6=0xfffffffc
        5315000	       432	8000356e	2ca93513	sltiu	x10,x18,714	 x18:0xf04f5515 x10=0x00000000
        5325000	       433	80003572	4891	c.li	x17,4	 x17=0x00000004
        5695000	       470	80003574	0354eeb3	rem	x29,x9,x21	  x9:0x0000006e x21:0x00000007 x29=0x00000005
        5725000	       473	80003578	026100b3	mul	x1,x2,x6	  x2:0xf63ce95a  x6:0xfffffffc  x1=0x270c5a98
        5735000	       474	8000357c	c11f4513	xori	x10,x30,-1007	 x30:0xfc6da9b3 x10=0x039255a2
        5745000	       475	80003580	0311	c.addi	x6,4	  x6:0xfffffffc  x6=0x00000000
        5755000	       476	80003582	017d89b3	add	x19,x27,x23	 x27:0xf8831ce3 x23:0x80000000 x19=0x78831ce3
        5765000	       477	80003586	ff1347e3	blt	x6,x17,80003574	  x6:0x00000000 x17:0x00000004
        6145000	       515	80003574	0354eeb3	rem	x29,x9,x21	  x9:0x0000006e x21:0x00000007 x29=0x00000005
        6185000	       519	8000272c	fcafe06f	jal	x0,80000ef6	  x0=0x00000000
        6205000	       521	80000ef6	1671	c.addi	x12,-4	 x12:0x8002cce4 x12=0x8002cce0
        6215000	       522	80000ef8	01c62023	sw	x28,0(x12)	 x12:0x8002cce0 x28:0x80028e64 PA:0x8002cce0 store:0x80028e64 load:0x00000000
        6225000	       523	80000efc	00060e33	add	x28,x12,x0	 x12:0x8002cce0  x0:0x00000000 x28=0x8002cce0
        6235000	       524	80000f00	f80e0e13	addi	x28,x28,-128	 x28:0x8002cce0 x28=0x8002cc60
        6245000	       525	80000f04	001e2223	sw	x1,4(x28)	 x28:0x8002cc60  x1:0x270c5a98 PA:0x8002cc64 store:0x270c5a98 load:0x00000000
        6255000	       526	80000f08	002e2423	sw	x2,8(x28)	 x28:0x8002cc60  x2:0xf63ce95a PA:0x8002cc68 store:0xf63ce95a load:0x00000000
        6265000	       527	80000f0c	003e2623	sw	x3,12(x28)	 x28:0x8002cc60  x3:0xf6f6fb92 PA:0x8002cc6c store:0xf6f6fb92 load:0x00000000
        6275000	       528	80000f10	004e2823	sw	x4,16(x28)	 x28:0x8002cc60  x4:0x00000003 PA:0x8002cc70 store:0x00000003 load:0x00000000
        6285000	       529	80000f14	005e2a23	sw	x5,20(x28)	 x28:0x8002cc60  x5:0x0000006c PA:0x8002cc74 store:0x0000006c load:0x00000000
        6295000	       530	80000f18	006e2c23	sw	x6,24(x28)	 x28:0x8002cc60  x6:0x00000000 PA:0x8002cc78 store:0x00000000 load:0x00000000
        6305000	       531	80000f1c	007e2e23	sw	x7,28(x28)	 x28:0x8002cc60  x7:0x00000000 PA:0x8002cc7c store:0x00000000 load:0x00000000
        6315000	       532	80000f20	028e2023	sw	x8,32(x28)	 x28:0x8002cc60  x8:0x80000000 PA:0x8002cc80 store:0x80000000 load:0x00000000
        6325000	       533	80000f24	029e2223	sw	x9,36(x28)	 x28:0x8002cc60  x9:0x0000006e PA:0x8002cc84 store:0x0000006e load:0x00000000
        6335000	       534	80000f28	02ae2423	sw	x10,40(x28)	 x28:0x8002cc60 x10:0x039255a2 PA:0x8002cc88 store:0x039255a2 load:0x00000000
        6345000	       535	80000f2c	02be2623	sw	x11,44(x28)	 x28:0x8002cc60 x11:0x80000000 PA:0x8002cc8c store:0x80000000 load:0x00000000
        6355000	       536	80000f30	02ce2823	sw	x12,48(x28)	 x28:0x8002cc60 x12:0x8002cce0 PA:0x8002cc90 store:0x8002cce0 load:0x00000000
        6365000	       537	80000f34	02de2a23	sw	x13,52(x28)	 x28:0x8002cc60 x13:0x80021da9 PA:0x8002cc94 store:0x80021da9 load:0x00000000
        6375000	       538	80000f38	02ee2c23	sw	x14,56(x28)	 x28:0x8002cc60 x14:0xc5d0fb96 PA:0x8002cc98 store:0xc5d0fb96 load:0x00000000
        6385000	       539	80000f3c	02fe2e23	sw	x15,60(x28)	 x28:0x8002cc60 x15:0x08f4afea PA:0x8002cc9c store:0x08f4afea load:0x00000000
        6395000	       540	80000f40	050e2023	sw	x16,64(x28)	 x28:0x8002cc60 x16:0x00000000 PA:0x8002cca0 store:0x00000000 load:0x00000000
        6405000	       541	80000f44	051e2223	sw	x17,68(x28)	 x28:0x8002cc60 x17:0x00000004 PA:0x8002cca4 store:0x00000004 load:0x00000000
        6415000	       542	80000f48	052e2423	sw	x18,72(x28)	 x28:0x8002cc60 x18:0xf04f5515 PA:0x8002cca8 store:0xf04f5515 load:0x00000000
        6425000	       543	80000f4c	053e2623	sw	x19,76(x28)	 x28:0x8002cc60 x19:0x78831ce3 PA:0x8002ccac store:0x78831ce3 load:0x00000000
        6435000	       544	80000f50	054e2823	sw	x20,80(x28)	 x28:0x8002cc60 x20:0x80000000 PA:0x8002ccb0 store:0x80000000 load:0x00000000
        6445000	       545	80000f54	055e2a23	sw	x21,84(x28)	 x28:0x8002cc60 x21:0x00000007 PA:0x8002ccb4 store:0x00000007 load:0x00000000
        6455000	       546	80000f58	056e2c23	sw	x22,88(x28)	 x28:0x8002cc60 x22:0xf9d9f3d9 PA:0x8002ccb8 store:0xf9d9f3d9 load:0x00000000
        6465000	       547	80000f5c	057e2e23	sw	x23,92(x28)	 x28:0x8002cc60 x23:0x80000000 PA:0x8002ccbc store:0x80000000 load:0x00000000
        6475000	       548	80000f60	078e2023	sw	x24,96(x28)	 x28:0x8002cc60 x24:0x00000000 PA:0x8002ccc0 store:0x00000000 load:0x00000000
        6485000	       549	80000f64	079e2223	sw	x25,100(x28)	 x28:0x8002cc60 x25:0x8ffffffc PA:0x8002ccc4 store:0x8ffffffc load:0x00000000
        6495000	       550	80000f68	07ae2423	sw	x26,104(x28)	 x28:0x8002cc60 x26:0x00000000 PA:0x8002ccc8 store:0x00000000 load:0x00000000
        6505000	       551	80000f6c	07be2623	sw	x27,108(x28)	 x28:0x8002cc60 x27:0xf8831ce3 PA:0x8002cccc store:0xf8831ce3 load:0x00000000
        6515000	       552	80000f70	07ce2823	sw	x28,112(x28)	 x28:0x8002cc60 x28:0x8002cc60 PA:0x8002ccd0 store:0x8002cc60 load:0x00000000
        6525000	       553	80000f74	07de2a23	sw	x29,116(x28)	 x28:0x8002cc60 x29:0x00000005 PA:0x8002ccd4 store:0x00000005 load:0x00000000
        6535000	       554	80000f78	07ee2c23	sw	x30,120(x28)	 x28:0x8002cc60 x30:0xfc6da9b3 PA:0x8002ccd8 store:0xfc6da9b3 load:0x00000000
        6545000	       555	80000f7c	07fe2e23	sw	x31,124(x28)	 x28:0x8002cc60 x31:0xffffffff PA:0x8002ccdc store:0xffffffff load:0x00000000
        6555000	       556	80000f80	000e0633	add	x12,x28,x0	 x28:0x8002cc60  x0:0x00000000 x12=0x8002cc60
        6565000	       557	80000f84	90000cb7	lui	x25,0x90000	 x25=0x90000000
        6575000	       558	80000f88	1cf1	c.addi	x25,-4	 x25:0x90000000 x25=0x8ffffffc
        6585000	       559	80000f8a	4399	c.li	x7,6	  x7=0x00000006
        6595000	       560	80000f8c	03a2	c.slli	x7,0x8	  x7:0x00000006  x7=0x00000600
        6605000	       561	80000f8e	00038393	addi	x7,x7,0	  x7:0x00000600  x7=0x00000600
        6615000	       562	80000f92	007ca023	sw	x7,0(x25)	 x25:0x8ffffffc  x7:0x00000600 PA:0x8ffffffc store:0x00000600 load:0x00000000
        6625000	       563	80000f96	342023f3	csrrs	x7,mcause,x0	  x0:0x00000000  x7=0x8000000b
        6635000	       564	80000f9a	01f3d393	srli	x7,x7,0x1f	  x7:0x8000000b  x7=0x00000001
        6645000	       565	80000f9e	06038863	beq	x7,x0,8000100e	  x7:0x00000001  x0:0x00000000
        6655000	       566	80000fa2	90000cb7	lui	x25,0x90000	 x25=0x90000000
        6665000	       567	80000fa6	1cf1	c.addi	x25,-4	 x25:0x90000000 x25=0x8ffffffc
        6675000	       568	80000fa8	30000393	addi	x7,x0,768	  x0:0x00000000  x7=0x00000300
        6685000	       569	80000fac	03a2	c.slli	x7,0x8	  x7:0x00000300  x7=0x00030000
        6695000	       570	80000fae	038d	c.addi	x7,3	  x7:0x00030000  x7=0x00030003
        6705000	       571	80000fb0	007ca023	sw	x7,0(x25)	 x25:0x8ffffffc  x7:0x00030003 PA:0x8ffffffc store:0x00030003 load:0x00000000
        6715000	       572	80000fb4	300023f3	csrrs	x7,mstatus,x0	  x0:0x00000000  x7=0x00001880
        6725000	       573	80000fb8	007ca023	sw	x7,0(x25)	 x25:0x8ffffffc  x7:0x00001880 PA:0x8ffffffc store:0x00001880 load:0x00000000
        6735000	       574	80000fbc	90000cb7	lui	x25,0x90000	 x25=0x90000000
        6745000	       575	80000fc0	1cf1	c.addi	x25,-4	 x25:0x90000000 x25=0x8ffffffc
        6755000	       576	80000fc2	34200393	addi	x7,x0,834	  x0:0x00000000  x7=0x00000342
        6765000	       577	80000fc6	03a2	c.slli	x7,0x8	  x7:0x00000342  x7=0x00034200
        6775000	       578	80000fc8	038d	c.addi	x7,3	  x7:0x00034200  x7=0x00034203
        6785000	       579	80000fca	007ca023	sw	x7,0(x25)	 x25:0x8ffffffc  x7:0x00034203 PA:0x8ffffffc store:0x00034203 load:0x00000000
        6795000	       580	80000fce	342023f3	csrrs	x7,mcause,x0	  x0:0x00000000  x7=0x8000000b
        6805000	       581	80000fd2	007ca023	sw	x7,0(x25)	 x25:0x8ffffffc  x7:0x8000000b PA:0x8ffffffc store:0x8000000b load:0x00000000
        6815000	       582	80000fd6	90000cb7	lui	x25,0x90000	 x25=0x90000000
        6825000	       583	80000fda	1cf1	c.addi	x25,-4	 x25:0x90000000 x25=0x8ffffffc
        6835000	       584	80000fdc	30400393	addi	x7,x0,772	  x0:0x00000000  x7=0x00000304
        6845000	       585	80000fe0	03a2	c.slli	x7,0x8	  x7:0x00000304  x7=0x00030400
        6855000	       586	80000fe2	038d	c.addi	x7,3	  x7:0x00030400  x7=0x00030403
        6865000	       587	80000fe4	007ca023	sw	x7,0(x25)	 x25:0x8ffffffc  x7:0x00030403 PA:0x8ffffffc store:0x00030403 load:0x00000000
        6875000	       588	80000fe8	304023f3	csrrs	x7,mie,x0	  x0:0x00000000  x7=0x75d90888
        6885000	       589	80000fec	007ca023	sw	x7,0(x25)	 x25:0x8ffffffc  x7:0x75d90888 PA:0x8ffffffc store:0x75d90888 load:0x00000000
        6895000	       590	80000ff0	90000cb7	lui	x25,0x90000	 x25=0x90000000
        6905000	       591	80000ff4	1cf1	c.addi	x25,-4	 x25:0x90000000 x25=0x8ffffffc
        6915000	       592	80000ff6	34400393	addi	x7,x0,836	  x0:0x00000000  x7=0x00000344
        6925000	       593	80000ffa	03a2	c.slli	x7,0x8	  x7:0x00000344  x7=0x00034400
        6935000	       594	80000ffc	038d	c.addi	x7,3	  x7:0x00034400  x7=0x00034403
        6945000	       595	80000ffe	007ca023	sw	x7,0(x25)	 x25:0x8ffffffc  x7:0x00034403 PA:0x8ffffffc store:0x00034403 load:0x00000000
        6955000	       596	80001002	344023f3	csrrs	x7,mip,x0	  x0:0x00000000  x7=0x00000000
        6965000	       597	80001006	007ca023	sw	x7,0(x25)	 x25:0x8ffffffc  x7:0x00000000 PA:0x8ffffffc store:0x00000000 load:0x00000000
        6975000	       598	8000100a	3aa1106f	jal	x0,800123b4	  x0=0x00000000
        6995000	       600	800123b4	300023f3	csrrs	x7,mstatus,x0	  x0:0x00000000  x7=0x00001880
        7005000	       601	800123b8	304023f3	csrrs	x7,mie,x0	  x0:0x00000000  x7=0x75d90888
        7015000	       602	800123bc	344023f3	csrrs	x7,mip,x0	  x0:0x00000000  x7=0x00000000
        7025000	       603	800123c0	3443b3f3	csrrc	x7,mip,x7	  x7:0x00000000  x7=0x00000000
        7055000	       606	800123c4	90000cb7	lui	x25,0x90000	 x25=0x90000000
        7065000	       607	800123c8	1cf1	c.addi	x25,-4	 x25:0x90000000 x25=0x8ffffffc
        7075000	       608	800123ca	439d	c.li	x7,7	  x7=0x00000007
        7085000	       609	800123cc	03a2	c.slli	x7,0x8	  x7:0x00000007  x7=0x00000700
        7095000	       610	800123ce	00038393	addi	x7,x7,0	  x7:0x00000700  x7=0x00000700
        7105000	       611	800123d2	007ca023	sw	x7,0(x25)	 x25:0x8ffffffc  x7:0x00000700 PA:0x8ffffffc store:0x00000700 load:0x00000000
        7115000	       612	800123d6	00060e33	add	x28,x12,x0	 x12:0x8002cc60  x0:0x00000000 x28=0x8002cc60
        7125000	       613	800123da	004e2083	lw	x1,4(x28)	 x28:0x8002cc60  x1=0x270c5a98 PA:0x8002cc64 load:0x270c5a98
        7135000	       614	800123de	008e2103	lw	x2,8(x28)	 x28:0x8002cc60  x2=0xf63ce95a PA:0x8002cc68 load:0xf63ce95a
        7145000	       615	800123e2	00ce2183	lw	x3,12(x28)	 x28:0x8002cc60  x3=0xf6f6fb92 PA:0x8002cc6c load:0xf6f6fb92
        7155000	       616	800123e6	010e2203	lw	x4,16(x28)	 x28:0x8002cc60  x4=0x00000003 PA:0x8002cc70 load:0x00000003
        7165000	       617	800123ea	014e2283	lw	x5,20(x28)	 x28:0x8002cc60  x5=0x0000006c PA:0x8002cc74 load:0x0000006c
        7175000	       618	800123ee	018e2303	lw	x6,24(x28)	 x28:0x8002cc60  x6=0x00000000 PA:0x8002cc78 load:0x00000000
        7185000	       619	800123f2	01ce2383	lw	x7,28(x28)	 x28:0x8002cc60  x7=0x00000000 PA:0x8002cc7c load:0x00000000
        7195000	       620	800123f6	020e2403	lw	x8,32(x28)	 x28:0x8002cc60  x8=0x80000000 PA:0x8002cc80 load:0x80000000
        7205000	       621	800123fa	024e2483	lw	x9,36(x28)	 x28:0x8002cc60  x9=0x0000006e PA:0x8002cc84 load:0x0000006e
        7215000	       622	800123fe	028e2503	lw	x10,40(x28)	 x28:0x8002cc60 x10=0x039255a2 PA:0x8002cc88 load:0x039255a2
        7225000	       623	80012402	02ce2583	lw	x11,44(x28)	 x28:0x8002cc60 x11=0x80000000 PA:0x8002cc8c load:0x80000000
        7235000	       624	80012406	030e2603	lw	x12,48(x28)	 x28:0x8002cc60 x12=0x8002cce0 PA:0x8002cc90 load:0x8002cce0
        7245000	       625	8001240a	034e2683	lw	x13,52(x28)	 x28:0x8002cc60 x13=0x80021da9 PA:0x8002cc94 load:0x80021da9
        7255000	       626	8001240e	038e2703	lw	x14,56(x28)	 x28:0x8002cc60 x14=0xc5d0fb96 PA:0x8002cc98 load:0xc5d0fb96
        7265000	       627	80012412	03ce2783	lw	x15,60(x28)	 x28:0x8002cc60 x15=0x08f4afea PA:0x8002cc9c load:0x08f4afea
        7275000	       628	80012416	040e2803	lw	x16,64(x28)	 x28:0x8002cc60 x16=0x00000000 PA:0x8002cca0 load:0x00000000
        7285000	       629	8001241a	044e2883	lw	x17,68(x28)	 x28:0x8002cc60 x17=0x00000004 PA:0x8002cca4 load:0x00000004
        7295000	       630	8001241e	048e2903	lw	x18,72(x28)	 x28:0x8002cc60 x18=0xf04f5515 PA:0x8002cca8 load:0xf04f5515
        7305000	       631	80012422	04ce2983	lw	x19,76(x28)	 x28:0x8002cc60 x19=0x78831ce3 PA:0x8002ccac load:0x78831ce3
        7315000	       632	80012426	050e2a03	lw	x20,80(x28)	 x28:0x8002cc60 x20=0x80000000 PA:0x8002ccb0 load:0x80000000
        7325000	       633	8001242a	054e2a83	lw	x21,84(x28)	 x28:0x8002cc60 x21=0x00000007 PA:0x8002ccb4 load:0x00000007
        7335000	       634	8001242e	058e2b03	lw	x22,88(x28)	 x28:0x8002cc60 x22=0xf9d9f3d9 PA:0x8002ccb8 load:0xf9d9f3d9
        7345000	       635	80012432	05ce2b83	lw	x23,92(x28)	 x28:0x8002cc60 x23=0x80000000 PA:0x8002ccbc load:0x80000000
        7355000	       636	80012436	060e2c03	lw	x24,96(x28)	 x28:0x8002cc60 x24=0x00000000 PA:0x8002ccc0 load:0x00000000
        7365000	       637	8001243a	064e2c83	lw	x25,100(x28)	 x28:0x8002cc60 x25=0x8ffffffc PA:0x8002ccc4 load:0x8ffffffc
        7375000	       638	8001243e	068e2d03	lw	x26,104(x28)	 x28:0x8002cc60 x26=0x00000000 PA:0x8002ccc8 load:0x00000000
        7385000	       639	80012442	06ce2d83	lw	x27,108(x28)	 x28:0x8002cc60 x27=0xf8831ce3 PA:0x8002cccc load:0xf8831ce3
        7395000	       640	80012446	070e2e03	lw	x28,112(x28)	 x28:0x8002cc60 x28=0x8002cc60 PA:0x8002ccd0 load:0x8002cc60
        7415000	       642	8001244a	074e2e83	lw	x29,116(x28)	 x28:0x8002cc60 x29=0x00000005 PA:0x8002ccd4 load:0x00000005
        7425000	       643	8001244e	078e2f03	lw	x30,120(x28)	 x28:0x8002cc60 x30=0xfc6da9b3 PA:0x8002ccd8 load:0xfc6da9b3
        7435000	       644	80012452	07ce2f83	lw	x31,124(x28)	 x28:0x8002cc60 x31=0xffffffff PA:0x8002ccdc load:0xffffffff
        7445000	       645	80012456	080e0e13	addi	x28,x28,128	 x28:0x8002cc60 x28=0x8002cce0
        7455000	       646	8001245a	000e0633	add	x12,x28,x0	 x28:0x8002cce0  x0:0x00000000 x12=0x8002cce0
        7465000	       647	8001245e	00062e03	lw	x28,0(x12)	 x12:0x8002cce0 x28=0x80028e64 PA:0x8002cce0 load:0x80028e64
        7475000	       648	80012462	0611	c.addi	x12,4	 x12:0x8002cce0 x12=0x8002cce4
        7485000	       649	80012464	30200073	mret	
        7535000	       654	80003578	026100b3	mul	x1,x2,x6	  x2:0xf63ce95a  x6:0x00000000  x1=0x00000000
        7545000	       655	8000357c	c11f4513	xori	x10,x30,-1007	 x30:0xfc6da9b3 x10=0x039255a2
        7555000	       656	80003580	0311	c.addi	x6,4	  x6:0x00000000  x6=0x00000004
        7565000	       657	80003582	017d89b3	add	x19,x27,x23	 x27:0xf8831ce3 x23:0x80000000 x19=0x78831ce3
        7575000	       658	80003586	ff1347e3	blt	x6,x17,80003574	  x6:0x00000004 x17:0x00000004
        7585000	       659	8000358a	fc4a8de3	beq	x21,x4,80003564	 x21:0x00000007  x4:0x00000003
        7595000	       660	8000358e	60b4fa13	andi	x20,x9,1547	  x9:0x0000006e x20=0x0000000a
        7605000	       661	80003592	00019297	auipc	x5,0x19	  x5=0x8001c592
        7615000	       662	80003596	17428293	addi	x5,x5,372	  x5:0x8001c592  x5=0x8001c706
        7625000	       663	8000359a	f7028ca3	sb	x16,-135(x5)	  x5:0x8001c706 x16:0x00000000 PA:0x8001c67f store:0x00000000 load:0x00000000
        7635000	       664	8000359e	00014f17	auipc	x30,0x14	 x30=0x8001759e
        7645000	       665	800035a2	467f0f13	addi	x30,x30,1127	 x30:0x8001759e x30=0x80017a05
        7655000	       666	800035a6	007f21a3	sw	x7,3(x30)	 x30:0x80017a05  x7:0x00000000 PA:0x80017a08 store:0x00000000 load:0x00000000
        7665000	       667	800035aa	ff2f0a83	lb	x21,-14(x30)	 x30:0x80017a05 x21=0xffffffac PA:0x800179f7 load:0xffffffac
        7675000	       668	800035ae	f7a2ab83	lw	x23,-134(x5)	  x5:0x8001c706 x23=0x38393a3b PA:0x8001c680 load:0x38393a3b
        7685000	       669	800035b2	ae929d23	sh	x9,-1286(x5)	  x5:0x8001c706  x9:0x0000006e PA:0x8001c200 store:0x0000006e load:0x00000000
        7695000	       670	800035b6	007f1683	lh	x13,7(x30)	 x30:0x80017a05 x13=0xffffc6c7 PA:0x80017a0c load:0xffffc6c7
        7705000	       671	800035ba	e3328ba3	sb	x19,-457(x5)	  x5:0x8001c706 x19:0x78831ce3 PA:0x8001c53d store:0x78831ce3 load:0x00000000
        7715000	       672	800035be	b1028f83	lb	x31,-1264(x5)	  x5:0x8001c706 x31=0xffffffcd PA:0x8001c216 load:0xffffffcd
        7735000	       674	800035c2	ffff0923	sb	x31,-14(x30)	 x30:0x80017a05 x31:0xffffffcd PA:0x800179f7 store:0xffffffcd load:0x00000000
        7745000	       675	800035c6	015f04a3	sb	x21,9(x30)	 x30:0x80017a05 x21:0xffffffac PA:0x80017a0e store:0xffffffac load:0x00000000
        7755000	       676	800035ca	88928a23	sb	x9,-1900(x5)	  x5:0x8001c706  x9:0x0000006e PA:0x8001bf9a store:0x0000006e load:0x00000000
        7765000	       677	800035ce	6a229803	lh	x16,1698(x5)	  x5:0x8001c706 x16=0x00006263 PA:0x8001cda8 load:0x00006263
        7775000	       678	800035d2	ffaf0823	sb	x26,-16(x30)	 x30:0x80017a05 x26:0x00000000 PA:0x800179f5 store:0x00000000 load:0x00000000
        7785000	       679	800035d6	ff2f0083	lb	x1,-14(x30)	 x30:0x80017a05  x1=0xffffffcd PA:0x800179f7 load:0xffffffcd
        7795000	       680	800035da	006f4003	lbu	x0,6(x30)	 x30:0x80017a05  x0=0x00000000 PA:0x80017a0b load:0x00000000
        7805000	       681	800035de	c192ca83	lbu	x21,-999(x5)	  x5:0x8001c706 x21=0x000000d4 PA:0x8001c31f load:0x000000d4
        7815000	       682	800035e2	4632c503	lbu	x10,1123(x5)	  x5:0x8001c706 x10=0x00000022 PA:0x8001cb69 load:0x00000022
        7825000	       683	800035e6	d942d783	lhu	x15,-620(x5)	  x5:0x8001c706 x15=0x00005051 PA:0x8001c49a load:0x00005051
        7835000	       684	800035ea	00011c17	auipc	x24,0x11	 x24=0x800145ea
        7845000	       685	800035ee	867c0c13	addi	x24,x24,-1945	 x24:0x800145ea x24=0x80013e51
        7855000	       686	800035f2	0179a133	slt	x2,x19,x23	 x19:0x78831ce3 x23:0x38393a3b  x2=0x00000000
        7865000	       687	800035f6	feac0303	lb	x6,-22(x24)	 x24:0x80013e51  x6=0xfffffff0 PA:0x80013e3b load:0xfffffff0
        7875000	       688	800035fa	027c4c83	lbu	x25,39(x24)	 x24:0x80013e51 x25=0x00000033 PA:0x80013e78 load:0x00000033
        7885000	       689	800035fe	feec4d83	lbu	x27,-18(x24)	 x24:0x80013e51 x27=0x000000f4 PA:0x80013e3f load:0x000000f4
        7895000	       690	80003602	feec4d03	lbu	x26,-18(x24)	 x24:0x80013e51 x26=0x000000f4 PA:0x80013e3f load:0x000000f4
        7905000	       691	80003606	feec0103	lb	x2,-18(x24)	 x24:0x80013e51  x2=0xfffffff4 PA:0x80013e3f load:0xfffffff4
        7915000	       692	8000360a	405dd993	srai	x19,x27,0x5	 x27:0x000000f4 x19=0x00000007
        7925000	       693	8000360e	feec4803	lbu	x16,-18(x24)	 x24:0x80013e51 x16=0x000000f4 PA:0x80013e3f load:0x000000f4
        7935000	       694	80003612	feec4203	lbu	x4,-18(x24)	 x24:0x80013e51  x4=0x000000f4 PA:0x80013e3f load:0x000000f4
        7945000	       695	80003616	feec0f03	lb	x30,-18(x24)	 x24:0x80013e51 x30=0xfffffff4 PA:0x80013e3f load:0xfffffff4
        7955000	       696	8000361a	ff6c0c83	lb	x25,-10(x24)	 x24:0x80013e51 x25=0xfffffffc PA:0x80013e47 load:0xfffffffc
        7965000	       697	8000361e	ff6c0883	lb	x17,-10(x24)	 x24:0x80013e51 x17=0xfffffffc PA:0x80013e47 load:0xfffffffc
        7975000	       698	80003622	fe8c0b23	sb	x8,-10(x24)	 x24:0x80013e51  x8:0x80000000 PA:0x80013e47 store:0x80000000 load:0x00000000
        7985000	       699	80003626	fecc0b23	sb	x12,-10(x24)	 x24:0x80013e51 x12:0x8002cce4 PA:0x80013e47 store:0x8002cce4 load:0x00000000
        7995000	       700	8000362a	ff6c0003	lb	x0,-10(x24)	 x24:0x80013e51  x0=0x00000000 PA:0x80013e47 load:0xffffffe4
        8005000	       701	8000362e	02ac0803	lb	x16,42(x24)	 x24:0x80013e51 x16=0x00000030 PA:0x80013e7b load:0x00000030
        8015000	       702	80003632	febc1303	lh	x6,-21(x24)	 x24:0x80013e51  x6=0xfffff6f7 PA:0x80013e3c load:0xfffff6f7
        8025000	       703	80003636	febc0f03	lb	x30,-21(x24)	 x24:0x80013e51 x30=0xfffffff7 PA:0x80013e3c load:0xfffffff7
        8045000	       705	8000363a	03ec27a3	sw	x30,47(x24)	 x24:0x80013e51 x30:0xfffffff7 PA:0x80013e80 store:0xfffffff7 load:0x00000000
        8415000	       742	8000363e	034dedb3	rem	x27,x27,x20	 x27:0x000000f4 x20:0x0000000a x27=0x00000004
        8425000	       743	80003642	02fc0803	lb	x16,47(x24)	 x24:0x80013e51 x16=0xfffffff7 PA:0x80013e80 load:0xfffffff7
        8435000	       744	80003646	02fc0383	lb	x7,47(x24)	 x24:0x80013e51  x7=0xfffffff7 PA:0x80013e80 load:0xfffffff7
        8445000	       745	8000364a	024c0183	lb	x3,36(x24)	 x24:0x80013e51  x3=0x0000002e PA:0x80013e75 load:0x0000002e
        8455000	       746	8000364e	00010d17	auipc	x26,0x10	 x26=0x8001364e
        8465000	       747	80003652	515d0d13	addi	x26,x26,1301	 x26:0x8001364e x26=0x80013b63
        8475000	       748	80003656	00016a97	auipc	x21,0x16	 x21=0x80019656
        8485000	       749	8000365a	c5aa8a93	addi	x21,x21,-934	 x21:0x80019656 x21=0x800192b0
        8495000	       750	8000365e	000aa003	lw	x0,0(x21)	 x21:0x800192b0  x0=0x00000000 PA:0x800192b0 load:0x68696a6b
        8505000	       751	80003662	030d4983	lbu	x19,48(x26)	 x26:0x80013b63 x19=0x00000048 PA:0x80013b93 load:0x00000048
        8515000	       752	80003666	01fd05a3	sb	x31,11(x26)	 x26:0x80013b63 x31:0xffffffcd PA:0x80013b6e store:0xffffffcd load:0x00000000
        8525000	       753	8000366a	010ac103	lbu	x2,16(x21)	 x21:0x800192b0  x2=0x0000007b PA:0x800192c0 load:0x0000007b
        8535000	       754	8000366e	005a9223	sh	x5,4(x21)	 x21:0x800192b0  x5:0x8001c706 PA:0x800192b4 store:0x8001c706 load:0x00000000
        8545000	       755	80003672	006a83a3	sb	x6,7(x21)	 x21:0x800192b0  x6:0xfffff6f7 PA:0x800192b7 store:0xfffff6f7 load:0x00000000
        8555000	       756	80003676	00cd0083	lb	x1,12(x26)	 x26:0x80013b63  x1=0x00000024 PA:0x80013b6f load:0x00000024
        8565000	       757	8000367a	008d0383	lb	x7,8(x26)	 x26:0x80013b63  x7=0x00000020 PA:0x80013b6b load:0x00000020
        8575000	       758	8000367e	011a8123	sb	x17,2(x21)	 x21:0x800192b0 x17:0xfffffffc PA:0x800192b2 store:0xfffffffc load:0x00000000
        8585000	       759	80003682	ff6a8503	lb	x10,-10(x21)	 x21:0x800192b0 x10=0x0000005d PA:0x800192a6 load:0x0000005d
        8595000	       760	80003686	038d0903	lb	x18,56(x26)	 x26:0x80013b63 x18=0x00000050 PA:0x80013b9b load:0x00000050
        8605000	       761	8000368a	014aa823	sw	x20,16(x21)	 x21:0x800192b0 x20:0x0000000a PA:0x800192c0 store:0x0000000a load:0x00000000
        8615000	       762	8000368e	0001bc17	auipc	x24,0x1b	 x24=0x8001e68e
        8625000	       763	80003692	e48c0c13	addi	x24,x24,-440	 x24:0x8001e68e x24=0x8001e4d6
        8635000	       764	80003696	00dc0883	lb	x17,13(x24)	 x24:0x8001e4d6 x17=0xffffff98 PA:0x8001e4e3 load:0xffffff98
        8645000	       765	8000369a	ff3c4b03	lbu	x22,-13(x24)	 x24:0x8001e4d6 x22=0x00000082 PA:0x8001e4c9 load:0x00000082
        8655000	       766	8000369e	ff7c4a83	lbu	x21,-9(x24)	 x24:0x8001e4d6 x21=0x00000086 PA:0x8001e4cd load:0x00000086
        8665000	       767	800036a2	fffc0ba3	sb	x31,-9(x24)	 x24:0x8001e4d6 x31:0xffffffcd PA:0x8001e4cd store:0xffffffcd load:0x00000000
        8675000	       768	800036a6	ff7c0083	lb	x1,-9(x24)	 x24:0x8001e4d6  x1=0xffffffcd PA:0x8001e4cd load:0xffffffcd
        8685000	       769	800036aa	005c1823	sh	x5,16(x24)	 x24:0x8001e4d6  x5:0x8001c706 PA:0x8001e4e6 store:0x8001c706 load:0x00000000
        8695000	       770	800036ae	004c1823	sh	x4,16(x24)	 x24:0x8001e4d6  x4:0x000000f4 PA:0x8001e4e6 store:0x000000f4 load:0x00000000
        8705000	       771	800036b2	340a2d73	csrrs	x26,mscratch,x20	 x20:0x0000000a x26=0x0000001c
        8715000	       772	800036b6	010c5203	lhu	x4,16(x24)	 x24:0x8001e4d6  x4=0x000000f4 PA:0x8001e4e6 load:0x000000f4
        8725000	       773	800036ba	010c1083	lh	x1,16(x24)	 x24:0x8001e4d6  x1=0x000000f4 PA:0x8001e4e6 load:0x000000f4
        8735000	       774	800036be	010c5083	lhu	x1,16(x24)	 x24:0x8001e4d6  x1=0x000000f4 PA:0x8001e4e6 load:0x000000f4
        8745000	       775	800036c2	010c5583	lhu	x11,16(x24)	 x24:0x8001e4d6 x11=0x000000f4 PA:0x8001e4e6 load:0x000000f4
        8755000	       776	800036c6	010c1003	lh	x0,16(x24)	 x24:0x8001e4d6  x0=0x00000000 PA:0x8001e4e6 load:0x000000f4
        8765000	       777	800036ca	010c0283	lb	x5,16(x24)	 x24:0x8001e4d6  x5=0xfffffff4 PA:0x8001e4e6 load:0xfffffff4
        8775000	       778	800036ce	010c1883	lh	x17,16(x24)	 x24:0x8001e4d6 x17=0x000000f4 PA:0x8001e4e6 load:0x000000f4
        8785000	       779	800036d2	010c4b83	lbu	x23,16(x24)	 x24:0x8001e4d6 x23=0x000000f4 PA:0x8001e4e6 load:0x000000f4
        8795000	       780	800036d6	01ac1823	sh	x26,16(x24)	 x24:0x8001e4d6 x26:0x0000001c PA:0x8001e4e6 store:0x0000001c load:0x00000000
        8805000	       781	800036da	010c1a83	lh	x21,16(x24)	 x24:0x8001e4d6 x21=0x0000001c PA:0x8001e4e6 load:0x0000001c
        8815000	       782	800036de	00bc4103	lbu	x2,11(x24)	 x24:0x8001e4d6  x2=0x0000009a PA:0x8001e4e1 load:0x0000009a
        8825000	       783	800036e2	00bc0f83	lb	x31,11(x24)	 x24:0x8001e4d6 x31=0xffffff9a PA:0x8001e4e1 load:0xffffff9a
        8835000	       784	800036e6	00017497	auipc	x9,0x17	  x9=0x8001a6e6
        8845000	       785	800036ea	f6748493	addi	x9,x9,-153	  x9:0x8001a6e6  x9=0x8001a64d
        8855000	       786	800036ee	fde48ca3	sb	x30,-39(x9)	  x9:0x8001a64d x30:0xfffffff7 PA:0x8001a626 store:0xfffffff7 load:0x00000000
        8865000	       787	800036f2	fb248f23	sb	x18,-66(x9)	  x9:0x8001a64d x18:0x00000050 PA:0x8001a60b store:0x00000050 load:0x00000000
        8875000	       788	800036f6	0de4c103	lbu	x2,222(x9)	  x9:0x8001a64d  x2=0x000000e0 PA:0x8001a72b load:0x000000e0
        8885000	       789	800036fa	0cd48a03	lb	x20,205(x9)	  x9:0x8001a64d x20=0xffffffd1 PA:0x8001a71a load:0xffffffd1
        8895000	       790	800036fe	10500073	wfi	
        9255000	       826	8000272c	fcafe06f	jal	x0,80000ef6	  x0=0x00000000
        9275000	       828	80000ef6	1671	c.addi	x12,-4	 x12:0x8002cce4 x12=0x8002cce0
        9285000	       829	80000ef8	01c62023	sw	x28,0(x12)	 x12:0x8002cce0 x28:0x80028e64 PA:0x8002cce0 store:0x80028e64 load:0x00000000
        9295000	       830	80000efc	00060e33	add	x28,x12,x0	 x12:0x8002cce0  x0:0x00000000 x28=0x8002cce0
        9305000	       831	80000f00	f80e0e13	addi	x28,x28,-128	 x28:0x8002cce0 x28=0x8002cc60
        9315000	       832	80000f04	001e2223	sw	x1,4(x28)	 x28:0x8002cc60  x1:0x000000f4 PA:0x8002cc64 store:0x000000f4 load:0x00000000
        9325000	       833	80000f08	002e2423	sw	x2,8(x28)	 x28:0x8002cc60  x2:0x000000e0 PA:0x8002cc68 store:0x000000e0 load:0x00000000
        9335000	       834	80000f0c	003e2623	sw	x3,12(x28)	 x28:0x8002cc60  x3:0x0000002e PA:0x8002cc6c store:0x0000002e load:0x00000000
        9345000	       835	80000f10	004e2823	sw	x4,16(x28)	 x28:0x8002cc60  x4:0x000000f4 PA:0x8002cc70 store:0x000000f4 load:0x00000000
        9355000	       836	80000f14	005e2a23	sw	x5,20(x28)	 x28:0x8002cc60  x5:0xfffffff4 PA:0x8002cc74 store:0xfffffff4 load:0x00000000
        9365000	       837	80000f18	006e2c23	sw	x6,24(x28)	 x28:0x8002cc60  x6:0xfffff6f7 PA:0x8002cc78 store:0xfffff6f7 load:0x00000000
        9375000	       838	80000f1c	007e2e23	sw	x7,28(x28)	 x28:0x8002cc60  x7:0x00000020 PA:0x8002cc7c store:0x00000020 load:0x00000000
        9385000	       839	80000f20	028e2023	sw	x8,32(x28)	 x28:0x8002cc60  x8:0x80000000 PA:0x8002cc80 store:0x80000000 load:0x00000000
        9395000	       840	80000f24	029e2223	sw	x9,36(x28)	 x28:0x8002cc60  x9:0x8001a64d PA:0x8002cc84 store:0x8001a64d load:0x00000000
        9405000	       841	80000f28	02ae2423	sw	x10,40(x28)	 x28:0x8002cc60 x10:0x0000005d PA:0x8002cc88 store:0x0000005d load:0x00000000
        9415000	       842	80000f2c	02be2623	sw	x11,44(x28)	 x28:0x8002cc60 x11:0x000000f4 PA:0x8002cc8c store:0x000000f4 load:0x00000000
        9425000	       843	80000f30	02ce2823	sw	x12,48(x28)	 x28:0x8002cc60 x12:0x8002cce0 PA:0x8002cc90 store:0x8002cce0 load:0x00000000
        9435000	       844	80000f34	02de2a23	sw	x13,52(x28)	 x28:0x8002cc60 x13:0xffffc6c7 PA:0x8002cc94 store:0xffffc6c7 load:0x00000000
        9445000	       845	80000f38	02ee2c23	sw	x14,56(x28)	 x28:0x8002cc60 x14:0xc5d0fb96 PA:0x8002cc98 store:0xc5d0fb96 load:0x00000000
        9455000	       846	80000f3c	02fe2e23	sw	x15,60(x28)	 x28:0x8002cc60 x15:0x00005051 PA:0x8002cc9c store:0x00005051 load:0x00000000
        9465000	       847	80000f40	050e2023	sw	x16,64(x28)	 x28:0x8002cc60 x16:0xfffffff7 PA:0x8002cca0 store:0xfffffff7 load:0x00000000
        9475000	       848	80000f44	051e2223	sw	x17,68(x28)	 x28:0x8002cc60 x17:0x000000f4 PA:0x8002cca4 store:0x000000f4 load:0x00000000
        9485000	       849	80000f48	052e2423	sw	x18,72(x28)	 x28:0x8002cc60 x18:0x00000050 PA:0x8002cca8 store:0x00000050 load:0x00000000
        9495000	       850	80000f4c	053e2623	sw	x19,76(x28)	 x28:0x8002cc60 x19:0x00000048 PA:0x8002ccac store:0x00000048 load:0x00000000
        9505000	       851	80000f50	054e2823	sw	x20,80(x28)	 x28:0x8002cc60 x20:0xffffffd1 PA:0x8002ccb0 store:0xffffffd1 load:0x00000000
        9515000	       852	80000f54	055e2a23	sw	x21,84(x28)	 x28:0x8002cc60 x21:0x0000001c PA:0x8002ccb4 store:0x0000001c load:0x00000000
        9525000	       853	80000f58	056e2c23	sw	x22,88(x28)	 x28:0x8002cc60 x22:0x00000082 PA:0x8002ccb8 store:0x00000082 load:0x00000000
        9535000	       854	80000f5c	057e2e23	sw	x23,92(x28)	 x28:0x8002cc60 x23:0x000000f4 PA:0x8002ccbc store:0x000000f4 load:0x00000000
        9545000	       855	80000f60	078e2023	sw	x24,96(x28)	 x28:0x8002cc60 x24:0x8001e4d6 PA:0x8002ccc0 store:0x8001e4d6 load:0x00000000
        9555000	       856	80000f64	079e2223	sw	x25,100(x28)	 x28:0x8002cc60 x25:0xfffffffc PA:0x8002ccc4 store:0xfffffffc load:0x00000000
        9565000	       857	80000f68	07ae2423	sw	x26,104(x28)	 x28:0x8002cc60 x26:0x0000001c PA:0x8002ccc8 store:0x0000001c load:0x00000000
        9575000	       858	80000f6c	07be2623	sw	x27,108(x28)	 x28:0x8002cc60 x27:0x00000004 PA:0x8002cccc store:0x00000004 load:0x00000000
        9585000	       859	80000f70	07ce2823	sw	x28,112(x28)	 x28:0x8002cc60 x28:0x8002cc60 PA:0x8002ccd0 store:0x8002cc60 load:0x00000000
        9595000	       860	80000f74	07de2a23	sw	x29,116(x28)	 x28:0x8002cc60 x29:0x00000005 PA:0x8002ccd4 store:0x00000005 load:0x00000000
        9605000	       861	80000f78	07ee2c23	sw	x30,120(x28)	 x28:0x8002cc60 x30:0xfffffff7 PA:0x8002ccd8 store:0xfffffff7 load:0x00000000
        9615000	       862	80000f7c	07fe2e23	sw	x31,124(x28)	 x28:0x8002cc60 x31:0xffffff9a PA:0x8002ccdc store:0xffffff9a load:0x00000000
        9625000	       863	80000f80	000e0633	add	x12,x28,x0	 x28:0x8002cc60  x0:0x00000000 x12=0x8002cc60
        9635000	       864	80000f84	90000cb7	lui	x25,0x90000	 x25=0x90000000
        9645000	       865	80000f88	1cf1	c.addi	x25,-4	 x25:0x90000000 x25=0x8ffffffc
        9655000	       866	80000f8a	4399	c.li	x7,6	  x7=0x00000006
        9665000	       867	80000f8c	03a2	c.slli	x7,0x8	  x7:0x00000006  x7=0x00000600
        9675000	       868	80000f8e	00038393	addi	x7,x7,0	  x7:0x00000600  x7=0x00000600
        9685000	       869	80000f92	007ca023	sw	x7,0(x25)	 x25:0x8ffffffc  x7:0x00000600 PA:0x8ffffffc store:0x00000600 load:0x00000000
        9695000	       870	80000f96	342023f3	csrrs	x7,mcause,x0	  x0:0x00000000  x7=0x8000000b
        9705000	       871	80000f9a	01f3d393	srli	x7,x7,0x1f	  x7:0x8000000b  x7=0x00000001
        9715000	       872	80000f9e	06038863	beq	x7,x0,8000100e	  x7:0x00000001  x0:0x00000000
        9725000	       873	80000fa2	90000cb7	lui	x25,0x90000	 x25=0x90000000
        9735000	       874	80000fa6	1cf1	c.addi	x25,-4	 x25:0x90000000 x25=0x8ffffffc
        9745000	       875	80000fa8	30000393	addi	x7,x0,768	  x0:0x00000000  x7=0x00000300
        9755000	       876	80000fac	03a2	c.slli	x7,0x8	  x7:0x00000300  x7=0x00030000
        9765000	       877	80000fae	038d	c.addi	x7,3	  x7:0x00030000  x7=0x00030003
        9775000	       878	80000fb0	007ca023	sw	x7,0(x25)	 x25:0x8ffffffc  x7:0x00030003 PA:0x8ffffffc store:0x00030003 load:0x00000000
        9785000	       879	80000fb4	300023f3	csrrs	x7,mstatus,x0	  x0:0x00000000  x7=0x00001880
        9795000	       880	80000fb8	007ca023	sw	x7,0(x25)	 x25:0x8ffffffc  x7:0x00001880 PA:0x8ffffffc store:0x00001880 load:0x00000000
        9805000	       881	80000fbc	90000cb7	lui	x25,0x90000	 x25=0x90000000
        9815000	       882	80000fc0	1cf1	c.addi	x25,-4	 x25:0x90000000 x25=0x8ffffffc
        9825000	       883	80000fc2	34200393	addi	x7,x0,834	  x0:0x00000000  x7=0x00000342
        9835000	       884	80000fc6	03a2	c.slli	x7,0x8	  x7:0x00000342  x7=0x00034200
        9845000	       885	80000fc8	038d	c.addi	x7,3	  x7:0x00034200  x7=0x00034203
        9855000	       886	80000fca	007ca023	sw	x7,0(x25)	 x25:0x8ffffffc  x7:0x00034203 PA:0x8ffffffc store:0x00034203 load:0x00000000
        9865000	       887	80000fce	342023f3	csrrs	x7,mcause,x0	  x0:0x00000000  x7=0x8000000b
        9875000	       888	80000fd2	007ca023	sw	x7,0(x25)	 x25:0x8ffffffc  x7:0x8000000b PA:0x8ffffffc store:0x8000000b load:0x00000000
        9885000	       889	80000fd6	90000cb7	lui	x25,0x90000	 x25=0x90000000
        9895000	       890	80000fda	1cf1	c.addi	x25,-4	 x25:0x90000000 x25=0x8ffffffc
        9905000	       891	80000fdc	30400393	addi	x7,x0,772	  x0:0x00000000  x7=0x00000304
        9915000	       892	80000fe0	03a2	c.slli	x7,0x8	  x7:0x00000304  x7=0x00030400
        9925000	       893	80000fe2	038d	c.addi	x7,3	  x7:0x00030400  x7=0x00030403
        9935000	       894	80000fe4	007ca023	sw	x7,0(x25)	 x25:0x8ffffffc  x7:0x00030403 PA:0x8ffffffc store:0x00030403 load:0x00000000
        9945000	       895	80000fe8	304023f3	csrrs	x7,mie,x0	  x0:0x00000000  x7=0x75d90888
        9955000	       896	80000fec	007ca023	sw	x7,0(x25)	 x25:0x8ffffffc  x7:0x75d90888 PA:0x8ffffffc store:0x75d90888 load:0x00000000
        9965000	       897	80000ff0	90000cb7	lui	x25,0x90000	 x25=0x90000000
        9975000	       898	80000ff4	1cf1	c.addi	x25,-4	 x25:0x90000000 x25=0x8ffffffc
        9985000	       899	80000ff6	34400393	addi	x7,x0,836	  x0:0x00000000  x7=0x00000344
        9995000	       900	80000ffa	03a2	c.slli	x7,0x8	  x7:0x00000344  x7=0x00034400
       10005000	       901	80000ffc	038d	c.addi	x7,3	  x7:0x00034400  x7=0x00034403
       10015000	       902	80000ffe	007ca023	sw	x7,0(x25)	 x25:0x8ffffffc  x7:0x00034403 PA:0x8ffffffc store:0x00034403 load:0x00000000
       10025000	       903	80001002	344023f3	csrrs	x7,mip,x0	  x0:0x00000000  x7=0x00000000
       10035000	       904	80001006	007ca023	sw	x7,0(x25)	 x25:0x8ffffffc  x7:0x00000000 PA:0x8ffffffc store:0x00000000 load:0x00000000
       10045000	       905	8000100a	3aa1106f	jal	x0,800123b4	  x0=0x00000000
       10065000	       907	800123b4	300023f3	csrrs	x7,mstatus,x0	  x0:0x00000000  x7=0x00001880
       10075000	       908	800123b8	304023f3	csrrs	x7,mie,x0	  x0:0x00000000  x7=0x75d90888
       10085000	       909	800123bc	344023f3	csrrs	x7,mip,x0	  x0:0x00000000  x7=0x00000000
       10095000	       910	800123c0	3443b3f3	csrrc	x7,mip,x7	  x7:0x00000000  x7=0x00000000
       10125000	       913	800123c4	90000cb7	lui	x25,0x90000	 x25=0x90000000
       10135000	       914	800123c8	1cf1	c.addi	x25,-4	 x25:0x90000000 x25=0x8ffffffc
       10145000	       915	800123ca	439d	c.li	x7,7	  x7=0x00000007
       10155000	       916	800123cc	03a2	c.slli	x7,0x8	  x7:0x00000007  x7=0x00000700
       10165000	       917	800123ce	00038393	addi	x7,x7,0	  x7:0x00000700  x7=0x00000700
       10175000	       918	800123d2	007ca023	sw	x7,0(x25)	 x25:0x8ffffffc  x7:0x00000700 PA:0x8ffffffc store:0x00000700 load:0x00000000
       10185000	       919	800123d6	00060e33	add	x28,x12,x0	 x12:0x8002cc60  x0:0x00000000 x28=0x8002cc60
       10195000	       920	800123da	004e2083	lw	x1,4(x28)	 x28:0x8002cc60  x1=0x000000f4 PA:0x8002cc64 load:0x000000f4
       10205000	       921	800123de	008e2103	lw	x2,8(x28)	 x28:0x8002cc60  x2=0x000000e0 PA:0x8002cc68 load:0x000000e0
       10215000	       922	800123e2	00ce2183	lw	x3,12(x28)	 x28:0x8002cc60  x3=0x0000002e PA:0x8002cc6c load:0x0000002e
       10225000	       923	800123e6	010e2203	lw	x4,16(x28)	 x28:0x8002cc60  x4=0x000000f4 PA:0x8002cc70 load:0x000000f4
       10235000	       924	800123ea	014e2283	lw	x5,20(x28)	 x28:0x8002cc60  x5=0xfffffff4 PA:0x8002cc74 load:0xfffffff4
       10245000	       925	800123ee	018e2303	lw	x6,24(x28)	 x28:0x8002cc60  x6=0xfffff6f7 PA:0x8002cc78 load:0xfffff6f7
       10255000	       926	800123f2	01ce2383	lw	x7,28(x28)	 x28:0x8002cc60  x7=0x00000020 PA:0x8002cc7c load:0x00000020
       10265000	       927	800123f6	020e2403	lw	x8,32(x28)	 x28:0x8002cc60  x8=0x80000000 PA:0x8002cc80 load:0x80000000
       10275000	       928	800123fa	024e2483	lw	x9,36(x28)	 x28:0x8002cc60  x9=0x8001a64d PA:0x8002cc84 load:0x8001a64d
       10285000	       929	800123fe	028e2503	lw	x10,40(x28)	 x28:0x8002cc60 x10=0x0000005d PA:0x8002cc88 load:0x0000005d
       10295000	       930	80012402	02ce2583	lw	x11,44(x28)	 x28:0x8002cc60 x11=0x000000f4 PA:0x8002cc8c load:0x000000f4
       10305000	       931	80012406	030e2603	lw	x12,48(x28)	 x28:0x8002cc60 x12=0x8002cce0 PA:0x8002cc90 load:0x8002cce0
       10315000	       932	8001240a	034e2683	lw	x13,52(x28)	 x28:0x8002cc60 x13=0xffffc6c7 PA:0x8002cc94 load:0xffffc6c7
       10325000	       933	8001240e	038e2703	lw	x14,56(x28)	 x28:0x8002cc60 x14=0xc5d0fb96 PA:0x8002cc98 load:0xc5d0fb96
       10335000	       934	80012412	03ce2783	lw	x15,60(x28)	 x28:0x8002cc60 x15=0x00005051 PA:0x8002cc9c load:0x00005051
       10345000	       935	80012416	040e2803	lw	x16,64(x28)	 x28:0x8002cc60 x16=0xfffffff7 PA:0x8002cca0 load:0xfffffff7
       10355000	       936	8001241a	044e2883	lw	x17,68(x28)	 x28:0x8002cc60 x17=0x000000f4 PA:0x8002cca4 load:0x000000f4
       10365000	       937	8001241e	048e2903	lw	x18,72(x28)	 x28:0x8002cc60 x18=0x00000050 PA:0x8002cca8 load:0x00000050
       10375000	       938	80012422	04ce2983	lw	x19,76(x28)	 x28:0x8002cc60 x19=0x00000048 PA:0x8002ccac load:0x00000048
       10385000	       939	80012426	050e2a03	lw	x20,80(x28)	 x28:0x8002cc60 x20=0xffffffd1 PA:0x8002ccb0 load:0xffffffd1
       10395000	       940	8001242a	054e2a83	lw	x21,84(x28)	 x28:0x8002cc60 x21=0x0000001c PA:0x8002ccb4 load:0x0000001c
       10405000	       941	8001242e	058e2b03	lw	x22,88(x28)	 x28:0x8002cc60 x22=0x00000082 PA:0x8002ccb8 load:0x00000082
       10415000	       942	80012432	05ce2b83	lw	x23,92(x28)	 x28:0x8002cc60 x23=0x000000f4 PA:0x8002ccbc load:0x000000f4
       10425000	       943	80012436	060e2c03	lw	x24,96(x28)	 x28:0x8002cc60 x24=0x8001e4d6 PA:0x8002ccc0 load:0x8001e4d6
       10435000	       944	8001243a	064e2c83	lw	x25,100(x28)	 x28:0x8002cc60 x25=0xfffffffc PA:0x8002ccc4 load:0xfffffffc
       10445000	       945	8001243e	068e2d03	lw	x26,104(x28)	 x28:0x8002cc60 x26=0x0000001c PA:0x8002ccc8 load:0x0000001c
       10455000	       946	80012442	06ce2d83	lw	x27,108(x28)	 x28:0x8002cc60 x27=0x00000004 PA:0x8002cccc load:0x00000004
       10465000	       947	80012446	070e2e03	lw	x28,112(x28)	 x28:0x8002cc60 x28=0x8002cc60 PA:0x8002ccd0 load:0x8002cc60
       10485000	       949	8001244a	074e2e83	lw	x29,116(x28)	 x28:0x8002cc60 x29=0x00000005 PA:0x8002ccd4 load:0x00000005
       10495000	       950	8001244e	078e2f03	lw	x30,120(x28)	 x28:0x8002cc60 x30=0xfffffff7 PA:0x8002ccd8 load:0xfffffff7
       10505000	       951	80012452	07ce2f83	lw	x31,124(x28)	 x28:0x8002cc60 x31=0xffffff9a PA:0x8002ccdc load:0xffffff9a
       10515000	       952	80012456	080e0e13	addi	x28,x28,128	 x28:0x8002cc60 x28=0x8002cce0
       10525000	       953	8001245a	000e0633	add	x12,x28,x0	 x28:0x8002cce0  x0:0x00000000 x12=0x8002cce0
       10535000	       954	8001245e	00062e03	lw	x28,0(x12)	 x12:0x8002cce0 x28=0x80028e64 PA:0x8002cce0 load:0x80028e64
       10545000	       955	80012462	0611	c.addi	x12,4	 x12:0x8002cce0 x12=0x8002cce4
       10555000	       956	80012464	30200073	mret	
       10595000	       960	80003702	007a4033	xor	x0,x20,x7	 x20:0xffffffd1  x7:0x00000020  x0=0x00000000
       10605000	       961	80003706	00307933	and	x18,x0,x3	  x0:0x00000000  x3:0x0000002e x18=0x00000000
       10615000	       962	8000370a	8af1	c.andi	x13,28	 x13:0xffffc6c7 x13=0x00000004
       10625000	       963	8000370c	8faa	c.mv	x31,x10	  x0:0x00000000 x10:0x0000005d x31=0x0000005d
       10635000	       964	8000370e	340062f3	csrrsi	x5,mscratch,0	  x5=0x0000001e
       10645000	       965	80003712	10500073	wfi	
       12325000	      1133	8000272c	fcafe06f	jal	x0,80000ef6	  x0=0x00000000
       12345000	      1135	80000ef6	1671	c.addi	x12,-4	 x12:0x8002cce4 x12=0x8002cce0
       12355000	      1136	80000ef8	01c62023	sw	x28,0(x12)	 x12:0x8002cce0 x28:0x80028e64 PA:0x8002cce0 store:0x80028e64 load:0x00000000
       12365000	      1137	80000efc	00060e33	add	x28,x12,x0	 x12:0x8002cce0  x0:0x00000000 x28=0x8002cce0
       12375000	      1138	80000f00	f80e0e13	addi	x28,x28,-128	 x28:0x8002cce0 x28=0x8002cc60
       12385000	      1139	80000f04	001e2223	sw	x1,4(x28)	 x28:0x8002cc60  x1:0x000000f4 PA:0x8002cc64 store:0x000000f4 load:0x00000000
       12395000	      1140	80000f08	002e2423	sw	x2,8(x28)	 x28:0x8002cc60  x2:0x000000e0 PA:0x8002cc68 store:0x000000e0 load:0x00000000
       12405000	      1141	80000f0c	003e2623	sw	x3,12(x28)	 x28:0x8002cc60  x3:0x0000002e PA:0x8002cc6c store:0x0000002e load:0x00000000
       12415000	      1142	80000f10	004e2823	sw	x4,16(x28)	 x28:0x8002cc60  x4:0x000000f4 PA:0x8002cc70 store:0x000000f4 load:0x00000000
       12425000	      1143	80000f14	005e2a23	sw	x5,20(x28)	 x28:0x8002cc60  x5:0x0000001e PA:0x8002cc74 store:0x0000001e load:0x00000000
       12435000	      1144	80000f18	006e2c23	sw	x6,24(x28)	 x28:0x8002cc60  x6:0xfffff6f7 PA:0x8002cc78 store:0xfffff6f7 load:0x00000000
       12445000	      1145	80000f1c	007e2e23	sw	x7,28(x28)	 x28:0x8002cc60  x7:0x00000020 PA:0x8002cc7c store:0x00000020 load:0x00000000
       12455000	      1146	80000f20	028e2023	sw	x8,32(x28)	 x28:0x8002cc60  x8:0x80000000 PA:0x8002cc80 store:0x80000000 load:0x00000000
       12465000	      1147	80000f24	029e2223	sw	x9,36(x28)	 x28:0x8002cc60  x9:0x8001a64d PA:0x8002cc84 store:0x8001a64d load:0x00000000
       12475000	      1148	80000f28	02ae2423	sw	x10,40(x28)	 x28:0x8002cc60 x10:0x0000005d PA:0x8002cc88 store:0x0000005d load:0x00000000
       12485000	      1149	80000f2c	02be2623	sw	x11,44(x28)	 x28:0x8002cc60 x11:0x000000f4 PA:0x8002cc8c store:0x000000f4 load:0x00000000
       12495000	      1150	80000f30	02ce2823	sw	x12,48(x28)	 x28:0x8002cc60 x12:0x8002cce0 PA:0x8002cc90 store:0x8002cce0 load:0x00000000
       12505000	      1151	80000f34	02de2a23	sw	x13,52(x28)	 x28:0x8002cc60 x13:0x00000004 PA:0x8002cc94 store:0x00000004 load:0x00000000
       12515000	      1152	80000f38	02ee2c23	sw	x14,56(x28)	 x28:0x8002cc60 x14:0xc5d0fb96 PA:0x8002cc98 store:0xc5d0fb96 load:0x00000000
       12525000	      1153	80000f3c	02fe2e23	sw	x15,60(x28)	 x28:0x8002cc60 x15:0x00005051 PA:0x8002cc9c store:0x00005051 load:0x00000000
       12535000	      1154	80000f40	050e2023	sw	x16,64(x28)	 x28:0x8002cc60 x16:0xfffffff7 PA:0x8002cca0 store:0xfffffff7 load:0x00000000
       12545000	      1155	80000f44	051e2223	sw	x17,68(x28)	 x28:0x8002cc60 x17:0x000000f4 PA:0x8002cca4 store:0x000000f4 load:0x00000000
       12555000	      1156	80000f48	052e2423	sw	x18,72(x28)	 x28:0x8002cc60 x18:0x00000000 PA:0x8002cca8 store:0x00000000 load:0x00000000
       12565000	      1157	80000f4c	053e2623	sw	x19,76(x28)	 x28:0x8002cc60 x19:0x00000048 PA:0x8002ccac store:0x00000048 load:0x00000000
       12575000	      1158	80000f50	054e2823	sw	x20,80(x28)	 x28:0x8002cc60 x20:0xffffffd1 PA:0x8002ccb0 store:0xffffffd1 load:0x00000000
       12585000	      1159	80000f54	055e2a23	sw	x21,84(x28)	 x28:0x8002cc60 x21:0x0000001c PA:0x8002ccb4 store:0x0000001c load:0x00000000
       12595000	      1160	80000f58	056e2c23	sw	x22,88(x28)	 x28:0x8002cc60 x22:0x00000082 PA:0x8002ccb8 store:0x00000082 load:0x00000000
       12605000	      1161	80000f5c	057e2e23	sw	x23,92(x28)	 x28:0x8002cc60 x23:0x000000f4 PA:0x8002ccbc store:0x000000f4 load:0x00000000
       12615000	      1162	80000f60	078e2023	sw	x24,96(x28)	 x28:0x8002cc60 x24:0x8001e4d6 PA:0x8002ccc0 store:0x8001e4d6 load:0x00000000
       12625000	      1163	80000f64	079e2223	sw	x25,100(x28)	 x28:0x8002cc60 x25:0xfffffffc PA:0x8002ccc4 store:0xfffffffc load:0x00000000
       12635000	      1164	80000f68	07ae2423	sw	x26,104(x28)	 x28:0x8002cc60 x26:0x0000001c PA:0x8002ccc8 store:0x0000001c load:0x00000000
       12645000	      1165	80000f6c	07be2623	sw	x27,108(x28)	 x28:0x8002cc60 x27:0x00000004 PA:0x8002cccc store:0x00000004 load:0x00000000
       12655000	      1166	80000f70	07ce2823	sw	x28,112(x28)	 x28:0x8002cc60 x28:0x8002cc60 PA:0x8002ccd0 store:0x8002cc60 load:0x00000000
       12665000	      1167	80000f74	07de2a23	sw	x29,116(x28)	 x28:0x8002cc60 x29:0x00000005 PA:0x8002ccd4 store:0x00000005 load:0x00000000
       12675000	      1168	80000f78	07ee2c23	sw	x30,120(x28)	 x28:0x8002cc60 x30:0xfffffff7 PA:0x8002ccd8 store:0xfffffff7 load:0x00000000
       12685000	      1169	80000f7c	07fe2e23	sw	x31,124(x28)	 x28:0x8002cc60 x31:0x0000005d PA:0x8002ccdc store:0x0000005d load:0x00000000
       12695000	      1170	80000f80	000e0633	add	x12,x28,x0	 x28:0x8002cc60  x0:0x00000000 x12=0x8002cc60
       12705000	      1171	80000f84	90000cb7	lui	x25,0x90000	 x25=0x90000000
       12715000	      1172	80000f88	1cf1	c.addi	x25,-4	 x25:0x90000000 x25=0x8ffffffc
       12725000	      1173	80000f8a	4399	c.li	x7,6	  x7=0x00000006
       12735000	      1174	80000f8c	03a2	c.slli	x7,0x8	  x7:0x00000006  x7=0x00000600
       12745000	      1175	80000f8e	00038393	addi	x7,x7,0	  x7:0x00000600  x7=0x00000600
       12755000	      1176	80000f92	007ca023	sw	x7,0(x25)	 x25:0x8ffffffc  x7:0x00000600 PA:0x8ffffffc store:0x00000600 load:0x00000000
       12765000	      1177	80000f96	342023f3	csrrs	x7,mcause,x0	  x0:0x00000000  x7=0x8000000b
       12775000	      1178	80000f9a	01f3d393	srli	x7,x7,0x1f	  x7:0x8000000b  x7=0x00000001
       12785000	      1179	80000f9e	06038863	beq	x7,x0,8000100e	  x7:0x00000001  x0:0x00000000
       12795000	      1180	80000fa2	90000cb7	lui	x25,0x90000	 x25=0x90000000
       12805000	      1181	80000fa6	1cf1	c.addi	x25,-4	 x25:0x90000000 x25=0x8ffffffc
       12815000	      1182	80000fa8	30000393	addi	x7,x0,768	  x0:0x00000000  x7=0x00000300
       12825000	      1183	80000fac	03a2	c.slli	x7,0x8	  x7:0x00000300  x7=0x00030000
       12835000	      1184	80000fae	038d	c.addi	x7,3	  x7:0x00030000  x7=0x00030003
       12845000	      1185	80000fb0	007ca023	sw	x7,0(x25)	 x25:0x8ffffffc  x7:0x00030003 PA:0x8ffffffc store:0x00030003 load:0x00000000
       12855000	      1186	80000fb4	300023f3	csrrs	x7,mstatus,x0	  x0:0x00000000  x7=0x00001880
       12865000	      1187	80000fb8	007ca023	sw	x7,0(x25)	 x25:0x8ffffffc  x7:0x00001880 PA:0x8ffffffc store:0x00001880 load:0x00000000
       12875000	      1188	80000fbc	90000cb7	lui	x25,0x90000	 x25=0x90000000
       12885000	      1189	80000fc0	1cf1	c.addi	x25,-4	 x25:0x90000000 x25=0x8ffffffc
       12895000	      1190	80000fc2	34200393	addi	x7,x0,834	  x0:0x00000000  x7=0x00000342
       12905000	      1191	80000fc6	03a2	c.slli	x7,0x8	  x7:0x00000342  x7=0x00034200
       12915000	      1192	80000fc8	038d	c.addi	x7,3	  x7:0x00034200  x7=0x00034203
       12925000	      1193	80000fca	007ca023	sw	x7,0(x25)	 x25:0x8ffffffc  x7:0x00034203 PA:0x8ffffffc store:0x00034203 load:0x00000000
       12935000	      1194	80000fce	342023f3	csrrs	x7,mcause,x0	  x0:0x00000000  x7=0x8000000b
       12945000	      1195	80000fd2	007ca023	sw	x7,0(x25)	 x25:0x8ffffffc  x7:0x8000000b PA:0x8ffffffc store:0x8000000b load:0x00000000
       12955000	      1196	80000fd6	90000cb7	lui	x25,0x90000	 x25=0x90000000
       12965000	      1197	80000fda	1cf1	c.addi	x25,-4	 x25:0x90000000 x25=0x8ffffffc
       12975000	      1198	80000fdc	30400393	addi	x7,x0,772	  x0:0x00000000  x7=0x00000304
       12985000	      1199	80000fe0	03a2	c.slli	x7,0x8	  x7:0x00000304  x7=0x00030400
       12995000	      1200	80000fe2	038d	c.addi	x7,3	  x7:0x00030400  x7=0x00030403
       13005000	      1201	80000fe4	007ca023	sw	x7,0(x25)	 x25:0x8ffffffc  x7:0x00030403 PA:0x8ffffffc store:0x00030403 load:0x00000000
       13015000	      1202	80000fe8	304023f3	csrrs	x7,mie,x0	  x0:0x00000000  x7=0x75d90888
       13025000	      1203	80000fec	007ca023	sw	x7,0(x25)	 x25:0x8ffffffc  x7:0x75d90888 PA:0x8ffffffc store:0x75d90888 load:0x00000000
       13035000	      1204	80000ff0	90000cb7	lui	x25,0x90000	 x25=0x90000000
       13045000	      1205	80000ff4	1cf1	c.addi	x25,-4	 x25:0x90000000 x25=0x8ffffffc
       13055000	      1206	80000ff6	34400393	addi	x7,x0,836	  x0:0x00000000  x7=0x00000344
       13065000	      1207	80000ffa	03a2	c.slli	x7,0x8	  x7:0x00000344  x7=0x00034400
       13075000	      1208	80000ffc	038d	c.addi	x7,3	  x7:0x00034400  x7=0x00034403
       13085000	      1209	80000ffe	007ca023	sw	x7,0(x25)	 x25:0x8ffffffc  x7:0x00034403 PA:0x8ffffffc store:0x00034403 load:0x00000000
       13095000	      1210	80001002	344023f3	csrrs	x7,mip,x0	  x0:0x00000000  x7=0x00000000
       13105000	      1211	80001006	007ca023	sw	x7,0(x25)	 x25:0x8ffffffc  x7:0x00000000 PA:0x8ffffffc store:0x00000000 load:0x00000000
       13115000	      1212	8000100a	3aa1106f	jal	x0,800123b4	  x0=0x00000000
       13135000	      1214	800123b4	300023f3	csrrs	x7,mstatus,x0	  x0:0x00000000  x7=0x00001880
       13145000	      1215	800123b8	304023f3	csrrs	x7,mie,x0	  x0:0x00000000  x7=0x75d90888
       13155000	      1216	800123bc	344023f3	csrrs	x7,mip,x0	  x0:0x00000000  x7=0x00000000
       13165000	      1217	800123c0	3443b3f3	csrrc	x7,mip,x7	  x7:0x00000000  x7=0x00000000
       13195000	      1220	800123c4	90000cb7	lui	x25,0x90000	 x25=0x90000000
       13205000	      1221	800123c8	1cf1	c.addi	x25,-4	 x25:0x90000000 x25=0x8ffffffc
       13215000	      1222	800123ca	439d	c.li	x7,7	  x7=0x00000007
       13225000	      1223	800123cc	03a2	c.slli	x7,0x8	  x7:0x00000007  x7=0x00000700
       13235000	      1224	800123ce	00038393	addi	x7,x7,0	  x7:0x00000700  x7=0x00000700
       13245000	      1225	800123d2	007ca023	sw	x7,0(x25)	 x25:0x8ffffffc  x7:0x00000700 PA:0x8ffffffc store:0x00000700 load:0x00000000
       13255000	      1226	800123d6	00060e33	add	x28,x12,x0	 x12:0x8002cc60  x0:0x00000000 x28=0x8002cc60
       13265000	      1227	800123da	004e2083	lw	x1,4(x28)	 x28:0x8002cc60  x1=0x000000f4 PA:0x8002cc64 load:0x000000f4
       13275000	      1228	800123de	008e2103	lw	x2,8(x28)	 x28:0x8002cc60  x2=0x000000e0 PA:0x8002cc68 load:0x000000e0
       13285000	      1229	800123e2	00ce2183	lw	x3,12(x28)	 x28:0x8002cc60  x3=0x0000002e PA:0x8002cc6c load:0x0000002e
       13295000	      1230	800123e6	010e2203	lw	x4,16(x28)	 x28:0x8002cc60  x4=0x000000f4 PA:0x8002cc70 load:0x000000f4
       13305000	      1231	800123ea	014e2283	lw	x5,20(x28)	 x28:0x8002cc60  x5=0x0000001e PA:0x8002cc74 load:0x0000001e
       13315000	      1232	800123ee	018e2303	lw	x6,24(x28)	 x28:0x8002cc60  x6=0xfffff6f7 PA:0x8002cc78 load:0xfffff6f7
       13325000	      1233	800123f2	01ce2383	lw	x7,28(x28)	 x28:0x8002cc60  x7=0x00000020 PA:0x8002cc7c load:0x00000020
       13335000	      1234	800123f6	020e2403	lw	x8,32(x28)	 x28:0x8002cc60  x8=0x80000000 PA:0x8002cc80 load:0x80000000
       13345000	      1235	800123fa	024e2483	lw	x9,36(x28)	 x28:0x8002cc60  x9=0x8001a64d PA:0x8002cc84 load:0x8001a64d
       13355000	      1236	800123fe	028e2503	lw	x10,40(x28)	 x28:0x8002cc60 x10=0x0000005d PA:0x8002cc88 load:0x0000005d
       13365000	      1237	80012402	02ce2583	lw	x11,44(x28)	 x28:0x8002cc60 x11=0x000000f4 PA:0x8002cc8c load:0x000000f4
       13375000	      1238	80012406	030e2603	lw	x12,48(x28)	 x28:0x8002cc60 x12=0x8002cce0 PA:0x8002cc90 load:0x8002cce0
       13385000	      1239	8001240a	034e2683	lw	x13,52(x28)	 x28:0x8002cc60 x13=0x00000004 PA:0x8002cc94 load:0x00000004
       13395000	      1240	8001240e	038e2703	lw	x14,56(x28)	 x28:0x8002cc60 x14=0xc5d0fb96 PA:0x8002cc98 load:0xc5d0fb96
       13405000	      1241	80012412	03ce2783	lw	x15,60(x28)	 x28:0x8002cc60 x15=0x00005051 PA:0x8002cc9c load:0x00005051
       13415000	      1242	80012416	040e2803	lw	x16,64(x28)	 x28:0x8002cc60 x16=0xfffffff7 PA:0x8002cca0 load:0xfffffff7
       13425000	      1243	8001241a	044e2883	lw	x17,68(x28)	 x28:0x8002cc60 x17=0x000000f4 PA:0x8002cca4 load:0x000000f4
       13435000	      1244	8001241e	048e2903	lw	x18,72(x28)	 x28:0x8002cc60 x18=0x00000000 PA:0x8002cca8 load:0x00000000
       13445000	      1245	80012422	04ce2983	lw	x19,76(x28)	 x28:0x8002cc60 x19=0x00000048 PA:0x8002ccac load:0x00000048
       13455000	      1246	80012426	050e2a03	lw	x20,80(x28)	 x28:0x8002cc60 x20=0xffffffd1 PA:0x8002ccb0 load:0xffffffd1
       13465000	      1247	8001242a	054e2a83	lw	x21,84(x28)	 x28:0x8002cc60 x21=0x0000001c PA:0x8002ccb4 load:0x0000001c
       13475000	      1248	8001242e	058e2b03	lw	x22,88(x28)	 x28:0x8002cc60 x22=0x00000082 PA:0x8002ccb8 load:0x00000082
       13485000	      1249	80012432	05ce2b83	lw	x23,92(x28)	 x28:0x8002cc60 x23=0x000000f4 PA:0x8002ccbc load:0x000000f4
       13495000	      1250	80012436	060e2c03	lw	x24,96(x28)	 x28:0x8002cc60 x24=0x8001e4d6 PA:0x8002ccc0 load:0x8001e4d6
       13505000	      1251	8001243a	064e2c83	lw	x25,100(x28)	 x28:0x8002cc60 x25=0xfffffffc PA:0x8002ccc4 load:0xfffffffc
       13515000	      1252	8001243e	068e2d03	lw	x26,104(x28)	 x28:0x8002cc60 x26=0x0000001c PA:0x8002ccc8 load:0x0000001c
       13525000	      1253	80012442	06ce2d83	lw	x27,108(x28)	 x28:0x8002cc60 x27=0x00000004 PA:0x8002cccc load:0x00000004
       13535000	      1254	80012446	070e2e03	lw	x28,112(x28)	 x28:0x8002cc60 x28=0x8002cc60 PA:0x8002ccd0 load:0x8002cc60
       13555000	      1256	8001244a	074e2e83	lw	x29,116(x28)	 x28:0x8002cc60 x29=0x00000005 PA:0x8002ccd4 load:0x00000005
       13565000	      1257	8001244e	078e2f03	lw	x30,120(x28)	 x28:0x8002cc60 x30=0xfffffff7 PA:0x8002ccd8 load:0xfffffff7
       13575000	      1258	80012452	07ce2f83	lw	x31,124(x28)	 x28:0x8002cc60 x31=0x0000005d PA:0x8002ccdc load:0x0000005d
       13585000	      1259	80012456	080e0e13	addi	x28,x28,128	 x28:0x8002cc60 x28=0x8002cce0
       13595000	      1260	8001245a	000e0633	add	x12,x28,x0	 x28:0x8002cce0  x0:0x00000000 x12=0x8002cce0
       13605000	      1261	8001245e	00062e03	lw	x28,0(x12)	 x12:0x8002cce0 x28=0x80028e64 PA:0x8002cce0 load:0x80028e64
       13615000	      1262	80012462	0611	c.addi	x12,4	 x12:0x8002cce0 x12=0x8002cce4
       13625000	      1263	80012464	30200073	mret	
       13665000	      1267	80003716	e18e0293	addi	x5,x28,-488	 x28:0x80028e64  x5=0x80028c7c
       13675000	      1268	8000371a	f3d496a3	sh	x29,-211(x9)	  x9:0x8001a64d x29:0x00000005 PA:0x8001a57a store:0x00000005 load:0x00000000
       13685000	      1269	8000371e	f704cc03	lbu	x24,-144(x9)	  x9:0x8001a64d x24=0x00000076 PA:0x8001a5bd load:0x00000076
       13695000	      1270	80003722	0aa4c183	lbu	x3,170(x9)	  x9:0x8001a64d  x3=0x000000ac PA:0x8001a6f7 load:0x000000ac
       13705000	      1271	80003726	0cb4d303	lhu	x6,203(x9)	  x9:0x8001a64d  x6=0x0000d2d3 PA:0x8001a718 load:0x0000d2d3
       13715000	      1272	8000372a	368a2b13	slti	x22,x20,872	 x20:0xffffffd1 x22=0x00000001
       13725000	      1273	8000372e	018f3293	sltiu	x5,x30,24	 x30:0xfffffff7  x5=0x00000000
       13735000	      1274	80003732	34007273	csrrci	x4,mscratch,0	  x4=0x0000001e
       13745000	      1275	80003736	fe7494a3	sh	x7,-23(x9)	  x9:0x8001a64d  x7:0x00000020 PA:0x8001a636 store:0x00000020 load:0x00000000
       13755000	      1276	8000373a	0ad4da83	lhu	x21,173(x9)	  x9:0x8001a64d x21=0x0000b0b1 PA:0x8001a6fa load:0x0000b0b1
       13765000	      1277	8000373e	340feff3	csrrsi	x31,mscratch,31	 x31=0x0000001e
       13775000	      1278	80003742	0291	c.addi	x5,4	  x5:0x00000000  x5=0x00000004
       13785000	      1279	80003744	fe948123	sb	x9,-30(x9)	  x9:0x8001a64d  x9:0x8001a64d PA:0x8001a62f store:0x8001a64d load:0x00000000
       13795000	      1280	80003748	017445b3	xor	x11,x8,x23	  x8:0x80000000 x23:0x000000f4 x11=0x800000f4
       13805000	      1281	8000374c	004631b3	sltu	x3,x12,x4	 x12:0x8002cce4  x4:0x0000001e  x3=0x00000000
       13815000	      1282	80003750	40cc8d33	sub	x26,x25,x12	 x25:0xfffffffc x12:0x8002cce4 x26=0x7ffd3318
       13825000	      1283	80003754	05548e23	sb	x21,92(x9)	  x9:0x8001a64d x21:0x0000b0b1 PA:0x8001a6a9 store:0x0000b0b1 load:0x00000000
       13835000	      1284	80003758	0ff0000f	fence	iorw,iorw	
       13845000	      1285	8000375c	0d448ba3	sb	x20,215(x9)	  x9:0x8001a64d x20:0xffffffd1 PA:0x8001a724 store:0xffffffd1 load:0x00000000
       13855000	      1286	80003760	00014e97	auipc	x29,0x14	 x29=0x80017760
       13865000	      1287	80003764	d8ee8e93	addi	x29,x29,-626	 x29:0x80017760 x29=0x800174ee
       13875000	      1288	80003768	00010a97	auipc	x21,0x10	 x21=0x80013768
       13885000	      1289	8000376c	51ea8a93	addi	x21,x21,1310	 x21:0x80013768 x21=0x80013c86
       13895000	      1290	80003770	039ecf83	lbu	x31,57(x29)	 x29:0x800174ee x31=0x000000dc PA:0x80017527 load:0x000000dc
       13905000	      1291	80003774	ffaacd03	lbu	x26,-6(x21)	 x21:0x80013c86 x26=0x0000003b PA:0x80013c80 load:0x0000003b
       13915000	      1292	80003778	fcfec983	lbu	x19,-49(x29)	 x29:0x800174ee x19=0x00000076 PA:0x800174bd load:0x00000076
       13925000	      1293	8000377c	066a8c03	lb	x24,102(x21)	 x21:0x80013c86 x24=0xffffffa7 PA:0x80013cec load:0xffffffa7
       13945000	      1295	80003780	fd8e83a3	sb	x24,-57(x29)	 x29:0x800174ee x24:0xffffffa7 PA:0x800174b5 store:0xffffffa7 load:0x00000000
       13955000	      1296	80003784	037e8ba3	sb	x23,55(x29)	 x29:0x800174ee x23:0x000000f4 PA:0x80017525 store:0x000000f4 load:0x00000000
       13965000	      1297	80003788	f52ac483	lbu	x9,-174(x21)	 x21:0x80013c86  x9=0x00000093 PA:0x80013bd8 load:0x00000093
       13975000	      1298	8000378c	f71ac103	lbu	x2,-143(x21)	 x21:0x80013c86  x2=0x000000ac PA:0x80013bf7 load:0x000000ac
       13985000	      1299	80003790	fe1ec903	lbu	x18,-31(x29)	 x29:0x800174ee x18=0x00000084 PA:0x800174cf load:0x00000084
       13995000	      1300	80003794	006e8d23	sb	x6,26(x29)	 x29:0x800174ee  x6:0x0000d2d3 PA:0x80017508 store:0x0000d2d3 load:0x00000000
       14005000	      1301	80003798	fc6e8223	sb	x6,-60(x29)	 x29:0x800174ee  x6:0x0000d2d3 PA:0x800174b2 store:0x0000d2d3 load:0x00000000
       14015000	      1302	8000379c	f90a9b83	lh	x23,-112(x21)	 x21:0x80013c86 x23=0xffffcccd PA:0x80013c16 load:0xffffcccd
       14025000	      1303	800037a0	00013797	auipc	x15,0x13	 x15=0x800167a0
       14035000	      1304	800037a4	40e78793	addi	x15,x15,1038	 x15:0x800167a0 x15=0x80016bae
       14045000	      1305	800037a8	0001c517	auipc	x10,0x1c	 x10=0x8001f7a8
       14055000	      1306	800037ac	3ca50513	addi	x10,x10,970	 x10:0x8001f7a8 x10=0x8001fb72
       14065000	      1307	800037b0	0001da97	auipc	x21,0x1d	 x21=0x800207b0
       14075000	      1308	800037b4	345a8a93	addi	x21,x21,837	 x21:0x800207b0 x21=0x80020af5
       14085000	      1309	800037b8	76ca8ba3	sb	x12,1911(x21)	 x21:0x80020af5 x12:0x8002cce4 PA:0x8002126c store:0x8002cce4 load:0x00000000
       14095000	      1310	800037bc	ae6a9aa3	sh	x6,-1291(x21)	 x21:0x80020af5  x6:0x0000d2d3 PA:0x800205ea store:0x0000d2d3 load:0x00000000
       14105000	      1311	800037c0	fc07c103	lbu	x2,-64(x15)	 x15:0x80016bae  x2=0x00000025 PA:0x80016b6e load:0x00000025
       14115000	      1312	800037c4	68855d03	lhu	x26,1672(x10)	 x10:0x8001fb72 x26=0x0000b0b1 PA:0x800201fa load:0x0000b0b1
       14125000	      1313	800037c8	01778223	sb	x23,4(x15)	 x15:0x80016bae x23:0xffffcccd PA:0x80016bb2 store:0xffffcccd load:0x00000000
       14135000	      1314	800037cc	6e8a82a3	sb	x8,1765(x21)	 x21:0x80020af5  x8:0x80000000 PA:0x800211da store:0x80000000 load:0x00000000
       14145000	      1315	800037d0	03f78103	lb	x2,63(x15)	 x15:0x80016bae  x2=0xffffffa6 PA:0x80016bed load:0xffffffa6
       14155000	      1316	800037d4	baaa8303	lb	x6,-1110(x21)	 x21:0x80020af5  x6=0x00000054 PA:0x8002069f load:0x00000054
       14165000	      1317	800037d8	d4750b03	lb	x22,-697(x10)	 x10:0x8001fb72 x22=0x00000072 PA:0x8001f8b9 load:0x00000072
       14175000	      1318	800037dc	01f78d03	lb	x26,31(x15)	 x15:0x80016bae x26=0xffffff86 PA:0x80016bcd load:0xffffff86
       14185000	      1319	800037e0	785ac883	lbu	x17,1925(x21)	 x21:0x80020af5 x17=0x00000031 PA:0x8002127a load:0x00000031
       14195000	      1320	800037e4	649504a3	sb	x9,1609(x10)	 x10:0x8001fb72  x9:0x00000093 PA:0x800201bb store:0x00000093 load:0x00000000
       14205000	      1321	800037e8	d5c52723	sw	x28,-690(x10)	 x10:0x8001fb72 x28:0x80028e64 PA:0x8001f8c0 store:0x80028e64 load:0x00000000
       14215000	      1322	800037ec	3eb54e83	lbu	x29,1003(x10)	 x10:0x8001fb72 x29=0x00000016 PA:0x8001ff5d load:0x00000016
       14225000	      1323	800037f0	4aaa8f83	lb	x31,1194(x21)	 x21:0x80020af5 x31=0x00000054 PA:0x80020f9f load:0x00000054
       14235000	      1324	800037f4	695a8023	sb	x21,1664(x21)	 x21:0x80020af5 x21:0x80020af5 PA:0x80021175 store:0x80020af5 load:0x00000000
       14245000	      1325	800037f8	5caa82a3	sb	x10,1477(x21)	 x21:0x80020af5 x10:0x8001fb72 PA:0x800210ba store:0x8001fb72 load:0x00000000
       14255000	      1326	800037fc	22b50f03	lb	x30,555(x10)	 x10:0x8001fb72 x30=0x00000056 PA:0x8001fd9d load:0x00000056
       14265000	      1327	80003800	fc3784a3	sb	x3,-55(x15)	 x15:0x80016bae  x3:0x00000000 PA:0x80016b77 store:0x00000000 load:0x00000000
       14275000	      1328	80003804	3ad51e23	sh	x13,956(x10)	 x10:0x8001fb72 x13:0x00000004 PA:0x8001ff2e store:0x00000004 load:0x00000000
       14285000	      1329	80003808	f7bad103	lhu	x2,-133(x21)	 x21:0x80020af5  x2=0x00002a2b PA:0x80020a70 load:0x00002a2b
       14295000	      1330	8000380c	fff79023	sh	x31,-32(x15)	 x15:0x80016bae x31:0x00000054 PA:0x80016b8e store:0x00000054 load:0x00000000
       14305000	      1331	80003810	ecaa8a03	lb	x20,-310(x21)	 x21:0x80020af5 x20=0x00000074 PA:0x800209bf load:0x00000074
       14315000	      1332	80003814	00010117	auipc	x2,0x10	  x2=0x80013814
       14325000	      1333	80003818	25810113	addi	x2,x2,600	  x2:0x80013814  x2=0x80013a6c
       14335000	      1334	8000381c	3a910b83	lb	x23,937(x2)	  x2:0x80013a6c x23=0xffffffce PA:0x80013e15 load:0xffffffce
       14345000	      1335	80003820	46188b93	addi	x23,x17,1121	 x17:0x00000031 x23=0x00000492
       14355000	      1336	80003824	011318b3	sll	x17,x6,x17	  x6:0x00000054 x17:0x00000031 x17=0x00a80000
       14365000	      1337	80003828	b1f14703	lbu	x14,-1249(x2)	  x2:0x80013a6c x14=0x00000040 PA:0x8001358b load:0x00000040
       14375000	      1338	8000382c	fc610923	sb	x6,-46(x2)	  x2:0x80013a6c  x6:0x00000054 PA:0x80013a3e store:0x00000054 load:0x00000000
       14385000	      1339	80003830	a6011883	lh	x17,-1440(x2)	  x2:0x80013a6c x17=0xffff8687 PA:0x800134cc load:0xffff8687
       14395000	      1340	80003834	e8411123	sh	x4,-382(x2)	  x2:0x80013a6c  x4:0x0000001e PA:0x800138ee store:0x0000001e load:0x00000000
       14405000	      1341	80003838	340066f3	csrrsi	x13,mscratch,0	 x13=0x0000001f
       14415000	      1342	8000383c	e9310b83	lb	x23,-365(x2)	  x2:0x80013a6c x23=0xffffffb4 PA:0x800138ff load:0xffffffb4
       14785000	      1379	80003840	0266fbb3	remu	x23,x13,x6	 x13:0x0000001f  x6:0x00000054 x23=0x0000001f
       14795000	      1380	80003844	44b10683	lb	x13,1099(x2)	  x2:0x80013a6c x13=0x0000006c PA:0x80013eb7 load:0x0000006c
       14805000	      1381	80003848	c2e15203	lhu	x4,-978(x2)	  x2:0x80013a6c  x4=0x00005051 PA:0x8001369a load:0x00005051
       14815000	      1382	8000384c	f1f14b83	lbu	x23,-225(x2)	  x2:0x80013a6c x23=0x00000040 PA:0x8001398b load:0x00000040
       14825000	      1383	80003850	b0610023	sb	x6,-1280(x2)	  x2:0x80013a6c  x6:0x00000054 PA:0x8001356c store:0x00000054 load:0x00000000
       14835000	      1384	80003854	5db8c893	xori	x17,x17,1499	 x17:0xffff8687 x17=0xffff835c
       14845000	      1385	80003858	e46100a3	sb	x6,-447(x2)	  x2:0x80013a6c  x6:0x00000054 PA:0x800138ad store:0x00000054 load:0x00000000
       14855000	      1386	8000385c	34006bf3	csrrsi	x23,mscratch,0	 x23=0x0000001f
       14865000	      1387	80003860	32a15883	lhu	x17,810(x2)	  x2:0x80013a6c x17=0x00004c4d PA:0x80013d96 load:0x00004c4d
       14885000	      1389	80003864	e7110ea3	sb	x17,-387(x2)	  x2:0x80013a6c x17:0x00004c4d PA:0x800138e9 store:0x00004c4d load:0x00000000
       14895000	      1390	80003868	2a34d317	auipc	x6,0x2a34d	  x6=0xaa350868
       14905000	      1391	8000386c	8e811703	lh	x14,-1816(x2)	  x2:0x80013a6c x14=0x00000e0f PA:0x80013354 load:0x00000e0f
       14915000	      1392	80003870	e0410fa3	sb	x4,-481(x2)	  x2:0x80013a6c  x4:0x00005051 PA:0x8001388b store:0x00005051 load:0x00000000
       14925000	      1393	80003874	34032373	csrrs	x6,mscratch,x6	  x6:0xaa350868  x6=0x0000001f
       14965000	      1397	80003878	026ba233	mulhsu	x4,x23,x6	 x23:0x0000001f  x6:0x0000001f  x4=0x00000000
       14975000	      1398	8000387c	f1414683	lbu	x13,-236(x2)	  x2:0x80013a6c x13=0x0000003b PA:0x80013980 load:0x0000003b
       14985000	      1399	80003880	34032773	csrrs	x14,mscratch,x6	  x6:0x0000001f x14=0xaa35087f
       14995000	      1400	80003884	91411703	lh	x14,-1772(x2)	  x2:0x80013a6c x14=0x00003a3b PA:0x80013380 load:0x00003a3b
       15005000	      1401	80003888	906109a3	sb	x6,-1773(x2)	  x2:0x80013a6c  x6:0x0000001f PA:0x8001337f store:0x0000001f load:0x00000000
       15015000	      1402	8000388c	55615683	lhu	x13,1366(x2)	  x2:0x80013a6c x13=0x00007879 PA:0x80013fc2 load:0x00007879
       15035000	      1404	80003890	bed12c23	sw	x13,-1032(x2)	  x2:0x80013a6c x13:0x00007879 PA:0x80013664 store:0x00007879 load:0x00000000
       15045000	      1405	80003894	004746b3	xor	x13,x14,x4	 x14:0x00003a3b  x4:0x00000000 x13=0x00003a3b
       15055000	      1406	80003898	0ea11703	lh	x14,234(x2)	  x2:0x80013a6c x14=0x00000c0d PA:0x80013b56 load:0x00000c0d
       15065000	      1407	8000389c	c2f14b83	lbu	x23,-977(x2)	  x2:0x80013a6c x23=0x00000050 PA:0x8001369b load:0x00000050
       15085000	      1409	800038a0	55710ba3	sb	x23,1367(x2)	  x2:0x80013a6c x23:0x00000050 PA:0x80013fc3 store:0x00000050 load:0x00000000
       15095000	      1410	800038a4	3408b373	csrrc	x6,mscratch,x17	 x17:0x00004c4d  x6=0xaa35087f
       15105000	      1411	800038a8	3b711323	sh	x23,934(x2)	  x2:0x80013a6c x23:0x00000050 PA:0x80013e12 store:0x00000050 load:0x00000000
       15115000	      1412	800038ac	8e95	c.sub	x13,x13	 x13:0x00003a3b x13:0x00003a3b x13=0x00000000
       15125000	      1413	800038ae	09710fa3	sb	x23,159(x2)	  x2:0x80013a6c x23:0x00000050 PA:0x80013b0b store:0x00000050 load:0x00000000
       15135000	      1414	800038b2	28215b83	lhu	x23,642(x2)	  x2:0x80013a6c x23=0x0000a4a5 PA:0x80013cee load:0x0000a4a5
       15145000	      1415	800038b6	df415683	lhu	x13,-524(x2)	  x2:0x80013a6c x13=0x00001a1b PA:0x80013860 load:0x00001a1b
       15155000	      1416	800038ba	bf014b83	lbu	x23,-1040(x2)	  x2:0x80013a6c x23=0x00000017 PA:0x8001365c load:0x00000017
       15165000	      1417	800038be	23010b83	lb	x23,560(x2)	  x2:0x80013a6c x23=0x00000057 PA:0x80013c9c load:0x00000057
       15175000	      1418	800038c2	02a001ef	jal	x3,800038ec	  x3=0x800038c6
       15195000	      1420	800038ec	fdbff36f	jal	x6,800038c6	  x6=0x800038f0
       15215000	      1422	800038c6	a809	c.j	800038d8	
       15235000	      1424	800038d8	ffbffd6f	jal	x26,800038d2	 x26=0x800038dc
       15255000	      1426	800038d2	2005	c.jal	800038f2	  x1=0x800038d4
       15275000	      1428	800038f2	3fcd	c.jal	800038e4	  x1=0x800038f4
       15295000	      1430	800038e4	37ed	c.jal	800038ce	  x1=0x800038e6
       15315000	      1432	800038ce	2821	c.jal	800038e6	  x1=0x800038d0
       15335000	      1434	800038e6	b7ed	c.j	800038d0	
       15355000	      1436	800038d0	2015	c.jal	800038f4	  x1=0x800038d2
       15395000	      1440	8000272c	fcafe06f	jal	x0,80000ef6	  x0=0x00000000
       15415000	      1442	80000ef6	1671	c.addi	x12,-4	 x12:0x8002cce4 x12=0x8002cce0
       15425000	      1443	80000ef8	01c62023	sw	x28,0(x12)	 x12:0x8002cce0 x28:0x80028e64 PA:0x8002cce0 store:0x80028e64 load:0x00000000
       15435000	      1444	80000efc	00060e33	add	x28,x12,x0	 x12:0x8002cce0  x0:0x00000000 x28=0x8002cce0
       15445000	      1445	80000f00	f80e0e13	addi	x28,x28,-128	 x28:0x8002cce0 x28=0x8002cc60
       15455000	      1446	80000f04	001e2223	sw	x1,4(x28)	 x28:0x8002cc60  x1:0x800038d2 PA:0x8002cc64 store:0x800038d2 load:0x00000000
       15465000	      1447	80000f08	002e2423	sw	x2,8(x28)	 x28:0x8002cc60  x2:0x80013a6c PA:0x8002cc68 store:0x80013a6c load:0x00000000
       15475000	      1448	80000f0c	003e2623	sw	x3,12(x28)	 x28:0x8002cc60  x3:0x800038c6 PA:0x8002cc6c store:0x800038c6 load:0x00000000
       15485000	      1449	80000f10	004e2823	sw	x4,16(x28)	 x28:0x8002cc60  x4:0x00000000 PA:0x8002cc70 store:0x00000000 load:0x00000000
       15495000	      1450	80000f14	005e2a23	sw	x5,20(x28)	 x28:0x8002cc60  x5:0x00000004 PA:0x8002cc74 store:0x00000004 load:0x00000000
       15505000	      1451	80000f18	006e2c23	sw	x6,24(x28)	 x28:0x8002cc60  x6:0x800038f0 PA:0x8002cc78 store:0x800038f0 load:0x00000000
       15515000	      1452	80000f1c	007e2e23	sw	x7,28(x28)	 x28:0x8002cc60  x7:0x00000020 PA:0x8002cc7c store:0x00000020 load:0x00000000
       15525000	      1453	80000f20	028e2023	sw	x8,32(x28)	 x28:0x8002cc60  x8:0x80000000 PA:0x8002cc80 store:0x80000000 load:0x00000000
       15535000	      1454	80000f24	029e2223	sw	x9,36(x28)	 x28:0x8002cc60  x9:0x00000093 PA:0x8002cc84 store:0x00000093 load:0x00000000
       15545000	      1455	80000f28	02ae2423	sw	x10,40(x28)	 x28:0x8002cc60 x10:0x8001fb72 PA:0x8002cc88 store:0x8001fb72 load:0x00000000
       15555000	      1456	80000f2c	02be2623	sw	x11,44(x28)	 x28:0x8002cc60 x11:0x800000f4 PA:0x8002cc8c store:0x800000f4 load:0x00000000
       15565000	      1457	80000f30	02ce2823	sw	x12,48(x28)	 x28:0x8002cc60 x12:0x8002cce0 PA:0x8002cc90 store:0x8002cce0 load:0x00000000
       15575000	      1458	80000f34	02de2a23	sw	x13,52(x28)	 x28:0x8002cc60 x13:0x00001a1b PA:0x8002cc94 store:0x00001a1b load:0x00000000
       15585000	      1459	80000f38	02ee2c23	sw	x14,56(x28)	 x28:0x8002cc60 x14:0x00000c0d PA:0x8002cc98 store:0x00000c0d load:0x00000000
       15595000	      1460	80000f3c	02fe2e23	sw	x15,60(x28)	 x28:0x8002cc60 x15:0x80016bae PA:0x8002cc9c store:0x80016bae load:0x00000000
       15605000	      1461	80000f40	050e2023	sw	x16,64(x28)	 x28:0x8002cc60 x16:0xfffffff7 PA:0x8002cca0 store:0xfffffff7 load:0x00000000
       15615000	      1462	80000f44	051e2223	sw	x17,68(x28)	 x28:0x8002cc60 x17:0x00004c4d PA:0x8002cca4 store:0x00004c4d load:0x00000000
       15625000	      1463	80000f48	052e2423	sw	x18,72(x28)	 x28:0x8002cc60 x18:0x00000084 PA:0x8002cca8 store:0x00000084 load:0x00000000
       15635000	      1464	80000f4c	053e2623	sw	x19,76(x28)	 x28:0x8002cc60 x19:0x00000076 PA:0x8002ccac store:0x00000076 load:0x00000000
       15645000	      1465	80000f50	054e2823	sw	x20,80(x28)	 x28:0x8002cc60 x20:0x00000074 PA:0x8002ccb0 store:0x00000074 load:0x00000000
       15655000	      1466	80000f54	055e2a23	sw	x21,84(x28)	 x28:0x8002cc60 x21:0x80020af5 PA:0x8002ccb4 store:0x80020af5 load:0x00000000
       15665000	      1467	80000f58	056e2c23	sw	x22,88(x28)	 x28:0x8002cc60 x22:0x00000072 PA:0x8002ccb8 store:0x00000072 load:0x00000000
       15675000	      1468	80000f5c	057e2e23	sw	x23,92(x28)	 x28:0x8002cc60 x23:0x00000057 PA:0x8002ccbc store:0x00000057 load:0x00000000
       15685000	      1469	80000f60	078e2023	sw	x24,96(x28)	 x28:0x8002cc60 x24:0xffffffa7 PA:0x8002ccc0 store:0xffffffa7 load:0x00000000
       15695000	      1470	80000f64	079e2223	sw	x25,100(x28)	 x28:0x8002cc60 x25:0xfffffffc PA:0x8002ccc4 store:0xfffffffc load:0x00000000
       15705000	      1471	80000f68	07ae2423	sw	x26,104(x28)	 x28:0x8002cc60 x26:0x800038dc PA:0x8002ccc8 store:0x800038dc load:0x00000000
       15715000	      1472	80000f6c	07be2623	sw	x27,108(x28)	 x28:0x8002cc60 x27:0x00000004 PA:0x8002cccc store:0x00000004 load:0x00000000
       15725000	      1473	80000f70	07ce2823	sw	x28,112(x28)	 x28:0x8002cc60 x28:0x8002cc60 PA:0x8002ccd0 store:0x8002cc60 load:0x00000000
       15735000	      1474	80000f74	07de2a23	sw	x29,116(x28)	 x28:0x8002cc60 x29:0x00000016 PA:0x8002ccd4 store:0x00000016 load:0x00000000
       15745000	      1475	80000f78	07ee2c23	sw	x30,120(x28)	 x28:0x8002cc60 x30:0x00000056 PA:0x8002ccd8 store:0x00000056 load:0x00000000
       15755000	      1476	80000f7c	07fe2e23	sw	x31,124(x28)	 x28:0x8002cc60 x31:0x00000054 PA:0x8002ccdc store:0x00000054 load:0x00000000
       15765000	      1477	80000f80	000e0633	add	x12,x28,x0	 x28:0x8002cc60  x0:0x00000000 x12=0x8002cc60
       15775000	      1478	80000f84	90000cb7	lui	x25,0x90000	 x25=0x90000000
       15785000	      1479	80000f88	1cf1	c.addi	x25,-4	 x25:0x90000000 x25=0x8ffffffc
       15795000	      1480	80000f8a	4399	c.li	x7,6	  x7=0x00000006
       15805000	      1481	80000f8c	03a2	c.slli	x7,0x8	  x7:0x00000006  x7=0x00000600
       15815000	      1482	80000f8e	00038393	addi	x7,x7,0	  x7:0x00000600  x7=0x00000600
       15825000	      1483	80000f92	007ca023	sw	x7,0(x25)	 x25:0x8ffffffc  x7:0x00000600 PA:0x8ffffffc store:0x00000600 load:0x00000000
       15835000	      1484	80000f96	342023f3	csrrs	x7,mcause,x0	  x0:0x00000000  x7=0x8000000b
       15845000	      1485	80000f9a	01f3d393	srli	x7,x7,0x1f	  x7:0x8000000b  x7=0x00000001
       15855000	      1486	80000f9e	06038863	beq	x7,x0,8000100e	  x7:0x00000001  x0:0x00000000
       15865000	      1487	80000fa2	90000cb7	lui	x25,0x90000	 x25=0x90000000
       15875000	      1488	80000fa6	1cf1	c.addi	x25,-4	 x25:0x90000000 x25=0x8ffffffc
       15885000	      1489	80000fa8	30000393	addi	x7,x0,768	  x0:0x00000000  x7=0x00000300
       15895000	      1490	80000fac	03a2	c.slli	x7,0x8	  x7:0x00000300  x7=0x00030000
       15905000	      1491	80000fae	038d	c.addi	x7,3	  x7:0x00030000  x7=0x00030003
       15915000	      1492	80000fb0	007ca023	sw	x7,0(x25)	 x25:0x8ffffffc  x7:0x00030003 PA:0x8ffffffc store:0x00030003 load:0x00000000
       15925000	      1493	80000fb4	300023f3	csrrs	x7,mstatus,x0	  x0:0x00000000  x7=0x00001880
       15935000	      1494	80000fb8	007ca023	sw	x7,0(x25)	 x25:0x8ffffffc  x7:0x00001880 PA:0x8ffffffc store:0x00001880 load:0x00000000
       15945000	      1495	80000fbc	90000cb7	lui	x25,0x90000	 x25=0x90000000
       15955000	      1496	80000fc0	1cf1	c.addi	x25,-4	 x25:0x90000000 x25=0x8ffffffc
       15965000	      1497	80000fc2	34200393	addi	x7,x0,834	  x0:0x00000000  x7=0x00000342
       15975000	      1498	80000fc6	03a2	c.slli	x7,0x8	  x7:0x00000342  x7=0x00034200
       15985000	      1499	80000fc8	038d	c.addi	x7,3	  x7:0x00034200  x7=0x00034203
       15995000	      1500	80000fca	007ca023	sw	x7,0(x25)	 x25:0x8ffffffc  x7:0x00034203 PA:0x8ffffffc store:0x00034203 load:0x00000000
       16005000	      1501	80000fce	342023f3	csrrs	x7,mcause,x0	  x0:0x00000000  x7=0x8000000b
       16015000	      1502	80000fd2	007ca023	sw	x7,0(x25)	 x25:0x8ffffffc  x7:0x8000000b PA:0x8ffffffc store:0x8000000b load:0x00000000
       16025000	      1503	80000fd6	90000cb7	lui	x25,0x90000	 x25=0x90000000
       16035000	      1504	80000fda	1cf1	c.addi	x25,-4	 x25:0x90000000 x25=0x8ffffffc
       16045000	      1505	80000fdc	30400393	addi	x7,x0,772	  x0:0x00000000  x7=0x00000304
       16055000	      1506	80000fe0	03a2	c.slli	x7,0x8	  x7:0x00000304  x7=0x00030400
       16065000	      1507	80000fe2	038d	c.addi	x7,3	  x7:0x00030400  x7=0x00030403
       16075000	      1508	80000fe4	007ca023	sw	x7,0(x25)	 x25:0x8ffffffc  x7:0x00030403 PA:0x8ffffffc store:0x00030403 load:0x00000000
       16085000	      1509	80000fe8	304023f3	csrrs	x7,mie,x0	  x0:0x00000000  x7=0x75d90888
       16095000	      1510	80000fec	007ca023	sw	x7,0(x25)	 x25:0x8ffffffc  x7:0x75d90888 PA:0x8ffffffc store:0x75d90888 load:0x00000000
       16105000	      1511	80000ff0	90000cb7	lui	x25,0x90000	 x25=0x90000000
       16115000	      1512	80000ff4	1cf1	c.addi	x25,-4	 x25:0x90000000 x25=0x8ffffffc
       16125000	      1513	80000ff6	34400393	addi	x7,x0,836	  x0:0x00000000  x7=0x00000344
       16135000	      1514	80000ffa	03a2	c.slli	x7,0x8	  x7:0x00000344  x7=0x00034400
       16145000	      1515	80000ffc	038d	c.addi	x7,3	  x7:0x00034400  x7=0x00034403
       16155000	      1516	80000ffe	007ca023	sw	x7,0(x25)	 x25:0x8ffffffc  x7:0x00034403 PA:0x8ffffffc store:0x00034403 load:0x00000000
       16165000	      1517	80001002	344023f3	csrrs	x7,mip,x0	  x0:0x00000000  x7=0x00000000
       16175000	      1518	80001006	007ca023	sw	x7,0(x25)	 x25:0x8ffffffc  x7:0x00000000 PA:0x8ffffffc store:0x00000000 load:0x00000000
       16185000	      1519	8000100a	3aa1106f	jal	x0,800123b4	  x0=0x00000000
       16205000	      1521	800123b4	300023f3	csrrs	x7,mstatus,x0	  x0:0x00000000  x7=0x00001880
       16215000	      1522	800123b8	304023f3	csrrs	x7,mie,x0	  x0:0x00000000  x7=0x75d90888
       16225000	      1523	800123bc	344023f3	csrrs	x7,mip,x0	  x0:0x00000000  x7=0x00000000
       16235000	      1524	800123c0	3443b3f3	csrrc	x7,mip,x7	  x7:0x00000000  x7=0x00000000
       16265000	      1527	800123c4	90000cb7	lui	x25,0x90000	 x25=0x90000000
       16275000	      1528	800123c8	1cf1	c.addi	x25,-4	 x25:0x90000000 x25=0x8ffffffc
       16285000	      1529	800123ca	439d	c.li	x7,7	  x7=0x00000007
       16295000	      1530	800123cc	03a2	c.slli	x7,0x8	  x7:0x00000007  x7=0x00000700
       16305000	      1531	800123ce	00038393	addi	x7,x7,0	  x7:0x00000700  x7=0x00000700
       16315000	      1532	800123d2	007ca023	sw	x7,0(x25)	 x25:0x8ffffffc  x7:0x00000700 PA:0x8ffffffc store:0x00000700 load:0x00000000
       16325000	      1533	800123d6	00060e33	add	x28,x12,x0	 x12:0x8002cc60  x0:0x00000000 x28=0x8002cc60
       16335000	      1534	800123da	004e2083	lw	x1,4(x28)	 x28:0x8002cc60  x1=0x800038d2 PA:0x8002cc64 load:0x800038d2
       16345000	      1535	800123de	008e2103	lw	x2,8(x28)	 x28:0x8002cc60  x2=0x80013a6c PA:0x8002cc68 load:0x80013a6c
       16355000	      1536	800123e2	00ce2183	lw	x3,12(x28)	 x28:0x8002cc60  x3=0x800038c6 PA:0x8002cc6c load:0x800038c6
       16365000	      1537	800123e6	010e2203	lw	x4,16(x28)	 x28:0x8002cc60  x4=0x00000000 PA:0x8002cc70 load:0x00000000
       16375000	      1538	800123ea	014e2283	lw	x5,20(x28)	 x28:0x8002cc60  x5=0x00000004 PA:0x8002cc74 load:0x00000004
       16385000	      1539	800123ee	018e2303	lw	x6,24(x28)	 x28:0x8002cc60  x6=0x800038f0 PA:0x8002cc78 load:0x800038f0
       16395000	      1540	800123f2	01ce2383	lw	x7,28(x28)	 x28:0x8002cc60  x7=0x00000020 PA:0x8002cc7c load:0x00000020
       16405000	      1541	800123f6	020e2403	lw	x8,32(x28)	 x28:0x8002cc60  x8=0x80000000 PA:0x8002cc80 load:0x80000000
       16415000	      1542	800123fa	024e2483	lw	x9,36(x28)	 x28:0x8002cc60  x9=0x00000093 PA:0x8002cc84 load:0x00000093
       16425000	      1543	800123fe	028e2503	lw	x10,40(x28)	 x28:0x8002cc60 x10=0x8001fb72 PA:0x8002cc88 load:0x8001fb72
       16435000	      1544	80012402	02ce2583	lw	x11,44(x28)	 x28:0x8002cc60 x11=0x800000f4 PA:0x8002cc8c load:0x800000f4
       16445000	      1545	80012406	030e2603	lw	x12,48(x28)	 x28:0x8002cc60 x12=0x8002cce0 PA:0x8002cc90 load:0x8002cce0
       16455000	      1546	8001240a	034e2683	lw	x13,52(x28)	 x28:0x8002cc60 x13=0x00001a1b PA:0x8002cc94 load:0x00001a1b
       16465000	      1547	8001240e	038e2703	lw	x14,56(x28)	 x28:0x8002cc60 x14=0x00000c0d PA:0x8002cc98 load:0x00000c0d
       16475000	      1548	80012412	03ce2783	lw	x15,60(x28)	 x28:0x8002cc60 x15=0x80016bae PA:0x8002cc9c load:0x80016bae
       16485000	      1549	80012416	040e2803	lw	x16,64(x28)	 x28:0x8002cc60 x16=0xfffffff7 PA:0x8002cca0 load:0xfffffff7
       16495000	      1550	8001241a	044e2883	lw	x17,68(x28)	 x28:0x8002cc60 x17=0x00004c4d PA:0x8002cca4 load:0x00004c4d
       16505000	      1551	8001241e	048e2903	lw	x18,72(x28)	 x28:0x8002cc60 x18=0x00000084 PA:0x8002cca8 load:0x00000084
       16515000	      1552	80012422	04ce2983	lw	x19,76(x28)	 x28:0x8002cc60 x19=0x00000076 PA:0x8002ccac load:0x00000076
       16525000	      1553	80012426	050e2a03	lw	x20,80(x28)	 x28:0x8002cc60 x20=0x00000074 PA:0x8002ccb0 load:0x00000074
       16535000	      1554	8001242a	054e2a83	lw	x21,84(x28)	 x28:0x8002cc60 x21=0x80020af5 PA:0x8002ccb4 load:0x80020af5
       16545000	      1555	8001242e	058e2b03	lw	x22,88(x28)	 x28:0x8002cc60 x22=0x00000072 PA:0x8002ccb8 load:0x00000072
       16555000	      1556	80012432	05ce2b83	lw	x23,92(x28)	 x28:0x8002cc60 x23=0x00000057 PA:0x8002ccbc load:0x00000057
       16565000	      1557	80012436	060e2c03	lw	x24,96(x28)	 x28:0x8002cc60 x24=0xffffffa7 PA:0x8002ccc0 load:0xffffffa7
       16575000	      1558	8001243a	064e2c83	lw	x25,100(x28)	 x28:0x8002cc60 x25=0xfffffffc PA:0x8002ccc4 load:0xfffffffc
       16585000	      1559	8001243e	068e2d03	lw	x26,104(x28)	 x28:0x8002cc60 x26=0x800038dc PA:0x8002ccc8 load:0x800038dc
       16595000	      1560	80012442	06ce2d83	lw	x27,108(x28)	 x28:0x8002cc60 x27=0x00000004 PA:0x8002cccc load:0x00000004
       16605000	      1561	80012446	070e2e03	lw	x28,112(x28)	 x28:0x8002cc60 x28=0x8002cc60 PA:0x8002ccd0 load:0x8002cc60
       16625000	      1563	8001244a	074e2e83	lw	x29,116(x28)	 x28:0x8002cc60 x29=0x00000016 PA:0x8002ccd4 load:0x00000016
       16635000	      1564	8001244e	078e2f03	lw	x30,120(x28)	 x28:0x8002cc60 x30=0x00000056 PA:0x8002ccd8 load:0x00000056
       16645000	      1565	80012452	07ce2f83	lw	x31,124(x28)	 x28:0x8002cc60 x31=0x00000054 PA:0x8002ccdc load:0x00000054
       16655000	      1566	80012456	080e0e13	addi	x28,x28,128	 x28:0x8002cc60 x28=0x8002cce0
       16665000	      1567	8001245a	000e0633	add	x12,x28,x0	 x28:0x8002cce0  x0:0x00000000 x12=0x8002cce0
       16675000	      1568	8001245e	00062e03	lw	x28,0(x12)	 x12:0x8002cce0 x28=0x80028e64 PA:0x8002cce0 load:0x80028e64
       16685000	      1569	80012462	0611	c.addi	x12,4	 x12:0x8002cce0 x12=0x8002cce4
       16695000	      1570	80012464	30200073	mret	
       16725000	      1573	800038f4	ff5ff0ef	jal	x1,800038e8	  x1=0x800038f8
       16745000	      1575	800038e8	37d5	c.jal	800038cc	  x1=0x800038ea
       16765000	      1577	800038cc	a809	c.j	800038de	
       16785000	      1579	800038de	2009	c.jal	800038e0	  x1=0x800038e0
       16805000	      1581	800038e0	fe9fff6f	jal	x30,800038c8	 x30=0x800038e4
       16825000	      1583	800038c8	0280036f	jal	x6,800038f0	  x6=0x800038cc
       16845000	      1585	800038f0	37d5	c.jal	800038d4	  x1=0x800038f2
       16865000	      1587	800038d4	a021	c.j	800038dc	
       16885000	      1589	800038dc	a039	c.j	800038ea	
       16905000	      1591	800038ea	37f5	c.jal	800038d6	  x1=0x800038ec
       16925000	      1593	800038d6	200d	c.jal	800038f8	  x1=0x800038d8
       16945000	      1595	800038f8	a009	c.j	800038fa	
       16965000	      1597	800038fa	2009	c.jal	800038fc	  x1=0x800038fc
       16985000	      1599	800038fc	80b9	c.srli	x9,0xe	  x9:0x00000093  x9=0x00000000
       16995000	      1600	800038fe	4099	c.li	x1,6	  x1=0x00000006
       17005000	      1601	80003900	478d	c.li	x15,3	 x15=0x00000003
       17015000	      1602	80003902	34003573	csrrc	x10,mscratch,x0	  x0:0x00000000 x10=0xaa350032
       17025000	      1603	80003906	01fcfcb3	and	x25,x25,x31	 x25:0xfffffffc x31:0x00000054 x25=0x00000054
       17035000	      1604	8000390a	01104b33	xor	x22,x0,x17	  x0:0x00000000 x17:0x00004c4d x22=0x00004c4d
       17045000	      1605	8000390e	86d5	c.srai	x13,0x15	 x13:0x00001a1b x13=0x00000000
       17055000	      1606	80003910	00e3dfb3	srl	x31,x7,x14	  x7:0x00000020 x14:0x00000c0d x31=0x00000000
       17065000	      1607	80003914	340068f3	csrrsi	x17,mscratch,0	 x17=0xaa350032
       17075000	      1608	80003918	10f9	c.addi	x1,-2	  x1:0x00000006  x1=0x00000004
       17085000	      1609	8000391a	b1b56593	ori	x11,x10,-1253	 x10:0xaa350032 x11=0xfffffb3b
       17095000	      1610	8000391e	4ba9	c.li	x23,10	 x23=0x0000000a
       17105000	      1611	80003920	43bd	c.li	x7,15	  x7=0x0000000f
       17115000	      1612	80003922	8f7d	c.and	x14,x15	 x14:0x00000c0d x15:0x00000003 x14=0x00000001
       17125000	      1613	80003924	01219a13	slli	x20,x3,0x12	  x3:0x800038c6 x20=0xe3180000
       17135000	      1614	80003928	b859fd13	andi	x26,x19,-1147	 x19:0x00000076 x26=0x00000004
       17145000	      1615	8000392c	8de5	c.and	x11,x9	 x11:0xfffffb3b  x9:0x00000000 x11=0x00000000
       17155000	      1616	8000392e	8e89	c.sub	x13,x10	 x13:0x00000000 x10:0xaa350032 x13=0x55caffce
       17165000	      1617	80003930	0b99	c.addi	x23,6	 x23:0x0000000a x23=0x00000010
       17175000	      1618	80003932	856ea913	slti	x18,x29,-1962	 x29:0x00000016 x18=0x00000000
       17185000	      1619	80003936	fe7bebe3	bltu	x23,x7,8000392c	 x23:0x00000010  x7:0x0000000f
       17195000	      1620	8000393a	0000100f	fence.i	
       17215000	      1622	8000393e	8e85	c.sub	x13,x9	 x13:0x55caffce  x9:0x00000000 x13=0x55caffce
       17225000	      1623	80003940	34002073	csrrs	x0,mscratch,x0	  x0:0x00000000  x0=0x00000000
       17235000	      1624	80003944	080c	c.addi4spn	x11,x2,16	 x11=0x80013a7c
       17245000	      1625	80003946	7765e237	lui	x4,0x7765e	  x4=0x7765e000
       17255000	      1626	8000394a	9366	c.add	x6,x25	  x6:0x800038cc x25:0x00000054  x6=0x80003920
       17265000	      1627	8000394c	faf0fde3	bgeu	x1,x15,80003906	  x1:0x00000004 x15:0x00000003
       17295000	      1630	80003906	01fcfcb3	and	x25,x25,x31	 x25:0x00000054 x31:0x00000000 x25=0x00000000
       17305000	      1631	8000390a	01104b33	xor	x22,x0,x17	  x0:0x00000000 x17:0xaa350032 x22=0xaa350032
       17315000	      1632	8000390e	86d5	c.srai	x13,0x15	 x13:0x55caffce x13=0x000002ae
       17325000	      1633	80003910	00e3dfb3	srl	x31,x7,x14	  x7:0x0000000f x14:0x00000001 x31=0x00000007
       17335000	      1634	80003914	340068f3	csrrsi	x17,mscratch,0	 x17=0xaa350032
       17345000	      1635	80003918	10f9	c.addi	x1,-2	  x1:0x00000004  x1=0x00000002
       17355000	      1636	8000391a	b1b56593	ori	x11,x10,-1253	 x10:0xaa350032 x11=0xfffffb3b
       17365000	      1637	8000391e	4ba9	c.li	x23,10	 x23=0x0000000a
       17375000	      1638	80003920	43bd	c.li	x7,15	  x7=0x0000000f
       17385000	      1639	80003922	8f7d	c.and	x14,x15	 x14:0x00000001 x15:0x00000003 x14=0x00000001
       17395000	      1640	80003924	01219a13	slli	x20,x3,0x12	  x3:0x800038c6 x20=0xe3180000
       17405000	      1641	80003928	b859fd13	andi	x26,x19,-1147	 x19:0x00000076 x26=0x00000004
       17415000	      1642	8000392c	8de5	c.and	x11,x9	 x11:0xfffffb3b  x9:0x00000000 x11=0x00000000
       17425000	      1643	8000392e	8e89	c.sub	x13,x10	 x13:0x000002ae x10:0xaa350032 x13=0x55cb027c
       17435000	      1644	80003930	0b99	c.addi	x23,6	 x23:0x0000000a x23=0x00000010
       17445000	      1645	80003932	856ea913	slti	x18,x29,-1962	 x29:0x00000016 x18=0x00000000
       17455000	      1646	80003936	fe7bebe3	bltu	x23,x7,8000392c	 x23:0x00000010  x7:0x0000000f
       17465000	      1647	8000393a	0000100f	fence.i	
       17485000	      1649	8000393e	8e85	c.sub	x13,x9	 x13:0x55cb027c  x9:0x00000000 x13=0x55cb027c
       17495000	      1650	80003940	34002073	csrrs	x0,mscratch,x0	  x0:0x00000000  x0=0x00000000
       17505000	      1651	80003944	080c	c.addi4spn	x11,x2,16	 x11=0x80013a7c
       17515000	      1652	80003946	7765e237	lui	x4,0x7765e	  x4=0x7765e000
       17525000	      1653	8000394a	9366	c.add	x6,x25	  x6:0x80003920 x25:0x00000000  x6=0x80003920
       17535000	      1654	8000394c	faf0fde3	bgeu	x1,x15,80003906	  x1:0x00000002 x15:0x00000003
       17545000	      1655	80003950	00e0d2b3	srl	x5,x1,x14	  x1:0x00000002 x14:0x00000001  x5=0x00000001
       17555000	      1656	80003954	00019197	auipc	x3,0x19	  x3=0x8001c954
       17565000	      1657	80003958	79f18193	addi	x3,x3,1951	  x3:0x8001c954  x3=0x8001d0f3
       17575000	      1658	8000395c	02319aa3	sh	x3,53(x3)	  x3:0x8001d0f3  x3:0x8001d0f3 PA:0x8001d128 store:0x8001d0f3 load:0x00000000
       17585000	      1659	80003960	9afefd13	andi	x26,x29,-1617	 x29:0x00000016 x26=0x00000006
       17595000	      1660	80003964	fcd18423	sb	x13,-56(x3)	  x3:0x8001d0f3 x13:0x55cb027c PA:0x8001d0bb store:0x55cb027c load:0x00000000
       17605000	      1661	80003968	01e0b5b3	sltu	x11,x1,x30	  x1:0x00000002 x30:0x800038e4 x11=0x00000001
       17615000	      1662	8000396c	fd518a23	sb	x21,-44(x3)	  x3:0x8001d0f3 x21:0x80020af5 PA:0x8001d0c7 store:0x80020af5 load:0x00000000
       17625000	      1663	80003970	02918f23	sb	x9,62(x3)	  x3:0x8001d0f3  x9:0x00000000 PA:0x8001d131 store:0x00000000 load:0x00000000
       17635000	      1664	80003974	0001	c.addi	x0,0	  x0:0x00000000  x0=0x00000000
       17645000	      1665	80003976	22020313	addi	x6,x4,544	  x4:0x7765e000  x6=0x7765e220
       17655000	      1666	8000397a	fde18283	lb	x5,-34(x3)	  x3:0x8001d0f3  x5=0xffffff8a PA:0x8001d0d1 load:0xffffff8a
       17665000	      1667	8000397e	01219393	slli	x7,x3,0x12	  x3:0x8001d0f3  x7=0x43cc0000
       17675000	      1668	80003982	027195a3	sh	x7,43(x3)	  x3:0x8001d0f3  x7:0x43cc0000 PA:0x8001d11e store:0x43cc0000 load:0x00000000
       17685000	      1669	80003986	1f14	c.addi4spn	x13,x2,944	 x13=0x80013e1c
       17695000	      1670	80003988	fe518123	sb	x5,-30(x3)	  x3:0x8001d0f3  x5:0xffffff8a PA:0x8001d0d5 store:0xffffff8a load:0x00000000
       17705000	      1671	8000398c	0001	c.addi	x0,0	  x0:0x00000000  x0=0x00000000
       17715000	      1672	8000398e	0000100f	fence.i	
       17745000	      1675	80003992	02218c83	lb	x25,34(x3)	  x3:0x8001d0f3 x25=0xffffffce PA:0x8001d115 load:0xffffffce
       17755000	      1676	80003996	02418c03	lb	x24,36(x3)	  x3:0x8001d0f3 x24=0xffffffcc PA:0x8001d117 load:0xffffffcc
       17765000	      1677	8000399a	0072bf33	sltu	x30,x5,x7	  x5:0xffffff8a  x7:0x43cc0000 x30=0x00000000
       17775000	      1678	8000399e	34015bf3	csrrwi	x23,mscratch,2	 x23=0xaa350032
       17785000	      1679	800039a2	469d	c.li	x13,7	 x13=0x00000007
       17795000	      1680	800039a4	0391da83	lhu	x21,57(x3)	  x3:0x8001d0f3 x21=0x0000e6e7 PA:0x8001d12c load:0x0000e6e7
       17805000	      1681	800039a8	223deeb7	lui	x29,0x223de	 x29=0x223de000
       17815000	      1682	800039ac	03018323	sb	x16,38(x3)	  x3:0x8001d0f3 x16:0xfffffff7 PA:0x8001d119 store:0xfffffff7 load:0x00000000
       17825000	      1683	800039b0	fff198a3	sh	x31,-15(x3)	  x3:0x8001d0f3 x31:0x00000007 PA:0x8001d0e4 store:0x00000007 load:0x00000000
       17835000	      1684	800039b4	34065873	csrrwi	x16,mscratch,12	 x16=0x00000002
       17845000	      1685	800039b8	0001	c.addi	x0,0	  x0:0x00000000  x0=0x00000000
       17855000	      1686	800039ba	03f1d303	lhu	x6,63(x3)	  x3:0x8001d0f3  x6=0x0000e8e9 PA:0x8001d132 load:0x0000e8e9
       17865000	      1687	800039be	feb1ce83	lbu	x29,-21(x3)	  x3:0x8001d0f3 x29=0x00000095 PA:0x8001d0de load:0x00000095
       17875000	      1688	800039c2	fdc18f23	sb	x28,-34(x3)	  x3:0x8001d0f3 x28:0x80028e64 PA:0x8001d0d1 store:0x80028e64 load:0x00000000
       17885000	      1689	800039c6	e73fc6b7	lui	x13,0xe73fc	 x13=0xe73fc000
       17895000	      1690	800039ca	01d1aa03	lw	x20,29(x3)	  x3:0x8001d0f3 x20=0xc8c9cacb PA:0x8001d110 load:0xc8c9cacb
       17905000	      1691	800039ce	fc318623	sb	x3,-52(x3)	  x3:0x8001d0f3  x3:0x8001d0f3 PA:0x8001d0bf store:0x8001d0f3 load:0x00000000
       17915000	      1692	800039d2	0001	c.addi	x0,0	  x0:0x00000000  x0=0x00000000
       17925000	      1693	800039d4	f6aaf893	andi	x17,x21,-150	 x21:0x0000e6e7 x17=0x0000e662
       17935000	      1694	800039d8	00418583	lb	x11,4(x3)	  x3:0x8001d0f3 x11=0xffffffac PA:0x8001d0f7 load:0xffffffac
       17945000	      1695	800039dc	0259	c.addi	x4,22	  x4:0x7765e000  x4=0x7765e016
       17955000	      1696	800039de	ab802717	auipc	x14,0xab802	 x14=0x2b8059de
       17965000	      1697	800039e2	fd319ca3	sh	x19,-39(x3)	  x3:0x8001d0f3 x19:0x00000076 PA:0x8001d0cc store:0x00000076 load:0x00000000
       17975000	      1698	800039e6	0001e6b3	or	x13,x3,x0	  x3:0x8001d0f3  x0:0x00000000 x13=0x8001d0f3
       17985000	      1699	800039ea	fc119da3	sh	x1,-37(x3)	  x3:0x8001d0f3  x1:0x00000002 PA:0x8001d0ce store:0x00000002 load:0x00000000
       17995000	      1700	800039ee	ff519fa3	sh	x21,-1(x3)	  x3:0x8001d0f3 x21:0x0000e6e7 PA:0x8001d0f2 store:0x0000e6e7 load:0x00000000
       18005000	      1701	800039f2	cad9a497	auipc	x9,0xcad9a	  x9=0x4ad9d9f2
       18015000	      1702	800039f6	1918	c.addi4spn	x14,x2,176	 x14=0x80013b1c
       18025000	      1703	800039f8	180c2993	slti	x19,x24,384	 x24:0xffffffcc x19=0x00000001
       18035000	      1704	800039fc	fc61cd83	lbu	x27,-58(x3)	  x3:0x8001d0f3 x27=0x00000072 PA:0x8001d0b9 load:0x00000072
       18045000	      1705	80003a00	02a001ef	jal	x3,80003a2a	  x3=0x80003a04
       18065000	      1707	80003a2a	b7c5	c.j	80003a0a	
       18095000	      1710	80003a0a	01600cef	jal	x25,80003a20	 x25=0x80003a0e
       18115000	      1712	80003a20	a009	c.j	80003a22	
       18135000	      1714	80003a22	a029	c.j	80003a2c	
       18155000	      1716	80003a2c	00c000ef	jal	x1,80003a38	  x1=0x80003a30
       18175000	      1718	80003a38	37f1	c.jal	80003a04	  x1=0x80003a3a
       18195000	      1720	80003a04	a029	c.j	80003a0e	
       18225000	      1723	80003a0e	004000ef	jal	x1,80003a12	  x1=0x80003a12
       18255000	      1726	80003a12	0160036f	jal	x6,80003a28	  x6=0x80003a16
       18275000	      1728	80003a28	b7fd	c.j	80003a16	
       18295000	      1730	80003a16	a839	c.j	80003a34	
       18315000	      1732	80003a34	fd3ff36f	jal	x6,80003a06	  x6=0x80003a38
       18345000	      1735	80003a06	012000ef	jal	x1,80003a18	  x1=0x80003a0a
       18365000	      1737	80003a18	004004ef	jal	x9,80003a1c	  x9=0x80003a1c
       18385000	      1739	80003a1c	01e0036f	jal	x6,80003a3a	  x6=0x80003a20
       18405000	      1741	80003a3a	bfdd	c.j	80003a30	
       18425000	      1743	80003a30	ff5ff1ef	jal	x3,80003a24	  x3=0x80003a34
       18465000	      1747	8000272c	fcafe06f	jal	x0,80000ef6	  x0=0x00000000
       18485000	      1749	80000ef6	1671	c.addi	x12,-4	 x12:0x8002cce4 x12=0x8002cce0
       18495000	      1750	80000ef8	01c62023	sw	x28,0(x12)	 x12:0x8002cce0 x28:0x80028e64 PA:0x8002cce0 store:0x80028e64 load:0x00000000
       18505000	      1751	80000efc	00060e33	add	x28,x12,x0	 x12:0x8002cce0  x0:0x00000000 x28=0x8002cce0
       18515000	      1752	80000f00	f80e0e13	addi	x28,x28,-128	 x28:0x8002cce0 x28=0x8002cc60
       18525000	      1753	80000f04	001e2223	sw	x1,4(x28)	 x28:0x8002cc60  x1:0x80003a0a PA:0x8002cc64 store:0x80003a0a load:0x00000000
       18535000	      1754	80000f08	002e2423	sw	x2,8(x28)	 x28:0x8002cc60  x2:0x80013a6c PA:0x8002cc68 store:0x80013a6c load:0x00000000
       18545000	      1755	80000f0c	003e2623	sw	x3,12(x28)	 x28:0x8002cc60  x3:0x80003a34 PA:0x8002cc6c store:0x80003a34 load:0x00000000
       18555000	      1756	80000f10	004e2823	sw	x4,16(x28)	 x28:0x8002cc60  x4:0x7765e016 PA:0x8002cc70 store:0x7765e016 load:0x00000000
       18565000	      1757	80000f14	005e2a23	sw	x5,20(x28)	 x28:0x8002cc60  x5:0xffffff8a PA:0x8002cc74 store:0xffffff8a load:0x00000000
       18575000	      1758	80000f18	006e2c23	sw	x6,24(x28)	 x28:0x8002cc60  x6:0x80003a20 PA:0x8002cc78 store:0x80003a20 load:0x00000000
       18585000	      1759	80000f1c	007e2e23	sw	x7,28(x28)	 x28:0x8002cc60  x7:0x43cc0000 PA:0x8002cc7c store:0x43cc0000 load:0x00000000
       18595000	      1760	80000f20	028e2023	sw	x8,32(x28)	 x28:0x8002cc60  x8:0x80000000 PA:0x8002cc80 store:0x80000000 load:0x00000000
       18605000	      1761	80000f24	029e2223	sw	x9,36(x28)	 x28:0x8002cc60  x9:0x80003a1c PA:0x8002cc84 store:0x80003a1c load:0x00000000
       18615000	      1762	80000f28	02ae2423	sw	x10,40(x28)	 x28:0x8002cc60 x10:0xaa350032 PA:0x8002cc88 store:0xaa350032 load:0x00000000
       18625000	      1763	80000f2c	02be2623	sw	x11,44(x28)	 x28:0x8002cc60 x11:0xffffffac PA:0x8002cc8c store:0xffffffac load:0x00000000
       18635000	      1764	80000f30	02ce2823	sw	x12,48(x28)	 x28:0x8002cc60 x12:0x8002cce0 PA:0x8002cc90 store:0x8002cce0 load:0x00000000
       18645000	      1765	80000f34	02de2a23	sw	x13,52(x28)	 x28:0x8002cc60 x13:0x8001d0f3 PA:0x8002cc94 store:0x8001d0f3 load:0x00000000
       18655000	      1766	80000f38	02ee2c23	sw	x14,56(x28)	 x28:0x8002cc60 x14:0x80013b1c PA:0x8002cc98 store:0x80013b1c load:0x00000000
       18665000	      1767	80000f3c	02fe2e23	sw	x15,60(x28)	 x28:0x8002cc60 x15:0x00000003 PA:0x8002cc9c store:0x00000003 load:0x00000000
       18675000	      1768	80000f40	050e2023	sw	x16,64(x28)	 x28:0x8002cc60 x16:0x00000002 PA:0x8002cca0 store:0x00000002 load:0x00000000
       18685000	      1769	80000f44	051e2223	sw	x17,68(x28)	 x28:0x8002cc60 x17:0x0000e662 PA:0x8002cca4 store:0x0000e662 load:0x00000000
       18695000	      1770	80000f48	052e2423	sw	x18,72(x28)	 x28:0x8002cc60 x18:0x00000000 PA:0x8002cca8 store:0x00000000 load:0x00000000
       18705000	      1771	80000f4c	053e2623	sw	x19,76(x28)	 x28:0x8002cc60 x19:0x00000001 PA:0x8002ccac store:0x00000001 load:0x00000000
       18715000	      1772	80000f50	054e2823	sw	x20,80(x28)	 x28:0x8002cc60 x20:0xc8c9cacb PA:0x8002ccb0 store:0xc8c9cacb load:0x00000000
       18725000	      1773	80000f54	055e2a23	sw	x21,84(x28)	 x28:0x8002cc60 x21:0x0000e6e7 PA:0x8002ccb4 store:0x0000e6e7 load:0x00000000
       18735000	      1774	80000f58	056e2c23	sw	x22,88(x28)	 x28:0x8002cc60 x22:0xaa350032 PA:0x8002ccb8 store:0xaa350032 load:0x00000000
       18745000	      1775	80000f5c	057e2e23	sw	x23,92(x28)	 x28:0x8002cc60 x23:0xaa350032 PA:0x8002ccbc store:0xaa350032 load:0x00000000
       18755000	      1776	80000f60	078e2023	sw	x24,96(x28)	 x28:0x8002cc60 x24:0xffffffcc PA:0x8002ccc0 store:0xffffffcc load:0x00000000
       18765000	      1777	80000f64	079e2223	sw	x25,100(x28)	 x28:0x8002cc60 x25:0x80003a0e PA:0x8002ccc4 store:0x80003a0e load:0x00000000
       18775000	      1778	80000f68	07ae2423	sw	x26,104(x28)	 x28:0x8002cc60 x26:0x00000006 PA:0x8002ccc8 store:0x00000006 load:0x00000000
       18785000	      1779	80000f6c	07be2623	sw	x27,108(x28)	 x28:0x8002cc60 x27:0x00000072 PA:0x8002cccc store:0x00000072 load:0x00000000
       18795000	      1780	80000f70	07ce2823	sw	x28,112(x28)	 x28:0x8002cc60 x28:0x8002cc60 PA:0x8002ccd0 store:0x8002cc60 load:0x00000000
       18805000	      1781	80000f74	07de2a23	sw	x29,116(x28)	 x28:0x8002cc60 x29:0x00000095 PA:0x8002ccd4 store:0x00000095 load:0x00000000
       18815000	      1782	80000f78	07ee2c23	sw	x30,120(x28)	 x28:0x8002cc60 x30:0x00000000 PA:0x8002ccd8 store:0x00000000 load:0x00000000
       18825000	      1783	80000f7c	07fe2e23	sw	x31,124(x28)	 x28:0x8002cc60 x31:0x00000007 PA:0x8002ccdc store:0x00000007 load:0x00000000
       18835000	      1784	80000f80	000e0633	add	x12,x28,x0	 x28:0x8002cc60  x0:0x00000000 x12=0x8002cc60
       18845000	      1785	80000f84	90000cb7	lui	x25,0x90000	 x25=0x90000000
       18855000	      1786	80000f88	1cf1	c.addi	x25,-4	 x25:0x90000000 x25=0x8ffffffc
       18865000	      1787	80000f8a	4399	c.li	x7,6	  x7=0x00000006
       18875000	      1788	80000f8c	03a2	c.slli	x7,0x8	  x7:0x00000006  x7=0x00000600
       18885000	      1789	80000f8e	00038393	addi	x7,x7,0	  x7:0x00000600  x7=0x00000600
       18895000	      1790	80000f92	007ca023	sw	x7,0(x25)	 x25:0x8ffffffc  x7:0x00000600 PA:0x8ffffffc store:0x00000600 load:0x00000000
       18905000	      1791	80000f96	342023f3	csrrs	x7,mcause,x0	  x0:0x00000000  x7=0x8000000b
       18915000	      1792	80000f9a	01f3d393	srli	x7,x7,0x1f	  x7:0x8000000b  x7=0x00000001
       18925000	      1793	80000f9e	06038863	beq	x7,x0,8000100e	  x7:0x00000001  x0:0x00000000
       18935000	      1794	80000fa2	90000cb7	lui	x25,0x90000	 x25=0x90000000
       18945000	      1795	80000fa6	1cf1	c.addi	x25,-4	 x25:0x90000000 x25=0x8ffffffc
       18955000	      1796	80000fa8	30000393	addi	x7,x0,768	  x0:0x00000000  x7=0x00000300
       18965000	      1797	80000fac	03a2	c.slli	x7,0x8	  x7:0x00000300  x7=0x00030000
       18975000	      1798	80000fae	038d	c.addi	x7,3	  x7:0x00030000  x7=0x00030003
       18985000	      1799	80000fb0	007ca023	sw	x7,0(x25)	 x25:0x8ffffffc  x7:0x00030003 PA:0x8ffffffc store:0x00030003 load:0x00000000
       18995000	      1800	80000fb4	300023f3	csrrs	x7,mstatus,x0	  x0:0x00000000  x7=0x00001880
       19005000	      1801	80000fb8	007ca023	sw	x7,0(x25)	 x25:0x8ffffffc  x7:0x00001880 PA:0x8ffffffc store:0x00001880 load:0x00000000
       19015000	      1802	80000fbc	90000cb7	lui	x25,0x90000	 x25=0x90000000
       19025000	      1803	80000fc0	1cf1	c.addi	x25,-4	 x25:0x90000000 x25=0x8ffffffc
       19035000	      1804	80000fc2	34200393	addi	x7,x0,834	  x0:0x00000000  x7=0x00000342
       19045000	      1805	80000fc6	03a2	c.slli	x7,0x8	  x7:0x00000342  x7=0x00034200
       19055000	      1806	80000fc8	038d	c.addi	x7,3	  x7:0x00034200  x7=0x00034203
       19065000	      1807	80000fca	007ca023	sw	x7,0(x25)	 x25:0x8ffffffc  x7:0x00034203 PA:0x8ffffffc store:0x00034203 load:0x00000000
       19075000	      1808	80000fce	342023f3	csrrs	x7,mcause,x0	  x0:0x00000000  x7=0x8000000b
       19085000	      1809	80000fd2	007ca023	sw	x7,0(x25)	 x25:0x8ffffffc  x7:0x8000000b PA:0x8ffffffc store:0x8000000b load:0x00000000
       19095000	      1810	80000fd6	90000cb7	lui	x25,0x90000	 x25=0x90000000
       19105000	      1811	80000fda	1cf1	c.addi	x25,-4	 x25:0x90000000 x25=0x8ffffffc
       19115000	      1812	80000fdc	30400393	addi	x7,x0,772	  x0:0x00000000  x7=0x00000304
       19125000	      1813	80000fe0	03a2	c.slli	x7,0x8	  x7:0x00000304  x7=0x00030400
       19135000	      1814	80000fe2	038d	c.addi	x7,3	  x7:0x00030400  x7=0x00030403
       19145000	      1815	80000fe4	007ca023	sw	x7,0(x25)	 x25:0x8ffffffc  x7:0x00030403 PA:0x8ffffffc store:0x00030403 load:0x00000000
       19155000	      1816	80000fe8	304023f3	csrrs	x7,mie,x0	  x0:0x00000000  x7=0x75d90888
       19165000	      1817	80000fec	007ca023	sw	x7,0(x25)	 x25:0x8ffffffc  x7:0x75d90888 PA:0x8ffffffc store:0x75d90888 load:0x00000000
       19175000	      1818	80000ff0	90000cb7	lui	x25,0x90000	 x25=0x90000000
       19185000	      1819	80000ff4	1cf1	c.addi	x25,-4	 x25:0x90000000 x25=0x8ffffffc
       19195000	      1820	80000ff6	34400393	addi	x7,x0,836	  x0:0x00000000  x7=0x00000344
       19205000	      1821	80000ffa	03a2	c.slli	x7,0x8	  x7:0x00000344  x7=0x00034400
       19215000	      1822	80000ffc	038d	c.addi	x7,3	  x7:0x00034400  x7=0x00034403
       19225000	      1823	80000ffe	007ca023	sw	x7,0(x25)	 x25:0x8ffffffc  x7:0x00034403 PA:0x8ffffffc store:0x00034403 load:0x00000000
       19235000	      1824	80001002	344023f3	csrrs	x7,mip,x0	  x0:0x00000000  x7=0x00000000
       19245000	      1825	80001006	007ca023	sw	x7,0(x25)	 x25:0x8ffffffc  x7:0x00000000 PA:0x8ffffffc store:0x00000000 load:0x00000000
       19255000	      1826	8000100a	3aa1106f	jal	x0,800123b4	  x0=0x00000000
       19275000	      1828	800123b4	300023f3	csrrs	x7,mstatus,x0	  x0:0x00000000  x7=0x00001880
       19285000	      1829	800123b8	304023f3	csrrs	x7,mie,x0	  x0:0x00000000  x7=0x75d90888
       19295000	      1830	800123bc	344023f3	csrrs	x7,mip,x0	  x0:0x00000000  x7=0x00000000
       19305000	      1831	800123c0	3443b3f3	csrrc	x7,mip,x7	  x7:0x00000000  x7=0x00000000
       19335000	      1834	800123c4	90000cb7	lui	x25,0x90000	 x25=0x90000000
       19345000	      1835	800123c8	1cf1	c.addi	x25,-4	 x25:0x90000000 x25=0x8ffffffc
       19355000	      1836	800123ca	439d	c.li	x7,7	  x7=0x00000007
       19365000	      1837	800123cc	03a2	c.slli	x7,0x8	  x7:0x00000007  x7=0x00000700
       19375000	      1838	800123ce	00038393	addi	x7,x7,0	  x7:0x00000700  x7=0x00000700
       19385000	      1839	800123d2	007ca023	sw	x7,0(x25)	 x25:0x8ffffffc  x7:0x00000700 PA:0x8ffffffc store:0x00000700 load:0x00000000
       19395000	      1840	800123d6	00060e33	add	x28,x12,x0	 x12:0x8002cc60  x0:0x00000000 x28=0x8002cc60
       19405000	      1841	800123da	004e2083	lw	x1,4(x28)	 x28:0x8002cc60  x1=0x80003a0a PA:0x8002cc64 load:0x80003a0a
       19415000	      1842	800123de	008e2103	lw	x2,8(x28)	 x28:0x8002cc60  x2=0x80013a6c PA:0x8002cc68 load:0x80013a6c
       19425000	      1843	800123e2	00ce2183	lw	x3,12(x28)	 x28:0x8002cc60  x3=0x80003a34 PA:0x8002cc6c load:0x80003a34
       19435000	      1844	800123e6	010e2203	lw	x4,16(x28)	 x28:0x8002cc60  x4=0x7765e016 PA:0x8002cc70 load:0x7765e016
       19445000	      1845	800123ea	014e2283	lw	x5,20(x28)	 x28:0x8002cc60  x5=0xffffff8a PA:0x8002cc74 load:0xffffff8a
       19455000	      1846	800123ee	018e2303	lw	x6,24(x28)	 x28:0x8002cc60  x6=0x80003a20 PA:0x8002cc78 load:0x80003a20
       19465000	      1847	800123f2	01ce2383	lw	x7,28(x28)	 x28:0x8002cc60  x7=0x43cc0000 PA:0x8002cc7c load:0x43cc0000
       19475000	      1848	800123f6	020e2403	lw	x8,32(x28)	 x28:0x8002cc60  x8=0x80000000 PA:0x8002cc80 load:0x80000000
       19485000	      1849	800123fa	024e2483	lw	x9,36(x28)	 x28:0x8002cc60  x9=0x80003a1c PA:0x8002cc84 load:0x80003a1c
       19495000	      1850	800123fe	028e2503	lw	x10,40(x28)	 x28:0x8002cc60 x10=0xaa350032 PA:0x8002cc88 load:0xaa350032
       19505000	      1851	80012402	02ce2583	lw	x11,44(x28)	 x28:0x8002cc60 x11=0xffffffac PA:0x8002cc8c load:0xffffffac
       19515000	      1852	80012406	030e2603	lw	x12,48(x28)	 x28:0x8002cc60 x12=0x8002cce0 PA:0x8002cc90 load:0x8002cce0
       19525000	      1853	8001240a	034e2683	lw	x13,52(x28)	 x28:0x8002cc60 x13=0x8001d0f3 PA:0x8002cc94 load:0x8001d0f3
       19535000	      1854	8001240e	038e2703	lw	x14,56(x28)	 x28:0x8002cc60 x14=0x80013b1c PA:0x8002cc98 load:0x80013b1c
       19545000	      1855	80012412	03ce2783	lw	x15,60(x28)	 x28:0x8002cc60 x15=0x00000003 PA:0x8002cc9c load:0x00000003
       19555000	      1856	80012416	040e2803	lw	x16,64(x28)	 x28:0x8002cc60 x16=0x00000002 PA:0x8002cca0 load:0x00000002
       19565000	      1857	8001241a	044e2883	lw	x17,68(x28)	 x28:0x8002cc60 x17=0x0000e662 PA:0x8002cca4 load:0x0000e662
       19575000	      1858	8001241e	048e2903	lw	x18,72(x28)	 x28:0x8002cc60 x18=0x00000000 PA:0x8002cca8 load:0x00000000
       19585000	      1859	80012422	04ce2983	lw	x19,76(x28)	 x28:0x8002cc60 x19=0x00000001 PA:0x8002ccac load:0x00000001
       19595000	      1860	80012426	050e2a03	lw	x20,80(x28)	 x28:0x8002cc60 x20=0xc8c9cacb PA:0x8002ccb0 load:0xc8c9cacb
       19605000	      1861	8001242a	054e2a83	lw	x21,84(x28)	 x28:0x8002cc60 x21=0x0000e6e7 PA:0x8002ccb4 load:0x0000e6e7
       19615000	      1862	8001242e	058e2b03	lw	x22,88(x28)	 x28:0x8002cc60 x22=0xaa350032 PA:0x8002ccb8 load:0xaa350032
       19625000	      1863	80012432	05ce2b83	lw	x23,92(x28)	 x28:0x8002cc60 x23=0xaa350032 PA:0x8002ccbc load:0xaa350032
       19635000	      1864	80012436	060e2c03	lw	x24,96(x28)	 x28:0x8002cc60 x24=0xffffffcc PA:0x8002ccc0 load:0xffffffcc
       19645000	      1865	8001243a	064e2c83	lw	x25,100(x28)	 x28:0x8002cc60 x25=0x80003a0e PA:0x8002ccc4 load:0x80003a0e
       19655000	      1866	8001243e	068e2d03	lw	x26,104(x28)	 x28:0x8002cc60 x26=0x00000006 PA:0x8002ccc8 load:0x00000006
       19665000	      1867	80012442	06ce2d83	lw	x27,108(x28)	 x28:0x8002cc60 x27=0x00000072 PA:0x8002cccc load:0x00000072
       19675000	      1868	80012446	070e2e03	lw	x28,112(x28)	 x28:0x8002cc60 x28=0x8002cc60 PA:0x8002ccd0 load:0x8002cc60
       19695000	      1870	8001244a	074e2e83	lw	x29,116(x28)	 x28:0x8002cc60 x29=0x00000095 PA:0x8002ccd4 load:0x00000095
       19705000	      1871	8001244e	078e2f03	lw	x30,120(x28)	 x28:0x8002cc60 x30=0x00000000 PA:0x8002ccd8 load:0x00000000
       19715000	      1872	80012452	07ce2f83	lw	x31,124(x28)	 x28:0x8002cc60 x31=0x00000007 PA:0x8002ccdc load:0x00000007
       19725000	      1873	80012456	080e0e13	addi	x28,x28,128	 x28:0x8002cc60 x28=0x8002cce0
       19735000	      1874	8001245a	000e0633	add	x12,x28,x0	 x28:0x8002cce0  x0:0x00000000 x12=0x8002cce0
       19745000	      1875	8001245e	00062e03	lw	x28,0(x12)	 x12:0x8002cce0 x28=0x80028e64 PA:0x8002cce0 load:0x80028e64
       19755000	      1876	80012462	0611	c.addi	x12,4	 x12:0x8002cce0 x12=0x8002cce4
       19765000	      1877	80012464	30200073	mret	
       19795000	      1880	80003a24	0180036f	jal	x6,80003a3c	  x6=0x80003a28
       19815000	      1882	80003a3c	86c9	c.srai	x13,0x12	 x13:0x8001d0f3 x13=0xffffe000
       19825000	      1883	80003a3e	00010217	auipc	x4,0x10	  x4=0x80013a3e
       19835000	      1884	80003a42	92520213	addi	x4,x4,-1755	  x4:0x80013a3e  x4=0x80013363
       19845000	      1885	80003a46	354b8113	addi	x2,x23,852	 x23:0xaa350032  x2=0xaa350386
       19855000	      1886	80003a4a	8cb5	c.xor	x9,x13	  x9:0x80003a1c x13:0xffffe000  x9=0x7fffda1c
       19865000	      1887	80003a4c	6a0df113	andi	x2,x27,1696	 x27:0x00000072  x2=0x00000020
       19875000	      1888	80003a50	4365	c.li	x6,25	  x6=0x00000019
       19885000	      1889	80003a52	81f32d93	slti	x27,x6,-2017	  x6:0x00000019 x27=0x00000000
       19895000	      1890	80003a56	01721da3	sh	x23,27(x4)	  x4:0x80013363 x23:0xaa350032 PA:0x8001337e store:0xaa350032 load:0x00000000
       19905000	      1891	80003a5a	340da173	csrrs	x2,mscratch,x27	 x27:0x00000000  x2=0x0000000c
       19915000	      1892	80003a5e	8699	c.srai	x13,0x6	 x13:0xffffe000 x13=0xffffff80
       19945000	      1895	80003a60	02930133	mul	x2,x6,x9	  x6:0x00000019  x9:0x7fffda1c  x2=0x7ffc4cbc
       19955000	      1896	80003a64	fe6214a3	sh	x6,-23(x4)	  x4:0x80013363  x6:0x00000019 PA:0x8001334c store:0x00000019 load:0x00000000
       19965000	      1897	80003a68	01969113	slli	x2,x13,0x19	 x13:0xffffff80  x2=0x00000000
       19975000	      1898	80003a6c	fc525483	lhu	x9,-59(x4)	  x4:0x80013363  x9=0x0000e2e3 PA:0x80013328 load:0x0000e2e3
       19985000	      1899	80003a70	10500073	wfi	
       21535000	      2054	8000272c	fcafe06f	jal	x0,80000ef6	  x0=0x00000000
       21555000	      2056	80000ef6	1671	c.addi	x12,-4	 x12:0x8002cce4 x12=0x8002cce0
       21565000	      2057	80000ef8	01c62023	sw	x28,0(x12)	 x12:0x8002cce0 x28:0x80028e64 PA:0x8002cce0 store:0x80028e64 load:0x00000000
       21575000	      2058	80000efc	00060e33	add	x28,x12,x0	 x12:0x8002cce0  x0:0x00000000 x28=0x8002cce0
       21585000	      2059	80000f00	f80e0e13	addi	x28,x28,-128	 x28:0x8002cce0 x28=0x8002cc60
       21595000	      2060	80000f04	001e2223	sw	x1,4(x28)	 x28:0x8002cc60  x1:0x80003a0a PA:0x8002cc64 store:0x80003a0a load:0x00000000
       21605000	      2061	80000f08	002e2423	sw	x2,8(x28)	 x28:0x8002cc60  x2:0x00000000 PA:0x8002cc68 store:0x00000000 load:0x00000000
       21615000	      2062	80000f0c	003e2623	sw	x3,12(x28)	 x28:0x8002cc60  x3:0x80003a34 PA:0x8002cc6c store:0x80003a34 load:0x00000000
       21625000	      2063	80000f10	004e2823	sw	x4,16(x28)	 x28:0x8002cc60  x4:0x80013363 PA:0x8002cc70 store:0x80013363 load:0x00000000
       21635000	      2064	80000f14	005e2a23	sw	x5,20(x28)	 x28:0x8002cc60  x5:0xffffff8a PA:0x8002cc74 store:0xffffff8a load:0x00000000
       21645000	      2065	80000f18	006e2c23	sw	x6,24(x28)	 x28:0x8002cc60  x6:0x00000019 PA:0x8002cc78 store:0x00000019 load:0x00000000
       21655000	      2066	80000f1c	007e2e23	sw	x7,28(x28)	 x28:0x8002cc60  x7:0x43cc0000 PA:0x8002cc7c store:0x43cc0000 load:0x00000000
       21665000	      2067	80000f20	028e2023	sw	x8,32(x28)	 x28:0x8002cc60  x8:0x80000000 PA:0x8002cc80 store:0x80000000 load:0x00000000
       21675000	      2068	80000f24	029e2223	sw	x9,36(x28)	 x28:0x8002cc60  x9:0x0000e2e3 PA:0x8002cc84 store:0x0000e2e3 load:0x00000000
       21685000	      2069	80000f28	02ae2423	sw	x10,40(x28)	 x28:0x8002cc60 x10:0xaa350032 PA:0x8002cc88 store:0xaa350032 load:0x00000000
       21695000	      2070	80000f2c	02be2623	sw	x11,44(x28)	 x28:0x8002cc60 x11:0xffffffac PA:0x8002cc8c store:0xffffffac load:0x00000000
       21705000	      2071	80000f30	02ce2823	sw	x12,48(x28)	 x28:0x8002cc60 x12:0x8002cce0 PA:0x8002cc90 store:0x8002cce0 load:0x00000000
       21715000	      2072	80000f34	02de2a23	sw	x13,52(x28)	 x28:0x8002cc60 x13:0xffffff80 PA:0x8002cc94 store:0xffffff80 load:0x00000000
       21725000	      2073	80000f38	02ee2c23	sw	x14,56(x28)	 x28:0x8002cc60 x14:0x80013b1c PA:0x8002cc98 store:0x80013b1c load:0x00000000
       21735000	      2074	80000f3c	02fe2e23	sw	x15,60(x28)	 x28:0x8002cc60 x15:0x00000003 PA:0x8002cc9c store:0x00000003 load:0x00000000
       21745000	      2075	80000f40	050e2023	sw	x16,64(x28)	 x28:0x8002cc60 x16:0x00000002 PA:0x8002cca0 store:0x00000002 load:0x00000000
       21755000	      2076	80000f44	051e2223	sw	x17,68(x28)	 x28:0x8002cc60 x17:0x0000e662 PA:0x8002cca4 store:0x0000e662 load:0x00000000
       21765000	      2077	80000f48	052e2423	sw	x18,72(x28)	 x28:0x8002cc60 x18:0x00000000 PA:0x8002cca8 store:0x00000000 load:0x00000000
       21775000	      2078	80000f4c	053e2623	sw	x19,76(x28)	 x28:0x8002cc60 x19:0x00000001 PA:0x8002ccac store:0x00000001 load:0x00000000
       21785000	      2079	80000f50	054e2823	sw	x20,80(x28)	 x28:0x8002cc60 x20:0xc8c9cacb PA:0x8002ccb0 store:0xc8c9cacb load:0x00000000
       21795000	      2080	80000f54	055e2a23	sw	x21,84(x28)	 x28:0x8002cc60 x21:0x0000e6e7 PA:0x8002ccb4 store:0x0000e6e7 load:0x00000000
       21805000	      2081	80000f58	056e2c23	sw	x22,88(x28)	 x28:0x8002cc60 x22:0xaa350032 PA:0x8002ccb8 store:0xaa350032 load:0x00000000
       21815000	      2082	80000f5c	057e2e23	sw	x23,92(x28)	 x28:0x8002cc60 x23:0xaa350032 PA:0x8002ccbc store:0xaa350032 load:0x00000000
       21825000	      2083	80000f60	078e2023	sw	x24,96(x28)	 x28:0x8002cc60 x24:0xffffffcc PA:0x8002ccc0 store:0xffffffcc load:0x00000000
       21835000	      2084	80000f64	079e2223	sw	x25,100(x28)	 x28:0x8002cc60 x25:0x80003a0e PA:0x8002ccc4 store:0x80003a0e load:0x00000000
       21845000	      2085	80000f68	07ae2423	sw	x26,104(x28)	 x28:0x8002cc60 x26:0x00000006 PA:0x8002ccc8 store:0x00000006 load:0x00000000
       21855000	      2086	80000f6c	07be2623	sw	x27,108(x28)	 x28:0x8002cc60 x27:0x00000000 PA:0x8002cccc store:0x00000000 load:0x00000000
       21865000	      2087	80000f70	07ce2823	sw	x28,112(x28)	 x28:0x8002cc60 x28:0x8002cc60 PA:0x8002ccd0 store:0x8002cc60 load:0x00000000
       21875000	      2088	80000f74	07de2a23	sw	x29,116(x28)	 x28:0x8002cc60 x29:0x00000095 PA:0x8002ccd4 store:0x00000095 load:0x00000000
       21885000	      2089	80000f78	07ee2c23	sw	x30,120(x28)	 x28:0x8002cc60 x30:0x00000000 PA:0x8002ccd8 store:0x00000000 load:0x00000000
       21895000	      2090	80000f7c	07fe2e23	sw	x31,124(x28)	 x28:0x8002cc60 x31:0x00000007 PA:0x8002ccdc store:0x00000007 load:0x00000000
       21905000	      2091	80000f80	000e0633	add	x12,x28,x0	 x28:0x8002cc60  x0:0x00000000 x12=0x8002cc60
       21915000	      2092	80000f84	90000cb7	lui	x25,0x90000	 x25=0x90000000
       21925000	      2093	80000f88	1cf1	c.addi	x25,-4	 x25:0x90000000 x25=0x8ffffffc
       21935000	      2094	80000f8a	4399	c.li	x7,6	  x7=0x00000006
       21945000	      2095	80000f8c	03a2	c.slli	x7,0x8	  x7:0x00000006  x7=0x00000600
       21955000	      2096	80000f8e	00038393	addi	x7,x7,0	  x7:0x00000600  x7=0x00000600
       21965000	      2097	80000f92	007ca023	sw	x7,0(x25)	 x25:0x8ffffffc  x7:0x00000600 PA:0x8ffffffc store:0x00000600 load:0x00000000
       21975000	      2098	80000f96	342023f3	csrrs	x7,mcause,x0	  x0:0x00000000  x7=0x8000000b
       21985000	      2099	80000f9a	01f3d393	srli	x7,x7,0x1f	  x7:0x8000000b  x7=0x00000001
       21995000	      2100	80000f9e	06038863	beq	x7,x0,8000100e	  x7:0x00000001  x0:0x00000000
       22005000	      2101	80000fa2	90000cb7	lui	x25,0x90000	 x25=0x90000000
       22015000	      2102	80000fa6	1cf1	c.addi	x25,-4	 x25:0x90000000 x25=0x8ffffffc
       22025000	      2103	80000fa8	30000393	addi	x7,x0,768	  x0:0x00000000  x7=0x00000300
       22035000	      2104	80000fac	03a2	c.slli	x7,0x8	  x7:0x00000300  x7=0x00030000
       22045000	      2105	80000fae	038d	c.addi	x7,3	  x7:0x00030000  x7=0x00030003
       22055000	      2106	80000fb0	007ca023	sw	x7,0(x25)	 x25:0x8ffffffc  x7:0x00030003 PA:0x8ffffffc store:0x00030003 load:0x00000000
       22065000	      2107	80000fb4	300023f3	csrrs	x7,mstatus,x0	  x0:0x00000000  x7=0x00001880
       22075000	      2108	80000fb8	007ca023	sw	x7,0(x25)	 x25:0x8ffffffc  x7:0x00001880 PA:0x8ffffffc store:0x00001880 load:0x00000000
       22085000	      2109	80000fbc	90000cb7	lui	x25,0x90000	 x25=0x90000000
       22095000	      2110	80000fc0	1cf1	c.addi	x25,-4	 x25:0x90000000 x25=0x8ffffffc
       22105000	      2111	80000fc2	34200393	addi	x7,x0,834	  x0:0x00000000  x7=0x00000342
       22115000	      2112	80000fc6	03a2	c.slli	x7,0x8	  x7:0x00000342  x7=0x00034200
       22125000	      2113	80000fc8	038d	c.addi	x7,3	  x7:0x00034200  x7=0x00034203
       22135000	      2114	80000fca	007ca023	sw	x7,0(x25)	 x25:0x8ffffffc  x7:0x00034203 PA:0x8ffffffc store:0x00034203 load:0x00000000
       22145000	      2115	80000fce	342023f3	csrrs	x7,mcause,x0	  x0:0x00000000  x7=0x8000000b
       22155000	      2116	80000fd2	007ca023	sw	x7,0(x25)	 x25:0x8ffffffc  x7:0x8000000b PA:0x8ffffffc store:0x8000000b load:0x00000000
       22165000	      2117	80000fd6	90000cb7	lui	x25,0x90000	 x25=0x90000000
       22175000	      2118	80000fda	1cf1	c.addi	x25,-4	 x25:0x90000000 x25=0x8ffffffc
       22185000	      2119	80000fdc	30400393	addi	x7,x0,772	  x0:0x00000000  x7=0x00000304
       22195000	      2120	80000fe0	03a2	c.slli	x7,0x8	  x7:0x00000304  x7=0x00030400
       22205000	      2121	80000fe2	038d	c.addi	x7,3	  x7:0x00030400  x7=0x00030403
       22215000	      2122	80000fe4	007ca023	sw	x7,0(x25)	 x25:0x8ffffffc  x7:0x00030403 PA:0x8ffffffc store:0x00030403 load:0x00000000
       22225000	      2123	80000fe8	304023f3	csrrs	x7,mie,x0	  x0:0x00000000  x7=0x75d90888
       22235000	      2124	80000fec	007ca023	sw	x7,0(x25)	 x25:0x8ffffffc  x7:0x75d90888 PA:0x8ffffffc store:0x75d90888 load:0x00000000
       22245000	      2125	80000ff0	90000cb7	lui	x25,0x90000	 x25=0x90000000
       22255000	      2126	80000ff4	1cf1	c.addi	x25,-4	 x25:0x90000000 x25=0x8ffffffc
       22265000	      2127	80000ff6	34400393	addi	x7,x0,836	  x0:0x00000000  x7=0x00000344
       22275000	      2128	80000ffa	03a2	c.slli	x7,0x8	  x7:0x00000344  x7=0x00034400
       22285000	      2129	80000ffc	038d	c.addi	x7,3	  x7:0x00034400  x7=0x00034403
       22295000	      2130	80000ffe	007ca023	sw	x7,0(x25)	 x25:0x8ffffffc  x7:0x00034403 PA:0x8ffffffc store:0x00034403 load:0x00000000
       22305000	      2131	80001002	344023f3	csrrs	x7,mip,x0	  x0:0x00000000  x7=0x00000000
       22315000	      2132	80001006	007ca023	sw	x7,0(x25)	 x25:0x8ffffffc  x7:0x00000000 PA:0x8ffffffc store:0x00000000 load:0x00000000
       22325000	      2133	8000100a	3aa1106f	jal	x0,800123b4	  x0=0x00000000
       22345000	      2135	800123b4	300023f3	csrrs	x7,mstatus,x0	  x0:0x00000000  x7=0x00001880
       22355000	      2136	800123b8	304023f3	csrrs	x7,mie,x0	  x0:0x00000000  x7=0x75d90888
       22365000	      2137	800123bc	344023f3	csrrs	x7,mip,x0	  x0:0x00000000  x7=0x00000000
       22375000	      2138	800123c0	3443b3f3	csrrc	x7,mip,x7	  x7:0x00000000  x7=0x00000000
       22405000	      2141	800123c4	90000cb7	lui	x25,0x90000	 x25=0x90000000
       22415000	      2142	800123c8	1cf1	c.addi	x25,-4	 x25:0x90000000 x25=0x8ffffffc
       22425000	      2143	800123ca	439d	c.li	x7,7	  x7=0x00000007
       22435000	      2144	800123cc	03a2	c.slli	x7,0x8	  x7:0x00000007  x7=0x00000700
       22445000	      2145	800123ce	00038393	addi	x7,x7,0	  x7:0x00000700  x7=0x00000700
       22455000	      2146	800123d2	007ca023	sw	x7,0(x25)	 x25:0x8ffffffc  x7:0x00000700 PA:0x8ffffffc store:0x00000700 load:0x00000000
       22465000	      2147	800123d6	00060e33	add	x28,x12,x0	 x12:0x8002cc60  x0:0x00000000 x28=0x8002cc60
       22475000	      2148	800123da	004e2083	lw	x1,4(x28)	 x28:0x8002cc60  x1=0x80003a0a PA:0x8002cc64 load:0x80003a0a
       22485000	      2149	800123de	008e2103	lw	x2,8(x28)	 x28:0x8002cc60  x2=0x00000000 PA:0x8002cc68 load:0x00000000
       22495000	      2150	800123e2	00ce2183	lw	x3,12(x28)	 x28:0x8002cc60  x3=0x80003a34 PA:0x8002cc6c load:0x80003a34
       22505000	      2151	800123e6	010e2203	lw	x4,16(x28)	 x28:0x8002cc60  x4=0x80013363 PA:0x8002cc70 load:0x80013363
       22515000	      2152	800123ea	014e2283	lw	x5,20(x28)	 x28:0x8002cc60  x5=0xffffff8a PA:0x8002cc74 load:0xffffff8a
       22525000	      2153	800123ee	018e2303	lw	x6,24(x28)	 x28:0x8002cc60  x6=0x00000019 PA:0x8002cc78 load:0x00000019
       22535000	      2154	800123f2	01ce2383	lw	x7,28(x28)	 x28:0x8002cc60  x7=0x43cc0000 PA:0x8002cc7c load:0x43cc0000
       22545000	      2155	800123f6	020e2403	lw	x8,32(x28)	 x28:0x8002cc60  x8=0x80000000 PA:0x8002cc80 load:0x80000000
       22555000	      2156	800123fa	024e2483	lw	x9,36(x28)	 x28:0x8002cc60  x9=0x0000e2e3 PA:0x8002cc84 load:0x0000e2e3
       22565000	      2157	800123fe	028e2503	lw	x10,40(x28)	 x28:0x8002cc60 x10=0xaa350032 PA:0x8002cc88 load:0xaa350032
       22575000	      2158	80012402	02ce2583	lw	x11,44(x28)	 x28:0x8002cc60 x11=0xffffffac PA:0x8002cc8c load:0xffffffac
       22585000	      2159	80012406	030e2603	lw	x12,48(x28)	 x28:0x8002cc60 x12=0x8002cce0 PA:0x8002cc90 load:0x8002cce0
       22595000	      2160	8001240a	034e2683	lw	x13,52(x28)	 x28:0x8002cc60 x13=0xffffff80 PA:0x8002cc94 load:0xffffff80
       22605000	      2161	8001240e	038e2703	lw	x14,56(x28)	 x28:0x8002cc60 x14=0x80013b1c PA:0x8002cc98 load:0x80013b1c
       22615000	      2162	80012412	03ce2783	lw	x15,60(x28)	 x28:0x8002cc60 x15=0x00000003 PA:0x8002cc9c load:0x00000003
       22625000	      2163	80012416	040e2803	lw	x16,64(x28)	 x28:0x8002cc60 x16=0x00000002 PA:0x8002cca0 load:0x00000002
       22635000	      2164	8001241a	044e2883	lw	x17,68(x28)	 x28:0x8002cc60 x17=0x0000e662 PA:0x8002cca4 load:0x0000e662
       22645000	      2165	8001241e	048e2903	lw	x18,72(x28)	 x28:0x8002cc60 x18=0x00000000 PA:0x8002cca8 load:0x00000000
       22655000	      2166	80012422	04ce2983	lw	x19,76(x28)	 x28:0x8002cc60 x19=0x00000001 PA:0x8002ccac load:0x00000001
       22665000	      2167	80012426	050e2a03	lw	x20,80(x28)	 x28:0x8002cc60 x20=0xc8c9cacb PA:0x8002ccb0 load:0xc8c9cacb
       22675000	      2168	8001242a	054e2a83	lw	x21,84(x28)	 x28:0x8002cc60 x21=0x0000e6e7 PA:0x8002ccb4 load:0x0000e6e7
       22685000	      2169	8001242e	058e2b03	lw	x22,88(x28)	 x28:0x8002cc60 x22=0xaa350032 PA:0x8002ccb8 load:0xaa350032
       22695000	      2170	80012432	05ce2b83	lw	x23,92(x28)	 x28:0x8002cc60 x23=0xaa350032 PA:0x8002ccbc load:0xaa350032
       22705000	      2171	80012436	060e2c03	lw	x24,96(x28)	 x28:0x8002cc60 x24=0xffffffcc PA:0x8002ccc0 load:0xffffffcc
       22715000	      2172	8001243a	064e2c83	lw	x25,100(x28)	 x28:0x8002cc60 x25=0x80003a0e PA:0x8002ccc4 load:0x80003a0e
       22725000	      2173	8001243e	068e2d03	lw	x26,104(x28)	 x28:0x8002cc60 x26=0x00000006 PA:0x8002ccc8 load:0x00000006
       22735000	      2174	80012442	06ce2d83	lw	x27,108(x28)	 x28:0x8002cc60 x27=0x00000000 PA:0x8002cccc load:0x00000000
       22745000	      2175	80012446	070e2e03	lw	x28,112(x28)	 x28:0x8002cc60 x28=0x8002cc60 PA:0x8002ccd0 load:0x8002cc60
       22765000	      2177	8001244a	074e2e83	lw	x29,116(x28)	 x28:0x8002cc60 x29=0x00000095 PA:0x8002ccd4 load:0x00000095
       22775000	      2178	8001244e	078e2f03	lw	x30,120(x28)	 x28:0x8002cc60 x30=0x00000000 PA:0x8002ccd8 load:0x00000000
       22785000	      2179	80012452	07ce2f83	lw	x31,124(x28)	 x28:0x8002cc60 x31=0x00000007 PA:0x8002ccdc load:0x00000007
       22795000	      2180	80012456	080e0e13	addi	x28,x28,128	 x28:0x8002cc60 x28=0x8002cce0
       22805000	      2181	8001245a	000e0633	add	x12,x28,x0	 x28:0x8002cce0  x0:0x00000000 x12=0x8002cce0
       22815000	      2182	8001245e	00062e03	lw	x28,0(x12)	 x12:0x8002cce0 x28=0x80028e64 PA:0x8002cce0 load:0x80028e64
       22825000	      2183	80012462	0611	c.addi	x12,4	 x12:0x8002cce0 x12=0x8002cce4
       22835000	      2184	80012464	30200073	mret	
       22865000	      2187	80003a74	fcd20123	sb	x13,-62(x4)	  x4:0x80013363 x13:0xffffff80 PA:0x80013325 store:0xffffff80 load:0x00000000
       22875000	      2188	80003a78	82f5	c.srli	x13,0x1d	 x13:0xffffff80 x13=0x00000007
       22885000	      2189	80003a7a	0ff0000f	fence	iorw,iorw	
       22895000	      2190	80003a7e	8cc5	c.or	x9,x9	  x9:0x0000e2e3  x9:0x0000e2e3  x9=0x0000e2e3
       22905000	      2191	80003a80	830a	c.mv	x6,x2	  x0:0x00000000  x2:0x00000000  x6=0x00000000
       22915000	      2192	80003a82	fcd20e23	sb	x13,-36(x4)	  x4:0x80013363 x13:0x00000007 PA:0x8001333f store:0x00000007 load:0x00000000
       22925000	      2193	80003a86	03922b83	lw	x23,57(x4)	  x4:0x80013363 x23=0x54555657 PA:0x8001339c load:0x54555657
       22935000	      2194	80003a8a	fca20b83	lb	x23,-54(x4)	  x4:0x80013363 x23=0xffffffe6 PA:0x8001332d load:0xffffffe6
       22945000	      2195	80003a8e	dbe34113	xori	x2,x6,-578	  x6:0x00000000  x2=0xfffffdbe
       22965000	      2197	80003a92	026df133	remu	x2,x27,x6	 x27:0x00000000  x6:0x00000000  x2=0x00000000
       22975000	      2198	80003a96	fc920223	sb	x9,-60(x4)	  x4:0x80013363  x9:0x0000e2e3 PA:0x80013327 store:0x0000e2e3 load:0x00000000
       22985000	      2199	80003a9a	10500073	wfi	
       24605000	      2361	8000272c	fcafe06f	jal	x0,80000ef6	  x0=0x00000000
       24625000	      2363	80000ef6	1671	c.addi	x12,-4	 x12:0x8002cce4 x12=0x8002cce0
       24635000	      2364	80000ef8	01c62023	sw	x28,0(x12)	 x12:0x8002cce0 x28:0x80028e64 PA:0x8002cce0 store:0x80028e64 load:0x00000000
       24645000	      2365	80000efc	00060e33	add	x28,x12,x0	 x12:0x8002cce0  x0:0x00000000 x28=0x8002cce0
       24655000	      2366	80000f00	f80e0e13	addi	x28,x28,-128	 x28:0x8002cce0 x28=0x8002cc60
       24665000	      2367	80000f04	001e2223	sw	x1,4(x28)	 x28:0x8002cc60  x1:0x80003a0a PA:0x8002cc64 store:0x80003a0a load:0x00000000
       24675000	      2368	80000f08	002e2423	sw	x2,8(x28)	 x28:0x8002cc60  x2:0x00000000 PA:0x8002cc68 store:0x00000000 load:0x00000000
       24685000	      2369	80000f0c	003e2623	sw	x3,12(x28)	 x28:0x8002cc60  x3:0x80003a34 PA:0x8002cc6c store:0x80003a34 load:0x00000000
       24695000	      2370	80000f10	004e2823	sw	x4,16(x28)	 x28:0x8002cc60  x4:0x80013363 PA:0x8002cc70 store:0x80013363 load:0x00000000
       24705000	      2371	80000f14	005e2a23	sw	x5,20(x28)	 x28:0x8002cc60  x5:0xffffff8a PA:0x8002cc74 store:0xffffff8a load:0x00000000
       24715000	      2372	80000f18	006e2c23	sw	x6,24(x28)	 x28:0x8002cc60  x6:0x00000000 PA:0x8002cc78 store:0x00000000 load:0x00000000
       24725000	      2373	80000f1c	007e2e23	sw	x7,28(x28)	 x28:0x8002cc60  x7:0x43cc0000 PA:0x8002cc7c store:0x43cc0000 load:0x00000000
       24735000	      2374	80000f20	028e2023	sw	x8,32(x28)	 x28:0x8002cc60  x8:0x80000000 PA:0x8002cc80 store:0x80000000 load:0x00000000
       24745000	      2375	80000f24	029e2223	sw	x9,36(x28)	 x28:0x8002cc60  x9:0x0000e2e3 PA:0x8002cc84 store:0x0000e2e3 load:0x00000000
       24755000	      2376	80000f28	02ae2423	sw	x10,40(x28)	 x28:0x8002cc60 x10:0xaa350032 PA:0x8002cc88 store:0xaa350032 load:0x00000000
       24765000	      2377	80000f2c	02be2623	sw	x11,44(x28)	 x28:0x8002cc60 x11:0xffffffac PA:0x8002cc8c store:0xffffffac load:0x00000000
       24775000	      2378	80000f30	02ce2823	sw	x12,48(x28)	 x28:0x8002cc60 x12:0x8002cce0 PA:0x8002cc90 store:0x8002cce0 load:0x00000000
       24785000	      2379	80000f34	02de2a23	sw	x13,52(x28)	 x28:0x8002cc60 x13:0x00000007 PA:0x8002cc94 store:0x00000007 load:0x00000000
       24795000	      2380	80000f38	02ee2c23	sw	x14,56(x28)	 x28:0x8002cc60 x14:0x80013b1c PA:0x8002cc98 store:0x80013b1c load:0x00000000
       24805000	      2381	80000f3c	02fe2e23	sw	x15,60(x28)	 x28:0x8002cc60 x15:0x00000003 PA:0x8002cc9c store:0x00000003 load:0x00000000
       24815000	      2382	80000f40	050e2023	sw	x16,64(x28)	 x28:0x8002cc60 x16:0x00000002 PA:0x8002cca0 store:0x00000002 load:0x00000000
       24825000	      2383	80000f44	051e2223	sw	x17,68(x28)	 x28:0x8002cc60 x17:0x0000e662 PA:0x8002cca4 store:0x0000e662 load:0x00000000
       24835000	      2384	80000f48	052e2423	sw	x18,72(x28)	 x28:0x8002cc60 x18:0x00000000 PA:0x8002cca8 store:0x00000000 load:0x00000000
       24845000	      2385	80000f4c	053e2623	sw	x19,76(x28)	 x28:0x8002cc60 x19:0x00000001 PA:0x8002ccac store:0x00000001 load:0x00000000
       24855000	      2386	80000f50	054e2823	sw	x20,80(x28)	 x28:0x8002cc60 x20:0xc8c9cacb PA:0x8002ccb0 store:0xc8c9cacb load:0x00000000
       24865000	      2387	80000f54	055e2a23	sw	x21,84(x28)	 x28:0x8002cc60 x21:0x0000e6e7 PA:0x8002ccb4 store:0x0000e6e7 load:0x00000000
       24875000	      2388	80000f58	056e2c23	sw	x22,88(x28)	 x28:0x8002cc60 x22:0xaa350032 PA:0x8002ccb8 store:0xaa350032 load:0x00000000
       24885000	      2389	80000f5c	057e2e23	sw	x23,92(x28)	 x28:0x8002cc60 x23:0xffffffe6 PA:0x8002ccbc store:0xffffffe6 load:0x00000000
       24895000	      2390	80000f60	078e2023	sw	x24,96(x28)	 x28:0x8002cc60 x24:0xffffffcc PA:0x8002ccc0 store:0xffffffcc load:0x00000000
       24905000	      2391	80000f64	079e2223	sw	x25,100(x28)	 x28:0x8002cc60 x25:0x80003a0e PA:0x8002ccc4 store:0x80003a0e load:0x00000000
       24915000	      2392	80000f68	07ae2423	sw	x26,104(x28)	 x28:0x8002cc60 x26:0x00000006 PA:0x8002ccc8 store:0x00000006 load:0x00000000
       24925000	      2393	80000f6c	07be2623	sw	x27,108(x28)	 x28:0x8002cc60 x27:0x00000000 PA:0x8002cccc store:0x00000000 load:0x00000000
       24935000	      2394	80000f70	07ce2823	sw	x28,112(x28)	 x28:0x8002cc60 x28:0x8002cc60 PA:0x8002ccd0 store:0x8002cc60 load:0x00000000
       24945000	      2395	80000f74	07de2a23	sw	x29,116(x28)	 x28:0x8002cc60 x29:0x00000095 PA:0x8002ccd4 store:0x00000095 load:0x00000000
       24955000	      2396	80000f78	07ee2c23	sw	x30,120(x28)	 x28:0x8002cc60 x30:0x00000000 PA:0x8002ccd8 store:0x00000000 load:0x00000000
       24965000	      2397	80000f7c	07fe2e23	sw	x31,124(x28)	 x28:0x8002cc60 x31:0x00000007 PA:0x8002ccdc store:0x00000007 load:0x00000000
       24975000	      2398	80000f80	000e0633	add	x12,x28,x0	 x28:0x8002cc60  x0:0x00000000 x12=0x8002cc60
       24985000	      2399	80000f84	90000cb7	lui	x25,0x90000	 x25=0x90000000
       24995000	      2400	80000f88	1cf1	c.addi	x25,-4	 x25:0x90000000 x25=0x8ffffffc
       25005000	      2401	80000f8a	4399	c.li	x7,6	  x7=0x00000006
       25015000	      2402	80000f8c	03a2	c.slli	x7,0x8	  x7:0x00000006  x7=0x00000600
       25025000	      2403	80000f8e	00038393	addi	x7,x7,0	  x7:0x00000600  x7=0x00000600
       25035000	      2404	80000f92	007ca023	sw	x7,0(x25)	 x25:0x8ffffffc  x7:0x00000600 PA:0x8ffffffc store:0x00000600 load:0x00000000
       25045000	      2405	80000f96	342023f3	csrrs	x7,mcause,x0	  x0:0x00000000  x7=0x8000000b
       25055000	      2406	80000f9a	01f3d393	srli	x7,x7,0x1f	  x7:0x8000000b  x7=0x00000001
       25065000	      2407	80000f9e	06038863	beq	x7,x0,8000100e	  x7:0x00000001  x0:0x00000000
       25075000	      2408	80000fa2	90000cb7	lui	x25,0x90000	 x25=0x90000000
       25085000	      2409	80000fa6	1cf1	c.addi	x25,-4	 x25:0x90000000 x25=0x8ffffffc
       25095000	      2410	80000fa8	30000393	addi	x7,x0,768	  x0:0x00000000  x7=0x00000300
       25105000	      2411	80000fac	03a2	c.slli	x7,0x8	  x7:0x00000300  x7=0x00030000
       25115000	      2412	80000fae	038d	c.addi	x7,3	  x7:0x00030000  x7=0x00030003
       25125000	      2413	80000fb0	007ca023	sw	x7,0(x25)	 x25:0x8ffffffc  x7:0x00030003 PA:0x8ffffffc store:0x00030003 load:0x00000000
       25135000	      2414	80000fb4	300023f3	csrrs	x7,mstatus,x0	  x0:0x00000000  x7=0x00001880
       25145000	      2415	80000fb8	007ca023	sw	x7,0(x25)	 x25:0x8ffffffc  x7:0x00001880 PA:0x8ffffffc store:0x00001880 load:0x00000000
       25155000	      2416	80000fbc	90000cb7	lui	x25,0x90000	 x25=0x90000000
       25165000	      2417	80000fc0	1cf1	c.addi	x25,-4	 x25:0x90000000 x25=0x8ffffffc
       25175000	      2418	80000fc2	34200393	addi	x7,x0,834	  x0:0x00000000  x7=0x00000342
       25185000	      2419	80000fc6	03a2	c.slli	x7,0x8	  x7:0x00000342  x7=0x00034200
       25195000	      2420	80000fc8	038d	c.addi	x7,3	  x7:0x00034200  x7=0x00034203
       25205000	      2421	80000fca	007ca023	sw	x7,0(x25)	 x25:0x8ffffffc  x7:0x00034203 PA:0x8ffffffc store:0x00034203 load:0x00000000
       25215000	      2422	80000fce	342023f3	csrrs	x7,mcause,x0	  x0:0x00000000  x7=0x8000000b
       25225000	      2423	80000fd2	007ca023	sw	x7,0(x25)	 x25:0x8ffffffc  x7:0x8000000b PA:0x8ffffffc store:0x8000000b load:0x00000000
       25235000	      2424	80000fd6	90000cb7	lui	x25,0x90000	 x25=0x90000000
       25245000	      2425	80000fda	1cf1	c.addi	x25,-4	 x25:0x90000000 x25=0x8ffffffc
       25255000	      2426	80000fdc	30400393	addi	x7,x0,772	  x0:0x00000000  x7=0x00000304
       25265000	      2427	80000fe0	03a2	c.slli	x7,0x8	  x7:0x00000304  x7=0x00030400
       25275000	      2428	80000fe2	038d	c.addi	x7,3	  x7:0x00030400  x7=0x00030403
       25285000	      2429	80000fe4	007ca023	sw	x7,0(x25)	 x25:0x8ffffffc  x7:0x00030403 PA:0x8ffffffc store:0x00030403 load:0x00000000
       25295000	      2430	80000fe8	304023f3	csrrs	x7,mie,x0	  x0:0x00000000  x7=0x75d90888
       25305000	      2431	80000fec	007ca023	sw	x7,0(x25)	 x25:0x8ffffffc  x7:0x75d90888 PA:0x8ffffffc store:0x75d90888 load:0x00000000
       25315000	      2432	80000ff0	90000cb7	lui	x25,0x90000	 x25=0x90000000
       25325000	      2433	80000ff4	1cf1	c.addi	x25,-4	 x25:0x90000000 x25=0x8ffffffc
       25335000	      2434	80000ff6	34400393	addi	x7,x0,836	  x0:0x00000000  x7=0x00000344
       25345000	      2435	80000ffa	03a2	c.slli	x7,0x8	  x7:0x00000344  x7=0x00034400
       25355000	      2436	80000ffc	038d	c.addi	x7,3	  x7:0x00034400  x7=0x00034403
       25365000	      2437	80000ffe	007ca023	sw	x7,0(x25)	 x25:0x8ffffffc  x7:0x00034403 PA:0x8ffffffc store:0x00034403 load:0x00000000
       25375000	      2438	80001002	344023f3	csrrs	x7,mip,x0	  x0:0x00000000  x7=0x00000000
       25385000	      2439	80001006	007ca023	sw	x7,0(x25)	 x25:0x8ffffffc  x7:0x00000000 PA:0x8ffffffc store:0x00000000 load:0x00000000
       25395000	      2440	8000100a	3aa1106f	jal	x0,800123b4	  x0=0x00000000
       25415000	      2442	800123b4	300023f3	csrrs	x7,mstatus,x0	  x0:0x00000000  x7=0x00001880
       25425000	      2443	800123b8	304023f3	csrrs	x7,mie,x0	  x0:0x00000000  x7=0x75d90888
       25435000	      2444	800123bc	344023f3	csrrs	x7,mip,x0	  x0:0x00000000  x7=0x00000000
       25445000	      2445	800123c0	3443b3f3	csrrc	x7,mip,x7	  x7:0x00000000  x7=0x00000000
       25475000	      2448	800123c4	90000cb7	lui	x25,0x90000	 x25=0x90000000
       25485000	      2449	800123c8	1cf1	c.addi	x25,-4	 x25:0x90000000 x25=0x8ffffffc
       25495000	      2450	800123ca	439d	c.li	x7,7	  x7=0x00000007
       25505000	      2451	800123cc	03a2	c.slli	x7,0x8	  x7:0x00000007  x7=0x00000700
       25515000	      2452	800123ce	00038393	addi	x7,x7,0	  x7:0x00000700  x7=0x00000700
       25525000	      2453	800123d2	007ca023	sw	x7,0(x25)	 x25:0x8ffffffc  x7:0x00000700 PA:0x8ffffffc store:0x00000700 load:0x00000000
       25535000	      2454	800123d6	00060e33	add	x28,x12,x0	 x12:0x8002cc60  x0:0x00000000 x28=0x8002cc60
       25545000	      2455	800123da	004e2083	lw	x1,4(x28)	 x28:0x8002cc60  x1=0x80003a0a PA:0x8002cc64 load:0x80003a0a
       25555000	      2456	800123de	008e2103	lw	x2,8(x28)	 x28:0x8002cc60  x2=0x00000000 PA:0x8002cc68 load:0x00000000
       25565000	      2457	800123e2	00ce2183	lw	x3,12(x28)	 x28:0x8002cc60  x3=0x80003a34 PA:0x8002cc6c load:0x80003a34
       25575000	      2458	800123e6	010e2203	lw	x4,16(x28)	 x28:0x8002cc60  x4=0x80013363 PA:0x8002cc70 load:0x80013363
       25585000	      2459	800123ea	014e2283	lw	x5,20(x28)	 x28:0x8002cc60  x5=0xffffff8a PA:0x8002cc74 load:0xffffff8a
       25595000	      2460	800123ee	018e2303	lw	x6,24(x28)	 x28:0x8002cc60  x6=0x00000000 PA:0x8002cc78 load:0x00000000
       25605000	      2461	800123f2	01ce2383	lw	x7,28(x28)	 x28:0x8002cc60  x7=0x43cc0000 PA:0x8002cc7c load:0x43cc0000
       25615000	      2462	800123f6	020e2403	lw	x8,32(x28)	 x28:0x8002cc60  x8=0x80000000 PA:0x8002cc80 load:0x80000000
       25625000	      2463	800123fa	024e2483	lw	x9,36(x28)	 x28:0x8002cc60  x9=0x0000e2e3 PA:0x8002cc84 load:0x0000e2e3
       25635000	      2464	800123fe	028e2503	lw	x10,40(x28)	 x28:0x8002cc60 x10=0xaa350032 PA:0x8002cc88 load:0xaa350032
       25645000	      2465	80012402	02ce2583	lw	x11,44(x28)	 x28:0x8002cc60 x11=0xffffffac PA:0x8002cc8c load:0xffffffac
       25655000	      2466	80012406	030e2603	lw	x12,48(x28)	 x28:0x8002cc60 x12=0x8002cce0 PA:0x8002cc90 load:0x8002cce0
       25665000	      2467	8001240a	034e2683	lw	x13,52(x28)	 x28:0x8002cc60 x13=0x00000007 PA:0x8002cc94 load:0x00000007
       25675000	      2468	8001240e	038e2703	lw	x14,56(x28)	 x28:0x8002cc60 x14=0x80013b1c PA:0x8002cc98 load:0x80013b1c
       25685000	      2469	80012412	03ce2783	lw	x15,60(x28)	 x28:0x8002cc60 x15=0x00000003 PA:0x8002cc9c load:0x00000003
       25695000	      2470	80012416	040e2803	lw	x16,64(x28)	 x28:0x8002cc60 x16=0x00000002 PA:0x8002cca0 load:0x00000002
       25705000	      2471	8001241a	044e2883	lw	x17,68(x28)	 x28:0x8002cc60 x17=0x0000e662 PA:0x8002cca4 load:0x0000e662
       25715000	      2472	8001241e	048e2903	lw	x18,72(x28)	 x28:0x8002cc60 x18=0x00000000 PA:0x8002cca8 load:0x00000000
       25725000	      2473	80012422	04ce2983	lw	x19,76(x28)	 x28:0x8002cc60 x19=0x00000001 PA:0x8002ccac load:0x00000001
       25735000	      2474	80012426	050e2a03	lw	x20,80(x28)	 x28:0x8002cc60 x20=0xc8c9cacb PA:0x8002ccb0 load:0xc8c9cacb
       25745000	      2475	8001242a	054e2a83	lw	x21,84(x28)	 x28:0x8002cc60 x21=0x0000e6e7 PA:0x8002ccb4 load:0x0000e6e7
       25755000	      2476	8001242e	058e2b03	lw	x22,88(x28)	 x28:0x8002cc60 x22=0xaa350032 PA:0x8002ccb8 load:0xaa350032
       25765000	      2477	80012432	05ce2b83	lw	x23,92(x28)	 x28:0x8002cc60 x23=0xffffffe6 PA:0x8002ccbc load:0xffffffe6
       25775000	      2478	80012436	060e2c03	lw	x24,96(x28)	 x28:0x8002cc60 x24=0xffffffcc PA:0x8002ccc0 load:0xffffffcc
       25785000	      2479	8001243a	064e2c83	lw	x25,100(x28)	 x28:0x8002cc60 x25=0x80003a0e PA:0x8002ccc4 load:0x80003a0e
       25795000	      2480	8001243e	068e2d03	lw	x26,104(x28)	 x28:0x8002cc60 x26=0x00000006 PA:0x8002ccc8 load:0x00000006
       25805000	      2481	80012442	06ce2d83	lw	x27,108(x28)	 x28:0x8002cc60 x27=0x00000000 PA:0x8002cccc load:0x00000000
       25815000	      2482	80012446	070e2e03	lw	x28,112(x28)	 x28:0x8002cc60 x28=0x8002cc60 PA:0x8002ccd0 load:0x8002cc60
       25835000	      2484	8001244a	074e2e83	lw	x29,116(x28)	 x28:0x8002cc60 x29=0x00000095 PA:0x8002ccd4 load:0x00000095
       25845000	      2485	8001244e	078e2f03	lw	x30,120(x28)	 x28:0x8002cc60 x30=0x00000000 PA:0x8002ccd8 load:0x00000000
       25855000	      2486	80012452	07ce2f83	lw	x31,124(x28)	 x28:0x8002cc60 x31=0x00000007 PA:0x8002ccdc load:0x00000007
       25865000	      2487	80012456	080e0e13	addi	x28,x28,128	 x28:0x8002cc60 x28=0x8002cce0
       25875000	      2488	8001245a	000e0633	add	x12,x28,x0	 x28:0x8002cce0  x0:0x00000000 x12=0x8002cce0
       25885000	      2489	8001245e	00062e03	lw	x28,0(x12)	 x12:0x8002cce0 x28=0x80028e64 PA:0x8002cce0 load:0x80028e64
       25895000	      2490	80012462	0611	c.addi	x12,4	 x12:0x8002cce0 x12=0x8002cce4
       25905000	      2491	80012464	30200073	mret	
       25945000	      2495	80003a9e	644db693	sltiu	x13,x27,1604	 x27:0x00000000 x13=0x00000001
       25955000	      2496	80003aa2	340f76f3	csrrci	x13,mscratch,30	 x13=0x0000000c
       25965000	      2497	80003aa6	10500073	wfi	
       27675000	      2668	8000272c	fcafe06f	jal	x0,80000ef6	  x0=0x00000000
       27695000	      2670	80000ef6	1671	c.addi	x12,-4	 x12:0x8002cce4 x12=0x8002cce0
       27705000	      2671	80000ef8	01c62023	sw	x28,0(x12)	 x12:0x8002cce0 x28:0x80028e64 PA:0x8002cce0 store:0x80028e64 load:0x00000000
       27715000	      2672	80000efc	00060e33	add	x28,x12,x0	 x12:0x8002cce0  x0:0x00000000 x28=0x8002cce0
       27725000	      2673	80000f00	f80e0e13	addi	x28,x28,-128	 x28:0x8002cce0 x28=0x8002cc60
       27735000	      2674	80000f04	001e2223	sw	x1,4(x28)	 x28:0x8002cc60  x1:0x80003a0a PA:0x8002cc64 store:0x80003a0a load:0x00000000
       27745000	      2675	80000f08	002e2423	sw	x2,8(x28)	 x28:0x8002cc60  x2:0x00000000 PA:0x8002cc68 store:0x00000000 load:0x00000000
       27755000	      2676	80000f0c	003e2623	sw	x3,12(x28)	 x28:0x8002cc60  x3:0x80003a34 PA:0x8002cc6c store:0x80003a34 load:0x00000000
       27765000	      2677	80000f10	004e2823	sw	x4,16(x28)	 x28:0x8002cc60  x4:0x80013363 PA:0x8002cc70 store:0x80013363 load:0x00000000
       27775000	      2678	80000f14	005e2a23	sw	x5,20(x28)	 x28:0x8002cc60  x5:0xffffff8a PA:0x8002cc74 store:0xffffff8a load:0x00000000
       27785000	      2679	80000f18	006e2c23	sw	x6,24(x28)	 x28:0x8002cc60  x6:0x00000000 PA:0x8002cc78 store:0x00000000 load:0x00000000
       27795000	      2680	80000f1c	007e2e23	sw	x7,28(x28)	 x28:0x8002cc60  x7:0x43cc0000 PA:0x8002cc7c store:0x43cc0000 load:0x00000000
       27805000	      2681	80000f20	028e2023	sw	x8,32(x28)	 x28:0x8002cc60  x8:0x80000000 PA:0x8002cc80 store:0x80000000 load:0x00000000
       27815000	      2682	80000f24	029e2223	sw	x9,36(x28)	 x28:0x8002cc60  x9:0x0000e2e3 PA:0x8002cc84 store:0x0000e2e3 load:0x00000000
       27825000	      2683	80000f28	02ae2423	sw	x10,40(x28)	 x28:0x8002cc60 x10:0xaa350032 PA:0x8002cc88 store:0xaa350032 load:0x00000000
       27835000	      2684	80000f2c	02be2623	sw	x11,44(x28)	 x28:0x8002cc60 x11:0xffffffac PA:0x8002cc8c store:0xffffffac load:0x00000000
       27845000	      2685	80000f30	02ce2823	sw	x12,48(x28)	 x28:0x8002cc60 x12:0x8002cce0 PA:0x8002cc90 store:0x8002cce0 load:0x00000000
       27855000	      2686	80000f34	02de2a23	sw	x13,52(x28)	 x28:0x8002cc60 x13:0x0000000c PA:0x8002cc94 store:0x0000000c load:0x00000000
       27865000	      2687	80000f38	02ee2c23	sw	x14,56(x28)	 x28:0x8002cc60 x14:0x80013b1c PA:0x8002cc98 store:0x80013b1c load:0x00000000
       27875000	      2688	80000f3c	02fe2e23	sw	x15,60(x28)	 x28:0x8002cc60 x15:0x00000003 PA:0x8002cc9c store:0x00000003 load:0x00000000
       27885000	      2689	80000f40	050e2023	sw	x16,64(x28)	 x28:0x8002cc60 x16:0x00000002 PA:0x8002cca0 store:0x00000002 load:0x00000000
       27895000	      2690	80000f44	051e2223	sw	x17,68(x28)	 x28:0x8002cc60 x17:0x0000e662 PA:0x8002cca4 store:0x0000e662 load:0x00000000
       27905000	      2691	80000f48	052e2423	sw	x18,72(x28)	 x28:0x8002cc60 x18:0x00000000 PA:0x8002cca8 store:0x00000000 load:0x00000000
       27915000	      2692	80000f4c	053e2623	sw	x19,76(x28)	 x28:0x8002cc60 x19:0x00000001 PA:0x8002ccac store:0x00000001 load:0x00000000
       27925000	      2693	80000f50	054e2823	sw	x20,80(x28)	 x28:0x8002cc60 x20:0xc8c9cacb PA:0x8002ccb0 store:0xc8c9cacb load:0x00000000
       27935000	      2694	80000f54	055e2a23	sw	x21,84(x28)	 x28:0x8002cc60 x21:0x0000e6e7 PA:0x8002ccb4 store:0x0000e6e7 load:0x00000000
       27945000	      2695	80000f58	056e2c23	sw	x22,88(x28)	 x28:0x8002cc60 x22:0xaa350032 PA:0x8002ccb8 store:0xaa350032 load:0x00000000
       27955000	      2696	80000f5c	057e2e23	sw	x23,92(x28)	 x28:0x8002cc60 x23:0xffffffe6 PA:0x8002ccbc store:0xffffffe6 load:0x00000000
       27965000	      2697	80000f60	078e2023	sw	x24,96(x28)	 x28:0x8002cc60 x24:0xffffffcc PA:0x8002ccc0 store:0xffffffcc load:0x00000000
       27975000	      2698	80000f64	079e2223	sw	x25,100(x28)	 x28:0x8002cc60 x25:0x80003a0e PA:0x8002ccc4 store:0x80003a0e load:0x00000000
       27985000	      2699	80000f68	07ae2423	sw	x26,104(x28)	 x28:0x8002cc60 x26:0x00000006 PA:0x8002ccc8 store:0x00000006 load:0x00000000
       27995000	      2700	80000f6c	07be2623	sw	x27,108(x28)	 x28:0x8002cc60 x27:0x00000000 PA:0x8002cccc store:0x00000000 load:0x00000000
       28005000	      2701	80000f70	07ce2823	sw	x28,112(x28)	 x28:0x8002cc60 x28:0x8002cc60 PA:0x8002ccd0 store:0x8002cc60 load:0x00000000
       28015000	      2702	80000f74	07de2a23	sw	x29,116(x28)	 x28:0x8002cc60 x29:0x00000095 PA:0x8002ccd4 store:0x00000095 load:0x00000000
       28025000	      2703	80000f78	07ee2c23	sw	x30,120(x28)	 x28:0x8002cc60 x30:0x00000000 PA:0x8002ccd8 store:0x00000000 load:0x00000000
       28035000	      2704	80000f7c	07fe2e23	sw	x31,124(x28)	 x28:0x8002cc60 x31:0x00000007 PA:0x8002ccdc store:0x00000007 load:0x00000000
       28045000	      2705	80000f80	000e0633	add	x12,x28,x0	 x28:0x8002cc60  x0:0x00000000 x12=0x8002cc60
       28055000	      2706	80000f84	90000cb7	lui	x25,0x90000	 x25=0x90000000
       28065000	      2707	80000f88	1cf1	c.addi	x25,-4	 x25:0x90000000 x25=0x8ffffffc
       28075000	      2708	80000f8a	4399	c.li	x7,6	  x7=0x00000006
       28085000	      2709	80000f8c	03a2	c.slli	x7,0x8	  x7:0x00000006  x7=0x00000600
       28095000	      2710	80000f8e	00038393	addi	x7,x7,0	  x7:0x00000600  x7=0x00000600
       28105000	      2711	80000f92	007ca023	sw	x7,0(x25)	 x25:0x8ffffffc  x7:0x00000600 PA:0x8ffffffc store:0x00000600 load:0x00000000
       28115000	      2712	80000f96	342023f3	csrrs	x7,mcause,x0	  x0:0x00000000  x7=0x8000000b
       28125000	      2713	80000f9a	01f3d393	srli	x7,x7,0x1f	  x7:0x8000000b  x7=0x00000001
       28135000	      2714	80000f9e	06038863	beq	x7,x0,8000100e	  x7:0x00000001  x0:0x00000000
       28145000	      2715	80000fa2	90000cb7	lui	x25,0x90000	 x25=0x90000000
       28155000	      2716	80000fa6	1cf1	c.addi	x25,-4	 x25:0x90000000 x25=0x8ffffffc
       28165000	      2717	80000fa8	30000393	addi	x7,x0,768	  x0:0x00000000  x7=0x00000300
       28175000	      2718	80000fac	03a2	c.slli	x7,0x8	  x7:0x00000300  x7=0x00030000
       28185000	      2719	80000fae	038d	c.addi	x7,3	  x7:0x00030000  x7=0x00030003
       28195000	      2720	80000fb0	007ca023	sw	x7,0(x25)	 x25:0x8ffffffc  x7:0x00030003 PA:0x8ffffffc store:0x00030003 load:0x00000000
       28205000	      2721	80000fb4	300023f3	csrrs	x7,mstatus,x0	  x0:0x00000000  x7=0x00001880
       28215000	      2722	80000fb8	007ca023	sw	x7,0(x25)	 x25:0x8ffffffc  x7:0x00001880 PA:0x8ffffffc store:0x00001880 load:0x00000000
       28225000	      2723	80000fbc	90000cb7	lui	x25,0x90000	 x25=0x90000000
       28235000	      2724	80000fc0	1cf1	c.addi	x25,-4	 x25:0x90000000 x25=0x8ffffffc
       28245000	      2725	80000fc2	34200393	addi	x7,x0,834	  x0:0x00000000  x7=0x00000342
       28255000	      2726	80000fc6	03a2	c.slli	x7,0x8	  x7:0x00000342  x7=0x00034200
       28265000	      2727	80000fc8	038d	c.addi	x7,3	  x7:0x00034200  x7=0x00034203
       28275000	      2728	80000fca	007ca023	sw	x7,0(x25)	 x25:0x8ffffffc  x7:0x00034203 PA:0x8ffffffc store:0x00034203 load:0x00000000
       28285000	      2729	80000fce	342023f3	csrrs	x7,mcause,x0	  x0:0x00000000  x7=0x8000000b
       28295000	      2730	80000fd2	007ca023	sw	x7,0(x25)	 x25:0x8ffffffc  x7:0x8000000b PA:0x8ffffffc store:0x8000000b load:0x00000000
       28305000	      2731	80000fd6	90000cb7	lui	x25,0x90000	 x25=0x90000000
       28315000	      2732	80000fda	1cf1	c.addi	x25,-4	 x25:0x90000000 x25=0x8ffffffc
       28325000	      2733	80000fdc	30400393	addi	x7,x0,772	  x0:0x00000000  x7=0x00000304
       28335000	      2734	80000fe0	03a2	c.slli	x7,0x8	  x7:0x00000304  x7=0x00030400
       28345000	      2735	80000fe2	038d	c.addi	x7,3	  x7:0x00030400  x7=0x00030403
       28355000	      2736	80000fe4	007ca023	sw	x7,0(x25)	 x25:0x8ffffffc  x7:0x00030403 PA:0x8ffffffc store:0x00030403 load:0x00000000
       28365000	      2737	80000fe8	304023f3	csrrs	x7,mie,x0	  x0:0x00000000  x7=0x75d90888
       28375000	      2738	80000fec	007ca023	sw	x7,0(x25)	 x25:0x8ffffffc  x7:0x75d90888 PA:0x8ffffffc store:0x75d90888 load:0x00000000
       28385000	      2739	80000ff0	90000cb7	lui	x25,0x90000	 x25=0x90000000
       28395000	      2740	80000ff4	1cf1	c.addi	x25,-4	 x25:0x90000000 x25=0x8ffffffc
       28405000	      2741	80000ff6	34400393	addi	x7,x0,836	  x0:0x00000000  x7=0x00000344
       28415000	      2742	80000ffa	03a2	c.slli	x7,0x8	  x7:0x00000344  x7=0x00034400
       28425000	      2743	80000ffc	038d	c.addi	x7,3	  x7:0x00034400  x7=0x00034403
       28435000	      2744	80000ffe	007ca023	sw	x7,0(x25)	 x25:0x8ffffffc  x7:0x00034403 PA:0x8ffffffc store:0x00034403 load:0x00000000
       28445000	      2745	80001002	344023f3	csrrs	x7,mip,x0	  x0:0x00000000  x7=0x00000000
       28455000	      2746	80001006	007ca023	sw	x7,0(x25)	 x25:0x8ffffffc  x7:0x00000000 PA:0x8ffffffc store:0x00000000 load:0x00000000
       28465000	      2747	8000100a	3aa1106f	jal	x0,800123b4	  x0=0x00000000
       28485000	      2749	800123b4	300023f3	csrrs	x7,mstatus,x0	  x0:0x00000000  x7=0x00001880
       28495000	      2750	800123b8	304023f3	csrrs	x7,mie,x0	  x0:0x00000000  x7=0x75d90888
       28505000	      2751	800123bc	344023f3	csrrs	x7,mip,x0	  x0:0x00000000  x7=0x00000000
       28515000	      2752	800123c0	3443b3f3	csrrc	x7,mip,x7	  x7:0x00000000  x7=0x00000000
       28545000	      2755	800123c4	90000cb7	lui	x25,0x90000	 x25=0x90000000
       28555000	      2756	800123c8	1cf1	c.addi	x25,-4	 x25:0x90000000 x25=0x8ffffffc
       28565000	      2757	800123ca	439d	c.li	x7,7	  x7=0x00000007
       28575000	      2758	800123cc	03a2	c.slli	x7,0x8	  x7:0x00000007  x7=0x00000700
       28585000	      2759	800123ce	00038393	addi	x7,x7,0	  x7:0x00000700  x7=0x00000700
       28595000	      2760	800123d2	007ca023	sw	x7,0(x25)	 x25:0x8ffffffc  x7:0x00000700 PA:0x8ffffffc store:0x00000700 load:0x00000000
       28605000	      2761	800123d6	00060e33	add	x28,x12,x0	 x12:0x8002cc60  x0:0x00000000 x28=0x8002cc60
       28615000	      2762	800123da	004e2083	lw	x1,4(x28)	 x28:0x8002cc60  x1=0x80003a0a PA:0x8002cc64 load:0x80003a0a
       28625000	      2763	800123de	008e2103	lw	x2,8(x28)	 x28:0x8002cc60  x2=0x00000000 PA:0x8002cc68 load:0x00000000
       28635000	      2764	800123e2	00ce2183	lw	x3,12(x28)	 x28:0x8002cc60  x3=0x80003a34 PA:0x8002cc6c load:0x80003a34
       28645000	      2765	800123e6	010e2203	lw	x4,16(x28)	 x28:0x8002cc60  x4=0x80013363 PA:0x8002cc70 load:0x80013363
       28655000	      2766	800123ea	014e2283	lw	x5,20(x28)	 x28:0x8002cc60  x5=0xffffff8a PA:0x8002cc74 load:0xffffff8a
       28665000	      2767	800123ee	018e2303	lw	x6,24(x28)	 x28:0x8002cc60  x6=0x00000000 PA:0x8002cc78 load:0x00000000
       28675000	      2768	800123f2	01ce2383	lw	x7,28(x28)	 x28:0x8002cc60  x7=0x43cc0000 PA:0x8002cc7c load:0x43cc0000
       28685000	      2769	800123f6	020e2403	lw	x8,32(x28)	 x28:0x8002cc60  x8=0x80000000 PA:0x8002cc80 load:0x80000000
       28695000	      2770	800123fa	024e2483	lw	x9,36(x28)	 x28:0x8002cc60  x9=0x0000e2e3 PA:0x8002cc84 load:0x0000e2e3
       28705000	      2771	800123fe	028e2503	lw	x10,40(x28)	 x28:0x8002cc60 x10=0xaa350032 PA:0x8002cc88 load:0xaa350032
       28715000	      2772	80012402	02ce2583	lw	x11,44(x28)	 x28:0x8002cc60 x11=0xffffffac PA:0x8002cc8c load:0xffffffac
       28725000	      2773	80012406	030e2603	lw	x12,48(x28)	 x28:0x8002cc60 x12=0x8002cce0 PA:0x8002cc90 load:0x8002cce0
       28735000	      2774	8001240a	034e2683	lw	x13,52(x28)	 x28:0x8002cc60 x13=0x0000000c PA:0x8002cc94 load:0x0000000c
       28745000	      2775	8001240e	038e2703	lw	x14,56(x28)	 x28:0x8002cc60 x14=0x80013b1c PA:0x8002cc98 load:0x80013b1c
       28755000	      2776	80012412	03ce2783	lw	x15,60(x28)	 x28:0x8002cc60 x15=0x00000003 PA:0x8002cc9c load:0x00000003
       28765000	      2777	80012416	040e2803	lw	x16,64(x28)	 x28:0x8002cc60 x16=0x00000002 PA:0x8002cca0 load:0x00000002
       28775000	      2778	8001241a	044e2883	lw	x17,68(x28)	 x28:0x8002cc60 x17=0x0000e662 PA:0x8002cca4 load:0x0000e662
       28785000	      2779	8001241e	048e2903	lw	x18,72(x28)	 x28:0x8002cc60 x18=0x00000000 PA:0x8002cca8 load:0x00000000
       28795000	      2780	80012422	04ce2983	lw	x19,76(x28)	 x28:0x8002cc60 x19=0x00000001 PA:0x8002ccac load:0x00000001
       28805000	      2781	80012426	050e2a03	lw	x20,80(x28)	 x28:0x8002cc60 x20=0xc8c9cacb PA:0x8002ccb0 load:0xc8c9cacb
       28815000	      2782	8001242a	054e2a83	lw	x21,84(x28)	 x28:0x8002cc60 x21=0x0000e6e7 PA:0x8002ccb4 load:0x0000e6e7
       28825000	      2783	8001242e	058e2b03	lw	x22,88(x28)	 x28:0x8002cc60 x22=0xaa350032 PA:0x8002ccb8 load:0xaa350032
       28835000	      2784	80012432	05ce2b83	lw	x23,92(x28)	 x28:0x8002cc60 x23=0xffffffe6 PA:0x8002ccbc load:0xffffffe6
       28845000	      2785	80012436	060e2c03	lw	x24,96(x28)	 x28:0x8002cc60 x24=0xffffffcc PA:0x8002ccc0 load:0xffffffcc
       28855000	      2786	8001243a	064e2c83	lw	x25,100(x28)	 x28:0x8002cc60 x25=0x80003a0e PA:0x8002ccc4 load:0x80003a0e
       28865000	      2787	8001243e	068e2d03	lw	x26,104(x28)	 x28:0x8002cc60 x26=0x00000006 PA:0x8002ccc8 load:0x00000006
       28875000	      2788	80012442	06ce2d83	lw	x27,108(x28)	 x28:0x8002cc60 x27=0x00000000 PA:0x8002cccc load:0x00000000
       28885000	      2789	80012446	070e2e03	lw	x28,112(x28)	 x28:0x8002cc60 x28=0x8002cc60 PA:0x8002ccd0 load:0x8002cc60
       28905000	      2791	8001244a	074e2e83	lw	x29,116(x28)	 x28:0x8002cc60 x29=0x00000095 PA:0x8002ccd4 load:0x00000095
       28915000	      2792	8001244e	078e2f03	lw	x30,120(x28)	 x28:0x8002cc60 x30=0x00000000 PA:0x8002ccd8 load:0x00000000
       28925000	      2793	80012452	07ce2f83	lw	x31,124(x28)	 x28:0x8002cc60 x31=0x00000007 PA:0x8002ccdc load:0x00000007
       28935000	      2794	80012456	080e0e13	addi	x28,x28,128	 x28:0x8002cc60 x28=0x8002cce0
       28945000	      2795	8001245a	000e0633	add	x12,x28,x0	 x28:0x8002cce0  x0:0x00000000 x12=0x8002cce0
       28955000	      2796	8001245e	00062e03	lw	x28,0(x12)	 x12:0x8002cce0 x28=0x80028e64 PA:0x8002cce0 load:0x80028e64
       28965000	      2797	80012462	0611	c.addi	x12,4	 x12:0x8002cce0 x12=0x8002cce4
       28975000	      2798	80012464	30200073	mret	
       29015000	      2802	80003aaa	40615333	sra	x6,x2,x6	  x2:0x00000000  x6:0x00000000  x6=0x00000000
       29025000	      2803	80003aae	01b204a3	sb	x27,9(x4)	  x4:0x80013363 x27:0x00000000 PA:0x8001336c store:0x00000000 load:0x00000000
       29035000	      2804	80003ab2	8e95	c.sub	x13,x13	 x13:0x0000000c x13:0x0000000c x13=0x00000000
       29045000	      2805	80003ab4	84c1	c.srai	x9,0x10	  x9:0x0000e2e3  x9=0x00000000
       29055000	      2806	80003ab6	65f14493	xori	x9,x2,1631	  x2:0x00000000  x9=0x0000065f
       29065000	      2807	80003aba	03420103	lb	x2,52(x4)	  x4:0x80013363  x2=0x0000004c PA:0x80013397 load:0x0000004c
       29075000	      2808	80003abe	01b306b3	add	x13,x6,x27	  x6:0x00000000 x27:0x00000000 x13=0x00000000
       29085000	      2809	80003ac2	fe920723	sb	x9,-18(x4)	  x4:0x80013363  x9:0x0000065f PA:0x80013351 store:0x0000065f load:0x00000000
       29095000	      2810	80003ac6	022213a3	sh	x2,39(x4)	  x4:0x80013363  x2:0x0000004c PA:0x8001338a store:0x0000004c load:0x00000000
       29105000	      2811	80003aca	01c001ef	jal	x3,80003ae6	  x3=0x80003ace
       29125000	      2813	80003ae6	2009	c.jal	80003ae8	  x1=0x80003ae8
       29145000	      2815	80003ae8	018006ef	jal	x13,80003b00	 x13=0x80003aec
       29165000	      2817	80003b00	bfd1	c.j	80003ad4	
       29185000	      2819	80003ad4	00a000ef	jal	x1,80003ade	  x1=0x80003ad8
       29205000	      2821	80003ade	3fc5	c.jal	80003ace	  x1=0x80003ae0
       29225000	      2823	80003ace	2009	c.jal	80003ad0	  x1=0x80003ad0
       29245000	      2825	80003ad0	a825	c.j	80003b08	
       29265000	      2827	80003b08	fe7ff86f	jal	x16,80003aee	 x16=0x80003b0c
       29285000	      2829	80003aee	a039	c.j	80003afc	
       29305000	      2831	80003afc	ffdff0ef	jal	x1,80003af8	  x1=0x80003b00
       29325000	      2833	80003af8	febff0ef	jal	x1,80003ae2	  x1=0x80003afc
       29345000	      2835	80003ae2	a039	c.j	80003af0	
       29365000	      2837	80003af0	bff5	c.j	80003aec	
       29385000	      2839	80003aec	3fe5	c.jal	80003ae4	  x1=0x80003aee
       29405000	      2841	80003ae4	a025	c.j	80003b0c	
       29425000	      2843	80003b0c	b7d9	c.j	80003ad2	
       29445000	      2845	80003ad2	a029	c.j	80003adc	
       29465000	      2847	80003adc	202d	c.jal	80003b06	  x1=0x80003ade
       29485000	      2849	80003b06	bfc5	c.j	80003af6	
       29505000	      2851	80003af6	2039	c.jal	80003b04	  x1=0x80003af8
       29525000	      2853	80003b04	3ffd	c.jal	80003b02	  x1=0x80003b06
       29545000	      2855	80003b02	3fc5	c.jal	80003af2	  x1=0x80003b04
       29575000	      2858	80003af2	01c000ef	jal	x1,80003b0e	  x1=0x80003af6
       29605000	      2861	80003b0e	004000ef	jal	x1,80003b12	  x1=0x80003b12
       29635000	      2864	80003b12	fc7ff0ef	jal	x1,80003ad8	  x1=0x80003b16
       29655000	      2866	80003ad8	00800bef	jal	x23,80003ae0	 x23=0x80003adc
       29675000	      2868	80003ae0	a81d	c.j	80003b16	
       29695000	      2870	80003b16	8e91	c.sub	x13,x12	 x13:0x80003aec x12:0x8002cce4 x13=0xfffd6e08
       29705000	      2871	80003b18	0001b117	auipc	x2,0x1b	  x2=0x8001eb18
       29715000	      2872	80003b1c	15010113	addi	x2,x2,336	  x2:0x8001eb18  x2=0x8001ec68
       29725000	      2873	80003b20	54d2	c.lwsp	x9,52(x2)	  x2:0x8001ec68  x9=0x54555657 PA:0x8001ec9c load:0x54555657
       29735000	      2874	80003b22	8799	c.srai	x15,0x6	 x15:0x00000003 x15=0x00000000
       29745000	      2875	80003b24	5fd2	c.lwsp	x31,52(x2)	  x2:0x8001ec68 x31=0x54555657 PA:0x8001ec9c load:0x54555657
       29755000	      2876	80003b26	019582b3	add	x5,x11,x25	 x11:0xffffffac x25:0x80003a0e  x5=0x800039ba
       29765000	      2877	80003b2a	039100a3	sb	x25,33(x2)	  x2:0x8001ec68 x25:0x80003a0e PA:0x8001ec89 store:0x80003a0e load:0x00000000
       29775000	      2878	80003b2e	03d10b83	lb	x23,61(x2)	  x2:0x8001ec68 x23=0x0000005e PA:0x8001eca5 load:0x0000005e
       29785000	      2879	80003b32	01010523	sb	x16,10(x2)	  x2:0x8001ec68 x16:0x80003b0c PA:0x8001ec72 store:0x80003b0c load:0x00000000
       29795000	      2880	80003b36	00f10b03	lb	x22,15(x2)	  x2:0x8001ec68 x22=0x0000002c PA:0x8001ec77 load:0x0000002c
       29805000	      2881	80003b3a	01b10583	lb	x11,27(x2)	  x2:0x8001ec68 x11=0x00000038 PA:0x8001ec83 load:0x00000038
       29815000	      2882	80003b3e	5be2b013	sltiu	x0,x5,1470	  x5:0x800039ba  x0=0x00000000
       29825000	      2883	80003b42	fe415c83	lhu	x25,-28(x2)	  x2:0x8001ec68 x25=0x00000607 PA:0x8001ec4c load:0x00000607
       29835000	      2884	80003b46	fd110983	lb	x19,-47(x2)	  x2:0x8001ec68 x19=0xfffffff2 PA:0x8001ec39 load:0xfffffff2
       29845000	      2885	80003b4a	02e15803	lhu	x16,46(x2)	  x2:0x8001ec68 x16=0x00004c4d PA:0x8001ec96 load:0x00004c4d
       29855000	      2886	80003b4e	4d91	c.li	x27,4	 x27=0x00000004
       29865000	      2887	80003b50	80c1	c.srli	x9,0x10	  x9:0x54555657  x9=0x00005455
       29875000	      2888	80003b52	340b7bf3	csrrci	x23,mscratch,22	 x23=0x00000000
       29885000	      2889	80003b56	53f4ae93	slti	x29,x9,1343	  x9:0x00005455 x29=0x00000000
       29895000	      2890	80003b5a	4c49	c.li	x24,18	 x24=0x00000012
       29905000	      2891	80003b5c	0168e6b3	or	x13,x17,x22	 x17:0x0000e662 x22:0x0000002c x13=0x0000e66e
       29915000	      2892	80003b60	92ce	c.add	x5,x19	  x5:0x800039ba x19:0xfffffff2  x5=0x800039ac
       29925000	      2893	80003b62	0da1	c.addi	x27,8	 x27:0x00000004 x27=0x0000000c
       29935000	      2894	80003b64	4589	c.li	x11,2	 x11=0x00000002
       29945000	      2895	80003b66	0023a333	slt	x6,x7,x2	  x7:0x43cc0000  x2:0x8001ec68  x6=0x00000000
       29955000	      2896	80003b6a	555d	c.li	x10,-9	 x10=0xfffffff7
       29965000	      2897	80003b6c	fd72a097	auipc	x1,0xfd72a	  x1=0x7d72db6c
       30005000	      2901	80003b70	021b9933	mulh	x18,x23,x1	 x23:0x00000000  x1:0x7d72db6c x18=0x00000000
       30015000	      2902	80003b74	15e5	c.addi	x11,-7	 x11:0x00000002 x11=0xfffffffb
       30025000	      2903	80003b76	26887493	andi	x9,x16,616	 x16:0x00004c4d  x9=0x00000048
       30035000	      2904	80003b7a	fea5d9e3	bge	x11,x10,80003b6c	 x11:0xfffffffb x10:0xfffffff7
       30055000	      2906	80003b6c	fd72a097	auipc	x1,0xfd72a	  x1=0x7d72db6c
       30095000	      2910	80003b70	021b9933	mulh	x18,x23,x1	 x23:0x00000000  x1:0x7d72db6c x18=0x00000000
       30105000	      2911	80003b74	15e5	c.addi	x11,-7	 x11:0xfffffffb x11=0xfffffff4
       30115000	      2912	80003b76	26887493	andi	x9,x16,616	 x16:0x00004c4d  x9=0x00000048
       30125000	      2913	80003b7a	fea5d9e3	bge	x11,x10,80003b6c	 x11:0xfffffff4 x10:0xfffffff7
       30135000	      2914	80003b7e	fd8dcfe3	blt	x27,x24,80003b5c	 x27:0x0000000c x24:0x00000012
       30155000	      2916	80003b5c	0168e6b3	or	x13,x17,x22	 x17:0x0000e662 x22:0x0000002c x13=0x0000e66e
       30165000	      2917	80003b60	92ce	c.add	x5,x19	  x5:0x800039ac x19:0xfffffff2  x5=0x8000399e
       30175000	      2918	80003b62	0da1	c.addi	x27,8	 x27:0x0000000c x27=0x00000014
       30185000	      2919	80003b64	4589	c.li	x11,2	 x11=0x00000002
       30195000	      2920	80003b66	0023a333	slt	x6,x7,x2	  x7:0x43cc0000  x2:0x8001ec68  x6=0x00000000
       30205000	      2921	80003b6a	555d	c.li	x10,-9	 x10=0xfffffff7
       30215000	      2922	80003b6c	fd72a097	auipc	x1,0xfd72a	  x1=0x7d72db6c
       30255000	      2926	80003b70	021b9933	mulh	x18,x23,x1	 x23:0x00000000  x1:0x7d72db6c x18=0x00000000
       30265000	      2927	80003b74	15e5	c.addi	x11,-7	 x11:0x00000002 x11=0xfffffffb
       30275000	      2928	80003b76	26887493	andi	x9,x16,616	 x16:0x00004c4d  x9=0x00000048
       30285000	      2929	80003b7a	fea5d9e3	bge	x11,x10,80003b6c	 x11:0xfffffffb x10:0xfffffff7
       30305000	      2931	80003b6c	fd72a097	auipc	x1,0xfd72a	  x1=0x7d72db6c
       30345000	      2935	80003b70	021b9933	mulh	x18,x23,x1	 x23:0x00000000  x1:0x7d72db6c x18=0x00000000
       30355000	      2936	80003b74	15e5	c.addi	x11,-7	 x11:0xfffffffb x11=0xfffffff4
       30365000	      2937	80003b76	26887493	andi	x9,x16,616	 x16:0x00004c4d  x9=0x00000048
       30375000	      2938	80003b7a	fea5d9e3	bge	x11,x10,80003b6c	 x11:0xfffffff4 x10:0xfffffff7
       30385000	      2939	80003b7e	fd8dcfe3	blt	x27,x24,80003b5c	 x27:0x00000014 x24:0x00000012
       30395000	      2940	80003b82	01554033	xor	x0,x10,x21	 x10:0xfffffff7 x21:0x0000e6e7  x0=0x00000000
       30405000	      2941	80003b86	024001ef	jal	x3,80003baa	  x3=0x80003b8a
       30425000	      2943	80003baa	b7ed	c.j	80003b94	
       30445000	      2945	80003b94	bffd	c.j	80003b92	
       30465000	      2947	80003b92	bff5	c.j	80003b8e	
       30495000	      2950	80003b8e	0220036f	jal	x6,80003bb0	  x6=0x80003b92
       30515000	      2952	80003bb0	37dd	c.jal	80003b96	  x1=0x80003bb2
       30535000	      2954	80003b96	a809	c.j	80003ba8	
       30555000	      2956	80003ba8	37d5	c.jal	80003b8c	  x1=0x80003baa
       30575000	      2958	80003b8c	a819	c.j	80003ba2	
       30595000	      2960	80003ba2	bff5	c.j	80003b9e	
       30625000	      2963	80003b9e	0080036f	jal	x6,80003ba6	  x6=0x80003ba2
       30645000	      2965	80003ba6	bfdd	c.j	80003b9c	
       30665000	      2967	80003b9c	3ff5	c.jal	80003b98	  x1=0x80003b9e
       30685000	      2969	80003b98	a031	c.j	80003ba4	
       30705000	      2971	80003ba4	2029	c.jal	80003bae	  x1=0x80003ba6
       30745000	      2975	8000272c	fcafe06f	jal	x0,80000ef6	  x0=0x00000000
       30765000	      2977	80000ef6	1671	c.addi	x12,-4	 x12:0x8002cce4 x12=0x8002cce0
       30775000	      2978	80000ef8	01c62023	sw	x28,0(x12)	 x12:0x8002cce0 x28:0x80028e64 PA:0x8002cce0 store:0x80028e64 load:0x00000000
       30785000	      2979	80000efc	00060e33	add	x28,x12,x0	 x12:0x8002cce0  x0:0x00000000 x28=0x8002cce0
       30795000	      2980	80000f00	f80e0e13	addi	x28,x28,-128	 x28:0x8002cce0 x28=0x8002cc60
       30805000	      2981	80000f04	001e2223	sw	x1,4(x28)	 x28:0x8002cc60  x1:0x80003ba6 PA:0x8002cc64 store:0x80003ba6 load:0x00000000
       30815000	      2982	80000f08	002e2423	sw	x2,8(x28)	 x28:0x8002cc60  x2:0x8001ec68 PA:0x8002cc68 store:0x8001ec68 load:0x00000000
       30825000	      2983	80000f0c	003e2623	sw	x3,12(x28)	 x28:0x8002cc60  x3:0x80003b8a PA:0x8002cc6c store:0x80003b8a load:0x00000000
       30835000	      2984	80000f10	004e2823	sw	x4,16(x28)	 x28:0x8002cc60  x4:0x80013363 PA:0x8002cc70 store:0x80013363 load:0x00000000
       30845000	      2985	80000f14	005e2a23	sw	x5,20(x28)	 x28:0x8002cc60  x5:0x8000399e PA:0x8002cc74 store:0x8000399e load:0x00000000
       30855000	      2986	80000f18	006e2c23	sw	x6,24(x28)	 x28:0x8002cc60  x6:0x80003ba2 PA:0x8002cc78 store:0x80003ba2 load:0x00000000
       30865000	      2987	80000f1c	007e2e23	sw	x7,28(x28)	 x28:0x8002cc60  x7:0x43cc0000 PA:0x8002cc7c store:0x43cc0000 load:0x00000000
       30875000	      2988	80000f20	028e2023	sw	x8,32(x28)	 x28:0x8002cc60  x8:0x80000000 PA:0x8002cc80 store:0x80000000 load:0x00000000
       30885000	      2989	80000f24	029e2223	sw	x9,36(x28)	 x28:0x8002cc60  x9:0x00000048 PA:0x8002cc84 store:0x00000048 load:0x00000000
       30895000	      2990	80000f28	02ae2423	sw	x10,40(x28)	 x28:0x8002cc60 x10:0xfffffff7 PA:0x8002cc88 store:0xfffffff7 load:0x00000000
       30905000	      2991	80000f2c	02be2623	sw	x11,44(x28)	 x28:0x8002cc60 x11:0xfffffff4 PA:0x8002cc8c store:0xfffffff4 load:0x00000000
       30915000	      2992	80000f30	02ce2823	sw	x12,48(x28)	 x28:0x8002cc60 x12:0x8002cce0 PA:0x8002cc90 store:0x8002cce0 load:0x00000000
       30925000	      2993	80000f34	02de2a23	sw	x13,52(x28)	 x28:0x8002cc60 x13:0x0000e66e PA:0x8002cc94 store:0x0000e66e load:0x00000000
       30935000	      2994	80000f38	02ee2c23	sw	x14,56(x28)	 x28:0x8002cc60 x14:0x80013b1c PA:0x8002cc98 store:0x80013b1c load:0x00000000
       30945000	      2995	80000f3c	02fe2e23	sw	x15,60(x28)	 x28:0x8002cc60 x15:0x00000000 PA:0x8002cc9c store:0x00000000 load:0x00000000
       30955000	      2996	80000f40	050e2023	sw	x16,64(x28)	 x28:0x8002cc60 x16:0x00004c4d PA:0x8002cca0 store:0x00004c4d load:0x00000000
       30965000	      2997	80000f44	051e2223	sw	x17,68(x28)	 x28:0x8002cc60 x17:0x0000e662 PA:0x8002cca4 store:0x0000e662 load:0x00000000
       30975000	      2998	80000f48	052e2423	sw	x18,72(x28)	 x28:0x8002cc60 x18:0x00000000 PA:0x8002cca8 store:0x00000000 load:0x00000000
       30985000	      2999	80000f4c	053e2623	sw	x19,76(x28)	 x28:0x8002cc60 x19:0xfffffff2 PA:0x8002ccac store:0xfffffff2 load:0x00000000
       30995000	      3000	80000f50	054e2823	sw	x20,80(x28)	 x28:0x8002cc60 x20:0xc8c9cacb PA:0x8002ccb0 store:0xc8c9cacb load:0x00000000
       31005000	      3001	80000f54	055e2a23	sw	x21,84(x28)	 x28:0x8002cc60 x21:0x0000e6e7 PA:0x8002ccb4 store:0x0000e6e7 load:0x00000000
       31015000	      3002	80000f58	056e2c23	sw	x22,88(x28)	 x28:0x8002cc60 x22:0x0000002c PA:0x8002ccb8 store:0x0000002c load:0x00000000
       31025000	      3003	80000f5c	057e2e23	sw	x23,92(x28)	 x28:0x8002cc60 x23:0x00000000 PA:0x8002ccbc store:0x00000000 load:0x00000000
       31035000	      3004	80000f60	078e2023	sw	x24,96(x28)	 x28:0x8002cc60 x24:0x00000012 PA:0x8002ccc0 store:0x00000012 load:0x00000000
       31045000	      3005	80000f64	079e2223	sw	x25,100(x28)	 x28:0x8002cc60 x25:0x00000607 PA:0x8002ccc4 store:0x00000607 load:0x00000000
       31055000	      3006	80000f68	07ae2423	sw	x26,104(x28)	 x28:0x8002cc60 x26:0x00000006 PA:0x8002ccc8 store:0x00000006 load:0x00000000
       31065000	      3007	80000f6c	07be2623	sw	x27,108(x28)	 x28:0x8002cc60 x27:0x00000014 PA:0x8002cccc store:0x00000014 load:0x00000000
       31075000	      3008	80000f70	07ce2823	sw	x28,112(x28)	 x28:0x8002cc60 x28:0x8002cc60 PA:0x8002ccd0 store:0x8002cc60 load:0x00000000
       31085000	      3009	80000f74	07de2a23	sw	x29,116(x28)	 x28:0x8002cc60 x29:0x00000000 PA:0x8002ccd4 store:0x00000000 load:0x00000000
       31095000	      3010	80000f78	07ee2c23	sw	x30,120(x28)	 x28:0x8002cc60 x30:0x00000000 PA:0x8002ccd8 store:0x00000000 load:0x00000000
       31105000	      3011	80000f7c	07fe2e23	sw	x31,124(x28)	 x28:0x8002cc60 x31:0x54555657 PA:0x8002ccdc store:0x54555657 load:0x00000000
       31115000	      3012	80000f80	000e0633	add	x12,x28,x0	 x28:0x8002cc60  x0:0x00000000 x12=0x8002cc60
       31125000	      3013	80000f84	90000cb7	lui	x25,0x90000	 x25=0x90000000
       31135000	      3014	80000f88	1cf1	c.addi	x25,-4	 x25:0x90000000 x25=0x8ffffffc
       31145000	      3015	80000f8a	4399	c.li	x7,6	  x7=0x00000006
       31155000	      3016	80000f8c	03a2	c.slli	x7,0x8	  x7:0x00000006  x7=0x00000600
       31165000	      3017	80000f8e	00038393	addi	x7,x7,0	  x7:0x00000600  x7=0x00000600
       31175000	      3018	80000f92	007ca023	sw	x7,0(x25)	 x25:0x8ffffffc  x7:0x00000600 PA:0x8ffffffc store:0x00000600 load:0x00000000
       31185000	      3019	80000f96	342023f3	csrrs	x7,mcause,x0	  x0:0x00000000  x7=0x8000000b
       31195000	      3020	80000f9a	01f3d393	srli	x7,x7,0x1f	  x7:0x8000000b  x7=0x00000001
       31205000	      3021	80000f9e	06038863	beq	x7,x0,8000100e	  x7:0x00000001  x0:0x00000000
       31215000	      3022	80000fa2	90000cb7	lui	x25,0x90000	 x25=0x90000000
       31225000	      3023	80000fa6	1cf1	c.addi	x25,-4	 x25:0x90000000 x25=0x8ffffffc
       31235000	      3024	80000fa8	30000393	addi	x7,x0,768	  x0:0x00000000  x7=0x00000300
       31245000	      3025	80000fac	03a2	c.slli	x7,0x8	  x7:0x00000300  x7=0x00030000
       31255000	      3026	80000fae	038d	c.addi	x7,3	  x7:0x00030000  x7=0x00030003
       31265000	      3027	80000fb0	007ca023	sw	x7,0(x25)	 x25:0x8ffffffc  x7:0x00030003 PA:0x8ffffffc store:0x00030003 load:0x00000000
       31275000	      3028	80000fb4	300023f3	csrrs	x7,mstatus,x0	  x0:0x00000000  x7=0x00001880
       31285000	      3029	80000fb8	007ca023	sw	x7,0(x25)	 x25:0x8ffffffc  x7:0x00001880 PA:0x8ffffffc store:0x00001880 load:0x00000000
       31295000	      3030	80000fbc	90000cb7	lui	x25,0x90000	 x25=0x90000000
       31305000	      3031	80000fc0	1cf1	c.addi	x25,-4	 x25:0x90000000 x25=0x8ffffffc
       31315000	      3032	80000fc2	34200393	addi	x7,x0,834	  x0:0x00000000  x7=0x00000342
       31325000	      3033	80000fc6	03a2	c.slli	x7,0x8	  x7:0x00000342  x7=0x00034200
       31335000	      3034	80000fc8	038d	c.addi	x7,3	  x7:0x00034200  x7=0x00034203
       31345000	      3035	80000fca	007ca023	sw	x7,0(x25)	 x25:0x8ffffffc  x7:0x00034203 PA:0x8ffffffc store:0x00034203 load:0x00000000
       31355000	      3036	80000fce	342023f3	csrrs	x7,mcause,x0	  x0:0x00000000  x7=0x8000000b
       31365000	      3037	80000fd2	007ca023	sw	x7,0(x25)	 x25:0x8ffffffc  x7:0x8000000b PA:0x8ffffffc store:0x8000000b load:0x00000000
       31375000	      3038	80000fd6	90000cb7	lui	x25,0x90000	 x25=0x90000000
       31385000	      3039	80000fda	1cf1	c.addi	x25,-4	 x25:0x90000000 x25=0x8ffffffc
       31395000	      3040	80000fdc	30400393	addi	x7,x0,772	  x0:0x00000000  x7=0x00000304
       31405000	      3041	80000fe0	03a2	c.slli	x7,0x8	  x7:0x00000304  x7=0x00030400
       31415000	      3042	80000fe2	038d	c.addi	x7,3	  x7:0x00030400  x7=0x00030403
       31425000	      3043	80000fe4	007ca023	sw	x7,0(x25)	 x25:0x8ffffffc  x7:0x00030403 PA:0x8ffffffc store:0x00030403 load:0x00000000
       31435000	      3044	80000fe8	304023f3	csrrs	x7,mie,x0	  x0:0x00000000  x7=0x75d90888
       31445000	      3045	80000fec	007ca023	sw	x7,0(x25)	 x25:0x8ffffffc  x7:0x75d90888 PA:0x8ffffffc store:0x75d90888 load:0x00000000
       31455000	      3046	80000ff0	90000cb7	lui	x25,0x90000	 x25=0x90000000
       31465000	      3047	80000ff4	1cf1	c.addi	x25,-4	 x25:0x90000000 x25=0x8ffffffc
       31475000	      3048	80000ff6	34400393	addi	x7,x0,836	  x0:0x00000000  x7=0x00000344
       31485000	      3049	80000ffa	03a2	c.slli	x7,0x8	  x7:0x00000344  x7=0x00034400
       31495000	      3050	80000ffc	038d	c.addi	x7,3	  x7:0x00034400  x7=0x00034403
       31505000	      3051	80000ffe	007ca023	sw	x7,0(x25)	 x25:0x8ffffffc  x7:0x00034403 PA:0x8ffffffc store:0x00034403 load:0x00000000
       31515000	      3052	80001002	344023f3	csrrs	x7,mip,x0	  x0:0x00000000  x7=0x00000000
       31525000	      3053	80001006	007ca023	sw	x7,0(x25)	 x25:0x8ffffffc  x7:0x00000000 PA:0x8ffffffc store:0x00000000 load:0x00000000
       31535000	      3054	8000100a	3aa1106f	jal	x0,800123b4	  x0=0x00000000
       31555000	      3056	800123b4	300023f3	csrrs	x7,mstatus,x0	  x0:0x00000000  x7=0x00001880
       31565000	      3057	800123b8	304023f3	csrrs	x7,mie,x0	  x0:0x00000000  x7=0x75d90888
       31575000	      3058	800123bc	344023f3	csrrs	x7,mip,x0	  x0:0x00000000  x7=0x00000000
       31585000	      3059	800123c0	3443b3f3	csrrc	x7,mip,x7	  x7:0x00000000  x7=0x00000000
       31615000	      3062	800123c4	90000cb7	lui	x25,0x90000	 x25=0x90000000
       31625000	      3063	800123c8	1cf1	c.addi	x25,-4	 x25:0x90000000 x25=0x8ffffffc
       31635000	      3064	800123ca	439d	c.li	x7,7	  x7=0x00000007
       31645000	      3065	800123cc	03a2	c.slli	x7,0x8	  x7:0x00000007  x7=0x00000700
       31655000	      3066	800123ce	00038393	addi	x7,x7,0	  x7:0x00000700  x7=0x00000700
       31665000	      3067	800123d2	007ca023	sw	x7,0(x25)	 x25:0x8ffffffc  x7:0x00000700 PA:0x8ffffffc store:0x00000700 load:0x00000000
       31675000	      3068	800123d6	00060e33	add	x28,x12,x0	 x12:0x8002cc60  x0:0x00000000 x28=0x8002cc60
       31685000	      3069	800123da	004e2083	lw	x1,4(x28)	 x28:0x8002cc60  x1=0x80003ba6 PA:0x8002cc64 load:0x80003ba6
       31695000	      3070	800123de	008e2103	lw	x2,8(x28)	 x28:0x8002cc60  x2=0x8001ec68 PA:0x8002cc68 load:0x8001ec68
       31705000	      3071	800123e2	00ce2183	lw	x3,12(x28)	 x28:0x8002cc60  x3=0x80003b8a PA:0x8002cc6c load:0x80003b8a
       31715000	      3072	800123e6	010e2203	lw	x4,16(x28)	 x28:0x8002cc60  x4=0x80013363 PA:0x8002cc70 load:0x80013363
       31725000	      3073	800123ea	014e2283	lw	x5,20(x28)	 x28:0x8002cc60  x5=0x8000399e PA:0x8002cc74 load:0x8000399e
       31735000	      3074	800123ee	018e2303	lw	x6,24(x28)	 x28:0x8002cc60  x6=0x80003ba2 PA:0x8002cc78 load:0x80003ba2
       31745000	      3075	800123f2	01ce2383	lw	x7,28(x28)	 x28:0x8002cc60  x7=0x43cc0000 PA:0x8002cc7c load:0x43cc0000
       31755000	      3076	800123f6	020e2403	lw	x8,32(x28)	 x28:0x8002cc60  x8=0x80000000 PA:0x8002cc80 load:0x80000000
       31765000	      3077	800123fa	024e2483	lw	x9,36(x28)	 x28:0x8002cc60  x9=0x00000048 PA:0x8002cc84 load:0x00000048
       31775000	      3078	800123fe	028e2503	lw	x10,40(x28)	 x28:0x8002cc60 x10=0xfffffff7 PA:0x8002cc88 load:0xfffffff7
       31785000	      3079	80012402	02ce2583	lw	x11,44(x28)	 x28:0x8002cc60 x11=0xfffffff4 PA:0x8002cc8c load:0xfffffff4
       31795000	      3080	80012406	030e2603	lw	x12,48(x28)	 x28:0x8002cc60 x12=0x8002cce0 PA:0x8002cc90 load:0x8002cce0
       31805000	      3081	8001240a	034e2683	lw	x13,52(x28)	 x28:0x8002cc60 x13=0x0000e66e PA:0x8002cc94 load:0x0000e66e
       31815000	      3082	8001240e	038e2703	lw	x14,56(x28)	 x28:0x8002cc60 x14=0x80013b1c PA:0x8002cc98 load:0x80013b1c
       31825000	      3083	80012412	03ce2783	lw	x15,60(x28)	 x28:0x8002cc60 x15=0x00000000 PA:0x8002cc9c load:0x00000000
       31835000	      3084	80012416	040e2803	lw	x16,64(x28)	 x28:0x8002cc60 x16=0x00004c4d PA:0x8002cca0 load:0x00004c4d
       31845000	      3085	8001241a	044e2883	lw	x17,68(x28)	 x28:0x8002cc60 x17=0x0000e662 PA:0x8002cca4 load:0x0000e662
       31855000	      3086	8001241e	048e2903	lw	x18,72(x28)	 x28:0x8002cc60 x18=0x00000000 PA:0x8002cca8 load:0x00000000
       31865000	      3087	80012422	04ce2983	lw	x19,76(x28)	 x28:0x8002cc60 x19=0xfffffff2 PA:0x8002ccac load:0xfffffff2
       31875000	      3088	80012426	050e2a03	lw	x20,80(x28)	 x28:0x8002cc60 x20=0xc8c9cacb PA:0x8002ccb0 load:0xc8c9cacb
       31885000	      3089	8001242a	054e2a83	lw	x21,84(x28)	 x28:0x8002cc60 x21=0x0000e6e7 PA:0x8002ccb4 load:0x0000e6e7
       31895000	      3090	8001242e	058e2b03	lw	x22,88(x28)	 x28:0x8002cc60 x22=0x0000002c PA:0x8002ccb8 load:0x0000002c
       31905000	      3091	80012432	05ce2b83	lw	x23,92(x28)	 x28:0x8002cc60 x23=0x00000000 PA:0x8002ccbc load:0x00000000
       31915000	      3092	80012436	060e2c03	lw	x24,96(x28)	 x28:0x8002cc60 x24=0x00000012 PA:0x8002ccc0 load:0x00000012
       31925000	      3093	8001243a	064e2c83	lw	x25,100(x28)	 x28:0x8002cc60 x25=0x00000607 PA:0x8002ccc4 load:0x00000607
       31935000	      3094	8001243e	068e2d03	lw	x26,104(x28)	 x28:0x8002cc60 x26=0x00000006 PA:0x8002ccc8 load:0x00000006
       31945000	      3095	80012442	06ce2d83	lw	x27,108(x28)	 x28:0x8002cc60 x27=0x00000014 PA:0x8002cccc load:0x00000014
       31955000	      3096	80012446	070e2e03	lw	x28,112(x28)	 x28:0x8002cc60 x28=0x8002cc60 PA:0x8002ccd0 load:0x8002cc60
       31975000	      3098	8001244a	074e2e83	lw	x29,116(x28)	 x28:0x8002cc60 x29=0x00000000 PA:0x8002ccd4 load:0x00000000
       31985000	      3099	8001244e	078e2f03	lw	x30,120(x28)	 x28:0x8002cc60 x30=0x00000000 PA:0x8002ccd8 load:0x00000000
       31995000	      3100	80012452	07ce2f83	lw	x31,124(x28)	 x28:0x8002cc60 x31=0x54555657 PA:0x8002ccdc load:0x54555657
       32005000	      3101	80012456	080e0e13	addi	x28,x28,128	 x28:0x8002cc60 x28=0x8002cce0
       32015000	      3102	8001245a	000e0633	add	x12,x28,x0	 x28:0x8002cce0  x0:0x00000000 x12=0x8002cce0
       32025000	      3103	8001245e	00062e03	lw	x28,0(x12)	 x12:0x8002cce0 x28=0x80028e64 PA:0x8002cce0 load:0x80028e64
       32035000	      3104	80012462	0611	c.addi	x12,4	 x12:0x8002cce0 x12=0x8002cce4
       32045000	      3105	80012464	30200073	mret	
       32075000	      3108	80003bae	3ff1	c.jal	80003b8a	  x1=0x80003bb0
       32095000	      3110	80003b8a	a00d	c.j	80003bac	
       32115000	      3112	80003bac	37fd	c.jal	80003b9a	  x1=0x80003bae
       32135000	      3114	80003b9a	2821	c.jal	80003bb2	  x1=0x80003b9c
       32155000	      3116	80003bb2	557d	c.li	x10,-1	 x10=0xffffffff
       32165000	      3117	80003bb4	018001ef	jal	x3,80003bcc	  x3=0x80003bb8
       32185000	      3119	80003bcc	0300036f	jal	x6,80003bfc	  x6=0x80003bd0
       32205000	      3121	80003bfc	bfd9	c.j	80003bd2	
       32225000	      3123	80003bd2	b7ed	c.j	80003bbc	
       32245000	      3125	80003bbc	00a00cef	jal	x25,80003bc6	 x25=0x80003bc0
       32265000	      3127	80003bc6	2039	c.jal	80003bd4	  x1=0x80003bc8
       32285000	      3129	80003bd4	006000ef	jal	x1,80003bda	  x1=0x80003bd8
       32315000	      3132	80003bda	004000ef	jal	x1,80003bde	  x1=0x80003bde
       32335000	      3134	80003bde	3fcd	c.jal	80003bd0	  x1=0x80003be0
       32355000	      3136	80003bd0	a021	c.j	80003bd8	
       32375000	      3138	80003bd8	a025	c.j	80003c00	
       32395000	      3140	80003c00	3fcd	c.jal	80003bf2	  x1=0x80003c02
       32415000	      3142	80003bf2	bfc5	c.j	80003be2	
       32435000	      3144	80003be2	a029	c.j	80003bec	
       32455000	      3146	80003bec	3ff9	c.jal	80003bca	  x1=0x80003bee
       32475000	      3148	80003bca	202d	c.jal	80003bf4	  x1=0x80003bcc
       32495000	      3150	80003bf4	bfed	c.j	80003bee	
       32525000	      3153	80003bee	fd5ff0ef	jal	x1,80003bc2	  x1=0x80003bf2
       32555000	      3156	80003bc2	0280036f	jal	x6,80003bea	  x6=0x80003bc6
       32575000	      3158	80003bea	3ff9	c.jal	80003bc8	  x1=0x80003bec
       32595000	      3160	80003bc8	2831	c.jal	80003be4	  x1=0x80003bca
       32615000	      3162	80003be4	a009	c.j	80003be6	
       32645000	      3165	80003be6	0180036f	jal	x6,80003bfe	  x6=0x80003bea
       32665000	      3167	80003bfe	bfed	c.j	80003bf8	
       32685000	      3169	80003bf8	fc1ff9ef	jal	x19,80003bb8	 x19=0x80003bfc
       32705000	      3171	80003bb8	2009	c.jal	80003bba	  x1=0x80003bba
       32725000	      3173	80003bba	a019	c.j	80003bc0	
       32745000	      3175	80003bc0	281d	c.jal	80003bf6	  x1=0x80003bc2
       32765000	      3177	80003bf6	37ed	c.jal	80003be0	  x1=0x80003bf8
       32785000	      3179	80003be0	a00d	c.j	80003c02	
       32815000	      3182	80003c02	c1b9c313	xori	x6,x19,-997	 x19:0x80003bfc  x6=0x7fffc7e7
       32825000	      3183	80003c06	00011b17	auipc	x22,0x11	 x22=0x80014c06
       32835000	      3184	80003c0a	9fdb0b13	addi	x22,x22,-1539	 x22:0x80014c06 x22=0x80014603
       32845000	      3185	80003c0e	00ab4583	lbu	x11,10(x22)	 x22:0x80014603 x11=0x000000c6 PA:0x8001460d load:0x000000c6
       32855000	      3186	80003c12	09a6	c.slli	x19,0x9	 x19:0x80003bfc x19=0x0077f800
       32865000	      3187	80003c14	01da4733	xor	x14,x20,x29	 x20:0xc8c9cacb x29:0x00000000 x14=0xc8c9cacb
       32875000	      3188	80003c18	3cc08713	addi	x14,x1,972	  x1:0x80003bf8 x14=0x80003fc4
       32895000	      3190	80003c1c	03da75b3	remu	x11,x20,x29	 x20:0xc8c9cacb x29:0x00000000 x11=0xc8c9cacb
       32905000	      3191	80003c20	00ab4583	lbu	x11,10(x22)	 x22:0x80014603 x11=0x000000c6 PA:0x8001460d load:0x000000c6
       32955000	      3196	80003c24	02bea5b3	mulhsu	x11,x29,x11	 x29:0x00000000 x11:0x000000c6 x11=0x00000000
       32965000	      3197	80003c28	3403da73	csrrwi	x20,mscratch,7	 x20=0x00000000
       32975000	      3198	80003c2c	013b0023	sb	x19,0(x22)	 x22:0x80014603 x19:0x0077f800 PA:0x80014603 store:0x0077f800 load:0x00000000
       32985000	      3199	80003c30	002b0a03	lb	x20,2(x22)	 x22:0x80014603 x20=0xffffffbe PA:0x80014605 load:0xffffffbe
       32995000	      3200	80003c34	009b4e83	lbu	x29,9(x22)	 x22:0x80014603 x29=0x000000c7 PA:0x8001460c load:0x000000c7
       33005000	      3201	80003c38	8d8d	c.sub	x11,x11	 x11:0x00000000 x11:0x00000000 x11=0x00000000
       33015000	      3202	80003c3a	ff2b4e83	lbu	x29,-14(x22)	 x22:0x80014603 x29=0x000000ae PA:0x800145f5 load:0x000000ae
       33025000	      3203	80003c3e	8dcd	c.or	x11,x11	 x11:0x00000000 x11:0x00000000 x11=0x00000000
       33035000	      3204	80003c40	013b0723	sb	x19,14(x22)	 x22:0x80014603 x19:0x0077f800 PA:0x80014611 store:0x0077f800 load:0x00000000
       33045000	      3205	80003c44	ffdb0823	sb	x29,-16(x22)	 x22:0x80014603 x29:0x000000ae PA:0x800145f3 store:0x000000ae load:0x00000000
       33055000	      3206	80003c48	001a7a33	and	x20,x20,x1	 x20:0xffffffbe  x1:0x80003bf8 x20=0x80003bb8
       33065000	      3207	80003c4c	009b2703	lw	x14,9(x22)	 x22:0x80014603 x14=0xc4c5c6c7 PA:0x8001460c load:0xc4c5c6c7
       33435000	      3244	80003c50	03d9f733	remu	x14,x19,x29	 x19:0x0077f800 x29:0x000000ae x14=0x00000052
       33445000	      3245	80003c54	00bb4a03	lbu	x20,11(x22)	 x22:0x80014603 x20=0x000000c5 PA:0x8001460e load:0x000000c5
       33455000	      3246	80003c58	002b0e83	lb	x29,2(x22)	 x22:0x80014603 x29=0xffffffbe PA:0x80014605 load:0xffffffbe
       33465000	      3247	80003c5c	001b00a3	sb	x1,1(x22)	 x22:0x80014603  x1:0x80003bf8 PA:0x80014604 store:0x80003bf8 load:0x00000000
       33475000	      3248	80003c60	001b22a3	sw	x1,5(x22)	 x22:0x80014603  x1:0x80003bf8 PA:0x80014608 store:0x80003bf8 load:0x00000000
       33485000	      3249	80003c64	001b02a3	sb	x1,5(x22)	 x22:0x80014603  x1:0x80003bf8 PA:0x80014608 store:0x80003bf8 load:0x00000000
       33495000	      3250	80003c68	ffeb0703	lb	x14,-2(x22)	 x22:0x80014603 x14=0xffffffba PA:0x80014601 load:0xffffffba
       33505000	      3251	80003c6c	00010717	auipc	x14,0x10	 x14=0x80013c6c
       33515000	      3252	80003c70	36c70713	addi	x14,x14,876	 x14:0x80013c6c x14=0x80013fd8
       33525000	      3253	80003c74	d7275d83	lhu	x27,-654(x14)	 x14:0x80013fd8 x27=0x00000001 PA:0x80013d4a load:0x00000001
       33535000	      3254	80003c78	0000100f	fence.i	
       33565000	      3257	80003c7c	03e641b3	div	x3,x12,x30	 x12:0x8002cce4 x30:0x00000000  x3=0xffffffff
       33575000	      3258	80003c80	013897b3	sll	x15,x17,x19	 x17:0x0000e662 x19:0x0077f800 x15=0x0000e662
       33585000	      3259	80003c84	cb675203	lhu	x4,-842(x14)	 x14:0x80013fd8  x4=0x00004445 PA:0x80013c8e load:0x00004445
       33595000	      3260	80003c88	f4774f83	lbu	x31,-185(x14)	 x14:0x80013fd8 x31=0x000000d4 PA:0x80013f1f load:0x000000d4
       33605000	      3261	80003c8c	0001	c.addi	x0,0	  x0:0x00000000  x0=0x00000000
       33615000	      3262	80003c8e	c3870aa3	sb	x24,-971(x14)	 x14:0x80013fd8 x24:0x00000012 PA:0x80013c0d store:0x00000012 load:0x00000000
       33625000	      3263	80003c92	408ad4b3	sra	x9,x21,x8	 x21:0x0000e6e7  x8:0x80000000  x9=0x0000e6e7
       33995000	      3300	80003c96	03acd3b3	divu	x7,x25,x26	 x25:0x80003bc0 x26:0x00000006  x7=0x15555f4a
       34035000	      3304	8000272c	fcafe06f	jal	x0,80000ef6	  x0=0x00000000
       34055000	      3306	80000ef6	1671	c.addi	x12,-4	 x12:0x8002cce4 x12=0x8002cce0
       34065000	      3307	80000ef8	01c62023	sw	x28,0(x12)	 x12:0x8002cce0 x28:0x80028e64 PA:0x8002cce0 store:0x80028e64 load:0x00000000
       34075000	      3308	80000efc	00060e33	add	x28,x12,x0	 x12:0x8002cce0  x0:0x00000000 x28=0x8002cce0
       34085000	      3309	80000f00	f80e0e13	addi	x28,x28,-128	 x28:0x8002cce0 x28=0x8002cc60
       34095000	      3310	80000f04	001e2223	sw	x1,4(x28)	 x28:0x8002cc60  x1:0x80003bf8 PA:0x8002cc64 store:0x80003bf8 load:0x00000000
       34105000	      3311	80000f08	002e2423	sw	x2,8(x28)	 x28:0x8002cc60  x2:0x8001ec68 PA:0x8002cc68 store:0x8001ec68 load:0x00000000
       34115000	      3312	80000f0c	003e2623	sw	x3,12(x28)	 x28:0x8002cc60  x3:0xffffffff PA:0x8002cc6c store:0xffffffff load:0x00000000
       34125000	      3313	80000f10	004e2823	sw	x4,16(x28)	 x28:0x8002cc60  x4:0x00004445 PA:0x8002cc70 store:0x00004445 load:0x00000000
       34135000	      3314	80000f14	005e2a23	sw	x5,20(x28)	 x28:0x8002cc60  x5:0x8000399e PA:0x8002cc74 store:0x8000399e load:0x00000000
       34145000	      3315	80000f18	006e2c23	sw	x6,24(x28)	 x28:0x8002cc60  x6:0x7fffc7e7 PA:0x8002cc78 store:0x7fffc7e7 load:0x00000000
       34155000	      3316	80000f1c	007e2e23	sw	x7,28(x28)	 x28:0x8002cc60  x7:0x15555f4a PA:0x8002cc7c store:0x15555f4a load:0x00000000
       34165000	      3317	80000f20	028e2023	sw	x8,32(x28)	 x28:0x8002cc60  x8:0x80000000 PA:0x8002cc80 store:0x80000000 load:0x00000000
       34175000	      3318	80000f24	029e2223	sw	x9,36(x28)	 x28:0x8002cc60  x9:0x0000e6e7 PA:0x8002cc84 store:0x0000e6e7 load:0x00000000
       34185000	      3319	80000f28	02ae2423	sw	x10,40(x28)	 x28:0x8002cc60 x10:0xffffffff PA:0x8002cc88 store:0xffffffff load:0x00000000
       34195000	      3320	80000f2c	02be2623	sw	x11,44(x28)	 x28:0x8002cc60 x11:0x00000000 PA:0x8002cc8c store:0x00000000 load:0x00000000
       34205000	      3321	80000f30	02ce2823	sw	x12,48(x28)	 x28:0x8002cc60 x12:0x8002cce0 PA:0x8002cc90 store:0x8002cce0 load:0x00000000
       34215000	      3322	80000f34	02de2a23	sw	x13,52(x28)	 x28:0x8002cc60 x13:0x0000e66e PA:0x8002cc94 store:0x0000e66e load:0x00000000
       34225000	      3323	80000f38	02ee2c23	sw	x14,56(x28)	 x28:0x8002cc60 x14:0x80013fd8 PA:0x8002cc98 store:0x80013fd8 load:0x00000000
       34235000	      3324	80000f3c	02fe2e23	sw	x15,60(x28)	 x28:0x8002cc60 x15:0x0000e662 PA:0x8002cc9c store:0x0000e662 load:0x00000000
       34245000	      3325	80000f40	050e2023	sw	x16,64(x28)	 x28:0x8002cc60 x16:0x00004c4d PA:0x8002cca0 store:0x00004c4d load:0x00000000
       34255000	      3326	80000f44	051e2223	sw	x17,68(x28)	 x28:0x8002cc60 x17:0x0000e662 PA:0x8002cca4 store:0x0000e662 load:0x00000000
       34265000	      3327	80000f48	052e2423	sw	x18,72(x28)	 x28:0x8002cc60 x18:0x00000000 PA:0x8002cca8 store:0x00000000 load:0x00000000
       34275000	      3328	80000f4c	053e2623	sw	x19,76(x28)	 x28:0x8002cc60 x19:0x0077f800 PA:0x8002ccac store:0x0077f800 load:0x00000000
       34285000	      3329	80000f50	054e2823	sw	x20,80(x28)	 x28:0x8002cc60 x20:0x000000c5 PA:0x8002ccb0 store:0x000000c5 load:0x00000000
       34295000	      3330	80000f54	055e2a23	sw	x21,84(x28)	 x28:0x8002cc60 x21:0x0000e6e7 PA:0x8002ccb4 store:0x0000e6e7 load:0x00000000
       34305000	      3331	80000f58	056e2c23	sw	x22,88(x28)	 x28:0x8002cc60 x22:0x80014603 PA:0x8002ccb8 store:0x80014603 load:0x00000000
       34315000	      3332	80000f5c	057e2e23	sw	x23,92(x28)	 x28:0x8002cc60 x23:0x00000000 PA:0x8002ccbc store:0x00000000 load:0x00000000
       34325000	      3333	80000f60	078e2023	sw	x24,96(x28)	 x28:0x8002cc60 x24:0x00000012 PA:0x8002ccc0 store:0x00000012 load:0x00000000
       34335000	      3334	80000f64	079e2223	sw	x25,100(x28)	 x28:0x8002cc60 x25:0x80003bc0 PA:0x8002ccc4 store:0x80003bc0 load:0x00000000
       34345000	      3335	80000f68	07ae2423	sw	x26,104(x28)	 x28:0x8002cc60 x26:0x00000006 PA:0x8002ccc8 store:0x00000006 load:0x00000000
       34355000	      3336	80000f6c	07be2623	sw	x27,108(x28)	 x28:0x8002cc60 x27:0x00000001 PA:0x8002cccc store:0x00000001 load:0x00000000
       34365000	      3337	80000f70	07ce2823	sw	x28,112(x28)	 x28:0x8002cc60 x28:0x8002cc60 PA:0x8002ccd0 store:0x8002cc60 load:0x00000000
       34375000	      3338	80000f74	07de2a23	sw	x29,116(x28)	 x28:0x8002cc60 x29:0xffffffbe PA:0x8002ccd4 store:0xffffffbe load:0x00000000
       34385000	      3339	80000f78	07ee2c23	sw	x30,120(x28)	 x28:0x8002cc60 x30:0x00000000 PA:0x8002ccd8 store:0x00000000 load:0x00000000
       34395000	      3340	80000f7c	07fe2e23	sw	x31,124(x28)	 x28:0x8002cc60 x31:0x000000d4 PA:0x8002ccdc store:0x000000d4 load:0x00000000
       34405000	      3341	80000f80	000e0633	add	x12,x28,x0	 x28:0x8002cc60  x0:0x00000000 x12=0x8002cc60
       34415000	      3342	80000f84	90000cb7	lui	x25,0x90000	 x25=0x90000000
       34425000	      3343	80000f88	1cf1	c.addi	x25,-4	 x25:0x90000000 x25=0x8ffffffc
       34435000	      3344	80000f8a	4399	c.li	x7,6	  x7=0x00000006
       34445000	      3345	80000f8c	03a2	c.slli	x7,0x8	  x7:0x00000006  x7=0x00000600
       34455000	      3346	80000f8e	00038393	addi	x7,x7,0	  x7:0x00000600  x7=0x00000600
       34465000	      3347	80000f92	007ca023	sw	x7,0(x25)	 x25:0x8ffffffc  x7:0x00000600 PA:0x8ffffffc store:0x00000600 load:0x00000000
       34475000	      3348	80000f96	342023f3	csrrs	x7,mcause,x0	  x0:0x00000000  x7=0x8000000b
       34485000	      3349	80000f9a	01f3d393	srli	x7,x7,0x1f	  x7:0x8000000b  x7=0x00000001
       34495000	      3350	80000f9e	06038863	beq	x7,x0,8000100e	  x7:0x00000001  x0:0x00000000
       34505000	      3351	80000fa2	90000cb7	lui	x25,0x90000	 x25=0x90000000
       34515000	      3352	80000fa6	1cf1	c.addi	x25,-4	 x25:0x90000000 x25=0x8ffffffc
       34525000	      3353	80000fa8	30000393	addi	x7,x0,768	  x0:0x00000000  x7=0x00000300
       34535000	      3354	80000fac	03a2	c.slli	x7,0x8	  x7:0x00000300  x7=0x00030000
       34545000	      3355	80000fae	038d	c.addi	x7,3	  x7:0x00030000  x7=0x00030003
       34555000	      3356	80000fb0	007ca023	sw	x7,0(x25)	 x25:0x8ffffffc  x7:0x00030003 PA:0x8ffffffc store:0x00030003 load:0x00000000
       34565000	      3357	80000fb4	300023f3	csrrs	x7,mstatus,x0	  x0:0x00000000  x7=0x00001880
       34575000	      3358	80000fb8	007ca023	sw	x7,0(x25)	 x25:0x8ffffffc  x7:0x00001880 PA:0x8ffffffc store:0x00001880 load:0x00000000
       34585000	      3359	80000fbc	90000cb7	lui	x25,0x90000	 x25=0x90000000
       34595000	      3360	80000fc0	1cf1	c.addi	x25,-4	 x25:0x90000000 x25=0x8ffffffc
       34605000	      3361	80000fc2	34200393	addi	x7,x0,834	  x0:0x00000000  x7=0x00000342
       34615000	      3362	80000fc6	03a2	c.slli	x7,0x8	  x7:0x00000342  x7=0x00034200
       34625000	      3363	80000fc8	038d	c.addi	x7,3	  x7:0x00034200  x7=0x00034203
       34635000	      3364	80000fca	007ca023	sw	x7,0(x25)	 x25:0x8ffffffc  x7:0x00034203 PA:0x8ffffffc store:0x00034203 load:0x00000000
       34645000	      3365	80000fce	342023f3	csrrs	x7,mcause,x0	  x0:0x00000000  x7=0x8000000b
       34655000	      3366	80000fd2	007ca023	sw	x7,0(x25)	 x25:0x8ffffffc  x7:0x8000000b PA:0x8ffffffc store:0x8000000b load:0x00000000
       34665000	      3367	80000fd6	90000cb7	lui	x25,0x90000	 x25=0x90000000
       34675000	      3368	80000fda	1cf1	c.addi	x25,-4	 x25:0x90000000 x25=0x8ffffffc
       34685000	      3369	80000fdc	30400393	addi	x7,x0,772	  x0:0x00000000  x7=0x00000304
       34695000	      3370	80000fe0	03a2	c.slli	x7,0x8	  x7:0x00000304  x7=0x00030400
       34705000	      3371	80000fe2	038d	c.addi	x7,3	  x7:0x00030400  x7=0x00030403
       34715000	      3372	80000fe4	007ca023	sw	x7,0(x25)	 x25:0x8ffffffc  x7:0x00030403 PA:0x8ffffffc store:0x00030403 load:0x00000000
       34725000	      3373	80000fe8	304023f3	csrrs	x7,mie,x0	  x0:0x00000000  x7=0x75d90888
       34735000	      3374	80000fec	007ca023	sw	x7,0(x25)	 x25:0x8ffffffc  x7:0x75d90888 PA:0x8ffffffc store:0x75d90888 load:0x00000000
       34745000	      3375	80000ff0	90000cb7	lui	x25,0x90000	 x25=0x90000000
       34755000	      3376	80000ff4	1cf1	c.addi	x25,-4	 x25:0x90000000 x25=0x8ffffffc
       34765000	      3377	80000ff6	34400393	addi	x7,x0,836	  x0:0x00000000  x7=0x00000344
       34775000	      3378	80000ffa	03a2	c.slli	x7,0x8	  x7:0x00000344  x7=0x00034400
       34785000	      3379	80000ffc	038d	c.addi	x7,3	  x7:0x00034400  x7=0x00034403
       34795000	      3380	80000ffe	007ca023	sw	x7,0(x25)	 x25:0x8ffffffc  x7:0x00034403 PA:0x8ffffffc store:0x00034403 load:0x00000000
       34805000	      3381	80001002	344023f3	csrrs	x7,mip,x0	  x0:0x00000000  x7=0x00000000
       34815000	      3382	80001006	007ca023	sw	x7,0(x25)	 x25:0x8ffffffc  x7:0x00000000 PA:0x8ffffffc store:0x00000000 load:0x00000000
       34825000	      3383	8000100a	3aa1106f	jal	x0,800123b4	  x0=0x00000000
       34845000	      3385	800123b4	300023f3	csrrs	x7,mstatus,x0	  x0:0x00000000  x7=0x00001880
       34855000	      3386	800123b8	304023f3	csrrs	x7,mie,x0	  x0:0x00000000  x7=0x75d90888
       34865000	      3387	800123bc	344023f3	csrrs	x7,mip,x0	  x0:0x00000000  x7=0x00000000
       34875000	      3388	800123c0	3443b3f3	csrrc	x7,mip,x7	  x7:0x00000000  x7=0x00000000
       34905000	      3391	800123c4	90000cb7	lui	x25,0x90000	 x25=0x90000000
       34915000	      3392	800123c8	1cf1	c.addi	x25,-4	 x25:0x90000000 x25=0x8ffffffc
       34925000	      3393	800123ca	439d	c.li	x7,7	  x7=0x00000007
       34935000	      3394	800123cc	03a2	c.slli	x7,0x8	  x7:0x00000007  x7=0x00000700
       34945000	      3395	800123ce	00038393	addi	x7,x7,0	  x7:0x00000700  x7=0x00000700
       34955000	      3396	800123d2	007ca023	sw	x7,0(x25)	 x25:0x8ffffffc  x7:0x00000700 PA:0x8ffffffc store:0x00000700 load:0x00000000
       34965000	      3397	800123d6	00060e33	add	x28,x12,x0	 x12:0x8002cc60  x0:0x00000000 x28=0x8002cc60
       34975000	      3398	800123da	004e2083	lw	x1,4(x28)	 x28:0x8002cc60  x1=0x80003bf8 PA:0x8002cc64 load:0x80003bf8
       34985000	      3399	800123de	008e2103	lw	x2,8(x28)	 x28:0x8002cc60  x2=0x8001ec68 PA:0x8002cc68 load:0x8001ec68
       34995000	      3400	800123e2	00ce2183	lw	x3,12(x28)	 x28:0x8002cc60  x3=0xffffffff PA:0x8002cc6c load:0xffffffff
       35005000	      3401	800123e6	010e2203	lw	x4,16(x28)	 x28:0x8002cc60  x4=0x00004445 PA:0x8002cc70 load:0x00004445
       35015000	      3402	800123ea	014e2283	lw	x5,20(x28)	 x28:0x8002cc60  x5=0x8000399e PA:0x8002cc74 load:0x8000399e
       35025000	      3403	800123ee	018e2303	lw	x6,24(x28)	 x28:0x8002cc60  x6=0x7fffc7e7 PA:0x8002cc78 load:0x7fffc7e7
       35035000	      3404	800123f2	01ce2383	lw	x7,28(x28)	 x28:0x8002cc60  x7=0x15555f4a PA:0x8002cc7c load:0x15555f4a
       35045000	      3405	800123f6	020e2403	lw	x8,32(x28)	 x28:0x8002cc60  x8=0x80000000 PA:0x8002cc80 load:0x80000000
       35055000	      3406	800123fa	024e2483	lw	x9,36(x28)	 x28:0x8002cc60  x9=0x0000e6e7 PA:0x8002cc84 load:0x0000e6e7
       35065000	      3407	800123fe	028e2503	lw	x10,40(x28)	 x28:0x8002cc60 x10=0xffffffff PA:0x8002cc88 load:0xffffffff
       35075000	      3408	80012402	02ce2583	lw	x11,44(x28)	 x28:0x8002cc60 x11=0x00000000 PA:0x8002cc8c load:0x00000000
       35085000	      3409	80012406	030e2603	lw	x12,48(x28)	 x28:0x8002cc60 x12=0x8002cce0 PA:0x8002cc90 load:0x8002cce0
       35095000	      3410	8001240a	034e2683	lw	x13,52(x28)	 x28:0x8002cc60 x13=0x0000e66e PA:0x8002cc94 load:0x0000e66e
       35105000	      3411	8001240e	038e2703	lw	x14,56(x28)	 x28:0x8002cc60 x14=0x80013fd8 PA:0x8002cc98 load:0x80013fd8
       35115000	      3412	80012412	03ce2783	lw	x15,60(x28)	 x28:0x8002cc60 x15=0x0000e662 PA:0x8002cc9c load:0x0000e662
       35125000	      3413	80012416	040e2803	lw	x16,64(x28)	 x28:0x8002cc60 x16=0x00004c4d PA:0x8002cca0 load:0x00004c4d
       35135000	      3414	8001241a	044e2883	lw	x17,68(x28)	 x28:0x8002cc60 x17=0x0000e662 PA:0x8002cca4 load:0x0000e662
       35145000	      3415	8001241e	048e2903	lw	x18,72(x28)	 x28:0x8002cc60 x18=0x00000000 PA:0x8002cca8 load:0x00000000
       35155000	      3416	80012422	04ce2983	lw	x19,76(x28)	 x28:0x8002cc60 x19=0x0077f800 PA:0x8002ccac load:0x0077f800
       35165000	      3417	80012426	050e2a03	lw	x20,80(x28)	 x28:0x8002cc60 x20=0x000000c5 PA:0x8002ccb0 load:0x000000c5
       35175000	      3418	8001242a	054e2a83	lw	x21,84(x28)	 x28:0x8002cc60 x21=0x0000e6e7 PA:0x8002ccb4 load:0x0000e6e7
       35185000	      3419	8001242e	058e2b03	lw	x22,88(x28)	 x28:0x8002cc60 x22=0x80014603 PA:0x8002ccb8 load:0x80014603
       35195000	      3420	80012432	05ce2b83	lw	x23,92(x28)	 x28:0x8002cc60 x23=0x00000000 PA:0x8002ccbc load:0x00000000
       35205000	      3421	80012436	060e2c03	lw	x24,96(x28)	 x28:0x8002cc60 x24=0x00000012 PA:0x8002ccc0 load:0x00000012
       35215000	      3422	8001243a	064e2c83	lw	x25,100(x28)	 x28:0x8002cc60 x25=0x80003bc0 PA:0x8002ccc4 load:0x80003bc0
       35225000	      3423	8001243e	068e2d03	lw	x26,104(x28)	 x28:0x8002cc60 x26=0x00000006 PA:0x8002ccc8 load:0x00000006
       35235000	      3424	80012442	06ce2d83	lw	x27,108(x28)	 x28:0x8002cc60 x27=0x00000001 PA:0x8002cccc load:0x00000001
       35245000	      3425	80012446	070e2e03	lw	x28,112(x28)	 x28:0x8002cc60 x28=0x8002cc60 PA:0x8002ccd0 load:0x8002cc60
       35265000	      3427	8001244a	074e2e83	lw	x29,116(x28)	 x28:0x8002cc60 x29=0xffffffbe PA:0x8002ccd4 load:0xffffffbe
       35275000	      3428	8001244e	078e2f03	lw	x30,120(x28)	 x28:0x8002cc60 x30=0x00000000 PA:0x8002ccd8 load:0x00000000
       35285000	      3429	80012452	07ce2f83	lw	x31,124(x28)	 x28:0x8002cc60 x31=0x000000d4 PA:0x8002ccdc load:0x000000d4
       35295000	      3430	80012456	080e0e13	addi	x28,x28,128	 x28:0x8002cc60 x28=0x8002cce0
       35305000	      3431	8001245a	000e0633	add	x12,x28,x0	 x28:0x8002cce0  x0:0x00000000 x12=0x8002cce0
       35315000	      3432	8001245e	00062e03	lw	x28,0(x12)	 x12:0x8002cce0 x28=0x80028e64 PA:0x8002cce0 load:0x80028e64
       35325000	      3433	80012462	0611	c.addi	x12,4	 x12:0x8002cce0 x12=0x8002cce4
       35335000	      3434	80012464	30200073	mret	
       35365000	      3437	80003c9a	0001	c.addi	x0,0	  x0:0x00000000  x0=0x00000000
       35375000	      3438	80003c9c	0050cd33	xor	x26,x1,x5	  x1:0x80003bf8  x5:0x8000399e x26=0x00000266
       35385000	      3439	80003ca0	1004	c.addi4spn	x9,x2,32	  x9=0x8001ec88
       35415000	      3442	80003ca2	03408b33	mul	x22,x1,x20	  x1:0x80003bf8 x20:0x000000c5 x22=0x802e25d8
       35785000	      3479	80003ca6	023dc1b3	div	x3,x27,x3	 x27:0x00000001  x3:0xffffffff  x3=0xffffffff
       35795000	      3480	80003caa	99fd	c.andi	x11,-1	 x11:0x00000000 x11=0x00000000
       35825000	      3483	80003cac	037586b3	mul	x13,x11,x23	 x11:0x00000000 x23:0x00000000 x13=0x00000000
       35845000	      3485	80003cb0	0322eeb3	rem	x29,x5,x18	  x5:0x8000399e x18:0x00000000 x29=0x8000399e
       35855000	      3486	80003cb4	bf388313	addi	x6,x17,-1037	 x17:0x0000e662  x6=0x0000e255
       35865000	      3487	80003cb8	9c3fa497	auipc	x9,0x9c3fa	  x9=0x1c3fdcb8
       35875000	      3488	80003cbc	cac74083	lbu	x1,-852(x14)	 x14:0x80013fd8  x1=0x0000003f PA:0x80013c84 load:0x0000003f
       35885000	      3489	80003cc0	8f774a03	lbu	x20,-1801(x14)	 x14:0x80013fd8 x20=0x00000084 PA:0x800138cf load:0x00000084
       35925000	      3493	80003cc4	020c2d33	mulhsu	x26,x24,x0	 x24:0x00000012  x0:0x00000000 x26=0x00000000
       35935000	      3494	80003cc8	01795233	srl	x4,x18,x23	 x18:0x00000000 x23:0x00000000  x4=0x00000000
       35945000	      3495	80003ccc	340ed173	csrrwi	x2,mscratch,29	  x2=0x00000007
       35955000	      3496	80003cd0	00ccb6b3	sltu	x13,x25,x12	 x25:0x80003bc0 x12:0x8002cce4 x13=0x00000001
       35965000	      3497	80003cd4	8119	c.srli	x10,0x6	 x10:0xffffffff x10=0x03ffffff
       35975000	      3498	80003cd6	eb470e83	lb	x29,-332(x14)	 x14:0x80013fd8 x29=0x00000047 PA:0x80013e8c load:0x00000047
       35985000	      3499	80003cda	51fd	c.li	x3,-1	  x3=0xffffffff
       35995000	      3500	80003cdc	0df6	c.slli	x27,0x1d	 x27:0x00000001 x27=0x20000000
       36005000	      3501	80003cde	a284a893	slti	x17,x9,-1496	  x9:0x1c3fdcb8 x17=0x00000000
       36015000	      3502	80003ce2	34002073	csrrs	x0,mscratch,x0	  x0:0x00000000  x0=0x00000000
       36025000	      3503	80003ce6	b8171023	sh	x1,-1152(x14)	 x14:0x80013fd8  x1:0x0000003f PA:0x80013b58 store:0x0000003f load:0x00000000
       36035000	      3504	80003cea	8c0702a3	sb	x0,-1851(x14)	 x14:0x80013fd8  x0:0x00000000 PA:0x8001389d store:0x00000000 load:0x00000000
       36045000	      3505	80003cee	925703a3	sb	x5,-1753(x14)	 x14:0x80013fd8  x5:0x8000399e PA:0x800138ff store:0x8000399e load:0x00000000
       36055000	      3506	80003cf2	00e001ef	jal	x3,80003d00	  x3=0x80003cf6
       36075000	      3508	80003d00	0300026f	jal	x4,80003d30	  x4=0x80003d04
       36095000	      3510	80003d30	37f1	c.jal	80003cfc	  x1=0x80003d32
       36115000	      3512	80003cfc	008003ef	jal	x7,80003d04	  x7=0x80003d00
       36135000	      3514	80003d04	a01d	c.j	80003d2a	
       36165000	      3517	80003d2a	fe1ffdef	jal	x27,80003d0a	 x27=0x80003d2e
       36195000	      3520	80003d0a	01a000ef	jal	x1,80003d24	  x1=0x80003d0e
       36215000	      3522	80003d24	004000ef	jal	x1,80003d28	  x1=0x80003d28
       36235000	      3524	80003d28	bfc5	c.j	80003d18	
       36255000	      3526	80003d18	2819	c.jal	80003d2e	  x1=0x80003d1a
       36275000	      3528	80003d2e	37e5	c.jal	80003d16	  x1=0x80003d30
       36295000	      3530	80003d16	bffd	c.j	80003d14	
       36315000	      3532	80003d14	2019	c.jal	80003d1a	  x1=0x80003d16
       36335000	      3534	80003d1a	a009	c.j	80003d1c	
       36355000	      3536	80003d1c	a819	c.j	80003d32	
       36385000	      3539	80003d32	fe1ff36f	jal	x6,80003d12	  x6=0x80003d36
       36405000	      3541	80003d12	2039	c.jal	80003d20	  x1=0x80003d14
       36425000	      3543	80003d20	a009	c.j	80003d22	
       36445000	      3545	80003d22	b7f5	c.j	80003d0e	
       36465000	      3547	80003d0e	37e5	c.jal	80003cf6	  x1=0x80003d10
       36485000	      3549	80003cf6	2025	c.jal	80003d1e	  x1=0x80003cf8
       36505000	      3551	80003d1e	3fcd	c.jal	80003d10	  x1=0x80003d20
       36525000	      3553	80003d10	bfe5	c.j	80003d08	
       36545000	      3555	80003d08	3ffd	c.jal	80003d06	  x1=0x80003d0a
       36565000	      3557	80003d06	3fcd	c.jal	80003cf8	  x1=0x80003d08
       36585000	      3559	80003cf8	03e0036f	jal	x6,80003d36	  x6=0x80003cfc
       36615000	      3562	80003d36	418c5a33	sra	x20,x24,x24	 x24:0x00000012 x24:0x00000012 x20=0x00000000
       36625000	      3563	80003d3a	00010117	auipc	x2,0x10	  x2=0x80013d3a
       36635000	      3564	80003d3e	ed210113	addi	x2,x2,-302	  x2:0x80013d3a  x2=0x80013c0c
       36645000	      3565	80003d42	fe714d03	lbu	x26,-25(x2)	  x2:0x80013c0c x26=0x000000a8 PA:0x80013bf3 load:0x000000a8
       36655000	      3566	80003d46	feb10b83	lb	x23,-21(x2)	  x2:0x80013c0c x23=0xffffffac PA:0x80013bf7 load:0xffffffac
       36665000	      3567	80003d4a	fc015583	lhu	x11,-64(x2)	  x2:0x80013c0c x11=0x00008687 PA:0x80013bcc load:0x00008687
       36675000	      3568	80003d4e	fc2101a3	sb	x2,-61(x2)	  x2:0x80013c0c  x2:0x80013c0c PA:0x80013bcf store:0x80013c0c load:0x00000000
       36685000	      3569	80003d52	00f10083	lb	x1,15(x2)	  x2:0x80013c0c  x1=0xffffffd0 PA:0x80013c1b load:0xffffffd0
       36695000	      3570	80003d56	8d89	c.sub	x11,x10	 x11:0x00008687 x10:0x03ffffff x11=0xfc008688
       36705000	      3571	80003d58	fee14383	lbu	x7,-18(x2)	  x2:0x80013c0c  x7=0x000000b1 PA:0x80013bfa load:0x000000b1
       36715000	      3572	80003d5c	ff910b23	sb	x25,-10(x2)	  x2:0x80013c0c x25:0x80003bc0 PA:0x80013c02 store:0x80003bc0 load:0x00000000
       36725000	      3573	80003d60	00b10a03	lb	x20,11(x2)	  x2:0x80013c0c x20=0xffffffcc PA:0x80013c17 load:0xffffffcc
       36735000	      3574	80003d64	fda15883	lhu	x17,-38(x2)	  x2:0x80013c0c x17=0x00009c9d PA:0x80013be6 load:0x00009c9d
       36745000	      3575	80003d68	fda15183	lhu	x3,-38(x2)	  x2:0x80013c0c  x3=0x00009c9d PA:0x80013be6 load:0x00009c9d
       36755000	      3576	80003d6c	fe310803	lb	x16,-29(x2)	  x2:0x80013c0c x16=0xffffffa4 PA:0x80013bef load:0xffffffa4
       36765000	      3577	80003d70	00e11b03	lh	x22,14(x2)	  x2:0x80013c0c x22=0xffffd0d1 PA:0x80013c1a load:0xffffd0d1
       36775000	      3578	80003d74	003103a3	sb	x3,7(x2)	  x2:0x80013c0c  x3:0x00009c9d PA:0x80013c13 store:0x00009c9d load:0x00000000
       36785000	      3579	80003d78	0000f317	auipc	x6,0xf	  x6=0x80012d78
       36795000	      3580	80003d7c	75130313	addi	x6,x6,1873	  x6:0x80012d78  x6=0x800134c9
       36835000	      3584	80003d80	026aa233	mulhsu	x4,x21,x6	 x21:0x0000e6e7  x6:0x800134c9  x4=0x00007374
       36845000	      3585	80003d84	ff931183	lh	x3,-7(x6)	  x6:0x800134c9  x3=0x00007879 PA:0x800134c2 load:0x00007879
       36855000	      3586	80003d88	00530623	sb	x5,12(x6)	  x6:0x800134c9  x5:0x8000399e PA:0x800134d5 store:0x8000399e load:0x00000000
       36865000	      3587	80003d8c	41f45713	srai	x14,x8,0x1f	  x8:0x80000000 x14=0xffffffff
       36875000	      3588	80003d90	008310a3	sh	x8,1(x6)	  x6:0x800134c9  x8:0x80000000 PA:0x800134ca store:0x80000000 load:0x00000000
       36885000	      3589	80003d94	ff135103	lhu	x2,-15(x6)	  x6:0x800134c9  x2=0x00007071 PA:0x800134ba load:0x00007071
       36895000	      3590	80003d98	96ee	c.add	x13,x27	 x13:0x00000001 x27:0x80003d2e x13=0x80003d2f
       36935000	      3594	80003d9a	03f3a233	mulhsu	x4,x7,x31	  x7:0x000000b1 x31:0x000000d4  x4=0x00000000
       36945000	      3595	80003d9e	00935203	lhu	x4,9(x6)	  x6:0x800134c9  x4=0x00008889 PA:0x800134d2 load:0x00008889
       36955000	      3596	80003da2	68092113	slti	x2,x18,1664	 x18:0x00000000  x2=0x00000001
       36965000	      3597	80003da6	0ff0000f	fence	iorw,iorw	
       36975000	      3598	80003daa	009312a3	sh	x9,5(x6)	  x6:0x800134c9  x9:0x1c3fdcb8 PA:0x800134ce store:0x1c3fdcb8 load:0x00000000
       36985000	      3599	80003dae	ffa30f03	lb	x30,-6(x6)	  x6:0x800134c9 x30=0x00000078 PA:0x800134c3 load:0x00000078
       37355000	      3636	80003db2	02b5c5b3	div	x11,x11,x11	 x11:0xfc008688 x11:0xfc008688 x11=0x00000001
       37395000	      3640	8000272c	fcafe06f	jal	x0,80000ef6	  x0=0x00000000
       37415000	      3642	80000ef6	1671	c.addi	x12,-4	 x12:0x8002cce4 x12=0x8002cce0
       37425000	      3643	80000ef8	01c62023	sw	x28,0(x12)	 x12:0x8002cce0 x28:0x80028e64 PA:0x8002cce0 store:0x80028e64 load:0x00000000
       37435000	      3644	80000efc	00060e33	add	x28,x12,x0	 x12:0x8002cce0  x0:0x00000000 x28=0x8002cce0
       37445000	      3645	80000f00	f80e0e13	addi	x28,x28,-128	 x28:0x8002cce0 x28=0x8002cc60
       37455000	      3646	80000f04	001e2223	sw	x1,4(x28)	 x28:0x8002cc60  x1:0xffffffd0 PA:0x8002cc64 store:0xffffffd0 load:0x00000000
       37465000	      3647	80000f08	002e2423	sw	x2,8(x28)	 x28:0x8002cc60  x2:0x00000001 PA:0x8002cc68 store:0x00000001 load:0x00000000
       37475000	      3648	80000f0c	003e2623	sw	x3,12(x28)	 x28:0x8002cc60  x3:0x00007879 PA:0x8002cc6c store:0x00007879 load:0x00000000
       37485000	      3649	80000f10	004e2823	sw	x4,16(x28)	 x28:0x8002cc60  x4:0x00008889 PA:0x8002cc70 store:0x00008889 load:0x00000000
       37495000	      3650	80000f14	005e2a23	sw	x5,20(x28)	 x28:0x8002cc60  x5:0x8000399e PA:0x8002cc74 store:0x8000399e load:0x00000000
       37505000	      3651	80000f18	006e2c23	sw	x6,24(x28)	 x28:0x8002cc60  x6:0x800134c9 PA:0x8002cc78 store:0x800134c9 load:0x00000000
       37515000	      3652	80000f1c	007e2e23	sw	x7,28(x28)	 x28:0x8002cc60  x7:0x000000b1 PA:0x8002cc7c store:0x000000b1 load:0x00000000
       37525000	      3653	80000f20	028e2023	sw	x8,32(x28)	 x28:0x8002cc60  x8:0x80000000 PA:0x8002cc80 store:0x80000000 load:0x00000000
       37535000	      3654	80000f24	029e2223	sw	x9,36(x28)	 x28:0x8002cc60  x9:0x1c3fdcb8 PA:0x8002cc84 store:0x1c3fdcb8 load:0x00000000
       37545000	      3655	80000f28	02ae2423	sw	x10,40(x28)	 x28:0x8002cc60 x10:0x03ffffff PA:0x8002cc88 store:0x03ffffff load:0x00000000
       37555000	      3656	80000f2c	02be2623	sw	x11,44(x28)	 x28:0x8002cc60 x11:0x00000001 PA:0x8002cc8c store:0x00000001 load:0x00000000
       37565000	      3657	80000f30	02ce2823	sw	x12,48(x28)	 x28:0x8002cc60 x12:0x8002cce0 PA:0x8002cc90 store:0x8002cce0 load:0x00000000
       37575000	      3658	80000f34	02de2a23	sw	x13,52(x28)	 x28:0x8002cc60 x13:0x80003d2f PA:0x8002cc94 store:0x80003d2f load:0x00000000
       37585000	      3659	80000f38	02ee2c23	sw	x14,56(x28)	 x28:0x8002cc60 x14:0xffffffff PA:0x8002cc98 store:0xffffffff load:0x00000000
       37595000	      3660	80000f3c	02fe2e23	sw	x15,60(x28)	 x28:0x8002cc60 x15:0x0000e662 PA:0x8002cc9c store:0x0000e662 load:0x00000000
       37605000	      3661	80000f40	050e2023	sw	x16,64(x28)	 x28:0x8002cc60 x16:0xffffffa4 PA:0x8002cca0 store:0xffffffa4 load:0x00000000
       37615000	      3662	80000f44	051e2223	sw	x17,68(x28)	 x28:0x8002cc60 x17:0x00009c9d PA:0x8002cca4 store:0x00009c9d load:0x00000000
       37625000	      3663	80000f48	052e2423	sw	x18,72(x28)	 x28:0x8002cc60 x18:0x00000000 PA:0x8002cca8 store:0x00000000 load:0x00000000
       37635000	      3664	80000f4c	053e2623	sw	x19,76(x28)	 x28:0x8002cc60 x19:0x0077f800 PA:0x8002ccac store:0x0077f800 load:0x00000000
       37645000	      3665	80000f50	054e2823	sw	x20,80(x28)	 x28:0x8002cc60 x20:0xffffffcc PA:0x8002ccb0 store:0xffffffcc load:0x00000000
       37655000	      3666	80000f54	055e2a23	sw	x21,84(x28)	 x28:0x8002cc60 x21:0x0000e6e7 PA:0x8002ccb4 store:0x0000e6e7 load:0x00000000
       37665000	      3667	80000f58	056e2c23	sw	x22,88(x28)	 x28:0x8002cc60 x22:0xffffd0d1 PA:0x8002ccb8 store:0xffffd0d1 load:0x00000000
       37675000	      3668	80000f5c	057e2e23	sw	x23,92(x28)	 x28:0x8002cc60 x23:0xffffffac PA:0x8002ccbc store:0xffffffac load:0x00000000
       37685000	      3669	80000f60	078e2023	sw	x24,96(x28)	 x28:0x8002cc60 x24:0x00000012 PA:0x8002ccc0 store:0x00000012 load:0x00000000
       37695000	      3670	80000f64	079e2223	sw	x25,100(x28)	 x28:0x8002cc60 x25:0x80003bc0 PA:0x8002ccc4 store:0x80003bc0 load:0x00000000
       37705000	      3671	80000f68	07ae2423	sw	x26,104(x28)	 x28:0x8002cc60 x26:0x000000a8 PA:0x8002ccc8 store:0x000000a8 load:0x00000000
       37715000	      3672	80000f6c	07be2623	sw	x27,108(x28)	 x28:0x8002cc60 x27:0x80003d2e PA:0x8002cccc store:0x80003d2e load:0x00000000
       37725000	      3673	80000f70	07ce2823	sw	x28,112(x28)	 x28:0x8002cc60 x28:0x8002cc60 PA:0x8002ccd0 store:0x8002cc60 load:0x00000000
       37735000	      3674	80000f74	07de2a23	sw	x29,116(x28)	 x28:0x8002cc60 x29:0x00000047 PA:0x8002ccd4 store:0x00000047 load:0x00000000
       37745000	      3675	80000f78	07ee2c23	sw	x30,120(x28)	 x28:0x8002cc60 x30:0x00000078 PA:0x8002ccd8 store:0x00000078 load:0x00000000
       37755000	      3676	80000f7c	07fe2e23	sw	x31,124(x28)	 x28:0x8002cc60 x31:0x000000d4 PA:0x8002ccdc store:0x000000d4 load:0x00000000
       37765000	      3677	80000f80	000e0633	add	x12,x28,x0	 x28:0x8002cc60  x0:0x00000000 x12=0x8002cc60
       37775000	      3678	80000f84	90000cb7	lui	x25,0x90000	 x25=0x90000000
       37785000	      3679	80000f88	1cf1	c.addi	x25,-4	 x25:0x90000000 x25=0x8ffffffc
       37795000	      3680	80000f8a	4399	c.li	x7,6	  x7=0x00000006
       37805000	      3681	80000f8c	03a2	c.slli	x7,0x8	  x7:0x00000006  x7=0x00000600
       37815000	      3682	80000f8e	00038393	addi	x7,x7,0	  x7:0x00000600  x7=0x00000600
       37825000	      3683	80000f92	007ca023	sw	x7,0(x25)	 x25:0x8ffffffc  x7:0x00000600 PA:0x8ffffffc store:0x00000600 load:0x00000000
       37835000	      3684	80000f96	342023f3	csrrs	x7,mcause,x0	  x0:0x00000000  x7=0x8000000b
       37845000	      3685	80000f9a	01f3d393	srli	x7,x7,0x1f	  x7:0x8000000b  x7=0x00000001
       37855000	      3686	80000f9e	06038863	beq	x7,x0,8000100e	  x7:0x00000001  x0:0x00000000
       37865000	      3687	80000fa2	90000cb7	lui	x25,0x90000	 x25=0x90000000
       37875000	      3688	80000fa6	1cf1	c.addi	x25,-4	 x25:0x90000000 x25=0x8ffffffc
       37885000	      3689	80000fa8	30000393	addi	x7,x0,768	  x0:0x00000000  x7=0x00000300
       37895000	      3690	80000fac	03a2	c.slli	x7,0x8	  x7:0x00000300  x7=0x00030000
       37905000	      3691	80000fae	038d	c.addi	x7,3	  x7:0x00030000  x7=0x00030003
       37915000	      3692	80000fb0	007ca023	sw	x7,0(x25)	 x25:0x8ffffffc  x7:0x00030003 PA:0x8ffffffc store:0x00030003 load:0x00000000
       37925000	      3693	80000fb4	300023f3	csrrs	x7,mstatus,x0	  x0:0x00000000  x7=0x00001880
       37935000	      3694	80000fb8	007ca023	sw	x7,0(x25)	 x25:0x8ffffffc  x7:0x00001880 PA:0x8ffffffc store:0x00001880 load:0x00000000
       37945000	      3695	80000fbc	90000cb7	lui	x25,0x90000	 x25=0x90000000
       37955000	      3696	80000fc0	1cf1	c.addi	x25,-4	 x25:0x90000000 x25=0x8ffffffc
       37965000	      3697	80000fc2	34200393	addi	x7,x0,834	  x0:0x00000000  x7=0x00000342
       37975000	      3698	80000fc6	03a2	c.slli	x7,0x8	  x7:0x00000342  x7=0x00034200
       37985000	      3699	80000fc8	038d	c.addi	x7,3	  x7:0x00034200  x7=0x00034203
       37995000	      3700	80000fca	007ca023	sw	x7,0(x25)	 x25:0x8ffffffc  x7:0x00034203 PA:0x8ffffffc store:0x00034203 load:0x00000000
       38005000	      3701	80000fce	342023f3	csrrs	x7,mcause,x0	  x0:0x00000000  x7=0x8000000b
       38015000	      3702	80000fd2	007ca023	sw	x7,0(x25)	 x25:0x8ffffffc  x7:0x8000000b PA:0x8ffffffc store:0x8000000b load:0x00000000
       38025000	      3703	80000fd6	90000cb7	lui	x25,0x90000	 x25=0x90000000
       38035000	      3704	80000fda	1cf1	c.addi	x25,-4	 x25:0x90000000 x25=0x8ffffffc
       38045000	      3705	80000fdc	30400393	addi	x7,x0,772	  x0:0x00000000  x7=0x00000304
       38055000	      3706	80000fe0	03a2	c.slli	x7,0x8	  x7:0x00000304  x7=0x00030400
       38065000	      3707	80000fe2	038d	c.addi	x7,3	  x7:0x00030400  x7=0x00030403
       38075000	      3708	80000fe4	007ca023	sw	x7,0(x25)	 x25:0x8ffffffc  x7:0x00030403 PA:0x8ffffffc store:0x00030403 load:0x00000000
       38085000	      3709	80000fe8	304023f3	csrrs	x7,mie,x0	  x0:0x00000000  x7=0x75d90888
       38095000	      3710	80000fec	007ca023	sw	x7,0(x25)	 x25:0x8ffffffc  x7:0x75d90888 PA:0x8ffffffc store:0x75d90888 load:0x00000000
       38105000	      3711	80000ff0	90000cb7	lui	x25,0x90000	 x25=0x90000000
       38115000	      3712	80000ff4	1cf1	c.addi	x25,-4	 x25:0x90000000 x25=0x8ffffffc
       38125000	      3713	80000ff6	34400393	addi	x7,x0,836	  x0:0x00000000  x7=0x00000344
       38135000	      3714	80000ffa	03a2	c.slli	x7,0x8	  x7:0x00000344  x7=0x00034400
       38145000	      3715	80000ffc	038d	c.addi	x7,3	  x7:0x00034400  x7=0x00034403
       38155000	      3716	80000ffe	007ca023	sw	x7,0(x25)	 x25:0x8ffffffc  x7:0x00034403 PA:0x8ffffffc store:0x00034403 load:0x00000000
       38165000	      3717	80001002	344023f3	csrrs	x7,mip,x0	  x0:0x00000000  x7=0x00000000
       38175000	      3718	80001006	007ca023	sw	x7,0(x25)	 x25:0x8ffffffc  x7:0x00000000 PA:0x8ffffffc store:0x00000000 load:0x00000000
       38185000	      3719	8000100a	3aa1106f	jal	x0,800123b4	  x0=0x00000000
       38205000	      3721	800123b4	300023f3	csrrs	x7,mstatus,x0	  x0:0x00000000  x7=0x00001880
       38215000	      3722	800123b8	304023f3	csrrs	x7,mie,x0	  x0:0x00000000  x7=0x75d90888
       38225000	      3723	800123bc	344023f3	csrrs	x7,mip,x0	  x0:0x00000000  x7=0x00000000
       38235000	      3724	800123c0	3443b3f3	csrrc	x7,mip,x7	  x7:0x00000000  x7=0x00000000
       38265000	      3727	800123c4	90000cb7	lui	x25,0x90000	 x25=0x90000000
       38275000	      3728	800123c8	1cf1	c.addi	x25,-4	 x25:0x90000000 x25=0x8ffffffc
       38285000	      3729	800123ca	439d	c.li	x7,7	  x7=0x00000007
       38295000	      3730	800123cc	03a2	c.slli	x7,0x8	  x7:0x00000007  x7=0x00000700
       38305000	      3731	800123ce	00038393	addi	x7,x7,0	  x7:0x00000700  x7=0x00000700
       38315000	      3732	800123d2	007ca023	sw	x7,0(x25)	 x25:0x8ffffffc  x7:0x00000700 PA:0x8ffffffc store:0x00000700 load:0x00000000
       38325000	      3733	800123d6	00060e33	add	x28,x12,x0	 x12:0x8002cc60  x0:0x00000000 x28=0x8002cc60
       38335000	      3734	800123da	004e2083	lw	x1,4(x28)	 x28:0x8002cc60  x1=0xffffffd0 PA:0x8002cc64 load:0xffffffd0
       38345000	      3735	800123de	008e2103	lw	x2,8(x28)	 x28:0x8002cc60  x2=0x00000001 PA:0x8002cc68 load:0x00000001
       38355000	      3736	800123e2	00ce2183	lw	x3,12(x28)	 x28:0x8002cc60  x3=0x00007879 PA:0x8002cc6c load:0x00007879
       38365000	      3737	800123e6	010e2203	lw	x4,16(x28)	 x28:0x8002cc60  x4=0x00008889 PA:0x8002cc70 load:0x00008889
       38375000	      3738	800123ea	014e2283	lw	x5,20(x28)	 x28:0x8002cc60  x5=0x8000399e PA:0x8002cc74 load:0x8000399e
       38385000	      3739	800123ee	018e2303	lw	x6,24(x28)	 x28:0x8002cc60  x6=0x800134c9 PA:0x8002cc78 load:0x800134c9
       38395000	      3740	800123f2	01ce2383	lw	x7,28(x28)	 x28:0x8002cc60  x7=0x000000b1 PA:0x8002cc7c load:0x000000b1
       38405000	      3741	800123f6	020e2403	lw	x8,32(x28)	 x28:0x8002cc60  x8=0x80000000 PA:0x8002cc80 load:0x80000000
       38415000	      3742	800123fa	024e2483	lw	x9,36(x28)	 x28:0x8002cc60  x9=0x1c3fdcb8 PA:0x8002cc84 load:0x1c3fdcb8
       38425000	      3743	800123fe	028e2503	lw	x10,40(x28)	 x28:0x8002cc60 x10=0x03ffffff PA:0x8002cc88 load:0x03ffffff
       38435000	      3744	80012402	02ce2583	lw	x11,44(x28)	 x28:0x8002cc60 x11=0x00000001 PA:0x8002cc8c load:0x00000001
       38445000	      3745	80012406	030e2603	lw	x12,48(x28)	 x28:0x8002cc60 x12=0x8002cce0 PA:0x8002cc90 load:0x8002cce0
       38455000	      3746	8001240a	034e2683	lw	x13,52(x28)	 x28:0x8002cc60 x13=0x80003d2f PA:0x8002cc94 load:0x80003d2f
       38465000	      3747	8001240e	038e2703	lw	x14,56(x28)	 x28:0x8002cc60 x14=0xffffffff PA:0x8002cc98 load:0xffffffff
       38475000	      3748	80012412	03ce2783	lw	x15,60(x28)	 x28:0x8002cc60 x15=0x0000e662 PA:0x8002cc9c load:0x0000e662
       38485000	      3749	80012416	040e2803	lw	x16,64(x28)	 x28:0x8002cc60 x16=0xffffffa4 PA:0x8002cca0 load:0xffffffa4
       38495000	      3750	8001241a	044e2883	lw	x17,68(x28)	 x28:0x8002cc60 x17=0x00009c9d PA:0x8002cca4 load:0x00009c9d
       38505000	      3751	8001241e	048e2903	lw	x18,72(x28)	 x28:0x8002cc60 x18=0x00000000 PA:0x8002cca8 load:0x00000000
       38515000	      3752	80012422	04ce2983	lw	x19,76(x28)	 x28:0x8002cc60 x19=0x0077f800 PA:0x8002ccac load:0x0077f800
       38525000	      3753	80012426	050e2a03	lw	x20,80(x28)	 x28:0x8002cc60 x20=0xffffffcc PA:0x8002ccb0 load:0xffffffcc
       38535000	      3754	8001242a	054e2a83	lw	x21,84(x28)	 x28:0x8002cc60 x21=0x0000e6e7 PA:0x8002ccb4 load:0x0000e6e7
       38545000	      3755	8001242e	058e2b03	lw	x22,88(x28)	 x28:0x8002cc60 x22=0xffffd0d1 PA:0x8002ccb8 load:0xffffd0d1
       38555000	      3756	80012432	05ce2b83	lw	x23,92(x28)	 x28:0x8002cc60 x23=0xffffffac PA:0x8002ccbc load:0xffffffac
       38565000	      3757	80012436	060e2c03	lw	x24,96(x28)	 x28:0x8002cc60 x24=0x00000012 PA:0x8002ccc0 load:0x00000012
       38575000	      3758	8001243a	064e2c83	lw	x25,100(x28)	 x28:0x8002cc60 x25=0x80003bc0 PA:0x8002ccc4 load:0x80003bc0
       38585000	      3759	8001243e	068e2d03	lw	x26,104(x28)	 x28:0x8002cc60 x26=0x000000a8 PA:0x8002ccc8 load:0x000000a8
       38595000	      3760	80012442	06ce2d83	lw	x27,108(x28)	 x28:0x8002cc60 x27=0x80003d2e PA:0x8002cccc load:0x80003d2e
       38605000	      3761	80012446	070e2e03	lw	x28,112(x28)	 x28:0x8002cc60 x28=0x8002cc60 PA:0x8002ccd0 load:0x8002cc60
       38625000	      3763	8001244a	074e2e83	lw	x29,116(x28)	 x28:0x8002cc60 x29=0x00000047 PA:0x8002ccd4 load:0x00000047
       38635000	      3764	8001244e	078e2f03	lw	x30,120(x28)	 x28:0x8002cc60 x30=0x00000078 PA:0x8002ccd8 load:0x00000078
       38645000	      3765	80012452	07ce2f83	lw	x31,124(x28)	 x28:0x8002cc60 x31=0x000000d4 PA:0x8002ccdc load:0x000000d4
       38655000	      3766	80012456	080e0e13	addi	x28,x28,128	 x28:0x8002cc60 x28=0x8002cce0
       38665000	      3767	8001245a	000e0633	add	x12,x28,x0	 x28:0x8002cce0  x0:0x00000000 x12=0x8002cce0
       38675000	      3768	8001245e	00062e03	lw	x28,0(x12)	 x12:0x8002cce0 x28=0x80028e64 PA:0x8002cce0 load:0x80028e64
       38685000	      3769	80012462	0611	c.addi	x12,4	 x12:0x8002cce0 x12=0x8002cce4
       38695000	      3770	80012464	30200073	mret	
       38735000	      3774	80003db6	00034103	lbu	x2,0(x6)	  x6:0x800134c9  x2=0x00000082 PA:0x800134c9 load:0x00000082
       38745000	      3775	80003dba	05e1	c.addi	x11,24	 x11:0x00000001 x11=0x00000019
       38755000	      3776	80003dbc	80c1	c.srli	x9,0x10	  x9:0x1c3fdcb8  x9=0x00001c3f
       38765000	      3777	80003dbe	40bc5ab3	sra	x21,x24,x11	 x24:0x00000012 x11:0x00000019 x21=0x00000000
       38775000	      3778	80003dc2	40d35833	sra	x16,x6,x13	  x6:0x800134c9 x13:0x80003d2f x16=0xffff0002
       38785000	      3779	80003dc6	fe330b23	sb	x3,-10(x6)	  x6:0x800134c9  x3:0x00007879 PA:0x800134bf store:0x00007879 load:0x00000000
       38795000	      3780	80003dca	ff830e23	sb	x24,-4(x6)	  x6:0x800134c9 x24:0x00000012 PA:0x800134c5 store:0x00000012 load:0x00000000
       38805000	      3781	80003dce	1dd3af97	auipc	x31,0x1dd3a	 x31=0x9dd3ddce
       38815000	      3782	80003dd2	fe4308a3	sb	x4,-15(x6)	  x6:0x800134c9  x4:0x00008889 PA:0x800134ba store:0x00008889 load:0x00000000
       38825000	      3783	80003dd6	00434d83	lbu	x27,4(x6)	  x6:0x800134c9 x27=0x00000086 PA:0x800134cd load:0x00000086
       38835000	      3784	80003dda	01d325a3	sw	x29,11(x6)	  x6:0x800134c9 x29:0x00000047 PA:0x800134d4 store:0x00000047 load:0x00000000
       38845000	      3785	80003dde	ffb34b83	lbu	x23,-5(x6)	  x6:0x800134c9 x23=0x0000007f PA:0x800134c4 load:0x0000007f
       38855000	      3786	80003de2	00d18833	add	x16,x3,x13	  x3:0x00007879 x13:0x80003d2f x16=0x8000b5a8
       38865000	      3787	80003de6	00534083	lbu	x1,5(x6)	  x6:0x800134c9  x1=0x000000b8 PA:0x800134ce load:0x000000b8
       38875000	      3788	80003dea	00010a97	auipc	x21,0x10	 x21=0x80013dea
       38885000	      3789	80003dee	beea8a93	addi	x21,x21,-1042	 x21:0x80013dea x21=0x800139d8
       38895000	      3790	80003df2	00010e97	auipc	x29,0x10	 x29=0x80013df2
       38905000	      3791	80003df6	bf8e8e93	addi	x29,x29,-1032	 x29:0x80013df2 x29=0x800139ea
       38915000	      3792	80003dfa	da6a9023	sh	x6,-608(x21)	 x21:0x800139d8  x6:0x800134c9 PA:0x80013778 store:0x800134c9 load:0x00000000
       38925000	      3793	80003dfe	fc1e8a23	sb	x1,-44(x29)	 x29:0x800139ea  x1:0x000000b8 PA:0x800139be store:0x000000b8 load:0x00000000
       38935000	      3794	80003e02	00010097	auipc	x1,0x10	  x1=0x80013e02
       38945000	      3795	80003e06	11308093	addi	x1,x1,275	  x1:0x80013e02  x1=0x80013f15
       38955000	      3796	80003e0a	00b08323	sb	x11,6(x1)	  x1:0x80013f15 x11:0x00000019 PA:0x80013f1b store:0x00000019 load:0x00000000
       38965000	      3797	80003e0e	65da8b03	lb	x22,1629(x21)	 x21:0x800139d8 x22=0xffffffee PA:0x80014035 load:0xffffffee
       38975000	      3798	80003e12	00208c03	lb	x24,2(x1)	  x1:0x80013f15 x24=0xffffffcc PA:0x80013f17 load:0xffffffcc
       38985000	      3799	80003e16	ffe0c303	lbu	x6,-2(x1)	  x1:0x80013f15  x6=0x000000c8 PA:0x80013f13 load:0x000000c8
       38995000	      3800	80003e1a	fec0aba3	sw	x12,-9(x1)	  x1:0x80013f15 x12:0x8002cce4 PA:0x80013f0c store:0x8002cce4 load:0x00000000
       39005000	      3801	80003e1e	ff40cd83	lbu	x27,-12(x1)	  x1:0x80013f15 x27=0x000000c2 PA:0x80013f09 load:0x000000c2
       39015000	      3802	80003e22	ff6ecb83	lbu	x23,-10(x29)	 x29:0x800139ea x23=0x0000009b PA:0x800139e0 load:0x0000009b
       39025000	      3803	80003e26	ff909383	lh	x7,-7(x1)	  x1:0x80013f15  x7=0xffff8002 PA:0x80013f0e load:0xffff8002
       39035000	      3804	80003e2a	fed0a9a3	sw	x13,-13(x1)	  x1:0x80013f15 x13:0x80003d2f PA:0x80013f08 store:0x80003d2f load:0x00000000
       39045000	      3805	80003e2e	406adf83	lhu	x31,1030(x21)	 x21:0x800139d8 x31=0x00009495 PA:0x80013dde load:0x00009495
       39055000	      3806	80003e32	fd1ec103	lbu	x2,-47(x29)	 x29:0x800139ea  x2=0x00000070 PA:0x800139bb load:0x00000070
       39065000	      3807	80003e36	00a0cd83	lbu	x27,10(x1)	  x1:0x80013f15 x27=0x000000d4 PA:0x80013f1f load:0x000000d4
       39075000	      3808	80003e3a	010e87a3	sb	x16,15(x29)	 x29:0x800139ea x16:0x8000b5a8 PA:0x800139f9 store:0x8000b5a8 load:0x00000000
       39085000	      3809	80003e3e	ff8ecd83	lbu	x27,-8(x29)	 x29:0x800139ea x27=0x00000099 PA:0x800139e2 load:0x00000099
       39095000	      3810	80003e42	b85a8583	lb	x11,-1147(x21)	 x21:0x800139d8 x11=0x00000016 PA:0x8001355d load:0x00000016
       39105000	      3811	80003e46	00b08d83	lb	x27,11(x1)	  x1:0x80013f15 x27=0xffffffdb PA:0x80013f20 load:0xffffffdb
       39115000	      3812	80003e4a	00fe82a3	sb	x15,5(x29)	 x29:0x800139ea x15:0x0000e662 PA:0x800139ef store:0x0000e662 load:0x00000000
       39125000	      3813	80003e4e	581a80a3	sb	x1,1409(x21)	 x21:0x800139d8  x1:0x80013f15 PA:0x80013f59 store:0x80013f15 load:0x00000000
       39135000	      3814	80003e52	0001d117	auipc	x2,0x1d	  x2=0x80020e52
       39145000	      3815	80003e56	e8b10113	addi	x2,x2,-373	  x2:0x80020e52  x2=0x80020cdd
       39155000	      3816	80003e5a	0fd15483	lhu	x9,253(x2)	  x2:0x80020cdd  x9=0x00009091 PA:0x80020dda load:0x00009091
       39175000	      3818	80003e5e	d0910023	sb	x9,-768(x2)	  x2:0x80020cdd  x9:0x00009091 PA:0x800209dd store:0x00009091 load:0x00000000
       39185000	      3819	80003e62	fe010083	lb	x1,-32(x2)	  x2:0x80020cdd  x1=0x00000076 PA:0x80020cbd load:0x00000076
       39195000	      3820	80003e66	40355533	sra	x10,x10,x3	 x10:0x03ffffff  x3:0x00007879 x10=0x00000001
       39205000	      3821	80003e6a	40355533	sra	x10,x10,x3	 x10:0x00000001  x3:0x00007879 x10=0x00000000
       39215000	      3822	80003e6e	72b10c23	sb	x11,1848(x2)	  x2:0x80020cdd x11:0x00000016 PA:0x80021415 store:0x00000016 load:0x00000000
       39225000	      3823	80003e72	43614a03	lbu	x20,1078(x2)	  x2:0x80020cdd x20=0x000000c8 PA:0x80021113 load:0x000000c8
       39275000	      3828	80003e76	034a34b3	mulhu	x9,x20,x20	 x20:0x000000c8 x20:0x000000c8  x9=0x00000000
       39285000	      3829	80003e7a	4110d513	srai	x10,x1,0x11	  x1:0x00000076 x10=0x00000000
       39295000	      3830	80003e7e	51911483	lh	x9,1305(x2)	  x2:0x80020cdd  x9=0xffffacad PA:0x800211f6 load:0xffffacad
       39315000	      3832	80003e82	36910fa3	sb	x9,895(x2)	  x2:0x80020cdd  x9:0xffffacad PA:0x8002105c store:0xffffacad load:0x00000000
       39325000	      3833	80003e86	001a21b3	slt	x3,x20,x1	 x20:0x000000c8  x1:0x00000076  x3=0x00000000
       39335000	      3834	80003e8a	0095d1b3	srl	x3,x11,x9	 x11:0x00000016  x9:0xffffacad  x3=0x00000000
       39345000	      3835	80003e8e	69710583	lb	x11,1687(x2)	  x2:0x80020cdd x11=0x0000002f PA:0x80021374 load:0x0000002f
       39365000	      3837	80003e92	7f75a193	slti	x3,x11,2039	 x11:0x0000002f  x3=0x00000001
       39375000	      3838	80003e96	8c85	c.sub	x9,x9	  x9:0xffffacad  x9:0xffffacad  x9=0x00000000
       39385000	      3839	80003e98	0ff0000f	fence	iorw,iorw	
       39395000	      3840	80003e9c	ca1114a3	sh	x1,-855(x2)	  x2:0x80020cdd  x1:0x00000076 PA:0x80020986 store:0x00000076 load:0x00000000
       39405000	      3841	80003ea0	ac910323	sb	x9,-1338(x2)	  x2:0x80020cdd  x9:0x00000000 PA:0x800207a3 store:0x00000000 load:0x00000000
       39415000	      3842	80003ea4	40b1d4b3	sra	x9,x3,x11	  x3:0x00000001 x11:0x0000002f  x9=0x00000000
       39425000	      3843	80003ea8	00a4aa33	slt	x20,x9,x10	  x9:0x00000000 x10:0x00000000 x20=0x00000000
       39435000	      3844	80003eac	6ea11da3	sh	x10,1787(x2)	  x2:0x80020cdd x10:0x00000000 PA:0x800213d8 store:0x00000000 load:0x00000000
       39445000	      3845	80003eb0	a4da2513	slti	x10,x20,-1459	 x20:0x00000000 x10=0x00000000
       39455000	      3846	80003eb4	54c10083	lb	x1,1356(x2)	  x2:0x80020cdd  x1=0xffffffe2 PA:0x80021229 load:0xffffffe2
       39465000	      3847	80003eb8	00e55593	srli	x11,x10,0xe	 x10:0x00000000 x11=0x00000000
       39475000	      3848	80003ebc	1e910b23	sb	x9,502(x2)	  x2:0x80020cdd  x9:0x00000000 PA:0x80020ed3 store:0x00000000 load:0x00000000
       39485000	      3849	80003ec0	34045573	csrrwi	x10,mscratch,8	 x10=0x0000001d
       39495000	      3850	80003ec4	3a312503	lw	x10,931(x2)	  x2:0x80020cdd x10=0x38393a3b PA:0x80021080 load:0x38393a3b
       39505000	      3851	80003ec8	8d8d	c.sub	x11,x11	 x11:0x00000000 x11:0x00000000 x11=0x00000000
       39515000	      3852	80003eca	c1410223	sb	x20,-1020(x2)	  x2:0x80020cdd x20:0x00000000 PA:0x800208e1 store:0x00000000 load:0x00000000
       39525000	      3853	80003ece	dfa10183	lb	x3,-518(x2)	  x2:0x80020cdd  x3=0xffffff8c PA:0x80020ad7 load:0xffffff8c
       39535000	      3854	80003ed2	1cb10923	sb	x11,466(x2)	  x2:0x80020cdd x11:0x00000000 PA:0x80020eaf store:0x00000000 load:0x00000000
       39545000	      3855	80003ed6	1ca10e23	sb	x10,476(x2)	  x2:0x80020cdd x10:0x38393a3b PA:0x80020eb9 store:0x38393a3b load:0x00000000
       39555000	      3856	80003eda	340a24f3	csrrs	x9,mscratch,x20	 x20:0x00000000  x9=0x00000008
       39565000	      3857	80003ede	73510483	lb	x9,1845(x2)	  x2:0x80020cdd  x9=0xffffffc9 PA:0x80021412 load:0xffffffc9
       39575000	      3858	80003ee2	754100a3	sb	x20,1857(x2)	  x2:0x80020cdd x20:0x00000000 PA:0x8002141e store:0x00000000 load:0x00000000
       39585000	      3859	80003ee6	09315083	lhu	x1,147(x2)	  x2:0x80020cdd  x1=0x00002a2b PA:0x80020d70 load:0x00002a2b
       39595000	      3860	80003eea	42814583	lbu	x11,1064(x2)	  x2:0x80020cdd x11=0x000000be PA:0x80021105 load:0x000000be
       39615000	      3862	80003eee	7eb10da3	sb	x11,2043(x2)	  x2:0x80020cdd x11:0x000000be PA:0x800214d8 store:0x000000be load:0x00000000
       39625000	      3863	80003ef2	da910ba3	sb	x9,-585(x2)	  x2:0x80020cdd  x9:0xffffffc9 PA:0x80020a94 store:0xffffffc9 load:0x00000000
       39635000	      3864	80003ef6	bbc10083	lb	x1,-1092(x2)	  x2:0x80020cdd  x1=0x00000052 PA:0x80020899 load:0x00000052
       39645000	      3865	80003efa	cc910a03	lb	x20,-823(x2)	  x2:0x80020cdd x20=0x0000005d PA:0x800209a6 load:0x0000005d
       39655000	      3866	80003efe	8165	c.srli	x10,0x19	 x10:0x38393a3b x10=0x0000001c
       39665000	      3867	80003f00	d01106a3	sb	x1,-755(x2)	  x2:0x80020cdd  x1:0x00000052 PA:0x800209ea store:0x00000052 load:0x00000000
       39675000	      3868	80003f04	0a56	c.slli	x20,0x15	 x20:0x0000005d x20=0x0ba00000
       39685000	      3869	80003f06	b3814a03	lbu	x20,-1224(x2)	  x2:0x80020cdd x20=0x000000ce PA:0x80020815 load:0x000000ce
       39695000	      3870	80003f0a	028001ef	jal	x3,80003f32	  x3=0x80003f0e
       39725000	      3873	80003f32	0060036f	jal	x6,80003f38	  x6=0x80003f36
       39745000	      3875	80003f38	b7cd	c.j	80003f1a	
       39765000	      3877	80003f1a	bfe5	c.j	80003f12	
       39795000	      3880	80003f12	004008ef	jal	x17,80003f16	 x17=0x80003f16
       39815000	      3882	80003f16	bfed	c.j	80003f10	
       39835000	      3884	80003f10	a801	c.j	80003f20	
       39855000	      3886	80003f20	0060036f	jal	x6,80003f26	  x6=0x80003f24
       39885000	      3889	80003f26	008000ef	jal	x1,80003f2e	  x1=0x80003f2a
       39905000	      3891	80003f2e	bff5	c.j	80003f2a	
       39935000	      3894	80003f2a	00c000ef	jal	x1,80003f36	  x1=0x80003f2e
       39955000	      3896	80003f36	3fed	c.jal	80003f30	  x1=0x80003f38
       39975000	      3898	80003f30	37f5	c.jal	80003f1c	  x1=0x80003f32
       39995000	      3900	80003f1c	3fcd	c.jal	80003f0e	  x1=0x80003f1e
       40015000	      3902	80003f0e	a029	c.j	80003f18	
       40035000	      3904	80003f18	a031	c.j	80003f24	
       40055000	      3906	80003f24	bfed	c.j	80003f1e	
       40075000	      3908	80003f1e	a831	c.j	80003f3a	
       40095000	      3910	80003f3a	8109	c.srli	x10,0x2	 x10:0x0000001c x10=0x00000007
       40105000	      3911	80003f3c	0000f117	auipc	x2,0xf	  x2=0x80012f3c
       40115000	      3912	80003f40	33410113	addi	x2,x2,820	  x2:0x80012f3c  x2=0x80013270
       40125000	      3913	80003f44	018e2fb3	slt	x31,x28,x24	 x28:0x80028e64 x24:0xffffffcc x31=0x00000001
       40135000	      3914	80003f48	a6cf0a37	lui	x20,0xa6cf0	 x20=0xa6cf0000
       40145000	      3915	80003f4c	8fed	c.and	x15,x11	 x15:0x0000e662 x11:0x000000be x15=0x00000022
       40155000	      3916	80003f4e	00110303	lb	x6,1(x2)	  x2:0x80013270  x6=0x0000002a PA:0x80013271 load:0x0000002a
       40165000	      3917	80003f52	8ee1	c.and	x13,x8	 x13:0x80003d2f  x8:0x80000000 x13=0x80000000
       40175000	      3918	80003f54	86a1	c.srai	x13,0x8	 x13:0x80000000 x13=0xff800000
       40185000	      3919	80003f56	00310703	lb	x14,3(x2)	  x2:0x80013270 x14=0x00000028 PA:0x80013273 load:0x00000028
       40565000	      3957	80003f5a	02577ab3	remu	x21,x14,x5	 x14:0x00000028  x5:0x8000399e x21=0x00000028
       40605000	      3961	8000272c	fcafe06f	jal	x0,80000ef6	  x0=0x00000000
       40625000	      3963	80000ef6	1671	c.addi	x12,-4	 x12:0x8002cce4 x12=0x8002cce0
       40635000	      3964	80000ef8	01c62023	sw	x28,0(x12)	 x12:0x8002cce0 x28:0x80028e64 PA:0x8002cce0 store:0x80028e64 load:0x00000000
       40645000	      3965	80000efc	00060e33	add	x28,x12,x0	 x12:0x8002cce0  x0:0x00000000 x28=0x8002cce0
       40655000	      3966	80000f00	f80e0e13	addi	x28,x28,-128	 x28:0x8002cce0 x28=0x8002cc60
       40665000	      3967	80000f04	001e2223	sw	x1,4(x28)	 x28:0x8002cc60  x1:0x80003f1e PA:0x8002cc64 store:0x80003f1e load:0x00000000
       40675000	      3968	80000f08	002e2423	sw	x2,8(x28)	 x28:0x8002cc60  x2:0x80013270 PA:0x8002cc68 store:0x80013270 load:0x00000000
       40685000	      3969	80000f0c	003e2623	sw	x3,12(x28)	 x28:0x8002cc60  x3:0x80003f0e PA:0x8002cc6c store:0x80003f0e load:0x00000000
       40695000	      3970	80000f10	004e2823	sw	x4,16(x28)	 x28:0x8002cc60  x4:0x00008889 PA:0x8002cc70 store:0x00008889 load:0x00000000
       40705000	      3971	80000f14	005e2a23	sw	x5,20(x28)	 x28:0x8002cc60  x5:0x8000399e PA:0x8002cc74 store:0x8000399e load:0x00000000
       40715000	      3972	80000f18	006e2c23	sw	x6,24(x28)	 x28:0x8002cc60  x6:0x0000002a PA:0x8002cc78 store:0x0000002a load:0x00000000
       40725000	      3973	80000f1c	007e2e23	sw	x7,28(x28)	 x28:0x8002cc60  x7:0xffff8002 PA:0x8002cc7c store:0xffff8002 load:0x00000000
       40735000	      3974	80000f20	028e2023	sw	x8,32(x28)	 x28:0x8002cc60  x8:0x80000000 PA:0x8002cc80 store:0x80000000 load:0x00000000
       40745000	      3975	80000f24	029e2223	sw	x9,36(x28)	 x28:0x8002cc60  x9:0xffffffc9 PA:0x8002cc84 store:0xffffffc9 load:0x00000000
       40755000	      3976	80000f28	02ae2423	sw	x10,40(x28)	 x28:0x8002cc60 x10:0x00000007 PA:0x8002cc88 store:0x00000007 load:0x00000000
       40765000	      3977	80000f2c	02be2623	sw	x11,44(x28)	 x28:0x8002cc60 x11:0x000000be PA:0x8002cc8c store:0x000000be load:0x00000000
       40775000	      3978	80000f30	02ce2823	sw	x12,48(x28)	 x28:0x8002cc60 x12:0x8002cce0 PA:0x8002cc90 store:0x8002cce0 load:0x00000000
       40785000	      3979	80000f34	02de2a23	sw	x13,52(x28)	 x28:0x8002cc60 x13:0xff800000 PA:0x8002cc94 store:0xff800000 load:0x00000000
       40795000	      3980	80000f38	02ee2c23	sw	x14,56(x28)	 x28:0x8002cc60 x14:0x00000028 PA:0x8002cc98 store:0x00000028 load:0x00000000
       40805000	      3981	80000f3c	02fe2e23	sw	x15,60(x28)	 x28:0x8002cc60 x15:0x00000022 PA:0x8002cc9c store:0x00000022 load:0x00000000
       40815000	      3982	80000f40	050e2023	sw	x16,64(x28)	 x28:0x8002cc60 x16:0x8000b5a8 PA:0x8002cca0 store:0x8000b5a8 load:0x00000000
       40825000	      3983	80000f44	051e2223	sw	x17,68(x28)	 x28:0x8002cc60 x17:0x80003f16 PA:0x8002cca4 store:0x80003f16 load:0x00000000
       40835000	      3984	80000f48	052e2423	sw	x18,72(x28)	 x28:0x8002cc60 x18:0x00000000 PA:0x8002cca8 store:0x00000000 load:0x00000000
       40845000	      3985	80000f4c	053e2623	sw	x19,76(x28)	 x28:0x8002cc60 x19:0x0077f800 PA:0x8002ccac store:0x0077f800 load:0x00000000
       40855000	      3986	80000f50	054e2823	sw	x20,80(x28)	 x28:0x8002cc60 x20:0xa6cf0000 PA:0x8002ccb0 store:0xa6cf0000 load:0x00000000
       40865000	      3987	80000f54	055e2a23	sw	x21,84(x28)	 x28:0x8002cc60 x21:0x00000028 PA:0x8002ccb4 store:0x00000028 load:0x00000000
       40875000	      3988	80000f58	056e2c23	sw	x22,88(x28)	 x28:0x8002cc60 x22:0xffffffee PA:0x8002ccb8 store:0xffffffee load:0x00000000
       40885000	      3989	80000f5c	057e2e23	sw	x23,92(x28)	 x28:0x8002cc60 x23:0x0000009b PA:0x8002ccbc store:0x0000009b load:0x00000000
       40895000	      3990	80000f60	078e2023	sw	x24,96(x28)	 x28:0x8002cc60 x24:0xffffffcc PA:0x8002ccc0 store:0xffffffcc load:0x00000000
       40905000	      3991	80000f64	079e2223	sw	x25,100(x28)	 x28:0x8002cc60 x25:0x80003bc0 PA:0x8002ccc4 store:0x80003bc0 load:0x00000000
       40915000	      3992	80000f68	07ae2423	sw	x26,104(x28)	 x28:0x8002cc60 x26:0x000000a8 PA:0x8002ccc8 store:0x000000a8 load:0x00000000
       40925000	      3993	80000f6c	07be2623	sw	x27,108(x28)	 x28:0x8002cc60 x27:0xffffffdb PA:0x8002cccc store:0xffffffdb load:0x00000000
       40935000	      3994	80000f70	07ce2823	sw	x28,112(x28)	 x28:0x8002cc60 x28:0x8002cc60 PA:0x8002ccd0 store:0x8002cc60 load:0x00000000
       40945000	      3995	80000f74	07de2a23	sw	x29,116(x28)	 x28:0x8002cc60 x29:0x800139ea PA:0x8002ccd4 store:0x800139ea load:0x00000000
       40955000	      3996	80000f78	07ee2c23	sw	x30,120(x28)	 x28:0x8002cc60 x30:0x00000078 PA:0x8002ccd8 store:0x00000078 load:0x00000000
       40965000	      3997	80000f7c	07fe2e23	sw	x31,124(x28)	 x28:0x8002cc60 x31:0x00000001 PA:0x8002ccdc store:0x00000001 load:0x00000000
       40975000	      3998	80000f80	000e0633	add	x12,x28,x0	 x28:0x8002cc60  x0:0x00000000 x12=0x8002cc60
       40985000	      3999	80000f84	90000cb7	lui	x25,0x90000	 x25=0x90000000
       40995000	      4000	80000f88	1cf1	c.addi	x25,-4	 x25:0x90000000 x25=0x8ffffffc
       41005000	      4001	80000f8a	4399	c.li	x7,6	  x7=0x00000006
       41015000	      4002	80000f8c	03a2	c.slli	x7,0x8	  x7:0x00000006  x7=0x00000600
       41025000	      4003	80000f8e	00038393	addi	x7,x7,0	  x7:0x00000600  x7=0x00000600
       41035000	      4004	80000f92	007ca023	sw	x7,0(x25)	 x25:0x8ffffffc  x7:0x00000600 PA:0x8ffffffc store:0x00000600 load:0x00000000
       41045000	      4005	80000f96	342023f3	csrrs	x7,mcause,x0	  x0:0x00000000  x7=0x8000000b
       41055000	      4006	80000f9a	01f3d393	srli	x7,x7,0x1f	  x7:0x8000000b  x7=0x00000001
       41065000	      4007	80000f9e	06038863	beq	x7,x0,8000100e	  x7:0x00000001  x0:0x00000000
       41075000	      4008	80000fa2	90000cb7	lui	x25,0x90000	 x25=0x90000000
       41085000	      4009	80000fa6	1cf1	c.addi	x25,-4	 x25:0x90000000 x25=0x8ffffffc
       41095000	      4010	80000fa8	30000393	addi	x7,x0,768	  x0:0x00000000  x7=0x00000300
       41105000	      4011	80000fac	03a2	c.slli	x7,0x8	  x7:0x00000300  x7=0x00030000
       41115000	      4012	80000fae	038d	c.addi	x7,3	  x7:0x00030000  x7=0x00030003
       41125000	      4013	80000fb0	007ca023	sw	x7,0(x25)	 x25:0x8ffffffc  x7:0x00030003 PA:0x8ffffffc store:0x00030003 load:0x00000000
       41135000	      4014	80000fb4	300023f3	csrrs	x7,mstatus,x0	  x0:0x00000000  x7=0x00001880
       41145000	      4015	80000fb8	007ca023	sw	x7,0(x25)	 x25:0x8ffffffc  x7:0x00001880 PA:0x8ffffffc store:0x00001880 load:0x00000000
       41155000	      4016	80000fbc	90000cb7	lui	x25,0x90000	 x25=0x90000000
       41165000	      4017	80000fc0	1cf1	c.addi	x25,-4	 x25:0x90000000 x25=0x8ffffffc
       41175000	      4018	80000fc2	34200393	addi	x7,x0,834	  x0:0x00000000  x7=0x00000342
       41185000	      4019	80000fc6	03a2	c.slli	x7,0x8	  x7:0x00000342  x7=0x00034200
       41195000	      4020	80000fc8	038d	c.addi	x7,3	  x7:0x00034200  x7=0x00034203
       41205000	      4021	80000fca	007ca023	sw	x7,0(x25)	 x25:0x8ffffffc  x7:0x00034203 PA:0x8ffffffc store:0x00034203 load:0x00000000
       41215000	      4022	80000fce	342023f3	csrrs	x7,mcause,x0	  x0:0x00000000  x7=0x8000000b
       41225000	      4023	80000fd2	007ca023	sw	x7,0(x25)	 x25:0x8ffffffc  x7:0x8000000b PA:0x8ffffffc store:0x8000000b load:0x00000000
       41235000	      4024	80000fd6	90000cb7	lui	x25,0x90000	 x25=0x90000000
       41245000	      4025	80000fda	1cf1	c.addi	x25,-4	 x25:0x90000000 x25=0x8ffffffc
       41255000	      4026	80000fdc	30400393	addi	x7,x0,772	  x0:0x00000000  x7=0x00000304
       41265000	      4027	80000fe0	03a2	c.slli	x7,0x8	  x7:0x00000304  x7=0x00030400
       41275000	      4028	80000fe2	038d	c.addi	x7,3	  x7:0x00030400  x7=0x00030403
       41285000	      4029	80000fe4	007ca023	sw	x7,0(x25)	 x25:0x8ffffffc  x7:0x00030403 PA:0x8ffffffc store:0x00030403 load:0x00000000
       41295000	      4030	80000fe8	304023f3	csrrs	x7,mie,x0	  x0:0x00000000  x7=0x75d90888
       41305000	      4031	80000fec	007ca023	sw	x7,0(x25)	 x25:0x8ffffffc  x7:0x75d90888 PA:0x8ffffffc store:0x75d90888 load:0x00000000
       41315000	      4032	80000ff0	90000cb7	lui	x25,0x90000	 x25=0x90000000
       41325000	      4033	80000ff4	1cf1	c.addi	x25,-4	 x25:0x90000000 x25=0x8ffffffc
       41335000	      4034	80000ff6	34400393	addi	x7,x0,836	  x0:0x00000000  x7=0x00000344
       41345000	      4035	80000ffa	03a2	c.slli	x7,0x8	  x7:0x00000344  x7=0x00034400
       41355000	      4036	80000ffc	038d	c.addi	x7,3	  x7:0x00034400  x7=0x00034403
       41365000	      4037	80000ffe	007ca023	sw	x7,0(x25)	 x25:0x8ffffffc  x7:0x00034403 PA:0x8ffffffc store:0x00034403 load:0x00000000
       41375000	      4038	80001002	344023f3	csrrs	x7,mip,x0	  x0:0x00000000  x7=0x00000000
       41385000	      4039	80001006	007ca023	sw	x7,0(x25)	 x25:0x8ffffffc  x7:0x00000000 PA:0x8ffffffc store:0x00000000 load:0x00000000
       41395000	      4040	8000100a	3aa1106f	jal	x0,800123b4	  x0=0x00000000
       41415000	      4042	800123b4	300023f3	csrrs	x7,mstatus,x0	  x0:0x00000000  x7=0x00001880
       41425000	      4043	800123b8	304023f3	csrrs	x7,mie,x0	  x0:0x00000000  x7=0x75d90888
       41435000	      4044	800123bc	344023f3	csrrs	x7,mip,x0	  x0:0x00000000  x7=0x00000000
       41445000	      4045	800123c0	3443b3f3	csrrc	x7,mip,x7	  x7:0x00000000  x7=0x00000000
       41475000	      4048	800123c4	90000cb7	lui	x25,0x90000	 x25=0x90000000
       41485000	      4049	800123c8	1cf1	c.addi	x25,-4	 x25:0x90000000 x25=0x8ffffffc
       41495000	      4050	800123ca	439d	c.li	x7,7	  x7=0x00000007
       41505000	      4051	800123cc	03a2	c.slli	x7,0x8	  x7:0x00000007  x7=0x00000700
       41515000	      4052	800123ce	00038393	addi	x7,x7,0	  x7:0x00000700  x7=0x00000700
       41525000	      4053	800123d2	007ca023	sw	x7,0(x25)	 x25:0x8ffffffc  x7:0x00000700 PA:0x8ffffffc store:0x00000700 load:0x00000000
       41535000	      4054	800123d6	00060e33	add	x28,x12,x0	 x12:0x8002cc60  x0:0x00000000 x28=0x8002cc60
       41545000	      4055	800123da	004e2083	lw	x1,4(x28)	 x28:0x8002cc60  x1=0x80003f1e PA:0x8002cc64 load:0x80003f1e
       41555000	      4056	800123de	008e2103	lw	x2,8(x28)	 x28:0x8002cc60  x2=0x80013270 PA:0x8002cc68 load:0x80013270
       41565000	      4057	800123e2	00ce2183	lw	x3,12(x28)	 x28:0x8002cc60  x3=0x80003f0e PA:0x8002cc6c load:0x80003f0e
       41575000	      4058	800123e6	010e2203	lw	x4,16(x28)	 x28:0x8002cc60  x4=0x00008889 PA:0x8002cc70 load:0x00008889
       41585000	      4059	800123ea	014e2283	lw	x5,20(x28)	 x28:0x8002cc60  x5=0x8000399e PA:0x8002cc74 load:0x8000399e
       41595000	      4060	800123ee	018e2303	lw	x6,24(x28)	 x28:0x8002cc60  x6=0x0000002a PA:0x8002cc78 load:0x0000002a
       41605000	      4061	800123f2	01ce2383	lw	x7,28(x28)	 x28:0x8002cc60  x7=0xffff8002 PA:0x8002cc7c load:0xffff8002
       41615000	      4062	800123f6	020e2403	lw	x8,32(x28)	 x28:0x8002cc60  x8=0x80000000 PA:0x8002cc80 load:0x80000000
       41625000	      4063	800123fa	024e2483	lw	x9,36(x28)	 x28:0x8002cc60  x9=0xffffffc9 PA:0x8002cc84 load:0xffffffc9
       41635000	      4064	800123fe	028e2503	lw	x10,40(x28)	 x28:0x8002cc60 x10=0x00000007 PA:0x8002cc88 load:0x00000007
       41645000	      4065	80012402	02ce2583	lw	x11,44(x28)	 x28:0x8002cc60 x11=0x000000be PA:0x8002cc8c load:0x000000be
       41655000	      4066	80012406	030e2603	lw	x12,48(x28)	 x28:0x8002cc60 x12=0x8002cce0 PA:0x8002cc90 load:0x8002cce0
       41665000	      4067	8001240a	034e2683	lw	x13,52(x28)	 x28:0x8002cc60 x13=0xff800000 PA:0x8002cc94 load:0xff800000
       41675000	      4068	8001240e	038e2703	lw	x14,56(x28)	 x28:0x8002cc60 x14=0x00000028 PA:0x8002cc98 load:0x00000028
       41685000	      4069	80012412	03ce2783	lw	x15,60(x28)	 x28:0x8002cc60 x15=0x00000022 PA:0x8002cc9c load:0x00000022
       41695000	      4070	80012416	040e2803	lw	x16,64(x28)	 x28:0x8002cc60 x16=0x8000b5a8 PA:0x8002cca0 load:0x8000b5a8
       41705000	      4071	8001241a	044e2883	lw	x17,68(x28)	 x28:0x8002cc60 x17=0x80003f16 PA:0x8002cca4 load:0x80003f16
       41715000	      4072	8001241e	048e2903	lw	x18,72(x28)	 x28:0x8002cc60 x18=0x00000000 PA:0x8002cca8 load:0x00000000
       41725000	      4073	80012422	04ce2983	lw	x19,76(x28)	 x28:0x8002cc60 x19=0x0077f800 PA:0x8002ccac load:0x0077f800
       41735000	      4074	80012426	050e2a03	lw	x20,80(x28)	 x28:0x8002cc60 x20=0xa6cf0000 PA:0x8002ccb0 load:0xa6cf0000
       41745000	      4075	8001242a	054e2a83	lw	x21,84(x28)	 x28:0x8002cc60 x21=0x00000028 PA:0x8002ccb4 load:0x00000028
       41755000	      4076	8001242e	058e2b03	lw	x22,88(x28)	 x28:0x8002cc60 x22=0xffffffee PA:0x8002ccb8 load:0xffffffee
       41765000	      4077	80012432	05ce2b83	lw	x23,92(x28)	 x28:0x8002cc60 x23=0x0000009b PA:0x8002ccbc load:0x0000009b
       41775000	      4078	80012436	060e2c03	lw	x24,96(x28)	 x28:0x8002cc60 x24=0xffffffcc PA:0x8002ccc0 load:0xffffffcc
       41785000	      4079	8001243a	064e2c83	lw	x25,100(x28)	 x28:0x8002cc60 x25=0x80003bc0 PA:0x8002ccc4 load:0x80003bc0
       41795000	      4080	8001243e	068e2d03	lw	x26,104(x28)	 x28:0x8002cc60 x26=0x000000a8 PA:0x8002ccc8 load:0x000000a8
       41805000	      4081	80012442	06ce2d83	lw	x27,108(x28)	 x28:0x8002cc60 x27=0xffffffdb PA:0x8002cccc load:0xffffffdb
       41815000	      4082	80012446	070e2e03	lw	x28,112(x28)	 x28:0x8002cc60 x28=0x8002cc60 PA:0x8002ccd0 load:0x8002cc60
       41835000	      4084	8001244a	074e2e83	lw	x29,116(x28)	 x28:0x8002cc60 x29=0x800139ea PA:0x8002ccd4 load:0x800139ea
       41845000	      4085	8001244e	078e2f03	lw	x30,120(x28)	 x28:0x8002cc60 x30=0x00000078 PA:0x8002ccd8 load:0x00000078
       41855000	      4086	80012452	07ce2f83	lw	x31,124(x28)	 x28:0x8002cc60 x31=0x00000001 PA:0x8002ccdc load:0x00000001
       41865000	      4087	80012456	080e0e13	addi	x28,x28,128	 x28:0x8002cc60 x28=0x8002cce0
       41875000	      4088	8001245a	000e0633	add	x12,x28,x0	 x28:0x8002cce0  x0:0x00000000 x12=0x8002cce0
       41885000	      4089	8001245e	00062e03	lw	x28,0(x12)	 x12:0x8002cce0 x28=0x80028e64 PA:0x8002cce0 load:0x80028e64
       41895000	      4090	80012462	0611	c.addi	x12,4	 x12:0x8002cce0 x12=0x8002cce4
       41905000	      4091	80012464	30200073	mret	
       42305000	      4131	80003f5e	02ad4f33	div	x30,x26,x10	 x26:0x000000a8 x10:0x00000007 x30=0x00000018
       42315000	      4132	80003f62	00214003	lbu	x0,2(x2)	  x2:0x80013270  x0=0x00000000 PA:0x80013272 load:0x00000029
       42325000	      4133	80003f66	fe110ca3	sb	x1,-7(x2)	  x2:0x80013270  x1:0x80003f1e PA:0x80013269 store:0x80003f1e load:0x00000000
       42335000	      4134	80003f6a	340594f3	csrrw	x9,mscratch,x11	 x11:0x000000be  x9=0x00000008
       42345000	      4135	80003f6e	004102a3	sb	x4,5(x2)	  x2:0x80013270  x4:0x00008889 PA:0x80013275 store:0x00008889 load:0x00000000
       42355000	      4136	80003f72	fed11823	sh	x13,-16(x2)	  x2:0x80013270 x13:0xff800000 PA:0x80013260 store:0xff800000 load:0x00000000
       42365000	      4137	80003f76	ff514303	lbu	x6,-11(x2)	  x2:0x80013270  x6=0x0000001e PA:0x80013265 load:0x0000001e
       42375000	      4138	80003f7a	0246	c.slli	x4,0x11	  x4:0x00008889  x4=0x11120000
       42385000	      4139	80003f7c	4482	c.lwsp	x9,0(x2)	  x2:0x80013270  x9=0x28292a2b PA:0x80013270 load:0x28292a2b
       42395000	      4140	80003f7e	ff514c83	lbu	x25,-11(x2)	  x2:0x80013270 x25=0x0000001e PA:0x80013265 load:0x0000001e
       42405000	      4141	80003f82	34046973	csrrsi	x18,mscratch,8	 x18=0x000000be
       42415000	      4142	80003f86	c672	c.swsp	x28,12(x2)	  x2:0x80013270 x28:0x80028e64 PA:0x8001327c store:0x80028e64 load:0x00000000
       42425000	      4143	80003f88	40a9d4b3	sra	x9,x19,x10	 x19:0x0077f800 x10:0x00000007  x9=0x0000eff0
       42435000	      4144	80003f8c	ff114683	lbu	x13,-15(x2)	  x2:0x80013270 x13=0x00000000 PA:0x80013261 load:0x00000000
       42445000	      4145	80003f90	01911323	sh	x25,6(x2)	  x2:0x80013270 x25:0x0000001e PA:0x80013276 store:0x0000001e load:0x00000000
       42455000	      4146	80003f94	fff14e83	lbu	x29,-1(x2)	  x2:0x80013270 x29=0x00000024 PA:0x8001326f load:0x00000024
       42465000	      4147	80003f98	fe311a23	sh	x3,-12(x2)	  x2:0x80013270  x3:0x80003f0e PA:0x80013264 store:0x80003f0e load:0x00000000
       42835000	      4184	80003f9c	03f5d233	divu	x4,x11,x31	 x11:0x000000be x31:0x00000001  x4=0x000000be
       42845000	      4185	80003fa0	00e104a3	sb	x14,9(x2)	  x2:0x80013270 x14:0x00000028 PA:0x80013279 store:0x00000028 load:0x00000000
       42855000	      4186	80003fa4	ff514803	lbu	x16,-11(x2)	  x2:0x80013270 x16=0x0000003f PA:0x80013265 load:0x0000003f
       42865000	      4187	80003fa8	ff110ba3	sb	x17,-9(x2)	  x2:0x80013270 x17:0x80003f16 PA:0x80013267 store:0x80003f16 load:0x00000000
       42875000	      4188	80003fac	01511323	sh	x21,6(x2)	  x2:0x80013270 x21:0x00000028 PA:0x80013276 store:0x00000028 load:0x00000000
       42885000	      4189	80003fb0	00114c03	lbu	x24,1(x2)	  x2:0x80013270 x24=0x0000002a PA:0x80013271 load:0x0000002a
       42895000	      4190	80003fb4	fe010da3	sb	x0,-5(x2)	  x2:0x80013270  x0:0x00000000 PA:0x8001326b store:0x00000000 load:0x00000000
       42905000	      4191	80003fb8	00e107a3	sb	x14,15(x2)	  x2:0x80013270 x14:0x00000028 PA:0x8001327f store:0x00000028 load:0x00000000
       42915000	      4192	80003fbc	00514f83	lbu	x31,5(x2)	  x2:0x80013270 x31=0x00000089 PA:0x80013275 load:0x00000089
       42925000	      4193	80003fc0	40ebd033	sra	x0,x23,x14	 x23:0x0000009b x14:0x00000028  x0=0x00000000
       42935000	      4194	80003fc4	01255593	srli	x11,x10,0x12	 x10:0x00000007 x11=0x00000000
       42945000	      4195	80003fc8	00d14483	lbu	x9,13(x2)	  x2:0x80013270  x9=0x0000008e PA:0x8001327d load:0x0000008e
       42955000	      4196	80003fcc	002cfc33	and	x24,x25,x2	 x25:0x0000001e  x2:0x80013270 x24=0x00000010
       42965000	      4197	80003fd0	ff910aa3	sb	x25,-11(x2)	  x2:0x80013270 x25:0x0000001e PA:0x80013265 store:0x0000001e load:0x00000000
       42975000	      4198	80003fd4	fec11823	sh	x12,-16(x2)	  x2:0x80013270 x12:0x8002cce4 PA:0x80013260 store:0x8002cce4 load:0x00000000
       42985000	      4199	80003fd8	4d92	c.lwsp	x27,4(x2)	  x2:0x80013270 x27=0x0028892f PA:0x80013274 load:0x0028892f
       42995000	      4200	80003fda	ff412703	lw	x14,-12(x2)	  x2:0x80013270 x14=0x161d1e0e PA:0x80013264 load:0x161d1e0e
       43005000	      4201	80003fde	c052	c.swsp	x20,0(x2)	  x2:0x80013270 x20:0xa6cf0000 PA:0x80013270 store:0xa6cf0000 load:0x00000000
       43015000	      4202	80003fe0	0000f917	auipc	x18,0xf	 x18=0x80012fe0
       43025000	      4203	80003fe4	1e890913	addi	x18,x18,488	 x18:0x80012fe0 x18=0x800131c8
       43035000	      4204	80003fe8	6dc902a3	sb	x28,1733(x18)	 x18:0x800131c8 x28:0x80028e64 PA:0x8001388d store:0x80028e64 load:0x00000000
       43045000	      4205	80003fec	5a194a83	lbu	x21,1441(x18)	 x18:0x800131c8 x21=0x00000022 PA:0x80013769 load:0x00000022
       43055000	      4206	80003ff0	76a95183	lhu	x3,1898(x18)	 x18:0x800131c8  x3=0x0000e8e9 PA:0x80013932 load:0x0000e8e9
       43065000	      4207	80003ff4	015e5133	srl	x2,x28,x21	 x28:0x80028e64 x21:0x00000022  x2=0x2000a399
       43075000	      4208	80003ff8	34026df3	csrrsi	x27,mscratch,4	 x27=0x000000be
       43085000	      4209	80003ffc	8a222093	slti	x1,x4,-1886	  x4:0x000000be  x1=0x00000000
       43095000	      4210	80004000	68291703	lh	x14,1666(x18)	 x18:0x800131c8 x14=0x00000001 PA:0x8001384a load:0x00000001
       43105000	      4211	80004004	8d31	c.xor	x10,x12	 x10:0x00000007 x12:0x8002cce4 x10=0x8002cce3
       43115000	      4212	80004006	4768f793	andi	x15,x17,1142	 x17:0x80003f16 x15=0x00000416
       43125000	      4213	8000400a	0bc91303	lh	x6,188(x18)	 x18:0x800131c8  x6=0x00003e3f PA:0x80013284 load:0x00003e3f
       43165000	      4217	8000400e	03c22c33	mulhsu	x24,x4,x28	  x4:0x000000be x28:0x80028e64 x24=0x0000005f
       43175000	      4218	80004012	011c24b3	slt	x9,x24,x17	 x24:0x0000005f x17:0x80003f16  x9=0x00000000
       43185000	      4219	80004016	4d992423	sw	x25,1224(x18)	 x18:0x800131c8 x25:0x0000001e PA:0x80013690 store:0x0000001e load:0x00000000
       43555000	      4256	8000401a	031afb33	remu	x22,x21,x17	 x21:0x00000022 x17:0x80003f16 x22=0x00000022
       43565000	      4257	8000401e	ead94983	lbu	x19,-339(x18)	 x18:0x800131c8 x19=0x0000002e PA:0x80013075 load:0x0000002e
       43575000	      4258	80004022	3d091083	lh	x1,976(x18)	 x18:0x800131c8  x1=0x00005253 PA:0x80013598 load:0x00005253
       43585000	      4259	80004026	8fd1	c.or	x15,x12	 x15:0x00000416 x12:0x8002cce4 x15=0x8002ccf6
       43595000	      4260	80004028	0045a5b3	slt	x11,x11,x4	 x11:0x00000000  x4:0x000000be x11=0x00000001
       43605000	      4261	8000402c	4e2901a3	sb	x2,1251(x18)	 x18:0x800131c8  x2:0x2000a399 PA:0x800136ab store:0x2000a399 load:0x00000000
       43615000	      4262	80004030	2b590883	lb	x17,693(x18)	 x18:0x800131c8 x17=0x00000036 PA:0x8001347d load:0x00000036
       43625000	      4263	80004034	8fe9	c.and	x15,x10	 x15:0x8002ccf6 x10:0x8002cce3 x15=0x8002cce2
       43635000	      4264	80004036	34007073	csrrci	x0,mscratch,0	  x0=0x00000000
       43675000	      4268	8000272c	fcafe06f	jal	x0,80000ef6	  x0=0x00000000
       43695000	      4270	80000ef6	1671	c.addi	x12,-4	 x12:0x8002cce4 x12=0x8002cce0
       43705000	      4271	80000ef8	01c62023	sw	x28,0(x12)	 x12:0x8002cce0 x28:0x80028e64 PA:0x8002cce0 store:0x80028e64 load:0x00000000
       43715000	      4272	80000efc	00060e33	add	x28,x12,x0	 x12:0x8002cce0  x0:0x00000000 x28=0x8002cce0
       43725000	      4273	80000f00	f80e0e13	addi	x28,x28,-128	 x28:0x8002cce0 x28=0x8002cc60
       43735000	      4274	80000f04	001e2223	sw	x1,4(x28)	 x28:0x8002cc60  x1:0x00005253 PA:0x8002cc64 store:0x00005253 load:0x00000000
       43745000	      4275	80000f08	002e2423	sw	x2,8(x28)	 x28:0x8002cc60  x2:0x2000a399 PA:0x8002cc68 store:0x2000a399 load:0x00000000
       43755000	      4276	80000f0c	003e2623	sw	x3,12(x28)	 x28:0x8002cc60  x3:0x0000e8e9 PA:0x8002cc6c store:0x0000e8e9 load:0x00000000
       43765000	      4277	80000f10	004e2823	sw	x4,16(x28)	 x28:0x8002cc60  x4:0x000000be PA:0x8002cc70 store:0x000000be load:0x00000000
       43775000	      4278	80000f14	005e2a23	sw	x5,20(x28)	 x28:0x8002cc60  x5:0x8000399e PA:0x8002cc74 store:0x8000399e load:0x00000000
       43785000	      4279	80000f18	006e2c23	sw	x6,24(x28)	 x28:0x8002cc60  x6:0x00003e3f PA:0x8002cc78 store:0x00003e3f load:0x00000000
       43795000	      4280	80000f1c	007e2e23	sw	x7,28(x28)	 x28:0x8002cc60  x7:0xffff8002 PA:0x8002cc7c store:0xffff8002 load:0x00000000
       43805000	      4281	80000f20	028e2023	sw	x8,32(x28)	 x28:0x8002cc60  x8:0x80000000 PA:0x8002cc80 store:0x80000000 load:0x00000000
       43815000	      4282	80000f24	029e2223	sw	x9,36(x28)	 x28:0x8002cc60  x9:0x00000000 PA:0x8002cc84 store:0x00000000 load:0x00000000
       43825000	      4283	80000f28	02ae2423	sw	x10,40(x28)	 x28:0x8002cc60 x10:0x8002cce3 PA:0x8002cc88 store:0x8002cce3 load:0x00000000
       43835000	      4284	80000f2c	02be2623	sw	x11,44(x28)	 x28:0x8002cc60 x11:0x00000001 PA:0x8002cc8c store:0x00000001 load:0x00000000
       43845000	      4285	80000f30	02ce2823	sw	x12,48(x28)	 x28:0x8002cc60 x12:0x8002cce0 PA:0x8002cc90 store:0x8002cce0 load:0x00000000
       43855000	      4286	80000f34	02de2a23	sw	x13,52(x28)	 x28:0x8002cc60 x13:0x00000000 PA:0x8002cc94 store:0x00000000 load:0x00000000
       43865000	      4287	80000f38	02ee2c23	sw	x14,56(x28)	 x28:0x8002cc60 x14:0x00000001 PA:0x8002cc98 store:0x00000001 load:0x00000000
       43875000	      4288	80000f3c	02fe2e23	sw	x15,60(x28)	 x28:0x8002cc60 x15:0x8002cce2 PA:0x8002cc9c store:0x8002cce2 load:0x00000000
       43885000	      4289	80000f40	050e2023	sw	x16,64(x28)	 x28:0x8002cc60 x16:0x0000003f PA:0x8002cca0 store:0x0000003f load:0x00000000
       43895000	      4290	80000f44	051e2223	sw	x17,68(x28)	 x28:0x8002cc60 x17:0x00000036 PA:0x8002cca4 store:0x00000036 load:0x00000000
       43905000	      4291	80000f48	052e2423	sw	x18,72(x28)	 x28:0x8002cc60 x18:0x800131c8 PA:0x8002cca8 store:0x800131c8 load:0x00000000
       43915000	      4292	80000f4c	053e2623	sw	x19,76(x28)	 x28:0x8002cc60 x19:0x0000002e PA:0x8002ccac store:0x0000002e load:0x00000000
       43925000	      4293	80000f50	054e2823	sw	x20,80(x28)	 x28:0x8002cc60 x20:0xa6cf0000 PA:0x8002ccb0 store:0xa6cf0000 load:0x00000000
       43935000	      4294	80000f54	055e2a23	sw	x21,84(x28)	 x28:0x8002cc60 x21:0x00000022 PA:0x8002ccb4 store:0x00000022 load:0x00000000
       43945000	      4295	80000f58	056e2c23	sw	x22,88(x28)	 x28:0x8002cc60 x22:0x00000022 PA:0x8002ccb8 store:0x00000022 load:0x00000000
       43955000	      4296	80000f5c	057e2e23	sw	x23,92(x28)	 x28:0x8002cc60 x23:0x0000009b PA:0x8002ccbc store:0x0000009b load:0x00000000
       43965000	      4297	80000f60	078e2023	sw	x24,96(x28)	 x28:0x8002cc60 x24:0x0000005f PA:0x8002ccc0 store:0x0000005f load:0x00000000
       43975000	      4298	80000f64	079e2223	sw	x25,100(x28)	 x28:0x8002cc60 x25:0x0000001e PA:0x8002ccc4 store:0x0000001e load:0x00000000
       43985000	      4299	80000f68	07ae2423	sw	x26,104(x28)	 x28:0x8002cc60 x26:0x000000a8 PA:0x8002ccc8 store:0x000000a8 load:0x00000000
       43995000	      4300	80000f6c	07be2623	sw	x27,108(x28)	 x28:0x8002cc60 x27:0x000000be PA:0x8002cccc store:0x000000be load:0x00000000
       44005000	      4301	80000f70	07ce2823	sw	x28,112(x28)	 x28:0x8002cc60 x28:0x8002cc60 PA:0x8002ccd0 store:0x8002cc60 load:0x00000000
       44015000	      4302	80000f74	07de2a23	sw	x29,116(x28)	 x28:0x8002cc60 x29:0x00000024 PA:0x8002ccd4 store:0x00000024 load:0x00000000
       44025000	      4303	80000f78	07ee2c23	sw	x30,120(x28)	 x28:0x8002cc60 x30:0x00000018 PA:0x8002ccd8 store:0x00000018 load:0x00000000
       44035000	      4304	80000f7c	07fe2e23	sw	x31,124(x28)	 x28:0x8002cc60 x31:0x00000089 PA:0x8002ccdc store:0x00000089 load:0x00000000
       44045000	      4305	80000f80	000e0633	add	x12,x28,x0	 x28:0x8002cc60  x0:0x00000000 x12=0x8002cc60
       44055000	      4306	80000f84	90000cb7	lui	x25,0x90000	 x25=0x90000000
       44065000	      4307	80000f88	1cf1	c.addi	x25,-4	 x25:0x90000000 x25=0x8ffffffc
       44075000	      4308	80000f8a	4399	c.li	x7,6	  x7=0x00000006
       44085000	      4309	80000f8c	03a2	c.slli	x7,0x8	  x7:0x00000006  x7=0x00000600
       44095000	      4310	80000f8e	00038393	addi	x7,x7,0	  x7:0x00000600  x7=0x00000600
       44105000	      4311	80000f92	007ca023	sw	x7,0(x25)	 x25:0x8ffffffc  x7:0x00000600 PA:0x8ffffffc store:0x00000600 load:0x00000000
       44115000	      4312	80000f96	342023f3	csrrs	x7,mcause,x0	  x0:0x00000000  x7=0x8000000b
       44125000	      4313	80000f9a	01f3d393	srli	x7,x7,0x1f	  x7:0x8000000b  x7=0x00000001
       44135000	      4314	80000f9e	06038863	beq	x7,x0,8000100e	  x7:0x00000001  x0:0x00000000
       44145000	      4315	80000fa2	90000cb7	lui	x25,0x90000	 x25=0x90000000
       44155000	      4316	80000fa6	1cf1	c.addi	x25,-4	 x25:0x90000000 x25=0x8ffffffc
       44165000	      4317	80000fa8	30000393	addi	x7,x0,768	  x0:0x00000000  x7=0x00000300
       44175000	      4318	80000fac	03a2	c.slli	x7,0x8	  x7:0x00000300  x7=0x00030000
       44185000	      4319	80000fae	038d	c.addi	x7,3	  x7:0x00030000  x7=0x00030003
       44195000	      4320	80000fb0	007ca023	sw	x7,0(x25)	 x25:0x8ffffffc  x7:0x00030003 PA:0x8ffffffc store:0x00030003 load:0x00000000
       44205000	      4321	80000fb4	300023f3	csrrs	x7,mstatus,x0	  x0:0x00000000  x7=0x00001880
       44215000	      4322	80000fb8	007ca023	sw	x7,0(x25)	 x25:0x8ffffffc  x7:0x00001880 PA:0x8ffffffc store:0x00001880 load:0x00000000
       44225000	      4323	80000fbc	90000cb7	lui	x25,0x90000	 x25=0x90000000
       44235000	      4324	80000fc0	1cf1	c.addi	x25,-4	 x25:0x90000000 x25=0x8ffffffc
       44245000	      4325	80000fc2	34200393	addi	x7,x0,834	  x0:0x00000000  x7=0x00000342
       44255000	      4326	80000fc6	03a2	c.slli	x7,0x8	  x7:0x00000342  x7=0x00034200
       44265000	      4327	80000fc8	038d	c.addi	x7,3	  x7:0x00034200  x7=0x00034203
       44275000	      4328	80000fca	007ca023	sw	x7,0(x25)	 x25:0x8ffffffc  x7:0x00034203 PA:0x8ffffffc store:0x00034203 load:0x00000000
       44285000	      4329	80000fce	342023f3	csrrs	x7,mcause,x0	  x0:0x00000000  x7=0x8000000b
       44295000	      4330	80000fd2	007ca023	sw	x7,0(x25)	 x25:0x8ffffffc  x7:0x8000000b PA:0x8ffffffc store:0x8000000b load:0x00000000
       44305000	      4331	80000fd6	90000cb7	lui	x25,0x90000	 x25=0x90000000
       44315000	      4332	80000fda	1cf1	c.addi	x25,-4	 x25:0x90000000 x25=0x8ffffffc
       44325000	      4333	80000fdc	30400393	addi	x7,x0,772	  x0:0x00000000  x7=0x00000304
       44335000	      4334	80000fe0	03a2	c.slli	x7,0x8	  x7:0x00000304  x7=0x00030400
       44345000	      4335	80000fe2	038d	c.addi	x7,3	  x7:0x00030400  x7=0x00030403
       44355000	      4336	80000fe4	007ca023	sw	x7,0(x25)	 x25:0x8ffffffc  x7:0x00030403 PA:0x8ffffffc store:0x00030403 load:0x00000000
       44365000	      4337	80000fe8	304023f3	csrrs	x7,mie,x0	  x0:0x00000000  x7=0x75d90888
       44375000	      4338	80000fec	007ca023	sw	x7,0(x25)	 x25:0x8ffffffc  x7:0x75d90888 PA:0x8ffffffc store:0x75d90888 load:0x00000000
       44385000	      4339	80000ff0	90000cb7	lui	x25,0x90000	 x25=0x90000000
       44395000	      4340	80000ff4	1cf1	c.addi	x25,-4	 x25:0x90000000 x25=0x8ffffffc
       44405000	      4341	80000ff6	34400393	addi	x7,x0,836	  x0:0x00000000  x7=0x00000344
       44415000	      4342	80000ffa	03a2	c.slli	x7,0x8	  x7:0x00000344  x7=0x00034400
       44425000	      4343	80000ffc	038d	c.addi	x7,3	  x7:0x00034400  x7=0x00034403
       44435000	      4344	80000ffe	007ca023	sw	x7,0(x25)	 x25:0x8ffffffc  x7:0x00034403 PA:0x8ffffffc store:0x00034403 load:0x00000000
       44445000	      4345	80001002	344023f3	csrrs	x7,mip,x0	  x0:0x00000000  x7=0x00000000
       44455000	      4346	80001006	007ca023	sw	x7,0(x25)	 x25:0x8ffffffc  x7:0x00000000 PA:0x8ffffffc store:0x00000000 load:0x00000000
       44465000	      4347	8000100a	3aa1106f	jal	x0,800123b4	  x0=0x00000000
       44485000	      4349	800123b4	300023f3	csrrs	x7,mstatus,x0	  x0:0x00000000  x7=0x00001880
       44495000	      4350	800123b8	304023f3	csrrs	x7,mie,x0	  x0:0x00000000  x7=0x75d90888
       44505000	      4351	800123bc	344023f3	csrrs	x7,mip,x0	  x0:0x00000000  x7=0x00000000
       44515000	      4352	800123c0	3443b3f3	csrrc	x7,mip,x7	  x7:0x00000000  x7=0x00000000
       44545000	      4355	800123c4	90000cb7	lui	x25,0x90000	 x25=0x90000000
       44555000	      4356	800123c8	1cf1	c.addi	x25,-4	 x25:0x90000000 x25=0x8ffffffc
       44565000	      4357	800123ca	439d	c.li	x7,7	  x7=0x00000007
       44575000	      4358	800123cc	03a2	c.slli	x7,0x8	  x7:0x00000007  x7=0x00000700
       44585000	      4359	800123ce	00038393	addi	x7,x7,0	  x7:0x00000700  x7=0x00000700
       44595000	      4360	800123d2	007ca023	sw	x7,0(x25)	 x25:0x8ffffffc  x7:0x00000700 PA:0x8ffffffc store:0x00000700 load:0x00000000
       44605000	      4361	800123d6	00060e33	add	x28,x12,x0	 x12:0x8002cc60  x0:0x00000000 x28=0x8002cc60
       44615000	      4362	800123da	004e2083	lw	x1,4(x28)	 x28:0x8002cc60  x1=0x00005253 PA:0x8002cc64 load:0x00005253
       44625000	      4363	800123de	008e2103	lw	x2,8(x28)	 x28:0x8002cc60  x2=0x2000a399 PA:0x8002cc68 load:0x2000a399
       44635000	      4364	800123e2	00ce2183	lw	x3,12(x28)	 x28:0x8002cc60  x3=0x0000e8e9 PA:0x8002cc6c load:0x0000e8e9
       44645000	      4365	800123e6	010e2203	lw	x4,16(x28)	 x28:0x8002cc60  x4=0x000000be PA:0x8002cc70 load:0x000000be
       44655000	      4366	800123ea	014e2283	lw	x5,20(x28)	 x28:0x8002cc60  x5=0x8000399e PA:0x8002cc74 load:0x8000399e
       44665000	      4367	800123ee	018e2303	lw	x6,24(x28)	 x28:0x8002cc60  x6=0x00003e3f PA:0x8002cc78 load:0x00003e3f
       44675000	      4368	800123f2	01ce2383	lw	x7,28(x28)	 x28:0x8002cc60  x7=0xffff8002 PA:0x8002cc7c load:0xffff8002
       44685000	      4369	800123f6	020e2403	lw	x8,32(x28)	 x28:0x8002cc60  x8=0x80000000 PA:0x8002cc80 load:0x80000000
       44695000	      4370	800123fa	024e2483	lw	x9,36(x28)	 x28:0x8002cc60  x9=0x00000000 PA:0x8002cc84 load:0x00000000
       44705000	      4371	800123fe	028e2503	lw	x10,40(x28)	 x28:0x8002cc60 x10=0x8002cce3 PA:0x8002cc88 load:0x8002cce3
       44715000	      4372	80012402	02ce2583	lw	x11,44(x28)	 x28:0x8002cc60 x11=0x00000001 PA:0x8002cc8c load:0x00000001
       44725000	      4373	80012406	030e2603	lw	x12,48(x28)	 x28:0x8002cc60 x12=0x8002cce0 PA:0x8002cc90 load:0x8002cce0
       44735000	      4374	8001240a	034e2683	lw	x13,52(x28)	 x28:0x8002cc60 x13=0x00000000 PA:0x8002cc94 load:0x00000000
       44745000	      4375	8001240e	038e2703	lw	x14,56(x28)	 x28:0x8002cc60 x14=0x00000001 PA:0x8002cc98 load:0x00000001
       44755000	      4376	80012412	03ce2783	lw	x15,60(x28)	 x28:0x8002cc60 x15=0x8002cce2 PA:0x8002cc9c load:0x8002cce2
       44765000	      4377	80012416	040e2803	lw	x16,64(x28)	 x28:0x8002cc60 x16=0x0000003f PA:0x8002cca0 load:0x0000003f
       44775000	      4378	8001241a	044e2883	lw	x17,68(x28)	 x28:0x8002cc60 x17=0x00000036 PA:0x8002cca4 load:0x00000036
       44785000	      4379	8001241e	048e2903	lw	x18,72(x28)	 x28:0x8002cc60 x18=0x800131c8 PA:0x8002cca8 load:0x800131c8
       44795000	      4380	80012422	04ce2983	lw	x19,76(x28)	 x28:0x8002cc60 x19=0x0000002e PA:0x8002ccac load:0x0000002e
       44805000	      4381	80012426	050e2a03	lw	x20,80(x28)	 x28:0x8002cc60 x20=0xa6cf0000 PA:0x8002ccb0 load:0xa6cf0000
       44815000	      4382	8001242a	054e2a83	lw	x21,84(x28)	 x28:0x8002cc60 x21=0x00000022 PA:0x8002ccb4 load:0x00000022
       44825000	      4383	8001242e	058e2b03	lw	x22,88(x28)	 x28:0x8002cc60 x22=0x00000022 PA:0x8002ccb8 load:0x00000022
       44835000	      4384	80012432	05ce2b83	lw	x23,92(x28)	 x28:0x8002cc60 x23=0x0000009b PA:0x8002ccbc load:0x0000009b
       44845000	      4385	80012436	060e2c03	lw	x24,96(x28)	 x28:0x8002cc60 x24=0x0000005f PA:0x8002ccc0 load:0x0000005f
       44855000	      4386	8001243a	064e2c83	lw	x25,100(x28)	 x28:0x8002cc60 x25=0x0000001e PA:0x8002ccc4 load:0x0000001e
       44865000	      4387	8001243e	068e2d03	lw	x26,104(x28)	 x28:0x8002cc60 x26=0x000000a8 PA:0x8002ccc8 load:0x000000a8
       44875000	      4388	80012442	06ce2d83	lw	x27,108(x28)	 x28:0x8002cc60 x27=0x000000be PA:0x8002cccc load:0x000000be
       44885000	      4389	80012446	070e2e03	lw	x28,112(x28)	 x28:0x8002cc60 x28=0x8002cc60 PA:0x8002ccd0 load:0x8002cc60
       44905000	      4391	8001244a	074e2e83	lw	x29,116(x28)	 x28:0x8002cc60 x29=0x00000024 PA:0x8002ccd4 load:0x00000024
       44915000	      4392	8001244e	078e2f03	lw	x30,120(x28)	 x28:0x8002cc60 x30=0x00000018 PA:0x8002ccd8 load:0x00000018
       44925000	      4393	80012452	07ce2f83	lw	x31,124(x28)	 x28:0x8002cc60 x31=0x00000089 PA:0x8002ccdc load:0x00000089
       44935000	      4394	80012456	080e0e13	addi	x28,x28,128	 x28:0x8002cc60 x28=0x8002cce0
       44945000	      4395	8001245a	000e0633	add	x12,x28,x0	 x28:0x8002cce0  x0:0x00000000 x12=0x8002cce0
       44955000	      4396	8001245e	00062e03	lw	x28,0(x12)	 x12:0x8002cce0 x28=0x80028e64 PA:0x8002cce0 load:0x80028e64
       44965000	      4397	80012462	0611	c.addi	x12,4	 x12:0x8002cce0 x12=0x8002cce4
       44975000	      4398	80012464	30200073	mret	
       45015000	      4402	8000403a	e9090b23	sb	x16,-362(x18)	 x18:0x800131c8 x16:0x0000003f PA:0x8001305e store:0x0000003f load:0x00000000
       45025000	      4403	8000403e	11095003	lhu	x0,272(x18)	 x18:0x800131c8  x0=0x00000000 PA:0x800132d8 load:0x00009293
       45035000	      4404	80004042	1c891e23	sh	x8,476(x18)	 x18:0x800131c8  x8:0x80000000 PA:0x800133a4 store:0x80000000 load:0x00000000
       45045000	      4405	80004046	fd1905a3	sb	x17,-53(x18)	 x18:0x800131c8 x17:0x00000036 PA:0x80013193 store:0x00000036 load:0x00000000
       45055000	      4406	8000404a	79194583	lbu	x11,1937(x18)	 x18:0x800131c8 x11=0x00000012 PA:0x80013959 load:0x00000012
       45425000	      4443	8000404e	031ff4b3	remu	x9,x31,x17	 x31:0x00000089 x17:0x00000036  x9=0x0000001d
       45435000	      4444	80004052	6c094703	lbu	x14,1728(x18)	 x18:0x800131c8 x14=0x00000043 PA:0x80013888 load:0x00000043
       45445000	      4445	80004056	50fd	c.li	x1,-1	  x1=0xffffffff
       45455000	      4446	80004058	f4b94783	lbu	x15,-181(x18)	 x18:0x800131c8 x15=0x000000c8 PA:0x80013113 load:0x000000c8
       45465000	      4447	8000405c	faab0113	addi	x2,x22,-86	 x22:0x00000022  x2=0xffffffcc
       45475000	      4448	80004060	5df903a3	sb	x31,1479(x18)	 x18:0x800131c8 x31:0x00000089 PA:0x8001378f store:0x00000089 load:0x00000000
       45485000	      4449	80004064	1da91783	lh	x15,474(x18)	 x18:0x800131c8 x15=0x00005859 PA:0x800133a2 load:0x00005859
       45495000	      4450	80004068	33492d83	lw	x27,820(x18)	 x18:0x800131c8 x27=0xb4b5b6b7 PA:0x800134fc load:0xb4b5b6b7
       45505000	      4451	8000406c	0e690f03	lb	x30,230(x18)	 x18:0x800131c8 x30=0x00000065 PA:0x800132ae load:0x00000065
       45515000	      4452	80004070	0001b117	auipc	x2,0x1b	  x2=0x8001f070
       45525000	      4453	80004074	82910113	addi	x2,x2,-2007	  x2:0x8001f070  x2=0x8001e899
       45535000	      4454	80004078	01a10da3	sb	x26,27(x2)	  x2:0x8001e899 x26:0x000000a8 PA:0x8001e8b4 store:0x000000a8 load:0x00000000
       45545000	      4455	8000407c	00e12da3	sw	x14,27(x2)	  x2:0x8001e899 x14:0x00000043 PA:0x8001e8b4 store:0x00000043 load:0x00000000
       45555000	      4456	80004080	34095ef3	csrrwi	x29,mscratch,18	 x29=0x000000be
       45565000	      4457	80004084	00910aa3	sb	x9,21(x2)	  x2:0x8001e899  x9:0x0000001d PA:0x8001e8ae store:0x0000001d load:0x00000000
       45575000	      4458	80004088	00810b23	sb	x8,22(x2)	  x2:0x8001e899  x8:0x80000000 PA:0x8001e8af store:0x80000000 load:0x00000000
       45585000	      4459	8000408c	01614703	lbu	x14,22(x2)	  x2:0x8001e899 x14=0x00000000 PA:0x8001e8af load:0x00000000
       45595000	      4460	80004090	01610d83	lb	x27,22(x2)	  x2:0x8001e899 x27=0x00000000 PA:0x8001e8af load:0x00000000
       45605000	      4461	80004094	01610803	lb	x16,22(x2)	  x2:0x8001e899 x16=0x00000000 PA:0x8001e8af load:0x00000000
       45615000	      4462	80004098	90e6	c.add	x1,x25	  x1:0xffffffff x25:0x0000001e  x1=0x0000001d
       45625000	      4463	8000409a	0030c333	xor	x6,x1,x3	  x1:0x0000001d  x3:0x0000e8e9  x6=0x0000e8f4
       45635000	      4464	8000409e	fef10483	lb	x9,-17(x2)	  x2:0x8001e899  x9=0x00000043 PA:0x8001e888 load:0x00000043
       45645000	      4465	800040a2	340bd0f3	csrrwi	x1,mscratch,23	  x1=0x00000012
       45655000	      4466	800040a6	ff4107a3	sb	x20,-17(x2)	  x2:0x8001e899 x20:0xa6cf0000 PA:0x8001e888 store:0xa6cf0000 load:0x00000000
       46025000	      4503	800040aa	022349b3	div	x19,x6,x2	  x6:0x0000e8f4  x2:0x8001e899 x19=0x00000000
       46035000	      4504	800040ae	ffb107a3	sb	x27,-17(x2)	  x2:0x8001e899 x27:0x00000000 PA:0x8001e888 store:0x00000000 load:0x00000000
       46045000	      4505	800040b2	0000100f	fence.i	
       46075000	      4508	800040b6	fef14483	lbu	x9,-17(x2)	  x2:0x8001e899  x9=0x00000000 PA:0x8001e888 load:0x00000000
       46085000	      4509	800040ba	fc110c03	lb	x24,-63(x2)	  x2:0x8001e899 x24=0x00000011 PA:0x8001e85a load:0x00000011
       46095000	      4510	800040be	fc111f83	lh	x31,-63(x2)	  x2:0x8001e899 x31=0x00001011 PA:0x8001e85a load:0x00001011
       46105000	      4511	800040c2	0001	c.addi	x0,0	  x0:0x00000000  x0=0x00000000
       46115000	      4512	800040c4	fc115c83	lhu	x25,-63(x2)	  x2:0x8001e899 x25=0x00001011 PA:0x8001e85a load:0x00001011
       46125000	      4513	800040c8	03715f03	lhu	x30,55(x2)	  x2:0x8001e899 x30=0x00008a8b PA:0x8001e8d0 load:0x00008a8b
       46135000	      4514	800040cc	02a10ba3	sb	x10,55(x2)	  x2:0x8001e899 x10:0x8002cce3 PA:0x8001e8d0 store:0x8002cce3 load:0x00000000
       46145000	      4515	800040d0	0000f117	auipc	x2,0xf	  x2=0x800130d0
       46155000	      4516	800040d4	72810113	addi	x2,x2,1832	  x2:0x800130d0  x2=0x800137f8
       46165000	      4517	800040d8	4b114703	lbu	x14,1201(x2)	  x2:0x800137f8 x14=0x00000062 PA:0x80013ca9 load:0x00000062
       46175000	      4518	800040dc	a2310083	lb	x1,-1501(x2)	  x2:0x800137f8  x1=0xffffffd0 PA:0x8001321b load:0xffffffd0
       46185000	      4519	800040e0	d1f10a23	sb	x31,-748(x2)	  x2:0x800137f8 x31:0x00001011 PA:0x8001350c store:0x00001011 load:0x00000000
       46195000	      4520	800040e4	d1711a23	sh	x23,-748(x2)	  x2:0x800137f8 x23:0x0000009b PA:0x8001350c store:0x0000009b load:0x00000000
       46205000	      4521	800040e8	d1211a23	sh	x18,-748(x2)	  x2:0x800137f8 x18:0x800131c8 PA:0x8001350c store:0x800131c8 load:0x00000000
       46215000	      4522	800040ec	d1414e83	lbu	x29,-748(x2)	  x2:0x800137f8 x29=0x000000c8 PA:0x8001350c load:0x000000c8
       46225000	      4523	800040f0	d1415583	lhu	x11,-748(x2)	  x2:0x800137f8 x11=0x000031c8 PA:0x8001350c load:0x000031c8
       46235000	      4524	800040f4	24912c23	sw	x9,600(x2)	  x2:0x800137f8  x9:0x00000000 PA:0x80013a50 store:0x00000000 load:0x00000000
       46245000	      4525	800040f8	6c810923	sb	x8,1746(x2)	  x2:0x800137f8  x8:0x80000000 PA:0x80013eca store:0x80000000 load:0x00000000
       46255000	      4526	800040fc	00b91a33	sll	x20,x18,x11	 x18:0x800131c8 x11:0x000031c8 x20=0x0131c800
       46265000	      4527	80004100	c4a14b03	lbu	x22,-950(x2)	  x2:0x800137f8 x22=0x000000f9 PA:0x80013442 load:0x000000f9
       46275000	      4528	80004104	c4a10483	lb	x9,-950(x2)	  x2:0x800137f8  x9=0xfffffff9 PA:0x80013442 load:0xfffffff9
       46285000	      4529	80004108	97810303	lb	x6,-1672(x2)	  x2:0x800137f8  x6=0x0000002b PA:0x80013170 load:0x0000002b
       46295000	      4530	8000410c	69611d23	sh	x22,1690(x2)	  x2:0x800137f8 x22:0x000000f9 PA:0x80013e92 store:0x000000f9 load:0x00000000
       46305000	      4531	80004110	f6260093	addi	x1,x12,-158	 x12:0x8002cce4  x1=0x8002cc46
       46315000	      4532	80004114	68211d23	sh	x2,1690(x2)	  x2:0x800137f8  x2:0x800137f8 PA:0x80013e92 store:0x800137f8 load:0x00000000
       46325000	      4533	80004118	d7710323	sb	x23,-666(x2)	  x2:0x800137f8 x23:0x0000009b PA:0x8001355e store:0x0000009b load:0x00000000
       46335000	      4534	8000411c	30b10683	lb	x13,779(x2)	  x2:0x800137f8 x13=0xffffffb8 PA:0x80013b03 load:0xffffffb8
       46345000	      4535	80004120	3405a4f3	csrrs	x9,mscratch,x11	 x11:0x000031c8  x9=0x00000017
       46355000	      4536	80004124	30b10203	lb	x4,779(x2)	  x2:0x800137f8  x4=0xffffffb8 PA:0x80013b03 load:0xffffffb8
       46365000	      4537	80004128	0000fa17	auipc	x20,0xf	 x20=0x80013128
       46375000	      4538	8000412c	f8ca0a13	addi	x20,x20,-116	 x20:0x80013128 x20=0x800130b4
       46385000	      4539	80004130	000a2f83	lw	x31,0(x20)	 x20:0x800130b4 x31=0x6c6d6e6f PA:0x800130b4 load:0x6c6d6e6f
       46395000	      4540	80004134	40dad293	srai	x5,x21,0xd	 x21:0x00000022  x5=0x00000000
       46405000	      4541	80004138	002a0283	lb	x5,2(x20)	 x20:0x800130b4  x5=0x0000006d PA:0x800130b6 load:0x0000006d
       46415000	      4542	8000413c	47b1	c.li	x15,12	 x15=0x0000000c
       46445000	      4545	8000413e	02f68fb3	mul	x31,x13,x15	 x13:0xffffffb8 x15:0x0000000c x31=0xfffffca0
       46455000	      4546	80004142	340afff3	csrrci	x31,mscratch,21	 x31=0x000031df
       46465000	      4547	80004146	010a0283	lb	x5,16(x20)	 x20:0x800130b4  x5=0x0000007f PA:0x800130c4 load:0x0000007f
       46475000	      4548	8000414a	34073773	csrrc	x14,mscratch,x14	 x14:0x00000062 x14=0x000031ca
       46485000	      4549	8000414e	1ffd	c.addi	x31,-1	 x31:0x000031df x31=0x000031de
       46515000	      4552	80004150	025f87b3	mul	x15,x31,x5	 x31:0x000031de  x5:0x0000007f x15=0x0018bd22
       46525000	      4553	80004154	40d28733	sub	x14,x5,x13	  x5:0x0000007f x13:0xffffffb8 x14=0x000000c7
       46535000	      4554	80004158	ac487697	auipc	x13,0xac487	 x13=0x2c48b158
       46545000	      4555	8000415c	34073af3	csrrc	x21,mscratch,x14	 x14:0x000000c7 x21=0x00003188
       46555000	      4556	80004160	d176f293	andi	x5,x13,-745	 x13:0x2c48b158  x5=0x2c48b110
       46565000	      4557	80004164	039a4283	lbu	x5,57(x20)	 x20:0x800130b4  x5=0x000000a6 PA:0x800130ed load:0x000000a6
       46575000	      4558	80004168	ff2a1f83	lh	x31,-14(x20)	 x20:0x800130b4 x31=0x00005c5d PA:0x800130a6 load:0x00005c5d
       46585000	      4559	8000416c	fe5a1f23	sh	x5,-2(x20)	 x20:0x800130b4  x5:0x000000a6 PA:0x800130b2 store:0x000000a6 load:0x00000000
       46955000	      4596	80004170	02e7c2b3	div	x5,x15,x14	 x15:0x0018bd22 x14:0x000000c7  x5=0x00001fd3
       46995000	      4600	8000272c	fcafe06f	jal	x0,80000ef6	  x0=0x00000000
       47015000	      4602	80000ef6	1671	c.addi	x12,-4	 x12:0x8002cce4 x12=0x8002cce0
       47025000	      4603	80000ef8	01c62023	sw	x28,0(x12)	 x12:0x8002cce0 x28:0x80028e64 PA:0x8002cce0 store:0x80028e64 load:0x00000000
       47035000	      4604	80000efc	00060e33	add	x28,x12,x0	 x12:0x8002cce0  x0:0x00000000 x28=0x8002cce0
       47045000	      4605	80000f00	f80e0e13	addi	x28,x28,-128	 x28:0x8002cce0 x28=0x8002cc60
       47055000	      4606	80000f04	001e2223	sw	x1,4(x28)	 x28:0x8002cc60  x1:0x8002cc46 PA:0x8002cc64 store:0x8002cc46 load:0x00000000
       47065000	      4607	80000f08	002e2423	sw	x2,8(x28)	 x28:0x8002cc60  x2:0x800137f8 PA:0x8002cc68 store:0x800137f8 load:0x00000000
       47075000	      4608	80000f0c	003e2623	sw	x3,12(x28)	 x28:0x8002cc60  x3:0x0000e8e9 PA:0x8002cc6c store:0x0000e8e9 load:0x00000000
       47085000	      4609	80000f10	004e2823	sw	x4,16(x28)	 x28:0x8002cc60  x4:0xffffffb8 PA:0x8002cc70 store:0xffffffb8 load:0x00000000
       47095000	      4610	80000f14	005e2a23	sw	x5,20(x28)	 x28:0x8002cc60  x5:0x00001fd3 PA:0x8002cc74 store:0x00001fd3 load:0x00000000
       47105000	      4611	80000f18	006e2c23	sw	x6,24(x28)	 x28:0x8002cc60  x6:0x0000002b PA:0x8002cc78 store:0x0000002b load:0x00000000
       47115000	      4612	80000f1c	007e2e23	sw	x7,28(x28)	 x28:0x8002cc60  x7:0xffff8002 PA:0x8002cc7c store:0xffff8002 load:0x00000000
       47125000	      4613	80000f20	028e2023	sw	x8,32(x28)	 x28:0x8002cc60  x8:0x80000000 PA:0x8002cc80 store:0x80000000 load:0x00000000
       47135000	      4614	80000f24	029e2223	sw	x9,36(x28)	 x28:0x8002cc60  x9:0x00000017 PA:0x8002cc84 store:0x00000017 load:0x00000000
       47145000	      4615	80000f28	02ae2423	sw	x10,40(x28)	 x28:0x8002cc60 x10:0x8002cce3 PA:0x8002cc88 store:0x8002cce3 load:0x00000000
       47155000	      4616	80000f2c	02be2623	sw	x11,44(x28)	 x28:0x8002cc60 x11:0x000031c8 PA:0x8002cc8c store:0x000031c8 load:0x00000000
       47165000	      4617	80000f30	02ce2823	sw	x12,48(x28)	 x28:0x8002cc60 x12:0x8002cce0 PA:0x8002cc90 store:0x8002cce0 load:0x00000000
       47175000	      4618	80000f34	02de2a23	sw	x13,52(x28)	 x28:0x8002cc60 x13:0x2c48b158 PA:0x8002cc94 store:0x2c48b158 load:0x00000000
       47185000	      4619	80000f38	02ee2c23	sw	x14,56(x28)	 x28:0x8002cc60 x14:0x000000c7 PA:0x8002cc98 store:0x000000c7 load:0x00000000
       47195000	      4620	80000f3c	02fe2e23	sw	x15,60(x28)	 x28:0x8002cc60 x15:0x0018bd22 PA:0x8002cc9c store:0x0018bd22 load:0x00000000
       47205000	      4621	80000f40	050e2023	sw	x16,64(x28)	 x28:0x8002cc60 x16:0x00000000 PA:0x8002cca0 store:0x00000000 load:0x00000000
       47215000	      4622	80000f44	051e2223	sw	x17,68(x28)	 x28:0x8002cc60 x17:0x00000036 PA:0x8002cca4 store:0x00000036 load:0x00000000
       47225000	      4623	80000f48	052e2423	sw	x18,72(x28)	 x28:0x8002cc60 x18:0x800131c8 PA:0x8002cca8 store:0x800131c8 load:0x00000000
       47235000	      4624	80000f4c	053e2623	sw	x19,76(x28)	 x28:0x8002cc60 x19:0x00000000 PA:0x8002ccac store:0x00000000 load:0x00000000
       47245000	      4625	80000f50	054e2823	sw	x20,80(x28)	 x28:0x8002cc60 x20:0x800130b4 PA:0x8002ccb0 store:0x800130b4 load:0x00000000
       47255000	      4626	80000f54	055e2a23	sw	x21,84(x28)	 x28:0x8002cc60 x21:0x00003188 PA:0x8002ccb4 store:0x00003188 load:0x00000000
       47265000	      4627	80000f58	056e2c23	sw	x22,88(x28)	 x28:0x8002cc60 x22:0x000000f9 PA:0x8002ccb8 store:0x000000f9 load:0x00000000
       47275000	      4628	80000f5c	057e2e23	sw	x23,92(x28)	 x28:0x8002cc60 x23:0x0000009b PA:0x8002ccbc store:0x0000009b load:0x00000000
       47285000	      4629	80000f60	078e2023	sw	x24,96(x28)	 x28:0x8002cc60 x24:0x00000011 PA:0x8002ccc0 store:0x00000011 load:0x00000000
       47295000	      4630	80000f64	079e2223	sw	x25,100(x28)	 x28:0x8002cc60 x25:0x00001011 PA:0x8002ccc4 store:0x00001011 load:0x00000000
       47305000	      4631	80000f68	07ae2423	sw	x26,104(x28)	 x28:0x8002cc60 x26:0x000000a8 PA:0x8002ccc8 store:0x000000a8 load:0x00000000
       47315000	      4632	80000f6c	07be2623	sw	x27,108(x28)	 x28:0x8002cc60 x27:0x00000000 PA:0x8002cccc store:0x00000000 load:0x00000000
       47325000	      4633	80000f70	07ce2823	sw	x28,112(x28)	 x28:0x8002cc60 x28:0x8002cc60 PA:0x8002ccd0 store:0x8002cc60 load:0x00000000
       47335000	      4634	80000f74	07de2a23	sw	x29,116(x28)	 x28:0x8002cc60 x29:0x000000c8 PA:0x8002ccd4 store:0x000000c8 load:0x00000000
       47345000	      4635	80000f78	07ee2c23	sw	x30,120(x28)	 x28:0x8002cc60 x30:0x00008a8b PA:0x8002ccd8 store:0x00008a8b load:0x00000000
       47355000	      4636	80000f7c	07fe2e23	sw	x31,124(x28)	 x28:0x8002cc60 x31:0x00005c5d PA:0x8002ccdc store:0x00005c5d load:0x00000000
       47365000	      4637	80000f80	000e0633	add	x12,x28,x0	 x28:0x8002cc60  x0:0x00000000 x12=0x8002cc60
       47375000	      4638	80000f84	90000cb7	lui	x25,0x90000	 x25=0x90000000
       47385000	      4639	80000f88	1cf1	c.addi	x25,-4	 x25:0x90000000 x25=0x8ffffffc
       47395000	      4640	80000f8a	4399	c.li	x7,6	  x7=0x00000006
       47405000	      4641	80000f8c	03a2	c.slli	x7,0x8	  x7:0x00000006  x7=0x00000600
       47415000	      4642	80000f8e	00038393	addi	x7,x7,0	  x7:0x00000600  x7=0x00000600
       47425000	      4643	80000f92	007ca023	sw	x7,0(x25)	 x25:0x8ffffffc  x7:0x00000600 PA:0x8ffffffc store:0x00000600 load:0x00000000
       47435000	      4644	80000f96	342023f3	csrrs	x7,mcause,x0	  x0:0x00000000  x7=0x8000000b
       47445000	      4645	80000f9a	01f3d393	srli	x7,x7,0x1f	  x7:0x8000000b  x7=0x00000001
       47455000	      4646	80000f9e	06038863	beq	x7,x0,8000100e	  x7:0x00000001  x0:0x00000000
       47465000	      4647	80000fa2	90000cb7	lui	x25,0x90000	 x25=0x90000000
       47475000	      4648	80000fa6	1cf1	c.addi	x25,-4	 x25:0x90000000 x25=0x8ffffffc
       47485000	      4649	80000fa8	30000393	addi	x7,x0,768	  x0:0x00000000  x7=0x00000300
       47495000	      4650	80000fac	03a2	c.slli	x7,0x8	  x7:0x00000300  x7=0x00030000
       47505000	      4651	80000fae	038d	c.addi	x7,3	  x7:0x00030000  x7=0x00030003
       47515000	      4652	80000fb0	007ca023	sw	x7,0(x25)	 x25:0x8ffffffc  x7:0x00030003 PA:0x8ffffffc store:0x00030003 load:0x00000000
       47525000	      4653	80000fb4	300023f3	csrrs	x7,mstatus,x0	  x0:0x00000000  x7=0x00001880
       47535000	      4654	80000fb8	007ca023	sw	x7,0(x25)	 x25:0x8ffffffc  x7:0x00001880 PA:0x8ffffffc store:0x00001880 load:0x00000000
       47545000	      4655	80000fbc	90000cb7	lui	x25,0x90000	 x25=0x90000000
       47555000	      4656	80000fc0	1cf1	c.addi	x25,-4	 x25:0x90000000 x25=0x8ffffffc
       47565000	      4657	80000fc2	34200393	addi	x7,x0,834	  x0:0x00000000  x7=0x00000342
       47575000	      4658	80000fc6	03a2	c.slli	x7,0x8	  x7:0x00000342  x7=0x00034200
       47585000	      4659	80000fc8	038d	c.addi	x7,3	  x7:0x00034200  x7=0x00034203
       47595000	      4660	80000fca	007ca023	sw	x7,0(x25)	 x25:0x8ffffffc  x7:0x00034203 PA:0x8ffffffc store:0x00034203 load:0x00000000
       47605000	      4661	80000fce	342023f3	csrrs	x7,mcause,x0	  x0:0x00000000  x7=0x8000000b
       47615000	      4662	80000fd2	007ca023	sw	x7,0(x25)	 x25:0x8ffffffc  x7:0x8000000b PA:0x8ffffffc store:0x8000000b load:0x00000000
       47625000	      4663	80000fd6	90000cb7	lui	x25,0x90000	 x25=0x90000000
       47635000	      4664	80000fda	1cf1	c.addi	x25,-4	 x25:0x90000000 x25=0x8ffffffc
       47645000	      4665	80000fdc	30400393	addi	x7,x0,772	  x0:0x00000000  x7=0x00000304
       47655000	      4666	80000fe0	03a2	c.slli	x7,0x8	  x7:0x00000304  x7=0x00030400
       47665000	      4667	80000fe2	038d	c.addi	x7,3	  x7:0x00030400  x7=0x00030403
       47675000	      4668	80000fe4	007ca023	sw	x7,0(x25)	 x25:0x8ffffffc  x7:0x00030403 PA:0x8ffffffc store:0x00030403 load:0x00000000
       47685000	      4669	80000fe8	304023f3	csrrs	x7,mie,x0	  x0:0x00000000  x7=0x75d90888
       47695000	      4670	80000fec	007ca023	sw	x7,0(x25)	 x25:0x8ffffffc  x7:0x75d90888 PA:0x8ffffffc store:0x75d90888 load:0x00000000
       47705000	      4671	80000ff0	90000cb7	lui	x25,0x90000	 x25=0x90000000
       47715000	      4672	80000ff4	1cf1	c.addi	x25,-4	 x25:0x90000000 x25=0x8ffffffc
       47725000	      4673	80000ff6	34400393	addi	x7,x0,836	  x0:0x00000000  x7=0x00000344
       47735000	      4674	80000ffa	03a2	c.slli	x7,0x8	  x7:0x00000344  x7=0x00034400
       47745000	      4675	80000ffc	038d	c.addi	x7,3	  x7:0x00034400  x7=0x00034403
       47755000	      4676	80000ffe	007ca023	sw	x7,0(x25)	 x25:0x8ffffffc  x7:0x00034403 PA:0x8ffffffc store:0x00034403 load:0x00000000
       47765000	      4677	80001002	344023f3	csrrs	x7,mip,x0	  x0:0x00000000  x7=0x00000000
       47775000	      4678	80001006	007ca023	sw	x7,0(x25)	 x25:0x8ffffffc  x7:0x00000000 PA:0x8ffffffc store:0x00000000 load:0x00000000
       47785000	      4679	8000100a	3aa1106f	jal	x0,800123b4	  x0=0x00000000
       47805000	      4681	800123b4	300023f3	csrrs	x7,mstatus,x0	  x0:0x00000000  x7=0x00001880
       47815000	      4682	800123b8	304023f3	csrrs	x7,mie,x0	  x0:0x00000000  x7=0x75d90888
       47825000	      4683	800123bc	344023f3	csrrs	x7,mip,x0	  x0:0x00000000  x7=0x00000000
       47835000	      4684	800123c0	3443b3f3	csrrc	x7,mip,x7	  x7:0x00000000  x7=0x00000000
       47865000	      4687	800123c4	90000cb7	lui	x25,0x90000	 x25=0x90000000
       47875000	      4688	800123c8	1cf1	c.addi	x25,-4	 x25:0x90000000 x25=0x8ffffffc
       47885000	      4689	800123ca	439d	c.li	x7,7	  x7=0x00000007
       47895000	      4690	800123cc	03a2	c.slli	x7,0x8	  x7:0x00000007  x7=0x00000700
       47905000	      4691	800123ce	00038393	addi	x7,x7,0	  x7:0x00000700  x7=0x00000700
       47915000	      4692	800123d2	007ca023	sw	x7,0(x25)	 x25:0x8ffffffc  x7:0x00000700 PA:0x8ffffffc store:0x00000700 load:0x00000000
       47925000	      4693	800123d6	00060e33	add	x28,x12,x0	 x12:0x8002cc60  x0:0x00000000 x28=0x8002cc60
       47935000	      4694	800123da	004e2083	lw	x1,4(x28)	 x28:0x8002cc60  x1=0x8002cc46 PA:0x8002cc64 load:0x8002cc46
       47945000	      4695	800123de	008e2103	lw	x2,8(x28)	 x28:0x8002cc60  x2=0x800137f8 PA:0x8002cc68 load:0x800137f8
       47955000	      4696	800123e2	00ce2183	lw	x3,12(x28)	 x28:0x8002cc60  x3=0x0000e8e9 PA:0x8002cc6c load:0x0000e8e9
       47965000	      4697	800123e6	010e2203	lw	x4,16(x28)	 x28:0x8002cc60  x4=0xffffffb8 PA:0x8002cc70 load:0xffffffb8
       47975000	      4698	800123ea	014e2283	lw	x5,20(x28)	 x28:0x8002cc60  x5=0x00001fd3 PA:0x8002cc74 load:0x00001fd3
       47985000	      4699	800123ee	018e2303	lw	x6,24(x28)	 x28:0x8002cc60  x6=0x0000002b PA:0x8002cc78 load:0x0000002b
       47995000	      4700	800123f2	01ce2383	lw	x7,28(x28)	 x28:0x8002cc60  x7=0xffff8002 PA:0x8002cc7c load:0xffff8002
       48005000	      4701	800123f6	020e2403	lw	x8,32(x28)	 x28:0x8002cc60  x8=0x80000000 PA:0x8002cc80 load:0x80000000
       48015000	      4702	800123fa	024e2483	lw	x9,36(x28)	 x28:0x8002cc60  x9=0x00000017 PA:0x8002cc84 load:0x00000017
       48025000	      4703	800123fe	028e2503	lw	x10,40(x28)	 x28:0x8002cc60 x10=0x8002cce3 PA:0x8002cc88 load:0x8002cce3
       48035000	      4704	80012402	02ce2583	lw	x11,44(x28)	 x28:0x8002cc60 x11=0x000031c8 PA:0x8002cc8c load:0x000031c8
       48045000	      4705	80012406	030e2603	lw	x12,48(x28)	 x28:0x8002cc60 x12=0x8002cce0 PA:0x8002cc90 load:0x8002cce0
       48055000	      4706	8001240a	034e2683	lw	x13,52(x28)	 x28:0x8002cc60 x13=0x2c48b158 PA:0x8002cc94 load:0x2c48b158
       48065000	      4707	8001240e	038e2703	lw	x14,56(x28)	 x28:0x8002cc60 x14=0x000000c7 PA:0x8002cc98 load:0x000000c7
       48075000	      4708	80012412	03ce2783	lw	x15,60(x28)	 x28:0x8002cc60 x15=0x0018bd22 PA:0x8002cc9c load:0x0018bd22
       48085000	      4709	80012416	040e2803	lw	x16,64(x28)	 x28:0x8002cc60 x16=0x00000000 PA:0x8002cca0 load:0x00000000
       48095000	      4710	8001241a	044e2883	lw	x17,68(x28)	 x28:0x8002cc60 x17=0x00000036 PA:0x8002cca4 load:0x00000036
       48105000	      4711	8001241e	048e2903	lw	x18,72(x28)	 x28:0x8002cc60 x18=0x800131c8 PA:0x8002cca8 load:0x800131c8
       48115000	      4712	80012422	04ce2983	lw	x19,76(x28)	 x28:0x8002cc60 x19=0x00000000 PA:0x8002ccac load:0x00000000
       48125000	      4713	80012426	050e2a03	lw	x20,80(x28)	 x28:0x8002cc60 x20=0x800130b4 PA:0x8002ccb0 load:0x800130b4
       48135000	      4714	8001242a	054e2a83	lw	x21,84(x28)	 x28:0x8002cc60 x21=0x00003188 PA:0x8002ccb4 load:0x00003188
       48145000	      4715	8001242e	058e2b03	lw	x22,88(x28)	 x28:0x8002cc60 x22=0x000000f9 PA:0x8002ccb8 load:0x000000f9
       48155000	      4716	80012432	05ce2b83	lw	x23,92(x28)	 x28:0x8002cc60 x23=0x0000009b PA:0x8002ccbc load:0x0000009b
       48165000	      4717	80012436	060e2c03	lw	x24,96(x28)	 x28:0x8002cc60 x24=0x00000011 PA:0x8002ccc0 load:0x00000011
       48175000	      4718	8001243a	064e2c83	lw	x25,100(x28)	 x28:0x8002cc60 x25=0x00001011 PA:0x8002ccc4 load:0x00001011
       48185000	      4719	8001243e	068e2d03	lw	x26,104(x28)	 x28:0x8002cc60 x26=0x000000a8 PA:0x8002ccc8 load:0x000000a8
       48195000	      4720	80012442	06ce2d83	lw	x27,108(x28)	 x28:0x8002cc60 x27=0x00000000 PA:0x8002cccc load:0x00000000
       48205000	      4721	80012446	070e2e03	lw	x28,112(x28)	 x28:0x8002cc60 x28=0x8002cc60 PA:0x8002ccd0 load:0x8002cc60
       48225000	      4723	8001244a	074e2e83	lw	x29,116(x28)	 x28:0x8002cc60 x29=0x000000c8 PA:0x8002ccd4 load:0x000000c8
       48235000	      4724	8001244e	078e2f03	lw	x30,120(x28)	 x28:0x8002cc60 x30=0x00008a8b PA:0x8002ccd8 load:0x00008a8b
       48245000	      4725	80012452	07ce2f83	lw	x31,124(x28)	 x28:0x8002cc60 x31=0x00005c5d PA:0x8002ccdc load:0x00005c5d
       48255000	      4726	80012456	080e0e13	addi	x28,x28,128	 x28:0x8002cc60 x28=0x8002cce0
       48265000	      4727	8001245a	000e0633	add	x12,x28,x0	 x28:0x8002cce0  x0:0x00000000 x12=0x8002cce0
       48275000	      4728	8001245e	00062e03	lw	x28,0(x12)	 x12:0x8002cce0 x28=0x80028e64 PA:0x8002cce0 load:0x80028e64
       48285000	      4729	80012462	0611	c.addi	x12,4	 x12:0x8002cce0 x12=0x8002cce4
       48295000	      4730	80012464	30200073	mret	
       48355000	      4736	80004174	035faab3	mulhsu	x21,x31,x21	 x31:0x00005c5d x21:0x00003188 x21=0x00000000
       48365000	      4737	80004178	fd2a5f83	lhu	x31,-46(x20)	 x20:0x800130b4 x31=0x00003c3d PA:0x80013086 load:0x00003c3d
       48375000	      4738	8000417c	fe7a0a83	lb	x21,-25(x20)	 x20:0x800130b4 x21=0x00000050 PA:0x8001309b load:0x00000050
       48385000	      4739	80004180	02da1723	sh	x13,46(x20)	 x20:0x800130b4 x13:0x2c48b158 PA:0x800130e2 store:0x2c48b158 load:0x00000000
       48395000	      4740	80004184	02ea03a3	sb	x14,39(x20)	 x20:0x800130b4 x14:0x000000c7 PA:0x800130db store:0x000000c7 load:0x00000000
       48405000	      4741	80004188	fc5a4a83	lbu	x21,-59(x20)	 x20:0x800130b4 x21=0x00000032 PA:0x80013079 load:0x00000032
       48785000	      4779	8000418c	03fad6b3	divu	x13,x21,x31	 x21:0x00000032 x31:0x00003c3d x13=0x00000000
       48795000	      4780	80004190	404adf93	srai	x31,x21,0x4	 x21:0x00000032 x31=0x00000003
       48805000	      4781	80004194	82be	c.mv	x5,x15	  x0:0x00000000 x15:0x0018bd22  x5=0x0018bd22
       48815000	      4782	80004196	0000100f	fence.i	
       48845000	      4785	8000419a	5ae6a693	slti	x13,x13,1454	 x13:0x00000000 x13=0x00000001
       48855000	      4786	8000419e	005a9fb3	sll	x31,x21,x5	 x21:0x00000032  x5:0x0018bd22 x31=0x000000c8
       48865000	      4787	800041a2	035a00a3	sb	x21,33(x20)	 x20:0x800130b4 x21:0x00000032 PA:0x800130d5 store:0x00000032 load:0x00000000
       48875000	      4788	800041a6	34007ff3	csrrci	x31,mscratch,0	 x31=0x00003108
       48885000	      4789	800041aa	005faab3	slt	x21,x31,x5	 x31:0x00003108  x5:0x0018bd22 x21=0x00000001
       48895000	      4790	800041ae	011a4783	lbu	x15,17(x20)	 x20:0x800130b4 x15=0x0000007e PA:0x800130c5 load:0x0000007e
       48945000	      4795	800041b2	02f29733	mulh	x14,x5,x15	  x5:0x0018bd22 x15:0x0000007e x14=0x00000000
       48955000	      4796	800041b6	002a0283	lb	x5,2(x20)	 x20:0x800130b4  x5=0x0000006d PA:0x800130b6 load:0x0000006d
       48965000	      4797	800041ba	fffa0aa3	sb	x31,-11(x20)	 x20:0x800130b4 x31:0x00003108 PA:0x800130a9 store:0x00003108 load:0x00000000
       48975000	      4798	800041be	4985	c.li	x19,1	 x19=0x00000001
       48985000	      4799	800041c0	8cf5	c.and	x9,x13	  x9:0x00000017 x13:0x00000001  x9=0x00000001
       48995000	      4800	800041c2	34006073	csrrsi	x0,mscratch,0	  x0=0x00000000
       49005000	      4801	800041c6	98ba	c.add	x17,x14	 x17:0x00000036 x14:0x00000000 x17=0x00000036
       49015000	      4802	800041c8	4195	c.li	x3,5	  x3=0x00000005
       49025000	      4803	800041ca	893d	c.andi	x10,15	 x10:0x8002cce3 x10=0x00000003
       49035000	      4804	800041cc	0075d393	srli	x7,x11,0x7	 x11:0x000031c8  x7=0x00000063
       49045000	      4805	800041d0	0991	c.addi	x19,4	 x19:0x00000001 x19=0x00000005
       49055000	      4806	800041d2	5c69	c.li	x24,-6	 x24=0xfffffffa
       49065000	      4807	800041d4	10500073	wfi	
       50065000	      4907	8000272c	fcafe06f	jal	x0,80000ef6	  x0=0x00000000
       50085000	      4909	80000ef6	1671	c.addi	x12,-4	 x12:0x8002cce4 x12=0x8002cce0
       50095000	      4910	80000ef8	01c62023	sw	x28,0(x12)	 x12:0x8002cce0 x28:0x80028e64 PA:0x8002cce0 store:0x80028e64 load:0x00000000
       50105000	      4911	80000efc	00060e33	add	x28,x12,x0	 x12:0x8002cce0  x0:0x00000000 x28=0x8002cce0
       50115000	      4912	80000f00	f80e0e13	addi	x28,x28,-128	 x28:0x8002cce0 x28=0x8002cc60
       50125000	      4913	80000f04	001e2223	sw	x1,4(x28)	 x28:0x8002cc60  x1:0x8002cc46 PA:0x8002cc64 store:0x8002cc46 load:0x00000000
       50135000	      4914	80000f08	002e2423	sw	x2,8(x28)	 x28:0x8002cc60  x2:0x800137f8 PA:0x8002cc68 store:0x800137f8 load:0x00000000
       50145000	      4915	80000f0c	003e2623	sw	x3,12(x28)	 x28:0x8002cc60  x3:0x00000005 PA:0x8002cc6c store:0x00000005 load:0x00000000
       50155000	      4916	80000f10	004e2823	sw	x4,16(x28)	 x28:0x8002cc60  x4:0xffffffb8 PA:0x8002cc70 store:0xffffffb8 load:0x00000000
       50165000	      4917	80000f14	005e2a23	sw	x5,20(x28)	 x28:0x8002cc60  x5:0x0000006d PA:0x8002cc74 store:0x0000006d load:0x00000000
       50175000	      4918	80000f18	006e2c23	sw	x6,24(x28)	 x28:0x8002cc60  x6:0x0000002b PA:0x8002cc78 store:0x0000002b load:0x00000000
       50185000	      4919	80000f1c	007e2e23	sw	x7,28(x28)	 x28:0x8002cc60  x7:0x00000063 PA:0x8002cc7c store:0x00000063 load:0x00000000
       50195000	      4920	80000f20	028e2023	sw	x8,32(x28)	 x28:0x8002cc60  x8:0x80000000 PA:0x8002cc80 store:0x80000000 load:0x00000000
       50205000	      4921	80000f24	029e2223	sw	x9,36(x28)	 x28:0x8002cc60  x9:0x00000001 PA:0x8002cc84 store:0x00000001 load:0x00000000
       50215000	      4922	80000f28	02ae2423	sw	x10,40(x28)	 x28:0x8002cc60 x10:0x00000003 PA:0x8002cc88 store:0x00000003 load:0x00000000
       50225000	      4923	80000f2c	02be2623	sw	x11,44(x28)	 x28:0x8002cc60 x11:0x000031c8 PA:0x8002cc8c store:0x000031c8 load:0x00000000
       50235000	      4924	80000f30	02ce2823	sw	x12,48(x28)	 x28:0x8002cc60 x12:0x8002cce0 PA:0x8002cc90 store:0x8002cce0 load:0x00000000
       50245000	      4925	80000f34	02de2a23	sw	x13,52(x28)	 x28:0x8002cc60 x13:0x00000001 PA:0x8002cc94 store:0x00000001 load:0x00000000
       50255000	      4926	80000f38	02ee2c23	sw	x14,56(x28)	 x28:0x8002cc60 x14:0x00000000 PA:0x8002cc98 store:0x00000000 load:0x00000000
       50265000	      4927	80000f3c	02fe2e23	sw	x15,60(x28)	 x28:0x8002cc60 x15:0x0000007e PA:0x8002cc9c store:0x0000007e load:0x00000000
       50275000	      4928	80000f40	050e2023	sw	x16,64(x28)	 x28:0x8002cc60 x16:0x00000000 PA:0x8002cca0 store:0x00000000 load:0x00000000
       50285000	      4929	80000f44	051e2223	sw	x17,68(x28)	 x28:0x8002cc60 x17:0x00000036 PA:0x8002cca4 store:0x00000036 load:0x00000000
       50295000	      4930	80000f48	052e2423	sw	x18,72(x28)	 x28:0x8002cc60 x18:0x800131c8 PA:0x8002cca8 store:0x800131c8 load:0x00000000
       50305000	      4931	80000f4c	053e2623	sw	x19,76(x28)	 x28:0x8002cc60 x19:0x00000005 PA:0x8002ccac store:0x00000005 load:0x00000000
       50315000	      4932	80000f50	054e2823	sw	x20,80(x28)	 x28:0x8002cc60 x20:0x800130b4 PA:0x8002ccb0 store:0x800130b4 load:0x00000000
       50325000	      4933	80000f54	055e2a23	sw	x21,84(x28)	 x28:0x8002cc60 x21:0x00000001 PA:0x8002ccb4 store:0x00000001 load:0x00000000
       50335000	      4934	80000f58	056e2c23	sw	x22,88(x28)	 x28:0x8002cc60 x22:0x000000f9 PA:0x8002ccb8 store:0x000000f9 load:0x00000000
       50345000	      4935	80000f5c	057e2e23	sw	x23,92(x28)	 x28:0x8002cc60 x23:0x0000009b PA:0x8002ccbc store:0x0000009b load:0x00000000
       50355000	      4936	80000f60	078e2023	sw	x24,96(x28)	 x28:0x8002cc60 x24:0xfffffffa PA:0x8002ccc0 store:0xfffffffa load:0x00000000
       50365000	      4937	80000f64	079e2223	sw	x25,100(x28)	 x28:0x8002cc60 x25:0x00001011 PA:0x8002ccc4 store:0x00001011 load:0x00000000
       50375000	      4938	80000f68	07ae2423	sw	x26,104(x28)	 x28:0x8002cc60 x26:0x000000a8 PA:0x8002ccc8 store:0x000000a8 load:0x00000000
       50385000	      4939	80000f6c	07be2623	sw	x27,108(x28)	 x28:0x8002cc60 x27:0x00000000 PA:0x8002cccc store:0x00000000 load:0x00000000
       50395000	      4940	80000f70	07ce2823	sw	x28,112(x28)	 x28:0x8002cc60 x28:0x8002cc60 PA:0x8002ccd0 store:0x8002cc60 load:0x00000000
       50405000	      4941	80000f74	07de2a23	sw	x29,116(x28)	 x28:0x8002cc60 x29:0x000000c8 PA:0x8002ccd4 store:0x000000c8 load:0x00000000
       50415000	      4942	80000f78	07ee2c23	sw	x30,120(x28)	 x28:0x8002cc60 x30:0x00008a8b PA:0x8002ccd8 store:0x00008a8b load:0x00000000
       50425000	      4943	80000f7c	07fe2e23	sw	x31,124(x28)	 x28:0x8002cc60 x31:0x00003108 PA:0x8002ccdc store:0x00003108 load:0x00000000
       50435000	      4944	80000f80	000e0633	add	x12,x28,x0	 x28:0x8002cc60  x0:0x00000000 x12=0x8002cc60
       50445000	      4945	80000f84	90000cb7	lui	x25,0x90000	 x25=0x90000000
       50455000	      4946	80000f88	1cf1	c.addi	x25,-4	 x25:0x90000000 x25=0x8ffffffc
       50465000	      4947	80000f8a	4399	c.li	x7,6	  x7=0x00000006
       50475000	      4948	80000f8c	03a2	c.slli	x7,0x8	  x7:0x00000006  x7=0x00000600
       50485000	      4949	80000f8e	00038393	addi	x7,x7,0	  x7:0x00000600  x7=0x00000600
       50495000	      4950	80000f92	007ca023	sw	x7,0(x25)	 x25:0x8ffffffc  x7:0x00000600 PA:0x8ffffffc store:0x00000600 load:0x00000000
       50505000	      4951	80000f96	342023f3	csrrs	x7,mcause,x0	  x0:0x00000000  x7=0x8000000b
       50515000	      4952	80000f9a	01f3d393	srli	x7,x7,0x1f	  x7:0x8000000b  x7=0x00000001
       50525000	      4953	80000f9e	06038863	beq	x7,x0,8000100e	  x7:0x00000001  x0:0x00000000
       50535000	      4954	80000fa2	90000cb7	lui	x25,0x90000	 x25=0x90000000
       50545000	      4955	80000fa6	1cf1	c.addi	x25,-4	 x25:0x90000000 x25=0x8ffffffc
       50555000	      4956	80000fa8	30000393	addi	x7,x0,768	  x0:0x00000000  x7=0x00000300
       50565000	      4957	80000fac	03a2	c.slli	x7,0x8	  x7:0x00000300  x7=0x00030000
       50575000	      4958	80000fae	038d	c.addi	x7,3	  x7:0x00030000  x7=0x00030003
       50585000	      4959	80000fb0	007ca023	sw	x7,0(x25)	 x25:0x8ffffffc  x7:0x00030003 PA:0x8ffffffc store:0x00030003 load:0x00000000
       50595000	      4960	80000fb4	300023f3	csrrs	x7,mstatus,x0	  x0:0x00000000  x7=0x00001880
       50605000	      4961	80000fb8	007ca023	sw	x7,0(x25)	 x25:0x8ffffffc  x7:0x00001880 PA:0x8ffffffc store:0x00001880 load:0x00000000
       50615000	      4962	80000fbc	90000cb7	lui	x25,0x90000	 x25=0x90000000
       50625000	      4963	80000fc0	1cf1	c.addi	x25,-4	 x25:0x90000000 x25=0x8ffffffc
       50635000	      4964	80000fc2	34200393	addi	x7,x0,834	  x0:0x00000000  x7=0x00000342
       50645000	      4965	80000fc6	03a2	c.slli	x7,0x8	  x7:0x00000342  x7=0x00034200
       50655000	      4966	80000fc8	038d	c.addi	x7,3	  x7:0x00034200  x7=0x00034203
       50665000	      4967	80000fca	007ca023	sw	x7,0(x25)	 x25:0x8ffffffc  x7:0x00034203 PA:0x8ffffffc store:0x00034203 load:0x00000000
       50675000	      4968	80000fce	342023f3	csrrs	x7,mcause,x0	  x0:0x00000000  x7=0x8000000b
       50685000	      4969	80000fd2	007ca023	sw	x7,0(x25)	 x25:0x8ffffffc  x7:0x8000000b PA:0x8ffffffc store:0x8000000b load:0x00000000
       50695000	      4970	80000fd6	90000cb7	lui	x25,0x90000	 x25=0x90000000
       50705000	      4971	80000fda	1cf1	c.addi	x25,-4	 x25:0x90000000 x25=0x8ffffffc
       50715000	      4972	80000fdc	30400393	addi	x7,x0,772	  x0:0x00000000  x7=0x00000304
       50725000	      4973	80000fe0	03a2	c.slli	x7,0x8	  x7:0x00000304  x7=0x00030400
       50735000	      4974	80000fe2	038d	c.addi	x7,3	  x7:0x00030400  x7=0x00030403
       50745000	      4975	80000fe4	007ca023	sw	x7,0(x25)	 x25:0x8ffffffc  x7:0x00030403 PA:0x8ffffffc store:0x00030403 load:0x00000000
       50755000	      4976	80000fe8	304023f3	csrrs	x7,mie,x0	  x0:0x00000000  x7=0x75d90888
       50765000	      4977	80000fec	007ca023	sw	x7,0(x25)	 x25:0x8ffffffc  x7:0x75d90888 PA:0x8ffffffc store:0x75d90888 load:0x00000000
       50775000	      4978	80000ff0	90000cb7	lui	x25,0x90000	 x25=0x90000000
       50785000	      4979	80000ff4	1cf1	c.addi	x25,-4	 x25:0x90000000 x25=0x8ffffffc
       50795000	      4980	80000ff6	34400393	addi	x7,x0,836	  x0:0x00000000  x7=0x00000344
       50805000	      4981	80000ffa	03a2	c.slli	x7,0x8	  x7:0x00000344  x7=0x00034400
       50815000	      4982	80000ffc	038d	c.addi	x7,3	  x7:0x00034400  x7=0x00034403
       50825000	      4983	80000ffe	007ca023	sw	x7,0(x25)	 x25:0x8ffffffc  x7:0x00034403 PA:0x8ffffffc store:0x00034403 load:0x00000000
       50835000	      4984	80001002	344023f3	csrrs	x7,mip,x0	  x0:0x00000000  x7=0x00000000
       50845000	      4985	80001006	007ca023	sw	x7,0(x25)	 x25:0x8ffffffc  x7:0x00000000 PA:0x8ffffffc store:0x00000000 load:0x00000000
       50855000	      4986	8000100a	3aa1106f	jal	x0,800123b4	  x0=0x00000000
       50875000	      4988	800123b4	300023f3	csrrs	x7,mstatus,x0	  x0:0x00000000  x7=0x00001880
       50885000	      4989	800123b8	304023f3	csrrs	x7,mie,x0	  x0:0x00000000  x7=0x75d90888
       50895000	      4990	800123bc	344023f3	csrrs	x7,mip,x0	  x0:0x00000000  x7=0x00000000
       50905000	      4991	800123c0	3443b3f3	csrrc	x7,mip,x7	  x7:0x00000000  x7=0x00000000
       50935000	      4994	800123c4	90000cb7	lui	x25,0x90000	 x25=0x90000000
       50945000	      4995	800123c8	1cf1	c.addi	x25,-4	 x25:0x90000000 x25=0x8ffffffc
       50955000	      4996	800123ca	439d	c.li	x7,7	  x7=0x00000007
       50965000	      4997	800123cc	03a2	c.slli	x7,0x8	  x7:0x00000007  x7=0x00000700
       50975000	      4998	800123ce	00038393	addi	x7,x7,0	  x7:0x00000700  x7=0x00000700
       50985000	      4999	800123d2	007ca023	sw	x7,0(x25)	 x25:0x8ffffffc  x7:0x00000700 PA:0x8ffffffc store:0x00000700 load:0x00000000
       50995000	      5000	800123d6	00060e33	add	x28,x12,x0	 x12:0x8002cc60  x0:0x00000000 x28=0x8002cc60
       51005000	      5001	800123da	004e2083	lw	x1,4(x28)	 x28:0x8002cc60  x1=0x8002cc46 PA:0x8002cc64 load:0x8002cc46
       51015000	      5002	800123de	008e2103	lw	x2,8(x28)	 x28:0x8002cc60  x2=0x800137f8 PA:0x8002cc68 load:0x800137f8
       51025000	      5003	800123e2	00ce2183	lw	x3,12(x28)	 x28:0x8002cc60  x3=0x00000005 PA:0x8002cc6c load:0x00000005
       51035000	      5004	800123e6	010e2203	lw	x4,16(x28)	 x28:0x8002cc60  x4=0xffffffb8 PA:0x8002cc70 load:0xffffffb8
       51045000	      5005	800123ea	014e2283	lw	x5,20(x28)	 x28:0x8002cc60  x5=0x0000006d PA:0x8002cc74 load:0x0000006d
       51055000	      5006	800123ee	018e2303	lw	x6,24(x28)	 x28:0x8002cc60  x6=0x0000002b PA:0x8002cc78 load:0x0000002b
       51065000	      5007	800123f2	01ce2383	lw	x7,28(x28)	 x28:0x8002cc60  x7=0x00000063 PA:0x8002cc7c load:0x00000063
       51075000	      5008	800123f6	020e2403	lw	x8,32(x28)	 x28:0x8002cc60  x8=0x80000000 PA:0x8002cc80 load:0x80000000
       51085000	      5009	800123fa	024e2483	lw	x9,36(x28)	 x28:0x8002cc60  x9=0x00000001 PA:0x8002cc84 load:0x00000001
       51095000	      5010	800123fe	028e2503	lw	x10,40(x28)	 x28:0x8002cc60 x10=0x00000003 PA:0x8002cc88 load:0x00000003
       51105000	      5011	80012402	02ce2583	lw	x11,44(x28)	 x28:0x8002cc60 x11=0x000031c8 PA:0x8002cc8c load:0x000031c8
       51115000	      5012	80012406	030e2603	lw	x12,48(x28)	 x28:0x8002cc60 x12=0x8002cce0 PA:0x8002cc90 load:0x8002cce0
       51125000	      5013	8001240a	034e2683	lw	x13,52(x28)	 x28:0x8002cc60 x13=0x00000001 PA:0x8002cc94 load:0x00000001
       51135000	      5014	8001240e	038e2703	lw	x14,56(x28)	 x28:0x8002cc60 x14=0x00000000 PA:0x8002cc98 load:0x00000000
       51145000	      5015	80012412	03ce2783	lw	x15,60(x28)	 x28:0x8002cc60 x15=0x0000007e PA:0x8002cc9c load:0x0000007e
       51155000	      5016	80012416	040e2803	lw	x16,64(x28)	 x28:0x8002cc60 x16=0x00000000 PA:0x8002cca0 load:0x00000000
       51165000	      5017	8001241a	044e2883	lw	x17,68(x28)	 x28:0x8002cc60 x17=0x00000036 PA:0x8002cca4 load:0x00000036
       51175000	      5018	8001241e	048e2903	lw	x18,72(x28)	 x28:0x8002cc60 x18=0x800131c8 PA:0x8002cca8 load:0x800131c8
       51185000	      5019	80012422	04ce2983	lw	x19,76(x28)	 x28:0x8002cc60 x19=0x00000005 PA:0x8002ccac load:0x00000005
       51195000	      5020	80012426	050e2a03	lw	x20,80(x28)	 x28:0x8002cc60 x20=0x800130b4 PA:0x8002ccb0 load:0x800130b4
       51205000	      5021	8001242a	054e2a83	lw	x21,84(x28)	 x28:0x8002cc60 x21=0x00000001 PA:0x8002ccb4 load:0x00000001
       51215000	      5022	8001242e	058e2b03	lw	x22,88(x28)	 x28:0x8002cc60 x22=0x000000f9 PA:0x8002ccb8 load:0x000000f9
       51225000	      5023	80012432	05ce2b83	lw	x23,92(x28)	 x28:0x8002cc60 x23=0x0000009b PA:0x8002ccbc load:0x0000009b
       51235000	      5024	80012436	060e2c03	lw	x24,96(x28)	 x28:0x8002cc60 x24=0xfffffffa PA:0x8002ccc0 load:0xfffffffa
       51245000	      5025	8001243a	064e2c83	lw	x25,100(x28)	 x28:0x8002cc60 x25=0x00001011 PA:0x8002ccc4 load:0x00001011
       51255000	      5026	8001243e	068e2d03	lw	x26,104(x28)	 x28:0x8002cc60 x26=0x000000a8 PA:0x8002ccc8 load:0x000000a8
       51265000	      5027	80012442	06ce2d83	lw	x27,108(x28)	 x28:0x8002cc60 x27=0x00000000 PA:0x8002cccc load:0x00000000
       51275000	      5028	80012446	070e2e03	lw	x28,112(x28)	 x28:0x8002cc60 x28=0x8002cc60 PA:0x8002ccd0 load:0x8002cc60
       51295000	      5030	8001244a	074e2e83	lw	x29,116(x28)	 x28:0x8002cc60 x29=0x000000c8 PA:0x8002ccd4 load:0x000000c8
       51305000	      5031	8001244e	078e2f03	lw	x30,120(x28)	 x28:0x8002cc60 x30=0x00008a8b PA:0x8002ccd8 load:0x00008a8b
       51315000	      5032	80012452	07ce2f83	lw	x31,124(x28)	 x28:0x8002cc60 x31=0x00003108 PA:0x8002ccdc load:0x00003108
       51325000	      5033	80012456	080e0e13	addi	x28,x28,128	 x28:0x8002cc60 x28=0x8002cce0
       51335000	      5034	8001245a	000e0633	add	x12,x28,x0	 x28:0x8002cce0  x0:0x00000000 x12=0x8002cce0
       51345000	      5035	8001245e	00062e03	lw	x28,0(x12)	 x12:0x8002cce0 x28=0x80028e64 PA:0x8002cce0 load:0x80028e64
       51355000	      5036	80012462	0611	c.addi	x12,4	 x12:0x8002cce0 x12=0x8002cce4
       51365000	      5037	80012464	30200073	mret	
       51395000	      5040	800041d8	18e86213	ori	x4,x16,398	 x16:0x00000000  x4=0x0000018e
       51435000	      5044	800041dc	0229ab33	mulhsu	x22,x19,x2	 x19:0x00000005  x2:0x800137f8 x22=0x00000002
       51445000	      5045	800041e0	57c1	c.li	x15,-16	 x15=0xfffffff0
       51455000	      5046	800041e2	8d39	c.xor	x10,x14	 x10:0x00000003 x14:0x00000000 x10=0x00000003
       51495000	      5050	800041e4	026d3933	mulhu	x18,x26,x6	 x26:0x000000a8  x6:0x0000002b x18=0x00000000
       51505000	      5051	800041e8	0ad6	c.slli	x21,0x15	 x21:0x00000001 x21=0x00200000
       51515000	      5052	800041ea	1c6d	c.addi	x24,-5	 x24:0xfffffffa x24=0xfffffff5
       51525000	      5053	800041ec	34003f73	csrrc	x30,mscratch,x0	  x0:0x00000000 x30=0x00003108
       51535000	      5054	800041f0	34009df3	csrrw	x27,mscratch,x1	  x1:0x8002cc46 x27=0x00003108
       51545000	      5055	800041f4	fefc58e3	bge	x24,x15,800041e4	 x24:0xfffffff5 x15:0xfffffff0
       51595000	      5060	800041e4	026d3933	mulhu	x18,x26,x6	 x26:0x000000a8  x6:0x0000002b x18=0x00000000
       51605000	      5061	800041e8	0ad6	c.slli	x21,0x15	 x21:0x00200000 x21=0x00000000
       51615000	      5062	800041ea	1c6d	c.addi	x24,-5	 x24:0xfffffff5 x24=0xfffffff0
       51625000	      5063	800041ec	34003f73	csrrc	x30,mscratch,x0	  x0:0x00000000 x30=0x8002cc46
       51635000	      5064	800041f0	34009df3	csrrw	x27,mscratch,x1	  x1:0x8002cc46 x27=0x8002cc46
       51645000	      5065	800041f4	fefc58e3	bge	x24,x15,800041e4	 x24:0xfffffff0 x15:0xfffffff0
       51695000	      5070	800041e4	026d3933	mulhu	x18,x26,x6	 x26:0x000000a8  x6:0x0000002b x18=0x00000000
       51705000	      5071	800041e8	0ad6	c.slli	x21,0x15	 x21:0x00000000 x21=0x00000000
       51715000	      5072	800041ea	1c6d	c.addi	x24,-5	 x24:0xfffffff0 x24=0xffffffeb
       51725000	      5073	800041ec	34003f73	csrrc	x30,mscratch,x0	  x0:0x00000000 x30=0x8002cc46
       51735000	      5074	800041f0	34009df3	csrrw	x27,mscratch,x1	  x1:0x8002cc46 x27=0x8002cc46
       51745000	      5075	800041f4	fefc58e3	bge	x24,x15,800041e4	 x24:0xffffffeb x15:0xfffffff0
       51755000	      5076	800041f8	1fa1af93	slti	x31,x3,506	  x3:0x00000005 x31=0x00000001
       51765000	      5077	800041fc	01d9b933	sltu	x18,x19,x29	 x19:0x00000005 x29:0x000000c8 x18=0x00000001
       52135000	      5114	80004200	03737033	remu	x0,x6,x23	  x6:0x0000002b x23:0x0000009b  x0=0x00000000
       52145000	      5115	80004204	fc39e3e3	bltu	x19,x3,800041ca	 x19:0x00000005  x3:0x00000005
       52155000	      5116	80004208	121b75b7	lui	x11,0x121b7	 x11=0x121b7000
       52165000	      5117	8000420c	0001e117	auipc	x2,0x1e	  x2=0x8002220c
       52175000	      5118	80004210	50b10113	addi	x2,x2,1291	  x2:0x8002220c  x2=0x80022717
       52185000	      5119	80004214	10500073	wfi	
       53135000	      5214	8000272c	fcafe06f	jal	x0,80000ef6	  x0=0x00000000
       53155000	      5216	80000ef6	1671	c.addi	x12,-4	 x12:0x8002cce4 x12=0x8002cce0
       53165000	      5217	80000ef8	01c62023	sw	x28,0(x12)	 x12:0x8002cce0 x28:0x80028e64 PA:0x8002cce0 store:0x80028e64 load:0x00000000
       53175000	      5218	80000efc	00060e33	add	x28,x12,x0	 x12:0x8002cce0  x0:0x00000000 x28=0x8002cce0
       53185000	      5219	80000f00	f80e0e13	addi	x28,x28,-128	 x28:0x8002cce0 x28=0x8002cc60
       53195000	      5220	80000f04	001e2223	sw	x1,4(x28)	 x28:0x8002cc60  x1:0x8002cc46 PA:0x8002cc64 store:0x8002cc46 load:0x00000000
       53205000	      5221	80000f08	002e2423	sw	x2,8(x28)	 x28:0x8002cc60  x2:0x80022717 PA:0x8002cc68 store:0x80022717 load:0x00000000
       53215000	      5222	80000f0c	003e2623	sw	x3,12(x28)	 x28:0x8002cc60  x3:0x00000005 PA:0x8002cc6c store:0x00000005 load:0x00000000
       53225000	      5223	80000f10	004e2823	sw	x4,16(x28)	 x28:0x8002cc60  x4:0x0000018e PA:0x8002cc70 store:0x0000018e load:0x00000000
       53235000	      5224	80000f14	005e2a23	sw	x5,20(x28)	 x28:0x8002cc60  x5:0x0000006d PA:0x8002cc74 store:0x0000006d load:0x00000000
       53245000	      5225	80000f18	006e2c23	sw	x6,24(x28)	 x28:0x8002cc60  x6:0x0000002b PA:0x8002cc78 store:0x0000002b load:0x00000000
       53255000	      5226	80000f1c	007e2e23	sw	x7,28(x28)	 x28:0x8002cc60  x7:0x00000063 PA:0x8002cc7c store:0x00000063 load:0x00000000
       53265000	      5227	80000f20	028e2023	sw	x8,32(x28)	 x28:0x8002cc60  x8:0x80000000 PA:0x8002cc80 store:0x80000000 load:0x00000000
       53275000	      5228	80000f24	029e2223	sw	x9,36(x28)	 x28:0x8002cc60  x9:0x00000001 PA:0x8002cc84 store:0x00000001 load:0x00000000
       53285000	      5229	80000f28	02ae2423	sw	x10,40(x28)	 x28:0x8002cc60 x10:0x00000003 PA:0x8002cc88 store:0x00000003 load:0x00000000
       53295000	      5230	80000f2c	02be2623	sw	x11,44(x28)	 x28:0x8002cc60 x11:0x121b7000 PA:0x8002cc8c store:0x121b7000 load:0x00000000
       53305000	      5231	80000f30	02ce2823	sw	x12,48(x28)	 x28:0x8002cc60 x12:0x8002cce0 PA:0x8002cc90 store:0x8002cce0 load:0x00000000
       53315000	      5232	80000f34	02de2a23	sw	x13,52(x28)	 x28:0x8002cc60 x13:0x00000001 PA:0x8002cc94 store:0x00000001 load:0x00000000
       53325000	      5233	80000f38	02ee2c23	sw	x14,56(x28)	 x28:0x8002cc60 x14:0x00000000 PA:0x8002cc98 store:0x00000000 load:0x00000000
       53335000	      5234	80000f3c	02fe2e23	sw	x15,60(x28)	 x28:0x8002cc60 x15:0xfffffff0 PA:0x8002cc9c store:0xfffffff0 load:0x00000000
       53345000	      5235	80000f40	050e2023	sw	x16,64(x28)	 x28:0x8002cc60 x16:0x00000000 PA:0x8002cca0 store:0x00000000 load:0x00000000
       53355000	      5236	80000f44	051e2223	sw	x17,68(x28)	 x28:0x8002cc60 x17:0x00000036 PA:0x8002cca4 store:0x00000036 load:0x00000000
       53365000	      5237	80000f48	052e2423	sw	x18,72(x28)	 x28:0x8002cc60 x18:0x00000001 PA:0x8002cca8 store:0x00000001 load:0x00000000
       53375000	      5238	80000f4c	053e2623	sw	x19,76(x28)	 x28:0x8002cc60 x19:0x00000005 PA:0x8002ccac store:0x00000005 load:0x00000000
       53385000	      5239	80000f50	054e2823	sw	x20,80(x28)	 x28:0x8002cc60 x20:0x800130b4 PA:0x8002ccb0 store:0x800130b4 load:0x00000000
       53395000	      5240	80000f54	055e2a23	sw	x21,84(x28)	 x28:0x8002cc60 x21:0x00000000 PA:0x8002ccb4 store:0x00000000 load:0x00000000
       53405000	      5241	80000f58	056e2c23	sw	x22,88(x28)	 x28:0x8002cc60 x22:0x00000002 PA:0x8002ccb8 store:0x00000002 load:0x00000000
       53415000	      5242	80000f5c	057e2e23	sw	x23,92(x28)	 x28:0x8002cc60 x23:0x0000009b PA:0x8002ccbc store:0x0000009b load:0x00000000
       53425000	      5243	80000f60	078e2023	sw	x24,96(x28)	 x28:0x8002cc60 x24:0xffffffeb PA:0x8002ccc0 store:0xffffffeb load:0x00000000
       53435000	      5244	80000f64	079e2223	sw	x25,100(x28)	 x28:0x8002cc60 x25:0x00001011 PA:0x8002ccc4 store:0x00001011 load:0x00000000
       53445000	      5245	80000f68	07ae2423	sw	x26,104(x28)	 x28:0x8002cc60 x26:0x000000a8 PA:0x8002ccc8 store:0x000000a8 load:0x00000000
       53455000	      5246	80000f6c	07be2623	sw	x27,108(x28)	 x28:0x8002cc60 x27:0x8002cc46 PA:0x8002cccc store:0x8002cc46 load:0x00000000
       53465000	      5247	80000f70	07ce2823	sw	x28,112(x28)	 x28:0x8002cc60 x28:0x8002cc60 PA:0x8002ccd0 store:0x8002cc60 load:0x00000000
       53475000	      5248	80000f74	07de2a23	sw	x29,116(x28)	 x28:0x8002cc60 x29:0x000000c8 PA:0x8002ccd4 store:0x000000c8 load:0x00000000
       53485000	      5249	80000f78	07ee2c23	sw	x30,120(x28)	 x28:0x8002cc60 x30:0x8002cc46 PA:0x8002ccd8 store:0x8002cc46 load:0x00000000
       53495000	      5250	80000f7c	07fe2e23	sw	x31,124(x28)	 x28:0x8002cc60 x31:0x00000001 PA:0x8002ccdc store:0x00000001 load:0x00000000
       53505000	      5251	80000f80	000e0633	add	x12,x28,x0	 x28:0x8002cc60  x0:0x00000000 x12=0x8002cc60
       53515000	      5252	80000f84	90000cb7	lui	x25,0x90000	 x25=0x90000000
       53525000	      5253	80000f88	1cf1	c.addi	x25,-4	 x25:0x90000000 x25=0x8ffffffc
       53535000	      5254	80000f8a	4399	c.li	x7,6	  x7=0x00000006
       53545000	      5255	80000f8c	03a2	c.slli	x7,0x8	  x7:0x00000006  x7=0x00000600
       53555000	      5256	80000f8e	00038393	addi	x7,x7,0	  x7:0x00000600  x7=0x00000600
       53565000	      5257	80000f92	007ca023	sw	x7,0(x25)	 x25:0x8ffffffc  x7:0x00000600 PA:0x8ffffffc store:0x00000600 load:0x00000000
       53575000	      5258	80000f96	342023f3	csrrs	x7,mcause,x0	  x0:0x00000000  x7=0x8000000b
       53585000	      5259	80000f9a	01f3d393	srli	x7,x7,0x1f	  x7:0x8000000b  x7=0x00000001
       53595000	      5260	80000f9e	06038863	beq	x7,x0,8000100e	  x7:0x00000001  x0:0x00000000
       53605000	      5261	80000fa2	90000cb7	lui	x25,0x90000	 x25=0x90000000
       53615000	      5262	80000fa6	1cf1	c.addi	x25,-4	 x25:0x90000000 x25=0x8ffffffc
       53625000	      5263	80000fa8	30000393	addi	x7,x0,768	  x0:0x00000000  x7=0x00000300
       53635000	      5264	80000fac	03a2	c.slli	x7,0x8	  x7:0x00000300  x7=0x00030000
       53645000	      5265	80000fae	038d	c.addi	x7,3	  x7:0x00030000  x7=0x00030003
       53655000	      5266	80000fb0	007ca023	sw	x7,0(x25)	 x25:0x8ffffffc  x7:0x00030003 PA:0x8ffffffc store:0x00030003 load:0x00000000
       53665000	      5267	80000fb4	300023f3	csrrs	x7,mstatus,x0	  x0:0x00000000  x7=0x00001880
       53675000	      5268	80000fb8	007ca023	sw	x7,0(x25)	 x25:0x8ffffffc  x7:0x00001880 PA:0x8ffffffc store:0x00001880 load:0x00000000
       53685000	      5269	80000fbc	90000cb7	lui	x25,0x90000	 x25=0x90000000
       53695000	      5270	80000fc0	1cf1	c.addi	x25,-4	 x25:0x90000000 x25=0x8ffffffc
       53705000	      5271	80000fc2	34200393	addi	x7,x0,834	  x0:0x00000000  x7=0x00000342
       53715000	      5272	80000fc6	03a2	c.slli	x7,0x8	  x7:0x00000342  x7=0x00034200
       53725000	      5273	80000fc8	038d	c.addi	x7,3	  x7:0x00034200  x7=0x00034203
       53735000	      5274	80000fca	007ca023	sw	x7,0(x25)	 x25:0x8ffffffc  x7:0x00034203 PA:0x8ffffffc store:0x00034203 load:0x00000000
       53745000	      5275	80000fce	342023f3	csrrs	x7,mcause,x0	  x0:0x00000000  x7=0x8000000b
       53755000	      5276	80000fd2	007ca023	sw	x7,0(x25)	 x25:0x8ffffffc  x7:0x8000000b PA:0x8ffffffc store:0x8000000b load:0x00000000
       53765000	      5277	80000fd6	90000cb7	lui	x25,0x90000	 x25=0x90000000
       53775000	      5278	80000fda	1cf1	c.addi	x25,-4	 x25:0x90000000 x25=0x8ffffffc
       53785000	      5279	80000fdc	30400393	addi	x7,x0,772	  x0:0x00000000  x7=0x00000304
       53795000	      5280	80000fe0	03a2	c.slli	x7,0x8	  x7:0x00000304  x7=0x00030400
       53805000	      5281	80000fe2	038d	c.addi	x7,3	  x7:0x00030400  x7=0x00030403
       53815000	      5282	80000fe4	007ca023	sw	x7,0(x25)	 x25:0x8ffffffc  x7:0x00030403 PA:0x8ffffffc store:0x00030403 load:0x00000000
       53825000	      5283	80000fe8	304023f3	csrrs	x7,mie,x0	  x0:0x00000000  x7=0x75d90888
       53835000	      5284	80000fec	007ca023	sw	x7,0(x25)	 x25:0x8ffffffc  x7:0x75d90888 PA:0x8ffffffc store:0x75d90888 load:0x00000000
       53845000	      5285	80000ff0	90000cb7	lui	x25,0x90000	 x25=0x90000000
       53855000	      5286	80000ff4	1cf1	c.addi	x25,-4	 x25:0x90000000 x25=0x8ffffffc
       53865000	      5287	80000ff6	34400393	addi	x7,x0,836	  x0:0x00000000  x7=0x00000344
       53875000	      5288	80000ffa	03a2	c.slli	x7,0x8	  x7:0x00000344  x7=0x00034400
       53885000	      5289	80000ffc	038d	c.addi	x7,3	  x7:0x00034400  x7=0x00034403
       53895000	      5290	80000ffe	007ca023	sw	x7,0(x25)	 x25:0x8ffffffc  x7:0x00034403 PA:0x8ffffffc store:0x00034403 load:0x00000000
       53905000	      5291	80001002	344023f3	csrrs	x7,mip,x0	  x0:0x00000000  x7=0x00000000
       53915000	      5292	80001006	007ca023	sw	x7,0(x25)	 x25:0x8ffffffc  x7:0x00000000 PA:0x8ffffffc store:0x00000000 load:0x00000000
       53925000	      5293	8000100a	3aa1106f	jal	x0,800123b4	  x0=0x00000000
       53945000	      5295	800123b4	300023f3	csrrs	x7,mstatus,x0	  x0:0x00000000  x7=0x00001880
       53955000	      5296	800123b8	304023f3	csrrs	x7,mie,x0	  x0:0x00000000  x7=0x75d90888
       53965000	      5297	800123bc	344023f3	csrrs	x7,mip,x0	  x0:0x00000000  x7=0x00000000
       53975000	      5298	800123c0	3443b3f3	csrrc	x7,mip,x7	  x7:0x00000000  x7=0x00000000
       54005000	      5301	800123c4	90000cb7	lui	x25,0x90000	 x25=0x90000000
       54015000	      5302	800123c8	1cf1	c.addi	x25,-4	 x25:0x90000000 x25=0x8ffffffc
       54025000	      5303	800123ca	439d	c.li	x7,7	  x7=0x00000007
       54035000	      5304	800123cc	03a2	c.slli	x7,0x8	  x7:0x00000007  x7=0x00000700
       54045000	      5305	800123ce	00038393	addi	x7,x7,0	  x7:0x00000700  x7=0x00000700
       54055000	      5306	800123d2	007ca023	sw	x7,0(x25)	 x25:0x8ffffffc  x7:0x00000700 PA:0x8ffffffc store:0x00000700 load:0x00000000
       54065000	      5307	800123d6	00060e33	add	x28,x12,x0	 x12:0x8002cc60  x0:0x00000000 x28=0x8002cc60
       54075000	      5308	800123da	004e2083	lw	x1,4(x28)	 x28:0x8002cc60  x1=0x8002cc46 PA:0x8002cc64 load:0x8002cc46
       54085000	      5309	800123de	008e2103	lw	x2,8(x28)	 x28:0x8002cc60  x2=0x80022717 PA:0x8002cc68 load:0x80022717
       54095000	      5310	800123e2	00ce2183	lw	x3,12(x28)	 x28:0x8002cc60  x3=0x00000005 PA:0x8002cc6c load:0x00000005
       54105000	      5311	800123e6	010e2203	lw	x4,16(x28)	 x28:0x8002cc60  x4=0x0000018e PA:0x8002cc70 load:0x0000018e
       54115000	      5312	800123ea	014e2283	lw	x5,20(x28)	 x28:0x8002cc60  x5=0x0000006d PA:0x8002cc74 load:0x0000006d
       54125000	      5313	800123ee	018e2303	lw	x6,24(x28)	 x28:0x8002cc60  x6=0x0000002b PA:0x8002cc78 load:0x0000002b
       54135000	      5314	800123f2	01ce2383	lw	x7,28(x28)	 x28:0x8002cc60  x7=0x00000063 PA:0x8002cc7c load:0x00000063
       54145000	      5315	800123f6	020e2403	lw	x8,32(x28)	 x28:0x8002cc60  x8=0x80000000 PA:0x8002cc80 load:0x80000000
       54155000	      5316	800123fa	024e2483	lw	x9,36(x28)	 x28:0x8002cc60  x9=0x00000001 PA:0x8002cc84 load:0x00000001
       54165000	      5317	800123fe	028e2503	lw	x10,40(x28)	 x28:0x8002cc60 x10=0x00000003 PA:0x8002cc88 load:0x00000003
       54175000	      5318	80012402	02ce2583	lw	x11,44(x28)	 x28:0x8002cc60 x11=0x121b7000 PA:0x8002cc8c load:0x121b7000
       54185000	      5319	80012406	030e2603	lw	x12,48(x28)	 x28:0x8002cc60 x12=0x8002cce0 PA:0x8002cc90 load:0x8002cce0
       54195000	      5320	8001240a	034e2683	lw	x13,52(x28)	 x28:0x8002cc60 x13=0x00000001 PA:0x8002cc94 load:0x00000001
       54205000	      5321	8001240e	038e2703	lw	x14,56(x28)	 x28:0x8002cc60 x14=0x00000000 PA:0x8002cc98 load:0x00000000
       54215000	      5322	80012412	03ce2783	lw	x15,60(x28)	 x28:0x8002cc60 x15=0xfffffff0 PA:0x8002cc9c load:0xfffffff0
       54225000	      5323	80012416	040e2803	lw	x16,64(x28)	 x28:0x8002cc60 x16=0x00000000 PA:0x8002cca0 load:0x00000000
       54235000	      5324	8001241a	044e2883	lw	x17,68(x28)	 x28:0x8002cc60 x17=0x00000036 PA:0x8002cca4 load:0x00000036
       54245000	      5325	8001241e	048e2903	lw	x18,72(x28)	 x28:0x8002cc60 x18=0x00000001 PA:0x8002cca8 load:0x00000001
       54255000	      5326	80012422	04ce2983	lw	x19,76(x28)	 x28:0x8002cc60 x19=0x00000005 PA:0x8002ccac load:0x00000005
       54265000	      5327	80012426	050e2a03	lw	x20,80(x28)	 x28:0x8002cc60 x20=0x800130b4 PA:0x8002ccb0 load:0x800130b4
       54275000	      5328	8001242a	054e2a83	lw	x21,84(x28)	 x28:0x8002cc60 x21=0x00000000 PA:0x8002ccb4 load:0x00000000
       54285000	      5329	8001242e	058e2b03	lw	x22,88(x28)	 x28:0x8002cc60 x22=0x00000002 PA:0x8002ccb8 load:0x00000002
       54295000	      5330	80012432	05ce2b83	lw	x23,92(x28)	 x28:0x8002cc60 x23=0x0000009b PA:0x8002ccbc load:0x0000009b
       54305000	      5331	80012436	060e2c03	lw	x24,96(x28)	 x28:0x8002cc60 x24=0xffffffeb PA:0x8002ccc0 load:0xffffffeb
       54315000	      5332	8001243a	064e2c83	lw	x25,100(x28)	 x28:0x8002cc60 x25=0x00001011 PA:0x8002ccc4 load:0x00001011
       54325000	      5333	8001243e	068e2d03	lw	x26,104(x28)	 x28:0x8002cc60 x26=0x000000a8 PA:0x8002ccc8 load:0x000000a8
       54335000	      5334	80012442	06ce2d83	lw	x27,108(x28)	 x28:0x8002cc60 x27=0x8002cc46 PA:0x8002cccc load:0x8002cc46
       54345000	      5335	80012446	070e2e03	lw	x28,112(x28)	 x28:0x8002cc60 x28=0x8002cc60 PA:0x8002ccd0 load:0x8002cc60
       54365000	      5337	8001244a	074e2e83	lw	x29,116(x28)	 x28:0x8002cc60 x29=0x000000c8 PA:0x8002ccd4 load:0x000000c8
       54375000	      5338	8001244e	078e2f03	lw	x30,120(x28)	 x28:0x8002cc60 x30=0x8002cc46 PA:0x8002ccd8 load:0x8002cc46
       54385000	      5339	80012452	07ce2f83	lw	x31,124(x28)	 x28:0x8002cc60 x31=0x00000001 PA:0x8002ccdc load:0x00000001
       54395000	      5340	80012456	080e0e13	addi	x28,x28,128	 x28:0x8002cc60 x28=0x8002cce0
       54405000	      5341	8001245a	000e0633	add	x12,x28,x0	 x28:0x8002cce0  x0:0x00000000 x12=0x8002cce0
       54415000	      5342	8001245e	00062e03	lw	x28,0(x12)	 x12:0x8002cce0 x28=0x80028e64 PA:0x8002cce0 load:0x80028e64
       54425000	      5343	80012462	0611	c.addi	x12,4	 x12:0x8002cce0 x12=0x8002cce4
       54435000	      5344	80012464	30200073	mret	
       54465000	      5347	80004218	01010023	sb	x16,0(x2)	  x2:0x80022717 x16:0x00000000 PA:0x80022717 store:0x00000000 load:0x00000000
       54475000	      5348	8000421c	3407b873	csrrc	x16,mscratch,x15	 x15:0xfffffff0 x16=0x8002cc46
       54485000	      5349	80004220	ff712aa3	sw	x23,-11(x2)	  x2:0x80022717 x23:0x0000009b PA:0x8002270c store:0x0000009b load:0x00000000
       54495000	      5350	80004224	9f1a	c.add	x30,x6	 x30:0x8002cc46  x6:0x0000002b x30=0x8002cc71
       54505000	      5351	80004226	00a14383	lbu	x7,10(x2)	  x2:0x80022717  x7=0x000000da PA:0x80022721 load:0x000000da
       54515000	      5352	8000422a	014e9d33	sll	x26,x29,x20	 x29:0x000000c8 x20:0x800130b4 x26=0x0c800000
       54525000	      5353	8000422e	0001	c.addi	x0,0	  x0:0x00000000  x0=0x00000000
       54535000	      5354	80004230	34006d73	csrrsi	x26,mscratch,0	 x26=0x00000006
       54545000	      5355	80004234	01a10123	sb	x26,2(x2)	  x2:0x80022717 x26:0x00000006 PA:0x80022719 store:0x00000006 load:0x00000000
       54555000	      5356	80004238	00210423	sb	x2,8(x2)	  x2:0x80022717  x2:0x80022717 PA:0x8002271f store:0x80022717 load:0x00000000
       54565000	      5357	8000423c	fed12ca3	sw	x13,-7(x2)	  x2:0x80022717 x13:0x00000001 PA:0x80022710 store:0x00000001 load:0x00000000
       54575000	      5358	80004240	004e9733	sll	x14,x29,x4	 x29:0x000000c8  x4:0x0000018e x14=0x00320000
       54585000	      5359	80004244	00f10683	lb	x13,15(x2)	  x2:0x80022717 x13=0xffffffdd PA:0x80022726 load:0xffffffdd
       54595000	      5360	80004248	0001	c.addi	x0,0	  x0:0x00000000  x0=0x00000000
       54605000	      5361	8000424a	34006973	csrrsi	x18,mscratch,0	 x18=0x00000006
       54615000	      5362	8000424e	fff15283	lhu	x5,-1(x2)	  x2:0x80022717  x5=0x000000cd PA:0x80022716 load:0x000000cd
       54625000	      5363	80004252	fe6109a3	sb	x6,-13(x2)	  x2:0x80022717  x6:0x0000002b PA:0x8002270a store:0x0000002b load:0x00000000
       54635000	      5364	80004256	ff610f83	lb	x31,-10(x2)	  x2:0x80022717 x31=0x00000000 PA:0x8002270d load:0x00000000
       54645000	      5365	8000425a	ff910903	lb	x18,-7(x2)	  x2:0x80022717 x18=0x00000001 PA:0x80022710 load:0x00000001
       54655000	      5366	8000425e	85e9	c.srai	x11,0x1a	 x11:0x121b7000 x11=0x00000004
       54665000	      5367	80004260	005476b3	and	x13,x8,x5	  x8:0x80000000  x5:0x000000cd x13=0x00000000
       54675000	      5368	80004264	8da5	c.xor	x11,x9	 x11:0x00000004  x9:0x00000001 x11=0x00000005
       54685000	      5369	80004266	fe710b23	sb	x7,-10(x2)	  x2:0x80022717  x7:0x000000da PA:0x8002270d store:0x000000da load:0x00000000
       54705000	      5371	8000426a	02dc4933	div	x18,x24,x13	 x24:0xffffffeb x13:0x00000000 x18=0xffffffff
       54715000	      5372	8000426e	ffb11a03	lh	x20,-5(x2)	  x2:0x80022717 x20=0x00000000 PA:0x80022712 load:0x00000000
       54725000	      5373	80004272	340498f3	csrrw	x17,mscratch,x9	  x9:0x00000001 x17=0x00000006
       54735000	      5374	80004276	fe611ba3	sh	x6,-9(x2)	  x2:0x80022717  x6:0x0000002b PA:0x8002270e store:0x0000002b load:0x00000000
       54745000	      5375	8000427a	010104a3	sb	x16,9(x2)	  x2:0x80022717 x16:0x8002cc46 PA:0x80022720 store:0x8002cc46 load:0x00000000
       54755000	      5376	8000427e	00a10703	lb	x14,10(x2)	  x2:0x80022717 x14=0xffffffda PA:0x80022721 load:0xffffffda
       54765000	      5377	80004282	8e89	c.sub	x13,x10	 x13:0x00000000 x10:0x00000003 x13=0xfffffffd
       54775000	      5378	80004284	00414583	lbu	x11,4(x2)	  x2:0x80022717 x11=0x000000d0 PA:0x8002271b load:0x000000d0
       54785000	      5379	80004288	fff15883	lhu	x17,-1(x2)	  x2:0x80022717 x17=0x000000cd PA:0x80022716 load:0x000000cd
       54795000	      5380	8000428c	ff710c83	lb	x25,-9(x2)	  x2:0x80022717 x25=0x0000002b PA:0x8002270e load:0x0000002b
       54805000	      5381	80004290	ff610503	lb	x10,-10(x2)	  x2:0x80022717 x10=0xffffffda PA:0x8002270d load:0xffffffda
       54815000	      5382	80004294	fe910ba3	sb	x9,-9(x2)	  x2:0x80022717  x9:0x00000001 PA:0x8002270e store:0x00000001 load:0x00000000
       54825000	      5383	80004298	ff410f03	lb	x30,-12(x2)	  x2:0x80022717 x30=0xffffffc0 PA:0x8002270b load:0xffffffc0
       54835000	      5384	8000429c	00ebdab3	srl	x21,x23,x14	 x23:0x0000009b x14:0xffffffda x21=0x00000000
       54845000	      5385	800042a0	ffb14003	lbu	x0,-5(x2)	  x2:0x80022717  x0=0x00000000 PA:0x80022712 load:0x00000000
       54855000	      5386	800042a4	01e120a3	sw	x30,1(x2)	  x2:0x80022717 x30:0xffffffc0 PA:0x80022718 store:0xffffffc0 load:0x00000000
       54865000	      5387	800042a8	ffa10b23	sb	x26,-10(x2)	  x2:0x80022717 x26:0x00000006 PA:0x8002270d store:0x00000006 load:0x00000000
       54875000	      5388	800042ac	0001d097	auipc	x1,0x1d	  x1=0x800212ac
       54885000	      5389	800042b0	b4f08093	addi	x1,x1,-1201	  x1:0x800212ac  x1=0x80020dfb
       54895000	      5390	800042b4	4187d813	srai	x16,x15,0x18	 x15:0xfffffff0 x16=0xffffffff
       54905000	      5391	800042b8	0ff0000f	fence	iorw,iorw	
       54915000	      5392	800042bc	9342	c.add	x6,x16	  x6:0x0000002b x16:0xffffffff  x6=0x0000002a
       54925000	      5393	800042be	00f0c803	lbu	x16,15(x1)	  x1:0x80020dfb x16=0x000000c1 PA:0x80020e0a load:0x000000c1
       54935000	      5394	800042c2	ff608583	lb	x11,-10(x1)	  x1:0x80020dfb x11=0xffffffaa PA:0x80020df1 load:0xffffffaa
       54945000	      5395	800042c6	02608303	lb	x6,38(x1)	  x1:0x80020dfb  x6=0xffffffda PA:0x80020e21 load:0xffffffda
       54955000	      5396	800042ca	01509583	lh	x11,21(x1)	  x1:0x80020dfb x11=0xffffcacb PA:0x80020e10 load:0xffffcacb
       54965000	      5397	800042ce	02308983	lb	x19,35(x1)	  x1:0x80020dfb x19=0xffffffd5 PA:0x80020e1e load:0xffffffd5
       55005000	      5401	800042d2	0252b7b3	mulhu	x15,x5,x5	  x5:0x000000cd  x5:0x000000cd x15=0x00000000
       55015000	      5402	800042d6	ffd0c983	lbu	x19,-3(x1)	  x1:0x80020dfb x19=0x000000b3 PA:0x80020df8 load:0x000000b3
       55025000	      5403	800042da	fc508623	sb	x5,-52(x1)	  x1:0x80020dfb  x5:0x000000cd PA:0x80020dc7 store:0x000000cd load:0x00000000
       55035000	      5404	800042de	0040c803	lbu	x16,4(x1)	  x1:0x80020dfb x16=0x000000b4 PA:0x80020dff load:0x000000b4
       55045000	      5405	800042e2	fd70d783	lhu	x15,-41(x1)	  x1:0x80020dfb x15=0x00008889 PA:0x80020dd2 load:0x00008889
       55055000	      5406	800042e6	40185813	srai	x16,x16,0x1	 x16:0x000000b4 x16=0x0000005a
       55065000	      5407	800042ea	340322f3	csrrs	x5,mscratch,x6	  x6:0xffffffda  x5=0x00000001
       55075000	      5408	800042ee	03709303	lh	x6,55(x1)	  x1:0x80020dfb  x6=0xffffe8e9 PA:0x80020e32 load:0xffffe8e9
       55085000	      5409	800042f2	00a08803	lb	x16,10(x1)	  x1:0x80020dfb x16=0xffffffbe PA:0x80020e05 load:0xffffffbe
       55095000	      5410	800042f6	87fd	c.srai	x15,0x1f	 x15:0x00008889 x15=0x00000000
       55105000	      5411	800042f8	340335f3	csrrc	x11,mscratch,x6	  x6:0xffffe8e9 x11=0xffffffdb
       55115000	      5412	800042fc	83d9	c.srli	x15,0x16	 x15:0x00000000 x15=0x00000000
       55125000	      5413	800042fe	0030d583	lhu	x11,3(x1)	  x1:0x80020dfb x11=0x0000b4b5 PA:0x80020dfe load:0x0000b4b5
       55135000	      5414	80004302	0082d593	srli	x11,x5,0x8	  x5:0x00000001 x11=0x00000000
       55145000	      5415	80004306	fe808303	lb	x6,-24(x1)	  x1:0x80020dfb  x6=0xffffff98 PA:0x80020de3 load:0xffffff98
       55165000	      5417	8000430a	fe6094a3	sh	x6,-23(x1)	  x1:0x80020dfb  x6:0xffffff98 PA:0x80020de4 store:0xffffff98 load:0x00000000
       55175000	      5418	8000430e	fee0c803	lbu	x16,-18(x1)	  x1:0x80020dfb x16=0x000000a2 PA:0x80020de9 load:0x000000a2
       55185000	      5419	80004312	00a08283	lb	x5,10(x1)	  x1:0x80020dfb  x5=0xffffffbe PA:0x80020e05 load:0xffffffbe
       55195000	      5420	80004316	0065a333	slt	x6,x11,x6	 x11:0x00000000  x6:0xffffff98  x6=0x00000000
       55205000	      5421	8000431a	04508023	sb	x5,64(x1)	  x1:0x80020dfb  x5:0xffffffbe PA:0x80020e3b store:0xffffffbe load:0x00000000
       55215000	      5422	8000431e	fc80c583	lbu	x11,-56(x1)	  x1:0x80020dfb x11=0x00000078 PA:0x80020dc3 load:0x00000078
       55225000	      5423	80004322	fe808303	lb	x6,-24(x1)	  x1:0x80020dfb  x6=0xffffff98 PA:0x80020de3 load:0xffffff98
       55235000	      5424	80004326	ff90d583	lhu	x11,-7(x1)	  x1:0x80020dfb x11=0x0000aeaf PA:0x80020df4 load:0x0000aeaf
       55245000	      5425	8000432a	feb09803	lh	x16,-21(x1)	  x1:0x80020dfb x16=0xffff9c9d PA:0x80020de6 load:0xffff9c9d
       55255000	      5426	8000432e	fcf0d803	lhu	x16,-49(x1)	  x1:0x80020dfb x16=0x00008081 PA:0x80020dca load:0x00008081
       55265000	      5427	80004332	00f31333	sll	x6,x6,x15	  x6:0xffffff98 x15:0x00000000  x6=0xffffff98
       55275000	      5428	80004336	340299f3	csrrw	x19,mscratch,x5	  x5:0xffffffbe x19=0x00001712
       55315000	      5432	8000433a	02529333	mulh	x6,x5,x5	  x5:0xffffffbe  x5:0xffffffbe  x6=0x00000000
       55325000	      5433	8000433e	fec0c303	lbu	x6,-20(x1)	  x1:0x80020dfb  x6=0x0000009c PA:0x80020de7 load:0x0000009c
       55355000	      5436	80004342	02f285b3	mul	x11,x5,x15	  x5:0xffffffbe x15:0x00000000 x11=0x00000000
       55365000	      5437	80004346	0001	c.addi	x0,0	  x0:0x00000000  x0=0x00000000
       55375000	      5438	80004348	5945b793	sltiu	x15,x11,1428	 x11:0x00000000 x15=0x00000001
       55385000	      5439	8000434c	fdb08283	lb	x5,-37(x1)	  x1:0x80020dfb  x5=0xffffff8d PA:0x80020dd6 load:0xffffff8d
       55395000	      5440	80004350	02f089a3	sb	x15,51(x1)	  x1:0x80020dfb x15:0x00000001 PA:0x80020e2e store:0x00000001 load:0x00000000
       55405000	      5441	80004354	005091a3	sh	x5,3(x1)	  x1:0x80020dfb  x5:0xffffff8d PA:0x80020dfe store:0xffffff8d load:0x00000000
       55415000	      5442	80004358	020001ef	jal	x3,80004378	  x3=0x8000435c
       55435000	      5444	80004378	a021	c.j	80004380	
       55455000	      5446	80004380	2031	c.jal	8000438c	  x1=0x80004382
       55475000	      5448	8000438c	fe3ff0ef	jal	x1,8000436e	  x1=0x80004390
       55505000	      5451	8000436e	ff5ff0ef	jal	x1,80004362	  x1=0x80004372
       55525000	      5453	80004362	a025	c.j	8000438a	
       55545000	      5455	8000438a	bffd	c.j	80004388	
       55565000	      5457	80004388	bfd1	c.j	8000435c	
       55585000	      5459	8000435c	a839	c.j	8000437a	
       55605000	      5461	8000437a	3fed	c.jal	80004374	  x1=0x8000437c
       55625000	      5463	80004374	010000ef	jal	x1,80004384	  x1=0x80004378
       55645000	      5465	80004384	37e5	c.jal	8000436c	  x1=0x80004386
       55665000	      5467	8000436c	a019	c.j	80004372	
       55685000	      5469	80004372	bfe5	c.j	8000436a	
       55705000	      5471	8000436a	2809	c.jal	8000437c	  x1=0x8000436c
       55725000	      5473	8000437c	016000ef	jal	x1,80004392	  x1=0x80004380
       55745000	      5475	80004392	bfd5	c.j	80004386	
       55765000	      5477	80004386	b7c5	c.j	80004366	
       55795000	      5480	80004366	fffff9ef	jal	x19,80004364	 x19=0x8000436a
       55815000	      5482	80004364	a839	c.j	80004382	
       55835000	      5484	80004382	3ff1	c.jal	8000435e	  x1=0x80004384
       55865000	      5487	8000435e	032000ef	jal	x1,80004390	  x1=0x80004362
       55885000	      5489	80004390	2011	c.jal	80004394	  x1=0x80004392
       55905000	      5491	80004394	0001	c.addi	x0,0	  x0:0x00000000  x0=0x00000000
       55915000	      5492	80004396	00011f97	auipc	x31,0x11	 x31=0x80015396
       55925000	      5493	8000439a	381f8f93	addi	x31,x31,897	 x31:0x80015396 x31=0x80015717
       55935000	      5494	8000439e	fcef8ba3	sb	x14,-41(x31)	 x31:0x80015717 x14:0xffffffda PA:0x800156ee store:0xffffffda load:0x00000000
       55945000	      5495	800043a2	00afc183	lbu	x3,10(x31)	 x31:0x80015717  x3=0x000000da PA:0x80015721 load:0x000000da
       55955000	      5496	800043a6	0001	c.addi	x0,0	  x0:0x00000000  x0=0x00000000
       55965000	      5497	800043a8	0000100f	fence.i	
       56345000	      5535	800043ac	02986d33	rem	x26,x16,x9	 x16:0x00008081  x9:0x00000001 x26=0x00000000
       56385000	      5539	8000272c	fcafe06f	jal	x0,80000ef6	  x0=0x00000000
       56405000	      5541	80000ef6	1671	c.addi	x12,-4	 x12:0x8002cce4 x12=0x8002cce0
       56415000	      5542	80000ef8	01c62023	sw	x28,0(x12)	 x12:0x8002cce0 x28:0x80028e64 PA:0x8002cce0 store:0x80028e64 load:0x00000000
       56425000	      5543	80000efc	00060e33	add	x28,x12,x0	 x12:0x8002cce0  x0:0x00000000 x28=0x8002cce0
       56435000	      5544	80000f00	f80e0e13	addi	x28,x28,-128	 x28:0x8002cce0 x28=0x8002cc60
       56445000	      5545	80000f04	001e2223	sw	x1,4(x28)	 x28:0x8002cc60  x1:0x80004392 PA:0x8002cc64 store:0x80004392 load:0x00000000
       56455000	      5546	80000f08	002e2423	sw	x2,8(x28)	 x28:0x8002cc60  x2:0x80022717 PA:0x8002cc68 store:0x80022717 load:0x00000000
       56465000	      5547	80000f0c	003e2623	sw	x3,12(x28)	 x28:0x8002cc60  x3:0x000000da PA:0x8002cc6c store:0x000000da load:0x00000000
       56475000	      5548	80000f10	004e2823	sw	x4,16(x28)	 x28:0x8002cc60  x4:0x0000018e PA:0x8002cc70 store:0x0000018e load:0x00000000
       56485000	      5549	80000f14	005e2a23	sw	x5,20(x28)	 x28:0x8002cc60  x5:0xffffff8d PA:0x8002cc74 store:0xffffff8d load:0x00000000
       56495000	      5550	80000f18	006e2c23	sw	x6,24(x28)	 x28:0x8002cc60  x6:0x0000009c PA:0x8002cc78 store:0x0000009c load:0x00000000
       56505000	      5551	80000f1c	007e2e23	sw	x7,28(x28)	 x28:0x8002cc60  x7:0x000000da PA:0x8002cc7c store:0x000000da load:0x00000000
       56515000	      5552	80000f20	028e2023	sw	x8,32(x28)	 x28:0x8002cc60  x8:0x80000000 PA:0x8002cc80 store:0x80000000 load:0x00000000
       56525000	      5553	80000f24	029e2223	sw	x9,36(x28)	 x28:0x8002cc60  x9:0x00000001 PA:0x8002cc84 store:0x00000001 load:0x00000000
       56535000	      5554	80000f28	02ae2423	sw	x10,40(x28)	 x28:0x8002cc60 x10:0xffffffda PA:0x8002cc88 store:0xffffffda load:0x00000000
       56545000	      5555	80000f2c	02be2623	sw	x11,44(x28)	 x28:0x8002cc60 x11:0x00000000 PA:0x8002cc8c store:0x00000000 load:0x00000000
       56555000	      5556	80000f30	02ce2823	sw	x12,48(x28)	 x28:0x8002cc60 x12:0x8002cce0 PA:0x8002cc90 store:0x8002cce0 load:0x00000000
       56565000	      5557	80000f34	02de2a23	sw	x13,52(x28)	 x28:0x8002cc60 x13:0xfffffffd PA:0x8002cc94 store:0xfffffffd load:0x00000000
       56575000	      5558	80000f38	02ee2c23	sw	x14,56(x28)	 x28:0x8002cc60 x14:0xffffffda PA:0x8002cc98 store:0xffffffda load:0x00000000
       56585000	      5559	80000f3c	02fe2e23	sw	x15,60(x28)	 x28:0x8002cc60 x15:0x00000001 PA:0x8002cc9c store:0x00000001 load:0x00000000
       56595000	      5560	80000f40	050e2023	sw	x16,64(x28)	 x28:0x8002cc60 x16:0x00008081 PA:0x8002cca0 store:0x00008081 load:0x00000000
       56605000	      5561	80000f44	051e2223	sw	x17,68(x28)	 x28:0x8002cc60 x17:0x000000cd PA:0x8002cca4 store:0x000000cd load:0x00000000
       56615000	      5562	80000f48	052e2423	sw	x18,72(x28)	 x28:0x8002cc60 x18:0xffffffff PA:0x8002cca8 store:0xffffffff load:0x00000000
       56625000	      5563	80000f4c	053e2623	sw	x19,76(x28)	 x28:0x8002cc60 x19:0x8000436a PA:0x8002ccac store:0x8000436a load:0x00000000
       56635000	      5564	80000f50	054e2823	sw	x20,80(x28)	 x28:0x8002cc60 x20:0x00000000 PA:0x8002ccb0 store:0x00000000 load:0x00000000
       56645000	      5565	80000f54	055e2a23	sw	x21,84(x28)	 x28:0x8002cc60 x21:0x00000000 PA:0x8002ccb4 store:0x00000000 load:0x00000000
       56655000	      5566	80000f58	056e2c23	sw	x22,88(x28)	 x28:0x8002cc60 x22:0x00000002 PA:0x8002ccb8 store:0x00000002 load:0x00000000
       56665000	      5567	80000f5c	057e2e23	sw	x23,92(x28)	 x28:0x8002cc60 x23:0x0000009b PA:0x8002ccbc store:0x0000009b load:0x00000000
       56675000	      5568	80000f60	078e2023	sw	x24,96(x28)	 x28:0x8002cc60 x24:0xffffffeb PA:0x8002ccc0 store:0xffffffeb load:0x00000000
       56685000	      5569	80000f64	079e2223	sw	x25,100(x28)	 x28:0x8002cc60 x25:0x0000002b PA:0x8002ccc4 store:0x0000002b load:0x00000000
       56695000	      5570	80000f68	07ae2423	sw	x26,104(x28)	 x28:0x8002cc60 x26:0x00000000 PA:0x8002ccc8 store:0x00000000 load:0x00000000
       56705000	      5571	80000f6c	07be2623	sw	x27,108(x28)	 x28:0x8002cc60 x27:0x8002cc46 PA:0x8002cccc store:0x8002cc46 load:0x00000000
       56715000	      5572	80000f70	07ce2823	sw	x28,112(x28)	 x28:0x8002cc60 x28:0x8002cc60 PA:0x8002ccd0 store:0x8002cc60 load:0x00000000
       56725000	      5573	80000f74	07de2a23	sw	x29,116(x28)	 x28:0x8002cc60 x29:0x000000c8 PA:0x8002ccd4 store:0x000000c8 load:0x00000000
       56735000	      5574	80000f78	07ee2c23	sw	x30,120(x28)	 x28:0x8002cc60 x30:0xffffffc0 PA:0x8002ccd8 store:0xffffffc0 load:0x00000000
       56745000	      5575	80000f7c	07fe2e23	sw	x31,124(x28)	 x28:0x8002cc60 x31:0x80015717 PA:0x8002ccdc store:0x80015717 load:0x00000000
       56755000	      5576	80000f80	000e0633	add	x12,x28,x0	 x28:0x8002cc60  x0:0x00000000 x12=0x8002cc60
       56765000	      5577	80000f84	90000cb7	lui	x25,0x90000	 x25=0x90000000
       56775000	      5578	80000f88	1cf1	c.addi	x25,-4	 x25:0x90000000 x25=0x8ffffffc
       56785000	      5579	80000f8a	4399	c.li	x7,6	  x7=0x00000006
       56795000	      5580	80000f8c	03a2	c.slli	x7,0x8	  x7:0x00000006  x7=0x00000600
       56805000	      5581	80000f8e	00038393	addi	x7,x7,0	  x7:0x00000600  x7=0x00000600
       56815000	      5582	80000f92	007ca023	sw	x7,0(x25)	 x25:0x8ffffffc  x7:0x00000600 PA:0x8ffffffc store:0x00000600 load:0x00000000
       56825000	      5583	80000f96	342023f3	csrrs	x7,mcause,x0	  x0:0x00000000  x7=0x8000000b
       56835000	      5584	80000f9a	01f3d393	srli	x7,x7,0x1f	  x7:0x8000000b  x7=0x00000001
       56845000	      5585	80000f9e	06038863	beq	x7,x0,8000100e	  x7:0x00000001  x0:0x00000000
       56855000	      5586	80000fa2	90000cb7	lui	x25,0x90000	 x25=0x90000000
       56865000	      5587	80000fa6	1cf1	c.addi	x25,-4	 x25:0x90000000 x25=0x8ffffffc
       56875000	      5588	80000fa8	30000393	addi	x7,x0,768	  x0:0x00000000  x7=0x00000300
       56885000	      5589	80000fac	03a2	c.slli	x7,0x8	  x7:0x00000300  x7=0x00030000
       56895000	      5590	80000fae	038d	c.addi	x7,3	  x7:0x00030000  x7=0x00030003
       56905000	      5591	80000fb0	007ca023	sw	x7,0(x25)	 x25:0x8ffffffc  x7:0x00030003 PA:0x8ffffffc store:0x00030003 load:0x00000000
       56915000	      5592	80000fb4	300023f3	csrrs	x7,mstatus,x0	  x0:0x00000000  x7=0x00001880
       56925000	      5593	80000fb8	007ca023	sw	x7,0(x25)	 x25:0x8ffffffc  x7:0x00001880 PA:0x8ffffffc store:0x00001880 load:0x00000000
       56935000	      5594	80000fbc	90000cb7	lui	x25,0x90000	 x25=0x90000000
       56945000	      5595	80000fc0	1cf1	c.addi	x25,-4	 x25:0x90000000 x25=0x8ffffffc
       56955000	      5596	80000fc2	34200393	addi	x7,x0,834	  x0:0x00000000  x7=0x00000342
       56965000	      5597	80000fc6	03a2	c.slli	x7,0x8	  x7:0x00000342  x7=0x00034200
       56975000	      5598	80000fc8	038d	c.addi	x7,3	  x7:0x00034200  x7=0x00034203
       56985000	      5599	80000fca	007ca023	sw	x7,0(x25)	 x25:0x8ffffffc  x7:0x00034203 PA:0x8ffffffc store:0x00034203 load:0x00000000
       56995000	      5600	80000fce	342023f3	csrrs	x7,mcause,x0	  x0:0x00000000  x7=0x8000000b
       57005000	      5601	80000fd2	007ca023	sw	x7,0(x25)	 x25:0x8ffffffc  x7:0x8000000b PA:0x8ffffffc store:0x8000000b load:0x00000000
       57015000	      5602	80000fd6	90000cb7	lui	x25,0x90000	 x25=0x90000000
       57025000	      5603	80000fda	1cf1	c.addi	x25,-4	 x25:0x90000000 x25=0x8ffffffc
       57035000	      5604	80000fdc	30400393	addi	x7,x0,772	  x0:0x00000000  x7=0x00000304
       57045000	      5605	80000fe0	03a2	c.slli	x7,0x8	  x7:0x00000304  x7=0x00030400
       57055000	      5606	80000fe2	038d	c.addi	x7,3	  x7:0x00030400  x7=0x00030403
       57065000	      5607	80000fe4	007ca023	sw	x7,0(x25)	 x25:0x8ffffffc  x7:0x00030403 PA:0x8ffffffc store:0x00030403 load:0x00000000
       57075000	      5608	80000fe8	304023f3	csrrs	x7,mie,x0	  x0:0x00000000  x7=0x75d90888
       57085000	      5609	80000fec	007ca023	sw	x7,0(x25)	 x25:0x8ffffffc  x7:0x75d90888 PA:0x8ffffffc store:0x75d90888 load:0x00000000
       57095000	      5610	80000ff0	90000cb7	lui	x25,0x90000	 x25=0x90000000
       57105000	      5611	80000ff4	1cf1	c.addi	x25,-4	 x25:0x90000000 x25=0x8ffffffc
       57115000	      5612	80000ff6	34400393	addi	x7,x0,836	  x0:0x00000000  x7=0x00000344
       57125000	      5613	80000ffa	03a2	c.slli	x7,0x8	  x7:0x00000344  x7=0x00034400
       57135000	      5614	80000ffc	038d	c.addi	x7,3	  x7:0x00034400  x7=0x00034403
       57145000	      5615	80000ffe	007ca023	sw	x7,0(x25)	 x25:0x8ffffffc  x7:0x00034403 PA:0x8ffffffc store:0x00034403 load:0x00000000
       57155000	      5616	80001002	344023f3	csrrs	x7,mip,x0	  x0:0x00000000  x7=0x00000000
       57165000	      5617	80001006	007ca023	sw	x7,0(x25)	 x25:0x8ffffffc  x7:0x00000000 PA:0x8ffffffc store:0x00000000 load:0x00000000
       57175000	      5618	8000100a	3aa1106f	jal	x0,800123b4	  x0=0x00000000
       57195000	      5620	800123b4	300023f3	csrrs	x7,mstatus,x0	  x0:0x00000000  x7=0x00001880
       57205000	      5621	800123b8	304023f3	csrrs	x7,mie,x0	  x0:0x00000000  x7=0x75d90888
       57215000	      5622	800123bc	344023f3	csrrs	x7,mip,x0	  x0:0x00000000  x7=0x00000000
       57225000	      5623	800123c0	3443b3f3	csrrc	x7,mip,x7	  x7:0x00000000  x7=0x00000000
       57255000	      5626	800123c4	90000cb7	lui	x25,0x90000	 x25=0x90000000
       57265000	      5627	800123c8	1cf1	c.addi	x25,-4	 x25:0x90000000 x25=0x8ffffffc
       57275000	      5628	800123ca	439d	c.li	x7,7	  x7=0x00000007
       57285000	      5629	800123cc	03a2	c.slli	x7,0x8	  x7:0x00000007  x7=0x00000700
       57295000	      5630	800123ce	00038393	addi	x7,x7,0	  x7:0x00000700  x7=0x00000700
       57305000	      5631	800123d2	007ca023	sw	x7,0(x25)	 x25:0x8ffffffc  x7:0x00000700 PA:0x8ffffffc store:0x00000700 load:0x00000000
       57315000	      5632	800123d6	00060e33	add	x28,x12,x0	 x12:0x8002cc60  x0:0x00000000 x28=0x8002cc60
       57325000	      5633	800123da	004e2083	lw	x1,4(x28)	 x28:0x8002cc60  x1=0x80004392 PA:0x8002cc64 load:0x80004392
       57335000	      5634	800123de	008e2103	lw	x2,8(x28)	 x28:0x8002cc60  x2=0x80022717 PA:0x8002cc68 load:0x80022717
       57345000	      5635	800123e2	00ce2183	lw	x3,12(x28)	 x28:0x8002cc60  x3=0x000000da PA:0x8002cc6c load:0x000000da
       57355000	      5636	800123e6	010e2203	lw	x4,16(x28)	 x28:0x8002cc60  x4=0x0000018e PA:0x8002cc70 load:0x0000018e
       57365000	      5637	800123ea	014e2283	lw	x5,20(x28)	 x28:0x8002cc60  x5=0xffffff8d PA:0x8002cc74 load:0xffffff8d
       57375000	      5638	800123ee	018e2303	lw	x6,24(x28)	 x28:0x8002cc60  x6=0x0000009c PA:0x8002cc78 load:0x0000009c
       57385000	      5639	800123f2	01ce2383	lw	x7,28(x28)	 x28:0x8002cc60  x7=0x000000da PA:0x8002cc7c load:0x000000da
       57395000	      5640	800123f6	020e2403	lw	x8,32(x28)	 x28:0x8002cc60  x8=0x80000000 PA:0x8002cc80 load:0x80000000
       57405000	      5641	800123fa	024e2483	lw	x9,36(x28)	 x28:0x8002cc60  x9=0x00000001 PA:0x8002cc84 load:0x00000001
       57415000	      5642	800123fe	028e2503	lw	x10,40(x28)	 x28:0x8002cc60 x10=0xffffffda PA:0x8002cc88 load:0xffffffda
       57425000	      5643	80012402	02ce2583	lw	x11,44(x28)	 x28:0x8002cc60 x11=0x00000000 PA:0x8002cc8c load:0x00000000
       57435000	      5644	80012406	030e2603	lw	x12,48(x28)	 x28:0x8002cc60 x12=0x8002cce0 PA:0x8002cc90 load:0x8002cce0
       57445000	      5645	8001240a	034e2683	lw	x13,52(x28)	 x28:0x8002cc60 x13=0xfffffffd PA:0x8002cc94 load:0xfffffffd
       57455000	      5646	8001240e	038e2703	lw	x14,56(x28)	 x28:0x8002cc60 x14=0xffffffda PA:0x8002cc98 load:0xffffffda
       57465000	      5647	80012412	03ce2783	lw	x15,60(x28)	 x28:0x8002cc60 x15=0x00000001 PA:0x8002cc9c load:0x00000001
       57475000	      5648	80012416	040e2803	lw	x16,64(x28)	 x28:0x8002cc60 x16=0x00008081 PA:0x8002cca0 load:0x00008081
       57485000	      5649	8001241a	044e2883	lw	x17,68(x28)	 x28:0x8002cc60 x17=0x000000cd PA:0x8002cca4 load:0x000000cd
       57495000	      5650	8001241e	048e2903	lw	x18,72(x28)	 x28:0x8002cc60 x18=0xffffffff PA:0x8002cca8 load:0xffffffff
       57505000	      5651	80012422	04ce2983	lw	x19,76(x28)	 x28:0x8002cc60 x19=0x8000436a PA:0x8002ccac load:0x8000436a
       57515000	      5652	80012426	050e2a03	lw	x20,80(x28)	 x28:0x8002cc60 x20=0x00000000 PA:0x8002ccb0 load:0x00000000
       57525000	      5653	8001242a	054e2a83	lw	x21,84(x28)	 x28:0x8002cc60 x21=0x00000000 PA:0x8002ccb4 load:0x00000000
       57535000	      5654	8001242e	058e2b03	lw	x22,88(x28)	 x28:0x8002cc60 x22=0x00000002 PA:0x8002ccb8 load:0x00000002
       57545000	      5655	80012432	05ce2b83	lw	x23,92(x28)	 x28:0x8002cc60 x23=0x0000009b PA:0x8002ccbc load:0x0000009b
       57555000	      5656	80012436	060e2c03	lw	x24,96(x28)	 x28:0x8002cc60 x24=0xffffffeb PA:0x8002ccc0 load:0xffffffeb
       57565000	      5657	8001243a	064e2c83	lw	x25,100(x28)	 x28:0x8002cc60 x25=0x0000002b PA:0x8002ccc4 load:0x0000002b
       57575000	      5658	8001243e	068e2d03	lw	x26,104(x28)	 x28:0x8002cc60 x26=0x00000000 PA:0x8002ccc8 load:0x00000000
       57585000	      5659	80012442	06ce2d83	lw	x27,108(x28)	 x28:0x8002cc60 x27=0x8002cc46 PA:0x8002cccc load:0x8002cc46
       57595000	      5660	80012446	070e2e03	lw	x28,112(x28)	 x28:0x8002cc60 x28=0x8002cc60 PA:0x8002ccd0 load:0x8002cc60
       57615000	      5662	8001244a	074e2e83	lw	x29,116(x28)	 x28:0x8002cc60 x29=0x000000c8 PA:0x8002ccd4 load:0x000000c8
       57625000	      5663	8001244e	078e2f03	lw	x30,120(x28)	 x28:0x8002cc60 x30=0xffffffc0 PA:0x8002ccd8 load:0xffffffc0
       57635000	      5664	80012452	07ce2f83	lw	x31,124(x28)	 x28:0x8002cc60 x31=0x80015717 PA:0x8002ccdc load:0x80015717
       57645000	      5665	80012456	080e0e13	addi	x28,x28,128	 x28:0x8002cc60 x28=0x8002cce0
       57655000	      5666	8001245a	000e0633	add	x12,x28,x0	 x28:0x8002cce0  x0:0x00000000 x12=0x8002cce0
       57665000	      5667	8001245e	00062e03	lw	x28,0(x12)	 x12:0x8002cce0 x28=0x80028e64 PA:0x8002cce0 load:0x80028e64
       57675000	      5668	80012462	0611	c.addi	x12,4	 x12:0x8002cce0 x12=0x8002cce4
       57685000	      5669	80012464	30200073	mret	
       57715000	      5672	800043b0	004fc303	lbu	x6,4(x31)	 x31:0x80015717  x6=0x000000d0 PA:0x8001571b load:0x000000d0
       57725000	      5673	800043b4	40e25913	srai	x18,x4,0xe	  x4:0x0000018e x18=0x00000000
       57735000	      5674	800043b8	ff1f9ea3	sh	x17,-3(x31)	 x31:0x80015717 x17:0x000000cd PA:0x80015714 store:0x000000cd load:0x00000000
       57745000	      5675	800043bc	86dd	c.srai	x13,0x17	 x13:0xfffffffd x13=0xffffffff
       57755000	      5676	800043be	ffef8083	lb	x1,-2(x31)	 x31:0x80015717  x1=0x00000000 PA:0x80015715 load:0x00000000
       58125000	      5713	800043c2	037ac033	div	x0,x21,x23	 x21:0x00000000 x23:0x0000009b  x0=0x00000000
       58135000	      5714	800043c6	050f8023	sb	x16,64(x31)	 x31:0x80015717 x16:0x00008081 PA:0x80015757 store:0x00008081 load:0x00000000
       58145000	      5715	800043ca	01c31393	slli	x7,x6,0x1c	  x6:0x000000d0  x7=0x00000000
       58515000	      5752	800043ce	03dd4233	div	x4,x26,x29	 x26:0x00000000 x29:0x000000c8  x4=0x00000000
       58525000	      5753	800043d2	717d	c.addi16sp	x2,-16	  x2:0x80022717  x2=0x80022707
       58535000	      5754	800043d4	016f8aa3	sb	x22,21(x31)	 x31:0x80015717 x22:0x00000002 PA:0x8001572c store:0x00000002 load:0x00000000
       58545000	      5755	800043d8	ffef8423	sb	x30,-24(x31)	 x31:0x80015717 x30:0xffffffc0 PA:0x800156ff store:0xffffffc0 load:0x00000000
       58555000	      5756	800043dc	01cbd533	srl	x10,x23,x28	 x23:0x0000009b x28:0x80028e64 x10=0x00000009
       58595000	      5760	800043e0	030a30b3	mulhu	x1,x20,x16	 x20:0x00000000 x16:0x00008081  x1=0x00000000
       58605000	      5761	800043e4	ffbfc503	lbu	x10,-5(x31)	 x31:0x80015717 x10=0x000000c9 PA:0x80015712 load:0x000000c9
       58615000	      5762	800043e8	0000100f	fence.i	
       58635000	      5764	800043ec	005e22b3	slt	x5,x28,x5	 x28:0x80028e64  x5:0xffffff8d  x5=0x00000001
       58645000	      5765	800043f0	fcffc083	lbu	x1,-49(x31)	 x31:0x80015717  x1=0x0000009d PA:0x800156e6 load:0x0000009d
       58655000	      5766	800043f4	037f8a83	lb	x21,55(x31)	 x31:0x80015717 x21=0x00000005 PA:0x8001574e load:0x00000005
       58685000	      5769	800043f8	030888b3	mul	x17,x17,x16	 x17:0x000000cd x16:0x00008081 x17=0x0066e74d
       58695000	      5770	800043fc	981e6993	ori	x19,x28,-1663	 x28:0x80028e64 x19=0xffffffe5
       58705000	      5771	80004400	8fa5	c.xor	x15,x9	 x15:0x00000001  x9:0x00000001 x15=0x00000000
       58715000	      5772	80004402	01af8123	sb	x26,2(x31)	 x31:0x80015717 x26:0x00000000 PA:0x80015719 store:0x00000000 load:0x00000000
       58725000	      5773	80004406	026f8123	sb	x6,34(x31)	 x31:0x80015717  x6:0x000000d0 PA:0x80015739 store:0x000000d0 load:0x00000000
       58735000	      5774	8000440a	fc2f8a03	lb	x20,-62(x31)	 x31:0x80015717 x20=0xffffff92 PA:0x800156d9 load:0xffffff92
       58745000	      5775	8000440e	34003373	csrrc	x6,mscratch,x0	  x0:0x00000000  x6=0xffffffbe
       58755000	      5776	80004412	0001	c.addi	x0,0	  x0:0x00000000  x0=0x00000000
       58765000	      5777	80004414	fd7f8103	lb	x2,-41(x31)	 x31:0x80015717  x2=0xffffffda PA:0x800156ee load:0xffffffda
       58775000	      5778	80004418	01dbd233	srl	x4,x23,x29	 x23:0x0000009b x29:0x000000c8  x4=0x00000000
       58785000	      5779	8000441c	10500073	wfi	
       59455000	      5846	8000272c	fcafe06f	jal	x0,80000ef6	  x0=0x00000000
       59475000	      5848	80000ef6	1671	c.addi	x12,-4	 x12:0x8002cce4 x12=0x8002cce0
       59485000	      5849	80000ef8	01c62023	sw	x28,0(x12)	 x12:0x8002cce0 x28:0x80028e64 PA:0x8002cce0 store:0x80028e64 load:0x00000000
       59495000	      5850	80000efc	00060e33	add	x28,x12,x0	 x12:0x8002cce0  x0:0x00000000 x28=0x8002cce0
       59505000	      5851	80000f00	f80e0e13	addi	x28,x28,-128	 x28:0x8002cce0 x28=0x8002cc60
       59515000	      5852	80000f04	001e2223	sw	x1,4(x28)	 x28:0x8002cc60  x1:0x0000009d PA:0x8002cc64 store:0x0000009d load:0x00000000
       59525000	      5853	80000f08	002e2423	sw	x2,8(x28)	 x28:0x8002cc60  x2:0xffffffda PA:0x8002cc68 store:0xffffffda load:0x00000000
       59535000	      5854	80000f0c	003e2623	sw	x3,12(x28)	 x28:0x8002cc60  x3:0x000000da PA:0x8002cc6c store:0x000000da load:0x00000000
       59545000	      5855	80000f10	004e2823	sw	x4,16(x28)	 x28:0x8002cc60  x4:0x00000000 PA:0x8002cc70 store:0x00000000 load:0x00000000
       59555000	      5856	80000f14	005e2a23	sw	x5,20(x28)	 x28:0x8002cc60  x5:0x00000001 PA:0x8002cc74 store:0x00000001 load:0x00000000
       59565000	      5857	80000f18	006e2c23	sw	x6,24(x28)	 x28:0x8002cc60  x6:0xffffffbe PA:0x8002cc78 store:0xffffffbe load:0x00000000
       59575000	      5858	80000f1c	007e2e23	sw	x7,28(x28)	 x28:0x8002cc60  x7:0x00000000 PA:0x8002cc7c store:0x00000000 load:0x00000000
       59585000	      5859	80000f20	028e2023	sw	x8,32(x28)	 x28:0x8002cc60  x8:0x80000000 PA:0x8002cc80 store:0x80000000 load:0x00000000
       59595000	      5860	80000f24	029e2223	sw	x9,36(x28)	 x28:0x8002cc60  x9:0x00000001 PA:0x8002cc84 store:0x00000001 load:0x00000000
       59605000	      5861	80000f28	02ae2423	sw	x10,40(x28)	 x28:0x8002cc60 x10:0x000000c9 PA:0x8002cc88 store:0x000000c9 load:0x00000000
       59615000	      5862	80000f2c	02be2623	sw	x11,44(x28)	 x28:0x8002cc60 x11:0x00000000 PA:0x8002cc8c store:0x00000000 load:0x00000000
       59625000	      5863	80000f30	02ce2823	sw	x12,48(x28)	 x28:0x8002cc60 x12:0x8002cce0 PA:0x8002cc90 store:0x8002cce0 load:0x00000000
       59635000	      5864	80000f34	02de2a23	sw	x13,52(x28)	 x28:0x8002cc60 x13:0xffffffff PA:0x8002cc94 store:0xffffffff load:0x00000000
       59645000	      5865	80000f38	02ee2c23	sw	x14,56(x28)	 x28:0x8002cc60 x14:0xffffffda PA:0x8002cc98 store:0xffffffda load:0x00000000
       59655000	      5866	80000f3c	02fe2e23	sw	x15,60(x28)	 x28:0x8002cc60 x15:0x00000000 PA:0x8002cc9c store:0x00000000 load:0x00000000
       59665000	      5867	80000f40	050e2023	sw	x16,64(x28)	 x28:0x8002cc60 x16:0x00008081 PA:0x8002cca0 store:0x00008081 load:0x00000000
       59675000	      5868	80000f44	051e2223	sw	x17,68(x28)	 x28:0x8002cc60 x17:0x0066e74d PA:0x8002cca4 store:0x0066e74d load:0x00000000
       59685000	      5869	80000f48	052e2423	sw	x18,72(x28)	 x28:0x8002cc60 x18:0x00000000 PA:0x8002cca8 store:0x00000000 load:0x00000000
       59695000	      5870	80000f4c	053e2623	sw	x19,76(x28)	 x28:0x8002cc60 x19:0xffffffe5 PA:0x8002ccac store:0xffffffe5 load:0x00000000
       59705000	      5871	80000f50	054e2823	sw	x20,80(x28)	 x28:0x8002cc60 x20:0xffffff92 PA:0x8002ccb0 store:0xffffff92 load:0x00000000
       59715000	      5872	80000f54	055e2a23	sw	x21,84(x28)	 x28:0x8002cc60 x21:0x00000005 PA:0x8002ccb4 store:0x00000005 load:0x00000000
       59725000	      5873	80000f58	056e2c23	sw	x22,88(x28)	 x28:0x8002cc60 x22:0x00000002 PA:0x8002ccb8 store:0x00000002 load:0x00000000
       59735000	      5874	80000f5c	057e2e23	sw	x23,92(x28)	 x28:0x8002cc60 x23:0x0000009b PA:0x8002ccbc store:0x0000009b load:0x00000000
       59745000	      5875	80000f60	078e2023	sw	x24,96(x28)	 x28:0x8002cc60 x24:0xffffffeb PA:0x8002ccc0 store:0xffffffeb load:0x00000000
       59755000	      5876	80000f64	079e2223	sw	x25,100(x28)	 x28:0x8002cc60 x25:0x0000002b PA:0x8002ccc4 store:0x0000002b load:0x00000000
       59765000	      5877	80000f68	07ae2423	sw	x26,104(x28)	 x28:0x8002cc60 x26:0x00000000 PA:0x8002ccc8 store:0x00000000 load:0x00000000
       59775000	      5878	80000f6c	07be2623	sw	x27,108(x28)	 x28:0x8002cc60 x27:0x8002cc46 PA:0x8002cccc store:0x8002cc46 load:0x00000000
       59785000	      5879	80000f70	07ce2823	sw	x28,112(x28)	 x28:0x8002cc60 x28:0x8002cc60 PA:0x8002ccd0 store:0x8002cc60 load:0x00000000
       59795000	      5880	80000f74	07de2a23	sw	x29,116(x28)	 x28:0x8002cc60 x29:0x000000c8 PA:0x8002ccd4 store:0x000000c8 load:0x00000000
       59805000	      5881	80000f78	07ee2c23	sw	x30,120(x28)	 x28:0x8002cc60 x30:0xffffffc0 PA:0x8002ccd8 store:0xffffffc0 load:0x00000000
       59815000	      5882	80000f7c	07fe2e23	sw	x31,124(x28)	 x28:0x8002cc60 x31:0x80015717 PA:0x8002ccdc store:0x80015717 load:0x00000000
       59825000	      5883	80000f80	000e0633	add	x12,x28,x0	 x28:0x8002cc60  x0:0x00000000 x12=0x8002cc60
       59835000	      5884	80000f84	90000cb7	lui	x25,0x90000	 x25=0x90000000
       59845000	      5885	80000f88	1cf1	c.addi	x25,-4	 x25:0x90000000 x25=0x8ffffffc
       59855000	      5886	80000f8a	4399	c.li	x7,6	  x7=0x00000006
       59865000	      5887	80000f8c	03a2	c.slli	x7,0x8	  x7:0x00000006  x7=0x00000600
       59875000	      5888	80000f8e	00038393	addi	x7,x7,0	  x7:0x00000600  x7=0x00000600
       59885000	      5889	80000f92	007ca023	sw	x7,0(x25)	 x25:0x8ffffffc  x7:0x00000600 PA:0x8ffffffc store:0x00000600 load:0x00000000
       59895000	      5890	80000f96	342023f3	csrrs	x7,mcause,x0	  x0:0x00000000  x7=0x8000000b
       59905000	      5891	80000f9a	01f3d393	srli	x7,x7,0x1f	  x7:0x8000000b  x7=0x00000001
       59915000	      5892	80000f9e	06038863	beq	x7,x0,8000100e	  x7:0x00000001  x0:0x00000000
       59925000	      5893	80000fa2	90000cb7	lui	x25,0x90000	 x25=0x90000000
       59935000	      5894	80000fa6	1cf1	c.addi	x25,-4	 x25:0x90000000 x25=0x8ffffffc
       59945000	      5895	80000fa8	30000393	addi	x7,x0,768	  x0:0x00000000  x7=0x00000300
       59955000	      5896	80000fac	03a2	c.slli	x7,0x8	  x7:0x00000300  x7=0x00030000
       59965000	      5897	80000fae	038d	c.addi	x7,3	  x7:0x00030000  x7=0x00030003
       59975000	      5898	80000fb0	007ca023	sw	x7,0(x25)	 x25:0x8ffffffc  x7:0x00030003 PA:0x8ffffffc store:0x00030003 load:0x00000000
       59985000	      5899	80000fb4	300023f3	csrrs	x7,mstatus,x0	  x0:0x00000000  x7=0x00001880
       59995000	      5900	80000fb8	007ca023	sw	x7,0(x25)	 x25:0x8ffffffc  x7:0x00001880 PA:0x8ffffffc store:0x00001880 load:0x00000000
       60005000	      5901	80000fbc	90000cb7	lui	x25,0x90000	 x25=0x90000000
       60015000	      5902	80000fc0	1cf1	c.addi	x25,-4	 x25:0x90000000 x25=0x8ffffffc
       60025000	      5903	80000fc2	34200393	addi	x7,x0,834	  x0:0x00000000  x7=0x00000342
       60035000	      5904	80000fc6	03a2	c.slli	x7,0x8	  x7:0x00000342  x7=0x00034200
       60045000	      5905	80000fc8	038d	c.addi	x7,3	  x7:0x00034200  x7=0x00034203
       60055000	      5906	80000fca	007ca023	sw	x7,0(x25)	 x25:0x8ffffffc  x7:0x00034203 PA:0x8ffffffc store:0x00034203 load:0x00000000
       60065000	      5907	80000fce	342023f3	csrrs	x7,mcause,x0	  x0:0x00000000  x7=0x8000000b
       60075000	      5908	80000fd2	007ca023	sw	x7,0(x25)	 x25:0x8ffffffc  x7:0x8000000b PA:0x8ffffffc store:0x8000000b load:0x00000000
       60085000	      5909	80000fd6	90000cb7	lui	x25,0x90000	 x25=0x90000000
       60095000	      5910	80000fda	1cf1	c.addi	x25,-4	 x25:0x90000000 x25=0x8ffffffc
       60105000	      5911	80000fdc	30400393	addi	x7,x0,772	  x0:0x00000000  x7=0x00000304
       60115000	      5912	80000fe0	03a2	c.slli	x7,0x8	  x7:0x00000304  x7=0x00030400
       60125000	      5913	80000fe2	038d	c.addi	x7,3	  x7:0x00030400  x7=0x00030403
       60135000	      5914	80000fe4	007ca023	sw	x7,0(x25)	 x25:0x8ffffffc  x7:0x00030403 PA:0x8ffffffc store:0x00030403 load:0x00000000
       60145000	      5915	80000fe8	304023f3	csrrs	x7,mie,x0	  x0:0x00000000  x7=0x75d90888
       60155000	      5916	80000fec	007ca023	sw	x7,0(x25)	 x25:0x8ffffffc  x7:0x75d90888 PA:0x8ffffffc store:0x75d90888 load:0x00000000
       60165000	      5917	80000ff0	90000cb7	lui	x25,0x90000	 x25=0x90000000
       60175000	      5918	80000ff4	1cf1	c.addi	x25,-4	 x25:0x90000000 x25=0x8ffffffc
       60185000	      5919	80000ff6	34400393	addi	x7,x0,836	  x0:0x00000000  x7=0x00000344
       60195000	      5920	80000ffa	03a2	c.slli	x7,0x8	  x7:0x00000344  x7=0x00034400
       60205000	      5921	80000ffc	038d	c.addi	x7,3	  x7:0x00034400  x7=0x00034403
       60215000	      5922	80000ffe	007ca023	sw	x7,0(x25)	 x25:0x8ffffffc  x7:0x00034403 PA:0x8ffffffc store:0x00034403 load:0x00000000
       60225000	      5923	80001002	344023f3	csrrs	x7,mip,x0	  x0:0x00000000  x7=0x00000000
       60235000	      5924	80001006	007ca023	sw	x7,0(x25)	 x25:0x8ffffffc  x7:0x00000000 PA:0x8ffffffc store:0x00000000 load:0x00000000
       60245000	      5925	8000100a	3aa1106f	jal	x0,800123b4	  x0=0x00000000
       60265000	      5927	800123b4	300023f3	csrrs	x7,mstatus,x0	  x0:0x00000000  x7=0x00001880
       60275000	      5928	800123b8	304023f3	csrrs	x7,mie,x0	  x0:0x00000000  x7=0x75d90888
       60285000	      5929	800123bc	344023f3	csrrs	x7,mip,x0	  x0:0x00000000  x7=0x00000000
       60295000	      5930	800123c0	3443b3f3	csrrc	x7,mip,x7	  x7:0x00000000  x7=0x00000000
       60325000	      5933	800123c4	90000cb7	lui	x25,0x90000	 x25=0x90000000
       60335000	      5934	800123c8	1cf1	c.addi	x25,-4	 x25:0x90000000 x25=0x8ffffffc
       60345000	      5935	800123ca	439d	c.li	x7,7	  x7=0x00000007
       60355000	      5936	800123cc	03a2	c.slli	x7,0x8	  x7:0x00000007  x7=0x00000700
       60365000	      5937	800123ce	00038393	addi	x7,x7,0	  x7:0x00000700  x7=0x00000700
       60375000	      5938	800123d2	007ca023	sw	x7,0(x25)	 x25:0x8ffffffc  x7:0x00000700 PA:0x8ffffffc store:0x00000700 load:0x00000000
       60385000	      5939	800123d6	00060e33	add	x28,x12,x0	 x12:0x8002cc60  x0:0x00000000 x28=0x8002cc60
       60395000	      5940	800123da	004e2083	lw	x1,4(x28)	 x28:0x8002cc60  x1=0x0000009d PA:0x8002cc64 load:0x0000009d
       60405000	      5941	800123de	008e2103	lw	x2,8(x28)	 x28:0x8002cc60  x2=0xffffffda PA:0x8002cc68 load:0xffffffda
       60415000	      5942	800123e2	00ce2183	lw	x3,12(x28)	 x28:0x8002cc60  x3=0x000000da PA:0x8002cc6c load:0x000000da
       60425000	      5943	800123e6	010e2203	lw	x4,16(x28)	 x28:0x8002cc60  x4=0x00000000 PA:0x8002cc70 load:0x00000000
       60435000	      5944	800123ea	014e2283	lw	x5,20(x28)	 x28:0x8002cc60  x5=0x00000001 PA:0x8002cc74 load:0x00000001
       60445000	      5945	800123ee	018e2303	lw	x6,24(x28)	 x28:0x8002cc60  x6=0xffffffbe PA:0x8002cc78 load:0xffffffbe
       60455000	      5946	800123f2	01ce2383	lw	x7,28(x28)	 x28:0x8002cc60  x7=0x00000000 PA:0x8002cc7c load:0x00000000
       60465000	      5947	800123f6	020e2403	lw	x8,32(x28)	 x28:0x8002cc60  x8=0x80000000 PA:0x8002cc80 load:0x80000000
       60475000	      5948	800123fa	024e2483	lw	x9,36(x28)	 x28:0x8002cc60  x9=0x00000001 PA:0x8002cc84 load:0x00000001
       60485000	      5949	800123fe	028e2503	lw	x10,40(x28)	 x28:0x8002cc60 x10=0x000000c9 PA:0x8002cc88 load:0x000000c9
       60495000	      5950	80012402	02ce2583	lw	x11,44(x28)	 x28:0x8002cc60 x11=0x00000000 PA:0x8002cc8c load:0x00000000
       60505000	      5951	80012406	030e2603	lw	x12,48(x28)	 x28:0x8002cc60 x12=0x8002cce0 PA:0x8002cc90 load:0x8002cce0
       60515000	      5952	8001240a	034e2683	lw	x13,52(x28)	 x28:0x8002cc60 x13=0xffffffff PA:0x8002cc94 load:0xffffffff
       60525000	      5953	8001240e	038e2703	lw	x14,56(x28)	 x28:0x8002cc60 x14=0xffffffda PA:0x8002cc98 load:0xffffffda
       60535000	      5954	80012412	03ce2783	lw	x15,60(x28)	 x28:0x8002cc60 x15=0x00000000 PA:0x8002cc9c load:0x00000000
       60545000	      5955	80012416	040e2803	lw	x16,64(x28)	 x28:0x8002cc60 x16=0x00008081 PA:0x8002cca0 load:0x00008081
       60555000	      5956	8001241a	044e2883	lw	x17,68(x28)	 x28:0x8002cc60 x17=0x0066e74d PA:0x8002cca4 load:0x0066e74d
       60565000	      5957	8001241e	048e2903	lw	x18,72(x28)	 x28:0x8002cc60 x18=0x00000000 PA:0x8002cca8 load:0x00000000
       60575000	      5958	80012422	04ce2983	lw	x19,76(x28)	 x28:0x8002cc60 x19=0xffffffe5 PA:0x8002ccac load:0xffffffe5
       60585000	      5959	80012426	050e2a03	lw	x20,80(x28)	 x28:0x8002cc60 x20=0xffffff92 PA:0x8002ccb0 load:0xffffff92
       60595000	      5960	8001242a	054e2a83	lw	x21,84(x28)	 x28:0x8002cc60 x21=0x00000005 PA:0x8002ccb4 load:0x00000005
       60605000	      5961	8001242e	058e2b03	lw	x22,88(x28)	 x28:0x8002cc60 x22=0x00000002 PA:0x8002ccb8 load:0x00000002
       60615000	      5962	80012432	05ce2b83	lw	x23,92(x28)	 x28:0x8002cc60 x23=0x0000009b PA:0x8002ccbc load:0x0000009b
       60625000	      5963	80012436	060e2c03	lw	x24,96(x28)	 x28:0x8002cc60 x24=0xffffffeb PA:0x8002ccc0 load:0xffffffeb
       60635000	      5964	8001243a	064e2c83	lw	x25,100(x28)	 x28:0x8002cc60 x25=0x0000002b PA:0x8002ccc4 load:0x0000002b
       60645000	      5965	8001243e	068e2d03	lw	x26,104(x28)	 x28:0x8002cc60 x26=0x00000000 PA:0x8002ccc8 load:0x00000000
       60655000	      5966	80012442	06ce2d83	lw	x27,108(x28)	 x28:0x8002cc60 x27=0x8002cc46 PA:0x8002cccc load:0x8002cc46
       60665000	      5967	80012446	070e2e03	lw	x28,112(x28)	 x28:0x8002cc60 x28=0x8002cc60 PA:0x8002ccd0 load:0x8002cc60
       60685000	      5969	8001244a	074e2e83	lw	x29,116(x28)	 x28:0x8002cc60 x29=0x000000c8 PA:0x8002ccd4 load:0x000000c8
       60695000	      5970	8001244e	078e2f03	lw	x30,120(x28)	 x28:0x8002cc60 x30=0xffffffc0 PA:0x8002ccd8 load:0xffffffc0
       60705000	      5971	80012452	07ce2f83	lw	x31,124(x28)	 x28:0x8002cc60 x31=0x80015717 PA:0x8002ccdc load:0x80015717
       60715000	      5972	80012456	080e0e13	addi	x28,x28,128	 x28:0x8002cc60 x28=0x8002cce0
       60725000	      5973	8001245a	000e0633	add	x12,x28,x0	 x28:0x8002cce0  x0:0x00000000 x12=0x8002cce0
       60735000	      5974	8001245e	00062e03	lw	x28,0(x12)	 x12:0x8002cce0 x28=0x80028e64 PA:0x8002cce0 load:0x80028e64
       60745000	      5975	80012462	0611	c.addi	x12,4	 x12:0x8002cce0 x12=0x8002cce4
       60755000	      5976	80012464	30200073	mret	
       60785000	      5979	80004420	913e	c.add	x2,x15	  x2:0xffffffda x15:0x00000000  x2=0xffffffda
       60795000	      5980	80004422	8ff9	c.and	x15,x14	 x15:0x00000000 x14:0xffffffda x15=0x00000000
       60805000	      5981	80004424	022fc383	lbu	x7,34(x31)	 x31:0x80015717  x7=0x000000d0 PA:0x80015739 load:0x000000d0
       61175000	      6018	80004428	036c4eb3	div	x29,x24,x22	 x24:0xffffffeb x22:0x00000002 x29=0xfffffff6
       61185000	      6019	8000442c	00abd1b3	srl	x3,x23,x10	 x23:0x0000009b x10:0x000000c9  x3=0x00000000
       61195000	      6020	80004430	006f8103	lb	x2,6(x31)	 x31:0x80015717  x2=0xffffffd6 PA:0x8001571d load:0xffffffd6
       61205000	      6021	80004434	fdaf8c83	lb	x25,-38(x31)	 x31:0x80015717 x25=0xffffffaa PA:0x800156f1 load:0xffffffaa
       61215000	      6022	80004438	fcafc203	lbu	x4,-54(x31)	 x31:0x80015717  x4=0x0000009a PA:0x800156e1 load:0x0000009a
       61225000	      6023	8000443c	34003df3	csrrc	x27,mscratch,x0	  x0:0x00000000 x27=0xffffffbe
       61235000	      6024	80004440	f5b7f517	auipc	x10,0xf5b7f	 x10=0x75b83440
       61245000	      6025	80004444	ffbf9d83	lh	x27,-5(x31)	 x31:0x80015717 x27=0xffffc8c9 PA:0x80015712 load:0xffffc8c9
       61255000	      6026	80004448	039f99a3	sh	x25,51(x31)	 x31:0x80015717 x25:0xffffffaa PA:0x8001574a store:0xffffffaa load:0x00000000
       61265000	      6027	8000444c	016d8533	add	x10,x27,x22	 x27:0xffffc8c9 x22:0x00000002 x10=0xffffc8cb
       61275000	      6028	80004450	0ff0000f	fence	iorw,iorw	
       61285000	      6029	80004454	2b84f013	andi	x0,x9,696	  x9:0x00000001  x0=0x00000000
       61295000	      6030	80004458	02ef8f23	sb	x14,62(x31)	 x31:0x80015717 x14:0xffffffda PA:0x80015755 store:0xffffffda load:0x00000000
       61305000	      6031	8000445c	00af8103	lb	x2,10(x31)	 x31:0x80015717  x2=0xffffffda PA:0x80015721 load:0xffffffda
       61315000	      6032	80004460	0000f117	auipc	x2,0xf	  x2=0x80013460
       61325000	      6033	80004464	09510113	addi	x2,x2,149	  x2:0x80013460  x2=0x800134f5
       61335000	      6034	80004468	ff014b83	lbu	x23,-16(x2)	  x2:0x800134f5 x23=0x0000009e PA:0x800134e5 load:0x0000009e
       61345000	      6035	8000446c	ff014983	lbu	x19,-16(x2)	  x2:0x800134f5 x19=0x0000009e PA:0x800134e5 load:0x0000009e
       61355000	      6036	80004470	ff014203	lbu	x4,-16(x2)	  x2:0x800134f5  x4=0x0000009e PA:0x800134e5 load:0x0000009e
       61365000	      6037	80004474	fee10823	sb	x14,-16(x2)	  x2:0x800134f5 x14:0xffffffda PA:0x800134e5 store:0xffffffda load:0x00000000
       61375000	      6038	80004478	8ccd	c.or	x9,x11	  x9:0x00000001 x11:0x00000000  x9=0x00000001
       61385000	      6039	8000447a	fe210823	sb	x2,-16(x2)	  x2:0x800134f5  x2:0x800134f5 PA:0x800134e5 store:0x800134f5 load:0x00000000
       61395000	      6040	8000447e	ff010983	lb	x19,-16(x2)	  x2:0x800134f5 x19=0xfffffff5 PA:0x800134e5 load:0xfffffff5
       61405000	      6041	80004482	00b10583	lb	x11,11(x2)	  x2:0x800134f5 x11=0xffffffbb PA:0x80013500 load:0xffffffbb
       61425000	      6043	80004486	8595	c.srai	x11,0x5	 x11:0xffffffbb x11=0xfffffffd
       61435000	      6044	80004488	00b14183	lbu	x3,11(x2)	  x2:0x800134f5  x3=0x000000bb PA:0x80013500 load:0x000000bb
       61445000	      6045	8000448c	00f105a3	sb	x15,11(x2)	  x2:0x800134f5 x15:0x00000000 PA:0x80013500 store:0x00000000 load:0x00000000
       61455000	      6046	80004490	00314283	lbu	x5,3(x2)	  x2:0x800134f5  x5=0x000000b3 PA:0x800134f8 load:0x000000b3
       61465000	      6047	80004494	ff214883	lbu	x17,-14(x2)	  x2:0x800134f5 x17=0x0000009c PA:0x800134e7 load:0x0000009c
       61475000	      6048	80004498	ffa10a03	lb	x20,-6(x2)	  x2:0x800134f5 x20=0xffffffa4 PA:0x800134ef load:0xffffffa4
       61485000	      6049	8000449c	ffa14803	lbu	x16,-6(x2)	  x2:0x800134f5 x16=0x000000a4 PA:0x800134ef load:0x000000a4
       61495000	      6050	800044a0	be6ebb13	sltiu	x22,x29,-1050	 x29:0xfffffff6 x22=0x00000000
       61505000	      6051	800044a4	ffa10b03	lb	x22,-6(x2)	  x2:0x800134f5 x22=0xffffffa4 PA:0x800134ef load:0xffffffa4
       61515000	      6052	800044a8	00f29f13	slli	x30,x5,0xf	  x5:0x000000b3 x30=0x00598000
       61525000	      6053	800044ac	ffa10683	lb	x13,-6(x2)	  x2:0x800134f5 x13=0xffffffa4 PA:0x800134ef load:0xffffffa4
       61535000	      6054	800044b0	018125a3	sw	x24,11(x2)	  x2:0x800134f5 x24:0xffffffeb PA:0x80013500 store:0xffffffeb load:0x00000000
       61545000	      6055	800044b4	0000f197	auipc	x3,0xf	  x3=0x800134b4
       61555000	      6056	800044b8	52a18193	addi	x3,x3,1322	  x3:0x800134b4  x3=0x800139de
       61565000	      6057	800044bc	0000f097	auipc	x1,0xf	  x1=0x800134bc
       61575000	      6058	800044c0	ec508093	addi	x1,x1,-315	  x1:0x800134bc  x1=0x80013381
       61585000	      6059	800044c4	00e099a3	sh	x14,19(x1)	  x1:0x80013381 x14:0xffffffda PA:0x80013394 store:0xffffffda load:0x00000000
       61595000	      6060	800044c8	0321a103	lw	x2,50(x3)	  x3:0x800139de  x2=0xc8c9cacb PA:0x80013a10 load:0xc8c9cacb
       61605000	      6061	800044cc	01509c03	lh	x24,21(x1)	  x1:0x80013381 x24=0x00004c4d PA:0x80013396 load:0x00004c4d
       61615000	      6062	800044d0	fda08f23	sb	x26,-34(x1)	  x1:0x80013381 x26:0x00000000 PA:0x8001335f store:0x00000000 load:0x00000000
       61625000	      6063	800044d4	fc40c303	lbu	x6,-60(x1)	  x1:0x80013381  x6=0x000000fe PA:0x80013345 load:0x000000fe
       61635000	      6064	800044d8	01a19003	lh	x0,26(x3)	  x3:0x800139de  x0=0x00000000 PA:0x800139f8 load:0xffffa8b3
       61645000	      6065	800044dc	ffa1a783	lw	x15,-6(x3)	  x3:0x800139de x15=0x90919293 PA:0x800139d8 load:0x90919293
       61655000	      6066	800044e0	036183a3	sb	x22,39(x3)	  x3:0x800139de x22:0xffffffa4 PA:0x80013a05 store:0xffffffa4 load:0x00000000
       61665000	      6067	800044e4	03e08a03	lb	x20,62(x1)	  x1:0x80013381 x20=0x00000074 PA:0x800133bf load:0x00000074
       61675000	      6068	800044e8	00208223	sb	x2,4(x1)	  x1:0x80013381  x2:0xc8c9cacb PA:0x80013385 store:0xc8c9cacb load:0x00000000
       61685000	      6069	800044ec	0281df83	lhu	x31,40(x3)	  x3:0x800139de x31=0x0000bcbd PA:0x80013a06 load:0x0000bcbd
       61695000	      6070	800044f0	fc50de83	lhu	x29,-59(x1)	  x1:0x80013381 x29=0x0000fcfd PA:0x80013346 load:0x0000fcfd
       61715000	      6072	800044f4	01d091a3	sh	x29,3(x1)	  x1:0x80013381 x29:0x0000fcfd PA:0x80013384 store:0x0000fcfd load:0x00000000
       61725000	      6073	800044f8	fc10c283	lbu	x5,-63(x1)	  x1:0x80013381  x5=0x000000f9 PA:0x80013342 load:0x000000f9
       61735000	      6074	800044fc	fcd0cf83	lbu	x31,-51(x1)	  x1:0x80013381 x31=0x00000005 PA:0x8001334e load:0x00000005
       61745000	      6075	80004500	0001e297	auipc	x5,0x1e	  x5=0x80022500
       61755000	      6076	80004504	69728293	addi	x5,x5,1687	  x5:0x80022500  x5=0x80022b97
       61765000	      6077	80004508	ffa28083	lb	x1,-6(x5)	  x5:0x80022b97  x1=0x0000004a PA:0x80022b91 load:0x0000004a
       61775000	      6078	8000450c	8d99	c.sub	x11,x14	 x11:0xfffffffd x14:0xffffffda x11=0x00000023
       61785000	      6079	8000450e	01b296a3	sh	x27,13(x5)	  x5:0x80022b97 x27:0xffffc8c9 PA:0x80022ba4 store:0xffffc8c9 load:0x00000000
       61795000	      6080	80004512	fec28e23	sb	x12,-4(x5)	  x5:0x80022b97 x12:0x8002cce4 PA:0x80022b93 store:0x8002cce4 load:0x00000000
       61805000	      6081	80004516	0002ca83	lbu	x21,0(x5)	  x5:0x80022b97 x21=0x0000004c PA:0x80022b97 load:0x0000004c
       61815000	      6082	8000451a	ff22c203	lbu	x4,-14(x5)	  x5:0x80022b97  x4=0x00000042 PA:0x80022b89 load:0x00000042
       61825000	      6083	8000451e	40dfd793	srai	x15,x31,0xd	 x31:0x00000005 x15=0x00000000
       61835000	      6084	80004522	ff12a083	lw	x1,-15(x5)	  x5:0x80022b97  x1=0x40414243 PA:0x80022b88 load:0x40414243
       61845000	      6085	80004526	ff32d503	lhu	x10,-13(x5)	  x5:0x80022b97 x10=0x00004041 PA:0x80022b8a load:0x00004041
       61855000	      6086	8000452a	10500073	wfi	
       62525000	      6153	8000272c	fcafe06f	jal	x0,80000ef6	  x0=0x00000000
       62545000	      6155	80000ef6	1671	c.addi	x12,-4	 x12:0x8002cce4 x12=0x8002cce0
       62555000	      6156	80000ef8	01c62023	sw	x28,0(x12)	 x12:0x8002cce0 x28:0x80028e64 PA:0x8002cce0 store:0x80028e64 load:0x00000000
       62565000	      6157	80000efc	00060e33	add	x28,x12,x0	 x12:0x8002cce0  x0:0x00000000 x28=0x8002cce0
       62575000	      6158	80000f00	f80e0e13	addi	x28,x28,-128	 x28:0x8002cce0 x28=0x8002cc60
       62585000	      6159	80000f04	001e2223	sw	x1,4(x28)	 x28:0x8002cc60  x1:0x40414243 PA:0x8002cc64 store:0x40414243 load:0x00000000
       62595000	      6160	80000f08	002e2423	sw	x2,8(x28)	 x28:0x8002cc60  x2:0xc8c9cacb PA:0x8002cc68 store:0xc8c9cacb load:0x00000000
       62605000	      6161	80000f0c	003e2623	sw	x3,12(x28)	 x28:0x8002cc60  x3:0x800139de PA:0x8002cc6c store:0x800139de load:0x00000000
       62615000	      6162	80000f10	004e2823	sw	x4,16(x28)	 x28:0x8002cc60  x4:0x00000042 PA:0x8002cc70 store:0x00000042 load:0x00000000
       62625000	      6163	80000f14	005e2a23	sw	x5,20(x28)	 x28:0x8002cc60  x5:0x80022b97 PA:0x8002cc74 store:0x80022b97 load:0x00000000
       62635000	      6164	80000f18	006e2c23	sw	x6,24(x28)	 x28:0x8002cc60  x6:0x000000fe PA:0x8002cc78 store:0x000000fe load:0x00000000
       62645000	      6165	80000f1c	007e2e23	sw	x7,28(x28)	 x28:0x8002cc60  x7:0x000000d0 PA:0x8002cc7c store:0x000000d0 load:0x00000000
       62655000	      6166	80000f20	028e2023	sw	x8,32(x28)	 x28:0x8002cc60  x8:0x80000000 PA:0x8002cc80 store:0x80000000 load:0x00000000
       62665000	      6167	80000f24	029e2223	sw	x9,36(x28)	 x28:0x8002cc60  x9:0x00000001 PA:0x8002cc84 store:0x00000001 load:0x00000000
       62675000	      6168	80000f28	02ae2423	sw	x10,40(x28)	 x28:0x8002cc60 x10:0x00004041 PA:0x8002cc88 store:0x00004041 load:0x00000000
       62685000	      6169	80000f2c	02be2623	sw	x11,44(x28)	 x28:0x8002cc60 x11:0x00000023 PA:0x8002cc8c store:0x00000023 load:0x00000000
       62695000	      6170	80000f30	02ce2823	sw	x12,48(x28)	 x28:0x8002cc60 x12:0x8002cce0 PA:0x8002cc90 store:0x8002cce0 load:0x00000000
       62705000	      6171	80000f34	02de2a23	sw	x13,52(x28)	 x28:0x8002cc60 x13:0xffffffa4 PA:0x8002cc94 store:0xffffffa4 load:0x00000000
       62715000	      6172	80000f38	02ee2c23	sw	x14,56(x28)	 x28:0x8002cc60 x14:0xffffffda PA:0x8002cc98 store:0xffffffda load:0x00000000
       62725000	      6173	80000f3c	02fe2e23	sw	x15,60(x28)	 x28:0x8002cc60 x15:0x00000000 PA:0x8002cc9c store:0x00000000 load:0x00000000
       62735000	      6174	80000f40	050e2023	sw	x16,64(x28)	 x28:0x8002cc60 x16:0x000000a4 PA:0x8002cca0 store:0x000000a4 load:0x00000000
       62745000	      6175	80000f44	051e2223	sw	x17,68(x28)	 x28:0x8002cc60 x17:0x0000009c PA:0x8002cca4 store:0x0000009c load:0x00000000
       62755000	      6176	80000f48	052e2423	sw	x18,72(x28)	 x28:0x8002cc60 x18:0x00000000 PA:0x8002cca8 store:0x00000000 load:0x00000000
       62765000	      6177	80000f4c	053e2623	sw	x19,76(x28)	 x28:0x8002cc60 x19:0xfffffff5 PA:0x8002ccac store:0xfffffff5 load:0x00000000
       62775000	      6178	80000f50	054e2823	sw	x20,80(x28)	 x28:0x8002cc60 x20:0x00000074 PA:0x8002ccb0 store:0x00000074 load:0x00000000
       62785000	      6179	80000f54	055e2a23	sw	x21,84(x28)	 x28:0x8002cc60 x21:0x0000004c PA:0x8002ccb4 store:0x0000004c load:0x00000000
       62795000	      6180	80000f58	056e2c23	sw	x22,88(x28)	 x28:0x8002cc60 x22:0xffffffa4 PA:0x8002ccb8 store:0xffffffa4 load:0x00000000
       62805000	      6181	80000f5c	057e2e23	sw	x23,92(x28)	 x28:0x8002cc60 x23:0x0000009e PA:0x8002ccbc store:0x0000009e load:0x00000000
       62815000	      6182	80000f60	078e2023	sw	x24,96(x28)	 x28:0x8002cc60 x24:0x00004c4d PA:0x8002ccc0 store:0x00004c4d load:0x00000000
       62825000	      6183	80000f64	079e2223	sw	x25,100(x28)	 x28:0x8002cc60 x25:0xffffffaa PA:0x8002ccc4 store:0xffffffaa load:0x00000000
       62835000	      6184	80000f68	07ae2423	sw	x26,104(x28)	 x28:0x8002cc60 x26:0x00000000 PA:0x8002ccc8 store:0x00000000 load:0x00000000
       62845000	      6185	80000f6c	07be2623	sw	x27,108(x28)	 x28:0x8002cc60 x27:0xffffc8c9 PA:0x8002cccc store:0xffffc8c9 load:0x00000000
       62855000	      6186	80000f70	07ce2823	sw	x28,112(x28)	 x28:0x8002cc60 x28:0x8002cc60 PA:0x8002ccd0 store:0x8002cc60 load:0x00000000
       62865000	      6187	80000f74	07de2a23	sw	x29,116(x28)	 x28:0x8002cc60 x29:0x0000fcfd PA:0x8002ccd4 store:0x0000fcfd load:0x00000000
       62875000	      6188	80000f78	07ee2c23	sw	x30,120(x28)	 x28:0x8002cc60 x30:0x00598000 PA:0x8002ccd8 store:0x00598000 load:0x00000000
       62885000	      6189	80000f7c	07fe2e23	sw	x31,124(x28)	 x28:0x8002cc60 x31:0x00000005 PA:0x8002ccdc store:0x00000005 load:0x00000000
       62895000	      6190	80000f80	000e0633	add	x12,x28,x0	 x28:0x8002cc60  x0:0x00000000 x12=0x8002cc60
       62905000	      6191	80000f84	90000cb7	lui	x25,0x90000	 x25=0x90000000
       62915000	      6192	80000f88	1cf1	c.addi	x25,-4	 x25:0x90000000 x25=0x8ffffffc
       62925000	      6193	80000f8a	4399	c.li	x7,6	  x7=0x00000006
       62935000	      6194	80000f8c	03a2	c.slli	x7,0x8	  x7:0x00000006  x7=0x00000600
       62945000	      6195	80000f8e	00038393	addi	x7,x7,0	  x7:0x00000600  x7=0x00000600
       62955000	      6196	80000f92	007ca023	sw	x7,0(x25)	 x25:0x8ffffffc  x7:0x00000600 PA:0x8ffffffc store:0x00000600 load:0x00000000
       62965000	      6197	80000f96	342023f3	csrrs	x7,mcause,x0	  x0:0x00000000  x7=0x8000000b
       62975000	      6198	80000f9a	01f3d393	srli	x7,x7,0x1f	  x7:0x8000000b  x7=0x00000001
       62985000	      6199	80000f9e	06038863	beq	x7,x0,8000100e	  x7:0x00000001  x0:0x00000000
       62995000	      6200	80000fa2	90000cb7	lui	x25,0x90000	 x25=0x90000000
       63005000	      6201	80000fa6	1cf1	c.addi	x25,-4	 x25:0x90000000 x25=0x8ffffffc
       63015000	      6202	80000fa8	30000393	addi	x7,x0,768	  x0:0x00000000  x7=0x00000300
       63025000	      6203	80000fac	03a2	c.slli	x7,0x8	  x7:0x00000300  x7=0x00030000
       63035000	      6204	80000fae	038d	c.addi	x7,3	  x7:0x00030000  x7=0x00030003
       63045000	      6205	80000fb0	007ca023	sw	x7,0(x25)	 x25:0x8ffffffc  x7:0x00030003 PA:0x8ffffffc store:0x00030003 load:0x00000000
       63055000	      6206	80000fb4	300023f3	csrrs	x7,mstatus,x0	  x0:0x00000000  x7=0x00001880
       63065000	      6207	80000fb8	007ca023	sw	x7,0(x25)	 x25:0x8ffffffc  x7:0x00001880 PA:0x8ffffffc store:0x00001880 load:0x00000000
       63075000	      6208	80000fbc	90000cb7	lui	x25,0x90000	 x25=0x90000000
       63085000	      6209	80000fc0	1cf1	c.addi	x25,-4	 x25:0x90000000 x25=0x8ffffffc
       63095000	      6210	80000fc2	34200393	addi	x7,x0,834	  x0:0x00000000  x7=0x00000342
       63105000	      6211	80000fc6	03a2	c.slli	x7,0x8	  x7:0x00000342  x7=0x00034200
       63115000	      6212	80000fc8	038d	c.addi	x7,3	  x7:0x00034200  x7=0x00034203
       63125000	      6213	80000fca	007ca023	sw	x7,0(x25)	 x25:0x8ffffffc  x7:0x00034203 PA:0x8ffffffc store:0x00034203 load:0x00000000
       63135000	      6214	80000fce	342023f3	csrrs	x7,mcause,x0	  x0:0x00000000  x7=0x8000000b
       63145000	      6215	80000fd2	007ca023	sw	x7,0(x25)	 x25:0x8ffffffc  x7:0x8000000b PA:0x8ffffffc store:0x8000000b load:0x00000000
       63155000	      6216	80000fd6	90000cb7	lui	x25,0x90000	 x25=0x90000000
       63165000	      6217	80000fda	1cf1	c.addi	x25,-4	 x25:0x90000000 x25=0x8ffffffc
       63175000	      6218	80000fdc	30400393	addi	x7,x0,772	  x0:0x00000000  x7=0x00000304
       63185000	      6219	80000fe0	03a2	c.slli	x7,0x8	  x7:0x00000304  x7=0x00030400
       63195000	      6220	80000fe2	038d	c.addi	x7,3	  x7:0x00030400  x7=0x00030403
       63205000	      6221	80000fe4	007ca023	sw	x7,0(x25)	 x25:0x8ffffffc  x7:0x00030403 PA:0x8ffffffc store:0x00030403 load:0x00000000
       63215000	      6222	80000fe8	304023f3	csrrs	x7,mie,x0	  x0:0x00000000  x7=0x75d90888
       63225000	      6223	80000fec	007ca023	sw	x7,0(x25)	 x25:0x8ffffffc  x7:0x75d90888 PA:0x8ffffffc store:0x75d90888 load:0x00000000
       63235000	      6224	80000ff0	90000cb7	lui	x25,0x90000	 x25=0x90000000
       63245000	      6225	80000ff4	1cf1	c.addi	x25,-4	 x25:0x90000000 x25=0x8ffffffc
       63255000	      6226	80000ff6	34400393	addi	x7,x0,836	  x0:0x00000000  x7=0x00000344
       63265000	      6227	80000ffa	03a2	c.slli	x7,0x8	  x7:0x00000344  x7=0x00034400
       63275000	      6228	80000ffc	038d	c.addi	x7,3	  x7:0x00034400  x7=0x00034403
       63285000	      6229	80000ffe	007ca023	sw	x7,0(x25)	 x25:0x8ffffffc  x7:0x00034403 PA:0x8ffffffc store:0x00034403 load:0x00000000
       63295000	      6230	80001002	344023f3	csrrs	x7,mip,x0	  x0:0x00000000  x7=0x00000000
       63305000	      6231	80001006	007ca023	sw	x7,0(x25)	 x25:0x8ffffffc  x7:0x00000000 PA:0x8ffffffc store:0x00000000 load:0x00000000
       63315000	      6232	8000100a	3aa1106f	jal	x0,800123b4	  x0=0x00000000
       63335000	      6234	800123b4	300023f3	csrrs	x7,mstatus,x0	  x0:0x00000000  x7=0x00001880
       63345000	      6235	800123b8	304023f3	csrrs	x7,mie,x0	  x0:0x00000000  x7=0x75d90888
       63355000	      6236	800123bc	344023f3	csrrs	x7,mip,x0	  x0:0x00000000  x7=0x00000000
       63365000	      6237	800123c0	3443b3f3	csrrc	x7,mip,x7	  x7:0x00000000  x7=0x00000000
       63395000	      6240	800123c4	90000cb7	lui	x25,0x90000	 x25=0x90000000
       63405000	      6241	800123c8	1cf1	c.addi	x25,-4	 x25:0x90000000 x25=0x8ffffffc
       63415000	      6242	800123ca	439d	c.li	x7,7	  x7=0x00000007
       63425000	      6243	800123cc	03a2	c.slli	x7,0x8	  x7:0x00000007  x7=0x00000700
       63435000	      6244	800123ce	00038393	addi	x7,x7,0	  x7:0x00000700  x7=0x00000700
       63445000	      6245	800123d2	007ca023	sw	x7,0(x25)	 x25:0x8ffffffc  x7:0x00000700 PA:0x8ffffffc store:0x00000700 load:0x00000000
       63455000	      6246	800123d6	00060e33	add	x28,x12,x0	 x12:0x8002cc60  x0:0x00000000 x28=0x8002cc60
       63465000	      6247	800123da	004e2083	lw	x1,4(x28)	 x28:0x8002cc60  x1=0x40414243 PA:0x8002cc64 load:0x40414243
       63475000	      6248	800123de	008e2103	lw	x2,8(x28)	 x28:0x8002cc60  x2=0xc8c9cacb PA:0x8002cc68 load:0xc8c9cacb
       63485000	      6249	800123e2	00ce2183	lw	x3,12(x28)	 x28:0x8002cc60  x3=0x800139de PA:0x8002cc6c load:0x800139de
       63495000	      6250	800123e6	010e2203	lw	x4,16(x28)	 x28:0x8002cc60  x4=0x00000042 PA:0x8002cc70 load:0x00000042
       63505000	      6251	800123ea	014e2283	lw	x5,20(x28)	 x28:0x8002cc60  x5=0x80022b97 PA:0x8002cc74 load:0x80022b97
       63515000	      6252	800123ee	018e2303	lw	x6,24(x28)	 x28:0x8002cc60  x6=0x000000fe PA:0x8002cc78 load:0x000000fe
       63525000	      6253	800123f2	01ce2383	lw	x7,28(x28)	 x28:0x8002cc60  x7=0x000000d0 PA:0x8002cc7c load:0x000000d0
       63535000	      6254	800123f6	020e2403	lw	x8,32(x28)	 x28:0x8002cc60  x8=0x80000000 PA:0x8002cc80 load:0x80000000
       63545000	      6255	800123fa	024e2483	lw	x9,36(x28)	 x28:0x8002cc60  x9=0x00000001 PA:0x8002cc84 load:0x00000001
       63555000	      6256	800123fe	028e2503	lw	x10,40(x28)	 x28:0x8002cc60 x10=0x00004041 PA:0x8002cc88 load:0x00004041
       63565000	      6257	80012402	02ce2583	lw	x11,44(x28)	 x28:0x8002cc60 x11=0x00000023 PA:0x8002cc8c load:0x00000023
       63575000	      6258	80012406	030e2603	lw	x12,48(x28)	 x28:0x8002cc60 x12=0x8002cce0 PA:0x8002cc90 load:0x8002cce0
       63585000	      6259	8001240a	034e2683	lw	x13,52(x28)	 x28:0x8002cc60 x13=0xffffffa4 PA:0x8002cc94 load:0xffffffa4
       63595000	      6260	8001240e	038e2703	lw	x14,56(x28)	 x28:0x8002cc60 x14=0xffffffda PA:0x8002cc98 load:0xffffffda
       63605000	      6261	80012412	03ce2783	lw	x15,60(x28)	 x28:0x8002cc60 x15=0x00000000 PA:0x8002cc9c load:0x00000000
       63615000	      6262	80012416	040e2803	lw	x16,64(x28)	 x28:0x8002cc60 x16=0x000000a4 PA:0x8002cca0 load:0x000000a4
       63625000	      6263	8001241a	044e2883	lw	x17,68(x28)	 x28:0x8002cc60 x17=0x0000009c PA:0x8002cca4 load:0x0000009c
       63635000	      6264	8001241e	048e2903	lw	x18,72(x28)	 x28:0x8002cc60 x18=0x00000000 PA:0x8002cca8 load:0x00000000
       63645000	      6265	80012422	04ce2983	lw	x19,76(x28)	 x28:0x8002cc60 x19=0xfffffff5 PA:0x8002ccac load:0xfffffff5
       63655000	      6266	80012426	050e2a03	lw	x20,80(x28)	 x28:0x8002cc60 x20=0x00000074 PA:0x8002ccb0 load:0x00000074
       63665000	      6267	8001242a	054e2a83	lw	x21,84(x28)	 x28:0x8002cc60 x21=0x0000004c PA:0x8002ccb4 load:0x0000004c
       63675000	      6268	8001242e	058e2b03	lw	x22,88(x28)	 x28:0x8002cc60 x22=0xffffffa4 PA:0x8002ccb8 load:0xffffffa4
       63685000	      6269	80012432	05ce2b83	lw	x23,92(x28)	 x28:0x8002cc60 x23=0x0000009e PA:0x8002ccbc load:0x0000009e
       63695000	      6270	80012436	060e2c03	lw	x24,96(x28)	 x28:0x8002cc60 x24=0x00004c4d PA:0x8002ccc0 load:0x00004c4d
       63705000	      6271	8001243a	064e2c83	lw	x25,100(x28)	 x28:0x8002cc60 x25=0xffffffaa PA:0x8002ccc4 load:0xffffffaa
       63715000	      6272	8001243e	068e2d03	lw	x26,104(x28)	 x28:0x8002cc60 x26=0x00000000 PA:0x8002ccc8 load:0x00000000
       63725000	      6273	80012442	06ce2d83	lw	x27,108(x28)	 x28:0x8002cc60 x27=0xffffc8c9 PA:0x8002cccc load:0xffffc8c9
       63735000	      6274	80012446	070e2e03	lw	x28,112(x28)	 x28:0x8002cc60 x28=0x8002cc60 PA:0x8002ccd0 load:0x8002cc60
       63755000	      6276	8001244a	074e2e83	lw	x29,116(x28)	 x28:0x8002cc60 x29=0x0000fcfd PA:0x8002ccd4 load:0x0000fcfd
       63765000	      6277	8001244e	078e2f03	lw	x30,120(x28)	 x28:0x8002cc60 x30=0x00598000 PA:0x8002ccd8 load:0x00598000
       63775000	      6278	80012452	07ce2f83	lw	x31,124(x28)	 x28:0x8002cc60 x31=0x00000005 PA:0x8002ccdc load:0x00000005
       63785000	      6279	80012456	080e0e13	addi	x28,x28,128	 x28:0x8002cc60 x28=0x8002cce0
       63795000	      6280	8001245a	000e0633	add	x12,x28,x0	 x28:0x8002cce0  x0:0x00000000 x12=0x8002cce0
       63805000	      6281	8001245e	00062e03	lw	x28,0(x12)	 x12:0x8002cce0 x28=0x80028e64 PA:0x8002cce0 load:0x80028e64
       63815000	      6282	80012462	0611	c.addi	x12,4	 x12:0x8002cce0 x12=0x8002cce4
       63825000	      6283	80012464	30200073	mret	
       63865000	      6287	8000452e	017290a3	sh	x23,1(x5)	  x5:0x80022b97 x23:0x0000009e PA:0x80022b98 store:0x0000009e load:0x00000000
       63875000	      6288	80004532	0012ac83	lw	x25,1(x5)	  x5:0x80022b97 x25=0x5051009e PA:0x80022b98 load:0x5051009e
       63885000	      6289	80004536	ffb29003	lh	x0,-5(x5)	  x5:0x80022b97  x0=0x00000000 PA:0x80022b92 load:0xffffe449
       63895000	      6290	8000453a	ff128a83	lb	x21,-15(x5)	  x5:0x80022b97 x21=0x00000043 PA:0x80022b88 load:0x00000043
       63905000	      6291	8000453e	00e28483	lb	x9,14(x5)	  x5:0x80022b97  x9=0xffffffc8 PA:0x80022ba5 load:0xffffffc8
       63915000	      6292	80004542	01428823	sb	x20,16(x5)	  x5:0x80022b97 x20:0x00000074 PA:0x80022ba7 store:0x00000074 load:0x00000000
       63925000	      6293	80004546	ffe2a8a3	sw	x30,-15(x5)	  x5:0x80022b97 x30:0x00598000 PA:0x80022b88 store:0x00598000 load:0x00000000
       63935000	      6294	8000454a	ffa28083	lb	x1,-6(x5)	  x5:0x80022b97  x1=0x0000004a PA:0x80022b91 load:0x0000004a
       63945000	      6295	8000454e	00628203	lb	x4,6(x5)	  x5:0x80022b97  x4=0x00000056 PA:0x80022b9d load:0x00000056
       63955000	      6296	80004552	ffa28e83	lb	x29,-6(x5)	  x5:0x80022b97 x29=0x0000004a PA:0x80022b91 load:0x0000004a
       63965000	      6297	80004556	340b39f3	csrrc	x19,mscratch,x22	 x22:0xffffffa4 x19=0xffffffbe
       63975000	      6298	8000455a	ffd29a03	lh	x20,-3(x5)	  x5:0x80022b97 x20=0x00004e4f PA:0x80022b94 load:0x00004e4f
       63995000	      6300	8000455e	006a6f33	or	x30,x20,x6	 x20:0x00004e4f  x6:0x000000fe x30=0x00004eff
       64005000	      6301	80004562	ffc2aea3	sw	x28,-3(x5)	  x5:0x80022b97 x28:0x80028e64 PA:0x80022b94 store:0x80028e64 load:0x00000000
       64375000	      6338	80004566	0397ebb3	rem	x23,x15,x25	 x15:0x00000000 x25:0x5051009e x23=0x00000000
       64385000	      6339	8000456a	008150b3	srl	x1,x2,x8	  x2:0xc8c9cacb  x8:0x80000000  x1=0xc8c9cacb
       64395000	      6340	8000456e	00f287a3	sb	x15,15(x5)	  x5:0x80022b97 x15:0x00000000 PA:0x80022ba6 store:0x00000000 load:0x00000000
       64405000	      6341	80004572	00f28383	lb	x7,15(x5)	  x5:0x80022b97  x7=0x00000000 PA:0x80022ba6 load:0x00000000
       64415000	      6342	80004576	89666713	ori	x14,x12,-1898	 x12:0x8002cce4 x14=0xfffffcf6
       64425000	      6343	8000457a	01028223	sb	x16,4(x5)	  x5:0x80022b97 x16:0x000000a4 PA:0x80022b9b store:0x000000a4 load:0x00000000
       64435000	      6344	8000457e	000c6bb3	or	x23,x24,x0	 x24:0x00004c4d  x0:0x00000000 x23=0x00004c4d
       64445000	      6345	80004582	0052c903	lbu	x18,5(x5)	  x5:0x80022b97 x18=0x00000057 PA:0x80022b9c load:0x00000057
       64455000	      6346	80004586	0197af33	slt	x30,x15,x25	 x15:0x00000000 x25:0x5051009e x30=0x00000001
       64465000	      6347	8000458a	340f3273	csrrc	x4,mscratch,x30	 x30:0x00000001  x4=0x0000001a
       64475000	      6348	8000458e	0032dd03	lhu	x26,3(x5)	  x5:0x80022b97 x26=0x0000a451 PA:0x80022b9a load:0x0000a451
       64485000	      6349	80004592	415508b3	sub	x17,x10,x21	 x10:0x00004041 x21:0x00000043 x17=0x00003ffe
       64495000	      6350	80004596	0092a703	lw	x14,9(x5)	  x5:0x80022b97 x14=0x58595a5b PA:0x80022ba0 load:0x58595a5b
       64505000	      6351	8000459a	006001ef	jal	x3,800045a0	  x3=0x8000459e
       64525000	      6353	800045a0	046006ef	jal	x13,800045e6	 x13=0x800045a4
       64555000	      6356	800045e6	fc5ff0ef	jal	x1,800045aa	  x1=0x800045ea
       64575000	      6358	800045aa	a82d	c.j	800045e4	
       64595000	      6360	800045e4	37e9	c.jal	800045ae	  x1=0x800045e6
       64615000	      6362	800045ae	a809	c.j	800045c0	
       64635000	      6364	800045c0	ff9ff0ef	jal	x1,800045b8	  x1=0x800045c4
       64655000	      6366	800045b8	a039	c.j	800045c6	
       64675000	      6368	800045c6	bfdd	c.j	800045bc	
       64695000	      6370	800045bc	012001ef	jal	x3,800045ce	  x3=0x800045c0
       64715000	      6372	800045ce	3fd9	c.jal	800045a4	  x1=0x800045d0
       64735000	      6374	800045a4	00e000ef	jal	x1,800045b2	  x1=0x800045a8
       64755000	      6376	800045b2	a021	c.j	800045ba	
       64775000	      6378	800045ba	3fcd	c.jal	800045ac	  x1=0x800045bc
       64795000	      6380	800045ac	2015	c.jal	800045d0	  x1=0x800045ae
       64815000	      6382	800045d0	fd9ff0ef	jal	x1,800045a8	  x1=0x800045d4
       64835000	      6384	800045a8	a831	c.j	800045c4	
       64855000	      6386	800045c4	2819	c.jal	800045da	  x1=0x800045c6
       64875000	      6388	800045da	2009	c.jal	800045dc	  x1=0x800045dc
       64895000	      6390	800045dc	ffbff0ef	jal	x1,800045d6	  x1=0x800045e0
       64925000	      6393	800045d6	ff7ff36f	jal	x6,800045cc	  x6=0x800045da
       64945000	      6395	800045cc	a811	c.j	800045e0	
       64965000	      6397	800045e0	fd7ff36f	jal	x6,800045b6	  x6=0x800045e4
       64985000	      6399	800045b6	37e5	c.jal	8000459e	  x1=0x800045b8
       65005000	      6401	8000459e	a81d	c.j	800045d4	
       65025000	      6403	800045d4	37c5	c.jal	800045b4	  x1=0x800045d6
       65045000	      6405	800045b4	3ff5	c.jal	800045b0	  x1=0x800045b6
       65065000	      6407	800045b0	a821	c.j	800045c8	
       65085000	      6409	800045c8	0220036f	jal	x6,800045ea	  x6=0x800045cc
       65475000	      6448	800045ea	02db6933	rem	x18,x22,x13	 x22:0xffffffa4 x13:0x800045a4 x18=0xffffffa4
       65485000	      6449	800045ee	0001e797	auipc	x15,0x1e	 x15=0x800225ee
       65495000	      6450	800045f2	2f678793	addi	x15,x15,758	 x15:0x800225ee x15=0x800228e4
       65505000	      6451	800045f6	00011f97	auipc	x31,0x11	 x31=0x800155f6
       65515000	      6452	800045fa	f87f8f93	addi	x31,x31,-121	 x31:0x800155f6 x31=0x8001557d
       65525000	      6453	800045fe	fe37a823	sw	x3,-16(x15)	 x15:0x800228e4  x3:0x800045c0 PA:0x800228d4 store:0x800045c0 load:0x00000000
       65535000	      6454	80004602	ff178083	lb	x1,-15(x15)	 x15:0x800228e4  x1=0x00000045 PA:0x800228d5 load:0x00000045
       65545000	      6455	80004606	ffc78983	lb	x19,-4(x15)	 x15:0x800228e4 x19=0xffffff9b PA:0x800228e0 load:0xffffff9b
       65555000	      6456	8000460a	014f93a3	sh	x20,7(x31)	 x31:0x8001557d x20:0x00004e4f PA:0x80015584 store:0x00004e4f load:0x00000000
       65595000	      6460	8000272c	fcafe06f	jal	x0,80000ef6	  x0=0x00000000
       65615000	      6462	80000ef6	1671	c.addi	x12,-4	 x12:0x8002cce4 x12=0x8002cce0
       65625000	      6463	80000ef8	01c62023	sw	x28,0(x12)	 x12:0x8002cce0 x28:0x80028e64 PA:0x8002cce0 store:0x80028e64 load:0x00000000
       65635000	      6464	80000efc	00060e33	add	x28,x12,x0	 x12:0x8002cce0  x0:0x00000000 x28=0x8002cce0
       65645000	      6465	80000f00	f80e0e13	addi	x28,x28,-128	 x28:0x8002cce0 x28=0x8002cc60
       65655000	      6466	80000f04	001e2223	sw	x1,4(x28)	 x28:0x8002cc60  x1:0x00000045 PA:0x8002cc64 store:0x00000045 load:0x00000000
       65665000	      6467	80000f08	002e2423	sw	x2,8(x28)	 x28:0x8002cc60  x2:0xc8c9cacb PA:0x8002cc68 store:0xc8c9cacb load:0x00000000
       65675000	      6468	80000f0c	003e2623	sw	x3,12(x28)	 x28:0x8002cc60  x3:0x800045c0 PA:0x8002cc6c store:0x800045c0 load:0x00000000
       65685000	      6469	80000f10	004e2823	sw	x4,16(x28)	 x28:0x8002cc60  x4:0x0000001a PA:0x8002cc70 store:0x0000001a load:0x00000000
       65695000	      6470	80000f14	005e2a23	sw	x5,20(x28)	 x28:0x8002cc60  x5:0x80022b97 PA:0x8002cc74 store:0x80022b97 load:0x00000000
       65705000	      6471	80000f18	006e2c23	sw	x6,24(x28)	 x28:0x8002cc60  x6:0x800045cc PA:0x8002cc78 store:0x800045cc load:0x00000000
       65715000	      6472	80000f1c	007e2e23	sw	x7,28(x28)	 x28:0x8002cc60  x7:0x00000000 PA:0x8002cc7c store:0x00000000 load:0x00000000
       65725000	      6473	80000f20	028e2023	sw	x8,32(x28)	 x28:0x8002cc60  x8:0x80000000 PA:0x8002cc80 store:0x80000000 load:0x00000000
       65735000	      6474	80000f24	029e2223	sw	x9,36(x28)	 x28:0x8002cc60  x9:0xffffffc8 PA:0x8002cc84 store:0xffffffc8 load:0x00000000
       65745000	      6475	80000f28	02ae2423	sw	x10,40(x28)	 x28:0x8002cc60 x10:0x00004041 PA:0x8002cc88 store:0x00004041 load:0x00000000
       65755000	      6476	80000f2c	02be2623	sw	x11,44(x28)	 x28:0x8002cc60 x11:0x00000023 PA:0x8002cc8c store:0x00000023 load:0x00000000
       65765000	      6477	80000f30	02ce2823	sw	x12,48(x28)	 x28:0x8002cc60 x12:0x8002cce0 PA:0x8002cc90 store:0x8002cce0 load:0x00000000
       65775000	      6478	80000f34	02de2a23	sw	x13,52(x28)	 x28:0x8002cc60 x13:0x800045a4 PA:0x8002cc94 store:0x800045a4 load:0x00000000
       65785000	      6479	80000f38	02ee2c23	sw	x14,56(x28)	 x28:0x8002cc60 x14:0x58595a5b PA:0x8002cc98 store:0x58595a5b load:0x00000000
       65795000	      6480	80000f3c	02fe2e23	sw	x15,60(x28)	 x28:0x8002cc60 x15:0x800228e4 PA:0x8002cc9c store:0x800228e4 load:0x00000000
       65805000	      6481	80000f40	050e2023	sw	x16,64(x28)	 x28:0x8002cc60 x16:0x000000a4 PA:0x8002cca0 store:0x000000a4 load:0x00000000
       65815000	      6482	80000f44	051e2223	sw	x17,68(x28)	 x28:0x8002cc60 x17:0x00003ffe PA:0x8002cca4 store:0x00003ffe load:0x00000000
       65825000	      6483	80000f48	052e2423	sw	x18,72(x28)	 x28:0x8002cc60 x18:0xffffffa4 PA:0x8002cca8 store:0xffffffa4 load:0x00000000
       65835000	      6484	80000f4c	053e2623	sw	x19,76(x28)	 x28:0x8002cc60 x19:0xffffff9b PA:0x8002ccac store:0xffffff9b load:0x00000000
       65845000	      6485	80000f50	054e2823	sw	x20,80(x28)	 x28:0x8002cc60 x20:0x00004e4f PA:0x8002ccb0 store:0x00004e4f load:0x00000000
       65855000	      6486	80000f54	055e2a23	sw	x21,84(x28)	 x28:0x8002cc60 x21:0x00000043 PA:0x8002ccb4 store:0x00000043 load:0x00000000
       65865000	      6487	80000f58	056e2c23	sw	x22,88(x28)	 x28:0x8002cc60 x22:0xffffffa4 PA:0x8002ccb8 store:0xffffffa4 load:0x00000000
       65875000	      6488	80000f5c	057e2e23	sw	x23,92(x28)	 x28:0x8002cc60 x23:0x00004c4d PA:0x8002ccbc store:0x00004c4d load:0x00000000
       65885000	      6489	80000f60	078e2023	sw	x24,96(x28)	 x28:0x8002cc60 x24:0x00004c4d PA:0x8002ccc0 store:0x00004c4d load:0x00000000
       65895000	      6490	80000f64	079e2223	sw	x25,100(x28)	 x28:0x8002cc60 x25:0x5051009e PA:0x8002ccc4 store:0x5051009e load:0x00000000
       65905000	      6491	80000f68	07ae2423	sw	x26,104(x28)	 x28:0x8002cc60 x26:0x0000a451 PA:0x8002ccc8 store:0x0000a451 load:0x00000000
       65915000	      6492	80000f6c	07be2623	sw	x27,108(x28)	 x28:0x8002cc60 x27:0xffffc8c9 PA:0x8002cccc store:0xffffc8c9 load:0x00000000
       65925000	      6493	80000f70	07ce2823	sw	x28,112(x28)	 x28:0x8002cc60 x28:0x8002cc60 PA:0x8002ccd0 store:0x8002cc60 load:0x00000000
       65935000	      6494	80000f74	07de2a23	sw	x29,116(x28)	 x28:0x8002cc60 x29:0x0000004a PA:0x8002ccd4 store:0x0000004a load:0x00000000
       65945000	      6495	80000f78	07ee2c23	sw	x30,120(x28)	 x28:0x8002cc60 x30:0x00000001 PA:0x8002ccd8 store:0x00000001 load:0x00000000
       65955000	      6496	80000f7c	07fe2e23	sw	x31,124(x28)	 x28:0x8002cc60 x31:0x8001557d PA:0x8002ccdc store:0x8001557d load:0x00000000
       65965000	      6497	80000f80	000e0633	add	x12,x28,x0	 x28:0x8002cc60  x0:0x00000000 x12=0x8002cc60
       65975000	      6498	80000f84	90000cb7	lui	x25,0x90000	 x25=0x90000000
       65985000	      6499	80000f88	1cf1	c.addi	x25,-4	 x25:0x90000000 x25=0x8ffffffc
       65995000	      6500	80000f8a	4399	c.li	x7,6	  x7=0x00000006
       66005000	      6501	80000f8c	03a2	c.slli	x7,0x8	  x7:0x00000006  x7=0x00000600
       66015000	      6502	80000f8e	00038393	addi	x7,x7,0	  x7:0x00000600  x7=0x00000600
       66025000	      6503	80000f92	007ca023	sw	x7,0(x25)	 x25:0x8ffffffc  x7:0x00000600 PA:0x8ffffffc store:0x00000600 load:0x00000000
       66035000	      6504	80000f96	342023f3	csrrs	x7,mcause,x0	  x0:0x00000000  x7=0x8000000b
       66045000	      6505	80000f9a	01f3d393	srli	x7,x7,0x1f	  x7:0x8000000b  x7=0x00000001
       66055000	      6506	80000f9e	06038863	beq	x7,x0,8000100e	  x7:0x00000001  x0:0x00000000
       66065000	      6507	80000fa2	90000cb7	lui	x25,0x90000	 x25=0x90000000
       66075000	      6508	80000fa6	1cf1	c.addi	x25,-4	 x25:0x90000000 x25=0x8ffffffc
       66085000	      6509	80000fa8	30000393	addi	x7,x0,768	  x0:0x00000000  x7=0x00000300
       66095000	      6510	80000fac	03a2	c.slli	x7,0x8	  x7:0x00000300  x7=0x00030000
       66105000	      6511	80000fae	038d	c.addi	x7,3	  x7:0x00030000  x7=0x00030003
       66115000	      6512	80000fb0	007ca023	sw	x7,0(x25)	 x25:0x8ffffffc  x7:0x00030003 PA:0x8ffffffc store:0x00030003 load:0x00000000
       66125000	      6513	80000fb4	300023f3	csrrs	x7,mstatus,x0	  x0:0x00000000  x7=0x00001880
       66135000	      6514	80000fb8	007ca023	sw	x7,0(x25)	 x25:0x8ffffffc  x7:0x00001880 PA:0x8ffffffc store:0x00001880 load:0x00000000
       66145000	      6515	80000fbc	90000cb7	lui	x25,0x90000	 x25=0x90000000
       66155000	      6516	80000fc0	1cf1	c.addi	x25,-4	 x25:0x90000000 x25=0x8ffffffc
       66165000	      6517	80000fc2	34200393	addi	x7,x0,834	  x0:0x00000000  x7=0x00000342
       66175000	      6518	80000fc6	03a2	c.slli	x7,0x8	  x7:0x00000342  x7=0x00034200
       66185000	      6519	80000fc8	038d	c.addi	x7,3	  x7:0x00034200  x7=0x00034203
       66195000	      6520	80000fca	007ca023	sw	x7,0(x25)	 x25:0x8ffffffc  x7:0x00034203 PA:0x8ffffffc store:0x00034203 load:0x00000000
       66205000	      6521	80000fce	342023f3	csrrs	x7,mcause,x0	  x0:0x00000000  x7=0x8000000b
       66215000	      6522	80000fd2	007ca023	sw	x7,0(x25)	 x25:0x8ffffffc  x7:0x8000000b PA:0x8ffffffc store:0x8000000b load:0x00000000
       66225000	      6523	80000fd6	90000cb7	lui	x25,0x90000	 x25=0x90000000
       66235000	      6524	80000fda	1cf1	c.addi	x25,-4	 x25:0x90000000 x25=0x8ffffffc
       66245000	      6525	80000fdc	30400393	addi	x7,x0,772	  x0:0x00000000  x7=0x00000304
       66255000	      6526	80000fe0	03a2	c.slli	x7,0x8	  x7:0x00000304  x7=0x00030400
       66265000	      6527	80000fe2	038d	c.addi	x7,3	  x7:0x00030400  x7=0x00030403
       66275000	      6528	80000fe4	007ca023	sw	x7,0(x25)	 x25:0x8ffffffc  x7:0x00030403 PA:0x8ffffffc store:0x00030403 load:0x00000000
       66285000	      6529	80000fe8	304023f3	csrrs	x7,mie,x0	  x0:0x00000000  x7=0x75d90888
       66295000	      6530	80000fec	007ca023	sw	x7,0(x25)	 x25:0x8ffffffc  x7:0x75d90888 PA:0x8ffffffc store:0x75d90888 load:0x00000000
       66305000	      6531	80000ff0	90000cb7	lui	x25,0x90000	 x25=0x90000000
       66315000	      6532	80000ff4	1cf1	c.addi	x25,-4	 x25:0x90000000 x25=0x8ffffffc
       66325000	      6533	80000ff6	34400393	addi	x7,x0,836	  x0:0x00000000  x7=0x00000344
       66335000	      6534	80000ffa	03a2	c.slli	x7,0x8	  x7:0x00000344  x7=0x00034400
       66345000	      6535	80000ffc	038d	c.addi	x7,3	  x7:0x00034400  x7=0x00034403
       66355000	      6536	80000ffe	007ca023	sw	x7,0(x25)	 x25:0x8ffffffc  x7:0x00034403 PA:0x8ffffffc store:0x00034403 load:0x00000000
       66365000	      6537	80001002	344023f3	csrrs	x7,mip,x0	  x0:0x00000000  x7=0x00000000
       66375000	      6538	80001006	007ca023	sw	x7,0(x25)	 x25:0x8ffffffc  x7:0x00000000 PA:0x8ffffffc store:0x00000000 load:0x00000000
       66385000	      6539	8000100a	3aa1106f	jal	x0,800123b4	  x0=0x00000000
       66405000	      6541	800123b4	300023f3	csrrs	x7,mstatus,x0	  x0:0x00000000  x7=0x00001880
       66415000	      6542	800123b8	304023f3	csrrs	x7,mie,x0	  x0:0x00000000  x7=0x75d90888
       66425000	      6543	800123bc	344023f3	csrrs	x7,mip,x0	  x0:0x00000000  x7=0x00000000
       66435000	      6544	800123c0	3443b3f3	csrrc	x7,mip,x7	  x7:0x00000000  x7=0x00000000
       66465000	      6547	800123c4	90000cb7	lui	x25,0x90000	 x25=0x90000000
       66475000	      6548	800123c8	1cf1	c.addi	x25,-4	 x25:0x90000000 x25=0x8ffffffc
       66485000	      6549	800123ca	439d	c.li	x7,7	  x7=0x00000007
       66495000	      6550	800123cc	03a2	c.slli	x7,0x8	  x7:0x00000007  x7=0x00000700
       66505000	      6551	800123ce	00038393	addi	x7,x7,0	  x7:0x00000700  x7=0x00000700
       66515000	      6552	800123d2	007ca023	sw	x7,0(x25)	 x25:0x8ffffffc  x7:0x00000700 PA:0x8ffffffc store:0x00000700 load:0x00000000
       66525000	      6553	800123d6	00060e33	add	x28,x12,x0	 x12:0x8002cc60  x0:0x00000000 x28=0x8002cc60
       66535000	      6554	800123da	004e2083	lw	x1,4(x28)	 x28:0x8002cc60  x1=0x00000045 PA:0x8002cc64 load:0x00000045
       66545000	      6555	800123de	008e2103	lw	x2,8(x28)	 x28:0x8002cc60  x2=0xc8c9cacb PA:0x8002cc68 load:0xc8c9cacb
       66555000	      6556	800123e2	00ce2183	lw	x3,12(x28)	 x28:0x8002cc60  x3=0x800045c0 PA:0x8002cc6c load:0x800045c0
       66565000	      6557	800123e6	010e2203	lw	x4,16(x28)	 x28:0x8002cc60  x4=0x0000001a PA:0x8002cc70 load:0x0000001a
       66575000	      6558	800123ea	014e2283	lw	x5,20(x28)	 x28:0x8002cc60  x5=0x80022b97 PA:0x8002cc74 load:0x80022b97
       66585000	      6559	800123ee	018e2303	lw	x6,24(x28)	 x28:0x8002cc60  x6=0x800045cc PA:0x8002cc78 load:0x800045cc
       66595000	      6560	800123f2	01ce2383	lw	x7,28(x28)	 x28:0x8002cc60  x7=0x00000000 PA:0x8002cc7c load:0x00000000
       66605000	      6561	800123f6	020e2403	lw	x8,32(x28)	 x28:0x8002cc60  x8=0x80000000 PA:0x8002cc80 load:0x80000000
       66615000	      6562	800123fa	024e2483	lw	x9,36(x28)	 x28:0x8002cc60  x9=0xffffffc8 PA:0x8002cc84 load:0xffffffc8
       66625000	      6563	800123fe	028e2503	lw	x10,40(x28)	 x28:0x8002cc60 x10=0x00004041 PA:0x8002cc88 load:0x00004041
       66635000	      6564	80012402	02ce2583	lw	x11,44(x28)	 x28:0x8002cc60 x11=0x00000023 PA:0x8002cc8c load:0x00000023
       66645000	      6565	80012406	030e2603	lw	x12,48(x28)	 x28:0x8002cc60 x12=0x8002cce0 PA:0x8002cc90 load:0x8002cce0
       66655000	      6566	8001240a	034e2683	lw	x13,52(x28)	 x28:0x8002cc60 x13=0x800045a4 PA:0x8002cc94 load:0x800045a4
       66665000	      6567	8001240e	038e2703	lw	x14,56(x28)	 x28:0x8002cc60 x14=0x58595a5b PA:0x8002cc98 load:0x58595a5b
       66675000	      6568	80012412	03ce2783	lw	x15,60(x28)	 x28:0x8002cc60 x15=0x800228e4 PA:0x8002cc9c load:0x800228e4
       66685000	      6569	80012416	040e2803	lw	x16,64(x28)	 x28:0x8002cc60 x16=0x000000a4 PA:0x8002cca0 load:0x000000a4
       66695000	      6570	8001241a	044e2883	lw	x17,68(x28)	 x28:0x8002cc60 x17=0x00003ffe PA:0x8002cca4 load:0x00003ffe
       66705000	      6571	8001241e	048e2903	lw	x18,72(x28)	 x28:0x8002cc60 x18=0xffffffa4 PA:0x8002cca8 load:0xffffffa4
       66715000	      6572	80012422	04ce2983	lw	x19,76(x28)	 x28:0x8002cc60 x19=0xffffff9b PA:0x8002ccac load:0xffffff9b
       66725000	      6573	80012426	050e2a03	lw	x20,80(x28)	 x28:0x8002cc60 x20=0x00004e4f PA:0x8002ccb0 load:0x00004e4f
       66735000	      6574	8001242a	054e2a83	lw	x21,84(x28)	 x28:0x8002cc60 x21=0x00000043 PA:0x8002ccb4 load:0x00000043
       66745000	      6575	8001242e	058e2b03	lw	x22,88(x28)	 x28:0x8002cc60 x22=0xffffffa4 PA:0x8002ccb8 load:0xffffffa4
       66755000	      6576	80012432	05ce2b83	lw	x23,92(x28)	 x28:0x8002cc60 x23=0x00004c4d PA:0x8002ccbc load:0x00004c4d
       66765000	      6577	80012436	060e2c03	lw	x24,96(x28)	 x28:0x8002cc60 x24=0x00004c4d PA:0x8002ccc0 load:0x00004c4d
       66775000	      6578	8001243a	064e2c83	lw	x25,100(x28)	 x28:0x8002cc60 x25=0x5051009e PA:0x8002ccc4 load:0x5051009e
       66785000	      6579	8001243e	068e2d03	lw	x26,104(x28)	 x28:0x8002cc60 x26=0x0000a451 PA:0x8002ccc8 load:0x0000a451
       66795000	      6580	80012442	06ce2d83	lw	x27,108(x28)	 x28:0x8002cc60 x27=0xffffc8c9 PA:0x8002cccc load:0xffffc8c9
       66805000	      6581	80012446	070e2e03	lw	x28,112(x28)	 x28:0x8002cc60 x28=0x8002cc60 PA:0x8002ccd0 load:0x8002cc60
       66825000	      6583	8001244a	074e2e83	lw	x29,116(x28)	 x28:0x8002cc60 x29=0x0000004a PA:0x8002ccd4 load:0x0000004a
       66835000	      6584	8001244e	078e2f03	lw	x30,120(x28)	 x28:0x8002cc60 x30=0x00000001 PA:0x8002ccd8 load:0x00000001
       66845000	      6585	80012452	07ce2f83	lw	x31,124(x28)	 x28:0x8002cc60 x31=0x8001557d PA:0x8002ccdc load:0x8001557d
       66855000	      6586	80012456	080e0e13	addi	x28,x28,128	 x28:0x8002cc60 x28=0x8002cce0
       66865000	      6587	8001245a	000e0633	add	x12,x28,x0	 x28:0x8002cce0  x0:0x00000000 x12=0x8002cce0
       66875000	      6588	8001245e	00062e03	lw	x28,0(x12)	 x12:0x8002cce0 x28=0x80028e64 PA:0x8002cce0 load:0x80028e64
       66885000	      6589	80012462	0611	c.addi	x12,4	 x12:0x8002cce0 x12=0x8002cce4
       66895000	      6590	80012464	30200073	mret	
       66935000	      6594	8000460e	017fcd83	lbu	x27,23(x31)	 x31:0x8001557d x27=0x0000004f PA:0x80015594 load:0x0000004f
       66945000	      6595	80004612	00b7ca83	lbu	x21,11(x15)	 x15:0x800228e4 x21=0x000000a4 PA:0x800228ef load:0x000000a4
       66955000	      6596	80004616	fcffdc83	lhu	x25,-49(x31)	 x31:0x8001557d x25=0x00000607 PA:0x8001554c load:0x00000607
       66965000	      6597	8000461a	ffd788a3	sb	x29,-15(x15)	 x15:0x800228e4 x29:0x0000004a PA:0x800228d5 store:0x0000004a load:0x00000000
       66975000	      6598	8000461e	039f8203	lb	x4,57(x31)	 x31:0x8001557d  x4=0x0000006d PA:0x800155b6 load:0x0000006d
       66985000	      6599	80004622	01779223	sh	x23,4(x15)	 x15:0x800228e4 x23:0x00004c4d PA:0x800228e8 store:0x00004c4d load:0x00000000
       66995000	      6600	80004626	fecf8a03	lb	x20,-20(x31)	 x31:0x8001557d x20=0x00000022 PA:0x80015569 load:0x00000022
       67005000	      6601	8000462a	ffe78aa3	sb	x30,-11(x15)	 x15:0x800228e4 x30:0x00000001 PA:0x800228d9 store:0x00000001 load:0x00000000
       67015000	      6602	8000462e	ffc79903	lh	x18,-4(x15)	 x15:0x800228e4 x18=0xffff9a9b PA:0x800228e0 load:0xffff9a9b
       67025000	      6603	80004632	4b84	c.lw	x9,16(x15)	 x15:0x800228e4  x9=0xacadaeaf PA:0x800228f4 load:0xacadaeaf
       67035000	      6604	80004634	fe879923	sh	x8,-14(x15)	 x15:0x800228e4  x8:0x80000000 PA:0x800228d6 store:0x80000000 load:0x00000000
       67045000	      6605	80004638	fd3fa203	lw	x4,-45(x31)	 x31:0x8001557d  x4=0x08090a0b PA:0x80015550 load:0x08090a0b
       67055000	      6606	8000463c	0000f517	auipc	x10,0xf	 x10=0x8001363c
       67065000	      6607	80004640	c2150513	addi	x10,x10,-991	 x10:0x8001363c x10=0x8001325d
       67075000	      6608	80004644	f6854383	lbu	x7,-152(x10)	 x10:0x8001325d  x7=0x0000007e PA:0x800131c5 load:0x0000007e
       67095000	      6610	80004648	1fd3f913	andi	x18,x7,509	  x7:0x0000007e x18=0x0000007c
       67105000	      6611	8000464c	39b50103	lb	x2,923(x10)	 x10:0x8001325d  x2=0xffffffb3 PA:0x800135f8 load:0xffffffb3
       67475000	      6648	80004650	0355f5b3	remu	x11,x11,x21	 x11:0x00000023 x21:0x000000a4 x11=0x00000023
       67515000	      6652	80004654	035ab5b3	mulhu	x11,x21,x21	 x21:0x000000a4 x21:0x000000a4 x11=0x00000000
       67525000	      6653	80004658	8d8d	c.sub	x11,x11	 x11:0x00000000 x11:0x00000000 x11=0x00000000
       67535000	      6654	8000465a	10054903	lbu	x18,256(x10)	 x10:0x8001325d x18=0x00000016 PA:0x8001335d load:0x00000016
       67545000	      6655	8000465e	6bf50583	lb	x11,1727(x10)	 x10:0x8001325d x11=0xffffffd7 PA:0x8001391c load:0xffffffd7
       67565000	      6657	80004662	8ded	c.and	x11,x11	 x11:0xffffffd7 x11:0xffffffd7 x11=0xffffffd7
       67575000	      6658	80004664	31254383	lbu	x7,786(x10)	 x10:0x8001325d  x7=0x00000024 PA:0x8001356f load:0x00000024
       67585000	      6659	80004668	f3012593	slti	x11,x2,-208	  x2:0xffffffb3 x11=0x00000000
       67625000	      6663	8000466c	035d25b3	mulhsu	x11,x26,x21	 x26:0x0000a451 x21:0x000000a4 x11=0x00000000
       67635000	      6664	80004670	69955103	lhu	x2,1689(x10)	 x10:0x8001325d  x2=0x0000acad PA:0x800138f6 load:0x0000acad
       67645000	      6665	80004674	24b50b23	sb	x11,598(x10)	 x10:0x8001325d x11:0x00000000 PA:0x800134b3 store:0x00000000 load:0x00000000
       67655000	      6666	80004678	17555583	lhu	x11,373(x10)	 x10:0x8001325d x11=0x00008889 PA:0x800133d2 load:0x00008889
       67665000	      6667	8000467c	43e54a83	lbu	x21,1086(x10)	 x10:0x8001325d x21=0x00000050 PA:0x8001369b load:0x00000050
       67675000	      6668	80004680	38250ca3	sb	x2,921(x10)	 x10:0x8001325d  x2:0x0000acad PA:0x800135f6 store:0x0000acad load:0x00000000
       67685000	      6669	80004684	00b3a933	slt	x18,x7,x11	  x7:0x00000024 x11:0x00008889 x18=0x00000001
       67695000	      6670	80004688	007d5d33	srl	x26,x26,x7	 x26:0x0000a451  x7:0x00000024 x26=0x00000a45
       67705000	      6671	8000468c	63454383	lbu	x7,1588(x10)	 x10:0x8001325d  x7=0x0000004a PA:0x80013891 load:0x0000004a
       67715000	      6672	80004690	1b2517a3	sh	x18,431(x10)	 x10:0x8001325d x18:0x00000001 PA:0x8001340c store:0x00000001 load:0x00000000
       67725000	      6673	80004694	0416e3b7	lui	x7,0x416e	  x7=0x0416e000
       67735000	      6674	80004698	42f54383	lbu	x7,1071(x10)	 x10:0x8001325d  x7=0x00000047 PA:0x8001368c load:0x00000047
       67745000	      6675	8000469c	117d	c.addi	x2,-1	  x2:0x0000acad  x2=0x0000acac
       67755000	      6676	8000469e	3403dd73	csrrwi	x26,mscratch,7	 x26=0x0000001a
       67765000	      6677	800046a2	47f52103	lw	x2,1151(x10)	 x10:0x8001325d  x2=0x94959697 PA:0x800136dc load:0x94959697
       67775000	      6678	800046a6	e573c393	xori	x7,x7,-425	  x7:0x00000047  x7=0xfffffe10
       67785000	      6679	800046aa	9aca	c.add	x21,x18	 x21:0x00000050 x18:0x00000001 x21=0x00000051
       67795000	      6680	800046ac	002143b3	xor	x7,x2,x2	  x2:0x94959697  x2:0x94959697  x7=0x00000000
       67805000	      6681	800046b0	33550823	sb	x21,816(x10)	 x10:0x8001325d x21:0x00000051 PA:0x8001358d store:0x00000051 load:0x00000000
       67815000	      6682	800046b4	140c	c.addi4spn	x11,x2,544	 x11=0x949598b7
       67825000	      6683	800046b6	e7550a83	lb	x21,-395(x10)	 x10:0x8001325d x21=0xffffff89 PA:0x800130d2 load:0xffffff89
       67835000	      6684	800046ba	2f03a913	slti	x18,x7,752	  x7:0x00000000 x18=0x00000001
       67845000	      6685	800046be	41c5d113	srai	x2,x11,0x1c	 x11:0x949598b7  x2=0xfffffff9
       67855000	      6686	800046c2	7a2510a3	sh	x2,1953(x10)	 x10:0x8001325d  x2:0xfffffff9 PA:0x800139fe store:0xfffffff9 load:0x00000000
       68225000	      6723	800046c6	035aeab3	rem	x21,x21,x21	 x21:0xffffff89 x21:0xffffff89 x21=0x00000000
       68235000	      6724	800046ca	1a151583	lh	x11,417(x10)	 x10:0x8001325d x11=0xffffb4b5 PA:0x800133fe load:0xffffb4b5
       68245000	      6725	800046ce	6145	c.addi16sp	x2,48	  x2:0xfffffff9  x2=0x00000029
       68255000	      6726	800046d0	64250a83	lb	x21,1602(x10)	 x10:0x8001325d x21=0x00000054 PA:0x8001389f load:0x00000054
       68295000	      6730	800046d4	02b91ab3	mulh	x21,x18,x11	 x18:0x00000001 x11:0xffffb4b5 x21=0xffffffff
       68305000	      6731	800046d8	31450903	lb	x18,788(x10)	 x10:0x8001325d x18=0x0000002a PA:0x80013571 load:0x0000002a
       68315000	      6732	800046dc	04250123	sb	x2,66(x10)	 x10:0x8001325d  x2:0x00000029 PA:0x8001329f store:0x00000029 load:0x00000000
       68325000	      6733	800046e0	8ded	c.and	x11,x11	 x11:0xffffb4b5 x11:0xffffb4b5 x11=0xffffb4b5
       68335000	      6734	800046e2	52155a83	lhu	x21,1313(x10)	 x10:0x8001325d x21=0x00003435 PA:0x8001377e load:0x00003435
       68345000	      6735	800046e6	0000f117	auipc	x2,0xf	  x2=0x800136e6
       68355000	      6736	800046ea	26510113	addi	x2,x2,613	  x2:0x800136e6  x2=0x8001394b
       68365000	      6737	800046ee	00bcb3b3	sltu	x7,x25,x11	 x25:0x00000607 x11:0xffffb4b5  x7=0x00000001
       68375000	      6738	800046f2	00214b03	lbu	x22,2(x2)	  x2:0x8001394b x22=0x00000006 PA:0x8001394d load:0x00000006
       68385000	      6739	800046f6	00210683	lb	x13,2(x2)	  x2:0x8001394b x13=0x00000006 PA:0x8001394d load:0x00000006
       68395000	      6740	800046fa	00810123	sb	x8,2(x2)	  x2:0x8001394b  x8:0x80000000 PA:0x8001394d store:0x80000000 load:0x00000000
       68405000	      6741	800046fe	fe4119a3	sh	x4,-13(x2)	  x2:0x8001394b  x4:0x08090a0b PA:0x8001393e store:0x08090a0b load:0x00000000
       68775000	      6778	80004702	038350b3	divu	x1,x6,x24	  x6:0x800045cc x24:0x00004c4d  x1=0x0001ad76
       68785000	      6779	80004706	ff314783	lbu	x15,-13(x2)	  x2:0x8001394b x15=0x0000000b PA:0x8001393e load:0x0000000b
       68795000	      6780	8000470a	ff315903	lhu	x18,-13(x2)	  x2:0x8001394b x18=0x00000a0b PA:0x8001393e load:0x00000a0b
       68805000	      6781	8000470e	00914983	lbu	x19,9(x2)	  x2:0x8001394b x19=0x0000000f PA:0x80013954 load:0x0000000f
       68815000	      6782	80004712	00910183	lb	x3,9(x2)	  x2:0x8001394b  x3=0x0000000f PA:0x80013954 load:0x0000000f
       68825000	      6783	80004716	00d124a3	sw	x13,9(x2)	  x2:0x8001394b x13:0x00000006 PA:0x80013954 store:0x00000006 load:0x00000000
       68835000	      6784	8000471a	00915d03	lhu	x26,9(x2)	  x2:0x8001394b x26=0x00000006 PA:0x80013954 load:0x00000006
       68845000	      6785	8000471e	013124a3	sw	x19,9(x2)	  x2:0x8001394b x19:0x0000000f PA:0x80013954 store:0x0000000f load:0x00000000
       68855000	      6786	80004722	015104a3	sb	x21,9(x2)	  x2:0x8001394b x21:0x00003435 PA:0x80013954 store:0x00003435 load:0x00000000
       68865000	      6787	80004726	00914983	lbu	x19,9(x2)	  x2:0x8001394b x19=0x00000035 PA:0x80013954 load:0x00000035
       68875000	      6788	8000472a	34007b73	csrrci	x22,mscratch,0	 x22=0x00000007
       68885000	      6789	8000472e	408a5333	sra	x6,x20,x8	 x20:0x00000022  x8:0x80000000  x6=0x00000022
       68895000	      6790	80004732	0000100f	fence.i	
       68925000	      6793	80004736	006104a3	sb	x6,9(x2)	  x2:0x8001394b  x6:0x00000022 PA:0x80013954 store:0x00000022 load:0x00000000
       68935000	      6794	8000473a	00914a83	lbu	x21,9(x2)	  x2:0x8001394b x21=0x00000022 PA:0x80013954 load:0x00000022
       68945000	      6795	8000473e	00915d03	lhu	x26,9(x2)	  x2:0x8001394b x26=0x00000022 PA:0x80013954 load:0x00000022
       68955000	      6796	80004742	00910883	lb	x17,9(x2)	  x2:0x8001394b x17=0x00000022 PA:0x80013954 load:0x00000022
       68965000	      6797	80004746	57e1	c.li	x15,-8	 x15=0xfffffff8
       69335000	      6834	80004748	0334da33	divu	x20,x9,x19	  x9:0xacadaeaf x19:0x00000035 x20=0x034211c9
       69345000	      6835	8000474c	4d91	c.li	x27,4	 x27=0x00000004
       69715000	      6872	8000474e	0344e0b3	rem	x1,x9,x20	  x9:0xacadaeaf x20:0x034211c9  x1=0xfe216b50
       69725000	      6873	80004752	0791	c.addi	x15,4	 x15:0xfffffff8 x15=0xfffffffc
       69735000	      6874	80004754	8da9	c.xor	x11,x10	 x11:0xffffb4b5 x10:0x8001325d x11=0x7ffe86e8
       69745000	      6875	80004756	ffb79ce3	bne	x15,x27,8000474e	 x15:0xfffffffc x27:0x00000004
       70135000	      6914	8000474e	0344e0b3	rem	x1,x9,x20	  x9:0xacadaeaf x20:0x034211c9  x1=0xfe216b50
       70145000	      6915	80004752	0791	c.addi	x15,4	 x15:0xfffffffc x15=0x00000000
       70155000	      6916	80004754	8da9	c.xor	x11,x10	 x11:0x7ffe86e8 x10:0x8001325d x11=0xffffb4b5
       70165000	      6917	80004756	ffb79ce3	bne	x15,x27,8000474e	 x15:0x00000000 x27:0x00000004
       70555000	      6956	8000474e	0344e0b3	rem	x1,x9,x20	  x9:0xacadaeaf x20:0x034211c9  x1=0xfe216b50
       70565000	      6957	80004752	0791	c.addi	x15,4	 x15:0x00000000 x15=0x00000004
       70575000	      6958	80004754	8da9	c.xor	x11,x10	 x11:0xffffb4b5 x10:0x8001325d x11=0x7ffe86e8
       70585000	      6959	80004756	ffb79ce3	bne	x15,x27,8000474e	 x15:0x00000004 x27:0x00000004
       70595000	      6960	8000475a	04fe2937	lui	x18,0x4fe2	 x18=0x04fe2000
       70605000	      6961	8000475e	03a001ef	jal	x3,80004798	  x3=0x80004762
       70625000	      6963	80004798	bfc5	c.j	80004788	
       70645000	      6965	80004788	37f5	c.jal	80004774	  x1=0x8000478a
       70665000	      6967	80004774	37fd	c.jal	80004762	  x1=0x80004776
       70695000	      6970	80004762	0340076f	jal	x14,80004796	 x14=0x80004766
       70715000	      6972	80004796	3fe5	c.jal	8000478e	  x1=0x80004798
       70745000	      6975	8000478e	fffff56f	jal	x10,8000478c	 x10=0x80004792
       70765000	      6977	8000478c	2819	c.jal	800047a2	  x1=0x8000478e
       70795000	      6980	800047a2	ff3ff36f	jal	x6,80004794	  x6=0x800047a6
       70815000	      6982	80004794	bff9	c.j	80004772	
       70835000	      6984	80004772	bfe5	c.j	8000476a	
       70855000	      6986	8000476a	2809	c.jal	8000477c	  x1=0x8000476c
       70875000	      6988	8000477c	02200cef	jal	x25,8000479e	 x25=0x80004780
       70905000	      6991	8000479e	00a000ef	jal	x1,800047a8	  x1=0x800047a2
       70925000	      6993	800047a8	fd3ff0ef	jal	x1,8000477a	  x1=0x800047ac
       70945000	      6995	8000477a	3fcd	c.jal	8000476c	  x1=0x8000477c
       70965000	      6997	8000476c	a821	c.j	80004784	
       70985000	      6999	80004784	bfcd	c.j	80004776	
       71005000	      7001	80004776	3fc5	c.jal	80004766	  x1=0x80004778
       71035000	      7004	80004766	02c000ef	jal	x1,80004792	  x1=0x8000476a
       71055000	      7006	80004792	bff9	c.j	80004770	
       71075000	      7008	80004770	a835	c.j	800047ac	
       71095000	      7010	800047ac	b7f1	c.j	80004778	
       71115000	      7012	80004778	2809	c.jal	8000478a	  x1=0x8000477a
       71135000	      7014	8000478a	2831	c.jal	800047a6	  x1=0x8000478c
       71155000	      7016	800047a6	b7c5	c.j	80004786	
       71175000	      7018	80004786	3fed	c.jal	80004780	  x1=0x80004788
       71195000	      7020	80004780	02e009ef	jal	x19,800047ae	 x19=0x80004784
       71215000	      7022	800047ae	b7c1	c.j	8000476e	
       71235000	      7024	8000476e	a035	c.j	8000479a	
       71265000	      7027	8000479a	01600a6f	jal	x20,800047b0	 x20=0x8000479e
       71285000	      7029	800047b0	0000100f	fence.i	
       71305000	      7031	800047b4	00013897	auipc	x17,0x13	 x17=0x800177b4
       71315000	      7032	800047b8	a4188893	addi	x17,x17,-1471	 x17:0x800177b4 x17=0x800171f5
       71325000	      7033	800047bc	0000fe97	auipc	x29,0xf	 x29=0x800137bc
       71335000	      7034	800047c0	e08e8e93	addi	x29,x29,-504	 x29:0x800137bc x29=0x800135c4
       71345000	      7035	800047c4	34be8ba3	sb	x11,855(x29)	 x29:0x800135c4 x11:0x7ffe86e8 PA:0x8001391b store:0x7ffe86e8 load:0x00000000
       71355000	      7036	800047c8	f9188023	sb	x17,-128(x17)	 x17:0x800171f5 x17:0x800171f5 PA:0x80017175 store:0x800171f5 load:0x00000000
       71365000	      7037	800047cc	0e28c283	lbu	x5,226(x17)	 x17:0x800171f5  x5=0x0000008c PA:0x800172d7 load:0x0000008c
       71375000	      7038	800047d0	cd0eae23	sw	x16,-804(x29)	 x29:0x800135c4 x16:0x000000a4 PA:0x800132a0 store:0x000000a4 load:0x00000000
       71385000	      7039	800047d4	01e88283	lb	x5,30(x17)	 x17:0x800171f5  x5=0xffffffc8 PA:0x80017213 load:0xffffffc8
       71395000	      7040	800047d8	f8feca03	lbu	x20,-113(x29)	 x29:0x800135c4 x20=0x00000008 PA:0x80013553 load:0x00000008
       71405000	      7041	800047dc	4e9e8d83	lb	x27,1257(x29)	 x29:0x800135c4 x27=0x00000066 PA:0x80013aad load:0x00000066
       71415000	      7042	800047e0	fd08c283	lbu	x5,-48(x17)	 x17:0x800171f5  x5=0x0000007e PA:0x800171c5 load:0x0000007e
       71425000	      7043	800047e4	5f8ea183	lw	x3,1528(x29)	 x29:0x800135c4  x3=0x74757677 PA:0x80013bbc load:0x74757677
       71435000	      7044	800047e8	0aa88383	lb	x7,170(x17)	 x17:0x800171f5  x7=0x00000054 PA:0x8001729f load:0x00000054
       71445000	      7045	800047ec	248e9d03	lh	x26,584(x29)	 x29:0x800135c4 x26=0xffffc6c7 PA:0x8001380c load:0xffffc6c7
       71455000	      7046	800047f0	0001b497	auipc	x9,0x1b	  x9=0x8001f7f0
       71465000	      7047	800047f4	53d48493	addi	x9,x9,1341	  x9:0x8001f7f0  x9=0x8001fd2d
       71475000	      7048	800047f8	0a948383	lb	x7,169(x9)	  x9:0x8001fd2d  x7=0xffffff8d PA:0x8001fdd6 load:0xffffff8d
       71485000	      7049	800047fc	0a949d83	lh	x27,169(x9)	  x9:0x8001fd2d x27=0xffff8c8d PA:0x8001fdd6 load:0xffff8c8d
       71495000	      7050	80004800	0a94ce83	lbu	x29,169(x9)	  x9:0x8001fd2d x29=0x0000008d PA:0x8001fdd6 load:0x0000008d
       71505000	      7051	80004804	0a94c903	lbu	x18,169(x9)	  x9:0x8001fd2d x18=0x0000008d PA:0x8001fdd6 load:0x0000008d
       71515000	      7052	80004808	0a94c303	lbu	x6,169(x9)	  x9:0x8001fd2d  x6=0x0000008d PA:0x8001fdd6 load:0x0000008d
       71525000	      7053	8000480c	0a948803	lb	x16,169(x9)	  x9:0x8001fd2d x16=0xffffff8d PA:0x8001fdd6 load:0xffffff8d
       71535000	      7054	80004810	0a949283	lh	x5,169(x9)	  x9:0x8001fd2d  x5=0xffff8c8d PA:0x8001fdd6 load:0xffff8c8d
       71545000	      7055	80004814	0a949683	lh	x13,169(x9)	  x9:0x8001fd2d x13=0xffff8c8d PA:0x8001fdd6 load:0xffff8c8d
       71555000	      7056	80004818	0bf484a3	sb	x31,169(x9)	  x9:0x8001fd2d x31:0x8001557d PA:0x8001fdd6 store:0x8001557d load:0x00000000
       71565000	      7057	8000481c	0a9484a3	sb	x9,169(x9)	  x9:0x8001fd2d  x9:0x8001fd2d PA:0x8001fdd6 store:0x8001fd2d load:0x00000000
       71575000	      7058	80004820	0a94ce83	lbu	x29,169(x9)	  x9:0x8001fd2d x29=0x0000002d PA:0x8001fdd6 load:0x0000002d
       71585000	      7059	80004824	0a949883	lh	x17,169(x9)	  x9:0x8001fd2d x17=0xffff8c2d PA:0x8001fdd6 load:0xffff8c2d
       71595000	      7060	80004828	0b7484a3	sb	x23,169(x9)	  x9:0x8001fd2d x23:0x00004c4d PA:0x8001fdd6 store:0x00004c4d load:0x00000000
       71605000	      7061	8000482c	0a948f03	lb	x30,169(x9)	  x9:0x8001fd2d x30=0x0000004d PA:0x8001fdd6 load:0x0000004d
       71625000	      7063	80004830	004f07b3	add	x15,x30,x4	 x30:0x0000004d  x4:0x08090a0b x15=0x08090a58
       71635000	      7064	80004834	0de4c503	lbu	x10,222(x9)	  x9:0x8001fd2d x10=0x000000c0 PA:0x8001fe0b load:0x000000c0
       71645000	      7065	80004838	340075f3	csrrci	x11,mscratch,0	 x11=0x00000007
       71655000	      7066	8000483c	0de4cf83	lbu	x31,222(x9)	  x9:0x8001fd2d x31=0x000000c0 PA:0x8001fe0b load:0x000000c0
       71665000	      7067	80004840	0de48303	lb	x6,222(x9)	  x9:0x8001fd2d  x6=0xffffffc0 PA:0x8001fe0b load:0xffffffc0
       71675000	      7068	80004844	0de48083	lb	x1,222(x9)	  x9:0x8001fd2d  x1=0xffffffc0 PA:0x8001fe0b load:0xffffffc0
       71685000	      7069	80004848	0de48783	lb	x15,222(x9)	  x9:0x8001fd2d x15=0xffffffc0 PA:0x8001fe0b load:0xffffffc0
       71695000	      7070	8000484c	34023373	csrrc	x6,mscratch,x4	  x4:0x08090a0b  x6=0x00000007
       71705000	      7071	80004850	0c248f23	sb	x2,222(x9)	  x9:0x8001fd2d  x2:0x8001394b PA:0x8001fe0b store:0x8001394b load:0x00000000
       71715000	      7072	80004854	46a9	c.li	x13,10	 x13=0x0000000a
       71725000	      7073	80004856	403d8eb3	sub	x29,x27,x3	 x27:0xffff8c8d  x3:0x74757677 x29=0x8b8a1616
       71735000	      7074	8000485a	0001	c.addi	x0,0	  x0:0x00000000  x0=0x00000000
       71745000	      7075	8000485c	49b5	c.li	x19,13	 x19=0x0000000d
       72115000	      7112	8000485e	02a3e533	rem	x10,x7,x10	  x7:0xffffff8d x10:0x000000c0 x10=0xffffff8d
       72125000	      7113	80004862	3404fef3	csrrci	x29,mscratch,9	 x29=0x00000004
       72135000	      7114	80004866	8d21	c.xor	x10,x8	 x10:0xffffff8d  x8:0x80000000 x10=0x7fffff8d
       72505000	      7151	80004868	027563b3	rem	x7,x10,x7	 x10:0x7fffff8d  x7:0xffffff8d  x7=0x00000062
       72515000	      7152	8000486c	4cdd	c.li	x25,23	 x25=0x00000017
       72525000	      7153	8000486e	34045df3	csrrwi	x27,mscratch,8	 x27=0x00000004
       72895000	      7190	80004872	03c66933	rem	x18,x12,x28	 x12:0x8002cce4 x28:0x80028e64 x18=0x8002cce4
       73265000	      7227	80004876	02966533	rem	x10,x12,x9	 x12:0x8002cce4  x9:0x8001fd2d x10=0x8002cce4
       73275000	      7228	8000487a	6abbb313	sltiu	x6,x23,1707	 x23:0x00004c4d  x6=0x00000000
       73315000	      7232	8000487e	03732f33	mulhsu	x30,x6,x23	  x6:0x00000000 x23:0x00004c4d x30=0x00000000
       73345000	      7235	80004882	03690a33	mul	x20,x18,x22	 x18:0x8002cce4 x22:0x00000007 x20=0x80139a3c
       73355000	      7236	80004886	01331213	slli	x4,x6,0x13	  x6:0x00000000  x4=0x00000000
       73395000	      7240	8000488a	031b3533	mulhu	x10,x22,x17	 x22:0x00000007 x17:0xffff8c2d x10=0x00000006
       73405000	      7241	8000488e	146a7c13	andi	x24,x20,326	 x20:0x80139a3c x24=0x00000004
       73415000	      7242	80004892	0001	c.addi	x0,0	  x0:0x00000000  x0=0x00000000
       73425000	      7243	80004894	3406ea73	csrrsi	x20,mscratch,13	 x20=0x00000008
       73465000	      7247	80004898	03cea133	mulhsu	x2,x29,x28	 x29:0x00000004 x28:0x80028e64  x2=0x00000002
       73475000	      7248	8000489c	6a61	c.lui	x20,0x18	 x20=0x00018000
       73485000	      7249	8000489e	16f9	c.addi	x13,-2	 x13:0x0000000a x13=0x00000008
       73495000	      7250	800048a0	340790f3	csrrw	x1,mscratch,x15	 x15:0xffffffc0  x1=0x0000000d
       73505000	      7251	800048a4	0000100f	fence.i	
       73525000	      7253	800048a8	0000100f	fence.i	
       73545000	      7255	800048ac	dae9	c.beqz	x13,8000487e	 x13:0x00000008
       73555000	      7256	800048ae	018a34b3	sltu	x9,x20,x24	 x20:0x00018000 x24:0x00000004  x9=0x00000000
       73565000	      7257	800048b2	0000f517	auipc	x10,0xf	 x10=0x800138b2
       73575000	      7258	800048b6	d8750513	addi	x10,x10,-633	 x10:0x800138b2 x10=0x80013639
       73585000	      7259	800048ba	1418	c.addi4spn	x14,x2,544	 x14=0x00000222
       73595000	      7260	800048bc	00417733	and	x14,x2,x4	  x2:0x00000002  x4:0x00000000 x14=0x00000000
       73605000	      7261	800048c0	009507a3	sb	x9,15(x10)	 x10:0x80013639  x9:0x00000000 PA:0x80013648 store:0x00000000 load:0x00000000
       73615000	      7262	800048c4	ff254183	lbu	x3,-14(x10)	 x10:0x80013639  x3=0x000000e0 PA:0x8001362b load:0x000000e0
       73625000	      7263	800048c8	340779f3	csrrci	x19,mscratch,14	 x19=0xffffffc0
       73635000	      7264	800048cc	ff550203	lb	x4,-11(x10)	 x10:0x80013639  x4=0xffffffe5 PA:0x8001362e load:0xffffffe5
       73645000	      7265	800048d0	005857b3	srl	x15,x16,x5	 x16:0xffffff8d  x5:0xffff8c8d x15=0x0007ffff
       73655000	      7266	800048d4	fe451da3	sh	x4,-5(x10)	 x10:0x80013639  x4:0xffffffe5 PA:0x80013634 store:0xffffffe5 load:0x00000000
       73665000	      7267	800048d8	00050d83	lb	x27,0(x10)	 x10:0x80013639 x27=0xfffffff2 PA:0x80013639 load:0xfffffff2
       73675000	      7268	800048dc	00254203	lbu	x4,2(x10)	 x10:0x80013639  x4=0x000000f0 PA:0x8001363b load:0x000000f0
       73685000	      7269	800048e0	012eaf33	slt	x30,x29,x18	 x29:0x00000004 x18:0x8002cce4 x30=0x00000000
       73695000	      7270	800048e4	00e25993	srli	x19,x4,0xe	  x4:0x000000f0 x19=0x00000000
       73735000	      7274	800048e8	020db3b3	mulhu	x7,x27,x0	 x27:0xfffffff2  x0:0x00000000  x7=0x00000000
       73745000	      7275	800048ec	ffe518a3	sh	x30,-15(x10)	 x10:0x80013639 x30:0x00000000 PA:0x8001362a store:0x00000000 load:0x00000000
       73755000	      7276	800048f0	fb03a897	auipc	x17,0xfb03a	 x17=0x7b03e8f0
       73765000	      7277	800048f4	34003bf3	csrrc	x23,mscratch,x0	  x0:0x00000000 x23=0xffffffc0
       73775000	      7278	800048f8	00c50683	lb	x13,12(x10)	 x10:0x80013639 x13=0xfffffffe PA:0x80013645 load:0xfffffffe
       73785000	      7279	800048fc	ffd50b23	sb	x29,-10(x10)	 x10:0x80013639 x29:0x00000004 PA:0x8001362f store:0x00000004 load:0x00000000
       73795000	      7280	80004900	ff350b03	lb	x22,-13(x10)	 x10:0x80013639 x22=0xffffffe7 PA:0x8001362c load:0xffffffe7
       73805000	      7281	80004904	ff154b83	lbu	x23,-15(x10)	 x10:0x80013639 x23=0x00000000 PA:0x8001362a load:0x00000000
       73815000	      7282	80004908	00f54783	lbu	x15,15(x10)	 x10:0x80013639 x15=0x00000000 PA:0x80013648 load:0x00000000
       73825000	      7283	8000490c	01ddc9b3	xor	x19,x27,x29	 x27:0xfffffff2 x29:0x00000004 x19=0xfffffff6
       73835000	      7284	80004910	2624f593	andi	x11,x9,610	  x9:0x00000000 x11=0x00000000
       73855000	      7286	80004914	0292ff33	remu	x30,x5,x9	  x5:0xffff8c8d  x9:0x00000000 x30=0xffff8c8d
       73865000	      7287	80004918	01ddf2b3	and	x5,x27,x29	 x27:0xfffffff2 x29:0x00000004  x5=0x00000000
       73875000	      7288	8000491c	8cb5	c.xor	x9,x13	  x9:0x00000000 x13:0xfffffffe  x9=0xfffffffe
       74245000	      7325	8000491e	02277ab3	remu	x21,x14,x2	 x14:0x00000000  x2:0x00000002 x21=0x00000000
       74255000	      7326	80004922	fea50c23	sb	x10,-8(x10)	 x10:0x80013639 x10:0x80013639 PA:0x80013631 store:0x80013639 load:0x00000000
       74265000	      7327	80004926	ffb51a03	lh	x20,-5(x10)	 x10:0x80013639 x20=0xffffffe5 PA:0x80013634 load:0xffffffe5
       74275000	      7328	8000492a	8df5	c.and	x11,x13	 x11:0x00000000 x13:0xfffffffe x11=0x00000000
       74285000	      7329	8000492c	f9d90c13	addi	x24,x18,-99	 x18:0x8002cce4 x24=0x8002cc81
       74295000	      7330	80004930	ffc50ea3	sb	x28,-3(x10)	 x10:0x80013639 x28:0x80028e64 PA:0x80013636 store:0x80028e64 load:0x00000000
       74305000	      7331	80004934	ff150b23	sb	x17,-10(x10)	 x10:0x80013639 x17:0x7b03e8f0 PA:0x8001362f store:0x7b03e8f0 load:0x00000000
       74315000	      7332	80004938	b5376093	ori	x1,x14,-1197	 x14:0x00000000  x1=0xfffffb53
       74325000	      7333	8000493c	00a50823	sb	x10,16(x10)	 x10:0x80013639 x10:0x80013639 PA:0x80013649 store:0x80013639 load:0x00000000
       74335000	      7334	80004940	ffd50a83	lb	x21,-3(x10)	 x10:0x80013639 x21=0x00000064 PA:0x80013636 load:0x00000064
       74345000	      7335	80004944	ffb55b03	lhu	x22,-5(x10)	 x10:0x80013639 x22=0x0000ffe5 PA:0x80013634 load:0x0000ffe5
       74355000	      7336	80004948	019d04b3	add	x9,x26,x25	 x26:0xffffc6c7 x25:0x00000017  x9=0xffffc6de
       74365000	      7337	8000494c	00550703	lb	x14,5(x10)	 x10:0x80013639 x14=0xfffffff5 PA:0x8001363e load:0xfffffff5
       74375000	      7338	80004950	34003a73	csrrc	x20,mscratch,x0	  x0:0x00000000 x20=0xffffffc0
       74385000	      7339	80004954	ff950883	lb	x17,-7(x10)	 x10:0x80013639 x17=0xffffffe9 PA:0x80013632 load:0xffffffe9
       74395000	      7340	80004958	00854203	lbu	x4,8(x10)	 x10:0x80013639  x4=0x000000fa PA:0x80013641 load:0x000000fa
       74405000	      7341	8000495c	889e	c.mv	x17,x7	  x0:0x00000000  x7:0x00000000 x17=0x00000000
       74415000	      7342	8000495e	00155f83	lhu	x31,1(x10)	 x10:0x80013639 x31=0x0000f0f1 PA:0x8001363a load:0x0000f0f1
       74425000	      7343	80004962	fed50b23	sb	x13,-10(x10)	 x10:0x80013639 x13:0xfffffffe PA:0x8001362f store:0xfffffffe load:0x00000000
       74435000	      7344	80004966	fe850ea3	sb	x8,-3(x10)	 x10:0x80013639  x8:0x80000000 PA:0x80013636 store:0x80000000 load:0x00000000
       74445000	      7345	8000496a	ff254683	lbu	x13,-14(x10)	 x10:0x80013639 x13=0x00000000 PA:0x8001362b load:0x00000000
       74455000	      7346	8000496e	00018997	auipc	x19,0x18	 x19=0x8001c96e
       74465000	      7347	80004972	2ed98993	addi	x19,x19,749	 x19:0x8001c96e x19=0x8001cc5b
       74475000	      7348	80004976	24c9c883	lbu	x17,588(x19)	 x19:0x8001cc5b x17=0x0000005c PA:0x8001cea7 load:0x0000005c
       74485000	      7349	8000497a	24c98183	lb	x3,588(x19)	 x19:0x8001cc5b  x3=0x0000005c PA:0x8001cea7 load:0x0000005c
       74495000	      7350	8000497e	24c9c503	lbu	x10,588(x19)	 x19:0x8001cc5b x10=0x0000005c PA:0x8001cea7 load:0x0000005c
       74505000	      7351	80004982	e7f4ea13	ori	x20,x9,-385	  x9:0xffffc6de x20=0xfffffeff
       74515000	      7352	80004986	3bb9b313	sltiu	x6,x19,955	 x19:0x8001cc5b  x6=0x00000000
       74525000	      7353	8000498a	24c9ca83	lbu	x21,588(x19)	 x19:0x8001cc5b x21=0x0000005c PA:0x8001cea7 load:0x0000005c
       74535000	      7354	8000498e	24c9c383	lbu	x7,588(x19)	 x19:0x8001cc5b  x7=0x0000005c PA:0x8001cea7 load:0x0000005c
       74545000	      7355	80004992	0001	c.addi	x0,0	  x0:0x00000000  x0=0x00000000
       74555000	      7356	80004994	24c98f83	lb	x31,588(x19)	 x19:0x8001cc5b x31=0x0000005c PA:0x8001cea7 load:0x0000005c
       74565000	      7357	80004998	25798623	sb	x23,588(x19)	 x19:0x8001cc5b x23:0x00000000 PA:0x8001cea7 store:0x00000000 load:0x00000000
       74575000	      7358	8000499c	24f98623	sb	x15,588(x19)	 x19:0x8001cc5b x15:0x00000000 PA:0x8001cea7 store:0x00000000 load:0x00000000
       74615000	      7362	800049a0	02f6b1b3	mulhu	x3,x13,x15	 x13:0x00000000 x15:0x00000000  x3=0x00000000
       74625000	      7363	800049a4	24c98e83	lb	x29,588(x19)	 x19:0x8001cc5b x29=0x00000000 PA:0x8001cea7 load:0x00000000
       74635000	      7364	800049a8	24c98c03	lb	x24,588(x19)	 x19:0x8001cc5b x24=0x00000000 PA:0x8001cea7 load:0x00000000
       74645000	      7365	800049ac	24c98303	lb	x6,588(x19)	 x19:0x8001cc5b  x6=0x00000000 PA:0x8001cea7 load:0x00000000
       74655000	      7366	800049b0	24f98623	sb	x15,588(x19)	 x19:0x8001cc5b x15:0x00000000 PA:0x8001cea7 store:0x00000000 load:0x00000000
       74665000	      7367	800049b4	8ce5	c.and	x9,x9	  x9:0xffffc6de  x9:0xffffc6de  x9=0xffffc6de
       74675000	      7368	800049b6	25998623	sb	x25,588(x19)	 x19:0x8001cc5b x25:0x00000017 PA:0x8001cea7 store:0x00000017 load:0x00000000
       74685000	      7369	800049ba	25598623	sb	x21,588(x19)	 x19:0x8001cc5b x21:0x0000005c PA:0x8001cea7 store:0x0000005c load:0x00000000
       74695000	      7370	800049be	24698623	sb	x6,588(x19)	 x19:0x8001cc5b  x6:0x00000000 PA:0x8001cea7 store:0x00000000 load:0x00000000
       74705000	      7371	800049c2	01195ab3	srl	x21,x18,x17	 x18:0x8002cce4 x17:0x0000005c x21=0x00000008
       74715000	      7372	800049c6	24598623	sb	x5,588(x19)	 x19:0x8001cc5b  x5:0x00000000 PA:0x8001cea7 store:0x00000000 load:0x00000000
       74725000	      7373	800049ca	24c9cf83	lbu	x31,588(x19)	 x19:0x8001cc5b x31=0x00000000 PA:0x8001cea7 load:0x00000000
       74735000	      7374	800049ce	00019897	auipc	x17,0x19	 x17=0x8001d9ce
       74745000	      7375	800049d2	12188893	addi	x17,x17,289	 x17:0x8001d9ce x17=0x8001daef
       74755000	      7376	800049d6	a9989ea3	sh	x25,-1379(x17)	 x17:0x8001daef x25:0x00000017 PA:0x8001d58c store:0x00000017 load:0x00000000
       74765000	      7377	800049da	a9d8da83	lhu	x21,-1379(x17)	 x17:0x8001daef x21=0x00000017 PA:0x8001d58c load:0x00000017
       74805000	      7381	800049de	02b1b3b3	mulhu	x7,x3,x11	  x3:0x00000000 x11:0x00000000  x7=0x00000000
       74815000	      7382	800049e2	a8689ea3	sh	x6,-1379(x17)	 x17:0x8001daef  x6:0x00000000 PA:0x8001d58c store:0x00000000 load:0x00000000
       74825000	      7383	800049e6	3fd8cc03	lbu	x24,1021(x17)	 x17:0x8001daef x24=0x000000a7 PA:0x8001deec load:0x000000a7
       74835000	      7384	800049ea	3e788ea3	sb	x7,1021(x17)	 x17:0x8001daef  x7:0x00000000 PA:0x8001deec store:0x00000000 load:0x00000000
       74845000	      7385	800049ee	3ed8aea3	sw	x13,1021(x17)	 x17:0x8001daef x13:0x00000000 PA:0x8001deec store:0x00000000 load:0x00000000
       74855000	      7386	800049f2	3f689ea3	sh	x22,1021(x17)	 x17:0x8001daef x22:0x0000ffe5 PA:0x8001deec store:0x0000ffe5 load:0x00000000
       74865000	      7387	800049f6	4d98d983	lhu	x19,1241(x17)	 x17:0x8001daef x19=0x00008283 PA:0x8001dfc8 load:0x00008283
       74875000	      7388	800049fa	4d489ca3	sh	x20,1241(x17)	 x17:0x8001daef x20:0xfffffeff PA:0x8001dfc8 store:0xfffffeff load:0x00000000
       74885000	      7389	800049fe	4ce8aca3	sw	x14,1241(x17)	 x17:0x8001daef x14:0xfffffff5 PA:0x8001dfc8 store:0xfffffff5 load:0x00000000
       74895000	      7390	80004a02	4d98ad83	lw	x27,1241(x17)	 x17:0x8001daef x27=0xfffffff5 PA:0x8001dfc8 load:0xfffffff5
       74905000	      7391	80004a06	4d989003	lh	x0,1241(x17)	 x17:0x8001daef  x0=0x00000000 PA:0x8001dfc8 load:0xfffffff5
       74915000	      7392	80004a0a	4d989e83	lh	x29,1241(x17)	 x17:0x8001daef x29=0xfffffff5 PA:0x8001dfc8 load:0xfffffff5
       74925000	      7393	80004a0e	4d98c283	lbu	x5,1241(x17)	 x17:0x8001daef  x5=0x000000f5 PA:0x8001dfc8 load:0x000000f5
       74935000	      7394	80004a12	00ea9493	slli	x9,x21,0xe	 x21:0x00000017  x9=0x0005c000
       74945000	      7395	80004a16	4d989b03	lh	x22,1241(x17)	 x17:0x8001daef x22=0xfffffff5 PA:0x8001dfc8 load:0xfffffff5
       74955000	      7396	80004a1a	1c388d03	lb	x26,451(x17)	 x17:0x8001daef x26=0x00000069 PA:0x8001dcb2 load:0x00000069
       74965000	      7397	80004a1e	1c38da83	lhu	x21,451(x17)	 x17:0x8001daef x21=0x00006869 PA:0x8001dcb2 load:0x00006869
       74975000	      7398	80004a22	1c389503	lh	x10,451(x17)	 x17:0x8001daef x10=0x00006869 PA:0x8001dcb2 load:0x00006869
       74985000	      7399	80004a26	1c38c483	lbu	x9,451(x17)	 x17:0x8001daef  x9=0x00000069 PA:0x8001dcb2 load:0x00000069
       74995000	      7400	80004a2a	00013c17	auipc	x24,0x13	 x24=0x80017a2a
       75005000	      7401	80004a2e	988c0c13	addi	x24,x24,-1656	 x24:0x80017a2a x24=0x800173b2
       75015000	      7402	80004a32	fdfc4c83	lbu	x25,-33(x24)	 x24:0x800173b2 x25=0x0000004a PA:0x80017391 load:0x0000004a
       75025000	      7403	80004a36	0000f717	auipc	x14,0xf	 x14=0x80013a36
       75035000	      7404	80004a3a	5b570713	addi	x14,x14,1461	 x14:0x80013a36 x14=0x80013feb
       75045000	      7405	80004a3e	00b70b23	sb	x11,22(x14)	 x14:0x80013feb x11:0x00000000 PA:0x80014001 store:0x00000000 load:0x00000000
       75055000	      7406	80004a42	f2474783	lbu	x15,-220(x14)	 x14:0x80013feb x15=0x00000080 PA:0x80013f0f load:0x00000080
       75065000	      7407	80004a46	03bc00a3	sb	x27,33(x24)	 x24:0x800173b2 x27:0xfffffff5 PA:0x800173d3 store:0xfffffff5 load:0x00000000
       75075000	      7408	80004a4a	f0d71003	lh	x0,-243(x14)	 x14:0x80013feb  x0=0x00000000 PA:0x80013ef8 load:0xffffb2b3
       75085000	      7409	80004a4e	058710a3	sh	x24,65(x14)	 x14:0x80013feb x24:0x800173b2 PA:0x8001402c store:0x800173b2 load:0x00000000
       75095000	      7410	80004a52	fcc717a3	sh	x12,-49(x14)	 x14:0x80013feb x12:0x8002cce4 PA:0x80013fba store:0x8002cce4 load:0x00000000
       75105000	      7411	80004a56	031c0f23	sb	x17,62(x24)	 x24:0x800173b2 x17:0x8001daef PA:0x800173f0 store:0x8001daef load:0x00000000
       75115000	      7412	80004a5a	fab704a3	sb	x11,-87(x14)	 x14:0x80013feb x11:0x00000000 PA:0x80013f94 store:0x00000000 load:0x00000000
       75125000	      7413	80004a5e	ff0c0383	lb	x7,-16(x24)	 x24:0x800173b2  x7=0x00000059 PA:0x800173a2 load:0x00000059
       75135000	      7414	80004a62	f7470ea3	sb	x20,-131(x14)	 x14:0x80013feb x20:0xfffffeff PA:0x80013f68 store:0xfffffeff load:0x00000000
       75145000	      7415	80004a66	f7e70183	lb	x3,-130(x14)	 x14:0x80013feb  x3=0x00000022 PA:0x80013f69 load:0x00000022
       75155000	      7416	80004a6a	03bc0783	lb	x15,59(x24)	 x24:0x800173b2 x15=0xffffffa6 PA:0x800173ed load:0xffffffa6
       75165000	      7417	80004a6e	001c4483	lbu	x9,1(x24)	 x24:0x800173b2  x9=0x00000068 PA:0x800173b3 load:0x00000068
       75175000	      7418	80004a72	00018297	auipc	x5,0x18	  x5=0x8001ca72
       75185000	      7419	80004a76	ce428293	addi	x5,x5,-796	  x5:0x8001ca72  x5=0x8001c756
       75195000	      7420	80004a7a	ffe29783	lh	x15,-2(x5)	  x5:0x8001c756 x15=0x00000e0f PA:0x8001c754 load:0x00000e0f
       75205000	      7421	80004a7e	029287a3	sb	x9,47(x5)	  x5:0x8001c756  x9:0x00000068 PA:0x8001c785 store:0x00000068 load:0x00000000
       75215000	      7422	80004a82	02f28583	lb	x11,47(x5)	  x5:0x8001c756 x11=0x00000068 PA:0x8001c785 load:0x00000068
       75255000	      7426	80004a86	02c918b3	mulh	x17,x18,x12	 x18:0x8002cce4 x12:0x8002cce4 x17=0x3ffd3323
       75265000	      7427	80004a8a	0001	c.addi	x0,0	  x0:0x00000000  x0=0x00000000
       75275000	      7428	80004a8c	02f28183	lb	x3,47(x5)	  x5:0x8001c756  x3=0x00000068 PA:0x8001c785 load:0x00000068
       75285000	      7429	80004a90	035287a3	sb	x21,47(x5)	  x5:0x8001c756 x21:0x00006869 PA:0x8001c785 store:0x00006869 load:0x00000000
       75295000	      7430	80004a94	023287a3	sb	x3,47(x5)	  x5:0x8001c756  x3:0x00000068 PA:0x8001c785 store:0x00000068 load:0x00000000
       75305000	      7431	80004a98	02f2c883	lbu	x17,47(x5)	  x5:0x8001c756 x17=0x00000068 PA:0x8001c785 load:0x00000068
       75315000	      7432	80004a9c	036287a3	sb	x22,47(x5)	  x5:0x8001c756 x22:0xfffffff5 PA:0x8001c785 store:0xfffffff5 load:0x00000000
       75325000	      7433	80004aa0	01728c83	lb	x25,23(x5)	  x5:0x8001c756 x25=0x00000026 PA:0x8001c76d load:0x00000026
       75335000	      7434	80004aa4	15a82893	slti	x17,x16,346	 x16:0xffffff8d x17=0x00000001
       75345000	      7435	80004aa8	00028ba3	sb	x0,23(x5)	  x5:0x8001c756  x0:0x00000000 PA:0x8001c76d store:0x00000000 load:0x00000000
       75355000	      7436	80004aac	02028a03	lb	x20,32(x5)	  x5:0x8001c756 x20=0x0000002d PA:0x8001c776 load:0x0000002d
       75725000	      7473	80004ab0	023f51b3	divu	x3,x30,x3	 x30:0xffff8c8d  x3:0x00000068  x3=0x02762646
       75735000	      7474	80004ab4	0202c383	lbu	x7,32(x5)	  x5:0x8001c756  x7=0x0000002d PA:0x8001c776 load:0x0000002d
       75745000	      7475	80004ab8	5ad9	c.li	x21,-10	 x21=0xfffffff6
       75755000	      7476	80004aba	34007f73	csrrci	x30,mscratch,0	 x30=0xffffffc0
       75765000	      7477	80004abe	4188ddb3	sra	x27,x17,x24	 x17:0x00000001 x24:0x800173b2 x27=0x00000000
       75775000	      7478	80004ac2	0095f7b3	and	x15,x11,x9	 x11:0x00000068  x9:0x00000068 x15=0x00000068
       76145000	      7515	80004ac6	034f5c33	divu	x24,x30,x20	 x30:0xffffffc0 x20:0x0000002d x24=0x05b05b04
       76155000	      7516	80004aca	401d5a13	srai	x20,x26,0x1	 x26:0x00000069 x20=0x00000034
       76165000	      7517	80004ace	4121	c.li	x2,8	  x2=0x00000008
       76175000	      7518	80004ad0	1714	c.addi4spn	x13,x2,928	 x13=0x000003a8
       76185000	      7519	80004ad2	0ff0000f	fence	iorw,iorw	
       76195000	      7520	80004ad6	0a99	c.addi	x21,6	 x21:0xfffffff6 x21=0xfffffffc
       76205000	      7521	80004ad8	48a1	c.li	x17,8	 x17=0x00000008
       76215000	      7522	80004ada	10500073	wfi	
