core   0: 0x80000080 (0x40001eb7) lui     t4, 0x40001
core   0: 3 0x80000080 (0x40001eb7) x29 0x40001000
core   0: 0x80000084 (0x106e8e93) addi    t4, t4, 262
core   0: 3 0x80000084 (0x106e8e93) x29 0x40001106
core   0: 0x80000088 (0x301e9073) csrw    misa, t4
core   0: 3 0x80000088 (0x301e9073) c769_misa 0x40901104
core   0: 0x8000008c (0x00026c97) auipc   s9, 0x26
core   0: 3 0x8000008c (0x00026c97) x25 0x8002608c
core   0: 0x80000090 (0xc58c8c93) addi    s9, s9, -936
core   0: 3 0x80000090 (0xc58c8c93) x25 0x80025ce4
core   0: 0x80000094 (0x00002e97) auipc   t4, 0x2
core   0: 3 0x80000094 (0x00002e97) x29 0x80002094
core   0: 0x80000098 (0x66ce8e93) addi    t4, t4, 1644
core   0: 3 0x80000098 (0x66ce8e93) x29 0x80002700
core   0: 0x8000009c (0x001eee93) ori     t4, t4, 1
core   0: 3 0x8000009c (0x001eee93) x29 0x80002701
core   0: 0x800000a0 (0x305e9073) csrw    mtvec, t4
core   0: 3 0x800000a0 (0x305e9073) c773_mtvec 0x80002701
core   0: 0x800000a4 (0x74725073) csrwi   mseccfg, 4
core   0: 3 0x800000a4 (0x74725073) c1863_mseccfg 0x00000004
core   0: 0x800000a8 (0x00003f97) auipc   t6, 0x3
core   0: 3 0x800000a8 (0x00003f97) x31 0x800030a8
core   0: 0x800000ac (0x444f8f93) addi    t6, t6, 1092
core   0: 3 0x800000ac (0x444f8f93) x31 0x800034ec
core   0: 0x800000b0 (0x00004e81) c.li    t4, 0
core   0: 3 0x800000b0 (0x4e81) x29 0x00000000
core   0: 0x800000b2 (0x00009ff6) c.add   t6, t4
core   0: 3 0x800000b2 (0x9ff6) x31 0x800034ec
core   0: 0x800000b4 (0x002fdf93) srli    t6, t6, 2
core   0: 3 0x800000b4 (0x002fdf93) x31 0x20000d3b
core   0: 0x800000b8 (0x3b0f9073) csrw    pmpaddr0, t6
core   0: 3 0x800000b8 (0x3b0f9073) c944_pmpaddr0 0x20000d3b
core   0: 0x800000bc (0x00003f97) auipc   t6, 0x3
core   0: 3 0x800000bc (0x00003f97) x31 0x800030bc
core   0: 0x800000c0 (0x430f8f93) addi    t6, t6, 1072
core   0: 3 0x800000c0 (0x430f8f93) x31 0x800034ec
core   0: 0x800000c4 (0x11111eb7) lui     t4, 0x11111
core   0: 3 0x800000c4 (0x11111eb7) x29 0x11111000
core   0: 0x800000c8 (0x111e8e93) addi    t4, t4, 273
core   0: 3 0x800000c8 (0x111e8e93) x29 0x11111111
core   0: 0x800000cc (0x00009ff6) c.add   t6, t4
core   0: 3 0x800000cc (0x9ff6) x31 0x911145fd
core   0: 0x800000ce (0x002fdf93) srli    t6, t6, 2
core   0: 3 0x800000ce (0x002fdf93) x31 0x2444517f
core   0: 0x800000d2 (0x3b1f9073) csrw    pmpaddr1, t6
core   0: 3 0x800000d2 (0x3b1f9073) c945_pmpaddr1 0x2444517f
core   0: 0x800000d6 (0x00003f97) auipc   t6, 0x3
core   0: 3 0x800000d6 (0x00003f97) x31 0x800030d6
core   0: 0x800000da (0x416f8f93) addi    t6, t6, 1046
core   0: 3 0x800000da (0x416f8f93) x31 0x800034ec
core   0: 0x800000de (0x22222eb7) lui     t4, 0x22222
core   0: 3 0x800000de (0x22222eb7) x29 0x22222000
core   0: 0x800000e2 (0x222e8e93) addi    t4, t4, 546
core   0: 3 0x800000e2 (0x222e8e93) x29 0x22222222
core   0: 0x800000e6 (0x00009ff6) c.add   t6, t4
core   0: 3 0x800000e6 (0x9ff6) x31 0xa222570e
core   0: 0x800000e8 (0x002fdf93) srli    t6, t6, 2
core   0: 3 0x800000e8 (0x002fdf93) x31 0x288895c3
core   0: 0x800000ec (0x3b2f9073) csrw    pmpaddr2, t6
core   0: 3 0x800000ec (0x3b2f9073) c946_pmpaddr2 0x288895c3
core   0: 0x800000f0 (0x00003f97) auipc   t6, 0x3
core   0: 3 0x800000f0 (0x00003f97) x31 0x800030f0
core   0: 0x800000f4 (0x3fcf8f93) addi    t6, t6, 1020
core   0: 3 0x800000f4 (0x3fcf8f93) x31 0x800034ec
core   0: 0x800000f8 (0x33333eb7) lui     t4, 0x33333
core   0: 3 0x800000f8 (0x33333eb7) x29 0x33333000
core   0: 0x800000fc (0x333e8e93) addi    t4, t4, 819
core   0: 3 0x800000fc (0x333e8e93) x29 0x33333333
core   0: 0x80000100 (0x00009ff6) c.add   t6, t4
core   0: 3 0x80000100 (0x9ff6) x31 0xb333681f
core   0: 0x80000102 (0x002fdf93) srli    t6, t6, 2
core   0: 3 0x80000102 (0x002fdf93) x31 0x2cccda07
core   0: 0x80000106 (0x3b3f9073) csrw    pmpaddr3, t6
core   0: 3 0x80000106 (0x3b3f9073) c947_pmpaddr3 0x2cccda07
core   0: 0x8000010a (0x0f0f1fb7) lui     t6, 0xf0f1
core   0: 3 0x8000010a (0x0f0f1fb7) x31 0x0f0f1000
core   0: 0x8000010e (0xf0ff8f93) addi    t6, t6, -241
core   0: 3 0x8000010e (0xf0ff8f93) x31 0x0f0f0f0f
core   0: 0x80000112 (0x3a0f9073) csrw    pmpcfg0, t6
core   0: 3 0x80000112 (0x3a0f9073) c928_pmpcfg0 0x0f0f0f0f
core   0: 0x80000116 (0x00003f97) auipc   t6, 0x3
core   0: 3 0x80000116 (0x00003f97) x31 0x80003116
core   0: 0x8000011a (0x3d6f8f93) addi    t6, t6, 982
core   0: 3 0x8000011a (0x3d6f8f93) x31 0x800034ec
core   0: 0x8000011e (0x44444eb7) lui     t4, 0x44444
core   0: 3 0x8000011e (0x44444eb7) x29 0x44444000
core   0: 0x80000122 (0x444e8e93) addi    t4, t4, 1092
core   0: 3 0x80000122 (0x444e8e93) x29 0x44444444
core   0: 0x80000126 (0x00009ff6) c.add   t6, t4
core   0: 3 0x80000126 (0x9ff6) x31 0xc4447930
core   0: 0x80000128 (0x002fdf93) srli    t6, t6, 2
core   0: 3 0x80000128 (0x002fdf93) x31 0x31111e4c
core   0: 0x8000012c (0x3b4f9073) csrw    pmpaddr4, t6
core   0: 3 0x8000012c (0x3b4f9073) c948_pmpaddr4 0x31111e4c
core   0: 0x80000130 (0x00003f97) auipc   t6, 0x3
core   0: 3 0x80000130 (0x00003f97) x31 0x80003130
core   0: 0x80000134 (0x3bcf8f93) addi    t6, t6, 956
core   0: 3 0x80000134 (0x3bcf8f93) x31 0x800034ec
core   0: 0x80000138 (0x55555eb7) lui     t4, 0x55555
core   0: 3 0x80000138 (0x55555eb7) x29 0x55555000
core   0: 0x8000013c (0x555e8e93) addi    t4, t4, 1365
core   0: 3 0x8000013c (0x555e8e93) x29 0x55555555
core   0: 0x80000140 (0x00009ff6) c.add   t6, t4
core   0: 3 0x80000140 (0x9ff6) x31 0xd5558a41
core   0: 0x80000142 (0x002fdf93) srli    t6, t6, 2
core   0: 3 0x80000142 (0x002fdf93) x31 0x35556290
core   0: 0x80000146 (0x3b5f9073) csrw    pmpaddr5, t6
core   0: 3 0x80000146 (0x3b5f9073) c949_pmpaddr5 0x35556290
core   0: 0x8000014a (0x00003f97) auipc   t6, 0x3
core   0: 3 0x8000014a (0x00003f97) x31 0x8000314a
core   0: 0x8000014e (0x3a2f8f93) addi    t6, t6, 930
core   0: 3 0x8000014e (0x3a2f8f93) x31 0x800034ec
core   0: 0x80000152 (0x66666eb7) lui     t4, 0x66666
core   0: 3 0x80000152 (0x66666eb7) x29 0x66666000
core   0: 0x80000156 (0x666e8e93) addi    t4, t4, 1638
core   0: 3 0x80000156 (0x666e8e93) x29 0x66666666
core   0: 0x8000015a (0x00009ff6) c.add   t6, t4
core   0: 3 0x8000015a (0x9ff6) x31 0xe6669b52
core   0: 0x8000015c (0x002fdf93) srli    t6, t6, 2
core   0: 3 0x8000015c (0x002fdf93) x31 0x3999a6d4
core   0: 0x80000160 (0x3b6f9073) csrw    pmpaddr6, t6
core   0: 3 0x80000160 (0x3b6f9073) c950_pmpaddr6 0x3999a6d4
core   0: 0x80000164 (0x00003f97) auipc   t6, 0x3
core   0: 3 0x80000164 (0x00003f97) x31 0x80003164
core   0: 0x80000168 (0x388f8f93) addi    t6, t6, 904
core   0: 3 0x80000168 (0x388f8f93) x31 0x800034ec
core   0: 0x8000016c (0x77777eb7) lui     t4, 0x77777
core   0: 3 0x8000016c (0x77777eb7) x29 0x77777000
core   0: 0x80000170 (0x777e8e93) addi    t4, t4, 1911
core   0: 3 0x80000170 (0x777e8e93) x29 0x77777777
core   0: 0x80000174 (0x00009ff6) c.add   t6, t4
core   0: 3 0x80000174 (0x9ff6) x31 0xf777ac63
core   0: 0x80000176 (0x002fdf93) srli    t6, t6, 2
core   0: 3 0x80000176 (0x002fdf93) x31 0x3dddeb18
core   0: 0x8000017a (0x3b7f9073) csrw    pmpaddr7, t6
core   0: 3 0x8000017a (0x3b7f9073) c951_pmpaddr7 0x3dddeb18
core   0: 0x8000017e (0x0f0f1fb7) lui     t6, 0xf0f1
core   0: 3 0x8000017e (0x0f0f1fb7) x31 0x0f0f1000
core   0: 0x80000182 (0xf0ff8f93) addi    t6, t6, -241
core   0: 3 0x80000182 (0xf0ff8f93) x31 0x0f0f0f0f
core   0: 0x80000186 (0x3a1f9073) csrw    pmpcfg1, t6
core   0: 3 0x80000186 (0x3a1f9073) c929_pmpcfg1 0x0f0f0f0f
core   0: 0x8000018a (0x00003f97) auipc   t6, 0x3
core   0: 3 0x8000018a (0x00003f97) x31 0x8000318a
core   0: 0x8000018e (0x362f8f93) addi    t6, t6, 866
core   0: 3 0x8000018e (0x362f8f93) x31 0x800034ec
core   0: 0x80000192 (0x88889eb7) lui     t4, 0x88889
core   0: 3 0x80000192 (0x88889eb7) x29 0x88889000
core   0: 0x80000196 (0x888e8e93) addi    t4, t4, -1912
core   0: 3 0x80000196 (0x888e8e93) x29 0x88888888
core   0: 0x8000019a (0x00009ff6) c.add   t6, t4
core   0: 3 0x8000019a (0x9ff6) x31 0x0888bd74
core   0: 0x8000019c (0x002fdf93) srli    t6, t6, 2
core   0: 3 0x8000019c (0x002fdf93) x31 0x02222f5d
core   0: 0x800001a0 (0x3b8f9073) csrw    pmpaddr8, t6
core   0: 3 0x800001a0 (0x3b8f9073) c952_pmpaddr8 0x02222f5d
core   0: 0x800001a4 (0x00003f97) auipc   t6, 0x3
core   0: 3 0x800001a4 (0x00003f97) x31 0x800031a4
core   0: 0x800001a8 (0x348f8f93) addi    t6, t6, 840
core   0: 3 0x800001a8 (0x348f8f93) x31 0x800034ec
core   0: 0x800001ac (0x9999aeb7) lui     t4, 0x9999a
core   0: 3 0x800001ac (0x9999aeb7) x29 0x9999a000
core   0: 0x800001b0 (0x999e8e93) addi    t4, t4, -1639
core   0: 3 0x800001b0 (0x999e8e93) x29 0x99999999
core   0: 0x800001b4 (0x00009ff6) c.add   t6, t4
core   0: 3 0x800001b4 (0x9ff6) x31 0x1999ce85
core   0: 0x800001b6 (0x002fdf93) srli    t6, t6, 2
core   0: 3 0x800001b6 (0x002fdf93) x31 0x066673a1
core   0: 0x800001ba (0x3b9f9073) csrw    pmpaddr9, t6
core   0: 3 0x800001ba (0x3b9f9073) c953_pmpaddr9 0x066673a1
core   0: 0x800001be (0x00003f97) auipc   t6, 0x3
core   0: 3 0x800001be (0x00003f97) x31 0x800031be
core   0: 0x800001c2 (0x32ef8f93) addi    t6, t6, 814
core   0: 3 0x800001c2 (0x32ef8f93) x31 0x800034ec
core   0: 0x800001c6 (0xaaaabeb7) lui     t4, 0xaaaab
core   0: 3 0x800001c6 (0xaaaabeb7) x29 0xaaaab000
core   0: 0x800001ca (0xaaae8e93) addi    t4, t4, -1366
core   0: 3 0x800001ca (0xaaae8e93) x29 0xaaaaaaaa
core   0: 0x800001ce (0x00009ff6) c.add   t6, t4
core   0: 3 0x800001ce (0x9ff6) x31 0x2aaadf96
core   0: 0x800001d0 (0x002fdf93) srli    t6, t6, 2
core   0: 3 0x800001d0 (0x002fdf93) x31 0x0aaab7e5
core   0: 0x800001d4 (0x3baf9073) csrw    pmpaddr10, t6
core   0: 3 0x800001d4 (0x3baf9073) c954_pmpaddr10 0x0aaab7e5
core   0: 0x800001d8 (0x00003f97) auipc   t6, 0x3
core   0: 3 0x800001d8 (0x00003f97) x31 0x800031d8
core   0: 0x800001dc (0x314f8f93) addi    t6, t6, 788
core   0: 3 0x800001dc (0x314f8f93) x31 0x800034ec
core   0: 0x800001e0 (0xbbbbceb7) lui     t4, 0xbbbbc
core   0: 3 0x800001e0 (0xbbbbceb7) x29 0xbbbbc000
core   0: 0x800001e4 (0xbbbe8e93) addi    t4, t4, -1093
core   0: 3 0x800001e4 (0xbbbe8e93) x29 0xbbbbbbbb
core   0: 0x800001e8 (0x00009ff6) c.add   t6, t4
core   0: 3 0x800001e8 (0x9ff6) x31 0x3bbbf0a7
core   0: 0x800001ea (0x002fdf93) srli    t6, t6, 2
core   0: 3 0x800001ea (0x002fdf93) x31 0x0eeefc29
core   0: 0x800001ee (0x3bbf9073) csrw    pmpaddr11, t6
core   0: 3 0x800001ee (0x3bbf9073) c955_pmpaddr11 0x0eeefc29
core   0: 0x800001f2 (0x0f0f1fb7) lui     t6, 0xf0f1
core   0: 3 0x800001f2 (0x0f0f1fb7) x31 0x0f0f1000
core   0: 0x800001f6 (0xf0ff8f93) addi    t6, t6, -241
core   0: 3 0x800001f6 (0xf0ff8f93) x31 0x0f0f0f0f
core   0: 0x800001fa (0x3a2f9073) csrw    pmpcfg2, t6
core   0: 3 0x800001fa (0x3a2f9073) c930_pmpcfg2 0x0f0f0f0f
core   0: 0x800001fe (0x00003f97) auipc   t6, 0x3
core   0: 3 0x800001fe (0x00003f97) x31 0x800031fe
core   0: 0x80000202 (0x2eef8f93) addi    t6, t6, 750
core   0: 3 0x80000202 (0x2eef8f93) x31 0x800034ec
core   0: 0x80000206 (0xccccdeb7) lui     t4, 0xccccd
core   0: 3 0x80000206 (0xccccdeb7) x29 0xccccd000
core   0: 0x8000020a (0xccce8e93) addi    t4, t4, -820
core   0: 3 0x8000020a (0xccce8e93) x29 0xcccccccc
core   0: 0x8000020e (0x00009ff6) c.add   t6, t4
core   0: 3 0x8000020e (0x9ff6) x31 0x4ccd01b8
core   0: 0x80000210 (0x002fdf93) srli    t6, t6, 2
core   0: 3 0x80000210 (0x002fdf93) x31 0x1333406e
core   0: 0x80000214 (0x3bcf9073) csrw    pmpaddr12, t6
core   0: 3 0x80000214 (0x3bcf9073) c956_pmpaddr12 0x1333406e
core   0: 0x80000218 (0x00003f97) auipc   t6, 0x3
core   0: 3 0x80000218 (0x00003f97) x31 0x80003218
core   0: 0x8000021c (0x2d4f8f93) addi    t6, t6, 724
core   0: 3 0x8000021c (0x2d4f8f93) x31 0x800034ec
core   0: 0x80000220 (0xddddeeb7) lui     t4, 0xdddde
core   0: 3 0x80000220 (0xddddeeb7) x29 0xdddde000
core   0: 0x80000224 (0xddde8e93) addi    t4, t4, -547
core   0: 3 0x80000224 (0xddde8e93) x29 0xdddddddd
core   0: 0x80000228 (0x00009ff6) c.add   t6, t4
core   0: 3 0x80000228 (0x9ff6) x31 0x5dde12c9
core   0: 0x8000022a (0x002fdf93) srli    t6, t6, 2
core   0: 3 0x8000022a (0x002fdf93) x31 0x177784b2
core   0: 0x8000022e (0x3bdf9073) csrw    pmpaddr13, t6
core   0: 3 0x8000022e (0x3bdf9073) c957_pmpaddr13 0x177784b2
core   0: 0x80000232 (0x00003f97) auipc   t6, 0x3
core   0: 3 0x80000232 (0x00003f97) x31 0x80003232
core   0: 0x80000236 (0x2baf8f93) addi    t6, t6, 698
core   0: 3 0x80000236 (0x2baf8f93) x31 0x800034ec
core   0: 0x8000023a (0xeeeefeb7) lui     t4, 0xeeeef
core   0: 3 0x8000023a (0xeeeefeb7) x29 0xeeeef000
core   0: 0x8000023e (0xeeee8e93) addi    t4, t4, -274
core   0: 3 0x8000023e (0xeeee8e93) x29 0xeeeeeeee
core   0: 0x80000242 (0x00009ff6) c.add   t6, t4
core   0: 3 0x80000242 (0x9ff6) x31 0x6eef23da
core   0: 0x80000244 (0x002fdf93) srli    t6, t6, 2
core   0: 3 0x80000244 (0x002fdf93) x31 0x1bbbc8f6
core   0: 0x80000248 (0x3bef9073) csrw    pmpaddr14, t6
core   0: 3 0x80000248 (0x3bef9073) c958_pmpaddr14 0x1bbbc8f6
core   0: 0x8000024c (0x00003f97) auipc   t6, 0x3
core   0: 3 0x8000024c (0x00003f97) x31 0x8000324c
core   0: 0x80000250 (0x2a0f8f93) addi    t6, t6, 672
core   0: 3 0x80000250 (0x2a0f8f93) x31 0x800034ec
core   0: 0x80000254 (0xfff00e93) li      t4, -1
core   0: 3 0x80000254 (0xfff00e93) x29 0xffffffff
core   0: 0x80000258 (0x00009ff6) c.add   t6, t4
core   0: 3 0x80000258 (0x9ff6) x31 0x800034eb
core   0: 0x8000025a (0x002fdf93) srli    t6, t6, 2
core   0: 3 0x8000025a (0x002fdf93) x31 0x20000d3a
core   0: 0x8000025e (0x3bff9073) csrw    pmpaddr15, t6
core   0: 3 0x8000025e (0x3bff9073) c959_pmpaddr15 0x20000d3a
core   0: 0x80000262 (0x0f0f1fb7) lui     t6, 0xf0f1
core   0: 3 0x80000262 (0x0f0f1fb7) x31 0x0f0f1000
core   0: 0x80000266 (0xf0ff8f93) addi    t6, t6, -241
core   0: 3 0x80000266 (0xf0ff8f93) x31 0x0f0f0f0f
core   0: 0x8000026a (0x3a3f9073) csrw    pmpcfg3, t6
core   0: 3 0x8000026a (0x3a3f9073) c931_pmpcfg3 0x0f0f0f0f
core   0: 0x8000026e (0x00000e97) auipc   t4, 0x0
core   0: 3 0x8000026e (0x00000e97) x29 0x8000026e
core   0: 0x80000272 (0x058e8e93) addi    t4, t4, 88
core   0: 3 0x80000272 (0x058e8e93) x29 0x800002c6
core   0: 0x80000276 (0x341e9073) csrw    mepc, t4
core   0: 3 0x80000276 (0x341e9073) c833_mepc 0x800002c6
core   0: 0x8000027a (0x7c00d073) csrwi   cpuctrlsts, 1
core   0: 3 0x8000027a (0x7c00d073) c1984_cpuctrlsts 0x00000101
core   0: 0x8000027e (0x00006e89) c.lui   t4, 0x2
core   0: 3 0x8000027e (0x6e89) x29 0x00002000
core   0: 0x80000280 (0x800e8e93) addi    t4, t4, -2048
core   0: 3 0x80000280 (0x800e8e93) x29 0x00001800
core   0: 0x80000284 (0x300e9073) csrw    mstatus, t4
core   0: 3 0x80000284 (0x300e9073) c768_mstatus 0x00001800
core   0: 0x80000288 (0x00004e81) c.li    t4, 0
core   0: 3 0x80000288 (0x4e81) x29 0x00000000
core   0: 0x8000028a (0x304e9073) csrw    mie, t4
core   0: 3 0x8000028a (0x304e9073) c772_mie 0x00000000
core   0: 0x8000028e (0x900007b7) lui     a5, 0x90000
core   0: 3 0x8000028e (0x900007b7) x15 0x90000000
core   0: 0x80000292 (0x000017f1) c.addi  a5, -4
core   0: 3 0x80000292 (0x17f1) x15 0x8ffffffc
core   0: 0x80000294 (0x30000e93) li      t4, 768
core   0: 3 0x80000294 (0x30000e93) x29 0x00000300
core   0: 0x80000298 (0x00000ea2) c.slli  t4, 8
core   0: 3 0x80000298 (0x0ea2) x29 0x00030000
core   0: 0x8000029a (0x00000e8d) c.addi  t4, 3
core   0: 3 0x8000029a (0x0e8d) x29 0x00030003
core   0: 0x8000029c (0x01d7a023) sw      t4, 0(a5)
core   0: 3 0x8000029c (0x01d7a023) mem 0x8ffffffc 0x00030003
core   0: 0x800002a0 (0x30002ef3) csrr    t4, mstatus
core   0: 3 0x800002a0 (0x30002ef3) x29 0x00001800
core   0: 0x800002a4 (0x01d7a023) sw      t4, 0(a5)
core   0: 3 0x800002a4 (0x01d7a023) mem 0x8ffffffc 0x00001800
core   0: 0x800002a8 (0x900007b7) lui     a5, 0x90000
core   0: 3 0x800002a8 (0x900007b7) x15 0x90000000
core   0: 0x800002ac (0x000017f1) c.addi  a5, -4
core   0: 3 0x800002ac (0x17f1) x15 0x8ffffffc
core   0: 0x800002ae (0x30400e93) li      t4, 772
core   0: 3 0x800002ae (0x30400e93) x29 0x00000304
core   0: 0x800002b2 (0x00000ea2) c.slli  t4, 8
core   0: 3 0x800002b2 (0x0ea2) x29 0x00030400
core   0: 0x800002b4 (0x00000e8d) c.addi  t4, 3
core   0: 3 0x800002b4 (0x0e8d) x29 0x00030403
core   0: 0x800002b6 (0x01d7a023) sw      t4, 0(a5)
core   0: 3 0x800002b6 (0x01d7a023) mem 0x8ffffffc 0x00030403
core   0: 0x800002ba (0x30402ef3) csrr    t4, mie
core   0: 3 0x800002ba (0x30402ef3) x29 0x00000000
core   0: 0x800002be (0x01d7a023) sw      t4, 0(a5)
core   0: 3 0x800002be (0x01d7a023) mem 0x8ffffffc 0x00000000
core   0: 0x800002c2 (0x30200073) mret
core   0: 3 0x800002c2 (0x30200073) c768_mstatus 0x00000080
core   0: 0x800002c6 (0x00200013) li      zero, 2
core   0: 3 0x800002c6 (0x00200013)
core   0: 0x800002ca (0x800000b7) lui     ra, 0x80000
core   0: 3 0x800002ca (0x800000b7) x1  0x80000000
core   0: 0x800002ce (0x00004121) c.li    sp, 8
core   0: 3 0x800002ce (0x4121) x2  0x00000008
core   0: 0x800002d0 (0xfb2c31b7) lui     gp, 0xfb2c3
core   0: 3 0x800002d0 (0xfb2c31b7) x3  0xfb2c3000
core   0: 0x800002d4 (0xec418193) addi    gp, gp, -316
core   0: 3 0x800002d4 (0xec418193) x3  0xfb2c2ec4
core   0: 0x800002d8 (0xfadcf237) lui     tp, 0xfadcf
core   0: 3 0x800002d8 (0xfadcf237) x4  0xfadcf000
core   0: 0x800002dc (0x87920213) addi    tp, tp, -1927
core   0: 3 0x800002dc (0x87920213) x4  0xfadce879
core   0: 0x800002e0 (0x800002b7) lui     t0, 0x80000
core   0: 3 0x800002e0 (0x800002b7) x5  0x80000000
core   0: 0x800002e4 (0x0000433d) c.li    t1, 15
core   0: 3 0x800002e4 (0x433d) x6  0x0000000f
core   0: 0x800002e6 (0x834b03b7) lui     t2, 0x834b0
core   0: 3 0x800002e6 (0x834b03b7) x7  0x834b0000
core   0: 0x800002ea (0xf3d38393) addi    t2, t2, -195
core   0: 3 0x800002ea (0xf3d38393) x7  0x834aff3d
core   0: 0x800002ee (0x00004401) c.li    s0, 0
core   0: 3 0x800002ee (0x4401) x8  0x00000000
core   0: 0x800002f0 (0x800004b7) lui     s1, 0x80000
core   0: 3 0x800002f0 (0x800004b7) x9  0x80000000
core   0: 0x800002f4 (0xfc76e537) lui     a0, 0xfc76e
core   0: 3 0x800002f4 (0xfc76e537) x10 0xfc76e000
core   0: 0x800002f8 (0x4c950513) addi    a0, a0, 1225
core   0: 3 0x800002f8 (0x4c950513) x10 0xfc76e4c9
core   0: 0x800002fc (0x800005b7) lui     a1, 0x80000
core   0: 3 0x800002fc (0x800005b7) x11 0x80000000
core   0: 0x80000300 (0x00004601) c.li    a2, 0
core   0: 3 0x80000300 (0x4601) x12 0x00000000
core   0: 0x80000302 (0xb76a46b7) lui     a3, 0xb76a4
core   0: 3 0x80000302 (0xb76a46b7) x13 0xb76a4000
core   0: 0x80000306 (0xcb868693) addi    a3, a3, -840
core   0: 3 0x80000306 (0xcb868693) x13 0xb76a3cb8
core   0: 0x8000030a (0x00004701) c.li    a4, 0
core   0: 3 0x8000030a (0x4701) x14 0x00000000
core   0: 0x8000030c (0xf5e2d7b7) lui     a5, 0xf5e2d
core   0: 3 0x8000030c (0xf5e2d7b7) x15 0xf5e2d000
core   0: 0x80000310 (0x1bd78793) addi    a5, a5, 445
core   0: 3 0x80000310 (0x1bd78793) x15 0xf5e2d1bd
core   0: 0x80000314 (0x00004801) c.li    a6, 0
core   0: 3 0x80000314 (0x4801) x16 0x00000000
core   0: 0x80000316 (0xf84398b7) lui     a7, 0xf8439
core   0: 3 0x80000316 (0xf84398b7) x17 0xf8439000
core   0: 0x8000031a (0x4fe88893) addi    a7, a7, 1278
core   0: 3 0x8000031a (0x4fe88893) x17 0xf84394fe
core   0: 0x8000031e (0x80000937) lui     s2, 0x80000
core   0: 3 0x8000031e (0x80000937) x18 0x80000000
core   0: 0x80000322 (0x00004a01) c.li    s4, 0
core   0: 3 0x80000322 (0x4a01) x20 0x00000000
core   0: 0x80000324 (0xfbac3ab7) lui     s5, 0xfbac3
core   0: 3 0x80000324 (0xfbac3ab7) x21 0xfbac3000
core   0: 0x80000328 (0xd00a8a93) addi    s5, s5, -768
core   0: 3 0x80000328 (0xd00a8a93) x21 0xfbac2d00
core   0: 0x8000032c (0x00004b01) c.li    s6, 0
core   0: 3 0x8000032c (0x4b01) x22 0x00000000
core   0: 0x8000032e (0x46a94bb7) lui     s7, 0x46a94
core   0: 3 0x8000032e (0x46a94bb7) x23 0x46a94000
core   0: 0x80000332 (0x8a7b8b93) addi    s7, s7, -1881
core   0: 3 0x80000332 (0x8a7b8b93) x23 0x46a938a7
core   0: 0x80000336 (0x80000c37) lui     s8, 0x80000
core   0: 3 0x80000336 (0x80000c37) x24 0x80000000
core   0: 0x8000033a (0xf9271d37) lui     s10, 0xf9271
core   0: 3 0x8000033a (0xf9271d37) x26 0xf9271000
core   0: 0x8000033e (0x2f8d0d13) addi    s10, s10, 760
core   0: 3 0x8000033e (0x2f8d0d13) x26 0xf92712f8
core   0: 0x80000342 (0xa4a80db7) lui     s11, 0xa4a80
core   0: 3 0x80000342 (0xa4a80db7) x27 0xa4a80000
core   0: 0x80000346 (0xb50d8d93) addi    s11, s11, -1200
core   0: 3 0x80000346 (0xb50d8d93) x27 0xa4a7fb50
core   0: 0x8000034a (0x80000e37) lui     t3, 0x80000
core   0: 3 0x8000034a (0x80000e37) x28 0x80000000
core   0: 0x8000034e (0x80000eb7) lui     t4, 0x80000
core   0: 3 0x8000034e (0x80000eb7) x29 0x80000000
core   0: 0x80000352 (0x00004f35) c.li    t5, 13
core   0: 3 0x80000352 (0x4f35) x30 0x0000000d
core   0: 0x80000354 (0x00004fad) c.li    t6, 11
core   0: 3 0x80000354 (0x4fad) x31 0x0000000b
core   0: 0x80000356 (0x00022997) auipc   s3, 0x22
core   0: 3 0x80000356 (0x00022997) x19 0x80022356
core   0: 0x8000035a (0xb0e98993) addi    s3, s3, -1266
core   0: 3 0x8000035a (0xb0e98993) x19 0x80021e64
core   0: 0x8000035e (0x900007b7) lui     a5, 0x90000
core   0: 3 0x8000035e (0x900007b7) x15 0x90000000
core   0: 0x80000362 (0x000017f1) c.addi  a5, -4
core   0: 3 0x80000362 (0x17f1) x15 0x8ffffffc
core   0: 0x80000364 (0x00004e81) c.li    t4, 0
core   0: 3 0x80000364 (0x4e81) x29 0x00000000
core   0: 0x80000366 (0x00000ea2) c.slli  t4, 8
core   0: 3 0x80000366 (0x0ea2) x29 0x00000000
core   0: 0x80000368 (0x000e8e93) mv      t4, t4
core   0: 3 0x80000368 (0x000e8e93) x29 0x00000000
core   0: 0x8000036c (0x01d7a023) sw      t4, 0(a5)
core   0: 3 0x8000036c (0x01d7a023) mem 0x8ffffffc 0x00000000
core   0: 0x80000370 (0x17c0306f) j       pc + 0x317c
core   0: 3 0x80000370 (0x17c0306f)
core   0: 0x800034ec (0x778ae013) ori     zero, s5, 1912
core   0: 3 0x800034ec (0x778ae013)
core   0: 0x800034f0 (0x0393d5b3) divu    a1, t2, s9
core   0: 3 0x800034f0 (0x0393d5b3) x11 0x00000001
core   0: 0x800034f4 (0x0000577d) c.li    a4, -1
core   0: 3 0x800034f4 (0x577d) x14 0xffffffff
core   0: 0x800034f6 (0x00009e6e) c.add   t3, s11
core   0: 3 0x800034f6 (0x9e6e) x28 0x24a7fb50
core   0: 0x800034f8 (0x8691f713) andi    a4, gp, -1943
core   0: 3 0x800034f8 (0x8691f713) x14 0xfb2c2840
core   0: 0x800034fc (0x1201f293) andi    t0, gp, 288
core   0: 3 0x800034fc (0x1201f293) x5  0x00000000
core   0: 0x80003500 (0x3400db73) csrrwi  s6, mscratch, 1
core   0: 3 0x80003500 (0x3400db73) x22 0x00000000 c832_mscratch 0x00000001
core   0: 0x80003504 (0x340017f3) csrrw   a5, mscratch, zero
core   0: 3 0x80003504 (0x340017f3) x15 0x00000001 c832_mscratch 0x00000000
core   0: 0x80003508 (0x34006473) csrrsi  s0, mscratch, 0
core   0: 3 0x80003508 (0x34006473) x8  0x00000000
core   0: 0x8000350c (0x00004b4d) c.li    s6, 19
core   0: 3 0x8000350c (0x4b4d) x22 0x00000013
core   0: 0x8000350e (0x0130bb33) sltu    s6, ra, s3
core   0: 3 0x8000350e (0x0130bb33) x22 0x00000001
core   0: 0x80003512 (0x00008dfd) c.and   a1, a5
core   0: 3 0x80003512 (0x8dfd) x11 0x00000001
core   0: 0x80003514 (0x03eb5b33) divu    s6, s6, t5
core   0: 3 0x80003514 (0x03eb5b33) x22 0x00000000
core   0: 0x80003518 (0x688efd13) andi    s10, t4, 1672
core   0: 3 0x80003518 (0x688efd13) x26 0x00000000
core   0: 0x8000351c (0x00000001) c.nop
core   0: 3 0x8000351c (0x0001)
core   0: 0x8000351e (0x00000001) c.nop
core   0: 3 0x8000351e (0x0001)
core   0: 0x80003520 (0x0387e4b3) rem     s1, a5, s8
core   0: 3 0x80003520 (0x0387e4b3) x9  0x00000001
core   0: 0x80003524 (0x01f6e033) or      zero, a3, t6
core   0: 3 0x80003524 (0x01f6e033)
core   0: 0x80003528 (0x00000001) c.nop
core   0: 3 0x80003528 (0x0001)
core   0: 0x8000352a (0x06416463) bltu    sp, tp, pc + 104
core   0: 3 0x8000352a (0x06416463)
core   0: 0x80003592 (0x243ebd93) sltiu   s11, t4, 579
core   0: 3 0x80003592 (0x243ebd93) x27 0x00000001
core   0: 0x80003596 (0x00dd9093) slli    ra, s11, 13
core   0: 3 0x80003596 (0x00dd9093) x1  0x00002000
core   0: 0x8000359a (0x00d41793) slli    a5, s0, 13
core   0: 3 0x8000359a (0x00d41793) x15 0x00000000
core   0: 0x8000359e (0x00008f79) c.and   a4, a4
core   0: 3 0x8000359e (0x8f79) x14 0xfb2c2840
core   0: 0x800035a0 (0x00006d11) c.lui   s10, 0x4
core   0: 3 0x800035a0 (0x6d11) x26 0x00004000
core   0: 0x800035a2 (0x027cc0b3) div     ra, s9, t2
core   0: 3 0x800035a2 (0x027cc0b3) x1  0x00000001
core   0: 0x800035a6 (0x00008fb9) c.xor   a5, a4
core   0: 3 0x800035a6 (0x8fb9) x15 0xfb2c2840
core   0: 0x800035a8 (0x417cde93) srai    t4, s9, 23
core   0: 3 0x800035a8 (0x417cde93) x29 0xffffff00
core   0: 0x800035ac (0x00000584) c.addi4spn s1, sp, 704
core   0: 3 0x800035ac (0x0584) x9  0x000002c8
core   0: 0x800035ae (0x9f89f117) auipc   sp, 0x9f89f
core   0: 3 0x800035ae (0x9f89f117) x2  0x1f8a25ae
core   0: 0x800035b2 (0x23aa4513) xori    a0, s4, 570
core   0: 3 0x800035b2 (0x23aa4513) x10 0x0000023a
core   0: 0x800035b6 (0x7417bc13) sltiu   s8, a5, 1857
core   0: 3 0x800035b6 (0x7417bc13) x24 0x00000000
core   0: 0x800035ba (0x00000001) c.nop
core   0: 3 0x800035ba (0x0001)
core   0: 0x800035bc (0x02574763) blt     a4, t0, pc + 46
core   0: 3 0x800035bc (0x02574763)
core   0: 0x800035ea (0x03863db3) mulhu   s11, a2, s8
core   0: 3 0x800035ea (0x03863db3) x27 0x00000000
core   0: 0x800035ee (0x3402fa73) csrrci  s4, mscratch, 5
core   0: 3 0x800035ee (0x3402fa73) x20 0x00000000 c832_mscratch 0x00000000
core   0: 0x800035f2 (0x015e55b3) srl     a1, t3, s5
core   0: 3 0x800035f2 (0x015e55b3) x11 0x24a7fb50
core   0: 0x800035f6 (0x0327e2b3) rem     t0, a5, s2
core   0: 3 0x800035f6 (0x0327e2b3) x5  0xfb2c2840
core   0: 0x800035fa (0x0000014a) c.slli  sp, 18
core   0: 3 0x800035fa (0x014a) x2  0x96b80000
core   0: 0x800035fc (0x00008d6d) c.and   a0, a1
core   0: 3 0x800035fc (0x8d6d) x10 0x00000210
core   0: 0x800035fe (0x00000001) c.nop
core   0: 3 0x800035fe (0x0001)
core   0: 0x80003600 (0x01c9ac33) slt     s8, s3, t3
core   0: 3 0x80003600 (0x01c9ac33) x24 0x00000001
core   0: 0x80003604 (0x00008585) c.srai  a1, 1
core   0: 3 0x80003604 (0x8585) x11 0x1253fda8
core   0: 0x80003606 (0x00008df1) c.and   a1, a2
core   0: 3 0x80003606 (0x8df1) x11 0x00000000
core   0: 0x80003608 (0x015810b3) sll     ra, a6, s5
core   0: 3 0x80003608 (0x015810b3) x1  0x00000000
core   0: 0x8000360c (0x00009b7d) c.andi  a4, -1
core   0: 3 0x8000360c (0x9b7d) x14 0xfb2c2840
core   0: 0x8000360e (0x00fb4c63) blt     s6, a5, pc + 24
core   0: 3 0x8000360e (0x00fb4c63)
core   0: 0x80003612 (0x417a52b3) sra     t0, s4, s7
core   0: 3 0x80003612 (0x417a52b3) x5  0x00000000
core   0: 0x80003616 (0x017dcd33) xor     s10, s11, s7
core   0: 3 0x80003616 (0x017dcd33) x26 0x46a938a7
core   0: 0x8000361a (0x04264f63) blt     a2, sp, pc + 94
core   0: 3 0x8000361a (0x04264f63)
core   0: 0x8000361e (0x0057deb3) srl     t4, a5, t0
core   0: 3 0x8000361e (0x0057deb3) x29 0xfb2c2840
core   0: 0x80003622 (0x02940763) beq     s0, s1, pc + 46
core   0: 3 0x80003622 (0x02940763)
core   0: 0x80003626 (0x3401a473) csrrs   s0, mscratch, gp
core   0: 3 0x80003626 (0x3401a473) x8  0x00000000 c832_mscratch 0xfb2c2ec4
core   0: 0x8000362a (0x40ff8833) sub     a6, t6, a5
core   0: 3 0x8000362a (0x40ff8833) x16 0x04d3d7cb
core   0: 0x8000362e (0x00008da5) c.xor   a1, s1
core   0: 3 0x8000362e (0x8da5) x11 0x000002c8
core   0: 0x80003630 (0x0000871a) c.mv    a4, t1
core   0: 3 0x80003630 (0x871a) x14 0x0000000f
core   0: 0x80003632 (0x000087f6) c.mv    a5, t4
core   0: 3 0x80003632 (0x87f6) x15 0xfb2c2840
core   0: 0x80003634 (0x00000d97) auipc   s11, 0x0
core   0: 3 0x80003634 (0x00000d97) x27 0x80003634
core   0: 0x80003638 (0x1c8d8d93) addi    s11, s11, 456
core   0: 3 0x80003638 (0x1c8d8d93) x27 0x800037fc
core   0: 0x8000363c (0x00000ded) c.addi  s11, 27
core   0: 3 0x8000363c (0x0ded) x27 0x80003817
core   0: 0x8000363e (0x03407c33) remu    s8, zero, s4
core   0: 3 0x8000363e (0x03407c33) x24 0x00000000
core   0: 0x80003642 (0x00001f14) c.addi4spn a3, sp, 944
core   0: 3 0x80003642 (0x1f14) x13 0x96b803b0
core   0: 0x80003644 (0x00001c9c) c.addi4spn a5, sp, 624
core   0: 3 0x80003644 (0x1c9c) x15 0x96b80270
core   0: 0x80003646 (0xfe5d8667) jalr    a2, s11, -27
core   0: 3 0x80003646 (0xfe5d8667) x12 0x8000364a
core   0: 0x800037fc (0x26190193) addi    gp, s2, 609
core   0: 3 0x800037fc (0x26190193) x3  0x80000261
core   0: 0x80003800 (0x00b6d563) bge     a3, a1, pc + 10
core   0: 3 0x80003800 (0x00b6d563)
core   0: 0x80003804 (0x34007a73) csrrci  s4, mscratch, 0
core   0: 3 0x80003804 (0x34007a73) x20 0xfb2c2ec4
core   0: 0x80003808 (0x00008d15) c.sub   a0, a3
core   0: 3 0x80003808 (0x8d15) x10 0x6947fe60
core   0: 0x8000380a (0xfd498993) addi    s3, s3, -44
core   0: 3 0x8000380a (0xfd498993) x19 0x80021e38
core   0: 0x8000380e (0x000056fd) c.li    a3, -1
core   0: 3 0x8000380e (0x56fd) x13 0xffffffff
core   0: 0x80003810 (0x00c9a223) sw      a2, 4(s3)
core   0: 3 0x80003810 (0x00c9a223) mem 0x80021e3c 0x8000364a
core   0: 0x80003814 (0xe3146013) ori     zero, s0, -463
core   0: 3 0x80003814 (0xe3146013)
core   0: 0x80003818 (0x0102f433) and     s0, t0, a6
core   0: 3 0x80003818 (0x0102f433) x8  0x00000000
core   0: 0x8000381c (0x3409df73) csrrwi  t5, mscratch, 19
core   0: 3 0x8000381c (0x3409df73) x30 0xfb2c2ec4 c832_mscratch 0x00000013
core   0: 0x80003820 (0x02af0f33) mul     t5, t5, a0
core   0: 3 0x80003820 (0x02af0f33) x30 0x63540180
core   0: 0x80003824 (0x01db9d63) bne     s7, t4, pc + 26
core   0: 3 0x80003824 (0x01db9d63)
core   0: 0x8000383e (0x0b20066f) jal     a2, pc + 0xb2
core   0: 3 0x8000383e (0x0b20066f) x12 0x80003842
core   0: 0x800038f0 (0x0083e463) bltu    t2, s0, pc + 8
core   0: 3 0x800038f0 (0x0083e463)
core   0: 0x800038f4 (0x72b46213) ori     tp, s0, 1835
core   0: 3 0x800038f4 (0x72b46213) x4  0x0000072b
core   0: 0x800038f8 (0xfdc98993) addi    s3, s3, -36
core   0: 3 0x800038f8 (0xfdc98993) x19 0x80021e14
core   0: 0x800038fc (0x00c9a223) sw      a2, 4(s3)
core   0: 3 0x800038fc (0x00c9a223) mem 0x80021e18 0x80003842
core   0: 0x80003900 (0x00000222) c.slli  tp, 8
core   0: 3 0x80003900 (0x0222) x4  0x00072b00
core   0: 0x80003902 (0x03f8fab3) remu    s5, a7, t6
core   0: 3 0x80003902 (0x03f8fab3) x21 0x00000000
core   0: 0x80003906 (0xfe554c13) xori    s8, a0, -27
core   0: 3 0x80003906 (0xfe554c13) x24 0x96b80185
core   0: 0x8000390a (0x01815863) bge     sp, s8, pc + 16
core   0: 3 0x8000390a (0x01815863)
core   0: 0x8000390e (0x00008739) c.srai  a4, 14
core   0: 3 0x8000390e (0x8739) x14 0x00000000
core   0: 0x80003910 (0x00000416) c.slli  s0, 5
core   0: 3 0x80003910 (0x0416) x8  0x00000000
core   0: 0x80003912 (0x3402d3f3) csrrwi  t2, mscratch, 5
core   0: 3 0x80003912 (0x3402d3f3) x7  0x00000013 c832_mscratch 0x00000005
core   0: 0x80003916 (0x00369793) slli    a5, a3, 3
core   0: 3 0x80003916 (0x00369793) x15 0xfffffff8
core   0: 0x8000391a (0x1de0666f) jal     a2, pc + 0x61de
core   0: 3 0x8000391a (0x1de0666f) x12 0x8000391e
core   0: 0x80009af8 (0x340072f3) csrrci  t0, mscratch, 0
core   0: 3 0x80009af8 (0x340072f3) x5  0x00000005
core   0: 0x80009afc (0x9644ae37) lui     t3, 0x9644a
core   0: 3 0x80009afc (0x9644ae37) x28 0x9644a000
core   0: 0x80009b00 (0x14282193) slti    gp, a6, 322
core   0: 3 0x80009b00 (0x14282193) x3  0x00000000
core   0: 0x80009b04 (0x00001991) c.addi  s3, -28
core   0: 3 0x80009b04 (0x1991) x19 0x80021df8
core   0: 0x80009b06 (0x038b3f33) mulhu   t5, s6, s8
core   0: 3 0x80009b06 (0x038b3f33) x30 0x00000000
core   0: 0x80009b0a (0x00006829) c.lui   a6, 0xa
core   0: 3 0x80009b0a (0x6829) x16 0x0000a000
core   0: 0x80009b0c (0x00c9a223) sw      a2, 4(s3)
core   0: 3 0x80009b0c (0x00c9a223) mem 0x80021dfc 0x8000391e
core   0: 0x80009b10 (0x00000001) c.nop
core   0: 3 0x80009b10 (0x0001)
core   0: 0x80009b12 (0x0166d493) srli    s1, a3, 22
core   0: 3 0x80009b12 (0x0166d493) x9  0x000003ff
core   0: 0x80009b16 (0x00000001) c.nop
core   0: 3 0x80009b16 (0x0001)
core   0: 0x80009b18 (0x02a48733) mul     a4, s1, a0
core   0: 3 0x80009b18 (0x02a48733) x14 0xb6b181a0
core   0: 0x80009b1c (0x0000e799) c.bnez  a5, pc + 14
core   0: 3 0x80009b1c (0xe799)
core   0: 0x80009b2a (0x00000001) c.nop
core   0: 3 0x80009b2a (0x0001)
core   0: 0x80009b2c (0x0596d263) bge     a3, s9, pc + 68
core   0: 3 0x80009b2c (0x0596d263)
core   0: 0x80009b70 (0xb6d33813) sltiu   a6, t1, -1171
core   0: 3 0x80009b70 (0xb6d33813) x16 0x00000001
core   0: 0x80009b74 (0x413a5eb3) sra     t4, s4, s3
core   0: 3 0x80009b74 (0x413a5eb3) x29 0xfffffffb
core   0: 0x80009b78 (0x03fd01b3) mul     gp, s10, t6
core   0: 3 0x80009b78 (0x03fd01b3) x3  0x09456f2d
core   0: 0x80009b7c (0x01751093) slli    ra, a0, 23
core   0: 3 0x80009b7c (0x01751093) x1  0x30000000
core   0: 0x80009b80 (0x0000069c) c.addi4spn a5, sp, 832
core   0: 3 0x80009b80 (0x069c) x15 0x96b80340
core   0: 0x80009b82 (0x8ad80013) addi    zero, a6, -1875
core   0: 3 0x80009b82 (0x8ad80013)
core   0: 0x80009b86 (0x34001f73) csrrw   t5, mscratch, zero
core   0: 3 0x80009b86 (0x34001f73) x30 0x00000005 c832_mscratch 0x00000000
core   0: 0x80009b8a (0x409d03b3) sub     t2, s10, s1
core   0: 3 0x80009b8a (0x409d03b3) x7  0x46a934a8
core   0: 0x80009b8e (0x02a578b3) remu    a7, a0, a0
core   0: 3 0x80009b8e (0x02a578b3) x17 0x00000000
core   0: 0x80009b92 (0x0000987d) c.andi  s0, -1
core   0: 3 0x80009b92 (0x987d) x8  0x00000000
core   0: 0x80009b94 (0x038a8c63) beq     s5, s8, pc + 56
core   0: 3 0x80009b94 (0x038a8c63)
core   0: 0x80009b98 (0x01c0b4b3) sltu    s1, ra, t3
core   0: 3 0x80009b98 (0x01c0b4b3) x9  0x00000001
core   0: 0x80009b9c (0x0169d113) srli    sp, s3, 22
core   0: 3 0x80009b9c (0x0169d113) x2  0x00000200
core   0: 0x80009ba0 (0x0000618d) c.lui   gp, 0x3
core   0: 3 0x80009ba0 (0x618d) x3  0x00003000
core   0: 0x80009ba2 (0x02a4d2b3) divu    t0, s1, a0
core   0: 3 0x80009ba2 (0x02a4d2b3) x5  0x00000000
core   0: 0x80009ba6 (0x01bffb33) and     s6, t6, s11
core   0: 3 0x80009ba6 (0x01bffb33) x22 0x00000003
core   0: 0x80009baa (0x00008d0d) c.sub   a0, a1
core   0: 3 0x80009baa (0x8d0d) x10 0x6947fb98
core   0: 0x80009bac (0x01dc91b3) sll     gp, s9, t4
core   0: 3 0x80009bac (0x01dc91b3) x3  0x20000000
core   0: 0x80009bb0 (0x00008e3e) c.mv    t3, a5
core   0: 3 0x80009bb0 (0x8e3e) x28 0x96b80340
core   0: 0x80009bb2 (0x00009db6) c.add   s11, a3
core   0: 3 0x80009bb2 (0x9db6) x27 0x80003816
core   0: 0x80009bb4 (0x00008039) c.srli  s0, 14
core   0: 3 0x80009bb4 (0x8039) x8  0x00000000
core   0: 0x80009bb6 (0x34006173) csrrsi  sp, mscratch, 0
core   0: 3 0x80009bb6 (0x34006173) x2  0x00000000
core   0: 0x80009bba (0x68695637) lui     a2, 0x68695
core   0: 3 0x80009bba (0x68695637) x12 0x68695000
core   0: 0x80009bbe (0x0000c611) c.beqz  a2, pc + 12
core   0: 3 0x80009bbe (0xc611)
core   0: 0x80009bc0 (0x036a4c63) blt     s4, s6, pc + 56
core   0: 3 0x80009bc0 (0x036a4c63)
core   0: 0x80009bf8 (0x01fc6133) or      sp, s8, t6
core   0: 3 0x80009bf8 (0x01fc6133) x2  0x96b8018f
core   0: 0x80009bfc (0x00009b1e) c.add   s6, t2
core   0: 3 0x80009bfc (0x9b1e) x22 0x46a934ab
core   0: 0x80009bfe (0x621dc393) xori    t2, s11, 1569
core   0: 3 0x80009bfe (0x621dc393) x7  0x80003e37
core   0: 0x80009c02 (0x019ea8b3) slt     a7, t4, s9
core   0: 3 0x80009c02 (0x019ea8b3) x17 0x00000000
core   0: 0x80009c06 (0x34021473) csrrw   s0, mscratch, tp
core   0: 3 0x80009c06 (0x34021473) x8  0x00000000 c832_mscratch 0x00072b00
core   0: 0x80009c0a (0x151b7713) andi    a4, s6, 337
core   0: 3 0x80009c0a (0x151b7713) x14 0x00000001
core   0: 0x80009c0e (0x00000b0d) c.addi  s6, 3
core   0: 3 0x80009c0e (0x0b0d) x22 0x46a934ae
core   0: 0x80009c10 (0x003b6033) or      zero, s6, gp
core   0: 3 0x80009c10 (0x003b6033)
core   0: 0x80009c14 (0x00004791) c.li    a5, 4
core   0: 3 0x80009c14 (0x4791) x15 0x00000004
core   0: 0x80009c16 (0x02852233) mulhsu  tp, a0, s0
core   0: 3 0x80009c16 (0x02852233) x4  0x00000000
core   0: 0x80009c1a (0x0390cf33) div     t5, ra, s9
core   0: 3 0x80009c1a (0x0390cf33) x30 0x00000000
core   0: 0x80009c1e (0x85bebe17) auipc   t3, 0x85beb
core   0: 3 0x80009c1e (0x85bebe17) x28 0x05bf4c1e
core   0: 0x80009c22 (0x9beeab93) slti    s7, t4, -1602
core   0: 3 0x80009c22 (0x9beeab93) x23 0x00000000
core   0: 0x80009c26 (0x40a95913) srai    s2, s2, 10
core   0: 3 0x80009c26 (0x40a95913) x18 0xffe00000
core   0: 0x80009c2a (0xd8acc613) xori    a2, s9, -630
core   0: 3 0x80009c2a (0xd8acc613) x12 0x7ffda16e
core   0: 0x80009c2e (0x017feb33) or      s6, t6, s7
core   0: 3 0x80009c2e (0x017feb33) x22 0x0000000b
core   0: 0x80009c32 (0x00000001) c.nop
core   0: 3 0x80009c32 (0x0001)
core   0: 0x80009c34 (0x016a25b3) slt     a1, s4, s6
core   0: 3 0x80009c34 (0x016a25b3) x11 0x00000001
core   0: 0x80009c38 (0x41ce5633) sra     a2, t3, t3
core   0: 3 0x80009c38 (0x41ce5633) x12 0x00000000
core   0: 0x80009c3c (0x0000c09d) c.beqz  s1, pc + 38
core   0: 3 0x80009c3c (0xc09d)
core   0: 0x80009c3e (0x01e18333) add     t1, gp, t5
core   0: 3 0x80009c3e (0x01e18333) x6  0x20000000
core   0: 0x80009c42 (0xb7317193) andi    gp, sp, -1165
core   0: 3 0x80009c42 (0xb7317193) x3  0x96b80103
core   0: 0x80009c46 (0x412158b3) sra     a7, sp, s2
core   0: 3 0x80009c46 (0x412158b3) x17 0x96b8018f
core   0: 0x80009c4a (0x2405b193) sltiu   gp, a1, 576
core   0: 3 0x80009c4a (0x2405b193) x3  0x00000001
core   0: 0x80009c4e (0x340bfc73) csrrci  s8, mscratch, 23
core   0: 3 0x80009c4e (0x340bfc73) x24 0x00072b00 c832_mscratch 0x00072b00
core   0: 0x80009c52 (0x0000853a) c.mv    a0, a4
core   0: 3 0x80009c52 (0x853a) x10 0x00000001
core   0: 0x80009c54 (0x000474b3) and     s1, s0, zero
core   0: 3 0x80009c54 (0x000474b3) x9  0x00000000
core   0: 0x80009c58 (0x00008f71) c.and   a4, a2
core   0: 3 0x80009c58 (0x8f71) x14 0x00000000
core   0: 0x80009c5a (0x01a21493) slli    s1, tp, 26
core   0: 3 0x80009c5a (0x01a21493) x9  0x00000000
core   0: 0x80009c5e (0x02414b63) blt     sp, tp, pc + 54
core   0: 3 0x80009c5e (0x02414b63)
core   0: 0x80009c94 (0x056b0163) beq     s6, s6, pc + 66
core   0: 3 0x80009c94 (0x056b0163)
core   0: 0x80009cd6 (0x0077ddb3) srl     s11, a5, t2
core   0: 3 0x80009cd6 (0x0077ddb3) x27 0x00000000
core   0: 0x80009cda (0x41c90e33) sub     t3, s2, t3
core   0: 3 0x80009cda (0x41c90e33) x28 0xfa20b3e2
core   0: 0x80009cde (0x3407f373) csrrci  t1, mscratch, 15
core   0: 3 0x80009cde (0x3407f373) x6  0x00072b00 c832_mscratch 0x00072b00
core   0: 0x80009ce2 (0x02f7e533) rem     a0, a5, a5
core   0: 3 0x80009ce2 (0x02f7e533) x10 0x00000000
core   0: 0x80009ce6 (0x000017fd) c.addi  a5, -1
core   0: 3 0x80009ce6 (0x17fd) x15 0x00000003
core   0: 0x80009ce8 (0x340f9e73) csrrw   t3, mscratch, t6
core   0: 3 0x80009ce8 (0x340f9e73) x28 0x00072b00 c832_mscratch 0x0000000b
core   0: 0x80009cec (0x00009316) c.add   t1, t0
core   0: 3 0x80009cec (0x9316) x6  0x00072b00
core   0: 0x80009cee (0x40add633) sra     a2, s11, a0
core   0: 3 0x80009cee (0x40add633) x12 0x00000000
core   0: 0x80009cf2 (0x0ff0000f) fence   iorw,iorw
core   0: 3 0x80009cf2 (0x0ff0000f)
core   0: 0x80009cf6 (0x0000e999) c.bnez  a1, pc + 22
core   0: 3 0x80009cf6 (0xe999)
core   0: 0x80009d0c (0x6e87b0b7) lui     ra, 0x6e87b
core   0: 3 0x80009d0c (0x6e87b0b7) x1  0x6e87b000
core   0: 0x80009d10 (0x006bdf13) srli    t5, s7, 6
core   0: 3 0x80009d10 (0x006bdf13) x30 0x00000000
core   0: 0x80009d14 (0x0003df13) srli    t5, t2, 0
core   0: 3 0x80009d14 (0x0003df13) x30 0x80003e37
core   0: 0x80009d18 (0x000064d9) c.lui   s1, 0x16
core   0: 3 0x80009d18 (0x64d9) x9  0x00016000
core   0: 0x80009d1a (0x0120e663) bltu    ra, s2, pc + 12
core   0: 3 0x80009d1a (0x0120e663)
core   0: 0x80009d26 (0x2cd07d93) andi    s11, zero, 717
core   0: 3 0x80009d26 (0x2cd07d93) x27 0x00000000
core   0: 0x80009d2a (0x000000de) c.slli  ra, 23
core   0: 3 0x80009d2a (0x00de) x1  0x00000000
core   0: 0x80009d2c (0x01b5dab3) srl     s5, a1, s11
core   0: 3 0x80009d2c (0x01b5dab3) x21 0x00000001
core   0: 0x80009d30 (0x00624b33) xor     s6, tp, t1
core   0: 3 0x80009d30 (0x00624b33) x22 0x00072b00
core   0: 0x80009d34 (0x40675533) sra     a0, a4, t1
core   0: 3 0x80009d34 (0x40675533) x10 0x00000000
core   0: 0x80009d38 (0x02bec963) blt     t4, a1, pc + 50
core   0: 3 0x80009d38 (0x02bec963)
core   0: 0x80009d6a (0x00000d36) c.slli  s10, 13
core   0: 3 0x80009d6a (0x0d36) x26 0x2714e000
core   0: 0x80009d6c (0x00fe5433) srl     s0, t3, a5
core   0: 3 0x80009d6c (0x00fe5433) x8  0x0000e560
core   0: 0x80009d70 (0x00004219) c.li    tp, 6
core   0: 3 0x80009d70 (0x4219) x4  0x00000006
core   0: 0x80009d72 (0x3402def3) csrrwi  t4, mscratch, 5
core   0: 3 0x80009d72 (0x3402def3) x29 0x0000000b c832_mscratch 0x00000005
core   0: 0x80009d76 (0x000007cd) c.addi  a5, 19
core   0: 3 0x80009d76 (0x07cd) x15 0x00000016
core   0: 0x80009d78 (0x005837b3) sltu    a5, a6, t0
core   0: 3 0x80009d78 (0x005837b3) x15 0x00000000
core   0: 0x80009d7c (0x00000001) c.nop
core   0: 3 0x80009d7c (0x0001)
core   0: 0x80009d7e (0x2a033593) sltiu   a1, t1, 672
core   0: 3 0x80009d7e (0x2a033593) x11 0x00000000
core   0: 0x80009d82 (0x01ec5b13) srli    s6, s8, 30
core   0: 3 0x80009d82 (0x01ec5b13) x22 0x00000000
core   0: 0x80009d86 (0x99fbe8b7) lui     a7, 0x99fbe
core   0: 3 0x80009d86 (0x99fbe8b7) x17 0x99fbe000
core   0: 0x80009d8a (0x5addfe97) auipc   t4, 0x5addf
core   0: 3 0x80009d8a (0x5addfe97) x29 0xdade8d8a
core   0: 0x80009d8e (0x00008909) c.andi  a0, 2
core   0: 3 0x80009d8e (0x8909) x10 0x00000000
core   0: 0x80009d90 (0x01c78563) beq     a5, t3, pc + 10
core   0: 3 0x80009d90 (0x01c78563)
core   0: 0x80009d94 (0x01831293) slli    t0, t1, 24
core   0: 3 0x80009d94 (0x01831293) x5  0x00000000
core   0: 0x80009d98 (0x00008be5) c.andi  a5, 25
core   0: 3 0x80009d98 (0x8be5) x15 0x00000000
core   0: 0x80009d9a (0x00008cb1) c.xor   s1, a2
core   0: 3 0x80009d9a (0x8cb1) x9  0x00016000
core   0: 0x80009d9c (0x01cb7963) bgeu    s6, t3, pc + 18
core   0: 3 0x80009d9c (0x01cb7963)
core   0: 0x80009da0 (0x00009dda) c.add   s11, s6
core   0: 3 0x80009da0 (0x9dda) x27 0x00000000
core   0: 0x80009da2 (0x340f2bf3) csrrs   s7, mscratch, t5
core   0: 3 0x80009da2 (0x340f2bf3) x23 0x00000005 c832_mscratch 0x80003e37
core   0: 0x80009da6 (0x00008dbd) c.xor   a1, a5
core   0: 3 0x80009da6 (0x8dbd) x11 0x00000000
core   0: 0x80009da8 (0x0000030a) c.slli  t1, 2
core   0: 3 0x80009da8 (0x030a) x6  0x001cac00
core   0: 0x80009daa (0x00008c46) c.mv    s8, a7
core   0: 3 0x80009daa (0x8c46) x24 0x99fbe000
core   0: 0x80009dac (0x00000001) c.nop
core   0: 3 0x80009dac (0x0001)
core   0: 0x80009dae (0x40e80eb3) sub     t4, a6, a4
core   0: 3 0x80009dae (0x40e80eb3) x29 0x00000001
core   0: 0x80009db2 (0x03f8ef33) rem     t5, a7, t6
core   0: 3 0x80009db2 (0x03f8ef33) x30 0xfffffffc
core   0: 0x80009db6 (0xa2cb8313) addi    t1, s7, -1492
core   0: 3 0x80009db6 (0xa2cb8313) x6  0xfffffa31
core   0: 0x80009dba (0x00000dc2) c.slli  s11, 16
core   0: 3 0x80009dba (0x0dc2) x27 0x00000000
core   0: 0x80009dbc (0x00008f9d) c.sub   a5, a5
core   0: 3 0x80009dbc (0x8f9d) x15 0x00000000
core   0: 0x80009dbe (0x00008d6d) c.and   a0, a1
core   0: 3 0x80009dbe (0x8d6d) x10 0x00000000
core   0: 0x80009dc0 (0x000084d5) c.srai  s1, 21
core   0: 3 0x80009dc0 (0x84d5) x9  0x00000000
core   0: 0x80009dc2 (0x00211693) slli    a3, sp, 2
core   0: 3 0x80009dc2 (0x00211693) x13 0x5ae0063c
core   0: 0x80009dc6 (0x000c5593) srli    a1, s8, 0
core   0: 3 0x80009dc6 (0x000c5593) x11 0x99fbe000
core   0: 0x80009dca (0x01734d33) xor     s10, t1, s7
core   0: 3 0x80009dca (0x01734d33) x26 0xfffffa34
core   0: 0x80009dce (0x03356263) bltu    a0, s3, pc + 36
core   0: 3 0x80009dce (0x03356263)
core   0: 0x80009df2 (0x41455033) sra     zero, a0, s4
core   0: 3 0x80009df2 (0x41455033)
core   0: 0x80009df6 (0x0189d693) srli    a3, s3, 24
core   0: 3 0x80009df6 (0x0189d693) x13 0x00000080
core   0: 0x80009dfa (0x40865d33) sra     s10, a2, s0
core   0: 3 0x80009dfa (0x40865d33) x26 0x00000000
core   0: 0x80009dfe (0x0279f2b3) remu    t0, s3, t2
core   0: 3 0x80009dfe (0x0279f2b3) x5  0x0001dfc1
core   0: 0x80009e02 (0x00000001) c.nop
core   0: 3 0x80009e02 (0x0001)
core   0: 0x80009e04 (0x036065b7) lui     a1, 0x3606
core   0: 3 0x80009e04 (0x036065b7) x11 0x03606000
core   0: 0x80009e08 (0x018fc733) xor     a4, t6, s8
core   0: 3 0x80009e08 (0x018fc733) x14 0x99fbe00b
core   0: 0x80009e0c (0x10fc03b7) lui     t2, 0x10fc0
core   0: 3 0x80009e0c (0x10fc03b7) x7  0x10fc0000
core   0: 0x80009e10 (0x41cf3293) sltiu   t0, t5, 1052
core   0: 3 0x80009e10 (0x41cf3293) x5  0x00000000
core   0: 0x80009e14 (0x00006145) c.addi16sp sp, 48
core   0: 3 0x80009e14 (0x6145) x2  0x96b801bf
core   0: 0x80009e16 (0x002768b3) or      a7, a4, sp
core   0: 3 0x80009e16 (0x002768b3) x17 0x9ffbe1bf
core   0: 0x80009e1a (0x00000001) c.nop
core   0: 3 0x80009e1a (0x0001)
core   0: 0x80009e1c (0x02118eb3) mul     t4, gp, ra
core   0: 3 0x80009e1c (0x02118eb3) x29 0x00000000
core   0: 0x80009e20 (0x0335cc63) blt     a1, s3, pc + 56
core   0: 3 0x80009e20 (0x0335cc63)
core   0: 0x80009e24 (0x0309f133) remu    sp, s3, a6
core   0: 3 0x80009e24 (0x0309f133) x2  0x00000000
core   0: 0x80009e28 (0x08d73e93) sltiu   t4, a4, 141
core   0: 3 0x80009e28 (0x08d73e93) x29 0x00000000
core   0: 0x80009e2c (0x406bd2b3) sra     t0, s7, t1
core   0: 3 0x80009e2c (0x406bd2b3) x5  0x00000000
core   0: 0x80009e30 (0x00008609) c.srai  a2, 2
core   0: 3 0x80009e30 (0x8609) x12 0x00000000
core   0: 0x80009e32 (0x34007bf3) csrrci  s7, mscratch, 0
core   0: 3 0x80009e32 (0x34007bf3) x23 0x80003e37
core   0: 0x80009e36 (0x00341093) slli    ra, s0, 3
core   0: 3 0x80009e36 (0x00341093) x1  0x00072b00
core   0: 0x80009e3a (0x03612333) mulhsu  t1, sp, s6
core   0: 3 0x80009e3a (0x03612333) x6  0x00000000
core   0: 0x80009e3e (0x03c28a33) mul     s4, t0, t3
core   0: 3 0x80009e3e (0x03c28a33) x20 0x00000000
core   0: 0x80009e42 (0x6ddea913) slti    s2, t4, 1757
core   0: 3 0x80009e42 (0x6ddea913) x18 0x00000001
core   0: 0x80009e46 (0x340e2e73) csrrs   t3, mscratch, t3
core   0: 3 0x80009e46 (0x340e2e73) x28 0x80003e37 c832_mscratch 0x80073f37
core   0: 0x80009e4a (0x00000652) c.slli  a2, 20
core   0: 3 0x80009e4a (0x0652) x12 0x00000000
core   0: 0x80009e4c (0x41250f33) sub     t5, a0, s2
core   0: 3 0x80009e4c (0x41250f33) x30 0xffffffff
core   0: 0x80009e50 (0x02ed7f33) remu    t5, s10, a4
core   0: 3 0x80009e50 (0x02ed7f33) x30 0x00000000
core   0: 0x80009e54 (0x00000001) c.nop
core   0: 3 0x80009e54 (0x0001)
core   0: 0x80009e56 (0x00000001) c.nop
core   0: 3 0x80009e56 (0x0001)
core   0: 0x80009e58 (0x030d91b3) mulh    gp, s11, a6
core   0: 3 0x80009e58 (0x030d91b3) x3  0x00000000
core   0: 0x80009e5c (0x03985f33) divu    t5, a6, s9
core   0: 3 0x80009e5c (0x03985f33) x30 0x00000000
core   0: 0x80009e60 (0x01921913) slli    s2, tp, 25
core   0: 3 0x80009e60 (0x01921913) x18 0x0c000000
core   0: 0x80009e64 (0x00008d2d) c.xor   a0, a1
core   0: 3 0x80009e64 (0x8d2d) x10 0x03606000
core   0: 0x80009e66 (0x8f385037) lui     zero, 0x8f385
core   0: 3 0x80009e66 (0x8f385037)
core   0: 0x80009e6a (0x0555c063) blt     a1, s5, pc + 64
core   0: 3 0x80009e6a (0x0555c063)
core   0: 0x80009e6e (0x0182e5b3) or      a1, t0, s8
core   0: 3 0x80009e6e (0x0182e5b3) x11 0x99fbe000
core   0: 0x80009e72 (0x00d9df33) srl     t5, s3, a3
core   0: 3 0x80009e72 (0x00d9df33) x30 0x80021df8
core   0: 0x80009e76 (0x01db8333) add     t1, s7, t4
core   0: 3 0x80009e76 (0x01db8333) x6  0x80003e37
core   0: 0x80009e7a (0xda202893) slti    a7, zero, -606
core   0: 3 0x80009e7a (0xda202893) x17 0x00000000
core   0: 0x80009e7e (0x09c50d93) addi    s11, a0, 156
core   0: 3 0x80009e7e (0x09c50d93) x27 0x0360609c
core   0: 0x80009e82 (0x00fa62b3) or      t0, s4, a5
core   0: 3 0x80009e82 (0x00fa62b3) x5  0x00000000
core   0: 0x80009e86 (0x00008eb1) c.xor   a3, a2
core   0: 3 0x80009e86 (0x8eb1) x13 0x00000080
core   0: 0x80009e88 (0x00000521) c.addi  a0, 8
core   0: 3 0x80009e88 (0x0521) x10 0x03606008
core   0: 0x80009e8a (0x007114b3) sll     s1, sp, t2
core   0: 3 0x80009e8a (0x007114b3) x9  0x00000000
core   0: 0x80009e8e (0x000080c1) c.srli  s1, 16
core   0: 3 0x80009e8e (0x80c1) x9  0x00000000
core   0: 0x80009e90 (0x00082833) slt     a6, a6, zero
core   0: 3 0x80009e90 (0x00082833) x16 0x00000000
core   0: 0x80009e94 (0x41e25a13) srai    s4, tp, 30
core   0: 3 0x80009e94 (0x41e25a13) x20 0x00000000
core   0: 0x80009e98 (0x41108d33) sub     s10, ra, a7
core   0: 3 0x80009e98 (0x41108d33) x26 0x00072b00
core   0: 0x80009e9c (0x000087fd) c.srai  a5, 31
core   0: 3 0x80009e9c (0x87fd) x15 0x00000000
core   0: 0x80009e9e (0xa7be3d93) sltiu   s11, t3, -1413
core   0: 3 0x80009e9e (0xa7be3d93) x27 0x00000001
core   0: 0x80009ea2 (0x406c5693) srai    a3, s8, 6
core   0: 3 0x80009ea2 (0x406c5693) x13 0xfe67ef80
core   0: 0x80009ea6 (0x0000100f) fence.i
core   0: 3 0x80009ea6 (0x0000100f)
core   0: 0x80009eaa (0x3409bef3) csrrc   t4, mscratch, s3
core   0: 3 0x80009eaa (0x3409bef3) x29 0x80073f37 c832_mscratch 0x00052207
core   0: 0x80009eae (0x00008c59) c.or    s0, a4
core   0: 3 0x80009eae (0x8c59) x8  0x99fbe56b
core   0: 0x80009eb0 (0x06bd4463) blt     s10, a1, pc + 104
core   0: 3 0x80009eb0 (0x06bd4463)
core   0: 0x80009eb4 (0x01eb2f33) slt     t5, s6, t5
core   0: 3 0x80009eb4 (0x01eb2f33) x30 0x00000000
core   0: 0x80009eb8 (0x00269593) slli    a1, a3, 2
core   0: 3 0x80009eb8 (0x00269593) x11 0xf99fbe00
core   0: 0x80009ebc (0x014afab3) and     s5, s5, s4
core   0: 3 0x80009ebc (0x014afab3) x21 0x00000000
core   0: 0x80009ec0 (0x03039ab3) mulh    s5, t2, a6
core   0: 3 0x80009ec0 (0x03039ab3) x21 0x00000000
core   0: 0x80009ec4 (0x015ee863) bltu    t4, s5, pc + 16
core   0: 3 0x80009ec4 (0x015ee863)
core   0: 0x80009ec8 (0x04545d63) bge     s0, t0, pc + 90
core   0: 3 0x80009ec8 (0x04545d63)
core   0: 0x80009ecc (0x07ce7663) bgeu    t3, t3, pc + 108
core   0: 3 0x80009ecc (0x07ce7663)
core   0: 0x80009f38 (0x0347e763) bltu    a5, s4, pc + 46
core   0: 3 0x80009f38 (0x0347e763)
core   0: 0x80009f3c (0x00000001) c.nop
core   0: 3 0x80009f3c (0x0001)
core   0: 0x80009f3e (0x00000001) c.nop
core   0: 3 0x80009f3e (0x0001)
core   0: 0x80009f40 (0x40e25d13) srai    s10, tp, 14
core   0: 3 0x80009f40 (0x40e25d13) x26 0x00000000
core   0: 0x80009f44 (0x340020f3) csrr    ra, mscratch
core   0: 3 0x80009f44 (0x340020f3) x1  0x00052207
core   0: 0x80009f48 (0x00a258b3) srl     a7, tp, a0
core   0: 3 0x80009f48 (0x00a258b3) x17 0x00000000
core   0: 0x80009f4c (0x4130d613) srai    a2, ra, 19
core   0: 3 0x80009f4c (0x4130d613) x12 0x00000000
core   0: 0x80009f50 (0x0383cc33) div     s8, t2, s8
core   0: 3 0x80009f50 (0x0383cc33) x24 0x00000000
core   0: 0x80009f54 (0x01dccab3) xor     s5, s9, t4
core   0: 3 0x80009f54 (0x01dccab3) x21 0x000563d3
core   0: 0x80009f58 (0x02fb5433) divu    s0, s6, a5
core   0: 3 0x80009f58 (0x02fb5433) x8  0xffffffff
core   0: 0x80009f5c (0x34003a73) csrrc   s4, mscratch, zero
core   0: 3 0x80009f5c (0x34003a73) x20 0x00052207
core   0: 0x80009f60 (0x00000001) c.nop
core   0: 3 0x80009f60 (0x0001)
core   0: 0x80009f62 (0x0000c59d) c.beqz  a1, pc + 46
core   0: 3 0x80009f62 (0xc59d)
core   0: 0x80009f64 (0x00008ff1) c.and   a5, a2
core   0: 3 0x80009f64 (0x8ff1) x15 0x00000000
core   0: 0x80009f66 (0x01d40d63) beq     s0, t4, pc + 26
core   0: 3 0x80009f66 (0x01d40d63)
core   0: 0x80009f6a (0x55830113) addi    sp, t1, 1368
core   0: 3 0x80009f6a (0x55830113) x2  0x8000438f
core   0: 0x80009f6e (0x0159c533) xor     a0, s3, s5
core   0: 3 0x80009f6e (0x0159c533) x10 0x80077e2b
core   0: 0x80009f72 (0x00001490) c.addi4spn a2, sp, 608
core   0: 3 0x80009f72 (0x1490) x12 0x800045ef
core   0: 0x80009f74 (0x00000d36) c.slli  s10, 13
core   0: 3 0x80009f74 (0x0d36) x26 0x00000000
core   0: 0x80009f76 (0x41ba8ab3) sub     s5, s5, s11
core   0: 3 0x80009f76 (0x41ba8ab3) x21 0x000563d2
core   0: 0x80009f7a (0x407fd013) srai    zero, t6, 7
core   0: 3 0x80009f7a (0x407fd013)
core   0: 0x80009f7e (0x0000c2a1) c.beqz  a3, pc + 64
core   0: 3 0x80009f7e (0xc2a1)
core   0: 0x80009f80 (0x02b158b3) divu    a7, sp, a1
core   0: 3 0x80009f80 (0x02b158b3) x17 0x00000000
core   0: 0x80009f84 (0x003f41b3) xor     gp, t5, gp
core   0: 3 0x80009f84 (0x003f41b3) x3  0x00000000
core   0: 0x80009f88 (0x00008d0d) c.sub   a0, a1
core   0: 3 0x80009f88 (0x8d0d) x10 0x8667c02b
core   0: 0x80009f8a (0x000081d6) c.mv    gp, s5
core   0: 3 0x80009f8a (0x81d6) x3  0x000563d2
core   0: 0x80009f8c (0x00008f46) c.mv    t5, a7
core   0: 3 0x80009f8c (0x8f46) x30 0x00000000
core   0: 0x80009f8e (0x000083b9) c.srli  a5, 14
core   0: 3 0x80009f8e (0x83b9) x15 0x00000000
core   0: 0x80009f90 (0x014f1d63) bne     t5, s4, pc + 26
core   0: 3 0x80009f90 (0x014f1d63)
core   0: 0x80009faa (0x00d29263) bne     t0, a3, pc + 4
core   0: 3 0x80009faa (0x00d29263)
core   0: 0x80009fae (0x00c6d613) srli    a2, a3, 12
core   0: 3 0x80009fae (0x00c6d613) x12 0x000fe67e
core   0: 0x80009fb2 (0x0000717d) c.addi16sp sp, -16
core   0: 3 0x80009fb2 (0x717d) x2  0x8000437f
core   0: 0x80009fb4 (0x340027f3) csrr    a5, mscratch
core   0: 3 0x80009fb4 (0x340027f3) x15 0x00052207
core   0: 0x80009fb8 (0x00008e5d) c.or    a2, a5
core   0: 3 0x80009fb8 (0x8e5d) x12 0x000fe67f
core   0: 0x80009fba (0x0287c463) blt     a5, s0, pc + 40
core   0: 3 0x80009fba (0x0287c463)
core   0: 0x80009fbe (0x025b91b3) mulh    gp, s7, t0
core   0: 3 0x80009fbe (0x025b91b3) x3  0x00000000
core   0: 0x80009fc2 (0x033b7133) remu    sp, s6, s3
core   0: 3 0x80009fc2 (0x033b7133) x2  0x00000000
core   0: 0x80009fc6 (0x00001d7d) c.addi  s10, -1
core   0: 3 0x80009fc6 (0x1d7d) x26 0xffffffff
core   0: 0x80009fc8 (0x01b01093) slli    ra, zero, 27
core   0: 3 0x80009fc8 (0x01b01093) x1  0x00000000
core   0: 0x80009fcc (0x00175863) bge     a4, ra, pc + 16
core   0: 3 0x80009fcc (0x00175863)
core   0: 0x80009fd0 (0x05345163) bge     s0, s3, pc + 66
core   0: 3 0x80009fd0 (0x05345163)
core   0: 0x8000a012 (0x340e56f3) csrrwi  a3, mscratch, 28
core   0: 3 0x8000a012 (0x340e56f3) x13 0x00052207 c832_mscratch 0x0000001c
core   0: 0x8000a016 (0x02f58c63) beq     a1, a5, pc + 56
core   0: 3 0x8000a016 (0x02f58c63)
core   0: 0x8000a01a (0x0153d663) bge     t2, s5, pc + 12
core   0: 3 0x8000a01a (0x0153d663)
core   0: 0x8000a026 (0x35b7c293) xori    t0, a5, 859
core   0: 3 0x8000a026 (0x35b7c293) x5  0x0005215c
core   0: 0x8000a02a (0x0000527d) c.li    tp, -1
core   0: 3 0x8000a02a (0x527d) x4  0xffffffff
core   0: 0x8000a02c (0x00008e3d) c.xor   a2, a5
core   0: 3 0x8000a02c (0x8e3d) x12 0x000ac478
core   0: 0x8000a02e (0x00000b88) c.addi4spn a0, sp, 464
core   0: 3 0x8000a02e (0x0b88) x10 0x000001d0
core   0: 0x8000a030 (0x00000001) c.nop
core   0: 3 0x8000a030 (0x0001)
core   0: 0x8000a032 (0x00c101b3) add     gp, sp, a2
core   0: 3 0x8000a032 (0x00c101b3) x3  0x000ac478
core   0: 0x8000a036 (0x15569a37) lui     s4, 0x15569
core   0: 3 0x8000a036 (0x15569a37) x20 0x15569000
core   0: 0x8000a03a (0x00008f0d) c.sub   a4, a1
core   0: 3 0x8000a03a (0x8f0d) x14 0xa05c220b
core   0: 0x8000a03c (0x0324eab3) rem     s5, s1, s2
core   0: 3 0x8000a03c (0x0324eab3) x21 0x00000000
core   0: 0x8000a040 (0x03d5dd63) bge     a1, t4, pc + 58
core   0: 3 0x8000a040 (0x03d5dd63)
core   0: 0x8000a07a (0x0ff0000f) fence   iorw,iorw
core   0: 3 0x8000a07a (0x0ff0000f)
core   0: 0x8000a07e (0x026a8a63) beq     s5, t1, pc + 52
core   0: 3 0x8000a07e (0x026a8a63)
core   0: 0x8000a082 (0xf8263e13) sltiu   t3, a2, -126
core   0: 3 0x8000a082 (0xf8263e13) x28 0x00000001
core   0: 0x8000a086 (0x00008e6d) c.and   a2, a1
core   0: 3 0x8000a086 (0x8e6d) x12 0x000a8400
core   0: 0x8000a088 (0x3409a573) csrrs   a0, mscratch, s3
core   0: 3 0x8000a088 (0x3409a573) x10 0x0000001c c832_mscratch 0x80021dfc
core   0: 0x8000a08c (0x00009922) c.add   s2, s0
core   0: 3 0x8000a08c (0x9922) x18 0x0bffffff
core   0: 0x8000a08e (0x40b15313) srai    t1, sp, 11
core   0: 3 0x8000a08e (0x40b15313) x6  0x00000000
core   0: 0x8000a092 (0x0127ee63) bltu    a5, s2, pc + 28
core   0: 3 0x8000a092 (0x0127ee63)
core   0: 0x8000a0ae (0x01eaf1b3) and     gp, s5, t5
core   0: 3 0x8000a0ae (0x01eaf1b3) x3  0x00000000
core   0: 0x8000a0b2 (0x340c5473) csrrwi  s0, mscratch, 24
core   0: 3 0x8000a0b2 (0x340c5473) x8  0x80021dfc c832_mscratch 0x00000018
core   0: 0x8000a0b6 (0x001ecf33) xor     t5, t4, ra
core   0: 3 0x8000a0b6 (0x001ecf33) x30 0x80073f37
core   0: 0x8000a0ba (0x002982b3) add     t0, s3, sp
core   0: 3 0x8000a0ba (0x002982b3) x5  0x80021df8
core   0: 0x8000a0be (0x00008fcd) c.or    a5, a1
core   0: 3 0x8000a0be (0x8fcd) x15 0xf99fbe07
core   0: 0x8000a0c0 (0x039743b3) div     t2, a4, s9
core   0: 3 0x8000a0c0 (0x039743b3) x7  0x00000000
core   0: 0x8000a0c4 (0x000050fd) c.li    ra, -1
core   0: 3 0x8000a0c4 (0x50fd) x1  0xffffffff
core   0: 0x8000a0c6 (0x0044c1b3) xor     gp, s1, tp
core   0: 3 0x8000a0c6 (0x0044c1b3) x3  0xffffffff
core   0: 0x8000a0ca (0x0329e833) rem     a6, s3, s2
core   0: 3 0x8000a0ca (0x0329e833) x16 0xf8021dee
core   0: 0x8000a0ce (0x1ca9c437) lui     s0, 0x1ca9c
core   0: 3 0x8000a0ce (0x1ca9c437) x8  0x1ca9c000
core   0: 0x8000a0d2 (0x02a02733) mulhsu  a4, zero, a0
core   0: 3 0x8000a0d2 (0x02a02733) x14 0x00000000
core   0: 0x8000a0d6 (0x40a65bb3) sra     s7, a2, a0
core   0: 3 0x8000a0d6 (0x40a65bb3) x23 0x00000000
core   0: 0x8000a0da (0xe4a1fa13) andi    s4, gp, -438
core   0: 3 0x8000a0da (0xe4a1fa13) x20 0xfffffe4a
core   0: 0x8000a0de (0x008a5d93) srli    s11, s4, 8
core   0: 3 0x8000a0de (0x008a5d93) x27 0x00fffffe
core   0: 0x8000a0e2 (0x00000001) c.nop
core   0: 3 0x8000a0e2 (0x0001)
core   0: 0x8000a0e4 (0x00d37933) and     s2, t1, a3
core   0: 3 0x8000a0e4 (0x00d37933) x18 0x00000000
core   0: 0x8000a0e8 (0xde293413) sltiu   s0, s2, -542
core   0: 3 0x8000a0e8 (0xde293413) x8  0x00000001
core   0: 0x8000a0ec (0x00000001) c.nop
core   0: 3 0x8000a0ec (0x0001)
core   0: 0x8000a0ee (0x07eb8013) addi    zero, s7, 126
core   0: 3 0x8000a0ee (0x07eb8013)
core   0: 0x8000a0f2 (0x000082bd) c.srli  a3, 15
core   0: 3 0x8000a0f2 (0x82bd) x13 0x0000000a
core   0: 0x8000a0f4 (0x0000c689) c.beqz  a3, pc + 10
core   0: 3 0x8000a0f4 (0xc689)
core   0: 0x8000a0f6 (0xb3313037) lui     zero, 0xb3313
core   0: 3 0x8000a0f6 (0xb3313037)
core   0: 0x8000a0fa (0x0000cc09) c.beqz  s0, pc + 26
core   0: 3 0x8000a0fa (0xcc09)
core   0: 0x8000a0fc (0x00008f31) c.xor   a4, a2
core   0: 3 0x8000a0fc (0x8f31) x14 0x000a8400
core   0: 0x8000a0fe (0x02af5963) bge     t5, a0, pc + 50
core   0: 3 0x8000a0fe (0x02af5963)
core   0: 0x8000a102 (0x003c54b3) srl     s1, s8, gp
core   0: 3 0x8000a102 (0x003c54b3) x9  0x00000000
core   0: 0x8000a106 (0x02921db3) mulh    s11, tp, s1
core   0: 3 0x8000a106 (0x02921db3) x27 0x00000000
core   0: 0x8000a10a (0x000046d5) c.li    a3, 21
core   0: 3 0x8000a10a (0x46d5) x13 0x00000015
core   0: 0x8000a10c (0x02ba33b3) mulhu   t2, s4, a1
core   0: 3 0x8000a10c (0x02ba33b3) x7  0xf99fbc54
core   0: 0x8000a110 (0x03e4ff13) andi    t5, s1, 62
core   0: 3 0x8000a110 (0x03e4ff13) x30 0x00000000
core   0: 0x8000a114 (0x02853233) mulhu   tp, a0, s0
core   0: 3 0x8000a114 (0x02853233) x4  0x00000000
core   0: 0x8000a118 (0x00000001) c.nop
core   0: 3 0x8000a118 (0x0001)
core   0: 0x8000a11a (0x41badd93) srai    s11, s5, 27
core   0: 3 0x8000a11a (0x41badd93) x27 0x00000000
core   0: 0x8000a11e (0x340b91f3) csrrw   gp, mscratch, s7
core   0: 3 0x8000a11e (0x340b91f3) x3  0x00000018 c832_mscratch 0x00000000
core   0: 0x8000a122 (0x033d6c33) rem     s8, s10, s3
core   0: 3 0x8000a122 (0x033d6c33) x24 0xffffffff
core   0: 0x8000a126 (0x34056a73) csrrsi  s4, mscratch, 10
core   0: 3 0x8000a126 (0x34056a73) x20 0x00000000 c832_mscratch 0x0000000a
core   0: 0x8000a12a (0x00008e85) c.sub   a3, s1
core   0: 3 0x8000a12a (0x8e85) x13 0x00000015
core   0: 0x8000a12c (0x40240eb3) sub     t4, s0, sp
core   0: 3 0x8000a12c (0x40240eb3) x29 0x00000001
core   0: 0x8000a130 (0x044fb493) sltiu   s1, t6, 68
core   0: 3 0x8000a130 (0x044fb493) x9  0x00000001
core   0: 0x8000a134 (0x41db8133) sub     sp, s7, t4
core   0: 3 0x8000a134 (0x41db8133) x2  0xffffffff
core   0: 0x8000a138 (0x3f11b4b7) lui     s1, 0x3f11b
core   0: 3 0x8000a138 (0x3f11b4b7) x9  0x3f11b000
core   0: 0x8000a13c (0x34075d73) csrrwi  s10, mscratch, 14
core   0: 3 0x8000a13c (0x34075d73) x26 0x0000000a c832_mscratch 0x0000000e
core   0: 0x8000a140 (0x000001de) c.slli  gp, 23
core   0: 3 0x8000a140 (0x01de) x3  0x0c000000
core   0: 0x8000a142 (0x340b9df3) csrrw   s11, mscratch, s7
core   0: 3 0x8000a142 (0x340b9df3) x27 0x0000000e c832_mscratch 0x00000000
core   0: 0x8000a146 (0x00044963) bltz    s0, pc + 18
core   0: 3 0x8000a146 (0x00044963)
core   0: 0x8000a14a (0x0000808d) c.srli  s1, 3
core   0: 3 0x8000a14a (0x808d) x9  0x07e23600
core   0: 0x8000a14c (0x0335e0b3) rem     ra, a1, s3
core   0: 3 0x8000a14c (0x0335e0b3) x1  0xf99fbe00
core   0: 0x8000a150 (0x00b09863) bne     ra, a1, pc + 16
core   0: 3 0x8000a150 (0x00b09863)
core   0: 0x8000a154 (0x011f2133) slt     sp, t5, a7
core   0: 3 0x8000a154 (0x011f2133) x2  0x00000000
core   0: 0x8000a158 (0x7ab48093) addi    ra, s1, 1963
core   0: 3 0x8000a158 (0x7ab48093) x1  0x07e23dab
core   0: 0x8000a15c (0x34045273) csrrwi  tp, mscratch, 8
core   0: 3 0x8000a15c (0x34045273) x4  0x00000000 c832_mscratch 0x00000008
core   0: 0x8000a160 (0x51e86b13) ori     s6, a6, 1310
core   0: 3 0x8000a160 (0x51e86b13) x22 0xf8021dfe
core   0: 0x8000a164 (0x02bfa533) mulhsu  a0, t6, a1
core   0: 3 0x8000a164 (0x02bfa533) x10 0x0000000a
core   0: 0x8000a168 (0x0000c815) c.beqz  s0, pc + 52
core   0: 3 0x8000a168 (0xc815)
core   0: 0x8000a16a (0x41a35d13) srai    s10, t1, 26
core   0: 3 0x8000a16a (0x41a35d13) x26 0x00000000
core   0: 0x8000a16e (0x044dd163) bge     s11, tp, pc + 66
core   0: 3 0x8000a16e (0x044dd163)
core   0: 0x8000a1b0 (0x0067bd33) sltu    s10, a5, t1
core   0: 3 0x8000a1b0 (0x0067bd33) x26 0x00000000
core   0: 0x8000a1b4 (0x34006c73) csrrsi  s8, mscratch, 0
core   0: 3 0x8000a1b4 (0x34006c73) x24 0x00000008
core   0: 0x8000a1b8 (0x0151ceb3) xor     t4, gp, s5
core   0: 3 0x8000a1b8 (0x0151ceb3) x29 0x0c000000
core   0: 0x8000a1bc (0x02b77333) remu    t1, a4, a1
core   0: 3 0x8000a1bc (0x02b77333) x6  0x000a8400
core   0: 0x8000a1c0 (0xd2304d93) xori    s11, zero, -733
core   0: 3 0x8000a1c0 (0xd2304d93) x27 0xfffffd23
core   0: 0x8000a1c4 (0x84757893) andi    a7, a0, -1977
core   0: 3 0x8000a1c4 (0x84757893) x17 0x00000002
core   0: 0x8000a1c8 (0x00c3d733) srl     a4, t2, a2
core   0: 3 0x8000a1c8 (0x00c3d733) x14 0xf99fbc54
core   0: 0x8000a1cc (0x0000717d) c.addi16sp sp, -16
core   0: 3 0x8000a1cc (0x717d) x2  0xfffffff0
core   0: 0x8000a1ce (0x0000100f) fence.i
core   0: 3 0x8000a1ce (0x0000100f)
core   0: 0x8000a1d2 (0x0000e481) c.bnez  s1, pc + 8
core   0: 3 0x8000a1d2 (0xe481)
core   0: 0x8000a1da (0x00008979) c.andi  a0, 30
core   0: 3 0x8000a1da (0x8979) x10 0x0000000a
core   0: 0x8000a1dc (0x00001c94) c.addi4spn a3, sp, 624
core   0: 3 0x8000a1dc (0x1c94) x13 0x00000260
core   0: 0x8000a1de (0x340f9d73) csrrw   s10, mscratch, t6
core   0: 3 0x8000a1de (0x340f9d73) x26 0x00000008 c832_mscratch 0x0000000b
core   0: 0x8000a1e2 (0x00000001) c.nop
core   0: 3 0x8000a1e2 (0x0001)
core   0: 0x8000a1e4 (0x340d38f3) csrrc   a7, mscratch, s10
core   0: 3 0x8000a1e4 (0x340d38f3) x17 0x0000000b c832_mscratch 0x00000003
core   0: 0x8000a1e8 (0x024e7263) bgeu    t3, tp, pc + 36
core   0: 3 0x8000a1e8 (0x024e7263)
core   0: 0x8000a20c (0x0000e321) c.bnez  a4, pc + 64
core   0: 3 0x8000a20c (0xe321)
core   0: 0x8000a24c (0x00008e29) c.xor   a2, a0
core   0: 3 0x8000a24c (0x8e29) x12 0x000a840a
core   0: 0x8000a24e (0x057a9063) bne     s5, s7, pc + 64
core   0: 3 0x8000a24e (0x057a9063)
core   0: 0x8000a252 (0x000096e2) c.add   a3, s8
core   0: 3 0x8000a252 (0x96e2) x13 0x00000268
core   0: 0x8000a254 (0x02fe92b3) mulh    t0, t4, a5
core   0: 3 0x8000a254 (0x02fe92b3) x5  0xffb37ce8
core   0: 0x8000a258 (0x03957d33) remu    s10, a0, s9
core   0: 3 0x8000a258 (0x03957d33) x26 0x0000000a
core   0: 0x8000a25c (0x402f5113) srai    sp, t5, 2
core   0: 3 0x8000a25c (0x402f5113) x2  0x00000000
core   0: 0x8000a260 (0x00d35b93) srli    s7, t1, 13
core   0: 3 0x8000a260 (0x00d35b93) x23 0x00000054
core   0: 0x8000a264 (0x0000028c) c.addi4spn a1, sp, 320
core   0: 3 0x8000a264 (0x028c) x11 0x00000140
core   0: 0x8000a266 (0x01181db3) sll     s11, a6, a7
core   0: 3 0x8000a266 (0x01181db3) x27 0x10ef7000
core   0: 0x8000a26a (0x0000717d) c.addi16sp sp, -16
core   0: 3 0x8000a26a (0x717d) x2  0xfffffff0
core   0: 0x8000a26c (0x004842b3) xor     t0, a6, tp
core   0: 3 0x8000a26c (0x004842b3) x5  0xf8021dee
core   0: 0x8000a270 (0x03cad4b3) divu    s1, s5, t3
core   0: 3 0x8000a270 (0x03cad4b3) x9  0x00000000
core   0: 0x8000a274 (0x0ff0000f) fence   iorw,iorw
core   0: 3 0x8000a274 (0x0ff0000f)
core   0: 0x8000a278 (0x340453f3) csrrwi  t2, mscratch, 8
core   0: 3 0x8000a278 (0x340453f3) x7  0x00000003 c832_mscratch 0x00000008
core   0: 0x8000a27c (0x00be3733) sltu    a4, t3, a1
core   0: 3 0x8000a27c (0x00be3733) x14 0x00000001
core   0: 0x8000a280 (0x000080a1) c.srli  s1, 8
core   0: 3 0x8000a280 (0x80a1) x9  0x00000000
core   0: 0x8000a282 (0x023d7f63) bgeu    s10, gp, pc + 62
core   0: 3 0x8000a282 (0x023d7f63)
core   0: 0x8000a286 (0x00679d63) bne     a5, t1, pc + 26
core   0: 3 0x8000a286 (0x00679d63)
core   0: 0x8000a2a0 (0x00d865b3) or      a1, a6, a3
core   0: 3 0x8000a2a0 (0x00d865b3) x11 0xf8021fee
core   0: 0x8000a2a4 (0x00000a33) add     s4, zero, zero
core   0: 3 0x8000a2a4 (0x00000a33) x20 0x00000000
core   0: 0x8000a2a8 (0x00008079) c.srli  s0, 30
core   0: 3 0x8000a2a8 (0x8079) x8  0x00000000
core   0: 0x8000a2aa (0x340bd0f3) csrrwi  ra, mscratch, 23
core   0: 3 0x8000a2aa (0x340bd0f3) x1  0x00000008 c832_mscratch 0x00000017
core   0: 0x8000a2ae (0x0000e229) c.bnez  a2, pc + 66
core   0: 3 0x8000a2ae (0xe229)
core   0: 0x8000a2f0 (0x0000997e) c.add   s2, t6
core   0: 3 0x8000a2f0 (0x997e) x18 0x0000000b
core   0: 0x8000a2f2 (0xce4b7593) andi    a1, s6, -796
core   0: 3 0x8000a2f2 (0xce4b7593) x11 0xf8021ce4
core   0: 0x8000a2f6 (0x0000ce05) c.beqz  a2, pc + 56
core   0: 3 0x8000a2f6 (0xce05)
core   0: 0x8000a2f8 (0x00008ec9) c.or    a3, a0
core   0: 3 0x8000a2f8 (0x8ec9) x13 0x0000026a
core   0: 0x8000a2fa (0x000c2633) slt     a2, s8, zero
core   0: 3 0x8000a2fa (0x000c2633) x12 0x00000000
core   0: 0x8000a2fe (0x00008146) c.mv    sp, a7
core   0: 3 0x8000a2fe (0x8146) x2  0x0000000b
core   0: 0x8000a300 (0x340970f3) csrrci  ra, mscratch, 18
core   0: 3 0x8000a300 (0x340970f3) x1  0x00000017 c832_mscratch 0x00000005
core   0: 0x8000a304 (0x00008685) c.srai  a3, 1
core   0: 3 0x8000a304 (0x8685) x13 0x00000135
core   0: 0x8000a306 (0x01a863b3) or      t2, a6, s10
core   0: 3 0x8000a306 (0x01a863b3) x7  0xf8021dee
core   0: 0x8000a30a (0x02c39463) bne     t2, a2, pc + 40
core   0: 3 0x8000a30a (0x02c39463)
core   0: 0x8000a332 (0x3407def3) csrrwi  t4, mscratch, 15
core   0: 3 0x8000a332 (0x3407def3) x29 0x00000005 c832_mscratch 0x0000000f
core   0: 0x8000a336 (0x00008d05) c.sub   a0, s1
core   0: 3 0x8000a336 (0x8d05) x10 0x0000000a
core   0: 0x8000a338 (0x005c8ab3) add     s5, s9, t0
core   0: 3 0x8000a338 (0x005c8ab3) x21 0x78047ad2
core   0: 0x8000a33c (0x0000100f) fence.i
core   0: 3 0x8000a33c (0x0000100f)
core   0: 0x8000a340 (0x41ddd2b3) sra     t0, s11, t4
core   0: 3 0x8000a340 (0x41ddd2b3) x5  0x00877b80
core   0: 0x8000a344 (0x003ed933) srl     s2, t4, gp
core   0: 3 0x8000a344 (0x003ed933) x18 0x00000005
core   0: 0x8000a348 (0x02355833) divu    a6, a0, gp
core   0: 3 0x8000a348 (0x02355833) x16 0x00000000
core   0: 0x8000a34c (0x000083c6) c.mv    t2, a7
core   0: 3 0x8000a34c (0x83c6) x7  0x0000000b
core   0: 0x8000a34e (0x0ff0000f) fence   iorw,iorw
core   0: 3 0x8000a34e (0x0ff0000f)
core   0: 0x8000a352 (0x340d5af3) csrrwi  s5, mscratch, 26
core   0: 3 0x8000a352 (0x340d5af3) x21 0x0000000f c832_mscratch 0x0000001a
core   0: 0x8000a356 (0x0100e933) or      s2, ra, a6
core   0: 3 0x8000a356 (0x0100e933) x18 0x00000017
core   0: 0x8000a35a (0x4106d2b3) sra     t0, a3, a6
core   0: 3 0x8000a35a (0x4106d2b3) x5  0x00000135
core   0: 0x8000a35e (0x0000ca99) c.beqz  a3, pc + 22
core   0: 3 0x8000a35e (0xca99)
core   0: 0x8000a360 (0x0007c263) bltz    a5, pc + 4
core   0: 3 0x8000a360 (0x0007c263)
core   0: 0x8000a364 (0x03311c33) mulh    s8, sp, s3
core   0: 3 0x8000a364 (0x03311c33) x24 0xfffffffa
core   0: 0x8000a368 (0x02b9e863) bltu    s3, a1, pc + 48
core   0: 3 0x8000a368 (0x02b9e863)
core   0: 0x8000a398 (0x328bee13) ori     t3, s7, 808
core   0: 3 0x8000a398 (0x328bee13) x28 0x0000037c
core   0: 0x8000a39c (0x00eaaeb3) slt     t4, s5, a4
core   0: 3 0x8000a39c (0x00eaaeb3) x29 0x00000000
core   0: 0x8000a3a0 (0x00008f39) c.xor   a4, a4
core   0: 3 0x8000a3a0 (0x8f39) x14 0x00000000
core   0: 0x8000a3a2 (0x00009f7a) c.add   t5, t5
core   0: 3 0x8000a3a2 (0x9f7a) x30 0x00000000
core   0: 0x8000a3a4 (0x000098fd) c.andi  s1, -1
core   0: 3 0x8000a3a4 (0x98fd) x9  0x00000000
core   0: 0x8000a3a6 (0x000008c1) c.addi  a7, 16
core   0: 3 0x8000a3a6 (0x08c1) x17 0x0000001b
core   0: 0x8000a3a8 (0x000062d1) c.lui   t0, 0x14
core   0: 3 0x8000a3a8 (0x62d1) x5  0x00014000
core   0: 0x8000a3aa (0x340f6e73) csrrsi  t3, mscratch, 30
core   0: 3 0x8000a3aa (0x340f6e73) x28 0x0000001a c832_mscratch 0x0000001e
core   0: 0x8000a3ae (0x000081ce) c.mv    gp, s3
core   0: 3 0x8000a3ae (0x81ce) x3  0x80021df8
core   0: 0x8000a3b0 (0x01b5aeb3) slt     t4, a1, s11
core   0: 3 0x8000a3b0 (0x01b5aeb3) x29 0x00000001
core   0: 0x8000a3b4 (0x08004313) xori    t1, zero, 128
core   0: 3 0x8000a3b4 (0x08004313) x6  0x00000080
core   0: 0x8000a3b8 (0x241c7613) andi    a2, s8, 577
core   0: 3 0x8000a3b8 (0x241c7613) x12 0x00000240
core   0: 0x8000a3bc (0x00008969) c.andi  a0, 26
core   0: 3 0x8000a3bc (0x8969) x10 0x0000000a
core   0: 0x8000a3be (0x5f077513) andi    a0, a4, 1520
core   0: 3 0x8000a3be (0x5f077513) x10 0x00000000
core   0: 0x8000a3c2 (0x00000001) c.nop
core   0: 3 0x8000a3c2 (0x0001)
core   0: 0x8000a3c4 (0x0328cbb3) div     s7, a7, s2
core   0: 3 0x8000a3c4 (0x0328cbb3) x23 0x00000001
core   0: 0x8000a3c8 (0x34002c73) csrr    s8, mscratch
core   0: 3 0x8000a3c8 (0x34002c73) x24 0x0000001e
core   0: 0x8000a3cc (0x340433f3) csrrc   t2, mscratch, s0
core   0: 3 0x8000a3cc (0x340433f3) x7  0x0000001e c832_mscratch 0x0000001e
core   0: 0x8000a3d0 (0x0000ef8d) c.bnez  a5, pc + 58
core   0: 3 0x8000a3d0 (0xef8d)
core   0: 0x8000a40a (0x016c9f63) bne     s9, s6, pc + 30
core   0: 3 0x8000a40a (0x016c9f63)
core   0: 0x8000a428 (0xe8993e93) sltiu   t4, s2, -375
core   0: 3 0x8000a428 (0xe8993e93) x29 0x00000001
core   0: 0x8000a42c (0x0021e133) or      sp, gp, sp
core   0: 3 0x8000a42c (0x0021e133) x2  0x80021dfb
core   0: 0x8000a430 (0x00008efe) c.mv    t4, t6
core   0: 3 0x8000a430 (0x8efe) x29 0x0000000b
core   0: 0x8000a432 (0x02e1f863) bgeu    gp, a4, pc + 48
core   0: 3 0x8000a432 (0x02e1f863)
core   0: 0x8000a462 (0x86948913) addi    s2, s1, -1943
core   0: 3 0x8000a462 (0x86948913) x18 0xfffff869
core   0: 0x8000a466 (0x230fe697) auipc   a3, 0x230fe
core   0: 3 0x8000a466 (0x230fe697) x13 0xa3108466
core   0: 0x8000a46a (0x87a62a13) slti    s4, a2, -1926
core   0: 3 0x8000a46a (0x87a62a13) x20 0x00000000
core   0: 0x8000a46e (0x021e5463) bge     t3, ra, pc + 40
core   0: 3 0x8000a46e (0x021e5463)
core   0: 0x8000a496 (0x0000e419) c.bnez  s0, pc + 14
core   0: 3 0x8000a496 (0xe419)
core   0: 0x8000a498 (0x05a14363) blt     sp, s10, pc + 70
core   0: 3 0x8000a498 (0x05a14363)
core   0: 0x8000a4de (0x0000100f) fence.i
core   0: 3 0x8000a4de (0x0000100f)
core   0: 0x8000a4e2 (0x00acc633) xor     a2, s9, a0
core   0: 3 0x8000a4e2 (0x00acc633) x12 0x80025ce4
core   0: 0x8000a4e6 (0xe2cd7e13) andi    t3, s10, -468
core   0: 3 0x8000a4e6 (0xe2cd7e13) x28 0x00000008
core   0: 0x8000a4ea (0x008647b3) xor     a5, a2, s0
core   0: 3 0x8000a4ea (0x008647b3) x15 0x80025ce4
core   0: 0x8000a4ee (0x0000832d) c.srli  a4, 11
core   0: 3 0x8000a4ee (0x832d) x14 0x00000000
core   0: 0x8000a4f0 (0x0ff0000f) fence   iorw,iorw
core   0: 3 0x8000a4f0 (0x0ff0000f)
core   0: 0x8000a4f4 (0x023bb7b3) mulhu   a5, s7, gp
core   0: 3 0x8000a4f4 (0x023bb7b3) x15 0x00000000
core   0: 0x8000a4f8 (0x0230d363) bge     ra, gp, pc + 38
core   0: 3 0x8000a4f8 (0x0230d363)
core   0: 0x8000a51e (0x01747db3) and     s11, s0, s7
core   0: 3 0x8000a51e (0x01747db3) x27 0x00000000
core   0: 0x8000a522 (0x98c50313) addi    t1, a0, -1652
core   0: 3 0x8000a522 (0x98c50313) x6  0xfffff98c
core   0: 0x8000a526 (0x0362beb3) mulhu   t4, t0, s6
core   0: 3 0x8000a526 (0x0362beb3) x29 0x00013602
core   0: 0x8000a52a (0x03144eb3) div     t4, s0, a7
core   0: 3 0x8000a52a (0x03144eb3) x29 0x00000000
core   0: 0x8000a52e (0x029ff0b3) remu    ra, t6, s1
core   0: 3 0x8000a52e (0x029ff0b3) x1  0x0000000b
core   0: 0x8000a532 (0x0000547d) c.li    s0, -1
core   0: 3 0x8000a532 (0x547d) x8  0xffffffff
core   0: 0x8000a534 (0x0000ee95) c.bnez  a3, pc + 60
core   0: 3 0x8000a534 (0xee95)
core   0: 0x8000a570 (0x00000001) c.nop
core   0: 3 0x8000a570 (0x0001)
core   0: 0x8000a572 (0x340366f3) csrrsi  a3, mscratch, 6
core   0: 3 0x8000a572 (0x340366f3) x13 0x0000001e c832_mscratch 0x0000001e
core   0: 0x8000a576 (0x030171b3) remu    gp, sp, a6
core   0: 3 0x8000a576 (0x030171b3) x3  0x80021dfb
core   0: 0x8000a57a (0x020e2ab3) mulhsu  s5, t3, zero
core   0: 3 0x8000a57a (0x020e2ab3) x21 0x00000000
core   0: 0x8000a57e (0x00006c35) c.lui   s8, 0xd
core   0: 3 0x8000a57e (0x6c35) x24 0x0000d000
core   0: 0x8000a580 (0x00001400) c.addi4spn s0, sp, 544
core   0: 3 0x8000a580 (0x1400) x8  0x8002201b
core   0: 0x8000a582 (0x00008009) c.srli  s0, 2
core   0: 3 0x8000a582 (0x8009) x8  0x20008806
core   0: 0x8000a584 (0x0000e981) c.bnez  a1, pc + 16
core   0: 3 0x8000a584 (0xe981)
core   0: 0x8000a594 (0x02560db3) mul     s11, a2, t0
core   0: 3 0x8000a594 (0x02560db3) x27 0xf41d0000
core   0: 0x8000a598 (0x00dfcdb3) xor     s11, t6, a3
core   0: 3 0x8000a598 (0x00dfcdb3) x27 0x00000015
core   0: 0x8000a59c (0x021aff33) remu    t5, s5, ra
core   0: 3 0x8000a59c (0x021aff33) x30 0x00000000
core   0: 0x8000a5a0 (0xfe646493) ori     s1, s0, -26
core   0: 3 0x8000a5a0 (0xfe646493) x9  0xffffffe6
core   0: 0x8000a5a4 (0xc31bf613) andi    a2, s7, -975
core   0: 3 0x8000a5a4 (0xc31bf613) x12 0x00000001
core   0: 0x8000a5a8 (0x02669f33) mulh    t5, a3, t1
core   0: 3 0x8000a5a8 (0x02669f33) x30 0xffffffff
core   0: 0x8000a5ac (0x34072473) csrrs   s0, mscratch, a4
core   0: 3 0x8000a5ac (0x34072473) x8  0x0000001e c832_mscratch 0x0000001e
core   0: 0x8000a5b0 (0x00000d0c) c.addi4spn a1, sp, 656
core   0: 3 0x8000a5b0 (0x0d0c) x11 0x8002208b
core   0: 0x8000a5b2 (0x03ce9033) mulh    zero, t4, t3
core   0: 3 0x8000a5b2 (0x03ce9033)
core   0: 0x8000a5b6 (0x864e5817) auipc   a6, 0x864e5
core   0: 3 0x8000a5b6 (0x864e5817) x16 0x064ef5b6
core   0: 0x8000a5ba (0x01c50563) beq     a0, t3, pc + 10
core   0: 3 0x8000a5ba (0x01c50563)
core   0: 0x8000a5be (0x0000038a) c.slli  t2, 2
core   0: 3 0x8000a5be (0x038a) x7  0x00000078
core   0: 0x8000a5c0 (0x34007af3) csrrci  s5, mscratch, 0
core   0: 3 0x8000a5c0 (0x34007af3) x21 0x0000001e
core   0: 0x8000a5c4 (0x00008a5d) c.andi  a2, 23
core   0: 3 0x8000a5c4 (0x8a5d) x12 0x00000001
core   0: 0x8000a5c6 (0x0000e999) c.bnez  a1, pc + 22
core   0: 3 0x8000a5c6 (0xe999)
core   0: 0x8000a5dc (0xc7e7c897) auipc   a7, 0xc7e7c
core   0: 3 0x8000a5dc (0xc7e7c897) x17 0x47e865dc
core   0: 0x8000a5e0 (0x01a5e533) or      a0, a1, s10
core   0: 3 0x8000a5e0 (0x01a5e533) x10 0x8002208b
core   0: 0x8000a5e4 (0x0000197d) c.addi  s2, -1
core   0: 3 0x8000a5e4 (0x197d) x18 0xfffff868
core   0: 0x8000a5e6 (0x008c0533) add     a0, s8, s0
core   0: 3 0x8000a5e6 (0x008c0533) x10 0x0000d01e
core   0: 0x8000a5ea (0x00e94733) xor     a4, s2, a4
core   0: 3 0x8000a5ea (0x00e94733) x14 0xfffff868
core   0: 0x8000a5ee (0x41068833) sub     a6, a3, a6
core   0: 3 0x8000a5ee (0x41068833) x16 0xf9b10a68
core   0: 0x8000a5f2 (0x7ceaa213) slti    tp, s5, 1998
core   0: 3 0x8000a5f2 (0x7ceaa213) x4  0x00000001
core   0: 0x8000a5f6 (0x000091ba) c.add   gp, a4
core   0: 3 0x8000a5f6 (0x91ba) x3  0x80021663
core   0: 0x8000a5f8 (0x018b80b3) add     ra, s7, s8
core   0: 3 0x8000a5f8 (0x018b80b3) x1  0x0000d001
core   0: 0x8000a5fc (0x0d296417) auipc   s0, 0xd296
core   0: 3 0x8000a5fc (0x0d296417) x8  0x8d2a05fc
core   0: 0x8000a600 (0x00008e6d) c.and   a2, a1
core   0: 3 0x8000a600 (0x8e6d) x12 0x00000001
core   0: 0x8000a602 (0x020e2833) mulhsu  a6, t3, zero
core   0: 3 0x8000a602 (0x020e2833) x16 0x00000000
core   0: 0x8000a606 (0x00000d14) c.addi4spn a3, sp, 656
core   0: 3 0x8000a606 (0x0d14) x13 0x8002208b
core   0: 0x8000a608 (0x0000e499) c.bnez  s1, pc + 14
core   0: 3 0x8000a608 (0xe499)
core   0: 0x8000a616 (0x0000717d) c.addi16sp sp, -16
core   0: 3 0x8000a616 (0x717d) x2  0x80021deb
core   0: 0x8000a618 (0x00008d29) c.xor   a0, a0
core   0: 3 0x8000a618 (0x8d29) x10 0x00000000
core   0: 0x8000a61a (0x403f5493) srai    s1, t5, 3
core   0: 3 0x8000a61a (0x403f5493) x9  0xffffffff
core   0: 0x8000a61e (0xc8a41437) lui     s0, 0xc8a41
core   0: 3 0x8000a61e (0xc8a41437) x8  0xc8a41000
core   0: 0x8000a622 (0x01bd43b3) xor     t2, s10, s11
core   0: 3 0x8000a622 (0x01bd43b3) x7  0x0000001f
core   0: 0x8000a626 (0x026a5bb3) divu    s7, s4, t1
core   0: 3 0x8000a626 (0x026a5bb3) x23 0x00000000
core   0: 0x8000a62a (0x02108033) mul     zero, ra, ra
core   0: 3 0x8000a62a (0x02108033)
core   0: 0x8000a62e (0x6b8a03b7) lui     t2, 0x6b8a0
core   0: 3 0x8000a62e (0x6b8a03b7) x7  0x6b8a0000
core   0: 0x8000a632 (0x03d3f133) remu    sp, t2, t4
core   0: 3 0x8000a632 (0x03d3f133) x2  0x6b8a0000
core   0: 0x8000a636 (0x00fed813) srli    a6, t4, 15
core   0: 3 0x8000a636 (0x00fed813) x16 0x00000000
core   0: 0x8000a63a (0x340b1673) csrrw   a2, mscratch, s6
core   0: 3 0x8000a63a (0x340b1673) x12 0x0000001e c832_mscratch 0xf8021dfe
core   0: 0x8000a63e (0x00000001) c.nop
core   0: 3 0x8000a63e (0x0001)
core   0: 0x8000a640 (0x340eef73) csrrsi  t5, mscratch, 29
core   0: 3 0x8000a640 (0x340eef73) x30 0xf8021dfe c832_mscratch 0xf8021dff
core   0: 0x8000a644 (0x00008e85) c.sub   a3, s1
core   0: 3 0x8000a644 (0x8e85) x13 0x8002208c
core   0: 0x8000a646 (0x00008219) c.srli  a2, 6
core   0: 3 0x8000a646 (0x8219) x12 0x00000000
core   0: 0x8000a648 (0x0000717d) c.addi16sp sp, -16
core   0: 3 0x8000a648 (0x717d) x2  0x6b89fff0
core   0: 0x8000a64a (0x340bec73) csrrsi  s8, mscratch, 23
core   0: 3 0x8000a64a (0x340bec73) x24 0xf8021dff c832_mscratch 0xf8021dff
core   0: 0x8000a64e (0x010b3b33) sltu    s6, s6, a6
core   0: 3 0x8000a64e (0x010b3b33) x22 0x00000000
core   0: 0x8000a652 (0x5f86f493) andi    s1, a3, 1528
core   0: 3 0x8000a652 (0x5f86f493) x9  0x00000088
core   0: 0x8000a656 (0x011933b3) sltu    t2, s2, a7
core   0: 3 0x8000a656 (0x011933b3) x7  0x00000000
core   0: 0x8000a65a (0x0276d3b3) divu    t2, a3, t2
core   0: 3 0x8000a65a (0x0276d3b3) x7  0xffffffff
core   0: 0x8000a65e (0x00000d56) c.slli  s10, 21
core   0: 3 0x8000a65e (0x0d56) x26 0x01400000
core   0: 0x8000a660 (0x00000001) c.nop
core   0: 3 0x8000a660 (0x0001)
core   0: 0x8000a662 (0x02448c63) beq     s1, tp, pc + 56
core   0: 3 0x8000a662 (0x02448c63)
core   0: 0x8000a666 (0x0214a1b3) mulhsu  gp, s1, ra
core   0: 3 0x8000a666 (0x0214a1b3) x3  0x00000000
core   0: 0x8000a66a (0x0000e289) c.bnez  a3, pc + 2
core   0: 3 0x8000a66a (0xe289)
core   0: 0x8000a66c (0x34003ef3) csrrc   t4, mscratch, zero
core   0: 3 0x8000a66c (0x34003ef3) x29 0xf8021dff
core   0: 0x8000a670 (0x02867633) remu    a2, a2, s0
core   0: 3 0x8000a670 (0x02867633) x12 0x00000000
core   0: 0x8000a674 (0x0244dc63) bge     s1, tp, pc + 56
core   0: 3 0x8000a674 (0x0244dc63)
core   0: 0x8000a6ac (0x00008f19) c.sub   a4, a4
core   0: 3 0x8000a6ac (0x8f19) x14 0x00000000
core   0: 0x8000a6ae (0x00008645) c.srai  a2, 17
core   0: 3 0x8000a6ae (0x8645) x12 0x00000000
core   0: 0x8000a6b0 (0x0ff0000f) fence   iorw,iorw
core   0: 3 0x8000a6b0 (0x0ff0000f)
core   0: 0x8000a6b4 (0x03b05eb3) divu    t4, zero, s11
core   0: 3 0x8000a6b4 (0x03b05eb3) x29 0x00000000
core   0: 0x8000a6b8 (0x00008e11) c.sub   a2, a2
core   0: 3 0x8000a6b8 (0x8e11) x12 0x00000000
core   0: 0x8000a6ba (0x00000001) c.nop
core   0: 3 0x8000a6ba (0x0001)
core   0: 0x8000a6bc (0x01007663) bgeu    zero, a6, pc + 12
core   0: 3 0x8000a6bc (0x01007663)
core   0: 0x8000a6c8 (0x02b387b3) mul     a5, t2, a1
core   0: 3 0x8000a6c8 (0x02b387b3) x15 0x7ffddf75
core   0: 0x8000a6cc (0x340060f3) csrrsi  ra, mscratch, 0
core   0: 3 0x8000a6cc (0x340060f3) x1  0xf8021dff
core   0: 0x8000a6d0 (0x34036d73) csrrsi  s10, mscratch, 6
core   0: 3 0x8000a6d0 (0x34036d73) x26 0xf8021dff c832_mscratch 0xf8021dff
core   0: 0x8000a6d4 (0x00008d5d) c.or    a0, a5
core   0: 3 0x8000a6d4 (0x8d5d) x10 0x7ffddf75
core   0: 0x8000a6d6 (0x3dc5c693) xori    a3, a1, 988
core   0: 3 0x8000a6d6 (0x3dc5c693) x13 0x80022357
core   0: 0x8000a6da (0x00008191) c.srli  a1, 4
core   0: 3 0x8000a6da (0x8191) x11 0x08002208
core   0: 0x8000a6dc (0x0000717d) c.addi16sp sp, -16
core   0: 3 0x8000a6dc (0x717d) x2  0x6b89ffe0
core   0: 0x8000a6de (0x340dadf3) csrrs   s11, mscratch, s11
core   0: 3 0x8000a6de (0x340dadf3) x27 0xf8021dff c832_mscratch 0xf8021dff
core   0: 0x8000a6e2 (0x00000001) c.nop
core   0: 3 0x8000a6e2 (0x0001)
core   0: 0x8000a6e4 (0x00421533) sll     a0, tp, tp
core   0: 3 0x8000a6e4 (0x00421533) x10 0x00000002
core   0: 0x8000a6e8 (0x01378e63) beq     a5, s3, pc + 28
core   0: 3 0x8000a6e8 (0x01378e63)
core   0: 0x8000a6ec (0x34003573) csrrc   a0, mscratch, zero
core   0: 3 0x8000a6ec (0x34003573) x10 0xf8021dff
core   0: 0x8000a6f0 (0x403cd793) srai    a5, s9, 3
core   0: 3 0x8000a6f0 (0x403cd793) x15 0xf0004b9c
core   0: 0x8000a6f4 (0x000067fd) c.lui   a5, 0x1f
core   0: 3 0x8000a6f4 (0x67fd) x15 0x0001f000
core   0: 0x8000a6f6 (0x01d220b3) slt     ra, tp, t4
core   0: 3 0x8000a6f6 (0x01d220b3) x1  0x00000000
core   0: 0x8000a6fa (0xc5aaf713) andi    a4, s5, -934
core   0: 3 0x8000a6fa (0xc5aaf713) x14 0x0000001a
core   0: 0x8000a6fe (0x03c63b33) mulhu   s6, a2, t3
core   0: 3 0x8000a6fe (0x03c63b33) x22 0x00000000
core   0: 0x8000a702 (0x00004d79) c.li    s10, 30
core   0: 3 0x8000a702 (0x4d79) x26 0x0000001e
core   0: 0x8000a704 (0x0264e863) bltu    s1, t1, pc + 48
core   0: 3 0x8000a704 (0x0264e863)
core   0: 0x8000a734 (0x418ede13) srai    t3, t4, 24
core   0: 3 0x8000a734 (0x418ede13) x28 0x00000000
core   0: 0x8000a738 (0x25e44393) xori    t2, s0, 606
core   0: 3 0x8000a738 (0x25e44393) x7  0xc8a4125e
core   0: 0x8000a73c (0x01c081b3) add     gp, ra, t3
core   0: 3 0x8000a73c (0x01c081b3) x3  0x00000000
core   0: 0x8000a740 (0x03ab2633) mulhsu  a2, s6, s10
core   0: 3 0x8000a740 (0x03ab2633) x12 0x00000000
core   0: 0x8000a744 (0x02ac87b3) mul     a5, s9, a0
core   0: 3 0x8000a744 (0x02ac87b3) x15 0x60a85b1c
core   0: 0x8000a748 (0x0352a533) mulhsu  a0, t0, s5
core   0: 3 0x8000a748 (0x0352a533) x10 0x00000000
core   0: 0x8000a74c (0x03246db3) rem     s11, s0, s2
core   0: 3 0x8000a74c (0x03246db3) x27 0xfffffcc8
core   0: 0x8000a750 (0x01496663) bltu    s2, s4, pc + 12
core   0: 3 0x8000a750 (0x01496663)
core   0: 0x8000a754 (0x3405e4f3) csrrsi  s1, mscratch, 11
core   0: 3 0x8000a754 (0x3405e4f3) x9  0xf8021dff c832_mscratch 0xf8021dff
core   0: 0x8000a758 (0xa4d82513) slti    a0, a6, -1459
core   0: 3 0x8000a758 (0xa4d82513) x10 0x00000000
core   0: 0x8000a75c (0x4a9d0eb7) lui     t4, 0x4a9d0
core   0: 3 0x8000a75c (0x4a9d0eb7) x29 0x4a9d0000
core   0: 0x8000a760 (0x00083f33) sltu    t5, a6, zero
core   0: 3 0x8000a760 (0x00083f33) x30 0x00000000
core   0: 0x8000a764 (0x000081b2) c.mv    gp, a2
core   0: 3 0x8000a764 (0x81b2) x3  0x00000000
core   0: 0x8000a766 (0x0104ee33) or      t3, s1, a6
core   0: 3 0x8000a766 (0x0104ee33) x28 0xf8021dff
core   0: 0x8000a76a (0x418c08b3) sub     a7, s8, s8
core   0: 3 0x8000a76a (0x418c08b3) x17 0x00000000
core   0: 0x8000a76e (0x027e9f33) mulh    t5, t4, t2
core   0: 3 0x8000a76e (0x027e9f33) x30 0xefdd79ee
core   0: 0x8000a772 (0x34013e73) csrrc   t3, mscratch, sp
core   0: 3 0x8000a772 (0x34013e73) x28 0xf8021dff c832_mscratch 0x9002001f
core   0: 0x8000a776 (0x00008c39) c.xor   s0, a4
core   0: 3 0x8000a776 (0x8c39) x8  0xc8a4101a
core   0: 0x8000a778 (0x01456e63) bltu    a0, s4, pc + 28
core   0: 3 0x8000a778 (0x01456e63)
core   0: 0x8000a77c (0x036cff63) bgeu    s9, s6, pc + 62
core   0: 3 0x8000a77c (0x036cff63)
core   0: 0x8000a7ba (0x00008e4d) c.or    a2, a1
core   0: 3 0x8000a7ba (0x8e4d) x12 0x08002208
core   0: 0x8000a7bc (0x02a8dd33) divu    s10, a7, a0
core   0: 3 0x8000a7bc (0x02a8dd33) x26 0xffffffff
core   0: 0x8000a7c0 (0x03aa0833) mul     a6, s4, s10
core   0: 3 0x8000a7c0 (0x03aa0833) x16 0x00000000
core   0: 0x8000a7c4 (0x00001008) c.addi4spn a0, sp, 32
core   0: 3 0x8000a7c4 (0x1008) x10 0x6b8a0000
core   0: 0x8000a7c6 (0x34002973) csrr    s2, mscratch
core   0: 3 0x8000a7c6 (0x34002973) x18 0x9002001f
core   0: 0x8000a7ca (0x016ed7b3) srl     a5, t4, s6
core   0: 3 0x8000a7ca (0x016ed7b3) x15 0x4a9d0000
core   0: 0x8000a7ce (0x4f8cea13) ori     s4, s9, 1272
core   0: 3 0x8000a7ce (0x4f8cea13) x20 0x80025cfc
core   0: 0x8000a7d2 (0x00044133) xor     sp, s0, zero
core   0: 3 0x8000a7d2 (0x00044133) x2  0xc8a4101a
core   0: 0x8000a7d6 (0x00008d29) c.xor   a0, a0
core   0: 3 0x8000a7d6 (0x8d29) x10 0x00000000
core   0: 0x8000a7d8 (0x000082f9) c.srli  a3, 30
core   0: 3 0x8000a7d8 (0x82f9) x13 0x00000002
core   0: 0x8000a7da (0x3405f173) csrrci  sp, mscratch, 11
core   0: 3 0x8000a7da (0x3405f173) x2  0x9002001f c832_mscratch 0x90020014
core   0: 0x8000a7de (0x0ff0000f) fence   iorw,iorw
core   0: 3 0x8000a7de (0x0ff0000f)
core   0: 0x8000a7e2 (0x00000eb2) c.slli  t4, 12
core   0: 3 0x8000a7e2 (0x0eb2) x29 0xd0000000
core   0: 0x8000a7e4 (0x0000e0b9) c.bnez  s1, pc + 70
core   0: 3 0x8000a7e4 (0xe0b9)
core   0: 0x8000a82a (0x0000100f) fence.i
core   0: 3 0x8000a82a (0x0000100f)
core   0: 0x8000a82e (0x000002ce) c.slli  t0, 19
core   0: 3 0x8000a82e (0x02ce) x5  0x00000000
core   0: 0x8000a830 (0x02771a63) bne     a4, t2, pc + 52
core   0: 3 0x8000a830 (0x02771a63)
core   0: 0x8000a864 (0x34095b73) csrrwi  s6, mscratch, 18
core   0: 3 0x8000a864 (0x34095b73) x22 0x90020014 c832_mscratch 0x00000012
core   0: 0x8000a868 (0x0274c4b3) div     s1, s1, t2
core   0: 3 0x8000a868 (0x0274c4b3) x9  0x00000000
core   0: 0x8000a86c (0x00000001) c.nop
core   0: 3 0x8000a86c (0x0001)
core   0: 0x8000a86e (0x00000001) c.nop
core   0: 3 0x8000a86e (0x0001)
core   0: 0x8000a870 (0x0000610d) c.addi16sp sp, 160
core   0: 3 0x8000a870 (0x610d) x2  0x900200bf
core   0: 0x8000a872 (0x00009d6e) c.add   s10, s11
core   0: 3 0x8000a872 (0x9d6e) x26 0xfffffcc7
core   0: 0x8000a874 (0x03c73133) mulhu   sp, a4, t3
core   0: 3 0x8000a874 (0x03c73133) x2  0x00000019
core   0: 0x8000a878 (0x412b01b3) sub     gp, s6, s2
core   0: 3 0x8000a878 (0x412b01b3) x3  0xfffffff5
core   0: 0x8000a87c (0x0000e781) c.bnez  a5, pc + 8
core   0: 3 0x8000a87c (0xe781)
core   0: 0x8000a884 (0x00c94933) xor     s2, s2, a2
core   0: 3 0x8000a884 (0x00c94933) x18 0x98022217
core   0: 0x8000a888 (0x0000100f) fence.i
core   0: 3 0x8000a888 (0x0000100f)
core   0: 0x8000a88c (0x00008fe1) c.and   a5, s0
core   0: 3 0x8000a88c (0x8fe1) x15 0x48840000
core   0: 0x8000a88e (0x0ff0000f) fence   iorw,iorw
core   0: 3 0x8000a88e (0x0ff0000f)
core   0: 0x8000a892 (0x0188b733) sltu    a4, a7, s8
core   0: 3 0x8000a892 (0x0188b733) x14 0x00000001
core   0: 0x8000a896 (0x92d08613) addi    a2, ra, -1747
core   0: 3 0x8000a896 (0x92d08613) x12 0xfffff92d
core   0: 0x8000a89a (0x0000717d) c.addi16sp sp, -16
core   0: 3 0x8000a89a (0x717d) x2  0x00000009
core   0: 0x8000a89c (0x34003873) csrrc   a6, mscratch, zero
core   0: 3 0x8000a89c (0x34003873) x16 0x00000012
core   0: 0x8000a8a0 (0x010c6733) or      a4, s8, a6
core   0: 3 0x8000a8a0 (0x010c6733) x14 0xf8021dff
core   0: 0x8000a8a4 (0x01425b33) srl     s6, tp, s4
core   0: 3 0x8000a8a4 (0x01425b33) x22 0x00000000
core   0: 0x8000a8a8 (0x41b9a313) slti    t1, s3, 1051
core   0: 3 0x8000a8a8 (0x41b9a313) x6  0x00000001
core   0: 0x8000a8ac (0x344a4b13) xori    s6, s4, 836
core   0: 3 0x8000a8ac (0x344a4b13) x22 0x80025fb8
core   0: 0x8000a8b0 (0x02a40e33) mul     t3, s0, a0
core   0: 3 0x8000a8b0 (0x02a40e33) x28 0x00000000
core   0: 0x8000a8b4 (0x00008fd5) c.or    a5, a3
core   0: 3 0x8000a8b4 (0x8fd5) x15 0x48840002
core   0: 0x8000a8b6 (0x40425eb3) sra     t4, tp, tp
core   0: 3 0x8000a8b6 (0x40425eb3) x29 0x00000000
core   0: 0x8000a8ba (0x01eef563) bgeu    t4, t5, pc + 10
core   0: 3 0x8000a8ba (0x01eef563)
core   0: 0x8000a8be (0x0000137d) c.addi  t1, -1
core   0: 3 0x8000a8be (0x137d) x6  0x00000000
core   0: 0x8000a8c0 (0x000093be) c.add   t2, a5
core   0: 3 0x8000a8c0 (0x93be) x7  0x11281260
core   0: 0x8000a8c2 (0x00000001) c.nop
core   0: 3 0x8000a8c2 (0x0001)
core   0: 0x8000a8c4 (0x043d9263) bne     s11, gp, pc + 68
core   0: 3 0x8000a8c4 (0x043d9263)
core   0: 0x8000a908 (0x03607533) remu    a0, zero, s6
core   0: 3 0x8000a908 (0x03607533) x10 0x00000000
core   0: 0x8000a90c (0x0000841e) c.mv    s0, t2
core   0: 3 0x8000a90c (0x841e) x8  0x11281260
core   0: 0x8000a90e (0xb4a82d13) slti    s10, a6, -1206
core   0: 3 0x8000a90e (0xb4a82d13) x26 0x00000000
core   0: 0x8000a912 (0x00008b61) c.andi  a4, 24
core   0: 3 0x8000a912 (0x8b61) x14 0x00000018
core   0: 0x8000a914 (0x3405b773) csrrc   a4, mscratch, a1
core   0: 3 0x8000a914 (0x3405b773) x14 0x00000012 c832_mscratch 0x00000012
core   0: 0x8000a918 (0x0000100f) fence.i
core   0: 3 0x8000a918 (0x0000100f)
core   0: 0x8000a91c (0xcc220113) addi    sp, tp, -830
core   0: 3 0x8000a91c (0xcc220113) x2  0xfffffcc3
core   0: 0x8000a920 (0x00ce7533) and     a0, t3, a2
core   0: 3 0x8000a920 (0x00ce7533) x10 0x00000000
core   0: 0x8000a924 (0x0000cf15) c.beqz  a4, pc + 60
core   0: 3 0x8000a924 (0xcf15)
core   0: 0x8000a926 (0x029f1f63) bne     t5, s1, pc + 62
core   0: 3 0x8000a926 (0x029f1f63)
core   0: 0x8000a964 (0x00000836) c.slli  a6, 13
core   0: 3 0x8000a964 (0x0836) x16 0x00024000
core   0: 0x8000a966 (0x00008dc5) c.or    a1, s1
core   0: 3 0x8000a966 (0x8dc5) x11 0x08002208
core   0: 0x8000a968 (0x03d88a33) mul     s4, a7, t4
core   0: 3 0x8000a968 (0x03d88a33) x20 0x00000000
core   0: 0x8000a96c (0x0000117d) c.addi  sp, -1
core   0: 3 0x8000a96c (0x117d) x2  0xfffffcc2
core   0: 0x8000a96e (0x00f2ba33) sltu    s4, t0, a5
core   0: 3 0x8000a96e (0x00f2ba33) x20 0x00000001
core   0: 0x8000a972 (0x00008ead) c.xor   a3, a1
core   0: 3 0x8000a972 (0x8ead) x13 0x0800220a
core   0: 0x8000a974 (0x024602b3) mul     t0, a2, tp
core   0: 3 0x8000a974 (0x024602b3) x5  0xfffff92d
core   0: 0x8000a978 (0x00aced33) or      s10, s9, a0
core   0: 3 0x8000a978 (0x00aced33) x26 0x80025ce4
core   0: 0x8000a97c (0x41628033) sub     zero, t0, s6
core   0: 3 0x8000a97c (0x41628033)
core   0: 0x8000a980 (0x00000eaa) c.slli  t4, 10
core   0: 3 0x8000a980 (0x0eaa) x29 0x00000000
core   0: 0x8000a982 (0x00008ed9) c.or    a3, a4
core   0: 3 0x8000a982 (0x8ed9) x13 0x0800221a
core   0: 0x8000a984 (0x01589833) sll     a6, a7, s5
core   0: 3 0x8000a984 (0x01589833) x16 0x00000000
core   0: 0x8000a988 (0x340f5b73) csrrwi  s6, mscratch, 30
core   0: 3 0x8000a988 (0x340f5b73) x22 0x00000012 c832_mscratch 0x0000001e
core   0: 0x8000a98c (0x340020f3) csrr    ra, mscratch
core   0: 3 0x8000a98c (0x340020f3) x1  0x0000001e
core   0: 0x8000a990 (0x00008a72) c.mv    s4, t3
core   0: 3 0x8000a990 (0x8a72) x20 0x00000000
core   0: 0x8000a992 (0x03137b33) remu    s6, t1, a7
core   0: 3 0x8000a992 (0x03137b33) x22 0x00000000
core   0: 0x8000a996 (0xb038b693) sltiu   a3, a7, -1277
core   0: 3 0x8000a996 (0xb038b693) x13 0x00000001
core   0: 0x8000a99a (0x34002373) csrr    t1, mscratch
core   0: 3 0x8000a99a (0x34002373) x6  0x0000001e
core   0: 0x8000a99e (0x3408fd73) csrrci  s10, mscratch, 17
core   0: 3 0x8000a99e (0x3408fd73) x26 0x0000001e c832_mscratch 0x0000000e
core   0: 0x8000a9a2 (0x03829a63) bne     t0, s8, pc + 52
core   0: 3 0x8000a9a2 (0x03829a63)
core   0: 0x8000a9d6 (0x0307ea33) rem     s4, a5, a6
core   0: 3 0x8000a9d6 (0x0307ea33) x20 0x48840002
core   0: 0x8000a9da (0x0182c863) blt     t0, s8, pc + 16
core   0: 3 0x8000a9da (0x0182c863)
core   0: 0x8000a9de (0x0000c791) c.beqz  a5, pc + 12
core   0: 3 0x8000a9de (0xc791)
core   0: 0x8000a9e0 (0x0000100f) fence.i
core   0: 3 0x8000a9e0 (0x0000100f)
core   0: 0x8000a9e4 (0x02b70b63) beq     a4, a1, pc + 54
core   0: 3 0x8000a9e4 (0x02b70b63)
core   0: 0x8000a9e8 (0x00004f51) c.li    t5, 20
core   0: 3 0x8000a9e8 (0x4f51) x30 0x00000014
core   0: 0x8000a9ea (0x03f89e63) bne     a7, t6, pc + 60
core   0: 3 0x8000a9ea (0x03f89e63)
core   0: 0x8000aa26 (0x05222c13) slti    s8, tp, 82
core   0: 3 0x8000aa26 (0x05222c13) x24 0x00000001
core   0: 0x8000aa2a (0x02b76f63) bltu    a4, a1, pc + 62
core   0: 3 0x8000aa2a (0x02b76f63)
core   0: 0x8000aa68 (0x00008dcd) c.or    a1, a1
core   0: 3 0x8000aa68 (0x8dcd) x11 0x08002208
core   0: 0x8000aa6a (0x58c5a113) slti    sp, a1, 1420
core   0: 3 0x8000aa6a (0x58c5a113) x2  0x00000000
core   0: 0x8000aa6e (0x020a88b3) mul     a7, s5, zero
core   0: 3 0x8000aa6e (0x020a88b3) x17 0x00000000
core   0: 0x8000aa72 (0x00d3b6b3) sltu    a3, t2, a3
core   0: 3 0x8000aa72 (0x00d3b6b3) x13 0x00000000
core   0: 0x8000aa76 (0x03c96433) rem     s0, s2, t3
core   0: 3 0x8000aa76 (0x03c96433) x8  0x98022217
core   0: 0x8000aa7a (0x00801f33) sll     t5, zero, s0
core   0: 3 0x8000aa7a (0x00801f33) x30 0x00000000
core   0: 0x8000aa7e (0x00000e09) c.addi  t3, 2
core   0: 3 0x8000aa7e (0x0e09) x28 0x00000002
core   0: 0x8000aa80 (0x0000ec89) c.bnez  s1, pc + 26
core   0: 3 0x8000aa80 (0xec89)
core   0: 0x8000aa82 (0x03ba30b3) mulhu   ra, s4, s11
core   0: 3 0x8000aa82 (0x03ba30b3) x1  0x4883ff18
core   0: 0x8000aa86 (0x0098c733) xor     a4, a7, s1
core   0: 3 0x8000aa86 (0x0098c733) x14 0x00000000
core   0: 0x8000aa8a (0x02baa5b3) mulhsu  a1, s5, a1
core   0: 3 0x8000aa8a (0x02baa5b3) x11 0x00000000
core   0: 0x8000aa8e (0x00678e63) beq     a5, t1, pc + 28
core   0: 3 0x8000aa8e (0x00678e63)
core   0: 0x8000aa92 (0x34007773) csrrci  a4, mscratch, 0
core   0: 3 0x8000aa92 (0x34007773) x14 0x0000000e
core   0: 0x8000aa96 (0x00c59f13) slli    t5, a1, 12
core   0: 3 0x8000aa96 (0x00c59f13) x30 0x00000000
core   0: 0x8000aa9a (0x40fc8433) sub     s0, s9, a5
core   0: 3 0x8000aa9a (0x40fc8433) x8  0x377e5ce2
core   0: 0x8000aa9e (0x402b5913) srai    s2, s6, 2
core   0: 3 0x8000aa9e (0x402b5913) x18 0x00000000
core   0: 0x8000aaa2 (0x034f73b3) remu    t2, t5, s4
core   0: 3 0x8000aaa2 (0x034f73b3) x7  0x00000000
core   0: 0x8000aaa6 (0x340cf7f3) csrrci  a5, mscratch, 25
core   0: 3 0x8000aaa6 (0x340cf7f3) x15 0x0000000e c832_mscratch 0x00000006
core   0: 0x8000aaaa (0x3c033613) sltiu   a2, t1, 960
core   0: 3 0x8000aaaa (0x3c033613) x12 0x00000001
core   0: 0x8000aaae (0x41ac8a33) sub     s4, s9, s10
core   0: 3 0x8000aaae (0x41ac8a33) x20 0x80025cc6
core   0: 0x8000aab2 (0x340ea3f3) csrrs   t2, mscratch, t4
core   0: 3 0x8000aab2 (0x340ea3f3) x7  0x00000006 c832_mscratch 0x00000006
core   0: 0x8000aab6 (0x00facc33) xor     s8, s5, a5
core   0: 3 0x8000aab6 (0x00facc33) x24 0x00000010
core   0: 0x8000aaba (0x00000001) c.nop
core   0: 3 0x8000aaba (0x0001)
core   0: 0x8000aabc (0x34061373) csrrw   t1, mscratch, a2
core   0: 3 0x8000aabc (0x34061373) x6  0x00000006 c832_mscratch 0x00000001
core   0: 0x8000aac0 (0x406c8bb3) sub     s7, s9, t1
core   0: 3 0x8000aac0 (0x406c8bb3) x23 0x80025cde
core   0: 0x8000aac4 (0x00001680) c.addi4spn s0, sp, 864
core   0: 3 0x8000aac4 (0x1680) x8  0x00000360
core   0: 0x8000aac6 (0x03f55733) divu    a4, a0, t6
core   0: 3 0x8000aac6 (0x03f55733) x14 0x00000000
core   0: 0x8000aaca (0x00008096) c.mv    ra, t0
core   0: 3 0x8000aaca (0x8096) x1  0xfffff92d
core   0: 0x8000aacc (0x00137c33) and     s8, t1, ra
core   0: 3 0x8000aacc (0x00137c33) x24 0x00000004
core   0: 0x8000aad0 (0x000092ae) c.add   t0, a1
core   0: 3 0x8000aad0 (0x92ae) x5  0xfffff92d
core   0: 0x8000aad2 (0x01fe4133) xor     sp, t3, t6
core   0: 3 0x8000aad2 (0x01fe4133) x2  0x00000009
core   0: 0x8000aad6 (0x00008dad) c.xor   a1, a1
core   0: 3 0x8000aad6 (0x8dad) x11 0x00000000
core   0: 0x8000aad8 (0x03b021b3) mulhsu  gp, zero, s11
core   0: 3 0x8000aad8 (0x03b021b3) x3  0x00000000
core   0: 0x8000aadc (0x4013d293) srai    t0, t2, 1
core   0: 3 0x8000aadc (0x4013d293) x5  0x00000003
core   0: 0x8000aae0 (0x0033af33) slt     t5, t2, gp
core   0: 3 0x8000aae0 (0x0033af33) x30 0x00000000
core   0: 0x8000aae4 (0x0000717d) c.addi16sp sp, -16
core   0: 3 0x8000aae4 (0x717d) x2  0xfffffff9
core   0: 0x8000aae6 (0x00008b5d) c.andi  a4, 23
core   0: 3 0x8000aae6 (0x8b5d) x14 0x00000000
core   0: 0x8000aae8 (0xa23db0b7) lui     ra, 0xa23db
core   0: 3 0x8000aae8 (0xa23db0b7) x1  0xa23db000
core   0: 0x8000aaec (0x02922933) mulhsu  s2, tp, s1
core   0: 3 0x8000aaec (0x02922933) x18 0x00000000
core   0: 0x8000aaf0 (0x0000178c) c.addi4spn a1, sp, 992
core   0: 3 0x8000aaf0 (0x178c) x11 0x000003d9
core   0: 0x8000aaf2 (0x34e42e93) slti    t4, s0, 846
core   0: 3 0x8000aaf2 (0x34e42e93) x29 0x00000000
core   0: 0x8000aaf6 (0x00e1d313) srli    t1, gp, 14
core   0: 3 0x8000aaf6 (0x00e1d313) x6  0x00000000
core   0: 0x8000aafa (0x508d8417) auipc   s0, 0x508d8
core   0: 3 0x8000aafa (0x508d8417) x8  0xd08e2afa
core   0: 0x8000aafe (0x34006bf3) csrrsi  s7, mscratch, 0
core   0: 3 0x8000aafe (0x34006bf3) x23 0x00000001
core   0: 0x8000ab02 (0x014a8663) beq     s5, s4, pc + 12
core   0: 3 0x8000ab02 (0x014a8663)
core   0: 0x8000ab06 (0x0293fa33) remu    s4, t2, s1
core   0: 3 0x8000ab06 (0x0293fa33) x20 0x00000006
core   0: 0x8000ab0a (0x01148b63) beq     s1, a7, pc + 22
core   0: 3 0x8000ab0a (0x01148b63)
core   0: 0x8000ab20 (0x34056bf3) csrrsi  s7, mscratch, 10
core   0: 3 0x8000ab20 (0x34056bf3) x23 0x00000001 c832_mscratch 0x0000000b
core   0: 0x8000ab24 (0x000082f9) c.srli  a3, 30
core   0: 3 0x8000ab24 (0x82f9) x13 0x00000000
core   0: 0x8000ab26 (0xa5e3bbb7) lui     s7, 0xa5e3b
core   0: 3 0x8000ab26 (0xa5e3bbb7) x23 0xa5e3b000
core   0: 0x8000ab2a (0x1ded8b97) auipc   s7, 0x1ded8
core   0: 3 0x8000ab2a (0x1ded8b97) x23 0x9dee2b2a
core   0: 0x8000ab2e (0x04840063) beq     s0, s0, pc + 64
core   0: 3 0x8000ab2e (0x04840063)
core   0: 0x8000ab6e (0x00008fe5) c.and   a5, s1
core   0: 3 0x8000ab6e (0x8fe5) x15 0x00000000
core   0: 0x8000ab70 (0x000083ad) c.srli  a5, 11
core   0: 3 0x8000ab70 (0x83ad) x15 0x00000000
core   0: 0x8000ab72 (0x00000e1c) c.addi4spn a5, sp, 784
core   0: 3 0x8000ab72 (0x0e1c) x15 0x00000309
core   0: 0x8000ab74 (0x405c07b3) sub     a5, s8, t0
core   0: 3 0x8000ab74 (0x405c07b3) x15 0x00000001
core   0: 0x8000ab78 (0x04835917) auipc   s2, 0x4835
core   0: 3 0x8000ab78 (0x04835917) x18 0x8483fb78
core   0: 0x8000ab7c (0x340cedf3) csrrsi  s11, mscratch, 25
core   0: 3 0x8000ab7c (0x340cedf3) x27 0x0000000b c832_mscratch 0x0000001b
core   0: 0x8000ab80 (0x012e6733) or      a4, t3, s2
core   0: 3 0x8000ab80 (0x012e6733) x14 0x8483fb7a
core   0: 0x8000ab84 (0x414c0eb3) sub     t4, s8, s4
core   0: 3 0x8000ab84 (0x414c0eb3) x29 0xfffffffe
core   0: 0x8000ab88 (0x03f786b3) mul     a3, a5, t6
core   0: 3 0x8000ab88 (0x03f786b3) x13 0x0000000b
core   0: 0x8000ab8c (0x00521563) bne     tp, t0, pc + 10
core   0: 3 0x8000ab8c (0x00521563)
core   0: 0x8000ab96 (0x00009936) c.add   s2, a3
core   0: 3 0x8000ab96 (0x9936) x18 0x8483fb83
core   0: 0x8000ab98 (0x340e3673) csrrc   a2, mscratch, t3
core   0: 3 0x8000ab98 (0x340e3673) x12 0x0000001b c832_mscratch 0x00000019
core   0: 0x8000ab9c (0x3401ed73) csrrsi  s10, mscratch, 3
core   0: 3 0x8000ab9c (0x3401ed73) x26 0x00000019 c832_mscratch 0x0000001b
core   0: 0x8000aba0 (0x0000027d) c.addi  tp, 31
core   0: 3 0x8000aba0 (0x027d) x4  0x00000020
core   0: 0x8000aba2 (0x01040263) beq     s0, a6, pc + 4
core   0: 3 0x8000aba2 (0x01040263)
core   0: 0x8000aba6 (0x017554b3) srl     s1, a0, s7
core   0: 3 0x8000aba6 (0x017554b3) x9  0x00000000
core   0: 0x8000abaa (0x34022a73) csrrs   s4, mscratch, tp
core   0: 3 0x8000abaa (0x34022a73) x20 0x0000001b c832_mscratch 0x0000003b
core   0: 0x8000abae (0x414b8033) sub     zero, s7, s4
core   0: 3 0x8000abae (0x414b8033)
core   0: 0x8000abb2 (0xba392313) slti    t1, s2, -1117
core   0: 3 0x8000abb2 (0xba392313) x6  0x00000001
core   0: 0x8000abb6 (0x00009bfa) c.add   s7, t5
core   0: 3 0x8000abb6 (0x9bfa) x23 0x9dee2b2a
core   0: 0x8000abb8 (0x01e90763) beq     s2, t5, pc + 14
core   0: 3 0x8000abb8 (0x01e90763)
core   0: 0x8000abbc (0x00a78d33) add     s10, a5, a0
core   0: 3 0x8000abbc (0x00a78d33) x26 0x00000001
core   0: 0x8000abc0 (0x000086bd) c.srai  a3, 15
core   0: 3 0x8000abc0 (0x86bd) x13 0x00000000
core   0: 0x8000abc2 (0x38e91e97) auipc   t4, 0x38e91
core   0: 3 0x8000abc2 (0x38e91e97) x29 0xb8e9bbc2
core   0: 0x8000abc6 (0x00000001) c.nop
core   0: 3 0x8000abc6 (0x0001)
core   0: 0x8000abc8 (0x3402b4f3) csrrc   s1, mscratch, t0
core   0: 3 0x8000abc8 (0x3402b4f3) x9  0x0000003b c832_mscratch 0x00000038
core   0: 0x8000abcc (0x032e3a33) mulhu   s4, t3, s2
core   0: 3 0x8000abcc (0x032e3a33) x20 0x00000001
core   0: 0x8000abd0 (0x00008f45) c.or    a4, s1
core   0: 3 0x8000abd0 (0x8f45) x14 0x8483fb7b
core   0: 0x8000abd2 (0x010935b3) sltu    a1, s2, a6
core   0: 3 0x8000abd2 (0x010935b3) x11 0x00000000
core   0: 0x8000abd6 (0x00008b4d) c.andi  a4, 19
core   0: 3 0x8000abd6 (0x8b4d) x14 0x00000013
core   0: 0x8000abd8 (0x00e71693) slli    a3, a4, 14
core   0: 3 0x8000abd8 (0x00e71693) x13 0x0004c000
core   0: 0x8000abdc (0x00009926) c.add   s2, s1
core   0: 3 0x8000abdc (0x9926) x18 0x8483fbbe
core   0: 0x8000abde (0x0000951e) c.add   a0, t2
core   0: 3 0x8000abde (0x951e) x10 0x00000006
core   0: 0x8000abe0 (0x00008c39) c.xor   s0, a4
core   0: 3 0x8000abe0 (0x8c39) x8  0xd08e2ae9
core   0: 0x8000abe2 (0x00197e63) bgeu    s2, ra, pc + 28
core   0: 3 0x8000abe2 (0x00197e63)
core   0: 0x8000abe6 (0x05710463) beq     sp, s7, pc + 72
core   0: 3 0x8000abe6 (0x05710463)
core   0: 0x8000abea (0x00008e7d) c.and   a2, a5
core   0: 3 0x8000abea (0x8e7d) x12 0x00000001
core   0: 0x8000abec (0xf65c2713) slti    a4, s8, -155
core   0: 3 0x8000abec (0xf65c2713) x14 0x00000000
core   0: 0x8000abf0 (0x020abe33) mulhu   t3, s5, zero
core   0: 3 0x8000abf0 (0x020abe33) x28 0x00000000
core   0: 0x8000abf4 (0x000087bd) c.srai  a5, 15
core   0: 3 0x8000abf4 (0x87bd) x15 0x00000000
core   0: 0x8000abf6 (0x44f13c13) sltiu   s8, sp, 1103
core   0: 3 0x8000abf6 (0x44f13c13) x24 0x00000000
core   0: 0x8000abfa (0x4067d013) srai    zero, a5, 6
core   0: 3 0x8000abfa (0x4067d013)
core   0: 0x8000abfe (0x000000ce) c.slli  ra, 19
core   0: 3 0x8000abfe (0x00ce) x1  0x80000000
core   0: 0x8000ac00 (0x3403d6f3) csrrwi  a3, mscratch, 7
core   0: 3 0x8000ac00 (0x3403d6f3) x13 0x00000038 c832_mscratch 0x00000007
core   0: 0x8000ac04 (0x02a484b3) mul     s1, s1, a0
core   0: 3 0x8000ac04 (0x02a484b3) x9  0x00000162
core   0: 0x8000ac08 (0x9dade193) ori     gp, s11, -1574
core   0: 3 0x8000ac08 (0x9dade193) x3  0xfffff9db
core   0: 0x8000ac0c (0x0145fdb3) and     s11, a1, s4
core   0: 3 0x8000ac0c (0x0145fdb3) x27 0x00000000
core   0: 0x8000ac10 (0x0334d1b3) divu    gp, s1, s3
core   0: 3 0x8000ac10 (0x0334d1b3) x3  0x00000000
core   0: 0x8000ac14 (0x34007773) csrrci  a4, mscratch, 0
core   0: 3 0x8000ac14 (0x34007773) x14 0x00000007
core   0: 0x8000ac18 (0x40fcd113) srai    sp, s9, 15
core   0: 3 0x8000ac18 (0x40fcd113) x2  0xffff0004
core   0: 0x8000ac1c (0x34003df3) csrrc   s11, mscratch, zero
core   0: 3 0x8000ac1c (0x34003df3) x27 0x00000007
core   0: 0x8000ac20 (0x00008a3e) c.mv    s4, a5
core   0: 3 0x8000ac20 (0x8a3e) x20 0x00000000
core   0: 0x8000ac22 (0x00a92bb3) slt     s7, s2, a0
core   0: 3 0x8000ac22 (0x00a92bb3) x23 0x00000001
core   0: 0x8000ac26 (0x34002d73) csrr    s10, mscratch
core   0: 3 0x8000ac26 (0x34002d73) x26 0x00000007
core   0: 0x8000ac2a (0x85bb3eb7) lui     t4, 0x85bb3
core   0: 3 0x8000ac2a (0x85bb3eb7) x29 0x85bb3000
core   0: 0x8000ac2e (0x03dd6033) rem     zero, s10, t4
core   0: 3 0x8000ac2e (0x03dd6033)
core   0: 0x8000ac32 (0x340f2873) csrrs   a6, mscratch, t5
core   0: 3 0x8000ac32 (0x340f2873) x16 0x00000007 c832_mscratch 0x00000007
core   0: 0x8000ac36 (0x01a0c763) blt     ra, s10, pc + 14
core   0: 3 0x8000ac36 (0x01a0c763)
core   0: 0x8000ac44 (0x293f6213) ori     tp, t5, 659
core   0: 3 0x8000ac44 (0x293f6213) x4  0x00000293
core   0: 0x8000ac48 (0x03d5d2b3) divu    t0, a1, t4
core   0: 3 0x8000ac48 (0x03d5d2b3) x5  0x00000000
core   0: 0x8000ac4c (0x05cd1063) bne     s10, t3, pc + 64
core   0: 3 0x8000ac4c (0x05cd1063)
core   0: 0x8000ac8c (0x00008ff9) c.and   a5, a4
core   0: 3 0x8000ac8c (0x8ff9) x15 0x00000000
core   0: 0x8000ac8e (0x022cbdb3) mulhu   s11, s9, sp
core   0: 3 0x8000ac8e (0x022cbdb3) x27 0x8001dce3
core   0: 0x8000ac92 (0x00008ea1) c.xor   a3, s0
core   0: 3 0x8000ac92 (0x8ea1) x13 0xd08e2ad1
core   0: 0x8000ac94 (0x34075473) csrrwi  s0, mscratch, 14
core   0: 3 0x8000ac94 (0x34075473) x8  0x00000007 c832_mscratch 0x0000000e
core   0: 0x8000ac98 (0x00c49333) sll     t1, s1, a2
core   0: 3 0x8000ac98 (0x00c49333) x6  0x000002c4
core   0: 0x8000ac9c (0x00008ec9) c.or    a3, a0
core   0: 3 0x8000ac9c (0x8ec9) x13 0xd08e2ad7
core   0: 0x8000ac9e (0x0314d133) divu    sp, s1, a7
core   0: 3 0x8000ac9e (0x0314d133) x2  0xffffffff
core   0: 0x8000aca2 (0x0000187d) c.addi  a6, -1
core   0: 3 0x8000aca2 (0x187d) x16 0x00000006
core   0: 0x8000aca4 (0x40055493) srai    s1, a0, 0
core   0: 3 0x8000aca4 (0x40055493) x9  0x00000006
core   0: 0x8000aca8 (0x00000001) c.nop
core   0: 3 0x8000aca8 (0x0001)
core   0: 0x8000acaa (0x000080dd) c.srli  s1, 23
core   0: 3 0x8000acaa (0x80dd) x9  0x00000000
core   0: 0x8000acac (0x00008fa1) c.xor   a5, s0
core   0: 3 0x8000acac (0x8fa1) x15 0x00000007
core   0: 0x8000acae (0x036b5f63) bge     s6, s6, pc + 62
core   0: 3 0x8000acae (0x036b5f63)
core   0: 0x8000acec (0x01704e63) blt     zero, s7, pc + 28
core   0: 3 0x8000acec (0x01704e63)
core   0: 0x8000ad08 (0x340d56f3) csrrwi  a3, mscratch, 26
core   0: 3 0x8000ad08 (0x340d56f3) x13 0x0000000e c832_mscratch 0x0000001a
core   0: 0x8000ad0c (0x340074f3) csrrci  s1, mscratch, 0
core   0: 3 0x8000ad0c (0x340074f3) x9  0x0000001a
core   0: 0x8000ad10 (0x340ee573) csrrsi  a0, mscratch, 29
core   0: 3 0x8000ad10 (0x340ee573) x10 0x0000001a c832_mscratch 0x0000001f
core   0: 0x8000ad14 (0x00000001) c.nop
core   0: 3 0x8000ad14 (0x0001)
core   0: 0x8000ad16 (0x05f77263) bgeu    a4, t6, pc + 68
core   0: 3 0x8000ad16 (0x05f77263)
core   0: 0x8000ad1a (0x010dc3b3) xor     t2, s11, a6
core   0: 3 0x8000ad1a (0x010dc3b3) x7  0x8001dce5
core   0: 0x8000ad1e (0x006c1863) bne     s8, t1, pc + 16
core   0: 3 0x8000ad1e (0x006c1863)
core   0: 0x8000ad2e (0xf5327493) andi    s1, tp, -173
core   0: 3 0x8000ad2e (0xf5327493) x9  0x00000213
core   0: 0x8000ad32 (0x28883213) sltiu   tp, a6, 648
core   0: 3 0x8000ad32 (0x28883213) x4  0x00000001
core   0: 0x8000ad36 (0x00000001) c.nop
core   0: 3 0x8000ad36 (0x0001)
core   0: 0x8000ad38 (0x4b877037) lui     zero, 0x4b877
core   0: 3 0x8000ad38 (0x4b877037)
core   0: 0x8000ad3c (0x38f88513) addi    a0, a7, 911
core   0: 3 0x8000ad3c (0x38f88513) x10 0x0000038f
core   0: 0x8000ad40 (0x000081c9) c.srli  a1, 18
core   0: 3 0x8000ad40 (0x81c9) x11 0x00000000
core   0: 0x8000ad42 (0x0000c1b1) c.beqz  a1, pc + 68
core   0: 3 0x8000ad42 (0xc1b1)
core   0: 0x8000ad86 (0x01b85213) srli    tp, a6, 27
core   0: 3 0x8000ad86 (0x01b85213) x4  0x00000000
core   0: 0x8000ad8a (0x05ff1163) bne     t5, t6, pc + 66
core   0: 3 0x8000ad8a (0x05ff1163)
core   0: 0x8000adcc (0x0168f263) bgeu    a7, s6, pc + 4
core   0: 3 0x8000adcc (0x0168f263)
core   0: 0x8000add0 (0x00f8d493) srli    s1, a7, 15
core   0: 3 0x8000add0 (0x00f8d493) x9  0x00000000
core   0: 0x8000add4 (0x000087b1) c.srai  a5, 12
core   0: 3 0x8000add4 (0x87b1) x15 0x00000000
core   0: 0x8000add6 (0x34006873) csrrsi  a6, mscratch, 0
core   0: 3 0x8000add6 (0x34006873) x16 0x0000001f
core   0: 0x8000adda (0x410706b3) sub     a3, a4, a6
core   0: 3 0x8000adda (0x410706b3) x13 0xffffffe8
core   0: 0x8000adde (0x00b946b3) xor     a3, s2, a1
core   0: 3 0x8000adde (0x00b946b3) x13 0x8483fbbe
core   0: 0x8000ade2 (0x53ef0493) addi    s1, t5, 1342
core   0: 3 0x8000ade2 (0x53ef0493) x9  0x0000053e
core   0: 0x8000ade6 (0x0000e905) c.bnez  a0, pc + 48
core   0: 3 0x8000ade6 (0xe905)
core   0: 0x8000ae16 (0x00d581b3) add     gp, a1, a3
core   0: 3 0x8000ae16 (0x00d581b3) x3  0x8483fbbe
core   0: 0x8000ae1a (0xa29ecf13) xori    t5, t4, -1495
core   0: 3 0x8000ae1a (0xa29ecf13) x30 0x7a44ca29
core   0: 0x8000ae1e (0x952ac713) xori    a4, s5, -1710
core   0: 3 0x8000ae1e (0x952ac713) x14 0xfffff94c
core   0: 0x8000ae22 (0x0000e499) c.bnez  s1, pc + 14
core   0: 3 0x8000ae22 (0xe499)
core   0: 0x8000ae30 (0x034c2333) mulhsu  t1, s8, s4
core   0: 3 0x8000ae30 (0x034c2333) x6  0x00000000
core   0: 0x8000ae34 (0x0239c7b3) div     a5, s3, gp
core   0: 3 0x8000ae34 (0x0239c7b3) x15 0x00000001
core   0: 0x8000ae38 (0x00008d45) c.or    a0, s1
core   0: 3 0x8000ae38 (0x8d45) x10 0x000007bf
core   0: 0x8000ae3a (0x00539893) slli    a7, t2, 5
core   0: 3 0x8000ae3a (0x00539893) x17 0x003b9ca0
core   0: 0x8000ae3e (0xf4fbf313) andi    t1, s7, -177
core   0: 3 0x8000ae3e (0xf4fbf313) x6  0x00000001
core   0: 0x8000ae42 (0x00008c4d) c.or    s0, a1
core   0: 3 0x8000ae42 (0x8c4d) x8  0x00000007
core   0: 0x8000ae44 (0xf07b7f13) andi    t5, s6, -249
core   0: 3 0x8000ae44 (0xf07b7f13) x30 0x00000000
core   0: 0x8000ae48 (0x03121263) bne     tp, a7, pc + 36
core   0: 3 0x8000ae48 (0x03121263)
core   0: 0x8000ae6c (0x340062f3) csrrsi  t0, mscratch, 0
core   0: 3 0x8000ae6c (0x340062f3) x5  0x0000001f
core   0: 0x8000ae70 (0x0301dd63) bge     gp, a6, pc + 58
core   0: 3 0x8000ae70 (0x0301dd63)
core   0: 0x8000ae74 (0x01ce53b3) srl     t2, t3, t3
core   0: 3 0x8000ae74 (0x01ce53b3) x7  0x00000000
core   0: 0x8000ae78 (0x340aa473) csrrs   s0, mscratch, s5
core   0: 3 0x8000ae78 (0x340aa473) x8  0x0000001f c832_mscratch 0x0000001f
core   0: 0x8000ae7c (0x031fd733) divu    a4, t6, a7
core   0: 3 0x8000ae7c (0x031fd733) x14 0x00000000
core   0: 0x8000ae80 (0x01295233) srl     tp, s2, s2
core   0: 3 0x8000ae80 (0x01295233) x4  0x00000002
core   0: 0x8000ae84 (0x0000031e) c.slli  t1, 7
core   0: 3 0x8000ae84 (0x031e) x6  0x00000080
core   0: 0x8000ae86 (0x016a38b3) sltu    a7, s4, s6
core   0: 3 0x8000ae86 (0x016a38b3) x17 0x00000000
core   0: 0x8000ae8a (0x0000987d) c.andi  s0, -1
core   0: 3 0x8000ae8a (0x987d) x8  0x0000001f
core   0: 0x8000ae8c (0x0000567d) c.li    a2, -1
core   0: 3 0x8000ae8c (0x567d) x12 0xffffffff
core   0: 0x8000ae8e (0x9ee5fb37) lui     s6, 0x9ee5f
core   0: 3 0x8000ae8e (0x9ee5fb37) x22 0x9ee5f000
core   0: 0x8000ae92 (0x00008d8d) c.sub   a1, a1
core   0: 3 0x8000ae92 (0x8d8d) x11 0x00000000
core   0: 0x8000ae94 (0x0076e763) bltu    a3, t2, pc + 14
core   0: 3 0x8000ae94 (0x0076e763)
core   0: 0x8000ae98 (0x00008c09) c.sub   s0, a0
core   0: 3 0x8000ae98 (0x8c09) x8  0xfffff860
core   0: 0x8000ae9a (0x340eff73) csrrci  t5, mscratch, 29
core   0: 3 0x8000ae9a (0x340eff73) x30 0x0000001f c832_mscratch 0x00000002
core   0: 0x8000ae9e (0x4095d393) srai    t2, a1, 9
core   0: 3 0x8000ae9e (0x4095d393) x7  0x00000000
core   0: 0x8000aea2 (0x0116fb33) and     s6, a3, a7
core   0: 3 0x8000aea2 (0x0116fb33) x22 0x00000000
core   0: 0x8000aea6 (0x0000717d) c.addi16sp sp, -16
core   0: 3 0x8000aea6 (0x717d) x2  0xffffffef
core   0: 0x8000aea8 (0x00008cb5) c.xor   s1, a3
core   0: 3 0x8000aea8 (0x8cb5) x9  0x8483fe80
core   0: 0x8000aeaa (0x0135cc63) blt     a1, s3, pc + 24
core   0: 3 0x8000aeaa (0x0135cc63)
core   0: 0x8000aeae (0x0000137d) c.addi  t1, -1
core   0: 3 0x8000aeae (0x137d) x6  0x0000007f
core   0: 0x8000aeb0 (0x000084bd) c.srai  s1, 15
core   0: 3 0x8000aeb0 (0x84bd) x9  0xffff0907
core   0: 0x8000aeb2 (0x03607c33) remu    s8, zero, s6
core   0: 3 0x8000aeb2 (0x03607c33) x24 0x00000000
core   0: 0x8000aeb6 (0x011cf0b3) and     ra, s9, a7
core   0: 3 0x8000aeb6 (0x011cf0b3) x1  0x00000000
core   0: 0x8000aeba (0x1f18b917) auipc   s2, 0x1f18b
core   0: 3 0x8000aeba (0x1f18b917) x18 0x9f195eba
core   0: 0x8000aebe (0x2ded7413) andi    s0, s10, 734
core   0: 3 0x8000aebe (0x2ded7413) x8  0x00000006
core   0: 0x8000aec2 (0xe7269d37) lui     s10, 0xe7269
core   0: 3 0x8000aec2 (0xe7269d37) x26 0xe7269000
core   0: 0x8000aec6 (0x00009afd) c.andi  a3, -1
core   0: 3 0x8000aec6 (0x9afd) x13 0x8483fbbe
core   0: 0x8000aec8 (0x001ab833) sltu    a6, s5, ra
core   0: 3 0x8000aec8 (0x001ab833) x16 0x00000000
core   0: 0x8000aecc (0x00008eea) c.mv    t4, s10
core   0: 3 0x8000aecc (0x8eea) x29 0xe7269000
core   0: 0x8000aece (0x03ed3833) mulhu   a6, s10, t5
core   0: 3 0x8000aece (0x03ed3833) x16 0x0000001b
core   0: 0x8000aed2 (0x04328263) beq     t0, gp, pc + 68
core   0: 3 0x8000aed2 (0x04328263)
core   0: 0x8000aed6 (0x0000717d) c.addi16sp sp, -16
core   0: 3 0x8000aed6 (0x717d) x2  0xffffffdf
core   0: 0x8000aed8 (0x000086c9) c.srai  a3, 18
core   0: 3 0x8000aed8 (0x86c9) x13 0xffffe120
core   0: 0x8000aeda (0x02e71a63) bne     a4, a4, pc + 52
core   0: 3 0x8000aeda (0x02e71a63)
core   0: 0x8000aede (0x00a71093) slli    ra, a4, 10
core   0: 3 0x8000aede (0x00a71093) x1  0x00000000
core   0: 0x8000aee2 (0x01bf1713) slli    a4, t5, 27
core   0: 3 0x8000aee2 (0x01bf1713) x14 0xf8000000
core   0: 0x8000aee6 (0x03dbd633) divu    a2, s7, t4
core   0: 3 0x8000aee6 (0x03dbd633) x12 0x00000000
core   0: 0x8000aeea (0x34006073) csrsi   mscratch, 0
core   0: 3 0x8000aeea (0x34006073)
core   0: 0x8000aeee (0xc2521917) auipc   s2, 0xc2521
core   0: 3 0x8000aeee (0xc2521917) x18 0x4252beee
core   0: 0x8000aef2 (0x410f56b3) sra     a3, t5, a6
core   0: 3 0x8000aef2 (0x410f56b3) x13 0x00000000
core   0: 0x8000aef6 (0x3404ba73) csrrc   s4, mscratch, s1
core   0: 3 0x8000aef6 (0x3404ba73) x20 0x00000002 c832_mscratch 0x00000000
core   0: 0x8000aefa (0x000098fa) c.add   a7, t5
core   0: 3 0x8000aefa (0x98fa) x17 0x0000001f
core   0: 0x8000aefc (0x00aaa2b3) slt     t0, s5, a0
core   0: 3 0x8000aefc (0x00aaa2b3) x5  0x00000001
core   0: 0x8000af00 (0x00008e69) c.and   a2, a0
core   0: 3 0x8000af00 (0x8e69) x12 0x00000000
core   0: 0x8000af02 (0x00008686) c.mv    a3, ra
core   0: 3 0x8000af02 (0x8686) x13 0x00000000
core   0: 0x8000af04 (0x411a83b3) sub     t2, s5, a7
core   0: 3 0x8000af04 (0x411a83b3) x7  0xffffffff
core   0: 0x8000af08 (0x0000023e) c.slli  tp, 15
core   0: 3 0x8000af08 (0x023e) x4  0x00010000
core   0: 0x8000af0a (0x03c85db3) divu    s11, a6, t3
core   0: 3 0x8000af0a (0x03c85db3) x27 0xffffffff
core   0: 0x8000af0e (0x000d01b3) add     gp, s10, zero
core   0: 3 0x8000af0e (0x000d01b3) x3  0xe7269000
core   0: 0x8000af12 (0x035cd033) divu    zero, s9, s5
core   0: 3 0x8000af12 (0x035cd033)
core   0: 0x8000af16 (0x00008e61) c.and   a2, s0
core   0: 3 0x8000af16 (0x8e61) x12 0x00000000
core   0: 0x8000af18 (0x00008ac1) c.andi  a3, 16
core   0: 3 0x8000af18 (0x8ac1) x13 0x00000000
core   0: 0x8000af1a (0x0000826d) c.srli  a2, 27
core   0: 3 0x8000af1a (0x826d) x12 0x00000000
core   0: 0x8000af1c (0x00655713) srli    a4, a0, 6
core   0: 3 0x8000af1c (0x00655713) x14 0x0000001e
core   0: 0x8000af20 (0x01a34763) blt     t1, s10, pc + 14
core   0: 3 0x8000af20 (0x01a34763)
core   0: 0x8000af24 (0x0000c499) c.beqz  s1, pc + 14
core   0: 3 0x8000af24 (0xc499)
core   0: 0x8000af26 (0x6bb0abb7) lui     s7, 0x6bb0a
core   0: 3 0x8000af26 (0x6bb0abb7) x23 0x6bb0a000
core   0: 0x8000af2a (0x0aa1a913) slti    s2, gp, 170
core   0: 3 0x8000af2a (0x0aa1a913) x18 0x00000001
core   0: 0x8000af2e (0x03586d33) rem     s10, a6, s5
core   0: 3 0x8000af2e (0x03586d33) x26 0x0000001b
core   0: 0x8000af32 (0x00000001) c.nop
core   0: 3 0x8000af32 (0x0001)
core   0: 0x8000af34 (0x00000001) c.nop
core   0: 3 0x8000af34 (0x0001)
core   0: 0x8000af36 (0x0073d413) srli    s0, t2, 7
core   0: 3 0x8000af36 (0x0073d413) x8  0x01ffffff
core   0: 0x8000af3a (0xf7087293) andi    t0, a6, -144
core   0: 3 0x8000af3a (0xf7087293) x5  0x00000010
core   0: 0x8000af3e (0x014d1213) slli    tp, s10, 20
core   0: 3 0x8000af3e (0x014d1213) x4  0x01b00000
core   0: 0x8000af42 (0x0141e563) bltu    gp, s4, pc + 10
core   0: 3 0x8000af42 (0x0141e563)
core   0: 0x8000af46 (0x00000b96) c.slli  s7, 5
core   0: 3 0x8000af46 (0x0b96) x23 0x76140000
core   0: 0x8000af48 (0x008ea033) slt     zero, t4, s0
core   0: 3 0x8000af48 (0x008ea033)
core   0: 0x8000af4c (0x00000001) c.nop
core   0: 3 0x8000af4c (0x0001)
core   0: 0x8000af4e (0x00008cc5) c.or    s1, s1
core   0: 3 0x8000af4e (0x8cc5) x9  0xffff0907
core   0: 0x8000af50 (0x00009462) c.add   s0, s8
core   0: 3 0x8000af50 (0x9462) x8  0x01ffffff
core   0: 0x8000af52 (0x000fd193) srli    gp, t6, 0
core   0: 3 0x8000af52 (0x000fd193) x3  0x0000000b
core   0: 0x8000af56 (0x0cf8eb97) auipc   s7, 0xcf8e
core   0: 3 0x8000af56 (0x0cf8eb97) x23 0x8cf98f56
core   0: 0x8000af5a (0x037e58b3) divu    a7, t3, s7
core   0: 3 0x8000af5a (0x037e58b3) x17 0x00000000
core   0: 0x8000af5e (0x024111b3) mulh    gp, sp, tp
core   0: 3 0x8000af5e (0x024111b3) x3  0xffffffff
core   0: 0x8000af62 (0x0000c785) c.beqz  a5, pc + 40
core   0: 3 0x8000af62 (0xc785)
core   0: 0x8000af64 (0x02e8a933) mulhsu  s2, a7, a4
core   0: 3 0x8000af64 (0x02e8a933) x18 0x00000000
core   0: 0x8000af68 (0x3406d8f3) csrrwi  a7, mscratch, 13
core   0: 3 0x8000af68 (0x3406d8f3) x17 0x00000000 c832_mscratch 0x0000000d
core   0: 0x8000af6c (0x34019973) csrrw   s2, mscratch, gp
core   0: 3 0x8000af6c (0x34019973) x18 0x0000000d c832_mscratch 0xffffffff
core   0: 0x8000af70 (0x03701a33) mulh    s4, zero, s7
core   0: 3 0x8000af70 (0x03701a33) x20 0x00000000
core   0: 0x8000af74 (0x078b7b13) andi    s6, s6, 120
core   0: 3 0x8000af74 (0x078b7b13) x22 0x00000000
core   0: 0x8000af78 (0x00008ee5) c.and   a3, s1
core   0: 3 0x8000af78 (0x8ee5) x13 0x00000000
core   0: 0x8000af7a (0x022511b3) mulh    gp, a0, sp
core   0: 3 0x8000af7a (0x022511b3) x3  0xffffffff
core   0: 0x8000af7e (0xe412bd93) sltiu   s11, t0, -447
core   0: 3 0x8000af7e (0xe412bd93) x27 0x00000001
core   0: 0x8000af82 (0x014c3d33) sltu    s10, s8, s4
core   0: 3 0x8000af82 (0x014c3d33) x26 0x00000000
core   0: 0x8000af86 (0x09450093) addi    ra, a0, 148
core   0: 3 0x8000af86 (0x09450093) x1  0x00000853
core   0: 0x8000af8a (0x00f71bb3) sll     s7, a4, a5
core   0: 3 0x8000af8a (0x00f71bb3) x23 0x0000003c
core   0: 0x8000af8e (0x03105433) divu    s0, zero, a7
core   0: 3 0x8000af8e (0x03105433) x8  0xffffffff
core   0: 0x8000af92 (0x0236a733) mulhsu  a4, a3, gp
core   0: 3 0x8000af92 (0x0236a733) x14 0x00000000
core   0: 0x8000af96 (0x0215b533) mulhu   a0, a1, ra
core   0: 3 0x8000af96 (0x0215b533) x10 0x00000000
core   0: 0x8000af9a (0x0115ae33) slt     t3, a1, a7
core   0: 3 0x8000af9a (0x0115ae33) x28 0x00000000
core   0: 0x8000af9e (0x00ca17b3) sll     a5, s4, a2
core   0: 3 0x8000af9e (0x00ca17b3) x15 0x00000000
core   0: 0x8000afa2 (0x02f6c533) div     a0, a3, a5
core   0: 3 0x8000afa2 (0x02f6c533) x10 0xffffffff
core   0: 0x8000afa6 (0x340d17f3) csrrw   a5, mscratch, s10
core   0: 3 0x8000afa6 (0x340d17f3) x15 0xffffffff c832_mscratch 0x00000000
core   0: 0x8000afaa (0x0000086d) c.addi  a6, 27
core   0: 3 0x8000afaa (0x086d) x16 0x00000036
core   0: 0x8000afac (0x00000001) c.nop
core   0: 3 0x8000afac (0x0001)
core   0: 0x8000afae (0x0ff0000f) fence   iorw,iorw
core   0: 3 0x8000afae (0x0ff0000f)
core   0: 0x8000afb2 (0x00008411) c.srai  s0, 4
core   0: 3 0x8000afb2 (0x8411) x8  0xffffffff
core   0: 0x8000afb4 (0x010c5eb3) srl     t4, s8, a6
core   0: 3 0x8000afb4 (0x010c5eb3) x29 0x00000000
core   0: 0x8000afb8 (0x50530813) addi    a6, t1, 1285
core   0: 3 0x8000afb8 (0x50530813) x16 0x00000584
core   0: 0x8000afbc (0x000083ad) c.srli  a5, 11
core   0: 3 0x8000afbc (0x83ad) x15 0x001fffff
core   0: 0x8000afbe (0x0000ef01) c.bnez  a4, pc + 24
core   0: 3 0x8000afbe (0xef01)
core   0: 0x8000afc0 (0x340533f3) csrrc   t2, mscratch, a0
core   0: 3 0x8000afc0 (0x340533f3) x7  0x00000000 c832_mscratch 0x00000000
core   0: 0x8000afc4 (0x01e01613) slli    a2, zero, 30
core   0: 3 0x8000afc4 (0x01e01613) x12 0x00000000
core   0: 0x8000afc8 (0x340756f3) csrrwi  a3, mscratch, 14
core   0: 3 0x8000afc8 (0x340756f3) x13 0x00000000 c832_mscratch 0x0000000e
core   0: 0x8000afcc (0x40150e33) sub     t3, a0, ra
core   0: 3 0x8000afcc (0x40150e33) x28 0xfffff7ac
core   0: 0x8000afd0 (0x03affeb3) remu    t4, t6, s10
core   0: 3 0x8000afd0 (0x03affeb3) x29 0x0000000b
core   0: 0x8000afd4 (0x0000936a) c.add   t1, s10
core   0: 3 0x8000afd4 (0x936a) x6  0x0000007f
core   0: 0x8000afd6 (0x3e8f2d13) slti    s10, t5, 1000
core   0: 3 0x8000afd6 (0x3e8f2d13) x26 0x00000001
core   0: 0x8000afda (0x01be5693) srli    a3, t3, 27
core   0: 3 0x8000afda (0x01be5693) x13 0x0000001f
core   0: 0x8000afde (0x010eda13) srli    s4, t4, 16
core   0: 3 0x8000afde (0x010eda13) x20 0x00000000
core   0: 0x8000afe2 (0x00001984) c.addi4spn s1, sp, 240
core   0: 3 0x8000afe2 (0x1984) x9  0x000000cf
core   0: 0x8000afe4 (0x0000871a) c.mv    a4, t1
core   0: 3 0x8000afe4 (0x871a) x14 0x0000007f
core   0: 0x8000afe6 (0xe13be893) ori     a7, s7, -493
core   0: 3 0x8000afe6 (0xe13be893) x17 0xfffffe3f
core   0: 0x8000afea (0x730bc393) xori    t2, s7, 1840
core   0: 3 0x8000afea (0x730bc393) x7  0x0000070c
core   0: 0x8000afee (0x03b37863) bgeu    t1, s11, pc + 48
core   0: 3 0x8000afee (0x03b37863)
core   0: 0x8000b01e (0x00008d6d) c.and   a0, a1
core   0: 3 0x8000b01e (0x8d6d) x10 0x00000000
core   0: 0x8000b020 (0x340023f3) csrr    t2, mscratch
core   0: 3 0x8000b020 (0x340023f3) x7  0x0000000e
core   0: 0x8000b024 (0x40ef5393) srai    t2, t5, 14
core   0: 3 0x8000b024 (0x40ef5393) x7  0x00000000
core   0: 0x8000b028 (0x00006105) c.addi16sp sp, 32
core   0: 3 0x8000b028 (0x6105) x2  0xffffffff
core   0: 0x8000b02a (0x000087fd) c.srai  a5, 31
core   0: 3 0x8000b02a (0x87fd) x15 0x00000000
core   0: 0x8000b02c (0x01e51333) sll     t1, a0, t5
core   0: 3 0x8000b02c (0x01e51333) x6  0x00000000
core   0: 0x8000b030 (0x008a9e13) slli    t3, s5, 8
core   0: 3 0x8000b030 (0x008a9e13) x28 0x00001e00
core   0: 0x8000b034 (0x41af01b3) sub     gp, t5, s10
core   0: 3 0x8000b034 (0x41af01b3) x3  0x0000001e
core   0: 0x8000b038 (0x3406d073) csrwi   mscratch, 13
core   0: 3 0x8000b038 (0x3406d073) c832_mscratch 0x0000000d
core   0: 0x8000b03c (0x00bf1393) slli    t2, t5, 11
core   0: 3 0x8000b03c (0x00bf1393) x7  0x0000f800
core   0: 0x8000b040 (0x407c51b3) sra     gp, s8, t2
core   0: 3 0x8000b040 (0x407c51b3) x3  0x00000000
core   0: 0x8000b044 (0x03c3c863) blt     t2, t3, pc + 48
core   0: 3 0x8000b044 (0x03c3c863)
core   0: 0x8000b048 (0x00008092) c.mv    ra, tp
core   0: 3 0x8000b048 (0x8092) x1  0x01b00000
core   0: 0x8000b04a (0x00aa9013) slli    zero, s5, 10
core   0: 3 0x8000b04a (0x00aa9013)
core   0: 0x8000b04e (0x40608ab3) sub     s5, ra, t1
core   0: 3 0x8000b04e (0x40608ab3) x21 0x01b00000
core   0: 0x8000b052 (0x0217cd63) blt     a5, ra, pc + 58
core   0: 3 0x8000b052 (0x0217cd63)
core   0: 0x8000b08c (0x41f7d2b3) sra     t0, a5, t6
core   0: 3 0x8000b08c (0x41f7d2b3) x5  0x00000000
core   0: 0x8000b090 (0x8a354a13) xori    s4, a0, -1885
core   0: 3 0x8000b090 (0x8a354a13) x20 0xfffff8a3
core   0: 0x8000b094 (0x000097ae) c.add   a5, a1
core   0: 3 0x8000b094 (0x97ae) x15 0x00000000
core   0: 0x8000b096 (0x4116d293) srai    t0, a3, 17
core   0: 3 0x8000b096 (0x4116d293) x5  0x00000000
core   0: 0x8000b09a (0x0089d133) srl     sp, s3, s0
core   0: 3 0x8000b09a (0x0089d133) x2  0x00000001
core   0: 0x8000b09e (0x007fe263) bltu    t6, t2, pc + 4
core   0: 3 0x8000b09e (0x007fe263)
core   0: 0x8000b0a2 (0x01c61c13) slli    s8, a2, 28
core   0: 3 0x8000b0a2 (0x01c61c13) x24 0x00000000
core   0: 0x8000b0a6 (0x000098de) c.add   a7, s7
core   0: 3 0x8000b0a6 (0x98de) x17 0xfffffe7b
core   0: 0x8000b0a8 (0x0000cd89) c.beqz  a1, pc + 26
core   0: 3 0x8000b0a8 (0xcd89)
core   0: 0x8000b0c2 (0x015ac333) xor     t1, s5, s5
core   0: 3 0x8000b0c2 (0x015ac333) x6  0x00000000
core   0: 0x8000b0c6 (0x00008145) c.srli  a0, 17
core   0: 3 0x8000b0c6 (0x8145) x10 0x00000000
core   0: 0x8000b0c8 (0x7fe4ce93) xori    t4, s1, 2046
core   0: 3 0x8000b0c8 (0x7fe4ce93) x29 0x00000731
core   0: 0x8000b0cc (0x0000987d) c.andi  s0, -1
core   0: 3 0x8000b0cc (0x987d) x8  0xffffffff
core   0: 0x8000b0ce (0x00001c7d) c.addi  s8, -1
core   0: 3 0x8000b0ce (0x1c7d) x24 0xffffffff
core   0: 0x8000b0d0 (0x7adec293) xori    t0, t4, 1965
core   0: 3 0x8000b0d0 (0x7adec293) x5  0x0000009c
core   0: 0x8000b0d4 (0x00008eb9) c.xor   a3, a4
core   0: 3 0x8000b0d4 (0x8eb9) x13 0x00000060
core   0: 0x8000b0d6 (0x0000187d) c.addi  a6, -1
core   0: 3 0x8000b0d6 (0x187d) x16 0x00000583
core   0: 0x8000b0d8 (0x00008f2d) c.xor   a4, a1
core   0: 3 0x8000b0d8 (0x8f2d) x14 0x0000007f
core   0: 0x8000b0da (0x13eb7493) andi    s1, s6, 318
core   0: 3 0x8000b0da (0x13eb7493) x9  0x00000000
core   0: 0x8000b0de (0x0000c595) c.beqz  a1, pc + 44
core   0: 3 0x8000b0de (0xc595)
core   0: 0x8000b10a (0x05dbe163) bltu    s7, t4, pc + 66
core   0: 3 0x8000b10a (0x05dbe163)
core   0: 0x8000b14c (0xdaf93793) sltiu   a5, s2, -593
core   0: 3 0x8000b14c (0xdaf93793) x15 0x00000001
core   0: 0x8000b150 (0x0372da63) bge     t0, s7, pc + 52
core   0: 3 0x8000b150 (0x0372da63)
core   0: 0x8000b184 (0x7ba20537) lui     a0, 0x7ba20
core   0: 3 0x8000b184 (0x7ba20537) x10 0x7ba20000
core   0: 0x8000b188 (0x01f6a6b3) slt     a3, a3, t6
core   0: 3 0x8000b188 (0x01f6a6b3) x13 0x00000000
core   0: 0x8000b18c (0x00006139) c.addi16sp sp, 448
core   0: 3 0x8000b18c (0x6139) x2  0x000001c1
core   0: 0x8000b18e (0x03555d33) divu    s10, a0, s5
core   0: 3 0x8000b18e (0x03555d33) x26 0x00000049
core   0: 0x8000b192 (0x000087e2) c.mv    a5, s8
core   0: 3 0x8000b192 (0x87e2) x15 0xffffffff
core   0: 0x8000b194 (0x00000001) c.nop
core   0: 3 0x8000b194 (0x0001)
core   0: 0x8000b196 (0x340276f3) csrrci  a3, mscratch, 4
core   0: 3 0x8000b196 (0x340276f3) x13 0x0000000d c832_mscratch 0x00000009
core   0: 0x8000b19a (0x4163dc13) srai    s8, t2, 22
core   0: 3 0x8000b19a (0x4163dc13) x24 0x00000000
core   0: 0x8000b19e (0x032b50b3) divu    ra, s6, s2
core   0: 3 0x8000b19e (0x032b50b3) x1  0x00000000
core   0: 0x8000b1a2 (0x0000896d) c.andi  a0, 27
core   0: 3 0x8000b1a2 (0x896d) x10 0x00000000
core   0: 0x8000b1a4 (0x000088d6) c.mv    a7, s5
core   0: 3 0x8000b1a4 (0x88d6) x17 0x01b00000
core   0: 0x8000b1a6 (0x0000e609) c.bnez  a2, pc + 10
core   0: 3 0x8000b1a6 (0xe609)
core   0: 0x8000b1a8 (0x00000dba) c.slli  s11, 14
core   0: 3 0x8000b1a8 (0x0dba) x27 0x00004000
core   0: 0x8000b1aa (0x4564f113) andi    sp, s1, 1110
core   0: 3 0x8000b1aa (0x4564f113) x2  0x00000000
core   0: 0x8000b1ae (0x0000c01d) c.beqz  s0, pc + 38
core   0: 3 0x8000b1ae (0xc01d)
core   0: 0x8000b1b0 (0x00000001) c.nop
core   0: 3 0x8000b1b0 (0x0001)
core   0: 0x8000b1b2 (0x412650b3) sra     ra, a2, s2
core   0: 3 0x8000b1b2 (0x412650b3) x1  0x00000000
core   0: 0x8000b1b6 (0x029056b3) divu    a3, zero, s1
core   0: 3 0x8000b1b6 (0x029056b3) x13 0xffffffff
core   0: 0x8000b1ba (0x0000717d) c.addi16sp sp, -16
core   0: 3 0x8000b1ba (0x717d) x2  0xfffffff0
core   0: 0x8000b1bc (0xe3a4f213) andi    tp, s1, -454
core   0: 3 0x8000b1bc (0xe3a4f213) x4  0x00000000
core   0: 0x8000b1c0 (0x3409fb73) csrrci  s6, mscratch, 19
core   0: 3 0x8000b1c0 (0x3409fb73) x22 0x00000009 c832_mscratch 0x00000008
core   0: 0x8000b1c4 (0x1899c493) xori    s1, s3, 393
core   0: 3 0x8000b1c4 (0x1899c493) x9  0x80021c71
core   0: 0x8000b1c8 (0x3406d3f3) csrrwi  t2, mscratch, 13
core   0: 3 0x8000b1c8 (0x3406d3f3) x7  0x00000008 c832_mscratch 0x0000000d
core   0: 0x8000b1cc (0x02342bb3) mulhsu  s7, s0, gp
core   0: 3 0x8000b1cc (0x02342bb3) x23 0x00000000
core   0: 0x8000b1d0 (0xacc633b7) lui     t2, 0xacc63
core   0: 3 0x8000b1d0 (0xacc633b7) x7  0xacc63000
core   0: 0x8000b1d4 (0x00006329) c.lui   t1, 0xa
core   0: 3 0x8000b1d4 (0x6329) x6  0x0000a000
core   0: 0x8000b1d6 (0x00009bfd) c.andi  a5, -1
core   0: 3 0x8000b1d6 (0x9bfd) x15 0xffffffff
core   0: 0x8000b1d8 (0x00008e41) c.or    a2, s0
core   0: 3 0x8000b1d8 (0x8e41) x12 0xffffffff
core   0: 0x8000b1da (0x03f3ab33) mulhsu  s6, t2, t6
core   0: 3 0x8000b1da (0x03f3ab33) x22 0xfffffffc
core   0: 0x8000b1de (0x3b260db7) lui     s11, 0x3b260
core   0: 3 0x8000b1de (0x3b260db7) x27 0x3b260000
core   0: 0x8000b1e2 (0x04dac163) blt     s5, a3, pc + 66
core   0: 3 0x8000b1e2 (0x04dac163)
core   0: 0x8000b1e6 (0x00008e4d) c.or    a2, a1
core   0: 3 0x8000b1e6 (0x8e4d) x12 0xffffffff
core   0: 0x8000b1e8 (0x02818db3) mul     s11, gp, s0
core   0: 3 0x8000b1e8 (0x02818db3) x27 0x00000000
core   0: 0x8000b1ec (0x00004201) c.li    tp, 0
core   0: 3 0x8000b1ec (0x4201) x4  0x00000000
core   0: 0x8000b1ee (0x0000cc9d) c.beqz  s1, pc + 62
core   0: 3 0x8000b1ee (0xcc9d)
core   0: 0x8000b1f0 (0x0000c509) c.beqz  a0, pc + 10
core   0: 3 0x8000b1f0 (0xc509)
core   0: 0x8000b1fa (0x3406d173) csrrwi  sp, mscratch, 13
core   0: 3 0x8000b1fa (0x3406d173) x2  0x0000000d c832_mscratch 0x0000000d
core   0: 0x8000b1fe (0x033f0533) mul     a0, t5, s3
core   0: 3 0x8000b1fe (0x033f0533) x10 0x8041a108
core   0: 0x8000b202 (0x41395333) sra     t1, s2, s3
core   0: 3 0x8000b202 (0x41395333) x6  0x00000000
core   0: 0x8000b206 (0x00009af6) c.add   s5, t4
core   0: 3 0x8000b206 (0x9af6) x21 0x01b00731
core   0: 0x8000b208 (0x340738f3) csrrc   a7, mscratch, a4
core   0: 3 0x8000b208 (0x340738f3) x17 0x0000000d c832_mscratch 0x00000000
core   0: 0x8000b20c (0x033f9a63) bne     t6, s3, pc + 52
core   0: 3 0x8000b20c (0x033f9a63)
core   0: 0x8000b240 (0x02fcbdb3) mulhu   s11, s9, a5
core   0: 3 0x8000b240 (0x02fcbdb3) x27 0x80025ce3
core   0: 0x8000b244 (0x0253ee63) bltu    t2, t0, pc + 60
core   0: 3 0x8000b244 (0x0253ee63)
core   0: 0x8000b248 (0x34003af3) csrrc   s5, mscratch, zero
core   0: 3 0x8000b248 (0x34003af3) x21 0x00000000
core   0: 0x8000b24c (0x00a59663) bne     a1, a0, pc + 12
core   0: 3 0x8000b24c (0x00a59663)
core   0: 0x8000b258 (0x04809163) bne     ra, s0, pc + 66
core   0: 3 0x8000b258 (0x04809163)
core   0: 0x8000b29a (0x00127e63) bgeu    tp, ra, pc + 28
core   0: 3 0x8000b29a (0x00127e63)
core   0: 0x8000b2b6 (0x00000856) c.slli  a6, 21
core   0: 3 0x8000b2b6 (0x0856) x16 0xb0600000
core   0: 0x8000b2b8 (0x0000862d) c.srai  a2, 11
core   0: 3 0x8000b2b8 (0x862d) x12 0xffffffff
core   0: 0x8000b2ba (0x029ccc33) div     s8, s9, s1
core   0: 3 0x8000b2ba (0x029ccc33) x24 0x00000000
core   0: 0x8000b2be (0x00b6c1b3) xor     gp, a3, a1
core   0: 3 0x8000b2be (0x00b6c1b3) x3  0xffffffff
core   0: 0x8000b2c2 (0x00008629) c.srai  a2, 10
core   0: 3 0x8000b2c2 (0x8629) x12 0xffffffff
core   0: 0x8000b2c4 (0x00000001) c.nop
core   0: 3 0x8000b2c4 (0x0001)
core   0: 0x8000b2c6 (0x01be3eb3) sltu    t4, t3, s11
core   0: 3 0x8000b2c6 (0x01be3eb3) x29 0x00000001
core   0: 0x8000b2ca (0x0000c785) c.beqz  a5, pc + 40
core   0: 3 0x8000b2ca (0xc785)
core   0: 0x8000b2cc (0x0000717d) c.addi16sp sp, -16
core   0: 3 0x8000b2cc (0x717d) x2  0xfffffffd
core   0: 0x8000b2ce (0x0ff0000f) fence   iorw,iorw
core   0: 3 0x8000b2ce (0x0ff0000f)
core   0: 0x8000b2d2 (0x01b4da63) bge     s1, s11, pc + 20
core   0: 3 0x8000b2d2 (0x01b4da63)
core   0: 0x8000b2d6 (0x03aa7433) remu    s0, s4, s10
core   0: 3 0x8000b2d6 (0x03aa7433) x8  0x0000002d
core   0: 0x8000b2da (0x035924b3) mulhsu  s1, s2, s5
core   0: 3 0x8000b2da (0x035924b3) x9  0x00000000
core   0: 0x8000b2de (0x01b99233) sll     tp, s3, s11
core   0: 3 0x8000b2de (0x01b99233) x4  0x0010efc0
core   0: 0x8000b2e2 (0x34007d73) csrrci  s10, mscratch, 0
core   0: 3 0x8000b2e2 (0x34007d73) x26 0x00000000
core   0: 0x8000b2e6 (0x0000674d) c.lui   a4, 0x13
core   0: 3 0x8000b2e6 (0x674d) x14 0x00013000
core   0: 0x8000b2e8 (0xc896b697) auipc   a3, 0xc896b
core   0: 3 0x8000b2e8 (0xc896b697) x13 0x489762e8
core   0: 0x8000b2ec (0x01b52733) slt     a4, a0, s11
core   0: 3 0x8000b2ec (0x01b52733) x14 0x00000000
core   0: 0x8000b2f0 (0x00000d2e) c.slli  s10, 11
core   0: 3 0x8000b2f0 (0x0d2e) x26 0x00000000
core   0: 0x8000b2f2 (0x00008bed) c.andi  a5, 27
core   0: 3 0x8000b2f2 (0x8bed) x15 0x0000001b
core   0: 0x8000b2f4 (0x0000997a) c.add   s2, t5
core   0: 3 0x8000b2f4 (0x997a) x18 0x0000002c
core   0: 0x8000b2f6 (0x039be833) rem     a6, s7, s9
core   0: 3 0x8000b2f6 (0x039be833) x16 0x00000000
core   0: 0x8000b2fa (0xbbbb2593) slti    a1, s6, -1093
core   0: 3 0x8000b2fa (0xbbbb2593) x11 0x00000000
core   0: 0x8000b2fe (0x40e85eb3) sra     t4, a6, a4
core   0: 3 0x8000b2fe (0x40e85eb3) x29 0x00000000
core   0: 0x8000b302 (0x00c8c4b3) xor     s1, a7, a2
core   0: 3 0x8000b302 (0x00c8c4b3) x9  0xfffffff2
core   0: 0x8000b306 (0x01358db3) add     s11, a1, s3
core   0: 3 0x8000b306 (0x01358db3) x27 0x80021df8
core   0: 0x8000b30a (0x010fdd93) srli    s11, t6, 16
core   0: 3 0x8000b30a (0x010fdd93) x27 0x00000000
core   0: 0x8000b30e (0x11f70e13) addi    t3, a4, 287
core   0: 3 0x8000b30e (0x11f70e13) x28 0x0000011f
core   0: 0x8000b312 (0x00008ef9) c.and   a3, a4
core   0: 3 0x8000b312 (0x8ef9) x13 0x00000000
core   0: 0x8000b314 (0x00008a29) c.andi  a2, 10
core   0: 3 0x8000b314 (0x8a29) x12 0x0000000a
core   0: 0x8000b316 (0x000099fd) c.andi  a1, -1
core   0: 3 0x8000b316 (0x99fd) x11 0x00000000
core   0: 0x8000b318 (0xe4ccad93) slti    s11, s9, -436
core   0: 3 0x8000b318 (0xe4ccad93) x27 0x00000001
core   0: 0x8000b31c (0x34002d73) csrr    s10, mscratch
core   0: 3 0x8000b31c (0x34002d73) x26 0x00000000
core   0: 0x8000b320 (0x000087b9) c.srai  a5, 14
core   0: 3 0x8000b320 (0x87b9) x15 0x00000000
core   0: 0x8000b322 (0x0000cc9d) c.beqz  s1, pc + 62
core   0: 3 0x8000b322 (0xcc9d)
core   0: 0x8000b324 (0x03d5b933) mulhu   s2, a1, t4
core   0: 3 0x8000b324 (0x03d5b933) x18 0x00000000
core   0: 0x8000b328 (0x03f141b3) div     gp, sp, t6
core   0: 3 0x8000b328 (0x03f141b3) x3  0x00000000
core   0: 0x8000b32c (0x017261b3) or      gp, tp, s7
core   0: 3 0x8000b32c (0x017261b3) x3  0x0010efc0
core   0: 0x8000b330 (0x0ff0000f) fence   iorw,iorw
core   0: 3 0x8000b330 (0x0ff0000f)
core   0: 0x8000b334 (0x02f44633) div     a2, s0, a5
core   0: 3 0x8000b334 (0x02f44633) x12 0xffffffff
core   0: 0x8000b338 (0x34079973) csrrw   s2, mscratch, a5
core   0: 3 0x8000b338 (0x34079973) x18 0x00000000 c832_mscratch 0x00000000
core   0: 0x8000b33c (0x01627d33) and     s10, tp, s6
core   0: 3 0x8000b33c (0x01627d33) x26 0x0010efc0
core   0: 0x8000b340 (0x000007c9) c.addi  a5, 18
core   0: 3 0x8000b340 (0x07c9) x15 0x00000012
core   0: 0x8000b342 (0x0350d2b3) divu    t0, ra, s5
core   0: 3 0x8000b342 (0x0350d2b3) x5  0xffffffff
core   0: 0x8000b346 (0x0ff0000f) fence   iorw,iorw
core   0: 3 0x8000b346 (0x0ff0000f)
core   0: 0x8000b34a (0x00005afd) c.li    s5, -1
core   0: 3 0x8000b34a (0x5afd) x21 0xffffffff
core   0: 0x8000b34c (0x27cb7593) andi    a1, s6, 636
core   0: 3 0x8000b34c (0x27cb7593) x11 0x0000027c
core   0: 0x8000b350 (0x4197df13) srai    t5, a5, 25
core   0: 3 0x8000b350 (0x4197df13) x30 0x00000000
core   0: 0x8000b354 (0x00008bb2) c.mv    s7, a2
core   0: 3 0x8000b354 (0x8bb2) x23 0xffffffff
core   0: 0x8000b356 (0x000080b1) c.srli  s1, 12
core   0: 3 0x8000b356 (0x80b1) x9  0x000fffff
core   0: 0x8000b358 (0xcfc49a97) auipc   s5, 0xcfc49
core   0: 3 0x8000b358 (0xcfc49a97) x21 0x4fc54358
core   0: 0x8000b35c (0x00012db3) slt     s11, sp, zero
core   0: 3 0x8000b35c (0x00012db3) x27 0x00000001
core   0: 0x8000b360 (0x00008555) c.srai  a0, 21
core   0: 3 0x8000b360 (0x8555) x10 0xfffffc02
core   0: 0x8000b362 (0x41ed5213) srai    tp, s10, 30
core   0: 3 0x8000b362 (0x41ed5213) x4  0x00000000
core   0: 0x8000b366 (0x01b7f863) bgeu    a5, s11, pc + 16
core   0: 3 0x8000b366 (0x01b7f863)
core   0: 0x8000b376 (0x038cfab3) remu    s5, s9, s8
core   0: 3 0x8000b376 (0x038cfab3) x21 0x80025ce4
core   0: 0x8000b37a (0x000052fd) c.li    t0, -1
core   0: 3 0x8000b37a (0x52fd) x5  0xffffffff
core   0: 0x8000b37c (0x00006469) c.lui   s0, 0x1a
core   0: 3 0x8000b37c (0x6469) x8  0x0001a000
core   0: 0x8000b37e (0xc747cf13) xori    t5, a5, -908
core   0: 3 0x8000b37e (0xc747cf13) x30 0xfffffc66
core   0: 0x8000b382 (0x340f98f3) csrrw   a7, mscratch, t6
core   0: 3 0x8000b382 (0x340f98f3) x17 0x00000000 c832_mscratch 0x0000000b
core   0: 0x8000b386 (0x65180893) addi    a7, a6, 1617
core   0: 3 0x8000b386 (0x65180893) x17 0x00000651
core   0: 0x8000b38a (0x874b0717) auipc   a4, 0x874b0
core   0: 3 0x8000b38a (0x874b0717) x14 0x074bb38a
core   0: 0x8000b38e (0x01574c33) xor     s8, a4, s5
core   0: 3 0x8000b38e (0x01574c33) x24 0x8749ef6e
core   0: 0x8000b392 (0x788601b7) lui     gp, 0x78860
core   0: 3 0x8000b392 (0x788601b7) x3  0x78860000
core   0: 0x8000b396 (0x00008fe9) c.and   a5, a0
core   0: 3 0x8000b396 (0x8fe9) x15 0x00000002
core   0: 0x8000b398 (0x01790333) add     t1, s2, s7
core   0: 3 0x8000b398 (0x01790333) x6  0xffffffff
core   0: 0x8000b39c (0x5eb24313) xori    t1, tp, 1515
core   0: 3 0x8000b39c (0x5eb24313) x6  0x000005eb
core   0: 0x8000b3a0 (0x3400dd73) csrrwi  s10, mscratch, 1
core   0: 3 0x8000b3a0 (0x3400dd73) x26 0x0000000b c832_mscratch 0x00000001
core   0: 0x8000b3a4 (0x0ff0000f) fence   iorw,iorw
core   0: 3 0x8000b3a4 (0x0ff0000f)
core   0: 0x8000b3a8 (0x02ee4763) blt     t3, a4, pc + 46
core   0: 3 0x8000b3a8 (0x02ee4763)
core   0: 0x8000b3d6 (0x41040833) sub     a6, s0, a6
core   0: 3 0x8000b3d6 (0x41040833) x16 0x0001a000
core   0: 0x8000b3da (0x01ae9193) slli    gp, t4, 26
core   0: 3 0x8000b3da (0x01ae9193) x3  0x00000000
core   0: 0x8000b3de (0x00000352) c.slli  t1, 20
core   0: 3 0x8000b3de (0x0352) x6  0x5eb00000
core   0: 0x8000b3e0 (0x0000ce01) c.beqz  a2, pc + 24
core   0: 3 0x8000b3e0 (0xce01)
core   0: 0x8000b3e2 (0x05b24163) blt     tp, s11, pc + 66
core   0: 3 0x8000b3e2 (0x05b24163)
core   0: 0x8000b424 (0x004b0633) add     a2, s6, tp
core   0: 3 0x8000b424 (0x004b0633) x12 0xfffffffc
core   0: 0x8000b428 (0x00600e63) beq     zero, t1, pc + 28
core   0: 3 0x8000b428 (0x00600e63)
core   0: 0x8000b42c (0x032dcab3) div     s5, s11, s2
core   0: 3 0x8000b42c (0x032dcab3) x21 0xffffffff
core   0: 0x8000b430 (0x0000100f) fence.i
core   0: 3 0x8000b430 (0x0000100f)
core   0: 0x8000b434 (0x81d8e693) ori     a3, a7, -2019
core   0: 3 0x8000b434 (0x81d8e693) x13 0xfffffe5d
core   0: 0x8000b438 (0x340c9073) csrw    mscratch, s9
core   0: 3 0x8000b438 (0x340c9073) c832_mscratch 0x80025ce4
core   0: 0x8000b43c (0x34007273) csrrci  tp, mscratch, 0
core   0: 3 0x8000b43c (0x34007273) x4  0x80025ce4
core   0: 0x8000b440 (0x03177533) remu    a0, a4, a7
core   0: 3 0x8000b440 (0x03177533) x10 0x000004da
core   0: 0x8000b444 (0x0480c063) blt     ra, s0, pc + 64
core   0: 3 0x8000b444 (0x0480c063)
core   0: 0x8000b484 (0x3406e873) csrrsi  a6, mscratch, 13
core   0: 3 0x8000b484 (0x3406e873) x16 0x80025ce4 c832_mscratch 0x80025ced
core   0: 0x8000b488 (0x000093be) c.add   t2, a5
core   0: 3 0x8000b488 (0x93be) x7  0xacc63002
core   0: 0x8000b48a (0x039c6b63) bltu    s8, s9, pc + 54
core   0: 3 0x8000b48a (0x039c6b63)
core   0: 0x8000b48e (0xc0f72a13) slti    s4, a4, -1009
core   0: 3 0x8000b48e (0xc0f72a13) x20 0x00000000
core   0: 0x8000b492 (0x00000001) c.nop
core   0: 3 0x8000b492 (0x0001)
core   0: 0x8000b494 (0x051f1363) bne     t5, a7, pc + 70
core   0: 3 0x8000b494 (0x051f1363)
core   0: 0x8000b4da (0x0ff0000f) fence   iorw,iorw
core   0: 3 0x8000b4da (0x0ff0000f)
core   0: 0x8000b4de (0x00fe35b3) sltu    a1, t3, a5
core   0: 3 0x8000b4de (0x00fe35b3) x11 0x00000000
core   0: 0x8000b4e2 (0x02c5e033) rem     zero, a1, a2
core   0: 3 0x8000b4e2 (0x02c5e033)
core   0: 0x8000b4e6 (0x0000187d) c.addi  a6, -1
core   0: 3 0x8000b4e6 (0x187d) x16 0x80025ce3
core   0: 0x8000b4e8 (0x00000001) c.nop
core   0: 3 0x8000b4e8 (0x0001)
core   0: 0x8000b4ea (0xe32eb593) sltiu   a1, t4, -462
core   0: 3 0x8000b4ea (0xe32eb593) x11 0x00000001
core   0: 0x8000b4ee (0x00008035) c.srli  s0, 13
core   0: 3 0x8000b4ee (0x8035) x8  0x0000000d
core   0: 0x8000b4f0 (0xd142bb93) sltiu   s7, t0, -748
core   0: 3 0x8000b4f0 (0xd142bb93) x23 0x00000000
core   0: 0x8000b4f4 (0x01b963b3) or      t2, s2, s11
core   0: 3 0x8000b4f4 (0x01b963b3) x7  0x00000001
core   0: 0x8000b4f8 (0x01e7a333) slt     t1, a5, t5
core   0: 3 0x8000b4f8 (0x01e7a333) x6  0x00000000
core   0: 0x8000b4fc (0x9974a917) auipc   s2, 0x9974a
core   0: 3 0x8000b4fc (0x9974a917) x18 0x197554fc
core   0: 0x8000b500 (0x630e0b93) addi    s7, t3, 1584
core   0: 3 0x8000b500 (0x630e0b93) x23 0x0000074f
core   0: 0x8000b504 (0x00009bce) c.add   s7, s3
core   0: 3 0x8000b504 (0x9bce) x23 0x80022547
core   0: 0x8000b506 (0x00d09913) slli    s2, ra, 13
core   0: 3 0x8000b506 (0x00d09913) x18 0x00000000
core   0: 0x8000b50a (0x02847a33) remu    s4, s0, s0
core   0: 3 0x8000b50a (0x02847a33) x20 0x00000000
core   0: 0x8000b50e (0x036b3233) mulhu   tp, s6, s6
core   0: 3 0x8000b50e (0x036b3233) x4  0xfffffff8
core   0: 0x8000b512 (0x01d9deb3) srl     t4, s3, t4
core   0: 3 0x8000b512 (0x01d9deb3) x29 0x80021df8
core   0: 0x8000b516 (0x004d86b3) add     a3, s11, tp
core   0: 3 0x8000b516 (0x004d86b3) x13 0xfffffff9
core   0: 0x8000b51a (0x03d3f6b3) remu    a3, t2, t4
core   0: 3 0x8000b51a (0x03d3f6b3) x13 0x00000001
core   0: 0x8000b51e (0x9320ca93) xori    s5, ra, -1742
core   0: 3 0x8000b51e (0x9320ca93) x21 0xfffff932
core   0: 0x8000b522 (0x00120663) beq     tp, ra, pc + 12
core   0: 3 0x8000b522 (0x00120663)
core   0: 0x8000b526 (0x0246e233) rem     tp, a3, tp
core   0: 3 0x8000b526 (0x0246e233) x4  0x00000001
core   0: 0x8000b52a (0x00000dea) c.slli  s11, 26
core   0: 3 0x8000b52a (0x0dea) x27 0x04000000
core   0: 0x8000b52c (0x0000997d) c.andi  a0, -1
core   0: 3 0x8000b52c (0x997d) x10 0x000004da
core   0: 0x8000b52e (0x02d6f363) bgeu    a3, a3, pc + 38
core   0: 3 0x8000b52e (0x02d6f363)
core   0: 0x8000b554 (0x0ff0000f) fence   iorw,iorw
core   0: 3 0x8000b554 (0x0ff0000f)
core   0: 0x8000b558 (0x02348c63) beq     s1, gp, pc + 56
core   0: 3 0x8000b558 (0x02348c63)
core   0: 0x8000b55c (0x02b44633) div     a2, s0, a1
core   0: 3 0x8000b55c (0x02b44633) x12 0x0000000d
core   0: 0x8000b560 (0x000081bd) c.srli  a1, 15
core   0: 3 0x8000b560 (0x81bd) x11 0x00000000
core   0: 0x8000b562 (0x00008e11) c.sub   a2, a2
core   0: 3 0x8000b562 (0x8e11) x12 0x00000000
core   0: 0x8000b564 (0x01d16bb3) or      s7, sp, t4
core   0: 3 0x8000b564 (0x01d16bb3) x23 0xfffffffd
core   0: 0x8000b568 (0x00008f01) c.sub   a4, s0
core   0: 3 0x8000b568 (0x8f01) x14 0x074bb37d
core   0: 0x8000b56a (0x9a877393) andi    t2, a4, -1624
core   0: 3 0x8000b56a (0x9a877393) x7  0x074bb128
core   0: 0x8000b56e (0x00000001) c.nop
core   0: 3 0x8000b56e (0x0001)
core   0: 0x8000b570 (0x00008f95) c.sub   a5, a3
core   0: 3 0x8000b570 (0x8f95) x15 0x00000001
core   0: 0x8000b572 (0x3409ad73) csrrs   s10, mscratch, s3
core   0: 3 0x8000b572 (0x3409ad73) x26 0x80025ced c832_mscratch 0x80025dfd
core   0: 0x8000b576 (0x0000613d) c.addi16sp sp, 480
core   0: 3 0x8000b576 (0x613d) x2  0x000001dd
core   0: 0x8000b578 (0x714eaa13) slti    s4, t4, 1812
core   0: 3 0x8000b578 (0x714eaa13) x20 0x00000001
core   0: 0x8000b57c (0x03c93433) mulhu   s0, s2, t3
core   0: 3 0x8000b57c (0x03c93433) x8  0x00000000
core   0: 0x8000b580 (0x006dc833) xor     a6, s11, t1
core   0: 3 0x8000b580 (0x006dc833) x16 0x04000000
core   0: 0x8000b584 (0x0000100f) fence.i
core   0: 3 0x8000b584 (0x0000100f)
core   0: 0x8000b588 (0x02dbc833) div     a6, s7, a3
core   0: 3 0x8000b588 (0x02dbc833) x16 0xfffffffd
core   0: 0x8000b58c (0x0000547d) c.li    s0, -1
core   0: 3 0x8000b58c (0x547d) x8  0xffffffff
core   0: 0x8000b58e (0x00000001) c.nop
core   0: 3 0x8000b58e (0x0001)
core   0: 0x8000b590 (0x00008745) c.srai  a4, 17
core   0: 3 0x8000b590 (0x8745) x14 0x000003a5
core   0: 0x8000b592 (0x340023f3) csrr    t2, mscratch
core   0: 3 0x8000b592 (0x340023f3) x7  0x80025dfd
core   0: 0x8000b596 (0x9ed4b093) sltiu   ra, s1, -1555
core   0: 3 0x8000b596 (0x9ed4b093) x1  0x00000001
core   0: 0x8000b59a (0xd15bd037) lui     zero, 0xd15bd
core   0: 3 0x8000b59a (0xd15bd037)
core   0: 0x8000b59e (0x418a0633) sub     a2, s4, s8
core   0: 3 0x8000b59e (0x418a0633) x12 0x78b61093
core   0: 0x8000b5a2 (0x03023eb3) mulhu   t4, tp, a6
core   0: 3 0x8000b5a2 (0x03023eb3) x29 0x00000000
core   0: 0x8000b5a6 (0x02c2de33) divu    t3, t0, a2
core   0: 3 0x8000b5a6 (0x02c2de33) x28 0x00000002
core   0: 0x8000b5aa (0x015b1093) slli    ra, s6, 21
core   0: 3 0x8000b5aa (0x015b1093) x1  0xff800000
core   0: 0x8000b5ae (0x03a5a233) mulhsu  tp, a1, s10
core   0: 3 0x8000b5ae (0x03a5a233) x4  0x00000000
core   0: 0x8000b5b2 (0x144c6717) auipc   a4, 0x144c6
core   0: 3 0x8000b5b2 (0x144c6717) x14 0x944d15b2
core   0: 0x8000b5b6 (0x41fa5b33) sra     s6, s4, t6
core   0: 3 0x8000b5b6 (0x41fa5b33) x22 0x00000000
core   0: 0x8000b5ba (0x01231213) slli    tp, t1, 18
core   0: 3 0x8000b5ba (0x01231213) x4  0x00000000
core   0: 0x8000b5be (0x01bc9233) sll     tp, s9, s11
core   0: 3 0x8000b5be (0x01bc9233) x4  0x80025ce4
core   0: 0x8000b5c2 (0x340136f3) csrrc   a3, mscratch, sp
core   0: 3 0x8000b5c2 (0x340136f3) x13 0x80025dfd c832_mscratch 0x80025c20
core   0: 0x8000b5c6 (0x34002ef3) csrr    t4, mscratch
core   0: 3 0x8000b5c6 (0x34002ef3) x29 0x80025c20
core   0: 0x8000b5ca (0x0000cd9d) c.beqz  a1, pc + 62
core   0: 3 0x8000b5ca (0xcd9d)
core   0: 0x8000b608 (0x00008c51) c.or    s0, a2
core   0: 3 0x8000b608 (0x8c51) x8  0xffffffff
core   0: 0x8000b60a (0x02071933) mulh    s2, a4, zero
core   0: 3 0x8000b60a (0x02071933) x18 0x00000000
core   0: 0x8000b60e (0x340077f3) csrrci  a5, mscratch, 0
core   0: 3 0x8000b60e (0x340077f3) x15 0x80025c20
core   0: 0x8000b612 (0x340ed073) csrwi   mscratch, 29
core   0: 3 0x8000b612 (0x340ed073) c832_mscratch 0x0000001d
core   0: 0x8000b616 (0x0454c263) blt     s1, t0, pc + 68
core   0: 3 0x8000b616 (0x0454c263)
core   0: 0x8000b61a (0x66911497) auipc   s1, 0x66911
core   0: 3 0x8000b61a (0x66911497) x9  0xe691c61a
core   0: 0x8000b61e (0x03b3e733) rem     a4, t2, s11
core   0: 3 0x8000b61e (0x03b3e733) x14 0xfc025dfd
core   0: 0x8000b622 (0x009586b3) add     a3, a1, s1
core   0: 3 0x8000b622 (0x009586b3) x13 0xe691c61a
core   0: 0x8000b626 (0x0026fd33) and     s10, a3, sp
core   0: 3 0x8000b626 (0x0026fd33) x26 0x00000018
core   0: 0x8000b62a (0x40b68bb3) sub     s7, a3, a1
core   0: 3 0x8000b62a (0x40b68bb3) x23 0xe691c61a
core   0: 0x8000b62e (0x01e17433) and     s0, sp, t5
core   0: 3 0x8000b62e (0x01e17433) x8  0x00000044
core   0: 0x8000b632 (0x408ad213) srai    tp, s5, 8
core   0: 3 0x8000b632 (0x408ad213) x4  0xfffffff9
core   0: 0x8000b636 (0x0213c0b3) div     ra, t2, ra
core   0: 3 0x8000b636 (0x0213c0b3) x1  0x000000ff
core   0: 0x8000b63a (0x0008d913) srli    s2, a7, 0
core   0: 3 0x8000b63a (0x0008d913) x18 0x00000651
core   0: 0x8000b63e (0x00008d21) c.xor   a0, s0
core   0: 3 0x8000b63e (0x8d21) x10 0x0000049e
core   0: 0x8000b640 (0x34002d73) csrr    s10, mscratch
core   0: 3 0x8000b640 (0x34002d73) x26 0x0000001d
core   0: 0x8000b644 (0x0ff0000f) fence   iorw,iorw
core   0: 3 0x8000b644 (0x0ff0000f)
core   0: 0x8000b648 (0x00000001) c.nop
core   0: 3 0x8000b648 (0x0001)
core   0: 0x8000b64a (0x4074d033) sra     zero, s1, t2
core   0: 3 0x8000b64a (0x4074d033)
core   0: 0x8000b64e (0xfa9fea17) auipc   s4, 0xfa9fe
core   0: 3 0x8000b64e (0xfa9fea17) x20 0x7aa0964e
core   0: 0x8000b652 (0x03f79763) bne     a5, t6, pc + 46
core   0: 3 0x8000b652 (0x03f79763)
core   0: 0x8000b680 (0x45c8b517) auipc   a0, 0x45c8b
core   0: 3 0x8000b680 (0x45c8b517) x10 0xc5c96680
core   0: 0x8000b684 (0x34006273) csrrsi  tp, mscratch, 0
core   0: 3 0x8000b684 (0x34006273) x4  0x0000001d
core   0: 0x8000b688 (0x00fbdb33) srl     s6, s7, a5
core   0: 3 0x8000b688 (0x00fbdb33) x22 0xe691c61a
core   0: 0x8000b68c (0xa7a56393) ori     t2, a0, -1414
core   0: 3 0x8000b68c (0xa7a56393) x7  0xfffffefa
core   0: 0x8000b690 (0x000ddd93) srli    s11, s11, 0
core   0: 3 0x8000b690 (0x000ddd93) x27 0x04000000
core   0: 0x8000b694 (0xee82a213) slti    tp, t0, -280
core   0: 3 0x8000b694 (0xee82a213) x4  0x00000000
core   0: 0x8000b698 (0x00000001) c.nop
core   0: 3 0x8000b698 (0x0001)
core   0: 0x8000b69a (0x71c3f293) andi    t0, t2, 1820
core   0: 3 0x8000b69a (0x71c3f293) x5  0x00000618
core   0: 0x8000b69e (0x00441813) slli    a6, s0, 4
core   0: 3 0x8000b69e (0x00441813) x16 0x00000440
core   0: 0x8000b6a2 (0x000064b1) c.lui   s1, 0xc
core   0: 3 0x8000b6a2 (0x64b1) x9  0x0000c000
core   0: 0x8000b6a4 (0x340027f3) csrr    a5, mscratch
core   0: 3 0x8000b6a4 (0x340027f3) x15 0x0000001d
core   0: 0x8000b6a8 (0x015f9733) sll     a4, t6, s5
core   0: 3 0x8000b6a8 (0x015f9733) x14 0x002c0000
core   0: 0x8000b6ac (0x00006bc9) c.lui   s7, 0x12
core   0: 3 0x8000b6ac (0x6bc9) x23 0x00012000
core   0: 0x8000b6ae (0x030a3033) mulhu   zero, s4, a6
core   0: 3 0x8000b6ae (0x030a3033)
core   0: 0x8000b6b2 (0x02d2a633) mulhsu  a2, t0, a3
core   0: 3 0x8000b6b2 (0x02d2a633) x12 0x0000057d
core   0: 0x8000b6b6 (0x039182b3) mul     t0, gp, s9
core   0: 3 0x8000b6b6 (0x039182b3) x5  0x00000000
core   0: 0x8000b6ba (0x03631863) bne     t1, s6, pc + 48
core   0: 3 0x8000b6ba (0x03631863)
core   0: 0x8000b6ea (0x34006e73) csrrsi  t3, mscratch, 0
core   0: 3 0x8000b6ea (0x34006e73) x28 0x0000001d
core   0: 0x8000b6ee (0x03ecbe33) mulhu   t3, s9, t5
core   0: 3 0x8000b6ee (0x03ecbe33) x28 0x80025b16
core   0: 0x8000b6f2 (0x34003973) csrrc   s2, mscratch, zero
core   0: 3 0x8000b6f2 (0x34003973) x18 0x0000001d
core   0: 0x8000b6f6 (0x0ff0000f) fence   iorw,iorw
core   0: 3 0x8000b6f6 (0x0ff0000f)
core   0: 0x8000b6fa (0x02aa9a63) bne     s5, a0, pc + 52
core   0: 3 0x8000b6fa (0x02aa9a63)
core   0: 0x8000b72e (0x016f0333) add     t1, t5, s6
core   0: 3 0x8000b72e (0x016f0333) x6  0xe691c280
core   0: 0x8000b732 (0x01b6f4b3) and     s1, a3, s11
core   0: 3 0x8000b732 (0x01b6f4b3) x9  0x04000000
core   0: 0x8000b736 (0x00006d69) c.lui   s10, 0x1a
core   0: 3 0x8000b736 (0x6d69) x26 0x0001a000
core   0: 0x8000b738 (0xc3656a93) ori     s5, a0, -970
core   0: 3 0x8000b738 (0xc3656a93) x21 0xfffffeb6
core   0: 0x8000b73c (0x833ad5b7) lui     a1, 0x833ad
core   0: 3 0x8000b73c (0x833ad5b7) x11 0x833ad000
core   0: 0x8000b740 (0x00008fe1) c.and   a5, s0
core   0: 3 0x8000b740 (0x8fe1) x15 0x00000004
core   0: 0x8000b742 (0x035bf7b3) remu    a5, s7, s5
core   0: 3 0x8000b742 (0x035bf7b3) x15 0x00012000
core   0: 0x8000b746 (0x4b952b93) slti    s7, a0, 1209
core   0: 3 0x8000b746 (0x4b952b93) x23 0x00000001
core   0: 0x8000b74a (0x01494833) xor     a6, s2, s4
core   0: 3 0x8000b74a (0x01494833) x16 0x7aa09653
core   0: 0x8000b74e (0x00341333) sll     t1, s0, gp
core   0: 3 0x8000b74e (0x00341333) x6  0x00000044
core   0: 0x8000b752 (0x00433d33) sltu    s10, t1, tp
core   0: 3 0x8000b752 (0x00433d33) x26 0x00000000
core   0: 0x8000b756 (0x02ad0433) mul     s0, s10, a0
core   0: 3 0x8000b756 (0x02ad0433) x8  0x00000000
core   0: 0x8000b75a (0x0016da33) srl     s4, a3, ra
core   0: 3 0x8000b75a (0x0016da33) x20 0x00000001
core   0: 0x8000b75e (0x03192233) mulhsu  tp, s2, a7
core   0: 3 0x8000b75e (0x03192233) x4  0x00000000
core   0: 0x8000b762 (0x00008952) c.mv    s2, s4
core   0: 3 0x8000b762 (0x8952) x18 0x00000001
core   0: 0x8000b764 (0x000066b9) c.lui   a3, 0xe
core   0: 3 0x8000b764 (0x66b9) x13 0x0000e000
core   0: 0x8000b766 (0x00a21613) slli    a2, tp, 10
core   0: 3 0x8000b766 (0x00a21613) x12 0x00000000
core   0: 0x8000b76a (0x9e8eae37) lui     t3, 0x9e8ea
core   0: 3 0x8000b76a (0x9e8eae37) x28 0x9e8ea000
core   0: 0x8000b76e (0x4181d313) srai    t1, gp, 24
core   0: 3 0x8000b76e (0x4181d313) x6  0x00000000
core   0: 0x8000b772 (0x03f42097) auipc   ra, 0x3f42
core   0: 3 0x8000b772 (0x03f42097) x1  0x83f4d772
core   0: 0x8000b776 (0x00000762) c.slli  a4, 24
core   0: 3 0x8000b776 (0x0762) x14 0x00000000
core   0: 0x8000b778 (0x000da533) slt     a0, s11, zero
core   0: 3 0x8000b778 (0x000da533) x10 0x00000000
core   0: 0x8000b77c (0x00975233) srl     tp, a4, s1
core   0: 3 0x8000b77c (0x00975233) x4  0x00000000
core   0: 0x8000b780 (0x0000100f) fence.i
core   0: 3 0x8000b780 (0x0000100f)
core   0: 0x8000b784 (0x02451363) bne     a0, tp, pc + 38
core   0: 3 0x8000b784 (0x02451363)
core   0: 0x8000b788 (0x00008791) c.srai  a5, 4
core   0: 3 0x8000b788 (0x8791) x15 0x00001200
core   0: 0x8000b78a (0x00c29e63) bne     t0, a2, pc + 28
core   0: 3 0x8000b78a (0x00c29e63)
core   0: 0x8000b78e (0x00008d2d) c.xor   a0, a1
core   0: 3 0x8000b78e (0x8d2d) x10 0x833ad000
core   0: 0x8000b790 (0x4101d3b3) sra     t2, gp, a6
core   0: 3 0x8000b790 (0x4101d3b3) x7  0x00000000
core   0: 0x8000b794 (0x65757a93) andi    s5, a0, 1623
core   0: 3 0x8000b794 (0x65757a93) x21 0x00000000
core   0: 0x8000b798 (0x0026f933) and     s2, a3, sp
core   0: 3 0x8000b798 (0x0026f933) x18 0x00000000
core   0: 0x8000b79c (0x00008d85) c.sub   a1, s1
core   0: 3 0x8000b79c (0x8d85) x11 0x7f3ad000
core   0: 0x8000b79e (0x0226c833) div     a6, a3, sp
core   0: 3 0x8000b79e (0x0226c833) x16 0x00000078
core   0: 0x8000b7a2 (0x90c4b693) sltiu   a3, s1, -1780
core   0: 3 0x8000b7a2 (0x90c4b693) x13 0x00000001
core   0: 0x8000b7a6 (0xa5837f13) andi    t5, t1, -1448
core   0: 3 0x8000b7a6 (0xa5837f13) x30 0x00000000
core   0: 0x8000b7aa (0x0000850e) c.mv    a0, gp
core   0: 3 0x8000b7aa (0x850e) x10 0x00000000
core   0: 0x8000b7ac (0x01ded233) srl     tp, t4, t4
core   0: 3 0x8000b7ac (0x01ded233) x4  0x80025c20
core   0: 0x8000b7b0 (0x01029863) bne     t0, a6, pc + 16
core   0: 3 0x8000b7b0 (0x01029863)
core   0: 0x8000b7c0 (0x03aa5f33) divu    t5, s4, s10
core   0: 3 0x8000b7c0 (0x03aa5f33) x30 0xffffffff
core   0: 0x8000b7c4 (0x00000001) c.nop
core   0: 3 0x8000b7c4 (0x0001)
core   0: 0x8000b7c6 (0x340e5c73) csrrwi  s8, mscratch, 28
core   0: 3 0x8000b7c6 (0x340e5c73) x24 0x0000001d c832_mscratch 0x0000001c
core   0: 0x8000b7ca (0x00c8edb3) or      s11, a7, a2
core   0: 3 0x8000b7ca (0x00c8edb3) x27 0x00000651
core   0: 0x8000b7ce (0x00008ff1) c.and   a5, a2
core   0: 3 0x8000b7ce (0x8ff1) x15 0x00000000
core   0: 0x8000b7d0 (0xcd16cf13) xori    t5, a3, -815
core   0: 3 0x8000b7d0 (0xcd16cf13) x30 0xfffffcd0
core   0: 0x8000b7d4 (0x5fabfd13) andi    s10, s7, 1530
core   0: 3 0x8000b7d4 (0x5fabfd13) x26 0x00000000
core   0: 0x8000b7d8 (0x0000040e) c.slli  s0, 3
core   0: 3 0x8000b7d8 (0x040e) x8  0x00000000
core   0: 0x8000b7da (0x0000717d) c.addi16sp sp, -16
core   0: 3 0x8000b7da (0x717d) x2  0x000001cd
core   0: 0x8000b7dc (0x0000044d) c.addi  s0, 19
core   0: 3 0x8000b7dc (0x044d) x8  0x00000013
core   0: 0x8000b7de (0x003dc333) xor     t1, s11, gp
core   0: 3 0x8000b7de (0x003dc333) x6  0x00000651
core   0: 0x8000b7e2 (0x0ff0000f) fence   iorw,iorw
core   0: 3 0x8000b7e2 (0x0ff0000f)
core   0: 0x8000b7e6 (0x34055973) csrrwi  s2, mscratch, 10
core   0: 3 0x8000b7e6 (0x34055973) x18 0x0000001c c832_mscratch 0x0000000a
core   0: 0x8000b7ea (0x0210f2b3) remu    t0, ra, ra
core   0: 3 0x8000b7ea (0x0210f2b3) x5  0x00000000
core   0: 0x8000b7ee (0x34009df3) csrrw   s11, mscratch, ra
core   0: 3 0x8000b7ee (0x34009df3) x27 0x0000000a c832_mscratch 0x83f4d772
core   0: 0x8000b7f2 (0x00008122) c.mv    sp, s0
core   0: 3 0x8000b7f2 (0x8122) x2  0x00000013
core   0: 0x8000b7f4 (0x00000c45) c.addi  s8, 17
core   0: 3 0x8000b7f4 (0x0c45) x24 0x0000002e
core   0: 0x8000b7f6 (0x0321d163) bge     gp, s2, pc + 34
core   0: 3 0x8000b7f6 (0x0321d163)
core   0: 0x8000b7fa (0x0000187d) c.addi  a6, -1
core   0: 3 0x8000b7fa (0x187d) x16 0x00000077
core   0: 0x8000b7fc (0x014e61b3) or      gp, t3, s4
core   0: 3 0x8000b7fc (0x014e61b3) x3  0x9e8ea001
core   0: 0x8000b800 (0xd59b2a13) slti    s4, s6, -679
core   0: 3 0x8000b800 (0xd59b2a13) x20 0x00000001
core   0: 0x8000b804 (0x00000e5a) c.slli  t3, 22
core   0: 3 0x8000b804 (0x0e5a) x28 0x00000000
core   0: 0x8000b806 (0xab1c0493) addi    s1, s8, -1359
core   0: 3 0x8000b806 (0xab1c0493) x9  0xfffffadf
core   0: 0x8000b80a (0x0687e113) ori     sp, a5, 104
core   0: 3 0x8000b80a (0x0687e113) x2  0x00000068
core   0: 0x8000b80e (0x000085b9) c.srai  a1, 14
core   0: 3 0x8000b80e (0x85b9) x11 0x0001fceb
core   0: 0x8000b810 (0x00008ef5) c.and   a3, a3
core   0: 3 0x8000b810 (0x8ef5) x13 0x00000001
core   0: 0x8000b812 (0x000093aa) c.add   t2, a0
core   0: 3 0x8000b812 (0x93aa) x7  0x00000000
core   0: 0x8000b814 (0x00309663) bne     ra, gp, pc + 12
core   0: 3 0x8000b814 (0x00309663)
core   0: 0x8000b820 (0x00008f6d) c.and   a4, a1
core   0: 3 0x8000b820 (0x8f6d) x14 0x00000000
core   0: 0x8000b822 (0x01c117b3) sll     a5, sp, t3
core   0: 3 0x8000b822 (0x01c117b3) x15 0x00000068
core   0: 0x8000b826 (0x029d7463) bgeu    s10, s1, pc + 40
core   0: 3 0x8000b826 (0x029d7463)
core   0: 0x8000b82a (0x0190d133) srl     sp, ra, s9
core   0: 3 0x8000b82a (0x0190d133) x2  0x083f4d77
core   0: 0x8000b82e (0x03a1c763) blt     gp, s10, pc + 46
core   0: 3 0x8000b82e (0x03a1c763)
core   0: 0x8000b85c (0x40e803b3) sub     t2, a6, a4
core   0: 3 0x8000b85c (0x40e803b3) x7  0x00000077
core   0: 0x8000b860 (0x00f89b33) sll     s6, a7, a5
core   0: 3 0x8000b860 (0x00f89b33) x22 0x00065100
core   0: 0x8000b864 (0x0281b233) mulhu   tp, gp, s0
core   0: 3 0x8000b864 (0x0281b233) x4  0x0000000b
core   0: 0x8000b868 (0x34002273) csrr    tp, mscratch
core   0: 3 0x8000b868 (0x34002273) x4  0x83f4d772
core   0: 0x8000b86c (0x552d3f13) sltiu   t5, s10, 1362
core   0: 3 0x8000b86c (0x552d3f13) x30 0x00000001
core   0: 0x8000b870 (0x00000001) c.nop
core   0: 3 0x8000b870 (0x0001)
core   0: 0x8000b872 (0x02fe47b3) div     a5, t3, a5
core   0: 3 0x8000b872 (0x02fe47b3) x15 0x00000000
core   0: 0x8000b876 (0x1cdaa813) slti    a6, s5, 461
core   0: 3 0x8000b876 (0x1cdaa813) x16 0x00000001
core   0: 0x8000b87a (0x00000001) c.nop
core   0: 3 0x8000b87a (0x0001)
core   0: 0x8000b87c (0x00008d95) c.sub   a1, a3
core   0: 3 0x8000b87c (0x8d95) x11 0x0001fcea
core   0: 0x8000b87e (0x00001f00) c.addi4spn s0, sp, 944
core   0: 3 0x8000b87e (0x1f00) x8  0x083f5127
core   0: 0x8000b880 (0x00000001) c.nop
core   0: 3 0x8000b880 (0x0001)
core   0: 0x8000b882 (0x0000100f) fence.i
core   0: 3 0x8000b882 (0x0000100f)
core   0: 0x8000b886 (0x00008d95) c.sub   a1, a3
core   0: 3 0x8000b886 (0x8d95) x11 0x0001fce9
core   0: 0x8000b888 (0x05ef0063) beq     t5, t5, pc + 64
core   0: 3 0x8000b888 (0x05ef0063)
core   0: 0x8000b8c8 (0x17291897) auipc   a7, 0x17291
core   0: 3 0x8000b8c8 (0x17291897) x17 0x9729c8c8
core   0: 0x8000b8cc (0x00000001) c.nop
core   0: 3 0x8000b8cc (0x0001)
core   0: 0x8000b8ce (0x000066bd) c.lui   a3, 0xf
core   0: 3 0x8000b8ce (0x66bd) x13 0x0000f000
core   0: 0x8000b8d0 (0x41f4d193) srai    gp, s1, 31
core   0: 3 0x8000b8d0 (0x41f4d193) x3  0xffffffff
core   0: 0x8000b8d4 (0x02f7b6b3) mulhu   a3, a5, a5
core   0: 3 0x8000b8d4 (0x02f7b6b3) x13 0x00000000
core   0: 0x8000b8d8 (0x02d11463) bne     sp, a3, pc + 40
core   0: 3 0x8000b8d8 (0x02d11463)
core   0: 0x8000b900 (0x00008c19) c.sub   s0, a4
core   0: 3 0x8000b900 (0x8c19) x8  0x083f5127
core   0: 0x8000b902 (0x411486b3) sub     a3, s1, a7
core   0: 3 0x8000b902 (0x411486b3) x13 0x68d63217
core   0: 0x8000b906 (0x390e1c17) auipc   s8, 0x390e1
core   0: 3 0x8000b906 (0x390e1c17) x24 0xb90ec906
core   0: 0x8000b90a (0x34026c73) csrrsi  s8, mscratch, 4
core   0: 3 0x8000b90a (0x34026c73) x24 0x83f4d772 c832_mscratch 0x83f4d776
core   0: 0x8000b90e (0x00721563) bne     tp, t2, pc + 10
core   0: 3 0x8000b90e (0x00721563)
core   0: 0x8000b918 (0x00008e45) c.or    a2, s1
core   0: 3 0x8000b918 (0x8e45) x12 0xfffffadf
core   0: 0x8000b91a (0x053ff563) bgeu    t6, s3, pc + 74
core   0: 3 0x8000b91a (0x053ff563)
core   0: 0x8000b91e (0x9ad6dab7) lui     s5, 0x9ad6d
core   0: 3 0x8000b91e (0x9ad6dab7) x21 0x9ad6d000
core   0: 0x8000b922 (0x1b6f3293) sltiu   t0, t5, 438
core   0: 3 0x8000b922 (0x1b6f3293) x5  0x00000001
core   0: 0x8000b926 (0x0000100f) fence.i
core   0: 3 0x8000b926 (0x0000100f)
core   0: 0x8000b92a (0x011867b3) or      a5, a6, a7
core   0: 3 0x8000b92a (0x011867b3) x15 0x9729c8c9
core   0: 0x8000b92e (0x00008d01) c.sub   a0, s0
core   0: 3 0x8000b92e (0x8d01) x10 0xf7c0aed9
core   0: 0x8000b930 (0x40060b33) sub     s6, a2, zero
core   0: 3 0x8000b930 (0x40060b33) x22 0xfffffadf
core   0: 0x8000b934 (0x0000ef11) c.bnez  a4, pc + 28
core   0: 3 0x8000b934 (0xef11)
core   0: 0x8000b936 (0x0073a5b3) slt     a1, t2, t2
core   0: 3 0x8000b936 (0x0073a5b3) x11 0x00000000
core   0: 0x8000b93a (0x00008e4d) c.or    a2, a1
core   0: 3 0x8000b93a (0x8e4d) x12 0xfffffadf
core   0: 0x8000b93c (0x00ac27b3) slt     a5, s8, a0
core   0: 3 0x8000b93c (0x00ac27b3) x15 0x00000001
core   0: 0x8000b940 (0x340927f3) csrrs   a5, mscratch, s2
core   0: 3 0x8000b940 (0x340927f3) x15 0x83f4d776 c832_mscratch 0x83f4d77e
core   0: 0x8000b944 (0x022a6533) rem     a0, s4, sp
core   0: 3 0x8000b944 (0x022a6533) x10 0x00000001
core   0: 0x8000b948 (0x310db913) sltiu   s2, s11, 784
core   0: 3 0x8000b948 (0x310db913) x18 0x00000001
core   0: 0x8000b94c (0x0151de63) bge     gp, s5, pc + 28
core   0: 3 0x8000b94c (0x0151de63)
core   0: 0x8000b968 (0x03f67c63) bgeu    a2, t6, pc + 56
core   0: 3 0x8000b968 (0x03f67c63)
core   0: 0x8000b9a0 (0x00008f75) c.and   a4, a3
core   0: 3 0x8000b9a0 (0x8f75) x14 0x00000000
core   0: 0x8000b9a2 (0x00006a35) c.lui   s4, 0xd
core   0: 3 0x8000b9a2 (0x6a35) x20 0x0000d000
core   0: 0x8000b9a4 (0x0156e263) bltu    a3, s5, pc + 4
core   0: 3 0x8000b9a4 (0x0156e263)
core   0: 0x8000b9a8 (0x0079d033) srl     zero, s3, t2
core   0: 3 0x8000b9a8 (0x0079d033)
core   0: 0x8000b9ac (0x03423c33) mulhu   s8, tp, s4
core   0: 3 0x8000b9ac (0x03423c33) x24 0x00006b36
core   0: 0x8000b9b0 (0x00008f2d) c.xor   a4, a1
core   0: 3 0x8000b9b0 (0x8f2d) x14 0x00000000
core   0: 0x8000b9b2 (0x340ca573) csrrs   a0, mscratch, s9
core   0: 3 0x8000b9b2 (0x340ca573) x10 0x83f4d77e c832_mscratch 0x83f6dffe
core   0: 0x8000b9b6 (0x2d93fa13) andi    s4, t2, 729
core   0: 3 0x8000b9b6 (0x2d93fa13) x20 0x00000051
core   0: 0x8000b9ba (0x41178233) sub     tp, a5, a7
core   0: 3 0x8000b9ba (0x41178233) x4  0xeccb0eae
core   0: 0x8000b9be (0x0100b133) sltu    sp, ra, a6
core   0: 3 0x8000b9be (0x0100b133) x2  0x00000000
core   0: 0x8000b9c2 (0x05fac163) blt     s5, t6, pc + 66
core   0: 3 0x8000b9c2 (0x05fac163)
core   0: 0x8000ba04 (0x02df7d63) bgeu    t5, a3, pc + 58
core   0: 3 0x8000ba04 (0x02df7d63)
core   0: 0x8000ba08 (0x0000100f) fence.i
core   0: 3 0x8000ba08 (0x0000100f)
core   0: 0x8000ba0c (0x00000c21) c.addi  s8, 8
core   0: 3 0x8000ba0c (0x0c21) x24 0x00006b3e
core   0: 0x8000ba0e (0x00000f08) c.addi4spn a0, sp, 912
core   0: 3 0x8000ba0e (0x0f08) x10 0x00000390
core   0: 0x8000ba10 (0x0143f133) and     sp, t2, s4
core   0: 3 0x8000ba10 (0x0143f133) x2  0x00000051
core   0: 0x8000ba14 (0x00006151) c.addi16sp sp, 272
core   0: 3 0x8000ba14 (0x6151) x2  0x00000161
core   0: 0x8000ba16 (0x036b5e63) bge     s6, s6, pc + 60
core   0: 3 0x8000ba16 (0x036b5e63)
core   0: 0x8000ba52 (0x0000071a) c.slli  a4, 6
core   0: 3 0x8000ba52 (0x071a) x14 0x00000000
core   0: 0x8000ba54 (0x0000547d) c.li    s0, -1
core   0: 3 0x8000ba54 (0x547d) x8  0xffffffff
core   0: 0x8000ba56 (0x00638563) beq     t2, t1, pc + 10
core   0: 3 0x8000ba56 (0x00638563)
core   0: 0x8000ba5a (0x000050fd) c.li    ra, -1
core   0: 3 0x8000ba5a (0x50fd) x1  0xffffffff
core   0: 0x8000ba5c (0x3060c593) xori    a1, ra, 774
core   0: 3 0x8000ba5c (0x3060c593) x11 0xfffffcf9
core   0: 0x8000ba60 (0x34006473) csrrsi  s0, mscratch, 0
core   0: 3 0x8000ba60 (0x34006473) x8  0x83f6dffe
core   0: 0x8000ba64 (0x37997893) andi    a7, s2, 889
core   0: 3 0x8000ba64 (0x37997893) x17 0x00000001
core   0: 0x8000ba68 (0x00008cb5) c.xor   s1, a3
core   0: 3 0x8000ba68 (0x8cb5) x9  0x9729c8c8
core   0: 0x8000ba6a (0x0350ee33) rem     t3, ra, s5
core   0: 3 0x8000ba6a (0x0350ee33) x28 0xffffffff
core   0: 0x8000ba6e (0x34031473) csrrw   s0, mscratch, t1
core   0: 3 0x8000ba6e (0x34031473) x8  0x83f6dffe c832_mscratch 0x00000651
core   0: 0x8000ba72 (0x340ea473) csrrs   s0, mscratch, t4
core   0: 3 0x8000ba72 (0x340ea473) x8  0x00000651 c832_mscratch 0x80025e71
core   0: 0x8000ba76 (0x000081bd) c.srli  a1, 15
core   0: 3 0x8000ba76 (0x81bd) x11 0x0001ffff
core   0: 0x8000ba78 (0x00008e31) c.xor   a2, a2
core   0: 3 0x8000ba78 (0x8e31) x12 0x00000000
core   0: 0x8000ba7a (0x031b0233) mul     tp, s6, a7
core   0: 3 0x8000ba7a (0x031b0233) x4  0xfffffadf
core   0: 0x8000ba7e (0x0000100f) fence.i
core   0: 3 0x8000ba7e (0x0000100f)
core   0: 0x8000ba82 (0x01a89c63) bne     a7, s10, pc + 24
core   0: 3 0x8000ba82 (0x01a89c63)
core   0: 0x8000ba9a (0x018127b3) slt     a5, sp, s8
core   0: 3 0x8000ba9a (0x018127b3) x15 0x00000001
core   0: 0x8000ba9e (0x414f0d33) sub     s10, t5, s4
core   0: 3 0x8000ba9e (0x414f0d33) x26 0xffffffb0
core   0: 0x8000baa2 (0x00008c59) c.or    s0, a4
core   0: 3 0x8000baa2 (0x8c59) x8  0x00000651
core   0: 0x8000baa4 (0x031527b3) mulhsu  a5, a0, a7
core   0: 3 0x8000baa4 (0x031527b3) x15 0x00000000
core   0: 0x8000baa8 (0x46ec6593) ori     a1, s8, 1134
core   0: 3 0x8000baa8 (0x46ec6593) x11 0x00006f7e
core   0: 0x8000baac (0x02cc57b3) divu    a5, s8, a2
core   0: 3 0x8000baac (0x02cc57b3) x15 0xffffffff
core   0: 0x8000bab0 (0x03a0ee63) bltu    ra, s10, pc + 60
core   0: 3 0x8000bab0 (0x03a0ee63)
core   0: 0x8000bab4 (0x018cf863) bgeu    s9, s8, pc + 16
core   0: 3 0x8000bab4 (0x018cf863)
core   0: 0x8000bac4 (0x035dec33) rem     s8, s11, s5
core   0: 3 0x8000bac4 (0x035dec33) x24 0x0000000a
core   0: 0x8000bac8 (0x02bc43b3) div     t2, s8, a1
core   0: 3 0x8000bac8 (0x02bc43b3) x7  0x00000000
core   0: 0x8000bacc (0x00cbe133) or      sp, s7, a2
core   0: 3 0x8000bacc (0x00cbe133) x2  0x00000001
core   0: 0x8000bad0 (0x0000717d) c.addi16sp sp, -16
core   0: 3 0x8000bad0 (0x717d) x2  0xfffffff1
core   0: 0x8000bad2 (0xaf1ebb93) sltiu   s7, t4, -1295
core   0: 3 0x8000bad2 (0xaf1ebb93) x23 0x00000001
core   0: 0x8000bad6 (0x000bfeb3) and     t4, s7, zero
core   0: 3 0x8000bad6 (0x000bfeb3) x29 0x00000000
core   0: 0x8000bada (0x00b571b3) and     gp, a0, a1
core   0: 3 0x8000bada (0x00b571b3) x3  0x00000310
core   0: 0x8000bade (0x00008ce9) c.and   s1, a0
core   0: 3 0x8000bade (0x8ce9) x9  0x00000080
core   0: 0x8000bae0 (0x01011863) bne     sp, a6, pc + 16
core   0: 3 0x8000bae0 (0x01011863)
core   0: 0x8000baf0 (0x00005e7d) c.li    t3, -1
core   0: 3 0x8000baf0 (0x5e7d) x28 0xffffffff
core   0: 0x8000baf2 (0x00000001) c.nop
core   0: 3 0x8000baf2 (0x0001)
core   0: 0x8000baf4 (0x0222f3b3) remu    t2, t0, sp
core   0: 3 0x8000baf4 (0x0222f3b3) x7  0x00000001
core   0: 0x8000baf8 (0x01449a13) slli    s4, s1, 20
core   0: 3 0x8000baf8 (0x01449a13) x20 0x08000000
core   0: 0x8000bafc (0x02c9c8b3) div     a7, s3, a2
core   0: 3 0x8000bafc (0x02c9c8b3) x17 0xffffffff
core   0: 0x8000bb00 (0x00008929) c.andi  a0, 10
core   0: 3 0x8000bb00 (0x8929) x10 0x00000000
core   0: 0x8000bb02 (0x00f19113) slli    sp, gp, 15
core   0: 3 0x8000bb02 (0x00f19113) x2  0x01880000
core   0: 0x8000bb06 (0x02019063) bnez    gp, pc + 32
core   0: 3 0x8000bb06 (0x02019063)
core   0: 0x8000bb26 (0x02834133) div     sp, t1, s0
core   0: 3 0x8000bb26 (0x02834133) x2  0x00000001
core   0: 0x8000bb2a (0x00008dc9) c.or    a1, a0
core   0: 3 0x8000bb2a (0x8dc9) x11 0x00006f7e
core   0: 0x8000bb2c (0x00008c49) c.or    s0, a0
core   0: 3 0x8000bb2c (0x8c49) x8  0x00000651
core   0: 0x8000bb2e (0x0049a603) lw      a2, 4(s3)
core   0: 3 0x8000bb2e (0x0049a603) x12 0x8000391e mem 0x80021dfc
core   0: 0x8000bb32 (0x000009f1) c.addi  s3, 28
core   0: 3 0x8000bb32 (0x09f1) x19 0x80021e14
core   0: 0x8000bb34 (0x00000386) c.slli  t2, 1
core   0: 3 0x8000bb34 (0x0386) x7  0x00000002
core   0: 0x8000bb36 (0x00160513) addi    a0, a2, 1
core   0: 3 0x8000bb36 (0x00160513) x10 0x8000391f
core   0: 0x8000bb3a (0x00008502) c.jr    a0
core   0: 3 0x8000bb3a (0x8502)
core   0: 0x8000391e (0x3403d973) csrrwi  s2, mscratch, 7
core   0: 3 0x8000391e (0x3403d973) x18 0x80025e71 c832_mscratch 0x00000007
core   0: 0x80003922 (0x340aec73) csrrsi  s8, mscratch, 21
core   0: 3 0x80003922 (0x340aec73) x24 0x00000007 c832_mscratch 0x00000017
core   0: 0x80003926 (0x004f5313) srli    t1, t5, 4
core   0: 3 0x80003926 (0x004f5313) x6  0x00000000
core   0: 0x8000392a (0x0000ea81) c.bnez  a3, pc + 16
core   0: 3 0x8000392a (0xea81)
core   0: 0x8000393a (0x00000001) c.nop
core   0: 3 0x8000393a (0x0001)
core   0: 0x8000393c (0x000083e1) c.srli  a5, 24
core   0: 3 0x8000393c (0x83e1) x15 0x000000ff
core   0: 0x8000393e (0x02213433) mulhu   s0, sp, sp
core   0: 3 0x8000393e (0x02213433) x8  0x00000000
core   0: 0x80003942 (0x00006dad) c.lui   s11, 0xb
core   0: 3 0x80003942 (0x6dad) x27 0x0000b000
core   0: 0x80003944 (0x01c17263) bgeu    sp, t3, pc + 4
core   0: 3 0x80003944 (0x01c17263)
core   0: 0x80003948 (0x34002473) csrr    s0, mscratch
core   0: 3 0x80003948 (0x34002473) x8  0x00000017
core   0: 0x8000394c (0x340567f3) csrrsi  a5, mscratch, 10
core   0: 3 0x8000394c (0x340567f3) x15 0x00000017 c832_mscratch 0x0000001f
core   0: 0x80003950 (0x0116d4b3) srl     s1, a3, a7
core   0: 3 0x80003950 (0x0116d4b3) x9  0x00000000
core   0: 0x80003954 (0x408e0eb3) sub     t4, t3, s0
core   0: 3 0x80003954 (0x408e0eb3) x29 0xffffffe8
core   0: 0x80003958 (0x00008ec1) c.or    a3, s0
core   0: 3 0x80003958 (0x8ec1) x13 0x68d63217
core   0: 0x8000395a (0x00004855) c.li    a6, 21
core   0: 3 0x8000395a (0x4855) x16 0x00000015
core   0: 0x8000395c (0x00008fa1) c.xor   a5, s0
core   0: 3 0x8000395c (0x8fa1) x15 0x00000000
core   0: 0x8000395e (0x340076f3) csrrci  a3, mscratch, 0
core   0: 3 0x8000395e (0x340076f3) x13 0x0000001f
core   0: 0x80003962 (0x00d19893) slli    a7, gp, 13
core   0: 3 0x80003962 (0x00d19893) x17 0x00620000
core   0: 0x80003966 (0x0049a603) lw      a2, 4(s3)
core   0: 3 0x80003966 (0x0049a603) x12 0x80003842 mem 0x80021e18
core   0: 0x8000396a (0x34049373) csrrw   t1, mscratch, s1
core   0: 3 0x8000396a (0x34049373) x6  0x0000001f c832_mscratch 0x00000000
core   0: 0x8000396e (0x0000987d) c.andi  s0, -1
core   0: 3 0x8000396e (0x987d) x8  0x00000017
core   0: 0x80003970 (0x02498993) addi    s3, s3, 36
core   0: 3 0x80003970 (0x02498993) x19 0x80021e38
core   0: 0x80003974 (0x03f45433) divu    s0, s0, t6
core   0: 3 0x80003974 (0x03f45433) x8  0x00000002
core   0: 0x80003978 (0x00060213) mv      tp, a2
core   0: 3 0x80003978 (0x00060213) x4  0x80003842
core   0: 0x8000397c (0x00020267) jalr    tp, tp, 0
core   0: 3 0x8000397c (0x00020267) x4  0x80003980
core   0: 0x80003842 (0x0000820e) c.mv    tp, gp
core   0: 3 0x80003842 (0x820e) x4  0x00000310
core   0: 0x80003844 (0x3005b693) sltiu   a3, a1, 768
core   0: 3 0x80003844 (0x3005b693) x13 0x00000000
core   0: 0x80003848 (0x00000f17) auipc   t5, 0x0
core   0: 3 0x80003848 (0x00000f17) x30 0x80003848
core   0: 0x8000384c (0x0a8f0f13) addi    t5, t5, 168
core   0: 3 0x8000384c (0x0a8f0f13) x30 0x800038f0
core   0: 0x80003850 (0xf2df0f13) addi    t5, t5, -211
core   0: 3 0x80003850 (0xf2df0f13) x30 0x8000381d
core   0: 0x80003854 (0x34002e73) csrr    t3, mscratch
core   0: 3 0x80003854 (0x34002e73) x28 0x00000000
core   0: 0x80003858 (0x000094f2) c.add   s1, t3
core   0: 3 0x80003858 (0x94f2) x9  0x00000000
core   0: 0x8000385a (0x000045cd) c.li    a1, 19
core   0: 3 0x8000385a (0x45cd) x11 0x00000013
core   0: 0x8000385c (0x0d3f0667) jalr    a2, t5, 211
core   0: 3 0x8000385c (0x0d3f0667) x12 0x80003860
core   0: 0x800038f0 (0x0083e463) bltu    t2, s0, pc + 8
core   0: 3 0x800038f0 (0x0083e463)
core   0: 0x800038f4 (0x72b46213) ori     tp, s0, 1835
core   0: 3 0x800038f4 (0x72b46213) x4  0x0000072b
core   0: 0x800038f8 (0xfdc98993) addi    s3, s3, -36
core   0: 3 0x800038f8 (0xfdc98993) x19 0x80021e14
core   0: 0x800038fc (0x00c9a223) sw      a2, 4(s3)
core   0: 3 0x800038fc (0x00c9a223) mem 0x80021e18 0x80003860
core   0: 0x80003900 (0x00000222) c.slli  tp, 8
core   0: 3 0x80003900 (0x0222) x4  0x00072b00
core   0: 0x80003902 (0x03f8fab3) remu    s5, a7, t6
core   0: 3 0x80003902 (0x03f8fab3) x21 0x00000002
core   0: 0x80003906 (0xfe554c13) xori    s8, a0, -27
core   0: 3 0x80003906 (0xfe554c13) x24 0x7fffc6fa
core   0: 0x8000390a (0x01815863) bge     sp, s8, pc + 16
core   0: 3 0x8000390a (0x01815863)
core   0: 0x8000390e (0x00008739) c.srai  a4, 14
core   0: 3 0x8000390e (0x8739) x14 0x00000000
core   0: 0x80003910 (0x00000416) c.slli  s0, 5
core   0: 3 0x80003910 (0x0416) x8  0x00000040
core   0: 0x80003912 (0x3402d3f3) csrrwi  t2, mscratch, 5
core   0: 3 0x80003912 (0x3402d3f3) x7  0x00000000 c832_mscratch 0x00000005
core   0: 0x80003916 (0x00369793) slli    a5, a3, 3
core   0: 3 0x80003916 (0x00369793) x15 0x00000000
core   0: 0x8000391a (0x1de0666f) jal     a2, pc + 0x61de
core   0: 3 0x8000391a (0x1de0666f) x12 0x8000391e
core   0: 0x80009af8 (0x340072f3) csrrci  t0, mscratch, 0
core   0: 3 0x80009af8 (0x340072f3) x5  0x00000005
core   0: 0x80009afc (0x9644ae37) lui     t3, 0x9644a
core   0: 3 0x80009afc (0x9644ae37) x28 0x9644a000
core   0: 0x80009b00 (0x14282193) slti    gp, a6, 322
core   0: 3 0x80009b00 (0x14282193) x3  0x00000001
core   0: 0x80009b04 (0x00001991) c.addi  s3, -28
core   0: 3 0x80009b04 (0x1991) x19 0x80021df8
core   0: 0x80009b06 (0x038b3f33) mulhu   t5, s6, s8
core   0: 3 0x80009b06 (0x038b3f33) x30 0x7fffc469
core   0: 0x80009b0a (0x00006829) c.lui   a6, 0xa
core   0: 3 0x80009b0a (0x6829) x16 0x0000a000
core   0: 0x80009b0c (0x00c9a223) sw      a2, 4(s3)
core   0: 3 0x80009b0c (0x00c9a223) mem 0x80021dfc 0x8000391e
core   0: 0x80009b10 (0x00000001) c.nop
core   0: 3 0x80009b10 (0x0001)
core   0: 0x80009b12 (0x0166d493) srli    s1, a3, 22
core   0: 3 0x80009b12 (0x0166d493) x9  0x00000000
core   0: 0x80009b16 (0x00000001) c.nop
core   0: 3 0x80009b16 (0x0001)
core   0: 0x80009b18 (0x02a48733) mul     a4, s1, a0
core   0: 3 0x80009b18 (0x02a48733) x14 0x00000000
core   0: 0x80009b1c (0x0000e799) c.bnez  a5, pc + 14
core   0: 3 0x80009b1c (0xe799)
core   0: 0x80009b1e (0x008f8c63) beq     t6, s0, pc + 24
core   0: 3 0x80009b1e (0x008f8c63)
core   0: 0x80009b22 (0x340078f3) csrrci  a7, mscratch, 0
core   0: 3 0x80009b22 (0x340078f3) x17 0x00000005
core   0: 0x80009b26 (0x03a3f833) remu    a6, t2, s10
core   0: 3 0x80009b26 (0x03a3f833) x16 0x00000000
core   0: 0x80009b2a (0x00000001) c.nop
core   0: 3 0x80009b2a (0x0001)
core   0: 0x80009b2c (0x0596d263) bge     a3, s9, pc + 68
core   0: 3 0x80009b2c (0x0596d263)
core   0: 0x80009b70 (0xb6d33813) sltiu   a6, t1, -1171
core   0: 3 0x80009b70 (0xb6d33813) x16 0x00000001
core   0: 0x80009b74 (0x413a5eb3) sra     t4, s4, s3
core   0: 3 0x80009b74 (0x413a5eb3) x29 0x00000008
core   0: 0x80009b78 (0x03fd01b3) mul     gp, s10, t6
core   0: 3 0x80009b78 (0x03fd01b3) x3  0xfffffc90
core   0: 0x80009b7c (0x01751093) slli    ra, a0, 23
core   0: 3 0x80009b7c (0x01751093) x1  0x8f800000
core   0: 0x80009b80 (0x0000069c) c.addi4spn a5, sp, 832
core   0: 3 0x80009b80 (0x069c) x15 0x00000341
core   0: 0x80009b82 (0x8ad80013) addi    zero, a6, -1875
core   0: 3 0x80009b82 (0x8ad80013)
core   0: 0x80009b86 (0x34001f73) csrrw   t5, mscratch, zero
core   0: 3 0x80009b86 (0x34001f73) x30 0x00000005 c832_mscratch 0x00000000
core   0: 0x80009b8a (0x409d03b3) sub     t2, s10, s1
core   0: 3 0x80009b8a (0x409d03b3) x7  0xffffffb0
core   0: 0x80009b8e (0x02a578b3) remu    a7, a0, a0
core   0: 3 0x80009b8e (0x02a578b3) x17 0x00000000
core   0: 0x80009b92 (0x0000987d) c.andi  s0, -1
core   0: 3 0x80009b92 (0x987d) x8  0x00000040
core   0: 0x80009b94 (0x038a8c63) beq     s5, s8, pc + 56
core   0: 3 0x80009b94 (0x038a8c63)
core   0: 0x80009b98 (0x01c0b4b3) sltu    s1, ra, t3
core   0: 3 0x80009b98 (0x01c0b4b3) x9  0x00000001
core   0: 0x80009b9c (0x0169d113) srli    sp, s3, 22
core   0: 3 0x80009b9c (0x0169d113) x2  0x00000200
core   0: 0x80009ba0 (0x0000618d) c.lui   gp, 0x3
core   0: 3 0x80009ba0 (0x618d) x3  0x00003000
core   0: 0x80009ba2 (0x02a4d2b3) divu    t0, s1, a0
core   0: 3 0x80009ba2 (0x02a4d2b3) x5  0x00000000
core   0: 0x80009ba6 (0x01bffb33) and     s6, t6, s11
core   0: 3 0x80009ba6 (0x01bffb33) x22 0x00000000
core   0: 0x80009baa (0x00008d0d) c.sub   a0, a1
core   0: 3 0x80009baa (0x8d0d) x10 0x8000390c
core   0: 0x80009bac (0x01dc91b3) sll     gp, s9, t4
core   0: 3 0x80009bac (0x01dc91b3) x3  0x025ce400
core   0: 0x80009bb0 (0x00008e3e) c.mv    t3, a5
core   0: 3 0x80009bb0 (0x8e3e) x28 0x00000341
core   0: 0x80009bb2 (0x00009db6) c.add   s11, a3
core   0: 3 0x80009bb2 (0x9db6) x27 0x0000b000
core   0: 0x80009bb4 (0x00008039) c.srli  s0, 14
core   0: 3 0x80009bb4 (0x8039) x8  0x00000000
core   0: 0x80009bb6 (0x34006173) csrrsi  sp, mscratch, 0
core   0: 3 0x80009bb6 (0x34006173) x2  0x00000000
core   0: 0x80009bba (0x68695637) lui     a2, 0x68695
core   0: 3 0x80009bba (0x68695637) x12 0x68695000
core   0: 0x80009bbe (0x0000c611) c.beqz  a2, pc + 12
core   0: 3 0x80009bbe (0xc611)
core   0: 0x80009bc0 (0x036a4c63) blt     s4, s6, pc + 56
core   0: 3 0x80009bc0 (0x036a4c63)
core   0: 0x80009bc4 (0x3408dd73) csrrwi  s10, mscratch, 17
core   0: 3 0x80009bc4 (0x3408dd73) x26 0x00000000 c832_mscratch 0x00000011
core   0: 0x80009bc8 (0x00000588) c.addi4spn a0, sp, 704
core   0: 3 0x80009bc8 (0x0588) x10 0x000002c0
core   0: 0x80009bca (0x00008ea1) c.xor   a3, s0
core   0: 3 0x80009bca (0x8ea1) x13 0x00000000
core   0: 0x80009bcc (0x0000ce81) c.beqz  a3, pc + 24
core   0: 3 0x80009bcc (0xce81)
core   0: 0x80009be4 (0x006ee833) or      a6, t4, t1
core   0: 3 0x80009be4 (0x006ee833) x16 0x0000001f
core   0: 0x80009be8 (0x034a3333) mulhu   t1, s4, s4
core   0: 3 0x80009be8 (0x034a3333) x6  0x00400000
core   0: 0x80009bec (0x02fe8433) mul     s0, t4, a5
core   0: 3 0x80009bec (0x02fe8433) x8  0x00001a08
core   0: 0x80009bf0 (0x00008c51) c.or    s0, a2
core   0: 3 0x80009bf0 (0x8c51) x8  0x68695a08
core   0: 0x80009bf2 (0x015f2a33) slt     s4, t5, s5
core   0: 3 0x80009bf2 (0x015f2a33) x20 0x00000000
core   0: 0x80009bf6 (0x000084d5) c.srai  s1, 21
core   0: 3 0x80009bf6 (0x84d5) x9  0x00000000
core   0: 0x80009bf8 (0x01fc6133) or      sp, s8, t6
core   0: 3 0x80009bf8 (0x01fc6133) x2  0x7fffc6fb
core   0: 0x80009bfc (0x00009b1e) c.add   s6, t2
core   0: 3 0x80009bfc (0x9b1e) x22 0xffffffb0
core   0: 0x80009bfe (0x621dc393) xori    t2, s11, 1569
core   0: 3 0x80009bfe (0x621dc393) x7  0x0000b621
core   0: 0x80009c02 (0x019ea8b3) slt     a7, t4, s9
core   0: 3 0x80009c02 (0x019ea8b3) x17 0x00000000
core   0: 0x80009c06 (0x34021473) csrrw   s0, mscratch, tp
core   0: 3 0x80009c06 (0x34021473) x8  0x00000011 c832_mscratch 0x00072b00
core   0: 0x80009c0a (0x151b7713) andi    a4, s6, 337
core   0: 3 0x80009c0a (0x151b7713) x14 0x00000110
core   0: 0x80009c0e (0x00000b0d) c.addi  s6, 3
core   0: 3 0x80009c0e (0x0b0d) x22 0xffffffb3
core   0: 0x80009c10 (0x003b6033) or      zero, s6, gp
core   0: 3 0x80009c10 (0x003b6033)
core   0: 0x80009c14 (0x00004791) c.li    a5, 4
core   0: 3 0x80009c14 (0x4791) x15 0x00000004
core   0: 0x80009c16 (0x02852233) mulhsu  tp, a0, s0
core   0: 3 0x80009c16 (0x02852233) x4  0x00000000
core   0: 0x80009c1a (0x0390cf33) div     t5, ra, s9
core   0: 3 0x80009c1a (0x0390cf33) x30 0x00000000
core   0: 0x80009c1e (0x85bebe17) auipc   t3, 0x85beb
core   0: 3 0x80009c1e (0x85bebe17) x28 0x05bf4c1e
core   0: 0x80009c22 (0x9beeab93) slti    s7, t4, -1602
core   0: 3 0x80009c22 (0x9beeab93) x23 0x00000000
core   0: 0x80009c26 (0x40a95913) srai    s2, s2, 10
core   0: 3 0x80009c26 (0x40a95913) x18 0xffe00097
core   0: 0x80009c2a (0xd8acc613) xori    a2, s9, -630
core   0: 3 0x80009c2a (0xd8acc613) x12 0x7ffda16e
core   0: 0x80009c2e (0x017feb33) or      s6, t6, s7
core   0: 3 0x80009c2e (0x017feb33) x22 0x0000000b
core   0: 0x80009c32 (0x00000001) c.nop
core   0: 3 0x80009c32 (0x0001)
core   0: 0x80009c34 (0x016a25b3) slt     a1, s4, s6
core   0: 3 0x80009c34 (0x016a25b3) x11 0x00000001
core   0: 0x80009c38 (0x41ce5633) sra     a2, t3, t3
core   0: 3 0x80009c38 (0x41ce5633) x12 0x00000000
core   0: 0x80009c3c (0x0000c09d) c.beqz  s1, pc + 38
core   0: 3 0x80009c3c (0xc09d)
core   0: 0x80009c62 (0xedbb0413) addi    s0, s6, -293
core   0: 3 0x80009c62 (0xedbb0413) x8  0xfffffee6
core   0: 0x80009c66 (0x00008da9) c.xor   a1, a0
core   0: 3 0x80009c66 (0x8da9) x11 0x000002c1
core   0: 0x80009c68 (0x01984db3) xor     s11, a6, s9
core   0: 3 0x80009c68 (0x01984db3) x27 0x80025cfb
core   0: 0x80009c6c (0x34006773) csrrsi  a4, mscratch, 0
core   0: 3 0x80009c6c (0x34006773) x14 0x00072b00
core   0: 0x80009c70 (0x00c6abb3) slt     s7, a3, a2
core   0: 3 0x80009c70 (0x00c6abb3) x23 0x00000000
core   0: 0x80009c74 (0x34002573) csrr    a0, mscratch
core   0: 3 0x80009c74 (0x34002573) x10 0x00072b00
core   0: 0x80009c78 (0x02e94f33) div     t5, s2, a4
core   0: 3 0x80009c78 (0x02e94f33) x30 0xfffffffc
core   0: 0x80009c7c (0x340f50f3) csrrwi  ra, mscratch, 30
core   0: 3 0x80009c7c (0x340f50f3) x1  0x00072b00 c832_mscratch 0x0000001e
core   0: 0x80009c80 (0x0000ca81) c.beqz  a3, pc + 16
core   0: 3 0x80009c80 (0xca81)
core   0: 0x80009c90 (0x013f1c13) slli    s8, t5, 19
core   0: 3 0x80009c90 (0x013f1c13) x24 0xffe00000
core   0: 0x80009c94 (0x056b0163) beq     s6, s6, pc + 66
core   0: 3 0x80009c94 (0x056b0163)
core   0: 0x80009cd6 (0x0077ddb3) srl     s11, a5, t2
core   0: 3 0x80009cd6 (0x0077ddb3) x27 0x00000002
core   0: 0x80009cda (0x41c90e33) sub     t3, s2, t3
core   0: 3 0x80009cda (0x41c90e33) x28 0xfa20b479
core   0: 0x80009cde (0x3407f373) csrrci  t1, mscratch, 15
core   0: 3 0x80009cde (0x3407f373) x6  0x0000001e c832_mscratch 0x00000010
core   0: 0x80009ce2 (0x02f7e533) rem     a0, a5, a5
core   0: 3 0x80009ce2 (0x02f7e533) x10 0x00000000
core   0: 0x80009ce6 (0x000017fd) c.addi  a5, -1
core   0: 3 0x80009ce6 (0x17fd) x15 0x00000003
core   0: 0x80009ce8 (0x340f9e73) csrrw   t3, mscratch, t6
core   0: 3 0x80009ce8 (0x340f9e73) x28 0x00000010 c832_mscratch 0x0000000b
core   0: 0x80009cec (0x00009316) c.add   t1, t0
core   0: 3 0x80009cec (0x9316) x6  0x0000001e
core   0: 0x80009cee (0x40add633) sra     a2, s11, a0
core   0: 3 0x80009cee (0x40add633) x12 0x00000002
core   0: 0x80009cf2 (0x0ff0000f) fence   iorw,iorw
core   0: 3 0x80009cf2 (0x0ff0000f)
core   0: 0x80009cf6 (0x0000e999) c.bnez  a1, pc + 22
core   0: 3 0x80009cf6 (0xe999)
core   0: 0x80009d0c (0x6e87b0b7) lui     ra, 0x6e87b
core   0: 3 0x80009d0c (0x6e87b0b7) x1  0x6e87b000
core   0: 0x80009d10 (0x006bdf13) srli    t5, s7, 6
core   0: 3 0x80009d10 (0x006bdf13) x30 0x00000000
core   0: 0x80009d14 (0x0003df13) srli    t5, t2, 0
core   0: 3 0x80009d14 (0x0003df13) x30 0x0000b621
core   0: 0x80009d18 (0x000064d9) c.lui   s1, 0x16
core   0: 3 0x80009d18 (0x64d9) x9  0x00016000
core   0: 0x80009d1a (0x0120e663) bltu    ra, s2, pc + 12
core   0: 3 0x80009d1a (0x0120e663)
core   0: 0x80009d26 (0x2cd07d93) andi    s11, zero, 717
core   0: 3 0x80009d26 (0x2cd07d93) x27 0x00000000
core   0: 0x80009d2a (0x000000de) c.slli  ra, 23
core   0: 3 0x80009d2a (0x00de) x1  0x00000000
core   0: 0x80009d2c (0x01b5dab3) srl     s5, a1, s11
core   0: 3 0x80009d2c (0x01b5dab3) x21 0x000002c1
core   0: 0x80009d30 (0x00624b33) xor     s6, tp, t1
core   0: 3 0x80009d30 (0x00624b33) x22 0x0000001e
core   0: 0x80009d34 (0x40675533) sra     a0, a4, t1
core   0: 3 0x80009d34 (0x40675533) x10 0x00000000
core   0: 0x80009d38 (0x02bec963) blt     t4, a1, pc + 50
core   0: 3 0x80009d38 (0x02bec963)
core   0: 0x80009d6a (0x00000d36) c.slli  s10, 13
core   0: 3 0x80009d6a (0x0d36) x26 0x00000000
core   0: 0x80009d6c (0x00fe5433) srl     s0, t3, a5
core   0: 3 0x80009d6c (0x00fe5433) x8  0x00000002
core   0: 0x80009d70 (0x00004219) c.li    tp, 6
core   0: 3 0x80009d70 (0x4219) x4  0x00000006
core   0: 0x80009d72 (0x3402def3) csrrwi  t4, mscratch, 5
core   0: 3 0x80009d72 (0x3402def3) x29 0x0000000b c832_mscratch 0x00000005
core   0: 0x80009d76 (0x000007cd) c.addi  a5, 19
core   0: 3 0x80009d76 (0x07cd) x15 0x00000016
core   0: 0x80009d78 (0x005837b3) sltu    a5, a6, t0
core   0: 3 0x80009d78 (0x005837b3) x15 0x00000000
core   0: 0x80009d7c (0x00000001) c.nop
core   0: 3 0x80009d7c (0x0001)
core   0: 0x80009d7e (0x2a033593) sltiu   a1, t1, 672
core   0: 3 0x80009d7e (0x2a033593) x11 0x00000001
core   0: 0x80009d82 (0x01ec5b13) srli    s6, s8, 30
core   0: 3 0x80009d82 (0x01ec5b13) x22 0x00000003
core   0: 0x80009d86 (0x99fbe8b7) lui     a7, 0x99fbe
core   0: 3 0x80009d86 (0x99fbe8b7) x17 0x99fbe000
core   0: 0x80009d8a (0x5addfe97) auipc   t4, 0x5addf
core   0: 3 0x80009d8a (0x5addfe97) x29 0xdade8d8a
core   0: 0x80009d8e (0x00008909) c.andi  a0, 2
core   0: 3 0x80009d8e (0x8909) x10 0x00000000
core   0: 0x80009d90 (0x01c78563) beq     a5, t3, pc + 10
core   0: 3 0x80009d90 (0x01c78563)
core   0: 0x80009d94 (0x01831293) slli    t0, t1, 24
core   0: 3 0x80009d94 (0x01831293) x5  0x1e000000
core   0: 0x80009d98 (0x00008be5) c.andi  a5, 25
core   0: 3 0x80009d98 (0x8be5) x15 0x00000000
core   0: 0x80009d9a (0x00008cb1) c.xor   s1, a2
core   0: 3 0x80009d9a (0x8cb1) x9  0x00016002
core   0: 0x80009d9c (0x01cb7963) bgeu    s6, t3, pc + 18
core   0: 3 0x80009d9c (0x01cb7963)
core   0: 0x80009da0 (0x00009dda) c.add   s11, s6
core   0: 3 0x80009da0 (0x9dda) x27 0x00000003
core   0: 0x80009da2 (0x340f2bf3) csrrs   s7, mscratch, t5
core   0: 3 0x80009da2 (0x340f2bf3) x23 0x00000005 c832_mscratch 0x0000b625
core   0: 0x80009da6 (0x00008dbd) c.xor   a1, a5
core   0: 3 0x80009da6 (0x8dbd) x11 0x00000001
core   0: 0x80009da8 (0x0000030a) c.slli  t1, 2
core   0: 3 0x80009da8 (0x030a) x6  0x00000078
core   0: 0x80009daa (0x00008c46) c.mv    s8, a7
core   0: 3 0x80009daa (0x8c46) x24 0x99fbe000
core   0: 0x80009dac (0x00000001) c.nop
core   0: 3 0x80009dac (0x0001)
core   0: 0x80009dae (0x40e80eb3) sub     t4, a6, a4
core   0: 3 0x80009dae (0x40e80eb3) x29 0xfff8d51f
core   0: 0x80009db2 (0x03f8ef33) rem     t5, a7, t6
core   0: 3 0x80009db2 (0x03f8ef33) x30 0xfffffffc
core   0: 0x80009db6 (0xa2cb8313) addi    t1, s7, -1492
core   0: 3 0x80009db6 (0xa2cb8313) x6  0xfffffa31
core   0: 0x80009dba (0x00000dc2) c.slli  s11, 16
core   0: 3 0x80009dba (0x0dc2) x27 0x00030000
core   0: 0x80009dbc (0x00008f9d) c.sub   a5, a5
core   0: 3 0x80009dbc (0x8f9d) x15 0x00000000
core   0: 0x80009dbe (0x00008d6d) c.and   a0, a1
core   0: 3 0x80009dbe (0x8d6d) x10 0x00000000
core   0: 0x80009dc0 (0x000084d5) c.srai  s1, 21
core   0: 3 0x80009dc0 (0x84d5) x9  0x00000000
core   0: 0x80009dc2 (0x00211693) slli    a3, sp, 2
core   0: 3 0x80009dc2 (0x00211693) x13 0xffff1bec
core   0: 0x80009dc6 (0x000c5593) srli    a1, s8, 0
core   0: 3 0x80009dc6 (0x000c5593) x11 0x99fbe000
core   0: 0x80009dca (0x01734d33) xor     s10, t1, s7
core   0: 3 0x80009dca (0x01734d33) x26 0xfffffa34
core   0: 0x80009dce (0x03356263) bltu    a0, s3, pc + 36
core   0: 3 0x80009dce (0x03356263)
core   0: 0x80009df2 (0x41455033) sra     zero, a0, s4
core   0: 3 0x80009df2 (0x41455033)
core   0: 0x80009df6 (0x0189d693) srli    a3, s3, 24
core   0: 3 0x80009df6 (0x0189d693) x13 0x00000080
core   0: 0x80009dfa (0x40865d33) sra     s10, a2, s0
core   0: 3 0x80009dfa (0x40865d33) x26 0x00000000
core   0: 0x80009dfe (0x0279f2b3) remu    t0, s3, t2
core   0: 3 0x80009dfe (0x0279f2b3) x5  0x00006e6b
core   0: 0x80009e02 (0x00000001) c.nop
core   0: 3 0x80009e02 (0x0001)
core   0: 0x80009e04 (0x036065b7) lui     a1, 0x3606
core   0: 3 0x80009e04 (0x036065b7) x11 0x03606000
core   0: 0x80009e08 (0x018fc733) xor     a4, t6, s8
core   0: 3 0x80009e08 (0x018fc733) x14 0x99fbe00b
core   0: 0x80009e0c (0x10fc03b7) lui     t2, 0x10fc0
core   0: 3 0x80009e0c (0x10fc03b7) x7  0x10fc0000
core   0: 0x80009e10 (0x41cf3293) sltiu   t0, t5, 1052
core   0: 3 0x80009e10 (0x41cf3293) x5  0x00000000
core   0: 0x80009e14 (0x00006145) c.addi16sp sp, 48
core   0: 3 0x80009e14 (0x6145) x2  0x7fffc72b
core   0: 0x80009e16 (0x002768b3) or      a7, a4, sp
core   0: 3 0x80009e16 (0x002768b3) x17 0xffffe72b
core   0: 0x80009e1a (0x00000001) c.nop
core   0: 3 0x80009e1a (0x0001)
core   0: 0x80009e1c (0x02118eb3) mul     t4, gp, ra
core   0: 3 0x80009e1c (0x02118eb3) x29 0x00000000
core   0: 0x80009e20 (0x0335cc63) blt     a1, s3, pc + 56
core   0: 3 0x80009e20 (0x0335cc63)
core   0: 0x80009e24 (0x0309f133) remu    sp, s3, a6
core   0: 3 0x80009e24 (0x0309f133) x2  0x00000015
core   0: 0x80009e28 (0x08d73e93) sltiu   t4, a4, 141
core   0: 3 0x80009e28 (0x08d73e93) x29 0x00000000
core   0: 0x80009e2c (0x406bd2b3) sra     t0, s7, t1
core   0: 3 0x80009e2c (0x406bd2b3) x5  0x00000000
core   0: 0x80009e30 (0x00008609) c.srai  a2, 2
core   0: 3 0x80009e30 (0x8609) x12 0x00000000
core   0: 0x80009e32 (0x34007bf3) csrrci  s7, mscratch, 0
core   0: 3 0x80009e32 (0x34007bf3) x23 0x0000b625
core   0: 0x80009e36 (0x00341093) slli    ra, s0, 3
core   0: 3 0x80009e36 (0x00341093) x1  0x00000010
core   0: 0x80009e3a (0x03612333) mulhsu  t1, sp, s6
core   0: 3 0x80009e3a (0x03612333) x6  0x00000000
core   0: 0x80009e3e (0x03c28a33) mul     s4, t0, t3
core   0: 3 0x80009e3e (0x03c28a33) x20 0x00000000
core   0: 0x80009e42 (0x6ddea913) slti    s2, t4, 1757
core   0: 3 0x80009e42 (0x6ddea913) x18 0x00000001
core   0: 0x80009e46 (0x340e2e73) csrrs   t3, mscratch, t3
core   0: 3 0x80009e46 (0x340e2e73) x28 0x0000b625 c832_mscratch 0x0000b635
core   0: 0x80009e4a (0x00000652) c.slli  a2, 20
core   0: 3 0x80009e4a (0x0652) x12 0x00000000
core   0: 0x80009e4c (0x41250f33) sub     t5, a0, s2
core   0: 3 0x80009e4c (0x41250f33) x30 0xffffffff
core   0: 0x80009e50 (0x02ed7f33) remu    t5, s10, a4
core   0: 3 0x80009e50 (0x02ed7f33) x30 0x00000000
core   0: 0x80009e54 (0x00000001) c.nop
core   0: 3 0x80009e54 (0x0001)
core   0: 0x80009e56 (0x00000001) c.nop
core   0: 3 0x80009e56 (0x0001)
core   0: 0x80009e58 (0x030d91b3) mulh    gp, s11, a6
core   0: 3 0x80009e58 (0x030d91b3) x3  0x00000000
core   0: 0x80009e5c (0x03985f33) divu    t5, a6, s9
core   0: 3 0x80009e5c (0x03985f33) x30 0x00000000
core   0: 0x80009e60 (0x01921913) slli    s2, tp, 25
core   0: 3 0x80009e60 (0x01921913) x18 0x0c000000
core   0: 0x80009e64 (0x00008d2d) c.xor   a0, a1
core   0: 3 0x80009e64 (0x8d2d) x10 0x03606000
core   0: 0x80009e66 (0x8f385037) lui     zero, 0x8f385
core   0: 3 0x80009e66 (0x8f385037)
core   0: 0x80009e6a (0x0555c063) blt     a1, s5, pc + 64
core   0: 3 0x80009e6a (0x0555c063)
core   0: 0x80009e6e (0x0182e5b3) or      a1, t0, s8
core   0: 3 0x80009e6e (0x0182e5b3) x11 0x99fbe000
core   0: 0x80009e72 (0x00d9df33) srl     t5, s3, a3
core   0: 3 0x80009e72 (0x00d9df33) x30 0x80021df8
core   0: 0x80009e76 (0x01db8333) add     t1, s7, t4
core   0: 3 0x80009e76 (0x01db8333) x6  0x0000b625
core   0: 0x80009e7a (0xda202893) slti    a7, zero, -606
core   0: 3 0x80009e7a (0xda202893) x17 0x00000000
core   0: 0x80009e7e (0x09c50d93) addi    s11, a0, 156
core   0: 3 0x80009e7e (0x09c50d93) x27 0x0360609c
core   0: 0x80009e82 (0x00fa62b3) or      t0, s4, a5
core   0: 3 0x80009e82 (0x00fa62b3) x5  0x00000000
core   0: 0x80009e86 (0x00008eb1) c.xor   a3, a2
core   0: 3 0x80009e86 (0x8eb1) x13 0x00000080
core   0: 0x80009e88 (0x00000521) c.addi  a0, 8
core   0: 3 0x80009e88 (0x0521) x10 0x03606008
core   0: 0x80009e8a (0x007114b3) sll     s1, sp, t2
core   0: 3 0x80009e8a (0x007114b3) x9  0x00000015
core   0: 0x80009e8e (0x000080c1) c.srli  s1, 16
core   0: 3 0x80009e8e (0x80c1) x9  0x00000000
core   0: 0x80009e90 (0x00082833) slt     a6, a6, zero
core   0: 3 0x80009e90 (0x00082833) x16 0x00000000
core   0: 0x80009e94 (0x41e25a13) srai    s4, tp, 30
core   0: 3 0x80009e94 (0x41e25a13) x20 0x00000000
core   0: 0x80009e98 (0x41108d33) sub     s10, ra, a7
core   0: 3 0x80009e98 (0x41108d33) x26 0x00000010
core   0: 0x80009e9c (0x000087fd) c.srai  a5, 31
core   0: 3 0x80009e9c (0x87fd) x15 0x00000000
core   0: 0x80009e9e (0xa7be3d93) sltiu   s11, t3, -1413
core   0: 3 0x80009e9e (0xa7be3d93) x27 0x00000001
core   0: 0x80009ea2 (0x406c5693) srai    a3, s8, 6
core   0: 3 0x80009ea2 (0x406c5693) x13 0xfe67ef80
core   0: 0x80009ea6 (0x0000100f) fence.i
core   0: 3 0x80009ea6 (0x0000100f)
core   0: 0x80009eaa (0x3409bef3) csrrc   t4, mscratch, s3
core   0: 3 0x80009eaa (0x3409bef3) x29 0x0000b635 c832_mscratch 0x0000a205
core   0: 0x80009eae (0x00008c59) c.or    s0, a4
core   0: 3 0x80009eae (0x8c59) x8  0x99fbe00b
core   0: 0x80009eb0 (0x06bd4463) blt     s10, a1, pc + 104
core   0: 3 0x80009eb0 (0x06bd4463)
core   0: 0x80009eb4 (0x01eb2f33) slt     t5, s6, t5
core   0: 3 0x80009eb4 (0x01eb2f33) x30 0x00000000
core   0: 0x80009eb8 (0x00269593) slli    a1, a3, 2
core   0: 3 0x80009eb8 (0x00269593) x11 0xf99fbe00
core   0: 0x80009ebc (0x014afab3) and     s5, s5, s4
core   0: 3 0x80009ebc (0x014afab3) x21 0x00000000
core   0: 0x80009ec0 (0x03039ab3) mulh    s5, t2, a6
core   0: 3 0x80009ec0 (0x03039ab3) x21 0x00000000
core   0: 0x80009ec4 (0x015ee863) bltu    t4, s5, pc + 16
core   0: 3 0x80009ec4 (0x015ee863)
core   0: 0x80009ec8 (0x04545d63) bge     s0, t0, pc + 90
core   0: 3 0x80009ec8 (0x04545d63)
core   0: 0x80009ecc (0x07ce7663) bgeu    t3, t3, pc + 108
core   0: 3 0x80009ecc (0x07ce7663)
core   0: 0x80009f38 (0x0347e763) bltu    a5, s4, pc + 46
core   0: 3 0x80009f38 (0x0347e763)
core   0: 0x80009f3c (0x00000001) c.nop
core   0: 3 0x80009f3c (0x0001)
core   0: 0x80009f3e (0x00000001) c.nop
core   0: 3 0x80009f3e (0x0001)
core   0: 0x80009f40 (0x40e25d13) srai    s10, tp, 14
core   0: 3 0x80009f40 (0x40e25d13) x26 0x00000000
core   0: 0x80009f44 (0x340020f3) csrr    ra, mscratch
core   0: 3 0x80009f44 (0x340020f3) x1  0x0000a205
core   0: 0x80009f48 (0x00a258b3) srl     a7, tp, a0
core   0: 3 0x80009f48 (0x00a258b3) x17 0x00000000
core   0: 0x80009f4c (0x4130d613) srai    a2, ra, 19
core   0: 3 0x80009f4c (0x4130d613) x12 0x00000000
core   0: 0x80009f50 (0x0383cc33) div     s8, t2, s8
core   0: 3 0x80009f50 (0x0383cc33) x24 0x00000000
core   0: 0x80009f54 (0x01dccab3) xor     s5, s9, t4
core   0: 3 0x80009f54 (0x01dccab3) x21 0x8002ead1
core   0: 0x80009f58 (0x02fb5433) divu    s0, s6, a5
core   0: 3 0x80009f58 (0x02fb5433) x8  0xffffffff
core   0: 0x80009f5c (0x34003a73) csrrc   s4, mscratch, zero
core   0: 3 0x80009f5c (0x34003a73) x20 0x0000a205
core   0: 0x80009f60 (0x00000001) c.nop
core   0: 3 0x80009f60 (0x0001)
core   0: 0x80009f62 (0x0000c59d) c.beqz  a1, pc + 46
core   0: 3 0x80009f62 (0xc59d)
core   0: 0x80009f64 (0x00008ff1) c.and   a5, a2
core   0: 3 0x80009f64 (0x8ff1) x15 0x00000000
core   0: 0x80009f66 (0x01d40d63) beq     s0, t4, pc + 26
core   0: 3 0x80009f66 (0x01d40d63)
core   0: 0x80009f6a (0x55830113) addi    sp, t1, 1368
core   0: 3 0x80009f6a (0x55830113) x2  0x0000bb7d
core   0: 0x80009f6e (0x0159c533) xor     a0, s3, s5
core   0: 3 0x80009f6e (0x0159c533) x10 0x0000f729
core   0: 0x80009f72 (0x00001490) c.addi4spn a2, sp, 608
core   0: 3 0x80009f72 (0x1490) x12 0x0000bddd
core   0: 0x80009f74 (0x00000d36) c.slli  s10, 13
core   0: 3 0x80009f74 (0x0d36) x26 0x00000000
core   0: 0x80009f76 (0x41ba8ab3) sub     s5, s5, s11
core   0: 3 0x80009f76 (0x41ba8ab3) x21 0x8002ead0
core   0: 0x80009f7a (0x407fd013) srai    zero, t6, 7
core   0: 3 0x80009f7a (0x407fd013)
core   0: 0x80009f7e (0x0000c2a1) c.beqz  a3, pc + 64
core   0: 3 0x80009f7e (0xc2a1)
core   0: 0x80009f80 (0x02b158b3) divu    a7, sp, a1
core   0: 3 0x80009f80 (0x02b158b3) x17 0x00000000
core   0: 0x80009f84 (0x003f41b3) xor     gp, t5, gp
core   0: 3 0x80009f84 (0x003f41b3) x3  0x00000000
core   0: 0x80009f88 (0x00008d0d) c.sub   a0, a1
core   0: 3 0x80009f88 (0x8d0d) x10 0x06613929
core   0: 0x80009f8a (0x000081d6) c.mv    gp, s5
core   0: 3 0x80009f8a (0x81d6) x3  0x8002ead0
core   0: 0x80009f8c (0x00008f46) c.mv    t5, a7
core   0: 3 0x80009f8c (0x8f46) x30 0x00000000
core   0: 0x80009f8e (0x000083b9) c.srli  a5, 14
core   0: 3 0x80009f8e (0x83b9) x15 0x00000000
core   0: 0x80009f90 (0x014f1d63) bne     t5, s4, pc + 26
core   0: 3 0x80009f90 (0x014f1d63)
core   0: 0x80009faa (0x00d29263) bne     t0, a3, pc + 4
core   0: 3 0x80009faa (0x00d29263)
core   0: 0x80009fae (0x00c6d613) srli    a2, a3, 12
core   0: 3 0x80009fae (0x00c6d613) x12 0x000fe67e
core   0: 0x80009fb2 (0x0000717d) c.addi16sp sp, -16
core   0: 3 0x80009fb2 (0x717d) x2  0x0000bb6d
core   0: 0x80009fb4 (0x340027f3) csrr    a5, mscratch
core   0: 3 0x80009fb4 (0x340027f3) x15 0x0000a205
core   0: 0x80009fb8 (0x00008e5d) c.or    a2, a5
core   0: 3 0x80009fb8 (0x8e5d) x12 0x000fe67f
core   0: 0x80009fba (0x0287c463) blt     a5, s0, pc + 40
core   0: 3 0x80009fba (0x0287c463)
core   0: 0x80009fbe (0x025b91b3) mulh    gp, s7, t0
core   0: 3 0x80009fbe (0x025b91b3) x3  0x00000000
core   0: 0x80009fc2 (0x033b7133) remu    sp, s6, s3
core   0: 3 0x80009fc2 (0x033b7133) x2  0x00000003
core   0: 0x80009fc6 (0x00001d7d) c.addi  s10, -1
core   0: 3 0x80009fc6 (0x1d7d) x26 0xffffffff
core   0: 0x80009fc8 (0x01b01093) slli    ra, zero, 27
core   0: 3 0x80009fc8 (0x01b01093) x1  0x00000000
core   0: 0x80009fcc (0x00175863) bge     a4, ra, pc + 16
core   0: 3 0x80009fcc (0x00175863)
core   0: 0x80009fd0 (0x05345163) bge     s0, s3, pc + 66
core   0: 3 0x80009fd0 (0x05345163)
core   0: 0x8000a012 (0x340e56f3) csrrwi  a3, mscratch, 28
core   0: 3 0x8000a012 (0x340e56f3) x13 0x0000a205 c832_mscratch 0x0000001c
core   0: 0x8000a016 (0x02f58c63) beq     a1, a5, pc + 56
core   0: 3 0x8000a016 (0x02f58c63)
core   0: 0x8000a01a (0x0153d663) bge     t2, s5, pc + 12
core   0: 3 0x8000a01a (0x0153d663)
core   0: 0x8000a026 (0x35b7c293) xori    t0, a5, 859
core   0: 3 0x8000a026 (0x35b7c293) x5  0x0000a15e
core   0: 0x8000a02a (0x0000527d) c.li    tp, -1
core   0: 3 0x8000a02a (0x527d) x4  0xffffffff
core   0: 0x8000a02c (0x00008e3d) c.xor   a2, a5
core   0: 3 0x8000a02c (0x8e3d) x12 0x000f447a
core   0: 0x8000a02e (0x00000b88) c.addi4spn a0, sp, 464
core   0: 3 0x8000a02e (0x0b88) x10 0x000001d3
core   0: 0x8000a030 (0x00000001) c.nop
core   0: 3 0x8000a030 (0x0001)
core   0: 0x8000a032 (0x00c101b3) add     gp, sp, a2
core   0: 3 0x8000a032 (0x00c101b3) x3  0x000f447d
core   0: 0x8000a036 (0x15569a37) lui     s4, 0x15569
core   0: 3 0x8000a036 (0x15569a37) x20 0x15569000
core   0: 0x8000a03a (0x00008f0d) c.sub   a4, a1
core   0: 3 0x8000a03a (0x8f0d) x14 0xa05c220b
core   0: 0x8000a03c (0x0324eab3) rem     s5, s1, s2
core   0: 3 0x8000a03c (0x0324eab3) x21 0x00000000
core   0: 0x8000a040 (0x03d5dd63) bge     a1, t4, pc + 58
core   0: 3 0x8000a040 (0x03d5dd63)
core   0: 0x8000a044 (0x419e5e93) srai    t4, t3, 25
core   0: 3 0x8000a044 (0x419e5e93) x29 0x00000000
core   0: 0x8000a048 (0x0000c59d) c.beqz  a1, pc + 46
core   0: 3 0x8000a048 (0xc59d)
core   0: 0x8000a04a (0x0000c10d) c.beqz  a0, pc + 34
core   0: 3 0x8000a04a (0xc10d)
core   0: 0x8000a04c (0x000080b9) c.srli  s1, 14
core   0: 3 0x8000a04c (0x80b9) x9  0x00000000
core   0: 0x8000a04e (0x00789d63) bne     a7, t2, pc + 26
core   0: 3 0x8000a04e (0x00789d63)
core   0: 0x8000a068 (0x0378b533) mulhu   a0, a7, s7
core   0: 3 0x8000a068 (0x0378b533) x10 0x00000000
core   0: 0x8000a06c (0x0000c129) c.beqz  a0, pc + 66
core   0: 3 0x8000a06c (0xc129)
core   0: 0x8000a0ae (0x01eaf1b3) and     gp, s5, t5
core   0: 3 0x8000a0ae (0x01eaf1b3) x3  0x00000000
core   0: 0x8000a0b2 (0x340c5473) csrrwi  s0, mscratch, 24
core   0: 3 0x8000a0b2 (0x340c5473) x8  0x0000001c c832_mscratch 0x00000018
core   0: 0x8000a0b6 (0x001ecf33) xor     t5, t4, ra
core   0: 3 0x8000a0b6 (0x001ecf33) x30 0x00000000
core   0: 0x8000a0ba (0x002982b3) add     t0, s3, sp
core   0: 3 0x8000a0ba (0x002982b3) x5  0x80021dfb
core   0: 0x8000a0be (0x00008fcd) c.or    a5, a1
core   0: 3 0x8000a0be (0x8fcd) x15 0xf99fbe05
core   0: 0x8000a0c0 (0x039743b3) div     t2, a4, s9
core   0: 3 0x8000a0c0 (0x039743b3) x7  0x00000000
core   0: 0x8000a0c4 (0x000050fd) c.li    ra, -1
core   0: 3 0x8000a0c4 (0x50fd) x1  0xffffffff
core   0: 0x8000a0c6 (0x0044c1b3) xor     gp, s1, tp
core   0: 3 0x8000a0c6 (0x0044c1b3) x3  0xffffffff
core   0: 0x8000a0ca (0x0329e833) rem     a6, s3, s2
core   0: 3 0x8000a0ca (0x0329e833) x16 0xf8021df8
core   0: 0x8000a0ce (0x1ca9c437) lui     s0, 0x1ca9c
core   0: 3 0x8000a0ce (0x1ca9c437) x8  0x1ca9c000
core   0: 0x8000a0d2 (0x02a02733) mulhsu  a4, zero, a0
core   0: 3 0x8000a0d2 (0x02a02733) x14 0x00000000
core   0: 0x8000a0d6 (0x40a65bb3) sra     s7, a2, a0
core   0: 3 0x8000a0d6 (0x40a65bb3) x23 0x000f447a
core   0: 0x8000a0da (0xe4a1fa13) andi    s4, gp, -438
core   0: 3 0x8000a0da (0xe4a1fa13) x20 0xfffffe4a
core   0: 0x8000a0de (0x008a5d93) srli    s11, s4, 8
core   0: 3 0x8000a0de (0x008a5d93) x27 0x00fffffe
core   0: 0x8000a0e2 (0x00000001) c.nop
core   0: 3 0x8000a0e2 (0x0001)
core   0: 0x8000a0e4 (0x00d37933) and     s2, t1, a3
core   0: 3 0x8000a0e4 (0x00d37933) x18 0x0000a205
core   0: 0x8000a0e8 (0xde293413) sltiu   s0, s2, -542
core   0: 3 0x8000a0e8 (0xde293413) x8  0x00000001
core   0: 0x8000a0ec (0x00000001) c.nop
core   0: 3 0x8000a0ec (0x0001)
core   0: 0x8000a0ee (0x07eb8013) addi    zero, s7, 126
core   0: 3 0x8000a0ee (0x07eb8013)
core   0: 0x8000a0f2 (0x000082bd) c.srli  a3, 15
core   0: 3 0x8000a0f2 (0x82bd) x13 0x00000001
core   0: 0x8000a0f4 (0x0000c689) c.beqz  a3, pc + 10
core   0: 3 0x8000a0f4 (0xc689)
core   0: 0x8000a0f6 (0xb3313037) lui     zero, 0xb3313
core   0: 3 0x8000a0f6 (0xb3313037)
core   0: 0x8000a0fa (0x0000cc09) c.beqz  s0, pc + 26
core   0: 3 0x8000a0fa (0xcc09)
core   0: 0x8000a0fc (0x00008f31) c.xor   a4, a2
core   0: 3 0x8000a0fc (0x8f31) x14 0x000f447a
core   0: 0x8000a0fe (0x02af5963) bge     t5, a0, pc + 50
core   0: 3 0x8000a0fe (0x02af5963)
core   0: 0x8000a130 (0x044fb493) sltiu   s1, t6, 68
core   0: 3 0x8000a130 (0x044fb493) x9  0x00000001
core   0: 0x8000a134 (0x41db8133) sub     sp, s7, t4
core   0: 3 0x8000a134 (0x41db8133) x2  0x000f447a
core   0: 0x8000a138 (0x3f11b4b7) lui     s1, 0x3f11b
core   0: 3 0x8000a138 (0x3f11b4b7) x9  0x3f11b000
core   0: 0x8000a13c (0x34075d73) csrrwi  s10, mscratch, 14
core   0: 3 0x8000a13c (0x34075d73) x26 0x00000018 c832_mscratch 0x0000000e
core   0: 0x8000a140 (0x000001de) c.slli  gp, 23
core   0: 3 0x8000a140 (0x01de) x3  0xff800000
core   0: 0x8000a142 (0x340b9df3) csrrw   s11, mscratch, s7
core   0: 3 0x8000a142 (0x340b9df3) x27 0x0000000e c832_mscratch 0x000f447a
core   0: 0x8000a146 (0x00044963) bltz    s0, pc + 18
core   0: 3 0x8000a146 (0x00044963)
core   0: 0x8000a14a (0x0000808d) c.srli  s1, 3
core   0: 3 0x8000a14a (0x808d) x9  0x07e23600
core   0: 0x8000a14c (0x0335e0b3) rem     ra, a1, s3
core   0: 3 0x8000a14c (0x0335e0b3) x1  0xf99fbe00
core   0: 0x8000a150 (0x00b09863) bne     ra, a1, pc + 16
core   0: 3 0x8000a150 (0x00b09863)
core   0: 0x8000a154 (0x011f2133) slt     sp, t5, a7
core   0: 3 0x8000a154 (0x011f2133) x2  0x00000000
core   0: 0x8000a158 (0x7ab48093) addi    ra, s1, 1963
core   0: 3 0x8000a158 (0x7ab48093) x1  0x07e23dab
core   0: 0x8000a15c (0x34045273) csrrwi  tp, mscratch, 8
core   0: 3 0x8000a15c (0x34045273) x4  0x000f447a c832_mscratch 0x00000008
core   0: 0x8000a160 (0x51e86b13) ori     s6, a6, 1310
core   0: 3 0x8000a160 (0x51e86b13) x22 0xf8021dfe
core   0: 0x8000a164 (0x02bfa533) mulhsu  a0, t6, a1
core   0: 3 0x8000a164 (0x02bfa533) x10 0x0000000a
core   0: 0x8000a168 (0x0000c815) c.beqz  s0, pc + 52
core   0: 3 0x8000a168 (0xc815)
core   0: 0x8000a16a (0x41a35d13) srai    s10, t1, 26
core   0: 3 0x8000a16a (0x41a35d13) x26 0x00000000
core   0: 0x8000a16e (0x044dd163) bge     s11, tp, pc + 66
core   0: 3 0x8000a16e (0x044dd163)
core   0: 0x8000a172 (0x00008e86) c.mv    t4, ra
core   0: 3 0x8000a172 (0x8e86) x29 0x07e23dab
core   0: 0x8000a174 (0x4097d893) srai    a7, a5, 9
core   0: 3 0x8000a174 (0x4097d893) x17 0xfffccfdf
core   0: 0x8000a178 (0x0000e88d) c.bnez  s1, pc + 50
core   0: 3 0x8000a178 (0xe88d)
core   0: 0x8000a1aa (0xe6ea6693) ori     a3, s4, -402
core   0: 3 0x8000a1aa (0xe6ea6693) x13 0xfffffe6e
core   0: 0x8000a1ae (0x00006179) c.addi16sp sp, 464
core   0: 3 0x8000a1ae (0x6179) x2  0x000001d0
core   0: 0x8000a1b0 (0x0067bd33) sltu    s10, a5, t1
core   0: 3 0x8000a1b0 (0x0067bd33) x26 0x00000000
core   0: 0x8000a1b4 (0x34006c73) csrrsi  s8, mscratch, 0
core   0: 3 0x8000a1b4 (0x34006c73) x24 0x00000008
core   0: 0x8000a1b8 (0x0151ceb3) xor     t4, gp, s5
core   0: 3 0x8000a1b8 (0x0151ceb3) x29 0xff800000
core   0: 0x8000a1bc (0x02b77333) remu    t1, a4, a1
core   0: 3 0x8000a1bc (0x02b77333) x6  0x000f447a
core   0: 0x8000a1c0 (0xd2304d93) xori    s11, zero, -733
core   0: 3 0x8000a1c0 (0xd2304d93) x27 0xfffffd23
core   0: 0x8000a1c4 (0x84757893) andi    a7, a0, -1977
core   0: 3 0x8000a1c4 (0x84757893) x17 0x00000002
core   0: 0x8000a1c8 (0x00c3d733) srl     a4, t2, a2
core   0: 3 0x8000a1c8 (0x00c3d733) x14 0x00000000
core   0: 0x8000a1cc (0x0000717d) c.addi16sp sp, -16
core   0: 3 0x8000a1cc (0x717d) x2  0x000001c0
core   0: 0x8000a1ce (0x0000100f) fence.i
core   0: 3 0x8000a1ce (0x0000100f)
core   0: 0x8000a1d2 (0x0000e481) c.bnez  s1, pc + 8
core   0: 3 0x8000a1d2 (0xe481)
core   0: 0x8000a1da (0x00008979) c.andi  a0, 30
core   0: 3 0x8000a1da (0x8979) x10 0x0000000a
core   0: 0x8000a1dc (0x00001c94) c.addi4spn a3, sp, 624
core   0: 3 0x8000a1dc (0x1c94) x13 0x00000430
core   0: 0x8000a1de (0x340f9d73) csrrw   s10, mscratch, t6
core   0: 3 0x8000a1de (0x340f9d73) x26 0x00000008 c832_mscratch 0x0000000b
core   0: 0x8000a1e2 (0x00000001) c.nop
core   0: 3 0x8000a1e2 (0x0001)
core   0: 0x8000a1e4 (0x340d38f3) csrrc   a7, mscratch, s10
core   0: 3 0x8000a1e4 (0x340d38f3) x17 0x0000000b c832_mscratch 0x00000003
core   0: 0x8000a1e8 (0x024e7263) bgeu    t3, tp, pc + 36
core   0: 3 0x8000a1e8 (0x024e7263)
core   0: 0x8000a1ec (0x00ea2f33) slt     t5, s4, a4
core   0: 3 0x8000a1ec (0x00ea2f33) x30 0x00000001
core   0: 0x8000a1f0 (0x34006e73) csrrsi  t3, mscratch, 0
core   0: 3 0x8000a1f0 (0x34006e73) x28 0x00000003
core   0: 0x8000a1f4 (0x00008669) c.srai  a2, 26
core   0: 3 0x8000a1f4 (0x8669) x12 0x00000000
core   0: 0x8000a1f6 (0x0296cc63) blt     a3, s1, pc + 56
core   0: 3 0x8000a1f6 (0x0296cc63)
core   0: 0x8000a22e (0x032d0913) addi    s2, s10, 50
core   0: 3 0x8000a22e (0x032d0913) x18 0x0000003a
core   0: 0x8000a232 (0x035678b3) remu    a7, a2, s5
core   0: 3 0x8000a232 (0x035678b3) x17 0x00000000
core   0: 0x8000a236 (0x000006e6) c.slli  a3, 25
core   0: 3 0x8000a236 (0x06e6) x13 0x60000000
core   0: 0x8000a238 (0x34007c73) csrrci  s8, mscratch, 0
core   0: 3 0x8000a238 (0x34007c73) x24 0x00000003
core   0: 0x8000a23c (0x015f0733) add     a4, t5, s5
core   0: 3 0x8000a23c (0x015f0733) x14 0x00000001
core   0: 0x8000a240 (0x0000688d) c.lui   a7, 0x3
core   0: 3 0x8000a240 (0x688d) x17 0x00003000
core   0: 0x8000a242 (0x340b6273) csrrsi  tp, mscratch, 22
core   0: 3 0x8000a242 (0x340b6273) x4  0x00000003 c832_mscratch 0x00000017
core   0: 0x8000a246 (0x026e1233) mulh    tp, t3, t1
core   0: 3 0x8000a246 (0x026e1233) x4  0x00000000
core   0: 0x8000a24a (0x00008cd5) c.or    s1, a3
core   0: 3 0x8000a24a (0x8cd5) x9  0x67e23600
core   0: 0x8000a24c (0x00008e29) c.xor   a2, a0
core   0: 3 0x8000a24c (0x8e29) x12 0x0000000a
core   0: 0x8000a24e (0x057a9063) bne     s5, s7, pc + 64
core   0: 3 0x8000a24e (0x057a9063)
core   0: 0x8000a28e (0x00008cd5) c.or    s1, a3
core   0: 3 0x8000a28e (0x8cd5) x9  0x67e23600
core   0: 0x8000a290 (0x287805b7) lui     a1, 0x28780
core   0: 3 0x8000a290 (0x287805b7) x11 0x28780000
core   0: 0x8000a294 (0x02d8adb3) mulhsu  s11, a7, a3
core   0: 3 0x8000a294 (0x02d8adb3) x27 0x00001200
core   0: 0x8000a298 (0x40255493) srai    s1, a0, 2
core   0: 3 0x8000a298 (0x40255493) x9  0x00000002
core   0: 0x8000a29c (0x02ec5d33) divu    s10, s8, a4
core   0: 3 0x8000a29c (0x02ec5d33) x26 0x00000003
core   0: 0x8000a2a0 (0x00d865b3) or      a1, a6, a3
core   0: 3 0x8000a2a0 (0x00d865b3) x11 0xf8021df8
core   0: 0x8000a2a4 (0x00000a33) add     s4, zero, zero
core   0: 3 0x8000a2a4 (0x00000a33) x20 0x00000000
core   0: 0x8000a2a8 (0x00008079) c.srli  s0, 30
core   0: 3 0x8000a2a8 (0x8079) x8  0x00000000
core   0: 0x8000a2aa (0x340bd0f3) csrrwi  ra, mscratch, 23
core   0: 3 0x8000a2aa (0x340bd0f3) x1  0x00000017 c832_mscratch 0x00000017
core   0: 0x8000a2ae (0x0000e229) c.bnez  a2, pc + 66
core   0: 3 0x8000a2ae (0xe229)
core   0: 0x8000a2f0 (0x0000997e) c.add   s2, t6
core   0: 3 0x8000a2f0 (0x997e) x18 0x00000045
core   0: 0x8000a2f2 (0xce4b7593) andi    a1, s6, -796
core   0: 3 0x8000a2f2 (0xce4b7593) x11 0xf8021ce4
core   0: 0x8000a2f6 (0x0000ce05) c.beqz  a2, pc + 56
core   0: 3 0x8000a2f6 (0xce05)
core   0: 0x8000a2f8 (0x00008ec9) c.or    a3, a0
core   0: 3 0x8000a2f8 (0x8ec9) x13 0x6000000a
core   0: 0x8000a2fa (0x000c2633) slt     a2, s8, zero
core   0: 3 0x8000a2fa (0x000c2633) x12 0x00000000
core   0: 0x8000a2fe (0x00008146) c.mv    sp, a7
core   0: 3 0x8000a2fe (0x8146) x2  0x00003000
core   0: 0x8000a300 (0x340970f3) csrrci  ra, mscratch, 18
core   0: 3 0x8000a300 (0x340970f3) x1  0x00000017 c832_mscratch 0x00000005
core   0: 0x8000a304 (0x00008685) c.srai  a3, 1
core   0: 3 0x8000a304 (0x8685) x13 0x30000005
core   0: 0x8000a306 (0x01a863b3) or      t2, a6, s10
core   0: 3 0x8000a306 (0x01a863b3) x7  0xf8021dfb
core   0: 0x8000a30a (0x02c39463) bne     t2, a2, pc + 40
core   0: 3 0x8000a30a (0x02c39463)
core   0: 0x8000a332 (0x3407def3) csrrwi  t4, mscratch, 15
core   0: 3 0x8000a332 (0x3407def3) x29 0x00000005 c832_mscratch 0x0000000f
core   0: 0x8000a336 (0x00008d05) c.sub   a0, s1
core   0: 3 0x8000a336 (0x8d05) x10 0x00000008
core   0: 0x8000a338 (0x005c8ab3) add     s5, s9, t0
core   0: 3 0x8000a338 (0x005c8ab3) x21 0x00047adf
core   0: 0x8000a33c (0x0000100f) fence.i
core   0: 3 0x8000a33c (0x0000100f)
core   0: 0x8000a340 (0x41ddd2b3) sra     t0, s11, t4
core   0: 3 0x8000a340 (0x41ddd2b3) x5  0x00000090
core   0: 0x8000a344 (0x003ed933) srl     s2, t4, gp
core   0: 3 0x8000a344 (0x003ed933) x18 0x00000005
core   0: 0x8000a348 (0x02355833) divu    a6, a0, gp
core   0: 3 0x8000a348 (0x02355833) x16 0x00000000
core   0: 0x8000a34c (0x000083c6) c.mv    t2, a7
core   0: 3 0x8000a34c (0x83c6) x7  0x00003000
core   0: 0x8000a34e (0x0ff0000f) fence   iorw,iorw
core   0: 3 0x8000a34e (0x0ff0000f)
core   0: 0x8000a352 (0x340d5af3) csrrwi  s5, mscratch, 26
core   0: 3 0x8000a352 (0x340d5af3) x21 0x0000000f c832_mscratch 0x0000001a
core   0: 0x8000a356 (0x0100e933) or      s2, ra, a6
core   0: 3 0x8000a356 (0x0100e933) x18 0x00000017
core   0: 0x8000a35a (0x4106d2b3) sra     t0, a3, a6
core   0: 3 0x8000a35a (0x4106d2b3) x5  0x30000005
core   0: 0x8000a35e (0x0000ca99) c.beqz  a3, pc + 22
core   0: 3 0x8000a35e (0xca99)
core   0: 0x8000a360 (0x0007c263) bltz    a5, pc + 4
core   0: 3 0x8000a360 (0x0007c263)
core   0: 0x8000a364 (0x03311c33) mulh    s8, sp, s3
core   0: 3 0x8000a364 (0x03311c33) x24 0xffffe800
core   0: 0x8000a368 (0x02b9e863) bltu    s3, a1, pc + 48
core   0: 3 0x8000a368 (0x02b9e863)
core   0: 0x8000a398 (0x328bee13) ori     t3, s7, 808
core   0: 3 0x8000a398 (0x328bee13) x28 0x000f477a
core   0: 0x8000a39c (0x00eaaeb3) slt     t4, s5, a4
core   0: 3 0x8000a39c (0x00eaaeb3) x29 0x00000000
core   0: 0x8000a3a0 (0x00008f39) c.xor   a4, a4
core   0: 3 0x8000a3a0 (0x8f39) x14 0x00000000
core   0: 0x8000a3a2 (0x00009f7a) c.add   t5, t5
core   0: 3 0x8000a3a2 (0x9f7a) x30 0x00000002
core   0: 0x8000a3a4 (0x000098fd) c.andi  s1, -1
core   0: 3 0x8000a3a4 (0x98fd) x9  0x00000002
core   0: 0x8000a3a6 (0x000008c1) c.addi  a7, 16
core   0: 3 0x8000a3a6 (0x08c1) x17 0x00003010
core   0: 0x8000a3a8 (0x000062d1) c.lui   t0, 0x14
core   0: 3 0x8000a3a8 (0x62d1) x5  0x00014000
core   0: 0x8000a3aa (0x340f6e73) csrrsi  t3, mscratch, 30
core   0: 3 0x8000a3aa (0x340f6e73) x28 0x0000001a c832_mscratch 0x0000001e
core   0: 0x8000a3ae (0x000081ce) c.mv    gp, s3
core   0: 3 0x8000a3ae (0x81ce) x3  0x80021df8
core   0: 0x8000a3b0 (0x01b5aeb3) slt     t4, a1, s11
core   0: 3 0x8000a3b0 (0x01b5aeb3) x29 0x00000001
core   0: 0x8000a3b4 (0x08004313) xori    t1, zero, 128
core   0: 3 0x8000a3b4 (0x08004313) x6  0x00000080
core   0: 0x8000a3b8 (0x241c7613) andi    a2, s8, 577
core   0: 3 0x8000a3b8 (0x241c7613) x12 0x00000000
core   0: 0x8000a3bc (0x00008969) c.andi  a0, 26
core   0: 3 0x8000a3bc (0x8969) x10 0x00000008
core   0: 0x8000a3be (0x5f077513) andi    a0, a4, 1520
core   0: 3 0x8000a3be (0x5f077513) x10 0x00000000
core   0: 0x8000a3c2 (0x00000001) c.nop
core   0: 3 0x8000a3c2 (0x0001)
core   0: 0x8000a3c4 (0x0328cbb3) div     s7, a7, s2
core   0: 3 0x8000a3c4 (0x0328cbb3) x23 0x00000216
core   0: 0x8000a3c8 (0x34002c73) csrr    s8, mscratch
core   0: 3 0x8000a3c8 (0x34002c73) x24 0x0000001e
core   0: 0x8000a3cc (0x340433f3) csrrc   t2, mscratch, s0
core   0: 3 0x8000a3cc (0x340433f3) x7  0x0000001e c832_mscratch 0x0000001e
core   0: 0x8000a3d0 (0x0000ef8d) c.bnez  a5, pc + 58
core   0: 3 0x8000a3d0 (0xef8d)
core   0: 0x8000a40a (0x016c9f63) bne     s9, s6, pc + 30
core   0: 3 0x8000a40a (0x016c9f63)
core   0: 0x8000a428 (0xe8993e93) sltiu   t4, s2, -375
core   0: 3 0x8000a428 (0xe8993e93) x29 0x00000001
core   0: 0x8000a42c (0x0021e133) or      sp, gp, sp
core   0: 3 0x8000a42c (0x0021e133) x2  0x80023df8
core   0: 0x8000a430 (0x00008efe) c.mv    t4, t6
core   0: 3 0x8000a430 (0x8efe) x29 0x0000000b
core   0: 0x8000a432 (0x02e1f863) bgeu    gp, a4, pc + 48
core   0: 3 0x8000a432 (0x02e1f863)
core   0: 0x8000a462 (0x86948913) addi    s2, s1, -1943
core   0: 3 0x8000a462 (0x86948913) x18 0xfffff86b
core   0: 0x8000a466 (0x230fe697) auipc   a3, 0x230fe
core   0: 3 0x8000a466 (0x230fe697) x13 0xa3108466
core   0: 0x8000a46a (0x87a62a13) slti    s4, a2, -1926
core   0: 3 0x8000a46a (0x87a62a13) x20 0x00000000
core   0: 0x8000a46e (0x021e5463) bge     t3, ra, pc + 40
core   0: 3 0x8000a46e (0x021e5463)
core   0: 0x8000a496 (0x0000e419) c.bnez  s0, pc + 14
core   0: 3 0x8000a496 (0xe419)
core   0: 0x8000a498 (0x05a14363) blt     sp, s10, pc + 70
core   0: 3 0x8000a498 (0x05a14363)
core   0: 0x8000a4de (0x0000100f) fence.i
core   0: 3 0x8000a4de (0x0000100f)
core   0: 0x8000a4e2 (0x00acc633) xor     a2, s9, a0
core   0: 3 0x8000a4e2 (0x00acc633) x12 0x80025ce4
core   0: 0x8000a4e6 (0xe2cd7e13) andi    t3, s10, -468
core   0: 3 0x8000a4e6 (0xe2cd7e13) x28 0x00000000
core   0: 0x8000a4ea (0x008647b3) xor     a5, a2, s0
core   0: 3 0x8000a4ea (0x008647b3) x15 0x80025ce4
core   0: 0x8000a4ee (0x0000832d) c.srli  a4, 11
core   0: 3 0x8000a4ee (0x832d) x14 0x00000000
core   0: 0x8000a4f0 (0x0ff0000f) fence   iorw,iorw
core   0: 3 0x8000a4f0 (0x0ff0000f)
core   0: 0x8000a4f4 (0x023bb7b3) mulhu   a5, s7, gp
core   0: 3 0x8000a4f4 (0x023bb7b3) x15 0x0000010b
core   0: 0x8000a4f8 (0x0230d363) bge     ra, gp, pc + 38
core   0: 3 0x8000a4f8 (0x0230d363)
core   0: 0x8000a51e (0x01747db3) and     s11, s0, s7
core   0: 3 0x8000a51e (0x01747db3) x27 0x00000000
core   0: 0x8000a522 (0x98c50313) addi    t1, a0, -1652
core   0: 3 0x8000a522 (0x98c50313) x6  0xfffff98c
core   0: 0x8000a526 (0x0362beb3) mulhu   t4, t0, s6
core   0: 3 0x8000a526 (0x0362beb3) x29 0x00013602
core   0: 0x8000a52a (0x03144eb3) div     t4, s0, a7
core   0: 3 0x8000a52a (0x03144eb3) x29 0x00000000
core   0: 0x8000a52e (0x029ff0b3) remu    ra, t6, s1
core   0: 3 0x8000a52e (0x029ff0b3) x1  0x00000001
core   0: 0x8000a532 (0x0000547d) c.li    s0, -1
core   0: 3 0x8000a532 (0x547d) x8  0xffffffff
core   0: 0x8000a534 (0x0000ee95) c.bnez  a3, pc + 60
core   0: 3 0x8000a534 (0xee95)
core   0: 0x8000a570 (0x00000001) c.nop
core   0: 3 0x8000a570 (0x0001)
core   0: 0x8000a572 (0x340366f3) csrrsi  a3, mscratch, 6
core   0: 3 0x8000a572 (0x340366f3) x13 0x0000001e c832_mscratch 0x0000001e
core   0: 0x8000a576 (0x030171b3) remu    gp, sp, a6
core   0: 3 0x8000a576 (0x030171b3) x3  0x80023df8
core   0: 0x8000a57a (0x020e2ab3) mulhsu  s5, t3, zero
core   0: 3 0x8000a57a (0x020e2ab3) x21 0x00000000
core   0: 0x8000a57e (0x00006c35) c.lui   s8, 0xd
core   0: 3 0x8000a57e (0x6c35) x24 0x0000d000
core   0: 0x8000a580 (0x00001400) c.addi4spn s0, sp, 544
core   0: 3 0x8000a580 (0x1400) x8  0x80024018
core   0: 0x8000a582 (0x00008009) c.srli  s0, 2
core   0: 3 0x8000a582 (0x8009) x8  0x20009006
core   0: 0x8000a584 (0x0000e981) c.bnez  a1, pc + 16
core   0: 3 0x8000a584 (0xe981)
core   0: 0x8000a594 (0x02560db3) mul     s11, a2, t0
core   0: 3 0x8000a594 (0x02560db3) x27 0xf41d0000
core   0: 0x8000a598 (0x00dfcdb3) xor     s11, t6, a3
core   0: 3 0x8000a598 (0x00dfcdb3) x27 0x00000015
core   0: 0x8000a59c (0x021aff33) remu    t5, s5, ra
core   0: 3 0x8000a59c (0x021aff33) x30 0x00000000
core   0: 0x8000a5a0 (0xfe646493) ori     s1, s0, -26
core   0: 3 0x8000a5a0 (0xfe646493) x9  0xffffffe6
core   0: 0x8000a5a4 (0xc31bf613) andi    a2, s7, -975
core   0: 3 0x8000a5a4 (0xc31bf613) x12 0x00000010
core   0: 0x8000a5a8 (0x02669f33) mulh    t5, a3, t1
core   0: 3 0x8000a5a8 (0x02669f33) x30 0xffffffff
core   0: 0x8000a5ac (0x34072473) csrrs   s0, mscratch, a4
core   0: 3 0x8000a5ac (0x34072473) x8  0x0000001e c832_mscratch 0x0000001e
core   0: 0x8000a5b0 (0x00000d0c) c.addi4spn a1, sp, 656
core   0: 3 0x8000a5b0 (0x0d0c) x11 0x80024088
core   0: 0x8000a5b2 (0x03ce9033) mulh    zero, t4, t3
core   0: 3 0x8000a5b2 (0x03ce9033)
core   0: 0x8000a5b6 (0x864e5817) auipc   a6, 0x864e5
core   0: 3 0x8000a5b6 (0x864e5817) x16 0x064ef5b6
core   0: 0x8000a5ba (0x01c50563) beq     a0, t3, pc + 10
core   0: 3 0x8000a5ba (0x01c50563)
core   0: 0x8000a5c4 (0x00008a5d) c.andi  a2, 23
core   0: 3 0x8000a5c4 (0x8a5d) x12 0x00000010
core   0: 0x8000a5c6 (0x0000e999) c.bnez  a1, pc + 22
core   0: 3 0x8000a5c6 (0xe999)
core   0: 0x8000a5dc (0xc7e7c897) auipc   a7, 0xc7e7c
core   0: 3 0x8000a5dc (0xc7e7c897) x17 0x47e865dc
core   0: 0x8000a5e0 (0x01a5e533) or      a0, a1, s10
core   0: 3 0x8000a5e0 (0x01a5e533) x10 0x8002408b
core   0: 0x8000a5e4 (0x0000197d) c.addi  s2, -1
core   0: 3 0x8000a5e4 (0x197d) x18 0xfffff86a
core   0: 0x8000a5e6 (0x008c0533) add     a0, s8, s0
core   0: 3 0x8000a5e6 (0x008c0533) x10 0x0000d01e
core   0: 0x8000a5ea (0x00e94733) xor     a4, s2, a4
core   0: 3 0x8000a5ea (0x00e94733) x14 0xfffff86a
core   0: 0x8000a5ee (0x41068833) sub     a6, a3, a6
core   0: 3 0x8000a5ee (0x41068833) x16 0xf9b10a68
core   0: 0x8000a5f2 (0x7ceaa213) slti    tp, s5, 1998
core   0: 3 0x8000a5f2 (0x7ceaa213) x4  0x00000001
core   0: 0x8000a5f6 (0x000091ba) c.add   gp, a4
core   0: 3 0x8000a5f6 (0x91ba) x3  0x80023662
core   0: 0x8000a5f8 (0x018b80b3) add     ra, s7, s8
core   0: 3 0x8000a5f8 (0x018b80b3) x1  0x0000d216
core   0: 0x8000a5fc (0x0d296417) auipc   s0, 0xd296
core   0: 3 0x8000a5fc (0x0d296417) x8  0x8d2a05fc
core   0: 0x8000a600 (0x00008e6d) c.and   a2, a1
core   0: 3 0x8000a600 (0x8e6d) x12 0x00000000
core   0: 0x8000a602 (0x020e2833) mulhsu  a6, t3, zero
core   0: 3 0x8000a602 (0x020e2833) x16 0x00000000
core   0: 0x8000a606 (0x00000d14) c.addi4spn a3, sp, 656
core   0: 3 0x8000a606 (0x0d14) x13 0x80024088
core   0: 0x8000a608 (0x0000e499) c.bnez  s1, pc + 14
core   0: 3 0x8000a608 (0xe499)
core   0: 0x8000a616 (0x0000717d) c.addi16sp sp, -16
core   0: 3 0x8000a616 (0x717d) x2  0x80023de8
core   0: 0x8000a618 (0x00008d29) c.xor   a0, a0
core   0: 3 0x8000a618 (0x8d29) x10 0x00000000
core   0: 0x8000a61a (0x403f5493) srai    s1, t5, 3
core   0: 3 0x8000a61a (0x403f5493) x9  0xffffffff
core   0: 0x8000a61e (0xc8a41437) lui     s0, 0xc8a41
core   0: 3 0x8000a61e (0xc8a41437) x8  0xc8a41000
core   0: 0x8000a622 (0x01bd43b3) xor     t2, s10, s11
core   0: 3 0x8000a622 (0x01bd43b3) x7  0x00000016
core   0: 0x8000a626 (0x026a5bb3) divu    s7, s4, t1
core   0: 3 0x8000a626 (0x026a5bb3) x23 0x00000000
core   0: 0x8000a62a (0x02108033) mul     zero, ra, ra
core   0: 3 0x8000a62a (0x02108033)
core   0: 0x8000a62e (0x6b8a03b7) lui     t2, 0x6b8a0
core   0: 3 0x8000a62e (0x6b8a03b7) x7  0x6b8a0000
core   0: 0x8000a632 (0x03d3f133) remu    sp, t2, t4
core   0: 3 0x8000a632 (0x03d3f133) x2  0x6b8a0000
core   0: 0x8000a636 (0x00fed813) srli    a6, t4, 15
core   0: 3 0x8000a636 (0x00fed813) x16 0x00000000
core   0: 0x8000a63a (0x340b1673) csrrw   a2, mscratch, s6
core   0: 3 0x8000a63a (0x340b1673) x12 0x0000001e c832_mscratch 0xf8021dfe
core   0: 0x8000a63e (0x00000001) c.nop
core   0: 3 0x8000a63e (0x0001)
core   0: 0x8000a640 (0x340eef73) csrrsi  t5, mscratch, 29
core   0: 3 0x8000a640 (0x340eef73) x30 0xf8021dfe c832_mscratch 0xf8021dff
core   0: 0x8000a644 (0x00008e85) c.sub   a3, s1
core   0: 3 0x8000a644 (0x8e85) x13 0x80024089
core   0: 0x8000a646 (0x00008219) c.srli  a2, 6
core   0: 3 0x8000a646 (0x8219) x12 0x00000000
core   0: 0x8000a648 (0x0000717d) c.addi16sp sp, -16
core   0: 3 0x8000a648 (0x717d) x2  0x6b89fff0
core   0: 0x8000a64a (0x340bec73) csrrsi  s8, mscratch, 23
core   0: 3 0x8000a64a (0x340bec73) x24 0xf8021dff c832_mscratch 0xf8021dff
core   0: 0x8000a64e (0x010b3b33) sltu    s6, s6, a6
core   0: 3 0x8000a64e (0x010b3b33) x22 0x00000000
core   0: 0x8000a652 (0x5f86f493) andi    s1, a3, 1528
core   0: 3 0x8000a652 (0x5f86f493) x9  0x00000088
core   0: 0x8000a656 (0x011933b3) sltu    t2, s2, a7
core   0: 3 0x8000a656 (0x011933b3) x7  0x00000000
core   0: 0x8000a65a (0x0276d3b3) divu    t2, a3, t2
core   0: 3 0x8000a65a (0x0276d3b3) x7  0xffffffff
core   0: 0x8000a65e (0x00000d56) c.slli  s10, 21
core   0: 3 0x8000a65e (0x0d56) x26 0x00600000
core   0: 0x8000a660 (0x00000001) c.nop
core   0: 3 0x8000a660 (0x0001)
core   0: 0x8000a662 (0x02448c63) beq     s1, tp, pc + 56
core   0: 3 0x8000a662 (0x02448c63)
core   0: 0x8000a666 (0x0214a1b3) mulhsu  gp, s1, ra
core   0: 3 0x8000a666 (0x0214a1b3) x3  0x00000000
core   0: 0x8000a66a (0x0000e289) c.bnez  a3, pc + 2
core   0: 3 0x8000a66a (0xe289)
core   0: 0x8000a66c (0x34003ef3) csrrc   t4, mscratch, zero
core   0: 3 0x8000a66c (0x34003ef3) x29 0xf8021dff
core   0: 0x8000a670 (0x02867633) remu    a2, a2, s0
core   0: 3 0x8000a670 (0x02867633) x12 0x00000000
core   0: 0x8000a674 (0x0244dc63) bge     s1, tp, pc + 56
core   0: 3 0x8000a674 (0x0244dc63)
core   0: 0x8000a6ac (0x00008f19) c.sub   a4, a4
core   0: 3 0x8000a6ac (0x8f19) x14 0x00000000
core   0: 0x8000a6ae (0x00008645) c.srai  a2, 17
core   0: 3 0x8000a6ae (0x8645) x12 0x00000000
core   0: 0x8000a6b0 (0x0ff0000f) fence   iorw,iorw
core   0: 3 0x8000a6b0 (0x0ff0000f)
core   0: 0x8000a6b4 (0x03b05eb3) divu    t4, zero, s11
core   0: 3 0x8000a6b4 (0x03b05eb3) x29 0x00000000
core   0: 0x8000a6b8 (0x00008e11) c.sub   a2, a2
core   0: 3 0x8000a6b8 (0x8e11) x12 0x00000000
core   0: 0x8000a6ba (0x00000001) c.nop
core   0: 3 0x8000a6ba (0x0001)
core   0: 0x8000a6bc (0x01007663) bgeu    zero, a6, pc + 12
core   0: 3 0x8000a6bc (0x01007663)
core   0: 0x8000a6c8 (0x02b387b3) mul     a5, t2, a1
core   0: 3 0x8000a6c8 (0x02b387b3) x15 0x7ffdbf78
core   0: 0x8000a6cc (0x340060f3) csrrsi  ra, mscratch, 0
core   0: 3 0x8000a6cc (0x340060f3) x1  0xf8021dff
core   0: 0x8000a6d0 (0x34036d73) csrrsi  s10, mscratch, 6
core   0: 3 0x8000a6d0 (0x34036d73) x26 0xf8021dff c832_mscratch 0xf8021dff
core   0: 0x8000a6d4 (0x00008d5d) c.or    a0, a5
core   0: 3 0x8000a6d4 (0x8d5d) x10 0x7ffdbf78
core   0: 0x8000a6d6 (0x3dc5c693) xori    a3, a1, 988
core   0: 3 0x8000a6d6 (0x3dc5c693) x13 0x80024354
core   0: 0x8000a6da (0x00008191) c.srli  a1, 4
core   0: 3 0x8000a6da (0x8191) x11 0x08002408
core   0: 0x8000a6dc (0x0000717d) c.addi16sp sp, -16
core   0: 3 0x8000a6dc (0x717d) x2  0x6b89ffe0
core   0: 0x8000a6de (0x340dadf3) csrrs   s11, mscratch, s11
core   0: 3 0x8000a6de (0x340dadf3) x27 0xf8021dff c832_mscratch 0xf8021dff
core   0: 0x8000a6e2 (0x00000001) c.nop
core   0: 3 0x8000a6e2 (0x0001)
core   0: 0x8000a6e4 (0x00421533) sll     a0, tp, tp
core   0: 3 0x8000a6e4 (0x00421533) x10 0x00000002
core   0: 0x8000a6e8 (0x01378e63) beq     a5, s3, pc + 28
core   0: 3 0x8000a6e8 (0x01378e63)
core   0: 0x8000a6ec (0x34003573) csrrc   a0, mscratch, zero
core   0: 3 0x8000a6ec (0x34003573) x10 0xf8021dff
core   0: 0x8000a6f0 (0x403cd793) srai    a5, s9, 3
core   0: 3 0x8000a6f0 (0x403cd793) x15 0xf0004b9c
core   0: 0x8000a6f4 (0x000067fd) c.lui   a5, 0x1f
core   0: 3 0x8000a6f4 (0x67fd) x15 0x0001f000
core   0: 0x8000a6f6 (0x01d220b3) slt     ra, tp, t4
core   0: 3 0x8000a6f6 (0x01d220b3) x1  0x00000000
core   0: 0x8000a6fa (0xc5aaf713) andi    a4, s5, -934
core   0: 3 0x8000a6fa (0xc5aaf713) x14 0x00000000
core   0: 0x8000a6fe (0x03c63b33) mulhu   s6, a2, t3
core   0: 3 0x8000a6fe (0x03c63b33) x22 0x00000000
core   0: 0x8000a702 (0x00004d79) c.li    s10, 30
core   0: 3 0x8000a702 (0x4d79) x26 0x0000001e
core   0: 0x8000a704 (0x0264e863) bltu    s1, t1, pc + 48
core   0: 3 0x8000a704 (0x0264e863)
core   0: 0x8000a734 (0x418ede13) srai    t3, t4, 24
core   0: 3 0x8000a734 (0x418ede13) x28 0x00000000
core   0: 0x8000a738 (0x25e44393) xori    t2, s0, 606
core   0: 3 0x8000a738 (0x25e44393) x7  0xc8a4125e
core   0: 0x8000a73c (0x01c081b3) add     gp, ra, t3
core   0: 3 0x8000a73c (0x01c081b3) x3  0x00000000
core   0: 0x8000a740 (0x03ab2633) mulhsu  a2, s6, s10
core   0: 3 0x8000a740 (0x03ab2633) x12 0x00000000
core   0: 0x8000a744 (0x02ac87b3) mul     a5, s9, a0
core   0: 3 0x8000a744 (0x02ac87b3) x15 0x60a85b1c
core   0: 0x8000a748 (0x0352a533) mulhsu  a0, t0, s5
core   0: 3 0x8000a748 (0x0352a533) x10 0x00000000
core   0: 0x8000a74c (0x03246db3) rem     s11, s0, s2
core   0: 3 0x8000a74c (0x03246db3) x27 0xfffffc8a
core   0: 0x8000a750 (0x01496663) bltu    s2, s4, pc + 12
core   0: 3 0x8000a750 (0x01496663)
core   0: 0x8000a754 (0x3405e4f3) csrrsi  s1, mscratch, 11
core   0: 3 0x8000a754 (0x3405e4f3) x9  0xf8021dff c832_mscratch 0xf8021dff
core   0: 0x8000a758 (0xa4d82513) slti    a0, a6, -1459
core   0: 3 0x8000a758 (0xa4d82513) x10 0x00000000
core   0: 0x8000a75c (0x4a9d0eb7) lui     t4, 0x4a9d0
core   0: 3 0x8000a75c (0x4a9d0eb7) x29 0x4a9d0000
core   0: 0x8000a760 (0x00083f33) sltu    t5, a6, zero
core   0: 3 0x8000a760 (0x00083f33) x30 0x00000000
core   0: 0x8000a764 (0x000081b2) c.mv    gp, a2
core   0: 3 0x8000a764 (0x81b2) x3  0x00000000
core   0: 0x8000a766 (0x0104ee33) or      t3, s1, a6
core   0: 3 0x8000a766 (0x0104ee33) x28 0xf8021dff
core   0: 0x8000a76a (0x418c08b3) sub     a7, s8, s8
core   0: 3 0x8000a76a (0x418c08b3) x17 0x00000000
core   0: 0x8000a76e (0x027e9f33) mulh    t5, t4, t2
core   0: 3 0x8000a76e (0x027e9f33) x30 0xefdd79ee
core   0: 0x8000a772 (0x34013e73) csrrc   t3, mscratch, sp
core   0: 3 0x8000a772 (0x34013e73) x28 0xf8021dff c832_mscratch 0x9002001f
core   0: 0x8000a776 (0x00008c39) c.xor   s0, a4
core   0: 3 0x8000a776 (0x8c39) x8  0xc8a41000
core   0: 0x8000a778 (0x01456e63) bltu    a0, s4, pc + 28
core   0: 3 0x8000a778 (0x01456e63)
core   0: 0x8000a77c (0x036cff63) bgeu    s9, s6, pc + 62
core   0: 3 0x8000a77c (0x036cff63)
core   0: 0x8000a7ba (0x00008e4d) c.or    a2, a1
core   0: 3 0x8000a7ba (0x8e4d) x12 0x08002408
core   0: 0x8000a7bc (0x02a8dd33) divu    s10, a7, a0
core   0: 3 0x8000a7bc (0x02a8dd33) x26 0xffffffff
core   0: 0x8000a7c0 (0x03aa0833) mul     a6, s4, s10
core   0: 3 0x8000a7c0 (0x03aa0833) x16 0x00000000
core   0: 0x8000a7c4 (0x00001008) c.addi4spn a0, sp, 32
core   0: 3 0x8000a7c4 (0x1008) x10 0x6b8a0000
core   0: 0x8000a7c6 (0x34002973) csrr    s2, mscratch
core   0: 3 0x8000a7c6 (0x34002973) x18 0x9002001f
core   0: 0x8000a7ca (0x016ed7b3) srl     a5, t4, s6
core   0: 3 0x8000a7ca (0x016ed7b3) x15 0x4a9d0000
core   0: 0x8000a7ce (0x4f8cea13) ori     s4, s9, 1272
core   0: 3 0x8000a7ce (0x4f8cea13) x20 0x80025cfc
core   0: 0x8000a7d2 (0x00044133) xor     sp, s0, zero
core   0: 3 0x8000a7d2 (0x00044133) x2  0xc8a41000
core   0: 0x8000a7d6 (0x00008d29) c.xor   a0, a0
core   0: 3 0x8000a7d6 (0x8d29) x10 0x00000000
core   0: 0x8000a7d8 (0x000082f9) c.srli  a3, 30
core   0: 3 0x8000a7d8 (0x82f9) x13 0x00000002
core   0: 0x8000a7da (0x3405f173) csrrci  sp, mscratch, 11
core   0: 3 0x8000a7da (0x3405f173) x2  0x9002001f c832_mscratch 0x90020014
core   0: 0x8000a7de (0x0ff0000f) fence   iorw,iorw
core   0: 3 0x8000a7de (0x0ff0000f)
core   0: 0x8000a7e2 (0x00000eb2) c.slli  t4, 12
core   0: 3 0x8000a7e2 (0x0eb2) x29 0xd0000000
core   0: 0x8000a7e4 (0x0000e0b9) c.bnez  s1, pc + 70
core   0: 3 0x8000a7e4 (0xe0b9)
core   0: 0x8000a82a (0x0000100f) fence.i
core   0: 3 0x8000a82a (0x0000100f)
core   0: 0x8000a82e (0x000002ce) c.slli  t0, 19
core   0: 3 0x8000a82e (0x02ce) x5  0x00000000
core   0: 0x8000a830 (0x02771a63) bne     a4, t2, pc + 52
core   0: 3 0x8000a830 (0x02771a63)
core   0: 0x8000a864 (0x34095b73) csrrwi  s6, mscratch, 18
core   0: 3 0x8000a864 (0x34095b73) x22 0x90020014 c832_mscratch 0x00000012
core   0: 0x8000a868 (0x0274c4b3) div     s1, s1, t2
core   0: 3 0x8000a868 (0x0274c4b3) x9  0x00000000
core   0: 0x8000a86c (0x00000001) c.nop
core   0: 3 0x8000a86c (0x0001)
core   0: 0x8000a86e (0x00000001) c.nop
core   0: 3 0x8000a86e (0x0001)
core   0: 0x8000a870 (0x0000610d) c.addi16sp sp, 160
core   0: 3 0x8000a870 (0x610d) x2  0x900200bf
core   0: 0x8000a872 (0x00009d6e) c.add   s10, s11
core   0: 3 0x8000a872 (0x9d6e) x26 0xfffffc89
core   0: 0x8000a874 (0x03c73133) mulhu   sp, a4, t3
core   0: 3 0x8000a874 (0x03c73133) x2  0x00000000
core   0: 0x8000a878 (0x412b01b3) sub     gp, s6, s2
core   0: 3 0x8000a878 (0x412b01b3) x3  0xfffffff5
core   0: 0x8000a87c (0x0000e781) c.bnez  a5, pc + 8
core   0: 3 0x8000a87c (0xe781)
core   0: 0x8000a884 (0x00c94933) xor     s2, s2, a2
core   0: 3 0x8000a884 (0x00c94933) x18 0x98022417
core   0: 0x8000a888 (0x0000100f) fence.i
core   0: 3 0x8000a888 (0x0000100f)
core   0: 0x8000a88c (0x00008fe1) c.and   a5, s0
core   0: 3 0x8000a88c (0x8fe1) x15 0x48840000
core   0: 0x8000a88e (0x0ff0000f) fence   iorw,iorw
core   0: 3 0x8000a88e (0x0ff0000f)
core   0: 0x8000a892 (0x0188b733) sltu    a4, a7, s8
core   0: 3 0x8000a892 (0x0188b733) x14 0x00000001
core   0: 0x8000a896 (0x92d08613) addi    a2, ra, -1747
core   0: 3 0x8000a896 (0x92d08613) x12 0xfffff92d
core   0: 0x8000a89a (0x0000717d) c.addi16sp sp, -16
core   0: 3 0x8000a89a (0x717d) x2  0xfffffff0
core   0: 0x8000a89c (0x34003873) csrrc   a6, mscratch, zero
core   0: 3 0x8000a89c (0x34003873) x16 0x00000012
core   0: 0x8000a8a0 (0x010c6733) or      a4, s8, a6
core   0: 3 0x8000a8a0 (0x010c6733) x14 0xf8021dff
core   0: 0x8000a8a4 (0x01425b33) srl     s6, tp, s4
core   0: 3 0x8000a8a4 (0x01425b33) x22 0x00000000
core   0: 0x8000a8a8 (0x41b9a313) slti    t1, s3, 1051
core   0: 3 0x8000a8a8 (0x41b9a313) x6  0x00000001
core   0: 0x8000a8ac (0x344a4b13) xori    s6, s4, 836
core   0: 3 0x8000a8ac (0x344a4b13) x22 0x80025fb8
core   0: 0x8000a8b0 (0x02a40e33) mul     t3, s0, a0
core   0: 3 0x8000a8b0 (0x02a40e33) x28 0x00000000
core   0: 0x8000a8b4 (0x00008fd5) c.or    a5, a3
core   0: 3 0x8000a8b4 (0x8fd5) x15 0x48840002
core   0: 0x8000a8b6 (0x40425eb3) sra     t4, tp, tp
core   0: 3 0x8000a8b6 (0x40425eb3) x29 0x00000000
core   0: 0x8000a8ba (0x01eef563) bgeu    t4, t5, pc + 10
core   0: 3 0x8000a8ba (0x01eef563)
core   0: 0x8000a8be (0x0000137d) c.addi  t1, -1
core   0: 3 0x8000a8be (0x137d) x6  0x00000000
core   0: 0x8000a8c0 (0x000093be) c.add   t2, a5
core   0: 3 0x8000a8c0 (0x93be) x7  0x11281260
core   0: 0x8000a8c2 (0x00000001) c.nop
core   0: 3 0x8000a8c2 (0x0001)
core   0: 0x8000a8c4 (0x043d9263) bne     s11, gp, pc + 68
core   0: 3 0x8000a8c4 (0x043d9263)
core   0: 0x8000a908 (0x03607533) remu    a0, zero, s6
core   0: 3 0x8000a908 (0x03607533) x10 0x00000000
core   0: 0x8000a90c (0x0000841e) c.mv    s0, t2
core   0: 3 0x8000a90c (0x841e) x8  0x11281260
core   0: 0x8000a90e (0xb4a82d13) slti    s10, a6, -1206
core   0: 3 0x8000a90e (0xb4a82d13) x26 0x00000000
core   0: 0x8000a912 (0x00008b61) c.andi  a4, 24
core   0: 3 0x8000a912 (0x8b61) x14 0x00000018
core   0: 0x8000a914 (0x3405b773) csrrc   a4, mscratch, a1
core   0: 3 0x8000a914 (0x3405b773) x14 0x00000012 c832_mscratch 0x00000012
core   0: 0x8000a918 (0x0000100f) fence.i
core   0: 3 0x8000a918 (0x0000100f)
core   0: 0x8000a91c (0xcc220113) addi    sp, tp, -830
core   0: 3 0x8000a91c (0xcc220113) x2  0xfffffcc3
core   0: 0x8000a920 (0x00ce7533) and     a0, t3, a2
core   0: 3 0x8000a920 (0x00ce7533) x10 0x00000000
core   0: 0x8000a924 (0x0000cf15) c.beqz  a4, pc + 60
core   0: 3 0x8000a924 (0xcf15)
core   0: 0x8000a926 (0x029f1f63) bne     t5, s1, pc + 62
core   0: 3 0x8000a926 (0x029f1f63)
core   0: 0x8000a964 (0x00000836) c.slli  a6, 13
core   0: 3 0x8000a964 (0x0836) x16 0x00024000
core   0: 0x8000a966 (0x00008dc5) c.or    a1, s1
core   0: 3 0x8000a966 (0x8dc5) x11 0x08002408
core   0: 0x8000a968 (0x03d88a33) mul     s4, a7, t4
core   0: 3 0x8000a968 (0x03d88a33) x20 0x00000000
core   0: 0x8000a96c (0x0000117d) c.addi  sp, -1
core   0: 3 0x8000a96c (0x117d) x2  0xfffffcc2
core   0: 0x8000a96e (0x00f2ba33) sltu    s4, t0, a5
core   0: 3 0x8000a96e (0x00f2ba33) x20 0x00000001
core   0: 0x8000a972 (0x00008ead) c.xor   a3, a1
core   0: 3 0x8000a972 (0x8ead) x13 0x0800240a
core   0: 0x8000a974 (0x024602b3) mul     t0, a2, tp
core   0: 3 0x8000a974 (0x024602b3) x5  0xfffff92d
core   0: 0x8000a978 (0x00aced33) or      s10, s9, a0
core   0: 3 0x8000a978 (0x00aced33) x26 0x80025ce4
core   0: 0x8000a97c (0x41628033) sub     zero, t0, s6
core   0: 3 0x8000a97c (0x41628033)
core   0: 0x8000a980 (0x00000eaa) c.slli  t4, 10
core   0: 3 0x8000a980 (0x0eaa) x29 0x00000000
core   0: 0x8000a982 (0x00008ed9) c.or    a3, a4
core   0: 3 0x8000a982 (0x8ed9) x13 0x0800241a
core   0: 0x8000a984 (0x01589833) sll     a6, a7, s5
core   0: 3 0x8000a984 (0x01589833) x16 0x00000000
core   0: 0x8000a988 (0x340f5b73) csrrwi  s6, mscratch, 30
core   0: 3 0x8000a988 (0x340f5b73) x22 0x00000012 c832_mscratch 0x0000001e
core   0: 0x8000a98c (0x340020f3) csrr    ra, mscratch
core   0: 3 0x8000a98c (0x340020f3) x1  0x0000001e
core   0: 0x8000a990 (0x00008a72) c.mv    s4, t3
core   0: 3 0x8000a990 (0x8a72) x20 0x00000000
core   0: 0x8000a992 (0x03137b33) remu    s6, t1, a7
core   0: 3 0x8000a992 (0x03137b33) x22 0x00000000
core   0: 0x8000a996 (0xb038b693) sltiu   a3, a7, -1277
core   0: 3 0x8000a996 (0xb038b693) x13 0x00000001
core   0: 0x8000a99a (0x34002373) csrr    t1, mscratch
core   0: 3 0x8000a99a (0x34002373) x6  0x0000001e
core   0: 0x8000a99e (0x3408fd73) csrrci  s10, mscratch, 17
core   0: 3 0x8000a99e (0x3408fd73) x26 0x0000001e c832_mscratch 0x0000000e
core   0: 0x8000a9a2 (0x03829a63) bne     t0, s8, pc + 52
core   0: 3 0x8000a9a2 (0x03829a63)
core   0: 0x8000a9d6 (0x0307ea33) rem     s4, a5, a6
core   0: 3 0x8000a9d6 (0x0307ea33) x20 0x48840002
core   0: 0x8000a9da (0x0182c863) blt     t0, s8, pc + 16
core   0: 3 0x8000a9da (0x0182c863)
core   0: 0x8000a9de (0x0000c791) c.beqz  a5, pc + 12
core   0: 3 0x8000a9de (0xc791)
core   0: 0x8000a9e0 (0x0000100f) fence.i
core   0: 3 0x8000a9e0 (0x0000100f)
core   0: 0x8000a9e4 (0x02b70b63) beq     a4, a1, pc + 54
core   0: 3 0x8000a9e4 (0x02b70b63)
core   0: 0x8000a9e8 (0x00004f51) c.li    t5, 20
core   0: 3 0x8000a9e8 (0x4f51) x30 0x00000014
core   0: 0x8000a9ea (0x03f89e63) bne     a7, t6, pc + 60
core   0: 3 0x8000a9ea (0x03f89e63)
core   0: 0x8000aa26 (0x05222c13) slti    s8, tp, 82
core   0: 3 0x8000aa26 (0x05222c13) x24 0x00000001
core   0: 0x8000aa2a (0x02b76f63) bltu    a4, a1, pc + 62
core   0: 3 0x8000aa2a (0x02b76f63)
core   0: 0x8000aa68 (0x00008dcd) c.or    a1, a1
core   0: 3 0x8000aa68 (0x8dcd) x11 0x08002408
core   0: 0x8000aa6a (0x58c5a113) slti    sp, a1, 1420
core   0: 3 0x8000aa6a (0x58c5a113) x2  0x00000000
core   0: 0x8000aa6e (0x020a88b3) mul     a7, s5, zero
core   0: 3 0x8000aa6e (0x020a88b3) x17 0x00000000
core   0: 0x8000aa72 (0x00d3b6b3) sltu    a3, t2, a3
core   0: 3 0x8000aa72 (0x00d3b6b3) x13 0x00000000
core   0: 0x8000aa76 (0x03c96433) rem     s0, s2, t3
core   0: 3 0x8000aa76 (0x03c96433) x8  0x98022417
core   0: 0x8000aa7a (0x00801f33) sll     t5, zero, s0
core   0: 3 0x8000aa7a (0x00801f33) x30 0x00000000
core   0: 0x8000aa7e (0x00000e09) c.addi  t3, 2
core   0: 3 0x8000aa7e (0x0e09) x28 0x00000002
core   0: 0x8000aa80 (0x0000ec89) c.bnez  s1, pc + 26
core   0: 3 0x8000aa80 (0xec89)
core   0: 0x8000aa82 (0x03ba30b3) mulhu   ra, s4, s11
core   0: 3 0x8000aa82 (0x03ba30b3) x1  0x4883ff07
core   0: 0x8000aa86 (0x0098c733) xor     a4, a7, s1
core   0: 3 0x8000aa86 (0x0098c733) x14 0x00000000
core   0: 0x8000aa8a (0x02baa5b3) mulhsu  a1, s5, a1
core   0: 3 0x8000aa8a (0x02baa5b3) x11 0x00000000
core   0: 0x8000aa8e (0x00678e63) beq     a5, t1, pc + 28
core   0: 3 0x8000aa8e (0x00678e63)
core   0: 0x8000aa92 (0x34007773) csrrci  a4, mscratch, 0
core   0: 3 0x8000aa92 (0x34007773) x14 0x0000000e
core   0: 0x8000aa96 (0x00c59f13) slli    t5, a1, 12
core   0: 3 0x8000aa96 (0x00c59f13) x30 0x00000000
core   0: 0x8000aa9a (0x40fc8433) sub     s0, s9, a5
core   0: 3 0x8000aa9a (0x40fc8433) x8  0x377e5ce2
core   0: 0x8000aa9e (0x402b5913) srai    s2, s6, 2
core   0: 3 0x8000aa9e (0x402b5913) x18 0x00000000
core   0: 0x8000aaa2 (0x034f73b3) remu    t2, t5, s4
core   0: 3 0x8000aaa2 (0x034f73b3) x7  0x00000000
core   0: 0x8000aaa6 (0x340cf7f3) csrrci  a5, mscratch, 25
core   0: 3 0x8000aaa6 (0x340cf7f3) x15 0x0000000e c832_mscratch 0x00000006
core   0: 0x8000aaaa (0x3c033613) sltiu   a2, t1, 960
core   0: 3 0x8000aaaa (0x3c033613) x12 0x00000001
core   0: 0x8000aaae (0x41ac8a33) sub     s4, s9, s10
core   0: 3 0x8000aaae (0x41ac8a33) x20 0x80025cc6
core   0: 0x8000aab2 (0x340ea3f3) csrrs   t2, mscratch, t4
core   0: 3 0x8000aab2 (0x340ea3f3) x7  0x00000006 c832_mscratch 0x00000006
core   0: 0x8000aab6 (0x00facc33) xor     s8, s5, a5
core   0: 3 0x8000aab6 (0x00facc33) x24 0x0000000e
core   0: 0x8000aaba (0x00000001) c.nop
core   0: 3 0x8000aaba (0x0001)
core   0: 0x8000aabc (0x34061373) csrrw   t1, mscratch, a2
core   0: 3 0x8000aabc (0x34061373) x6  0x00000006 c832_mscratch 0x00000001
core   0: 0x8000aac0 (0x406c8bb3) sub     s7, s9, t1
core   0: 3 0x8000aac0 (0x406c8bb3) x23 0x80025cde
core   0: 0x8000aac4 (0x00001680) c.addi4spn s0, sp, 864
core   0: 3 0x8000aac4 (0x1680) x8  0x00000360
core   0: 0x8000aac6 (0x03f55733) divu    a4, a0, t6
core   0: 3 0x8000aac6 (0x03f55733) x14 0x00000000
core   0: 0x8000aaca (0x00008096) c.mv    ra, t0
core   0: 3 0x8000aaca (0x8096) x1  0xfffff92d
core   0: 0x8000aacc (0x00137c33) and     s8, t1, ra
core   0: 3 0x8000aacc (0x00137c33) x24 0x00000004
core   0: 0x8000aad0 (0x000092ae) c.add   t0, a1
core   0: 3 0x8000aad0 (0x92ae) x5  0xfffff92d
core   0: 0x8000aad2 (0x01fe4133) xor     sp, t3, t6
core   0: 3 0x8000aad2 (0x01fe4133) x2  0x00000009
core   0: 0x8000aad6 (0x00008dad) c.xor   a1, a1
core   0: 3 0x8000aad6 (0x8dad) x11 0x00000000
core   0: 0x8000aad8 (0x03b021b3) mulhsu  gp, zero, s11
core   0: 3 0x8000aad8 (0x03b021b3) x3  0x00000000
core   0: 0x8000aadc (0x4013d293) srai    t0, t2, 1
core   0: 3 0x8000aadc (0x4013d293) x5  0x00000003
core   0: 0x8000aae0 (0x0033af33) slt     t5, t2, gp
core   0: 3 0x8000aae0 (0x0033af33) x30 0x00000000
core   0: 0x8000aae4 (0x0000717d) c.addi16sp sp, -16
core   0: 3 0x8000aae4 (0x717d) x2  0xfffffff9
core   0: 0x8000aae6 (0x00008b5d) c.andi  a4, 23
core   0: 3 0x8000aae6 (0x8b5d) x14 0x00000000
core   0: 0x8000aae8 (0xa23db0b7) lui     ra, 0xa23db
core   0: 3 0x8000aae8 (0xa23db0b7) x1  0xa23db000
core   0: 0x8000aaec (0x02922933) mulhsu  s2, tp, s1
core   0: 3 0x8000aaec (0x02922933) x18 0x00000000
core   0: 0x8000aaf0 (0x0000178c) c.addi4spn a1, sp, 992
core   0: 3 0x8000aaf0 (0x178c) x11 0x000003d9
core   0: 0x8000aaf2 (0x34e42e93) slti    t4, s0, 846
core   0: 3 0x8000aaf2 (0x34e42e93) x29 0x00000000
core   0: 0x8000aaf6 (0x00e1d313) srli    t1, gp, 14
core   0: 3 0x8000aaf6 (0x00e1d313) x6  0x00000000
core   0: 0x8000aafa (0x508d8417) auipc   s0, 0x508d8
core   0: 3 0x8000aafa (0x508d8417) x8  0xd08e2afa
core   0: 0x8000aafe (0x34006bf3) csrrsi  s7, mscratch, 0
core   0: 3 0x8000aafe (0x34006bf3) x23 0x00000001
core   0: 0x8000ab02 (0x014a8663) beq     s5, s4, pc + 12
core   0: 3 0x8000ab02 (0x014a8663)
core   0: 0x8000ab06 (0x0293fa33) remu    s4, t2, s1
core   0: 3 0x8000ab06 (0x0293fa33) x20 0x00000006
core   0: 0x8000ab0a (0x01148b63) beq     s1, a7, pc + 22
core   0: 3 0x8000ab0a (0x01148b63)
core   0: 0x8000ab20 (0x34056bf3) csrrsi  s7, mscratch, 10
core   0: 3 0x8000ab20 (0x34056bf3) x23 0x00000001 c832_mscratch 0x0000000b
core   0: 0x8000ab24 (0x000082f9) c.srli  a3, 30
core   0: 3 0x8000ab24 (0x82f9) x13 0x00000000
core   0: 0x8000ab26 (0xa5e3bbb7) lui     s7, 0xa5e3b
core   0: 3 0x8000ab26 (0xa5e3bbb7) x23 0xa5e3b000
core   0: 0x8000ab2a (0x1ded8b97) auipc   s7, 0x1ded8
core   0: 3 0x8000ab2a (0x1ded8b97) x23 0x9dee2b2a
core   0: 0x8000ab2e (0x04840063) beq     s0, s0, pc + 64
core   0: 3 0x8000ab2e (0x04840063)
core   0: 0x8000ab6e (0x00008fe5) c.and   a5, s1
core   0: 3 0x8000ab6e (0x8fe5) x15 0x00000000
core   0: 0x8000ab70 (0x000083ad) c.srli  a5, 11
core   0: 3 0x8000ab70 (0x83ad) x15 0x00000000
core   0: 0x8000ab72 (0x00000e1c) c.addi4spn a5, sp, 784
core   0: 3 0x8000ab72 (0x0e1c) x15 0x00000309
core   0: 0x8000ab74 (0x405c07b3) sub     a5, s8, t0
core   0: 3 0x8000ab74 (0x405c07b3) x15 0x00000001
core   0: 0x8000ab78 (0x04835917) auipc   s2, 0x4835
core   0: 3 0x8000ab78 (0x04835917) x18 0x8483fb78
core   0: 0x8000ab7c (0x340cedf3) csrrsi  s11, mscratch, 25
core   0: 3 0x8000ab7c (0x340cedf3) x27 0x0000000b c832_mscratch 0x0000001b
core   0: 0x8000ab80 (0x012e6733) or      a4, t3, s2
core   0: 3 0x8000ab80 (0x012e6733) x14 0x8483fb7a
core   0: 0x8000ab84 (0x414c0eb3) sub     t4, s8, s4
core   0: 3 0x8000ab84 (0x414c0eb3) x29 0xfffffffe
core   0: 0x8000ab88 (0x03f786b3) mul     a3, a5, t6
core   0: 3 0x8000ab88 (0x03f786b3) x13 0x0000000b
core   0: 0x8000ab8c (0x00521563) bne     tp, t0, pc + 10
core   0: 3 0x8000ab8c (0x00521563)
core   0: 0x8000ab96 (0x00009936) c.add   s2, a3
core   0: 3 0x8000ab96 (0x9936) x18 0x8483fb83
core   0: 0x8000ab98 (0x340e3673) csrrc   a2, mscratch, t3
core   0: 3 0x8000ab98 (0x340e3673) x12 0x0000001b c832_mscratch 0x00000019
core   0: 0x8000ab9c (0x3401ed73) csrrsi  s10, mscratch, 3
core   0: 3 0x8000ab9c (0x3401ed73) x26 0x00000019 c832_mscratch 0x0000001b
core   0: 0x8000aba0 (0x0000027d) c.addi  tp, 31
core   0: 3 0x8000aba0 (0x027d) x4  0x00000020
core   0: 0x8000aba2 (0x01040263) beq     s0, a6, pc + 4
core   0: 3 0x8000aba2 (0x01040263)
core   0: 0x8000aba6 (0x017554b3) srl     s1, a0, s7
core   0: 3 0x8000aba6 (0x017554b3) x9  0x00000000
core   0: 0x8000abaa (0x34022a73) csrrs   s4, mscratch, tp
core   0: 3 0x8000abaa (0x34022a73) x20 0x0000001b c832_mscratch 0x0000003b
core   0: 0x8000abae (0x414b8033) sub     zero, s7, s4
core   0: 3 0x8000abae (0x414b8033)
core   0: 0x8000abb2 (0xba392313) slti    t1, s2, -1117
core   0: 3 0x8000abb2 (0xba392313) x6  0x00000001
core   0: 0x8000abb6 (0x00009bfa) c.add   s7, t5
core   0: 3 0x8000abb6 (0x9bfa) x23 0x9dee2b2a
core   0: 0x8000abb8 (0x01e90763) beq     s2, t5, pc + 14
core   0: 3 0x8000abb8 (0x01e90763)
core   0: 0x8000abbc (0x00a78d33) add     s10, a5, a0
core   0: 3 0x8000abbc (0x00a78d33) x26 0x00000001
core   0: 0x8000abc0 (0x000086bd) c.srai  a3, 15
core   0: 3 0x8000abc0 (0x86bd) x13 0x00000000
core   0: 0x8000abc2 (0x38e91e97) auipc   t4, 0x38e91
core   0: 3 0x8000abc2 (0x38e91e97) x29 0xb8e9bbc2
core   0: 0x8000abc6 (0x00000001) c.nop
core   0: 3 0x8000abc6 (0x0001)
core   0: 0x8000abc8 (0x3402b4f3) csrrc   s1, mscratch, t0
core   0: 3 0x8000abc8 (0x3402b4f3) x9  0x0000003b c832_mscratch 0x00000038
core   0: 0x8000abcc (0x032e3a33) mulhu   s4, t3, s2
core   0: 3 0x8000abcc (0x032e3a33) x20 0x00000001
core   0: 0x8000abd0 (0x00008f45) c.or    a4, s1
core   0: 3 0x8000abd0 (0x8f45) x14 0x8483fb7b
core   0: 0x8000abd2 (0x010935b3) sltu    a1, s2, a6
core   0: 3 0x8000abd2 (0x010935b3) x11 0x00000000
core   0: 0x8000abd6 (0x00008b4d) c.andi  a4, 19
core   0: 3 0x8000abd6 (0x8b4d) x14 0x00000013
core   0: 0x8000abd8 (0x00e71693) slli    a3, a4, 14
core   0: 3 0x8000abd8 (0x00e71693) x13 0x0004c000
core   0: 0x8000abdc (0x00009926) c.add   s2, s1
core   0: 3 0x8000abdc (0x9926) x18 0x8483fbbe
core   0: 0x8000abde (0x0000951e) c.add   a0, t2
core   0: 3 0x8000abde (0x951e) x10 0x00000006
core   0: 0x8000abe0 (0x00008c39) c.xor   s0, a4
core   0: 3 0x8000abe0 (0x8c39) x8  0xd08e2ae9
core   0: 0x8000abe2 (0x00197e63) bgeu    s2, ra, pc + 28
core   0: 3 0x8000abe2 (0x00197e63)
core   0: 0x8000abe6 (0x05710463) beq     sp, s7, pc + 72
core   0: 3 0x8000abe6 (0x05710463)
core   0: 0x8000abea (0x00008e7d) c.and   a2, a5
core   0: 3 0x8000abea (0x8e7d) x12 0x00000001
core   0: 0x8000abec (0xf65c2713) slti    a4, s8, -155
core   0: 3 0x8000abec (0xf65c2713) x14 0x00000000
core   0: 0x8000abf0 (0x020abe33) mulhu   t3, s5, zero
core   0: 3 0x8000abf0 (0x020abe33) x28 0x00000000
core   0: 0x8000abf4 (0x000087bd) c.srai  a5, 15
core   0: 3 0x8000abf4 (0x87bd) x15 0x00000000
core   0: 0x8000abf6 (0x44f13c13) sltiu   s8, sp, 1103
core   0: 3 0x8000abf6 (0x44f13c13) x24 0x00000000
core   0: 0x8000abfa (0x4067d013) srai    zero, a5, 6
core   0: 3 0x8000abfa (0x4067d013)
core   0: 0x8000abfe (0x000000ce) c.slli  ra, 19
core   0: 3 0x8000abfe (0x00ce) x1  0x80000000
core   0: 0x8000ac00 (0x3403d6f3) csrrwi  a3, mscratch, 7
core   0: 3 0x8000ac00 (0x3403d6f3) x13 0x00000038 c832_mscratch 0x00000007
core   0: 0x8000ac04 (0x02a484b3) mul     s1, s1, a0
core   0: 3 0x8000ac04 (0x02a484b3) x9  0x00000162
core   0: 0x8000ac08 (0x9dade193) ori     gp, s11, -1574
core   0: 3 0x8000ac08 (0x9dade193) x3  0xfffff9db
core   0: 0x8000ac0c (0x0145fdb3) and     s11, a1, s4
core   0: 3 0x8000ac0c (0x0145fdb3) x27 0x00000000
core   0: 0x8000ac10 (0x0334d1b3) divu    gp, s1, s3
core   0: 3 0x8000ac10 (0x0334d1b3) x3  0x00000000
core   0: 0x8000ac14 (0x34007773) csrrci  a4, mscratch, 0
core   0: 3 0x8000ac14 (0x34007773) x14 0x00000007
core   0: 0x8000ac18 (0x40fcd113) srai    sp, s9, 15
core   0: 3 0x8000ac18 (0x40fcd113) x2  0xffff0004
core   0: 0x8000ac1c (0x34003df3) csrrc   s11, mscratch, zero
core   0: 3 0x8000ac1c (0x34003df3) x27 0x00000007
core   0: 0x8000ac20 (0x00008a3e) c.mv    s4, a5
core   0: 3 0x8000ac20 (0x8a3e) x20 0x00000000
core   0: 0x8000ac22 (0x00a92bb3) slt     s7, s2, a0
core   0: 3 0x8000ac22 (0x00a92bb3) x23 0x00000001
core   0: 0x8000ac26 (0x34002d73) csrr    s10, mscratch
core   0: 3 0x8000ac26 (0x34002d73) x26 0x00000007
core   0: 0x8000ac2a (0x85bb3eb7) lui     t4, 0x85bb3
core   0: 3 0x8000ac2a (0x85bb3eb7) x29 0x85bb3000
core   0: 0x8000ac2e (0x03dd6033) rem     zero, s10, t4
core   0: 3 0x8000ac2e (0x03dd6033)
core   0: 0x8000ac32 (0x340f2873) csrrs   a6, mscratch, t5
core   0: 3 0x8000ac32 (0x340f2873) x16 0x00000007 c832_mscratch 0x00000007
core   0: 0x8000ac36 (0x01a0c763) blt     ra, s10, pc + 14
core   0: 3 0x8000ac36 (0x01a0c763)
core   0: 0x8000ac44 (0x293f6213) ori     tp, t5, 659
core   0: 3 0x8000ac44 (0x293f6213) x4  0x00000293
core   0: 0x8000ac48 (0x03d5d2b3) divu    t0, a1, t4
core   0: 3 0x8000ac48 (0x03d5d2b3) x5  0x00000000
core   0: 0x8000ac4c (0x05cd1063) bne     s10, t3, pc + 64
core   0: 3 0x8000ac4c (0x05cd1063)
core   0: 0x8000ac8c (0x00008ff9) c.and   a5, a4
core   0: 3 0x8000ac8c (0x8ff9) x15 0x00000000
core   0: 0x8000ac8e (0x022cbdb3) mulhu   s11, s9, sp
core   0: 3 0x8000ac8e (0x022cbdb3) x27 0x8001dce3
core   0: 0x8000ac92 (0x00008ea1) c.xor   a3, s0
core   0: 3 0x8000ac92 (0x8ea1) x13 0xd08e2ad1
core   0: 0x8000ac94 (0x34075473) csrrwi  s0, mscratch, 14
core   0: 3 0x8000ac94 (0x34075473) x8  0x00000007 c832_mscratch 0x0000000e
core   0: 0x8000ac98 (0x00c49333) sll     t1, s1, a2
core   0: 3 0x8000ac98 (0x00c49333) x6  0x000002c4
core   0: 0x8000ac9c (0x00008ec9) c.or    a3, a0
core   0: 3 0x8000ac9c (0x8ec9) x13 0xd08e2ad7
core   0: 0x8000ac9e (0x0314d133) divu    sp, s1, a7
core   0: 3 0x8000ac9e (0x0314d133) x2  0xffffffff
core   0: 0x8000aca2 (0x0000187d) c.addi  a6, -1
core   0: 3 0x8000aca2 (0x187d) x16 0x00000006
core   0: 0x8000aca4 (0x40055493) srai    s1, a0, 0
core   0: 3 0x8000aca4 (0x40055493) x9  0x00000006
core   0: 0x8000aca8 (0x00000001) c.nop
core   0: 3 0x8000aca8 (0x0001)
core   0: 0x8000acaa (0x000080dd) c.srli  s1, 23
core   0: 3 0x8000acaa (0x80dd) x9  0x00000000
core   0: 0x8000acac (0x00008fa1) c.xor   a5, s0
core   0: 3 0x8000acac (0x8fa1) x15 0x00000007
core   0: 0x8000acae (0x036b5f63) bge     s6, s6, pc + 62
core   0: 3 0x8000acae (0x036b5f63)
core   0: 0x8000acec (0x01704e63) blt     zero, s7, pc + 28
core   0: 3 0x8000acec (0x01704e63)
core   0: 0x8000ad08 (0x340d56f3) csrrwi  a3, mscratch, 26
core   0: 3 0x8000ad08 (0x340d56f3) x13 0x0000000e c832_mscratch 0x0000001a
core   0: 0x8000ad0c (0x340074f3) csrrci  s1, mscratch, 0
core   0: 3 0x8000ad0c (0x340074f3) x9  0x0000001a
core   0: 0x8000ad10 (0x340ee573) csrrsi  a0, mscratch, 29
core   0: 3 0x8000ad10 (0x340ee573) x10 0x0000001a c832_mscratch 0x0000001f
core   0: 0x8000ad14 (0x00000001) c.nop
core   0: 3 0x8000ad14 (0x0001)
core   0: 0x8000ad16 (0x05f77263) bgeu    a4, t6, pc + 68
core   0: 3 0x8000ad16 (0x05f77263)
core   0: 0x8000ad1a (0x010dc3b3) xor     t2, s11, a6
core   0: 3 0x8000ad1a (0x010dc3b3) x7  0x8001dce5
core   0: 0x8000ad1e (0x006c1863) bne     s8, t1, pc + 16
core   0: 3 0x8000ad1e (0x006c1863)
core   0: 0x8000ad2e (0xf5327493) andi    s1, tp, -173
core   0: 3 0x8000ad2e (0xf5327493) x9  0x00000213
core   0: 0x8000ad32 (0x28883213) sltiu   tp, a6, 648
core   0: 3 0x8000ad32 (0x28883213) x4  0x00000001
core   0: 0x8000ad36 (0x00000001) c.nop
core   0: 3 0x8000ad36 (0x0001)
core   0: 0x8000ad38 (0x4b877037) lui     zero, 0x4b877
core   0: 3 0x8000ad38 (0x4b877037)
core   0: 0x8000ad3c (0x38f88513) addi    a0, a7, 911
core   0: 3 0x8000ad3c (0x38f88513) x10 0x0000038f
core   0: 0x8000ad40 (0x000081c9) c.srli  a1, 18
core   0: 3 0x8000ad40 (0x81c9) x11 0x00000000
core   0: 0x8000ad42 (0x0000c1b1) c.beqz  a1, pc + 68
core   0: 3 0x8000ad42 (0xc1b1)
core   0: 0x8000ad86 (0x01b85213) srli    tp, a6, 27
core   0: 3 0x8000ad86 (0x01b85213) x4  0x00000000
core   0: 0x8000ad8a (0x05ff1163) bne     t5, t6, pc + 66
core   0: 3 0x8000ad8a (0x05ff1163)
core   0: 0x8000adcc (0x0168f263) bgeu    a7, s6, pc + 4
core   0: 3 0x8000adcc (0x0168f263)
core   0: 0x8000add0 (0x00f8d493) srli    s1, a7, 15
core   0: 3 0x8000add0 (0x00f8d493) x9  0x00000000
core   0: 0x8000add4 (0x000087b1) c.srai  a5, 12
core   0: 3 0x8000add4 (0x87b1) x15 0x00000000
core   0: 0x8000add6 (0x34006873) csrrsi  a6, mscratch, 0
core   0: 3 0x8000add6 (0x34006873) x16 0x0000001f
core   0: 0x8000adda (0x410706b3) sub     a3, a4, a6
core   0: 3 0x8000adda (0x410706b3) x13 0xffffffe8
core   0: 0x8000adde (0x00b946b3) xor     a3, s2, a1
core   0: 3 0x8000adde (0x00b946b3) x13 0x8483fbbe
core   0: 0x8000ade2 (0x53ef0493) addi    s1, t5, 1342
core   0: 3 0x8000ade2 (0x53ef0493) x9  0x0000053e
core   0: 0x8000ade6 (0x0000e905) c.bnez  a0, pc + 48
core   0: 3 0x8000ade6 (0xe905)
core   0: 0x8000ae16 (0x00d581b3) add     gp, a1, a3
core   0: 3 0x8000ae16 (0x00d581b3) x3  0x8483fbbe
core   0: 0x8000ae1a (0xa29ecf13) xori    t5, t4, -1495
core   0: 3 0x8000ae1a (0xa29ecf13) x30 0x7a44ca29
core   0: 0x8000ae1e (0x952ac713) xori    a4, s5, -1710
core   0: 3 0x8000ae1e (0x952ac713) x14 0xfffff952
core   0: 0x8000ae22 (0x0000e499) c.bnez  s1, pc + 14
core   0: 3 0x8000ae22 (0xe499)
core   0: 0x8000ae30 (0x034c2333) mulhsu  t1, s8, s4
core   0: 3 0x8000ae30 (0x034c2333) x6  0x00000000
core   0: 0x8000ae34 (0x0239c7b3) div     a5, s3, gp
core   0: 3 0x8000ae34 (0x0239c7b3) x15 0x00000001
core   0: 0x8000ae38 (0x00008d45) c.or    a0, s1
core   0: 3 0x8000ae38 (0x8d45) x10 0x000007bf
core   0: 0x8000ae3a (0x00539893) slli    a7, t2, 5
core   0: 3 0x8000ae3a (0x00539893) x17 0x003b9ca0
core   0: 0x8000ae3e (0xf4fbf313) andi    t1, s7, -177
core   0: 3 0x8000ae3e (0xf4fbf313) x6  0x00000001
core   0: 0x8000ae42 (0x00008c4d) c.or    s0, a1
core   0: 3 0x8000ae42 (0x8c4d) x8  0x00000007
core   0: 0x8000ae44 (0xf07b7f13) andi    t5, s6, -249
core   0: 3 0x8000ae44 (0xf07b7f13) x30 0x00000000
core   0: 0x8000ae48 (0x03121263) bne     tp, a7, pc + 36
core   0: 3 0x8000ae48 (0x03121263)
core   0: 0x8000ae6c (0x340062f3) csrrsi  t0, mscratch, 0
core   0: 3 0x8000ae6c (0x340062f3) x5  0x0000001f
core   0: 0x8000ae70 (0x0301dd63) bge     gp, a6, pc + 58
core   0: 3 0x8000ae70 (0x0301dd63)
core   0: 0x8000ae74 (0x01ce53b3) srl     t2, t3, t3
core   0: 3 0x8000ae74 (0x01ce53b3) x7  0x00000000
core   0: 0x8000ae78 (0x340aa473) csrrs   s0, mscratch, s5
core   0: 3 0x8000ae78 (0x340aa473) x8  0x0000001f c832_mscratch 0x0000001f
core   0: 0x8000ae7c (0x031fd733) divu    a4, t6, a7
core   0: 3 0x8000ae7c (0x031fd733) x14 0x00000000
core   0: 0x8000ae80 (0x01295233) srl     tp, s2, s2
core   0: 3 0x8000ae80 (0x01295233) x4  0x00000002
core   0: 0x8000ae84 (0x0000031e) c.slli  t1, 7
core   0: 3 0x8000ae84 (0x031e) x6  0x00000080
core   0: 0x8000ae86 (0x016a38b3) sltu    a7, s4, s6
core   0: 3 0x8000ae86 (0x016a38b3) x17 0x00000000
core   0: 0x8000ae8a (0x0000987d) c.andi  s0, -1
core   0: 3 0x8000ae8a (0x987d) x8  0x0000001f
core   0: 0x8000ae8c (0x0000567d) c.li    a2, -1
core   0: 3 0x8000ae8c (0x567d) x12 0xffffffff
core   0: 0x8000ae8e (0x9ee5fb37) lui     s6, 0x9ee5f
core   0: 3 0x8000ae8e (0x9ee5fb37) x22 0x9ee5f000
core   0: 0x8000ae92 (0x00008d8d) c.sub   a1, a1
core   0: 3 0x8000ae92 (0x8d8d) x11 0x00000000
core   0: 0x8000ae94 (0x0076e763) bltu    a3, t2, pc + 14
core   0: 3 0x8000ae94 (0x0076e763)
core   0: 0x8000ae98 (0x00008c09) c.sub   s0, a0
core   0: 3 0x8000ae98 (0x8c09) x8  0xfffff860
core   0: 0x8000ae9a (0x340eff73) csrrci  t5, mscratch, 29
core   0: 3 0x8000ae9a (0x340eff73) x30 0x0000001f c832_mscratch 0x00000002
core   0: 0x8000ae9e (0x4095d393) srai    t2, a1, 9
core   0: 3 0x8000ae9e (0x4095d393) x7  0x00000000
core   0: 0x8000aea2 (0x0116fb33) and     s6, a3, a7
core   0: 3 0x8000aea2 (0x0116fb33) x22 0x00000000
core   0: 0x8000aea6 (0x0000717d) c.addi16sp sp, -16
core   0: 3 0x8000aea6 (0x717d) x2  0xffffffef
core   0: 0x8000aea8 (0x00008cb5) c.xor   s1, a3
core   0: 3 0x8000aea8 (0x8cb5) x9  0x8483fe80
core   0: 0x8000aeaa (0x0135cc63) blt     a1, s3, pc + 24
core   0: 3 0x8000aeaa (0x0135cc63)
core   0: 0x8000aeae (0x0000137d) c.addi  t1, -1
core   0: 3 0x8000aeae (0x137d) x6  0x0000007f
core   0: 0x8000aeb0 (0x000084bd) c.srai  s1, 15
core   0: 3 0x8000aeb0 (0x84bd) x9  0xffff0907
core   0: 0x8000aeb2 (0x03607c33) remu    s8, zero, s6
core   0: 3 0x8000aeb2 (0x03607c33) x24 0x00000000
core   0: 0x8000aeb6 (0x011cf0b3) and     ra, s9, a7
core   0: 3 0x8000aeb6 (0x011cf0b3) x1  0x00000000
core   0: 0x8000aeba (0x1f18b917) auipc   s2, 0x1f18b
core   0: 3 0x8000aeba (0x1f18b917) x18 0x9f195eba
core   0: 0x8000aebe (0x2ded7413) andi    s0, s10, 734
core   0: 3 0x8000aebe (0x2ded7413) x8  0x00000006
core   0: 0x8000aec2 (0xe7269d37) lui     s10, 0xe7269
core   0: 3 0x8000aec2 (0xe7269d37) x26 0xe7269000
core   0: 0x8000aec6 (0x00009afd) c.andi  a3, -1
core   0: 3 0x8000aec6 (0x9afd) x13 0x8483fbbe
core   0: 0x8000aec8 (0x001ab833) sltu    a6, s5, ra
core   0: 3 0x8000aec8 (0x001ab833) x16 0x00000000
core   0: 0x8000aecc (0x00008eea) c.mv    t4, s10
core   0: 3 0x8000aecc (0x8eea) x29 0xe7269000
core   0: 0x8000aece (0x03ed3833) mulhu   a6, s10, t5
core   0: 3 0x8000aece (0x03ed3833) x16 0x0000001b
core   0: 0x8000aed2 (0x04328263) beq     t0, gp, pc + 68
core   0: 3 0x8000aed2 (0x04328263)
core   0: 0x8000aed6 (0x0000717d) c.addi16sp sp, -16
core   0: 3 0x8000aed6 (0x717d) x2  0xffffffdf
core   0: 0x8000aed8 (0x000086c9) c.srai  a3, 18
core   0: 3 0x8000aed8 (0x86c9) x13 0xffffe120
core   0: 0x8000aeda (0x02e71a63) bne     a4, a4, pc + 52
core   0: 3 0x8000aeda (0x02e71a63)
core   0: 0x8000aede (0x00a71093) slli    ra, a4, 10
core   0: 3 0x8000aede (0x00a71093) x1  0x00000000
core   0: 0x8000aee2 (0x01bf1713) slli    a4, t5, 27
core   0: 3 0x8000aee2 (0x01bf1713) x14 0xf8000000
core   0: 0x8000aee6 (0x03dbd633) divu    a2, s7, t4
core   0: 3 0x8000aee6 (0x03dbd633) x12 0x00000000
core   0: 0x8000aeea (0x34006073) csrsi   mscratch, 0
core   0: 3 0x8000aeea (0x34006073)
core   0: 0x8000aeee (0xc2521917) auipc   s2, 0xc2521
core   0: 3 0x8000aeee (0xc2521917) x18 0x4252beee
core   0: 0x8000aef2 (0x410f56b3) sra     a3, t5, a6
core   0: 3 0x8000aef2 (0x410f56b3) x13 0x00000000
core   0: 0x8000aef6 (0x3404ba73) csrrc   s4, mscratch, s1
core   0: 3 0x8000aef6 (0x3404ba73) x20 0x00000002 c832_mscratch 0x00000000
core   0: 0x8000aefa (0x000098fa) c.add   a7, t5
core   0: 3 0x8000aefa (0x98fa) x17 0x0000001f
core   0: 0x8000aefc (0x00aaa2b3) slt     t0, s5, a0
core   0: 3 0x8000aefc (0x00aaa2b3) x5  0x00000001
core   0: 0x8000af00 (0x00008e69) c.and   a2, a0
core   0: 3 0x8000af00 (0x8e69) x12 0x00000000
core   0: 0x8000af02 (0x00008686) c.mv    a3, ra
core   0: 3 0x8000af02 (0x8686) x13 0x00000000
core   0: 0x8000af04 (0x411a83b3) sub     t2, s5, a7
core   0: 3 0x8000af04 (0x411a83b3) x7  0xffffffe1
core   0: 0x8000af08 (0x0000023e) c.slli  tp, 15
core   0: 3 0x8000af08 (0x023e) x4  0x00010000
core   0: 0x8000af0a (0x03c85db3) divu    s11, a6, t3
core   0: 3 0x8000af0a (0x03c85db3) x27 0xffffffff
core   0: 0x8000af0e (0x000d01b3) add     gp, s10, zero
core   0: 3 0x8000af0e (0x000d01b3) x3  0xe7269000
core   0: 0x8000af12 (0x035cd033) divu    zero, s9, s5
core   0: 3 0x8000af12 (0x035cd033)
core   0: 0x8000af16 (0x00008e61) c.and   a2, s0
core   0: 3 0x8000af16 (0x8e61) x12 0x00000000
core   0: 0x8000af18 (0x00008ac1) c.andi  a3, 16
core   0: 3 0x8000af18 (0x8ac1) x13 0x00000000
core   0: 0x8000af1a (0x0000826d) c.srli  a2, 27
core   0: 3 0x8000af1a (0x826d) x12 0x00000000
core   0: 0x8000af1c (0x00655713) srli    a4, a0, 6
core   0: 3 0x8000af1c (0x00655713) x14 0x0000001e
core   0: 0x8000af20 (0x01a34763) blt     t1, s10, pc + 14
core   0: 3 0x8000af20 (0x01a34763)
core   0: 0x8000af24 (0x0000c499) c.beqz  s1, pc + 14
core   0: 3 0x8000af24 (0xc499)
core   0: 0x8000af26 (0x6bb0abb7) lui     s7, 0x6bb0a
core   0: 3 0x8000af26 (0x6bb0abb7) x23 0x6bb0a000
core   0: 0x8000af2a (0x0aa1a913) slti    s2, gp, 170
core   0: 3 0x8000af2a (0x0aa1a913) x18 0x00000001
core   0: 0x8000af2e (0x03586d33) rem     s10, a6, s5
core   0: 3 0x8000af2e (0x03586d33) x26 0x0000001b
core   0: 0x8000af32 (0x00000001) c.nop
core   0: 3 0x8000af32 (0x0001)
core   0: 0x8000af34 (0x00000001) c.nop
core   0: 3 0x8000af34 (0x0001)
core   0: 0x8000af36 (0x0073d413) srli    s0, t2, 7
core   0: 3 0x8000af36 (0x0073d413) x8  0x01ffffff
core   0: 0x8000af3a (0xf7087293) andi    t0, a6, -144
core   0: 3 0x8000af3a (0xf7087293) x5  0x00000010
core   0: 0x8000af3e (0x014d1213) slli    tp, s10, 20
core   0: 3 0x8000af3e (0x014d1213) x4  0x01b00000
core   0: 0x8000af42 (0x0141e563) bltu    gp, s4, pc + 10
core   0: 3 0x8000af42 (0x0141e563)
core   0: 0x8000af46 (0x00000b96) c.slli  s7, 5
core   0: 3 0x8000af46 (0x0b96) x23 0x76140000
core   0: 0x8000af48 (0x008ea033) slt     zero, t4, s0
core   0: 3 0x8000af48 (0x008ea033)
core   0: 0x8000af4c (0x00000001) c.nop
core   0: 3 0x8000af4c (0x0001)
core   0: 0x8000af4e (0x00008cc5) c.or    s1, s1
core   0: 3 0x8000af4e (0x8cc5) x9  0xffff0907
core   0: 0x8000af50 (0x00009462) c.add   s0, s8
core   0: 3 0x8000af50 (0x9462) x8  0x01ffffff
core   0: 0x8000af52 (0x000fd193) srli    gp, t6, 0
core   0: 3 0x8000af52 (0x000fd193) x3  0x0000000b
core   0: 0x8000af56 (0x0cf8eb97) auipc   s7, 0xcf8e
core   0: 3 0x8000af56 (0x0cf8eb97) x23 0x8cf98f56
core   0: 0x8000af5a (0x037e58b3) divu    a7, t3, s7
core   0: 3 0x8000af5a (0x037e58b3) x17 0x00000000
core   0: 0x8000af5e (0x024111b3) mulh    gp, sp, tp
core   0: 3 0x8000af5e (0x024111b3) x3  0xffffffff
core   0: 0x8000af62 (0x0000c785) c.beqz  a5, pc + 40
core   0: 3 0x8000af62 (0xc785)
core   0: 0x8000af64 (0x02e8a933) mulhsu  s2, a7, a4
core   0: 3 0x8000af64 (0x02e8a933) x18 0x00000000
core   0: 0x8000af68 (0x3406d8f3) csrrwi  a7, mscratch, 13
core   0: 3 0x8000af68 (0x3406d8f3) x17 0x00000000 c832_mscratch 0x0000000d
core   0: 0x8000af6c (0x34019973) csrrw   s2, mscratch, gp
core   0: 3 0x8000af6c (0x34019973) x18 0x0000000d c832_mscratch 0xffffffff
core   0: 0x8000af70 (0x03701a33) mulh    s4, zero, s7
core   0: 3 0x8000af70 (0x03701a33) x20 0x00000000
core   0: 0x8000af74 (0x078b7b13) andi    s6, s6, 120
core   0: 3 0x8000af74 (0x078b7b13) x22 0x00000000
core   0: 0x8000af78 (0x00008ee5) c.and   a3, s1
core   0: 3 0x8000af78 (0x8ee5) x13 0x00000000
core   0: 0x8000af7a (0x022511b3) mulh    gp, a0, sp
core   0: 3 0x8000af7a (0x022511b3) x3  0xffffffff
core   0: 0x8000af7e (0xe412bd93) sltiu   s11, t0, -447
core   0: 3 0x8000af7e (0xe412bd93) x27 0x00000001
core   0: 0x8000af82 (0x014c3d33) sltu    s10, s8, s4
core   0: 3 0x8000af82 (0x014c3d33) x26 0x00000000
core   0: 0x8000af86 (0x09450093) addi    ra, a0, 148
core   0: 3 0x8000af86 (0x09450093) x1  0x00000853
core   0: 0x8000af8a (0x00f71bb3) sll     s7, a4, a5
core   0: 3 0x8000af8a (0x00f71bb3) x23 0x0000003c
core   0: 0x8000af8e (0x03105433) divu    s0, zero, a7
core   0: 3 0x8000af8e (0x03105433) x8  0xffffffff
core   0: 0x8000af92 (0x0236a733) mulhsu  a4, a3, gp
core   0: 3 0x8000af92 (0x0236a733) x14 0x00000000
core   0: 0x8000af96 (0x0215b533) mulhu   a0, a1, ra
core   0: 3 0x8000af96 (0x0215b533) x10 0x00000000
core   0: 0x8000af9a (0x0115ae33) slt     t3, a1, a7
core   0: 3 0x8000af9a (0x0115ae33) x28 0x00000000
core   0: 0x8000af9e (0x00ca17b3) sll     a5, s4, a2
core   0: 3 0x8000af9e (0x00ca17b3) x15 0x00000000
core   0: 0x8000afa2 (0x02f6c533) div     a0, a3, a5
core   0: 3 0x8000afa2 (0x02f6c533) x10 0xffffffff
core   0: 0x8000afa6 (0x340d17f3) csrrw   a5, mscratch, s10
core   0: 3 0x8000afa6 (0x340d17f3) x15 0xffffffff c832_mscratch 0x00000000
core   0: 0x8000afaa (0x0000086d) c.addi  a6, 27
core   0: 3 0x8000afaa (0x086d) x16 0x00000036
core   0: 0x8000afac (0x00000001) c.nop
core   0: 3 0x8000afac (0x0001)
core   0: 0x8000afae (0x0ff0000f) fence   iorw,iorw
core   0: 3 0x8000afae (0x0ff0000f)
core   0: 0x8000afb2 (0x00008411) c.srai  s0, 4
core   0: 3 0x8000afb2 (0x8411) x8  0xffffffff
core   0: 0x8000afb4 (0x010c5eb3) srl     t4, s8, a6
core   0: 3 0x8000afb4 (0x010c5eb3) x29 0x00000000
core   0: 0x8000afb8 (0x50530813) addi    a6, t1, 1285
core   0: 3 0x8000afb8 (0x50530813) x16 0x00000584
core   0: 0x8000afbc (0x000083ad) c.srli  a5, 11
core   0: 3 0x8000afbc (0x83ad) x15 0x001fffff
core   0: 0x8000afbe (0x0000ef01) c.bnez  a4, pc + 24
core   0: 3 0x8000afbe (0xef01)
core   0: 0x8000afc0 (0x340533f3) csrrc   t2, mscratch, a0
core   0: 3 0x8000afc0 (0x340533f3) x7  0x00000000 c832_mscratch 0x00000000
core   0: 0x8000afc4 (0x01e01613) slli    a2, zero, 30
core   0: 3 0x8000afc4 (0x01e01613) x12 0x00000000
core   0: 0x8000afc8 (0x340756f3) csrrwi  a3, mscratch, 14
core   0: 3 0x8000afc8 (0x340756f3) x13 0x00000000 c832_mscratch 0x0000000e
core   0: 0x8000afcc (0x40150e33) sub     t3, a0, ra
core   0: 3 0x8000afcc (0x40150e33) x28 0xfffff7ac
core   0: 0x8000afd0 (0x03affeb3) remu    t4, t6, s10
core   0: 3 0x8000afd0 (0x03affeb3) x29 0x0000000b
core   0: 0x8000afd4 (0x0000936a) c.add   t1, s10
core   0: 3 0x8000afd4 (0x936a) x6  0x0000007f
core   0: 0x8000afd6 (0x3e8f2d13) slti    s10, t5, 1000
core   0: 3 0x8000afd6 (0x3e8f2d13) x26 0x00000001
core   0: 0x8000afda (0x01be5693) srli    a3, t3, 27
core   0: 3 0x8000afda (0x01be5693) x13 0x0000001f
core   0: 0x8000afde (0x010eda13) srli    s4, t4, 16
core   0: 3 0x8000afde (0x010eda13) x20 0x00000000
core   0: 0x8000afe2 (0x00001984) c.addi4spn s1, sp, 240
core   0: 3 0x8000afe2 (0x1984) x9  0x000000cf
core   0: 0x8000afe4 (0x0000871a) c.mv    a4, t1
core   0: 3 0x8000afe4 (0x871a) x14 0x0000007f
core   0: 0x8000afe6 (0xe13be893) ori     a7, s7, -493
core   0: 3 0x8000afe6 (0xe13be893) x17 0xfffffe3f
core   0: 0x8000afea (0x730bc393) xori    t2, s7, 1840
core   0: 3 0x8000afea (0x730bc393) x7  0x0000070c
core   0: 0x8000afee (0x03b37863) bgeu    t1, s11, pc + 48
core   0: 3 0x8000afee (0x03b37863)
core   0: 0x8000b01e (0x00008d6d) c.and   a0, a1
core   0: 3 0x8000b01e (0x8d6d) x10 0x00000000
core   0: 0x8000b020 (0x340023f3) csrr    t2, mscratch
core   0: 3 0x8000b020 (0x340023f3) x7  0x0000000e
core   0: 0x8000b024 (0x40ef5393) srai    t2, t5, 14
core   0: 3 0x8000b024 (0x40ef5393) x7  0x00000000
core   0: 0x8000b028 (0x00006105) c.addi16sp sp, 32
core   0: 3 0x8000b028 (0x6105) x2  0xffffffff
core   0: 0x8000b02a (0x000087fd) c.srai  a5, 31
core   0: 3 0x8000b02a (0x87fd) x15 0x00000000
core   0: 0x8000b02c (0x01e51333) sll     t1, a0, t5
core   0: 3 0x8000b02c (0x01e51333) x6  0x00000000
core   0: 0x8000b030 (0x008a9e13) slli    t3, s5, 8
core   0: 3 0x8000b030 (0x008a9e13) x28 0x00000000
core   0: 0x8000b034 (0x41af01b3) sub     gp, t5, s10
core   0: 3 0x8000b034 (0x41af01b3) x3  0x0000001e
core   0: 0x8000b038 (0x3406d073) csrwi   mscratch, 13
core   0: 3 0x8000b038 (0x3406d073) c832_mscratch 0x0000000d
core   0: 0x8000b03c (0x00bf1393) slli    t2, t5, 11
core   0: 3 0x8000b03c (0x00bf1393) x7  0x0000f800
core   0: 0x8000b040 (0x407c51b3) sra     gp, s8, t2
core   0: 3 0x8000b040 (0x407c51b3) x3  0x00000000
core   0: 0x8000b044 (0x03c3c863) blt     t2, t3, pc + 48
core   0: 3 0x8000b044 (0x03c3c863)
core   0: 0x8000b048 (0x00008092) c.mv    ra, tp
core   0: 3 0x8000b048 (0x8092) x1  0x01b00000
core   0: 0x8000b04a (0x00aa9013) slli    zero, s5, 10
core   0: 3 0x8000b04a (0x00aa9013)
core   0: 0x8000b04e (0x40608ab3) sub     s5, ra, t1
core   0: 3 0x8000b04e (0x40608ab3) x21 0x01b00000
core   0: 0x8000b052 (0x0217cd63) blt     a5, ra, pc + 58
core   0: 3 0x8000b052 (0x0217cd63)
core   0: 0x8000b08c (0x41f7d2b3) sra     t0, a5, t6
core   0: 3 0x8000b08c (0x41f7d2b3) x5  0x00000000
core   0: 0x8000b090 (0x8a354a13) xori    s4, a0, -1885
core   0: 3 0x8000b090 (0x8a354a13) x20 0xfffff8a3
core   0: 0x8000b094 (0x000097ae) c.add   a5, a1
core   0: 3 0x8000b094 (0x97ae) x15 0x00000000
core   0: 0x8000b096 (0x4116d293) srai    t0, a3, 17
core   0: 3 0x8000b096 (0x4116d293) x5  0x00000000
core   0: 0x8000b09a (0x0089d133) srl     sp, s3, s0
core   0: 3 0x8000b09a (0x0089d133) x2  0x00000001
core   0: 0x8000b09e (0x007fe263) bltu    t6, t2, pc + 4
core   0: 3 0x8000b09e (0x007fe263)
core   0: 0x8000b0a2 (0x01c61c13) slli    s8, a2, 28
core   0: 3 0x8000b0a2 (0x01c61c13) x24 0x00000000
core   0: 0x8000b0a6 (0x000098de) c.add   a7, s7
core   0: 3 0x8000b0a6 (0x98de) x17 0xfffffe7b
core   0: 0x8000b0a8 (0x0000cd89) c.beqz  a1, pc + 26
core   0: 3 0x8000b0a8 (0xcd89)
core   0: 0x8000b0c2 (0x015ac333) xor     t1, s5, s5
core   0: 3 0x8000b0c2 (0x015ac333) x6  0x00000000
core   0: 0x8000b0c6 (0x00008145) c.srli  a0, 17
core   0: 3 0x8000b0c6 (0x8145) x10 0x00000000
core   0: 0x8000b0c8 (0x7fe4ce93) xori    t4, s1, 2046
core   0: 3 0x8000b0c8 (0x7fe4ce93) x29 0x00000731
core   0: 0x8000b0cc (0x0000987d) c.andi  s0, -1
core   0: 3 0x8000b0cc (0x987d) x8  0xffffffff
core   0: 0x8000b0ce (0x00001c7d) c.addi  s8, -1
core   0: 3 0x8000b0ce (0x1c7d) x24 0xffffffff
core   0: 0x8000b0d0 (0x7adec293) xori    t0, t4, 1965
core   0: 3 0x8000b0d0 (0x7adec293) x5  0x0000009c
core   0: 0x8000b0d4 (0x00008eb9) c.xor   a3, a4
core   0: 3 0x8000b0d4 (0x8eb9) x13 0x00000060
core   0: 0x8000b0d6 (0x0000187d) c.addi  a6, -1
core   0: 3 0x8000b0d6 (0x187d) x16 0x00000583
core   0: 0x8000b0d8 (0x00008f2d) c.xor   a4, a1
core   0: 3 0x8000b0d8 (0x8f2d) x14 0x0000007f
core   0: 0x8000b0da (0x13eb7493) andi    s1, s6, 318
core   0: 3 0x8000b0da (0x13eb7493) x9  0x00000000
core   0: 0x8000b0de (0x0000c595) c.beqz  a1, pc + 44
core   0: 3 0x8000b0de (0xc595)
core   0: 0x8000b10a (0x05dbe163) bltu    s7, t4, pc + 66
core   0: 3 0x8000b10a (0x05dbe163)
core   0: 0x8000b14c (0xdaf93793) sltiu   a5, s2, -593
core   0: 3 0x8000b14c (0xdaf93793) x15 0x00000001
core   0: 0x8000b150 (0x0372da63) bge     t0, s7, pc + 52
core   0: 3 0x8000b150 (0x0372da63)
core   0: 0x8000b184 (0x7ba20537) lui     a0, 0x7ba20
core   0: 3 0x8000b184 (0x7ba20537) x10 0x7ba20000
core   0: 0x8000b188 (0x01f6a6b3) slt     a3, a3, t6
core   0: 3 0x8000b188 (0x01f6a6b3) x13 0x00000000
core   0: 0x8000b18c (0x00006139) c.addi16sp sp, 448
core   0: 3 0x8000b18c (0x6139) x2  0x000001c1
core   0: 0x8000b18e (0x03555d33) divu    s10, a0, s5
core   0: 3 0x8000b18e (0x03555d33) x26 0x00000049
core   0: 0x8000b192 (0x000087e2) c.mv    a5, s8
core   0: 3 0x8000b192 (0x87e2) x15 0xffffffff
core   0: 0x8000b194 (0x00000001) c.nop
core   0: 3 0x8000b194 (0x0001)
core   0: 0x8000b196 (0x340276f3) csrrci  a3, mscratch, 4
core   0: 3 0x8000b196 (0x340276f3) x13 0x0000000d c832_mscratch 0x00000009
core   0: 0x8000b19a (0x4163dc13) srai    s8, t2, 22
core   0: 3 0x8000b19a (0x4163dc13) x24 0x00000000
core   0: 0x8000b19e (0x032b50b3) divu    ra, s6, s2
core   0: 3 0x8000b19e (0x032b50b3) x1  0x00000000
core   0: 0x8000b1a2 (0x0000896d) c.andi  a0, 27
core   0: 3 0x8000b1a2 (0x896d) x10 0x00000000
core   0: 0x8000b1a4 (0x000088d6) c.mv    a7, s5
core   0: 3 0x8000b1a4 (0x88d6) x17 0x01b00000
core   0: 0x8000b1a6 (0x0000e609) c.bnez  a2, pc + 10
core   0: 3 0x8000b1a6 (0xe609)
core   0: 0x8000b1a8 (0x00000dba) c.slli  s11, 14
core   0: 3 0x8000b1a8 (0x0dba) x27 0x00004000
core   0: 0x8000b1aa (0x4564f113) andi    sp, s1, 1110
core   0: 3 0x8000b1aa (0x4564f113) x2  0x00000000
core   0: 0x8000b1ae (0x0000c01d) c.beqz  s0, pc + 38
core   0: 3 0x8000b1ae (0xc01d)
core   0: 0x8000b1b0 (0x00000001) c.nop
core   0: 3 0x8000b1b0 (0x0001)
core   0: 0x8000b1b2 (0x412650b3) sra     ra, a2, s2
core   0: 3 0x8000b1b2 (0x412650b3) x1  0x00000000
core   0: 0x8000b1b6 (0x029056b3) divu    a3, zero, s1
core   0: 3 0x8000b1b6 (0x029056b3) x13 0xffffffff
core   0: 0x8000b1ba (0x0000717d) c.addi16sp sp, -16
core   0: 3 0x8000b1ba (0x717d) x2  0xfffffff0
core   0: 0x8000b1bc (0xe3a4f213) andi    tp, s1, -454
core   0: 3 0x8000b1bc (0xe3a4f213) x4  0x00000000
core   0: 0x8000b1c0 (0x3409fb73) csrrci  s6, mscratch, 19
core   0: 3 0x8000b1c0 (0x3409fb73) x22 0x00000009 c832_mscratch 0x00000008
core   0: 0x8000b1c4 (0x1899c493) xori    s1, s3, 393
core   0: 3 0x8000b1c4 (0x1899c493) x9  0x80021c71
core   0: 0x8000b1c8 (0x3406d3f3) csrrwi  t2, mscratch, 13
core   0: 3 0x8000b1c8 (0x3406d3f3) x7  0x00000008 c832_mscratch 0x0000000d
core   0: 0x8000b1cc (0x02342bb3) mulhsu  s7, s0, gp
core   0: 3 0x8000b1cc (0x02342bb3) x23 0x00000000
core   0: 0x8000b1d0 (0xacc633b7) lui     t2, 0xacc63
core   0: 3 0x8000b1d0 (0xacc633b7) x7  0xacc63000
core   0: 0x8000b1d4 (0x00006329) c.lui   t1, 0xa
core   0: 3 0x8000b1d4 (0x6329) x6  0x0000a000
core   0: 0x8000b1d6 (0x00009bfd) c.andi  a5, -1
core   0: 3 0x8000b1d6 (0x9bfd) x15 0xffffffff
core   0: 0x8000b1d8 (0x00008e41) c.or    a2, s0
core   0: 3 0x8000b1d8 (0x8e41) x12 0xffffffff
core   0: 0x8000b1da (0x03f3ab33) mulhsu  s6, t2, t6
core   0: 3 0x8000b1da (0x03f3ab33) x22 0xfffffffc
core   0: 0x8000b1de (0x3b260db7) lui     s11, 0x3b260
core   0: 3 0x8000b1de (0x3b260db7) x27 0x3b260000
core   0: 0x8000b1e2 (0x04dac163) blt     s5, a3, pc + 66
core   0: 3 0x8000b1e2 (0x04dac163)
core   0: 0x8000b1e6 (0x00008e4d) c.or    a2, a1
core   0: 3 0x8000b1e6 (0x8e4d) x12 0xffffffff
core   0: 0x8000b1e8 (0x02818db3) mul     s11, gp, s0
core   0: 3 0x8000b1e8 (0x02818db3) x27 0x00000000
core   0: 0x8000b1ec (0x00004201) c.li    tp, 0
core   0: 3 0x8000b1ec (0x4201) x4  0x00000000
core   0: 0x8000b1ee (0x0000cc9d) c.beqz  s1, pc + 62
core   0: 3 0x8000b1ee (0xcc9d)
core   0: 0x8000b1f0 (0x0000c509) c.beqz  a0, pc + 10
core   0: 3 0x8000b1f0 (0xc509)
core   0: 0x8000b1fa (0x3406d173) csrrwi  sp, mscratch, 13
core   0: 3 0x8000b1fa (0x3406d173) x2  0x0000000d c832_mscratch 0x0000000d
core   0: 0x8000b1fe (0x033f0533) mul     a0, t5, s3
core   0: 3 0x8000b1fe (0x033f0533) x10 0x8041a108
core   0: 0x8000b202 (0x41395333) sra     t1, s2, s3
core   0: 3 0x8000b202 (0x41395333) x6  0x00000000
core   0: 0x8000b206 (0x00009af6) c.add   s5, t4
core   0: 3 0x8000b206 (0x9af6) x21 0x01b00731
core   0: 0x8000b208 (0x340738f3) csrrc   a7, mscratch, a4
core   0: 3 0x8000b208 (0x340738f3) x17 0x0000000d c832_mscratch 0x00000000
core   0: 0x8000b20c (0x033f9a63) bne     t6, s3, pc + 52
core   0: 3 0x8000b20c (0x033f9a63)
core   0: 0x8000b240 (0x02fcbdb3) mulhu   s11, s9, a5
core   0: 3 0x8000b240 (0x02fcbdb3) x27 0x80025ce3
core   0: 0x8000b244 (0x0253ee63) bltu    t2, t0, pc + 60
core   0: 3 0x8000b244 (0x0253ee63)
core   0: 0x8000b248 (0x34003af3) csrrc   s5, mscratch, zero
core   0: 3 0x8000b248 (0x34003af3) x21 0x00000000
core   0: 0x8000b24c (0x00a59663) bne     a1, a0, pc + 12
core   0: 3 0x8000b24c (0x00a59663)
core   0: 0x8000b258 (0x04809163) bne     ra, s0, pc + 66
core   0: 3 0x8000b258 (0x04809163)
core   0: 0x8000b29a (0x00127e63) bgeu    tp, ra, pc + 28
core   0: 3 0x8000b29a (0x00127e63)
core   0: 0x8000b2b6 (0x00000856) c.slli  a6, 21
core   0: 3 0x8000b2b6 (0x0856) x16 0xb0600000
core   0: 0x8000b2b8 (0x0000862d) c.srai  a2, 11
core   0: 3 0x8000b2b8 (0x862d) x12 0xffffffff
core   0: 0x8000b2ba (0x029ccc33) div     s8, s9, s1
core   0: 3 0x8000b2ba (0x029ccc33) x24 0x00000000
core   0: 0x8000b2be (0x00b6c1b3) xor     gp, a3, a1
core   0: 3 0x8000b2be (0x00b6c1b3) x3  0xffffffff
core   0: 0x8000b2c2 (0x00008629) c.srai  a2, 10
core   0: 3 0x8000b2c2 (0x8629) x12 0xffffffff
core   0: 0x8000b2c4 (0x00000001) c.nop
core   0: 3 0x8000b2c4 (0x0001)
core   0: 0x8000b2c6 (0x01be3eb3) sltu    t4, t3, s11
core   0: 3 0x8000b2c6 (0x01be3eb3) x29 0x00000001
core   0: 0x8000b2ca (0x0000c785) c.beqz  a5, pc + 40
core   0: 3 0x8000b2ca (0xc785)
core   0: 0x8000b2cc (0x0000717d) c.addi16sp sp, -16
core   0: 3 0x8000b2cc (0x717d) x2  0xfffffffd
core   0: 0x8000b2ce (0x0ff0000f) fence   iorw,iorw
core   0: 3 0x8000b2ce (0x0ff0000f)
core   0: 0x8000b2d2 (0x01b4da63) bge     s1, s11, pc + 20
core   0: 3 0x8000b2d2 (0x01b4da63)
core   0: 0x8000b2d6 (0x03aa7433) remu    s0, s4, s10
core   0: 3 0x8000b2d6 (0x03aa7433) x8  0x0000002d
core   0: 0x8000b2da (0x035924b3) mulhsu  s1, s2, s5
core   0: 3 0x8000b2da (0x035924b3) x9  0x00000000
core   0: 0x8000b2de (0x01b99233) sll     tp, s3, s11
core   0: 3 0x8000b2de (0x01b99233) x4  0x0010efc0
core   0: 0x8000b2e2 (0x34007d73) csrrci  s10, mscratch, 0
core   0: 3 0x8000b2e2 (0x34007d73) x26 0x00000000
core   0: 0x8000b2e6 (0x0000674d) c.lui   a4, 0x13
core   0: 3 0x8000b2e6 (0x674d) x14 0x00013000
core   0: 0x8000b2e8 (0xc896b697) auipc   a3, 0xc896b
core   0: 3 0x8000b2e8 (0xc896b697) x13 0x489762e8
core   0: 0x8000b2ec (0x01b52733) slt     a4, a0, s11
core   0: 3 0x8000b2ec (0x01b52733) x14 0x00000000
core   0: 0x8000b2f0 (0x00000d2e) c.slli  s10, 11
core   0: 3 0x8000b2f0 (0x0d2e) x26 0x00000000
core   0: 0x8000b2f2 (0x00008bed) c.andi  a5, 27
core   0: 3 0x8000b2f2 (0x8bed) x15 0x0000001b
core   0: 0x8000b2f4 (0x0000997a) c.add   s2, t5
core   0: 3 0x8000b2f4 (0x997a) x18 0x0000002c
core   0: 0x8000b2f6 (0x039be833) rem     a6, s7, s9
core   0: 3 0x8000b2f6 (0x039be833) x16 0x00000000
core   0: 0x8000b2fa (0xbbbb2593) slti    a1, s6, -1093
core   0: 3 0x8000b2fa (0xbbbb2593) x11 0x00000000
core   0: 0x8000b2fe (0x40e85eb3) sra     t4, a6, a4
core   0: 3 0x8000b2fe (0x40e85eb3) x29 0x00000000
core   0: 0x8000b302 (0x00c8c4b3) xor     s1, a7, a2
core   0: 3 0x8000b302 (0x00c8c4b3) x9  0xfffffff2
core   0: 0x8000b306 (0x01358db3) add     s11, a1, s3
core   0: 3 0x8000b306 (0x01358db3) x27 0x80021df8
core   0: 0x8000b30a (0x010fdd93) srli    s11, t6, 16
core   0: 3 0x8000b30a (0x010fdd93) x27 0x00000000
core   0: 0x8000b30e (0x11f70e13) addi    t3, a4, 287
core   0: 3 0x8000b30e (0x11f70e13) x28 0x0000011f
core   0: 0x8000b312 (0x00008ef9) c.and   a3, a4
core   0: 3 0x8000b312 (0x8ef9) x13 0x00000000
core   0: 0x8000b314 (0x00008a29) c.andi  a2, 10
core   0: 3 0x8000b314 (0x8a29) x12 0x0000000a
core   0: 0x8000b316 (0x000099fd) c.andi  a1, -1
core   0: 3 0x8000b316 (0x99fd) x11 0x00000000
core   0: 0x8000b318 (0xe4ccad93) slti    s11, s9, -436
core   0: 3 0x8000b318 (0xe4ccad93) x27 0x00000001
core   0: 0x8000b31c (0x34002d73) csrr    s10, mscratch
core   0: 3 0x8000b31c (0x34002d73) x26 0x00000000
core   0: 0x8000b320 (0x000087b9) c.srai  a5, 14
core   0: 3 0x8000b320 (0x87b9) x15 0x00000000
core   0: 0x8000b322 (0x0000cc9d) c.beqz  s1, pc + 62
core   0: 3 0x8000b322 (0xcc9d)
core   0: 0x8000b324 (0x03d5b933) mulhu   s2, a1, t4
core   0: 3 0x8000b324 (0x03d5b933) x18 0x00000000
core   0: 0x8000b328 (0x03f141b3) div     gp, sp, t6
core   0: 3 0x8000b328 (0x03f141b3) x3  0x00000000
core   0: 0x8000b32c (0x017261b3) or      gp, tp, s7
core   0: 3 0x8000b32c (0x017261b3) x3  0x0010efc0
core   0: 0x8000b330 (0x0ff0000f) fence   iorw,iorw
core   0: 3 0x8000b330 (0x0ff0000f)
core   0: 0x8000b334 (0x02f44633) div     a2, s0, a5
core   0: 3 0x8000b334 (0x02f44633) x12 0xffffffff
core   0: 0x8000b338 (0x34079973) csrrw   s2, mscratch, a5
core   0: 3 0x8000b338 (0x34079973) x18 0x00000000 c832_mscratch 0x00000000
core   0: 0x8000b33c (0x01627d33) and     s10, tp, s6
core   0: 3 0x8000b33c (0x01627d33) x26 0x0010efc0
core   0: 0x8000b340 (0x000007c9) c.addi  a5, 18
core   0: 3 0x8000b340 (0x07c9) x15 0x00000012
core   0: 0x8000b342 (0x0350d2b3) divu    t0, ra, s5
core   0: 3 0x8000b342 (0x0350d2b3) x5  0xffffffff
core   0: 0x8000b346 (0x0ff0000f) fence   iorw,iorw
core   0: 3 0x8000b346 (0x0ff0000f)
core   0: 0x8000b34a (0x00005afd) c.li    s5, -1
core   0: 3 0x8000b34a (0x5afd) x21 0xffffffff
core   0: 0x8000b34c (0x27cb7593) andi    a1, s6, 636
core   0: 3 0x8000b34c (0x27cb7593) x11 0x0000027c
core   0: 0x8000b350 (0x4197df13) srai    t5, a5, 25
core   0: 3 0x8000b350 (0x4197df13) x30 0x00000000
core   0: 0x8000b354 (0x00008bb2) c.mv    s7, a2
core   0: 3 0x8000b354 (0x8bb2) x23 0xffffffff
core   0: 0x8000b356 (0x000080b1) c.srli  s1, 12
core   0: 3 0x8000b356 (0x80b1) x9  0x000fffff
core   0: 0x8000b358 (0xcfc49a97) auipc   s5, 0xcfc49
core   0: 3 0x8000b358 (0xcfc49a97) x21 0x4fc54358
core   0: 0x8000b35c (0x00012db3) slt     s11, sp, zero
core   0: 3 0x8000b35c (0x00012db3) x27 0x00000001
core   0: 0x8000b360 (0x00008555) c.srai  a0, 21
core   0: 3 0x8000b360 (0x8555) x10 0xfffffc02
core   0: 0x8000b362 (0x41ed5213) srai    tp, s10, 30
core   0: 3 0x8000b362 (0x41ed5213) x4  0x00000000
core   0: 0x8000b366 (0x01b7f863) bgeu    a5, s11, pc + 16
core   0: 3 0x8000b366 (0x01b7f863)
core   0: 0x8000b376 (0x038cfab3) remu    s5, s9, s8
core   0: 3 0x8000b376 (0x038cfab3) x21 0x80025ce4
core   0: 0x8000b37a (0x000052fd) c.li    t0, -1
core   0: 3 0x8000b37a (0x52fd) x5  0xffffffff
core   0: 0x8000b37c (0x00006469) c.lui   s0, 0x1a
core   0: 3 0x8000b37c (0x6469) x8  0x0001a000
core   0: 0x8000b37e (0xc747cf13) xori    t5, a5, -908
core   0: 3 0x8000b37e (0xc747cf13) x30 0xfffffc66
core   0: 0x8000b382 (0x340f98f3) csrrw   a7, mscratch, t6
core   0: 3 0x8000b382 (0x340f98f3) x17 0x00000000 c832_mscratch 0x0000000b
core   0: 0x8000b386 (0x65180893) addi    a7, a6, 1617
core   0: 3 0x8000b386 (0x65180893) x17 0x00000651
core   0: 0x8000b38a (0x874b0717) auipc   a4, 0x874b0
core   0: 3 0x8000b38a (0x874b0717) x14 0x074bb38a
core   0: 0x8000b38e (0x01574c33) xor     s8, a4, s5
core   0: 3 0x8000b38e (0x01574c33) x24 0x8749ef6e
core   0: 0x8000b392 (0x788601b7) lui     gp, 0x78860
core   0: 3 0x8000b392 (0x788601b7) x3  0x78860000
core   0: 0x8000b396 (0x00008fe9) c.and   a5, a0
core   0: 3 0x8000b396 (0x8fe9) x15 0x00000002
core   0: 0x8000b398 (0x01790333) add     t1, s2, s7
core   0: 3 0x8000b398 (0x01790333) x6  0xffffffff
core   0: 0x8000b39c (0x5eb24313) xori    t1, tp, 1515
core   0: 3 0x8000b39c (0x5eb24313) x6  0x000005eb
core   0: 0x8000b3a0 (0x3400dd73) csrrwi  s10, mscratch, 1
core   0: 3 0x8000b3a0 (0x3400dd73) x26 0x0000000b c832_mscratch 0x00000001
core   0: 0x8000b3a4 (0x0ff0000f) fence   iorw,iorw
core   0: 3 0x8000b3a4 (0x0ff0000f)
core   0: 0x8000b3a8 (0x02ee4763) blt     t3, a4, pc + 46
core   0: 3 0x8000b3a8 (0x02ee4763)
core   0: 0x8000b3d6 (0x41040833) sub     a6, s0, a6
core   0: 3 0x8000b3d6 (0x41040833) x16 0x0001a000
core   0: 0x8000b3da (0x01ae9193) slli    gp, t4, 26
core   0: 3 0x8000b3da (0x01ae9193) x3  0x00000000
core   0: 0x8000b3de (0x00000352) c.slli  t1, 20
core   0: 3 0x8000b3de (0x0352) x6  0x5eb00000
core   0: 0x8000b3e0 (0x0000ce01) c.beqz  a2, pc + 24
core   0: 3 0x8000b3e0 (0xce01)
core   0: 0x8000b3e2 (0x05b24163) blt     tp, s11, pc + 66
core   0: 3 0x8000b3e2 (0x05b24163)
core   0: 0x8000b424 (0x004b0633) add     a2, s6, tp
core   0: 3 0x8000b424 (0x004b0633) x12 0xfffffffc
core   0: 0x8000b428 (0x00600e63) beq     zero, t1, pc + 28
core   0: 3 0x8000b428 (0x00600e63)
core   0: 0x8000b42c (0x032dcab3) div     s5, s11, s2
core   0: 3 0x8000b42c (0x032dcab3) x21 0xffffffff
core   0: 0x8000b430 (0x0000100f) fence.i
core   0: 3 0x8000b430 (0x0000100f)
core   0: 0x8000b434 (0x81d8e693) ori     a3, a7, -2019
core   0: 3 0x8000b434 (0x81d8e693) x13 0xfffffe5d
core   0: 0x8000b438 (0x340c9073) csrw    mscratch, s9
core   0: 3 0x8000b438 (0x340c9073) c832_mscratch 0x80025ce4
core   0: 0x8000b43c (0x34007273) csrrci  tp, mscratch, 0
core   0: 3 0x8000b43c (0x34007273) x4  0x80025ce4
core   0: 0x8000b440 (0x03177533) remu    a0, a4, a7
core   0: 3 0x8000b440 (0x03177533) x10 0x000004da
core   0: 0x8000b444 (0x0480c063) blt     ra, s0, pc + 64
core   0: 3 0x8000b444 (0x0480c063)
core   0: 0x8000b484 (0x3406e873) csrrsi  a6, mscratch, 13
core   0: 3 0x8000b484 (0x3406e873) x16 0x80025ce4 c832_mscratch 0x80025ced
core   0: 0x8000b488 (0x000093be) c.add   t2, a5
core   0: 3 0x8000b488 (0x93be) x7  0xacc63002
core   0: 0x8000b48a (0x039c6b63) bltu    s8, s9, pc + 54
core   0: 3 0x8000b48a (0x039c6b63)
core   0: 0x8000b48e (0xc0f72a13) slti    s4, a4, -1009
core   0: 3 0x8000b48e (0xc0f72a13) x20 0x00000000
core   0: 0x8000b492 (0x00000001) c.nop
core   0: 3 0x8000b492 (0x0001)
core   0: 0x8000b494 (0x051f1363) bne     t5, a7, pc + 70
core   0: 3 0x8000b494 (0x051f1363)
core   0: 0x8000b4da (0x0ff0000f) fence   iorw,iorw
core   0: 3 0x8000b4da (0x0ff0000f)
core   0: 0x8000b4de (0x00fe35b3) sltu    a1, t3, a5
core   0: 3 0x8000b4de (0x00fe35b3) x11 0x00000000
core   0: 0x8000b4e2 (0x02c5e033) rem     zero, a1, a2
core   0: 3 0x8000b4e2 (0x02c5e033)
core   0: 0x8000b4e6 (0x0000187d) c.addi  a6, -1
core   0: 3 0x8000b4e6 (0x187d) x16 0x80025ce3
core   0: 0x8000b4e8 (0x00000001) c.nop
core   0: 3 0x8000b4e8 (0x0001)
core   0: 0x8000b4ea (0xe32eb593) sltiu   a1, t4, -462
core   0: 3 0x8000b4ea (0xe32eb593) x11 0x00000001
core   0: 0x8000b4ee (0x00008035) c.srli  s0, 13
core   0: 3 0x8000b4ee (0x8035) x8  0x0000000d
core   0: 0x8000b4f0 (0xd142bb93) sltiu   s7, t0, -748
core   0: 3 0x8000b4f0 (0xd142bb93) x23 0x00000000
core   0: 0x8000b4f4 (0x01b963b3) or      t2, s2, s11
core   0: 3 0x8000b4f4 (0x01b963b3) x7  0x00000001
core   0: 0x8000b4f8 (0x01e7a333) slt     t1, a5, t5
core   0: 3 0x8000b4f8 (0x01e7a333) x6  0x00000000
core   0: 0x8000b4fc (0x9974a917) auipc   s2, 0x9974a
core   0: 3 0x8000b4fc (0x9974a917) x18 0x197554fc
core   0: 0x8000b500 (0x630e0b93) addi    s7, t3, 1584
core   0: 3 0x8000b500 (0x630e0b93) x23 0x0000074f
core   0: 0x8000b504 (0x00009bce) c.add   s7, s3
core   0: 3 0x8000b504 (0x9bce) x23 0x80022547
core   0: 0x8000b506 (0x00d09913) slli    s2, ra, 13
core   0: 3 0x8000b506 (0x00d09913) x18 0x00000000
core   0: 0x8000b50a (0x02847a33) remu    s4, s0, s0
core   0: 3 0x8000b50a (0x02847a33) x20 0x00000000
core   0: 0x8000b50e (0x036b3233) mulhu   tp, s6, s6
core   0: 3 0x8000b50e (0x036b3233) x4  0xfffffff8
core   0: 0x8000b512 (0x01d9deb3) srl     t4, s3, t4
core   0: 3 0x8000b512 (0x01d9deb3) x29 0x80021df8
core   0: 0x8000b516 (0x004d86b3) add     a3, s11, tp
core   0: 3 0x8000b516 (0x004d86b3) x13 0xfffffff9
core   0: 0x8000b51a (0x03d3f6b3) remu    a3, t2, t4
core   0: 3 0x8000b51a (0x03d3f6b3) x13 0x00000001
core   0: 0x8000b51e (0x9320ca93) xori    s5, ra, -1742
core   0: 3 0x8000b51e (0x9320ca93) x21 0xfffff932
core   0: 0x8000b522 (0x00120663) beq     tp, ra, pc + 12
core   0: 3 0x8000b522 (0x00120663)
core   0: 0x8000b526 (0x0246e233) rem     tp, a3, tp
core   0: 3 0x8000b526 (0x0246e233) x4  0x00000001
core   0: 0x8000b52a (0x00000dea) c.slli  s11, 26
core   0: 3 0x8000b52a (0x0dea) x27 0x04000000
core   0: 0x8000b52c (0x0000997d) c.andi  a0, -1
core   0: 3 0x8000b52c (0x997d) x10 0x000004da
core   0: 0x8000b52e (0x02d6f363) bgeu    a3, a3, pc + 38
core   0: 3 0x8000b52e (0x02d6f363)
core   0: 0x8000b554 (0x0ff0000f) fence   iorw,iorw
core   0: 3 0x8000b554 (0x0ff0000f)
core   0: 0x8000b558 (0x02348c63) beq     s1, gp, pc + 56
core   0: 3 0x8000b558 (0x02348c63)
core   0: 0x8000b55c (0x02b44633) div     a2, s0, a1
core   0: 3 0x8000b55c (0x02b44633) x12 0x0000000d
core   0: 0x8000b560 (0x000081bd) c.srli  a1, 15
core   0: 3 0x8000b560 (0x81bd) x11 0x00000000
core   0: 0x8000b562 (0x00008e11) c.sub   a2, a2
core   0: 3 0x8000b562 (0x8e11) x12 0x00000000
core   0: 0x8000b564 (0x01d16bb3) or      s7, sp, t4
core   0: 3 0x8000b564 (0x01d16bb3) x23 0xfffffffd
core   0: 0x8000b568 (0x00008f01) c.sub   a4, s0
core   0: 3 0x8000b568 (0x8f01) x14 0x074bb37d
core   0: 0x8000b56a (0x9a877393) andi    t2, a4, -1624
core   0: 3 0x8000b56a (0x9a877393) x7  0x074bb128
core   0: 0x8000b56e (0x00000001) c.nop
core   0: 3 0x8000b56e (0x0001)
core   0: 0x8000b570 (0x00008f95) c.sub   a5, a3
core   0: 3 0x8000b570 (0x8f95) x15 0x00000001
core   0: 0x8000b572 (0x3409ad73) csrrs   s10, mscratch, s3
core   0: 3 0x8000b572 (0x3409ad73) x26 0x80025ced c832_mscratch 0x80025dfd
core   0: 0x8000b576 (0x0000613d) c.addi16sp sp, 480
core   0: 3 0x8000b576 (0x613d) x2  0x000001dd
core   0: 0x8000b578 (0x714eaa13) slti    s4, t4, 1812
core   0: 3 0x8000b578 (0x714eaa13) x20 0x00000001
core   0: 0x8000b57c (0x03c93433) mulhu   s0, s2, t3
core   0: 3 0x8000b57c (0x03c93433) x8  0x00000000
core   0: 0x8000b580 (0x006dc833) xor     a6, s11, t1
core   0: 3 0x8000b580 (0x006dc833) x16 0x04000000
core   0: 0x8000b584 (0x0000100f) fence.i
core   0: 3 0x8000b584 (0x0000100f)
core   0: 0x8000b588 (0x02dbc833) div     a6, s7, a3
core   0: 3 0x8000b588 (0x02dbc833) x16 0xfffffffd
core   0: 0x8000b58c (0x0000547d) c.li    s0, -1
core   0: 3 0x8000b58c (0x547d) x8  0xffffffff
core   0: 0x8000b58e (0x00000001) c.nop
core   0: 3 0x8000b58e (0x0001)
core   0: 0x8000b590 (0x00008745) c.srai  a4, 17
core   0: 3 0x8000b590 (0x8745) x14 0x000003a5
core   0: 0x8000b592 (0x340023f3) csrr    t2, mscratch
core   0: 3 0x8000b592 (0x340023f3) x7  0x80025dfd
core   0: 0x8000b596 (0x9ed4b093) sltiu   ra, s1, -1555
core   0: 3 0x8000b596 (0x9ed4b093) x1  0x00000001
core   0: 0x8000b59a (0xd15bd037) lui     zero, 0xd15bd
core   0: 3 0x8000b59a (0xd15bd037)
core   0: 0x8000b59e (0x418a0633) sub     a2, s4, s8
core   0: 3 0x8000b59e (0x418a0633) x12 0x78b61093
core   0: 0x8000b5a2 (0x03023eb3) mulhu   t4, tp, a6
core   0: 3 0x8000b5a2 (0x03023eb3) x29 0x00000000
core   0: 0x8000b5a6 (0x02c2de33) divu    t3, t0, a2
core   0: 3 0x8000b5a6 (0x02c2de33) x28 0x00000002
core   0: 0x8000b5aa (0x015b1093) slli    ra, s6, 21
core   0: 3 0x8000b5aa (0x015b1093) x1  0xff800000
core   0: 0x8000b5ae (0x03a5a233) mulhsu  tp, a1, s10
core   0: 3 0x8000b5ae (0x03a5a233) x4  0x00000000
core   0: 0x8000b5b2 (0x144c6717) auipc   a4, 0x144c6
core   0: 3 0x8000b5b2 (0x144c6717) x14 0x944d15b2
core   0: 0x8000b5b6 (0x41fa5b33) sra     s6, s4, t6
core   0: 3 0x8000b5b6 (0x41fa5b33) x22 0x00000000
core   0: 0x8000b5ba (0x01231213) slli    tp, t1, 18
core   0: 3 0x8000b5ba (0x01231213) x4  0x00000000
core   0: 0x8000b5be (0x01bc9233) sll     tp, s9, s11
core   0: 3 0x8000b5be (0x01bc9233) x4  0x80025ce4
core   0: 0x8000b5c2 (0x340136f3) csrrc   a3, mscratch, sp
core   0: 3 0x8000b5c2 (0x340136f3) x13 0x80025dfd c832_mscratch 0x80025c20
core   0: 0x8000b5c6 (0x34002ef3) csrr    t4, mscratch
core   0: 3 0x8000b5c6 (0x34002ef3) x29 0x80025c20
core   0: 0x8000b5ca (0x0000cd9d) c.beqz  a1, pc + 62
core   0: 3 0x8000b5ca (0xcd9d)
core   0: 0x8000b608 (0x00008c51) c.or    s0, a2
core   0: 3 0x8000b608 (0x8c51) x8  0xffffffff
core   0: 0x8000b60a (0x02071933) mulh    s2, a4, zero
core   0: 3 0x8000b60a (0x02071933) x18 0x00000000
core   0: 0x8000b60e (0x340077f3) csrrci  a5, mscratch, 0
core   0: 3 0x8000b60e (0x340077f3) x15 0x80025c20
core   0: 0x8000b612 (0x340ed073) csrwi   mscratch, 29
core   0: 3 0x8000b612 (0x340ed073) c832_mscratch 0x0000001d
core   0: 0x8000b616 (0x0454c263) blt     s1, t0, pc + 68
core   0: 3 0x8000b616 (0x0454c263)
core   0: 0x8000b61a (0x66911497) auipc   s1, 0x66911
core   0: 3 0x8000b61a (0x66911497) x9  0xe691c61a
core   0: 0x8000b61e (0x03b3e733) rem     a4, t2, s11
core   0: 3 0x8000b61e (0x03b3e733) x14 0xfc025dfd
core   0: 0x8000b622 (0x009586b3) add     a3, a1, s1
core   0: 3 0x8000b622 (0x009586b3) x13 0xe691c61a
core   0: 0x8000b626 (0x0026fd33) and     s10, a3, sp
core   0: 3 0x8000b626 (0x0026fd33) x26 0x00000018
core   0: 0x8000b62a (0x40b68bb3) sub     s7, a3, a1
core   0: 3 0x8000b62a (0x40b68bb3) x23 0xe691c61a
core   0: 0x8000b62e (0x01e17433) and     s0, sp, t5
core   0: 3 0x8000b62e (0x01e17433) x8  0x00000044
core   0: 0x8000b632 (0x408ad213) srai    tp, s5, 8
core   0: 3 0x8000b632 (0x408ad213) x4  0xfffffff9
core   0: 0x8000b636 (0x0213c0b3) div     ra, t2, ra
core   0: 3 0x8000b636 (0x0213c0b3) x1  0x000000ff
core   0: 0x8000b63a (0x0008d913) srli    s2, a7, 0
core   0: 3 0x8000b63a (0x0008d913) x18 0x00000651
core   0: 0x8000b63e (0x00008d21) c.xor   a0, s0
core   0: 3 0x8000b63e (0x8d21) x10 0x0000049e
core   0: 0x8000b640 (0x34002d73) csrr    s10, mscratch
core   0: 3 0x8000b640 (0x34002d73) x26 0x0000001d
core   0: 0x8000b644 (0x0ff0000f) fence   iorw,iorw
core   0: 3 0x8000b644 (0x0ff0000f)
core   0: 0x8000b648 (0x00000001) c.nop
core   0: 3 0x8000b648 (0x0001)
core   0: 0x8000b64a (0x4074d033) sra     zero, s1, t2
core   0: 3 0x8000b64a (0x4074d033)
core   0: 0x8000b64e (0xfa9fea17) auipc   s4, 0xfa9fe
core   0: 3 0x8000b64e (0xfa9fea17) x20 0x7aa0964e
core   0: 0x8000b652 (0x03f79763) bne     a5, t6, pc + 46
core   0: 3 0x8000b652 (0x03f79763)
core   0: 0x8000b680 (0x45c8b517) auipc   a0, 0x45c8b
core   0: 3 0x8000b680 (0x45c8b517) x10 0xc5c96680
core   0: 0x8000b684 (0x34006273) csrrsi  tp, mscratch, 0
core   0: 3 0x8000b684 (0x34006273) x4  0x0000001d
core   0: 0x8000b688 (0x00fbdb33) srl     s6, s7, a5
core   0: 3 0x8000b688 (0x00fbdb33) x22 0xe691c61a
core   0: 0x8000b68c (0xa7a56393) ori     t2, a0, -1414
core   0: 3 0x8000b68c (0xa7a56393) x7  0xfffffefa
core   0: 0x8000b690 (0x000ddd93) srli    s11, s11, 0
core   0: 3 0x8000b690 (0x000ddd93) x27 0x04000000
core   0: 0x8000b694 (0xee82a213) slti    tp, t0, -280
core   0: 3 0x8000b694 (0xee82a213) x4  0x00000000
core   0: 0x8000b698 (0x00000001) c.nop
core   0: 3 0x8000b698 (0x0001)
core   0: 0x8000b69a (0x71c3f293) andi    t0, t2, 1820
core   0: 3 0x8000b69a (0x71c3f293) x5  0x00000618
core   0: 0x8000b69e (0x00441813) slli    a6, s0, 4
core   0: 3 0x8000b69e (0x00441813) x16 0x00000440
core   0: 0x8000b6a2 (0x000064b1) c.lui   s1, 0xc
core   0: 3 0x8000b6a2 (0x64b1) x9  0x0000c000
core   0: 0x8000b6a4 (0x340027f3) csrr    a5, mscratch
core   0: 3 0x8000b6a4 (0x340027f3) x15 0x0000001d
core   0: 0x8000b6a8 (0x015f9733) sll     a4, t6, s5
core   0: 3 0x8000b6a8 (0x015f9733) x14 0x002c0000
core   0: 0x8000b6ac (0x00006bc9) c.lui   s7, 0x12
core   0: 3 0x8000b6ac (0x6bc9) x23 0x00012000
core   0: 0x8000b6ae (0x030a3033) mulhu   zero, s4, a6
core   0: 3 0x8000b6ae (0x030a3033)
core   0: 0x8000b6b2 (0x02d2a633) mulhsu  a2, t0, a3
core   0: 3 0x8000b6b2 (0x02d2a633) x12 0x0000057d
core   0: 0x8000b6b6 (0x039182b3) mul     t0, gp, s9
core   0: 3 0x8000b6b6 (0x039182b3) x5  0x00000000
core   0: 0x8000b6ba (0x03631863) bne     t1, s6, pc + 48
core   0: 3 0x8000b6ba (0x03631863)
core   0: 0x8000b6ea (0x34006e73) csrrsi  t3, mscratch, 0
core   0: 3 0x8000b6ea (0x34006e73) x28 0x0000001d
core   0: 0x8000b6ee (0x03ecbe33) mulhu   t3, s9, t5
core   0: 3 0x8000b6ee (0x03ecbe33) x28 0x80025b16
core   0: 0x8000b6f2 (0x34003973) csrrc   s2, mscratch, zero
core   0: 3 0x8000b6f2 (0x34003973) x18 0x0000001d
core   0: 0x8000b6f6 (0x0ff0000f) fence   iorw,iorw
core   0: 3 0x8000b6f6 (0x0ff0000f)
core   0: 0x8000b6fa (0x02aa9a63) bne     s5, a0, pc + 52
core   0: 3 0x8000b6fa (0x02aa9a63)
core   0: 0x8000b72e (0x016f0333) add     t1, t5, s6
core   0: 3 0x8000b72e (0x016f0333) x6  0xe691c280
core   0: 0x8000b732 (0x01b6f4b3) and     s1, a3, s11
core   0: 3 0x8000b732 (0x01b6f4b3) x9  0x04000000
core   0: 0x8000b736 (0x00006d69) c.lui   s10, 0x1a
core   0: 3 0x8000b736 (0x6d69) x26 0x0001a000
core   0: 0x8000b738 (0xc3656a93) ori     s5, a0, -970
core   0: 3 0x8000b738 (0xc3656a93) x21 0xfffffeb6
core   0: 0x8000b73c (0x833ad5b7) lui     a1, 0x833ad
core   0: 3 0x8000b73c (0x833ad5b7) x11 0x833ad000
core   0: 0x8000b740 (0x00008fe1) c.and   a5, s0
core   0: 3 0x8000b740 (0x8fe1) x15 0x00000004
core   0: 0x8000b742 (0x035bf7b3) remu    a5, s7, s5
core   0: 3 0x8000b742 (0x035bf7b3) x15 0x00012000
core   0: 0x8000b746 (0x4b952b93) slti    s7, a0, 1209
core   0: 3 0x8000b746 (0x4b952b93) x23 0x00000001
core   0: 0x8000b74a (0x01494833) xor     a6, s2, s4
core   0: 3 0x8000b74a (0x01494833) x16 0x7aa09653
core   0: 0x8000b74e (0x00341333) sll     t1, s0, gp
core   0: 3 0x8000b74e (0x00341333) x6  0x00000044
core   0: 0x8000b752 (0x00433d33) sltu    s10, t1, tp
core   0: 3 0x8000b752 (0x00433d33) x26 0x00000000
core   0: 0x8000b756 (0x02ad0433) mul     s0, s10, a0
core   0: 3 0x8000b756 (0x02ad0433) x8  0x00000000
core   0: 0x8000b75a (0x0016da33) srl     s4, a3, ra
core   0: 3 0x8000b75a (0x0016da33) x20 0x00000001
core   0: 0x8000b75e (0x03192233) mulhsu  tp, s2, a7
core   0: 3 0x8000b75e (0x03192233) x4  0x00000000
core   0: 0x8000b762 (0x00008952) c.mv    s2, s4
core   0: 3 0x8000b762 (0x8952) x18 0x00000001
core   0: 0x8000b764 (0x000066b9) c.lui   a3, 0xe
core   0: 3 0x8000b764 (0x66b9) x13 0x0000e000
core   0: 0x8000b766 (0x00a21613) slli    a2, tp, 10
core   0: 3 0x8000b766 (0x00a21613) x12 0x00000000
core   0: 0x8000b76a (0x9e8eae37) lui     t3, 0x9e8ea
core   0: 3 0x8000b76a (0x9e8eae37) x28 0x9e8ea000
core   0: 0x8000b76e (0x4181d313) srai    t1, gp, 24
core   0: 3 0x8000b76e (0x4181d313) x6  0x00000000
core   0: 0x8000b772 (0x03f42097) auipc   ra, 0x3f42
core   0: 3 0x8000b772 (0x03f42097) x1  0x83f4d772
core   0: 0x8000b776 (0x00000762) c.slli  a4, 24
core   0: 3 0x8000b776 (0x0762) x14 0x00000000
core   0: 0x8000b778 (0x000da533) slt     a0, s11, zero
core   0: 3 0x8000b778 (0x000da533) x10 0x00000000
core   0: 0x8000b77c (0x00975233) srl     tp, a4, s1
core   0: 3 0x8000b77c (0x00975233) x4  0x00000000
core   0: 0x8000b780 (0x0000100f) fence.i
core   0: 3 0x8000b780 (0x0000100f)
core   0: 0x8000b784 (0x02451363) bne     a0, tp, pc + 38
core   0: 3 0x8000b784 (0x02451363)
core   0: 0x8000b788 (0x00008791) c.srai  a5, 4
core   0: 3 0x8000b788 (0x8791) x15 0x00001200
core   0: 0x8000b78a (0x00c29e63) bne     t0, a2, pc + 28
core   0: 3 0x8000b78a (0x00c29e63)
core   0: 0x8000b78e (0x00008d2d) c.xor   a0, a1
core   0: 3 0x8000b78e (0x8d2d) x10 0x833ad000
core   0: 0x8000b790 (0x4101d3b3) sra     t2, gp, a6
core   0: 3 0x8000b790 (0x4101d3b3) x7  0x00000000
core   0: 0x8000b794 (0x65757a93) andi    s5, a0, 1623
core   0: 3 0x8000b794 (0x65757a93) x21 0x00000000
core   0: 0x8000b798 (0x0026f933) and     s2, a3, sp
core   0: 3 0x8000b798 (0x0026f933) x18 0x00000000
core   0: 0x8000b79c (0x00008d85) c.sub   a1, s1
core   0: 3 0x8000b79c (0x8d85) x11 0x7f3ad000
core   0: 0x8000b79e (0x0226c833) div     a6, a3, sp
core   0: 3 0x8000b79e (0x0226c833) x16 0x00000078
core   0: 0x8000b7a2 (0x90c4b693) sltiu   a3, s1, -1780
core   0: 3 0x8000b7a2 (0x90c4b693) x13 0x00000001
core   0: 0x8000b7a6 (0xa5837f13) andi    t5, t1, -1448
core   0: 3 0x8000b7a6 (0xa5837f13) x30 0x00000000
core   0: 0x8000b7aa (0x0000850e) c.mv    a0, gp
core   0: 3 0x8000b7aa (0x850e) x10 0x00000000
core   0: 0x8000b7ac (0x01ded233) srl     tp, t4, t4
core   0: 3 0x8000b7ac (0x01ded233) x4  0x80025c20
core   0: 0x8000b7b0 (0x01029863) bne     t0, a6, pc + 16
core   0: 3 0x8000b7b0 (0x01029863)
core   0: 0x8000b7c0 (0x03aa5f33) divu    t5, s4, s10
core   0: 3 0x8000b7c0 (0x03aa5f33) x30 0xffffffff
core   0: 0x8000b7c4 (0x00000001) c.nop
core   0: 3 0x8000b7c4 (0x0001)
core   0: 0x8000b7c6 (0x340e5c73) csrrwi  s8, mscratch, 28
core   0: 3 0x8000b7c6 (0x340e5c73) x24 0x0000001d c832_mscratch 0x0000001c
core   0: 0x8000b7ca (0x00c8edb3) or      s11, a7, a2
core   0: 3 0x8000b7ca (0x00c8edb3) x27 0x00000651
core   0: 0x8000b7ce (0x00008ff1) c.and   a5, a2
core   0: 3 0x8000b7ce (0x8ff1) x15 0x00000000
core   0: 0x8000b7d0 (0xcd16cf13) xori    t5, a3, -815
core   0: 3 0x8000b7d0 (0xcd16cf13) x30 0xfffffcd0
core   0: 0x8000b7d4 (0x5fabfd13) andi    s10, s7, 1530
core   0: 3 0x8000b7d4 (0x5fabfd13) x26 0x00000000
core   0: 0x8000b7d8 (0x0000040e) c.slli  s0, 3
core   0: 3 0x8000b7d8 (0x040e) x8  0x00000000
core   0: 0x8000b7da (0x0000717d) c.addi16sp sp, -16
core   0: 3 0x8000b7da (0x717d) x2  0x000001cd
core   0: 0x8000b7dc (0x0000044d) c.addi  s0, 19
core   0: 3 0x8000b7dc (0x044d) x8  0x00000013
core   0: 0x8000b7de (0x003dc333) xor     t1, s11, gp
core   0: 3 0x8000b7de (0x003dc333) x6  0x00000651
core   0: 0x8000b7e2 (0x0ff0000f) fence   iorw,iorw
core   0: 3 0x8000b7e2 (0x0ff0000f)
core   0: 0x8000b7e6 (0x34055973) csrrwi  s2, mscratch, 10
core   0: 3 0x8000b7e6 (0x34055973) x18 0x0000001c c832_mscratch 0x0000000a
core   0: 0x8000b7ea (0x0210f2b3) remu    t0, ra, ra
core   0: 3 0x8000b7ea (0x0210f2b3) x5  0x00000000
core   0: 0x8000b7ee (0x34009df3) csrrw   s11, mscratch, ra
core   0: 3 0x8000b7ee (0x34009df3) x27 0x0000000a c832_mscratch 0x83f4d772
core   0: 0x8000b7f2 (0x00008122) c.mv    sp, s0
core   0: 3 0x8000b7f2 (0x8122) x2  0x00000013
core   0: 0x8000b7f4 (0x00000c45) c.addi  s8, 17
core   0: 3 0x8000b7f4 (0x0c45) x24 0x0000002e
core   0: 0x8000b7f6 (0x0321d163) bge     gp, s2, pc + 34
core   0: 3 0x8000b7f6 (0x0321d163)
core   0: 0x8000b7fa (0x0000187d) c.addi  a6, -1
core   0: 3 0x8000b7fa (0x187d) x16 0x00000077
core   0: 0x8000b7fc (0x014e61b3) or      gp, t3, s4
core   0: 3 0x8000b7fc (0x014e61b3) x3  0x9e8ea001
core   0: 0x8000b800 (0xd59b2a13) slti    s4, s6, -679
core   0: 3 0x8000b800 (0xd59b2a13) x20 0x00000001
core   0: 0x8000b804 (0x00000e5a) c.slli  t3, 22
core   0: 3 0x8000b804 (0x0e5a) x28 0x00000000
core   0: 0x8000b806 (0xab1c0493) addi    s1, s8, -1359
core   0: 3 0x8000b806 (0xab1c0493) x9  0xfffffadf
core   0: 0x8000b80a (0x0687e113) ori     sp, a5, 104
core   0: 3 0x8000b80a (0x0687e113) x2  0x00000068
core   0: 0x8000b80e (0x000085b9) c.srai  a1, 14
core   0: 3 0x8000b80e (0x85b9) x11 0x0001fceb
core   0: 0x8000b810 (0x00008ef5) c.and   a3, a3
core   0: 3 0x8000b810 (0x8ef5) x13 0x00000001
core   0: 0x8000b812 (0x000093aa) c.add   t2, a0
core   0: 3 0x8000b812 (0x93aa) x7  0x00000000
core   0: 0x8000b814 (0x00309663) bne     ra, gp, pc + 12
core   0: 3 0x8000b814 (0x00309663)
core   0: 0x8000b820 (0x00008f6d) c.and   a4, a1
core   0: 3 0x8000b820 (0x8f6d) x14 0x00000000
core   0: 0x8000b822 (0x01c117b3) sll     a5, sp, t3
core   0: 3 0x8000b822 (0x01c117b3) x15 0x00000068
core   0: 0x8000b826 (0x029d7463) bgeu    s10, s1, pc + 40
core   0: 3 0x8000b826 (0x029d7463)
core   0: 0x8000b82a (0x0190d133) srl     sp, ra, s9
core   0: 3 0x8000b82a (0x0190d133) x2  0x083f4d77
core   0: 0x8000b82e (0x03a1c763) blt     gp, s10, pc + 46
core   0: 3 0x8000b82e (0x03a1c763)
core   0: 0x8000b85c (0x40e803b3) sub     t2, a6, a4
core   0: 3 0x8000b85c (0x40e803b3) x7  0x00000077
core   0: 0x8000b860 (0x00f89b33) sll     s6, a7, a5
core   0: 3 0x8000b860 (0x00f89b33) x22 0x00065100
core   0: 0x8000b864 (0x0281b233) mulhu   tp, gp, s0
core   0: 3 0x8000b864 (0x0281b233) x4  0x0000000b
core   0: 0x8000b868 (0x34002273) csrr    tp, mscratch
core   0: 3 0x8000b868 (0x34002273) x4  0x83f4d772
core   0: 0x8000b86c (0x552d3f13) sltiu   t5, s10, 1362
core   0: 3 0x8000b86c (0x552d3f13) x30 0x00000001
core   0: 0x8000b870 (0x00000001) c.nop
core   0: 3 0x8000b870 (0x0001)
core   0: 0x8000b872 (0x02fe47b3) div     a5, t3, a5
core   0: 3 0x8000b872 (0x02fe47b3) x15 0x00000000
core   0: 0x8000b876 (0x1cdaa813) slti    a6, s5, 461
core   0: 3 0x8000b876 (0x1cdaa813) x16 0x00000001
core   0: 0x8000b87a (0x00000001) c.nop
core   0: 3 0x8000b87a (0x0001)
core   0: 0x8000b87c (0x00008d95) c.sub   a1, a3
core   0: 3 0x8000b87c (0x8d95) x11 0x0001fcea
core   0: 0x8000b87e (0x00001f00) c.addi4spn s0, sp, 944
core   0: 3 0x8000b87e (0x1f00) x8  0x083f5127
core   0: 0x8000b880 (0x00000001) c.nop
core   0: 3 0x8000b880 (0x0001)
core   0: 0x8000b882 (0x0000100f) fence.i
core   0: 3 0x8000b882 (0x0000100f)
core   0: 0x8000b886 (0x00008d95) c.sub   a1, a3
core   0: 3 0x8000b886 (0x8d95) x11 0x0001fce9
core   0: 0x8000b888 (0x05ef0063) beq     t5, t5, pc + 64
core   0: 3 0x8000b888 (0x05ef0063)
core   0: 0x8000b8c8 (0x17291897) auipc   a7, 0x17291
core   0: 3 0x8000b8c8 (0x17291897) x17 0x9729c8c8
core   0: 0x8000b8cc (0x00000001) c.nop
core   0: 3 0x8000b8cc (0x0001)
core   0: 0x8000b8ce (0x000066bd) c.lui   a3, 0xf
core   0: 3 0x8000b8ce (0x66bd) x13 0x0000f000
core   0: 0x8000b8d0 (0x41f4d193) srai    gp, s1, 31
core   0: 3 0x8000b8d0 (0x41f4d193) x3  0xffffffff
core   0: 0x8000b8d4 (0x02f7b6b3) mulhu   a3, a5, a5
core   0: 3 0x8000b8d4 (0x02f7b6b3) x13 0x00000000
core   0: 0x8000b8d8 (0x02d11463) bne     sp, a3, pc + 40
core   0: 3 0x8000b8d8 (0x02d11463)
core   0: 0x8000b900 (0x00008c19) c.sub   s0, a4
core   0: 3 0x8000b900 (0x8c19) x8  0x083f5127
core   0: 0x8000b902 (0x411486b3) sub     a3, s1, a7
core   0: 3 0x8000b902 (0x411486b3) x13 0x68d63217
core   0: 0x8000b906 (0x390e1c17) auipc   s8, 0x390e1
core   0: 3 0x8000b906 (0x390e1c17) x24 0xb90ec906
core   0: 0x8000b90a (0x34026c73) csrrsi  s8, mscratch, 4
core   0: 3 0x8000b90a (0x34026c73) x24 0x83f4d772 c832_mscratch 0x83f4d776
core   0: 0x8000b90e (0x00721563) bne     tp, t2, pc + 10
core   0: 3 0x8000b90e (0x00721563)
core   0: 0x8000b918 (0x00008e45) c.or    a2, s1
core   0: 3 0x8000b918 (0x8e45) x12 0xfffffadf
core   0: 0x8000b91a (0x053ff563) bgeu    t6, s3, pc + 74
core   0: 3 0x8000b91a (0x053ff563)
core   0: 0x8000b91e (0x9ad6dab7) lui     s5, 0x9ad6d
core   0: 3 0x8000b91e (0x9ad6dab7) x21 0x9ad6d000
core   0: 0x8000b922 (0x1b6f3293) sltiu   t0, t5, 438
core   0: 3 0x8000b922 (0x1b6f3293) x5  0x00000001
core   0: 0x8000b926 (0x0000100f) fence.i
core   0: 3 0x8000b926 (0x0000100f)
core   0: 0x8000b92a (0x011867b3) or      a5, a6, a7
core   0: 3 0x8000b92a (0x011867b3) x15 0x9729c8c9
core   0: 0x8000b92e (0x00008d01) c.sub   a0, s0
core   0: 3 0x8000b92e (0x8d01) x10 0xf7c0aed9
core   0: 0x8000b930 (0x40060b33) sub     s6, a2, zero
core   0: 3 0x8000b930 (0x40060b33) x22 0xfffffadf
core   0: 0x8000b934 (0x0000ef11) c.bnez  a4, pc + 28
core   0: 3 0x8000b934 (0xef11)
core   0: 0x8000b936 (0x0073a5b3) slt     a1, t2, t2
core   0: 3 0x8000b936 (0x0073a5b3) x11 0x00000000
core   0: 0x8000b93a (0x00008e4d) c.or    a2, a1
core   0: 3 0x8000b93a (0x8e4d) x12 0xfffffadf
core   0: 0x8000b93c (0x00ac27b3) slt     a5, s8, a0
core   0: 3 0x8000b93c (0x00ac27b3) x15 0x00000001
core   0: 0x8000b940 (0x340927f3) csrrs   a5, mscratch, s2
core   0: 3 0x8000b940 (0x340927f3) x15 0x83f4d776 c832_mscratch 0x83f4d77e
core   0: 0x8000b944 (0x022a6533) rem     a0, s4, sp
core   0: 3 0x8000b944 (0x022a6533) x10 0x00000001
core   0: 0x8000b948 (0x310db913) sltiu   s2, s11, 784
core   0: 3 0x8000b948 (0x310db913) x18 0x00000001
core   0: 0x8000b94c (0x0151de63) bge     gp, s5, pc + 28
core   0: 3 0x8000b94c (0x0151de63)
core   0: 0x8000b968 (0x03f67c63) bgeu    a2, t6, pc + 56
core   0: 3 0x8000b968 (0x03f67c63)
core   0: 0x8000b9a0 (0x00008f75) c.and   a4, a3
core   0: 3 0x8000b9a0 (0x8f75) x14 0x00000000
core   0: 0x8000b9a2 (0x00006a35) c.lui   s4, 0xd
core   0: 3 0x8000b9a2 (0x6a35) x20 0x0000d000
core   0: 0x8000b9a4 (0x0156e263) bltu    a3, s5, pc + 4
core   0: 3 0x8000b9a4 (0x0156e263)
core   0: 0x8000b9a8 (0x0079d033) srl     zero, s3, t2
core   0: 3 0x8000b9a8 (0x0079d033)
core   0: 0x8000b9ac (0x03423c33) mulhu   s8, tp, s4
core   0: 3 0x8000b9ac (0x03423c33) x24 0x00006b36
core   0: 0x8000b9b0 (0x00008f2d) c.xor   a4, a1
core   0: 3 0x8000b9b0 (0x8f2d) x14 0x00000000
core   0: 0x8000b9b2 (0x340ca573) csrrs   a0, mscratch, s9
core   0: 3 0x8000b9b2 (0x340ca573) x10 0x83f4d77e c832_mscratch 0x83f6dffe
core   0: 0x8000b9b6 (0x2d93fa13) andi    s4, t2, 729
core   0: 3 0x8000b9b6 (0x2d93fa13) x20 0x00000051
core   0: 0x8000b9ba (0x41178233) sub     tp, a5, a7
core   0: 3 0x8000b9ba (0x41178233) x4  0xeccb0eae
core   0: 0x8000b9be (0x0100b133) sltu    sp, ra, a6
core   0: 3 0x8000b9be (0x0100b133) x2  0x00000000
core   0: 0x8000b9c2 (0x05fac163) blt     s5, t6, pc + 66
core   0: 3 0x8000b9c2 (0x05fac163)
core   0: 0x8000ba04 (0x02df7d63) bgeu    t5, a3, pc + 58
core   0: 3 0x8000ba04 (0x02df7d63)
core   0: 0x8000ba08 (0x0000100f) fence.i
core   0: 3 0x8000ba08 (0x0000100f)
core   0: 0x8000ba0c (0x00000c21) c.addi  s8, 8
core   0: 3 0x8000ba0c (0x0c21) x24 0x00006b3e
core   0: 0x8000ba0e (0x00000f08) c.addi4spn a0, sp, 912
core   0: 3 0x8000ba0e (0x0f08) x10 0x00000390
core   0: 0x8000ba10 (0x0143f133) and     sp, t2, s4
core   0: 3 0x8000ba10 (0x0143f133) x2  0x00000051
core   0: 0x8000ba14 (0x00006151) c.addi16sp sp, 272
core   0: 3 0x8000ba14 (0x6151) x2  0x00000161
core   0: 0x8000ba16 (0x036b5e63) bge     s6, s6, pc + 60
core   0: 3 0x8000ba16 (0x036b5e63)
core   0: 0x8000ba52 (0x0000071a) c.slli  a4, 6
core   0: 3 0x8000ba52 (0x071a) x14 0x00000000
core   0: 0x8000ba54 (0x0000547d) c.li    s0, -1
core   0: 3 0x8000ba54 (0x547d) x8  0xffffffff
core   0: 0x8000ba56 (0x00638563) beq     t2, t1, pc + 10
core   0: 3 0x8000ba56 (0x00638563)
core   0: 0x8000ba5a (0x000050fd) c.li    ra, -1
core   0: 3 0x8000ba5a (0x50fd) x1  0xffffffff
core   0: 0x8000ba5c (0x3060c593) xori    a1, ra, 774
core   0: 3 0x8000ba5c (0x3060c593) x11 0xfffffcf9
core   0: 0x8000ba60 (0x34006473) csrrsi  s0, mscratch, 0
core   0: 3 0x8000ba60 (0x34006473) x8  0x83f6dffe
core   0: 0x8000ba64 (0x37997893) andi    a7, s2, 889
core   0: 3 0x8000ba64 (0x37997893) x17 0x00000001
core   0: 0x8000ba68 (0x00008cb5) c.xor   s1, a3
core   0: 3 0x8000ba68 (0x8cb5) x9  0x9729c8c8
core   0: 0x8000ba6a (0x0350ee33) rem     t3, ra, s5
core   0: 3 0x8000ba6a (0x0350ee33) x28 0xffffffff
core   0: 0x8000ba6e (0x34031473) csrrw   s0, mscratch, t1
core   0: 3 0x8000ba6e (0x34031473) x8  0x83f6dffe c832_mscratch 0x00000651
core   0: 0x8000ba72 (0x340ea473) csrrs   s0, mscratch, t4
core   0: 3 0x8000ba72 (0x340ea473) x8  0x00000651 c832_mscratch 0x80025e71
core   0: 0x8000ba76 (0x000081bd) c.srli  a1, 15
core   0: 3 0x8000ba76 (0x81bd) x11 0x0001ffff
core   0: 0x8000ba78 (0x00008e31) c.xor   a2, a2
core   0: 3 0x8000ba78 (0x8e31) x12 0x00000000
core   0: 0x8000ba7a (0x031b0233) mul     tp, s6, a7
core   0: 3 0x8000ba7a (0x031b0233) x4  0xfffffadf
core   0: 0x8000ba7e (0x0000100f) fence.i
core   0: 3 0x8000ba7e (0x0000100f)
core   0: 0x8000ba82 (0x01a89c63) bne     a7, s10, pc + 24
core   0: 3 0x8000ba82 (0x01a89c63)
core   0: 0x8000ba9a (0x018127b3) slt     a5, sp, s8
core   0: 3 0x8000ba9a (0x018127b3) x15 0x00000001
core   0: 0x8000ba9e (0x414f0d33) sub     s10, t5, s4
core   0: 3 0x8000ba9e (0x414f0d33) x26 0xffffffb0
core   0: 0x8000baa2 (0x00008c59) c.or    s0, a4
core   0: 3 0x8000baa2 (0x8c59) x8  0x00000651
core   0: 0x8000baa4 (0x031527b3) mulhsu  a5, a0, a7
core   0: 3 0x8000baa4 (0x031527b3) x15 0x00000000
core   0: 0x8000baa8 (0x46ec6593) ori     a1, s8, 1134
core   0: 3 0x8000baa8 (0x46ec6593) x11 0x00006f7e
core   0: 0x8000baac (0x02cc57b3) divu    a5, s8, a2
core   0: 3 0x8000baac (0x02cc57b3) x15 0xffffffff
core   0: 0x8000bab0 (0x03a0ee63) bltu    ra, s10, pc + 60
core   0: 3 0x8000bab0 (0x03a0ee63)
core   0: 0x8000bab4 (0x018cf863) bgeu    s9, s8, pc + 16
core   0: 3 0x8000bab4 (0x018cf863)
core   0: 0x8000bac4 (0x035dec33) rem     s8, s11, s5
core   0: 3 0x8000bac4 (0x035dec33) x24 0x0000000a
core   0: 0x8000bac8 (0x02bc43b3) div     t2, s8, a1
core   0: 3 0x8000bac8 (0x02bc43b3) x7  0x00000000
core   0: 0x8000bacc (0x00cbe133) or      sp, s7, a2
core   0: 3 0x8000bacc (0x00cbe133) x2  0x00000001
core   0: 0x8000bad0 (0x0000717d) c.addi16sp sp, -16
core   0: 3 0x8000bad0 (0x717d) x2  0xfffffff1
core   0: 0x8000bad2 (0xaf1ebb93) sltiu   s7, t4, -1295
core   0: 3 0x8000bad2 (0xaf1ebb93) x23 0x00000001
core   0: 0x8000bad6 (0x000bfeb3) and     t4, s7, zero
core   0: 3 0x8000bad6 (0x000bfeb3) x29 0x00000000
core   0: 0x8000bada (0x00b571b3) and     gp, a0, a1
core   0: 3 0x8000bada (0x00b571b3) x3  0x00000310
core   0: 0x8000bade (0x00008ce9) c.and   s1, a0
core   0: 3 0x8000bade (0x8ce9) x9  0x00000080
core   0: 0x8000bae0 (0x01011863) bne     sp, a6, pc + 16
core   0: 3 0x8000bae0 (0x01011863)
core   0: 0x8000baf0 (0x00005e7d) c.li    t3, -1
core   0: 3 0x8000baf0 (0x5e7d) x28 0xffffffff
core   0: 0x8000baf2 (0x00000001) c.nop
core   0: 3 0x8000baf2 (0x0001)
core   0: 0x8000baf4 (0x0222f3b3) remu    t2, t0, sp
core   0: 3 0x8000baf4 (0x0222f3b3) x7  0x00000001
core   0: 0x8000baf8 (0x01449a13) slli    s4, s1, 20
core   0: 3 0x8000baf8 (0x01449a13) x20 0x08000000
core   0: 0x8000bafc (0x02c9c8b3) div     a7, s3, a2
core   0: 3 0x8000bafc (0x02c9c8b3) x17 0xffffffff
core   0: 0x8000bb00 (0x00008929) c.andi  a0, 10
core   0: 3 0x8000bb00 (0x8929) x10 0x00000000
core   0: 0x8000bb02 (0x00f19113) slli    sp, gp, 15
core   0: 3 0x8000bb02 (0x00f19113) x2  0x01880000
core   0: 0x8000bb06 (0x02019063) bnez    gp, pc + 32
core   0: 3 0x8000bb06 (0x02019063)
core   0: 0x8000bb26 (0x02834133) div     sp, t1, s0
core   0: 3 0x8000bb26 (0x02834133) x2  0x00000001
core   0: 0x8000bb2a (0x00008dc9) c.or    a1, a0
core   0: 3 0x8000bb2a (0x8dc9) x11 0x00006f7e
core   0: 0x8000bb2c (0x00008c49) c.or    s0, a0
core   0: 3 0x8000bb2c (0x8c49) x8  0x00000651
core   0: 0x8000bb2e (0x0049a603) lw      a2, 4(s3)
core   0: 3 0x8000bb2e (0x0049a603) x12 0x8000391e mem 0x80021dfc
core   0: 0x8000bb32 (0x000009f1) c.addi  s3, 28
core   0: 3 0x8000bb32 (0x09f1) x19 0x80021e14
core   0: 0x8000bb34 (0x00000386) c.slli  t2, 1
core   0: 3 0x8000bb34 (0x0386) x7  0x00000002
core   0: 0x8000bb36 (0x00160513) addi    a0, a2, 1
core   0: 3 0x8000bb36 (0x00160513) x10 0x8000391f
core   0: 0x8000bb3a (0x00008502) c.jr    a0
core   0: 3 0x8000bb3a (0x8502)
core   0: 0x8000391e (0x3403d973) csrrwi  s2, mscratch, 7
core   0: 3 0x8000391e (0x3403d973) x18 0x80025e71 c832_mscratch 0x00000007
core   0: 0x80003922 (0x340aec73) csrrsi  s8, mscratch, 21
core   0: 3 0x80003922 (0x340aec73) x24 0x00000007 c832_mscratch 0x00000017
core   0: 0x80003926 (0x004f5313) srli    t1, t5, 4
core   0: 3 0x80003926 (0x004f5313) x6  0x00000000
core   0: 0x8000392a (0x0000ea81) c.bnez  a3, pc + 16
core   0: 3 0x8000392a (0xea81)
core   0: 0x8000393a (0x00000001) c.nop
core   0: 3 0x8000393a (0x0001)
core   0: 0x8000393c (0x000083e1) c.srli  a5, 24
core   0: 3 0x8000393c (0x83e1) x15 0x000000ff
core   0: 0x8000393e (0x02213433) mulhu   s0, sp, sp
core   0: 3 0x8000393e (0x02213433) x8  0x00000000
core   0: 0x80003942 (0x00006dad) c.lui   s11, 0xb
core   0: 3 0x80003942 (0x6dad) x27 0x0000b000
core   0: 0x80003944 (0x01c17263) bgeu    sp, t3, pc + 4
core   0: 3 0x80003944 (0x01c17263)
core   0: 0x80003948 (0x34002473) csrr    s0, mscratch
core   0: 3 0x80003948 (0x34002473) x8  0x00000017
core   0: 0x8000394c (0x340567f3) csrrsi  a5, mscratch, 10
core   0: 3 0x8000394c (0x340567f3) x15 0x00000017 c832_mscratch 0x0000001f
core   0: 0x80003950 (0x0116d4b3) srl     s1, a3, a7
core   0: 3 0x80003950 (0x0116d4b3) x9  0x00000000
core   0: 0x80003954 (0x408e0eb3) sub     t4, t3, s0
core   0: 3 0x80003954 (0x408e0eb3) x29 0xffffffe8
core   0: 0x80003958 (0x00008ec1) c.or    a3, s0
core   0: 3 0x80003958 (0x8ec1) x13 0x68d63217
core   0: 0x8000395a (0x00004855) c.li    a6, 21
core   0: 3 0x8000395a (0x4855) x16 0x00000015
core   0: 0x8000395c (0x00008fa1) c.xor   a5, s0
core   0: 3 0x8000395c (0x8fa1) x15 0x00000000
core   0: 0x8000395e (0x340076f3) csrrci  a3, mscratch, 0
core   0: 3 0x8000395e (0x340076f3) x13 0x0000001f
core   0: 0x80003962 (0x00d19893) slli    a7, gp, 13
core   0: 3 0x80003962 (0x00d19893) x17 0x00620000
core   0: 0x80003966 (0x0049a603) lw      a2, 4(s3)
core   0: 3 0x80003966 (0x0049a603) x12 0x80003860 mem 0x80021e18
core   0: 0x8000396a (0x34049373) csrrw   t1, mscratch, s1
core   0: 3 0x8000396a (0x34049373) x6  0x0000001f c832_mscratch 0x00000000
core   0: 0x8000396e (0x0000987d) c.andi  s0, -1
core   0: 3 0x8000396e (0x987d) x8  0x00000017
core   0: 0x80003970 (0x02498993) addi    s3, s3, 36
core   0: 3 0x80003970 (0x02498993) x19 0x80021e38
core   0: 0x80003974 (0x03f45433) divu    s0, s0, t6
core   0: 3 0x80003974 (0x03f45433) x8  0x00000002
core   0: 0x80003978 (0x00060213) mv      tp, a2
core   0: 3 0x80003978 (0x00060213) x4  0x80003860
core   0: 0x8000397c (0x00020267) jalr    tp, tp, 0
core   0: 3 0x8000397c (0x00020267) x4  0x80003980
core   0: 0x80003860 (0x65eb0813) addi    a6, s6, 1630
core   0: 3 0x80003860 (0x65eb0813) x16 0x0000013d
core   0: 0x80003864 (0x026983b3) mul     t2, s3, t1
core   0: 3 0x80003864 (0x026983b3) x7  0x8041a8c8
core   0: 0x80003868 (0x748c6593) ori     a1, s8, 1864
core   0: 3 0x80003868 (0x748c6593) x11 0x0000074f
core   0: 0x8000386c (0x0ff0000f) fence   iorw,iorw
core   0: 3 0x8000386c (0x0ff0000f)
core   0: 0x80003870 (0x34007ef3) csrrci  t4, mscratch, 0
core   0: 3 0x80003870 (0x34007ef3) x29 0x00000000
core   0: 0x80003874 (0x033d1733) mulh    a4, s10, s3
core   0: 3 0x80003874 (0x033d1733) x14 0x00000027
core   0: 0x80003878 (0x0000881a) c.mv    a6, t1
core   0: 3 0x80003878 (0x881a) x16 0x0000001f
core   0: 0x8000387a (0x000083f5) c.srli  a5, 29
core   0: 3 0x8000387a (0x83f5) x15 0x00000000
core   0: 0x8000387c (0x019f0d63) beq     t5, s9, pc + 26
core   0: 3 0x8000387c (0x019f0d63)
core   0: 0x80003880 (0x006dcdb3) xor     s11, s11, t1
core   0: 3 0x80003880 (0x006dcdb3) x27 0x0000b01f
core   0: 0x80003884 (0x008512b3) sll     t0, a0, s0
core   0: 3 0x80003884 (0x008512b3) x5  0x0000e47c
core   0: 0x80003888 (0x00006269) c.lui   tp, 0x1a
core   0: 3 0x80003888 (0x6269) x4  0x0001a000
core   0: 0x8000388a (0x003605b3) add     a1, a2, gp
core   0: 3 0x8000388a (0x003605b3) x11 0x80003b70
core   0: 0x8000388e (0x00008cd5) c.or    s1, a3
core   0: 3 0x8000388e (0x8cd5) x9  0x0000001f
core   0: 0x80003890 (0x00004089) c.li    ra, 2
core   0: 3 0x80003890 (0x4089) x1  0x00000002
core   0: 0x80003892 (0x0008f763) bgeu    a7, zero, pc + 14
core   0: 3 0x80003892 (0x0008f763)
core   0: 0x800038a0 (0x02260933) mul     s2, a2, sp
core   0: 3 0x800038a0 (0x02260933) x18 0x80003860
core   0: 0x800038a4 (0x00008c05) c.sub   s0, s1
core   0: 3 0x800038a4 (0x8c05) x8  0xffffffe3
core   0: 0x800038a6 (0x34007173) csrrci  sp, mscratch, 0
core   0: 3 0x800038a6 (0x34007173) x2  0x00000000
core   0: 0x800038aa (0x00001a7d) c.addi  s4, -1
core   0: 3 0x800038aa (0x1a7d) x20 0x07ffffff
core   0: 0x800038ac (0x00fcd293) srli    t0, s9, 15
core   0: 3 0x800038ac (0x00fcd293) x5  0x00010004
core   0: 0x800038b0 (0x03731f33) mulh    t5, t1, s7
core   0: 3 0x800038b0 (0x03731f33) x30 0x00000000
core   0: 0x800038b4 (0x026d8433) mul     s0, s11, t1
core   0: 3 0x800038b4 (0x026d8433) x8  0x001553c1
core   0: 0x800038b8 (0x0031b033) sltu    zero, gp, gp
core   0: 3 0x800038b8 (0x0031b033)
core   0: 0x800038bc (0x01d0e463) bltu    ra, t4, pc + 8
core   0: 3 0x800038bc (0x01d0e463)
core   0: 0x800038c0 (0x02006d33) rem     s10, zero, zero
core   0: 3 0x800038c0 (0x02006d33) x26 0x00000000
core   0: 0x800038c4 (0x018f4863) blt     t5, s8, pc + 16
core   0: 3 0x800038c4 (0x018f4863)
core   0: 0x800038d4 (0x42a041b7) lui     gp, 0x42a04
core   0: 3 0x800038d4 (0x42a041b7) x3  0x42a04000
core   0: 0x800038d8 (0x00a28133) add     sp, t0, a0
core   0: 3 0x800038d8 (0x00a28133) x2  0x80013923
core   0: 0x800038dc (0x0049a603) lw      a2, 4(s3)
core   0: 3 0x800038dc (0x0049a603) x12 0x8000364a mem 0x80021e3c
core   0: 0x800038e0 (0x02c98993) addi    s3, s3, 44
core   0: 3 0x800038e0 (0x02c98993) x19 0x80021e64
core   0: 0x800038e4 (0x0ff0000f) fence   iorw,iorw
core   0: 3 0x800038e4 (0x0ff0000f)
core   0: 0x800038e8 (0x00008ed1) c.or    a3, a2
core   0: 3 0x800038e8 (0x8ed1) x13 0x8000365f
core   0: 0x800038ea (0x00160893) addi    a7, a2, 1
core   0: 3 0x800038ea (0x00160893) x17 0x8000364b
core   0: 0x800038ee (0x00008882) c.jr    a7
core   0: 3 0x800038ee (0x8882)
core   0: 0x8000364a (0x00005c7d) c.li    s8, -1
core   0: 3 0x8000364a (0x5c7d) x24 0xffffffff
core   0: 0x8000364c (0x02ce1963) bne     t3, a2, pc + 50
core   0: 3 0x8000364c (0x02ce1963)
core   0: 0x8000367e (0x038891b3) mulh    gp, a7, s8
core   0: 3 0x8000367e (0x038891b3) x3  0x00000000
core   0: 0x80003682 (0x021b4433) div     s0, s6, ra
core   0: 3 0x80003682 (0x021b4433) x8  0xfffffd70
core   0: 0x80003686 (0x41075513) srai    a0, a4, 16
core   0: 3 0x80003686 (0x41075513) x10 0x00000000
core   0: 0x8000368a (0x03e312b3) mulh    t0, t1, t5
core   0: 3 0x8000368a (0x03e312b3) x5  0x00000000
core   0: 0x8000368e (0x00171b13) slli    s6, a4, 1
core   0: 3 0x8000368e (0x00171b13) x22 0x0000004e
core   0: 0x80003692 (0x03460433) mul     s0, a2, s4
core   0: 3 0x80003692 (0x03460433) x8  0xcfffc9b6
core   0: 0x80003696 (0x00008e79) c.and   a2, a4
core   0: 3 0x80003696 (0x8e79) x12 0x00000002
core   0: 0x80003698 (0x00f900b3) add     ra, s2, a5
core   0: 3 0x80003698 (0x00f900b3) x1  0x80003860
core   0: 0x8000369c (0x3405eb73) csrrsi  s6, mscratch, 11
core   0: 3 0x8000369c (0x3405eb73) x22 0x00000000 c832_mscratch 0x0000000b
core   0: 0x800036a0 (0x01bee263) bltu    t4, s11, pc + 4
core   0: 3 0x800036a0 (0x01bee263)
core   0: 0x800036a4 (0x00658f33) add     t5, a1, t1
core   0: 3 0x800036a4 (0x00658f33) x30 0x80003b8f
core   0: 0x800036a8 (0xffffdf97) auipc   t6, 0xffffd
core   0: 3 0x800036a8 (0xffffdf97) x31 0x800006a8
core   0: 0x800036ac (0xcccf8f93) addi    t6, t6, -820
core   0: 3 0x800036ac (0xcccf8f93) x31 0x80000374
core   0: 0x800036b0 (0x000f8067) jr      t6
core   0: 3 0x800036b0 (0x000f8067)
core   0: 0x80000374 (0x900007b7) lui     a5, 0x90000
core   0: 3 0x80000374 (0x900007b7) x15 0x90000000
core   0: 0x80000378 (0x000017e1) c.addi  a5, -8
core   0: 3 0x80000378 (0x17e1) x15 0x8ffffff8
core   0: 0x8000037a (0x00004e81) c.li    t4, 0
core   0: 3 0x8000037a (0x4e81) x29 0x00000000
core   0: 0x8000037c (0x00000ea2) c.slli  t4, 8
core   0: 3 0x8000037c (0x0ea2) x29 0x00000000
core   0: 0x8000037e (0x00000e85) c.addi  t4, 1
core   0: 3 0x8000037e (0x0e85) x29 0x00000001
core   0: 0x80000380 (0x01d7a023) sw      t4, 0(a5)
core   0: 3 0x80000380 (0x01d7a023) mem 0x8ffffff8 0x00000001
core   0: 0x80000384 (0x00000073) ecall
core   0: exception trap_machine_ecall, epc 0x80000384
core   0: 0x80002700 (0x0800006f) j       pc + 0x80
core   0: 3 0x80002700 (0x0800006f)
core   0: 0x80002780 (0x00001cf1) c.addi  s9, -4
core   0: 3 0x80002780 (0x1cf1) x25 0x80025ce0
core   0: 0x80002782 (0x013ca023) sw      s3, 0(s9)
core   0: 3 0x80002782 (0x013ca023) mem 0x80025ce0 0x80021e64
core   0: 0x80002786 (0x000c89b3) add     s3, s9, zero
core   0: 3 0x80002786 (0x000c89b3) x19 0x80025ce0
core   0: 0x8000278a (0xf8098993) addi    s3, s3, -128
core   0: 3 0x8000278a (0xf8098993) x19 0x80025c60
core   0: 0x8000278e (0x0019a223) sw      ra, 4(s3)
core   0: 3 0x8000278e (0x0019a223) mem 0x80025c64 0x80003860
core   0: 0x80002792 (0x0029a423) sw      sp, 8(s3)
core   0: 3 0x80002792 (0x0029a423) mem 0x80025c68 0x80013923
core   0: 0x80002796 (0x0039a623) sw      gp, 12(s3)
core   0: 3 0x80002796 (0x0039a623) mem 0x80025c6c 0x00000000
core   0: 0x8000279a (0x0049a823) sw      tp, 16(s3)
core   0: 3 0x8000279a (0x0049a823) mem 0x80025c70 0x0001a000
core   0: 0x8000279e (0x0059aa23) sw      t0, 20(s3)
core   0: 3 0x8000279e (0x0059aa23) mem 0x80025c74 0x00000000
core   0: 0x800027a2 (0x0069ac23) sw      t1, 24(s3)
core   0: 3 0x800027a2 (0x0069ac23) mem 0x80025c78 0x0000001f
core   0: 0x800027a6 (0x0079ae23) sw      t2, 28(s3)
core   0: 3 0x800027a6 (0x0079ae23) mem 0x80025c7c 0x8041a8c8
core   0: 0x800027aa (0x0289a023) sw      s0, 32(s3)
core   0: 3 0x800027aa (0x0289a023) mem 0x80025c80 0xcfffc9b6
core   0: 0x800027ae (0x0299a223) sw      s1, 36(s3)
core   0: 3 0x800027ae (0x0299a223) mem 0x80025c84 0x0000001f
core   0: 0x800027b2 (0x02a9a423) sw      a0, 40(s3)
core   0: 3 0x800027b2 (0x02a9a423) mem 0x80025c88 0x00000000
core   0: 0x800027b6 (0x02b9a623) sw      a1, 44(s3)
core   0: 3 0x800027b6 (0x02b9a623) mem 0x80025c8c 0x80003b70
core   0: 0x800027ba (0x02c9a823) sw      a2, 48(s3)
core   0: 3 0x800027ba (0x02c9a823) mem 0x80025c90 0x00000002
core   0: 0x800027be (0x02d9aa23) sw      a3, 52(s3)
core   0: 3 0x800027be (0x02d9aa23) mem 0x80025c94 0x8000365f
core   0: 0x800027c2 (0x02e9ac23) sw      a4, 56(s3)
core   0: 3 0x800027c2 (0x02e9ac23) mem 0x80025c98 0x00000027
core   0: 0x800027c6 (0x02f9ae23) sw      a5, 60(s3)
core   0: 3 0x800027c6 (0x02f9ae23) mem 0x80025c9c 0x8ffffff8
core   0: 0x800027ca (0x0509a023) sw      a6, 64(s3)
core   0: 3 0x800027ca (0x0509a023) mem 0x80025ca0 0x0000001f
core   0: 0x800027ce (0x0519a223) sw      a7, 68(s3)
core   0: 3 0x800027ce (0x0519a223) mem 0x80025ca4 0x8000364b
core   0: 0x800027d2 (0x0529a423) sw      s2, 72(s3)
core   0: 3 0x800027d2 (0x0529a423) mem 0x80025ca8 0x80003860
core   0: 0x800027d6 (0x0539a623) sw      s3, 76(s3)
core   0: 3 0x800027d6 (0x0539a623) mem 0x80025cac 0x80025c60
core   0: 0x800027da (0x0549a823) sw      s4, 80(s3)
core   0: 3 0x800027da (0x0549a823) mem 0x80025cb0 0x07ffffff
core   0: 0x800027de (0x0559aa23) sw      s5, 84(s3)
core   0: 3 0x800027de (0x0559aa23) mem 0x80025cb4 0x9ad6d000
core   0: 0x800027e2 (0x0569ac23) sw      s6, 88(s3)
core   0: 3 0x800027e2 (0x0569ac23) mem 0x80025cb8 0x00000000
core   0: 0x800027e6 (0x0579ae23) sw      s7, 92(s3)
core   0: 3 0x800027e6 (0x0579ae23) mem 0x80025cbc 0x00000001
core   0: 0x800027ea (0x0789a023) sw      s8, 96(s3)
core   0: 3 0x800027ea (0x0789a023) mem 0x80025cc0 0xffffffff
core   0: 0x800027ee (0x0799a223) sw      s9, 100(s3)
core   0: 3 0x800027ee (0x0799a223) mem 0x80025cc4 0x80025ce0
core   0: 0x800027f2 (0x07a9a423) sw      s10, 104(s3)
core   0: 3 0x800027f2 (0x07a9a423) mem 0x80025cc8 0x00000000
core   0: 0x800027f6 (0x07b9a623) sw      s11, 108(s3)
core   0: 3 0x800027f6 (0x07b9a623) mem 0x80025ccc 0x0000b01f
core   0: 0x800027fa (0x07c9a823) sw      t3, 112(s3)
core   0: 3 0x800027fa (0x07c9a823) mem 0x80025cd0 0xffffffff
core   0: 0x800027fe (0x07d9aa23) sw      t4, 116(s3)
core   0: 3 0x800027fe (0x07d9aa23) mem 0x80025cd4 0x00000001
core   0: 0x80002802 (0x07e9ac23) sw      t5, 120(s3)
core   0: 3 0x80002802 (0x07e9ac23) mem 0x80025cd8 0x80003b8f
core   0: 0x80002806 (0x07f9ae23) sw      t6, 124(s3)
core   0: 3 0x80002806 (0x07f9ae23) mem 0x80025cdc 0x80000374
core   0: 0x8000280a (0x00098cb3) add     s9, s3, zero
core   0: 3 0x8000280a (0x00098cb3) x25 0x80025c60
core   0: 0x8000280e (0x900007b7) lui     a5, 0x90000
core   0: 3 0x8000280e (0x900007b7) x15 0x90000000
core   0: 0x80002812 (0x000017f1) c.addi  a5, -4
core   0: 3 0x80002812 (0x17f1) x15 0x8ffffffc
core   0: 0x80002814 (0x00004ea1) c.li    t4, 8
core   0: 3 0x80002814 (0x4ea1) x29 0x00000008
core   0: 0x80002816 (0x00000ea2) c.slli  t4, 8
core   0: 3 0x80002816 (0x0ea2) x29 0x00000800
core   0: 0x80002818 (0x000e8e93) mv      t4, t4
core   0: 3 0x80002818 (0x000e8e93) x29 0x00000800
core   0: 0x8000281c (0x01d7a023) sw      t4, 0(a5)
core   0: 3 0x8000281c (0x01d7a023) mem 0x8ffffffc 0x00000800
core   0: 0x80002820 (0x34102ef3) csrr    t4, mepc
core   0: 3 0x80002820 (0x34102ef3) x29 0x80000384
core   0: 0x80002824 (0x34202ef3) csrr    t4, mcause
core   0: 3 0x80002824 (0x34202ef3) x29 0x0000000b
core   0: 0x80002828 (0x0000478d) c.li    a5, 3
core   0: 3 0x80002828 (0x478d) x15 0x00000003
core   0: 0x8000282a (0x00fe9463) bne     t4, a5, pc + 8
core   0: 3 0x8000282a (0x00fe9463)
core   0: 0x80002832 (0x000047a1) c.li    a5, 8
core   0: 3 0x80002832 (0x47a1) x15 0x00000008
core   0: 0x80002834 (0x04fe8d63) beq     t4, a5, pc + 90
core   0: 3 0x80002834 (0x04fe8d63)
core   0: 0x80002838 (0x000047a5) c.li    a5, 9
core   0: 3 0x80002838 (0x47a5) x15 0x00000009
core   0: 0x8000283a (0x04fe8a63) beq     t4, a5, pc + 84
core   0: 3 0x8000283a (0x04fe8a63)
core   0: 0x8000283e (0x000047ad) c.li    a5, 11
core   0: 3 0x8000283e (0x47ad) x15 0x0000000b
core   0: 0x80002840 (0x04fe8763) beq     t4, a5, pc + 78
core   0: 3 0x80002840 (0x04fe8763)
core   0: 0x8000288e (0x900007b7) lui     a5, 0x90000
core   0: 3 0x8000288e (0x900007b7) x15 0x90000000
core   0: 0x80002892 (0x000017f1) c.addi  a5, -4
core   0: 3 0x80002892 (0x17f1) x15 0x8ffffffc
core   0: 0x80002894 (0x00006e85) c.lui   t4, 0x1
core   0: 3 0x80002894 (0x6e85) x29 0x00001000
core   0: 0x80002896 (0xb00e8e93) addi    t4, t4, -1280
core   0: 3 0x80002896 (0xb00e8e93) x29 0x00000b00
core   0: 0x8000289a (0x00000ea2) c.slli  t4, 8
core   0: 3 0x8000289a (0x0ea2) x29 0x000b0000
core   0: 0x8000289c (0x00000e8d) c.addi  t4, 3
core   0: 3 0x8000289c (0x0e8d) x29 0x000b0003
core   0: 0x8000289e (0x01d7a023) sw      t4, 0(a5)
core   0: 3 0x8000289e (0x01d7a023) mem 0x8ffffffc 0x000b0003
core   0: 0x800028a2 (0xb0002ef3) csrr    t4, mcycle
core   0: 3 0x800028a2 (0xb0002ef3) x29 0x000086d1
core   0: 0x800028a6 (0x01d7a023) sw      t4, 0(a5)
core   0: 3 0x800028a6 (0x01d7a023) mem 0x8ffffffc 0x000086d1
core   0: 0x800028aa (0x900007b7) lui     a5, 0x90000
core   0: 3 0x800028aa (0x900007b7) x15 0x90000000
core   0: 0x800028ae (0x000017f1) c.addi  a5, -4
core   0: 3 0x800028ae (0x17f1) x15 0x8ffffffc
core   0: 0x800028b0 (0x00006e85) c.lui   t4, 0x1
core   0: 3 0x800028b0 (0x6e85) x29 0x00001000
core   0: 0x800028b2 (0xb80e8e93) addi    t4, t4, -1152
core   0: 3 0x800028b2 (0xb80e8e93) x29 0x00000b80
core   0: 0x800028b6 (0x00000ea2) c.slli  t4, 8
core   0: 3 0x800028b6 (0x0ea2) x29 0x000b8000
core   0: 0x800028b8 (0x00000e8d) c.addi  t4, 3
core   0: 3 0x800028b8 (0x0e8d) x29 0x000b8003
core   0: 0x800028ba (0x01d7a023) sw      t4, 0(a5)
core   0: 3 0x800028ba (0x01d7a023) mem 0x8ffffffc 0x000b8003
core   0: 0x800028be (0xb8002ef3) csrr    t4, mcycleh
core   0: 3 0x800028be (0xb8002ef3) x29 0x00000000
core   0: 0x800028c2 (0x01d7a023) sw      t4, 0(a5)
core   0: 3 0x800028c2 (0x01d7a023) mem 0x8ffffffc 0x00000000
core   0: 0x800028c6 (0x900007b7) lui     a5, 0x90000
core   0: 3 0x800028c6 (0x900007b7) x15 0x90000000
core   0: 0x800028ca (0x000017f1) c.addi  a5, -4
core   0: 3 0x800028ca (0x17f1) x15 0x8ffffffc
core   0: 0x800028cc (0x00006e85) c.lui   t4, 0x1
core   0: 3 0x800028cc (0x6e85) x29 0x00001000
core   0: 0x800028ce (0xb03e8e93) addi    t4, t4, -1277
core   0: 3 0x800028ce (0xb03e8e93) x29 0x00000b03
core   0: 0x800028d2 (0x00000ea2) c.slli  t4, 8
core   0: 3 0x800028d2 (0x0ea2) x29 0x000b0300
core   0: 0x800028d4 (0x00000e8d) c.addi  t4, 3
core   0: 3 0x800028d4 (0x0e8d) x29 0x000b0303
core   0: 0x800028d6 (0x01d7a023) sw      t4, 0(a5)
core   0: 3 0x800028d6 (0x01d7a023) mem 0x8ffffffc 0x000b0303
core   0: 0x800028da (0xb0302ef3) csrr    t4, mhpmcounter3
core   0: 3 0x800028da (0xb0302ef3) x29 0x000000ee
core   0: 0x800028de (0x01d7a023) sw      t4, 0(a5)
core   0: 3 0x800028de (0x01d7a023) mem 0x8ffffffc 0x000000ee
core   0: 0x800028e2 (0x900007b7) lui     a5, 0x90000
core   0: 3 0x800028e2 (0x900007b7) x15 0x90000000
core   0: 0x800028e6 (0x000017f1) c.addi  a5, -4
core   0: 3 0x800028e6 (0x17f1) x15 0x8ffffffc
core   0: 0x800028e8 (0x00006e85) c.lui   t4, 0x1
core   0: 3 0x800028e8 (0x6e85) x29 0x00001000
core   0: 0x800028ea (0xb83e8e93) addi    t4, t4, -1149
core   0: 3 0x800028ea (0xb83e8e93) x29 0x00000b83
core   0: 0x800028ee (0x00000ea2) c.slli  t4, 8
core   0: 3 0x800028ee (0x0ea2) x29 0x000b8300
core   0: 0x800028f0 (0x00000e8d) c.addi  t4, 3
core   0: 3 0x800028f0 (0x0e8d) x29 0x000b8303
core   0: 0x800028f2 (0x01d7a023) sw      t4, 0(a5)
core   0: 3 0x800028f2 (0x01d7a023) mem 0x8ffffffc 0x000b8303
core   0: 0x800028f6 (0xb8302ef3) csrr    t4, mhpmcounter3h
core   0: 3 0x800028f6 (0xb8302ef3) x29 0x00000000
core   0: 0x800028fa (0x01d7a023) sw      t4, 0(a5)
core   0: 3 0x800028fa (0x01d7a023) mem 0x8ffffffc 0x00000000
core   0: 0x800028fe (0x900007b7) lui     a5, 0x90000
core   0: 3 0x800028fe (0x900007b7) x15 0x90000000
core   0: 0x80002902 (0x000017f1) c.addi  a5, -4
core   0: 3 0x80002902 (0x17f1) x15 0x8ffffffc
core   0: 0x80002904 (0x00006e85) c.lui   t4, 0x1
core   0: 3 0x80002904 (0x6e85) x29 0x00001000
core   0: 0x80002906 (0xb04e8e93) addi    t4, t4, -1276
core   0: 3 0x80002906 (0xb04e8e93) x29 0x00000b04
core   0: 0x8000290a (0x00000ea2) c.slli  t4, 8
core   0: 3 0x8000290a (0x0ea2) x29 0x000b0400
core   0: 0x8000290c (0x00000e8d) c.addi  t4, 3
core   0: 3 0x8000290c (0x0e8d) x29 0x000b0403
core   0: 0x8000290e (0x01d7a023) sw      t4, 0(a5)
core   0: 3 0x8000290e (0x01d7a023) mem 0x8ffffffc 0x000b0403
core   0: 0x80002912 (0xb0402ef3) csrr    t4, mhpmcounter4
core   0: 3 0x80002912 (0xb0402ef3) x29 0x00004317
core   0: 0x80002916 (0x01d7a023) sw      t4, 0(a5)
core   0: 3 0x80002916 (0x01d7a023) mem 0x8ffffffc 0x00004317
core   0: 0x8000291a (0x900007b7) lui     a5, 0x90000
core   0: 3 0x8000291a (0x900007b7) x15 0x90000000
core   0: 0x8000291e (0x000017f1) c.addi  a5, -4
core   0: 3 0x8000291e (0x17f1) x15 0x8ffffffc
core   0: 0x80002920 (0x00006e85) c.lui   t4, 0x1
core   0: 3 0x80002920 (0x6e85) x29 0x00001000
core   0: 0x80002922 (0xb84e8e93) addi    t4, t4, -1148
core   0: 3 0x80002922 (0xb84e8e93) x29 0x00000b84
core   0: 0x80002926 (0x00000ea2) c.slli  t4, 8
core   0: 3 0x80002926 (0x0ea2) x29 0x000b8400
core   0: 0x80002928 (0x00000e8d) c.addi  t4, 3
core   0: 3 0x80002928 (0x0e8d) x29 0x000b8403
core   0: 0x8000292a (0x01d7a023) sw      t4, 0(a5)
core   0: 3 0x8000292a (0x01d7a023) mem 0x8ffffffc 0x000b8403
core   0: 0x8000292e (0xb8402ef3) csrr    t4, mhpmcounter4h
core   0: 3 0x8000292e (0xb8402ef3) x29 0x00000000
core   0: 0x80002932 (0x01d7a023) sw      t4, 0(a5)
core   0: 3 0x80002932 (0x01d7a023) mem 0x8ffffffc 0x00000000
core   0: 0x80002936 (0x900007b7) lui     a5, 0x90000
core   0: 3 0x80002936 (0x900007b7) x15 0x90000000
core   0: 0x8000293a (0x000017f1) c.addi  a5, -4
core   0: 3 0x8000293a (0x17f1) x15 0x8ffffffc
core   0: 0x8000293c (0x00006e85) c.lui   t4, 0x1
core   0: 3 0x8000293c (0x6e85) x29 0x00001000
core   0: 0x8000293e (0xb05e8e93) addi    t4, t4, -1275
core   0: 3 0x8000293e (0xb05e8e93) x29 0x00000b05
core   0: 0x80002942 (0x00000ea2) c.slli  t4, 8
core   0: 3 0x80002942 (0x0ea2) x29 0x000b0500
core   0: 0x80002944 (0x00000e8d) c.addi  t4, 3
core   0: 3 0x80002944 (0x0e8d) x29 0x000b0503
core   0: 0x80002946 (0x01d7a023) sw      t4, 0(a5)
core   0: 3 0x80002946 (0x01d7a023) mem 0x8ffffffc 0x000b0503
core   0: 0x8000294a (0xb0502ef3) csrr    t4, mhpmcounter5
core   0: 3 0x8000294a (0xb0502ef3) x29 0x00000005
core   0: 0x8000294e (0x01d7a023) sw      t4, 0(a5)
core   0: 3 0x8000294e (0x01d7a023) mem 0x8ffffffc 0x00000005
core   0: 0x80002952 (0x900007b7) lui     a5, 0x90000
core   0: 3 0x80002952 (0x900007b7) x15 0x90000000
core   0: 0x80002956 (0x000017f1) c.addi  a5, -4
core   0: 3 0x80002956 (0x17f1) x15 0x8ffffffc
core   0: 0x80002958 (0x00006e85) c.lui   t4, 0x1
core   0: 3 0x80002958 (0x6e85) x29 0x00001000
core   0: 0x8000295a (0xb85e8e93) addi    t4, t4, -1147
core   0: 3 0x8000295a (0xb85e8e93) x29 0x00000b85
core   0: 0x8000295e (0x00000ea2) c.slli  t4, 8
core   0: 3 0x8000295e (0x0ea2) x29 0x000b8500
core   0: 0x80002960 (0x00000e8d) c.addi  t4, 3
core   0: 3 0x80002960 (0x0e8d) x29 0x000b8503
core   0: 0x80002962 (0x01d7a023) sw      t4, 0(a5)
core   0: 3 0x80002962 (0x01d7a023) mem 0x8ffffffc 0x000b8503
core   0: 0x80002966 (0xb8502ef3) csrr    t4, mhpmcounter5h
core   0: 3 0x80002966 (0xb8502ef3) x29 0x00000000
core   0: 0x8000296a (0x01d7a023) sw      t4, 0(a5)
core   0: 3 0x8000296a (0x01d7a023) mem 0x8ffffffc 0x00000000
core   0: 0x8000296e (0x900007b7) lui     a5, 0x90000
core   0: 3 0x8000296e (0x900007b7) x15 0x90000000
core   0: 0x80002972 (0x000017f1) c.addi  a5, -4
core   0: 3 0x80002972 (0x17f1) x15 0x8ffffffc
core   0: 0x80002974 (0x00006e85) c.lui   t4, 0x1
core   0: 3 0x80002974 (0x6e85) x29 0x00001000
core   0: 0x80002976 (0xb06e8e93) addi    t4, t4, -1274
core   0: 3 0x80002976 (0xb06e8e93) x29 0x00000b06
core   0: 0x8000297a (0x00000ea2) c.slli  t4, 8
core   0: 3 0x8000297a (0x0ea2) x29 0x000b0600
core   0: 0x8000297c (0x00000e8d) c.addi  t4, 3
core   0: 3 0x8000297c (0x0e8d) x29 0x000b0603
core   0: 0x8000297e (0x01d7a023) sw      t4, 0(a5)
core   0: 3 0x8000297e (0x01d7a023) mem 0x8ffffffc 0x000b0603
core   0: 0x80002982 (0xb0602ef3) csrr    t4, mhpmcounter6
core   0: 3 0x80002982 (0xb0602ef3) x29 0x0000003d
core   0: 0x80002986 (0x01d7a023) sw      t4, 0(a5)
core   0: 3 0x80002986 (0x01d7a023) mem 0x8ffffffc 0x0000003d
core   0: 0x8000298a (0x900007b7) lui     a5, 0x90000
core   0: 3 0x8000298a (0x900007b7) x15 0x90000000
core   0: 0x8000298e (0x000017f1) c.addi  a5, -4
core   0: 3 0x8000298e (0x17f1) x15 0x8ffffffc
core   0: 0x80002990 (0x00006e85) c.lui   t4, 0x1
core   0: 3 0x80002990 (0x6e85) x29 0x00001000
core   0: 0x80002992 (0xb86e8e93) addi    t4, t4, -1146
core   0: 3 0x80002992 (0xb86e8e93) x29 0x00000b86
core   0: 0x80002996 (0x00000ea2) c.slli  t4, 8
core   0: 3 0x80002996 (0x0ea2) x29 0x000b8600
core   0: 0x80002998 (0x00000e8d) c.addi  t4, 3
core   0: 3 0x80002998 (0x0e8d) x29 0x000b8603
core   0: 0x8000299a (0x01d7a023) sw      t4, 0(a5)
core   0: 3 0x8000299a (0x01d7a023) mem 0x8ffffffc 0x000b8603
