Time	Cycle	PC	Insn	Decoded instruction	Register and memory contents
        1055000	         6	80000080	40001eb7	lui	x29,0x40001	 x29=0x40001000
        1065000	         7	80000084	106e8e93	addi	x29,x29,262	 x29:0x40001000 x29=0x40001106
        1075000	         8	80000088	301e9073	csrrw	x0,misa,x29	 x29:0x40001106  x0=0x00000000
        1105000	        11	8000008c	00026c97	auipc	x25,0x26	 x25=0x8002608c
        1115000	        12	80000090	c58c8c93	addi	x25,x25,-936	 x25:0x8002608c x25=0x80025ce4
        1125000	        13	80000094	00002e97	auipc	x29,0x2	 x29=0x80002094
        1135000	        14	80000098	66ce8e93	addi	x29,x29,1644	 x29:0x80002094 x29=0x80002700
        1145000	        15	8000009c	001eee93	ori	x29,x29,1	 x29:0x80002700 x29=0x80002701
        1155000	        16	800000a0	305e9073	csrrw	x0,mtvec,x29	 x29:0x80002701  x0=0x00000000
        1185000	        19	800000a4	74725073	csrrwi	x0,0x747,4	  x0=0x00000000
        1215000	        22	800000a8	00003f97	auipc	x31,0x3	 x31=0x800030a8
        1225000	        23	800000ac	444f8f93	addi	x31,x31,1092	 x31:0x800030a8 x31=0x800034ec
        1235000	        24	800000b0	4e81	c.li	x29,0	 x29=0x00000000
        1245000	        25	800000b2	9ff6	c.add	x31,x29	 x31:0x800034ec x29:0x00000000 x31=0x800034ec
        1255000	        26	800000b4	002fdf93	srli	x31,x31,0x2	 x31:0x800034ec x31=0x20000d3b
        1265000	        27	800000b8	3b0f9073	csrrw	x0,pmpaddr0,x31	 x31:0x20000d3b  x0=0x00000000
        1295000	        30	800000bc	00003f97	auipc	x31,0x3	 x31=0x800030bc
        1305000	        31	800000c0	430f8f93	addi	x31,x31,1072	 x31:0x800030bc x31=0x800034ec
        1315000	        32	800000c4	11111eb7	lui	x29,0x11111	 x29=0x11111000
        1325000	        33	800000c8	111e8e93	addi	x29,x29,273	 x29:0x11111000 x29=0x11111111
        1335000	        34	800000cc	9ff6	c.add	x31,x29	 x31:0x800034ec x29:0x11111111 x31=0x911145fd
        1345000	        35	800000ce	002fdf93	srli	x31,x31,0x2	 x31:0x911145fd x31=0x2444517f
        1355000	        36	800000d2	3b1f9073	csrrw	x0,pmpaddr1,x31	 x31:0x2444517f  x0=0x00000000
        1385000	        39	800000d6	00003f97	auipc	x31,0x3	 x31=0x800030d6
        1395000	        40	800000da	416f8f93	addi	x31,x31,1046	 x31:0x800030d6 x31=0x800034ec
        1405000	        41	800000de	22222eb7	lui	x29,0x22222	 x29=0x22222000
        1415000	        42	800000e2	222e8e93	addi	x29,x29,546	 x29:0x22222000 x29=0x22222222
        1425000	        43	800000e6	9ff6	c.add	x31,x29	 x31:0x800034ec x29:0x22222222 x31=0xa222570e
        1435000	        44	800000e8	002fdf93	srli	x31,x31,0x2	 x31:0xa222570e x31=0x288895c3
        1445000	        45	800000ec	3b2f9073	csrrw	x0,pmpaddr2,x31	 x31:0x288895c3  x0=0x00000000
        1475000	        48	800000f0	00003f97	auipc	x31,0x3	 x31=0x800030f0
        1485000	        49	800000f4	3fcf8f93	addi	x31,x31,1020	 x31:0x800030f0 x31=0x800034ec
        1495000	        50	800000f8	33333eb7	lui	x29,0x33333	 x29=0x33333000
        1505000	        51	800000fc	333e8e93	addi	x29,x29,819	 x29:0x33333000 x29=0x33333333
        1515000	        52	80000100	9ff6	c.add	x31,x29	 x31:0x800034ec x29:0x33333333 x31=0xb333681f
        1525000	        53	80000102	002fdf93	srli	x31,x31,0x2	 x31:0xb333681f x31=0x2cccda07
        1535000	        54	80000106	3b3f9073	csrrw	x0,pmpaddr3,x31	 x31:0x2cccda07  x0=0x00000000
        1565000	        57	8000010a	0f0f1fb7	lui	x31,0xf0f1	 x31=0x0f0f1000
        1575000	        58	8000010e	f0ff8f93	addi	x31,x31,-241	 x31:0x0f0f1000 x31=0x0f0f0f0f
        1585000	        59	80000112	3a0f9073	csrrw	x0,pmpcfg0,x31	 x31:0x0f0f0f0f  x0=0x00000000
        1615000	        62	80000116	00003f97	auipc	x31,0x3	 x31=0x80003116
        1625000	        63	8000011a	3d6f8f93	addi	x31,x31,982	 x31:0x80003116 x31=0x800034ec
        1635000	        64	8000011e	44444eb7	lui	x29,0x44444	 x29=0x44444000
        1645000	        65	80000122	444e8e93	addi	x29,x29,1092	 x29:0x44444000 x29=0x44444444
        1655000	        66	80000126	9ff6	c.add	x31,x29	 x31:0x800034ec x29:0x44444444 x31=0xc4447930
        1665000	        67	80000128	002fdf93	srli	x31,x31,0x2	 x31:0xc4447930 x31=0x31111e4c
        1675000	        68	8000012c	3b4f9073	csrrw	x0,pmpaddr4,x31	 x31:0x31111e4c  x0=0x00000000
        1705000	        71	80000130	00003f97	auipc	x31,0x3	 x31=0x80003130
        1715000	        72	80000134	3bcf8f93	addi	x31,x31,956	 x31:0x80003130 x31=0x800034ec
        1725000	        73	80000138	55555eb7	lui	x29,0x55555	 x29=0x55555000
        1735000	        74	8000013c	555e8e93	addi	x29,x29,1365	 x29:0x55555000 x29=0x55555555
        1745000	        75	80000140	9ff6	c.add	x31,x29	 x31:0x800034ec x29:0x55555555 x31=0xd5558a41
        1755000	        76	80000142	002fdf93	srli	x31,x31,0x2	 x31:0xd5558a41 x31=0x35556290
        1765000	        77	80000146	3b5f9073	csrrw	x0,pmpaddr5,x31	 x31:0x35556290  x0=0x00000000
        1795000	        80	8000014a	00003f97	auipc	x31,0x3	 x31=0x8000314a
        1805000	        81	8000014e	3a2f8f93	addi	x31,x31,930	 x31:0x8000314a x31=0x800034ec
        1815000	        82	80000152	66666eb7	lui	x29,0x66666	 x29=0x66666000
        1825000	        83	80000156	666e8e93	addi	x29,x29,1638	 x29:0x66666000 x29=0x66666666
        1835000	        84	8000015a	9ff6	c.add	x31,x29	 x31:0x800034ec x29:0x66666666 x31=0xe6669b52
        1845000	        85	8000015c	002fdf93	srli	x31,x31,0x2	 x31:0xe6669b52 x31=0x3999a6d4
        1855000	        86	80000160	3b6f9073	csrrw	x0,pmpaddr6,x31	 x31:0x3999a6d4  x0=0x00000000
        1885000	        89	80000164	00003f97	auipc	x31,0x3	 x31=0x80003164
        1895000	        90	80000168	388f8f93	addi	x31,x31,904	 x31:0x80003164 x31=0x800034ec
        1905000	        91	8000016c	77777eb7	lui	x29,0x77777	 x29=0x77777000
        1915000	        92	80000170	777e8e93	addi	x29,x29,1911	 x29:0x77777000 x29=0x77777777
        1925000	        93	80000174	9ff6	c.add	x31,x29	 x31:0x800034ec x29:0x77777777 x31=0xf777ac63
        1935000	        94	80000176	002fdf93	srli	x31,x31,0x2	 x31:0xf777ac63 x31=0x3dddeb18
        1945000	        95	8000017a	3b7f9073	csrrw	x0,pmpaddr7,x31	 x31:0x3dddeb18  x0=0x00000000
        1975000	        98	8000017e	0f0f1fb7	lui	x31,0xf0f1	 x31=0x0f0f1000
        1985000	        99	80000182	f0ff8f93	addi	x31,x31,-241	 x31:0x0f0f1000 x31=0x0f0f0f0f
        1995000	       100	80000186	3a1f9073	csrrw	x0,pmpcfg1,x31	 x31:0x0f0f0f0f  x0=0x00000000
        2025000	       103	8000018a	00003f97	auipc	x31,0x3	 x31=0x8000318a
        2035000	       104	8000018e	362f8f93	addi	x31,x31,866	 x31:0x8000318a x31=0x800034ec
        2045000	       105	80000192	88889eb7	lui	x29,0x88889	 x29=0x88889000
        2055000	       106	80000196	888e8e93	addi	x29,x29,-1912	 x29:0x88889000 x29=0x88888888
        2065000	       107	8000019a	9ff6	c.add	x31,x29	 x31:0x800034ec x29:0x88888888 x31=0x0888bd74
        2075000	       108	8000019c	002fdf93	srli	x31,x31,0x2	 x31:0x0888bd74 x31=0x02222f5d
        2085000	       109	800001a0	3b8f9073	csrrw	x0,pmpaddr8,x31	 x31:0x02222f5d  x0=0x00000000
        2115000	       112	800001a4	00003f97	auipc	x31,0x3	 x31=0x800031a4
        2125000	       113	800001a8	348f8f93	addi	x31,x31,840	 x31:0x800031a4 x31=0x800034ec
        2135000	       114	800001ac	9999aeb7	lui	x29,0x9999a	 x29=0x9999a000
        2145000	       115	800001b0	999e8e93	addi	x29,x29,-1639	 x29:0x9999a000 x29=0x99999999
        2155000	       116	800001b4	9ff6	c.add	x31,x29	 x31:0x800034ec x29:0x99999999 x31=0x1999ce85
        2165000	       117	800001b6	002fdf93	srli	x31,x31,0x2	 x31:0x1999ce85 x31=0x066673a1
        2175000	       118	800001ba	3b9f9073	csrrw	x0,pmpaddr9,x31	 x31:0x066673a1  x0=0x00000000
        2205000	       121	800001be	00003f97	auipc	x31,0x3	 x31=0x800031be
        2215000	       122	800001c2	32ef8f93	addi	x31,x31,814	 x31:0x800031be x31=0x800034ec
        2225000	       123	800001c6	aaaabeb7	lui	x29,0xaaaab	 x29=0xaaaab000
        2235000	       124	800001ca	aaae8e93	addi	x29,x29,-1366	 x29:0xaaaab000 x29=0xaaaaaaaa
        2245000	       125	800001ce	9ff6	c.add	x31,x29	 x31:0x800034ec x29:0xaaaaaaaa x31=0x2aaadf96
        2255000	       126	800001d0	002fdf93	srli	x31,x31,0x2	 x31:0x2aaadf96 x31=0x0aaab7e5
        2265000	       127	800001d4	3baf9073	csrrw	x0,pmpaddr10,x31	 x31:0x0aaab7e5  x0=0x00000000
        2295000	       130	800001d8	00003f97	auipc	x31,0x3	 x31=0x800031d8
        2305000	       131	800001dc	314f8f93	addi	x31,x31,788	 x31:0x800031d8 x31=0x800034ec
        2315000	       132	800001e0	bbbbceb7	lui	x29,0xbbbbc	 x29=0xbbbbc000
        2325000	       133	800001e4	bbbe8e93	addi	x29,x29,-1093	 x29:0xbbbbc000 x29=0xbbbbbbbb
        2335000	       134	800001e8	9ff6	c.add	x31,x29	 x31:0x800034ec x29:0xbbbbbbbb x31=0x3bbbf0a7
        2345000	       135	800001ea	002fdf93	srli	x31,x31,0x2	 x31:0x3bbbf0a7 x31=0x0eeefc29
        2355000	       136	800001ee	3bbf9073	csrrw	x0,pmpaddr11,x31	 x31:0x0eeefc29  x0=0x00000000
        2385000	       139	800001f2	0f0f1fb7	lui	x31,0xf0f1	 x31=0x0f0f1000
        2395000	       140	800001f6	f0ff8f93	addi	x31,x31,-241	 x31:0x0f0f1000 x31=0x0f0f0f0f
        2405000	       141	800001fa	3a2f9073	csrrw	x0,pmpcfg2,x31	 x31:0x0f0f0f0f  x0=0x00000000
        2435000	       144	800001fe	00003f97	auipc	x31,0x3	 x31=0x800031fe
        2445000	       145	80000202	2eef8f93	addi	x31,x31,750	 x31:0x800031fe x31=0x800034ec
        2455000	       146	80000206	ccccdeb7	lui	x29,0xccccd	 x29=0xccccd000
        2465000	       147	8000020a	ccce8e93	addi	x29,x29,-820	 x29:0xccccd000 x29=0xcccccccc
        2475000	       148	8000020e	9ff6	c.add	x31,x29	 x31:0x800034ec x29:0xcccccccc x31=0x4ccd01b8
        2485000	       149	80000210	002fdf93	srli	x31,x31,0x2	 x31:0x4ccd01b8 x31=0x1333406e
        2495000	       150	80000214	3bcf9073	csrrw	x0,pmpaddr12,x31	 x31:0x1333406e  x0=0x00000000
        2525000	       153	80000218	00003f97	auipc	x31,0x3	 x31=0x80003218
        2535000	       154	8000021c	2d4f8f93	addi	x31,x31,724	 x31:0x80003218 x31=0x800034ec
        2545000	       155	80000220	ddddeeb7	lui	x29,0xdddde	 x29=0xdddde000
        2555000	       156	80000224	ddde8e93	addi	x29,x29,-547	 x29:0xdddde000 x29=0xdddddddd
        2565000	       157	80000228	9ff6	c.add	x31,x29	 x31:0x800034ec x29:0xdddddddd x31=0x5dde12c9
        2575000	       158	8000022a	002fdf93	srli	x31,x31,0x2	 x31:0x5dde12c9 x31=0x177784b2
        2585000	       159	8000022e	3bdf9073	csrrw	x0,pmpaddr13,x31	 x31:0x177784b2  x0=0x00000000
        2615000	       162	80000232	00003f97	auipc	x31,0x3	 x31=0x80003232
        2625000	       163	80000236	2baf8f93	addi	x31,x31,698	 x31:0x80003232 x31=0x800034ec
        2635000	       164	8000023a	eeeefeb7	lui	x29,0xeeeef	 x29=0xeeeef000
        2645000	       165	8000023e	eeee8e93	addi	x29,x29,-274	 x29:0xeeeef000 x29=0xeeeeeeee
        2655000	       166	80000242	9ff6	c.add	x31,x29	 x31:0x800034ec x29:0xeeeeeeee x31=0x6eef23da
        2665000	       167	80000244	002fdf93	srli	x31,x31,0x2	 x31:0x6eef23da x31=0x1bbbc8f6
        2675000	       168	80000248	3bef9073	csrrw	x0,pmpaddr14,x31	 x31:0x1bbbc8f6  x0=0x00000000
        2705000	       171	8000024c	00003f97	auipc	x31,0x3	 x31=0x8000324c
        2715000	       172	80000250	2a0f8f93	addi	x31,x31,672	 x31:0x8000324c x31=0x800034ec
        2725000	       173	80000254	fff00e93	addi	x29,x0,-1	  x0:0x00000000 x29=0xffffffff
        2735000	       174	80000258	9ff6	c.add	x31,x29	 x31:0x800034ec x29:0xffffffff x31=0x800034eb
        2745000	       175	8000025a	002fdf93	srli	x31,x31,0x2	 x31:0x800034eb x31=0x20000d3a
        2755000	       176	8000025e	3bff9073	csrrw	x0,pmpaddr15,x31	 x31:0x20000d3a  x0=0x00000000
        2785000	       179	80000262	0f0f1fb7	lui	x31,0xf0f1	 x31=0x0f0f1000
        2795000	       180	80000266	f0ff8f93	addi	x31,x31,-241	 x31:0x0f0f1000 x31=0x0f0f0f0f
        2805000	       181	8000026a	3a3f9073	csrrw	x0,pmpcfg3,x31	 x31:0x0f0f0f0f  x0=0x00000000
        2835000	       184	8000026e	00000e97	auipc	x29,0x0	 x29=0x8000026e
        2845000	       185	80000272	058e8e93	addi	x29,x29,88	 x29:0x8000026e x29=0x800002c6
        2855000	       186	80000276	341e9073	csrrw	x0,mepc,x29	 x29:0x800002c6  x0=0x00000000
        2865000	       187	8000027a	7c00d073	csrrwi	x0,0x7c0,1	  x0=0x00000000
        2895000	       190	8000027e	6e89	c.lui	x29,0x2	 x29=0x00002000
        2905000	       191	80000280	800e8e93	addi	x29,x29,-2048	 x29:0x00002000 x29=0x00001800
        2915000	       192	80000284	300e9073	csrrw	x0,mstatus,x29	 x29:0x00001800  x0=0x00000000
        2945000	       195	80000288	4e81	c.li	x29,0	 x29=0x00000000
        2955000	       196	8000028a	304e9073	csrrw	x0,mie,x29	 x29:0x00000000  x0=0x00000000
        2985000	       199	8000028e	900007b7	lui	x15,0x90000	 x15=0x90000000
        2995000	       200	80000292	17f1	c.addi	x15,-4	 x15:0x90000000 x15=0x8ffffffc
        3005000	       201	80000294	30000e93	addi	x29,x0,768	  x0:0x00000000 x29=0x00000300
        3015000	       202	80000298	0ea2	c.slli	x29,0x8	 x29:0x00000300 x29=0x00030000
        3025000	       203	8000029a	0e8d	c.addi	x29,3	 x29:0x00030000 x29=0x00030003
        3035000	       204	8000029c	01d7a023	sw	x29,0(x15)	 x15:0x8ffffffc x29:0x00030003 PA:0x8ffffffc store:0x00030003 load:0x00000000
        3045000	       205	800002a0	30002ef3	csrrs	x29,mstatus,x0	  x0:0x00000000 x29=0x00001800
        3055000	       206	800002a4	01d7a023	sw	x29,0(x15)	 x15:0x8ffffffc x29:0x00001800 PA:0x8ffffffc store:0x00001800 load:0x00000000
        3065000	       207	800002a8	900007b7	lui	x15,0x90000	 x15=0x90000000
        3075000	       208	800002ac	17f1	c.addi	x15,-4	 x15:0x90000000 x15=0x8ffffffc
        3085000	       209	800002ae	30400e93	addi	x29,x0,772	  x0:0x00000000 x29=0x00000304
        3095000	       210	800002b2	0ea2	c.slli	x29,0x8	 x29:0x00000304 x29=0x00030400
        3105000	       211	800002b4	0e8d	c.addi	x29,3	 x29:0x00030400 x29=0x00030403
        3115000	       212	800002b6	01d7a023	sw	x29,0(x15)	 x15:0x8ffffffc x29:0x00030403 PA:0x8ffffffc store:0x00030403 load:0x00000000
        3125000	       213	800002ba	30402ef3	csrrs	x29,mie,x0	  x0:0x00000000 x29=0x00000000
        3135000	       214	800002be	01d7a023	sw	x29,0(x15)	 x15:0x8ffffffc x29:0x00000000 PA:0x8ffffffc store:0x00000000 load:0x00000000
        3145000	       215	800002c2	30200073	mret	
        3185000	       219	800002c6	00200013	addi	x0,x0,2	  x0:0x00000000  x0=0x00000000
        3195000	       220	800002ca	800000b7	lui	x1,0x80000	  x1=0x80000000
        3205000	       221	800002ce	4121	c.li	x2,8	  x2=0x00000008
        3215000	       222	800002d0	fb2c31b7	lui	x3,0xfb2c3	  x3=0xfb2c3000
        3225000	       223	800002d4	ec418193	addi	x3,x3,-316	  x3:0xfb2c3000  x3=0xfb2c2ec4
        3235000	       224	800002d8	fadcf237	lui	x4,0xfadcf	  x4=0xfadcf000
        3245000	       225	800002dc	87920213	addi	x4,x4,-1927	  x4:0xfadcf000  x4=0xfadce879
        3255000	       226	800002e0	800002b7	lui	x5,0x80000	  x5=0x80000000
        3265000	       227	800002e4	433d	c.li	x6,15	  x6=0x0000000f
        3275000	       228	800002e6	834b03b7	lui	x7,0x834b0	  x7=0x834b0000
        3285000	       229	800002ea	f3d38393	addi	x7,x7,-195	  x7:0x834b0000  x7=0x834aff3d
        3295000	       230	800002ee	4401	c.li	x8,0	  x8=0x00000000
        3305000	       231	800002f0	800004b7	lui	x9,0x80000	  x9=0x80000000
        3315000	       232	800002f4	fc76e537	lui	x10,0xfc76e	 x10=0xfc76e000
        3325000	       233	800002f8	4c950513	addi	x10,x10,1225	 x10:0xfc76e000 x10=0xfc76e4c9
        3335000	       234	800002fc	800005b7	lui	x11,0x80000	 x11=0x80000000
        3345000	       235	80000300	4601	c.li	x12,0	 x12=0x00000000
        3355000	       236	80000302	b76a46b7	lui	x13,0xb76a4	 x13=0xb76a4000
        3365000	       237	80000306	cb868693	addi	x13,x13,-840	 x13:0xb76a4000 x13=0xb76a3cb8
        3375000	       238	8000030a	4701	c.li	x14,0	 x14=0x00000000
        3385000	       239	8000030c	f5e2d7b7	lui	x15,0xf5e2d	 x15=0xf5e2d000
        3395000	       240	80000310	1bd78793	addi	x15,x15,445	 x15:0xf5e2d000 x15=0xf5e2d1bd
        3405000	       241	80000314	4801	c.li	x16,0	 x16=0x00000000
        3415000	       242	80000316	f84398b7	lui	x17,0xf8439	 x17=0xf8439000
        3425000	       243	8000031a	4fe88893	addi	x17,x17,1278	 x17:0xf8439000 x17=0xf84394fe
        3435000	       244	8000031e	80000937	lui	x18,0x80000	 x18=0x80000000
        3445000	       245	80000322	4a01	c.li	x20,0	 x20=0x00000000
        3455000	       246	80000324	fbac3ab7	lui	x21,0xfbac3	 x21=0xfbac3000
        3465000	       247	80000328	d00a8a93	addi	x21,x21,-768	 x21:0xfbac3000 x21=0xfbac2d00
        3475000	       248	8000032c	4b01	c.li	x22,0	 x22=0x00000000
        3485000	       249	8000032e	46a94bb7	lui	x23,0x46a94	 x23=0x46a94000
        3495000	       250	80000332	8a7b8b93	addi	x23,x23,-1881	 x23:0x46a94000 x23=0x46a938a7
        3505000	       251	80000336	80000c37	lui	x24,0x80000	 x24=0x80000000
        3515000	       252	8000033a	f9271d37	lui	x26,0xf9271	 x26=0xf9271000
        3525000	       253	8000033e	2f8d0d13	addi	x26,x26,760	 x26:0xf9271000 x26=0xf92712f8
        3535000	       254	80000342	a4a80db7	lui	x27,0xa4a80	 x27=0xa4a80000
        3545000	       255	80000346	b50d8d93	addi	x27,x27,-1200	 x27:0xa4a80000 x27=0xa4a7fb50
        3555000	       256	8000034a	80000e37	lui	x28,0x80000	 x28=0x80000000
        3565000	       257	8000034e	80000eb7	lui	x29,0x80000	 x29=0x80000000
        3575000	       258	80000352	4f35	c.li	x30,13	 x30=0x0000000d
        3585000	       259	80000354	4fad	c.li	x31,11	 x31=0x0000000b
        3595000	       260	80000356	00022997	auipc	x19,0x22	 x19=0x80022356
        3605000	       261	8000035a	b0e98993	addi	x19,x19,-1266	 x19:0x80022356 x19=0x80021e64
        3615000	       262	8000035e	900007b7	lui	x15,0x90000	 x15=0x90000000
        3625000	       263	80000362	17f1	c.addi	x15,-4	 x15:0x90000000 x15=0x8ffffffc
        3635000	       264	80000364	4e81	c.li	x29,0	 x29=0x00000000
        3645000	       265	80000366	0ea2	c.slli	x29,0x8	 x29:0x00000000 x29=0x00000000
        3655000	       266	80000368	000e8e93	addi	x29,x29,0	 x29:0x00000000 x29=0x00000000
        3665000	       267	8000036c	01d7a023	sw	x29,0(x15)	 x15:0x8ffffffc x29:0x00000000 PA:0x8ffffffc store:0x00000000 load:0x00000000
        3675000	       268	80000370	17c0306f	jal	x0,800034ec	  x0=0x00000000
        3695000	       270	800034ec	778ae013	ori	x0,x21,1912	 x21:0xfbac2d00  x0=0x00000000
        4065000	       307	800034f0	0393d5b3	divu	x11,x7,x25	  x7:0x834aff3d x25:0x80025ce4 x11=0x00000001
        4075000	       308	800034f4	577d	c.li	x14,-1	 x14=0xffffffff
        4085000	       309	800034f6	9e6e	c.add	x28,x27	 x28:0x80000000 x27:0xa4a7fb50 x28=0x24a7fb50
        4095000	       310	800034f8	8691f713	andi	x14,x3,-1943	  x3:0xfb2c2ec4 x14=0xfb2c2840
        4105000	       311	800034fc	1201f293	andi	x5,x3,288	  x3:0xfb2c2ec4  x5=0x00000000
        4115000	       312	80003500	3400db73	csrrwi	x22,mscratch,1	 x22=0x00000000
        4125000	       313	80003504	340017f3	csrrw	x15,mscratch,x0	  x0:0x00000000 x15=0x00000001
        4135000	       314	80003508	34006473	csrrsi	x8,mscratch,0	  x8=0x00000000
        4145000	       315	8000350c	4b4d	c.li	x22,19	 x22=0x00000013
        4155000	       316	8000350e	0130bb33	sltu	x22,x1,x19	  x1:0x80000000 x19:0x80021e64 x22=0x00000001
        4165000	       317	80003512	8dfd	c.and	x11,x15	 x11:0x00000001 x15:0x00000001 x11=0x00000001
        4535000	       354	80003514	03eb5b33	divu	x22,x22,x30	 x22:0x00000001 x30:0x0000000d x22=0x00000000
        4545000	       355	80003518	688efd13	andi	x26,x29,1672	 x29:0x00000000 x26=0x00000000
        4555000	       356	8000351c	0001	c.addi	x0,0	  x0:0x00000000  x0=0x00000000
        4565000	       357	8000351e	0001	c.addi	x0,0	  x0:0x00000000  x0=0x00000000
        4935000	       394	80003520	0387e4b3	rem	x9,x15,x24	 x15:0x00000001 x24:0x80000000  x9=0x00000001
        4945000	       395	80003524	01f6e033	or	x0,x13,x31	 x13:0xb76a3cb8 x31:0x0000000b  x0=0x00000000
        4955000	       396	80003528	0001	c.addi	x0,0	  x0:0x00000000  x0=0x00000000
        4965000	       397	8000352a	06416463	bltu	x2,x4,80003592	  x2:0x00000008  x4:0xfadce879
        4995000	       400	80003592	243ebd93	sltiu	x27,x29,579	 x29:0x00000000 x27=0x00000001
        5005000	       401	80003596	00dd9093	slli	x1,x27,0xd	 x27:0x00000001  x1=0x00002000
        5015000	       402	8000359a	00d41793	slli	x15,x8,0xd	  x8:0x00000000 x15=0x00000000
        5025000	       403	8000359e	8f79	c.and	x14,x14	 x14:0xfb2c2840 x14:0xfb2c2840 x14=0xfb2c2840
        5035000	       404	800035a0	6d11	c.lui	x26,0x4	 x26=0x00004000
        5405000	       441	800035a2	027cc0b3	div	x1,x25,x7	 x25:0x80025ce4  x7:0x834aff3d  x1=0x00000001
        5415000	       442	800035a6	8fb9	c.xor	x15,x14	 x15:0x00000000 x14:0xfb2c2840 x15=0xfb2c2840
        5425000	       443	800035a8	417cde93	srai	x29,x25,0x17	 x25:0x80025ce4 x29=0xffffff00
        5435000	       444	800035ac	0584	c.addi4spn	x9,x2,704	  x9=0x000002c8
        5445000	       445	800035ae	9f89f117	auipc	x2,0x9f89f	  x2=0x1f8a25ae
        5455000	       446	800035b2	23aa4513	xori	x10,x20,570	 x20:0x00000000 x10=0x0000023a
        5465000	       447	800035b6	7417bc13	sltiu	x24,x15,1857	 x15:0xfb2c2840 x24=0x00000000
        5475000	       448	800035ba	0001	c.addi	x0,0	  x0:0x00000000  x0=0x00000000
        5485000	       449	800035bc	02574763	blt	x14,x5,800035ea	 x14:0xfb2c2840  x5:0x00000000
        5545000	       455	800035ea	03863db3	mulhu	x27,x12,x24	 x12:0x00000000 x24:0x00000000 x27=0x00000000
        5555000	       456	800035ee	3402fa73	csrrci	x20,mscratch,5	 x20=0x00000000
        5565000	       457	800035f2	015e55b3	srl	x11,x28,x21	 x28:0x24a7fb50 x21:0xfbac2d00 x11=0x24a7fb50
        5935000	       494	800035f6	0327e2b3	rem	x5,x15,x18	 x15:0xfb2c2840 x18:0x80000000  x5=0xfb2c2840
        5945000	       495	800035fa	014a	c.slli	x2,0x12	  x2:0x1f8a25ae  x2=0x96b80000
        5955000	       496	800035fc	8d6d	c.and	x10,x11	 x10:0x0000023a x11:0x24a7fb50 x10=0x00000210
        5965000	       497	800035fe	0001	c.addi	x0,0	  x0:0x00000000  x0=0x00000000
        5975000	       498	80003600	01c9ac33	slt	x24,x19,x28	 x19:0x80021e64 x28:0x24a7fb50 x24=0x00000001
        5985000	       499	80003604	8585	c.srai	x11,0x1	 x11:0x24a7fb50 x11=0x1253fda8
        5995000	       500	80003606	8df1	c.and	x11,x12	 x11:0x1253fda8 x12:0x00000000 x11=0x00000000
        6005000	       501	80003608	015810b3	sll	x1,x16,x21	 x16:0x00000000 x21:0xfbac2d00  x1=0x00000000
        6015000	       502	8000360c	9b7d	c.andi	x14,-1	 x14:0xfb2c2840 x14=0xfb2c2840
        6025000	       503	8000360e	00fb4c63	blt	x22,x15,80003626	 x22:0x00000000 x15:0xfb2c2840
        6035000	       504	80003612	417a52b3	sra	x5,x20,x23	 x20:0x00000000 x23:0x46a938a7  x5=0x00000000
        6045000	       505	80003616	017dcd33	xor	x26,x27,x23	 x27:0x00000000 x23:0x46a938a7 x26=0x46a938a7
        6055000	       506	8000361a	04264f63	blt	x12,x2,80003678	 x12:0x00000000  x2:0x96b80000
        6065000	       507	8000361e	0057deb3	srl	x29,x15,x5	 x15:0xfb2c2840  x5:0x00000000 x29=0xfb2c2840
        6075000	       508	80003622	02940763	beq	x8,x9,80003650	  x8:0x00000000  x9:0x000002c8
        6085000	       509	80003626	3401a473	csrrs	x8,mscratch,x3	  x3:0xfb2c2ec4  x8=0x00000000
        6095000	       510	8000362a	40ff8833	sub	x16,x31,x15	 x31:0x0000000b x15:0xfb2c2840 x16=0x04d3d7cb
        6105000	       511	8000362e	8da5	c.xor	x11,x9	 x11:0x00000000  x9:0x000002c8 x11=0x000002c8
        6115000	       512	80003630	871a	c.mv	x14,x6	  x0:0x00000000  x6:0x0000000f x14=0x0000000f
        6125000	       513	80003632	87f6	c.mv	x15,x29	  x0:0x00000000 x29:0xfb2c2840 x15=0xfb2c2840
        6135000	       514	80003634	00000d97	auipc	x27,0x0	 x27=0x80003634
        6145000	       515	80003638	1c8d8d93	addi	x27,x27,456	 x27:0x80003634 x27=0x800037fc
        6155000	       516	8000363c	0ded	c.addi	x27,27	 x27:0x800037fc x27=0x80003817
        6175000	       518	8000363e	03407c33	remu	x24,x0,x20	  x0:0x00000000 x20:0x00000000 x24=0x00000000
        6185000	       519	80003642	1f14	c.addi4spn	x13,x2,944	 x13=0x96b803b0
        6195000	       520	80003644	1c9c	c.addi4spn	x15,x2,624	 x15=0x96b80270
        6205000	       521	80003646	fe5d8667	jalr	x12,-27(x27)	 x27:0x80003817 x12=0x8000364a
        6225000	       523	800037fc	26190193	addi	x3,x18,609	 x18:0x80000000  x3=0x80000261
        6235000	       524	80003800	00b6d563	bge	x13,x11,8000380a	 x13:0x96b803b0 x11:0x000002c8
        6245000	       525	80003804	34007a73	csrrci	x20,mscratch,0	 x20=0xfb2c2ec4
        6255000	       526	80003808	8d15	c.sub	x10,x13	 x10:0x00000210 x13:0x96b803b0 x10=0x6947fe60
        6265000	       527	8000380a	fd498993	addi	x19,x19,-44	 x19:0x80021e64 x19=0x80021e38
        6275000	       528	8000380e	56fd	c.li	x13,-1	 x13=0xffffffff
        6285000	       529	80003810	00c9a223	sw	x12,4(x19)	 x19:0x80021e38 x12:0x8000364a PA:0x80021e3c store:0x8000364a load:0x00000000
        6295000	       530	80003814	e3146013	ori	x0,x8,-463	  x8:0x00000000  x0=0x00000000
        6305000	       531	80003818	0102f433	and	x8,x5,x16	  x5:0x00000000 x16:0x04d3d7cb  x8=0x00000000
        6315000	       532	8000381c	3409df73	csrrwi	x30,mscratch,19	 x30=0xfb2c2ec4
        6345000	       535	80003820	02af0f33	mul	x30,x30,x10	 x30:0xfb2c2ec4 x10:0x6947fe60 x30=0x63540180
        6355000	       536	80003824	01db9d63	bne	x23,x29,8000383e	 x23:0x46a938a7 x29:0xfb2c2840
        6385000	       539	8000383e	0b20066f	jal	x12,800038f0	 x12=0x80003842
        6405000	       541	800038f0	0083e463	bltu	x7,x8,800038f8	  x7:0x834aff3d  x8:0x00000000
        6415000	       542	800038f4	72b46213	ori	x4,x8,1835	  x8:0x00000000  x4=0x0000072b
        6425000	       543	800038f8	fdc98993	addi	x19,x19,-36	 x19:0x80021e38 x19=0x80021e14
        6435000	       544	800038fc	00c9a223	sw	x12,4(x19)	 x19:0x80021e14 x12:0x80003842 PA:0x80021e18 store:0x80003842 load:0x00000000
        6445000	       545	80003900	0222	c.slli	x4,0x8	  x4:0x0000072b  x4=0x00072b00
        6815000	       582	80003902	03f8fab3	remu	x21,x17,x31	 x17:0xf84394fe x31:0x0000000b x21=0x00000000
        6825000	       583	80003906	fe554c13	xori	x24,x10,-27	 x10:0x6947fe60 x24=0x96b80185
        6835000	       584	8000390a	01815863	bge	x2,x24,8000391a	  x2:0x96b80000 x24:0x96b80185
        6845000	       585	8000390e	8739	c.srai	x14,0xe	 x14:0x0000000f x14=0x00000000
        6855000	       586	80003910	0416	c.slli	x8,0x5	  x8:0x00000000  x8=0x00000000
        6865000	       587	80003912	3402d3f3	csrrwi	x7,mscratch,5	  x7=0x00000013
        6875000	       588	80003916	00369793	slli	x15,x13,0x3	 x13:0xffffffff x15=0xfffffff8
        6885000	       589	8000391a	1de0666f	jal	x12,80009af8	 x12=0x8000391e
        6905000	       591	80009af8	340072f3	csrrci	x5,mscratch,0	  x5=0x00000005
        6915000	       592	80009afc	9644ae37	lui	x28,0x9644a	 x28=0x9644a000
        6925000	       593	80009b00	14282193	slti	x3,x16,322	 x16:0x04d3d7cb  x3=0x00000000
        6935000	       594	80009b04	1991	c.addi	x19,-28	 x19:0x80021e14 x19=0x80021df8
        6975000	       598	80009b06	038b3f33	mulhu	x30,x22,x24	 x22:0x00000000 x24:0x96b80185 x30=0x00000000
        6985000	       599	80009b0a	6829	c.lui	x16,0xa	 x16=0x0000a000
        6995000	       600	80009b0c	00c9a223	sw	x12,4(x19)	 x19:0x80021df8 x12:0x8000391e PA:0x80021dfc store:0x8000391e load:0x00000000
        7005000	       601	80009b10	0001	c.addi	x0,0	  x0:0x00000000  x0=0x00000000
        7015000	       602	80009b12	0166d493	srli	x9,x13,0x16	 x13:0xffffffff  x9=0x000003ff
        7025000	       603	80009b16	0001	c.addi	x0,0	  x0:0x00000000  x0=0x00000000
        7055000	       606	80009b18	02a48733	mul	x14,x9,x10	  x9:0x000003ff x10:0x6947fe60 x14=0xb6b181a0
        7065000	       607	80009b1c	e799	c.bnez	x15,80009b2a	 x15:0xfffffff8
        7085000	       609	80009b2a	0001	c.addi	x0,0	  x0:0x00000000  x0=0x00000000
        7095000	       610	80009b2c	0596d263	bge	x13,x25,80009b70	 x13:0xffffffff x25:0x80025ce4
        7115000	       612	80009b70	b6d33813	sltiu	x16,x6,-1171	  x6:0x0000000f x16=0x00000001
        7125000	       613	80009b74	413a5eb3	sra	x29,x20,x19	 x20:0xfb2c2ec4 x19:0x80021df8 x29=0xfffffffb
        7155000	       616	80009b78	03fd01b3	mul	x3,x26,x31	 x26:0x46a938a7 x31:0x0000000b  x3=0x09456f2d
        7165000	       617	80009b7c	01751093	slli	x1,x10,0x17	 x10:0x6947fe60  x1=0x30000000
        7175000	       618	80009b80	069c	c.addi4spn	x15,x2,832	 x15=0x96b80340
        7185000	       619	80009b82	8ad80013	addi	x0,x16,-1875	 x16:0x00000001  x0=0x00000000
        7195000	       620	80009b86	34001f73	csrrw	x30,mscratch,x0	  x0:0x00000000 x30=0x00000005
        7205000	       621	80009b8a	409d03b3	sub	x7,x26,x9	 x26:0x46a938a7  x9:0x000003ff  x7=0x46a934a8
        7575000	       658	80009b8e	02a578b3	remu	x17,x10,x10	 x10:0x6947fe60 x10:0x6947fe60 x17=0x00000000
        7585000	       659	80009b92	987d	c.andi	x8,-1	  x8:0x00000000  x8=0x00000000
        7595000	       660	80009b94	038a8c63	beq	x21,x24,80009bcc	 x21:0x00000000 x24:0x96b80185
        7605000	       661	80009b98	01c0b4b3	sltu	x9,x1,x28	  x1:0x30000000 x28:0x9644a000  x9=0x00000001
        7615000	       662	80009b9c	0169d113	srli	x2,x19,0x16	 x19:0x80021df8  x2=0x00000200
        7625000	       663	80009ba0	618d	c.lui	x3,0x3	  x3=0x00003000
        7995000	       700	80009ba2	02a4d2b3	divu	x5,x9,x10	  x9:0x00000001 x10:0x6947fe60  x5=0x00000000
        8005000	       701	80009ba6	01bffb33	and	x22,x31,x27	 x31:0x0000000b x27:0x80003817 x22=0x00000003
        8015000	       702	80009baa	8d0d	c.sub	x10,x11	 x10:0x6947fe60 x11:0x000002c8 x10=0x6947fb98
        8025000	       703	80009bac	01dc91b3	sll	x3,x25,x29	 x25:0x80025ce4 x29:0xfffffffb  x3=0x20000000
        8035000	       704	80009bb0	8e3e	c.mv	x28,x15	  x0:0x00000000 x15:0x96b80340 x28=0x96b80340
        8045000	       705	80009bb2	9db6	c.add	x27,x13	 x27:0x80003817 x13:0xffffffff x27=0x80003816
        8055000	       706	80009bb4	8039	c.srli	x8,0xe	  x8:0x00000000  x8=0x00000000
        8065000	       707	80009bb6	34006173	csrrsi	x2,mscratch,0	  x2=0x00000000
        8075000	       708	80009bba	68695637	lui	x12,0x68695	 x12=0x68695000
        8085000	       709	80009bbe	c611	c.beqz	x12,80009bca	 x12:0x68695000
        8095000	       710	80009bc0	036a4c63	blt	x20,x22,80009bf8	 x20:0xfb2c2ec4 x22:0x00000003
        8115000	       712	80009bf8	01fc6133	or	x2,x24,x31	 x24:0x96b80185 x31:0x0000000b  x2=0x96b8018f
        8125000	       713	80009bfc	9b1e	c.add	x22,x7	 x22:0x00000003  x7:0x46a934a8 x22=0x46a934ab
        8135000	       714	80009bfe	621dc393	xori	x7,x27,1569	 x27:0x80003816  x7=0x80003e37
        8145000	       715	80009c02	019ea8b3	slt	x17,x29,x25	 x29:0xfffffffb x25:0x80025ce4 x17=0x00000000
        8155000	       716	80009c06	34021473	csrrw	x8,mscratch,x4	  x4:0x00072b00  x8=0x00000000
        8165000	       717	80009c0a	151b7713	andi	x14,x22,337	 x22:0x46a934ab x14=0x00000001
        8175000	       718	80009c0e	0b0d	c.addi	x22,3	 x22:0x46a934ab x22=0x46a934ae
        8185000	       719	80009c10	003b6033	or	x0,x22,x3	 x22:0x46a934ae  x3:0x20000000  x0=0x00000000
        8195000	       720	80009c14	4791	c.li	x15,4	 x15=0x00000004
        8235000	       724	80009c16	02852233	mulhsu	x4,x10,x8	 x10:0x6947fb98  x8:0x00000000  x4=0x00000000
        8605000	       761	80009c1a	0390cf33	div	x30,x1,x25	  x1:0x30000000 x25:0x80025ce4 x30=0x00000000
        8615000	       762	80009c1e	85bebe17	auipc	x28,0x85beb	 x28=0x05bf4c1e
        8625000	       763	80009c22	9beeab93	slti	x23,x29,-1602	 x29:0xfffffffb x23=0x00000000
        8635000	       764	80009c26	40a95913	srai	x18,x18,0xa	 x18:0x80000000 x18=0xffe00000
        8645000	       765	80009c2a	d8acc613	xori	x12,x25,-630	 x25:0x80025ce4 x12=0x7ffda16e
        8655000	       766	80009c2e	017feb33	or	x22,x31,x23	 x31:0x0000000b x23:0x00000000 x22=0x0000000b
        8665000	       767	80009c32	0001	c.addi	x0,0	  x0:0x00000000  x0=0x00000000
        8675000	       768	80009c34	016a25b3	slt	x11,x20,x22	 x20:0xfb2c2ec4 x22:0x0000000b x11=0x00000001
        8685000	       769	80009c38	41ce5633	sra	x12,x28,x28	 x28:0x05bf4c1e x28:0x05bf4c1e x12=0x00000000
        8695000	       770	80009c3c	c09d	c.beqz	x9,80009c62	  x9:0x00000001
        8705000	       771	80009c3e	01e18333	add	x6,x3,x30	  x3:0x20000000 x30:0x00000000  x6=0x20000000
        8715000	       772	80009c42	b7317193	andi	x3,x2,-1165	  x2:0x96b8018f  x3=0x96b80103
        8725000	       773	80009c46	412158b3	sra	x17,x2,x18	  x2:0x96b8018f x18:0xffe00000 x17=0x96b8018f
        8735000	       774	80009c4a	2405b193	sltiu	x3,x11,576	 x11:0x00000001  x3=0x00000001
        8745000	       775	80009c4e	340bfc73	csrrci	x24,mscratch,23	 x24=0x00072b00
        8755000	       776	80009c52	853a	c.mv	x10,x14	  x0:0x00000000 x14:0x00000001 x10=0x00000001
        8765000	       777	80009c54	000474b3	and	x9,x8,x0	  x8:0x00000000  x0:0x00000000  x9=0x00000000
        8775000	       778	80009c58	8f71	c.and	x14,x12	 x14:0x00000001 x12:0x00000000 x14=0x00000000
        8785000	       779	80009c5a	01a21493	slli	x9,x4,0x1a	  x4:0x00000000  x9=0x00000000
        8795000	       780	80009c5e	02414b63	blt	x2,x4,80009c94	  x2:0x96b8018f  x4:0x00000000
        8815000	       782	80009c94	056b0163	beq	x22,x22,80009cd6	 x22:0x0000000b x22:0x0000000b
        8845000	       785	80009cd6	0077ddb3	srl	x27,x15,x7	 x15:0x00000004  x7:0x80003e37 x27=0x00000000
        8855000	       786	80009cda	41c90e33	sub	x28,x18,x28	 x18:0xffe00000 x28:0x05bf4c1e x28=0xfa20b3e2
        8865000	       787	80009cde	3407f373	csrrci	x6,mscratch,15	  x6=0x00072b00
        9235000	       824	80009ce2	02f7e533	rem	x10,x15,x15	 x15:0x00000004 x15:0x00000004 x10=0x00000000
        9245000	       825	80009ce6	17fd	c.addi	x15,-1	 x15:0x00000004 x15=0x00000003
        9255000	       826	80009ce8	340f9e73	csrrw	x28,mscratch,x31	 x31:0x0000000b x28=0x00072b00
        9265000	       827	80009cec	9316	c.add	x6,x5	  x6:0x00072b00  x5:0x00000000  x6=0x00072b00
        9275000	       828	80009cee	40add633	sra	x12,x27,x10	 x27:0x00000000 x10:0x00000000 x12=0x00000000
        9285000	       829	80009cf2	0ff0000f	fence	iorw,iorw	
        9295000	       830	80009cf6	e999	c.bnez	x11,80009d0c	 x11:0x00000001
        9315000	       832	80009d0c	6e87b0b7	lui	x1,0x6e87b	  x1=0x6e87b000
        9325000	       833	80009d10	006bdf13	srli	x30,x23,0x6	 x23:0x00000000 x30=0x00000000
        9335000	       834	80009d14	0003df13	srli	x30,x7,0x0	  x7:0x80003e37 x30=0x80003e37
        9345000	       835	80009d18	64d9	c.lui	x9,0x16	  x9=0x00016000
        9355000	       836	80009d1a	0120e663	bltu	x1,x18,80009d26	  x1:0x6e87b000 x18:0xffe00000
        9385000	       839	80009d26	2cd07d93	andi	x27,x0,717	  x0:0x00000000 x27=0x00000000
        9395000	       840	80009d2a	00de	c.slli	x1,0x17	  x1:0x6e87b000  x1=0x00000000
        9405000	       841	80009d2c	01b5dab3	srl	x21,x11,x27	 x11:0x00000001 x27:0x00000000 x21=0x00000001
        9415000	       842	80009d30	00624b33	xor	x22,x4,x6	  x4:0x00000000  x6:0x00072b00 x22=0x00072b00
        9425000	       843	80009d34	40675533	sra	x10,x14,x6	 x14:0x00000000  x6:0x00072b00 x10=0x00000000
        9435000	       844	80009d38	02bec963	blt	x29,x11,80009d6a	 x29:0xfffffffb x11:0x00000001
        9455000	       846	80009d6a	0d36	c.slli	x26,0xd	 x26:0x46a938a7 x26=0x2714e000
        9465000	       847	80009d6c	00fe5433	srl	x8,x28,x15	 x28:0x00072b00 x15:0x00000003  x8=0x0000e560
        9475000	       848	80009d70	4219	c.li	x4,6	  x4=0x00000006
        9485000	       849	80009d72	3402def3	csrrwi	x29,mscratch,5	 x29=0x0000000b
        9495000	       850	80009d76	07cd	c.addi	x15,19	 x15:0x00000003 x15=0x00000016
        9505000	       851	80009d78	005837b3	sltu	x15,x16,x5	 x16:0x00000001  x5:0x00000000 x15=0x00000000
        9515000	       852	80009d7c	0001	c.addi	x0,0	  x0:0x00000000  x0=0x00000000
        9525000	       853	80009d7e	2a033593	sltiu	x11,x6,672	  x6:0x00072b00 x11=0x00000000
        9535000	       854	80009d82	01ec5b13	srli	x22,x24,0x1e	 x24:0x00072b00 x22=0x00000000
        9545000	       855	80009d86	99fbe8b7	lui	x17,0x99fbe	 x17=0x99fbe000
        9555000	       856	80009d8a	5addfe97	auipc	x29,0x5addf	 x29=0xdade8d8a
        9565000	       857	80009d8e	8909	c.andi	x10,2	 x10:0x00000000 x10=0x00000000
        9575000	       858	80009d90	01c78563	beq	x15,x28,80009d9a	 x15:0x00000000 x28:0x00072b00
        9585000	       859	80009d94	01831293	slli	x5,x6,0x18	  x6:0x00072b00  x5=0x00000000
        9595000	       860	80009d98	8be5	c.andi	x15,25	 x15:0x00000000 x15=0x00000000
        9605000	       861	80009d9a	8cb1	c.xor	x9,x12	  x9:0x00016000 x12:0x00000000  x9=0x00016000
        9615000	       862	80009d9c	01cb7963	bgeu	x22,x28,80009dae	 x22:0x00000000 x28:0x00072b00
        9625000	       863	80009da0	9dda	c.add	x27,x22	 x27:0x00000000 x22:0x00000000 x27=0x00000000
        9635000	       864	80009da2	340f2bf3	csrrs	x23,mscratch,x30	 x30:0x80003e37 x23=0x00000005
        9645000	       865	80009da6	8dbd	c.xor	x11,x15	 x11:0x00000000 x15:0x00000000 x11=0x00000000
        9655000	       866	80009da8	030a	c.slli	x6,0x2	  x6:0x00072b00  x6=0x001cac00
        9665000	       867	80009daa	8c46	c.mv	x24,x17	  x0:0x00000000 x17:0x99fbe000 x24=0x99fbe000
        9675000	       868	80009dac	0001	c.addi	x0,0	  x0:0x00000000  x0=0x00000000
        9685000	       869	80009dae	40e80eb3	sub	x29,x16,x14	 x16:0x00000001 x14:0x00000000 x29=0x00000001
       10055000	       906	80009db2	03f8ef33	rem	x30,x17,x31	 x17:0x99fbe000 x31:0x0000000b x30=0xfffffffc
       10065000	       907	80009db6	a2cb8313	addi	x6,x23,-1492	 x23:0x00000005  x6=0xfffffa31
       10075000	       908	80009dba	0dc2	c.slli	x27,0x10	 x27:0x00000000 x27=0x00000000
       10085000	       909	80009dbc	8f9d	c.sub	x15,x15	 x15:0x00000000 x15:0x00000000 x15=0x00000000
       10095000	       910	80009dbe	8d6d	c.and	x10,x11	 x10:0x00000000 x11:0x00000000 x10=0x00000000
       10105000	       911	80009dc0	84d5	c.srai	x9,0x15	  x9:0x00016000  x9=0x00000000
       10115000	       912	80009dc2	00211693	slli	x13,x2,0x2	  x2:0x96b8018f x13=0x5ae0063c
       10125000	       913	80009dc6	000c5593	srli	x11,x24,0x0	 x24:0x99fbe000 x11=0x99fbe000
       10135000	       914	80009dca	01734d33	xor	x26,x6,x23	  x6:0xfffffa31 x23:0x00000005 x26=0xfffffa34
       10145000	       915	80009dce	03356263	bltu	x10,x19,80009df2	 x10:0x00000000 x19:0x80021df8
       10175000	       918	80009df2	41455033	sra	x0,x10,x20	 x10:0x00000000 x20:0xfb2c2ec4  x0=0x00000000
       10185000	       919	80009df6	0189d693	srli	x13,x19,0x18	 x19:0x80021df8 x13=0x00000080
       10195000	       920	80009dfa	40865d33	sra	x26,x12,x8	 x12:0x00000000  x8:0x0000e560 x26=0x00000000
       10565000	       957	80009dfe	0279f2b3	remu	x5,x19,x7	 x19:0x80021df8  x7:0x80003e37  x5=0x0001dfc1
       10575000	       958	80009e02	0001	c.addi	x0,0	  x0:0x00000000  x0=0x00000000
       10585000	       959	80009e04	036065b7	lui	x11,0x3606	 x11=0x03606000
       10595000	       960	80009e08	018fc733	xor	x14,x31,x24	 x31:0x0000000b x24:0x99fbe000 x14=0x99fbe00b
       10605000	       961	80009e0c	10fc03b7	lui	x7,0x10fc0	  x7=0x10fc0000
       10615000	       962	80009e10	41cf3293	sltiu	x5,x30,1052	 x30:0xfffffffc  x5=0x00000000
       10625000	       963	80009e14	6145	c.addi16sp	x2,48	  x2:0x96b8018f  x2=0x96b801bf
       10635000	       964	80009e16	002768b3	or	x17,x14,x2	 x14:0x99fbe00b  x2:0x96b801bf x17=0x9ffbe1bf
       10645000	       965	80009e1a	0001	c.addi	x0,0	  x0:0x00000000  x0=0x00000000
       10675000	       968	80009e1c	02118eb3	mul	x29,x3,x1	  x3:0x00000001  x1:0x00000000 x29=0x00000000
       10685000	       969	80009e20	0335cc63	blt	x11,x19,80009e58	 x11:0x03606000 x19:0x80021df8
       11055000	      1006	80009e24	0309f133	remu	x2,x19,x16	 x19:0x80021df8 x16:0x00000001  x2=0x00000000
       11065000	      1007	80009e28	08d73e93	sltiu	x29,x14,141	 x14:0x99fbe00b x29=0x00000000
       11075000	      1008	80009e2c	406bd2b3	sra	x5,x23,x6	 x23:0x00000005  x6:0xfffffa31  x5=0x00000000
       11085000	      1009	80009e30	8609	c.srai	x12,0x2	 x12:0x00000000 x12=0x00000000
       11095000	      1010	80009e32	34007bf3	csrrci	x23,mscratch,0	 x23=0x80003e37
       11105000	      1011	80009e36	00341093	slli	x1,x8,0x3	  x8:0x0000e560  x1=0x00072b00
       11145000	      1015	80009e3a	03612333	mulhsu	x6,x2,x22	  x2:0x00000000 x22:0x00000000  x6=0x00000000
       11175000	      1018	80009e3e	03c28a33	mul	x20,x5,x28	  x5:0x00000000 x28:0x00072b00 x20=0x00000000
       11185000	      1019	80009e42	6ddea913	slti	x18,x29,1757	 x29:0x00000000 x18=0x00000001
       11195000	      1020	80009e46	340e2e73	csrrs	x28,mscratch,x28	 x28:0x00072b00 x28=0x80003e37
       11205000	      1021	80009e4a	0652	c.slli	x12,0x14	 x12:0x00000000 x12=0x00000000
       11215000	      1022	80009e4c	41250f33	sub	x30,x10,x18	 x10:0x00000000 x18:0x00000001 x30=0xffffffff
       11585000	      1059	80009e50	02ed7f33	remu	x30,x26,x14	 x26:0x00000000 x14:0x99fbe00b x30=0x00000000
       11595000	      1060	80009e54	0001	c.addi	x0,0	  x0:0x00000000  x0=0x00000000
       11605000	      1061	80009e56	0001	c.addi	x0,0	  x0:0x00000000  x0=0x00000000
       11645000	      1065	80009e58	030d91b3	mulh	x3,x27,x16	 x27:0x00000000 x16:0x00000001  x3=0x00000000
       12015000	      1102	80009e5c	03985f33	divu	x30,x16,x25	 x16:0x00000001 x25:0x80025ce4 x30=0x00000000
       12025000	      1103	80009e60	01921913	slli	x18,x4,0x19	  x4:0x00000006 x18=0x0c000000
       12035000	      1104	80009e64	8d2d	c.xor	x10,x11	 x10:0x00000000 x11:0x03606000 x10=0x03606000
       12045000	      1105	80009e66	8f385037	lui	x0,0x8f385	  x0=0x00000000
       12055000	      1106	80009e6a	0555c063	blt	x11,x21,80009eaa	 x11:0x03606000 x21:0x00000001
       12065000	      1107	80009e6e	0182e5b3	or	x11,x5,x24	  x5:0x00000000 x24:0x99fbe000 x11=0x99fbe000
       12075000	      1108	80009e72	00d9df33	srl	x30,x19,x13	 x19:0x80021df8 x13:0x00000080 x30=0x80021df8
       12085000	      1109	80009e76	01db8333	add	x6,x23,x29	 x23:0x80003e37 x29:0x00000000  x6=0x80003e37
       12095000	      1110	80009e7a	da202893	slti	x17,x0,-606	  x0:0x00000000 x17=0x00000000
       12105000	      1111	80009e7e	09c50d93	addi	x27,x10,156	 x10:0x03606000 x27=0x0360609c
       12115000	      1112	80009e82	00fa62b3	or	x5,x20,x15	 x20:0x00000000 x15:0x00000000  x5=0x00000000
       12125000	      1113	80009e86	8eb1	c.xor	x13,x12	 x13:0x00000080 x12:0x00000000 x13=0x00000080
       12135000	      1114	80009e88	0521	c.addi	x10,8	 x10:0x03606000 x10=0x03606008
       12145000	      1115	80009e8a	007114b3	sll	x9,x2,x7	  x2:0x00000000  x7:0x10fc0000  x9=0x00000000
       12155000	      1116	80009e8e	80c1	c.srli	x9,0x10	  x9:0x00000000  x9=0x00000000
       12165000	      1117	80009e90	00082833	slt	x16,x16,x0	 x16:0x00000001  x0:0x00000000 x16=0x00000000
       12175000	      1118	80009e94	41e25a13	srai	x20,x4,0x1e	  x4:0x00000006 x20=0x00000000
       12185000	      1119	80009e98	41108d33	sub	x26,x1,x17	  x1:0x00072b00 x17:0x00000000 x26=0x00072b00
       12195000	      1120	80009e9c	87fd	c.srai	x15,0x1f	 x15:0x00000000 x15=0x00000000
       12205000	      1121	80009e9e	a7be3d93	sltiu	x27,x28,-1413	 x28:0x80003e37 x27=0x00000001
       12215000	      1122	80009ea2	406c5693	srai	x13,x24,0x6	 x24:0x99fbe000 x13=0xfe67ef80
       12225000	      1123	80009ea6	0000100f	fence.i	
       12255000	      1126	80009eaa	3409bef3	csrrc	x29,mscratch,x19	 x19:0x80021df8 x29=0x80073f37
       12265000	      1127	80009eae	8c59	c.or	x8,x14	  x8:0x0000e560 x14:0x99fbe00b  x8=0x99fbe56b
       12275000	      1128	80009eb0	06bd4463	blt	x26,x11,80009f18	 x26:0x00072b00 x11:0x99fbe000
       12285000	      1129	80009eb4	01eb2f33	slt	x30,x22,x30	 x22:0x00000000 x30:0x80021df8 x30=0x00000000
       12295000	      1130	80009eb8	00269593	slli	x11,x13,0x2	 x13:0xfe67ef80 x11=0xf99fbe00
       12305000	      1131	80009ebc	014afab3	and	x21,x21,x20	 x21:0x00000001 x20:0x00000000 x21=0x00000000
       12345000	      1135	80009ec0	03039ab3	mulh	x21,x7,x16	  x7:0x10fc0000 x16:0x00000000 x21=0x00000000
       12355000	      1136	80009ec4	015ee863	bltu	x29,x21,80009ed4	 x29:0x80073f37 x21:0x00000000
       12365000	      1137	80009ec8	04545d63	bge	x8,x5,80009f22	  x8:0x99fbe56b  x5:0x00000000
       12375000	      1138	80009ecc	07ce7663	bgeu	x28,x28,80009f38	 x28:0x80003e37 x28:0x80003e37
       12395000	      1140	80009f38	0347e763	bltu	x15,x20,80009f66	 x15:0x00000000 x20:0x00000000
       12405000	      1141	80009f3c	0001	c.addi	x0,0	  x0:0x00000000  x0=0x00000000
       12415000	      1142	80009f3e	0001	c.addi	x0,0	  x0:0x00000000  x0=0x00000000
       12425000	      1143	80009f40	40e25d13	srai	x26,x4,0xe	  x4:0x00000006 x26=0x00000000
       12435000	      1144	80009f44	340020f3	csrrs	x1,mscratch,x0	  x0:0x00000000  x1=0x00052207
       12445000	      1145	80009f48	00a258b3	srl	x17,x4,x10	  x4:0x00000006 x10:0x03606008 x17=0x00000000
       12455000	      1146	80009f4c	4130d613	srai	x12,x1,0x13	  x1:0x00052207 x12=0x00000000
       12825000	      1183	80009f50	0383cc33	div	x24,x7,x24	  x7:0x10fc0000 x24:0x99fbe000 x24=0x00000000
       12835000	      1184	80009f54	01dccab3	xor	x21,x25,x29	 x25:0x80025ce4 x29:0x80073f37 x21=0x000563d3
       12855000	      1186	80009f58	02fb5433	divu	x8,x22,x15	 x22:0x00000000 x15:0x00000000  x8=0xffffffff
       12865000	      1187	80009f5c	34003a73	csrrc	x20,mscratch,x0	  x0:0x00000000 x20=0x00052207
       12875000	      1188	80009f60	0001	c.addi	x0,0	  x0:0x00000000  x0=0x00000000
       12885000	      1189	80009f62	c59d	c.beqz	x11,80009f90	 x11:0xf99fbe00
       12895000	      1190	80009f64	8ff1	c.and	x15,x12	 x15:0x00000000 x12:0x00000000 x15=0x00000000
       12905000	      1191	80009f66	01d40d63	beq	x8,x29,80009f80	  x8:0xffffffff x29:0x80073f37
       12915000	      1192	80009f6a	55830113	addi	x2,x6,1368	  x6:0x80003e37  x2=0x8000438f
       12925000	      1193	80009f6e	0159c533	xor	x10,x19,x21	 x19:0x80021df8 x21:0x000563d3 x10=0x80077e2b
       12935000	      1194	80009f72	1490	c.addi4spn	x12,x2,608	 x12=0x800045ef
       12945000	      1195	80009f74	0d36	c.slli	x26,0xd	 x26:0x00000000 x26=0x00000000
       12955000	      1196	80009f76	41ba8ab3	sub	x21,x21,x27	 x21:0x000563d3 x27:0x00000001 x21=0x000563d2
       12965000	      1197	80009f7a	407fd013	srai	x0,x31,0x7	 x31:0x0000000b  x0=0x00000000
       12975000	      1198	80009f7e	c2a1	c.beqz	x13,80009fbe	 x13:0xfe67ef80
       13345000	      1235	80009f80	02b158b3	divu	x17,x2,x11	  x2:0x8000438f x11:0xf99fbe00 x17=0x00000000
       13355000	      1236	80009f84	003f41b3	xor	x3,x30,x3	 x30:0x00000000  x3:0x00000000  x3=0x00000000
       13365000	      1237	80009f88	8d0d	c.sub	x10,x11	 x10:0x80077e2b x11:0xf99fbe00 x10=0x8667c02b
       13375000	      1238	80009f8a	81d6	c.mv	x3,x21	  x0:0x00000000 x21:0x000563d2  x3=0x000563d2
       13385000	      1239	80009f8c	8f46	c.mv	x30,x17	  x0:0x00000000 x17:0x00000000 x30=0x00000000
       13395000	      1240	80009f8e	83b9	c.srli	x15,0xe	 x15:0x00000000 x15=0x00000000
       13405000	      1241	80009f90	014f1d63	bne	x30,x20,80009faa	 x30:0x00000000 x20:0x00052207
       13435000	      1244	80009faa	00d29263	bne	x5,x13,80009fae	  x5:0x00000000 x13:0xfe67ef80
       13465000	      1247	80009fae	00c6d613	srli	x12,x13,0xc	 x13:0xfe67ef80 x12=0x000fe67e
       13475000	      1248	80009fb2	717d	c.addi16sp	x2,-16	  x2:0x8000438f  x2=0x8000437f
       13485000	      1249	80009fb4	340027f3	csrrs	x15,mscratch,x0	  x0:0x00000000 x15=0x00052207
       13495000	      1250	80009fb8	8e5d	c.or	x12,x15	 x12:0x000fe67e x15:0x00052207 x12=0x000fe67f
       13505000	      1251	80009fba	0287c463	blt	x15,x8,80009fe2	 x15:0x00052207  x8:0xffffffff
       13545000	      1255	80009fbe	025b91b3	mulh	x3,x23,x5	 x23:0x80003e37  x5:0x00000000  x3=0x00000000
       13915000	      1292	80009fc2	033b7133	remu	x2,x22,x19	 x22:0x00000000 x19:0x80021df8  x2=0x00000000
       13925000	      1293	80009fc6	1d7d	c.addi	x26,-1	 x26:0x00000000 x26=0xffffffff
       13935000	      1294	80009fc8	01b01093	slli	x1,x0,0x1b	  x0:0x00000000  x1=0x00000000
       13945000	      1295	80009fcc	00175863	bge	x14,x1,80009fdc	 x14:0x99fbe00b  x1:0x00000000
       13955000	      1296	80009fd0	05345163	bge	x8,x19,8000a012	  x8:0xffffffff x19:0x80021df8
       13985000	      1299	8000a012	340e56f3	csrrwi	x13,mscratch,28	 x13=0x00052207
       13995000	      1300	8000a016	02f58c63	beq	x11,x15,8000a04e	 x11:0xf99fbe00 x15:0x00052207
       14005000	      1301	8000a01a	0153d663	bge	x7,x21,8000a026	  x7:0x10fc0000 x21:0x000563d2
       14035000	      1304	8000a026	35b7c293	xori	x5,x15,859	 x15:0x00052207  x5=0x0005215c
       14045000	      1305	8000a02a	527d	c.li	x4,-1	  x4=0xffffffff
       14055000	      1306	8000a02c	8e3d	c.xor	x12,x15	 x12:0x000fe67f x15:0x00052207 x12=0x000ac478
       14065000	      1307	8000a02e	0b88	c.addi4spn	x10,x2,464	 x10=0x000001d0
       14075000	      1308	8000a030	0001	c.addi	x0,0	  x0:0x00000000  x0=0x00000000
       14085000	      1309	8000a032	00c101b3	add	x3,x2,x12	  x2:0x00000000 x12:0x000ac478  x3=0x000ac478
       14095000	      1310	8000a036	15569a37	lui	x20,0x15569	 x20=0x15569000
       14105000	      1311	8000a03a	8f0d	c.sub	x14,x11	 x14:0x99fbe00b x11:0xf99fbe00 x14=0xa05c220b
       14475000	      1348	8000a03c	0324eab3	rem	x21,x9,x18	  x9:0x00000000 x18:0x0c000000 x21=0x00000000
       14485000	      1349	8000a040	03d5dd63	bge	x11,x29,8000a07a	 x11:0xf99fbe00 x29:0x80073f37
       14515000	      1352	8000a07a	0ff0000f	fence	iorw,iorw	
       14525000	      1353	8000a07e	026a8a63	beq	x21,x6,8000a0b2	 x21:0x00000000  x6:0x80003e37
       14535000	      1354	8000a082	f8263e13	sltiu	x28,x12,-126	 x12:0x000ac478 x28=0x00000001
       14545000	      1355	8000a086	8e6d	c.and	x12,x11	 x12:0x000ac478 x11:0xf99fbe00 x12=0x000a8400
       14555000	      1356	8000a088	3409a573	csrrs	x10,mscratch,x19	 x19:0x80021df8 x10=0x0000001c
       14565000	      1357	8000a08c	9922	c.add	x18,x8	 x18:0x0c000000  x8:0xffffffff x18=0x0bffffff
       14575000	      1358	8000a08e	40b15313	srai	x6,x2,0xb	  x2:0x00000000  x6=0x00000000
       14585000	      1359	8000a092	0127ee63	bltu	x15,x18,8000a0ae	 x15:0x00052207 x18:0x0bffffff
       14615000	      1362	8000a0ae	01eaf1b3	and	x3,x21,x30	 x21:0x00000000 x30:0x00000000  x3=0x00000000
       14625000	      1363	8000a0b2	340c5473	csrrwi	x8,mscratch,24	  x8=0x80021dfc
       14635000	      1364	8000a0b6	001ecf33	xor	x30,x29,x1	 x29:0x80073f37  x1:0x00000000 x30=0x80073f37
       14645000	      1365	8000a0ba	002982b3	add	x5,x19,x2	 x19:0x80021df8  x2:0x00000000  x5=0x80021df8
       14655000	      1366	8000a0be	8fcd	c.or	x15,x11	 x15:0x00052207 x11:0xf99fbe00 x15=0xf99fbe07
       15025000	      1403	8000a0c0	039743b3	div	x7,x14,x25	 x14:0xa05c220b x25:0x80025ce4  x7=0x00000000
       15035000	      1404	8000a0c4	50fd	c.li	x1,-1	  x1=0xffffffff
       15045000	      1405	8000a0c6	0044c1b3	xor	x3,x9,x4	  x9:0x00000000  x4:0xffffffff  x3=0xffffffff
       15415000	      1442	8000a0ca	0329e833	rem	x16,x19,x18	 x19:0x80021df8 x18:0x0bffffff x16=0xf8021dee
       15425000	      1443	8000a0ce	1ca9c437	lui	x8,0x1ca9c	  x8=0x1ca9c000
       15465000	      1447	8000a0d2	02a02733	mulhsu	x14,x0,x10	  x0:0x00000000 x10:0x0000001c x14=0x00000000
       15475000	      1448	8000a0d6	40a65bb3	sra	x23,x12,x10	 x12:0x000a8400 x10:0x0000001c x23=0x00000000
       15485000	      1449	8000a0da	e4a1fa13	andi	x20,x3,-438	  x3:0xffffffff x20=0xfffffe4a
       15495000	      1450	8000a0de	008a5d93	srli	x27,x20,0x8	 x20:0xfffffe4a x27=0x00fffffe
       15505000	      1451	8000a0e2	0001	c.addi	x0,0	  x0:0x00000000  x0=0x00000000
       15515000	      1452	8000a0e4	00d37933	and	x18,x6,x13	  x6:0x00000000 x13:0x00052207 x18=0x00000000
       15525000	      1453	8000a0e8	de293413	sltiu	x8,x18,-542	 x18:0x00000000  x8=0x00000001
       15535000	      1454	8000a0ec	0001	c.addi	x0,0	  x0:0x00000000  x0=0x00000000
       15545000	      1455	8000a0ee	07eb8013	addi	x0,x23,126	 x23:0x00000000  x0=0x00000000
       15555000	      1456	8000a0f2	82bd	c.srli	x13,0xf	 x13:0x00052207 x13=0x0000000a
       15565000	      1457	8000a0f4	c689	c.beqz	x13,8000a0fe	 x13:0x0000000a
       15575000	      1458	8000a0f6	b3313037	lui	x0,0xb3313	  x0=0x00000000
       15585000	      1459	8000a0fa	cc09	c.beqz	x8,8000a114	  x8:0x00000001
       15595000	      1460	8000a0fc	8f31	c.xor	x14,x12	 x14:0x00000000 x12:0x000a8400 x14=0x000a8400
       15605000	      1461	8000a0fe	02af5963	bge	x30,x10,8000a130	 x30:0x80073f37 x10:0x0000001c
       15615000	      1462	8000a102	003c54b3	srl	x9,x24,x3	 x24:0x00000000  x3:0xffffffff  x9=0x00000000
       15655000	      1466	8000a106	02921db3	mulh	x27,x4,x9	  x4:0xffffffff  x9:0x00000000 x27=0x00000000
       15665000	      1467	8000a10a	46d5	c.li	x13,21	 x13=0x00000015
       15705000	      1471	8000a10c	02ba33b3	mulhu	x7,x20,x11	 x20:0xfffffe4a x11:0xf99fbe00  x7=0xf99fbc54
       15715000	      1472	8000a110	03e4ff13	andi	x30,x9,62	  x9:0x00000000 x30=0x00000000
       15755000	      1476	8000a114	02853233	mulhu	x4,x10,x8	 x10:0x0000001c  x8:0x00000001  x4=0x00000000
       15765000	      1477	8000a118	0001	c.addi	x0,0	  x0:0x00000000  x0=0x00000000
       15775000	      1478	8000a11a	41badd93	srai	x27,x21,0x1b	 x21:0x00000000 x27=0x00000000
       15785000	      1479	8000a11e	340b91f3	csrrw	x3,mscratch,x23	 x23:0x00000000  x3=0x00000018
       16155000	      1516	8000a122	033d6c33	rem	x24,x26,x19	 x26:0xffffffff x19:0x80021df8 x24=0xffffffff
       16165000	      1517	8000a126	34056a73	csrrsi	x20,mscratch,10	 x20=0x00000000
       16175000	      1518	8000a12a	8e85	c.sub	x13,x9	 x13:0x00000015  x9:0x00000000 x13=0x00000015
       16185000	      1519	8000a12c	40240eb3	sub	x29,x8,x2	  x8:0x00000001  x2:0x00000000 x29=0x00000001
       16195000	      1520	8000a130	044fb493	sltiu	x9,x31,68	 x31:0x0000000b  x9=0x00000001
       16205000	      1521	8000a134	41db8133	sub	x2,x23,x29	 x23:0x00000000 x29:0x00000001  x2=0xffffffff
       16215000	      1522	8000a138	3f11b4b7	lui	x9,0x3f11b	  x9=0x3f11b000
       16225000	      1523	8000a13c	34075d73	csrrwi	x26,mscratch,14	 x26=0x0000000a
       16235000	      1524	8000a140	01de	c.slli	x3,0x17	  x3:0x00000018  x3=0x0c000000
       16245000	      1525	8000a142	340b9df3	csrrw	x27,mscratch,x23	 x23:0x00000000 x27=0x0000000e
       16255000	      1526	8000a146	00044963	blt	x8,x0,8000a158	  x8:0x00000001  x0:0x00000000
       16265000	      1527	8000a14a	808d	c.srli	x9,0x3	  x9:0x3f11b000  x9=0x07e23600
       16635000	      1564	8000a14c	0335e0b3	rem	x1,x11,x19	 x11:0xf99fbe00 x19:0x80021df8  x1=0xf99fbe00
       16645000	      1565	8000a150	00b09863	bne	x1,x11,8000a160	  x1:0xf99fbe00 x11:0xf99fbe00
       16655000	      1566	8000a154	011f2133	slt	x2,x30,x17	 x30:0x00000000 x17:0x00000000  x2=0x00000000
       16665000	      1567	8000a158	7ab48093	addi	x1,x9,1963	  x9:0x07e23600  x1=0x07e23dab
       16675000	      1568	8000a15c	34045273	csrrwi	x4,mscratch,8	  x4=0x00000000
       16685000	      1569	8000a160	51e86b13	ori	x22,x16,1310	 x16:0xf8021dee x22=0xf8021dfe
       16725000	      1573	8000a164	02bfa533	mulhsu	x10,x31,x11	 x31:0x0000000b x11:0xf99fbe00 x10=0x0000000a
       16735000	      1574	8000a168	c815	c.beqz	x8,8000a19c	  x8:0x00000001
       16745000	      1575	8000a16a	41a35d13	srai	x26,x6,0x1a	  x6:0x00000000 x26=0x00000000
       16755000	      1576	8000a16e	044dd163	bge	x27,x4,8000a1b0	 x27:0x0000000e  x4:0x00000000
       16775000	      1578	8000a1b0	0067bd33	sltu	x26,x15,x6	 x15:0xf99fbe07  x6:0x00000000 x26=0x00000000
       16785000	      1579	8000a1b4	34006c73	csrrsi	x24,mscratch,0	 x24=0x00000008
       16795000	      1580	8000a1b8	0151ceb3	xor	x29,x3,x21	  x3:0x0c000000 x21:0x00000000 x29=0x0c000000
       17165000	      1617	8000a1bc	02b77333	remu	x6,x14,x11	 x14:0x000a8400 x11:0xf99fbe00  x6=0x000a8400
       17175000	      1618	8000a1c0	d2304d93	xori	x27,x0,-733	  x0:0x00000000 x27=0xfffffd23
       17185000	      1619	8000a1c4	84757893	andi	x17,x10,-1977	 x10:0x0000000a x17=0x00000002
       17195000	      1620	8000a1c8	00c3d733	srl	x14,x7,x12	  x7:0xf99fbc54 x12:0x000a8400 x14=0xf99fbc54
       17205000	      1621	8000a1cc	717d	c.addi16sp	x2,-16	  x2:0x00000000  x2=0xfffffff0
       17215000	      1622	8000a1ce	0000100f	fence.i	
       17235000	      1624	8000a1d2	e481	c.bnez	x9,8000a1da	  x9:0x07e23600
       17255000	      1626	8000a1da	8979	c.andi	x10,30	 x10:0x0000000a x10=0x0000000a
       17265000	      1627	8000a1dc	1c94	c.addi4spn	x13,x2,624	 x13=0x00000260
       17275000	      1628	8000a1de	340f9d73	csrrw	x26,mscratch,x31	 x31:0x0000000b x26=0x00000008
       17285000	      1629	8000a1e2	0001	c.addi	x0,0	  x0:0x00000000  x0=0x00000000
       17295000	      1630	8000a1e4	340d38f3	csrrc	x17,mscratch,x26	 x26:0x00000008 x17=0x0000000b
       17305000	      1631	8000a1e8	024e7263	bgeu	x28,x4,8000a20c	 x28:0x00000001  x4:0x00000000
       17325000	      1633	8000a20c	e321	c.bnez	x14,8000a24c	 x14:0xf99fbc54
       17345000	      1635	8000a24c	8e29	c.xor	x12,x10	 x12:0x000a8400 x10:0x0000000a x12=0x000a840a
       17355000	      1636	8000a24e	057a9063	bne	x21,x23,8000a28e	 x21:0x00000000 x23:0x00000000
       17365000	      1637	8000a252	96e2	c.add	x13,x24	 x13:0x00000260 x24:0x00000008 x13=0x00000268
       17405000	      1641	8000a254	02fe92b3	mulh	x5,x29,x15	 x29:0x0c000000 x15:0xf99fbe07  x5=0xffb37ce8
       17775000	      1678	8000a258	03957d33	remu	x26,x10,x25	 x10:0x0000000a x25:0x80025ce4 x26=0x0000000a
       17785000	      1679	8000a25c	402f5113	srai	x2,x30,0x2	 x30:0x00000000  x2=0x00000000
       17795000	      1680	8000a260	00d35b93	srli	x23,x6,0xd	  x6:0x000a8400 x23=0x00000054
       17805000	      1681	8000a264	028c	c.addi4spn	x11,x2,320	 x11=0x00000140
       17815000	      1682	8000a266	01181db3	sll	x27,x16,x17	 x16:0xf8021dee x17:0x0000000b x27=0x10ef7000
       17825000	      1683	8000a26a	717d	c.addi16sp	x2,-16	  x2:0x00000000  x2=0xfffffff0
       17835000	      1684	8000a26c	004842b3	xor	x5,x16,x4	 x16:0xf8021dee  x4:0x00000000  x5=0xf8021dee
       18205000	      1721	8000a270	03cad4b3	divu	x9,x21,x28	 x21:0x00000000 x28:0x00000001  x9=0x00000000
       18215000	      1722	8000a274	0ff0000f	fence	iorw,iorw	
       18225000	      1723	8000a278	340453f3	csrrwi	x7,mscratch,8	  x7=0x00000003
       18235000	      1724	8000a27c	00be3733	sltu	x14,x28,x11	 x28:0x00000001 x11:0x00000140 x14=0x00000001
       18245000	      1725	8000a280	80a1	c.srli	x9,0x8	  x9:0x00000000  x9=0x00000000
       18255000	      1726	8000a282	023d7f63	bgeu	x26,x3,8000a2c0	 x26:0x0000000a  x3:0x0c000000
       18265000	      1727	8000a286	00679d63	bne	x15,x6,8000a2a0	 x15:0xf99fbe07  x6:0x000a8400
       18285000	      1729	8000a2a0	00d865b3	or	x11,x16,x13	 x16:0xf8021dee x13:0x00000268 x11=0xf8021fee
       18295000	      1730	8000a2a4	00000a33	add	x20,x0,x0	  x0:0x00000000  x0:0x00000000 x20=0x00000000
       18305000	      1731	8000a2a8	8079	c.srli	x8,0x1e	  x8:0x00000001  x8=0x00000000
       18315000	      1732	8000a2aa	340bd0f3	csrrwi	x1,mscratch,23	  x1=0x00000008
       18325000	      1733	8000a2ae	e229	c.bnez	x12,8000a2f0	 x12:0x000a840a
       18345000	      1735	8000a2f0	997e	c.add	x18,x31	 x18:0x00000000 x31:0x0000000b x18=0x0000000b
       18355000	      1736	8000a2f2	ce4b7593	andi	x11,x22,-796	 x22:0xf8021dfe x11=0xf8021ce4
       18365000	      1737	8000a2f6	ce05	c.beqz	x12,8000a32e	 x12:0x000a840a
       18375000	      1738	8000a2f8	8ec9	c.or	x13,x10	 x13:0x00000268 x10:0x0000000a x13=0x0000026a
       18385000	      1739	8000a2fa	000c2633	slt	x12,x24,x0	 x24:0x00000008  x0:0x00000000 x12=0x00000000
       18395000	      1740	8000a2fe	8146	c.mv	x2,x17	  x0:0x00000000 x17:0x0000000b  x2=0x0000000b
       18405000	      1741	8000a300	340970f3	csrrci	x1,mscratch,18	  x1=0x00000017
       18415000	      1742	8000a304	8685	c.srai	x13,0x1	 x13:0x0000026a x13=0x00000135
       18425000	      1743	8000a306	01a863b3	or	x7,x16,x26	 x16:0xf8021dee x26:0x0000000a  x7=0xf8021dee
       18435000	      1744	8000a30a	02c39463	bne	x7,x12,8000a332	  x7:0xf8021dee x12:0x00000000
       18465000	      1747	8000a332	3407def3	csrrwi	x29,mscratch,15	 x29=0x00000005
       18475000	      1748	8000a336	8d05	c.sub	x10,x9	 x10:0x0000000a  x9:0x00000000 x10=0x0000000a
       18485000	      1749	8000a338	005c8ab3	add	x21,x25,x5	 x25:0x80025ce4  x5:0xf8021dee x21=0x78047ad2
       18495000	      1750	8000a33c	0000100f	fence.i	
       18515000	      1752	8000a340	41ddd2b3	sra	x5,x27,x29	 x27:0x10ef7000 x29:0x00000005  x5=0x00877b80
       18525000	      1753	8000a344	003ed933	srl	x18,x29,x3	 x29:0x00000005  x3:0x0c000000 x18=0x00000005
       18895000	      1790	8000a348	02355833	divu	x16,x10,x3	 x10:0x0000000a  x3:0x0c000000 x16=0x00000000
       18905000	      1791	8000a34c	83c6	c.mv	x7,x17	  x0:0x00000000 x17:0x0000000b  x7=0x0000000b
       18915000	      1792	8000a34e	0ff0000f	fence	iorw,iorw	
       18925000	      1793	8000a352	340d5af3	csrrwi	x21,mscratch,26	 x21=0x0000000f
       18935000	      1794	8000a356	0100e933	or	x18,x1,x16	  x1:0x00000017 x16:0x00000000 x18=0x00000017
       18945000	      1795	8000a35a	4106d2b3	sra	x5,x13,x16	 x13:0x00000135 x16:0x00000000  x5=0x00000135
       18955000	      1796	8000a35e	ca99	c.beqz	x13,8000a374	 x13:0x00000135
       18965000	      1797	8000a360	0007c263	blt	x15,x0,8000a364	 x15:0xf99fbe07  x0:0x00000000
       19015000	      1802	8000a364	03311c33	mulh	x24,x2,x19	  x2:0x0000000b x19:0x80021df8 x24=0xfffffffa
       19025000	      1803	8000a368	02b9e863	bltu	x19,x11,8000a398	 x19:0x80021df8 x11:0xf8021ce4
       19045000	      1805	8000a398	328bee13	ori	x28,x23,808	 x23:0x00000054 x28=0x0000037c
       19055000	      1806	8000a39c	00eaaeb3	slt	x29,x21,x14	 x21:0x0000000f x14:0x00000001 x29=0x00000000
       19065000	      1807	8000a3a0	8f39	c.xor	x14,x14	 x14:0x00000001 x14:0x00000001 x14=0x00000000
       19075000	      1808	8000a3a2	9f7a	c.add	x30,x30	 x30:0x00000000 x30:0x00000000 x30=0x00000000
       19085000	      1809	8000a3a4	98fd	c.andi	x9,-1	  x9:0x00000000  x9=0x00000000
       19095000	      1810	8000a3a6	08c1	c.addi	x17,16	 x17:0x0000000b x17=0x0000001b
       19105000	      1811	8000a3a8	62d1	c.lui	x5,0x14	  x5=0x00014000
       19115000	      1812	8000a3aa	340f6e73	csrrsi	x28,mscratch,30	 x28=0x0000001a
       19125000	      1813	8000a3ae	81ce	c.mv	x3,x19	  x0:0x00000000 x19:0x80021df8  x3=0x80021df8
       19135000	      1814	8000a3b0	01b5aeb3	slt	x29,x11,x27	 x11:0xf8021ce4 x27:0x10ef7000 x29=0x00000001
       19145000	      1815	8000a3b4	08004313	xori	x6,x0,128	  x0:0x00000000  x6=0x00000080
       19155000	      1816	8000a3b8	241c7613	andi	x12,x24,577	 x24:0xfffffffa x12=0x00000240
       19165000	      1817	8000a3bc	8969	c.andi	x10,26	 x10:0x0000000a x10=0x0000000a
       19175000	      1818	8000a3be	5f077513	andi	x10,x14,1520	 x14:0x00000000 x10=0x00000000
       19185000	      1819	8000a3c2	0001	c.addi	x0,0	  x0:0x00000000  x0=0x00000000
       19555000	      1856	8000a3c4	0328cbb3	div	x23,x17,x18	 x17:0x0000001b x18:0x00000017 x23=0x00000001
       19565000	      1857	8000a3c8	34002c73	csrrs	x24,mscratch,x0	  x0:0x00000000 x24=0x0000001e
       19575000	      1858	8000a3cc	340433f3	csrrc	x7,mscratch,x8	  x8:0x00000000  x7=0x0000001e
       19585000	      1859	8000a3d0	ef8d	c.bnez	x15,8000a40a	 x15:0xf99fbe07
       19615000	      1862	8000a40a	016c9f63	bne	x25,x22,8000a428	 x25:0x80025ce4 x22:0xf8021dfe
       19635000	      1864	8000a428	e8993e93	sltiu	x29,x18,-375	 x18:0x00000017 x29=0x00000001
       19645000	      1865	8000a42c	0021e133	or	x2,x3,x2	  x3:0x80021df8  x2:0x0000000b  x2=0x80021dfb
       19655000	      1866	8000a430	8efe	c.mv	x29,x31	  x0:0x00000000 x31:0x0000000b x29=0x0000000b
       19665000	      1867	8000a432	02e1f863	bgeu	x3,x14,8000a462	  x3:0x80021df8 x14:0x00000000
       19695000	      1870	8000a462	86948913	addi	x18,x9,-1943	  x9:0x00000000 x18=0xfffff869
       19705000	      1871	8000a466	230fe697	auipc	x13,0x230fe	 x13=0xa3108466
       19715000	      1872	8000a46a	87a62a13	slti	x20,x12,-1926	 x12:0x00000240 x20=0x00000000
       19725000	      1873	8000a46e	021e5463	bge	x28,x1,8000a496	 x28:0x0000001a  x1:0x00000017
       19745000	      1875	8000a496	e419	c.bnez	x8,8000a4a4	  x8:0x00000000
       19755000	      1876	8000a498	05a14363	blt	x2,x26,8000a4de	  x2:0x80021dfb x26:0x0000000a
       19785000	      1879	8000a4de	0000100f	fence.i	
       19815000	      1882	8000a4e2	00acc633	xor	x12,x25,x10	 x25:0x80025ce4 x10:0x00000000 x12=0x80025ce4
       19825000	      1883	8000a4e6	e2cd7e13	andi	x28,x26,-468	 x26:0x0000000a x28=0x00000008
       19835000	      1884	8000a4ea	008647b3	xor	x15,x12,x8	 x12:0x80025ce4  x8:0x00000000 x15=0x80025ce4
       19845000	      1885	8000a4ee	832d	c.srli	x14,0xb	 x14:0x00000000 x14=0x00000000
       19855000	      1886	8000a4f0	0ff0000f	fence	iorw,iorw	
       19895000	      1890	8000a4f4	023bb7b3	mulhu	x15,x23,x3	 x23:0x00000001  x3:0x80021df8 x15=0x00000000
       19905000	      1891	8000a4f8	0230d363	bge	x1,x3,8000a51e	  x1:0x00000017  x3:0x80021df8
       19935000	      1894	8000a51e	01747db3	and	x27,x8,x23	  x8:0x00000000 x23:0x00000001 x27=0x00000000
       19945000	      1895	8000a522	98c50313	addi	x6,x10,-1652	 x10:0x00000000  x6=0xfffff98c
       19985000	      1899	8000a526	0362beb3	mulhu	x29,x5,x22	  x5:0x00014000 x22:0xf8021dfe x29=0x00013602
       20355000	      1936	8000a52a	03144eb3	div	x29,x8,x17	  x8:0x00000000 x17:0x0000001b x29=0x00000000
       20375000	      1938	8000a52e	029ff0b3	remu	x1,x31,x9	 x31:0x0000000b  x9:0x00000000  x1=0x0000000b
       20385000	      1939	8000a532	547d	c.li	x8,-1	  x8=0xffffffff
       20395000	      1940	8000a534	ee95	c.bnez	x13,8000a570	 x13:0xa3108466
       20415000	      1942	8000a570	0001	c.addi	x0,0	  x0:0x00000000  x0=0x00000000
       20425000	      1943	8000a572	340366f3	csrrsi	x13,mscratch,6	 x13=0x0000001e
       20445000	      1945	8000a576	030171b3	remu	x3,x2,x16	  x2:0x80021dfb x16:0x00000000  x3=0x80021dfb
       20485000	      1949	8000a57a	020e2ab3	mulhsu	x21,x28,x0	 x28:0x00000008  x0:0x00000000 x21=0x00000000
       20495000	      1950	8000a57e	6c35	c.lui	x24,0xd	 x24=0x0000d000
       20505000	      1951	8000a580	1400	c.addi4spn	x8,x2,544	  x8=0x8002201b
       20515000	      1952	8000a582	8009	c.srli	x8,0x2	  x8:0x8002201b  x8=0x20008806
       20525000	      1953	8000a584	e981	c.bnez	x11,8000a594	 x11:0xf8021ce4
       20565000	      1957	8000a594	02560db3	mul	x27,x12,x5	 x12:0x80025ce4  x5:0x00014000 x27=0xf41d0000
       20575000	      1958	8000a598	00dfcdb3	xor	x27,x31,x13	 x31:0x0000000b x13:0x0000001e x27=0x00000015
       20945000	      1995	8000a59c	021aff33	remu	x30,x21,x1	 x21:0x00000000  x1:0x0000000b x30=0x00000000
       20955000	      1996	8000a5a0	fe646493	ori	x9,x8,-26	  x8:0x20008806  x9=0xffffffe6
       20965000	      1997	8000a5a4	c31bf613	andi	x12,x23,-975	 x23:0x00000001 x12=0x00000001
       21005000	      2001	8000a5a8	02669f33	mulh	x30,x13,x6	 x13:0x0000001e  x6:0xfffff98c x30=0xffffffff
       21015000	      2002	8000a5ac	34072473	csrrs	x8,mscratch,x14	 x14:0x00000000  x8=0x0000001e
       21025000	      2003	8000a5b0	0d0c	c.addi4spn	x11,x2,656	 x11=0x8002208b
       21065000	      2007	8000a5b2	03ce9033	mulh	x0,x29,x28	 x29:0x00000000 x28:0x00000008  x0=0x00000000
       21075000	      2008	8000a5b6	864e5817	auipc	x16,0x864e5	 x16=0x064ef5b6
       21085000	      2009	8000a5ba	01c50563	beq	x10,x28,8000a5c4	 x10:0x00000000 x28:0x00000008
       21095000	      2010	8000a5be	038a	c.slli	x7,0x2	  x7:0x0000001e  x7=0x00000078
       21105000	      2011	8000a5c0	34007af3	csrrci	x21,mscratch,0	 x21=0x0000001e
       21115000	      2012	8000a5c4	8a5d	c.andi	x12,23	 x12:0x00000001 x12=0x00000001
       21125000	      2013	8000a5c6	e999	c.bnez	x11,8000a5dc	 x11:0x8002208b
       21145000	      2015	8000a5dc	c7e7c897	auipc	x17,0xc7e7c	 x17=0x47e865dc
       21155000	      2016	8000a5e0	01a5e533	or	x10,x11,x26	 x11:0x8002208b x26:0x0000000a x10=0x8002208b
       21165000	      2017	8000a5e4	197d	c.addi	x18,-1	 x18:0xfffff869 x18=0xfffff868
       21175000	      2018	8000a5e6	008c0533	add	x10,x24,x8	 x24:0x0000d000  x8:0x0000001e x10=0x0000d01e
       21185000	      2019	8000a5ea	00e94733	xor	x14,x18,x14	 x18:0xfffff868 x14:0x00000000 x14=0xfffff868
       21195000	      2020	8000a5ee	41068833	sub	x16,x13,x16	 x13:0x0000001e x16:0x064ef5b6 x16=0xf9b10a68
       21205000	      2021	8000a5f2	7ceaa213	slti	x4,x21,1998	 x21:0x0000001e  x4=0x00000001
       21215000	      2022	8000a5f6	91ba	c.add	x3,x14	  x3:0x80021dfb x14:0xfffff868  x3=0x80021663
       21225000	      2023	8000a5f8	018b80b3	add	x1,x23,x24	 x23:0x00000001 x24:0x0000d000  x1=0x0000d001
       21235000	      2024	8000a5fc	0d296417	auipc	x8,0xd296	  x8=0x8d2a05fc
       21245000	      2025	8000a600	8e6d	c.and	x12,x11	 x12:0x00000001 x11:0x8002208b x12=0x00000001
       21285000	      2029	8000a602	020e2833	mulhsu	x16,x28,x0	 x28:0x00000008  x0:0x00000000 x16=0x00000000
       21295000	      2030	8000a606	0d14	c.addi4spn	x13,x2,656	 x13=0x8002208b
       21305000	      2031	8000a608	e499	c.bnez	x9,8000a616	  x9:0xffffffe6
       21325000	      2033	8000a616	717d	c.addi16sp	x2,-16	  x2:0x80021dfb  x2=0x80021deb
       21335000	      2034	8000a618	8d29	c.xor	x10,x10	 x10:0x0000d01e x10:0x0000d01e x10=0x00000000
       21345000	      2035	8000a61a	403f5493	srai	x9,x30,0x3	 x30:0xffffffff  x9=0xffffffff
       21355000	      2036	8000a61e	c8a41437	lui	x8,0xc8a41	  x8=0xc8a41000
       21365000	      2037	8000a622	01bd43b3	xor	x7,x26,x27	 x26:0x0000000a x27:0x00000015  x7=0x0000001f
       21735000	      2074	8000a626	026a5bb3	divu	x23,x20,x6	 x20:0x00000000  x6:0xfffff98c x23=0x00000000
       21765000	      2077	8000a62a	02108033	mul	x0,x1,x1	  x1:0x0000d001  x1:0x0000d001  x0=0x00000000
       21775000	      2078	8000a62e	6b8a03b7	lui	x7,0x6b8a0	  x7=0x6b8a0000
       21795000	      2080	8000a632	03d3f133	remu	x2,x7,x29	  x7:0x6b8a0000 x29:0x00000000  x2=0x6b8a0000
       21805000	      2081	8000a636	00fed813	srli	x16,x29,0xf	 x29:0x00000000 x16=0x00000000
       21815000	      2082	8000a63a	340b1673	csrrw	x12,mscratch,x22	 x22:0xf8021dfe x12=0x0000001e
       21825000	      2083	8000a63e	0001	c.addi	x0,0	  x0:0x00000000  x0=0x00000000
       21835000	      2084	8000a640	340eef73	csrrsi	x30,mscratch,29	 x30=0xf8021dfe
       21845000	      2085	8000a644	8e85	c.sub	x13,x9	 x13:0x8002208b  x9:0xffffffff x13=0x8002208c
       21855000	      2086	8000a646	8219	c.srli	x12,0x6	 x12:0x0000001e x12=0x00000000
       21865000	      2087	8000a648	717d	c.addi16sp	x2,-16	  x2:0x6b8a0000  x2=0x6b89fff0
       21875000	      2088	8000a64a	340bec73	csrrsi	x24,mscratch,23	 x24=0xf8021dff
       21885000	      2089	8000a64e	010b3b33	sltu	x22,x22,x16	 x22:0xf8021dfe x16:0x00000000 x22=0x00000000
       21895000	      2090	8000a652	5f86f493	andi	x9,x13,1528	 x13:0x8002208c  x9=0x00000088
       21905000	      2091	8000a656	011933b3	sltu	x7,x18,x17	 x18:0xfffff868 x17:0x47e865dc  x7=0x00000000
       21925000	      2093	8000a65a	0276d3b3	divu	x7,x13,x7	 x13:0x8002208c  x7:0x00000000  x7=0xffffffff
       21935000	      2094	8000a65e	0d56	c.slli	x26,0x15	 x26:0x0000000a x26=0x01400000
       21945000	      2095	8000a660	0001	c.addi	x0,0	  x0:0x00000000  x0=0x00000000
       21955000	      2096	8000a662	02448c63	beq	x9,x4,8000a69a	  x9:0x00000088  x4:0x00000001
       21995000	      2100	8000a666	0214a1b3	mulhsu	x3,x9,x1	  x9:0x00000088  x1:0x0000d001  x3=0x00000000
       22005000	      2101	8000a66a	e289	c.bnez	x13,8000a66c	 x13:0x8002208c
       22025000	      2103	8000a66c	34003ef3	csrrc	x29,mscratch,x0	  x0:0x00000000 x29=0xf8021dff
       22395000	      2140	8000a670	02867633	remu	x12,x12,x8	 x12:0x00000000  x8:0xc8a41000 x12=0x00000000
       22405000	      2141	8000a674	0244dc63	bge	x9,x4,8000a6ac	  x9:0x00000088  x4:0x00000001
       22425000	      2143	8000a6ac	8f19	c.sub	x14,x14	 x14:0xfffff868 x14:0xfffff868 x14=0x00000000
       22435000	      2144	8000a6ae	8645	c.srai	x12,0x11	 x12:0x00000000 x12=0x00000000
       22445000	      2145	8000a6b0	0ff0000f	fence	iorw,iorw	
       22815000	      2182	8000a6b4	03b05eb3	divu	x29,x0,x27	  x0:0x00000000 x27:0x00000015 x29=0x00000000
       22825000	      2183	8000a6b8	8e11	c.sub	x12,x12	 x12:0x00000000 x12:0x00000000 x12=0x00000000
       22835000	      2184	8000a6ba	0001	c.addi	x0,0	  x0:0x00000000  x0=0x00000000
       22845000	      2185	8000a6bc	01007663	bgeu	x0,x16,8000a6c8	  x0:0x00000000 x16:0x00000000
       22885000	      2189	8000a6c8	02b387b3	mul	x15,x7,x11	  x7:0xffffffff x11:0x8002208b x15=0x7ffddf75
       22895000	      2190	8000a6cc	340060f3	csrrsi	x1,mscratch,0	  x1=0xf8021dff
       22905000	      2191	8000a6d0	34036d73	csrrsi	x26,mscratch,6	 x26=0xf8021dff
       22915000	      2192	8000a6d4	8d5d	c.or	x10,x15	 x10:0x00000000 x15:0x7ffddf75 x10=0x7ffddf75
       22925000	      2193	8000a6d6	3dc5c693	xori	x13,x11,988	 x11:0x8002208b x13=0x80022357
       22935000	      2194	8000a6da	8191	c.srli	x11,0x4	 x11:0x8002208b x11=0x08002208
       22945000	      2195	8000a6dc	717d	c.addi16sp	x2,-16	  x2:0x6b89fff0  x2=0x6b89ffe0
       22955000	      2196	8000a6de	340dadf3	csrrs	x27,mscratch,x27	 x27:0x00000015 x27=0xf8021dff
       22965000	      2197	8000a6e2	0001	c.addi	x0,0	  x0:0x00000000  x0=0x00000000
       22975000	      2198	8000a6e4	00421533	sll	x10,x4,x4	  x4:0x00000001  x4:0x00000001 x10=0x00000002
       22985000	      2199	8000a6e8	01378e63	beq	x15,x19,8000a704	 x15:0x7ffddf75 x19:0x80021df8
       22995000	      2200	8000a6ec	34003573	csrrc	x10,mscratch,x0	  x0:0x00000000 x10=0xf8021dff
       23005000	      2201	8000a6f0	403cd793	srai	x15,x25,0x3	 x25:0x80025ce4 x15=0xf0004b9c
       23015000	      2202	8000a6f4	67fd	c.lui	x15,0x1f	 x15=0x0001f000
       23025000	      2203	8000a6f6	01d220b3	slt	x1,x4,x29	  x4:0x00000001 x29:0x00000000  x1=0x00000000
       23035000	      2204	8000a6fa	c5aaf713	andi	x14,x21,-934	 x21:0x0000001e x14=0x0000001a
       23075000	      2208	8000a6fe	03c63b33	mulhu	x22,x12,x28	 x12:0x00000000 x28:0x00000008 x22=0x00000000
       23085000	      2209	8000a702	4d79	c.li	x26,30	 x26=0x0000001e
       23095000	      2210	8000a704	0264e863	bltu	x9,x6,8000a734	  x9:0x00000088  x6:0xfffff98c
       23115000	      2212	8000a734	418ede13	srai	x28,x29,0x18	 x29:0x00000000 x28=0x00000000
       23125000	      2213	8000a738	25e44393	xori	x7,x8,606	  x8:0xc8a41000  x7=0xc8a4125e
       23135000	      2214	8000a73c	01c081b3	add	x3,x1,x28	  x1:0x00000000 x28:0x00000000  x3=0x00000000
       23175000	      2218	8000a740	03ab2633	mulhsu	x12,x22,x26	 x22:0x00000000 x26:0x0000001e x12=0x00000000
       23205000	      2221	8000a744	02ac87b3	mul	x15,x25,x10	 x25:0x80025ce4 x10:0xf8021dff x15=0x60a85b1c
       23245000	      2225	8000a748	0352a533	mulhsu	x10,x5,x21	  x5:0x00014000 x21:0x0000001e x10=0x00000000
       23615000	      2262	8000a74c	03246db3	rem	x27,x8,x18	  x8:0xc8a41000 x18:0xfffff868 x27=0xfffffcc8
       23625000	      2263	8000a750	01496663	bltu	x18,x20,8000a75c	 x18:0xfffff868 x20:0x00000000
       23635000	      2264	8000a754	3405e4f3	csrrsi	x9,mscratch,11	  x9=0xf8021dff
       23645000	      2265	8000a758	a4d82513	slti	x10,x16,-1459	 x16:0x00000000 x10=0x00000000
       23655000	      2266	8000a75c	4a9d0eb7	lui	x29,0x4a9d0	 x29=0x4a9d0000
       23665000	      2267	8000a760	00083f33	sltu	x30,x16,x0	 x16:0x00000000  x0:0x00000000 x30=0x00000000
       23675000	      2268	8000a764	81b2	c.mv	x3,x12	  x0:0x00000000 x12:0x00000000  x3=0x00000000
       23685000	      2269	8000a766	0104ee33	or	x28,x9,x16	  x9:0xf8021dff x16:0x00000000 x28=0xf8021dff
       23695000	      2270	8000a76a	418c08b3	sub	x17,x24,x24	 x24:0xf8021dff x24:0xf8021dff x17=0x00000000
       23735000	      2274	8000a76e	027e9f33	mulh	x30,x29,x7	 x29:0x4a9d0000  x7:0xc8a4125e x30=0xefdd79ee
       23745000	      2275	8000a772	34013e73	csrrc	x28,mscratch,x2	  x2:0x6b89ffe0 x28=0xf8021dff
       23755000	      2276	8000a776	8c39	c.xor	x8,x14	  x8:0xc8a41000 x14:0x0000001a  x8=0xc8a4101a
       23765000	      2277	8000a778	01456e63	bltu	x10,x20,8000a794	 x10:0x00000000 x20:0x00000000
       23775000	      2278	8000a77c	036cff63	bgeu	x25,x22,8000a7ba	 x25:0x80025ce4 x22:0x00000000
       23795000	      2280	8000a7ba	8e4d	c.or	x12,x11	 x12:0x00000000 x11:0x08002208 x12=0x08002208
       23815000	      2282	8000a7bc	02a8dd33	divu	x26,x17,x10	 x17:0x00000000 x10:0x00000000 x26=0xffffffff
       23845000	      2285	8000a7c0	03aa0833	mul	x16,x20,x26	 x20:0x00000000 x26:0xffffffff x16=0x00000000
       23855000	      2286	8000a7c4	1008	c.addi4spn	x10,x2,32	 x10=0x6b8a0000
       23865000	      2287	8000a7c6	34002973	csrrs	x18,mscratch,x0	  x0:0x00000000 x18=0x9002001f
       23875000	      2288	8000a7ca	016ed7b3	srl	x15,x29,x22	 x29:0x4a9d0000 x22:0x00000000 x15=0x4a9d0000
       23885000	      2289	8000a7ce	4f8cea13	ori	x20,x25,1272	 x25:0x80025ce4 x20=0x80025cfc
       23895000	      2290	8000a7d2	00044133	xor	x2,x8,x0	  x8:0xc8a4101a  x0:0x00000000  x2=0xc8a4101a
       23905000	      2291	8000a7d6	8d29	c.xor	x10,x10	 x10:0x6b8a0000 x10:0x6b8a0000 x10=0x00000000
       23915000	      2292	8000a7d8	82f9	c.srli	x13,0x1e	 x13:0x80022357 x13=0x00000002
       23925000	      2293	8000a7da	3405f173	csrrci	x2,mscratch,11	  x2=0x9002001f
       23935000	      2294	8000a7de	0ff0000f	fence	iorw,iorw	
       23945000	      2295	8000a7e2	0eb2	c.slli	x29,0xc	 x29:0x4a9d0000 x29=0xd0000000
       23955000	      2296	8000a7e4	e0b9	c.bnez	x9,8000a82a	  x9:0xf8021dff
       23985000	      2299	8000a82a	0000100f	fence.i	
       24005000	      2301	8000a82e	02ce	c.slli	x5,0x13	  x5:0x00014000  x5=0x00000000
       24015000	      2302	8000a830	02771a63	bne	x14,x7,8000a864	 x14:0x0000001a  x7:0xc8a4125e
       24035000	      2304	8000a864	34095b73	csrrwi	x22,mscratch,18	 x22=0x90020014
       24405000	      2341	8000a868	0274c4b3	div	x9,x9,x7	  x9:0xf8021dff  x7:0xc8a4125e  x9=0x00000000
       24415000	      2342	8000a86c	0001	c.addi	x0,0	  x0:0x00000000  x0=0x00000000
       24425000	      2343	8000a86e	0001	c.addi	x0,0	  x0:0x00000000  x0=0x00000000
       24435000	      2344	8000a870	610d	c.addi16sp	x2,160	  x2:0x9002001f  x2=0x900200bf
       24445000	      2345	8000a872	9d6e	c.add	x26,x27	 x26:0xffffffff x27:0xfffffcc8 x26=0xfffffcc7
       24485000	      2349	8000a874	03c73133	mulhu	x2,x14,x28	 x14:0x0000001a x28:0xf8021dff  x2=0x00000019
       24495000	      2350	8000a878	412b01b3	sub	x3,x22,x18	 x22:0x90020014 x18:0x9002001f  x3=0xfffffff5
       24505000	      2351	8000a87c	e781	c.bnez	x15,8000a884	 x15:0x4a9d0000
       24525000	      2353	8000a884	00c94933	xor	x18,x18,x12	 x18:0x9002001f x12:0x08002208 x18=0x98022217
       24535000	      2354	8000a888	0000100f	fence.i	
       24555000	      2356	8000a88c	8fe1	c.and	x15,x8	 x15:0x4a9d0000  x8:0xc8a4101a x15=0x48840000
       24565000	      2357	8000a88e	0ff0000f	fence	iorw,iorw	
       24575000	      2358	8000a892	0188b733	sltu	x14,x17,x24	 x17:0x00000000 x24:0xf8021dff x14=0x00000001
       24585000	      2359	8000a896	92d08613	addi	x12,x1,-1747	  x1:0x00000000 x12=0xfffff92d
       24595000	      2360	8000a89a	717d	c.addi16sp	x2,-16	  x2:0x00000019  x2=0x00000009
       24605000	      2361	8000a89c	34003873	csrrc	x16,mscratch,x0	  x0:0x00000000 x16=0x00000012
       24615000	      2362	8000a8a0	010c6733	or	x14,x24,x16	 x24:0xf8021dff x16:0x00000012 x14=0xf8021dff
       24625000	      2363	8000a8a4	01425b33	srl	x22,x4,x20	  x4:0x00000001 x20:0x80025cfc x22=0x00000000
       24635000	      2364	8000a8a8	41b9a313	slti	x6,x19,1051	 x19:0x80021df8  x6=0x00000001
       24645000	      2365	8000a8ac	344a4b13	xori	x22,x20,836	 x20:0x80025cfc x22=0x80025fb8
       24675000	      2368	8000a8b0	02a40e33	mul	x28,x8,x10	  x8:0xc8a4101a x10:0x00000000 x28=0x00000000
       24685000	      2369	8000a8b4	8fd5	c.or	x15,x13	 x15:0x48840000 x13:0x00000002 x15=0x48840002
       24695000	      2370	8000a8b6	40425eb3	sra	x29,x4,x4	  x4:0x00000001  x4:0x00000001 x29=0x00000000
       24705000	      2371	8000a8ba	01eef563	bgeu	x29,x30,8000a8c4	 x29:0x00000000 x30:0xefdd79ee
       24715000	      2372	8000a8be	137d	c.addi	x6,-1	  x6:0x00000001  x6=0x00000000
       24725000	      2373	8000a8c0	93be	c.add	x7,x15	  x7:0xc8a4125e x15:0x48840002  x7=0x11281260
       24735000	      2374	8000a8c2	0001	c.addi	x0,0	  x0:0x00000000  x0=0x00000000
       24745000	      2375	8000a8c4	043d9263	bne	x27,x3,8000a908	 x27:0xfffffcc8  x3:0xfffffff5
       25125000	      2413	8000a908	03607533	remu	x10,x0,x22	  x0:0x00000000 x22:0x80025fb8 x10=0x00000000
       25135000	      2414	8000a90c	841e	c.mv	x8,x7	  x0:0x00000000  x7:0x11281260  x8=0x11281260
       25145000	      2415	8000a90e	b4a82d13	slti	x26,x16,-1206	 x16:0x00000012 x26=0x00000000
       25155000	      2416	8000a912	8b61	c.andi	x14,24	 x14:0xf8021dff x14=0x00000018
       25165000	      2417	8000a914	3405b773	csrrc	x14,mscratch,x11	 x11:0x08002208 x14=0x00000012
       25175000	      2418	8000a918	0000100f	fence.i	
       25195000	      2420	8000a91c	cc220113	addi	x2,x4,-830	  x4:0x00000001  x2=0xfffffcc3
       25205000	      2421	8000a920	00ce7533	and	x10,x28,x12	 x28:0x00000000 x12:0xfffff92d x10=0x00000000
       25215000	      2422	8000a924	cf15	c.beqz	x14,8000a960	 x14:0x00000012
       25225000	      2423	8000a926	029f1f63	bne	x30,x9,8000a964	 x30:0xefdd79ee  x9:0x00000000
       25245000	      2425	8000a964	0836	c.slli	x16,0xd	 x16:0x00000012 x16=0x00024000
       25255000	      2426	8000a966	8dc5	c.or	x11,x9	 x11:0x08002208  x9:0x00000000 x11=0x08002208
       25285000	      2429	8000a968	03d88a33	mul	x20,x17,x29	 x17:0x00000000 x29:0x00000000 x20=0x00000000
       25295000	      2430	8000a96c	117d	c.addi	x2,-1	  x2:0xfffffcc3  x2=0xfffffcc2
       25305000	      2431	8000a96e	00f2ba33	sltu	x20,x5,x15	  x5:0x00000000 x15:0x48840002 x20=0x00000001
       25315000	      2432	8000a972	8ead	c.xor	x13,x11	 x13:0x00000002 x11:0x08002208 x13=0x0800220a
       25345000	      2435	8000a974	024602b3	mul	x5,x12,x4	 x12:0xfffff92d  x4:0x00000001  x5=0xfffff92d
       25355000	      2436	8000a978	00aced33	or	x26,x25,x10	 x25:0x80025ce4 x10:0x00000000 x26=0x80025ce4
       25365000	      2437	8000a97c	41628033	sub	x0,x5,x22	  x5:0xfffff92d x22:0x80025fb8  x0=0x00000000
       25375000	      2438	8000a980	0eaa	c.slli	x29,0xa	 x29:0x00000000 x29=0x00000000
       25385000	      2439	8000a982	8ed9	c.or	x13,x14	 x13:0x0800220a x14:0x00000012 x13=0x0800221a
       25395000	      2440	8000a984	01589833	sll	x16,x17,x21	 x17:0x00000000 x21:0x0000001e x16=0x00000000
       25405000	      2441	8000a988	340f5b73	csrrwi	x22,mscratch,30	 x22=0x00000012
       25415000	      2442	8000a98c	340020f3	csrrs	x1,mscratch,x0	  x0:0x00000000  x1=0x0000001e
       25425000	      2443	8000a990	8a72	c.mv	x20,x28	  x0:0x00000000 x28:0x00000000 x20=0x00000000
       25445000	      2445	8000a992	03137b33	remu	x22,x6,x17	  x6:0x00000000 x17:0x00000000 x22=0x00000000
       25455000	      2446	8000a996	b038b693	sltiu	x13,x17,-1277	 x17:0x00000000 x13=0x00000001
       25465000	      2447	8000a99a	34002373	csrrs	x6,mscratch,x0	  x0:0x00000000  x6=0x0000001e
       25475000	      2448	8000a99e	3408fd73	csrrci	x26,mscratch,17	 x26=0x0000001e
       25485000	      2449	8000a9a2	03829a63	bne	x5,x24,8000a9d6	  x5:0xfffff92d x24:0xf8021dff
       25525000	      2453	8000a9d6	0307ea33	rem	x20,x15,x16	 x15:0x48840002 x16:0x00000000 x20=0x48840002
       25535000	      2454	8000a9da	0182c863	blt	x5,x24,8000a9ea	  x5:0xfffff92d x24:0xf8021dff
       25545000	      2455	8000a9de	c791	c.beqz	x15,8000a9ea	 x15:0x48840002
       25555000	      2456	8000a9e0	0000100f	fence.i	
       25575000	      2458	8000a9e4	02b70b63	beq	x14,x11,8000aa1a	 x14:0x00000012 x11:0x08002208
       25585000	      2459	8000a9e8	4f51	c.li	x30,20	 x30=0x00000014
       25595000	      2460	8000a9ea	03f89e63	bne	x17,x31,8000aa26	 x17:0x00000000 x31:0x0000000b
       25625000	      2463	8000aa26	05222c13	slti	x24,x4,82	  x4:0x00000001 x24=0x00000001
       25635000	      2464	8000aa2a	02b76f63	bltu	x14,x11,8000aa68	 x14:0x00000012 x11:0x08002208
       25655000	      2466	8000aa68	8dcd	c.or	x11,x11	 x11:0x08002208 x11:0x08002208 x11=0x08002208
       25665000	      2467	8000aa6a	58c5a113	slti	x2,x11,1420	 x11:0x08002208  x2=0x00000000
       25695000	      2470	8000aa6e	020a88b3	mul	x17,x21,x0	 x21:0x0000001e  x0:0x00000000 x17=0x00000000
       25705000	      2471	8000aa72	00d3b6b3	sltu	x13,x7,x13	  x7:0x11281260 x13:0x00000001 x13=0x00000000
       25725000	      2473	8000aa76	03c96433	rem	x8,x18,x28	 x18:0x98022217 x28:0x00000000  x8=0x98022217
       25735000	      2474	8000aa7a	00801f33	sll	x30,x0,x8	  x0:0x00000000  x8:0x98022217 x30=0x00000000
       25745000	      2475	8000aa7e	0e09	c.addi	x28,2	 x28:0x00000000 x28=0x00000002
       25755000	      2476	8000aa80	ec89	c.bnez	x9,8000aa9a	  x9:0x00000000
       25795000	      2480	8000aa82	03ba30b3	mulhu	x1,x20,x27	 x20:0x48840002 x27:0xfffffcc8  x1=0x4883ff18
       25805000	      2481	8000aa86	0098c733	xor	x14,x17,x9	 x17:0x00000000  x9:0x00000000 x14=0x00000000
       25845000	      2485	8000aa8a	02baa5b3	mulhsu	x11,x21,x11	 x21:0x0000001e x11:0x08002208 x11=0x00000000
       25855000	      2486	8000aa8e	00678e63	beq	x15,x6,8000aaaa	 x15:0x48840002  x6:0x0000001e
       25865000	      2487	8000aa92	34007773	csrrci	x14,mscratch,0	 x14=0x0000000e
       25875000	      2488	8000aa96	00c59f13	slli	x30,x11,0xc	 x11:0x00000000 x30=0x00000000
       25885000	      2489	8000aa9a	40fc8433	sub	x8,x25,x15	 x25:0x80025ce4 x15:0x48840002  x8=0x377e5ce2
       25895000	      2490	8000aa9e	402b5913	srai	x18,x22,0x2	 x22:0x00000000 x18=0x00000000
       26265000	      2527	8000aaa2	034f73b3	remu	x7,x30,x20	 x30:0x00000000 x20:0x48840002  x7=0x00000000
       26275000	      2528	8000aaa6	340cf7f3	csrrci	x15,mscratch,25	 x15=0x0000000e
       26285000	      2529	8000aaaa	3c033613	sltiu	x12,x6,960	  x6:0x0000001e x12=0x00000001
       26295000	      2530	8000aaae	41ac8a33	sub	x20,x25,x26	 x25:0x80025ce4 x26:0x0000001e x20=0x80025cc6
       26305000	      2531	8000aab2	340ea3f3	csrrs	x7,mscratch,x29	 x29:0x00000000  x7=0x00000006
       26315000	      2532	8000aab6	00facc33	xor	x24,x21,x15	 x21:0x0000001e x15:0x0000000e x24=0x00000010
       26325000	      2533	8000aaba	0001	c.addi	x0,0	  x0:0x00000000  x0=0x00000000
       26335000	      2534	8000aabc	34061373	csrrw	x6,mscratch,x12	 x12:0x00000001  x6=0x00000006
       26345000	      2535	8000aac0	406c8bb3	sub	x23,x25,x6	 x25:0x80025ce4  x6:0x00000006 x23=0x80025cde
       26355000	      2536	8000aac4	1680	c.addi4spn	x8,x2,864	  x8=0x00000360
       26725000	      2573	8000aac6	03f55733	divu	x14,x10,x31	 x10:0x00000000 x31:0x0000000b x14=0x00000000
       26735000	      2574	8000aaca	8096	c.mv	x1,x5	  x0:0x00000000  x5:0xfffff92d  x1=0xfffff92d
       26745000	      2575	8000aacc	00137c33	and	x24,x6,x1	  x6:0x00000006  x1:0xfffff92d x24=0x00000004
       26755000	      2576	8000aad0	92ae	c.add	x5,x11	  x5:0xfffff92d x11:0x00000000  x5=0xfffff92d
       26765000	      2577	8000aad2	01fe4133	xor	x2,x28,x31	 x28:0x00000002 x31:0x0000000b  x2=0x00000009
       26775000	      2578	8000aad6	8dad	c.xor	x11,x11	 x11:0x00000000 x11:0x00000000 x11=0x00000000
       26815000	      2582	8000aad8	03b021b3	mulhsu	x3,x0,x27	  x0:0x00000000 x27:0xfffffcc8  x3=0x00000000
       26825000	      2583	8000aadc	4013d293	srai	x5,x7,0x1	  x7:0x00000006  x5=0x00000003
       26835000	      2584	8000aae0	0033af33	slt	x30,x7,x3	  x7:0x00000006  x3:0x00000000 x30=0x00000000
       26845000	      2585	8000aae4	717d	c.addi16sp	x2,-16	  x2:0x00000009  x2=0xfffffff9
       26855000	      2586	8000aae6	8b5d	c.andi	x14,23	 x14:0x00000000 x14=0x00000000
       26865000	      2587	8000aae8	a23db0b7	lui	x1,0xa23db	  x1=0xa23db000
       26905000	      2591	8000aaec	02922933	mulhsu	x18,x4,x9	  x4:0x00000001  x9:0x00000000 x18=0x00000000
       26915000	      2592	8000aaf0	178c	c.addi4spn	x11,x2,992	 x11=0x000003d9
       26925000	      2593	8000aaf2	34e42e93	slti	x29,x8,846	  x8:0x00000360 x29=0x00000000
       26935000	      2594	8000aaf6	00e1d313	srli	x6,x3,0xe	  x3:0x00000000  x6=0x00000000
       26945000	      2595	8000aafa	508d8417	auipc	x8,0x508d8	  x8=0xd08e2afa
       26955000	      2596	8000aafe	34006bf3	csrrsi	x23,mscratch,0	 x23=0x00000001
       26965000	      2597	8000ab02	014a8663	beq	x21,x20,8000ab0e	 x21:0x0000001e x20:0x80025cc6
       26985000	      2599	8000ab06	0293fa33	remu	x20,x7,x9	  x7:0x00000006  x9:0x00000000 x20=0x00000006
       26995000	      2600	8000ab0a	01148b63	beq	x9,x17,8000ab20	  x9:0x00000000 x17:0x00000000
       27015000	      2602	8000ab20	34056bf3	csrrsi	x23,mscratch,10	 x23=0x00000001
       27025000	      2603	8000ab24	82f9	c.srli	x13,0x1e	 x13:0x00000000 x13=0x00000000
       27035000	      2604	8000ab26	a5e3bbb7	lui	x23,0xa5e3b	 x23=0xa5e3b000
       27045000	      2605	8000ab2a	1ded8b97	auipc	x23,0x1ded8	 x23=0x9dee2b2a
       27055000	      2606	8000ab2e	04840063	beq	x8,x8,8000ab6e	  x8:0xd08e2afa  x8:0xd08e2afa
       27075000	      2608	8000ab6e	8fe5	c.and	x15,x9	 x15:0x0000000e  x9:0x00000000 x15=0x00000000
       27085000	      2609	8000ab70	83ad	c.srli	x15,0xb	 x15:0x00000000 x15=0x00000000
       27095000	      2610	8000ab72	0e1c	c.addi4spn	x15,x2,784	 x15=0x00000309
       27105000	      2611	8000ab74	405c07b3	sub	x15,x24,x5	 x24:0x00000004  x5:0x00000003 x15=0x00000001
       27115000	      2612	8000ab78	04835917	auipc	x18,0x4835	 x18=0x8483fb78
       27125000	      2613	8000ab7c	340cedf3	csrrsi	x27,mscratch,25	 x27=0x0000000b
       27135000	      2614	8000ab80	012e6733	or	x14,x28,x18	 x28:0x00000002 x18:0x8483fb78 x14=0x8483fb7a
       27145000	      2615	8000ab84	414c0eb3	sub	x29,x24,x20	 x24:0x00000004 x20:0x00000006 x29=0xfffffffe
       27175000	      2618	8000ab88	03f786b3	mul	x13,x15,x31	 x15:0x00000001 x31:0x0000000b x13=0x0000000b
       27185000	      2619	8000ab8c	00521563	bne	x4,x5,8000ab96	  x4:0x00000001  x5:0x00000003
       27205000	      2621	8000ab96	9936	c.add	x18,x13	 x18:0x8483fb78 x13:0x0000000b x18=0x8483fb83
       27215000	      2622	8000ab98	340e3673	csrrc	x12,mscratch,x28	 x28:0x00000002 x12=0x0000001b
       27225000	      2623	8000ab9c	3401ed73	csrrsi	x26,mscratch,3	 x26=0x00000019
       27235000	      2624	8000aba0	027d	c.addi	x4,31	  x4:0x00000001  x4=0x00000020
       27245000	      2625	8000aba2	01040263	beq	x8,x16,8000aba6	  x8:0xd08e2afa x16:0x00000000
       27255000	      2626	8000aba6	017554b3	srl	x9,x10,x23	 x10:0x00000000 x23:0x9dee2b2a  x9=0x00000000
       27265000	      2627	8000abaa	34022a73	csrrs	x20,mscratch,x4	  x4:0x00000020 x20=0x0000001b
       27275000	      2628	8000abae	414b8033	sub	x0,x23,x20	 x23:0x9dee2b2a x20:0x0000001b  x0=0x00000000
       27285000	      2629	8000abb2	ba392313	slti	x6,x18,-1117	 x18:0x8483fb83  x6=0x00000001
       27295000	      2630	8000abb6	9bfa	c.add	x23,x30	 x23:0x9dee2b2a x30:0x00000000 x23=0x9dee2b2a
       27305000	      2631	8000abb8	01e90763	beq	x18,x30,8000abc6	 x18:0x8483fb83 x30:0x00000000
       27315000	      2632	8000abbc	00a78d33	add	x26,x15,x10	 x15:0x00000001 x10:0x00000000 x26=0x00000001
       27325000	      2633	8000abc0	86bd	c.srai	x13,0xf	 x13:0x0000000b x13=0x00000000
       27335000	      2634	8000abc2	38e91e97	auipc	x29,0x38e91	 x29=0xb8e9bbc2
       27345000	      2635	8000abc6	0001	c.addi	x0,0	  x0:0x00000000  x0=0x00000000
       27355000	      2636	8000abc8	3402b4f3	csrrc	x9,mscratch,x5	  x5:0x00000003  x9=0x0000003b
       27395000	      2640	8000abcc	032e3a33	mulhu	x20,x28,x18	 x28:0x00000002 x18:0x8483fb83 x20=0x00000001
       27405000	      2641	8000abd0	8f45	c.or	x14,x9	 x14:0x8483fb7a  x9:0x0000003b x14=0x8483fb7b
       27415000	      2642	8000abd2	010935b3	sltu	x11,x18,x16	 x18:0x8483fb83 x16:0x00000000 x11=0x00000000
       27425000	      2643	8000abd6	8b4d	c.andi	x14,19	 x14:0x8483fb7b x14=0x00000013
       27435000	      2644	8000abd8	00e71693	slli	x13,x14,0xe	 x14:0x00000013 x13=0x0004c000
       27445000	      2645	8000abdc	9926	c.add	x18,x9	 x18:0x8483fb83  x9:0x0000003b x18=0x8483fbbe
       27455000	      2646	8000abde	951e	c.add	x10,x7	 x10:0x00000000  x7:0x00000006 x10=0x00000006
       27465000	      2647	8000abe0	8c39	c.xor	x8,x14	  x8:0xd08e2afa x14:0x00000013  x8=0xd08e2ae9
       27475000	      2648	8000abe2	00197e63	bgeu	x18,x1,8000abfe	 x18:0x8483fbbe  x1:0xa23db000
       27485000	      2649	8000abe6	05710463	beq	x2,x23,8000ac2e	  x2:0xfffffff9 x23:0x9dee2b2a
       27495000	      2650	8000abea	8e7d	c.and	x12,x15	 x12:0x0000001b x15:0x00000001 x12=0x00000001
       27505000	      2651	8000abec	f65c2713	slti	x14,x24,-155	 x24:0x00000004 x14=0x00000000
       27545000	      2655	8000abf0	020abe33	mulhu	x28,x21,x0	 x21:0x0000001e  x0:0x00000000 x28=0x00000000
       27555000	      2656	8000abf4	87bd	c.srai	x15,0xf	 x15:0x00000001 x15=0x00000000
       27565000	      2657	8000abf6	44f13c13	sltiu	x24,x2,1103	  x2:0xfffffff9 x24=0x00000000
       27575000	      2658	8000abfa	4067d013	srai	x0,x15,0x6	 x15:0x00000000  x0=0x00000000
       27585000	      2659	8000abfe	00ce	c.slli	x1,0x13	  x1:0xa23db000  x1=0x80000000
       27595000	      2660	8000ac00	3403d6f3	csrrwi	x13,mscratch,7	 x13=0x00000038
       27625000	      2663	8000ac04	02a484b3	mul	x9,x9,x10	  x9:0x0000003b x10:0x00000006  x9=0x00000162
       27635000	      2664	8000ac08	9dade193	ori	x3,x27,-1574	 x27:0x0000000b  x3=0xfffff9db
       27645000	      2665	8000ac0c	0145fdb3	and	x27,x11,x20	 x11:0x00000000 x20:0x00000001 x27=0x00000000
       28015000	      2702	8000ac10	0334d1b3	divu	x3,x9,x19	  x9:0x00000162 x19:0x80021df8  x3=0x00000000
       28025000	      2703	8000ac14	34007773	csrrci	x14,mscratch,0	 x14=0x00000007
       28035000	      2704	8000ac18	40fcd113	srai	x2,x25,0xf	 x25:0x80025ce4  x2=0xffff0004
       28045000	      2705	8000ac1c	34003df3	csrrc	x27,mscratch,x0	  x0:0x00000000 x27=0x00000007
       28055000	      2706	8000ac20	8a3e	c.mv	x20,x15	  x0:0x00000000 x15:0x00000000 x20=0x00000000
       28065000	      2707	8000ac22	00a92bb3	slt	x23,x18,x10	 x18:0x8483fbbe x10:0x00000006 x23=0x00000001
       28075000	      2708	8000ac26	34002d73	csrrs	x26,mscratch,x0	  x0:0x00000000 x26=0x00000007
       28085000	      2709	8000ac2a	85bb3eb7	lui	x29,0x85bb3	 x29=0x85bb3000
       28455000	      2746	8000ac2e	03dd6033	rem	x0,x26,x29	 x26:0x00000007 x29:0x85bb3000  x0=0x00000000
       28465000	      2747	8000ac32	340f2873	csrrs	x16,mscratch,x30	 x30:0x00000000 x16=0x00000007
       28475000	      2748	8000ac36	01a0c763	blt	x1,x26,8000ac44	  x1:0x80000000 x26:0x00000007
       28495000	      2750	8000ac44	293f6213	ori	x4,x30,659	 x30:0x00000000  x4=0x00000293
       28865000	      2787	8000ac48	03d5d2b3	divu	x5,x11,x29	 x11:0x00000000 x29:0x85bb3000  x5=0x00000000
       28875000	      2788	8000ac4c	05cd1063	bne	x26,x28,8000ac8c	 x26:0x00000007 x28:0x00000000
       28895000	      2790	8000ac8c	8ff9	c.and	x15,x14	 x15:0x00000000 x14:0x00000007 x15=0x00000000
       28935000	      2794	8000ac8e	022cbdb3	mulhu	x27,x25,x2	 x25:0x80025ce4  x2:0xffff0004 x27=0x8001dce3
       28945000	      2795	8000ac92	8ea1	c.xor	x13,x8	 x13:0x00000038  x8:0xd08e2ae9 x13=0xd08e2ad1
       28955000	      2796	8000ac94	34075473	csrrwi	x8,mscratch,14	  x8=0x00000007
       28965000	      2797	8000ac98	00c49333	sll	x6,x9,x12	  x9:0x00000162 x12:0x00000001  x6=0x000002c4
       28975000	      2798	8000ac9c	8ec9	c.or	x13,x10	 x13:0xd08e2ad1 x10:0x00000006 x13=0xd08e2ad7
       28995000	      2800	8000ac9e	0314d133	divu	x2,x9,x17	  x9:0x00000162 x17:0x00000000  x2=0xffffffff
       29005000	      2801	8000aca2	187d	c.addi	x16,-1	 x16:0x00000007 x16=0x00000006
       29015000	      2802	8000aca4	40055493	srai	x9,x10,0x0	 x10:0x00000006  x9=0x00000006
       29025000	      2803	8000aca8	0001	c.addi	x0,0	  x0:0x00000000  x0=0x00000000
       29035000	      2804	8000acaa	80dd	c.srli	x9,0x17	  x9:0x00000006  x9=0x00000000
       29045000	      2805	8000acac	8fa1	c.xor	x15,x8	 x15:0x00000000  x8:0x00000007 x15=0x00000007
       29055000	      2806	8000acae	036b5f63	bge	x22,x22,8000acec	 x22:0x00000000 x22:0x00000000
       29075000	      2808	8000acec	01704e63	blt	x0,x23,8000ad08	  x0:0x00000000 x23:0x00000001
       29095000	      2810	8000ad08	340d56f3	csrrwi	x13,mscratch,26	 x13=0x0000000e
       29105000	      2811	8000ad0c	340074f3	csrrci	x9,mscratch,0	  x9=0x0000001a
       29115000	      2812	8000ad10	340ee573	csrrsi	x10,mscratch,29	 x10=0x0000001a
       29125000	      2813	8000ad14	0001	c.addi	x0,0	  x0:0x00000000  x0=0x00000000
       29135000	      2814	8000ad16	05f77263	bgeu	x14,x31,8000ad5a	 x14:0x00000007 x31:0x0000000b
       29145000	      2815	8000ad1a	010dc3b3	xor	x7,x27,x16	 x27:0x8001dce3 x16:0x00000006  x7=0x8001dce5
       29155000	      2816	8000ad1e	006c1863	bne	x24,x6,8000ad2e	 x24:0x00000000  x6:0x000002c4
       29185000	      2819	8000ad2e	f5327493	andi	x9,x4,-173	  x4:0x00000293  x9=0x00000213
       29195000	      2820	8000ad32	28883213	sltiu	x4,x16,648	 x16:0x00000006  x4=0x00000001
       29205000	      2821	8000ad36	0001	c.addi	x0,0	  x0:0x00000000  x0=0x00000000
       29215000	      2822	8000ad38	4b877037	lui	x0,0x4b877	  x0=0x00000000
       29225000	      2823	8000ad3c	38f88513	addi	x10,x17,911	 x17:0x00000000 x10=0x0000038f
       29235000	      2824	8000ad40	81c9	c.srli	x11,0x12	 x11:0x00000000 x11=0x00000000
       29245000	      2825	8000ad42	c1b1	c.beqz	x11,8000ad86	 x11:0x00000000
       29275000	      2828	8000ad86	01b85213	srli	x4,x16,0x1b	 x16:0x00000006  x4=0x00000000
       29285000	      2829	8000ad8a	05ff1163	bne	x30,x31,8000adcc	 x30:0x00000000 x31:0x0000000b
       29305000	      2831	8000adcc	0168f263	bgeu	x17,x22,8000add0	 x17:0x00000000 x22:0x00000000
       29325000	      2833	8000add0	00f8d493	srli	x9,x17,0xf	 x17:0x00000000  x9=0x00000000
       29335000	      2834	8000add4	87b1	c.srai	x15,0xc	 x15:0x00000007 x15=0x00000000
       29345000	      2835	8000add6	34006873	csrrsi	x16,mscratch,0	 x16=0x0000001f
       29355000	      2836	8000adda	410706b3	sub	x13,x14,x16	 x14:0x00000007 x16:0x0000001f x13=0xffffffe8
       29365000	      2837	8000adde	00b946b3	xor	x13,x18,x11	 x18:0x8483fbbe x11:0x00000000 x13=0x8483fbbe
       29375000	      2838	8000ade2	53ef0493	addi	x9,x30,1342	 x30:0x00000000  x9=0x0000053e
       29385000	      2839	8000ade6	e905	c.bnez	x10,8000ae16	 x10:0x0000038f
       29415000	      2842	8000ae16	00d581b3	add	x3,x11,x13	 x11:0x00000000 x13:0x8483fbbe  x3=0x8483fbbe
       29425000	      2843	8000ae1a	a29ecf13	xori	x30,x29,-1495	 x29:0x85bb3000 x30=0x7a44ca29
       29435000	      2844	8000ae1e	952ac713	xori	x14,x21,-1710	 x21:0x0000001e x14=0xfffff94c
       29445000	      2845	8000ae22	e499	c.bnez	x9,8000ae30	  x9:0x0000053e
       29495000	      2850	8000ae30	034c2333	mulhsu	x6,x24,x20	 x24:0x00000000 x20:0x00000000  x6=0x00000000
       29865000	      2887	8000ae34	0239c7b3	div	x15,x19,x3	 x19:0x80021df8  x3:0x8483fbbe x15=0x00000001
       29875000	      2888	8000ae38	8d45	c.or	x10,x9	 x10:0x0000038f  x9:0x0000053e x10=0x000007bf
       29885000	      2889	8000ae3a	00539893	slli	x17,x7,0x5	  x7:0x8001dce5 x17=0x003b9ca0
       29895000	      2890	8000ae3e	f4fbf313	andi	x6,x23,-177	 x23:0x00000001  x6=0x00000001
       29905000	      2891	8000ae42	8c4d	c.or	x8,x11	  x8:0x00000007 x11:0x00000000  x8=0x00000007
       29915000	      2892	8000ae44	f07b7f13	andi	x30,x22,-249	 x22:0x00000000 x30=0x00000000
       29925000	      2893	8000ae48	03121263	bne	x4,x17,8000ae6c	  x4:0x00000000 x17:0x003b9ca0
       29945000	      2895	8000ae6c	340062f3	csrrsi	x5,mscratch,0	  x5=0x0000001f
       29955000	      2896	8000ae70	0301dd63	bge	x3,x16,8000aeaa	  x3:0x8483fbbe x16:0x0000001f
       29965000	      2897	8000ae74	01ce53b3	srl	x7,x28,x28	 x28:0x00000000 x28:0x00000000  x7=0x00000000
       29975000	      2898	8000ae78	340aa473	csrrs	x8,mscratch,x21	 x21:0x0000001e  x8=0x0000001f
       30345000	      2935	8000ae7c	031fd733	divu	x14,x31,x17	 x31:0x0000000b x17:0x003b9ca0 x14=0x00000000
       30355000	      2936	8000ae80	01295233	srl	x4,x18,x18	 x18:0x8483fbbe x18:0x8483fbbe  x4=0x00000002
       30365000	      2937	8000ae84	031e	c.slli	x6,0x7	  x6:0x00000001  x6=0x00000080
       30375000	      2938	8000ae86	016a38b3	sltu	x17,x20,x22	 x20:0x00000000 x22:0x00000000 x17=0x00000000
       30385000	      2939	8000ae8a	987d	c.andi	x8,-1	  x8:0x0000001f  x8=0x0000001f
       30395000	      2940	8000ae8c	567d	c.li	x12,-1	 x12=0xffffffff
       30405000	      2941	8000ae8e	9ee5fb37	lui	x22,0x9ee5f	 x22=0x9ee5f000
       30415000	      2942	8000ae92	8d8d	c.sub	x11,x11	 x11:0x00000000 x11:0x00000000 x11=0x00000000
       30425000	      2943	8000ae94	0076e763	bltu	x13,x7,8000aea2	 x13:0x8483fbbe  x7:0x00000000
       30435000	      2944	8000ae98	8c09	c.sub	x8,x10	  x8:0x0000001f x10:0x000007bf  x8=0xfffff860
       30445000	      2945	8000ae9a	340eff73	csrrci	x30,mscratch,29	 x30=0x0000001f
       30455000	      2946	8000ae9e	4095d393	srai	x7,x11,0x9	 x11:0x00000000  x7=0x00000000
       30465000	      2947	8000aea2	0116fb33	and	x22,x13,x17	 x13:0x8483fbbe x17:0x00000000 x22=0x00000000
       30475000	      2948	8000aea6	717d	c.addi16sp	x2,-16	  x2:0xffffffff  x2=0xffffffef
       30485000	      2949	8000aea8	8cb5	c.xor	x9,x13	  x9:0x0000053e x13:0x8483fbbe  x9=0x8483fe80
       30495000	      2950	8000aeaa	0135cc63	blt	x11,x19,8000aec2	 x11:0x00000000 x19:0x80021df8
       30505000	      2951	8000aeae	137d	c.addi	x6,-1	  x6:0x00000080  x6=0x0000007f
       30515000	      2952	8000aeb0	84bd	c.srai	x9,0xf	  x9:0x8483fe80  x9=0xffff0907
       30535000	      2954	8000aeb2	03607c33	remu	x24,x0,x22	  x0:0x00000000 x22:0x00000000 x24=0x00000000
       30545000	      2955	8000aeb6	011cf0b3	and	x1,x25,x17	 x25:0x80025ce4 x17:0x00000000  x1=0x00000000
       30555000	      2956	8000aeba	1f18b917	auipc	x18,0x1f18b	 x18=0x9f195eba
       30565000	      2957	8000aebe	2ded7413	andi	x8,x26,734	 x26:0x00000007  x8=0x00000006
       30575000	      2958	8000aec2	e7269d37	lui	x26,0xe7269	 x26=0xe7269000
       30585000	      2959	8000aec6	9afd	c.andi	x13,-1	 x13:0x8483fbbe x13=0x8483fbbe
       30595000	      2960	8000aec8	001ab833	sltu	x16,x21,x1	 x21:0x0000001e  x1:0x00000000 x16=0x00000000
       30605000	      2961	8000aecc	8eea	c.mv	x29,x26	  x0:0x00000000 x26:0xe7269000 x29=0xe7269000
       30645000	      2965	8000aece	03ed3833	mulhu	x16,x26,x30	 x26:0xe7269000 x30:0x0000001f x16=0x0000001b
       30655000	      2966	8000aed2	04328263	beq	x5,x3,8000af16	  x5:0x0000001f  x3:0x8483fbbe
       30665000	      2967	8000aed6	717d	c.addi16sp	x2,-16	  x2:0xffffffef  x2=0xffffffdf
       30675000	      2968	8000aed8	86c9	c.srai	x13,0x12	 x13:0x8483fbbe x13=0xffffe120
       30685000	      2969	8000aeda	02e71a63	bne	x14,x14,8000af0e	 x14:0x00000000 x14:0x00000000
       30695000	      2970	8000aede	00a71093	slli	x1,x14,0xa	 x14:0x00000000  x1=0x00000000
       30705000	      2971	8000aee2	01bf1713	slli	x14,x30,0x1b	 x30:0x0000001f x14=0xf8000000
       31075000	      3008	8000aee6	03dbd633	divu	x12,x23,x29	 x23:0x00000001 x29:0xe7269000 x12=0x00000000
       31085000	      3009	8000aeea	34006073	csrrsi	x0,mscratch,0	  x0=0x00000000
       31095000	      3010	8000aeee	c2521917	auipc	x18,0xc2521	 x18=0x4252beee
       31105000	      3011	8000aef2	410f56b3	sra	x13,x30,x16	 x30:0x0000001f x16:0x0000001b x13=0x00000000
       31115000	      3012	8000aef6	3404ba73	csrrc	x20,mscratch,x9	  x9:0xffff0907 x20=0x00000002
       31125000	      3013	8000aefa	98fa	c.add	x17,x30	 x17:0x00000000 x30:0x0000001f x17=0x0000001f
       31135000	      3014	8000aefc	00aaa2b3	slt	x5,x21,x10	 x21:0x0000001e x10:0x000007bf  x5=0x00000001
       31145000	      3015	8000af00	8e69	c.and	x12,x10	 x12:0x00000000 x10:0x000007bf x12=0x00000000
       31155000	      3016	8000af02	8686	c.mv	x13,x1	  x0:0x00000000  x1:0x00000000 x13=0x00000000
       31165000	      3017	8000af04	411a83b3	sub	x7,x21,x17	 x21:0x0000001e x17:0x0000001f  x7=0xffffffff
       31175000	      3018	8000af08	023e	c.slli	x4,0xf	  x4:0x00000002  x4=0x00010000
       31195000	      3020	8000af0a	03c85db3	divu	x27,x16,x28	 x16:0x0000001b x28:0x00000000 x27=0xffffffff
       31205000	      3021	8000af0e	000d01b3	add	x3,x26,x0	 x26:0xe7269000  x0:0x00000000  x3=0xe7269000
       31575000	      3058	8000af12	035cd033	divu	x0,x25,x21	 x25:0x80025ce4 x21:0x0000001e  x0=0x00000000
       31585000	      3059	8000af16	8e61	c.and	x12,x8	 x12:0x00000000  x8:0x00000006 x12=0x00000000
       31595000	      3060	8000af18	8ac1	c.andi	x13,16	 x13:0x00000000 x13=0x00000000
       31605000	      3061	8000af1a	826d	c.srli	x12,0x1b	 x12:0x00000000 x12=0x00000000
       31615000	      3062	8000af1c	00655713	srli	x14,x10,0x6	 x10:0x000007bf x14=0x0000001e
       31625000	      3063	8000af20	01a34763	blt	x6,x26,8000af2e	  x6:0x0000007f x26:0xe7269000
       31635000	      3064	8000af24	c499	c.beqz	x9,8000af32	  x9:0xffff0907
       31645000	      3065	8000af26	6bb0abb7	lui	x23,0x6bb0a	 x23=0x6bb0a000
       31655000	      3066	8000af2a	0aa1a913	slti	x18,x3,170	  x3:0xe7269000 x18=0x00000001
       32025000	      3103	8000af2e	03586d33	rem	x26,x16,x21	 x16:0x0000001b x21:0x0000001e x26=0x0000001b
       32035000	      3104	8000af32	0001	c.addi	x0,0	  x0:0x00000000  x0=0x00000000
       32045000	      3105	8000af34	0001	c.addi	x0,0	  x0:0x00000000  x0=0x00000000
       32055000	      3106	8000af36	0073d413	srli	x8,x7,0x7	  x7:0xffffffff  x8=0x01ffffff
       32065000	      3107	8000af3a	f7087293	andi	x5,x16,-144	 x16:0x0000001b  x5=0x00000010
       32075000	      3108	8000af3e	014d1213	slli	x4,x26,0x14	 x26:0x0000001b  x4=0x01b00000
       32085000	      3109	8000af42	0141e563	bltu	x3,x20,8000af4c	  x3:0xe7269000 x20:0x00000002
       32095000	      3110	8000af46	0b96	c.slli	x23,0x5	 x23:0x6bb0a000 x23=0x76140000
       32105000	      3111	8000af48	008ea033	slt	x0,x29,x8	 x29:0xe7269000  x8:0x01ffffff  x0=0x00000000
       32115000	      3112	8000af4c	0001	c.addi	x0,0	  x0:0x00000000  x0=0x00000000
       32125000	      3113	8000af4e	8cc5	c.or	x9,x9	  x9:0xffff0907  x9:0xffff0907  x9=0xffff0907
       32135000	      3114	8000af50	9462	c.add	x8,x24	  x8:0x01ffffff x24:0x00000000  x8=0x01ffffff
       32145000	      3115	8000af52	000fd193	srli	x3,x31,0x0	 x31:0x0000000b  x3=0x0000000b
       32155000	      3116	8000af56	0cf8eb97	auipc	x23,0xcf8e	 x23=0x8cf98f56
       32525000	      3153	8000af5a	037e58b3	divu	x17,x28,x23	 x28:0x00000000 x23:0x8cf98f56 x17=0x00000000
       32565000	      3157	8000af5e	024111b3	mulh	x3,x2,x4	  x2:0xffffffdf  x4:0x01b00000  x3=0xffffffff
       32575000	      3158	8000af62	c785	c.beqz	x15,8000af8a	 x15:0x00000001
       32615000	      3162	8000af64	02e8a933	mulhsu	x18,x17,x14	 x17:0x00000000 x14:0x0000001e x18=0x00000000
       32625000	      3163	8000af68	3406d8f3	csrrwi	x17,mscratch,13	 x17=0x00000000
       32635000	      3164	8000af6c	34019973	csrrw	x18,mscratch,x3	  x3:0xffffffff x18=0x0000000d
       32675000	      3168	8000af70	03701a33	mulh	x20,x0,x23	  x0:0x00000000 x23:0x8cf98f56 x20=0x00000000
       32685000	      3169	8000af74	078b7b13	andi	x22,x22,120	 x22:0x00000000 x22=0x00000000
       32695000	      3170	8000af78	8ee5	c.and	x13,x9	 x13:0x00000000  x9:0xffff0907 x13=0x00000000
       32735000	      3174	8000af7a	022511b3	mulh	x3,x10,x2	 x10:0x000007bf  x2:0xffffffdf  x3=0xffffffff
       32745000	      3175	8000af7e	e412bd93	sltiu	x27,x5,-447	  x5:0x00000010 x27=0x00000001
       32755000	      3176	8000af82	014c3d33	sltu	x26,x24,x20	 x24:0x00000000 x20:0x00000000 x26=0x00000000
       32765000	      3177	8000af86	09450093	addi	x1,x10,148	 x10:0x000007bf  x1=0x00000853
       32775000	      3178	8000af8a	00f71bb3	sll	x23,x14,x15	 x14:0x0000001e x15:0x00000001 x23=0x0000003c
       32795000	      3180	8000af8e	03105433	divu	x8,x0,x17	  x0:0x00000000 x17:0x00000000  x8=0xffffffff
       32835000	      3184	8000af92	0236a733	mulhsu	x14,x13,x3	 x13:0x00000000  x3:0xffffffff x14=0x00000000
       32875000	      3188	8000af96	0215b533	mulhu	x10,x11,x1	 x11:0x00000000  x1:0x00000853 x10=0x00000000
       32885000	      3189	8000af9a	0115ae33	slt	x28,x11,x17	 x11:0x00000000 x17:0x00000000 x28=0x00000000
       32895000	      3190	8000af9e	00ca17b3	sll	x15,x20,x12	 x20:0x00000000 x12:0x00000000 x15=0x00000000
       32915000	      3192	8000afa2	02f6c533	div	x10,x13,x15	 x13:0x00000000 x15:0x00000000 x10=0xffffffff
       32925000	      3193	8000afa6	340d17f3	csrrw	x15,mscratch,x26	 x26:0x00000000 x15=0xffffffff
       32935000	      3194	8000afaa	086d	c.addi	x16,27	 x16:0x0000001b x16=0x00000036
       32945000	      3195	8000afac	0001	c.addi	x0,0	  x0:0x00000000  x0=0x00000000
       32955000	      3196	8000afae	0ff0000f	fence	iorw,iorw	
       32965000	      3197	8000afb2	8411	c.srai	x8,0x4	  x8:0xffffffff  x8=0xffffffff
       32975000	      3198	8000afb4	010c5eb3	srl	x29,x24,x16	 x24:0x00000000 x16:0x00000036 x29=0x00000000
       32985000	      3199	8000afb8	50530813	addi	x16,x6,1285	  x6:0x0000007f x16=0x00000584
       32995000	      3200	8000afbc	83ad	c.srli	x15,0xb	 x15:0xffffffff x15=0x001fffff
       33005000	      3201	8000afbe	ef01	c.bnez	x14,8000afd6	 x14:0x00000000
       33015000	      3202	8000afc0	340533f3	csrrc	x7,mscratch,x10	 x10:0xffffffff  x7=0x00000000
       33025000	      3203	8000afc4	01e01613	slli	x12,x0,0x1e	  x0:0x00000000 x12=0x00000000
       33035000	      3204	8000afc8	340756f3	csrrwi	x13,mscratch,14	 x13=0x00000000
       33045000	      3205	8000afcc	40150e33	sub	x28,x10,x1	 x10:0xffffffff  x1:0x00000853 x28=0xfffff7ac
       33065000	      3207	8000afd0	03affeb3	remu	x29,x31,x26	 x31:0x0000000b x26:0x00000000 x29=0x0000000b
       33075000	      3208	8000afd4	936a	c.add	x6,x26	  x6:0x0000007f x26:0x00000000  x6=0x0000007f
       33085000	      3209	8000afd6	3e8f2d13	slti	x26,x30,1000	 x30:0x0000001f x26=0x00000001
       33095000	      3210	8000afda	01be5693	srli	x13,x28,0x1b	 x28:0xfffff7ac x13=0x0000001f
       33105000	      3211	8000afde	010eda13	srli	x20,x29,0x10	 x29:0x0000000b x20=0x00000000
       33115000	      3212	8000afe2	1984	c.addi4spn	x9,x2,240	  x9=0x000000cf
       33125000	      3213	8000afe4	871a	c.mv	x14,x6	  x0:0x00000000  x6:0x0000007f x14=0x0000007f
       33135000	      3214	8000afe6	e13be893	ori	x17,x23,-493	 x23:0x0000003c x17=0xfffffe3f
       33145000	      3215	8000afea	730bc393	xori	x7,x23,1840	 x23:0x0000003c  x7=0x0000070c
       33155000	      3216	8000afee	03b37863	bgeu	x6,x27,8000b01e	  x6:0x0000007f x27:0x00000001
       33175000	      3218	8000b01e	8d6d	c.and	x10,x11	 x10:0xffffffff x11:0x00000000 x10=0x00000000
       33185000	      3219	8000b020	340023f3	csrrs	x7,mscratch,x0	  x0:0x00000000  x7=0x0000000e
       33195000	      3220	8000b024	40ef5393	srai	x7,x30,0xe	 x30:0x0000001f  x7=0x00000000
       33205000	      3221	8000b028	6105	c.addi16sp	x2,32	  x2:0xffffffdf  x2=0xffffffff
       33215000	      3222	8000b02a	87fd	c.srai	x15,0x1f	 x15:0x001fffff x15=0x00000000
       33225000	      3223	8000b02c	01e51333	sll	x6,x10,x30	 x10:0x00000000 x30:0x0000001f  x6=0x00000000
       33235000	      3224	8000b030	008a9e13	slli	x28,x21,0x8	 x21:0x0000001e x28=0x00001e00
       33245000	      3225	8000b034	41af01b3	sub	x3,x30,x26	 x30:0x0000001f x26:0x00000001  x3=0x0000001e
       33255000	      3226	8000b038	3406d073	csrrwi	x0,mscratch,13	  x0=0x00000000
       33265000	      3227	8000b03c	00bf1393	slli	x7,x30,0xb	 x30:0x0000001f  x7=0x0000f800
       33275000	      3228	8000b040	407c51b3	sra	x3,x24,x7	 x24:0x00000000  x7:0x0000f800  x3=0x00000000
       33285000	      3229	8000b044	03c3c863	blt	x7,x28,8000b074	  x7:0x0000f800 x28:0x00001e00
       33295000	      3230	8000b048	8092	c.mv	x1,x4	  x0:0x00000000  x4:0x01b00000  x1=0x01b00000
       33305000	      3231	8000b04a	00aa9013	slli	x0,x21,0xa	 x21:0x0000001e  x0=0x00000000
       33315000	      3232	8000b04e	40608ab3	sub	x21,x1,x6	  x1:0x01b00000  x6:0x00000000 x21=0x01b00000
       33325000	      3233	8000b052	0217cd63	blt	x15,x1,8000b08c	 x15:0x00000000  x1:0x01b00000
       33345000	      3235	8000b08c	41f7d2b3	sra	x5,x15,x31	 x15:0x00000000 x31:0x0000000b  x5=0x00000000
       33355000	      3236	8000b090	8a354a13	xori	x20,x10,-1885	 x10:0x00000000 x20=0xfffff8a3
       33365000	      3237	8000b094	97ae	c.add	x15,x11	 x15:0x00000000 x11:0x00000000 x15=0x00000000
       33375000	      3238	8000b096	4116d293	srai	x5,x13,0x11	 x13:0x0000001f  x5=0x00000000
       33385000	      3239	8000b09a	0089d133	srl	x2,x19,x8	 x19:0x80021df8  x8:0xffffffff  x2=0x00000001
       33395000	      3240	8000b09e	007fe263	bltu	x31,x7,8000b0a2	 x31:0x0000000b  x7:0x0000f800
       33425000	      3243	8000b0a2	01c61c13	slli	x24,x12,0x1c	 x12:0x00000000 x24=0x00000000
       33435000	      3244	8000b0a6	98de	c.add	x17,x23	 x17:0xfffffe3f x23:0x0000003c x17=0xfffffe7b
       33445000	      3245	8000b0a8	cd89	c.beqz	x11,8000b0c2	 x11:0x00000000
       33475000	      3248	8000b0c2	015ac333	xor	x6,x21,x21	 x21:0x01b00000 x21:0x01b00000  x6=0x00000000
       33485000	      3249	8000b0c6	8145	c.srli	x10,0x11	 x10:0x00000000 x10=0x00000000
       33495000	      3250	8000b0c8	7fe4ce93	xori	x29,x9,2046	  x9:0x000000cf x29=0x00000731
       33505000	      3251	8000b0cc	987d	c.andi	x8,-1	  x8:0xffffffff  x8=0xffffffff
       33515000	      3252	8000b0ce	1c7d	c.addi	x24,-1	 x24:0x00000000 x24=0xffffffff
       33525000	      3253	8000b0d0	7adec293	xori	x5,x29,1965	 x29:0x00000731  x5=0x0000009c
       33535000	      3254	8000b0d4	8eb9	c.xor	x13,x14	 x13:0x0000001f x14:0x0000007f x13=0x00000060
       33545000	      3255	8000b0d6	187d	c.addi	x16,-1	 x16:0x00000584 x16=0x00000583
       33555000	      3256	8000b0d8	8f2d	c.xor	x14,x11	 x14:0x0000007f x11:0x00000000 x14=0x0000007f
       33565000	      3257	8000b0da	13eb7493	andi	x9,x22,318	 x22:0x00000000  x9=0x00000000
       33575000	      3258	8000b0de	c595	c.beqz	x11,8000b10a	 x11:0x00000000
       33605000	      3261	8000b10a	05dbe163	bltu	x23,x29,8000b14c	 x23:0x0000003c x29:0x00000731
       33625000	      3263	8000b14c	daf93793	sltiu	x15,x18,-593	 x18:0x0000000d x15=0x00000001
       33635000	      3264	8000b150	0372da63	bge	x5,x23,8000b184	  x5:0x0000009c x23:0x0000003c
       33655000	      3266	8000b184	7ba20537	lui	x10,0x7ba20	 x10=0x7ba20000
       33665000	      3267	8000b188	01f6a6b3	slt	x13,x13,x31	 x13:0x00000060 x31:0x0000000b x13=0x00000000
       33675000	      3268	8000b18c	6139	c.addi16sp	x2,448	  x2:0x00000001  x2=0x000001c1
       34045000	      3305	8000b18e	03555d33	divu	x26,x10,x21	 x10:0x7ba20000 x21:0x01b00000 x26=0x00000049
       34055000	      3306	8000b192	87e2	c.mv	x15,x24	  x0:0x00000000 x24:0xffffffff x15=0xffffffff
       34065000	      3307	8000b194	0001	c.addi	x0,0	  x0:0x00000000  x0=0x00000000
       34075000	      3308	8000b196	340276f3	csrrci	x13,mscratch,4	 x13=0x0000000d
       34085000	      3309	8000b19a	4163dc13	srai	x24,x7,0x16	  x7:0x0000f800 x24=0x00000000
       34455000	      3346	8000b19e	032b50b3	divu	x1,x22,x18	 x22:0x00000000 x18:0x0000000d  x1=0x00000000
       34465000	      3347	8000b1a2	896d	c.andi	x10,27	 x10:0x7ba20000 x10=0x00000000
       34475000	      3348	8000b1a4	88d6	c.mv	x17,x21	  x0:0x00000000 x21:0x01b00000 x17=0x01b00000
       34485000	      3349	8000b1a6	e609	c.bnez	x12,8000b1b0	 x12:0x00000000
       34495000	      3350	8000b1a8	0dba	c.slli	x27,0xe	 x27:0x00000001 x27=0x00004000
       34505000	      3351	8000b1aa	4564f113	andi	x2,x9,1110	  x9:0x00000000  x2=0x00000000
       34515000	      3352	8000b1ae	c01d	c.beqz	x8,8000b1d4	  x8:0xffffffff
       34525000	      3353	8000b1b0	0001	c.addi	x0,0	  x0:0x00000000  x0=0x00000000
       34535000	      3354	8000b1b2	412650b3	sra	x1,x12,x18	 x12:0x00000000 x18:0x0000000d  x1=0x00000000
       34555000	      3356	8000b1b6	029056b3	divu	x13,x0,x9	  x0:0x00000000  x9:0x00000000 x13=0xffffffff
       34565000	      3357	8000b1ba	717d	c.addi16sp	x2,-16	  x2:0x00000000  x2=0xfffffff0
       34575000	      3358	8000b1bc	e3a4f213	andi	x4,x9,-454	  x9:0x00000000  x4=0x00000000
       34585000	      3359	8000b1c0	3409fb73	csrrci	x22,mscratch,19	 x22=0x00000009
       34595000	      3360	8000b1c4	1899c493	xori	x9,x19,393	 x19:0x80021df8  x9=0x80021c71
       34605000	      3361	8000b1c8	3406d3f3	csrrwi	x7,mscratch,13	  x7=0x00000008
       34645000	      3365	8000b1cc	02342bb3	mulhsu	x23,x8,x3	  x8:0xffffffff  x3:0x00000000 x23=0x00000000
       34655000	      3366	8000b1d0	acc633b7	lui	x7,0xacc63	  x7=0xacc63000
       34665000	      3367	8000b1d4	6329	c.lui	x6,0xa	  x6=0x0000a000
       34675000	      3368	8000b1d6	9bfd	c.andi	x15,-1	 x15:0xffffffff x15=0xffffffff
       34685000	      3369	8000b1d8	8e41	c.or	x12,x8	 x12:0x00000000  x8:0xffffffff x12=0xffffffff
       34725000	      3373	8000b1da	03f3ab33	mulhsu	x22,x7,x31	  x7:0xacc63000 x31:0x0000000b x22=0xfffffffc
       34735000	      3374	8000b1de	3b260db7	lui	x27,0x3b260	 x27=0x3b260000
       34745000	      3375	8000b1e2	04dac163	blt	x21,x13,8000b224	 x21:0x01b00000 x13:0xffffffff
       34755000	      3376	8000b1e6	8e4d	c.or	x12,x11	 x12:0xffffffff x11:0x00000000 x12=0xffffffff
       34785000	      3379	8000b1e8	02818db3	mul	x27,x3,x8	  x3:0x00000000  x8:0xffffffff x27=0x00000000
       34795000	      3380	8000b1ec	4201	c.li	x4,0	  x4=0x00000000
       34805000	      3381	8000b1ee	cc9d	c.beqz	x9,8000b22c	  x9:0x80021c71
       34815000	      3382	8000b1f0	c509	c.beqz	x10,8000b1fa	 x10:0x00000000
       34845000	      3385	8000b1fa	3406d173	csrrwi	x2,mscratch,13	  x2=0x0000000d
       34875000	      3388	8000b1fe	033f0533	mul	x10,x30,x19	 x30:0x0000001f x19:0x80021df8 x10=0x8041a108
       34885000	      3389	8000b202	41395333	sra	x6,x18,x19	 x18:0x0000000d x19:0x80021df8  x6=0x00000000
       34895000	      3390	8000b206	9af6	c.add	x21,x29	 x21:0x01b00000 x29:0x00000731 x21=0x01b00731
       34905000	      3391	8000b208	340738f3	csrrc	x17,mscratch,x14	 x14:0x0000007f x17=0x0000000d
       34915000	      3392	8000b20c	033f9a63	bne	x31,x19,8000b240	 x31:0x0000000b x19:0x80021df8
       34965000	      3397	8000b240	02fcbdb3	mulhu	x27,x25,x15	 x25:0x80025ce4 x15:0xffffffff x27=0x80025ce3
       34975000	      3398	8000b244	0253ee63	bltu	x7,x5,8000b280	  x7:0xacc63000  x5:0x0000009c
       34985000	      3399	8000b248	34003af3	csrrc	x21,mscratch,x0	  x0:0x00000000 x21=0x00000000
       34995000	      3400	8000b24c	00a59663	bne	x11,x10,8000b258	 x11:0x00000000 x10:0x8041a108
       35015000	      3402	8000b258	04809163	bne	x1,x8,8000b29a	  x1:0x00000000  x8:0xffffffff
       35045000	      3405	8000b29a	00127e63	bgeu	x4,x1,8000b2b6	  x4:0x00000000  x1:0x00000000
       35065000	      3407	8000b2b6	0856	c.slli	x16,0x15	 x16:0x00000583 x16=0xb0600000
       35075000	      3408	8000b2b8	862d	c.srai	x12,0xb	 x12:0xffffffff x12=0xffffffff
       35445000	      3445	8000b2ba	029ccc33	div	x24,x25,x9	 x25:0x80025ce4  x9:0x80021c71 x24=0x00000000
       35455000	      3446	8000b2be	00b6c1b3	xor	x3,x13,x11	 x13:0xffffffff x11:0x00000000  x3=0xffffffff
       35465000	      3447	8000b2c2	8629	c.srai	x12,0xa	 x12:0xffffffff x12=0xffffffff
       35475000	      3448	8000b2c4	0001	c.addi	x0,0	  x0:0x00000000  x0=0x00000000
       35485000	      3449	8000b2c6	01be3eb3	sltu	x29,x28,x27	 x28:0x00001e00 x27:0x80025ce3 x29=0x00000001
       35495000	      3450	8000b2ca	c785	c.beqz	x15,8000b2f2	 x15:0xffffffff
       35505000	      3451	8000b2cc	717d	c.addi16sp	x2,-16	  x2:0x0000000d  x2=0xfffffffd
       35515000	      3452	8000b2ce	0ff0000f	fence	iorw,iorw	
       35525000	      3453	8000b2d2	01b4da63	bge	x9,x27,8000b2e6	  x9:0x80021c71 x27:0x80025ce3
       35895000	      3490	8000b2d6	03aa7433	remu	x8,x20,x26	 x20:0xfffff8a3 x26:0x00000049  x8=0x0000002d
       35935000	      3494	8000b2da	035924b3	mulhsu	x9,x18,x21	 x18:0x0000000d x21:0x00000000  x9=0x00000000
       35945000	      3495	8000b2de	01b99233	sll	x4,x19,x27	 x19:0x80021df8 x27:0x80025ce3  x4=0x0010efc0
       35955000	      3496	8000b2e2	34007d73	csrrci	x26,mscratch,0	 x26=0x00000000
       35965000	      3497	8000b2e6	674d	c.lui	x14,0x13	 x14=0x00013000
       35975000	      3498	8000b2e8	c896b697	auipc	x13,0xc896b	 x13=0x489762e8
       35985000	      3499	8000b2ec	01b52733	slt	x14,x10,x27	 x10:0x8041a108 x27:0x80025ce3 x14=0x00000000
       35995000	      3500	8000b2f0	0d2e	c.slli	x26,0xb	 x26:0x00000000 x26=0x00000000
       36005000	      3501	8000b2f2	8bed	c.andi	x15,27	 x15:0xffffffff x15=0x0000001b
       36015000	      3502	8000b2f4	997a	c.add	x18,x30	 x18:0x0000000d x30:0x0000001f x18=0x0000002c
       36385000	      3539	8000b2f6	039be833	rem	x16,x23,x25	 x23:0x00000000 x25:0x80025ce4 x16=0x00000000
       36395000	      3540	8000b2fa	bbbb2593	slti	x11,x22,-1093	 x22:0xfffffffc x11=0x00000000
       36405000	      3541	8000b2fe	40e85eb3	sra	x29,x16,x14	 x16:0x00000000 x14:0x00000000 x29=0x00000000
       36415000	      3542	8000b302	00c8c4b3	xor	x9,x17,x12	 x17:0x0000000d x12:0xffffffff  x9=0xfffffff2
       36425000	      3543	8000b306	01358db3	add	x27,x11,x19	 x11:0x00000000 x19:0x80021df8 x27=0x80021df8
       36435000	      3544	8000b30a	010fdd93	srli	x27,x31,0x10	 x31:0x0000000b x27=0x00000000
       36445000	      3545	8000b30e	11f70e13	addi	x28,x14,287	 x14:0x00000000 x28=0x0000011f
       36455000	      3546	8000b312	8ef9	c.and	x13,x14	 x13:0x489762e8 x14:0x00000000 x13=0x00000000
       36465000	      3547	8000b314	8a29	c.andi	x12,10	 x12:0xffffffff x12=0x0000000a
       36475000	      3548	8000b316	99fd	c.andi	x11,-1	 x11:0x00000000 x11=0x00000000
       36485000	      3549	8000b318	e4ccad93	slti	x27,x25,-436	 x25:0x80025ce4 x27=0x00000001
       36495000	      3550	8000b31c	34002d73	csrrs	x26,mscratch,x0	  x0:0x00000000 x26=0x00000000
       36505000	      3551	8000b320	87b9	c.srai	x15,0xe	 x15:0x0000001b x15=0x00000000
       36515000	      3552	8000b322	cc9d	c.beqz	x9,8000b360	  x9:0xfffffff2
       36555000	      3556	8000b324	03d5b933	mulhu	x18,x11,x29	 x11:0x00000000 x29:0x00000000 x18=0x00000000
       36925000	      3593	8000b328	03f141b3	div	x3,x2,x31	  x2:0xfffffffd x31:0x0000000b  x3=0x00000000
       36935000	      3594	8000b32c	017261b3	or	x3,x4,x23	  x4:0x0010efc0 x23:0x00000000  x3=0x0010efc0
       36945000	      3595	8000b330	0ff0000f	fence	iorw,iorw	
       36965000	      3597	8000b334	02f44633	div	x12,x8,x15	  x8:0x0000002d x15:0x00000000 x12=0xffffffff
       36975000	      3598	8000b338	34079973	csrrw	x18,mscratch,x15	 x15:0x00000000 x18=0x00000000
       36985000	      3599	8000b33c	01627d33	and	x26,x4,x22	  x4:0x0010efc0 x22:0xfffffffc x26=0x0010efc0
       36995000	      3600	8000b340	07c9	c.addi	x15,18	 x15:0x00000000 x15=0x00000012
       37015000	      3602	8000b342	0350d2b3	divu	x5,x1,x21	  x1:0x00000000 x21:0x00000000  x5=0xffffffff
       37025000	      3603	8000b346	0ff0000f	fence	iorw,iorw	
       37035000	      3604	8000b34a	5afd	c.li	x21,-1	 x21=0xffffffff
       37045000	      3605	8000b34c	27cb7593	andi	x11,x22,636	 x22:0xfffffffc x11=0x0000027c
       37055000	      3606	8000b350	4197df13	srai	x30,x15,0x19	 x15:0x00000012 x30=0x00000000
       37065000	      3607	8000b354	8bb2	c.mv	x23,x12	  x0:0x00000000 x12:0xffffffff x23=0xffffffff
       37075000	      3608	8000b356	80b1	c.srli	x9,0xc	  x9:0xfffffff2  x9=0x000fffff
       37085000	      3609	8000b358	cfc49a97	auipc	x21,0xcfc49	 x21=0x4fc54358
       37095000	      3610	8000b35c	00012db3	slt	x27,x2,x0	  x2:0xfffffffd  x0:0x00000000 x27=0x00000001
       37105000	      3611	8000b360	8555	c.srai	x10,0x15	 x10:0x8041a108 x10=0xfffffc02
       37115000	      3612	8000b362	41ed5213	srai	x4,x26,0x1e	 x26:0x0010efc0  x4=0x00000000
       37125000	      3613	8000b366	01b7f863	bgeu	x15,x27,8000b376	 x15:0x00000012 x27:0x00000001
       37165000	      3617	8000b376	038cfab3	remu	x21,x25,x24	 x25:0x80025ce4 x24:0x00000000 x21=0x80025ce4
       37175000	      3618	8000b37a	52fd	c.li	x5,-1	  x5=0xffffffff
       37185000	      3619	8000b37c	6469	c.lui	x8,0x1a	  x8=0x0001a000
       37195000	      3620	8000b37e	c747cf13	xori	x30,x15,-908	 x15:0x00000012 x30=0xfffffc66
       37205000	      3621	8000b382	340f98f3	csrrw	x17,mscratch,x31	 x31:0x0000000b x17=0x00000000
       37215000	      3622	8000b386	65180893	addi	x17,x16,1617	 x16:0x00000000 x17=0x00000651
       37225000	      3623	8000b38a	874b0717	auipc	x14,0x874b0	 x14=0x074bb38a
       37235000	      3624	8000b38e	01574c33	xor	x24,x14,x21	 x14:0x074bb38a x21:0x80025ce4 x24=0x8749ef6e
       37245000	      3625	8000b392	788601b7	lui	x3,0x78860	  x3=0x78860000
       37255000	      3626	8000b396	8fe9	c.and	x15,x10	 x15:0x00000012 x10:0xfffffc02 x15=0x00000002
       37265000	      3627	8000b398	01790333	add	x6,x18,x23	 x18:0x00000000 x23:0xffffffff  x6=0xffffffff
       37275000	      3628	8000b39c	5eb24313	xori	x6,x4,1515	  x4:0x00000000  x6=0x000005eb
       37285000	      3629	8000b3a0	3400dd73	csrrwi	x26,mscratch,1	 x26=0x0000000b
       37295000	      3630	8000b3a4	0ff0000f	fence	iorw,iorw	
       37305000	      3631	8000b3a8	02ee4763	blt	x28,x14,8000b3d6	 x28:0x0000011f x14:0x074bb38a
       37335000	      3634	8000b3d6	41040833	sub	x16,x8,x16	  x8:0x0001a000 x16:0x00000000 x16=0x0001a000
       37345000	      3635	8000b3da	01ae9193	slli	x3,x29,0x1a	 x29:0x00000000  x3=0x00000000
       37355000	      3636	8000b3de	0352	c.slli	x6,0x14	  x6:0x000005eb  x6=0x5eb00000
       37365000	      3637	8000b3e0	ce01	c.beqz	x12,8000b3f8	 x12:0xffffffff
       37375000	      3638	8000b3e2	05b24163	blt	x4,x27,8000b424	  x4:0x00000000 x27:0x00000001
       37395000	      3640	8000b424	004b0633	add	x12,x22,x4	 x22:0xfffffffc  x4:0x00000000 x12=0xfffffffc
       37405000	      3641	8000b428	00600e63	beq	x0,x6,8000b444	  x0:0x00000000  x6:0x5eb00000
       37425000	      3643	8000b42c	032dcab3	div	x21,x27,x18	 x27:0x00000001 x18:0x00000000 x21=0xffffffff
       37435000	      3644	8000b430	0000100f	fence.i	
       37455000	      3646	8000b434	81d8e693	ori	x13,x17,-2019	 x17:0x00000651 x13=0xfffffe5d
       37465000	      3647	8000b438	340c9073	csrrw	x0,mscratch,x25	 x25:0x80025ce4  x0=0x00000000
       37475000	      3648	8000b43c	34007273	csrrci	x4,mscratch,0	  x4=0x80025ce4
       37845000	      3685	8000b440	03177533	remu	x10,x14,x17	 x14:0x074bb38a x17:0x00000651 x10=0x000004da
       37855000	      3686	8000b444	0480c063	blt	x1,x8,8000b484	  x1:0x00000000  x8:0x0001a000
       37875000	      3688	8000b484	3406e873	csrrsi	x16,mscratch,13	 x16=0x80025ce4
       37885000	      3689	8000b488	93be	c.add	x7,x15	  x7:0xacc63000 x15:0x00000002  x7=0xacc63002
       37895000	      3690	8000b48a	039c6b63	bltu	x24,x25,8000b4c0	 x24:0x8749ef6e x25:0x80025ce4
       37905000	      3691	8000b48e	c0f72a13	slti	x20,x14,-1009	 x14:0x074bb38a x20=0x00000000
       37915000	      3692	8000b492	0001	c.addi	x0,0	  x0:0x00000000  x0=0x00000000
       37925000	      3693	8000b494	051f1363	bne	x30,x17,8000b4da	 x30:0xfffffc66 x17:0x00000651
       37955000	      3696	8000b4da	0ff0000f	fence	iorw,iorw	
       37965000	      3697	8000b4de	00fe35b3	sltu	x11,x28,x15	 x28:0x0000011f x15:0x00000002 x11=0x00000000
       38335000	      3734	8000b4e2	02c5e033	rem	x0,x11,x12	 x11:0x00000000 x12:0xfffffffc  x0=0x00000000
       38345000	      3735	8000b4e6	187d	c.addi	x16,-1	 x16:0x80025ce4 x16=0x80025ce3
       38355000	      3736	8000b4e8	0001	c.addi	x0,0	  x0:0x00000000  x0=0x00000000
       38365000	      3737	8000b4ea	e32eb593	sltiu	x11,x29,-462	 x29:0x00000000 x11=0x00000001
       38375000	      3738	8000b4ee	8035	c.srli	x8,0xd	  x8:0x0001a000  x8=0x0000000d
       38385000	      3739	8000b4f0	d142bb93	sltiu	x23,x5,-748	  x5:0xffffffff x23=0x00000000
       38395000	      3740	8000b4f4	01b963b3	or	x7,x18,x27	 x18:0x00000000 x27:0x00000001  x7=0x00000001
       38405000	      3741	8000b4f8	01e7a333	slt	x6,x15,x30	 x15:0x00000002 x30:0xfffffc66  x6=0x00000000
       38415000	      3742	8000b4fc	9974a917	auipc	x18,0x9974a	 x18=0x197554fc
       38425000	      3743	8000b500	630e0b93	addi	x23,x28,1584	 x28:0x0000011f x23=0x0000074f
       38435000	      3744	8000b504	9bce	c.add	x23,x19	 x23:0x0000074f x19:0x80021df8 x23=0x80022547
       38445000	      3745	8000b506	00d09913	slli	x18,x1,0xd	  x1:0x00000000 x18=0x00000000
       38815000	      3782	8000b50a	02847a33	remu	x20,x8,x8	  x8:0x0000000d  x8:0x0000000d x20=0x00000000
       38855000	      3786	8000b50e	036b3233	mulhu	x4,x22,x22	 x22:0xfffffffc x22:0xfffffffc  x4=0xfffffff8
       38865000	      3787	8000b512	01d9deb3	srl	x29,x19,x29	 x19:0x80021df8 x29:0x00000000 x29=0x80021df8
       38875000	      3788	8000b516	004d86b3	add	x13,x27,x4	 x27:0x00000001  x4:0xfffffff8 x13=0xfffffff9
       39245000	      3825	8000b51a	03d3f6b3	remu	x13,x7,x29	  x7:0x00000001 x29:0x80021df8 x13=0x00000001
       39255000	      3826	8000b51e	9320ca93	xori	x21,x1,-1742	  x1:0x00000000 x21=0xfffff932
       39265000	      3827	8000b522	00120663	beq	x4,x1,8000b52e	  x4:0xfffffff8  x1:0x00000000
       39635000	      3864	8000b526	0246e233	rem	x4,x13,x4	 x13:0x00000001  x4:0xfffffff8  x4=0x00000001
       39645000	      3865	8000b52a	0dea	c.slli	x27,0x1a	 x27:0x00000001 x27=0x04000000
       39655000	      3866	8000b52c	997d	c.andi	x10,-1	 x10:0x000004da x10=0x000004da
       39665000	      3867	8000b52e	02d6f363	bgeu	x13,x13,8000b554	 x13:0x00000001 x13:0x00000001
       39685000	      3869	8000b554	0ff0000f	fence	iorw,iorw	
       39695000	      3870	8000b558	02348c63	beq	x9,x3,8000b590	  x9:0x000fffff  x3:0x00000000
       40065000	      3907	8000b55c	02b44633	div	x12,x8,x11	  x8:0x0000000d x11:0x00000001 x12=0x0000000d
       40075000	      3908	8000b560	81bd	c.srli	x11,0xf	 x11:0x00000001 x11=0x00000000
       40085000	      3909	8000b562	8e11	c.sub	x12,x12	 x12:0x0000000d x12:0x0000000d x12=0x00000000
       40095000	      3910	8000b564	01d16bb3	or	x23,x2,x29	  x2:0xfffffffd x29:0x80021df8 x23=0xfffffffd
       40105000	      3911	8000b568	8f01	c.sub	x14,x8	 x14:0x074bb38a  x8:0x0000000d x14=0x074bb37d
       40115000	      3912	8000b56a	9a877393	andi	x7,x14,-1624	 x14:0x074bb37d  x7=0x074bb128
       40125000	      3913	8000b56e	0001	c.addi	x0,0	  x0:0x00000000  x0=0x00000000
       40135000	      3914	8000b570	8f95	c.sub	x15,x13	 x15:0x00000002 x13:0x00000001 x15=0x00000001
       40145000	      3915	8000b572	3409ad73	csrrs	x26,mscratch,x19	 x19:0x80021df8 x26=0x80025ced
       40155000	      3916	8000b576	613d	c.addi16sp	x2,480	  x2:0xfffffffd  x2=0x000001dd
       40165000	      3917	8000b578	714eaa13	slti	x20,x29,1812	 x29:0x80021df8 x20=0x00000001
       40205000	      3921	8000b57c	03c93433	mulhu	x8,x18,x28	 x18:0x00000000 x28:0x0000011f  x8=0x00000000
       40215000	      3922	8000b580	006dc833	xor	x16,x27,x6	 x27:0x04000000  x6:0x00000000 x16=0x04000000
       40225000	      3923	8000b584	0000100f	fence.i	
       40605000	      3961	8000b588	02dbc833	div	x16,x23,x13	 x23:0xfffffffd x13:0x00000001 x16=0xfffffffd
       40615000	      3962	8000b58c	547d	c.li	x8,-1	  x8=0xffffffff
       40625000	      3963	8000b58e	0001	c.addi	x0,0	  x0:0x00000000  x0=0x00000000
       40635000	      3964	8000b590	8745	c.srai	x14,0x11	 x14:0x074bb37d x14=0x000003a5
       40645000	      3965	8000b592	340023f3	csrrs	x7,mscratch,x0	  x0:0x00000000  x7=0x80025dfd
       40655000	      3966	8000b596	9ed4b093	sltiu	x1,x9,-1555	  x9:0x000fffff  x1=0x00000001
       40665000	      3967	8000b59a	d15bd037	lui	x0,0xd15bd	  x0=0x00000000
       40675000	      3968	8000b59e	418a0633	sub	x12,x20,x24	 x20:0x00000001 x24:0x8749ef6e x12=0x78b61093
       40715000	      3972	8000b5a2	03023eb3	mulhu	x29,x4,x16	  x4:0x00000001 x16:0xfffffffd x29=0x00000000
       41085000	      4009	8000b5a6	02c2de33	divu	x28,x5,x12	  x5:0xffffffff x12:0x78b61093 x28=0x00000002
       41095000	      4010	8000b5aa	015b1093	slli	x1,x22,0x15	 x22:0xfffffffc  x1=0xff800000
       41135000	      4014	8000b5ae	03a5a233	mulhsu	x4,x11,x26	 x11:0x00000000 x26:0x80025ced  x4=0x00000000
       41145000	      4015	8000b5b2	144c6717	auipc	x14,0x144c6	 x14=0x944d15b2
       41155000	      4016	8000b5b6	41fa5b33	sra	x22,x20,x31	 x20:0x00000001 x31:0x0000000b x22=0x00000000
       41165000	      4017	8000b5ba	01231213	slli	x4,x6,0x12	  x6:0x00000000  x4=0x00000000
       41175000	      4018	8000b5be	01bc9233	sll	x4,x25,x27	 x25:0x80025ce4 x27:0x04000000  x4=0x80025ce4
       41185000	      4019	8000b5c2	340136f3	csrrc	x13,mscratch,x2	  x2:0x000001dd x13=0x80025dfd
       41195000	      4020	8000b5c6	34002ef3	csrrs	x29,mscratch,x0	  x0:0x00000000 x29=0x80025c20
       41205000	      4021	8000b5ca	cd9d	c.beqz	x11,8000b608	 x11:0x00000000
       41225000	      4023	8000b608	8c51	c.or	x8,x12	  x8:0xffffffff x12:0x78b61093  x8=0xffffffff
       41265000	      4027	8000b60a	02071933	mulh	x18,x14,x0	 x14:0x944d15b2  x0:0x00000000 x18=0x00000000
       41275000	      4028	8000b60e	340077f3	csrrci	x15,mscratch,0	 x15=0x80025c20
       41285000	      4029	8000b612	340ed073	csrrwi	x0,mscratch,29	  x0=0x00000000
       41295000	      4030	8000b616	0454c263	blt	x9,x5,8000b65a	  x9:0x000fffff  x5:0xffffffff
       41305000	      4031	8000b61a	66911497	auipc	x9,0x66911	  x9=0xe691c61a
       41675000	      4068	8000b61e	03b3e733	rem	x14,x7,x27	  x7:0x80025dfd x27:0x04000000 x14=0xfc025dfd
       41685000	      4069	8000b622	009586b3	add	x13,x11,x9	 x11:0x00000000  x9:0xe691c61a x13=0xe691c61a
       41695000	      4070	8000b626	0026fd33	and	x26,x13,x2	 x13:0xe691c61a  x2:0x000001dd x26=0x00000018
       41705000	      4071	8000b62a	40b68bb3	sub	x23,x13,x11	 x13:0xe691c61a x11:0x00000000 x23=0xe691c61a
       41715000	      4072	8000b62e	01e17433	and	x8,x2,x30	  x2:0x000001dd x30:0xfffffc66  x8=0x00000044
       41725000	      4073	8000b632	408ad213	srai	x4,x21,0x8	 x21:0xfffff932  x4=0xfffffff9
       42095000	      4110	8000b636	0213c0b3	div	x1,x7,x1	  x7:0x80025dfd  x1:0xff800000  x1=0x000000ff
       42105000	      4111	8000b63a	0008d913	srli	x18,x17,0x0	 x17:0x00000651 x18=0x00000651
       42115000	      4112	8000b63e	8d21	c.xor	x10,x8	 x10:0x000004da  x8:0x00000044 x10=0x0000049e
       42125000	      4113	8000b640	34002d73	csrrs	x26,mscratch,x0	  x0:0x00000000 x26=0x0000001d
       42135000	      4114	8000b644	0ff0000f	fence	iorw,iorw	
       42145000	      4115	8000b648	0001	c.addi	x0,0	  x0:0x00000000  x0=0x00000000
       42155000	      4116	8000b64a	4074d033	sra	x0,x9,x7	  x9:0xe691c61a  x7:0x80025dfd  x0=0x00000000
       42165000	      4117	8000b64e	fa9fea17	auipc	x20,0xfa9fe	 x20=0x7aa0964e
       42175000	      4118	8000b652	03f79763	bne	x15,x31,8000b680	 x15:0x80025c20 x31:0x0000000b
       42195000	      4120	8000b680	45c8b517	auipc	x10,0x45c8b	 x10=0xc5c96680
       42205000	      4121	8000b684	34006273	csrrsi	x4,mscratch,0	  x4=0x0000001d
       42215000	      4122	8000b688	00fbdb33	srl	x22,x23,x15	 x23:0xe691c61a x15:0x80025c20 x22=0xe691c61a
       42225000	      4123	8000b68c	a7a56393	ori	x7,x10,-1414	 x10:0xc5c96680  x7=0xfffffefa
       42235000	      4124	8000b690	000ddd93	srli	x27,x27,0x0	 x27:0x04000000 x27=0x04000000
       42245000	      4125	8000b694	ee82a213	slti	x4,x5,-280	  x5:0xffffffff  x4=0x00000000
       42255000	      4126	8000b698	0001	c.addi	x0,0	  x0:0x00000000  x0=0x00000000
       42265000	      4127	8000b69a	71c3f293	andi	x5,x7,1820	  x7:0xfffffefa  x5=0x00000618
       42275000	      4128	8000b69e	00441813	slli	x16,x8,0x4	  x8:0x00000044 x16=0x00000440
       42285000	      4129	8000b6a2	64b1	c.lui	x9,0xc	  x9=0x0000c000
       42295000	      4130	8000b6a4	340027f3	csrrs	x15,mscratch,x0	  x0:0x00000000 x15=0x0000001d
       42305000	      4131	8000b6a8	015f9733	sll	x14,x31,x21	 x31:0x0000000b x21:0xfffff932 x14=0x002c0000
       42315000	      4132	8000b6ac	6bc9	c.lui	x23,0x12	 x23=0x00012000
       42355000	      4136	8000b6ae	030a3033	mulhu	x0,x20,x16	 x20:0x7aa0964e x16:0x00000440  x0=0x00000000
       42395000	      4140	8000b6b2	02d2a633	mulhsu	x12,x5,x13	  x5:0x00000618 x13:0xe691c61a x12=0x0000057d
       42425000	      4143	8000b6b6	039182b3	mul	x5,x3,x25	  x3:0x00000000 x25:0x80025ce4  x5=0x00000000
       42435000	      4144	8000b6ba	03631863	bne	x6,x22,8000b6ea	  x6:0x00000000 x22:0xe691c61a
       42465000	      4147	8000b6ea	34006e73	csrrsi	x28,mscratch,0	 x28=0x0000001d
       42505000	      4151	8000b6ee	03ecbe33	mulhu	x28,x25,x30	 x25:0x80025ce4 x30:0xfffffc66 x28=0x80025b16
       42515000	      4152	8000b6f2	34003973	csrrc	x18,mscratch,x0	  x0:0x00000000 x18=0x0000001d
       42525000	      4153	8000b6f6	0ff0000f	fence	iorw,iorw	
       42535000	      4154	8000b6fa	02aa9a63	bne	x21,x10,8000b72e	 x21:0xfffff932 x10:0xc5c96680
       42565000	      4157	8000b72e	016f0333	add	x6,x30,x22	 x30:0xfffffc66 x22:0xe691c61a  x6=0xe691c280
       42575000	      4158	8000b732	01b6f4b3	and	x9,x13,x27	 x13:0xe691c61a x27:0x04000000  x9=0x04000000
       42585000	      4159	8000b736	6d69	c.lui	x26,0x1a	 x26=0x0001a000
       42595000	      4160	8000b738	c3656a93	ori	x21,x10,-970	 x10:0xc5c96680 x21=0xfffffeb6
       42605000	      4161	8000b73c	833ad5b7	lui	x11,0x833ad	 x11=0x833ad000
       42615000	      4162	8000b740	8fe1	c.and	x15,x8	 x15:0x0000001d  x8:0x00000044 x15=0x00000004
       42985000	      4199	8000b742	035bf7b3	remu	x15,x23,x21	 x23:0x00012000 x21:0xfffffeb6 x15=0x00012000
       42995000	      4200	8000b746	4b952b93	slti	x23,x10,1209	 x10:0xc5c96680 x23=0x00000001
       43005000	      4201	8000b74a	01494833	xor	x16,x18,x20	 x18:0x0000001d x20:0x7aa0964e x16=0x7aa09653
       43015000	      4202	8000b74e	00341333	sll	x6,x8,x3	  x8:0x00000044  x3:0x00000000  x6=0x00000044
       43025000	      4203	8000b752	00433d33	sltu	x26,x6,x4	  x6:0x00000044  x4:0x00000000 x26=0x00000000
       43055000	      4206	8000b756	02ad0433	mul	x8,x26,x10	 x26:0x00000000 x10:0xc5c96680  x8=0x00000000
       43065000	      4207	8000b75a	0016da33	srl	x20,x13,x1	 x13:0xe691c61a  x1:0x000000ff x20=0x00000001
       43105000	      4211	8000b75e	03192233	mulhsu	x4,x18,x17	 x18:0x0000001d x17:0x00000651  x4=0x00000000
       43115000	      4212	8000b762	8952	c.mv	x18,x20	  x0:0x00000000 x20:0x00000001 x18=0x00000001
       43125000	      4213	8000b764	66b9	c.lui	x13,0xe	 x13=0x0000e000
       43135000	      4214	8000b766	00a21613	slli	x12,x4,0xa	  x4:0x00000000 x12=0x00000000
       43145000	      4215	8000b76a	9e8eae37	lui	x28,0x9e8ea	 x28=0x9e8ea000
       43155000	      4216	8000b76e	4181d313	srai	x6,x3,0x18	  x3:0x00000000  x6=0x00000000
       43165000	      4217	8000b772	03f42097	auipc	x1,0x3f42	  x1=0x83f4d772
       43175000	      4218	8000b776	0762	c.slli	x14,0x18	 x14:0x002c0000 x14=0x00000000
       43185000	      4219	8000b778	000da533	slt	x10,x27,x0	 x27:0x04000000  x0:0x00000000 x10=0x00000000
       43195000	      4220	8000b77c	00975233	srl	x4,x14,x9	 x14:0x00000000  x9:0x04000000  x4=0x00000000
       43205000	      4221	8000b780	0000100f	fence.i	
       43225000	      4223	8000b784	02451363	bne	x10,x4,8000b7aa	 x10:0x00000000  x4:0x00000000
       43235000	      4224	8000b788	8791	c.srai	x15,0x4	 x15:0x00012000 x15=0x00001200
       43245000	      4225	8000b78a	00c29e63	bne	x5,x12,8000b7a6	  x5:0x00000000 x12:0x00000000
       43255000	      4226	8000b78e	8d2d	c.xor	x10,x11	 x10:0x00000000 x11:0x833ad000 x10=0x833ad000
       43265000	      4227	8000b790	4101d3b3	sra	x7,x3,x16	  x3:0x00000000 x16:0x7aa09653  x7=0x00000000
       43275000	      4228	8000b794	65757a93	andi	x21,x10,1623	 x10:0x833ad000 x21=0x00000000
       43285000	      4229	8000b798	0026f933	and	x18,x13,x2	 x13:0x0000e000  x2:0x000001dd x18=0x00000000
       43295000	      4230	8000b79c	8d85	c.sub	x11,x9	 x11:0x833ad000  x9:0x04000000 x11=0x7f3ad000
       43665000	      4267	8000b79e	0226c833	div	x16,x13,x2	 x13:0x0000e000  x2:0x000001dd x16=0x00000078
       43675000	      4268	8000b7a2	90c4b693	sltiu	x13,x9,-1780	  x9:0x04000000 x13=0x00000001
       43685000	      4269	8000b7a6	a5837f13	andi	x30,x6,-1448	  x6:0x00000000 x30=0x00000000
       43695000	      4270	8000b7aa	850e	c.mv	x10,x3	  x0:0x00000000  x3:0x00000000 x10=0x00000000
       43705000	      4271	8000b7ac	01ded233	srl	x4,x29,x29	 x29:0x80025c20 x29:0x80025c20  x4=0x80025c20
       43715000	      4272	8000b7b0	01029863	bne	x5,x16,8000b7c0	  x5:0x00000000 x16:0x00000078
       43745000	      4275	8000b7c0	03aa5f33	divu	x30,x20,x26	 x20:0x00000001 x26:0x00000000 x30=0xffffffff
       43755000	      4276	8000b7c4	0001	c.addi	x0,0	  x0:0x00000000  x0=0x00000000
       43765000	      4277	8000b7c6	340e5c73	csrrwi	x24,mscratch,28	 x24=0x0000001d
       43775000	      4278	8000b7ca	00c8edb3	or	x27,x17,x12	 x17:0x00000651 x12:0x00000000 x27=0x00000651
       43785000	      4279	8000b7ce	8ff1	c.and	x15,x12	 x15:0x00001200 x12:0x00000000 x15=0x00000000
       43795000	      4280	8000b7d0	cd16cf13	xori	x30,x13,-815	 x13:0x00000001 x30=0xfffffcd0
       43805000	      4281	8000b7d4	5fabfd13	andi	x26,x23,1530	 x23:0x00000001 x26=0x00000000
       43815000	      4282	8000b7d8	040e	c.slli	x8,0x3	  x8:0x00000000  x8=0x00000000
       43825000	      4283	8000b7da	717d	c.addi16sp	x2,-16	  x2:0x000001dd  x2=0x000001cd
       43835000	      4284	8000b7dc	044d	c.addi	x8,19	  x8:0x00000000  x8=0x00000013
       43845000	      4285	8000b7de	003dc333	xor	x6,x27,x3	 x27:0x00000651  x3:0x00000000  x6=0x00000651
       43855000	      4286	8000b7e2	0ff0000f	fence	iorw,iorw	
       43865000	      4287	8000b7e6	34055973	csrrwi	x18,mscratch,10	 x18=0x0000001c
       44235000	      4324	8000b7ea	0210f2b3	remu	x5,x1,x1	  x1:0x83f4d772  x1:0x83f4d772  x5=0x00000000
       44245000	      4325	8000b7ee	34009df3	csrrw	x27,mscratch,x1	  x1:0x83f4d772 x27=0x0000000a
       44255000	      4326	8000b7f2	8122	c.mv	x2,x8	  x0:0x00000000  x8:0x00000013  x2=0x00000013
       44265000	      4327	8000b7f4	0c45	c.addi	x24,17	 x24:0x0000001d x24=0x0000002e
       44275000	      4328	8000b7f6	0321d163	bge	x3,x18,8000b818	  x3:0x00000000 x18:0x0000001c
       44285000	      4329	8000b7fa	187d	c.addi	x16,-1	 x16:0x00000078 x16=0x00000077
       44295000	      4330	8000b7fc	014e61b3	or	x3,x28,x20	 x28:0x9e8ea000 x20:0x00000001  x3=0x9e8ea001
       44305000	      4331	8000b800	d59b2a13	slti	x20,x22,-679	 x22:0xe691c61a x20=0x00000001
       44315000	      4332	8000b804	0e5a	c.slli	x28,0x16	 x28:0x9e8ea000 x28=0x00000000
       44325000	      4333	8000b806	ab1c0493	addi	x9,x24,-1359	 x24:0x0000002e  x9=0xfffffadf
       44335000	      4334	8000b80a	0687e113	ori	x2,x15,104	 x15:0x00000000  x2=0x00000068
       44345000	      4335	8000b80e	85b9	c.srai	x11,0xe	 x11:0x7f3ad000 x11=0x0001fceb
       44355000	      4336	8000b810	8ef5	c.and	x13,x13	 x13:0x00000001 x13:0x00000001 x13=0x00000001
       44365000	      4337	8000b812	93aa	c.add	x7,x10	  x7:0x00000000 x10:0x00000000  x7=0x00000000
       44375000	      4338	8000b814	00309663	bne	x1,x3,8000b820	  x1:0x83f4d772  x3:0x9e8ea001
       44395000	      4340	8000b820	8f6d	c.and	x14,x11	 x14:0x00000000 x11:0x0001fceb x14=0x00000000
       44405000	      4341	8000b822	01c117b3	sll	x15,x2,x28	  x2:0x00000068 x28:0x00000000 x15=0x00000068
       44415000	      4342	8000b826	029d7463	bgeu	x26,x9,8000b84e	 x26:0x00000000  x9:0xfffffadf
       44425000	      4343	8000b82a	0190d133	srl	x2,x1,x25	  x1:0x83f4d772 x25:0x80025ce4  x2=0x083f4d77
       44435000	      4344	8000b82e	03a1c763	blt	x3,x26,8000b85c	  x3:0x9e8ea001 x26:0x00000000
       44455000	      4346	8000b85c	40e803b3	sub	x7,x16,x14	 x16:0x00000077 x14:0x00000000  x7=0x00000077
       44465000	      4347	8000b860	00f89b33	sll	x22,x17,x15	 x17:0x00000651 x15:0x00000068 x22=0x00065100
       44505000	      4351	8000b864	0281b233	mulhu	x4,x3,x8	  x3:0x9e8ea001  x8:0x00000013  x4=0x0000000b
       44515000	      4352	8000b868	34002273	csrrs	x4,mscratch,x0	  x0:0x00000000  x4=0x83f4d772
       44525000	      4353	8000b86c	552d3f13	sltiu	x30,x26,1362	 x26:0x00000000 x30=0x00000001
       44535000	      4354	8000b870	0001	c.addi	x0,0	  x0:0x00000000  x0=0x00000000
       44905000	      4391	8000b872	02fe47b3	div	x15,x28,x15	 x28:0x00000000 x15:0x00000068 x15=0x00000000
       44915000	      4392	8000b876	1cdaa813	slti	x16,x21,461	 x21:0x00000000 x16=0x00000001
       44925000	      4393	8000b87a	0001	c.addi	x0,0	  x0:0x00000000  x0=0x00000000
       44935000	      4394	8000b87c	8d95	c.sub	x11,x13	 x11:0x0001fceb x13:0x00000001 x11=0x0001fcea
       44945000	      4395	8000b87e	1f00	c.addi4spn	x8,x2,944	  x8=0x083f5127
       44955000	      4396	8000b880	0001	c.addi	x0,0	  x0:0x00000000  x0=0x00000000
       44965000	      4397	8000b882	0000100f	fence.i	
       44985000	      4399	8000b886	8d95	c.sub	x11,x13	 x11:0x0001fcea x13:0x00000001 x11=0x0001fce9
       44995000	      4400	8000b888	05ef0063	beq	x30,x30,8000b8c8	 x30:0x00000001 x30:0x00000001
       45015000	      4402	8000b8c8	17291897	auipc	x17,0x17291	 x17=0x9729c8c8
       45025000	      4403	8000b8cc	0001	c.addi	x0,0	  x0:0x00000000  x0=0x00000000
       45035000	      4404	8000b8ce	66bd	c.lui	x13,0xf	 x13=0x0000f000
       45045000	      4405	8000b8d0	41f4d193	srai	x3,x9,0x1f	  x9:0xfffffadf  x3=0xffffffff
       45085000	      4409	8000b8d4	02f7b6b3	mulhu	x13,x15,x15	 x15:0x00000000 x15:0x00000000 x13=0x00000000
       45095000	      4410	8000b8d8	02d11463	bne	x2,x13,8000b900	  x2:0x083f4d77 x13:0x00000000
       45115000	      4412	8000b900	8c19	c.sub	x8,x14	  x8:0x083f5127 x14:0x00000000  x8=0x083f5127
       45125000	      4413	8000b902	411486b3	sub	x13,x9,x17	  x9:0xfffffadf x17:0x9729c8c8 x13=0x68d63217
       45135000	      4414	8000b906	390e1c17	auipc	x24,0x390e1	 x24=0xb90ec906
       45145000	      4415	8000b90a	34026c73	csrrsi	x24,mscratch,4	 x24=0x83f4d772
       45155000	      4416	8000b90e	00721563	bne	x4,x7,8000b918	  x4:0x83f4d772  x7:0x00000077
       45175000	      4418	8000b918	8e45	c.or	x12,x9	 x12:0x00000000  x9:0xfffffadf x12=0xfffffadf
       45185000	      4419	8000b91a	053ff563	bgeu	x31,x19,8000b964	 x31:0x0000000b x19:0x80021df8
       45195000	      4420	8000b91e	9ad6dab7	lui	x21,0x9ad6d	 x21=0x9ad6d000
       45205000	      4421	8000b922	1b6f3293	sltiu	x5,x30,438	 x30:0x00000001  x5=0x00000001
       45215000	      4422	8000b926	0000100f	fence.i	
       45245000	      4425	8000b92a	011867b3	or	x15,x16,x17	 x16:0x00000001 x17:0x9729c8c8 x15=0x9729c8c9
       45255000	      4426	8000b92e	8d01	c.sub	x10,x8	 x10:0x00000000  x8:0x083f5127 x10=0xf7c0aed9
       45265000	      4427	8000b930	40060b33	sub	x22,x12,x0	 x12:0xfffffadf  x0:0x00000000 x22=0xfffffadf
       45275000	      4428	8000b934	ef11	c.bnez	x14,8000b950	 x14:0x00000000
       45285000	      4429	8000b936	0073a5b3	slt	x11,x7,x7	  x7:0x00000077  x7:0x00000077 x11=0x00000000
       45295000	      4430	8000b93a	8e4d	c.or	x12,x11	 x12:0xfffffadf x11:0x00000000 x12=0xfffffadf
       45305000	      4431	8000b93c	00ac27b3	slt	x15,x24,x10	 x24:0x83f4d772 x10:0xf7c0aed9 x15=0x00000001
       45315000	      4432	8000b940	340927f3	csrrs	x15,mscratch,x18	 x18:0x0000001c x15=0x83f4d776
       45685000	      4469	8000b944	022a6533	rem	x10,x20,x2	 x20:0x00000001  x2:0x083f4d77 x10=0x00000001
       45695000	      4470	8000b948	310db913	sltiu	x18,x27,784	 x27:0x0000000a x18=0x00000001
       45705000	      4471	8000b94c	0151de63	bge	x3,x21,8000b968	  x3:0xffffffff x21:0x9ad6d000
       45725000	      4473	8000b968	03f67c63	bgeu	x12,x31,8000b9a0	 x12:0xfffffadf x31:0x0000000b
       45745000	      4475	8000b9a0	8f75	c.and	x14,x13	 x14:0x00000000 x13:0x68d63217 x14=0x00000000
       45755000	      4476	8000b9a2	6a35	c.lui	x20,0xd	 x20=0x0000d000
       45765000	      4477	8000b9a4	0156e263	bltu	x13,x21,8000b9a8	 x13:0x68d63217 x21:0x9ad6d000
       45785000	      4479	8000b9a8	0079d033	srl	x0,x19,x7	 x19:0x80021df8  x7:0x00000077  x0=0x00000000
       45825000	      4483	8000b9ac	03423c33	mulhu	x24,x4,x20	  x4:0x83f4d772 x20:0x0000d000 x24=0x00006b36
       45835000	      4484	8000b9b0	8f2d	c.xor	x14,x11	 x14:0x00000000 x11:0x00000000 x14=0x00000000
       45845000	      4485	8000b9b2	340ca573	csrrs	x10,mscratch,x25	 x25:0x80025ce4 x10=0x83f4d77e
       45855000	      4486	8000b9b6	2d93fa13	andi	x20,x7,729	  x7:0x00000077 x20=0x00000051
       45865000	      4487	8000b9ba	41178233	sub	x4,x15,x17	 x15:0x83f4d776 x17:0x9729c8c8  x4=0xeccb0eae
       45875000	      4488	8000b9be	0100b133	sltu	x2,x1,x16	  x1:0x83f4d772 x16:0x00000001  x2=0x00000000
       45885000	      4489	8000b9c2	05fac163	blt	x21,x31,8000ba04	 x21:0x9ad6d000 x31:0x0000000b
       45905000	      4491	8000ba04	02df7d63	bgeu	x30,x13,8000ba3e	 x30:0x00000001 x13:0x68d63217
       45915000	      4492	8000ba08	0000100f	fence.i	
       45935000	      4494	8000ba0c	0c21	c.addi	x24,8	 x24:0x00006b36 x24=0x00006b3e
       45945000	      4495	8000ba0e	0f08	c.addi4spn	x10,x2,912	 x10=0x00000390
       45955000	      4496	8000ba10	0143f133	and	x2,x7,x20	  x7:0x00000077 x20:0x00000051  x2=0x00000051
       45965000	      4497	8000ba14	6151	c.addi16sp	x2,272	  x2:0x00000051  x2=0x00000161
       45975000	      4498	8000ba16	036b5e63	bge	x22,x22,8000ba52	 x22:0xfffffadf x22:0xfffffadf
       45995000	      4500	8000ba52	071a	c.slli	x14,0x6	 x14:0x00000000 x14=0x00000000
       46005000	      4501	8000ba54	547d	c.li	x8,-1	  x8=0xffffffff
       46015000	      4502	8000ba56	00638563	beq	x7,x6,8000ba60	  x7:0x00000077  x6:0x00000651
       46025000	      4503	8000ba5a	50fd	c.li	x1,-1	  x1=0xffffffff
       46035000	      4504	8000ba5c	3060c593	xori	x11,x1,774	  x1:0xffffffff x11=0xfffffcf9
       46045000	      4505	8000ba60	34006473	csrrsi	x8,mscratch,0	  x8=0x83f6dffe
       46055000	      4506	8000ba64	37997893	andi	x17,x18,889	 x18:0x00000001 x17=0x00000001
       46065000	      4507	8000ba68	8cb5	c.xor	x9,x13	  x9:0xfffffadf x13:0x68d63217  x9=0x9729c8c8
       46435000	      4544	8000ba6a	0350ee33	rem	x28,x1,x21	  x1:0xffffffff x21:0x9ad6d000 x28=0xffffffff
       46445000	      4545	8000ba6e	34031473	csrrw	x8,mscratch,x6	  x6:0x00000651  x8=0x83f6dffe
       46455000	      4546	8000ba72	340ea473	csrrs	x8,mscratch,x29	 x29:0x80025c20  x8=0x00000651
       46465000	      4547	8000ba76	81bd	c.srli	x11,0xf	 x11:0xfffffcf9 x11=0x0001ffff
       46475000	      4548	8000ba78	8e31	c.xor	x12,x12	 x12:0xfffffadf x12:0xfffffadf x12=0x00000000
       46505000	      4551	8000ba7a	031b0233	mul	x4,x22,x17	 x22:0xfffffadf x17:0x00000001  x4=0xfffffadf
       46515000	      4552	8000ba7e	0000100f	fence.i	
       46545000	      4555	8000ba82	01a89c63	bne	x17,x26,8000ba9a	 x17:0x00000001 x26:0x00000000
       46575000	      4558	8000ba9a	018127b3	slt	x15,x2,x24	  x2:0x00000161 x24:0x00006b3e x15=0x00000001
       46585000	      4559	8000ba9e	414f0d33	sub	x26,x30,x20	 x30:0x00000001 x20:0x00000051 x26=0xffffffb0
       46595000	      4560	8000baa2	8c59	c.or	x8,x14	  x8:0x00000651 x14:0x00000000  x8=0x00000651
       46635000	      4564	8000baa4	031527b3	mulhsu	x15,x10,x17	 x10:0x00000390 x17:0x00000001 x15=0x00000000
       46645000	      4565	8000baa8	46ec6593	ori	x11,x24,1134	 x24:0x00006b3e x11=0x00006f7e
       46665000	      4567	8000baac	02cc57b3	divu	x15,x24,x12	 x24:0x00006b3e x12:0x00000000 x15=0xffffffff
       46675000	      4568	8000bab0	03a0ee63	bltu	x1,x26,8000baec	  x1:0xffffffff x26:0xffffffb0
       46685000	      4569	8000bab4	018cf863	bgeu	x25,x24,8000bac4	 x25:0x80025ce4 x24:0x00006b3e
       47065000	      4607	8000bac4	035dec33	rem	x24,x27,x21	 x27:0x0000000a x21:0x9ad6d000 x24=0x0000000a
       47435000	      4644	8000bac8	02bc43b3	div	x7,x24,x11	 x24:0x0000000a x11:0x00006f7e  x7=0x00000000
       47445000	      4645	8000bacc	00cbe133	or	x2,x23,x12	 x23:0x00000001 x12:0x00000000  x2=0x00000001
       47455000	      4646	8000bad0	717d	c.addi16sp	x2,-16	  x2:0x00000001  x2=0xfffffff1
       47465000	      4647	8000bad2	af1ebb93	sltiu	x23,x29,-1295	 x29:0x80025c20 x23=0x00000001
       47475000	      4648	8000bad6	000bfeb3	and	x29,x23,x0	 x23:0x00000001  x0:0x00000000 x29=0x00000000
       47485000	      4649	8000bada	00b571b3	and	x3,x10,x11	 x10:0x00000390 x11:0x00006f7e  x3=0x00000310
       47495000	      4650	8000bade	8ce9	c.and	x9,x10	  x9:0x9729c8c8 x10:0x00000390  x9=0x00000080
       47505000	      4651	8000bae0	01011863	bne	x2,x16,8000baf0	  x2:0xfffffff1 x16:0x00000001
       47525000	      4653	8000baf0	5e7d	c.li	x28,-1	 x28=0xffffffff
       47535000	      4654	8000baf2	0001	c.addi	x0,0	  x0:0x00000000  x0=0x00000000
       47905000	      4691	8000baf4	0222f3b3	remu	x7,x5,x2	  x5:0x00000001  x2:0xfffffff1  x7=0x00000001
       47915000	      4692	8000baf8	01449a13	slli	x20,x9,0x14	  x9:0x00000080 x20=0x08000000
       47935000	      4694	8000bafc	02c9c8b3	div	x17,x19,x12	 x19:0x80021df8 x12:0x00000000 x17=0xffffffff
       47945000	      4695	8000bb00	8929	c.andi	x10,10	 x10:0x00000390 x10=0x00000000
       47955000	      4696	8000bb02	00f19113	slli	x2,x3,0xf	  x3:0x00000310  x2=0x01880000
       47965000	      4697	8000bb06	02019063	bne	x3,x0,8000bb26	  x3:0x00000310  x0:0x00000000
       48355000	      4736	8000bb26	02834133	div	x2,x6,x8	  x6:0x00000651  x8:0x00000651  x2=0x00000001
       48365000	      4737	8000bb2a	8dc9	c.or	x11,x10	 x11:0x00006f7e x10:0x00000000 x11=0x00006f7e
       48375000	      4738	8000bb2c	8c49	c.or	x8,x10	  x8:0x00000651 x10:0x00000000  x8=0x00000651
       48385000	      4739	8000bb2e	0049a603	lw	x12,4(x19)	 x19:0x80021df8 x12=0x8000391e PA:0x80021dfc load:0x8000391e
       48395000	      4740	8000bb32	09f1	c.addi	x19,28	 x19:0x80021df8 x19=0x80021e14
       48405000	      4741	8000bb34	0386	c.slli	x7,0x1	  x7:0x00000001  x7=0x00000002
       48415000	      4742	8000bb36	00160513	addi	x10,x12,1	 x12:0x8000391e x10=0x8000391f
       48425000	      4743	8000bb3a	8502	c.jr	x10	 x10:0x8000391f
       48455000	      4746	8000391e	3403d973	csrrwi	x18,mscratch,7	 x18=0x80025e71
       48465000	      4747	80003922	340aec73	csrrsi	x24,mscratch,21	 x24=0x00000007
       48475000	      4748	80003926	004f5313	srli	x6,x30,0x4	 x30:0x00000001  x6=0x00000000
       48485000	      4749	8000392a	ea81	c.bnez	x13,8000393a	 x13:0x68d63217
       48505000	      4751	8000393a	0001	c.addi	x0,0	  x0:0x00000000  x0=0x00000000
       48515000	      4752	8000393c	83e1	c.srli	x15,0x18	 x15:0xffffffff x15=0x000000ff
       48555000	      4756	8000393e	02213433	mulhu	x8,x2,x2	  x2:0x00000001  x2:0x00000001  x8=0x00000000
       48565000	      4757	80003942	6dad	c.lui	x27,0xb	 x27=0x0000b000
       48575000	      4758	80003944	01c17263	bgeu	x2,x28,80003948	  x2:0x00000001 x28:0xffffffff
       48585000	      4759	80003948	34002473	csrrs	x8,mscratch,x0	  x0:0x00000000  x8=0x00000017
       48595000	      4760	8000394c	340567f3	csrrsi	x15,mscratch,10	 x15=0x00000017
       48605000	      4761	80003950	0116d4b3	srl	x9,x13,x17	 x13:0x68d63217 x17:0xffffffff  x9=0x00000000
       48615000	      4762	80003954	408e0eb3	sub	x29,x28,x8	 x28:0xffffffff  x8:0x00000017 x29=0xffffffe8
       48625000	      4763	80003958	8ec1	c.or	x13,x8	 x13:0x68d63217  x8:0x00000017 x13=0x68d63217
       48635000	      4764	8000395a	4855	c.li	x16,21	 x16=0x00000015
       48645000	      4765	8000395c	8fa1	c.xor	x15,x8	 x15:0x00000017  x8:0x00000017 x15=0x00000000
       48655000	      4766	8000395e	340076f3	csrrci	x13,mscratch,0	 x13=0x0000001f
       48665000	      4767	80003962	00d19893	slli	x17,x3,0xd	  x3:0x00000310 x17=0x00620000
       48675000	      4768	80003966	0049a603	lw	x12,4(x19)	 x19:0x80021e14 x12=0x80003842 PA:0x80021e18 load:0x80003842
       48685000	      4769	8000396a	34049373	csrrw	x6,mscratch,x9	  x9:0x00000000  x6=0x0000001f
       48695000	      4770	8000396e	987d	c.andi	x8,-1	  x8:0x00000017  x8=0x00000017
       48705000	      4771	80003970	02498993	addi	x19,x19,36	 x19:0x80021e14 x19=0x80021e38
       49075000	      4808	80003974	03f45433	divu	x8,x8,x31	  x8:0x00000017 x31:0x0000000b  x8=0x00000002
       49085000	      4809	80003978	00060213	addi	x4,x12,0	 x12:0x80003842  x4=0x80003842
       49095000	      4810	8000397c	00020267	jalr	x4,0(x4)	  x4:0x80003842  x4=0x80003980
       49115000	      4812	80003842	820e	c.mv	x4,x3	  x0:0x00000000  x3:0x00000310  x4=0x00000310
       49125000	      4813	80003844	3005b693	sltiu	x13,x11,768	 x11:0x00006f7e x13=0x00000000
       49135000	      4814	80003848	00000f17	auipc	x30,0x0	 x30=0x80003848
       49145000	      4815	8000384c	0a8f0f13	addi	x30,x30,168	 x30:0x80003848 x30=0x800038f0
       49155000	      4816	80003850	f2df0f13	addi	x30,x30,-211	 x30:0x800038f0 x30=0x8000381d
       49165000	      4817	80003854	34002e73	csrrs	x28,mscratch,x0	  x0:0x00000000 x28=0x00000000
       49175000	      4818	80003858	94f2	c.add	x9,x28	  x9:0x00000000 x28:0x00000000  x9=0x00000000
       49185000	      4819	8000385a	45cd	c.li	x11,19	 x11=0x00000013
       49195000	      4820	8000385c	0d3f0667	jalr	x12,211(x30)	 x30:0x8000381d x12=0x80003860
       49215000	      4822	800038f0	0083e463	bltu	x7,x8,800038f8	  x7:0x00000002  x8:0x00000002
       49225000	      4823	800038f4	72b46213	ori	x4,x8,1835	  x8:0x00000002  x4=0x0000072b
       49235000	      4824	800038f8	fdc98993	addi	x19,x19,-36	 x19:0x80021e38 x19=0x80021e14
       49245000	      4825	800038fc	00c9a223	sw	x12,4(x19)	 x19:0x80021e14 x12:0x80003860 PA:0x80021e18 store:0x80003860 load:0x00000000
       49255000	      4826	80003900	0222	c.slli	x4,0x8	  x4:0x0000072b  x4=0x00072b00
       49625000	      4863	80003902	03f8fab3	remu	x21,x17,x31	 x17:0x00620000 x31:0x0000000b x21=0x00000002
       49635000	      4864	80003906	fe554c13	xori	x24,x10,-27	 x10:0x8000391f x24=0x7fffc6fa
       49645000	      4865	8000390a	01815863	bge	x2,x24,8000391a	  x2:0x00000001 x24:0x7fffc6fa
       49655000	      4866	8000390e	8739	c.srai	x14,0xe	 x14:0x00000000 x14=0x00000000
       49665000	      4867	80003910	0416	c.slli	x8,0x5	  x8:0x00000002  x8=0x00000040
       49675000	      4868	80003912	3402d3f3	csrrwi	x7,mscratch,5	  x7=0x00000000
       49685000	      4869	80003916	00369793	slli	x15,x13,0x3	 x13:0x00000000 x15=0x00000000
       49695000	      4870	8000391a	1de0666f	jal	x12,80009af8	 x12=0x8000391e
       49715000	      4872	80009af8	340072f3	csrrci	x5,mscratch,0	  x5=0x00000005
       49725000	      4873	80009afc	9644ae37	lui	x28,0x9644a	 x28=0x9644a000
       49735000	      4874	80009b00	14282193	slti	x3,x16,322	 x16:0x00000015  x3=0x00000001
       49745000	      4875	80009b04	1991	c.addi	x19,-28	 x19:0x80021e14 x19=0x80021df8
       49785000	      4879	80009b06	038b3f33	mulhu	x30,x22,x24	 x22:0xfffffadf x24:0x7fffc6fa x30=0x7fffc469
       49795000	      4880	80009b0a	6829	c.lui	x16,0xa	 x16=0x0000a000
       49805000	      4881	80009b0c	00c9a223	sw	x12,4(x19)	 x19:0x80021df8 x12:0x8000391e PA:0x80021dfc store:0x8000391e load:0x00000000
       49815000	      4882	80009b10	0001	c.addi	x0,0	  x0:0x00000000  x0=0x00000000
       49825000	      4883	80009b12	0166d493	srli	x9,x13,0x16	 x13:0x00000000  x9=0x00000000
       49835000	      4884	80009b16	0001	c.addi	x0,0	  x0:0x00000000  x0=0x00000000
       49865000	      4887	80009b18	02a48733	mul	x14,x9,x10	  x9:0x00000000 x10:0x8000391f x14=0x00000000
       49875000	      4888	80009b1c	e799	c.bnez	x15,80009b2a	 x15:0x00000000
       49885000	      4889	80009b1e	008f8c63	beq	x31,x8,80009b36	 x31:0x0000000b  x8:0x00000040
       49895000	      4890	80009b22	340078f3	csrrci	x17,mscratch,0	 x17=0x00000005
       50265000	      4927	80009b26	03a3f833	remu	x16,x7,x26	  x7:0x00000000 x26:0xffffffb0 x16=0x00000000
       50275000	      4928	80009b2a	0001	c.addi	x0,0	  x0:0x00000000  x0=0x00000000
       50285000	      4929	80009b2c	0596d263	bge	x13,x25,80009b70	 x13:0x00000000 x25:0x80025ce4
       50305000	      4931	80009b70	b6d33813	sltiu	x16,x6,-1171	  x6:0x0000001f x16=0x00000001
       50315000	      4932	80009b74	413a5eb3	sra	x29,x20,x19	 x20:0x08000000 x19:0x80021df8 x29=0x00000008
       50345000	      4935	80009b78	03fd01b3	mul	x3,x26,x31	 x26:0xffffffb0 x31:0x0000000b  x3=0xfffffc90
       50355000	      4936	80009b7c	01751093	slli	x1,x10,0x17	 x10:0x8000391f  x1=0x8f800000
       50365000	      4937	80009b80	069c	c.addi4spn	x15,x2,832	 x15=0x00000341
       50375000	      4938	80009b82	8ad80013	addi	x0,x16,-1875	 x16:0x00000001  x0=0x00000000
       50385000	      4939	80009b86	34001f73	csrrw	x30,mscratch,x0	  x0:0x00000000 x30=0x00000005
       50395000	      4940	80009b8a	409d03b3	sub	x7,x26,x9	 x26:0xffffffb0  x9:0x00000000  x7=0xffffffb0
       50765000	      4977	80009b8e	02a578b3	remu	x17,x10,x10	 x10:0x8000391f x10:0x8000391f x17=0x00000000
       50775000	      4978	80009b92	987d	c.andi	x8,-1	  x8:0x00000040  x8=0x00000040
       50785000	      4979	80009b94	038a8c63	beq	x21,x24,80009bcc	 x21:0x00000002 x24:0x7fffc6fa
       50795000	      4980	80009b98	01c0b4b3	sltu	x9,x1,x28	  x1:0x8f800000 x28:0x9644a000  x9=0x00000001
       50805000	      4981	80009b9c	0169d113	srli	x2,x19,0x16	 x19:0x80021df8  x2=0x00000200
       50815000	      4982	80009ba0	618d	c.lui	x3,0x3	  x3=0x00003000
       51185000	      5019	80009ba2	02a4d2b3	divu	x5,x9,x10	  x9:0x00000001 x10:0x8000391f  x5=0x00000000
       51195000	      5020	80009ba6	01bffb33	and	x22,x31,x27	 x31:0x0000000b x27:0x0000b000 x22=0x00000000
       51205000	      5021	80009baa	8d0d	c.sub	x10,x11	 x10:0x8000391f x11:0x00000013 x10=0x8000390c
       51215000	      5022	80009bac	01dc91b3	sll	x3,x25,x29	 x25:0x80025ce4 x29:0x00000008  x3=0x025ce400
       51225000	      5023	80009bb0	8e3e	c.mv	x28,x15	  x0:0x00000000 x15:0x00000341 x28=0x00000341
       51235000	      5024	80009bb2	9db6	c.add	x27,x13	 x27:0x0000b000 x13:0x00000000 x27=0x0000b000
       51245000	      5025	80009bb4	8039	c.srli	x8,0xe	  x8:0x00000040  x8=0x00000000
       51255000	      5026	80009bb6	34006173	csrrsi	x2,mscratch,0	  x2=0x00000000
       51265000	      5027	80009bba	68695637	lui	x12,0x68695	 x12=0x68695000
       51275000	      5028	80009bbe	c611	c.beqz	x12,80009bca	 x12:0x68695000
       51285000	      5029	80009bc0	036a4c63	blt	x20,x22,80009bf8	 x20:0x08000000 x22:0x00000000
       51295000	      5030	80009bc4	3408dd73	csrrwi	x26,mscratch,17	 x26=0x00000000
       51305000	      5031	80009bc8	0588	c.addi4spn	x10,x2,704	 x10=0x000002c0
       51315000	      5032	80009bca	8ea1	c.xor	x13,x8	 x13:0x00000000  x8:0x00000000 x13=0x00000000
       51325000	      5033	80009bcc	ce81	c.beqz	x13,80009be4	 x13:0x00000000
       51345000	      5035	80009be4	006ee833	or	x16,x29,x6	 x29:0x00000008  x6:0x0000001f x16=0x0000001f
       51385000	      5039	80009be8	034a3333	mulhu	x6,x20,x20	 x20:0x08000000 x20:0x08000000  x6=0x00400000
       51415000	      5042	80009bec	02fe8433	mul	x8,x29,x15	 x29:0x00000008 x15:0x00000341  x8=0x00001a08
       51425000	      5043	80009bf0	8c51	c.or	x8,x12	  x8:0x00001a08 x12:0x68695000  x8=0x68695a08
       51435000	      5044	80009bf2	015f2a33	slt	x20,x30,x21	 x30:0x00000005 x21:0x00000002 x20=0x00000000
       51445000	      5045	80009bf6	84d5	c.srai	x9,0x15	  x9:0x00000001  x9=0x00000000
       51455000	      5046	80009bf8	01fc6133	or	x2,x24,x31	 x24:0x7fffc6fa x31:0x0000000b  x2=0x7fffc6fb
       51465000	      5047	80009bfc	9b1e	c.add	x22,x7	 x22:0x00000000  x7:0xffffffb0 x22=0xffffffb0
       51475000	      5048	80009bfe	621dc393	xori	x7,x27,1569	 x27:0x0000b000  x7=0x0000b621
       51485000	      5049	80009c02	019ea8b3	slt	x17,x29,x25	 x29:0x00000008 x25:0x80025ce4 x17=0x00000000
       51495000	      5050	80009c06	34021473	csrrw	x8,mscratch,x4	  x4:0x00072b00  x8=0x00000011
       51505000	      5051	80009c0a	151b7713	andi	x14,x22,337	 x22:0xffffffb0 x14=0x00000110
       51515000	      5052	80009c0e	0b0d	c.addi	x22,3	 x22:0xffffffb0 x22=0xffffffb3
       51525000	      5053	80009c10	003b6033	or	x0,x22,x3	 x22:0xffffffb3  x3:0x025ce400  x0=0x00000000
       51535000	      5054	80009c14	4791	c.li	x15,4	 x15=0x00000004
       51575000	      5058	80009c16	02852233	mulhsu	x4,x10,x8	 x10:0x000002c0  x8:0x00000011  x4=0x00000000
       51945000	      5095	80009c1a	0390cf33	div	x30,x1,x25	  x1:0x8f800000 x25:0x80025ce4 x30=0x00000000
       51955000	      5096	80009c1e	85bebe17	auipc	x28,0x85beb	 x28=0x05bf4c1e
       51965000	      5097	80009c22	9beeab93	slti	x23,x29,-1602	 x29:0x00000008 x23=0x00000000
       51975000	      5098	80009c26	40a95913	srai	x18,x18,0xa	 x18:0x80025e71 x18=0xffe00097
       51985000	      5099	80009c2a	d8acc613	xori	x12,x25,-630	 x25:0x80025ce4 x12=0x7ffda16e
       51995000	      5100	80009c2e	017feb33	or	x22,x31,x23	 x31:0x0000000b x23:0x00000000 x22=0x0000000b
       52005000	      5101	80009c32	0001	c.addi	x0,0	  x0:0x00000000  x0=0x00000000
       52015000	      5102	80009c34	016a25b3	slt	x11,x20,x22	 x20:0x00000000 x22:0x0000000b x11=0x00000001
       52025000	      5103	80009c38	41ce5633	sra	x12,x28,x28	 x28:0x05bf4c1e x28:0x05bf4c1e x12=0x00000000
       52035000	      5104	80009c3c	c09d	c.beqz	x9,80009c62	  x9:0x00000000
       52065000	      5107	80009c62	edbb0413	addi	x8,x22,-293	 x22:0x0000000b  x8=0xfffffee6
       52075000	      5108	80009c66	8da9	c.xor	x11,x10	 x11:0x00000001 x10:0x000002c0 x11=0x000002c1
       52085000	      5109	80009c68	01984db3	xor	x27,x16,x25	 x16:0x0000001f x25:0x80025ce4 x27=0x80025cfb
       52095000	      5110	80009c6c	34006773	csrrsi	x14,mscratch,0	 x14=0x00072b00
       52105000	      5111	80009c70	00c6abb3	slt	x23,x13,x12	 x13:0x00000000 x12:0x00000000 x23=0x00000000
       52115000	      5112	80009c74	34002573	csrrs	x10,mscratch,x0	  x0:0x00000000 x10=0x00072b00
       52485000	      5149	80009c78	02e94f33	div	x30,x18,x14	 x18:0xffe00097 x14:0x00072b00 x30=0xfffffffc
       52495000	      5150	80009c7c	340f50f3	csrrwi	x1,mscratch,30	  x1=0x00072b00
       52505000	      5151	80009c80	ca81	c.beqz	x13,80009c90	 x13:0x00000000
       52525000	      5153	80009c90	013f1c13	slli	x24,x30,0x13	 x30:0xfffffffc x24=0xffe00000
       52535000	      5154	80009c94	056b0163	beq	x22,x22,80009cd6	 x22:0x0000000b x22:0x0000000b
       52565000	      5157	80009cd6	0077ddb3	srl	x27,x15,x7	 x15:0x00000004  x7:0x0000b621 x27=0x00000002
       52575000	      5158	80009cda	41c90e33	sub	x28,x18,x28	 x18:0xffe00097 x28:0x05bf4c1e x28=0xfa20b479
       52585000	      5159	80009cde	3407f373	csrrci	x6,mscratch,15	  x6=0x0000001e
       52955000	      5196	80009ce2	02f7e533	rem	x10,x15,x15	 x15:0x00000004 x15:0x00000004 x10=0x00000000
       52965000	      5197	80009ce6	17fd	c.addi	x15,-1	 x15:0x00000004 x15=0x00000003
       52975000	      5198	80009ce8	340f9e73	csrrw	x28,mscratch,x31	 x31:0x0000000b x28=0x00000010
       52985000	      5199	80009cec	9316	c.add	x6,x5	  x6:0x0000001e  x5:0x00000000  x6=0x0000001e
       52995000	      5200	80009cee	40add633	sra	x12,x27,x10	 x27:0x00000002 x10:0x00000000 x12=0x00000002
       53005000	      5201	80009cf2	0ff0000f	fence	iorw,iorw	
       53015000	      5202	80009cf6	e999	c.bnez	x11,80009d0c	 x11:0x000002c1
       53035000	      5204	80009d0c	6e87b0b7	lui	x1,0x6e87b	  x1=0x6e87b000
       53045000	      5205	80009d10	006bdf13	srli	x30,x23,0x6	 x23:0x00000000 x30=0x00000000
       53055000	      5206	80009d14	0003df13	srli	x30,x7,0x0	  x7:0x0000b621 x30=0x0000b621
       53065000	      5207	80009d18	64d9	c.lui	x9,0x16	  x9=0x00016000
       53075000	      5208	80009d1a	0120e663	bltu	x1,x18,80009d26	  x1:0x6e87b000 x18:0xffe00097
       53105000	      5211	80009d26	2cd07d93	andi	x27,x0,717	  x0:0x00000000 x27=0x00000000
       53115000	      5212	80009d2a	00de	c.slli	x1,0x17	  x1:0x6e87b000  x1=0x00000000
       53125000	      5213	80009d2c	01b5dab3	srl	x21,x11,x27	 x11:0x000002c1 x27:0x00000000 x21=0x000002c1
       53135000	      5214	80009d30	00624b33	xor	x22,x4,x6	  x4:0x00000000  x6:0x0000001e x22=0x0000001e
       53145000	      5215	80009d34	40675533	sra	x10,x14,x6	 x14:0x00072b00  x6:0x0000001e x10=0x00000000
       53155000	      5216	80009d38	02bec963	blt	x29,x11,80009d6a	 x29:0x00000008 x11:0x000002c1
       53175000	      5218	80009d6a	0d36	c.slli	x26,0xd	 x26:0x00000000 x26=0x00000000
       53185000	      5219	80009d6c	00fe5433	srl	x8,x28,x15	 x28:0x00000010 x15:0x00000003  x8=0x00000002
       53195000	      5220	80009d70	4219	c.li	x4,6	  x4=0x00000006
       53205000	      5221	80009d72	3402def3	csrrwi	x29,mscratch,5	 x29=0x0000000b
       53215000	      5222	80009d76	07cd	c.addi	x15,19	 x15:0x00000003 x15=0x00000016
       53225000	      5223	80009d78	005837b3	sltu	x15,x16,x5	 x16:0x0000001f  x5:0x00000000 x15=0x00000000
       53235000	      5224	80009d7c	0001	c.addi	x0,0	  x0:0x00000000  x0=0x00000000
       53245000	      5225	80009d7e	2a033593	sltiu	x11,x6,672	  x6:0x0000001e x11=0x00000001
       53255000	      5226	80009d82	01ec5b13	srli	x22,x24,0x1e	 x24:0xffe00000 x22=0x00000003
       53265000	      5227	80009d86	99fbe8b7	lui	x17,0x99fbe	 x17=0x99fbe000
       53275000	      5228	80009d8a	5addfe97	auipc	x29,0x5addf	 x29=0xdade8d8a
       53285000	      5229	80009d8e	8909	c.andi	x10,2	 x10:0x00000000 x10=0x00000000
       53295000	      5230	80009d90	01c78563	beq	x15,x28,80009d9a	 x15:0x00000000 x28:0x00000010
       53305000	      5231	80009d94	01831293	slli	x5,x6,0x18	  x6:0x0000001e  x5=0x1e000000
       53315000	      5232	80009d98	8be5	c.andi	x15,25	 x15:0x00000000 x15=0x00000000
       53325000	      5233	80009d9a	8cb1	c.xor	x9,x12	  x9:0x00016000 x12:0x00000002  x9=0x00016002
       53335000	      5234	80009d9c	01cb7963	bgeu	x22,x28,80009dae	 x22:0x00000003 x28:0x00000010
       53345000	      5235	80009da0	9dda	c.add	x27,x22	 x27:0x00000000 x22:0x00000003 x27=0x00000003
       53355000	      5236	80009da2	340f2bf3	csrrs	x23,mscratch,x30	 x30:0x0000b621 x23=0x00000005
       53365000	      5237	80009da6	8dbd	c.xor	x11,x15	 x11:0x00000001 x15:0x00000000 x11=0x00000001
       53375000	      5238	80009da8	030a	c.slli	x6,0x2	  x6:0x0000001e  x6=0x00000078
       53385000	      5239	80009daa	8c46	c.mv	x24,x17	  x0:0x00000000 x17:0x99fbe000 x24=0x99fbe000
       53395000	      5240	80009dac	0001	c.addi	x0,0	  x0:0x00000000  x0=0x00000000
       53405000	      5241	80009dae	40e80eb3	sub	x29,x16,x14	 x16:0x0000001f x14:0x00072b00 x29=0xfff8d51f
       53775000	      5278	80009db2	03f8ef33	rem	x30,x17,x31	 x17:0x99fbe000 x31:0x0000000b x30=0xfffffffc
       53785000	      5279	80009db6	a2cb8313	addi	x6,x23,-1492	 x23:0x00000005  x6=0xfffffa31
       53795000	      5280	80009dba	0dc2	c.slli	x27,0x10	 x27:0x00000003 x27=0x00030000
       53805000	      5281	80009dbc	8f9d	c.sub	x15,x15	 x15:0x00000000 x15:0x00000000 x15=0x00000000
       53815000	      5282	80009dbe	8d6d	c.and	x10,x11	 x10:0x00000000 x11:0x00000001 x10=0x00000000
       53825000	      5283	80009dc0	84d5	c.srai	x9,0x15	  x9:0x00016002  x9=0x00000000
       53835000	      5284	80009dc2	00211693	slli	x13,x2,0x2	  x2:0x7fffc6fb x13=0xffff1bec
       53845000	      5285	80009dc6	000c5593	srli	x11,x24,0x0	 x24:0x99fbe000 x11=0x99fbe000
       53855000	      5286	80009dca	01734d33	xor	x26,x6,x23	  x6:0xfffffa31 x23:0x00000005 x26=0xfffffa34
       53865000	      5287	80009dce	03356263	bltu	x10,x19,80009df2	 x10:0x00000000 x19:0x80021df8
       53895000	      5290	80009df2	41455033	sra	x0,x10,x20	 x10:0x00000000 x20:0x00000000  x0=0x00000000
       53905000	      5291	80009df6	0189d693	srli	x13,x19,0x18	 x19:0x80021df8 x13=0x00000080
       53915000	      5292	80009dfa	40865d33	sra	x26,x12,x8	 x12:0x00000002  x8:0x00000002 x26=0x00000000
       54285000	      5329	80009dfe	0279f2b3	remu	x5,x19,x7	 x19:0x80021df8  x7:0x0000b621  x5=0x00006e6b
       54295000	      5330	80009e02	0001	c.addi	x0,0	  x0:0x00000000  x0=0x00000000
       54305000	      5331	80009e04	036065b7	lui	x11,0x3606	 x11=0x03606000
       54315000	      5332	80009e08	018fc733	xor	x14,x31,x24	 x31:0x0000000b x24:0x99fbe000 x14=0x99fbe00b
       54325000	      5333	80009e0c	10fc03b7	lui	x7,0x10fc0	  x7=0x10fc0000
       54335000	      5334	80009e10	41cf3293	sltiu	x5,x30,1052	 x30:0xfffffffc  x5=0x00000000
       54345000	      5335	80009e14	6145	c.addi16sp	x2,48	  x2:0x7fffc6fb  x2=0x7fffc72b
       54355000	      5336	80009e16	002768b3	or	x17,x14,x2	 x14:0x99fbe00b  x2:0x7fffc72b x17=0xffffe72b
       54365000	      5337	80009e1a	0001	c.addi	x0,0	  x0:0x00000000  x0=0x00000000
       54395000	      5340	80009e1c	02118eb3	mul	x29,x3,x1	  x3:0x025ce400  x1:0x00000000 x29=0x00000000
       54405000	      5341	80009e20	0335cc63	blt	x11,x19,80009e58	 x11:0x03606000 x19:0x80021df8
       54775000	      5378	80009e24	0309f133	remu	x2,x19,x16	 x19:0x80021df8 x16:0x0000001f  x2=0x00000015
       54785000	      5379	80009e28	08d73e93	sltiu	x29,x14,141	 x14:0x99fbe00b x29=0x00000000
       54795000	      5380	80009e2c	406bd2b3	sra	x5,x23,x6	 x23:0x00000005  x6:0xfffffa31  x5=0x00000000
       54805000	      5381	80009e30	8609	c.srai	x12,0x2	 x12:0x00000002 x12=0x00000000
       54815000	      5382	80009e32	34007bf3	csrrci	x23,mscratch,0	 x23=0x0000b625
       54825000	      5383	80009e36	00341093	slli	x1,x8,0x3	  x8:0x00000002  x1=0x00000010
       54865000	      5387	80009e3a	03612333	mulhsu	x6,x2,x22	  x2:0x00000015 x22:0x00000003  x6=0x00000000
       54895000	      5390	80009e3e	03c28a33	mul	x20,x5,x28	  x5:0x00000000 x28:0x00000010 x20=0x00000000
       54905000	      5391	80009e42	6ddea913	slti	x18,x29,1757	 x29:0x00000000 x18=0x00000001
       54915000	      5392	80009e46	340e2e73	csrrs	x28,mscratch,x28	 x28:0x00000010 x28=0x0000b625
       54925000	      5393	80009e4a	0652	c.slli	x12,0x14	 x12:0x00000000 x12=0x00000000
       54935000	      5394	80009e4c	41250f33	sub	x30,x10,x18	 x10:0x00000000 x18:0x00000001 x30=0xffffffff
       55305000	      5431	80009e50	02ed7f33	remu	x30,x26,x14	 x26:0x00000000 x14:0x99fbe00b x30=0x00000000
       55315000	      5432	80009e54	0001	c.addi	x0,0	  x0:0x00000000  x0=0x00000000
       55325000	      5433	80009e56	0001	c.addi	x0,0	  x0:0x00000000  x0=0x00000000
       55365000	      5437	80009e58	030d91b3	mulh	x3,x27,x16	 x27:0x00030000 x16:0x0000001f  x3=0x00000000
       55735000	      5474	80009e5c	03985f33	divu	x30,x16,x25	 x16:0x0000001f x25:0x80025ce4 x30=0x00000000
       55745000	      5475	80009e60	01921913	slli	x18,x4,0x19	  x4:0x00000006 x18=0x0c000000
       55755000	      5476	80009e64	8d2d	c.xor	x10,x11	 x10:0x00000000 x11:0x03606000 x10=0x03606000
       55765000	      5477	80009e66	8f385037	lui	x0,0x8f385	  x0=0x00000000
       55775000	      5478	80009e6a	0555c063	blt	x11,x21,80009eaa	 x11:0x03606000 x21:0x000002c1
       55785000	      5479	80009e6e	0182e5b3	or	x11,x5,x24	  x5:0x00000000 x24:0x99fbe000 x11=0x99fbe000
       55795000	      5480	80009e72	00d9df33	srl	x30,x19,x13	 x19:0x80021df8 x13:0x00000080 x30=0x80021df8
       55805000	      5481	80009e76	01db8333	add	x6,x23,x29	 x23:0x0000b625 x29:0x00000000  x6=0x0000b625
       55815000	      5482	80009e7a	da202893	slti	x17,x0,-606	  x0:0x00000000 x17=0x00000000
       55825000	      5483	80009e7e	09c50d93	addi	x27,x10,156	 x10:0x03606000 x27=0x0360609c
       55835000	      5484	80009e82	00fa62b3	or	x5,x20,x15	 x20:0x00000000 x15:0x00000000  x5=0x00000000
       55845000	      5485	80009e86	8eb1	c.xor	x13,x12	 x13:0x00000080 x12:0x00000000 x13=0x00000080
       55855000	      5486	80009e88	0521	c.addi	x10,8	 x10:0x03606000 x10=0x03606008
       55865000	      5487	80009e8a	007114b3	sll	x9,x2,x7	  x2:0x00000015  x7:0x10fc0000  x9=0x00000015
       55875000	      5488	80009e8e	80c1	c.srli	x9,0x10	  x9:0x00000015  x9=0x00000000
       55885000	      5489	80009e90	00082833	slt	x16,x16,x0	 x16:0x0000001f  x0:0x00000000 x16=0x00000000
       55895000	      5490	80009e94	41e25a13	srai	x20,x4,0x1e	  x4:0x00000006 x20=0x00000000
       55905000	      5491	80009e98	41108d33	sub	x26,x1,x17	  x1:0x00000010 x17:0x00000000 x26=0x00000010
       55915000	      5492	80009e9c	87fd	c.srai	x15,0x1f	 x15:0x00000000 x15=0x00000000
       55925000	      5493	80009e9e	a7be3d93	sltiu	x27,x28,-1413	 x28:0x0000b625 x27=0x00000001
       55935000	      5494	80009ea2	406c5693	srai	x13,x24,0x6	 x24:0x99fbe000 x13=0xfe67ef80
       55945000	      5495	80009ea6	0000100f	fence.i	
       55975000	      5498	80009eaa	3409bef3	csrrc	x29,mscratch,x19	 x19:0x80021df8 x29=0x0000b635
       55985000	      5499	80009eae	8c59	c.or	x8,x14	  x8:0x00000002 x14:0x99fbe00b  x8=0x99fbe00b
       55995000	      5500	80009eb0	06bd4463	blt	x26,x11,80009f18	 x26:0x00000010 x11:0x99fbe000
       56005000	      5501	80009eb4	01eb2f33	slt	x30,x22,x30	 x22:0x00000003 x30:0x80021df8 x30=0x00000000
       56015000	      5502	80009eb8	00269593	slli	x11,x13,0x2	 x13:0xfe67ef80 x11=0xf99fbe00
       56025000	      5503	80009ebc	014afab3	and	x21,x21,x20	 x21:0x000002c1 x20:0x00000000 x21=0x00000000
       56065000	      5507	80009ec0	03039ab3	mulh	x21,x7,x16	  x7:0x10fc0000 x16:0x00000000 x21=0x00000000
       56075000	      5508	80009ec4	015ee863	bltu	x29,x21,80009ed4	 x29:0x0000b635 x21:0x00000000
       56085000	      5509	80009ec8	04545d63	bge	x8,x5,80009f22	  x8:0x99fbe00b  x5:0x00000000
       56095000	      5510	80009ecc	07ce7663	bgeu	x28,x28,80009f38	 x28:0x0000b625 x28:0x0000b625
       56115000	      5512	80009f38	0347e763	bltu	x15,x20,80009f66	 x15:0x00000000 x20:0x00000000
       56125000	      5513	80009f3c	0001	c.addi	x0,0	  x0:0x00000000  x0=0x00000000
       56135000	      5514	80009f3e	0001	c.addi	x0,0	  x0:0x00000000  x0=0x00000000
       56145000	      5515	80009f40	40e25d13	srai	x26,x4,0xe	  x4:0x00000006 x26=0x00000000
       56155000	      5516	80009f44	340020f3	csrrs	x1,mscratch,x0	  x0:0x00000000  x1=0x0000a205
       56165000	      5517	80009f48	00a258b3	srl	x17,x4,x10	  x4:0x00000006 x10:0x03606008 x17=0x00000000
       56175000	      5518	80009f4c	4130d613	srai	x12,x1,0x13	  x1:0x0000a205 x12=0x00000000
       56545000	      5555	80009f50	0383cc33	div	x24,x7,x24	  x7:0x10fc0000 x24:0x99fbe000 x24=0x00000000
       56555000	      5556	80009f54	01dccab3	xor	x21,x25,x29	 x25:0x80025ce4 x29:0x0000b635 x21=0x8002ead1
       56575000	      5558	80009f58	02fb5433	divu	x8,x22,x15	 x22:0x00000003 x15:0x00000000  x8=0xffffffff
       56585000	      5559	80009f5c	34003a73	csrrc	x20,mscratch,x0	  x0:0x00000000 x20=0x0000a205
       56595000	      5560	80009f60	0001	c.addi	x0,0	  x0:0x00000000  x0=0x00000000
       56605000	      5561	80009f62	c59d	c.beqz	x11,80009f90	 x11:0xf99fbe00
       56615000	      5562	80009f64	8ff1	c.and	x15,x12	 x15:0x00000000 x12:0x00000000 x15=0x00000000
       56625000	      5563	80009f66	01d40d63	beq	x8,x29,80009f80	  x8:0xffffffff x29:0x0000b635
       56635000	      5564	80009f6a	55830113	addi	x2,x6,1368	  x6:0x0000b625  x2=0x0000bb7d
       56645000	      5565	80009f6e	0159c533	xor	x10,x19,x21	 x19:0x80021df8 x21:0x8002ead1 x10=0x0000f729
       56655000	      5566	80009f72	1490	c.addi4spn	x12,x2,608	 x12=0x0000bddd
       56665000	      5567	80009f74	0d36	c.slli	x26,0xd	 x26:0x00000000 x26=0x00000000
       56675000	      5568	80009f76	41ba8ab3	sub	x21,x21,x27	 x21:0x8002ead1 x27:0x00000001 x21=0x8002ead0
       56685000	      5569	80009f7a	407fd013	srai	x0,x31,0x7	 x31:0x0000000b  x0=0x00000000
       56695000	      5570	80009f7e	c2a1	c.beqz	x13,80009fbe	 x13:0xfe67ef80
       57065000	      5607	80009f80	02b158b3	divu	x17,x2,x11	  x2:0x0000bb7d x11:0xf99fbe00 x17=0x00000000
       57075000	      5608	80009f84	003f41b3	xor	x3,x30,x3	 x30:0x00000000  x3:0x00000000  x3=0x00000000
       57085000	      5609	80009f88	8d0d	c.sub	x10,x11	 x10:0x0000f729 x11:0xf99fbe00 x10=0x06613929
       57095000	      5610	80009f8a	81d6	c.mv	x3,x21	  x0:0x00000000 x21:0x8002ead0  x3=0x8002ead0
       57105000	      5611	80009f8c	8f46	c.mv	x30,x17	  x0:0x00000000 x17:0x00000000 x30=0x00000000
       57115000	      5612	80009f8e	83b9	c.srli	x15,0xe	 x15:0x00000000 x15=0x00000000
       57125000	      5613	80009f90	014f1d63	bne	x30,x20,80009faa	 x30:0x00000000 x20:0x0000a205
       57155000	      5616	80009faa	00d29263	bne	x5,x13,80009fae	  x5:0x00000000 x13:0xfe67ef80
       57185000	      5619	80009fae	00c6d613	srli	x12,x13,0xc	 x13:0xfe67ef80 x12=0x000fe67e
       57195000	      5620	80009fb2	717d	c.addi16sp	x2,-16	  x2:0x0000bb7d  x2=0x0000bb6d
       57205000	      5621	80009fb4	340027f3	csrrs	x15,mscratch,x0	  x0:0x00000000 x15=0x0000a205
       57215000	      5622	80009fb8	8e5d	c.or	x12,x15	 x12:0x000fe67e x15:0x0000a205 x12=0x000fe67f
       57225000	      5623	80009fba	0287c463	blt	x15,x8,80009fe2	 x15:0x0000a205  x8:0xffffffff
       57265000	      5627	80009fbe	025b91b3	mulh	x3,x23,x5	 x23:0x0000b625  x5:0x00000000  x3=0x00000000
       57635000	      5664	80009fc2	033b7133	remu	x2,x22,x19	 x22:0x00000003 x19:0x80021df8  x2=0x00000003
       57645000	      5665	80009fc6	1d7d	c.addi	x26,-1	 x26:0x00000000 x26=0xffffffff
       57655000	      5666	80009fc8	01b01093	slli	x1,x0,0x1b	  x0:0x00000000  x1=0x00000000
       57665000	      5667	80009fcc	00175863	bge	x14,x1,80009fdc	 x14:0x99fbe00b  x1:0x00000000
       57675000	      5668	80009fd0	05345163	bge	x8,x19,8000a012	  x8:0xffffffff x19:0x80021df8
       57705000	      5671	8000a012	340e56f3	csrrwi	x13,mscratch,28	 x13=0x0000a205
       57715000	      5672	8000a016	02f58c63	beq	x11,x15,8000a04e	 x11:0xf99fbe00 x15:0x0000a205
       57725000	      5673	8000a01a	0153d663	bge	x7,x21,8000a026	  x7:0x10fc0000 x21:0x8002ead0
       57755000	      5676	8000a026	35b7c293	xori	x5,x15,859	 x15:0x0000a205  x5=0x0000a15e
       57765000	      5677	8000a02a	527d	c.li	x4,-1	  x4=0xffffffff
       57775000	      5678	8000a02c	8e3d	c.xor	x12,x15	 x12:0x000fe67f x15:0x0000a205 x12=0x000f447a
       57785000	      5679	8000a02e	0b88	c.addi4spn	x10,x2,464	 x10=0x000001d3
       57795000	      5680	8000a030	0001	c.addi	x0,0	  x0:0x00000000  x0=0x00000000
       57805000	      5681	8000a032	00c101b3	add	x3,x2,x12	  x2:0x00000003 x12:0x000f447a  x3=0x000f447d
       57815000	      5682	8000a036	15569a37	lui	x20,0x15569	 x20=0x15569000
       57825000	      5683	8000a03a	8f0d	c.sub	x14,x11	 x14:0x99fbe00b x11:0xf99fbe00 x14=0xa05c220b
       58195000	      5720	8000a03c	0324eab3	rem	x21,x9,x18	  x9:0x00000000 x18:0x0c000000 x21=0x00000000
       58205000	      5721	8000a040	03d5dd63	bge	x11,x29,8000a07a	 x11:0xf99fbe00 x29:0x0000b635
       58215000	      5722	8000a044	419e5e93	srai	x29,x28,0x19	 x28:0x0000b625 x29=0x00000000
       58225000	      5723	8000a048	c59d	c.beqz	x11,8000a076	 x11:0xf99fbe00
       58235000	      5724	8000a04a	c10d	c.beqz	x10,8000a06c	 x10:0x000001d3
       58245000	      5725	8000a04c	80b9	c.srli	x9,0xe	  x9:0x00000000  x9=0x00000000
       58255000	      5726	8000a04e	00789d63	bne	x17,x7,8000a068	 x17:0x00000000  x7:0x10fc0000
       58305000	      5731	8000a068	0378b533	mulhu	x10,x17,x23	 x17:0x00000000 x23:0x0000b625 x10=0x00000000
       58315000	      5732	8000a06c	c129	c.beqz	x10,8000a0ae	 x10:0x00000000
       58345000	      5735	8000a0ae	01eaf1b3	and	x3,x21,x30	 x21:0x00000000 x30:0x00000000  x3=0x00000000
       58355000	      5736	8000a0b2	340c5473	csrrwi	x8,mscratch,24	  x8=0x0000001c
       58365000	      5737	8000a0b6	001ecf33	xor	x30,x29,x1	 x29:0x00000000  x1:0x00000000 x30=0x00000000
       58375000	      5738	8000a0ba	002982b3	add	x5,x19,x2	 x19:0x80021df8  x2:0x00000003  x5=0x80021dfb
       58385000	      5739	8000a0be	8fcd	c.or	x15,x11	 x15:0x0000a205 x11:0xf99fbe00 x15=0xf99fbe05
       58755000	      5776	8000a0c0	039743b3	div	x7,x14,x25	 x14:0xa05c220b x25:0x80025ce4  x7=0x00000000
       58765000	      5777	8000a0c4	50fd	c.li	x1,-1	  x1=0xffffffff
       58775000	      5778	8000a0c6	0044c1b3	xor	x3,x9,x4	  x9:0x00000000  x4:0xffffffff  x3=0xffffffff
       59145000	      5815	8000a0ca	0329e833	rem	x16,x19,x18	 x19:0x80021df8 x18:0x0c000000 x16=0xf8021df8
       59155000	      5816	8000a0ce	1ca9c437	lui	x8,0x1ca9c	  x8=0x1ca9c000
       59195000	      5820	8000a0d2	02a02733	mulhsu	x14,x0,x10	  x0:0x00000000 x10:0x00000000 x14=0x00000000
       59205000	      5821	8000a0d6	40a65bb3	sra	x23,x12,x10	 x12:0x000f447a x10:0x00000000 x23=0x000f447a
       59215000	      5822	8000a0da	e4a1fa13	andi	x20,x3,-438	  x3:0xffffffff x20=0xfffffe4a
       59225000	      5823	8000a0de	008a5d93	srli	x27,x20,0x8	 x20:0xfffffe4a x27=0x00fffffe
       59235000	      5824	8000a0e2	0001	c.addi	x0,0	  x0:0x00000000  x0=0x00000000
       59245000	      5825	8000a0e4	00d37933	and	x18,x6,x13	  x6:0x0000b625 x13:0x0000a205 x18=0x0000a205
       59255000	      5826	8000a0e8	de293413	sltiu	x8,x18,-542	 x18:0x0000a205  x8=0x00000001
       59265000	      5827	8000a0ec	0001	c.addi	x0,0	  x0:0x00000000  x0=0x00000000
       59275000	      5828	8000a0ee	07eb8013	addi	x0,x23,126	 x23:0x000f447a  x0=0x00000000
       59285000	      5829	8000a0f2	82bd	c.srli	x13,0xf	 x13:0x0000a205 x13=0x00000001
       59295000	      5830	8000a0f4	c689	c.beqz	x13,8000a0fe	 x13:0x00000001
       59305000	      5831	8000a0f6	b3313037	lui	x0,0xb3313	  x0=0x00000000
       59315000	      5832	8000a0fa	cc09	c.beqz	x8,8000a114	  x8:0x00000001
       59325000	      5833	8000a0fc	8f31	c.xor	x14,x12	 x14:0x00000000 x12:0x000f447a x14=0x000f447a
       59335000	      5834	8000a0fe	02af5963	bge	x30,x10,8000a130	 x30:0x00000000 x10:0x00000000
       59355000	      5836	8000a130	044fb493	sltiu	x9,x31,68	 x31:0x0000000b  x9=0x00000001
       59365000	      5837	8000a134	41db8133	sub	x2,x23,x29	 x23:0x000f447a x29:0x00000000  x2=0x000f447a
       59375000	      5838	8000a138	3f11b4b7	lui	x9,0x3f11b	  x9=0x3f11b000
       59385000	      5839	8000a13c	34075d73	csrrwi	x26,mscratch,14	 x26=0x00000018
       59395000	      5840	8000a140	01de	c.slli	x3,0x17	  x3:0xffffffff  x3=0xff800000
       59405000	      5841	8000a142	340b9df3	csrrw	x27,mscratch,x23	 x23:0x000f447a x27=0x0000000e
       59415000	      5842	8000a146	00044963	blt	x8,x0,8000a158	  x8:0x00000001  x0:0x00000000
       59425000	      5843	8000a14a	808d	c.srli	x9,0x3	  x9:0x3f11b000  x9=0x07e23600
       59795000	      5880	8000a14c	0335e0b3	rem	x1,x11,x19	 x11:0xf99fbe00 x19:0x80021df8  x1=0xf99fbe00
       59805000	      5881	8000a150	00b09863	bne	x1,x11,8000a160	  x1:0xf99fbe00 x11:0xf99fbe00
       59815000	      5882	8000a154	011f2133	slt	x2,x30,x17	 x30:0x00000000 x17:0x00000000  x2=0x00000000
       59825000	      5883	8000a158	7ab48093	addi	x1,x9,1963	  x9:0x07e23600  x1=0x07e23dab
       59835000	      5884	8000a15c	34045273	csrrwi	x4,mscratch,8	  x4=0x000f447a
       59845000	      5885	8000a160	51e86b13	ori	x22,x16,1310	 x16:0xf8021df8 x22=0xf8021dfe
       59885000	      5889	8000a164	02bfa533	mulhsu	x10,x31,x11	 x31:0x0000000b x11:0xf99fbe00 x10=0x0000000a
       59895000	      5890	8000a168	c815	c.beqz	x8,8000a19c	  x8:0x00000001
       59905000	      5891	8000a16a	41a35d13	srai	x26,x6,0x1a	  x6:0x0000b625 x26=0x00000000
       59915000	      5892	8000a16e	044dd163	bge	x27,x4,8000a1b0	 x27:0x0000000e  x4:0x000f447a
       59925000	      5893	8000a172	8e86	c.mv	x29,x1	  x0:0x00000000  x1:0x07e23dab x29=0x07e23dab
       59935000	      5894	8000a174	4097d893	srai	x17,x15,0x9	 x15:0xf99fbe05 x17=0xfffccfdf
       59945000	      5895	8000a178	e88d	c.bnez	x9,8000a1aa	  x9:0x07e23600
       59975000	      5898	8000a1aa	e6ea6693	ori	x13,x20,-402	 x20:0xfffffe4a x13=0xfffffe6e
       59985000	      5899	8000a1ae	6179	c.addi16sp	x2,464	  x2:0x00000000  x2=0x000001d0
       59995000	      5900	8000a1b0	0067bd33	sltu	x26,x15,x6	 x15:0xf99fbe05  x6:0x0000b625 x26=0x00000000
       60005000	      5901	8000a1b4	34006c73	csrrsi	x24,mscratch,0	 x24=0x00000008
       60015000	      5902	8000a1b8	0151ceb3	xor	x29,x3,x21	  x3:0xff800000 x21:0x00000000 x29=0xff800000
       60385000	      5939	8000a1bc	02b77333	remu	x6,x14,x11	 x14:0x000f447a x11:0xf99fbe00  x6=0x000f447a
       60395000	      5940	8000a1c0	d2304d93	xori	x27,x0,-733	  x0:0x00000000 x27=0xfffffd23
       60405000	      5941	8000a1c4	84757893	andi	x17,x10,-1977	 x10:0x0000000a x17=0x00000002
       60415000	      5942	8000a1c8	00c3d733	srl	x14,x7,x12	  x7:0x00000000 x12:0x000f447a x14=0x00000000
       60425000	      5943	8000a1cc	717d	c.addi16sp	x2,-16	  x2:0x000001d0  x2=0x000001c0
       60435000	      5944	8000a1ce	0000100f	fence.i	
       60455000	      5946	8000a1d2	e481	c.bnez	x9,8000a1da	  x9:0x07e23600
       60475000	      5948	8000a1da	8979	c.andi	x10,30	 x10:0x0000000a x10=0x0000000a
       60485000	      5949	8000a1dc	1c94	c.addi4spn	x13,x2,624	 x13=0x00000430
       60495000	      5950	8000a1de	340f9d73	csrrw	x26,mscratch,x31	 x31:0x0000000b x26=0x00000008
       60505000	      5951	8000a1e2	0001	c.addi	x0,0	  x0:0x00000000  x0=0x00000000
       60515000	      5952	8000a1e4	340d38f3	csrrc	x17,mscratch,x26	 x26:0x00000008 x17=0x0000000b
       60525000	      5953	8000a1e8	024e7263	bgeu	x28,x4,8000a20c	 x28:0x0000b625  x4:0x000f447a
       60535000	      5954	8000a1ec	00ea2f33	slt	x30,x20,x14	 x20:0xfffffe4a x14:0x00000000 x30=0x00000001
       60545000	      5955	8000a1f0	34006e73	csrrsi	x28,mscratch,0	 x28=0x00000003
       60555000	      5956	8000a1f4	8669	c.srai	x12,0x1a	 x12:0x000f447a x12=0x00000000
       60565000	      5957	8000a1f6	0296cc63	blt	x13,x9,8000a22e	 x13:0x00000430  x9:0x07e23600
       60595000	      5960	8000a22e	032d0913	addi	x18,x26,50	 x26:0x00000008 x18=0x0000003a
       60615000	      5962	8000a232	035678b3	remu	x17,x12,x21	 x12:0x00000000 x21:0x00000000 x17=0x00000000
       60625000	      5963	8000a236	06e6	c.slli	x13,0x19	 x13:0x00000430 x13=0x60000000
       60635000	      5964	8000a238	34007c73	csrrci	x24,mscratch,0	 x24=0x00000003
       60645000	      5965	8000a23c	015f0733	add	x14,x30,x21	 x30:0x00000001 x21:0x00000000 x14=0x00000001
       60655000	      5966	8000a240	688d	c.lui	x17,0x3	 x17=0x00003000
       60665000	      5967	8000a242	340b6273	csrrsi	x4,mscratch,22	  x4=0x00000003
       60705000	      5971	8000a246	026e1233	mulh	x4,x28,x6	 x28:0x00000003  x6:0x000f447a  x4=0x00000000
       60715000	      5972	8000a24a	8cd5	c.or	x9,x13	  x9:0x07e23600 x13:0x60000000  x9=0x67e23600
       60725000	      5973	8000a24c	8e29	c.xor	x12,x10	 x12:0x00000000 x10:0x0000000a x12=0x0000000a
       60735000	      5974	8000a24e	057a9063	bne	x21,x23,8000a28e	 x21:0x00000000 x23:0x000f447a
       60755000	      5976	8000a28e	8cd5	c.or	x9,x13	  x9:0x67e23600 x13:0x60000000  x9=0x67e23600
       60765000	      5977	8000a290	287805b7	lui	x11,0x28780	 x11=0x28780000
       60805000	      5981	8000a294	02d8adb3	mulhsu	x27,x17,x13	 x17:0x00003000 x13:0x60000000 x27=0x00001200
       60815000	      5982	8000a298	40255493	srai	x9,x10,0x2	 x10:0x0000000a  x9=0x00000002
       61185000	      6019	8000a29c	02ec5d33	divu	x26,x24,x14	 x24:0x00000003 x14:0x00000001 x26=0x00000003
       61195000	      6020	8000a2a0	00d865b3	or	x11,x16,x13	 x16:0xf8021df8 x13:0x60000000 x11=0xf8021df8
       61205000	      6021	8000a2a4	00000a33	add	x20,x0,x0	  x0:0x00000000  x0:0x00000000 x20=0x00000000
       61215000	      6022	8000a2a8	8079	c.srli	x8,0x1e	  x8:0x00000001  x8=0x00000000
       61225000	      6023	8000a2aa	340bd0f3	csrrwi	x1,mscratch,23	  x1=0x00000017
       61235000	      6024	8000a2ae	e229	c.bnez	x12,8000a2f0	 x12:0x0000000a
       61255000	      6026	8000a2f0	997e	c.add	x18,x31	 x18:0x0000003a x31:0x0000000b x18=0x00000045
       61265000	      6027	8000a2f2	ce4b7593	andi	x11,x22,-796	 x22:0xf8021dfe x11=0xf8021ce4
       61275000	      6028	8000a2f6	ce05	c.beqz	x12,8000a32e	 x12:0x0000000a
       61285000	      6029	8000a2f8	8ec9	c.or	x13,x10	 x13:0x60000000 x10:0x0000000a x13=0x6000000a
       61295000	      6030	8000a2fa	000c2633	slt	x12,x24,x0	 x24:0x00000003  x0:0x00000000 x12=0x00000000
       61305000	      6031	8000a2fe	8146	c.mv	x2,x17	  x0:0x00000000 x17:0x00003000  x2=0x00003000
       61315000	      6032	8000a300	340970f3	csrrci	x1,mscratch,18	  x1=0x00000017
       61325000	      6033	8000a304	8685	c.srai	x13,0x1	 x13:0x6000000a x13=0x30000005
       61335000	      6034	8000a306	01a863b3	or	x7,x16,x26	 x16:0xf8021df8 x26:0x00000003  x7=0xf8021dfb
       61345000	      6035	8000a30a	02c39463	bne	x7,x12,8000a332	  x7:0xf8021dfb x12:0x00000000
       61375000	      6038	8000a332	3407def3	csrrwi	x29,mscratch,15	 x29=0x00000005
       61385000	      6039	8000a336	8d05	c.sub	x10,x9	 x10:0x0000000a  x9:0x00000002 x10=0x00000008
       61395000	      6040	8000a338	005c8ab3	add	x21,x25,x5	 x25:0x80025ce4  x5:0x80021dfb x21=0x00047adf
       61405000	      6041	8000a33c	0000100f	fence.i	
       61425000	      6043	8000a340	41ddd2b3	sra	x5,x27,x29	 x27:0x00001200 x29:0x00000005  x5=0x00000090
       61435000	      6044	8000a344	003ed933	srl	x18,x29,x3	 x29:0x00000005  x3:0xff800000 x18=0x00000005
       61805000	      6081	8000a348	02355833	divu	x16,x10,x3	 x10:0x00000008  x3:0xff800000 x16=0x00000000
       61815000	      6082	8000a34c	83c6	c.mv	x7,x17	  x0:0x00000000 x17:0x00003000  x7=0x00003000
       61825000	      6083	8000a34e	0ff0000f	fence	iorw,iorw	
       61835000	      6084	8000a352	340d5af3	csrrwi	x21,mscratch,26	 x21=0x0000000f
       61845000	      6085	8000a356	0100e933	or	x18,x1,x16	  x1:0x00000017 x16:0x00000000 x18=0x00000017
       61855000	      6086	8000a35a	4106d2b3	sra	x5,x13,x16	 x13:0x30000005 x16:0x00000000  x5=0x30000005
       61865000	      6087	8000a35e	ca99	c.beqz	x13,8000a374	 x13:0x30000005
       61875000	      6088	8000a360	0007c263	blt	x15,x0,8000a364	 x15:0xf99fbe05  x0:0x00000000
       61925000	      6093	8000a364	03311c33	mulh	x24,x2,x19	  x2:0x00003000 x19:0x80021df8 x24=0xffffe800
       61935000	      6094	8000a368	02b9e863	bltu	x19,x11,8000a398	 x19:0x80021df8 x11:0xf8021ce4
       61955000	      6096	8000a398	328bee13	ori	x28,x23,808	 x23:0x000f447a x28=0x000f477a
       61965000	      6097	8000a39c	00eaaeb3	slt	x29,x21,x14	 x21:0x0000000f x14:0x00000001 x29=0x00000000
       61975000	      6098	8000a3a0	8f39	c.xor	x14,x14	 x14:0x00000001 x14:0x00000001 x14=0x00000000
       61985000	      6099	8000a3a2	9f7a	c.add	x30,x30	 x30:0x00000001 x30:0x00000001 x30=0x00000002
       61995000	      6100	8000a3a4	98fd	c.andi	x9,-1	  x9:0x00000002  x9=0x00000002
       62005000	      6101	8000a3a6	08c1	c.addi	x17,16	 x17:0x00003000 x17=0x00003010
       62015000	      6102	8000a3a8	62d1	c.lui	x5,0x14	  x5=0x00014000
       62025000	      6103	8000a3aa	340f6e73	csrrsi	x28,mscratch,30	 x28=0x0000001a
       62035000	      6104	8000a3ae	81ce	c.mv	x3,x19	  x0:0x00000000 x19:0x80021df8  x3=0x80021df8
       62045000	      6105	8000a3b0	01b5aeb3	slt	x29,x11,x27	 x11:0xf8021ce4 x27:0x00001200 x29=0x00000001
       62055000	      6106	8000a3b4	08004313	xori	x6,x0,128	  x0:0x00000000  x6=0x00000080
       62065000	      6107	8000a3b8	241c7613	andi	x12,x24,577	 x24:0xffffe800 x12=0x00000000
       62075000	      6108	8000a3bc	8969	c.andi	x10,26	 x10:0x00000008 x10=0x00000008
       62085000	      6109	8000a3be	5f077513	andi	x10,x14,1520	 x14:0x00000000 x10=0x00000000
       62095000	      6110	8000a3c2	0001	c.addi	x0,0	  x0:0x00000000  x0=0x00000000
       62465000	      6147	8000a3c4	0328cbb3	div	x23,x17,x18	 x17:0x00003010 x18:0x00000017 x23=0x00000216
       62475000	      6148	8000a3c8	34002c73	csrrs	x24,mscratch,x0	  x0:0x00000000 x24=0x0000001e
       62485000	      6149	8000a3cc	340433f3	csrrc	x7,mscratch,x8	  x8:0x00000000  x7=0x0000001e
       62495000	      6150	8000a3d0	ef8d	c.bnez	x15,8000a40a	 x15:0xf99fbe05
       62525000	      6153	8000a40a	016c9f63	bne	x25,x22,8000a428	 x25:0x80025ce4 x22:0xf8021dfe
       62545000	      6155	8000a428	e8993e93	sltiu	x29,x18,-375	 x18:0x00000017 x29=0x00000001
       62555000	      6156	8000a42c	0021e133	or	x2,x3,x2	  x3:0x80021df8  x2:0x00003000  x2=0x80023df8
       62565000	      6157	8000a430	8efe	c.mv	x29,x31	  x0:0x00000000 x31:0x0000000b x29=0x0000000b
       62575000	      6158	8000a432	02e1f863	bgeu	x3,x14,8000a462	  x3:0x80021df8 x14:0x00000000
       62605000	      6161	8000a462	86948913	addi	x18,x9,-1943	  x9:0x00000002 x18=0xfffff86b
       62615000	      6162	8000a466	230fe697	auipc	x13,0x230fe	 x13=0xa3108466
       62625000	      6163	8000a46a	87a62a13	slti	x20,x12,-1926	 x12:0x00000000 x20=0x00000000
       62635000	      6164	8000a46e	021e5463	bge	x28,x1,8000a496	 x28:0x0000001a  x1:0x00000017
       62655000	      6166	8000a496	e419	c.bnez	x8,8000a4a4	  x8:0x00000000
       62665000	      6167	8000a498	05a14363	blt	x2,x26,8000a4de	  x2:0x80023df8 x26:0x00000003
       62695000	      6170	8000a4de	0000100f	fence.i	
       62725000	      6173	8000a4e2	00acc633	xor	x12,x25,x10	 x25:0x80025ce4 x10:0x00000000 x12=0x80025ce4
       62735000	      6174	8000a4e6	e2cd7e13	andi	x28,x26,-468	 x26:0x00000003 x28=0x00000000
       62745000	      6175	8000a4ea	008647b3	xor	x15,x12,x8	 x12:0x80025ce4  x8:0x00000000 x15=0x80025ce4
       62755000	      6176	8000a4ee	832d	c.srli	x14,0xb	 x14:0x00000000 x14=0x00000000
       62765000	      6177	8000a4f0	0ff0000f	fence	iorw,iorw	
       62805000	      6181	8000a4f4	023bb7b3	mulhu	x15,x23,x3	 x23:0x00000216  x3:0x80021df8 x15=0x0000010b
       62815000	      6182	8000a4f8	0230d363	bge	x1,x3,8000a51e	  x1:0x00000017  x3:0x80021df8
       62845000	      6185	8000a51e	01747db3	and	x27,x8,x23	  x8:0x00000000 x23:0x00000216 x27=0x00000000
       62855000	      6186	8000a522	98c50313	addi	x6,x10,-1652	 x10:0x00000000  x6=0xfffff98c
       62895000	      6190	8000a526	0362beb3	mulhu	x29,x5,x22	  x5:0x00014000 x22:0xf8021dfe x29=0x00013602
       63265000	      6227	8000a52a	03144eb3	div	x29,x8,x17	  x8:0x00000000 x17:0x00003010 x29=0x00000000
       63635000	      6264	8000a52e	029ff0b3	remu	x1,x31,x9	 x31:0x0000000b  x9:0x00000002  x1=0x00000001
       63645000	      6265	8000a532	547d	c.li	x8,-1	  x8=0xffffffff
       63655000	      6266	8000a534	ee95	c.bnez	x13,8000a570	 x13:0xa3108466
       63675000	      6268	8000a570	0001	c.addi	x0,0	  x0:0x00000000  x0=0x00000000
       63685000	      6269	8000a572	340366f3	csrrsi	x13,mscratch,6	 x13=0x0000001e
       63705000	      6271	8000a576	030171b3	remu	x3,x2,x16	  x2:0x80023df8 x16:0x00000000  x3=0x80023df8
       63745000	      6275	8000a57a	020e2ab3	mulhsu	x21,x28,x0	 x28:0x00000000  x0:0x00000000 x21=0x00000000
       63755000	      6276	8000a57e	6c35	c.lui	x24,0xd	 x24=0x0000d000
       63765000	      6277	8000a580	1400	c.addi4spn	x8,x2,544	  x8=0x80024018
       63775000	      6278	8000a582	8009	c.srli	x8,0x2	  x8:0x80024018  x8=0x20009006
       63785000	      6279	8000a584	e981	c.bnez	x11,8000a594	 x11:0xf8021ce4
       63825000	      6283	8000a594	02560db3	mul	x27,x12,x5	 x12:0x80025ce4  x5:0x00014000 x27=0xf41d0000
       63835000	      6284	8000a598	00dfcdb3	xor	x27,x31,x13	 x31:0x0000000b x13:0x0000001e x27=0x00000015
       64205000	      6321	8000a59c	021aff33	remu	x30,x21,x1	 x21:0x00000000  x1:0x00000001 x30=0x00000000
       64215000	      6322	8000a5a0	fe646493	ori	x9,x8,-26	  x8:0x20009006  x9=0xffffffe6
       64225000	      6323	8000a5a4	c31bf613	andi	x12,x23,-975	 x23:0x00000216 x12=0x00000010
       64265000	      6327	8000a5a8	02669f33	mulh	x30,x13,x6	 x13:0x0000001e  x6:0xfffff98c x30=0xffffffff
       64275000	      6328	8000a5ac	34072473	csrrs	x8,mscratch,x14	 x14:0x00000000  x8=0x0000001e
       64285000	      6329	8000a5b0	0d0c	c.addi4spn	x11,x2,656	 x11=0x80024088
       64325000	      6333	8000a5b2	03ce9033	mulh	x0,x29,x28	 x29:0x00000000 x28:0x00000000  x0=0x00000000
       64335000	      6334	8000a5b6	864e5817	auipc	x16,0x864e5	 x16=0x064ef5b6
       64345000	      6335	8000a5ba	01c50563	beq	x10,x28,8000a5c4	 x10:0x00000000 x28:0x00000000
       64365000	      6337	8000a5c4	8a5d	c.andi	x12,23	 x12:0x00000010 x12=0x00000010
       64375000	      6338	8000a5c6	e999	c.bnez	x11,8000a5dc	 x11:0x80024088
       64395000	      6340	8000a5dc	c7e7c897	auipc	x17,0xc7e7c	 x17=0x47e865dc
       64405000	      6341	8000a5e0	01a5e533	or	x10,x11,x26	 x11:0x80024088 x26:0x00000003 x10=0x8002408b
       64415000	      6342	8000a5e4	197d	c.addi	x18,-1	 x18:0xfffff86b x18=0xfffff86a
       64425000	      6343	8000a5e6	008c0533	add	x10,x24,x8	 x24:0x0000d000  x8:0x0000001e x10=0x0000d01e
       64435000	      6344	8000a5ea	00e94733	xor	x14,x18,x14	 x18:0xfffff86a x14:0x00000000 x14=0xfffff86a
       64445000	      6345	8000a5ee	41068833	sub	x16,x13,x16	 x13:0x0000001e x16:0x064ef5b6 x16=0xf9b10a68
       64455000	      6346	8000a5f2	7ceaa213	slti	x4,x21,1998	 x21:0x00000000  x4=0x00000001
       64465000	      6347	8000a5f6	91ba	c.add	x3,x14	  x3:0x80023df8 x14:0xfffff86a  x3=0x80023662
       64475000	      6348	8000a5f8	018b80b3	add	x1,x23,x24	 x23:0x00000216 x24:0x0000d000  x1=0x0000d216
       64485000	      6349	8000a5fc	0d296417	auipc	x8,0xd296	  x8=0x8d2a05fc
       64495000	      6350	8000a600	8e6d	c.and	x12,x11	 x12:0x00000010 x11:0x80024088 x12=0x00000000
       64535000	      6354	8000a602	020e2833	mulhsu	x16,x28,x0	 x28:0x00000000  x0:0x00000000 x16=0x00000000
       64545000	      6355	8000a606	0d14	c.addi4spn	x13,x2,656	 x13=0x80024088
       64555000	      6356	8000a608	e499	c.bnez	x9,8000a616	  x9:0xffffffe6
       64575000	      6358	8000a616	717d	c.addi16sp	x2,-16	  x2:0x80023df8  x2=0x80023de8
       64585000	      6359	8000a618	8d29	c.xor	x10,x10	 x10:0x0000d01e x10:0x0000d01e x10=0x00000000
       64595000	      6360	8000a61a	403f5493	srai	x9,x30,0x3	 x30:0xffffffff  x9=0xffffffff
       64605000	      6361	8000a61e	c8a41437	lui	x8,0xc8a41	  x8=0xc8a41000
       64615000	      6362	8000a622	01bd43b3	xor	x7,x26,x27	 x26:0x00000003 x27:0x00000015  x7=0x00000016
       64985000	      6399	8000a626	026a5bb3	divu	x23,x20,x6	 x20:0x00000000  x6:0xfffff98c x23=0x00000000
       65015000	      6402	8000a62a	02108033	mul	x0,x1,x1	  x1:0x0000d216  x1:0x0000d216  x0=0x00000000
       65025000	      6403	8000a62e	6b8a03b7	lui	x7,0x6b8a0	  x7=0x6b8a0000
       65045000	      6405	8000a632	03d3f133	remu	x2,x7,x29	  x7:0x6b8a0000 x29:0x00000000  x2=0x6b8a0000
       65055000	      6406	8000a636	00fed813	srli	x16,x29,0xf	 x29:0x00000000 x16=0x00000000
       65065000	      6407	8000a63a	340b1673	csrrw	x12,mscratch,x22	 x22:0xf8021dfe x12=0x0000001e
       65075000	      6408	8000a63e	0001	c.addi	x0,0	  x0:0x00000000  x0=0x00000000
       65085000	      6409	8000a640	340eef73	csrrsi	x30,mscratch,29	 x30=0xf8021dfe
       65095000	      6410	8000a644	8e85	c.sub	x13,x9	 x13:0x80024088  x9:0xffffffff x13=0x80024089
       65105000	      6411	8000a646	8219	c.srli	x12,0x6	 x12:0x0000001e x12=0x00000000
       65115000	      6412	8000a648	717d	c.addi16sp	x2,-16	  x2:0x6b8a0000  x2=0x6b89fff0
       65125000	      6413	8000a64a	340bec73	csrrsi	x24,mscratch,23	 x24=0xf8021dff
       65135000	      6414	8000a64e	010b3b33	sltu	x22,x22,x16	 x22:0xf8021dfe x16:0x00000000 x22=0x00000000
       65145000	      6415	8000a652	5f86f493	andi	x9,x13,1528	 x13:0x80024089  x9=0x00000088
       65155000	      6416	8000a656	011933b3	sltu	x7,x18,x17	 x18:0xfffff86a x17:0x47e865dc  x7=0x00000000
       65175000	      6418	8000a65a	0276d3b3	divu	x7,x13,x7	 x13:0x80024089  x7:0x00000000  x7=0xffffffff
       65185000	      6419	8000a65e	0d56	c.slli	x26,0x15	 x26:0x00000003 x26=0x00600000
       65195000	      6420	8000a660	0001	c.addi	x0,0	  x0:0x00000000  x0=0x00000000
       65205000	      6421	8000a662	02448c63	beq	x9,x4,8000a69a	  x9:0x00000088  x4:0x00000001
       65245000	      6425	8000a666	0214a1b3	mulhsu	x3,x9,x1	  x9:0x00000088  x1:0x0000d216  x3=0x00000000
       65255000	      6426	8000a66a	e289	c.bnez	x13,8000a66c	 x13:0x80024089
       65275000	      6428	8000a66c	34003ef3	csrrc	x29,mscratch,x0	  x0:0x00000000 x29=0xf8021dff
       65645000	      6465	8000a670	02867633	remu	x12,x12,x8	 x12:0x00000000  x8:0xc8a41000 x12=0x00000000
       65655000	      6466	8000a674	0244dc63	bge	x9,x4,8000a6ac	  x9:0x00000088  x4:0x00000001
       65675000	      6468	8000a6ac	8f19	c.sub	x14,x14	 x14:0xfffff86a x14:0xfffff86a x14=0x00000000
       65685000	      6469	8000a6ae	8645	c.srai	x12,0x11	 x12:0x00000000 x12=0x00000000
       65695000	      6470	8000a6b0	0ff0000f	fence	iorw,iorw	
       66065000	      6507	8000a6b4	03b05eb3	divu	x29,x0,x27	  x0:0x00000000 x27:0x00000015 x29=0x00000000
       66075000	      6508	8000a6b8	8e11	c.sub	x12,x12	 x12:0x00000000 x12:0x00000000 x12=0x00000000
       66085000	      6509	8000a6ba	0001	c.addi	x0,0	  x0:0x00000000  x0=0x00000000
       66095000	      6510	8000a6bc	01007663	bgeu	x0,x16,8000a6c8	  x0:0x00000000 x16:0x00000000
       66135000	      6514	8000a6c8	02b387b3	mul	x15,x7,x11	  x7:0xffffffff x11:0x80024088 x15=0x7ffdbf78
       66145000	      6515	8000a6cc	340060f3	csrrsi	x1,mscratch,0	  x1=0xf8021dff
       66155000	      6516	8000a6d0	34036d73	csrrsi	x26,mscratch,6	 x26=0xf8021dff
       66165000	      6517	8000a6d4	8d5d	c.or	x10,x15	 x10:0x00000000 x15:0x7ffdbf78 x10=0x7ffdbf78
       66175000	      6518	8000a6d6	3dc5c693	xori	x13,x11,988	 x11:0x80024088 x13=0x80024354
       66185000	      6519	8000a6da	8191	c.srli	x11,0x4	 x11:0x80024088 x11=0x08002408
       66195000	      6520	8000a6dc	717d	c.addi16sp	x2,-16	  x2:0x6b89fff0  x2=0x6b89ffe0
       66205000	      6521	8000a6de	340dadf3	csrrs	x27,mscratch,x27	 x27:0x00000015 x27=0xf8021dff
       66215000	      6522	8000a6e2	0001	c.addi	x0,0	  x0:0x00000000  x0=0x00000000
       66225000	      6523	8000a6e4	00421533	sll	x10,x4,x4	  x4:0x00000001  x4:0x00000001 x10=0x00000002
       66235000	      6524	8000a6e8	01378e63	beq	x15,x19,8000a704	 x15:0x7ffdbf78 x19:0x80021df8
       66245000	      6525	8000a6ec	34003573	csrrc	x10,mscratch,x0	  x0:0x00000000 x10=0xf8021dff
       66255000	      6526	8000a6f0	403cd793	srai	x15,x25,0x3	 x25:0x80025ce4 x15=0xf0004b9c
       66265000	      6527	8000a6f4	67fd	c.lui	x15,0x1f	 x15=0x0001f000
       66275000	      6528	8000a6f6	01d220b3	slt	x1,x4,x29	  x4:0x00000001 x29:0x00000000  x1=0x00000000
       66285000	      6529	8000a6fa	c5aaf713	andi	x14,x21,-934	 x21:0x00000000 x14=0x00000000
       66325000	      6533	8000a6fe	03c63b33	mulhu	x22,x12,x28	 x12:0x00000000 x28:0x00000000 x22=0x00000000
       66335000	      6534	8000a702	4d79	c.li	x26,30	 x26=0x0000001e
       66345000	      6535	8000a704	0264e863	bltu	x9,x6,8000a734	  x9:0x00000088  x6:0xfffff98c
       66365000	      6537	8000a734	418ede13	srai	x28,x29,0x18	 x29:0x00000000 x28=0x00000000
       66375000	      6538	8000a738	25e44393	xori	x7,x8,606	  x8:0xc8a41000  x7=0xc8a4125e
       66385000	      6539	8000a73c	01c081b3	add	x3,x1,x28	  x1:0x00000000 x28:0x00000000  x3=0x00000000
       66425000	      6543	8000a740	03ab2633	mulhsu	x12,x22,x26	 x22:0x00000000 x26:0x0000001e x12=0x00000000
       66455000	      6546	8000a744	02ac87b3	mul	x15,x25,x10	 x25:0x80025ce4 x10:0xf8021dff x15=0x60a85b1c
       66495000	      6550	8000a748	0352a533	mulhsu	x10,x5,x21	  x5:0x00014000 x21:0x00000000 x10=0x00000000
       66865000	      6587	8000a74c	03246db3	rem	x27,x8,x18	  x8:0xc8a41000 x18:0xfffff86a x27=0xfffffc8a
       66875000	      6588	8000a750	01496663	bltu	x18,x20,8000a75c	 x18:0xfffff86a x20:0x00000000
       66885000	      6589	8000a754	3405e4f3	csrrsi	x9,mscratch,11	  x9=0xf8021dff
       66895000	      6590	8000a758	a4d82513	slti	x10,x16,-1459	 x16:0x00000000 x10=0x00000000
       66905000	      6591	8000a75c	4a9d0eb7	lui	x29,0x4a9d0	 x29=0x4a9d0000
       66915000	      6592	8000a760	00083f33	sltu	x30,x16,x0	 x16:0x00000000  x0:0x00000000 x30=0x00000000
       66925000	      6593	8000a764	81b2	c.mv	x3,x12	  x0:0x00000000 x12:0x00000000  x3=0x00000000
       66935000	      6594	8000a766	0104ee33	or	x28,x9,x16	  x9:0xf8021dff x16:0x00000000 x28=0xf8021dff
       66945000	      6595	8000a76a	418c08b3	sub	x17,x24,x24	 x24:0xf8021dff x24:0xf8021dff x17=0x00000000
       66985000	      6599	8000a76e	027e9f33	mulh	x30,x29,x7	 x29:0x4a9d0000  x7:0xc8a4125e x30=0xefdd79ee
       66995000	      6600	8000a772	34013e73	csrrc	x28,mscratch,x2	  x2:0x6b89ffe0 x28=0xf8021dff
       67005000	      6601	8000a776	8c39	c.xor	x8,x14	  x8:0xc8a41000 x14:0x00000000  x8=0xc8a41000
       67015000	      6602	8000a778	01456e63	bltu	x10,x20,8000a794	 x10:0x00000000 x20:0x00000000
       67025000	      6603	8000a77c	036cff63	bgeu	x25,x22,8000a7ba	 x25:0x80025ce4 x22:0x00000000
       67045000	      6605	8000a7ba	8e4d	c.or	x12,x11	 x12:0x00000000 x11:0x08002408 x12=0x08002408
       67065000	      6607	8000a7bc	02a8dd33	divu	x26,x17,x10	 x17:0x00000000 x10:0x00000000 x26=0xffffffff
       67095000	      6610	8000a7c0	03aa0833	mul	x16,x20,x26	 x20:0x00000000 x26:0xffffffff x16=0x00000000
       67105000	      6611	8000a7c4	1008	c.addi4spn	x10,x2,32	 x10=0x6b8a0000
       67115000	      6612	8000a7c6	34002973	csrrs	x18,mscratch,x0	  x0:0x00000000 x18=0x9002001f
       67125000	      6613	8000a7ca	016ed7b3	srl	x15,x29,x22	 x29:0x4a9d0000 x22:0x00000000 x15=0x4a9d0000
       67135000	      6614	8000a7ce	4f8cea13	ori	x20,x25,1272	 x25:0x80025ce4 x20=0x80025cfc
       67145000	      6615	8000a7d2	00044133	xor	x2,x8,x0	  x8:0xc8a41000  x0:0x00000000  x2=0xc8a41000
       67155000	      6616	8000a7d6	8d29	c.xor	x10,x10	 x10:0x6b8a0000 x10:0x6b8a0000 x10=0x00000000
       67165000	      6617	8000a7d8	82f9	c.srli	x13,0x1e	 x13:0x80024354 x13=0x00000002
       67175000	      6618	8000a7da	3405f173	csrrci	x2,mscratch,11	  x2=0x9002001f
       67185000	      6619	8000a7de	0ff0000f	fence	iorw,iorw	
       67195000	      6620	8000a7e2	0eb2	c.slli	x29,0xc	 x29:0x4a9d0000 x29=0xd0000000
       67205000	      6621	8000a7e4	e0b9	c.bnez	x9,8000a82a	  x9:0xf8021dff
       67235000	      6624	8000a82a	0000100f	fence.i	
       67255000	      6626	8000a82e	02ce	c.slli	x5,0x13	  x5:0x00014000  x5=0x00000000
       67265000	      6627	8000a830	02771a63	bne	x14,x7,8000a864	 x14:0x00000000  x7:0xc8a4125e
       67285000	      6629	8000a864	34095b73	csrrwi	x22,mscratch,18	 x22=0x90020014
       67655000	      6666	8000a868	0274c4b3	div	x9,x9,x7	  x9:0xf8021dff  x7:0xc8a4125e  x9=0x00000000
       67665000	      6667	8000a86c	0001	c.addi	x0,0	  x0:0x00000000  x0=0x00000000
       67675000	      6668	8000a86e	0001	c.addi	x0,0	  x0:0x00000000  x0=0x00000000
       67685000	      6669	8000a870	610d	c.addi16sp	x2,160	  x2:0x9002001f  x2=0x900200bf
       67695000	      6670	8000a872	9d6e	c.add	x26,x27	 x26:0xffffffff x27:0xfffffc8a x26=0xfffffc89
       67735000	      6674	8000a874	03c73133	mulhu	x2,x14,x28	 x14:0x00000000 x28:0xf8021dff  x2=0x00000000
       67745000	      6675	8000a878	412b01b3	sub	x3,x22,x18	 x22:0x90020014 x18:0x9002001f  x3=0xfffffff5
       67755000	      6676	8000a87c	e781	c.bnez	x15,8000a884	 x15:0x4a9d0000
       67775000	      6678	8000a884	00c94933	xor	x18,x18,x12	 x18:0x9002001f x12:0x08002408 x18=0x98022417
       67785000	      6679	8000a888	0000100f	fence.i	
       67805000	      6681	8000a88c	8fe1	c.and	x15,x8	 x15:0x4a9d0000  x8:0xc8a41000 x15=0x48840000
       67815000	      6682	8000a88e	0ff0000f	fence	iorw,iorw	
       67825000	      6683	8000a892	0188b733	sltu	x14,x17,x24	 x17:0x00000000 x24:0xf8021dff x14=0x00000001
       67835000	      6684	8000a896	92d08613	addi	x12,x1,-1747	  x1:0x00000000 x12=0xfffff92d
       67845000	      6685	8000a89a	717d	c.addi16sp	x2,-16	  x2:0x00000000  x2=0xfffffff0
       67855000	      6686	8000a89c	34003873	csrrc	x16,mscratch,x0	  x0:0x00000000 x16=0x00000012
       67865000	      6687	8000a8a0	010c6733	or	x14,x24,x16	 x24:0xf8021dff x16:0x00000012 x14=0xf8021dff
       67875000	      6688	8000a8a4	01425b33	srl	x22,x4,x20	  x4:0x00000001 x20:0x80025cfc x22=0x00000000
       67885000	      6689	8000a8a8	41b9a313	slti	x6,x19,1051	 x19:0x80021df8  x6=0x00000001
       67895000	      6690	8000a8ac	344a4b13	xori	x22,x20,836	 x20:0x80025cfc x22=0x80025fb8
       67925000	      6693	8000a8b0	02a40e33	mul	x28,x8,x10	  x8:0xc8a41000 x10:0x00000000 x28=0x00000000
       67935000	      6694	8000a8b4	8fd5	c.or	x15,x13	 x15:0x48840000 x13:0x00000002 x15=0x48840002
       67945000	      6695	8000a8b6	40425eb3	sra	x29,x4,x4	  x4:0x00000001  x4:0x00000001 x29=0x00000000
       67955000	      6696	8000a8ba	01eef563	bgeu	x29,x30,8000a8c4	 x29:0x00000000 x30:0xefdd79ee
       67965000	      6697	8000a8be	137d	c.addi	x6,-1	  x6:0x00000001  x6=0x00000000
       67975000	      6698	8000a8c0	93be	c.add	x7,x15	  x7:0xc8a4125e x15:0x48840002  x7=0x11281260
       67985000	      6699	8000a8c2	0001	c.addi	x0,0	  x0:0x00000000  x0=0x00000000
       67995000	      6700	8000a8c4	043d9263	bne	x27,x3,8000a908	 x27:0xfffffc8a  x3:0xfffffff5
       68375000	      6738	8000a908	03607533	remu	x10,x0,x22	  x0:0x00000000 x22:0x80025fb8 x10=0x00000000
       68385000	      6739	8000a90c	841e	c.mv	x8,x7	  x0:0x00000000  x7:0x11281260  x8=0x11281260
       68395000	      6740	8000a90e	b4a82d13	slti	x26,x16,-1206	 x16:0x00000012 x26=0x00000000
       68405000	      6741	8000a912	8b61	c.andi	x14,24	 x14:0xf8021dff x14=0x00000018
       68415000	      6742	8000a914	3405b773	csrrc	x14,mscratch,x11	 x11:0x08002408 x14=0x00000012
       68425000	      6743	8000a918	0000100f	fence.i	
       68445000	      6745	8000a91c	cc220113	addi	x2,x4,-830	  x4:0x00000001  x2=0xfffffcc3
       68455000	      6746	8000a920	00ce7533	and	x10,x28,x12	 x28:0x00000000 x12:0xfffff92d x10=0x00000000
       68465000	      6747	8000a924	cf15	c.beqz	x14,8000a960	 x14:0x00000012
       68475000	      6748	8000a926	029f1f63	bne	x30,x9,8000a964	 x30:0xefdd79ee  x9:0x00000000
       68495000	      6750	8000a964	0836	c.slli	x16,0xd	 x16:0x00000012 x16=0x00024000
       68505000	      6751	8000a966	8dc5	c.or	x11,x9	 x11:0x08002408  x9:0x00000000 x11=0x08002408
       68535000	      6754	8000a968	03d88a33	mul	x20,x17,x29	 x17:0x00000000 x29:0x00000000 x20=0x00000000
       68545000	      6755	8000a96c	117d	c.addi	x2,-1	  x2:0xfffffcc3  x2=0xfffffcc2
       68555000	      6756	8000a96e	00f2ba33	sltu	x20,x5,x15	  x5:0x00000000 x15:0x48840002 x20=0x00000001
       68565000	      6757	8000a972	8ead	c.xor	x13,x11	 x13:0x00000002 x11:0x08002408 x13=0x0800240a
       68595000	      6760	8000a974	024602b3	mul	x5,x12,x4	 x12:0xfffff92d  x4:0x00000001  x5=0xfffff92d
       68605000	      6761	8000a978	00aced33	or	x26,x25,x10	 x25:0x80025ce4 x10:0x00000000 x26=0x80025ce4
       68615000	      6762	8000a97c	41628033	sub	x0,x5,x22	  x5:0xfffff92d x22:0x80025fb8  x0=0x00000000
       68625000	      6763	8000a980	0eaa	c.slli	x29,0xa	 x29:0x00000000 x29=0x00000000
       68635000	      6764	8000a982	8ed9	c.or	x13,x14	 x13:0x0800240a x14:0x00000012 x13=0x0800241a
       68645000	      6765	8000a984	01589833	sll	x16,x17,x21	 x17:0x00000000 x21:0x00000000 x16=0x00000000
       68655000	      6766	8000a988	340f5b73	csrrwi	x22,mscratch,30	 x22=0x00000012
       68665000	      6767	8000a98c	340020f3	csrrs	x1,mscratch,x0	  x0:0x00000000  x1=0x0000001e
       68675000	      6768	8000a990	8a72	c.mv	x20,x28	  x0:0x00000000 x28:0x00000000 x20=0x00000000
       68695000	      6770	8000a992	03137b33	remu	x22,x6,x17	  x6:0x00000000 x17:0x00000000 x22=0x00000000
       68705000	      6771	8000a996	b038b693	sltiu	x13,x17,-1277	 x17:0x00000000 x13=0x00000001
       68715000	      6772	8000a99a	34002373	csrrs	x6,mscratch,x0	  x0:0x00000000  x6=0x0000001e
       68725000	      6773	8000a99e	3408fd73	csrrci	x26,mscratch,17	 x26=0x0000001e
       68735000	      6774	8000a9a2	03829a63	bne	x5,x24,8000a9d6	  x5:0xfffff92d x24:0xf8021dff
       68775000	      6778	8000a9d6	0307ea33	rem	x20,x15,x16	 x15:0x48840002 x16:0x00000000 x20=0x48840002
       68785000	      6779	8000a9da	0182c863	blt	x5,x24,8000a9ea	  x5:0xfffff92d x24:0xf8021dff
       68795000	      6780	8000a9de	c791	c.beqz	x15,8000a9ea	 x15:0x48840002
       68805000	      6781	8000a9e0	0000100f	fence.i	
       68825000	      6783	8000a9e4	02b70b63	beq	x14,x11,8000aa1a	 x14:0x00000012 x11:0x08002408
       68835000	      6784	8000a9e8	4f51	c.li	x30,20	 x30=0x00000014
       68845000	      6785	8000a9ea	03f89e63	bne	x17,x31,8000aa26	 x17:0x00000000 x31:0x0000000b
       68875000	      6788	8000aa26	05222c13	slti	x24,x4,82	  x4:0x00000001 x24=0x00000001
       68885000	      6789	8000aa2a	02b76f63	bltu	x14,x11,8000aa68	 x14:0x00000012 x11:0x08002408
       68905000	      6791	8000aa68	8dcd	c.or	x11,x11	 x11:0x08002408 x11:0x08002408 x11=0x08002408
       68915000	      6792	8000aa6a	58c5a113	slti	x2,x11,1420	 x11:0x08002408  x2=0x00000000
       68945000	      6795	8000aa6e	020a88b3	mul	x17,x21,x0	 x21:0x00000000  x0:0x00000000 x17=0x00000000
       68955000	      6796	8000aa72	00d3b6b3	sltu	x13,x7,x13	  x7:0x11281260 x13:0x00000001 x13=0x00000000
       68975000	      6798	8000aa76	03c96433	rem	x8,x18,x28	 x18:0x98022417 x28:0x00000000  x8=0x98022417
       68985000	      6799	8000aa7a	00801f33	sll	x30,x0,x8	  x0:0x00000000  x8:0x98022417 x30=0x00000000
       68995000	      6800	8000aa7e	0e09	c.addi	x28,2	 x28:0x00000000 x28=0x00000002
       69005000	      6801	8000aa80	ec89	c.bnez	x9,8000aa9a	  x9:0x00000000
       69045000	      6805	8000aa82	03ba30b3	mulhu	x1,x20,x27	 x20:0x48840002 x27:0xfffffc8a  x1=0x4883ff07
       69055000	      6806	8000aa86	0098c733	xor	x14,x17,x9	 x17:0x00000000  x9:0x00000000 x14=0x00000000
       69095000	      6810	8000aa8a	02baa5b3	mulhsu	x11,x21,x11	 x21:0x00000000 x11:0x08002408 x11=0x00000000
       69105000	      6811	8000aa8e	00678e63	beq	x15,x6,8000aaaa	 x15:0x48840002  x6:0x0000001e
       69115000	      6812	8000aa92	34007773	csrrci	x14,mscratch,0	 x14=0x0000000e
       69125000	      6813	8000aa96	00c59f13	slli	x30,x11,0xc	 x11:0x00000000 x30=0x00000000
       69135000	      6814	8000aa9a	40fc8433	sub	x8,x25,x15	 x25:0x80025ce4 x15:0x48840002  x8=0x377e5ce2
       69145000	      6815	8000aa9e	402b5913	srai	x18,x22,0x2	 x22:0x00000000 x18=0x00000000
       69515000	      6852	8000aaa2	034f73b3	remu	x7,x30,x20	 x30:0x00000000 x20:0x48840002  x7=0x00000000
       69525000	      6853	8000aaa6	340cf7f3	csrrci	x15,mscratch,25	 x15=0x0000000e
       69535000	      6854	8000aaaa	3c033613	sltiu	x12,x6,960	  x6:0x0000001e x12=0x00000001
       69545000	      6855	8000aaae	41ac8a33	sub	x20,x25,x26	 x25:0x80025ce4 x26:0x0000001e x20=0x80025cc6
       69555000	      6856	8000aab2	340ea3f3	csrrs	x7,mscratch,x29	 x29:0x00000000  x7=0x00000006
       69565000	      6857	8000aab6	00facc33	xor	x24,x21,x15	 x21:0x00000000 x15:0x0000000e x24=0x0000000e
       69575000	      6858	8000aaba	0001	c.addi	x0,0	  x0:0x00000000  x0=0x00000000
       69585000	      6859	8000aabc	34061373	csrrw	x6,mscratch,x12	 x12:0x00000001  x6=0x00000006
       69595000	      6860	8000aac0	406c8bb3	sub	x23,x25,x6	 x25:0x80025ce4  x6:0x00000006 x23=0x80025cde
       69605000	      6861	8000aac4	1680	c.addi4spn	x8,x2,864	  x8=0x00000360
       69975000	      6898	8000aac6	03f55733	divu	x14,x10,x31	 x10:0x00000000 x31:0x0000000b x14=0x00000000
       69985000	      6899	8000aaca	8096	c.mv	x1,x5	  x0:0x00000000  x5:0xfffff92d  x1=0xfffff92d
       69995000	      6900	8000aacc	00137c33	and	x24,x6,x1	  x6:0x00000006  x1:0xfffff92d x24=0x00000004
       70005000	      6901	8000aad0	92ae	c.add	x5,x11	  x5:0xfffff92d x11:0x00000000  x5=0xfffff92d
       70015000	      6902	8000aad2	01fe4133	xor	x2,x28,x31	 x28:0x00000002 x31:0x0000000b  x2=0x00000009
       70025000	      6903	8000aad6	8dad	c.xor	x11,x11	 x11:0x00000000 x11:0x00000000 x11=0x00000000
       70065000	      6907	8000aad8	03b021b3	mulhsu	x3,x0,x27	  x0:0x00000000 x27:0xfffffc8a  x3=0x00000000
       70075000	      6908	8000aadc	4013d293	srai	x5,x7,0x1	  x7:0x00000006  x5=0x00000003
       70085000	      6909	8000aae0	0033af33	slt	x30,x7,x3	  x7:0x00000006  x3:0x00000000 x30=0x00000000
       70095000	      6910	8000aae4	717d	c.addi16sp	x2,-16	  x2:0x00000009  x2=0xfffffff9
       70105000	      6911	8000aae6	8b5d	c.andi	x14,23	 x14:0x00000000 x14=0x00000000
       70115000	      6912	8000aae8	a23db0b7	lui	x1,0xa23db	  x1=0xa23db000
       70155000	      6916	8000aaec	02922933	mulhsu	x18,x4,x9	  x4:0x00000001  x9:0x00000000 x18=0x00000000
       70165000	      6917	8000aaf0	178c	c.addi4spn	x11,x2,992	 x11=0x000003d9
       70175000	      6918	8000aaf2	34e42e93	slti	x29,x8,846	  x8:0x00000360 x29=0x00000000
       70185000	      6919	8000aaf6	00e1d313	srli	x6,x3,0xe	  x3:0x00000000  x6=0x00000000
       70195000	      6920	8000aafa	508d8417	auipc	x8,0x508d8	  x8=0xd08e2afa
       70205000	      6921	8000aafe	34006bf3	csrrsi	x23,mscratch,0	 x23=0x00000001
       70215000	      6922	8000ab02	014a8663	beq	x21,x20,8000ab0e	 x21:0x00000000 x20:0x80025cc6
       70235000	      6924	8000ab06	0293fa33	remu	x20,x7,x9	  x7:0x00000006  x9:0x00000000 x20=0x00000006
       70245000	      6925	8000ab0a	01148b63	beq	x9,x17,8000ab20	  x9:0x00000000 x17:0x00000000
       70265000	      6927	8000ab20	34056bf3	csrrsi	x23,mscratch,10	 x23=0x00000001
       70275000	      6928	8000ab24	82f9	c.srli	x13,0x1e	 x13:0x00000000 x13=0x00000000
       70285000	      6929	8000ab26	a5e3bbb7	lui	x23,0xa5e3b	 x23=0xa5e3b000
       70295000	      6930	8000ab2a	1ded8b97	auipc	x23,0x1ded8	 x23=0x9dee2b2a
       70305000	      6931	8000ab2e	04840063	beq	x8,x8,8000ab6e	  x8:0xd08e2afa  x8:0xd08e2afa
       70325000	      6933	8000ab6e	8fe5	c.and	x15,x9	 x15:0x0000000e  x9:0x00000000 x15=0x00000000
       70335000	      6934	8000ab70	83ad	c.srli	x15,0xb	 x15:0x00000000 x15=0x00000000
       70345000	      6935	8000ab72	0e1c	c.addi4spn	x15,x2,784	 x15=0x00000309
       70355000	      6936	8000ab74	405c07b3	sub	x15,x24,x5	 x24:0x00000004  x5:0x00000003 x15=0x00000001
       70365000	      6937	8000ab78	04835917	auipc	x18,0x4835	 x18=0x8483fb78
       70375000	      6938	8000ab7c	340cedf3	csrrsi	x27,mscratch,25	 x27=0x0000000b
       70385000	      6939	8000ab80	012e6733	or	x14,x28,x18	 x28:0x00000002 x18:0x8483fb78 x14=0x8483fb7a
       70395000	      6940	8000ab84	414c0eb3	sub	x29,x24,x20	 x24:0x00000004 x20:0x00000006 x29=0xfffffffe
       70425000	      6943	8000ab88	03f786b3	mul	x13,x15,x31	 x15:0x00000001 x31:0x0000000b x13=0x0000000b
       70435000	      6944	8000ab8c	00521563	bne	x4,x5,8000ab96	  x4:0x00000001  x5:0x00000003
       70455000	      6946	8000ab96	9936	c.add	x18,x13	 x18:0x8483fb78 x13:0x0000000b x18=0x8483fb83
       70465000	      6947	8000ab98	340e3673	csrrc	x12,mscratch,x28	 x28:0x00000002 x12=0x0000001b
       70475000	      6948	8000ab9c	3401ed73	csrrsi	x26,mscratch,3	 x26=0x00000019
       70485000	      6949	8000aba0	027d	c.addi	x4,31	  x4:0x00000001  x4=0x00000020
       70495000	      6950	8000aba2	01040263	beq	x8,x16,8000aba6	  x8:0xd08e2afa x16:0x00000000
       70505000	      6951	8000aba6	017554b3	srl	x9,x10,x23	 x10:0x00000000 x23:0x9dee2b2a  x9=0x00000000
       70515000	      6952	8000abaa	34022a73	csrrs	x20,mscratch,x4	  x4:0x00000020 x20=0x0000001b
       70525000	      6953	8000abae	414b8033	sub	x0,x23,x20	 x23:0x9dee2b2a x20:0x0000001b  x0=0x00000000
       70535000	      6954	8000abb2	ba392313	slti	x6,x18,-1117	 x18:0x8483fb83  x6=0x00000001
       70545000	      6955	8000abb6	9bfa	c.add	x23,x30	 x23:0x9dee2b2a x30:0x00000000 x23=0x9dee2b2a
       70555000	      6956	8000abb8	01e90763	beq	x18,x30,8000abc6	 x18:0x8483fb83 x30:0x00000000
       70565000	      6957	8000abbc	00a78d33	add	x26,x15,x10	 x15:0x00000001 x10:0x00000000 x26=0x00000001
       70575000	      6958	8000abc0	86bd	c.srai	x13,0xf	 x13:0x0000000b x13=0x00000000
       70585000	      6959	8000abc2	38e91e97	auipc	x29,0x38e91	 x29=0xb8e9bbc2
       70595000	      6960	8000abc6	0001	c.addi	x0,0	  x0:0x00000000  x0=0x00000000
       70605000	      6961	8000abc8	3402b4f3	csrrc	x9,mscratch,x5	  x5:0x00000003  x9=0x0000003b
       70645000	      6965	8000abcc	032e3a33	mulhu	x20,x28,x18	 x28:0x00000002 x18:0x8483fb83 x20=0x00000001
       70655000	      6966	8000abd0	8f45	c.or	x14,x9	 x14:0x8483fb7a  x9:0x0000003b x14=0x8483fb7b
       70665000	      6967	8000abd2	010935b3	sltu	x11,x18,x16	 x18:0x8483fb83 x16:0x00000000 x11=0x00000000
       70675000	      6968	8000abd6	8b4d	c.andi	x14,19	 x14:0x8483fb7b x14=0x00000013
       70685000	      6969	8000abd8	00e71693	slli	x13,x14,0xe	 x14:0x00000013 x13=0x0004c000
       70695000	      6970	8000abdc	9926	c.add	x18,x9	 x18:0x8483fb83  x9:0x0000003b x18=0x8483fbbe
       70705000	      6971	8000abde	951e	c.add	x10,x7	 x10:0x00000000  x7:0x00000006 x10=0x00000006
       70715000	      6972	8000abe0	8c39	c.xor	x8,x14	  x8:0xd08e2afa x14:0x00000013  x8=0xd08e2ae9
       70725000	      6973	8000abe2	00197e63	bgeu	x18,x1,8000abfe	 x18:0x8483fbbe  x1:0xa23db000
       70735000	      6974	8000abe6	05710463	beq	x2,x23,8000ac2e	  x2:0xfffffff9 x23:0x9dee2b2a
       70745000	      6975	8000abea	8e7d	c.and	x12,x15	 x12:0x0000001b x15:0x00000001 x12=0x00000001
       70755000	      6976	8000abec	f65c2713	slti	x14,x24,-155	 x24:0x00000004 x14=0x00000000
       70795000	      6980	8000abf0	020abe33	mulhu	x28,x21,x0	 x21:0x00000000  x0:0x00000000 x28=0x00000000
       70805000	      6981	8000abf4	87bd	c.srai	x15,0xf	 x15:0x00000001 x15=0x00000000
       70815000	      6982	8000abf6	44f13c13	sltiu	x24,x2,1103	  x2:0xfffffff9 x24=0x00000000
       70825000	      6983	8000abfa	4067d013	srai	x0,x15,0x6	 x15:0x00000000  x0=0x00000000
       70835000	      6984	8000abfe	00ce	c.slli	x1,0x13	  x1:0xa23db000  x1=0x80000000
       70845000	      6985	8000ac00	3403d6f3	csrrwi	x13,mscratch,7	 x13=0x00000038
       70875000	      6988	8000ac04	02a484b3	mul	x9,x9,x10	  x9:0x0000003b x10:0x00000006  x9=0x00000162
       70885000	      6989	8000ac08	9dade193	ori	x3,x27,-1574	 x27:0x0000000b  x3=0xfffff9db
       70895000	      6990	8000ac0c	0145fdb3	and	x27,x11,x20	 x11:0x00000000 x20:0x00000001 x27=0x00000000
       71265000	      7027	8000ac10	0334d1b3	divu	x3,x9,x19	  x9:0x00000162 x19:0x80021df8  x3=0x00000000
       71275000	      7028	8000ac14	34007773	csrrci	x14,mscratch,0	 x14=0x00000007
       71285000	      7029	8000ac18	40fcd113	srai	x2,x25,0xf	 x25:0x80025ce4  x2=0xffff0004
       71295000	      7030	8000ac1c	34003df3	csrrc	x27,mscratch,x0	  x0:0x00000000 x27=0x00000007
       71305000	      7031	8000ac20	8a3e	c.mv	x20,x15	  x0:0x00000000 x15:0x00000000 x20=0x00000000
       71315000	      7032	8000ac22	00a92bb3	slt	x23,x18,x10	 x18:0x8483fbbe x10:0x00000006 x23=0x00000001
       71325000	      7033	8000ac26	34002d73	csrrs	x26,mscratch,x0	  x0:0x00000000 x26=0x00000007
       71335000	      7034	8000ac2a	85bb3eb7	lui	x29,0x85bb3	 x29=0x85bb3000
       71705000	      7071	8000ac2e	03dd6033	rem	x0,x26,x29	 x26:0x00000007 x29:0x85bb3000  x0=0x00000000
       71715000	      7072	8000ac32	340f2873	csrrs	x16,mscratch,x30	 x30:0x00000000 x16=0x00000007
       71725000	      7073	8000ac36	01a0c763	blt	x1,x26,8000ac44	  x1:0x80000000 x26:0x00000007
       71745000	      7075	8000ac44	293f6213	ori	x4,x30,659	 x30:0x00000000  x4=0x00000293
       72115000	      7112	8000ac48	03d5d2b3	divu	x5,x11,x29	 x11:0x00000000 x29:0x85bb3000  x5=0x00000000
       72125000	      7113	8000ac4c	05cd1063	bne	x26,x28,8000ac8c	 x26:0x00000007 x28:0x00000000
       72145000	      7115	8000ac8c	8ff9	c.and	x15,x14	 x15:0x00000000 x14:0x00000007 x15=0x00000000
       72185000	      7119	8000ac8e	022cbdb3	mulhu	x27,x25,x2	 x25:0x80025ce4  x2:0xffff0004 x27=0x8001dce3
       72195000	      7120	8000ac92	8ea1	c.xor	x13,x8	 x13:0x00000038  x8:0xd08e2ae9 x13=0xd08e2ad1
       72205000	      7121	8000ac94	34075473	csrrwi	x8,mscratch,14	  x8=0x00000007
       72215000	      7122	8000ac98	00c49333	sll	x6,x9,x12	  x9:0x00000162 x12:0x00000001  x6=0x000002c4
       72225000	      7123	8000ac9c	8ec9	c.or	x13,x10	 x13:0xd08e2ad1 x10:0x00000006 x13=0xd08e2ad7
       72245000	      7125	8000ac9e	0314d133	divu	x2,x9,x17	  x9:0x00000162 x17:0x00000000  x2=0xffffffff
       72255000	      7126	8000aca2	187d	c.addi	x16,-1	 x16:0x00000007 x16=0x00000006
       72265000	      7127	8000aca4	40055493	srai	x9,x10,0x0	 x10:0x00000006  x9=0x00000006
       72275000	      7128	8000aca8	0001	c.addi	x0,0	  x0:0x00000000  x0=0x00000000
       72285000	      7129	8000acaa	80dd	c.srli	x9,0x17	  x9:0x00000006  x9=0x00000000
       72295000	      7130	8000acac	8fa1	c.xor	x15,x8	 x15:0x00000000  x8:0x00000007 x15=0x00000007
       72305000	      7131	8000acae	036b5f63	bge	x22,x22,8000acec	 x22:0x00000000 x22:0x00000000
       72325000	      7133	8000acec	01704e63	blt	x0,x23,8000ad08	  x0:0x00000000 x23:0x00000001
       72345000	      7135	8000ad08	340d56f3	csrrwi	x13,mscratch,26	 x13=0x0000000e
       72355000	      7136	8000ad0c	340074f3	csrrci	x9,mscratch,0	  x9=0x0000001a
       72365000	      7137	8000ad10	340ee573	csrrsi	x10,mscratch,29	 x10=0x0000001a
       72375000	      7138	8000ad14	0001	c.addi	x0,0	  x0:0x00000000  x0=0x00000000
       72385000	      7139	8000ad16	05f77263	bgeu	x14,x31,8000ad5a	 x14:0x00000007 x31:0x0000000b
       72395000	      7140	8000ad1a	010dc3b3	xor	x7,x27,x16	 x27:0x8001dce3 x16:0x00000006  x7=0x8001dce5
       72405000	      7141	8000ad1e	006c1863	bne	x24,x6,8000ad2e	 x24:0x00000000  x6:0x000002c4
       72435000	      7144	8000ad2e	f5327493	andi	x9,x4,-173	  x4:0x00000293  x9=0x00000213
       72445000	      7145	8000ad32	28883213	sltiu	x4,x16,648	 x16:0x00000006  x4=0x00000001
       72455000	      7146	8000ad36	0001	c.addi	x0,0	  x0:0x00000000  x0=0x00000000
       72465000	      7147	8000ad38	4b877037	lui	x0,0x4b877	  x0=0x00000000
       72475000	      7148	8000ad3c	38f88513	addi	x10,x17,911	 x17:0x00000000 x10=0x0000038f
       72485000	      7149	8000ad40	81c9	c.srli	x11,0x12	 x11:0x00000000 x11=0x00000000
       72495000	      7150	8000ad42	c1b1	c.beqz	x11,8000ad86	 x11:0x00000000
       72525000	      7153	8000ad86	01b85213	srli	x4,x16,0x1b	 x16:0x00000006  x4=0x00000000
       72535000	      7154	8000ad8a	05ff1163	bne	x30,x31,8000adcc	 x30:0x00000000 x31:0x0000000b
       72555000	      7156	8000adcc	0168f263	bgeu	x17,x22,8000add0	 x17:0x00000000 x22:0x00000000
       72575000	      7158	8000add0	00f8d493	srli	x9,x17,0xf	 x17:0x00000000  x9=0x00000000
       72585000	      7159	8000add4	87b1	c.srai	x15,0xc	 x15:0x00000007 x15=0x00000000
       72595000	      7160	8000add6	34006873	csrrsi	x16,mscratch,0	 x16=0x0000001f
       72605000	      7161	8000adda	410706b3	sub	x13,x14,x16	 x14:0x00000007 x16:0x0000001f x13=0xffffffe8
       72615000	      7162	8000adde	00b946b3	xor	x13,x18,x11	 x18:0x8483fbbe x11:0x00000000 x13=0x8483fbbe
       72625000	      7163	8000ade2	53ef0493	addi	x9,x30,1342	 x30:0x00000000  x9=0x0000053e
       72635000	      7164	8000ade6	e905	c.bnez	x10,8000ae16	 x10:0x0000038f
       72665000	      7167	8000ae16	00d581b3	add	x3,x11,x13	 x11:0x00000000 x13:0x8483fbbe  x3=0x8483fbbe
       72675000	      7168	8000ae1a	a29ecf13	xori	x30,x29,-1495	 x29:0x85bb3000 x30=0x7a44ca29
       72685000	      7169	8000ae1e	952ac713	xori	x14,x21,-1710	 x21:0x00000000 x14=0xfffff952
       72695000	      7170	8000ae22	e499	c.bnez	x9,8000ae30	  x9:0x0000053e
       72745000	      7175	8000ae30	034c2333	mulhsu	x6,x24,x20	 x24:0x00000000 x20:0x00000000  x6=0x00000000
       73115000	      7212	8000ae34	0239c7b3	div	x15,x19,x3	 x19:0x80021df8  x3:0x8483fbbe x15=0x00000001
       73125000	      7213	8000ae38	8d45	c.or	x10,x9	 x10:0x0000038f  x9:0x0000053e x10=0x000007bf
       73135000	      7214	8000ae3a	00539893	slli	x17,x7,0x5	  x7:0x8001dce5 x17=0x003b9ca0
       73145000	      7215	8000ae3e	f4fbf313	andi	x6,x23,-177	 x23:0x00000001  x6=0x00000001
       73155000	      7216	8000ae42	8c4d	c.or	x8,x11	  x8:0x00000007 x11:0x00000000  x8=0x00000007
       73165000	      7217	8000ae44	f07b7f13	andi	x30,x22,-249	 x22:0x00000000 x30=0x00000000
       73175000	      7218	8000ae48	03121263	bne	x4,x17,8000ae6c	  x4:0x00000000 x17:0x003b9ca0
       73195000	      7220	8000ae6c	340062f3	csrrsi	x5,mscratch,0	  x5=0x0000001f
       73205000	      7221	8000ae70	0301dd63	bge	x3,x16,8000aeaa	  x3:0x8483fbbe x16:0x0000001f
       73215000	      7222	8000ae74	01ce53b3	srl	x7,x28,x28	 x28:0x00000000 x28:0x00000000  x7=0x00000000
       73225000	      7223	8000ae78	340aa473	csrrs	x8,mscratch,x21	 x21:0x00000000  x8=0x0000001f
       73595000	      7260	8000ae7c	031fd733	divu	x14,x31,x17	 x31:0x0000000b x17:0x003b9ca0 x14=0x00000000
       73605000	      7261	8000ae80	01295233	srl	x4,x18,x18	 x18:0x8483fbbe x18:0x8483fbbe  x4=0x00000002
       73615000	      7262	8000ae84	031e	c.slli	x6,0x7	  x6:0x00000001  x6=0x00000080
       73625000	      7263	8000ae86	016a38b3	sltu	x17,x20,x22	 x20:0x00000000 x22:0x00000000 x17=0x00000000
       73635000	      7264	8000ae8a	987d	c.andi	x8,-1	  x8:0x0000001f  x8=0x0000001f
       73645000	      7265	8000ae8c	567d	c.li	x12,-1	 x12=0xffffffff
       73655000	      7266	8000ae8e	9ee5fb37	lui	x22,0x9ee5f	 x22=0x9ee5f000
       73665000	      7267	8000ae92	8d8d	c.sub	x11,x11	 x11:0x00000000 x11:0x00000000 x11=0x00000000
       73675000	      7268	8000ae94	0076e763	bltu	x13,x7,8000aea2	 x13:0x8483fbbe  x7:0x00000000
       73685000	      7269	8000ae98	8c09	c.sub	x8,x10	  x8:0x0000001f x10:0x000007bf  x8=0xfffff860
       73695000	      7270	8000ae9a	340eff73	csrrci	x30,mscratch,29	 x30=0x0000001f
       73705000	      7271	8000ae9e	4095d393	srai	x7,x11,0x9	 x11:0x00000000  x7=0x00000000
       73715000	      7272	8000aea2	0116fb33	and	x22,x13,x17	 x13:0x8483fbbe x17:0x00000000 x22=0x00000000
       73725000	      7273	8000aea6	717d	c.addi16sp	x2,-16	  x2:0xffffffff  x2=0xffffffef
       73735000	      7274	8000aea8	8cb5	c.xor	x9,x13	  x9:0x0000053e x13:0x8483fbbe  x9=0x8483fe80
       73745000	      7275	8000aeaa	0135cc63	blt	x11,x19,8000aec2	 x11:0x00000000 x19:0x80021df8
       73755000	      7276	8000aeae	137d	c.addi	x6,-1	  x6:0x00000080  x6=0x0000007f
       73765000	      7277	8000aeb0	84bd	c.srai	x9,0xf	  x9:0x8483fe80  x9=0xffff0907
       73785000	      7279	8000aeb2	03607c33	remu	x24,x0,x22	  x0:0x00000000 x22:0x00000000 x24=0x00000000
       73795000	      7280	8000aeb6	011cf0b3	and	x1,x25,x17	 x25:0x80025ce4 x17:0x00000000  x1=0x00000000
       73805000	      7281	8000aeba	1f18b917	auipc	x18,0x1f18b	 x18=0x9f195eba
       73815000	      7282	8000aebe	2ded7413	andi	x8,x26,734	 x26:0x00000007  x8=0x00000006
       73825000	      7283	8000aec2	e7269d37	lui	x26,0xe7269	 x26=0xe7269000
       73835000	      7284	8000aec6	9afd	c.andi	x13,-1	 x13:0x8483fbbe x13=0x8483fbbe
       73845000	      7285	8000aec8	001ab833	sltu	x16,x21,x1	 x21:0x00000000  x1:0x00000000 x16=0x00000000
       73855000	      7286	8000aecc	8eea	c.mv	x29,x26	  x0:0x00000000 x26:0xe7269000 x29=0xe7269000
       73895000	      7290	8000aece	03ed3833	mulhu	x16,x26,x30	 x26:0xe7269000 x30:0x0000001f x16=0x0000001b
       73905000	      7291	8000aed2	04328263	beq	x5,x3,8000af16	  x5:0x0000001f  x3:0x8483fbbe
       73915000	      7292	8000aed6	717d	c.addi16sp	x2,-16	  x2:0xffffffef  x2=0xffffffdf
       73925000	      7293	8000aed8	86c9	c.srai	x13,0x12	 x13:0x8483fbbe x13=0xffffe120
       73935000	      7294	8000aeda	02e71a63	bne	x14,x14,8000af0e	 x14:0x00000000 x14:0x00000000
       73945000	      7295	8000aede	00a71093	slli	x1,x14,0xa	 x14:0x00000000  x1=0x00000000
       73955000	      7296	8000aee2	01bf1713	slli	x14,x30,0x1b	 x30:0x0000001f x14=0xf8000000
       74325000	      7333	8000aee6	03dbd633	divu	x12,x23,x29	 x23:0x00000001 x29:0xe7269000 x12=0x00000000
       74335000	      7334	8000aeea	34006073	csrrsi	x0,mscratch,0	  x0=0x00000000
       74345000	      7335	8000aeee	c2521917	auipc	x18,0xc2521	 x18=0x4252beee
       74355000	      7336	8000aef2	410f56b3	sra	x13,x30,x16	 x30:0x0000001f x16:0x0000001b x13=0x00000000
       74365000	      7337	8000aef6	3404ba73	csrrc	x20,mscratch,x9	  x9:0xffff0907 x20=0x00000002
       74375000	      7338	8000aefa	98fa	c.add	x17,x30	 x17:0x00000000 x30:0x0000001f x17=0x0000001f
       74385000	      7339	8000aefc	00aaa2b3	slt	x5,x21,x10	 x21:0x00000000 x10:0x000007bf  x5=0x00000001
       74395000	      7340	8000af00	8e69	c.and	x12,x10	 x12:0x00000000 x10:0x000007bf x12=0x00000000
       74405000	      7341	8000af02	8686	c.mv	x13,x1	  x0:0x00000000  x1:0x00000000 x13=0x00000000
       74415000	      7342	8000af04	411a83b3	sub	x7,x21,x17	 x21:0x00000000 x17:0x0000001f  x7=0xffffffe1
       74425000	      7343	8000af08	023e	c.slli	x4,0xf	  x4:0x00000002  x4=0x00010000
       74445000	      7345	8000af0a	03c85db3	divu	x27,x16,x28	 x16:0x0000001b x28:0x00000000 x27=0xffffffff
       74455000	      7346	8000af0e	000d01b3	add	x3,x26,x0	 x26:0xe7269000  x0:0x00000000  x3=0xe7269000
       74475000	      7348	8000af12	035cd033	divu	x0,x25,x21	 x25:0x80025ce4 x21:0x00000000  x0=0x00000000
       74485000	      7349	8000af16	8e61	c.and	x12,x8	 x12:0x00000000  x8:0x00000006 x12=0x00000000
       74495000	      7350	8000af18	8ac1	c.andi	x13,16	 x13:0x00000000 x13=0x00000000
       74505000	      7351	8000af1a	826d	c.srli	x12,0x1b	 x12:0x00000000 x12=0x00000000
       74515000	      7352	8000af1c	00655713	srli	x14,x10,0x6	 x10:0x000007bf x14=0x0000001e
       74525000	      7353	8000af20	01a34763	blt	x6,x26,8000af2e	  x6:0x0000007f x26:0xe7269000
       74535000	      7354	8000af24	c499	c.beqz	x9,8000af32	  x9:0xffff0907
       74545000	      7355	8000af26	6bb0abb7	lui	x23,0x6bb0a	 x23=0x6bb0a000
       74555000	      7356	8000af2a	0aa1a913	slti	x18,x3,170	  x3:0xe7269000 x18=0x00000001
       74575000	      7358	8000af2e	03586d33	rem	x26,x16,x21	 x16:0x0000001b x21:0x00000000 x26=0x0000001b
       74585000	      7359	8000af32	0001	c.addi	x0,0	  x0:0x00000000  x0=0x00000000
       74595000	      7360	8000af34	0001	c.addi	x0,0	  x0:0x00000000  x0=0x00000000
       74605000	      7361	8000af36	0073d413	srli	x8,x7,0x7	  x7:0xffffffe1  x8=0x01ffffff
       74615000	      7362	8000af3a	f7087293	andi	x5,x16,-144	 x16:0x0000001b  x5=0x00000010
       74625000	      7363	8000af3e	014d1213	slli	x4,x26,0x14	 x26:0x0000001b  x4=0x01b00000
       74635000	      7364	8000af42	0141e563	bltu	x3,x20,8000af4c	  x3:0xe7269000 x20:0x00000002
       74645000	      7365	8000af46	0b96	c.slli	x23,0x5	 x23:0x6bb0a000 x23=0x76140000
       74655000	      7366	8000af48	008ea033	slt	x0,x29,x8	 x29:0xe7269000  x8:0x01ffffff  x0=0x00000000
       74665000	      7367	8000af4c	0001	c.addi	x0,0	  x0:0x00000000  x0=0x00000000
       74675000	      7368	8000af4e	8cc5	c.or	x9,x9	  x9:0xffff0907  x9:0xffff0907  x9=0xffff0907
       74685000	      7369	8000af50	9462	c.add	x8,x24	  x8:0x01ffffff x24:0x00000000  x8=0x01ffffff
       74695000	      7370	8000af52	000fd193	srli	x3,x31,0x0	 x31:0x0000000b  x3=0x0000000b
       74705000	      7371	8000af56	0cf8eb97	auipc	x23,0xcf8e	 x23=0x8cf98f56
       75075000	      7408	8000af5a	037e58b3	divu	x17,x28,x23	 x28:0x00000000 x23:0x8cf98f56 x17=0x00000000
       75115000	      7412	8000af5e	024111b3	mulh	x3,x2,x4	  x2:0xffffffdf  x4:0x01b00000  x3=0xffffffff
       75125000	      7413	8000af62	c785	c.beqz	x15,8000af8a	 x15:0x00000001
       75165000	      7417	8000af64	02e8a933	mulhsu	x18,x17,x14	 x17:0x00000000 x14:0x0000001e x18=0x00000000
       75175000	      7418	8000af68	3406d8f3	csrrwi	x17,mscratch,13	 x17=0x00000000
       75185000	      7419	8000af6c	34019973	csrrw	x18,mscratch,x3	  x3:0xffffffff x18=0x0000000d
       75225000	      7423	8000af70	03701a33	mulh	x20,x0,x23	  x0:0x00000000 x23:0x8cf98f56 x20=0x00000000
       75235000	      7424	8000af74	078b7b13	andi	x22,x22,120	 x22:0x00000000 x22=0x00000000
       75245000	      7425	8000af78	8ee5	c.and	x13,x9	 x13:0x00000000  x9:0xffff0907 x13=0x00000000
       75285000	      7429	8000af7a	022511b3	mulh	x3,x10,x2	 x10:0x000007bf  x2:0xffffffdf  x3=0xffffffff
       75295000	      7430	8000af7e	e412bd93	sltiu	x27,x5,-447	  x5:0x00000010 x27=0x00000001
       75305000	      7431	8000af82	014c3d33	sltu	x26,x24,x20	 x24:0x00000000 x20:0x00000000 x26=0x00000000
       75315000	      7432	8000af86	09450093	addi	x1,x10,148	 x10:0x000007bf  x1=0x00000853
       75325000	      7433	8000af8a	00f71bb3	sll	x23,x14,x15	 x14:0x0000001e x15:0x00000001 x23=0x0000003c
       75345000	      7435	8000af8e	03105433	divu	x8,x0,x17	  x0:0x00000000 x17:0x00000000  x8=0xffffffff
       75385000	      7439	8000af92	0236a733	mulhsu	x14,x13,x3	 x13:0x00000000  x3:0xffffffff x14=0x00000000
       75425000	      7443	8000af96	0215b533	mulhu	x10,x11,x1	 x11:0x00000000  x1:0x00000853 x10=0x00000000
       75435000	      7444	8000af9a	0115ae33	slt	x28,x11,x17	 x11:0x00000000 x17:0x00000000 x28=0x00000000
       75445000	      7445	8000af9e	00ca17b3	sll	x15,x20,x12	 x20:0x00000000 x12:0x00000000 x15=0x00000000
       75465000	      7447	8000afa2	02f6c533	div	x10,x13,x15	 x13:0x00000000 x15:0x00000000 x10=0xffffffff
       75475000	      7448	8000afa6	340d17f3	csrrw	x15,mscratch,x26	 x26:0x00000000 x15=0xffffffff
       75485000	      7449	8000afaa	086d	c.addi	x16,27	 x16:0x0000001b x16=0x00000036
       75495000	      7450	8000afac	0001	c.addi	x0,0	  x0:0x00000000  x0=0x00000000
       75505000	      7451	8000afae	0ff0000f	fence	iorw,iorw	
       75515000	      7452	8000afb2	8411	c.srai	x8,0x4	  x8:0xffffffff  x8=0xffffffff
       75525000	      7453	8000afb4	010c5eb3	srl	x29,x24,x16	 x24:0x00000000 x16:0x00000036 x29=0x00000000
       75535000	      7454	8000afb8	50530813	addi	x16,x6,1285	  x6:0x0000007f x16=0x00000584
       75545000	      7455	8000afbc	83ad	c.srli	x15,0xb	 x15:0xffffffff x15=0x001fffff
       75555000	      7456	8000afbe	ef01	c.bnez	x14,8000afd6	 x14:0x00000000
       75565000	      7457	8000afc0	340533f3	csrrc	x7,mscratch,x10	 x10:0xffffffff  x7=0x00000000
       75575000	      7458	8000afc4	01e01613	slli	x12,x0,0x1e	  x0:0x00000000 x12=0x00000000
       75585000	      7459	8000afc8	340756f3	csrrwi	x13,mscratch,14	 x13=0x00000000
       75595000	      7460	8000afcc	40150e33	sub	x28,x10,x1	 x10:0xffffffff  x1:0x00000853 x28=0xfffff7ac
       75615000	      7462	8000afd0	03affeb3	remu	x29,x31,x26	 x31:0x0000000b x26:0x00000000 x29=0x0000000b
       75625000	      7463	8000afd4	936a	c.add	x6,x26	  x6:0x0000007f x26:0x00000000  x6=0x0000007f
       75635000	      7464	8000afd6	3e8f2d13	slti	x26,x30,1000	 x30:0x0000001f x26=0x00000001
       75645000	      7465	8000afda	01be5693	srli	x13,x28,0x1b	 x28:0xfffff7ac x13=0x0000001f
       75655000	      7466	8000afde	010eda13	srli	x20,x29,0x10	 x29:0x0000000b x20=0x00000000
       75665000	      7467	8000afe2	1984	c.addi4spn	x9,x2,240	  x9=0x000000cf
       75675000	      7468	8000afe4	871a	c.mv	x14,x6	  x0:0x00000000  x6:0x0000007f x14=0x0000007f
       75685000	      7469	8000afe6	e13be893	ori	x17,x23,-493	 x23:0x0000003c x17=0xfffffe3f
       75695000	      7470	8000afea	730bc393	xori	x7,x23,1840	 x23:0x0000003c  x7=0x0000070c
       75705000	      7471	8000afee	03b37863	bgeu	x6,x27,8000b01e	  x6:0x0000007f x27:0x00000001
       75725000	      7473	8000b01e	8d6d	c.and	x10,x11	 x10:0xffffffff x11:0x00000000 x10=0x00000000
       75735000	      7474	8000b020	340023f3	csrrs	x7,mscratch,x0	  x0:0x00000000  x7=0x0000000e
       75745000	      7475	8000b024	40ef5393	srai	x7,x30,0xe	 x30:0x0000001f  x7=0x00000000
       75755000	      7476	8000b028	6105	c.addi16sp	x2,32	  x2:0xffffffdf  x2=0xffffffff
       75765000	      7477	8000b02a	87fd	c.srai	x15,0x1f	 x15:0x001fffff x15=0x00000000
       75775000	      7478	8000b02c	01e51333	sll	x6,x10,x30	 x10:0x00000000 x30:0x0000001f  x6=0x00000000
       75785000	      7479	8000b030	008a9e13	slli	x28,x21,0x8	 x21:0x00000000 x28=0x00000000
       75795000	      7480	8000b034	41af01b3	sub	x3,x30,x26	 x30:0x0000001f x26:0x00000001  x3=0x0000001e
       75805000	      7481	8000b038	3406d073	csrrwi	x0,mscratch,13	  x0=0x00000000
       75815000	      7482	8000b03c	00bf1393	slli	x7,x30,0xb	 x30:0x0000001f  x7=0x0000f800
       75825000	      7483	8000b040	407c51b3	sra	x3,x24,x7	 x24:0x00000000  x7:0x0000f800  x3=0x00000000
       75835000	      7484	8000b044	03c3c863	blt	x7,x28,8000b074	  x7:0x0000f800 x28:0x00000000
       75845000	      7485	8000b048	8092	c.mv	x1,x4	  x0:0x00000000  x4:0x01b00000  x1=0x01b00000
       75855000	      7486	8000b04a	00aa9013	slli	x0,x21,0xa	 x21:0x00000000  x0=0x00000000
       75865000	      7487	8000b04e	40608ab3	sub	x21,x1,x6	  x1:0x01b00000  x6:0x00000000 x21=0x01b00000
       75875000	      7488	8000b052	0217cd63	blt	x15,x1,8000b08c	 x15:0x00000000  x1:0x01b00000
       75895000	      7490	8000b08c	41f7d2b3	sra	x5,x15,x31	 x15:0x00000000 x31:0x0000000b  x5=0x00000000
       75905000	      7491	8000b090	8a354a13	xori	x20,x10,-1885	 x10:0x00000000 x20=0xfffff8a3
       75915000	      7492	8000b094	97ae	c.add	x15,x11	 x15:0x00000000 x11:0x00000000 x15=0x00000000
       75925000	      7493	8000b096	4116d293	srai	x5,x13,0x11	 x13:0x0000001f  x5=0x00000000
       75935000	      7494	8000b09a	0089d133	srl	x2,x19,x8	 x19:0x80021df8  x8:0xffffffff  x2=0x00000001
       75945000	      7495	8000b09e	007fe263	bltu	x31,x7,8000b0a2	 x31:0x0000000b  x7:0x0000f800
       75975000	      7498	8000b0a2	01c61c13	slli	x24,x12,0x1c	 x12:0x00000000 x24=0x00000000
       75985000	      7499	8000b0a6	98de	c.add	x17,x23	 x17:0xfffffe3f x23:0x0000003c x17=0xfffffe7b
       75995000	      7500	8000b0a8	cd89	c.beqz	x11,8000b0c2	 x11:0x00000000
       76025000	      7503	8000b0c2	015ac333	xor	x6,x21,x21	 x21:0x01b00000 x21:0x01b00000  x6=0x00000000
       76035000	      7504	8000b0c6	8145	c.srli	x10,0x11	 x10:0x00000000 x10=0x00000000
       76045000	      7505	8000b0c8	7fe4ce93	xori	x29,x9,2046	  x9:0x000000cf x29=0x00000731
       76055000	      7506	8000b0cc	987d	c.andi	x8,-1	  x8:0xffffffff  x8=0xffffffff
       76065000	      7507	8000b0ce	1c7d	c.addi	x24,-1	 x24:0x00000000 x24=0xffffffff
       76075000	      7508	8000b0d0	7adec293	xori	x5,x29,1965	 x29:0x00000731  x5=0x0000009c
       76085000	      7509	8000b0d4	8eb9	c.xor	x13,x14	 x13:0x0000001f x14:0x0000007f x13=0x00000060
       76095000	      7510	8000b0d6	187d	c.addi	x16,-1	 x16:0x00000584 x16=0x00000583
       76105000	      7511	8000b0d8	8f2d	c.xor	x14,x11	 x14:0x0000007f x11:0x00000000 x14=0x0000007f
       76115000	      7512	8000b0da	13eb7493	andi	x9,x22,318	 x22:0x00000000  x9=0x00000000
       76125000	      7513	8000b0de	c595	c.beqz	x11,8000b10a	 x11:0x00000000
       76155000	      7516	8000b10a	05dbe163	bltu	x23,x29,8000b14c	 x23:0x0000003c x29:0x00000731
       76175000	      7518	8000b14c	daf93793	sltiu	x15,x18,-593	 x18:0x0000000d x15=0x00000001
       76185000	      7519	8000b150	0372da63	bge	x5,x23,8000b184	  x5:0x0000009c x23:0x0000003c
       76205000	      7521	8000b184	7ba20537	lui	x10,0x7ba20	 x10=0x7ba20000
       76215000	      7522	8000b188	01f6a6b3	slt	x13,x13,x31	 x13:0x00000060 x31:0x0000000b x13=0x00000000
       76225000	      7523	8000b18c	6139	c.addi16sp	x2,448	  x2:0x00000001  x2=0x000001c1
       76595000	      7560	8000b18e	03555d33	divu	x26,x10,x21	 x10:0x7ba20000 x21:0x01b00000 x26=0x00000049
       76605000	      7561	8000b192	87e2	c.mv	x15,x24	  x0:0x00000000 x24:0xffffffff x15=0xffffffff
       76615000	      7562	8000b194	0001	c.addi	x0,0	  x0:0x00000000  x0=0x00000000
       76625000	      7563	8000b196	340276f3	csrrci	x13,mscratch,4	 x13=0x0000000d
       76635000	      7564	8000b19a	4163dc13	srai	x24,x7,0x16	  x7:0x0000f800 x24=0x00000000
       77005000	      7601	8000b19e	032b50b3	divu	x1,x22,x18	 x22:0x00000000 x18:0x0000000d  x1=0x00000000
       77015000	      7602	8000b1a2	896d	c.andi	x10,27	 x10:0x7ba20000 x10=0x00000000
       77025000	      7603	8000b1a4	88d6	c.mv	x17,x21	  x0:0x00000000 x21:0x01b00000 x17=0x01b00000
       77035000	      7604	8000b1a6	e609	c.bnez	x12,8000b1b0	 x12:0x00000000
       77045000	      7605	8000b1a8	0dba	c.slli	x27,0xe	 x27:0x00000001 x27=0x00004000
       77055000	      7606	8000b1aa	4564f113	andi	x2,x9,1110	  x9:0x00000000  x2=0x00000000
       77065000	      7607	8000b1ae	c01d	c.beqz	x8,8000b1d4	  x8:0xffffffff
       77075000	      7608	8000b1b0	0001	c.addi	x0,0	  x0:0x00000000  x0=0x00000000
       77085000	      7609	8000b1b2	412650b3	sra	x1,x12,x18	 x12:0x00000000 x18:0x0000000d  x1=0x00000000
       77105000	      7611	8000b1b6	029056b3	divu	x13,x0,x9	  x0:0x00000000  x9:0x00000000 x13=0xffffffff
       77115000	      7612	8000b1ba	717d	c.addi16sp	x2,-16	  x2:0x00000000  x2=0xfffffff0
       77125000	      7613	8000b1bc	e3a4f213	andi	x4,x9,-454	  x9:0x00000000  x4=0x00000000
       77135000	      7614	8000b1c0	3409fb73	csrrci	x22,mscratch,19	 x22=0x00000009
       77145000	      7615	8000b1c4	1899c493	xori	x9,x19,393	 x19:0x80021df8  x9=0x80021c71
       77155000	      7616	8000b1c8	3406d3f3	csrrwi	x7,mscratch,13	  x7=0x00000008
       77195000	      7620	8000b1cc	02342bb3	mulhsu	x23,x8,x3	  x8:0xffffffff  x3:0x00000000 x23=0x00000000
       77205000	      7621	8000b1d0	acc633b7	lui	x7,0xacc63	  x7=0xacc63000
       77215000	      7622	8000b1d4	6329	c.lui	x6,0xa	  x6=0x0000a000
       77225000	      7623	8000b1d6	9bfd	c.andi	x15,-1	 x15:0xffffffff x15=0xffffffff
       77235000	      7624	8000b1d8	8e41	c.or	x12,x8	 x12:0x00000000  x8:0xffffffff x12=0xffffffff
       77275000	      7628	8000b1da	03f3ab33	mulhsu	x22,x7,x31	  x7:0xacc63000 x31:0x0000000b x22=0xfffffffc
       77285000	      7629	8000b1de	3b260db7	lui	x27,0x3b260	 x27=0x3b260000
       77295000	      7630	8000b1e2	04dac163	blt	x21,x13,8000b224	 x21:0x01b00000 x13:0xffffffff
       77305000	      7631	8000b1e6	8e4d	c.or	x12,x11	 x12:0xffffffff x11:0x00000000 x12=0xffffffff
       77335000	      7634	8000b1e8	02818db3	mul	x27,x3,x8	  x3:0x00000000  x8:0xffffffff x27=0x00000000
       77345000	      7635	8000b1ec	4201	c.li	x4,0	  x4=0x00000000
       77355000	      7636	8000b1ee	cc9d	c.beqz	x9,8000b22c	  x9:0x80021c71
       77365000	      7637	8000b1f0	c509	c.beqz	x10,8000b1fa	 x10:0x00000000
       77395000	      7640	8000b1fa	3406d173	csrrwi	x2,mscratch,13	  x2=0x0000000d
       77425000	      7643	8000b1fe	033f0533	mul	x10,x30,x19	 x30:0x0000001f x19:0x80021df8 x10=0x8041a108
       77435000	      7644	8000b202	41395333	sra	x6,x18,x19	 x18:0x0000000d x19:0x80021df8  x6=0x00000000
       77445000	      7645	8000b206	9af6	c.add	x21,x29	 x21:0x01b00000 x29:0x00000731 x21=0x01b00731
       77455000	      7646	8000b208	340738f3	csrrc	x17,mscratch,x14	 x14:0x0000007f x17=0x0000000d
       77465000	      7647	8000b20c	033f9a63	bne	x31,x19,8000b240	 x31:0x0000000b x19:0x80021df8
       77515000	      7652	8000b240	02fcbdb3	mulhu	x27,x25,x15	 x25:0x80025ce4 x15:0xffffffff x27=0x80025ce3
       77525000	      7653	8000b244	0253ee63	bltu	x7,x5,8000b280	  x7:0xacc63000  x5:0x0000009c
       77535000	      7654	8000b248	34003af3	csrrc	x21,mscratch,x0	  x0:0x00000000 x21=0x00000000
       77545000	      7655	8000b24c	00a59663	bne	x11,x10,8000b258	 x11:0x00000000 x10:0x8041a108
       77565000	      7657	8000b258	04809163	bne	x1,x8,8000b29a	  x1:0x00000000  x8:0xffffffff
       77595000	      7660	8000b29a	00127e63	bgeu	x4,x1,8000b2b6	  x4:0x00000000  x1:0x00000000
       77615000	      7662	8000b2b6	0856	c.slli	x16,0x15	 x16:0x00000583 x16=0xb0600000
       77625000	      7663	8000b2b8	862d	c.srai	x12,0xb	 x12:0xffffffff x12=0xffffffff
       77995000	      7700	8000b2ba	029ccc33	div	x24,x25,x9	 x25:0x80025ce4  x9:0x80021c71 x24=0x00000000
       78005000	      7701	8000b2be	00b6c1b3	xor	x3,x13,x11	 x13:0xffffffff x11:0x00000000  x3=0xffffffff
       78015000	      7702	8000b2c2	8629	c.srai	x12,0xa	 x12:0xffffffff x12=0xffffffff
       78025000	      7703	8000b2c4	0001	c.addi	x0,0	  x0:0x00000000  x0=0x00000000
       78035000	      7704	8000b2c6	01be3eb3	sltu	x29,x28,x27	 x28:0x00000000 x27:0x80025ce3 x29=0x00000001
       78045000	      7705	8000b2ca	c785	c.beqz	x15,8000b2f2	 x15:0xffffffff
       78055000	      7706	8000b2cc	717d	c.addi16sp	x2,-16	  x2:0x0000000d  x2=0xfffffffd
       78065000	      7707	8000b2ce	0ff0000f	fence	iorw,iorw	
       78075000	      7708	8000b2d2	01b4da63	bge	x9,x27,8000b2e6	  x9:0x80021c71 x27:0x80025ce3
       78445000	      7745	8000b2d6	03aa7433	remu	x8,x20,x26	 x20:0xfffff8a3 x26:0x00000049  x8=0x0000002d
       78485000	      7749	8000b2da	035924b3	mulhsu	x9,x18,x21	 x18:0x0000000d x21:0x00000000  x9=0x00000000
       78495000	      7750	8000b2de	01b99233	sll	x4,x19,x27	 x19:0x80021df8 x27:0x80025ce3  x4=0x0010efc0
       78505000	      7751	8000b2e2	34007d73	csrrci	x26,mscratch,0	 x26=0x00000000
       78515000	      7752	8000b2e6	674d	c.lui	x14,0x13	 x14=0x00013000
       78525000	      7753	8000b2e8	c896b697	auipc	x13,0xc896b	 x13=0x489762e8
       78535000	      7754	8000b2ec	01b52733	slt	x14,x10,x27	 x10:0x8041a108 x27:0x80025ce3 x14=0x00000000
       78545000	      7755	8000b2f0	0d2e	c.slli	x26,0xb	 x26:0x00000000 x26=0x00000000
       78555000	      7756	8000b2f2	8bed	c.andi	x15,27	 x15:0xffffffff x15=0x0000001b
       78565000	      7757	8000b2f4	997a	c.add	x18,x30	 x18:0x0000000d x30:0x0000001f x18=0x0000002c
       78935000	      7794	8000b2f6	039be833	rem	x16,x23,x25	 x23:0x00000000 x25:0x80025ce4 x16=0x00000000
       78945000	      7795	8000b2fa	bbbb2593	slti	x11,x22,-1093	 x22:0xfffffffc x11=0x00000000
       78955000	      7796	8000b2fe	40e85eb3	sra	x29,x16,x14	 x16:0x00000000 x14:0x00000000 x29=0x00000000
       78965000	      7797	8000b302	00c8c4b3	xor	x9,x17,x12	 x17:0x0000000d x12:0xffffffff  x9=0xfffffff2
       78975000	      7798	8000b306	01358db3	add	x27,x11,x19	 x11:0x00000000 x19:0x80021df8 x27=0x80021df8
       78985000	      7799	8000b30a	010fdd93	srli	x27,x31,0x10	 x31:0x0000000b x27=0x00000000
       78995000	      7800	8000b30e	11f70e13	addi	x28,x14,287	 x14:0x00000000 x28=0x0000011f
       79005000	      7801	8000b312	8ef9	c.and	x13,x14	 x13:0x489762e8 x14:0x00000000 x13=0x00000000
       79015000	      7802	8000b314	8a29	c.andi	x12,10	 x12:0xffffffff x12=0x0000000a
       79025000	      7803	8000b316	99fd	c.andi	x11,-1	 x11:0x00000000 x11=0x00000000
       79035000	      7804	8000b318	e4ccad93	slti	x27,x25,-436	 x25:0x80025ce4 x27=0x00000001
       79045000	      7805	8000b31c	34002d73	csrrs	x26,mscratch,x0	  x0:0x00000000 x26=0x00000000
       79055000	      7806	8000b320	87b9	c.srai	x15,0xe	 x15:0x0000001b x15=0x00000000
       79065000	      7807	8000b322	cc9d	c.beqz	x9,8000b360	  x9:0xfffffff2
       79105000	      7811	8000b324	03d5b933	mulhu	x18,x11,x29	 x11:0x00000000 x29:0x00000000 x18=0x00000000
       79475000	      7848	8000b328	03f141b3	div	x3,x2,x31	  x2:0xfffffffd x31:0x0000000b  x3=0x00000000
       79485000	      7849	8000b32c	017261b3	or	x3,x4,x23	  x4:0x0010efc0 x23:0x00000000  x3=0x0010efc0
       79495000	      7850	8000b330	0ff0000f	fence	iorw,iorw	
       79515000	      7852	8000b334	02f44633	div	x12,x8,x15	  x8:0x0000002d x15:0x00000000 x12=0xffffffff
       79525000	      7853	8000b338	34079973	csrrw	x18,mscratch,x15	 x15:0x00000000 x18=0x00000000
       79535000	      7854	8000b33c	01627d33	and	x26,x4,x22	  x4:0x0010efc0 x22:0xfffffffc x26=0x0010efc0
       79545000	      7855	8000b340	07c9	c.addi	x15,18	 x15:0x00000000 x15=0x00000012
       79565000	      7857	8000b342	0350d2b3	divu	x5,x1,x21	  x1:0x00000000 x21:0x00000000  x5=0xffffffff
       79575000	      7858	8000b346	0ff0000f	fence	iorw,iorw	
       79585000	      7859	8000b34a	5afd	c.li	x21,-1	 x21=0xffffffff
       79595000	      7860	8000b34c	27cb7593	andi	x11,x22,636	 x22:0xfffffffc x11=0x0000027c
       79605000	      7861	8000b350	4197df13	srai	x30,x15,0x19	 x15:0x00000012 x30=0x00000000
       79615000	      7862	8000b354	8bb2	c.mv	x23,x12	  x0:0x00000000 x12:0xffffffff x23=0xffffffff
       79625000	      7863	8000b356	80b1	c.srli	x9,0xc	  x9:0xfffffff2  x9=0x000fffff
       79635000	      7864	8000b358	cfc49a97	auipc	x21,0xcfc49	 x21=0x4fc54358
       79645000	      7865	8000b35c	00012db3	slt	x27,x2,x0	  x2:0xfffffffd  x0:0x00000000 x27=0x00000001
       79655000	      7866	8000b360	8555	c.srai	x10,0x15	 x10:0x8041a108 x10=0xfffffc02
       79665000	      7867	8000b362	41ed5213	srai	x4,x26,0x1e	 x26:0x0010efc0  x4=0x00000000
       79675000	      7868	8000b366	01b7f863	bgeu	x15,x27,8000b376	 x15:0x00000012 x27:0x00000001
       79715000	      7872	8000b376	038cfab3	remu	x21,x25,x24	 x25:0x80025ce4 x24:0x00000000 x21=0x80025ce4
       79725000	      7873	8000b37a	52fd	c.li	x5,-1	  x5=0xffffffff
       79735000	      7874	8000b37c	6469	c.lui	x8,0x1a	  x8=0x0001a000
       79745000	      7875	8000b37e	c747cf13	xori	x30,x15,-908	 x15:0x00000012 x30=0xfffffc66
       79755000	      7876	8000b382	340f98f3	csrrw	x17,mscratch,x31	 x31:0x0000000b x17=0x00000000
       79765000	      7877	8000b386	65180893	addi	x17,x16,1617	 x16:0x00000000 x17=0x00000651
       79775000	      7878	8000b38a	874b0717	auipc	x14,0x874b0	 x14=0x074bb38a
       79785000	      7879	8000b38e	01574c33	xor	x24,x14,x21	 x14:0x074bb38a x21:0x80025ce4 x24=0x8749ef6e
       79795000	      7880	8000b392	788601b7	lui	x3,0x78860	  x3=0x78860000
       79805000	      7881	8000b396	8fe9	c.and	x15,x10	 x15:0x00000012 x10:0xfffffc02 x15=0x00000002
       79815000	      7882	8000b398	01790333	add	x6,x18,x23	 x18:0x00000000 x23:0xffffffff  x6=0xffffffff
       79825000	      7883	8000b39c	5eb24313	xori	x6,x4,1515	  x4:0x00000000  x6=0x000005eb
       79835000	      7884	8000b3a0	3400dd73	csrrwi	x26,mscratch,1	 x26=0x0000000b
       79845000	      7885	8000b3a4	0ff0000f	fence	iorw,iorw	
       79855000	      7886	8000b3a8	02ee4763	blt	x28,x14,8000b3d6	 x28:0x0000011f x14:0x074bb38a
       79885000	      7889	8000b3d6	41040833	sub	x16,x8,x16	  x8:0x0001a000 x16:0x00000000 x16=0x0001a000
       79895000	      7890	8000b3da	01ae9193	slli	x3,x29,0x1a	 x29:0x00000000  x3=0x00000000
       79905000	      7891	8000b3de	0352	c.slli	x6,0x14	  x6:0x000005eb  x6=0x5eb00000
       79915000	      7892	8000b3e0	ce01	c.beqz	x12,8000b3f8	 x12:0xffffffff
       79925000	      7893	8000b3e2	05b24163	blt	x4,x27,8000b424	  x4:0x00000000 x27:0x00000001
       79945000	      7895	8000b424	004b0633	add	x12,x22,x4	 x22:0xfffffffc  x4:0x00000000 x12=0xfffffffc
       79955000	      7896	8000b428	00600e63	beq	x0,x6,8000b444	  x0:0x00000000  x6:0x5eb00000
       79975000	      7898	8000b42c	032dcab3	div	x21,x27,x18	 x27:0x00000001 x18:0x00000000 x21=0xffffffff
       79985000	      7899	8000b430	0000100f	fence.i	
       80005000	      7901	8000b434	81d8e693	ori	x13,x17,-2019	 x17:0x00000651 x13=0xfffffe5d
       80015000	      7902	8000b438	340c9073	csrrw	x0,mscratch,x25	 x25:0x80025ce4  x0=0x00000000
       80025000	      7903	8000b43c	34007273	csrrci	x4,mscratch,0	  x4=0x80025ce4
       80395000	      7940	8000b440	03177533	remu	x10,x14,x17	 x14:0x074bb38a x17:0x00000651 x10=0x000004da
       80405000	      7941	8000b444	0480c063	blt	x1,x8,8000b484	  x1:0x00000000  x8:0x0001a000
       80425000	      7943	8000b484	3406e873	csrrsi	x16,mscratch,13	 x16=0x80025ce4
       80435000	      7944	8000b488	93be	c.add	x7,x15	  x7:0xacc63000 x15:0x00000002  x7=0xacc63002
       80445000	      7945	8000b48a	039c6b63	bltu	x24,x25,8000b4c0	 x24:0x8749ef6e x25:0x80025ce4
       80455000	      7946	8000b48e	c0f72a13	slti	x20,x14,-1009	 x14:0x074bb38a x20=0x00000000
       80465000	      7947	8000b492	0001	c.addi	x0,0	  x0:0x00000000  x0=0x00000000
       80475000	      7948	8000b494	051f1363	bne	x30,x17,8000b4da	 x30:0xfffffc66 x17:0x00000651
       80505000	      7951	8000b4da	0ff0000f	fence	iorw,iorw	
       80515000	      7952	8000b4de	00fe35b3	sltu	x11,x28,x15	 x28:0x0000011f x15:0x00000002 x11=0x00000000
       80885000	      7989	8000b4e2	02c5e033	rem	x0,x11,x12	 x11:0x00000000 x12:0xfffffffc  x0=0x00000000
       80895000	      7990	8000b4e6	187d	c.addi	x16,-1	 x16:0x80025ce4 x16=0x80025ce3
       80905000	      7991	8000b4e8	0001	c.addi	x0,0	  x0:0x00000000  x0=0x00000000
       80915000	      7992	8000b4ea	e32eb593	sltiu	x11,x29,-462	 x29:0x00000000 x11=0x00000001
       80925000	      7993	8000b4ee	8035	c.srli	x8,0xd	  x8:0x0001a000  x8=0x0000000d
       80935000	      7994	8000b4f0	d142bb93	sltiu	x23,x5,-748	  x5:0xffffffff x23=0x00000000
       80945000	      7995	8000b4f4	01b963b3	or	x7,x18,x27	 x18:0x00000000 x27:0x00000001  x7=0x00000001
       80955000	      7996	8000b4f8	01e7a333	slt	x6,x15,x30	 x15:0x00000002 x30:0xfffffc66  x6=0x00000000
       80965000	      7997	8000b4fc	9974a917	auipc	x18,0x9974a	 x18=0x197554fc
       80975000	      7998	8000b500	630e0b93	addi	x23,x28,1584	 x28:0x0000011f x23=0x0000074f
       80985000	      7999	8000b504	9bce	c.add	x23,x19	 x23:0x0000074f x19:0x80021df8 x23=0x80022547
       80995000	      8000	8000b506	00d09913	slli	x18,x1,0xd	  x1:0x00000000 x18=0x00000000
       81365000	      8037	8000b50a	02847a33	remu	x20,x8,x8	  x8:0x0000000d  x8:0x0000000d x20=0x00000000
       81405000	      8041	8000b50e	036b3233	mulhu	x4,x22,x22	 x22:0xfffffffc x22:0xfffffffc  x4=0xfffffff8
       81415000	      8042	8000b512	01d9deb3	srl	x29,x19,x29	 x19:0x80021df8 x29:0x00000000 x29=0x80021df8
       81425000	      8043	8000b516	004d86b3	add	x13,x27,x4	 x27:0x00000001  x4:0xfffffff8 x13=0xfffffff9
       81795000	      8080	8000b51a	03d3f6b3	remu	x13,x7,x29	  x7:0x00000001 x29:0x80021df8 x13=0x00000001
       81805000	      8081	8000b51e	9320ca93	xori	x21,x1,-1742	  x1:0x00000000 x21=0xfffff932
       81815000	      8082	8000b522	00120663	beq	x4,x1,8000b52e	  x4:0xfffffff8  x1:0x00000000
       82185000	      8119	8000b526	0246e233	rem	x4,x13,x4	 x13:0x00000001  x4:0xfffffff8  x4=0x00000001
       82195000	      8120	8000b52a	0dea	c.slli	x27,0x1a	 x27:0x00000001 x27=0x04000000
       82205000	      8121	8000b52c	997d	c.andi	x10,-1	 x10:0x000004da x10=0x000004da
       82215000	      8122	8000b52e	02d6f363	bgeu	x13,x13,8000b554	 x13:0x00000001 x13:0x00000001
       82235000	      8124	8000b554	0ff0000f	fence	iorw,iorw	
       82245000	      8125	8000b558	02348c63	beq	x9,x3,8000b590	  x9:0x000fffff  x3:0x00000000
       82615000	      8162	8000b55c	02b44633	div	x12,x8,x11	  x8:0x0000000d x11:0x00000001 x12=0x0000000d
       82625000	      8163	8000b560	81bd	c.srli	x11,0xf	 x11:0x00000001 x11=0x00000000
       82635000	      8164	8000b562	8e11	c.sub	x12,x12	 x12:0x0000000d x12:0x0000000d x12=0x00000000
       82645000	      8165	8000b564	01d16bb3	or	x23,x2,x29	  x2:0xfffffffd x29:0x80021df8 x23=0xfffffffd
       82655000	      8166	8000b568	8f01	c.sub	x14,x8	 x14:0x074bb38a  x8:0x0000000d x14=0x074bb37d
       82665000	      8167	8000b56a	9a877393	andi	x7,x14,-1624	 x14:0x074bb37d  x7=0x074bb128
       82675000	      8168	8000b56e	0001	c.addi	x0,0	  x0:0x00000000  x0=0x00000000
       82685000	      8169	8000b570	8f95	c.sub	x15,x13	 x15:0x00000002 x13:0x00000001 x15=0x00000001
       82695000	      8170	8000b572	3409ad73	csrrs	x26,mscratch,x19	 x19:0x80021df8 x26=0x80025ced
       82705000	      8171	8000b576	613d	c.addi16sp	x2,480	  x2:0xfffffffd  x2=0x000001dd
       82715000	      8172	8000b578	714eaa13	slti	x20,x29,1812	 x29:0x80021df8 x20=0x00000001
       82755000	      8176	8000b57c	03c93433	mulhu	x8,x18,x28	 x18:0x00000000 x28:0x0000011f  x8=0x00000000
       82765000	      8177	8000b580	006dc833	xor	x16,x27,x6	 x27:0x04000000  x6:0x00000000 x16=0x04000000
       82775000	      8178	8000b584	0000100f	fence.i	
       83155000	      8216	8000b588	02dbc833	div	x16,x23,x13	 x23:0xfffffffd x13:0x00000001 x16=0xfffffffd
       83165000	      8217	8000b58c	547d	c.li	x8,-1	  x8=0xffffffff
       83175000	      8218	8000b58e	0001	c.addi	x0,0	  x0:0x00000000  x0=0x00000000
       83185000	      8219	8000b590	8745	c.srai	x14,0x11	 x14:0x074bb37d x14=0x000003a5
       83195000	      8220	8000b592	340023f3	csrrs	x7,mscratch,x0	  x0:0x00000000  x7=0x80025dfd
       83205000	      8221	8000b596	9ed4b093	sltiu	x1,x9,-1555	  x9:0x000fffff  x1=0x00000001
       83215000	      8222	8000b59a	d15bd037	lui	x0,0xd15bd	  x0=0x00000000
       83225000	      8223	8000b59e	418a0633	sub	x12,x20,x24	 x20:0x00000001 x24:0x8749ef6e x12=0x78b61093
       83265000	      8227	8000b5a2	03023eb3	mulhu	x29,x4,x16	  x4:0x00000001 x16:0xfffffffd x29=0x00000000
       83635000	      8264	8000b5a6	02c2de33	divu	x28,x5,x12	  x5:0xffffffff x12:0x78b61093 x28=0x00000002
       83645000	      8265	8000b5aa	015b1093	slli	x1,x22,0x15	 x22:0xfffffffc  x1=0xff800000
       83685000	      8269	8000b5ae	03a5a233	mulhsu	x4,x11,x26	 x11:0x00000000 x26:0x80025ced  x4=0x00000000
       83695000	      8270	8000b5b2	144c6717	auipc	x14,0x144c6	 x14=0x944d15b2
       83705000	      8271	8000b5b6	41fa5b33	sra	x22,x20,x31	 x20:0x00000001 x31:0x0000000b x22=0x00000000
       83715000	      8272	8000b5ba	01231213	slli	x4,x6,0x12	  x6:0x00000000  x4=0x00000000
       83725000	      8273	8000b5be	01bc9233	sll	x4,x25,x27	 x25:0x80025ce4 x27:0x04000000  x4=0x80025ce4
       83735000	      8274	8000b5c2	340136f3	csrrc	x13,mscratch,x2	  x2:0x000001dd x13=0x80025dfd
       83745000	      8275	8000b5c6	34002ef3	csrrs	x29,mscratch,x0	  x0:0x00000000 x29=0x80025c20
       83755000	      8276	8000b5ca	cd9d	c.beqz	x11,8000b608	 x11:0x00000000
       83775000	      8278	8000b608	8c51	c.or	x8,x12	  x8:0xffffffff x12:0x78b61093  x8=0xffffffff
       83815000	      8282	8000b60a	02071933	mulh	x18,x14,x0	 x14:0x944d15b2  x0:0x00000000 x18=0x00000000
       83825000	      8283	8000b60e	340077f3	csrrci	x15,mscratch,0	 x15=0x80025c20
       83835000	      8284	8000b612	340ed073	csrrwi	x0,mscratch,29	  x0=0x00000000
       83845000	      8285	8000b616	0454c263	blt	x9,x5,8000b65a	  x9:0x000fffff  x5:0xffffffff
       83855000	      8286	8000b61a	66911497	auipc	x9,0x66911	  x9=0xe691c61a
       84225000	      8323	8000b61e	03b3e733	rem	x14,x7,x27	  x7:0x80025dfd x27:0x04000000 x14=0xfc025dfd
       84235000	      8324	8000b622	009586b3	add	x13,x11,x9	 x11:0x00000000  x9:0xe691c61a x13=0xe691c61a
       84245000	      8325	8000b626	0026fd33	and	x26,x13,x2	 x13:0xe691c61a  x2:0x000001dd x26=0x00000018
       84255000	      8326	8000b62a	40b68bb3	sub	x23,x13,x11	 x13:0xe691c61a x11:0x00000000 x23=0xe691c61a
       84265000	      8327	8000b62e	01e17433	and	x8,x2,x30	  x2:0x000001dd x30:0xfffffc66  x8=0x00000044
       84275000	      8328	8000b632	408ad213	srai	x4,x21,0x8	 x21:0xfffff932  x4=0xfffffff9
       84645000	      8365	8000b636	0213c0b3	div	x1,x7,x1	  x7:0x80025dfd  x1:0xff800000  x1=0x000000ff
       84655000	      8366	8000b63a	0008d913	srli	x18,x17,0x0	 x17:0x00000651 x18=0x00000651
       84665000	      8367	8000b63e	8d21	c.xor	x10,x8	 x10:0x000004da  x8:0x00000044 x10=0x0000049e
       84675000	      8368	8000b640	34002d73	csrrs	x26,mscratch,x0	  x0:0x00000000 x26=0x0000001d
       84685000	      8369	8000b644	0ff0000f	fence	iorw,iorw	
       84695000	      8370	8000b648	0001	c.addi	x0,0	  x0:0x00000000  x0=0x00000000
       84705000	      8371	8000b64a	4074d033	sra	x0,x9,x7	  x9:0xe691c61a  x7:0x80025dfd  x0=0x00000000
       84715000	      8372	8000b64e	fa9fea17	auipc	x20,0xfa9fe	 x20=0x7aa0964e
       84725000	      8373	8000b652	03f79763	bne	x15,x31,8000b680	 x15:0x80025c20 x31:0x0000000b
       84745000	      8375	8000b680	45c8b517	auipc	x10,0x45c8b	 x10=0xc5c96680
       84755000	      8376	8000b684	34006273	csrrsi	x4,mscratch,0	  x4=0x0000001d
       84765000	      8377	8000b688	00fbdb33	srl	x22,x23,x15	 x23:0xe691c61a x15:0x80025c20 x22=0xe691c61a
       84775000	      8378	8000b68c	a7a56393	ori	x7,x10,-1414	 x10:0xc5c96680  x7=0xfffffefa
       84785000	      8379	8000b690	000ddd93	srli	x27,x27,0x0	 x27:0x04000000 x27=0x04000000
       84795000	      8380	8000b694	ee82a213	slti	x4,x5,-280	  x5:0xffffffff  x4=0x00000000
       84805000	      8381	8000b698	0001	c.addi	x0,0	  x0:0x00000000  x0=0x00000000
       84815000	      8382	8000b69a	71c3f293	andi	x5,x7,1820	  x7:0xfffffefa  x5=0x00000618
       84825000	      8383	8000b69e	00441813	slli	x16,x8,0x4	  x8:0x00000044 x16=0x00000440
       84835000	      8384	8000b6a2	64b1	c.lui	x9,0xc	  x9=0x0000c000
       84845000	      8385	8000b6a4	340027f3	csrrs	x15,mscratch,x0	  x0:0x00000000 x15=0x0000001d
       84855000	      8386	8000b6a8	015f9733	sll	x14,x31,x21	 x31:0x0000000b x21:0xfffff932 x14=0x002c0000
       84865000	      8387	8000b6ac	6bc9	c.lui	x23,0x12	 x23=0x00012000
       84905000	      8391	8000b6ae	030a3033	mulhu	x0,x20,x16	 x20:0x7aa0964e x16:0x00000440  x0=0x00000000
       84945000	      8395	8000b6b2	02d2a633	mulhsu	x12,x5,x13	  x5:0x00000618 x13:0xe691c61a x12=0x0000057d
       84975000	      8398	8000b6b6	039182b3	mul	x5,x3,x25	  x3:0x00000000 x25:0x80025ce4  x5=0x00000000
       84985000	      8399	8000b6ba	03631863	bne	x6,x22,8000b6ea	  x6:0x00000000 x22:0xe691c61a
       85015000	      8402	8000b6ea	34006e73	csrrsi	x28,mscratch,0	 x28=0x0000001d
       85055000	      8406	8000b6ee	03ecbe33	mulhu	x28,x25,x30	 x25:0x80025ce4 x30:0xfffffc66 x28=0x80025b16
       85065000	      8407	8000b6f2	34003973	csrrc	x18,mscratch,x0	  x0:0x00000000 x18=0x0000001d
       85075000	      8408	8000b6f6	0ff0000f	fence	iorw,iorw	
       85085000	      8409	8000b6fa	02aa9a63	bne	x21,x10,8000b72e	 x21:0xfffff932 x10:0xc5c96680
       85115000	      8412	8000b72e	016f0333	add	x6,x30,x22	 x30:0xfffffc66 x22:0xe691c61a  x6=0xe691c280
       85125000	      8413	8000b732	01b6f4b3	and	x9,x13,x27	 x13:0xe691c61a x27:0x04000000  x9=0x04000000
       85135000	      8414	8000b736	6d69	c.lui	x26,0x1a	 x26=0x0001a000
       85145000	      8415	8000b738	c3656a93	ori	x21,x10,-970	 x10:0xc5c96680 x21=0xfffffeb6
       85155000	      8416	8000b73c	833ad5b7	lui	x11,0x833ad	 x11=0x833ad000
       85165000	      8417	8000b740	8fe1	c.and	x15,x8	 x15:0x0000001d  x8:0x00000044 x15=0x00000004
       85535000	      8454	8000b742	035bf7b3	remu	x15,x23,x21	 x23:0x00012000 x21:0xfffffeb6 x15=0x00012000
       85545000	      8455	8000b746	4b952b93	slti	x23,x10,1209	 x10:0xc5c96680 x23=0x00000001
       85555000	      8456	8000b74a	01494833	xor	x16,x18,x20	 x18:0x0000001d x20:0x7aa0964e x16=0x7aa09653
       85565000	      8457	8000b74e	00341333	sll	x6,x8,x3	  x8:0x00000044  x3:0x00000000  x6=0x00000044
       85575000	      8458	8000b752	00433d33	sltu	x26,x6,x4	  x6:0x00000044  x4:0x00000000 x26=0x00000000
       85605000	      8461	8000b756	02ad0433	mul	x8,x26,x10	 x26:0x00000000 x10:0xc5c96680  x8=0x00000000
       85615000	      8462	8000b75a	0016da33	srl	x20,x13,x1	 x13:0xe691c61a  x1:0x000000ff x20=0x00000001
       85655000	      8466	8000b75e	03192233	mulhsu	x4,x18,x17	 x18:0x0000001d x17:0x00000651  x4=0x00000000
       85665000	      8467	8000b762	8952	c.mv	x18,x20	  x0:0x00000000 x20:0x00000001 x18=0x00000001
       85675000	      8468	8000b764	66b9	c.lui	x13,0xe	 x13=0x0000e000
       85685000	      8469	8000b766	00a21613	slli	x12,x4,0xa	  x4:0x00000000 x12=0x00000000
       85695000	      8470	8000b76a	9e8eae37	lui	x28,0x9e8ea	 x28=0x9e8ea000
       85705000	      8471	8000b76e	4181d313	srai	x6,x3,0x18	  x3:0x00000000  x6=0x00000000
       85715000	      8472	8000b772	03f42097	auipc	x1,0x3f42	  x1=0x83f4d772
       85725000	      8473	8000b776	0762	c.slli	x14,0x18	 x14:0x002c0000 x14=0x00000000
       85735000	      8474	8000b778	000da533	slt	x10,x27,x0	 x27:0x04000000  x0:0x00000000 x10=0x00000000
       85745000	      8475	8000b77c	00975233	srl	x4,x14,x9	 x14:0x00000000  x9:0x04000000  x4=0x00000000
       85755000	      8476	8000b780	0000100f	fence.i	
       85775000	      8478	8000b784	02451363	bne	x10,x4,8000b7aa	 x10:0x00000000  x4:0x00000000
       85785000	      8479	8000b788	8791	c.srai	x15,0x4	 x15:0x00012000 x15=0x00001200
       85795000	      8480	8000b78a	00c29e63	bne	x5,x12,8000b7a6	  x5:0x00000000 x12:0x00000000
       85805000	      8481	8000b78e	8d2d	c.xor	x10,x11	 x10:0x00000000 x11:0x833ad000 x10=0x833ad000
       85815000	      8482	8000b790	4101d3b3	sra	x7,x3,x16	  x3:0x00000000 x16:0x7aa09653  x7=0x00000000
       85825000	      8483	8000b794	65757a93	andi	x21,x10,1623	 x10:0x833ad000 x21=0x00000000
       85835000	      8484	8000b798	0026f933	and	x18,x13,x2	 x13:0x0000e000  x2:0x000001dd x18=0x00000000
       85845000	      8485	8000b79c	8d85	c.sub	x11,x9	 x11:0x833ad000  x9:0x04000000 x11=0x7f3ad000
       86215000	      8522	8000b79e	0226c833	div	x16,x13,x2	 x13:0x0000e000  x2:0x000001dd x16=0x00000078
       86225000	      8523	8000b7a2	90c4b693	sltiu	x13,x9,-1780	  x9:0x04000000 x13=0x00000001
       86235000	      8524	8000b7a6	a5837f13	andi	x30,x6,-1448	  x6:0x00000000 x30=0x00000000
       86245000	      8525	8000b7aa	850e	c.mv	x10,x3	  x0:0x00000000  x3:0x00000000 x10=0x00000000
       86255000	      8526	8000b7ac	01ded233	srl	x4,x29,x29	 x29:0x80025c20 x29:0x80025c20  x4=0x80025c20
       86265000	      8527	8000b7b0	01029863	bne	x5,x16,8000b7c0	  x5:0x00000000 x16:0x00000078
       86295000	      8530	8000b7c0	03aa5f33	divu	x30,x20,x26	 x20:0x00000001 x26:0x00000000 x30=0xffffffff
       86305000	      8531	8000b7c4	0001	c.addi	x0,0	  x0:0x00000000  x0=0x00000000
       86315000	      8532	8000b7c6	340e5c73	csrrwi	x24,mscratch,28	 x24=0x0000001d
       86325000	      8533	8000b7ca	00c8edb3	or	x27,x17,x12	 x17:0x00000651 x12:0x00000000 x27=0x00000651
       86335000	      8534	8000b7ce	8ff1	c.and	x15,x12	 x15:0x00001200 x12:0x00000000 x15=0x00000000
       86345000	      8535	8000b7d0	cd16cf13	xori	x30,x13,-815	 x13:0x00000001 x30=0xfffffcd0
       86355000	      8536	8000b7d4	5fabfd13	andi	x26,x23,1530	 x23:0x00000001 x26=0x00000000
       86365000	      8537	8000b7d8	040e	c.slli	x8,0x3	  x8:0x00000000  x8=0x00000000
       86375000	      8538	8000b7da	717d	c.addi16sp	x2,-16	  x2:0x000001dd  x2=0x000001cd
       86385000	      8539	8000b7dc	044d	c.addi	x8,19	  x8:0x00000000  x8=0x00000013
       86395000	      8540	8000b7de	003dc333	xor	x6,x27,x3	 x27:0x00000651  x3:0x00000000  x6=0x00000651
       86405000	      8541	8000b7e2	0ff0000f	fence	iorw,iorw	
       86415000	      8542	8000b7e6	34055973	csrrwi	x18,mscratch,10	 x18=0x0000001c
       86785000	      8579	8000b7ea	0210f2b3	remu	x5,x1,x1	  x1:0x83f4d772  x1:0x83f4d772  x5=0x00000000
       86795000	      8580	8000b7ee	34009df3	csrrw	x27,mscratch,x1	  x1:0x83f4d772 x27=0x0000000a
       86805000	      8581	8000b7f2	8122	c.mv	x2,x8	  x0:0x00000000  x8:0x00000013  x2=0x00000013
       86815000	      8582	8000b7f4	0c45	c.addi	x24,17	 x24:0x0000001d x24=0x0000002e
       86825000	      8583	8000b7f6	0321d163	bge	x3,x18,8000b818	  x3:0x00000000 x18:0x0000001c
       86835000	      8584	8000b7fa	187d	c.addi	x16,-1	 x16:0x00000078 x16=0x00000077
       86845000	      8585	8000b7fc	014e61b3	or	x3,x28,x20	 x28:0x9e8ea000 x20:0x00000001  x3=0x9e8ea001
       86855000	      8586	8000b800	d59b2a13	slti	x20,x22,-679	 x22:0xe691c61a x20=0x00000001
       86865000	      8587	8000b804	0e5a	c.slli	x28,0x16	 x28:0x9e8ea000 x28=0x00000000
       86875000	      8588	8000b806	ab1c0493	addi	x9,x24,-1359	 x24:0x0000002e  x9=0xfffffadf
       86885000	      8589	8000b80a	0687e113	ori	x2,x15,104	 x15:0x00000000  x2=0x00000068
       86895000	      8590	8000b80e	85b9	c.srai	x11,0xe	 x11:0x7f3ad000 x11=0x0001fceb
       86905000	      8591	8000b810	8ef5	c.and	x13,x13	 x13:0x00000001 x13:0x00000001 x13=0x00000001
       86915000	      8592	8000b812	93aa	c.add	x7,x10	  x7:0x00000000 x10:0x00000000  x7=0x00000000
       86925000	      8593	8000b814	00309663	bne	x1,x3,8000b820	  x1:0x83f4d772  x3:0x9e8ea001
       86945000	      8595	8000b820	8f6d	c.and	x14,x11	 x14:0x00000000 x11:0x0001fceb x14=0x00000000
       86955000	      8596	8000b822	01c117b3	sll	x15,x2,x28	  x2:0x00000068 x28:0x00000000 x15=0x00000068
       86965000	      8597	8000b826	029d7463	bgeu	x26,x9,8000b84e	 x26:0x00000000  x9:0xfffffadf
       86975000	      8598	8000b82a	0190d133	srl	x2,x1,x25	  x1:0x83f4d772 x25:0x80025ce4  x2=0x083f4d77
       86985000	      8599	8000b82e	03a1c763	blt	x3,x26,8000b85c	  x3:0x9e8ea001 x26:0x00000000
       87005000	      8601	8000b85c	40e803b3	sub	x7,x16,x14	 x16:0x00000077 x14:0x00000000  x7=0x00000077
       87015000	      8602	8000b860	00f89b33	sll	x22,x17,x15	 x17:0x00000651 x15:0x00000068 x22=0x00065100
       87055000	      8606	8000b864	0281b233	mulhu	x4,x3,x8	  x3:0x9e8ea001  x8:0x00000013  x4=0x0000000b
       87065000	      8607	8000b868	34002273	csrrs	x4,mscratch,x0	  x0:0x00000000  x4=0x83f4d772
       87075000	      8608	8000b86c	552d3f13	sltiu	x30,x26,1362	 x26:0x00000000 x30=0x00000001
       87085000	      8609	8000b870	0001	c.addi	x0,0	  x0:0x00000000  x0=0x00000000
       87455000	      8646	8000b872	02fe47b3	div	x15,x28,x15	 x28:0x00000000 x15:0x00000068 x15=0x00000000
       87465000	      8647	8000b876	1cdaa813	slti	x16,x21,461	 x21:0x00000000 x16=0x00000001
       87475000	      8648	8000b87a	0001	c.addi	x0,0	  x0:0x00000000  x0=0x00000000
       87485000	      8649	8000b87c	8d95	c.sub	x11,x13	 x11:0x0001fceb x13:0x00000001 x11=0x0001fcea
       87495000	      8650	8000b87e	1f00	c.addi4spn	x8,x2,944	  x8=0x083f5127
       87505000	      8651	8000b880	0001	c.addi	x0,0	  x0:0x00000000  x0=0x00000000
       87515000	      8652	8000b882	0000100f	fence.i	
       87535000	      8654	8000b886	8d95	c.sub	x11,x13	 x11:0x0001fcea x13:0x00000001 x11=0x0001fce9
       87545000	      8655	8000b888	05ef0063	beq	x30,x30,8000b8c8	 x30:0x00000001 x30:0x00000001
       87565000	      8657	8000b8c8	17291897	auipc	x17,0x17291	 x17=0x9729c8c8
       87575000	      8658	8000b8cc	0001	c.addi	x0,0	  x0:0x00000000  x0=0x00000000
       87585000	      8659	8000b8ce	66bd	c.lui	x13,0xf	 x13=0x0000f000
       87595000	      8660	8000b8d0	41f4d193	srai	x3,x9,0x1f	  x9:0xfffffadf  x3=0xffffffff
       87635000	      8664	8000b8d4	02f7b6b3	mulhu	x13,x15,x15	 x15:0x00000000 x15:0x00000000 x13=0x00000000
       87645000	      8665	8000b8d8	02d11463	bne	x2,x13,8000b900	  x2:0x083f4d77 x13:0x00000000
       87665000	      8667	8000b900	8c19	c.sub	x8,x14	  x8:0x083f5127 x14:0x00000000  x8=0x083f5127
       87675000	      8668	8000b902	411486b3	sub	x13,x9,x17	  x9:0xfffffadf x17:0x9729c8c8 x13=0x68d63217
       87685000	      8669	8000b906	390e1c17	auipc	x24,0x390e1	 x24=0xb90ec906
       87695000	      8670	8000b90a	34026c73	csrrsi	x24,mscratch,4	 x24=0x83f4d772
       87705000	      8671	8000b90e	00721563	bne	x4,x7,8000b918	  x4:0x83f4d772  x7:0x00000077
       87725000	      8673	8000b918	8e45	c.or	x12,x9	 x12:0x00000000  x9:0xfffffadf x12=0xfffffadf
       87735000	      8674	8000b91a	053ff563	bgeu	x31,x19,8000b964	 x31:0x0000000b x19:0x80021df8
       87745000	      8675	8000b91e	9ad6dab7	lui	x21,0x9ad6d	 x21=0x9ad6d000
       87755000	      8676	8000b922	1b6f3293	sltiu	x5,x30,438	 x30:0x00000001  x5=0x00000001
       87765000	      8677	8000b926	0000100f	fence.i	
       87795000	      8680	8000b92a	011867b3	or	x15,x16,x17	 x16:0x00000001 x17:0x9729c8c8 x15=0x9729c8c9
       87805000	      8681	8000b92e	8d01	c.sub	x10,x8	 x10:0x00000000  x8:0x083f5127 x10=0xf7c0aed9
       87815000	      8682	8000b930	40060b33	sub	x22,x12,x0	 x12:0xfffffadf  x0:0x00000000 x22=0xfffffadf
       87825000	      8683	8000b934	ef11	c.bnez	x14,8000b950	 x14:0x00000000
       87835000	      8684	8000b936	0073a5b3	slt	x11,x7,x7	  x7:0x00000077  x7:0x00000077 x11=0x00000000
       87845000	      8685	8000b93a	8e4d	c.or	x12,x11	 x12:0xfffffadf x11:0x00000000 x12=0xfffffadf
       87855000	      8686	8000b93c	00ac27b3	slt	x15,x24,x10	 x24:0x83f4d772 x10:0xf7c0aed9 x15=0x00000001
       87865000	      8687	8000b940	340927f3	csrrs	x15,mscratch,x18	 x18:0x0000001c x15=0x83f4d776
       88235000	      8724	8000b944	022a6533	rem	x10,x20,x2	 x20:0x00000001  x2:0x083f4d77 x10=0x00000001
       88245000	      8725	8000b948	310db913	sltiu	x18,x27,784	 x27:0x0000000a x18=0x00000001
       88255000	      8726	8000b94c	0151de63	bge	x3,x21,8000b968	  x3:0xffffffff x21:0x9ad6d000
       88275000	      8728	8000b968	03f67c63	bgeu	x12,x31,8000b9a0	 x12:0xfffffadf x31:0x0000000b
       88295000	      8730	8000b9a0	8f75	c.and	x14,x13	 x14:0x00000000 x13:0x68d63217 x14=0x00000000
       88305000	      8731	8000b9a2	6a35	c.lui	x20,0xd	 x20=0x0000d000
       88315000	      8732	8000b9a4	0156e263	bltu	x13,x21,8000b9a8	 x13:0x68d63217 x21:0x9ad6d000
       88335000	      8734	8000b9a8	0079d033	srl	x0,x19,x7	 x19:0x80021df8  x7:0x00000077  x0=0x00000000
       88375000	      8738	8000b9ac	03423c33	mulhu	x24,x4,x20	  x4:0x83f4d772 x20:0x0000d000 x24=0x00006b36
       88385000	      8739	8000b9b0	8f2d	c.xor	x14,x11	 x14:0x00000000 x11:0x00000000 x14=0x00000000
       88395000	      8740	8000b9b2	340ca573	csrrs	x10,mscratch,x25	 x25:0x80025ce4 x10=0x83f4d77e
       88405000	      8741	8000b9b6	2d93fa13	andi	x20,x7,729	  x7:0x00000077 x20=0x00000051
       88415000	      8742	8000b9ba	41178233	sub	x4,x15,x17	 x15:0x83f4d776 x17:0x9729c8c8  x4=0xeccb0eae
       88425000	      8743	8000b9be	0100b133	sltu	x2,x1,x16	  x1:0x83f4d772 x16:0x00000001  x2=0x00000000
       88435000	      8744	8000b9c2	05fac163	blt	x21,x31,8000ba04	 x21:0x9ad6d000 x31:0x0000000b
       88455000	      8746	8000ba04	02df7d63	bgeu	x30,x13,8000ba3e	 x30:0x00000001 x13:0x68d63217
       88465000	      8747	8000ba08	0000100f	fence.i	
       88485000	      8749	8000ba0c	0c21	c.addi	x24,8	 x24:0x00006b36 x24=0x00006b3e
       88495000	      8750	8000ba0e	0f08	c.addi4spn	x10,x2,912	 x10=0x00000390
       88505000	      8751	8000ba10	0143f133	and	x2,x7,x20	  x7:0x00000077 x20:0x00000051  x2=0x00000051
       88515000	      8752	8000ba14	6151	c.addi16sp	x2,272	  x2:0x00000051  x2=0x00000161
       88525000	      8753	8000ba16	036b5e63	bge	x22,x22,8000ba52	 x22:0xfffffadf x22:0xfffffadf
       88545000	      8755	8000ba52	071a	c.slli	x14,0x6	 x14:0x00000000 x14=0x00000000
       88555000	      8756	8000ba54	547d	c.li	x8,-1	  x8=0xffffffff
       88565000	      8757	8000ba56	00638563	beq	x7,x6,8000ba60	  x7:0x00000077  x6:0x00000651
       88575000	      8758	8000ba5a	50fd	c.li	x1,-1	  x1=0xffffffff
       88585000	      8759	8000ba5c	3060c593	xori	x11,x1,774	  x1:0xffffffff x11=0xfffffcf9
       88595000	      8760	8000ba60	34006473	csrrsi	x8,mscratch,0	  x8=0x83f6dffe
       88605000	      8761	8000ba64	37997893	andi	x17,x18,889	 x18:0x00000001 x17=0x00000001
       88615000	      8762	8000ba68	8cb5	c.xor	x9,x13	  x9:0xfffffadf x13:0x68d63217  x9=0x9729c8c8
       88985000	      8799	8000ba6a	0350ee33	rem	x28,x1,x21	  x1:0xffffffff x21:0x9ad6d000 x28=0xffffffff
       88995000	      8800	8000ba6e	34031473	csrrw	x8,mscratch,x6	  x6:0x00000651  x8=0x83f6dffe
       89005000	      8801	8000ba72	340ea473	csrrs	x8,mscratch,x29	 x29:0x80025c20  x8=0x00000651
       89015000	      8802	8000ba76	81bd	c.srli	x11,0xf	 x11:0xfffffcf9 x11=0x0001ffff
       89025000	      8803	8000ba78	8e31	c.xor	x12,x12	 x12:0xfffffadf x12:0xfffffadf x12=0x00000000
       89055000	      8806	8000ba7a	031b0233	mul	x4,x22,x17	 x22:0xfffffadf x17:0x00000001  x4=0xfffffadf
       89065000	      8807	8000ba7e	0000100f	fence.i	
       89095000	      8810	8000ba82	01a89c63	bne	x17,x26,8000ba9a	 x17:0x00000001 x26:0x00000000
       89125000	      8813	8000ba9a	018127b3	slt	x15,x2,x24	  x2:0x00000161 x24:0x00006b3e x15=0x00000001
       89135000	      8814	8000ba9e	414f0d33	sub	x26,x30,x20	 x30:0x00000001 x20:0x00000051 x26=0xffffffb0
       89145000	      8815	8000baa2	8c59	c.or	x8,x14	  x8:0x00000651 x14:0x00000000  x8=0x00000651
       89185000	      8819	8000baa4	031527b3	mulhsu	x15,x10,x17	 x10:0x00000390 x17:0x00000001 x15=0x00000000
       89195000	      8820	8000baa8	46ec6593	ori	x11,x24,1134	 x24:0x00006b3e x11=0x00006f7e
       89215000	      8822	8000baac	02cc57b3	divu	x15,x24,x12	 x24:0x00006b3e x12:0x00000000 x15=0xffffffff
       89225000	      8823	8000bab0	03a0ee63	bltu	x1,x26,8000baec	  x1:0xffffffff x26:0xffffffb0
       89235000	      8824	8000bab4	018cf863	bgeu	x25,x24,8000bac4	 x25:0x80025ce4 x24:0x00006b3e
       89615000	      8862	8000bac4	035dec33	rem	x24,x27,x21	 x27:0x0000000a x21:0x9ad6d000 x24=0x0000000a
       89985000	      8899	8000bac8	02bc43b3	div	x7,x24,x11	 x24:0x0000000a x11:0x00006f7e  x7=0x00000000
       89995000	      8900	8000bacc	00cbe133	or	x2,x23,x12	 x23:0x00000001 x12:0x00000000  x2=0x00000001
       90005000	      8901	8000bad0	717d	c.addi16sp	x2,-16	  x2:0x00000001  x2=0xfffffff1
       90015000	      8902	8000bad2	af1ebb93	sltiu	x23,x29,-1295	 x29:0x80025c20 x23=0x00000001
       90025000	      8903	8000bad6	000bfeb3	and	x29,x23,x0	 x23:0x00000001  x0:0x00000000 x29=0x00000000
       90035000	      8904	8000bada	00b571b3	and	x3,x10,x11	 x10:0x00000390 x11:0x00006f7e  x3=0x00000310
       90045000	      8905	8000bade	8ce9	c.and	x9,x10	  x9:0x9729c8c8 x10:0x00000390  x9=0x00000080
       90055000	      8906	8000bae0	01011863	bne	x2,x16,8000baf0	  x2:0xfffffff1 x16:0x00000001
       90075000	      8908	8000baf0	5e7d	c.li	x28,-1	 x28=0xffffffff
       90085000	      8909	8000baf2	0001	c.addi	x0,0	  x0:0x00000000  x0=0x00000000
       90455000	      8946	8000baf4	0222f3b3	remu	x7,x5,x2	  x5:0x00000001  x2:0xfffffff1  x7=0x00000001
       90465000	      8947	8000baf8	01449a13	slli	x20,x9,0x14	  x9:0x00000080 x20=0x08000000
       90485000	      8949	8000bafc	02c9c8b3	div	x17,x19,x12	 x19:0x80021df8 x12:0x00000000 x17=0xffffffff
       90495000	      8950	8000bb00	8929	c.andi	x10,10	 x10:0x00000390 x10=0x00000000
       90505000	      8951	8000bb02	00f19113	slli	x2,x3,0xf	  x3:0x00000310  x2=0x01880000
       90515000	      8952	8000bb06	02019063	bne	x3,x0,8000bb26	  x3:0x00000310  x0:0x00000000
       90905000	      8991	8000bb26	02834133	div	x2,x6,x8	  x6:0x00000651  x8:0x00000651  x2=0x00000001
       90915000	      8992	8000bb2a	8dc9	c.or	x11,x10	 x11:0x00006f7e x10:0x00000000 x11=0x00006f7e
       90925000	      8993	8000bb2c	8c49	c.or	x8,x10	  x8:0x00000651 x10:0x00000000  x8=0x00000651
       90935000	      8994	8000bb2e	0049a603	lw	x12,4(x19)	 x19:0x80021df8 x12=0x8000391e PA:0x80021dfc load:0x8000391e
       90945000	      8995	8000bb32	09f1	c.addi	x19,28	 x19:0x80021df8 x19=0x80021e14
       90955000	      8996	8000bb34	0386	c.slli	x7,0x1	  x7:0x00000001  x7=0x00000002
       90965000	      8997	8000bb36	00160513	addi	x10,x12,1	 x12:0x8000391e x10=0x8000391f
       90975000	      8998	8000bb3a	8502	c.jr	x10	 x10:0x8000391f
       91005000	      9001	8000391e	3403d973	csrrwi	x18,mscratch,7	 x18=0x80025e71
       91015000	      9002	80003922	340aec73	csrrsi	x24,mscratch,21	 x24=0x00000007
       91025000	      9003	80003926	004f5313	srli	x6,x30,0x4	 x30:0x00000001  x6=0x00000000
       91035000	      9004	8000392a	ea81	c.bnez	x13,8000393a	 x13:0x68d63217
       91055000	      9006	8000393a	0001	c.addi	x0,0	  x0:0x00000000  x0=0x00000000
       91065000	      9007	8000393c	83e1	c.srli	x15,0x18	 x15:0xffffffff x15=0x000000ff
       91105000	      9011	8000393e	02213433	mulhu	x8,x2,x2	  x2:0x00000001  x2:0x00000001  x8=0x00000000
       91115000	      9012	80003942	6dad	c.lui	x27,0xb	 x27=0x0000b000
       91125000	      9013	80003944	01c17263	bgeu	x2,x28,80003948	  x2:0x00000001 x28:0xffffffff
       91135000	      9014	80003948	34002473	csrrs	x8,mscratch,x0	  x0:0x00000000  x8=0x00000017
       91145000	      9015	8000394c	340567f3	csrrsi	x15,mscratch,10	 x15=0x00000017
       91155000	      9016	80003950	0116d4b3	srl	x9,x13,x17	 x13:0x68d63217 x17:0xffffffff  x9=0x00000000
       91165000	      9017	80003954	408e0eb3	sub	x29,x28,x8	 x28:0xffffffff  x8:0x00000017 x29=0xffffffe8
       91175000	      9018	80003958	8ec1	c.or	x13,x8	 x13:0x68d63217  x8:0x00000017 x13=0x68d63217
       91185000	      9019	8000395a	4855	c.li	x16,21	 x16=0x00000015
       91195000	      9020	8000395c	8fa1	c.xor	x15,x8	 x15:0x00000017  x8:0x00000017 x15=0x00000000
       91205000	      9021	8000395e	340076f3	csrrci	x13,mscratch,0	 x13=0x0000001f
       91215000	      9022	80003962	00d19893	slli	x17,x3,0xd	  x3:0x00000310 x17=0x00620000
       91225000	      9023	80003966	0049a603	lw	x12,4(x19)	 x19:0x80021e14 x12=0x80003860 PA:0x80021e18 load:0x80003860
       91235000	      9024	8000396a	34049373	csrrw	x6,mscratch,x9	  x9:0x00000000  x6=0x0000001f
       91245000	      9025	8000396e	987d	c.andi	x8,-1	  x8:0x00000017  x8=0x00000017
       91255000	      9026	80003970	02498993	addi	x19,x19,36	 x19:0x80021e14 x19=0x80021e38
       91625000	      9063	80003974	03f45433	divu	x8,x8,x31	  x8:0x00000017 x31:0x0000000b  x8=0x00000002
       91635000	      9064	80003978	00060213	addi	x4,x12,0	 x12:0x80003860  x4=0x80003860
       91645000	      9065	8000397c	00020267	jalr	x4,0(x4)	  x4:0x80003860  x4=0x80003980
       91665000	      9067	80003860	65eb0813	addi	x16,x22,1630	 x22:0xfffffadf x16=0x0000013d
       91695000	      9070	80003864	026983b3	mul	x7,x19,x6	 x19:0x80021e38  x6:0x0000001f  x7=0x8041a8c8
       91705000	      9071	80003868	748c6593	ori	x11,x24,1864	 x24:0x00000007 x11=0x0000074f
       91715000	      9072	8000386c	0ff0000f	fence	iorw,iorw	
       91725000	      9073	80003870	34007ef3	csrrci	x29,mscratch,0	 x29=0x00000000
       91765000	      9077	80003874	033d1733	mulh	x14,x26,x19	 x26:0xffffffb0 x19:0x80021e38 x14=0x00000027
       91775000	      9078	80003878	881a	c.mv	x16,x6	  x0:0x00000000  x6:0x0000001f x16=0x0000001f
       91785000	      9079	8000387a	83f5	c.srli	x15,0x1d	 x15:0x00000000 x15=0x00000000
       91795000	      9080	8000387c	019f0d63	beq	x30,x25,80003896	 x30:0x00000001 x25:0x80025ce4
       91805000	      9081	80003880	006dcdb3	xor	x27,x27,x6	 x27:0x0000b000  x6:0x0000001f x27=0x0000b01f
       91815000	      9082	80003884	008512b3	sll	x5,x10,x8	 x10:0x8000391f  x8:0x00000002  x5=0x0000e47c
       91825000	      9083	80003888	6269	c.lui	x4,0x1a	  x4=0x0001a000
       91835000	      9084	8000388a	003605b3	add	x11,x12,x3	 x12:0x80003860  x3:0x00000310 x11=0x80003b70
       91845000	      9085	8000388e	8cd5	c.or	x9,x13	  x9:0x00000000 x13:0x0000001f  x9=0x0000001f
       91855000	      9086	80003890	4089	c.li	x1,2	  x1=0x00000002
       91865000	      9087	80003892	0008f763	bgeu	x17,x0,800038a0	 x17:0x00620000  x0:0x00000000
       91905000	      9091	800038a0	02260933	mul	x18,x12,x2	 x12:0x80003860  x2:0x00000001 x18=0x80003860
       91915000	      9092	800038a4	8c05	c.sub	x8,x9	  x8:0x00000002  x9:0x0000001f  x8=0xffffffe3
       91925000	      9093	800038a6	34007173	csrrci	x2,mscratch,0	  x2=0x00000000
       91935000	      9094	800038aa	1a7d	c.addi	x20,-1	 x20:0x08000000 x20=0x07ffffff
       91945000	      9095	800038ac	00fcd293	srli	x5,x25,0xf	 x25:0x80025ce4  x5=0x00010004
       91985000	      9099	800038b0	03731f33	mulh	x30,x6,x23	  x6:0x0000001f x23:0x00000001 x30=0x00000000
       92015000	      9102	800038b4	026d8433	mul	x8,x27,x6	 x27:0x0000b01f  x6:0x0000001f  x8=0x001553c1
       92025000	      9103	800038b8	0031b033	sltu	x0,x3,x3	  x3:0x00000310  x3:0x00000310  x0=0x00000000
       92035000	      9104	800038bc	01d0e463	bltu	x1,x29,800038c4	  x1:0x00000002 x29:0x00000000
       92055000	      9106	800038c0	02006d33	rem	x26,x0,x0	  x0:0x00000000  x0:0x00000000 x26=0x00000000
       92065000	      9107	800038c4	018f4863	blt	x30,x24,800038d4	 x30:0x00000000 x24:0x00000007
       92085000	      9109	800038d4	42a041b7	lui	x3,0x42a04	  x3=0x42a04000
       92095000	      9110	800038d8	00a28133	add	x2,x5,x10	  x5:0x00010004 x10:0x8000391f  x2=0x80013923
       92105000	      9111	800038dc	0049a603	lw	x12,4(x19)	 x19:0x80021e38 x12=0x8000364a PA:0x80021e3c load:0x8000364a
       92115000	      9112	800038e0	02c98993	addi	x19,x19,44	 x19:0x80021e38 x19=0x80021e64
       92125000	      9113	800038e4	0ff0000f	fence	iorw,iorw	
       92135000	      9114	800038e8	8ed1	c.or	x13,x12	 x13:0x0000001f x12:0x8000364a x13=0x8000365f
       92145000	      9115	800038ea	00160893	addi	x17,x12,1	 x12:0x8000364a x17=0x8000364b
       92155000	      9116	800038ee	8882	c.jr	x17	 x17:0x8000364b
       92175000	      9118	8000364a	5c7d	c.li	x24,-1	 x24=0xffffffff
       92185000	      9119	8000364c	02ce1963	bne	x28,x12,8000367e	 x28:0xffffffff x12:0x8000364a
       92245000	      9125	8000367e	038891b3	mulh	x3,x17,x24	 x17:0x8000364b x24:0xffffffff  x3=0x00000000
       92615000	      9162	80003682	021b4433	div	x8,x22,x1	 x22:0xfffffadf  x1:0x00000002  x8=0xfffffd70
       92625000	      9163	80003686	41075513	srai	x10,x14,0x10	 x14:0x00000027 x10=0x00000000
       92665000	      9167	8000368a	03e312b3	mulh	x5,x6,x30	  x6:0x0000001f x30:0x00000000  x5=0x00000000
       92675000	      9168	8000368e	00171b13	slli	x22,x14,0x1	 x14:0x00000027 x22=0x0000004e
       92705000	      9171	80003692	03460433	mul	x8,x12,x20	 x12:0x8000364a x20:0x07ffffff  x8=0xcfffc9b6
       92715000	      9172	80003696	8e79	c.and	x12,x14	 x12:0x8000364a x14:0x00000027 x12=0x00000002
       92725000	      9173	80003698	00f900b3	add	x1,x18,x15	 x18:0x80003860 x15:0x00000000  x1=0x80003860
       92735000	      9174	8000369c	3405eb73	csrrsi	x22,mscratch,11	 x22=0x00000000
       92745000	      9175	800036a0	01bee263	bltu	x29,x27,800036a4	 x29:0x00000000 x27:0x0000b01f
       92765000	      9177	800036a4	00658f33	add	x30,x11,x6	 x11:0x80003b70  x6:0x0000001f x30=0x80003b8f
       92775000	      9178	800036a8	ffffdf97	auipc	x31,0xffffd	 x31=0x800006a8
       92785000	      9179	800036ac	cccf8f93	addi	x31,x31,-820	 x31:0x800006a8 x31=0x80000374
       92795000	      9180	800036b0	000f8067	jalr	x0,0(x31)	 x31:0x80000374  x0=0x00000000
       92815000	      9182	80000374	900007b7	lui	x15,0x90000	 x15=0x90000000
       92825000	      9183	80000378	17e1	c.addi	x15,-8	 x15:0x90000000 x15=0x8ffffff8
       92835000	      9184	8000037a	4e81	c.li	x29,0	 x29=0x00000000
       92845000	      9185	8000037c	0ea2	c.slli	x29,0x8	 x29:0x00000000 x29=0x00000000
       92855000	      9186	8000037e	0e85	c.addi	x29,1	 x29:0x00000000 x29=0x00000001
       92865000	      9187	80000380	01d7a023	sw	x29,0(x15)	 x15:0x8ffffff8 x29:0x00000001 PA:0x8ffffff8 store:0x00000001 load:0x00000000
       92875000	      9188	80000384	00000073	ecall	
       92905000	      9191	80002700	0800006f	jal	x0,80002780	  x0=0x00000000
       92925000	      9193	80002780	1cf1	c.addi	x25,-4	 x25:0x80025ce4 x25=0x80025ce0
       92935000	      9194	80002782	013ca023	sw	x19,0(x25)	 x25:0x80025ce0 x19:0x80021e64 PA:0x80025ce0 store:0x80021e64 load:0x00000000
