Time	Cycle	PC	Insn	Decoded instruction	Register and memory contents
        2202000	         8	80000080	40001eb7	lui	x29,0x40001	 x29=0x40001000
        2362000	        16	80000084	106e8e93	addi	x29,x29,262	 x29:0x40001000 x29=0x40001106
        2642000	        30	80000088	301e9073	csrrw	x0,misa,x29	 x29:0x40001106  x0=0x00000000
        2702000	        33	8000008c	00026c97	auipc	x25,0x26	 x25=0x8002608c
        2862000	        41	80000090	c58c8c93	addi	x25,x25,-936	 x25:0x8002608c x25=0x80025ce4
        2882000	        42	80000094	00002e97	auipc	x29,0x2	 x29=0x80002094
        2902000	        43	80000098	66ce8e93	addi	x29,x29,1644	 x29:0x80002094 x29=0x80002700
        3142000	        55	8000009c	001eee93	ori	x29,x29,1	 x29:0x80002700 x29=0x80002701
        3402000	        68	800000a0	305e9073	csrrw	x0,mtvec,x29	 x29:0x80002701  x0=0x00000000
        3462000	        71	800000a4	74725073	csrrwi	x0,0x747,4	  x0=0x00000000
        3522000	        74	800000a8	00003f97	auipc	x31,0x3	 x31=0x800030a8
        3542000	        75	800000ac	444f8f93	addi	x31,x31,1092	 x31:0x800030a8 x31=0x800034ec
        3562000	        76	800000b0	4e81	c.li	x29,0	 x29=0x00000000
        3582000	        77	800000b2	9ff6	c.add	x31,x29	 x31:0x800034ec x29:0x00000000 x31=0x800034ec
        3862000	        91	800000b4	002fdf93	srli	x31,x31,0x2	 x31:0x800034ec x31=0x20000d3b
        3882000	        92	800000b8	3b0f9073	csrrw	x0,pmpaddr0,x31	 x31:0x20000d3b  x0=0x00000000
        4302000	       113	800000bc	00003f97	auipc	x31,0x3	 x31=0x800030bc
        4362000	       116	800000c0	430f8f93	addi	x31,x31,1072	 x31:0x800030bc x31=0x800034ec
        4382000	       117	800000c4	11111eb7	lui	x29,0x11111	 x29=0x11111000
        4462000	       121	800000c8	111e8e93	addi	x29,x29,273	 x29:0x11111000 x29=0x11111111
        4742000	       135	800000cc	9ff6	c.add	x31,x29	 x31:0x800034ec x29:0x11111111 x31=0x911145fd
        4762000	       136	800000ce	002fdf93	srli	x31,x31,0x2	 x31:0x911145fd x31=0x2444517f
        4922000	       144	800000d2	3b1f9073	csrrw	x0,pmpaddr1,x31	 x31:0x2444517f  x0=0x00000000
        4982000	       147	800000d6	00003f97	auipc	x31,0x3	 x31=0x800030d6
        5002000	       148	800000da	416f8f93	addi	x31,x31,1046	 x31:0x800030d6 x31=0x800034ec
        5022000	       149	800000de	22222eb7	lui	x29,0x22222	 x29=0x22222000
        5082000	       152	800000e2	222e8e93	addi	x29,x29,546	 x29:0x22222000 x29=0x22222222
        5102000	       153	800000e6	9ff6	c.add	x31,x29	 x31:0x800034ec x29:0x22222222 x31=0xa222570e
        5242000	       160	800000e8	002fdf93	srli	x31,x31,0x2	 x31:0xa222570e x31=0x288895c3
        5262000	       161	800000ec	3b2f9073	csrrw	x0,pmpaddr2,x31	 x31:0x288895c3  x0=0x00000000
        5322000	       164	800000f0	00003f97	auipc	x31,0x3	 x31=0x800030f0
        5342000	       165	800000f4	3fcf8f93	addi	x31,x31,1020	 x31:0x800030f0 x31=0x800034ec
        5362000	       166	800000f8	33333eb7	lui	x29,0x33333	 x29=0x33333000
        5502000	       173	800000fc	333e8e93	addi	x29,x29,819	 x29:0x33333000 x29=0x33333333
        5542000	       175	80000100	9ff6	c.add	x31,x29	 x31:0x800034ec x29:0x33333333 x31=0xb333681f
        5562000	       176	80000102	002fdf93	srli	x31,x31,0x2	 x31:0xb333681f x31=0x2cccda07
        5582000	       177	80000106	3b3f9073	csrrw	x0,pmpaddr3,x31	 x31:0x2cccda07  x0=0x00000000
        5642000	       180	8000010a	0f0f1fb7	lui	x31,0xf0f1	 x31=0x0f0f1000
        5722000	       184	8000010e	f0ff8f93	addi	x31,x31,-241	 x31:0x0f0f1000 x31=0x0f0f0f0f
        5742000	       185	80000112	3a0f9073	csrrw	x0,pmpcfg0,x31	 x31:0x0f0f0f0f  x0=0x00000000
        6162000	       206	80000116	00003f97	auipc	x31,0x3	 x31=0x80003116
        6202000	       208	8000011a	3d6f8f93	addi	x31,x31,982	 x31:0x80003116 x31=0x800034ec
        6222000	       209	8000011e	44444eb7	lui	x29,0x44444	 x29=0x44444000
        6242000	       210	80000122	444e8e93	addi	x29,x29,1092	 x29:0x44444000 x29=0x44444444
        6262000	       211	80000126	9ff6	c.add	x31,x29	 x31:0x800034ec x29:0x44444444 x31=0xc4447930
        6662000	       231	80000128	002fdf93	srli	x31,x31,0x2	 x31:0xc4447930 x31=0x31111e4c
        6682000	       232	8000012c	3b4f9073	csrrw	x0,pmpaddr4,x31	 x31:0x31111e4c  x0=0x00000000
        7102000	       253	80000130	00003f97	auipc	x31,0x3	 x31=0x80003130
        7122000	       254	80000134	3bcf8f93	addi	x31,x31,956	 x31:0x80003130 x31=0x800034ec
        7242000	       260	80000138	55555eb7	lui	x29,0x55555	 x29=0x55555000
        7402000	       268	8000013c	555e8e93	addi	x29,x29,1365	 x29:0x55555000 x29=0x55555555
        7422000	       269	80000140	9ff6	c.add	x31,x29	 x31:0x800034ec x29:0x55555555 x31=0xd5558a41
        7442000	       270	80000142	002fdf93	srli	x31,x31,0x2	 x31:0xd5558a41 x31=0x35556290
        7462000	       271	80000146	3b5f9073	csrrw	x0,pmpaddr5,x31	 x31:0x35556290  x0=0x00000000
        7742000	       285	8000014a	00003f97	auipc	x31,0x3	 x31=0x8000314a
        7942000	       295	8000014e	3a2f8f93	addi	x31,x31,930	 x31:0x8000314a x31=0x800034ec
        8362000	       316	80000152	66666eb7	lui	x29,0x66666	 x29=0x66666000
        8382000	       317	80000156	666e8e93	addi	x29,x29,1638	 x29:0x66666000 x29=0x66666666
        8402000	       318	8000015a	9ff6	c.add	x31,x29	 x31:0x800034ec x29:0x66666666 x31=0xe6669b52
        8642000	       330	8000015c	002fdf93	srli	x31,x31,0x2	 x31:0xe6669b52 x31=0x3999a6d4
        8922000	       344	80000160	3b6f9073	csrrw	x0,pmpaddr6,x31	 x31:0x3999a6d4  x0=0x00000000
        8982000	       347	80000164	00003f97	auipc	x31,0x3	 x31=0x80003164
        9002000	       348	80000168	388f8f93	addi	x31,x31,904	 x31:0x80003164 x31=0x800034ec
        9022000	       349	8000016c	77777eb7	lui	x29,0x77777	 x29=0x77777000
        9142000	       355	80000170	777e8e93	addi	x29,x29,1911	 x29:0x77777000 x29=0x77777777
        9302000	       363	80000174	9ff6	c.add	x31,x29	 x31:0x800034ec x29:0x77777777 x31=0xf777ac63
        9442000	       370	80000176	002fdf93	srli	x31,x31,0x2	 x31:0xf777ac63 x31=0x3dddeb18
        9562000	       376	8000017a	3b7f9073	csrrw	x0,pmpaddr7,x31	 x31:0x3dddeb18  x0=0x00000000
        9622000	       379	8000017e	0f0f1fb7	lui	x31,0xf0f1	 x31=0x0f0f1000
        9642000	       380	80000182	f0ff8f93	addi	x31,x31,-241	 x31:0x0f0f1000 x31=0x0f0f0f0f
        9962000	       396	80000186	3a1f9073	csrrw	x0,pmpcfg1,x31	 x31:0x0f0f0f0f  x0=0x00000000
       10022000	       399	8000018a	00003f97	auipc	x31,0x3	 x31=0x8000318a
       10042000	       400	8000018e	362f8f93	addi	x31,x31,866	 x31:0x8000318a x31=0x800034ec
       10422000	       419	80000192	88889eb7	lui	x29,0x88889	 x29=0x88889000
       10802000	       438	80000196	888e8e93	addi	x29,x29,-1912	 x29:0x88889000 x29=0x88888888
       10822000	       439	8000019a	9ff6	c.add	x31,x29	 x31:0x800034ec x29:0x88888888 x31=0x0888bd74
       10842000	       440	8000019c	002fdf93	srli	x31,x31,0x2	 x31:0x0888bd74 x31=0x02222f5d
       10862000	       441	800001a0	3b8f9073	csrrw	x0,pmpaddr8,x31	 x31:0x02222f5d  x0=0x00000000
       10922000	       444	800001a4	00003f97	auipc	x31,0x3	 x31=0x800031a4
       10942000	       445	800001a8	348f8f93	addi	x31,x31,840	 x31:0x800031a4 x31=0x800034ec
       10962000	       446	800001ac	9999aeb7	lui	x29,0x9999a	 x29=0x9999a000
       10982000	       447	800001b0	999e8e93	addi	x29,x29,-1639	 x29:0x9999a000 x29=0x99999999
       11062000	       451	800001b4	9ff6	c.add	x31,x29	 x31:0x800034ec x29:0x99999999 x31=0x1999ce85
       11162000	       456	800001b6	002fdf93	srli	x31,x31,0x2	 x31:0x1999ce85 x31=0x066673a1
       11422000	       469	800001ba	3b9f9073	csrrw	x0,pmpaddr9,x31	 x31:0x066673a1  x0=0x00000000
       11482000	       472	800001be	00003f97	auipc	x31,0x3	 x31=0x800031be
       11622000	       479	800001c2	32ef8f93	addi	x31,x31,814	 x31:0x800031be x31=0x800034ec
       11762000	       486	800001c6	aaaabeb7	lui	x29,0xaaaab	 x29=0xaaaab000
       11782000	       487	800001ca	aaae8e93	addi	x29,x29,-1366	 x29:0xaaaab000 x29=0xaaaaaaaa
       11802000	       488	800001ce	9ff6	c.add	x31,x29	 x31:0x800034ec x29:0xaaaaaaaa x31=0x2aaadf96
       11822000	       489	800001d0	002fdf93	srli	x31,x31,0x2	 x31:0x2aaadf96 x31=0x0aaab7e5
       11962000	       496	800001d4	3baf9073	csrrw	x0,pmpaddr10,x31	 x31:0x0aaab7e5  x0=0x00000000
       12262000	       511	800001d8	00003f97	auipc	x31,0x3	 x31=0x800031d8
       12502000	       523	800001dc	314f8f93	addi	x31,x31,788	 x31:0x800031d8 x31=0x800034ec
       12522000	       524	800001e0	bbbbceb7	lui	x29,0xbbbbc	 x29=0xbbbbc000
       12642000	       530	800001e4	bbbe8e93	addi	x29,x29,-1093	 x29:0xbbbbc000 x29=0xbbbbbbbb
       12742000	       535	800001e8	9ff6	c.add	x31,x29	 x31:0x800034ec x29:0xbbbbbbbb x31=0x3bbbf0a7
       12762000	       536	800001ea	002fdf93	srli	x31,x31,0x2	 x31:0x3bbbf0a7 x31=0x0eeefc29
       13042000	       550	800001ee	3bbf9073	csrrw	x0,pmpaddr11,x31	 x31:0x0eeefc29  x0=0x00000000
       13462000	       571	800001f2	0f0f1fb7	lui	x31,0xf0f1	 x31=0x0f0f1000
       13482000	       572	800001f6	f0ff8f93	addi	x31,x31,-241	 x31:0x0f0f1000 x31=0x0f0f0f0f
       13642000	       580	800001fa	3a2f9073	csrrw	x0,pmpcfg2,x31	 x31:0x0f0f0f0f  x0=0x00000000
       13782000	       587	800001fe	00003f97	auipc	x31,0x3	 x31=0x800031fe
       13802000	       588	80000202	2eef8f93	addi	x31,x31,750	 x31:0x800031fe x31=0x800034ec
       13982000	       597	80000206	ccccdeb7	lui	x29,0xccccd	 x29=0xccccd000
       14002000	       598	8000020a	ccce8e93	addi	x29,x29,-820	 x29:0xccccd000 x29=0xcccccccc
       14022000	       599	8000020e	9ff6	c.add	x31,x29	 x31:0x800034ec x29:0xcccccccc x31=0x4ccd01b8
       14042000	       600	80000210	002fdf93	srli	x31,x31,0x2	 x31:0x4ccd01b8 x31=0x1333406e
       14062000	       601	80000214	3bcf9073	csrrw	x0,pmpaddr12,x31	 x31:0x1333406e  x0=0x00000000
       14122000	       604	80000218	00003f97	auipc	x31,0x3	 x31=0x80003218
       14142000	       605	8000021c	2d4f8f93	addi	x31,x31,724	 x31:0x80003218 x31=0x800034ec
       14282000	       612	80000220	ddddeeb7	lui	x29,0xdddde	 x29=0xdddde000
       14362000	       616	80000224	ddde8e93	addi	x29,x29,-547	 x29:0xdddde000 x29=0xdddddddd
       14442000	       620	80000228	9ff6	c.add	x31,x29	 x31:0x800034ec x29:0xdddddddd x31=0x5dde12c9
       14482000	       622	8000022a	002fdf93	srli	x31,x31,0x2	 x31:0x5dde12c9 x31=0x177784b2
       14802000	       638	8000022e	3bdf9073	csrrw	x0,pmpaddr13,x31	 x31:0x177784b2  x0=0x00000000
       15222000	       659	80000232	00003f97	auipc	x31,0x3	 x31=0x80003232
       15242000	       660	80000236	2baf8f93	addi	x31,x31,698	 x31:0x80003232 x31=0x800034ec
       15442000	       670	8000023a	eeeefeb7	lui	x29,0xeeeef	 x29=0xeeeef000
       15482000	       672	8000023e	eeee8e93	addi	x29,x29,-274	 x29:0xeeeef000 x29=0xeeeeeeee
       15502000	       673	80000242	9ff6	c.add	x31,x29	 x31:0x800034ec x29:0xeeeeeeee x31=0x6eef23da
       15522000	       674	80000244	002fdf93	srli	x31,x31,0x2	 x31:0x6eef23da x31=0x1bbbc8f6
       15542000	       675	80000248	3bef9073	csrrw	x0,pmpaddr14,x31	 x31:0x1bbbc8f6  x0=0x00000000
       15602000	       678	8000024c	00003f97	auipc	x31,0x3	 x31=0x8000324c
       15982000	       697	80000250	2a0f8f93	addi	x31,x31,672	 x31:0x8000324c x31=0x800034ec
       16002000	       698	80000254	fff00e93	addi	x29,x0,-1	  x0:0x00000000 x29=0xffffffff
       16022000	       699	80000258	9ff6	c.add	x31,x29	 x31:0x800034ec x29:0xffffffff x31=0x800034eb
       16042000	       700	8000025a	002fdf93	srli	x31,x31,0x2	 x31:0x800034eb x31=0x20000d3a
       16402000	       718	8000025e	3bff9073	csrrw	x0,pmpaddr15,x31	 x31:0x20000d3a  x0=0x00000000
       16462000	       721	80000262	0f0f1fb7	lui	x31,0xf0f1	 x31=0x0f0f1000
       16842000	       740	80000266	f0ff8f93	addi	x31,x31,-241	 x31:0x0f0f1000 x31=0x0f0f0f0f
       17222000	       759	8000026a	3a3f9073	csrrw	x0,pmpcfg3,x31	 x31:0x0f0f0f0f  x0=0x00000000
       17282000	       762	8000026e	00000e97	auipc	x29,0x0	 x29=0x8000026e
       17662000	       781	80000272	058e8e93	addi	x29,x29,88	 x29:0x8000026e x29=0x800002c6
       17682000	       782	80000276	341e9073	csrrw	x0,mepc,x29	 x29:0x800002c6  x0=0x00000000
       17702000	       783	8000027a	7c00d073	csrrwi	x0,0x7c0,1	  x0=0x00000000
       17762000	       786	8000027e	6e89	c.lui	x29,0x2	 x29=0x00002000
       18122000	       804	80000280	800e8e93	addi	x29,x29,-2048	 x29:0x00002000 x29=0x00001800
       18142000	       805	80000284	300e9073	csrrw	x0,mstatus,x29	 x29:0x00001800  x0=0x00000000
       18342000	       815	80000288	4e81	c.li	x29,0	 x29=0x00000000
       18642000	       830	8000028a	304e9073	csrrw	x0,mie,x29	 x29:0x00000000  x0=0x00000000
       18702000	       833	8000028e	900007b7	lui	x15,0x90000	 x15=0x90000000
       18722000	       834	80000292	17f1	c.addi	x15,-4	 x15:0x90000000 x15=0x8ffffffc
       18742000	       835	80000294	30000e93	addi	x29,x0,768	  x0:0x00000000 x29=0x00000300
       18862000	       841	80000298	0ea2	c.slli	x29,0x8	 x29:0x00000300 x29=0x00030000
       18882000	       842	8000029a	0e8d	c.addi	x29,3	 x29:0x00030000 x29=0x00030003
       19482000	       872	8000029c	01d7a023	sw	x29,0(x15)	 x15:0x8ffffffc x29:0x00030003 PA:0x8ffffffc store:0x00030003 load:0xffffffff
       19502000	       873	800002a0	30002ef3	csrrs	x29,mstatus,x0	  x0:0x00000000 x29=0x00001800
       20082000	       902	800002a4	01d7a023	sw	x29,0(x15)	 x15:0x8ffffffc x29:0x00001800 PA:0x8ffffffc store:0x00001800 load:0xffffffff
       20102000	       903	800002a8	900007b7	lui	x15,0x90000	 x15=0x90000000
       20122000	       904	800002ac	17f1	c.addi	x15,-4	 x15:0x90000000 x15=0x8ffffffc
       20142000	       905	800002ae	30400e93	addi	x29,x0,772	  x0:0x00000000 x29=0x00000304
       20162000	       906	800002b2	0ea2	c.slli	x29,0x8	 x29:0x00000304 x29=0x00030400
       20182000	       907	800002b4	0e8d	c.addi	x29,3	 x29:0x00030400 x29=0x00030403
       20342000	       915	800002b6	01d7a023	sw	x29,0(x15)	 x15:0x8ffffffc x29:0x00030403 PA:0x8ffffffc store:0x00030403 load:0xffffffff
       20362000	       916	800002ba	30402ef3	csrrs	x29,mie,x0	  x0:0x00000000 x29=0x00000000
       20862000	       941	800002be	01d7a023	sw	x29,0(x15)	 x15:0x8ffffffc x29:0x00000000 PA:0x8ffffffc store:0x00000000 load:0xffffffff
       20882000	       942	800002c2	30200073	mret	
       21642000	       980	800002c6	00200013	addi	x0,x0,2	  x0:0x00000000  x0=0x00000000
       21662000	       981	800002ca	800000b7	lui	x1,0x80000	  x1=0x80000000
       21682000	       982	800002ce	4121	c.li	x2,8	  x2=0x00000008
       21702000	       983	800002d0	fb2c31b7	lui	x3,0xfb2c3	  x3=0xfb2c3000
       21722000	       984	800002d4	ec418193	addi	x3,x3,-316	  x3:0xfb2c3000  x3=0xfb2c2ec4
       22002000	       998	800002d8	fadcf237	lui	x4,0xfadcf	  x4=0xfadcf000
       22022000	       999	800002dc	87920213	addi	x4,x4,-1927	  x4:0xfadcf000  x4=0xfadce879
       22042000	      1000	800002e0	800002b7	lui	x5,0x80000	  x5=0x80000000
       22222000	      1009	800002e4	433d	c.li	x6,15	  x6=0x0000000f
       22242000	      1010	800002e6	834b03b7	lui	x7,0x834b0	  x7=0x834b0000
       22302000	      1013	800002ea	f3d38393	addi	x7,x7,-195	  x7:0x834b0000  x7=0x834aff3d
       22322000	      1014	800002ee	4401	c.li	x8,0	  x8=0x00000000
       22462000	      1021	800002f0	800004b7	lui	x9,0x80000	  x9=0x80000000
       22482000	      1022	800002f4	fc76e537	lui	x10,0xfc76e	 x10=0xfc76e000
       22562000	      1026	800002f8	4c950513	addi	x10,x10,1225	 x10:0xfc76e000 x10=0xfc76e4c9
       22642000	      1030	800002fc	800005b7	lui	x11,0x80000	 x11=0x80000000
       22762000	      1036	80000300	4601	c.li	x12,0	 x12=0x00000000
       23062000	      1051	80000302	b76a46b7	lui	x13,0xb76a4	 x13=0xb76a4000
       23082000	      1052	80000306	cb868693	addi	x13,x13,-840	 x13:0xb76a4000 x13=0xb76a3cb8
       23102000	      1053	8000030a	4701	c.li	x14,0	 x14=0x00000000
       23302000	      1063	8000030c	f5e2d7b7	lui	x15,0xf5e2d	 x15=0xf5e2d000
       23422000	      1069	80000310	1bd78793	addi	x15,x15,445	 x15:0xf5e2d000 x15=0xf5e2d1bd
       23622000	      1079	80000314	4801	c.li	x16,0	 x16=0x00000000
       23782000	      1087	80000316	f84398b7	lui	x17,0xf8439	 x17=0xf8439000
       23922000	      1094	8000031a	4fe88893	addi	x17,x17,1278	 x17:0xf8439000 x17=0xf84394fe
       24322000	      1114	8000031e	80000937	lui	x18,0x80000	 x18=0x80000000
       24342000	      1115	80000322	4a01	c.li	x20,0	 x20=0x00000000
       24742000	      1135	80000324	fbac3ab7	lui	x21,0xfbac3	 x21=0xfbac3000
       24762000	      1136	80000328	d00a8a93	addi	x21,x21,-768	 x21:0xfbac3000 x21=0xfbac2d00
       24782000	      1137	8000032c	4b01	c.li	x22,0	 x22=0x00000000
       25202000	      1158	8000032e	46a94bb7	lui	x23,0x46a94	 x23=0x46a94000
       25622000	      1179	80000332	8a7b8b93	addi	x23,x23,-1881	 x23:0x46a94000 x23=0x46a938a7
       25882000	      1192	80000336	80000c37	lui	x24,0x80000	 x24=0x80000000
       25902000	      1193	8000033a	f9271d37	lui	x26,0xf9271	 x26=0xf9271000
       25922000	      1194	8000033e	2f8d0d13	addi	x26,x26,760	 x26:0xf9271000 x26=0xf92712f8
       26042000	      1200	80000342	a4a80db7	lui	x27,0xa4a80	 x27=0xa4a80000
       26162000	      1206	80000346	b50d8d93	addi	x27,x27,-1200	 x27:0xa4a80000 x27=0xa4a7fb50
       26182000	      1207	8000034a	80000e37	lui	x28,0x80000	 x28=0x80000000
       26362000	      1216	8000034e	80000eb7	lui	x29,0x80000	 x29=0x80000000
       26382000	      1217	80000352	4f35	c.li	x30,13	 x30=0x0000000d
       26782000	      1237	80000354	4fad	c.li	x31,11	 x31=0x0000000b
       27202000	      1258	80000356	00022997	auipc	x19,0x22	 x19=0x80022356
       27382000	      1267	8000035a	b0e98993	addi	x19,x19,-1266	 x19:0x80022356 x19=0x80021e64
       27502000	      1273	8000035e	900007b7	lui	x15,0x90000	 x15=0x90000000
       27522000	      1274	80000362	17f1	c.addi	x15,-4	 x15:0x90000000 x15=0x8ffffffc
       27682000	      1282	80000364	4e81	c.li	x29,0	 x29=0x00000000
       27702000	      1283	80000366	0ea2	c.slli	x29,0x8	 x29:0x00000000 x29=0x00000000
       27862000	      1291	80000368	000e8e93	addi	x29,x29,0	 x29:0x00000000 x29=0x00000000
       28102000	      1303	8000036c	01d7a023	sw	x29,0(x15)	 x15:0x8ffffffc x29:0x00000000 PA:0x8ffffffc store:0x00000000 load:0xffffffff
       28122000	      1304	80000370	17c0306f	jal	x0,800034ec	  x0=0x00000000
       28862000	      1341	800034ec	778ae013	ori	x0,x21,1912	 x21:0xfbac2d00  x0=0x00000000
       29622000	      1379	800034f0	0393d5b3	divu	x11,x7,x25	  x7:0x834aff3d x25:0x80025ce4 x11=0x00000001
       29642000	      1380	800034f4	577d	c.li	x14,-1	 x14=0xffffffff
       29662000	      1381	800034f6	9e6e	c.add	x28,x27	 x28:0x80000000 x27:0xa4a7fb50 x28=0x24a7fb50
       29682000	      1382	800034f8	8691f713	andi	x14,x3,-1943	  x3:0xfb2c2ec4 x14=0xfb2c2840
       29702000	      1383	800034fc	1201f293	andi	x5,x3,288	  x3:0xfb2c2ec4  x5=0x00000000
       29722000	      1384	80003500	3400db73	csrrwi	x22,mscratch,1	 x22=0x00000000
       29742000	      1385	80003504	340017f3	csrrw	x15,mscratch,x0	  x0:0x00000000 x15=0x00000001
       29762000	      1386	80003508	34006473	csrrsi	x8,mscratch,0	  x8=0x00000000
       30182000	      1407	8000350c	4b4d	c.li	x22,19	 x22=0x00000013
       30202000	      1408	8000350e	0130bb33	sltu	x22,x1,x19	  x1:0x80000000 x19:0x80021e64 x22=0x00000001
       30222000	      1409	80003512	8dfd	c.and	x11,x15	 x11:0x00000001 x15:0x00000001 x11=0x00000001
       30962000	      1446	80003514	03eb5b33	divu	x22,x22,x30	 x22:0x00000001 x30:0x0000000d x22=0x00000000
       30982000	      1447	80003518	688efd13	andi	x26,x29,1672	 x29:0x00000000 x26=0x00000000
       31002000	      1448	8000351c	0001	c.addi	x0,0	  x0:0x00000000  x0=0x00000000
       31022000	      1449	8000351e	0001	c.addi	x0,0	  x0:0x00000000  x0=0x00000000
       31762000	      1486	80003520	0387e4b3	rem	x9,x15,x24	 x15:0x00000001 x24:0x80000000  x9=0x00000001
       31782000	      1487	80003524	01f6e033	or	x0,x13,x31	 x13:0xb76a3cb8 x31:0x0000000b  x0=0x00000000
       31802000	      1488	80003528	0001	c.addi	x0,0	  x0:0x00000000  x0=0x00000000
       31822000	      1489	8000352a	06416463	bltu	x2,x4,80003592	  x2:0x00000008  x4:0xfadce879
       32522000	      1524	80003592	243ebd93	sltiu	x27,x29,579	 x29:0x00000000 x27=0x00000001
       32562000	      1526	80003596	00dd9093	slli	x1,x27,0xd	 x27:0x00000001  x1=0x00002000
       32582000	      1527	8000359a	00d41793	slli	x15,x8,0xd	  x8:0x00000000 x15=0x00000000
       32602000	      1528	8000359e	8f79	c.and	x14,x14	 x14:0xfb2c2840 x14:0xfb2c2840 x14=0xfb2c2840
       32622000	      1529	800035a0	6d11	c.lui	x26,0x4	 x26=0x00004000
       33402000	      1568	800035a2	027cc0b3	div	x1,x25,x7	 x25:0x80025ce4  x7:0x834aff3d  x1=0x00000001
       33422000	      1569	800035a6	8fb9	c.xor	x15,x14	 x15:0x00000000 x14:0xfb2c2840 x15=0xfb2c2840
       33442000	      1570	800035a8	417cde93	srai	x29,x25,0x17	 x25:0x80025ce4 x29=0xffffff00
       33462000	      1571	800035ac	0584	c.addi4spn	x9,x2,704	  x9=0x000002c8
       33482000	      1572	800035ae	9f89f117	auipc	x2,0x9f89f	  x2=0x1f8a25ae
       33502000	      1573	800035b2	23aa4513	xori	x10,x20,570	 x20:0x00000000 x10=0x0000023a
       33542000	      1575	800035b6	7417bc13	sltiu	x24,x15,1857	 x15:0xfb2c2840 x24=0x00000000
       33562000	      1576	800035ba	0001	c.addi	x0,0	  x0:0x00000000  x0=0x00000000
       33722000	      1584	800035bc	02574763	blt	x14,x5,800035ea	 x14:0xfb2c2840  x5:0x00000000
       34982000	      1647	800035ea	03863db3	mulhu	x27,x12,x24	 x12:0x00000000 x24:0x00000000 x27=0x00000000
       35242000	      1660	800035ee	3402fa73	csrrci	x20,mscratch,5	 x20=0x00000000
       35562000	      1676	800035f2	015e55b3	srl	x11,x28,x21	 x28:0x24a7fb50 x21:0xfbac2d00 x11=0x24a7fb50
       36302000	      1713	800035f6	0327e2b3	rem	x5,x15,x18	 x15:0xfb2c2840 x18:0x80000000  x5=0xfb2c2840
       36322000	      1714	800035fa	014a	c.slli	x2,0x12	  x2:0x1f8a25ae  x2=0x96b80000
       36342000	      1715	800035fc	8d6d	c.and	x10,x11	 x10:0x0000023a x11:0x24a7fb50 x10=0x00000210
       36362000	      1716	800035fe	0001	c.addi	x0,0	  x0:0x00000000  x0=0x00000000
       36382000	      1717	80003600	01c9ac33	slt	x24,x19,x28	 x19:0x80021e64 x28:0x24a7fb50 x24=0x00000001
       36402000	      1718	80003604	8585	c.srai	x11,0x1	 x11:0x24a7fb50 x11=0x1253fda8
       36422000	      1719	80003606	8df1	c.and	x11,x12	 x11:0x1253fda8 x12:0x00000000 x11=0x00000000
       36442000	      1720	80003608	015810b3	sll	x1,x16,x21	 x16:0x00000000 x21:0xfbac2d00  x1=0x00000000
       36462000	      1721	8000360c	9b7d	c.andi	x14,-1	 x14:0xfb2c2840 x14=0xfb2c2840
       36862000	      1741	8000360e	00fb4c63	blt	x22,x15,80003626	 x22:0x00000000 x15:0xfb2c2840
       36882000	      1742	80003612	417a52b3	sra	x5,x20,x23	 x20:0x00000000 x23:0x46a938a7  x5=0x00000000
       37302000	      1763	80003616	017dcd33	xor	x26,x27,x23	 x27:0x00000000 x23:0x46a938a7 x26=0x46a938a7
       37322000	      1764	8000361a	04264f63	blt	x12,x2,80003678	 x12:0x00000000  x2:0x96b80000
       37342000	      1765	8000361e	0057deb3	srl	x29,x15,x5	 x15:0xfb2c2840  x5:0x00000000 x29=0xfb2c2840
       37362000	      1766	80003622	02940763	beq	x8,x9,80003650	  x8:0x00000000  x9:0x000002c8
       37422000	      1769	80003626	3401a473	csrrs	x8,mscratch,x3	  x3:0xfb2c2ec4  x8=0x00000000
       37442000	      1770	8000362a	40ff8833	sub	x16,x31,x15	 x31:0x0000000b x15:0xfb2c2840 x16=0x04d3d7cb
       37462000	      1771	8000362e	8da5	c.xor	x11,x9	 x11:0x00000000  x9:0x000002c8 x11=0x000002c8
       37482000	      1772	80003630	871a	c.mv	x14,x6	  x0:0x00000000  x6:0x0000000f x14=0x0000000f
       37502000	      1773	80003632	87f6	c.mv	x15,x29	  x0:0x00000000 x29:0xfb2c2840 x15=0xfb2c2840
       37882000	      1792	80003634	00000d97	auipc	x27,0x0	 x27=0x80003634
       37902000	      1793	80003638	1c8d8d93	addi	x27,x27,456	 x27:0x80003634 x27=0x800037fc
       37922000	      1794	8000363c	0ded	c.addi	x27,27	 x27:0x800037fc x27=0x80003817
       37962000	      1796	8000363e	03407c33	remu	x24,x0,x20	  x0:0x00000000 x20:0x00000000 x24=0x00000000
       37982000	      1797	80003642	1f14	c.addi4spn	x13,x2,944	 x13=0x96b803b0
       38062000	      1801	80003644	1c9c	c.addi4spn	x15,x2,624	 x15=0x96b80270
       38082000	      1802	80003646	fe5d8667	jalr	x12,-27(x27)	 x27:0x80003817 x12=0x8000364a
       38762000	      1836	800037fc	26190193	addi	x3,x18,609	 x18:0x80000000  x3=0x80000261
       47822000	      2289	80003800	00b6d563	bge	x13,x11,8000380a	 x13:0x96b803b0 x11:0x000002c8
       47842000	      2290	80003804	34007a73	csrrci	x20,mscratch,0	 x20=0xfb2c2ec4
       47862000	      2291	80003808	8d15	c.sub	x10,x13	 x10:0x00000210 x13:0x96b803b0 x10=0x6947fe60
       47882000	      2292	8000380a	fd498993	addi	x19,x19,-44	 x19:0x80021e64 x19=0x80021e38
       47902000	      2293	8000380e	56fd	c.li	x13,-1	 x13=0xffffffff
       48622000	      2329	80003810	00c9a223	sw	x12,4(x19)	 x19:0x80021e38 x12:0x8000364a PA:0x80021e3c store:0x8000364a load:0xffffffff
       48702000	      2333	80003814	e3146013	ori	x0,x8,-463	  x8:0x00000000  x0=0x00000000
       48722000	      2334	80003818	0102f433	and	x8,x5,x16	  x5:0x00000000 x16:0x04d3d7cb  x8=0x00000000
       48742000	      2335	8000381c	3409df73	csrrwi	x30,mscratch,19	 x30=0xfb2c2ec4
       48842000	      2340	80003820	02af0f33	mul	x30,x30,x10	 x30:0xfb2c2ec4 x10:0x6947fe60 x30=0x63540180
       48862000	      2341	80003824	01db9d63	bne	x23,x29,8000383e	 x23:0x46a938a7 x29:0xfb2c2840
       49822000	      2389	8000383e	0b20066f	jal	x12,800038f0	 x12=0x80003842
       50942000	      2445	800038f0	0083e463	bltu	x7,x8,800038f8	  x7:0x834aff3d  x8:0x00000000
       50962000	      2446	800038f4	72b46213	ori	x4,x8,1835	  x8:0x00000000  x4=0x0000072b
       51342000	      2465	800038f8	fdc98993	addi	x19,x19,-36	 x19:0x80021e38 x19=0x80021e14
       51522000	      2474	800038fc	00c9a223	sw	x12,4(x19)	 x19:0x80021e14 x12:0x80003842 PA:0x80021e18 store:0x80003842 load:0xffffffff
       51682000	      2482	80003900	0222	c.slli	x4,0x8	  x4:0x0000072b  x4=0x00072b00
       52422000	      2519	80003902	03f8fab3	remu	x21,x17,x31	 x17:0xf84394fe x31:0x0000000b x21=0x00000000
       52442000	      2520	80003906	fe554c13	xori	x24,x10,-27	 x10:0x6947fe60 x24=0x96b80185
       52462000	      2521	8000390a	01815863	bge	x2,x24,8000391a	  x2:0x96b80000 x24:0x96b80185
       52482000	      2522	8000390e	8739	c.srai	x14,0xe	 x14:0x0000000f x14=0x00000000
       52502000	      2523	80003910	0416	c.slli	x8,0x5	  x8:0x00000000  x8=0x00000000
       52522000	      2524	80003912	3402d3f3	csrrwi	x7,mscratch,5	  x7=0x00000013
       52542000	      2525	80003916	00369793	slli	x15,x13,0x3	 x13:0xffffffff x15=0xfffffff8
       52562000	      2526	8000391a	1de0666f	jal	x12,80009af8	 x12=0x8000391e
       53582000	      2577	80009af8	340072f3	csrrci	x5,mscratch,0	  x5=0x00000005
       53862000	      2591	80009afc	9644ae37	lui	x28,0x9644a	 x28=0x9644a000
       53902000	      2593	80009b00	14282193	slti	x3,x16,322	 x16:0x04d3d7cb  x3=0x00000000
       54322000	      2614	80009b04	1991	c.addi	x19,-28	 x19:0x80021e14 x19=0x80021df8
       54562000	      2626	80009b06	038b3f33	mulhu	x30,x22,x24	 x22:0x00000000 x24:0x96b80185 x30=0x00000000
       54582000	      2627	80009b0a	6829	c.lui	x16,0xa	 x16=0x0000a000
       55002000	      2648	80009b0c	00c9a223	sw	x12,4(x19)	 x19:0x80021df8 x12:0x8000391e PA:0x80021dfc store:0x8000391e load:0xffffffff
       55022000	      2649	80009b10	0001	c.addi	x0,0	  x0:0x00000000  x0=0x00000000
       55142000	      2655	80009b12	0166d493	srli	x9,x13,0x16	 x13:0xffffffff  x9=0x000003ff
       55162000	      2656	80009b16	0001	c.addi	x0,0	  x0:0x00000000  x0=0x00000000
       55182000	      2657	80009b18	02a48733	mul	x14,x9,x10	  x9:0x000003ff x10:0x6947fe60 x14=0xb6b181a0
       55202000	      2658	80009b1c	e799	c.bnez	x15,80009b2a	 x15:0xfffffff8
       55742000	      2685	80009b2a	0001	c.addi	x0,0	  x0:0x00000000  x0=0x00000000
       55762000	      2686	80009b2c	0596d263	bge	x13,x25,80009b70	 x13:0xffffffff x25:0x80025ce4
       56722000	      2734	80009b70	b6d33813	sltiu	x16,x6,-1171	  x6:0x0000000f x16=0x00000001
       56922000	      2744	80009b74	413a5eb3	sra	x29,x20,x19	 x20:0xfb2c2ec4 x19:0x80021df8 x29=0xfffffffb
       57122000	      2754	80009b78	03fd01b3	mul	x3,x26,x31	 x26:0x46a938a7 x31:0x0000000b  x3=0x09456f2d
       57142000	      2755	80009b7c	01751093	slli	x1,x10,0x17	 x10:0x6947fe60  x1=0x30000000
       57222000	      2759	80009b80	069c	c.addi4spn	x15,x2,832	 x15=0x96b80340
       57402000	      2768	80009b82	8ad80013	addi	x0,x16,-1875	 x16:0x00000001  x0=0x00000000
       57642000	      2780	80009b86	34001f73	csrrw	x30,mscratch,x0	  x0:0x00000000 x30=0x00000005
       58002000	      2798	80009b8a	409d03b3	sub	x7,x26,x9	 x26:0x46a938a7  x9:0x000003ff  x7=0x46a934a8
       58742000	      2835	80009b8e	02a578b3	remu	x17,x10,x10	 x10:0x6947fe60 x10:0x6947fe60 x17=0x00000000
       58762000	      2836	80009b92	987d	c.andi	x8,-1	  x8:0x00000000  x8=0x00000000
       58782000	      2837	80009b94	038a8c63	beq	x21,x24,80009bcc	 x21:0x00000000 x24:0x96b80185
       58802000	      2838	80009b98	01c0b4b3	sltu	x9,x1,x28	  x1:0x30000000 x28:0x9644a000  x9=0x00000001
       58822000	      2839	80009b9c	0169d113	srli	x2,x19,0x16	 x19:0x80021df8  x2=0x00000200
       58842000	      2840	80009ba0	618d	c.lui	x3,0x3	  x3=0x00003000
       59642000	      2880	80009ba2	02a4d2b3	divu	x5,x9,x10	  x9:0x00000001 x10:0x6947fe60  x5=0x00000000
       59662000	      2881	80009ba6	01bffb33	and	x22,x31,x27	 x31:0x0000000b x27:0x80003817 x22=0x00000003
       59682000	      2882	80009baa	8d0d	c.sub	x10,x11	 x10:0x6947fe60 x11:0x000002c8 x10=0x6947fb98
       59702000	      2883	80009bac	01dc91b3	sll	x3,x25,x29	 x25:0x80025ce4 x29:0xfffffffb  x3=0x20000000
       59722000	      2884	80009bb0	8e3e	c.mv	x28,x15	  x0:0x00000000 x15:0x96b80340 x28=0x96b80340
       59742000	      2885	80009bb2	9db6	c.add	x27,x13	 x27:0x80003817 x13:0xffffffff x27=0x80003816
       59762000	      2886	80009bb4	8039	c.srli	x8,0xe	  x8:0x00000000  x8=0x00000000
       59782000	      2887	80009bb6	34006173	csrrsi	x2,mscratch,0	  x2=0x00000000
       59802000	      2888	80009bba	68695637	lui	x12,0x68695	 x12=0x68695000
       59822000	      2889	80009bbe	c611	c.beqz	x12,80009bca	 x12:0x68695000
       60302000	      2913	80009bc0	036a4c63	blt	x20,x22,80009bf8	 x20:0xfb2c2ec4 x22:0x00000003
       61342000	      2965	80009bf8	01fc6133	or	x2,x24,x31	 x24:0x96b80185 x31:0x0000000b  x2=0x96b8018f
       61362000	      2966	80009bfc	9b1e	c.add	x22,x7	 x22:0x00000003  x7:0x46a934a8 x22=0x46a934ab
       61382000	      2967	80009bfe	621dc393	xori	x7,x27,1569	 x27:0x80003816  x7=0x80003e37
       61802000	      2988	80009c02	019ea8b3	slt	x17,x29,x25	 x29:0xfffffffb x25:0x80025ce4 x17=0x00000000
       61822000	      2989	80009c06	34021473	csrrw	x8,mscratch,x4	  x4:0x00072b00  x8=0x00000000
       61942000	      2995	80009c0a	151b7713	andi	x14,x22,337	 x22:0x46a934ab x14=0x00000001
       61962000	      2996	80009c0e	0b0d	c.addi	x22,3	 x22:0x46a934ab x22=0x46a934ae
       62142000	      3005	80009c10	003b6033	or	x0,x22,x3	 x22:0x46a934ae  x3:0x20000000  x0=0x00000000
       62302000	      3013	80009c14	4791	c.li	x15,4	 x15=0x00000004
       62402000	      3018	80009c16	02852233	mulhsu	x4,x10,x8	 x10:0x6947fb98  x8:0x00000000  x4=0x00000000
       63142000	      3055	80009c1a	0390cf33	div	x30,x1,x25	  x1:0x30000000 x25:0x80025ce4 x30=0x00000000
       63162000	      3056	80009c1e	85bebe17	auipc	x28,0x85beb	 x28=0x05bf4c1e
       63182000	      3057	80009c22	9beeab93	slti	x23,x29,-1602	 x29:0xfffffffb x23=0x00000000
       63202000	      3058	80009c26	40a95913	srai	x18,x18,0xa	 x18:0x80000000 x18=0xffe00000
       63222000	      3059	80009c2a	d8acc613	xori	x12,x25,-630	 x25:0x80025ce4 x12=0x7ffda16e
       63242000	      3060	80009c2e	017feb33	or	x22,x31,x23	 x31:0x0000000b x23:0x00000000 x22=0x0000000b
       63262000	      3061	80009c32	0001	c.addi	x0,0	  x0:0x00000000  x0=0x00000000
       63282000	      3062	80009c34	016a25b3	slt	x11,x20,x22	 x20:0xfb2c2ec4 x22:0x0000000b x11=0x00000001
       63342000	      3065	80009c38	41ce5633	sra	x12,x28,x28	 x28:0x05bf4c1e x28:0x05bf4c1e x12=0x00000000
       63362000	      3066	80009c3c	c09d	c.beqz	x9,80009c62	  x9:0x00000001
       63382000	      3067	80009c3e	01e18333	add	x6,x3,x30	  x3:0x20000000 x30:0x00000000  x6=0x20000000
       63422000	      3069	80009c42	b7317193	andi	x3,x2,-1165	  x2:0x96b8018f  x3=0x96b80103
       63702000	      3083	80009c46	412158b3	sra	x17,x2,x18	  x2:0x96b8018f x18:0xffe00000 x17=0x96b8018f
       63762000	      3086	80009c4a	2405b193	sltiu	x3,x11,576	 x11:0x00000001  x3=0x00000001
       64182000	      3107	80009c4e	340bfc73	csrrci	x24,mscratch,23	 x24=0x00072b00
       64202000	      3108	80009c52	853a	c.mv	x10,x14	  x0:0x00000000 x14:0x00000001 x10=0x00000001
       64582000	      3127	80009c54	000474b3	and	x9,x8,x0	  x8:0x00000000  x0:0x00000000  x9=0x00000000
       64622000	      3129	80009c58	8f71	c.and	x14,x12	 x14:0x00000001 x12:0x00000000 x14=0x00000000
       64642000	      3130	80009c5a	01a21493	slli	x9,x4,0x1a	  x4:0x00000000  x9=0x00000000
       64842000	      3140	80009c5e	02414b63	blt	x2,x4,80009c94	  x2:0x96b8018f  x4:0x00000000
       65342000	      3165	80009c94	056b0163	beq	x22,x22,80009cd6	 x22:0x0000000b x22:0x0000000b
       66062000	      3201	80009cd6	0077ddb3	srl	x27,x15,x7	 x15:0x00000004  x7:0x80003e37 x27=0x00000000
       66102000	      3203	80009cda	41c90e33	sub	x28,x18,x28	 x18:0xffe00000 x28:0x05bf4c1e x28=0xfa20b3e2
       66522000	      3224	80009cde	3407f373	csrrci	x6,mscratch,15	  x6=0x00072b00
       67502000	      3273	80009ce2	02f7e533	rem	x10,x15,x15	 x15:0x00000004 x15:0x00000004 x10=0x00000000
       67522000	      3274	80009ce6	17fd	c.addi	x15,-1	 x15:0x00000004 x15=0x00000003
       67542000	      3275	80009ce8	340f9e73	csrrw	x28,mscratch,x31	 x31:0x0000000b x28=0x00072b00
       67562000	      3276	80009cec	9316	c.add	x6,x5	  x6:0x00072b00  x5:0x00000000  x6=0x00072b00
       67582000	      3277	80009cee	40add633	sra	x12,x27,x10	 x27:0x00000000 x10:0x00000000 x12=0x00000000
       67602000	      3278	80009cf2	0ff0000f	fence	iorw,iorw	
       67622000	      3279	80009cf6	e999	c.bnez	x11,80009d0c	 x11:0x00000001
       67882000	      3292	80009d0c	6e87b0b7	lui	x1,0x6e87b	  x1=0x6e87b000
       68442000	      3320	80009d10	006bdf13	srli	x30,x23,0x6	 x23:0x00000000 x30=0x00000000
       68522000	      3324	80009d14	0003df13	srli	x30,x7,0x0	  x7:0x80003e37 x30=0x80003e37
       68622000	      3329	80009d18	64d9	c.lui	x9,0x16	  x9=0x00016000
       68662000	      3331	80009d1a	0120e663	bltu	x1,x18,80009d26	  x1:0x6e87b000 x18:0xffe00000
       69962000	      3396	80009d26	2cd07d93	andi	x27,x0,717	  x0:0x00000000 x27=0x00000000
       69982000	      3397	80009d2a	00de	c.slli	x1,0x17	  x1:0x6e87b000  x1=0x00000000
       70362000	      3416	80009d2c	01b5dab3	srl	x21,x11,x27	 x11:0x00000001 x27:0x00000000 x21=0x00000001
       70442000	      3420	80009d30	00624b33	xor	x22,x4,x6	  x4:0x00000000  x6:0x00072b00 x22=0x00072b00
       70462000	      3421	80009d34	40675533	sra	x10,x14,x6	 x14:0x00000000  x6:0x00072b00 x10=0x00000000
       70722000	      3434	80009d38	02bec963	blt	x29,x11,80009d6a	 x29:0xfffffffb x11:0x00000001
       71382000	      3467	80009d6a	0d36	c.slli	x26,0xd	 x26:0x46a938a7 x26=0x2714e000
       71402000	      3468	80009d6c	00fe5433	srl	x8,x28,x15	 x28:0x00072b00 x15:0x00000003  x8=0x0000e560
       71682000	      3482	80009d70	4219	c.li	x4,6	  x4=0x00000006
       71822000	      3489	80009d72	3402def3	csrrwi	x29,mscratch,5	 x29=0x0000000b
       71842000	      3490	80009d76	07cd	c.addi	x15,19	 x15:0x00000003 x15=0x00000016
       71862000	      3491	80009d78	005837b3	sltu	x15,x16,x5	 x16:0x00000001  x5:0x00000000 x15=0x00000000
       72262000	      3511	80009d7c	0001	c.addi	x0,0	  x0:0x00000000  x0=0x00000000
       72422000	      3519	80009d7e	2a033593	sltiu	x11,x6,672	  x6:0x00072b00 x11=0x00000000
       72442000	      3520	80009d82	01ec5b13	srli	x22,x24,0x1e	 x24:0x00072b00 x22=0x00000000
       72462000	      3521	80009d86	99fbe8b7	lui	x17,0x99fbe	 x17=0x99fbe000
       72582000	      3527	80009d8a	5addfe97	auipc	x29,0x5addf	 x29=0xdade8d8a
       72602000	      3528	80009d8e	8909	c.andi	x10,2	 x10:0x00000000 x10=0x00000000
       72622000	      3529	80009d90	01c78563	beq	x15,x28,80009d9a	 x15:0x00000000 x28:0x00072b00
       73042000	      3550	80009d94	01831293	slli	x5,x6,0x18	  x6:0x00072b00  x5=0x00000000
       73062000	      3551	80009d98	8be5	c.andi	x15,25	 x15:0x00000000 x15=0x00000000
       73082000	      3552	80009d9a	8cb1	c.xor	x9,x12	  x9:0x00016000 x12:0x00000000  x9=0x00016000
       73102000	      3553	80009d9c	01cb7963	bgeu	x22,x28,80009dae	 x22:0x00000000 x28:0x00072b00
       73122000	      3554	80009da0	9dda	c.add	x27,x22	 x27:0x00000000 x22:0x00000000 x27=0x00000000
       73282000	      3562	80009da2	340f2bf3	csrrs	x23,mscratch,x30	 x30:0x80003e37 x23=0x00000005
       73302000	      3563	80009da6	8dbd	c.xor	x11,x15	 x11:0x00000000 x15:0x00000000 x11=0x00000000
       73382000	      3567	80009da8	030a	c.slli	x6,0x2	  x6:0x00072b00  x6=0x001cac00
       73402000	      3568	80009daa	8c46	c.mv	x24,x17	  x0:0x00000000 x17:0x99fbe000 x24=0x99fbe000
       73542000	      3575	80009dac	0001	c.addi	x0,0	  x0:0x00000000  x0=0x00000000
       73802000	      3588	80009dae	40e80eb3	sub	x29,x16,x14	 x16:0x00000001 x14:0x00000000 x29=0x00000001
       74542000	      3625	80009db2	03f8ef33	rem	x30,x17,x31	 x17:0x99fbe000 x31:0x0000000b x30=0xfffffffc
       74562000	      3626	80009db6	a2cb8313	addi	x6,x23,-1492	 x23:0x00000005  x6=0xfffffa31
       74582000	      3627	80009dba	0dc2	c.slli	x27,0x10	 x27:0x00000000 x27=0x00000000
       74602000	      3628	80009dbc	8f9d	c.sub	x15,x15	 x15:0x00000000 x15:0x00000000 x15=0x00000000
       74622000	      3629	80009dbe	8d6d	c.and	x10,x11	 x10:0x00000000 x11:0x00000000 x10=0x00000000
       74642000	      3630	80009dc0	84d5	c.srai	x9,0x15	  x9:0x00016000  x9=0x00000000
       74662000	      3631	80009dc2	00211693	slli	x13,x2,0x2	  x2:0x96b8018f x13=0x5ae0063c
       74682000	      3632	80009dc6	000c5593	srli	x11,x24,0x0	 x24:0x99fbe000 x11=0x99fbe000
       74702000	      3633	80009dca	01734d33	xor	x26,x6,x23	  x6:0xfffffa31 x23:0x00000005 x26=0xfffffa34
       75162000	      3656	80009dce	03356263	bltu	x10,x19,80009df2	 x10:0x00000000 x19:0x80021df8
       75822000	      3689	80009df2	41455033	sra	x0,x10,x20	 x10:0x00000000 x20:0xfb2c2ec4  x0=0x00000000
       75862000	      3691	80009df6	0189d693	srli	x13,x19,0x18	 x19:0x80021df8 x13=0x00000080
       76062000	      3701	80009dfa	40865d33	sra	x26,x12,x8	 x12:0x00000000  x8:0x0000e560 x26=0x00000000
       76802000	      3738	80009dfe	0279f2b3	remu	x5,x19,x7	 x19:0x80021df8  x7:0x80003e37  x5=0x0001dfc1
       76822000	      3739	80009e02	0001	c.addi	x0,0	  x0:0x00000000  x0=0x00000000
       76842000	      3740	80009e04	036065b7	lui	x11,0x3606	 x11=0x03606000
       76862000	      3741	80009e08	018fc733	xor	x14,x31,x24	 x31:0x0000000b x24:0x99fbe000 x14=0x99fbe00b
       76882000	      3742	80009e0c	10fc03b7	lui	x7,0x10fc0	  x7=0x10fc0000
       76902000	      3743	80009e10	41cf3293	sltiu	x5,x30,1052	 x30:0xfffffffc  x5=0x00000000
       76922000	      3744	80009e14	6145	c.addi16sp	x2,48	  x2:0x96b8018f  x2=0x96b801bf
       77242000	      3760	80009e16	002768b3	or	x17,x14,x2	 x14:0x99fbe00b  x2:0x96b801bf x17=0x9ffbe1bf
       77262000	      3761	80009e1a	0001	c.addi	x0,0	  x0:0x00000000  x0=0x00000000
       77382000	      3767	80009e1c	02118eb3	mul	x29,x3,x1	  x3:0x00000001  x1:0x00000000 x29=0x00000000
       77402000	      3768	80009e20	0335cc63	blt	x11,x19,80009e58	 x11:0x03606000 x19:0x80021df8
       78182000	      3807	80009e24	0309f133	remu	x2,x19,x16	 x19:0x80021df8 x16:0x00000001  x2=0x00000000
       78202000	      3808	80009e28	08d73e93	sltiu	x29,x14,141	 x14:0x99fbe00b x29=0x00000000
       78222000	      3809	80009e2c	406bd2b3	sra	x5,x23,x6	 x23:0x00000005  x6:0xfffffa31  x5=0x00000000
       78242000	      3810	80009e30	8609	c.srai	x12,0x2	 x12:0x00000000 x12=0x00000000
       78262000	      3811	80009e32	34007bf3	csrrci	x23,mscratch,0	 x23=0x80003e37
       78282000	      3812	80009e36	00341093	slli	x1,x8,0x3	  x8:0x0000e560  x1=0x00072b00
       78322000	      3814	80009e3a	03612333	mulhsu	x6,x2,x22	  x2:0x00000000 x22:0x00000000  x6=0x00000000
       78422000	      3819	80009e3e	03c28a33	mul	x20,x5,x28	  x5:0x00000000 x28:0x00072b00 x20=0x00000000
       78562000	      3826	80009e42	6ddea913	slti	x18,x29,1757	 x29:0x00000000 x18=0x00000001
       78582000	      3827	80009e46	340e2e73	csrrs	x28,mscratch,x28	 x28:0x00072b00 x28=0x80003e37
       78602000	      3828	80009e4a	0652	c.slli	x12,0x14	 x12:0x00000000 x12=0x00000000
       78802000	      3838	80009e4c	41250f33	sub	x30,x10,x18	 x10:0x00000000 x18:0x00000001 x30=0xffffffff
       79542000	      3875	80009e50	02ed7f33	remu	x30,x26,x14	 x26:0x00000000 x14:0x99fbe00b x30=0x00000000
       79562000	      3876	80009e54	0001	c.addi	x0,0	  x0:0x00000000  x0=0x00000000
       79582000	      3877	80009e56	0001	c.addi	x0,0	  x0:0x00000000  x0=0x00000000
       79622000	      3879	80009e58	030d91b3	mulh	x3,x27,x16	 x27:0x00000000 x16:0x00000001  x3=0x00000000
       80362000	      3916	80009e5c	03985f33	divu	x30,x16,x25	 x16:0x00000001 x25:0x80025ce4 x30=0x00000000
       80382000	      3917	80009e60	01921913	slli	x18,x4,0x19	  x4:0x00000006 x18=0x0c000000
       80402000	      3918	80009e64	8d2d	c.xor	x10,x11	 x10:0x00000000 x11:0x03606000 x10=0x03606000
       80422000	      3919	80009e66	8f385037	lui	x0,0x8f385	  x0=0x00000000
       80442000	      3920	80009e6a	0555c063	blt	x11,x21,80009eaa	 x11:0x03606000 x21:0x00000001
       80462000	      3921	80009e6e	0182e5b3	or	x11,x5,x24	  x5:0x00000000 x24:0x99fbe000 x11=0x99fbe000
       80762000	      3936	80009e72	00d9df33	srl	x30,x19,x13	 x19:0x80021df8 x13:0x00000080 x30=0x80021df8
       80782000	      3937	80009e76	01db8333	add	x6,x23,x29	 x23:0x80003e37 x29:0x00000000  x6=0x80003e37
       81202000	      3958	80009e7a	da202893	slti	x17,x0,-606	  x0:0x00000000 x17=0x00000000
       81622000	      3979	80009e7e	09c50d93	addi	x27,x10,156	 x10:0x03606000 x27=0x0360609c
       81662000	      3981	80009e82	00fa62b3	or	x5,x20,x15	 x20:0x00000000 x15:0x00000000  x5=0x00000000
       81682000	      3982	80009e86	8eb1	c.xor	x13,x12	 x13:0x00000080 x12:0x00000000 x13=0x00000080
       81762000	      3986	80009e88	0521	c.addi	x10,8	 x10:0x03606000 x10=0x03606008
       81782000	      3987	80009e8a	007114b3	sll	x9,x2,x7	  x2:0x00000000  x7:0x10fc0000  x9=0x00000000
       81802000	      3988	80009e8e	80c1	c.srli	x9,0x10	  x9:0x00000000  x9=0x00000000
       81942000	      3995	80009e90	00082833	slt	x16,x16,x0	 x16:0x00000001  x0:0x00000000 x16=0x00000000
       81962000	      3996	80009e94	41e25a13	srai	x20,x4,0x1e	  x4:0x00000006 x20=0x00000000
       82002000	      3998	80009e98	41108d33	sub	x26,x1,x17	  x1:0x00072b00 x17:0x00000000 x26=0x00072b00
       82022000	      3999	80009e9c	87fd	c.srai	x15,0x1f	 x15:0x00000000 x15=0x00000000
       82422000	      4019	80009e9e	a7be3d93	sltiu	x27,x28,-1413	 x28:0x80003e37 x27=0x00000001
       82842000	      4040	80009ea2	406c5693	srai	x13,x24,0x6	 x24:0x99fbe000 x13=0xfe67ef80
       83102000	      4053	80009ea6	0000100f	fence.i	
       83902000	      4093	80009eaa	3409bef3	csrrc	x29,mscratch,x19	 x19:0x80021df8 x29=0x80073f37
       83922000	      4094	80009eae	8c59	c.or	x8,x14	  x8:0x0000e560 x14:0x99fbe00b  x8=0x99fbe56b
       83942000	      4095	80009eb0	06bd4463	blt	x26,x11,80009f18	 x26:0x00072b00 x11:0x99fbe000
       83962000	      4096	80009eb4	01eb2f33	slt	x30,x22,x30	 x22:0x00000000 x30:0x80021df8 x30=0x00000000
       83982000	      4097	80009eb8	00269593	slli	x11,x13,0x2	 x13:0xfe67ef80 x11=0xf99fbe00
       84322000	      4114	80009ebc	014afab3	and	x21,x21,x20	 x21:0x00000001 x20:0x00000000 x21=0x00000000
       84362000	      4116	80009ec0	03039ab3	mulh	x21,x7,x16	  x7:0x10fc0000 x16:0x00000000 x21=0x00000000
       84382000	      4117	80009ec4	015ee863	bltu	x29,x21,80009ed4	 x29:0x80073f37 x21:0x00000000
       84622000	      4129	80009ec8	04545d63	bge	x8,x5,80009f22	  x8:0x99fbe56b  x5:0x00000000
       84822000	      4139	80009ecc	07ce7663	bgeu	x28,x28,80009f38	 x28:0x80003e37 x28:0x80003e37
      105722000	      5184	80009f38	0347e763	bltu	x15,x20,80009f66	 x15:0x00000000 x20:0x00000000
      105742000	      5185	80009f3c	0001	c.addi	x0,0	  x0:0x00000000  x0=0x00000000
      105762000	      5186	80009f3e	0001	c.addi	x0,0	  x0:0x00000000  x0=0x00000000
      105782000	      5187	80009f40	40e25d13	srai	x26,x4,0xe	  x4:0x00000006 x26=0x00000000
      105802000	      5188	80009f44	340020f3	csrrs	x1,mscratch,x0	  x0:0x00000000  x1=0x00052207
      105982000	      5197	80009f48	00a258b3	srl	x17,x4,x10	  x4:0x00000006 x10:0x03606008 x17=0x00000000
      106002000	      5198	80009f4c	4130d613	srai	x12,x1,0x13	  x1:0x00052207 x12=0x00000000
      106762000	      5236	80009f50	0383cc33	div	x24,x7,x24	  x7:0x10fc0000 x24:0x99fbe000 x24=0x00000000
      106782000	      5237	80009f54	01dccab3	xor	x21,x25,x29	 x25:0x80025ce4 x29:0x80073f37 x21=0x000563d3
      106822000	      5239	80009f58	02fb5433	divu	x8,x22,x15	 x22:0x00000000 x15:0x00000000  x8=0xffffffff
      106842000	      5240	80009f5c	34003a73	csrrc	x20,mscratch,x0	  x0:0x00000000 x20=0x00052207
      106862000	      5241	80009f60	0001	c.addi	x0,0	  x0:0x00000000  x0=0x00000000
      106882000	      5242	80009f62	c59d	c.beqz	x11,80009f90	 x11:0xf99fbe00
      106902000	      5243	80009f64	8ff1	c.and	x15,x12	 x15:0x00000000 x12:0x00000000 x15=0x00000000
      106922000	      5244	80009f66	01d40d63	beq	x8,x29,80009f80	  x8:0xffffffff x29:0x80073f37
      106942000	      5245	80009f6a	55830113	addi	x2,x6,1368	  x6:0x80003e37  x2=0x8000438f
      107122000	      5254	80009f6e	0159c533	xor	x10,x19,x21	 x19:0x80021df8 x21:0x000563d3 x10=0x80077e2b
      107142000	      5255	80009f72	1490	c.addi4spn	x12,x2,608	 x12=0x800045ef
      107162000	      5256	80009f74	0d36	c.slli	x26,0xd	 x26:0x00000000 x26=0x00000000
      107482000	      5272	80009f76	41ba8ab3	sub	x21,x21,x27	 x21:0x000563d3 x27:0x00000001 x21=0x000563d2
      107502000	      5273	80009f7a	407fd013	srai	x0,x31,0x7	 x31:0x0000000b  x0=0x00000000
      107522000	      5274	80009f7e	c2a1	c.beqz	x13,80009fbe	 x13:0xfe67ef80
      108642000	      5330	80009f80	02b158b3	divu	x17,x2,x11	  x2:0x8000438f x11:0xf99fbe00 x17=0x00000000
      108662000	      5331	80009f84	003f41b3	xor	x3,x30,x3	 x30:0x00000000  x3:0x00000000  x3=0x00000000
      108682000	      5332	80009f88	8d0d	c.sub	x10,x11	 x10:0x80077e2b x11:0xf99fbe00 x10=0x8667c02b
      108702000	      5333	80009f8a	81d6	c.mv	x3,x21	  x0:0x00000000 x21:0x000563d2  x3=0x000563d2
      108722000	      5334	80009f8c	8f46	c.mv	x30,x17	  x0:0x00000000 x17:0x00000000 x30=0x00000000
      108742000	      5335	80009f8e	83b9	c.srli	x15,0xe	 x15:0x00000000 x15=0x00000000
      108762000	      5336	80009f90	014f1d63	bne	x30,x20,80009faa	 x30:0x00000000 x20:0x00052207
      109242000	      5360	80009faa	00d29263	bne	x5,x13,80009fae	  x5:0x00000000 x13:0xfe67ef80
      110262000	      5411	80009fae	00c6d613	srli	x12,x13,0xc	 x13:0xfe67ef80 x12=0x000fe67e
      110282000	      5412	80009fb2	717d	c.addi16sp	x2,-16	  x2:0x8000438f  x2=0x8000437f
      110302000	      5413	80009fb4	340027f3	csrrs	x15,mscratch,x0	  x0:0x00000000 x15=0x00052207
      110502000	      5423	80009fb8	8e5d	c.or	x12,x15	 x12:0x000fe67e x15:0x00052207 x12=0x000fe67f
      110642000	      5430	80009fba	0287c463	blt	x15,x8,80009fe2	 x15:0x00052207  x8:0xffffffff
      110682000	      5432	80009fbe	025b91b3	mulh	x3,x23,x5	 x23:0x80003e37  x5:0x00000000  x3=0x00000000
      111442000	      5470	80009fc2	033b7133	remu	x2,x22,x19	 x22:0x00000000 x19:0x80021df8  x2=0x00000000
      111462000	      5471	80009fc6	1d7d	c.addi	x26,-1	 x26:0x00000000 x26=0xffffffff
      111482000	      5472	80009fc8	01b01093	slli	x1,x0,0x1b	  x0:0x00000000  x1=0x00000000
      111502000	      5473	80009fcc	00175863	bge	x14,x1,80009fdc	 x14:0x99fbe00b  x1:0x00000000
      111582000	      5477	80009fd0	05345163	bge	x8,x19,8000a012	  x8:0xffffffff x19:0x80021df8
      112402000	      5518	8000a012	340e56f3	csrrwi	x13,mscratch,28	 x13=0x00052207
      112422000	      5519	8000a016	02f58c63	beq	x11,x15,8000a04e	 x11:0xf99fbe00 x15:0x00052207
      112722000	      5534	8000a01a	0153d663	bge	x7,x21,8000a026	  x7:0x10fc0000 x21:0x000563d2
      113242000	      5560	8000a026	35b7c293	xori	x5,x15,859	 x15:0x00052207  x5=0x0005215c
      113262000	      5561	8000a02a	527d	c.li	x4,-1	  x4=0xffffffff
      113482000	      5572	8000a02c	8e3d	c.xor	x12,x15	 x12:0x000fe67f x15:0x00052207 x12=0x000ac478
      113502000	      5573	8000a02e	0b88	c.addi4spn	x10,x2,464	 x10=0x000001d0
      113522000	      5574	8000a030	0001	c.addi	x0,0	  x0:0x00000000  x0=0x00000000
      113542000	      5575	8000a032	00c101b3	add	x3,x2,x12	  x2:0x00000000 x12:0x000ac478  x3=0x000ac478
      113762000	      5586	8000a036	15569a37	lui	x20,0x15569	 x20=0x15569000
      113782000	      5587	8000a03a	8f0d	c.sub	x14,x11	 x14:0x99fbe00b x11:0xf99fbe00 x14=0xa05c220b
      114642000	      5630	8000a03c	0324eab3	rem	x21,x9,x18	  x9:0x00000000 x18:0x0c000000 x21=0x00000000
      114662000	      5631	8000a040	03d5dd63	bge	x11,x29,8000a07a	 x11:0xf99fbe00 x29:0x80073f37
      115162000	      5656	8000a07a	0ff0000f	fence	iorw,iorw	
      115182000	      5657	8000a07e	026a8a63	beq	x21,x6,8000a0b2	 x21:0x00000000  x6:0x80003e37
      115462000	      5671	8000a082	f8263e13	sltiu	x28,x12,-126	 x12:0x000ac478 x28=0x00000001
      115482000	      5672	8000a086	8e6d	c.and	x12,x11	 x12:0x000ac478 x11:0xf99fbe00 x12=0x000a8400
      115502000	      5673	8000a088	3409a573	csrrs	x10,mscratch,x19	 x19:0x80021df8 x10=0x0000001c
      115682000	      5682	8000a08c	9922	c.add	x18,x8	 x18:0x0c000000  x8:0xffffffff x18=0x0bffffff
      116102000	      5703	8000a08e	40b15313	srai	x6,x2,0xb	  x2:0x00000000  x6=0x00000000
      116122000	      5704	8000a092	0127ee63	bltu	x15,x18,8000a0ae	 x15:0x00052207 x18:0x0bffffff
      117282000	      5762	8000a0ae	01eaf1b3	and	x3,x21,x30	 x21:0x00000000 x30:0x00000000  x3=0x00000000
      117622000	      5779	8000a0b2	340c5473	csrrwi	x8,mscratch,24	  x8=0x80021dfc
      117642000	      5780	8000a0b6	001ecf33	xor	x30,x29,x1	 x29:0x80073f37  x1:0x00000000 x30=0x80073f37
      118062000	      5801	8000a0ba	002982b3	add	x5,x19,x2	 x19:0x80021df8  x2:0x00000000  x5=0x80021df8
      118082000	      5802	8000a0be	8fcd	c.or	x15,x11	 x15:0x00052207 x11:0xf99fbe00 x15=0xf99fbe07
      118822000	      5839	8000a0c0	039743b3	div	x7,x14,x25	 x14:0xa05c220b x25:0x80025ce4  x7=0x00000000
      118842000	      5840	8000a0c4	50fd	c.li	x1,-1	  x1=0xffffffff
      118862000	      5841	8000a0c6	0044c1b3	xor	x3,x9,x4	  x9:0x00000000  x4:0xffffffff  x3=0xffffffff
      119602000	      5878	8000a0ca	0329e833	rem	x16,x19,x18	 x19:0x80021df8 x18:0x0bffffff x16=0xf8021dee
      119622000	      5879	8000a0ce	1ca9c437	lui	x8,0x1ca9c	  x8=0x1ca9c000
      119662000	      5881	8000a0d2	02a02733	mulhsu	x14,x0,x10	  x0:0x00000000 x10:0x0000001c x14=0x00000000
      119682000	      5882	8000a0d6	40a65bb3	sra	x23,x12,x10	 x12:0x000a8400 x10:0x0000001c x23=0x00000000
      119702000	      5883	8000a0da	e4a1fa13	andi	x20,x3,-438	  x3:0xffffffff x20=0xfffffe4a
      119722000	      5884	8000a0de	008a5d93	srli	x27,x20,0x8	 x20:0xfffffe4a x27=0x00fffffe
      119742000	      5885	8000a0e2	0001	c.addi	x0,0	  x0:0x00000000  x0=0x00000000
      119762000	      5886	8000a0e4	00d37933	and	x18,x6,x13	  x6:0x00000000 x13:0x00052207 x18=0x00000000
      119802000	      5888	8000a0e8	de293413	sltiu	x8,x18,-542	 x18:0x00000000  x8=0x00000001
      119822000	      5889	8000a0ec	0001	c.addi	x0,0	  x0:0x00000000  x0=0x00000000
      119942000	      5895	8000a0ee	07eb8013	addi	x0,x23,126	 x23:0x00000000  x0=0x00000000
      119962000	      5896	8000a0f2	82bd	c.srli	x13,0xf	 x13:0x00052207 x13=0x0000000a
      119982000	      5897	8000a0f4	c689	c.beqz	x13,8000a0fe	 x13:0x0000000a
      120002000	      5898	8000a0f6	b3313037	lui	x0,0xb3313	  x0=0x00000000
      120022000	      5899	8000a0fa	cc09	c.beqz	x8,8000a114	  x8:0x00000001
      120382000	      5917	8000a0fc	8f31	c.xor	x14,x12	 x14:0x00000000 x12:0x000a8400 x14=0x000a8400
      120502000	      5923	8000a0fe	02af5963	bge	x30,x10,8000a130	 x30:0x80073f37 x10:0x0000001c
      120522000	      5924	8000a102	003c54b3	srl	x9,x24,x3	 x24:0x00000000  x3:0xffffffff  x9=0x00000000
      120562000	      5926	8000a106	02921db3	mulh	x27,x4,x9	  x4:0xffffffff  x9:0x00000000 x27=0x00000000
      120582000	      5927	8000a10a	46d5	c.li	x13,21	 x13=0x00000015
      120762000	      5936	8000a10c	02ba33b3	mulhu	x7,x20,x11	 x20:0xfffffe4a x11:0xf99fbe00  x7=0xf99fbc54
      120902000	      5943	8000a110	03e4ff13	andi	x30,x9,62	  x9:0x00000000 x30=0x00000000
      121002000	      5948	8000a114	02853233	mulhu	x4,x10,x8	 x10:0x0000001c  x8:0x00000001  x4=0x00000000
      121062000	      5951	8000a118	0001	c.addi	x0,0	  x0:0x00000000  x0=0x00000000
      121082000	      5952	8000a11a	41badd93	srai	x27,x21,0x1b	 x21:0x00000000 x27=0x00000000
      121402000	      5968	8000a11e	340b91f3	csrrw	x3,mscratch,x23	 x23:0x00000000  x3=0x00000018
      122182000	      6007	8000a122	033d6c33	rem	x24,x26,x19	 x26:0xffffffff x19:0x80021df8 x24=0xffffffff
      122202000	      6008	8000a126	34056a73	csrrsi	x20,mscratch,10	 x20=0x00000000
      122222000	      6009	8000a12a	8e85	c.sub	x13,x9	 x13:0x00000015  x9:0x00000000 x13=0x00000015
      122242000	      6010	8000a12c	40240eb3	sub	x29,x8,x2	  x8:0x00000001  x2:0x00000000 x29=0x00000001
      122262000	      6011	8000a130	044fb493	sltiu	x9,x31,68	 x31:0x0000000b  x9=0x00000001
      122282000	      6012	8000a134	41db8133	sub	x2,x23,x29	 x23:0x00000000 x29:0x00000001  x2=0xffffffff
      122342000	      6015	8000a138	3f11b4b7	lui	x9,0x3f11b	  x9=0x3f11b000
      122362000	      6016	8000a13c	34075d73	csrrwi	x26,mscratch,14	 x26=0x0000000a
      122382000	      6017	8000a140	01de	c.slli	x3,0x17	  x3:0x00000018  x3=0x0c000000
      122402000	      6018	8000a142	340b9df3	csrrw	x27,mscratch,x23	 x23:0x00000000 x27=0x0000000e
      122582000	      6027	8000a146	00044963	blt	x8,x0,8000a158	  x8:0x00000001  x0:0x00000000
      122602000	      6028	8000a14a	808d	c.srli	x9,0x3	  x9:0x3f11b000  x9=0x07e23600
      123342000	      6065	8000a14c	0335e0b3	rem	x1,x11,x19	 x11:0xf99fbe00 x19:0x80021df8  x1=0xf99fbe00
      123362000	      6066	8000a150	00b09863	bne	x1,x11,8000a160	  x1:0xf99fbe00 x11:0xf99fbe00
      123382000	      6067	8000a154	011f2133	slt	x2,x30,x17	 x30:0x00000000 x17:0x00000000  x2=0x00000000
      123402000	      6068	8000a158	7ab48093	addi	x1,x9,1963	  x9:0x07e23600  x1=0x07e23dab
      123602000	      6078	8000a15c	34045273	csrrwi	x4,mscratch,8	  x4=0x00000000
      123682000	      6082	8000a160	51e86b13	ori	x22,x16,1310	 x16:0xf8021dee x22=0xf8021dfe
      123722000	      6084	8000a164	02bfa533	mulhsu	x10,x31,x11	 x31:0x0000000b x11:0xf99fbe00 x10=0x0000000a
      123902000	      6093	8000a168	c815	c.beqz	x8,8000a19c	  x8:0x00000001
      124042000	      6100	8000a16a	41a35d13	srai	x26,x6,0x1a	  x6:0x00000000 x26=0x00000000
      124202000	      6108	8000a16e	044dd163	bge	x27,x4,8000a1b0	 x27:0x0000000e  x4:0x00000000
      124442000	      6120	8000a1b0	0067bd33	sltu	x26,x15,x6	 x15:0xf99fbe07  x6:0x00000000 x26=0x00000000
      124462000	      6121	8000a1b4	34006c73	csrrsi	x24,mscratch,0	 x24=0x00000008
      124822000	      6139	8000a1b8	0151ceb3	xor	x29,x3,x21	  x3:0x0c000000 x21:0x00000000 x29=0x0c000000
      125562000	      6176	8000a1bc	02b77333	remu	x6,x14,x11	 x14:0x000a8400 x11:0xf99fbe00  x6=0x000a8400
      125582000	      6177	8000a1c0	d2304d93	xori	x27,x0,-733	  x0:0x00000000 x27=0xfffffd23
      125602000	      6178	8000a1c4	84757893	andi	x17,x10,-1977	 x10:0x0000000a x17=0x00000002
      125622000	      6179	8000a1c8	00c3d733	srl	x14,x7,x12	  x7:0xf99fbc54 x12:0x000a8400 x14=0xf99fbc54
      125642000	      6180	8000a1cc	717d	c.addi16sp	x2,-16	  x2:0x00000000  x2=0xfffffff0
      125662000	      6181	8000a1ce	0000100f	fence.i	
      125742000	      6185	8000a1d2	e481	c.bnez	x9,8000a1da	  x9:0x07e23600
      125902000	      6193	8000a1da	8979	c.andi	x10,30	 x10:0x0000000a x10=0x0000000a
      126102000	      6203	8000a1dc	1c94	c.addi4spn	x13,x2,624	 x13=0x00000260
      126122000	      6204	8000a1de	340f9d73	csrrw	x26,mscratch,x31	 x31:0x0000000b x26=0x00000008
      126142000	      6205	8000a1e2	0001	c.addi	x0,0	  x0:0x00000000  x0=0x00000000
      126162000	      6206	8000a1e4	340d38f3	csrrc	x17,mscratch,x26	 x26:0x00000008 x17=0x0000000b
      126182000	      6207	8000a1e8	024e7263	bgeu	x28,x4,8000a20c	 x28:0x00000001  x4:0x00000000
      126442000	      6220	8000a20c	e321	c.bnez	x14,8000a24c	 x14:0xf99fbc54
      127202000	      6258	8000a24c	8e29	c.xor	x12,x10	 x12:0x000a8400 x10:0x0000000a x12=0x000a840a
      127222000	      6259	8000a24e	057a9063	bne	x21,x23,8000a28e	 x21:0x00000000 x23:0x00000000
      127242000	      6260	8000a252	96e2	c.add	x13,x24	 x13:0x00000260 x24:0x00000008 x13=0x00000268
      127302000	      6263	8000a254	02fe92b3	mulh	x5,x29,x15	 x29:0x0c000000 x15:0xf99fbe07  x5=0xffb37ce8
      128042000	      6300	8000a258	03957d33	remu	x26,x10,x25	 x10:0x0000000a x25:0x80025ce4 x26=0x0000000a
      128062000	      6301	8000a25c	402f5113	srai	x2,x30,0x2	 x30:0x00000000  x2=0x00000000
      128082000	      6302	8000a260	00d35b93	srli	x23,x6,0xd	  x6:0x000a8400 x23=0x00000054
      128102000	      6303	8000a264	028c	c.addi4spn	x11,x2,320	 x11=0x00000140
      128122000	      6304	8000a266	01181db3	sll	x27,x16,x17	 x16:0xf8021dee x17:0x0000000b x27=0x10ef7000
      128142000	      6305	8000a26a	717d	c.addi16sp	x2,-16	  x2:0x00000000  x2=0xfffffff0
      128162000	      6306	8000a26c	004842b3	xor	x5,x16,x4	 x16:0xf8021dee  x4:0x00000000  x5=0xf8021dee
      129142000	      6355	8000a270	03cad4b3	divu	x9,x21,x28	 x21:0x00000000 x28:0x00000001  x9=0x00000000
      129162000	      6356	8000a274	0ff0000f	fence	iorw,iorw	
      129182000	      6357	8000a278	340453f3	csrrwi	x7,mscratch,8	  x7=0x00000003
      129202000	      6358	8000a27c	00be3733	sltu	x14,x28,x11	 x28:0x00000001 x11:0x00000140 x14=0x00000001
      129222000	      6359	8000a280	80a1	c.srli	x9,0x8	  x9:0x00000000  x9=0x00000000
      129242000	      6360	8000a282	023d7f63	bgeu	x26,x3,8000a2c0	 x26:0x0000000a  x3:0x0c000000
      129322000	      6364	8000a286	00679d63	bne	x15,x6,8000a2a0	 x15:0xf99fbe07  x6:0x000a8400
      129682000	      6382	8000a2a0	00d865b3	or	x11,x16,x13	 x16:0xf8021dee x13:0x00000268 x11=0xf8021fee
      129742000	      6385	8000a2a4	00000a33	add	x20,x0,x0	  x0:0x00000000  x0:0x00000000 x20=0x00000000
      129802000	      6388	8000a2a8	8079	c.srli	x8,0x1e	  x8:0x00000001  x8=0x00000000
      129822000	      6389	8000a2aa	340bd0f3	csrrwi	x1,mscratch,23	  x1=0x00000008
      129842000	      6390	8000a2ae	e229	c.bnez	x12,8000a2f0	 x12:0x000a840a
      130042000	      6400	8000a2f0	997e	c.add	x18,x31	 x18:0x00000000 x31:0x0000000b x18=0x0000000b
      130062000	      6401	8000a2f2	ce4b7593	andi	x11,x22,-796	 x22:0xf8021dfe x11=0xf8021ce4
      130082000	      6402	8000a2f6	ce05	c.beqz	x12,8000a32e	 x12:0x000a840a
      130482000	      6422	8000a2f8	8ec9	c.or	x13,x10	 x13:0x00000268 x10:0x0000000a x13=0x0000026a
      130662000	      6431	8000a2fa	000c2633	slt	x12,x24,x0	 x24:0x00000008  x0:0x00000000 x12=0x00000000
      130682000	      6432	8000a2fe	8146	c.mv	x2,x17	  x0:0x00000000 x17:0x0000000b  x2=0x0000000b
      130742000	      6435	8000a300	340970f3	csrrci	x1,mscratch,18	  x1=0x00000017
      130762000	      6436	8000a304	8685	c.srai	x13,0x1	 x13:0x0000026a x13=0x00000135
      130782000	      6437	8000a306	01a863b3	or	x7,x16,x26	 x16:0xf8021dee x26:0x0000000a  x7=0xf8021dee
      130902000	      6443	8000a30a	02c39463	bne	x7,x12,8000a332	  x7:0xf8021dee x12:0x00000000
      132382000	      6517	8000a332	3407def3	csrrwi	x29,mscratch,15	 x29=0x00000005
      132402000	      6518	8000a336	8d05	c.sub	x10,x9	 x10:0x0000000a  x9:0x00000000 x10=0x0000000a
      132422000	      6519	8000a338	005c8ab3	add	x21,x25,x5	 x25:0x80025ce4  x5:0xf8021dee x21=0x78047ad2
      132442000	      6520	8000a33c	0000100f	fence.i	
      132942000	      6545	8000a340	41ddd2b3	sra	x5,x27,x29	 x27:0x10ef7000 x29:0x00000005  x5=0x00877b80
      133062000	      6551	8000a344	003ed933	srl	x18,x29,x3	 x29:0x00000005  x3:0x0c000000 x18=0x00000005
      134202000	      6608	8000a348	02355833	divu	x16,x10,x3	 x10:0x0000000a  x3:0x0c000000 x16=0x00000000
      134222000	      6609	8000a34c	83c6	c.mv	x7,x17	  x0:0x00000000 x17:0x0000000b  x7=0x0000000b
      134242000	      6610	8000a34e	0ff0000f	fence	iorw,iorw	
      134262000	      6611	8000a352	340d5af3	csrrwi	x21,mscratch,26	 x21=0x0000000f
      134282000	      6612	8000a356	0100e933	or	x18,x1,x16	  x1:0x00000017 x16:0x00000000 x18=0x00000017
      134302000	      6613	8000a35a	4106d2b3	sra	x5,x13,x16	 x13:0x00000135 x16:0x00000000  x5=0x00000135
      134322000	      6614	8000a35e	ca99	c.beqz	x13,8000a374	 x13:0x00000135
      134342000	      6615	8000a360	0007c263	blt	x15,x0,8000a364	 x15:0xf99fbe07  x0:0x00000000
      134582000	      6627	8000a364	03311c33	mulh	x24,x2,x19	  x2:0x0000000b x19:0x80021df8 x24=0xfffffffa
      134602000	      6628	8000a368	02b9e863	bltu	x19,x11,8000a398	 x19:0x80021df8 x11:0xf8021ce4
      135002000	      6648	8000a398	328bee13	ori	x28,x23,808	 x23:0x00000054 x28=0x0000037c
      135202000	      6658	8000a39c	00eaaeb3	slt	x29,x21,x14	 x21:0x0000000f x14:0x00000001 x29=0x00000000
      135222000	      6659	8000a3a0	8f39	c.xor	x14,x14	 x14:0x00000001 x14:0x00000001 x14=0x00000000
      135242000	      6660	8000a3a2	9f7a	c.add	x30,x30	 x30:0x00000000 x30:0x00000000 x30=0x00000000
      135262000	      6661	8000a3a4	98fd	c.andi	x9,-1	  x9:0x00000000  x9=0x00000000
      135282000	      6662	8000a3a6	08c1	c.addi	x17,16	 x17:0x0000000b x17=0x0000001b
      135302000	      6663	8000a3a8	62d1	c.lui	x5,0x14	  x5=0x00014000
      135482000	      6672	8000a3aa	340f6e73	csrrsi	x28,mscratch,30	 x28=0x0000001a
      135502000	      6673	8000a3ae	81ce	c.mv	x3,x19	  x0:0x00000000 x19:0x80021df8  x3=0x80021df8
      142942000	      7045	8000a3b0	01b5aeb3	slt	x29,x11,x27	 x11:0xf8021ce4 x27:0x10ef7000 x29=0x00000001
      142962000	      7046	8000a3b4	08004313	xori	x6,x0,128	  x0:0x00000000  x6=0x00000080
      142982000	      7047	8000a3b8	241c7613	andi	x12,x24,577	 x24:0xfffffffa x12=0x00000240
      143002000	      7048	8000a3bc	8969	c.andi	x10,26	 x10:0x0000000a x10=0x0000000a
      143022000	      7049	8000a3be	5f077513	andi	x10,x14,1520	 x14:0x00000000 x10=0x00000000
      143042000	      7050	8000a3c2	0001	c.addi	x0,0	  x0:0x00000000  x0=0x00000000
      143782000	      7087	8000a3c4	0328cbb3	div	x23,x17,x18	 x17:0x0000001b x18:0x00000017 x23=0x00000001
      143802000	      7088	8000a3c8	34002c73	csrrs	x24,mscratch,x0	  x0:0x00000000 x24=0x0000001e
      143822000	      7089	8000a3cc	340433f3	csrrc	x7,mscratch,x8	  x8:0x00000000  x7=0x0000001e
      143842000	      7090	8000a3d0	ef8d	c.bnez	x15,8000a40a	 x15:0xf99fbe07
      144662000	      7131	8000a40a	016c9f63	bne	x25,x22,8000a428	 x25:0x80025ce4 x22:0xf8021dfe
      145482000	      7172	8000a428	e8993e93	sltiu	x29,x18,-375	 x18:0x00000017 x29=0x00000001
      145522000	      7174	8000a42c	0021e133	or	x2,x3,x2	  x3:0x80021df8  x2:0x0000000b  x2=0x80021dfb
      145542000	      7175	8000a430	8efe	c.mv	x29,x31	  x0:0x00000000 x31:0x0000000b x29=0x0000000b
      145922000	      7194	8000a432	02e1f863	bgeu	x3,x14,8000a462	  x3:0x80021df8 x14:0x00000000
      146802000	      7238	8000a462	86948913	addi	x18,x9,-1943	  x9:0x00000000 x18=0xfffff869
      147222000	      7259	8000a466	230fe697	auipc	x13,0x230fe	 x13=0xa3108466
      147242000	      7260	8000a46a	87a62a13	slti	x20,x12,-1926	 x12:0x00000240 x20=0x00000000
      147262000	      7261	8000a46e	021e5463	bge	x28,x1,8000a496	 x28:0x0000001a  x1:0x00000017
      147742000	      7285	8000a496	e419	c.bnez	x8,8000a4a4	  x8:0x00000000
      148202000	      7308	8000a498	05a14363	blt	x2,x26,8000a4de	  x2:0x80021dfb x26:0x0000000a
      148702000	      7333	8000a4de	0000100f	fence.i	
      149522000	      7374	8000a4e2	00acc633	xor	x12,x25,x10	 x25:0x80025ce4 x10:0x00000000 x12=0x80025ce4
      149542000	      7375	8000a4e6	e2cd7e13	andi	x28,x26,-468	 x26:0x0000000a x28=0x00000008
      149562000	      7376	8000a4ea	008647b3	xor	x15,x12,x8	 x12:0x80025ce4  x8:0x00000000 x15=0x80025ce4
      149582000	      7377	8000a4ee	832d	c.srli	x14,0xb	 x14:0x00000000 x14=0x00000000
      149602000	      7378	8000a4f0	0ff0000f	fence	iorw,iorw	
      149642000	      7380	8000a4f4	023bb7b3	mulhu	x15,x23,x3	 x23:0x00000001  x3:0x80021df8 x15=0x00000000
      149662000	      7381	8000a4f8	0230d363	bge	x1,x3,8000a51e	  x1:0x00000017  x3:0x80021df8
      150002000	      7398	8000a51e	01747db3	and	x27,x8,x23	  x8:0x00000000 x23:0x00000001 x27=0x00000000
      150022000	      7399	8000a522	98c50313	addi	x6,x10,-1652	 x10:0x00000000  x6=0xfffff98c
      150462000	      7421	8000a526	0362beb3	mulhu	x29,x5,x22	  x5:0x00014000 x22:0xf8021dfe x29=0x00013602
      151202000	      7458	8000a52a	03144eb3	div	x29,x8,x17	  x8:0x00000000 x17:0x0000001b x29=0x00000000
      151242000	      7460	8000a52e	029ff0b3	remu	x1,x31,x9	 x31:0x0000000b  x9:0x00000000  x1=0x0000000b
      151262000	      7461	8000a532	547d	c.li	x8,-1	  x8=0xffffffff
      151282000	      7462	8000a534	ee95	c.bnez	x13,8000a570	 x13:0xa3108466
      151942000	      7495	8000a570	0001	c.addi	x0,0	  x0:0x00000000  x0=0x00000000
      151962000	      7496	8000a572	340366f3	csrrsi	x13,mscratch,6	 x13=0x0000001e
      152002000	      7498	8000a576	030171b3	remu	x3,x2,x16	  x2:0x80021dfb x16:0x00000000  x3=0x80021dfb
      152042000	      7500	8000a57a	020e2ab3	mulhsu	x21,x28,x0	 x28:0x00000008  x0:0x00000000 x21=0x00000000
      152062000	      7501	8000a57e	6c35	c.lui	x24,0xd	 x24=0x0000d000
      152102000	      7503	8000a580	1400	c.addi4spn	x8,x2,544	  x8=0x8002201b
      152122000	      7504	8000a582	8009	c.srli	x8,0x2	  x8:0x8002201b  x8=0x20008806
      152142000	      7505	8000a584	e981	c.bnez	x11,8000a594	 x11:0xf8021ce4
      152622000	      7529	8000a594	02560db3	mul	x27,x12,x5	 x12:0x80025ce4  x5:0x00014000 x27=0xf41d0000
      152742000	      7535	8000a598	00dfcdb3	xor	x27,x31,x13	 x31:0x0000000b x13:0x0000001e x27=0x00000015
      153882000	      7592	8000a59c	021aff33	remu	x30,x21,x1	 x21:0x00000000  x1:0x0000000b x30=0x00000000
      153902000	      7593	8000a5a0	fe646493	ori	x9,x8,-26	  x8:0x20008806  x9=0xffffffe6
      153922000	      7594	8000a5a4	c31bf613	andi	x12,x23,-975	 x23:0x00000001 x12=0x00000001
      153962000	      7596	8000a5a8	02669f33	mulh	x30,x13,x6	 x13:0x0000001e  x6:0xfffff98c x30=0xffffffff
      154042000	      7600	8000a5ac	34072473	csrrs	x8,mscratch,x14	 x14:0x00000000  x8=0x0000001e
      154062000	      7601	8000a5b0	0d0c	c.addi4spn	x11,x2,656	 x11=0x8002208b
      154102000	      7603	8000a5b2	03ce9033	mulh	x0,x29,x28	 x29:0x00000000 x28:0x00000008  x0=0x00000000
      154262000	      7611	8000a5b6	864e5817	auipc	x16,0x864e5	 x16=0x064ef5b6
      154562000	      7626	8000a5ba	01c50563	beq	x10,x28,8000a5c4	 x10:0x00000000 x28:0x00000008
      154582000	      7627	8000a5be	038a	c.slli	x7,0x2	  x7:0x0000001e  x7=0x00000078
      154602000	      7628	8000a5c0	34007af3	csrrci	x21,mscratch,0	 x21=0x0000001e
      154822000	      7639	8000a5c4	8a5d	c.andi	x12,23	 x12:0x00000001 x12=0x00000001
      154842000	      7640	8000a5c6	e999	c.bnez	x11,8000a5dc	 x11:0x8002208b
      155122000	      7654	8000a5dc	c7e7c897	auipc	x17,0xc7e7c	 x17=0x47e865dc
      155162000	      7656	8000a5e0	01a5e533	or	x10,x11,x26	 x11:0x8002208b x26:0x0000000a x10=0x8002208b
      155182000	      7657	8000a5e4	197d	c.addi	x18,-1	 x18:0xfffff869 x18=0xfffff868
      155542000	      7675	8000a5e6	008c0533	add	x10,x24,x8	 x24:0x0000d000  x8:0x0000001e x10=0x0000d01e
      155682000	      7682	8000a5ea	00e94733	xor	x14,x18,x14	 x18:0xfffff868 x14:0x00000000 x14=0xfffff868
      155862000	      7691	8000a5ee	41068833	sub	x16,x13,x16	 x13:0x0000001e x16:0x064ef5b6 x16=0xf9b10a68
      156062000	      7701	8000a5f2	7ceaa213	slti	x4,x21,1998	 x21:0x0000001e  x4=0x00000001
      156082000	      7702	8000a5f6	91ba	c.add	x3,x14	  x3:0x80021dfb x14:0xfffff868  x3=0x80021663
      156102000	      7703	8000a5f8	018b80b3	add	x1,x23,x24	 x23:0x00000001 x24:0x0000d000  x1=0x0000d001
      156422000	      7719	8000a5fc	0d296417	auipc	x8,0xd296	  x8=0x8d2a05fc
      156442000	      7720	8000a600	8e6d	c.and	x12,x11	 x12:0x00000001 x11:0x8002208b x12=0x00000001
      156482000	      7722	8000a602	020e2833	mulhsu	x16,x28,x0	 x28:0x00000008  x0:0x00000000 x16=0x00000000
      156502000	      7723	8000a606	0d14	c.addi4spn	x13,x2,656	 x13=0x8002208b
      156522000	      7724	8000a608	e499	c.bnez	x9,8000a616	  x9:0xffffffe6
      157002000	      7748	8000a616	717d	c.addi16sp	x2,-16	  x2:0x80021dfb  x2=0x80021deb
      157542000	      7775	8000a618	8d29	c.xor	x10,x10	 x10:0x0000d01e x10:0x0000d01e x10=0x00000000
      157642000	      7780	8000a61a	403f5493	srai	x9,x30,0x3	 x30:0xffffffff  x9=0xffffffff
      157782000	      7787	8000a61e	c8a41437	lui	x8,0xc8a41	  x8=0xc8a41000
      158102000	      7803	8000a622	01bd43b3	xor	x7,x26,x27	 x26:0x0000000a x27:0x00000015  x7=0x0000001f
      159222000	      7859	8000a626	026a5bb3	divu	x23,x20,x6	 x20:0x00000000  x6:0xfffff98c x23=0x00000000
      159242000	      7860	8000a62a	02108033	mul	x0,x1,x1	  x1:0x0000d001  x1:0x0000d001  x0=0x00000000
      159262000	      7861	8000a62e	6b8a03b7	lui	x7,0x6b8a0	  x7=0x6b8a0000
      159302000	      7863	8000a632	03d3f133	remu	x2,x7,x29	  x7:0x6b8a0000 x29:0x00000000  x2=0x6b8a0000
      159322000	      7864	8000a636	00fed813	srli	x16,x29,0xf	 x29:0x00000000 x16=0x00000000
      159342000	      7865	8000a63a	340b1673	csrrw	x12,mscratch,x22	 x22:0xf8021dfe x12=0x0000001e
      159362000	      7866	8000a63e	0001	c.addi	x0,0	  x0:0x00000000  x0=0x00000000
      159562000	      7876	8000a640	340eef73	csrrsi	x30,mscratch,29	 x30=0xf8021dfe
      159982000	      7897	8000a644	8e85	c.sub	x13,x9	 x13:0x8002208b  x9:0xffffffff x13=0x8002208c
      160002000	      7898	8000a646	8219	c.srli	x12,0x6	 x12:0x0000001e x12=0x00000000
      160022000	      7899	8000a648	717d	c.addi16sp	x2,-16	  x2:0x6b8a0000  x2=0x6b89fff0
      160042000	      7900	8000a64a	340bec73	csrrsi	x24,mscratch,23	 x24=0xf8021dff
      160342000	      7915	8000a64e	010b3b33	sltu	x22,x22,x16	 x22:0xf8021dfe x16:0x00000000 x22=0x00000000
      160762000	      7936	8000a652	5f86f493	andi	x9,x13,1528	 x13:0x8002208c  x9=0x00000088
      160882000	      7942	8000a656	011933b3	sltu	x7,x18,x17	 x18:0xfffff868 x17:0x47e865dc  x7=0x00000000
      161022000	      7949	8000a65a	0276d3b3	divu	x7,x13,x7	 x13:0x8002208c  x7:0x00000000  x7=0xffffffff
      161042000	      7950	8000a65e	0d56	c.slli	x26,0x15	 x26:0x0000000a x26=0x01400000
      161182000	      7957	8000a660	0001	c.addi	x0,0	  x0:0x00000000  x0=0x00000000
      161202000	      7958	8000a662	02448c63	beq	x9,x4,8000a69a	  x9:0x00000088  x4:0x00000001
      161242000	      7960	8000a666	0214a1b3	mulhsu	x3,x9,x1	  x9:0x00000088  x1:0x0000d001  x3=0x00000000
      161262000	      7961	8000a66a	e289	c.bnez	x13,8000a66c	 x13:0x8002208c
      161582000	      7977	8000a66c	34003ef3	csrrc	x29,mscratch,x0	  x0:0x00000000 x29=0xf8021dff
      162342000	      8015	8000a670	02867633	remu	x12,x12,x8	 x12:0x00000000  x8:0xc8a41000 x12=0x00000000
      162362000	      8016	8000a674	0244dc63	bge	x9,x4,8000a6ac	  x9:0x00000088  x4:0x00000001
      162442000	      8020	8000a6ac	8f19	c.sub	x14,x14	 x14:0xfffff868 x14:0xfffff868 x14=0x00000000
      162462000	      8021	8000a6ae	8645	c.srai	x12,0x11	 x12:0x00000000 x12=0x00000000
      162762000	      8036	8000a6b0	0ff0000f	fence	iorw,iorw	
      163822000	      8089	8000a6b4	03b05eb3	divu	x29,x0,x27	  x0:0x00000000 x27:0x00000015 x29=0x00000000
      163842000	      8090	8000a6b8	8e11	c.sub	x12,x12	 x12:0x00000000 x12:0x00000000 x12=0x00000000
      163862000	      8091	8000a6ba	0001	c.addi	x0,0	  x0:0x00000000  x0=0x00000000
      163882000	      8092	8000a6bc	01007663	bgeu	x0,x16,8000a6c8	  x0:0x00000000 x16:0x00000000
      163922000	      8094	8000a6c8	02b387b3	mul	x15,x7,x11	  x7:0xffffffff x11:0x8002208b x15=0x7ffddf75
      163942000	      8095	8000a6cc	340060f3	csrrsi	x1,mscratch,0	  x1=0xf8021dff
      164182000	      8107	8000a6d0	34036d73	csrrsi	x26,mscratch,6	 x26=0xf8021dff
      164202000	      8108	8000a6d4	8d5d	c.or	x10,x15	 x10:0x00000000 x15:0x7ffddf75 x10=0x7ffddf75
      164302000	      8113	8000a6d6	3dc5c693	xori	x13,x11,988	 x11:0x8002208b x13=0x80022357
      164322000	      8114	8000a6da	8191	c.srli	x11,0x4	 x11:0x8002208b x11=0x08002208
      164342000	      8115	8000a6dc	717d	c.addi16sp	x2,-16	  x2:0x6b89fff0  x2=0x6b89ffe0
      164362000	      8116	8000a6de	340dadf3	csrrs	x27,mscratch,x27	 x27:0x00000015 x27=0xf8021dff
      164382000	      8117	8000a6e2	0001	c.addi	x0,0	  x0:0x00000000  x0=0x00000000
      164722000	      8134	8000a6e4	00421533	sll	x10,x4,x4	  x4:0x00000001  x4:0x00000001 x10=0x00000002
      165142000	      8155	8000a6e8	01378e63	beq	x15,x19,8000a704	 x15:0x7ffddf75 x19:0x80021df8
      165282000	      8162	8000a6ec	34003573	csrrc	x10,mscratch,x0	  x0:0x00000000 x10=0xf8021dff
      165482000	      8172	8000a6f0	403cd793	srai	x15,x25,0x3	 x25:0x80025ce4 x15=0xf0004b9c
      165502000	      8173	8000a6f4	67fd	c.lui	x15,0x1f	 x15=0x0001f000
      165522000	      8174	8000a6f6	01d220b3	slt	x1,x4,x29	  x4:0x00000001 x29:0x00000000  x1=0x00000000
      165662000	      8181	8000a6fa	c5aaf713	andi	x14,x21,-934	 x21:0x0000001e x14=0x0000001a
      165702000	      8183	8000a6fe	03c63b33	mulhu	x22,x12,x28	 x12:0x00000000 x28:0x00000008 x22=0x00000000
      165722000	      8184	8000a702	4d79	c.li	x26,30	 x26=0x0000001e
      165902000	      8193	8000a704	0264e863	bltu	x9,x6,8000a734	  x9:0x00000088  x6:0xfffff98c
      166062000	      8201	8000a734	418ede13	srai	x28,x29,0x18	 x29:0x00000000 x28=0x00000000
      166162000	      8206	8000a738	25e44393	xori	x7,x8,606	  x8:0xc8a41000  x7=0xc8a4125e
      166282000	      8212	8000a73c	01c081b3	add	x3,x1,x28	  x1:0x00000000 x28:0x00000000  x3=0x00000000
      166322000	      8214	8000a740	03ab2633	mulhsu	x12,x22,x26	 x22:0x00000000 x26:0x0000001e x12=0x00000000
      166342000	      8215	8000a744	02ac87b3	mul	x15,x25,x10	 x25:0x80025ce4 x10:0xf8021dff x15=0x60a85b1c
      166382000	      8217	8000a748	0352a533	mulhsu	x10,x5,x21	  x5:0x00014000 x21:0x0000001e x10=0x00000000
      167122000	      8254	8000a74c	03246db3	rem	x27,x8,x18	  x8:0xc8a41000 x18:0xfffff868 x27=0xfffffcc8
      167142000	      8255	8000a750	01496663	bltu	x18,x20,8000a75c	 x18:0xfffff868 x20:0x00000000
      167162000	      8256	8000a754	3405e4f3	csrrsi	x9,mscratch,11	  x9=0xf8021dff
      167182000	      8257	8000a758	a4d82513	slti	x10,x16,-1459	 x16:0x00000000 x10=0x00000000
      167202000	      8258	8000a75c	4a9d0eb7	lui	x29,0x4a9d0	 x29=0x4a9d0000
      167222000	      8259	8000a760	00083f33	sltu	x30,x16,x0	 x16:0x00000000  x0:0x00000000 x30=0x00000000
      167242000	      8260	8000a764	81b2	c.mv	x3,x12	  x0:0x00000000 x12:0x00000000  x3=0x00000000
      167362000	      8266	8000a766	0104ee33	or	x28,x9,x16	  x9:0xf8021dff x16:0x00000000 x28=0xf8021dff
      167582000	      8277	8000a76a	418c08b3	sub	x17,x24,x24	 x24:0xf8021dff x24:0xf8021dff x17=0x00000000
      167662000	      8281	8000a76e	027e9f33	mulh	x30,x29,x7	 x29:0x4a9d0000  x7:0xc8a4125e x30=0xefdd79ee
      167682000	      8282	8000a772	34013e73	csrrc	x28,mscratch,x2	  x2:0x6b89ffe0 x28=0xf8021dff
      167702000	      8283	8000a776	8c39	c.xor	x8,x14	  x8:0xc8a41000 x14:0x0000001a  x8=0xc8a4101a
      167722000	      8284	8000a778	01456e63	bltu	x10,x20,8000a794	 x10:0x00000000 x20:0x00000000
      167942000	      8295	8000a77c	036cff63	bgeu	x25,x22,8000a7ba	 x25:0x80025ce4 x22:0x00000000
      168042000	      8300	8000a7ba	8e4d	c.or	x12,x11	 x12:0x00000000 x11:0x08002208 x12=0x08002208
      168242000	      8310	8000a7bc	02a8dd33	divu	x26,x17,x10	 x17:0x00000000 x10:0x00000000 x26=0xffffffff
      168262000	      8311	8000a7c0	03aa0833	mul	x16,x20,x26	 x20:0x00000000 x26:0xffffffff x16=0x00000000
      168422000	      8319	8000a7c4	1008	c.addi4spn	x10,x2,32	 x10=0x6b8a0000
      168842000	      8340	8000a7c6	34002973	csrrs	x18,mscratch,x0	  x0:0x00000000 x18=0x9002001f
      169262000	      8361	8000a7ca	016ed7b3	srl	x15,x29,x22	 x29:0x4a9d0000 x22:0x00000000 x15=0x4a9d0000
      169342000	      8365	8000a7ce	4f8cea13	ori	x20,x25,1272	 x25:0x80025ce4 x20=0x80025cfc
      169362000	      8366	8000a7d2	00044133	xor	x2,x8,x0	  x8:0xc8a4101a  x0:0x00000000  x2=0xc8a4101a
      169382000	      8367	8000a7d6	8d29	c.xor	x10,x10	 x10:0x6b8a0000 x10:0x6b8a0000 x10=0x00000000
      169402000	      8368	8000a7d8	82f9	c.srli	x13,0x1e	 x13:0x80022357 x13=0x00000002
      169422000	      8369	8000a7da	3405f173	csrrci	x2,mscratch,11	  x2=0x9002001f
      169442000	      8370	8000a7de	0ff0000f	fence	iorw,iorw	
      169462000	      8371	8000a7e2	0eb2	c.slli	x29,0xc	 x29:0x4a9d0000 x29=0xd0000000
      169482000	      8372	8000a7e4	e0b9	c.bnez	x9,8000a82a	  x9:0xf8021dff
      170362000	      8416	8000a82a	0000100f	fence.i	
      175382000	      8667	8000a82e	02ce	c.slli	x5,0x13	  x5:0x00014000  x5=0x00000000
      175402000	      8668	8000a830	02771a63	bne	x14,x7,8000a864	 x14:0x0000001a  x7:0xc8a4125e
      175482000	      8672	8000a864	34095b73	csrrwi	x22,mscratch,18	 x22=0x90020014
      176222000	      8709	8000a868	0274c4b3	div	x9,x9,x7	  x9:0xf8021dff  x7:0xc8a4125e  x9=0x00000000
      176242000	      8710	8000a86c	0001	c.addi	x0,0	  x0:0x00000000  x0=0x00000000
      176262000	      8711	8000a86e	0001	c.addi	x0,0	  x0:0x00000000  x0=0x00000000
      176282000	      8712	8000a870	610d	c.addi16sp	x2,160	  x2:0x9002001f  x2=0x900200bf
      176302000	      8713	8000a872	9d6e	c.add	x26,x27	 x26:0xffffffff x27:0xfffffcc8 x26=0xfffffcc7
      176342000	      8715	8000a874	03c73133	mulhu	x2,x14,x28	 x14:0x0000001a x28:0xf8021dff  x2=0x00000019
      176362000	      8716	8000a878	412b01b3	sub	x3,x22,x18	 x22:0x90020014 x18:0x9002001f  x3=0xfffffff5
      176382000	      8717	8000a87c	e781	c.bnez	x15,8000a884	 x15:0x4a9d0000
      177522000	      8774	8000a884	00c94933	xor	x18,x18,x12	 x18:0x9002001f x12:0x08002208 x18=0x98022217
      177562000	      8776	8000a888	0000100f	fence.i	
      177862000	      8791	8000a88c	8fe1	c.and	x15,x8	 x15:0x4a9d0000  x8:0xc8a4101a x15=0x48840000
      178062000	      8801	8000a88e	0ff0000f	fence	iorw,iorw	
      178362000	      8816	8000a892	0188b733	sltu	x14,x17,x24	 x17:0x00000000 x24:0xf8021dff x14=0x00000001
      178382000	      8817	8000a896	92d08613	addi	x12,x1,-1747	  x1:0x00000000 x12=0xfffff92d
      178402000	      8818	8000a89a	717d	c.addi16sp	x2,-16	  x2:0x00000019  x2=0x00000009
      178662000	      8831	8000a89c	34003873	csrrc	x16,mscratch,x0	  x0:0x00000000 x16=0x00000012
      178682000	      8832	8000a8a0	010c6733	or	x14,x24,x16	 x24:0xf8021dff x16:0x00000012 x14=0xf8021dff
      178702000	      8833	8000a8a4	01425b33	srl	x22,x4,x20	  x4:0x00000001 x20:0x80025cfc x22=0x00000000
      178862000	      8841	8000a8a8	41b9a313	slti	x6,x19,1051	 x19:0x80021df8  x6=0x00000001
      178882000	      8842	8000a8ac	344a4b13	xori	x22,x20,836	 x20:0x80025cfc x22=0x80025fb8
      179222000	      8859	8000a8b0	02a40e33	mul	x28,x8,x10	  x8:0xc8a4101a x10:0x00000000 x28=0x00000000
      179282000	      8862	8000a8b4	8fd5	c.or	x15,x13	 x15:0x48840000 x13:0x00000002 x15=0x48840002
      179302000	      8863	8000a8b6	40425eb3	sra	x29,x4,x4	  x4:0x00000001  x4:0x00000001 x29=0x00000000
      179322000	      8864	8000a8ba	01eef563	bgeu	x29,x30,8000a8c4	 x29:0x00000000 x30:0xefdd79ee
      179342000	      8865	8000a8be	137d	c.addi	x6,-1	  x6:0x00000001  x6=0x00000000
      179362000	      8866	8000a8c0	93be	c.add	x7,x15	  x7:0xc8a4125e x15:0x48840002  x7=0x11281260
      179382000	      8867	8000a8c2	0001	c.addi	x0,0	  x0:0x00000000  x0=0x00000000
      179402000	      8868	8000a8c4	043d9263	bne	x27,x3,8000a908	 x27:0xfffffcc8  x3:0xfffffff5
      180362000	      8916	8000a908	03607533	remu	x10,x0,x22	  x0:0x00000000 x22:0x80025fb8 x10=0x00000000
      180382000	      8917	8000a90c	841e	c.mv	x8,x7	  x0:0x00000000  x7:0x11281260  x8=0x11281260
      180402000	      8918	8000a90e	b4a82d13	slti	x26,x16,-1206	 x16:0x00000012 x26=0x00000000
      180422000	      8919	8000a912	8b61	c.andi	x14,24	 x14:0xf8021dff x14=0x00000018
      180442000	      8920	8000a914	3405b773	csrrc	x14,mscratch,x11	 x11:0x08002208 x14=0x00000012
      180522000	      8924	8000a918	0000100f	fence.i	
      181442000	      8970	8000a91c	cc220113	addi	x2,x4,-830	  x4:0x00000001  x2=0xfffffcc3
      181462000	      8971	8000a920	00ce7533	and	x10,x28,x12	 x28:0x00000000 x12:0xfffff92d x10=0x00000000
      181482000	      8972	8000a924	cf15	c.beqz	x14,8000a960	 x14:0x00000012
      181502000	      8973	8000a926	029f1f63	bne	x30,x9,8000a964	 x30:0xefdd79ee  x9:0x00000000
      181722000	      8984	8000a964	0836	c.slli	x16,0xd	 x16:0x00000012 x16=0x00024000
      181742000	      8985	8000a966	8dc5	c.or	x11,x9	 x11:0x08002208  x9:0x00000000 x11=0x08002208
      181762000	      8986	8000a968	03d88a33	mul	x20,x17,x29	 x17:0x00000000 x29:0x00000000 x20=0x00000000
      181902000	      8993	8000a96c	117d	c.addi	x2,-1	  x2:0xfffffcc3  x2=0xfffffcc2
      182162000	      9006	8000a96e	00f2ba33	sltu	x20,x5,x15	  x5:0x00000000 x15:0x48840002 x20=0x00000001
      182182000	      9007	8000a972	8ead	c.xor	x13,x11	 x13:0x00000002 x11:0x08002208 x13=0x0800220a
      182202000	      9008	8000a974	024602b3	mul	x5,x12,x4	 x12:0xfffff92d  x4:0x00000001  x5=0xfffff92d
      182282000	      9012	8000a978	00aced33	or	x26,x25,x10	 x25:0x80025ce4 x10:0x00000000 x26=0x80025ce4
      182322000	      9014	8000a97c	41628033	sub	x0,x5,x22	  x5:0xfffff92d x22:0x80025fb8  x0=0x00000000
      182742000	      9035	8000a980	0eaa	c.slli	x29,0xa	 x29:0x00000000 x29=0x00000000
      182762000	      9036	8000a982	8ed9	c.or	x13,x14	 x13:0x0800220a x14:0x00000012 x13=0x0800221a
      182782000	      9037	8000a984	01589833	sll	x16,x17,x21	 x17:0x00000000 x21:0x0000001e x16=0x00000000
      182942000	      9045	8000a988	340f5b73	csrrwi	x22,mscratch,30	 x22=0x00000012
      183122000	      9054	8000a98c	340020f3	csrrs	x1,mscratch,x0	  x0:0x00000000  x1=0x0000001e
      183142000	      9055	8000a990	8a72	c.mv	x20,x28	  x0:0x00000000 x28:0x00000000 x20=0x00000000
      183202000	      9058	8000a992	03137b33	remu	x22,x6,x17	  x6:0x00000000 x17:0x00000000 x22=0x00000000
      183262000	      9061	8000a996	b038b693	sltiu	x13,x17,-1277	 x17:0x00000000 x13=0x00000001
      183282000	      9062	8000a99a	34002373	csrrs	x6,mscratch,x0	  x0:0x00000000  x6=0x0000001e
      183302000	      9063	8000a99e	3408fd73	csrrci	x26,mscratch,17	 x26=0x0000001e
      183722000	      9084	8000a9a2	03829a63	bne	x5,x24,8000a9d6	  x5:0xfffff92d x24:0xf8021dff
      184082000	      9102	8000a9d6	0307ea33	rem	x20,x15,x16	 x15:0x48840002 x16:0x00000000 x20=0x48840002
      184122000	      9104	8000a9da	0182c863	blt	x5,x24,8000a9ea	  x5:0xfffff92d x24:0xf8021dff
      184142000	      9105	8000a9de	c791	c.beqz	x15,8000a9ea	 x15:0x48840002
      184542000	      9125	8000a9e0	0000100f	fence.i	
      185722000	      9184	8000a9e4	02b70b63	beq	x14,x11,8000aa1a	 x14:0x00000012 x11:0x08002208
      185742000	      9185	8000a9e8	4f51	c.li	x30,20	 x30=0x00000014
      186042000	      9200	8000a9ea	03f89e63	bne	x17,x31,8000aa26	 x17:0x00000000 x31:0x0000000b
      186562000	      9226	8000aa26	05222c13	slti	x24,x4,82	  x4:0x00000001 x24=0x00000001
      186582000	      9227	8000aa2a	02b76f63	bltu	x14,x11,8000aa68	 x14:0x00000012 x11:0x08002208
      186942000	      9245	8000aa68	8dcd	c.or	x11,x11	 x11:0x08002208 x11:0x08002208 x11=0x08002208
      186962000	      9246	8000aa6a	58c5a113	slti	x2,x11,1420	 x11:0x08002208  x2=0x00000000
      187082000	      9252	8000aa6e	020a88b3	mul	x17,x21,x0	 x21:0x0000001e  x0:0x00000000 x17=0x00000000
      187102000	      9253	8000aa72	00d3b6b3	sltu	x13,x7,x13	  x7:0x11281260 x13:0x00000001 x13=0x00000000
      187142000	      9255	8000aa76	03c96433	rem	x8,x18,x28	 x18:0x98022217 x28:0x00000000  x8=0x98022217
      187162000	      9256	8000aa7a	00801f33	sll	x30,x0,x8	  x0:0x00000000  x8:0x98022217 x30=0x00000000
      187182000	      9257	8000aa7e	0e09	c.addi	x28,2	 x28:0x00000000 x28=0x00000002
      187202000	      9258	8000aa80	ec89	c.bnez	x9,8000aa9a	  x9:0x00000000
      187682000	      9282	8000aa82	03ba30b3	mulhu	x1,x20,x27	 x20:0x48840002 x27:0xfffffcc8  x1=0x4883ff18
      187962000	      9296	8000aa86	0098c733	xor	x14,x17,x9	 x17:0x00000000  x9:0x00000000 x14=0x00000000
      188062000	      9301	8000aa8a	02baa5b3	mulhsu	x11,x21,x11	 x21:0x0000001e x11:0x08002208 x11=0x00000000
      188182000	      9307	8000aa8e	00678e63	beq	x15,x6,8000aaaa	 x15:0x48840002  x6:0x0000001e
      188302000	      9313	8000aa92	34007773	csrrci	x14,mscratch,0	 x14=0x0000000e
      188322000	      9314	8000aa96	00c59f13	slli	x30,x11,0xc	 x11:0x00000000 x30=0x00000000
      188342000	      9315	8000aa9a	40fc8433	sub	x8,x25,x15	 x25:0x80025ce4 x15:0x48840002  x8=0x377e5ce2
      188362000	      9316	8000aa9e	402b5913	srai	x18,x22,0x2	 x22:0x00000000 x18=0x00000000
      189102000	      9353	8000aaa2	034f73b3	remu	x7,x30,x20	 x30:0x00000000 x20:0x48840002  x7=0x00000000
      189122000	      9354	8000aaa6	340cf7f3	csrrci	x15,mscratch,25	 x15=0x0000000e
      189302000	      9363	8000aaaa	3c033613	sltiu	x12,x6,960	  x6:0x0000001e x12=0x00000001
      189722000	      9384	8000aaae	41ac8a33	sub	x20,x25,x26	 x25:0x80025ce4 x26:0x0000001e x20=0x80025cc6
      189742000	      9385	8000aab2	340ea3f3	csrrs	x7,mscratch,x29	 x29:0x00000000  x7=0x00000006
      189782000	      9387	8000aab6	00facc33	xor	x24,x21,x15	 x21:0x0000001e x15:0x0000000e x24=0x00000010
      189802000	      9388	8000aaba	0001	c.addi	x0,0	  x0:0x00000000  x0=0x00000000
      189822000	      9389	8000aabc	34061373	csrrw	x6,mscratch,x12	 x12:0x00000001  x6=0x00000006
      189842000	      9390	8000aac0	406c8bb3	sub	x23,x25,x6	 x25:0x80025ce4  x6:0x00000006 x23=0x80025cde
      189862000	      9391	8000aac4	1680	c.addi4spn	x8,x2,864	  x8=0x00000360
      190942000	      9445	8000aac6	03f55733	divu	x14,x10,x31	 x10:0x00000000 x31:0x0000000b x14=0x00000000
      190962000	      9446	8000aaca	8096	c.mv	x1,x5	  x0:0x00000000  x5:0xfffff92d  x1=0xfffff92d
      190982000	      9447	8000aacc	00137c33	and	x24,x6,x1	  x6:0x00000006  x1:0xfffff92d x24=0x00000004
      191002000	      9448	8000aad0	92ae	c.add	x5,x11	  x5:0xfffff92d x11:0x00000000  x5=0xfffff92d
      191022000	      9449	8000aad2	01fe4133	xor	x2,x28,x31	 x28:0x00000002 x31:0x0000000b  x2=0x00000009
      191042000	      9450	8000aad6	8dad	c.xor	x11,x11	 x11:0x00000000 x11:0x00000000 x11=0x00000000
      191082000	      9452	8000aad8	03b021b3	mulhsu	x3,x0,x27	  x0:0x00000000 x27:0xfffffcc8  x3=0x00000000
      191162000	      9456	8000aadc	4013d293	srai	x5,x7,0x1	  x7:0x00000006  x5=0x00000003
      191302000	      9463	8000aae0	0033af33	slt	x30,x7,x3	  x7:0x00000006  x3:0x00000000 x30=0x00000000
      191502000	      9473	8000aae4	717d	c.addi16sp	x2,-16	  x2:0x00000009  x2=0xfffffff9
      191522000	      9474	8000aae6	8b5d	c.andi	x14,23	 x14:0x00000000 x14=0x00000000
      191542000	      9475	8000aae8	a23db0b7	lui	x1,0xa23db	  x1=0xa23db000
      191582000	      9477	8000aaec	02922933	mulhsu	x18,x4,x9	  x4:0x00000001  x9:0x00000000 x18=0x00000000
      191602000	      9478	8000aaf0	178c	c.addi4spn	x11,x2,992	 x11=0x000003d9
      191782000	      9487	8000aaf2	34e42e93	slti	x29,x8,846	  x8:0x00000360 x29=0x00000000
      191802000	      9488	8000aaf6	00e1d313	srli	x6,x3,0xe	  x3:0x00000000  x6=0x00000000
      191822000	      9489	8000aafa	508d8417	auipc	x8,0x508d8	  x8=0xd08e2afa
      191842000	      9490	8000aafe	34006bf3	csrrsi	x23,mscratch,0	 x23=0x00000001
      191862000	      9491	8000ab02	014a8663	beq	x21,x20,8000ab0e	 x21:0x0000001e x20:0x80025cc6
      192022000	      9499	8000ab06	0293fa33	remu	x20,x7,x9	  x7:0x00000006  x9:0x00000000 x20=0x00000006
      192382000	      9517	8000ab0a	01148b63	beq	x9,x17,8000ab20	  x9:0x00000000 x17:0x00000000
      192642000	      9530	8000ab20	34056bf3	csrrsi	x23,mscratch,10	 x23=0x00000001
      192782000	      9537	8000ab24	82f9	c.srli	x13,0x1e	 x13:0x00000000 x13=0x00000000
      192802000	      9538	8000ab26	a5e3bbb7	lui	x23,0xa5e3b	 x23=0xa5e3b000
      193202000	      9558	8000ab2a	1ded8b97	auipc	x23,0x1ded8	 x23=0x9dee2b2a
      193222000	      9559	8000ab2e	04840063	beq	x8,x8,8000ab6e	  x8:0xd08e2afa  x8:0xd08e2afa
      193342000	      9565	8000ab6e	8fe5	c.and	x15,x9	 x15:0x0000000e  x9:0x00000000 x15=0x00000000
      193662000	      9581	8000ab70	83ad	c.srli	x15,0xb	 x15:0x00000000 x15=0x00000000
      193682000	      9582	8000ab72	0e1c	c.addi4spn	x15,x2,784	 x15=0x00000309
      193702000	      9583	8000ab74	405c07b3	sub	x15,x24,x5	 x24:0x00000004  x5:0x00000003 x15=0x00000001
      193722000	      9584	8000ab78	04835917	auipc	x18,0x4835	 x18=0x8483fb78
      193762000	      9586	8000ab7c	340cedf3	csrrsi	x27,mscratch,25	 x27=0x0000000b
      193922000	      9594	8000ab80	012e6733	or	x14,x28,x18	 x28:0x00000002 x18:0x8483fb78 x14=0x8483fb7a
      193942000	      9595	8000ab84	414c0eb3	sub	x29,x24,x20	 x24:0x00000004 x20:0x00000006 x29=0xfffffffe
      193962000	      9596	8000ab88	03f786b3	mul	x13,x15,x31	 x15:0x00000001 x31:0x0000000b x13=0x0000000b
      194382000	      9617	8000ab8c	00521563	bne	x4,x5,8000ab96	  x4:0x00000001  x5:0x00000003
      194882000	      9642	8000ab96	9936	c.add	x18,x13	 x18:0x8483fb78 x13:0x0000000b x18=0x8483fb83
      195242000	      9660	8000ab98	340e3673	csrrc	x12,mscratch,x28	 x28:0x00000002 x12=0x0000001b
      195602000	      9678	8000ab9c	3401ed73	csrrsi	x26,mscratch,3	 x26=0x00000019
      195622000	      9679	8000aba0	027d	c.addi	x4,31	  x4:0x00000001  x4=0x00000020
      195702000	      9683	8000aba2	01040263	beq	x8,x16,8000aba6	  x8:0xd08e2afa x16:0x00000000
      195722000	      9684	8000aba6	017554b3	srl	x9,x10,x23	 x10:0x00000000 x23:0x9dee2b2a  x9=0x00000000
      196142000	      9705	8000abaa	34022a73	csrrs	x20,mscratch,x4	  x4:0x00000020 x20=0x0000001b
      196182000	      9707	8000abae	414b8033	sub	x0,x23,x20	 x23:0x9dee2b2a x20:0x0000001b  x0=0x00000000
      196342000	      9715	8000abb2	ba392313	slti	x6,x18,-1117	 x18:0x8483fb83  x6=0x00000001
      196362000	      9716	8000abb6	9bfa	c.add	x23,x30	 x23:0x9dee2b2a x30:0x00000000 x23=0x9dee2b2a
      196622000	      9729	8000abb8	01e90763	beq	x18,x30,8000abc6	 x18:0x8483fb83 x30:0x00000000
      196642000	      9730	8000abbc	00a78d33	add	x26,x15,x10	 x15:0x00000001 x10:0x00000000 x26=0x00000001
      196662000	      9731	8000abc0	86bd	c.srai	x13,0xf	 x13:0x0000000b x13=0x00000000
      196682000	      9732	8000abc2	38e91e97	auipc	x29,0x38e91	 x29=0xb8e9bbc2
      196702000	      9733	8000abc6	0001	c.addi	x0,0	  x0:0x00000000  x0=0x00000000
      196722000	      9734	8000abc8	3402b4f3	csrrc	x9,mscratch,x5	  x5:0x00000003  x9=0x0000003b
      196942000	      9745	8000abcc	032e3a33	mulhu	x20,x28,x18	 x28:0x00000002 x18:0x8483fb83 x20=0x00000001
      197342000	      9765	8000abd0	8f45	c.or	x14,x9	 x14:0x8483fb7a  x9:0x0000003b x14=0x8483fb7b
      197442000	      9770	8000abd2	010935b3	sltu	x11,x18,x16	 x18:0x8483fb83 x16:0x00000000 x11=0x00000000
      197462000	      9771	8000abd6	8b4d	c.andi	x14,19	 x14:0x8483fb7b x14=0x00000013
      197862000	      9791	8000abd8	00e71693	slli	x13,x14,0xe	 x14:0x00000013 x13=0x0004c000
      198282000	      9812	8000abdc	9926	c.add	x18,x9	 x18:0x8483fb83  x9:0x0000003b x18=0x8483fbbe
      198302000	      9813	8000abde	951e	c.add	x10,x7	 x10:0x00000000  x7:0x00000006 x10=0x00000006
      198322000	      9814	8000abe0	8c39	c.xor	x8,x14	  x8:0xd08e2afa x14:0x00000013  x8=0xd08e2ae9
      198462000	      9821	8000abe2	00197e63	bgeu	x18,x1,8000abfe	 x18:0x8483fbbe  x1:0xa23db000
      198682000	      9832	8000abe6	05710463	beq	x2,x23,8000ac2e	  x2:0xfffffff9 x23:0x9dee2b2a
      198702000	      9833	8000abea	8e7d	c.and	x12,x15	 x12:0x0000001b x15:0x00000001 x12=0x00000001
      198722000	      9834	8000abec	f65c2713	slti	x14,x24,-155	 x24:0x00000004 x14=0x00000000
      198842000	      9840	8000abf0	020abe33	mulhu	x28,x21,x0	 x21:0x0000001e  x0:0x00000000 x28=0x00000000
      198862000	      9841	8000abf4	87bd	c.srai	x15,0xf	 x15:0x00000001 x15=0x00000000
      198882000	      9842	8000abf6	44f13c13	sltiu	x24,x2,1103	  x2:0xfffffff9 x24=0x00000000
      198902000	      9843	8000abfa	4067d013	srai	x0,x15,0x6	 x15:0x00000000  x0=0x00000000
      198922000	      9844	8000abfe	00ce	c.slli	x1,0x13	  x1:0xa23db000  x1=0x80000000
      199422000	      9869	8000ac00	3403d6f3	csrrwi	x13,mscratch,7	 x13=0x00000038
      199842000	      9890	8000ac04	02a484b3	mul	x9,x9,x10	  x9:0x0000003b x10:0x00000006  x9=0x00000162
      199862000	      9891	8000ac08	9dade193	ori	x3,x27,-1574	 x27:0x0000000b  x3=0xfffff9db
      200282000	      9912	8000ac0c	0145fdb3	and	x27,x11,x20	 x11:0x00000000 x20:0x00000001 x27=0x00000000
      201422000	      9969	8000ac10	0334d1b3	divu	x3,x9,x19	  x9:0x00000162 x19:0x80021df8  x3=0x00000000
      201442000	      9970	8000ac14	34007773	csrrci	x14,mscratch,0	 x14=0x00000007
      201462000	      9971	8000ac18	40fcd113	srai	x2,x25,0xf	 x25:0x80025ce4  x2=0xffff0004
      201482000	      9972	8000ac1c	34003df3	csrrc	x27,mscratch,x0	  x0:0x00000000 x27=0x00000007
      201502000	      9973	8000ac20	8a3e	c.mv	x20,x15	  x0:0x00000000 x15:0x00000000 x20=0x00000000
      201522000	      9974	8000ac22	00a92bb3	slt	x23,x18,x10	 x18:0x8483fbbe x10:0x00000006 x23=0x00000001
      201742000	      9985	8000ac26	34002d73	csrrs	x26,mscratch,x0	  x0:0x00000000 x26=0x00000007
      202262000	     10011	8000ac2a	85bb3eb7	lui	x29,0x85bb3	 x29=0x85bb3000
      203002000	     10048	8000ac2e	03dd6033	rem	x0,x26,x29	 x26:0x00000007 x29:0x85bb3000  x0=0x00000000
      203022000	     10049	8000ac32	340f2873	csrrs	x16,mscratch,x30	 x30:0x00000000 x16=0x00000007
      203042000	     10050	8000ac36	01a0c763	blt	x1,x26,8000ac44	  x1:0x80000000 x26:0x00000007
      203082000	     10052	8000ac44	293f6213	ori	x4,x30,659	 x30:0x00000000  x4=0x00000293
      204102000	     10103	8000ac48	03d5d2b3	divu	x5,x11,x29	 x11:0x00000000 x29:0x85bb3000  x5=0x00000000
      204122000	     10104	8000ac4c	05cd1063	bne	x26,x28,8000ac8c	 x26:0x00000007 x28:0x00000000
      204722000	     10134	8000ac8c	8ff9	c.and	x15,x14	 x15:0x00000000 x14:0x00000007 x15=0x00000000
      204862000	     10141	8000ac8e	022cbdb3	mulhu	x27,x25,x2	 x25:0x80025ce4  x2:0xffff0004 x27=0x8001dce3
      204882000	     10142	8000ac92	8ea1	c.xor	x13,x8	 x13:0x00000038  x8:0xd08e2ae9 x13=0xd08e2ad1
      204902000	     10143	8000ac94	34075473	csrrwi	x8,mscratch,14	  x8=0x00000007
      204922000	     10144	8000ac98	00c49333	sll	x6,x9,x12	  x9:0x00000162 x12:0x00000001  x6=0x000002c4
      205302000	     10163	8000ac9c	8ec9	c.or	x13,x10	 x13:0xd08e2ad1 x10:0x00000006 x13=0xd08e2ad7
      205482000	     10172	8000ac9e	0314d133	divu	x2,x9,x17	  x9:0x00000162 x17:0x00000000  x2=0xffffffff
      205502000	     10173	8000aca2	187d	c.addi	x16,-1	 x16:0x00000007 x16=0x00000006
      205882000	     10192	8000aca4	40055493	srai	x9,x10,0x0	 x10:0x00000006  x9=0x00000006
      206062000	     10201	8000aca8	0001	c.addi	x0,0	  x0:0x00000000  x0=0x00000000
      206082000	     10202	8000acaa	80dd	c.srli	x9,0x17	  x9:0x00000006  x9=0x00000000
      206102000	     10203	8000acac	8fa1	c.xor	x15,x8	 x15:0x00000000  x8:0x00000007 x15=0x00000007
      206382000	     10217	8000acae	036b5f63	bge	x22,x22,8000acec	 x22:0x00000000 x22:0x00000000
      206502000	     10223	8000acec	01704e63	blt	x0,x23,8000ad08	  x0:0x00000000 x23:0x00000001
      206642000	     10230	8000ad08	340d56f3	csrrwi	x13,mscratch,26	 x13=0x0000000e
      206802000	     10238	8000ad0c	340074f3	csrrci	x9,mscratch,0	  x9=0x0000001a
      206982000	     10247	8000ad10	340ee573	csrrsi	x10,mscratch,29	 x10=0x0000001a
      207402000	     10268	8000ad14	0001	c.addi	x0,0	  x0:0x00000000  x0=0x00000000
      207702000	     10283	8000ad16	05f77263	bgeu	x14,x31,8000ad5a	 x14:0x00000007 x31:0x0000000b
      207962000	     10296	8000ad1a	010dc3b3	xor	x7,x27,x16	 x27:0x8001dce3 x16:0x00000006  x7=0x8001dce5
      208342000	     10315	8000ad1e	006c1863	bne	x24,x6,8000ad2e	 x24:0x00000000  x6:0x000002c4
      209722000	     10384	8000ad2e	f5327493	andi	x9,x4,-173	  x4:0x00000293  x9=0x00000213
      209902000	     10393	8000ad32	28883213	sltiu	x4,x16,648	 x16:0x00000006  x4=0x00000001
      209922000	     10394	8000ad36	0001	c.addi	x0,0	  x0:0x00000000  x0=0x00000000
      210102000	     10403	8000ad38	4b877037	lui	x0,0x4b877	  x0=0x00000000
      210502000	     10423	8000ad3c	38f88513	addi	x10,x17,911	 x17:0x00000000 x10=0x0000038f
      210522000	     10424	8000ad40	81c9	c.srli	x11,0x12	 x11:0x00000000 x11=0x00000000
      210542000	     10425	8000ad42	c1b1	c.beqz	x11,8000ad86	 x11:0x00000000
      211062000	     10451	8000ad86	01b85213	srli	x4,x16,0x1b	 x16:0x00000006  x4=0x00000000
      211122000	     10454	8000ad8a	05ff1163	bne	x30,x31,8000adcc	 x30:0x00000000 x31:0x0000000b
      212122000	     10504	8000adcc	0168f263	bgeu	x17,x22,8000add0	 x17:0x00000000 x22:0x00000000
      212542000	     10525	8000add0	00f8d493	srli	x9,x17,0xf	 x17:0x00000000  x9=0x00000000
      212662000	     10531	8000add4	87b1	c.srai	x15,0xc	 x15:0x00000007 x15=0x00000000
      216822000	     10739	8000add6	34006873	csrrsi	x16,mscratch,0	 x16=0x0000001f
      216842000	     10740	8000adda	410706b3	sub	x13,x14,x16	 x14:0x00000007 x16:0x0000001f x13=0xffffffe8
      216862000	     10741	8000adde	00b946b3	xor	x13,x18,x11	 x18:0x8483fbbe x11:0x00000000 x13=0x8483fbbe
      216882000	     10742	8000ade2	53ef0493	addi	x9,x30,1342	 x30:0x00000000  x9=0x0000053e
      216902000	     10743	8000ade6	e905	c.bnez	x10,8000ae16	 x10:0x0000038f
      217482000	     10772	8000ae16	00d581b3	add	x3,x11,x13	 x11:0x00000000 x13:0x8483fbbe  x3=0x8483fbbe
      217502000	     10773	8000ae1a	a29ecf13	xori	x30,x29,-1495	 x29:0x85bb3000 x30=0x7a44ca29
      217522000	     10774	8000ae1e	952ac713	xori	x14,x21,-1710	 x21:0x0000001e x14=0xfffff94c
      217542000	     10775	8000ae22	e499	c.bnez	x9,8000ae30	  x9:0x0000053e
      217942000	     10795	8000ae30	034c2333	mulhsu	x6,x24,x20	 x24:0x00000000 x20:0x00000000  x6=0x00000000
      218682000	     10832	8000ae34	0239c7b3	div	x15,x19,x3	 x19:0x80021df8  x3:0x8483fbbe x15=0x00000001
      218702000	     10833	8000ae38	8d45	c.or	x10,x9	 x10:0x0000038f  x9:0x0000053e x10=0x000007bf
      218722000	     10834	8000ae3a	00539893	slli	x17,x7,0x5	  x7:0x8001dce5 x17=0x003b9ca0
      218742000	     10835	8000ae3e	f4fbf313	andi	x6,x23,-177	 x23:0x00000001  x6=0x00000001
      218762000	     10836	8000ae42	8c4d	c.or	x8,x11	  x8:0x00000007 x11:0x00000000  x8=0x00000007
      218782000	     10837	8000ae44	f07b7f13	andi	x30,x22,-249	 x22:0x00000000 x30=0x00000000
      218802000	     10838	8000ae48	03121263	bne	x4,x17,8000ae6c	  x4:0x00000000 x17:0x003b9ca0
      219122000	     10854	8000ae6c	340062f3	csrrsi	x5,mscratch,0	  x5=0x0000001f
      219502000	     10873	8000ae70	0301dd63	bge	x3,x16,8000aeaa	  x3:0x8483fbbe x16:0x0000001f
      219562000	     10876	8000ae74	01ce53b3	srl	x7,x28,x28	 x28:0x00000000 x28:0x00000000  x7=0x00000000
      219582000	     10877	8000ae78	340aa473	csrrs	x8,mscratch,x21	 x21:0x0000001e  x8=0x0000001f
      220322000	     10914	8000ae7c	031fd733	divu	x14,x31,x17	 x31:0x0000000b x17:0x003b9ca0 x14=0x00000000
      220342000	     10915	8000ae80	01295233	srl	x4,x18,x18	 x18:0x8483fbbe x18:0x8483fbbe  x4=0x00000002
      220362000	     10916	8000ae84	031e	c.slli	x6,0x7	  x6:0x00000001  x6=0x00000080
      220382000	     10917	8000ae86	016a38b3	sltu	x17,x20,x22	 x20:0x00000000 x22:0x00000000 x17=0x00000000
      220402000	     10918	8000ae8a	987d	c.andi	x8,-1	  x8:0x0000001f  x8=0x0000001f
      220422000	     10919	8000ae8c	567d	c.li	x12,-1	 x12=0xffffffff
      220442000	     10920	8000ae8e	9ee5fb37	lui	x22,0x9ee5f	 x22=0x9ee5f000
      220462000	     10921	8000ae92	8d8d	c.sub	x11,x11	 x11:0x00000000 x11:0x00000000 x11=0x00000000
      220482000	     10922	8000ae94	0076e763	bltu	x13,x7,8000aea2	 x13:0x8483fbbe  x7:0x00000000
      220882000	     10942	8000ae98	8c09	c.sub	x8,x10	  x8:0x0000001f x10:0x000007bf  x8=0xfffff860
      220902000	     10943	8000ae9a	340eff73	csrrci	x30,mscratch,29	 x30=0x0000001f
      220942000	     10945	8000ae9e	4095d393	srai	x7,x11,0x9	 x11:0x00000000  x7=0x00000000
      220982000	     10947	8000aea2	0116fb33	and	x22,x13,x17	 x13:0x8483fbbe x17:0x00000000 x22=0x00000000
      221002000	     10948	8000aea6	717d	c.addi16sp	x2,-16	  x2:0xffffffff  x2=0xffffffef
      221162000	     10956	8000aea8	8cb5	c.xor	x9,x13	  x9:0x0000053e x13:0x8483fbbe  x9=0x8483fe80
      221182000	     10957	8000aeaa	0135cc63	blt	x11,x19,8000aec2	 x11:0x00000000 x19:0x80021df8
      221202000	     10958	8000aeae	137d	c.addi	x6,-1	  x6:0x00000080  x6=0x0000007f
      221222000	     10959	8000aeb0	84bd	c.srai	x9,0xf	  x9:0x8483fe80  x9=0xffff0907
      221262000	     10961	8000aeb2	03607c33	remu	x24,x0,x22	  x0:0x00000000 x22:0x00000000 x24=0x00000000
      221282000	     10962	8000aeb6	011cf0b3	and	x1,x25,x17	 x25:0x80025ce4 x17:0x00000000  x1=0x00000000
      221322000	     10964	8000aeba	1f18b917	auipc	x18,0x1f18b	 x18=0x9f195eba
      221482000	     10972	8000aebe	2ded7413	andi	x8,x26,734	 x26:0x00000007  x8=0x00000006
      221502000	     10973	8000aec2	e7269d37	lui	x26,0xe7269	 x26=0xe7269000
      221522000	     10974	8000aec6	9afd	c.andi	x13,-1	 x13:0x8483fbbe x13=0x8483fbbe
      221622000	     10979	8000aec8	001ab833	sltu	x16,x21,x1	 x21:0x0000001e  x1:0x00000000 x16=0x00000000
      221722000	     10984	8000aecc	8eea	c.mv	x29,x26	  x0:0x00000000 x26:0xe7269000 x29=0xe7269000
      222142000	     11005	8000aece	03ed3833	mulhu	x16,x26,x30	 x26:0xe7269000 x30:0x0000001f x16=0x0000001b
      222162000	     11006	8000aed2	04328263	beq	x5,x3,8000af16	  x5:0x0000001f  x3:0x8483fbbe
      222182000	     11007	8000aed6	717d	c.addi16sp	x2,-16	  x2:0xffffffef  x2=0xffffffdf
      222202000	     11008	8000aed8	86c9	c.srai	x13,0x12	 x13:0x8483fbbe x13=0xffffe120
      222222000	     11009	8000aeda	02e71a63	bne	x14,x14,8000af0e	 x14:0x00000000 x14:0x00000000
      222242000	     11010	8000aede	00a71093	slli	x1,x14,0xa	 x14:0x00000000  x1=0x00000000
      222262000	     11011	8000aee2	01bf1713	slli	x14,x30,0x1b	 x30:0x0000001f x14=0xf8000000
      223042000	     11050	8000aee6	03dbd633	divu	x12,x23,x29	 x23:0x00000001 x29:0xe7269000 x12=0x00000000
      223062000	     11051	8000aeea	34006073	csrrsi	x0,mscratch,0	  x0=0x00000000
      223082000	     11052	8000aeee	c2521917	auipc	x18,0xc2521	 x18=0x4252beee
      223102000	     11053	8000aef2	410f56b3	sra	x13,x30,x16	 x30:0x0000001f x16:0x0000001b x13=0x00000000
      223122000	     11054	8000aef6	3404ba73	csrrc	x20,mscratch,x9	  x9:0xffff0907 x20=0x00000002
      223142000	     11055	8000aefa	98fa	c.add	x17,x30	 x17:0x00000000 x30:0x0000001f x17=0x0000001f
      223162000	     11056	8000aefc	00aaa2b3	slt	x5,x21,x10	 x21:0x0000001e x10:0x000007bf  x5=0x00000001
      223322000	     11064	8000af00	8e69	c.and	x12,x10	 x12:0x00000000 x10:0x000007bf x12=0x00000000
      223342000	     11065	8000af02	8686	c.mv	x13,x1	  x0:0x00000000  x1:0x00000000 x13=0x00000000
      223362000	     11066	8000af04	411a83b3	sub	x7,x21,x17	 x21:0x0000001e x17:0x0000001f  x7=0xffffffff
      223382000	     11067	8000af08	023e	c.slli	x4,0xf	  x4:0x00000002  x4=0x00010000
      223422000	     11069	8000af0a	03c85db3	divu	x27,x16,x28	 x16:0x0000001b x28:0x00000000 x27=0xffffffff
      223602000	     11078	8000af0e	000d01b3	add	x3,x26,x0	 x26:0xe7269000  x0:0x00000000  x3=0xe7269000
      224342000	     11115	8000af12	035cd033	divu	x0,x25,x21	 x25:0x80025ce4 x21:0x0000001e  x0=0x00000000
      224362000	     11116	8000af16	8e61	c.and	x12,x8	 x12:0x00000000  x8:0x00000006 x12=0x00000000
      224382000	     11117	8000af18	8ac1	c.andi	x13,16	 x13:0x00000000 x13=0x00000000
      224402000	     11118	8000af1a	826d	c.srli	x12,0x1b	 x12:0x00000000 x12=0x00000000
      224422000	     11119	8000af1c	00655713	srli	x14,x10,0x6	 x10:0x000007bf x14=0x0000001e
      224442000	     11120	8000af20	01a34763	blt	x6,x26,8000af2e	  x6:0x0000007f x26:0xe7269000
      224462000	     11121	8000af24	c499	c.beqz	x9,8000af32	  x9:0xffff0907
      224482000	     11122	8000af26	6bb0abb7	lui	x23,0x6bb0a	 x23=0x6bb0a000
      224502000	     11123	8000af2a	0aa1a913	slti	x18,x3,170	  x3:0xe7269000 x18=0x00000001
      225382000	     11167	8000af2e	03586d33	rem	x26,x16,x21	 x16:0x0000001b x21:0x0000001e x26=0x0000001b
      225402000	     11168	8000af32	0001	c.addi	x0,0	  x0:0x00000000  x0=0x00000000
      225422000	     11169	8000af34	0001	c.addi	x0,0	  x0:0x00000000  x0=0x00000000
      225442000	     11170	8000af36	0073d413	srli	x8,x7,0x7	  x7:0xffffffff  x8=0x01ffffff
      225462000	     11171	8000af3a	f7087293	andi	x5,x16,-144	 x16:0x0000001b  x5=0x00000010
      225482000	     11172	8000af3e	014d1213	slli	x4,x26,0x14	 x26:0x0000001b  x4=0x01b00000
      225502000	     11173	8000af42	0141e563	bltu	x3,x20,8000af4c	  x3:0xe7269000 x20:0x00000002
      225522000	     11174	8000af46	0b96	c.slli	x23,0x5	 x23:0x6bb0a000 x23=0x76140000
      226122000	     11204	8000af48	008ea033	slt	x0,x29,x8	 x29:0xe7269000  x8:0x01ffffff  x0=0x00000000
      226142000	     11205	8000af4c	0001	c.addi	x0,0	  x0:0x00000000  x0=0x00000000
      226162000	     11206	8000af4e	8cc5	c.or	x9,x9	  x9:0xffff0907  x9:0xffff0907  x9=0xffff0907
      226322000	     11214	8000af50	9462	c.add	x8,x24	  x8:0x01ffffff x24:0x00000000  x8=0x01ffffff
      226602000	     11228	8000af52	000fd193	srli	x3,x31,0x0	 x31:0x0000000b  x3=0x0000000b
      226622000	     11229	8000af56	0cf8eb97	auipc	x23,0xcf8e	 x23=0x8cf98f56
      227762000	     11286	8000af5a	037e58b3	divu	x17,x28,x23	 x28:0x00000000 x23:0x8cf98f56 x17=0x00000000
      227802000	     11288	8000af5e	024111b3	mulh	x3,x2,x4	  x2:0xffffffdf  x4:0x01b00000  x3=0xffffffff
      227822000	     11289	8000af62	c785	c.beqz	x15,8000af8a	 x15:0x00000001
      227862000	     11291	8000af64	02e8a933	mulhsu	x18,x17,x14	 x17:0x00000000 x14:0x0000001e x18=0x00000000
      227882000	     11292	8000af68	3406d8f3	csrrwi	x17,mscratch,13	 x17=0x00000000
      227902000	     11293	8000af6c	34019973	csrrw	x18,mscratch,x3	  x3:0xffffffff x18=0x0000000d
      227942000	     11295	8000af70	03701a33	mulh	x20,x0,x23	  x0:0x00000000 x23:0x8cf98f56 x20=0x00000000
      228002000	     11298	8000af74	078b7b13	andi	x22,x22,120	 x22:0x00000000 x22=0x00000000
      228142000	     11305	8000af78	8ee5	c.and	x13,x9	 x13:0x00000000  x9:0xffff0907 x13=0x00000000
      228322000	     11314	8000af7a	022511b3	mulh	x3,x10,x2	 x10:0x000007bf  x2:0xffffffdf  x3=0xffffffff
      228342000	     11315	8000af7e	e412bd93	sltiu	x27,x5,-447	  x5:0x00000010 x27=0x00000001
      228522000	     11324	8000af82	014c3d33	sltu	x26,x24,x20	 x24:0x00000000 x20:0x00000000 x26=0x00000000
      228902000	     11343	8000af86	09450093	addi	x1,x10,148	 x10:0x000007bf  x1=0x00000853
      228922000	     11344	8000af8a	00f71bb3	sll	x23,x14,x15	 x14:0x0000001e x15:0x00000001 x23=0x0000003c
      229062000	     11351	8000af8e	03105433	divu	x8,x0,x17	  x0:0x00000000 x17:0x00000000  x8=0xffffffff
      229102000	     11353	8000af92	0236a733	mulhsu	x14,x13,x3	 x13:0x00000000  x3:0xffffffff x14=0x00000000
      229202000	     11358	8000af96	0215b533	mulhu	x10,x11,x1	 x11:0x00000000  x1:0x00000853 x10=0x00000000
      229362000	     11366	8000af9a	0115ae33	slt	x28,x11,x17	 x11:0x00000000 x17:0x00000000 x28=0x00000000
      229522000	     11374	8000af9e	00ca17b3	sll	x15,x20,x12	 x20:0x00000000 x12:0x00000000 x15=0x00000000
      229762000	     11386	8000afa2	02f6c533	div	x10,x13,x15	 x13:0x00000000 x15:0x00000000 x10=0xffffffff
      229782000	     11387	8000afa6	340d17f3	csrrw	x15,mscratch,x26	 x26:0x00000000 x15=0xffffffff
      229802000	     11388	8000afaa	086d	c.addi	x16,27	 x16:0x0000001b x16=0x00000036
      229822000	     11389	8000afac	0001	c.addi	x0,0	  x0:0x00000000  x0=0x00000000
      230202000	     11408	8000afae	0ff0000f	fence	iorw,iorw	
      230222000	     11409	8000afb2	8411	c.srai	x8,0x4	  x8:0xffffffff  x8=0xffffffff
      230262000	     11411	8000afb4	010c5eb3	srl	x29,x24,x16	 x24:0x00000000 x16:0x00000036 x29=0x00000000
      230342000	     11415	8000afb8	50530813	addi	x16,x6,1285	  x6:0x0000007f x16=0x00000584
      230422000	     11419	8000afbc	83ad	c.srli	x15,0xb	 x15:0xffffffff x15=0x001fffff
      230442000	     11420	8000afbe	ef01	c.bnez	x14,8000afd6	 x14:0x00000000
      230462000	     11421	8000afc0	340533f3	csrrc	x7,mscratch,x10	 x10:0xffffffff  x7=0x00000000
      230482000	     11422	8000afc4	01e01613	slli	x12,x0,0x1e	  x0:0x00000000 x12=0x00000000
      230502000	     11423	8000afc8	340756f3	csrrwi	x13,mscratch,14	 x13=0x00000000
      230982000	     11447	8000afcc	40150e33	sub	x28,x10,x1	 x10:0xffffffff  x1:0x00000853 x28=0xfffff7ac
      231042000	     11450	8000afd0	03affeb3	remu	x29,x31,x26	 x31:0x0000000b x26:0x00000000 x29=0x0000000b
      231062000	     11451	8000afd4	936a	c.add	x6,x26	  x6:0x0000007f x26:0x00000000  x6=0x0000007f
      231082000	     11452	8000afd6	3e8f2d13	slti	x26,x30,1000	 x30:0x0000001f x26=0x00000001
      231182000	     11457	8000afda	01be5693	srli	x13,x28,0x1b	 x28:0xfffff7ac x13=0x0000001f
      231662000	     11481	8000afde	010eda13	srli	x20,x29,0x10	 x29:0x0000000b x20=0x00000000
      231682000	     11482	8000afe2	1984	c.addi4spn	x9,x2,240	  x9=0x000000cf
      231702000	     11483	8000afe4	871a	c.mv	x14,x6	  x0:0x00000000  x6:0x0000007f x14=0x0000007f
      231722000	     11484	8000afe6	e13be893	ori	x17,x23,-493	 x23:0x0000003c x17=0xfffffe3f
      231742000	     11485	8000afea	730bc393	xori	x7,x23,1840	 x23:0x0000003c  x7=0x0000070c
      231762000	     11486	8000afee	03b37863	bgeu	x6,x27,8000b01e	  x6:0x0000007f x27:0x00000001
      232382000	     11517	8000b01e	8d6d	c.and	x10,x11	 x10:0xffffffff x11:0x00000000 x10=0x00000000
      232422000	     11519	8000b020	340023f3	csrrs	x7,mscratch,x0	  x0:0x00000000  x7=0x0000000e
      232842000	     11540	8000b024	40ef5393	srai	x7,x30,0xe	 x30:0x0000001f  x7=0x00000000
      233262000	     11561	8000b028	6105	c.addi16sp	x2,32	  x2:0xffffffdf  x2=0xffffffff
      233282000	     11562	8000b02a	87fd	c.srai	x15,0x1f	 x15:0x001fffff x15=0x00000000
      233582000	     11577	8000b02c	01e51333	sll	x6,x10,x30	 x10:0x00000000 x30:0x0000001f  x6=0x00000000
      233942000	     11595	8000b030	008a9e13	slli	x28,x21,0x8	 x21:0x0000001e x28=0x00001e00
      233962000	     11596	8000b034	41af01b3	sub	x3,x30,x26	 x30:0x0000001f x26:0x00000001  x3=0x0000001e
      234122000	     11604	8000b038	3406d073	csrrwi	x0,mscratch,13	  x0=0x00000000
      234262000	     11611	8000b03c	00bf1393	slli	x7,x30,0xb	 x30:0x0000001f  x7=0x0000f800
      234442000	     11620	8000b040	407c51b3	sra	x3,x24,x7	 x24:0x00000000  x7:0x0000f800  x3=0x00000000
      234522000	     11624	8000b044	03c3c863	blt	x7,x28,8000b074	  x7:0x0000f800 x28:0x00001e00
      234542000	     11625	8000b048	8092	c.mv	x1,x4	  x0:0x00000000  x4:0x01b00000  x1=0x01b00000
      234822000	     11639	8000b04a	00aa9013	slli	x0,x21,0xa	 x21:0x0000001e  x0=0x00000000
      235242000	     11660	8000b04e	40608ab3	sub	x21,x1,x6	  x1:0x01b00000  x6:0x00000000 x21=0x01b00000
      235402000	     11668	8000b052	0217cd63	blt	x15,x1,8000b08c	 x15:0x00000000  x1:0x01b00000
      235622000	     11679	8000b08c	41f7d2b3	sra	x5,x15,x31	 x15:0x00000000 x31:0x0000000b  x5=0x00000000
      235822000	     11689	8000b090	8a354a13	xori	x20,x10,-1885	 x10:0x00000000 x20=0xfffff8a3
      235882000	     11692	8000b094	97ae	c.add	x15,x11	 x15:0x00000000 x11:0x00000000 x15=0x00000000
      235902000	     11693	8000b096	4116d293	srai	x5,x13,0x11	 x13:0x0000001f  x5=0x00000000
      236042000	     11700	8000b09a	0089d133	srl	x2,x19,x8	 x19:0x80021df8  x8:0xffffffff  x2=0x00000001
      236462000	     11721	8000b09e	007fe263	bltu	x31,x7,8000b0a2	 x31:0x0000000b  x7:0x0000f800
      237322000	     11764	8000b0a2	01c61c13	slli	x24,x12,0x1c	 x12:0x00000000 x24=0x00000000
      237342000	     11765	8000b0a6	98de	c.add	x17,x23	 x17:0xfffffe3f x23:0x0000003c x17=0xfffffe7b
      237362000	     11766	8000b0a8	cd89	c.beqz	x11,8000b0c2	 x11:0x00000000
      237662000	     11781	8000b0c2	015ac333	xor	x6,x21,x21	 x21:0x01b00000 x21:0x01b00000  x6=0x00000000
      237682000	     11782	8000b0c6	8145	c.srli	x10,0x11	 x10:0x00000000 x10=0x00000000
      237702000	     11783	8000b0c8	7fe4ce93	xori	x29,x9,2046	  x9:0x000000cf x29=0x00000731
      237782000	     11787	8000b0cc	987d	c.andi	x8,-1	  x8:0xffffffff  x8=0xffffffff
      237802000	     11788	8000b0ce	1c7d	c.addi	x24,-1	 x24:0x00000000 x24=0xffffffff
      237842000	     11790	8000b0d0	7adec293	xori	x5,x29,1965	 x29:0x00000731  x5=0x0000009c
      237902000	     11793	8000b0d4	8eb9	c.xor	x13,x14	 x13:0x0000001f x14:0x0000007f x13=0x00000060
      237922000	     11794	8000b0d6	187d	c.addi	x16,-1	 x16:0x00000584 x16=0x00000583
      237942000	     11795	8000b0d8	8f2d	c.xor	x14,x11	 x14:0x0000007f x11:0x00000000 x14=0x0000007f
      238042000	     11800	8000b0da	13eb7493	andi	x9,x22,318	 x22:0x00000000  x9=0x00000000
      238062000	     11801	8000b0de	c595	c.beqz	x11,8000b10a	 x11:0x00000000
      238722000	     11834	8000b10a	05dbe163	bltu	x23,x29,8000b14c	 x23:0x0000003c x29:0x00000731
      239242000	     11860	8000b14c	daf93793	sltiu	x15,x18,-593	 x18:0x0000000d x15=0x00000001
      239282000	     11862	8000b150	0372da63	bge	x5,x23,8000b184	  x5:0x0000009c x23:0x0000003c
      239522000	     11874	8000b184	7ba20537	lui	x10,0x7ba20	 x10=0x7ba20000
      239942000	     11895	8000b188	01f6a6b3	slt	x13,x13,x31	 x13:0x00000060 x31:0x0000000b x13=0x00000000
      240362000	     11916	8000b18c	6139	c.addi16sp	x2,448	  x2:0x00000001  x2=0x000001c1
      241102000	     11953	8000b18e	03555d33	divu	x26,x10,x21	 x10:0x7ba20000 x21:0x01b00000 x26=0x00000049
      257062000	     12751	8000b192	87e2	c.mv	x15,x24	  x0:0x00000000 x24:0xffffffff x15=0xffffffff
      257082000	     12752	8000b194	0001	c.addi	x0,0	  x0:0x00000000  x0=0x00000000
      257102000	     12753	8000b196	340276f3	csrrci	x13,mscratch,4	 x13=0x0000000d
      257122000	     12754	8000b19a	4163dc13	srai	x24,x7,0x16	  x7:0x0000f800 x24=0x00000000
      257862000	     12791	8000b19e	032b50b3	divu	x1,x22,x18	 x22:0x00000000 x18:0x0000000d  x1=0x00000000
      257882000	     12792	8000b1a2	896d	c.andi	x10,27	 x10:0x7ba20000 x10=0x00000000
      257902000	     12793	8000b1a4	88d6	c.mv	x17,x21	  x0:0x00000000 x21:0x01b00000 x17=0x01b00000
      257922000	     12794	8000b1a6	e609	c.bnez	x12,8000b1b0	 x12:0x00000000
      257942000	     12795	8000b1a8	0dba	c.slli	x27,0xe	 x27:0x00000001 x27=0x00004000
      257962000	     12796	8000b1aa	4564f113	andi	x2,x9,1110	  x9:0x00000000  x2=0x00000000
      257982000	     12797	8000b1ae	c01d	c.beqz	x8,8000b1d4	  x8:0xffffffff
      258002000	     12798	8000b1b0	0001	c.addi	x0,0	  x0:0x00000000  x0=0x00000000
      258022000	     12799	8000b1b2	412650b3	sra	x1,x12,x18	 x12:0x00000000 x18:0x0000000d  x1=0x00000000
      258062000	     12801	8000b1b6	029056b3	divu	x13,x0,x9	  x0:0x00000000  x9:0x00000000 x13=0xffffffff
      258082000	     12802	8000b1ba	717d	c.addi16sp	x2,-16	  x2:0x00000000  x2=0xfffffff0
      258102000	     12803	8000b1bc	e3a4f213	andi	x4,x9,-454	  x9:0x00000000  x4=0x00000000
      258462000	     12821	8000b1c0	3409fb73	csrrci	x22,mscratch,19	 x22=0x00000009
      258722000	     12834	8000b1c4	1899c493	xori	x9,x19,393	 x19:0x80021df8  x9=0x80021c71
      258742000	     12835	8000b1c8	3406d3f3	csrrwi	x7,mscratch,13	  x7=0x00000008
      258902000	     12843	8000b1cc	02342bb3	mulhsu	x23,x8,x3	  x8:0xffffffff  x3:0x00000000 x23=0x00000000
      258922000	     12844	8000b1d0	acc633b7	lui	x7,0xacc63	  x7=0xacc63000
      258942000	     12845	8000b1d4	6329	c.lui	x6,0xa	  x6=0x0000a000
      258962000	     12846	8000b1d6	9bfd	c.andi	x15,-1	 x15:0xffffffff x15=0xffffffff
      258982000	     12847	8000b1d8	8e41	c.or	x12,x8	 x12:0x00000000  x8:0xffffffff x12=0xffffffff
      259142000	     12855	8000b1da	03f3ab33	mulhsu	x22,x7,x31	  x7:0xacc63000 x31:0x0000000b x22=0xfffffffc
      259262000	     12861	8000b1de	3b260db7	lui	x27,0x3b260	 x27=0x3b260000
      259302000	     12863	8000b1e2	04dac163	blt	x21,x13,8000b224	 x21:0x01b00000 x13:0xffffffff
      259322000	     12864	8000b1e6	8e4d	c.or	x12,x11	 x12:0xffffffff x11:0x00000000 x12=0xffffffff
      259722000	     12884	8000b1e8	02818db3	mul	x27,x3,x8	  x3:0x00000000  x8:0xffffffff x27=0x00000000
      259742000	     12885	8000b1ec	4201	c.li	x4,0	  x4=0x00000000
      259762000	     12886	8000b1ee	cc9d	c.beqz	x9,8000b22c	  x9:0x80021c71
      259962000	     12896	8000b1f0	c509	c.beqz	x10,8000b1fa	 x10:0x00000000
      260242000	     12910	8000b1fa	3406d173	csrrwi	x2,mscratch,13	  x2=0x0000000d
      260342000	     12915	8000b1fe	033f0533	mul	x10,x30,x19	 x30:0x0000001f x19:0x80021df8 x10=0x8041a108
      260362000	     12916	8000b202	41395333	sra	x6,x18,x19	 x18:0x0000000d x19:0x80021df8  x6=0x00000000
      260382000	     12917	8000b206	9af6	c.add	x21,x29	 x21:0x01b00000 x29:0x00000731 x21=0x01b00731
      260782000	     12937	8000b208	340738f3	csrrc	x17,mscratch,x14	 x14:0x0000007f x17=0x0000000d
      260962000	     12946	8000b20c	033f9a63	bne	x31,x19,8000b240	 x31:0x0000000b x19:0x80021df8
      261762000	     12986	8000b240	02fcbdb3	mulhu	x27,x25,x15	 x25:0x80025ce4 x15:0xffffffff x27=0x80025ce3
      262162000	     13006	8000b244	0253ee63	bltu	x7,x5,8000b280	  x7:0xacc63000  x5:0x0000009c
      262182000	     13007	8000b248	34003af3	csrrc	x21,mscratch,x0	  x0:0x00000000 x21=0x00000000
      262342000	     13015	8000b24c	00a59663	bne	x11,x10,8000b258	 x11:0x00000000 x10:0x8041a108
      262562000	     13026	8000b258	04809163	bne	x1,x8,8000b29a	  x1:0x00000000  x8:0xffffffff
      263162000	     13056	8000b29a	00127e63	bgeu	x4,x1,8000b2b6	  x4:0x00000000  x1:0x00000000
      263782000	     13087	8000b2b6	0856	c.slli	x16,0x15	 x16:0x00000583 x16=0xb0600000
      264222000	     13109	8000b2b8	862d	c.srai	x12,0xb	 x12:0xffffffff x12=0xffffffff
      264962000	     13146	8000b2ba	029ccc33	div	x24,x25,x9	 x25:0x80025ce4  x9:0x80021c71 x24=0x00000000
      264982000	     13147	8000b2be	00b6c1b3	xor	x3,x13,x11	 x13:0xffffffff x11:0x00000000  x3=0xffffffff
      265002000	     13148	8000b2c2	8629	c.srai	x12,0xa	 x12:0xffffffff x12=0xffffffff
      265022000	     13149	8000b2c4	0001	c.addi	x0,0	  x0:0x00000000  x0=0x00000000
      265042000	     13150	8000b2c6	01be3eb3	sltu	x29,x28,x27	 x28:0x00001e00 x27:0x80025ce3 x29=0x00000001
      265062000	     13151	8000b2ca	c785	c.beqz	x15,8000b2f2	 x15:0xffffffff
      265082000	     13152	8000b2cc	717d	c.addi16sp	x2,-16	  x2:0x0000000d  x2=0xfffffffd
      265102000	     13153	8000b2ce	0ff0000f	fence	iorw,iorw	
      265122000	     13154	8000b2d2	01b4da63	bge	x9,x27,8000b2e6	  x9:0x80021c71 x27:0x80025ce3
      266242000	     13210	8000b2d6	03aa7433	remu	x8,x20,x26	 x20:0xfffff8a3 x26:0x00000049  x8=0x0000002d
      266282000	     13212	8000b2da	035924b3	mulhsu	x9,x18,x21	 x18:0x0000000d x21:0x00000000  x9=0x00000000
      266302000	     13213	8000b2de	01b99233	sll	x4,x19,x27	 x19:0x80021df8 x27:0x80025ce3  x4=0x0010efc0
      266322000	     13214	8000b2e2	34007d73	csrrci	x26,mscratch,0	 x26=0x00000000
      266342000	     13215	8000b2e6	674d	c.lui	x14,0x13	 x14=0x00013000
      266362000	     13216	8000b2e8	c896b697	auipc	x13,0xc896b	 x13=0x489762e8
      266382000	     13217	8000b2ec	01b52733	slt	x14,x10,x27	 x10:0x8041a108 x27:0x80025ce3 x14=0x00000000
      266402000	     13218	8000b2f0	0d2e	c.slli	x26,0xb	 x26:0x00000000 x26=0x00000000
      266422000	     13219	8000b2f2	8bed	c.andi	x15,27	 x15:0xffffffff x15=0x0000001b
      266442000	     13220	8000b2f4	997a	c.add	x18,x30	 x18:0x0000000d x30:0x0000001f x18=0x0000002c
      267182000	     13257	8000b2f6	039be833	rem	x16,x23,x25	 x23:0x00000000 x25:0x80025ce4 x16=0x00000000
      267202000	     13258	8000b2fa	bbbb2593	slti	x11,x22,-1093	 x22:0xfffffffc x11=0x00000000
      267222000	     13259	8000b2fe	40e85eb3	sra	x29,x16,x14	 x16:0x00000000 x14:0x00000000 x29=0x00000000
      267242000	     13260	8000b302	00c8c4b3	xor	x9,x17,x12	 x17:0x0000000d x12:0xffffffff  x9=0xfffffff2
      267262000	     13261	8000b306	01358db3	add	x27,x11,x19	 x11:0x00000000 x19:0x80021df8 x27=0x80021df8
      267282000	     13262	8000b30a	010fdd93	srli	x27,x31,0x10	 x31:0x0000000b x27=0x00000000
      267322000	     13264	8000b30e	11f70e13	addi	x28,x14,287	 x14:0x00000000 x28=0x0000011f
      267342000	     13265	8000b312	8ef9	c.and	x13,x14	 x13:0x489762e8 x14:0x00000000 x13=0x00000000
      267742000	     13285	8000b314	8a29	c.andi	x12,10	 x12:0xffffffff x12=0x0000000a
      267762000	     13286	8000b316	99fd	c.andi	x11,-1	 x11:0x00000000 x11=0x00000000
      267782000	     13287	8000b318	e4ccad93	slti	x27,x25,-436	 x25:0x80025ce4 x27=0x00000001
      267862000	     13291	8000b31c	34002d73	csrrs	x26,mscratch,x0	  x0:0x00000000 x26=0x00000000
      268262000	     13311	8000b320	87b9	c.srai	x15,0xe	 x15:0x0000001b x15=0x00000000
      268282000	     13312	8000b322	cc9d	c.beqz	x9,8000b360	  x9:0xfffffff2
      268462000	     13321	8000b324	03d5b933	mulhu	x18,x11,x29	 x11:0x00000000 x29:0x00000000 x18=0x00000000
      269262000	     13361	8000b328	03f141b3	div	x3,x2,x31	  x2:0xfffffffd x31:0x0000000b  x3=0x00000000
      269282000	     13362	8000b32c	017261b3	or	x3,x4,x23	  x4:0x0010efc0 x23:0x00000000  x3=0x0010efc0
      269302000	     13363	8000b330	0ff0000f	fence	iorw,iorw	
      269342000	     13365	8000b334	02f44633	div	x12,x8,x15	  x8:0x0000002d x15:0x00000000 x12=0xffffffff
      269362000	     13366	8000b338	34079973	csrrw	x18,mscratch,x15	 x15:0x00000000 x18=0x00000000
      269382000	     13367	8000b33c	01627d33	and	x26,x4,x22	  x4:0x0010efc0 x22:0xfffffffc x26=0x0010efc0
      269402000	     13368	8000b340	07c9	c.addi	x15,18	 x15:0x00000000 x15=0x00000012
      270022000	     13399	8000b342	0350d2b3	divu	x5,x1,x21	  x1:0x00000000 x21:0x00000000  x5=0xffffffff
      270042000	     13400	8000b346	0ff0000f	fence	iorw,iorw	
      270062000	     13401	8000b34a	5afd	c.li	x21,-1	 x21=0xffffffff
      270202000	     13408	8000b34c	27cb7593	andi	x11,x22,636	 x22:0xfffffffc x11=0x0000027c
      270222000	     13409	8000b350	4197df13	srai	x30,x15,0x19	 x15:0x00000012 x30=0x00000000
      270342000	     13415	8000b354	8bb2	c.mv	x23,x12	  x0:0x00000000 x12:0xffffffff x23=0xffffffff
      270362000	     13416	8000b356	80b1	c.srli	x9,0xc	  x9:0xfffffff2  x9=0x000fffff
      270462000	     13421	8000b358	cfc49a97	auipc	x21,0xcfc49	 x21=0x4fc54358
      270482000	     13422	8000b35c	00012db3	slt	x27,x2,x0	  x2:0xfffffffd  x0:0x00000000 x27=0x00000001
      270502000	     13423	8000b360	8555	c.srai	x10,0x15	 x10:0x8041a108 x10=0xfffffc02
      270522000	     13424	8000b362	41ed5213	srai	x4,x26,0x1e	 x26:0x0010efc0  x4=0x00000000
      270542000	     13425	8000b366	01b7f863	bgeu	x15,x27,8000b376	 x15:0x00000012 x27:0x00000001
      271402000	     13468	8000b376	038cfab3	remu	x21,x25,x24	 x25:0x80025ce4 x24:0x00000000 x21=0x80025ce4
      271422000	     13469	8000b37a	52fd	c.li	x5,-1	  x5=0xffffffff
      271442000	     13470	8000b37c	6469	c.lui	x8,0x1a	  x8=0x0001a000
      271462000	     13471	8000b37e	c747cf13	xori	x30,x15,-908	 x15:0x00000012 x30=0xfffffc66
      271482000	     13472	8000b382	340f98f3	csrrw	x17,mscratch,x31	 x31:0x0000000b x17=0x00000000
      271742000	     13485	8000b386	65180893	addi	x17,x16,1617	 x16:0x00000000 x17=0x00000651
      272022000	     13499	8000b38a	874b0717	auipc	x14,0x874b0	 x14=0x074bb38a
      272042000	     13500	8000b38e	01574c33	xor	x24,x14,x21	 x14:0x074bb38a x21:0x80025ce4 x24=0x8749ef6e
      272202000	     13508	8000b392	788601b7	lui	x3,0x78860	  x3=0x78860000
      272222000	     13509	8000b396	8fe9	c.and	x15,x10	 x15:0x00000012 x10:0xfffffc02 x15=0x00000002
      272242000	     13510	8000b398	01790333	add	x6,x18,x23	 x18:0x00000000 x23:0xffffffff  x6=0xffffffff
      272342000	     13515	8000b39c	5eb24313	xori	x6,x4,1515	  x4:0x00000000  x6=0x000005eb
      272442000	     13520	8000b3a0	3400dd73	csrrwi	x26,mscratch,1	 x26=0x0000000b
      272462000	     13521	8000b3a4	0ff0000f	fence	iorw,iorw	
      272602000	     13528	8000b3a8	02ee4763	blt	x28,x14,8000b3d6	 x28:0x0000011f x14:0x074bb38a
      273362000	     13566	8000b3d6	41040833	sub	x16,x8,x16	  x8:0x0001a000 x16:0x00000000 x16=0x0001a000
      273682000	     13582	8000b3da	01ae9193	slli	x3,x29,0x1a	 x29:0x00000000  x3=0x00000000
      273702000	     13583	8000b3de	0352	c.slli	x6,0x14	  x6:0x000005eb  x6=0x5eb00000
      273722000	     13584	8000b3e0	ce01	c.beqz	x12,8000b3f8	 x12:0xffffffff
      273742000	     13585	8000b3e2	05b24163	blt	x4,x27,8000b424	  x4:0x00000000 x27:0x00000001
      273962000	     13596	8000b424	004b0633	add	x12,x22,x4	 x22:0xfffffffc  x4:0x00000000 x12=0xfffffffc
      274802000	     13638	8000b428	00600e63	beq	x0,x6,8000b444	  x0:0x00000000  x6:0x5eb00000
      274842000	     13640	8000b42c	032dcab3	div	x21,x27,x18	 x27:0x00000001 x18:0x00000000 x21=0xffffffff
      274862000	     13641	8000b430	0000100f	fence.i	
      275542000	     13675	8000b434	81d8e693	ori	x13,x17,-2019	 x17:0x00000651 x13=0xfffffe5d
      275682000	     13682	8000b438	340c9073	csrrw	x0,mscratch,x25	 x25:0x80025ce4  x0=0x00000000
      275702000	     13683	8000b43c	34007273	csrrci	x4,mscratch,0	  x4=0x80025ce4
      276622000	     13729	8000b440	03177533	remu	x10,x14,x17	 x14:0x074bb38a x17:0x00000651 x10=0x000004da
      276642000	     13730	8000b444	0480c063	blt	x1,x8,8000b484	  x1:0x00000000  x8:0x0001a000
      277122000	     13754	8000b484	3406e873	csrrsi	x16,mscratch,13	 x16=0x80025ce4
      277362000	     13766	8000b488	93be	c.add	x7,x15	  x7:0xacc63000 x15:0x00000002  x7=0xacc63002
      277782000	     13787	8000b48a	039c6b63	bltu	x24,x25,8000b4c0	 x24:0x8749ef6e x25:0x80025ce4
      277942000	     13795	8000b48e	c0f72a13	slti	x20,x14,-1009	 x14:0x074bb38a x20=0x00000000
      277962000	     13796	8000b492	0001	c.addi	x0,0	  x0:0x00000000  x0=0x00000000
      277982000	     13797	8000b494	051f1363	bne	x30,x17,8000b4da	 x30:0xfffffc66 x17:0x00000651
      278182000	     13807	8000b4da	0ff0000f	fence	iorw,iorw	
      278202000	     13808	8000b4de	00fe35b3	sltu	x11,x28,x15	 x28:0x0000011f x15:0x00000002 x11=0x00000000
      278962000	     13846	8000b4e2	02c5e033	rem	x0,x11,x12	 x11:0x00000000 x12:0xfffffffc  x0=0x00000000
      278982000	     13847	8000b4e6	187d	c.addi	x16,-1	 x16:0x80025ce4 x16=0x80025ce3
      279002000	     13848	8000b4e8	0001	c.addi	x0,0	  x0:0x00000000  x0=0x00000000
      279082000	     13852	8000b4ea	e32eb593	sltiu	x11,x29,-462	 x29:0x00000000 x11=0x00000001
      279102000	     13853	8000b4ee	8035	c.srli	x8,0xd	  x8:0x0001a000  x8=0x0000000d
      279382000	     13867	8000b4f0	d142bb93	sltiu	x23,x5,-748	  x5:0xffffffff x23=0x00000000
      279402000	     13868	8000b4f4	01b963b3	or	x7,x18,x27	 x18:0x00000000 x27:0x00000001  x7=0x00000001
      279422000	     13869	8000b4f8	01e7a333	slt	x6,x15,x30	 x15:0x00000002 x30:0xfffffc66  x6=0x00000000
      279442000	     13870	8000b4fc	9974a917	auipc	x18,0x9974a	 x18=0x197554fc
      279562000	     13876	8000b500	630e0b93	addi	x23,x28,1584	 x28:0x0000011f x23=0x0000074f
      279682000	     13882	8000b504	9bce	c.add	x23,x19	 x23:0x0000074f x19:0x80021df8 x23=0x80022547
      279702000	     13883	8000b506	00d09913	slli	x18,x1,0xd	  x1:0x00000000 x18=0x00000000
      280442000	     13920	8000b50a	02847a33	remu	x20,x8,x8	  x8:0x0000000d  x8:0x0000000d x20=0x00000000
      280482000	     13922	8000b50e	036b3233	mulhu	x4,x22,x22	 x22:0xfffffffc x22:0xfffffffc  x4=0xfffffff8
      280502000	     13923	8000b512	01d9deb3	srl	x29,x19,x29	 x19:0x80021df8 x29:0x00000000 x29=0x80021df8
      280522000	     13924	8000b516	004d86b3	add	x13,x27,x4	 x27:0x00000001  x4:0xfffffff8 x13=0xfffffff9
      281262000	     13961	8000b51a	03d3f6b3	remu	x13,x7,x29	  x7:0x00000001 x29:0x80021df8 x13=0x00000001
      281282000	     13962	8000b51e	9320ca93	xori	x21,x1,-1742	  x1:0x00000000 x21=0xfffff932
      281302000	     13963	8000b522	00120663	beq	x4,x1,8000b52e	  x4:0xfffffff8  x1:0x00000000
      282042000	     14000	8000b526	0246e233	rem	x4,x13,x4	 x13:0x00000001  x4:0xfffffff8  x4=0x00000001
      282062000	     14001	8000b52a	0dea	c.slli	x27,0x1a	 x27:0x00000001 x27=0x04000000
      282082000	     14002	8000b52c	997d	c.andi	x10,-1	 x10:0x000004da x10=0x000004da
      282102000	     14003	8000b52e	02d6f363	bgeu	x13,x13,8000b554	 x13:0x00000001 x13:0x00000001
      282182000	     14007	8000b554	0ff0000f	fence	iorw,iorw	
      282502000	     14023	8000b558	02348c63	beq	x9,x3,8000b590	  x9:0x000fffff  x3:0x00000000
      283542000	     14075	8000b55c	02b44633	div	x12,x8,x11	  x8:0x0000000d x11:0x00000001 x12=0x0000000d
      283562000	     14076	8000b560	81bd	c.srli	x11,0xf	 x11:0x00000001 x11=0x00000000
      283582000	     14077	8000b562	8e11	c.sub	x12,x12	 x12:0x0000000d x12:0x0000000d x12=0x00000000
      283602000	     14078	8000b564	01d16bb3	or	x23,x2,x29	  x2:0xfffffffd x29:0x80021df8 x23=0xfffffffd
      283622000	     14079	8000b568	8f01	c.sub	x14,x8	 x14:0x074bb38a  x8:0x0000000d x14=0x074bb37d
      283642000	     14080	8000b56a	9a877393	andi	x7,x14,-1624	 x14:0x074bb37d  x7=0x074bb128
      283662000	     14081	8000b56e	0001	c.addi	x0,0	  x0:0x00000000  x0=0x00000000
      283682000	     14082	8000b570	8f95	c.sub	x15,x13	 x15:0x00000002 x13:0x00000001 x15=0x00000001
      283702000	     14083	8000b572	3409ad73	csrrs	x26,mscratch,x19	 x19:0x80021df8 x26=0x80025ced
      283722000	     14084	8000b576	613d	c.addi16sp	x2,480	  x2:0xfffffffd  x2=0x000001dd
      283902000	     14093	8000b578	714eaa13	slti	x20,x29,1812	 x29:0x80021df8 x20=0x00000001
      284182000	     14107	8000b57c	03c93433	mulhu	x8,x18,x28	 x18:0x00000000 x28:0x0000011f  x8=0x00000000
      284202000	     14108	8000b580	006dc833	xor	x16,x27,x6	 x27:0x04000000  x6:0x00000000 x16=0x04000000
      284222000	     14109	8000b584	0000100f	fence.i	
      285642000	     14180	8000b588	02dbc833	div	x16,x23,x13	 x23:0xfffffffd x13:0x00000001 x16=0xfffffffd
      285662000	     14181	8000b58c	547d	c.li	x8,-1	  x8=0xffffffff
      285682000	     14182	8000b58e	0001	c.addi	x0,0	  x0:0x00000000  x0=0x00000000
      285702000	     14183	8000b590	8745	c.srai	x14,0x11	 x14:0x074bb37d x14=0x000003a5
      285722000	     14184	8000b592	340023f3	csrrs	x7,mscratch,x0	  x0:0x00000000  x7=0x80025dfd
      285742000	     14185	8000b596	9ed4b093	sltiu	x1,x9,-1555	  x9:0x000fffff  x1=0x00000001
      285762000	     14186	8000b59a	d15bd037	lui	x0,0xd15bd	  x0=0x00000000
      285782000	     14187	8000b59e	418a0633	sub	x12,x20,x24	 x20:0x00000001 x24:0x8749ef6e x12=0x78b61093
      286042000	     14200	8000b5a2	03023eb3	mulhu	x29,x4,x16	  x4:0x00000001 x16:0xfffffffd x29=0x00000000
      286922000	     14244	8000b5a6	02c2de33	divu	x28,x5,x12	  x5:0xffffffff x12:0x78b61093 x28=0x00000002
      286942000	     14245	8000b5aa	015b1093	slli	x1,x22,0x15	 x22:0xfffffffc  x1=0xff800000
      286982000	     14247	8000b5ae	03a5a233	mulhsu	x4,x11,x26	 x11:0x00000000 x26:0x80025ced  x4=0x00000000
      287002000	     14248	8000b5b2	144c6717	auipc	x14,0x144c6	 x14=0x944d15b2
      287022000	     14249	8000b5b6	41fa5b33	sra	x22,x20,x31	 x20:0x00000001 x31:0x0000000b x22=0x00000000
      287042000	     14250	8000b5ba	01231213	slli	x4,x6,0x12	  x6:0x00000000  x4=0x00000000
      287062000	     14251	8000b5be	01bc9233	sll	x4,x25,x27	 x25:0x80025ce4 x27:0x04000000  x4=0x80025ce4
      287082000	     14252	8000b5c2	340136f3	csrrc	x13,mscratch,x2	  x2:0x000001dd x13=0x80025dfd
      287302000	     14263	8000b5c6	34002ef3	csrrs	x29,mscratch,x0	  x0:0x00000000 x29=0x80025c20
      287322000	     14264	8000b5ca	cd9d	c.beqz	x11,8000b608	 x11:0x00000000
      288242000	     14310	8000b608	8c51	c.or	x8,x12	  x8:0xffffffff x12:0x78b61093  x8=0xffffffff
      288282000	     14312	8000b60a	02071933	mulh	x18,x14,x0	 x14:0x944d15b2  x0:0x00000000 x18=0x00000000
      288302000	     14313	8000b60e	340077f3	csrrci	x15,mscratch,0	 x15=0x80025c20
      297402000	     14768	8000b612	340ed073	csrrwi	x0,mscratch,29	  x0=0x00000000
      297422000	     14769	8000b616	0454c263	blt	x9,x5,8000b65a	  x9:0x000fffff  x5:0xffffffff
      297442000	     14770	8000b61a	66911497	auipc	x9,0x66911	  x9=0xe691c61a
      298182000	     14807	8000b61e	03b3e733	rem	x14,x7,x27	  x7:0x80025dfd x27:0x04000000 x14=0xfc025dfd
      298202000	     14808	8000b622	009586b3	add	x13,x11,x9	 x11:0x00000000  x9:0xe691c61a x13=0xe691c61a
      298222000	     14809	8000b626	0026fd33	and	x26,x13,x2	 x13:0xe691c61a  x2:0x000001dd x26=0x00000018
      298242000	     14810	8000b62a	40b68bb3	sub	x23,x13,x11	 x13:0xe691c61a x11:0x00000000 x23=0xe691c61a
      298262000	     14811	8000b62e	01e17433	and	x8,x2,x30	  x2:0x000001dd x30:0xfffffc66  x8=0x00000044
      298282000	     14812	8000b632	408ad213	srai	x4,x21,0x8	 x21:0xfffff932  x4=0xfffffff9
      299362000	     14866	8000b636	0213c0b3	div	x1,x7,x1	  x7:0x80025dfd  x1:0xff800000  x1=0x000000ff
      299382000	     14867	8000b63a	0008d913	srli	x18,x17,0x0	 x17:0x00000651 x18=0x00000651
      299402000	     14868	8000b63e	8d21	c.xor	x10,x8	 x10:0x000004da  x8:0x00000044 x10=0x0000049e
      299422000	     14869	8000b640	34002d73	csrrs	x26,mscratch,x0	  x0:0x00000000 x26=0x0000001d
      299442000	     14870	8000b644	0ff0000f	fence	iorw,iorw	
      299462000	     14871	8000b648	0001	c.addi	x0,0	  x0:0x00000000  x0=0x00000000
      299482000	     14872	8000b64a	4074d033	sra	x0,x9,x7	  x9:0xe691c61a  x7:0x80025dfd  x0=0x00000000
      299502000	     14873	8000b64e	fa9fea17	auipc	x20,0xfa9fe	 x20=0x7aa0964e
      299522000	     14874	8000b652	03f79763	bne	x15,x31,8000b680	 x15:0x80025c20 x31:0x0000000b
      300322000	     14914	8000b680	45c8b517	auipc	x10,0x45c8b	 x10=0xc5c96680
      300742000	     14935	8000b684	34006273	csrrsi	x4,mscratch,0	  x4=0x0000001d
      300902000	     14943	8000b688	00fbdb33	srl	x22,x23,x15	 x23:0xe691c61a x15:0x80025c20 x22=0xe691c61a
      300922000	     14944	8000b68c	a7a56393	ori	x7,x10,-1414	 x10:0xc5c96680  x7=0xfffffefa
      300942000	     14945	8000b690	000ddd93	srli	x27,x27,0x0	 x27:0x04000000 x27=0x04000000
      300962000	     14946	8000b694	ee82a213	slti	x4,x5,-280	  x5:0xffffffff  x4=0x00000000
      301102000	     14953	8000b698	0001	c.addi	x0,0	  x0:0x00000000  x0=0x00000000
      301122000	     14954	8000b69a	71c3f293	andi	x5,x7,1820	  x7:0xfffffefa  x5=0x00000618
      301142000	     14955	8000b69e	00441813	slli	x16,x8,0x4	  x8:0x00000044 x16=0x00000440
      301162000	     14956	8000b6a2	64b1	c.lui	x9,0xc	  x9=0x0000c000
      301322000	     14964	8000b6a4	340027f3	csrrs	x15,mscratch,x0	  x0:0x00000000 x15=0x0000001d
      301342000	     14965	8000b6a8	015f9733	sll	x14,x31,x21	 x31:0x0000000b x21:0xfffff932 x14=0x002c0000
      301362000	     14966	8000b6ac	6bc9	c.lui	x23,0x12	 x23=0x00012000
      301482000	     14972	8000b6ae	030a3033	mulhu	x0,x20,x16	 x20:0x7aa0964e x16:0x00000440  x0=0x00000000
      301662000	     14981	8000b6b2	02d2a633	mulhsu	x12,x5,x13	  x5:0x00000618 x13:0xe691c61a x12=0x0000057d
      301702000	     14983	8000b6b6	039182b3	mul	x5,x3,x25	  x3:0x00000000 x25:0x80025ce4  x5=0x00000000
      302122000	     15004	8000b6ba	03631863	bne	x6,x22,8000b6ea	  x6:0x00000000 x22:0xe691c61a
      302962000	     15046	8000b6ea	34006e73	csrrsi	x28,mscratch,0	 x28=0x0000001d
      303002000	     15048	8000b6ee	03ecbe33	mulhu	x28,x25,x30	 x25:0x80025ce4 x30:0xfffffc66 x28=0x80025b16
      303242000	     15060	8000b6f2	34003973	csrrc	x18,mscratch,x0	  x0:0x00000000 x18=0x0000001d
      303402000	     15068	8000b6f6	0ff0000f	fence	iorw,iorw	
      303502000	     15073	8000b6fa	02aa9a63	bne	x21,x10,8000b72e	 x21:0xfffff932 x10:0xc5c96680
      304702000	     15133	8000b72e	016f0333	add	x6,x30,x22	 x30:0xfffffc66 x22:0xe691c61a  x6=0xe691c280
      304722000	     15134	8000b732	01b6f4b3	and	x9,x13,x27	 x13:0xe691c61a x27:0x04000000  x9=0x04000000
      304742000	     15135	8000b736	6d69	c.lui	x26,0x1a	 x26=0x0001a000
      305142000	     15155	8000b738	c3656a93	ori	x21,x10,-970	 x10:0xc5c96680 x21=0xfffffeb6
      305182000	     15157	8000b73c	833ad5b7	lui	x11,0x833ad	 x11=0x833ad000
      305442000	     15170	8000b740	8fe1	c.and	x15,x8	 x15:0x0000001d  x8:0x00000044 x15=0x00000004
      306182000	     15207	8000b742	035bf7b3	remu	x15,x23,x21	 x23:0x00012000 x21:0xfffffeb6 x15=0x00012000
      306202000	     15208	8000b746	4b952b93	slti	x23,x10,1209	 x10:0xc5c96680 x23=0x00000001
      306222000	     15209	8000b74a	01494833	xor	x16,x18,x20	 x18:0x0000001d x20:0x7aa0964e x16=0x7aa09653
      306242000	     15210	8000b74e	00341333	sll	x6,x8,x3	  x8:0x00000044  x3:0x00000000  x6=0x00000044
      306262000	     15211	8000b752	00433d33	sltu	x26,x6,x4	  x6:0x00000044  x4:0x00000000 x26=0x00000000
      306282000	     15212	8000b756	02ad0433	mul	x8,x26,x10	 x26:0x00000000 x10:0xc5c96680  x8=0x00000000
      306322000	     15214	8000b75a	0016da33	srl	x20,x13,x1	 x13:0xe691c61a  x1:0x000000ff x20=0x00000001
      306522000	     15224	8000b75e	03192233	mulhsu	x4,x18,x17	 x18:0x0000001d x17:0x00000651  x4=0x00000000
      306542000	     15225	8000b762	8952	c.mv	x18,x20	  x0:0x00000000 x20:0x00000001 x18=0x00000001
      306642000	     15230	8000b764	66b9	c.lui	x13,0xe	 x13=0x0000e000
      307062000	     15251	8000b766	00a21613	slli	x12,x4,0xa	  x4:0x00000000 x12=0x00000000
      307082000	     15252	8000b76a	9e8eae37	lui	x28,0x9e8ea	 x28=0x9e8ea000
      307102000	     15253	8000b76e	4181d313	srai	x6,x3,0x18	  x3:0x00000000  x6=0x00000000
      307282000	     15262	8000b772	03f42097	auipc	x1,0x3f42	  x1=0x83f4d772
      307302000	     15263	8000b776	0762	c.slli	x14,0x18	 x14:0x002c0000 x14=0x00000000
      307322000	     15264	8000b778	000da533	slt	x10,x27,x0	 x27:0x04000000  x0:0x00000000 x10=0x00000000
      307482000	     15272	8000b77c	00975233	srl	x4,x14,x9	 x14:0x00000000  x9:0x04000000  x4=0x00000000
      307722000	     15284	8000b780	0000100f	fence.i	
      308482000	     15322	8000b784	02451363	bne	x10,x4,8000b7aa	 x10:0x00000000  x4:0x00000000
      308502000	     15323	8000b788	8791	c.srai	x15,0x4	 x15:0x00012000 x15=0x00001200
      308702000	     15333	8000b78a	00c29e63	bne	x5,x12,8000b7a6	  x5:0x00000000 x12:0x00000000
      308722000	     15334	8000b78e	8d2d	c.xor	x10,x11	 x10:0x00000000 x11:0x833ad000 x10=0x833ad000
      309122000	     15354	8000b790	4101d3b3	sra	x7,x3,x16	  x3:0x00000000 x16:0x7aa09653  x7=0x00000000
      309142000	     15355	8000b794	65757a93	andi	x21,x10,1623	 x10:0x833ad000 x21=0x00000000
      309422000	     15369	8000b798	0026f933	and	x18,x13,x2	 x13:0x0000e000  x2:0x000001dd x18=0x00000000
      309502000	     15373	8000b79c	8d85	c.sub	x11,x9	 x11:0x833ad000  x9:0x04000000 x11=0x7f3ad000
      310242000	     15410	8000b79e	0226c833	div	x16,x13,x2	 x13:0x0000e000  x2:0x000001dd x16=0x00000078
      310262000	     15411	8000b7a2	90c4b693	sltiu	x13,x9,-1780	  x9:0x04000000 x13=0x00000001
      310282000	     15412	8000b7a6	a5837f13	andi	x30,x6,-1448	  x6:0x00000000 x30=0x00000000
      310302000	     15413	8000b7aa	850e	c.mv	x10,x3	  x0:0x00000000  x3:0x00000000 x10=0x00000000
      310322000	     15414	8000b7ac	01ded233	srl	x4,x29,x29	 x29:0x80025c20 x29:0x80025c20  x4=0x80025c20
      310342000	     15415	8000b7b0	01029863	bne	x5,x16,8000b7c0	  x5:0x00000000 x16:0x00000078
      310622000	     15429	8000b7c0	03aa5f33	divu	x30,x20,x26	 x20:0x00000001 x26:0x00000000 x30=0xffffffff
      310642000	     15430	8000b7c4	0001	c.addi	x0,0	  x0:0x00000000  x0=0x00000000
      310862000	     15441	8000b7c6	340e5c73	csrrwi	x24,mscratch,28	 x24=0x0000001d
      310962000	     15446	8000b7ca	00c8edb3	or	x27,x17,x12	 x17:0x00000651 x12:0x00000000 x27=0x00000651
      310982000	     15447	8000b7ce	8ff1	c.and	x15,x12	 x15:0x00001200 x12:0x00000000 x15=0x00000000
      311002000	     15448	8000b7d0	cd16cf13	xori	x30,x13,-815	 x13:0x00000001 x30=0xfffffcd0
      311022000	     15449	8000b7d4	5fabfd13	andi	x26,x23,1530	 x23:0x00000001 x26=0x00000000
      311142000	     15455	8000b7d8	040e	c.slli	x8,0x3	  x8:0x00000000  x8=0x00000000
      311162000	     15456	8000b7da	717d	c.addi16sp	x2,-16	  x2:0x000001dd  x2=0x000001cd
      311182000	     15457	8000b7dc	044d	c.addi	x8,19	  x8:0x00000000  x8=0x00000013
      311282000	     15462	8000b7de	003dc333	xor	x6,x27,x3	 x27:0x00000651  x3:0x00000000  x6=0x00000651
      311522000	     15474	8000b7e2	0ff0000f	fence	iorw,iorw	
      311762000	     15486	8000b7e6	34055973	csrrwi	x18,mscratch,10	 x18=0x0000001c
      312502000	     15523	8000b7ea	0210f2b3	remu	x5,x1,x1	  x1:0x83f4d772  x1:0x83f4d772  x5=0x00000000
      312522000	     15524	8000b7ee	34009df3	csrrw	x27,mscratch,x1	  x1:0x83f4d772 x27=0x0000000a
      312542000	     15525	8000b7f2	8122	c.mv	x2,x8	  x0:0x00000000  x8:0x00000013  x2=0x00000013
      312562000	     15526	8000b7f4	0c45	c.addi	x24,17	 x24:0x0000001d x24=0x0000002e
      312582000	     15527	8000b7f6	0321d163	bge	x3,x18,8000b818	  x3:0x00000000 x18:0x0000001c
      312602000	     15528	8000b7fa	187d	c.addi	x16,-1	 x16:0x00000078 x16=0x00000077
      312622000	     15529	8000b7fc	014e61b3	or	x3,x28,x20	 x28:0x9e8ea000 x20:0x00000001  x3=0x9e8ea001
      312642000	     15530	8000b800	d59b2a13	slti	x20,x22,-679	 x22:0xe691c61a x20=0x00000001
      312662000	     15531	8000b804	0e5a	c.slli	x28,0x16	 x28:0x9e8ea000 x28=0x00000000
      313022000	     15549	8000b806	ab1c0493	addi	x9,x24,-1359	 x24:0x0000002e  x9=0xfffffadf
      313442000	     15570	8000b80a	0687e113	ori	x2,x15,104	 x15:0x00000000  x2=0x00000068
      313462000	     15571	8000b80e	85b9	c.srai	x11,0xe	 x11:0x7f3ad000 x11=0x0001fceb
      313702000	     15583	8000b810	8ef5	c.and	x13,x13	 x13:0x00000001 x13:0x00000001 x13=0x00000001
      313722000	     15584	8000b812	93aa	c.add	x7,x10	  x7:0x00000000 x10:0x00000000  x7=0x00000000
      313742000	     15585	8000b814	00309663	bne	x1,x3,8000b820	  x1:0x83f4d772  x3:0x9e8ea001
      314502000	     15623	8000b820	8f6d	c.and	x14,x11	 x14:0x00000000 x11:0x0001fceb x14=0x00000000
      314922000	     15644	8000b822	01c117b3	sll	x15,x2,x28	  x2:0x00000068 x28:0x00000000 x15=0x00000068
      314942000	     15645	8000b826	029d7463	bgeu	x26,x9,8000b84e	 x26:0x00000000  x9:0xfffffadf
      314982000	     15647	8000b82a	0190d133	srl	x2,x1,x25	  x1:0x83f4d772 x25:0x80025ce4  x2=0x083f4d77
      315002000	     15648	8000b82e	03a1c763	blt	x3,x26,8000b85c	  x3:0x9e8ea001 x26:0x00000000
      315382000	     15667	8000b85c	40e803b3	sub	x7,x16,x14	 x16:0x00000077 x14:0x00000000  x7=0x00000077
      315882000	     15692	8000b860	00f89b33	sll	x22,x17,x15	 x17:0x00000651 x15:0x00000068 x22=0x00065100
      315942000	     15695	8000b864	0281b233	mulhu	x4,x3,x8	  x3:0x9e8ea001  x8:0x00000013  x4=0x0000000b
      315962000	     15696	8000b868	34002273	csrrs	x4,mscratch,x0	  x0:0x00000000  x4=0x83f4d772
      315982000	     15697	8000b86c	552d3f13	sltiu	x30,x26,1362	 x26:0x00000000 x30=0x00000001
      316222000	     15709	8000b870	0001	c.addi	x0,0	  x0:0x00000000  x0=0x00000000
      316982000	     15747	8000b872	02fe47b3	div	x15,x28,x15	 x28:0x00000000 x15:0x00000068 x15=0x00000000
      317002000	     15748	8000b876	1cdaa813	slti	x16,x21,461	 x21:0x00000000 x16=0x00000001
      317022000	     15749	8000b87a	0001	c.addi	x0,0	  x0:0x00000000  x0=0x00000000
      317042000	     15750	8000b87c	8d95	c.sub	x11,x13	 x11:0x0001fceb x13:0x00000001 x11=0x0001fcea
      317062000	     15751	8000b87e	1f00	c.addi4spn	x8,x2,944	  x8=0x083f5127
      317082000	     15752	8000b880	0001	c.addi	x0,0	  x0:0x00000000  x0=0x00000000
      317102000	     15753	8000b882	0000100f	fence.i	
      317442000	     15770	8000b886	8d95	c.sub	x11,x13	 x11:0x0001fcea x13:0x00000001 x11=0x0001fce9
      317602000	     15778	8000b888	05ef0063	beq	x30,x30,8000b8c8	 x30:0x00000001 x30:0x00000001
      318082000	     15802	8000b8c8	17291897	auipc	x17,0x17291	 x17=0x9729c8c8
      318502000	     15823	8000b8cc	0001	c.addi	x0,0	  x0:0x00000000  x0=0x00000000
      318522000	     15824	8000b8ce	66bd	c.lui	x13,0xf	 x13=0x0000f000
      318702000	     15833	8000b8d0	41f4d193	srai	x3,x9,0x1f	  x9:0xfffffadf  x3=0xffffffff
      318742000	     15835	8000b8d4	02f7b6b3	mulhu	x13,x15,x15	 x15:0x00000000 x15:0x00000000 x13=0x00000000
      319142000	     15855	8000b8d8	02d11463	bne	x2,x13,8000b900	  x2:0x083f4d77 x13:0x00000000
      320082000	     15902	8000b900	8c19	c.sub	x8,x14	  x8:0x083f5127 x14:0x00000000  x8=0x083f5127
      320202000	     15908	8000b902	411486b3	sub	x13,x9,x17	  x9:0xfffffadf x17:0x9729c8c8 x13=0x68d63217
      320222000	     15909	8000b906	390e1c17	auipc	x24,0x390e1	 x24=0xb90ec906
      320422000	     15919	8000b90a	34026c73	csrrsi	x24,mscratch,4	 x24=0x83f4d772
      320442000	     15920	8000b90e	00721563	bne	x4,x7,8000b918	  x4:0x83f4d772  x7:0x00000077
      320842000	     15940	8000b918	8e45	c.or	x12,x9	 x12:0x00000000  x9:0xfffffadf x12=0xfffffadf
      321022000	     15949	8000b91a	053ff563	bgeu	x31,x19,8000b964	 x31:0x0000000b x19:0x80021df8
      321042000	     15950	8000b91e	9ad6dab7	lui	x21,0x9ad6d	 x21=0x9ad6d000
      321142000	     15955	8000b922	1b6f3293	sltiu	x5,x30,438	 x30:0x00000001  x5=0x00000001
      321562000	     15976	8000b926	0000100f	fence.i	
      322122000	     16004	8000b92a	011867b3	or	x15,x16,x17	 x16:0x00000001 x17:0x9729c8c8 x15=0x9729c8c9
      322142000	     16005	8000b92e	8d01	c.sub	x10,x8	 x10:0x00000000  x8:0x083f5127 x10=0xf7c0aed9
      322162000	     16006	8000b930	40060b33	sub	x22,x12,x0	 x12:0xfffffadf  x0:0x00000000 x22=0xfffffadf
      322382000	     16017	8000b934	ef11	c.bnez	x14,8000b950	 x14:0x00000000
      322402000	     16018	8000b936	0073a5b3	slt	x11,x7,x7	  x7:0x00000077  x7:0x00000077 x11=0x00000000
      322422000	     16019	8000b93a	8e4d	c.or	x12,x11	 x12:0xfffffadf x11:0x00000000 x12=0xfffffadf
      322822000	     16039	8000b93c	00ac27b3	slt	x15,x24,x10	 x24:0x83f4d772 x10:0xf7c0aed9 x15=0x00000001
      322842000	     16040	8000b940	340927f3	csrrs	x15,mscratch,x18	 x18:0x0000001c x15=0x83f4d776
      323682000	     16082	8000b944	022a6533	rem	x10,x20,x2	 x20:0x00000001  x2:0x083f4d77 x10=0x00000001
      323702000	     16083	8000b948	310db913	sltiu	x18,x27,784	 x27:0x0000000a x18=0x00000001
      323722000	     16084	8000b94c	0151de63	bge	x3,x21,8000b968	  x3:0xffffffff x21:0x9ad6d000
      324182000	     16107	8000b968	03f67c63	bgeu	x12,x31,8000b9a0	 x12:0xfffffadf x31:0x0000000b
      325062000	     16151	8000b9a0	8f75	c.and	x14,x13	 x14:0x00000000 x13:0x68d63217 x14=0x00000000
      325082000	     16152	8000b9a2	6a35	c.lui	x20,0xd	 x20=0x0000d000
      325102000	     16153	8000b9a4	0156e263	bltu	x13,x21,8000b9a8	 x13:0x68d63217 x21:0x9ad6d000
      325682000	     16182	8000b9a8	0079d033	srl	x0,x19,x7	 x19:0x80021df8  x7:0x00000077  x0=0x00000000
      325902000	     16193	8000b9ac	03423c33	mulhu	x24,x4,x20	  x4:0x83f4d772 x20:0x0000d000 x24=0x00006b36
      325922000	     16194	8000b9b0	8f2d	c.xor	x14,x11	 x14:0x00000000 x11:0x00000000 x14=0x00000000
      325942000	     16195	8000b9b2	340ca573	csrrs	x10,mscratch,x25	 x25:0x80025ce4 x10=0x83f4d77e
      325982000	     16197	8000b9b6	2d93fa13	andi	x20,x7,729	  x7:0x00000077 x20=0x00000051
      326002000	     16198	8000b9ba	41178233	sub	x4,x15,x17	 x15:0x83f4d776 x17:0x9729c8c8  x4=0xeccb0eae
      326022000	     16199	8000b9be	0100b133	sltu	x2,x1,x16	  x1:0x83f4d772 x16:0x00000001  x2=0x00000000
      326042000	     16200	8000b9c2	05fac163	blt	x21,x31,8000ba04	 x21:0x9ad6d000 x31:0x0000000b
      326242000	     16210	8000ba04	02df7d63	bgeu	x30,x13,8000ba3e	 x30:0x00000001 x13:0x68d63217
      326302000	     16213	8000ba08	0000100f	fence.i	
      326542000	     16225	8000ba0c	0c21	c.addi	x24,8	 x24:0x00006b36 x24=0x00006b3e
      326562000	     16226	8000ba0e	0f08	c.addi4spn	x10,x2,912	 x10=0x00000390
      326582000	     16227	8000ba10	0143f133	and	x2,x7,x20	  x7:0x00000077 x20:0x00000051  x2=0x00000051
      326982000	     16247	8000ba14	6151	c.addi16sp	x2,272	  x2:0x00000051  x2=0x00000161
      327002000	     16248	8000ba16	036b5e63	bge	x22,x22,8000ba52	 x22:0xfffffadf x22:0xfffffadf
      327462000	     16271	8000ba52	071a	c.slli	x14,0x6	 x14:0x00000000 x14=0x00000000
      327482000	     16272	8000ba54	547d	c.li	x8,-1	  x8=0xffffffff
      327502000	     16273	8000ba56	00638563	beq	x7,x6,8000ba60	  x7:0x00000077  x6:0x00000651
      327522000	     16274	8000ba5a	50fd	c.li	x1,-1	  x1=0xffffffff
      327662000	     16281	8000ba5c	3060c593	xori	x11,x1,774	  x1:0xffffffff x11=0xfffffcf9
      327742000	     16285	8000ba60	34006473	csrrsi	x8,mscratch,0	  x8=0x83f6dffe
      327942000	     16295	8000ba64	37997893	andi	x17,x18,889	 x18:0x00000001 x17=0x00000001
      328322000	     16314	8000ba68	8cb5	c.xor	x9,x13	  x9:0xfffffadf x13:0x68d63217  x9=0x9729c8c8
      329062000	     16351	8000ba6a	0350ee33	rem	x28,x1,x21	  x1:0xffffffff x21:0x9ad6d000 x28=0xffffffff
      329082000	     16352	8000ba6e	34031473	csrrw	x8,mscratch,x6	  x6:0x00000651  x8=0x83f6dffe
      329102000	     16353	8000ba72	340ea473	csrrs	x8,mscratch,x29	 x29:0x80025c20  x8=0x00000651
      329122000	     16354	8000ba76	81bd	c.srli	x11,0xf	 x11:0xfffffcf9 x11=0x0001ffff
      329142000	     16355	8000ba78	8e31	c.xor	x12,x12	 x12:0xfffffadf x12:0xfffffadf x12=0x00000000
      329162000	     16356	8000ba7a	031b0233	mul	x4,x22,x17	 x22:0xfffffadf x17:0x00000001  x4=0xfffffadf
      329182000	     16357	8000ba7e	0000100f	fence.i	
      329662000	     16381	8000ba82	01a89c63	bne	x17,x26,8000ba9a	 x17:0x00000001 x26:0x00000000
      330562000	     16426	8000ba9a	018127b3	slt	x15,x2,x24	  x2:0x00000161 x24:0x00006b3e x15=0x00000001
      330582000	     16427	8000ba9e	414f0d33	sub	x26,x30,x20	 x30:0x00000001 x20:0x00000051 x26=0xffffffb0
      330602000	     16428	8000baa2	8c59	c.or	x8,x14	  x8:0x00000651 x14:0x00000000  x8=0x00000651
      330702000	     16433	8000baa4	031527b3	mulhsu	x15,x10,x17	 x10:0x00000390 x17:0x00000001 x15=0x00000000
      331102000	     16453	8000baa8	46ec6593	ori	x11,x24,1134	 x24:0x00006b3e x11=0x00006f7e
      331142000	     16455	8000baac	02cc57b3	divu	x15,x24,x12	 x24:0x00006b3e x12:0x00000000 x15=0xffffffff
      331542000	     16475	8000bab0	03a0ee63	bltu	x1,x26,8000baec	  x1:0xffffffff x26:0xffffffb0
      331582000	     16477	8000bab4	018cf863	bgeu	x25,x24,8000bac4	 x25:0x80025ce4 x24:0x00006b3e
      333082000	     16552	8000bac4	035dec33	rem	x24,x27,x21	 x27:0x0000000a x21:0x9ad6d000 x24=0x0000000a
      333822000	     16589	8000bac8	02bc43b3	div	x7,x24,x11	 x24:0x0000000a x11:0x00006f7e  x7=0x00000000
      333842000	     16590	8000bacc	00cbe133	or	x2,x23,x12	 x23:0x00000001 x12:0x00000000  x2=0x00000001
      333862000	     16591	8000bad0	717d	c.addi16sp	x2,-16	  x2:0x00000001  x2=0xfffffff1
      333882000	     16592	8000bad2	af1ebb93	sltiu	x23,x29,-1295	 x29:0x80025c20 x23=0x00000001
      333902000	     16593	8000bad6	000bfeb3	and	x29,x23,x0	 x23:0x00000001  x0:0x00000000 x29=0x00000000
      333922000	     16594	8000bada	00b571b3	and	x3,x10,x11	 x10:0x00000390 x11:0x00006f7e  x3=0x00000310
      333942000	     16595	8000bade	8ce9	c.and	x9,x10	  x9:0x9729c8c8 x10:0x00000390  x9=0x00000080
      334062000	     16601	8000bae0	01011863	bne	x2,x16,8000baf0	  x2:0xfffffff1 x16:0x00000001
      334322000	     16614	8000baf0	5e7d	c.li	x28,-1	 x28=0xffffffff
      334342000	     16615	8000baf2	0001	c.addi	x0,0	  x0:0x00000000  x0=0x00000000
      335382000	     16667	8000baf4	0222f3b3	remu	x7,x5,x2	  x5:0x00000001  x2:0xfffffff1  x7=0x00000001
      335402000	     16668	8000baf8	01449a13	slli	x20,x9,0x14	  x9:0x00000080 x20=0x08000000
      335442000	     16670	8000bafc	02c9c8b3	div	x17,x19,x12	 x19:0x80021df8 x12:0x00000000 x17=0xffffffff
      335462000	     16671	8000bb00	8929	c.andi	x10,10	 x10:0x00000390 x10=0x00000000
      335482000	     16672	8000bb02	00f19113	slli	x2,x3,0xf	  x3:0x00000310  x2=0x01880000
      335502000	     16673	8000bb06	02019063	bne	x3,x0,8000bb26	  x3:0x00000310  x0:0x00000000
      336842000	     16740	8000bb26	02834133	div	x2,x6,x8	  x6:0x00000651  x8:0x00000651  x2=0x00000001
      336862000	     16741	8000bb2a	8dc9	c.or	x11,x10	 x11:0x00006f7e x10:0x00000000 x11=0x00006f7e
      336882000	     16742	8000bb2c	8c49	c.or	x8,x10	  x8:0x00000651 x10:0x00000000  x8=0x00000651
      337222000	     16759	8000bb2e	0049a603	lw	x12,4(x19)	 x19:0x80021df8 x12=0x8000391e PA:0x80021dfc load:0x8000391e
      337242000	     16760	8000bb32	09f1	c.addi	x19,28	 x19:0x80021df8 x19=0x80021e14
      337262000	     16761	8000bb34	0386	c.slli	x7,0x1	  x7:0x00000001  x7=0x00000002
      337282000	     16762	8000bb36	00160513	addi	x10,x12,1	 x12:0x8000391e x10=0x8000391f
      337302000	     16763	8000bb3a	8502	c.jr	x10	 x10:0x8000391f
      337982000	     16797	8000391e	3403d973	csrrwi	x18,mscratch,7	 x18=0x80025e71
      338302000	     16813	80003922	340aec73	csrrsi	x24,mscratch,21	 x24=0x00000007
      338322000	     16814	80003926	004f5313	srli	x6,x30,0x4	 x30:0x00000001  x6=0x00000000
      338342000	     16815	8000392a	ea81	c.bnez	x13,8000393a	 x13:0x68d63217
      338902000	     16843	8000393a	0001	c.addi	x0,0	  x0:0x00000000  x0=0x00000000
      339062000	     16851	8000393c	83e1	c.srli	x15,0x18	 x15:0xffffffff x15=0x000000ff
      339102000	     16853	8000393e	02213433	mulhu	x8,x2,x2	  x2:0x00000001  x2:0x00000001  x8=0x00000000
      339122000	     16854	80003942	6dad	c.lui	x27,0xb	 x27=0x0000b000
      339142000	     16855	80003944	01c17263	bgeu	x2,x28,80003948	  x2:0x00000001 x28:0xffffffff
      339162000	     16856	80003948	34002473	csrrs	x8,mscratch,x0	  x0:0x00000000  x8=0x00000017
      339502000	     16873	8000394c	340567f3	csrrsi	x15,mscratch,10	 x15=0x00000017
      339522000	     16874	80003950	0116d4b3	srl	x9,x13,x17	 x13:0x68d63217 x17:0xffffffff  x9=0x00000000
      339542000	     16875	80003954	408e0eb3	sub	x29,x28,x8	 x28:0xffffffff  x8:0x00000017 x29=0xffffffe8
      339962000	     16896	80003958	8ec1	c.or	x13,x8	 x13:0x68d63217  x8:0x00000017 x13=0x68d63217
      339982000	     16897	8000395a	4855	c.li	x16,21	 x16=0x00000015
      340382000	     16917	8000395c	8fa1	c.xor	x15,x8	 x15:0x00000017  x8:0x00000017 x15=0x00000000
      340802000	     16938	8000395e	340076f3	csrrci	x13,mscratch,0	 x13=0x0000001f
      340862000	     16941	80003962	00d19893	slli	x17,x3,0xd	  x3:0x00000310 x17=0x00620000
      341362000	     16966	80003966	0049a603	lw	x12,4(x19)	 x19:0x80021e14 x12=0x80003842 PA:0x80021e18 load:0x80003842
      341382000	     16967	8000396a	34049373	csrrw	x6,mscratch,x9	  x9:0x00000000  x6=0x0000001f
      341402000	     16968	8000396e	987d	c.andi	x8,-1	  x8:0x00000017  x8=0x00000017
      341662000	     16981	80003970	02498993	addi	x19,x19,36	 x19:0x80021e14 x19=0x80021e38
      342442000	     17020	80003974	03f45433	divu	x8,x8,x31	  x8:0x00000017 x31:0x0000000b  x8=0x00000002
      342462000	     17021	80003978	00060213	addi	x4,x12,0	 x12:0x80003842  x4=0x80003842
      342482000	     17022	8000397c	00020267	jalr	x4,0(x4)	  x4:0x80003842  x4=0x80003980
      342602000	     17028	80003842	820e	c.mv	x4,x3	  x0:0x00000000  x3:0x00000310  x4=0x00000310
      343022000	     17049	80003844	3005b693	sltiu	x13,x11,768	 x11:0x00006f7e x13=0x00000000
      343042000	     17050	80003848	00000f17	auipc	x30,0x0	 x30=0x80003848
      343102000	     17053	8000384c	0a8f0f13	addi	x30,x30,168	 x30:0x80003848 x30=0x800038f0
      343122000	     17054	80003850	f2df0f13	addi	x30,x30,-211	 x30:0x800038f0 x30=0x8000381d
      343322000	     17064	80003854	34002e73	csrrs	x28,mscratch,x0	  x0:0x00000000 x28=0x00000000
      343342000	     17065	80003858	94f2	c.add	x9,x28	  x9:0x00000000 x28:0x00000000  x9=0x00000000
      343362000	     17066	8000385a	45cd	c.li	x11,19	 x11=0x00000013
      343382000	     17067	8000385c	0d3f0667	jalr	x12,211(x30)	 x30:0x8000381d x12=0x80003860
      343682000	     17082	800038f0	0083e463	bltu	x7,x8,800038f8	  x7:0x00000002  x8:0x00000002
      343762000	     17086	800038f4	72b46213	ori	x4,x8,1835	  x8:0x00000002  x4=0x0000072b
      344182000	     17107	800038f8	fdc98993	addi	x19,x19,-36	 x19:0x80021e38 x19=0x80021e14
      344582000	     17127	800038fc	00c9a223	sw	x12,4(x19)	 x19:0x80021e14 x12:0x80003860 PA:0x80021e18 store:0x80003860 load:0xffffffff
      344602000	     17128	80003900	0222	c.slli	x4,0x8	  x4:0x0000072b  x4=0x00072b00
      345342000	     17165	80003902	03f8fab3	remu	x21,x17,x31	 x17:0x00620000 x31:0x0000000b x21=0x00000002
      345362000	     17166	80003906	fe554c13	xori	x24,x10,-27	 x10:0x8000391f x24=0x7fffc6fa
      345382000	     17167	8000390a	01815863	bge	x2,x24,8000391a	  x2:0x00000001 x24:0x7fffc6fa
      345402000	     17168	8000390e	8739	c.srai	x14,0xe	 x14:0x00000000 x14=0x00000000
      345422000	     17169	80003910	0416	c.slli	x8,0x5	  x8:0x00000002  x8=0x00000040
      345442000	     17170	80003912	3402d3f3	csrrwi	x7,mscratch,5	  x7=0x00000000
      345462000	     17171	80003916	00369793	slli	x15,x13,0x3	 x13:0x00000000 x15=0x00000000
      345482000	     17172	8000391a	1de0666f	jal	x12,80009af8	 x12=0x8000391e
      345962000	     17196	80009af8	340072f3	csrrci	x5,mscratch,0	  x5=0x00000005
      345982000	     17197	80009afc	9644ae37	lui	x28,0x9644a	 x28=0x9644a000
      346002000	     17198	80009b00	14282193	slti	x3,x16,322	 x16:0x00000015  x3=0x00000001
      346042000	     17200	80009b04	1991	c.addi	x19,-28	 x19:0x80021e14 x19=0x80021df8
      346082000	     17202	80009b06	038b3f33	mulhu	x30,x22,x24	 x22:0xfffffadf x24:0x7fffc6fa x30=0x7fffc469
      346102000	     17203	80009b0a	6829	c.lui	x16,0xa	 x16=0x0000a000
      346382000	     17217	80009b0c	00c9a223	sw	x12,4(x19)	 x19:0x80021df8 x12:0x8000391e PA:0x80021dfc store:0x8000391e load:0xffffffff
      346402000	     17218	80009b10	0001	c.addi	x0,0	  x0:0x00000000  x0=0x00000000
      346422000	     17219	80009b12	0166d493	srli	x9,x13,0x16	 x13:0x00000000  x9=0x00000000
      346442000	     17220	80009b16	0001	c.addi	x0,0	  x0:0x00000000  x0=0x00000000
      346462000	     17221	80009b18	02a48733	mul	x14,x9,x10	  x9:0x00000000 x10:0x8000391f x14=0x00000000
      346482000	     17222	80009b1c	e799	c.bnez	x15,80009b2a	 x15:0x00000000
      346502000	     17223	80009b1e	008f8c63	beq	x31,x8,80009b36	 x31:0x0000000b  x8:0x00000040
      346522000	     17224	80009b22	340078f3	csrrci	x17,mscratch,0	 x17=0x00000005
      347262000	     17261	80009b26	03a3f833	remu	x16,x7,x26	  x7:0x00000000 x26:0xffffffb0 x16=0x00000000
      347282000	     17262	80009b2a	0001	c.addi	x0,0	  x0:0x00000000  x0=0x00000000
      347302000	     17263	80009b2c	0596d263	bge	x13,x25,80009b70	 x13:0x00000000 x25:0x80025ce4
      347542000	     17275	80009b70	b6d33813	sltiu	x16,x6,-1171	  x6:0x0000001f x16=0x00000001
      347562000	     17276	80009b74	413a5eb3	sra	x29,x20,x19	 x20:0x08000000 x19:0x80021df8 x29=0x00000008
      347582000	     17277	80009b78	03fd01b3	mul	x3,x26,x31	 x26:0xffffffb0 x31:0x0000000b  x3=0xfffffc90
      347602000	     17278	80009b7c	01751093	slli	x1,x10,0x17	 x10:0x8000391f  x1=0x8f800000
      347622000	     17279	80009b80	069c	c.addi4spn	x15,x2,832	 x15=0x00000341
      347642000	     17280	80009b82	8ad80013	addi	x0,x16,-1875	 x16:0x00000001  x0=0x00000000
      347862000	     17291	80009b86	34001f73	csrrw	x30,mscratch,x0	  x0:0x00000000 x30=0x00000005
      348002000	     17298	80009b8a	409d03b3	sub	x7,x26,x9	 x26:0xffffffb0  x9:0x00000000  x7=0xffffffb0
      348742000	     17335	80009b8e	02a578b3	remu	x17,x10,x10	 x10:0x8000391f x10:0x8000391f x17=0x00000000
      348762000	     17336	80009b92	987d	c.andi	x8,-1	  x8:0x00000040  x8=0x00000040
      348782000	     17337	80009b94	038a8c63	beq	x21,x24,80009bcc	 x21:0x00000002 x24:0x7fffc6fa
      348802000	     17338	80009b98	01c0b4b3	sltu	x9,x1,x28	  x1:0x8f800000 x28:0x9644a000  x9=0x00000001
      348822000	     17339	80009b9c	0169d113	srli	x2,x19,0x16	 x19:0x80021df8  x2=0x00000200
      348842000	     17340	80009ba0	618d	c.lui	x3,0x3	  x3=0x00003000
      349582000	     17377	80009ba2	02a4d2b3	divu	x5,x9,x10	  x9:0x00000001 x10:0x8000391f  x5=0x00000000
      349602000	     17378	80009ba6	01bffb33	and	x22,x31,x27	 x31:0x0000000b x27:0x0000b000 x22=0x00000000
      349622000	     17379	80009baa	8d0d	c.sub	x10,x11	 x10:0x8000391f x11:0x00000013 x10=0x8000390c
      349642000	     17380	80009bac	01dc91b3	sll	x3,x25,x29	 x25:0x80025ce4 x29:0x00000008  x3=0x025ce400
      349662000	     17381	80009bb0	8e3e	c.mv	x28,x15	  x0:0x00000000 x15:0x00000341 x28=0x00000341
      349682000	     17382	80009bb2	9db6	c.add	x27,x13	 x27:0x0000b000 x13:0x00000000 x27=0x0000b000
      349702000	     17383	80009bb4	8039	c.srli	x8,0xe	  x8:0x00000040  x8=0x00000000
      349722000	     17384	80009bb6	34006173	csrrsi	x2,mscratch,0	  x2=0x00000000
      349742000	     17385	80009bba	68695637	lui	x12,0x68695	 x12=0x68695000
      349762000	     17386	80009bbe	c611	c.beqz	x12,80009bca	 x12:0x68695000
      349782000	     17387	80009bc0	036a4c63	blt	x20,x22,80009bf8	 x20:0x08000000 x22:0x00000000
      349802000	     17388	80009bc4	3408dd73	csrrwi	x26,mscratch,17	 x26=0x00000000
      349822000	     17389	80009bc8	0588	c.addi4spn	x10,x2,704	 x10=0x000002c0
      349842000	     17390	80009bca	8ea1	c.xor	x13,x8	 x13:0x00000000  x8:0x00000000 x13=0x00000000
      350222000	     17409	80009bcc	ce81	c.beqz	x13,80009be4	 x13:0x00000000
      350842000	     17440	80009be4	006ee833	or	x16,x29,x6	 x29:0x00000008  x6:0x0000001f x16=0x0000001f
      350902000	     17443	80009be8	034a3333	mulhu	x6,x20,x20	 x20:0x08000000 x20:0x08000000  x6=0x00400000
      350982000	     17447	80009bec	02fe8433	mul	x8,x29,x15	 x29:0x00000008 x15:0x00000341  x8=0x00001a08
      351062000	     17451	80009bf0	8c51	c.or	x8,x12	  x8:0x00001a08 x12:0x68695000  x8=0x68695a08
      351082000	     17452	80009bf2	015f2a33	slt	x20,x30,x21	 x30:0x00000005 x21:0x00000002 x20=0x00000000
      351102000	     17453	80009bf6	84d5	c.srai	x9,0x15	  x9:0x00000001  x9=0x00000000
      351422000	     17469	80009bf8	01fc6133	or	x2,x24,x31	 x24:0x7fffc6fa x31:0x0000000b  x2=0x7fffc6fb
      351442000	     17470	80009bfc	9b1e	c.add	x22,x7	 x22:0x00000000  x7:0xffffffb0 x22=0xffffffb0
      351462000	     17471	80009bfe	621dc393	xori	x7,x27,1569	 x27:0x0000b000  x7=0x0000b621
      351482000	     17472	80009c02	019ea8b3	slt	x17,x29,x25	 x29:0x00000008 x25:0x80025ce4 x17=0x00000000
      351902000	     17493	80009c06	34021473	csrrw	x8,mscratch,x4	  x4:0x00072b00  x8=0x00000011
      351922000	     17494	80009c0a	151b7713	andi	x14,x22,337	 x22:0xffffffb0 x14=0x00000110
      351942000	     17495	80009c0e	0b0d	c.addi	x22,3	 x22:0xffffffb0 x22=0xffffffb3
      351962000	     17496	80009c10	003b6033	or	x0,x22,x3	 x22:0xffffffb3  x3:0x025ce400  x0=0x00000000
      351982000	     17497	80009c14	4791	c.li	x15,4	 x15=0x00000004
      352022000	     17499	80009c16	02852233	mulhsu	x4,x10,x8	 x10:0x000002c0  x8:0x00000011  x4=0x00000000
      352882000	     17542	80009c1a	0390cf33	div	x30,x1,x25	  x1:0x8f800000 x25:0x80025ce4 x30=0x00000000
      352902000	     17543	80009c1e	85bebe17	auipc	x28,0x85beb	 x28=0x05bf4c1e
      352922000	     17544	80009c22	9beeab93	slti	x23,x29,-1602	 x29:0x00000008 x23=0x00000000
      352942000	     17545	80009c26	40a95913	srai	x18,x18,0xa	 x18:0x80025e71 x18=0xffe00097
      352962000	     17546	80009c2a	d8acc613	xori	x12,x25,-630	 x25:0x80025ce4 x12=0x7ffda16e
      352982000	     17547	80009c2e	017feb33	or	x22,x31,x23	 x31:0x0000000b x23:0x00000000 x22=0x0000000b
      353002000	     17548	80009c32	0001	c.addi	x0,0	  x0:0x00000000  x0=0x00000000
      353082000	     17552	80009c34	016a25b3	slt	x11,x20,x22	 x20:0x00000000 x22:0x0000000b x11=0x00000001
      353442000	     17570	80009c38	41ce5633	sra	x12,x28,x28	 x28:0x05bf4c1e x28:0x05bf4c1e x12=0x00000000
      353462000	     17571	80009c3c	c09d	c.beqz	x9,80009c62	  x9:0x00000000
      353982000	     17597	80009c62	edbb0413	addi	x8,x22,-293	 x22:0x0000000b  x8=0xfffffee6
      354002000	     17598	80009c66	8da9	c.xor	x11,x10	 x11:0x00000001 x10:0x000002c0 x11=0x000002c1
      354022000	     17599	80009c68	01984db3	xor	x27,x16,x25	 x16:0x0000001f x25:0x80025ce4 x27=0x80025cfb
      354042000	     17600	80009c6c	34006773	csrrsi	x14,mscratch,0	 x14=0x00072b00
      354222000	     17609	80009c70	00c6abb3	slt	x23,x13,x12	 x13:0x00000000 x12:0x00000000 x23=0x00000000
      354242000	     17610	80009c74	34002573	csrrs	x10,mscratch,x0	  x0:0x00000000 x10=0x00072b00
      355142000	     17655	80009c78	02e94f33	div	x30,x18,x14	 x18:0xffe00097 x14:0x00072b00 x30=0xfffffffc
      355162000	     17656	80009c7c	340f50f3	csrrwi	x1,mscratch,30	  x1=0x00072b00
      355182000	     17657	80009c80	ca81	c.beqz	x13,80009c90	 x13:0x00000000
      355782000	     17687	80009c90	013f1c13	slli	x24,x30,0x13	 x30:0xfffffffc x24=0xffe00000
      355802000	     17688	80009c94	056b0163	beq	x22,x22,80009cd6	 x22:0x0000000b x22:0x0000000b
      356382000	     17717	80009cd6	0077ddb3	srl	x27,x15,x7	 x15:0x00000004  x7:0x0000b621 x27=0x00000002
      356802000	     17738	80009cda	41c90e33	sub	x28,x18,x28	 x18:0xffe00097 x28:0x05bf4c1e x28=0xfa20b479
      356942000	     17745	80009cde	3407f373	csrrci	x6,mscratch,15	  x6=0x0000001e
      357842000	     17790	80009ce2	02f7e533	rem	x10,x15,x15	 x15:0x00000004 x15:0x00000004 x10=0x00000000
      357862000	     17791	80009ce6	17fd	c.addi	x15,-1	 x15:0x00000004 x15=0x00000003
      357882000	     17792	80009ce8	340f9e73	csrrw	x28,mscratch,x31	 x31:0x0000000b x28=0x00000010
      357902000	     17793	80009cec	9316	c.add	x6,x5	  x6:0x0000001e  x5:0x00000000  x6=0x0000001e
      357922000	     17794	80009cee	40add633	sra	x12,x27,x10	 x27:0x00000002 x10:0x00000000 x12=0x00000002
      357942000	     17795	80009cf2	0ff0000f	fence	iorw,iorw	
      357962000	     17796	80009cf6	e999	c.bnez	x11,80009d0c	 x11:0x000002c1
      358382000	     17817	80009d0c	6e87b0b7	lui	x1,0x6e87b	  x1=0x6e87b000
      358422000	     17819	80009d10	006bdf13	srli	x30,x23,0x6	 x23:0x00000000 x30=0x00000000
      358442000	     17820	80009d14	0003df13	srli	x30,x7,0x0	  x7:0x0000b621 x30=0x0000b621
      358822000	     17839	80009d18	64d9	c.lui	x9,0x16	  x9=0x00016000
      358882000	     17842	80009d1a	0120e663	bltu	x1,x18,80009d26	  x1:0x6e87b000 x18:0xffe00097
      359802000	     17888	80009d26	2cd07d93	andi	x27,x0,717	  x0:0x00000000 x27=0x00000000
      359822000	     17889	80009d2a	00de	c.slli	x1,0x17	  x1:0x6e87b000  x1=0x00000000
      359902000	     17893	80009d2c	01b5dab3	srl	x21,x11,x27	 x11:0x000002c1 x27:0x00000000 x21=0x000002c1
      360062000	     17901	80009d30	00624b33	xor	x22,x4,x6	  x4:0x00000000  x6:0x0000001e x22=0x0000001e
      360182000	     17907	80009d34	40675533	sra	x10,x14,x6	 x14:0x00072b00  x6:0x0000001e x10=0x00000000
      360202000	     17908	80009d38	02bec963	blt	x29,x11,80009d6a	 x29:0x00000008 x11:0x000002c1
      360542000	     17925	80009d6a	0d36	c.slli	x26,0xd	 x26:0x00000000 x26=0x00000000
      360582000	     17927	80009d6c	00fe5433	srl	x8,x28,x15	 x28:0x00000010 x15:0x00000003  x8=0x00000002
      360662000	     17931	80009d70	4219	c.li	x4,6	  x4=0x00000006
      360702000	     17933	80009d72	3402def3	csrrwi	x29,mscratch,5	 x29=0x0000000b
      360722000	     17934	80009d76	07cd	c.addi	x15,19	 x15:0x00000003 x15=0x00000016
      360802000	     17938	80009d78	005837b3	sltu	x15,x16,x5	 x16:0x0000001f  x5:0x00000000 x15=0x00000000
      361042000	     17950	80009d7c	0001	c.addi	x0,0	  x0:0x00000000  x0=0x00000000
      361062000	     17951	80009d7e	2a033593	sltiu	x11,x6,672	  x6:0x0000001e x11=0x00000001
      361082000	     17952	80009d82	01ec5b13	srli	x22,x24,0x1e	 x24:0xffe00000 x22=0x00000003
      361102000	     17953	80009d86	99fbe8b7	lui	x17,0x99fbe	 x17=0x99fbe000
      361122000	     17954	80009d8a	5addfe97	auipc	x29,0x5addf	 x29=0xdade8d8a
      361142000	     17955	80009d8e	8909	c.andi	x10,2	 x10:0x00000000 x10=0x00000000
      361582000	     17977	80009d90	01c78563	beq	x15,x28,80009d9a	 x15:0x00000000 x28:0x00000010
      375922000	     18694	80009d94	01831293	slli	x5,x6,0x18	  x6:0x0000001e  x5=0x1e000000
      375942000	     18695	80009d98	8be5	c.andi	x15,25	 x15:0x00000000 x15=0x00000000
      375962000	     18696	80009d9a	8cb1	c.xor	x9,x12	  x9:0x00016000 x12:0x00000002  x9=0x00016002
      375982000	     18697	80009d9c	01cb7963	bgeu	x22,x28,80009dae	 x22:0x00000003 x28:0x00000010
      376002000	     18698	80009da0	9dda	c.add	x27,x22	 x27:0x00000000 x22:0x00000003 x27=0x00000003
      376022000	     18699	80009da2	340f2bf3	csrrs	x23,mscratch,x30	 x30:0x0000b621 x23=0x00000005
      376042000	     18700	80009da6	8dbd	c.xor	x11,x15	 x11:0x00000001 x15:0x00000000 x11=0x00000001
      376062000	     18701	80009da8	030a	c.slli	x6,0x2	  x6:0x0000001e  x6=0x00000078
      376082000	     18702	80009daa	8c46	c.mv	x24,x17	  x0:0x00000000 x17:0x99fbe000 x24=0x99fbe000
      376102000	     18703	80009dac	0001	c.addi	x0,0	  x0:0x00000000  x0=0x00000000
      376202000	     18708	80009dae	40e80eb3	sub	x29,x16,x14	 x16:0x0000001f x14:0x00072b00 x29=0xfff8d51f
      376942000	     18745	80009db2	03f8ef33	rem	x30,x17,x31	 x17:0x99fbe000 x31:0x0000000b x30=0xfffffffc
      376962000	     18746	80009db6	a2cb8313	addi	x6,x23,-1492	 x23:0x00000005  x6=0xfffffa31
      376982000	     18747	80009dba	0dc2	c.slli	x27,0x10	 x27:0x00000003 x27=0x00030000
      377002000	     18748	80009dbc	8f9d	c.sub	x15,x15	 x15:0x00000000 x15:0x00000000 x15=0x00000000
      377022000	     18749	80009dbe	8d6d	c.and	x10,x11	 x10:0x00000000 x11:0x00000001 x10=0x00000000
      377042000	     18750	80009dc0	84d5	c.srai	x9,0x15	  x9:0x00016002  x9=0x00000000
      377062000	     18751	80009dc2	00211693	slli	x13,x2,0x2	  x2:0x7fffc6fb x13=0xffff1bec
      377082000	     18752	80009dc6	000c5593	srli	x11,x24,0x0	 x24:0x99fbe000 x11=0x99fbe000
      377102000	     18753	80009dca	01734d33	xor	x26,x6,x23	  x6:0xfffffa31 x23:0x00000005 x26=0xfffffa34
      377122000	     18754	80009dce	03356263	bltu	x10,x19,80009df2	 x10:0x00000000 x19:0x80021df8
      377402000	     18768	80009df2	41455033	sra	x0,x10,x20	 x10:0x00000000 x20:0x00000000  x0=0x00000000
      377422000	     18769	80009df6	0189d693	srli	x13,x19,0x18	 x19:0x80021df8 x13=0x00000080
      377442000	     18770	80009dfa	40865d33	sra	x26,x12,x8	 x12:0x00000002  x8:0x00000002 x26=0x00000000
      378182000	     18807	80009dfe	0279f2b3	remu	x5,x19,x7	 x19:0x80021df8  x7:0x0000b621  x5=0x00006e6b
      378202000	     18808	80009e02	0001	c.addi	x0,0	  x0:0x00000000  x0=0x00000000
      378222000	     18809	80009e04	036065b7	lui	x11,0x3606	 x11=0x03606000
      378242000	     18810	80009e08	018fc733	xor	x14,x31,x24	 x31:0x0000000b x24:0x99fbe000 x14=0x99fbe00b
      378262000	     18811	80009e0c	10fc03b7	lui	x7,0x10fc0	  x7=0x10fc0000
      378282000	     18812	80009e10	41cf3293	sltiu	x5,x30,1052	 x30:0xfffffffc  x5=0x00000000
      378302000	     18813	80009e14	6145	c.addi16sp	x2,48	  x2:0x7fffc6fb  x2=0x7fffc72b
      378342000	     18815	80009e16	002768b3	or	x17,x14,x2	 x14:0x99fbe00b  x2:0x7fffc72b x17=0xffffe72b
      378362000	     18816	80009e1a	0001	c.addi	x0,0	  x0:0x00000000  x0=0x00000000
      378382000	     18817	80009e1c	02118eb3	mul	x29,x3,x1	  x3:0x025ce400  x1:0x00000000 x29=0x00000000
      378402000	     18818	80009e20	0335cc63	blt	x11,x19,80009e58	 x11:0x03606000 x19:0x80021df8
      379322000	     18864	80009e24	0309f133	remu	x2,x19,x16	 x19:0x80021df8 x16:0x0000001f  x2=0x00000015
      379342000	     18865	80009e28	08d73e93	sltiu	x29,x14,141	 x14:0x99fbe00b x29=0x00000000
      379362000	     18866	80009e2c	406bd2b3	sra	x5,x23,x6	 x23:0x00000005  x6:0xfffffa31  x5=0x00000000
      379382000	     18867	80009e30	8609	c.srai	x12,0x2	 x12:0x00000002 x12=0x00000000
      379402000	     18868	80009e32	34007bf3	csrrci	x23,mscratch,0	 x23=0x0000b625
      379422000	     18869	80009e36	00341093	slli	x1,x8,0x3	  x8:0x00000002  x1=0x00000010
      379462000	     18871	80009e3a	03612333	mulhsu	x6,x2,x22	  x2:0x00000015 x22:0x00000003  x6=0x00000000
      379482000	     18872	80009e3e	03c28a33	mul	x20,x5,x28	  x5:0x00000000 x28:0x00000010 x20=0x00000000
      379602000	     18878	80009e42	6ddea913	slti	x18,x29,1757	 x29:0x00000000 x18=0x00000001
      379782000	     18887	80009e46	340e2e73	csrrs	x28,mscratch,x28	 x28:0x00000010 x28=0x0000b625
      379802000	     18888	80009e4a	0652	c.slli	x12,0x14	 x12:0x00000000 x12=0x00000000
      379902000	     18893	80009e4c	41250f33	sub	x30,x10,x18	 x10:0x00000000 x18:0x00000001 x30=0xffffffff
      381042000	     18950	80009e50	02ed7f33	remu	x30,x26,x14	 x26:0x00000000 x14:0x99fbe00b x30=0x00000000
      381062000	     18951	80009e54	0001	c.addi	x0,0	  x0:0x00000000  x0=0x00000000
      381082000	     18952	80009e56	0001	c.addi	x0,0	  x0:0x00000000  x0=0x00000000
      381122000	     18954	80009e58	030d91b3	mulh	x3,x27,x16	 x27:0x00030000 x16:0x0000001f  x3=0x00000000
      381862000	     18991	80009e5c	03985f33	divu	x30,x16,x25	 x16:0x0000001f x25:0x80025ce4 x30=0x00000000
      381882000	     18992	80009e60	01921913	slli	x18,x4,0x19	  x4:0x00000006 x18=0x0c000000
      381902000	     18993	80009e64	8d2d	c.xor	x10,x11	 x10:0x00000000 x11:0x03606000 x10=0x03606000
      381922000	     18994	80009e66	8f385037	lui	x0,0x8f385	  x0=0x00000000
      381942000	     18995	80009e6a	0555c063	blt	x11,x21,80009eaa	 x11:0x03606000 x21:0x000002c1
      381962000	     18996	80009e6e	0182e5b3	or	x11,x5,x24	  x5:0x00000000 x24:0x99fbe000 x11=0x99fbe000
      381982000	     18997	80009e72	00d9df33	srl	x30,x19,x13	 x19:0x80021df8 x13:0x00000080 x30=0x80021df8
      382122000	     19004	80009e76	01db8333	add	x6,x23,x29	 x23:0x0000b625 x29:0x00000000  x6=0x0000b625
      382142000	     19005	80009e7a	da202893	slti	x17,x0,-606	  x0:0x00000000 x17=0x00000000
      382182000	     19007	80009e7e	09c50d93	addi	x27,x10,156	 x10:0x03606000 x27=0x0360609c
      382202000	     19008	80009e82	00fa62b3	or	x5,x20,x15	 x20:0x00000000 x15:0x00000000  x5=0x00000000
      382222000	     19009	80009e86	8eb1	c.xor	x13,x12	 x13:0x00000080 x12:0x00000000 x13=0x00000080
      382242000	     19010	80009e88	0521	c.addi	x10,8	 x10:0x03606000 x10=0x03606008
      382262000	     19011	80009e8a	007114b3	sll	x9,x2,x7	  x2:0x00000015  x7:0x10fc0000  x9=0x00000015
      382282000	     19012	80009e8e	80c1	c.srli	x9,0x10	  x9:0x00000015  x9=0x00000000
      382302000	     19013	80009e90	00082833	slt	x16,x16,x0	 x16:0x0000001f  x0:0x00000000 x16=0x00000000
      382662000	     19031	80009e94	41e25a13	srai	x20,x4,0x1e	  x4:0x00000006 x20=0x00000000
      382722000	     19034	80009e98	41108d33	sub	x26,x1,x17	  x1:0x00000010 x17:0x00000000 x26=0x00000010
      382802000	     19038	80009e9c	87fd	c.srai	x15,0x1f	 x15:0x00000000 x15=0x00000000
      382842000	     19040	80009e9e	a7be3d93	sltiu	x27,x28,-1413	 x28:0x0000b625 x27=0x00000001
      382882000	     19042	80009ea2	406c5693	srai	x13,x24,0x6	 x24:0x99fbe000 x13=0xfe67ef80
      382962000	     19046	80009ea6	0000100f	fence.i	
      383382000	     19067	80009eaa	3409bef3	csrrc	x29,mscratch,x19	 x19:0x80021df8 x29=0x0000b635
      383402000	     19068	80009eae	8c59	c.or	x8,x14	  x8:0x00000002 x14:0x99fbe00b  x8=0x99fbe00b
      383422000	     19069	80009eb0	06bd4463	blt	x26,x11,80009f18	 x26:0x00000010 x11:0x99fbe000
      383542000	     19075	80009eb4	01eb2f33	slt	x30,x22,x30	 x22:0x00000003 x30:0x80021df8 x30=0x00000000
      383562000	     19076	80009eb8	00269593	slli	x11,x13,0x2	 x13:0xfe67ef80 x11=0xf99fbe00
      383882000	     19092	80009ebc	014afab3	and	x21,x21,x20	 x21:0x000002c1 x20:0x00000000 x21=0x00000000
      383922000	     19094	80009ec0	03039ab3	mulh	x21,x7,x16	  x7:0x10fc0000 x16:0x00000000 x21=0x00000000
      383942000	     19095	80009ec4	015ee863	bltu	x29,x21,80009ed4	 x29:0x0000b635 x21:0x00000000
      383962000	     19096	80009ec8	04545d63	bge	x8,x5,80009f22	  x8:0x99fbe00b  x5:0x00000000
      383982000	     19097	80009ecc	07ce7663	bgeu	x28,x28,80009f38	 x28:0x0000b625 x28:0x0000b625
      384182000	     19107	80009f38	0347e763	bltu	x15,x20,80009f66	 x15:0x00000000 x20:0x00000000
      384202000	     19108	80009f3c	0001	c.addi	x0,0	  x0:0x00000000  x0=0x00000000
      384222000	     19109	80009f3e	0001	c.addi	x0,0	  x0:0x00000000  x0=0x00000000
      384322000	     19114	80009f40	40e25d13	srai	x26,x4,0xe	  x4:0x00000006 x26=0x00000000
      384342000	     19115	80009f44	340020f3	csrrs	x1,mscratch,x0	  x0:0x00000000  x1=0x0000a205
      384362000	     19116	80009f48	00a258b3	srl	x17,x4,x10	  x4:0x00000006 x10:0x03606008 x17=0x00000000
      384382000	     19117	80009f4c	4130d613	srai	x12,x1,0x13	  x1:0x0000a205 x12=0x00000000
      385122000	     19154	80009f50	0383cc33	div	x24,x7,x24	  x7:0x10fc0000 x24:0x99fbe000 x24=0x00000000
      385142000	     19155	80009f54	01dccab3	xor	x21,x25,x29	 x25:0x80025ce4 x29:0x0000b635 x21=0x8002ead1
      385182000	     19157	80009f58	02fb5433	divu	x8,x22,x15	 x22:0x00000003 x15:0x00000000  x8=0xffffffff
      385202000	     19158	80009f5c	34003a73	csrrc	x20,mscratch,x0	  x0:0x00000000 x20=0x0000a205
      385222000	     19159	80009f60	0001	c.addi	x0,0	  x0:0x00000000  x0=0x00000000
      385242000	     19160	80009f62	c59d	c.beqz	x11,80009f90	 x11:0xf99fbe00
      385262000	     19161	80009f64	8ff1	c.and	x15,x12	 x15:0x00000000 x12:0x00000000 x15=0x00000000
      385642000	     19180	80009f66	01d40d63	beq	x8,x29,80009f80	  x8:0xffffffff x29:0x0000b635
      385662000	     19181	80009f6a	55830113	addi	x2,x6,1368	  x6:0x0000b625  x2=0x0000bb7d
      385682000	     19182	80009f6e	0159c533	xor	x10,x19,x21	 x19:0x80021df8 x21:0x8002ead1 x10=0x0000f729
      385702000	     19183	80009f72	1490	c.addi4spn	x12,x2,608	 x12=0x0000bddd
      385822000	     19189	80009f74	0d36	c.slli	x26,0xd	 x26:0x00000000 x26=0x00000000
      385842000	     19190	80009f76	41ba8ab3	sub	x21,x21,x27	 x21:0x8002ead1 x27:0x00000001 x21=0x8002ead0
      386182000	     19207	80009f7a	407fd013	srai	x0,x31,0x7	 x31:0x0000000b  x0=0x00000000
      386202000	     19208	80009f7e	c2a1	c.beqz	x13,80009fbe	 x13:0xfe67ef80
      386942000	     19245	80009f80	02b158b3	divu	x17,x2,x11	  x2:0x0000bb7d x11:0xf99fbe00 x17=0x00000000
      386962000	     19246	80009f84	003f41b3	xor	x3,x30,x3	 x30:0x00000000  x3:0x00000000  x3=0x00000000
      386982000	     19247	80009f88	8d0d	c.sub	x10,x11	 x10:0x0000f729 x11:0xf99fbe00 x10=0x06613929
      387002000	     19248	80009f8a	81d6	c.mv	x3,x21	  x0:0x00000000 x21:0x8002ead0  x3=0x8002ead0
      387022000	     19249	80009f8c	8f46	c.mv	x30,x17	  x0:0x00000000 x17:0x00000000 x30=0x00000000
      387042000	     19250	80009f8e	83b9	c.srli	x15,0xe	 x15:0x00000000 x15=0x00000000
      387062000	     19251	80009f90	014f1d63	bne	x30,x20,80009faa	 x30:0x00000000 x20:0x0000a205
      387842000	     19290	80009faa	00d29263	bne	x5,x13,80009fae	  x5:0x00000000 x13:0xfe67ef80
      388582000	     19327	80009fae	00c6d613	srli	x12,x13,0xc	 x13:0xfe67ef80 x12=0x000fe67e
      388602000	     19328	80009fb2	717d	c.addi16sp	x2,-16	  x2:0x0000bb7d  x2=0x0000bb6d
      388622000	     19329	80009fb4	340027f3	csrrs	x15,mscratch,x0	  x0:0x00000000 x15=0x0000a205
      388642000	     19330	80009fb8	8e5d	c.or	x12,x15	 x12:0x000fe67e x15:0x0000a205 x12=0x000fe67f
      388662000	     19331	80009fba	0287c463	blt	x15,x8,80009fe2	 x15:0x0000a205  x8:0xffffffff
      388702000	     19333	80009fbe	025b91b3	mulh	x3,x23,x5	 x23:0x0000b625  x5:0x00000000  x3=0x00000000
      389442000	     19370	80009fc2	033b7133	remu	x2,x22,x19	 x22:0x00000003 x19:0x80021df8  x2=0x00000003
      389462000	     19371	80009fc6	1d7d	c.addi	x26,-1	 x26:0x00000000 x26=0xffffffff
      389482000	     19372	80009fc8	01b01093	slli	x1,x0,0x1b	  x0:0x00000000  x1=0x00000000
      389502000	     19373	80009fcc	00175863	bge	x14,x1,80009fdc	 x14:0x99fbe00b  x1:0x00000000
      389522000	     19374	80009fd0	05345163	bge	x8,x19,8000a012	  x8:0xffffffff x19:0x80021df8
      390002000	     19398	8000a012	340e56f3	csrrwi	x13,mscratch,28	 x13=0x0000a205
      390022000	     19399	8000a016	02f58c63	beq	x11,x15,8000a04e	 x11:0xf99fbe00 x15:0x0000a205
      390082000	     19402	8000a01a	0153d663	bge	x7,x21,8000a026	  x7:0x10fc0000 x21:0x8002ead0
      390662000	     19431	8000a026	35b7c293	xori	x5,x15,859	 x15:0x0000a205  x5=0x0000a15e
      390682000	     19432	8000a02a	527d	c.li	x4,-1	  x4=0xffffffff
      390782000	     19437	8000a02c	8e3d	c.xor	x12,x15	 x12:0x000fe67f x15:0x0000a205 x12=0x000f447a
      390802000	     19438	8000a02e	0b88	c.addi4spn	x10,x2,464	 x10=0x000001d3
      391122000	     19454	8000a030	0001	c.addi	x0,0	  x0:0x00000000  x0=0x00000000
      391142000	     19455	8000a032	00c101b3	add	x3,x2,x12	  x2:0x00000003 x12:0x000f447a  x3=0x000f447d
      391162000	     19456	8000a036	15569a37	lui	x20,0x15569	 x20=0x15569000
      391182000	     19457	8000a03a	8f0d	c.sub	x14,x11	 x14:0x99fbe00b x11:0xf99fbe00 x14=0xa05c220b
      391942000	     19495	8000a03c	0324eab3	rem	x21,x9,x18	  x9:0x00000000 x18:0x0c000000 x21=0x00000000
      391962000	     19496	8000a040	03d5dd63	bge	x11,x29,8000a07a	 x11:0xf99fbe00 x29:0x0000b635
      391982000	     19497	8000a044	419e5e93	srai	x29,x28,0x19	 x28:0x0000b625 x29=0x00000000
      392002000	     19498	8000a048	c59d	c.beqz	x11,8000a076	 x11:0xf99fbe00
      392022000	     19499	8000a04a	c10d	c.beqz	x10,8000a06c	 x10:0x000001d3
      392042000	     19500	8000a04c	80b9	c.srli	x9,0xe	  x9:0x00000000  x9=0x00000000
      392062000	     19501	8000a04e	00789d63	bne	x17,x7,8000a068	 x17:0x00000000  x7:0x10fc0000
      392562000	     19526	8000a068	0378b533	mulhu	x10,x17,x23	 x17:0x00000000 x23:0x0000b625 x10=0x00000000
      392782000	     19537	8000a06c	c129	c.beqz	x10,8000a0ae	 x10:0x00000000
      393762000	     19586	8000a0ae	01eaf1b3	and	x3,x21,x30	 x21:0x00000000 x30:0x00000000  x3=0x00000000
      393922000	     19594	8000a0b2	340c5473	csrrwi	x8,mscratch,24	  x8=0x0000001c
      394122000	     19604	8000a0b6	001ecf33	xor	x30,x29,x1	 x29:0x00000000  x1:0x00000000 x30=0x00000000
      394142000	     19605	8000a0ba	002982b3	add	x5,x19,x2	 x19:0x80021df8  x2:0x00000003  x5=0x80021dfb
      394162000	     19606	8000a0be	8fcd	c.or	x15,x11	 x15:0x0000a205 x11:0xf99fbe00 x15=0xf99fbe05
      395042000	     19650	8000a0c0	039743b3	div	x7,x14,x25	 x14:0xa05c220b x25:0x80025ce4  x7=0x00000000
      395062000	     19651	8000a0c4	50fd	c.li	x1,-1	  x1=0xffffffff
      395082000	     19652	8000a0c6	0044c1b3	xor	x3,x9,x4	  x9:0x00000000  x4:0xffffffff  x3=0xffffffff
      395822000	     19689	8000a0ca	0329e833	rem	x16,x19,x18	 x19:0x80021df8 x18:0x0c000000 x16=0xf8021df8
      395842000	     19690	8000a0ce	1ca9c437	lui	x8,0x1ca9c	  x8=0x1ca9c000
      395882000	     19692	8000a0d2	02a02733	mulhsu	x14,x0,x10	  x0:0x00000000 x10:0x00000000 x14=0x00000000
      395902000	     19693	8000a0d6	40a65bb3	sra	x23,x12,x10	 x12:0x000f447a x10:0x00000000 x23=0x000f447a
      395922000	     19694	8000a0da	e4a1fa13	andi	x20,x3,-438	  x3:0xffffffff x20=0xfffffe4a
      395942000	     19695	8000a0de	008a5d93	srli	x27,x20,0x8	 x20:0xfffffe4a x27=0x00fffffe
      395962000	     19696	8000a0e2	0001	c.addi	x0,0	  x0:0x00000000  x0=0x00000000
      395982000	     19697	8000a0e4	00d37933	and	x18,x6,x13	  x6:0x0000b625 x13:0x0000a205 x18=0x0000a205
      396002000	     19698	8000a0e8	de293413	sltiu	x8,x18,-542	 x18:0x0000a205  x8=0x00000001
      396402000	     19718	8000a0ec	0001	c.addi	x0,0	  x0:0x00000000  x0=0x00000000
      396422000	     19719	8000a0ee	07eb8013	addi	x0,x23,126	 x23:0x000f447a  x0=0x00000000
      396442000	     19720	8000a0f2	82bd	c.srli	x13,0xf	 x13:0x0000a205 x13=0x00000001
      396562000	     19726	8000a0f4	c689	c.beqz	x13,8000a0fe	 x13:0x00000001
      396782000	     19737	8000a0f6	b3313037	lui	x0,0xb3313	  x0=0x00000000
      396802000	     19738	8000a0fa	cc09	c.beqz	x8,8000a114	  x8:0x00000001
      396842000	     19740	8000a0fc	8f31	c.xor	x14,x12	 x14:0x00000000 x12:0x000f447a x14=0x000f447a
      396982000	     19747	8000a0fe	02af5963	bge	x30,x10,8000a130	 x30:0x00000000 x10:0x00000000
      398602000	     19828	8000a130	044fb493	sltiu	x9,x31,68	 x31:0x0000000b  x9=0x00000001
      398622000	     19829	8000a134	41db8133	sub	x2,x23,x29	 x23:0x000f447a x29:0x00000000  x2=0x000f447a
      398842000	     19840	8000a138	3f11b4b7	lui	x9,0x3f11b	  x9=0x3f11b000
      399262000	     19861	8000a13c	34075d73	csrrwi	x26,mscratch,14	 x26=0x00000018
      399342000	     19865	8000a140	01de	c.slli	x3,0x17	  x3:0xffffffff  x3=0xff800000
      399402000	     19868	8000a142	340b9df3	csrrw	x27,mscratch,x23	 x23:0x000f447a x27=0x0000000e
      399822000	     19889	8000a146	00044963	blt	x8,x0,8000a158	  x8:0x00000001  x0:0x00000000
      399842000	     19890	8000a14a	808d	c.srli	x9,0x3	  x9:0x3f11b000  x9=0x07e23600
      400582000	     19927	8000a14c	0335e0b3	rem	x1,x11,x19	 x11:0xf99fbe00 x19:0x80021df8  x1=0xf99fbe00
      400602000	     19928	8000a150	00b09863	bne	x1,x11,8000a160	  x1:0xf99fbe00 x11:0xf99fbe00
      400622000	     19929	8000a154	011f2133	slt	x2,x30,x17	 x30:0x00000000 x17:0x00000000  x2=0x00000000
      400642000	     19930	8000a158	7ab48093	addi	x1,x9,1963	  x9:0x07e23600  x1=0x07e23dab
      400662000	     19931	8000a15c	34045273	csrrwi	x4,mscratch,8	  x4=0x000f447a
      400682000	     19932	8000a160	51e86b13	ori	x22,x16,1310	 x16:0xf8021df8 x22=0xf8021dfe
      400802000	     19938	8000a164	02bfa533	mulhsu	x10,x31,x11	 x31:0x0000000b x11:0xf99fbe00 x10=0x0000000a
      400822000	     19939	8000a168	c815	c.beqz	x8,8000a19c	  x8:0x00000001
      400842000	     19940	8000a16a	41a35d13	srai	x26,x6,0x1a	  x6:0x0000b625 x26=0x00000000
      410582000	     20427	8000a16e	044dd163	bge	x27,x4,8000a1b0	 x27:0x0000000e  x4:0x000f447a
      410602000	     20428	8000a172	8e86	c.mv	x29,x1	  x0:0x00000000  x1:0x07e23dab x29=0x07e23dab
      410622000	     20429	8000a174	4097d893	srai	x17,x15,0x9	 x15:0xf99fbe05 x17=0xfffccfdf
      410642000	     20430	8000a178	e88d	c.bnez	x9,8000a1aa	  x9:0x07e23600
      411042000	     20450	8000a1aa	e6ea6693	ori	x13,x20,-402	 x20:0xfffffe4a x13=0xfffffe6e
      411062000	     20451	8000a1ae	6179	c.addi16sp	x2,464	  x2:0x00000000  x2=0x000001d0
      411342000	     20465	8000a1b0	0067bd33	sltu	x26,x15,x6	 x15:0xf99fbe05  x6:0x0000b625 x26=0x00000000
      411362000	     20466	8000a1b4	34006c73	csrrsi	x24,mscratch,0	 x24=0x00000008
      411782000	     20487	8000a1b8	0151ceb3	xor	x29,x3,x21	  x3:0xff800000 x21:0x00000000 x29=0xff800000
      412622000	     20529	8000a1bc	02b77333	remu	x6,x14,x11	 x14:0x000f447a x11:0xf99fbe00  x6=0x000f447a
      412642000	     20530	8000a1c0	d2304d93	xori	x27,x0,-733	  x0:0x00000000 x27=0xfffffd23
      412662000	     20531	8000a1c4	84757893	andi	x17,x10,-1977	 x10:0x0000000a x17=0x00000002
      412682000	     20532	8000a1c8	00c3d733	srl	x14,x7,x12	  x7:0x00000000 x12:0x000f447a x14=0x00000000
      412702000	     20533	8000a1cc	717d	c.addi16sp	x2,-16	  x2:0x000001d0  x2=0x000001c0
      412722000	     20534	8000a1ce	0000100f	fence.i	
      412902000	     20543	8000a1d2	e481	c.bnez	x9,8000a1da	  x9:0x07e23600
      413282000	     20562	8000a1da	8979	c.andi	x10,30	 x10:0x0000000a x10=0x0000000a
      413302000	     20563	8000a1dc	1c94	c.addi4spn	x13,x2,624	 x13=0x00000430
      413662000	     20581	8000a1de	340f9d73	csrrw	x26,mscratch,x31	 x31:0x0000000b x26=0x00000008
      413682000	     20582	8000a1e2	0001	c.addi	x0,0	  x0:0x00000000  x0=0x00000000
      413822000	     20589	8000a1e4	340d38f3	csrrc	x17,mscratch,x26	 x26:0x00000008 x17=0x0000000b
      414162000	     20606	8000a1e8	024e7263	bgeu	x28,x4,8000a20c	 x28:0x0000b625  x4:0x000f447a
      414182000	     20607	8000a1ec	00ea2f33	slt	x30,x20,x14	 x20:0xfffffe4a x14:0x00000000 x30=0x00000001
      414582000	     20627	8000a1f0	34006e73	csrrsi	x28,mscratch,0	 x28=0x00000003
      414602000	     20628	8000a1f4	8669	c.srai	x12,0x1a	 x12:0x000f447a x12=0x00000000
      415022000	     20649	8000a1f6	0296cc63	blt	x13,x9,8000a22e	 x13:0x00000430  x9:0x07e23600
      415722000	     20684	8000a22e	032d0913	addi	x18,x26,50	 x26:0x00000008 x18=0x0000003a
      415762000	     20686	8000a232	035678b3	remu	x17,x12,x21	 x12:0x00000000 x21:0x00000000 x17=0x00000000
      415782000	     20687	8000a236	06e6	c.slli	x13,0x19	 x13:0x00000430 x13=0x60000000
      416142000	     20705	8000a238	34007c73	csrrci	x24,mscratch,0	 x24=0x00000003
      416162000	     20706	8000a23c	015f0733	add	x14,x30,x21	 x30:0x00000001 x21:0x00000000 x14=0x00000001
      416182000	     20707	8000a240	688d	c.lui	x17,0x3	 x17=0x00003000
      416602000	     20728	8000a242	340b6273	csrrsi	x4,mscratch,22	  x4=0x00000003
      416642000	     20730	8000a246	026e1233	mulh	x4,x28,x6	 x28:0x00000003  x6:0x000f447a  x4=0x00000000
      416662000	     20731	8000a24a	8cd5	c.or	x9,x13	  x9:0x07e23600 x13:0x60000000  x9=0x67e23600
      416942000	     20745	8000a24c	8e29	c.xor	x12,x10	 x12:0x00000000 x10:0x0000000a x12=0x0000000a
      417162000	     20756	8000a24e	057a9063	bne	x21,x23,8000a28e	 x21:0x00000000 x23:0x000f447a
      417822000	     20789	8000a28e	8cd5	c.or	x9,x13	  x9:0x67e23600 x13:0x60000000  x9=0x67e23600
      418242000	     20810	8000a290	287805b7	lui	x11,0x28780	 x11=0x28780000
      418282000	     20812	8000a294	02d8adb3	mulhsu	x27,x17,x13	 x17:0x00003000 x13:0x60000000 x27=0x00001200
      418382000	     20817	8000a298	40255493	srai	x9,x10,0x2	 x10:0x0000000a  x9=0x00000002
      419522000	     20874	8000a29c	02ec5d33	divu	x26,x24,x14	 x24:0x00000003 x14:0x00000001 x26=0x00000003
      419542000	     20875	8000a2a0	00d865b3	or	x11,x16,x13	 x16:0xf8021df8 x13:0x60000000 x11=0xf8021df8
      419642000	     20880	8000a2a4	00000a33	add	x20,x0,x0	  x0:0x00000000  x0:0x00000000 x20=0x00000000
      419662000	     20881	8000a2a8	8079	c.srli	x8,0x1e	  x8:0x00000001  x8=0x00000000
      419682000	     20882	8000a2aa	340bd0f3	csrrwi	x1,mscratch,23	  x1=0x00000017
      419702000	     20883	8000a2ae	e229	c.bnez	x12,8000a2f0	 x12:0x0000000a
      419942000	     20895	8000a2f0	997e	c.add	x18,x31	 x18:0x0000003a x31:0x0000000b x18=0x00000045
      419962000	     20896	8000a2f2	ce4b7593	andi	x11,x22,-796	 x22:0xf8021dfe x11=0xf8021ce4
      419982000	     20897	8000a2f6	ce05	c.beqz	x12,8000a32e	 x12:0x0000000a
      420002000	     20898	8000a2f8	8ec9	c.or	x13,x10	 x13:0x60000000 x10:0x0000000a x13=0x6000000a
      420022000	     20899	8000a2fa	000c2633	slt	x12,x24,x0	 x24:0x00000003  x0:0x00000000 x12=0x00000000
      420042000	     20900	8000a2fe	8146	c.mv	x2,x17	  x0:0x00000000 x17:0x00003000  x2=0x00003000
      420422000	     20919	8000a300	340970f3	csrrci	x1,mscratch,18	  x1=0x00000017
      420442000	     20920	8000a304	8685	c.srai	x13,0x1	 x13:0x6000000a x13=0x30000005
      420862000	     20941	8000a306	01a863b3	or	x7,x16,x26	 x16:0xf8021df8 x26:0x00000003  x7=0xf8021dfb
      421082000	     20952	8000a30a	02c39463	bne	x7,x12,8000a332	  x7:0xf8021dfb x12:0x00000000
      421482000	     20972	8000a332	3407def3	csrrwi	x29,mscratch,15	 x29=0x00000005
      421502000	     20973	8000a336	8d05	c.sub	x10,x9	 x10:0x0000000a  x9:0x00000002 x10=0x00000008
      421522000	     20974	8000a338	005c8ab3	add	x21,x25,x5	 x25:0x80025ce4  x5:0x80021dfb x21=0x00047adf
      421542000	     20975	8000a33c	0000100f	fence.i	
      422422000	     21019	8000a340	41ddd2b3	sra	x5,x27,x29	 x27:0x00001200 x29:0x00000005  x5=0x00000090
      422642000	     21030	8000a344	003ed933	srl	x18,x29,x3	 x29:0x00000005  x3:0xff800000 x18=0x00000005
      423782000	     21087	8000a348	02355833	divu	x16,x10,x3	 x10:0x00000008  x3:0xff800000 x16=0x00000000
      423802000	     21088	8000a34c	83c6	c.mv	x7,x17	  x0:0x00000000 x17:0x00003000  x7=0x00003000
      423822000	     21089	8000a34e	0ff0000f	fence	iorw,iorw	
      423842000	     21090	8000a352	340d5af3	csrrwi	x21,mscratch,26	 x21=0x0000000f
      423862000	     21091	8000a356	0100e933	or	x18,x1,x16	  x1:0x00000017 x16:0x00000000 x18=0x00000017
      423882000	     21092	8000a35a	4106d2b3	sra	x5,x13,x16	 x13:0x30000005 x16:0x00000000  x5=0x30000005
      423902000	     21093	8000a35e	ca99	c.beqz	x13,8000a374	 x13:0x30000005
      424522000	     21124	8000a360	0007c263	blt	x15,x0,8000a364	 x15:0xf99fbe05  x0:0x00000000
      425462000	     21171	8000a364	03311c33	mulh	x24,x2,x19	  x2:0x00003000 x19:0x80021df8 x24=0xffffe800
      425482000	     21172	8000a368	02b9e863	bltu	x19,x11,8000a398	 x19:0x80021df8 x11:0xf8021ce4
      426002000	     21198	8000a398	328bee13	ori	x28,x23,808	 x23:0x000f447a x28=0x000f477a
      426422000	     21219	8000a39c	00eaaeb3	slt	x29,x21,x14	 x21:0x0000000f x14:0x00000001 x29=0x00000000
      426502000	     21223	8000a3a0	8f39	c.xor	x14,x14	 x14:0x00000001 x14:0x00000001 x14=0x00000000
      426522000	     21224	8000a3a2	9f7a	c.add	x30,x30	 x30:0x00000001 x30:0x00000001 x30=0x00000002
      426542000	     21225	8000a3a4	98fd	c.andi	x9,-1	  x9:0x00000002  x9=0x00000002
      426562000	     21226	8000a3a6	08c1	c.addi	x17,16	 x17:0x00003000 x17=0x00003010
      426582000	     21227	8000a3a8	62d1	c.lui	x5,0x14	  x5=0x00014000
      426962000	     21246	8000a3aa	340f6e73	csrrsi	x28,mscratch,30	 x28=0x0000001a
      426982000	     21247	8000a3ae	81ce	c.mv	x3,x19	  x0:0x00000000 x19:0x80021df8  x3=0x80021df8
      427002000	     21248	8000a3b0	01b5aeb3	slt	x29,x11,x27	 x11:0xf8021ce4 x27:0x00001200 x29=0x00000001
      427402000	     21268	8000a3b4	08004313	xori	x6,x0,128	  x0:0x00000000  x6=0x00000080
      427422000	     21269	8000a3b8	241c7613	andi	x12,x24,577	 x24:0xffffe800 x12=0x00000000
      427442000	     21270	8000a3bc	8969	c.andi	x10,26	 x10:0x00000008 x10=0x00000008
      427462000	     21271	8000a3be	5f077513	andi	x10,x14,1520	 x14:0x00000000 x10=0x00000000
      427482000	     21272	8000a3c2	0001	c.addi	x0,0	  x0:0x00000000  x0=0x00000000
      428222000	     21309	8000a3c4	0328cbb3	div	x23,x17,x18	 x17:0x00003010 x18:0x00000017 x23=0x00000216
      428242000	     21310	8000a3c8	34002c73	csrrs	x24,mscratch,x0	  x0:0x00000000 x24=0x0000001e
      428262000	     21311	8000a3cc	340433f3	csrrc	x7,mscratch,x8	  x8:0x00000000  x7=0x0000001e
      428282000	     21312	8000a3d0	ef8d	c.bnez	x15,8000a40a	 x15:0xf99fbe05
      428762000	     21336	8000a40a	016c9f63	bne	x25,x22,8000a428	 x25:0x80025ce4 x22:0xf8021dfe
      429482000	     21372	8000a428	e8993e93	sltiu	x29,x18,-375	 x18:0x00000017 x29=0x00000001
      429902000	     21393	8000a42c	0021e133	or	x2,x3,x2	  x3:0x80021df8  x2:0x00003000  x2=0x80023df8
      430322000	     21414	8000a430	8efe	c.mv	x29,x31	  x0:0x00000000 x31:0x0000000b x29=0x0000000b
      430342000	     21415	8000a432	02e1f863	bgeu	x3,x14,8000a462	  x3:0x80021df8 x14:0x00000000
      431242000	     21460	8000a462	86948913	addi	x18,x9,-1943	  x9:0x00000002 x18=0xfffff86b
      431262000	     21461	8000a466	230fe697	auipc	x13,0x230fe	 x13=0xa3108466
      431282000	     21462	8000a46a	87a62a13	slti	x20,x12,-1926	 x12:0x00000000 x20=0x00000000
      431702000	     21483	8000a46e	021e5463	bge	x28,x1,8000a496	 x28:0x0000001a  x1:0x00000017
      432742000	     21535	8000a496	e419	c.bnez	x8,8000a4a4	  x8:0x00000000
      432882000	     21542	8000a498	05a14363	blt	x2,x26,8000a4de	  x2:0x80023df8 x26:0x00000003
      433102000	     21553	8000a4de	0000100f	fence.i	
      434202000	     21608	8000a4e2	00acc633	xor	x12,x25,x10	 x25:0x80025ce4 x10:0x00000000 x12=0x80025ce4
      434222000	     21609	8000a4e6	e2cd7e13	andi	x28,x26,-468	 x26:0x00000003 x28=0x00000000
      434242000	     21610	8000a4ea	008647b3	xor	x15,x12,x8	 x12:0x80025ce4  x8:0x00000000 x15=0x80025ce4
      434262000	     21611	8000a4ee	832d	c.srli	x14,0xb	 x14:0x00000000 x14=0x00000000
      434382000	     21617	8000a4f0	0ff0000f	fence	iorw,iorw	
      434422000	     21619	8000a4f4	023bb7b3	mulhu	x15,x23,x3	 x23:0x00000216  x3:0x80021df8 x15=0x0000010b
      434642000	     21630	8000a4f8	0230d363	bge	x1,x3,8000a51e	  x1:0x00000017  x3:0x80021df8
      435402000	     21668	8000a51e	01747db3	and	x27,x8,x23	  x8:0x00000000 x23:0x00000216 x27=0x00000000
      435682000	     21682	8000a522	98c50313	addi	x6,x10,-1652	 x10:0x00000000  x6=0xfffff98c
      436122000	     21704	8000a526	0362beb3	mulhu	x29,x5,x22	  x5:0x00014000 x22:0xf8021dfe x29=0x00013602
      436862000	     21741	8000a52a	03144eb3	div	x29,x8,x17	  x8:0x00000000 x17:0x00003010 x29=0x00000000
      437602000	     21778	8000a52e	029ff0b3	remu	x1,x31,x9	 x31:0x0000000b  x9:0x00000002  x1=0x00000001
      437622000	     21779	8000a532	547d	c.li	x8,-1	  x8=0xffffffff
      437642000	     21780	8000a534	ee95	c.bnez	x13,8000a570	 x13:0xa3108466
      437722000	     21784	8000a570	0001	c.addi	x0,0	  x0:0x00000000  x0=0x00000000
      437742000	     21785	8000a572	340366f3	csrrsi	x13,mscratch,6	 x13=0x0000001e
      438022000	     21799	8000a576	030171b3	remu	x3,x2,x16	  x2:0x80023df8 x16:0x00000000  x3=0x80023df8
      438062000	     21801	8000a57a	020e2ab3	mulhsu	x21,x28,x0	 x28:0x00000000  x0:0x00000000 x21=0x00000000
      438082000	     21802	8000a57e	6c35	c.lui	x24,0xd	 x24=0x0000d000
      438102000	     21803	8000a580	1400	c.addi4spn	x8,x2,544	  x8=0x80024018
      438122000	     21804	8000a582	8009	c.srli	x8,0x2	  x8:0x80024018  x8=0x20009006
      438222000	     21809	8000a584	e981	c.bnez	x11,8000a594	 x11:0xf8021ce4
      439202000	     21858	8000a594	02560db3	mul	x27,x12,x5	 x12:0x80025ce4  x5:0x00014000 x27=0xf41d0000
      439222000	     21859	8000a598	00dfcdb3	xor	x27,x31,x13	 x31:0x0000000b x13:0x0000001e x27=0x00000015
      440102000	     21903	8000a59c	021aff33	remu	x30,x21,x1	 x21:0x00000000  x1:0x00000001 x30=0x00000000
      440122000	     21904	8000a5a0	fe646493	ori	x9,x8,-26	  x8:0x20009006  x9=0xffffffe6
      440142000	     21905	8000a5a4	c31bf613	andi	x12,x23,-975	 x23:0x00000216 x12=0x00000010
      440182000	     21907	8000a5a8	02669f33	mulh	x30,x13,x6	 x13:0x0000001e  x6:0xfffff98c x30=0xffffffff
      440202000	     21908	8000a5ac	34072473	csrrs	x8,mscratch,x14	 x14:0x00000000  x8=0x0000001e
      440222000	     21909	8000a5b0	0d0c	c.addi4spn	x11,x2,656	 x11=0x80024088
      440262000	     21911	8000a5b2	03ce9033	mulh	x0,x29,x28	 x29:0x00000000 x28:0x00000000  x0=0x00000000
      440282000	     21912	8000a5b6	864e5817	auipc	x16,0x864e5	 x16=0x064ef5b6
      440302000	     21913	8000a5ba	01c50563	beq	x10,x28,8000a5c4	 x10:0x00000000 x28:0x00000000
      441362000	     21966	8000a5c4	8a5d	c.andi	x12,23	 x12:0x00000010 x12=0x00000010
      441382000	     21967	8000a5c6	e999	c.bnez	x11,8000a5dc	 x11:0x80024088
      444882000	     22142	8000a5dc	c7e7c897	auipc	x17,0xc7e7c	 x17=0x47e865dc
      444902000	     22143	8000a5e0	01a5e533	or	x10,x11,x26	 x11:0x80024088 x26:0x00000003 x10=0x8002408b
      444922000	     22144	8000a5e4	197d	c.addi	x18,-1	 x18:0xfffff86b x18=0xfffff86a
      444962000	     22146	8000a5e6	008c0533	add	x10,x24,x8	 x24:0x0000d000  x8:0x0000001e x10=0x0000d01e
      445082000	     22152	8000a5ea	00e94733	xor	x14,x18,x14	 x18:0xfffff86a x14:0x00000000 x14=0xfffff86a
      445462000	     22171	8000a5ee	41068833	sub	x16,x13,x16	 x13:0x0000001e x16:0x064ef5b6 x16=0xf9b10a68
      445682000	     22182	8000a5f2	7ceaa213	slti	x4,x21,1998	 x21:0x00000000  x4=0x00000001
      445702000	     22183	8000a5f6	91ba	c.add	x3,x14	  x3:0x80023df8 x14:0xfffff86a  x3=0x80023662
      446102000	     22203	8000a5f8	018b80b3	add	x1,x23,x24	 x23:0x00000216 x24:0x0000d000  x1=0x0000d216
      446122000	     22204	8000a5fc	0d296417	auipc	x8,0xd296	  x8=0x8d2a05fc
      446222000	     22209	8000a600	8e6d	c.and	x12,x11	 x12:0x00000010 x11:0x80024088 x12=0x00000000
      446382000	     22217	8000a602	020e2833	mulhsu	x16,x28,x0	 x28:0x00000000  x0:0x00000000 x16=0x00000000
      446402000	     22218	8000a606	0d14	c.addi4spn	x13,x2,656	 x13=0x80024088
      446422000	     22219	8000a608	e499	c.bnez	x9,8000a616	  x9:0xffffffe6
      446762000	     22236	8000a616	717d	c.addi16sp	x2,-16	  x2:0x80023df8  x2=0x80023de8
      446802000	     22238	8000a618	8d29	c.xor	x10,x10	 x10:0x0000d01e x10:0x0000d01e x10=0x00000000
      446822000	     22239	8000a61a	403f5493	srai	x9,x30,0x3	 x30:0xffffffff  x9=0xffffffff
      446842000	     22240	8000a61e	c8a41437	lui	x8,0xc8a41	  x8=0xc8a41000
      447242000	     22260	8000a622	01bd43b3	xor	x7,x26,x27	 x26:0x00000003 x27:0x00000015  x7=0x00000016
      447982000	     22297	8000a626	026a5bb3	divu	x23,x20,x6	 x20:0x00000000  x6:0xfffff98c x23=0x00000000
      448002000	     22298	8000a62a	02108033	mul	x0,x1,x1	  x1:0x0000d216  x1:0x0000d216  x0=0x00000000
      448022000	     22299	8000a62e	6b8a03b7	lui	x7,0x6b8a0	  x7=0x6b8a0000
      448062000	     22301	8000a632	03d3f133	remu	x2,x7,x29	  x7:0x6b8a0000 x29:0x00000000  x2=0x6b8a0000
      448082000	     22302	8000a636	00fed813	srli	x16,x29,0xf	 x29:0x00000000 x16=0x00000000
      448102000	     22303	8000a63a	340b1673	csrrw	x12,mscratch,x22	 x22:0xf8021dfe x12=0x0000001e
      448122000	     22304	8000a63e	0001	c.addi	x0,0	  x0:0x00000000  x0=0x00000000
      448462000	     22321	8000a640	340eef73	csrrsi	x30,mscratch,29	 x30=0xf8021dfe
      448782000	     22337	8000a644	8e85	c.sub	x13,x9	 x13:0x80024088  x9:0xffffffff x13=0x80024089
      448802000	     22338	8000a646	8219	c.srli	x12,0x6	 x12:0x0000001e x12=0x00000000
      448822000	     22339	8000a648	717d	c.addi16sp	x2,-16	  x2:0x6b8a0000  x2=0x6b89fff0
      448922000	     22344	8000a64a	340bec73	csrrsi	x24,mscratch,23	 x24=0xf8021dff
      448962000	     22346	8000a64e	010b3b33	sltu	x22,x22,x16	 x22:0xf8021dfe x16:0x00000000 x22=0x00000000
      449022000	     22349	8000a652	5f86f493	andi	x9,x13,1528	 x13:0x80024089  x9=0x00000088
      449042000	     22350	8000a656	011933b3	sltu	x7,x18,x17	 x18:0xfffff86a x17:0x47e865dc  x7=0x00000000
      449082000	     22352	8000a65a	0276d3b3	divu	x7,x13,x7	 x13:0x80024089  x7:0x00000000  x7=0xffffffff
      449102000	     22353	8000a65e	0d56	c.slli	x26,0x15	 x26:0x00000003 x26=0x00600000
      449462000	     22371	8000a660	0001	c.addi	x0,0	  x0:0x00000000  x0=0x00000000
      449602000	     22378	8000a662	02448c63	beq	x9,x4,8000a69a	  x9:0x00000088  x4:0x00000001
      450042000	     22400	8000a666	0214a1b3	mulhsu	x3,x9,x1	  x9:0x00000088  x1:0x0000d216  x3=0x00000000
      450062000	     22401	8000a66a	e289	c.bnez	x13,8000a66c	 x13:0x80024089
      450402000	     22418	8000a66c	34003ef3	csrrc	x29,mscratch,x0	  x0:0x00000000 x29=0xf8021dff
      451322000	     22464	8000a670	02867633	remu	x12,x12,x8	 x12:0x00000000  x8:0xc8a41000 x12=0x00000000
      451342000	     22465	8000a674	0244dc63	bge	x9,x4,8000a6ac	  x9:0x00000088  x4:0x00000001
      451422000	     22469	8000a6ac	8f19	c.sub	x14,x14	 x14:0xfffff86a x14:0xfffff86a x14=0x00000000
      451442000	     22470	8000a6ae	8645	c.srai	x12,0x11	 x12:0x00000000 x12=0x00000000
      451462000	     22471	8000a6b0	0ff0000f	fence	iorw,iorw	
      452202000	     22508	8000a6b4	03b05eb3	divu	x29,x0,x27	  x0:0x00000000 x27:0x00000015 x29=0x00000000
      452222000	     22509	8000a6b8	8e11	c.sub	x12,x12	 x12:0x00000000 x12:0x00000000 x12=0x00000000
      452242000	     22510	8000a6ba	0001	c.addi	x0,0	  x0:0x00000000  x0=0x00000000
      452262000	     22511	8000a6bc	01007663	bgeu	x0,x16,8000a6c8	  x0:0x00000000 x16:0x00000000
      452422000	     22519	8000a6c8	02b387b3	mul	x15,x7,x11	  x7:0xffffffff x11:0x80024088 x15=0x7ffdbf78
      452442000	     22520	8000a6cc	340060f3	csrrsi	x1,mscratch,0	  x1=0xf8021dff
      452462000	     22521	8000a6d0	34036d73	csrrsi	x26,mscratch,6	 x26=0xf8021dff
      452482000	     22522	8000a6d4	8d5d	c.or	x10,x15	 x10:0x00000000 x15:0x7ffdbf78 x10=0x7ffdbf78
      452902000	     22543	8000a6d6	3dc5c693	xori	x13,x11,988	 x11:0x80024088 x13=0x80024354
      452922000	     22544	8000a6da	8191	c.srli	x11,0x4	 x11:0x80024088 x11=0x08002408
      452942000	     22545	8000a6dc	717d	c.addi16sp	x2,-16	  x2:0x6b89fff0  x2=0x6b89ffe0
      452962000	     22546	8000a6de	340dadf3	csrrs	x27,mscratch,x27	 x27:0x00000015 x27=0xf8021dff
      452982000	     22547	8000a6e2	0001	c.addi	x0,0	  x0:0x00000000  x0=0x00000000
      453002000	     22548	8000a6e4	00421533	sll	x10,x4,x4	  x4:0x00000001  x4:0x00000001 x10=0x00000002
      453062000	     22551	8000a6e8	01378e63	beq	x15,x19,8000a704	 x15:0x7ffdbf78 x19:0x80021df8
      453282000	     22562	8000a6ec	34003573	csrrc	x10,mscratch,x0	  x0:0x00000000 x10=0xf8021dff
      453622000	     22579	8000a6f0	403cd793	srai	x15,x25,0x3	 x25:0x80025ce4 x15=0xf0004b9c
      453642000	     22580	8000a6f4	67fd	c.lui	x15,0x1f	 x15=0x0001f000
      453662000	     22581	8000a6f6	01d220b3	slt	x1,x4,x29	  x4:0x00000001 x29:0x00000000  x1=0x00000000
      453922000	     22594	8000a6fa	c5aaf713	andi	x14,x21,-934	 x21:0x00000000 x14=0x00000000
      453982000	     22597	8000a6fe	03c63b33	mulhu	x22,x12,x28	 x12:0x00000000 x28:0x00000000 x22=0x00000000
      454002000	     22598	8000a702	4d79	c.li	x26,30	 x26=0x0000001e
      454022000	     22599	8000a704	0264e863	bltu	x9,x6,8000a734	  x9:0x00000088  x6:0xfffff98c
      455022000	     22649	8000a734	418ede13	srai	x28,x29,0x18	 x29:0x00000000 x28=0x00000000
      455422000	     22669	8000a738	25e44393	xori	x7,x8,606	  x8:0xc8a41000  x7=0xc8a4125e
      455442000	     22670	8000a73c	01c081b3	add	x3,x1,x28	  x1:0x00000000 x28:0x00000000  x3=0x00000000
      455662000	     22681	8000a740	03ab2633	mulhsu	x12,x22,x26	 x22:0x00000000 x26:0x0000001e x12=0x00000000
      455862000	     22691	8000a744	02ac87b3	mul	x15,x25,x10	 x25:0x80025ce4 x10:0xf8021dff x15=0x60a85b1c
      455902000	     22693	8000a748	0352a533	mulhsu	x10,x5,x21	  x5:0x00014000 x21:0x00000000 x10=0x00000000
      456642000	     22730	8000a74c	03246db3	rem	x27,x8,x18	  x8:0xc8a41000 x18:0xfffff86a x27=0xfffffc8a
      456662000	     22731	8000a750	01496663	bltu	x18,x20,8000a75c	 x18:0xfffff86a x20:0x00000000
      456682000	     22732	8000a754	3405e4f3	csrrsi	x9,mscratch,11	  x9=0xf8021dff
      456702000	     22733	8000a758	a4d82513	slti	x10,x16,-1459	 x16:0x00000000 x10=0x00000000
      456722000	     22734	8000a75c	4a9d0eb7	lui	x29,0x4a9d0	 x29=0x4a9d0000
      456802000	     22738	8000a760	00083f33	sltu	x30,x16,x0	 x16:0x00000000  x0:0x00000000 x30=0x00000000
      457222000	     22759	8000a764	81b2	c.mv	x3,x12	  x0:0x00000000 x12:0x00000000  x3=0x00000000
      457242000	     22760	8000a766	0104ee33	or	x28,x9,x16	  x9:0xf8021dff x16:0x00000000 x28=0xf8021dff
      457262000	     22761	8000a76a	418c08b3	sub	x17,x24,x24	 x24:0xf8021dff x24:0xf8021dff x17=0x00000000
      457302000	     22763	8000a76e	027e9f33	mulh	x30,x29,x7	 x29:0x4a9d0000  x7:0xc8a4125e x30=0xefdd79ee
      457322000	     22764	8000a772	34013e73	csrrc	x28,mscratch,x2	  x2:0x6b89ffe0 x28=0xf8021dff
      457342000	     22765	8000a776	8c39	c.xor	x8,x14	  x8:0xc8a41000 x14:0x00000000  x8=0xc8a41000
      457362000	     22766	8000a778	01456e63	bltu	x10,x20,8000a794	 x10:0x00000000 x20:0x00000000
      457382000	     22767	8000a77c	036cff63	bgeu	x25,x22,8000a7ba	 x25:0x80025ce4 x22:0x00000000
      457902000	     22793	8000a7ba	8e4d	c.or	x12,x11	 x12:0x00000000 x11:0x08002408 x12=0x08002408
      457982000	     22797	8000a7bc	02a8dd33	divu	x26,x17,x10	 x17:0x00000000 x10:0x00000000 x26=0xffffffff
      458002000	     22798	8000a7c0	03aa0833	mul	x16,x20,x26	 x20:0x00000000 x26:0xffffffff x16=0x00000000
      458022000	     22799	8000a7c4	1008	c.addi4spn	x10,x2,32	 x10=0x6b8a0000
      458042000	     22800	8000a7c6	34002973	csrrs	x18,mscratch,x0	  x0:0x00000000 x18=0x9002001f
      458322000	     22814	8000a7ca	016ed7b3	srl	x15,x29,x22	 x29:0x4a9d0000 x22:0x00000000 x15=0x4a9d0000
      458662000	     22831	8000a7ce	4f8cea13	ori	x20,x25,1272	 x25:0x80025ce4 x20=0x80025cfc
      458802000	     22838	8000a7d2	00044133	xor	x2,x8,x0	  x8:0xc8a41000  x0:0x00000000  x2=0xc8a41000
      458822000	     22839	8000a7d6	8d29	c.xor	x10,x10	 x10:0x6b8a0000 x10:0x6b8a0000 x10=0x00000000
      458842000	     22840	8000a7d8	82f9	c.srli	x13,0x1e	 x13:0x80024354 x13=0x00000002
      458862000	     22841	8000a7da	3405f173	csrrci	x2,mscratch,11	  x2=0x9002001f
      458922000	     22844	8000a7de	0ff0000f	fence	iorw,iorw	
      458942000	     22845	8000a7e2	0eb2	c.slli	x29,0xc	 x29:0x4a9d0000 x29=0xd0000000
      459002000	     22848	8000a7e4	e0b9	c.bnez	x9,8000a82a	  x9:0xf8021dff
      460122000	     22904	8000a82a	0000100f	fence.i	
      460962000	     22946	8000a82e	02ce	c.slli	x5,0x13	  x5:0x00014000  x5=0x00000000
      460982000	     22947	8000a830	02771a63	bne	x14,x7,8000a864	 x14:0x00000000  x7:0xc8a4125e
      461782000	     22987	8000a864	34095b73	csrrwi	x22,mscratch,18	 x22=0x90020014
      462922000	     23044	8000a868	0274c4b3	div	x9,x9,x7	  x9:0xf8021dff  x7:0xc8a4125e  x9=0x00000000
      462942000	     23045	8000a86c	0001	c.addi	x0,0	  x0:0x00000000  x0=0x00000000
      462962000	     23046	8000a86e	0001	c.addi	x0,0	  x0:0x00000000  x0=0x00000000
      462982000	     23047	8000a870	610d	c.addi16sp	x2,160	  x2:0x9002001f  x2=0x900200bf
      463002000	     23048	8000a872	9d6e	c.add	x26,x27	 x26:0xffffffff x27:0xfffffc8a x26=0xfffffc89
      463042000	     23050	8000a874	03c73133	mulhu	x2,x14,x28	 x14:0x00000000 x28:0xf8021dff  x2=0x00000000
      463082000	     23052	8000a878	412b01b3	sub	x3,x22,x18	 x22:0x90020014 x18:0x9002001f  x3=0xfffffff5
      463102000	     23053	8000a87c	e781	c.bnez	x15,8000a884	 x15:0x4a9d0000
      463782000	     23087	8000a884	00c94933	xor	x18,x18,x12	 x18:0x9002001f x12:0x08002408 x18=0x98022417
      463822000	     23089	8000a888	0000100f	fence.i	
      464122000	     23104	8000a88c	8fe1	c.and	x15,x8	 x15:0x4a9d0000  x8:0xc8a41000 x15=0x48840000
      464142000	     23105	8000a88e	0ff0000f	fence	iorw,iorw	
      464342000	     23115	8000a892	0188b733	sltu	x14,x17,x24	 x17:0x00000000 x24:0xf8021dff x14=0x00000001
      464362000	     23116	8000a896	92d08613	addi	x12,x1,-1747	  x1:0x00000000 x12=0xfffff92d
      464382000	     23117	8000a89a	717d	c.addi16sp	x2,-16	  x2:0x00000000  x2=0xfffffff0
      464402000	     23118	8000a89c	34003873	csrrc	x16,mscratch,x0	  x0:0x00000000 x16=0x00000012
      464802000	     23138	8000a8a0	010c6733	or	x14,x24,x16	 x24:0xf8021dff x16:0x00000012 x14=0xf8021dff
      465002000	     23148	8000a8a4	01425b33	srl	x22,x4,x20	  x4:0x00000001 x20:0x80025cfc x22=0x00000000
      465022000	     23149	8000a8a8	41b9a313	slti	x6,x19,1051	 x19:0x80021df8  x6=0x00000001
      465042000	     23150	8000a8ac	344a4b13	xori	x22,x20,836	 x20:0x80025cfc x22=0x80025fb8
      465062000	     23151	8000a8b0	02a40e33	mul	x28,x8,x10	  x8:0xc8a41000 x10:0x00000000 x28=0x00000000
      465082000	     23152	8000a8b4	8fd5	c.or	x15,x13	 x15:0x48840000 x13:0x00000002 x15=0x48840002
      465122000	     23154	8000a8b6	40425eb3	sra	x29,x4,x4	  x4:0x00000001  x4:0x00000001 x29=0x00000000
      465142000	     23155	8000a8ba	01eef563	bgeu	x29,x30,8000a8c4	 x29:0x00000000 x30:0xefdd79ee
      465162000	     23156	8000a8be	137d	c.addi	x6,-1	  x6:0x00000001  x6=0x00000000
      465762000	     23186	8000a8c0	93be	c.add	x7,x15	  x7:0xc8a4125e x15:0x48840002  x7=0x11281260
      465782000	     23187	8000a8c2	0001	c.addi	x0,0	  x0:0x00000000  x0=0x00000000
      466122000	     23204	8000a8c4	043d9263	bne	x27,x3,8000a908	 x27:0xfffffc8a  x3:0xfffffff5
      467282000	     23262	8000a908	03607533	remu	x10,x0,x22	  x0:0x00000000 x22:0x80025fb8 x10=0x00000000
      467302000	     23263	8000a90c	841e	c.mv	x8,x7	  x0:0x00000000  x7:0x11281260  x8=0x11281260
      467322000	     23264	8000a90e	b4a82d13	slti	x26,x16,-1206	 x16:0x00000012 x26=0x00000000
      467342000	     23265	8000a912	8b61	c.andi	x14,24	 x14:0xf8021dff x14=0x00000018
      467362000	     23266	8000a914	3405b773	csrrc	x14,mscratch,x11	 x11:0x08002408 x14=0x00000012
      467382000	     23267	8000a918	0000100f	fence.i	
      467442000	     23270	8000a91c	cc220113	addi	x2,x4,-830	  x4:0x00000001  x2=0xfffffcc3
      467462000	     23271	8000a920	00ce7533	and	x10,x28,x12	 x28:0x00000000 x12:0xfffff92d x10=0x00000000
      467622000	     23279	8000a924	cf15	c.beqz	x14,8000a960	 x14:0x00000012
      467762000	     23286	8000a926	029f1f63	bne	x30,x9,8000a964	 x30:0xefdd79ee  x9:0x00000000
      468482000	     23322	8000a964	0836	c.slli	x16,0xd	 x16:0x00000012 x16=0x00024000
      468502000	     23323	8000a966	8dc5	c.or	x11,x9	 x11:0x08002408  x9:0x00000000 x11=0x08002408
      468522000	     23324	8000a968	03d88a33	mul	x20,x17,x29	 x17:0x00000000 x29:0x00000000 x20=0x00000000
      468542000	     23325	8000a96c	117d	c.addi	x2,-1	  x2:0xfffffcc3  x2=0xfffffcc2
      468742000	     23335	8000a96e	00f2ba33	sltu	x20,x5,x15	  x5:0x00000000 x15:0x48840002 x20=0x00000001
      468762000	     23336	8000a972	8ead	c.xor	x13,x11	 x13:0x00000002 x11:0x08002408 x13=0x0800240a
      468782000	     23337	8000a974	024602b3	mul	x5,x12,x4	 x12:0xfffff92d  x4:0x00000001  x5=0xfffff92d
      468962000	     23346	8000a978	00aced33	or	x26,x25,x10	 x25:0x80025ce4 x10:0x00000000 x26=0x80025ce4
      468982000	     23347	8000a97c	41628033	sub	x0,x5,x22	  x5:0xfffff92d x22:0x80025fb8  x0=0x00000000
      469002000	     23348	8000a980	0eaa	c.slli	x29,0xa	 x29:0x00000000 x29=0x00000000
      469022000	     23349	8000a982	8ed9	c.or	x13,x14	 x13:0x0800240a x14:0x00000012 x13=0x0800241a
      469142000	     23355	8000a984	01589833	sll	x16,x17,x21	 x17:0x00000000 x21:0x00000000 x16=0x00000000
      469562000	     23376	8000a988	340f5b73	csrrwi	x22,mscratch,30	 x22=0x00000012
      469702000	     23383	8000a98c	340020f3	csrrs	x1,mscratch,x0	  x0:0x00000000  x1=0x0000001e
      469762000	     23386	8000a990	8a72	c.mv	x20,x28	  x0:0x00000000 x28:0x00000000 x20=0x00000000
      469822000	     23389	8000a992	03137b33	remu	x22,x6,x17	  x6:0x00000000 x17:0x00000000 x22=0x00000000
      469942000	     23395	8000a996	b038b693	sltiu	x13,x17,-1277	 x17:0x00000000 x13=0x00000001
      470122000	     23404	8000a99a	34002373	csrrs	x6,mscratch,x0	  x0:0x00000000  x6=0x0000001e
      470142000	     23405	8000a99e	3408fd73	csrrci	x26,mscratch,17	 x26=0x0000001e
      470322000	     23414	8000a9a2	03829a63	bne	x5,x24,8000a9d6	  x5:0xfffff92d x24:0xf8021dff
      471522000	     23474	8000a9d6	0307ea33	rem	x20,x15,x16	 x15:0x48840002 x16:0x00000000 x20=0x48840002
      471642000	     23480	8000a9da	0182c863	blt	x5,x24,8000a9ea	  x5:0xfffff92d x24:0xf8021dff
      471662000	     23481	8000a9de	c791	c.beqz	x15,8000a9ea	 x15:0x48840002
      471682000	     23482	8000a9e0	0000100f	fence.i	
      472242000	     23510	8000a9e4	02b70b63	beq	x14,x11,8000aa1a	 x14:0x00000012 x11:0x08002408
      472262000	     23511	8000a9e8	4f51	c.li	x30,20	 x30=0x00000014
      472462000	     23521	8000a9ea	03f89e63	bne	x17,x31,8000aa26	 x17:0x00000000 x31:0x0000000b
      473022000	     23549	8000aa26	05222c13	slti	x24,x4,82	  x4:0x00000001 x24=0x00000001
      473062000	     23551	8000aa2a	02b76f63	bltu	x14,x11,8000aa68	 x14:0x00000012 x11:0x08002408
      473682000	     23582	8000aa68	8dcd	c.or	x11,x11	 x11:0x08002408 x11:0x08002408 x11=0x08002408
      473702000	     23583	8000aa6a	58c5a113	slti	x2,x11,1420	 x11:0x08002408  x2=0x00000000
      473722000	     23584	8000aa6e	020a88b3	mul	x17,x21,x0	 x21:0x00000000  x0:0x00000000 x17=0x00000000
      473822000	     23589	8000aa72	00d3b6b3	sltu	x13,x7,x13	  x7:0x11281260 x13:0x00000001 x13=0x00000000
      473862000	     23591	8000aa76	03c96433	rem	x8,x18,x28	 x18:0x98022417 x28:0x00000000  x8=0x98022417
      473882000	     23592	8000aa7a	00801f33	sll	x30,x0,x8	  x0:0x00000000  x8:0x98022417 x30=0x00000000
      473902000	     23593	8000aa7e	0e09	c.addi	x28,2	 x28:0x00000000 x28=0x00000002
      473922000	     23594	8000aa80	ec89	c.bnez	x9,8000aa9a	  x9:0x00000000
      473962000	     23596	8000aa82	03ba30b3	mulhu	x1,x20,x27	 x20:0x48840002 x27:0xfffffc8a  x1=0x4883ff07
      474042000	     23600	8000aa86	0098c733	xor	x14,x17,x9	 x17:0x00000000  x9:0x00000000 x14=0x00000000
      474082000	     23602	8000aa8a	02baa5b3	mulhsu	x11,x21,x11	 x21:0x00000000 x11:0x08002408 x11=0x00000000
      474482000	     23622	8000aa8e	00678e63	beq	x15,x6,8000aaaa	 x15:0x48840002  x6:0x0000001e
      474562000	     23626	8000aa92	34007773	csrrci	x14,mscratch,0	 x14=0x0000000e
      474722000	     23634	8000aa96	00c59f13	slli	x30,x11,0xc	 x11:0x00000000 x30=0x00000000
      474742000	     23635	8000aa9a	40fc8433	sub	x8,x25,x15	 x25:0x80025ce4 x15:0x48840002  x8=0x377e5ce2
      474762000	     23636	8000aa9e	402b5913	srai	x18,x22,0x2	 x22:0x00000000 x18=0x00000000
      475502000	     23673	8000aaa2	034f73b3	remu	x7,x30,x20	 x30:0x00000000 x20:0x48840002  x7=0x00000000
      475522000	     23674	8000aaa6	340cf7f3	csrrci	x15,mscratch,25	 x15=0x0000000e
      475542000	     23675	8000aaaa	3c033613	sltiu	x12,x6,960	  x6:0x0000001e x12=0x00000001
      475642000	     23680	8000aaae	41ac8a33	sub	x20,x25,x26	 x25:0x80025ce4 x26:0x0000001e x20=0x80025cc6
      475662000	     23681	8000aab2	340ea3f3	csrrs	x7,mscratch,x29	 x29:0x00000000  x7=0x00000006
      475762000	     23686	8000aab6	00facc33	xor	x24,x21,x15	 x21:0x00000000 x15:0x0000000e x24=0x0000000e
      475782000	     23687	8000aaba	0001	c.addi	x0,0	  x0:0x00000000  x0=0x00000000
      475802000	     23688	8000aabc	34061373	csrrw	x6,mscratch,x12	 x12:0x00000001  x6=0x00000006
      475822000	     23689	8000aac0	406c8bb3	sub	x23,x25,x6	 x25:0x80025ce4  x6:0x00000006 x23=0x80025cde
      475962000	     23696	8000aac4	1680	c.addi4spn	x8,x2,864	  x8=0x00000360
      476702000	     23733	8000aac6	03f55733	divu	x14,x10,x31	 x10:0x00000000 x31:0x0000000b x14=0x00000000
      476722000	     23734	8000aaca	8096	c.mv	x1,x5	  x0:0x00000000  x5:0xfffff92d  x1=0xfffff92d
      476742000	     23735	8000aacc	00137c33	and	x24,x6,x1	  x6:0x00000006  x1:0xfffff92d x24=0x00000004
      476762000	     23736	8000aad0	92ae	c.add	x5,x11	  x5:0xfffff92d x11:0x00000000  x5=0xfffff92d
      476822000	     23739	8000aad2	01fe4133	xor	x2,x28,x31	 x28:0x00000002 x31:0x0000000b  x2=0x00000009
      476842000	     23740	8000aad6	8dad	c.xor	x11,x11	 x11:0x00000000 x11:0x00000000 x11=0x00000000
      476882000	     23742	8000aad8	03b021b3	mulhsu	x3,x0,x27	  x0:0x00000000 x27:0xfffffc8a  x3=0x00000000
      476902000	     23743	8000aadc	4013d293	srai	x5,x7,0x1	  x7:0x00000006  x5=0x00000003
      477022000	     23749	8000aae0	0033af33	slt	x30,x7,x3	  x7:0x00000006  x3:0x00000000 x30=0x00000000
      477442000	     23770	8000aae4	717d	c.addi16sp	x2,-16	  x2:0x00000009  x2=0xfffffff9
      477462000	     23771	8000aae6	8b5d	c.andi	x14,23	 x14:0x00000000 x14=0x00000000
      477602000	     23778	8000aae8	a23db0b7	lui	x1,0xa23db	  x1=0xa23db000
      478042000	     23800	8000aaec	02922933	mulhsu	x18,x4,x9	  x4:0x00000001  x9:0x00000000 x18=0x00000000
      484982000	     24147	8000aaf0	178c	c.addi4spn	x11,x2,992	 x11=0x000003d9
      485002000	     24148	8000aaf2	34e42e93	slti	x29,x8,846	  x8:0x00000360 x29=0x00000000
      485022000	     24149	8000aaf6	00e1d313	srli	x6,x3,0xe	  x3:0x00000000  x6=0x00000000
      485042000	     24150	8000aafa	508d8417	auipc	x8,0x508d8	  x8=0xd08e2afa
      485062000	     24151	8000aafe	34006bf3	csrrsi	x23,mscratch,0	 x23=0x00000001
      485082000	     24152	8000ab02	014a8663	beq	x21,x20,8000ab0e	 x21:0x00000000 x20:0x80025cc6
      485282000	     24162	8000ab06	0293fa33	remu	x20,x7,x9	  x7:0x00000006  x9:0x00000000 x20=0x00000006
      485322000	     24164	8000ab0a	01148b63	beq	x9,x17,8000ab20	  x9:0x00000000 x17:0x00000000
      485782000	     24187	8000ab20	34056bf3	csrrsi	x23,mscratch,10	 x23=0x00000001
      485822000	     24189	8000ab24	82f9	c.srli	x13,0x1e	 x13:0x00000000 x13=0x00000000
      485902000	     24193	8000ab26	a5e3bbb7	lui	x23,0xa5e3b	 x23=0xa5e3b000
      485922000	     24194	8000ab2a	1ded8b97	auipc	x23,0x1ded8	 x23=0x9dee2b2a
      486002000	     24198	8000ab2e	04840063	beq	x8,x8,8000ab6e	  x8:0xd08e2afa  x8:0xd08e2afa
      486462000	     24221	8000ab6e	8fe5	c.and	x15,x9	 x15:0x0000000e  x9:0x00000000 x15=0x00000000
      487302000	     24263	8000ab70	83ad	c.srli	x15,0xb	 x15:0x00000000 x15=0x00000000
      487322000	     24264	8000ab72	0e1c	c.addi4spn	x15,x2,784	 x15=0x00000309
      487362000	     24266	8000ab74	405c07b3	sub	x15,x24,x5	 x24:0x00000004  x5:0x00000003 x15=0x00000001
      487402000	     24268	8000ab78	04835917	auipc	x18,0x4835	 x18=0x8483fb78
      487422000	     24269	8000ab7c	340cedf3	csrrsi	x27,mscratch,25	 x27=0x0000000b
      487842000	     24290	8000ab80	012e6733	or	x14,x28,x18	 x28:0x00000002 x18:0x8483fb78 x14=0x8483fb7a
      487862000	     24291	8000ab84	414c0eb3	sub	x29,x24,x20	 x24:0x00000004 x20:0x00000006 x29=0xfffffffe
      487922000	     24294	8000ab88	03f786b3	mul	x13,x15,x31	 x15:0x00000001 x31:0x0000000b x13=0x0000000b
      487942000	     24295	8000ab8c	00521563	bne	x4,x5,8000ab96	  x4:0x00000001  x5:0x00000003
      488282000	     24312	8000ab96	9936	c.add	x18,x13	 x18:0x8483fb78 x13:0x0000000b x18=0x8483fb83
      488422000	     24319	8000ab98	340e3673	csrrc	x12,mscratch,x28	 x28:0x00000002 x12=0x0000001b
      488442000	     24320	8000ab9c	3401ed73	csrrsi	x26,mscratch,3	 x26=0x00000019
      488642000	     24330	8000aba0	027d	c.addi	x4,31	  x4:0x00000001  x4=0x00000020
      488842000	     24340	8000aba2	01040263	beq	x8,x16,8000aba6	  x8:0xd08e2afa x16:0x00000000
      489262000	     24361	8000aba6	017554b3	srl	x9,x10,x23	 x10:0x00000000 x23:0x9dee2b2a  x9=0x00000000
      489362000	     24366	8000abaa	34022a73	csrrs	x20,mscratch,x4	  x4:0x00000020 x20=0x0000001b
      489382000	     24367	8000abae	414b8033	sub	x0,x23,x20	 x23:0x9dee2b2a x20:0x0000001b  x0=0x00000000
      489802000	     24388	8000abb2	ba392313	slti	x6,x18,-1117	 x18:0x8483fb83  x6=0x00000001
      489822000	     24389	8000abb6	9bfa	c.add	x23,x30	 x23:0x9dee2b2a x30:0x00000000 x23=0x9dee2b2a
      489842000	     24390	8000abb8	01e90763	beq	x18,x30,8000abc6	 x18:0x8483fb83 x30:0x00000000
      489862000	     24391	8000abbc	00a78d33	add	x26,x15,x10	 x15:0x00000001 x10:0x00000000 x26=0x00000001
      489902000	     24393	8000abc0	86bd	c.srai	x13,0xf	 x13:0x0000000b x13=0x00000000
      489922000	     24394	8000abc2	38e91e97	auipc	x29,0x38e91	 x29=0xb8e9bbc2
      489942000	     24395	8000abc6	0001	c.addi	x0,0	  x0:0x00000000  x0=0x00000000
      490122000	     24404	8000abc8	3402b4f3	csrrc	x9,mscratch,x5	  x5:0x00000003  x9=0x0000003b
      490162000	     24406	8000abcc	032e3a33	mulhu	x20,x28,x18	 x28:0x00000002 x18:0x8483fb83 x20=0x00000001
      490202000	     24408	8000abd0	8f45	c.or	x14,x9	 x14:0x8483fb7a  x9:0x0000003b x14=0x8483fb7b
      490222000	     24409	8000abd2	010935b3	sltu	x11,x18,x16	 x18:0x8483fb83 x16:0x00000000 x11=0x00000000
      490242000	     24410	8000abd6	8b4d	c.andi	x14,19	 x14:0x8483fb7b x14=0x00000013
      490262000	     24411	8000abd8	00e71693	slli	x13,x14,0xe	 x14:0x00000013 x13=0x0004c000
      490282000	     24412	8000abdc	9926	c.add	x18,x9	 x18:0x8483fb83  x9:0x0000003b x18=0x8483fbbe
      490302000	     24413	8000abde	951e	c.add	x10,x7	 x10:0x00000000  x7:0x00000006 x10=0x00000006
      490622000	     24429	8000abe0	8c39	c.xor	x8,x14	  x8:0xd08e2afa x14:0x00000013  x8=0xd08e2ae9
      490762000	     24436	8000abe2	00197e63	bgeu	x18,x1,8000abfe	 x18:0x8483fbbe  x1:0xa23db000
      490782000	     24437	8000abe6	05710463	beq	x2,x23,8000ac2e	  x2:0xfffffff9 x23:0x9dee2b2a
      490802000	     24438	8000abea	8e7d	c.and	x12,x15	 x12:0x0000001b x15:0x00000001 x12=0x00000001
      490962000	     24446	8000abec	f65c2713	slti	x14,x24,-155	 x24:0x00000004 x14=0x00000000
      491002000	     24448	8000abf0	020abe33	mulhu	x28,x21,x0	 x21:0x00000000  x0:0x00000000 x28=0x00000000
      491402000	     24468	8000abf4	87bd	c.srai	x15,0xf	 x15:0x00000001 x15=0x00000000
      491422000	     24469	8000abf6	44f13c13	sltiu	x24,x2,1103	  x2:0xfffffff9 x24=0x00000000
      491562000	     24476	8000abfa	4067d013	srai	x0,x15,0x6	 x15:0x00000000  x0=0x00000000
      491582000	     24477	8000abfe	00ce	c.slli	x1,0x13	  x1:0xa23db000  x1=0x80000000
      491602000	     24478	8000ac00	3403d6f3	csrrwi	x13,mscratch,7	 x13=0x00000038
      492002000	     24498	8000ac04	02a484b3	mul	x9,x9,x10	  x9:0x0000003b x10:0x00000006  x9=0x00000162
      492202000	     24508	8000ac08	9dade193	ori	x3,x27,-1574	 x27:0x0000000b  x3=0xfffff9db
      492282000	     24512	8000ac0c	0145fdb3	and	x27,x11,x20	 x11:0x00000000 x20:0x00000001 x27=0x00000000
      493102000	     24553	8000ac10	0334d1b3	divu	x3,x9,x19	  x9:0x00000162 x19:0x80021df8  x3=0x00000000
      493122000	     24554	8000ac14	34007773	csrrci	x14,mscratch,0	 x14=0x00000007
      493142000	     24555	8000ac18	40fcd113	srai	x2,x25,0xf	 x25:0x80025ce4  x2=0xffff0004
      493162000	     24556	8000ac1c	34003df3	csrrc	x27,mscratch,x0	  x0:0x00000000 x27=0x00000007
      493182000	     24557	8000ac20	8a3e	c.mv	x20,x15	  x0:0x00000000 x15:0x00000000 x20=0x00000000
      493282000	     24562	8000ac22	00a92bb3	slt	x23,x18,x10	 x18:0x8483fbbe x10:0x00000006 x23=0x00000001
      493302000	     24563	8000ac26	34002d73	csrrs	x26,mscratch,x0	  x0:0x00000000 x26=0x00000007
      493362000	     24566	8000ac2a	85bb3eb7	lui	x29,0x85bb3	 x29=0x85bb3000
      494102000	     24603	8000ac2e	03dd6033	rem	x0,x26,x29	 x26:0x00000007 x29:0x85bb3000  x0=0x00000000
      494122000	     24604	8000ac32	340f2873	csrrs	x16,mscratch,x30	 x30:0x00000000 x16=0x00000007
      494142000	     24605	8000ac36	01a0c763	blt	x1,x26,8000ac44	  x1:0x80000000 x26:0x00000007
      494222000	     24609	8000ac44	293f6213	ori	x4,x30,659	 x30:0x00000000  x4=0x00000293
      495582000	     24677	8000ac48	03d5d2b3	divu	x5,x11,x29	 x11:0x00000000 x29:0x85bb3000  x5=0x00000000
      495602000	     24678	8000ac4c	05cd1063	bne	x26,x28,8000ac8c	 x26:0x00000007 x28:0x00000000
      496082000	     24702	8000ac8c	8ff9	c.and	x15,x14	 x15:0x00000000 x14:0x00000007 x15=0x00000000
      496262000	     24711	8000ac8e	022cbdb3	mulhu	x27,x25,x2	 x25:0x80025ce4  x2:0xffff0004 x27=0x8001dce3
      496282000	     24712	8000ac92	8ea1	c.xor	x13,x8	 x13:0x00000038  x8:0xd08e2ae9 x13=0xd08e2ad1
      496302000	     24713	8000ac94	34075473	csrrwi	x8,mscratch,14	  x8=0x00000007
      496322000	     24714	8000ac98	00c49333	sll	x6,x9,x12	  x9:0x00000162 x12:0x00000001  x6=0x000002c4
      496342000	     24715	8000ac9c	8ec9	c.or	x13,x10	 x13:0xd08e2ad1 x10:0x00000006 x13=0xd08e2ad7
      496742000	     24735	8000ac9e	0314d133	divu	x2,x9,x17	  x9:0x00000162 x17:0x00000000  x2=0xffffffff
      496762000	     24736	8000aca2	187d	c.addi	x16,-1	 x16:0x00000007 x16=0x00000006
      496782000	     24737	8000aca4	40055493	srai	x9,x10,0x0	 x10:0x00000006  x9=0x00000006
      497162000	     24756	8000aca8	0001	c.addi	x0,0	  x0:0x00000000  x0=0x00000000
      497182000	     24757	8000acaa	80dd	c.srli	x9,0x17	  x9:0x00000006  x9=0x00000000
      497202000	     24758	8000acac	8fa1	c.xor	x15,x8	 x15:0x00000000  x8:0x00000007 x15=0x00000007
      497342000	     24765	8000acae	036b5f63	bge	x22,x22,8000acec	 x22:0x00000000 x22:0x00000000
      497842000	     24790	8000acec	01704e63	blt	x0,x23,8000ad08	  x0:0x00000000 x23:0x00000001
      499062000	     24851	8000ad08	340d56f3	csrrwi	x13,mscratch,26	 x13=0x0000000e
      499082000	     24852	8000ad0c	340074f3	csrrci	x9,mscratch,0	  x9=0x0000001a
      499222000	     24859	8000ad10	340ee573	csrrsi	x10,mscratch,29	 x10=0x0000001a
      499242000	     24860	8000ad14	0001	c.addi	x0,0	  x0:0x00000000  x0=0x00000000
      499262000	     24861	8000ad16	05f77263	bgeu	x14,x31,8000ad5a	 x14:0x00000007 x31:0x0000000b
      499682000	     24882	8000ad1a	010dc3b3	xor	x7,x27,x16	 x27:0x8001dce3 x16:0x00000006  x7=0x8001dce5
      499702000	     24883	8000ad1e	006c1863	bne	x24,x6,8000ad2e	 x24:0x00000000  x6:0x000002c4
      500622000	     24929	8000ad2e	f5327493	andi	x9,x4,-173	  x4:0x00000293  x9=0x00000213
      500722000	     24934	8000ad32	28883213	sltiu	x4,x16,648	 x16:0x00000006  x4=0x00000001
      500742000	     24935	8000ad36	0001	c.addi	x0,0	  x0:0x00000000  x0=0x00000000
      500762000	     24936	8000ad38	4b877037	lui	x0,0x4b877	  x0=0x00000000
      500882000	     24942	8000ad3c	38f88513	addi	x10,x17,911	 x17:0x00000000 x10=0x0000038f
      501302000	     24963	8000ad40	81c9	c.srli	x11,0x12	 x11:0x00000000 x11=0x00000000
      501322000	     24964	8000ad42	c1b1	c.beqz	x11,8000ad86	 x11:0x00000000
      502302000	     25013	8000ad86	01b85213	srli	x4,x16,0x1b	 x16:0x00000006  x4=0x00000000
      502722000	     25034	8000ad8a	05ff1163	bne	x30,x31,8000adcc	 x30:0x00000000 x31:0x0000000b
      503422000	     25069	8000adcc	0168f263	bgeu	x17,x22,8000add0	 x17:0x00000000 x22:0x00000000
      503862000	     25091	8000add0	00f8d493	srli	x9,x17,0xf	 x17:0x00000000  x9=0x00000000
      504002000	     25098	8000add4	87b1	c.srai	x15,0xc	 x15:0x00000007 x15=0x00000000
      504022000	     25099	8000add6	34006873	csrrsi	x16,mscratch,0	 x16=0x0000001f
      504442000	     25120	8000adda	410706b3	sub	x13,x14,x16	 x14:0x00000007 x16:0x0000001f x13=0xffffffe8
      504862000	     25141	8000adde	00b946b3	xor	x13,x18,x11	 x18:0x8483fbbe x11:0x00000000 x13=0x8483fbbe
      504882000	     25142	8000ade2	53ef0493	addi	x9,x30,1342	 x30:0x00000000  x9=0x0000053e
      504902000	     25143	8000ade6	e905	c.bnez	x10,8000ae16	 x10:0x0000038f
      505202000	     25158	8000ae16	00d581b3	add	x3,x11,x13	 x11:0x00000000 x13:0x8483fbbe  x3=0x8483fbbe
      505262000	     25161	8000ae1a	a29ecf13	xori	x30,x29,-1495	 x29:0x85bb3000 x30=0x7a44ca29
      505482000	     25172	8000ae1e	952ac713	xori	x14,x21,-1710	 x21:0x00000000 x14=0xfffff952
      505502000	     25173	8000ae22	e499	c.bnez	x9,8000ae30	  x9:0x0000053e
      505962000	     25196	8000ae30	034c2333	mulhsu	x6,x24,x20	 x24:0x00000000 x20:0x00000000  x6=0x00000000
      506802000	     25238	8000ae34	0239c7b3	div	x15,x19,x3	 x19:0x80021df8  x3:0x8483fbbe x15=0x00000001
      506822000	     25239	8000ae38	8d45	c.or	x10,x9	 x10:0x0000038f  x9:0x0000053e x10=0x000007bf
      506842000	     25240	8000ae3a	00539893	slli	x17,x7,0x5	  x7:0x8001dce5 x17=0x003b9ca0
      506862000	     25241	8000ae3e	f4fbf313	andi	x6,x23,-177	 x23:0x00000001  x6=0x00000001
      506882000	     25242	8000ae42	8c4d	c.or	x8,x11	  x8:0x00000007 x11:0x00000000  x8=0x00000007
      506902000	     25243	8000ae44	f07b7f13	andi	x30,x22,-249	 x22:0x00000000 x30=0x00000000
      506922000	     25244	8000ae48	03121263	bne	x4,x17,8000ae6c	  x4:0x00000000 x17:0x003b9ca0
      507662000	     25281	8000ae6c	340062f3	csrrsi	x5,mscratch,0	  x5=0x0000001f
      508442000	     25320	8000ae70	0301dd63	bge	x3,x16,8000aeaa	  x3:0x8483fbbe x16:0x0000001f
      508562000	     25326	8000ae74	01ce53b3	srl	x7,x28,x28	 x28:0x00000000 x28:0x00000000  x7=0x00000000
      508662000	     25331	8000ae78	340aa473	csrrs	x8,mscratch,x21	 x21:0x00000000  x8=0x0000001f
      509402000	     25368	8000ae7c	031fd733	divu	x14,x31,x17	 x31:0x0000000b x17:0x003b9ca0 x14=0x00000000
      509422000	     25369	8000ae80	01295233	srl	x4,x18,x18	 x18:0x8483fbbe x18:0x8483fbbe  x4=0x00000002
      509442000	     25370	8000ae84	031e	c.slli	x6,0x7	  x6:0x00000001  x6=0x00000080
      509462000	     25371	8000ae86	016a38b3	sltu	x17,x20,x22	 x20:0x00000000 x22:0x00000000 x17=0x00000000
      509482000	     25372	8000ae8a	987d	c.andi	x8,-1	  x8:0x0000001f  x8=0x0000001f
      509502000	     25373	8000ae8c	567d	c.li	x12,-1	 x12=0xffffffff
      509522000	     25374	8000ae8e	9ee5fb37	lui	x22,0x9ee5f	 x22=0x9ee5f000
      509542000	     25375	8000ae92	8d8d	c.sub	x11,x11	 x11:0x00000000 x11:0x00000000 x11=0x00000000
      509562000	     25376	8000ae94	0076e763	bltu	x13,x7,8000aea2	 x13:0x8483fbbe  x7:0x00000000
      509682000	     25382	8000ae98	8c09	c.sub	x8,x10	  x8:0x0000001f x10:0x000007bf  x8=0xfffff860
      509702000	     25383	8000ae9a	340eff73	csrrci	x30,mscratch,29	 x30=0x0000001f
      509842000	     25390	8000ae9e	4095d393	srai	x7,x11,0x9	 x11:0x00000000  x7=0x00000000
      509862000	     25391	8000aea2	0116fb33	and	x22,x13,x17	 x13:0x8483fbbe x17:0x00000000 x22=0x00000000
      509882000	     25392	8000aea6	717d	c.addi16sp	x2,-16	  x2:0xffffffff  x2=0xffffffef
      510282000	     25412	8000aea8	8cb5	c.xor	x9,x13	  x9:0x0000053e x13:0x8483fbbe  x9=0x8483fe80
      510322000	     25414	8000aeaa	0135cc63	blt	x11,x19,8000aec2	 x11:0x00000000 x19:0x80021df8
      510342000	     25415	8000aeae	137d	c.addi	x6,-1	  x6:0x00000080  x6=0x0000007f
      510662000	     25431	8000aeb0	84bd	c.srai	x9,0xf	  x9:0x8483fe80  x9=0xffff0907
      511102000	     25453	8000aeb2	03607c33	remu	x24,x0,x22	  x0:0x00000000 x22:0x00000000 x24=0x00000000
      511142000	     25455	8000aeb6	011cf0b3	and	x1,x25,x17	 x25:0x80025ce4 x17:0x00000000  x1=0x00000000
      511262000	     25461	8000aeba	1f18b917	auipc	x18,0x1f18b	 x18=0x9f195eba
      511422000	     25469	8000aebe	2ded7413	andi	x8,x26,734	 x26:0x00000007  x8=0x00000006
      511442000	     25470	8000aec2	e7269d37	lui	x26,0xe7269	 x26=0xe7269000
      511462000	     25471	8000aec6	9afd	c.andi	x13,-1	 x13:0x8483fbbe x13=0x8483fbbe
      511622000	     25479	8000aec8	001ab833	sltu	x16,x21,x1	 x21:0x00000000  x1:0x00000000 x16=0x00000000
      511642000	     25480	8000aecc	8eea	c.mv	x29,x26	  x0:0x00000000 x26:0xe7269000 x29=0xe7269000
      511882000	     25492	8000aece	03ed3833	mulhu	x16,x26,x30	 x26:0xe7269000 x30:0x0000001f x16=0x0000001b
      511902000	     25493	8000aed2	04328263	beq	x5,x3,8000af16	  x5:0x0000001f  x3:0x8483fbbe
      511922000	     25494	8000aed6	717d	c.addi16sp	x2,-16	  x2:0xffffffef  x2=0xffffffdf
      511942000	     25495	8000aed8	86c9	c.srai	x13,0x12	 x13:0x8483fbbe x13=0xffffe120
      511962000	     25496	8000aeda	02e71a63	bne	x14,x14,8000af0e	 x14:0x00000000 x14:0x00000000
      511982000	     25497	8000aede	00a71093	slli	x1,x14,0xa	 x14:0x00000000  x1=0x00000000
      512002000	     25498	8000aee2	01bf1713	slli	x14,x30,0x1b	 x30:0x0000001f x14=0xf8000000
      513122000	     25554	8000aee6	03dbd633	divu	x12,x23,x29	 x23:0x00000001 x29:0xe7269000 x12=0x00000000
      513142000	     25555	8000aeea	34006073	csrrsi	x0,mscratch,0	  x0=0x00000000
      513162000	     25556	8000aeee	c2521917	auipc	x18,0xc2521	 x18=0x4252beee
      513182000	     25557	8000aef2	410f56b3	sra	x13,x30,x16	 x30:0x0000001f x16:0x0000001b x13=0x00000000
      513202000	     25558	8000aef6	3404ba73	csrrc	x20,mscratch,x9	  x9:0xffff0907 x20=0x00000002
      513222000	     25559	8000aefa	98fa	c.add	x17,x30	 x17:0x00000000 x30:0x0000001f x17=0x0000001f
      513242000	     25560	8000aefc	00aaa2b3	slt	x5,x21,x10	 x21:0x00000000 x10:0x000007bf  x5=0x00000001
      513522000	     25574	8000af00	8e69	c.and	x12,x10	 x12:0x00000000 x10:0x000007bf x12=0x00000000
      513542000	     25575	8000af02	8686	c.mv	x13,x1	  x0:0x00000000  x1:0x00000000 x13=0x00000000
      513762000	     25586	8000af04	411a83b3	sub	x7,x21,x17	 x21:0x00000000 x17:0x0000001f  x7=0xffffffe1
      513922000	     25594	8000af08	023e	c.slli	x4,0xf	  x4:0x00000002  x4=0x00010000
      514122000	     25604	8000af0a	03c85db3	divu	x27,x16,x28	 x16:0x0000001b x28:0x00000000 x27=0xffffffff
      514302000	     25613	8000af0e	000d01b3	add	x3,x26,x0	 x26:0xe7269000  x0:0x00000000  x3=0xe7269000
      514462000	     25621	8000af12	035cd033	divu	x0,x25,x21	 x25:0x80025ce4 x21:0x00000000  x0=0x00000000
      514482000	     25622	8000af16	8e61	c.and	x12,x8	 x12:0x00000000  x8:0x00000006 x12=0x00000000
      514822000	     25639	8000af18	8ac1	c.andi	x13,16	 x13:0x00000000 x13=0x00000000
      514842000	     25640	8000af1a	826d	c.srli	x12,0x1b	 x12:0x00000000 x12=0x00000000
      514862000	     25641	8000af1c	00655713	srli	x14,x10,0x6	 x10:0x000007bf x14=0x0000001e
      514882000	     25642	8000af20	01a34763	blt	x6,x26,8000af2e	  x6:0x0000007f x26:0xe7269000
      515002000	     25648	8000af24	c499	c.beqz	x9,8000af32	  x9:0xffff0907
      515022000	     25649	8000af26	6bb0abb7	lui	x23,0x6bb0a	 x23=0x6bb0a000
      515142000	     25655	8000af2a	0aa1a913	slti	x18,x3,170	  x3:0xe7269000 x18=0x00000001
      515202000	     25658	8000af2e	03586d33	rem	x26,x16,x21	 x16:0x0000001b x21:0x00000000 x26=0x0000001b
      515222000	     25659	8000af32	0001	c.addi	x0,0	  x0:0x00000000  x0=0x00000000
      515382000	     25667	8000af34	0001	c.addi	x0,0	  x0:0x00000000  x0=0x00000000
      515402000	     25668	8000af36	0073d413	srli	x8,x7,0x7	  x7:0xffffffe1  x8=0x01ffffff
      515562000	     25676	8000af3a	f7087293	andi	x5,x16,-144	 x16:0x0000001b  x5=0x00000010
      515582000	     25677	8000af3e	014d1213	slli	x4,x26,0x14	 x26:0x0000001b  x4=0x01b00000
      515662000	     25681	8000af42	0141e563	bltu	x3,x20,8000af4c	  x3:0xe7269000 x20:0x00000002
      515682000	     25682	8000af46	0b96	c.slli	x23,0x5	 x23:0x6bb0a000 x23=0x76140000
      515702000	     25683	8000af48	008ea033	slt	x0,x29,x8	 x29:0xe7269000  x8:0x01ffffff  x0=0x00000000
      515942000	     25695	8000af4c	0001	c.addi	x0,0	  x0:0x00000000  x0=0x00000000
      515962000	     25696	8000af4e	8cc5	c.or	x9,x9	  x9:0xffff0907  x9:0xffff0907  x9=0xffff0907
      515982000	     25697	8000af50	9462	c.add	x8,x24	  x8:0x01ffffff x24:0x00000000  x8=0x01ffffff
      516002000	     25698	8000af52	000fd193	srli	x3,x31,0x0	 x31:0x0000000b  x3=0x0000000b
      516022000	     25699	8000af56	0cf8eb97	auipc	x23,0xcf8e	 x23=0x8cf98f56
      516762000	     25736	8000af5a	037e58b3	divu	x17,x28,x23	 x28:0x00000000 x23:0x8cf98f56 x17=0x00000000
      516802000	     25738	8000af5e	024111b3	mulh	x3,x2,x4	  x2:0xffffffdf  x4:0x01b00000  x3=0xffffffff
      516822000	     25739	8000af62	c785	c.beqz	x15,8000af8a	 x15:0x00000001
      516862000	     25741	8000af64	02e8a933	mulhsu	x18,x17,x14	 x17:0x00000000 x14:0x0000001e x18=0x00000000
      516882000	     25742	8000af68	3406d8f3	csrrwi	x17,mscratch,13	 x17=0x00000000
      516902000	     25743	8000af6c	34019973	csrrw	x18,mscratch,x3	  x3:0xffffffff x18=0x0000000d
      516942000	     25745	8000af70	03701a33	mulh	x20,x0,x23	  x0:0x00000000 x23:0x8cf98f56 x20=0x00000000
      516962000	     25746	8000af74	078b7b13	andi	x22,x22,120	 x22:0x00000000 x22=0x00000000
      516982000	     25747	8000af78	8ee5	c.and	x13,x9	 x13:0x00000000  x9:0xffff0907 x13=0x00000000
      517022000	     25749	8000af7a	022511b3	mulh	x3,x10,x2	 x10:0x000007bf  x2:0xffffffdf  x3=0xffffffff
      517262000	     25761	8000af7e	e412bd93	sltiu	x27,x5,-447	  x5:0x00000010 x27=0x00000001
      517282000	     25762	8000af82	014c3d33	sltu	x26,x24,x20	 x24:0x00000000 x20:0x00000000 x26=0x00000000
      517302000	     25763	8000af86	09450093	addi	x1,x10,148	 x10:0x000007bf  x1=0x00000853
      521342000	     25965	8000af8a	00f71bb3	sll	x23,x14,x15	 x14:0x0000001e x15:0x00000001 x23=0x0000003c
      521382000	     25967	8000af8e	03105433	divu	x8,x0,x17	  x0:0x00000000 x17:0x00000000  x8=0xffffffff
      521422000	     25969	8000af92	0236a733	mulhsu	x14,x13,x3	 x13:0x00000000  x3:0xffffffff x14=0x00000000
      521462000	     25971	8000af96	0215b533	mulhu	x10,x11,x1	 x11:0x00000000  x1:0x00000853 x10=0x00000000
      521482000	     25972	8000af9a	0115ae33	slt	x28,x11,x17	 x11:0x00000000 x17:0x00000000 x28=0x00000000
      521502000	     25973	8000af9e	00ca17b3	sll	x15,x20,x12	 x20:0x00000000 x12:0x00000000 x15=0x00000000
      521902000	     25993	8000afa2	02f6c533	div	x10,x13,x15	 x13:0x00000000 x15:0x00000000 x10=0xffffffff
      522282000	     26012	8000afa6	340d17f3	csrrw	x15,mscratch,x26	 x26:0x00000000 x15=0xffffffff
      522302000	     26013	8000afaa	086d	c.addi	x16,27	 x16:0x0000001b x16=0x00000036
      522322000	     26014	8000afac	0001	c.addi	x0,0	  x0:0x00000000  x0=0x00000000
      522362000	     26016	8000afae	0ff0000f	fence	iorw,iorw	
      522382000	     26017	8000afb2	8411	c.srai	x8,0x4	  x8:0xffffffff  x8=0xffffffff
      522722000	     26034	8000afb4	010c5eb3	srl	x29,x24,x16	 x24:0x00000000 x16:0x00000036 x29=0x00000000
      522742000	     26035	8000afb8	50530813	addi	x16,x6,1285	  x6:0x0000007f x16=0x00000584
      522802000	     26038	8000afbc	83ad	c.srli	x15,0xb	 x15:0xffffffff x15=0x001fffff
      522822000	     26039	8000afbe	ef01	c.bnez	x14,8000afd6	 x14:0x00000000
      522842000	     26040	8000afc0	340533f3	csrrc	x7,mscratch,x10	 x10:0xffffffff  x7=0x00000000
      522862000	     26041	8000afc4	01e01613	slli	x12,x0,0x1e	  x0:0x00000000 x12=0x00000000
      523002000	     26048	8000afc8	340756f3	csrrwi	x13,mscratch,14	 x13=0x00000000
      523022000	     26049	8000afcc	40150e33	sub	x28,x10,x1	 x10:0xffffffff  x1:0x00000853 x28=0xfffff7ac
      523062000	     26051	8000afd0	03affeb3	remu	x29,x31,x26	 x31:0x0000000b x26:0x00000000 x29=0x0000000b
      523082000	     26052	8000afd4	936a	c.add	x6,x26	  x6:0x0000007f x26:0x00000000  x6=0x0000007f
      523102000	     26053	8000afd6	3e8f2d13	slti	x26,x30,1000	 x30:0x0000001f x26=0x00000001
      523122000	     26054	8000afda	01be5693	srli	x13,x28,0x1b	 x28:0xfffff7ac x13=0x0000001f
      523522000	     26074	8000afde	010eda13	srli	x20,x29,0x10	 x29:0x0000000b x20=0x00000000
      523542000	     26075	8000afe2	1984	c.addi4spn	x9,x2,240	  x9=0x000000cf
      523602000	     26078	8000afe4	871a	c.mv	x14,x6	  x0:0x00000000  x6:0x0000007f x14=0x0000007f
      523622000	     26079	8000afe6	e13be893	ori	x17,x23,-493	 x23:0x0000003c x17=0xfffffe3f
      523962000	     26096	8000afea	730bc393	xori	x7,x23,1840	 x23:0x0000003c  x7=0x0000070c
      523982000	     26097	8000afee	03b37863	bgeu	x6,x27,8000b01e	  x6:0x0000007f x27:0x00000001
      524682000	     26132	8000b01e	8d6d	c.and	x10,x11	 x10:0xffffffff x11:0x00000000 x10=0x00000000
      525122000	     26154	8000b020	340023f3	csrrs	x7,mscratch,x0	  x0:0x00000000  x7=0x0000000e
      525542000	     26175	8000b024	40ef5393	srai	x7,x30,0xe	 x30:0x0000001f  x7=0x00000000
      525682000	     26182	8000b028	6105	c.addi16sp	x2,32	  x2:0xffffffdf  x2=0xffffffff
      525702000	     26183	8000b02a	87fd	c.srai	x15,0x1f	 x15:0x001fffff x15=0x00000000
      525722000	     26184	8000b02c	01e51333	sll	x6,x10,x30	 x10:0x00000000 x30:0x0000001f  x6=0x00000000
      525742000	     26185	8000b030	008a9e13	slli	x28,x21,0x8	 x21:0x00000000 x28=0x00000000
      525802000	     26188	8000b034	41af01b3	sub	x3,x30,x26	 x30:0x0000001f x26:0x00000001  x3=0x0000001e
      525942000	     26195	8000b038	3406d073	csrrwi	x0,mscratch,13	  x0=0x00000000
      525962000	     26196	8000b03c	00bf1393	slli	x7,x30,0xb	 x30:0x0000001f  x7=0x0000f800
      525982000	     26197	8000b040	407c51b3	sra	x3,x24,x7	 x24:0x00000000  x7:0x0000f800  x3=0x00000000
      526002000	     26198	8000b044	03c3c863	blt	x7,x28,8000b074	  x7:0x0000f800 x28:0x00000000
      526162000	     26206	8000b048	8092	c.mv	x1,x4	  x0:0x00000000  x4:0x01b00000  x1=0x01b00000
      526302000	     26213	8000b04a	00aa9013	slli	x0,x21,0xa	 x21:0x00000000  x0=0x00000000
      526522000	     26224	8000b04e	40608ab3	sub	x21,x1,x6	  x1:0x01b00000  x6:0x00000000 x21=0x01b00000
      526542000	     26225	8000b052	0217cd63	blt	x15,x1,8000b08c	 x15:0x00000000  x1:0x01b00000
      527662000	     26281	8000b08c	41f7d2b3	sra	x5,x15,x31	 x15:0x00000000 x31:0x0000000b  x5=0x00000000
      527742000	     26285	8000b090	8a354a13	xori	x20,x10,-1885	 x10:0x00000000 x20=0xfffff8a3
      527982000	     26297	8000b094	97ae	c.add	x15,x11	 x15:0x00000000 x11:0x00000000 x15=0x00000000
      528222000	     26309	8000b096	4116d293	srai	x5,x13,0x11	 x13:0x0000001f  x5=0x00000000
      528242000	     26310	8000b09a	0089d133	srl	x2,x19,x8	 x19:0x80021df8  x8:0xffffffff  x2=0x00000001
      528422000	     26319	8000b09e	007fe263	bltu	x31,x7,8000b0a2	 x31:0x0000000b  x7:0x0000f800
      529202000	     26358	8000b0a2	01c61c13	slli	x24,x12,0x1c	 x12:0x00000000 x24=0x00000000
      529222000	     26359	8000b0a6	98de	c.add	x17,x23	 x17:0xfffffe3f x23:0x0000003c x17=0xfffffe7b
      529242000	     26360	8000b0a8	cd89	c.beqz	x11,8000b0c2	 x11:0x00000000
      530122000	     26404	8000b0c2	015ac333	xor	x6,x21,x21	 x21:0x01b00000 x21:0x01b00000  x6=0x00000000
      530142000	     26405	8000b0c6	8145	c.srli	x10,0x11	 x10:0x00000000 x10=0x00000000
      530282000	     26412	8000b0c8	7fe4ce93	xori	x29,x9,2046	  x9:0x000000cf x29=0x00000731
      530402000	     26418	8000b0cc	987d	c.andi	x8,-1	  x8:0xffffffff  x8=0xffffffff
      530422000	     26419	8000b0ce	1c7d	c.addi	x24,-1	 x24:0x00000000 x24=0xffffffff
      530442000	     26420	8000b0d0	7adec293	xori	x5,x29,1965	 x29:0x00000731  x5=0x0000009c
      530642000	     26430	8000b0d4	8eb9	c.xor	x13,x14	 x13:0x0000001f x14:0x0000007f x13=0x00000060
      530662000	     26431	8000b0d6	187d	c.addi	x16,-1	 x16:0x00000584 x16=0x00000583
      531042000	     26450	8000b0d8	8f2d	c.xor	x14,x11	 x14:0x0000007f x11:0x00000000 x14=0x0000007f
      531182000	     26457	8000b0da	13eb7493	andi	x9,x22,318	 x22:0x00000000  x9=0x00000000
      531202000	     26458	8000b0de	c595	c.beqz	x11,8000b10a	 x11:0x00000000
      531822000	     26489	8000b10a	05dbe163	bltu	x23,x29,8000b14c	 x23:0x0000003c x29:0x00000731
      532322000	     26514	8000b14c	daf93793	sltiu	x15,x18,-593	 x18:0x0000000d x15=0x00000001
      532482000	     26522	8000b150	0372da63	bge	x5,x23,8000b184	  x5:0x0000009c x23:0x0000003c
      532602000	     26528	8000b184	7ba20537	lui	x10,0x7ba20	 x10=0x7ba20000
      532642000	     26530	8000b188	01f6a6b3	slt	x13,x13,x31	 x13:0x00000060 x31:0x0000000b x13=0x00000000
      532742000	     26535	8000b18c	6139	c.addi16sp	x2,448	  x2:0x00000001  x2=0x000001c1
      533882000	     26592	8000b18e	03555d33	divu	x26,x10,x21	 x10:0x7ba20000 x21:0x01b00000 x26=0x00000049
      533902000	     26593	8000b192	87e2	c.mv	x15,x24	  x0:0x00000000 x24:0xffffffff x15=0xffffffff
      533922000	     26594	8000b194	0001	c.addi	x0,0	  x0:0x00000000  x0=0x00000000
      533942000	     26595	8000b196	340276f3	csrrci	x13,mscratch,4	 x13=0x0000000d
      533962000	     26596	8000b19a	4163dc13	srai	x24,x7,0x16	  x7:0x0000f800 x24=0x00000000
      534702000	     26633	8000b19e	032b50b3	divu	x1,x22,x18	 x22:0x00000000 x18:0x0000000d  x1=0x00000000
      534722000	     26634	8000b1a2	896d	c.andi	x10,27	 x10:0x7ba20000 x10=0x00000000
      534742000	     26635	8000b1a4	88d6	c.mv	x17,x21	  x0:0x00000000 x21:0x01b00000 x17=0x01b00000
      534762000	     26636	8000b1a6	e609	c.bnez	x12,8000b1b0	 x12:0x00000000
      534782000	     26637	8000b1a8	0dba	c.slli	x27,0xe	 x27:0x00000001 x27=0x00004000
      534802000	     26638	8000b1aa	4564f113	andi	x2,x9,1110	  x9:0x00000000  x2=0x00000000
      534822000	     26639	8000b1ae	c01d	c.beqz	x8,8000b1d4	  x8:0xffffffff
      534842000	     26640	8000b1b0	0001	c.addi	x0,0	  x0:0x00000000  x0=0x00000000
      535222000	     26659	8000b1b2	412650b3	sra	x1,x12,x18	 x12:0x00000000 x18:0x0000000d  x1=0x00000000
      535402000	     26668	8000b1b6	029056b3	divu	x13,x0,x9	  x0:0x00000000  x9:0x00000000 x13=0xffffffff
      535422000	     26669	8000b1ba	717d	c.addi16sp	x2,-16	  x2:0x00000000  x2=0xfffffff0
      535442000	     26670	8000b1bc	e3a4f213	andi	x4,x9,-454	  x9:0x00000000  x4=0x00000000
      535462000	     26671	8000b1c0	3409fb73	csrrci	x22,mscratch,19	 x22=0x00000009
      535482000	     26672	8000b1c4	1899c493	xori	x9,x19,393	 x19:0x80021df8  x9=0x80021c71
      535782000	     26687	8000b1c8	3406d3f3	csrrwi	x7,mscratch,13	  x7=0x00000008
      535822000	     26689	8000b1cc	02342bb3	mulhsu	x23,x8,x3	  x8:0xffffffff  x3:0x00000000 x23=0x00000000
      535842000	     26690	8000b1d0	acc633b7	lui	x7,0xacc63	  x7=0xacc63000
      535862000	     26691	8000b1d4	6329	c.lui	x6,0xa	  x6=0x0000a000
      535882000	     26692	8000b1d6	9bfd	c.andi	x15,-1	 x15:0xffffffff x15=0xffffffff
      535942000	     26695	8000b1d8	8e41	c.or	x12,x8	 x12:0x00000000  x8:0xffffffff x12=0xffffffff
      536222000	     26709	8000b1da	03f3ab33	mulhsu	x22,x7,x31	  x7:0xacc63000 x31:0x0000000b x22=0xfffffffc
      536242000	     26710	8000b1de	3b260db7	lui	x27,0x3b260	 x27=0x3b260000
      536262000	     26711	8000b1e2	04dac163	blt	x21,x13,8000b224	 x21:0x01b00000 x13:0xffffffff
      536282000	     26712	8000b1e6	8e4d	c.or	x12,x11	 x12:0xffffffff x11:0x00000000 x12=0xffffffff
      536662000	     26731	8000b1e8	02818db3	mul	x27,x3,x8	  x3:0x00000000  x8:0xffffffff x27=0x00000000
      537082000	     26752	8000b1ec	4201	c.li	x4,0	  x4=0x00000000
      537102000	     26753	8000b1ee	cc9d	c.beqz	x9,8000b22c	  x9:0x80021c71
      537122000	     26754	8000b1f0	c509	c.beqz	x10,8000b1fa	 x10:0x00000000
      537322000	     26764	8000b1fa	3406d173	csrrwi	x2,mscratch,13	  x2=0x0000000d
      537342000	     26765	8000b1fe	033f0533	mul	x10,x30,x19	 x30:0x0000001f x19:0x80021df8 x10=0x8041a108
      537362000	     26766	8000b202	41395333	sra	x6,x18,x19	 x18:0x0000000d x19:0x80021df8  x6=0x00000000
      537382000	     26767	8000b206	9af6	c.add	x21,x29	 x21:0x01b00000 x29:0x00000731 x21=0x01b00731
      537402000	     26768	8000b208	340738f3	csrrc	x17,mscratch,x14	 x14:0x0000007f x17=0x0000000d
      537422000	     26769	8000b20c	033f9a63	bne	x31,x19,8000b240	 x31:0x0000000b x19:0x80021df8
      537822000	     26789	8000b240	02fcbdb3	mulhu	x27,x25,x15	 x25:0x80025ce4 x15:0xffffffff x27=0x80025ce3
      537842000	     26790	8000b244	0253ee63	bltu	x7,x5,8000b280	  x7:0xacc63000  x5:0x0000009c
      537862000	     26791	8000b248	34003af3	csrrc	x21,mscratch,x0	  x0:0x00000000 x21=0x00000000
      537882000	     26792	8000b24c	00a59663	bne	x11,x10,8000b258	 x11:0x00000000 x10:0x8041a108
      539062000	     26851	8000b258	04809163	bne	x1,x8,8000b29a	  x1:0x00000000  x8:0xffffffff
      539802000	     26888	8000b29a	00127e63	bgeu	x4,x1,8000b2b6	  x4:0x00000000  x1:0x00000000
      540662000	     26931	8000b2b6	0856	c.slli	x16,0x15	 x16:0x00000583 x16=0xb0600000
      541102000	     26953	8000b2b8	862d	c.srai	x12,0xb	 x12:0xffffffff x12=0xffffffff
      541842000	     26990	8000b2ba	029ccc33	div	x24,x25,x9	 x25:0x80025ce4  x9:0x80021c71 x24=0x00000000
      541862000	     26991	8000b2be	00b6c1b3	xor	x3,x13,x11	 x13:0xffffffff x11:0x00000000  x3=0xffffffff
      541882000	     26992	8000b2c2	8629	c.srai	x12,0xa	 x12:0xffffffff x12=0xffffffff
      541902000	     26993	8000b2c4	0001	c.addi	x0,0	  x0:0x00000000  x0=0x00000000
      541922000	     26994	8000b2c6	01be3eb3	sltu	x29,x28,x27	 x28:0x00000000 x27:0x80025ce3 x29=0x00000001
      541942000	     26995	8000b2ca	c785	c.beqz	x15,8000b2f2	 x15:0xffffffff
      542242000	     27010	8000b2cc	717d	c.addi16sp	x2,-16	  x2:0x0000000d  x2=0xfffffffd
      542462000	     27021	8000b2ce	0ff0000f	fence	iorw,iorw	
      542842000	     27040	8000b2d2	01b4da63	bge	x9,x27,8000b2e6	  x9:0x80021c71 x27:0x80025ce3
      543582000	     27077	8000b2d6	03aa7433	remu	x8,x20,x26	 x20:0xfffff8a3 x26:0x00000049  x8=0x0000002d
      543622000	     27079	8000b2da	035924b3	mulhsu	x9,x18,x21	 x18:0x0000000d x21:0x00000000  x9=0x00000000
      543642000	     27080	8000b2de	01b99233	sll	x4,x19,x27	 x19:0x80021df8 x27:0x80025ce3  x4=0x0010efc0
      543662000	     27081	8000b2e2	34007d73	csrrci	x26,mscratch,0	 x26=0x00000000
      543682000	     27082	8000b2e6	674d	c.lui	x14,0x13	 x14=0x00013000
      543702000	     27083	8000b2e8	c896b697	auipc	x13,0xc896b	 x13=0x489762e8
      543722000	     27084	8000b2ec	01b52733	slt	x14,x10,x27	 x10:0x8041a108 x27:0x80025ce3 x14=0x00000000
      544042000	     27100	8000b2f0	0d2e	c.slli	x26,0xb	 x26:0x00000000 x26=0x00000000
      544062000	     27101	8000b2f2	8bed	c.andi	x15,27	 x15:0xffffffff x15=0x0000001b
      544082000	     27102	8000b2f4	997a	c.add	x18,x30	 x18:0x0000000d x30:0x0000001f x18=0x0000002c
      544862000	     27141	8000b2f6	039be833	rem	x16,x23,x25	 x23:0x00000000 x25:0x80025ce4 x16=0x00000000
      544882000	     27142	8000b2fa	bbbb2593	slti	x11,x22,-1093	 x22:0xfffffffc x11=0x00000000
      544902000	     27143	8000b2fe	40e85eb3	sra	x29,x16,x14	 x16:0x00000000 x14:0x00000000 x29=0x00000000
      544922000	     27144	8000b302	00c8c4b3	xor	x9,x17,x12	 x17:0x0000000d x12:0xffffffff  x9=0xfffffff2
      544942000	     27145	8000b306	01358db3	add	x27,x11,x19	 x11:0x00000000 x19:0x80021df8 x27=0x80021df8
      544962000	     27146	8000b30a	010fdd93	srli	x27,x31,0x10	 x31:0x0000000b x27=0x00000000
      545002000	     27148	8000b30e	11f70e13	addi	x28,x14,287	 x14:0x00000000 x28=0x0000011f
      545022000	     27149	8000b312	8ef9	c.and	x13,x14	 x13:0x489762e8 x14:0x00000000 x13=0x00000000
      545042000	     27150	8000b314	8a29	c.andi	x12,10	 x12:0xffffffff x12=0x0000000a
      545062000	     27151	8000b316	99fd	c.andi	x11,-1	 x11:0x00000000 x11=0x00000000
      545082000	     27152	8000b318	e4ccad93	slti	x27,x25,-436	 x25:0x80025ce4 x27=0x00000001
      545462000	     27171	8000b31c	34002d73	csrrs	x26,mscratch,x0	  x0:0x00000000 x26=0x00000000
      545622000	     27179	8000b320	87b9	c.srai	x15,0xe	 x15:0x0000001b x15=0x00000000
      545642000	     27180	8000b322	cc9d	c.beqz	x9,8000b360	  x9:0xfffffff2
      545802000	     27188	8000b324	03d5b933	mulhu	x18,x11,x29	 x11:0x00000000 x29:0x00000000 x18=0x00000000
      546542000	     27225	8000b328	03f141b3	div	x3,x2,x31	  x2:0xfffffffd x31:0x0000000b  x3=0x00000000
      546562000	     27226	8000b32c	017261b3	or	x3,x4,x23	  x4:0x0010efc0 x23:0x00000000  x3=0x0010efc0
      546582000	     27227	8000b330	0ff0000f	fence	iorw,iorw	
      546622000	     27229	8000b334	02f44633	div	x12,x8,x15	  x8:0x0000002d x15:0x00000000 x12=0xffffffff
      546642000	     27230	8000b338	34079973	csrrw	x18,mscratch,x15	 x15:0x00000000 x18=0x00000000
      546662000	     27231	8000b33c	01627d33	and	x26,x4,x22	  x4:0x0010efc0 x22:0xfffffffc x26=0x0010efc0
      546742000	     27235	8000b340	07c9	c.addi	x15,18	 x15:0x00000000 x15=0x00000012
      546782000	     27237	8000b342	0350d2b3	divu	x5,x1,x21	  x1:0x00000000 x21:0x00000000  x5=0xffffffff
      546802000	     27238	8000b346	0ff0000f	fence	iorw,iorw	
      546822000	     27239	8000b34a	5afd	c.li	x21,-1	 x21=0xffffffff
      547202000	     27258	8000b34c	27cb7593	andi	x11,x22,636	 x22:0xfffffffc x11=0x0000027c
      547222000	     27259	8000b350	4197df13	srai	x30,x15,0x19	 x15:0x00000012 x30=0x00000000
      547242000	     27260	8000b354	8bb2	c.mv	x23,x12	  x0:0x00000000 x12:0xffffffff x23=0xffffffff
      547262000	     27261	8000b356	80b1	c.srli	x9,0xc	  x9:0xfffffff2  x9=0x000fffff
      547362000	     27266	8000b358	cfc49a97	auipc	x21,0xcfc49	 x21=0x4fc54358
      547382000	     27267	8000b35c	00012db3	slt	x27,x2,x0	  x2:0xfffffffd  x0:0x00000000 x27=0x00000001
      547442000	     27270	8000b360	8555	c.srai	x10,0x15	 x10:0x8041a108 x10=0xfffffc02
      547922000	     27294	8000b362	41ed5213	srai	x4,x26,0x1e	 x26:0x0010efc0  x4=0x00000000
      547982000	     27297	8000b366	01b7f863	bgeu	x15,x27,8000b376	 x15:0x00000012 x27:0x00000001
      549022000	     27349	8000b376	038cfab3	remu	x21,x25,x24	 x25:0x80025ce4 x24:0x00000000 x21=0x80025ce4
      549042000	     27350	8000b37a	52fd	c.li	x5,-1	  x5=0xffffffff
      549062000	     27351	8000b37c	6469	c.lui	x8,0x1a	  x8=0x0001a000
      549082000	     27352	8000b37e	c747cf13	xori	x30,x15,-908	 x15:0x00000012 x30=0xfffffc66
      549102000	     27353	8000b382	340f98f3	csrrw	x17,mscratch,x31	 x31:0x0000000b x17=0x00000000
      549122000	     27354	8000b386	65180893	addi	x17,x16,1617	 x16:0x00000000 x17=0x00000651
      549142000	     27355	8000b38a	874b0717	auipc	x14,0x874b0	 x14=0x074bb38a
      549162000	     27356	8000b38e	01574c33	xor	x24,x14,x21	 x14:0x074bb38a x21:0x80025ce4 x24=0x8749ef6e
      549582000	     27377	8000b392	788601b7	lui	x3,0x78860	  x3=0x78860000
      549602000	     27378	8000b396	8fe9	c.and	x15,x10	 x15:0x00000012 x10:0xfffffc02 x15=0x00000002
      549762000	     27386	8000b398	01790333	add	x6,x18,x23	 x18:0x00000000 x23:0xffffffff  x6=0xffffffff
      559662000	     27881	8000b39c	5eb24313	xori	x6,x4,1515	  x4:0x00000000  x6=0x000005eb
      559682000	     27882	8000b3a0	3400dd73	csrrwi	x26,mscratch,1	 x26=0x0000000b
      559702000	     27883	8000b3a4	0ff0000f	fence	iorw,iorw	
      559722000	     27884	8000b3a8	02ee4763	blt	x28,x14,8000b3d6	 x28:0x0000011f x14:0x074bb38a
      560162000	     27906	8000b3d6	41040833	sub	x16,x8,x16	  x8:0x0001a000 x16:0x00000000 x16=0x0001a000
      560582000	     27927	8000b3da	01ae9193	slli	x3,x29,0x1a	 x29:0x00000000  x3=0x00000000
      560602000	     27928	8000b3de	0352	c.slli	x6,0x14	  x6:0x000005eb  x6=0x5eb00000
      561002000	     27948	8000b3e0	ce01	c.beqz	x12,8000b3f8	 x12:0xffffffff
      561022000	     27949	8000b3e2	05b24163	blt	x4,x27,8000b424	  x4:0x00000000 x27:0x00000001
      562042000	     28000	8000b424	004b0633	add	x12,x22,x4	 x22:0xfffffffc  x4:0x00000000 x12=0xfffffffc
      562882000	     28042	8000b428	00600e63	beq	x0,x6,8000b444	  x0:0x00000000  x6:0x5eb00000
      562922000	     28044	8000b42c	032dcab3	div	x21,x27,x18	 x27:0x00000001 x18:0x00000000 x21=0xffffffff
      562982000	     28047	8000b430	0000100f	fence.i	
      563742000	     28085	8000b434	81d8e693	ori	x13,x17,-2019	 x17:0x00000651 x13=0xfffffe5d
      564142000	     28105	8000b438	340c9073	csrrw	x0,mscratch,x25	 x25:0x80025ce4  x0=0x00000000
      564162000	     28106	8000b43c	34007273	csrrci	x4,mscratch,0	  x4=0x80025ce4
      565002000	     28148	8000b440	03177533	remu	x10,x14,x17	 x14:0x074bb38a x17:0x00000651 x10=0x000004da
      565022000	     28149	8000b444	0480c063	blt	x1,x8,8000b484	  x1:0x00000000  x8:0x0001a000
      565342000	     28165	8000b484	3406e873	csrrsi	x16,mscratch,13	 x16=0x80025ce4
      565362000	     28166	8000b488	93be	c.add	x7,x15	  x7:0xacc63000 x15:0x00000002  x7=0xacc63002
      565482000	     28172	8000b48a	039c6b63	bltu	x24,x25,8000b4c0	 x24:0x8749ef6e x25:0x80025ce4
      565782000	     28187	8000b48e	c0f72a13	slti	x20,x14,-1009	 x14:0x074bb38a x20=0x00000000
      565802000	     28188	8000b492	0001	c.addi	x0,0	  x0:0x00000000  x0=0x00000000
      565822000	     28189	8000b494	051f1363	bne	x30,x17,8000b4da	 x30:0xfffffc66 x17:0x00000651
      566422000	     28219	8000b4da	0ff0000f	fence	iorw,iorw	
      566642000	     28230	8000b4de	00fe35b3	sltu	x11,x28,x15	 x28:0x0000011f x15:0x00000002 x11=0x00000000
      567482000	     28272	8000b4e2	02c5e033	rem	x0,x11,x12	 x11:0x00000000 x12:0xfffffffc  x0=0x00000000
      567502000	     28273	8000b4e6	187d	c.addi	x16,-1	 x16:0x80025ce4 x16=0x80025ce3
      567522000	     28274	8000b4e8	0001	c.addi	x0,0	  x0:0x00000000  x0=0x00000000
      567542000	     28275	8000b4ea	e32eb593	sltiu	x11,x29,-462	 x29:0x00000000 x11=0x00000001
      567562000	     28276	8000b4ee	8035	c.srli	x8,0xd	  x8:0x0001a000  x8=0x0000000d
      567582000	     28277	8000b4f0	d142bb93	sltiu	x23,x5,-748	  x5:0xffffffff x23=0x00000000
      567602000	     28278	8000b4f4	01b963b3	or	x7,x18,x27	 x18:0x00000000 x27:0x00000001  x7=0x00000001
      567702000	     28283	8000b4f8	01e7a333	slt	x6,x15,x30	 x15:0x00000002 x30:0xfffffc66  x6=0x00000000
      567782000	     28287	8000b4fc	9974a917	auipc	x18,0x9974a	 x18=0x197554fc
      567802000	     28288	8000b500	630e0b93	addi	x23,x28,1584	 x28:0x0000011f x23=0x0000074f
      567882000	     28292	8000b504	9bce	c.add	x23,x19	 x23:0x0000074f x19:0x80021df8 x23=0x80022547
      567902000	     28293	8000b506	00d09913	slli	x18,x1,0xd	  x1:0x00000000 x18=0x00000000
      568642000	     28330	8000b50a	02847a33	remu	x20,x8,x8	  x8:0x0000000d  x8:0x0000000d x20=0x00000000
      568682000	     28332	8000b50e	036b3233	mulhu	x4,x22,x22	 x22:0xfffffffc x22:0xfffffffc  x4=0xfffffff8
      568702000	     28333	8000b512	01d9deb3	srl	x29,x19,x29	 x19:0x80021df8 x29:0x00000000 x29=0x80021df8
      568722000	     28334	8000b516	004d86b3	add	x13,x27,x4	 x27:0x00000001  x4:0xfffffff8 x13=0xfffffff9
      569462000	     28371	8000b51a	03d3f6b3	remu	x13,x7,x29	  x7:0x00000001 x29:0x80021df8 x13=0x00000001
      569482000	     28372	8000b51e	9320ca93	xori	x21,x1,-1742	  x1:0x00000000 x21=0xfffff932
      569502000	     28373	8000b522	00120663	beq	x4,x1,8000b52e	  x4:0xfffffff8  x1:0x00000000
      570242000	     28410	8000b526	0246e233	rem	x4,x13,x4	 x13:0x00000001  x4:0xfffffff8  x4=0x00000001
      570262000	     28411	8000b52a	0dea	c.slli	x27,0x1a	 x27:0x00000001 x27=0x04000000
      570282000	     28412	8000b52c	997d	c.andi	x10,-1	 x10:0x000004da x10=0x000004da
      570302000	     28413	8000b52e	02d6f363	bgeu	x13,x13,8000b554	 x13:0x00000001 x13:0x00000001
      570762000	     28436	8000b554	0ff0000f	fence	iorw,iorw	
      570802000	     28438	8000b558	02348c63	beq	x9,x3,8000b590	  x9:0x000fffff  x3:0x00000000
      571542000	     28475	8000b55c	02b44633	div	x12,x8,x11	  x8:0x0000000d x11:0x00000001 x12=0x0000000d
      571562000	     28476	8000b560	81bd	c.srli	x11,0xf	 x11:0x00000001 x11=0x00000000
      571582000	     28477	8000b562	8e11	c.sub	x12,x12	 x12:0x0000000d x12:0x0000000d x12=0x00000000
      571602000	     28478	8000b564	01d16bb3	or	x23,x2,x29	  x2:0xfffffffd x29:0x80021df8 x23=0xfffffffd
      571622000	     28479	8000b568	8f01	c.sub	x14,x8	 x14:0x074bb38a  x8:0x0000000d x14=0x074bb37d
      571642000	     28480	8000b56a	9a877393	andi	x7,x14,-1624	 x14:0x074bb37d  x7=0x074bb128
      571662000	     28481	8000b56e	0001	c.addi	x0,0	  x0:0x00000000  x0=0x00000000
      571682000	     28482	8000b570	8f95	c.sub	x15,x13	 x15:0x00000002 x13:0x00000001 x15=0x00000001
      571702000	     28483	8000b572	3409ad73	csrrs	x26,mscratch,x19	 x19:0x80021df8 x26=0x80025ced
      571722000	     28484	8000b576	613d	c.addi16sp	x2,480	  x2:0xfffffffd  x2=0x000001dd
      571902000	     28493	8000b578	714eaa13	slti	x20,x29,1812	 x29:0x80021df8 x20=0x00000001
      572342000	     28515	8000b57c	03c93433	mulhu	x8,x18,x28	 x18:0x00000000 x28:0x0000011f  x8=0x00000000
      572362000	     28516	8000b580	006dc833	xor	x16,x27,x6	 x27:0x04000000  x6:0x00000000 x16=0x04000000
      572422000	     28519	8000b584	0000100f	fence.i	
      573542000	     28575	8000b588	02dbc833	div	x16,x23,x13	 x23:0xfffffffd x13:0x00000001 x16=0xfffffffd
      573562000	     28576	8000b58c	547d	c.li	x8,-1	  x8=0xffffffff
      573582000	     28577	8000b58e	0001	c.addi	x0,0	  x0:0x00000000  x0=0x00000000
      573602000	     28578	8000b590	8745	c.srai	x14,0x11	 x14:0x074bb37d x14=0x000003a5
      573622000	     28579	8000b592	340023f3	csrrs	x7,mscratch,x0	  x0:0x00000000  x7=0x80025dfd
      573642000	     28580	8000b596	9ed4b093	sltiu	x1,x9,-1555	  x9:0x000fffff  x1=0x00000001
      573662000	     28581	8000b59a	d15bd037	lui	x0,0xd15bd	  x0=0x00000000
      573682000	     28582	8000b59e	418a0633	sub	x12,x20,x24	 x20:0x00000001 x24:0x8749ef6e x12=0x78b61093
      573802000	     28588	8000b5a2	03023eb3	mulhu	x29,x4,x16	  x4:0x00000001 x16:0xfffffffd x29=0x00000000
      574642000	     28630	8000b5a6	02c2de33	divu	x28,x5,x12	  x5:0xffffffff x12:0x78b61093 x28=0x00000002
      574662000	     28631	8000b5aa	015b1093	slli	x1,x22,0x15	 x22:0xfffffffc  x1=0xff800000
      574702000	     28633	8000b5ae	03a5a233	mulhsu	x4,x11,x26	 x11:0x00000000 x26:0x80025ced  x4=0x00000000
      574722000	     28634	8000b5b2	144c6717	auipc	x14,0x144c6	 x14=0x944d15b2
      574962000	     28646	8000b5b6	41fa5b33	sra	x22,x20,x31	 x20:0x00000001 x31:0x0000000b x22=0x00000000
      575002000	     28648	8000b5ba	01231213	slli	x4,x6,0x12	  x6:0x00000000  x4=0x00000000
      575022000	     28649	8000b5be	01bc9233	sll	x4,x25,x27	 x25:0x80025ce4 x27:0x04000000  x4=0x80025ce4
      575042000	     28650	8000b5c2	340136f3	csrrc	x13,mscratch,x2	  x2:0x000001dd x13=0x80025dfd
      575422000	     28669	8000b5c6	34002ef3	csrrs	x29,mscratch,x0	  x0:0x00000000 x29=0x80025c20
      575442000	     28670	8000b5ca	cd9d	c.beqz	x11,8000b608	 x11:0x00000000
      576582000	     28727	8000b608	8c51	c.or	x8,x12	  x8:0xffffffff x12:0x78b61093  x8=0xffffffff
      576762000	     28736	8000b60a	02071933	mulh	x18,x14,x0	 x14:0x944d15b2  x0:0x00000000 x18=0x00000000
      577162000	     28756	8000b60e	340077f3	csrrci	x15,mscratch,0	 x15=0x80025c20
      577182000	     28757	8000b612	340ed073	csrrwi	x0,mscratch,29	  x0=0x00000000
      577442000	     28770	8000b616	0454c263	blt	x9,x5,8000b65a	  x9:0x000fffff  x5:0xffffffff
      577582000	     28777	8000b61a	66911497	auipc	x9,0x66911	  x9=0xe691c61a
      578482000	     28822	8000b61e	03b3e733	rem	x14,x7,x27	  x7:0x80025dfd x27:0x04000000 x14=0xfc025dfd
      578502000	     28823	8000b622	009586b3	add	x13,x11,x9	 x11:0x00000000  x9:0xe691c61a x13=0xe691c61a
      578522000	     28824	8000b626	0026fd33	and	x26,x13,x2	 x13:0xe691c61a  x2:0x000001dd x26=0x00000018
      578542000	     28825	8000b62a	40b68bb3	sub	x23,x13,x11	 x13:0xe691c61a x11:0x00000000 x23=0xe691c61a
      578562000	     28826	8000b62e	01e17433	and	x8,x2,x30	  x2:0x000001dd x30:0xfffffc66  x8=0x00000044
      578582000	     28827	8000b632	408ad213	srai	x4,x21,0x8	 x21:0xfffff932  x4=0xfffffff9
      579342000	     28865	8000b636	0213c0b3	div	x1,x7,x1	  x7:0x80025dfd  x1:0xff800000  x1=0x000000ff
      579362000	     28866	8000b63a	0008d913	srli	x18,x17,0x0	 x17:0x00000651 x18=0x00000651
      579382000	     28867	8000b63e	8d21	c.xor	x10,x8	 x10:0x000004da  x8:0x00000044 x10=0x0000049e
      579402000	     28868	8000b640	34002d73	csrrs	x26,mscratch,x0	  x0:0x00000000 x26=0x0000001d
      579422000	     28869	8000b644	0ff0000f	fence	iorw,iorw	
      579442000	     28870	8000b648	0001	c.addi	x0,0	  x0:0x00000000  x0=0x00000000
      579462000	     28871	8000b64a	4074d033	sra	x0,x9,x7	  x9:0xe691c61a  x7:0x80025dfd  x0=0x00000000
      579682000	     28882	8000b64e	fa9fea17	auipc	x20,0xfa9fe	 x20=0x7aa0964e
      579842000	     28890	8000b652	03f79763	bne	x15,x31,8000b680	 x15:0x80025c20 x31:0x0000000b
      580762000	     28936	8000b680	45c8b517	auipc	x10,0x45c8b	 x10=0xc5c96680
      581182000	     28957	8000b684	34006273	csrrsi	x4,mscratch,0	  x4=0x0000001d
      581362000	     28966	8000b688	00fbdb33	srl	x22,x23,x15	 x23:0xe691c61a x15:0x80025c20 x22=0xe691c61a
      581562000	     28976	8000b68c	a7a56393	ori	x7,x10,-1414	 x10:0xc5c96680  x7=0xfffffefa
      581582000	     28977	8000b690	000ddd93	srli	x27,x27,0x0	 x27:0x04000000 x27=0x04000000
      581602000	     28978	8000b694	ee82a213	slti	x4,x5,-280	  x5:0xffffffff  x4=0x00000000
      581622000	     28979	8000b698	0001	c.addi	x0,0	  x0:0x00000000  x0=0x00000000
      581642000	     28980	8000b69a	71c3f293	andi	x5,x7,1820	  x7:0xfffffefa  x5=0x00000618
      581702000	     28983	8000b69e	00441813	slli	x16,x8,0x4	  x8:0x00000044 x16=0x00000440
      581722000	     28984	8000b6a2	64b1	c.lui	x9,0xc	  x9=0x0000c000
      581742000	     28985	8000b6a4	340027f3	csrrs	x15,mscratch,x0	  x0:0x00000000 x15=0x0000001d
      581762000	     28986	8000b6a8	015f9733	sll	x14,x31,x21	 x31:0x0000000b x21:0xfffff932 x14=0x002c0000
      581782000	     28987	8000b6ac	6bc9	c.lui	x23,0x12	 x23=0x00012000
      581822000	     28989	8000b6ae	030a3033	mulhu	x0,x20,x16	 x20:0x7aa0964e x16:0x00000440  x0=0x00000000
      582002000	     28998	8000b6b2	02d2a633	mulhsu	x12,x5,x13	  x5:0x00000618 x13:0xe691c61a x12=0x0000057d
      582022000	     28999	8000b6b6	039182b3	mul	x5,x3,x25	  x3:0x00000000 x25:0x80025ce4  x5=0x00000000
      582042000	     29000	8000b6ba	03631863	bne	x6,x22,8000b6ea	  x6:0x00000000 x22:0xe691c61a
      582642000	     29030	8000b6ea	34006e73	csrrsi	x28,mscratch,0	 x28=0x0000001d
      582682000	     29032	8000b6ee	03ecbe33	mulhu	x28,x25,x30	 x25:0x80025ce4 x30:0xfffffc66 x28=0x80025b16
      582702000	     29033	8000b6f2	34003973	csrrc	x18,mscratch,x0	  x0:0x00000000 x18=0x0000001d
      582942000	     29045	8000b6f6	0ff0000f	fence	iorw,iorw	
      582962000	     29046	8000b6fa	02aa9a63	bne	x21,x10,8000b72e	 x21:0xfffff932 x10:0xc5c96680
      583242000	     29060	8000b72e	016f0333	add	x6,x30,x22	 x30:0xfffffc66 x22:0xe691c61a  x6=0xe691c280
      583542000	     29075	8000b732	01b6f4b3	and	x9,x13,x27	 x13:0xe691c61a x27:0x04000000  x9=0x04000000
      583562000	     29076	8000b736	6d69	c.lui	x26,0x1a	 x26=0x0001a000
      583582000	     29077	8000b738	c3656a93	ori	x21,x10,-970	 x10:0xc5c96680 x21=0xfffffeb6
      583782000	     29087	8000b73c	833ad5b7	lui	x11,0x833ad	 x11=0x833ad000
      584082000	     29102	8000b740	8fe1	c.and	x15,x8	 x15:0x0000001d  x8:0x00000044 x15=0x00000004
      584822000	     29139	8000b742	035bf7b3	remu	x15,x23,x21	 x23:0x00012000 x21:0xfffffeb6 x15=0x00012000
      584842000	     29140	8000b746	4b952b93	slti	x23,x10,1209	 x10:0xc5c96680 x23=0x00000001
      584862000	     29141	8000b74a	01494833	xor	x16,x18,x20	 x18:0x0000001d x20:0x7aa0964e x16=0x7aa09653
      584882000	     29142	8000b74e	00341333	sll	x6,x8,x3	  x8:0x00000044  x3:0x00000000  x6=0x00000044
      584902000	     29143	8000b752	00433d33	sltu	x26,x6,x4	  x6:0x00000044  x4:0x00000000 x26=0x00000000
      584922000	     29144	8000b756	02ad0433	mul	x8,x26,x10	 x26:0x00000000 x10:0xc5c96680  x8=0x00000000
      584942000	     29145	8000b75a	0016da33	srl	x20,x13,x1	 x13:0xe691c61a  x1:0x000000ff x20=0x00000001
      585002000	     29148	8000b75e	03192233	mulhsu	x4,x18,x17	 x18:0x0000001d x17:0x00000651  x4=0x00000000
      585022000	     29149	8000b762	8952	c.mv	x18,x20	  x0:0x00000000 x20:0x00000001 x18=0x00000001
      585122000	     29154	8000b764	66b9	c.lui	x13,0xe	 x13=0x0000e000
      585542000	     29175	8000b766	00a21613	slli	x12,x4,0xa	  x4:0x00000000 x12=0x00000000
      585602000	     29178	8000b76a	9e8eae37	lui	x28,0x9e8ea	 x28=0x9e8ea000
      585622000	     29179	8000b76e	4181d313	srai	x6,x3,0x18	  x3:0x00000000  x6=0x00000000
      585782000	     29187	8000b772	03f42097	auipc	x1,0x3f42	  x1=0x83f4d772
      585802000	     29188	8000b776	0762	c.slli	x14,0x18	 x14:0x002c0000 x14=0x00000000
      585822000	     29189	8000b778	000da533	slt	x10,x27,x0	 x27:0x04000000  x0:0x00000000 x10=0x00000000
      585982000	     29197	8000b77c	00975233	srl	x4,x14,x9	 x14:0x00000000  x9:0x04000000  x4=0x00000000
      586402000	     29218	8000b780	0000100f	fence.i	
      587562000	     29276	8000b784	02451363	bne	x10,x4,8000b7aa	 x10:0x00000000  x4:0x00000000
      587602000	     29278	8000b788	8791	c.srai	x15,0x4	 x15:0x00012000 x15=0x00001200
      587622000	     29279	8000b78a	00c29e63	bne	x5,x12,8000b7a6	  x5:0x00000000 x12:0x00000000
      587642000	     29280	8000b78e	8d2d	c.xor	x10,x11	 x10:0x00000000 x11:0x833ad000 x10=0x833ad000
      588042000	     29300	8000b790	4101d3b3	sra	x7,x3,x16	  x3:0x00000000 x16:0x7aa09653  x7=0x00000000
      588422000	     29319	8000b794	65757a93	andi	x21,x10,1623	 x10:0x833ad000 x21=0x00000000
      588842000	     29340	8000b798	0026f933	and	x18,x13,x2	 x13:0x0000e000  x2:0x000001dd x18=0x00000000
      588862000	     29341	8000b79c	8d85	c.sub	x11,x9	 x11:0x833ad000  x9:0x04000000 x11=0x7f3ad000
      589762000	     29386	8000b79e	0226c833	div	x16,x13,x2	 x13:0x0000e000  x2:0x000001dd x16=0x00000078
      589782000	     29387	8000b7a2	90c4b693	sltiu	x13,x9,-1780	  x9:0x04000000 x13=0x00000001
      589802000	     29388	8000b7a6	a5837f13	andi	x30,x6,-1448	  x6:0x00000000 x30=0x00000000
      589822000	     29389	8000b7aa	850e	c.mv	x10,x3	  x0:0x00000000  x3:0x00000000 x10=0x00000000
      589842000	     29390	8000b7ac	01ded233	srl	x4,x29,x29	 x29:0x80025c20 x29:0x80025c20  x4=0x80025c20
      589862000	     29391	8000b7b0	01029863	bne	x5,x16,8000b7c0	  x5:0x00000000 x16:0x00000078
      590122000	     29404	8000b7c0	03aa5f33	divu	x30,x20,x26	 x20:0x00000001 x26:0x00000000 x30=0xffffffff
      590262000	     29411	8000b7c4	0001	c.addi	x0,0	  x0:0x00000000  x0=0x00000000
      590282000	     29412	8000b7c6	340e5c73	csrrwi	x24,mscratch,28	 x24=0x0000001d
      590302000	     29413	8000b7ca	00c8edb3	or	x27,x17,x12	 x17:0x00000651 x12:0x00000000 x27=0x00000651
      590322000	     29414	8000b7ce	8ff1	c.and	x15,x12	 x15:0x00001200 x12:0x00000000 x15=0x00000000
      590502000	     29423	8000b7d0	cd16cf13	xori	x30,x13,-815	 x13:0x00000001 x30=0xfffffcd0
      590522000	     29424	8000b7d4	5fabfd13	andi	x26,x23,1530	 x23:0x00000001 x26=0x00000000
      590642000	     29430	8000b7d8	040e	c.slli	x8,0x3	  x8:0x00000000  x8=0x00000000
      590662000	     29431	8000b7da	717d	c.addi16sp	x2,-16	  x2:0x000001dd  x2=0x000001cd
      590682000	     29432	8000b7dc	044d	c.addi	x8,19	  x8:0x00000000  x8=0x00000013
      590722000	     29434	8000b7de	003dc333	xor	x6,x27,x3	 x27:0x00000651  x3:0x00000000  x6=0x00000651
      590742000	     29435	8000b7e2	0ff0000f	fence	iorw,iorw	
      590762000	     29436	8000b7e6	34055973	csrrwi	x18,mscratch,10	 x18=0x0000001c
      591502000	     29473	8000b7ea	0210f2b3	remu	x5,x1,x1	  x1:0x83f4d772  x1:0x83f4d772  x5=0x00000000
      591522000	     29474	8000b7ee	34009df3	csrrw	x27,mscratch,x1	  x1:0x83f4d772 x27=0x0000000a
      591542000	     29475	8000b7f2	8122	c.mv	x2,x8	  x0:0x00000000  x8:0x00000013  x2=0x00000013
      591562000	     29476	8000b7f4	0c45	c.addi	x24,17	 x24:0x0000001d x24=0x0000002e
      591582000	     29477	8000b7f6	0321d163	bge	x3,x18,8000b818	  x3:0x00000000 x18:0x0000001c
      591602000	     29478	8000b7fa	187d	c.addi	x16,-1	 x16:0x00000078 x16=0x00000077
      591622000	     29479	8000b7fc	014e61b3	or	x3,x28,x20	 x28:0x9e8ea000 x20:0x00000001  x3=0x9e8ea001
      591642000	     29480	8000b800	d59b2a13	slti	x20,x22,-679	 x22:0xe691c61a x20=0x00000001
      591662000	     29481	8000b804	0e5a	c.slli	x28,0x16	 x28:0x9e8ea000 x28=0x00000000
      591782000	     29487	8000b806	ab1c0493	addi	x9,x24,-1359	 x24:0x0000002e  x9=0xfffffadf
      591822000	     29489	8000b80a	0687e113	ori	x2,x15,104	 x15:0x00000000  x2=0x00000068
      591842000	     29490	8000b80e	85b9	c.srai	x11,0xe	 x11:0x7f3ad000 x11=0x0001fceb
      592202000	     29508	8000b810	8ef5	c.and	x13,x13	 x13:0x00000001 x13:0x00000001 x13=0x00000001
      592222000	     29509	8000b812	93aa	c.add	x7,x10	  x7:0x00000000 x10:0x00000000  x7=0x00000000
      592242000	     29510	8000b814	00309663	bne	x1,x3,8000b820	  x1:0x83f4d772  x3:0x9e8ea001
      593222000	     29559	8000b820	8f6d	c.and	x14,x11	 x14:0x00000000 x11:0x0001fceb x14=0x00000000
      593382000	     29567	8000b822	01c117b3	sll	x15,x2,x28	  x2:0x00000068 x28:0x00000000 x15=0x00000068
      593802000	     29588	8000b826	029d7463	bgeu	x26,x9,8000b84e	 x26:0x00000000  x9:0xfffffadf
      593822000	     29589	8000b82a	0190d133	srl	x2,x1,x25	  x1:0x83f4d772 x25:0x80025ce4  x2=0x083f4d77
      593882000	     29592	8000b82e	03a1c763	blt	x3,x26,8000b85c	  x3:0x9e8ea001 x26:0x00000000
      594522000	     29624	8000b85c	40e803b3	sub	x7,x16,x14	 x16:0x00000077 x14:0x00000000  x7=0x00000077
      594682000	     29632	8000b860	00f89b33	sll	x22,x17,x15	 x17:0x00000651 x15:0x00000068 x22=0x00065100
      594722000	     29634	8000b864	0281b233	mulhu	x4,x3,x8	  x3:0x9e8ea001  x8:0x00000013  x4=0x0000000b
      595122000	     29654	8000b868	34002273	csrrs	x4,mscratch,x0	  x0:0x00000000  x4=0x83f4d772
      595542000	     29675	8000b86c	552d3f13	sltiu	x30,x26,1362	 x26:0x00000000 x30=0x00000001
      595562000	     29676	8000b870	0001	c.addi	x0,0	  x0:0x00000000  x0=0x00000000
      596442000	     29720	8000b872	02fe47b3	div	x15,x28,x15	 x28:0x00000000 x15:0x00000068 x15=0x00000000
      596462000	     29721	8000b876	1cdaa813	slti	x16,x21,461	 x21:0x00000000 x16=0x00000001
      596482000	     29722	8000b87a	0001	c.addi	x0,0	  x0:0x00000000  x0=0x00000000
      596502000	     29723	8000b87c	8d95	c.sub	x11,x13	 x11:0x0001fceb x13:0x00000001 x11=0x0001fcea
      596522000	     29724	8000b87e	1f00	c.addi4spn	x8,x2,944	  x8=0x083f5127
      596542000	     29725	8000b880	0001	c.addi	x0,0	  x0:0x00000000  x0=0x00000000
      596562000	     29726	8000b882	0000100f	fence.i	
      597162000	     29756	8000b886	8d95	c.sub	x11,x13	 x11:0x0001fcea x13:0x00000001 x11=0x0001fce9
      597182000	     29757	8000b888	05ef0063	beq	x30,x30,8000b8c8	 x30:0x00000001 x30:0x00000001
      597402000	     29768	8000b8c8	17291897	auipc	x17,0x17291	 x17=0x9729c8c8
      597422000	     29769	8000b8cc	0001	c.addi	x0,0	  x0:0x00000000  x0=0x00000000
      597442000	     29770	8000b8ce	66bd	c.lui	x13,0xf	 x13=0x0000f000
      597702000	     29783	8000b8d0	41f4d193	srai	x3,x9,0x1f	  x9:0xfffffadf  x3=0xffffffff
      597882000	     29792	8000b8d4	02f7b6b3	mulhu	x13,x15,x15	 x15:0x00000000 x15:0x00000000 x13=0x00000000
      597902000	     29793	8000b8d8	02d11463	bne	x2,x13,8000b900	  x2:0x083f4d77 x13:0x00000000
      598502000	     29823	8000b900	8c19	c.sub	x8,x14	  x8:0x083f5127 x14:0x00000000  x8=0x083f5127
      598522000	     29824	8000b902	411486b3	sub	x13,x9,x17	  x9:0xfffffadf x17:0x9729c8c8 x13=0x68d63217
      598542000	     29825	8000b906	390e1c17	auipc	x24,0x390e1	 x24=0xb90ec906
      598562000	     29826	8000b90a	34026c73	csrrsi	x24,mscratch,4	 x24=0x83f4d772
      598982000	     29847	8000b90e	00721563	bne	x4,x7,8000b918	  x4:0x83f4d772  x7:0x00000077
      599182000	     29857	8000b918	8e45	c.or	x12,x9	 x12:0x00000000  x9:0xfffffadf x12=0xfffffadf
      599282000	     29862	8000b91a	053ff563	bgeu	x31,x19,8000b964	 x31:0x0000000b x19:0x80021df8
      599502000	     29873	8000b91e	9ad6dab7	lui	x21,0x9ad6d	 x21=0x9ad6d000
      599942000	     29895	8000b922	1b6f3293	sltiu	x5,x30,438	 x30:0x00000001  x5=0x00000001
      599982000	     29897	8000b926	0000100f	fence.i	
      600642000	     29930	8000b92a	011867b3	or	x15,x16,x17	 x16:0x00000001 x17:0x9729c8c8 x15=0x9729c8c9
      600662000	     29931	8000b92e	8d01	c.sub	x10,x8	 x10:0x00000000  x8:0x083f5127 x10=0xf7c0aed9
      600682000	     29932	8000b930	40060b33	sub	x22,x12,x0	 x12:0xfffffadf  x0:0x00000000 x22=0xfffffadf
      600702000	     29933	8000b934	ef11	c.bnez	x14,8000b950	 x14:0x00000000
      600722000	     29934	8000b936	0073a5b3	slt	x11,x7,x7	  x7:0x00000077  x7:0x00000077 x11=0x00000000
      600742000	     29935	8000b93a	8e4d	c.or	x12,x11	 x12:0xfffffadf x11:0x00000000 x12=0xfffffadf
      600762000	     29936	8000b93c	00ac27b3	slt	x15,x24,x10	 x24:0x83f4d772 x10:0xf7c0aed9 x15=0x00000001
      600902000	     29943	8000b940	340927f3	csrrs	x15,mscratch,x18	 x18:0x0000001c x15=0x83f4d776
      601642000	     29980	8000b944	022a6533	rem	x10,x20,x2	 x20:0x00000001  x2:0x083f4d77 x10=0x00000001
      601662000	     29981	8000b948	310db913	sltiu	x18,x27,784	 x27:0x0000000a x18=0x00000001
      601682000	     29982	8000b94c	0151de63	bge	x3,x21,8000b968	  x3:0xffffffff x21:0x9ad6d000
      601762000	     29986	8000b968	03f67c63	bgeu	x12,x31,8000b9a0	 x12:0xfffffadf x31:0x0000000b
      602602000	     30028	8000b9a0	8f75	c.and	x14,x13	 x14:0x00000000 x13:0x68d63217 x14=0x00000000
      602622000	     30029	8000b9a2	6a35	c.lui	x20,0xd	 x20=0x0000d000
      602642000	     30030	8000b9a4	0156e263	bltu	x13,x21,8000b9a8	 x13:0x68d63217 x21:0x9ad6d000
      603342000	     30065	8000b9a8	0079d033	srl	x0,x19,x7	 x19:0x80021df8  x7:0x00000077  x0=0x00000000
      603382000	     30067	8000b9ac	03423c33	mulhu	x24,x4,x20	  x4:0x83f4d772 x20:0x0000d000 x24=0x00006b36
      603402000	     30068	8000b9b0	8f2d	c.xor	x14,x11	 x14:0x00000000 x11:0x00000000 x14=0x00000000
      603522000	     30074	8000b9b2	340ca573	csrrs	x10,mscratch,x25	 x25:0x80025ce4 x10=0x83f4d77e
      603662000	     30081	8000b9b6	2d93fa13	andi	x20,x7,729	  x7:0x00000077 x20=0x00000051
      603802000	     30088	8000b9ba	41178233	sub	x4,x15,x17	 x15:0x83f4d776 x17:0x9729c8c8  x4=0xeccb0eae
      603862000	     30091	8000b9be	0100b133	sltu	x2,x1,x16	  x1:0x83f4d772 x16:0x00000001  x2=0x00000000
      603882000	     30092	8000b9c2	05fac163	blt	x21,x31,8000ba04	 x21:0x9ad6d000 x31:0x0000000b
      604562000	     30126	8000ba04	02df7d63	bgeu	x30,x13,8000ba3e	 x30:0x00000001 x13:0x68d63217
      604582000	     30127	8000ba08	0000100f	fence.i	
      604662000	     30131	8000ba0c	0c21	c.addi	x24,8	 x24:0x00006b36 x24=0x00006b3e
      604682000	     30132	8000ba0e	0f08	c.addi4spn	x10,x2,912	 x10=0x00000390
      604702000	     30133	8000ba10	0143f133	and	x2,x7,x20	  x7:0x00000077 x20:0x00000051  x2=0x00000051
      604782000	     30137	8000ba14	6151	c.addi16sp	x2,272	  x2:0x00000051  x2=0x00000161
      605022000	     30149	8000ba16	036b5e63	bge	x22,x22,8000ba52	 x22:0xfffffadf x22:0xfffffadf
      606062000	     30201	8000ba52	071a	c.slli	x14,0x6	 x14:0x00000000 x14=0x00000000
      606082000	     30202	8000ba54	547d	c.li	x8,-1	  x8=0xffffffff
      606102000	     30203	8000ba56	00638563	beq	x7,x6,8000ba60	  x7:0x00000077  x6:0x00000651
      606122000	     30204	8000ba5a	50fd	c.li	x1,-1	  x1=0xffffffff
      606142000	     30205	8000ba5c	3060c593	xori	x11,x1,774	  x1:0xffffffff x11=0xfffffcf9
      606162000	     30206	8000ba60	34006473	csrrsi	x8,mscratch,0	  x8=0x83f6dffe
      606182000	     30207	8000ba64	37997893	andi	x17,x18,889	 x18:0x00000001 x17=0x00000001
      606342000	     30215	8000ba68	8cb5	c.xor	x9,x13	  x9:0xfffffadf x13:0x68d63217  x9=0x9729c8c8
      607082000	     30252	8000ba6a	0350ee33	rem	x28,x1,x21	  x1:0xffffffff x21:0x9ad6d000 x28=0xffffffff
      607102000	     30253	8000ba6e	34031473	csrrw	x8,mscratch,x6	  x6:0x00000651  x8=0x83f6dffe
      607122000	     30254	8000ba72	340ea473	csrrs	x8,mscratch,x29	 x29:0x80025c20  x8=0x00000651
      607142000	     30255	8000ba76	81bd	c.srli	x11,0xf	 x11:0xfffffcf9 x11=0x0001ffff
      607162000	     30256	8000ba78	8e31	c.xor	x12,x12	 x12:0xfffffadf x12:0xfffffadf x12=0x00000000
      607182000	     30257	8000ba7a	031b0233	mul	x4,x22,x17	 x22:0xfffffadf x17:0x00000001  x4=0xfffffadf
      607202000	     30258	8000ba7e	0000100f	fence.i	
      607622000	     30279	8000ba82	01a89c63	bne	x17,x26,8000ba9a	 x17:0x00000001 x26:0x00000000
      608262000	     30311	8000ba9a	018127b3	slt	x15,x2,x24	  x2:0x00000161 x24:0x00006b3e x15=0x00000001
      608282000	     30312	8000ba9e	414f0d33	sub	x26,x30,x20	 x30:0x00000001 x20:0x00000051 x26=0xffffffb0
      608302000	     30313	8000baa2	8c59	c.or	x8,x14	  x8:0x00000651 x14:0x00000000  x8=0x00000651
      608702000	     30333	8000baa4	031527b3	mulhsu	x15,x10,x17	 x10:0x00000390 x17:0x00000001 x15=0x00000000
      608722000	     30334	8000baa8	46ec6593	ori	x11,x24,1134	 x24:0x00006b3e x11=0x00006f7e
      609002000	     30348	8000baac	02cc57b3	divu	x15,x24,x12	 x24:0x00006b3e x12:0x00000000 x15=0xffffffff
      609042000	     30350	8000bab0	03a0ee63	bltu	x1,x26,8000baec	  x1:0xffffffff x26:0xffffffb0
      609062000	     30351	8000bab4	018cf863	bgeu	x25,x24,8000bac4	 x25:0x80025ce4 x24:0x00006b3e
      609962000	     30396	8000bac4	035dec33	rem	x24,x27,x21	 x27:0x0000000a x21:0x9ad6d000 x24=0x0000000a
      610702000	     30433	8000bac8	02bc43b3	div	x7,x24,x11	 x24:0x0000000a x11:0x00006f7e  x7=0x00000000
      610722000	     30434	8000bacc	00cbe133	or	x2,x23,x12	 x23:0x00000001 x12:0x00000000  x2=0x00000001
      610742000	     30435	8000bad0	717d	c.addi16sp	x2,-16	  x2:0x00000001  x2=0xfffffff1
      610762000	     30436	8000bad2	af1ebb93	sltiu	x23,x29,-1295	 x29:0x80025c20 x23=0x00000001
      610782000	     30437	8000bad6	000bfeb3	and	x29,x23,x0	 x23:0x00000001  x0:0x00000000 x29=0x00000000
      610802000	     30438	8000bada	00b571b3	and	x3,x10,x11	 x10:0x00000390 x11:0x00006f7e  x3=0x00000310
      610822000	     30439	8000bade	8ce9	c.and	x9,x10	  x9:0x9729c8c8 x10:0x00000390  x9=0x00000080
      610842000	     30440	8000bae0	01011863	bne	x2,x16,8000baf0	  x2:0xfffffff1 x16:0x00000001
      610882000	     30442	8000baf0	5e7d	c.li	x28,-1	 x28=0xffffffff
      610902000	     30443	8000baf2	0001	c.addi	x0,0	  x0:0x00000000  x0=0x00000000
      611682000	     30482	8000baf4	0222f3b3	remu	x7,x5,x2	  x5:0x00000001  x2:0xfffffff1  x7=0x00000001
      611702000	     30483	8000baf8	01449a13	slli	x20,x9,0x14	  x9:0x00000080 x20=0x08000000
      611742000	     30485	8000bafc	02c9c8b3	div	x17,x19,x12	 x19:0x80021df8 x12:0x00000000 x17=0xffffffff
      611762000	     30486	8000bb00	8929	c.andi	x10,10	 x10:0x00000390 x10=0x00000000
      611782000	     30487	8000bb02	00f19113	slli	x2,x3,0xf	  x3:0x00000310  x2=0x01880000
      611802000	     30488	8000bb06	02019063	bne	x3,x0,8000bb26	  x3:0x00000310  x0:0x00000000
      613022000	     30549	8000bb26	02834133	div	x2,x6,x8	  x6:0x00000651  x8:0x00000651  x2=0x00000001
      613042000	     30550	8000bb2a	8dc9	c.or	x11,x10	 x11:0x00006f7e x10:0x00000000 x11=0x00006f7e
      613062000	     30551	8000bb2c	8c49	c.or	x8,x10	  x8:0x00000651 x10:0x00000000  x8=0x00000651
      613122000	     30554	8000bb2e	0049a603	lw	x12,4(x19)	 x19:0x80021df8 x12=0x8000391e PA:0x80021dfc load:0x8000391e
      613142000	     30555	8000bb32	09f1	c.addi	x19,28	 x19:0x80021df8 x19=0x80021e14
      613162000	     30556	8000bb34	0386	c.slli	x7,0x1	  x7:0x00000001  x7=0x00000002
      613182000	     30557	8000bb36	00160513	addi	x10,x12,1	 x12:0x8000391e x10=0x8000391f
      613202000	     30558	8000bb3a	8502	c.jr	x10	 x10:0x8000391f
      614002000	     30598	8000391e	3403d973	csrrwi	x18,mscratch,7	 x18=0x80025e71
      614142000	     30605	80003922	340aec73	csrrsi	x24,mscratch,21	 x24=0x00000007
      614162000	     30606	80003926	004f5313	srli	x6,x30,0x4	 x30:0x00000001  x6=0x00000000
      614182000	     30607	8000392a	ea81	c.bnez	x13,8000393a	 x13:0x68d63217
      614382000	     30617	8000393a	0001	c.addi	x0,0	  x0:0x00000000  x0=0x00000000
      614442000	     30620	8000393c	83e1	c.srli	x15,0x18	 x15:0xffffffff x15=0x000000ff
      614662000	     30631	8000393e	02213433	mulhu	x8,x2,x2	  x2:0x00000001  x2:0x00000001  x8=0x00000000
      614682000	     30632	80003942	6dad	c.lui	x27,0xb	 x27=0x0000b000
      614702000	     30633	80003944	01c17263	bgeu	x2,x28,80003948	  x2:0x00000001 x28:0xffffffff
      614822000	     30639	80003948	34002473	csrrs	x8,mscratch,x0	  x0:0x00000000  x8=0x00000017
      615242000	     30660	8000394c	340567f3	csrrsi	x15,mscratch,10	 x15=0x00000017
      615662000	     30681	80003950	0116d4b3	srl	x9,x13,x17	 x13:0x68d63217 x17:0xffffffff  x9=0x00000000
      615722000	     30684	80003954	408e0eb3	sub	x29,x28,x8	 x28:0xffffffff  x8:0x00000017 x29=0xffffffe8
      615782000	     30687	80003958	8ec1	c.or	x13,x8	 x13:0x68d63217  x8:0x00000017 x13=0x68d63217
      615802000	     30688	8000395a	4855	c.li	x16,21	 x16=0x00000015
      615822000	     30689	8000395c	8fa1	c.xor	x15,x8	 x15:0x00000017  x8:0x00000017 x15=0x00000000
      615902000	     30693	8000395e	340076f3	csrrci	x13,mscratch,0	 x13=0x0000001f
      616182000	     30707	80003962	00d19893	slli	x17,x3,0xd	  x3:0x00000310 x17=0x00620000
      616402000	     30718	80003966	0049a603	lw	x12,4(x19)	 x19:0x80021e14 x12=0x80003860 PA:0x80021e18 load:0x80003860
      629882000	     31392	8000396a	34049373	csrrw	x6,mscratch,x9	  x9:0x00000000  x6=0x0000001f
      629902000	     31393	8000396e	987d	c.andi	x8,-1	  x8:0x00000017  x8=0x00000017
      629922000	     31394	80003970	02498993	addi	x19,x19,36	 x19:0x80021e14 x19=0x80021e38
      630662000	     31431	80003974	03f45433	divu	x8,x8,x31	  x8:0x00000017 x31:0x0000000b  x8=0x00000002
      630682000	     31432	80003978	00060213	addi	x4,x12,0	 x12:0x80003860  x4=0x80003860
      630702000	     31433	8000397c	00020267	jalr	x4,0(x4)	  x4:0x80003860  x4=0x80003980
      631122000	     31454	80003860	65eb0813	addi	x16,x22,1630	 x22:0xfffffadf x16=0x0000013d
      631142000	     31455	80003864	026983b3	mul	x7,x19,x6	 x19:0x80021e38  x6:0x0000001f  x7=0x8041a8c8
      631162000	     31456	80003868	748c6593	ori	x11,x24,1864	 x24:0x00000007 x11=0x0000074f
      631182000	     31457	8000386c	0ff0000f	fence	iorw,iorw	
      631222000	     31459	80003870	34007ef3	csrrci	x29,mscratch,0	 x29=0x00000000
      631262000	     31461	80003874	033d1733	mulh	x14,x26,x19	 x26:0xffffffb0 x19:0x80021e38 x14=0x00000027
      631342000	     31465	80003878	881a	c.mv	x16,x6	  x0:0x00000000  x6:0x0000001f x16=0x0000001f
      631362000	     31466	8000387a	83f5	c.srli	x15,0x1d	 x15:0x00000000 x15=0x00000000
      631762000	     31486	8000387c	019f0d63	beq	x30,x25,80003896	 x30:0x00000001 x25:0x80025ce4
      632182000	     31507	80003880	006dcdb3	xor	x27,x27,x6	 x27:0x0000b000  x6:0x0000001f x27=0x0000b01f
      632202000	     31508	80003884	008512b3	sll	x5,x10,x8	 x10:0x8000391f  x8:0x00000002  x5=0x0000e47c
      632242000	     31510	80003888	6269	c.lui	x4,0x1a	  x4=0x0001a000
      632522000	     31524	8000388a	003605b3	add	x11,x12,x3	 x12:0x80003860  x3:0x00000310 x11=0x80003b70
      632542000	     31525	8000388e	8cd5	c.or	x9,x13	  x9:0x00000000 x13:0x0000001f  x9=0x0000001f
      632562000	     31526	80003890	4089	c.li	x1,2	  x1=0x00000002
      632582000	     31527	80003892	0008f763	bgeu	x17,x0,800038a0	 x17:0x00620000  x0:0x00000000
      632762000	     31536	800038a0	02260933	mul	x18,x12,x2	 x12:0x80003860  x2:0x00000001 x18=0x80003860
      632922000	     31544	800038a4	8c05	c.sub	x8,x9	  x8:0x00000002  x9:0x0000001f  x8=0xffffffe3
      632942000	     31545	800038a6	34007173	csrrci	x2,mscratch,0	  x2=0x00000000
      632962000	     31546	800038aa	1a7d	c.addi	x20,-1	 x20:0x08000000 x20=0x07ffffff
      633062000	     31551	800038ac	00fcd293	srli	x5,x25,0xf	 x25:0x80025ce4  x5=0x00010004
      633102000	     31553	800038b0	03731f33	mulh	x30,x6,x23	  x6:0x0000001f x23:0x00000001 x30=0x00000000
      633122000	     31554	800038b4	026d8433	mul	x8,x27,x6	 x27:0x0000b01f  x6:0x0000001f  x8=0x001553c1
      633142000	     31555	800038b8	0031b033	sltu	x0,x3,x3	  x3:0x00000310  x3:0x00000310  x0=0x00000000
      633242000	     31560	800038bc	01d0e463	bltu	x1,x29,800038c4	  x1:0x00000002 x29:0x00000000
      633362000	     31566	800038c0	02006d33	rem	x26,x0,x0	  x0:0x00000000  x0:0x00000000 x26=0x00000000
      633382000	     31567	800038c4	018f4863	blt	x30,x24,800038d4	 x30:0x00000000 x24:0x00000007
      634162000	     31606	800038d4	42a041b7	lui	x3,0x42a04	  x3=0x42a04000
      634622000	     31629	800038d8	00a28133	add	x2,x5,x10	  x5:0x00010004 x10:0x8000391f  x2=0x80013923
      634742000	     31635	800038dc	0049a603	lw	x12,4(x19)	 x19:0x80021e38 x12=0x8000364a PA:0x80021e3c load:0x8000364a
      634762000	     31636	800038e0	02c98993	addi	x19,x19,44	 x19:0x80021e38 x19=0x80021e64
      635082000	     31652	800038e4	0ff0000f	fence	iorw,iorw	
      635102000	     31653	800038e8	8ed1	c.or	x13,x12	 x13:0x0000001f x12:0x8000364a x13=0x8000365f
      635122000	     31654	800038ea	00160893	addi	x17,x12,1	 x12:0x8000364a x17=0x8000364b
      635142000	     31655	800038ee	8882	c.jr	x17	 x17:0x8000364b
      635742000	     31685	8000364a	5c7d	c.li	x24,-1	 x24=0xffffffff
      636162000	     31706	8000364c	02ce1963	bne	x28,x12,8000367e	 x28:0xffffffff x12:0x8000364a
      637022000	     31749	8000367e	038891b3	mulh	x3,x17,x24	 x17:0x8000364b x24:0xffffffff  x3=0x00000000
      637762000	     31786	80003682	021b4433	div	x8,x22,x1	 x22:0xfffffadf  x1:0x00000002  x8=0xfffffd70
      637782000	     31787	80003686	41075513	srai	x10,x14,0x10	 x14:0x00000027 x10=0x00000000
      637822000	     31789	8000368a	03e312b3	mulh	x5,x6,x30	  x6:0x0000001f x30:0x00000000  x5=0x00000000
      637842000	     31790	8000368e	00171b13	slli	x22,x14,0x1	 x14:0x00000027 x22=0x0000004e
      637862000	     31791	80003692	03460433	mul	x8,x12,x20	 x12:0x8000364a x20:0x07ffffff  x8=0xcfffc9b6
      637882000	     31792	80003696	8e79	c.and	x12,x14	 x12:0x8000364a x14:0x00000027 x12=0x00000002
      637902000	     31793	80003698	00f900b3	add	x1,x18,x15	 x18:0x80003860 x15:0x00000000  x1=0x80003860
      637922000	     31794	8000369c	3405eb73	csrrsi	x22,mscratch,11	 x22=0x00000000
      637942000	     31795	800036a0	01bee263	bltu	x29,x27,800036a4	 x29:0x00000000 x27:0x0000b01f
      638062000	     31801	800036a4	00658f33	add	x30,x11,x6	 x11:0x80003b70  x6:0x0000001f x30=0x80003b8f
      638542000	     31825	800036a8	ffffdf97	auipc	x31,0xffffd	 x31=0x800006a8
      638562000	     31826	800036ac	cccf8f93	addi	x31,x31,-820	 x31:0x800006a8 x31=0x80000374
      638682000	     31832	800036b0	000f8067	jalr	x0,0(x31)	 x31:0x80000374  x0=0x00000000
      639562000	     31876	80000374	900007b7	lui	x15,0x90000	 x15=0x90000000
      639622000	     31879	80000378	17e1	c.addi	x15,-8	 x15:0x90000000 x15=0x8ffffff8
      639642000	     31880	8000037a	4e81	c.li	x29,0	 x29=0x00000000
      640042000	     31900	8000037c	0ea2	c.slli	x29,0x8	 x29:0x00000000 x29=0x00000000
      640062000	     31901	8000037e	0e85	c.addi	x29,1	 x29:0x00000000 x29=0x00000001
      640502000	     31923	80000380	01d7a023	sw	x29,0(x15)	 x15:0x8ffffff8 x29:0x00000001 PA:0x8ffffff8 store:0x00000001 load:0xffffffff
      679822000	     33889	80000384	00000073	ecall	
      680322000	     33914	80002700	0800006f	jal	x0,80002780	  x0=0x00000000
      681422000	     33969	80002780	1cf1	c.addi	x25,-4	 x25:0x80025ce4 x25=0x80025ce0
      681482000	     33972	80002782	013ca023	sw	x19,0(x25)	 x25:0x80025ce0 x19:0x80021e64 PA:0x80025ce0 store:0x80021e64 load:0xffffffff
      681862000	     33991	80002786	000c89b3	add	x19,x25,x0	 x25:0x80025ce0  x0:0x00000000 x19=0x80025ce0
      682282000	     34012	8000278a	f8098993	addi	x19,x19,-128	 x19:0x80025ce0 x19=0x80025c60
      682402000	     34018	8000278e	0019a223	sw	x1,4(x19)	 x19:0x80025c60  x1:0x80003860 PA:0x80025c64 store:0x80003860 load:0xffffffff
      682942000	     34045	80002792	0029a423	sw	x2,8(x19)	 x19:0x80025c60  x2:0x80013923 PA:0x80025c68 store:0x80013923 load:0xffffffff
      683002000	     34048	80002796	0039a623	sw	x3,12(x19)	 x19:0x80025c60  x3:0x00000000 PA:0x80025c6c store:0x00000000 load:0xffffffff
      683022000	     34049	8000279a	0049a823	sw	x4,16(x19)	 x19:0x80025c60  x4:0x0001a000 PA:0x80025c70 store:0x0001a000 load:0xffffffff
      683442000	     34070	8000279e	0059aa23	sw	x5,20(x19)	 x19:0x80025c60  x5:0x00000000 PA:0x80025c74 store:0x00000000 load:0xffffffff
      683502000	     34073	800027a2	0069ac23	sw	x6,24(x19)	 x19:0x80025c60  x6:0x0000001f PA:0x80025c78 store:0x0000001f load:0xffffffff
      683922000	     34094	800027a6	0079ae23	sw	x7,28(x19)	 x19:0x80025c60  x7:0x8041a8c8 PA:0x80025c7c store:0x8041a8c8 load:0xffffffff
      684382000	     34117	800027aa	0289a023	sw	x8,32(x19)	 x19:0x80025c60  x8:0xcfffc9b6 PA:0x80025c80 store:0xcfffc9b6 load:0xffffffff
      684842000	     34140	800027ae	0299a223	sw	x9,36(x19)	 x19:0x80025c60  x9:0x0000001f PA:0x80025c84 store:0x0000001f load:0xffffffff
      684922000	     34144	800027b2	02a9a423	sw	x10,40(x19)	 x19:0x80025c60 x10:0x00000000 PA:0x80025c88 store:0x00000000 load:0xffffffff
      685102000	     34153	800027b6	02b9a623	sw	x11,44(x19)	 x19:0x80025c60 x11:0x80003b70 PA:0x80025c8c store:0x80003b70 load:0xffffffff
      685162000	     34156	800027ba	02c9a823	sw	x12,48(x19)	 x19:0x80025c60 x12:0x00000002 PA:0x80025c90 store:0x00000002 load:0xffffffff
      685222000	     34159	800027be	02d9aa23	sw	x13,52(x19)	 x19:0x80025c60 x13:0x8000365f PA:0x80025c94 store:0x8000365f load:0xffffffff
      685242000	     34160	800027c2	02e9ac23	sw	x14,56(x19)	 x19:0x80025c60 x14:0x00000027 PA:0x80025c98 store:0x00000027 load:0xffffffff
      685382000	     34167	800027c6	02f9ae23	sw	x15,60(x19)	 x19:0x80025c60 x15:0x8ffffff8 PA:0x80025c9c store:0x8ffffff8 load:0xffffffff
      685562000	     34176	800027ca	0509a023	sw	x16,64(x19)	 x19:0x80025c60 x16:0x0000001f PA:0x80025ca0 store:0x0000001f load:0xffffffff
      685622000	     34179	800027ce	0519a223	sw	x17,68(x19)	 x19:0x80025c60 x17:0x8000364b PA:0x80025ca4 store:0x8000364b load:0xffffffff
      685642000	     34180	800027d2	0529a423	sw	x18,72(x19)	 x19:0x80025c60 x18:0x80003860 PA:0x80025ca8 store:0x80003860 load:0xffffffff
      685722000	     34184	800027d6	0539a623	sw	x19,76(x19)	 x19:0x80025c60 x19:0x80025c60 PA:0x80025cac store:0x80025c60 load:0xffffffff
      686062000	     34201	800027da	0549a823	sw	x20,80(x19)	 x19:0x80025c60 x20:0x07ffffff PA:0x80025cb0 store:0x07ffffff load:0xffffffff
      686122000	     34204	800027de	0559aa23	sw	x21,84(x19)	 x19:0x80025c60 x21:0x9ad6d000 PA:0x80025cb4 store:0x9ad6d000 load:0xffffffff
      686762000	     34236	800027e2	0569ac23	sw	x22,88(x19)	 x19:0x80025c60 x22:0x00000000 PA:0x80025cb8 store:0x00000000 load:0xffffffff
      687182000	     34257	800027e6	0579ae23	sw	x23,92(x19)	 x19:0x80025c60 x23:0x00000001 PA:0x80025cbc store:0x00000001 load:0xffffffff
      687442000	     34270	800027ea	0789a023	sw	x24,96(x19)	 x19:0x80025c60 x24:0xffffffff PA:0x80025cc0 store:0xffffffff load:0xffffffff
      687602000	     34278	800027ee	0799a223	sw	x25,100(x19)	 x19:0x80025c60 x25:0x80025ce0 PA:0x80025cc4 store:0x80025ce0 load:0xffffffff
      687722000	     34284	800027f2	07a9a423	sw	x26,104(x19)	 x19:0x80025c60 x26:0x00000000 PA:0x80025cc8 store:0x00000000 load:0xffffffff
      687902000	     34293	800027f6	07b9a623	sw	x27,108(x19)	 x19:0x80025c60 x27:0x0000b01f PA:0x80025ccc store:0x0000b01f load:0xffffffff
      687962000	     34296	800027fa	07c9a823	sw	x28,112(x19)	 x19:0x80025c60 x28:0xffffffff PA:0x80025cd0 store:0xffffffff load:0xffffffff
      688202000	     34308	800027fe	07d9aa23	sw	x29,116(x19)	 x19:0x80025c60 x29:0x00000001 PA:0x80025cd4 store:0x00000001 load:0xffffffff
      688282000	     34312	80002802	07e9ac23	sw	x30,120(x19)	 x19:0x80025c60 x30:0x80003b8f PA:0x80025cd8 store:0x80003b8f load:0xffffffff
      688302000	     34313	80002806	07f9ae23	sw	x31,124(x19)	 x19:0x80025c60 x31:0x80000374 PA:0x80025cdc store:0x80000374 load:0xffffffff
      688322000	     34314	8000280a	00098cb3	add	x25,x19,x0	 x19:0x80025c60  x0:0x00000000 x25=0x80025c60
      688342000	     34315	8000280e	900007b7	lui	x15,0x90000	 x15=0x90000000
      688362000	     34316	80002812	17f1	c.addi	x15,-4	 x15:0x90000000 x15=0x8ffffffc
      688382000	     34317	80002814	4ea1	c.li	x29,8	 x29=0x00000008
      688402000	     34318	80002816	0ea2	c.slli	x29,0x8	 x29:0x00000008 x29=0x00000800
      688422000	     34319	80002818	000e8e93	addi	x29,x29,0	 x29:0x00000800 x29=0x00000800
      688482000	     34322	8000281c	01d7a023	sw	x29,0(x15)	 x15:0x8ffffffc x29:0x00000800 PA:0x8ffffffc store:0x00000800 load:0xffffffff
      688502000	     34323	80002820	34102ef3	csrrs	x29,mepc,x0	  x0:0x00000000 x29=0x80000384
      688562000	     34326	80002824	34202ef3	csrrs	x29,mcause,x0	  x0:0x00000000 x29=0x0000000b
      688762000	     34336	80002828	478d	c.li	x15,3	 x15=0x00000003
      689182000	     34357	8000282a	00fe9463	bne	x29,x15,80002832	 x29:0x0000000b x15:0x00000003
      689682000	     34382	80002832	47a1	c.li	x15,8	 x15=0x00000008
      689922000	     34394	80002834	04fe8d63	beq	x29,x15,8000288e	 x29:0x0000000b x15:0x00000008
      690122000	     34404	80002838	47a5	c.li	x15,9	 x15=0x00000009
      690542000	     34425	8000283a	04fe8a63	beq	x29,x15,8000288e	 x29:0x0000000b x15:0x00000009
      690562000	     34426	8000283e	47ad	c.li	x15,11	 x15=0x0000000b
      690702000	     34433	80002840	04fe8763	beq	x29,x15,8000288e	 x29:0x0000000b x15:0x0000000b
      691902000	     34493	8000288e	900007b7	lui	x15,0x90000	 x15=0x90000000
      691922000	     34494	80002892	17f1	c.addi	x15,-4	 x15:0x90000000 x15=0x8ffffffc
      692102000	     34503	80002894	6e85	c.lui	x29,0x1	 x29=0x00001000
      692122000	     34504	80002896	b00e8e93	addi	x29,x29,-1280	 x29:0x00001000 x29=0x00000b00
      692142000	     34505	8000289a	0ea2	c.slli	x29,0x8	 x29:0x00000b00 x29=0x000b0000
      692162000	     34506	8000289c	0e8d	c.addi	x29,3	 x29:0x000b0000 x29=0x000b0003
      692222000	     34509	8000289e	01d7a023	sw	x29,0(x15)	 x15:0x8ffffffc x29:0x000b0003 PA:0x8ffffffc store:0x000b0003 load:0xffffffff
      692362000	     34516	800028a2	b0002ef3	csrrs	x29,mcycle,x0	  x0:0x00000000 x29=0x000086d1
      692662000	     34531	800028a6	01d7a023	sw	x29,0(x15)	 x15:0x8ffffffc x29:0x000086d1 PA:0x8ffffffc store:0x000086d1 load:0xffffffff
      692982000	     34547	800028aa	900007b7	lui	x15,0x90000	 x15=0x90000000
      693002000	     34548	800028ae	17f1	c.addi	x15,-4	 x15:0x90000000 x15=0x8ffffffc
      693022000	     34549	800028b0	6e85	c.lui	x29,0x1	 x29=0x00001000
      693062000	     34551	800028b2	b80e8e93	addi	x29,x29,-1152	 x29:0x00001000 x29=0x00000b80
      693082000	     34552	800028b6	0ea2	c.slli	x29,0x8	 x29:0x00000b80 x29=0x000b8000
      693482000	     34572	800028b8	0e8d	c.addi	x29,3	 x29:0x000b8000 x29=0x000b8003
      693542000	     34575	800028ba	01d7a023	sw	x29,0(x15)	 x15:0x8ffffffc x29:0x000b8003 PA:0x8ffffffc store:0x000b8003 load:0xffffffff
      693622000	     34579	800028be	b8002ef3	csrrs	x29,mcycleh,x0	  x0:0x00000000 x29=0x00000000
      693762000	     34586	800028c2	01d7a023	sw	x29,0(x15)	 x15:0x8ffffffc x29:0x00000000 PA:0x8ffffffc store:0x00000000 load:0xffffffff
      693782000	     34587	800028c6	900007b7	lui	x15,0x90000	 x15=0x90000000
      693802000	     34588	800028ca	17f1	c.addi	x15,-4	 x15:0x90000000 x15=0x8ffffffc
      693822000	     34589	800028cc	6e85	c.lui	x29,0x1	 x29=0x00001000
      693842000	     34590	800028ce	b03e8e93	addi	x29,x29,-1277	 x29:0x00001000 x29=0x00000b03
      693862000	     34591	800028d2	0ea2	c.slli	x29,0x8	 x29:0x00000b03 x29=0x000b0300
      693882000	     34592	800028d4	0e8d	c.addi	x29,3	 x29:0x000b0300 x29=0x000b0303
      694262000	     34611	800028d6	01d7a023	sw	x29,0(x15)	 x15:0x8ffffffc x29:0x000b0303 PA:0x8ffffffc store:0x000b0303 load:0xffffffff
      694382000	     34617	800028da	b0302ef3	csrrs	x29,mhpmcounter3,x0	  x0:0x00000000 x29=0x000000ee
      694562000	     34626	800028de	01d7a023	sw	x29,0(x15)	 x15:0x8ffffffc x29:0x000000ee PA:0x8ffffffc store:0x000000ee load:0xffffffff
      694582000	     34627	800028e2	900007b7	lui	x15,0x90000	 x15=0x90000000
      694602000	     34628	800028e6	17f1	c.addi	x15,-4	 x15:0x90000000 x15=0x8ffffffc
      694622000	     34629	800028e8	6e85	c.lui	x29,0x1	 x29=0x00001000
      694642000	     34630	800028ea	b83e8e93	addi	x29,x29,-1149	 x29:0x00001000 x29=0x00000b83
      694662000	     34631	800028ee	0ea2	c.slli	x29,0x8	 x29:0x00000b83 x29=0x000b8300
      694682000	     34632	800028f0	0e8d	c.addi	x29,3	 x29:0x000b8300 x29=0x000b8303
      695162000	     34656	800028f2	01d7a023	sw	x29,0(x15)	 x15:0x8ffffffc x29:0x000b8303 PA:0x8ffffffc store:0x000b8303 load:0xffffffff
      695182000	     34657	800028f6	b8302ef3	csrrs	x29,mhpmcounter3h,x0	  x0:0x00000000 x29=0x00000000
      695342000	     34665	800028fa	01d7a023	sw	x29,0(x15)	 x15:0x8ffffffc x29:0x00000000 PA:0x8ffffffc store:0x00000000 load:0xffffffff
      695722000	     34684	800028fe	900007b7	lui	x15,0x90000	 x15=0x90000000
      695742000	     34685	80002902	17f1	c.addi	x15,-4	 x15:0x90000000 x15=0x8ffffffc
      695762000	     34686	80002904	6e85	c.lui	x29,0x1	 x29=0x00001000
      695782000	     34687	80002906	b04e8e93	addi	x29,x29,-1276	 x29:0x00001000 x29=0x00000b04
      695802000	     34688	8000290a	0ea2	c.slli	x29,0x8	 x29:0x00000b04 x29=0x000b0400
      696102000	     34703	8000290c	0e8d	c.addi	x29,3	 x29:0x000b0400 x29=0x000b0403
      696762000	     34736	8000290e	01d7a023	sw	x29,0(x15)	 x15:0x8ffffffc x29:0x000b0403 PA:0x8ffffffc store:0x000b0403 load:0xffffffff
      696782000	     34737	80002912	b0402ef3	csrrs	x29,mhpmcounter4,x0	  x0:0x00000000 x29=0x00004317
      696802000	     34738	80002916	01d7a023	sw	x29,0(x15)	 x15:0x8ffffffc x29:0x00004317 PA:0x8ffffffc store:0x00004317 load:0xffffffff
      696822000	     34739	8000291a	900007b7	lui	x15,0x90000	 x15=0x90000000
      696842000	     34740	8000291e	17f1	c.addi	x15,-4	 x15:0x90000000 x15=0x8ffffffc
      696862000	     34741	80002920	6e85	c.lui	x29,0x1	 x29=0x00001000
      696882000	     34742	80002922	b84e8e93	addi	x29,x29,-1148	 x29:0x00001000 x29=0x00000b84
      696902000	     34743	80002926	0ea2	c.slli	x29,0x8	 x29:0x00000b84 x29=0x000b8400
      696922000	     34744	80002928	0e8d	c.addi	x29,3	 x29:0x000b8400 x29=0x000b8403
      697182000	     34757	8000292a	01d7a023	sw	x29,0(x15)	 x15:0x8ffffffc x29:0x000b8403 PA:0x8ffffffc store:0x000b8403 load:0xffffffff
      697202000	     34758	8000292e	b8402ef3	csrrs	x29,mhpmcounter4h,x0	  x0:0x00000000 x29=0x00000000
      697222000	     34759	80002932	01d7a023	sw	x29,0(x15)	 x15:0x8ffffffc x29:0x00000000 PA:0x8ffffffc store:0x00000000 load:0xffffffff
      697502000	     34773	80002936	900007b7	lui	x15,0x90000	 x15=0x90000000
      697522000	     34774	8000293a	17f1	c.addi	x15,-4	 x15:0x90000000 x15=0x8ffffffc
      697542000	     34775	8000293c	6e85	c.lui	x29,0x1	 x29=0x00001000
      697562000	     34776	8000293e	b05e8e93	addi	x29,x29,-1275	 x29:0x00001000 x29=0x00000b05
      697582000	     34777	80002942	0ea2	c.slli	x29,0x8	 x29:0x00000b05 x29=0x000b0500
      697962000	     34796	80002944	0e8d	c.addi	x29,3	 x29:0x000b0500 x29=0x000b0503
      698822000	     34839	80002946	01d7a023	sw	x29,0(x15)	 x15:0x8ffffffc x29:0x000b0503 PA:0x8ffffffc store:0x000b0503 load:0xffffffff
      698842000	     34840	8000294a	b0502ef3	csrrs	x29,mhpmcounter5,x0	  x0:0x00000000 x29=0x00000005
      698902000	     34843	8000294e	01d7a023	sw	x29,0(x15)	 x15:0x8ffffffc x29:0x00000005 PA:0x8ffffffc store:0x00000005 load:0xffffffff
      698922000	     34844	80002952	900007b7	lui	x15,0x90000	 x15=0x90000000
      698942000	     34845	80002956	17f1	c.addi	x15,-4	 x15:0x90000000 x15=0x8ffffffc
      699042000	     34850	80002958	6e85	c.lui	x29,0x1	 x29=0x00001000
      699122000	     34854	8000295a	b85e8e93	addi	x29,x29,-1147	 x29:0x00001000 x29=0x00000b85
      699142000	     34855	8000295e	0ea2	c.slli	x29,0x8	 x29:0x00000b85 x29=0x000b8500
      699162000	     34856	80002960	0e8d	c.addi	x29,3	 x29:0x000b8500 x29=0x000b8503
      699602000	     34878	80002962	01d7a023	sw	x29,0(x15)	 x15:0x8ffffffc x29:0x000b8503 PA:0x8ffffffc store:0x000b8503 load:0xffffffff
      699622000	     34879	80002966	b8502ef3	csrrs	x29,mhpmcounter5h,x0	  x0:0x00000000 x29=0x00000000
      700242000	     34910	8000296a	01d7a023	sw	x29,0(x15)	 x15:0x8ffffffc x29:0x00000000 PA:0x8ffffffc store:0x00000000 load:0xffffffff
      700262000	     34911	8000296e	900007b7	lui	x15,0x90000	 x15=0x90000000
      700282000	     34912	80002972	17f1	c.addi	x15,-4	 x15:0x90000000 x15=0x8ffffffc
      700302000	     34913	80002974	6e85	c.lui	x29,0x1	 x29=0x00001000
      700322000	     34914	80002976	b06e8e93	addi	x29,x29,-1274	 x29:0x00001000 x29=0x00000b06
      700342000	     34915	8000297a	0ea2	c.slli	x29,0x8	 x29:0x00000b06 x29=0x000b0600
      700362000	     34916	8000297c	0e8d	c.addi	x29,3	 x29:0x000b0600 x29=0x000b0603
      700422000	     34919	8000297e	01d7a023	sw	x29,0(x15)	 x15:0x8ffffffc x29:0x000b0603 PA:0x8ffffffc store:0x000b0603 load:0xffffffff
      700442000	     34920	80002982	b0602ef3	csrrs	x29,mhpmcounter6,x0	  x0:0x00000000 x29=0x0000003d
      700662000	     34931	80002986	01d7a023	sw	x29,0(x15)	 x15:0x8ffffffc x29:0x0000003d PA:0x8ffffffc store:0x0000003d load:0xffffffff
      700682000	     34932	8000298a	900007b7	lui	x15,0x90000	 x15=0x90000000
      700702000	     34933	8000298e	17f1	c.addi	x15,-4	 x15:0x90000000 x15=0x8ffffffc
      700722000	     34934	80002990	6e85	c.lui	x29,0x1	 x29=0x00001000
      701042000	     34950	80002992	b86e8e93	addi	x29,x29,-1146	 x29:0x00001000 x29=0x00000b86
      701062000	     34951	80002996	0ea2	c.slli	x29,0x8	 x29:0x00000b86 x29=0x000b8600
      701262000	     34961	80002998	0e8d	c.addi	x29,3	 x29:0x000b8600 x29=0x000b8603
      701482000	     34972	8000299a	01d7a023	sw	x29,0(x15)	 x15:0x8ffffffc x29:0x000b8603 PA:0x8ffffffc store:0x000b8603 load:0xffffffff
