Time	Cycle	PC	Insn	Decoded instruction	Register and memory contents
        2299000	        13	80000080	400013b7	lui	x7,0x40001	  x7=0x40001000
        2379000	        17	80000084	10638393	addi	x7,x7,262	  x7:0x40001000  x7=0x40001106
        2459000	        21	80000088	30139073	csrrw	x0,misa,x7	  x7:0x40001106  x0=0x00000000
        2519000	        24	8000008c	00026617	auipc	x12,0x26	 x12=0x8002608c
        2899000	        43	80000090	c5860613	addi	x12,x12,-936	 x12:0x8002608c x12=0x80025ce4
        2919000	        44	80000094	00002397	auipc	x7,0x2	  x7=0x80002094
        2939000	        45	80000098	66c38393	addi	x7,x7,1644	  x7:0x80002094  x7=0x80002700
        3059000	        51	8000009c	0013e393	ori	x7,x7,1	  x7:0x80002700  x7=0x80002701
        3219000	        59	800000a0	30539073	csrrw	x0,mtvec,x7	  x7:0x80002701  x0=0x00000000
        3299000	        63	800000a4	74725073	csrrwi	x0,0x747,4	  x0=0x00000000
        3539000	        75	800000a8	00003417	auipc	x8,0x3	  x8=0x800030a8
        3559000	        76	800000ac	41440413	addi	x8,x8,1044	  x8:0x800030a8  x8=0x800034bc
        3579000	        77	800000b0	4381	c.li	x7,0	  x7=0x00000000
        3599000	        78	800000b2	941e	c.add	x8,x7	  x8:0x800034bc  x7:0x00000000  x8=0x800034bc
        3739000	        85	800000b4	8009	c.srli	x8,0x2	  x8:0x800034bc  x8=0x20000d2f
        4159000	       106	800000b6	3b041073	csrrw	x0,pmpaddr0,x8	  x8:0x20000d2f  x0=0x00000000
        4379000	       117	800000ba	00003417	auipc	x8,0x3	  x8=0x800030ba
        4799000	       138	800000be	40240413	addi	x8,x8,1026	  x8:0x800030ba  x8=0x800034bc
        5099000	       153	800000c2	111113b7	lui	x7,0x11111	  x7=0x11111000
        5159000	       156	800000c6	11138393	addi	x7,x7,273	  x7:0x11111000  x7=0x11111111
        5179000	       157	800000ca	941e	c.add	x8,x7	  x8:0x800034bc  x7:0x11111111  x8=0x911145cd
        5479000	       172	800000cc	8009	c.srli	x8,0x2	  x8:0x911145cd  x8=0x24445173
        5619000	       179	800000ce	3b141073	csrrw	x0,pmpaddr1,x8	  x8:0x24445173  x0=0x00000000
        5899000	       193	800000d2	00003417	auipc	x8,0x3	  x8=0x800030d2
        5979000	       197	800000d6	3ea40413	addi	x8,x8,1002	  x8:0x800030d2  x8=0x800034bc
        5999000	       198	800000da	222223b7	lui	x7,0x22222	  x7=0x22222000
        6299000	       213	800000de	22238393	addi	x7,x7,546	  x7:0x22222000  x7=0x22222222
        6319000	       214	800000e2	941e	c.add	x8,x7	  x8:0x800034bc  x7:0x22222222  x8=0xa22256de
        6339000	       215	800000e4	8009	c.srli	x8,0x2	  x8:0xa22256de  x8=0x288895b7
        6359000	       216	800000e6	3b241073	csrrw	x0,pmpaddr2,x8	  x8:0x288895b7  x0=0x00000000
        6759000	       236	800000ea	00003417	auipc	x8,0x3	  x8=0x800030ea
        6919000	       244	800000ee	3d240413	addi	x8,x8,978	  x8:0x800030ea  x8=0x800034bc
        6979000	       247	800000f2	333333b7	lui	x7,0x33333	  x7=0x33333000
        7259000	       261	800000f6	33338393	addi	x7,x7,819	  x7:0x33333000  x7=0x33333333
        7279000	       262	800000fa	941e	c.add	x8,x7	  x8:0x800034bc  x7:0x33333333  x8=0xb33367ef
        7399000	       268	800000fc	8009	c.srli	x8,0x2	  x8:0xb33367ef  x8=0x2cccd9fb
        7419000	       269	800000fe	3b341073	csrrw	x0,pmpaddr3,x8	  x8:0x2cccd9fb  x0=0x00000000
        7479000	       272	80000102	0f0f1437	lui	x8,0xf0f1	  x8=0x0f0f1000
        7499000	       273	80000106	f0f40413	addi	x8,x8,-241	  x8:0x0f0f1000  x8=0x0f0f0f0f
        7519000	       274	8000010a	3a041073	csrrw	x0,pmpcfg0,x8	  x8:0x0f0f0f0f  x0=0x00000000
        7699000	       283	8000010e	00003417	auipc	x8,0x3	  x8=0x8000310e
        7719000	       284	80000112	3ae40413	addi	x8,x8,942	  x8:0x8000310e  x8=0x800034bc
        7739000	       285	80000116	444443b7	lui	x7,0x44444	  x7=0x44444000
        7759000	       286	8000011a	44438393	addi	x7,x7,1092	  x7:0x44444000  x7=0x44444444
        7779000	       287	8000011e	941e	c.add	x8,x7	  x8:0x800034bc  x7:0x44444444  x8=0xc4447900
        7819000	       289	80000120	8009	c.srli	x8,0x2	  x8:0xc4447900  x8=0x31111e40
        7899000	       293	80000122	3b441073	csrrw	x0,pmpaddr4,x8	  x8:0x31111e40  x0=0x00000000
        8019000	       299	80000126	00003417	auipc	x8,0x3	  x8=0x80003126
        8139000	       305	8000012a	39640413	addi	x8,x8,918	  x8:0x80003126  x8=0x800034bc
        8159000	       306	8000012e	555553b7	lui	x7,0x55555	  x7=0x55555000
        8179000	       307	80000132	55538393	addi	x7,x7,1365	  x7:0x55555000  x7=0x55555555
        8199000	       308	80000136	941e	c.add	x8,x7	  x8:0x800034bc  x7:0x55555555  x8=0xd5558a11
        8359000	       316	80000138	8009	c.srli	x8,0x2	  x8:0xd5558a11  x8=0x35556284
        8519000	       324	8000013a	3b541073	csrrw	x0,pmpaddr5,x8	  x8:0x35556284  x0=0x00000000
        8579000	       327	8000013e	00003417	auipc	x8,0x3	  x8=0x8000313e
        8819000	       339	80000142	37e40413	addi	x8,x8,894	  x8:0x8000313e  x8=0x800034bc
        9059000	       351	80000146	666663b7	lui	x7,0x66666	  x7=0x66666000
        9159000	       356	8000014a	66638393	addi	x7,x7,1638	  x7:0x66666000  x7=0x66666666
        9179000	       357	8000014e	941e	c.add	x8,x7	  x8:0x800034bc  x7:0x66666666  x8=0xe6669b22
        9199000	       358	80000150	8009	c.srli	x8,0x2	  x8:0xe6669b22  x8=0x3999a6c8
        9499000	       373	80000152	3b641073	csrrw	x0,pmpaddr6,x8	  x8:0x3999a6c8  x0=0x00000000
        9559000	       376	80000156	00003417	auipc	x8,0x3	  x8=0x80003156
        9579000	       377	8000015a	36640413	addi	x8,x8,870	  x8:0x80003156  x8=0x800034bc
        9599000	       378	8000015e	777773b7	lui	x7,0x77777	  x7=0x77777000
        9619000	       379	80000162	77738393	addi	x7,x7,1911	  x7:0x77777000  x7=0x77777777
        9639000	       380	80000166	941e	c.add	x8,x7	  x8:0x800034bc  x7:0x77777777  x8=0xf777ac33
        9679000	       382	80000168	8009	c.srli	x8,0x2	  x8:0xf777ac33  x8=0x3dddeb0c
        9939000	       395	8000016a	3b741073	csrrw	x0,pmpaddr7,x8	  x8:0x3dddeb0c  x0=0x00000000
        9999000	       398	8000016e	0f0f1437	lui	x8,0xf0f1	  x8=0x0f0f1000
       10019000	       399	80000172	f0f40413	addi	x8,x8,-241	  x8:0x0f0f1000  x8=0x0f0f0f0f
       10139000	       405	80000176	3a141073	csrrw	x0,pmpcfg1,x8	  x8:0x0f0f0f0f  x0=0x00000000
       10299000	       413	8000017a	00003417	auipc	x8,0x3	  x8=0x8000317a
       10319000	       414	8000017e	34240413	addi	x8,x8,834	  x8:0x8000317a  x8=0x800034bc
       10359000	       416	80000182	888893b7	lui	x7,0x88889	  x7=0x88889000
       10379000	       417	80000186	88838393	addi	x7,x7,-1912	  x7:0x88889000  x7=0x88888888
       10399000	       418	8000018a	941e	c.add	x8,x7	  x8:0x800034bc  x7:0x88888888  x8=0x0888bd44
       10539000	       425	8000018c	8009	c.srli	x8,0x2	  x8:0x0888bd44  x8=0x02222f51
       10759000	       436	8000018e	3b841073	csrrw	x0,pmpaddr8,x8	  x8:0x02222f51  x0=0x00000000
       10819000	       439	80000192	00003417	auipc	x8,0x3	  x8=0x80003192
       11019000	       449	80000196	32a40413	addi	x8,x8,810	  x8:0x80003192  x8=0x800034bc
       11039000	       450	8000019a	9999a3b7	lui	x7,0x9999a	  x7=0x9999a000
       11059000	       451	8000019e	99938393	addi	x7,x7,-1639	  x7:0x9999a000  x7=0x99999999
       11079000	       452	800001a2	941e	c.add	x8,x7	  x8:0x800034bc  x7:0x99999999  x8=0x1999ce55
       11199000	       458	800001a4	8009	c.srli	x8,0x2	  x8:0x1999ce55  x8=0x06667395
       11239000	       460	800001a6	3b941073	csrrw	x0,pmpaddr9,x8	  x8:0x06667395  x0=0x00000000
       11299000	       463	800001aa	00003417	auipc	x8,0x3	  x8=0x800031aa
       11659000	       481	800001ae	31240413	addi	x8,x8,786	  x8:0x800031aa  x8=0x800034bc
       11759000	       486	800001b2	aaaab3b7	lui	x7,0xaaaab	  x7=0xaaaab000
       11779000	       487	800001b6	aaa38393	addi	x7,x7,-1366	  x7:0xaaaab000  x7=0xaaaaaaaa
       11799000	       488	800001ba	941e	c.add	x8,x7	  x8:0x800034bc  x7:0xaaaaaaaa  x8=0x2aaadf66
       11819000	       489	800001bc	8009	c.srli	x8,0x2	  x8:0x2aaadf66  x8=0x0aaab7d9
       11839000	       490	800001be	3ba41073	csrrw	x0,pmpaddr10,x8	  x8:0x0aaab7d9  x0=0x00000000
       12239000	       510	800001c2	00003417	auipc	x8,0x3	  x8=0x800031c2
       12319000	       514	800001c6	2fa40413	addi	x8,x8,762	  x8:0x800031c2  x8=0x800034bc
       12479000	       522	800001ca	bbbbc3b7	lui	x7,0xbbbbc	  x7=0xbbbbc000
       12499000	       523	800001ce	bbb38393	addi	x7,x7,-1093	  x7:0xbbbbc000  x7=0xbbbbbbbb
       12519000	       524	800001d2	941e	c.add	x8,x7	  x8:0x800034bc  x7:0xbbbbbbbb  x8=0x3bbbf077
       12919000	       544	800001d4	8009	c.srli	x8,0x2	  x8:0x3bbbf077  x8=0x0eeefc1d
       12939000	       545	800001d6	3bb41073	csrrw	x0,pmpaddr11,x8	  x8:0x0eeefc1d  x0=0x00000000
       13039000	       550	800001da	0f0f1437	lui	x8,0xf0f1	  x8=0x0f0f1000
       13159000	       556	800001de	f0f40413	addi	x8,x8,-241	  x8:0x0f0f1000  x8=0x0f0f0f0f
       13179000	       557	800001e2	3a241073	csrrw	x0,pmpcfg2,x8	  x8:0x0f0f0f0f  x0=0x00000000
       13599000	       578	800001e6	00003417	auipc	x8,0x3	  x8=0x800031e6
       13659000	       581	800001ea	2d640413	addi	x8,x8,726	  x8:0x800031e6  x8=0x800034bc
       13819000	       589	800001ee	ccccd3b7	lui	x7,0xccccd	  x7=0xccccd000
       13839000	       590	800001f2	ccc38393	addi	x7,x7,-820	  x7:0xccccd000  x7=0xcccccccc
       13859000	       591	800001f6	941e	c.add	x8,x7	  x8:0x800034bc  x7:0xcccccccc  x8=0x4ccd0188
       14159000	       606	800001f8	8009	c.srli	x8,0x2	  x8:0x4ccd0188  x8=0x13334062
       14179000	       607	800001fa	3bc41073	csrrw	x0,pmpaddr12,x8	  x8:0x13334062  x0=0x00000000
       14239000	       610	800001fe	00003417	auipc	x8,0x3	  x8=0x800031fe
       14379000	       617	80000202	2be40413	addi	x8,x8,702	  x8:0x800031fe  x8=0x800034bc
       14399000	       618	80000206	dddde3b7	lui	x7,0xdddde	  x7=0xdddde000
       14419000	       619	8000020a	ddd38393	addi	x7,x7,-547	  x7:0xdddde000  x7=0xdddddddd
       14439000	       620	8000020e	941e	c.add	x8,x7	  x8:0x800034bc  x7:0xdddddddd  x8=0x5dde1299
       14559000	       626	80000210	8009	c.srli	x8,0x2	  x8:0x5dde1299  x8=0x177784a6
       14759000	       636	80000212	3bd41073	csrrw	x0,pmpaddr13,x8	  x8:0x177784a6  x0=0x00000000
       14899000	       643	80000216	00003417	auipc	x8,0x3	  x8=0x80003216
       14959000	       646	8000021a	2a640413	addi	x8,x8,678	  x8:0x80003216  x8=0x800034bc
       14979000	       647	8000021e	eeeef3b7	lui	x7,0xeeeef	  x7=0xeeeef000
       15159000	       656	80000222	eee38393	addi	x7,x7,-274	  x7:0xeeeef000  x7=0xeeeeeeee
       15179000	       657	80000226	941e	c.add	x8,x7	  x8:0x800034bc  x7:0xeeeeeeee  x8=0x6eef23aa
       15279000	       662	80000228	8009	c.srli	x8,0x2	  x8:0x6eef23aa  x8=0x1bbbc8ea
       15299000	       663	8000022a	3be41073	csrrw	x0,pmpaddr14,x8	  x8:0x1bbbc8ea  x0=0x00000000
       15359000	       666	8000022e	00003417	auipc	x8,0x3	  x8=0x8000322e
       15379000	       667	80000232	28e40413	addi	x8,x8,654	  x8:0x8000322e  x8=0x800034bc
       15559000	       676	80000236	fff00393	addi	x7,x0,-1	  x0:0x00000000  x7=0xffffffff
       15579000	       677	8000023a	941e	c.add	x8,x7	  x8:0x800034bc  x7:0xffffffff  x8=0x800034bb
       15599000	       678	8000023c	8009	c.srli	x8,0x2	  x8:0x800034bb  x8=0x20000d2e
       15999000	       698	8000023e	3bf41073	csrrw	x0,pmpaddr15,x8	  x8:0x20000d2e  x0=0x00000000
       16419000	       719	80000242	0f0f1437	lui	x8,0xf0f1	  x8=0x0f0f1000
       16439000	       720	80000246	f0f40413	addi	x8,x8,-241	  x8:0x0f0f1000  x8=0x0f0f0f0f
       16579000	       727	8000024a	3a341073	csrrw	x0,pmpcfg3,x8	  x8:0x0f0f0f0f  x0=0x00000000
       16639000	       730	8000024e	00000397	auipc	x7,0x0	  x7=0x8000024e
       17019000	       749	80000252	05838393	addi	x7,x7,88	  x7:0x8000024e  x7=0x800002a6
       17219000	       759	80000256	34139073	csrrw	x0,mepc,x7	  x7:0x800002a6  x0=0x00000000
       17319000	       764	8000025a	7c00d073	csrrwi	x0,0x7c0,1	  x0=0x00000000
       17379000	       767	8000025e	6389	c.lui	x7,0x2	  x7=0x00002000
       17399000	       768	80000260	80038393	addi	x7,x7,-2048	  x7:0x00002000  x7=0x00001800
       17419000	       769	80000264	30039073	csrrw	x0,mstatus,x7	  x7:0x00001800  x0=0x00000000
       17479000	       772	80000268	4381	c.li	x7,0	  x7=0x00000000
       17559000	       776	8000026a	30439073	csrrw	x0,mie,x7	  x7:0x00000000  x0=0x00000000
       17839000	       790	8000026e	90000cb7	lui	x25,0x90000	 x25=0x90000000
       17859000	       791	80000272	1cf1	c.addi	x25,-4	 x25:0x90000000 x25=0x8ffffffc
       17979000	       797	80000274	30000393	addi	x7,x0,768	  x0:0x00000000  x7=0x00000300
       17999000	       798	80000278	03a2	c.slli	x7,0x8	  x7:0x00000300  x7=0x00030000
       18019000	       799	8000027a	038d	c.addi	x7,3	  x7:0x00030000  x7=0x00030003
       18159000	       806	8000027c	007ca023	sw	x7,0(x25)	 x25:0x8ffffffc  x7:0x00030003 PA:0x8ffffffc store:0x00030003 load:0xffffffff
       18179000	       807	80000280	300023f3	csrrs	x7,mstatus,x0	  x0:0x00000000  x7=0x00001800
       18539000	       825	80000284	007ca023	sw	x7,0(x25)	 x25:0x8ffffffc  x7:0x00001800 PA:0x8ffffffc store:0x00001800 load:0xffffffff
       18559000	       826	80000288	90000cb7	lui	x25,0x90000	 x25=0x90000000
       18579000	       827	8000028c	1cf1	c.addi	x25,-4	 x25:0x90000000 x25=0x8ffffffc
       18599000	       828	8000028e	30400393	addi	x7,x0,772	  x0:0x00000000  x7=0x00000304
       18619000	       829	80000292	03a2	c.slli	x7,0x8	  x7:0x00000304  x7=0x00030400
       18639000	       830	80000294	038d	c.addi	x7,3	  x7:0x00030400  x7=0x00030403
       19099000	       853	80000296	007ca023	sw	x7,0(x25)	 x25:0x8ffffffc  x7:0x00030403 PA:0x8ffffffc store:0x00030403 load:0xffffffff
       19119000	       854	8000029a	304023f3	csrrs	x7,mie,x0	  x0:0x00000000  x7=0x00000000
       19179000	       857	8000029e	007ca023	sw	x7,0(x25)	 x25:0x8ffffffc  x7:0x00000000 PA:0x8ffffffc store:0x00000000 load:0xffffffff
       19199000	       858	800002a2	30200073	mret	
       19279000	       862	800002a6	80000037	lui	x0,0x80000	  x0=0x00000000
       19299000	       863	800002aa	0001	c.addi	x0,0	  x0:0x00000000  x0=0x00000000
       19319000	       864	800002ac	800000b7	lui	x1,0x80000	  x1=0x80000000
       19699000	       883	800002b0	f63cf137	lui	x2,0xf63cf	  x2=0xf63cf000
       19879000	       892	800002b4	95a10113	addi	x2,x2,-1702	  x2:0xf63cf000  x2=0xf63ce95a
       20159000	       906	800002b8	f6f701b7	lui	x3,0xf6f70	  x3=0xf6f70000
       20179000	       907	800002bc	b9218193	addi	x3,x3,-1134	  x3:0xf6f70000  x3=0xf6f6fb92
       20199000	       908	800002c0	fcbe8237	lui	x4,0xfcbe8	  x4=0xfcbe8000
       20299000	       913	800002c4	87520213	addi	x4,x4,-1931	  x4:0xfcbe8000  x4=0xfcbe7875
       20319000	       914	800002c8	f13802b7	lui	x5,0xf1380	  x5=0xf1380000
       20339000	       915	800002cc	92928293	addi	x5,x5,-1751	  x5:0xf1380000  x5=0xf137f929
       20359000	       916	800002d0	4311	c.li	x6,4	  x6=0x00000004
       20379000	       917	800002d2	4399	c.li	x7,6	  x7=0x00000006
       20399000	       918	800002d4	80000437	lui	x8,0x80000	  x8=0x80000000
       20439000	       920	800002d8	4481	c.li	x9,0	  x9=0x00000000
       20879000	       942	800002da	80000537	lui	x10,0x80000	 x10=0x80000000
       20899000	       943	800002de	800005b7	lui	x11,0x80000	 x11=0x80000000
       20919000	       944	800002e2	4681	c.li	x13,0	 x13=0x00000000
       20979000	       947	800002e4	c5d10737	lui	x14,0xc5d10	 x14=0xc5d10000
       20999000	       948	800002e8	b9670713	addi	x14,x14,-1130	 x14:0xc5d10000 x14=0xc5d0fb96
       21019000	       949	800002ec	08f4b7b7	lui	x15,0x8f4b	 x15=0x08f4b000
       21439000	       970	800002f0	17a9	c.addi	x15,-22	 x15:0x08f4b000 x15=0x08f4afea
       21459000	       971	800002f2	4801	c.li	x16,0	 x16=0x00000000
       21479000	       972	800002f4	f2d268b7	lui	x17,0xf2d26	 x17=0xf2d26000
       21639000	       980	800002f8	99a88893	addi	x17,x17,-1638	 x17:0xf2d26000 x17=0xf2d2599a
       22059000	      1001	800002fc	f04f5937	lui	x18,0xf04f5	 x18=0xf04f5000
       22259000	      1011	80000300	51590913	addi	x18,x18,1301	 x18:0xf04f5000 x18=0xf04f5515
       22359000	      1016	80000304	4991	c.li	x19,4	 x19=0x00000004
       22539000	      1025	80000306	80000a37	lui	x20,0x80000	 x20=0x80000000
       22559000	      1026	8000030a	4a81	c.li	x21,0	 x21=0x00000000
       22579000	      1027	8000030c	f9d9fb37	lui	x22,0xf9d9f	 x22=0xf9d9f000
       22599000	      1028	80000310	3d9b0b13	addi	x22,x22,985	 x22:0xf9d9f000 x22=0xf9d9f3d9
       22659000	      1031	80000314	80000bb7	lui	x23,0x80000	 x23=0x80000000
       22699000	      1033	80000318	f0a97c37	lui	x24,0xf0a97	 x24=0xf0a97000
       22919000	      1044	8000031c	ddfc0c13	addi	x24,x24,-545	 x24:0xf0a97000 x24=0xf0a96ddf
       23299000	      1063	80000320	f4cc3cb7	lui	x25,0xf4cc3	 x25=0xf4cc3000
       23639000	      1080	80000324	bcfc8c93	addi	x25,x25,-1073	 x25:0xf4cc3000 x25=0xf4cc2bcf
       23659000	      1081	80000328	4d01	c.li	x26,0	 x26=0x00000000
       23699000	      1083	8000032a	f8832db7	lui	x27,0xf8832	 x27=0xf8832000
       23879000	      1092	8000032e	ce3d8d93	addi	x27,x27,-797	 x27:0xf8832000 x27=0xf8831ce3
       23899000	      1093	80000332	4e81	c.li	x29,0	 x29=0x00000000
       24299000	      1113	80000334	fc6dbf37	lui	x30,0xfc6db	 x30=0xfc6db000
       24499000	      1123	80000338	9b3f0f13	addi	x30,x30,-1613	 x30:0xfc6db000 x30=0xfc6da9b3
       24519000	      1124	8000033c	80000fb7	lui	x31,0x80000	 x31=0x80000000
       24719000	      1134	80000340	00022e17	auipc	x28,0x22	 x28=0x80022340
       24919000	      1144	80000344	b24e0e13	addi	x28,x28,-1244	 x28:0x80022340 x28=0x80021e64
       25339000	      1165	80000348	90000cb7	lui	x25,0x90000	 x25=0x90000000
       25439000	      1170	8000034c	1cf1	c.addi	x25,-4	 x25:0x90000000 x25=0x8ffffffc
       25459000	      1171	8000034e	4381	c.li	x7,0	  x7=0x00000000
       25619000	      1179	80000350	03a2	c.slli	x7,0x8	  x7:0x00000000  x7=0x00000000
       25759000	      1186	80000352	00038393	addi	x7,x7,0	  x7:0x00000000  x7=0x00000000
       26419000	      1219	80000356	007ca023	sw	x7,0(x25)	 x25:0x8ffffffc  x7:0x00000000 PA:0x8ffffffc store:0x00000000 load:0xffffffff
       26599000	      1228	8000035a	1620306f	jal	x0,800034bc	  x0=0x00000000
       27099000	      1253	800034bc	b4fbbd17	auipc	x26,0xb4fbb	 x26=0x34fbe4bc
       27139000	      1255	800034c0	40cad113	srai	x2,x21,0xc	 x21:0x00000000  x2=0x00000000
       27159000	      1256	800034c4	019c6a33	or	x20,x24,x25	 x24:0xf0a96ddf x25:0x8ffffffc x20=0xffffffff
       27379000	      1267	800034c8	c585	c.beqz	x11,800034f0	 x11:0x80000000
       27419000	      1269	800034ca	024ab333	mulhu	x6,x21,x4	 x21:0x00000000  x4:0xfcbe7875  x6=0x00000000
       27439000	      1270	800034ce	428d	c.li	x5,3	  x5=0x00000003
       27459000	      1271	800034d0	177d	c.addi	x14,-1	 x14:0xc5d0fb96 x14=0xc5d0fb95
       27499000	      1273	800034d2	00719cb3	sll	x25,x3,x7	  x3:0xf6f6fb92  x7:0x00000000 x25=0xf6f6fb92
       27919000	      1294	800034d6	015ea533	slt	x10,x29,x21	 x29:0x00000000 x21:0x00000000 x10=0x00000000
       27939000	      1295	800034da	0040a733	slt	x14,x1,x4	  x1:0x80000000  x4:0xfcbe7875 x14=0x00000001
       27959000	      1296	800034de	6fb9	c.lui	x31,0xe	 x31=0x0000e000
       28359000	      1316	800034e0	34026173	csrrsi	x2,mscratch,4	  x2=0x00000000
       28539000	      1325	800034e4	01581eb3	sll	x29,x16,x21	 x16:0x00000000 x21:0x00000000 x29=0x00000000
       28919000	      1344	800034e8	00626bb3	or	x23,x4,x6	  x4:0xfcbe7875  x6:0x00000000 x23=0xfcbe7875
       29019000	      1349	800034ec	0201f8b3	remu	x17,x3,x0	  x3:0xf6f6fb92  x0:0x00000000 x17=0xf6f6fb92
       29039000	      1350	800034f0	01414733	xor	x14,x2,x20	  x2:0x00000000 x20:0xffffffff x14=0xffffffff
       29059000	      1351	800034f4	02d3cf63	blt	x7,x13,80003532	  x7:0x00000000 x13:0x00000000
       29319000	      1364	800034f8	34006a73	csrrsi	x20,mscratch,0	 x20=0x00000004
       29479000	      1372	800034fc	0ff0000f	fence	iorw,iorw	
       29639000	      1380	80003500	037f7b63	bgeu	x30,x23,80003536	 x30:0xfc6da9b3 x23:0xfcbe7875
       29659000	      1381	80003504	01f2bd33	sltu	x26,x5,x31	  x5:0x00000003 x31:0x0000e000 x26=0x00000001
       29859000	      1391	80003508	20f43597	auipc	x11,0x20f43	 x11=0xa0f46508
       29879000	      1392	8000350c	41c18bb3	sub	x23,x3,x28	  x3:0xf6f6fb92 x28:0x80021e64 x23=0x76f4dd2e
       29899000	      1393	80003510	717d	c.addi16sp	x2,-16	  x2:0x00000000  x2=0xfffffff0
       29919000	      1394	80003512	40895fb3	sra	x31,x18,x8	 x18:0xf04f5515  x8:0x80000000 x31=0xf04f5515
       29939000	      1395	80003516	0000100f	fence.i	
       30239000	      1410	8000351a	b0be0d13	addi	x26,x28,-1269	 x28:0x80021e64 x26=0x8002196f
       30279000	      1412	8000351e	026379b3	remu	x19,x6,x6	  x6:0x00000000  x6:0x00000000 x19=0x00000000
       30299000	      1413	80003522	3407d6f3	csrrwi	x13,mscratch,15	 x13=0x00000004
       30459000	      1421	80003526	00129913	slli	x18,x5,0x1	  x5:0x00000003 x18=0x00000006
       30479000	      1422	8000352a	6139	c.addi16sp	x2,448	  x2:0xfffffff0  x2=0x000001b0
       30879000	      1442	8000352c	8ab6	c.mv	x21,x13	  x0:0x00000000 x13:0x00000004 x21=0x00000004
       31299000	      1463	8000352e	011660b3	or	x1,x12,x17	 x12:0x80025ce4 x17:0xf6f6fb92  x1=0xf6f6fff6
       31319000	      1464	80003532	05cce163	bltu	x25,x28,80003574	 x25:0xf6f6fb92 x28:0x80021e64
       31559000	      1476	80003536	01083cb3	sltu	x25,x16,x16	 x16:0x00000000 x16:0x00000000 x25=0x00000000
       31579000	      1477	8000353a	c111	c.beqz	x10,8000353e	 x10:0x00000000
       31979000	      1497	8000353e	0278b4b3	mulhu	x9,x17,x7	 x17:0xf6f6fb92  x7:0x00000000  x9=0x00000000
       31999000	      1498	80003542	9af2	c.add	x21,x28	 x21:0x00000004 x28:0x80021e64 x21=0x80021e68
       32039000	      1500	80003544	03d6f3b3	remu	x7,x13,x29	 x13:0x00000004 x29:0x00000000  x7=0x00000004
       32059000	      1501	80003548	24b7aa93	slti	x21,x15,587	 x15:0x08f4afea x21=0x00000000
       32119000	      1504	8000354c	cedcbd93	sltiu	x27,x25,-787	 x25:0x00000000 x27=0x00000001
       32359000	      1516	80003550	340ff2f3	csrrci	x5,mscratch,31	  x5=0x0000000f
       32759000	      1536	80003554	42b1	c.li	x5,12	  x5=0x0000000c
       32859000	      1541	80003556	054f9063	bne	x31,x20,80003596	 x31:0xf04f5515 x20:0x00000004
       34119000	      1604	80003596	00a09533	sll	x10,x1,x10	  x1:0xf6f6fff6 x10:0x00000000 x10=0xf6f6fff6
       34139000	      1605	8000359a	8f31	c.xor	x14,x12	 x14:0xffffffff x12:0x80025ce4 x14=0x7ffda31b
       34159000	      1606	8000359c	007ae663	bltu	x21,x7,800035a8	 x21:0x00000000  x7:0x00000004
       34939000	      1645	800035a8	9f9e	c.add	x31,x7	 x31:0xf04f5515  x7:0x00000004 x31=0xf04f5519
       34959000	      1646	800035aa	00f1f263	bgeu	x3,x15,800035ae	  x3:0xf6f6fb92 x15:0x08f4afea
       36059000	      1701	800035ae	340b1d73	csrrw	x26,mscratch,x22	 x22:0xf9d9f3d9 x26=0x00000000
       36079000	      1702	800035b2	415484b3	sub	x9,x9,x21	  x9:0x00000000 x21:0x00000000  x9=0x00000000
       36819000	      1739	800035b6	0218fc33	remu	x24,x17,x1	 x17:0xf6f6fb92  x1:0xf6f6fff6 x24=0xf6f6fb92
       36839000	      1740	800035ba	8396	c.mv	x7,x5	  x0:0x00000000  x5:0x0000000c  x7=0x0000000c
       36859000	      1741	800035bc	004b7a63	bgeu	x22,x4,800035d0	 x22:0xf9d9f3d9  x4:0xfcbe7875
       36879000	      1742	800035c0	e38d	c.bnez	x15,800035e2	 x15:0x08f4afea
       36959000	      1746	800035e2	0001	c.addi	x0,0	  x0:0x00000000  x0=0x00000000
       36979000	      1747	800035e4	818d	c.srli	x11,0x3	 x11:0xa0f46508 x11=0x141e8ca1
       36999000	      1748	800035e6	02628b33	mul	x22,x5,x6	  x5:0x0000000c  x6:0x00000000 x22=0x00000000
       37179000	      1757	800035ea	01dda1b3	slt	x3,x27,x29	 x27:0x00000001 x29:0x00000000  x3=0x00000000
       37239000	      1760	800035ee	02570cb3	mul	x25,x14,x5	 x14:0x7ffda31b  x5:0x0000000c x25=0xffe3a544
       37259000	      1761	800035f2	019425b3	slt	x11,x8,x25	  x8:0x80000000 x25:0xffe3a544 x11=0x00000001
       37679000	      1782	800035f6	405c0233	sub	x4,x24,x5	 x24:0xf6f6fb92  x5:0x0000000c  x4=0xf6f6fb86
       37799000	      1788	800035fa	a3db3e93	sltiu	x29,x22,-1475	 x22:0x00000000 x29=0x00000001
       37819000	      1789	800035fe	8c8d	c.sub	x9,x11	  x9:0x00000000 x11:0x00000001  x9=0xffffffff
       37839000	      1790	80003600	3409f0f3	csrrci	x1,mscratch,19	  x1=0xf9d9f3d9
       37979000	      1797	80003604	02c9a9b3	mulhsu	x19,x19,x12	 x19:0x00000000 x12:0x80025ce4 x19=0x00000000
       69099000	      3353	80003608	340d98f3	csrrw	x17,mscratch,x27	 x27:0x00000001 x17=0xf9d9f3c8
       69119000	      3354	8000360c	08f5	c.addi	x17,29	 x17:0xf9d9f3c8 x17=0xf9d9f3e5
       69139000	      3355	8000360e	00181fb3	sll	x31,x16,x1	 x16:0x00000000  x1:0xf9d9f3d9 x31=0x00000000
       69159000	      3356	80003612	177d	c.addi	x14,-1	 x14:0x7ffda31b x14=0x7ffda31a
       69179000	      3357	80003614	0001	c.addi	x0,0	  x0:0x00000000  x0=0x00000000
       69199000	      3358	80003616	340076f3	csrrci	x13,mscratch,0	 x13=0x00000001
       69219000	      3359	8000361a	6bb5	c.lui	x23,0xd	 x23=0x0000d000
       69259000	      3361	8000361c	035c5eb3	divu	x29,x24,x21	 x24:0xf6f6fb92 x21:0x00000000 x29=0xffffffff
       69279000	      3362	80003620	0a46	c.slli	x20,0x11	 x20:0x00000004 x20=0x00080000
       69299000	      3363	80003622	8f29	c.xor	x14,x10	 x14:0x7ffda31a x10:0xf6f6fff6 x14=0x890b5cec
       69459000	      3371	80003624	6231	c.lui	x4,0xc	  x4=0x0000c000
       69679000	      3382	80003626	34003df3	csrrc	x27,mscratch,x0	  x0:0x00000000 x27=0x00000001
       69699000	      3383	8000362a	00701cb3	sll	x25,x0,x7	  x0:0x00000000  x7:0x0000000c x25=0x00000000
       69719000	      3384	8000362e	02d89563	bne	x17,x13,80003658	 x17:0xf9d9f3e5 x13:0x00000001
       70299000	      3413	80003658	340bfff3	csrrci	x31,mscratch,23	 x31=0x00000001
       70419000	      3419	8000365c	830e	c.mv	x6,x3	  x0:0x00000000  x3:0x00000000  x6=0x00000000
       70439000	      3420	8000365e	9b7d	c.andi	x14,-1	 x14:0x890b5cec x14=0x890b5cec
       70459000	      3421	80003660	3409e573	csrrsi	x10,mscratch,19	 x10=0x00000000
       71539000	      3475	80003664	03de7db3	remu	x27,x28,x29	 x28:0x80021e64 x29:0xffffffff x27=0x80021e64
       71559000	      3476	80003668	8d31	c.xor	x10,x12	 x10:0x00000000 x12:0x80025ce4 x10=0x80025ce4
       71579000	      3477	8000366a	014fa833	slt	x16,x31,x20	 x31:0x00000001 x20:0x00080000 x16=0x00000001
       72319000	      3514	8000366e	02ed5733	divu	x14,x26,x14	 x26:0x00000000 x14:0x890b5cec x14=0x00000000
       72339000	      3515	80003672	0146eab3	or	x21,x13,x20	 x13:0x00000001 x20:0x00080000 x21=0x00080001
       72359000	      3516	80003676	7d338b13	addi	x22,x7,2003	  x7:0x0000000c x22=0x000007df
       72379000	      3517	8000367a	409d5e93	srai	x29,x26,0x9	 x26:0x00000000 x29=0x00000000
       72399000	      3518	8000367e	028f8263	beq	x31,x8,800036a2	 x31:0x00000001  x8:0x80000000
       72419000	      3519	80003682	90e5eb13	ori	x22,x11,-1778	 x11:0x00000001 x22=0xfffff90f
       72479000	      3522	80003686	0375a4b3	mulhsu	x9,x11,x23	 x11:0x00000001 x23:0x0000d000  x9=0x00000000
       72879000	      3542	8000368a	02cb5e63	bge	x22,x12,800036c6	 x22:0xfffff90f x12:0x80025ce4
       73419000	      3569	800036c6	82e9	c.srli	x13,0x1a	 x13:0x00000001 x13=0x00000000
       73459000	      3571	800036c8	7b04c013	xori	x0,x9,1968	  x9:0x00000000  x0=0x00000000
       73879000	      3592	800036cc	00e55fb3	srl	x31,x10,x14	 x10:0x80025ce4 x14:0x00000000 x31=0x80025ce4
       74079000	      3602	800036d0	8f19	c.sub	x14,x14	 x14:0x00000000 x14:0x00000000 x14=0x00000000
       74099000	      3603	800036d2	00778f63	beq	x15,x7,800036f0	 x15:0x08f4afea  x7:0x0000000c
       74119000	      3604	800036d6	e3a9	c.bnez	x15,80003718	 x15:0x08f4afea
       74459000	      3621	80003718	01cc48b3	xor	x17,x24,x28	 x24:0xf6f6fb92 x28:0x80021e64 x17=0x76f4e5f6
       74879000	      3642	8000371c	0001	c.addi	x0,0	  x0:0x00000000  x0=0x00000000
       74919000	      3644	8000371e	02e2fdb3	remu	x27,x5,x14	  x5:0x0000000c x14:0x00000000 x27=0x0000000c
       75019000	      3649	80003722	00f3bd33	sltu	x26,x7,x15	  x7:0x0000000c x15:0x08f4afea x26=0x00000001
       75039000	      3650	80003726	006f8563	beq	x31,x6,80003730	 x31:0x80025ce4  x6:0x00000000
       75059000	      3651	8000372a	8eb5	c.xor	x13,x13	 x13:0x00000000 x13:0x00000000 x13=0x00000000
       75079000	      3652	8000372c	55aca093	slti	x1,x25,1370	 x25:0x00000000  x1=0x00000001
       75179000	      3657	80003730	0001	c.addi	x0,0	  x0:0x00000000  x0=0x00000000
       75199000	      3658	80003732	3402d973	csrrwi	x18,mscratch,5	 x18=0x00000013
       75319000	      3664	80003736	34015df3	csrrwi	x27,mscratch,2	 x27=0x00000005
       75399000	      3668	8000373a	0000100f	fence.i	
       75819000	      3689	8000373e	1b08	c.addi4spn	x10,x2,432	 x10=0x00000360
       75859000	      3691	80003740	5dfd	c.li	x27,-1	 x27=0xffffffff
       75899000	      3693	80003742	030faa33	mulhsu	x20,x31,x16	 x31:0x80025ce4 x16:0x00000001 x20=0xffffffff
       75919000	      3694	80003746	8fed	c.and	x15,x11	 x15:0x08f4afea x11:0x00000001 x15=0x00000000
       76259000	      3711	80003748	011ed993	srli	x19,x29,0x11	 x29:0x00000000 x19=0x00000000
       76519000	      3724	8000374c	40a5	c.li	x1,9	  x1=0x00000009
       77259000	      3761	8000374e	02b7e4b3	rem	x9,x15,x11	 x15:0x00000000 x11:0x00000001  x9=0x00000000
       77279000	      3762	80003752	01649233	sll	x4,x9,x22	  x9:0x00000000 x22:0xfffff90f  x4=0x00000000
       77299000	      3763	80003756	0158fb33	and	x22,x17,x21	 x17:0x76f4e5f6 x21:0x00080001 x22=0x00000000
       78039000	      3800	8000375a	02517b33	remu	x22,x2,x5	  x2:0x000001b0  x5:0x0000000c x22=0x00000000
       78059000	      3801	8000375e	02588b63	beq	x17,x5,80003794	 x17:0x76f4e5f6  x5:0x0000000c
       78079000	      3802	80003762	00e0edb3	or	x27,x1,x14	  x1:0x00000009 x14:0x00000000 x27=0x00000009
       78099000	      3803	80003766	80de	c.mv	x1,x23	  x0:0x00000000 x23:0x0000d000  x1=0x0000d000
       78119000	      3804	80003768	13fd	c.addi	x7,-1	  x7:0x0000000c  x7=0x0000000b
       78139000	      3805	8000376a	e48d	c.bnez	x9,80003794	  x9:0x00000000
       78159000	      3806	8000376c	029d7463	bgeu	x26,x9,80003794	 x26:0x00000001  x9:0x00000000
       78779000	      3837	80003794	8d3a	c.mv	x26,x14	  x0:0x00000000 x14:0x00000000 x26=0x00000000
       78919000	      3844	80003796	340ff873	csrrci	x16,mscratch,31	 x16=0x00000002
       79119000	      3854	8000379a	340cf873	csrrci	x16,mscratch,25	 x16=0x00000000
       79139000	      3855	8000379e	6d55	c.lui	x26,0x15	 x26=0x00015000
       79159000	      3856	800037a0	34039bf3	csrrw	x23,mscratch,x7	  x7:0x0000000b x23=0x00000000
       79559000	      3876	800037a4	8eb9	c.xor	x13,x14	 x13:0x00000000 x14:0x00000000 x13=0x00000000
       79839000	      3890	800037a6	340b9df3	csrrw	x27,mscratch,x23	 x23:0x00000000 x27=0x0000000b
       79859000	      3891	800037aa	34003ef3	csrrc	x29,mscratch,x0	  x0:0x00000000 x29=0x00000000
       79879000	      3892	800037ae	891d	c.andi	x10,7	 x10:0x00000360 x10=0x00000000
       80279000	      3912	800037b0	548ec037	lui	x0,0x548ec	  x0=0x00000000
       80299000	      3913	800037b4	2fafe297	auipc	x5,0x2fafe	  x5=0xafb017b4
       80379000	      3917	800037b8	00ef4b33	xor	x22,x30,x14	 x30:0xfc6da9b3 x14:0x00000000 x22=0xfc6da9b3
       80579000	      3927	800037bc	3409d573	csrrwi	x10,mscratch,19	 x10=0x00000000
       80779000	      3937	800037c0	0392abb3	mulhsu	x23,x5,x25	  x5:0xafb017b4 x25:0x00000000 x23=0x00000000
       81099000	      3953	800037c4	01b09133	sll	x2,x1,x27	  x1:0x0000d000 x27:0x0000000b  x2=0x06800000
       81299000	      3963	800037c8	34006173	csrrsi	x2,mscratch,0	  x2=0x00000013
       81359000	      3966	800037cc	87cd	c.srai	x15,0x13	 x15:0x00000000 x15=0x00000000
       81459000	      3971	800037ce	017058b3	srl	x17,x0,x23	  x0:0x00000000 x23:0x00000000 x17=0x00000000
       81479000	      3972	800037d2	871d	c.srai	x14,0x7	 x14:0x00000000 x14=0x00000000
       81519000	      3974	800037d4	1519f6b7	lui	x13,0x1519f	 x13=0x1519f000
       81539000	      3975	800037d8	8dc9	c.or	x11,x10	 x11:0x00000001 x10:0x00000000 x11=0x00000001
       81559000	      3976	800037da	0bc6	c.slli	x23,0x11	 x23:0x00000000 x23=0x00000000
       81579000	      3977	800037dc	39a07117	auipc	x2,0x39a07	  x2=0xb9a0a7dc
       81599000	      3978	800037e0	018d0db3	add	x27,x26,x24	 x26:0x00015000 x24:0xf6f6fb92 x27=0xf6f84b92
       81619000	      3979	800037e4	005b24b3	slt	x9,x22,x5	 x22:0xfc6da9b3  x5:0xafb017b4  x9=0x00000000
       81739000	      3985	800037e8	0aca	c.slli	x21,0x12	 x21:0x00080001 x21=0x00040000
       81759000	      3986	800037ea	8c85	c.sub	x9,x9	  x9:0x00000000  x9:0x00000000  x9=0x00000000
       81919000	      3994	800037ec	0ff0000f	fence	iorw,iorw	
       82039000	      4000	800037f0	99fd	c.andi	x11,-1	 x11:0x00000001 x11=0x00000001
       82059000	      4001	800037f2	6a99	c.lui	x21,0x6	 x21=0x00006000
       82079000	      4002	800037f4	340798f3	csrrw	x17,mscratch,x15	 x15:0x00000000 x17=0x00000013
       82099000	      4003	800037f8	c09d	c.beqz	x9,8000381e	  x9:0x00000000
       83679000	      4082	8000381e	0346dd33	divu	x26,x13,x20	 x13:0x1519f000 x20:0xffffffff x26=0x00000000
       83699000	      4083	80003822	0149a933	slt	x18,x19,x20	 x19:0x00000000 x20:0xffffffff x18=0x00000000
       83719000	      4084	80003826	02b24463	blt	x4,x11,8000384e	  x4:0x00000000 x11:0x00000001
       83979000	      4097	8000384e	c68b5937	lui	x18,0xc68b5	 x18=0xc68b5000
       84419000	      4119	80003852	02983eb3	mulhu	x29,x16,x9	 x16:0x00000000  x9:0x00000000 x29=0x00000000
       84439000	      4120	80003856	059e	c.slli	x11,0x7	 x11:0x00000001 x11=0x00000080
       84559000	      4126	80003858	027cb533	mulhu	x10,x25,x7	 x25:0x00000000  x7:0x0000000b x10=0x00000000
       84719000	      4134	8000385c	02461033	mulh	x0,x12,x4	 x12:0x80025ce4  x4:0x00000000  x0=0x00000000
       84739000	      4135	80003860	011f6563	bltu	x30,x17,8000386a	 x30:0xfc6da9b3 x17:0x00000013
       84819000	      4139	80003864	340eb4f3	csrrc	x9,mscratch,x29	 x29:0x00000000  x9=0x00000000
       84899000	      4143	80003868	ce89	c.beqz	x13,80003882	 x13:0x1519f000
       84939000	      4145	8000386a	340228f3	csrrs	x17,mscratch,x4	  x4:0x00000000 x17=0x00000000
       84999000	      4148	8000386e	01745463	bge	x8,x23,80003876	  x8:0x80000000 x23:0x00000000
       85019000	      4149	80003872	03725263	bge	x4,x23,80003896	  x4:0x00000000 x23:0x00000000
       85979000	      4197	80003896	00e907b3	add	x15,x18,x14	 x18:0xc68b5000 x14:0x00000000 x15=0xc68b5000
       85999000	      4198	8000389a	8dc1	c.or	x11,x8	 x11:0x00000080  x8:0x80000000 x11=0x80000080
       86139000	      4205	8000389c	1bb37997	auipc	x19,0x1bb37	 x19=0x9bb3a89c
       86159000	      4206	800038a0	34039773	csrrw	x14,mscratch,x7	  x7:0x0000000b x14=0x00000000
       86279000	      4212	800038a4	39eda013	slti	x0,x27,926	 x27:0xf6f84b92  x0=0x00000000
       86699000	      4233	800038a8	34076ef3	csrrsi	x29,mscratch,14	 x29=0x0000000b
       86819000	      4239	800038ac	762d8f37	lui	x30,0x762d8	 x30=0x762d8000
       86959000	      4246	800038b0	6399	c.lui	x7,0x6	  x7=0x00006000
       86979000	      4247	800038b2	23f2c237	lui	x4,0x23f2c	  x4=0x23f2c000
       87019000	      4249	800038b6	0000100f	fence.i	
       87579000	      4277	800038ba	03347213	andi	x4,x8,51	  x8:0x80000000  x4=0x00000000
       88379000	      4317	800038be	034ccb33	div	x22,x25,x20	 x25:0x00000000 x20:0xffffffff x22=0x00000000
       88399000	      4318	800038c2	34091073	csrrw	x0,mscratch,x18	 x18:0xc68b5000  x0=0x00000000
       88419000	      4319	800038c6	02564c63	blt	x12,x5,800038fe	 x12:0x80025ce4  x5:0xafb017b4
       89119000	      4354	800038fe	34015a73	csrrwi	x20,mscratch,2	 x20=0xc68b5000
       89159000	      4356	80003902	035997b3	mulh	x15,x19,x21	 x19:0x9bb3a89c x21:0x00006000 x15=0xffffda63
       89179000	      4357	80003906	09a6	c.slli	x19,0x9	 x19:0x9bb3a89c x19=0x67513800
       89199000	      4358	80003908	00298d33	add	x26,x19,x2	 x19:0x67513800  x2:0xb9a0a7dc x26=0x20f1dfdc
       89259000	      4361	8000390c	34011bf3	csrrw	x23,mscratch,x2	  x2:0xb9a0a7dc x23=0x00000002
       90099000	      4403	80003910	032e6133	rem	x2,x28,x18	 x28:0x80021e64 x18:0xc68b5000  x2=0xf2eb7e64
       90119000	      4404	80003914	02356363	bltu	x10,x3,8000393a	 x10:0x00000000  x3:0x00000000
       90139000	      4405	80003918	41865893	srai	x17,x12,0x18	 x12:0x80025ce4 x17=0xffffff80
       90879000	      4442	8000391c	021ac333	div	x6,x21,x1	 x21:0x00006000  x1:0x0000d000  x6=0x00000000
       90899000	      4443	80003920	34007273	csrrci	x4,mscratch,0	  x4=0xb9a0a7dc
       90919000	      4444	80003924	00ad	c.addi	x1,11	  x1:0x0000d000  x1=0x0000d00b
       90939000	      4445	80003926	34002173	csrrs	x2,mscratch,x0	  x0:0x00000000  x2=0xb9a0a7dc
       90959000	      4446	8000392a	00e068b3	or	x17,x0,x14	  x0:0x00000000 x14:0x00000000 x17=0x00000000
       91699000	      4483	8000392e	025cc033	div	x0,x25,x5	 x25:0x00000000  x5:0xafb017b4  x0=0x00000000
       91719000	      4484	80003932	cd11	c.beqz	x10,8000394e	 x10:0x00000000
       91819000	      4489	8000394e	03675763	bge	x14,x22,8000397c	 x14:0x00000000 x22:0x00000000
       91859000	      4491	8000397c	012e08b3	add	x17,x28,x18	 x28:0x80021e64 x18:0xc68b5000 x17=0x468d6e64
       92179000	      4507	80003980	8cbd	c.xor	x9,x15	  x9:0x00000000 x15:0xffffda63  x9=0xffffda63
       92199000	      4508	80003982	48d5	c.li	x17,21	 x17=0x00000015
       92599000	      4528	80003984	94de	c.add	x9,x23	  x9:0xffffda63 x23:0x00000002  x9=0xffffda65
       92619000	      4529	80003986	f3eba513	slti	x10,x23,-194	 x23:0x00000002 x10=0x00000000
       92639000	      4530	8000398a	0001	c.addi	x0,0	  x0:0x00000000  x0=0x00000000
       93059000	      4551	8000398c	0265cdb3	div	x27,x11,x6	 x11:0x80000080  x6:0x00000000 x27=0xffffffff
       93079000	      4552	80003990	0000100f	fence.i	
       94499000	      4623	80003994	01ded893	srli	x17,x29,0x1d	 x29:0x0000000b x17=0x00000000
       94519000	      4624	80003998	340070f3	csrrci	x1,mscratch,0	  x1=0xb9a0a7dc
       94559000	      4626	8000399c	0294af33	mulhsu	x30,x9,x9	  x9:0xffffda65  x9:0xffffda65 x30=0xffffda65
       94839000	      4640	800039a0	86c5	c.srai	x13,0x11	 x13:0x1519f000 x13=0x00000a8c
      104559000	      5126	800039a2	01e40cb3	add	x25,x8,x30	  x8:0x80000000 x30:0xffffda65 x25=0x7fffda65
      104579000	      5127	800039a6	34089a73	csrrw	x20,mscratch,x17	 x17:0x00000000 x20=0xb9a0a7dc
      104599000	      5128	800039aa	408f51b3	sra	x3,x30,x8	 x30:0xffffda65  x8:0x80000000  x3=0xffffda65
      104619000	      5129	800039ae	8ec5	c.or	x13,x9	 x13:0x00000a8c  x9:0xffffda65 x13=0xffffdaed
      104639000	      5130	800039b0	98ce	c.add	x17,x19	 x17:0x00000000 x19:0x67513800 x17=0x67513800
      104659000	      5131	800039b2	8ea1	c.xor	x13,x8	 x13:0xffffdaed  x8:0x80000000 x13=0x7fffdaed
      104679000	      5132	800039b4	00efd263	bge	x31,x14,800039b8	 x31:0x80025ce4 x14:0x00000000
      104979000	      5147	800039b8	e819e313	ori	x6,x19,-383	 x19:0x67513800  x6=0xfffffe81
      104999000	      5148	800039bc	002bd363	bge	x23,x2,800039c2	 x23:0x00000002  x2:0xb9a0a7dc
      105759000	      5186	800039c2	34042873	csrrs	x16,mscratch,x8	  x8:0x80000000 x16=0x00000000
      105779000	      5187	800039c6	00c6ccb3	xor	x25,x13,x12	 x13:0x7fffdaed x12:0x80025ce4 x25=0xfffd8609
      105819000	      5189	800039ca	05d06363	bltu	x0,x29,80003a10	  x0:0x00000000 x29:0x0000000b
      106559000	      5226	80003a10	9afd	c.andi	x13,-1	 x13:0x7fffdaed x13=0x7fffdaed
      106579000	      5227	80003a12	8b41	c.andi	x14,16	 x14:0x00000000 x14=0x00000000
      106699000	      5233	80003a14	be107093	andi	x1,x0,-1055	  x0:0x00000000  x1=0x00000000
      106739000	      5235	80003a18	1cd4a213	slti	x4,x9,461	  x9:0xffffda65  x4=0x00000001
      106779000	      5237	80003a1c	03f01133	mulh	x2,x0,x31	  x0:0x00000000 x31:0x80025ce4  x2=0x00000000
      106919000	      5244	80003a20	018ea333	slt	x6,x29,x24	 x29:0x0000000b x24:0xf6f6fb92  x6=0x00000000
      107759000	      5286	80003a24	02dfe9b3	rem	x19,x31,x13	 x31:0x80025ce4 x13:0x7fffdaed x19=0x80025ce4
      107779000	      5287	80003a28	9ea2	c.add	x29,x8	 x29:0x0000000b  x8:0x80000000 x29=0x8000000b
      107799000	      5288	80003a2a	340060f3	csrrsi	x1,mscratch,0	  x1=0x80000000
      107819000	      5289	80003a2e	055e6263	bltu	x28,x21,80003a72	 x28:0x80021e64 x21:0x00006000
      107839000	      5290	80003a32	6e4ec1b7	lui	x3,0x6e4ec	  x3=0x6e4ec000
      107859000	      5291	80003a36	6139	c.addi16sp	x2,448	  x2:0x00000000  x2=0x000001c0
      107879000	      5292	80003a38	60c1	c.lui	x1,0x10	  x1=0x00010000
      107919000	      5294	80003a3a	03139cb3	mulh	x25,x7,x17	  x7:0x00006000 x17:0x67513800 x25=0x000026be
      108059000	      5301	80003a3e	01343fb3	sltu	x31,x8,x19	  x8:0x80000000 x19:0x80025ce4 x31=0x00000001
      108219000	      5309	80003a42	be046493	ori	x9,x8,-1056	  x8:0x80000000  x9=0xfffffbe0
      108279000	      5312	80003a46	340077f3	csrrci	x15,mscratch,0	 x15=0x80000000
      108299000	      5313	80003a4a	c50d	c.beqz	x10,80003a74	 x10:0x00000000
      109399000	      5368	80003a74	340669f3	csrrsi	x19,mscratch,12	 x19=0x80000000
      109979000	      5397	80003a78	3404d8f3	csrrwi	x17,mscratch,9	 x17=0x8000000c
      110019000	      5399	80003a7c	1ac6aa93	slti	x21,x13,428	 x13:0x7fffdaed x21=0x00000000
      110119000	      5404	80003a80	0000100f	fence.i	
      110319000	      5414	80003a84	0522	c.slli	x10,0x8	 x10:0x00000000 x10=0x00000000
      110479000	      5422	80003a86	340068f3	csrrsi	x17,mscratch,0	 x17=0x00000009
      110499000	      5423	80003a8a	34007d73	csrrci	x26,mscratch,0	 x26=0x00000009
      110519000	      5424	80003a8e	8926	c.mv	x18,x9	  x0:0x00000000  x9:0xfffffbe0 x18=0xfffffbe0
      110599000	      5428	80003a90	2e427293	andi	x5,x4,740	  x4:0x00000001  x5=0x00000000
      110819000	      5439	80003a94	0f944813	xori	x16,x8,249	  x8:0x80000000 x16=0x800000f9
      111139000	      5455	80003a98	052b0463	beq	x22,x18,80003ae0	 x22:0x00000000 x18:0xfffffbe0
      111159000	      5456	80003a9c	5116c693	xori	x13,x13,1297	 x13:0x7fffdaed x13=0x7fffdffc
      111259000	      5461	80003aa0	037cc363	blt	x25,x23,80003ac6	 x25:0x000026be x23:0x00000002
      111339000	      5465	80003aa4	0776	c.slli	x14,0x1d	 x14:0x00000000 x14=0x00000000
      111359000	      5466	80003aa6	34047573	csrrci	x10,mscratch,8	 x10=0x00000009
      111399000	      5468	80003aaa	34015573	csrrwi	x10,mscratch,2	 x10=0x00000001
      111419000	      5469	80003aae	01029933	sll	x18,x5,x16	  x5:0x00000000 x16:0x800000f9 x18=0x00000000
      111439000	      5470	80003ab2	f727eb93	ori	x23,x15,-142	 x15:0x80000000 x23=0xffffff72
      111459000	      5471	80003ab6	839a	c.mv	x7,x6	  x0:0x00000000  x6:0x00000000  x7=0x00000000
      111479000	      5472	80003ab8	ae755097	auipc	x1,0xae755	  x1=0x2e758ab8
      111679000	      5482	80003abc	70a42313	slti	x6,x8,1802	  x8:0x80000000  x6=0x00000001
      112499000	      5523	80003ac0	0265ccb3	div	x25,x11,x6	 x11:0x80000080  x6:0x00000001 x25=0x80000080
      112519000	      5524	80003ac4	eb81	c.bnez	x15,80003ad4	 x15:0x80000000
      112599000	      5528	80003ad4	01e69033	sll	x0,x13,x30	 x13:0x7fffdffc x30:0xffffda65  x0=0x00000000
      112639000	      5530	80003ad8	9c7b87b7	lui	x15,0x9c7b8	 x15=0x9c7b8000
      112699000	      5533	80003adc	03094563	blt	x18,x16,80003b06	 x18:0x00000000 x16:0x800000f9
      112959000	      5546	80003ae0	0ed9c893	xori	x17,x19,237	 x19:0x80000000 x17=0x800000ed
      113099000	      5553	80003ae4	9f2db693	sltiu	x13,x27,-1550	 x27:0xffffffff x13=0x00000000
      113419000	      5569	80003ae8	02214263	blt	x2,x2,80003b0c	  x2:0x000001c0  x2:0x000001c0
      113499000	      5573	80003aec	340073f3	csrrci	x7,mscratch,0	  x7=0x00000002
      113919000	      5594	80003af0	3406e8f3	csrrsi	x17,mscratch,13	 x17=0x00000002
      114099000	      5603	80003af4	717d	c.addi16sp	x2,-16	  x2:0x000001c0  x2=0x000001b0
      114119000	      5604	80003af6	c785	c.beqz	x15,80003b1e	 x15:0x9c7b8000
      114139000	      5605	80003af8	40320bb3	sub	x23,x4,x3	  x4:0x00000001  x3:0x6e4ec000 x23=0x91b14001
      114879000	      5642	80003afc	03196233	rem	x4,x18,x17	 x18:0x00000000 x17:0x00000002  x4=0x00000000
      114899000	      5643	80003b00	717d	c.addi16sp	x2,-16	  x2:0x000001b0  x2=0x000001a0
      114939000	      5645	80003b02	030133b3	mulhu	x7,x2,x16	  x2:0x000001a0 x16:0x800000f9  x7=0x000000d0
      114959000	      5646	80003b06	340063f3	csrrsi	x7,mscratch,0	  x7=0x0000000f
      114979000	      5647	80003b0a	0001	c.addi	x0,0	  x0:0x00000000  x0=0x00000000
      114999000	      5648	80003b0c	0001	c.addi	x0,0	  x0:0x00000000  x0=0x00000000
      115739000	      5685	80003b0e	026057b3	divu	x15,x0,x6	  x0:0x00000000  x6:0x00000001 x15=0x00000000
      115759000	      5686	80003b12	4da5ef97	auipc	x31,0x4da5e	 x31=0xcda61b12
      115779000	      5687	80003b16	41dbdbb3	sra	x23,x23,x29	 x23:0x91b14001 x29:0x8000000b x23=0xfff23628
      115799000	      5688	80003b1a	0193e3b3	or	x7,x7,x25	  x7:0x0000000f x25:0x80000080  x7=0x8000008f
      115819000	      5689	80003b1e	340074f3	csrrci	x9,mscratch,0	  x9=0x0000000f
      115839000	      5690	80003b22	000864b3	or	x9,x16,x0	 x16:0x800000f9  x0:0x00000000  x9=0x800000f9
      115879000	      5692	80003b26	0176b0b3	sltu	x1,x13,x23	 x13:0x00000000 x23:0xfff23628  x1=0x00000001
      115899000	      5693	80003b2a	40fd5a13	srai	x20,x26,0xf	 x26:0x00000009 x20=0x00000000
      116119000	      5704	80003b2e	01cd5b63	bge	x26,x28,80003b44	 x26:0x00000009 x28:0x80021e64
      117199000	      5758	80003b44	0131d463	bge	x3,x19,80003b4c	  x3:0x6e4ec000 x19:0x80000000
      118159000	      5806	80003b4c	01a23533	sltu	x10,x4,x26	  x4:0x00000000 x26:0x00000009 x10=0x00000001
      118239000	      5810	80003b50	001f4f63	blt	x30,x1,80003b6e	 x30:0xffffda65  x1:0x00000001
      118939000	      5845	80003b6e	01695663	bge	x18,x22,80003b7a	 x18:0x00000000 x22:0x00000000
      119519000	      5874	80003b7a	00972833	slt	x16,x14,x9	 x14:0x00000000  x9:0x800000f9 x16=0x00000000
      119539000	      5875	80003b7e	00b29113	slli	x2,x5,0xb	  x5:0x00000000  x2=0x00000000
      119659000	      5881	80003b82	00ba62b3	or	x5,x20,x11	 x20:0x00000000 x11:0x80000080  x5=0x80000080
      119679000	      5882	80003b86	0164f1b3	and	x3,x9,x22	  x9:0x800000f9 x22:0x00000000  x3=0x00000000
      119739000	      5885	80003b8a	0bbfa493	slti	x9,x31,187	 x31:0xcda61b12  x9=0x00000001
      119859000	      5891	80003b8e	340a29f3	csrrs	x19,mscratch,x20	 x20:0x00000000 x19=0x0000000f
      119879000	      5892	80003b92	9c9e	c.add	x25,x7	 x25:0x80000080  x7:0x8000008f x25=0x0000010f
      119979000	      5897	80003b94	026628b3	mulhsu	x17,x12,x6	 x12:0x80025ce4  x6:0x00000001 x17=0xffffffff
      119999000	      5898	80003b98	34093f73	csrrc	x30,mscratch,x18	 x18:0x00000000 x30=0x0000000f
      120419000	      5919	80003b9c	0ff0000f	fence	iorw,iorw	
      120439000	      5920	80003ba0	888a	c.mv	x17,x2	  x0:0x00000000  x2:0x00000000 x17=0x00000000
      120459000	      5921	80003ba2	8a8d	c.andi	x13,3	 x13:0x00000000 x13=0x00000000
      120519000	      5924	80003ba4	87c5	c.srai	x15,0x11	 x15:0x00000000 x15=0x00000000
      120539000	      5925	80003ba6	717d	c.addi16sp	x2,-16	  x2:0x00000000  x2=0xfffffff0
      120559000	      5926	80003ba8	40165033	sra	x0,x12,x1	 x12:0x80025ce4  x1:0x00000001  x0=0x00000000
      120579000	      5927	80003bac	02876263	bltu	x14,x8,80003bd0	 x14:0x00000000  x8:0x80000000
      120939000	      5945	80003bd0	717d	c.addi16sp	x2,-16	  x2:0xfffffff0  x2=0xffffffe0
      120959000	      5946	80003bd2	9afd	c.andi	x13,-1	 x13:0x00000000 x13=0x00000000
      121079000	      5952	80003bd4	011a5c63	bge	x20,x17,80003bec	 x20:0x00000000 x17:0x00000000
      121439000	      5970	80003bec	00ca18b3	sll	x17,x20,x12	 x20:0x00000000 x12:0x80025ce4 x17=0x00000000
      121879000	      5992	80003bf0	34007373	csrrci	x6,mscratch,0	  x6=0x0000000f
      121899000	      5993	80003bf4	01a58733	add	x14,x11,x26	 x11:0x80000080 x26:0x00000009 x14=0x80000089
      121919000	      5994	80003bf8	8d91	c.sub	x11,x12	 x11:0x80000080 x12:0x80025ce4 x11=0xfffda39c
      121939000	      5995	80003bfa	3403aff3	csrrs	x31,mscratch,x7	  x7:0x8000008f x31=0x0000000f
      121959000	      5996	80003bfe	2206fc13	andi	x24,x13,544	 x13:0x00000000 x24=0x00000000
      122059000	      6001	80003c02	036a17b3	mulh	x15,x20,x22	 x20:0x00000000 x22:0x00000000 x15=0x00000000
      122079000	      6002	80003c06	c905	c.beqz	x10,80003c36	 x10:0x00000001
      122099000	      6003	80003c08	01a5c663	blt	x11,x26,80003c14	 x11:0xfffda39c x26:0x00000009
      122259000	      6011	80003c14	4cf9	c.li	x25,30	 x25=0x0000001e
      122279000	      6012	80003c16	0cae	c.slli	x25,0xb	 x25:0x0000001e x25=0x0000f000
      122439000	      6020	80003c18	f458c313	xori	x6,x17,-187	 x17:0x00000000  x6=0xffffff45
      122639000	      6030	80003c1c	717d	c.addi16sp	x2,-16	  x2:0xffffffe0  x2=0xffffffd0
      122659000	      6031	80003c1e	997d	c.andi	x10,-1	 x10:0x00000001 x10=0x00000001
      122679000	      6032	80003c20	8cc9	c.or	x9,x10	  x9:0x00000001 x10:0x00000001  x9=0x00000001
      123079000	      6052	80003c22	15652d13	slti	x26,x10,342	 x10:0x00000001 x26=0x00000001
      123099000	      6053	80003c26	04025263	bge	x4,x0,80003c6a	  x4:0x00000000  x0:0x00000000
      123179000	      6057	80003c6a	8d91	c.sub	x11,x12	 x11:0xfffda39c x12:0x80025ce4 x11=0x7ffb46b8
      123359000	      6066	80003c6c	03124ab3	div	x21,x4,x17	  x4:0x00000000 x17:0x00000000 x21=0xffffffff
      123519000	      6074	80003c70	01526463	bltu	x4,x21,80003c78	  x4:0x00000000 x21:0xffffffff
      124699000	      6133	80003c78	3403bff3	csrrc	x31,mscratch,x7	  x7:0x8000008f x31=0x8000008f
      124719000	      6134	80003c7c	069e	c.slli	x13,0x7	 x13:0x00000000 x13=0x00000000
      124739000	      6135	80003c7e	34002273	csrrs	x4,mscratch,x0	  x0:0x00000000  x4=0x00000000
      125659000	      6181	80003c82	03acddb3	divu	x27,x25,x26	 x25:0x0000f000 x26:0x00000001 x27=0x0000f000
      125679000	      6182	80003c86	82c2	c.mv	x5,x16	  x0:0x00000000 x16:0x00000000  x5=0x00000000
      126419000	      6219	80003c88	03b5e533	rem	x10,x11,x27	 x11:0x7ffb46b8 x27:0x0000f000 x10=0x000076b8
      126439000	      6220	80003c8c	02bd6c63	bltu	x26,x11,80003cc4	 x26:0x00000001 x11:0x7ffb46b8
      126519000	      6224	80003cc4	0ff0000f	fence	iorw,iorw	
      127139000	      6255	80003cc8	6171	c.addi16sp	x2,336	  x2:0xffffffd0  x2=0x00000120
      127159000	      6256	80003cca	0001	c.addi	x0,0	  x0:0x00000000  x0=0x00000000
      127259000	      6261	80003ccc	010e2d33	slt	x26,x28,x16	 x28:0x80021e64 x16:0x00000000 x26=0x00000001
      127279000	      6262	80003cd0	00870033	add	x0,x14,x8	 x14:0x80000089  x8:0x80000000  x0=0x00000000
      127299000	      6263	80003cd4	0079d013	srli	x0,x19,0x7	 x19:0x0000000f  x0=0x00000000
      127459000	      6271	80003cd8	340026f3	csrrs	x13,mscratch,x0	  x0:0x00000000 x13=0x00000000
      127539000	      6275	80003cdc	8ca5	c.xor	x9,x9	  x9:0x00000001  x9:0x00000001  x9=0x00000000
      127559000	      6276	80003cde	8d99	c.sub	x11,x14	 x11:0x7ffb46b8 x14:0x80000089 x11=0xfffb462f
      127959000	      6296	80003ce0	34006973	csrrsi	x18,mscratch,0	 x18=0x00000000
      127979000	      6297	80003ce4	004fcfb3	xor	x31,x31,x4	 x31:0x8000008f  x4:0x00000000 x31=0x8000008f
      127999000	      6298	80003ce8	0001	c.addi	x0,0	  x0:0x00000000  x0=0x00000000
      128019000	      6299	80003cea	0000100f	fence.i	
      129239000	      6360	80003cee	037af933	remu	x18,x21,x23	 x21:0xffffffff x23:0xfff23628 x18=0x000dc9d7
      129259000	      6361	80003cf2	02581263	bne	x16,x5,80003d16	 x16:0x00000000  x5:0x00000000
      129999000	      6398	80003cf6	02a05bb3	divu	x23,x0,x10	  x0:0x00000000 x10:0x000076b8 x23=0x00000000
      130019000	      6399	80003cfa	8556	c.mv	x10,x21	  x0:0x00000000 x21:0xffffffff x10=0xffffffff
      130039000	      6400	80003cfc	0000100f	fence.i	
      130119000	      6404	80003d00	8db9	c.xor	x11,x14	 x11:0xfffb462f x14:0x80000089 x11=0x7ffb46a6
      130139000	      6405	80003d02	813d	c.srli	x10,0xf	 x10:0xffffffff x10=0x0001ffff
      130259000	      6411	80003d04	01b64f63	blt	x12,x27,80003d22	 x12:0x80025ce4 x27:0x0000f000
      130579000	      6427	80003d22	8ed9	c.or	x13,x14	 x13:0x00000000 x14:0x80000089 x13=0x80000089
      130619000	      6429	80003d24	024cbeb3	mulhu	x29,x25,x4	 x25:0x0000f000  x4:0x00000000 x29=0x00000000
      130659000	      6431	80003d28	037f3f33	mulhu	x30,x30,x23	 x30:0x0000000f x23:0x00000000 x30=0x00000000
      130739000	      6435	80003d2c	34001bf3	csrrw	x23,mscratch,x0	  x0:0x00000000 x23=0x00000000
      130759000	      6436	80003d30	004c80b3	add	x1,x25,x4	 x25:0x0000f000  x4:0x00000000  x1=0x0000f000
      130879000	      6442	80003d34	9996	c.add	x19,x5	 x19:0x0000000f  x5:0x00000000 x19=0x0000000f
      130899000	      6443	80003d36	34023cf3	csrrc	x25,mscratch,x4	  x4:0x00000000 x25=0x00000000
      130919000	      6444	80003d3a	edd44193	xori	x3,x8,-291	  x8:0x80000000  x3=0x7ffffedd
      131059000	      6451	80003d3e	34006cf3	csrrsi	x25,mscratch,0	 x25=0x00000000
      131159000	      6456	80003d42	01da9a13	slli	x20,x21,0x1d	 x21:0xffffffff x20=0xe0000000
      131179000	      6457	80003d46	8575	c.srai	x10,0x1d	 x10:0x0001ffff x10=0x00000000
      131299000	      6463	80003d48	8f25	c.xor	x14,x9	 x14:0x80000089  x9:0x00000000 x14=0x80000089
      131499000	      6473	80003d4a	34007373	csrrci	x6,mscratch,0	  x6=0x00000000
      131619000	      6479	80003d4e	00311233	sll	x4,x2,x3	  x2:0x00000120  x3:0x7ffffedd  x4=0x00000000
      131639000	      6480	80003d52	00f6d1b3	srl	x3,x13,x15	 x13:0x80000089 x15:0x00000000  x3=0x80000089
      132379000	      6517	80003d56	03fbc6b3	div	x13,x23,x31	 x23:0x00000000 x31:0x8000008f x13=0x00000000
      132399000	      6518	80003d5a	82b9	c.srli	x13,0xe	 x13:0x00000000 x13=0x00000000
      132419000	      6519	80003d5c	fb79ea13	ori	x20,x19,-73	 x19:0x0000000f x20=0xffffffbf
      132439000	      6520	80003d60	c501	c.beqz	x10,80003d68	 x10:0x00000000
      136399000	      6718	80003d68	34007873	csrrci	x16,mscratch,0	 x16=0x00000000
      136419000	      6719	80003d6c	4dd1	c.li	x27,20	 x27=0x00000014
      136439000	      6720	80003d6e	013321b3	slt	x3,x6,x19	  x6:0x00000000 x19:0x0000000f  x3=0x00000001
      136459000	      6721	80003d72	000f9a93	slli	x21,x31,0x0	 x31:0x8000008f x21=0x8000008f
      136479000	      6722	80003d76	9afd	c.andi	x13,-1	 x13:0x00000000 x13=0x00000000
      136499000	      6723	80003d78	01129b93	slli	x23,x5,0x11	  x5:0x00000000 x23=0x00000000
      136519000	      6724	80003d7c	8d0d	c.sub	x10,x11	 x10:0x00000000 x11:0x7ffb46a6 x10=0x8004b95a
      136539000	      6725	80003d7e	c1390b93	addi	x23,x18,-1005	 x18:0x000dc9d7 x23=0x000dc5ea
      136559000	      6726	80003d82	c0b1	c.beqz	x9,80003dc6	  x9:0x00000000
      137199000	      6758	80003dc6	029a24b3	mulhsu	x9,x20,x9	 x20:0xffffffbf  x9:0x00000000  x9=0x00000000
      137219000	      6759	80003dca	0000100f	fence.i	
      137999000	      6798	80003dce	e309	c.bnez	x14,80003dd0	 x14:0x80000089
      138779000	      6837	80003dd0	e789	c.bnez	x15,80003dda	 x15:0x00000000
      139519000	      6874	80003dd2	03b676b3	remu	x13,x12,x27	 x12:0x80025ce4 x27:0x00000014 x13=0x00000000
      139539000	      6875	80003dd6	00a00563	beq	x0,x10,80003de0	  x0:0x00000000 x10:0x8004b95a
      139559000	      6876	80003dda	004dd593	srli	x11,x27,0x4	 x27:0x00000014 x11=0x00000001
      139579000	      6877	80003dde	8b2e	c.mv	x22,x11	  x0:0x00000000 x11:0x00000001 x22=0x00000001
      139599000	      6878	80003de0	a3f3ce93	xori	x29,x7,-1473	  x7:0x8000008f x29=0x7ffffab0
      139619000	      6879	80003de4	01bf0763	beq	x30,x27,80003df2	 x30:0x00000000 x27:0x00000014
      139639000	      6880	80003de8	0926	c.slli	x18,0x9	 x18:0x000dc9d7 x18=0x1b93ae00
      139659000	      6881	80003dea	9c8a	c.add	x25,x2	 x25:0x00000000  x2:0x00000120 x25=0x00000120
      139679000	      6882	80003dec	8ead	c.xor	x13,x11	 x13:0x00000000 x11:0x00000001 x13=0x00000001
      140019000	      6899	80003dee	345d3793	sltiu	x15,x26,837	 x26:0x00000001 x15=0x00000001
      140439000	      6920	80003df2	340cd973	csrrwi	x18,mscratch,25	 x18=0x00000000
      140459000	      6921	80003df6	8c81	c.sub	x9,x8	  x9:0x00000000  x8:0x80000000  x9=0x80000000
      140479000	      6922	80003df8	3404bb73	csrrc	x22,mscratch,x9	  x9:0x80000000 x22=0x00000019
      140599000	      6928	80003dfc	717d	c.addi16sp	x2,-16	  x2:0x00000120  x2=0x00000110
      140619000	      6929	80003dfe	340ad9f3	csrrwi	x19,mscratch,21	 x19=0x00000019
      140639000	      6930	80003e02	0994	c.addi4spn	x13,x2,208	 x13=0x000001e0
      141379000	      6967	80003e04	039b73b3	remu	x7,x22,x25	 x22:0x00000019 x25:0x00000120  x7=0x00000019
      141399000	      6968	80003e08	002ac033	xor	x0,x21,x2	 x21:0x8000008f  x2:0x00000110  x0=0x00000000
      141419000	      6969	80003e0c	8f81	c.sub	x15,x8	 x15:0x00000001  x8:0x80000000 x15=0x80000001
      141439000	      6970	80003e0e	8d85	c.sub	x11,x9	 x11:0x00000001  x9:0x80000000 x11=0x80000001
      141459000	      6971	80003e10	340073f3	csrrci	x7,mscratch,0	  x7=0x00000015
      141479000	      6972	80003e14	8d5d	c.or	x10,x15	 x10:0x8004b95a x15:0x80000001 x10=0x8004b95b
      141499000	      6973	80003e16	00c56fb3	or	x31,x10,x12	 x10:0x8004b95b x12:0x80025ce4 x31=0x8006fdff
      141519000	      6974	80003e1a	0ff0000f	fence	iorw,iorw	
      141539000	      6975	80003e1e	8531	c.srai	x10,0xc	 x10:0x8004b95b x10=0xfff8004b
      141559000	      6976	80003e20	01a09913	slli	x18,x1,0x1a	  x1:0x0000f000 x18=0x00000000
      141579000	      6977	80003e24	89b1	c.andi	x11,12	 x11:0x80000001 x11=0x00000000
      141599000	      6978	80003e26	0001	c.addi	x0,0	  x0:0x00000000  x0=0x00000000
      141779000	      6987	80003e28	fb6be393	ori	x7,x23,-74	 x23:0x000dc5ea  x7=0xfffffffe
      141799000	      6988	80003e2c	856a	c.mv	x10,x26	  x0:0x00000000 x26:0x00000001 x10=0x00000001
      141819000	      6989	80003e2e	6121	c.addi16sp	x2,64	  x2:0x00000110  x2=0x00000150
      141979000	      6997	80003e30	8f61	c.and	x14,x8	 x14:0x80000089  x8:0x80000000 x14=0x80000000
      141999000	      6998	80003e32	42103093	sltiu	x1,x0,1057	  x0:0x00000000  x1=0x00000001
      142019000	      6999	80003e36	83bd	c.srli	x15,0xf	 x15:0x80000001 x15=0x00010000
      143139000	      7055	80003e38	0281c833	div	x16,x3,x8	  x3:0x00000001  x8:0x80000000 x16=0x00000000
      143159000	      7056	80003e3c	002dcb33	xor	x22,x27,x2	 x27:0x00000014  x2:0x00000150 x22=0x00000144
      143179000	      7057	80003e40	34007073	csrrci	x0,mscratch,0	  x0=0x00000000
      143199000	      7058	80003e44	34003d73	csrrc	x26,mscratch,x0	  x0:0x00000000 x26=0x00000015
      143219000	      7059	80003e48	01b63f33	sltu	x30,x12,x27	 x12:0x80025ce4 x27:0x00000014 x30=0x00000000
      143239000	      7060	80003e4c	5a0bdb97	auipc	x23,0x5a0bd	 x23=0xda0c0e4c
      143279000	      7062	80003e50	02230c33	mul	x24,x6,x2	  x6:0x00000000  x2:0x00000150 x24=0x00000000
      143699000	      7083	80003e54	01b830b3	sltu	x1,x16,x27	 x16:0x00000000 x27:0x00000014  x1=0x00000001
      143719000	      7084	80003e58	8fcd	c.or	x15,x11	 x15:0x00010000 x11:0x00000000 x15=0x00010000
      143739000	      7085	80003e5a	0000100f	fence.i	
      144439000	      7120	80003e5e	03379933	mulh	x18,x15,x19	 x15:0x00010000 x19:0x00000019 x18=0x00000000
      144459000	      7121	80003e62	8776	c.mv	x14,x29	  x0:0x00000000 x29:0x7ffffab0 x14=0x7ffffab0
      144539000	      7125	80003e64	013863b3	or	x7,x16,x19	 x16:0x00000000 x19:0x00000019  x7=0x00000019
      144579000	      7127	80003e68	025abb33	mulhu	x22,x21,x5	 x21:0x8000008f  x5:0x00000000 x22=0x00000000
      144619000	      7129	80003e6c	597d	c.li	x18,-1	 x18=0xffffffff
      144639000	      7130	80003e6e	5969fa37	lui	x20,0x5969f	 x20=0x5969f000
      144659000	      7131	80003e72	3409f6f3	csrrci	x13,mscratch,19	 x13=0x00000015
      144799000	      7138	80003e76	020719b3	mulh	x19,x14,x0	 x14:0x7ffffab0  x0:0x00000000 x19=0x00000000
      144819000	      7139	80003e7a	0155e0b3	or	x1,x11,x21	 x11:0x00000000 x21:0x8000008f  x1=0x8000008f
      144839000	      7140	80003e7e	034e82b3	mul	x5,x29,x20	 x29:0x7ffffab0 x20:0x5969f000  x5=0xfd350000
      144859000	      7141	80003e82	8289	c.srli	x13,0x2	 x13:0x00000015 x13=0x00000005
      144959000	      7146	80003e84	8961	c.andi	x10,24	 x10:0x00000001 x10=0x00000000
      144979000	      7147	80003e86	402bdd13	srai	x26,x23,0x2	 x23:0xda0c0e4c x26=0xf6830393
      144999000	      7148	80003e8a	e399	c.bnez	x15,80003e90	 x15:0x00010000
      145399000	      7168	80003e90	001ccf33	xor	x30,x25,x1	 x25:0x00000120  x1:0x8000008f x30=0x800001af
      145819000	      7189	80003e94	8372	c.mv	x6,x28	  x0:0x00000000 x28:0x80021e64  x6=0x80021e64
      145839000	      7190	80003e96	0c94	c.addi4spn	x13,x2,592	 x13=0x000003a0
      145859000	      7191	80003e98	340067f3	csrrsi	x15,mscratch,0	 x15=0x00000004
      146259000	      7211	80003e9c	6e6a7893	andi	x17,x20,1766	 x20:0x5969f000 x17=0x00000000
      146999000	      7248	80003ea0	023857b3	divu	x15,x16,x3	 x16:0x00000000  x3:0x00000001 x15=0x00000000
      147019000	      7249	80003ea4	015d1463	bne	x26,x21,80003eac	 x26:0xf6830393 x21:0x8000008f
      147159000	      7256	80003eac	438d	c.li	x7,3	  x7=0x00000003
      147179000	      7257	80003eae	8571	c.srai	x10,0x1c	 x10:0x00000000 x10=0x00000000
      147199000	      7258	80003eb0	37691217	auipc	x4,0x37691	  x4=0xb7694eb0
      147279000	      7262	80003eb4	03c58363	beq	x11,x28,80003eda	 x11:0x00000000 x28:0x80021e64
      147379000	      7267	80003eb8	01e379b3	and	x19,x6,x30	  x6:0x80021e64 x30:0x800001af x19=0x80000024
      147399000	      7268	80003ebc	414c5233	sra	x4,x24,x20	 x24:0x00000000 x20:0x5969f000  x4=0x00000000
      147819000	      7289	80003ec0	03b79263	bne	x15,x27,80003ee4	 x15:0x00000000 x27:0x00000014
      148859000	      7341	80003ee4	011b2eb3	slt	x29,x22,x17	 x22:0x00000000 x17:0x00000000 x29=0x00000000
      148879000	      7342	80003ee8	02956b63	bltu	x10,x9,80003f1e	 x10:0x00000000  x9:0x80000000
      149539000	      7375	80003f1e	717d	c.addi16sp	x2,-16	  x2:0x00000150  x2=0x00000140
      149779000	      7387	80003f20	0b6006b7	lui	x13,0xb600	 x13=0x0b600000
      149799000	      7388	80003f24	34017ef3	csrrci	x29,mscratch,2	 x29=0x00000004
      149819000	      7389	80003f28	01b85b93	srli	x23,x16,0x1b	 x16:0x00000000 x23=0x00000000
      149839000	      7390	80003f2c	340dbbf3	csrrc	x23,mscratch,x27	 x27:0x00000014 x23=0x00000004
      149959000	      7396	80003f30	57fd	c.li	x15,-1	 x15=0xffffffff
      150699000	      7433	80003f32	02cadd33	divu	x26,x21,x12	 x21:0x8000008f x12:0x80025ce4 x26=0x00000000
      150719000	      7434	80003f36	00f35813	srli	x16,x6,0xf	  x6:0x80021e64 x16=0x00010004
      150739000	      7435	80003f3a	1c08	c.addi4spn	x10,x2,560	 x10=0x00000370
      150759000	      7436	80003f3c	22eb8db7	lui	x27,0x22eb8	 x27=0x22eb8000
      150799000	      7438	80003f40	03413033	mulhu	x0,x2,x20	  x2:0x00000140 x20:0x5969f000  x0=0x00000000
      150819000	      7439	80003f44	00c3a033	slt	x0,x7,x12	  x7:0x00000003 x12:0x80025ce4  x0=0x00000000
      150839000	      7440	80003f48	0058da93	srli	x21,x17,0x5	 x17:0x00000000 x21=0x00000000
      150859000	      7441	80003f4c	4187d6b3	sra	x13,x15,x24	 x15:0xffffffff x24:0x00000000 x13=0xffffffff
      150879000	      7442	80003f50	002ec9b3	xor	x19,x29,x2	 x29:0x00000004  x2:0x00000140 x19=0x00000144
      151299000	      7463	80003f54	00ee62b3	or	x5,x28,x14	 x28:0x80021e64 x14:0x7ffffab0  x5=0xfffffef4
      151319000	      7464	80003f58	037f0333	mul	x6,x30,x23	 x30:0x800001af x23:0x00000004  x6=0x000006bc
      152239000	      7510	80003f5c	023264b3	rem	x9,x4,x3	  x4:0x00000000  x3:0x00000001  x9=0x00000000
      152259000	      7511	80003f60	41338db3	sub	x27,x7,x19	  x7:0x00000003 x19:0x00000144 x27=0xfffffebf
      152279000	      7512	80003f64	0421f363	bgeu	x3,x2,80003faa	  x3:0x00000001  x2:0x00000140
      152299000	      7513	80003f68	8f31	c.xor	x14,x12	 x14:0x7ffffab0 x12:0x80025ce4 x14=0xfffda654
      152339000	      7515	80003f6a	02ab2233	mulhsu	x4,x22,x10	 x22:0x00000000 x10:0x00000370  x4=0x00000000
      152359000	      7516	80003f6e	01da81b3	add	x3,x21,x29	 x21:0x00000000 x29:0x00000004  x3=0x00000004
      153099000	      7553	80003f72	02f7cf33	div	x30,x15,x15	 x15:0xffffffff x15:0xffffffff x30=0x00000001
      153119000	      7554	80003f76	0275	c.addi	x4,29	  x4:0x00000000  x4=0x0000001d
      153139000	      7555	80003f78	8361	c.srli	x14,0x18	 x14:0xfffda654 x14=0x000000ff
      153179000	      7557	80003f7a	03f014b3	mulh	x9,x0,x31	  x0:0x00000000 x31:0x8006fdff  x9=0x00000000
      153219000	      7559	80003f7e	025eb0b3	mulhu	x1,x29,x5	 x29:0x00000004  x5:0xfffffef4  x1=0x00000003
      153959000	      7596	80003f82	0269d333	divu	x6,x19,x6	 x19:0x00000144  x6:0x000006bc  x6=0x00000000
      153979000	      7597	80003f86	340064f3	csrrsi	x9,mscratch,0	  x9=0x00000000
      154719000	      7634	80003f8a	02535233	divu	x4,x6,x5	  x6:0x00000000  x5:0xfffffef4  x4=0x00000000
      154759000	      7636	80003f8e	023e97b3	mulh	x15,x29,x3	 x29:0x00000004  x3:0x00000004 x15=0x00000000
      154779000	      7637	80003f92	06f8ea37	lui	x20,0x6f8e	 x20=0x06f8e000
      154799000	      7638	80003f96	0ff0000f	fence	iorw,iorw	
      154819000	      7639	80003f9a	8b45	c.andi	x14,17	 x14:0x000000ff x14=0x00000011
      154839000	      7640	80003f9c	015d7133	and	x2,x26,x21	 x26:0x00000000 x21:0x00000000  x2=0x00000000
      154859000	      7641	80003fa0	340cda73	csrrwi	x20,mscratch,25	 x20=0x00000000
      154879000	      7642	80003fa4	0d8c	c.addi4spn	x11,x2,720	 x11=0x000002d0
      155279000	      7662	80003fa6	02e1f663	bgeu	x3,x14,80003fd2	  x3:0x00000004 x14:0x00000011
      155379000	      7667	80003faa	62d57813	andi	x16,x10,1581	 x10:0x00000370 x16=0x00000220
      155399000	      7668	80003fae	8de9	c.and	x11,x10	 x11:0x000002d0 x10:0x00000370 x11=0x00000250
      155419000	      7669	80003fb0	41d5d013	srai	x0,x11,0x1d	 x11:0x00000250  x0=0x00000000
      155439000	      7670	80003fb4	004438b3	sltu	x17,x8,x4	  x8:0x80000000  x4:0x00000000 x17=0x00000000
      155819000	      7689	80003fb8	1706ff13	andi	x30,x13,368	 x13:0xffffffff x30=0x00000170
      155899000	      7693	80003fbc	808a	c.mv	x1,x2	  x0:0x00000000  x2:0x00000000  x1=0x00000000
      155919000	      7694	80003fbe	1b88	c.addi4spn	x10,x2,496	 x10=0x000001f0
      155939000	      7695	80003fc0	34013873	csrrc	x16,mscratch,x2	  x2:0x00000000 x16=0x00000019
      155959000	      7696	80003fc4	004e16b3	sll	x13,x28,x4	 x28:0x80021e64  x4:0x00000000 x13=0x80021e64
      156339000	      7715	80003fc8	5bfd	c.li	x23,-1	 x23=0xffffffff
      156359000	      7716	80003fca	031f1863	bne	x30,x17,80003ffa	 x30:0x00000170 x17:0x00000000
      157379000	      7767	80003ffa	84b1	c.srai	x9,0xc	  x9:0x00000000  x9=0x00000000
      158119000	      7804	80003ffc	0233d833	divu	x16,x7,x3	  x7:0x00000003  x3:0x00000004 x16=0x00000000
      158139000	      7805	80004000	8bbe	c.mv	x23,x15	  x0:0x00000000 x15:0x00000000 x23=0x00000000
      158159000	      7806	80004002	8f55	c.or	x14,x13	 x14:0x00000011 x13:0x80021e64 x14=0x80021e75
      158179000	      7807	80004004	8d01	c.sub	x10,x8	 x10:0x000001f0  x8:0x80000000 x10=0x800001f0
      158199000	      7808	80004006	34086773	csrrsi	x14,mscratch,16	 x14=0x00000019
      158219000	      7809	8000400a	00569113	slli	x2,x13,0x5	 x13:0x80021e64  x2=0x0043cc80
      158259000	      7811	8000400e	028b2733	mulhsu	x14,x22,x8	 x22:0x00000000  x8:0x80000000 x14=0x00000000
      158279000	      7812	80004012	0001	c.addi	x0,0	  x0:0x00000000  x0=0x00000000
      158299000	      7813	80004014	830d	c.srli	x14,0x3	 x14:0x00000000 x14=0x00000000
      158319000	      7814	80004016	3403a073	csrrs	x0,mscratch,x7	  x7:0x00000003  x0=0x00000000
      159059000	      7851	8000401a	03365833	divu	x16,x12,x19	 x12:0x80025ce4 x19:0x00000144 x16=0x006524a1
      159079000	      7852	8000401e	8ca1	c.xor	x9,x8	  x9:0x00000000  x8:0x80000000  x9=0x80000000
      159099000	      7853	80004020	010a	c.slli	x2,0x2	  x2:0x0043cc80  x2=0x010f3200
      159119000	      7854	80004022	6fa5	c.lui	x31,0x9	 x31=0x00009000
      159139000	      7855	80004024	3408a4f3	csrrs	x9,mscratch,x17	 x17:0x00000000  x9=0x0000001b
      159159000	      7856	80004028	0ff0000f	fence	iorw,iorw	
      159179000	      7857	8000402c	001f6d63	bltu	x30,x1,80004046	 x30:0x00000170  x1:0x00000000
      159199000	      7858	80004030	340074f3	csrrci	x9,mscratch,0	  x9=0x0000001b
      159219000	      7859	80004034	03ab8f33	mul	x30,x23,x26	 x23:0x00000000 x26:0x00000000 x30=0x00000000
      159259000	      7861	80004038	010d1513	slli	x10,x26,0x10	 x26:0x00000000 x10=0x00000000
      159399000	      7868	8000403c	8ef9	c.and	x13,x14	 x13:0x80021e64 x14:0x00000000 x13=0x00000000
      159419000	      7869	8000403e	0345f463	bgeu	x11,x20,80004066	 x11:0x00000250 x20:0x00000000
      160279000	      7912	80004066	027b25b3	mulhsu	x11,x22,x7	 x22:0x00000000  x7:0x00000003 x11=0x00000000
      160599000	      7928	8000406a	340a12f3	csrrw	x5,mscratch,x20	 x20:0x00000000  x5=0x0000001b
      160739000	      7935	8000406e	03af39b3	mulhu	x19,x30,x26	 x30:0x00000000 x26:0x00000000 x19=0x00000000
      160759000	      7936	80004072	80c9	c.srli	x9,0x12	  x9:0x0000001b  x9=0x00000000
      160779000	      7937	80004074	34b53c13	sltiu	x24,x10,843	 x10:0x00000000 x24=0x00000001
      161159000	      7956	80004078	34009073	csrrw	x0,mscratch,x1	  x1:0x00000000  x0=0x00000000
      161479000	      7972	8000407c	3400d2f3	csrrwi	x5,mscratch,1	  x5=0x00000000
      161639000	      7980	80004080	34002ef3	csrrs	x29,mscratch,x0	  x0:0x00000000 x29=0x00000001
      161659000	      7981	80004084	ef11	c.bnez	x14,800040a0	 x14:0x00000000
      161699000	      7983	80004086	0357e533	rem	x10,x15,x21	 x15:0x00000000 x21:0x00000000 x10=0x00000000
      161719000	      7984	8000408a	a59afe93	andi	x29,x21,-1447	 x21:0x00000000 x29=0x00000000
      161739000	      7985	8000408e	6111	c.addi16sp	x2,256	  x2:0x010f3200  x2=0x010f3300
      162079000	      8002	80004090	00c65493	srli	x9,x12,0xc	 x12:0x80025ce4  x9=0x00080025
      162159000	      8006	80004094	002267b3	or	x15,x4,x2	  x4:0x00000000  x2:0x010f3300 x15=0x010f3300
      162239000	      8010	80004098	6cc9	c.lui	x25,0x12	 x25=0x00012000
      162339000	      8015	8000409a	b6926213	ori	x4,x4,-1175	  x4:0x00000000  x4=0xfffffb69
      162359000	      8016	8000409e	8e8d	c.sub	x13,x11	 x13:0x00000000 x11:0x00000000 x13=0x00000000
      162459000	      8021	800040a0	6a35	c.lui	x20,0xd	 x20=0x0000d000
      162499000	      8023	800040a2	03f52b33	mulhsu	x22,x10,x31	 x10:0x00000000 x31:0x00009000 x22=0x00000000
      162519000	      8024	800040a6	01f68463	beq	x13,x31,800040ae	 x13:0x00000000 x31:0x00009000
      163439000	      8070	800040aa	023fd2b3	divu	x5,x31,x3	 x31:0x00009000  x3:0x00000004  x5=0x00002400
      163459000	      8071	800040ae	0086b1b3	sltu	x3,x13,x8	 x13:0x00000000  x8:0x80000000  x3=0x00000001
      163479000	      8072	800040b2	8df1	c.and	x11,x12	 x11:0x00000000 x12:0x80025ce4 x11=0x00000000
      163499000	      8073	800040b4	f17e2993	slti	x19,x28,-233	 x28:0x80021e64 x19=0x00000001
      163519000	      8074	800040b8	00122033	slt	x0,x4,x1	  x4:0xfffffb69  x1:0x00000000  x0=0x00000000
      163699000	      8083	800040bc	3404bc73	csrrc	x24,mscratch,x9	  x9:0x00080025 x24=0x00000001
      163719000	      8084	800040c0	41fed133	sra	x2,x29,x31	 x29:0x00000000 x31:0x00009000  x2=0x00000000
      164139000	      8105	800040c4	df2fec17	auipc	x24,0xdf2fe	 x24=0x5f3020c4
      164159000	      8106	800040c8	717d	c.addi16sp	x2,-16	  x2:0x00000000  x2=0xfffffff0
      164179000	      8107	800040ca	966dec93	ori	x25,x27,-1690	 x27:0xfffffebf x25=0xffffffff
      165019000	      8149	800040ce	023576b3	remu	x13,x10,x3	 x10:0x00000000  x3:0x00000001 x13=0x00000000
      165039000	      8150	800040d2	8ff2	c.mv	x31,x28	  x0:0x00000000 x28:0x80021e64 x31=0x80021e64
      165059000	      8151	800040d4	64f9	c.lui	x9,0x1e	  x9=0x0001e000
      165079000	      8152	800040d6	00f4b933	sltu	x18,x9,x15	  x9:0x0001e000 x15:0x010f3300 x18=0x00000001
      165099000	      8153	800040da	cb09	c.beqz	x14,800040ec	 x14:0x00000000
      165299000	      8163	800040ec	83de	c.mv	x7,x23	  x0:0x00000000 x23:0x00000000  x7=0x00000000
      165319000	      8164	800040ee	0f4d	c.addi	x30,19	 x30:0x00000000 x30=0x00000013
      165499000	      8173	800040f0	68e87f93	andi	x31,x16,1678	 x16:0x006524a1 x31=0x00000480
      165519000	      8174	800040f4	82c5	c.srli	x13,0x11	 x13:0x00000000 x13=0x00000000
      165719000	      8184	800040f6	00263ab3	sltu	x21,x12,x2	 x12:0x80025ce4  x2:0xfffffff0 x21=0x00000001
      165739000	      8185	800040fa	023d0b33	mul	x22,x26,x3	 x26:0x00000000  x3:0x00000001 x22=0x00000000
      165759000	      8186	800040fe	00bf32b3	sltu	x5,x30,x11	 x30:0x00000013 x11:0x00000000  x5=0x00000000
      165779000	      8187	80004102	00ddd313	srli	x6,x27,0xd	 x27:0xfffffebf  x6=0x0007ffff
      165979000	      8197	80004106	6bc0a713	slti	x14,x1,1724	  x1:0x00000000 x14=0x00000001
      166819000	      8239	8000410a	039af3b3	remu	x7,x21,x25	 x21:0x00000001 x25:0xffffffff  x7=0x00000001
      166839000	      8240	8000410e	03e5c563	blt	x11,x30,80004138	 x11:0x00000000 x30:0x00000013
      166919000	      8244	80004138	017693b3	sll	x7,x13,x23	 x13:0x00000000 x23:0x00000000  x7=0x00000000
      167479000	      8272	8000413c	40ffd893	srai	x17,x31,0xf	 x31:0x00000480 x17=0x00000000
      167539000	      8275	80004140	0001	c.addi	x0,0	  x0:0x00000000  x0=0x00000000
      167759000	      8286	80004142	025feeb3	rem	x29,x31,x5	 x31:0x00000480  x5:0x00000000 x29=0x00000480
      167779000	      8287	80004146	0109fb33	and	x22,x19,x16	 x19:0x00000001 x16:0x006524a1 x22=0x00000001
      167799000	      8288	8000414a	0001	c.addi	x0,0	  x0:0x00000000  x0=0x00000000
      167819000	      8289	8000414c	01e77733	and	x14,x14,x30	 x14:0x00000001 x30:0x00000013 x14=0x00000001
      168199000	      8308	80004150	851d	c.srai	x10,0x7	 x10:0x00000000 x10=0x00000000
      168219000	      8309	80004152	1188	c.addi4spn	x10,x2,224	 x10=0x000000d0
      168239000	      8310	80004154	8f01	c.sub	x14,x8	 x14:0x00000001  x8:0x80000000 x14=0x80000001
      168259000	      8311	80004156	340f1cf3	csrrw	x25,mscratch,x30	 x30:0x00000013 x25=0x00000000
      168279000	      8312	8000415a	8191	c.srli	x11,0x4	 x11:0x00000000 x11=0x00000000
      168299000	      8313	8000415c	868d	c.srai	x13,0x3	 x13:0x00000000 x13=0x00000000
      168319000	      8314	8000415e	007fec63	bltu	x31,x7,80004176	 x31:0x00000480  x7:0x00000000
      168339000	      8315	80004162	0001	c.addi	x0,0	  x0:0x00000000  x0=0x00000000
      168359000	      8316	80004164	82bd	c.srli	x13,0xf	 x13:0x00000000 x13=0x00000000
      168439000	      8320	80004166	0017f263	bgeu	x15,x1,8000416a	 x15:0x010f3300  x1:0x00000000
      168959000	      8346	8000416a	0c01b013	sltiu	x0,x3,192	  x3:0x00000001  x0=0x00000000
      168979000	      8347	8000416e	189c	c.addi4spn	x15,x2,112	 x15=0x00000060
      168999000	      8348	80004170	0fb2	c.slli	x31,0xc	 x31:0x00000480 x31=0x00480000
      169019000	      8349	80004172	6105	c.addi16sp	x2,32	  x2:0xfffffff0  x2=0x00000010
      169119000	      8354	80004174	8fd5	c.or	x15,x13	 x15:0x00000060 x13:0x00000000 x15=0x00000060
      169139000	      8355	80004176	a3964a93	xori	x21,x12,-1479	 x12:0x80025ce4 x21=0x7ffda6dd
      169159000	      8356	8000417a	0015e033	or	x0,x11,x1	 x11:0x00000000  x1:0x00000000  x0=0x00000000
      169179000	      8357	8000417e	8b15	c.andi	x14,5	 x14:0x80000001 x14=0x00000001
      192459000	      9521	80004180	02338233	mul	x4,x7,x3	  x7:0x00000000  x3:0x00000001  x4=0x00000000
      192479000	      9522	80004184	8cc9	c.or	x9,x10	  x9:0x0001e000 x10:0x000000d0  x9=0x0001e0d0
      192499000	      9523	80004186	927a	c.add	x4,x30	  x4:0x00000000 x30:0x00000013  x4=0x00000013
      192519000	      9524	80004188	00fe0263	beq	x28,x15,8000418c	 x28:0x80021e64 x15:0x00000060
      192539000	      9525	8000418c	f3964017	auipc	x0,0xf3964	  x0=0x00000000
      192659000	      9531	80004190	03121c33	mulh	x24,x4,x17	  x4:0x00000013 x17:0x00000000 x24=0x00000000
      192679000	      9532	80004194	00159093	slli	x1,x11,0x1	 x11:0x00000000  x1=0x00000000
      192719000	      9534	80004198	03a74833	div	x16,x14,x26	 x14:0x00000001 x26:0x00000000 x16=0xffffffff
      193099000	      9553	8000419c	0256b6b3	mulhu	x13,x13,x5	 x13:0x00000000  x5:0x00000000 x13=0x00000000
      193199000	      9558	800041a0	030037b3	mulhu	x15,x0,x16	  x0:0x00000000 x16:0xffffffff x15=0x00000000
      193219000	      9559	800041a4	01481113	slli	x2,x16,0x14	 x16:0xffffffff  x2=0xfff00000
      193239000	      9560	800041a8	40450b33	sub	x22,x10,x4	 x10:0x000000d0  x4:0x00000013 x22=0x000000bd
      193299000	      9563	800041ac	8cf5	c.and	x9,x13	  x9:0x0001e0d0 x13:0x00000000  x9=0x00000000
      193419000	      9569	800041ae	01b48b33	add	x22,x9,x27	  x9:0x00000000 x27:0xfffffebf x22=0xfffffebf
      193439000	      9570	800041b2	819a	c.mv	x3,x6	  x0:0x00000000  x6:0x0007ffff  x3=0x0007ffff
      193479000	      9572	800041b4	0356b0b3	mulhu	x1,x13,x21	 x13:0x00000000 x21:0x7ffda6dd  x1=0x00000000
      193499000	      9573	800041b8	8091	c.srli	x9,0x4	  x9:0x00000000  x9=0x00000000
      193559000	      9576	800041ba	017a5533	srl	x10,x20,x23	 x20:0x0000d000 x23:0x00000000 x10=0x0000d000
      193579000	      9577	800041be	020e7363	bgeu	x28,x0,800041e4	 x28:0x80021e64  x0:0x00000000
      193699000	      9583	800041e4	00b03933	sltu	x18,x0,x11	  x0:0x00000000 x11:0x00000000 x18=0x00000000
      193839000	      9590	800041e8	3409ad73	csrrs	x26,mscratch,x19	 x19:0x00000001 x26=0x00000013
      193919000	      9594	800041ec	94a6	c.add	x9,x9	  x9:0x00000000  x9:0x00000000  x9=0x00000000
      193939000	      9595	800041ee	63c1	c.lui	x7,0x10	  x7=0x00010000
      194119000	      9604	800041f0	0001	c.addi	x0,0	  x0:0x00000000  x0=0x00000000
      194479000	      9622	800041f2	00366fb3	or	x31,x12,x3	 x12:0x80025ce4  x3:0x0007ffff x31=0x8007ffff
      194499000	      9623	800041f6	41b98ab3	sub	x21,x19,x27	 x19:0x00000001 x27:0xfffffebf x21=0x00000142
      194539000	      9625	800041fa	0312bd33	mulhu	x26,x5,x17	  x5:0x00000000 x17:0x00000000 x26=0x00000000
      194779000	      9637	800041fe	023e7c63	bgeu	x28,x3,80004236	 x28:0x80021e64  x3:0x0007ffff
      195379000	      9667	80004236	40240bb3	sub	x23,x8,x2	  x8:0x80000000  x2:0xfff00000 x23=0x80100000
      195399000	      9668	8000423a	02ad0a33	mul	x20,x26,x10	 x26:0x00000000 x10:0x0000d000 x20=0x00000000
      195419000	      9669	8000423e	015da4b3	slt	x9,x27,x21	 x27:0xfffffebf x21:0x00000142  x9=0x00000001
      196559000	      9726	80004242	03f767b3	rem	x15,x14,x31	 x14:0x00000001 x31:0x8007ffff x15=0x00000001
      196579000	      9727	80004246	0155e033	or	x0,x11,x21	 x11:0x00000000 x21:0x00000142  x0=0x00000000
      196599000	      9728	8000424a	0ff0000f	fence	iorw,iorw	
      196619000	      9729	8000424e	0ff0000f	fence	iorw,iorw	
      196639000	      9730	80004252	003cd363	bge	x25,x3,80004258	 x25:0x00000000  x3:0x0007ffff
      196659000	      9731	80004256	0a88	c.addi4spn	x10,x2,336	 x10=0xfff00150
      196859000	      9741	80004258	01e3d133	srl	x2,x7,x30	  x7:0x00010000 x30:0x00000013  x2=0x00000000
      196879000	      9742	8000425c	8fc5	c.or	x15,x9	 x15:0x00000001  x9:0x00000001 x15=0x00000001
      197299000	      9763	8000425e	340adff3	csrrwi	x31,mscratch,21	 x31=0x00000013
      198039000	      9800	80004262	0262d2b3	divu	x5,x5,x6	  x5:0x00000000  x6:0x0007ffff  x5=0x00000000
      198059000	      9801	80004266	005144b3	xor	x9,x2,x5	  x2:0x00000000  x5:0x00000000  x9=0x00000000
      198079000	      9802	8000426a	8dc1	c.or	x11,x8	 x11:0x00000000  x8:0x80000000 x11=0x80000000
      198099000	      9803	8000426c	e1a9	c.bnez	x11,800042ae	 x11:0x80000000
      199059000	      9851	800042ae	d2584b13	xori	x22,x16,-731	 x16:0xffffffff x22=0x000002da
      199079000	      9852	800042b2	41f50d33	sub	x26,x10,x31	 x10:0xfff00150 x31:0x00000013 x26=0xfff0013d
      199499000	      9873	800042b6	2496ed93	ori	x27,x13,585	 x13:0x00000000 x27=0x00000249
      199519000	      9874	800042ba	340033f3	csrrc	x7,mscratch,x0	  x0:0x00000000  x7=0x00000015
      199539000	      9875	800042be	c8b07913	andi	x18,x0,-885	  x0:0x00000000 x18=0x00000000
      199559000	      9876	800042c2	879d	c.srai	x15,0x7	 x15:0x00000001 x15=0x00000000
      199659000	      9881	800042c4	b2734713	xori	x14,x6,-1241	  x6:0x0007ffff x14=0xfff804d8
      199679000	      9882	800042c8	ee99	c.bnez	x13,800042e6	 x13:0x00000000
      199699000	      9883	800042ca	006bd033	srl	x0,x23,x6	 x23:0x80100000  x6:0x0007ffff  x0=0x00000000
      199739000	      9885	800042ce	03ed9ab3	mulh	x21,x27,x30	 x27:0x00000249 x30:0x00000013 x21=0x00000000
      199919000	      9894	800042d2	01376133	or	x2,x14,x19	 x14:0xfff804d8 x19:0x00000001  x2=0xfff804d9
      199999000	      9898	800042d6	0006d4b3	srl	x9,x13,x0	 x13:0x00000000  x0:0x00000000  x9=0x00000000
      200019000	      9899	800042da	9d16	c.add	x26,x5	 x26:0xfff0013d  x5:0x00000000 x26=0xfff0013d
      200039000	      9900	800042dc	0cce	c.slli	x25,0x13	 x25:0x00000000 x25=0x00000000
      200339000	      9915	800042de	3404a5f3	csrrs	x11,mscratch,x9	  x9:0x00000000 x11=0x00000015
      200439000	      9920	800042e2	031ab233	mulhu	x4,x21,x17	 x21:0x00000000 x17:0x00000000  x4=0x00000000
      200839000	      9940	800042e6	0000100f	fence.i	
      202179000	     10007	800042ea	40eedf13	srai	x30,x29,0xe	 x29:0x00000480 x30=0x00000000
      202259000	     10011	800042ee	015cc1b3	xor	x3,x25,x21	 x25:0x00000000 x21:0x00000000  x3=0x00000000
      202299000	     10013	800042f2	031d16b3	mulh	x13,x26,x17	 x26:0xfff0013d x17:0x00000000 x13=0x00000000
      202319000	     10014	800042f6	e795	c.bnez	x15,80004322	 x15:0x00000000
      202559000	     10026	800042f8	9bfd	c.andi	x15,-1	 x15:0x00000000 x15=0x00000000
      202619000	     10029	800042fa	01661093	slli	x1,x12,0x16	 x12:0x80025ce4  x1=0x39000000
      202639000	     10030	800042fe	8319	c.srli	x14,0x6	 x14:0xfff804d8 x14=0x03ffe013
      202779000	     10037	80004300	01504e63	blt	x0,x21,8000431c	  x0:0x00000000 x21:0x00000000
      202919000	     10044	80004304	0ff0000f	fence	iorw,iorw	
      202959000	     10046	80004308	032dd5b3	divu	x11,x27,x18	 x27:0x00000249 x18:0x00000000 x11=0xffffffff
      202979000	     10047	8000430c	012feeb3	or	x29,x31,x18	 x31:0x00000013 x18:0x00000000 x29=0x00000013
      202999000	     10048	80004310	00536bb3	or	x23,x6,x5	  x6:0x0007ffff  x5:0x00000000 x23=0x0007ffff
      203019000	     10049	80004314	41155a33	sra	x20,x10,x17	 x10:0xfff00150 x17:0x00000000 x20=0xfff00150
      203179000	     10057	80004318	0119dc93	srli	x25,x19,0x11	 x19:0x00000001 x25=0x00000000
      203599000	     10078	8000431c	59fd	c.li	x19,-1	 x19=0xffffffff
      203779000	     10087	8000431e	00ca1193	slli	x3,x20,0xc	 x20:0xfff00150  x3=0x00150000
      203939000	     10095	80004322	f89ab993	sltiu	x19,x21,-119	 x21:0x00000000 x19=0x00000001
      204159000	     10106	80004326	03dcb233	mulhu	x4,x25,x29	 x25:0x00000000 x29:0x00000013  x4=0x00000000
      204179000	     10107	8000432a	34007273	csrrci	x4,mscratch,0	  x4=0x00000015
      204259000	     10111	8000432e	3405bf73	csrrc	x30,mscratch,x11	 x11:0xffffffff x30=0x00000015
      204279000	     10112	80004332	8ed1	c.or	x13,x12	 x13:0x00000000 x12:0x80025ce4 x13=0x80025ce4
      204299000	     10113	80004334	34002ef3	csrrs	x29,mscratch,x0	  x0:0x00000000 x29=0x00000000
      204319000	     10114	80004338	01da1f33	sll	x30,x20,x29	 x20:0xfff00150 x29:0x00000000 x30=0xfff00150
      204719000	     10134	8000433c	0135c663	blt	x11,x19,80004348	 x11:0xffffffff x19:0x00000001
      205319000	     10164	80004348	01914663	blt	x2,x25,80004354	  x2:0xfff804d9 x25:0x00000000
      205579000	     10177	80004354	e185	c.bnez	x11,80004374	 x11:0xffffffff
      206419000	     10219	80004374	02e49cb3	mulh	x25,x9,x14	  x9:0x00000000 x14:0x03ffe013 x25=0x00000000
      206439000	     10220	80004378	00ad5713	srli	x14,x26,0xa	 x26:0xfff0013d x14=0x003ffc00
      206479000	     10222	8000437c	99d66717	auipc	x14,0x99d66	 x14=0x19d6a37c
      206499000	     10223	80004380	00661363	bne	x12,x6,80004386	 x12:0x80025ce4  x6:0x0007ffff
      206679000	     10232	80004386	8d9d	c.sub	x11,x15	 x11:0xffffffff x15:0x00000000 x11=0xffffffff
      206839000	     10240	80004388	8f41	c.or	x14,x8	 x14:0x19d6a37c  x8:0x80000000 x14=0x99d6a37c
      207059000	     10251	8000438a	04506563	bltu	x0,x5,800043d4	  x0:0x00000000  x5:0x00000000
      207119000	     10254	8000438e	02310763	beq	x2,x3,800043bc	  x2:0xfff804d9  x3:0x00150000
      207259000	     10261	80004392	e7bb8c13	addi	x24,x23,-389	 x23:0x0007ffff x24=0x0007fe7a
      207479000	     10272	80004396	02997163	bgeu	x18,x9,800043b8	 x18:0x00000000  x9:0x00000000
      207679000	     10282	800043b8	025d0333	mul	x6,x26,x5	 x26:0xfff0013d  x5:0x00000000  x6=0x00000000
      207799000	     10288	800043bc	039f5a33	divu	x20,x30,x25	 x30:0xfff00150 x25:0x00000000 x20=0xffffffff
      207819000	     10289	800043c0	000a5733	srl	x14,x20,x0	 x20:0xffffffff  x0:0x00000000 x14=0xffffffff
      207839000	     10290	800043c4	00e149b3	xor	x19,x2,x14	  x2:0xfff804d9 x14:0xffffffff x19=0x0007fb26
      207979000	     10297	800043c8	02fcf6b3	remu	x13,x25,x15	 x25:0x00000000 x15:0x00000000 x13=0x00000000
      207999000	     10298	800043cc	00fe9b63	bne	x29,x15,800043e2	 x29:0x00000000 x15:0x00000000
      208159000	     10306	800043d0	66f1	c.lui	x13,0x1c	 x13=0x0001c000
      208179000	     10307	800043d2	86be	c.mv	x13,x15	  x0:0x00000000 x15:0x00000000 x13=0x00000000
      208199000	     10308	800043d4	4cfa0197	auipc	x3,0x4cfa0	  x3=0xccfa43d4
      208339000	     10315	800043d8	1918	c.addi4spn	x14,x2,176	 x14=0xfff80589
      208359000	     10316	800043da	0000100f	fence.i	
      208899000	     10343	800043de	0fd9b313	sltiu	x6,x19,253	 x19:0x0007fb26  x6=0x00000000
      208919000	     10344	800043e2	01ad96b3	sll	x13,x27,x26	 x27:0x00000249 x26:0xfff0013d x13=0x20000000
      208939000	     10345	800043e6	01c6d7b3	srl	x15,x13,x28	 x13:0x20000000 x28:0x80021e64 x15=0x02000000
      209679000	     10382	800043ea	03cc65b3	rem	x11,x24,x28	 x24:0x0007fe7a x28:0x80021e64 x11=0x0007fe7a
      209699000	     10383	800043ee	00e1b2b3	sltu	x5,x3,x14	  x3:0xccfa43d4 x14:0xfff80589  x5=0x00000001
      209719000	     10384	800043f2	340e31f3	csrrc	x3,mscratch,x28	 x28:0x80021e64  x3=0x00000000
      209759000	     10386	800043f6	0238aeb3	mulhsu	x29,x17,x3	 x17:0x00000000  x3:0x00000000 x29=0x00000000
      209779000	     10387	800043fa	340077f3	csrrci	x15,mscratch,0	 x15=0x00000000
      209819000	     10389	800043fe	023be6b3	rem	x13,x23,x3	 x23:0x0007ffff  x3:0x00000000 x13=0x0007ffff
      209839000	     10390	80004402	0246	c.slli	x4,0x11	  x4:0x00000015  x4=0x002a0000
      209859000	     10391	80004404	717d	c.addi16sp	x2,-16	  x2:0xfff804d9  x2=0xfff804c9
      211159000	     10456	80004406	02b1c033	div	x0,x3,x11	  x3:0x00000000 x11:0x0007fe7a  x0=0x00000000
      211179000	     10457	8000440a	03d91a63	bne	x18,x29,8000443e	 x18:0x00000000 x29:0x00000000
      211199000	     10458	8000440e	4865	c.li	x16,25	 x16=0x00000019
      211219000	     10459	80004410	15fd	c.addi	x11,-1	 x11:0x0007fe7a x11=0x0007fe79
      211239000	     10460	80004412	ce213517	auipc	x10,0xce213	 x10=0x4e217412
      211259000	     10461	80004416	8ea5	c.xor	x13,x9	 x13:0x0007ffff  x9:0x00000000 x13=0x0007ffff
      211279000	     10462	80004418	00e1da13	srli	x20,x3,0xe	  x3:0x00000000 x20=0x00000000
      211299000	     10463	8000441c	03650933	mul	x18,x10,x22	 x10:0x4e217412 x22:0x000002da x18=0xcb64fb54
      211339000	     10465	80004420	8c9d	c.sub	x9,x15	  x9:0x00000000 x15:0x00000000  x9=0x00000000
      211359000	     10466	80004422	0001	c.addi	x0,0	  x0:0x00000000  x0=0x00000000
      212299000	     10513	80004424	021e78b3	remu	x17,x28,x1	 x28:0x80021e64  x1:0x39000000 x17=0x0e021e64
      212319000	     10514	80004428	8cc9	c.or	x9,x10	  x9:0x00000000 x10:0x4e217412  x9=0x4e217412
      212359000	     10516	8000442a	037ab6b3	mulhu	x13,x21,x23	 x21:0x00000000 x23:0x0007ffff x13=0x00000000
      212379000	     10517	8000442e	84e9	c.srai	x9,0x1a	  x9:0x4e217412  x9=0x00000013
      212399000	     10518	80004430	00601e93	slli	x29,x0,0x6	  x0:0x00000000 x29=0x00000000
      212419000	     10519	80004434	99fd	c.andi	x11,-1	 x11:0x0007fe79 x11=0x0007fe79
      212439000	     10520	80004436	038902b3	mul	x5,x18,x24	 x18:0xcb64fb54 x24:0x0007fe7a  x5=0xfec91e08
      212459000	     10521	8000443a	8d45	c.or	x10,x9	 x10:0x4e217412  x9:0x00000013 x10=0x4e217413
      212479000	     10522	8000443c	e199	c.bnez	x11,80004442	 x11:0x0007fe79
      213259000	     10561	80004442	4b5eff37	lui	x30,0x4b5ef	 x30=0x4b5ef000
      213679000	     10582	80004446	00901593	slli	x11,x0,0x9	  x0:0x00000000 x11=0x00000000
      213739000	     10585	8000444a	002750b3	srl	x1,x14,x2	 x14:0xfff80589  x2:0xfff804c9  x1=0x007ffc02
      213879000	     10592	8000444e	245c0f93	addi	x31,x24,581	 x24:0x0007fe7a x31=0x000800bf
      213899000	     10593	80004452	01789593	slli	x11,x17,0x17	 x17:0x0e021e64 x11=0x32000000
      213919000	     10594	80004456	009a8a63	beq	x21,x9,8000446a	 x21:0x00000000  x9:0x00000013
      214339000	     10615	8000445a	019f1d33	sll	x26,x30,x25	 x30:0x4b5ef000 x25:0x00000000 x26=0x4b5ef000
      214359000	     10616	8000445e	38134713	xori	x14,x6,897	  x6:0x00000000 x14=0x00000381
      214379000	     10617	80004462	01579b63	bne	x15,x21,80004478	 x15:0x00000000 x21:0x00000000
      214399000	     10618	80004466	03a18663	beq	x3,x26,80004492	  x3:0x00000000 x26:0x4b5ef000
      214419000	     10619	8000446a	527d	c.li	x4,-1	  x4=0xffffffff
      214439000	     10620	8000446c	a068b913	sltiu	x18,x17,-1530	 x17:0x0e021e64 x18=0x00000001
      214459000	     10621	80004470	03270933	mul	x18,x14,x18	 x14:0x00000381 x18:0x00000001 x18=0x00000381
      214619000	     10629	80004474	004adf13	srli	x30,x21,0x4	 x21:0x00000000 x30=0x00000000
      214639000	     10630	80004478	0001	c.addi	x0,0	  x0:0x00000000  x0=0x00000000
      214859000	     10641	8000447a	34043b73	csrrc	x22,mscratch,x8	  x8:0x80000000 x22=0x00000000
      215019000	     10649	8000447e	02524763	blt	x4,x5,800044ac	  x4:0xffffffff  x5:0xfec91e08
      215099000	     10653	80004482	00280d33	add	x26,x16,x2	 x16:0x00000019  x2:0xfff804c9 x26=0xfff804e2
      215119000	     10654	80004486	409c8fb3	sub	x31,x25,x9	 x25:0x00000000  x9:0x00000013 x31=0xffffffed
      215139000	     10655	8000448a	04961063	bne	x12,x9,800044ca	 x12:0x80025ce4  x9:0x00000013
      215639000	     10680	800044ca	02a65363	bge	x12,x10,800044f0	 x12:0x80025ce4 x10:0x4e217413
      215779000	     10687	800044ce	340f11f3	csrrw	x3,mscratch,x30	 x30:0x00000000  x3=0x00000000
      215799000	     10688	800044d2	717d	c.addi16sp	x2,-16	  x2:0xfff804c9  x2=0xfff804b9
      215839000	     10690	800044d4	03eedc33	divu	x24,x29,x30	 x29:0x00000000 x30:0x00000000 x24=0xffffffff
      215859000	     10691	800044d8	6fb1	c.lui	x31,0xc	 x31=0x0000c000
      215879000	     10692	800044da	006682b3	add	x5,x13,x6	 x13:0x00000000  x6:0x00000000  x5=0x00000000
      215899000	     10693	800044de	06330193	addi	x3,x6,99	  x6:0x00000000  x3=0x00000063
      215939000	     10695	800044e2	00818b33	add	x22,x3,x8	  x3:0x00000063  x8:0x80000000 x22=0x80000063
      216119000	     10704	800044e6	01b0d333	srl	x6,x1,x27	  x1:0x007ffc02 x27:0x00000249  x6=0x00003ffe
      216659000	     10731	800044ea	340fdd73	csrrwi	x26,mscratch,31	 x26=0x00000000
      216679000	     10732	800044ee	0fe6	c.slli	x31,0x19	 x31:0x0000c000 x31=0x00000000
      216719000	     10734	800044f0	02eaab33	mulhsu	x22,x21,x14	 x21:0x00000000 x14:0x00000381 x22=0x00000000
      216839000	     10740	800044f4	03ca0fb3	mul	x31,x20,x28	 x20:0x00000000 x28:0x80021e64 x31=0x00000000
      216859000	     10741	800044f8	00288cb3	add	x25,x17,x2	 x17:0x0e021e64  x2:0xfff804b9 x25=0x0dfa231d
      216879000	     10742	800044fc	6ad1	c.lui	x21,0x14	 x21=0x00014000
      216999000	     10748	800044fe	024b00b3	mul	x1,x22,x4	 x22:0x00000000  x4:0xffffffff  x1=0x00000000
      217019000	     10749	80004502	81d1	c.srli	x11,0x14	 x11:0x32000000 x11=0x00000320
      217039000	     10750	80004504	34052ef3	csrrs	x29,mscratch,x10	 x10:0x4e217413 x29=0x0000001f
      217059000	     10751	80004508	02581c63	bne	x16,x5,80004540	 x16:0x00000019  x5:0x00000000
      217319000	     10764	80004540	00c56133	or	x2,x10,x12	 x10:0x4e217413 x12:0x80025ce4  x2=0xce237cf7
      217439000	     10770	80004544	0ff0000f	fence	iorw,iorw	
      217859000	     10791	80004548	340028f3	csrrs	x17,mscratch,x0	  x0:0x00000000 x17=0x4e21741f
      217879000	     10792	8000454c	8eb5	c.xor	x13,x13	 x13:0x00000000 x13:0x00000000 x13=0x00000000
      217899000	     10793	8000454e	8d55	c.or	x10,x13	 x10:0x4e217413 x13:0x00000000 x10=0x4e217413
      217939000	     10795	80004550	0122a9b3	slt	x19,x5,x18	  x5:0x00000000 x18:0x00000381 x19=0x00000001
      217999000	     10798	80004554	0000100f	fence.i	
      219159000	     10856	80004558	00e8b8b3	sltu	x17,x17,x14	 x17:0x4e21741f x14:0x00000381 x17=0x00000000
      219179000	     10857	8000455c	037b0eb3	mul	x29,x22,x23	 x22:0x00000000 x23:0x0007ffff x29=0x00000000
      219299000	     10863	80004560	00f76363	bltu	x14,x15,80004566	 x14:0x00000381 x15:0x00000000
      219719000	     10884	80004564	8cf5	c.and	x9,x13	  x9:0x00000013 x13:0x00000000  x9=0x00000000
      219739000	     10885	80004566	0000100f	fence.i	
      220899000	     10943	8000456a	0009c7b3	xor	x15,x19,x0	 x19:0x00000001  x0:0x00000000 x15=0x00000001
      220999000	     10948	8000456e	0072fe63	bgeu	x5,x7,8000458a	  x5:0x00000000  x7:0x00000015
      221019000	     10949	80004572	0001	c.addi	x0,0	  x0:0x00000000  x0=0x00000000
      221219000	     10959	80004574	406a8db3	sub	x27,x21,x6	 x21:0x00014000  x6:0x00003ffe x27=0x00010002
      221239000	     10960	80004578	0001	c.addi	x0,0	  x0:0x00000000  x0=0x00000000
      221259000	     10961	8000457a	8ded	c.and	x11,x11	 x11:0x00000320 x11:0x00000320 x11=0x00000320
      221279000	     10962	8000457c	ef09	c.bnez	x14,80004596	 x14:0x00000381
      222019000	     10999	80004596	03daedb3	rem	x27,x21,x29	 x21:0x00014000 x29:0x00000000 x27=0x00014000
      222059000	     11001	8000459a	02b91533	mulh	x10,x18,x11	 x18:0x00000381 x11:0x00000320 x10=0x00000000
      222079000	     11002	8000459e	0ff0000f	fence	iorw,iorw	
      222099000	     11003	800045a2	34003073	csrrc	x0,mscratch,x0	  x0:0x00000000  x0=0x00000000
      222259000	     11011	800045a6	0051bd33	sltu	x26,x3,x5	  x3:0x00000063  x5:0x00000000 x26=0x00000000
      222279000	     11012	800045aa	8c89	c.sub	x9,x10	  x9:0x00000000 x10:0x00000000  x9=0x00000000
      222299000	     11013	800045ac	017a41b3	xor	x3,x20,x23	 x20:0x00000000 x23:0x0007ffff  x3=0x0007ffff
      222319000	     11014	800045b0	340413f3	csrrw	x7,mscratch,x8	  x8:0x80000000  x7=0x4e21741f
      222539000	     11025	800045b4	34045873	csrrwi	x16,mscratch,8	 x16=0x80000000
      222559000	     11026	800045b8	64c5	c.lui	x9,0x11	  x9=0x00011000
      222599000	     11028	800045ba	0008d8b3	srl	x17,x17,x0	 x17:0x00000000  x0:0x00000000 x17=0x00000000
      222619000	     11029	800045be	01544c63	blt	x8,x21,800045d6	  x8:0x80000000 x21:0x00014000
      222879000	     11042	800045d6	00399e93	slli	x29,x19,0x3	 x19:0x00000001 x29=0x00000008
      222899000	     11043	800045da	58fd	c.li	x17,-1	 x17=0xffffffff
      223379000	     11067	800045dc	408a02b3	sub	x5,x20,x8	 x20:0x00000000  x8:0x80000000  x5=0x80000000
      223799000	     11088	800045e0	0001	c.addi	x0,0	  x0:0x00000000  x0=0x00000000
      224059000	     11101	800045e2	01fbb333	sltu	x6,x23,x31	 x23:0x0007ffff x31:0x00000000  x6=0x00000000
      224479000	     11122	800045e6	03afe663	bltu	x31,x26,80004612	 x31:0x00000000 x26:0x00000000
      224499000	     11123	800045ea	34f7f993	andi	x19,x15,847	 x15:0x00000001 x19=0x00000001
      224519000	     11124	800045ee	7dc2c797	auipc	x15,0x7dc2c	 x15=0xfdc305ee
      224539000	     11125	800045f2	34006a73	csrrsi	x20,mscratch,0	 x20=0x00000008
      224559000	     11126	800045f6	34029d73	csrrw	x26,mscratch,x5	  x5:0x80000000 x26=0x00000008
      224639000	     11130	800045fa	3f144693	xori	x13,x8,1009	  x8:0x80000000 x13=0x800003f1
      224699000	     11133	800045fe	00f1d1b3	srl	x3,x3,x15	  x3:0x0007ffff x15:0xfdc305ee  x3=0x0000001f
      224739000	     11135	80004602	03981033	mulh	x0,x16,x25	 x16:0x80000000 x25:0x0dfa231d  x0=0x00000000
      224759000	     11136	80004606	03b85363	bge	x16,x27,8000462c	 x16:0x80000000 x27:0x00014000
      225159000	     11156	8000460a	321aea93	ori	x21,x21,801	 x21:0x00014000 x21=0x00014321
      225459000	     11171	8000460e	340294f3	csrrw	x9,mscratch,x5	  x5:0x80000000  x9=0x80000000
      225479000	     11172	80004612	88a9	c.andi	x9,10	  x9:0x80000000  x9=0x00000000
      225499000	     11173	80004614	8ca5	c.xor	x9,x9	  x9:0x00000000  x9:0x00000000  x9=0x00000000
      225519000	     11174	80004616	8d19	c.sub	x10,x14	 x10:0x00000000 x14:0x00000381 x10=0xfffffc7f
      225619000	     11179	80004618	002654b3	srl	x9,x12,x2	 x12:0x80025ce4  x2:0xce237cf7  x9=0x00000100
      225639000	     11180	8000461c	340d5df3	csrrwi	x27,mscratch,26	 x27=0x80000000
      225659000	     11181	80004620	01ad76b3	and	x13,x26,x26	 x26:0x00000008 x26:0x00000008 x13=0x00000008
      225699000	     11183	80004624	03a59f33	mulh	x30,x11,x26	 x11:0x00000320 x26:0x00000008 x30=0x00000000
      226099000	     11203	80004628	8f01	c.sub	x14,x8	 x14:0x00000381  x8:0x80000000 x14=0x80000381
      226119000	     11204	8000462a	8549	c.srai	x10,0x12	 x10:0xfffffc7f x10=0xffffffff
      226519000	     11224	8000462c	02a99cb3	mulh	x25,x19,x10	 x19:0x00000001 x10:0xffffffff x25=0xffffffff
      226539000	     11225	80004630	58246313	ori	x6,x8,1410	  x8:0x80000000  x6=0x80000582
      226619000	     11229	80004634	00675363	bge	x14,x6,8000463a	 x14:0x80000381  x6:0x80000582
      226779000	     11237	80004638	c695	c.beqz	x13,80004664	 x13:0x00000008
      226799000	     11238	8000463a	c099	c.beqz	x9,80004640	  x9:0x00000100
      226819000	     11239	8000463c	2604d7b7	lui	x15,0x2604d	 x15=0x2604d000
      227099000	     11253	80004640	01e8d0b3	srl	x1,x17,x30	 x17:0xffffffff x30:0x00000000  x1=0xffffffff
      227119000	     11254	80004644	83d5	c.srli	x15,0x15	 x15:0x2604d000 x15=0x00000130
      227139000	     11255	80004646	e519	c.bnez	x10,80004654	 x10:0xffffffff
      227979000	     11297	80004654	8d79	c.and	x10,x14	 x10:0xffffffff x14:0x80000381 x10=0x80000381
      227999000	     11298	80004656	83fa	c.mv	x7,x30	  x0:0x00000000 x30:0x00000000  x7=0x00000000
      228719000	     11334	80004658	00f47933	and	x18,x8,x15	  x8:0x80000000 x15:0x00000130 x18=0x00000000
      228739000	     11335	8000465c	40e183b3	sub	x7,x3,x14	  x3:0x0000001f x14:0x80000381  x7=0x7ffffc9e
      228939000	     11345	80004660	0001	c.addi	x0,0	  x0:0x00000000  x0=0x00000000
      228959000	     11346	80004662	0152	c.slli	x2,0x14	  x2:0xce237cf7  x2=0xcf700000
      229099000	     11353	80004664	340037f3	csrrc	x15,mscratch,x0	  x0:0x00000000 x15=0x0000001a
      229119000	     11354	80004668	8ce1	c.and	x9,x8	  x9:0x00000100  x8:0x80000000  x9=0x00000000
      229319000	     11364	8000466a	03956e63	bltu	x10,x25,800046a6	 x10:0x80000381 x25:0xffffffff
      230259000	     11411	800046a6	0ff0000f	fence	iorw,iorw	
      230279000	     11412	800046aa	8791	c.srai	x15,0x4	 x15:0x0000001a x15=0x00000001
      230359000	     11416	800046ac	bfe68d13	addi	x26,x13,-1026	 x13:0x00000008 x26=0xfffffc06
      230379000	     11417	800046b0	340338f3	csrrc	x17,mscratch,x6	  x6:0x80000582 x17=0x0000001a
      230399000	     11418	800046b4	0088a133	slt	x2,x17,x8	 x17:0x0000001a  x8:0x80000000  x2=0x00000000
      230479000	     11422	800046b8	02ba7363	bgeu	x20,x11,800046de	 x20:0x00000008 x11:0x00000320
      230979000	     11447	800046bc	9b32	c.add	x22,x12	 x22:0x00000000 x12:0x80025ce4 x22=0x80025ce4
      230999000	     11448	800046be	03150cb3	mul	x25,x10,x17	 x10:0x80000381 x17:0x0000001a x25=0x00005b1a
      231019000	     11449	800046c2	67a22e93	slti	x29,x4,1658	  x4:0xffffffff x29=0x00000001
      231039000	     11450	800046c6	81b50b97	auipc	x23,0x81b50	 x23=0x01b546c6
      231359000	     11466	800046ca	0079b5b3	sltu	x11,x19,x7	 x19:0x00000001  x7:0x7ffffc9e x11=0x00000001
      231379000	     11467	800046ce	e289	c.bnez	x13,800046d0	 x13:0x00000008
      236179000	     11707	800046d0	3408bb73	csrrc	x22,mscratch,x17	 x17:0x0000001a x22=0x00000018
      236199000	     11708	800046d4	0001	c.addi	x0,0	  x0:0x00000000  x0=0x00000000
      236219000	     11709	800046d6	41b65cb3	sra	x25,x12,x27	 x12:0x80025ce4 x27:0x80000000 x25=0x80025ce4
      236239000	     11710	800046da	ca37b913	sltiu	x18,x15,-861	 x15:0x00000001 x18=0x00000001
      236259000	     11711	800046de	7721a813	slti	x16,x3,1906	  x3:0x0000001f x16=0x00000001
      236279000	     11712	800046e2	1d7d	c.addi	x26,-1	 x26:0xfffffc06 x26=0xfffffc05
      236299000	     11713	800046e4	01750c63	beq	x10,x23,800046fc	 x10:0x80000381 x23:0x01b546c6
      236319000	     11714	800046e8	c715	c.beqz	x14,80004714	 x14:0x80000381
      236339000	     11715	800046ea	69f3b197	auipc	x3,0x69f3b	  x3=0xe9f3f6ea
      236379000	     11717	800046ee	029dca33	div	x20,x27,x9	 x27:0x80000000  x9:0x00000000 x20=0xffffffff
      236399000	     11718	800046f2	050a	c.slli	x10,0x2	 x10:0x80000381 x10=0x00000e04
      236659000	     11731	800046f4	00509333	sll	x6,x1,x5	  x1:0xffffffff  x5:0x80000000  x6=0xffffffff
      236679000	     11732	800046f8	f87ef7b7	lui	x15,0xf87ef	 x15=0xf87ef000
      236839000	     11740	800046fc	018ee5b3	or	x11,x29,x24	 x29:0x00000001 x24:0xffffffff x11=0xffffffff
      236859000	     11741	80004700	6a05	c.lui	x20,0x1	 x20=0x00001000
      236959000	     11746	80004702	8755c813	xori	x16,x11,-1931	 x11:0xffffffff x16=0x0000078a
      237039000	     11750	80004706	0129cdb3	xor	x27,x19,x18	 x19:0x00000001 x18:0x00000001 x27=0x00000000
      237059000	     11751	8000470a	0ff0000f	fence	iorw,iorw	
      237079000	     11752	8000470e	352bab13	slti	x22,x23,850	 x23:0x01b546c6 x22=0x00000000
      237099000	     11753	80004712	8125	c.srli	x10,0x9	 x10:0x00000e04 x10=0x00000007
      237139000	     11755	80004714	02bb3cb3	mulhu	x25,x22,x11	 x22:0x00000000 x11:0xffffffff x25=0x00000000
      237339000	     11765	80004718	0511e263	bltu	x3,x17,8000475c	  x3:0xe9f3f6ea x17:0x0000001a
      237359000	     11766	8000471c	8d51	c.or	x10,x12	 x10:0x00000007 x12:0x80025ce4 x10=0x80025ce7
      237379000	     11767	8000471e	8cd9	c.or	x9,x14	  x9:0x00000000 x14:0x80000381  x9=0x80000381
      237399000	     11768	80004720	340015f3	csrrw	x11,mscratch,x0	  x0:0x00000000 x11=0x00000000
      237459000	     11771	80004724	00a2cfb3	xor	x31,x5,x10	  x5:0x80000000 x10:0x80025ce7 x31=0x00025ce7
      237599000	     11778	80004728	00617c33	and	x24,x2,x6	  x2:0x00000000  x6:0xffffffff x24=0x00000000
      237619000	     11779	8000472c	6a474d93	xori	x27,x14,1700	 x14:0x80000381 x27=0x80000525
      237899000	     11793	80004730	011a1c33	sll	x24,x20,x17	 x20:0x00001000 x17:0x0000001a x24=0x00000000
      237979000	     11797	80004734	69f9	c.lui	x19,0x1e	 x19=0x0001e000
      238859000	     11841	80004736	026dda33	divu	x20,x27,x6	 x27:0x80000525  x6:0xffffffff x20=0x00000000
      238899000	     11843	8000473a	023917b3	mulh	x15,x18,x3	 x18:0x00000001  x3:0xe9f3f6ea x15=0xffffffff
      238919000	     11844	8000473e	84e1	c.srai	x9,0x18	  x9:0x80000381  x9=0xffffff80
      238939000	     11845	80004740	0688	c.addi4spn	x10,x2,832	 x10=0x00000340
      238959000	     11846	80004742	1cc0cc13	xori	x24,x1,460	  x1:0xffffffff x24=0xfffffe33
      238979000	     11847	80004746	9b7d	c.andi	x14,-1	 x14:0x80000381 x14=0x80000381
      238999000	     11848	80004748	00ad1533	sll	x10,x26,x10	 x26:0xfffffc05 x10:0x00000340 x10=0xfffffc05
      239039000	     11850	8000474c	03103933	mulhu	x18,x0,x17	  x0:0x00000000 x17:0x0000001a x18=0x00000000
      239059000	     11851	80004750	4188dd93	srai	x27,x17,0x18	 x17:0x0000001a x27=0x00000000
      239079000	     11852	80004754	77cf8393	addi	x7,x31,1916	 x31:0x00025ce7  x7=0x00026463
      239119000	     11854	80004758	03e8ccb3	div	x25,x17,x30	 x17:0x0000001a x30:0x00000000 x25=0xffffffff
      239239000	     11860	8000475c	415a5793	srai	x15,x20,0x15	 x20:0x00000000 x15=0x00000000
      239279000	     11862	80004760	0ca6	c.slli	x25,0x9	 x25:0xffffffff x25=0xfffffe00
      239499000	     11873	80004762	00d85563	bge	x16,x13,8000476c	 x16:0x0000078a x13:0x00000008
      239999000	     11898	8000476c	329794b7	lui	x9,0x32979	  x9=0x32979000
      240839000	     11940	80004770	0252f4b3	remu	x9,x5,x5	  x5:0x80000000  x5:0x80000000  x9=0x00000000
      240859000	     11941	80004774	01eb6333	or	x6,x22,x30	 x22:0x00000000 x30:0x00000000  x6=0x00000000
      240899000	     11943	80004778	020cc2b3	div	x5,x25,x0	 x25:0xfffffe00  x0:0x00000000  x5=0xffffffff
      240919000	     11944	8000477c	4f34c193	xori	x3,x9,1267	  x9:0x00000000  x3=0x000004f3
      240939000	     11945	80004780	01933d33	sltu	x26,x6,x25	  x6:0x00000000 x25:0xfffffe00 x26=0x00000001
      240959000	     11946	80004784	05c9	c.addi	x11,18	 x11:0x00000000 x11=0x00000012
      240979000	     11947	80004786	8ef1	c.and	x13,x12	 x13:0x00000008 x12:0x80025ce4 x13=0x00000000
      240999000	     11948	80004788	8ec1	c.or	x13,x8	 x13:0x00000000  x8:0x80000000 x13=0x80000000
      241019000	     11949	8000478a	0cb6	c.slli	x25,0xd	 x25:0xfffffe00 x25=0xffc00000
      241039000	     11950	8000478c	0135d993	srli	x19,x11,0x13	 x11:0x00000012 x19=0x00000000
      241059000	     11951	80004790	717d	c.addi16sp	x2,-16	  x2:0x00000000  x2=0xfffffff0
      241119000	     11954	80004792	01646e63	bltu	x8,x22,800047ae	  x8:0x80000000 x22:0x00000000
      241139000	     11955	80004796	9ef6	c.add	x29,x29	 x29:0x00000001 x29:0x00000001 x29=0x00000002
      241879000	     11992	80004798	037559b3	divu	x19,x10,x23	 x10:0xfffffc05 x23:0x01b546c6 x19=0x00000095
      241899000	     11993	8000479c	0c8d	c.addi	x25,3	 x25:0xffc00000 x25=0xffc00003
      241919000	     11994	8000479e	030af263	bgeu	x21,x16,800047c2	 x21:0x00014321 x16:0x0000078a
      242359000	     12016	800047c2	f5848f13	addi	x30,x9,-168	  x9:0x00000000 x30=0xffffff58
      242379000	     12017	800047c6	34041df3	csrrw	x27,mscratch,x8	  x8:0x80000000 x27=0x00000000
      242399000	     12018	800047ca	1cfd	c.addi	x25,-1	 x25:0xffc00003 x25=0xffc00002
      242419000	     12019	800047cc	03314163	blt	x2,x19,800047ee	  x2:0xfffffff0 x19:0x00000095
      243259000	     12061	800047ee	0113db63	bge	x7,x17,80004804	  x7:0x00026463 x17:0x0000001a
      243719000	     12084	80004804	0001	c.addi	x0,0	  x0:0x00000000  x0=0x00000000
      243759000	     12086	80004806	34006c73	csrrsi	x24,mscratch,0	 x24=0x80000000
      243839000	     12090	8000480a	03799033	mulh	x0,x19,x23	 x19:0x00000095 x23:0x01b546c6  x0=0x00000000
      244179000	     12107	8000480e	418ae013	ori	x0,x21,1048	 x21:0x00014321  x0=0x00000000
      244959000	     12146	80004812	0315e833	rem	x16,x11,x17	 x11:0x00000012 x17:0x0000001a x16=0x00000012
      244979000	     12147	80004816	027183b3	mul	x7,x3,x7	  x3:0x000004f3  x7:0x00026463  x7=0x0bd6d5f9
      244999000	     12148	8000481a	34051173	csrrw	x2,mscratch,x10	 x10:0xfffffc05  x2=0x80000000
      245019000	     12149	8000481e	01055c93	srli	x25,x10,0x10	 x10:0xfffffc05 x25=0x0000ffff
      245039000	     12150	80004822	d51b8c93	addi	x25,x23,-687	 x23:0x01b546c6 x25=0x01b54417
      245059000	     12151	80004826	007b0263	beq	x22,x7,8000482a	 x22:0x00000000  x7:0x0bd6d5f9
      245079000	     12152	8000482a	00ecce63	blt	x25,x14,80004846	 x25:0x01b54417 x14:0x80000381
      245099000	     12153	8000482e	0001	c.addi	x0,0	  x0:0x00000000  x0=0x00000000
      245199000	     12158	80004830	8dd1	c.or	x11,x12	 x11:0x00000012 x12:0x80025ce4 x11=0x80025cf6
      245579000	     12177	80004832	0393aab3	mulhsu	x21,x7,x25	  x7:0x0bd6d5f9 x25:0x01b54417 x21=0x001438e1
      246319000	     12214	80004836	0336ebb3	rem	x23,x13,x19	 x13:0x80000000 x19:0x00000095 x23=0xffffff75
      246339000	     12215	8000483a	340cf373	csrrci	x6,mscratch,25	  x6=0xfffffc05
      246359000	     12216	8000483e	8759	c.srai	x14,0x16	 x14:0x80000381 x14=0xfffffe00
      246379000	     12217	80004840	6121	c.addi16sp	x2,64	  x2:0x80000000  x2=0x80000040
      246399000	     12218	80004842	56d1b993	sltiu	x19,x3,1389	  x3:0x000004f3 x19=0x00000001
      246419000	     12219	80004846	0311f763	bgeu	x3,x17,80004874	  x3:0x000004f3 x17:0x0000001a
      246739000	     12235	80004874	177d	c.addi	x14,-1	 x14:0xfffffe00 x14=0xfffffdff
      247199000	     12258	80004876	0000100f	fence.i	
      249039000	     12350	8000487a	0332d3b3	divu	x7,x5,x19	  x5:0xffffffff x19:0x00000001  x7=0xffffffff
      249059000	     12351	8000487e	015b8c63	beq	x23,x21,80004896	 x23:0xffffff75 x21:0x001438e1
      249079000	     12352	80004882	0013cb33	xor	x22,x7,x1	  x7:0xffffffff  x1:0xffffffff x22=0x00000000
      249099000	     12353	80004886	0001	c.addi	x0,0	  x0:0x00000000  x0=0x00000000
      249119000	     12354	80004888	0ff0000f	fence	iorw,iorw	
      249139000	     12355	8000488c	402d05b3	sub	x11,x26,x2	 x26:0x00000001  x2:0x80000040 x11=0x7fffffc1
      249159000	     12356	80004890	8ef5	c.and	x13,x13	 x13:0x80000000 x13:0x80000000 x13=0x80000000
      249179000	     12357	80004892	0ff0000f	fence	iorw,iorw	
      249319000	     12364	80004896	01739a63	bne	x7,x23,800048aa	  x7:0xffffffff x23:0xffffff75
      249859000	     12391	800048aa	00b138b3	sltu	x17,x2,x11	  x2:0x80000040 x11:0x7fffffc1 x17=0x00000000
      249879000	     12392	800048ae	8f31	c.xor	x14,x12	 x14:0xfffffdff x12:0x80025ce4 x14=0x7ffda11b
      249899000	     12393	800048b0	01bd69b3	or	x19,x26,x27	 x26:0x00000001 x27:0x00000000 x19=0x00000001
      249939000	     12395	800048b4	019b8f33	add	x30,x23,x25	 x23:0xffffff75 x25:0x01b54417 x30=0x01b5438c
      250499000	     12423	800048b8	017cf6b3	and	x13,x25,x23	 x25:0x01b54417 x23:0xffffff75 x13=0x01b54415
      250559000	     12426	800048bc	0575	c.addi	x10,29	 x10:0xfffffc05 x10=0xfffffc22
      250579000	     12427	800048be	3405a073	csrrs	x0,mscratch,x11	 x11:0x7fffffc1  x0=0x00000000
      250679000	     12432	800048c2	340a15f3	csrrw	x11,mscratch,x20	 x20:0x00000000 x11=0xffffffc5
      250699000	     12433	800048c6	98c2	c.add	x17,x16	 x17:0x00000000 x16:0x00000012 x17=0x00000012
      250719000	     12434	800048c8	408a5713	srai	x14,x20,0x8	 x20:0x00000000 x14=0x00000000
      250739000	     12435	800048cc	88f3c193	xori	x3,x7,-1905	  x7:0xffffffff  x3=0x00000770
      251579000	     12477	800048d0	0384cb33	div	x22,x9,x24	  x9:0x00000000 x24:0x80000000 x22=0x00000000
      251599000	     12478	800048d4	027e8763	beq	x29,x7,80004902	 x29:0x00000002  x7:0xffffffff
      251619000	     12479	800048d8	01658663	beq	x11,x22,800048e4	 x11:0xffffffc5 x22:0x00000000
      252359000	     12516	800048dc	03ae65b3	rem	x11,x28,x26	 x28:0x80021e64 x26:0x00000001 x11=0x00000000
      252399000	     12518	800048e0	034ce033	rem	x0,x25,x20	 x25:0x01b54417 x20:0x00000000  x0=0x00000000
      252419000	     12519	800048e4	340026f3	csrrs	x13,mscratch,x0	  x0:0x00000000 x13=0x00000000
      252439000	     12520	800048e8	001441b3	xor	x3,x8,x1	  x8:0x80000000  x1:0xffffffff  x3=0x7fffffff
      252459000	     12521	800048ec	0300e263	bltu	x1,x16,80004910	  x1:0xffffffff x16:0x00000012
      252479000	     12522	800048f0	858f3913	sltiu	x18,x30,-1960	 x30:0x01b5438c x18=0x00000001
      252499000	     12523	800048f4	01a1edb3	or	x27,x3,x26	  x3:0x7fffffff x26:0x00000001 x27=0x7fffffff
      252939000	     12545	800048f8	997d	c.andi	x10,-1	 x10:0xfffffc22 x10=0xfffffc22
      253679000	     12582	800048fa	03b551b3	divu	x3,x10,x27	 x10:0xfffffc22 x27:0x7fffffff  x3=0x00000001
      253699000	     12583	800048fe	00795563	bge	x18,x7,80004908	 x18:0x00000001  x7:0xffffffff
      253739000	     12585	80004908	8b59	c.andi	x14,22	 x14:0x00000000 x14=0x00000000
      253759000	     12586	8000490a	34007773	csrrci	x14,mscratch,0	 x14=0x00000000
      253779000	     12587	8000490e	8e85	c.sub	x13,x9	 x13:0x00000000  x9:0x00000000 x13=0x00000000
      253799000	     12588	80004910	0a94	c.addi4spn	x13,x2,336	 x13=0x80000190
      253819000	     12589	80004912	b7713593	sltiu	x11,x2,-1161	  x2:0x80000040 x11=0x00000001
      253839000	     12590	80004916	1a7d	c.addi	x20,-1	 x20:0x00000000 x20=0xffffffff
      254139000	     12605	80004918	9b7d	c.andi	x14,-1	 x14:0x00000000 x14=0x00000000
      254159000	     12606	8000491a	19bac2b7	lui	x5,0x19bac	  x5=0x19bac000
      254419000	     12619	8000491e	40f25213	srai	x4,x4,0xf	  x4:0xffffffff  x4=0xffffffff
      254439000	     12620	80004922	e0a1	c.bnez	x9,80004962	  x9:0x00000000
      254459000	     12621	80004924	84fd	c.srai	x9,0x1f	  x9:0x00000000  x9=0x00000000
      255199000	     12658	80004926	02217833	remu	x16,x2,x2	  x2:0x80000040  x2:0x80000040 x16=0x00000000
      255939000	     12695	8000492a	03feff33	remu	x30,x29,x31	 x29:0x00000002 x31:0x00025ce7 x30=0x00000002
      255959000	     12696	8000492e	83c1	c.srli	x15,0x10	 x15:0x00000000 x15=0x00000000
      255979000	     12697	80004930	5feb6d13	ori	x26,x22,1534	 x22:0x00000000 x26=0x000005fe
      255999000	     12698	80004934	c48d	c.beqz	x9,8000495e	  x9:0x00000000
      256699000	     12733	8000495e	ac3f8293	addi	x5,x31,-1341	 x31:0x00025ce7  x5=0x000257aa
      256719000	     12734	80004962	04157263	bgeu	x10,x1,800049a6	 x10:0xfffffc22  x1:0xffffffff
      256739000	     12735	80004966	0001	c.addi	x0,0	  x0:0x00000000  x0=0x00000000
      256759000	     12736	80004968	01a6d3b3	srl	x7,x13,x26	 x13:0x80000190 x26:0x000005fe  x7=0x00000002
      256779000	     12737	8000496c	41475b93	srai	x23,x14,0x14	 x14:0x00000000 x23=0x00000000
      256819000	     12739	80004970	e2214e93	xori	x29,x2,-478	  x2:0x80000040 x29=0x7ffffe62
      257239000	     12760	80004974	02777163	bgeu	x14,x7,80004996	 x14:0x00000000  x7:0x00000002
      257379000	     12767	80004978	dbac7213	andi	x4,x24,-582	 x24:0x80000000  x4=0x80000000
      257399000	     12768	8000497c	340024f3	csrrs	x9,mscratch,x0	  x0:0x00000000  x9=0x00000000
      257419000	     12769	80004980	00a49b13	slli	x22,x9,0xa	  x9:0x00000000 x22=0x00000000
      257479000	     12772	80004984	8d79	c.and	x10,x14	 x10:0xfffffc22 x14:0x00000000 x10=0x00000000
      257499000	     12773	80004986	013b4b33	xor	x22,x22,x19	 x22:0x00000000 x19:0x00000001 x22=0x00000001
      257519000	     12774	8000498a	340abd73	csrrc	x26,mscratch,x21	 x21:0x001438e1 x26=0x00000000
      257539000	     12775	8000498e	03315f63	bge	x2,x19,800049cc	  x2:0x80000040 x19:0x00000001
      257799000	     12788	80004992	01dc9c33	sll	x24,x25,x29	 x25:0x01b54417 x29:0x7ffffe62 x24=0x06d5105c
      258239000	     12810	80004996	02ba94b3	mulh	x9,x21,x11	 x21:0x001438e1 x11:0x00000001  x9=0x00000000
      258259000	     12811	8000499a	4dc5ad17	auipc	x26,0x4dc5a	 x26=0xcdc5e99a
      258439000	     12820	8000499e	912ef893	andi	x17,x29,-1774	 x29:0x7ffffe62 x17=0x7ffff802
      258459000	     12821	800049a2	01de4333	xor	x6,x28,x29	 x28:0x80021e64 x29:0x7ffffe62  x6=0xfffde006
      258479000	     12822	800049a6	51fd	c.li	x3,-1	  x3=0xffffffff
      258519000	     12824	800049a8	02f222b3	mulhsu	x5,x4,x15	  x4:0x80000000 x15:0x00000000  x5=0x00000000
      258919000	     12844	800049ac	03913bb3	mulhu	x23,x2,x25	  x2:0x80000040 x25:0x01b54417 x23=0x00daa20b
      259219000	     12859	800049b0	c289	c.beqz	x13,800049b2	 x13:0x80000190
      259559000	     12876	800049b2	016e0963	beq	x28,x22,800049c4	 x28:0x80021e64 x22:0x00000001
      259579000	     12877	800049b6	0372d763	bge	x5,x23,800049e4	  x5:0x00000000 x23:0x00daa20b
      259599000	     12878	800049ba	64d1	c.lui	x9,0x14	  x9=0x00014000
      259939000	     12895	800049bc	02478d33	mul	x26,x15,x4	 x15:0x00000000  x4:0x80000000 x26=0x00000000
      259979000	     12897	800049c0	020d36b3	mulhu	x13,x26,x0	 x26:0x00000000  x0:0x00000000 x13=0x00000000
      259999000	     12898	800049c4	0ff0000f	fence	iorw,iorw	
      260139000	     12905	800049c8	ae11e013	ori	x0,x3,-1311	  x3:0xffffffff  x0=0x00000000
      260559000	     12926	800049cc	011d3cb3	sltu	x25,x26,x17	 x26:0x00000000 x17:0x7ffff802 x25=0x00000001
      260579000	     12927	800049d0	8295	c.srli	x13,0x5	 x13:0x00000000 x13=0x00000000
      260599000	     12928	800049d2	3405d1f3	csrrwi	x3,mscratch,11	  x3=0x00000000
      260619000	     12929	800049d6	003a8eb3	add	x29,x21,x3	 x21:0x001438e1  x3:0x00000000 x29=0x001438e1
      260639000	     12930	800049da	8b0e	c.mv	x22,x3	  x0:0x00000000  x3:0x00000000 x22=0x00000000
      260759000	     12936	800049dc	02ef81b3	mul	x3,x31,x14	 x31:0x00025ce7 x14:0x00000000  x3=0x00000000
      261059000	     12951	800049e0	340c1173	csrrw	x2,mscratch,x24	 x24:0x06d5105c  x2=0x0000000b
      261079000	     12952	800049e4	932e	c.add	x6,x11	  x6:0xfffde006 x11:0x00000001  x6=0xfffde007
      262219000	     13009	800049e6	021e47b3	div	x15,x28,x1	 x28:0x80021e64  x1:0xffffffff x15=0x7ffde19c
      262239000	     13010	800049ea	0193e463	bltu	x7,x25,800049f2	  x7:0x00000002 x25:0x00000001
      262259000	     13011	800049ee	c291	c.beqz	x13,800049f2	 x13:0x00000000
      262319000	     13014	800049f2	34003df3	csrrc	x27,mscratch,x0	  x0:0x00000000 x27=0x06d5105c
      262339000	     13015	800049f6	006aac33	slt	x24,x21,x6	 x21:0x001438e1  x6:0xfffde007 x24=0x00000000
      262359000	     13016	800049fa	01a09f13	slli	x30,x1,0x1a	  x1:0xffffffff x30=0xfc000000
      262399000	     13018	800049fe	0273a6b3	mulhsu	x13,x7,x7	  x7:0x00000002  x7:0x00000002 x13=0x00000000
      262419000	     13019	80004a02	3224c113	xori	x2,x9,802	  x9:0x00014000  x2=0x00014322
      262439000	     13020	80004a06	0001	c.addi	x0,0	  x0:0x00000000  x0=0x00000000
      262699000	     13033	80004a08	da454f93	xori	x31,x10,-604	 x10:0x00000000 x31=0xfffffda4
      262719000	     13034	80004a0c	997d	c.andi	x10,-1	 x10:0x00000000 x10=0x00000000
      262739000	     13035	80004a0e	85e1	c.srai	x11,0x18	 x11:0x00000001 x11=0x00000000
      263479000	     13072	80004a10	0212ca33	div	x20,x5,x1	  x5:0x00000000  x1:0xffffffff x20=0x00000000
      268679000	     13332	80004a14	029c01b3	mul	x3,x24,x9	 x24:0x00000000  x9:0x00014000  x3=0x00000000
      268699000	     13333	80004a18	be06a7b7	lui	x15,0xbe06a	 x15=0xbe06a000
      268719000	     13334	80004a1c	00fab0b3	sltu	x1,x21,x15	 x21:0x001438e1 x15:0xbe06a000  x1=0x00000001
      268739000	     13335	80004a20	925a	c.add	x4,x22	  x4:0x80000000 x22:0x00000000  x4=0x80000000
      268759000	     13336	80004a22	997d	c.andi	x10,-1	 x10:0x00000000 x10=0x00000000
      268779000	     13337	80004a24	00925793	srli	x15,x4,0x9	  x4:0x80000000 x15=0x00400000
      269159000	     13356	80004a28	8cfe	c.mv	x25,x31	  x0:0x00000000 x31:0xfffffda4 x25=0xfffffda4
      269179000	     13357	80004a2a	833d	c.srli	x14,0xf	 x14:0x00000000 x14=0x00000000
      269199000	     13358	80004a2c	03085363	bge	x16,x16,80004a52	 x16:0x00000000 x16:0x00000000
      270099000	     13403	80004a52	04861463	bne	x12,x8,80004a9a	 x12:0x80025ce4  x8:0x80000000
      271459000	     13471	80004a9a	01c2efb3	or	x31,x5,x28	  x5:0x00000000 x28:0x80021e64 x31=0x80021e64
      271479000	     13472	80004a9e	00c6cbb3	xor	x23,x13,x12	 x13:0x00000000 x12:0x80025ce4 x23=0x80025ce4
      271699000	     13483	80004aa2	275ef293	andi	x5,x29,629	 x29:0x001438e1  x5=0x00000061
      272079000	     13502	80004aa6	ab002113	slti	x2,x0,-1360	  x0:0x00000000  x2=0x00000000
      272099000	     13503	80004aaa	41e7dd93	srai	x27,x15,0x1e	 x15:0x00400000 x27=0x00000000
      272319000	     13514	80004aae	0ff0000f	fence	iorw,iorw	
      272339000	     13515	80004ab2	cc85	c.beqz	x9,80004aea	  x9:0x00014000
      272599000	     13528	80004ab4	48d7c693	xori	x13,x15,1165	 x15:0x00400000 x13=0x0040048d
      272619000	     13529	80004ab8	73420917	auipc	x18,0x73420	 x18=0xf3424ab8
      272639000	     13530	80004abc	030d0933	mul	x18,x26,x16	 x26:0x00000000 x16:0x00000000 x18=0x00000000
      273059000	     13551	80004ac0	15fd	c.addi	x11,-1	 x11:0x00000000 x11=0xffffffff
      273079000	     13552	80004ac2	0000100f	fence.i	
      274999000	     13648	80004ac6	02cd69b3	rem	x19,x26,x12	 x26:0x00000000 x12:0x80025ce4 x19=0x00000000
      275019000	     13649	80004aca	f919f993	andi	x19,x19,-111	 x19:0x00000000 x19=0x00000000
      275039000	     13650	80004ace	048f9363	bne	x31,x8,80004b14	 x31:0x80021e64  x8:0x80000000
      275279000	     13662	80004b14	014d9213	slli	x4,x27,0x14	 x27:0x00000000  x4=0x00000000
      275299000	     13663	80004b18	9db4d817	auipc	x16,0x9db4d	 x16=0x1db51b18
      275319000	     13664	80004b1c	8c366493	ori	x9,x12,-1853	 x12:0x80025ce4  x9=0xfffffce7
      275379000	     13667	80004b20	0188c463	blt	x17,x24,80004b28	 x17:0x7ffff802 x24:0x00000000
      275419000	     13669	80004b24	0229aa33	mulhsu	x20,x19,x2	 x19:0x00000000  x2:0x00000000 x20=0x00000000
      275559000	     13676	80004b28	c37fb693	sltiu	x13,x31,-969	 x31:0x80021e64 x13=0x00000001
      275579000	     13677	80004b2c	0187d0b3	srl	x1,x15,x24	 x15:0x00400000 x24:0x00000000  x1=0x00400000
      275759000	     13686	80004b30	340271f3	csrrci	x3,mscratch,4	  x3=0x06d5105c
      275799000	     13688	80004b34	0206ff33	remu	x30,x13,x0	 x13:0x00000001  x0:0x00000000 x30=0x00000001
      275939000	     13695	80004b38	6959	c.lui	x18,0x16	 x18=0x00016000
      275959000	     13696	80004b3a	5a7d	c.li	x20,-1	 x20=0xffffffff
      275979000	     13697	80004b3c	94d6	c.add	x9,x21	  x9:0xfffffce7 x21:0x001438e1  x9=0x001435c8
      275999000	     13698	80004b3e	03a77463	bgeu	x14,x26,80004b66	 x14:0x00000000 x26:0x00000000
      276959000	     13746	80004b66	717d	c.addi16sp	x2,-16	  x2:0x00000000  x2=0xfffffff0
      276979000	     13747	80004b68	bc59c493	xori	x9,x19,-1083	 x19:0x00000000  x9=0xfffffbc5
      277379000	     13767	80004b6c	02d1	c.addi	x5,20	  x5:0x00000061  x5=0x00000075
      277399000	     13768	80004b6e	3b52a193	slti	x3,x5,949	  x5:0x00000075  x3=0x00000001
      277439000	     13770	80004b72	0359a833	mulhsu	x16,x19,x21	 x19:0x00000000 x21:0x001438e1 x16=0x00000000
      277479000	     13772	80004b76	032ca1b3	mulhsu	x3,x25,x18	 x25:0xfffffda4 x18:0x00016000  x3=0xffffffff
      277539000	     13775	80004b7a	ef553913	sltiu	x18,x10,-267	 x10:0x00000000 x18=0x00000001
      277559000	     13776	80004b7e	8f49	c.or	x14,x10	 x14:0x00000000 x10:0x00000000 x14=0x00000000
      277579000	     13777	80004b80	005151b3	srl	x3,x2,x5	  x2:0xfffffff0  x5:0x00000075  x3=0x000007ff
      277659000	     13781	80004b84	01106b33	or	x22,x0,x17	  x0:0x00000000 x17:0x7ffff802 x22=0x7ffff802
      277699000	     13783	80004b88	8d0d	c.sub	x10,x11	 x10:0x00000000 x11:0xffffffff x10=0x00000001
      277719000	     13784	80004b8a	00c4d893	srli	x17,x9,0xc	  x9:0xfffffbc5 x17=0x000fffff
      277739000	     13785	80004b8e	0a352a17	auipc	x20,0xa352	 x20=0x8a356b8e
      277759000	     13786	80004b92	8d11	c.sub	x10,x12	 x10:0x00000001 x12:0x80025ce4 x10=0x7ffda31d
      277779000	     13787	80004b94	01b01833	sll	x16,x0,x27	  x0:0x00000000 x27:0x00000000 x16=0x00000000
      277959000	     13796	80004b98	85627d13	andi	x26,x4,-1962	  x4:0x00000000 x26=0x00000000
      277979000	     13797	80004b9c	00515563	bge	x2,x5,80004ba6	  x2:0xfffffff0  x5:0x00000075
      278139000	     13805	80004ba0	0131fb63	bgeu	x3,x19,80004bb6	  x3:0x000007ff x19:0x00000000
      278579000	     13827	80004bb6	8d69	c.and	x10,x10	 x10:0x7ffda31d x10:0x7ffda31d x10=0x7ffda31d
      278779000	     13837	80004bb8	8fa1	c.xor	x15,x8	 x15:0x00400000  x8:0x80000000 x15=0x80400000
      278799000	     13838	80004bba	068c	c.addi4spn	x11,x2,832	 x11=0x00000330
      278819000	     13839	80004bbc	80e1	c.srli	x9,0x18	  x9:0xfffffbc5  x9=0x000000ff
      278939000	     13845	80004bbe	340b5ff3	csrrwi	x31,mscratch,22	 x31=0x06d51058
      278959000	     13846	80004bc2	01ea7563	bgeu	x20,x30,80004bcc	 x20:0x8a356b8e x30:0x00000001
      279299000	     13863	80004bcc	02dd0333	mul	x6,x26,x13	 x26:0x00000000 x13:0x00000001  x6=0x00000000
      279339000	     13865	80004bd0	00dc2a33	slt	x20,x24,x13	 x24:0x00000000 x13:0x00000001 x20=0x00000001
      279479000	     13872	80004bd4	8ce5	c.and	x9,x9	  x9:0x000000ff  x9:0x000000ff  x9=0x000000ff
      279499000	     13873	80004bd6	02930463	beq	x6,x9,80004bfe	  x6:0x00000000  x9:0x000000ff
      279699000	     13883	80004bda	340bdd73	csrrwi	x26,mscratch,23	 x26=0x00000016
      279739000	     13885	80004bde	008f4db3	xor	x27,x30,x8	 x30:0x00000001  x8:0x80000000 x27=0x80000001
      279759000	     13886	80004be2	05b27163	bgeu	x4,x27,80004c24	  x4:0x00000000 x27:0x80000001
      279779000	     13887	80004be6	e50d	c.bnez	x10,80004c10	 x10:0x7ffda31d
      281019000	     13949	80004c10	0311fb33	remu	x22,x3,x17	  x3:0x000007ff x17:0x000fffff x22=0x000007ff
      281039000	     13950	80004c14	82ed	c.srli	x13,0x1b	 x13:0x00000001 x13=0x00000000
      281059000	     13951	80004c16	67f5	c.lui	x15,0x1d	 x15=0x0001d000
      281099000	     13953	80004c18	033a15b3	mulh	x11,x20,x19	 x20:0x00000001 x19:0x00000000 x11=0x00000000
      281119000	     13954	80004c1c	00f1a7b3	slt	x15,x3,x15	  x3:0x000007ff x15:0x0001d000 x15=0x00000001
      281139000	     13955	80004c20	340076f3	csrrci	x13,mscratch,0	 x13=0x00000017
      281159000	     13956	80004c24	34003ef3	csrrc	x29,mscratch,x0	  x0:0x00000000 x29=0x00000017
      281279000	     13962	80004c28	f46e4213	xori	x4,x28,-186	 x28:0x80021e64  x4=0x7ffde122
      281639000	     13980	80004c2c	03297d63	bgeu	x18,x18,80004c66	 x18:0x00000001 x18:0x00000001
      282939000	     14045	80004c66	01c2e263	bltu	x5,x28,80004c6a	  x5:0x00000075 x28:0x80021e64
      283479000	     14072	80004c6a	019d0c33	add	x24,x26,x25	 x26:0x00000016 x25:0xfffffda4 x24=0xfffffdba
      283499000	     14073	80004c6e	8b96	c.mv	x23,x5	  x0:0x00000000  x5:0x00000075 x23=0x00000075
      283899000	     14093	80004c70	34085873	csrrwi	x16,mscratch,16	 x16=0x00000017
      283919000	     14094	80004c74	48e6f9b7	lui	x19,0x48e6f	 x19=0x48e6f000
      283939000	     14095	80004c78	9d03f493	andi	x9,x7,-1584	  x7:0x00000002  x9=0x00000000
      283959000	     14096	80004c7c	01f2ecb3	or	x25,x5,x31	  x5:0x00000075 x31:0x06d51058 x25=0x06d5107d
      284019000	     14099	80004c80	03668163	beq	x13,x22,80004ca2	 x13:0x00000017 x22:0x000007ff
      284039000	     14100	80004c84	34007af3	csrrci	x21,mscratch,0	 x21=0x00000010
      284779000	     14137	80004c88	03ee5bb3	divu	x23,x28,x30	 x28:0x80021e64 x30:0x00000001 x23=0x80021e64
      284799000	     14138	80004c8c	28ccce93	xori	x29,x25,652	 x25:0x06d5107d x29=0x06d512f1
      284819000	     14139	80004c90	4769	c.li	x14,26	 x14=0x0000001a
      284839000	     14140	80004c92	340037f3	csrrc	x15,mscratch,x0	  x0:0x00000000 x15=0x00000010
      285019000	     14149	80004c96	00c59893	slli	x17,x11,0xc	 x11:0x00000000 x17=0x00000000
      285199000	     14158	80004c9a	04d47463	bgeu	x8,x13,80004ce2	  x8:0x80000000 x13:0x00000017
      285699000	     14183	80004ce2	002aa3b3	slt	x7,x21,x2	 x21:0x00000010  x2:0xfffffff0  x7=0x00000000
      285719000	     14184	80004ce6	80a5	c.srli	x9,0x9	  x9:0x00000000  x9=0x00000000
      285739000	     14185	80004ce8	18e92193	slti	x3,x18,398	 x18:0x00000001  x3=0x00000001
      285779000	     14187	80004cec	8cf1	c.and	x9,x12	  x9:0x00000000 x12:0x80025ce4  x9=0x00000000
      285799000	     14188	80004cee	8f0d	c.sub	x14,x11	 x14:0x0000001a x11:0x00000000 x14=0x0000001a
      285939000	     14195	80004cf0	6131	c.addi16sp	x2,320	  x2:0xfffffff0  x2=0x00000130
      285959000	     14196	80004cf2	9af02693	slti	x13,x0,-1617	  x0:0x00000000 x13=0x00000000
      285979000	     14197	80004cf6	00047833	and	x16,x8,x0	  x8:0x80000000  x0:0x00000000 x16=0x00000000
      285999000	     14198	80004cfa	42d1	c.li	x5,20	  x5=0x00000014
      286019000	     14199	80004cfc	01af09b3	add	x19,x30,x26	 x30:0x00000001 x26:0x00000016 x19=0x00000017
      286179000	     14207	80004d00	831a	c.mv	x6,x6	  x0:0x00000000  x6:0x00000000  x6=0x00000000
      286199000	     14208	80004d02	8c22	c.mv	x24,x8	  x0:0x00000000  x8:0x80000000 x24=0x80000000
      286219000	     14209	80004d04	e119	c.bnez	x10,80004d0a	 x10:0x7ffda31d
      287459000	     14271	80004d0a	7fc0ed93	ori	x27,x1,2044	  x1:0x00400000 x27=0x004007fc
      288579000	     14327	80004d0e	03eefb33	remu	x22,x29,x30	 x29:0x06d512f1 x30:0x00000001 x22=0x00000000
      288599000	     14328	80004d12	1dfd	c.addi	x27,-1	 x27:0x004007fc x27=0x004007fb
      288619000	     14329	80004d14	04ffc063	blt	x31,x15,80004d54	 x31:0x06d51058 x15:0x00000010
      288639000	     14330	80004d18	8be6	c.mv	x23,x25	  x0:0x00000000 x25:0x06d5107d x23=0x06d5107d
      288659000	     14331	80004d1a	0000100f	fence.i	
      288999000	     14348	80004d1e	043de263	bltu	x27,x3,80004d62	 x27:0x004007fb  x3:0x00000001
      290139000	     14405	80004d22	0251e833	rem	x16,x3,x5	  x3:0x00000001  x5:0x00000014 x16=0x00000001
      290159000	     14406	80004d26	e51d	c.bnez	x10,80004d54	 x10:0x7ffda31d
      290279000	     14412	80004d54	8f79	c.and	x14,x14	 x14:0x0000001a x14:0x0000001a x14=0x0000001a
      290699000	     14433	80004d56	9d8df797	auipc	x15,0x9d8df	 x15=0x1d8e3d56
      290739000	     14435	80004d5a	03fa90b3	mulh	x1,x21,x31	 x21:0x00000010 x31:0x06d51058  x1=0x00000000
      290759000	     14436	80004d5e	614d	c.addi16sp	x2,176	  x2:0x00000130  x2=0x000001e0
      290839000	     14440	80004d60	0001	c.addi	x0,0	  x0:0x00000000  x0=0x00000000
      290999000	     14448	80004d62	0ff0000f	fence	iorw,iorw	
      291019000	     14449	80004d66	009bb8b3	sltu	x17,x23,x9	 x23:0x06d5107d  x9:0x00000000 x17=0x00000000
      291899000	     14493	80004d6a	03d47333	remu	x6,x8,x29	  x8:0x80000000 x29:0x06d512f1  x6=0x0504ab0e
      291919000	     14494	80004d6e	0000100f	fence.i	
      292019000	     14499	80004d72	340c1ff3	csrrw	x31,mscratch,x24	 x24:0x80000000 x31=0x00000010
      292039000	     14500	80004d76	9d96	c.add	x27,x5	 x27:0x004007fb  x5:0x00000014 x27=0x0040080f
      292059000	     14501	80004d78	34002073	csrrs	x0,mscratch,x0	  x0:0x00000000  x0=0x00000000
      292479000	     14522	80004d7c	036a70b3	remu	x1,x20,x22	 x20:0x00000001 x22:0x00000000  x1=0x00000001
      292539000	     14525	80004d80	0085ddb3	srl	x27,x11,x8	 x11:0x00000000  x8:0x80000000 x27=0x00000000
      292779000	     14537	80004d84	03f6ca93	xori	x21,x13,63	 x13:0x00000000 x21=0x0000003f
      292859000	     14541	80004d88	733d8937	lui	x18,0x733d8	 x18=0x733d8000
      292879000	     14542	80004d8c	00b8f133	and	x2,x17,x11	 x17:0x00000000 x11:0x00000000  x2=0x00000000
      293039000	     14550	80004d90	00fc0233	add	x4,x24,x15	 x24:0x80000000 x15:0x1d8e3d56  x4=0x9d8e3d56
      293399000	     14568	80004d94	02b7d363	bge	x15,x11,80004dba	 x15:0x1d8e3d56 x11:0x00000000
      294719000	     14634	80004dba	8145	c.srli	x10,0x11	 x10:0x7ffda31d x10=0x00003ffe
      295139000	     14655	80004dbc	cd85	c.beqz	x11,80004df4	 x11:0x00000000
      295359000	     14666	80004df4	00d209b3	add	x19,x4,x13	  x4:0x9d8e3d56 x13:0x00000000 x19=0x9d8e3d56
      295379000	     14667	80004df8	66d1	c.lui	x13,0x14	 x13=0x00014000
      295399000	     14668	80004dfa	03638363	beq	x7,x22,80004e20	  x7:0x00000000 x22:0x00000000
      295879000	     14692	80004e20	8949	c.andi	x10,18	 x10:0x00003ffe x10=0x00000012
      295899000	     14693	80004e22	c29d	c.beqz	x13,80004e48	 x13:0x00014000
      296219000	     14709	80004e24	02ca3133	mulhu	x2,x20,x12	 x20:0x00000001 x12:0x80025ce4  x2=0x00000000
      296379000	     14717	80004e28	8ca1	c.xor	x9,x8	  x9:0x00000000  x8:0x80000000  x9=0x80000000
      296799000	     14738	80004e2a	05eae363	bltu	x21,x30,80004e70	 x21:0x0000003f x30:0x00000001
      297199000	     14758	80004e2e	014a4a33	xor	x20,x20,x20	 x20:0x00000001 x20:0x00000001 x20=0x00000000
      298239000	     14810	80004e32	02c4fb33	remu	x22,x9,x12	  x9:0x80000000 x12:0x80025ce4 x22=0x80000000
      298259000	     14811	80004e36	01059e93	slli	x29,x11,0x10	 x11:0x00000000 x29=0x00000000
      298999000	     14848	80004e3a	0392c3b3	div	x7,x5,x25	  x5:0x00000014 x25:0x06d5107d  x7=0x00000000
      317699000	     15783	80004e3e	340cd2f3	csrrwi	x5,mscratch,25	  x5=0x80000000
      317719000	     15784	80004e42	5afd	c.li	x21,-1	 x21=0xffffffff
      317739000	     15785	80004e44	01595f93	srli	x31,x18,0x15	 x18:0x733d8000 x31=0x00000399
      317759000	     15786	80004e48	89e2	c.mv	x19,x24	  x0:0x00000000 x24:0x80000000 x19=0x80000000
      317779000	     15787	80004e4a	340a2ef3	csrrs	x29,mscratch,x20	 x20:0x00000000 x29=0x00000019
      317799000	     15788	80004e4e	00dd4263	blt	x26,x13,80004e52	 x26:0x00000016 x13:0x00014000
      317859000	     15791	80004e52	0ff0000f	fence	iorw,iorw	
      318319000	     15814	80004e56	34003073	csrrc	x0,mscratch,x0	  x0:0x00000000  x0=0x00000000
      318339000	     15815	80004e5a	0001	c.addi	x0,0	  x0:0x00000000  x0=0x00000000
      318359000	     15816	80004e5c	951a	c.add	x10,x6	 x10:0x00000012  x6:0x0504ab0e x10=0x0504ab20
      318759000	     15836	80004e5e	340637f3	csrrc	x15,mscratch,x12	 x12:0x80025ce4 x15=0x00000019
      318779000	     15837	80004e62	187d	c.addi	x16,-1	 x16:0x00000001 x16=0x00000000
      318799000	     15838	80004e64	a5997193	andi	x3,x18,-1447	 x18:0x733d8000  x3=0x733d8000
      318839000	     15840	80004e68	03dabcb3	mulhu	x25,x21,x29	 x21:0xffffffff x29:0x00000019 x25=0x00000018
      319039000	     15850	80004e6c	00df9933	sll	x18,x31,x13	 x31:0x00000399 x13:0x00014000 x18=0x00000399
      319059000	     15851	80004e70	0001	c.addi	x0,0	  x0:0x00000000  x0=0x00000000
      319479000	     15872	80004e72	340f1a73	csrrw	x20,mscratch,x30	 x30:0x00000001 x20=0x00000019
      319639000	     15880	80004e76	bcd38513	addi	x10,x7,-1075	  x7:0x00000000 x10=0xfffffbcd
      319659000	     15881	80004e7a	03aee363	bltu	x29,x26,80004ea0	 x29:0x00000019 x26:0x00000016
      319679000	     15882	80004e7e	127d	c.addi	x4,-1	  x4:0x9d8e3d56  x4=0x9d8e3d55
      319699000	     15883	80004e80	f8770513	addi	x10,x14,-121	 x14:0x0000001a x10=0xffffffa1
      319779000	     15887	80004e84	bb4ae517	auipc	x10,0xbb4ae	 x10=0x3b4b2e84
      319799000	     15888	80004e88	030ed737	lui	x14,0x30ed	 x14=0x030ed000
      320859000	     15941	80004e8c	028673b3	remu	x7,x12,x8	 x12:0x80025ce4  x8:0x80000000  x7=0x00025ce4
      320879000	     15942	80004e90	404483b3	sub	x7,x9,x4	  x9:0x80000000  x4:0x9d8e3d55  x7=0xe271c2ab
      320899000	     15943	80004e94	179c	c.addi4spn	x15,x2,992	 x15=0x000003e0
      320919000	     15944	80004e96	8ce9	c.and	x9,x10	  x9:0x80000000 x10:0x3b4b2e84  x9=0x00000000
      320939000	     15945	80004e98	06b9	c.addi	x13,14	 x13:0x00014000 x13=0x0001400e
      320959000	     15946	80004e9a	03066763	bltu	x12,x16,80004ec8	 x12:0x80025ce4 x16:0x00000000
      320979000	     15947	80004e9e	0001	c.addi	x0,0	  x0:0x00000000  x0=0x00000000
      320999000	     15948	80004ea0	0169fb63	bgeu	x19,x22,80004eb6	 x19:0x80000000 x22:0x80000000
      322199000	     16008	80004eb6	409f8a33	sub	x20,x31,x9	 x31:0x00000399  x9:0x00000000 x20=0x00000399
      322259000	     16011	80004eba	f1058e93	addi	x29,x11,-240	 x11:0x00000000 x29=0xffffff10
      322279000	     16012	80004ebe	6ccd	c.lui	x25,0x13	 x25=0x00013000
      322299000	     16013	80004ec0	00d2cfb3	xor	x31,x5,x13	  x5:0x80000000 x13:0x0001400e x31=0x8001400e
      323039000	     16050	80004ec4	03a95cb3	divu	x25,x18,x26	 x18:0x00000399 x26:0x00000016 x25=0x00000029
      323059000	     16051	80004ec8	e315	c.bnez	x14,80004eec	 x14:0x030ed000
      323299000	     16063	80004eec	0001	c.addi	x0,0	  x0:0x00000000  x0=0x00000000
      323499000	     16073	80004eee	340e6073	csrrsi	x0,mscratch,28	  x0=0x00000000
      323519000	     16074	80004ef2	e668cb13	xori	x22,x17,-410	 x17:0x00000000 x22=0xfffffe66
      323859000	     16091	80004ef6	013c76b3	and	x13,x24,x19	 x24:0x80000000 x19:0x80000000 x13=0x80000000
      323879000	     16092	80004efa	41ebd133	sra	x2,x23,x30	 x23:0x06d5107d x30:0x00000001  x2=0x036a883e
      324859000	     16141	80004efe	03735fb3	divu	x31,x6,x23	  x6:0x0504ab0e x23:0x06d5107d x31=0x00000000
      324879000	     16142	80004f02	02070b33	mul	x22,x14,x0	 x14:0x030ed000  x0:0x00000000 x22=0x00000000
      324899000	     16143	80004f06	009bafb3	slt	x31,x23,x9	 x23:0x06d5107d  x9:0x00000000 x31=0x00000000
      324979000	     16147	80004f0a	02d59d63	bne	x11,x13,80004f44	 x11:0x00000000 x13:0x80000000
      325579000	     16177	80004f44	b972b693	sltiu	x13,x5,-1129	  x5:0x80000000 x13=0x00000001
      325679000	     16182	80004f48	40170b33	sub	x22,x14,x1	 x14:0x030ed000  x1:0x00000001 x22=0x030ecfff
      325699000	     16183	80004f4c	a89e2b13	slti	x22,x28,-1399	 x28:0x80021e64 x22=0x00000001
      326119000	     16204	80004f50	56060193	addi	x3,x12,1376	 x12:0x80025ce4  x3=0x80026244
      326139000	     16205	80004f54	73763f93	sltiu	x31,x12,1847	 x12:0x80025ce4 x31=0x00000000
      326199000	     16208	80004f58	03962f33	mulhsu	x30,x12,x25	 x12:0x80025ce4 x25:0x00000029 x30=0xffffffeb
      326219000	     16209	80004f5c	9fb5deb7	lui	x29,0x9fb5d	 x29=0x9fb5d000
      326379000	     16217	80004f60	02c588b3	mul	x17,x11,x12	 x11:0x00000000 x12:0x80025ce4 x17=0x00000000
      326459000	     16221	80004f64	031a0e63	beq	x20,x17,80004fa0	 x20:0x00000399 x17:0x00000000
      326479000	     16222	80004f68	00bb9993	slli	x19,x23,0xb	 x23:0x06d5107d x19=0xa883e800
      326519000	     16224	80004f6c	83c6	c.mv	x7,x17	  x0:0x00000000 x17:0x00000000  x7=0x00000000
      326539000	     16225	80004f6e	af9e7213	andi	x4,x28,-1287	 x28:0x80021e64  x4=0x80021a60
      326559000	     16226	80004f72	1f0c	c.addi4spn	x11,x2,944	 x11=0x036a8bee
      326699000	     16233	80004f74	0307f833	remu	x16,x15,x16	 x15:0x000003e0 x16:0x00000000 x16=0x000003e0
      326939000	     16245	80004f78	340ced73	csrrsi	x26,mscratch,25	 x26=0x0000001d
      327359000	     16266	80004f7c	01769c33	sll	x24,x13,x23	 x13:0x00000001 x23:0x06d5107d x24=0x20000000
      327539000	     16275	80004f80	0008c5b3	xor	x11,x17,x0	 x17:0x00000000  x0:0x00000000 x11=0x00000000
      327939000	     16295	80004f84	029e6db3	rem	x27,x28,x9	 x28:0x80021e64  x9:0x00000000 x27=0x80021e64
      328019000	     16299	80004f88	e399	c.bnez	x15,80004f8e	 x15:0x000003e0
      329879000	     16392	80004f8e	02bd46b3	div	x13,x26,x11	 x26:0x0000001d x11:0x00000000 x13=0xffffffff
      329899000	     16393	80004f92	85bd	c.srai	x11,0xf	 x11:0x00000000 x11=0x00000000
      329919000	     16394	80004f94	335294b7	lui	x9,0x33529	  x9=0x33529000
      329939000	     16395	80004f98	031082b3	mul	x5,x1,x17	  x1:0x00000001 x17:0x00000000  x5=0x00000000
      329959000	     16396	80004f9c	01e38033	add	x0,x7,x30	  x7:0x00000000 x30:0xffffffeb  x0=0x00000000
      329979000	     16397	80004fa0	0001	c.addi	x0,0	  x0:0x00000000  x0=0x00000000
      329999000	     16398	80004fa2	c542a193	slti	x3,x5,-940	  x5:0x00000000  x3=0x00000000
      330279000	     16412	80004fa6	00da9933	sll	x18,x21,x13	 x21:0xffffffff x13:0xffffffff x18=0x80000000
      330299000	     16413	80004faa	0a39	c.addi	x20,14	 x20:0x00000399 x20=0x000003a7
      330419000	     16419	80004fac	00f8d193	srli	x3,x17,0xf	 x17:0x00000000  x3=0x00000000
      330579000	     16427	80004fb0	0001	c.addi	x0,0	  x0:0x00000000  x0=0x00000000
      330659000	     16431	80004fb2	03196a33	rem	x20,x18,x17	 x18:0x80000000 x17:0x00000000 x20=0x80000000
      330739000	     16435	80004fb6	00a28ab3	add	x21,x5,x10	  x5:0x00000000 x10:0x3b4b2e84 x21=0x3b4b2e84
      330759000	     16436	80004fba	0001	c.addi	x0,0	  x0:0x00000000  x0=0x00000000
      330799000	     16438	80004fbc	ed88b093	sltiu	x1,x17,-296	 x17:0x00000000  x1=0x00000001
      330819000	     16439	80004fc0	10fd	c.addi	x1,-1	  x1:0x00000001  x1=0x00000000
      331559000	     16476	80004fc2	03b77533	remu	x10,x14,x27	 x14:0x030ed000 x27:0x80021e64 x10=0x030ed000
      331579000	     16477	80004fc6	02e67663	bgeu	x12,x14,80004ff2	 x12:0x80025ce4 x14:0x030ed000
      331879000	     16492	80004ff2	400354b3	sra	x9,x6,x0	  x6:0x0504ab0e  x0:0x00000000  x9=0x0504ab0e
      332199000	     16508	80004ff6	0ff0000f	fence	iorw,iorw	
      332219000	     16509	80004ffa	8d65	c.and	x10,x9	 x10:0x030ed000  x9:0x0504ab0e x10=0x01048000
      332299000	     16513	80004ffc	00a631b3	sltu	x3,x12,x10	 x12:0x80025ce4 x10:0x01048000  x3=0x00000000
      332319000	     16514	80005000	0a9c	c.addi4spn	x15,x2,336	 x15=0x036a898e
      332359000	     16516	80005002	00a6c033	xor	x0,x13,x10	 x13:0xffffffff x10:0x01048000  x0=0x00000000
      332499000	     16523	80005006	03ea8bb3	mul	x23,x21,x30	 x21:0x3b4b2e84 x30:0xffffffeb x23=0x22d52f2c
      332519000	     16524	8000500a	717d	c.addi16sp	x2,-16	  x2:0x036a883e  x2=0x036a882e
      332919000	     16544	8000500c	34003ef3	csrrc	x29,mscratch,x0	  x0:0x00000000 x29=0x0000001d
      333239000	     16560	80005010	06de	c.slli	x13,0x17	 x13:0xffffffff x13=0xff800000
      333659000	     16581	80005012	00910d63	beq	x2,x9,8000502c	  x2:0x036a882e  x9:0x0504ab0e
      333779000	     16587	80005016	0399b3b3	mulhu	x7,x19,x25	 x19:0xa883e800 x25:0x00000029  x7=0x0000001a
      333799000	     16588	8000501a	41f9deb3	sra	x29,x19,x31	 x19:0xa883e800 x31:0x00000000 x29=0xa883e800
      333819000	     16589	8000501e	00af34b3	sltu	x9,x30,x10	 x30:0xffffffeb x10:0x01048000  x9=0x00000000
      334779000	     16637	80005022	027854b3	divu	x9,x16,x7	 x16:0x000003e0  x7:0x0000001a  x9=0x00000026
      334799000	     16638	80005026	01864d63	blt	x12,x24,80005040	 x12:0x80025ce4 x24:0x20000000
      334879000	     16642	80005040	9a8a	c.add	x21,x2	 x21:0x3b4b2e84  x2:0x036a882e x21=0x3eb5b6b2
      335099000	     16653	80005042	340037f3	csrrc	x15,mscratch,x0	  x0:0x00000000 x15=0x0000001d
      335519000	     16674	80005046	34056373	csrrsi	x6,mscratch,10	  x6=0x0000001d
      335559000	     16676	8000504a	025dfeb3	remu	x29,x27,x5	 x27:0x80021e64  x5:0x00000000 x29=0x80021e64
      335579000	     16677	8000504e	0001	c.addi	x0,0	  x0:0x00000000  x0=0x00000000
      335599000	     16678	80005050	52fd	c.li	x5,-1	  x5=0xffffffff
      335619000	     16679	80005052	e119	c.bnez	x10,80005058	 x10:0x01048000
      336579000	     16727	80005058	8ea1	c.xor	x13,x8	 x13:0xff800000  x8:0x80000000 x13=0x7f800000
      336619000	     16729	8000505a	f3604c17	auipc	x24,0xf3604	 x24=0x7360905a
      336679000	     16732	8000505e	4045dc93	srai	x25,x11,0x4	 x11:0x00000000 x25=0x00000000
      336819000	     16739	80005062	34079df3	csrrw	x27,mscratch,x15	 x15:0x0000001d x27=0x0000001f
      336839000	     16740	80005066	9bfd	c.andi	x15,-1	 x15:0x0000001d x15=0x0000001d
      336859000	     16741	80005068	dfe84113	xori	x2,x16,-514	 x16:0x000003e0  x2=0xfffffe1e
      336879000	     16742	8000506c	01db8b63	beq	x23,x29,80005082	 x23:0x22d52f2c x29:0x80021e64
      336899000	     16743	80005070	00228f33	add	x30,x5,x2	  x5:0xffffffff  x2:0xfffffe1e x30=0xfffffe1d
      336919000	     16744	80005074	717d	c.addi16sp	x2,-16	  x2:0xfffffe1e  x2=0xfffffe0e
      337039000	     16750	80005076	001dfd63	bgeu	x27,x1,80005090	 x27:0x0000001f  x1:0x00000000
      337579000	     16777	80005090	8e566d17	auipc	x26,0x8e566	 x26=0x0e56b090
      337939000	     16795	80005094	015caeb3	slt	x29,x25,x21	 x25:0x00000000 x21:0x3eb5b6b2 x29=0x00000001
      338359000	     16816	80005098	40fe5f33	sra	x30,x28,x15	 x28:0x80021e64 x15:0x0000001d x30=0xfffffffc
      338419000	     16819	8000509c	01419033	sll	x0,x3,x20	  x3:0x00000000 x20:0x80000000  x0=0x00000000
      338459000	     16821	800050a0	01b0feb3	and	x29,x1,x27	  x1:0x00000000 x27:0x0000001f x29=0x00000000
      338879000	     16842	800050a4	12fd	c.addi	x5,-1	  x5:0xffffffff  x5=0xfffffffe
      339039000	     16850	800050a6	01d83a33	sltu	x20,x16,x29	 x16:0x000003e0 x29:0x00000000 x20=0x00000000
      339059000	     16851	800050aa	408dd4b3	sra	x9,x27,x8	 x27:0x0000001f  x8:0x80000000  x9=0x0000001f
      339079000	     16852	800050ae	02178e63	beq	x15,x1,800050ea	 x15:0x0000001d  x1:0x00000000
      339099000	     16853	800050b2	019e8463	beq	x29,x25,800050ba	 x29:0x00000000 x25:0x00000000
      339919000	     16894	800050ba	3402d373	csrrwi	x6,mscratch,5	  x6=0x0000001d
      339939000	     16895	800050be	c119	c.beqz	x10,800050c4	 x10:0x01048000
      340079000	     16902	800050c0	0001	c.addi	x0,0	  x0:0x00000000  x0=0x00000000
      340099000	     16903	800050c2	717d	c.addi16sp	x2,-16	  x2:0xfffffe0e  x2=0xfffffdfe
      340219000	     16909	800050c4	b460f693	andi	x13,x1,-1210	  x1:0x00000000 x13=0x00000000
      340259000	     16911	800050c8	031aacb3	mulhsu	x25,x21,x17	 x21:0x3eb5b6b2 x17:0x00000000 x25=0x00000000
      340459000	     16921	800050cc	87ad	c.srai	x15,0xb	 x15:0x0000001d x15=0x00000000
      340479000	     16922	800050ce	9f8a	c.add	x31,x2	 x31:0x00000000  x2:0xfffffdfe x31=0xfffffdfe
      340659000	     16931	800050d0	01151133	sll	x2,x10,x17	 x10:0x01048000 x17:0x00000000  x2=0x01048000
      340679000	     16932	800050d4	96822093	slti	x1,x4,-1688	  x4:0x80021a60  x1=0x00000001
      341499000	     16973	800050d8	03e74bb3	div	x23,x14,x30	 x14:0x030ed000 x30:0xfffffffc x23=0xff3c4c00
      341519000	     16974	800050dc	1f7d	c.addi	x30,-1	 x30:0xfffffffc x30=0xfffffffb
      341539000	     16975	800050de	8be2	c.mv	x23,x24	  x0:0x00000000 x24:0x7360905a x23=0x7360905a
      341619000	     16979	800050e0	8de9	c.and	x11,x10	 x11:0x00000000 x10:0x01048000 x11=0x00000000
      341639000	     16980	800050e2	8f2d	c.xor	x14,x11	 x14:0x030ed000 x11:0x00000000 x14=0x030ed000
      341819000	     16989	800050e4	8d21	c.xor	x10,x8	 x10:0x01048000  x8:0x80000000 x10=0x81048000
      341839000	     16990	800050e6	340a5873	csrrwi	x16,mscratch,20	 x16=0x00000005
      342279000	     17012	800050ea	037b2733	mulhsu	x14,x22,x23	 x22:0x00000001 x23:0x7360905a x14=0x00000000
      342459000	     17021	800050ee	00cce363	bltu	x25,x12,800050f4	 x25:0x00000000 x12:0x80025ce4
      342819000	     17039	800050f4	0545c063	blt	x11,x20,80005134	 x11:0x00000000 x20:0x00000000
      343259000	     17061	800050f8	9afd	c.andi	x13,-1	 x13:0x00000000 x13=0x00000000
      343279000	     17062	800050fa	0d88	c.addi4spn	x10,x2,720	 x10=0x010482d0
      343399000	     17068	800050fc	02171863	bne	x14,x1,8000512c	 x14:0x00000000  x1:0x00000001
      343579000	     17077	8000512c	40b7dc93	srai	x25,x15,0xb	 x15:0x00000000 x25=0x00000000
      343859000	     17091	80005130	411b4993	xori	x19,x22,1041	 x22:0x00000001 x19=0x00000410
      343879000	     17092	80005134	849d	c.srai	x9,0x7	  x9:0x0000001f  x9=0x00000000
      343899000	     17093	80005136	9b7d	c.andi	x14,-1	 x14:0x00000000 x14=0x00000000
      343919000	     17094	80005138	3eb5b493	sltiu	x9,x11,1003	 x11:0x00000000  x9=0x00000001
      343939000	     17095	8000513c	023c8d33	mul	x26,x25,x3	 x25:0x00000000  x3:0x00000000 x26=0x00000000
      344679000	     17132	80005140	024bf6b3	remu	x13,x23,x4	 x23:0x7360905a  x4:0x80021a60 x13=0x7360905a
      344699000	     17133	80005144	406c5d93	srai	x27,x24,0x6	 x24:0x7360905a x27=0x01cd8241
      344719000	     17134	80005148	c389	c.beqz	x15,8000514a	 x15:0x00000000
      344779000	     17137	8000514a	c8c8c013	xori	x0,x17,-884	 x17:0x00000000  x0=0x00000000
      344799000	     17138	8000514e	055e7363	bgeu	x28,x21,80005194	 x28:0x80021e64 x21:0x3eb5b6b2
      344979000	     17147	80005194	00925013	srli	x0,x4,0x9	  x4:0x80021a60  x0=0x00000000
      345119000	     17154	80005198	03d87f33	remu	x30,x16,x29	 x16:0x00000005 x29:0x00000000 x30=0x00000005
      345139000	     17155	8000519c	95fa	c.add	x11,x30	 x11:0x00000000 x30:0x00000005 x11=0x00000005
      345459000	     17171	8000519e	01603eb3	sltu	x29,x0,x22	  x0:0x00000000 x22:0x00000001 x29=0x00000001
      345479000	     17172	800051a2	9a6e	c.add	x20,x27	 x20:0x00000000 x27:0x01cd8241 x20=0x01cd8241
      345499000	     17173	800051a4	0001	c.addi	x0,0	  x0:0x00000000  x0=0x00000000
      345519000	     17174	800051a6	0001	c.addi	x0,0	  x0:0x00000000  x0=0x00000000
      345559000	     17176	800051a8	c115	c.beqz	x10,800051cc	 x10:0x010482d0
      345579000	     17177	800051aa	80f9	c.srli	x9,0x1e	  x9:0x00000001  x9=0x00000000
      345979000	     17197	800051ac	0ff0000f	fence	iorw,iorw	
      345999000	     17198	800051b0	1632b813	sltiu	x16,x5,355	  x5:0xfffffffe x16=0x00000000
      346159000	     17206	800051b4	02e11863	bne	x2,x14,800051e4	  x2:0x01048000 x14:0x00000000
      347199000	     17258	800051e4	0317b2b3	mulhu	x5,x15,x17	 x15:0x00000000 x17:0x00000000  x5=0x00000000
      347699000	     17283	800051e8	8571	c.srai	x10,0x1c	 x10:0x010482d0 x10=0x00000000
      348439000	     17320	800051ea	032f4833	div	x16,x30,x18	 x30:0x00000005 x18:0x80000000 x16=0x00000000
      348459000	     17321	800051ee	340071f3	csrrci	x3,mscratch,0	  x3=0x00000014
      348479000	     17322	800051f2	6ffd	c.lui	x31,0x1f	 x31=0x0001f000
      348499000	     17323	800051f4	632fa393	slti	x7,x31,1586	 x31:0x0001f000  x7=0x00000000
      348579000	     17327	800051f8	340e34f3	csrrc	x9,mscratch,x28	 x28:0x80021e64  x9=0x00000014
      348599000	     17328	800051fc	717d	c.addi16sp	x2,-16	  x2:0x01048000  x2=0x01047ff0
      348619000	     17329	800051fe	8dc5	c.or	x11,x9	 x11:0x00000005  x9:0x00000014 x11=0x00000015
      348639000	     17330	80005200	d4a66893	ori	x17,x12,-694	 x12:0x80025ce4 x17=0xfffffdee
      348779000	     17337	80005204	02e43833	mulhu	x16,x8,x14	  x8:0x80000000 x14:0x00000000 x16=0x00000000
      348799000	     17338	80005208	8fa9	c.xor	x15,x10	 x15:0x00000000 x10:0x00000000 x15=0x00000000
      348819000	     17339	8000520a	340667f3	csrrsi	x15,mscratch,12	 x15=0x00000010
      348919000	     17344	8000520e	01d43933	sltu	x18,x8,x29	  x8:0x80000000 x29:0x00000001 x18=0x00000000
      348939000	     17345	80005212	0000100f	fence.i	
      350659000	     17431	80005216	021c93b3	mulh	x7,x25,x1	 x25:0x00000000  x1:0x00000001  x7=0x00000000
      350759000	     17436	8000521a	02632833	mulhsu	x16,x6,x6	  x6:0x0000001d  x6:0x0000001d x16=0x00000000
      350779000	     17437	8000521e	0112d3b3	srl	x7,x5,x17	  x5:0x00000000 x17:0xfffffdee  x7=0x00000000
      350799000	     17438	80005222	409ba213	slti	x4,x23,1033	 x23:0x7360905a  x4=0x00000000
      351099000	     17453	80005226	34043573	csrrc	x10,mscratch,x8	  x8:0x80000000 x10=0x0000001c
      351219000	     17459	8000522a	c7340497	auipc	x9,0xc7340	  x9=0x4734522a
      351239000	     17460	8000522e	03735063	bge	x6,x23,8000524e	  x6:0x0000001d x23:0x7360905a
      351599000	     17478	80005232	f9a48993	addi	x19,x9,-102	  x9:0x4734522a x19=0x473451c4
      351659000	     17481	80005236	b76498b7	lui	x17,0xb7649	 x17=0xb7649000
      351679000	     17482	8000523a	02c60733	mul	x14,x12,x12	 x12:0x80025ce4 x12:0x80025ce4 x14=0x9544ab10
      351699000	     17483	8000523e	0001	c.addi	x0,0	  x0:0x00000000  x0=0x00000000
      351719000	     17484	80005240	40dbdc93	srai	x25,x23,0xd	 x23:0x7360905a x25=0x00039b04
      351779000	     17487	80005244	004fef33	or	x30,x31,x4	 x31:0x0001f000  x4:0x00000000 x30=0x0001f000
      351959000	     17496	80005248	8f6a	c.mv	x30,x26	  x0:0x00000000 x26:0x00000000 x30=0x00000000
      351979000	     17497	8000524a	02194263	blt	x18,x1,8000526e	 x18:0x00000000  x1:0x00000001
      352739000	     17535	8000526e	012c0a33	add	x20,x24,x18	 x24:0x7360905a x18:0x00000000 x20=0x7360905a
      352759000	     17536	80005272	468fa893	slti	x17,x31,1128	 x31:0x0001f000 x17=0x00000000
      352919000	     17544	80005276	bc7fc293	xori	x5,x31,-1081	 x31:0x0001f000  x5=0xfffe0bc7
      353279000	     17562	8000527a	02561833	mulh	x16,x12,x5	 x12:0x80025ce4  x5:0xfffe0bc7 x16=0x0000fa17
      353679000	     17582	8000527e	05578063	beq	x15,x21,800052be	 x15:0x00000010 x21:0x3eb5b6b2
      353699000	     17583	80005282	0001	c.addi	x0,0	  x0:0x00000000  x0=0x00000000
      354099000	     17603	80005284	34006c73	csrrsi	x24,mscratch,0	 x24=0x0000001c
      354119000	     17604	80005288	0306	c.slli	x6,0x1	  x6:0x0000001d  x6=0x0000003a
      354159000	     17606	8000528a	00d69463	bne	x13,x13,80005292	 x13:0x7360905a x13:0x7360905a
      354199000	     17608	8000528e	034c3033	mulhu	x0,x24,x20	 x24:0x0000001c x20:0x7360905a  x0=0x00000000
      354219000	     17609	80005292	ea99	c.bnez	x13,800052a8	 x13:0x7360905a
      354779000	     17637	800052a8	0336a4b3	mulhsu	x9,x13,x19	 x13:0x7360905a x19:0x473451c4  x9=0x20175c80
      354899000	     17643	800052ac	40fc52b3	sra	x5,x24,x15	 x24:0x0000001c x15:0x00000010  x5=0x00000000
      354919000	     17644	800052b0	0ff0000f	fence	iorw,iorw	
      354939000	     17645	800052b4	8ad5	c.andi	x13,21	 x13:0x7360905a x13=0x00000010
      354959000	     17646	800052b6	8396	c.mv	x7,x5	  x0:0x00000000  x5:0x00000000  x7=0x00000000
      355359000	     17666	800052b8	717d	c.addi16sp	x2,-16	  x2:0x01047ff0  x2=0x01047fe0
      355379000	     17667	800052ba	400a5393	srai	x7,x20,0x0	 x20:0x7360905a  x7=0x7360905a
      355399000	     17668	800052be	3409e2f3	csrrsi	x5,mscratch,19	  x5=0x0000001c
      355419000	     17669	800052c2	0ff0000f	fence	iorw,iorw	
      355439000	     17670	800052c6	6125	c.addi16sp	x2,96	  x2:0x01047fe0  x2=0x01048040
      355539000	     17675	800052c8	15782a93	slti	x21,x16,343	 x16:0x0000fa17 x21=0x00000000
      355799000	     17688	800052cc	15eac093	xori	x1,x21,350	 x21:0x00000000  x1=0x0000015e
      355839000	     17690	800052d0	03275b33	divu	x22,x14,x18	 x14:0x9544ab10 x18:0x00000000 x22=0xffffffff
      355859000	     17691	800052d4	7c51cb13	xori	x22,x3,1989	  x3:0x00000014 x22=0x000007d1
      355879000	     17692	800052d8	340915f3	csrrw	x11,mscratch,x18	 x18:0x00000000 x11=0x0000001f
      355919000	     17694	800052dc	8fcd	c.or	x15,x11	 x15:0x00000010 x11:0x0000001f x15=0x0000001f
      356039000	     17700	800052de	02bbaab3	mulhsu	x21,x23,x11	 x23:0x7360905a x11:0x0000001f x21=0x0000000d
      367139000	     18255	800052e2	8435d817	auipc	x16,0x8435d	 x16=0x043622e2
      367159000	     18256	800052e6	872d	c.srai	x14,0xb	 x14:0x9544ab10 x14=0xfff2a895
      367179000	     18257	800052e8	177e4893	xori	x17,x28,375	 x28:0x80021e64 x17=0x80021f13
      367199000	     18258	800052ec	0001	c.addi	x0,0	  x0:0x00000000  x0=0x00000000
      367939000	     18295	800052ee	023cc8b3	div	x17,x25,x3	 x25:0x00039b04  x3:0x00000014 x17=0x00002e26
      367959000	     18296	800052f2	000f4533	xor	x10,x30,x0	 x30:0x00000000  x0:0x00000000 x10=0x00000000
      367979000	     18297	800052f6	3402f6f3	csrrci	x13,mscratch,5	 x13=0x00000000
      367999000	     18298	800052fa	2dde6793	ori	x15,x28,733	 x28:0x80021e64 x15=0x80021efd
      368019000	     18299	800052fe	4126db93	srai	x23,x13,0x12	 x13:0x00000000 x23=0x00000000
      368059000	     18301	80005302	02b1b133	mulhu	x2,x3,x11	  x3:0x00000014 x11:0x0000001f  x2=0x00000000
      368079000	     18302	80005306	8f51	c.or	x14,x12	 x14:0xfff2a895 x12:0x80025ce4 x14=0xfff2fcf5
      368279000	     18312	80005308	177d	c.addi	x14,-1	 x14:0xfff2fcf5 x14=0xfff2fcf4
      368299000	     18313	8000530a	c909	c.beqz	x10,8000531c	 x10:0x00000000
      369119000	     18354	8000531c	ce9d	c.beqz	x13,8000535a	 x13:0x00000000
      369479000	     18372	8000535a	16fd	c.addi	x13,-1	 x13:0x00000000 x13=0xffffffff
      369599000	     18378	8000535c	9b1e	c.add	x22,x7	 x22:0x000007d1  x7:0x7360905a x22=0x7360982b
      369679000	     18382	8000535e	34049f73	csrrw	x30,mscratch,x9	  x9:0x20175c80 x30=0x00000000
      370099000	     18403	80005362	9e19e493	ori	x9,x19,-1567	 x19:0x473451c4  x9=0xfffff9e5
      370519000	     18424	80005366	01565eb3	srl	x29,x12,x21	 x12:0x80025ce4 x21:0x0000000d x29=0x00040012
      370539000	     18425	8000536a	8f25	c.xor	x14,x9	 x14:0xfff2fcf4  x9:0xfffff9e5 x14=0x000d0511
      370599000	     18428	8000536c	8329	c.srli	x14,0xa	 x14:0x000d0511 x14=0x00000341
      370619000	     18429	8000536e	f9b78093	addi	x1,x15,-101	 x15:0x80021efd  x1=0x80021e98
      370639000	     18430	80005372	01811563	bne	x2,x24,8000537c	  x2:0x00000000 x24:0x0000001c
      370879000	     18442	8000537c	95dffd13	andi	x26,x31,-1699	 x31:0x0001f000 x26=0x0001f000
      371159000	     18456	80005380	8eb1	c.xor	x13,x12	 x13:0xffffffff x12:0x80025ce4 x13=0x7ffda31b
      371579000	     18477	80005382	66c12093	slti	x1,x2,1644	  x2:0x00000000  x1=0x00000001
      371619000	     18479	80005386	0000100f	fence.i	
      371939000	     18495	8000538a	81436b13	ori	x22,x6,-2028	  x6:0x0000003a x22=0xfffff83e
      372319000	     18514	8000538e	40205513	srai	x10,x0,0x2	  x0:0x00000000 x10=0x00000000
      372599000	     18528	80005392	4c764a13	xori	x20,x12,1223	 x12:0x80025ce4 x20=0x80025823
      372619000	     18529	80005396	8741	c.srai	x14,0x10	 x14:0x00000341 x14=0x00000000
      373459000	     18571	80005398	0259fc33	remu	x24,x19,x5	 x19:0x473451c4  x5:0x0000001c x24=0x00000010
      373479000	     18572	8000539c	03b50733	mul	x14,x10,x27	 x10:0x00000000 x27:0x01cd8241 x14=0x00000000
      373499000	     18573	800053a0	8ee1	c.and	x13,x8	 x13:0x7ffda31b  x8:0x80000000 x13=0x00000000
      373539000	     18575	800053a2	028f1333	mulh	x6,x30,x8	 x30:0x00000000  x8:0x80000000  x6=0x00000000
      373559000	     18576	800053a6	8f59	c.or	x14,x14	 x14:0x00000000 x14:0x00000000 x14=0x00000000
      373579000	     18577	800053a8	cf95	c.beqz	x15,800053e4	 x15:0x80021efd
      373599000	     18578	800053aa	c399	c.beqz	x15,800053b0	 x15:0x80021efd
      373619000	     18579	800053ac	ad650113	addi	x2,x10,-1322	 x10:0x00000000  x2=0xfffffad6
      373699000	     18583	800053b0	9b7d	c.andi	x14,-1	 x14:0x00000000 x14=0x00000000
      373719000	     18584	800053b2	40a385b3	sub	x11,x7,x10	  x7:0x7360905a x10:0x00000000 x11=0x7360905a
      373759000	     18586	800053b6	03a49d33	mulh	x26,x9,x26	  x9:0xfffff9e5 x26:0x0001f000 x26=0xffffffff
      374159000	     18606	800053ba	00c54a63	blt	x10,x12,800053ce	 x10:0x00000000 x12:0x80025ce4
      374519000	     18624	800053be	01ec5233	srl	x4,x24,x30	 x24:0x00000010 x30:0x00000000  x4=0x00000010
      374539000	     18625	800053c2	889e6e93	ori	x29,x28,-1911	 x28:0x80021e64 x29=0xfffffeed
      374899000	     18643	800053c6	00459093	slli	x1,x11,0x4	 x11:0x7360905a  x1=0x360905a0
      374919000	     18644	800053ca	0351f663	bgeu	x3,x21,800053f6	  x3:0x00000014 x21:0x0000000d
      375599000	     18678	800053f6	00b5edb3	or	x27,x11,x11	 x11:0x7360905a x11:0x7360905a x27=0x7360905a
      375639000	     18680	800053fa	02f61d33	mulh	x26,x12,x15	 x12:0x80025ce4 x15:0x80021efd x26=0x3ffdc214
      375799000	     18688	800053fe	02a96463	bltu	x18,x10,80005426	 x18:0x00000000 x10:0x00000000
      375819000	     18689	80005402	0939	c.addi	x18,14	 x18:0x00000000 x18=0x0000000e
      375839000	     18690	80005404	41f78b33	sub	x22,x15,x31	 x15:0x80021efd x31:0x0001f000 x22=0x80002efd
      375859000	     18691	80005408	340033f3	csrrc	x7,mscratch,x0	  x0:0x00000000  x7=0x20175c80
      375879000	     18692	8000540c	2d901b17	auipc	x22,0x2d901	 x22=0xad90640c
      375899000	     18693	80005410	34002c73	csrrs	x24,mscratch,x0	  x0:0x00000000 x24=0x20175c80
      375919000	     18694	80005414	02bd4363	blt	x26,x11,8000543a	 x26:0x3ffdc214 x11:0x7360905a
      376399000	     18718	8000543a	00648fb3	add	x31,x9,x6	  x9:0xfffff9e5  x6:0x00000000 x31=0xfffff9e5
      377139000	     18755	8000543e	025fc133	div	x2,x31,x5	 x31:0xfffff9e5  x5:0x0000001c  x2=0xffffffc9
      377159000	     18756	80005442	419b5893	srai	x17,x22,0x19	 x22:0xad90640c x17=0xffffffd6
      377179000	     18757	80005446	8cc5	c.or	x9,x9	  x9:0xfffff9e5  x9:0xfffff9e5  x9=0xfffff9e5
      377199000	     18758	80005448	00f17863	bgeu	x2,x15,80005458	  x2:0xffffffc9 x15:0x80021efd
      377979000	     18797	80005458	340c70f3	csrrci	x1,mscratch,24	  x1=0x20175c80
      377999000	     18798	8000545c	41785e93	srai	x29,x16,0x17	 x16:0x043622e2 x29=0x00000008
      378359000	     18816	80005460	41eb5a93	srai	x21,x22,0x1e	 x22:0xad90640c x21=0xfffffffe
      378759000	     18836	80005464	00486833	or	x16,x16,x4	 x16:0x043622e2  x4:0x00000010 x16=0x043622f2
      378779000	     18837	80005468	19fd	c.addi	x19,-1	 x19:0x473451c4 x19=0x473451c3
      378839000	     18840	8000546a	0152ea63	bltu	x5,x21,8000547e	  x5:0x0000001c x21:0xfffffffe
      379739000	     18885	8000547e	0001	c.addi	x0,0	  x0:0x00000000  x0=0x00000000
      379899000	     18893	80005480	01cfdd63	bge	x31,x28,8000549a	 x31:0xfffff9e5 x28:0x80021e64
      380459000	     18921	8000549a	6c39	c.lui	x24,0xe	 x24=0x0000e000
      380479000	     18922	8000549c	3407daf3	csrrwi	x21,mscratch,15	 x21=0x20175c80
      380499000	     18923	800054a0	0001	c.addi	x0,0	  x0:0x00000000  x0=0x00000000
      380519000	     18924	800054a2	7b5e6797	auipc	x15,0x7b5e6	 x15=0xfb5eb4a2
      380539000	     18925	800054a6	49d0fb13	andi	x22,x1,1181	  x1:0x20175c80 x22=0x00000480
      380559000	     18926	800054aa	8f19	c.sub	x14,x14	 x14:0x00000000 x14:0x00000000 x14=0x00000000
      380579000	     18927	800054ac	340020f3	csrrs	x1,mscratch,x0	  x0:0x00000000  x1=0x0000000f
      380619000	     18929	800054b0	01a047b3	xor	x15,x0,x26	  x0:0x00000000 x26:0x3ffdc214 x15=0x3ffdc214
      380639000	     18930	800054b4	0104db93	srli	x23,x9,0x10	  x9:0xfffff9e5 x23=0x0000ffff
      380659000	     18931	800054b8	035a5063	bge	x20,x21,800054d8	 x20:0x80025823 x21:0x20175c80
      380739000	     18935	800054bc	0000100f	fence.i	
      380999000	     18948	800054c0	03c5b8b3	mulhu	x17,x11,x28	 x11:0x7360905a x28:0x80021e64 x17=0x39b13ca0
      381039000	     18950	800054c4	03fc1bb3	mulh	x23,x24,x31	 x24:0x0000e000 x31:0xfffff9e5 x23=0xffffffff
      381059000	     18951	800054c8	01de06b3	add	x13,x28,x29	 x28:0x80021e64 x29:0x00000008 x13=0x80021e6c
      381079000	     18952	800054cc	340c7ef3	csrrci	x29,mscratch,24	 x29=0x0000000f
      381099000	     18953	800054d0	41b1	c.li	x3,12	  x3=0x0000000c
      381319000	     18964	800054d2	ba734913	xori	x18,x6,-1113	  x6:0x00000000 x18=0xfffffba7
      381339000	     18965	800054d6	8541	c.srai	x10,0x10	 x10:0x00000000 x10=0x00000000
      381359000	     18966	800054d8	41b65db3	sra	x27,x12,x27	 x12:0x80025ce4 x27:0x7360905a x27=0xffffffe0
      381379000	     18967	800054dc	cb8e2bb7	lui	x23,0xcb8e2	 x23=0xcb8e2000
      381399000	     18968	800054e0	340c60f3	csrrsi	x1,mscratch,24	  x1=0x00000007
      381499000	     18973	800054e4	019b33b3	sltu	x7,x22,x25	 x22:0x00000480 x25:0x00039b04  x7=0x00000001
      381519000	     18974	800054e8	07ae	c.slli	x15,0xb	 x15:0x3ffdc214 x15=0xee10a000
      381539000	     18975	800054ea	00bf5693	srli	x13,x30,0xb	 x30:0x00000000 x13=0x00000000
      381559000	     18976	800054ee	c995	c.beqz	x11,80005522	 x11:0x7360905a
      381799000	     18988	800054f0	0311b133	mulhu	x2,x3,x17	  x3:0x0000000c x17:0x39b13ca0  x2=0x00000002
      381839000	     18990	800054f4	34007973	csrrci	x18,mscratch,0	 x18=0x0000001f
      381879000	     18992	800054f8	01ee7ab3	and	x21,x28,x30	 x28:0x80021e64 x30:0x00000000 x21=0x00000000
      381919000	     18994	800054fc	56fd	c.li	x13,-1	 x13=0xffffffff
      381939000	     18995	800054fe	00309cb3	sll	x25,x1,x3	  x1:0x00000007  x3:0x0000000c x25=0x00007000
      382119000	     19004	80005502	cccbe313	ori	x6,x23,-820	 x23:0xcb8e2000  x6=0xfffffccc
      382379000	     19017	80005506	50cd6117	auipc	x2,0x50cd6	  x2=0xd0cdb506
      382399000	     19018	8000550a	6775	c.lui	x14,0x1d	 x14=0x0001d000
      382559000	     19026	8000550c	0000100f	fence.i	
      382939000	     19045	80005510	8f95	c.sub	x15,x13	 x15:0xee10a000 x13:0xffffffff x15=0xee10a001
      383719000	     19084	80005512	034fc833	div	x16,x31,x20	 x31:0xfffff9e5 x20:0x80025823 x16=0x00000000
      383739000	     19085	80005516	017adb33	srl	x22,x21,x23	 x21:0x00000000 x23:0xcb8e2000 x22=0x00000000
      383759000	     19086	8000551a	468d	c.li	x13,3	 x13=0x00000003
      383779000	     19087	8000551c	01071eb3	sll	x29,x14,x16	 x14:0x0001d000 x16:0x00000000 x29=0x0001d000
      383799000	     19088	80005520	8ce1	c.and	x9,x8	  x9:0xfffff9e5  x8:0x80000000  x9=0x80000000
      383819000	     19089	80005522	340c94f3	csrrw	x9,mscratch,x25	 x25:0x00007000  x9=0x0000001f
      383839000	     19090	80005526	4ca5	c.li	x25,9	 x25=0x00000009
      383859000	     19091	80005528	8cad	c.xor	x9,x11	  x9:0x0000001f x11:0x7360905a  x9=0x73609045
      383899000	     19093	8000552a	03cb1fb3	mulh	x31,x22,x28	 x22:0x00000000 x28:0x80021e64 x31=0x00000000
      383919000	     19094	8000552e	000e6eb3	or	x29,x28,x0	 x28:0x80021e64  x0:0x00000000 x29=0x80021e64
      384079000	     19102	80005532	01c6beb3	sltu	x29,x13,x28	 x13:0x00000003 x28:0x80021e64 x29=0x00000001
      384499000	     19123	80005536	00599033	sll	x0,x19,x5	 x19:0x473451c3  x5:0x0000001c  x0=0x00000000
      384519000	     19124	8000553a	87c1	c.srai	x15,0x10	 x15:0xee10a001 x15=0xffffee10
      384779000	     19137	8000553c	5ad3b213	sltiu	x4,x7,1453	  x7:0x00000001  x4=0x00000001
      384799000	     19138	80005540	400c5b93	srai	x23,x24,0x0	 x24:0x0000e000 x23=0x0000e000
      384839000	     19140	80005544	03772333	mulhsu	x6,x14,x23	 x14:0x0001d000 x23:0x0000e000  x6=0x00000001
      384859000	     19141	80005548	8ab6	c.mv	x21,x13	  x0:0x00000000 x13:0x00000003 x21=0x00000003
      384879000	     19142	8000554a	05b47163	bgeu	x8,x27,8000558c	  x8:0x80000000 x27:0xffffffe0
      385219000	     19159	8000554e	3400e173	csrrsi	x2,mscratch,1	  x2=0x00007000
      385299000	     19163	80005552	03488363	beq	x17,x20,80005578	 x17:0x39b13ca0 x20:0x80025823
      385319000	     19164	80005556	41fa8933	sub	x18,x21,x31	 x21:0x00000003 x31:0x00000000 x18=0x00000003
      385339000	     19165	8000555a	c319	c.beqz	x14,80005560	 x14:0x0001d000
      385399000	     19168	8000555c	02959c33	mulh	x24,x11,x9	 x11:0x7360905a  x9:0x73609045 x24=0x33ffe613
      385479000	     19172	80005560	6129	c.addi16sp	x2,192	  x2:0x00007000  x2=0x000070c0
      385559000	     19176	80005562	a1e54293	xori	x5,x10,-1506	 x10:0x00000000  x5=0xfffffa1e
      385579000	     19177	80005566	6c1d	c.lui	x24,0x7	 x24=0x00007000
      385599000	     19178	80005568	00357c63	bgeu	x10,x3,80005580	 x10:0x00000000  x3:0x0000000c
      385679000	     19182	8000556c	00fbb6b3	sltu	x13,x23,x15	 x23:0x0000e000 x15:0xffffee10 x13=0x00000001
      385779000	     19187	80005570	03dc2533	mulhsu	x10,x24,x29	 x24:0x00007000 x29:0x00000001 x10=0x00000000
      385799000	     19188	80005574	01dcd663	bge	x25,x29,80005580	 x25:0x00000009 x29:0x00000001
      386559000	     19226	80005580	0056f833	and	x16,x13,x5	 x13:0x00000001  x5:0xfffffa1e x16=0x00000000
      386739000	     19235	80005584	0158b833	sltu	x16,x17,x21	 x17:0x39b13ca0 x21:0x00000003 x16=0x00000000
      386759000	     19236	80005588	340ff3f3	csrrci	x7,mscratch,31	  x7=0x00007001
      386799000	     19238	8000558c	027d2cb3	mulhsu	x25,x26,x7	 x26:0x3ffdc214  x7:0x00007001 x25=0x00001bff
      386979000	     19247	80005590	01077c63	bgeu	x14,x16,800055a8	 x14:0x0001d000 x16:0x00000000
      387079000	     19252	800055a8	018f4533	xor	x10,x30,x24	 x30:0x00000000 x24:0x00007000 x10=0x00007000
      387379000	     19267	800055ac	023d1bb3	mulh	x23,x26,x3	 x26:0x3ffdc214  x3:0x0000000c x23=0x00000002
      387439000	     19270	800055b0	90f2	c.add	x1,x28	  x1:0x00000007 x28:0x80021e64  x1=0x80021e6b
      388179000	     19307	800055b2	03936333	rem	x6,x6,x25	  x6:0x00000001 x25:0x00001bff  x6=0x00000001
      403819000	     20089	800055b6	03162c33	mulhsu	x24,x12,x17	 x12:0x80025ce4 x17:0x39b13ca0 x24=0xe327ea01
      403839000	     20090	800055ba	00006d17	auipc	x26,0x6	 x26=0x8000b5ba
      403859000	     20091	800055be	4ded0d13	addi	x26,x26,1246	 x26:0x8000b5ba x26=0x8000ba98
      403879000	     20092	800055c2	12f20093	addi	x1,x4,303	  x4:0x00000001  x1=0x00000130
      403899000	     20093	800055c6	15bd0d13	addi	x26,x26,347	 x26:0x8000ba98 x26=0x8000bbf3
      404639000	     20130	800055ca	022f62b3	rem	x5,x30,x2	 x30:0x00000000  x2:0x000070c0  x5=0x00000000
      404659000	     20131	800055ce	0114e1b3	or	x3,x9,x17	  x9:0x73609045 x17:0x39b13ca0  x3=0x7bf1bce5
      404679000	     20132	800055d2	3402d4f3	csrrwi	x9,mscratch,5	  x9=0x00007000
      404699000	     20133	800055d6	92d2	c.add	x5,x20	  x5:0x00000000 x20:0x80025823  x5=0x80025823
      404719000	     20134	800055d8	340024f3	csrrs	x9,mscratch,x0	  x0:0x00000000  x9=0x00000005
      404739000	     20135	800055dc	ea5d01e7	jalr	x3,-347(x26)	 x26:0x8000bbf3  x3=0x800055e0
      405439000	     20170	8000ba98	003eb7b3	sltu	x15,x29,x3	 x29:0x00000001  x3:0x800055e0 x15=0x00000001
      405639000	     20180	8000ba9c	451d	c.li	x10,7	 x10=0x00000007
      406059000	     20201	8000ba9e	01b6d363	bge	x13,x27,8000baa4	 x13:0x00000001 x27:0xffffffe0
      406679000	     20232	8000baa4	1e61	c.addi	x28,-8	 x28:0x80021e64 x28=0x80021e5c
      407399000	     20268	8000baa6	00540bb3	add	x23,x8,x5	  x8:0x80000000  x5:0x80025823 x23=0x00025823
      407419000	     20269	8000baaa	86cd	c.srai	x13,0x13	 x13:0x00000001 x13=0x00000000
      407559000	     20276	8000baac	0ace	c.slli	x21,0x13	 x21:0x00000003 x21=0x00180000
      407579000	     20277	8000baae	98c6	c.add	x17,x17	 x17:0x39b13ca0 x17:0x39b13ca0 x17=0x73627940
      407639000	     20280	8000bab0	003e2223	sw	x3,4(x28)	 x28:0x80021e5c  x3:0x800055e0 PA:0x80021e60 store:0x800055e0 load:0xffffffff
      407679000	     20282	8000bab4	03331b33	mulh	x22,x6,x19	  x6:0x00000001 x19:0x473451c3 x22=0x00000000
      407699000	     20283	8000bab8	717d	c.addi16sp	x2,-16	  x2:0x000070c0  x2=0x000070b0
      407719000	     20284	8000baba	fffff997	auipc	x19,0xfffff	 x19=0x8000aaba
      407739000	     20285	8000babe	ea298993	addi	x19,x19,-350	 x19:0x8000aaba x19=0x8000a95c
      407759000	     20286	8000bac2	826a	c.mv	x4,x26	  x0:0x00000000 x26:0x8000bbf3  x4=0x8000bbf3
      407879000	     20292	8000bac4	1d798993	addi	x19,x19,471	 x19:0x8000a95c x19=0x8000ab33
      407899000	     20293	8000bac8	406c5333	sra	x6,x24,x6	 x24:0xe327ea01  x6:0x00000001  x6=0xf193f500
      407919000	     20294	8000bacc	03698033	mul	x0,x19,x22	 x19:0x8000ab33 x22:0x00000000  x0=0x00000000
      407959000	     20296	8000bad0	03413733	mulhu	x14,x2,x20	  x2:0x000070b0 x20:0x80025823 x14=0x00003859
      408079000	     20302	8000bad4	34002df3	csrrs	x27,mscratch,x0	  x0:0x00000000 x27=0x00000005
      408159000	     20306	8000bad8	015c1b93	slli	x23,x24,0x15	 x24:0xe327ea01 x23=0x40200000
      408179000	     20307	8000badc	64a5	c.lui	x9,0x9	  x9=0x00009000
      408339000	     20315	8000bade	e2a981e7	jalr	x3,-470(x19)	 x19:0x8000ab33  x3=0x8000bae2
      409119000	     20354	8000a95c	8b49	c.andi	x14,18	 x14:0x00003859 x14=0x00000010
      409139000	     20355	8000a95e	8f35	c.xor	x14,x13	 x14:0x00000010 x13:0x00000000 x14=0x00000010
      409259000	     20361	8000a960	52fd	c.li	x5,-1	  x5=0xffffffff
      409279000	     20362	8000a962	c099	c.beqz	x9,8000a968	  x9:0x00009000
      409679000	     20382	8000a964	7dee8c93	addi	x25,x29,2014	 x29:0x00000001 x25=0x000007df
      410039000	     20400	8000a968	fc8e0e13	addi	x28,x28,-56	 x28:0x80021e5c x28=0x80021e24
      410619000	     20429	8000a96c	003e2223	sw	x3,4(x28)	 x28:0x80021e24  x3:0x8000bae2 PA:0x80021e28 store:0x8000bae2 load:0xffffffff
      410639000	     20430	8000a970	0001	c.addi	x0,0	  x0:0x00000000  x0=0x00000000
      410659000	     20431	8000a972	01051a13	slli	x20,x10,0x10	 x10:0x00000007 x20=0x00070000
      410919000	     20444	8000a976	340899f3	csrrw	x19,mscratch,x17	 x17:0x73627940 x19=0x00000005
      411019000	     20449	8000a97a	34036a73	csrrsi	x20,mscratch,6	 x20=0x73627940
      411039000	     20450	8000a97e	8b5e	c.mv	x22,x23	  x0:0x00000000 x23:0x40200000 x22=0x40200000
      411059000	     20451	8000a980	537d	c.li	x6,-1	  x6=0xffffffff
      411459000	     20471	8000a982	247b8b93	addi	x23,x23,583	 x23:0x40200000 x23=0x40200247
      411479000	     20472	8000a986	015e	c.slli	x2,0x17	  x2:0x000070b0  x2=0x58000000
      411619000	     20479	8000a988	340868f3	csrrsi	x17,mscratch,16	 x17=0x73627946
      411639000	     20480	8000a98c	007654b3	srl	x9,x12,x7	 x12:0x80025ce4  x7:0x00007001  x9=0x40012e72
      411659000	     20481	8000a990	6dd1	c.lui	x27,0x14	 x27=0x00014000
      411679000	     20482	8000a992	98fd	c.andi	x9,-1	  x9:0x40012e72  x9=0x40012e72
      411699000	     20483	8000a994	8141	c.srli	x10,0x10	 x10:0x00000007 x10=0x00000000
      411719000	     20484	8000a996	8f81	c.sub	x15,x8	 x15:0x00000001  x8:0x80000000 x15=0x80000001
      412059000	     20501	8000a998	c38d	c.beqz	x15,8000a9ba	 x15:0x80000001
      412079000	     20502	8000a99a	00e69c13	slli	x24,x13,0xe	 x13:0x00000000 x24=0x00000000
      412119000	     20504	8000a99e	03811b63	bne	x2,x24,8000a9d4	  x2:0x58000000 x24:0x00000000
      412259000	     20511	8000a9d4	340035f3	csrrc	x11,mscratch,x0	  x0:0x00000000 x11=0x73627956
      413559000	     20576	8000a9d8	02c5c833	div	x16,x11,x12	 x11:0x73627956 x12:0x80025ce4 x16=0x00000000
      413579000	     20577	8000a9dc	4c1b6013	ori	x0,x22,1217	 x22:0x40200000  x0=0x00000000
      413599000	     20578	8000a9e0	34002573	csrrs	x10,mscratch,x0	  x0:0x00000000 x10=0x73627956
      413619000	     20579	8000a9e4	8956	c.mv	x18,x21	  x0:0x00000000 x21:0x00180000 x18=0x00180000
      413639000	     20580	8000a9e6	0c14	c.addi4spn	x13,x2,528	 x13=0x58000210
      413659000	     20581	8000a9e8	340d9773	csrrw	x14,mscratch,x27	 x27:0x00014000 x14=0x73627956
      413679000	     20582	8000a9ec	0273c163	blt	x7,x7,8000aa0e	  x7:0x00007001  x7:0x00007001
      413999000	     20598	8000a9f0	4100d313	srai	x6,x1,0x10	  x1:0x00000130  x6=0x00000000
      414139000	     20605	8000a9f4	02030233	mul	x4,x6,x0	  x6:0x00000000  x0:0x00000000  x4=0x00000000
      414219000	     20609	8000a9f8	02b932b3	mulhu	x5,x18,x11	 x18:0x00180000 x11:0x73627956  x5=0x000ad13b
      414239000	     20610	8000a9fc	02914863	blt	x2,x9,8000aa2c	  x2:0x58000000  x9:0x40012e72
      414259000	     20611	8000aa00	b6fcad93	slti	x27,x25,-1169	 x25:0x000007df x27=0x00000000
      414279000	     20612	8000aa04	0ff0000f	fence	iorw,iorw	
      414579000	     20627	8000aa08	831a	c.mv	x6,x6	  x0:0x00000000  x6:0x00000000  x6=0x00000000
      414599000	     20628	8000aa0a	40188733	sub	x14,x17,x1	 x17:0x73627946  x1:0x00000130 x14=0x73627816
      414619000	     20629	8000aa0e	0ff0000f	fence	iorw,iorw	
      414639000	     20630	8000aa12	8cde	c.mv	x25,x23	  x0:0x00000000 x23:0x40200247 x25=0x40200247
      414679000	     20632	8000aa14	02eabeb3	mulhu	x29,x21,x14	 x21:0x00180000 x14:0x73627816 x29=0x000ad13b
      414839000	     20640	8000aa18	410c02b3	sub	x5,x24,x16	 x24:0x00000000 x16:0x00000000  x5=0x00000000
      414859000	     20641	8000aa1c	02e80cb3	mul	x25,x16,x14	 x16:0x00000000 x14:0x73627816 x25=0x00000000
      414939000	     20645	8000aa20	0257e933	rem	x18,x15,x5	 x15:0x80000001  x5:0x00000000 x18=0x80000001
      415319000	     20664	8000aa24	01d6fc33	and	x24,x13,x29	 x13:0x58000210 x29:0x000ad13b x24=0x00000010
      415339000	     20665	8000aa28	0000100f	fence.i	
      415599000	     20678	8000aa2c	015dea33	or	x20,x27,x21	 x27:0x00000000 x21:0x00180000 x20=0x00180000
      415639000	     20680	8000aa30	c981	c.beqz	x11,8000aa40	 x11:0x73627956
      416059000	     20701	8000aa32	007d1b13	slli	x22,x26,0x7	 x26:0x8000bbf3 x22=0x005df980
      416079000	     20702	8000aa36	340029f3	csrrs	x19,mscratch,x0	  x0:0x00000000 x19=0x00014000
      416859000	     20741	8000aa3a	02725233	divu	x4,x4,x7	  x4:0x00000000  x7:0x00007001  x4=0x00000000
      416879000	     20742	8000aa3e	015e	c.slli	x2,0x17	  x2:0x58000000  x2=0x00000000
      416899000	     20743	8000aa40	0345f163	bgeu	x11,x20,8000aa62	 x11:0x73627956 x20:0x00180000
      417139000	     20755	8000aa62	0001	c.addi	x0,0	  x0:0x00000000  x0=0x00000000
      417279000	     20762	8000aa64	02221563	bne	x4,x2,8000aa8e	  x4:0x00000000  x2:0x00000000
      417699000	     20783	8000aa68	25fc6293	ori	x5,x24,607	 x24:0x00000010  x5=0x0000025f
      418119000	     20804	8000aa6c	002a2b33	slt	x22,x20,x2	 x20:0x00180000  x2:0x00000000 x22=0x00000000
      418139000	     20805	8000aa70	340066f3	csrrsi	x13,mscratch,0	 x13=0x00014000
      418159000	     20806	8000aa74	fe32e4b7	lui	x9,0xfe32e	  x9=0xfe32e000
      418179000	     20807	8000aa78	00d65213	srli	x4,x12,0xd	 x12:0x80025ce4  x4=0x00040012
      418199000	     20808	8000aa7c	03507463	bgeu	x0,x21,8000aaa4	  x0:0x00000000 x21:0x00180000
      418239000	     20810	8000aa80	40388033	sub	x0,x17,x3	 x17:0x73627946  x3:0x8000bae2  x0=0x00000000
      418259000	     20811	8000aa84	34095573	csrrwi	x10,mscratch,18	 x10=0x00014000
      418279000	     20812	8000aa88	6ce9	c.lui	x25,0x1a	 x25=0x0001a000
      418299000	     20813	8000aa8a	989f4593	xori	x11,x30,-1655	 x30:0x00000000 x11=0xfffff989
      418339000	     20815	8000aa8e	026682b3	mul	x5,x13,x6	 x13:0x00014000  x6:0x00000000  x5=0x00000000
      418359000	     20816	8000aa92	022feb63	bltu	x31,x2,8000aac8	 x31:0x00000000  x2:0x00000000
      418779000	     20837	8000aa96	01bd9913	slli	x18,x27,0x1b	 x27:0x00000000 x18=0x00000000
      418799000	     20838	8000aa9a	6d91	c.lui	x27,0x4	 x27=0x00004000
      419199000	     20858	8000aa9c	0130f863	bgeu	x1,x19,8000aaac	  x1:0x00000130 x19:0x00014000
      419219000	     20859	8000aaa0	3403e1f3	csrrsi	x3,mscratch,7	  x3=0x00000012
      419479000	     20872	8000aaa4	30bf4593	xori	x11,x30,779	 x30:0x00000000 x11=0x0000030b
      419499000	     20873	8000aaa8	0000100f	fence.i	
      419859000	     20891	8000aaac	0001	c.addi	x0,0	  x0:0x00000000  x0=0x00000000
      419899000	     20893	8000aaae	02bd16b3	mulh	x13,x26,x11	 x26:0x8000bbf3 x11:0x0000030b x13=0xfffffe7a
      419919000	     20894	8000aab2	03899463	bne	x19,x24,8000aada	 x19:0x00014000 x24:0x00000010
      420539000	     20925	8000aada	0001	c.addi	x0,0	  x0:0x00000000  x0=0x00000000
      420799000	     20938	8000aadc	3402a173	csrrs	x2,mscratch,x5	  x5:0x00000000  x2=0x00000017
      420919000	     20944	8000aae0	0168adb3	slt	x27,x17,x22	 x17:0x73627946 x22:0x00000000 x27=0x00000000
      421099000	     20953	8000aae4	0386e163	bltu	x13,x24,8000ab06	 x13:0xfffffe7a x24:0x00000010
      421119000	     20954	8000aae8	8179	c.srli	x10,0x1e	 x10:0x00014000 x10=0x00000000
      421159000	     20956	8000aaea	02e0a4b3	mulhsu	x9,x1,x14	  x1:0x00000130 x14:0x73627816  x9=0x00000089
      421179000	     20957	8000aaee	007138b3	sltu	x17,x2,x7	  x2:0x00000017  x7:0x00007001 x17=0x00000001
      421199000	     20958	8000aaf2	0001	c.addi	x0,0	  x0:0x00000000  x0=0x00000000
      421219000	     20959	8000aaf4	340061f3	csrrsi	x3,mscratch,0	  x3=0x00000017
      421399000	     20968	8000aaf8	b53d6c93	ori	x25,x26,-1197	 x26:0x8000bbf3 x25=0xfffffbf3
      421419000	     20969	8000aafc	01ee3033	sltu	x0,x28,x30	 x28:0x80021e24 x30:0x00000000  x0=0x00000000
      421439000	     20970	8000ab00	0001	c.addi	x0,0	  x0:0x00000000  x0=0x00000000
      421499000	     20973	8000ab02	020dddb3	divu	x27,x27,x0	 x27:0x00000000  x0:0x00000000 x27=0xffffffff
      421519000	     20974	8000ab06	16334217	auipc	x4,0x16334	  x4=0x9633eb06
      421659000	     20981	8000ab0a	02f1beb3	mulhu	x29,x3,x15	  x3:0x00000017 x15:0x80000001 x29=0x0000000b
      422059000	     21001	8000ab0e	0000100f	fence.i	
      423239000	     21060	8000ab12	0001	c.addi	x0,0	  x0:0x00000000  x0=0x00000000
      423259000	     21061	8000ab14	340156f3	csrrwi	x13,mscratch,2	 x13=0x00000017
      423279000	     21062	8000ab18	717d	c.addi16sp	x2,-16	  x2:0x00000017  x2=0x00000007
      423299000	     21063	8000ab1a	6345	c.lui	x6,0x11	  x6=0x00011000
      423419000	     21069	8000ab1c	8d41	c.or	x10,x8	 x10:0x00000000  x8:0x80000000 x10=0x80000000
      423439000	     21070	8000ab1e	03d61863	bne	x12,x29,8000ab4e	 x12:0x80025ce4 x29:0x0000000b
      423779000	     21087	8000ab4e	00c2f6b3	and	x13,x5,x12	  x5:0x00000000 x12:0x80025ce4 x13=0x00000000
      423799000	     21088	8000ab52	010c	c.addi4spn	x11,x2,128	 x11=0x00000087
      424919000	     21144	8000ab54	023e4f33	div	x30,x28,x3	 x28:0x80021e24  x3:0x00000017 x30=0xfa6f657c
      424959000	     21146	8000ab58	0350b333	mulhu	x6,x1,x21	  x1:0x00000130 x21:0x00180000  x6=0x00000000
      424979000	     21147	8000ab5c	0000100f	fence.i	
      425379000	     21167	8000ab60	0001	c.addi	x0,0	  x0:0x00000000  x0=0x00000000
      425539000	     21175	8000ab62	010b4b33	xor	x22,x22,x16	 x22:0x00000000 x16:0x00000000 x22=0x00000000
      425559000	     21176	8000ab66	40acd793	srai	x15,x25,0xa	 x25:0xfffffbf3 x15=0xfffffffe
      425679000	     21182	8000ab6a	34003b73	csrrc	x22,mscratch,x0	  x0:0x00000000 x22=0x00000002
      425699000	     21183	8000ab6e	340ce0f3	csrrsi	x1,mscratch,25	  x1=0x00000002
      425719000	     21184	8000ab72	84e1	c.srai	x9,0x18	  x9:0x00000089  x9=0x00000000
      425739000	     21185	8000ab74	db0b3993	sltiu	x19,x22,-592	 x22:0x00000002 x19=0x00000001
      425759000	     21186	8000ab78	01c91133	sll	x2,x18,x28	 x18:0x00000000 x28:0x80021e24  x2=0x00000000
      425979000	     21197	8000ab7c	02541233	mulh	x4,x8,x5	  x8:0x80000000  x5:0x00000000  x4=0x00000000
      426079000	     21202	8000ab80	04b07163	bgeu	x0,x11,8000abc2	  x0:0x00000000 x11:0x00000087
      426279000	     21212	8000ab84	14192337	lui	x6,0x14192	  x6=0x14192000
      426319000	     21214	8000ab88	340f1873	csrrw	x16,mscratch,x30	 x30:0xfa6f657c x16=0x0000001b
      426339000	     21215	8000ab8c	0105a933	slt	x18,x11,x16	 x11:0x00000087 x16:0x0000001b x18=0x00000000
      426579000	     21227	8000ab90	8f61	c.and	x14,x8	 x14:0x73627816  x8:0x80000000 x14=0x00000000
      426599000	     21228	8000ab92	55fd	c.li	x11,-1	 x11=0xffffffff
      426619000	     21229	8000ab94	40ac89b3	sub	x19,x25,x10	 x25:0xfffffbf3 x10:0x80000000 x19=0x7ffffbf3
      426639000	     21230	8000ab98	dcd7e013	ori	x0,x15,-563	 x15:0xfffffffe  x0=0x00000000
      426919000	     21244	8000ab9c	0001	c.addi	x0,0	  x0:0x00000000  x0=0x00000000
      428059000	     21301	8000ab9e	02354333	div	x6,x10,x3	 x10:0x80000000  x3:0x00000017  x6=0xfa6f4dea
      428079000	     21302	8000aba2	00d61263	bne	x12,x13,8000aba6	 x12:0x80025ce4 x13:0x00000000
      428259000	     21311	8000aba6	34072af3	csrrs	x21,mscratch,x14	 x14:0x00000000 x21=0xfa6f657c
      428279000	     21312	8000abaa	000d4c63	blt	x26,x0,8000abc2	 x26:0x8000bbf3  x0:0x00000000
      428559000	     21326	8000abc2	0001	c.addi	x0,0	  x0:0x00000000  x0=0x00000000
      428979000	     21347	8000abc4	092ba013	slti	x0,x23,146	 x23:0x40200247  x0=0x00000000
      429099000	     21353	8000abc8	8da9	c.xor	x11,x10	 x11:0xffffffff x10:0x80000000 x11=0x7fffffff
      429119000	     21354	8000abca	717d	c.addi16sp	x2,-16	  x2:0x00000000  x2=0xfffffff0
      429139000	     21355	8000abcc	34053773	csrrc	x14,mscratch,x10	 x10:0x80000000 x14=0xfa6f657c
      429199000	     21358	8000abd0	03f06363	bltu	x0,x31,8000abf6	  x0:0x00000000 x31:0x00000000
      429359000	     21366	8000abd4	01c237b3	sltu	x15,x4,x28	  x4:0x00000000 x28:0x80021e24 x15=0x00000001
      429379000	     21367	8000abd8	40efdc33	sra	x24,x31,x14	 x31:0x00000000 x14:0xfa6f657c x24=0x00000000
      429599000	     21378	8000abdc	038b51b3	divu	x3,x22,x24	 x22:0x00000002 x24:0x00000000  x3=0xffffffff
      430719000	     21434	8000abe0	023f68b3	rem	x17,x30,x3	 x30:0xfa6f657c  x3:0xffffffff x17=0x00000000
      430759000	     21436	8000abe4	0328fcb3	remu	x25,x17,x18	 x17:0x00000000 x18:0x00000000 x25=0x00000000
      430779000	     21437	8000abe8	808d1117	auipc	x2,0x808d1	  x2=0x008dbbe8
      430799000	     21438	8000abec	2858c213	xori	x4,x17,645	 x17:0x00000000  x4=0x00000285
      430819000	     21439	8000abf0	8b1d	c.andi	x14,7	 x14:0xfa6f657c x14=0x00000004
      430839000	     21440	8000abf2	0000100f	fence.i	
      430899000	     21443	8000abf6	82e6	c.mv	x5,x25	  x0:0x00000000 x25:0x00000000  x5=0x00000000
      430919000	     21444	8000abf8	019dd033	srl	x0,x27,x25	 x27:0xffffffff x25:0x00000000  x0=0x00000000
      431299000	     21463	8000abfc	03d3b8b3	mulhu	x17,x7,x29	  x7:0x00007001 x29:0x0000000b x17=0x00000000
      431319000	     21464	8000ac00	d6d27993	andi	x19,x4,-659	  x4:0x00000285 x19=0x00000005
      431339000	     21465	8000ac04	0114c8b3	xor	x17,x9,x17	  x9:0x00000000 x17:0x00000000 x17=0x00000000
      431359000	     21466	8000ac08	03ce	c.slli	x7,0x13	  x7:0x00007001  x7=0x80080000
      431379000	     21467	8000ac0a	0001	c.addi	x0,0	  x0:0x00000000  x0=0x00000000
      431399000	     21468	8000ac0c	0d5d	c.addi	x26,23	 x26:0x8000bbf3 x26=0x8000bc0a
      431439000	     21470	8000ac0e	032111b3	mulh	x3,x2,x18	  x2:0x008dbbe8 x18:0x00000000  x3=0x00000000
      431459000	     21471	8000ac12	8571	c.srai	x10,0x1c	 x10:0x80000000 x10=0xfffffff8
      431479000	     21472	8000ac14	34007df3	csrrci	x27,mscratch,0	 x27=0x7a6f657c
      431499000	     21473	8000ac18	8c99	c.sub	x9,x14	  x9:0x00000000 x14:0x00000004  x9=0xfffffffc
      431519000	     21474	8000ac1a	035784b3	mul	x9,x15,x21	 x15:0x00000001 x21:0xfa6f657c  x9=0xfa6f657c
      432259000	     21511	8000ac1e	022ffd33	remu	x26,x31,x2	 x31:0x00000000  x2:0x008dbbe8 x26=0x00000000
      432999000	     21548	8000ac22	037559b3	divu	x19,x10,x23	 x10:0xfffffff8 x23:0x40200247 x19=0x00000003
      433019000	     21549	8000ac26	0ff0000f	fence	iorw,iorw	
      433039000	     21550	8000ac2a	83ad	c.srli	x15,0xb	 x15:0x00000001 x15=0x00000000
      433059000	     21551	8000ac2c	414b5f13	srai	x30,x22,0x14	 x22:0x00000002 x30=0x00000000
      433079000	     21552	8000ac30	009753b3	srl	x7,x14,x9	 x14:0x00000004  x9:0xfa6f657c  x7=0x00000000
      433099000	     21553	8000ac34	033cda63	bge	x25,x19,8000ac68	 x25:0x00000000 x19:0x00000003
      433119000	     21554	8000ac38	036a81b3	mul	x3,x21,x22	 x21:0xfa6f657c x22:0x00000002  x3=0xf4decaf8
      433139000	     21555	8000ac3c	02fb7d63	bgeu	x22,x15,8000ac76	 x22:0x00000002 x15:0x00000000
      433339000	     21565	8000ac76	032d1a33	mulh	x20,x26,x18	 x26:0x00000000 x18:0x00000000 x20=0x00000000
      433359000	     21566	8000ac7a	8f01	c.sub	x14,x8	 x14:0x00000004  x8:0x80000000 x14=0x80000004
      433419000	     21569	8000ac7c	02128fb3	mul	x31,x5,x1	  x5:0x00000000  x1:0x00000002 x31=0x00000000
      433439000	     21570	8000ac80	040f7063	bgeu	x30,x0,8000acc0	 x30:0x00000000  x0:0x00000000
      433919000	     21594	8000acc0	01017fb3	and	x31,x2,x16	  x2:0x008dbbe8 x16:0x0000001b x31=0x00000008
      434259000	     21611	8000acc4	40bd8eb3	sub	x29,x27,x11	 x27:0x7a6f657c x11:0x7fffffff x29=0xfa6f657d
      434679000	     21632	8000acc8	02577763	bgeu	x14,x5,8000acf6	 x14:0x80000004  x5:0x00000000
      435379000	     21667	8000acf6	0001	c.addi	x0,0	  x0:0x00000000  x0=0x00000000
      435399000	     21668	8000acf8	80ed	c.srli	x9,0x1b	  x9:0xfa6f657c  x9=0x0000001f
      435499000	     21673	8000acfa	b66a3f93	sltiu	x31,x20,-1178	 x20:0x00000000 x31=0x00000001
      435519000	     21674	8000acfe	6b6d	c.lui	x22,0x1b	 x22=0x0001b000
      435539000	     21675	8000ad00	001e61b3	or	x3,x28,x1	 x28:0x80021e24  x1:0x00000002  x3=0x80021e26
      435559000	     21676	8000ad04	13840213	addi	x4,x8,312	  x8:0x80000000  x4=0x80000138
      435579000	     21677	8000ad08	408cd293	srai	x5,x25,0x8	 x25:0x00000000  x5=0x00000000
      435739000	     21685	8000ad0c	0d473593	sltiu	x11,x14,212	 x14:0x80000004 x11=0x00000000
      435779000	     21687	8000ad10	8f15	c.sub	x14,x13	 x14:0x80000004 x13:0x00000000 x14=0x80000004
      435799000	     21688	8000ad12	9f6a	c.add	x30,x26	 x30:0x00000000 x26:0x00000000 x30=0x00000000
      435879000	     21692	8000ad14	016352b3	srl	x5,x6,x22	  x6:0xfa6f4dea x22:0x0001b000  x5=0xfa6f4dea
      435899000	     21693	8000ad18	01235c13	srli	x24,x6,0x12	  x6:0xfa6f4dea x24=0x00003e9b
      436319000	     21714	8000ad1c	0001	c.addi	x0,0	  x0:0x00000000  x0=0x00000000
      436479000	     21722	8000ad1e	18184ab7	lui	x21,0x18184	 x21=0x18184000
      436759000	     21736	8000ad22	34003c73	csrrc	x24,mscratch,x0	  x0:0x00000000 x24=0x7a6f657c
      436779000	     21737	8000ad26	02340eb3	mul	x29,x8,x3	  x8:0x80000000  x3:0x80021e26 x29=0x00000000
      437199000	     21758	8000ad2a	03108cb3	mul	x25,x1,x17	  x1:0x00000002 x17:0x00000000 x25=0x00000000
      437259000	     21761	8000ad2e	7fa06913	ori	x18,x0,2042	  x0:0x00000000 x18=0x000007fa
      437279000	     21762	8000ad32	012698b3	sll	x17,x13,x18	 x13:0x00000000 x18:0x000007fa x17=0x00000000
      437659000	     21781	8000ad36	34007cf3	csrrci	x25,mscratch,0	 x25=0x7a6f657c
      437819000	     21789	8000ad3a	0100a033	slt	x0,x1,x16	  x1:0x00000002 x16:0x0000001b  x0=0x00000000
      437839000	     21790	8000ad3e	1814	c.addi4spn	x13,x2,48	 x13=0x008dbc18
      437859000	     21791	8000ad40	0000100f	fence.i	
      438319000	     21814	8000ad44	9836	c.add	x16,x13	 x16:0x0000001b x13:0x008dbc18 x16=0x008dbc33
      438339000	     21815	8000ad46	0001	c.addi	x0,0	  x0:0x00000000  x0=0x00000000
      438539000	     21825	8000ad48	8315	c.srli	x14,0x5	 x14:0x80000004 x14=0x04000000
      438839000	     21840	8000ad4a	028a2733	mulhsu	x14,x20,x8	 x20:0x00000000  x8:0x80000000 x14=0x00000000
      438859000	     21841	8000ad4e	8369	c.srli	x14,0x1a	 x14:0x00000000 x14=0x00000000
      438879000	     21842	8000ad50	41f2d133	sra	x2,x5,x31	  x5:0xfa6f4dea x31:0x00000001  x2=0xfd37a6f5
      438899000	     21843	8000ad54	415288b3	sub	x17,x5,x21	  x5:0xfa6f4dea x21:0x18184000 x17=0xe2570dea
      438919000	     21844	8000ad58	00275d33	srl	x26,x14,x2	 x14:0x00000000  x2:0xfd37a6f5 x26=0x00000000
      439299000	     21863	8000ad5c	0001	c.addi	x0,0	  x0:0x00000000  x0=0x00000000
      439319000	     21864	8000ad5e	340ce373	csrrsi	x6,mscratch,25	  x6=0x7a6f657c
      439739000	     21885	8000ad62	00972cb3	slt	x25,x14,x9	 x14:0x00000000  x9:0x0000001f x25=0x00000001
      439779000	     21887	8000ad66	036a96b3	mulh	x13,x21,x22	 x21:0x18184000 x22:0x0001b000 x13=0x000028a8
      439799000	     21888	8000ad6a	01093f33	sltu	x30,x18,x16	 x18:0x000007fa x16:0x008dbc33 x30=0x00000001
      439819000	     21889	8000ad6e	02cc8fb3	mul	x31,x25,x12	 x25:0x00000001 x12:0x80025ce4 x31=0x80025ce4
      439839000	     21890	8000ad72	c989	c.beqz	x11,8000ad84	 x11:0x00000000
      440019000	     21899	8000ad84	40a10bb3	sub	x23,x2,x10	  x2:0xfd37a6f5 x10:0xfffffff8 x23=0xfd37a6fd
      440339000	     21915	8000ad88	0122	c.slli	x2,0x8	  x2:0xfd37a6f5  x2=0x37a6f500
      440419000	     21919	8000ad8a	34003bf3	csrrc	x23,mscratch,x0	  x0:0x00000000 x23=0x7a6f657d
      440439000	     21920	8000ad8e	8cbd	c.xor	x9,x15	  x9:0x0000001f x15:0x00000000  x9=0x0000001f
      440759000	     21936	8000ad90	0257d863	bge	x15,x5,8000adc0	 x15:0x00000000  x5:0xfa6f4dea
      441459000	     21971	8000adc0	cf7aa893	slti	x17,x21,-777	 x21:0x18184000 x17=0x00000000
      441499000	     21973	8000adc4	ad356293	ori	x5,x10,-1325	 x10:0xfffffff8  x5=0xfffffffb
      441519000	     21974	8000adc8	04fd7063	bgeu	x26,x15,8000ae08	 x26:0x00000000 x15:0x00000000
      441739000	     21985	8000ae08	9a2a40b7	lui	x1,0x9a2a4	  x1=0x9a2a4000
      441759000	     21986	8000ae0c	97a2	c.add	x15,x8	 x15:0x00000000  x8:0x80000000 x15=0x80000000
      441919000	     21994	8000ae0e	3404eff3	csrrsi	x31,mscratch,9	 x31=0x7a6f657d
      441939000	     21995	8000ae12	6285	c.lui	x5,0x1	  x5=0x00001000
      441959000	     21996	8000ae14	8d15	c.sub	x10,x13	 x10:0xfffffff8 x13:0x000028a8 x10=0xffffd750
      441979000	     21997	8000ae16	833d	c.srli	x14,0xf	 x14:0x00000000 x14=0x00000000
      442359000	     22016	8000ae18	34097cf3	csrrci	x25,mscratch,18	 x25=0x7a6f657d
      442379000	     22017	8000ae1c	34002f73	csrrs	x30,mscratch,x0	  x0:0x00000000 x30=0x7a6f656d
      442559000	     22026	8000ae20	02ace063	bltu	x25,x10,8000ae40	 x25:0x7a6f657d x10:0xffffd750
      444599000	     22128	8000ae40	02280db3	mul	x27,x16,x2	 x16:0x008dbc33  x2:0x37a6f500 x27=0xa32ecf00
      444619000	     22129	8000ae44	8d49	c.or	x10,x10	 x10:0xffffd750 x10:0xffffd750 x10=0xffffd750
      444639000	     22130	8000ae46	8f31	c.xor	x14,x12	 x14:0x00000000 x12:0x80025ce4 x14=0x80025ce4
      445379000	     22167	8000ae48	021edfb3	divu	x31,x29,x1	 x29:0x00000000  x1:0x9a2a4000 x31=0x00000000
      445399000	     22168	8000ae4c	0202cc63	blt	x5,x0,8000ae84	  x5:0x00001000  x0:0x00000000
      445419000	     22169	8000ae50	34009873	csrrw	x16,mscratch,x1	  x1:0x9a2a4000 x16=0x7a6f656d
      445439000	     22170	8000ae54	340cfbf3	csrrci	x23,mscratch,25	 x23=0x9a2a4000
      445459000	     22171	8000ae58	6805	c.lui	x16,0x1	 x16=0x00001000
      445479000	     22172	8000ae5a	31da0c93	addi	x25,x20,797	 x20:0x00000000 x25=0x0000031d
      445639000	     22180	8000ae5e	0000100f	fence.i	
      446459000	     22221	8000ae62	d1bd3db7	lui	x27,0xd1bd3	 x27=0xd1bd3000
      446479000	     22222	8000ae66	03817c63	bgeu	x2,x24,8000ae9e	  x2:0x37a6f500 x24:0x7a6f657c
      446499000	     22223	8000ae6a	340ffcf3	csrrci	x25,mscratch,31	 x25=0x9a2a4000
      446519000	     22224	8000ae6e	0000100f	fence.i	
      446799000	     22238	8000ae72	00cf50b3	srl	x1,x30,x12	 x30:0x7a6f656d x12:0x80025ce4  x1=0x07a6f656
      446919000	     22244	8000ae76	34093573	csrrc	x10,mscratch,x18	 x18:0x000007fa x10=0x9a2a4000
      446939000	     22245	8000ae7a	340a1873	csrrw	x16,mscratch,x20	 x20:0x00000000 x16=0x9a2a4000
      446959000	     22246	8000ae7e	c095	c.beqz	x9,8000aea2	  x9:0x0000001f
      446979000	     22247	8000ae80	717d	c.addi16sp	x2,-16	  x2:0x37a6f500  x2=0x37a6f4f0
      446999000	     22248	8000ae82	07d6	c.slli	x15,0x15	 x15:0x80000000 x15=0x00000000
      447019000	     22249	8000ae84	34097973	csrrci	x18,mscratch,18	 x18=0x00000000
      447039000	     22250	8000ae88	8905	c.andi	x10,1	 x10:0x9a2a4000 x10=0x00000000
      447059000	     22251	8000ae8a	0ff0000f	fence	iorw,iorw	
      447179000	     22257	8000ae8e	93656193	ori	x3,x10,-1738	 x10:0x00000000  x3=0xfffff936
      447299000	     22263	8000ae92	0038b533	sltu	x10,x17,x3	 x17:0x00000000  x3:0xfffff936 x10=0x00000001
      447319000	     22264	8000ae96	340e14f3	csrrw	x9,mscratch,x28	 x28:0x80021e24  x9=0x00000000
      447339000	     22265	8000ae9a	010713b3	sll	x7,x14,x16	 x14:0x80025ce4 x16:0x9a2a4000  x7=0x80025ce4
      447359000	     22266	8000ae9e	0001	c.addi	x0,0	  x0:0x00000000  x0=0x00000000
      447519000	     22274	8000aea0	89a2	c.mv	x19,x8	  x0:0x00000000  x8:0x80000000 x19=0x80000000
      447679000	     22282	8000aea2	039fadb3	mulhsu	x27,x31,x25	 x31:0x00000000 x25:0x9a2a4000 x27=0x00000000
      448079000	     22302	8000aea6	09305d37	lui	x26,0x9305	 x26=0x09305000
      448979000	     22347	8000aeaa	02815f33	divu	x30,x2,x8	  x2:0x37a6f4f0  x8:0x80000000 x30=0x00000000
      448999000	     22348	8000aeae	0ff0000f	fence	iorw,iorw	
      449019000	     22349	8000aeb2	340abff3	csrrc	x31,mscratch,x21	 x21:0x18184000 x31=0x80021e24
      449039000	     22350	8000aeb6	8ea9	c.xor	x13,x10	 x13:0x000028a8 x10:0x00000001 x13=0x000028a9
      449059000	     22351	8000aeb8	9df2	c.add	x27,x28	 x27:0x00000000 x28:0x80021e24 x27=0x80021e24
      449079000	     22352	8000aeba	bbb16893	ori	x17,x2,-1093	  x2:0x37a6f4f0 x17=0xfffffffb
      449259000	     22361	8000aebe	76d57c13	andi	x24,x10,1901	 x10:0x00000001 x24=0x00000001
      449299000	     22363	8000aec2	340ef073	csrrci	x0,mscratch,29	  x0=0x00000000
      449319000	     22364	8000aec6	5ec86213	ori	x4,x16,1516	 x16:0x9a2a4000  x4=0x9a2a45ec
      449339000	     22365	8000aeca	018607b3	add	x15,x12,x24	 x12:0x80025ce4 x24:0x00000001 x15=0x80025ce5
      449419000	     22369	8000aece	0078f263	bgeu	x17,x7,8000aed2	 x17:0xfffffffb  x7:0x80025ce4
      450539000	     22425	8000aed2	34083973	csrrc	x18,mscratch,x16	 x16:0x9a2a4000 x18=0x80021e20
      450559000	     22426	8000aed6	60ed	c.lui	x1,0x1b	  x1=0x0001b000
      450579000	     22427	8000aed8	0001	c.addi	x0,0	  x0:0x00000000  x0=0x00000000
      450599000	     22428	8000aeda	8f31	c.xor	x14,x12	 x14:0x80025ce4 x12:0x80025ce4 x14=0x00000000
      450979000	     22447	8000aedc	340398f3	csrrw	x17,mscratch,x7	  x7:0x80025ce4 x17=0x00001e20
      450999000	     22448	8000aee0	08d6	c.slli	x17,0x15	 x17:0x00001e20 x17=0xc4000000
      451139000	     22455	8000aee2	9768a493	slti	x9,x17,-1674	 x17:0xc4000000  x9=0x00000001
      451159000	     22456	8000aee6	1784	c.addi4spn	x9,x2,992	  x9=0x37a6f8d0
      451179000	     22457	8000aee8	01d06f33	or	x30,x0,x29	  x0:0x00000000 x29:0x00000000 x30=0x00000000
      451239000	     22460	8000aeec	021d9c63	bne	x27,x1,8000af24	 x27:0x80021e24  x1:0x0001b000
      451499000	     22473	8000af24	8f81	c.sub	x15,x8	 x15:0x80025ce5  x8:0x80000000 x15=0x00025ce5
      452639000	     22530	8000af26	03814a33	div	x20,x2,x24	  x2:0x37a6f4f0 x24:0x00000001 x20=0x37a6f4f0
      452659000	     22531	8000af2a	fbdfbb93	sltiu	x23,x31,-67	 x31:0x80021e24 x23=0x00000001
      452699000	     22533	8000af2e	032796b3	mulh	x13,x15,x18	 x15:0x00025ce5 x18:0x80021e20 x13=0xfffed192
      452799000	     22538	8000af32	00ab0c33	add	x24,x22,x10	 x22:0x0001b000 x10:0x00000001 x24=0x0001b001
      452819000	     22539	8000af36	64917193	andi	x3,x2,1609	  x2:0x37a6f4f0  x3=0x00000440
      452839000	     22540	8000af3a	8862	c.mv	x16,x24	  x0:0x00000000 x24:0x0001b001 x16=0x0001b001
      452859000	     22541	8000af3c	031cda63	bge	x25,x17,8000af70	 x25:0x9a2a4000 x17:0xc4000000
      453039000	     22550	8000af40	340f5373	csrrwi	x6,mscratch,30	  x6=0x80025ce4
      453279000	     22562	8000af44	003487b3	add	x15,x9,x3	  x9:0x37a6f8d0  x3:0x00000440 x15=0x37a6fd10
      453439000	     22570	8000af48	0001	c.addi	x0,0	  x0:0x00000000  x0=0x00000000
      453459000	     22571	8000af4a	03475063	bge	x14,x20,8000af6a	 x14:0x00000000 x20:0x37a6f4f0
      453479000	     22572	8000af4e	0001	c.addi	x0,0	  x0:0x00000000  x0=0x00000000
      453519000	     22574	8000af50	02af8b63	beq	x31,x10,8000af86	 x31:0x80021e24 x10:0x00000001
      453939000	     22595	8000af54	03bb4263	blt	x22,x27,8000af78	 x22:0x0001b000 x27:0x80021e24
      454359000	     22616	8000af58	4ecebd93	sltiu	x27,x29,1260	 x29:0x00000000 x27=0x00000001
      454379000	     22617	8000af5c	34071f73	csrrw	x30,mscratch,x14	 x14:0x00000000 x30=0x0000001e
      454519000	     22624	8000af60	3400b873	csrrc	x16,mscratch,x1	  x1:0x0001b000 x16=0x00000000
      454539000	     22625	8000af64	0cfe	c.slli	x25,0x1f	 x25:0x9a2a4000 x25=0x00000000
      454819000	     22639	8000af66	340024f3	csrrs	x9,mscratch,x0	  x0:0x00000000  x9=0x00000000
      454839000	     22640	8000af6a	8276	c.mv	x4,x29	  x0:0x00000000 x29:0x00000000  x4=0x00000000
      454879000	     22642	8000af6c	00d45533	srl	x10,x8,x13	  x8:0x80000000 x13:0xfffed192 x10=0x00002000
      454899000	     22643	8000af70	40df8133	sub	x2,x31,x13	 x31:0x80021e24 x13:0xfffed192  x2=0x80034c92
      455319000	     22664	8000af74	34077573	csrrci	x10,mscratch,14	 x10=0x00000000
      455339000	     22665	8000af78	8759	c.srai	x14,0x16	 x14:0x00000000 x14=0x00000000
      455759000	     22686	8000af7a	2b81e097	auipc	x1,0x2b81e	  x1=0xab828f7a
      455839000	     22690	8000af7e	5c72d237	lui	x4,0x5c72d	  x4=0x5c72d000
      455859000	     22691	8000af82	008f1913	slli	x18,x30,0x8	 x30:0x0000001e x18=0x00001e00
      455879000	     22692	8000af86	34087173	csrrci	x2,mscratch,16	  x2=0x00000000
      456279000	     22712	8000af8a	41f886b3	sub	x13,x17,x31	 x17:0xc4000000 x31:0x80021e24 x13=0x43fde1dc
      456319000	     22714	8000af8e	13cff517	auipc	x10,0x13cff	 x10=0x93d09f8e
      456339000	     22715	8000af92	015f6a33	or	x20,x30,x21	 x30:0x0000001e x21:0x18184000 x20=0x1818401e
      456359000	     22716	8000af96	0108	c.addi4spn	x10,x2,128	 x10=0x00000080
      456379000	     22717	8000af98	717d	c.addi16sp	x2,-16	  x2:0x00000000  x2=0xfffffff0
      457119000	     22754	8000af9a	03826bb3	rem	x23,x4,x24	  x4:0x5c72d000 x24:0x0001b001 x23=0x00011938
      457859000	     22791	8000af9e	0223dab3	divu	x21,x7,x2	  x7:0x80025ce4  x2:0xfffffff0 x21=0x00000000
      457879000	     22792	8000afa2	02e4e263	bltu	x9,x14,8000afc6	  x9:0x00000000 x14:0x00000000
      457899000	     22793	8000afa6	34003bf3	csrrc	x23,mscratch,x0	  x0:0x00000000 x23=0x00000000
      457919000	     22794	8000afaa	00651c13	slli	x24,x10,0x6	 x10:0x00000080 x24=0x00002000
      457939000	     22795	8000afae	c3750593	addi	x11,x10,-969	 x10:0x00000080 x11=0xfffffcb7
      458679000	     22832	8000afb2	03e749b3	div	x19,x14,x30	 x14:0x00000000 x30:0x0000001e x19=0x00000000
      458699000	     22833	8000afb6	62e9	c.lui	x5,0x1a	  x5=0x0001a000
      458719000	     22834	8000afb8	3400b5f3	csrrc	x11,mscratch,x1	  x1:0xab828f7a x11=0x00000000
      458739000	     22835	8000afbc	8ef1	c.and	x13,x12	 x13:0x43fde1dc x12:0x80025ce4 x13=0x000040c4
      458759000	     22836	8000afbe	00d72f33	slt	x30,x14,x13	 x14:0x00000000 x13:0x000040c4 x30=0x00000001
      458779000	     22837	8000afc2	012bef63	bltu	x23,x18,8000afe0	 x23:0x00000000 x18:0x00001e00
      459939000	     22895	8000afe0	0291e463	bltu	x3,x9,8000b008	  x3:0x00000440  x9:0x00000000
      460359000	     22916	8000afe4	01e2c763	blt	x5,x30,8000aff2	  x5:0x0001a000 x30:0x00000001
      460379000	     22917	8000afe8	dedd1237	lui	x4,0xdedd1	  x4=0xdedd1000
      460399000	     22918	8000afec	816d	c.srli	x10,0x1b	 x10:0x00000080 x10=0x00000000
      460419000	     22919	8000afee	01d4ed63	bltu	x9,x29,8000b008	  x9:0x00000000 x29:0x00000000
      460479000	     22922	8000aff2	022ba933	mulhsu	x18,x23,x2	 x23:0x00000000  x2:0xfffffff0 x18=0x00000000
      460499000	     22923	8000aff6	955e	c.add	x10,x23	 x10:0x00000000 x23:0x00000000 x10=0x00000000
      460519000	     22924	8000aff8	f3c8ed13	ori	x26,x17,-196	 x17:0xc4000000 x26=0xffffff3c
      460679000	     22932	8000affc	0000100f	fence.i	
      461719000	     22984	8000b000	00051333	sll	x6,x10,x0	 x10:0x00000000  x0:0x00000000  x6=0x00000000
      461819000	     22989	8000b004	01481b33	sll	x22,x16,x20	 x16:0x00000000 x20:0x1818401e x22=0x00000000
      461979000	     22997	8000b008	40b3dc93	srai	x25,x7,0xb	  x7:0x80025ce4 x25=0xfff0004b
      462299000	     23013	8000b00c	340617f3	csrrw	x15,mscratch,x12	 x12:0x80025ce4 x15=0x00000000
      462499000	     23023	8000b010	34007a73	csrrci	x20,mscratch,0	 x20=0x80025ce4
      462519000	     23024	8000b014	01833733	sltu	x14,x6,x24	  x6:0x00000000 x24:0x00002000 x14=0x00000001
      462659000	     23031	8000b018	34096cf3	csrrsi	x25,mscratch,18	 x25=0x80025ce4
      463079000	     23052	8000b01c	00cd0bb3	add	x23,x26,x12	 x26:0xffffff3c x12:0x80025ce4 x23=0x80025c20
      463099000	     23053	8000b020	01fee9b3	or	x19,x29,x31	 x29:0x00000000 x31:0x80021e24 x19=0x80021e24
      463519000	     23074	8000b024	021c1c63	bne	x24,x1,8000b05c	 x24:0x00002000  x1:0xab828f7a
      464479000	     23122	8000b05c	8dad	c.xor	x11,x11	 x11:0x00000000 x11:0x00000000 x11=0x00000000
      464659000	     23131	8000b05e	b274e913	ori	x18,x9,-1241	  x9:0x00000000 x18=0xfffffb27
      464679000	     23132	8000b062	00ce59b3	srl	x19,x28,x12	 x28:0x80021e24 x12:0x80025ce4 x19=0x080021e2
      464699000	     23133	8000b066	34002373	csrrs	x6,mscratch,x0	  x0:0x00000000  x6=0x80025cf6
      464719000	     23134	8000b06a	81f5	c.srli	x11,0x1d	 x11:0x00000000 x11=0x00000000
      464739000	     23135	8000b06c	40c50d33	sub	x26,x10,x12	 x10:0x00000000 x12:0x80025ce4 x26=0x7ffda31c
      465099000	     23153	8000b070	00653b33	sltu	x22,x10,x6	 x10:0x00000000  x6:0x80025cf6 x22=0x00000001
      465119000	     23154	8000b074	6135	c.addi16sp	x2,352	  x2:0xfffffff0  x2=0x00000150
      465139000	     23155	8000b076	40845c93	srai	x25,x8,0x8	  x8:0x80000000 x25=0xff800000
      465899000	     23193	8000b07a	027bea33	rem	x20,x23,x7	 x23:0x80025c20  x7:0x80025ce4 x20=0xffffff3c
      466639000	     23230	8000b07e	03616eb3	rem	x29,x2,x22	  x2:0x00000150 x22:0x00000001 x29=0x00000000
      466659000	     23231	8000b082	98b6	c.add	x17,x13	 x17:0xc4000000 x13:0x000040c4 x17=0xc40040c4
      466679000	     23232	8000b084	02ded463	bge	x29,x13,8000b0ac	 x29:0x00000000 x13:0x000040c4
      466699000	     23233	8000b088	005ab333	sltu	x6,x21,x5	 x21:0x00000000  x5:0x0001a000  x6=0x00000001
      466719000	     23234	8000b08c	0001	c.addi	x0,0	  x0:0x00000000  x0=0x00000000
      466739000	     23235	8000b08e	035e4e63	blt	x28,x21,8000b0ca	 x28:0x80021e24 x21:0x00000000
      467019000	     23249	8000b0ca	01e4b8b3	sltu	x17,x9,x30	  x9:0x00000000 x30:0x00000001 x17=0x00000001
      467039000	     23250	8000b0ce	038609b3	mul	x19,x12,x24	 x12:0x80025ce4 x24:0x00002000 x19=0x4b9c8000
      467059000	     23251	8000b0d2	34043d73	csrrc	x26,mscratch,x8	  x8:0x80000000 x26=0x80025cf6
      467079000	     23252	8000b0d6	8d41	c.or	x10,x8	 x10:0x00000000  x8:0x80000000 x10=0x80000000
      467099000	     23253	8000b0d8	4769	c.li	x14,26	 x14=0x0000001a
      467119000	     23254	8000b0da	34002073	csrrs	x0,mscratch,x0	  x0:0x00000000  x0=0x00000000
      467139000	     23255	8000b0de	0001	c.addi	x0,0	  x0:0x00000000  x0=0x00000000
      467159000	     23256	8000b0e0	78306137	lui	x2,0x78306	  x2=0x78306000
      467179000	     23257	8000b0e4	c581	c.beqz	x11,8000b0ec	 x11:0x00000000
      468059000	     23301	8000b0ec	a034bf93	sltiu	x31,x9,-1533	  x9:0x00000000 x31=0x00000001
      468339000	     23315	8000b0f0	416b5bb3	sra	x23,x22,x22	 x22:0x00000001 x22:0x00000001 x23=0x00000000
      468399000	     23318	8000b0f4	6131	c.addi16sp	x2,320	  x2:0x78306000  x2=0x78306140
      468419000	     23319	8000b0f6	7eeb2393	slti	x7,x22,2030	 x22:0x00000001  x7=0x00000001
      468459000	     23321	8000b0fa	023e33b3	mulhu	x7,x28,x3	 x28:0x80021e24  x3:0x00000440  x7=0x00000220
      475819000	     23689	8000b0fe	01656d33	or	x26,x10,x22	 x10:0x80000000 x22:0x00000001 x26=0x80000001
      475839000	     23690	8000b102	8cb1	c.xor	x9,x12	  x9:0x00000000 x12:0x80025ce4  x9=0x80025ce4
      475859000	     23691	8000b104	0926	c.slli	x18,0x9	 x18:0xfffffb27 x18=0xfff64e00
      475879000	     23692	8000b106	04da1563	bne	x20,x13,8000b150	 x20:0xffffff3c x13:0x000040c4
      475959000	     23696	8000b150	022780b3	mul	x1,x15,x2	 x15:0x00000000  x2:0x78306140  x1=0x00000000
      476379000	     23717	8000b154	002e9263	bne	x29,x2,8000b158	 x29:0x00000000  x2:0x78306140
      477139000	     23755	8000b158	02f97163	bgeu	x18,x15,8000b17a	 x18:0xfff64e00 x15:0x00000000
      477659000	     23781	8000b17a	09a9	c.addi	x19,10	 x19:0x4b9c8000 x19=0x4b9c800a
      477679000	     23782	8000b17c	340031f3	csrrc	x3,mscratch,x0	  x0:0x00000000  x3=0x00025cf6
      478739000	     23835	8000b180	03e77a33	remu	x20,x14,x30	 x14:0x0000001a x30:0x00000001 x20=0x00000000
      478759000	     23836	8000b184	01c23933	sltu	x18,x4,x28	  x4:0xdedd1000 x28:0x80021e24 x18=0x00000000
      478779000	     23837	8000b188	34002af3	csrrs	x21,mscratch,x0	  x0:0x00000000 x21=0x00025cf6
      478799000	     23838	8000b18c	0b9e	c.slli	x23,0x7	 x23:0x00000000 x23=0x00000000
      478819000	     23839	8000b18e	48711e97	auipc	x29,0x48711	 x29=0xc871c18e
      478839000	     23840	8000b192	1d7d	c.addi	x26,-1	 x26:0x80000001 x26=0x80000000
      478859000	     23841	8000b194	010b9793	slli	x15,x23,0x10	 x23:0x00000000 x15=0x00000000
      479079000	     23852	8000b198	340cbd73	csrrc	x26,mscratch,x25	 x25:0xff800000 x26=0x00025cf6
      479459000	     23871	8000b19c	8d09	c.sub	x10,x10	 x10:0x80000000 x10:0x80000000 x10=0x00000000
      479479000	     23872	8000b19e	02db0033	mul	x0,x22,x13	 x22:0x00000001 x13:0x000040c4  x0=0x00000000
      479559000	     23876	8000b1a2	12586e93	ori	x29,x16,293	 x16:0x00000000 x29=0x00000125
      479579000	     23877	8000b1a6	0001	c.addi	x0,0	  x0:0x00000000  x0=0x00000000
      479699000	     23883	8000b1a8	0277f563	bgeu	x15,x7,8000b1d2	 x15:0x00000000  x7:0x00000220
      479719000	     23884	8000b1ac	0d22	c.slli	x26,0x8	 x26:0x00025cf6 x26=0x025cf600
      480139000	     23905	8000b1ae	01bb69b3	or	x19,x22,x27	 x22:0x00000001 x27:0x00000001 x19=0x00000001
      480319000	     23914	8000b1b2	0126d993	srli	x19,x13,0x12	 x13:0x000040c4 x19=0x00000000
      480499000	     23923	8000b1b6	0356dd63	bge	x13,x21,8000b1f0	 x13:0x000040c4 x21:0x00025cf6
      480519000	     23924	8000b1ba	569df713	andi	x14,x27,1385	 x27:0x00000001 x14=0x00000001
      480539000	     23925	8000b1be	405b8db3	sub	x27,x23,x5	 x23:0x00000000  x5:0x0001a000 x27=0xfffe6000
      480559000	     23926	8000b1c2	005aac33	slt	x24,x21,x5	 x21:0x00025cf6  x5:0x0001a000 x24=0x00000000
      480579000	     23927	8000b1c6	340ad073	csrrwi	x0,mscratch,21	  x0=0x00000000
      480999000	     23948	8000b1ca	01c380b3	add	x1,x7,x28	  x7:0x00000220 x28:0x80021e24  x1=0x80022044
      481119000	     23954	8000b1ce	01f7a133	slt	x2,x15,x31	 x15:0x00000000 x31:0x00000001  x2=0x00000001
      481139000	     23955	8000b1d2	717d	c.addi16sp	x2,-16	  x2:0x00000001  x2=0xfffffff1
      481159000	     23956	8000b1d4	01615eb3	srl	x29,x2,x22	  x2:0xfffffff1 x22:0x00000001 x29=0x7ffffff8
      481559000	     23976	8000b1d8	ee95	c.bnez	x13,8000b214	 x13:0x000040c4
      482499000	     24023	8000b214	02e57133	remu	x2,x10,x14	 x10:0x00000000 x14:0x00000001  x2=0x00000000
      482519000	     24024	8000b218	018208b3	add	x17,x4,x24	  x4:0xdedd1000 x24:0x00000000 x17=0xdedd1000
      482539000	     24025	8000b21c	410d5d13	srai	x26,x26,0x10	 x26:0x025cf600 x26=0x0000025c
      482559000	     24026	8000b220	00ed0033	add	x0,x26,x14	 x26:0x0000025c x14:0x00000001  x0=0x00000000
      482579000	     24027	8000b224	40bbd6b3	sra	x13,x23,x11	 x23:0x00000000 x11:0x00000000 x13=0x00000000
      482599000	     24028	8000b228	41bdd193	srai	x3,x27,0x1b	 x27:0xfffe6000  x3=0xffffffff
      482899000	     24043	8000b22c	0ff0000f	fence	iorw,iorw	
      482919000	     24044	8000b230	01ba47b3	xor	x15,x20,x27	 x20:0x00000000 x27:0xfffe6000 x15=0xfffe6000
      483199000	     24058	8000b234	6141	c.addi16sp	x2,16	  x2:0x00000000  x2=0x00000010
      483319000	     24064	8000b236	c31eb6b7	lui	x13,0xc31eb	 x13=0xc31eb000
      483339000	     24065	8000b23a	53d77bb7	lui	x23,0x53d77	 x23=0x53d77000
      483579000	     24077	8000b23e	e2f20e93	addi	x29,x4,-465	  x4:0xdedd1000 x29=0xdedd0e2f
      483779000	     24087	8000b242	34027ff3	csrrci	x31,mscratch,4	 x31=0x00000015
      483799000	     24088	8000b246	15fd	c.addi	x11,-1	 x11:0x00000000 x11=0xffffffff
      483819000	     24089	8000b248	019e76b3	and	x13,x28,x25	 x28:0x80021e24 x25:0xff800000 x13=0x80000000
      483999000	     24098	8000b24c	9d5e	c.add	x26,x23	 x26:0x0000025c x23:0x53d77000 x26=0x53d7725c
      484019000	     24099	8000b24e	01ea1933	sll	x18,x20,x30	 x20:0x00000000 x30:0x00000001 x18=0x00000000
      484039000	     24100	8000b252	0001	c.addi	x0,0	  x0:0x00000000  x0=0x00000000
      484059000	     24101	8000b254	84fd	c.srai	x9,0x1f	  x9:0x80025ce4  x9=0xffffffff
      484079000	     24102	8000b256	3401ed73	csrrsi	x26,mscratch,3	 x26=0x00000011
      484819000	     24139	8000b25a	02325bb3	divu	x23,x4,x3	  x4:0xdedd1000  x3:0xffffffff x23=0x00000000
      484839000	     24140	8000b25e	8f25	c.xor	x14,x9	 x14:0x00000001  x9:0xffffffff x14=0xfffffffe
      484859000	     24141	8000b260	021a4663	blt	x20,x1,8000b28c	 x20:0x00000000  x1:0x80022044
      484899000	     24143	8000b264	03264db3	div	x27,x12,x18	 x12:0x80025ce4 x18:0x00000000 x27=0xffffffff
      484919000	     24144	8000b268	2a75af93	slti	x31,x11,679	 x11:0xffffffff x31=0x00000001
      484939000	     24145	8000b26c	0a62	c.slli	x20,0x18	 x20:0x00000000 x20=0x00000000
      484979000	     24147	8000b26e	037e31b3	mulhu	x3,x28,x23	 x28:0x80021e24 x23:0x00000000  x3=0x00000000
      484999000	     24148	8000b272	40ab5d13	srai	x26,x22,0xa	 x22:0x00000001 x26=0x00000000
      485019000	     24149	8000b276	40648db3	sub	x27,x9,x6	  x9:0xffffffff  x6:0x00000001 x27=0xfffffffe
      485819000	     24189	8000b27a	03f37ab3	remu	x21,x6,x31	  x6:0x00000001 x31:0x00000001 x21=0x00000000
      486559000	     24226	8000b27e	02875ab3	divu	x21,x14,x8	 x14:0xfffffffe  x8:0x80000000 x21=0x00000001
      486579000	     24227	8000b282	973afb13	andi	x22,x21,-1677	 x21:0x00000001 x22=0x00000001
      486599000	     24228	8000b286	c905	c.beqz	x10,8000b2b6	 x10:0x00000000
      487079000	     24252	8000b2b6	717d	c.addi16sp	x2,-16	  x2:0x00000010  x2=0x00000000
      487439000	     24270	8000b2b8	3405dd73	csrrwi	x26,mscratch,11	 x26=0x00000013
      487459000	     24271	8000b2bc	c90defb7	lui	x31,0xc90de	 x31=0xc90de000
      487479000	     24272	8000b2c0	40285793	srai	x15,x16,0x2	 x16:0x00000000 x15=0x00000000
      487499000	     24273	8000b2c4	0ff0000f	fence	iorw,iorw	
      487519000	     24274	8000b2c8	409a5193	srai	x3,x20,0x9	 x20:0x00000000  x3=0x00000000
      487539000	     24275	8000b2cc	c2418d93	addi	x27,x3,-988	  x3:0x00000000 x27=0xfffffc24
      487599000	     24278	8000b2d0	010f60b3	or	x1,x30,x16	 x30:0x00000001 x16:0x00000000  x1=0x00000001
      487839000	     24290	8000b2d4	02142d33	mulhsu	x26,x8,x1	  x8:0x80000000  x1:0x00000001 x26=0xffffffff
      488579000	     24327	8000b2d8	039e5ab3	divu	x21,x28,x25	 x28:0x80021e24 x25:0xff800000 x21=0x00000000
      488599000	     24328	8000b2dc	015cf8b3	and	x17,x25,x21	 x25:0xff800000 x21:0x00000000 x17=0x00000000
      488619000	     24329	8000b2e0	8319	c.srli	x14,0x6	 x14:0xfffffffe x14=0x03ffffff
      488639000	     24330	8000b2e2	87da	c.mv	x15,x22	  x0:0x00000000 x22:0x00000001 x15=0x00000001
      488659000	     24331	8000b2e4	028dda63	bge	x27,x8,8000b318	 x27:0xfffffc24  x8:0x80000000
      489259000	     24361	8000b318	9206	c.add	x4,x1	  x4:0xdedd1000  x1:0x00000001  x4=0xdedd1001
      489279000	     24362	8000b31a	8169	c.srli	x10,0x1a	 x10:0x00000000 x10=0x00000000
      489299000	     24363	8000b31c	340855f3	csrrwi	x11,mscratch,16	 x11=0x0000000b
      489439000	     24370	8000b320	c115	c.beqz	x10,8000b344	 x10:0x00000000
      489599000	     24378	8000b344	034c5eb3	divu	x29,x24,x20	 x24:0x00000000 x20:0x00000000 x29=0xffffffff
      489799000	     24388	8000b348	616a7a13	andi	x20,x20,1558	 x20:0x00000000 x20=0x00000000
      490119000	     24404	8000b34c	00934a63	blt	x6,x9,8000b360	  x6:0x00000001  x9:0xffffffff
      490139000	     24405	8000b350	00f47db3	and	x27,x8,x15	  x8:0x80000000 x15:0x00000001 x27=0x00000000
      490559000	     24426	8000b354	340068f3	csrrsi	x17,mscratch,0	 x17=0x00000010
      490959000	     24446	8000b358	00f13333	sltu	x6,x2,x15	  x2:0x00000000 x15:0x00000001  x6=0x00000001
      491099000	     24453	8000b35c	40f15293	srai	x5,x2,0xf	  x2:0x00000000  x5=0x00000000
      491119000	     24454	8000b360	caef3c17	auipc	x24,0xcaef3	 x24=0x4aefe360
      491179000	     24457	8000b364	26a92813	slti	x16,x18,618	 x18:0x00000000 x16=0x00000001
      491199000	     24458	8000b368	094e	c.slli	x18,0x13	 x18:0x00000000 x18=0x00000000
      491219000	     24459	8000b36a	0f0a	c.slli	x30,0x2	 x30:0x00000001 x30=0x00000004
      491299000	     24463	8000b36c	03dd0c33	mul	x24,x26,x29	 x26:0xffffffff x29:0xffffffff x24=0x00000001
      491319000	     24464	8000b370	01edfb33	and	x22,x27,x30	 x27:0x00000000 x30:0x00000004 x22=0x00000000
      491339000	     24465	8000b374	007a0c63	beq	x20,x7,8000b38c	 x20:0x00000000  x7:0x00000220
      491359000	     24466	8000b378	98ca	c.add	x17,x18	 x17:0x00000010 x18:0x00000000 x17=0x00000010
      491379000	     24467	8000b37a	eb68e513	ori	x10,x17,-330	 x17:0x00000010 x10=0xfffffeb6
      491399000	     24468	8000b37e	1cfd	c.addi	x25,-1	 x25:0xff800000 x25=0xff7fffff
      491839000	     24490	8000b380	03006363	bltu	x0,x16,8000b3a6	  x0:0x00000000 x16:0x00000001
      492379000	     24517	8000b3a6	0286	c.slli	x5,0x1	  x5:0x00000000  x5=0x00000000
      492599000	     24528	8000b3a8	009b7c33	and	x24,x22,x9	 x22:0x00000000  x9:0xffffffff x24=0x00000000
      493019000	     24549	8000b3ac	81a5	c.srli	x11,0x9	 x11:0x0000000b x11=0x00000000
      493059000	     24551	8000b3ae	02da1833	mulh	x16,x20,x13	 x20:0x00000000 x13:0x80000000 x16=0x00000000
      493879000	     24592	8000b3b2	021c6333	rem	x6,x24,x1	 x24:0x00000000  x1:0x00000001  x6=0x00000000
      493899000	     24593	8000b3b6	04fe	c.slli	x9,0x1f	  x9:0xffffffff  x9=0x80000000
      493919000	     24594	8000b3b8	8f5a	c.mv	x30,x22	  x0:0x00000000 x22:0x00000000 x30=0x00000000
      493939000	     24595	8000b3ba	56fd	c.li	x13,-1	 x13=0xffffffff
      493959000	     24596	8000b3bc	8f21	c.xor	x14,x8	 x14:0x03ffffff  x8:0x80000000 x14=0x83ffffff
      494699000	     24633	8000b3be	03df4c33	div	x24,x30,x29	 x30:0x00000000 x29:0xffffffff x24=0x00000000
      494719000	     24634	8000b3c2	41830513	addi	x10,x6,1048	  x6:0x00000000 x10=0x00000418
      494739000	     24635	8000b3c6	d96ba593	slti	x11,x23,-618	 x23:0x00000000 x11=0x00000000
      494759000	     24636	8000b3ca	01b8d893	srli	x17,x17,0x1b	 x17:0x00000010 x17=0x00000000
      494779000	     24637	8000b3ce	fa30ae93	slti	x29,x1,-93	  x1:0x00000001 x29=0x00000000
      494799000	     24638	8000b3d2	34025773	csrrwi	x14,mscratch,4	 x14=0x00000010
      494859000	     24641	8000b3d6	025ceb33	rem	x22,x25,x5	 x25:0xff7fffff  x5:0x00000000 x22=0xff7fffff
      494879000	     24642	8000b3da	0001	c.addi	x0,0	  x0:0x00000000  x0=0x00000000
      494899000	     24643	8000b3dc	01eada33	srl	x20,x21,x30	 x21:0x00000000 x30:0x00000000 x20=0x00000000
      494919000	     24644	8000b3e0	717d	c.addi16sp	x2,-16	  x2:0x00000000  x2=0xfffffff0
      494939000	     24645	8000b3e2	0001	c.addi	x0,0	  x0:0x00000000  x0=0x00000000
      495439000	     24670	8000b3e4	0308d9b3	divu	x19,x17,x16	 x17:0x00000000 x16:0x00000000 x19=0xffffffff
      495839000	     24690	8000b3e8	05c70463	beq	x14,x28,8000b430	 x14:0x00000010 x28:0x80021e24
      495859000	     24691	8000b3ec	a4ae4593	xori	x11,x28,-1462	 x28:0x80021e24 x11=0x7ffde46e
      495879000	     24692	8000b3f0	340ce3f3	csrrsi	x7,mscratch,25	  x7=0x00000004
      496039000	     24700	8000b3f4	0335b933	mulhu	x18,x11,x19	 x11:0x7ffde46e x19:0xffffffff x18=0x7ffde46d
      496299000	     24713	8000b3f8	0335d363	bge	x11,x19,8000b41e	 x11:0x7ffde46e x19:0xffffffff
      497359000	     24766	8000b41e	012a5f63	bge	x20,x18,8000b43c	 x20:0x00000000 x18:0x7ffde46d
      497379000	     24767	8000b422	02e55763	bge	x10,x14,8000b450	 x10:0x00000418 x14:0x00000010
      498159000	     24806	8000b450	039d9133	mulh	x2,x27,x25	 x27:0x00000000 x25:0xff7fffff  x2=0x00000000
      498179000	     24807	8000b454	4f812c13	slti	x24,x2,1272	  x2:0x00000000 x24=0x00000001
      498199000	     24808	8000b458	870d	c.srai	x14,0x3	 x14:0x00000010 x14=0x00000002
      498359000	     24816	8000b45a	03170db3	mul	x27,x14,x17	 x14:0x00000002 x17:0x00000000 x27=0x00000000
      498379000	     24817	8000b45e	6a4b0c93	addi	x25,x22,1700	 x22:0xff7fffff x25=0xff8006a3
      498819000	     24839	8000b462	03c41833	mulh	x16,x8,x28	  x8:0x80000000 x28:0x80021e24 x16=0x3ffef0ee
      499059000	     24851	8000b466	340bb073	csrrc	x0,mscratch,x23	 x23:0x00000000  x0=0x00000000
      499079000	     24852	8000b46a	0001	c.addi	x0,0	  x0:0x00000000  x0=0x00000000
      499819000	     24889	8000b46c	02e3d2b3	divu	x5,x7,x14	  x7:0x00000004 x14:0x00000002  x5=0x00000002
      499839000	     24890	8000b470	03936b63	bltu	x6,x25,8000b4a6	  x6:0x00000000 x25:0xff8006a3
      500539000	     24925	8000b4a6	00b54863	blt	x10,x11,8000b4b6	 x10:0x00000418 x11:0x7ffde46e
      500879000	     24942	8000b4b6	e79d	c.bnez	x15,8000b4e4	 x15:0x00000001
      504679000	     25132	8000b4e4	0ff0000f	fence	iorw,iorw	
      504719000	     25134	8000b4e8	03a13ab3	mulhu	x21,x2,x26	  x2:0x00000000 x26:0xffffffff x21=0x00000000
      504739000	     25135	8000b4ec	00c35b33	srl	x22,x6,x12	  x6:0x00000000 x12:0x80025ce4 x22=0x00000000
      504759000	     25136	8000b4f0	06a2	c.slli	x13,0x8	 x13:0xffffffff x13=0xffffff00
      504779000	     25137	8000b4f2	15b4ef13	ori	x30,x9,347	  x9:0x80000000 x30=0x8000015b
      504879000	     25142	8000b4f6	d178ba13	sltiu	x20,x17,-745	 x17:0x00000000 x20=0x00000001
      505299000	     25163	8000b4fa	846dcd13	xori	x26,x27,-1978	 x27:0x00000000 x26=0xfffff846
      505459000	     25171	8000b4fe	340e1cf3	csrrw	x25,mscratch,x28	 x28:0x80021e24 x25=0x0000001d
      505819000	     25189	8000b502	cd7ce213	ori	x4,x25,-809	 x25:0x0000001d  x4=0xfffffcdf
      505839000	     25190	8000b506	8ce1	c.and	x9,x8	  x9:0x80000000  x8:0x80000000  x9=0x80000000
      505879000	     25192	8000b508	01cfdb13	srli	x22,x31,0x1c	 x31:0xc90de000 x22=0x0000000c
      506319000	     25214	8000b50c	035d9c33	mulh	x24,x27,x21	 x27:0x00000000 x21:0x00000000 x24=0x00000000
      506739000	     25235	8000b510	02bb13b3	mulh	x7,x22,x11	 x22:0x0000000c x11:0x7ffde46e  x7=0x00000005
      507139000	     25255	8000b514	40995ab3	sra	x21,x18,x9	 x18:0x7ffde46d  x9:0x80000000 x21=0x7ffde46d
      507879000	     25292	8000b518	03c75d33	divu	x26,x14,x28	 x14:0x00000002 x28:0x80021e24 x26=0x00000000
      507899000	     25293	8000b51c	0000100f	fence.i	
      508359000	     25316	8000b520	340992f3	csrrw	x5,mscratch,x19	 x19:0xffffffff  x5=0x80021e24
      508379000	     25317	8000b524	aaab9d37	lui	x26,0xaaab9	 x26=0xaaab9000
      508479000	     25322	8000b528	8f71	c.and	x14,x12	 x14:0x00000002 x12:0x80025ce4 x14=0x00000000
      508499000	     25323	8000b52a	01d04ab3	xor	x21,x0,x29	  x0:0x00000000 x29:0x00000000 x21=0x00000000
      508519000	     25324	8000b52e	0ff0000f	fence	iorw,iorw	
      508699000	     25333	8000b532	4933a113	slti	x2,x7,1171	  x7:0x00000005  x2=0x00000001
      508719000	     25334	8000b536	4d25	c.li	x26,9	 x26=0x00000009
      508739000	     25335	8000b538	0001	c.addi	x0,0	  x0:0x00000000  x0=0x00000000
      508759000	     25336	8000b53a	41a183b3	sub	x7,x3,x26	  x3:0x00000000 x26:0x00000009  x7=0xfffffff7
      508839000	     25340	8000b53e	03f699b3	mulh	x19,x13,x31	 x13:0xffffff00 x31:0xc90de000 x19=0x00000036
      508859000	     25341	8000b542	0001	c.addi	x0,0	  x0:0x00000000  x0=0x00000000
      509459000	     25371	8000b544	02262133	mulhsu	x2,x12,x2	 x12:0x80025ce4  x2:0x00000001  x2=0xffffffff
      509759000	     25386	8000b548	024127b3	mulhsu	x15,x2,x4	  x2:0xffffffff  x4:0xfffffcdf x15=0xffffffff
      510859000	     25441	8000b54c	027971b3	remu	x3,x18,x7	 x18:0x7ffde46d  x7:0xfffffff7  x3=0x7ffde46d
      510879000	     25442	8000b550	0001	c.addi	x0,0	  x0:0x00000000  x0=0x00000000
      510919000	     25444	8000b552	02091533	mulh	x10,x18,x0	 x18:0x7ffde46d  x0:0x00000000 x10=0x00000000
      510939000	     25445	8000b556	017637b3	sltu	x15,x12,x23	 x12:0x80025ce4 x23:0x00000000 x15=0x00000000
      510959000	     25446	8000b55a	8161	c.srli	x10,0x18	 x10:0x00000000 x10=0x00000000
      510979000	     25447	8000b55c	0328c363	blt	x17,x18,8000b582	 x17:0x00000000 x18:0x7ffde46d
      511819000	     25489	8000b582	fa34c3b7	lui	x7,0xfa34c	  x7=0xfa34c000
      511839000	     25490	8000b586	41a85813	srai	x16,x16,0x1a	 x16:0x3ffef0ee x16=0x0000000f
      512119000	     25504	8000b58a	02fd6a63	bltu	x26,x15,8000b5be	 x26:0x00000009 x15:0x00000000
      512199000	     25508	8000b58e	3400ff73	csrrci	x30,mscratch,1	 x30=0xffffffff
      512219000	     25509	8000b592	6485	c.lui	x9,0x1	  x9=0x00001000
      512239000	     25510	8000b594	8688cd13	xori	x26,x17,-1944	 x17:0x00000000 x26=0xfffff868
      512279000	     25512	8000b598	0255b733	mulhu	x14,x11,x5	 x11:0x7ffde46e  x5:0x80021e24 x14=0x40000144
      512299000	     25513	8000b59c	70e0fd13	andi	x26,x1,1806	  x1:0x00000001 x26=0x00000000
      512359000	     25516	8000b5a0	ee99	c.bnez	x13,8000b5be	 x13:0xffffff00
      512839000	     25540	8000b5be	34039273	csrrw	x4,mscratch,x7	  x7:0xfa34c000  x4=0xfffffffe
      513019000	     25549	8000b5c2	340071f3	csrrci	x3,mscratch,0	  x3=0xfa34c000
      513039000	     25550	8000b5c6	8cfd	c.and	x9,x15	  x9:0x00001000 x15:0x00000000  x9=0x00000000
      513399000	     25568	8000b5c8	00d1ca63	blt	x3,x13,8000b5dc	  x3:0xfa34c000 x13:0xffffff00
      513979000	     25597	8000b5dc	5cfd	c.li	x25,-1	 x25=0xffffffff
      514019000	     25599	8000b5de	00ca9a63	bne	x21,x12,8000b5f2	 x21:0x00000000 x12:0x80025ce4
      514319000	     25614	8000b5f2	006ebf33	sltu	x30,x29,x6	 x29:0x00000000  x6:0x00000000 x30=0x00000000
      514339000	     25615	8000b5f6	8575	c.srai	x10,0x1d	 x10:0x00000000 x10=0x00000000
      514359000	     25616	8000b5f8	0000100f	fence.i	
      515039000	     25650	8000b5fc	004d75b3	and	x11,x26,x4	 x26:0x00000000  x4:0xfffffffe x11=0x00000000
      515059000	     25651	8000b600	00475fb3	srl	x31,x14,x4	 x14:0x40000144  x4:0xfffffffe x31=0x00000001
      515159000	     25656	8000b604	5c7d	c.li	x24,-1	 x24=0xffffffff
      515519000	     25674	8000b606	02538463	beq	x7,x5,8000b62e	  x7:0xfa34c000  x5:0x80021e24
      515939000	     25695	8000b60a	00b752b3	srl	x5,x14,x11	 x14:0x40000144 x11:0x00000000  x5=0x40000144
      516179000	     25707	8000b60e	87b0c6b7	lui	x13,0x87b0c	 x13=0x87b0c000
      516359000	     25716	8000b612	4175d5b3	sra	x11,x11,x23	 x11:0x00000000 x23:0x00000000 x11=0x00000000
      516379000	     25717	8000b616	00b0ff33	and	x30,x1,x11	  x1:0x00000001 x11:0x00000000 x30=0x00000000
      516779000	     25737	8000b61a	02535563	bge	x6,x5,8000b644	  x6:0x00000000  x5:0x40000144
      516799000	     25738	8000b61e	0000100f	fence.i	
      517299000	     25763	8000b622	032d8eb3	mul	x29,x27,x18	 x27:0x00000000 x18:0x7ffde46d x29=0x00000000
      517339000	     25765	8000b626	03705eb3	divu	x29,x0,x23	  x0:0x00000000 x23:0x00000000 x29=0xffffffff
      517359000	     25766	8000b62a	41d9de93	srai	x29,x19,0x1d	 x19:0x00000036 x29=0x00000000
      517519000	     25774	8000b62e	34002cf3	csrrs	x25,mscratch,x0	  x0:0x00000000 x25=0xfa34c000
      517939000	     25795	8000b632	3401f2f3	csrrci	x5,mscratch,3	  x5=0xfa34c000
      518099000	     25803	8000b636	ac2f4c97	auipc	x25,0xac2f4	 x25=0x2c2ff636
      518139000	     25805	8000b63a	036db833	mulhu	x16,x27,x22	 x27:0x00000000 x22:0x0000000c x16=0x00000000
      518159000	     25806	8000b63e	8349	c.srli	x14,0x12	 x14:0x40000144 x14=0x00001000
      518199000	     25808	8000b640	029f91b3	mulh	x3,x31,x9	 x31:0x00000001  x9:0x00000000  x3=0x00000000
      518219000	     25809	8000b644	19fd	c.addi	x19,-1	 x19:0x00000036 x19=0x00000035
      518239000	     25810	8000b646	01cd1593	slli	x11,x26,0x1c	 x26:0x00000000 x11=0x00000000
      518259000	     25811	8000b64a	c78d	c.beqz	x15,8000b674	 x15:0x00000000
      518699000	     25833	8000b674	1a7d	c.addi	x20,-1	 x20:0x00000001 x20=0x00000000
      518719000	     25834	8000b676	177d	c.addi	x14,-1	 x14:0x00001000 x14=0x00000fff
      518739000	     25835	8000b678	e08d0b97	auipc	x23,0xe08d0	 x23=0x608db678
      519479000	     25872	8000b67c	02294fb3	div	x31,x18,x2	 x18:0x7ffde46d  x2:0xffffffff x31=0x80021b93
      519519000	     25874	8000b680	03b851b3	divu	x3,x16,x27	 x16:0x00000000 x27:0x00000000  x3=0xffffffff
      519539000	     25875	8000b684	ef75a813	slti	x16,x11,-265	 x11:0x00000000 x16=0x00000000
      519579000	     25877	8000b688	03a826b3	mulhsu	x13,x16,x26	 x16:0x00000000 x26:0x00000000 x13=0x00000000
      519599000	     25878	8000b68c	02211c63	bne	x2,x2,8000b6c4	  x2:0xffffffff  x2:0xffffffff
      519619000	     25879	8000b690	9996	c.add	x19,x5	 x19:0x00000035  x5:0xfa34c000 x19=0xfa34c035
      519639000	     25880	8000b692	8716	c.mv	x14,x5	  x0:0x00000000  x5:0xfa34c000 x14=0xfa34c000
      519659000	     25881	8000b694	01f59993	slli	x19,x11,0x1f	 x11:0x00000000 x19=0x00000000
      519679000	     25882	8000b698	34006af3	csrrsi	x21,mscratch,0	 x21=0xfa34c000
      519839000	     25890	8000b69c	b34e3ab7	lui	x21,0xb34e3	 x21=0xb34e3000
      519879000	     25892	8000b6a0	02bb5d33	divu	x26,x22,x11	 x22:0x0000000c x11:0x00000000 x26=0xffffffff
      519899000	     25893	8000b6a4	33aa4b93	xori	x23,x20,826	 x20:0x00000000 x23=0x0000033a
      520299000	     25913	8000b6a8	001171b3	and	x3,x2,x1	  x2:0xffffffff  x1:0x00000001  x3=0x00000001
      520319000	     25914	8000b6ac	0186a6b3	slt	x13,x13,x24	 x13:0x00000000 x24:0xffffffff x13=0x00000000
      520739000	     25935	8000b6b0	340335f3	csrrc	x11,mscratch,x6	  x6:0x00000000 x11=0xfa34c000
      520899000	     25943	8000b6b4	fa8b6b97	auipc	x23,0xfa8b6	 x23=0x7a8c16b4
      520919000	     25944	8000b6b8	00cebf33	sltu	x30,x29,x12	 x29:0x00000000 x12:0x80025ce4 x30=0x00000001
      520939000	     25945	8000b6bc	7c83c213	xori	x4,x7,1992	  x7:0xfa34c000  x4=0xfa34c7c8
      520979000	     25947	8000b6c0	039624b3	mulhsu	x9,x12,x25	 x12:0x80025ce4 x25:0x2c2ff636  x9=0xe9e86d4d
      520999000	     25948	8000b6c4	1798	c.addi4spn	x14,x2,992	 x14=0x000003df
      521019000	     25949	8000b6c6	340ad3f3	csrrwi	x7,mscratch,21	  x7=0xfa34c000
      521099000	     25953	8000b6ca	0250a833	mulhsu	x16,x1,x5	  x1:0x00000001  x5:0xfa34c000 x16=0x00000000
      521119000	     25954	8000b6ce	0c88	c.addi4spn	x10,x2,592	 x10=0x0000024f
      521139000	     25955	8000b6d0	0121d013	srli	x0,x3,0x12	  x3:0x00000001  x0=0x00000000
      521559000	     25976	8000b6d4	83fe	c.mv	x7,x31	  x0:0x00000000 x31:0x80021b93  x7=0x80021b93
      521579000	     25977	8000b6d6	01a0ecb3	or	x25,x1,x26	  x1:0x00000001 x26:0xffffffff x25=0xffffffff
      521599000	     25978	8000b6da	930e	c.add	x6,x3	  x6:0x00000000  x3:0x00000001  x6=0x00000001
      521699000	     25983	8000b6dc	00c1b4b3	sltu	x9,x3,x12	  x3:0x00000001 x12:0x80025ce4  x9=0x00000001
      522119000	     26004	8000b6e0	035ff963	bgeu	x31,x21,8000b712	 x31:0x80021b93 x21:0xb34e3000
      522139000	     26005	8000b6e4	019bef63	bltu	x23,x25,8000b702	 x23:0x7a8c16b4 x25:0xffffffff
      522439000	     26020	8000b702	6141	c.addi16sp	x2,16	  x2:0xffffffff  x2=0x0000000f
      522539000	     26025	8000b704	00f7deb3	srl	x29,x15,x15	 x15:0x00000000 x15:0x00000000 x29=0x00000000
      522559000	     26026	8000b708	13f60893	addi	x17,x12,319	 x12:0x80025ce4 x17=0x80025e23
      522739000	     26035	8000b70c	969a	c.add	x13,x6	 x13:0x00000000  x6:0x00000001 x13=0x00000001
      522759000	     26036	8000b70e	8d69	c.and	x10,x10	 x10:0x0000024f x10:0x0000024f x10=0x0000024f
      522779000	     26037	8000b710	84aa	c.mv	x9,x10	  x0:0x00000000 x10:0x0000024f  x9=0x0000024f
      522879000	     26042	8000b712	00dce0b3	or	x1,x25,x13	 x25:0xffffffff x13:0x00000001  x1=0xffffffff
      522899000	     26043	8000b716	02a4ec63	bltu	x9,x10,8000b74e	  x9:0x0000024f x10:0x0000024f
      522999000	     26048	8000b71a	03ab2233	mulhsu	x4,x22,x26	 x22:0x0000000c x26:0xffffffff  x4=0x0000000b
      523059000	     26051	8000b71e	0104c533	xor	x10,x9,x16	  x9:0x0000024f x16:0x00000000 x10=0x0000024f
      523219000	     26059	8000b722	03cfc163	blt	x31,x28,8000b744	 x31:0x80021b93 x28:0x80021e24
      523959000	     26096	8000b744	4985	c.li	x19,1	 x19=0x00000001
      524399000	     26118	8000b746	340610f3	csrrw	x1,mscratch,x12	 x12:0x80025ce4  x1=0x00000015
      525499000	     26173	8000b74a	0392cd33	div	x26,x5,x25	  x5:0xfa34c000 x25:0xffffffff x26=0x05cb4000
      525519000	     26174	8000b74e	024500b3	mul	x1,x10,x4	 x10:0x0000024f  x4:0x0000000b  x1=0x00001965
      525579000	     26177	8000b752	00bba833	slt	x16,x23,x11	 x23:0x7a8c16b4 x11:0xfa34c000 x16=0x00000000
      525599000	     26178	8000b756	9232f993	andi	x19,x5,-1757	  x5:0xfa34c000 x19=0xfa34c000
      526019000	     26199	8000b75a	027c8833	mul	x16,x25,x7	 x25:0xffffffff  x7:0x80021b93 x16=0x7ffde46d
      526039000	     26200	8000b75e	c989	c.beqz	x11,8000b770	 x11:0xfa34c000
      526059000	     26201	8000b760	01ab3833	sltu	x16,x22,x26	 x22:0x0000000c x26:0x05cb4000 x16=0x00000001
      526179000	     26207	8000b764	03eb7063	bgeu	x22,x30,8000b784	 x22:0x0000000c x30:0x00000001
      526939000	     26245	8000b784	0001	c.addi	x0,0	  x0:0x00000000  x0=0x00000000
      526959000	     26246	8000b786	8862	c.mv	x16,x24	  x0:0x00000000 x24:0xffffffff x16=0xffffffff
      526979000	     26247	8000b788	010710b3	sll	x1,x14,x16	 x14:0x000003df x16:0xffffffff  x1=0x80000000
      527319000	     26264	8000b78c	02f6d133	divu	x2,x13,x15	 x13:0x00000001 x15:0x00000000  x2=0xffffffff
      527399000	     26268	8000b790	039ac063	blt	x21,x25,8000b7b0	 x21:0xb34e3000 x25:0xffffffff
      528019000	     26299	8000b7b0	410ed733	sra	x14,x29,x16	 x29:0x00000000 x16:0xffffffff x14=0x00000000
      528039000	     26300	8000b7b4	008b5833	srl	x16,x22,x8	 x22:0x0000000c  x8:0x80000000 x16=0x0000000c
      528219000	     26309	8000b7b8	03b07333	remu	x6,x0,x27	  x0:0x00000000 x27:0x00000000  x6=0x00000000
      528239000	     26310	8000b7bc	02625063	bge	x4,x6,8000b7dc	  x4:0x0000000b  x6:0x00000000
      534999000	     26648	8000b7dc	ed1ca137	lui	x2,0xed1ca	  x2=0xed1ca000
      535019000	     26649	8000b7e0	340321f3	csrrs	x3,mscratch,x6	  x6:0x00000000  x3=0x80025ce4
      535039000	     26650	8000b7e4	8f3d	c.xor	x14,x15	 x14:0x00000000 x15:0x00000000 x14=0x00000000
      535479000	     26672	8000b7e6	34002ff3	csrrs	x31,mscratch,x0	  x0:0x00000000 x31=0x80025ce4
      535499000	     26673	8000b7ea	0356dd63	bge	x13,x21,8000b824	 x13:0x00000001 x21:0xb34e3000
      535639000	     26680	8000b824	03d85bb3	divu	x23,x16,x29	 x16:0x0000000c x29:0x00000000 x23=0xffffffff
      536139000	     26705	8000b828	8c99	c.sub	x9,x14	  x9:0x0000024f x14:0x00000000  x9=0x0000024f
      536159000	     26706	8000b82a	6d2d	c.lui	x26,0xb	 x26=0x0000b000
      536199000	     26708	8000b82c	40270b33	sub	x22,x14,x2	 x14:0x00000000  x2:0xed1ca000 x22=0x12e36000
      536419000	     26719	8000b830	01ce2c33	slt	x24,x28,x28	 x28:0x80021e24 x28:0x80021e24 x24=0x00000000
      536439000	     26720	8000b834	a36a1037	lui	x0,0xa36a1	  x0=0x00000000
      536459000	     26721	8000b838	050dd563	bge	x27,x16,8000b882	 x27:0x00000000 x16:0x0000000c
      536479000	     26722	8000b83c	0000100f	fence.i	
      537099000	     26753	8000b840	00681863	bne	x16,x6,8000b850	 x16:0x0000000c  x6:0x00000000
      538899000	     26843	8000b850	0a812793	slti	x15,x2,168	  x2:0xed1ca000 x15=0x00000001
      539019000	     26849	8000b854	01686663	bltu	x16,x22,8000b860	 x16:0x0000000c x22:0x12e36000
      539519000	     26874	8000b860	00a65cb3	srl	x25,x12,x10	 x12:0x80025ce4 x10:0x0000024f x25=0x00010004
      539799000	     26888	8000b864	036b7a63	bgeu	x22,x22,8000b898	 x22:0x12e36000 x22:0x12e36000
      541159000	     26956	8000b898	0317dcb3	divu	x25,x15,x17	 x15:0x00000001 x17:0x80025e23 x25=0x00000000
      541179000	     26957	8000b89c	014435b3	sltu	x11,x8,x20	  x8:0x80000000 x20:0x00000000 x11=0x00000000
      541199000	     26958	8000b8a0	34002373	csrrs	x6,mscratch,x0	  x0:0x00000000  x6=0x80025ce4
      541219000	     26959	8000b8a4	004f4233	xor	x4,x30,x4	 x30:0x00000001  x4:0x0000000b  x4=0x0000000a
      541459000	     26971	8000b8a8	000f1b33	sll	x22,x30,x0	 x30:0x00000001  x0:0x00000000 x22=0x00000001
      541479000	     26972	8000b8ac	004193b3	sll	x7,x3,x4	  x3:0x80025ce4  x4:0x0000000a  x7=0x09739000
      541499000	     26973	8000b8b0	896a	c.mv	x18,x26	  x0:0x00000000 x26:0x0000b000 x18=0x0000b000
      541539000	     26975	8000b8b2	057b0463	beq	x22,x23,8000b8fa	 x22:0x00000001 x23:0xffffffff
      541579000	     26977	8000b8b6	03c7d863	bge	x15,x28,8000b8e6	 x15:0x00000001 x28:0x80021e24
      541699000	     26983	8000b8e6	035a9a33	mulh	x20,x21,x21	 x21:0xb34e3000 x21:0xb34e3000 x20=0x16fa0f01
      541719000	     26984	8000b8ea	88d2	c.mv	x17,x20	  x0:0x00000000 x20:0x16fa0f01 x17=0x16fa0f01
      541739000	     26985	8000b8ec	6de1	c.lui	x27,0x18	 x27=0x00018000
      541759000	     26986	8000b8ee	877a	c.mv	x14,x30	  x0:0x00000000 x30:0x00000001 x14=0x00000001
      541799000	     26988	8000b8f0	0397dc33	divu	x24,x15,x25	 x15:0x00000001 x25:0x00000000 x24=0xffffffff
      541859000	     26991	8000b8f4	c28d	c.beqz	x13,8000b916	 x13:0x00000001
      541879000	     26992	8000b8f6	10d34d13	xori	x26,x6,269	  x6:0x80025ce4 x26=0x80025de9
      541979000	     26997	8000b8fa	34007af3	csrrci	x21,mscratch,0	 x21=0x80025ce4
      541999000	     26998	8000b8fe	6e2a89b7	lui	x19,0x6e2a8	 x19=0x6e2a8000
      542079000	     27002	8000b902	34007873	csrrci	x16,mscratch,0	 x16=0x80025ce4
      542119000	     27004	8000b906	f9f18e93	addi	x29,x3,-97	  x3:0x80025ce4 x29=0x80025c83
      542139000	     27005	8000b90a	614d	c.addi16sp	x2,176	  x2:0xed1ca000  x2=0xed1ca0b0
      542539000	     27025	8000b90c	03848993	addi	x19,x9,56	  x9:0x0000024f x19=0x00000287
      542619000	     27029	8000b910	0f0c	c.addi4spn	x11,x2,912	 x11=0xed1ca440
      542659000	     27031	8000b912	ec868513	addi	x10,x13,-312	 x13:0x00000001 x10=0xfffffec9
      542679000	     27032	8000b916	4184d893	srai	x17,x9,0x18	  x9:0x0000024f x17=0x00000000
      542699000	     27033	8000b91a	8d35	c.xor	x10,x13	 x10:0xfffffec9 x13:0x00000001 x10=0xfffffec8
      542719000	     27034	8000b91c	00acc933	xor	x18,x25,x10	 x25:0x00000000 x10:0xfffffec8 x18=0xfffffec8
      543459000	     27071	8000b920	033175b3	remu	x11,x2,x19	  x2:0xed1ca0b0 x19:0x00000287 x11=0x00000047
      543479000	     27072	8000b924	01bcf1b3	and	x3,x25,x27	 x25:0x00000000 x27:0x00018000  x3=0x00000000
      543499000	     27073	8000b928	03e00263	beq	x0,x30,8000b94c	  x0:0x00000000 x30:0x00000001
      543539000	     27075	8000b92c	02ea3a33	mulhu	x20,x20,x14	 x20:0x16fa0f01 x14:0x00000001 x20=0x00000000
      543559000	     27076	8000b930	0001	c.addi	x0,0	  x0:0x00000000  x0=0x00000000
      543579000	     27077	8000b932	8d75	c.and	x10,x13	 x10:0xfffffec8 x13:0x00000001 x10=0x00000000
      543599000	     27078	8000b934	18fd	c.addi	x17,-1	 x17:0x00000000 x17=0xffffffff
      543619000	     27079	8000b936	04f09263	bne	x1,x15,8000b97a	  x1:0x80000000 x15:0x00000001
      545039000	     27150	8000b97a	038a2033	mulhsu	x0,x20,x24	 x20:0x00000000 x24:0xffffffff  x0=0x00000000
      545119000	     27154	8000b97e	03c23033	mulhu	x0,x4,x28	  x4:0x0000000a x28:0x80021e24  x0=0x00000000
      545979000	     27197	8000b982	03b57233	remu	x4,x10,x27	 x10:0x00000000 x27:0x00018000  x4=0x00000000
      545999000	     27198	8000b986	0000100f	fence.i	
      546099000	     27203	8000b98a	34007373	csrrci	x6,mscratch,0	  x6=0x80025ce4
      546119000	     27204	8000b98e	8dee	c.mv	x27,x27	  x0:0x00000000 x27:0x00018000 x27=0x00018000
      546139000	     27205	8000b990	3409d373	csrrwi	x6,mscratch,19	  x6=0x80025ce4
      546199000	     27208	8000b994	03567163	bgeu	x12,x21,8000b9b6	 x12:0x80025ce4 x21:0x80025ce4
      547659000	     27281	8000b9b6	0012e033	or	x0,x5,x1	  x5:0xfa34c000  x1:0x80000000  x0=0x00000000
      547799000	     27288	8000b9ba	03d08c63	beq	x1,x29,8000b9f2	  x1:0x80000000 x29:0x80025c83
      547999000	     27298	8000b9be	34006173	csrrsi	x2,mscratch,0	  x2=0x00000013
      548219000	     27309	8000b9c2	02a21963	bne	x4,x10,8000b9f4	  x4:0x00000000 x10:0x00000000
      548239000	     27310	8000b9c6	8d6d	c.and	x10,x11	 x10:0x00000000 x11:0x00000047 x10=0x00000000
      548659000	     27331	8000b9c8	0234f5b3	remu	x11,x9,x3	  x9:0x0000024f  x3:0x00000000 x11=0x0000024f
      549059000	     27351	8000b9cc	340036f3	csrrc	x13,mscratch,x0	  x0:0x00000000 x13=0x00000013
      549079000	     27352	8000b9d0	6b45	c.lui	x22,0x11	 x22=0x00011000
      549119000	     27354	8000b9d2	02720163	beq	x4,x7,8000b9f4	  x4:0x00000000  x7:0x09739000
      549139000	     27355	8000b9d6	7df5cb37	lui	x22,0x7df5c	 x22=0x7df5c000
      549159000	     27356	8000b9da	00c58333	add	x6,x11,x12	 x11:0x0000024f x12:0x80025ce4  x6=0x80025f33
      549179000	     27357	8000b9de	0000100f	fence.i	
      549719000	     27384	8000b9e2	00fc17b3	sll	x15,x24,x15	 x24:0xffffffff x15:0x00000001 x15=0xfffffffe
      550099000	     27403	8000b9e6	bb92ed37	lui	x26,0xbb92e	 x26=0xbb92e000
      550119000	     27404	8000b9ea	41de87b3	sub	x15,x29,x29	 x29:0x80025c83 x29:0x80025c83 x15=0x00000000
      550139000	     27405	8000b9ee	80976013	ori	x0,x14,-2039	 x14:0x00000001  x0=0x00000000
      550159000	     27406	8000b9f2	c189	c.beqz	x11,8000b9f4	 x11:0x0000024f
      550179000	     27407	8000b9f4	34007973	csrrci	x18,mscratch,0	 x18=0x00000013
      550379000	     27417	8000b9f8	004e2183	lw	x3,4(x28)	 x28:0x80021e24  x3=0x8000bae2 PA:0x80021e28 load:0x8000bae2
      550399000	     27418	8000b9fc	038e0e13	addi	x28,x28,56	 x28:0x80021e24 x28=0x80021e5c
      550419000	     27419	8000ba00	6d75	c.lui	x26,0x1d	 x26=0x0001d000
      550439000	     27420	8000ba02	85aa	c.mv	x11,x10	  x0:0x00000000 x10:0x00000000 x11=0x00000000
      550499000	     27423	8000ba04	340ca173	csrrs	x2,mscratch,x25	 x25:0x00000000  x2=0x00000013
      550659000	     27431	8000ba08	8dc5	c.or	x11,x9	 x11:0x00000000  x9:0x0000024f x11=0x0000024f
      551039000	     27450	8000ba0a	00118293	addi	x5,x3,1	  x3:0x8000bae2  x5=0x8000bae3
      551059000	     27451	8000ba0e	8282	c.jr	x5	  x5:0x8000bae3
      551779000	     27487	8000bae2	7be54c93	xori	x25,x10,1982	 x10:0x00000000 x25=0x000007be
      552059000	     27501	8000bae6	0183f6b3	and	x13,x7,x24	  x7:0x09739000 x24:0xffffffff x13=0x09739000
      552119000	     27504	8000baea	0243c4b3	div	x9,x7,x4	  x7:0x09739000  x4:0x00000000  x9=0xffffffff
      552239000	     27510	8000baee	340cfcf3	csrrci	x25,mscratch,25	 x25=0x00000013
      552259000	     27511	8000baf2	007f71b3	and	x3,x30,x7	 x30:0x00000001  x7:0x09739000  x3=0x00000000
      553199000	     27558	8000baf6	03e8f233	remu	x4,x17,x30	 x17:0xffffffff x30:0x00000001  x4=0x00000000
      553219000	     27559	8000bafa	340621f3	csrrs	x3,mscratch,x12	 x12:0x80025ce4  x3=0x00000002
      553239000	     27560	8000bafe	6ad1	c.lui	x21,0x14	 x21=0x00014000
      553259000	     27561	8000bb00	1914	c.addi4spn	x13,x2,176	 x13=0x000000c3
      553279000	     27562	8000bb02	07a2	c.slli	x15,0x8	 x15:0x00000000 x15=0x00000000
      553299000	     27563	8000bb04	8ee9	c.and	x13,x10	 x13:0x000000c3 x10:0x00000000 x13=0x00000000
      553339000	     27565	8000bb06	02d6f8b3	remu	x17,x13,x13	 x13:0x00000000 x13:0x00000000 x17=0x00000000
      553359000	     27566	8000bb0a	01580933	add	x18,x16,x21	 x16:0x80025ce4 x21:0x00014000 x18=0x80039ce4
      554439000	     27620	8000bb0e	02877133	remu	x2,x14,x8	 x14:0x00000001  x8:0x80000000  x2=0x00000001
      554459000	     27621	8000bb12	0f8a	c.slli	x31,0x2	 x31:0x80025ce4 x31=0x00097390
      554479000	     27622	8000bb14	6121	c.addi16sp	x2,64	  x2:0x00000001  x2=0x00000041
      554499000	     27623	8000bb16	6525	c.lui	x10,0x9	 x10=0x00009000
      554519000	     27624	8000bb18	413e5f93	srai	x31,x28,0x13	 x28:0x80021e5c x31=0xfffff000
      554539000	     27625	8000bb1c	34003a73	csrrc	x20,mscratch,x0	  x0:0x00000000 x20=0x80025ce6
      554599000	     27628	8000bb20	004e2183	lw	x3,4(x28)	 x28:0x80021e5c  x3=0x800055e0 PA:0x80021e60 load:0x800055e0
      554619000	     27629	8000bb24	0122f0b3	and	x1,x5,x18	  x5:0x8000bae3 x18:0x80039ce4  x1=0x800098e0
      554999000	     27648	8000bb28	004658b3	srl	x17,x12,x4	 x12:0x80025ce4  x4:0x00000000 x17=0x80025ce4
      555019000	     27649	8000bb2c	009a3c33	sltu	x24,x20,x9	 x20:0x80025ce6  x9:0xffffffff x24=0x00000001
      555219000	     27659	8000bb30	28a18313	addi	x6,x3,650	  x3:0x800055e0  x6=0x8000586a
      555239000	     27660	8000bb34	0e21	c.addi	x28,8	 x28:0x80021e5c x28=0x80021e64
      555279000	     27662	8000bb36	039623b3	mulhsu	x7,x12,x25	 x12:0x80025ce4 x25:0x00000013  x7=0xfffffff6
      555299000	     27663	8000bb3a	8c8d	c.sub	x9,x11	  x9:0xffffffff x11:0x0000024f  x9=0xfffffdb0
      555319000	     27664	8000bb3c	00118793	addi	x15,x3,1	  x3:0x800055e0 x15=0x800055e1
      555339000	     27665	8000bb40	8782	c.jr	x15	 x15:0x800055e1
      556019000	     27699	800055e0	8ec5	c.or	x13,x9	 x13:0x00000000  x9:0xfffffdb0 x13=0xfffffdb0
      556439000	     27720	800055e2	03208a33	mul	x20,x1,x18	  x1:0x800098e0 x18:0x80039ce4 x20=0x2850a780
      557219000	     27759	800055e6	025670b3	remu	x1,x12,x5	 x12:0x80025ce4  x5:0x8000bae3  x1=0x0001a201
      557259000	     27761	800055ea	02ee10b3	mulh	x1,x28,x14	 x28:0x80021e64 x14:0x00000001  x1=0xffffffff
      557279000	     27762	800055ee	01350133	add	x2,x10,x19	 x10:0x00009000 x19:0x00000287  x2=0x00009287
      557299000	     27763	800055f2	3408d7f3	csrrwi	x15,mscratch,17	 x15=0x80025ce6
      557319000	     27764	800055f6	010b6263	bltu	x22,x16,800055fa	 x22:0x7df5c000 x16:0x80025ce4
      557379000	     27767	800055fa	00bcd393	srli	x7,x25,0xb	 x25:0x00000013  x7=0x00000000
      557759000	     27786	800055fe	3402b1f3	csrrc	x3,mscratch,x5	  x5:0x8000bae3  x3=0x00000011
      557779000	     27787	80005602	8cf1	c.and	x9,x12	  x9:0xfffffdb0 x12:0x80025ce4  x9=0x80025ca0
      557799000	     27788	80005604	00da8663	beq	x21,x13,80005610	 x21:0x00014000 x13:0xfffffdb0
      558199000	     27808	80005608	340cdaf3	csrrwi	x21,mscratch,25	 x21=0x00000010
      558219000	     27809	8000560c	432ec293	xori	x5,x29,1074	 x29:0x80025c83  x5=0x800258b1
      558239000	     27810	80005610	f345b797	auipc	x15,0xf345b	 x15=0x73460610
      558259000	     27811	80005614	42efff13	andi	x30,x31,1070	 x31:0xfffff000 x30=0x00000000
      558459000	     27821	80005618	01fd0c33	add	x24,x26,x31	 x26:0x0001d000 x31:0xfffff000 x24=0x0001c000
      558499000	     27823	8000561c	024ea833	mulhsu	x16,x29,x4	 x29:0x80025c83  x4:0x00000000 x16=0x00000000
      558519000	     27824	80005620	340496f3	csrrw	x13,mscratch,x9	  x9:0x80025ca0 x13=0x00000019
      558919000	     27844	80005624	34002973	csrrs	x18,mscratch,x0	  x0:0x00000000 x18=0x80025ca0
      558939000	     27845	80005628	717d	c.addi16sp	x2,-16	  x2:0x00009287  x2=0x00009277
      559359000	     27866	8000562a	340039f3	csrrc	x19,mscratch,x0	  x0:0x00000000 x19=0x80025ca0
      559379000	     27867	8000562e	8f51	c.or	x14,x12	 x14:0x00000001 x12:0x80025ce4 x14=0x80025ce5
      559399000	     27868	80005630	02924263	blt	x4,x9,80005654	  x4:0x00000000  x9:0x80025ca0
      559419000	     27869	80005634	004fdeb3	srl	x29,x31,x4	 x31:0xfffff000  x4:0x00000000 x29=0xfffff000
      559819000	     27889	80005638	005ad913	srli	x18,x21,0x5	 x21:0x00000010 x18=0x00000000
      560639000	     27930	8000563c	02c266b3	rem	x13,x4,x12	  x4:0x00000000 x12:0x80025ce4 x13=0x00000000
      560659000	     27931	80005640	c3a9	c.beqz	x15,80005682	 x15:0x73460610
      560679000	     27932	80005642	e70d	c.bnez	x14,8000566c	 x14:0x80025ce5
      561099000	     27953	8000566c	01ef6fb3	or	x31,x30,x30	 x30:0x00000000 x30:0x00000000 x31=0x00000000
      561299000	     27963	80005670	7d6bcf93	xori	x31,x23,2006	 x23:0xffffffff x31=0xfffff829
      561359000	     27966	80005674	4495	c.li	x9,5	  x9=0x00000005
      561379000	     27967	80005676	8cad	c.xor	x9,x11	  x9:0x00000005 x11:0x0000024f  x9=0x0000024a
      562119000	     28004	80005678	02f77133	remu	x2,x14,x15	 x14:0x80025ce5 x15:0x73460610  x2=0x0cbc56d5
      562139000	     28005	8000567c	0165ca33	xor	x20,x11,x22	 x11:0x0000024f x22:0x7df5c000 x20=0x7df5c24f
      562159000	     28006	80005680	6dd5	c.lui	x27,0x15	 x27=0x00015000
      562179000	     28007	80005682	030e9963	bne	x29,x16,800056b4	 x29:0xfffff000 x16:0x00000000
      562559000	     28026	800056b4	169c	c.addi4spn	x15,x2,864	 x15=0x0cbc5a35
      562579000	     28027	800056b6	c795	c.beqz	x15,800056e2	 x15:0x0cbc5a35
      562999000	     28048	800056b8	03cf9963	bne	x31,x28,800056ea	 x31:0xfffff829 x28:0x80021e64
      563999000	     28098	800056ea	00355a93	srli	x21,x10,0x3	 x10:0x00009000 x21=0x00001200
      564039000	     28100	800056ee	340d17f3	csrrw	x15,mscratch,x26	 x26:0x0001d000 x15=0x80025ca0
      564059000	     28101	800056f2	0708	c.addi4spn	x10,x2,896	 x10=0x0cbc5a55
      564099000	     28103	800056f4	02db21b3	mulhsu	x3,x22,x13	 x22:0x7df5c000 x13:0x00000000  x3=0x00000000
      564119000	     28104	800056f8	9d06	c.add	x26,x1	 x26:0x0001d000  x1:0xffffffff x26=0x0001cfff
      564139000	     28105	800056fa	84dd	c.srai	x9,0x17	  x9:0x0000024a  x9=0x00000000
      564159000	     28106	800056fc	981a	c.add	x16,x6	 x16:0x00000000  x6:0x8000586a x16=0x8000586a
      564199000	     28108	800056fe	02bc3ab3	mulhu	x21,x24,x11	 x24:0x0001c000 x11:0x0000024f x21=0x00000000
      564219000	     28109	80005702	e22b4593	xori	x11,x22,-478	 x22:0x7df5c000 x11=0x820a3e22
      564239000	     28110	80005706	340b21f3	csrrs	x3,mscratch,x22	 x22:0x7df5c000  x3=0x0001d000
      564259000	     28111	8000570a	873d	c.srai	x14,0xf	 x14:0x80025ce5 x14=0xffff0004
      564279000	     28112	8000570c	34003f73	csrrc	x30,mscratch,x0	  x0:0x00000000 x30=0x7df5d000
      564439000	     28120	80005710	056d	c.addi	x10,27	 x10:0x0cbc5a55 x10=0x0cbc5a70
      578719000	     28834	80005712	d5cba313	slti	x6,x23,-676	 x23:0xffffffff  x6=0x00000000
      578739000	     28835	80005716	0478e163	bltu	x17,x7,80005758	 x17:0x80025ce4  x7:0x00000000
      578759000	     28836	8000571a	8e89	c.sub	x13,x10	 x13:0x00000000 x10:0x0cbc5a70 x13=0xf343a590
      578779000	     28837	8000571c	c789	c.beqz	x15,80005726	 x15:0x80025ca0
      578799000	     28838	8000571e	34007ff3	csrrci	x31,mscratch,0	 x31=0x7df5d000
      578819000	     28839	80005722	028f8f63	beq	x31,x8,80005760	 x31:0x7df5d000  x8:0x80000000
      578839000	     28840	80005726	8375	c.srli	x14,0x1d	 x14:0xffff0004 x14=0x00000007
      578859000	     28841	80005728	717d	c.addi16sp	x2,-16	  x2:0x0cbc56d5  x2=0x0cbc56c5
      578879000	     28842	8000572a	937e	c.add	x6,x31	  x6:0x00000000 x31:0x7df5d000  x6=0x7df5d000
      578899000	     28843	8000572c	40c05733	sra	x14,x0,x12	  x0:0x00000000 x12:0x80025ce4 x14=0x00000000
      579099000	     28853	80005730	46472bb7	lui	x23,0x46472	 x23=0x46472000
      579159000	     28856	80005734	01f90d63	beq	x18,x31,8000574e	 x18:0x00000000 x31:0x7df5d000
      579179000	     28857	80005738	0000100f	fence.i	
      580119000	     28904	8000573c	cf09	c.beqz	x14,80005756	 x14:0x00000000
      580639000	     28930	80005756	0ae5	c.addi	x21,25	 x21:0x00000000 x21=0x00000019
      580659000	     28931	80005758	537d	c.li	x6,-1	  x6=0xffffffff
      580679000	     28932	8000575a	8b0e	c.mv	x22,x3	  x0:0x00000000  x3:0x0001d000 x22=0x0001d000
      580699000	     28933	8000575c	6795	c.lui	x15,0x5	 x15=0x00005000
      580719000	     28934	8000575e	537d	c.li	x6,-1	  x6=0xffffffff
      580759000	     28936	80005760	a6caef13	ori	x30,x21,-1428	 x21:0x00000019 x30=0xfffffa7d
      580819000	     28939	80005764	9b7d	c.andi	x14,-1	 x14:0x00000000 x14=0x00000000
      580839000	     28940	80005766	03fed463	bge	x29,x31,8000578e	 x29:0xfffff000 x31:0x7df5d000
      581679000	     28982	8000576a	026f41b3	div	x3,x30,x6	 x30:0xfffffa7d  x6:0xffffffff  x3=0x00000583
      581699000	     28983	8000576e	01b47833	and	x16,x8,x27	  x8:0x80000000 x27:0x00015000 x16=0x00000000
      581719000	     28984	80005772	4126d213	srai	x4,x13,0x12	 x13:0xf343a590  x4=0xfffffcd0
      581739000	     28985	80005776	717d	c.addi16sp	x2,-16	  x2:0x0cbc56c5  x2=0x0cbc56b5
      581759000	     28986	80005778	01009b33	sll	x22,x1,x16	  x1:0xffffffff x16:0x00000000 x22=0xffffffff
      581779000	     28987	8000577c	0001	c.addi	x0,0	  x0:0x00000000  x0=0x00000000
      581799000	     28988	8000577e	340856f3	csrrwi	x13,mscratch,16	 x13=0x7df5d000
      581819000	     28989	80005782	8d85	c.sub	x11,x9	 x11:0x820a3e22  x9:0x00000000 x11=0x820a3e22
      581839000	     28990	80005784	0001	c.addi	x0,0	  x0:0x00000000  x0=0x00000000
      581919000	     28994	80005786	0111c833	xor	x16,x3,x17	  x3:0x00000583 x17:0x80025ce4 x16=0x80025967
      581939000	     28995	8000578a	8db9	c.xor	x11,x14	 x11:0x820a3e22 x14:0x00000000 x11=0x820a3e22
      581959000	     28996	8000578c	8f21	c.xor	x14,x8	 x14:0x00000000  x8:0x80000000 x14=0x80000000
      582039000	     29000	8000578e	03284f63	blt	x16,x18,800057cc	 x16:0x80025967 x18:0x00000000
      582139000	     29005	800057cc	2ab325b7	lui	x11,0x2ab32	 x11=0x2ab32000
      582159000	     29006	800057d0	0000100f	fence.i	
      582199000	     29008	800057d4	ab277d13	andi	x26,x14,-1358	 x14:0x80000000 x26=0x80000000
      582239000	     29010	800057d8	0001	c.addi	x0,0	  x0:0x00000000  x0=0x00000000
      582259000	     29011	800057da	851d	c.srai	x10,0x7	 x10:0x0cbc5a70 x10=0x001978b4
      582439000	     29020	800057dc	03f56363	bltu	x10,x31,80005802	 x10:0x001978b4 x31:0x7df5d000
      583679000	     29082	80005802	0f16	c.slli	x30,0x5	 x30:0xfffffa7d x30=0xffff4fa0
      583979000	     29097	80005804	003e3d33	sltu	x26,x28,x3	 x28:0x80021e64  x3:0x00000583 x26=0x00000000
      584779000	     29137	80005808	02b87d33	remu	x26,x16,x11	 x16:0x80025967 x11:0x2ab32000 x26=0x2a9c1967
      584799000	     29138	8000580c	007d6ab3	or	x21,x26,x7	 x26:0x2a9c1967  x7:0x00000000 x21=0x2a9c1967
      584819000	     29139	80005810	01404833	xor	x16,x0,x20	  x0:0x00000000 x20:0x7df5c24f x16=0x7df5c24f
      584839000	     29140	80005814	00672233	slt	x4,x14,x6	 x14:0x80000000  x6:0xffffffff  x4=0x00000001
      584859000	     29141	80005818	012fde93	srli	x29,x31,0x12	 x31:0x7df5d000 x29=0x00001f7d
      584899000	     29143	8000581c	03da20b3	mulhsu	x1,x20,x29	 x20:0x7df5c24f x29:0x00001f7d  x1=0x00000f7e
      585019000	     29149	80005820	938e	c.add	x7,x3	  x7:0x00000000  x3:0x00000583  x7=0x00000583
      585339000	     29165	80005822	41a0d733	sra	x14,x1,x26	  x1:0x00000f7e x26:0x2a9c1967 x14=0x0000001e
      585359000	     29166	80005826	01c082b3	add	x5,x1,x28	  x1:0x00000f7e x28:0x80021e64  x5=0x80022de2
      586159000	     29206	8000582a	03177c33	remu	x24,x14,x17	 x14:0x0000001e x17:0x80025ce4 x24=0x0000001e
      586179000	     29207	8000582e	6a254d13	xori	x26,x10,1698	 x10:0x001978b4 x26=0x00197e16
      586199000	     29208	80005832	0c1c	c.addi4spn	x15,x2,528	 x15=0x0cbc58c5
      586219000	     29209	80005834	8d75	c.and	x10,x13	 x10:0x001978b4 x13:0x7df5d000 x10=0x00115000
      586239000	     29210	80005836	e92df813	andi	x16,x27,-366	 x27:0x00015000 x16=0x00015000
      586259000	     29211	8000583a	0000100f	fence.i	
      586599000	     29228	8000583e	0094c9b3	xor	x19,x9,x9	  x9:0x00000000  x9:0x00000000 x19=0x00000000
      586619000	     29229	80005842	340ee1f3	csrrsi	x3,mscratch,29	  x3=0x00000010
      586639000	     29230	80005846	028d5563	bge	x26,x8,80005870	 x26:0x00197e16  x8:0x80000000
      587039000	     29250	80005870	545fe817	auipc	x16,0x545fe	 x16=0xd4603870
      587059000	     29251	80005874	0180e463	bltu	x1,x24,8000587c	  x1:0x00000f7e x24:0x0000001e
      587219000	     29259	80005878	015eff33	and	x30,x29,x21	 x29:0x00001f7d x21:0x2a9c1967 x30=0x00001965
      587239000	     29260	8000587c	0001	c.addi	x0,0	  x0:0x00000000  x0=0x00000000
      587979000	     29297	8000587e	0353c533	div	x10,x7,x21	  x7:0x00000583 x21:0x2a9c1967 x10=0x00000000
      587999000	     29298	80005882	404b8eb3	sub	x29,x23,x4	 x23:0x46472000  x4:0x00000001 x29=0x46471fff
      588039000	     29300	80005886	02053d33	mulhu	x26,x10,x0	 x10:0x00000000  x0:0x00000000 x26=0x00000000
      588059000	     29301	8000588a	c299	c.beqz	x13,80005890	 x13:0x7df5d000
      588799000	     29338	8000588c	02e6e133	rem	x2,x13,x14	 x13:0x7df5d000 x14:0x0000001e  x2=0x00000008
      588819000	     29339	80005890	01b85e93	srli	x29,x16,0x1b	 x16:0xd4603870 x29=0x0000001a
      588839000	     29340	80005894	340028f3	csrrs	x17,mscratch,x0	  x0:0x00000000 x17=0x0000001d
      588859000	     29341	80005898	ee8d	c.bnez	x13,800058d2	 x13:0x7df5d000
      588999000	     29348	800058d2	01c225b3	slt	x11,x4,x28	  x4:0x00000001 x28:0x80021e64 x11=0x00000000
      589139000	     29355	800058d6	05dec363	blt	x29,x29,8000591c	 x29:0x0000001a x29:0x0000001a
      589339000	     29365	800058da	0000100f	fence.i	
      589599000	     29378	800058de	019224b3	slt	x9,x4,x25	  x4:0x00000001 x25:0x00000013  x9=0x00000001
      589619000	     29379	800058e2	1084	c.addi4spn	x9,x2,96	  x9=0x00000068
      589659000	     29381	800058e4	03ff3933	mulhu	x18,x30,x31	 x30:0x00001965 x31:0x7df5d000 x18=0x00000c7e
      589679000	     29382	800058e8	01731713	slli	x14,x6,0x17	  x6:0xffffffff x14=0xff800000
      589919000	     29394	800058ec	0704	c.addi4spn	x9,x2,896	  x9=0x00000388
      590439000	     29420	800058ee	00d125b3	slt	x11,x2,x13	  x2:0x00000008 x13:0x7df5d000 x11=0x00000001
      590459000	     29421	800058f2	1efd	c.addi	x29,-1	 x29:0x0000001a x29=0x00000019
      590479000	     29422	800058f4	01b15113	srli	x2,x2,0x1b	  x2:0x00000008  x2=0x00000000
      590839000	     29440	800058f8	c55d6093	ori	x1,x26,-939	 x26:0x00000000  x1=0xfffffc55
      590859000	     29441	800058fc	af820893	addi	x17,x4,-1288	  x4:0x00000001 x17=0xfffffaf9
      591199000	     29458	80005900	3e26ee93	ori	x29,x13,994	 x13:0x7df5d000 x29=0x7df5d3e2
      591239000	     29460	80005904	83b5	c.srli	x15,0xd	 x15:0x0cbc58c5 x15=0x000065e2
      591259000	     29461	80005906	717d	c.addi16sp	x2,-16	  x2:0x00000000  x2=0xfffffff0
      591339000	     29465	80005908	01794333	xor	x6,x18,x23	 x18:0x00000c7e x23:0x46472000  x6=0x46472c7e
      591359000	     29466	8000590c	01f9c4b3	xor	x9,x19,x31	 x19:0x00000000 x31:0x7df5d000  x9=0x7df5d000
      591719000	     29484	80005910	009b7bb3	and	x23,x22,x9	 x22:0xffffffff  x9:0x7df5d000 x23=0x7df5d000
      592139000	     29505	80005914	034b8bb3	mul	x23,x23,x20	 x23:0x7df5d000 x20:0x7df5c24f x23=0x367b3000
      592279000	     29512	80005918	020be463	bltu	x23,x0,80005940	 x23:0x367b3000  x0:0x00000000
      592299000	     29513	8000591c	c331	c.beqz	x14,80005960	 x14:0xff800000
      592599000	     29528	8000591e	0028c533	xor	x10,x17,x2	 x17:0xfffffaf9  x2:0xfffffff0 x10=0x00000509
      592619000	     29529	80005922	99fd	c.andi	x11,-1	 x11:0x00000001 x11=0x00000001
      592639000	     29530	80005924	66d1	c.lui	x13,0x14	 x13=0x00014000
      592679000	     29532	80005926	02aa9a33	mulh	x20,x21,x10	 x21:0x2a9c1967 x10:0x00000509 x20=0x000000d6
      592699000	     29533	8000592a	008676b3	and	x13,x12,x8	 x12:0x80025ce4  x8:0x80000000 x13=0x80000000
      592719000	     29534	8000592e	3409a3f3	csrrs	x7,mscratch,x19	 x19:0x00000000  x7=0x0000001d
      593099000	     29553	80005932	017be9b3	or	x19,x23,x23	 x23:0x367b3000 x23:0x367b3000 x19=0x367b3000
      593119000	     29554	80005936	e319	c.bnez	x14,8000593c	 x14:0xff800000
      594879000	     29642	8000593c	34003573	csrrc	x10,mscratch,x0	  x0:0x00000000 x10=0x0000001d
      594899000	     29643	80005940	99fd	c.andi	x11,-1	 x11:0x00000001 x11=0x00000001
      594919000	     29644	80005942	00a60cb3	add	x25,x12,x10	 x12:0x80025ce4 x10:0x0000001d x25=0x80025d01
      594939000	     29645	80005946	00395963	bge	x18,x3,80005958	 x18:0x00000c7e  x3:0x00000010
      595819000	     29689	80005958	9a7e2293	slti	x5,x28,-1625	 x28:0x80021e64  x5=0x00000001
      595839000	     29690	8000595c	00826d33	or	x26,x4,x8	  x4:0x00000001  x8:0x80000000 x26=0x80000001
      595859000	     29691	80005960	f8206b13	ori	x22,x0,-126	  x0:0x00000000 x22=0xffffff82
      595879000	     29692	80005964	0dce	c.slli	x27,0x13	 x27:0x00015000 x27=0x80000000
      595899000	     29693	80005966	40dad113	srai	x2,x21,0xd	 x21:0x2a9c1967  x2=0x000154e0
      595919000	     29694	8000596a	015f42b3	xor	x5,x30,x21	 x30:0x00001965 x21:0x2a9c1967  x5=0x2a9c0002
      595979000	     29697	8000596e	0ff0000f	fence	iorw,iorw	
      595999000	     29698	80005972	8dd5	c.or	x11,x13	 x11:0x00000001 x13:0x80000000 x11=0x80000001
      596439000	     29720	80005974	01ef86b3	add	x13,x31,x30	 x31:0x7df5d000 x30:0x00001965 x13=0x7df5e965
      596459000	     29721	80005978	01629c13	slli	x24,x5,0x16	  x5:0x2a9c0002 x24=0x00800000
      596579000	     29727	8000597c	00c337b3	sltu	x15,x6,x12	  x6:0x46472c7e x12:0x80025ce4 x15=0x00000001
      596719000	     29734	80005980	ce6985b7	lui	x11,0xce698	 x11=0xce698000
      596899000	     29743	80005984	8ffd	c.and	x15,x15	 x15:0x00000001 x15:0x00000001 x15=0x00000001
      596919000	     29744	80005986	87b1	c.srai	x15,0xc	 x15:0x00000001 x15=0x00000000
      596939000	     29745	80005988	01276933	or	x18,x14,x18	 x14:0xff800000 x18:0x00000c7e x18=0xff800c7e
      597139000	     29755	8000598c	82f59717	auipc	x14,0x82f59	 x14=0x02f5e98c
      597239000	     29760	80005990	aa260eb7	lui	x29,0xaa260	 x29=0xaa260000
      597259000	     29761	80005994	0001	c.addi	x0,0	  x0:0x00000000  x0=0x00000000
      597279000	     29762	80005996	032bd963	bge	x23,x18,800059c8	 x23:0x367b3000 x18:0xff800c7e
      597359000	     29766	800059c8	03507263	bgeu	x0,x21,800059ec	  x0:0x00000000 x21:0x2a9c1967
      597779000	     29787	800059cc	03cfe663	bltu	x31,x28,800059f8	 x31:0x7df5d000 x28:0x80021e64
      598379000	     29817	800059f8	01fb80b3	add	x1,x23,x31	 x23:0x367b3000 x31:0x7df5d000  x1=0xb4710000
      598399000	     29818	800059fc	0000100f	fence.i	
      599739000	     29885	80005a00	0316a7b3	mulhsu	x15,x13,x17	 x13:0x7df5e965 x17:0xfffffaf9 x15=0x7df5e6eb
      600139000	     29905	80005a04	849f8293	addi	x5,x31,-1975	 x31:0x7df5d000  x5=0x7df5c849
      600259000	     29911	80005a08	41fd	c.li	x3,31	  x3=0x0000001f
      600279000	     29912	80005a0a	00a8dc13	srli	x24,x17,0xa	 x17:0xfffffaf9 x24=0x003ffffe
      600599000	     29928	80005a0e	34003973	csrrc	x18,mscratch,x0	  x0:0x00000000 x18=0x0000001d
      600619000	     29929	80005a12	34095df3	csrrwi	x27,mscratch,18	 x27=0x0000001d
      600639000	     29930	80005a16	e289	c.bnez	x13,80005a18	 x13:0x7df5e965
      601839000	     29990	80005a18	0ff0000f	fence	iorw,iorw	
      601859000	     29991	80005a1c	979a	c.add	x15,x6	 x15:0x7df5e6eb  x6:0x46472c7e x15=0xc43d1369
      601879000	     29992	80005a1e	8596	c.mv	x11,x5	  x0:0x00000000  x5:0x7df5c849 x11=0x7df5c849
      601899000	     29993	80005a20	0001	c.addi	x0,0	  x0:0x00000000  x0=0x00000000
      601919000	     29994	80005a22	8ec9	c.or	x13,x10	 x13:0x7df5e965 x10:0x0000001d x13=0x7df5e97d
      601939000	     29995	80005a24	8f75	c.and	x14,x13	 x14:0x02f5e98c x13:0x7df5e97d x14=0x00f5e90c
      601959000	     29996	80005a26	8f09	c.sub	x14,x10	 x14:0x00f5e90c x10:0x0000001d x14=0x00f5e8ef
      601979000	     29997	80005a28	34002373	csrrs	x6,mscratch,x0	  x0:0x00000000  x6=0x00000012
      602019000	     29999	80005a2c	65941837	lui	x16,0x65941	 x16=0x65941000
      602439000	     30020	80005a30	8355	c.srli	x14,0x15	 x14:0x00f5e8ef x14=0x00000007
      602459000	     30021	80005a32	e7b9	c.bnez	x15,80005a80	 x15:0xc43d1369
      603399000	     30068	80005a80	41b158b3	sra	x17,x2,x27	  x2:0x000154e0 x27:0x0000001d x17=0x00000000
      603419000	     30069	80005a84	1a7d	c.addi	x20,-1	 x20:0x000000d6 x20=0x000000d5
      603599000	     30078	80005a86	8f2c59b7	lui	x19,0x8f2c5	 x19=0x8f2c5000
      603679000	     30082	80005a8a	00571663	bne	x14,x5,80005a96	 x14:0x00000007  x5:0x7df5c849
      604379000	     30117	80005a96	019b6933	or	x18,x22,x25	 x22:0xffffff82 x25:0x80025d01 x18=0xffffff83
      604659000	     30131	80005a9a	87758917	auipc	x18,0x87758	 x18=0x0775da9a
      604919000	     30144	80005a9e	0ff0000f	fence	iorw,iorw	
      604959000	     30146	80005aa2	0000100f	fence.i	
      606679000	     30232	80005aa6	0373b733	mulhu	x14,x7,x23	  x7:0x0000001d x23:0x367b3000 x14=0x00000006
      606859000	     30241	80005aaa	01c7b3b3	sltu	x7,x15,x28	 x15:0xc43d1369 x28:0x80021e64  x7=0x00000000
      606879000	     30242	80005aae	8d4d	c.or	x10,x11	 x10:0x0000001d x11:0x7df5c849 x10=0x7df5c85d
      606899000	     30243	80005ab0	8f1d	c.sub	x14,x15	 x14:0x00000006 x15:0xc43d1369 x14=0x3bc2ec9d
      606919000	     30244	80005ab2	023f4963	blt	x30,x3,80005ae4	 x30:0x00001965  x3:0x0000001f
      606939000	     30245	80005ab6	5bfd	c.li	x23,-1	 x23=0xffffffff
      606959000	     30246	80005ab8	01b73133	sltu	x2,x14,x27	 x14:0x3bc2ec9d x27:0x0000001d  x2=0x00000000
      607099000	     30253	80005abc	8091	c.srli	x9,0x4	  x9:0x7df5d000  x9=0x07df5d00
      607119000	     30254	80005abe	8efd	c.and	x13,x15	 x13:0x7df5e97d x15:0xc43d1369 x13=0x44350169
      607139000	     30255	80005ac0	c4b3e913	ori	x18,x7,-949	  x7:0x00000000 x18=0xfffffc4b
      607159000	     30256	80005ac4	01da	c.slli	x3,0x16	  x3:0x0000001f  x3=0x07c00000
      607259000	     30261	80005ac6	03d70a63	beq	x14,x29,80005afa	 x14:0x3bc2ec9d x29:0xaa260000
      607279000	     30262	80005aca	0ff0000f	fence	iorw,iorw	
      607699000	     30283	80005ace	02360163	beq	x12,x3,80005af0	 x12:0x80025ce4  x3:0x07c00000
      607839000	     30290	80005ad2	f812e693	ori	x13,x5,-127	  x5:0x7df5c849 x13=0xffffffc9
      607859000	     30291	80005ad6	0001	c.addi	x0,0	  x0:0x00000000  x0=0x00000000
      607879000	     30292	80005ad8	814d	c.srli	x10,0x13	 x10:0x7df5c85d x10=0x00000fbe
      607899000	     30293	80005ada	62f1	c.lui	x5,0x1c	  x5=0x0001c000
      607919000	     30294	80005adc	017a51b3	srl	x3,x20,x23	 x20:0x000000d5 x23:0xffffffff  x3=0x00000000
      608059000	     30301	80005ae0	03bc4363	blt	x24,x27,80005b06	 x24:0x003ffffe x27:0x0000001d
      608079000	     30302	80005ae4	8d5d	c.or	x10,x15	 x10:0x00000fbe x15:0xc43d1369 x10=0xc43d1fff
      608259000	     30311	80005ae6	027c4f33	div	x30,x24,x7	 x24:0x003ffffe  x7:0x00000000 x30=0xffffffff
      608279000	     30312	80005aea	d2ca2993	slti	x19,x20,-724	 x20:0x000000d5 x19=0x00000000
      608299000	     30313	80005aee	8c8d	c.sub	x9,x11	  x9:0x07df5d00 x11:0x7df5c849  x9=0x89e994b7
      608319000	     30314	80005af0	0094	c.addi4spn	x13,x2,64	 x13=0x00000040
      608339000	     30315	80005af2	0000100f	fence.i	
      608779000	     30337	80005af6	a63d2b93	slti	x23,x26,-1437	 x26:0x80000001 x23=0x00000001
      608919000	     30344	80005afa	010110b3	sll	x1,x2,x16	  x2:0x00000000 x16:0x65941000  x1=0x00000000
      609819000	     30389	80005afe	02ebe0b3	rem	x1,x23,x14	 x23:0x00000001 x14:0x3bc2ec9d  x1=0x00000001
      609839000	     30390	80005b02	687da793	slti	x15,x27,1671	 x27:0x0000001d x15=0x00000001
      610579000	     30427	80005b06	02d65eb3	divu	x29,x12,x13	 x12:0x80025ce4 x13:0x00000040 x29=0x02000973
      610599000	     30428	80005b0a	7c578a13	addi	x20,x15,1989	 x15:0x00000001 x20=0x000007c6
      610619000	     30429	80005b0e	85a5	c.srai	x11,0x9	 x11:0x7df5c849 x11=0x003efae4
      610639000	     30430	80005b10	1698	c.addi4spn	x14,x2,864	 x14=0x00000360
      610659000	     30431	80005b12	01b7f263	bgeu	x15,x27,80005b16	 x15:0x00000001 x27:0x0000001d
      610679000	     30432	80005b16	340b3f73	csrrc	x30,mscratch,x22	 x22:0xffffff82 x30=0x00000012
      610699000	     30433	80005b1a	01d8a033	slt	x0,x17,x29	 x17:0x00000000 x29:0x02000973  x0=0x00000000
      610779000	     30437	80005b1e	3404b573	csrrc	x10,mscratch,x9	  x9:0x89e994b7 x10=0x00000010
      610799000	     30438	80005b22	40705233	sra	x4,x0,x7	  x0:0x00000000  x7:0x00000000  x4=0x00000000
      610819000	     30439	80005b26	8ca5	c.xor	x9,x9	  x9:0x89e994b7  x9:0x89e994b7  x9=0x00000000
      610839000	     30440	80005b28	0ff0000f	fence	iorw,iorw	
      611239000	     30460	80005b2c	6125	c.addi16sp	x2,96	  x2:0x00000000  x2=0x00000060
      611259000	     30461	80005b2e	03996663	bltu	x18,x25,80005b5a	 x18:0xfffffc4b x25:0x80025d01
      611599000	     30478	80005b32	4131de93	srai	x29,x3,0x13	  x3:0x00000000 x29=0x00000000
      611719000	     30484	80005b36	f9b37513	andi	x10,x6,-101	  x6:0x00000012 x10=0x00000012
      612139000	     30505	80005b3a	34006c73	csrrsi	x24,mscratch,0	 x24=0x00000000
      612159000	     30506	80005b3e	82c2	c.mv	x5,x16	  x0:0x00000000 x16:0x65941000  x5=0x65941000
      612239000	     30510	80005b40	413bd213	srai	x4,x23,0x13	 x23:0x00000001  x4=0x00000000
      612419000	     30519	80005b44	011ef0b3	and	x1,x29,x17	 x29:0x00000000 x17:0x00000000  x1=0x00000000
      612459000	     30521	80005b48	40488c33	sub	x24,x17,x4	 x17:0x00000000  x4:0x00000000 x24=0x00000000
      612579000	     30527	80005b4c	406cd293	srai	x5,x25,0x6	 x25:0x80025d01  x5=0xfe000974
      612599000	     30528	80005b50	001646b3	xor	x13,x12,x1	 x12:0x80025ce4  x1:0x00000000 x13=0x80025ce4
      612619000	     30529	80005b54	02f19463	bne	x3,x15,80005b7c	  x3:0x00000000 x15:0x00000001
      612979000	     30547	80005b7c	3403a0f3	csrrs	x1,mscratch,x7	  x7:0x00000000  x1=0x00000000
      613099000	     30553	80005b80	8db5	c.xor	x11,x13	 x11:0x003efae4 x13:0x80025ce4 x11=0x803ca600
      613179000	     30557	80005b82	9cad9eb7	lui	x29,0x9cad9	 x29=0x9cad9000
      613199000	     30558	80005b86	c39d	c.beqz	x15,80005bac	 x15:0x00000001
      613339000	     30565	80005b88	6109	c.addi16sp	x2,128	  x2:0x00000060  x2=0x000000e0
      613519000	     30574	80005b8a	34002d73	csrrs	x26,mscratch,x0	  x0:0x00000000 x26=0x00000000
      613539000	     30575	80005b8e	0000100f	fence.i	
      614159000	     30606	80005b92	0158e563	bltu	x17,x21,80005b9c	 x17:0x00000000 x21:0x2a9c1967
      614339000	     30615	80005b9c	0057e4b3	or	x9,x15,x5	 x15:0x00000001  x5:0xfe000974  x9=0xfe000975
      614519000	     30624	80005ba0	34047cf3	csrrci	x25,mscratch,8	 x25=0x00000000
      614559000	     30626	80005ba4	031ff6b3	remu	x13,x31,x17	 x31:0x7df5d000 x17:0x00000000 x13=0x7df5d000
      614579000	     30627	80005ba8	34002a73	csrrs	x20,mscratch,x0	  x0:0x00000000 x20=0x00000000
      614759000	     30636	80005bac	e105	c.bnez	x10,80005bcc	 x10:0x00000012
      615459000	     30671	80005bcc	01265d33	srl	x26,x12,x18	 x12:0x80025ce4 x18:0xfffffc4b x26=0x0010004b
      615479000	     30672	80005bd0	8dbd	c.xor	x11,x15	 x11:0x803ca600 x15:0x00000001 x11=0x803ca601
      615499000	     30673	80005bd2	01d8fd33	and	x26,x17,x29	 x17:0x00000000 x29:0x9cad9000 x26=0x00000000
      615519000	     30674	80005bd6	0325f163	bgeu	x11,x18,80005bf8	 x11:0x803ca601 x18:0xfffffc4b
      615599000	     30678	80005bda	a5ba2793	slti	x15,x20,-1445	 x20:0x00000000 x15=0x00000000
      615619000	     30679	80005bde	3406d773	csrrwi	x14,mscratch,13	 x14=0x00000000
      615819000	     30689	80005be2	76bf6393	ori	x7,x30,1899	 x30:0x00000012  x7=0x0000077b
      615839000	     30690	80005be6	42c77393	andi	x7,x14,1068	 x14:0x00000000  x7=0x00000000
      615859000	     30691	80005bea	e999	c.bnez	x11,80005c00	 x11:0x803ca601
      616479000	     30722	80005c00	ccd9e813	ori	x16,x19,-819	 x19:0x00000000 x16=0xfffffccd
      616899000	     30743	80005c04	010953b3	srl	x7,x18,x16	 x18:0xfffffc4b x16:0xfffffccd  x7=0x0007ffff
      617319000	     30764	80005c08	109c	c.addi4spn	x15,x2,96	 x15=0x00000140
      617419000	     30769	80005c0a	03cd30b3	mulhu	x1,x26,x28	 x26:0x00000000 x28:0x80021e64  x1=0x00000000
      617439000	     30770	80005c0e	530a8913	addi	x18,x21,1328	 x21:0x2a9c1967 x18=0x2a9c1e97
      617759000	     30786	80005c12	402581b3	sub	x3,x11,x2	 x11:0x803ca601  x2:0x000000e0  x3=0x803ca521
      617879000	     30792	80005c16	34001273	csrrw	x4,mscratch,x0	  x0:0x00000000  x4=0x0000000d
      617939000	     30795	80005c1a	0108e863	bltu	x17,x16,80005c2a	 x17:0x00000000 x16:0xfffffccd
      618499000	     30823	80005c2a	0001	c.addi	x0,0	  x0:0x00000000  x0=0x00000000
      618519000	     30824	80005c2c	e399	c.bnez	x15,80005c32	 x15:0x00000140
      618859000	     30841	80005c32	34007273	csrrci	x4,mscratch,0	  x4=0x00000000
      618879000	     30842	80005c36	0b08	c.addi4spn	x10,x2,400	 x10=0x00000270
      619819000	     30889	80005c38	02adf7b3	remu	x15,x27,x10	 x27:0x0000001d x10:0x00000270 x15=0x0000001d
      619839000	     30890	80005c3c	28e27f13	andi	x30,x4,654	  x4:0x00000000 x30=0x00000000
      619859000	     30891	80005c40	034b8eb3	mul	x29,x23,x20	 x23:0x00000001 x20:0x00000000 x29=0x00000000
      619959000	     30896	80005c44	34061773	csrrw	x14,mscratch,x12	 x12:0x80025ce4 x14=0x00000000
      620119000	     30904	80005c48	0169d593	srli	x11,x19,0x16	 x19:0x00000000 x11=0x00000000
      620139000	     30905	80005c4c	0a8c	c.addi4spn	x11,x2,336	 x11=0x00000230
      620159000	     30906	80005c4e	85d9	c.srai	x11,0x16	 x11:0x00000230 x11=0x00000000
      620179000	     30907	80005c50	0000100f	fence.i	
      621899000	     30993	80005c54	02284233	div	x4,x16,x2	 x16:0xfffffccd  x2:0x000000e0  x4=0xfffffffd
      621919000	     30994	80005c58	0b62	c.slli	x22,0x18	 x22:0xffffff82 x22=0x82000000
      621939000	     30995	80005c5a	00ab2fb3	slt	x31,x22,x10	 x22:0x82000000 x10:0x00000270 x31=0x00000001
      621959000	     30996	80005c5e	5dcc8393	addi	x7,x25,1500	 x25:0x00000000  x7=0x000005dc
      621999000	     30998	80005c62	03901a33	mulh	x20,x0,x25	  x0:0x00000000 x25:0x00000000 x20=0x00000000
      622019000	     30999	80005c66	03dd83b3	mul	x7,x27,x29	 x27:0x0000001d x29:0x00000000  x7=0x00000000
      622039000	     31000	80005c6a	0476d363	bge	x13,x7,80005cb0	 x13:0x7df5d000  x7:0x00000000
      622079000	     31002	80005cb0	cd81	c.beqz	x11,80005cc8	 x11:0x00000000
      622119000	     31004	80005cc8	e685	c.bnez	x13,80005cf0	 x13:0x7df5d000
      622359000	     31016	80005cf0	0a62	c.slli	x20,0x18	 x20:0x00000000 x20=0x00000000
      622579000	     31027	80005cf2	00916133	or	x2,x2,x9	  x2:0x000000e0  x9:0xfe000975  x2=0xfe0009f5
      622599000	     31028	80005cf6	037a	c.slli	x6,0x1e	  x6:0x00000012  x6=0x80000000
      622699000	     31033	80005cf8	340c6ef3	csrrsi	x29,mscratch,24	 x29=0x80025ce4
      622819000	     31039	80005cfc	00581463	bne	x16,x5,80005d04	 x16:0xfffffccd  x5:0xfe000974
      623299000	     31063	80005d04	0000100f	fence.i	
      623519000	     31074	80005d08	0278fe63	bgeu	x17,x7,80005d44	 x17:0x00000000  x7:0x00000000
      623819000	     31089	80005d44	0132b533	sltu	x10,x5,x19	  x5:0xfe000974 x19:0x00000000 x10=0x00000000
      624239000	     31110	80005d48	0ff0000f	fence	iorw,iorw	
      624419000	     31119	80005d4c	34002773	csrrs	x14,mscratch,x0	  x0:0x00000000 x14=0x80025cfc
      624439000	     31120	80005d50	075e	c.slli	x14,0x17	 x14:0x80025cfc x14=0x7e000000
      624519000	     31124	80005d52	07c1b213	sltiu	x4,x3,124	  x3:0x803ca521  x4=0x00000000
      624659000	     31131	80005d56	00da1c33	sll	x24,x20,x13	 x20:0x00000000 x13:0x7df5d000 x24=0x00000000
      624679000	     31132	80005d5a	0001	c.addi	x0,0	  x0:0x00000000  x0=0x00000000
      624719000	     31134	80005d5c	717d	c.addi16sp	x2,-16	  x2:0xfe0009f5  x2=0xfe0009e5
      624799000	     31138	80005d5e	02fc2a33	mulhsu	x20,x24,x15	 x24:0x00000000 x15:0x0000001d x20=0x00000000
      624819000	     31139	80005d62	00ec99b3	sll	x19,x25,x14	 x25:0x00000000 x14:0x7e000000 x19=0x00000000
      624839000	     31140	80005d66	8179	c.srli	x10,0x1e	 x10:0x00000000 x10=0x00000000
      624899000	     31143	80005d68	8189	c.srli	x11,0x2	 x11:0x00000000 x11=0x00000000
      624919000	     31144	80005d6a	00cbd463	bge	x23,x12,80005d72	 x23:0x00000001 x12:0x80025ce4
      626559000	     31226	80005d72	340d9173	csrrw	x2,mscratch,x27	 x27:0x0000001d  x2=0x80025cfc
      626979000	     31247	80005d76	021b80b3	mul	x1,x23,x1	 x23:0x00000001  x1:0x00000000  x1=0x00000000
      626999000	     31248	80005d7a	0107f663	bgeu	x15,x16,80005d86	 x15:0x0000001d x16:0xfffffccd
      627739000	     31285	80005d7e	0224e1b3	rem	x3,x9,x2	  x9:0xfe000975  x2:0x80025cfc  x3=0xfe000975
      627759000	     31286	80005d82	03258c63	beq	x11,x18,80005dba	 x11:0x00000000 x18:0x2a9c1e97
      627779000	     31287	80005d86	0000100f	fence.i	
      628359000	     31316	80005d8a	70e83e93	sltiu	x29,x16,1806	 x16:0xfffffccd x29=0x00000000
      628379000	     31317	80005d8e	000cda33	srl	x20,x25,x0	 x25:0x00000000  x0:0x00000000 x20=0x00000000
      628399000	     31318	80005d92	ceed4293	xori	x5,x26,-786	 x26:0x00000000  x5=0xfffffcee
      628459000	     31321	80005d96	00f04c33	xor	x24,x0,x15	  x0:0x00000000 x15:0x0000001d x24=0x0000001d
      628479000	     31322	80005d9a	9afd	c.andi	x13,-1	 x13:0x7df5d000 x13=0x7df5d000
      628859000	     31341	80005d9c	03f898b3	mulh	x17,x17,x31	 x17:0x00000000 x31:0x00000001 x17=0x00000000
      628879000	     31342	80005da0	8d51	c.or	x10,x12	 x10:0x00000000 x12:0x80025ce4 x10=0x80025ce4
      628899000	     31343	80005da2	cb85	c.beqz	x15,80005dd2	 x15:0x0000001d
      629119000	     31354	80005da4	86c6	c.mv	x13,x17	  x0:0x00000000 x17:0x00000000 x13=0x00000000
      629259000	     31361	80005da6	3407a873	csrrs	x16,mscratch,x15	 x15:0x0000001d x16=0x0000001d
      629439000	     31370	80005daa	00140d33	add	x26,x8,x1	  x8:0x80000000  x1:0x00000000 x26=0x80000000
      629459000	     31371	80005dae	00541fb3	sll	x31,x8,x5	  x8:0x80000000  x5:0xfffffcee x31=0x00000000
      629599000	     31378	80005db2	34069f73	csrrw	x30,mscratch,x13	 x13:0x00000000 x30=0x0000001d
      629619000	     31379	80005db6	03d11763	bne	x2,x29,80005de4	  x2:0x80025cfc x29:0x00000000
      629799000	     31388	80005de4	34061df3	csrrw	x27,mscratch,x12	 x12:0x80025ce4 x27=0x00000000
      629979000	     31397	80005de8	a7b76a93	ori	x21,x14,-1413	 x14:0x7e000000 x21=0xfffffa7b
      629999000	     31398	80005dec	6e7eb193	sltiu	x3,x29,1767	 x29:0x00000000  x3=0x00000001
      630139000	     31405	80005df0	eb11	c.bnez	x14,80005e04	 x14:0x7e000000
      631119000	     31454	80005e04	c719	c.beqz	x14,80005e12	 x14:0x7e000000
      631519000	     31474	80005e06	41988233	sub	x4,x17,x25	 x17:0x00000000 x25:0x00000000  x4=0x00000000
      631539000	     31475	80005e0a	8365	c.srli	x14,0x19	 x14:0x7e000000 x14=0x0000003f
      631559000	     31476	80005e0c	0008fa33	and	x20,x17,x0	 x17:0x00000000  x0:0x00000000 x20=0x00000000
      631719000	     31484	80005e10	6b21	c.lui	x22,0x8	 x22=0x00008000
      631759000	     31486	80005e12	032caab3	mulhsu	x21,x25,x18	 x25:0x00000000 x18:0x2a9c1e97 x21=0x00000000
      632159000	     31506	80005e16	01375663	bge	x14,x19,80005e22	 x14:0x0000003f x19:0x00000000
      632539000	     31525	80005e22	039b02b3	mul	x5,x22,x25	 x22:0x00008000 x25:0x00000000  x5=0x00000000
      632559000	     31526	80005e26	81fd	c.srli	x11,0x1f	 x11:0x00000000 x11=0x00000000
      632839000	     31540	80005e28	c299	c.beqz	x13,80005e2e	 x13:0x00000000
      641619000	     31979	80005e2e	340026f3	csrrs	x13,mscratch,x0	  x0:0x00000000 x13=0x80025ce4
      641639000	     31980	80005e32	0108	c.addi4spn	x10,x2,128	 x10=0x80025d7c
      641659000	     31981	80005e34	8d7d	c.and	x10,x15	 x10:0x80025d7c x15:0x0000001d x10=0x0000001c
      641859000	     31991	80005e36	dc5e0c93	addi	x25,x28,-571	 x28:0x80021e64 x25=0x80021c29
      641879000	     31992	80005e3a	01e913b3	sll	x7,x18,x30	 x18:0x2a9c1e97 x30:0x0000001d  x7=0xe0000000
      641939000	     31995	80005e3e	0143e833	or	x16,x7,x20	  x7:0xe0000000 x20:0x00000000 x16=0xe0000000
      642039000	     32000	80005e42	bfaa3093	sltiu	x1,x20,-1030	 x20:0x00000000  x1=0x00000001
      642379000	     32017	80005e46	5d66bd37	lui	x26,0x5d66b	 x26=0x5d66b000
      642539000	     32025	80005e4a	34006ef3	csrrsi	x29,mscratch,0	 x29=0x80025ce4
      642559000	     32026	80005e4e	4081	c.li	x1,0	  x1=0x00000000
      642699000	     32033	80005e50	855d	c.srai	x10,0x17	 x10:0x0000001c x10=0x00000000
      642859000	     32041	80005e52	3406a573	csrrs	x10,mscratch,x13	 x13:0x80025ce4 x10=0x80025ce4
      642879000	     32042	80005e56	5c7d	c.li	x24,-1	 x24=0xffffffff
      642899000	     32043	80005e58	34003ff3	csrrc	x31,mscratch,x0	  x0:0x00000000 x31=0x80025ce4
      642919000	     32044	80005e5c	8136	c.mv	x2,x13	  x0:0x00000000 x13:0x80025ce4  x2=0x80025ce4
      642939000	     32045	80005e5e	b7308693	addi	x13,x1,-1165	  x1:0x00000000 x13=0xfffffb73
      642959000	     32046	80005e62	6d89	c.lui	x27,0x2	 x27=0x00002000
      643019000	     32049	80005e64	811d	c.srli	x10,0x7	 x10:0x80025ce4 x10=0x010004b9
      643099000	     32053	80005e66	03c20cb3	mul	x25,x4,x28	  x4:0x00000000 x28:0x80021e64 x25=0x00000000
      643239000	     32060	80005e6a	011ae263	bltu	x21,x17,80005e6e	 x21:0x00000000 x17:0x00000000
      644119000	     32104	80005e6e	03f0f233	remu	x4,x1,x31	  x1:0x00000000 x31:0x80025ce4  x4=0x00000000
      644859000	     32141	80005e72	023558b3	divu	x17,x10,x3	 x10:0x010004b9  x3:0x00000001 x17=0x010004b9
      644879000	     32142	80005e76	9abc6a93	ori	x21,x24,-1621	 x24:0xffffffff x21=0xffffffff
      644899000	     32143	80005e7a	34002273	csrrs	x4,mscratch,x0	  x0:0x00000000  x4=0x80025ce4
      644919000	     32144	80005e7e	01bb63b3	or	x7,x22,x27	 x22:0x00008000 x27:0x00002000  x7=0x0000a000
      644939000	     32145	80005e82	896e	c.mv	x18,x27	  x0:0x00000000 x27:0x00002000 x18=0x00002000
      645679000	     32182	80005e84	02a65b33	divu	x22,x12,x10	 x12:0x80025ce4 x10:0x010004b9 x22=0x00000080
      645699000	     32183	80005e88	92ca	c.add	x5,x18	  x5:0x00000000 x18:0x00002000  x5=0x00002000
      645719000	     32184	80005e8a	01f805b3	add	x11,x16,x31	 x16:0xe0000000 x31:0x80025ce4 x11=0x60025ce4
      645759000	     32186	80005e8e	02b7b6b3	mulhu	x13,x15,x11	 x15:0x0000001d x11:0x60025ce4 x13=0x0000000a
      645779000	     32187	80005e92	6655ec13	ori	x24,x11,1637	 x11:0x60025ce4 x24=0x60025ee5
      645799000	     32188	80005e96	008da133	slt	x2,x27,x8	 x27:0x00002000  x8:0x80000000  x2=0x00000000
      645879000	     32192	80005e9a	f56dabb7	lui	x23,0xf56da	 x23=0xf56da000
      645899000	     32193	80005e9e	717d	c.addi16sp	x2,-16	  x2:0x00000000  x2=0xfffffff0
      645979000	     32197	80005ea0	340ff573	csrrci	x10,mscratch,31	 x10=0x80025ce4
      645999000	     32198	80005ea4	6d19	c.lui	x26,0x6	 x26=0x00006000
      646019000	     32199	80005ea6	6a65	c.lui	x20,0x19	 x20=0x00019000
      646039000	     32200	80005ea8	b9150f93	addi	x31,x10,-1135	 x10:0x80025ce4 x31=0x80025875
      646439000	     32220	80005eac	340a92f3	csrrw	x5,mscratch,x21	 x21:0xffffffff  x5=0x80025ce0
      646759000	     32236	80005eb0	03fa0c33	mul	x24,x20,x31	 x20:0x00019000 x31:0x80025875 x24=0xaa36d000
      646779000	     32237	80005eb4	018d86b3	add	x13,x27,x24	 x27:0x00002000 x24:0xaa36d000 x13=0xaa36f000
      646799000	     32238	80005eb8	3a432b97	auipc	x23,0x3a432	 x23=0xba437eb8
      647099000	     32253	80005ebc	01fd90b3	sll	x1,x27,x31	 x27:0x00002000 x31:0x80025875  x1=0x00000000
      647159000	     32256	80005ec0	40d4d5b3	sra	x11,x9,x13	  x9:0xfe000975 x13:0xaa36f000 x11=0xfe000975
      647179000	     32257	80005ec4	6339	c.lui	x6,0xe	  x6=0x0000e000
      647199000	     32258	80005ec6	8d99	c.sub	x11,x14	 x11:0xfe000975 x14:0x0000003f x11=0xfe000936
      647219000	     32259	80005ec8	030e1b63	bne	x28,x16,80005efe	 x28:0x80021e64 x16:0xe0000000
      647479000	     32272	80005efe	00f40563	beq	x8,x15,80005f08	  x8:0x80000000 x15:0x0000001d
      647619000	     32279	80005f02	412ddb93	srai	x23,x27,0x12	 x27:0x00002000 x23=0x00000000
      647639000	     32280	80005f06	8de9	c.and	x11,x10	 x11:0xfe000936 x10:0x80025ce4 x11=0x80000824
      647659000	     32281	80005f08	cacf56b7	lui	x13,0xcacf5	 x13=0xcacf5000
      647679000	     32282	80005f0c	340113f3	csrrw	x7,mscratch,x2	  x2:0xfffffff0  x7=0xffffffff
      647699000	     32283	80005f10	8319	c.srli	x14,0x6	 x14:0x0000003f x14=0x00000000
      647859000	     32291	80005f12	415ed233	sra	x4,x29,x21	 x29:0x80025ce4 x21:0xffffffff  x4=0xffffffff
      647879000	     32292	80005f16	afddc513	xori	x10,x27,-1283	 x27:0x00002000 x10=0xffffdafd
      647959000	     32296	80005f1a	020fc363	blt	x31,x0,80005f40	 x31:0x80025875  x0:0x00000000
      648319000	     32314	80005f40	017aea33	or	x20,x21,x23	 x21:0xffffffff x23:0x00000000 x20=0xffffffff
      648439000	     32320	80005f44	61b1	c.lui	x3,0xc	  x3=0x0000c000
      649179000	     32357	80005f46	03ebfeb3	remu	x29,x23,x30	 x23:0x00000000 x30:0x0000001d x29=0x00000000
      649199000	     32358	80005f4a	e08d	c.bnez	x9,80005f6c	  x9:0xfe000975
      649879000	     32392	80005f6c	86d5	c.srai	x13,0x15	 x13:0xcacf5000 x13=0xfffffe56
      649899000	     32393	80005f6e	6161	c.addi16sp	x2,80	  x2:0xfffffff0  x2=0x00000040
      650479000	     32422	80005f70	340af7f3	csrrci	x15,mscratch,21	 x15=0xfffffff0
      650499000	     32423	80005f74	e399	c.bnez	x15,80005f7a	 x15:0xfffffff0
      651519000	     32474	80005f7a	4153d3b3	sra	x7,x7,x21	  x7:0xffffffff x21:0xffffffff  x7=0xffffffff
      651779000	     32487	80005f7e	03439a33	mulh	x20,x7,x20	  x7:0xffffffff x20:0xffffffff x20=0x00000000
      652179000	     32507	80005f82	340b3af3	csrrc	x21,mscratch,x22	 x22:0x00000080 x21=0xffffffe0
      652199000	     32508	80005f86	8a89	c.andi	x13,2	 x13:0xfffffe56 x13=0x00000002
      652239000	     32510	80005f88	021429b3	mulhsu	x19,x8,x1	  x8:0x80000000  x1:0x00000000 x19=0x00000000
      652259000	     32511	80005f8c	340ce073	csrrsi	x0,mscratch,25	  x0=0x00000000
      652279000	     32512	80005f90	405780b3	sub	x1,x15,x5	 x15:0xfffffff0  x5:0x80025ce0  x1=0x7ffda310
      652299000	     32513	80005f94	340a9cf3	csrrw	x25,mscratch,x21	 x21:0xffffffe0 x25=0xffffff79
      652319000	     32514	80005f98	340aeb73	csrrsi	x22,mscratch,21	 x22=0xffffffe0
      652359000	     32516	80005f9c	009087b3	add	x15,x1,x9	  x1:0x7ffda310  x9:0xfe000975 x15=0x7dfdac85
      652379000	     32517	80005fa0	5c0b6d93	ori	x27,x22,1472	 x22:0xffffffe0 x27=0xffffffe0
      652399000	     32518	80005fa4	8fcd	c.or	x15,x11	 x15:0x7dfdac85 x11:0x80000824 x15=0xfdfdaca5
      652419000	     32519	80005fa6	82f5	c.srli	x13,0x1d	 x13:0x00000002 x13=0x00000000
      652499000	     32523	80005fa8	8c95	c.sub	x9,x13	  x9:0xfe000975 x13:0x00000000  x9=0xfe000975
      652519000	     32524	80005faa	406edf93	srai	x31,x29,0x6	 x29:0x00000000 x31=0x00000000
      652559000	     32526	80005fae	0334deb3	divu	x29,x9,x19	  x9:0xfe000975 x19:0x00000000 x29=0xffffffff
      652579000	     32527	80005fb2	82d1	c.srli	x13,0x14	 x13:0x00000000 x13=0x00000000
      652599000	     32528	80005fb4	007dfbb3	and	x23,x27,x7	 x27:0xffffffe0  x7:0xffffffff x23=0xffffffe0
      652619000	     32529	80005fb8	e58d	c.bnez	x11,80005fe2	 x11:0x80000824
      653379000	     32567	80005fe2	ed11	c.bnez	x10,80005ffe	 x10:0xffffdafd
      654779000	     32637	80005ffe	02929933	mulh	x18,x5,x9	  x5:0x80025ce0  x9:0xfe000975 x18=0x00fff68b
      654819000	     32639	80006002	02fbacb3	mulhsu	x25,x23,x15	 x23:0xffffffe0 x15:0xfdfdaca5 x25=0xffffffe0
      654839000	     32640	80006006	3408f3f3	csrrci	x7,mscratch,17	  x7=0xfffffff5
      655659000	     32681	8000600a	03c2df33	divu	x30,x5,x28	  x5:0x80025ce0 x28:0x80021e64 x30=0x00000001
      655679000	     32682	8000600e	714d62b7	lui	x5,0x714d6	  x5=0x714d6000
      655699000	     32683	80006012	00552fb3	slt	x31,x10,x5	 x10:0xffffdafd  x5:0x714d6000 x31=0x00000001
      655719000	     32684	80006016	01cc6eb3	or	x29,x24,x28	 x24:0xaa36d000 x28:0x80021e64 x29=0xaa36de64
      655739000	     32685	8000601a	40818c33	sub	x24,x3,x8	  x3:0x0000c000  x8:0x80000000 x24=0x8000c000
      655759000	     32686	8000601e	00e2cc63	blt	x5,x14,80006036	  x5:0x714d6000 x14:0x00000000
      655779000	     32687	80006022	248e0693	addi	x13,x28,584	 x28:0x80021e64 x13=0x800220ac
      655799000	     32688	80006026	eb15	c.bnez	x14,8000605a	 x14:0x00000000
      656219000	     32709	80006028	5ffd	c.li	x31,-1	 x31=0xffffffff
      656579000	     32727	8000602a	0339f333	remu	x6,x19,x19	 x19:0x00000000 x19:0x00000000  x6=0x00000000
      657319000	     32764	8000602e	036bc1b3	div	x3,x23,x22	 x23:0xffffffe0 x22:0xffffffe0  x3=0x00000001
      657339000	     32765	80006032	f7bf6f13	ori	x30,x30,-133	 x30:0x00000001 x30=0xffffff7b
      657359000	     32766	80006036	41225c13	srai	x24,x4,0x12	  x4:0xffffffff x24=0xffffffff
      657379000	     32767	8000603a	340aaff3	csrrs	x31,mscratch,x21	 x21:0xffffffe0 x31=0xffffffe4
      657399000	     32768	8000603e	001d1033	sll	x0,x26,x1	 x26:0x00006000  x1:0x7ffda310  x0=0x00000000
      657419000	     32769	80006042	b4ea7213	andi	x4,x20,-1202	 x20:0x00000000  x4=0x00000000
      657459000	     32771	80006046	00389933	sll	x18,x17,x3	 x17:0x010004b9  x3:0x00000001 x18=0x02000972
      657479000	     32772	8000604a	402e0bb3	sub	x23,x28,x2	 x28:0x80021e64  x2:0x00000040 x23=0x80021e24
      657539000	     32775	8000604e	340072f3	csrrci	x5,mscratch,0	  x5=0xffffffe4
      657759000	     32786	80006052	17234c13	xori	x24,x6,370	  x6:0x00000000 x24=0x00000172
      657779000	     32787	80006056	0001	c.addi	x0,0	  x0:0x00000000  x0=0x00000000
      657919000	     32794	80006058	8f89	c.sub	x15,x10	 x15:0xfdfdaca5 x10:0xffffdafd x15=0xfdfdd1a8
      657959000	     32796	8000605a	038c3f33	mulhu	x30,x24,x24	 x24:0x00000172 x24:0x00000172 x30=0x00000000
      657979000	     32797	8000605e	622d	c.lui	x4,0xb	  x4=0x0000b000
      657999000	     32798	80006060	34001373	csrrw	x6,mscratch,x0	  x0:0x00000000  x6=0xffffffe4
      658319000	     32814	80006064	01ffc563	blt	x31,x31,8000606e	 x31:0xffffffe4 x31:0xffffffe4
      658399000	     32818	80006068	0000100f	fence.i	
      658819000	     32839	8000606c	0001	c.addi	x0,0	  x0:0x00000000  x0=0x00000000
      658839000	     32840	8000606e	b8ef8813	addi	x16,x31,-1138	 x31:0xffffffe4 x16=0xfffffb72
      659699000	     32883	80006072	0254df33	divu	x30,x9,x5	  x9:0xfe000975  x5:0xffffffe4 x30=0x00000000
      659719000	     32884	80006076	0000100f	fence.i	
      659859000	     32891	8000607a	1b1c	c.addi4spn	x15,x2,432	 x15=0x000001f0
      659879000	     32892	8000607c	0001	c.addi	x0,0	  x0:0x00000000  x0=0x00000000
      660199000	     32908	8000607e	017b5e93	srli	x29,x22,0x17	 x22:0xffffffe0 x29=0x000001ff
      660219000	     32909	80006082	8575	c.srai	x10,0x1d	 x10:0xffffdafd x10=0xffffffff
      660579000	     32927	80006084	017fdd13	srli	x26,x31,0x17	 x31:0xffffffe4 x26=0x000001ff
      660659000	     32931	80006088	00a398b3	sll	x17,x7,x10	  x7:0xfffffff5 x10:0xffffffff x17=0x80000000
      660879000	     32942	8000608c	8be5	c.andi	x15,25	 x15:0x000001f0 x15=0x00000010
      660899000	     32943	8000608e	03538463	beq	x7,x21,800060b6	  x7:0xfffffff5 x21:0xffffffe0
      660919000	     32944	80006092	4b95	c.li	x23,5	 x23=0x00000005
      660939000	     32945	80006094	02681d63	bne	x16,x6,800060ce	 x16:0xfffffb72  x6:0xffffffe4
      661479000	     32972	800060ce	0ba9	c.addi	x23,10	 x23:0x00000005 x23=0x0000000f
      661659000	     32981	800060d0	005d17b3	sll	x15,x26,x5	 x26:0x000001ff  x5:0xffffffe4 x15=0x00001ff0
      661819000	     32989	800060d4	340e1df3	csrrw	x27,mscratch,x28	 x28:0x80021e64 x27=0x00000000
      661839000	     32990	800060d8	f37d0d13	addi	x26,x26,-201	 x26:0x000001ff x26=0x00000136
      661939000	     32995	800060dc	4751	c.li	x14,20	 x14=0x00000014
      662359000	     33016	800060de	340e3973	csrrc	x18,mscratch,x28	 x28:0x80021e64 x18=0x80021e64
      663179000	     33057	800060e2	0328f2b3	remu	x5,x17,x18	 x17:0x80000000 x18:0x80021e64  x5=0x80000000
      663199000	     33058	800060e6	0000100f	fence.i	
      663479000	     33072	800060ea	cb2f3f13	sltiu	x30,x30,-846	 x30:0x00000000 x30=0x00000001
      663499000	     33073	800060ee	6bf5	c.lui	x23,0x1d	 x23=0x0001d000
      663899000	     33093	800060f0	340e5873	csrrwi	x16,mscratch,28	 x16=0x00000000
      663919000	     33094	800060f4	00871663	bne	x14,x8,80006100	 x14:0x00000014  x8:0x80000000
      665239000	     33160	80006100	02b04d33	div	x26,x0,x11	  x0:0x00000000 x11:0x80000824 x26=0x00000000
      665259000	     33161	80006104	0001	c.addi	x0,0	  x0:0x00000000  x0=0x00000000
      665279000	     33162	80006106	0137b033	sltu	x0,x15,x19	 x15:0x00001ff0 x19:0x00000000  x0=0x00000000
      665299000	     33163	8000610a	e19d	c.bnez	x11,80006130	 x11:0x80000824
      665439000	     33170	80006130	8d31	c.xor	x10,x12	 x10:0xffffffff x12:0x80025ce4 x10=0x7ffda31b
      665459000	     33171	80006132	c599	c.beqz	x11,80006140	 x11:0x80000824
      665659000	     33181	80006134	828d	c.srli	x13,0x3	 x13:0x800220ac x13=0x10004415
      665679000	     33182	80006136	0001	c.addi	x0,0	  x0:0x00000000  x0=0x00000000
      665719000	     33184	80006138	02d41733	mulh	x14,x8,x13	  x8:0x80000000 x13:0x10004415 x14=0xf7ffddf5
      665739000	     33185	8000613c	01c872b3	and	x5,x16,x28	 x16:0x00000000 x28:0x80021e64  x5=0x00000000
      665799000	     33188	80006140	340a9df3	csrrw	x27,mscratch,x21	 x21:0xffffffe0 x27=0x0000001c
      665819000	     33189	80006144	01f5e0b3	or	x1,x11,x31	 x11:0x80000824 x31:0xffffffe4  x1=0xffffffe4
      666239000	     33210	80006148	9ec6	c.add	x29,x17	 x29:0x000001ff x17:0x80000000 x29=0x800001ff
      666299000	     33213	8000614a	010d6cb3	or	x25,x26,x16	 x26:0x00000000 x16:0x00000000 x25=0x00000000
      666719000	     33234	8000614e	01f7b0b3	sltu	x1,x15,x31	 x15:0x00001ff0 x31:0xffffffe4  x1=0x00000001
      666839000	     33240	80006152	34005873	csrrwi	x16,mscratch,0	 x16=0xffffffe0
      667119000	     33254	80006156	ba050293	addi	x5,x10,-1120	 x10:0x7ffda31b  x5=0x7ffd9ebb
      667539000	     33275	8000615a	001a8233	add	x4,x21,x1	 x21:0xffffffe0  x1:0x00000001  x4=0xffffffe1
      667559000	     33276	8000615e	e085	c.bnez	x9,8000617e	  x9:0xfe000975
      668399000	     33318	8000617e	03464933	div	x18,x12,x20	 x12:0x80025ce4 x20:0x00000000 x18=0xffffffff
      668599000	     33328	80006182	0392db63	bge	x5,x25,800061b8	  x5:0x7ffd9ebb x25:0x00000000
      668879000	     33342	800061b8	00bcf833	and	x16,x25,x11	 x25:0x00000000 x11:0x80000824 x16=0x00000000
      668899000	     33343	800061bc	19210893	addi	x17,x2,402	  x2:0x00000040 x17=0x000001d2
      669059000	     33351	800061c0	027798b3	mulh	x17,x15,x7	 x15:0x00001ff0  x7:0xfffffff5 x17=0xffffffff
      669219000	     33359	800061c4	1efd	c.addi	x29,-1	 x29:0x800001ff x29=0x800001fe
      669639000	     33380	800061c6	340ca273	csrrs	x4,mscratch,x25	 x25:0x00000000  x4=0x00000000
      669659000	     33381	800061ca	410d5d33	sra	x26,x26,x16	 x26:0x00000000 x16:0x00000000 x26=0x00000000
      669679000	     33382	800061ce	0be6	c.slli	x23,0x19	 x23:0x0001d000 x23=0x00000000
      669719000	     33384	800061d0	034f6db3	rem	x27,x30,x20	 x30:0x00000001 x20:0x00000000 x27=0x00000001
      669739000	     33385	800061d4	2951f193	andi	x3,x3,661	  x3:0x00000001  x3=0x00000001
      669759000	     33386	800061d8	ba6ca993	slti	x19,x25,-1114	 x25:0x00000000 x19=0x00000000
      669779000	     33387	800061dc	40225793	srai	x15,x4,0x2	  x4:0x00000000 x15=0x00000000
      670139000	     33405	800061e0	40118b33	sub	x22,x3,x1	  x3:0x00000001  x1:0x00000001 x22=0x00000000
      670339000	     33415	800061e4	41b183b3	sub	x7,x3,x27	  x3:0x00000001 x27:0x00000001  x7=0x00000000
      670399000	     33418	800061e8	cae0c393	xori	x7,x1,-850	  x1:0x00000001  x7=0xfffffcaf
      670819000	     33439	800061ec	01c91113	slli	x2,x18,0x1c	 x18:0xffffffff  x2=0xf0000000
      671019000	     33449	800061f0	5c584397	auipc	x7,0x5c584	  x7=0xdc58a1f0
      671039000	     33450	800061f4	02b5f263	bgeu	x11,x11,80006218	 x11:0x80000824 x11:0x80000824
      671699000	     33483	80006218	03b329b3	mulhsu	x19,x6,x27	  x6:0xffffffe4 x27:0x00000001 x19=0xffffffff
      672099000	     33503	8000621c	0001	c.addi	x0,0	  x0:0x00000000  x0=0x00000000
      672219000	     33509	8000621e	01d5bdb3	sltu	x27,x11,x29	 x11:0x80000824 x29:0x800001fe x27=0x00000000
      672239000	     33510	80006222	00c8c7b3	xor	x15,x17,x12	 x17:0xffffffff x12:0x80025ce4 x15=0x7ffda31b
      672279000	     33512	80006226	02f22333	mulhsu	x6,x4,x15	  x4:0x00000000 x15:0x7ffda31b  x6=0x00000000
      672299000	     33513	8000622a	f9edea93	ori	x21,x27,-98	 x27:0x00000000 x21=0xffffff9e
      672319000	     33514	8000622e	0fca	c.slli	x31,0x12	 x31:0xffffffe4 x31=0xff900000
      672339000	     33515	80006230	00458db3	add	x27,x11,x4	 x11:0x80000824  x4:0x00000000 x27=0x80000824
      672359000	     33516	80006234	0001	c.addi	x0,0	  x0:0x00000000  x0=0x00000000
      672419000	     33519	80006236	34056273	csrrsi	x4,mscratch,10	  x4=0x00000000
      672499000	     33523	8000623a	00a2bfb3	sltu	x31,x5,x10	  x5:0x7ffd9ebb x10:0x7ffda31b x31=0x00000001
      672519000	     33524	8000623e	404d03b3	sub	x7,x26,x4	 x26:0x00000000  x4:0x00000000  x7=0x00000000
      672579000	     33527	80006242	031029b3	mulhsu	x19,x0,x17	  x0:0x00000000 x17:0xffffffff x19=0x00000000
      672779000	     33537	80006246	01f92ab3	slt	x21,x18,x31	 x18:0xffffffff x31:0x00000001 x21=0x00000001
      672959000	     33546	8000624a	340f1373	csrrw	x6,mscratch,x30	 x30:0x00000001  x6=0x0000000a
      673139000	     33555	8000624e	00776463	bltu	x14,x7,80006256	 x14:0xf7ffddf5  x7:0x00000000
      673159000	     33556	80006252	00486263	bltu	x16,x4,80006256	 x16:0x00000000  x4:0x00000000
      673179000	     33557	80006256	6155	c.addi16sp	x2,304	  x2:0xf0000000  x2=0xf0000130
      673279000	     33562	80006258	8d29	c.xor	x10,x10	 x10:0x7ffda31b x10:0x7ffda31b x10=0x00000000
      673299000	     33563	8000625a	1f9c	c.addi4spn	x15,x2,1008	 x15=0xf0000520
      673359000	     33566	8000625c	90818a93	addi	x21,x3,-1784	  x3:0x00000001 x21=0xfffff909
      674099000	     33603	80006260	02facd33	div	x26,x21,x15	 x21:0xfffff909 x15:0xf0000520 x26=0x00000000
      674119000	     33604	80006264	34003973	csrrc	x18,mscratch,x0	  x0:0x00000000 x18=0x00000001
      674139000	     33605	80006268	0000100f	fence.i	
      674219000	     33609	8000626c	5cfd	c.li	x25,-1	 x25=0xffffffff
      674239000	     33610	8000626e	98fd	c.andi	x9,-1	  x9:0xfe000975  x9=0xfe000975
      674259000	     33611	80006270	0000100f	fence.i	
      686619000	     34229	80006274	020050b3	divu	x1,x0,x0	  x0:0x00000000  x0:0x00000000  x1=0xffffffff
      686659000	     34231	80006278	0348c3b3	div	x7,x17,x20	 x17:0xffffffff x20:0x00000000  x7=0xffffffff
      686679000	     34232	8000627c	857e	c.mv	x10,x31	  x0:0x00000000 x31:0x00000001 x10=0x00000001
      687419000	     34269	8000627e	02e9db33	divu	x22,x19,x14	 x19:0x00000000 x14:0xf7ffddf5 x22=0x00000000
      687459000	     34271	80006282	03a743b3	div	x7,x14,x26	 x14:0xf7ffddf5 x26:0x00000000  x7=0xffffffff
      687499000	     34273	80006286	03e9b9b3	mulhu	x19,x19,x30	 x19:0x00000000 x30:0x00000001 x19=0x00000000
      687519000	     34274	8000628a	8e89	c.sub	x13,x10	 x13:0x10004415 x10:0x00000001 x13=0x10004414
      687539000	     34275	8000628c	34006973	csrrsi	x18,mscratch,0	 x18=0x00000001
      687559000	     34276	80006290	0001	c.addi	x0,0	  x0:0x00000000  x0=0x00000000
      687579000	     34277	80006292	19fd	c.addi	x19,-1	 x19:0x00000000 x19=0xffffffff
      687599000	     34278	80006294	8fdd	c.or	x15,x15	 x15:0xf0000520 x15:0xf0000520 x15=0xf0000520
      687619000	     34279	80006296	01a09db3	sll	x27,x1,x26	  x1:0xffffffff x26:0x00000000 x27=0xffffffff
      687639000	     34280	8000629a	006a16b3	sll	x13,x20,x6	 x20:0x00000000  x6:0x0000000a x13=0x00000000
      687659000	     34281	8000629e	723a2c13	slti	x24,x20,1827	 x20:0x00000000 x24=0x00000001
      687679000	     34282	800062a2	84b5	c.srai	x9,0xd	  x9:0xfe000975  x9=0xfffff000
      687699000	     34283	800062a4	e537b713	sltiu	x14,x15,-429	 x15:0xf0000520 x14=0x00000001
      687719000	     34284	800062a8	01462333	slt	x6,x12,x20	 x12:0x80025ce4 x20:0x00000000  x6=0x00000001
      687739000	     34285	800062ac	9762	c.add	x14,x24	 x14:0x00000001 x24:0x00000001 x14=0x00000002
      687919000	     34294	800062ae	34016c73	csrrsi	x24,mscratch,2	 x24=0x00000001
      687939000	     34295	800062b2	1518	c.addi4spn	x14,x2,672	 x14=0xf00003d0
      687959000	     34296	800062b4	9a63ba13	sltiu	x20,x7,-1626	  x7:0xffffffff x20=0x00000000
      688159000	     34306	800062b8	001c3fb3	sltu	x31,x24,x1	 x24:0x00000001  x1:0xffffffff x31=0x00000001
      688179000	     34307	800062bc	02bff663	bgeu	x31,x11,800062e8	 x31:0x00000001 x11:0x80000824
      688199000	     34308	800062c0	340036f3	csrrc	x13,mscratch,x0	  x0:0x00000000 x13=0x00000003
      688379000	     34317	800062c4	01a769b3	or	x19,x14,x26	 x14:0xf00003d0 x26:0x00000000 x19=0xf00003d0
      688459000	     34321	800062c8	a2510693	addi	x13,x2,-1499	  x2:0xf0000130 x13=0xeffffb55
      688479000	     34322	800062cc	0c2d	c.addi	x24,11	 x24:0x00000001 x24=0x0000000c
      688499000	     34323	800062ce	6189	c.lui	x3,0x2	  x3=0x00002000
      688959000	     34346	800062d0	8de1	c.and	x11,x8	 x11:0x80000824  x8:0x80000000 x11=0x80000000
      688979000	     34347	800062d2	417a51b3	sra	x3,x20,x23	 x20:0x00000000 x23:0x00000000  x3=0x00000000
      689399000	     34368	800062d6	3401f7f3	csrrci	x15,mscratch,3	 x15=0x00000003
      689819000	     34389	800062da	01a06db3	or	x27,x0,x26	  x0:0x00000000 x26:0x00000000 x27=0x00000000
      690199000	     34408	800062de	033a0cb3	mul	x25,x20,x19	 x20:0x00000000 x19:0xf00003d0 x25=0x00000000
      690579000	     34427	800062e2	34002af3	csrrs	x21,mscratch,x0	  x0:0x00000000 x21=0x00000000
      690599000	     34428	800062e6	8311	c.srli	x14,0x4	 x14:0xf00003d0 x14=0x0f00003d
      690619000	     34429	800062e8	40498233	sub	x4,x19,x4	 x19:0xf00003d0  x4:0x00000000  x4=0xf00003d0
      690639000	     34430	800062ec	6ab1	c.lui	x21,0xc	 x21=0x0000c000
      690719000	     34434	800062ee	340f59f3	csrrwi	x19,mscratch,30	 x19=0x00000000
      690739000	     34435	800062f2	03998c33	mul	x24,x19,x25	 x19:0x00000000 x25:0x00000000 x24=0x00000000
      690919000	     34444	800062f6	00a55813	srli	x16,x10,0xa	 x10:0x00000001 x16=0x00000000
      691059000	     34451	800062fa	0000100f	fence.i	
      691759000	     34486	800062fe	009b8463	beq	x23,x9,80006306	 x23:0x00000000  x9:0xfffff000
      691779000	     34487	80006302	34007bf3	csrrci	x23,mscratch,0	 x23=0x0000001e
      691819000	     34489	80006306	f13df693	andi	x13,x27,-237	 x27:0x00000000 x13=0x00000000
      692259000	     34511	8000630a	03ed2cb3	mulhsu	x25,x26,x30	 x26:0x00000000 x30:0x00000001 x25=0x00000000
      692279000	     34512	8000630e	011f1bb3	sll	x23,x30,x17	 x30:0x00000001 x17:0xffffffff x23=0x80000000
      692439000	     34520	80006312	34086af3	csrrsi	x21,mscratch,16	 x21=0x0000001e
      692779000	     34537	80006316	05e94163	blt	x18,x30,80006358	 x18:0x00000001 x30:0x00000001
      692959000	     34546	8000631a	02c51133	mulh	x2,x10,x12	 x10:0x00000001 x12:0x80025ce4  x2=0xffffffff
      692979000	     34547	8000631e	0b31	c.addi	x22,12	 x22:0x00000000 x22=0x0000000c
      693179000	     34557	80006320	0037e963	bltu	x15,x3,80006332	 x15:0x00000003  x3:0x00000000
      693199000	     34558	80006324	9d0a	c.add	x26,x2	 x26:0x00000000  x2:0xffffffff x26=0xffffffff
      693219000	     34559	80006326	0ee6	c.slli	x29,0x19	 x29:0x800001fe x29=0xfc000000
      693599000	     34578	80006328	615d	c.addi16sp	x2,432	  x2:0xffffffff  x2=0x000001af
      693619000	     34579	8000632a	00ec1db3	sll	x27,x24,x14	 x24:0x00000000 x14:0x0f00003d x27=0x00000000
      693639000	     34580	8000632e	340d54f3	csrrwi	x9,mscratch,26	  x9=0x0000001e
      693659000	     34581	80006332	80c9	c.srli	x9,0x12	  x9:0x0000001e  x9=0x00000000
      693679000	     34582	80006334	717d	c.addi16sp	x2,-16	  x2:0x000001af  x2=0x0000019f
      693699000	     34583	80006336	34002773	csrrs	x14,mscratch,x0	  x0:0x00000000 x14=0x0000001a
      694439000	     34620	8000633a	024be933	rem	x18,x23,x4	 x23:0x80000000  x4:0xf00003d0 x18=0xffffe180
      694459000	     34621	8000633e	85b9	c.srai	x11,0xe	 x11:0x80000000 x11=0xfffe0000
      694479000	     34622	80006340	0ff0000f	fence	iorw,iorw	
      694499000	     34623	80006344	000de463	bltu	x27,x0,8000634c	 x27:0x00000000  x0:0x00000000
      694519000	     34624	80006348	0ff0000f	fence	iorw,iorw	
      694539000	     34625	8000634c	4160dc33	sra	x24,x1,x22	  x1:0xffffffff x22:0x0000000c x24=0xffffffff
      695279000	     34662	80006350	03eb5f33	divu	x30,x22,x30	 x22:0x0000000c x30:0x00000001 x30=0x0000000c
      695299000	     34663	80006354	01493233	sltu	x4,x18,x20	 x18:0xffffe180 x20:0x00000000  x4=0x00000000
      695319000	     34664	80006358	e5130b37	lui	x22,0xe5130	 x22=0xe5130000
      695339000	     34665	8000635c	8fe5	c.and	x15,x9	 x15:0x00000003  x9:0x00000000 x15=0x00000000
      695559000	     34676	8000635e	34006bf3	csrrsi	x23,mscratch,0	 x23=0x0000001a
      695579000	     34677	80006362	8fe9	c.and	x15,x10	 x15:0x00000000 x10:0x00000001 x15=0x00000000
      695599000	     34678	80006364	00d92b33	slt	x22,x18,x13	 x18:0xffffe180 x13:0x00000000 x22=0x00000001
      696339000	     34715	80006368	032166b3	rem	x13,x2,x18	  x2:0x0000019f x18:0xffffe180 x13=0x0000019f
      696379000	     34717	8000636c	037fafb3	mulhsu	x31,x31,x23	 x31:0x00000001 x23:0x0000001a x31=0x00000000
      696399000	     34718	80006370	3403a0f3	csrrs	x1,mscratch,x7	  x7:0xffffffff  x1=0x0000001a
      696419000	     34719	80006374	0001	c.addi	x0,0	  x0:0x00000000  x0=0x00000000
      696459000	     34721	80006376	0304dbb3	divu	x23,x9,x16	  x9:0x00000000 x16:0x00000000 x23=0xffffffff
      696479000	     34722	8000637a	0001	c.addi	x0,0	  x0:0x00000000  x0=0x00000000
      696499000	     34723	8000637c	24bc7137	lui	x2,0x24bc7	  x2=0x24bc7000
      696879000	     34742	80006380	8da5	c.xor	x11,x9	 x11:0xfffe0000  x9:0x00000000 x11=0xfffe0000
      696899000	     34743	80006382	9762	c.add	x14,x24	 x14:0x0000001a x24:0xffffffff x14=0x00000019
      696939000	     34745	80006384	00d84563	blt	x16,x13,8000638e	 x16:0x00000000 x13:0x0000019f
      697859000	     34791	8000638e	021e	c.slli	x4,0x7	  x4:0x00000000  x4=0x00000000
      698159000	     34806	80006390	8d99	c.sub	x11,x14	 x11:0xfffe0000 x14:0x00000019 x11=0xfffdffe7
      698579000	     34827	80006392	401fd913	srai	x18,x31,0x1	 x31:0x00000000 x18=0x00000000
      698599000	     34828	80006396	0716	c.slli	x14,0x5	 x14:0x00000019 x14=0x00000320
      698839000	     34840	80006398	00ae5793	srli	x15,x28,0xa	 x28:0x80021e64 x15=0x00200087
      698859000	     34841	8000639c	01193fb3	sltu	x31,x18,x17	 x18:0x00000000 x17:0xffffffff x31=0x00000001
      698899000	     34843	800063a0	0343d9b3	divu	x19,x7,x20	  x7:0xffffffff x20:0x00000000 x19=0xffffffff
      699119000	     34854	800063a4	4cfd	c.li	x25,31	 x25=0x0000001f
      699139000	     34855	800063a6	34059c73	csrrw	x24,mscratch,x11	 x11:0xfffdffe7 x24=0xffffffff
      699159000	     34856	800063aa	017bc033	xor	x0,x23,x23	 x23:0xffffffff x23:0xffffffff  x0=0x00000000
      699179000	     34857	800063ae	01805c63	bge	x0,x24,800063c6	  x0:0x00000000 x24:0xffffffff
      699999000	     34898	800063c6	8e95	c.sub	x13,x13	 x13:0x0000019f x13:0x0000019f x13=0x00000000
      700039000	     34900	800063c8	d8448d93	addi	x27,x9,-636	  x9:0x00000000 x27=0xfffffd84
      700219000	     34909	800063cc	0fe17813	andi	x16,x2,254	  x2:0x24bc7000 x16=0x00000000
      700639000	     34930	800063d0	03daf463	bgeu	x21,x29,800063f8	 x21:0x0000001e x29:0xfc000000
      700659000	     34931	800063d4	340c2273	csrrs	x4,mscratch,x24	 x24:0xffffffff  x4=0xfffdffe7
      700679000	     34932	800063d8	03c305b3	mul	x11,x6,x28	  x6:0x00000001 x28:0x80021e64 x11=0x80021e64
      701099000	     34953	800063dc	02233c33	mulhu	x24,x6,x2	  x6:0x00000001  x2:0x24bc7000 x24=0x00000000
      701839000	     34990	800063e0	021cc333	div	x6,x25,x1	 x25:0x0000001f  x1:0x0000001a  x6=0x00000001
      701859000	     34991	800063e4	117d	c.addi	x2,-1	  x2:0x24bc7000  x2=0x24bc6fff
      701879000	     34992	800063e6	34007073	csrrci	x0,mscratch,0	  x0=0x00000000
      701899000	     34993	800063ea	66b1	c.lui	x13,0xc	 x13=0x0000c000
      701919000	     34994	800063ec	01e458b3	srl	x17,x8,x30	  x8:0x80000000 x30:0x0000000c x17=0x00080000
      701939000	     34995	800063f0	01cac9b3	xor	x19,x21,x28	 x21:0x0000001e x28:0x80021e64 x19=0x80021e7a
      701959000	     34996	800063f4	0121fc33	and	x24,x3,x18	  x3:0x00000000 x18:0x00000000 x24=0x00000000
      701979000	     34997	800063f8	41085b93	srai	x23,x16,0x10	 x16:0x00000000 x23=0x00000000
      701999000	     34998	800063fc	8351	c.srli	x14,0x14	 x14:0x00000320 x14=0x00000000
      702399000	     35018	800063fe	cb9d2c13	slti	x24,x26,-839	 x26:0xffffffff x24=0x00000000
      702419000	     35019	80006402	055e6363	bltu	x28,x21,80006448	 x28:0x80021e64 x21:0x0000001e
      702439000	     35020	80006406	0174e563	bltu	x9,x23,80006410	  x9:0x00000000 x23:0x00000000
      702459000	     35021	8000640a	8131	c.srli	x10,0xc	 x10:0x00000001 x10=0x00000000
      702539000	     35025	8000640c	013b4c63	blt	x22,x19,80006424	 x22:0x00000001 x19:0x80021e7a
      702559000	     35026	80006410	8f39	c.xor	x14,x14	 x14:0x00000000 x14:0x00000000 x14=0x00000000
      702599000	     35028	80006412	02e1b233	mulhu	x4,x3,x14	  x3:0x00000000 x14:0x00000000  x4=0x00000000
      702679000	     35032	80006416	0116e9b3	or	x19,x13,x17	 x13:0x0000c000 x17:0x00080000 x19=0x0008c000
      702719000	     35034	8000641a	029471b3	remu	x3,x8,x9	  x8:0x80000000  x9:0x00000000  x3=0x80000000
      702739000	     35035	8000641e	8c89	c.sub	x9,x10	  x9:0x00000000 x10:0x00000000  x9=0x00000000
      702779000	     35037	80006420	02d72a33	mulhsu	x20,x14,x13	 x14:0x00000000 x13:0x0000c000 x20=0x00000000
      702799000	     35038	80006424	0132cb33	xor	x22,x5,x19	  x5:0x7ffd9ebb x19:0x0008c000 x22=0x7ff55ebb
      702959000	     35046	80006428	0030e363	bltu	x1,x3,8000642e	  x1:0x0000001a  x3:0x80000000
      703799000	     35088	8000642e	340a6a73	csrrsi	x20,mscratch,20	 x20=0xffffffff
      703819000	     35089	80006432	0001	c.addi	x0,0	  x0:0x00000000  x0=0x00000000
      703879000	     35092	80006434	7b332b13	slti	x22,x6,1971	  x6:0x00000001 x22=0x00000001
      704619000	     35129	80006438	0358fa33	remu	x20,x17,x21	 x17:0x00080000 x21:0x0000001e x20=0x00000008
      704639000	     35130	8000643c	340679f3	csrrci	x19,mscratch,12	 x19=0xffffffff
      704659000	     35131	80006440	7496e993	ori	x19,x13,1865	 x13:0x0000c000 x19=0x0000c749
      704679000	     35132	80006444	0276d063	bge	x13,x7,80006464	 x13:0x0000c000  x7:0xffffffff
      705039000	     35150	80006464	41a00333	sub	x6,x0,x26	  x0:0x00000000 x26:0xffffffff  x6=0x00000001
      705139000	     35155	80006468	0d98	c.addi4spn	x14,x2,720	 x14=0x24bc72cf
      705159000	     35156	8000646a	4c7d	c.li	x24,31	 x24=0x0000001f
      705319000	     35164	8000646c	82b5	c.srli	x13,0xd	 x13:0x0000c000 x13=0x00000006
      705359000	     35166	8000646e	02e9b533	mulhu	x10,x19,x14	 x19:0x0000c749 x14:0x24bc72cf x10=0x00001c98
      705759000	     35186	80006472	340d30f3	csrrc	x1,mscratch,x26	 x26:0xffffffff  x1=0xfffffff3
      705779000	     35187	80006476	69032213	slti	x4,x6,1680	  x6:0x00000001  x4=0x00000001
      705799000	     35188	8000647a	026bd363	bge	x23,x6,800064a0	 x23:0x00000000  x6:0x00000001
      705819000	     35189	8000647e	1d84	c.addi4spn	x9,x2,752	  x9=0x24bc72ef
      705839000	     35190	80006480	06de	c.slli	x13,0x17	 x13:0x00000006 x13=0x03000000
      705859000	     35191	80006482	8c85	c.sub	x9,x9	  x9:0x24bc72ef  x9:0x24bc72ef  x9=0x00000000
      705879000	     35192	80006484	01c35c33	srl	x24,x6,x28	  x6:0x00000001 x28:0x80021e64 x24=0x00000000
      706299000	     35213	80006488	34006773	csrrsi	x14,mscratch,0	 x14=0x00000000
      707039000	     35250	8000648c	02b75533	divu	x10,x14,x11	 x14:0x00000000 x11:0x80021e64 x10=0x00000000
      707059000	     35251	80006490	0134e033	or	x0,x9,x19	  x9:0x00000000 x19:0x0000c749  x0=0x00000000
      707079000	     35252	80006494	02710233	mul	x4,x2,x7	  x2:0x24bc6fff  x7:0xffffffff  x4=0xdb439001
      707119000	     35254	80006498	030e5db3	divu	x27,x28,x16	 x28:0x80021e64 x16:0x00000000 x27=0xffffffff
      707139000	     35255	8000649c	02287e63	bgeu	x16,x2,800064d8	 x16:0x00000000  x2:0x24bc6fff
      707159000	     35256	800064a0	039f8463	beq	x31,x25,800064c8	 x31:0x00000001 x25:0x0000001f
      707219000	     35259	800064a4	02430033	mul	x0,x6,x4	  x6:0x00000001  x4:0xdb439001  x0=0x00000000
      707319000	     35264	800064a8	00896263	bltu	x18,x8,800064ac	 x18:0x00000000  x8:0x80000000
      707899000	     35293	800064ac	8fdd	c.or	x15,x15	 x15:0x00200087 x15:0x00200087 x15=0x00200087
      708259000	     35311	800064ae	290dff37	lui	x30,0x290df	 x30=0x290df000
      708279000	     35312	800064b2	8f35	c.xor	x14,x13	 x14:0x00000000 x13:0x03000000 x14=0x03000000
      708299000	     35313	800064b4	8ce1	c.and	x9,x8	  x9:0x00000000  x8:0x80000000  x9=0x00000000
      708319000	     35314	800064b6	033cdd63	bge	x25,x19,800064f0	 x25:0x0000001f x19:0x0000c749
      708419000	     35319	800064ba	40c90f33	sub	x30,x18,x12	 x18:0x00000000 x12:0x80025ce4 x30=0x7ffda31c
      708479000	     35322	800064be	340f21f3	csrrs	x3,mscratch,x30	 x30:0x7ffda31c  x3=0x00000000
      708719000	     35334	800064c2	04db0363	beq	x22,x13,80006508	 x22:0x00000001 x13:0x03000000
      708739000	     35335	800064c6	c781	c.beqz	x15,800064ce	 x15:0x00200087
      709059000	     35351	800064c8	98fd	c.andi	x9,-1	  x9:0x00000000  x9=0x00000000
      709279000	     35362	800064ca	419ad3b3	sra	x7,x21,x25	 x21:0x0000001e x25:0x0000001f  x7=0x00000000
      709299000	     35363	800064ce	ce89	c.beqz	x13,800064e8	 x13:0x03000000
      709319000	     35364	800064d0	799abb93	sltiu	x23,x21,1945	 x21:0x0000001e x23=0x00000001
      709359000	     35366	800064d4	036c98b3	mulh	x17,x25,x22	 x25:0x0000001f x22:0x00000001 x17=0x00000000
      709739000	     35385	800064d8	340897f3	csrrw	x15,mscratch,x17	 x17:0x00000000 x15=0x7ffda31c
      710159000	     35406	800064dc	02964163	blt	x12,x9,800064fe	 x12:0x80025ce4  x9:0x00000000
      710439000	     35420	800064fe	8575	c.srai	x10,0x1d	 x10:0x00000000 x10=0x00000000
      710659000	     35431	80006500	5a0893b7	lui	x7,0x5a089	  x7=0x5a089000
      711559000	     35476	80006504	03d24733	div	x14,x4,x29	  x4:0xdb439001 x29:0xfc000000 x14=0x00000009
      711579000	     35477	80006508	3404dc73	csrrwi	x24,mscratch,9	 x24=0x00000000
      712319000	     35514	8000650c	02cd5eb3	divu	x29,x26,x12	 x26:0xffffffff x12:0x80025ce4 x29=0x00000001
      712339000	     35515	80006510	01c4dfb3	srl	x31,x9,x28	  x9:0x00000000 x28:0x80021e64 x31=0x00000000
      712359000	     35516	80006514	340f6ef3	csrrsi	x29,mscratch,30	 x29=0x00000009
      712379000	     35517	80006518	8ee5	c.and	x13,x9	 x13:0x03000000  x9:0x00000000 x13=0x00000000
      712399000	     35518	8000651a	80058813	addi	x16,x11,-2048	 x11:0x80021e64 x16=0x80021664
      712439000	     35520	8000651e	0340bb33	mulhu	x22,x1,x20	  x1:0xfffffff3 x20:0x00000008 x22=0x00000007
      712459000	     35521	80006522	01cffab3	and	x21,x31,x28	 x31:0x00000000 x28:0x80021e64 x21=0x00000000
      712479000	     35522	80006526	00ffc6b3	xor	x13,x31,x15	 x31:0x00000000 x15:0x7ffda31c x13=0x7ffda31c
      712819000	     35539	8000652a	8a76ec97	auipc	x25,0x8a76e	 x25=0x0a77452a
      712839000	     35540	8000652e	2ec48913	addi	x18,x9,748	  x9:0x00000000 x18=0x000002ec
      712939000	     35545	80006532	02e71e63	bne	x14,x14,8000656e	 x14:0x00000009 x14:0x00000009
      712959000	     35546	80006536	06253713	sltiu	x14,x10,98	 x10:0x00000000 x14=0x00000001
      713379000	     35567	8000653a	58474593	xori	x11,x14,1412	 x14:0x00000001 x11=0x00000585
      713439000	     35570	8000653e	00695393	srli	x7,x18,0x6	 x18:0x000002ec  x7=0x0000000b
      713459000	     35571	80006542	ca8d	c.beqz	x13,80006574	 x13:0x7ffda31c
      713859000	     35591	80006544	0ff0000f	fence	iorw,iorw	
      713879000	     35592	80006548	011f1133	sll	x2,x30,x17	 x30:0x7ffda31c x17:0x00000000  x2=0x7ffda31c
      713899000	     35593	8000654c	01272733	slt	x14,x14,x18	 x14:0x00000001 x18:0x000002ec x14=0x00000001
      714039000	     35600	80006550	00808d33	add	x26,x1,x8	  x1:0xfffffff3  x8:0x80000000 x26=0x7ffffff3
      714059000	     35601	80006554	0001	c.addi	x0,0	  x0:0x00000000  x0=0x00000000
      714079000	     35602	80006556	8f85	c.sub	x15,x9	 x15:0x7ffda31c  x9:0x00000000 x15=0x7ffda31c
      714099000	     35603	80006558	02895363	bge	x18,x8,8000657e	 x18:0x000002ec  x8:0x80000000
      714679000	     35632	8000657e	95ae	c.add	x11,x11	 x11:0x00000585 x11:0x00000585 x11=0x00000b0a
      714999000	     35648	80006580	0359afb3	mulhsu	x31,x19,x21	 x19:0x0000c749 x21:0x00000000 x31=0x00000000
      715039000	     35650	80006584	00e08cb3	add	x25,x1,x14	  x1:0xfffffff3 x14:0x00000001 x25=0xfffffff4
      715059000	     35651	80006588	0001	c.addi	x0,0	  x0:0x00000000  x0=0x00000000
      715339000	     35665	8000658a	00a95813	srli	x16,x18,0xa	 x18:0x000002ec x16=0x00000000
      715359000	     35666	8000658e	0189	c.addi	x3,2	  x3:0x00000000  x3=0x00000002
      715439000	     35670	80006590	000c5863	bge	x24,x0,800065a0	 x24:0x00000000  x0:0x00000000
      715859000	     35691	800065a0	84b9	c.srai	x9,0xe	  x9:0x00000000  x9=0x00000000
      715879000	     35692	800065a2	4741	c.li	x14,16	 x14=0x00000010
      715899000	     35693	800065a4	34002af3	csrrs	x21,mscratch,x0	  x0:0x00000000 x21=0x0000001f
      716299000	     35713	800065a8	011bcb63	blt	x23,x17,800065be	 x23:0x00000001 x17:0x00000000
      716439000	     35720	800065ac	3407d973	csrrwi	x18,mscratch,15	 x18=0x0000001f
      716459000	     35721	800065b0	61156b13	ori	x22,x10,1553	 x10:0x00000000 x22=0x00000611
      716879000	     35742	800065b4	0001	c.addi	x0,0	  x0:0x00000000  x0=0x00000000
      716899000	     35743	800065b6	f605a213	slti	x4,x11,-160	 x11:0x00000b0a  x4=0x00000000
      717339000	     35765	800065ba	02cf9833	mulh	x16,x31,x12	 x31:0x00000000 x12:0x80025ce4 x16=0x00000000
      717359000	     35766	800065be	91ae	c.add	x3,x11	  x3:0x00000002 x11:0x00000b0a  x3=0x00000b0c
      717739000	     35785	800065c0	01150463	beq	x10,x17,800065c8	 x10:0x00000000 x17:0x00000000
      718179000	     35807	800065c8	0001	c.addi	x0,0	  x0:0x00000000  x0=0x00000000
      718479000	     35822	800065ca	01294463	blt	x18,x18,800065d2	 x18:0x0000001f x18:0x0000001f
      718499000	     35823	800065ce	008e5933	srl	x18,x28,x8	 x28:0x80021e64  x8:0x80000000 x18=0x80021e64
      718519000	     35824	800065d2	03c68733	mul	x14,x13,x28	 x13:0x7ffda31c x28:0x80021e64 x14=0xfe68fef0
      718539000	     35825	800065d6	0001	c.addi	x0,0	  x0:0x00000000  x0=0x00000000
      718559000	     35826	800065d8	340cdc73	csrrwi	x24,mscratch,25	 x24=0x0000000f
      718699000	     35833	800065dc	8351	c.srli	x14,0x14	 x14:0xfe68fef0 x14=0x00000fe6
      718719000	     35834	800065de	8d41	c.or	x10,x8	 x10:0x00000000  x8:0x80000000 x10=0x80000000
      718799000	     35838	800065e0	0a08	c.addi4spn	x10,x2,272	 x10=0x7ffda42c
      719619000	     35879	800065e2	033878b3	remu	x17,x16,x19	 x16:0x00000000 x19:0x0000c749 x17=0x00000000
      719639000	     35880	800065e6	020c0233	mul	x4,x24,x0	 x24:0x0000000f  x0:0x00000000  x4=0x00000000
      720379000	     35917	800065ea	02294333	div	x6,x18,x2	 x18:0x80021e64  x2:0x7ffda31c  x6=0xffffffff
      720419000	     35919	800065ee	03ed9b33	mulh	x22,x27,x30	 x27:0xffffffff x30:0x7ffda31c x22=0xffffffff
      720439000	     35920	800065f2	80fec113	xori	x2,x29,-2033	 x29:0x00000009  x2=0xfffff806
      720459000	     35921	800065f6	0ff0000f	fence	iorw,iorw	
      720479000	     35922	800065fa	00641733	sll	x14,x8,x6	  x8:0x80000000  x6:0xffffffff x14=0x00000000
      720499000	     35923	800065fe	6413a013	slti	x0,x7,1601	  x7:0x0000000b  x0=0x00000000
      720519000	     35924	80006602	03e20c33	mul	x24,x4,x30	  x4:0x00000000 x30:0x7ffda31c x24=0x00000000
      720879000	     35942	80006606	00fe1513	slli	x10,x28,0xf	 x28:0x80021e64 x10=0x0f320000
      720899000	     35943	8000660a	04490563	beq	x18,x4,80006654	 x18:0x80021e64  x4:0x00000000
      720919000	     35944	8000660e	0001	c.addi	x0,0	  x0:0x00000000  x0=0x00000000
      721319000	     35964	80006610	023e7663	bgeu	x28,x3,8000663c	 x28:0x80021e64  x3:0x00000b0c
      722059000	     36001	8000663c	0131dc63	bge	x3,x19,80006654	  x3:0x00000b0c x19:0x0000c749
      722259000	     36011	80006640	01690d33	add	x26,x18,x22	 x18:0x80021e64 x22:0xffffffff x26=0x80021e63
      722279000	     36012	80006644	904c8593	addi	x11,x25,-1788	 x25:0xfffffff4 x11=0xfffff8f8
      722299000	     36013	80006648	0001	c.addi	x0,0	  x0:0x00000000  x0=0x00000000
      722379000	     36017	8000664a	4c858113	addi	x2,x11,1224	 x11:0xfffff8f8  x2=0xfffffdc0
      723119000	     36054	8000664e	0370c5b3	div	x11,x1,x23	  x1:0xfffffff3 x23:0x00000001 x11=0xfffffff3
      723139000	     36055	80006652	633d	c.lui	x6,0xf	  x6=0x0000f000
      723159000	     36056	80006654	01e837b3	sltu	x15,x16,x30	 x16:0x00000000 x30:0x7ffda31c x15=0x00000001
      723899000	     36093	80006658	032b7eb3	remu	x29,x22,x18	 x22:0xffffffff x18:0x80021e64 x29=0x7ffde19b
      723919000	     36094	8000665c	828d	c.srli	x13,0x3	 x13:0x7ffda31c x13=0x0fffb463
      723959000	     36096	8000665e	030fdeb3	divu	x29,x31,x16	 x31:0x00000000 x16:0x00000000 x29=0xffffffff
      723979000	     36097	80006662	03cd0a33	mul	x20,x26,x28	 x26:0x80021e63 x28:0x80021e64 x20=0xfd2978ac
      723999000	     36098	80006666	197d	c.addi	x18,-1	 x18:0x80021e64 x18=0x80021e63
      724039000	     36100	80006668	028cb233	mulhu	x4,x25,x8	 x25:0xfffffff4  x8:0x80000000  x4=0x7ffffffa
      724059000	     36101	8000666c	01d26263	bltu	x4,x29,80006670	  x4:0x7ffffffa x29:0xffffffff
      724659000	     36131	80006670	03b65763	bge	x12,x27,8000669e	 x12:0x80025ce4 x27:0xffffffff
      725079000	     36152	80006674	005aed33	or	x26,x21,x5	 x21:0x0000001f  x5:0x7ffd9ebb x26=0x7ffd9ebf
      725499000	     36173	80006678	003c9f33	sll	x30,x25,x3	 x25:0xfffffff4  x3:0x00000b0c x30=0xffff4000
      725519000	     36174	8000667c	03e70cb3	mul	x25,x14,x30	 x14:0x00000000 x30:0xffff4000 x25=0x00000000
      725539000	     36175	80006680	340a37f3	csrrc	x15,mscratch,x20	 x20:0xfd2978ac x15=0x00000019
      725559000	     36176	80006684	01882c33	slt	x24,x16,x24	 x16:0x00000000 x24:0x00000000 x24=0x00000000
      725579000	     36177	80006688	34009573	csrrw	x10,mscratch,x1	  x1:0xfffffff3 x10=0x00000011
      747999000	     37298	8000668c	03a2c1b3	div	x3,x5,x26	  x5:0x7ffd9ebb x26:0x7ffd9ebf  x3=0x00000000
      748019000	     37299	80006690	9bfd	c.andi	x15,-1	 x15:0x00000019 x15=0x00000019
      748039000	     37300	80006692	00ac0eb3	add	x29,x24,x10	 x24:0x00000000 x10:0x00000011 x29=0x00000011
      748059000	     37301	80006696	697b3c93	sltiu	x25,x22,1687	 x22:0xffffffff x25=0x00000000
      748099000	     37303	8000669a	0303eab3	rem	x21,x7,x16	  x7:0x0000000b x16:0x00000000 x21=0x0000000b
      748119000	     37304	8000669e	6b18cf13	xori	x30,x17,1713	 x17:0x00000000 x30=0x000006b1
      748139000	     37305	800066a2	f97a7593	andi	x11,x20,-105	 x20:0xfd2978ac x11=0xfd297884
      749279000	     37362	800066a6	02635233	divu	x4,x6,x6	  x6:0x0000f000  x6:0x0000f000  x4=0x00000001
      749299000	     37363	800066aa	340817f3	csrrw	x15,mscratch,x16	 x16:0x00000000 x15=0xfffffff3
      749319000	     37364	800066ae	00e356b3	srl	x13,x6,x14	  x6:0x0000f000 x14:0x00000000 x13=0x0000f000
      749339000	     37365	800066b2	340026f3	csrrs	x13,mscratch,x0	  x0:0x00000000 x13=0x00000000
      749359000	     37366	800066b6	1118	c.addi4spn	x14,x2,160	 x14=0xfffffe60
      749379000	     37367	800066b8	41c2df33	sra	x30,x5,x28	  x5:0x7ffd9ebb x28:0x80021e64 x30=0x07ffd9eb
      749399000	     37368	800066bc	28437f93	andi	x31,x6,644	  x6:0x0000f000 x31=0x00000000
      749439000	     37370	800066c0	a0aba813	slti	x16,x23,-1526	 x23:0x00000001 x16=0x00000000
      750359000	     37416	800066c4	03b4f4b3	remu	x9,x9,x27	  x9:0x00000000 x27:0xffffffff  x9=0x00000000
      750379000	     37417	800066c8	093a	c.slli	x18,0xe	 x18:0x80021e63 x18=0x8798c000
      750399000	     37418	800066ca	012f8463	beq	x31,x18,800066d2	 x31:0x00000000 x18:0x8798c000
      750419000	     37419	800066ce	83a1	c.srli	x15,0x8	 x15:0xfffffff3 x15=0x00ffffff
      750439000	     37420	800066d0	8cf5	c.and	x9,x13	  x9:0x00000000 x13:0x00000000  x9=0x00000000
      750459000	     37421	800066d2	8792	c.mv	x15,x4	  x0:0x00000000  x4:0x00000001 x15=0x00000001
      750479000	     37422	800066d4	009ff7b3	and	x15,x31,x9	 x31:0x00000000  x9:0x00000000 x15=0x00000000
      750499000	     37423	800066d8	3408d873	csrrwi	x16,mscratch,17	 x16=0x00000000
      750679000	     37432	800066dc	46c5	c.li	x13,17	 x13=0x00000011
      750699000	     37433	800066de	0149d1b3	srl	x3,x19,x20	 x19:0x0000c749 x20:0xfd2978ac  x3=0x0000000c
      750719000	     37434	800066e2	f43ece93	xori	x29,x29,-189	 x29:0x00000011 x29=0xffffff52
      750739000	     37435	800066e6	85c9	c.srai	x11,0x12	 x11:0xfd297884 x11=0xffffff4a
      750759000	     37436	800066e8	8c89	c.sub	x9,x10	  x9:0x00000000 x10:0x00000011  x9=0xffffffef
      750779000	     37437	800066ea	8bd6	c.mv	x23,x21	  x0:0x00000000 x21:0x0000000b x23=0x0000000b
      751079000	     37452	800066ec	020c9463	bne	x25,x0,80006714	 x25:0x00000000  x0:0x00000000
      751099000	     37453	800066f0	02744e63	blt	x8,x7,8000672c	  x8:0x80000000  x7:0x0000000b
      752159000	     37506	8000672c	0ff0000f	fence	iorw,iorw	
      752279000	     37512	80006730	8f99	c.sub	x15,x14	 x15:0x00000000 x14:0xfffffe60 x15=0x000001a0
      752299000	     37513	80006732	8fb5	c.xor	x15,x13	 x15:0x000001a0 x13:0x00000011 x15=0x000001b1
      752319000	     37514	80006734	051fd563	bge	x31,x17,8000677e	 x31:0x00000000 x17:0x00000000
      753239000	     37560	8000677e	018352b3	srl	x5,x6,x24	  x6:0x0000f000 x24:0x00000000  x5=0x0000f000
      753479000	     37572	80006782	41c68c33	sub	x24,x13,x28	 x13:0x00000011 x28:0x80021e64 x24=0x7ffde1ad
      753499000	     37573	80006786	0a14	c.addi4spn	x13,x2,272	 x13=0xfffffed0
      753619000	     37579	80006788	0001	c.addi	x0,0	  x0:0x00000000  x0=0x00000000
      753639000	     37580	8000678a	340a7073	csrrci	x0,mscratch,20	  x0=0x00000000
      753659000	     37581	8000678e	8de1	c.and	x11,x8	 x11:0xffffff4a  x8:0x80000000 x11=0x80000000
      754059000	     37601	80006790	01a5d663	bge	x11,x26,8000679c	 x11:0x80000000 x26:0x7ffd9ebf
      754079000	     37602	80006794	018d7db3	and	x27,x26,x24	 x26:0x7ffd9ebf x24:0x7ffde1ad x27=0x7ffd80ad
      754099000	     37603	80006798	00064f33	xor	x30,x12,x0	 x12:0x80025ce4  x0:0x00000000 x30=0x80025ce4
      754479000	     37622	8000679c	c781	c.beqz	x15,800067a4	 x15:0x000001b1
      754499000	     37623	8000679e	0db6	c.slli	x27,0xd	 x27:0x7ffd80ad x27=0xb015a000
      754899000	     37643	800067a0	01e05d13	srli	x26,x0,0x1e	  x0:0x00000000 x26=0x00000000
      754919000	     37644	800067a4	0d84	c.addi4spn	x9,x2,720	  x9=0x00000090
      754939000	     37645	800067a6	340819f3	csrrw	x19,mscratch,x16	 x16:0x00000000 x19=0x00000001
      754959000	     37646	800067aa	00d0a5b3	slt	x11,x1,x13	  x1:0xfffffff3 x13:0xfffffed0 x11=0x00000000
      755319000	     37664	800067ae	025df963	bgeu	x27,x5,800067e0	 x27:0xb015a000  x5:0x0000f000
      756319000	     37714	800067e0	808e	c.mv	x1,x3	  x0:0x00000000  x3:0x0000000c  x1=0x0000000c
      756399000	     37718	800067e2	03c40563	beq	x8,x28,8000680c	  x8:0x80000000 x28:0x80021e64
      756819000	     37739	800067e6	cd4c2d93	slti	x27,x24,-812	 x24:0x7ffde1ad x27=0x00000000
      756839000	     37740	800067ea	0177e263	bltu	x15,x23,800067ee	 x15:0x000001b1 x23:0x0000000b
      756859000	     37741	800067ee	1694	c.addi4spn	x13,x2,864	 x13=0x00000120
      757039000	     37750	800067f0	02e77e63	bgeu	x14,x14,8000682c	 x14:0xfffffe60 x14:0xfffffe60
      757459000	     37771	8000682c	8cd5	c.or	x9,x13	  x9:0x00000090 x13:0x00000120  x9=0x000001b0
      757499000	     37773	8000682e	0161fa63	bgeu	x3,x22,80006842	  x3:0x0000000c x22:0xffffffff
      757519000	     37774	80006832	8ee9	c.and	x13,x10	 x13:0x00000120 x10:0x00000011 x13=0x00000000
      757539000	     37775	80006834	5b08cd93	xori	x27,x17,1456	 x17:0x00000000 x27=0x000005b0
      757559000	     37776	80006838	02dd7263	bgeu	x26,x13,8000685c	 x26:0x00000000 x13:0x00000000
      758219000	     37809	8000685c	411eddb3	sra	x27,x29,x17	 x29:0xffffff52 x17:0x00000000 x27=0xffffff52
      758259000	     37811	80006860	0d04	c.addi4spn	x9,x2,656	  x9=0x00000050
      758279000	     37812	80006862	80ad	c.srli	x9,0xb	  x9:0x00000050  x9=0x00000000
      758299000	     37813	80006864	404b5213	srai	x4,x22,0x4	 x22:0xffffffff  x4=0xffffffff
      759339000	     37865	80006868	027ceeb3	rem	x29,x25,x7	 x25:0x00000000  x7:0x0000000b x29=0x00000000
      759359000	     37866	8000686c	340029f3	csrrs	x19,mscratch,x0	  x0:0x00000000 x19=0x00000000
      759399000	     37868	80006870	03f71db3	mulh	x27,x14,x31	 x14:0xfffffe60 x31:0x00000000 x27=0x00000000
      759419000	     37869	80006874	8fc9	c.or	x15,x10	 x15:0x000001b1 x10:0x00000011 x15=0x000001b1
      759639000	     37880	80006876	039517b3	mulh	x15,x10,x25	 x10:0x00000011 x25:0x00000000 x15=0x00000000
      760019000	     37899	8000687a	013084b3	add	x9,x1,x19	  x1:0x0000000c x19:0x00000000  x9=0x0000000c
      760439000	     37920	8000687e	5f9c4913	xori	x18,x24,1529	 x24:0x7ffde1ad x18=0x7ffde454
      760739000	     37935	80006882	340853f3	csrrwi	x7,mscratch,16	  x7=0x00000000
      760799000	     37938	80006886	029b5263	bge	x22,x9,800068aa	 x22:0xffffffff  x9:0x0000000c
      760819000	     37939	8000688a	0001	c.addi	x0,0	  x0:0x00000000  x0=0x00000000
      760879000	     37942	8000688c	9b7d	c.andi	x14,-1	 x14:0xfffffe60 x14=0xfffffe60
      760899000	     37943	8000688e	01f522b3	slt	x5,x10,x31	 x10:0x00000011 x31:0x00000000  x5=0x00000000
      761319000	     37964	80006892	016c4033	xor	x0,x24,x22	 x24:0x7ffde1ad x22:0xffffffff  x0=0x00000000
      761339000	     37965	80006896	4f95	c.li	x31,5	 x31=0x00000005
      761359000	     37966	80006898	340b7873	csrrci	x16,mscratch,22	 x16=0x00000010
      761759000	     37986	8000689c	01e99ab3	sll	x21,x19,x30	 x19:0x00000000 x30:0x80025ce4 x21=0x00000000
      761779000	     37987	800068a0	d4837193	andi	x3,x6,-696	  x6:0x0000f000  x3=0x0000f000
      762679000	     38032	800068a4	02eedd33	divu	x26,x29,x14	 x29:0x00000000 x14:0xfffffe60 x26=0x00000000
      762699000	     38033	800068a8	4221	c.li	x4,8	  x4=0x00000008
      762719000	     38034	800068aa	00d05933	srl	x18,x0,x13	  x0:0x00000000 x13:0x00000000 x18=0x00000000
      762739000	     38035	800068ae	621dbc93	sltiu	x25,x27,1569	 x27:0x00000000 x25=0x00000001
      763479000	     38072	800068b2	037453b3	divu	x7,x8,x23	  x8:0x80000000 x23:0x0000000b  x7=0x0ba2e8ba
      763499000	     38073	800068b6	01a36463	bltu	x6,x26,800068be	  x6:0x0000f000 x26:0x00000000
      763519000	     38074	800068ba	41bf8db3	sub	x27,x31,x27	 x31:0x00000005 x27:0x00000000 x27=0x00000005
      763539000	     38075	800068be	8e9d	c.sub	x13,x15	 x13:0x00000000 x15:0x00000000 x13=0x00000000
      763559000	     38076	800068c0	e8a07c13	andi	x24,x0,-374	  x0:0x00000000 x24=0x00000000
      763579000	     38077	800068c4	0111c463	blt	x3,x17,800068cc	  x3:0x0000f000 x17:0x00000000
      763599000	     38078	800068c8	0157eb33	or	x22,x15,x21	 x15:0x00000000 x21:0x00000000 x22=0x00000000
      763619000	     38079	800068cc	6b486993	ori	x19,x16,1716	 x16:0x00000010 x19=0x000006b4
      763839000	     38090	800068d0	63d1	c.lui	x7,0x14	  x7=0x00014000
      763859000	     38091	800068d2	00441fb3	sll	x31,x8,x4	  x8:0x80000000  x4:0x00000008 x31=0x00000000
      763879000	     38092	800068d6	8cce	c.mv	x25,x19	  x0:0x00000000 x19:0x000006b4 x25=0x000006b4
      764139000	     38105	800068d8	02b23d33	mulhu	x26,x4,x11	  x4:0x00000008 x11:0x00000000 x26=0x00000000
      764259000	     38111	800068dc	03dd8463	beq	x27,x29,80006904	 x27:0x00000005 x29:0x00000000
      764279000	     38112	800068e0	01e61a93	slli	x21,x12,0x1e	 x12:0x80025ce4 x21=0x00000000
      764719000	     38134	800068e4	026e3133	mulhu	x2,x28,x6	 x28:0x80021e64  x6:0x0000f000  x2=0x00007801
      764739000	     38135	800068e8	4694cd13	xori	x26,x9,1129	  x9:0x0000000c x26=0x00000465
      764879000	     38142	800068ec	be7a7f13	andi	x30,x20,-1049	 x20:0xfd2978ac x30=0xfd2978a4
      764919000	     38144	800068f0	84e9	c.srai	x9,0x1a	  x9:0x0000000c  x9=0x00000000
      765039000	     38150	800068f2	008e9c13	slli	x24,x29,0x8	 x29:0x00000000 x24=0x00000000
      765059000	     38151	800068f6	c899	c.beqz	x9,8000690c	  x9:0x00000000
      766179000	     38207	8000690c	02b922b3	mulhsu	x5,x18,x11	 x18:0x00000000 x11:0x00000000  x5=0x00000000
      766699000	     38233	80006910	7fec4093	xori	x1,x24,2046	 x24:0x00000000  x1=0x000007fe
      766879000	     38242	80006914	0112	c.slli	x2,0x4	  x2:0x00007801  x2=0x00078010
      766899000	     38243	80006916	016ae233	or	x4,x21,x22	 x21:0x00000000 x22:0x00000000  x4=0x00000000
      766919000	     38244	8000691a	02bb5163	bge	x22,x11,8000693c	 x22:0x00000000 x11:0x00000000
      767439000	     38270	8000693c	3401ba73	csrrc	x20,mscratch,x3	  x3:0x0000f000 x20=0x00000000
      767619000	     38279	80006940	8165	c.srli	x10,0x19	 x10:0x00000011 x10=0x00000000
      767639000	     38280	80006942	003037b3	sltu	x15,x0,x3	  x0:0x00000000  x3:0x0000f000 x15=0x00000001
      767659000	     38281	80006946	e29d	c.bnez	x13,8000696c	 x13:0x00000000
      767679000	     38282	80006948	e98d	c.bnez	x11,8000697a	 x11:0x00000000
      767699000	     38283	8000694a	34007973	csrrci	x18,mscratch,0	 x18=0x00000000
      767739000	     38285	8000694e	8ab8e393	ori	x7,x17,-1877	 x17:0x00000000  x7=0xfffff8ab
      767759000	     38286	80006952	83b9	c.srli	x15,0xe	 x15:0x00000001 x15=0x00000000
      767779000	     38287	80006954	340332f3	csrrc	x5,mscratch,x6	  x6:0x0000f000  x5=0x00000000
      767799000	     38288	80006958	41c257b3	sra	x15,x4,x28	  x4:0x00000000 x28:0x80021e64 x15=0x00000000
      767839000	     38290	8000695c	02183f33	mulhu	x30,x16,x1	 x16:0x00000010  x1:0x000007fe x30=0x00000000
      768419000	     38319	80006960	03087263	bgeu	x16,x16,80006984	 x16:0x00000010 x16:0x00000010
      769239000	     38360	80006984	34002cf3	csrrs	x25,mscratch,x0	  x0:0x00000000 x25=0x00000000
      769539000	     38375	80006988	024de833	rem	x16,x27,x4	 x27:0x00000005  x4:0x00000000 x16=0x00000005
      769559000	     38376	8000698c	49dbcb13	xori	x22,x23,1181	 x23:0x0000000b x22=0x00000496
      769719000	     38384	80006990	01d2a5b3	slt	x11,x5,x29	  x5:0x00000000 x29:0x00000000 x11=0x00000000
      769999000	     38398	80006994	0000100f	fence.i	
      770479000	     38422	80006998	01006b63	bltu	x0,x16,800069ae	  x0:0x00000000 x16:0x00000005
      771139000	     38455	800069ae	639d	c.lui	x7,0x7	  x7=0x00007000
      771499000	     38473	800069b0	5ffd	c.li	x31,-1	 x31=0xffffffff
      771659000	     38481	800069b2	02ddbfb3	mulhu	x31,x27,x13	 x27:0x00000005 x13:0x00000000 x31=0x00000000
      771679000	     38482	800069b6	0001	c.addi	x0,0	  x0:0x00000000  x0=0x00000000
      771739000	     38485	800069b8	41a0d8b3	sra	x17,x1,x26	  x1:0x000007fe x26:0x00000465 x17=0x0000003f
      772099000	     38503	800069bc	0001	c.addi	x0,0	  x0:0x00000000  x0=0x00000000
      772119000	     38504	800069be	8d8d	c.sub	x11,x11	 x11:0x00000000 x11:0x00000000 x11=0x00000000
      772139000	     38505	800069c0	02f486b3	mul	x13,x9,x15	  x9:0x00000000 x15:0x00000000 x13=0x00000000
      772379000	     38517	800069c4	8cb1	c.xor	x9,x12	  x9:0x00000000 x12:0x80025ce4  x9=0x80025ce4
      772399000	     38518	800069c6	717d	c.addi16sp	x2,-16	  x2:0x00078010  x2=0x00078000
      772419000	     38519	800069c8	01a4c963	blt	x9,x26,800069da	  x9:0x80025ce4 x26:0x00000465
      773119000	     38554	800069da	4d277793	andi	x15,x14,1234	 x14:0xfffffe60 x15=0x00000440
      773319000	     38564	800069de	5155f913	andi	x18,x11,1301	 x11:0x00000000 x18=0x00000000
      773339000	     38565	800069e2	0001	c.addi	x0,0	  x0:0x00000000  x0=0x00000000
      773359000	     38566	800069e4	1f672b37	lui	x22,0x1f672	 x22=0x1f672000
      773459000	     38571	800069e8	03783fb3	mulhu	x31,x16,x23	 x16:0x00000005 x23:0x0000000b x31=0x00000000
      773599000	     38578	800069ec	0ff0000f	fence	iorw,iorw	
      773619000	     38579	800069f0	c31d	c.beqz	x14,80006a16	 x14:0xfffffe60
      774019000	     38599	800069f2	00cbd313	srli	x6,x23,0xc	 x23:0x0000000b  x6=0x00000000
      774039000	     38600	800069f6	0001	c.addi	x0,0	  x0:0x00000000  x0=0x00000000
      774079000	     38602	800069f8	034c3533	mulhu	x10,x24,x20	 x24:0x00000000 x20:0x00000000 x10=0x00000000
      774099000	     38603	800069fc	8de5	c.and	x11,x9	 x11:0x00000000  x9:0x80025ce4 x11=0x00000000
      774179000	     38607	800069fe	01635bb3	srl	x23,x6,x22	  x6:0x00000000 x22:0x1f672000 x23=0x00000000
      774199000	     38608	80006a02	1b7d	c.addi	x22,-1	 x22:0x1f672000 x22=0x1f671fff
      774599000	     38628	80006a04	01395013	srli	x0,x18,0x13	 x18:0x00000000  x0=0x00000000
      775039000	     38650	80006a08	020b3033	mulhu	x0,x22,x0	 x22:0x1f671fff  x0:0x00000000  x0=0x00000000
      775439000	     38670	80006a0c	01f81993	slli	x19,x16,0x1f	 x16:0x00000005 x19=0x80000000
      775459000	     38671	80006a10	0494	c.addi4spn	x13,x2,576	 x13=0x00078240
      775879000	     38692	80006a12	340072f3	csrrci	x5,mscratch,0	  x5=0x00000000
      775899000	     38693	80006a16	8785	c.srai	x15,0x1	 x15:0x00000440 x15=0x00000220
      776299000	     38713	80006a18	69bd	c.lui	x19,0xf	 x19=0x0000f000
      776319000	     38714	80006a1a	6a8d	c.lui	x21,0x3	 x21=0x00003000
      776339000	     38715	80006a1c	0000100f	fence.i	
      776679000	     38732	80006a20	3cbc3913	sltiu	x18,x24,971	 x24:0x00000000 x18=0x00000001
      776699000	     38733	80006a24	0efe	c.slli	x29,0x1f	 x29:0x00000000 x29=0x00000000
      776879000	     38742	80006a26	03a82833	mulhsu	x16,x16,x26	 x16:0x00000005 x26:0x00000465 x16=0x00000000
      777179000	     38757	80006a2a	5e557813	andi	x16,x10,1509	 x10:0x00000000 x16=0x00000000
      777199000	     38758	80006a2e	01bc1733	sll	x14,x24,x27	 x24:0x00000000 x27:0x00000005 x14=0x00000000
      777239000	     38760	80006a32	03e6feb3	remu	x29,x13,x30	 x13:0x00078240 x30:0x00000000 x29=0x00078240
      778119000	     38804	80006a36	032c7033	remu	x0,x24,x18	 x24:0x00000000 x18:0x00000001  x0=0x00000000
      778859000	     38841	80006a3a	02f17db3	remu	x27,x2,x15	  x2:0x00078000 x15:0x00000220 x27=0x00000120
      778879000	     38842	80006a3e	8fc5	c.or	x15,x9	 x15:0x00000220  x9:0x80025ce4 x15=0x80025ee4
      778899000	     38843	80006a40	007b4233	xor	x4,x22,x7	 x22:0x1f671fff  x7:0x00007000  x4=0x1f676fff
      778919000	     38844	80006a44	0e98ae93	slti	x29,x17,233	 x17:0x0000003f x29=0x00000001
      778939000	     38845	80006a48	0050e033	or	x0,x1,x5	  x1:0x000007fe  x5:0x00000000  x0=0x00000000
      778959000	     38846	80006a4c	01d03ab3	sltu	x21,x0,x29	  x0:0x00000000 x29:0x00000001 x21=0x00000001
      778979000	     38847	80006a50	01526c33	or	x24,x4,x21	  x4:0x1f676fff x21:0x00000001 x24=0x1f676fff
      778999000	     38848	80006a54	0000100f	fence.i	
      788299000	     39313	80006a58	01776bb3	or	x23,x14,x23	 x14:0x00000000 x23:0x00000000 x23=0x00000000
      788319000	     39314	80006a5c	0001	c.addi	x0,0	  x0:0x00000000  x0=0x00000000
      788679000	     39332	80006a5e	009b7563	bgeu	x22,x9,80006a68	 x22:0x1f671fff  x9:0x80025ce4
      788699000	     39333	80006a62	97c2	c.add	x15,x16	 x15:0x80025ee4 x16:0x00000000 x15=0x80025ee4
      788719000	     39334	80006a64	010cecb3	or	x25,x25,x16	 x25:0x00000000 x16:0x00000000 x25=0x00000000
      788739000	     39335	80006a68	9caa	c.add	x25,x10	 x25:0x00000000 x10:0x00000000 x25=0x00000000
      788859000	     39341	80006a6a	e2896a37	lui	x20,0xe2896	 x20=0xe2896000
      788879000	     39342	80006a6e	01bb9b63	bne	x23,x27,80006a84	 x23:0x00000000 x27:0x00000120
      789259000	     39361	80006a84	34003073	csrrc	x0,mscratch,x0	  x0:0x00000000  x0=0x00000000
      789399000	     39368	80006a88	0000100f	fence.i	
      790479000	     39422	80006a8c	418f56b3	sra	x13,x30,x24	 x30:0x00000000 x24:0x1f676fff x13=0x00000000
      790499000	     39423	80006a90	18fd	c.addi	x17,-1	 x17:0x0000003f x17=0x0000003e
      790519000	     39424	80006a92	0075af33	slt	x30,x11,x7	 x11:0x00000000  x7:0x00007000 x30=0x00000001
      790539000	     39425	80006a96	7191f113	andi	x2,x3,1817	  x3:0x0000f000  x2=0x00000000
      790679000	     39432	80006a9a	0139eeb3	or	x29,x19,x19	 x19:0x0000f000 x19:0x0000f000 x29=0x0000f000
      790699000	     39433	80006a9e	01bde263	bltu	x27,x27,80006aa2	 x27:0x00000120 x27:0x00000120
      790719000	     39434	80006aa2	82c9	c.srli	x13,0x12	 x13:0x00000000 x13=0x00000000
      790739000	     39435	80006aa4	014d8533	add	x10,x27,x20	 x27:0x00000120 x20:0xe2896000 x10=0xe2896120
      790799000	     39438	80006aa8	261be913	ori	x18,x23,609	 x23:0x00000000 x18=0x00000261
      791219000	     39459	80006aac	69fd	c.lui	x19,0x1f	 x19=0x0001f000
      791239000	     39460	80006aae	8ce5	c.and	x9,x9	  x9:0x80025ce4  x9:0x80025ce4  x9=0x80025ce4
      791319000	     39464	80006ab0	0ff0000f	fence	iorw,iorw	
      791739000	     39485	80006ab4	0000100f	fence.i	
      793359000	     39566	80006ab8	03c15b33	divu	x22,x2,x28	  x2:0x00000000 x28:0x80021e64 x22=0x00000000
      793379000	     39567	80006abc	8e99	c.sub	x13,x14	 x13:0x00000000 x14:0x00000000 x13=0x00000000
      793399000	     39568	80006abe	8fdd	c.or	x15,x15	 x15:0x80025ee4 x15:0x80025ee4 x15=0x80025ee4
      793419000	     39569	80006ac0	01fceb33	or	x22,x25,x31	 x25:0x00000000 x31:0x00000000 x22=0x00000000
      793439000	     39570	80006ac4	027e00b3	mul	x1,x28,x7	 x28:0x80021e64  x7:0x00007000  x1=0xed4bc000
      793459000	     39571	80006ac8	49cd	c.li	x19,19	 x19=0x00000013
      793479000	     39572	80006aca	1314	c.addi4spn	x13,x2,416	 x13=0x000001a0
      793499000	     39573	80006acc	34007073	csrrci	x0,mscratch,0	  x0=0x00000000
      793639000	     39580	80006ad0	34007173	csrrci	x2,mscratch,0	  x2=0x00000000
      793739000	     39585	80006ad4	0360ceb3	div	x29,x1,x22	  x1:0xed4bc000 x22:0x00000000 x29=0xffffffff
      793879000	     39592	80006ad8	41f8d213	srai	x4,x17,0x1f	 x17:0x0000003e  x4=0x00000000
      793919000	     39594	80006adc	0304d3b3	divu	x7,x9,x16	  x9:0x80025ce4 x16:0x00000000  x7=0xffffffff
      793939000	     39595	80006ae0	00453fb3	sltu	x31,x10,x4	 x10:0xe2896120  x4:0x00000000 x31=0x00000000
      793959000	     39596	80006ae4	03f10463	beq	x2,x31,80006b0c	  x2:0x00000000 x31:0x00000000
      794639000	     39630	80006b0c	4a3d	c.li	x20,15	 x20=0x0000000f
      794739000	     39635	80006b0e	b61c2a93	slti	x21,x24,-1183	 x24:0x1f676fff x21=0x00000000
      795759000	     39686	80006b12	033b5833	divu	x16,x22,x19	 x22:0x00000000 x19:0x00000013 x16=0x00000000
      795779000	     39687	80006b16	03a006b3	mul	x13,x0,x26	  x0:0x00000000 x26:0x00000465 x13=0x00000000
      795799000	     39688	80006b1a	966b6093	ori	x1,x22,-1690	 x22:0x00000000  x1=0xfffff966
      795839000	     39690	80006b1e	0301dc33	divu	x24,x3,x16	  x3:0x0000f000 x16:0x00000000 x24=0xffffffff
      795859000	     39691	80006b22	65dbb993	sltiu	x19,x23,1629	 x23:0x00000000 x19=0x00000001
      795879000	     39692	80006b26	4f85	c.li	x31,1	 x31=0x00000001
      795899000	     39693	80006b28	8ec5	c.or	x13,x9	 x13:0x00000000  x9:0x80025ce4 x13=0x80025ce4
      795919000	     39694	80006b2a	0511e263	bltu	x3,x17,80006b6e	  x3:0x0000f000 x17:0x0000003e
      796659000	     39731	80006b2e	03c3c5b3	div	x11,x7,x28	  x7:0xffffffff x28:0x80021e64 x11=0x00000000
      796679000	     39732	80006b32	50c5b513	sltiu	x10,x11,1292	 x11:0x00000000 x10=0x00000001
      796699000	     39733	80006b36	4809	c.li	x16,2	 x16=0x00000002
      796719000	     39734	80006b38	003da7b3	slt	x15,x27,x3	 x27:0x00000120  x3:0x0000f000 x15=0x00000001
      796739000	     39735	80006b3c	41fdd533	sra	x10,x27,x31	 x27:0x00000120 x31:0x00000001 x10=0x00000090
      796759000	     39736	80006b40	9aea	c.add	x21,x26	 x21:0x00000000 x26:0x00000465 x21=0x00000465
      796799000	     39738	80006b42	020aabb3	mulhsu	x23,x21,x0	 x21:0x00000465  x0:0x00000000 x23=0x00000000
      796819000	     39739	80006b46	76ca6b13	ori	x22,x20,1900	 x20:0x0000000f x22=0x0000076f
      797059000	     39751	80006b4a	0000100f	fence.i	
      797799000	     39788	80006b4e	0001	c.addi	x0,0	  x0:0x00000000  x0=0x00000000
      797839000	     39790	80006b50	033d1033	mulh	x0,x26,x19	 x26:0x00000465 x19:0x00000001  x0=0x00000000
      798139000	     39805	80006b54	021a8933	mul	x18,x21,x1	 x21:0x00000465  x1:0xfffff966 x18=0xffe2fd3e
      798239000	     39810	80006b58	e90d	c.bnez	x10,80006b8a	 x10:0x00000090
      799619000	     39879	80006b8a	03b75db3	divu	x27,x14,x27	 x14:0x00000000 x27:0x00000120 x27=0x00000000
      799639000	     39880	80006b8e	002f6d63	bltu	x30,x2,80006ba8	 x30:0x00000001  x2:0x00000000
      799659000	     39881	80006b92	00b1b1b3	sltu	x3,x3,x11	  x3:0x0000f000 x11:0x00000000  x3=0x00000000
      799679000	     39882	80006b96	00e0f933	and	x18,x1,x14	  x1:0xfffff966 x14:0x00000000 x18=0x00000000
      799699000	     39883	80006b9a	00d7b4b3	sltu	x9,x15,x13	 x15:0x00000001 x13:0x80025ce4  x9=0x00000001
      799719000	     39884	80006b9e	011363b3	or	x7,x6,x17	  x6:0x00000000 x17:0x0000003e  x7=0x0000003e
      799739000	     39885	80006ba2	64d5	c.lui	x9,0x15	  x9=0x00015000
      799759000	     39886	80006ba4	00301463	bne	x0,x3,80006bac	  x0:0x00000000  x3:0x00000000
      799799000	     39888	80006ba8	03c44863	blt	x8,x28,80006bd8	  x8:0x80000000 x28:0x80021e64
      800359000	     39916	80006bd8	024212b3	mulh	x5,x4,x4	  x4:0x00000000  x4:0x00000000  x5=0x00000000
      800379000	     39917	80006bdc	db6f3593	sltiu	x11,x30,-586	 x30:0x00000001 x11=0x00000001
      800459000	     39921	80006be0	0000100f	fence.i	
      800979000	     39947	80006be4	90a9ec93	ori	x25,x19,-1782	 x19:0x00000001 x25=0xfffff90b
      801059000	     39951	80006be8	8f29	c.xor	x14,x10	 x14:0x00000000 x10:0x00000090 x14=0x00000090
      801319000	     39964	80006bea	0000100f	fence.i	
      801719000	     39984	80006bee	8f41	c.or	x14,x8	 x14:0x00000090  x8:0x80000000 x14=0x80000090
      801739000	     39985	80006bf0	015e8563	beq	x29,x21,80006bfa	 x29:0xffffffff x21:0x00000465
      802479000	     40022	80006bf4	03dc65b3	rem	x11,x24,x29	 x24:0xffffffff x29:0xffffffff x11=0x00000000
      802499000	     40023	80006bf8	8195	c.srli	x11,0x5	 x11:0x00000000 x11=0x00000000
      802599000	     40028	80006bfa	01655463	bge	x10,x22,80006c02	 x10:0x00000090 x22:0x0000076f
      802719000	     40034	80006bfe	0118b833	sltu	x16,x17,x17	 x17:0x0000003e x17:0x0000003e x16=0x00000000
      802739000	     40035	80006c02	0286	c.slli	x5,0x1	  x5:0x00000000  x5=0x00000000
      802919000	     40044	80006c04	41da5113	srai	x2,x20,0x1d	 x20:0x0000000f  x2=0x00000000
      802959000	     40046	80006c08	02225db3	divu	x27,x4,x2	  x4:0x00000000  x2:0x00000000 x27=0xffffffff
      803039000	     40050	80006c0c	00786133	or	x2,x16,x7	 x16:0x00000000  x7:0x0000003e  x2=0x0000003e
      803059000	     40051	80006c10	9bfd	c.andi	x15,-1	 x15:0x00000001 x15=0x00000001
      803119000	     40054	80006c12	02901333	mulh	x6,x0,x9	  x0:0x00000000  x9:0x00015000  x6=0x00000000
      803539000	     40075	80006c16	0218adb3	mulhsu	x27,x17,x1	 x17:0x0000003e  x1:0xfffff966 x27=0x0000003d
      803679000	     40082	80006c1a	f1957997	auipc	x19,0xf1957	 x19=0x7195dc1a
      803699000	     40083	80006c1e	004defb3	or	x31,x27,x4	 x27:0x0000003d  x4:0x00000000 x31=0x0000003d
      803719000	     40084	80006c22	7c7a4593	xori	x11,x20,1991	 x20:0x0000000f x11=0x000007c8
      803759000	     40086	80006c26	0329ff33	remu	x30,x19,x18	 x19:0x7195dc1a x18:0x00000000 x30=0x7195dc1a
      803779000	     40087	80006c2a	8366	c.mv	x6,x25	  x0:0x00000000 x25:0xfffff90b  x6=0xfffff90b
      803799000	     40088	80006c2c	0d06	c.slli	x26,0x1	 x26:0x00000465 x26=0x000008ca
      804079000	     40102	80006c2e	01909b33	sll	x22,x1,x25	  x1:0xfffff966 x25:0xfffff90b x22=0xffcb3000
      805039000	     40150	80006c32	029bddb3	divu	x27,x23,x9	 x23:0x00000000  x9:0x00015000 x27=0x00000000
      805059000	     40151	80006c36	0001	c.addi	x0,0	  x0:0x00000000  x0=0x00000000
      805079000	     40152	80006c38	4de1c513	xori	x10,x3,1246	  x3:0x00000000 x10=0x000004de
      805099000	     40153	80006c3c	a2c70013	addi	x0,x14,-1492	 x14:0x80000090  x0=0x00000000
      805119000	     40154	80006c40	8d35	c.xor	x10,x13	 x10:0x000004de x13:0x80025ce4 x10=0x8002583a
      805139000	     40155	80006c42	03880f33	mul	x30,x16,x24	 x16:0x00000000 x24:0xffffffff x30=0x00000000
      805879000	     40192	80006c46	0381da33	divu	x20,x3,x24	  x3:0x00000000 x24:0xffffffff x20=0x00000000
      805899000	     40193	80006c4a	0ff0000f	fence	iorw,iorw	
      805919000	     40194	80006c4e	01425133	srl	x2,x4,x20	  x4:0x00000000 x20:0x00000000  x2=0x00000000
      805939000	     40195	80006c52	03ab0163	beq	x22,x26,80006c74	 x22:0xffcb3000 x26:0x000008ca
      805959000	     40196	80006c56	02c88f33	mul	x30,x17,x12	 x17:0x0000003e x12:0x80025ce4 x30=0x00927f38
      806699000	     40233	80006c5a	0261ef33	rem	x30,x3,x6	  x3:0x00000000  x6:0xfffff90b x30=0x00000000
      806719000	     40234	80006c5e	340ee273	csrrsi	x4,mscratch,29	  x4=0x00000000
      806739000	     40235	80006c62	0ff0000f	fence	iorw,iorw	
      806779000	     40237	80006c66	02952233	mulhsu	x4,x10,x9	 x10:0x8002583a  x9:0x00015000  x4=0xffff5803
      806919000	     40244	80006c6a	003f9993	slli	x19,x31,0x3	 x31:0x0000003d x19=0x000001e8
      806939000	     40245	80006c6e	c705	c.beqz	x14,80006c96	 x14:0x80000090
      807319000	     40264	80006c70	029b11b3	mulh	x3,x22,x9	 x22:0xffcb3000  x9:0x00015000  x3=0xffffffba
      807339000	     40265	80006c74	0ff0000f	fence	iorw,iorw	
      807359000	     40266	80006c78	bca8cf13	xori	x30,x17,-1078	 x17:0x0000003e x30=0xfffffbf4
      807379000	     40267	80006c7c	340d6d73	csrrsi	x26,mscratch,26	 x26=0x0000001d
      807399000	     40268	80006c80	00667ab3	and	x21,x12,x6	 x12:0x80025ce4  x6:0xfffff90b x21=0x80025800
      807419000	     40269	80006c84	6aa9	c.lui	x21,0xa	 x21=0x0000a000
      807459000	     40271	80006c86	34003173	csrrc	x2,mscratch,x0	  x0:0x00000000  x2=0x0000001f
      807879000	     40292	80006c8a	02648ab3	mul	x21,x9,x6	  x9:0x00015000  x6:0xfffff90b x21=0xf6de7000
      807899000	     40293	80006c8e	017bb0b3	sltu	x1,x23,x23	 x23:0x00000000 x23:0x00000000  x1=0x00000000
      807919000	     40294	80006c92	1ff2ff93	andi	x31,x5,511	  x5:0x00000000 x31=0x00000000
      808119000	     40304	80006c96	0000100f	fence.i	
      808739000	     40335	80006c9a	8ac9a193	slti	x3,x19,-1876	 x19:0x000001e8  x3=0x00000000
      808839000	     40340	80006c9e	0ff0000f	fence	iorw,iorw	
      808859000	     40341	80006ca2	830d	c.srli	x14,0x3	 x14:0x80000090 x14=0x10000012
      808879000	     40342	80006ca4	1794	c.addi4spn	x13,x2,992	 x13=0x000003ff
      808899000	     40343	80006ca6	340b29f3	csrrs	x19,mscratch,x22	 x22:0xffcb3000 x19=0x0000001f
      808919000	     40344	80006caa	6a89	c.lui	x21,0x2	 x21=0x00002000
      808939000	     40345	80006cac	34035ff3	csrrwi	x31,mscratch,6	 x31=0xffcb301f
      809179000	     40357	80006cb0	82d6	c.mv	x5,x21	  x0:0x00000000 x21:0x00002000  x5=0x00002000
      809199000	     40358	80006cb2	0065d393	srli	x7,x11,0x6	 x11:0x000007c8  x7=0x0000001f
      809259000	     40361	80006cb6	00566263	bltu	x12,x5,80006cba	 x12:0x80025ce4  x5:0x00002000
      809279000	     40362	80006cba	8719	c.srai	x14,0x6	 x14:0x10000012 x14=0x00400000
      809339000	     40365	80006cbc	39047913	andi	x18,x8,912	  x8:0x80000000 x18=0x00000000
      809379000	     40367	80006cc0	01590a33	add	x20,x18,x21	 x18:0x00000000 x21:0x00002000 x20=0x00002000
      809399000	     40368	80006cc4	0001	c.addi	x0,0	  x0:0x00000000  x0=0x00000000
      809439000	     40370	80006cc6	0035dc63	bge	x11,x3,80006cde	 x11:0x000007c8  x3:0x00000000
      809599000	     40378	80006cde	6121	c.addi16sp	x2,64	  x2:0x0000001f  x2=0x0000005f
      809699000	     40383	80006ce0	e263e597	auipc	x11,0xe263e	 x11=0x62644ce0
      809859000	     40391	80006ce4	81d5	c.srli	x11,0x15	 x11:0x62644ce0 x11=0x00000313
      809879000	     40392	80006ce6	34051ff3	csrrw	x31,mscratch,x10	 x10:0x8002583a x31=0x00000006
      809899000	     40393	80006cea	01adb533	sltu	x10,x27,x26	 x27:0x00000000 x26:0x0000001d x10=0x00000001
      810039000	     40400	80006cee	028e0163	beq	x28,x8,80006d10	 x28:0x80021e64  x8:0x80000000
      810179000	     40407	80006cf2	03c08e63	beq	x1,x28,80006d2e	  x1:0x00000000 x28:0x80021e64
      810199000	     40408	80006cf6	85f1	c.srai	x11,0x1c	 x11:0x00000313 x11=0x00000000
      811299000	     40463	80006cf8	03c5c6b3	div	x13,x11,x28	 x11:0x00000000 x28:0x80021e64 x13=0x00000000
      811319000	     40464	80006cfc	0ec2	c.slli	x29,0x10	 x29:0xffffffff x29=0xffff0000
      811339000	     40465	80006cfe	027cc263	blt	x25,x7,80006d22	 x25:0xfffff90b  x7:0x0000001f
      811439000	     40470	80006d22	01f34fb3	xor	x31,x6,x31	  x6:0xfffff90b x31:0x00000006 x31=0xfffff90d
      811559000	     40476	80006d26	029d7163	bgeu	x26,x9,80006d48	 x26:0x0000001d  x9:0x00015000
      811659000	     40481	80006d2a	82653a93	sltiu	x21,x10,-2010	 x10:0x00000001 x21=0x00000001
      811759000	     40486	80006d2e	0ff0000f	fence	iorw,iorw	
      811779000	     40487	80006d32	02a16563	bltu	x2,x10,80006d5c	  x2:0x0000005f x10:0x00000001
      812739000	     40535	80006d36	036ed7b3	divu	x15,x29,x22	 x29:0xffff0000 x22:0xffcb3000 x15=0x00000001
      812759000	     40536	80006d3a	0129e7b3	or	x15,x19,x18	 x19:0x0000001f x18:0x00000000 x15=0x0000001f
      819159000	     40856	80006d3e	1c632113	slti	x2,x6,454	  x6:0xfffff90b  x2=0x00000001
      819179000	     40857	80006d42	340650f3	csrrwi	x1,mscratch,12	  x1=0x8002583a
      819199000	     40858	80006d46	0908	c.addi4spn	x10,x2,144	 x10=0x00000091
      819219000	     40859	80006d48	005ada93	srli	x21,x21,0x5	 x21:0x00000001 x21=0x00000000
      819239000	     40860	80006d4c	00136533	or	x10,x6,x1	  x6:0xfffff90b  x1:0x8002583a x10=0xfffff93b
      819299000	     40863	80006d50	0494f363	bgeu	x9,x9,80006d96	  x9:0x00015000  x9:0x00015000
      820559000	     40926	80006d96	34006af3	csrrsi	x21,mscratch,0	 x21=0x0000000c
      820579000	     40927	80006d9a	0941	c.addi	x18,16	 x18:0x00000000 x18=0x00000010
      820599000	     40928	80006d9c	22a87513	andi	x10,x16,554	 x16:0x00000000 x10=0x00000000
      821339000	     40965	80006da0	0329e233	rem	x4,x19,x18	 x19:0x0000001f x18:0x00000010  x4=0x0000000f
      821359000	     40966	80006da4	1cfd	c.addi	x25,-1	 x25:0xfffff90b x25=0xfffff90a
      821399000	     40968	80006da6	03f31533	mulh	x10,x6,x31	  x6:0xfffff90b x31:0xfffff90d x10=0x00000000
      821419000	     40969	80006daa	0138b1b3	sltu	x3,x17,x19	 x17:0x0000003e x19:0x0000001f  x3=0x00000000
      821659000	     40981	80006dae	02813a33	mulhu	x20,x2,x8	  x2:0x00000001  x8:0x80000000 x20=0x00000000
      821679000	     40982	80006db2	03068c33	mul	x24,x13,x16	 x13:0x00000000 x16:0x00000000 x24=0x00000000
      821879000	     40992	80006db6	034ad0b3	divu	x1,x21,x20	 x21:0x0000000c x20:0x00000000  x1=0xffffffff
      821899000	     40993	80006dba	0102a7b3	slt	x15,x5,x16	  x5:0x00002000 x16:0x00000000 x15=0x00000000
      821919000	     40994	80006dbe	8d3d	c.xor	x10,x15	 x10:0x00000000 x15:0x00000000 x10=0x00000000
      821979000	     40997	80006dc0	1f94	c.addi4spn	x13,x2,1008	 x13=0x000003f1
      821999000	     40998	80006dc2	01eef463	bgeu	x29,x30,80006dca	 x29:0xffff0000 x30:0xfffffbf4
      822019000	     40999	80006dc6	8541	c.srai	x10,0x10	 x10:0x00000000 x10=0x00000000
      822039000	     41000	80006dc8	6131	c.addi16sp	x2,320	  x2:0x00000001  x2=0x00000141
      822059000	     41001	80006dca	40b70933	sub	x18,x14,x11	 x14:0x00400000 x11:0x00000000 x18=0x00400000
      822139000	     41005	80006dce	ffb43713	sltiu	x14,x8,-5	  x8:0x80000000 x14=0x00000001
      822159000	     41006	80006dd2	00eef563	bgeu	x29,x14,80006ddc	 x29:0xffff0000 x14:0x00000001
      824299000	     41113	80006ddc	03a7c1b3	div	x3,x15,x26	 x15:0x00000000 x26:0x0000001d  x3=0x00000000
      824319000	     41114	80006de0	9f62	c.add	x30,x24	 x30:0xfffffbf4 x24:0x00000000 x30=0xfffffbf4
      824339000	     41115	80006de2	00c58963	beq	x11,x12,80006df4	 x11:0x00000000 x12:0x80025ce4
      824359000	     41116	80006de6	03a78bb3	mul	x23,x15,x26	 x15:0x00000000 x26:0x0000001d x23=0x00000000
      824379000	     41117	80006dea	013a0a63	beq	x20,x19,80006dfe	 x20:0x00000000 x19:0x0000001f
      824399000	     41118	80006dee	61cd	c.lui	x3,0x13	  x3=0x00013000
      824419000	     41119	80006df0	34082df3	csrrs	x27,mscratch,x16	 x16:0x00000000 x27=0x0000000c
      824679000	     41132	80006df4	340137f3	csrrc	x15,mscratch,x2	  x2:0x00000141 x15=0x0000000c
      825079000	     41152	80006df8	e4ffe493	ori	x9,x31,-433	 x31:0xfffff90d  x9=0xffffff4f
      825199000	     41158	80006dfc	8dfd	c.and	x11,x15	 x11:0x00000000 x15:0x0000000c x11=0x00000000
      825219000	     41159	80006dfe	8d39	c.xor	x10,x14	 x10:0x00000000 x14:0x00000001 x10=0x00000001
      825239000	     41160	80006e00	86d5	c.srai	x13,0x15	 x13:0x000003f1 x13=0x00000000
      825979000	     41197	80006e02	021b64b3	rem	x9,x22,x1	 x22:0xffcb3000  x1:0xffffffff  x9=0x00000000
      825999000	     41198	80006e06	407c5933	sra	x18,x24,x7	 x24:0x00000000  x7:0x0000001f x18=0x00000000
      826019000	     41199	80006e0a	0202fc63	bgeu	x5,x0,80006e42	  x5:0x00002000  x0:0x00000000
      826239000	     41210	80006e42	6b8e9537	lui	x10,0x6b8e9	 x10=0x6b8e9000
      826259000	     41211	80006e46	011a4033	xor	x0,x20,x17	 x20:0x00000000 x17:0x0000003e  x0=0x00000000
      826279000	     41212	80006e4a	59947d13	andi	x26,x8,1433	  x8:0x80000000 x26=0x00000000
      826299000	     41213	80006e4e	0001	c.addi	x0,0	  x0:0x00000000  x0=0x00000000
      826319000	     41214	80006e50	340574f3	csrrci	x9,mscratch,10	  x9=0x0000000c
      826339000	     41215	80006e54	db8a4e93	xori	x29,x20,-584	 x20:0x00000000 x29=0xfffffdb8
      827099000	     41253	80006e58	0282cfb3	div	x31,x5,x8	  x5:0x00002000  x8:0x80000000 x31=0x00000000
      827119000	     41254	80006e5c	01dfc663	blt	x31,x29,80006e68	 x31:0x00000000 x29:0xfffffdb8
      827139000	     41255	80006e60	00fafd63	bgeu	x21,x15,80006e7a	 x21:0x0000000c x15:0x0000000c
      827359000	     41266	80006e7a	027c8c33	mul	x24,x25,x7	 x25:0xfffff90a  x7:0x0000001f x24=0xffff2836
      827459000	     41271	80006e7e	000c5213	srli	x4,x24,0x0	 x24:0xffff2836  x4=0xffff2836
      827479000	     41272	80006e82	017538b3	sltu	x17,x10,x23	 x10:0x6b8e9000 x23:0x00000000 x17=0x00000000
      827499000	     41273	80006e86	e0a1	c.bnez	x9,80006ec6	  x9:0x0000000c
      828219000	     41309	80006ec6	8f8d	c.sub	x15,x11	 x15:0x0000000c x11:0x00000000 x15=0x0000000c
      828379000	     41317	80006ec8	8775	c.srai	x14,0x1d	 x14:0x00000001 x14=0x00000000
      828399000	     41318	80006eca	0001	c.addi	x0,0	  x0:0x00000000  x0=0x00000000
      828419000	     41319	80006ecc	014b16b3	sll	x13,x22,x20	 x22:0xffcb3000 x20:0x00000000 x13=0xffcb3000
      829159000	     41356	80006ed0	024fe333	rem	x6,x31,x4	 x31:0x00000000  x4:0xffff2836  x6=0x00000000
      829179000	     41357	80006ed4	5afd	c.li	x21,-1	 x21=0xffffffff
      829219000	     41359	80006ed6	03e02b33	mulhsu	x22,x0,x30	  x0:0x00000000 x30:0xfffffbf4 x22=0x00000000
      829239000	     41360	80006eda	87f1	c.srai	x15,0x1c	 x15:0x0000000c x15=0x00000000
      829259000	     41361	80006edc	00518ab3	add	x21,x3,x5	  x3:0x00013000  x5:0x00002000 x21=0x00015000
      829279000	     41362	80006ee0	4091	c.li	x1,4	  x1=0x00000004
      829299000	     41363	80006ee2	717d	c.addi16sp	x2,-16	  x2:0x00000141  x2=0x00000131
      829319000	     41364	80006ee4	8d6d	c.and	x10,x11	 x10:0x6b8e9000 x11:0x00000000 x10=0x00000000
      829339000	     41365	80006ee6	340e90f3	csrrw	x1,mscratch,x29	 x29:0xfffffdb8  x1=0x00000004
      829359000	     41366	80006eea	676cfc13	andi	x24,x25,1654	 x25:0xfffff90a x24=0x00000002
      829379000	     41367	80006eee	0001	c.addi	x0,0	  x0:0x00000000  x0=0x00000000
      829419000	     41369	80006ef0	035492b3	mulh	x5,x9,x21	  x9:0x0000000c x21:0x00015000  x5=0x00000000
      829439000	     41370	80006ef4	0089d293	srli	x5,x19,0x8	 x19:0x0000001f  x5=0x00000000
      829459000	     41371	80006ef8	40a55d93	srai	x27,x10,0xa	 x10:0x00000000 x27=0x00000000
      829859000	     41391	80006efc	0180dd93	srli	x27,x1,0x18	  x1:0x00000004 x27=0x00000000
      829879000	     41392	80006f00	340e7973	csrrci	x18,mscratch,28	 x18=0xfffffdb8
      830159000	     41406	80006f04	34003773	csrrc	x14,mscratch,x0	  x0:0x00000000 x14=0xfffffda0
      830199000	     41408	80006f08	ef81	c.bnez	x15,80006f20	 x15:0x00000000
      830219000	     41409	80006f0a	340f6bf3	csrrsi	x23,mscratch,30	 x23=0xfffffda0
      830399000	     41418	80006f0e	01bfcd33	xor	x26,x31,x27	 x31:0x00000000 x27:0x00000000 x26=0x00000000
      830499000	     41423	80006f12	34002573	csrrs	x10,mscratch,x0	  x0:0x00000000 x10=0xfffffdbe
      830539000	     41425	80006f16	036940b3	div	x1,x18,x22	 x18:0xfffffdb8 x22:0x00000000  x1=0xffffffff
      830939000	     41445	80006f1a	416ed813	srai	x16,x29,0x16	 x29:0xfffffdb8 x16=0xffffffff
      830959000	     41446	80006f1e	615d	c.addi16sp	x2,432	  x2:0x00000131  x2=0x000002e1
      831019000	     41449	80006f20	340b6f73	csrrsi	x30,mscratch,22	 x30=0xfffffdbe
      831159000	     41456	80006f24	01bc3c33	sltu	x24,x24,x27	 x24:0x00000002 x27:0x00000000 x24=0x00000000
      831579000	     41477	80006f28	022a	c.slli	x4,0xa	  x4:0xffff2836  x4=0xfca0d800
      831599000	     41478	80006f2a	896d	c.andi	x10,27	 x10:0xfffffdbe x10=0x0000001a
      831619000	     41479	80006f2c	008e7733	and	x14,x28,x8	 x28:0x80021e64  x8:0x80000000 x14=0x80000000
      831979000	     41497	80006f30	01231b93	slli	x23,x6,0x12	  x6:0x00000000 x23=0x00000000
      831999000	     41498	80006f34	0132a2b3	slt	x5,x5,x19	  x5:0x00000000 x19:0x0000001f  x5=0x00000001
      832139000	     41505	80006f38	340d7b73	csrrci	x22,mscratch,26	 x22=0xfffffdbe
      832159000	     41506	80006f3c	6a0fa193	slti	x3,x31,1696	 x31:0x00000000  x3=0x00000001
      832339000	     41515	80006f40	0001	c.addi	x0,0	  x0:0x00000000  x0=0x00000000
      832399000	     41518	80006f42	4a6d14b7	lui	x9,0x4a6d1	  x9=0x4a6d1000
      832559000	     41526	80006f46	0000100f	fence.i	
      832959000	     41546	80006f4a	c795	c.beqz	x15,80006f76	 x15:0x00000000
      834319000	     41614	80006f76	83ee	c.mv	x7,x27	  x0:0x00000000 x27:0x00000000  x7=0x00000000
      834739000	     41635	80006f78	340071f3	csrrci	x3,mscratch,0	  x3=0xfffffda4
      834759000	     41636	80006f7c	815d	c.srli	x10,0x17	 x10:0x0000001a x10=0x00000000
      835179000	     41657	80006f7e	014d1493	slli	x9,x26,0x14	 x26:0x00000000  x9=0x00000000
      835599000	     41678	80006f82	ffca6813	ori	x16,x20,-4	 x20:0x00000000 x16=0xfffffffc
      835619000	     41679	80006f86	717d	c.addi16sp	x2,-16	  x2:0x000002e1  x2=0x000002d1
      835639000	     41680	80006f88	81d9	c.srli	x11,0x16	 x11:0x00000000 x11=0x00000000
      836019000	     41699	80006f8a	00941993	slli	x19,x8,0x9	  x8:0x80000000 x19=0x00000000
      836099000	     41703	80006f8e	012d2c33	slt	x24,x26,x18	 x26:0x00000000 x18:0xfffffdb8 x24=0x00000000
      836199000	     41708	80006f92	047f0263	beq	x30,x7,80006fd6	 x30:0xfffffdbe  x7:0x00000000
      836219000	     41709	80006f96	056d4263	blt	x26,x22,80006fda	 x26:0x00000000 x22:0xfffffdbe
      836419000	     41719	80006f9a	3409f373	csrrci	x6,mscratch,19	  x6=0xfffffda4
      836499000	     41723	80006f9e	001ea133	slt	x2,x29,x1	 x29:0xfffffdb8  x1:0xffffffff  x2=0x00000001
      836519000	     41724	80006fa2	34002b73	csrrs	x22,mscratch,x0	  x0:0x00000000 x22=0xfffffda4
      836539000	     41725	80006fa6	82e9	c.srli	x13,0x1a	 x13:0xffcb3000 x13=0x0000003f
      836559000	     41726	80006fa8	0001	c.addi	x0,0	  x0:0x00000000  x0=0x00000000
      836579000	     41727	80006faa	32c9c993	xori	x19,x19,812	 x19:0x00000000 x19=0x0000032c
      836679000	     41732	80006fae	340025f3	csrrs	x11,mscratch,x0	  x0:0x00000000 x11=0xfffffda4
      837579000	     41777	80006fb2	0365c3b3	div	x7,x11,x22	 x11:0xfffffda4 x22:0xfffffda4  x7=0x00000001
      837599000	     41778	80006fb6	01160bb3	add	x23,x12,x17	 x12:0x80025ce4 x17:0x00000000 x23=0x80025ce4
      837619000	     41779	80006fba	8981	c.andi	x11,0	 x11:0xfffffda4 x11=0x00000000
      837659000	     41781	80006fbc	0229bb33	mulhu	x22,x19,x2	 x19:0x0000032c  x2:0x00000001 x22=0x00000000
      837679000	     41782	80006fc0	00974133	xor	x2,x14,x9	 x14:0x80000000  x9:0x00000000  x2=0x80000000
      837699000	     41783	80006fc4	e08d	c.bnez	x9,80006fe6	  x9:0x00000000
      837719000	     41784	80006fc6	00f051b3	srl	x3,x0,x15	  x0:0x00000000 x15:0x00000000  x3=0x00000000
      837739000	     41785	80006fca	0147e363	bltu	x15,x20,80006fd0	 x15:0x00000000 x20:0x00000000
      837759000	     41786	80006fce	197d	c.addi	x18,-1	 x18:0xfffffdb8 x18=0xfffffdb7
      837779000	     41787	80006fd0	14fd	c.addi	x9,-1	  x9:0x00000000  x9=0xffffffff
      837939000	     41795	80006fd2	01dd1093	slli	x1,x26,0x1d	 x26:0x00000000  x1=0x00000000
      838019000	     41799	80006fd6	a984b793	sltiu	x15,x9,-1384	  x9:0xffffffff x15=0x00000000
      838039000	     41800	80006fda	44893d97	auipc	x27,0x44893	 x27=0xc4899fda
      838059000	     41801	80006fde	80ad	c.srli	x9,0xb	  x9:0xffffffff  x9=0x001fffff
      838079000	     41802	80006fe0	01101133	sll	x2,x0,x17	  x0:0x00000000 x17:0x00000000  x2=0x00000000
      838099000	     41803	80006fe4	c895	c.beqz	x9,80007018	  x9:0x001fffff
      838319000	     41814	80006fe6	c3a76993	ori	x19,x14,-966	 x14:0x80000000 x19=0xfffffc3a
      838419000	     41819	80006fea	340ba7f3	csrrs	x15,mscratch,x23	 x23:0x80025ce4 x15=0xfffffda4
      838439000	     41820	80006fee	9f46	c.add	x30,x17	 x30:0xfffffdbe x17:0x00000000 x30=0xfffffdbe
      838699000	     41833	80006ff0	34051173	csrrw	x2,mscratch,x10	 x10:0x00000000  x2=0xfffffde4
      838719000	     41834	80006ff4	03e85063	bge	x16,x30,80007014	 x16:0xfffffffc x30:0xfffffdbe
      839219000	     41859	80007014	0ff0000f	fence	iorw,iorw	
      839259000	     41861	80007018	017fd033	srl	x0,x31,x23	 x31:0x00000000 x23:0x80025ce4  x0=0x00000000
      839279000	     41862	8000701c	8da9	c.xor	x11,x10	 x11:0x00000000 x10:0x00000000 x11=0x00000000
      839419000	     41869	8000701e	01501463	bne	x0,x21,80007026	  x0:0x00000000 x21:0x00015000
      840679000	     41932	80007026	340831f3	csrrc	x3,mscratch,x16	 x16:0xfffffffc  x3=0x00000000
      840719000	     41934	8000702a	0000100f	fence.i	
      841679000	     41982	8000702e	0055a333	slt	x6,x11,x5	 x11:0x00000000  x5:0x00000001  x6=0x00000001
      842099000	     42003	80007032	01c2ff33	and	x30,x5,x28	  x5:0x00000001 x28:0x80021e64 x30=0x00000000
      843239000	     42060	80007036	03bb4233	div	x4,x22,x27	 x22:0x00000000 x27:0xc4899fda  x4=0x00000000
      843259000	     42061	8000703a	00e0f5b3	and	x11,x1,x14	  x1:0x00000000 x14:0x80000000 x11=0x00000000
      843279000	     42062	8000703e	8bf2	c.mv	x23,x28	  x0:0x00000000 x28:0x80021e64 x23=0x80021e64
      843299000	     42063	80007040	8cf9	c.and	x9,x14	  x9:0x001fffff x14:0x80000000  x9=0x00000000
      843319000	     42064	80007042	e705	c.bnez	x14,8000706a	 x14:0x80000000
      843419000	     42069	8000706a	e389	c.bnez	x15,8000706c	 x15:0xfffffda4
      843859000	     42091	8000706c	00aaa4b3	slt	x9,x21,x10	 x21:0x00015000 x10:0x00000000  x9=0x00000000
      844279000	     42112	80007070	0001	c.addi	x0,0	  x0:0x00000000  x0=0x00000000
      845019000	     42149	80007072	03966f33	rem	x30,x12,x25	 x12:0x80025ce4 x25:0xfffff90a x30=0xfffffc30
      845039000	     42150	80007076	ee99	c.bnez	x13,80007094	 x13:0x0000003f
      845199000	     42158	80007094	01a0b7b3	sltu	x15,x1,x26	  x1:0x00000000 x26:0x00000000 x15=0x00000000
      845219000	     42159	80007098	01016563	bltu	x2,x16,800070a2	  x2:0xfffffde4 x16:0xfffffffc
      845399000	     42168	800070a2	00f4fdb3	and	x27,x9,x15	  x9:0x00000000 x15:0x00000000 x27=0x00000000
      845419000	     42169	800070a6	8dd9	c.or	x11,x14	 x11:0x00000000 x14:0x80000000 x11=0x80000000
      845439000	     42170	800070a8	69d9	c.lui	x19,0x16	 x19=0x00016000
      845459000	     42171	800070aa	01c0eab3	or	x21,x1,x28	  x1:0x00000000 x28:0x80021e64 x21=0x80021e64
      845479000	     42172	800070ae	bd5e4a93	xori	x21,x28,-1067	 x28:0x80021e64 x21=0x7ffde5b1
      845499000	     42173	800070b2	0331	c.addi	x6,12	  x6:0x00000001  x6=0x0000000d
      845659000	     42181	800070b4	0ff0000f	fence	iorw,iorw	
      845859000	     42191	800070b8	1b7d	c.addi	x22,-1	 x22:0x00000000 x22=0xffffffff
      845879000	     42192	800070ba	003533b3	sltu	x7,x10,x3	 x10:0x00000000  x3:0x00000000  x7=0x00000000
      846039000	     42200	800070be	03310833	mul	x16,x2,x19	  x2:0xfffffde4 x19:0x00016000 x16=0xfd198000
      846159000	     42206	800070c2	00ba51b3	srl	x3,x20,x11	 x20:0x00000000 x11:0x80000000  x3=0x00000000
      846239000	     42210	800070c6	340b14f3	csrrw	x9,mscratch,x22	 x22:0xffffffff  x9=0x00000000
      846499000	     42223	800070ca	34242737	lui	x14,0x34242	 x14=0x34242000
      846519000	     42224	800070ce	00a68733	add	x14,x13,x10	 x13:0x0000003f x10:0x00000000 x14=0x0000003f
      846539000	     42225	800070d2	005d66b3	or	x13,x26,x5	 x26:0x00000000  x5:0x00000001 x13=0x00000001
      846559000	     42226	800070d6	eb85	c.bnez	x15,80007106	 x15:0x00000000
      846639000	     42230	800070d8	199c	c.addi4spn	x15,x2,240	 x15=0xfffffed4
      846659000	     42231	800070da	038b9563	bne	x23,x24,80007104	 x23:0x80021e64 x24:0x00000000
      847419000	     42269	80007104	0001	c.addi	x0,0	  x0:0x00000000  x0=0x00000000
      847639000	     42280	80007106	02dd97b3	mulh	x15,x27,x13	 x27:0x00000000 x13:0x00000001 x15=0x00000000
      847659000	     42281	8000710a	0f92	c.slli	x31,0x4	 x31:0x00000000 x31=0x00000000
      847939000	     42295	8000710c	3c2afa93	andi	x21,x21,962	 x21:0x7ffde5b1 x21=0x00000180
      847959000	     42296	80007110	02e8c363	blt	x17,x14,80007136	 x17:0x00000000 x14:0x0000003f
      850079000	     42402	80007136	9df6	c.add	x27,x29	 x27:0x00000000 x29:0xfffffdb8 x27=0xfffffdb8
      850099000	     42403	80007138	c485	c.beqz	x9,80007160	  x9:0x00000000
      851159000	     42456	80007160	022cf733	remu	x14,x25,x2	 x25:0xfffff90a  x2:0xfffffde4 x14=0xfffff90a
      851179000	     42457	80007164	019bd233	srl	x4,x23,x25	 x23:0x80021e64 x25:0xfffff90a  x4=0x00200087
      851219000	     42459	80007168	00492bb3	slt	x23,x18,x4	 x18:0xfffffdb7  x4:0x00200087 x23=0x00000001
      851299000	     42463	8000716c	41875a33	sra	x20,x14,x24	 x14:0xfffff90a x24:0x00000000 x20=0xfffff90a
      851319000	     42464	80007170	83fcf9b7	lui	x19,0x83fcf	 x19=0x83fcf000
      851339000	     42465	80007174	01a59663	bne	x11,x26,80007180	 x11:0x80000000 x26:0x00000000
      852199000	     42508	80007180	0314	c.addi4spn	x13,x2,384	 x13=0xffffff64
      852339000	     42515	80007182	010adb13	srli	x22,x21,0x10	 x21:0x00000180 x22=0x00000000
      852759000	     42536	80007186	3401a073	csrrs	x0,mscratch,x3	  x3:0x00000000  x0=0x00000000
      852779000	     42537	8000718a	036b5363	bge	x22,x22,800071b0	 x22:0x00000000 x22:0x00000000
      853119000	     42554	800071b0	34051073	csrrw	x0,mscratch,x10	 x10:0x00000000  x0=0x00000000
      853159000	     42556	800071b4	025aaa33	mulhsu	x20,x21,x5	 x21:0x00000180  x5:0x00000001 x20=0x00000000
      853179000	     42557	800071b8	028b8fb3	mul	x31,x23,x8	 x23:0x00000001  x8:0x80000000 x31=0x80000000
      853359000	     42566	800071bc	812a	c.mv	x2,x10	  x0:0x00000000 x10:0x00000000  x2=0x00000000
      853379000	     42567	800071be	86c9	c.srai	x13,0x12	 x13:0xffffff64 x13=0xffffffff
      853399000	     42568	800071c0	8d8d	c.sub	x11,x11	 x11:0x80000000 x11:0x80000000 x11=0x00000000
      853559000	     42576	800071c2	93d86113	ori	x2,x16,-1731	 x16:0xfd198000  x2=0xfffff93d
      853799000	     42588	800071c6	0ff0000f	fence	iorw,iorw	
      853819000	     42589	800071ca	89a1	c.andi	x11,8	 x11:0x00000000 x11=0x00000000
      853899000	     42593	800071cc	1904	c.addi4spn	x9,x2,176	  x9=0xfffff9ed
      853999000	     42598	800071ce	340139f3	csrrc	x19,mscratch,x2	  x2:0xfffff93d x19=0x00000000
      854059000	     42601	800071d2	02bd0d63	beq	x26,x11,8000720c	 x26:0x00000000 x11:0x00000000
      854299000	     42613	8000720c	832d	c.srli	x14,0xb	 x14:0xfffff90a x14=0x001fffff
      854419000	     42619	8000720e	00b7d463	bge	x15,x11,80007216	 x15:0x00000000 x11:0x00000000
      855199000	     42658	80007216	bcdc7213	andi	x4,x24,-1075	 x24:0x00000000  x4=0x00000000
      855219000	     42659	8000721a	0001	c.addi	x0,0	  x0:0x00000000  x0=0x00000000
      855239000	     42660	8000721c	6dde4b13	xori	x22,x28,1757	 x28:0x80021e64 x22=0x800218b9
      855639000	     42680	80007220	0000100f	fence.i	
      856339000	     42715	80007224	3408e5f3	csrrsi	x11,mscratch,17	 x11=0x00000000
      856759000	     42736	80007228	030d1063	bne	x26,x16,80007248	 x26:0x00000000 x16:0xfd198000
      857159000	     42756	80007248	0001	c.addi	x0,0	  x0:0x00000000  x0=0x00000000
      857179000	     42757	8000724a	0001	c.addi	x0,0	  x0:0x00000000  x0=0x00000000
      857419000	     42769	8000724c	40245b13	srai	x22,x8,0x2	  x8:0x80000000 x22=0xe0000000
      857439000	     42770	80007250	00361313	slli	x6,x12,0x3	 x12:0x80025ce4  x6=0x0012e720
      857639000	     42780	80007254	6f952c93	slti	x25,x10,1785	 x10:0x00000000 x25=0x00000001
      857659000	     42781	80007258	0b42	c.slli	x22,0x10	 x22:0xe0000000 x22=0x00000000
      857679000	     42782	8000725a	000fad33	slt	x26,x31,x0	 x31:0x80000000  x0:0x00000000 x26=0x00000001
      857739000	     42785	8000725e	320e8493	addi	x9,x29,800	 x29:0xfffffdb8  x9=0x000000d8
      857759000	     42786	80007262	003e1d13	slli	x26,x28,0x3	 x28:0x80021e64 x26=0x0010f320
      857779000	     42787	80007266	01289393	slli	x7,x17,0x12	 x17:0x00000000  x7=0x00000000
      857799000	     42788	8000726a	81cd	c.srli	x11,0x13	 x11:0x00000000 x11=0x00000000
      858019000	     42799	8000726c	8b61	c.andi	x14,24	 x14:0x001fffff x14=0x00000018
      858039000	     42800	8000726e	340bdaf3	csrrwi	x21,mscratch,23	 x21=0x00000011
      858179000	     42807	80007272	4167de93	srai	x29,x15,0x16	 x15:0x00000000 x29=0x00000000
      858199000	     42808	80007276	0712	c.slli	x14,0x4	 x14:0x00000018 x14=0x00000180
      858219000	     42809	80007278	34006c73	csrrsi	x24,mscratch,0	 x24=0x00000017
      858239000	     42810	8000727c	ef09	c.bnez	x14,80007296	 x14:0x00000180
      859139000	     42855	80007296	007c0db3	add	x27,x24,x7	 x24:0x00000017  x7:0x00000000 x27=0x00000017
      859159000	     42856	8000729a	1a94	c.addi4spn	x13,x2,368	 x13=0xfffffaad
      859319000	     42864	8000729c	028f2bb3	mulhsu	x23,x30,x8	 x30:0xfffffc30  x8:0x80000000 x23=0xfffffe18
      859419000	     42869	800072a0	00c357b3	srl	x15,x6,x12	  x6:0x0012e720 x12:0x80025ce4 x15=0x00012e72
      859439000	     42870	800072a4	3409a973	csrrs	x18,mscratch,x19	 x19:0x00000000 x18=0x00000017
      859459000	     42871	800072a8	00c3d363	bge	x7,x12,800072ae	  x7:0x00000000 x12:0x80025ce4
      859659000	     42881	800072ae	9f5e	c.add	x30,x23	 x30:0xfffffc30 x23:0xfffffe18 x30=0xfffffa48
      860259000	     42911	800072b0	8f9d	c.sub	x15,x15	 x15:0x00012e72 x15:0x00012e72 x15=0x00000000
      860279000	     42912	800072b2	00fd99b3	sll	x19,x27,x15	 x27:0x00000017 x15:0x00000000 x19=0x00000017
      860439000	     42920	800072b6	0100c933	xor	x18,x1,x16	  x1:0x00000000 x16:0xfd198000 x18=0xfd198000
      860619000	     42929	800072ba	01c68263	beq	x13,x28,800072be	 x13:0xfffffaad x28:0x80021e64
      860639000	     42930	800072be	9ca2	c.add	x25,x8	 x25:0x00000001  x8:0x80000000 x25=0x80000001
      860739000	     42935	800072c0	6f7d	c.lui	x30,0x1f	 x30=0x0001f000
      861159000	     42956	800072c2	40d70193	addi	x3,x14,1037	 x14:0x00000180  x3=0x0000058d
      861179000	     42957	800072c6	849e	c.mv	x9,x7	  x0:0x00000000  x7:0x00000000  x9=0x00000000
      861199000	     42958	800072c8	01aa6f33	or	x30,x20,x26	 x20:0x00000000 x26:0x0010f320 x30=0x0010f320
      861219000	     42959	800072cc	0159ac33	slt	x24,x19,x21	 x19:0x00000017 x21:0x00000011 x24=0x00000000
      861619000	     42979	800072d0	41b85733	sra	x14,x16,x27	 x16:0xfd198000 x27:0x00000017 x14=0xfffffffa
      862039000	     43000	800072d4	03f91263	bne	x18,x31,800072f8	 x18:0xfd198000 x31:0x80000000
      863159000	     43056	800072f8	34091973	csrrw	x18,mscratch,x18	 x18:0xfd198000 x18=0x00000017
      863319000	     43064	800072fc	6161	c.addi16sp	x2,80	  x2:0xfffff93d  x2=0xfffff98d
      863519000	     43074	800072fe	00f5e463	bltu	x11,x15,80007306	 x11:0x00000000 x15:0x00000000
      863699000	     43083	80007302	01719313	slli	x6,x3,0x17	  x3:0x0000058d  x6=0xc6800000
      863719000	     43084	80007306	80ad	c.srli	x9,0xb	  x9:0x00000000  x9=0x00000000
      863839000	     43090	80007308	01fcdc63	bge	x25,x31,80007320	 x25:0x80000001 x31:0x80000000
      865779000	     43187	80007320	54fd	c.li	x9,-1	  x9=0xffffffff
      866199000	     43208	80007322	00edc2b3	xor	x5,x27,x14	 x27:0x00000017 x14:0xfffffffa  x5=0xffffffed
      866219000	     43209	80007326	340aa173	csrrs	x2,mscratch,x21	 x21:0x00000011  x2=0xfd198000
      866239000	     43210	8000732a	013df1b3	and	x3,x27,x19	 x27:0x00000017 x19:0x00000017  x3=0x00000017
      866259000	     43211	8000732e	8f39	c.xor	x14,x14	 x14:0xfffffffa x14:0xfffffffa x14=0x00000000
      866279000	     43212	80007330	00f14c33	xor	x24,x2,x15	  x2:0xfd198000 x15:0x00000000 x24=0xfd198000
      866299000	     43213	80007334	01fad933	srl	x18,x21,x31	 x21:0x00000011 x31:0x80000000 x18=0x00000011
      866739000	     43235	80007338	401cd6b3	sra	x13,x25,x1	 x25:0x80000001  x1:0x00000000 x13=0x80000001
      866799000	     43238	8000733c	98e6	c.add	x17,x25	 x17:0x00000000 x25:0x80000001 x17=0x80000001
      867219000	     43259	8000733e	00c60663	beq	x12,x12,8000734a	 x12:0x80025ce4 x12:0x80025ce4
      867379000	     43267	8000734a	8d21	c.xor	x10,x8	 x10:0x00000000  x8:0x80000000 x10=0x80000000
      867799000	     43288	8000734c	018b50b3	srl	x1,x22,x24	 x22:0x00000000 x24:0xfd198000  x1=0x00000000
      867819000	     43289	80007350	0185e733	or	x14,x11,x24	 x11:0x00000000 x24:0xfd198000 x14=0xfd198000
      867919000	     43294	80007354	717d	c.addi16sp	x2,-16	  x2:0xfd198000  x2=0xfd197ff0
      867939000	     43295	80007356	34051af3	csrrw	x21,mscratch,x10	 x10:0x80000000 x21=0xfd198011
      867959000	     43296	8000735a	4e273793	sltiu	x15,x14,1250	 x14:0xfd198000 x15=0x00000000
      867979000	     43297	8000735e	0d8c	c.addi4spn	x11,x2,720	 x11=0xfd1982c0
      867999000	     43298	80007360	c1a9	c.beqz	x11,800073a2	 x11:0xfd1982c0
      868019000	     43299	80007362	0001	c.addi	x0,0	  x0:0x00000000  x0=0x00000000
      868039000	     43300	80007364	8b5dcd13	xori	x26,x27,-1867	 x27:0x00000017 x26=0xfffff8a2
      869199000	     43358	80007368	02a45733	divu	x14,x8,x10	  x8:0x80000000 x10:0x80000000 x14=0x00000001
      869219000	     43359	8000736c	0019e933	or	x18,x19,x1	 x19:0x00000017  x1:0x00000000 x18=0x00000017
      869239000	     43360	80007370	40115393	srai	x7,x2,0x1	  x2:0xfd197ff0  x7=0xfe8cbff8
      869259000	     43361	80007374	8959	c.andi	x10,22	 x10:0x80000000 x10=0x00000000
      869279000	     43362	80007376	84c1	c.srai	x9,0x10	  x9:0xffffffff  x9=0xffffffff
      869299000	     43363	80007378	0d9e	c.slli	x27,0x7	 x27:0x00000017 x27=0x00000b80
      869319000	     43364	8000737a	ce6b8513	addi	x10,x23,-794	 x23:0xfffffe18 x10=0xfffffafe
      869519000	     43374	8000737e	03657fb3	remu	x31,x10,x22	 x10:0xfffffafe x22:0x00000000 x31=0xfffffafe
      869679000	     43382	80007382	03437033	remu	x0,x6,x20	  x6:0xc6800000 x20:0x00000000  x0=0x00000000
      869699000	     43383	80007386	15a8ea93	ori	x21,x17,346	 x17:0x80000001 x21=0x8000015b
      869739000	     43385	8000738a	00df9563	bne	x31,x13,80007394	 x31:0xfffffafe x13:0x80000001
      870299000	     43413	80007394	6cdd	c.lui	x25,0x17	 x25=0x00017000
      870559000	     43426	80007396	a9827e93	andi	x29,x4,-1384	  x4:0x00000000 x29=0x00000000
      870699000	     43433	8000739a	13d14713	xori	x14,x2,317	  x2:0xfd197ff0 x14=0xfd197ecd
      870759000	     43436	8000739e	030d5f63	bge	x26,x16,800073dc	 x26:0xfffff8a2 x16:0xfd198000
      870959000	     43446	800073dc	03d3e7b3	rem	x15,x7,x29	  x7:0xfe8cbff8 x29:0x00000000 x15=0xfe8cbff8
      870979000	     43447	800073e0	001728b3	slt	x17,x14,x1	 x14:0xfd197ecd  x1:0x00000000 x17=0x00000001
      871079000	     43452	800073e4	6865	c.lui	x16,0x19	 x16=0x00019000
      871499000	     43473	800073e6	01a69733	sll	x14,x13,x26	 x13:0x80000001 x26:0xfffff8a2 x14=0x00000004
      871659000	     43481	800073ea	0160ef33	or	x30,x1,x22	  x1:0x00000000 x22:0x00000000 x30=0x00000000
      872399000	     43518	800073ee	031968b3	rem	x17,x18,x17	 x18:0x00000017 x17:0x00000001 x17=0x00000000
      872419000	     43519	800073f2	3bfec393	xori	x7,x29,959	 x29:0x00000000  x7=0x000003bf
      872439000	     43520	800073f6	0ff0000f	fence	iorw,iorw	
      872459000	     43521	800073fa	0001	c.addi	x0,0	  x0:0x00000000  x0=0x00000000
      872479000	     43522	800073fc	41970733	sub	x14,x14,x25	 x14:0x00000004 x25:0x00017000 x14=0xfffe9004
      872499000	     43523	80007400	0001	c.addi	x0,0	  x0:0x00000000  x0=0x00000000
      872519000	     43524	80007402	c6c5e313	ori	x6,x11,-916	 x11:0xfd1982c0  x6=0xfffffeec
      872539000	     43525	80007406	523ac793	xori	x15,x21,1315	 x21:0x8000015b x15=0x80000478
      872559000	     43526	8000740a	6129	c.addi16sp	x2,192	  x2:0xfd197ff0  x2=0xfd1980b0
      872579000	     43527	8000740c	0e31e113	ori	x2,x3,227	  x3:0x00000017  x2=0x000000f7
      872739000	     43535	80007410	2206fe93	andi	x29,x13,544	 x13:0x80000001 x29=0x00000000
      873159000	     43556	80007414	34082973	csrrs	x18,mscratch,x16	 x16:0x00019000 x18=0x80000000
      873239000	     43560	80007418	340066f3	csrrsi	x13,mscratch,0	 x13=0x80019000
      873299000	     43563	8000741c	8e99	c.sub	x13,x14	 x13:0x80019000 x14:0xfffe9004 x13=0x8002fffc
      873319000	     43564	8000741e	e289	c.bnez	x13,80007420	 x13:0x8002fffc
      874139000	     43605	80007420	01f80b33	add	x22,x16,x31	 x16:0x00019000 x31:0xfffffafe x22=0x00018afe
      874159000	     43606	80007424	0000100f	fence.i	
      875719000	     43684	80007428	033fef33	rem	x30,x31,x19	 x31:0xfffffafe x19:0x00000017 x30=0xffffffef
      875739000	     43685	8000742c	717d	c.addi16sp	x2,-16	  x2:0x000000f7  x2=0x000000e7
      876499000	     43723	8000742e	026cdeb3	divu	x29,x25,x6	 x25:0x00017000  x6:0xfffffeec x29=0x00000000
      877239000	     43760	80007432	025b6f33	rem	x30,x22,x5	 x22:0x00018afe  x5:0xffffffed x30=0x00000000
      877259000	     43761	80007436	414b5393	srai	x7,x22,0x14	 x22:0x00018afe  x7=0x00000000
      877279000	     43762	8000743a	6735	c.lui	x14,0xd	 x14=0x0000d000
      877299000	     43763	8000743c	3405acf3	csrrs	x25,mscratch,x11	 x11:0xfd1982c0 x25=0x80019000
      877319000	     43764	80007440	011fe1b3	or	x3,x31,x17	 x31:0xfffffafe x17:0x00000000  x3=0xfffffafe
      877339000	     43765	80007444	5eca12b7	lui	x5,0x5eca1	  x5=0x5eca1000
      877359000	     43766	80007448	00b537b3	sltu	x15,x10,x11	 x10:0xfffffafe x11:0xfd1982c0 x15=0x00000000
      877379000	     43767	8000744c	011dd933	srl	x18,x27,x17	 x27:0x00000b80 x17:0x00000000 x18=0x00000b80
      877799000	     43788	80007450	060b8513	addi	x10,x23,96	 x23:0xfffffe18 x10=0xfffffe78
      877819000	     43789	80007454	d493e193	ori	x3,x7,-695	  x7:0x00000000  x3=0xfffffd49
      877919000	     43794	80007458	340419f3	csrrw	x19,mscratch,x8	  x8:0x80000000 x19=0xfd1992c0
      877939000	     43795	8000745c	0d2a	c.slli	x26,0xa	 x26:0xfffff8a2 x26=0xffe28800
      878359000	     43816	8000745e	01635533	srl	x10,x6,x22	  x6:0xfffffeec x22:0x00018afe x10=0x00000003
      879219000	     43859	80007462	02b34033	div	x0,x6,x11	  x6:0xfffffeec x11:0xfd1982c0  x0=0x00000000
      879239000	     43860	80007466	0ff0000f	fence	iorw,iorw	
      879259000	     43861	8000746a	007437b3	sltu	x15,x8,x7	  x8:0x80000000  x7:0x00000000 x15=0x00000000
      879279000	     43862	8000746e	85ed	c.srai	x11,0x1b	 x11:0xfd1982c0 x11=0xffffffff
      879299000	     43863	80007470	873a	c.mv	x14,x14	  x0:0x00000000 x14:0x0000d000 x14=0x0000d000
      879319000	     43864	80007472	1d680993	addi	x19,x16,470	 x16:0x00019000 x19=0x000191d6
      879339000	     43865	80007476	04d27363	bgeu	x4,x13,800074bc	  x4:0x00000000 x13:0x8002fffc
      879359000	     43866	8000747a	01b5dc33	srl	x24,x11,x27	 x11:0xffffffff x27:0x00000b80 x24=0xffffffff
      879419000	     43869	8000747e	016e87b3	add	x15,x29,x22	 x29:0x00000000 x22:0x00018afe x15=0x00018afe
      879439000	     43870	80007482	08e6	c.slli	x17,0x19	 x17:0x00000000 x17=0x00000000
      879479000	     43872	80007484	03ceb4b3	mulhu	x9,x29,x28	 x29:0x00000000 x28:0x80021e64  x9=0x00000000
      879519000	     43874	80007488	40d2d313	srai	x6,x5,0xd	  x5:0x5eca1000  x6=0x0002f650
      879839000	     43890	8000748c	0210abb3	mulhsu	x23,x1,x1	  x1:0x00000000  x1:0x00000000 x23=0x00000000
      879859000	     43891	80007490	99fd	c.andi	x11,-1	 x11:0xffffffff x11=0xffffffff
      880259000	     43911	80007492	01f25133	srl	x2,x4,x31	  x4:0x00000000 x31:0xfffffafe  x2=0x00000000
      880419000	     43919	80007496	00118133	add	x2,x3,x1	  x3:0xfffffd49  x1:0x00000000  x2=0xfffffd49
      880719000	     43934	8000749a	01e77733	and	x14,x14,x30	 x14:0x0000d000 x30:0x00000000 x14=0x00000000
      880739000	     43935	8000749e	c139	c.beqz	x10,800074e4	 x10:0x00000003
      880759000	     43936	800074a0	026f7363	bgeu	x30,x6,800074c6	 x30:0x00000000  x6:0x0002f650
      880779000	     43937	800074a4	2cb8c713	xori	x14,x17,715	 x17:0x00000000 x14=0x000002cb
      881659000	     43981	800074a8	039b73b3	remu	x7,x22,x25	 x22:0x00018afe x25:0x80019000  x7=0x00018afe
      881679000	     43982	800074ac	19d60293	addi	x5,x12,413	 x12:0x80025ce4  x5=0x80025e81
      882419000	     44019	800074b0	02a0dd33	divu	x26,x1,x10	  x1:0x00000000 x10:0x00000003 x26=0x00000000
      882439000	     44020	800074b4	0023a533	slt	x10,x7,x2	  x7:0x00018afe  x2:0xfffffd49 x10=0x00000000
      882459000	     44021	800074b8	0001	c.addi	x0,0	  x0:0x00000000  x0=0x00000000
      882479000	     44022	800074ba	8ce1	c.and	x9,x8	  x9:0x00000000  x8:0x80000000  x9=0x00000000
      882499000	     44023	800074bc	4cd5	c.li	x25,21	 x25=0x00000015
      882519000	     44024	800074be	b8227993	andi	x19,x4,-1150	  x4:0x00000000 x19=0x00000000
      882539000	     44025	800074c2	0000100f	fence.i	
      882619000	     44029	800074c6	86b1	c.srai	x13,0xc	 x13:0x8002fffc x13=0xfff8002f
      882719000	     44034	800074c8	d1430b93	addi	x23,x6,-748	  x6:0x0002f650 x23=0x0002f364
      882739000	     44035	800074cc	01515463	bge	x2,x21,800074d4	  x2:0xfffffd49 x21:0x8000015b
      897959000	     44796	800074d4	00504463	blt	x0,x5,800074dc	  x0:0x00000000  x5:0x80025e81
      898699000	     44833	800074d8	0326cb33	div	x22,x13,x18	 x13:0xfff8002f x18:0x00000b80 x22=0xffffff4e
      898719000	     44834	800074dc	ee85fb93	andi	x23,x11,-280	 x11:0xffffffff x23=0xfffffee8
      898739000	     44835	800074e0	00e61293	slli	x5,x12,0xe	 x12:0x80025ce4  x5=0x97390000
      898759000	     44836	800074e4	8f49	c.or	x14,x10	 x14:0x000002cb x10:0x00000000 x14=0x000002cb
      898779000	     44837	800074e6	340494f3	csrrw	x9,mscratch,x9	  x9:0x00000000  x9=0x80000000
      898799000	     44838	800074ea	0ff0000f	fence	iorw,iorw	
      899559000	     44876	800074ee	03787cb3	remu	x25,x16,x23	 x16:0x00019000 x23:0xfffffee8 x25=0x00019000
      899579000	     44877	800074f2	8ef1	c.and	x13,x12	 x13:0xfff8002f x12:0x80025ce4 x13=0x80000024
      899599000	     44878	800074f4	34002af3	csrrs	x21,mscratch,x0	  x0:0x00000000 x21=0x00000000
      899619000	     44879	800074f8	005a2533	slt	x10,x20,x5	 x20:0x00000000  x5:0x97390000 x10=0x00000000
      899639000	     44880	800074fc	00f9abb3	slt	x23,x19,x15	 x19:0x00000000 x15:0x00018afe x23=0x00000001
      899659000	     44881	80007500	0001	c.addi	x0,0	  x0:0x00000000  x0=0x00000000
      899679000	     44882	80007502	4092d933	sra	x18,x5,x9	  x5:0x97390000  x9:0x80000000 x18=0x97390000
      899699000	     44883	80007506	614d	c.addi16sp	x2,176	  x2:0xfffffd49  x2=0xfffffdf9
      899719000	     44884	80007508	0000100f	fence.i	
      899899000	     44893	8000750c	5bee1397	auipc	x7,0x5bee1	  x7=0xdbee850c
      900039000	     44900	80007510	00fb8233	add	x4,x23,x15	 x23:0x00000001 x15:0x00018afe  x4=0x00018aff
      900839000	     44940	80007514	03c8f1b3	remu	x3,x17,x28	 x17:0x00000000 x28:0x80021e64  x3=0x00000000
      900859000	     44941	80007518	8139	c.srli	x10,0xe	 x10:0x00000000 x10=0x00000000
      900879000	     44942	8000751a	6105	c.addi16sp	x2,32	  x2:0xfffffdf9  x2=0xfffffe19
      900899000	     44943	8000751c	2ef88f13	addi	x30,x17,751	 x17:0x00000000 x30=0x000002ef
      900919000	     44944	80007520	6775	c.lui	x14,0x1d	 x14=0x0001d000
      900939000	     44945	80007522	85f5	c.srai	x11,0x1d	 x11:0xffffffff x11=0xffffffff
      900959000	     44946	80007524	08494c93	xori	x25,x18,132	 x18:0x97390000 x25=0x97390084
      900979000	     44947	80007528	008b21b3	slt	x3,x22,x8	 x22:0xffffff4e  x8:0x80000000  x3=0x00000000
      900999000	     44948	8000752c	1efd	c.addi	x29,-1	 x29:0x00000000 x29=0xffffffff
      901019000	     44949	8000752e	8e81	c.sub	x13,x8	 x13:0x80000024  x8:0x80000000 x13=0x00000024
      901119000	     44954	80007530	035e9933	mulh	x18,x29,x21	 x29:0xffffffff x21:0x00000000 x18=0x00000000
      901219000	     44959	80007534	0100b2b3	sltu	x5,x1,x16	  x1:0x00000000 x16:0x00019000  x5=0x00000001
      901639000	     44980	80007538	01f70833	add	x16,x14,x31	 x14:0x0001d000 x31:0xfffffafe x16=0x0001cafe
      901719000	     44984	8000753c	0182df33	srl	x30,x5,x24	  x5:0x00000001 x24:0xffffffff x30=0x00000000
      901739000	     44985	80007540	014a3a33	sltu	x20,x20,x20	 x20:0x00000000 x20:0x00000000 x20=0x00000000
      902479000	     45022	80007544	0245e0b3	rem	x1,x11,x4	 x11:0xffffffff  x4:0x00018aff  x1=0xffffffff
      902499000	     45023	80007548	c089	c.beqz	x9,8000754a	  x9:0x80000000
      902519000	     45024	8000754a	003275b3	and	x11,x4,x3	  x4:0x00018aff  x3:0x00000000 x11=0x00000000
      902539000	     45025	8000754e	410b53b3	sra	x7,x22,x16	 x22:0xffffff4e x16:0x0001cafe  x7=0xffffffff
      902559000	     45026	80007552	b539a693	slti	x13,x19,-1197	 x19:0x00000000 x13=0x00000000
      902579000	     45027	80007556	90ae	c.add	x1,x11	  x1:0xffffffff x11:0x00000000  x1=0xffffffff
      902879000	     45042	80007558	000975b3	and	x11,x18,x0	 x18:0x00000000  x0:0x00000000 x11=0x00000000
      903219000	     45059	8000755c	55fd	c.li	x11,-1	 x11=0xffffffff
      903239000	     45060	8000755e	0352	c.slli	x6,0x14	  x6:0x0002f650  x6=0x65000000
      903519000	     45074	80007560	3406def3	csrrwi	x29,mscratch,13	 x29=0x00000000
      903719000	     45084	80007564	0316afb3	mulhsu	x31,x13,x17	 x13:0x00000000 x17:0x00000000 x31=0x00000000
      903819000	     45089	80007568	3401d873	csrrwi	x16,mscratch,3	 x16=0x0000000d
      903859000	     45091	8000756c	02a894b3	mulh	x9,x17,x10	 x17:0x00000000 x10:0x00000000  x9=0x00000000
      903939000	     45095	80007570	03b03833	mulhu	x16,x0,x27	  x0:0x00000000 x27:0x00000b80 x16=0x00000000
      903959000	     45096	80007574	e48d	c.bnez	x9,8000759e	  x9:0x00000000
      904739000	     45135	80007576	038af133	remu	x2,x21,x24	 x21:0x00000000 x24:0xffffffff  x2=0x00000000
      904759000	     45136	8000757a	051a	c.slli	x10,0x6	 x10:0x00000000 x10=0x00000000
      904779000	     45137	8000757c	01ee3033	sltu	x0,x28,x30	 x28:0x80021e64 x30:0x00000000  x0=0x00000000
      904799000	     45138	80007580	85feb017	auipc	x0,0x85feb	  x0=0x00000000
      904819000	     45139	80007584	034908b3	mul	x17,x18,x20	 x18:0x00000000 x20:0x00000000 x17=0x00000000
      904879000	     45142	80007588	05f36063	bltu	x6,x31,800075c8	  x6:0x65000000 x31:0x00000000
      904899000	     45143	8000758c	00cd1233	sll	x4,x26,x12	 x26:0x00000000 x12:0x80025ce4  x4=0x00000000
      905339000	     45165	80007590	021dac33	mulhsu	x24,x27,x1	 x27:0x00000b80  x1:0xffffffff x24=0x00000b7f
      905359000	     45166	80007594	0d59	c.addi	x26,22	 x26:0x00000000 x26=0x00000016
      905419000	     45169	80007596	0205d463	bge	x11,x0,800075be	 x11:0xffffffff  x0:0x00000000
      905619000	     45179	8000759a	0a93a117	auipc	x2,0xa93a	  x2=0x8a94159a
      905819000	     45189	8000759e	034489b3	mul	x19,x9,x20	  x9:0x00000000 x20:0x00000000 x19=0x00000000
      906019000	     45199	800075a2	01fccf63	blt	x25,x31,800075c0	 x25:0x97390084 x31:0x00000000
      907019000	     45249	800075c0	0397f233	remu	x4,x15,x25	 x15:0x00018afe x25:0x97390084  x4=0x00018afe
      907039000	     45250	800075c4	413304b3	sub	x9,x6,x19	  x6:0x65000000 x19:0x00000000  x9=0x65000000
      907059000	     45251	800075c8	00e13f33	sltu	x30,x2,x14	  x2:0x8a94159a x14:0x0001d000 x30=0x00000000
      907079000	     45252	800075cc	684d	c.lui	x16,0x13	 x16=0x00013000
      907099000	     45253	800075ce	bd938c13	addi	x24,x7,-1063	  x7:0xffffffff x24=0xfffffbd8
      907119000	     45254	800075d2	0a96	c.slli	x21,0x5	 x21:0x00000000 x21=0x00000000
      907159000	     45256	800075d4	032b16b3	mulh	x13,x22,x18	 x22:0xffffff4e x18:0x00000000 x13=0x00000000
      907459000	     45271	800075d8	f8d36b13	ori	x22,x6,-115	  x6:0x65000000 x22=0xffffff8d
      907479000	     45272	800075dc	c919	c.beqz	x10,800075f2	 x10:0x00000000
      907939000	     45295	800075f2	01d63133	sltu	x2,x12,x29	 x12:0x80025ce4 x29:0x00000000  x2=0x00000000
      907959000	     45296	800075f6	98fd	c.andi	x9,-1	  x9:0x65000000  x9=0x65000000
      907979000	     45297	800075f8	234a20b7	lui	x1,0x234a2	  x1=0x234a2000
      908839000	     45340	800075fc	0210e1b3	rem	x3,x1,x1	  x1:0x234a2000  x1:0x234a2000  x3=0x00000000
      908859000	     45341	80007600	c909	c.beqz	x10,80007612	 x10:0x00000000
      908919000	     45344	80007612	0186c263	blt	x13,x24,80007616	 x13:0x00000000 x24:0xfffffbd8
      909359000	     45366	80007616	01339d63	bne	x7,x19,80007630	  x7:0xffffffff x19:0x00000000
      909839000	     45390	80007630	340f7c73	csrrci	x24,mscratch,30	 x24=0x00000003
      909879000	     45392	80007634	0315ba33	mulhu	x20,x11,x17	 x11:0xffffffff x17:0x00000000 x20=0x00000000
      909979000	     45397	80007638	0ff0000f	fence	iorw,iorw	
      910399000	     45418	8000763c	40fbd2b3	sra	x5,x23,x15	 x23:0x00000001 x15:0x00018afe  x5=0x00000000
      910419000	     45419	80007640	028b0a33	mul	x20,x22,x8	 x22:0xffffff8d  x8:0x80000000 x20=0x80000000
      910439000	     45420	80007644	34065a73	csrrwi	x20,mscratch,12	 x20=0x00000001
      910519000	     45424	80007648	34cffeb7	lui	x29,0x34cff	 x29=0x34cff000
      910539000	     45425	8000764c	3404d273	csrrwi	x4,mscratch,9	  x4=0x0000000c
      910559000	     45426	80007650	0a9a	c.slli	x21,0x6	 x21:0x00000000 x21=0x00000000
      910579000	     45427	80007652	1a14	c.addi4spn	x13,x2,304	 x13=0x00000130
      910599000	     45428	80007654	0001	c.addi	x0,0	  x0:0x00000000  x0=0x00000000
      910619000	     45429	80007656	0000100f	fence.i	
      910879000	     45442	8000765a	9732	c.add	x14,x12	 x14:0x0001d000 x12:0x80025ce4 x14=0x80042ce4
      910999000	     45448	8000765c	0396	c.slli	x7,0x5	  x7:0xffffffff  x7=0xffffffe0
      911019000	     45449	8000765e	817d	c.srli	x10,0x1f	 x10:0x00000000 x10=0x00000000
      911039000	     45450	80007660	a5102d93	slti	x27,x0,-1455	  x0:0x00000000 x27=0x00000000
      911259000	     45461	80007664	0001	c.addi	x0,0	  x0:0x00000000  x0=0x00000000
      911439000	     45470	80007666	407d7e93	andi	x29,x26,1031	 x26:0x00000016 x29=0x00000006
      911539000	     45475	8000766a	00fc8d63	beq	x25,x15,80007684	 x25:0x97390084 x15:0x00018afe
      911559000	     45476	8000766e	8cb1	c.xor	x9,x12	  x9:0x65000000 x12:0x80025ce4  x9=0xe5025ce4
      911579000	     45477	80007670	415c5833	sra	x16,x24,x21	 x24:0x00000003 x21:0x00000000 x16=0x00000003
      911979000	     45497	80007674	004d8733	add	x14,x27,x4	 x27:0x00000000  x4:0x0000000c x14=0x0000000c
      912019000	     45499	80007678	0335d3b3	divu	x7,x11,x19	 x11:0xffffffff x19:0x00000000  x7=0xffffffff
      912039000	     45500	8000767c	00b36733	or	x14,x6,x11	  x6:0x65000000 x11:0xffffffff x14=0xffffffff
      912059000	     45501	80007680	55050113	addi	x2,x10,1360	 x10:0x00000000  x2=0x00000550
      912079000	     45502	80007684	035a87b3	mul	x15,x21,x21	 x21:0x00000000 x21:0x00000000 x15=0x00000000
      912999000	     45548	80007688	03c3cbb3	div	x23,x7,x28	  x7:0xffffffff x28:0x80021e64 x23=0x00000000
      913019000	     45549	8000768c	06ad7913	andi	x18,x26,106	 x26:0x00000016 x18=0x00000002
      913759000	     45586	80007690	026074b3	remu	x9,x0,x6	  x0:0x00000000  x6:0x65000000  x9=0x00000000
      913779000	     45587	80007694	0127f5b3	and	x11,x15,x18	 x15:0x00000000 x18:0x00000002 x11=0x00000000
      913799000	     45588	80007698	023c0733	mul	x14,x24,x3	 x24:0x00000003  x3:0x00000000 x14=0x00000000
      913819000	     45589	8000769c	013b9563	bne	x23,x19,800076a6	 x23:0x00000000 x19:0x00000000
      913839000	     45590	800076a0	ea9d	c.bnez	x13,800076d6	 x13:0x00000130
      914839000	     45640	800076d6	340e1573	csrrw	x10,mscratch,x28	 x28:0x80021e64 x10=0x00000009
      914959000	     45646	800076da	a0314213	xori	x4,x2,-1533	  x2:0x00000550  x4=0xffffff53
      914979000	     45647	800076de	6aa9	c.lui	x21,0xa	 x21=0x0000a000
      915719000	     45684	800076e0	03d24533	div	x10,x4,x29	  x4:0xffffff53 x29:0x00000006 x10=0xffffffe4
      915739000	     45685	800076e4	c0b9	c.beqz	x9,8000772a	  x9:0x00000000
      916079000	     45702	8000772a	03ab1363	bne	x22,x26,80007750	 x22:0xffffff8d x26:0x00000016
      917339000	     45765	80007750	0272c2b3	div	x5,x5,x7	  x5:0x00000000  x7:0xffffffff  x5=0x00000000
      917359000	     45766	80007754	8f75	c.and	x14,x13	 x14:0x00000000 x13:0x00000130 x14=0x00000000
      917379000	     45767	80007756	0178a7b3	slt	x15,x17,x23	 x17:0x00000000 x23:0x00000000 x15=0x00000000
      917399000	     45768	8000775a	9176	c.add	x2,x29	  x2:0x00000550 x29:0x00000006  x2=0x00000556
      917419000	     45769	8000775c	017de333	or	x6,x27,x23	 x27:0x00000000 x23:0x00000000  x6=0x00000000
      917439000	     45770	80007760	61064b93	xori	x23,x12,1552	 x12:0x80025ce4 x23=0x80025af4
      917539000	     45775	80007764	028e7663	bgeu	x28,x8,80007790	 x28:0x80021e64  x8:0x80000000
      917699000	     45783	80007790	bf9b2793	slti	x15,x22,-1031	 x22:0xffffff8d x15=0x00000000
      917719000	     45784	80007794	340153f3	csrrwi	x7,mscratch,2	  x7=0x80021e64
      917759000	     45786	80007798	023226b3	mulhsu	x13,x4,x3	  x4:0xffffff53  x3:0x00000000 x13=0x00000000
      917839000	     45790	8000779c	003763b3	or	x7,x14,x3	 x14:0x00000000  x3:0x00000000  x7=0x00000000
      917919000	     45794	800077a0	03c235b3	mulhu	x11,x4,x28	  x4:0xffffff53 x28:0x80021e64 x11=0x80021e0d
      918239000	     45810	800077a4	01821463	bne	x4,x24,800077ac	  x4:0xffffff53 x24:0x00000003
      918579000	     45827	800077ac	3401aa73	csrrs	x20,mscratch,x3	  x3:0x00000000 x20=0x00000002
      918619000	     45829	800077b0	ce700097	auipc	x1,0xce700	  x1=0x4e7077b0
      918639000	     45830	800077b4	8ea5	c.xor	x13,x9	 x13:0x00000000  x9:0x00000000 x13=0x00000000
      918719000	     45834	800077b6	34007f73	csrrci	x30,mscratch,0	 x30=0x00000002
      918739000	     45835	800077ba	0d1d5797	auipc	x15,0xd1d5	 x15=0x8d1dc7ba
      918759000	     45836	800077be	036b8263	beq	x23,x22,800077e2	 x23:0x80025af4 x22:0xffffff8d
      918779000	     45837	800077c2	1194	c.addi4spn	x13,x2,224	 x13=0x00000636
      918919000	     45844	800077c4	40ec5c13	srai	x24,x24,0xe	 x24:0x00000003 x24=0x00000000
      918939000	     45845	800077c8	01920563	beq	x4,x25,800077d2	  x4:0xffffff53 x25:0x97390084
      918979000	     45847	800077cc	0001	c.addi	x0,0	  x0:0x00000000  x0=0x00000000
      918999000	     45848	800077ce	40ce56b3	sra	x13,x28,x12	 x28:0x80021e64 x12:0x80025ce4 x13=0xf80021e6
      919259000	     45861	800077d2	410e5693	srai	x13,x28,0x10	 x28:0x80021e64 x13=0xffff8002
      919279000	     45862	800077d6	59fd	c.li	x19,-1	 x19=0xffffffff
      920019000	     45899	800077d8	03e7c9b3	div	x19,x15,x30	 x15:0x8d1dc7ba x30:0x00000002 x19=0xc68ee3dd
      920039000	     45900	800077dc	104ce393	ori	x7,x25,260	 x25:0x97390084  x7=0x97390184
      920059000	     45901	800077e0	0188	c.addi4spn	x10,x2,192	 x10=0x00000616
      920079000	     45902	800077e2	00dd5463	bge	x26,x13,800077ea	 x26:0x00000016 x13:0xffff8002
      920139000	     45905	800077ea	14607013	andi	x0,x0,326	  x0:0x00000000  x0=0x00000000
      920159000	     45906	800077ee	0001	c.addi	x0,0	  x0:0x00000000  x0=0x00000000
      920239000	     45910	800077f0	c98d	c.beqz	x11,80007822	 x11:0x80021e0d
      920479000	     45922	800077f2	34006073	csrrsi	x0,mscratch,0	  x0=0x00000000
      920619000	     45929	800077f6	02e56fb3	rem	x31,x10,x14	 x10:0x00000616 x14:0x00000000 x31=0x00000616
      920639000	     45930	800077fa	4087d693	srai	x13,x15,0x8	 x15:0x8d1dc7ba x13=0xff8d1dc7
      920719000	     45934	800077fe	40300f33	sub	x30,x0,x3	  x0:0x00000000  x3:0x00000000 x30=0x00000000
      920779000	     45937	80007802	021f7063	bgeu	x30,x1,80007822	 x30:0x00000000  x1:0x4e7077b0
      920799000	     45938	80007806	00399213	slli	x4,x19,0x3	 x19:0xc68ee3dd  x4=0x34771ee8
      920819000	     45939	8000780a	875d	c.srai	x14,0x17	 x14:0x00000000 x14=0x00000000
      920899000	     45943	8000780c	0001	c.addi	x0,0	  x0:0x00000000  x0=0x00000000
      920919000	     45944	8000780e	8fb9	c.xor	x15,x14	 x15:0x8d1dc7ba x14:0x00000000 x15=0x8d1dc7ba
      920939000	     45945	80007810	01658d63	beq	x11,x22,8000782a	 x11:0x80021e0d x22:0xffffff8d
      920959000	     45946	80007814	4f39	c.li	x30,14	 x30=0x0000000e
      920979000	     45947	80007816	404589b3	sub	x19,x11,x4	 x11:0x80021e0d  x4:0x34771ee8 x19=0x4b8aff25
      920999000	     45948	8000781a	988e	c.add	x17,x3	 x17:0x00000000  x3:0x00000000 x17=0x00000000
      921259000	     45961	8000781c	8fd9	c.or	x15,x14	 x15:0x8d1dc7ba x14:0x00000000 x15=0x8d1dc7ba
      921379000	     45967	8000781e	340dd073	csrrwi	x0,mscratch,27	  x0=0x00000000
      921399000	     45968	80007822	0314	c.addi4spn	x13,x2,384	 x13=0x000006d6
      921419000	     45969	80007824	8d05	c.sub	x10,x9	 x10:0x00000616  x9:0x00000000 x10=0x00000616
      921819000	     45989	80007826	03510233	mul	x4,x2,x21	  x2:0x00000556 x21:0x0000a000  x4=0x0355c000
      921839000	     45990	8000782a	0cc6	c.slli	x25,0x11	 x25:0x97390084 x25=0x01080000
      921859000	     45991	8000782c	8d99	c.sub	x11,x14	 x11:0x80021e0d x14:0x00000000 x11=0x80021e0d
      921879000	     45992	8000782e	0143eeb3	or	x29,x7,x20	  x7:0x97390184 x20:0x00000002 x29=0x97390186
      921919000	     45994	80007832	0218a5b3	mulhsu	x11,x17,x1	 x17:0x00000000  x1:0x4e7077b0 x11=0x00000000
      921939000	     45995	80007836	01f77463	bgeu	x14,x31,8000783e	 x14:0x00000000 x31:0x00000616
      921959000	     45996	8000783a	517d	c.li	x2,-1	  x2=0xffffffff
      922319000	     46014	8000783c	06a2	c.slli	x13,0x8	 x13:0x000006d6 x13=0x0006d600
      922339000	     46015	8000783e	5efd	c.li	x29,-1	 x29=0xffffffff
      922599000	     46028	80007840	0ff0000f	fence	iorw,iorw	
      922759000	     46036	80007844	40b204b3	sub	x9,x4,x11	  x4:0x0355c000 x11:0x00000000  x9=0x0355c000
      922779000	     46037	80007848	e785	c.bnez	x15,80007870	 x15:0x8d1dc7ba
      923559000	     46076	80007870	41625213	srai	x4,x4,0x16	  x4:0x0355c000  x4=0x0000000d
      923979000	     46097	80007874	0001	c.addi	x0,0	  x0:0x00000000  x0=0x00000000
      924319000	     46114	80007876	01d648b3	xor	x17,x12,x29	 x12:0x80025ce4 x29:0xffffffff x17=0x7ffda31b
      924519000	     46124	8000787a	012ae833	or	x16,x21,x18	 x21:0x0000a000 x18:0x00000002 x16=0x0000a002
      924539000	     46125	8000787e	6149	c.addi16sp	x2,144	  x2:0xffffffff  x2=0x0000008f
      924659000	     46131	80007880	a100d3b7	lui	x7,0xa100d	  x7=0xa100d000
      924679000	     46132	80007884	0000100f	fence.i	
      925339000	     46165	80007888	e919	c.bnez	x10,8000789e	 x10:0x00000616
      926839000	     46240	8000789e	56fd	c.li	x13,-1	 x13=0xffffffff
      927019000	     46249	800078a0	67ad	c.lui	x15,0xb	 x15=0x0000b000
      927759000	     46286	800078a2	024870b3	remu	x1,x16,x4	 x16:0x0000a002  x4:0x0000000d  x1=0x0000000c
      927779000	     46287	800078a6	8fe9	c.and	x15,x10	 x15:0x0000b000 x10:0x00000616 x15=0x00000000
      927799000	     46288	800078a8	01a25c63	bge	x4,x26,800078c0	  x4:0x0000000d x26:0x00000016
      927819000	     46289	800078ac	34039a73	csrrw	x20,mscratch,x7	  x7:0xa100d000 x20=0x0000001b
      927859000	     46291	800078b0	023cc033	div	x0,x25,x3	 x25:0x01080000  x3:0x00000000  x0=0x00000000
      927879000	     46292	800078b4	80f1	c.srli	x9,0x1c	  x9:0x0355c000  x9=0x00000000
      927999000	     46298	800078b6	029cd463	bge	x25,x9,800078de	 x25:0x01080000  x9:0x00000000
      928539000	     46325	800078de	0ff0000f	fence	iorw,iorw	
      928679000	     46332	800078e2	8e4a8193	addi	x3,x21,-1820	 x21:0x0000a000  x3=0x000098e4
      928779000	     46337	800078e6	ae2d6793	ori	x15,x26,-1310	 x26:0x00000016 x15=0xfffffaf6
      929859000	     46391	800078ea	02ffc6b3	div	x13,x31,x15	 x31:0x00000616 x15:0xfffffaf6 x13=0xffffffff
      929879000	     46392	800078ee	02509763	bne	x1,x5,8000791c	  x1:0x0000000c  x5:0x00000000
      930319000	     46414	8000791c	6d98f793	andi	x15,x17,1753	 x17:0x7ffda31b x15=0x00000219
      930359000	     46416	80007920	01341493	slli	x9,x8,0x13	  x8:0x80000000  x9=0x00000000
      930379000	     46417	80007924	0001	c.addi	x0,0	  x0:0x00000000  x0=0x00000000
      930399000	     46418	80007926	012d94b3	sll	x9,x27,x18	 x27:0x00000000 x18:0x00000002  x9=0x00000000
      930539000	     46425	8000792a	026cb733	mulhu	x14,x25,x6	 x25:0x01080000  x6:0x00000000 x14=0x00000000
      930559000	     46426	8000792e	8c8d	c.sub	x9,x11	  x9:0x00000000 x11:0x00000000  x9=0x00000000
      930579000	     46427	80007930	01f11393	slli	x7,x2,0x1f	  x2:0x0000008f  x7=0x80000000
      930659000	     46431	80007934	34095a73	csrrwi	x20,mscratch,18	 x20=0xa100d000
      930679000	     46432	80007938	411f5ab3	sra	x21,x30,x17	 x30:0x0000000e x17:0x7ffda31b x21=0x00000000
      930699000	     46433	8000793c	046b6263	bltu	x22,x6,80007980	 x22:0xffffff8d  x6:0x00000000
      930719000	     46434	80007940	8766	c.mv	x14,x25	  x0:0x00000000 x25:0x01080000 x14=0x01080000
      930859000	     46441	80007942	00383b33	sltu	x22,x16,x3	 x16:0x0000a002  x3:0x000098e4 x22=0x00000000
      931019000	     46449	80007946	34003f73	csrrc	x30,mscratch,x0	  x0:0x00000000 x30=0x00000012
      931039000	     46450	8000794a	002ed813	srli	x16,x29,0x2	 x29:0xffffffff x16=0x3fffffff
      931059000	     46451	8000794e	0fa1	c.addi	x31,8	 x31:0x00000616 x31=0x0000061e
      931079000	     46452	80007950	1888	c.addi4spn	x10,x2,112	 x10=0x000000ff
      931099000	     46453	80007952	00d3f363	bgeu	x7,x13,80007958	  x7:0x80000000 x13:0xffffffff
      931119000	     46454	80007956	0a88	c.addi4spn	x10,x2,336	 x10=0x000001df
      931259000	     46461	80007958	8df2	c.mv	x27,x28	  x0:0x00000000 x28:0x80021e64 x27=0x80021e64
      931279000	     46462	8000795a	018a25b3	slt	x11,x20,x24	 x20:0xa100d000 x24:0x00000000 x11=0x00000001
      931319000	     46464	8000795e	036242b3	div	x5,x4,x22	  x4:0x0000000d x22:0x00000000  x5=0xffffffff
      931419000	     46469	80007962	a02ce3b7	lui	x7,0xa02ce	  x7=0xa02ce000
      932239000	     46510	80007966	033cf4b3	remu	x9,x25,x19	 x25:0x01080000 x19:0x4b8aff25  x9=0x01080000
      932279000	     46512	8000796a	034da1b3	mulhsu	x3,x27,x20	 x27:0x80021e64 x20:0xa100d000  x3=0xaf80ed1e
      932299000	     46513	8000796e	340b37f3	csrrc	x15,mscratch,x22	 x22:0x00000000 x15=0x00000012
      932319000	     46514	80007972	34033773	csrrc	x14,mscratch,x6	  x6:0x00000000 x14=0x00000012
      932339000	     46515	80007976	340035f3	csrrc	x11,mscratch,x0	  x0:0x00000000 x11=0x00000012
      932359000	     46516	8000797a	40b1d013	srai	x0,x3,0xb	  x3:0xaf80ed1e  x0=0x00000000
      932379000	     46517	8000797e	91ba	c.add	x3,x14	  x3:0xaf80ed1e x14:0x00000012  x3=0xaf80ed30
      932399000	     46518	80007980	0001	c.addi	x0,0	  x0:0x00000000  x0=0x00000000
      932639000	     46530	80007982	649ca093	slti	x1,x25,1609	 x25:0x01080000  x1=0x00000000
      932659000	     46531	80007986	340913f3	csrrw	x7,mscratch,x18	 x18:0x00000002  x7=0x00000012
      932679000	     46532	8000798a	fb840013	addi	x0,x8,-72	  x8:0x80000000  x0=0x00000000
      942519000	     47024	8000798e	fa46fa17	auipc	x20,0xfa46f	 x20=0x7a47698e
      942539000	     47025	80007992	34017273	csrrci	x4,mscratch,2	  x4=0x00000002
      942559000	     47026	80007996	0001	c.addi	x0,0	  x0:0x00000000  x0=0x00000000
      942579000	     47027	80007998	404f5c13	srai	x24,x30,0x4	 x30:0x00000012 x24=0x00000001
      942599000	     47028	8000799c	814d	c.srli	x10,0x13	 x10:0x000001df x10=0x00000000
      942619000	     47029	8000799e	8535	c.srai	x10,0xd	 x10:0x00000000 x10=0x00000000
      942639000	     47030	800079a0	097a	c.slli	x18,0x1e	 x18:0x00000002 x18=0x80000000
      942659000	     47031	800079a2	3402adf3	csrrs	x27,mscratch,x5	  x5:0xffffffff x27=0x00000000
      943059000	     47051	800079a6	2826fb93	andi	x23,x13,642	 x13:0xffffffff x23=0x00000282
      943079000	     47052	800079aa	8dd1	c.or	x11,x12	 x11:0x00000012 x12:0x80025ce4 x11=0x80025cf6
      943979000	     47097	800079ac	027758b3	divu	x17,x14,x7	 x14:0x00000012  x7:0x00000012 x17=0x00000001
      943999000	     47098	800079b0	01b31a33	sll	x20,x6,x27	  x6:0x00000000 x27:0x00000000 x20=0x00000000
      944019000	     47099	800079b4	696d	c.lui	x18,0x1b	 x18=0x0001b000
      944039000	     47100	800079b6	00a1d333	srl	x6,x3,x10	  x3:0xaf80ed30 x10:0x00000000  x6=0xaf80ed30
      944059000	     47101	800079ba	478d	c.li	x15,3	 x15=0x00000003
      944079000	     47102	800079bc	0001	c.addi	x0,0	  x0:0x00000000  x0=0x00000000
      944099000	     47103	800079be	0001	c.addi	x0,0	  x0:0x00000000  x0=0x00000000
      944139000	     47105	800079c0	031737b3	mulhu	x15,x14,x17	 x14:0x00000012 x17:0x00000001 x15=0x00000000
      944879000	     47142	800079c4	0229e8b3	rem	x17,x19,x2	 x19:0x4b8aff25  x2:0x0000008f x17=0x00000041
      944899000	     47143	800079c8	0ff0000f	fence	iorw,iorw	
      944919000	     47144	800079cc	0001	c.addi	x0,0	  x0:0x00000000  x0=0x00000000
      944939000	     47145	800079ce	402300b3	sub	x1,x6,x2	  x6:0xaf80ed30  x2:0x0000008f  x1=0xaf80eca1
      944959000	     47146	800079d2	0001	c.addi	x0,0	  x0:0x00000000  x0=0x00000000
      944979000	     47147	800079d4	00551fb3	sll	x31,x10,x5	 x10:0x00000000  x5:0xffffffff x31=0x00000000
      944999000	     47148	800079d8	340b7bf3	csrrci	x23,mscratch,22	 x23=0xffffffff
      945019000	     47149	800079dc	cf81	c.beqz	x15,800079f4	 x15:0x00000000
      946119000	     47204	800079f4	c389	c.beqz	x15,800079f6	 x15:0x00000000
      946599000	     47228	800079f6	00835113	srli	x2,x6,0x8	  x6:0xaf80ed30  x2=0x00af80ed
      946619000	     47229	800079fa	6ac9	c.lui	x21,0x12	 x21=0x00012000
      947019000	     47249	800079fc	0001	c.addi	x0,0	  x0:0x00000000  x0=0x00000000
      947039000	     47250	800079fe	032c0f63	beq	x24,x18,80007a3c	 x24:0x00000001 x18:0x0001b000
      947459000	     47271	80007a02	9238c393	xori	x7,x17,-1757	 x17:0x00000041  x7=0xfffff962
      947479000	     47272	80007a06	8dd5	c.or	x11,x13	 x11:0x80025cf6 x13:0xffffffff x11=0xffffffff
      947499000	     47273	80007a08	007f6463	bltu	x30,x7,80007a10	 x30:0x00000012  x7:0xfffff962
      947579000	     47277	80007a10	34003b73	csrrc	x22,mscratch,x0	  x0:0x00000000 x22=0xffffffe9
      947799000	     47288	80007a14	00eab9b3	sltu	x19,x21,x14	 x21:0x00012000 x14:0x00000012 x19=0x00000000
      947919000	     47294	80007a18	34039273	csrrw	x4,mscratch,x7	  x7:0xfffff962  x4=0xffffffe9
      948339000	     47315	80007a1c	0ff0000f	fence	iorw,iorw	
      948359000	     47316	80007a20	1d6d3a93	sltiu	x21,x26,470	 x26:0x00000016 x21=0x00000001
      948659000	     47331	80007a24	05ca3d13	sltiu	x26,x20,92	 x20:0x00000000 x26=0x00000001
      949099000	     47353	80007a28	02f05ab3	divu	x21,x0,x15	  x0:0x00000000 x15:0x00000000 x21=0xffffffff
      949119000	     47354	80007a2c	717d	c.addi16sp	x2,-16	  x2:0x00af80ed  x2=0x00af80dd
      949139000	     47355	80007a2e	0ff0000f	fence	iorw,iorw	
      949159000	     47356	80007a32	0012feb3	and	x29,x5,x1	  x5:0xffffffff  x1:0xaf80eca1 x29=0xaf80eca1
      949179000	     47357	80007a36	8fbe	c.mv	x31,x15	  x0:0x00000000 x15:0x00000000 x31=0x00000000
      949199000	     47358	80007a38	aa40b793	sltiu	x15,x1,-1372	  x1:0xaf80eca1 x15=0x00000001
      949339000	     47365	80007a3c	340a5973	csrrwi	x18,mscratch,20	 x18=0xfffff962
      949439000	     47370	80007a40	022ea1b3	mulhsu	x3,x29,x2	 x29:0xaf80eca1  x2:0x00af80dd  x3=0xffc8d09c
      949499000	     47373	80007a44	bb838093	addi	x1,x7,-1096	  x7:0xfffff962  x1=0xfffff51a
      949599000	     47378	80007a48	34003573	csrrc	x10,mscratch,x0	  x0:0x00000000 x10=0x00000014
      949779000	     47387	80007a4c	1b08	c.addi4spn	x10,x2,432	 x10=0x00af828d
      949799000	     47388	80007a4e	e189	c.bnez	x11,80007a50	 x11:0xffffffff
      950439000	     47420	80007a50	8d31	c.xor	x10,x12	 x10:0x00af828d x12:0x80025ce4 x10=0x80adde69
      950459000	     47421	80007a52	8515	c.srai	x10,0x5	 x10:0x80adde69 x10=0xfc056ef3
      950779000	     47437	80007a54	41c40333	sub	x6,x8,x28	  x8:0x80000000 x28:0x80021e64  x6=0xfffde19c
      950799000	     47438	80007a58	014ee363	bltu	x29,x20,80007a5e	 x29:0xaf80eca1 x20:0x00000000
      950819000	     47439	80007a5c	8f99	c.sub	x15,x14	 x15:0x00000001 x14:0x00000012 x15=0xffffffef
      950839000	     47440	80007a5e	8aed	c.andi	x13,27	 x13:0xffffffff x13=0x0000001b
      951239000	     47460	80007a60	97e6	c.add	x15,x25	 x15:0xffffffef x25:0x01080000 x15=0x0107ffef
      951259000	     47461	80007a62	05981063	bne	x16,x25,80007aa2	 x16:0x3fffffff x25:0x01080000
      952239000	     47510	80007aa2	0b22	c.slli	x22,0x8	 x22:0xffffffe9 x22=0xffffe900
      952979000	     47547	80007aa4	024dd9b3	divu	x19,x27,x4	 x27:0x00000000  x4:0xffffffe9 x19=0x00000000
      953719000	     47584	80007aa8	02cced33	rem	x26,x25,x12	 x25:0x01080000 x12:0x80025ce4 x26=0x01080000
      953739000	     47585	80007aac	0001	c.addi	x0,0	  x0:0x00000000  x0=0x00000000
      953759000	     47586	80007aae	8d79	c.and	x10,x14	 x10:0xfc056ef3 x14:0x00000012 x10=0x00000012
      953779000	     47587	80007ab0	8ead	c.xor	x13,x11	 x13:0x0000001b x11:0xffffffff x13=0xffffffe4
      953799000	     47588	80007ab2	9c66c313	xori	x6,x13,-1594	 x13:0xffffffe4  x6=0x00000622
      953819000	     47589	80007ab6	01709b63	bne	x1,x23,80007acc	  x1:0xfffff51a x23:0xffffffff
      954619000	     47629	80007acc	1b7d	c.addi	x22,-1	 x22:0xffffe900 x22=0xffffe8ff
      955379000	     47667	80007ace	03d87bb3	remu	x23,x16,x29	 x16:0x3fffffff x29:0xaf80eca1 x23=0x3fffffff
      955399000	     47668	80007ad2	177d	c.addi	x14,-1	 x14:0x00000012 x14=0x00000011
      955419000	     47669	80007ad4	0001	c.addi	x0,0	  x0:0x00000000  x0=0x00000000
      955439000	     47670	80007ad6	00c69eb3	sll	x29,x13,x12	 x13:0xffffffe4 x12:0x80025ce4 x29=0xfffffe40
      955459000	     47671	80007ada	340060f3	csrrsi	x1,mscratch,0	  x1=0x00000014
      955479000	     47672	80007ade	004229b3	slt	x19,x4,x4	  x4:0xffffffe9  x4:0xffffffe9 x19=0x00000000
      955499000	     47673	80007ae2	002f58b3	srl	x17,x30,x2	 x30:0x00000012  x2:0x00af80dd x17=0x00000000
      955739000	     47685	80007ae6	60cfe997	auipc	x19,0x60cfe	 x19=0xe0d05ae6
      955779000	     47687	80007aea	023d6663	bltu	x26,x3,80007b16	 x26:0x01080000  x3:0xffc8d09c
      956359000	     47716	80007b16	00d3c733	xor	x14,x7,x13	  x7:0xfffff962 x13:0xffffffe4 x14=0x00000686
      956379000	     47717	80007b1a	9bfd	c.andi	x15,-1	 x15:0x0107ffef x15=0x0107ffef
      956399000	     47718	80007b1c	03780533	mul	x10,x16,x23	 x16:0x3fffffff x23:0x3fffffff x10=0x80000001
      956419000	     47719	80007b20	0ff0000f	fence	iorw,iorw	
      956479000	     47722	80007b24	340310f3	csrrw	x1,mscratch,x6	  x6:0x00000622  x1=0x00000014
      956599000	     47728	80007b28	02e09663	bne	x1,x14,80007b54	  x1:0x00000014 x14:0x00000686
      957239000	     47760	80007b54	055f4163	blt	x30,x21,80007b96	 x30:0x00000012 x21:0xffffffff
      957319000	     47764	80007b58	57fd	c.li	x15,-1	 x15=0xffffffff
      957339000	     47765	80007b5a	0001	c.addi	x0,0	  x0:0x00000000  x0=0x00000000
      957519000	     47774	80007b5c	412a52b3	sra	x5,x20,x18	 x20:0x00000000 x18:0xfffff962  x5=0x00000000
      957939000	     47795	80007b60	e095	c.bnez	x9,80007b84	  x9:0x01080000
      958339000	     47815	80007b84	81e9	c.srli	x11,0x1a	 x11:0xffffffff x11=0x0000003f
      958379000	     47817	80007b86	18ae3f37	lui	x30,0x18ae3	 x30=0x18ae3000
      958399000	     47818	80007b8a	01826d63	bltu	x4,x24,80007ba4	  x4:0xffffffe9 x24:0x00000001
      958439000	     47820	80007b8e	02043b33	mulhu	x22,x8,x0	  x8:0x80000000  x0:0x00000000 x22=0x00000000
      958559000	     47826	80007b92	01009e63	bne	x1,x16,80007bae	  x1:0x00000014 x16:0x3fffffff
      958819000	     47839	80007bae	47c1	c.li	x15,16	 x15=0x00000010
      958999000	     47848	80007bb0	0ff0000f	fence	iorw,iorw	
      959019000	     47849	80007bb4	8fb5	c.xor	x15,x13	 x15:0x00000010 x13:0xffffffe4 x15=0xfffffff4
      959359000	     47866	80007bb6	036922b3	mulhsu	x5,x18,x22	 x18:0xfffff962 x22:0x00000000  x5=0x00000000
      959379000	     47867	80007bba	83a9	c.srli	x15,0xa	 x15:0xfffffff4 x15=0x003fffff
      959499000	     47873	80007bbc	00eb7263	bgeu	x22,x14,80007bc0	 x22:0x00000000 x14:0x00000686
      959519000	     47874	80007bc0	0ff0000f	fence	iorw,iorw	
      959919000	     47894	80007bc4	34015df3	csrrwi	x27,mscratch,2	 x27=0x00000622
      960019000	     47899	80007bc8	577d	c.li	x14,-1	 x14=0xffffffff
      960039000	     47900	80007bca	c719	c.beqz	x14,80007bd8	 x14:0xffffffff
      960059000	     47901	80007bcc	3c118a13	addi	x20,x3,961	  x3:0xffc8d09c x20=0xffc8d45d
      960419000	     47919	80007bd0	9366	c.add	x6,x25	  x6:0x00000622 x25:0x01080000  x6=0x01080622
      960479000	     47922	80007bd2	03ef8c33	mul	x24,x31,x30	 x31:0x00000000 x30:0x18ae3000 x24=0x00000000
      960499000	     47923	80007bd6	8f4d	c.or	x14,x11	 x14:0xffffffff x11:0x0000003f x14=0xffffffff
      960719000	     47934	80007bd8	000cc233	xor	x4,x25,x0	 x25:0x01080000  x0:0x00000000  x4=0x01080000
      960759000	     47936	80007bdc	0358aab3	mulhsu	x21,x17,x21	 x17:0x00000000 x21:0xffffffff x21=0x00000000
      960859000	     47941	80007be0	1cfd	c.addi	x25,-1	 x25:0x01080000 x25=0x0107ffff
      960879000	     47942	80007be2	3400b8f3	csrrc	x17,mscratch,x1	  x1:0x00000014 x17=0x00000002
      960899000	     47943	80007be6	409501b3	sub	x3,x10,x9	 x10:0x80000001  x9:0x01080000  x3=0x7ef80001
      961099000	     47953	80007bea	0ff0000f	fence	iorw,iorw	
      961219000	     47959	80007bee	ca42b097	auipc	x1,0xca42b	  x1=0x4a432bee
      961239000	     47960	80007bf2	980e	c.add	x16,x3	 x16:0x3fffffff  x3:0x7ef80001 x16=0xbef80000
      961639000	     47980	80007bf4	1908	c.addi4spn	x10,x2,176	 x10=0x00af818d
      961659000	     47981	80007bf6	0112	c.slli	x2,0x4	  x2:0x00af80dd  x2=0x0af80dd0
      961679000	     47982	80007bf8	00e71913	slli	x18,x14,0xe	 x14:0xffffffff x18=0xffffc000
      961719000	     47984	80007bfc	037930b3	mulhu	x1,x18,x23	 x18:0xffffc000 x23:0x3fffffff  x1=0x3fffefff
      961879000	     47992	80007c00	b5fb0713	addi	x14,x22,-1185	 x22:0x00000000 x14=0xfffffb5f
      962099000	     48003	80007c04	7e43f113	andi	x2,x7,2020	  x7:0xfffff962  x2=0x00000160
      963239000	     48060	80007c08	03bc68b3	rem	x17,x24,x27	 x24:0x00000000 x27:0x00000622 x17=0x00000000
      963259000	     48061	80007c0c	0105ccb3	xor	x25,x11,x16	 x11:0x0000003f x16:0xbef80000 x25=0xbef8003f
      963279000	     48062	80007c10	00b15263	bge	x2,x11,80007c14	  x2:0x00000160 x11:0x0000003f
      963459000	     48071	80007c14	5dfd	c.li	x27,-1	 x27=0xffffffff
      964119000	     48104	80007c16	00f8c933	xor	x18,x17,x15	 x17:0x00000000 x15:0x003fffff x18=0x003fffff
      964539000	     48125	80007c1a	4098d313	srai	x6,x17,0x9	 x17:0x00000000  x6=0x00000000
      964559000	     48126	80007c1e	0001	c.addi	x0,0	  x0:0x00000000  x0=0x00000000
      964899000	     48143	80007c20	e681	c.bnez	x13,80007c28	 x13:0xffffffe4
      965639000	     48180	80007c28	8fb5	c.xor	x15,x13	 x15:0x003fffff x13:0xffffffe4 x15=0xffc0001b
      965779000	     48187	80007c2a	415a4293	xori	x5,x20,1045	 x20:0xffc8d45d  x5=0xffc8d048
      965819000	     48189	80007c2e	02fba233	mulhsu	x4,x23,x15	 x23:0x3fffffff x15:0xffc0001b  x4=0x3ff00005
      965839000	     48190	80007c32	5ffd	c.li	x31,-1	 x31=0xffffffff
      965859000	     48191	80007c34	34002df3	csrrs	x27,mscratch,x0	  x0:0x00000000 x27=0x00000002
      965879000	     48192	80007c38	340835f3	csrrc	x11,mscratch,x16	 x16:0xbef80000 x11=0x00000002
      965899000	     48193	80007c3c	013c61b3	or	x3,x24,x19	 x24:0x00000000 x19:0xe0d05ae6  x3=0xe0d05ae6
      965939000	     48195	80007c40	020833b3	mulhu	x7,x16,x0	 x16:0xbef80000  x0:0x00000000  x7=0x00000000
      966039000	     48200	80007c44	d64dac93	slti	x25,x27,-668	 x27:0x00000002 x25=0x00000000
      966139000	     48205	80007c48	9bb2	c.add	x23,x12	 x23:0x3fffffff x12:0x80025ce4 x23=0xc0025ce3
      966159000	     48206	80007c4a	f961e5b7	lui	x11,0xf961e	 x11=0xf961e000
      966219000	     48209	80007c4e	00dd5933	srl	x18,x26,x13	 x26:0x01080000 x13:0xffffffe4 x18=0x00108000
      966399000	     48218	80007c52	e77b4a13	xori	x20,x22,-393	 x22:0x00000000 x20=0xfffffe77
      966419000	     48219	80007c56	01fbf333	and	x6,x23,x31	 x23:0xc0025ce3 x31:0xffffffff  x6=0xc0025ce3
      966439000	     48220	80007c5a	00b28133	add	x2,x5,x11	  x5:0xffc8d048 x11:0xf961e000  x2=0xf92ab048
      966459000	     48221	80007c5e	98b2	c.add	x17,x12	 x17:0x00000000 x12:0x80025ce4 x17=0x80025ce4
      966519000	     48224	80007c60	7202f513	andi	x10,x5,1824	  x5:0xffc8d048 x10=0x00000000
      966539000	     48225	80007c64	b4d3cd37	lui	x26,0xb4d3c	 x26=0xb4d3c000
      966639000	     48230	80007c68	1f7d	c.addi	x30,-1	 x30:0x18ae3000 x30=0x18ae2fff
      966659000	     48231	80007c6a	40490033	sub	x0,x18,x4	 x18:0x00108000  x4:0x3ff00005  x0=0x00000000
      967019000	     48249	80007c6e	00a973b3	and	x7,x18,x10	 x18:0x00108000 x10:0x00000000  x7=0x00000000
      967039000	     48250	80007c72	8a92	c.mv	x21,x4	  x0:0x00000000  x4:0x3ff00005 x21=0x3ff00005
      967079000	     48252	80007c74	03699233	mulh	x4,x19,x22	 x19:0xe0d05ae6 x22:0x00000000  x4=0x00000000
      967159000	     48256	80007c78	02e032b3	mulhu	x5,x0,x14	  x0:0x00000000 x14:0xfffffb5f  x5=0x00000000
      967299000	     48263	80007c7c	039675b3	remu	x11,x12,x25	 x12:0x80025ce4 x25:0x00000000 x11=0x80025ce4
      967319000	     48264	80007c80	34007ef3	csrrci	x29,mscratch,0	 x29=0x00000002
      967339000	     48265	80007c84	717d	c.addi16sp	x2,-16	  x2:0xf92ab048  x2=0xf92ab038
      968079000	     48302	80007c86	022f61b3	rem	x3,x30,x2	 x30:0x18ae2fff  x2:0xf92ab038  x3=0x042e40a7
      968099000	     48303	80007c8a	008e6233	or	x4,x28,x8	 x28:0x80021e64  x8:0x80000000  x4=0x80021e64
      968119000	     48304	80007c8e	8589	c.srai	x11,0x2	 x11:0x80025ce4 x11=0xe0009739
      968139000	     48305	80007c90	0155d933	srl	x18,x11,x21	 x11:0xe0009739 x21:0x3ff00005 x18=0x070004b9
      968159000	     48306	80007c94	96782c13	slti	x24,x16,-1689	 x16:0xbef80000 x24=0x00000001
      968179000	     48307	80007c98	016b9c13	slli	x24,x23,0x16	 x23:0xc0025ce3 x24=0x38c00000
      968199000	     48308	80007c9c	000b1693	slli	x13,x22,0x0	 x22:0x00000000 x13=0x00000000
      968259000	     48311	80007ca0	340a2273	csrrs	x4,mscratch,x20	 x20:0xfffffe77  x4=0x00000002
      968519000	     48324	80007ca4	036ba1b3	mulhsu	x3,x23,x22	 x23:0xc0025ce3 x22:0x00000000  x3=0x00000000
      968539000	     48325	80007ca8	04335263	bge	x6,x3,80007cec	  x6:0xc0025ce3  x3:0x00000000
      968879000	     48342	80007cac	00117933	and	x18,x2,x1	  x2:0xf92ab038  x1:0x3fffefff x18=0x392aa038
      968899000	     48343	80007cb0	03ee5563	bge	x28,x30,80007cda	 x28:0x80021e64 x30:0x18ae2fff
      968919000	     48344	80007cb4	0001	c.addi	x0,0	  x0:0x00000000  x0=0x00000000
      968939000	     48345	80007cb6	117d	c.addi	x2,-1	  x2:0xf92ab038  x2=0xf92ab037
      968959000	     48346	80007cb8	34011373	csrrw	x6,mscratch,x2	  x2:0xf92ab037  x6=0xfffffe77
      969239000	     48360	80007cbc	d9e82d13	slti	x26,x16,-610	 x16:0xbef80000 x26=0x00000001
      969319000	     48364	80007cc0	9ff6	c.add	x31,x29	 x31:0xffffffff x29:0x00000002 x31=0x00000001
      969339000	     48365	80007cc2	3400b4f3	csrrc	x9,mscratch,x1	  x1:0x3fffefff  x9=0xf92ab037
      969359000	     48366	80007cc6	3b372693	slti	x13,x14,947	 x14:0xfffffb5f x13=0x00000001
      969379000	     48367	80007cca	1ab6c317	auipc	x6,0x1ab6c	  x6=0x9ab73cca
      969399000	     48368	80007cce	8db1	c.xor	x11,x12	 x11:0xe0009739 x12:0x80025ce4 x11=0x6002cbdd
      969419000	     48369	80007cd0	86ca	c.mv	x13,x18	  x0:0x00000000 x18:0x392aa038 x13=0x392aa038
      969519000	     48374	80007cd2	40ded7b3	sra	x15,x29,x13	 x29:0x00000002 x13:0x392aa038 x15=0x00000000
      969939000	     48395	80007cd6	b6b1e193	ori	x3,x3,-1173	  x3:0x00000000  x3=0xfffffb6b
      969959000	     48396	80007cda	13446593	ori	x11,x8,308	  x8:0x80000000 x11=0x80000134
      970159000	     48406	80007cde	02c52033	mulhsu	x0,x10,x12	 x10:0x00000000 x12:0x80025ce4  x0=0x00000000
      970179000	     48407	80007ce2	60f9	c.lui	x1,0x1e	  x1=0x0001e000
      970559000	     48426	80007ce4	0054d463	bge	x9,x5,80007cec	  x9:0xf92ab037  x5:0x00000000
      970599000	     48428	80007ce8	028e9033	mulh	x0,x29,x8	 x29:0x00000002  x8:0x80000000  x0=0x00000000
      970999000	     48448	80007cec	8fcd	c.or	x15,x11	 x15:0x00000000 x11:0x80000134 x15=0x80000134
      971739000	     48485	80007cee	02107db3	remu	x27,x0,x1	  x0:0x00000000  x1:0x0001e000 x27=0x00000000
      971759000	     48486	80007cf2	0199a3b3	slt	x7,x19,x25	 x19:0xe0d05ae6 x25:0x00000000  x7=0x00000001
      971779000	     48487	80007cf6	04e07713	andi	x14,x0,78	  x0:0x00000000 x14=0x00000000
      971799000	     48488	80007cfa	41df0f33	sub	x30,x30,x29	 x30:0x18ae2fff x29:0x00000002 x30=0x18ae2ffd
      971819000	     48489	80007cfe	5a643993	sltiu	x19,x8,1446	  x8:0x80000000 x19=0x00000000
      971839000	     48490	80007d02	34006af3	csrrsi	x21,mscratch,0	 x21=0xc0001000
      972139000	     48505	80007d06	340a50f3	csrrwi	x1,mscratch,20	  x1=0xc0001000
      972159000	     48506	80007d0a	01073bb3	sltu	x23,x14,x16	 x14:0x00000000 x16:0xbef80000 x23=0x00000001
      972179000	     48507	80007d0e	0001	c.addi	x0,0	  x0:0x00000000  x0=0x00000000
      972279000	     48512	80007d10	e5138093	addi	x1,x7,-431	  x7:0x00000001  x1=0xfffffe52
      972299000	     48513	80007d14	001472b3	and	x5,x8,x1	  x8:0x80000000  x1:0xfffffe52  x5=0x80000000
      972719000	     48534	80007d18	8e91	c.sub	x13,x12	 x13:0x392aa038 x12:0x80025ce4 x13=0xb9284354
      973459000	     48571	80007d1a	03777233	remu	x4,x14,x23	 x14:0x00000000 x23:0x00000001  x4=0x00000000
      973479000	     48572	80007d1e	023b8f33	mul	x30,x23,x3	 x23:0x00000001  x3:0xfffffb6b x30=0xfffffb6b
      973499000	     48573	80007d22	3406b2f3	csrrc	x5,mscratch,x13	 x13:0xb9284354  x5=0x00000014
      973519000	     48574	80007d26	00e71463	bne	x14,x14,80007d2e	 x14:0x00000000 x14:0x00000000
      973539000	     48575	80007d2a	03c28033	mul	x0,x5,x28	  x5:0x00000014 x28:0x80021e64  x0=0x00000000
      974279000	     48612	80007d2e	029e7333	remu	x6,x28,x9	 x28:0x80021e64  x9:0xf92ab037  x6=0x80021e64
      974299000	     48613	80007d32	03fdc163	blt	x27,x31,80007d54	 x27:0x00000000 x31:0x00000001
      974579000	     48627	80007d54	2a7d3293	sltiu	x5,x26,679	 x26:0x00000001  x5=0x00000001
      974619000	     48629	80007d58	009e49b3	xor	x19,x28,x9	 x28:0x80021e64  x9:0xf92ab037 x19=0x7928ae53
      974879000	     48642	80007d5c	07fe	c.slli	x15,0x1f	 x15:0x80000134 x15=0x00000000
      974899000	     48643	80007d5e	5be33b93	sltiu	x23,x6,1470	  x6:0x80021e64 x23=0x00000000
      974999000	     48648	80007d62	403f8133	sub	x2,x31,x3	 x31:0x00000001  x3:0xfffffb6b  x2=0x00000496
      975019000	     48649	80007d66	a2f57393	andi	x7,x10,-1489	 x10:0x00000000  x7=0x00000000
      975039000	     48650	80007d6a	02ed8663	beq	x27,x14,80007d96	 x27:0x00000000 x14:0x00000000
      975999000	     48698	80007d96	02d712b3	mulh	x5,x14,x13	 x14:0x00000000 x13:0xb9284354  x5=0x00000000
      976019000	     48699	80007d9a	4de9	c.li	x27,26	 x27=0x0000001a
      976039000	     48700	80007d9c	0129fb33	and	x22,x19,x18	 x19:0x7928ae53 x18:0x392aa038 x22=0x3928a010
      976339000	     48715	80007da0	014179b3	and	x19,x2,x20	  x2:0x00000496 x20:0xfffffe77 x19=0x00000416
      976359000	     48716	80007da4	0502f363	bgeu	x5,x16,80007dea	  x5:0x00000000 x16:0xbef80000
      976379000	     48717	80007da8	8866	c.mv	x16,x25	  x0:0x00000000 x25:0x00000000 x16=0x00000000
      976479000	     48722	80007daa	0ba74037	lui	x0,0xba74	  x0=0x00000000
      976899000	     48743	80007dae	000c6f33	or	x30,x24,x0	 x24:0x38c00000  x0:0x00000000 x30=0x38c00000
      976919000	     48744	80007db2	86b1	c.srai	x13,0xc	 x13:0xb9284354 x13=0xfffb9284
      977039000	     48750	80007db4	340e5f73	csrrwi	x30,mscratch,28	 x30=0x00000000
      977219000	     48759	80007db8	8f65	c.and	x14,x9	 x14:0x00000000  x9:0xf92ab037 x14=0x00000000
      977439000	     48770	80007dba	038a0c33	mul	x24,x20,x24	 x20:0xfffffe77 x24:0x38c00000 x24=0xe1400000
      977459000	     48771	80007dbe	340a1bf3	csrrw	x23,mscratch,x20	 x20:0xfffffe77 x23=0x0000001c
      977659000	     48781	80007dc2	00938033	add	x0,x7,x9	  x7:0x00000000  x9:0xf92ab037  x0=0x00000000
      977679000	     48782	80007dc6	007a7533	and	x10,x20,x7	 x20:0xfffffe77  x7:0x00000000 x10=0x00000000
      977699000	     48783	80007dca	0908	c.addi4spn	x10,x2,144	 x10=0x00000526
      977719000	     48784	80007dcc	34051773	csrrw	x14,mscratch,x10	 x10:0x00000526 x14=0xfffffe77
      977739000	     48785	80007dd0	01bc7663	bgeu	x24,x27,80007ddc	 x24:0xe1400000 x27:0x0000001a
      978519000	     48824	80007ddc	e099	c.bnez	x9,80007de2	  x9:0xf92ab037
      979399000	     48868	80007de2	340efa73	csrrci	x20,mscratch,29	 x20=0x00000526
      979419000	     48869	80007de6	41e200b3	sub	x1,x4,x30	  x4:0x00000000 x30:0x00000000  x1=0x00000000
      979439000	     48870	80007dea	340771f3	csrrci	x3,mscratch,14	  x3=0x00000522
      979859000	     48891	80007dee	026b00b3	mul	x1,x22,x6	 x22:0x3928a010  x6:0x80021e64  x1=0x56c06640
      980019000	     48899	80007df2	3406d0f3	csrrwi	x1,mscratch,13	  x1=0x00000520
      980039000	     48900	80007df6	02a5	c.addi	x5,9	  x5:0x00000000  x5=0x00000009
      980059000	     48901	80007df8	587d	c.li	x16,-1	 x16=0xffffffff
      980259000	     48911	80007dfa	bbdf6693	ori	x13,x30,-1091	 x30:0x00000000 x13=0xfffffbbd
      980279000	     48912	80007dfe	007dcb33	xor	x22,x27,x7	 x27:0x0000001a  x7:0x00000000 x22=0x0000001a
      980479000	     48922	80007e02	340f59f3	csrrwi	x19,mscratch,30	 x19=0x0000000d
      980499000	     48923	80007e06	8d21	c.xor	x10,x8	 x10:0x00000526  x8:0x80000000 x10=0x80000526
      980619000	     48929	80007e08	27d5a197	auipc	x3,0x27d5a	  x3=0xa7d61e08
      980639000	     48930	80007e0c	028b8ab3	mul	x21,x23,x8	 x23:0x0000001c  x8:0x80000000 x21=0x00000000
      981439000	     48970	80007e10	03d57ab3	remu	x21,x10,x29	 x10:0x80000526 x29:0x00000002 x21=0x00000000
      989119000	     49354	80007e14	05f55263	bge	x10,x31,80007e58	 x10:0x80000526 x31:0x00000001
      989139000	     49355	80007e18	91fa	c.add	x3,x30	  x3:0xa7d61e08 x30:0x00000000  x3=0xa7d61e08
      989879000	     49392	80007e1a	029fd333	divu	x6,x31,x9	 x31:0x00000001  x9:0xf92ab037  x6=0x00000000
      989899000	     49393	80007e1e	4d1ff897	auipc	x17,0x4d1ff	 x17=0xcd206e1e
      989919000	     49394	80007e22	03429963	bne	x5,x20,80007e54	  x5:0x00000009 x20:0x00000526
      990059000	     49401	80007e54	01489793	slli	x15,x17,0x14	 x17:0xcd206e1e x15=0xe1e00000
      990259000	     49411	80007e58	920f3eb7	lui	x29,0x920f3	 x29=0x920f3000
      990679000	     49432	80007e5c	00eab9b3	sltu	x19,x21,x14	 x21:0x00000000 x14:0xfffffe77 x19=0x00000001
      990699000	     49433	80007e60	00ae	c.slli	x1,0xb	  x1:0x00000520  x1=0x00290000
      990719000	     49434	80007e62	8d65	c.and	x10,x9	 x10:0x80000526  x9:0xf92ab037 x10=0x80000026
      990739000	     49435	80007e64	98fd	c.andi	x9,-1	  x9:0xf92ab037  x9=0xf92ab037
      990759000	     49436	80007e66	386e8913	addi	x18,x29,902	 x29:0x920f3000 x18=0x920f3386
      990779000	     49437	80007e6a	85fd	c.srai	x11,0x1f	 x11:0x80000134 x11=0xffffffff
      991159000	     49456	80007e6c	a53dcb17	auipc	x22,0xa53dc	 x22=0x253e3e6c
      991199000	     49458	80007e70	030aa5b3	mulhsu	x11,x21,x16	 x21:0x00000000 x16:0xffffffff x11=0x00000000
      991219000	     49459	80007e74	3403a0f3	csrrs	x1,mscratch,x7	  x7:0x00000000  x1=0x0000001e
      991239000	     49460	80007e78	85ad	c.srai	x11,0xb	 x11:0x00000000 x11=0x00000000
      991259000	     49461	80007e7a	92ca	c.add	x5,x18	  x5:0x00000009 x18:0x920f3386  x5=0x920f338f
      991279000	     49462	80007e7c	8f79	c.and	x14,x14	 x14:0xfffffe77 x14:0xfffffe77 x14=0xfffffe77
      991299000	     49463	80007e7e	026a9b63	bne	x21,x6,80007eb4	 x21:0x00000000  x6:0x00000000
      991359000	     49466	80007e82	03e27d63	bgeu	x4,x30,80007ebc	  x4:0x00000000 x30:0x00000000
      991759000	     49486	80007ebc	405e0793	addi	x15,x28,1029	 x28:0x80021e64 x15=0x80022269
      992039000	     49500	80007ec0	0001	c.addi	x0,0	  x0:0x00000000  x0=0x00000000
      992059000	     49501	80007ec2	9d1a	c.add	x26,x6	 x26:0x00000001  x6:0x00000000 x26=0x00000001
      992079000	     49502	80007ec4	00d6af33	slt	x30,x13,x13	 x13:0xfffffbbd x13:0xfffffbbd x30=0x00000000
      992179000	     49507	80007ec8	01cd3333	sltu	x6,x26,x28	 x26:0x00000001 x28:0x80021e64  x6=0x00000001
      992479000	     49522	80007ecc	98fd	c.andi	x9,-1	  x9:0xf92ab037  x9=0xf92ab037
      992619000	     49529	80007ece	66708193	addi	x3,x1,1639	  x1:0x0000001e  x3=0x00000685
      992639000	     49530	80007ed2	419c5033	sra	x0,x24,x25	 x24:0xe1400000 x25:0x00000000  x0=0x00000000
      992659000	     49531	80007ed6	f9033293	sltiu	x5,x6,-112	  x6:0x00000001  x5=0x00000001
      993079000	     49552	80007eda	0118ed63	bltu	x17,x17,80007ef4	 x17:0xcd206e1e x17:0xcd206e1e
      993099000	     49553	80007ede	8555	c.srai	x10,0x15	 x10:0x80000026 x10=0xfffffc00
      993119000	     49554	80007ee0	8bbf4d17	auipc	x26,0x8bbf4	 x26=0x0bbfbee0
      993239000	     49560	80007ee4	e778ea93	ori	x21,x17,-393	 x17:0xcd206e1e x21=0xfffffe7f
      993559000	     49576	80007ee8	012608b3	add	x17,x12,x18	 x12:0x80025ce4 x18:0x920f3386 x17=0x1211906a
      993759000	     49586	80007eec	01d19793	slli	x15,x3,0x1d	  x3:0x00000685 x15=0xa0000000
      993779000	     49587	80007ef0	26b01cb7	lui	x25,0x26b01	 x25=0x26b01000
      993959000	     49596	80007ef4	34007b73	csrrci	x22,mscratch,0	 x22=0x0000001e
      993979000	     49597	80007ef8	0211f263	bgeu	x3,x1,80007f1c	  x3:0x00000685  x1:0x0000001e
      994899000	     49643	80007f1c	340024f3	csrrs	x9,mscratch,x0	  x0:0x00000000  x9=0x0000001e
      995319000	     49664	80007f20	026dc763	blt	x27,x6,80007f4e	 x27:0x0000001a  x6:0x00000001
      995739000	     49685	80007f24	8dd9	c.or	x11,x14	 x11:0x00000000 x14:0xfffffe77 x11=0xfffffe77
      996079000	     49702	80007f26	03f2e563	bltu	x5,x31,80007f50	  x5:0x00000001 x31:0x00000001
      996099000	     49703	80007f2a	aab4f993	andi	x19,x9,-1365	  x9:0x0000001e x19=0x0000000a
      996119000	     49704	80007f2e	002fb833	sltu	x16,x31,x2	 x31:0x00000001  x2:0x00000496 x16=0x00000001
      996139000	     49705	80007f32	e685	c.bnez	x13,80007f5a	 x13:0xfffffbbd
      996679000	     49732	80007f5a	00249463	bne	x9,x2,80007f62	  x9:0x0000001e  x2:0x00000496
      997279000	     49762	80007f62	5afd	c.li	x21,-1	 x21=0xffffffff
      997479000	     49772	80007f64	00ab4db3	xor	x27,x22,x10	 x22:0x0000001e x10:0xfffffc00 x27=0xfffffc1e
      997639000	     49780	80007f68	03f9e863	bltu	x19,x31,80007f98	 x19:0x0000000a x31:0x00000001
      997659000	     49781	80007f6c	8dc5	c.or	x11,x9	 x11:0xfffffe77  x9:0x0000001e x11=0xfffffe7f
      997779000	     49787	80007f6e	fefb3a13	sltiu	x20,x22,-17	 x22:0x0000001e x20=0x00000001
      997799000	     49788	80007f72	41e65c93	srai	x25,x12,0x1e	 x12:0x80025ce4 x25=0xfffffffe
      997819000	     49789	80007f76	4b61	c.li	x22,24	 x22=0x00000018
      997839000	     49790	80007f78	016f1533	sll	x10,x30,x22	 x30:0x00000000 x22:0x00000018 x10=0x00000000
      997999000	     49798	80007f7c	8f5d	c.or	x14,x15	 x14:0xfffffe77 x15:0xa0000000 x14=0xfffffe77
      998139000	     49805	80007f7e	0a76fb17	auipc	x22,0xa76f	 x22=0x8a776f7e
      998159000	     49806	80007f82	00275193	srli	x3,x14,0x2	 x14:0xfffffe77  x3=0x3fffff9d
      998179000	     49807	80007f86	0001	c.addi	x0,0	  x0:0x00000000  x0=0x00000000
      998199000	     49808	80007f88	3407e073	csrrsi	x0,mscratch,15	  x0=0x00000000
      998699000	     49833	80007f8c	5c7d	c.li	x24,-1	 x24=0xffffffff
      998719000	     49834	80007f8e	69d43c93	sltiu	x25,x8,1693	  x8:0x80000000 x25=0x00000000
      999099000	     49853	80007f92	056f9263	bne	x31,x22,80007fd6	 x31:0x00000001 x22:0x8a776f7e
     1000239000	     49910	80007fd6	340026f3	csrrs	x13,mscratch,x0	  x0:0x00000000 x13=0x0000001f
     1000379000	     49917	80007fda	0177df13	srli	x30,x15,0x17	 x15:0xa0000000 x30=0x00000140
     1000399000	     49918	80007fde	8ca2	c.mv	x25,x8	  x0:0x00000000  x8:0x80000000 x25=0x80000000
     1000679000	     49932	80007fe0	340f9ef3	csrrw	x29,mscratch,x31	 x31:0x00000001 x29=0x0000001f
     1000879000	     49942	80007fe4	04126c93	ori	x25,x4,65	  x4:0x00000000 x25=0x00000041
     1000899000	     49943	80007fe8	88a1	c.andi	x9,8	  x9:0x0000001e  x9=0x00000008
     1001079000	     49952	80007fea	8315ad93	slti	x27,x11,-1999	 x11:0xfffffe7f x27=0x00000000
     1001119000	     49954	80007fee	00888eb3	add	x29,x17,x8	 x17:0x1211906a  x8:0x80000000 x29=0x9211906a
     1001859000	     49991	80007ff2	034a5d33	divu	x26,x20,x20	 x20:0x00000001 x20:0x00000001 x26=0x00000001
     1001879000	     49992	80007ff6	128c	c.addi4spn	x11,x2,352	 x11=0x000005f6
     1001899000	     49993	80007ff8	00fbf663	bgeu	x23,x15,80008004	 x23:0x0000001c x15:0xa0000000
     1001939000	     49995	80007ffc	03b579b3	remu	x19,x10,x27	 x10:0x00000000 x27:0x00000000 x19=0x00000000
     1001959000	     49996	80008000	02648b33	mul	x22,x9,x6	  x9:0x00000008  x6:0x00000001 x22=0x00000008
     1001979000	     49997	80008004	6109	c.addi16sp	x2,128	  x2:0x00000496  x2=0x00000516
     1001999000	     49998	80008006	80ed	c.srli	x9,0x1b	  x9:0x00000008  x9=0x00000000
     1002019000	     49999	80008008	da2a8a93	addi	x21,x21,-606	 x21:0xffffffff x21=0xfffffda1
     1002039000	     50000	8000800c	ee95	c.bnez	x13,80008048	 x13:0x0000001f
     1003039000	     50050	80008048	03f666b3	rem	x13,x12,x31	 x12:0x80025ce4 x31:0x00000001 x13=0x00000000
     1003059000	     50051	8000804c	8331	c.srli	x14,0xc	 x14:0xfffffe77 x14=0x000fffff
     1003079000	     50052	8000804e	0141d0b3	srl	x1,x3,x20	  x3:0x3fffff9d x20:0x00000001  x1=0x1fffffce
     1003099000	     50053	80008052	969a	c.add	x13,x6	 x13:0x00000000  x6:0x00000001 x13=0x00000001
     1003119000	     50054	80008054	01b1d1b3	srl	x3,x3,x27	  x3:0x3fffff9d x27:0x00000000  x3=0x3fffff9d
     1003139000	     50055	80008058	00aadeb3	srl	x29,x21,x10	 x21:0xfffffda1 x10:0x00000000 x29=0xfffffda1
     1003159000	     50056	8000805c	006bcb63	blt	x23,x6,80008072	 x23:0x0000001c  x6:0x00000001
     1003179000	     50057	80008060	8f39	c.xor	x14,x14	 x14:0x000fffff x14:0x000fffff x14=0x00000000
     1003199000	     50058	80008062	9afd	c.andi	x13,-1	 x13:0x00000001 x13=0x00000001
     1003299000	     50063	80008064	d8b3a693	slti	x13,x7,-629	  x7:0x00000000 x13=0x00000000
     1003479000	     50072	80008068	8fd90a13	addi	x20,x18,-1795	 x18:0x920f3386 x20=0x920f2c83
     1003499000	     50073	8000806c	8115	c.srli	x10,0x5	 x10:0x00000000 x10=0x00000000
     1003519000	     50074	8000806e	00a278b3	and	x17,x4,x10	  x4:0x00000000 x10:0x00000000 x17=0x00000000
     1003699000	     50083	80008072	0312cf63	blt	x5,x17,800080b0	  x5:0x00000001 x17:0x00000000
     1003739000	     50085	80008076	9fada793	slti	x15,x27,-1542	 x27:0x00000000 x15=0x00000000
     1003759000	     50086	8000807a	892d	c.andi	x10,11	 x10:0x00000000 x10=0x00000000
     1003919000	     50094	8000807c	22766bb7	lui	x23,0x22766	 x23=0x22766000
     1003959000	     50096	80008080	0046a6b3	slt	x13,x13,x4	 x13:0x00000000  x4:0x00000000 x13=0x00000000
     1003979000	     50097	80008084	000ffbb3	and	x23,x31,x0	 x31:0x00000001  x0:0x00000000 x23=0x00000000
     1004399000	     50118	80008088	3cdaf313	andi	x6,x21,973	 x21:0xfffffda1  x6=0x00000181
     1004659000	     50131	8000808c	0779	c.addi	x14,30	 x14:0x00000000 x14=0x0000001e
     1005099000	     50153	8000808e	032c2733	mulhsu	x14,x24,x18	 x24:0xffffffff x18:0x920f3386 x14=0xffffffff
     1005499000	     50173	80008092	0000100f	fence.i	
     1005939000	     50195	80008096	01255463	bge	x10,x18,8000809e	 x10:0x00000000 x18:0x920f3386
     1006579000	     50227	8000809e	017e11b3	sll	x3,x28,x23	 x28:0x80021e64 x23:0x00000000  x3=0x80021e64
     1006599000	     50228	800080a2	8d0d	c.sub	x10,x11	 x10:0x00000000 x11:0x000005f6 x10=0xfffffa0a
     1006999000	     50248	800080a4	14dcb393	sltiu	x7,x25,333	 x25:0x00000041  x7=0x00000001
     1007019000	     50249	800080a8	9ff1ca97	auipc	x21,0x9ff1c	 x21=0x1ff240a8
     1007039000	     50250	800080ac	417d5b13	srai	x22,x26,0x17	 x26:0x00000001 x22=0x00000000
     1007239000	     50260	800080b0	02276e63	bltu	x14,x2,800080ec	 x14:0xffffffff  x2:0x00000516
     1007259000	     50261	800080b4	09b1	c.addi	x19,12	 x19:0x00000000 x19=0x0000000c
     1007479000	     50272	800080b6	0ff0000f	fence	iorw,iorw	
     1008239000	     50310	800080ba	025ae0b3	rem	x1,x21,x5	 x21:0x1ff240a8  x5:0x00000001  x1=0x00000000
     1008259000	     50311	800080be	01c88a33	add	x20,x17,x28	 x17:0x00000000 x28:0x80021e64 x20=0x80021e64
     1008279000	     50312	800080c2	8f06	c.mv	x30,x1	  x0:0x00000000  x1:0x00000000 x30=0x00000000
     1009019000	     50349	800080c4	02b97533	remu	x10,x18,x11	 x18:0x920f3386 x11:0x000005f6 x10=0x0000028e
     1009039000	     50350	800080c8	409e03b3	sub	x7,x28,x9	 x28:0x80021e64  x9:0x00000000  x7=0x80021e64
     1009059000	     50351	800080cc	717d	c.addi16sp	x2,-16	  x2:0x00000516  x2=0x00000506
     1009079000	     50352	800080ce	013bfeb3	and	x29,x23,x19	 x23:0x00000000 x19:0x0000000c x29=0x00000000
     1009099000	     50353	800080d2	012be733	or	x14,x23,x18	 x23:0x00000000 x18:0x920f3386 x14=0x920f3386
     1009119000	     50354	800080d6	81e5	c.srli	x11,0x19	 x11:0x000005f6 x11=0x00000000
     1009159000	     50356	800080d8	03b89f33	mulh	x30,x17,x27	 x17:0x00000000 x27:0x00000000 x30=0x00000000
     1009439000	     50370	800080dc	79552693	slti	x13,x10,1941	 x10:0x0000028e x13=0x00000001
     1009599000	     50378	800080e0	8ec9	c.or	x13,x10	 x13:0x00000001 x10:0x0000028e x13=0x0000028f
     1009819000	     50389	800080e2	03d7e833	rem	x16,x15,x29	 x15:0x00000000 x29:0x00000000 x16=0x00000000
     1009939000	     50395	800080e6	01557263	bgeu	x10,x21,800080ea	 x10:0x0000028e x21:0x1ff240a8
     1009959000	     50396	800080ea	80f1	c.srli	x9,0x1c	  x9:0x00000000  x9=0x00000000
     1009979000	     50397	800080ec	3ff398b7	lui	x17,0x3ff39	 x17=0x3ff39000
     1009999000	     50398	800080f0	a7b2bf13	sltiu	x30,x5,-1413	  x5:0x00000001 x30=0x00000001
     1010279000	     50412	800080f4	0051a7b3	slt	x15,x3,x5	  x3:0x80021e64  x5:0x00000001 x15=0x00000001
     1010319000	     50414	800080f8	031a3d33	mulhu	x26,x20,x17	 x20:0x80021e64 x17:0x3ff39000 x26=0x1ffa4f7e
     1010399000	     50418	800080fc	02580133	mul	x2,x16,x5	 x16:0x00000000  x5:0x00000001  x2=0x00000000
     1010419000	     50419	80008100	9cda	c.add	x25,x22	 x25:0x00000041 x22:0x00000000 x25=0x00000041
     1010439000	     50420	80008102	8d2d	c.xor	x10,x11	 x10:0x0000028e x11:0x00000000 x10=0x0000028e
     1010459000	     50421	80008104	34002b73	csrrs	x22,mscratch,x0	  x0:0x00000000 x22=0x00000001
     1010479000	     50422	80008108	00f75293	srli	x5,x14,0xf	 x14:0x920f3386  x5=0x0001241e
     1010499000	     50423	8000810c	01aa1b33	sll	x22,x20,x26	 x20:0x80021e64 x26:0x1ffa4f7e x22=0x00000000
     1010519000	     50424	80008110	01fe0233	add	x4,x28,x31	 x28:0x80021e64 x31:0x00000001  x4=0x80021e65
     1010699000	     50433	80008114	a36f7b93	andi	x23,x30,-1482	 x30:0x00000001 x23=0x00000000
     1010719000	     50434	80008118	01d8e263	bltu	x17,x29,8000811c	 x17:0x3ff39000 x29:0x00000000
     1010759000	     50436	8000811c	02d88bb3	mul	x23,x17,x13	 x17:0x3ff39000 x13:0x0000028f x23=0xa02d7000
     1029199000	     51358	80008120	60f5	c.lui	x1,0x1d	  x1=0x0001d000
     1029939000	     51395	80008122	0394fcb3	remu	x25,x9,x25	  x9:0x00000000 x25:0x00000041 x25=0x00000000
     1029959000	     51396	80008126	0000100f	fence.i	
     1030259000	     51411	8000812a	8d1e	c.mv	x26,x7	  x0:0x00000000  x7:0x80021e64 x26=0x80021e64
     1030279000	     51412	8000812c	0000100f	fence.i	
     1030619000	     51429	80008130	03a49333	mulh	x6,x9,x26	  x9:0x00000000 x26:0x80021e64  x6=0x00000000
     1030639000	     51430	80008134	98d52d93	slti	x27,x10,-1651	 x10:0x0000028e x27=0x00000000
     1030659000	     51431	80008138	85d5	c.srai	x11,0x15	 x11:0x00000000 x11=0x00000000
     1030679000	     51432	8000813a	0001	c.addi	x0,0	  x0:0x00000000  x0=0x00000000
     1031259000	     51461	8000813c	023fa2b3	mulhsu	x5,x31,x3	 x31:0x00000001  x3:0x80021e64  x5=0x00000000
     1031279000	     51462	80008140	007bb9b3	sltu	x19,x23,x7	 x23:0xa02d7000  x7:0x80021e64 x19=0x00000000
     1031339000	     51465	80008144	039c65b3	rem	x11,x24,x25	 x24:0xffffffff x25:0x00000000 x11=0xffffffff
     1031419000	     51469	80008148	90ae	c.add	x1,x11	  x1:0x0001d000 x11:0xffffffff  x1=0x0001cfff
     1031839000	     51490	8000814a	01c5ef33	or	x30,x11,x28	 x11:0xffffffff x28:0x80021e64 x30=0xffffffff
     1032679000	     51532	8000814e	02314233	div	x4,x2,x3	  x2:0x00000000  x3:0x80021e64  x4=0x00000000
     1032699000	     51533	80008152	8d1d	c.sub	x10,x15	 x10:0x0000028e x15:0x00000001 x10=0x0000028d
     1032719000	     51534	80008154	40028933	sub	x18,x5,x0	  x5:0x00000000  x0:0x00000000 x18=0x00000000
     1033459000	     51571	80008158	03e2ef33	rem	x30,x5,x30	  x5:0x00000000 x30:0xffffffff x30=0x00000000
     1033479000	     51572	8000815c	01c13133	sltu	x2,x2,x28	  x2:0x00000000 x28:0x80021e64  x2=0x00000001
     1033519000	     51574	80008160	03e17ab3	remu	x21,x2,x30	  x2:0x00000001 x30:0x00000000 x21=0x00000001
     1033539000	     51575	80008164	0a7d	c.addi	x20,31	 x20:0x80021e64 x20=0x80021e83
     1033559000	     51576	80008166	61f5	c.lui	x3,0x1d	  x3=0x0001d000
     1033619000	     51579	80008168	8715	c.srai	x14,0x5	 x14:0x920f3386 x14=0xfc90799c
     1033639000	     51580	8000816a	717d	c.addi16sp	x2,-16	  x2:0x00000001  x2=0xfffffff1
     1033659000	     51581	8000816c	00b728b3	slt	x17,x14,x11	 x14:0xfc90799c x11:0xffffffff x17=0x00000001
     1034059000	     51601	80008170	a750a113	slti	x2,x1,-1419	  x1:0x0001cfff  x2=0x00000000
     1034359000	     51616	80008174	020aedb3	rem	x27,x21,x0	 x21:0x00000001  x0:0x00000000 x27=0x00000001
     1034499000	     51623	80008178	0ff0000f	fence	iorw,iorw	
     1034919000	     51644	8000817c	035b0a63	beq	x22,x21,800081b0	 x22:0x00000000 x21:0x00000001
     1035219000	     51659	80008180	19fd	c.addi	x19,-1	 x19:0x00000000 x19=0xffffffff
     1036199000	     51708	80008182	02a3d2b3	divu	x5,x7,x10	  x7:0x80021e64 x10:0x0000028d  x5=0x00322f17
     1036219000	     51709	80008186	01454663	blt	x10,x20,80008192	 x10:0x0000028d x20:0x80021e83
     1036239000	     51710	8000818a	34067cf3	csrrci	x25,mscratch,12	 x25=0x00000001
     1036259000	     51711	8000818e	03fb7163	bgeu	x22,x31,800081b0	 x22:0x00000000 x31:0x00000001
     1036279000	     51712	80008192	01b1d513	srli	x10,x3,0x1b	  x3:0x0001d000 x10=0x00000000
     1036299000	     51713	80008196	00826a33	or	x20,x4,x8	  x4:0x00000000  x8:0x80000000 x20=0x80000000
     1036319000	     51714	8000819a	010b1d63	bne	x22,x16,800081b4	 x22:0x00000000 x16:0x00000000
     1036339000	     51715	8000819e	717d	c.addi16sp	x2,-16	  x2:0x00000000  x2=0xfffffff0
     1036359000	     51716	800081a0	0001	c.addi	x0,0	  x0:0x00000000  x0=0x00000000
     1036379000	     51717	800081a2	597d	c.li	x18,-1	 x18=0xffffffff
     1036399000	     51718	800081a4	340cf173	csrrci	x2,mscratch,25	  x2=0x00000001
     1036419000	     51719	800081a8	8d19	c.sub	x10,x14	 x10:0x00000000 x14:0xfc90799c x10=0x036f8664
     1036439000	     51720	800081aa	400c06b3	sub	x13,x24,x0	 x24:0xffffffff  x0:0x00000000 x13=0xffffffff
     1036459000	     51721	800081ae	8c89	c.sub	x9,x10	  x9:0x00000000 x10:0x036f8664  x9=0xfc90799c
     1037199000	     51758	800081b0	03a25cb3	divu	x25,x4,x26	  x4:0x00000000 x26:0x80021e64 x25=0x00000000
     1037219000	     51759	800081b4	34007973	csrrci	x18,mscratch,0	 x18=0x00000000
     1037239000	     51760	800081b8	02db1663	bne	x22,x13,800081e4	 x22:0x00000000 x13:0xffffffff
     1038139000	     51805	800081e4	0358d233	divu	x4,x17,x21	 x17:0x00000001 x21:0x00000001  x4=0x00000001
     1038159000	     51806	800081e8	d8cfaa13	slti	x20,x31,-628	 x31:0x00000001 x20=0x00000000
     1038179000	     51807	800081ec	00688d63	beq	x17,x6,80008206	 x17:0x00000001  x6:0x00000000
     1038199000	     51808	800081f0	007c24b3	slt	x9,x24,x7	 x24:0xffffffff  x7:0x80021e64  x9=0x00000000
     1038219000	     51809	800081f4	219d7293	andi	x5,x26,537	 x26:0x80021e64  x5=0x00000200
     1038959000	     51846	800081f8	038f4cb3	div	x25,x30,x24	 x30:0x00000000 x24:0xffffffff x25=0x00000000
     1038979000	     51847	800081fc	80a9	c.srli	x9,0xa	  x9:0x00000000  x9=0x00000000
     1039719000	     51884	800081fe	027fe833	rem	x16,x31,x7	 x31:0x00000001  x7:0x80021e64 x16=0x00000001
     1039739000	     51885	80008202	0304c763	blt	x9,x16,80008230	  x9:0x00000000 x16:0x00000001
     1040219000	     51909	80008230	340c2173	csrrs	x2,mscratch,x24	 x24:0xffffffff  x2=0x00000000
     1040639000	     51930	80008234	000ffbb3	and	x23,x31,x0	 x31:0x00000001  x0:0x00000000 x23=0x00000000
     1040659000	     51931	80008238	83f5	c.srli	x15,0x1d	 x15:0x00000001 x15=0x00000000
     1040679000	     51932	8000823a	8abe	c.mv	x21,x15	  x0:0x00000000 x15:0x00000000 x21=0x00000000
     1041099000	     51953	8000823c	0261a8b3	mulhsu	x17,x3,x6	  x3:0x0001d000  x6:0x00000000 x17=0x00000000
     1041339000	     51965	80008240	437d	c.li	x6,31	  x6=0x0000001f
     1041359000	     51966	80008242	0060fdb3	and	x27,x1,x6	  x1:0x0001cfff  x6:0x0000001f x27=0x0000001f
     1041779000	     51987	80008246	34002a73	csrrs	x20,mscratch,x0	  x0:0x00000000 x20=0xffffffff
     1041799000	     51988	8000824a	0001	c.addi	x0,0	  x0:0x00000000  x0=0x00000000
     1042039000	     52000	8000824c	017f9c33	sll	x24,x31,x23	 x31:0x00000001 x23:0x00000000 x24=0x00000001
     1042059000	     52001	80008250	01240133	add	x2,x8,x18	  x8:0x80000000 x18:0x00000000  x2=0x80000000
     1042099000	     52003	80008254	e0a1	c.bnez	x9,80008294	  x9:0x00000000
     1042359000	     52016	80008256	03d8f033	remu	x0,x17,x29	 x17:0x00000000 x29:0x00000000  x0=0x00000000
     1042399000	     52018	8000825a	03566033	rem	x0,x12,x21	 x12:0x80025ce4 x21:0x00000000  x0=0x00000000
     1042419000	     52019	8000825e	9abe	c.add	x21,x15	 x21:0x00000000 x15:0x00000000 x21=0x00000000
     1042439000	     52020	80008260	340353f3	csrrwi	x7,mscratch,6	  x7=0xffffffff
     1042459000	     52021	80008264	081c	c.addi4spn	x15,x2,16	 x15=0x80000010
     1042479000	     52022	80008266	0ff0000f	fence	iorw,iorw	
     1042499000	     52023	8000826a	01ff7bb3	and	x23,x30,x31	 x30:0x00000000 x31:0x00000001 x23=0x00000000
     1042519000	     52024	8000826e	077e	c.slli	x14,0x1f	 x14:0xfc90799c x14=0x00000000
     1042599000	     52028	80008270	8fd9	c.or	x15,x14	 x15:0x80000010 x14:0x00000000 x15=0x80000010
     1042619000	     52029	80008272	01cdbfb3	sltu	x31,x27,x28	 x27:0x0000001f x28:0x80021e64 x31=0x00000001
     1043239000	     52060	80008276	01981533	sll	x10,x16,x25	 x16:0x00000001 x25:0x00000000 x10=0x00000001
     1043259000	     52061	8000827a	4192d4b3	sra	x9,x5,x25	  x5:0x00000200 x25:0x00000000  x9=0x00000200
     1043279000	     52062	8000827e	04c5	c.addi	x9,17	  x9:0x00000200  x9=0x00000211
     1043579000	     52077	80008280	2e136297	auipc	x5,0x2e136	  x5=0xae13e280
     1043599000	     52078	80008284	8881	c.andi	x9,0	  x9:0x00000211  x9=0x00000000
     1043619000	     52079	80008286	00025963	bge	x4,x0,80008298	  x4:0x00000001  x0:0x00000000
     1043919000	     52094	80008298	910a3ab7	lui	x21,0x910a3	 x21=0x910a3000
     1043939000	     52095	8000829c	01445333	srl	x6,x8,x20	  x8:0x80000000 x20:0xffffffff  x6=0x00000001
     1043959000	     52096	800082a0	8d41	c.or	x10,x8	 x10:0x00000001  x8:0x80000000 x10=0x80000001
     1044079000	     52102	800082a2	00379133	sll	x2,x15,x3	 x15:0x80000010  x3:0x0001d000  x2=0x80000010
     1044099000	     52103	800082a6	093e	c.slli	x18,0xf	 x18:0x00000000 x18=0x00000000
     1044479000	     52122	800082a8	03eb12b3	mulh	x5,x22,x30	 x22:0x00000000 x30:0x00000000  x5=0x00000000
     1044499000	     52123	800082ac	340859f3	csrrwi	x19,mscratch,16	 x19=0x00000006
     1044899000	     52143	800082b0	00e3f133	and	x2,x7,x14	  x7:0xffffffff x14:0x00000000  x2=0x00000000
     1045219000	     52159	800082b4	9e9a	c.add	x29,x6	 x29:0x00000000  x6:0x00000001 x29=0x00000001
     1045239000	     52160	800082b6	8cc5	c.or	x9,x9	  x9:0x00000000  x9:0x00000000  x9=0x00000000
     1045259000	     52161	800082b8	340ca973	csrrs	x18,mscratch,x25	 x25:0x00000000 x18=0x00000010
     1045659000	     52181	800082bc	40e68db3	sub	x27,x13,x14	 x13:0xffffffff x14:0x00000000 x27=0xffffffff
     1045719000	     52184	800082c0	81a5	c.srli	x11,0x9	 x11:0xffffffff x11=0x007fffff
     1045739000	     52185	800082c2	0028b833	sltu	x16,x17,x2	 x17:0x00000000  x2:0x00000000 x16=0x00000000
     1045859000	     52191	800082c6	34069273	csrrw	x4,mscratch,x13	 x13:0xffffffff  x4=0x00000010
     1045879000	     52192	800082ca	6119	c.addi16sp	x2,384	  x2:0x00000000  x2=0x00000180
     1045899000	     52193	800082cc	41b15513	srai	x10,x2,0x1b	  x2:0x00000180 x10=0x00000000
     1045919000	     52194	800082d0	0001	c.addi	x0,0	  x0:0x00000000  x0=0x00000000
     1045939000	     52195	800082d2	e991	c.bnez	x11,800082e6	 x11:0x007fffff
     1047179000	     52257	800082e6	8fb1	c.xor	x15,x12	 x15:0x80000010 x12:0x80025ce4 x15=0x00025cf4
     1047379000	     52267	800082e8	812d	c.srli	x10,0xb	 x10:0x00000000 x10=0x00000000
     1048119000	     52304	800082ea	028f40b3	div	x1,x30,x8	 x30:0x00000000  x8:0x80000000  x1=0x00000000
     1048139000	     52305	800082ee	0311ee63	bltu	x3,x17,8000832a	  x3:0x0001d000 x17:0x00000000
     1048159000	     52306	800082f2	8ec5	c.or	x13,x9	 x13:0xffffffff  x9:0x00000000 x13=0xffffffff
     1048899000	     52343	800082f4	03b17733	remu	x14,x2,x27	  x2:0x00000180 x27:0xffffffff x14=0x00000180
     1048919000	     52344	800082f8	00b1de93	srli	x29,x3,0xb	  x3:0x0001d000 x29=0x0000003a
     1048939000	     52345	800082fc	4164c217	auipc	x4,0x4164c	  x4=0xc16542fc
     1048959000	     52346	80008300	16608f93	addi	x31,x1,358	  x1:0x00000000 x31=0x00000166
     1048979000	     52347	80008304	3b63a993	slti	x19,x7,950	  x7:0xffffffff x19=0x00000001
     1048999000	     52348	80008308	0149a8b3	slt	x17,x19,x20	 x19:0x00000001 x20:0xffffffff x17=0x00000000
     1049019000	     52349	8000830c	01baf133	and	x2,x21,x27	 x21:0x910a3000 x27:0xffffffff  x2=0x910a3000
     1049459000	     52371	80008310	0004cb33	xor	x22,x9,x0	  x9:0x00000000  x0:0x00000000 x22=0x00000000
     1049479000	     52372	80008314	03470db3	mul	x27,x14,x20	 x14:0x00000180 x20:0xffffffff x27=0xfffffe80
     1049519000	     52374	80008318	032ba9b3	mulhsu	x19,x23,x18	 x23:0x00000000 x18:0x00000010 x19=0x00000000
     1049919000	     52394	8000831c	340023f3	csrrs	x7,mscratch,x0	  x0:0x00000000  x7=0xffffffff
     1049939000	     52395	80008320	34025773	csrrwi	x14,mscratch,4	 x14=0xffffffff
     1050119000	     52404	80008324	4f09	c.li	x30,2	 x30=0x00000002
     1050139000	     52405	80008326	009a5593	srli	x11,x20,0x9	 x20:0xffffffff x11=0x007fffff
     1050279000	     52412	8000832a	34006373	csrrsi	x6,mscratch,0	  x6=0x00000004
     1051019000	     52449	8000832e	03405733	divu	x14,x0,x20	  x0:0x00000000 x20:0xffffffff x14=0x00000000
     1051039000	     52450	80008332	0000100f	fence.i	
     1051459000	     52471	80008336	00585ab3	srl	x21,x16,x5	 x16:0x00000000  x5:0x00000000 x21=0x00000000
     1051519000	     52474	8000833a	34019873	csrrw	x16,mscratch,x3	  x3:0x0001d000 x16=0x00000004
     1051559000	     52476	8000833e	02fb25b3	mulhsu	x11,x22,x15	 x22:0x00000000 x15:0x00025cf4 x11=0x00000000
     1051679000	     52482	80008342	01c7da33	srl	x20,x15,x28	 x15:0x00025cf4 x28:0x80021e64 x20=0x000025cf
     1051699000	     52483	80008346	0085f533	and	x10,x11,x8	 x11:0x00000000  x8:0x80000000 x10=0x00000000
     1051979000	     52497	8000834a	034cf163	bgeu	x25,x20,8000836c	 x25:0x00000000 x20:0x000025cf
     1052339000	     52515	8000834e	34002af3	csrrs	x21,mscratch,x0	  x0:0x00000000 x21=0x0001d000
     1052359000	     52516	80008352	d0b38b93	addi	x23,x7,-757	  x7:0xffffffff x23=0xfffffd0a
     1052379000	     52517	80008356	8ccef793	andi	x15,x29,-1844	 x29:0x0000003a x15=0x00000008
     1052399000	     52518	8000835a	02a09e63	bne	x1,x10,80008396	  x1:0x00000000 x10:0x00000000
     1052819000	     52539	8000835e	3401af73	csrrs	x30,mscratch,x3	  x3:0x0001d000 x30=0x0001d000
     1052839000	     52540	80008362	07c2	c.slli	x15,0x10	 x15:0x00000008 x15=0x00080000
     1052999000	     52548	80008364	0344acb3	mulhsu	x25,x9,x20	  x9:0x00000000 x20:0x000025cf x25=0x00000000
     1053019000	     52549	80008368	00b8ba33	sltu	x20,x17,x11	 x17:0x00000000 x11:0x00000000 x20=0x00000000
     1053039000	     52550	8000836c	8d91	c.sub	x11,x12	 x11:0x00000000 x12:0x80025ce4 x11=0x7ffda31c
     1053059000	     52551	8000836e	340a1ff3	csrrw	x31,mscratch,x20	 x20:0x00000000 x31=0x0001d000
     1053179000	     52557	80008372	011681b3	add	x3,x13,x17	 x13:0xffffffff x17:0x00000000  x3=0xffffffff
     1053199000	     52558	80008376	01f7ffb3	and	x31,x15,x31	 x15:0x00080000 x31:0x0001d000 x31=0x00000000
     1053619000	     52579	8000837a	0064c4b3	xor	x9,x9,x6	  x9:0x00000000  x6:0x00000004  x9=0x00000004
     1053639000	     52580	8000837e	00d99e93	slli	x29,x19,0xd	 x19:0x00000000 x29=0x00000000
     1053659000	     52581	80008382	0000100f	fence.i	
     1054299000	     52613	80008386	8e89	c.sub	x13,x10	 x13:0xffffffff x10:0x00000000 x13=0xffffffff
     1054719000	     52634	80008388	8f0d	c.sub	x14,x11	 x14:0x00000000 x11:0x7ffda31c x14=0x80025ce4
     1054739000	     52635	8000838a	8119	c.srli	x10,0x6	 x10:0x00000000 x10=0x00000000
     1054939000	     52645	8000838c	41662b17	auipc	x22,0x41662	 x22=0xc166a38c
     1055039000	     52650	80008390	02827963	bgeu	x4,x8,800083c2	  x4:0xc16542fc  x8:0x80000000
     1055299000	     52663	800083c2	01a38cb3	add	x25,x7,x26	  x7:0xffffffff x26:0x80021e64 x25=0x80021e63
     1055539000	     52675	800083c6	02c31d33	mulh	x26,x6,x12	  x6:0x00000004 x12:0x80025ce4 x26=0xfffffffe
     1055559000	     52676	800083ca	14fd	c.addi	x9,-1	  x9:0x00000004  x9=0x00000003
     1055579000	     52677	800083cc	0001	c.addi	x0,0	  x0:0x00000000  x0=0x00000000
     1055599000	     52678	800083ce	717d	c.addi16sp	x2,-16	  x2:0x910a3000  x2=0x910a2ff0
     1055959000	     52696	800083d0	00cd60b3	or	x1,x26,x12	 x26:0xfffffffe x12:0x80025ce4  x1=0xfffffffe
     1055979000	     52697	800083d4	8ff5	c.and	x15,x13	 x15:0x00080000 x13:0xffffffff x15=0x00080000
     1056059000	     52701	800083d6	0177feb3	and	x29,x15,x23	 x15:0x00080000 x23:0xfffffd0a x29=0x00080000
     1059479000	     52872	800083da	e23f8d13	addi	x26,x31,-477	 x31:0x00000000 x26=0xfffffe23
     1059499000	     52873	800083de	0000100f	fence.i	
     1060019000	     52899	800083e2	02e51eb3	mulh	x29,x10,x14	 x10:0x00000000 x14:0x80025ce4 x29=0x00000000
     1060039000	     52900	800083e6	01271463	bne	x14,x18,800083ee	 x14:0x80025ce4 x18:0x00000010
     1060119000	     52904	800083ee	0037b933	sltu	x18,x15,x3	 x15:0x00080000  x3:0xffffffff x18=0x00000001
     1060579000	     52927	800083f2	0374ac33	mulhsu	x24,x9,x23	  x9:0x00000003 x23:0xfffffd0a x24=0x00000002
     1060599000	     52928	800083f6	c189	c.beqz	x11,800083f8	 x11:0x7ffda31c
     1060979000	     52947	800083f8	340f18f3	csrrw	x17,mscratch,x30	 x30:0x0001d000 x17=0x00000000
     1060999000	     52948	800083fc	02245563	bge	x8,x2,80008426	  x8:0x80000000  x2:0x910a2ff0
     1061219000	     52959	80008400	02e4beb3	mulhu	x29,x9,x14	  x9:0x00000003 x14:0x80025ce4 x29=0x00000001
     1061259000	     52961	80008404	01aa67b3	or	x15,x20,x26	 x20:0x00000000 x26:0xfffffe23 x15=0xfffffe23
     1061279000	     52962	80008408	0001	c.addi	x0,0	  x0:0x00000000  x0=0x00000000
     1061519000	     52974	8000840a	00c48fb3	add	x31,x9,x12	  x9:0x00000003 x12:0x80025ce4 x31=0x80025ce7
     1062459000	     53021	8000840e	0294f733	remu	x14,x9,x9	  x9:0x00000003  x9:0x00000003 x14=0x00000000
     1062499000	     53023	80008412	0202e7b3	rem	x15,x5,x0	  x5:0x00000000  x0:0x00000000 x15=0x00000000
     1062519000	     53024	80008416	0001	c.addi	x0,0	  x0:0x00000000  x0=0x00000000
     1062539000	     53025	80008418	8b8d	c.andi	x15,3	 x15:0x00000000 x15=0x00000000
     1063279000	     53062	8000841a	026ad9b3	divu	x19,x21,x6	 x21:0x0001d000  x6:0x00000004 x19=0x00007400
     1063299000	     53063	8000841e	01b8c563	blt	x17,x27,80008428	 x17:0x00000000 x27:0xfffffe80
     1063319000	     53064	80008422	03d18563	beq	x3,x29,8000844c	  x3:0xffffffff x29:0x00000001
     1063339000	     53065	80008426	717d	c.addi16sp	x2,-16	  x2:0x910a2ff0  x2=0x910a2fe0
     1063359000	     53066	80008428	0086cb33	xor	x22,x13,x8	 x13:0xffffffff  x8:0x80000000 x22=0x7fffffff
     1063379000	     53067	8000842c	613d	c.addi16sp	x2,480	  x2:0x910a2fe0  x2=0x910a31c0
     1064119000	     53104	8000842e	02894833	div	x16,x18,x8	 x18:0x00000001  x8:0x80000000 x16=0x00000000
     1064139000	     53105	80008432	0252	c.slli	x4,0x14	  x4:0xc16542fc  x4=0x2fc00000
     1064159000	     53106	80008434	0001	c.addi	x0,0	  x0:0x00000000  x0=0x00000000
     1064179000	     53107	80008436	83eba013	slti	x0,x23,-1986	 x23:0xfffffd0a  x0=0x00000000
     1064199000	     53108	8000843a	8fad	c.xor	x15,x11	 x15:0x00000000 x11:0x7ffda31c x15=0x7ffda31c
     1064219000	     53109	8000843c	31946913	ori	x18,x8,793	  x8:0x80000000 x18=0x80000319
     1064239000	     53110	80008440	011fcc63	blt	x31,x17,80008458	 x31:0x80025ce7 x17:0x00000000
     1064339000	     53115	80008458	002f82b3	add	x5,x31,x2	 x31:0x80025ce7  x2:0x910a31c0  x5=0x110c8ea7
     1064359000	     53116	8000845c	0ff0000f	fence	iorw,iorw	
     1064379000	     53117	80008460	00cc0333	add	x6,x24,x12	 x24:0x00000002 x12:0x80025ce4  x6=0x80025ce6
     1064559000	     53126	80008464	01025fb3	srl	x31,x4,x16	  x4:0x2fc00000 x16:0x00000000 x31=0x2fc00000
     1064579000	     53127	80008468	00831e93	slli	x29,x6,0x8	  x6:0x80025ce6 x29=0x025ce600
     1064999000	     53148	8000846c	c089	c.beqz	x9,8000846e	  x9:0x00000003
     1065019000	     53149	8000846e	01cad893	srli	x17,x21,0x1c	 x21:0x0001d000 x17=0x00000000
     1065079000	     53152	80008472	02bed363	bge	x29,x11,80008498	 x29:0x025ce600 x11:0x7ffda31c
     1065179000	     53157	80008476	05764463	blt	x12,x23,800084be	 x12:0x80025ce4 x23:0xfffffd0a
     1067419000	     53269	800084be	02227c33	remu	x24,x4,x2	  x4:0x2fc00000  x2:0x910a31c0 x24=0x2fc00000
     1067439000	     53270	800084c2	cf8d6317	auipc	x6,0xcf8d6	  x6=0x4f8de4c2
     1067459000	     53271	800084c6	61e1	c.lui	x3,0x18	  x3=0x00018000
     1067479000	     53272	800084c8	b8874293	xori	x5,x14,-1144	 x14:0x00000000  x5=0xfffffb88
     1067499000	     53273	800084cc	0918	c.addi4spn	x14,x2,144	 x14=0x910a3250
     1067519000	     53274	800084ce	615d	c.addi16sp	x2,432	  x2:0x910a31c0  x2=0x910a3370
     1067539000	     53275	800084d0	0033d313	srli	x6,x7,0x3	  x7:0xffffffff  x6=0x1fffffff
     1067559000	     53276	800084d4	58fd	c.li	x17,-1	 x17=0xffffffff
     1067579000	     53277	800084d6	1ffd	c.addi	x31,-1	 x31:0x2fc00000 x31=0x2fbfffff
     1067659000	     53281	800084d8	3403d373	csrrwi	x6,mscratch,7	  x6=0x0001d000
     1067779000	     53287	800084dc	0207cf63	blt	x15,x0,8000851a	 x15:0x7ffda31c  x0:0x00000000
     1067799000	     53288	800084e0	340026f3	csrrs	x13,mscratch,x0	  x0:0x00000000 x13=0x00000007
     1068219000	     53309	800084e4	0001	c.addi	x0,0	  x0:0x00000000  x0=0x00000000
     1068239000	     53310	800084e6	8d59	c.or	x10,x14	 x10:0x00000000 x14:0x910a3250 x10=0x910a3250
     1068399000	     53318	800084e8	8591	c.srai	x11,0x4	 x11:0x7ffda31c x11=0x07ffda31
     1068419000	     53319	800084ea	8f29	c.xor	x14,x10	 x14:0x910a3250 x10:0x910a3250 x14=0x00000000
     1068819000	     53339	800084ec	009a88b3	add	x17,x21,x9	 x21:0x0001d000  x9:0x00000003 x17=0x0001d003
     1068859000	     53341	800084f0	022523b3	mulhsu	x7,x10,x2	 x10:0x910a3250  x2:0x910a3370  x7=0xc1225a99
     1069019000	     53349	800084f4	03574f63	blt	x14,x21,80008532	 x14:0x00000000 x21:0x0001d000
     1069879000	     53392	80008532	0ff0000f	fence	iorw,iorw	
     1069999000	     53398	80008536	34052a73	csrrs	x20,mscratch,x10	 x10:0x910a3250 x20=0x00000007
     1070019000	     53399	8000853a	8d45	c.or	x10,x9	 x10:0x910a3250  x9:0x00000003 x10=0x910a3253
     1070039000	     53400	8000853c	00c99793	slli	x15,x19,0xc	 x19:0x00007400 x15=0x07400000
     1070299000	     53413	80008540	7fbdec13	ori	x24,x27,2043	 x27:0xfffffe80 x24=0xfffffffb
     1070359000	     53416	80008544	340072f3	csrrci	x5,mscratch,0	  x5=0x910a3257
     1070379000	     53417	80008548	af02a693	slti	x13,x5,-1296	  x5:0x910a3257 x13=0x00000001
     1070599000	     53428	8000854c	0289bb33	mulhu	x22,x19,x8	 x19:0x00007400  x8:0x80000000 x22=0x00003a00
     1070959000	     53446	80008550	3407f273	csrrci	x4,mscratch,15	  x4=0x910a3257
     1071019000	     53449	80008554	03658663	beq	x11,x22,80008580	 x11:0x07ffda31 x22:0x00003a00
     1071199000	     53458	80008558	82b5	c.srli	x13,0xd	 x13:0x00000001 x13=0x00000000
     1071219000	     53459	8000855a	cdb3e993	ori	x19,x7,-805	  x7:0xc1225a99 x19=0xfffffedb
     1071599000	     53478	8000855e	340026f3	csrrs	x13,mscratch,x0	  x0:0x00000000 x13=0x910a3250
     1071619000	     53479	80008562	18fd	c.addi	x17,-1	 x17:0x0001d003 x17=0x0001d002
     1071639000	     53480	80008564	fd62ca13	xori	x20,x5,-42	  x5:0x910a3257 x20=0x6ef5cd81
     1071659000	     53481	80008568	f1afdd17	auipc	x26,0xf1afd	 x26=0x71b05568
     1071699000	     53483	8000856c	00c45533	srl	x10,x8,x12	  x8:0x80000000 x12:0x80025ce4 x10=0x08000000
     1071859000	     53491	80008570	6391	c.lui	x7,0x4	  x7=0x00004000
     1071879000	     53492	80008572	00b37c63	bgeu	x6,x11,8000858a	  x6:0x0001d000 x11:0x07ffda31
     1071899000	     53493	80008576	340c1cf3	csrrw	x25,mscratch,x24	 x24:0xfffffffb x25=0x910a3250
     1071919000	     53494	8000857a	1308	c.addi4spn	x10,x2,416	 x10=0x910a3510
     1071939000	     53495	8000857c	008c7263	bgeu	x24,x8,80008580	 x24:0xfffffffb  x8:0x80000000
     1072739000	     53535	80008580	01dbb933	sltu	x18,x23,x29	 x23:0xfffffd0a x29:0x025ce600 x18=0x00000000
     1072759000	     53536	80008584	027bff63	bgeu	x23,x7,800085c2	 x23:0xfffffd0a  x7:0x00004000
     1073099000	     53553	800085c2	0000100f	fence.i	
     1074059000	     53601	800085c6	0ca6	c.slli	x25,0x9	 x25:0x910a3250 x25=0x1464a000
     1074159000	     53606	800085c8	340db773	csrrc	x14,mscratch,x27	 x27:0xfffffe80 x14=0xfffffffb
     1074179000	     53607	800085cc	340921f3	csrrs	x3,mscratch,x18	 x18:0x00000000  x3=0x0000017b
     1074199000	     53608	800085d0	8f39	c.xor	x14,x14	 x14:0xfffffffb x14:0xfffffffb x14=0x00000000
     1074379000	     53617	800085d2	03404e63	blt	x0,x20,8000860e	  x0:0x00000000 x20:0x6ef5cd81
     1075139000	     53655	8000860e	00fb4eb3	xor	x29,x22,x15	 x22:0x00003a00 x15:0x07400000 x29=0x07403a00
     1075159000	     53656	80008612	8cfa	c.mv	x25,x30	  x0:0x00000000 x30:0x0001d000 x25=0x0001d000
     1075179000	     53657	80008614	0ff0000f	fence	iorw,iorw	
     1075199000	     53658	80008618	01e6d993	srli	x19,x13,0x1e	 x13:0x910a3250 x19=0x00000002
     1075519000	     53674	8000861c	340ce6f3	csrrsi	x13,mscratch,25	 x13=0x0000017b
     1075539000	     53675	80008620	0ec6	c.slli	x29,0x11	 x29:0x07403a00 x29=0x74000000
     1075859000	     53691	80008622	a3902593	slti	x11,x0,-1479	  x0:0x00000000 x11=0x00000000
     1075879000	     53692	80008626	8e89	c.sub	x13,x10	 x13:0x0000017b x10:0x910a3510 x13=0x6ef5cc6b
     1075899000	     53693	80008628	8d09	c.sub	x10,x10	 x10:0x910a3510 x10:0x910a3510 x10=0x00000000
     1075919000	     53694	8000862a	830d	c.srli	x14,0x3	 x14:0x00000000 x14=0x00000000
     1075939000	     53695	8000862c	0ee5	c.addi	x29,25	 x29:0x74000000 x29=0x74000019
     1075979000	     53697	8000862e	032663b3	rem	x7,x12,x18	 x12:0x80025ce4 x18:0x00000000  x7=0x80025ce4
     1076259000	     53711	80008632	002de833	or	x16,x27,x2	 x27:0xfffffe80  x2:0x910a3370 x16=0xfffffff0
     1076419000	     53719	80008636	0043a3b3	slt	x7,x7,x4	  x7:0x80025ce4  x4:0x910a3257  x7=0x00000001
     1076599000	     53728	8000863a	340b71f3	csrrci	x3,mscratch,22	  x3=0x0000017b
     1076619000	     53729	8000863e	34096873	csrrsi	x16,mscratch,18	 x16=0x00000169
     1076639000	     53730	80008642	831d	c.srli	x14,0x7	 x14:0x00000000 x14=0x00000000
     1076659000	     53731	80008644	007b7563	bgeu	x22,x7,8000864e	 x22:0x00003a00  x7:0x00000001
     1077379000	     53767	8000864e	1beb4313	xori	x6,x22,446	 x22:0x00003a00  x6=0x00003bbe
     1077399000	     53768	80008652	6cd9	c.lui	x25,0x16	 x25=0x00016000
     1077799000	     53788	80008654	01e40b93	addi	x23,x8,30	  x8:0x80000000 x23=0x8000001e
     1077959000	     53796	80008658	0ff0000f	fence	iorw,iorw	
     1077979000	     53797	8000865c	02709263	bne	x1,x7,80008680	  x1:0xfffffffe  x7:0x00000001
     1078179000	     53807	80008680	0ef5	c.addi	x29,29	 x29:0x74000019 x29=0x74000036
     1078199000	     53808	80008682	82ad	c.srli	x13,0xb	 x13:0x6ef5cc6b x13=0x000ddeb9
     1078599000	     53828	80008684	015dd133	srl	x2,x27,x21	 x27:0xfffffe80 x21:0x0001d000  x2=0xfffffe80
     1078619000	     53829	80008688	8e89	c.sub	x13,x10	 x13:0x000ddeb9 x10:0x00000000 x13=0x000ddeb9
     1078639000	     53830	8000868a	88a1	c.andi	x9,8	  x9:0x00000003  x9=0x00000000
     1079479000	     53872	8000868c	023df333	remu	x6,x27,x3	 x27:0xfffffe80  x3:0x0000017b  x6=0x000000c6
     1079499000	     53873	80008690	34006af3	csrrsi	x21,mscratch,0	 x21=0x0000017b
     1079519000	     53874	80008694	0004e833	or	x16,x9,x0	  x9:0x00000000  x0:0x00000000 x16=0x00000000
     1079539000	     53875	80008698	cd11	c.beqz	x10,800086b4	 x10:0x00000000
     1080159000	     53906	800086b4	89f5	c.andi	x11,29	 x11:0x00000000 x11=0x00000000
     1094839000	     54640	800086b6	00f1bc33	sltu	x24,x3,x15	  x3:0x0000017b x15:0x07400000 x24=0x00000001
     1094859000	     54641	800086ba	006167b3	or	x15,x2,x6	  x2:0xfffffe80  x6:0x000000c6 x15=0xfffffec6
     1094879000	     54642	800086be	011b9463	bne	x23,x17,800086c6	 x23:0x8000001e x17:0x0001d002
     1095579000	     54677	800086c6	4016db93	srai	x23,x13,0x1	 x13:0x000ddeb9 x23=0x0006ef5c
     1095599000	     54678	800086ca	8d65	c.and	x10,x9	 x10:0x00000000  x9:0x00000000 x10=0x00000000
     1095619000	     54679	800086cc	8f9d	c.sub	x15,x15	 x15:0xfffffec6 x15:0xfffffec6 x15=0x00000000
     1096479000	     54722	800086ce	03d94c33	div	x24,x18,x29	 x18:0x00000000 x29:0x74000036 x24=0x00000000
     1096499000	     54723	800086d2	0001	c.addi	x0,0	  x0:0x00000000  x0=0x00000000
     1096519000	     54724	800086d4	002df6b3	and	x13,x27,x2	 x27:0xfffffe80  x2:0xfffffe80 x13=0xfffffe80
     1096539000	     54725	800086d8	03a41463	bne	x8,x26,80008700	  x8:0x80000000 x26:0x71b05568
     1096679000	     54732	80008700	11702093	slti	x1,x0,279	  x0:0x00000000  x1=0x00000001
     1096839000	     54740	80008704	340860f3	csrrsi	x1,mscratch,16	  x1=0x0000017b
     1096859000	     54741	80008708	40975f93	srai	x31,x14,0x9	 x14:0x00000000 x31=0x00000000
     1096879000	     54742	8000870c	34079ef3	csrrw	x29,mscratch,x15	 x15:0x00000000 x29=0x0000017b
     1096899000	     54743	80008710	eb0d	c.bnez	x14,80008742	 x14:0x00000000
     1097319000	     54764	80008712	8092fa93	andi	x21,x5,-2039	  x5:0x910a3257 x21=0x910a3001
     1097339000	     54765	80008716	9cee	c.add	x25,x27	 x25:0x00016000 x27:0xfffffe80 x25=0x00015e80
     1098079000	     54802	80008718	024d74b3	remu	x9,x26,x4	 x26:0x71b05568  x4:0x910a3257  x9=0x71b05568
     1098099000	     54803	8000871c	03fc6663	bltu	x24,x31,80008748	 x24:0x00000000 x31:0x00000000
     1098119000	     54804	80008720	0054d193	srli	x3,x9,0x5	  x9:0x71b05568  x3=0x038d82ab
     1098139000	     54805	80008724	0001	c.addi	x0,0	  x0:0x00000000  x0=0x00000000
     1098179000	     54807	80008726	035abd33	mulhu	x26,x21,x21	 x21:0x910a3001 x21:0x910a3001 x26=0x522c8ac8
     1098199000	     54808	8000872a	00140a63	beq	x8,x1,8000873e	  x8:0x80000000  x1:0x0000017b
     1098219000	     54809	8000872e	34003cf3	csrrc	x25,mscratch,x0	  x0:0x00000000 x25=0x00000000
     1098239000	     54810	80008732	68f5	c.lui	x17,0x1d	 x17=0x0001d000
     1098259000	     54811	80008734	011482b3	add	x5,x9,x17	  x9:0x71b05568 x17:0x0001d000  x5=0x71b22568
     1098659000	     54831	80008738	8fa9	c.xor	x15,x10	 x15:0x00000000 x10:0x00000000 x15=0x00000000
     1098819000	     54839	8000873a	0066ecb3	or	x25,x13,x6	 x13:0xfffffe80  x6:0x000000c6 x25=0xfffffec6
     1098839000	     54840	8000873e	01cefbb3	and	x23,x29,x28	 x29:0x0000017b x28:0x80021e64 x23=0x00000060
     1098939000	     54845	80008742	02039c33	mulh	x24,x7,x0	  x7:0x00000001  x0:0x00000000 x24=0x00000000
     1098959000	     54846	80008746	8f4d	c.or	x14,x11	 x14:0x00000000 x11:0x00000000 x14=0x00000000
     1098979000	     54847	80008748	0001	c.addi	x0,0	  x0:0x00000000  x0=0x00000000
     1098999000	     54848	8000874a	34011b73	csrrw	x22,mscratch,x2	  x2:0xfffffe80 x22=0x00000000
     1099219000	     54859	8000874e	01e31f93	slli	x31,x6,0x1e	  x6:0x000000c6 x31=0x80000000
     1099459000	     54871	80008752	05fcc563	blt	x25,x31,8000879c	 x25:0xfffffec6 x31:0x80000000
     1099879000	     54892	80008756	eea8d5b7	lui	x11,0xeea8d	 x11=0xeea8d000
     1100139000	     54905	8000875a	00eee463	bltu	x29,x14,80008762	 x29:0x0000017b x14:0x00000000
     1100359000	     54916	8000875e	0371bfb3	mulhu	x31,x3,x23	  x3:0x038d82ab x23:0x00000060 x31=0x00000001
     1100499000	     54923	80008762	40d5d513	srai	x10,x11,0xd	 x11:0xeea8d000 x10=0xffff7546
     1100519000	     54924	80008766	e705	c.bnez	x14,8000878e	 x14:0x00000000
     1100699000	     54933	80008768	c916c013	xori	x0,x13,-879	 x13:0xfffffe80  x0=0x00000000
     1100759000	     54936	8000876c	00d26fb3	or	x31,x4,x13	  x4:0x910a3257 x13:0xfffffe80 x31=0xfffffed7
     1100779000	     54937	80008770	01f65663	bge	x12,x31,8000877c	 x12:0x80025ce4 x31:0xfffffed7
     1100899000	     54943	80008774	02a20163	beq	x4,x10,80008796	  x4:0x910a3257 x10:0xffff7546
     1100919000	     54944	80008778	00c0cd63	blt	x1,x12,80008792	  x1:0x0000017b x12:0x80025ce4
     1101659000	     54981	8000877c	02d26133	rem	x2,x4,x13	  x4:0x910a3257 x13:0xfffffe80  x2=0xfffffed7
     1101679000	     54982	80008780	3408eef3	csrrsi	x29,mscratch,17	 x29=0xfffffe80
     1101699000	     54983	80008784	db496213	ori	x4,x18,-588	 x18:0x00000000  x4=0xfffffdb4
     1101719000	     54984	80008788	8fc1	c.or	x15,x8	 x15:0x00000000  x8:0x80000000 x15=0x80000000
     1101839000	     54990	8000878a	03f9a833	mulhsu	x16,x19,x31	 x19:0x00000002 x31:0xfffffed7 x16=0x00000001
     1101959000	     54996	8000878e	40e15d13	srai	x26,x2,0xe	  x2:0xfffffed7 x26=0xffffffff
     1102699000	     55033	80008792	02717b33	remu	x22,x2,x7	  x2:0xfffffed7  x7:0x00000001 x22=0x00000000
     1102739000	     55035	80008796	02eebdb3	mulhu	x27,x29,x14	 x29:0xfffffe80 x14:0x00000000 x27=0x00000000
     1102759000	     55036	8000879a	17fd	c.addi	x15,-1	 x15:0x80000000 x15=0x7fffffff
     1102799000	     55038	8000879c	02cb2fb3	mulhsu	x31,x22,x12	 x22:0x00000000 x12:0x80025ce4 x31=0x00000000
     1102819000	     55039	800087a0	011c1fb3	sll	x31,x24,x17	 x24:0x00000000 x17:0x0001d000 x31=0x00000000
     1102839000	     55040	800087a4	0317e563	bltu	x15,x17,800087ce	 x15:0x7fffffff x17:0x0001d000
     1102859000	     55041	800087a8	8eb9	c.xor	x13,x14	 x13:0xfffffe80 x14:0x00000000 x13=0xfffffe80
     1102879000	     55042	800087aa	10fd	c.addi	x1,-1	  x1:0x0000017b  x1=0x0000017a
     1102899000	     55043	800087ac	73045d97	auipc	x27,0x73045	 x27=0xf304d7ac
     1103299000	     55063	800087b0	01844d33	xor	x26,x8,x24	  x8:0x80000000 x24:0x00000000 x26=0x80000000
     1103319000	     55064	800087b4	340fdd73	csrrwi	x26,mscratch,31	 x26=0xfffffe91
     1103499000	     55073	800087b8	9431c893	xori	x17,x3,-1725	  x3:0x038d82ab x17=0xfc727be8
     1103639000	     55080	800087bc	e319	c.bnez	x14,800087c2	 x14:0x00000000
     1103659000	     55081	800087be	34006973	csrrsi	x18,mscratch,0	 x18=0x0000001f
     1103679000	     55082	800087c2	0027c663	blt	x15,x2,800087ce	 x15:0x7fffffff  x2:0xfffffed7
     1103699000	     55083	800087c6	01351c93	slli	x25,x10,0x13	 x10:0xffff7546 x25=0xaa300000
     1104019000	     55099	800087ca	02103833	mulhu	x16,x0,x1	  x0:0x00000000  x1:0x0000017a x16=0x00000000
     1104039000	     55100	800087ce	e709	c.bnez	x14,800087d8	 x14:0x00000000
     1104059000	     55101	800087d0	02dc87b3	mul	x15,x25,x13	 x25:0xaa300000 x13:0xfffffe80 x15=0xb8000000
     1104379000	     55117	800087d4	340639f3	csrrc	x19,mscratch,x12	 x12:0x80025ce4 x19=0x0000001f
     1104419000	     55119	800087d8	0306a533	mulhsu	x10,x13,x16	 x13:0xfffffe80 x16:0x00000000 x10=0x00000000
     1104459000	     55121	800087dc	036793b3	mulh	x7,x15,x22	 x15:0xb8000000 x22:0x00000000  x7=0x00000000
     1104479000	     55122	800087e0	34015973	csrrwi	x18,mscratch,2	 x18=0x0000001b
     1104499000	     55123	800087e4	62d43b93	sltiu	x23,x8,1581	  x8:0x80000000 x23=0x00000000
     1104519000	     55124	800087e8	639ba293	slti	x5,x23,1593	 x23:0x00000000  x5=0x00000001
     1105279000	     55162	800087ec	029aedb3	rem	x27,x21,x9	 x21:0x910a3001  x9:0x71b05568 x27=0x910a3001
     1105299000	     55163	800087f0	34061d73	csrrw	x26,mscratch,x12	 x12:0x80025ce4 x26=0x00000002
     1105339000	     55165	800087f4	038f1ab3	mulh	x21,x30,x24	 x30:0x0001d000 x24:0x00000000 x21=0x00000000
     1105359000	     55166	800087f8	8d85	c.sub	x11,x9	 x11:0xeea8d000  x9:0x71b05568 x11=0x7cf87a98
     1105379000	     55167	800087fa	a62c6a13	ori	x20,x24,-1438	 x24:0x00000000 x20=0xfffffa62
     1105399000	     55168	800087fe	8f95	c.sub	x15,x13	 x15:0xb8000000 x13:0xfffffe80 x15=0xb8000180
     1105419000	     55169	80008800	40415cb3	sra	x25,x2,x4	  x2:0xfffffed7  x4:0xfffffdb4 x25=0xffffffff
     1105439000	     55170	80008804	8f7d	c.and	x14,x15	 x14:0x00000000 x15:0xb8000180 x14=0x00000000
     1105459000	     55171	80008806	8fb1	c.xor	x15,x12	 x15:0xb8000180 x12:0x80025ce4 x15=0x38025d64
     1105539000	     55175	80008808	00368263	beq	x13,x3,8000880c	 x13:0xfffffe80  x3:0x038d82ab
     1105559000	     55176	8000880c	40f8dbb3	sra	x23,x17,x15	 x17:0xfc727be8 x15:0x38025d64 x23=0xffc727be
     1106319000	     55214	80008810	03336db3	rem	x27,x6,x19	  x6:0x000000c6 x19:0x0000001f x27=0x0000000c
     1106339000	     55215	80008814	0b75	c.addi	x22,29	 x22:0x00000000 x22=0x0000001d
     1106359000	     55216	80008816	00c9f533	and	x10,x19,x12	 x19:0x0000001f x12:0x80025ce4 x10=0x00000004
     1106379000	     55217	8000881a	8f51	c.or	x14,x12	 x14:0x00000000 x12:0x80025ce4 x14=0x80025ce4
     1106399000	     55218	8000881c	01f61c93	slli	x25,x12,0x1f	 x12:0x80025ce4 x25=0x00000000
     1106419000	     55219	80008820	34003c73	csrrc	x24,mscratch,x0	  x0:0x00000000 x24=0x80025ce4
     1106439000	     55220	80008824	0000100f	fence.i	
     1106899000	     55243	80008828	0009d4b3	srl	x9,x19,x0	 x19:0x0000001f  x0:0x00000000  x9=0x0000001f
     1107259000	     55261	8000882c	00cefcb3	and	x25,x29,x12	 x29:0xfffffe80 x12:0x80025ce4 x25=0x80025c80
     1107339000	     55265	80008830	84fd	c.srai	x9,0x1f	  x9:0x0000001f  x9=0x00000000
     1107359000	     55266	80008832	c319	c.beqz	x14,80008838	 x14:0x80025ce4
     1107499000	     55273	80008834	8e222713	slti	x14,x4,-1822	  x4:0xfffffdb4 x14=0x00000000
     1107919000	     55294	80008838	34287d13	andi	x26,x16,834	 x16:0x00000000 x26=0x00000000
     1107939000	     55295	8000883c	34031b73	csrrw	x22,mscratch,x6	  x6:0x000000c6 x22=0x80025ce4
     1108359000	     55316	80008840	4003da33	sra	x20,x7,x0	  x7:0x00000000  x0:0x00000000 x20=0x00000000
     1108559000	     55326	80008844	48cd	c.li	x17,19	 x17=0x00000013
     1108579000	     55327	80008846	1cfd	c.addi	x25,-1	 x25:0x80025c80 x25=0x80025c7f
     1108599000	     55328	80008848	823a	c.mv	x4,x14	  x0:0x00000000 x14:0x00000000  x4=0x00000000
     1108619000	     55329	8000884a	cf05	c.beqz	x14,80008882	 x14:0x00000000
     1108859000	     55341	80008882	01422a33	slt	x20,x4,x20	  x4:0x00000000 x20:0x00000000 x20=0x00000000
     1108879000	     55342	80008886	01227db3	and	x27,x4,x18	  x4:0x00000000 x18:0x0000001b x27=0x00000000
     1108899000	     55343	8000888a	40608db3	sub	x27,x1,x6	  x1:0x0000017a  x6:0x000000c6 x27=0x000000b4
     1109319000	     55364	8000888e	02008033	mul	x0,x1,x0	  x1:0x0000017a  x0:0x00000000  x0=0x00000000
     1109339000	     55365	80008892	340077f3	csrrci	x15,mscratch,0	 x15=0x000000c6
     1109359000	     55366	80008896	cd01	c.beqz	x10,800088ae	 x10:0x00000004
     1109379000	     55367	80008898	99f6	c.add	x19,x29	 x19:0x0000001f x29:0xfffffe80 x19=0xfffffe9f
     1109399000	     55368	8000889a	049d8563	beq	x27,x9,800088e4	 x27:0x000000b4  x9:0x00000000
     1109479000	     55372	8000889e	34007373	csrrci	x6,mscratch,0	  x6=0x000000c6
     1109519000	     55374	800088a2	02eaedb3	rem	x27,x21,x14	 x21:0x00000000 x14:0x00000000 x27=0x00000000
     1109539000	     55375	800088a6	055dc163	blt	x27,x21,800088e8	 x27:0x00000000 x21:0x00000000
     1109679000	     55382	800088aa	014fd463	bge	x31,x20,800088b2	 x31:0x00000000 x20:0x00000000
     1110599000	     55428	800088b2	717d	c.addi16sp	x2,-16	  x2:0xfffffed7  x2=0xfffffec7
     1110619000	     55429	800088b4	0a358c13	addi	x24,x11,163	 x11:0x7cf87a98 x24=0x7cf87b3b
     1110719000	     55434	800088b8	006afb33	and	x22,x21,x6	 x21:0x00000000  x6:0x000000c6 x22=0x00000000
     1110999000	     55448	800088bc	6ed48f17	auipc	x30,0x6ed48	 x30=0xeed508bc
     1111159000	     55456	800088c0	0299c663	blt	x19,x9,800088ec	 x19:0xfffffe9f  x9:0x00000000
     1112439000	     55520	800088ec	1ae2b513	sltiu	x10,x5,430	  x5:0x00000001 x10=0x00000001
     1112859000	     55541	800088f0	017abbb3	sltu	x23,x21,x23	 x21:0x00000000 x23:0xffc727be x23=0x00000001
     1112879000	     55542	800088f4	e981	c.bnez	x11,80008904	 x11:0x7cf87a98
     1113619000	     55579	80008904	0ff0000f	fence	iorw,iorw	
     1113719000	     55584	80008908	8ed9	c.or	x13,x14	 x13:0xfffffe80 x14:0x00000000 x13=0xfffffe80
     1113739000	     55585	8000890a	0001	c.addi	x0,0	  x0:0x00000000  x0=0x00000000
     1113759000	     55586	8000890c	88f5	c.andi	x9,29	  x9:0x00000000  x9=0x00000000
     1114039000	     55600	8000890e	9050f813	andi	x16,x1,-1787	  x1:0x0000017a x16=0x00000100
     1114059000	     55601	80008912	01aaaf33	slt	x30,x21,x26	 x21:0x00000000 x26:0x00000000 x30=0x00000000
     1114979000	     55647	80008916	02cdd233	divu	x4,x27,x12	 x27:0x00000000 x12:0x80025ce4  x4=0x00000000
     1114999000	     55648	8000891a	9d5a	c.add	x26,x22	 x26:0x00000000 x22:0x00000000 x26=0x00000000
     1115019000	     55649	8000891c	002a1cb3	sll	x25,x20,x2	 x20:0x00000000  x2:0xfffffec7 x25=0x00000000
     1115039000	     55650	80008920	006813b3	sll	x7,x16,x6	 x16:0x00000100  x6:0x000000c6  x7=0x00004000
     1115079000	     55652	80008924	03e89eb3	mulh	x29,x17,x30	 x17:0x00000013 x30:0x00000000 x29=0x00000000
     1115119000	     55654	80008928	0392bb33	mulhu	x22,x5,x25	  x5:0x00000001 x25:0x00000000 x22=0x00000000
     1115159000	     55656	8000892c	02c595b3	mulh	x11,x11,x12	 x11:0x7cf87a98 x12:0x80025ce4 x11=0xc184e9fd
     1115179000	     55657	80008930	e29d	c.bnez	x13,80008956	 x13:0xfffffe80
     1116399000	     55718	80008956	b9739217	auipc	x4,0xb9739	  x4=0x39741956
     1116419000	     55719	8000895a	95f2	c.add	x11,x28	 x11:0xc184e9fd x28:0x80021e64 x11=0x41870861
     1116759000	     55736	8000895c	01116233	or	x4,x2,x17	  x2:0xfffffec7 x17:0x00000013  x4=0xfffffed7
     1116779000	     55737	80008960	8f79	c.and	x14,x14	 x14:0x00000000 x14:0x00000000 x14=0x00000000
     1117179000	     55757	80008962	0000100f	fence.i	
     1117679000	     55782	80008966	01cd1563	bne	x26,x28,80008970	 x26:0x00000000 x28:0x80021e64
     1117999000	     55798	80008970	34003573	csrrc	x10,mscratch,x0	  x0:0x00000000 x10=0x000000c6
     1118099000	     55803	80008974	025c4863	blt	x24,x5,800089a4	 x24:0x7cf87b3b  x5:0x00000001
     1118119000	     55804	80008978	003cc363	blt	x25,x3,8000897e	 x25:0x00000000  x3:0x038d82ab
     1118599000	     55828	8000897e	0bc9	c.addi	x23,18	 x23:0x00000001 x23=0x00000013
     1118619000	     55829	80008980	5dfd	c.li	x27,-1	 x27=0xffffffff
     1118639000	     55830	80008982	340c6973	csrrsi	x18,mscratch,24	 x18=0x000000c6
     1118719000	     55834	80008986	9b690e93	addi	x29,x18,-1610	 x18:0x000000c6 x29=0xfffffa7c
     1118739000	     55835	8000898a	0001	c.addi	x0,0	  x0:0x00000000  x0=0x00000000
     1118799000	     55838	8000898c	68f5	c.lui	x17,0x1d	 x17=0x0001d000
     1119179000	     55857	8000898e	002ed4b3	srl	x9,x29,x2	 x29:0xfffffa7c  x2:0xfffffec7  x9=0x01fffff4
     1119199000	     55858	80008992	0001	c.addi	x0,0	  x0:0x00000000  x0=0x00000000
     1119259000	     55861	80008994	03ae8b33	mul	x22,x29,x26	 x29:0xfffffa7c x26:0x00000000 x22=0x00000000
     1119679000	     55882	80008998	340027f3	csrrs	x15,mscratch,x0	  x0:0x00000000 x15=0x000000de
     1119839000	     55890	8000899c	415c51b3	sra	x3,x24,x21	 x24:0x7cf87b3b x21:0x00000000  x3=0x7cf87b3b
     1119859000	     55891	800089a0	8f61	c.and	x14,x8	 x14:0x00000000  x8:0x80000000 x14=0x00000000
     1119879000	     55892	800089a2	0001	c.addi	x0,0	  x0:0x00000000  x0=0x00000000
     1120619000	     55929	800089a4	030ae5b3	rem	x11,x21,x16	 x21:0x00000000 x16:0x00000100 x11=0x00000000
     1120639000	     55930	800089a8	4a09	c.li	x20,2	 x20=0x00000002
     1120659000	     55931	800089aa	34002af3	csrrs	x21,mscratch,x0	  x0:0x00000000 x21=0x000000de
     1120899000	     55943	800089ae	340022f3	csrrs	x5,mscratch,x0	  x0:0x00000000  x5=0x000000de
     1121059000	     55951	800089b2	c4a67013	andi	x0,x12,-950	 x12:0x80025ce4  x0=0x00000000
     1121079000	     55952	800089b6	0001	c.addi	x0,0	  x0:0x00000000  x0=0x00000000
     1121239000	     55960	800089b8	0032c563	blt	x5,x3,800089c2	  x5:0x000000de  x3:0x7cf87b3b
     1121459000	     55971	800089c2	00ed5133	srl	x2,x26,x14	 x26:0x00000000 x14:0x00000000  x2=0x00000000
     1121479000	     55972	800089c6	0000100f	fence.i	
     1122859000	     56041	800089ca	026c64b3	rem	x9,x24,x6	 x24:0x7cf87b3b  x6:0x000000c6  x9=0x00000023
     1122899000	     56043	800089ce	0341adb3	mulhsu	x27,x3,x20	  x3:0x7cf87b3b x20:0x00000002 x27=0x00000000
     1122919000	     56044	800089d2	005d15b3	sll	x11,x26,x5	 x26:0x00000000  x5:0x000000de x11=0x00000000
     1122939000	     56045	800089d6	8f9e	c.mv	x31,x7	  x0:0x00000000  x7:0x00004000 x31=0x00004000
     1122959000	     56046	800089d8	8561	c.srai	x10,0x18	 x10:0x000000c6 x10=0x00000000
     1122979000	     56047	800089da	0000100f	fence.i	
     1123599000	     56078	800089de	8236	c.mv	x4,x13	  x0:0x00000000 x13:0xfffffe80  x4=0xfffffe80
     1123819000	     56089	800089e0	02e230b3	mulhu	x1,x4,x14	  x4:0xfffffe80 x14:0x00000000  x1=0x00000000
     1123839000	     56090	800089e4	41e7d193	srai	x3,x15,0x1e	 x15:0x000000de  x3=0x00000000
     1123859000	     56091	800089e8	0181f9b3	and	x19,x3,x24	  x3:0x00000000 x24:0x7cf87b3b x19=0x00000000
     1124259000	     56111	800089ec	01b187b3	add	x15,x3,x27	  x3:0x00000000 x27:0x00000000 x15=0x00000000
     1124299000	     56113	800089f0	019cffb3	and	x31,x25,x25	 x25:0x00000000 x25:0x00000000 x31=0x00000000
     1124319000	     56114	800089f4	0d75	c.addi	x26,29	 x26:0x00000000 x26=0x0000001d
     1124339000	     56115	800089f6	87a5	c.srai	x15,0x9	 x15:0x00000000 x15=0x00000000
     1124359000	     56116	800089f8	98fd	c.andi	x9,-1	  x9:0x00000023  x9=0x00000023
     1124379000	     56117	800089fa	417f5813	srai	x16,x30,0x17	 x30:0x00000000 x16=0x00000000
     1124399000	     56118	800089fe	024d4663	blt	x26,x4,80008a2a	 x26:0x0000001d  x4:0xfffffe80
     1125139000	     56155	80008a02	026f45b3	div	x11,x30,x6	 x30:0x00000000  x6:0x000000c6 x11=0x00000000
     1125159000	     56156	80008a06	c289	c.beqz	x13,80008a08	 x13:0xfffffe80
     1125179000	     56157	80008a08	340077f3	csrrci	x15,mscratch,0	 x15=0x000000de
     1125199000	     56158	80008a0c	96f2	c.add	x13,x28	 x13:0xfffffe80 x28:0x80021e64 x13=0x80021ce4
     1125219000	     56159	80008a0e	0001	c.addi	x0,0	  x0:0x00000000  x0=0x00000000
     1125239000	     56160	80008a10	01173a33	sltu	x20,x14,x17	 x14:0x00000000 x17:0x0001d000 x20=0x00000001
     1125259000	     56161	80008a14	417a0b33	sub	x22,x20,x23	 x20:0x00000001 x23:0x00000013 x22=0xffffffee
     1125279000	     56162	80008a18	01df1a63	bne	x30,x29,80008a2c	 x30:0x00000000 x29:0xfffffa7c
     1142139000	     57005	80008a2c	cb1d6a37	lui	x20,0xcb1d6	 x20=0xcb1d6000
     1142179000	     57007	80008a30	0294a033	mulhsu	x0,x9,x9	  x9:0x00000023  x9:0x00000023  x0=0x00000000
     1142199000	     57008	80008a34	c0b1	c.beqz	x9,80008a78	  x9:0x00000023
     1142219000	     57009	80008a36	9742	c.add	x14,x16	 x14:0x00000000 x16:0x00000000 x14=0x00000000
     1142239000	     57010	80008a38	00b0edb3	or	x27,x1,x11	  x1:0x00000000 x11:0x00000000 x27=0x00000000
     1142259000	     57011	80008a3c	013dd1b3	srl	x3,x27,x19	 x27:0x00000000 x19:0x00000000  x3=0x00000000
     1142279000	     57012	80008a40	0146ac33	slt	x24,x13,x20	 x13:0x80021ce4 x20:0xcb1d6000 x24=0x00000001
     1142299000	     57013	80008a44	953e	c.add	x10,x15	 x10:0x00000000 x15:0x000000de x10=0x000000de
     1142319000	     57014	80008a46	64a9	c.lui	x9,0xa	  x9=0x0000a000
     1142419000	     57019	80008a48	67a5	c.lui	x15,0x9	 x15=0x00009000
     1142859000	     57041	80008a4a	03bf4db3	div	x27,x30,x27	 x30:0x00000000 x27:0x00000000 x27=0xffffffff
     1142899000	     57043	80008a4e	4168d893	srai	x17,x17,0x16	 x17:0x0001d000 x17=0x00000000
     1142959000	     57046	80008a52	013db1b3	sltu	x3,x27,x19	 x27:0xffffffff x19:0x00000000  x3=0x00000000
     1142999000	     57048	80008a56	02a69ab3	mulh	x21,x13,x10	 x13:0x80021ce4 x10:0x000000de x21=0xffffff91
     1143019000	     57049	80008a5a	df840093	addi	x1,x8,-520	  x8:0x80000000  x1=0x7ffffdf8
     1143039000	     57050	80008a5e	340d6873	csrrsi	x16,mscratch,26	 x16=0x000000de
     1143119000	     57054	80008a62	3406d573	csrrwi	x10,mscratch,13	 x10=0x000000de
     1143139000	     57055	80008a66	6151	c.addi16sp	x2,272	  x2:0x00000000  x2=0x00000110
     1143419000	     57069	80008a68	015326b3	slt	x13,x6,x21	  x6:0x000000c6 x21:0xffffff91 x13=0x00000000
     1143439000	     57070	80008a6c	00305133	srl	x2,x0,x3	  x0:0x00000000  x3:0x00000000  x2=0x00000000
     1143479000	     57072	80008a70	01661013	slli	x0,x12,0x16	 x12:0x80025ce4  x0=0x00000000
     1143579000	     57077	80008a74	77e66513	ori	x10,x12,1918	 x12:0x80025ce4 x10=0x80025ffe
     1143779000	     57087	80008a78	aff8b593	sltiu	x11,x17,-1281	 x17:0x00000000 x11=0x00000001
     1143819000	     57089	80008a7c	02733d33	mulhu	x26,x6,x7	  x6:0x000000c6  x7:0x00004000 x26=0x00000000
     1143839000	     57090	80008a80	9e197f93	andi	x31,x18,-1567	 x18:0x000000c6 x31=0x000000c0
     1144239000	     57110	80008a84	4059d233	sra	x4,x19,x5	 x19:0x00000000  x5:0x000000de  x4=0x00000000
     1144259000	     57111	80008a88	0011dd33	srl	x26,x3,x1	  x3:0x00000000  x1:0x7ffffdf8 x26=0x00000000
     1144279000	     57112	80008a8c	34003173	csrrc	x2,mscratch,x0	  x0:0x00000000  x2=0x0000000d
     1145339000	     57165	80008a90	038a50b3	divu	x1,x20,x24	 x20:0xcb1d6000 x24:0x00000001  x1=0xcb1d6000
     1145359000	     57166	80008a94	8d85	c.sub	x11,x9	 x11:0x00000001  x9:0x0000a000 x11=0xffff6001
     1145379000	     57167	80008a96	0066b233	sltu	x4,x13,x6	 x13:0x00000000  x6:0x000000c6  x4=0x00000001
     1145399000	     57168	80008a9a	41c28db3	sub	x27,x5,x28	  x5:0x000000de x28:0x80021e64 x27=0x7ffde27a
     1145439000	     57170	80008a9e	0377b533	mulhu	x10,x15,x23	 x15:0x00009000 x23:0x00000013 x10=0x00000000
     1145459000	     57171	80008aa2	94a2	c.add	x9,x8	  x9:0x0000a000  x8:0x80000000  x9=0x8000a000
     1145539000	     57175	80008aa4	0ff0000f	fence	iorw,iorw	
     1145559000	     57176	80008aa8	6ac9	c.lui	x21,0x12	 x21=0x00012000
     1145979000	     57197	80008aaa	0134cb13	xori	x22,x9,19	  x9:0x8000a000 x22=0x8000a013
     1146399000	     57218	80008aae	b0aafc93	andi	x25,x21,-1270	 x21:0x00012000 x25=0x00012000
     1147319000	     57264	80008ab2	0375e3b3	rem	x7,x11,x23	 x11:0xffff6001 x23:0x00000013  x7=0xfffffff2
     1147339000	     57265	80008ab6	00d660b3	or	x1,x12,x13	 x12:0x80025ce4 x13:0x00000000  x1=0x80025ce4
     1147359000	     57266	80008aba	00ced913	srli	x18,x29,0xc	 x29:0xfffffa7c x18=0x000fffff
     1147379000	     57267	80008abe	0001	c.addi	x0,0	  x0:0x00000000  x0=0x00000000
     1147479000	     57272	80008ac0	02eafdb3	remu	x27,x21,x14	 x21:0x00012000 x14:0x00000000 x27=0x00012000
     1148219000	     57309	80008ac4	034bdfb3	divu	x31,x23,x20	 x23:0x00000013 x20:0xcb1d6000 x31=0x00000000
     1148239000	     57310	80008ac8	401c0533	sub	x10,x24,x1	 x24:0x00000001  x1:0x80025ce4 x10=0x7ffda31d
     1148259000	     57311	80008acc	0000100f	fence.i	
     1148339000	     57315	80008ad0	cd09	c.beqz	x10,80008aea	 x10:0x7ffda31d
     1148759000	     57336	80008ad2	03a8c263	blt	x17,x26,80008af6	 x17:0x00000000 x26:0x00000000
     1148779000	     57337	80008ad6	03248263	beq	x9,x18,80008afa	  x9:0x8000a000 x18:0x000fffff
     1148799000	     57338	80008ada	6865	c.lui	x16,0x19	 x16=0x00019000
     1148819000	     57339	80008adc	0d95	c.addi	x27,5	 x27:0x00012000 x27=0x00012005
     1149239000	     57360	80008ade	03f3a3b3	mulhsu	x7,x7,x31	  x7:0xfffffff2 x31:0x00000000  x7=0x00000000
     1149259000	     57361	80008ae2	340f5073	csrrwi	x0,mscratch,30	  x0=0x00000000
     1149279000	     57362	80008ae6	8cad	c.xor	x9,x11	  x9:0x8000a000 x11:0xffff6001  x9=0x7fffc001
     1149299000	     57363	80008ae8	02b5	c.addi	x5,13	  x5:0x000000de  x5=0x000000eb
     1149339000	     57365	80008aea	031d76b3	remu	x13,x26,x17	 x26:0x00000000 x17:0x00000000 x13=0x00000000
     1149359000	     57366	80008aee	01885a13	srli	x20,x16,0x18	 x16:0x00019000 x20=0x00000000
     1149379000	     57367	80008af2	03938233	mul	x4,x7,x25	  x7:0x00000000 x25:0x00012000  x4=0x00000000
     1149919000	     57394	80008af6	01f230b3	sltu	x1,x4,x31	  x4:0x00000000 x31:0x00000000  x1=0x00000000
     1149939000	     57395	80008afa	0001	c.addi	x0,0	  x0:0x00000000  x0=0x00000000
     1149959000	     57396	80008afc	4c39	c.li	x24,14	 x24=0x0000000e
     1149979000	     57397	80008afe	8f51	c.or	x14,x12	 x14:0x00000000 x12:0x80025ce4 x14=0x80025ce4
     1149999000	     57398	80008b00	0ff0000f	fence	iorw,iorw	
     1150079000	     57402	80008b04	b19fcd13	xori	x26,x31,-1255	 x31:0x00000000 x26=0xfffffb19
     1150099000	     57403	80008b08	003cd2b3	srl	x5,x25,x3	 x25:0x00012000  x3:0x00000000  x5=0x00012000
     1150199000	     57408	80008b0c	64d1	c.lui	x9,0x14	  x9=0x00014000
     1150519000	     57424	80008b0e	0019cdb3	xor	x27,x19,x1	 x19:0x00000000  x1:0x00000000 x27=0x00000000
     1150599000	     57428	80008b12	033b1a33	mulh	x20,x22,x19	 x22:0x8000a013 x19:0x00000000 x20=0x00000000
     1150619000	     57429	80008b16	41490fb3	sub	x31,x18,x20	 x18:0x000fffff x20:0x00000000 x31=0x000fffff
     1151359000	     57466	80008b1a	03f54333	div	x6,x10,x31	 x10:0x7ffda31d x31:0x000fffff  x6=0x000007ff
     1151379000	     57467	80008b1e	0ff0000f	fence	iorw,iorw	
     1151399000	     57468	80008b22	868d	c.srai	x13,0x3	 x13:0x00000000 x13=0x00000000
     1151419000	     57469	80008b24	717d	c.addi16sp	x2,-16	  x2:0x0000000d  x2=0xfffffffd
     1151439000	     57470	80008b26	41425e93	srai	x29,x4,0x14	  x4:0x00000000 x29=0x00000000
     1151459000	     57471	80008b2a	57fd	c.li	x15,-1	 x15=0xffffffff
     1151479000	     57472	80008b2c	0ff0000f	fence	iorw,iorw	
     1151499000	     57473	80008b30	8e9d	c.sub	x13,x15	 x13:0x00000000 x15:0xffffffff x13=0x00000001
     1151519000	     57474	80008b32	9bfd	c.andi	x15,-1	 x15:0xffffffff x15=0xffffffff
     1151619000	     57479	80008b34	717d	c.addi16sp	x2,-16	  x2:0xfffffffd  x2=0xffffffed
     1151639000	     57480	80008b36	19fd	c.addi	x19,-1	 x19:0x00000000 x19=0xffffffff
     1151819000	     57489	80008b38	014afdb3	and	x27,x21,x20	 x21:0x00012000 x20:0x00000000 x27=0x00000000
     1151859000	     57491	80008b3c	02783eb3	mulhu	x29,x16,x7	 x16:0x00019000  x7:0x00000000 x29=0x00000000
     1151879000	     57492	80008b40	6ad87b93	andi	x23,x16,1709	 x16:0x00019000 x23=0x00000000
     1151939000	     57495	80008b44	34077173	csrrci	x2,mscratch,14	  x2=0x0000001e
     1152359000	     57516	80008b48	0359d363	bge	x19,x21,80008b6e	 x19:0xffffffff x21:0x00012000
     1152379000	     57517	80008b4c	01d19963	bne	x3,x29,80008b5e	  x3:0x00000000 x29:0x00000000
     1152399000	     57518	80008b50	41fa5333	sra	x6,x20,x31	 x20:0x00000000 x31:0x000fffff  x6=0x00000000
     1152799000	     57538	80008b54	34002f73	csrrs	x30,mscratch,x0	  x0:0x00000000 x30=0x00000010
     1152819000	     57539	80008b58	6165	c.addi16sp	x2,112	  x2:0x0000001e  x2=0x0000008e
     1152839000	     57540	80008b5a	40a05913	srai	x18,x0,0xa	  x0:0x00000000 x18=0x00000000
     1153019000	     57549	80008b5e	33354393	xori	x7,x10,819	 x10:0x7ffda31d  x7=0x7ffda02e
     1153159000	     57556	80008b62	a979c697	auipc	x13,0xa979c	 x13=0x297a4b62
     1153259000	     57561	80008b66	7af1edb7	lui	x27,0x7af1e	 x27=0x7af1e000
     1153279000	     57562	80008b6a	5efd	c.li	x29,-1	 x29=0xffffffff
     1153619000	     57579	80008b6c	8b76	c.mv	x22,x29	  x0:0x00000000 x29:0xffffffff x22=0xffffffff
     1153639000	     57580	80008b6e	00325a33	srl	x20,x4,x3	  x4:0x00000000  x3:0x00000000 x20=0x00000000
     1153659000	     57581	80008b72	340071f3	csrrci	x3,mscratch,0	  x3=0x00000010
     1153679000	     57582	80008b76	04e86263	bltu	x16,x14,80008bba	 x16:0x00019000 x14:0x80025ce4
     1154279000	     57612	80008bba	34062af3	csrrs	x21,mscratch,x12	 x12:0x80025ce4 x21=0x00000010
     1154699000	     57633	80008bbe	00300263	beq	x0,x3,80008bc2	  x0:0x00000000  x3:0x00000010
     1154719000	     57634	80008bc2	0b0d	c.addi	x22,3	 x22:0xffffffff x22=0x00000002
     1154739000	     57635	80008bc4	0051b133	sltu	x2,x3,x5	  x3:0x00000010  x5:0x00012000  x2=0x00000001
     1155479000	     57672	80008bc8	02b446b3	div	x13,x8,x11	  x8:0x80000000 x11:0xffff6001 x13=0x0000ccce
     1155499000	     57673	80008bcc	36260713	addi	x14,x12,866	 x12:0x80025ce4 x14=0x80026046
     1155539000	     57675	80008bd0	02433d33	mulhu	x26,x6,x4	  x6:0x00000000  x4:0x00000000 x26=0x00000000
     1155559000	     57676	80008bd4	38714c13	xori	x24,x2,903	  x2:0x00000001 x24=0x00000386
     1155579000	     57677	80008bd8	8d6e	c.mv	x26,x27	  x0:0x00000000 x27:0x7af1e000 x26=0x7af1e000
     1155599000	     57678	80008bda	509d7837	lui	x16,0x509d7	 x16=0x509d7000
     1155619000	     57679	80008bde	168c	c.addi4spn	x11,x2,864	 x11=0x00000361
     1155779000	     57687	80008be0	34096373	csrrsi	x6,mscratch,18	  x6=0x80025cf4
     1155799000	     57688	80008be4	c089	c.beqz	x9,80008be6	  x9:0x00014000
     1155939000	     57695	80008be6	00188233	add	x4,x17,x1	 x17:0x00000000  x1:0x00000000  x4=0x00000000
     1156359000	     57716	80008bea	003638b3	sltu	x17,x12,x3	 x12:0x80025ce4  x3:0x00000010 x17=0x00000000
     1156539000	     57725	80008bee	1a50c893	xori	x17,x1,421	  x1:0x00000000 x17=0x000001a5
     1156799000	     57738	80008bf2	34061af3	csrrw	x21,mscratch,x12	 x12:0x80025ce4 x21=0x80025cf6
     1156819000	     57739	80008bf6	7416ba13	sltiu	x20,x13,1857	 x13:0x0000ccce x20=0x00000000
     1156839000	     57740	80008bfa	34069c73	csrrw	x24,mscratch,x13	 x13:0x0000ccce x24=0x80025ce4
     1157579000	     57777	80008bfe	03ccfbb3	remu	x23,x25,x28	 x25:0x00012000 x28:0x80021e64 x23=0x00012000
     1157599000	     57778	80008c02	72fbdbb7	lui	x23,0x72fbd	 x23=0x72fbd000
     1157619000	     57779	80008c06	91fa	c.add	x3,x30	  x3:0x00000010 x30:0x00000010  x3=0x00000020
     1158359000	     57816	80008c08	02ffe133	rem	x2,x31,x15	 x31:0x000fffff x15:0xffffffff  x2=0x00000000
     1158379000	     57817	80008c0c	818e	c.mv	x3,x3	  x0:0x00000000  x3:0x00000020  x3=0x00000020
     1158399000	     57818	80008c0e	01bc28b3	slt	x17,x24,x27	 x24:0x80025ce4 x27:0x7af1e000 x17=0x00000001
     1158419000	     57819	80008c12	00bb9d63	bne	x23,x11,80008c2c	 x23:0x72fbd000 x11:0x00000361
     1158699000	     57833	80008c2c	02297cb3	remu	x25,x18,x2	 x18:0x00000000  x2:0x00000000 x25=0x00000000
     1158799000	     57838	80008c30	03971a63	bne	x14,x25,80008c64	 x14:0x80026046 x25:0x00000000
     1159699000	     57883	80008c64	be4fb313	sltiu	x6,x31,-1052	 x31:0x000fffff  x6=0x00000001
     1159959000	     57896	80008c68	0241c7b3	div	x15,x3,x4	  x3:0x00000020  x4:0x00000000 x15=0xffffffff
     1160359000	     57916	80008c6c	00d76fb3	or	x31,x14,x13	 x14:0x80026046 x13:0x0000ccce x31=0x8002ecce
     1160779000	     57937	80008c70	a120e093	ori	x1,x1,-1518	  x1:0x00000000  x1=0xfffffa12
     1161519000	     57974	80008c74	02f57f33	remu	x30,x10,x15	 x10:0x7ffda31d x15:0xffffffff x30=0x7ffda31d
     1161539000	     57975	80008c78	00630eb3	add	x29,x6,x6	  x6:0x00000001  x6:0x00000001 x29=0x00000002
     1161559000	     57976	80008c7c	8fb1	c.xor	x15,x12	 x15:0xffffffff x12:0x80025ce4 x15=0x7ffda31b
     1161579000	     57977	80008c7e	340029f3	csrrs	x19,mscratch,x0	  x0:0x00000000 x19=0x0000ccce
     1161599000	     57978	80008c82	517d	c.li	x2,-1	  x2=0xffffffff
     1161619000	     57979	80008c84	34003a73	csrrc	x20,mscratch,x0	  x0:0x00000000 x20=0x0000ccce
     1162359000	     58016	80008c88	03b1c9b3	div	x19,x3,x27	  x3:0x00000020 x27:0x7af1e000 x19=0x00000000
     1162379000	     58017	80008c8c	40efdb33	sra	x22,x31,x14	 x31:0x8002ecce x14:0x80026046 x22=0xfe000bb3
     1162399000	     58018	80008c90	b97f6a97	auipc	x21,0xb97f6	 x21=0x397fec90
     1162439000	     58020	80008c94	034f9f33	mulh	x30,x31,x20	 x31:0x8002ecce x20:0x0000ccce x30=0xffff999b
     1162459000	     58021	80008c98	4ea9	c.li	x29,10	 x29=0x0000000a
     1162479000	     58022	80008c9a	4098cd93	xori	x27,x17,1033	 x17:0x00000001 x27=0x00000408
     1162659000	     58031	80008c9e	01d30b33	add	x22,x6,x29	  x6:0x00000001 x29:0x0000000a x22=0x0000000b
     1163499000	     58073	80008ca2	03ad5033	divu	x0,x26,x26	 x26:0x7af1e000 x26:0x7af1e000  x0=0x00000000
     1163519000	     58074	80008ca6	0091c4b3	xor	x9,x3,x9	  x3:0x00000020  x9:0x00014000  x9=0x00014020
     1163539000	     58075	80008caa	07b6	c.slli	x15,0xd	 x15:0x7ffda31b x15=0xb4636000
     1163559000	     58076	80008cac	7cfc2397	auipc	x7,0x7cfc2	  x7=0xfcfcacac
     1163579000	     58077	80008cb0	3f0e2d93	slti	x27,x28,1008	 x28:0x80021e64 x27=0x00000001
     1163599000	     58078	80008cb4	141c	c.addi4spn	x15,x2,544	 x15=0x0000021f
     1163619000	     58079	80008cb6	83c2f393	andi	x7,x5,-1988	  x5:0x00012000  x7=0x00012000
     1163639000	     58080	80008cba	34006973	csrrsi	x18,mscratch,0	 x18=0x0000ccce
     1163659000	     58081	80008cbe	8a5a	c.mv	x20,x22	  x0:0x00000000 x22:0x0000000b x20=0x0000000b
     1163679000	     58082	80008cc0	0106d033	srl	x0,x13,x16	 x13:0x0000ccce x16:0x509d7000  x0=0x00000000
     1163899000	     58093	80008cc4	02cf0cb3	mul	x25,x30,x12	 x30:0xffff999b x12:0x80025ce4 x25=0x8e0e820c
     1164319000	     58114	80008cc8	8ec9	c.or	x13,x10	 x13:0x0000ccce x10:0x7ffda31d x13=0x7ffdefdf
     1164479000	     58122	80008cca	0102d033	srl	x0,x5,x16	  x5:0x00012000 x16:0x509d7000  x0=0x00000000
     1164499000	     58123	80008cce	92f5c093	xori	x1,x11,-1745	 x11:0x00000361  x1=0xfffffa4e
     1164519000	     58124	80008cd2	0001	c.addi	x0,0	  x0:0x00000000  x0=0x00000000
     1164539000	     58125	80008cd4	02354d63	blt	x10,x3,80008d0e	 x10:0x7ffda31d  x3:0x00000020
     1164899000	     58143	80008cd8	011077b3	and	x15,x0,x17	  x0:0x00000000 x17:0x00000001 x15=0x00000000
     1165699000	     58183	80008cdc	02937533	remu	x10,x6,x9	  x6:0x00000001  x9:0x00014020 x10=0x00000001
     1165719000	     58184	80008ce0	34007ef3	csrrci	x29,mscratch,0	 x29=0x0000ccce
     1165739000	     58185	80008ce4	3406d073	csrrwi	x0,mscratch,13	  x0=0x00000000
     1165759000	     58186	80008ce8	00e86eb3	or	x29,x16,x14	 x16:0x509d7000 x14:0x80026046 x29=0xd09f7046
     1165779000	     58187	80008cec	00168563	beq	x13,x1,80008cf6	 x13:0x7ffdefdf  x1:0xfffffa4e
     1165799000	     58188	80008cf0	00014d63	blt	x2,x0,80008d0a	  x2:0xffffffff  x0:0x00000000
     1166279000	     58212	80008d0a	0246ceb3	div	x29,x13,x4	 x13:0x7ffdefdf  x4:0x00000000 x29=0xffffffff
     1166419000	     58219	80008d0e	0ff0000f	fence	iorw,iorw	
     1166439000	     58220	80008d12	55fd	c.li	x11,-1	 x11=0xffffffff
     1166459000	     58221	80008d14	042e4263	blt	x28,x2,80008d58	 x28:0x80021e64  x2:0xffffffff
     1166659000	     58231	80008d58	0001	c.addi	x0,0	  x0:0x00000000  x0=0x00000000
     1167579000	     58277	80008d5a	02bd5933	divu	x18,x26,x11	 x26:0x7af1e000 x11:0xffffffff x18=0x00000000
     1167599000	     58278	80008d5e	537d	c.li	x6,-1	  x6=0xffffffff
     1167619000	     58279	80008d60	00f7dd13	srli	x26,x15,0xf	 x15:0x00000000 x26=0x00000000
     1167639000	     58280	80008d64	8d61	c.and	x10,x8	 x10:0x00000001  x8:0x80000000 x10=0x00000000
     1167659000	     58281	80008d66	001704b3	add	x9,x14,x1	 x14:0x80026046  x1:0xfffffa4e  x9=0x80025a94
     1167679000	     58282	80008d6a	e70d	c.bnez	x14,80008d94	 x14:0x80026046
     1167979000	     58297	80008d94	798b6e93	ori	x29,x22,1944	 x22:0x0000000b x29=0x0000079b
     1168079000	     58302	80008d98	419f5a93	srai	x21,x30,0x19	 x30:0xffff999b x21=0xffffffff
     1168459000	     58321	80008d9c	85c5	c.srai	x11,0x11	 x11:0xffffffff x11=0xffffffff
     1168539000	     58325	80008d9e	d4202d13	slti	x26,x0,-702	  x0:0x00000000 x26=0x00000000
     1168559000	     58326	80008da2	01c6c033	xor	x0,x13,x28	 x13:0x7ffdefdf x28:0x80021e64  x0=0x00000000
     1168579000	     58327	80008da6	0001	c.addi	x0,0	  x0:0x00000000  x0=0x00000000
     1168979000	     58347	80008da8	0001	c.addi	x0,0	  x0:0x00000000  x0=0x00000000
     1168999000	     58348	80008daa	86e1	c.srai	x13,0x18	 x13:0x7ffdefdf x13=0x0000007f
     1169199000	     58358	80008dac	0486	c.slli	x9,0x1	  x9:0x80025a94  x9=0x0004b528
     1173599000	     58578	80008dae	03079a33	mulh	x20,x15,x16	 x15:0x00000000 x16:0x509d7000 x20=0x00000000
     1173619000	     58579	80008db2	8efd	c.and	x13,x15	 x13:0x0000007f x15:0x00000000 x13=0x00000000
     1173639000	     58580	80008db4	340311f3	csrrw	x3,mscratch,x6	  x6:0xffffffff  x3=0x0000000d
     1173659000	     58581	80008db8	32613513	sltiu	x10,x2,806	  x2:0xffffffff x10=0x00000000
     1173679000	     58582	80008dbc	1434a713	slti	x14,x9,323	  x9:0x0004b528 x14=0x00000000
     1173699000	     58583	80008dc0	1384	c.addi4spn	x9,x2,480	  x9=0x000001df
     1173719000	     58584	80008dc2	407c80b3	sub	x1,x25,x7	 x25:0x8e0e820c  x7:0x00012000  x1=0x8e0d620c
     1173839000	     58590	80008dc6	01117033	and	x0,x2,x17	  x2:0xffffffff x17:0x00000001  x0=0x00000000
     1173859000	     58591	80008dca	8315	c.srli	x14,0x5	 x14:0x00000000 x14=0x00000000
     1174159000	     58606	80008dcc	e385	c.bnez	x15,80008dec	 x15:0x00000000
     1174179000	     58607	80008dce	3407f073	csrrci	x0,mscratch,15	  x0=0x00000000
     1174339000	     58615	80008dd2	014c07b3	add	x15,x24,x20	 x24:0x80025ce4 x20:0x00000000 x15=0x80025ce4
     1174539000	     58625	80008dd6	41a809b3	sub	x19,x16,x26	 x16:0x509d7000 x26:0x00000000 x19=0x509d7000
     1174559000	     58626	80008dda	59fd	c.li	x19,-1	 x19=0xffffffff
     1174579000	     58627	80008ddc	00e970b3	and	x1,x18,x14	 x18:0x00000000 x14:0x00000000  x1=0x00000000
     1174599000	     58628	80008de0	5c7d	c.li	x24,-1	 x24=0xffffffff
     1174619000	     58629	80008de2	8f21	c.xor	x14,x8	 x14:0x00000000  x8:0x80000000 x14=0x80000000
     1174639000	     58630	80008de4	ea8d	c.bnez	x13,80008e16	 x13:0x00000000
     1174679000	     58632	80008de6	02ea92b3	mulh	x5,x21,x14	 x21:0xffffffff x14:0x80000000  x5=0x00000000
     1174699000	     58633	80008dea	8cb1	c.xor	x9,x12	  x9:0x000001df x12:0x80025ce4  x9=0x80025d3b
     1174899000	     58643	80008dec	038198b3	mulh	x17,x3,x24	  x3:0x0000000d x24:0xffffffff x17=0xffffffff
     1174919000	     58644	80008df0	89cd	c.andi	x11,19	 x11:0xffffffff x11=0x00000013
     1174939000	     58645	80008df2	34045973	csrrwi	x18,mscratch,8	 x18=0xfffffff0
     1175099000	     58653	80008df6	a3607217	auipc	x4,0xa3607	  x4=0x2360fdf6
     1175479000	     58672	80008dfa	e9cc7393	andi	x7,x24,-356	 x24:0xffffffff  x7=0xfffffe9c
     1175679000	     58682	80008dfe	01921533	sll	x10,x4,x25	  x4:0x2360fdf6 x25:0x8e0e820c x10=0x0fdf6000
     1175819000	     58689	80008e02	1d640293	addi	x5,x8,470	  x8:0x80000000  x5=0x800001d6
     1176199000	     58708	80008e06	008ce9b3	or	x19,x25,x8	 x25:0x8e0e820c  x8:0x80000000 x19=0x8e0e820c
     1176219000	     58709	80008e0a	0f72	c.slli	x30,0x1c	 x30:0xffff999b x30=0xb0000000
     1176359000	     58716	80008e0c	879d	c.srai	x15,0x7	 x15:0x80025ce4 x15=0xff0004b9
     1177099000	     58753	80008e0e	0232e4b3	rem	x9,x5,x3	  x5:0x800001d6  x3:0x0000000d  x9=0xfffffff7
     1177139000	     58755	80008e12	02bd9233	mulh	x4,x27,x11	 x27:0x00000001 x11:0x00000013  x4=0x00000000
     1177159000	     58756	80008e16	69f14793	xori	x15,x2,1695	  x2:0xffffffff x15=0xfffff960
     1177179000	     58757	80008e1a	00dd4a63	blt	x26,x13,80008e2e	 x26:0x00000000 x13:0x00000000
     1177199000	     58758	80008e1e	014e5463	bge	x28,x20,80008e26	 x28:0x80021e64 x20:0x00000000
     1177219000	     58759	80008e22	13fd	c.addi	x7,-1	  x7:0xfffffe9c  x7=0xfffffe9b
     1177239000	     58760	80008e24	0001	c.addi	x0,0	  x0:0x00000000  x0=0x00000000
     1177259000	     58761	80008e26	60c9	c.lui	x1,0x12	  x1=0x00012000
     1177439000	     58770	80008e28	98fd	c.andi	x9,-1	  x9:0xfffffff7  x9=0xfffffff7
     1177479000	     58772	80008e2a	021b1cb3	mulh	x25,x22,x1	 x22:0x0000000b  x1:0x00012000 x25=0x00000000
     1177619000	     58779	80008e2e	039a0833	mul	x16,x20,x25	 x20:0x00000000 x25:0x00000000 x16=0x00000000
     1177639000	     58780	80008e32	34007973	csrrci	x18,mscratch,0	 x18=0x00000008
     1177779000	     58787	80008e36	005463b3	or	x7,x8,x5	  x8:0x80000000  x5:0x800001d6  x7=0x800001d6
     1177799000	     58788	80008e3a	004a9eb3	sll	x29,x21,x4	 x21:0xffffffff  x4:0x00000000 x29=0xffffffff
     1177839000	     58790	80008e3e	023031b3	mulhu	x3,x0,x3	  x0:0x00000000  x3:0x0000000d  x3=0x00000000
     1177859000	     58791	80008e42	2cdaed17	auipc	x26,0x2cdae	 x26=0xacdb6e42
     1177879000	     58792	80008e46	e311	c.bnez	x14,80008e4a	 x14:0x80000000
     1178639000	     58830	80008e4a	02483b33	mulhu	x22,x16,x4	 x16:0x00000000  x4:0x00000000 x22=0x00000000
     1178659000	     58831	80008e4e	ed11	c.bnez	x10,80008e6a	 x10:0x0fdf6000
     1179319000	     58864	80008e6a	8fe96693	ori	x13,x18,-1794	 x18:0x00000008 x13=0xfffff8fe
     1179339000	     58865	80008e6e	c29d	c.beqz	x13,80008e94	 x13:0xfffff8fe
     1179479000	     58872	80008e70	02b54463	blt	x10,x11,80008e98	 x10:0x0fdf6000 x11:0x00000013
     1179639000	     58880	80008e74	02c01db3	mulh	x27,x0,x12	  x0:0x00000000 x12:0x80025ce4 x27=0x00000000
     1179659000	     58881	80008e78	7363a0b7	lui	x1,0x7363a	  x1=0x7363a000
     1179679000	     58882	80008e7c	0001	c.addi	x0,0	  x0:0x00000000  x0=0x00000000
     1179699000	     58883	80008e7e	016798b3	sll	x17,x15,x22	 x15:0xfffff960 x22:0x00000000 x17=0xfffff960
     1179999000	     58898	80008e82	002bcfb3	xor	x31,x23,x2	 x23:0x72fbd000  x2:0xffffffff x31=0x8d042fff
     1180419000	     58919	80008e86	34002373	csrrs	x6,mscratch,x0	  x0:0x00000000  x6=0x00000008
     1180439000	     58920	80008e8a	81ca	c.mv	x3,x18	  x0:0x00000000 x18:0x00000008  x3=0x00000008
     1180639000	     58930	80008e8c	013eea33	or	x20,x29,x19	 x29:0xffffffff x19:0x8e0e820c x20=0xffffffff
     1180659000	     58931	80008e90	0000100f	fence.i	
     1180939000	     58945	80008e94	4c71	c.li	x24,28	 x24=0x0000001c
     1180959000	     58946	80008e96	0001	c.addi	x0,0	  x0:0x00000000  x0=0x00000000
     1181319000	     58964	80008e98	8aad	c.andi	x13,11	 x13:0xfffff8fe x13=0x0000000a
     1181339000	     58965	80008e9a	00c3ba33	sltu	x20,x7,x12	  x7:0x800001d6 x12:0x80025ce4 x20=0x00000001
     1181419000	     58969	80008e9e	000d77b3	and	x15,x26,x0	 x26:0xacdb6e42  x0:0x00000000 x15=0x00000000
     1181439000	     58970	80008ea2	41c70233	sub	x4,x14,x28	 x14:0x80000000 x28:0x80021e64  x4=0xfffde19c
     1181619000	     58979	80008ea6	b25ea093	slti	x1,x29,-1243	 x29:0xffffffff  x1=0x00000000
     1181639000	     58980	80008eaa	81d5	c.srli	x11,0x15	 x11:0x00000013 x11=0x00000000
     1181699000	     58983	80008eac	02bc8363	beq	x25,x11,80008ed2	 x25:0x00000000 x11:0x00000000
     1182219000	     59009	80008ed2	0001	c.addi	x0,0	  x0:0x00000000  x0=0x00000000
     1182239000	     59010	80008ed4	6dbd	c.lui	x27,0xf	 x27=0x0000f000
     1182259000	     59011	80008ed6	03b90eb3	mul	x29,x18,x27	 x18:0x00000008 x27:0x0000f000 x29=0x00078000
     1182279000	     59012	80008eda	61fd	c.lui	x3,0x1f	  x3=0x0001f000
     1182659000	     59031	80008edc	41bf0033	sub	x0,x30,x27	 x30:0xb0000000 x27:0x0000f000  x0=0x00000000
     1183079000	     59052	80008ee0	851a	c.mv	x10,x6	  x0:0x00000000  x6:0x00000008 x10=0x00000008
     1183099000	     59053	80008ee2	0042ea63	bltu	x5,x4,80008ef6	  x5:0x800001d6  x4:0xfffde19c
     1183879000	     59092	80008ef6	34007ff3	csrrci	x31,mscratch,0	 x31=0x00000008
     1183899000	     59093	80008efa	1b14	c.addi4spn	x13,x2,432	 x13=0x000001af
     1183919000	     59094	80008efc	0001	c.addi	x0,0	  x0:0x00000000  x0=0x00000000
     1183939000	     59095	80008efe	869d	c.srai	x13,0x7	 x13:0x000001af x13=0x00000003
     1183979000	     59097	80008f00	03c52f33	mulhsu	x30,x10,x28	 x10:0x00000008 x28:0x80021e64 x30=0x00000004
     1183999000	     59098	80008f04	4191df33	sra	x30,x3,x25	  x3:0x0001f000 x25:0x00000000 x30=0x0001f000
     1184139000	     59105	80008f08	0001	c.addi	x0,0	  x0:0x00000000  x0=0x00000000
     1184159000	     59106	80008f0a	8c9d	c.sub	x9,x15	  x9:0xfffffff7 x15:0x00000000  x9=0xfffffff7
     1184459000	     59121	80008f0c	03d8b0b3	mulhu	x1,x17,x29	 x17:0xfffff960 x29:0x00078000  x1=0x00077fff
     1184879000	     59142	80008f10	02be9c33	mulh	x24,x29,x11	 x29:0x00078000 x11:0x00000000 x24=0x00000000
     1184899000	     59143	80008f14	340078f3	csrrci	x17,mscratch,0	 x17=0x00000008
     1185319000	     59164	80008f18	022593b3	mulh	x7,x11,x2	 x11:0x00000000  x2:0xffffffff  x7=0x00000000
     1185339000	     59165	80008f1c	60c9	c.lui	x1,0x12	  x1=0x00012000
     1185639000	     59180	80008f1e	1f98a393	slti	x7,x17,505	 x17:0x00000008  x7=0x00000001
     1185759000	     59186	80008f22	0223b833	mulhu	x16,x7,x2	  x7:0x00000001  x2:0xffffffff x16=0x00000000
     1185799000	     59188	80008f26	03761db3	mulh	x27,x12,x23	 x12:0x80025ce4 x23:0x72fbd000 x27=0xc68327b0
     1186179000	     59207	80008f2a	6cf02c93	slti	x25,x0,1743	  x0:0x00000000 x25=0x00000001
     1186199000	     59208	80008f2e	1e98	c.addi4spn	x14,x2,880	 x14=0x0000036f
     1186219000	     59209	80008f30	00701133	sll	x2,x0,x7	  x0:0x00000000  x7:0x00000001  x2=0x00000000
     1186379000	     59217	80008f34	c581	c.beqz	x11,80008f3c	 x11:0x00000000
     1187099000	     59253	80008f3c	2c7bb713	sltiu	x14,x23,711	 x23:0x72fbd000 x14=0x00000000
     1187139000	     59255	80008f40	3407d973	csrrwi	x18,mscratch,15	 x18=0x00000008
     1187379000	     59267	80008f44	8e91	c.sub	x13,x12	 x13:0x00000003 x12:0x80025ce4 x13=0x7ffda31f
     1187799000	     59288	80008f46	b18f7793	andi	x15,x30,-1256	 x30:0x0001f000 x15=0x0001f000
     1187819000	     59289	80008f4a	8b70af93	slti	x31,x1,-1865	  x1:0x00012000 x31=0x00000000
     1187859000	     59291	80008f4e	03807eb3	remu	x29,x0,x24	  x0:0x00000000 x24:0x00000000 x29=0x00000000
     1187879000	     59292	80008f52	cc96e113	ori	x2,x13,-823	 x13:0x7ffda31f  x2=0xffffffdf
     1187899000	     59293	80008f56	80fd	c.srli	x9,0x1f	  x9:0xfffffff7  x9=0x00000001
     1188299000	     59313	80008f58	02bb7333	remu	x6,x22,x11	 x22:0x00000000 x11:0x00000000  x6=0x00000000
     1188319000	     59314	80008f5c	03120533	mul	x10,x4,x17	  x4:0xfffde19c x17:0x00000008 x10=0xffef0ce0
     1188459000	     59321	80008f60	c5ad3713	sltiu	x14,x26,-934	 x26:0xacdb6e42 x14=0x00000001
     1188659000	     59331	80008f64	01031f93	slli	x31,x6,0x10	  x6:0x00000000 x31=0x00000000
     1188679000	     59332	80008f68	89d5	c.andi	x11,21	 x11:0x00000000 x11=0x00000000
     1188719000	     59334	80008f6a	024ca533	mulhsu	x10,x25,x4	 x25:0x00000001  x4:0xfffde19c x10=0x00000000
     1188739000	     59335	80008f6e	0012bcb3	sltu	x25,x5,x1	  x5:0x800001d6  x1:0x00012000 x25=0x00000000
     1188759000	     59336	80008f72	00b3f733	and	x14,x7,x11	  x7:0x00000001 x11:0x00000000 x14=0x00000000
     1188859000	     59341	80008f76	02bc6eb3	rem	x29,x24,x11	 x24:0x00000000 x11:0x00000000 x29=0x00000000
     1188879000	     59342	80008f7a	0908	c.addi4spn	x10,x2,144	 x10=0x0000006f
     1189159000	     59356	80008f7c	6f61	c.lui	x30,0x18	 x30=0x00018000
     1189179000	     59357	80008f7e	1cfd	c.addi	x25,-1	 x25:0x00000000 x25=0xffffffff
     1189579000	     59377	80008f80	0556	c.slli	x10,0x15	 x10:0x0000006f x10=0x0de00000
     1189599000	     59378	80008f82	6179	c.addi16sp	x2,464	  x2:0xffffffdf  x2=0x000001af
     1189659000	     59381	80008f84	8d41	c.or	x10,x8	 x10:0x0de00000  x8:0x80000000 x10=0x8de00000
     1189839000	     59390	80008f86	340cd5f3	csrrwi	x11,mscratch,25	 x11=0x0000000f
     1189919000	     59394	80008f8a	0192a1b3	slt	x3,x5,x25	  x5:0x800001d6 x25:0xffffffff  x3=0x00000001
     1189939000	     59395	80008f8e	0132d463	bge	x5,x19,80008f96	  x5:0x800001d6 x19:0x8e0e820c
     1189959000	     59396	80008f92	00f50963	beq	x10,x15,80008fa4	 x10:0x8de00000 x15:0x0001f000
     1189999000	     59398	80008f96	02bb3ab3	mulhu	x21,x22,x11	 x22:0x00000000 x11:0x0000000f x21=0x00000000
     1190019000	     59399	80008f9a	892a	c.mv	x18,x10	  x0:0x00000000 x10:0x8de00000 x18=0x8de00000
     1190119000	     59404	80008f9c	ddf10a93	addi	x21,x2,-545	  x2:0x000001af x21=0xffffff8e
     1190259000	     59411	80008fa0	34055573	csrrwi	x10,mscratch,10	 x10=0x00000019
     1190439000	     59420	80008fa4	340035f3	csrrc	x11,mscratch,x0	  x0:0x00000000 x11=0x0000000a
     1190459000	     59421	80008fa8	40745593	srai	x11,x8,0x7	  x8:0x80000000 x11=0xff000000
     1190519000	     59424	80008fac	00157733	and	x14,x10,x1	 x10:0x00000019  x1:0x00012000 x14=0x00000000
     1190539000	     59425	80008fb0	34071af3	csrrw	x21,mscratch,x14	 x14:0x00000000 x21=0x0000000a
     1190759000	     59436	80008fb4	e59d	c.bnez	x11,80008fe2	 x11:0xff000000
     1190999000	     59448	80008fe2	4fcb2f93	slti	x31,x22,1276	 x22:0x00000000 x31=0x00000001
     1191419000	     59469	80008fe6	ed067793	andi	x15,x12,-304	 x12:0x80025ce4 x15=0x80025cc0
     1192199000	     59508	80008fea	0326efb3	rem	x31,x13,x18	 x13:0x7ffda31f x18:0x8de00000 x31=0x0ddda31f
     1192219000	     59509	80008fee	5bfd	c.li	x23,-1	 x23=0xffffffff
     1192239000	     59510	80008ff0	e43aaa13	slti	x20,x21,-445	 x21:0x0000000a x20=0x00000000
     1192259000	     59511	80008ff4	34029573	csrrw	x10,mscratch,x5	  x5:0x800001d6 x10=0x00000000
     1192279000	     59512	80008ff8	4001ddb3	sra	x27,x3,x0	  x3:0x00000001  x0:0x00000000 x27=0x00000001
     1192299000	     59513	80008ffc	8d55	c.or	x10,x13	 x10:0x00000000 x13:0x7ffda31f x10=0x7ffda31f
     1192319000	     59514	80008ffe	034c6f63	bltu	x24,x20,8000903c	 x24:0x00000000 x20:0x00000000
     1192339000	     59515	80009002	c7b03717	auipc	x14,0xc7b03	 x14=0x47b0c002
     1192379000	     59517	80009006	00d598b3	sll	x17,x11,x13	 x11:0xff000000 x13:0x7ffda31f x17=0x00000000
     1192399000	     59518	8000900a	b535ee93	ori	x29,x11,-1197	 x11:0xff000000 x29=0xfffffb53
     1192619000	     59529	8000900e	00fe67b3	or	x15,x28,x15	 x28:0x80021e64 x15:0x80025cc0 x15=0x80025ee4
     1192639000	     59530	80009012	8d61	c.and	x10,x8	 x10:0x7ffda31f  x8:0x80000000 x10=0x00000000
     1192659000	     59531	80009014	024c6163	bltu	x24,x4,80009036	 x24:0x00000000  x4:0xfffde19c
     1193879000	     59592	80009036	01dd30b3	sltu	x1,x26,x29	 x26:0xacdb6e42 x29:0xfffffb53  x1=0x00000001
     1193899000	     59593	8000903a	0001	c.addi	x0,0	  x0:0x00000000  x0=0x00000000
     1193959000	     59596	8000903c	8fb5	c.xor	x15,x13	 x15:0x80025ee4 x13:0x7ffda31f x15=0xfffffdfb
     1194119000	     59604	8000903e	01bc8f33	add	x30,x25,x27	 x25:0xffffffff x27:0x00000001 x30=0x00000000
     1194539000	     59625	80009042	340032f3	csrrc	x5,mscratch,x0	  x0:0x00000000  x5=0x800001d6
     1194559000	     59626	80009046	69f9	c.lui	x19,0x1e	 x19=0x0001e000
     1194959000	     59646	80009048	1c8c	c.addi4spn	x11,x2,624	 x11=0x0000041f
     1194979000	     59647	8000904a	afc0c693	xori	x13,x1,-1284	  x1:0x00000001 x13=0xfffffafd
     1194999000	     59648	8000904e	8715	c.srai	x14,0x5	 x14:0x47b0c002 x14=0x023d8600
     1195779000	     59687	80009050	02495933	divu	x18,x18,x4	 x18:0x8de00000  x4:0xfffde19c x18=0x00000000
     1195799000	     59688	80009054	340016f3	csrrw	x13,mscratch,x0	  x0:0x00000000 x13=0x800001d6
     1195859000	     59691	80009058	340c23f3	csrrs	x7,mscratch,x24	 x24:0x00000000  x7=0x00000000
     1195899000	     59693	8000905c	01e72bb3	slt	x23,x14,x30	 x14:0x023d8600 x30:0x00000000 x23=0x00000000
     1196119000	     59704	80009060	8f4d	c.or	x14,x11	 x14:0x023d8600 x11:0x0000041f x14=0x023d861f
     1196139000	     59705	80009062	1604	c.addi4spn	x9,x2,800	  x9=0x000004cf
     1196219000	     59709	80009064	41ef04b3	sub	x9,x30,x30	 x30:0x00000000 x30:0x00000000  x9=0x00000000
     1196239000	     59710	80009068	e2f95497	auipc	x9,0xe2f95	  x9=0x62f9e068
     1196579000	     59727	8000906c	ee85	c.bnez	x13,800090a4	 x13:0x800001d6
     1197399000	     59768	800090a4	01e364b3	or	x9,x6,x30	  x6:0x00000000 x30:0x00000000  x9=0x00000000
     1197439000	     59770	800090a8	340eba73	csrrc	x20,mscratch,x29	 x29:0xfffffb53 x20=0x00000000
     1197679000	     59782	800090ac	20a57db7	lui	x27,0x20a57	 x27=0x20a57000
     1198099000	     59803	800090b0	34003bf3	csrrc	x23,mscratch,x0	  x0:0x00000000 x23=0x00000000
     1198119000	     59804	800090b4	1994	c.addi4spn	x13,x2,240	 x13=0x0000029f
     1198139000	     59805	800090b6	8cc5	c.or	x9,x9	  x9:0x00000000  x9:0x00000000  x9=0x00000000
     1198219000	     59809	800090b8	014e9c63	bne	x29,x20,800090d0	 x29:0xfffffb53 x20:0x00000000
     1198739000	     59835	800090d0	340990f3	csrrw	x1,mscratch,x19	 x19:0x0001e000  x1=0x00000000
     1198939000	     59845	800090d4	340225f3	csrrs	x11,mscratch,x4	  x4:0xfffde19c x11=0x0001e000
     1199019000	     59849	800090d8	8bcd	c.andi	x15,19	 x15:0xfffffdfb x15=0x00000013
     1199039000	     59850	800090da	9054aa13	slti	x20,x9,-1787	  x9:0x00000000 x20=0x00000000
     1199059000	     59851	800090de	8f49	c.or	x14,x10	 x14:0x023d861f x10:0x00000000 x14=0x023d861f
     1199079000	     59852	800090e0	8cf9	c.and	x9,x14	  x9:0x00000000 x14:0x023d861f  x9=0x00000000
     1199099000	     59853	800090e2	63b5	c.lui	x7,0xd	  x7=0x0000d000
     1199139000	     59855	800090e4	06ba	c.slli	x13,0xe	 x13:0x0000029f x13=0x00a7c000
     1199159000	     59856	800090e6	e501	c.bnez	x10,800090ee	 x10:0x00000000
     1199219000	     59859	800090e8	34043973	csrrc	x18,mscratch,x8	  x8:0x80000000 x18=0xfffde19c
     1199399000	     59868	800090ec	717d	c.addi16sp	x2,-16	  x2:0x000001af  x2=0x0000019f
     1199519000	     59874	800090ee	340d35f3	csrrc	x11,mscratch,x26	 x26:0xacdb6e42 x11=0x7ffde19c
     1199539000	     59875	800090f2	340064f3	csrrsi	x9,mscratch,0	  x9=0x5324819c
     1199559000	     59876	800090f6	01b19b13	slli	x22,x3,0x1b	  x3:0x00000001 x22=0x08000000
     1199579000	     59877	800090fa	01ecdc63	bge	x25,x30,80009112	 x25:0xffffffff x30:0x00000000
     1199599000	     59878	800090fe	40bfd4b3	sra	x9,x31,x11	 x31:0x0ddda31f x11:0x7ffde19c  x9=0x00000000
     1199619000	     59879	80009102	013f36b3	sltu	x13,x30,x19	 x30:0x00000000 x19:0x0001e000 x13=0x00000001
     1199639000	     59880	80009106	e39d	c.bnez	x15,8000912c	 x15:0x00000013
     1199739000	     59885	8000912c	8fb9	c.xor	x15,x14	 x15:0x00000013 x14:0x023d861f x15=0x023d860c
     1199759000	     59886	8000912e	c39d	c.beqz	x15,80009154	 x15:0x023d860c
     1199779000	     59887	80009130	015da533	slt	x10,x27,x21	 x27:0x20a57000 x21:0x0000000a x10=0x00000000
     1199799000	     59888	80009134	0726	c.slli	x14,0x9	 x14:0x023d861f x14=0x7b0c3e00
     1199819000	     59889	80009136	f17fe793	ori	x15,x31,-233	 x31:0x0ddda31f x15=0xffffff1f
     1199839000	     59890	8000913a	8d0d	c.sub	x10,x11	 x10:0x00000000 x11:0x7ffde19c x10=0x80021e64
     1200019000	     59899	8000913c	e53aae93	slti	x29,x21,-429	 x21:0x0000000a x29=0x00000000
     1200439000	     59920	80009140	b324c393	xori	x7,x9,-1230	  x9:0x00000000  x7=0xfffffb32
     1200539000	     59925	80009144	00e2dbb3	srl	x23,x5,x14	  x5:0x800001d6 x14:0x7b0c3e00 x23=0x800001d6
     1200559000	     59926	80009148	01f29813	slli	x16,x5,0x1f	  x5:0x800001d6 x16=0x00000000
     1200979000	     59947	8000914c	002b4463	blt	x22,x2,80009154	 x22:0x08000000  x2:0x0000019f
     1200999000	     59948	80009150	0099edb3	or	x27,x19,x9	 x19:0x0001e000  x9:0x00000000 x27=0x0001e000
     1201159000	     59956	80009154	05e0f463	bgeu	x1,x30,8000919c	  x1:0x00000000 x30:0x00000000
     1201699000	     59983	8000919c	021bd0b3	divu	x1,x23,x1	 x23:0x800001d6  x1:0x00000000  x1=0xffffffff
     1201859000	     59991	800091a0	055be363	bltu	x23,x21,800091e6	 x23:0x800001d6 x21:0x0000000a
     1202279000	     60012	800091a4	d2976393	ori	x7,x14,-727	 x14:0x7b0c3e00  x7=0xffffff29
     1202299000	     60013	800091a8	0080a333	slt	x6,x1,x8	  x1:0xffffffff  x8:0x80000000  x6=0x00000000
     1202459000	     60021	800091ac	401d5593	srai	x11,x26,0x1	 x26:0xacdb6e42 x11=0xd66db721
     1202479000	     60022	800091b0	664d3f13	sltiu	x30,x26,1636	 x26:0xacdb6e42 x30=0x00000000
     1202499000	     60023	800091b4	34057df3	csrrci	x27,mscratch,10	 x27=0x5324819c
     1202519000	     60024	800091b8	01263333	sltu	x6,x12,x18	 x12:0x80025ce4 x18:0xfffde19c  x6=0x00000001
     1202539000	     60025	800091bc	4bc1c697	auipc	x13,0x4bc1c	 x13=0xcbc251bc
     1202779000	     60037	800091c0	0001	c.addi	x0,0	  x0:0x00000000  x0=0x00000000
     1202799000	     60038	800091c2	8edd	c.or	x13,x15	 x13:0xcbc251bc x15:0xffffff1f x13=0xffffffbf
     1203199000	     60058	800091c4	e285	c.bnez	x13,800091e4	 x13:0xffffffbf
     1203819000	     60089	800091e4	08e9	c.addi	x17,26	 x17:0x00000000 x17=0x0000001a
     1203839000	     60090	800091e6	8179	c.srli	x10,0x1e	 x10:0x80021e64 x10=0x00000002
     1203919000	     60094	800091e8	00e749b3	xor	x19,x14,x14	 x14:0x7b0c3e00 x14:0x7b0c3e00 x19=0x00000000
     1203959000	     60096	800091ec	0293fb33	remu	x22,x7,x9	  x7:0xffffff29  x9:0x00000000 x22=0xffffff29
     1203979000	     60097	800091f0	00a975b3	and	x11,x18,x10	 x18:0xfffde19c x10:0x00000002 x11=0x00000000
     1203999000	     60098	800091f4	0216c463	blt	x13,x1,8000921c	 x13:0xffffffbf  x1:0xffffffff
     1204879000	     60142	8000921c	00c5d5b3	srl	x11,x11,x12	 x11:0x00000000 x12:0x80025ce4 x11=0x00000000
     1205479000	     60172	80009220	85b9	c.srai	x11,0xe	 x11:0x00000000 x11=0x00000000
     1205899000	     60193	80009222	009d7b93	andi	x23,x26,9	 x26:0xacdb6e42 x23=0x00000000
     1206059000	     60201	80009226	028906b3	mul	x13,x18,x8	 x18:0xfffde19c  x8:0x80000000 x13=0x00000000
     1206799000	     60238	8000922a	0289c833	div	x16,x19,x8	 x19:0x00000000  x8:0x80000000 x16=0x00000000
     1206819000	     60239	8000922e	e785	c.bnez	x15,80009256	 x15:0xffffff1f
     1207059000	     60251	80009256	830d	c.srli	x14,0x3	 x14:0x7b0c3e00 x14=0x0f6187c0
     1207959000	     60296	80009258	023cf0b3	remu	x1,x25,x3	 x25:0xffffffff  x3:0x00000001  x1=0x00000000
     1227639000	     61280	8000925c	642ae213	ori	x4,x21,1602	 x21:0x0000000a  x4=0x0000064a
     1227679000	     61282	80009260	03b29933	mulh	x18,x5,x27	  x5:0x800001d6 x27:0x5324819c x18=0xd66dbfca
     1227699000	     61283	80009264	00cd4c63	blt	x26,x12,8000927c	 x26:0xacdb6e42 x12:0x80025ce4
     1227719000	     61284	80009268	02110733	mul	x14,x2,x1	  x2:0x0000019f  x1:0x00000000 x14=0x00000000
     1227739000	     61285	8000926c	00f68d63	beq	x13,x15,80009286	 x13:0x00000000 x15:0xffffff1f
     1227959000	     61296	80009270	4112d093	srai	x1,x5,0x11	  x5:0x800001d6  x1=0xffffc000
     1228159000	     61306	80009274	0002ef33	or	x30,x5,x0	  x5:0x800001d6  x0:0x00000000 x30=0x800001d6
     1228299000	     61313	80009278	0173ec33	or	x24,x7,x23	  x7:0xffffff29 x23:0x00000000 x24=0xffffff29
     1228319000	     61314	8000927c	0ff0000f	fence	iorw,iorw	
     1228339000	     61315	80009280	8cc1	c.or	x9,x8	  x9:0x00000000  x8:0x80000000  x9=0x80000000
     1228559000	     61326	80009282	037aeb63	bltu	x21,x23,800092b8	 x21:0x0000000a x23:0x00000000
     1228579000	     61327	80009286	8cb9	c.xor	x9,x14	  x9:0x80000000 x14:0x00000000  x9=0x80000000
     1228839000	     61340	80009288	40978333	sub	x6,x15,x9	 x15:0xffffff1f  x9:0x80000000  x6=0x7fffff1f
     1228859000	     61341	8000928c	01e0d233	srl	x4,x1,x30	  x1:0xffffc000 x30:0x800001d6  x4=0x000003ff
     1228879000	     61342	80009290	008e7133	and	x2,x28,x8	 x28:0x80021e64  x8:0x80000000  x2=0x80000000
     1228899000	     61343	80009294	403c5bb3	sra	x23,x24,x3	 x24:0xffffff29  x3:0x00000001 x23=0xffffff94
     1228919000	     61344	80009298	01e57b33	and	x22,x10,x30	 x10:0x00000002 x30:0x800001d6 x22=0x00000002
     1228999000	     61348	8000929c	7da63b13	sltiu	x22,x12,2010	 x12:0x80025ce4 x22=0x00000000
     1229019000	     61349	800092a0	0001	c.addi	x0,0	  x0:0x00000000  x0=0x00000000
     1229039000	     61350	800092a2	0001	c.addi	x0,0	  x0:0x00000000  x0=0x00000000
     1229059000	     61351	800092a4	008f8533	add	x10,x31,x8	 x31:0x0ddda31f  x8:0x80000000 x10=0x8ddda31f
     1230059000	     61401	800092a8	038c5333	divu	x6,x24,x24	 x24:0xffffff29 x24:0xffffff29  x6=0x00000001
     1230079000	     61402	800092ac	8f51	c.or	x14,x12	 x14:0x00000000 x12:0x80025ce4 x14=0x80025ce4
     1230099000	     61403	800092ae	8749	c.srai	x14,0x12	 x14:0x80025ce4 x14=0xffffe000
     1230119000	     61404	800092b0	ef144993	xori	x19,x8,-271	  x8:0x80000000 x19=0x7ffffef1
     1230139000	     61405	800092b4	00305493	srli	x9,x0,0x3	  x0:0x00000000  x9=0x00000000
     1230159000	     61406	800092b8	00eb9b63	bne	x23,x14,800092ce	 x23:0xffffff94 x14:0xffffe000
     1230439000	     61420	800092ce	8d39	c.xor	x10,x14	 x10:0x8ddda31f x14:0xffffe000 x10=0x7222431f
     1230679000	     61432	800092d0	5c7d	c.li	x24,-1	 x24=0xffffffff
     1230699000	     61433	800092d2	0001	c.addi	x0,0	  x0:0x00000000  x0=0x00000000
     1231019000	     61449	800092d4	80e2	c.mv	x1,x24	  x0:0x00000000 x24:0xffffffff  x1=0xffffffff
     1231059000	     61451	800092d6	036f13b3	mulh	x7,x30,x22	 x30:0x800001d6 x22:0x00000000  x7=0x00000000
     1231079000	     61452	800092da	003efb63	bgeu	x29,x3,800092f0	 x29:0x00000000  x3:0x00000001
     1231559000	     61476	800092de	340b24f3	csrrs	x9,mscratch,x22	 x22:0x00000000  x9=0x53248194
     1231619000	     61479	800092e2	ef8a7f13	andi	x30,x20,-264	 x20:0x00000000 x30=0x00000000
     1231639000	     61480	800092e6	340024f3	csrrs	x9,mscratch,x0	  x0:0x00000000  x9=0x53248194
     1231659000	     61481	800092ea	8779	c.srai	x14,0x1e	 x14:0xffffe000 x14=0xffffffff
     1231679000	     61482	800092ec	1d7d	c.addi	x26,-1	 x26:0xacdb6e42 x26=0xacdb6e41
     1231699000	     61483	800092ee	0514	c.addi4spn	x13,x2,640	 x13=0x80000280
     1231719000	     61484	800092f0	03219863	bne	x3,x18,80009320	  x3:0x00000001 x18:0xd66dbfca
     1231979000	     61497	80009320	d511c293	xori	x5,x3,-687	  x3:0x00000001  x5=0xfffffd50
     1231999000	     61498	80009324	55fd	c.li	x11,-1	 x11=0xffffffff
     1232019000	     61499	80009326	01427133	and	x2,x4,x20	  x4:0x000003ff x20:0x00000000  x2=0x00000000
     1232039000	     61500	8000932a	6171	c.addi16sp	x2,336	  x2:0x00000000  x2=0x00000150
     1232079000	     61502	8000932c	037c3933	mulhu	x18,x24,x23	 x24:0xffffffff x23:0xffffff94 x18=0xffffff93
     1232099000	     61503	80009330	0345fe63	bgeu	x11,x20,8000936c	 x11:0xffffffff x20:0x00000000
     1232759000	     61536	8000936c	34006773	csrrsi	x14,mscratch,0	 x14=0x53248194
     1232799000	     61538	80009370	40538733	sub	x14,x7,x5	  x7:0x00000000  x5:0xfffffd50 x14=0x000002b0
     1232819000	     61539	80009374	8745	c.srai	x14,0x11	 x14:0x000002b0 x14=0x00000000
     1232839000	     61540	80009376	e119	c.bnez	x10,8000937c	 x10:0x7222431f
     1233579000	     61577	8000937c	00bf9cb3	sll	x25,x31,x11	 x31:0x0ddda31f x11:0xffffffff x25=0x80000000
     1233959000	     61596	80009380	53e0f213	andi	x4,x1,1342	  x1:0xffffffff  x4=0x0000053e
     1234119000	     61604	80009384	8d09	c.sub	x10,x10	 x10:0x7222431f x10:0x7222431f x10=0x00000000
     1234139000	     61605	80009386	412b5593	srai	x11,x22,0x12	 x22:0x00000000 x11=0x00000000
     1234179000	     61607	8000938a	02a9b733	mulhu	x14,x19,x10	 x19:0x7ffffef1 x10:0x00000000 x14=0x00000000
     1234219000	     61609	8000938e	0172deb3	srl	x29,x5,x23	  x5:0xfffffd50 x23:0xffffff94 x29=0x00000fff
     1234239000	     61610	80009392	8cb9	c.xor	x9,x14	  x9:0x53248194 x14:0x00000000  x9=0x53248194
     1234259000	     61611	80009394	03f05263	bge	x0,x31,800093b8	  x0:0x00000000 x31:0x0ddda31f
     1234279000	     61612	80009398	00779a13	slli	x20,x15,0x7	 x15:0xffffff1f x20=0xffff8f80
     1234299000	     61613	8000939c	89c5	c.andi	x11,17	 x11:0x00000000 x11=0x00000000
     1234319000	     61614	8000939e	0ff0000f	fence	iorw,iorw	
     1234339000	     61615	800093a2	04fe	c.slli	x9,0x1f	  x9:0x53248194  x9=0x00000000
     1234359000	     61616	800093a4	ed14bf13	sltiu	x30,x9,-303	  x9:0x00000000 x30=0x00000001
     1234739000	     61635	800093a8	0c5e	c.slli	x24,0x17	 x24:0xffffffff x24=0xff800000
     1234759000	     61636	800093aa	73131797	auipc	x15,0x73131	 x15=0xf313a3aa
     1234779000	     61637	800093ae	64790093	addi	x1,x18,1607	 x18:0xffffff93  x1=0x000005da
     1234799000	     61638	800093b2	8fed	c.and	x15,x11	 x15:0xf313a3aa x11:0x00000000 x15=0x00000000
     1234819000	     61639	800093b4	1794	c.addi4spn	x13,x2,992	 x13=0x00000530
     1234839000	     61640	800093b6	c589	c.beqz	x11,800093c0	 x11:0x00000000
     1235699000	     61683	800093c0	8f1d	c.sub	x14,x15	 x14:0x00000000 x15:0x00000000 x14=0x00000000
     1236439000	     61720	800093c2	038be6b3	rem	x13,x23,x24	 x23:0xffffff94 x24:0xff800000 x13=0xffffff94
     1236459000	     61721	800093c6	02968f63	beq	x13,x9,80009404	 x13:0xffffff94  x9:0x00000000
     1236479000	     61722	800093ca	86ed	c.srai	x13,0x1b	 x13:0xffffff94 x13=0xffffffff
     1236579000	     61727	800093cc	033a3d33	mulhu	x26,x20,x19	 x20:0xffff8f80 x19:0x7ffffef1 x26=0x7fffc6b1
     1236599000	     61728	800093d0	e309	c.bnez	x14,800093d2	 x14:0x00000000
     1236819000	     61739	800093d2	d343b093	sltiu	x1,x7,-716	  x7:0x00000000  x1=0x00000001
     1236839000	     61740	800093d6	86cd	c.srai	x13,0x13	 x13:0xffffffff x13=0xffffffff
     1236859000	     61741	800093d8	00cc3933	sltu	x18,x24,x12	 x24:0xff800000 x12:0x80025ce4 x18=0x00000000
     1236879000	     61742	800093dc	707afe97	auipc	x29,0x707af	 x29=0xf07b83dc
     1236959000	     61746	800093e0	340965f3	csrrsi	x11,mscratch,18	 x11=0x53248194
     1237359000	     61766	800093e4	03c628b3	mulhsu	x17,x12,x28	 x12:0x80025ce4 x28:0x80021e64 x17=0xc0001f45
     1237379000	     61767	800093e8	0146a533	slt	x10,x13,x20	 x13:0xffffffff x20:0xffff8f80 x10=0x00000000
     1237399000	     61768	800093ec	5d147fb7	lui	x31,0x5d147	 x31=0x5d147000
     1237499000	     61773	800093f0	83a5	c.srli	x15,0x9	 x15:0x00000000 x15=0x00000000
     1237519000	     61774	800093f2	008236b3	sltu	x13,x4,x8	  x4:0x0000053e  x8:0x80000000 x13=0x00000001
     1237539000	     61775	800093f6	008a6833	or	x16,x20,x8	 x20:0xffff8f80  x8:0x80000000 x16=0xffff8f80
     1237959000	     61796	800093fa	0000100f	fence.i	
     1238439000	     61820	800093fe	4052d8b3	sra	x17,x5,x5	  x5:0xfffffd50  x5:0xfffffd50 x17=0xffffffff
     1238459000	     61821	80009402	c501	c.beqz	x10,8000940a	 x10:0x00000000
     1238739000	     61835	8000940a	3aaefd93	andi	x27,x29,938	 x29:0xf07b83dc x27=0x00000388
     1238759000	     61836	8000940e	8d89	c.sub	x11,x10	 x11:0x53248194 x10:0x00000000 x11=0x53248194
     1238959000	     61846	80009410	02af6bb3	rem	x23,x30,x10	 x30:0x00000001 x10:0x00000000 x23=0x00000001
     1238999000	     61848	80009414	01ec9363	bne	x25,x30,8000941a	 x25:0x80000000 x30:0x00000001
     1239039000	     61850	8000941a	8489	c.srai	x9,0x2	  x9:0x00000000  x9=0x00000000
     1239459000	     61871	8000941c	01a6b7b3	sltu	x15,x13,x26	 x13:0x00000001 x26:0x7fffc6b1 x15=0x00000001
     1239499000	     61873	80009420	086e	c.slli	x16,0x1b	 x16:0xffff8f80 x16=0x00000000
     1239539000	     61875	80009422	340677f3	csrrci	x15,mscratch,12	 x15=0x53248196
     1239759000	     61886	80009426	2c083913	sltiu	x18,x16,704	 x16:0x00000000 x18=0x00000001
     1239779000	     61887	8000942a	0001	c.addi	x0,0	  x0:0x00000000  x0=0x00000000
     1239799000	     61888	8000942c	34049873	csrrw	x16,mscratch,x9	  x9:0x00000000 x16=0x53248192
     1239839000	     61890	80009430	0158d333	srl	x6,x17,x21	 x17:0xffffffff x21:0x0000000a  x6=0x003fffff
     1239859000	     61891	80009434	42a57a13	andi	x20,x10,1066	 x10:0x00000000 x20=0x00000000
     1240159000	     61906	80009438	e78d	c.bnez	x15,80009462	 x15:0x53248196
     1240859000	     61941	80009462	007b7d33	and	x26,x22,x7	 x22:0x00000000  x7:0x00000000 x26=0x00000000
     1240879000	     61942	80009466	855d	c.srai	x10,0x17	 x10:0x00000000 x10=0x00000000
     1240899000	     61943	80009468	019c76b3	and	x13,x24,x25	 x24:0xff800000 x25:0x80000000 x13=0x80000000
     1240919000	     61944	8000946c	013e4db3	xor	x27,x28,x19	 x28:0x80021e64 x19:0x7ffffef1 x27=0xfffde095
     1241239000	     61960	80009470	41df0fb3	sub	x31,x30,x29	 x30:0x00000001 x29:0xf07b83dc x31=0x0f847c25
     1241299000	     61963	80009474	1d9c	c.addi4spn	x15,x2,752	 x15=0x00000440
     1241459000	     61971	80009476	34006373	csrrsi	x6,mscratch,0	  x6=0x00000000
     1241479000	     61972	8000947a	8c8d	c.sub	x9,x11	  x9:0x00000000 x11:0x53248194  x9=0xacdb7e6c
     1241499000	     61973	8000947c	00237b33	and	x22,x6,x2	  x6:0x00000000  x2:0x00000150 x22=0x00000000
     1241519000	     61974	80009480	0d7a	c.slli	x26,0x1e	 x26:0x00000000 x26=0x00000000
     1241539000	     61975	80009482	81cd	c.srli	x11,0x13	 x11:0x53248194 x11=0x00000a64
     1241919000	     61994	80009484	485d	c.li	x16,23	 x16=0x00000017
     1241939000	     61995	80009486	98fd	c.andi	x9,-1	  x9:0xacdb7e6c  x9=0xacdb7e6c
     1241979000	     61997	80009488	0338a133	mulhsu	x2,x17,x19	 x17:0xffffffff x19:0x7ffffef1  x2=0xffffffff
     1242059000	     62001	8000948c	0000100f	fence.i	
     1242379000	     62017	80009490	d3d93e93	sltiu	x29,x18,-707	 x18:0x00000001 x29=0x00000001
     1242399000	     62018	80009494	015d21b3	slt	x3,x26,x21	 x26:0x00000000 x21:0x0000000a  x3=0x00000001
     1242559000	     62026	80009498	01f2de63	bge	x5,x31,800094b4	  x5:0xfffffd50 x31:0x0f847c25
     1242979000	     62047	8000949c	03909333	mulh	x6,x1,x25	  x1:0x00000001 x25:0x80000000  x6=0xffffffff
     1243059000	     62051	800094a0	9352	c.add	x6,x20	  x6:0xffffffff x20:0x00000000  x6=0xffffffff
     1243479000	     62072	800094a2	00387363	bgeu	x16,x3,800094a8	 x16:0x00000017  x3:0x00000001
     1243999000	     62098	800094a8	062ab513	sltiu	x10,x21,98	 x21:0x0000000a x10=0x00000001
     1244259000	     62111	800094ac	8f55	c.or	x14,x13	 x14:0x00000000 x13:0x80000000 x14=0x80000000
     1244279000	     62112	800094ae	9fae	c.add	x31,x11	 x31:0x0f847c25 x11:0x00000a64 x31=0x0f848689
     1244419000	     62119	800094b0	03938f33	mul	x30,x7,x25	  x7:0x00000000 x25:0x80000000 x30=0x00000000
     1244839000	     62140	800094b4	8595	c.srai	x11,0x5	 x11:0x00000a64 x11=0x00000053
     1245099000	     62153	800094b6	31ea2a13	slti	x20,x20,798	 x20:0x00000000 x20=0x00000001
     1245119000	     62154	800094ba	84e5	c.srai	x9,0x19	  x9:0xacdb7e6c  x9=0xffffffd6
     1245479000	     62172	800094bc	0003c533	xor	x10,x7,x0	  x7:0x00000000  x0:0x00000000 x10=0x00000000
     1245659000	     62181	800094c0	34079b73	csrrw	x22,mscratch,x15	 x15:0x00000440 x22=0x00000000
     1245679000	     62182	800094c4	011b9033	sll	x0,x23,x17	 x23:0x00000001 x17:0xffffffff  x0=0x00000000
     1245699000	     62183	800094c8	356f4493	xori	x9,x30,854	 x30:0x00000000  x9=0x00000356
     1245719000	     62184	800094cc	8a85	c.andi	x13,1	 x13:0x80000000 x13=0x00000000
     1246499000	     62223	800094ce	0370d533	divu	x10,x1,x23	  x1:0x00000001 x23:0x00000001 x10=0x00000001
     1246519000	     62224	800094d2	029a5363	bge	x20,x9,800094f8	 x20:0x00000001  x9:0x00000356
     1246539000	     62225	800094d6	00621263	bne	x4,x6,800094da	  x4:0x0000053e  x6:0xffffffff
     1246899000	     62243	800094da	01713333	sltu	x6,x2,x23	  x2:0xffffffff x23:0x00000001  x6=0x00000000
     1246959000	     62246	800094de	fef32293	slti	x5,x6,-17	  x6:0x00000000  x5=0x00000000
     1247119000	     62254	800094e2	a371e913	ori	x18,x3,-1481	  x3:0x00000001 x18=0xfffffa37
     1247139000	     62255	800094e6	0914	c.addi4spn	x13,x2,144	 x13=0x0000008f
     1247159000	     62256	800094e8	837d	c.srli	x14,0x1f	 x14:0x80000000 x14=0x00000001
     1247199000	     62258	800094ea	80c0e793	ori	x15,x1,-2036	  x1:0x00000001 x15=0xfffff80d
     1247219000	     62259	800094ee	8f09	c.sub	x14,x10	 x14:0x00000001 x10:0x00000001 x14=0x00000000
     1247239000	     62260	800094f0	86d5	c.srai	x13,0x15	 x13:0x0000008f x13=0x00000000
     1247259000	     62261	800094f2	0001	c.addi	x0,0	  x0:0x00000000  x0=0x00000000
     1247279000	     62262	800094f4	99b8bb93	sltiu	x23,x17,-1637	 x17:0xffffffff x23=0x00000000
     1247299000	     62263	800094f8	006898b3	sll	x17,x17,x6	 x17:0xffffffff  x6:0x00000000 x17=0xffffffff
     1247319000	     62264	800094fc	00bd39b3	sltu	x19,x26,x11	 x26:0x00000000 x11:0x00000053 x19=0x00000001
     1247479000	     62272	80009500	8131	c.srli	x10,0xc	 x10:0x00000001 x10=0x00000000
     1247899000	     62293	80009502	03de1563	bne	x28,x29,8000952c	 x28:0x80021e64 x29:0x00000001
     1248779000	     62337	8000952c	8f39	c.xor	x14,x14	 x14:0x00000000 x14:0x00000000 x14=0x00000000
     1248899000	     62343	8000952e	016fd313	srli	x6,x31,0x16	 x31:0x0f848689  x6=0x0000003e
     1248939000	     62345	80009532	02a33b33	mulhu	x22,x6,x10	  x6:0x0000003e x10:0x00000000 x22=0x00000000
     1249119000	     62354	80009536	3404d873	csrrwi	x16,mscratch,9	 x16=0x00000440
     1249239000	     62360	8000953a	04c0c363	blt	x1,x12,80009580	  x1:0x00000001 x12:0x80025ce4
     1249279000	     62362	8000953e	0204ba33	mulhu	x20,x9,x0	  x9:0x00000356  x0:0x00000000 x20=0x00000000
     1249299000	     62363	80009542	0ff0000f	fence	iorw,iorw	
     1250159000	     62406	80009546	033fe933	rem	x18,x31,x19	 x31:0x0f848689 x19:0x00000001 x18=0x00000000
     1250179000	     62407	8000954a	8f45	c.or	x14,x9	 x14:0x00000000  x9:0x00000356 x14=0x00000356
     1250199000	     62408	8000954c	9bfd	c.andi	x15,-1	 x15:0xfffff80d x15=0xfffff80d
     1250219000	     62409	8000954e	56ac0913	addi	x18,x24,1386	 x24:0xff800000 x18=0xff80056a
     1250239000	     62410	80009552	00f75113	srli	x2,x14,0xf	 x14:0x00000356  x2=0x00000000
     1250559000	     62426	80009556	002229b7	lui	x19,0x222	 x19=0x00222000
     1250719000	     62434	8000955a	340e7373	csrrci	x6,mscratch,28	  x6=0x00000009
     1250739000	     62435	8000955e	34031b73	csrrw	x22,mscratch,x6	  x6:0x00000009 x22=0x00000001
     1250959000	     62446	80009562	0281b333	mulhu	x6,x3,x8	  x3:0x00000001  x8:0x80000000  x6=0x00000000
     1250979000	     62447	80009566	01ad8533	add	x10,x27,x26	 x27:0xfffde095 x26:0x00000000 x10=0xfffde095
     1250999000	     62448	8000956a	01a38b63	beq	x7,x26,80009580	  x7:0x00000000 x26:0x00000000
     1251439000	     62470	80009580	01a0a8b3	slt	x17,x1,x26	  x1:0x00000001 x26:0x00000000 x17=0x00000000
     1251459000	     62471	80009584	340dadf3	csrrs	x27,mscratch,x27	 x27:0xfffde095 x27=0x00000009
     1251659000	     62481	80009588	0096eeb3	or	x29,x13,x9	 x13:0x00000000  x9:0x00000356 x29=0x00000356
     1251679000	     62482	8000958c	0000100f	fence.i	
     1252439000	     62520	80009590	8dd1	c.or	x11,x12	 x11:0x00000053 x12:0x80025ce4 x11=0x80025cf7
     1252459000	     62521	80009592	8d89	c.sub	x11,x10	 x11:0x80025cf7 x10:0xfffde095 x11=0x80047c62
     1252479000	     62522	80009594	8ea1	c.xor	x13,x8	 x13:0x00000000  x8:0x80000000 x13=0x80000000
     1252499000	     62523	80009596	994a	c.add	x18,x18	 x18:0xff80056a x18:0xff80056a x18=0xff000ad4
     1252519000	     62524	80009598	00a91c93	slli	x25,x18,0xa	 x18:0xff000ad4 x25=0x002b5000
     1252539000	     62525	8000959c	8f0d	c.sub	x14,x11	 x14:0x00000356 x11:0x80047c62 x14=0x7ffb86f4
     1252559000	     62526	8000959e	01d48133	add	x2,x9,x29	  x9:0x00000356 x29:0x00000356  x2=0x000006ac
     1252579000	     62527	800095a2	8589	c.srai	x11,0x2	 x11:0x80047c62 x11=0xe0011f18
     1252599000	     62528	800095a4	00e36363	bltu	x6,x14,800095aa	  x6:0x00000000 x14:0x7ffb86f4
     1252819000	     62539	800095aa	91d6	c.add	x3,x21	  x3:0x00000001 x21:0x0000000a  x3=0x0000000b
     1252959000	     62546	800095ac	8dad	c.xor	x11,x11	 x11:0xe0011f18 x11:0xe0011f18 x11=0x00000000
     1252979000	     62547	800095ae	007d37b3	sltu	x15,x26,x7	 x26:0x00000000  x7:0x00000000 x15=0x00000000
     1253239000	     62560	800095b2	34006773	csrrsi	x14,mscratch,0	 x14=0xfffde09d
     1253259000	     62561	800095b6	5a7d	c.li	x20,-1	 x20=0xffffffff
     1253399000	     62568	800095b8	412cd813	srai	x16,x25,0x12	 x25:0x002b5000 x16=0x0000000a
     1253819000	     62589	800095bc	b1970f93	addi	x31,x14,-1255	 x14:0xfffde09d x31=0xfffddbb6
     1253859000	     62591	800095c0	616d	c.addi16sp	x2,240	  x2:0x000006ac  x2=0x0000079c
     1253879000	     62592	800095c2	0001	c.addi	x0,0	  x0:0x00000000  x0=0x00000000
     1254079000	     62602	800095c4	00d939b3	sltu	x19,x18,x13	 x18:0xff000ad4 x13:0x80000000 x19=0x00000000
     1254499000	     62623	800095c8	0001	c.addi	x0,0	  x0:0x00000000  x0=0x00000000
     1254519000	     62624	800095ca	8806	c.mv	x16,x1	  x0:0x00000000  x1:0x00000001 x16=0x00000001
     1254919000	     62644	800095cc	413b02b3	sub	x5,x22,x19	 x22:0x00000001 x19:0x00000000  x5=0x00000001
     1255079000	     62652	800095d0	340113f3	csrrw	x7,mscratch,x2	  x2:0x0000079c  x7=0xfffde09d
     1255519000	     62674	800095d4	02cd3d33	mulhu	x26,x26,x12	 x26:0x00000000 x12:0x80025ce4 x26=0x00000000
     1255539000	     62675	800095d8	bc4a0993	addi	x19,x20,-1084	 x20:0xffffffff x19=0xfffffbc3
     1255719000	     62684	800095dc	6251	c.lui	x4,0x14	  x4=0x00014000
     1256019000	     62699	800095de	34065a73	csrrwi	x20,mscratch,12	 x20=0x0000079c
     1256079000	     62702	800095e2	01050d63	beq	x10,x16,800095fc	 x10:0xfffde095 x16:0x00000001
     1256499000	     62723	800095e6	01cf3eb3	sltu	x29,x30,x28	 x30:0x00000000 x28:0x80021e64 x29=0x00000001
     1256919000	     62744	800095ea	0ff0000f	fence	iorw,iorw	
     1256939000	     62745	800095ee	00519693	slli	x13,x3,0x5	  x3:0x0000000b x13=0x00000160
     1256959000	     62746	800095f2	8f1d	c.sub	x14,x15	 x14:0xfffde09d x15:0x00000000 x14=0xfffde09d
     1256979000	     62747	800095f4	00bd8fb3	add	x31,x27,x11	 x27:0x00000009 x11:0x00000000 x31=0x00000009
     1257739000	     62785	800095f8	030342b3	div	x5,x6,x16	  x6:0x00000000 x16:0x00000001  x5=0x00000000
     1257759000	     62786	800095fc	0001	c.addi	x0,0	  x0:0x00000000  x0=0x00000000
     1257799000	     62788	800095fe	02b17933	remu	x18,x2,x11	  x2:0x0000079c x11:0x00000000 x18=0x0000079c
     1257819000	     62789	80009602	0085d493	srli	x9,x11,0x8	 x11:0x00000000  x9=0x00000000
     1257839000	     62790	80009606	34025273	csrrwi	x4,mscratch,4	  x4=0x0000000c
     1257859000	     62791	8000960a	8fe9	c.and	x15,x10	 x15:0x00000000 x10:0xfffde095 x15=0x00000000
     1257879000	     62792	8000960c	81b1	c.srli	x11,0xc	 x11:0x00000000 x11=0x00000000
     1257899000	     62793	8000960e	0f8e	c.slli	x31,0x3	 x31:0x00000009 x31=0x00000048
     1258059000	     62801	80009610	02949533	mulh	x10,x9,x9	  x9:0x00000000  x9:0x00000000 x10=0x00000000
     1258339000	     62815	80009614	8189	c.srli	x11,0x2	 x11:0x00000000 x11=0x00000000
     1258359000	     62816	80009616	8f4d	c.or	x14,x11	 x14:0xfffde09d x11:0x00000000 x14=0xfffde09d
     1258499000	     62823	80009618	0000100f	fence.i	
     1260319000	     62914	8000961c	0304c7b3	div	x15,x9,x16	  x9:0x00000000 x16:0x00000001 x15=0x00000000
     1260339000	     62915	80009620	8fd5	c.or	x15,x13	 x15:0x00000000 x13:0x00000160 x15=0x00000160
     1260359000	     62916	80009622	009e1363	bne	x28,x9,80009628	 x28:0x80021e64  x9:0x00000000
     1260579000	     62927	80009628	008d60b3	or	x1,x26,x8	 x26:0x00000000  x8:0x80000000  x1=0x80000000
     1260999000	     62948	8000962c	865daf13	slti	x30,x27,-1947	 x27:0x00000009 x30=0x00000000
     1261019000	     62949	80009630	4d4d	c.li	x26,19	 x26=0x00000013
     1261039000	     62950	80009632	0f08	c.addi4spn	x10,x2,912	 x10=0x00000b2c
     1261059000	     62951	80009634	0001	c.addi	x0,0	  x0:0x00000000  x0=0x00000000
     1261079000	     62952	80009636	4098d193	srai	x3,x17,0x9	 x17:0x00000000  x3=0x00000000
     1261099000	     62953	8000963a	34006df3	csrrsi	x27,mscratch,0	 x27=0x00000004
     1261319000	     62964	8000963e	0308d163	bge	x17,x16,80009660	 x17:0x00000000 x16:0x00000001
     1261639000	     62980	80009642	005be6b3	or	x13,x23,x5	 x23:0x00000000  x5:0x00000000 x13=0x00000000
     1261659000	     62981	80009646	8cfb8eb7	lui	x29,0x8cfb8	 x29=0x8cfb8000
     1261879000	     62992	8000964a	029755b3	divu	x11,x14,x9	 x14:0xfffde09d  x9:0x00000000 x11=0xffffffff
     1261919000	     62994	8000964e	03d33133	mulhu	x2,x6,x29	  x6:0x00000000 x29:0x8cfb8000  x2=0x00000000
     1261939000	     62995	80009652	8169	c.srli	x10,0x1a	 x10:0x00000b2c x10=0x00000000
     1261959000	     62996	80009654	3402d073	csrrwi	x0,mscratch,5	  x0=0x00000000
     1262199000	     63008	80009658	00d15b93	srli	x23,x2,0xd	  x2:0x00000000 x23=0x00000000
     1262619000	     63029	8000965c	3403a573	csrrs	x10,mscratch,x7	  x7:0xfffde09d x10=0x00000005
     1262639000	     63030	80009660	03f9	c.addi	x7,30	  x7:0xfffde09d  x7=0xfffde0bb
     1262659000	     63031	80009662	0007f663	bgeu	x15,x0,8000966e	 x15:0x00000160  x0:0x00000000
     1263059000	     63051	8000966e	01a04233	xor	x4,x0,x26	  x0:0x00000000 x26:0x00000013  x4=0x00000013
     1263079000	     63052	80009672	00c86733	or	x14,x16,x12	 x16:0x00000001 x12:0x80025ce4 x14=0x80025ce5
     1285039000	     64150	80009676	03b33ab3	mulhu	x21,x6,x27	  x6:0x00000000 x27:0x00000004 x21=0x00000000
     1285059000	     64151	8000967a	004d0033	add	x0,x26,x4	 x26:0x00000013  x4:0x00000013  x0=0x00000000
     1285079000	     64152	8000967e	40d75013	srai	x0,x14,0xd	 x14:0x80025ce5  x0=0x00000000
     1285099000	     64153	80009682	77f7c113	xori	x2,x15,1919	 x15:0x00000160  x2=0x0000061f
     1285119000	     64154	80009686	e22d0693	addi	x13,x26,-478	 x26:0x00000013 x13=0xfffffe35
     1285139000	     64155	8000968a	0001	c.addi	x0,0	  x0:0x00000000  x0=0x00000000
     1285159000	     64156	8000968c	02f9bb13	sltiu	x22,x19,47	 x19:0xfffffbc3 x22=0x00000000
     1285579000	     64177	80009690	00af1713	slli	x14,x30,0xa	 x30:0x00000000 x14=0x00000000
     1285639000	     64180	80009694	0136	c.slli	x2,0xd	  x2:0x0000061f  x2=0x00c3e000
     1285659000	     64181	80009696	00b65263	bge	x12,x11,8000969a	 x12:0x80025ce4 x11:0xffffffff
     1285679000	     64182	8000969a	340d1573	csrrw	x10,mscratch,x26	 x26:0x00000013 x10=0xfffde09d
     1286039000	     64200	8000969e	ffff7417	auipc	x8,0xffff7	  x8=0x8000069e
     1286059000	     64201	800096a2	cc040413	addi	x8,x8,-832	  x8:0x8000069e  x8=0x8000035e
     1286079000	     64202	800096a6	00040067	jalr	x0,0(x8)	  x8:0x8000035e  x0=0x00000000
     1287079000	     64252	8000035e	90000cb7	lui	x25,0x90000	 x25=0x90000000
     1287099000	     64253	80000362	1ce1	c.addi	x25,-8	 x25:0x90000000 x25=0x8ffffff8
     1287439000	     64270	80000364	4381	c.li	x7,0	  x7=0x00000000
     1287459000	     64271	80000366	03a2	c.slli	x7,0x8	  x7:0x00000000  x7=0x00000000
     1287859000	     64291	80000368	0385	c.addi	x7,1	  x7:0x00000000  x7=0x00000001
     1288679000	     64332	8000036a	007ca023	sw	x7,0(x25)	 x25:0x8ffffff8  x7:0x00000001 PA:0x8ffffff8 store:0x00000001 load:0xffffffff
     1288699000	     64333	8000036e	00000073	ecall	
     1334859000	     66641	80002700	0800006f	jal	x0,80002780	  x0=0x00000000
     1335079000	     66652	80002780	1671	c.addi	x12,-4	 x12:0x80025ce4 x12=0x80025ce0
     1335139000	     66655	80002782	01c62023	sw	x28,0(x12)	 x12:0x80025ce0 x28:0x80021e64 PA:0x80025ce0 store:0x80021e64 load:0xffffffff
     1335419000	     66669	80002786	00060e33	add	x28,x12,x0	 x12:0x80025ce0  x0:0x00000000 x28=0x80025ce0
     1335839000	     66690	8000278a	f80e0e13	addi	x28,x28,-128	 x28:0x80025ce0 x28=0x80025c60
     1335959000	     66696	8000278e	001e2223	sw	x1,4(x28)	 x28:0x80025c60  x1:0x80000000 PA:0x80025c64 store:0x80000000 load:0xffffffff
     1335999000	     66698	80002792	002e2423	sw	x2,8(x28)	 x28:0x80025c60  x2:0x00c3e000 PA:0x80025c68 store:0x00c3e000 load:0xffffffff
     1336519000	     66724	80002796	003e2623	sw	x3,12(x28)	 x28:0x80025c60  x3:0x00000000 PA:0x80025c6c store:0x00000000 load:0xffffffff
     1336699000	     66733	8000279a	004e2823	sw	x4,16(x28)	 x28:0x80025c60  x4:0x00000013 PA:0x80025c70 store:0x00000013 load:0xffffffff
     1336959000	     66746	8000279e	005e2a23	sw	x5,20(x28)	 x28:0x80025c60  x5:0x00000000 PA:0x80025c74 store:0x00000000 load:0xffffffff
     1336979000	     66747	800027a2	006e2c23	sw	x6,24(x28)	 x28:0x80025c60  x6:0x00000000 PA:0x80025c78 store:0x00000000 load:0xffffffff
     1337019000	     66749	800027a6	007e2e23	sw	x7,28(x28)	 x28:0x80025c60  x7:0x00000001 PA:0x80025c7c store:0x00000001 load:0xffffffff
     1337179000	     66757	800027aa	028e2023	sw	x8,32(x28)	 x28:0x80025c60  x8:0x8000035e PA:0x80025c80 store:0x8000035e load:0xffffffff
     1337679000	     66782	800027ae	029e2223	sw	x9,36(x28)	 x28:0x80025c60  x9:0x00000000 PA:0x80025c84 store:0x00000000 load:0xffffffff
     1337739000	     66785	800027b2	02ae2423	sw	x10,40(x28)	 x28:0x80025c60 x10:0xfffde09d PA:0x80025c88 store:0xfffde09d load:0xffffffff
     1337759000	     66786	800027b6	02be2623	sw	x11,44(x28)	 x28:0x80025c60 x11:0xffffffff PA:0x80025c8c store:0xffffffff load:0xffffffff
     1338239000	     66810	800027ba	02ce2823	sw	x12,48(x28)	 x28:0x80025c60 x12:0x80025ce0 PA:0x80025c90 store:0x80025ce0 load:0xffffffff
     1338299000	     66813	800027be	02de2a23	sw	x13,52(x28)	 x28:0x80025c60 x13:0xfffffe35 PA:0x80025c94 store:0xfffffe35 load:0xffffffff
     1338319000	     66814	800027c2	02ee2c23	sw	x14,56(x28)	 x28:0x80025c60 x14:0x00000000 PA:0x80025c98 store:0x00000000 load:0xffffffff
     1338679000	     66832	800027c6	02fe2e23	sw	x15,60(x28)	 x28:0x80025c60 x15:0x00000160 PA:0x80025c9c store:0x00000160 load:0xffffffff
     1338739000	     66835	800027ca	050e2023	sw	x16,64(x28)	 x28:0x80025c60 x16:0x00000001 PA:0x80025ca0 store:0x00000001 load:0xffffffff
     1338759000	     66836	800027ce	051e2223	sw	x17,68(x28)	 x28:0x80025c60 x17:0x00000000 PA:0x80025ca4 store:0x00000000 load:0xffffffff
     1338859000	     66841	800027d2	052e2423	sw	x18,72(x28)	 x28:0x80025c60 x18:0x0000079c PA:0x80025ca8 store:0x0000079c load:0xffffffff
     1338919000	     66844	800027d6	053e2623	sw	x19,76(x28)	 x28:0x80025c60 x19:0xfffffbc3 PA:0x80025cac store:0xfffffbc3 load:0xffffffff
     1339019000	     66849	800027da	054e2823	sw	x20,80(x28)	 x28:0x80025c60 x20:0x0000079c PA:0x80025cb0 store:0x0000079c load:0xffffffff
     1339039000	     66850	800027de	055e2a23	sw	x21,84(x28)	 x28:0x80025c60 x21:0x00000000 PA:0x80025cb4 store:0x00000000 load:0xffffffff
     1339219000	     66859	800027e2	056e2c23	sw	x22,88(x28)	 x28:0x80025c60 x22:0x00000000 PA:0x80025cb8 store:0x00000000 load:0xffffffff
     1339239000	     66860	800027e6	057e2e23	sw	x23,92(x28)	 x28:0x80025c60 x23:0x00000000 PA:0x80025cbc store:0x00000000 load:0xffffffff
     1339279000	     66862	800027ea	078e2023	sw	x24,96(x28)	 x28:0x80025c60 x24:0xff800000 PA:0x80025cc0 store:0xff800000 load:0xffffffff
     1339759000	     66886	800027ee	079e2223	sw	x25,100(x28)	 x28:0x80025c60 x25:0x8ffffff8 PA:0x80025cc4 store:0x8ffffff8 load:0xffffffff
     1340019000	     66899	800027f2	07ae2423	sw	x26,104(x28)	 x28:0x80025c60 x26:0x00000013 PA:0x80025cc8 store:0x00000013 load:0xffffffff
     1340439000	     66920	800027f6	07be2623	sw	x27,108(x28)	 x28:0x80025c60 x27:0x00000004 PA:0x80025ccc store:0x00000004 load:0xffffffff
     1340539000	     66925	800027fa	07ce2823	sw	x28,112(x28)	 x28:0x80025c60 x28:0x80025c60 PA:0x80025cd0 store:0x80025c60 load:0xffffffff
     1340699000	     66933	800027fe	07de2a23	sw	x29,116(x28)	 x28:0x80025c60 x29:0x8cfb8000 PA:0x80025cd4 store:0x8cfb8000 load:0xffffffff
     1340919000	     66944	80002802	07ee2c23	sw	x30,120(x28)	 x28:0x80025c60 x30:0x00000000 PA:0x80025cd8 store:0x00000000 load:0xffffffff
     1341339000	     66965	80002806	07fe2e23	sw	x31,124(x28)	 x28:0x80025c60 x31:0x00000048 PA:0x80025cdc store:0x00000048 load:0xffffffff
     1341359000	     66966	8000280a	000e0633	add	x12,x28,x0	 x28:0x80025c60  x0:0x00000000 x12=0x80025c60
     1341379000	     66967	8000280e	90000cb7	lui	x25,0x90000	 x25=0x90000000
     1341399000	     66968	80002812	1cf1	c.addi	x25,-4	 x25:0x90000000 x25=0x8ffffffc
     1341419000	     66969	80002814	43a1	c.li	x7,8	  x7=0x00000008
     1341439000	     66970	80002816	03a2	c.slli	x7,0x8	  x7:0x00000008  x7=0x00000800
     1341459000	     66971	80002818	00038393	addi	x7,x7,0	  x7:0x00000800  x7=0x00000800
     1341519000	     66974	8000281c	007ca023	sw	x7,0(x25)	 x25:0x8ffffffc  x7:0x00000800 PA:0x8ffffffc store:0x00000800 load:0xffffffff
     1341539000	     66975	80002820	341023f3	csrrs	x7,mepc,x0	  x0:0x00000000  x7=0x8000036e
     1341559000	     66976	80002824	342023f3	csrrs	x7,mcause,x0	  x0:0x00000000  x7=0x0000000b
     1341659000	     66981	80002828	4c8d	c.li	x25,3	 x25=0x00000003
     1341679000	     66982	8000282a	01939463	bne	x7,x25,80002832	  x7:0x0000000b x25:0x00000003
     1342199000	     67008	80002832	4ca1	c.li	x25,8	 x25=0x00000008
     1342219000	     67009	80002834	05938d63	beq	x7,x25,8000288e	  x7:0x0000000b x25:0x00000008
     1342639000	     67030	80002838	4ca5	c.li	x25,9	 x25=0x00000009
     1342759000	     67036	8000283a	05938a63	beq	x7,x25,8000288e	  x7:0x0000000b x25:0x00000009
     1342779000	     67037	8000283e	4cad	c.li	x25,11	 x25=0x0000000b
     1342799000	     67038	80002840	05938763	beq	x7,x25,8000288e	  x7:0x0000000b x25:0x0000000b
     1342919000	     67044	8000288e	90000cb7	lui	x25,0x90000	 x25=0x90000000
     1342939000	     67045	80002892	1cf1	c.addi	x25,-4	 x25:0x90000000 x25=0x8ffffffc
     1342959000	     67046	80002894	6385	c.lui	x7,0x1	  x7=0x00001000
     1343099000	     67053	80002896	b0038393	addi	x7,x7,-1280	  x7:0x00001000  x7=0x00000b00
     1343119000	     67054	8000289a	03a2	c.slli	x7,0x8	  x7:0x00000b00  x7=0x000b0000
     1343159000	     67056	8000289c	038d	c.addi	x7,3	  x7:0x000b0000  x7=0x000b0003
     1343259000	     67061	8000289e	007ca023	sw	x7,0(x25)	 x25:0x8ffffffc  x7:0x000b0003 PA:0x8ffffffc store:0x000b0003 load:0xffffffff
     1343599000	     67078	800028a2	b00023f3	csrrs	x7,mcycle,x0	  x0:0x00000000  x7=0x00010603
     1343659000	     67081	800028a6	007ca023	sw	x7,0(x25)	 x25:0x8ffffffc  x7:0x00010603 PA:0x8ffffffc store:0x00010603 load:0xffffffff
     1343679000	     67082	800028aa	90000cb7	lui	x25,0x90000	 x25=0x90000000
     1343699000	     67083	800028ae	1cf1	c.addi	x25,-4	 x25:0x90000000 x25=0x8ffffffc
     1343719000	     67084	800028b0	6385	c.lui	x7,0x1	  x7=0x00001000
     1343739000	     67085	800028b2	b8038393	addi	x7,x7,-1152	  x7:0x00001000  x7=0x00000b80
     1343759000	     67086	800028b6	03a2	c.slli	x7,0x8	  x7:0x00000b80  x7=0x000b8000
     1343779000	     67087	800028b8	038d	c.addi	x7,3	  x7:0x000b8000  x7=0x000b8003
     1343879000	     67092	800028ba	007ca023	sw	x7,0(x25)	 x25:0x8ffffffc  x7:0x000b8003 PA:0x8ffffffc store:0x000b8003 load:0xffffffff
     1343899000	     67093	800028be	b80023f3	csrrs	x7,mcycleh,x0	  x0:0x00000000  x7=0x00000000
     1344379000	     67117	800028c2	007ca023	sw	x7,0(x25)	 x25:0x8ffffffc  x7:0x00000000 PA:0x8ffffffc store:0x00000000 load:0xffffffff
     1344399000	     67118	800028c6	90000cb7	lui	x25,0x90000	 x25=0x90000000
     1344419000	     67119	800028ca	1cf1	c.addi	x25,-4	 x25:0x90000000 x25=0x8ffffffc
     1344439000	     67120	800028cc	6385	c.lui	x7,0x1	  x7=0x00001000
     1344459000	     67121	800028ce	b0338393	addi	x7,x7,-1277	  x7:0x00001000  x7=0x00000b03
     1344479000	     67122	800028d2	03a2	c.slli	x7,0x8	  x7:0x00000b03  x7=0x000b0300
     1344499000	     67123	800028d4	038d	c.addi	x7,3	  x7:0x000b0300  x7=0x000b0303
     1345119000	     67154	800028d6	007ca023	sw	x7,0(x25)	 x25:0x8ffffffc  x7:0x000b0303 PA:0x8ffffffc store:0x000b0303 load:0xffffffff
     1345139000	     67155	800028da	b03023f3	csrrs	x7,mhpmcounter3,x0	  x0:0x00000000  x7=0x0000007e
     1345239000	     67160	800028de	007ca023	sw	x7,0(x25)	 x25:0x8ffffffc  x7:0x0000007e PA:0x8ffffffc store:0x0000007e load:0xffffffff
     1345259000	     67161	800028e2	90000cb7	lui	x25,0x90000	 x25=0x90000000
     1345279000	     67162	800028e6	1cf1	c.addi	x25,-4	 x25:0x90000000 x25=0x8ffffffc
     1345299000	     67163	800028e8	6385	c.lui	x7,0x1	  x7=0x00001000
     1345319000	     67164	800028ea	b8338393	addi	x7,x7,-1149	  x7:0x00001000  x7=0x00000b83
     1345339000	     67165	800028ee	03a2	c.slli	x7,0x8	  x7:0x00000b83  x7=0x000b8300
     1345359000	     67166	800028f0	038d	c.addi	x7,3	  x7:0x000b8300  x7=0x000b8303
     1345419000	     67169	800028f2	007ca023	sw	x7,0(x25)	 x25:0x8ffffffc  x7:0x000b8303 PA:0x8ffffffc store:0x000b8303 load:0xffffffff
     1345439000	     67170	800028f6	b83023f3	csrrs	x7,mhpmcounter3h,x0	  x0:0x00000000  x7=0x00000000
     1345699000	     67183	800028fa	007ca023	sw	x7,0(x25)	 x25:0x8ffffffc  x7:0x00000000 PA:0x8ffffffc store:0x00000000 load:0xffffffff
     1345719000	     67184	800028fe	90000cb7	lui	x25,0x90000	 x25=0x90000000
     1345739000	     67185	80002902	1cf1	c.addi	x25,-4	 x25:0x90000000 x25=0x8ffffffc
     1345759000	     67186	80002904	6385	c.lui	x7,0x1	  x7=0x00001000
     1345779000	     67187	80002906	b0438393	addi	x7,x7,-1276	  x7:0x00001000  x7=0x00000b04
     1345799000	     67188	8000290a	03a2	c.slli	x7,0x8	  x7:0x00000b04  x7=0x000b0400
     1345819000	     67189	8000290c	038d	c.addi	x7,3	  x7:0x000b0400  x7=0x000b0403
     1346439000	     67220	8000290e	007ca023	sw	x7,0(x25)	 x25:0x8ffffffc  x7:0x000b0403 PA:0x8ffffffc store:0x000b0403 load:0xffffffff
     1346459000	     67221	80002912	b04023f3	csrrs	x7,mhpmcounter4,x0	  x0:0x00000000  x7=0x00007bec
     1346519000	     67224	80002916	007ca023	sw	x7,0(x25)	 x25:0x8ffffffc  x7:0x00007bec PA:0x8ffffffc store:0x00007bec load:0xffffffff
     1346539000	     67225	8000291a	90000cb7	lui	x25,0x90000	 x25=0x90000000
     1346559000	     67226	8000291e	1cf1	c.addi	x25,-4	 x25:0x90000000 x25=0x8ffffffc
     1346579000	     67227	80002920	6385	c.lui	x7,0x1	  x7=0x00001000
     1346599000	     67228	80002922	b8438393	addi	x7,x7,-1148	  x7:0x00001000  x7=0x00000b84
     1346619000	     67229	80002926	03a2	c.slli	x7,0x8	  x7:0x00000b84  x7=0x000b8400
     1346639000	     67230	80002928	038d	c.addi	x7,3	  x7:0x000b8400  x7=0x000b8403
     1346699000	     67233	8000292a	007ca023	sw	x7,0(x25)	 x25:0x8ffffffc  x7:0x000b8403 PA:0x8ffffffc store:0x000b8403 load:0xffffffff
     1346799000	     67238	8000292e	b84023f3	csrrs	x7,mhpmcounter4h,x0	  x0:0x00000000  x7=0x00000000
     1347299000	     67263	80002932	007ca023	sw	x7,0(x25)	 x25:0x8ffffffc  x7:0x00000000 PA:0x8ffffffc store:0x00000000 load:0xffffffff
     1347319000	     67264	80002936	90000cb7	lui	x25,0x90000	 x25=0x90000000
     1347339000	     67265	8000293a	1cf1	c.addi	x25,-4	 x25:0x90000000 x25=0x8ffffffc
     1347659000	     67281	8000293c	6385	c.lui	x7,0x1	  x7=0x00001000
     1348079000	     67302	8000293e	b0538393	addi	x7,x7,-1275	  x7:0x00001000  x7=0x00000b05
     1348099000	     67303	80002942	03a2	c.slli	x7,0x8	  x7:0x00000b05  x7=0x000b0500
     1348279000	     67312	80002944	038d	c.addi	x7,3	  x7:0x000b0500  x7=0x000b0503
     1348519000	     67324	80002946	007ca023	sw	x7,0(x25)	 x25:0x8ffffffc  x7:0x000b0503 PA:0x8ffffffc store:0x000b0503 load:0xffffffff
     1348539000	     67325	8000294a	b05023f3	csrrs	x7,mhpmcounter5,x0	  x0:0x00000000  x7=0x00000002
     1348719000	     67334	8000294e	007ca023	sw	x7,0(x25)	 x25:0x8ffffffc  x7:0x00000002 PA:0x8ffffffc store:0x00000002 load:0xffffffff
     1348739000	     67335	80002952	90000cb7	lui	x25,0x90000	 x25=0x90000000
     1348759000	     67336	80002956	1cf1	c.addi	x25,-4	 x25:0x90000000 x25=0x8ffffffc
     1348779000	     67337	80002958	6385	c.lui	x7,0x1	  x7=0x00001000
     1348859000	     67341	8000295a	b8538393	addi	x7,x7,-1147	  x7:0x00001000  x7=0x00000b85
     1348879000	     67342	8000295e	03a2	c.slli	x7,0x8	  x7:0x00000b85  x7=0x000b8500
     1348899000	     67343	80002960	038d	c.addi	x7,3	  x7:0x000b8500  x7=0x000b8503
     1349479000	     67372	80002962	007ca023	sw	x7,0(x25)	 x25:0x8ffffffc  x7:0x000b8503 PA:0x8ffffffc store:0x000b8503 load:0xffffffff
     1349499000	     67373	80002966	b85023f3	csrrs	x7,mhpmcounter5h,x0	  x0:0x00000000  x7=0x00000000
