Time	Cycle	PC	Insn	Decoded instruction	Register and memory contents
        1055000	         6	80000080	400013b7	lui	x7,0x40001	  x7=0x40001000
        1065000	         7	80000084	10638393	addi	x7,x7,262	  x7:0x40001000  x7=0x40001106
        1075000	         8	80000088	30139073	csrrw	x0,misa,x7	  x7:0x40001106  x0=0x00000000
        1105000	        11	8000008c	00026617	auipc	x12,0x26	 x12=0x8002608c
        1115000	        12	80000090	c5860613	addi	x12,x12,-936	 x12:0x8002608c x12=0x80025ce4
        1125000	        13	80000094	00002397	auipc	x7,0x2	  x7=0x80002094
        1135000	        14	80000098	66c38393	addi	x7,x7,1644	  x7:0x80002094  x7=0x80002700
        1145000	        15	8000009c	0013e393	ori	x7,x7,1	  x7:0x80002700  x7=0x80002701
        1155000	        16	800000a0	30539073	csrrw	x0,mtvec,x7	  x7:0x80002701  x0=0x00000000
        1185000	        19	800000a4	74725073	csrrwi	x0,0x747,4	  x0=0x00000000
        1215000	        22	800000a8	00003417	auipc	x8,0x3	  x8=0x800030a8
        1225000	        23	800000ac	41440413	addi	x8,x8,1044	  x8:0x800030a8  x8=0x800034bc
        1235000	        24	800000b0	4381	c.li	x7,0	  x7=0x00000000
        1245000	        25	800000b2	941e	c.add	x8,x7	  x8:0x800034bc  x7:0x00000000  x8=0x800034bc
        1255000	        26	800000b4	8009	c.srli	x8,0x2	  x8:0x800034bc  x8=0x20000d2f
        1265000	        27	800000b6	3b041073	csrrw	x0,pmpaddr0,x8	  x8:0x20000d2f  x0=0x00000000
        1295000	        30	800000ba	00003417	auipc	x8,0x3	  x8=0x800030ba
        1305000	        31	800000be	40240413	addi	x8,x8,1026	  x8:0x800030ba  x8=0x800034bc
        1315000	        32	800000c2	111113b7	lui	x7,0x11111	  x7=0x11111000
        1325000	        33	800000c6	11138393	addi	x7,x7,273	  x7:0x11111000  x7=0x11111111
        1335000	        34	800000ca	941e	c.add	x8,x7	  x8:0x800034bc  x7:0x11111111  x8=0x911145cd
        1345000	        35	800000cc	8009	c.srli	x8,0x2	  x8:0x911145cd  x8=0x24445173
        1355000	        36	800000ce	3b141073	csrrw	x0,pmpaddr1,x8	  x8:0x24445173  x0=0x00000000
        1385000	        39	800000d2	00003417	auipc	x8,0x3	  x8=0x800030d2
        1395000	        40	800000d6	3ea40413	addi	x8,x8,1002	  x8:0x800030d2  x8=0x800034bc
        1405000	        41	800000da	222223b7	lui	x7,0x22222	  x7=0x22222000
        1415000	        42	800000de	22238393	addi	x7,x7,546	  x7:0x22222000  x7=0x22222222
        1425000	        43	800000e2	941e	c.add	x8,x7	  x8:0x800034bc  x7:0x22222222  x8=0xa22256de
        1435000	        44	800000e4	8009	c.srli	x8,0x2	  x8:0xa22256de  x8=0x288895b7
        1445000	        45	800000e6	3b241073	csrrw	x0,pmpaddr2,x8	  x8:0x288895b7  x0=0x00000000
        1475000	        48	800000ea	00003417	auipc	x8,0x3	  x8=0x800030ea
        1485000	        49	800000ee	3d240413	addi	x8,x8,978	  x8:0x800030ea  x8=0x800034bc
        1495000	        50	800000f2	333333b7	lui	x7,0x33333	  x7=0x33333000
        1505000	        51	800000f6	33338393	addi	x7,x7,819	  x7:0x33333000  x7=0x33333333
        1515000	        52	800000fa	941e	c.add	x8,x7	  x8:0x800034bc  x7:0x33333333  x8=0xb33367ef
        1525000	        53	800000fc	8009	c.srli	x8,0x2	  x8:0xb33367ef  x8=0x2cccd9fb
        1535000	        54	800000fe	3b341073	csrrw	x0,pmpaddr3,x8	  x8:0x2cccd9fb  x0=0x00000000
        1565000	        57	80000102	0f0f1437	lui	x8,0xf0f1	  x8=0x0f0f1000
        1575000	        58	80000106	f0f40413	addi	x8,x8,-241	  x8:0x0f0f1000  x8=0x0f0f0f0f
        1585000	        59	8000010a	3a041073	csrrw	x0,pmpcfg0,x8	  x8:0x0f0f0f0f  x0=0x00000000
        1615000	        62	8000010e	00003417	auipc	x8,0x3	  x8=0x8000310e
        1625000	        63	80000112	3ae40413	addi	x8,x8,942	  x8:0x8000310e  x8=0x800034bc
        1635000	        64	80000116	444443b7	lui	x7,0x44444	  x7=0x44444000
        1645000	        65	8000011a	44438393	addi	x7,x7,1092	  x7:0x44444000  x7=0x44444444
        1655000	        66	8000011e	941e	c.add	x8,x7	  x8:0x800034bc  x7:0x44444444  x8=0xc4447900
        1665000	        67	80000120	8009	c.srli	x8,0x2	  x8:0xc4447900  x8=0x31111e40
        1675000	        68	80000122	3b441073	csrrw	x0,pmpaddr4,x8	  x8:0x31111e40  x0=0x00000000
        1705000	        71	80000126	00003417	auipc	x8,0x3	  x8=0x80003126
        1715000	        72	8000012a	39640413	addi	x8,x8,918	  x8:0x80003126  x8=0x800034bc
        1725000	        73	8000012e	555553b7	lui	x7,0x55555	  x7=0x55555000
        1735000	        74	80000132	55538393	addi	x7,x7,1365	  x7:0x55555000  x7=0x55555555
        1745000	        75	80000136	941e	c.add	x8,x7	  x8:0x800034bc  x7:0x55555555  x8=0xd5558a11
        1755000	        76	80000138	8009	c.srli	x8,0x2	  x8:0xd5558a11  x8=0x35556284
        1765000	        77	8000013a	3b541073	csrrw	x0,pmpaddr5,x8	  x8:0x35556284  x0=0x00000000
        1795000	        80	8000013e	00003417	auipc	x8,0x3	  x8=0x8000313e
        1805000	        81	80000142	37e40413	addi	x8,x8,894	  x8:0x8000313e  x8=0x800034bc
        1815000	        82	80000146	666663b7	lui	x7,0x66666	  x7=0x66666000
        1825000	        83	8000014a	66638393	addi	x7,x7,1638	  x7:0x66666000  x7=0x66666666
        1835000	        84	8000014e	941e	c.add	x8,x7	  x8:0x800034bc  x7:0x66666666  x8=0xe6669b22
        1845000	        85	80000150	8009	c.srli	x8,0x2	  x8:0xe6669b22  x8=0x3999a6c8
        1855000	        86	80000152	3b641073	csrrw	x0,pmpaddr6,x8	  x8:0x3999a6c8  x0=0x00000000
        1885000	        89	80000156	00003417	auipc	x8,0x3	  x8=0x80003156
        1895000	        90	8000015a	36640413	addi	x8,x8,870	  x8:0x80003156  x8=0x800034bc
        1905000	        91	8000015e	777773b7	lui	x7,0x77777	  x7=0x77777000
        1915000	        92	80000162	77738393	addi	x7,x7,1911	  x7:0x77777000  x7=0x77777777
        1925000	        93	80000166	941e	c.add	x8,x7	  x8:0x800034bc  x7:0x77777777  x8=0xf777ac33
        1935000	        94	80000168	8009	c.srli	x8,0x2	  x8:0xf777ac33  x8=0x3dddeb0c
        1945000	        95	8000016a	3b741073	csrrw	x0,pmpaddr7,x8	  x8:0x3dddeb0c  x0=0x00000000
        1975000	        98	8000016e	0f0f1437	lui	x8,0xf0f1	  x8=0x0f0f1000
        1985000	        99	80000172	f0f40413	addi	x8,x8,-241	  x8:0x0f0f1000  x8=0x0f0f0f0f
        1995000	       100	80000176	3a141073	csrrw	x0,pmpcfg1,x8	  x8:0x0f0f0f0f  x0=0x00000000
        2025000	       103	8000017a	00003417	auipc	x8,0x3	  x8=0x8000317a
        2035000	       104	8000017e	34240413	addi	x8,x8,834	  x8:0x8000317a  x8=0x800034bc
        2045000	       105	80000182	888893b7	lui	x7,0x88889	  x7=0x88889000
        2055000	       106	80000186	88838393	addi	x7,x7,-1912	  x7:0x88889000  x7=0x88888888
        2065000	       107	8000018a	941e	c.add	x8,x7	  x8:0x800034bc  x7:0x88888888  x8=0x0888bd44
        2075000	       108	8000018c	8009	c.srli	x8,0x2	  x8:0x0888bd44  x8=0x02222f51
        2085000	       109	8000018e	3b841073	csrrw	x0,pmpaddr8,x8	  x8:0x02222f51  x0=0x00000000
        2115000	       112	80000192	00003417	auipc	x8,0x3	  x8=0x80003192
        2125000	       113	80000196	32a40413	addi	x8,x8,810	  x8:0x80003192  x8=0x800034bc
        2135000	       114	8000019a	9999a3b7	lui	x7,0x9999a	  x7=0x9999a000
        2145000	       115	8000019e	99938393	addi	x7,x7,-1639	  x7:0x9999a000  x7=0x99999999
        2155000	       116	800001a2	941e	c.add	x8,x7	  x8:0x800034bc  x7:0x99999999  x8=0x1999ce55
        2165000	       117	800001a4	8009	c.srli	x8,0x2	  x8:0x1999ce55  x8=0x06667395
        2175000	       118	800001a6	3b941073	csrrw	x0,pmpaddr9,x8	  x8:0x06667395  x0=0x00000000
        2205000	       121	800001aa	00003417	auipc	x8,0x3	  x8=0x800031aa
        2215000	       122	800001ae	31240413	addi	x8,x8,786	  x8:0x800031aa  x8=0x800034bc
        2225000	       123	800001b2	aaaab3b7	lui	x7,0xaaaab	  x7=0xaaaab000
        2235000	       124	800001b6	aaa38393	addi	x7,x7,-1366	  x7:0xaaaab000  x7=0xaaaaaaaa
        2245000	       125	800001ba	941e	c.add	x8,x7	  x8:0x800034bc  x7:0xaaaaaaaa  x8=0x2aaadf66
        2255000	       126	800001bc	8009	c.srli	x8,0x2	  x8:0x2aaadf66  x8=0x0aaab7d9
        2265000	       127	800001be	3ba41073	csrrw	x0,pmpaddr10,x8	  x8:0x0aaab7d9  x0=0x00000000
        2295000	       130	800001c2	00003417	auipc	x8,0x3	  x8=0x800031c2
        2305000	       131	800001c6	2fa40413	addi	x8,x8,762	  x8:0x800031c2  x8=0x800034bc
        2315000	       132	800001ca	bbbbc3b7	lui	x7,0xbbbbc	  x7=0xbbbbc000
        2325000	       133	800001ce	bbb38393	addi	x7,x7,-1093	  x7:0xbbbbc000  x7=0xbbbbbbbb
        2335000	       134	800001d2	941e	c.add	x8,x7	  x8:0x800034bc  x7:0xbbbbbbbb  x8=0x3bbbf077
        2345000	       135	800001d4	8009	c.srli	x8,0x2	  x8:0x3bbbf077  x8=0x0eeefc1d
        2355000	       136	800001d6	3bb41073	csrrw	x0,pmpaddr11,x8	  x8:0x0eeefc1d  x0=0x00000000
        2385000	       139	800001da	0f0f1437	lui	x8,0xf0f1	  x8=0x0f0f1000
        2395000	       140	800001de	f0f40413	addi	x8,x8,-241	  x8:0x0f0f1000  x8=0x0f0f0f0f
        2405000	       141	800001e2	3a241073	csrrw	x0,pmpcfg2,x8	  x8:0x0f0f0f0f  x0=0x00000000
        2435000	       144	800001e6	00003417	auipc	x8,0x3	  x8=0x800031e6
        2445000	       145	800001ea	2d640413	addi	x8,x8,726	  x8:0x800031e6  x8=0x800034bc
        2455000	       146	800001ee	ccccd3b7	lui	x7,0xccccd	  x7=0xccccd000
        2465000	       147	800001f2	ccc38393	addi	x7,x7,-820	  x7:0xccccd000  x7=0xcccccccc
        2475000	       148	800001f6	941e	c.add	x8,x7	  x8:0x800034bc  x7:0xcccccccc  x8=0x4ccd0188
        2485000	       149	800001f8	8009	c.srli	x8,0x2	  x8:0x4ccd0188  x8=0x13334062
        2495000	       150	800001fa	3bc41073	csrrw	x0,pmpaddr12,x8	  x8:0x13334062  x0=0x00000000
        2525000	       153	800001fe	00003417	auipc	x8,0x3	  x8=0x800031fe
        2535000	       154	80000202	2be40413	addi	x8,x8,702	  x8:0x800031fe  x8=0x800034bc
        2545000	       155	80000206	dddde3b7	lui	x7,0xdddde	  x7=0xdddde000
        2555000	       156	8000020a	ddd38393	addi	x7,x7,-547	  x7:0xdddde000  x7=0xdddddddd
        2565000	       157	8000020e	941e	c.add	x8,x7	  x8:0x800034bc  x7:0xdddddddd  x8=0x5dde1299
        2575000	       158	80000210	8009	c.srli	x8,0x2	  x8:0x5dde1299  x8=0x177784a6
        2585000	       159	80000212	3bd41073	csrrw	x0,pmpaddr13,x8	  x8:0x177784a6  x0=0x00000000
        2615000	       162	80000216	00003417	auipc	x8,0x3	  x8=0x80003216
        2625000	       163	8000021a	2a640413	addi	x8,x8,678	  x8:0x80003216  x8=0x800034bc
        2635000	       164	8000021e	eeeef3b7	lui	x7,0xeeeef	  x7=0xeeeef000
        2645000	       165	80000222	eee38393	addi	x7,x7,-274	  x7:0xeeeef000  x7=0xeeeeeeee
        2655000	       166	80000226	941e	c.add	x8,x7	  x8:0x800034bc  x7:0xeeeeeeee  x8=0x6eef23aa
        2665000	       167	80000228	8009	c.srli	x8,0x2	  x8:0x6eef23aa  x8=0x1bbbc8ea
        2675000	       168	8000022a	3be41073	csrrw	x0,pmpaddr14,x8	  x8:0x1bbbc8ea  x0=0x00000000
        2705000	       171	8000022e	00003417	auipc	x8,0x3	  x8=0x8000322e
        2715000	       172	80000232	28e40413	addi	x8,x8,654	  x8:0x8000322e  x8=0x800034bc
        2725000	       173	80000236	fff00393	addi	x7,x0,-1	  x0:0x00000000  x7=0xffffffff
        2735000	       174	8000023a	941e	c.add	x8,x7	  x8:0x800034bc  x7:0xffffffff  x8=0x800034bb
        2745000	       175	8000023c	8009	c.srli	x8,0x2	  x8:0x800034bb  x8=0x20000d2e
        2755000	       176	8000023e	3bf41073	csrrw	x0,pmpaddr15,x8	  x8:0x20000d2e  x0=0x00000000
        2785000	       179	80000242	0f0f1437	lui	x8,0xf0f1	  x8=0x0f0f1000
        2795000	       180	80000246	f0f40413	addi	x8,x8,-241	  x8:0x0f0f1000  x8=0x0f0f0f0f
        2805000	       181	8000024a	3a341073	csrrw	x0,pmpcfg3,x8	  x8:0x0f0f0f0f  x0=0x00000000
        2835000	       184	8000024e	00000397	auipc	x7,0x0	  x7=0x8000024e
        2845000	       185	80000252	05838393	addi	x7,x7,88	  x7:0x8000024e  x7=0x800002a6
        2855000	       186	80000256	34139073	csrrw	x0,mepc,x7	  x7:0x800002a6  x0=0x00000000
        2865000	       187	8000025a	7c00d073	csrrwi	x0,0x7c0,1	  x0=0x00000000
        2895000	       190	8000025e	6389	c.lui	x7,0x2	  x7=0x00002000
        2905000	       191	80000260	80038393	addi	x7,x7,-2048	  x7:0x00002000  x7=0x00001800
        2915000	       192	80000264	30039073	csrrw	x0,mstatus,x7	  x7:0x00001800  x0=0x00000000
        2945000	       195	80000268	4381	c.li	x7,0	  x7=0x00000000
        2955000	       196	8000026a	30439073	csrrw	x0,mie,x7	  x7:0x00000000  x0=0x00000000
        2985000	       199	8000026e	90000cb7	lui	x25,0x90000	 x25=0x90000000
        2995000	       200	80000272	1cf1	c.addi	x25,-4	 x25:0x90000000 x25=0x8ffffffc
        3005000	       201	80000274	30000393	addi	x7,x0,768	  x0:0x00000000  x7=0x00000300
        3015000	       202	80000278	03a2	c.slli	x7,0x8	  x7:0x00000300  x7=0x00030000
        3025000	       203	8000027a	038d	c.addi	x7,3	  x7:0x00030000  x7=0x00030003
        3035000	       204	8000027c	007ca023	sw	x7,0(x25)	 x25:0x8ffffffc  x7:0x00030003 PA:0x8ffffffc store:0x00030003 load:0x00000000
        3045000	       205	80000280	300023f3	csrrs	x7,mstatus,x0	  x0:0x00000000  x7=0x00001800
        3055000	       206	80000284	007ca023	sw	x7,0(x25)	 x25:0x8ffffffc  x7:0x00001800 PA:0x8ffffffc store:0x00001800 load:0x00000000
        3065000	       207	80000288	90000cb7	lui	x25,0x90000	 x25=0x90000000
        3075000	       208	8000028c	1cf1	c.addi	x25,-4	 x25:0x90000000 x25=0x8ffffffc
        3085000	       209	8000028e	30400393	addi	x7,x0,772	  x0:0x00000000  x7=0x00000304
        3095000	       210	80000292	03a2	c.slli	x7,0x8	  x7:0x00000304  x7=0x00030400
        3105000	       211	80000294	038d	c.addi	x7,3	  x7:0x00030400  x7=0x00030403
        3115000	       212	80000296	007ca023	sw	x7,0(x25)	 x25:0x8ffffffc  x7:0x00030403 PA:0x8ffffffc store:0x00030403 load:0x00000000
        3125000	       213	8000029a	304023f3	csrrs	x7,mie,x0	  x0:0x00000000  x7=0x00000000
        3135000	       214	8000029e	007ca023	sw	x7,0(x25)	 x25:0x8ffffffc  x7:0x00000000 PA:0x8ffffffc store:0x00000000 load:0x00000000
        3145000	       215	800002a2	30200073	mret	
        3185000	       219	800002a6	80000037	lui	x0,0x80000	  x0=0x00000000
        3195000	       220	800002aa	0001	c.addi	x0,0	  x0:0x00000000  x0=0x00000000
        3205000	       221	800002ac	800000b7	lui	x1,0x80000	  x1=0x80000000
        3215000	       222	800002b0	f63cf137	lui	x2,0xf63cf	  x2=0xf63cf000
        3225000	       223	800002b4	95a10113	addi	x2,x2,-1702	  x2:0xf63cf000  x2=0xf63ce95a
        3235000	       224	800002b8	f6f701b7	lui	x3,0xf6f70	  x3=0xf6f70000
        3245000	       225	800002bc	b9218193	addi	x3,x3,-1134	  x3:0xf6f70000  x3=0xf6f6fb92
        3255000	       226	800002c0	fcbe8237	lui	x4,0xfcbe8	  x4=0xfcbe8000
        3265000	       227	800002c4	87520213	addi	x4,x4,-1931	  x4:0xfcbe8000  x4=0xfcbe7875
        3275000	       228	800002c8	f13802b7	lui	x5,0xf1380	  x5=0xf1380000
        3285000	       229	800002cc	92928293	addi	x5,x5,-1751	  x5:0xf1380000  x5=0xf137f929
        3295000	       230	800002d0	4311	c.li	x6,4	  x6=0x00000004
        3305000	       231	800002d2	4399	c.li	x7,6	  x7=0x00000006
        3315000	       232	800002d4	80000437	lui	x8,0x80000	  x8=0x80000000
        3325000	       233	800002d8	4481	c.li	x9,0	  x9=0x00000000
        3335000	       234	800002da	80000537	lui	x10,0x80000	 x10=0x80000000
        3345000	       235	800002de	800005b7	lui	x11,0x80000	 x11=0x80000000
        3355000	       236	800002e2	4681	c.li	x13,0	 x13=0x00000000
        3365000	       237	800002e4	c5d10737	lui	x14,0xc5d10	 x14=0xc5d10000
        3375000	       238	800002e8	b9670713	addi	x14,x14,-1130	 x14:0xc5d10000 x14=0xc5d0fb96
        3385000	       239	800002ec	08f4b7b7	lui	x15,0x8f4b	 x15=0x08f4b000
        3395000	       240	800002f0	17a9	c.addi	x15,-22	 x15:0x08f4b000 x15=0x08f4afea
        3405000	       241	800002f2	4801	c.li	x16,0	 x16=0x00000000
        3415000	       242	800002f4	f2d268b7	lui	x17,0xf2d26	 x17=0xf2d26000
        3425000	       243	800002f8	99a88893	addi	x17,x17,-1638	 x17:0xf2d26000 x17=0xf2d2599a
        3435000	       244	800002fc	f04f5937	lui	x18,0xf04f5	 x18=0xf04f5000
        3445000	       245	80000300	51590913	addi	x18,x18,1301	 x18:0xf04f5000 x18=0xf04f5515
        3455000	       246	80000304	4991	c.li	x19,4	 x19=0x00000004
        3465000	       247	80000306	80000a37	lui	x20,0x80000	 x20=0x80000000
        3475000	       248	8000030a	4a81	c.li	x21,0	 x21=0x00000000
        3485000	       249	8000030c	f9d9fb37	lui	x22,0xf9d9f	 x22=0xf9d9f000
        3495000	       250	80000310	3d9b0b13	addi	x22,x22,985	 x22:0xf9d9f000 x22=0xf9d9f3d9
        3505000	       251	80000314	80000bb7	lui	x23,0x80000	 x23=0x80000000
        3515000	       252	80000318	f0a97c37	lui	x24,0xf0a97	 x24=0xf0a97000
        3525000	       253	8000031c	ddfc0c13	addi	x24,x24,-545	 x24:0xf0a97000 x24=0xf0a96ddf
        3535000	       254	80000320	f4cc3cb7	lui	x25,0xf4cc3	 x25=0xf4cc3000
        3545000	       255	80000324	bcfc8c93	addi	x25,x25,-1073	 x25:0xf4cc3000 x25=0xf4cc2bcf
        3555000	       256	80000328	4d01	c.li	x26,0	 x26=0x00000000
        3565000	       257	8000032a	f8832db7	lui	x27,0xf8832	 x27=0xf8832000
        3575000	       258	8000032e	ce3d8d93	addi	x27,x27,-797	 x27:0xf8832000 x27=0xf8831ce3
        3585000	       259	80000332	4e81	c.li	x29,0	 x29=0x00000000
        3595000	       260	80000334	fc6dbf37	lui	x30,0xfc6db	 x30=0xfc6db000
        3605000	       261	80000338	9b3f0f13	addi	x30,x30,-1613	 x30:0xfc6db000 x30=0xfc6da9b3
        3615000	       262	8000033c	80000fb7	lui	x31,0x80000	 x31=0x80000000
        3625000	       263	80000340	00022e17	auipc	x28,0x22	 x28=0x80022340
        3635000	       264	80000344	b24e0e13	addi	x28,x28,-1244	 x28:0x80022340 x28=0x80021e64
        3645000	       265	80000348	90000cb7	lui	x25,0x90000	 x25=0x90000000
        3655000	       266	8000034c	1cf1	c.addi	x25,-4	 x25:0x90000000 x25=0x8ffffffc
        3665000	       267	8000034e	4381	c.li	x7,0	  x7=0x00000000
        3675000	       268	80000350	03a2	c.slli	x7,0x8	  x7:0x00000000  x7=0x00000000
        3685000	       269	80000352	00038393	addi	x7,x7,0	  x7:0x00000000  x7=0x00000000
        3695000	       270	80000356	007ca023	sw	x7,0(x25)	 x25:0x8ffffffc  x7:0x00000000 PA:0x8ffffffc store:0x00000000 load:0x00000000
        3705000	       271	8000035a	1620306f	jal	x0,800034bc	  x0=0x00000000
        3725000	       273	800034bc	b4fbbd17	auipc	x26,0xb4fbb	 x26=0x34fbe4bc
        3735000	       274	800034c0	40cad113	srai	x2,x21,0xc	 x21:0x00000000  x2=0x00000000
        3745000	       275	800034c4	019c6a33	or	x20,x24,x25	 x24:0xf0a96ddf x25:0x8ffffffc x20=0xffffffff
        3755000	       276	800034c8	c585	c.beqz	x11,800034f0	 x11:0x80000000
        3795000	       280	800034ca	024ab333	mulhu	x6,x21,x4	 x21:0x00000000  x4:0xfcbe7875  x6=0x00000000
        3805000	       281	800034ce	428d	c.li	x5,3	  x5=0x00000003
        3815000	       282	800034d0	177d	c.addi	x14,-1	 x14:0xc5d0fb96 x14=0xc5d0fb95
        3825000	       283	800034d2	00719cb3	sll	x25,x3,x7	  x3:0xf6f6fb92  x7:0x00000000 x25=0xf6f6fb92
        3835000	       284	800034d6	015ea533	slt	x10,x29,x21	 x29:0x00000000 x21:0x00000000 x10=0x00000000
        3845000	       285	800034da	0040a733	slt	x14,x1,x4	  x1:0x80000000  x4:0xfcbe7875 x14=0x00000001
        3855000	       286	800034de	6fb9	c.lui	x31,0xe	 x31=0x0000e000
        3865000	       287	800034e0	34026173	csrrsi	x2,mscratch,4	  x2=0x00000000
        3875000	       288	800034e4	01581eb3	sll	x29,x16,x21	 x16:0x00000000 x21:0x00000000 x29=0x00000000
        3885000	       289	800034e8	00626bb3	or	x23,x4,x6	  x4:0xfcbe7875  x6:0x00000000 x23=0xfcbe7875
        3905000	       291	800034ec	0201f8b3	remu	x17,x3,x0	  x3:0xf6f6fb92  x0:0x00000000 x17=0xf6f6fb92
        3915000	       292	800034f0	01414733	xor	x14,x2,x20	  x2:0x00000000 x20:0xffffffff x14=0xffffffff
        3925000	       293	800034f4	02d3cf63	blt	x7,x13,80003532	  x7:0x00000000 x13:0x00000000
        3935000	       294	800034f8	34006a73	csrrsi	x20,mscratch,0	 x20=0x00000004
        3945000	       295	800034fc	0ff0000f	fence	iorw,iorw	
        3955000	       296	80003500	037f7b63	bgeu	x30,x23,80003536	 x30:0xfc6da9b3 x23:0xfcbe7875
        3965000	       297	80003504	01f2bd33	sltu	x26,x5,x31	  x5:0x00000003 x31:0x0000e000 x26=0x00000001
        3975000	       298	80003508	20f43597	auipc	x11,0x20f43	 x11=0xa0f46508
        3985000	       299	8000350c	41c18bb3	sub	x23,x3,x28	  x3:0xf6f6fb92 x28:0x80021e64 x23=0x76f4dd2e
        3995000	       300	80003510	717d	c.addi16sp	x2,-16	  x2:0x00000000  x2=0xfffffff0
        4005000	       301	80003512	40895fb3	sra	x31,x18,x8	 x18:0xf04f5515  x8:0x80000000 x31=0xf04f5515
        4015000	       302	80003516	0000100f	fence.i	
        4045000	       305	8000351a	b0be0d13	addi	x26,x28,-1269	 x28:0x80021e64 x26=0x8002196f
        4065000	       307	8000351e	026379b3	remu	x19,x6,x6	  x6:0x00000000  x6:0x00000000 x19=0x00000000
        4075000	       308	80003522	3407d6f3	csrrwi	x13,mscratch,15	 x13=0x00000004
        4085000	       309	80003526	00129913	slli	x18,x5,0x1	  x5:0x00000003 x18=0x00000006
        4095000	       310	8000352a	6139	c.addi16sp	x2,448	  x2:0xfffffff0  x2=0x000001b0
        4105000	       311	8000352c	8ab6	c.mv	x21,x13	  x0:0x00000000 x13:0x00000004 x21=0x00000004
        4115000	       312	8000352e	011660b3	or	x1,x12,x17	 x12:0x80025ce4 x17:0xf6f6fb92  x1=0xf6f6fff6
        4125000	       313	80003532	05cce163	bltu	x25,x28,80003574	 x25:0xf6f6fb92 x28:0x80021e64
        4135000	       314	80003536	01083cb3	sltu	x25,x16,x16	 x16:0x00000000 x16:0x00000000 x25=0x00000000
        4145000	       315	8000353a	c111	c.beqz	x10,8000353e	 x10:0x00000000
        4205000	       321	8000353e	0278b4b3	mulhu	x9,x17,x7	 x17:0xf6f6fb92  x7:0x00000000  x9=0x00000000
        4215000	       322	80003542	9af2	c.add	x21,x28	 x21:0x00000004 x28:0x80021e64 x21=0x80021e68
        4235000	       324	80003544	03d6f3b3	remu	x7,x13,x29	 x13:0x00000004 x29:0x00000000  x7=0x00000004
        4245000	       325	80003548	24b7aa93	slti	x21,x15,587	 x15:0x08f4afea x21=0x00000000
        4255000	       326	8000354c	cedcbd93	sltiu	x27,x25,-787	 x25:0x00000000 x27=0x00000001
        4265000	       327	80003550	340ff2f3	csrrci	x5,mscratch,31	  x5=0x0000000f
        4275000	       328	80003554	42b1	c.li	x5,12	  x5=0x0000000c
        4285000	       329	80003556	054f9063	bne	x31,x20,80003596	 x31:0xf04f5515 x20:0x00000004
        4315000	       332	80003596	00a09533	sll	x10,x1,x10	  x1:0xf6f6fff6 x10:0x00000000 x10=0xf6f6fff6
        4325000	       333	8000359a	8f31	c.xor	x14,x12	 x14:0xffffffff x12:0x80025ce4 x14=0x7ffda31b
        4335000	       334	8000359c	007ae663	bltu	x21,x7,800035a8	 x21:0x00000000  x7:0x00000004
        4355000	       336	800035a8	9f9e	c.add	x31,x7	 x31:0xf04f5515  x7:0x00000004 x31=0xf04f5519
        4365000	       337	800035aa	00f1f263	bgeu	x3,x15,800035ae	  x3:0xf6f6fb92 x15:0x08f4afea
        4395000	       340	800035ae	340b1d73	csrrw	x26,mscratch,x22	 x22:0xf9d9f3d9 x26=0x00000000
        4405000	       341	800035b2	415484b3	sub	x9,x9,x21	  x9:0x00000000 x21:0x00000000  x9=0x00000000
        4775000	       378	800035b6	0218fc33	remu	x24,x17,x1	 x17:0xf6f6fb92  x1:0xf6f6fff6 x24=0xf6f6fb92
        4785000	       379	800035ba	8396	c.mv	x7,x5	  x0:0x00000000  x5:0x0000000c  x7=0x0000000c
        4795000	       380	800035bc	004b7a63	bgeu	x22,x4,800035d0	 x22:0xf9d9f3d9  x4:0xfcbe7875
        4805000	       381	800035c0	e38d	c.bnez	x15,800035e2	 x15:0x08f4afea
        4825000	       383	800035e2	0001	c.addi	x0,0	  x0:0x00000000  x0=0x00000000
        4835000	       384	800035e4	818d	c.srli	x11,0x3	 x11:0xa0f46508 x11=0x141e8ca1
        4865000	       387	800035e6	02628b33	mul	x22,x5,x6	  x5:0x0000000c  x6:0x00000000 x22=0x00000000
        4875000	       388	800035ea	01dda1b3	slt	x3,x27,x29	 x27:0x00000001 x29:0x00000000  x3=0x00000000
        4905000	       391	800035ee	02570cb3	mul	x25,x14,x5	 x14:0x7ffda31b  x5:0x0000000c x25=0xffe3a544
        4915000	       392	800035f2	019425b3	slt	x11,x8,x25	  x8:0x80000000 x25:0xffe3a544 x11=0x00000001
        4925000	       393	800035f6	405c0233	sub	x4,x24,x5	 x24:0xf6f6fb92  x5:0x0000000c  x4=0xf6f6fb86
        4935000	       394	800035fa	a3db3e93	sltiu	x29,x22,-1475	 x22:0x00000000 x29=0x00000001
        4945000	       395	800035fe	8c8d	c.sub	x9,x11	  x9:0x00000000 x11:0x00000001  x9=0xffffffff
        4955000	       396	80003600	3409f0f3	csrrci	x1,mscratch,19	  x1=0xf9d9f3d9
        4995000	       400	80003604	02c9a9b3	mulhsu	x19,x19,x12	 x19:0x00000000 x12:0x80025ce4 x19=0x00000000
        5005000	       401	80003608	340d98f3	csrrw	x17,mscratch,x27	 x27:0x00000001 x17=0xf9d9f3c8
        5015000	       402	8000360c	08f5	c.addi	x17,29	 x17:0xf9d9f3c8 x17=0xf9d9f3e5
        5025000	       403	8000360e	00181fb3	sll	x31,x16,x1	 x16:0x00000000  x1:0xf9d9f3d9 x31=0x00000000
        5035000	       404	80003612	177d	c.addi	x14,-1	 x14:0x7ffda31b x14=0x7ffda31a
        5045000	       405	80003614	0001	c.addi	x0,0	  x0:0x00000000  x0=0x00000000
        5055000	       406	80003616	340076f3	csrrci	x13,mscratch,0	 x13=0x00000001
        5065000	       407	8000361a	6bb5	c.lui	x23,0xd	 x23=0x0000d000
        5085000	       409	8000361c	035c5eb3	divu	x29,x24,x21	 x24:0xf6f6fb92 x21:0x00000000 x29=0xffffffff
        5095000	       410	80003620	0a46	c.slli	x20,0x11	 x20:0x00000004 x20=0x00080000
        5105000	       411	80003622	8f29	c.xor	x14,x10	 x14:0x7ffda31a x10:0xf6f6fff6 x14=0x890b5cec
        5115000	       412	80003624	6231	c.lui	x4,0xc	  x4=0x0000c000
        5125000	       413	80003626	34003df3	csrrc	x27,mscratch,x0	  x0:0x00000000 x27=0x00000001
        5135000	       414	8000362a	00701cb3	sll	x25,x0,x7	  x0:0x00000000  x7:0x0000000c x25=0x00000000
        5145000	       415	8000362e	02d89563	bne	x17,x13,80003658	 x17:0xf9d9f3e5 x13:0x00000001
        5165000	       417	80003658	340bfff3	csrrci	x31,mscratch,23	 x31=0x00000001
        5175000	       418	8000365c	830e	c.mv	x6,x3	  x0:0x00000000  x3:0x00000000  x6=0x00000000
        5185000	       419	8000365e	9b7d	c.andi	x14,-1	 x14:0x890b5cec x14=0x890b5cec
        5195000	       420	80003660	3409e573	csrrsi	x10,mscratch,19	 x10=0x00000000
        5565000	       457	80003664	03de7db3	remu	x27,x28,x29	 x28:0x80021e64 x29:0xffffffff x27=0x80021e64
        5575000	       458	80003668	8d31	c.xor	x10,x12	 x10:0x00000000 x12:0x80025ce4 x10=0x80025ce4
        5585000	       459	8000366a	014fa833	slt	x16,x31,x20	 x31:0x00000001 x20:0x00080000 x16=0x00000001
        5955000	       496	8000366e	02ed5733	divu	x14,x26,x14	 x26:0x00000000 x14:0x890b5cec x14=0x00000000
        5965000	       497	80003672	0146eab3	or	x21,x13,x20	 x13:0x00000001 x20:0x00080000 x21=0x00080001
        5975000	       498	80003676	7d338b13	addi	x22,x7,2003	  x7:0x0000000c x22=0x000007df
        5985000	       499	8000367a	409d5e93	srai	x29,x26,0x9	 x26:0x00000000 x29=0x00000000
        5995000	       500	8000367e	028f8263	beq	x31,x8,800036a2	 x31:0x00000001  x8:0x80000000
        6005000	       501	80003682	90e5eb13	ori	x22,x11,-1778	 x11:0x00000001 x22=0xfffff90f
        6045000	       505	80003686	0375a4b3	mulhsu	x9,x11,x23	 x11:0x00000001 x23:0x0000d000  x9=0x00000000
        6055000	       506	8000368a	02cb5e63	bge	x22,x12,800036c6	 x22:0xfffff90f x12:0x80025ce4
        6075000	       508	800036c6	82e9	c.srli	x13,0x1a	 x13:0x00000001 x13=0x00000000
        6085000	       509	800036c8	7b04c013	xori	x0,x9,1968	  x9:0x00000000  x0=0x00000000
        6095000	       510	800036cc	00e55fb3	srl	x31,x10,x14	 x10:0x80025ce4 x14:0x00000000 x31=0x80025ce4
        6105000	       511	800036d0	8f19	c.sub	x14,x14	 x14:0x00000000 x14:0x00000000 x14=0x00000000
        6115000	       512	800036d2	00778f63	beq	x15,x7,800036f0	 x15:0x08f4afea  x7:0x0000000c
        6125000	       513	800036d6	e3a9	c.bnez	x15,80003718	 x15:0x08f4afea
        6145000	       515	80003718	01cc48b3	xor	x17,x24,x28	 x24:0xf6f6fb92 x28:0x80021e64 x17=0x76f4e5f6
        6155000	       516	8000371c	0001	c.addi	x0,0	  x0:0x00000000  x0=0x00000000
        6175000	       518	8000371e	02e2fdb3	remu	x27,x5,x14	  x5:0x0000000c x14:0x00000000 x27=0x0000000c
        6185000	       519	80003722	00f3bd33	sltu	x26,x7,x15	  x7:0x0000000c x15:0x08f4afea x26=0x00000001
        6195000	       520	80003726	006f8563	beq	x31,x6,80003730	 x31:0x80025ce4  x6:0x00000000
        6205000	       521	8000372a	8eb5	c.xor	x13,x13	 x13:0x00000000 x13:0x00000000 x13=0x00000000
        6215000	       522	8000372c	55aca093	slti	x1,x25,1370	 x25:0x00000000  x1=0x00000001
        6225000	       523	80003730	0001	c.addi	x0,0	  x0:0x00000000  x0=0x00000000
        6235000	       524	80003732	3402d973	csrrwi	x18,mscratch,5	 x18=0x00000013
        6245000	       525	80003736	34015df3	csrrwi	x27,mscratch,2	 x27=0x00000005
        6255000	       526	8000373a	0000100f	fence.i	
        6275000	       528	8000373e	1b08	c.addi4spn	x10,x2,432	 x10=0x00000360
        6285000	       529	80003740	5dfd	c.li	x27,-1	 x27=0xffffffff
        6325000	       533	80003742	030faa33	mulhsu	x20,x31,x16	 x31:0x80025ce4 x16:0x00000001 x20=0xffffffff
        6335000	       534	80003746	8fed	c.and	x15,x11	 x15:0x08f4afea x11:0x00000001 x15=0x00000000
        6345000	       535	80003748	011ed993	srli	x19,x29,0x11	 x29:0x00000000 x19=0x00000000
        6355000	       536	8000374c	40a5	c.li	x1,9	  x1=0x00000009
        6725000	       573	8000374e	02b7e4b3	rem	x9,x15,x11	 x15:0x00000000 x11:0x00000001  x9=0x00000000
        6735000	       574	80003752	01649233	sll	x4,x9,x22	  x9:0x00000000 x22:0xfffff90f  x4=0x00000000
        6745000	       575	80003756	0158fb33	and	x22,x17,x21	 x17:0x76f4e5f6 x21:0x00080001 x22=0x00000000
        7115000	       612	8000375a	02517b33	remu	x22,x2,x5	  x2:0x000001b0  x5:0x0000000c x22=0x00000000
        7125000	       613	8000375e	02588b63	beq	x17,x5,80003794	 x17:0x76f4e5f6  x5:0x0000000c
        7135000	       614	80003762	00e0edb3	or	x27,x1,x14	  x1:0x00000009 x14:0x00000000 x27=0x00000009
        7145000	       615	80003766	80de	c.mv	x1,x23	  x0:0x00000000 x23:0x0000d000  x1=0x0000d000
        7155000	       616	80003768	13fd	c.addi	x7,-1	  x7:0x0000000c  x7=0x0000000b
        7165000	       617	8000376a	e48d	c.bnez	x9,80003794	  x9:0x00000000
        7175000	       618	8000376c	029d7463	bgeu	x26,x9,80003794	 x26:0x00000001  x9:0x00000000
        7195000	       620	80003794	8d3a	c.mv	x26,x14	  x0:0x00000000 x14:0x00000000 x26=0x00000000
        7205000	       621	80003796	340ff873	csrrci	x16,mscratch,31	 x16=0x00000002
        7215000	       622	8000379a	340cf873	csrrci	x16,mscratch,25	 x16=0x00000000
        7225000	       623	8000379e	6d55	c.lui	x26,0x15	 x26=0x00015000
        7235000	       624	800037a0	34039bf3	csrrw	x23,mscratch,x7	  x7:0x0000000b x23=0x00000000
        7245000	       625	800037a4	8eb9	c.xor	x13,x14	 x13:0x00000000 x14:0x00000000 x13=0x00000000
        7255000	       626	800037a6	340b9df3	csrrw	x27,mscratch,x23	 x23:0x00000000 x27=0x0000000b
        7265000	       627	800037aa	34003ef3	csrrc	x29,mscratch,x0	  x0:0x00000000 x29=0x00000000
        7275000	       628	800037ae	891d	c.andi	x10,7	 x10:0x00000360 x10=0x00000000
        7285000	       629	800037b0	548ec037	lui	x0,0x548ec	  x0=0x00000000
        7295000	       630	800037b4	2fafe297	auipc	x5,0x2fafe	  x5=0xafb017b4
        7305000	       631	800037b8	00ef4b33	xor	x22,x30,x14	 x30:0xfc6da9b3 x14:0x00000000 x22=0xfc6da9b3
        7315000	       632	800037bc	3409d573	csrrwi	x10,mscratch,19	 x10=0x00000000
        7355000	       636	800037c0	0392abb3	mulhsu	x23,x5,x25	  x5:0xafb017b4 x25:0x00000000 x23=0x00000000
        7365000	       637	800037c4	01b09133	sll	x2,x1,x27	  x1:0x0000d000 x27:0x0000000b  x2=0x06800000
        7375000	       638	800037c8	34006173	csrrsi	x2,mscratch,0	  x2=0x00000013
        7385000	       639	800037cc	87cd	c.srai	x15,0x13	 x15:0x00000000 x15=0x00000000
        7395000	       640	800037ce	017058b3	srl	x17,x0,x23	  x0:0x00000000 x23:0x00000000 x17=0x00000000
        7405000	       641	800037d2	871d	c.srai	x14,0x7	 x14:0x00000000 x14=0x00000000
        7415000	       642	800037d4	1519f6b7	lui	x13,0x1519f	 x13=0x1519f000
        7425000	       643	800037d8	8dc9	c.or	x11,x10	 x11:0x00000001 x10:0x00000000 x11=0x00000001
        7435000	       644	800037da	0bc6	c.slli	x23,0x11	 x23:0x00000000 x23=0x00000000
        7445000	       645	800037dc	39a07117	auipc	x2,0x39a07	  x2=0xb9a0a7dc
        7455000	       646	800037e0	018d0db3	add	x27,x26,x24	 x26:0x00015000 x24:0xf6f6fb92 x27=0xf6f84b92
        7465000	       647	800037e4	005b24b3	slt	x9,x22,x5	 x22:0xfc6da9b3  x5:0xafb017b4  x9=0x00000000
        7475000	       648	800037e8	0aca	c.slli	x21,0x12	 x21:0x00080001 x21=0x00040000
        7485000	       649	800037ea	8c85	c.sub	x9,x9	  x9:0x00000000  x9:0x00000000  x9=0x00000000
        7495000	       650	800037ec	0ff0000f	fence	iorw,iorw	
        7505000	       651	800037f0	99fd	c.andi	x11,-1	 x11:0x00000001 x11=0x00000001
        7515000	       652	800037f2	6a99	c.lui	x21,0x6	 x21=0x00006000
        7525000	       653	800037f4	340798f3	csrrw	x17,mscratch,x15	 x15:0x00000000 x17=0x00000013
        7535000	       654	800037f8	c09d	c.beqz	x9,8000381e	  x9:0x00000000
        7925000	       693	8000381e	0346dd33	divu	x26,x13,x20	 x13:0x1519f000 x20:0xffffffff x26=0x00000000
        7935000	       694	80003822	0149a933	slt	x18,x19,x20	 x19:0x00000000 x20:0xffffffff x18=0x00000000
        7945000	       695	80003826	02b24463	blt	x4,x11,8000384e	  x4:0x00000000 x11:0x00000001
        7975000	       698	8000384e	c68b5937	lui	x18,0xc68b5	 x18=0xc68b5000
        8015000	       702	80003852	02983eb3	mulhu	x29,x16,x9	 x16:0x00000000  x9:0x00000000 x29=0x00000000
        8025000	       703	80003856	059e	c.slli	x11,0x7	 x11:0x00000001 x11=0x00000080
        8065000	       707	80003858	027cb533	mulhu	x10,x25,x7	 x25:0x00000000  x7:0x0000000b x10=0x00000000
        8105000	       711	8000385c	02461033	mulh	x0,x12,x4	 x12:0x80025ce4  x4:0x00000000  x0=0x00000000
        8115000	       712	80003860	011f6563	bltu	x30,x17,8000386a	 x30:0xfc6da9b3 x17:0x00000013
        8125000	       713	80003864	340eb4f3	csrrc	x9,mscratch,x29	 x29:0x00000000  x9=0x00000000
        8135000	       714	80003868	ce89	c.beqz	x13,80003882	 x13:0x1519f000
        8145000	       715	8000386a	340228f3	csrrs	x17,mscratch,x4	  x4:0x00000000 x17=0x00000000
        8155000	       716	8000386e	01745463	bge	x8,x23,80003876	  x8:0x80000000 x23:0x00000000
        8165000	       717	80003872	03725263	bge	x4,x23,80003896	  x4:0x00000000 x23:0x00000000
        8195000	       720	80003896	00e907b3	add	x15,x18,x14	 x18:0xc68b5000 x14:0x00000000 x15=0xc68b5000
        8205000	       721	8000389a	8dc1	c.or	x11,x8	 x11:0x00000080  x8:0x80000000 x11=0x80000080
        8215000	       722	8000389c	1bb37997	auipc	x19,0x1bb37	 x19=0x9bb3a89c
        8225000	       723	800038a0	34039773	csrrw	x14,mscratch,x7	  x7:0x0000000b x14=0x00000000
        8235000	       724	800038a4	39eda013	slti	x0,x27,926	 x27:0xf6f84b92  x0=0x00000000
        8245000	       725	800038a8	34076ef3	csrrsi	x29,mscratch,14	 x29=0x0000000b
        8255000	       726	800038ac	762d8f37	lui	x30,0x762d8	 x30=0x762d8000
        8265000	       727	800038b0	6399	c.lui	x7,0x6	  x7=0x00006000
        8275000	       728	800038b2	23f2c237	lui	x4,0x23f2c	  x4=0x23f2c000
        8285000	       729	800038b6	0000100f	fence.i	
        8315000	       732	800038ba	03347213	andi	x4,x8,51	  x8:0x80000000  x4=0x00000000
        8685000	       769	800038be	034ccb33	div	x22,x25,x20	 x25:0x00000000 x20:0xffffffff x22=0x00000000
        8695000	       770	800038c2	34091073	csrrw	x0,mscratch,x18	 x18:0xc68b5000  x0=0x00000000
        8705000	       771	800038c6	02564c63	blt	x12,x5,800038fe	 x12:0x80025ce4  x5:0xafb017b4
        8735000	       774	800038fe	34015a73	csrrwi	x20,mscratch,2	 x20=0xc68b5000
        8775000	       778	80003902	035997b3	mulh	x15,x19,x21	 x19:0x9bb3a89c x21:0x00006000 x15=0xffffda63
        8785000	       779	80003906	09a6	c.slli	x19,0x9	 x19:0x9bb3a89c x19=0x67513800
        8795000	       780	80003908	00298d33	add	x26,x19,x2	 x19:0x67513800  x2:0xb9a0a7dc x26=0x20f1dfdc
        8805000	       781	8000390c	34011bf3	csrrw	x23,mscratch,x2	  x2:0xb9a0a7dc x23=0x00000002
        9175000	       818	80003910	032e6133	rem	x2,x28,x18	 x28:0x80021e64 x18:0xc68b5000  x2=0xf2eb7e64
        9185000	       819	80003914	02356363	bltu	x10,x3,8000393a	 x10:0x00000000  x3:0x00000000
        9195000	       820	80003918	41865893	srai	x17,x12,0x18	 x12:0x80025ce4 x17=0xffffff80
        9565000	       857	8000391c	021ac333	div	x6,x21,x1	 x21:0x00006000  x1:0x0000d000  x6=0x00000000
        9575000	       858	80003920	34007273	csrrci	x4,mscratch,0	  x4=0xb9a0a7dc
        9585000	       859	80003924	00ad	c.addi	x1,11	  x1:0x0000d000  x1=0x0000d00b
        9595000	       860	80003926	34002173	csrrs	x2,mscratch,x0	  x0:0x00000000  x2=0xb9a0a7dc
        9605000	       861	8000392a	00e068b3	or	x17,x0,x14	  x0:0x00000000 x14:0x00000000 x17=0x00000000
        9975000	       898	8000392e	025cc033	div	x0,x25,x5	 x25:0x00000000  x5:0xafb017b4  x0=0x00000000
        9985000	       899	80003932	cd11	c.beqz	x10,8000394e	 x10:0x00000000
       10015000	       902	8000394e	03675763	bge	x14,x22,8000397c	 x14:0x00000000 x22:0x00000000
       10035000	       904	8000397c	012e08b3	add	x17,x28,x18	 x28:0x80021e64 x18:0xc68b5000 x17=0x468d6e64
       10045000	       905	80003980	8cbd	c.xor	x9,x15	  x9:0x00000000 x15:0xffffda63  x9=0xffffda63
       10055000	       906	80003982	48d5	c.li	x17,21	 x17=0x00000015
       10065000	       907	80003984	94de	c.add	x9,x23	  x9:0xffffda63 x23:0x00000002  x9=0xffffda65
       10075000	       908	80003986	f3eba513	slti	x10,x23,-194	 x23:0x00000002 x10=0x00000000
       10085000	       909	8000398a	0001	c.addi	x0,0	  x0:0x00000000  x0=0x00000000
       10105000	       911	8000398c	0265cdb3	div	x27,x11,x6	 x11:0x80000080  x6:0x00000000 x27=0xffffffff
       10115000	       912	80003990	0000100f	fence.i	
       10135000	       914	80003994	01ded893	srli	x17,x29,0x1d	 x29:0x0000000b x17=0x00000000
       10145000	       915	80003998	340070f3	csrrci	x1,mscratch,0	  x1=0xb9a0a7dc
       10185000	       919	8000399c	0294af33	mulhsu	x30,x9,x9	  x9:0xffffda65  x9:0xffffda65 x30=0xffffda65
       10195000	       920	800039a0	86c5	c.srai	x13,0x11	 x13:0x1519f000 x13=0x00000a8c
       10205000	       921	800039a2	01e40cb3	add	x25,x8,x30	  x8:0x80000000 x30:0xffffda65 x25=0x7fffda65
       10215000	       922	800039a6	34089a73	csrrw	x20,mscratch,x17	 x17:0x00000000 x20=0xb9a0a7dc
       10225000	       923	800039aa	408f51b3	sra	x3,x30,x8	 x30:0xffffda65  x8:0x80000000  x3=0xffffda65
       10235000	       924	800039ae	8ec5	c.or	x13,x9	 x13:0x00000a8c  x9:0xffffda65 x13=0xffffdaed
       10245000	       925	800039b0	98ce	c.add	x17,x19	 x17:0x00000000 x19:0x67513800 x17=0x67513800
       10255000	       926	800039b2	8ea1	c.xor	x13,x8	 x13:0xffffdaed  x8:0x80000000 x13=0x7fffdaed
       10265000	       927	800039b4	00efd263	bge	x31,x14,800039b8	 x31:0x80025ce4 x14:0x00000000
       10275000	       928	800039b8	e819e313	ori	x6,x19,-383	 x19:0x67513800  x6=0xfffffe81
       10285000	       929	800039bc	002bd363	bge	x23,x2,800039c2	 x23:0x00000002  x2:0xb9a0a7dc
       10315000	       932	800039c2	34042873	csrrs	x16,mscratch,x8	  x8:0x80000000 x16=0x00000000
       10325000	       933	800039c6	00c6ccb3	xor	x25,x13,x12	 x13:0x7fffdaed x12:0x80025ce4 x25=0xfffd8609
       10335000	       934	800039ca	05d06363	bltu	x0,x29,80003a10	  x0:0x00000000 x29:0x0000000b
       10355000	       936	80003a10	9afd	c.andi	x13,-1	 x13:0x7fffdaed x13=0x7fffdaed
       10365000	       937	80003a12	8b41	c.andi	x14,16	 x14:0x00000000 x14=0x00000000
       10375000	       938	80003a14	be107093	andi	x1,x0,-1055	  x0:0x00000000  x1=0x00000000
       10385000	       939	80003a18	1cd4a213	slti	x4,x9,461	  x9:0xffffda65  x4=0x00000001
       10425000	       943	80003a1c	03f01133	mulh	x2,x0,x31	  x0:0x00000000 x31:0x80025ce4  x2=0x00000000
       10435000	       944	80003a20	018ea333	slt	x6,x29,x24	 x29:0x0000000b x24:0xf6f6fb92  x6=0x00000000
       10805000	       981	80003a24	02dfe9b3	rem	x19,x31,x13	 x31:0x80025ce4 x13:0x7fffdaed x19=0x80025ce4
       10815000	       982	80003a28	9ea2	c.add	x29,x8	 x29:0x0000000b  x8:0x80000000 x29=0x8000000b
       10825000	       983	80003a2a	340060f3	csrrsi	x1,mscratch,0	  x1=0x80000000
       10835000	       984	80003a2e	055e6263	bltu	x28,x21,80003a72	 x28:0x80021e64 x21:0x00006000
       10845000	       985	80003a32	6e4ec1b7	lui	x3,0x6e4ec	  x3=0x6e4ec000
       10855000	       986	80003a36	6139	c.addi16sp	x2,448	  x2:0x00000000  x2=0x000001c0
       10865000	       987	80003a38	60c1	c.lui	x1,0x10	  x1=0x00010000
       10905000	       991	80003a3a	03139cb3	mulh	x25,x7,x17	  x7:0x00006000 x17:0x67513800 x25=0x000026be
       10915000	       992	80003a3e	01343fb3	sltu	x31,x8,x19	  x8:0x80000000 x19:0x80025ce4 x31=0x00000001
       10925000	       993	80003a42	be046493	ori	x9,x8,-1056	  x8:0x80000000  x9=0xfffffbe0
       10935000	       994	80003a46	340077f3	csrrci	x15,mscratch,0	 x15=0x80000000
       10945000	       995	80003a4a	c50d	c.beqz	x10,80003a74	 x10:0x00000000
       10965000	       997	80003a74	340669f3	csrrsi	x19,mscratch,12	 x19=0x80000000
       10975000	       998	80003a78	3404d8f3	csrrwi	x17,mscratch,9	 x17=0x8000000c
       10985000	       999	80003a7c	1ac6aa93	slti	x21,x13,428	 x13:0x7fffdaed x21=0x00000000
       10995000	      1000	80003a80	0000100f	fence.i	
       11015000	      1002	80003a84	0522	c.slli	x10,0x8	 x10:0x00000000 x10=0x00000000
       11025000	      1003	80003a86	340068f3	csrrsi	x17,mscratch,0	 x17=0x00000009
       11035000	      1004	80003a8a	34007d73	csrrci	x26,mscratch,0	 x26=0x00000009
       11045000	      1005	80003a8e	8926	c.mv	x18,x9	  x0:0x00000000  x9:0xfffffbe0 x18=0xfffffbe0
       11055000	      1006	80003a90	2e427293	andi	x5,x4,740	  x4:0x00000001  x5=0x00000000
       11065000	      1007	80003a94	0f944813	xori	x16,x8,249	  x8:0x80000000 x16=0x800000f9
       11075000	      1008	80003a98	052b0463	beq	x22,x18,80003ae0	 x22:0x00000000 x18:0xfffffbe0
       11085000	      1009	80003a9c	5116c693	xori	x13,x13,1297	 x13:0x7fffdaed x13=0x7fffdffc
       11095000	      1010	80003aa0	037cc363	blt	x25,x23,80003ac6	 x25:0x000026be x23:0x00000002
       11105000	      1011	80003aa4	0776	c.slli	x14,0x1d	 x14:0x00000000 x14=0x00000000
       11115000	      1012	80003aa6	34047573	csrrci	x10,mscratch,8	 x10=0x00000009
       11125000	      1013	80003aaa	34015573	csrrwi	x10,mscratch,2	 x10=0x00000001
       11135000	      1014	80003aae	01029933	sll	x18,x5,x16	  x5:0x00000000 x16:0x800000f9 x18=0x00000000
       11145000	      1015	80003ab2	f727eb93	ori	x23,x15,-142	 x15:0x80000000 x23=0xffffff72
       11155000	      1016	80003ab6	839a	c.mv	x7,x6	  x0:0x00000000  x6:0x00000000  x7=0x00000000
       11165000	      1017	80003ab8	ae755097	auipc	x1,0xae755	  x1=0x2e758ab8
       11175000	      1018	80003abc	70a42313	slti	x6,x8,1802	  x8:0x80000000  x6=0x00000001
       11545000	      1055	80003ac0	0265ccb3	div	x25,x11,x6	 x11:0x80000080  x6:0x00000001 x25=0x80000080
       11555000	      1056	80003ac4	eb81	c.bnez	x15,80003ad4	 x15:0x80000000
       11575000	      1058	80003ad4	01e69033	sll	x0,x13,x30	 x13:0x7fffdffc x30:0xffffda65  x0=0x00000000
       11585000	      1059	80003ad8	9c7b87b7	lui	x15,0x9c7b8	 x15=0x9c7b8000
       11595000	      1060	80003adc	03094563	blt	x18,x16,80003b06	 x18:0x00000000 x16:0x800000f9
       11605000	      1061	80003ae0	0ed9c893	xori	x17,x19,237	 x19:0x80000000 x17=0x800000ed
       11615000	      1062	80003ae4	9f2db693	sltiu	x13,x27,-1550	 x27:0xffffffff x13=0x00000000
       11625000	      1063	80003ae8	02214263	blt	x2,x2,80003b0c	  x2:0x000001c0  x2:0x000001c0
       11635000	      1064	80003aec	340073f3	csrrci	x7,mscratch,0	  x7=0x00000002
       11645000	      1065	80003af0	3406e8f3	csrrsi	x17,mscratch,13	 x17=0x00000002
       11655000	      1066	80003af4	717d	c.addi16sp	x2,-16	  x2:0x000001c0  x2=0x000001b0
       11665000	      1067	80003af6	c785	c.beqz	x15,80003b1e	 x15:0x9c7b8000
       11675000	      1068	80003af8	40320bb3	sub	x23,x4,x3	  x4:0x00000001  x3:0x6e4ec000 x23=0x91b14001
       12045000	      1105	80003afc	03196233	rem	x4,x18,x17	 x18:0x00000000 x17:0x00000002  x4=0x00000000
       12055000	      1106	80003b00	717d	c.addi16sp	x2,-16	  x2:0x000001b0  x2=0x000001a0
       12095000	      1110	80003b02	030133b3	mulhu	x7,x2,x16	  x2:0x000001a0 x16:0x800000f9  x7=0x000000d0
       12105000	      1111	80003b06	340063f3	csrrsi	x7,mscratch,0	  x7=0x0000000f
       12115000	      1112	80003b0a	0001	c.addi	x0,0	  x0:0x00000000  x0=0x00000000
       12125000	      1113	80003b0c	0001	c.addi	x0,0	  x0:0x00000000  x0=0x00000000
       12495000	      1150	80003b0e	026057b3	divu	x15,x0,x6	  x0:0x00000000  x6:0x00000001 x15=0x00000000
       12505000	      1151	80003b12	4da5ef97	auipc	x31,0x4da5e	 x31=0xcda61b12
       12515000	      1152	80003b16	41dbdbb3	sra	x23,x23,x29	 x23:0x91b14001 x29:0x8000000b x23=0xfff23628
       12525000	      1153	80003b1a	0193e3b3	or	x7,x7,x25	  x7:0x0000000f x25:0x80000080  x7=0x8000008f
       12535000	      1154	80003b1e	340074f3	csrrci	x9,mscratch,0	  x9=0x0000000f
       12545000	      1155	80003b22	000864b3	or	x9,x16,x0	 x16:0x800000f9  x0:0x00000000  x9=0x800000f9
       12555000	      1156	80003b26	0176b0b3	sltu	x1,x13,x23	 x13:0x00000000 x23:0xfff23628  x1=0x00000001
       12565000	      1157	80003b2a	40fd5a13	srai	x20,x26,0xf	 x26:0x00000009 x20=0x00000000
       12575000	      1158	80003b2e	01cd5b63	bge	x26,x28,80003b44	 x26:0x00000009 x28:0x80021e64
       12595000	      1160	80003b44	0131d463	bge	x3,x19,80003b4c	  x3:0x6e4ec000 x19:0x80000000
       12615000	      1162	80003b4c	01a23533	sltu	x10,x4,x26	  x4:0x00000000 x26:0x00000009 x10=0x00000001
       12625000	      1163	80003b50	001f4f63	blt	x30,x1,80003b6e	 x30:0xffffda65  x1:0x00000001
       12655000	      1166	80003b6e	01695663	bge	x18,x22,80003b7a	 x18:0x00000000 x22:0x00000000
       12685000	      1169	80003b7a	00972833	slt	x16,x14,x9	 x14:0x00000000  x9:0x800000f9 x16=0x00000000
       12695000	      1170	80003b7e	00b29113	slli	x2,x5,0xb	  x5:0x00000000  x2=0x00000000
       12705000	      1171	80003b82	00ba62b3	or	x5,x20,x11	 x20:0x00000000 x11:0x80000080  x5=0x80000080
       12715000	      1172	80003b86	0164f1b3	and	x3,x9,x22	  x9:0x800000f9 x22:0x00000000  x3=0x00000000
       12725000	      1173	80003b8a	0bbfa493	slti	x9,x31,187	 x31:0xcda61b12  x9=0x00000001
       12735000	      1174	80003b8e	340a29f3	csrrs	x19,mscratch,x20	 x20:0x00000000 x19=0x0000000f
       12745000	      1175	80003b92	9c9e	c.add	x25,x7	 x25:0x80000080  x7:0x8000008f x25=0x0000010f
       12785000	      1179	80003b94	026628b3	mulhsu	x17,x12,x6	 x12:0x80025ce4  x6:0x00000001 x17=0xffffffff
       12795000	      1180	80003b98	34093f73	csrrc	x30,mscratch,x18	 x18:0x00000000 x30=0x0000000f
       12805000	      1181	80003b9c	0ff0000f	fence	iorw,iorw	
       12815000	      1182	80003ba0	888a	c.mv	x17,x2	  x0:0x00000000  x2:0x00000000 x17=0x00000000
       12825000	      1183	80003ba2	8a8d	c.andi	x13,3	 x13:0x00000000 x13=0x00000000
       12835000	      1184	80003ba4	87c5	c.srai	x15,0x11	 x15:0x00000000 x15=0x00000000
       12845000	      1185	80003ba6	717d	c.addi16sp	x2,-16	  x2:0x00000000  x2=0xfffffff0
       12855000	      1186	80003ba8	40165033	sra	x0,x12,x1	 x12:0x80025ce4  x1:0x00000001  x0=0x00000000
       12865000	      1187	80003bac	02876263	bltu	x14,x8,80003bd0	 x14:0x00000000  x8:0x80000000
       12885000	      1189	80003bd0	717d	c.addi16sp	x2,-16	  x2:0xfffffff0  x2=0xffffffe0
       12895000	      1190	80003bd2	9afd	c.andi	x13,-1	 x13:0x00000000 x13=0x00000000
       12905000	      1191	80003bd4	011a5c63	bge	x20,x17,80003bec	 x20:0x00000000 x17:0x00000000
       12925000	      1193	80003bec	00ca18b3	sll	x17,x20,x12	 x20:0x00000000 x12:0x80025ce4 x17=0x00000000
       12935000	      1194	80003bf0	34007373	csrrci	x6,mscratch,0	  x6=0x0000000f
       12945000	      1195	80003bf4	01a58733	add	x14,x11,x26	 x11:0x80000080 x26:0x00000009 x14=0x80000089
       12955000	      1196	80003bf8	8d91	c.sub	x11,x12	 x11:0x80000080 x12:0x80025ce4 x11=0xfffda39c
       12965000	      1197	80003bfa	3403aff3	csrrs	x31,mscratch,x7	  x7:0x8000008f x31=0x0000000f
       12975000	      1198	80003bfe	2206fc13	andi	x24,x13,544	 x13:0x00000000 x24=0x00000000
       13015000	      1202	80003c02	036a17b3	mulh	x15,x20,x22	 x20:0x00000000 x22:0x00000000 x15=0x00000000
       13025000	      1203	80003c06	c905	c.beqz	x10,80003c36	 x10:0x00000001
       13035000	      1204	80003c08	01a5c663	blt	x11,x26,80003c14	 x11:0xfffda39c x26:0x00000009
       13055000	      1206	80003c14	4cf9	c.li	x25,30	 x25=0x0000001e
       13065000	      1207	80003c16	0cae	c.slli	x25,0xb	 x25:0x0000001e x25=0x0000f000
       13075000	      1208	80003c18	f458c313	xori	x6,x17,-187	 x17:0x00000000  x6=0xffffff45
       13085000	      1209	80003c1c	717d	c.addi16sp	x2,-16	  x2:0xffffffe0  x2=0xffffffd0
       13095000	      1210	80003c1e	997d	c.andi	x10,-1	 x10:0x00000001 x10=0x00000001
       13105000	      1211	80003c20	8cc9	c.or	x9,x10	  x9:0x00000001 x10:0x00000001  x9=0x00000001
       13115000	      1212	80003c22	15652d13	slti	x26,x10,342	 x10:0x00000001 x26=0x00000001
       13125000	      1213	80003c26	04025263	bge	x4,x0,80003c6a	  x4:0x00000000  x0:0x00000000
       13145000	      1215	80003c6a	8d91	c.sub	x11,x12	 x11:0xfffda39c x12:0x80025ce4 x11=0x7ffb46b8
       13165000	      1217	80003c6c	03124ab3	div	x21,x4,x17	  x4:0x00000000 x17:0x00000000 x21=0xffffffff
       13175000	      1218	80003c70	01526463	bltu	x4,x21,80003c78	  x4:0x00000000 x21:0xffffffff
       13195000	      1220	80003c78	3403bff3	csrrc	x31,mscratch,x7	  x7:0x8000008f x31=0x8000008f
       13205000	      1221	80003c7c	069e	c.slli	x13,0x7	 x13:0x00000000 x13=0x00000000
       13215000	      1222	80003c7e	34002273	csrrs	x4,mscratch,x0	  x0:0x00000000  x4=0x00000000
       13585000	      1259	80003c82	03acddb3	divu	x27,x25,x26	 x25:0x0000f000 x26:0x00000001 x27=0x0000f000
       13595000	      1260	80003c86	82c2	c.mv	x5,x16	  x0:0x00000000 x16:0x00000000  x5=0x00000000
       13965000	      1297	80003c88	03b5e533	rem	x10,x11,x27	 x11:0x7ffb46b8 x27:0x0000f000 x10=0x000076b8
       13975000	      1298	80003c8c	02bd6c63	bltu	x26,x11,80003cc4	 x26:0x00000001 x11:0x7ffb46b8
       13995000	      1300	80003cc4	0ff0000f	fence	iorw,iorw	
       14005000	      1301	80003cc8	6171	c.addi16sp	x2,336	  x2:0xffffffd0  x2=0x00000120
       14015000	      1302	80003cca	0001	c.addi	x0,0	  x0:0x00000000  x0=0x00000000
       14025000	      1303	80003ccc	010e2d33	slt	x26,x28,x16	 x28:0x80021e64 x16:0x00000000 x26=0x00000001
       14035000	      1304	80003cd0	00870033	add	x0,x14,x8	 x14:0x80000089  x8:0x80000000  x0=0x00000000
       14045000	      1305	80003cd4	0079d013	srli	x0,x19,0x7	 x19:0x0000000f  x0=0x00000000
       14055000	      1306	80003cd8	340026f3	csrrs	x13,mscratch,x0	  x0:0x00000000 x13=0x00000000
       14065000	      1307	80003cdc	8ca5	c.xor	x9,x9	  x9:0x00000001  x9:0x00000001  x9=0x00000000
       14075000	      1308	80003cde	8d99	c.sub	x11,x14	 x11:0x7ffb46b8 x14:0x80000089 x11=0xfffb462f
       14085000	      1309	80003ce0	34006973	csrrsi	x18,mscratch,0	 x18=0x00000000
       14095000	      1310	80003ce4	004fcfb3	xor	x31,x31,x4	 x31:0x8000008f  x4:0x00000000 x31=0x8000008f
       14105000	      1311	80003ce8	0001	c.addi	x0,0	  x0:0x00000000  x0=0x00000000
       14115000	      1312	80003cea	0000100f	fence.i	
       14505000	      1351	80003cee	037af933	remu	x18,x21,x23	 x21:0xffffffff x23:0xfff23628 x18=0x000dc9d7
       14515000	      1352	80003cf2	02581263	bne	x16,x5,80003d16	 x16:0x00000000  x5:0x00000000
       14885000	      1389	80003cf6	02a05bb3	divu	x23,x0,x10	  x0:0x00000000 x10:0x000076b8 x23=0x00000000
       14895000	      1390	80003cfa	8556	c.mv	x10,x21	  x0:0x00000000 x21:0xffffffff x10=0xffffffff
       14905000	      1391	80003cfc	0000100f	fence.i	
       14925000	      1393	80003d00	8db9	c.xor	x11,x14	 x11:0xfffb462f x14:0x80000089 x11=0x7ffb46a6
       14935000	      1394	80003d02	813d	c.srli	x10,0xf	 x10:0xffffffff x10=0x0001ffff
       14945000	      1395	80003d04	01b64f63	blt	x12,x27,80003d22	 x12:0x80025ce4 x27:0x0000f000
       14965000	      1397	80003d22	8ed9	c.or	x13,x14	 x13:0x00000000 x14:0x80000089 x13=0x80000089
       15005000	      1401	80003d24	024cbeb3	mulhu	x29,x25,x4	 x25:0x0000f000  x4:0x00000000 x29=0x00000000
       15045000	      1405	80003d28	037f3f33	mulhu	x30,x30,x23	 x30:0x0000000f x23:0x00000000 x30=0x00000000
       15055000	      1406	80003d2c	34001bf3	csrrw	x23,mscratch,x0	  x0:0x00000000 x23=0x00000000
       15065000	      1407	80003d30	004c80b3	add	x1,x25,x4	 x25:0x0000f000  x4:0x00000000  x1=0x0000f000
       15075000	      1408	80003d34	9996	c.add	x19,x5	 x19:0x0000000f  x5:0x00000000 x19=0x0000000f
       15085000	      1409	80003d36	34023cf3	csrrc	x25,mscratch,x4	  x4:0x00000000 x25=0x00000000
       15095000	      1410	80003d3a	edd44193	xori	x3,x8,-291	  x8:0x80000000  x3=0x7ffffedd
       15105000	      1411	80003d3e	34006cf3	csrrsi	x25,mscratch,0	 x25=0x00000000
       15115000	      1412	80003d42	01da9a13	slli	x20,x21,0x1d	 x21:0xffffffff x20=0xe0000000
       15125000	      1413	80003d46	8575	c.srai	x10,0x1d	 x10:0x0001ffff x10=0x00000000
       15135000	      1414	80003d48	8f25	c.xor	x14,x9	 x14:0x80000089  x9:0x00000000 x14=0x80000089
       15145000	      1415	80003d4a	34007373	csrrci	x6,mscratch,0	  x6=0x00000000
       15155000	      1416	80003d4e	00311233	sll	x4,x2,x3	  x2:0x00000120  x3:0x7ffffedd  x4=0x00000000
       15165000	      1417	80003d52	00f6d1b3	srl	x3,x13,x15	 x13:0x80000089 x15:0x00000000  x3=0x80000089
       15535000	      1454	80003d56	03fbc6b3	div	x13,x23,x31	 x23:0x00000000 x31:0x8000008f x13=0x00000000
       15545000	      1455	80003d5a	82b9	c.srli	x13,0xe	 x13:0x00000000 x13=0x00000000
       15555000	      1456	80003d5c	fb79ea13	ori	x20,x19,-73	 x19:0x0000000f x20=0xffffffbf
       15565000	      1457	80003d60	c501	c.beqz	x10,80003d68	 x10:0x00000000
       15585000	      1459	80003d68	34007873	csrrci	x16,mscratch,0	 x16=0x00000000
       15595000	      1460	80003d6c	4dd1	c.li	x27,20	 x27=0x00000014
       15605000	      1461	80003d6e	013321b3	slt	x3,x6,x19	  x6:0x00000000 x19:0x0000000f  x3=0x00000001
       15615000	      1462	80003d72	000f9a93	slli	x21,x31,0x0	 x31:0x8000008f x21=0x8000008f
       15625000	      1463	80003d76	9afd	c.andi	x13,-1	 x13:0x00000000 x13=0x00000000
       15635000	      1464	80003d78	01129b93	slli	x23,x5,0x11	  x5:0x00000000 x23=0x00000000
       15645000	      1465	80003d7c	8d0d	c.sub	x10,x11	 x10:0x00000000 x11:0x7ffb46a6 x10=0x8004b95a
       15655000	      1466	80003d7e	c1390b93	addi	x23,x18,-1005	 x18:0x000dc9d7 x23=0x000dc5ea
       15665000	      1467	80003d82	c0b1	c.beqz	x9,80003dc6	  x9:0x00000000
       15725000	      1473	80003dc6	029a24b3	mulhsu	x9,x20,x9	 x20:0xffffffbf  x9:0x00000000  x9=0x00000000
       15735000	      1474	80003dca	0000100f	fence.i	
       15755000	      1476	80003dce	e309	c.bnez	x14,80003dd0	 x14:0x80000089
       15775000	      1478	80003dd0	e789	c.bnez	x15,80003dda	 x15:0x00000000
       16145000	      1515	80003dd2	03b676b3	remu	x13,x12,x27	 x12:0x80025ce4 x27:0x00000014 x13=0x00000000
       16155000	      1516	80003dd6	00a00563	beq	x0,x10,80003de0	  x0:0x00000000 x10:0x8004b95a
       16165000	      1517	80003dda	004dd593	srli	x11,x27,0x4	 x27:0x00000014 x11=0x00000001
       16175000	      1518	80003dde	8b2e	c.mv	x22,x11	  x0:0x00000000 x11:0x00000001 x22=0x00000001
       16185000	      1519	80003de0	a3f3ce93	xori	x29,x7,-1473	  x7:0x8000008f x29=0x7ffffab0
       16195000	      1520	80003de4	01bf0763	beq	x30,x27,80003df2	 x30:0x00000000 x27:0x00000014
       16205000	      1521	80003de8	0926	c.slli	x18,0x9	 x18:0x000dc9d7 x18=0x1b93ae00
       16215000	      1522	80003dea	9c8a	c.add	x25,x2	 x25:0x00000000  x2:0x00000120 x25=0x00000120
       16225000	      1523	80003dec	8ead	c.xor	x13,x11	 x13:0x00000000 x11:0x00000001 x13=0x00000001
       16235000	      1524	80003dee	345d3793	sltiu	x15,x26,837	 x26:0x00000001 x15=0x00000001
       16245000	      1525	80003df2	340cd973	csrrwi	x18,mscratch,25	 x18=0x00000000
       16255000	      1526	80003df6	8c81	c.sub	x9,x8	  x9:0x00000000  x8:0x80000000  x9=0x80000000
       16265000	      1527	80003df8	3404bb73	csrrc	x22,mscratch,x9	  x9:0x80000000 x22=0x00000019
       16275000	      1528	80003dfc	717d	c.addi16sp	x2,-16	  x2:0x00000120  x2=0x00000110
       16285000	      1529	80003dfe	340ad9f3	csrrwi	x19,mscratch,21	 x19=0x00000019
       16295000	      1530	80003e02	0994	c.addi4spn	x13,x2,208	 x13=0x000001e0
       16665000	      1567	80003e04	039b73b3	remu	x7,x22,x25	 x22:0x00000019 x25:0x00000120  x7=0x00000019
       16675000	      1568	80003e08	002ac033	xor	x0,x21,x2	 x21:0x8000008f  x2:0x00000110  x0=0x00000000
       16685000	      1569	80003e0c	8f81	c.sub	x15,x8	 x15:0x00000001  x8:0x80000000 x15=0x80000001
       16695000	      1570	80003e0e	8d85	c.sub	x11,x9	 x11:0x00000001  x9:0x80000000 x11=0x80000001
       16705000	      1571	80003e10	340073f3	csrrci	x7,mscratch,0	  x7=0x00000015
       16715000	      1572	80003e14	8d5d	c.or	x10,x15	 x10:0x8004b95a x15:0x80000001 x10=0x8004b95b
       16725000	      1573	80003e16	00c56fb3	or	x31,x10,x12	 x10:0x8004b95b x12:0x80025ce4 x31=0x8006fdff
       16735000	      1574	80003e1a	0ff0000f	fence	iorw,iorw	
       16745000	      1575	80003e1e	8531	c.srai	x10,0xc	 x10:0x8004b95b x10=0xfff8004b
       16755000	      1576	80003e20	01a09913	slli	x18,x1,0x1a	  x1:0x0000f000 x18=0x00000000
       16765000	      1577	80003e24	89b1	c.andi	x11,12	 x11:0x80000001 x11=0x00000000
       16775000	      1578	80003e26	0001	c.addi	x0,0	  x0:0x00000000  x0=0x00000000
       16785000	      1579	80003e28	fb6be393	ori	x7,x23,-74	 x23:0x000dc5ea  x7=0xfffffffe
       16795000	      1580	80003e2c	856a	c.mv	x10,x26	  x0:0x00000000 x26:0x00000001 x10=0x00000001
       16805000	      1581	80003e2e	6121	c.addi16sp	x2,64	  x2:0x00000110  x2=0x00000150
       16815000	      1582	80003e30	8f61	c.and	x14,x8	 x14:0x80000089  x8:0x80000000 x14=0x80000000
       16825000	      1583	80003e32	42103093	sltiu	x1,x0,1057	  x0:0x00000000  x1=0x00000001
       16835000	      1584	80003e36	83bd	c.srli	x15,0xf	 x15:0x80000001 x15=0x00010000
       17205000	      1621	80003e38	0281c833	div	x16,x3,x8	  x3:0x00000001  x8:0x80000000 x16=0x00000000
       17215000	      1622	80003e3c	002dcb33	xor	x22,x27,x2	 x27:0x00000014  x2:0x00000150 x22=0x00000144
       17225000	      1623	80003e40	34007073	csrrci	x0,mscratch,0	  x0=0x00000000
       17235000	      1624	80003e44	34003d73	csrrc	x26,mscratch,x0	  x0:0x00000000 x26=0x00000015
       17245000	      1625	80003e48	01b63f33	sltu	x30,x12,x27	 x12:0x80025ce4 x27:0x00000014 x30=0x00000000
       17255000	      1626	80003e4c	5a0bdb97	auipc	x23,0x5a0bd	 x23=0xda0c0e4c
       17285000	      1629	80003e50	02230c33	mul	x24,x6,x2	  x6:0x00000000  x2:0x00000150 x24=0x00000000
       17295000	      1630	80003e54	01b830b3	sltu	x1,x16,x27	 x16:0x00000000 x27:0x00000014  x1=0x00000001
       17305000	      1631	80003e58	8fcd	c.or	x15,x11	 x15:0x00010000 x11:0x00000000 x15=0x00010000
       17315000	      1632	80003e5a	0000100f	fence.i	
       17375000	      1638	80003e5e	03379933	mulh	x18,x15,x19	 x15:0x00010000 x19:0x00000019 x18=0x00000000
       17385000	      1639	80003e62	8776	c.mv	x14,x29	  x0:0x00000000 x29:0x7ffffab0 x14=0x7ffffab0
       17395000	      1640	80003e64	013863b3	or	x7,x16,x19	 x16:0x00000000 x19:0x00000019  x7=0x00000019
       17435000	      1644	80003e68	025abb33	mulhu	x22,x21,x5	 x21:0x8000008f  x5:0x00000000 x22=0x00000000
       17445000	      1645	80003e6c	597d	c.li	x18,-1	 x18=0xffffffff
       17455000	      1646	80003e6e	5969fa37	lui	x20,0x5969f	 x20=0x5969f000
       17465000	      1647	80003e72	3409f6f3	csrrci	x13,mscratch,19	 x13=0x00000015
       17505000	      1651	80003e76	020719b3	mulh	x19,x14,x0	 x14:0x7ffffab0  x0:0x00000000 x19=0x00000000
       17515000	      1652	80003e7a	0155e0b3	or	x1,x11,x21	 x11:0x00000000 x21:0x8000008f  x1=0x8000008f
       17545000	      1655	80003e7e	034e82b3	mul	x5,x29,x20	 x29:0x7ffffab0 x20:0x5969f000  x5=0xfd350000
       17555000	      1656	80003e82	8289	c.srli	x13,0x2	 x13:0x00000015 x13=0x00000005
       17565000	      1657	80003e84	8961	c.andi	x10,24	 x10:0x00000001 x10=0x00000000
       17575000	      1658	80003e86	402bdd13	srai	x26,x23,0x2	 x23:0xda0c0e4c x26=0xf6830393
       17585000	      1659	80003e8a	e399	c.bnez	x15,80003e90	 x15:0x00010000
       17605000	      1661	80003e90	001ccf33	xor	x30,x25,x1	 x25:0x00000120  x1:0x8000008f x30=0x800001af
       17615000	      1662	80003e94	8372	c.mv	x6,x28	  x0:0x00000000 x28:0x80021e64  x6=0x80021e64
       17625000	      1663	80003e96	0c94	c.addi4spn	x13,x2,592	 x13=0x000003a0
       17635000	      1664	80003e98	340067f3	csrrsi	x15,mscratch,0	 x15=0x00000004
       17645000	      1665	80003e9c	6e6a7893	andi	x17,x20,1766	 x20:0x5969f000 x17=0x00000000
       18015000	      1702	80003ea0	023857b3	divu	x15,x16,x3	 x16:0x00000000  x3:0x00000001 x15=0x00000000
       18025000	      1703	80003ea4	015d1463	bne	x26,x21,80003eac	 x26:0xf6830393 x21:0x8000008f
       18045000	      1705	80003eac	438d	c.li	x7,3	  x7=0x00000003
       18055000	      1706	80003eae	8571	c.srai	x10,0x1c	 x10:0x00000000 x10=0x00000000
       18065000	      1707	80003eb0	37691217	auipc	x4,0x37691	  x4=0xb7694eb0
       18075000	      1708	80003eb4	03c58363	beq	x11,x28,80003eda	 x11:0x00000000 x28:0x80021e64
       18085000	      1709	80003eb8	01e379b3	and	x19,x6,x30	  x6:0x80021e64 x30:0x800001af x19=0x80000024
       18095000	      1710	80003ebc	414c5233	sra	x4,x24,x20	 x24:0x00000000 x20:0x5969f000  x4=0x00000000
       18105000	      1711	80003ec0	03b79263	bne	x15,x27,80003ee4	 x15:0x00000000 x27:0x00000014
       18125000	      1713	80003ee4	011b2eb3	slt	x29,x22,x17	 x22:0x00000000 x17:0x00000000 x29=0x00000000
       18135000	      1714	80003ee8	02956b63	bltu	x10,x9,80003f1e	 x10:0x00000000  x9:0x80000000
       18155000	      1716	80003f1e	717d	c.addi16sp	x2,-16	  x2:0x00000150  x2=0x00000140
       18165000	      1717	80003f20	0b6006b7	lui	x13,0xb600	 x13=0x0b600000
       18175000	      1718	80003f24	34017ef3	csrrci	x29,mscratch,2	 x29=0x00000004
       18185000	      1719	80003f28	01b85b93	srli	x23,x16,0x1b	 x16:0x00000000 x23=0x00000000
       18195000	      1720	80003f2c	340dbbf3	csrrc	x23,mscratch,x27	 x27:0x00000014 x23=0x00000004
       18205000	      1721	80003f30	57fd	c.li	x15,-1	 x15=0xffffffff
       18575000	      1758	80003f32	02cadd33	divu	x26,x21,x12	 x21:0x8000008f x12:0x80025ce4 x26=0x00000000
       18585000	      1759	80003f36	00f35813	srli	x16,x6,0xf	  x6:0x80021e64 x16=0x00010004
       18595000	      1760	80003f3a	1c08	c.addi4spn	x10,x2,560	 x10=0x00000370
       18605000	      1761	80003f3c	22eb8db7	lui	x27,0x22eb8	 x27=0x22eb8000
       18645000	      1765	80003f40	03413033	mulhu	x0,x2,x20	  x2:0x00000140 x20:0x5969f000  x0=0x00000000
       18655000	      1766	80003f44	00c3a033	slt	x0,x7,x12	  x7:0x00000003 x12:0x80025ce4  x0=0x00000000
       18665000	      1767	80003f48	0058da93	srli	x21,x17,0x5	 x17:0x00000000 x21=0x00000000
       18675000	      1768	80003f4c	4187d6b3	sra	x13,x15,x24	 x15:0xffffffff x24:0x00000000 x13=0xffffffff
       18685000	      1769	80003f50	002ec9b3	xor	x19,x29,x2	 x29:0x00000004  x2:0x00000140 x19=0x00000144
       18695000	      1770	80003f54	00ee62b3	or	x5,x28,x14	 x28:0x80021e64 x14:0x7ffffab0  x5=0xfffffef4
       18725000	      1773	80003f58	037f0333	mul	x6,x30,x23	 x30:0x800001af x23:0x00000004  x6=0x000006bc
       19095000	      1810	80003f5c	023264b3	rem	x9,x4,x3	  x4:0x00000000  x3:0x00000001  x9=0x00000000
       19105000	      1811	80003f60	41338db3	sub	x27,x7,x19	  x7:0x00000003 x19:0x00000144 x27=0xfffffebf
       19115000	      1812	80003f64	0421f363	bgeu	x3,x2,80003faa	  x3:0x00000001  x2:0x00000140
       19125000	      1813	80003f68	8f31	c.xor	x14,x12	 x14:0x7ffffab0 x12:0x80025ce4 x14=0xfffda654
       19165000	      1817	80003f6a	02ab2233	mulhsu	x4,x22,x10	 x22:0x00000000 x10:0x00000370  x4=0x00000000
       19175000	      1818	80003f6e	01da81b3	add	x3,x21,x29	 x21:0x00000000 x29:0x00000004  x3=0x00000004
       19545000	      1855	80003f72	02f7cf33	div	x30,x15,x15	 x15:0xffffffff x15:0xffffffff x30=0x00000001
       19555000	      1856	80003f76	0275	c.addi	x4,29	  x4:0x00000000  x4=0x0000001d
       19565000	      1857	80003f78	8361	c.srli	x14,0x18	 x14:0xfffda654 x14=0x000000ff
       19605000	      1861	80003f7a	03f014b3	mulh	x9,x0,x31	  x0:0x00000000 x31:0x8006fdff  x9=0x00000000
       19645000	      1865	80003f7e	025eb0b3	mulhu	x1,x29,x5	 x29:0x00000004  x5:0xfffffef4  x1=0x00000003
       20015000	      1902	80003f82	0269d333	divu	x6,x19,x6	 x19:0x00000144  x6:0x000006bc  x6=0x00000000
       20025000	      1903	80003f86	340064f3	csrrsi	x9,mscratch,0	  x9=0x00000000
       20395000	      1940	80003f8a	02535233	divu	x4,x6,x5	  x6:0x00000000  x5:0xfffffef4  x4=0x00000000
       20435000	      1944	80003f8e	023e97b3	mulh	x15,x29,x3	 x29:0x00000004  x3:0x00000004 x15=0x00000000
       20445000	      1945	80003f92	06f8ea37	lui	x20,0x6f8e	 x20=0x06f8e000
       20455000	      1946	80003f96	0ff0000f	fence	iorw,iorw	
       20465000	      1947	80003f9a	8b45	c.andi	x14,17	 x14:0x000000ff x14=0x00000011
       20475000	      1948	80003f9c	015d7133	and	x2,x26,x21	 x26:0x00000000 x21:0x00000000  x2=0x00000000
       20485000	      1949	80003fa0	340cda73	csrrwi	x20,mscratch,25	 x20=0x00000000
       20495000	      1950	80003fa4	0d8c	c.addi4spn	x11,x2,720	 x11=0x000002d0
       20505000	      1951	80003fa6	02e1f663	bgeu	x3,x14,80003fd2	  x3:0x00000004 x14:0x00000011
       20515000	      1952	80003faa	62d57813	andi	x16,x10,1581	 x10:0x00000370 x16=0x00000220
       20525000	      1953	80003fae	8de9	c.and	x11,x10	 x11:0x000002d0 x10:0x00000370 x11=0x00000250
       20535000	      1954	80003fb0	41d5d013	srai	x0,x11,0x1d	 x11:0x00000250  x0=0x00000000
       20545000	      1955	80003fb4	004438b3	sltu	x17,x8,x4	  x8:0x80000000  x4:0x00000000 x17=0x00000000
       20555000	      1956	80003fb8	1706ff13	andi	x30,x13,368	 x13:0xffffffff x30=0x00000170
       20565000	      1957	80003fbc	808a	c.mv	x1,x2	  x0:0x00000000  x2:0x00000000  x1=0x00000000
       20575000	      1958	80003fbe	1b88	c.addi4spn	x10,x2,496	 x10=0x000001f0
       20585000	      1959	80003fc0	34013873	csrrc	x16,mscratch,x2	  x2:0x00000000 x16=0x00000019
       20595000	      1960	80003fc4	004e16b3	sll	x13,x28,x4	 x28:0x80021e64  x4:0x00000000 x13=0x80021e64
       20605000	      1961	80003fc8	5bfd	c.li	x23,-1	 x23=0xffffffff
       20615000	      1962	80003fca	031f1863	bne	x30,x17,80003ffa	 x30:0x00000170 x17:0x00000000
       20635000	      1964	80003ffa	84b1	c.srai	x9,0xc	  x9:0x00000000  x9=0x00000000
       21005000	      2001	80003ffc	0233d833	divu	x16,x7,x3	  x7:0x00000003  x3:0x00000004 x16=0x00000000
       21015000	      2002	80004000	8bbe	c.mv	x23,x15	  x0:0x00000000 x15:0x00000000 x23=0x00000000
       21025000	      2003	80004002	8f55	c.or	x14,x13	 x14:0x00000011 x13:0x80021e64 x14=0x80021e75
       21035000	      2004	80004004	8d01	c.sub	x10,x8	 x10:0x000001f0  x8:0x80000000 x10=0x800001f0
       21045000	      2005	80004006	34086773	csrrsi	x14,mscratch,16	 x14=0x00000019
       21055000	      2006	8000400a	00569113	slli	x2,x13,0x5	 x13:0x80021e64  x2=0x0043cc80
       21095000	      2010	8000400e	028b2733	mulhsu	x14,x22,x8	 x22:0x00000000  x8:0x80000000 x14=0x00000000
       21105000	      2011	80004012	0001	c.addi	x0,0	  x0:0x00000000  x0=0x00000000
       21115000	      2012	80004014	830d	c.srli	x14,0x3	 x14:0x00000000 x14=0x00000000
       21125000	      2013	80004016	3403a073	csrrs	x0,mscratch,x7	  x7:0x00000003  x0=0x00000000
       21495000	      2050	8000401a	03365833	divu	x16,x12,x19	 x12:0x80025ce4 x19:0x00000144 x16=0x006524a1
       21505000	      2051	8000401e	8ca1	c.xor	x9,x8	  x9:0x00000000  x8:0x80000000  x9=0x80000000
       21515000	      2052	80004020	010a	c.slli	x2,0x2	  x2:0x0043cc80  x2=0x010f3200
       21525000	      2053	80004022	6fa5	c.lui	x31,0x9	 x31=0x00009000
       21535000	      2054	80004024	3408a4f3	csrrs	x9,mscratch,x17	 x17:0x00000000  x9=0x0000001b
       21545000	      2055	80004028	0ff0000f	fence	iorw,iorw	
       21555000	      2056	8000402c	001f6d63	bltu	x30,x1,80004046	 x30:0x00000170  x1:0x00000000
       21565000	      2057	80004030	340074f3	csrrci	x9,mscratch,0	  x9=0x0000001b
       21595000	      2060	80004034	03ab8f33	mul	x30,x23,x26	 x23:0x00000000 x26:0x00000000 x30=0x00000000
       21605000	      2061	80004038	010d1513	slli	x10,x26,0x10	 x26:0x00000000 x10=0x00000000
       21615000	      2062	8000403c	8ef9	c.and	x13,x14	 x13:0x80021e64 x14:0x00000000 x13=0x00000000
       21625000	      2063	8000403e	0345f463	bgeu	x11,x20,80004066	 x11:0x00000250 x20:0x00000000
       21685000	      2069	80004066	027b25b3	mulhsu	x11,x22,x7	 x22:0x00000000  x7:0x00000003 x11=0x00000000
       21695000	      2070	8000406a	340a12f3	csrrw	x5,mscratch,x20	 x20:0x00000000  x5=0x0000001b
       21735000	      2074	8000406e	03af39b3	mulhu	x19,x30,x26	 x30:0x00000000 x26:0x00000000 x19=0x00000000
       21745000	      2075	80004072	80c9	c.srli	x9,0x12	  x9:0x0000001b  x9=0x00000000
       21755000	      2076	80004074	34b53c13	sltiu	x24,x10,843	 x10:0x00000000 x24=0x00000001
       21765000	      2077	80004078	34009073	csrrw	x0,mscratch,x1	  x1:0x00000000  x0=0x00000000
       21775000	      2078	8000407c	3400d2f3	csrrwi	x5,mscratch,1	  x5=0x00000000
       21785000	      2079	80004080	34002ef3	csrrs	x29,mscratch,x0	  x0:0x00000000 x29=0x00000001
       21795000	      2080	80004084	ef11	c.bnez	x14,800040a0	 x14:0x00000000
       21815000	      2082	80004086	0357e533	rem	x10,x15,x21	 x15:0x00000000 x21:0x00000000 x10=0x00000000
       21825000	      2083	8000408a	a59afe93	andi	x29,x21,-1447	 x21:0x00000000 x29=0x00000000
       21835000	      2084	8000408e	6111	c.addi16sp	x2,256	  x2:0x010f3200  x2=0x010f3300
       21845000	      2085	80004090	00c65493	srli	x9,x12,0xc	 x12:0x80025ce4  x9=0x00080025
       21855000	      2086	80004094	002267b3	or	x15,x4,x2	  x4:0x00000000  x2:0x010f3300 x15=0x010f3300
       21865000	      2087	80004098	6cc9	c.lui	x25,0x12	 x25=0x00012000
       21875000	      2088	8000409a	b6926213	ori	x4,x4,-1175	  x4:0x00000000  x4=0xfffffb69
       21885000	      2089	8000409e	8e8d	c.sub	x13,x11	 x13:0x00000000 x11:0x00000000 x13=0x00000000
       21895000	      2090	800040a0	6a35	c.lui	x20,0xd	 x20=0x0000d000
       21935000	      2094	800040a2	03f52b33	mulhsu	x22,x10,x31	 x10:0x00000000 x31:0x00009000 x22=0x00000000
       21945000	      2095	800040a6	01f68463	beq	x13,x31,800040ae	 x13:0x00000000 x31:0x00009000
       22315000	      2132	800040aa	023fd2b3	divu	x5,x31,x3	 x31:0x00009000  x3:0x00000004  x5=0x00002400
       22325000	      2133	800040ae	0086b1b3	sltu	x3,x13,x8	 x13:0x00000000  x8:0x80000000  x3=0x00000001
       22335000	      2134	800040b2	8df1	c.and	x11,x12	 x11:0x00000000 x12:0x80025ce4 x11=0x00000000
       22345000	      2135	800040b4	f17e2993	slti	x19,x28,-233	 x28:0x80021e64 x19=0x00000001
       22355000	      2136	800040b8	00122033	slt	x0,x4,x1	  x4:0xfffffb69  x1:0x00000000  x0=0x00000000
       22365000	      2137	800040bc	3404bc73	csrrc	x24,mscratch,x9	  x9:0x00080025 x24=0x00000001
       22375000	      2138	800040c0	41fed133	sra	x2,x29,x31	 x29:0x00000000 x31:0x00009000  x2=0x00000000
       22385000	      2139	800040c4	df2fec17	auipc	x24,0xdf2fe	 x24=0x5f3020c4
       22395000	      2140	800040c8	717d	c.addi16sp	x2,-16	  x2:0x00000000  x2=0xfffffff0
       22405000	      2141	800040ca	966dec93	ori	x25,x27,-1690	 x27:0xfffffebf x25=0xffffffff
       22775000	      2178	800040ce	023576b3	remu	x13,x10,x3	 x10:0x00000000  x3:0x00000001 x13=0x00000000
       22785000	      2179	800040d2	8ff2	c.mv	x31,x28	  x0:0x00000000 x28:0x80021e64 x31=0x80021e64
       22795000	      2180	800040d4	64f9	c.lui	x9,0x1e	  x9=0x0001e000
       22805000	      2181	800040d6	00f4b933	sltu	x18,x9,x15	  x9:0x0001e000 x15:0x010f3300 x18=0x00000001
       22815000	      2182	800040da	cb09	c.beqz	x14,800040ec	 x14:0x00000000
       22835000	      2184	800040ec	83de	c.mv	x7,x23	  x0:0x00000000 x23:0x00000000  x7=0x00000000
       22845000	      2185	800040ee	0f4d	c.addi	x30,19	 x30:0x00000000 x30=0x00000013
       22855000	      2186	800040f0	68e87f93	andi	x31,x16,1678	 x16:0x006524a1 x31=0x00000480
       22865000	      2187	800040f4	82c5	c.srli	x13,0x11	 x13:0x00000000 x13=0x00000000
       22875000	      2188	800040f6	00263ab3	sltu	x21,x12,x2	 x12:0x80025ce4  x2:0xfffffff0 x21=0x00000001
       22905000	      2191	800040fa	023d0b33	mul	x22,x26,x3	 x26:0x00000000  x3:0x00000001 x22=0x00000000
       22915000	      2192	800040fe	00bf32b3	sltu	x5,x30,x11	 x30:0x00000013 x11:0x00000000  x5=0x00000000
       22925000	      2193	80004102	00ddd313	srli	x6,x27,0xd	 x27:0xfffffebf  x6=0x0007ffff
       22935000	      2194	80004106	6bc0a713	slti	x14,x1,1724	  x1:0x00000000 x14=0x00000001
       23305000	      2231	8000410a	039af3b3	remu	x7,x21,x25	 x21:0x00000001 x25:0xffffffff  x7=0x00000001
       23315000	      2232	8000410e	03e5c563	blt	x11,x30,80004138	 x11:0x00000000 x30:0x00000013
       23335000	      2234	80004138	017693b3	sll	x7,x13,x23	 x13:0x00000000 x23:0x00000000  x7=0x00000000
       23345000	      2235	8000413c	40ffd893	srai	x17,x31,0xf	 x31:0x00000480 x17=0x00000000
       23355000	      2236	80004140	0001	c.addi	x0,0	  x0:0x00000000  x0=0x00000000
       23375000	      2238	80004142	025feeb3	rem	x29,x31,x5	 x31:0x00000480  x5:0x00000000 x29=0x00000480
       23385000	      2239	80004146	0109fb33	and	x22,x19,x16	 x19:0x00000001 x16:0x006524a1 x22=0x00000001
       23395000	      2240	8000414a	0001	c.addi	x0,0	  x0:0x00000000  x0=0x00000000
       23405000	      2241	8000414c	01e77733	and	x14,x14,x30	 x14:0x00000001 x30:0x00000013 x14=0x00000001
       23415000	      2242	80004150	851d	c.srai	x10,0x7	 x10:0x00000000 x10=0x00000000
       23425000	      2243	80004152	1188	c.addi4spn	x10,x2,224	 x10=0x000000d0
       23435000	      2244	80004154	8f01	c.sub	x14,x8	 x14:0x00000001  x8:0x80000000 x14=0x80000001
       23445000	      2245	80004156	340f1cf3	csrrw	x25,mscratch,x30	 x30:0x00000013 x25=0x00000000
       23455000	      2246	8000415a	8191	c.srli	x11,0x4	 x11:0x00000000 x11=0x00000000
       23465000	      2247	8000415c	868d	c.srai	x13,0x3	 x13:0x00000000 x13=0x00000000
       23475000	      2248	8000415e	007fec63	bltu	x31,x7,80004176	 x31:0x00000480  x7:0x00000000
       23485000	      2249	80004162	0001	c.addi	x0,0	  x0:0x00000000  x0=0x00000000
       23495000	      2250	80004164	82bd	c.srli	x13,0xf	 x13:0x00000000 x13=0x00000000
       23505000	      2251	80004166	0017f263	bgeu	x15,x1,8000416a	 x15:0x010f3300  x1:0x00000000
       23535000	      2254	8000416a	0c01b013	sltiu	x0,x3,192	  x3:0x00000001  x0=0x00000000
       23545000	      2255	8000416e	189c	c.addi4spn	x15,x2,112	 x15=0x00000060
       23555000	      2256	80004170	0fb2	c.slli	x31,0xc	 x31:0x00000480 x31=0x00480000
       23565000	      2257	80004172	6105	c.addi16sp	x2,32	  x2:0xfffffff0  x2=0x00000010
       23575000	      2258	80004174	8fd5	c.or	x15,x13	 x15:0x00000060 x13:0x00000000 x15=0x00000060
       23585000	      2259	80004176	a3964a93	xori	x21,x12,-1479	 x12:0x80025ce4 x21=0x7ffda6dd
       23595000	      2260	8000417a	0015e033	or	x0,x11,x1	 x11:0x00000000  x1:0x00000000  x0=0x00000000
       23605000	      2261	8000417e	8b15	c.andi	x14,5	 x14:0x80000001 x14=0x00000001
       23635000	      2264	80004180	02338233	mul	x4,x7,x3	  x7:0x00000000  x3:0x00000001  x4=0x00000000
       23645000	      2265	80004184	8cc9	c.or	x9,x10	  x9:0x0001e000 x10:0x000000d0  x9=0x0001e0d0
       23655000	      2266	80004186	927a	c.add	x4,x30	  x4:0x00000000 x30:0x00000013  x4=0x00000013
       23665000	      2267	80004188	00fe0263	beq	x28,x15,8000418c	 x28:0x80021e64 x15:0x00000060
       23675000	      2268	8000418c	f3964017	auipc	x0,0xf3964	  x0=0x00000000
       23715000	      2272	80004190	03121c33	mulh	x24,x4,x17	  x4:0x00000013 x17:0x00000000 x24=0x00000000
       23725000	      2273	80004194	00159093	slli	x1,x11,0x1	 x11:0x00000000  x1=0x00000000
       23745000	      2275	80004198	03a74833	div	x16,x14,x26	 x14:0x00000001 x26:0x00000000 x16=0xffffffff
       23785000	      2279	8000419c	0256b6b3	mulhu	x13,x13,x5	 x13:0x00000000  x5:0x00000000 x13=0x00000000
       23825000	      2283	800041a0	030037b3	mulhu	x15,x0,x16	  x0:0x00000000 x16:0xffffffff x15=0x00000000
       23835000	      2284	800041a4	01481113	slli	x2,x16,0x14	 x16:0xffffffff  x2=0xfff00000
       23845000	      2285	800041a8	40450b33	sub	x22,x10,x4	 x10:0x000000d0  x4:0x00000013 x22=0x000000bd
       23855000	      2286	800041ac	8cf5	c.and	x9,x13	  x9:0x0001e0d0 x13:0x00000000  x9=0x00000000
       23865000	      2287	800041ae	01b48b33	add	x22,x9,x27	  x9:0x00000000 x27:0xfffffebf x22=0xfffffebf
       23875000	      2288	800041b2	819a	c.mv	x3,x6	  x0:0x00000000  x6:0x0007ffff  x3=0x0007ffff
       23915000	      2292	800041b4	0356b0b3	mulhu	x1,x13,x21	 x13:0x00000000 x21:0x7ffda6dd  x1=0x00000000
       23925000	      2293	800041b8	8091	c.srli	x9,0x4	  x9:0x00000000  x9=0x00000000
       23935000	      2294	800041ba	017a5533	srl	x10,x20,x23	 x20:0x0000d000 x23:0x00000000 x10=0x0000d000
       23945000	      2295	800041be	020e7363	bgeu	x28,x0,800041e4	 x28:0x80021e64  x0:0x00000000
       23965000	      2297	800041e4	00b03933	sltu	x18,x0,x11	  x0:0x00000000 x11:0x00000000 x18=0x00000000
       23975000	      2298	800041e8	3409ad73	csrrs	x26,mscratch,x19	 x19:0x00000001 x26=0x00000013
       23985000	      2299	800041ec	94a6	c.add	x9,x9	  x9:0x00000000  x9:0x00000000  x9=0x00000000
       23995000	      2300	800041ee	63c1	c.lui	x7,0x10	  x7=0x00010000
       24005000	      2301	800041f0	0001	c.addi	x0,0	  x0:0x00000000  x0=0x00000000
       24015000	      2302	800041f2	00366fb3	or	x31,x12,x3	 x12:0x80025ce4  x3:0x0007ffff x31=0x8007ffff
       24025000	      2303	800041f6	41b98ab3	sub	x21,x19,x27	 x19:0x00000001 x27:0xfffffebf x21=0x00000142
       24065000	      2307	800041fa	0312bd33	mulhu	x26,x5,x17	  x5:0x00000000 x17:0x00000000 x26=0x00000000
       24075000	      2308	800041fe	023e7c63	bgeu	x28,x3,80004236	 x28:0x80021e64  x3:0x0007ffff
       24105000	      2311	80004236	40240bb3	sub	x23,x8,x2	  x8:0x80000000  x2:0xfff00000 x23=0x80100000
       24135000	      2314	8000423a	02ad0a33	mul	x20,x26,x10	 x26:0x00000000 x10:0x0000d000 x20=0x00000000
       24145000	      2315	8000423e	015da4b3	slt	x9,x27,x21	 x27:0xfffffebf x21:0x00000142  x9=0x00000001
       24515000	      2352	80004242	03f767b3	rem	x15,x14,x31	 x14:0x00000001 x31:0x8007ffff x15=0x00000001
       24525000	      2353	80004246	0155e033	or	x0,x11,x21	 x11:0x00000000 x21:0x00000142  x0=0x00000000
       24535000	      2354	8000424a	0ff0000f	fence	iorw,iorw	
       24545000	      2355	8000424e	0ff0000f	fence	iorw,iorw	
       24555000	      2356	80004252	003cd363	bge	x25,x3,80004258	 x25:0x00000000  x3:0x0007ffff
       24565000	      2357	80004256	0a88	c.addi4spn	x10,x2,336	 x10=0xfff00150
       24575000	      2358	80004258	01e3d133	srl	x2,x7,x30	  x7:0x00010000 x30:0x00000013  x2=0x00000000
       24585000	      2359	8000425c	8fc5	c.or	x15,x9	 x15:0x00000001  x9:0x00000001 x15=0x00000001
       24595000	      2360	8000425e	340adff3	csrrwi	x31,mscratch,21	 x31=0x00000013
       24965000	      2397	80004262	0262d2b3	divu	x5,x5,x6	  x5:0x00000000  x6:0x0007ffff  x5=0x00000000
       24975000	      2398	80004266	005144b3	xor	x9,x2,x5	  x2:0x00000000  x5:0x00000000  x9=0x00000000
       24985000	      2399	8000426a	8dc1	c.or	x11,x8	 x11:0x00000000  x8:0x80000000 x11=0x80000000
       24995000	      2400	8000426c	e1a9	c.bnez	x11,800042ae	 x11:0x80000000
       25025000	      2403	800042ae	d2584b13	xori	x22,x16,-731	 x16:0xffffffff x22=0x000002da
       25035000	      2404	800042b2	41f50d33	sub	x26,x10,x31	 x10:0xfff00150 x31:0x00000013 x26=0xfff0013d
       25045000	      2405	800042b6	2496ed93	ori	x27,x13,585	 x13:0x00000000 x27=0x00000249
       25055000	      2406	800042ba	340033f3	csrrc	x7,mscratch,x0	  x0:0x00000000  x7=0x00000015
       25065000	      2407	800042be	c8b07913	andi	x18,x0,-885	  x0:0x00000000 x18=0x00000000
       25075000	      2408	800042c2	879d	c.srai	x15,0x7	 x15:0x00000001 x15=0x00000000
       25085000	      2409	800042c4	b2734713	xori	x14,x6,-1241	  x6:0x0007ffff x14=0xfff804d8
       25095000	      2410	800042c8	ee99	c.bnez	x13,800042e6	 x13:0x00000000
       25105000	      2411	800042ca	006bd033	srl	x0,x23,x6	 x23:0x80100000  x6:0x0007ffff  x0=0x00000000
       25145000	      2415	800042ce	03ed9ab3	mulh	x21,x27,x30	 x27:0x00000249 x30:0x00000013 x21=0x00000000
       25155000	      2416	800042d2	01376133	or	x2,x14,x19	 x14:0xfff804d8 x19:0x00000001  x2=0xfff804d9
       25165000	      2417	800042d6	0006d4b3	srl	x9,x13,x0	 x13:0x00000000  x0:0x00000000  x9=0x00000000
       25175000	      2418	800042da	9d16	c.add	x26,x5	 x26:0xfff0013d  x5:0x00000000 x26=0xfff0013d
       25185000	      2419	800042dc	0cce	c.slli	x25,0x13	 x25:0x00000000 x25=0x00000000
       25195000	      2420	800042de	3404a5f3	csrrs	x11,mscratch,x9	  x9:0x00000000 x11=0x00000015
       25235000	      2424	800042e2	031ab233	mulhu	x4,x21,x17	 x21:0x00000000 x17:0x00000000  x4=0x00000000
       25245000	      2425	800042e6	0000100f	fence.i	
       25275000	      2428	800042ea	40eedf13	srai	x30,x29,0xe	 x29:0x00000480 x30=0x00000000
       25285000	      2429	800042ee	015cc1b3	xor	x3,x25,x21	 x25:0x00000000 x21:0x00000000  x3=0x00000000
       25325000	      2433	800042f2	031d16b3	mulh	x13,x26,x17	 x26:0xfff0013d x17:0x00000000 x13=0x00000000
       25335000	      2434	800042f6	e795	c.bnez	x15,80004322	 x15:0x00000000
       25345000	      2435	800042f8	9bfd	c.andi	x15,-1	 x15:0x00000000 x15=0x00000000
       25355000	      2436	800042fa	01661093	slli	x1,x12,0x16	 x12:0x80025ce4  x1=0x39000000
       25365000	      2437	800042fe	8319	c.srli	x14,0x6	 x14:0xfff804d8 x14=0x03ffe013
       25375000	      2438	80004300	01504e63	blt	x0,x21,8000431c	  x0:0x00000000 x21:0x00000000
       25385000	      2439	80004304	0ff0000f	fence	iorw,iorw	
       25405000	      2441	80004308	032dd5b3	divu	x11,x27,x18	 x27:0x00000249 x18:0x00000000 x11=0xffffffff
       25415000	      2442	8000430c	012feeb3	or	x29,x31,x18	 x31:0x00000013 x18:0x00000000 x29=0x00000013
       25425000	      2443	80004310	00536bb3	or	x23,x6,x5	  x6:0x0007ffff  x5:0x00000000 x23=0x0007ffff
       25435000	      2444	80004314	41155a33	sra	x20,x10,x17	 x10:0xfff00150 x17:0x00000000 x20=0xfff00150
       25445000	      2445	80004318	0119dc93	srli	x25,x19,0x11	 x19:0x00000001 x25=0x00000000
       25455000	      2446	8000431c	59fd	c.li	x19,-1	 x19=0xffffffff
       25465000	      2447	8000431e	00ca1193	slli	x3,x20,0xc	 x20:0xfff00150  x3=0x00150000
       25475000	      2448	80004322	f89ab993	sltiu	x19,x21,-119	 x21:0x00000000 x19=0x00000001
       25515000	      2452	80004326	03dcb233	mulhu	x4,x25,x29	 x25:0x00000000 x29:0x00000013  x4=0x00000000
       25525000	      2453	8000432a	34007273	csrrci	x4,mscratch,0	  x4=0x00000015
       25535000	      2454	8000432e	3405bf73	csrrc	x30,mscratch,x11	 x11:0xffffffff x30=0x00000015
       25545000	      2455	80004332	8ed1	c.or	x13,x12	 x13:0x00000000 x12:0x80025ce4 x13=0x80025ce4
       25555000	      2456	80004334	34002ef3	csrrs	x29,mscratch,x0	  x0:0x00000000 x29=0x00000000
       25565000	      2457	80004338	01da1f33	sll	x30,x20,x29	 x20:0xfff00150 x29:0x00000000 x30=0xfff00150
       25575000	      2458	8000433c	0135c663	blt	x11,x19,80004348	 x11:0xffffffff x19:0x00000001
       25595000	      2460	80004348	01914663	blt	x2,x25,80004354	  x2:0xfff804d9 x25:0x00000000
       25615000	      2462	80004354	e185	c.bnez	x11,80004374	 x11:0xffffffff
       25665000	      2467	80004374	02e49cb3	mulh	x25,x9,x14	  x9:0x00000000 x14:0x03ffe013 x25=0x00000000
       25675000	      2468	80004378	00ad5713	srli	x14,x26,0xa	 x26:0xfff0013d x14=0x003ffc00
       25685000	      2469	8000437c	99d66717	auipc	x14,0x99d66	 x14=0x19d6a37c
       25695000	      2470	80004380	00661363	bne	x12,x6,80004386	 x12:0x80025ce4  x6:0x0007ffff
       25715000	      2472	80004386	8d9d	c.sub	x11,x15	 x11:0xffffffff x15:0x00000000 x11=0xffffffff
       25725000	      2473	80004388	8f41	c.or	x14,x8	 x14:0x19d6a37c  x8:0x80000000 x14=0x99d6a37c
       25735000	      2474	8000438a	04506563	bltu	x0,x5,800043d4	  x0:0x00000000  x5:0x00000000
       25745000	      2475	8000438e	02310763	beq	x2,x3,800043bc	  x2:0xfff804d9  x3:0x00150000
       25755000	      2476	80004392	e7bb8c13	addi	x24,x23,-389	 x23:0x0007ffff x24=0x0007fe7a
       25765000	      2477	80004396	02997163	bgeu	x18,x9,800043b8	 x18:0x00000000  x9:0x00000000
       25805000	      2481	800043b8	025d0333	mul	x6,x26,x5	 x26:0xfff0013d  x5:0x00000000  x6=0x00000000
       25825000	      2483	800043bc	039f5a33	divu	x20,x30,x25	 x30:0xfff00150 x25:0x00000000 x20=0xffffffff
       25835000	      2484	800043c0	000a5733	srl	x14,x20,x0	 x20:0xffffffff  x0:0x00000000 x14=0xffffffff
       25845000	      2485	800043c4	00e149b3	xor	x19,x2,x14	  x2:0xfff804d9 x14:0xffffffff x19=0x0007fb26
       25865000	      2487	800043c8	02fcf6b3	remu	x13,x25,x15	 x25:0x00000000 x15:0x00000000 x13=0x00000000
       25875000	      2488	800043cc	00fe9b63	bne	x29,x15,800043e2	 x29:0x00000000 x15:0x00000000
       25885000	      2489	800043d0	66f1	c.lui	x13,0x1c	 x13=0x0001c000
       25895000	      2490	800043d2	86be	c.mv	x13,x15	  x0:0x00000000 x15:0x00000000 x13=0x00000000
       25905000	      2491	800043d4	4cfa0197	auipc	x3,0x4cfa0	  x3=0xccfa43d4
       25915000	      2492	800043d8	1918	c.addi4spn	x14,x2,176	 x14=0xfff80589
       25925000	      2493	800043da	0000100f	fence.i	
       25955000	      2496	800043de	0fd9b313	sltiu	x6,x19,253	 x19:0x0007fb26  x6=0x00000000
       25965000	      2497	800043e2	01ad96b3	sll	x13,x27,x26	 x27:0x00000249 x26:0xfff0013d x13=0x20000000
       25975000	      2498	800043e6	01c6d7b3	srl	x15,x13,x28	 x13:0x20000000 x28:0x80021e64 x15=0x02000000
       26345000	      2535	800043ea	03cc65b3	rem	x11,x24,x28	 x24:0x0007fe7a x28:0x80021e64 x11=0x0007fe7a
       26355000	      2536	800043ee	00e1b2b3	sltu	x5,x3,x14	  x3:0xccfa43d4 x14:0xfff80589  x5=0x00000001
       26365000	      2537	800043f2	340e31f3	csrrc	x3,mscratch,x28	 x28:0x80021e64  x3=0x00000000
       26405000	      2541	800043f6	0238aeb3	mulhsu	x29,x17,x3	 x17:0x00000000  x3:0x00000000 x29=0x00000000
       26415000	      2542	800043fa	340077f3	csrrci	x15,mscratch,0	 x15=0x00000000
       26435000	      2544	800043fe	023be6b3	rem	x13,x23,x3	 x23:0x0007ffff  x3:0x00000000 x13=0x0007ffff
       26445000	      2545	80004402	0246	c.slli	x4,0x11	  x4:0x00000015  x4=0x002a0000
       26455000	      2546	80004404	717d	c.addi16sp	x2,-16	  x2:0xfff804d9  x2=0xfff804c9
       26825000	      2583	80004406	02b1c033	div	x0,x3,x11	  x3:0x00000000 x11:0x0007fe7a  x0=0x00000000
       26835000	      2584	8000440a	03d91a63	bne	x18,x29,8000443e	 x18:0x00000000 x29:0x00000000
       26845000	      2585	8000440e	4865	c.li	x16,25	 x16=0x00000019
       26855000	      2586	80004410	15fd	c.addi	x11,-1	 x11:0x0007fe7a x11=0x0007fe79
       26865000	      2587	80004412	ce213517	auipc	x10,0xce213	 x10=0x4e217412
       26875000	      2588	80004416	8ea5	c.xor	x13,x9	 x13:0x0007ffff  x9:0x00000000 x13=0x0007ffff
       26885000	      2589	80004418	00e1da13	srli	x20,x3,0xe	  x3:0x00000000 x20=0x00000000
       26915000	      2592	8000441c	03650933	mul	x18,x10,x22	 x10:0x4e217412 x22:0x000002da x18=0xcb64fb54
       26925000	      2593	80004420	8c9d	c.sub	x9,x15	  x9:0x00000000 x15:0x00000000  x9=0x00000000
       26935000	      2594	80004422	0001	c.addi	x0,0	  x0:0x00000000  x0=0x00000000
       27305000	      2631	80004424	021e78b3	remu	x17,x28,x1	 x28:0x80021e64  x1:0x39000000 x17=0x0e021e64
       27315000	      2632	80004428	8cc9	c.or	x9,x10	  x9:0x00000000 x10:0x4e217412  x9=0x4e217412
       27355000	      2636	8000442a	037ab6b3	mulhu	x13,x21,x23	 x21:0x00000000 x23:0x0007ffff x13=0x00000000
       27365000	      2637	8000442e	84e9	c.srai	x9,0x1a	  x9:0x4e217412  x9=0x00000013
       27375000	      2638	80004430	00601e93	slli	x29,x0,0x6	  x0:0x00000000 x29=0x00000000
       27385000	      2639	80004434	99fd	c.andi	x11,-1	 x11:0x0007fe79 x11=0x0007fe79
       27415000	      2642	80004436	038902b3	mul	x5,x18,x24	 x18:0xcb64fb54 x24:0x0007fe7a  x5=0xfec91e08
       27425000	      2643	8000443a	8d45	c.or	x10,x9	 x10:0x4e217412  x9:0x00000013 x10=0x4e217413
       27435000	      2644	8000443c	e199	c.bnez	x11,80004442	 x11:0x0007fe79
       27465000	      2647	80004442	4b5eff37	lui	x30,0x4b5ef	 x30=0x4b5ef000
       27475000	      2648	80004446	00901593	slli	x11,x0,0x9	  x0:0x00000000 x11=0x00000000
       27485000	      2649	8000444a	002750b3	srl	x1,x14,x2	 x14:0xfff80589  x2:0xfff804c9  x1=0x007ffc02
       27495000	      2650	8000444e	245c0f93	addi	x31,x24,581	 x24:0x0007fe7a x31=0x000800bf
       27505000	      2651	80004452	01789593	slli	x11,x17,0x17	 x17:0x0e021e64 x11=0x32000000
       27515000	      2652	80004456	009a8a63	beq	x21,x9,8000446a	 x21:0x00000000  x9:0x00000013
       27525000	      2653	8000445a	019f1d33	sll	x26,x30,x25	 x30:0x4b5ef000 x25:0x00000000 x26=0x4b5ef000
       27535000	      2654	8000445e	38134713	xori	x14,x6,897	  x6:0x00000000 x14=0x00000381
       27545000	      2655	80004462	01579b63	bne	x15,x21,80004478	 x15:0x00000000 x21:0x00000000
       27555000	      2656	80004466	03a18663	beq	x3,x26,80004492	  x3:0x00000000 x26:0x4b5ef000
       27565000	      2657	8000446a	527d	c.li	x4,-1	  x4=0xffffffff
       27575000	      2658	8000446c	a068b913	sltiu	x18,x17,-1530	 x17:0x0e021e64 x18=0x00000001
       27605000	      2661	80004470	03270933	mul	x18,x14,x18	 x14:0x00000381 x18:0x00000001 x18=0x00000381
       27615000	      2662	80004474	004adf13	srli	x30,x21,0x4	 x21:0x00000000 x30=0x00000000
       27625000	      2663	80004478	0001	c.addi	x0,0	  x0:0x00000000  x0=0x00000000
       27635000	      2664	8000447a	34043b73	csrrc	x22,mscratch,x8	  x8:0x80000000 x22=0x00000000
       27645000	      2665	8000447e	02524763	blt	x4,x5,800044ac	  x4:0xffffffff  x5:0xfec91e08
       27655000	      2666	80004482	00280d33	add	x26,x16,x2	 x16:0x00000019  x2:0xfff804c9 x26=0xfff804e2
       27665000	      2667	80004486	409c8fb3	sub	x31,x25,x9	 x25:0x00000000  x9:0x00000013 x31=0xffffffed
       27675000	      2668	8000448a	04961063	bne	x12,x9,800044ca	 x12:0x80025ce4  x9:0x00000013
       27705000	      2671	800044ca	02a65363	bge	x12,x10,800044f0	 x12:0x80025ce4 x10:0x4e217413
       27715000	      2672	800044ce	340f11f3	csrrw	x3,mscratch,x30	 x30:0x00000000  x3=0x00000000
       27725000	      2673	800044d2	717d	c.addi16sp	x2,-16	  x2:0xfff804c9  x2=0xfff804b9
       27745000	      2675	800044d4	03eedc33	divu	x24,x29,x30	 x29:0x00000000 x30:0x00000000 x24=0xffffffff
       27755000	      2676	800044d8	6fb1	c.lui	x31,0xc	 x31=0x0000c000
       27765000	      2677	800044da	006682b3	add	x5,x13,x6	 x13:0x00000000  x6:0x00000000  x5=0x00000000
       27775000	      2678	800044de	06330193	addi	x3,x6,99	  x6:0x00000000  x3=0x00000063
       27785000	      2679	800044e2	00818b33	add	x22,x3,x8	  x3:0x00000063  x8:0x80000000 x22=0x80000063
       27795000	      2680	800044e6	01b0d333	srl	x6,x1,x27	  x1:0x007ffc02 x27:0x00000249  x6=0x00003ffe
       27805000	      2681	800044ea	340fdd73	csrrwi	x26,mscratch,31	 x26=0x00000000
       27815000	      2682	800044ee	0fe6	c.slli	x31,0x19	 x31:0x0000c000 x31=0x00000000
       27855000	      2686	800044f0	02eaab33	mulhsu	x22,x21,x14	 x21:0x00000000 x14:0x00000381 x22=0x00000000
       27885000	      2689	800044f4	03ca0fb3	mul	x31,x20,x28	 x20:0x00000000 x28:0x80021e64 x31=0x00000000
       27895000	      2690	800044f8	00288cb3	add	x25,x17,x2	 x17:0x0e021e64  x2:0xfff804b9 x25=0x0dfa231d
       27905000	      2691	800044fc	6ad1	c.lui	x21,0x14	 x21=0x00014000
       27935000	      2694	800044fe	024b00b3	mul	x1,x22,x4	 x22:0x00000000  x4:0xffffffff  x1=0x00000000
       27945000	      2695	80004502	81d1	c.srli	x11,0x14	 x11:0x32000000 x11=0x00000320
       27955000	      2696	80004504	34052ef3	csrrs	x29,mscratch,x10	 x10:0x4e217413 x29=0x0000001f
       27965000	      2697	80004508	02581c63	bne	x16,x5,80004540	 x16:0x00000019  x5:0x00000000
       27985000	      2699	80004540	00c56133	or	x2,x10,x12	 x10:0x4e217413 x12:0x80025ce4  x2=0xce237cf7
       27995000	      2700	80004544	0ff0000f	fence	iorw,iorw	
       28005000	      2701	80004548	340028f3	csrrs	x17,mscratch,x0	  x0:0x00000000 x17=0x4e21741f
       28015000	      2702	8000454c	8eb5	c.xor	x13,x13	 x13:0x00000000 x13:0x00000000 x13=0x00000000
       28025000	      2703	8000454e	8d55	c.or	x10,x13	 x10:0x4e217413 x13:0x00000000 x10=0x4e217413
       28035000	      2704	80004550	0122a9b3	slt	x19,x5,x18	  x5:0x00000000 x18:0x00000381 x19=0x00000001
       28045000	      2705	80004554	0000100f	fence.i	
       28065000	      2707	80004558	00e8b8b3	sltu	x17,x17,x14	 x17:0x4e21741f x14:0x00000381 x17=0x00000000
       28095000	      2710	8000455c	037b0eb3	mul	x29,x22,x23	 x22:0x00000000 x23:0x0007ffff x29=0x00000000
       28105000	      2711	80004560	00f76363	bltu	x14,x15,80004566	 x14:0x00000381 x15:0x00000000
       28115000	      2712	80004564	8cf5	c.and	x9,x13	  x9:0x00000013 x13:0x00000000  x9=0x00000000
       28125000	      2713	80004566	0000100f	fence.i	
       28155000	      2716	8000456a	0009c7b3	xor	x15,x19,x0	 x19:0x00000001  x0:0x00000000 x15=0x00000001
       28165000	      2717	8000456e	0072fe63	bgeu	x5,x7,8000458a	  x5:0x00000000  x7:0x00000015
       28175000	      2718	80004572	0001	c.addi	x0,0	  x0:0x00000000  x0=0x00000000
       28185000	      2719	80004574	406a8db3	sub	x27,x21,x6	 x21:0x00014000  x6:0x00003ffe x27=0x00010002
       28195000	      2720	80004578	0001	c.addi	x0,0	  x0:0x00000000  x0=0x00000000
       28205000	      2721	8000457a	8ded	c.and	x11,x11	 x11:0x00000320 x11:0x00000320 x11=0x00000320
       28215000	      2722	8000457c	ef09	c.bnez	x14,80004596	 x14:0x00000381
       28255000	      2726	80004596	03daedb3	rem	x27,x21,x29	 x21:0x00014000 x29:0x00000000 x27=0x00014000
       28295000	      2730	8000459a	02b91533	mulh	x10,x18,x11	 x18:0x00000381 x11:0x00000320 x10=0x00000000
       28305000	      2731	8000459e	0ff0000f	fence	iorw,iorw	
       28315000	      2732	800045a2	34003073	csrrc	x0,mscratch,x0	  x0:0x00000000  x0=0x00000000
       28325000	      2733	800045a6	0051bd33	sltu	x26,x3,x5	  x3:0x00000063  x5:0x00000000 x26=0x00000000
       28335000	      2734	800045aa	8c89	c.sub	x9,x10	  x9:0x00000000 x10:0x00000000  x9=0x00000000
       28345000	      2735	800045ac	017a41b3	xor	x3,x20,x23	 x20:0x00000000 x23:0x0007ffff  x3=0x0007ffff
       28355000	      2736	800045b0	340413f3	csrrw	x7,mscratch,x8	  x8:0x80000000  x7=0x4e21741f
       28365000	      2737	800045b4	34045873	csrrwi	x16,mscratch,8	 x16=0x80000000
       28375000	      2738	800045b8	64c5	c.lui	x9,0x11	  x9=0x00011000
       28385000	      2739	800045ba	0008d8b3	srl	x17,x17,x0	 x17:0x00000000  x0:0x00000000 x17=0x00000000
       28395000	      2740	800045be	01544c63	blt	x8,x21,800045d6	  x8:0x80000000 x21:0x00014000
       28425000	      2743	800045d6	00399e93	slli	x29,x19,0x3	 x19:0x00000001 x29=0x00000008
       28435000	      2744	800045da	58fd	c.li	x17,-1	 x17=0xffffffff
       28445000	      2745	800045dc	408a02b3	sub	x5,x20,x8	 x20:0x00000000  x8:0x80000000  x5=0x80000000
       28455000	      2746	800045e0	0001	c.addi	x0,0	  x0:0x00000000  x0=0x00000000
       28465000	      2747	800045e2	01fbb333	sltu	x6,x23,x31	 x23:0x0007ffff x31:0x00000000  x6=0x00000000
       28475000	      2748	800045e6	03afe663	bltu	x31,x26,80004612	 x31:0x00000000 x26:0x00000000
       28485000	      2749	800045ea	34f7f993	andi	x19,x15,847	 x15:0x00000001 x19=0x00000001
       28495000	      2750	800045ee	7dc2c797	auipc	x15,0x7dc2c	 x15=0xfdc305ee
       28505000	      2751	800045f2	34006a73	csrrsi	x20,mscratch,0	 x20=0x00000008
       28515000	      2752	800045f6	34029d73	csrrw	x26,mscratch,x5	  x5:0x80000000 x26=0x00000008
       28525000	      2753	800045fa	3f144693	xori	x13,x8,1009	  x8:0x80000000 x13=0x800003f1
       28535000	      2754	800045fe	00f1d1b3	srl	x3,x3,x15	  x3:0x0007ffff x15:0xfdc305ee  x3=0x0000001f
       28575000	      2758	80004602	03981033	mulh	x0,x16,x25	 x16:0x80000000 x25:0x0dfa231d  x0=0x00000000
       28585000	      2759	80004606	03b85363	bge	x16,x27,8000462c	 x16:0x80000000 x27:0x00014000
       28595000	      2760	8000460a	321aea93	ori	x21,x21,801	 x21:0x00014000 x21=0x00014321
       28605000	      2761	8000460e	340294f3	csrrw	x9,mscratch,x5	  x5:0x80000000  x9=0x80000000
       28615000	      2762	80004612	88a9	c.andi	x9,10	  x9:0x80000000  x9=0x00000000
       28625000	      2763	80004614	8ca5	c.xor	x9,x9	  x9:0x00000000  x9:0x00000000  x9=0x00000000
       28635000	      2764	80004616	8d19	c.sub	x10,x14	 x10:0x00000000 x14:0x00000381 x10=0xfffffc7f
       28645000	      2765	80004618	002654b3	srl	x9,x12,x2	 x12:0x80025ce4  x2:0xce237cf7  x9=0x00000100
       28655000	      2766	8000461c	340d5df3	csrrwi	x27,mscratch,26	 x27=0x80000000
       28665000	      2767	80004620	01ad76b3	and	x13,x26,x26	 x26:0x00000008 x26:0x00000008 x13=0x00000008
       28705000	      2771	80004624	03a59f33	mulh	x30,x11,x26	 x11:0x00000320 x26:0x00000008 x30=0x00000000
       28715000	      2772	80004628	8f01	c.sub	x14,x8	 x14:0x00000381  x8:0x80000000 x14=0x80000381
       28725000	      2773	8000462a	8549	c.srai	x10,0x12	 x10:0xfffffc7f x10=0xffffffff
       28765000	      2777	8000462c	02a99cb3	mulh	x25,x19,x10	 x19:0x00000001 x10:0xffffffff x25=0xffffffff
       28775000	      2778	80004630	58246313	ori	x6,x8,1410	  x8:0x80000000  x6=0x80000582
       28785000	      2779	80004634	00675363	bge	x14,x6,8000463a	 x14:0x80000381  x6:0x80000582
       28795000	      2780	80004638	c695	c.beqz	x13,80004664	 x13:0x00000008
       28805000	      2781	8000463a	c099	c.beqz	x9,80004640	  x9:0x00000100
       28815000	      2782	8000463c	2604d7b7	lui	x15,0x2604d	 x15=0x2604d000
       28825000	      2783	80004640	01e8d0b3	srl	x1,x17,x30	 x17:0xffffffff x30:0x00000000  x1=0xffffffff
       28835000	      2784	80004644	83d5	c.srli	x15,0x15	 x15:0x2604d000 x15=0x00000130
       28845000	      2785	80004646	e519	c.bnez	x10,80004654	 x10:0xffffffff
       28865000	      2787	80004654	8d79	c.and	x10,x14	 x10:0xffffffff x14:0x80000381 x10=0x80000381
       28875000	      2788	80004656	83fa	c.mv	x7,x30	  x0:0x00000000 x30:0x00000000  x7=0x00000000
       28885000	      2789	80004658	00f47933	and	x18,x8,x15	  x8:0x80000000 x15:0x00000130 x18=0x00000000
       28895000	      2790	8000465c	40e183b3	sub	x7,x3,x14	  x3:0x0000001f x14:0x80000381  x7=0x7ffffc9e
       28905000	      2791	80004660	0001	c.addi	x0,0	  x0:0x00000000  x0=0x00000000
       28915000	      2792	80004662	0152	c.slli	x2,0x14	  x2:0xce237cf7  x2=0xcf700000
       28925000	      2793	80004664	340037f3	csrrc	x15,mscratch,x0	  x0:0x00000000 x15=0x0000001a
       28935000	      2794	80004668	8ce1	c.and	x9,x8	  x9:0x00000100  x8:0x80000000  x9=0x00000000
       28945000	      2795	8000466a	03956e63	bltu	x10,x25,800046a6	 x10:0x80000381 x25:0xffffffff
       28975000	      2798	800046a6	0ff0000f	fence	iorw,iorw	
       28985000	      2799	800046aa	8791	c.srai	x15,0x4	 x15:0x0000001a x15=0x00000001
       28995000	      2800	800046ac	bfe68d13	addi	x26,x13,-1026	 x13:0x00000008 x26=0xfffffc06
       29005000	      2801	800046b0	340338f3	csrrc	x17,mscratch,x6	  x6:0x80000582 x17=0x0000001a
       29015000	      2802	800046b4	0088a133	slt	x2,x17,x8	 x17:0x0000001a  x8:0x80000000  x2=0x00000000
       29025000	      2803	800046b8	02ba7363	bgeu	x20,x11,800046de	 x20:0x00000008 x11:0x00000320
       29035000	      2804	800046bc	9b32	c.add	x22,x12	 x22:0x00000000 x12:0x80025ce4 x22=0x80025ce4
       29065000	      2807	800046be	03150cb3	mul	x25,x10,x17	 x10:0x80000381 x17:0x0000001a x25=0x00005b1a
       29075000	      2808	800046c2	67a22e93	slti	x29,x4,1658	  x4:0xffffffff x29=0x00000001
       29085000	      2809	800046c6	81b50b97	auipc	x23,0x81b50	 x23=0x01b546c6
       29095000	      2810	800046ca	0079b5b3	sltu	x11,x19,x7	 x19:0x00000001  x7:0x7ffffc9e x11=0x00000001
       29105000	      2811	800046ce	e289	c.bnez	x13,800046d0	 x13:0x00000008
       29125000	      2813	800046d0	3408bb73	csrrc	x22,mscratch,x17	 x17:0x0000001a x22=0x00000018
       29135000	      2814	800046d4	0001	c.addi	x0,0	  x0:0x00000000  x0=0x00000000
       29145000	      2815	800046d6	41b65cb3	sra	x25,x12,x27	 x12:0x80025ce4 x27:0x80000000 x25=0x80025ce4
       29155000	      2816	800046da	ca37b913	sltiu	x18,x15,-861	 x15:0x00000001 x18=0x00000001
       29165000	      2817	800046de	7721a813	slti	x16,x3,1906	  x3:0x0000001f x16=0x00000001
       29175000	      2818	800046e2	1d7d	c.addi	x26,-1	 x26:0xfffffc06 x26=0xfffffc05
       29185000	      2819	800046e4	01750c63	beq	x10,x23,800046fc	 x10:0x80000381 x23:0x01b546c6
       29195000	      2820	800046e8	c715	c.beqz	x14,80004714	 x14:0x80000381
       29205000	      2821	800046ea	69f3b197	auipc	x3,0x69f3b	  x3=0xe9f3f6ea
       29225000	      2823	800046ee	029dca33	div	x20,x27,x9	 x27:0x80000000  x9:0x00000000 x20=0xffffffff
       29235000	      2824	800046f2	050a	c.slli	x10,0x2	 x10:0x80000381 x10=0x00000e04
       29245000	      2825	800046f4	00509333	sll	x6,x1,x5	  x1:0xffffffff  x5:0x80000000  x6=0xffffffff
       29255000	      2826	800046f8	f87ef7b7	lui	x15,0xf87ef	 x15=0xf87ef000
       29265000	      2827	800046fc	018ee5b3	or	x11,x29,x24	 x29:0x00000001 x24:0xffffffff x11=0xffffffff
       29275000	      2828	80004700	6a05	c.lui	x20,0x1	 x20=0x00001000
       29285000	      2829	80004702	8755c813	xori	x16,x11,-1931	 x11:0xffffffff x16=0x0000078a
       29295000	      2830	80004706	0129cdb3	xor	x27,x19,x18	 x19:0x00000001 x18:0x00000001 x27=0x00000000
       29305000	      2831	8000470a	0ff0000f	fence	iorw,iorw	
       29315000	      2832	8000470e	352bab13	slti	x22,x23,850	 x23:0x01b546c6 x22=0x00000000
       29325000	      2833	80004712	8125	c.srli	x10,0x9	 x10:0x00000e04 x10=0x00000007
       29365000	      2837	80004714	02bb3cb3	mulhu	x25,x22,x11	 x22:0x00000000 x11:0xffffffff x25=0x00000000
       29375000	      2838	80004718	0511e263	bltu	x3,x17,8000475c	  x3:0xe9f3f6ea x17:0x0000001a
       29385000	      2839	8000471c	8d51	c.or	x10,x12	 x10:0x00000007 x12:0x80025ce4 x10=0x80025ce7
       29395000	      2840	8000471e	8cd9	c.or	x9,x14	  x9:0x00000000 x14:0x80000381  x9=0x80000381
       29405000	      2841	80004720	340015f3	csrrw	x11,mscratch,x0	  x0:0x00000000 x11=0x00000000
       29415000	      2842	80004724	00a2cfb3	xor	x31,x5,x10	  x5:0x80000000 x10:0x80025ce7 x31=0x00025ce7
       29425000	      2843	80004728	00617c33	and	x24,x2,x6	  x2:0x00000000  x6:0xffffffff x24=0x00000000
       29435000	      2844	8000472c	6a474d93	xori	x27,x14,1700	 x14:0x80000381 x27=0x80000525
       29445000	      2845	80004730	011a1c33	sll	x24,x20,x17	 x20:0x00001000 x17:0x0000001a x24=0x00000000
       29455000	      2846	80004734	69f9	c.lui	x19,0x1e	 x19=0x0001e000
       29825000	      2883	80004736	026dda33	divu	x20,x27,x6	 x27:0x80000525  x6:0xffffffff x20=0x00000000
       29865000	      2887	8000473a	023917b3	mulh	x15,x18,x3	 x18:0x00000001  x3:0xe9f3f6ea x15=0xffffffff
       29875000	      2888	8000473e	84e1	c.srai	x9,0x18	  x9:0x80000381  x9=0xffffff80
       29885000	      2889	80004740	0688	c.addi4spn	x10,x2,832	 x10=0x00000340
       29895000	      2890	80004742	1cc0cc13	xori	x24,x1,460	  x1:0xffffffff x24=0xfffffe33
       29905000	      2891	80004746	9b7d	c.andi	x14,-1	 x14:0x80000381 x14=0x80000381
       29915000	      2892	80004748	00ad1533	sll	x10,x26,x10	 x26:0xfffffc05 x10:0x00000340 x10=0xfffffc05
       29955000	      2896	8000474c	03103933	mulhu	x18,x0,x17	  x0:0x00000000 x17:0x0000001a x18=0x00000000
       29965000	      2897	80004750	4188dd93	srai	x27,x17,0x18	 x17:0x0000001a x27=0x00000000
       29975000	      2898	80004754	77cf8393	addi	x7,x31,1916	 x31:0x00025ce7  x7=0x00026463
       29995000	      2900	80004758	03e8ccb3	div	x25,x17,x30	 x17:0x0000001a x30:0x00000000 x25=0xffffffff
       30005000	      2901	8000475c	415a5793	srai	x15,x20,0x15	 x20:0x00000000 x15=0x00000000
       30015000	      2902	80004760	0ca6	c.slli	x25,0x9	 x25:0xffffffff x25=0xfffffe00
       30025000	      2903	80004762	00d85563	bge	x16,x13,8000476c	 x16:0x0000078a x13:0x00000008
       30045000	      2905	8000476c	329794b7	lui	x9,0x32979	  x9=0x32979000
       30415000	      2942	80004770	0252f4b3	remu	x9,x5,x5	  x5:0x80000000  x5:0x80000000  x9=0x00000000
       30425000	      2943	80004774	01eb6333	or	x6,x22,x30	 x22:0x00000000 x30:0x00000000  x6=0x00000000
       30445000	      2945	80004778	020cc2b3	div	x5,x25,x0	 x25:0xfffffe00  x0:0x00000000  x5=0xffffffff
       30455000	      2946	8000477c	4f34c193	xori	x3,x9,1267	  x9:0x00000000  x3=0x000004f3
       30465000	      2947	80004780	01933d33	sltu	x26,x6,x25	  x6:0x00000000 x25:0xfffffe00 x26=0x00000001
       30475000	      2948	80004784	05c9	c.addi	x11,18	 x11:0x00000000 x11=0x00000012
       30485000	      2949	80004786	8ef1	c.and	x13,x12	 x13:0x00000008 x12:0x80025ce4 x13=0x00000000
       30495000	      2950	80004788	8ec1	c.or	x13,x8	 x13:0x00000000  x8:0x80000000 x13=0x80000000
       30505000	      2951	8000478a	0cb6	c.slli	x25,0xd	 x25:0xfffffe00 x25=0xffc00000
       30515000	      2952	8000478c	0135d993	srli	x19,x11,0x13	 x11:0x00000012 x19=0x00000000
       30525000	      2953	80004790	717d	c.addi16sp	x2,-16	  x2:0x00000000  x2=0xfffffff0
       30535000	      2954	80004792	01646e63	bltu	x8,x22,800047ae	  x8:0x80000000 x22:0x00000000
       30545000	      2955	80004796	9ef6	c.add	x29,x29	 x29:0x00000001 x29:0x00000001 x29=0x00000002
       30915000	      2992	80004798	037559b3	divu	x19,x10,x23	 x10:0xfffffc05 x23:0x01b546c6 x19=0x00000095
       30925000	      2993	8000479c	0c8d	c.addi	x25,3	 x25:0xffc00000 x25=0xffc00003
       30935000	      2994	8000479e	030af263	bgeu	x21,x16,800047c2	 x21:0x00014321 x16:0x0000078a
       30965000	      2997	800047c2	f5848f13	addi	x30,x9,-168	  x9:0x00000000 x30=0xffffff58
       30975000	      2998	800047c6	34041df3	csrrw	x27,mscratch,x8	  x8:0x80000000 x27=0x00000000
       30985000	      2999	800047ca	1cfd	c.addi	x25,-1	 x25:0xffc00003 x25=0xffc00002
       30995000	      3000	800047cc	03314163	blt	x2,x19,800047ee	  x2:0xfffffff0 x19:0x00000095
       31025000	      3003	800047ee	0113db63	bge	x7,x17,80004804	  x7:0x00026463 x17:0x0000001a
       31045000	      3005	80004804	0001	c.addi	x0,0	  x0:0x00000000  x0=0x00000000
       31055000	      3006	80004806	34006c73	csrrsi	x24,mscratch,0	 x24=0x80000000
       31095000	      3010	8000480a	03799033	mulh	x0,x19,x23	 x19:0x00000095 x23:0x01b546c6  x0=0x00000000
       31105000	      3011	8000480e	418ae013	ori	x0,x21,1048	 x21:0x00014321  x0=0x00000000
       31475000	      3048	80004812	0315e833	rem	x16,x11,x17	 x11:0x00000012 x17:0x0000001a x16=0x00000012
       31505000	      3051	80004816	027183b3	mul	x7,x3,x7	  x3:0x000004f3  x7:0x00026463  x7=0x0bd6d5f9
       31515000	      3052	8000481a	34051173	csrrw	x2,mscratch,x10	 x10:0xfffffc05  x2=0x80000000
       31525000	      3053	8000481e	01055c93	srli	x25,x10,0x10	 x10:0xfffffc05 x25=0x0000ffff
       31535000	      3054	80004822	d51b8c93	addi	x25,x23,-687	 x23:0x01b546c6 x25=0x01b54417
       31545000	      3055	80004826	007b0263	beq	x22,x7,8000482a	 x22:0x00000000  x7:0x0bd6d5f9
       31555000	      3056	8000482a	00ecce63	blt	x25,x14,80004846	 x25:0x01b54417 x14:0x80000381
       31565000	      3057	8000482e	0001	c.addi	x0,0	  x0:0x00000000  x0=0x00000000
       31575000	      3058	80004830	8dd1	c.or	x11,x12	 x11:0x00000012 x12:0x80025ce4 x11=0x80025cf6
       31615000	      3062	80004832	0393aab3	mulhsu	x21,x7,x25	  x7:0x0bd6d5f9 x25:0x01b54417 x21=0x001438e1
       31985000	      3099	80004836	0336ebb3	rem	x23,x13,x19	 x13:0x80000000 x19:0x00000095 x23=0xffffff75
       31995000	      3100	8000483a	340cf373	csrrci	x6,mscratch,25	  x6=0xfffffc05
       32005000	      3101	8000483e	8759	c.srai	x14,0x16	 x14:0x80000381 x14=0xfffffe00
       32015000	      3102	80004840	6121	c.addi16sp	x2,64	  x2:0x80000000  x2=0x80000040
       32025000	      3103	80004842	56d1b993	sltiu	x19,x3,1389	  x3:0x000004f3 x19=0x00000001
       32035000	      3104	80004846	0311f763	bgeu	x3,x17,80004874	  x3:0x000004f3 x17:0x0000001a
       32055000	      3106	80004874	177d	c.addi	x14,-1	 x14:0xfffffe00 x14=0xfffffdff
       32065000	      3107	80004876	0000100f	fence.i	
       32455000	      3146	8000487a	0332d3b3	divu	x7,x5,x19	  x5:0xffffffff x19:0x00000001  x7=0xffffffff
       32465000	      3147	8000487e	015b8c63	beq	x23,x21,80004896	 x23:0xffffff75 x21:0x001438e1
       32475000	      3148	80004882	0013cb33	xor	x22,x7,x1	  x7:0xffffffff  x1:0xffffffff x22=0x00000000
       32485000	      3149	80004886	0001	c.addi	x0,0	  x0:0x00000000  x0=0x00000000
       32495000	      3150	80004888	0ff0000f	fence	iorw,iorw	
       32505000	      3151	8000488c	402d05b3	sub	x11,x26,x2	 x26:0x00000001  x2:0x80000040 x11=0x7fffffc1
       32515000	      3152	80004890	8ef5	c.and	x13,x13	 x13:0x80000000 x13:0x80000000 x13=0x80000000
       32525000	      3153	80004892	0ff0000f	fence	iorw,iorw	
       32535000	      3154	80004896	01739a63	bne	x7,x23,800048aa	  x7:0xffffffff x23:0xffffff75
       32565000	      3157	800048aa	00b138b3	sltu	x17,x2,x11	  x2:0x80000040 x11:0x7fffffc1 x17=0x00000000
       32575000	      3158	800048ae	8f31	c.xor	x14,x12	 x14:0xfffffdff x12:0x80025ce4 x14=0x7ffda11b
       32585000	      3159	800048b0	01bd69b3	or	x19,x26,x27	 x26:0x00000001 x27:0x00000000 x19=0x00000001
       32595000	      3160	800048b4	019b8f33	add	x30,x23,x25	 x23:0xffffff75 x25:0x01b54417 x30=0x01b5438c
       32605000	      3161	800048b8	017cf6b3	and	x13,x25,x23	 x25:0x01b54417 x23:0xffffff75 x13=0x01b54415
       32615000	      3162	800048bc	0575	c.addi	x10,29	 x10:0xfffffc05 x10=0xfffffc22
       32625000	      3163	800048be	3405a073	csrrs	x0,mscratch,x11	 x11:0x7fffffc1  x0=0x00000000
       32635000	      3164	800048c2	340a15f3	csrrw	x11,mscratch,x20	 x20:0x00000000 x11=0xffffffc5
       32645000	      3165	800048c6	98c2	c.add	x17,x16	 x17:0x00000000 x16:0x00000012 x17=0x00000012
       32655000	      3166	800048c8	408a5713	srai	x14,x20,0x8	 x20:0x00000000 x14=0x00000000
       32665000	      3167	800048cc	88f3c193	xori	x3,x7,-1905	  x7:0xffffffff  x3=0x00000770
       33035000	      3204	800048d0	0384cb33	div	x22,x9,x24	  x9:0x00000000 x24:0x80000000 x22=0x00000000
       33045000	      3205	800048d4	027e8763	beq	x29,x7,80004902	 x29:0x00000002  x7:0xffffffff
       33055000	      3206	800048d8	01658663	beq	x11,x22,800048e4	 x11:0xffffffc5 x22:0x00000000
       33425000	      3243	800048dc	03ae65b3	rem	x11,x28,x26	 x28:0x80021e64 x26:0x00000001 x11=0x00000000
       33445000	      3245	800048e0	034ce033	rem	x0,x25,x20	 x25:0x01b54417 x20:0x00000000  x0=0x00000000
       33455000	      3246	800048e4	340026f3	csrrs	x13,mscratch,x0	  x0:0x00000000 x13=0x00000000
       33465000	      3247	800048e8	001441b3	xor	x3,x8,x1	  x8:0x80000000  x1:0xffffffff  x3=0x7fffffff
       33475000	      3248	800048ec	0300e263	bltu	x1,x16,80004910	  x1:0xffffffff x16:0x00000012
       33485000	      3249	800048f0	858f3913	sltiu	x18,x30,-1960	 x30:0x01b5438c x18=0x00000001
       33495000	      3250	800048f4	01a1edb3	or	x27,x3,x26	  x3:0x7fffffff x26:0x00000001 x27=0x7fffffff
       33505000	      3251	800048f8	997d	c.andi	x10,-1	 x10:0xfffffc22 x10=0xfffffc22
       33875000	      3288	800048fa	03b551b3	divu	x3,x10,x27	 x10:0xfffffc22 x27:0x7fffffff  x3=0x00000001
       33885000	      3289	800048fe	00795563	bge	x18,x7,80004908	 x18:0x00000001  x7:0xffffffff
       33905000	      3291	80004908	8b59	c.andi	x14,22	 x14:0x00000000 x14=0x00000000
       33915000	      3292	8000490a	34007773	csrrci	x14,mscratch,0	 x14=0x00000000
       33925000	      3293	8000490e	8e85	c.sub	x13,x9	 x13:0x00000000  x9:0x00000000 x13=0x00000000
       33935000	      3294	80004910	0a94	c.addi4spn	x13,x2,336	 x13=0x80000190
       33945000	      3295	80004912	b7713593	sltiu	x11,x2,-1161	  x2:0x80000040 x11=0x00000001
       33955000	      3296	80004916	1a7d	c.addi	x20,-1	 x20:0x00000000 x20=0xffffffff
       33965000	      3297	80004918	9b7d	c.andi	x14,-1	 x14:0x00000000 x14=0x00000000
       33975000	      3298	8000491a	19bac2b7	lui	x5,0x19bac	  x5=0x19bac000
       33985000	      3299	8000491e	40f25213	srai	x4,x4,0xf	  x4:0xffffffff  x4=0xffffffff
       33995000	      3300	80004922	e0a1	c.bnez	x9,80004962	  x9:0x00000000
       34005000	      3301	80004924	84fd	c.srai	x9,0x1f	  x9:0x00000000  x9=0x00000000
       34375000	      3338	80004926	02217833	remu	x16,x2,x2	  x2:0x80000040  x2:0x80000040 x16=0x00000000
       34745000	      3375	8000492a	03feff33	remu	x30,x29,x31	 x29:0x00000002 x31:0x00025ce7 x30=0x00000002
       34755000	      3376	8000492e	83c1	c.srli	x15,0x10	 x15:0x00000000 x15=0x00000000
       34765000	      3377	80004930	5feb6d13	ori	x26,x22,1534	 x22:0x00000000 x26=0x000005fe
       34775000	      3378	80004934	c48d	c.beqz	x9,8000495e	  x9:0x00000000
       34805000	      3381	8000495e	ac3f8293	addi	x5,x31,-1341	 x31:0x00025ce7  x5=0x000257aa
       34815000	      3382	80004962	04157263	bgeu	x10,x1,800049a6	 x10:0xfffffc22  x1:0xffffffff
       34825000	      3383	80004966	0001	c.addi	x0,0	  x0:0x00000000  x0=0x00000000
       34835000	      3384	80004968	01a6d3b3	srl	x7,x13,x26	 x13:0x80000190 x26:0x000005fe  x7=0x00000002
       34845000	      3385	8000496c	41475b93	srai	x23,x14,0x14	 x14:0x00000000 x23=0x00000000
       34855000	      3386	80004970	e2214e93	xori	x29,x2,-478	  x2:0x80000040 x29=0x7ffffe62
       34865000	      3387	80004974	02777163	bgeu	x14,x7,80004996	 x14:0x00000000  x7:0x00000002
       34875000	      3388	80004978	dbac7213	andi	x4,x24,-582	 x24:0x80000000  x4=0x80000000
       34885000	      3389	8000497c	340024f3	csrrs	x9,mscratch,x0	  x0:0x00000000  x9=0x00000000
       34895000	      3390	80004980	00a49b13	slli	x22,x9,0xa	  x9:0x00000000 x22=0x00000000
       34905000	      3391	80004984	8d79	c.and	x10,x14	 x10:0xfffffc22 x14:0x00000000 x10=0x00000000
       34915000	      3392	80004986	013b4b33	xor	x22,x22,x19	 x22:0x00000000 x19:0x00000001 x22=0x00000001
       34925000	      3393	8000498a	340abd73	csrrc	x26,mscratch,x21	 x21:0x001438e1 x26=0x00000000
       34935000	      3394	8000498e	03315f63	bge	x2,x19,800049cc	  x2:0x80000040 x19:0x00000001
       34945000	      3395	80004992	01dc9c33	sll	x24,x25,x29	 x25:0x01b54417 x29:0x7ffffe62 x24=0x06d5105c
       34985000	      3399	80004996	02ba94b3	mulh	x9,x21,x11	 x21:0x001438e1 x11:0x00000001  x9=0x00000000
       34995000	      3400	8000499a	4dc5ad17	auipc	x26,0x4dc5a	 x26=0xcdc5e99a
       35005000	      3401	8000499e	912ef893	andi	x17,x29,-1774	 x29:0x7ffffe62 x17=0x7ffff802
       35015000	      3402	800049a2	01de4333	xor	x6,x28,x29	 x28:0x80021e64 x29:0x7ffffe62  x6=0xfffde006
       35025000	      3403	800049a6	51fd	c.li	x3,-1	  x3=0xffffffff
       35065000	      3407	800049a8	02f222b3	mulhsu	x5,x4,x15	  x4:0x80000000 x15:0x00000000  x5=0x00000000
       35105000	      3411	800049ac	03913bb3	mulhu	x23,x2,x25	  x2:0x80000040 x25:0x01b54417 x23=0x00daa20b
       35115000	      3412	800049b0	c289	c.beqz	x13,800049b2	 x13:0x80000190
       35125000	      3413	800049b2	016e0963	beq	x28,x22,800049c4	 x28:0x80021e64 x22:0x00000001
       35135000	      3414	800049b6	0372d763	bge	x5,x23,800049e4	  x5:0x00000000 x23:0x00daa20b
       35145000	      3415	800049ba	64d1	c.lui	x9,0x14	  x9=0x00014000
       35175000	      3418	800049bc	02478d33	mul	x26,x15,x4	 x15:0x00000000  x4:0x80000000 x26=0x00000000
       35215000	      3422	800049c0	020d36b3	mulhu	x13,x26,x0	 x26:0x00000000  x0:0x00000000 x13=0x00000000
       35225000	      3423	800049c4	0ff0000f	fence	iorw,iorw	
       35235000	      3424	800049c8	ae11e013	ori	x0,x3,-1311	  x3:0xffffffff  x0=0x00000000
       35245000	      3425	800049cc	011d3cb3	sltu	x25,x26,x17	 x26:0x00000000 x17:0x7ffff802 x25=0x00000001
       35255000	      3426	800049d0	8295	c.srli	x13,0x5	 x13:0x00000000 x13=0x00000000
       35265000	      3427	800049d2	3405d1f3	csrrwi	x3,mscratch,11	  x3=0x00000000
       35275000	      3428	800049d6	003a8eb3	add	x29,x21,x3	 x21:0x001438e1  x3:0x00000000 x29=0x001438e1
       35285000	      3429	800049da	8b0e	c.mv	x22,x3	  x0:0x00000000  x3:0x00000000 x22=0x00000000
       35315000	      3432	800049dc	02ef81b3	mul	x3,x31,x14	 x31:0x00025ce7 x14:0x00000000  x3=0x00000000
       35325000	      3433	800049e0	340c1173	csrrw	x2,mscratch,x24	 x24:0x06d5105c  x2=0x0000000b
       35335000	      3434	800049e4	932e	c.add	x6,x11	  x6:0xfffde006 x11:0x00000001  x6=0xfffde007
       35705000	      3471	800049e6	021e47b3	div	x15,x28,x1	 x28:0x80021e64  x1:0xffffffff x15=0x7ffde19c
       35715000	      3472	800049ea	0193e463	bltu	x7,x25,800049f2	  x7:0x00000002 x25:0x00000001
       35725000	      3473	800049ee	c291	c.beqz	x13,800049f2	 x13:0x00000000
       35755000	      3476	800049f2	34003df3	csrrc	x27,mscratch,x0	  x0:0x00000000 x27=0x06d5105c
       35765000	      3477	800049f6	006aac33	slt	x24,x21,x6	 x21:0x001438e1  x6:0xfffde007 x24=0x00000000
       35775000	      3478	800049fa	01a09f13	slli	x30,x1,0x1a	  x1:0xffffffff x30=0xfc000000
       35815000	      3482	800049fe	0273a6b3	mulhsu	x13,x7,x7	  x7:0x00000002  x7:0x00000002 x13=0x00000000
       35825000	      3483	80004a02	3224c113	xori	x2,x9,802	  x9:0x00014000  x2=0x00014322
       35835000	      3484	80004a06	0001	c.addi	x0,0	  x0:0x00000000  x0=0x00000000
       35845000	      3485	80004a08	da454f93	xori	x31,x10,-604	 x10:0x00000000 x31=0xfffffda4
       35855000	      3486	80004a0c	997d	c.andi	x10,-1	 x10:0x00000000 x10=0x00000000
       35865000	      3487	80004a0e	85e1	c.srai	x11,0x18	 x11:0x00000001 x11=0x00000000
       36235000	      3524	80004a10	0212ca33	div	x20,x5,x1	  x5:0x00000000  x1:0xffffffff x20=0x00000000
       36265000	      3527	80004a14	029c01b3	mul	x3,x24,x9	 x24:0x00000000  x9:0x00014000  x3=0x00000000
       36275000	      3528	80004a18	be06a7b7	lui	x15,0xbe06a	 x15=0xbe06a000
       36285000	      3529	80004a1c	00fab0b3	sltu	x1,x21,x15	 x21:0x001438e1 x15:0xbe06a000  x1=0x00000001
       36295000	      3530	80004a20	925a	c.add	x4,x22	  x4:0x80000000 x22:0x00000000  x4=0x80000000
       36305000	      3531	80004a22	997d	c.andi	x10,-1	 x10:0x00000000 x10=0x00000000
       36315000	      3532	80004a24	00925793	srli	x15,x4,0x9	  x4:0x80000000 x15=0x00400000
       36325000	      3533	80004a28	8cfe	c.mv	x25,x31	  x0:0x00000000 x31:0xfffffda4 x25=0xfffffda4
       36335000	      3534	80004a2a	833d	c.srli	x14,0xf	 x14:0x00000000 x14=0x00000000
       36345000	      3535	80004a2c	03085363	bge	x16,x16,80004a52	 x16:0x00000000 x16:0x00000000
       36375000	      3538	80004a52	04861463	bne	x12,x8,80004a9a	 x12:0x80025ce4  x8:0x80000000
       36405000	      3541	80004a9a	01c2efb3	or	x31,x5,x28	  x5:0x00000000 x28:0x80021e64 x31=0x80021e64
       36415000	      3542	80004a9e	00c6cbb3	xor	x23,x13,x12	 x13:0x00000000 x12:0x80025ce4 x23=0x80025ce4
       36425000	      3543	80004aa2	275ef293	andi	x5,x29,629	 x29:0x001438e1  x5=0x00000061
       36435000	      3544	80004aa6	ab002113	slti	x2,x0,-1360	  x0:0x00000000  x2=0x00000000
       36445000	      3545	80004aaa	41e7dd93	srai	x27,x15,0x1e	 x15:0x00400000 x27=0x00000000
       36455000	      3546	80004aae	0ff0000f	fence	iorw,iorw	
       36465000	      3547	80004ab2	cc85	c.beqz	x9,80004aea	  x9:0x00014000
       36475000	      3548	80004ab4	48d7c693	xori	x13,x15,1165	 x15:0x00400000 x13=0x0040048d
       36485000	      3549	80004ab8	73420917	auipc	x18,0x73420	 x18=0xf3424ab8
       36515000	      3552	80004abc	030d0933	mul	x18,x26,x16	 x26:0x00000000 x16:0x00000000 x18=0x00000000
       36525000	      3553	80004ac0	15fd	c.addi	x11,-1	 x11:0x00000000 x11=0xffffffff
       36535000	      3554	80004ac2	0000100f	fence.i	
       36925000	      3593	80004ac6	02cd69b3	rem	x19,x26,x12	 x26:0x00000000 x12:0x80025ce4 x19=0x00000000
       36935000	      3594	80004aca	f919f993	andi	x19,x19,-111	 x19:0x00000000 x19=0x00000000
       36945000	      3595	80004ace	048f9363	bne	x31,x8,80004b14	 x31:0x80021e64  x8:0x80000000
       36965000	      3597	80004b14	014d9213	slli	x4,x27,0x14	 x27:0x00000000  x4=0x00000000
       36975000	      3598	80004b18	9db4d817	auipc	x16,0x9db4d	 x16=0x1db51b18
       36985000	      3599	80004b1c	8c366493	ori	x9,x12,-1853	 x12:0x80025ce4  x9=0xfffffce7
       36995000	      3600	80004b20	0188c463	blt	x17,x24,80004b28	 x17:0x7ffff802 x24:0x00000000
       37035000	      3604	80004b24	0229aa33	mulhsu	x20,x19,x2	 x19:0x00000000  x2:0x00000000 x20=0x00000000
       37045000	      3605	80004b28	c37fb693	sltiu	x13,x31,-969	 x31:0x80021e64 x13=0x00000001
       37055000	      3606	80004b2c	0187d0b3	srl	x1,x15,x24	 x15:0x00400000 x24:0x00000000  x1=0x00400000
       37065000	      3607	80004b30	340271f3	csrrci	x3,mscratch,4	  x3=0x06d5105c
       37085000	      3609	80004b34	0206ff33	remu	x30,x13,x0	 x13:0x00000001  x0:0x00000000 x30=0x00000001
       37095000	      3610	80004b38	6959	c.lui	x18,0x16	 x18=0x00016000
       37105000	      3611	80004b3a	5a7d	c.li	x20,-1	 x20=0xffffffff
       37115000	      3612	80004b3c	94d6	c.add	x9,x21	  x9:0xfffffce7 x21:0x001438e1  x9=0x001435c8
       37125000	      3613	80004b3e	03a77463	bgeu	x14,x26,80004b66	 x14:0x00000000 x26:0x00000000
       37145000	      3615	80004b66	717d	c.addi16sp	x2,-16	  x2:0x00000000  x2=0xfffffff0
       37155000	      3616	80004b68	bc59c493	xori	x9,x19,-1083	 x19:0x00000000  x9=0xfffffbc5
       37165000	      3617	80004b6c	02d1	c.addi	x5,20	  x5:0x00000061  x5=0x00000075
       37175000	      3618	80004b6e	3b52a193	slti	x3,x5,949	  x5:0x00000075  x3=0x00000001
       37215000	      3622	80004b72	0359a833	mulhsu	x16,x19,x21	 x19:0x00000000 x21:0x001438e1 x16=0x00000000
       37255000	      3626	80004b76	032ca1b3	mulhsu	x3,x25,x18	 x25:0xfffffda4 x18:0x00016000  x3=0xffffffff
       37265000	      3627	80004b7a	ef553913	sltiu	x18,x10,-267	 x10:0x00000000 x18=0x00000001
       37275000	      3628	80004b7e	8f49	c.or	x14,x10	 x14:0x00000000 x10:0x00000000 x14=0x00000000
       37285000	      3629	80004b80	005151b3	srl	x3,x2,x5	  x2:0xfffffff0  x5:0x00000075  x3=0x000007ff
       37295000	      3630	80004b84	01106b33	or	x22,x0,x17	  x0:0x00000000 x17:0x7ffff802 x22=0x7ffff802
       37305000	      3631	80004b88	8d0d	c.sub	x10,x11	 x10:0x00000000 x11:0xffffffff x10=0x00000001
       37315000	      3632	80004b8a	00c4d893	srli	x17,x9,0xc	  x9:0xfffffbc5 x17=0x000fffff
       37325000	      3633	80004b8e	0a352a17	auipc	x20,0xa352	 x20=0x8a356b8e
       37335000	      3634	80004b92	8d11	c.sub	x10,x12	 x10:0x00000001 x12:0x80025ce4 x10=0x7ffda31d
       37345000	      3635	80004b94	01b01833	sll	x16,x0,x27	  x0:0x00000000 x27:0x00000000 x16=0x00000000
       37355000	      3636	80004b98	85627d13	andi	x26,x4,-1962	  x4:0x00000000 x26=0x00000000
       37365000	      3637	80004b9c	00515563	bge	x2,x5,80004ba6	  x2:0xfffffff0  x5:0x00000075
       37375000	      3638	80004ba0	0131fb63	bgeu	x3,x19,80004bb6	  x3:0x000007ff x19:0x00000000
       37395000	      3640	80004bb6	8d69	c.and	x10,x10	 x10:0x7ffda31d x10:0x7ffda31d x10=0x7ffda31d
       37405000	      3641	80004bb8	8fa1	c.xor	x15,x8	 x15:0x00400000  x8:0x80000000 x15=0x80400000
       37415000	      3642	80004bba	068c	c.addi4spn	x11,x2,832	 x11=0x00000330
       37425000	      3643	80004bbc	80e1	c.srli	x9,0x18	  x9:0xfffffbc5  x9=0x000000ff
       37435000	      3644	80004bbe	340b5ff3	csrrwi	x31,mscratch,22	 x31=0x06d51058
       37445000	      3645	80004bc2	01ea7563	bgeu	x20,x30,80004bcc	 x20:0x8a356b8e x30:0x00000001
       37485000	      3649	80004bcc	02dd0333	mul	x6,x26,x13	 x26:0x00000000 x13:0x00000001  x6=0x00000000
       37495000	      3650	80004bd0	00dc2a33	slt	x20,x24,x13	 x24:0x00000000 x13:0x00000001 x20=0x00000001
       37505000	      3651	80004bd4	8ce5	c.and	x9,x9	  x9:0x000000ff  x9:0x000000ff  x9=0x000000ff
       37515000	      3652	80004bd6	02930463	beq	x6,x9,80004bfe	  x6:0x00000000  x9:0x000000ff
       37525000	      3653	80004bda	340bdd73	csrrwi	x26,mscratch,23	 x26=0x00000016
       37535000	      3654	80004bde	008f4db3	xor	x27,x30,x8	 x30:0x00000001  x8:0x80000000 x27=0x80000001
       37545000	      3655	80004be2	05b27163	bgeu	x4,x27,80004c24	  x4:0x00000000 x27:0x80000001
       37555000	      3656	80004be6	e50d	c.bnez	x10,80004c10	 x10:0x7ffda31d
       37935000	      3694	80004c10	0311fb33	remu	x22,x3,x17	  x3:0x000007ff x17:0x000fffff x22=0x000007ff
       37945000	      3695	80004c14	82ed	c.srli	x13,0x1b	 x13:0x00000001 x13=0x00000000
       37955000	      3696	80004c16	67f5	c.lui	x15,0x1d	 x15=0x0001d000
       37995000	      3700	80004c18	033a15b3	mulh	x11,x20,x19	 x20:0x00000001 x19:0x00000000 x11=0x00000000
       38005000	      3701	80004c1c	00f1a7b3	slt	x15,x3,x15	  x3:0x000007ff x15:0x0001d000 x15=0x00000001
       38015000	      3702	80004c20	340076f3	csrrci	x13,mscratch,0	 x13=0x00000017
       38025000	      3703	80004c24	34003ef3	csrrc	x29,mscratch,x0	  x0:0x00000000 x29=0x00000017
       38035000	      3704	80004c28	f46e4213	xori	x4,x28,-186	 x28:0x80021e64  x4=0x7ffde122
       38045000	      3705	80004c2c	03297d63	bgeu	x18,x18,80004c66	 x18:0x00000001 x18:0x00000001
       38075000	      3708	80004c66	01c2e263	bltu	x5,x28,80004c6a	  x5:0x00000075 x28:0x80021e64
       38105000	      3711	80004c6a	019d0c33	add	x24,x26,x25	 x26:0x00000016 x25:0xfffffda4 x24=0xfffffdba
       38115000	      3712	80004c6e	8b96	c.mv	x23,x5	  x0:0x00000000  x5:0x00000075 x23=0x00000075
       38125000	      3713	80004c70	34085873	csrrwi	x16,mscratch,16	 x16=0x00000017
       38135000	      3714	80004c74	48e6f9b7	lui	x19,0x48e6f	 x19=0x48e6f000
       38145000	      3715	80004c78	9d03f493	andi	x9,x7,-1584	  x7:0x00000002  x9=0x00000000
       38155000	      3716	80004c7c	01f2ecb3	or	x25,x5,x31	  x5:0x00000075 x31:0x06d51058 x25=0x06d5107d
       38165000	      3717	80004c80	03668163	beq	x13,x22,80004ca2	 x13:0x00000017 x22:0x000007ff
       38175000	      3718	80004c84	34007af3	csrrci	x21,mscratch,0	 x21=0x00000010
       38545000	      3755	80004c88	03ee5bb3	divu	x23,x28,x30	 x28:0x80021e64 x30:0x00000001 x23=0x80021e64
       38555000	      3756	80004c8c	28ccce93	xori	x29,x25,652	 x25:0x06d5107d x29=0x06d512f1
       38565000	      3757	80004c90	4769	c.li	x14,26	 x14=0x0000001a
       38575000	      3758	80004c92	340037f3	csrrc	x15,mscratch,x0	  x0:0x00000000 x15=0x00000010
       38585000	      3759	80004c96	00c59893	slli	x17,x11,0xc	 x11:0x00000000 x17=0x00000000
       38595000	      3760	80004c9a	04d47463	bgeu	x8,x13,80004ce2	  x8:0x80000000 x13:0x00000017
       38625000	      3763	80004ce2	002aa3b3	slt	x7,x21,x2	 x21:0x00000010  x2:0xfffffff0  x7=0x00000000
       38635000	      3764	80004ce6	80a5	c.srli	x9,0x9	  x9:0x00000000  x9=0x00000000
       38645000	      3765	80004ce8	18e92193	slti	x3,x18,398	 x18:0x00000001  x3=0x00000001
       38655000	      3766	80004cec	8cf1	c.and	x9,x12	  x9:0x00000000 x12:0x80025ce4  x9=0x00000000
       38665000	      3767	80004cee	8f0d	c.sub	x14,x11	 x14:0x0000001a x11:0x00000000 x14=0x0000001a
       38675000	      3768	80004cf0	6131	c.addi16sp	x2,320	  x2:0xfffffff0  x2=0x00000130
       38685000	      3769	80004cf2	9af02693	slti	x13,x0,-1617	  x0:0x00000000 x13=0x00000000
       38695000	      3770	80004cf6	00047833	and	x16,x8,x0	  x8:0x80000000  x0:0x00000000 x16=0x00000000
       38705000	      3771	80004cfa	42d1	c.li	x5,20	  x5=0x00000014
       38715000	      3772	80004cfc	01af09b3	add	x19,x30,x26	 x30:0x00000001 x26:0x00000016 x19=0x00000017
       38725000	      3773	80004d00	831a	c.mv	x6,x6	  x0:0x00000000  x6:0x00000000  x6=0x00000000
       38735000	      3774	80004d02	8c22	c.mv	x24,x8	  x0:0x00000000  x8:0x80000000 x24=0x80000000
       38745000	      3775	80004d04	e119	c.bnez	x10,80004d0a	 x10:0x7ffda31d
       38775000	      3778	80004d0a	7fc0ed93	ori	x27,x1,2044	  x1:0x00400000 x27=0x004007fc
       39145000	      3815	80004d0e	03eefb33	remu	x22,x29,x30	 x29:0x06d512f1 x30:0x00000001 x22=0x00000000
       39155000	      3816	80004d12	1dfd	c.addi	x27,-1	 x27:0x004007fc x27=0x004007fb
       39165000	      3817	80004d14	04ffc063	blt	x31,x15,80004d54	 x31:0x06d51058 x15:0x00000010
       39175000	      3818	80004d18	8be6	c.mv	x23,x25	  x0:0x00000000 x25:0x06d5107d x23=0x06d5107d
       39185000	      3819	80004d1a	0000100f	fence.i	
       39215000	      3822	80004d1e	043de263	bltu	x27,x3,80004d62	 x27:0x004007fb  x3:0x00000001
       39585000	      3859	80004d22	0251e833	rem	x16,x3,x5	  x3:0x00000001  x5:0x00000014 x16=0x00000001
       39595000	      3860	80004d26	e51d	c.bnez	x10,80004d54	 x10:0x7ffda31d
       39615000	      3862	80004d54	8f79	c.and	x14,x14	 x14:0x0000001a x14:0x0000001a x14=0x0000001a
       39625000	      3863	80004d56	9d8df797	auipc	x15,0x9d8df	 x15=0x1d8e3d56
       39665000	      3867	80004d5a	03fa90b3	mulh	x1,x21,x31	 x21:0x00000010 x31:0x06d51058  x1=0x00000000
       39675000	      3868	80004d5e	614d	c.addi16sp	x2,176	  x2:0x00000130  x2=0x000001e0
       39685000	      3869	80004d60	0001	c.addi	x0,0	  x0:0x00000000  x0=0x00000000
       39695000	      3870	80004d62	0ff0000f	fence	iorw,iorw	
       39705000	      3871	80004d66	009bb8b3	sltu	x17,x23,x9	 x23:0x06d5107d  x9:0x00000000 x17=0x00000000
       40075000	      3908	80004d6a	03d47333	remu	x6,x8,x29	  x8:0x80000000 x29:0x06d512f1  x6=0x0504ab0e
       40085000	      3909	80004d6e	0000100f	fence.i	
       40115000	      3912	80004d72	340c1ff3	csrrw	x31,mscratch,x24	 x24:0x80000000 x31=0x00000010
       40125000	      3913	80004d76	9d96	c.add	x27,x5	 x27:0x004007fb  x5:0x00000014 x27=0x0040080f
       40135000	      3914	80004d78	34002073	csrrs	x0,mscratch,x0	  x0:0x00000000  x0=0x00000000
       40155000	      3916	80004d7c	036a70b3	remu	x1,x20,x22	 x20:0x00000001 x22:0x00000000  x1=0x00000001
       40165000	      3917	80004d80	0085ddb3	srl	x27,x11,x8	 x11:0x00000000  x8:0x80000000 x27=0x00000000
       40175000	      3918	80004d84	03f6ca93	xori	x21,x13,63	 x13:0x00000000 x21=0x0000003f
       40185000	      3919	80004d88	733d8937	lui	x18,0x733d8	 x18=0x733d8000
       40195000	      3920	80004d8c	00b8f133	and	x2,x17,x11	 x17:0x00000000 x11:0x00000000  x2=0x00000000
       40205000	      3921	80004d90	00fc0233	add	x4,x24,x15	 x24:0x80000000 x15:0x1d8e3d56  x4=0x9d8e3d56
       40215000	      3922	80004d94	02b7d363	bge	x15,x11,80004dba	 x15:0x1d8e3d56 x11:0x00000000
       40235000	      3924	80004dba	8145	c.srli	x10,0x11	 x10:0x7ffda31d x10=0x00003ffe
       40245000	      3925	80004dbc	cd85	c.beqz	x11,80004df4	 x11:0x00000000
       40265000	      3927	80004df4	00d209b3	add	x19,x4,x13	  x4:0x9d8e3d56 x13:0x00000000 x19=0x9d8e3d56
       40275000	      3928	80004df8	66d1	c.lui	x13,0x14	 x13=0x00014000
       40285000	      3929	80004dfa	03638363	beq	x7,x22,80004e20	  x7:0x00000000 x22:0x00000000
       40305000	      3931	80004e20	8949	c.andi	x10,18	 x10:0x00003ffe x10=0x00000012
       40315000	      3932	80004e22	c29d	c.beqz	x13,80004e48	 x13:0x00014000
       40355000	      3936	80004e24	02ca3133	mulhu	x2,x20,x12	 x20:0x00000001 x12:0x80025ce4  x2=0x00000000
       40365000	      3937	80004e28	8ca1	c.xor	x9,x8	  x9:0x00000000  x8:0x80000000  x9=0x80000000
       40375000	      3938	80004e2a	05eae363	bltu	x21,x30,80004e70	 x21:0x0000003f x30:0x00000001
       40385000	      3939	80004e2e	014a4a33	xor	x20,x20,x20	 x20:0x00000001 x20:0x00000001 x20=0x00000000
       40755000	      3976	80004e32	02c4fb33	remu	x22,x9,x12	  x9:0x80000000 x12:0x80025ce4 x22=0x80000000
       40765000	      3977	80004e36	01059e93	slli	x29,x11,0x10	 x11:0x00000000 x29=0x00000000
       41135000	      4014	80004e3a	0392c3b3	div	x7,x5,x25	  x5:0x00000014 x25:0x06d5107d  x7=0x00000000
       41145000	      4015	80004e3e	340cd2f3	csrrwi	x5,mscratch,25	  x5=0x80000000
       41155000	      4016	80004e42	5afd	c.li	x21,-1	 x21=0xffffffff
       41165000	      4017	80004e44	01595f93	srli	x31,x18,0x15	 x18:0x733d8000 x31=0x00000399
       41175000	      4018	80004e48	89e2	c.mv	x19,x24	  x0:0x00000000 x24:0x80000000 x19=0x80000000
       41185000	      4019	80004e4a	340a2ef3	csrrs	x29,mscratch,x20	 x20:0x00000000 x29=0x00000019
       41195000	      4020	80004e4e	00dd4263	blt	x26,x13,80004e52	 x26:0x00000016 x13:0x00014000
       41225000	      4023	80004e52	0ff0000f	fence	iorw,iorw	
       41235000	      4024	80004e56	34003073	csrrc	x0,mscratch,x0	  x0:0x00000000  x0=0x00000000
       41245000	      4025	80004e5a	0001	c.addi	x0,0	  x0:0x00000000  x0=0x00000000
       41255000	      4026	80004e5c	951a	c.add	x10,x6	 x10:0x00000012  x6:0x0504ab0e x10=0x0504ab20
       41265000	      4027	80004e5e	340637f3	csrrc	x15,mscratch,x12	 x12:0x80025ce4 x15=0x00000019
       41275000	      4028	80004e62	187d	c.addi	x16,-1	 x16:0x00000001 x16=0x00000000
       41285000	      4029	80004e64	a5997193	andi	x3,x18,-1447	 x18:0x733d8000  x3=0x733d8000
       41325000	      4033	80004e68	03dabcb3	mulhu	x25,x21,x29	 x21:0xffffffff x29:0x00000019 x25=0x00000018
       41335000	      4034	80004e6c	00df9933	sll	x18,x31,x13	 x31:0x00000399 x13:0x00014000 x18=0x00000399
       41345000	      4035	80004e70	0001	c.addi	x0,0	  x0:0x00000000  x0=0x00000000
       41355000	      4036	80004e72	340f1a73	csrrw	x20,mscratch,x30	 x30:0x00000001 x20=0x00000019
       41365000	      4037	80004e76	bcd38513	addi	x10,x7,-1075	  x7:0x00000000 x10=0xfffffbcd
       41375000	      4038	80004e7a	03aee363	bltu	x29,x26,80004ea0	 x29:0x00000019 x26:0x00000016
       41385000	      4039	80004e7e	127d	c.addi	x4,-1	  x4:0x9d8e3d56  x4=0x9d8e3d55
       41395000	      4040	80004e80	f8770513	addi	x10,x14,-121	 x14:0x0000001a x10=0xffffffa1
       41405000	      4041	80004e84	bb4ae517	auipc	x10,0xbb4ae	 x10=0x3b4b2e84
       41415000	      4042	80004e88	030ed737	lui	x14,0x30ed	 x14=0x030ed000
       41785000	      4079	80004e8c	028673b3	remu	x7,x12,x8	 x12:0x80025ce4  x8:0x80000000  x7=0x00025ce4
       41795000	      4080	80004e90	404483b3	sub	x7,x9,x4	  x9:0x80000000  x4:0x9d8e3d55  x7=0xe271c2ab
       41805000	      4081	80004e94	179c	c.addi4spn	x15,x2,992	 x15=0x000003e0
       41815000	      4082	80004e96	8ce9	c.and	x9,x10	  x9:0x80000000 x10:0x3b4b2e84  x9=0x00000000
       41825000	      4083	80004e98	06b9	c.addi	x13,14	 x13:0x00014000 x13=0x0001400e
       41835000	      4084	80004e9a	03066763	bltu	x12,x16,80004ec8	 x12:0x80025ce4 x16:0x00000000
       41845000	      4085	80004e9e	0001	c.addi	x0,0	  x0:0x00000000  x0=0x00000000
       41855000	      4086	80004ea0	0169fb63	bgeu	x19,x22,80004eb6	 x19:0x80000000 x22:0x80000000
       41885000	      4089	80004eb6	409f8a33	sub	x20,x31,x9	 x31:0x00000399  x9:0x00000000 x20=0x00000399
       41895000	      4090	80004eba	f1058e93	addi	x29,x11,-240	 x11:0x00000000 x29=0xffffff10
       41905000	      4091	80004ebe	6ccd	c.lui	x25,0x13	 x25=0x00013000
       41915000	      4092	80004ec0	00d2cfb3	xor	x31,x5,x13	  x5:0x80000000 x13:0x0001400e x31=0x8001400e
       42285000	      4129	80004ec4	03a95cb3	divu	x25,x18,x26	 x18:0x00000399 x26:0x00000016 x25=0x00000029
       42295000	      4130	80004ec8	e315	c.bnez	x14,80004eec	 x14:0x030ed000
       42315000	      4132	80004eec	0001	c.addi	x0,0	  x0:0x00000000  x0=0x00000000
       42325000	      4133	80004eee	340e6073	csrrsi	x0,mscratch,28	  x0=0x00000000
       42335000	      4134	80004ef2	e668cb13	xori	x22,x17,-410	 x17:0x00000000 x22=0xfffffe66
       42345000	      4135	80004ef6	013c76b3	and	x13,x24,x19	 x24:0x80000000 x19:0x80000000 x13=0x80000000
       42355000	      4136	80004efa	41ebd133	sra	x2,x23,x30	 x23:0x06d5107d x30:0x00000001  x2=0x036a883e
       42725000	      4173	80004efe	03735fb3	divu	x31,x6,x23	  x6:0x0504ab0e x23:0x06d5107d x31=0x00000000
       42755000	      4176	80004f02	02070b33	mul	x22,x14,x0	 x14:0x030ed000  x0:0x00000000 x22=0x00000000
       42765000	      4177	80004f06	009bafb3	slt	x31,x23,x9	 x23:0x06d5107d  x9:0x00000000 x31=0x00000000
       42775000	      4178	80004f0a	02d59d63	bne	x11,x13,80004f44	 x11:0x00000000 x13:0x80000000
       42795000	      4180	80004f44	b972b693	sltiu	x13,x5,-1129	  x5:0x80000000 x13=0x00000001
       42805000	      4181	80004f48	40170b33	sub	x22,x14,x1	 x14:0x030ed000  x1:0x00000001 x22=0x030ecfff
       42815000	      4182	80004f4c	a89e2b13	slti	x22,x28,-1399	 x28:0x80021e64 x22=0x00000001
       42825000	      4183	80004f50	56060193	addi	x3,x12,1376	 x12:0x80025ce4  x3=0x80026244
       42835000	      4184	80004f54	73763f93	sltiu	x31,x12,1847	 x12:0x80025ce4 x31=0x00000000
       42875000	      4188	80004f58	03962f33	mulhsu	x30,x12,x25	 x12:0x80025ce4 x25:0x00000029 x30=0xffffffeb
       42885000	      4189	80004f5c	9fb5deb7	lui	x29,0x9fb5d	 x29=0x9fb5d000
       42915000	      4192	80004f60	02c588b3	mul	x17,x11,x12	 x11:0x00000000 x12:0x80025ce4 x17=0x00000000
       42925000	      4193	80004f64	031a0e63	beq	x20,x17,80004fa0	 x20:0x00000399 x17:0x00000000
       42935000	      4194	80004f68	00bb9993	slli	x19,x23,0xb	 x23:0x06d5107d x19=0xa883e800
       42945000	      4195	80004f6c	83c6	c.mv	x7,x17	  x0:0x00000000 x17:0x00000000  x7=0x00000000
       42955000	      4196	80004f6e	af9e7213	andi	x4,x28,-1287	 x28:0x80021e64  x4=0x80021a60
       42965000	      4197	80004f72	1f0c	c.addi4spn	x11,x2,944	 x11=0x036a8bee
       42985000	      4199	80004f74	0307f833	remu	x16,x15,x16	 x15:0x000003e0 x16:0x00000000 x16=0x000003e0
       42995000	      4200	80004f78	340ced73	csrrsi	x26,mscratch,25	 x26=0x0000001d
       43005000	      4201	80004f7c	01769c33	sll	x24,x13,x23	 x13:0x00000001 x23:0x06d5107d x24=0x20000000
       43015000	      4202	80004f80	0008c5b3	xor	x11,x17,x0	 x17:0x00000000  x0:0x00000000 x11=0x00000000
       43035000	      4204	80004f84	029e6db3	rem	x27,x28,x9	 x28:0x80021e64  x9:0x00000000 x27=0x80021e64
       43045000	      4205	80004f88	e399	c.bnez	x15,80004f8e	 x15:0x000003e0
       43085000	      4209	80004f8e	02bd46b3	div	x13,x26,x11	 x26:0x0000001d x11:0x00000000 x13=0xffffffff
       43095000	      4210	80004f92	85bd	c.srai	x11,0xf	 x11:0x00000000 x11=0x00000000
       43105000	      4211	80004f94	335294b7	lui	x9,0x33529	  x9=0x33529000
       43135000	      4214	80004f98	031082b3	mul	x5,x1,x17	  x1:0x00000001 x17:0x00000000  x5=0x00000000
       43145000	      4215	80004f9c	01e38033	add	x0,x7,x30	  x7:0x00000000 x30:0xffffffeb  x0=0x00000000
       43155000	      4216	80004fa0	0001	c.addi	x0,0	  x0:0x00000000  x0=0x00000000
       43165000	      4217	80004fa2	c542a193	slti	x3,x5,-940	  x5:0x00000000  x3=0x00000000
       43175000	      4218	80004fa6	00da9933	sll	x18,x21,x13	 x21:0xffffffff x13:0xffffffff x18=0x80000000
       43185000	      4219	80004faa	0a39	c.addi	x20,14	 x20:0x00000399 x20=0x000003a7
       43195000	      4220	80004fac	00f8d193	srli	x3,x17,0xf	 x17:0x00000000  x3=0x00000000
       43205000	      4221	80004fb0	0001	c.addi	x0,0	  x0:0x00000000  x0=0x00000000
       43225000	      4223	80004fb2	03196a33	rem	x20,x18,x17	 x18:0x80000000 x17:0x00000000 x20=0x80000000
       43235000	      4224	80004fb6	00a28ab3	add	x21,x5,x10	  x5:0x00000000 x10:0x3b4b2e84 x21=0x3b4b2e84
       43245000	      4225	80004fba	0001	c.addi	x0,0	  x0:0x00000000  x0=0x00000000
       43255000	      4226	80004fbc	ed88b093	sltiu	x1,x17,-296	 x17:0x00000000  x1=0x00000001
       43265000	      4227	80004fc0	10fd	c.addi	x1,-1	  x1:0x00000001  x1=0x00000000
       43635000	      4264	80004fc2	03b77533	remu	x10,x14,x27	 x14:0x030ed000 x27:0x80021e64 x10=0x030ed000
       43645000	      4265	80004fc6	02e67663	bgeu	x12,x14,80004ff2	 x12:0x80025ce4 x14:0x030ed000
       43675000	      4268	80004ff2	400354b3	sra	x9,x6,x0	  x6:0x0504ab0e  x0:0x00000000  x9=0x0504ab0e
       43685000	      4269	80004ff6	0ff0000f	fence	iorw,iorw	
       43695000	      4270	80004ffa	8d65	c.and	x10,x9	 x10:0x030ed000  x9:0x0504ab0e x10=0x01048000
       43705000	      4271	80004ffc	00a631b3	sltu	x3,x12,x10	 x12:0x80025ce4 x10:0x01048000  x3=0x00000000
       43715000	      4272	80005000	0a9c	c.addi4spn	x15,x2,336	 x15=0x036a898e
       43725000	      4273	80005002	00a6c033	xor	x0,x13,x10	 x13:0xffffffff x10:0x01048000  x0=0x00000000
       43755000	      4276	80005006	03ea8bb3	mul	x23,x21,x30	 x21:0x3b4b2e84 x30:0xffffffeb x23=0x22d52f2c
       43765000	      4277	8000500a	717d	c.addi16sp	x2,-16	  x2:0x036a883e  x2=0x036a882e
       43775000	      4278	8000500c	34003ef3	csrrc	x29,mscratch,x0	  x0:0x00000000 x29=0x0000001d
       43785000	      4279	80005010	06de	c.slli	x13,0x17	 x13:0xffffffff x13=0xff800000
       43795000	      4280	80005012	00910d63	beq	x2,x9,8000502c	  x2:0x036a882e  x9:0x0504ab0e
       43835000	      4284	80005016	0399b3b3	mulhu	x7,x19,x25	 x19:0xa883e800 x25:0x00000029  x7=0x0000001a
       43845000	      4285	8000501a	41f9deb3	sra	x29,x19,x31	 x19:0xa883e800 x31:0x00000000 x29=0xa883e800
       43855000	      4286	8000501e	00af34b3	sltu	x9,x30,x10	 x30:0xffffffeb x10:0x01048000  x9=0x00000000
       44225000	      4323	80005022	027854b3	divu	x9,x16,x7	 x16:0x000003e0  x7:0x0000001a  x9=0x00000026
       44235000	      4324	80005026	01864d63	blt	x12,x24,80005040	 x12:0x80025ce4 x24:0x20000000
       44255000	      4326	80005040	9a8a	c.add	x21,x2	 x21:0x3b4b2e84  x2:0x036a882e x21=0x3eb5b6b2
       44265000	      4327	80005042	340037f3	csrrc	x15,mscratch,x0	  x0:0x00000000 x15=0x0000001d
       44275000	      4328	80005046	34056373	csrrsi	x6,mscratch,10	  x6=0x0000001d
       44295000	      4330	8000504a	025dfeb3	remu	x29,x27,x5	 x27:0x80021e64  x5:0x00000000 x29=0x80021e64
       44305000	      4331	8000504e	0001	c.addi	x0,0	  x0:0x00000000  x0=0x00000000
       44315000	      4332	80005050	52fd	c.li	x5,-1	  x5=0xffffffff
       44325000	      4333	80005052	e119	c.bnez	x10,80005058	 x10:0x01048000
       44345000	      4335	80005058	8ea1	c.xor	x13,x8	 x13:0xff800000  x8:0x80000000 x13=0x7f800000
       44355000	      4336	8000505a	f3604c17	auipc	x24,0xf3604	 x24=0x7360905a
       44365000	      4337	8000505e	4045dc93	srai	x25,x11,0x4	 x11:0x00000000 x25=0x00000000
       44375000	      4338	80005062	34079df3	csrrw	x27,mscratch,x15	 x15:0x0000001d x27=0x0000001f
       44385000	      4339	80005066	9bfd	c.andi	x15,-1	 x15:0x0000001d x15=0x0000001d
       44395000	      4340	80005068	dfe84113	xori	x2,x16,-514	 x16:0x000003e0  x2=0xfffffe1e
       44405000	      4341	8000506c	01db8b63	beq	x23,x29,80005082	 x23:0x22d52f2c x29:0x80021e64
       44415000	      4342	80005070	00228f33	add	x30,x5,x2	  x5:0xffffffff  x2:0xfffffe1e x30=0xfffffe1d
       44425000	      4343	80005074	717d	c.addi16sp	x2,-16	  x2:0xfffffe1e  x2=0xfffffe0e
       44435000	      4344	80005076	001dfd63	bgeu	x27,x1,80005090	 x27:0x0000001f  x1:0x00000000
       44455000	      4346	80005090	8e566d17	auipc	x26,0x8e566	 x26=0x0e56b090
       44465000	      4347	80005094	015caeb3	slt	x29,x25,x21	 x25:0x00000000 x21:0x3eb5b6b2 x29=0x00000001
       44475000	      4348	80005098	40fe5f33	sra	x30,x28,x15	 x28:0x80021e64 x15:0x0000001d x30=0xfffffffc
       44485000	      4349	8000509c	01419033	sll	x0,x3,x20	  x3:0x00000000 x20:0x80000000  x0=0x00000000
       44495000	      4350	800050a0	01b0feb3	and	x29,x1,x27	  x1:0x00000000 x27:0x0000001f x29=0x00000000
       44505000	      4351	800050a4	12fd	c.addi	x5,-1	  x5:0xffffffff  x5=0xfffffffe
       44515000	      4352	800050a6	01d83a33	sltu	x20,x16,x29	 x16:0x000003e0 x29:0x00000000 x20=0x00000000
       44525000	      4353	800050aa	408dd4b3	sra	x9,x27,x8	 x27:0x0000001f  x8:0x80000000  x9=0x0000001f
       44535000	      4354	800050ae	02178e63	beq	x15,x1,800050ea	 x15:0x0000001d  x1:0x00000000
       44545000	      4355	800050b2	019e8463	beq	x29,x25,800050ba	 x29:0x00000000 x25:0x00000000
       44575000	      4358	800050ba	3402d373	csrrwi	x6,mscratch,5	  x6=0x0000001d
       44585000	      4359	800050be	c119	c.beqz	x10,800050c4	 x10:0x01048000
       44595000	      4360	800050c0	0001	c.addi	x0,0	  x0:0x00000000  x0=0x00000000
       44605000	      4361	800050c2	717d	c.addi16sp	x2,-16	  x2:0xfffffe0e  x2=0xfffffdfe
       44615000	      4362	800050c4	b460f693	andi	x13,x1,-1210	  x1:0x00000000 x13=0x00000000
       44655000	      4366	800050c8	031aacb3	mulhsu	x25,x21,x17	 x21:0x3eb5b6b2 x17:0x00000000 x25=0x00000000
       44665000	      4367	800050cc	87ad	c.srai	x15,0xb	 x15:0x0000001d x15=0x00000000
       44675000	      4368	800050ce	9f8a	c.add	x31,x2	 x31:0x00000000  x2:0xfffffdfe x31=0xfffffdfe
       44685000	      4369	800050d0	01151133	sll	x2,x10,x17	 x10:0x01048000 x17:0x00000000  x2=0x01048000
       44695000	      4370	800050d4	96822093	slti	x1,x4,-1688	  x4:0x80021a60  x1=0x00000001
       45065000	      4407	800050d8	03e74bb3	div	x23,x14,x30	 x14:0x030ed000 x30:0xfffffffc x23=0xff3c4c00
       45075000	      4408	800050dc	1f7d	c.addi	x30,-1	 x30:0xfffffffc x30=0xfffffffb
       45085000	      4409	800050de	8be2	c.mv	x23,x24	  x0:0x00000000 x24:0x7360905a x23=0x7360905a
       45095000	      4410	800050e0	8de9	c.and	x11,x10	 x11:0x00000000 x10:0x01048000 x11=0x00000000
       45105000	      4411	800050e2	8f2d	c.xor	x14,x11	 x14:0x030ed000 x11:0x00000000 x14=0x030ed000
       45115000	      4412	800050e4	8d21	c.xor	x10,x8	 x10:0x01048000  x8:0x80000000 x10=0x81048000
       45125000	      4413	800050e6	340a5873	csrrwi	x16,mscratch,20	 x16=0x00000005
       45165000	      4417	800050ea	037b2733	mulhsu	x14,x22,x23	 x22:0x00000001 x23:0x7360905a x14=0x00000000
       45175000	      4418	800050ee	00cce363	bltu	x25,x12,800050f4	 x25:0x00000000 x12:0x80025ce4
       45195000	      4420	800050f4	0545c063	blt	x11,x20,80005134	 x11:0x00000000 x20:0x00000000
       45205000	      4421	800050f8	9afd	c.andi	x13,-1	 x13:0x00000000 x13=0x00000000
       45215000	      4422	800050fa	0d88	c.addi4spn	x10,x2,720	 x10=0x010482d0
       45225000	      4423	800050fc	02171863	bne	x14,x1,8000512c	 x14:0x00000000  x1:0x00000001
       45245000	      4425	8000512c	40b7dc93	srai	x25,x15,0xb	 x15:0x00000000 x25=0x00000000
       45255000	      4426	80005130	411b4993	xori	x19,x22,1041	 x22:0x00000001 x19=0x00000410
       45265000	      4427	80005134	849d	c.srai	x9,0x7	  x9:0x0000001f  x9=0x00000000
       45275000	      4428	80005136	9b7d	c.andi	x14,-1	 x14:0x00000000 x14=0x00000000
       45285000	      4429	80005138	3eb5b493	sltiu	x9,x11,1003	 x11:0x00000000  x9=0x00000001
       45315000	      4432	8000513c	023c8d33	mul	x26,x25,x3	 x25:0x00000000  x3:0x00000000 x26=0x00000000
       45685000	      4469	80005140	024bf6b3	remu	x13,x23,x4	 x23:0x7360905a  x4:0x80021a60 x13=0x7360905a
       45695000	      4470	80005144	406c5d93	srai	x27,x24,0x6	 x24:0x7360905a x27=0x01cd8241
       45705000	      4471	80005148	c389	c.beqz	x15,8000514a	 x15:0x00000000
       45735000	      4474	8000514a	c8c8c013	xori	x0,x17,-884	 x17:0x00000000  x0=0x00000000
       45745000	      4475	8000514e	055e7363	bgeu	x28,x21,80005194	 x28:0x80021e64 x21:0x3eb5b6b2
       45765000	      4477	80005194	00925013	srli	x0,x4,0x9	  x4:0x80021a60  x0=0x00000000
       45785000	      4479	80005198	03d87f33	remu	x30,x16,x29	 x16:0x00000005 x29:0x00000000 x30=0x00000005
       45795000	      4480	8000519c	95fa	c.add	x11,x30	 x11:0x00000000 x30:0x00000005 x11=0x00000005
       45805000	      4481	8000519e	01603eb3	sltu	x29,x0,x22	  x0:0x00000000 x22:0x00000001 x29=0x00000001
       45815000	      4482	800051a2	9a6e	c.add	x20,x27	 x20:0x00000000 x27:0x01cd8241 x20=0x01cd8241
       45825000	      4483	800051a4	0001	c.addi	x0,0	  x0:0x00000000  x0=0x00000000
       45835000	      4484	800051a6	0001	c.addi	x0,0	  x0:0x00000000  x0=0x00000000
       45845000	      4485	800051a8	c115	c.beqz	x10,800051cc	 x10:0x010482d0
       45855000	      4486	800051aa	80f9	c.srli	x9,0x1e	  x9:0x00000001  x9=0x00000000
       45865000	      4487	800051ac	0ff0000f	fence	iorw,iorw	
       45875000	      4488	800051b0	1632b813	sltiu	x16,x5,355	  x5:0xfffffffe x16=0x00000000
       45885000	      4489	800051b4	02e11863	bne	x2,x14,800051e4	  x2:0x01048000 x14:0x00000000
       45935000	      4494	800051e4	0317b2b3	mulhu	x5,x15,x17	 x15:0x00000000 x17:0x00000000  x5=0x00000000
       45945000	      4495	800051e8	8571	c.srai	x10,0x1c	 x10:0x010482d0 x10=0x00000000
       46315000	      4532	800051ea	032f4833	div	x16,x30,x18	 x30:0x00000005 x18:0x80000000 x16=0x00000000
       46325000	      4533	800051ee	340071f3	csrrci	x3,mscratch,0	  x3=0x00000014
       46335000	      4534	800051f2	6ffd	c.lui	x31,0x1f	 x31=0x0001f000
       46345000	      4535	800051f4	632fa393	slti	x7,x31,1586	 x31:0x0001f000  x7=0x00000000
       46355000	      4536	800051f8	340e34f3	csrrc	x9,mscratch,x28	 x28:0x80021e64  x9=0x00000014
       46365000	      4537	800051fc	717d	c.addi16sp	x2,-16	  x2:0x01048000  x2=0x01047ff0
       46375000	      4538	800051fe	8dc5	c.or	x11,x9	 x11:0x00000005  x9:0x00000014 x11=0x00000015
       46385000	      4539	80005200	d4a66893	ori	x17,x12,-694	 x12:0x80025ce4 x17=0xfffffdee
       46425000	      4543	80005204	02e43833	mulhu	x16,x8,x14	  x8:0x80000000 x14:0x00000000 x16=0x00000000
       46435000	      4544	80005208	8fa9	c.xor	x15,x10	 x15:0x00000000 x10:0x00000000 x15=0x00000000
       46445000	      4545	8000520a	340667f3	csrrsi	x15,mscratch,12	 x15=0x00000010
       46455000	      4546	8000520e	01d43933	sltu	x18,x8,x29	  x8:0x80000000 x29:0x00000001 x18=0x00000000
       46465000	      4547	80005212	0000100f	fence.i	
       46525000	      4553	80005216	021c93b3	mulh	x7,x25,x1	 x25:0x00000000  x1:0x00000001  x7=0x00000000
       46565000	      4557	8000521a	02632833	mulhsu	x16,x6,x6	  x6:0x0000001d  x6:0x0000001d x16=0x00000000
       46575000	      4558	8000521e	0112d3b3	srl	x7,x5,x17	  x5:0x00000000 x17:0xfffffdee  x7=0x00000000
       46585000	      4559	80005222	409ba213	slti	x4,x23,1033	 x23:0x7360905a  x4=0x00000000
       46595000	      4560	80005226	34043573	csrrc	x10,mscratch,x8	  x8:0x80000000 x10=0x0000001c
       46605000	      4561	8000522a	c7340497	auipc	x9,0xc7340	  x9=0x4734522a
       46615000	      4562	8000522e	03735063	bge	x6,x23,8000524e	  x6:0x0000001d x23:0x7360905a
       46625000	      4563	80005232	f9a48993	addi	x19,x9,-102	  x9:0x4734522a x19=0x473451c4
       46635000	      4564	80005236	b76498b7	lui	x17,0xb7649	 x17=0xb7649000
       46665000	      4567	8000523a	02c60733	mul	x14,x12,x12	 x12:0x80025ce4 x12:0x80025ce4 x14=0x9544ab10
       46675000	      4568	8000523e	0001	c.addi	x0,0	  x0:0x00000000  x0=0x00000000
       46685000	      4569	80005240	40dbdc93	srai	x25,x23,0xd	 x23:0x7360905a x25=0x00039b04
       46695000	      4570	80005244	004fef33	or	x30,x31,x4	 x31:0x0001f000  x4:0x00000000 x30=0x0001f000
       46705000	      4571	80005248	8f6a	c.mv	x30,x26	  x0:0x00000000 x26:0x00000000 x30=0x00000000
       46715000	      4572	8000524a	02194263	blt	x18,x1,8000526e	 x18:0x00000000  x1:0x00000001
       46745000	      4575	8000526e	012c0a33	add	x20,x24,x18	 x24:0x7360905a x18:0x00000000 x20=0x7360905a
       46755000	      4576	80005272	468fa893	slti	x17,x31,1128	 x31:0x0001f000 x17=0x00000000
       46765000	      4577	80005276	bc7fc293	xori	x5,x31,-1081	 x31:0x0001f000  x5=0xfffe0bc7
       46805000	      4581	8000527a	02561833	mulh	x16,x12,x5	 x12:0x80025ce4  x5:0xfffe0bc7 x16=0x0000fa17
       46815000	      4582	8000527e	05578063	beq	x15,x21,800052be	 x15:0x00000010 x21:0x3eb5b6b2
       46825000	      4583	80005282	0001	c.addi	x0,0	  x0:0x00000000  x0=0x00000000
       46835000	      4584	80005284	34006c73	csrrsi	x24,mscratch,0	 x24=0x0000001c
       46845000	      4585	80005288	0306	c.slli	x6,0x1	  x6:0x0000001d  x6=0x0000003a
       46855000	      4586	8000528a	00d69463	bne	x13,x13,80005292	 x13:0x7360905a x13:0x7360905a
       46895000	      4590	8000528e	034c3033	mulhu	x0,x24,x20	 x24:0x0000001c x20:0x7360905a  x0=0x00000000
       46905000	      4591	80005292	ea99	c.bnez	x13,800052a8	 x13:0x7360905a
       46955000	      4596	800052a8	0336a4b3	mulhsu	x9,x13,x19	 x13:0x7360905a x19:0x473451c4  x9=0x20175c80
       46965000	      4597	800052ac	40fc52b3	sra	x5,x24,x15	 x24:0x0000001c x15:0x00000010  x5=0x00000000
       46975000	      4598	800052b0	0ff0000f	fence	iorw,iorw	
       46985000	      4599	800052b4	8ad5	c.andi	x13,21	 x13:0x7360905a x13=0x00000010
       46995000	      4600	800052b6	8396	c.mv	x7,x5	  x0:0x00000000  x5:0x00000000  x7=0x00000000
       47005000	      4601	800052b8	717d	c.addi16sp	x2,-16	  x2:0x01047ff0  x2=0x01047fe0
       47015000	      4602	800052ba	400a5393	srai	x7,x20,0x0	 x20:0x7360905a  x7=0x7360905a
       47025000	      4603	800052be	3409e2f3	csrrsi	x5,mscratch,19	  x5=0x0000001c
       47035000	      4604	800052c2	0ff0000f	fence	iorw,iorw	
       47045000	      4605	800052c6	6125	c.addi16sp	x2,96	  x2:0x01047fe0  x2=0x01048040
       47055000	      4606	800052c8	15782a93	slti	x21,x16,343	 x16:0x0000fa17 x21=0x00000000
       47065000	      4607	800052cc	15eac093	xori	x1,x21,350	 x21:0x00000000  x1=0x0000015e
       47085000	      4609	800052d0	03275b33	divu	x22,x14,x18	 x14:0x9544ab10 x18:0x00000000 x22=0xffffffff
       47095000	      4610	800052d4	7c51cb13	xori	x22,x3,1989	  x3:0x00000014 x22=0x000007d1
       47105000	      4611	800052d8	340915f3	csrrw	x11,mscratch,x18	 x18:0x00000000 x11=0x0000001f
       47115000	      4612	800052dc	8fcd	c.or	x15,x11	 x15:0x00000010 x11:0x0000001f x15=0x0000001f
       47155000	      4616	800052de	02bbaab3	mulhsu	x21,x23,x11	 x23:0x7360905a x11:0x0000001f x21=0x0000000d
       47165000	      4617	800052e2	8435d817	auipc	x16,0x8435d	 x16=0x043622e2
       47175000	      4618	800052e6	872d	c.srai	x14,0xb	 x14:0x9544ab10 x14=0xfff2a895
       47185000	      4619	800052e8	177e4893	xori	x17,x28,375	 x28:0x80021e64 x17=0x80021f13
       47195000	      4620	800052ec	0001	c.addi	x0,0	  x0:0x00000000  x0=0x00000000
       47565000	      4657	800052ee	023cc8b3	div	x17,x25,x3	 x25:0x00039b04  x3:0x00000014 x17=0x00002e26
       47575000	      4658	800052f2	000f4533	xor	x10,x30,x0	 x30:0x00000000  x0:0x00000000 x10=0x00000000
       47585000	      4659	800052f6	3402f6f3	csrrci	x13,mscratch,5	 x13=0x00000000
       47595000	      4660	800052fa	2dde6793	ori	x15,x28,733	 x28:0x80021e64 x15=0x80021efd
       47605000	      4661	800052fe	4126db93	srai	x23,x13,0x12	 x13:0x00000000 x23=0x00000000
       47645000	      4665	80005302	02b1b133	mulhu	x2,x3,x11	  x3:0x00000014 x11:0x0000001f  x2=0x00000000
       47655000	      4666	80005306	8f51	c.or	x14,x12	 x14:0xfff2a895 x12:0x80025ce4 x14=0xfff2fcf5
       47665000	      4667	80005308	177d	c.addi	x14,-1	 x14:0xfff2fcf5 x14=0xfff2fcf4
       47675000	      4668	8000530a	c909	c.beqz	x10,8000531c	 x10:0x00000000
       47695000	      4670	8000531c	ce9d	c.beqz	x13,8000535a	 x13:0x00000000
       47715000	      4672	8000535a	16fd	c.addi	x13,-1	 x13:0x00000000 x13=0xffffffff
       47725000	      4673	8000535c	9b1e	c.add	x22,x7	 x22:0x000007d1  x7:0x7360905a x22=0x7360982b
       47735000	      4674	8000535e	34049f73	csrrw	x30,mscratch,x9	  x9:0x20175c80 x30=0x00000000
       47745000	      4675	80005362	9e19e493	ori	x9,x19,-1567	 x19:0x473451c4  x9=0xfffff9e5
       47755000	      4676	80005366	01565eb3	srl	x29,x12,x21	 x12:0x80025ce4 x21:0x0000000d x29=0x00040012
       47765000	      4677	8000536a	8f25	c.xor	x14,x9	 x14:0xfff2fcf4  x9:0xfffff9e5 x14=0x000d0511
       47775000	      4678	8000536c	8329	c.srli	x14,0xa	 x14:0x000d0511 x14=0x00000341
       47785000	      4679	8000536e	f9b78093	addi	x1,x15,-101	 x15:0x80021efd  x1=0x80021e98
       47795000	      4680	80005372	01811563	bne	x2,x24,8000537c	  x2:0x00000000 x24:0x0000001c
       47815000	      4682	8000537c	95dffd13	andi	x26,x31,-1699	 x31:0x0001f000 x26=0x0001f000
       47825000	      4683	80005380	8eb1	c.xor	x13,x12	 x13:0xffffffff x12:0x80025ce4 x13=0x7ffda31b
       47835000	      4684	80005382	66c12093	slti	x1,x2,1644	  x2:0x00000000  x1=0x00000001
       47845000	      4685	80005386	0000100f	fence.i	
       47875000	      4688	8000538a	81436b13	ori	x22,x6,-2028	  x6:0x0000003a x22=0xfffff83e
       47885000	      4689	8000538e	40205513	srai	x10,x0,0x2	  x0:0x00000000 x10=0x00000000
       47895000	      4690	80005392	4c764a13	xori	x20,x12,1223	 x12:0x80025ce4 x20=0x80025823
       47905000	      4691	80005396	8741	c.srai	x14,0x10	 x14:0x00000341 x14=0x00000000
       48275000	      4728	80005398	0259fc33	remu	x24,x19,x5	 x19:0x473451c4  x5:0x0000001c x24=0x00000010
       48305000	      4731	8000539c	03b50733	mul	x14,x10,x27	 x10:0x00000000 x27:0x01cd8241 x14=0x00000000
       48315000	      4732	800053a0	8ee1	c.and	x13,x8	 x13:0x7ffda31b  x8:0x80000000 x13=0x00000000
       48355000	      4736	800053a2	028f1333	mulh	x6,x30,x8	 x30:0x00000000  x8:0x80000000  x6=0x00000000
       48365000	      4737	800053a6	8f59	c.or	x14,x14	 x14:0x00000000 x14:0x00000000 x14=0x00000000
       48375000	      4738	800053a8	cf95	c.beqz	x15,800053e4	 x15:0x80021efd
       48385000	      4739	800053aa	c399	c.beqz	x15,800053b0	 x15:0x80021efd
       48395000	      4740	800053ac	ad650113	addi	x2,x10,-1322	 x10:0x00000000  x2=0xfffffad6
       48405000	      4741	800053b0	9b7d	c.andi	x14,-1	 x14:0x00000000 x14=0x00000000
       48415000	      4742	800053b2	40a385b3	sub	x11,x7,x10	  x7:0x7360905a x10:0x00000000 x11=0x7360905a
       48455000	      4746	800053b6	03a49d33	mulh	x26,x9,x26	  x9:0xfffff9e5 x26:0x0001f000 x26=0xffffffff
       48465000	      4747	800053ba	00c54a63	blt	x10,x12,800053ce	 x10:0x00000000 x12:0x80025ce4
       48475000	      4748	800053be	01ec5233	srl	x4,x24,x30	 x24:0x00000010 x30:0x00000000  x4=0x00000010
       48485000	      4749	800053c2	889e6e93	ori	x29,x28,-1911	 x28:0x80021e64 x29=0xfffffeed
       48495000	      4750	800053c6	00459093	slli	x1,x11,0x4	 x11:0x7360905a  x1=0x360905a0
       48505000	      4751	800053ca	0351f663	bgeu	x3,x21,800053f6	  x3:0x00000014 x21:0x0000000d
       48535000	      4754	800053f6	00b5edb3	or	x27,x11,x11	 x11:0x7360905a x11:0x7360905a x27=0x7360905a
       48575000	      4758	800053fa	02f61d33	mulh	x26,x12,x15	 x12:0x80025ce4 x15:0x80021efd x26=0x3ffdc214
       48585000	      4759	800053fe	02a96463	bltu	x18,x10,80005426	 x18:0x00000000 x10:0x00000000
       48595000	      4760	80005402	0939	c.addi	x18,14	 x18:0x00000000 x18=0x0000000e
       48605000	      4761	80005404	41f78b33	sub	x22,x15,x31	 x15:0x80021efd x31:0x0001f000 x22=0x80002efd
       48615000	      4762	80005408	340033f3	csrrc	x7,mscratch,x0	  x0:0x00000000  x7=0x20175c80
       48625000	      4763	8000540c	2d901b17	auipc	x22,0x2d901	 x22=0xad90640c
       48635000	      4764	80005410	34002c73	csrrs	x24,mscratch,x0	  x0:0x00000000 x24=0x20175c80
       48645000	      4765	80005414	02bd4363	blt	x26,x11,8000543a	 x26:0x3ffdc214 x11:0x7360905a
       48675000	      4768	8000543a	00648fb3	add	x31,x9,x6	  x9:0xfffff9e5  x6:0x00000000 x31=0xfffff9e5
       49045000	      4805	8000543e	025fc133	div	x2,x31,x5	 x31:0xfffff9e5  x5:0x0000001c  x2=0xffffffc9
       49055000	      4806	80005442	419b5893	srai	x17,x22,0x19	 x22:0xad90640c x17=0xffffffd6
       49065000	      4807	80005446	8cc5	c.or	x9,x9	  x9:0xfffff9e5  x9:0xfffff9e5  x9=0xfffff9e5
       49075000	      4808	80005448	00f17863	bgeu	x2,x15,80005458	  x2:0xffffffc9 x15:0x80021efd
       49095000	      4810	80005458	340c70f3	csrrci	x1,mscratch,24	  x1=0x20175c80
       49105000	      4811	8000545c	41785e93	srai	x29,x16,0x17	 x16:0x043622e2 x29=0x00000008
       49115000	      4812	80005460	41eb5a93	srai	x21,x22,0x1e	 x22:0xad90640c x21=0xfffffffe
       49125000	      4813	80005464	00486833	or	x16,x16,x4	 x16:0x043622e2  x4:0x00000010 x16=0x043622f2
       49135000	      4814	80005468	19fd	c.addi	x19,-1	 x19:0x473451c4 x19=0x473451c3
       49145000	      4815	8000546a	0152ea63	bltu	x5,x21,8000547e	  x5:0x0000001c x21:0xfffffffe
       49165000	      4817	8000547e	0001	c.addi	x0,0	  x0:0x00000000  x0=0x00000000
       49175000	      4818	80005480	01cfdd63	bge	x31,x28,8000549a	 x31:0xfffff9e5 x28:0x80021e64
       49195000	      4820	8000549a	6c39	c.lui	x24,0xe	 x24=0x0000e000
       49205000	      4821	8000549c	3407daf3	csrrwi	x21,mscratch,15	 x21=0x20175c80
       49215000	      4822	800054a0	0001	c.addi	x0,0	  x0:0x00000000  x0=0x00000000
       49225000	      4823	800054a2	7b5e6797	auipc	x15,0x7b5e6	 x15=0xfb5eb4a2
       49235000	      4824	800054a6	49d0fb13	andi	x22,x1,1181	  x1:0x20175c80 x22=0x00000480
       49245000	      4825	800054aa	8f19	c.sub	x14,x14	 x14:0x00000000 x14:0x00000000 x14=0x00000000
       49255000	      4826	800054ac	340020f3	csrrs	x1,mscratch,x0	  x0:0x00000000  x1=0x0000000f
       49265000	      4827	800054b0	01a047b3	xor	x15,x0,x26	  x0:0x00000000 x26:0x3ffdc214 x15=0x3ffdc214
       49275000	      4828	800054b4	0104db93	srli	x23,x9,0x10	  x9:0xfffff9e5 x23=0x0000ffff
       49285000	      4829	800054b8	035a5063	bge	x20,x21,800054d8	 x20:0x80025823 x21:0x20175c80
       49295000	      4830	800054bc	0000100f	fence.i	
       49345000	      4835	800054c0	03c5b8b3	mulhu	x17,x11,x28	 x11:0x7360905a x28:0x80021e64 x17=0x39b13ca0
       49385000	      4839	800054c4	03fc1bb3	mulh	x23,x24,x31	 x24:0x0000e000 x31:0xfffff9e5 x23=0xffffffff
       49395000	      4840	800054c8	01de06b3	add	x13,x28,x29	 x28:0x80021e64 x29:0x00000008 x13=0x80021e6c
       49405000	      4841	800054cc	340c7ef3	csrrci	x29,mscratch,24	 x29=0x0000000f
       49415000	      4842	800054d0	41b1	c.li	x3,12	  x3=0x0000000c
       49425000	      4843	800054d2	ba734913	xori	x18,x6,-1113	  x6:0x00000000 x18=0xfffffba7
       49435000	      4844	800054d6	8541	c.srai	x10,0x10	 x10:0x00000000 x10=0x00000000
       49445000	      4845	800054d8	41b65db3	sra	x27,x12,x27	 x12:0x80025ce4 x27:0x7360905a x27=0xffffffe0
       49455000	      4846	800054dc	cb8e2bb7	lui	x23,0xcb8e2	 x23=0xcb8e2000
       49465000	      4847	800054e0	340c60f3	csrrsi	x1,mscratch,24	  x1=0x00000007
       49475000	      4848	800054e4	019b33b3	sltu	x7,x22,x25	 x22:0x00000480 x25:0x00039b04  x7=0x00000001
       49485000	      4849	800054e8	07ae	c.slli	x15,0xb	 x15:0x3ffdc214 x15=0xee10a000
       49495000	      4850	800054ea	00bf5693	srli	x13,x30,0xb	 x30:0x00000000 x13=0x00000000
       49505000	      4851	800054ee	c995	c.beqz	x11,80005522	 x11:0x7360905a
       49545000	      4855	800054f0	0311b133	mulhu	x2,x3,x17	  x3:0x0000000c x17:0x39b13ca0  x2=0x00000002
       49555000	      4856	800054f4	34007973	csrrci	x18,mscratch,0	 x18=0x0000001f
       49565000	      4857	800054f8	01ee7ab3	and	x21,x28,x30	 x28:0x80021e64 x30:0x00000000 x21=0x00000000
       49575000	      4858	800054fc	56fd	c.li	x13,-1	 x13=0xffffffff
       49585000	      4859	800054fe	00309cb3	sll	x25,x1,x3	  x1:0x00000007  x3:0x0000000c x25=0x00007000
       49595000	      4860	80005502	cccbe313	ori	x6,x23,-820	 x23:0xcb8e2000  x6=0xfffffccc
       49605000	      4861	80005506	50cd6117	auipc	x2,0x50cd6	  x2=0xd0cdb506
       49615000	      4862	8000550a	6775	c.lui	x14,0x1d	 x14=0x0001d000
       49625000	      4863	8000550c	0000100f	fence.i	
       49645000	      4865	80005510	8f95	c.sub	x15,x13	 x15:0xee10a000 x13:0xffffffff x15=0xee10a001
       50015000	      4902	80005512	034fc833	div	x16,x31,x20	 x31:0xfffff9e5 x20:0x80025823 x16=0x00000000
       50025000	      4903	80005516	017adb33	srl	x22,x21,x23	 x21:0x00000000 x23:0xcb8e2000 x22=0x00000000
       50035000	      4904	8000551a	468d	c.li	x13,3	 x13=0x00000003
       50045000	      4905	8000551c	01071eb3	sll	x29,x14,x16	 x14:0x0001d000 x16:0x00000000 x29=0x0001d000
       50055000	      4906	80005520	8ce1	c.and	x9,x8	  x9:0xfffff9e5  x8:0x80000000  x9=0x80000000
       50065000	      4907	80005522	340c94f3	csrrw	x9,mscratch,x25	 x25:0x00007000  x9=0x0000001f
       50075000	      4908	80005526	4ca5	c.li	x25,9	 x25=0x00000009
       50085000	      4909	80005528	8cad	c.xor	x9,x11	  x9:0x0000001f x11:0x7360905a  x9=0x73609045
       50125000	      4913	8000552a	03cb1fb3	mulh	x31,x22,x28	 x22:0x00000000 x28:0x80021e64 x31=0x00000000
       50135000	      4914	8000552e	000e6eb3	or	x29,x28,x0	 x28:0x80021e64  x0:0x00000000 x29=0x80021e64
       50145000	      4915	80005532	01c6beb3	sltu	x29,x13,x28	 x13:0x00000003 x28:0x80021e64 x29=0x00000001
       50155000	      4916	80005536	00599033	sll	x0,x19,x5	 x19:0x473451c3  x5:0x0000001c  x0=0x00000000
       50165000	      4917	8000553a	87c1	c.srai	x15,0x10	 x15:0xee10a001 x15=0xffffee10
       50175000	      4918	8000553c	5ad3b213	sltiu	x4,x7,1453	  x7:0x00000001  x4=0x00000001
       50185000	      4919	80005540	400c5b93	srai	x23,x24,0x0	 x24:0x0000e000 x23=0x0000e000
       50225000	      4923	80005544	03772333	mulhsu	x6,x14,x23	 x14:0x0001d000 x23:0x0000e000  x6=0x00000001
       50235000	      4924	80005548	8ab6	c.mv	x21,x13	  x0:0x00000000 x13:0x00000003 x21=0x00000003
       50245000	      4925	8000554a	05b47163	bgeu	x8,x27,8000558c	  x8:0x80000000 x27:0xffffffe0
       50255000	      4926	8000554e	3400e173	csrrsi	x2,mscratch,1	  x2=0x00007000
       50265000	      4927	80005552	03488363	beq	x17,x20,80005578	 x17:0x39b13ca0 x20:0x80025823
       50275000	      4928	80005556	41fa8933	sub	x18,x21,x31	 x21:0x00000003 x31:0x00000000 x18=0x00000003
       50285000	      4929	8000555a	c319	c.beqz	x14,80005560	 x14:0x0001d000
       50325000	      4933	8000555c	02959c33	mulh	x24,x11,x9	 x11:0x7360905a  x9:0x73609045 x24=0x33ffe613
       50335000	      4934	80005560	6129	c.addi16sp	x2,192	  x2:0x00007000  x2=0x000070c0
       50345000	      4935	80005562	a1e54293	xori	x5,x10,-1506	 x10:0x00000000  x5=0xfffffa1e
       50355000	      4936	80005566	6c1d	c.lui	x24,0x7	 x24=0x00007000
       50365000	      4937	80005568	00357c63	bgeu	x10,x3,80005580	 x10:0x00000000  x3:0x0000000c
       50375000	      4938	8000556c	00fbb6b3	sltu	x13,x23,x15	 x23:0x0000e000 x15:0xffffee10 x13=0x00000001
       50415000	      4942	80005570	03dc2533	mulhsu	x10,x24,x29	 x24:0x00007000 x29:0x00000001 x10=0x00000000
       50425000	      4943	80005574	01dcd663	bge	x25,x29,80005580	 x25:0x00000009 x29:0x00000001
       50445000	      4945	80005580	0056f833	and	x16,x13,x5	 x13:0x00000001  x5:0xfffffa1e x16=0x00000000
       50455000	      4946	80005584	0158b833	sltu	x16,x17,x21	 x17:0x39b13ca0 x21:0x00000003 x16=0x00000000
       50465000	      4947	80005588	340ff3f3	csrrci	x7,mscratch,31	  x7=0x00007001
       50505000	      4951	8000558c	027d2cb3	mulhsu	x25,x26,x7	 x26:0x3ffdc214  x7:0x00007001 x25=0x00001bff
       50515000	      4952	80005590	01077c63	bgeu	x14,x16,800055a8	 x14:0x0001d000 x16:0x00000000
       50535000	      4954	800055a8	018f4533	xor	x10,x30,x24	 x30:0x00000000 x24:0x00007000 x10=0x00007000
       50575000	      4958	800055ac	023d1bb3	mulh	x23,x26,x3	 x26:0x3ffdc214  x3:0x0000000c x23=0x00000002
       50585000	      4959	800055b0	90f2	c.add	x1,x28	  x1:0x00000007 x28:0x80021e64  x1=0x80021e6b
       50955000	      4996	800055b2	03936333	rem	x6,x6,x25	  x6:0x00000001 x25:0x00001bff  x6=0x00000001
       50995000	      5000	800055b6	03162c33	mulhsu	x24,x12,x17	 x12:0x80025ce4 x17:0x39b13ca0 x24=0xe327ea01
       51005000	      5001	800055ba	00006d17	auipc	x26,0x6	 x26=0x8000b5ba
       51015000	      5002	800055be	4ded0d13	addi	x26,x26,1246	 x26:0x8000b5ba x26=0x8000ba98
       51025000	      5003	800055c2	12f20093	addi	x1,x4,303	  x4:0x00000001  x1=0x00000130
       51035000	      5004	800055c6	15bd0d13	addi	x26,x26,347	 x26:0x8000ba98 x26=0x8000bbf3
       51405000	      5041	800055ca	022f62b3	rem	x5,x30,x2	 x30:0x00000000  x2:0x000070c0  x5=0x00000000
       51415000	      5042	800055ce	0114e1b3	or	x3,x9,x17	  x9:0x73609045 x17:0x39b13ca0  x3=0x7bf1bce5
       51425000	      5043	800055d2	3402d4f3	csrrwi	x9,mscratch,5	  x9=0x00007000
       51435000	      5044	800055d6	92d2	c.add	x5,x20	  x5:0x00000000 x20:0x80025823  x5=0x80025823
       51445000	      5045	800055d8	340024f3	csrrs	x9,mscratch,x0	  x0:0x00000000  x9=0x00000005
       51455000	      5046	800055dc	ea5d01e7	jalr	x3,-347(x26)	 x26:0x8000bbf3  x3=0x800055e0
       51475000	      5048	8000ba98	003eb7b3	sltu	x15,x29,x3	 x29:0x00000001  x3:0x800055e0 x15=0x00000001
       51485000	      5049	8000ba9c	451d	c.li	x10,7	 x10=0x00000007
       51495000	      5050	8000ba9e	01b6d363	bge	x13,x27,8000baa4	 x13:0x00000001 x27:0xffffffe0
       51515000	      5052	8000baa4	1e61	c.addi	x28,-8	 x28:0x80021e64 x28=0x80021e5c
       51525000	      5053	8000baa6	00540bb3	add	x23,x8,x5	  x8:0x80000000  x5:0x80025823 x23=0x00025823
       51535000	      5054	8000baaa	86cd	c.srai	x13,0x13	 x13:0x00000001 x13=0x00000000
       51545000	      5055	8000baac	0ace	c.slli	x21,0x13	 x21:0x00000003 x21=0x00180000
       51555000	      5056	8000baae	98c6	c.add	x17,x17	 x17:0x39b13ca0 x17:0x39b13ca0 x17=0x73627940
       51565000	      5057	8000bab0	003e2223	sw	x3,4(x28)	 x28:0x80021e5c  x3:0x800055e0 PA:0x80021e60 store:0x800055e0 load:0x00000000
       51605000	      5061	8000bab4	03331b33	mulh	x22,x6,x19	  x6:0x00000001 x19:0x473451c3 x22=0x00000000
       51615000	      5062	8000bab8	717d	c.addi16sp	x2,-16	  x2:0x000070c0  x2=0x000070b0
       51625000	      5063	8000baba	fffff997	auipc	x19,0xfffff	 x19=0x8000aaba
       51635000	      5064	8000babe	ea298993	addi	x19,x19,-350	 x19:0x8000aaba x19=0x8000a95c
       51645000	      5065	8000bac2	826a	c.mv	x4,x26	  x0:0x00000000 x26:0x8000bbf3  x4=0x8000bbf3
       51655000	      5066	8000bac4	1d798993	addi	x19,x19,471	 x19:0x8000a95c x19=0x8000ab33
       51665000	      5067	8000bac8	406c5333	sra	x6,x24,x6	 x24:0xe327ea01  x6:0x00000001  x6=0xf193f500
       51695000	      5070	8000bacc	03698033	mul	x0,x19,x22	 x19:0x8000ab33 x22:0x00000000  x0=0x00000000
       51735000	      5074	8000bad0	03413733	mulhu	x14,x2,x20	  x2:0x000070b0 x20:0x80025823 x14=0x00003859
       51745000	      5075	8000bad4	34002df3	csrrs	x27,mscratch,x0	  x0:0x00000000 x27=0x00000005
       51755000	      5076	8000bad8	015c1b93	slli	x23,x24,0x15	 x24:0xe327ea01 x23=0x40200000
       51765000	      5077	8000badc	64a5	c.lui	x9,0x9	  x9=0x00009000
       51775000	      5078	8000bade	e2a981e7	jalr	x3,-470(x19)	 x19:0x8000ab33  x3=0x8000bae2
       51795000	      5080	8000a95c	8b49	c.andi	x14,18	 x14:0x00003859 x14=0x00000010
       51805000	      5081	8000a95e	8f35	c.xor	x14,x13	 x14:0x00000010 x13:0x00000000 x14=0x00000010
       51815000	      5082	8000a960	52fd	c.li	x5,-1	  x5=0xffffffff
       51825000	      5083	8000a962	c099	c.beqz	x9,8000a968	  x9:0x00009000
       51835000	      5084	8000a964	7dee8c93	addi	x25,x29,2014	 x29:0x00000001 x25=0x000007df
       51845000	      5085	8000a968	fc8e0e13	addi	x28,x28,-56	 x28:0x80021e5c x28=0x80021e24
       51855000	      5086	8000a96c	003e2223	sw	x3,4(x28)	 x28:0x80021e24  x3:0x8000bae2 PA:0x80021e28 store:0x8000bae2 load:0x00000000
       51865000	      5087	8000a970	0001	c.addi	x0,0	  x0:0x00000000  x0=0x00000000
       51875000	      5088	8000a972	01051a13	slli	x20,x10,0x10	 x10:0x00000007 x20=0x00070000
       51885000	      5089	8000a976	340899f3	csrrw	x19,mscratch,x17	 x17:0x73627940 x19=0x00000005
       51895000	      5090	8000a97a	34036a73	csrrsi	x20,mscratch,6	 x20=0x73627940
       51905000	      5091	8000a97e	8b5e	c.mv	x22,x23	  x0:0x00000000 x23:0x40200000 x22=0x40200000
       51915000	      5092	8000a980	537d	c.li	x6,-1	  x6=0xffffffff
       51925000	      5093	8000a982	247b8b93	addi	x23,x23,583	 x23:0x40200000 x23=0x40200247
       51935000	      5094	8000a986	015e	c.slli	x2,0x17	  x2:0x000070b0  x2=0x58000000
       51945000	      5095	8000a988	340868f3	csrrsi	x17,mscratch,16	 x17=0x73627946
       51955000	      5096	8000a98c	007654b3	srl	x9,x12,x7	 x12:0x80025ce4  x7:0x00007001  x9=0x40012e72
       51965000	      5097	8000a990	6dd1	c.lui	x27,0x14	 x27=0x00014000
       51975000	      5098	8000a992	98fd	c.andi	x9,-1	  x9:0x40012e72  x9=0x40012e72
       51985000	      5099	8000a994	8141	c.srli	x10,0x10	 x10:0x00000007 x10=0x00000000
       51995000	      5100	8000a996	8f81	c.sub	x15,x8	 x15:0x00000001  x8:0x80000000 x15=0x80000001
       52005000	      5101	8000a998	c38d	c.beqz	x15,8000a9ba	 x15:0x80000001
       52015000	      5102	8000a99a	00e69c13	slli	x24,x13,0xe	 x13:0x00000000 x24=0x00000000
       52025000	      5103	8000a99e	03811b63	bne	x2,x24,8000a9d4	  x2:0x58000000 x24:0x00000000
       52045000	      5105	8000a9d4	340035f3	csrrc	x11,mscratch,x0	  x0:0x00000000 x11=0x73627956
       52415000	      5142	8000a9d8	02c5c833	div	x16,x11,x12	 x11:0x73627956 x12:0x80025ce4 x16=0x00000000
       52425000	      5143	8000a9dc	4c1b6013	ori	x0,x22,1217	 x22:0x40200000  x0=0x00000000
       52435000	      5144	8000a9e0	34002573	csrrs	x10,mscratch,x0	  x0:0x00000000 x10=0x73627956
       52445000	      5145	8000a9e4	8956	c.mv	x18,x21	  x0:0x00000000 x21:0x00180000 x18=0x00180000
       52455000	      5146	8000a9e6	0c14	c.addi4spn	x13,x2,528	 x13=0x58000210
       52465000	      5147	8000a9e8	340d9773	csrrw	x14,mscratch,x27	 x27:0x00014000 x14=0x73627956
       52475000	      5148	8000a9ec	0273c163	blt	x7,x7,8000aa0e	  x7:0x00007001  x7:0x00007001
       52485000	      5149	8000a9f0	4100d313	srai	x6,x1,0x10	  x1:0x00000130  x6=0x00000000
       52515000	      5152	8000a9f4	02030233	mul	x4,x6,x0	  x6:0x00000000  x0:0x00000000  x4=0x00000000
       52555000	      5156	8000a9f8	02b932b3	mulhu	x5,x18,x11	 x18:0x00180000 x11:0x73627956  x5=0x000ad13b
       52565000	      5157	8000a9fc	02914863	blt	x2,x9,8000aa2c	  x2:0x58000000  x9:0x40012e72
       52575000	      5158	8000aa00	b6fcad93	slti	x27,x25,-1169	 x25:0x000007df x27=0x00000000
       52585000	      5159	8000aa04	0ff0000f	fence	iorw,iorw	
       52595000	      5160	8000aa08	831a	c.mv	x6,x6	  x0:0x00000000  x6:0x00000000  x6=0x00000000
       52605000	      5161	8000aa0a	40188733	sub	x14,x17,x1	 x17:0x73627946  x1:0x00000130 x14=0x73627816
       52615000	      5162	8000aa0e	0ff0000f	fence	iorw,iorw	
       52625000	      5163	8000aa12	8cde	c.mv	x25,x23	  x0:0x00000000 x23:0x40200247 x25=0x40200247
       52665000	      5167	8000aa14	02eabeb3	mulhu	x29,x21,x14	 x21:0x00180000 x14:0x73627816 x29=0x000ad13b
       52675000	      5168	8000aa18	410c02b3	sub	x5,x24,x16	 x24:0x00000000 x16:0x00000000  x5=0x00000000
       52705000	      5171	8000aa1c	02e80cb3	mul	x25,x16,x14	 x16:0x00000000 x14:0x73627816 x25=0x00000000
       52725000	      5173	8000aa20	0257e933	rem	x18,x15,x5	 x15:0x80000001  x5:0x00000000 x18=0x80000001
       52735000	      5174	8000aa24	01d6fc33	and	x24,x13,x29	 x13:0x58000210 x29:0x000ad13b x24=0x00000010
       52745000	      5175	8000aa28	0000100f	fence.i	
       52765000	      5177	8000aa2c	015dea33	or	x20,x27,x21	 x27:0x00000000 x21:0x00180000 x20=0x00180000
       52775000	      5178	8000aa30	c981	c.beqz	x11,8000aa40	 x11:0x73627956
       52785000	      5179	8000aa32	007d1b13	slli	x22,x26,0x7	 x26:0x8000bbf3 x22=0x005df980
       52795000	      5180	8000aa36	340029f3	csrrs	x19,mscratch,x0	  x0:0x00000000 x19=0x00014000
       53165000	      5217	8000aa3a	02725233	divu	x4,x4,x7	  x4:0x00000000  x7:0x00007001  x4=0x00000000
       53175000	      5218	8000aa3e	015e	c.slli	x2,0x17	  x2:0x58000000  x2=0x00000000
       53185000	      5219	8000aa40	0345f163	bgeu	x11,x20,8000aa62	 x11:0x73627956 x20:0x00180000
       53205000	      5221	8000aa62	0001	c.addi	x0,0	  x0:0x00000000  x0=0x00000000
       53215000	      5222	8000aa64	02221563	bne	x4,x2,8000aa8e	  x4:0x00000000  x2:0x00000000
       53225000	      5223	8000aa68	25fc6293	ori	x5,x24,607	 x24:0x00000010  x5=0x0000025f
       53235000	      5224	8000aa6c	002a2b33	slt	x22,x20,x2	 x20:0x00180000  x2:0x00000000 x22=0x00000000
       53245000	      5225	8000aa70	340066f3	csrrsi	x13,mscratch,0	 x13=0x00014000
       53255000	      5226	8000aa74	fe32e4b7	lui	x9,0xfe32e	  x9=0xfe32e000
       53265000	      5227	8000aa78	00d65213	srli	x4,x12,0xd	 x12:0x80025ce4  x4=0x00040012
       53275000	      5228	8000aa7c	03507463	bgeu	x0,x21,8000aaa4	  x0:0x00000000 x21:0x00180000
       53285000	      5229	8000aa80	40388033	sub	x0,x17,x3	 x17:0x73627946  x3:0x8000bae2  x0=0x00000000
       53295000	      5230	8000aa84	34095573	csrrwi	x10,mscratch,18	 x10=0x00014000
       53305000	      5231	8000aa88	6ce9	c.lui	x25,0x1a	 x25=0x0001a000
       53315000	      5232	8000aa8a	989f4593	xori	x11,x30,-1655	 x30:0x00000000 x11=0xfffff989
       53345000	      5235	8000aa8e	026682b3	mul	x5,x13,x6	 x13:0x00014000  x6:0x00000000  x5=0x00000000
       53355000	      5236	8000aa92	022feb63	bltu	x31,x2,8000aac8	 x31:0x00000000  x2:0x00000000
       53365000	      5237	8000aa96	01bd9913	slli	x18,x27,0x1b	 x27:0x00000000 x18=0x00000000
       53375000	      5238	8000aa9a	6d91	c.lui	x27,0x4	 x27=0x00004000
       53385000	      5239	8000aa9c	0130f863	bgeu	x1,x19,8000aaac	  x1:0x00000130 x19:0x00014000
       53395000	      5240	8000aaa0	3403e1f3	csrrsi	x3,mscratch,7	  x3=0x00000012
       53405000	      5241	8000aaa4	30bf4593	xori	x11,x30,779	 x30:0x00000000 x11=0x0000030b
       53415000	      5242	8000aaa8	0000100f	fence.i	
       53435000	      5244	8000aaac	0001	c.addi	x0,0	  x0:0x00000000  x0=0x00000000
       53475000	      5248	8000aaae	02bd16b3	mulh	x13,x26,x11	 x26:0x8000bbf3 x11:0x0000030b x13=0xfffffe7a
       53485000	      5249	8000aab2	03899463	bne	x19,x24,8000aada	 x19:0x00014000 x24:0x00000010
       53505000	      5251	8000aada	0001	c.addi	x0,0	  x0:0x00000000  x0=0x00000000
       53515000	      5252	8000aadc	3402a173	csrrs	x2,mscratch,x5	  x5:0x00000000  x2=0x00000017
       53525000	      5253	8000aae0	0168adb3	slt	x27,x17,x22	 x17:0x73627946 x22:0x00000000 x27=0x00000000
       53535000	      5254	8000aae4	0386e163	bltu	x13,x24,8000ab06	 x13:0xfffffe7a x24:0x00000010
       53545000	      5255	8000aae8	8179	c.srli	x10,0x1e	 x10:0x00014000 x10=0x00000000
       53585000	      5259	8000aaea	02e0a4b3	mulhsu	x9,x1,x14	  x1:0x00000130 x14:0x73627816  x9=0x00000089
       53595000	      5260	8000aaee	007138b3	sltu	x17,x2,x7	  x2:0x00000017  x7:0x00007001 x17=0x00000001
       53605000	      5261	8000aaf2	0001	c.addi	x0,0	  x0:0x00000000  x0=0x00000000
       53615000	      5262	8000aaf4	340061f3	csrrsi	x3,mscratch,0	  x3=0x00000017
       53625000	      5263	8000aaf8	b53d6c93	ori	x25,x26,-1197	 x26:0x8000bbf3 x25=0xfffffbf3
       53635000	      5264	8000aafc	01ee3033	sltu	x0,x28,x30	 x28:0x80021e24 x30:0x00000000  x0=0x00000000
       53645000	      5265	8000ab00	0001	c.addi	x0,0	  x0:0x00000000  x0=0x00000000
       53665000	      5267	8000ab02	020dddb3	divu	x27,x27,x0	 x27:0x00000000  x0:0x00000000 x27=0xffffffff
       53675000	      5268	8000ab06	16334217	auipc	x4,0x16334	  x4=0x9633eb06
       53715000	      5272	8000ab0a	02f1beb3	mulhu	x29,x3,x15	  x3:0x00000017 x15:0x80000001 x29=0x0000000b
       53725000	      5273	8000ab0e	0000100f	fence.i	
       53745000	      5275	8000ab12	0001	c.addi	x0,0	  x0:0x00000000  x0=0x00000000
       53755000	      5276	8000ab14	340156f3	csrrwi	x13,mscratch,2	 x13=0x00000017
       53765000	      5277	8000ab18	717d	c.addi16sp	x2,-16	  x2:0x00000017  x2=0x00000007
       53775000	      5278	8000ab1a	6345	c.lui	x6,0x11	  x6=0x00011000
       53785000	      5279	8000ab1c	8d41	c.or	x10,x8	 x10:0x00000000  x8:0x80000000 x10=0x80000000
       53795000	      5280	8000ab1e	03d61863	bne	x12,x29,8000ab4e	 x12:0x80025ce4 x29:0x0000000b
       53825000	      5283	8000ab4e	00c2f6b3	and	x13,x5,x12	  x5:0x00000000 x12:0x80025ce4 x13=0x00000000
       53835000	      5284	8000ab52	010c	c.addi4spn	x11,x2,128	 x11=0x00000087
       54205000	      5321	8000ab54	023e4f33	div	x30,x28,x3	 x28:0x80021e24  x3:0x00000017 x30=0xfa6f657c
       54245000	      5325	8000ab58	0350b333	mulhu	x6,x1,x21	  x1:0x00000130 x21:0x00180000  x6=0x00000000
       54255000	      5326	8000ab5c	0000100f	fence.i	
       54275000	      5328	8000ab60	0001	c.addi	x0,0	  x0:0x00000000  x0=0x00000000
       54285000	      5329	8000ab62	010b4b33	xor	x22,x22,x16	 x22:0x00000000 x16:0x00000000 x22=0x00000000
       54295000	      5330	8000ab66	40acd793	srai	x15,x25,0xa	 x25:0xfffffbf3 x15=0xfffffffe
       54305000	      5331	8000ab6a	34003b73	csrrc	x22,mscratch,x0	  x0:0x00000000 x22=0x00000002
       54315000	      5332	8000ab6e	340ce0f3	csrrsi	x1,mscratch,25	  x1=0x00000002
       54325000	      5333	8000ab72	84e1	c.srai	x9,0x18	  x9:0x00000089  x9=0x00000000
       54335000	      5334	8000ab74	db0b3993	sltiu	x19,x22,-592	 x22:0x00000002 x19=0x00000001
       54345000	      5335	8000ab78	01c91133	sll	x2,x18,x28	 x18:0x00000000 x28:0x80021e24  x2=0x00000000
       54385000	      5339	8000ab7c	02541233	mulh	x4,x8,x5	  x8:0x80000000  x5:0x00000000  x4=0x00000000
       54395000	      5340	8000ab80	04b07163	bgeu	x0,x11,8000abc2	  x0:0x00000000 x11:0x00000087
       54405000	      5341	8000ab84	14192337	lui	x6,0x14192	  x6=0x14192000
       54415000	      5342	8000ab88	340f1873	csrrw	x16,mscratch,x30	 x30:0xfa6f657c x16=0x0000001b
       54425000	      5343	8000ab8c	0105a933	slt	x18,x11,x16	 x11:0x00000087 x16:0x0000001b x18=0x00000000
       54435000	      5344	8000ab90	8f61	c.and	x14,x8	 x14:0x73627816  x8:0x80000000 x14=0x00000000
       54445000	      5345	8000ab92	55fd	c.li	x11,-1	 x11=0xffffffff
       54455000	      5346	8000ab94	40ac89b3	sub	x19,x25,x10	 x25:0xfffffbf3 x10:0x80000000 x19=0x7ffffbf3
       54465000	      5347	8000ab98	dcd7e013	ori	x0,x15,-563	 x15:0xfffffffe  x0=0x00000000
       54475000	      5348	8000ab9c	0001	c.addi	x0,0	  x0:0x00000000  x0=0x00000000
       54845000	      5385	8000ab9e	02354333	div	x6,x10,x3	 x10:0x80000000  x3:0x00000017  x6=0xfa6f4dea
       54855000	      5386	8000aba2	00d61263	bne	x12,x13,8000aba6	 x12:0x80025ce4 x13:0x00000000
       54885000	      5389	8000aba6	34072af3	csrrs	x21,mscratch,x14	 x14:0x00000000 x21=0xfa6f657c
       54895000	      5390	8000abaa	000d4c63	blt	x26,x0,8000abc2	 x26:0x8000bbf3  x0:0x00000000
       54915000	      5392	8000abc2	0001	c.addi	x0,0	  x0:0x00000000  x0=0x00000000
       54925000	      5393	8000abc4	092ba013	slti	x0,x23,146	 x23:0x40200247  x0=0x00000000
       54935000	      5394	8000abc8	8da9	c.xor	x11,x10	 x11:0xffffffff x10:0x80000000 x11=0x7fffffff
       54945000	      5395	8000abca	717d	c.addi16sp	x2,-16	  x2:0x00000000  x2=0xfffffff0
       54955000	      5396	8000abcc	34053773	csrrc	x14,mscratch,x10	 x10:0x80000000 x14=0xfa6f657c
       54965000	      5397	8000abd0	03f06363	bltu	x0,x31,8000abf6	  x0:0x00000000 x31:0x00000000
       54975000	      5398	8000abd4	01c237b3	sltu	x15,x4,x28	  x4:0x00000000 x28:0x80021e24 x15=0x00000001
       54985000	      5399	8000abd8	40efdc33	sra	x24,x31,x14	 x31:0x00000000 x14:0xfa6f657c x24=0x00000000
       55005000	      5401	8000abdc	038b51b3	divu	x3,x22,x24	 x22:0x00000002 x24:0x00000000  x3=0xffffffff
       55375000	      5438	8000abe0	023f68b3	rem	x17,x30,x3	 x30:0xfa6f657c  x3:0xffffffff x17=0x00000000
       55395000	      5440	8000abe4	0328fcb3	remu	x25,x17,x18	 x17:0x00000000 x18:0x00000000 x25=0x00000000
       55405000	      5441	8000abe8	808d1117	auipc	x2,0x808d1	  x2=0x008dbbe8
       55415000	      5442	8000abec	2858c213	xori	x4,x17,645	 x17:0x00000000  x4=0x00000285
       55425000	      5443	8000abf0	8b1d	c.andi	x14,7	 x14:0xfa6f657c x14=0x00000004
       55435000	      5444	8000abf2	0000100f	fence.i	
       55455000	      5446	8000abf6	82e6	c.mv	x5,x25	  x0:0x00000000 x25:0x00000000  x5=0x00000000
       55465000	      5447	8000abf8	019dd033	srl	x0,x27,x25	 x27:0xffffffff x25:0x00000000  x0=0x00000000
       55505000	      5451	8000abfc	03d3b8b3	mulhu	x17,x7,x29	  x7:0x00007001 x29:0x0000000b x17=0x00000000
       55515000	      5452	8000ac00	d6d27993	andi	x19,x4,-659	  x4:0x00000285 x19=0x00000005
       55525000	      5453	8000ac04	0114c8b3	xor	x17,x9,x17	  x9:0x00000000 x17:0x00000000 x17=0x00000000
       55535000	      5454	8000ac08	03ce	c.slli	x7,0x13	  x7:0x00007001  x7=0x80080000
       55545000	      5455	8000ac0a	0001	c.addi	x0,0	  x0:0x00000000  x0=0x00000000
       55555000	      5456	8000ac0c	0d5d	c.addi	x26,23	 x26:0x8000bbf3 x26=0x8000bc0a
       55595000	      5460	8000ac0e	032111b3	mulh	x3,x2,x18	  x2:0x008dbbe8 x18:0x00000000  x3=0x00000000
       55605000	      5461	8000ac12	8571	c.srai	x10,0x1c	 x10:0x80000000 x10=0xfffffff8
       55615000	      5462	8000ac14	34007df3	csrrci	x27,mscratch,0	 x27=0x7a6f657c
       55625000	      5463	8000ac18	8c99	c.sub	x9,x14	  x9:0x00000000 x14:0x00000004  x9=0xfffffffc
       55655000	      5466	8000ac1a	035784b3	mul	x9,x15,x21	 x15:0x00000001 x21:0xfa6f657c  x9=0xfa6f657c
       56025000	      5503	8000ac1e	022ffd33	remu	x26,x31,x2	 x31:0x00000000  x2:0x008dbbe8 x26=0x00000000
       56395000	      5540	8000ac22	037559b3	divu	x19,x10,x23	 x10:0xfffffff8 x23:0x40200247 x19=0x00000003
       56405000	      5541	8000ac26	0ff0000f	fence	iorw,iorw	
       56415000	      5542	8000ac2a	83ad	c.srli	x15,0xb	 x15:0x00000001 x15=0x00000000
       56425000	      5543	8000ac2c	414b5f13	srai	x30,x22,0x14	 x22:0x00000002 x30=0x00000000
       56435000	      5544	8000ac30	009753b3	srl	x7,x14,x9	 x14:0x00000004  x9:0xfa6f657c  x7=0x00000000
       56445000	      5545	8000ac34	033cda63	bge	x25,x19,8000ac68	 x25:0x00000000 x19:0x00000003
       56475000	      5548	8000ac38	036a81b3	mul	x3,x21,x22	 x21:0xfa6f657c x22:0x00000002  x3=0xf4decaf8
       56485000	      5549	8000ac3c	02fb7d63	bgeu	x22,x15,8000ac76	 x22:0x00000002 x15:0x00000000
       56545000	      5555	8000ac76	032d1a33	mulh	x20,x26,x18	 x26:0x00000000 x18:0x00000000 x20=0x00000000
       56555000	      5556	8000ac7a	8f01	c.sub	x14,x8	 x14:0x00000004  x8:0x80000000 x14=0x80000004
       56585000	      5559	8000ac7c	02128fb3	mul	x31,x5,x1	  x5:0x00000000  x1:0x00000002 x31=0x00000000
       56595000	      5560	8000ac80	040f7063	bgeu	x30,x0,8000acc0	 x30:0x00000000  x0:0x00000000
       56615000	      5562	8000acc0	01017fb3	and	x31,x2,x16	  x2:0x008dbbe8 x16:0x0000001b x31=0x00000008
       56625000	      5563	8000acc4	40bd8eb3	sub	x29,x27,x11	 x27:0x7a6f657c x11:0x7fffffff x29=0xfa6f657d
       56635000	      5564	8000acc8	02577763	bgeu	x14,x5,8000acf6	 x14:0x80000004  x5:0x00000000
       56655000	      5566	8000acf6	0001	c.addi	x0,0	  x0:0x00000000  x0=0x00000000
       56665000	      5567	8000acf8	80ed	c.srli	x9,0x1b	  x9:0xfa6f657c  x9=0x0000001f
       56675000	      5568	8000acfa	b66a3f93	sltiu	x31,x20,-1178	 x20:0x00000000 x31=0x00000001
       56685000	      5569	8000acfe	6b6d	c.lui	x22,0x1b	 x22=0x0001b000
       56695000	      5570	8000ad00	001e61b3	or	x3,x28,x1	 x28:0x80021e24  x1:0x00000002  x3=0x80021e26
       56705000	      5571	8000ad04	13840213	addi	x4,x8,312	  x8:0x80000000  x4=0x80000138
       56715000	      5572	8000ad08	408cd293	srai	x5,x25,0x8	 x25:0x00000000  x5=0x00000000
       56725000	      5573	8000ad0c	0d473593	sltiu	x11,x14,212	 x14:0x80000004 x11=0x00000000
       56735000	      5574	8000ad10	8f15	c.sub	x14,x13	 x14:0x80000004 x13:0x00000000 x14=0x80000004
       56745000	      5575	8000ad12	9f6a	c.add	x30,x26	 x30:0x00000000 x26:0x00000000 x30=0x00000000
       56755000	      5576	8000ad14	016352b3	srl	x5,x6,x22	  x6:0xfa6f4dea x22:0x0001b000  x5=0xfa6f4dea
       56765000	      5577	8000ad18	01235c13	srli	x24,x6,0x12	  x6:0xfa6f4dea x24=0x00003e9b
       56775000	      5578	8000ad1c	0001	c.addi	x0,0	  x0:0x00000000  x0=0x00000000
       56785000	      5579	8000ad1e	18184ab7	lui	x21,0x18184	 x21=0x18184000
       56795000	      5580	8000ad22	34003c73	csrrc	x24,mscratch,x0	  x0:0x00000000 x24=0x7a6f657c
       56825000	      5583	8000ad26	02340eb3	mul	x29,x8,x3	  x8:0x80000000  x3:0x80021e26 x29=0x00000000
       56855000	      5586	8000ad2a	03108cb3	mul	x25,x1,x17	  x1:0x00000002 x17:0x00000000 x25=0x00000000
       56865000	      5587	8000ad2e	7fa06913	ori	x18,x0,2042	  x0:0x00000000 x18=0x000007fa
       56875000	      5588	8000ad32	012698b3	sll	x17,x13,x18	 x13:0x00000000 x18:0x000007fa x17=0x00000000
       56885000	      5589	8000ad36	34007cf3	csrrci	x25,mscratch,0	 x25=0x7a6f657c
       56895000	      5590	8000ad3a	0100a033	slt	x0,x1,x16	  x1:0x00000002 x16:0x0000001b  x0=0x00000000
       56905000	      5591	8000ad3e	1814	c.addi4spn	x13,x2,48	 x13=0x008dbc18
       56915000	      5592	8000ad40	0000100f	fence.i	
       56935000	      5594	8000ad44	9836	c.add	x16,x13	 x16:0x0000001b x13:0x008dbc18 x16=0x008dbc33
       56945000	      5595	8000ad46	0001	c.addi	x0,0	  x0:0x00000000  x0=0x00000000
       56955000	      5596	8000ad48	8315	c.srli	x14,0x5	 x14:0x80000004 x14=0x04000000
       56995000	      5600	8000ad4a	028a2733	mulhsu	x14,x20,x8	 x20:0x00000000  x8:0x80000000 x14=0x00000000
       57005000	      5601	8000ad4e	8369	c.srli	x14,0x1a	 x14:0x00000000 x14=0x00000000
       57015000	      5602	8000ad50	41f2d133	sra	x2,x5,x31	  x5:0xfa6f4dea x31:0x00000001  x2=0xfd37a6f5
       57025000	      5603	8000ad54	415288b3	sub	x17,x5,x21	  x5:0xfa6f4dea x21:0x18184000 x17=0xe2570dea
       57035000	      5604	8000ad58	00275d33	srl	x26,x14,x2	 x14:0x00000000  x2:0xfd37a6f5 x26=0x00000000
       57045000	      5605	8000ad5c	0001	c.addi	x0,0	  x0:0x00000000  x0=0x00000000
       57055000	      5606	8000ad5e	340ce373	csrrsi	x6,mscratch,25	  x6=0x7a6f657c
       57065000	      5607	8000ad62	00972cb3	slt	x25,x14,x9	 x14:0x00000000  x9:0x0000001f x25=0x00000001
       57105000	      5611	8000ad66	036a96b3	mulh	x13,x21,x22	 x21:0x18184000 x22:0x0001b000 x13=0x000028a8
       57115000	      5612	8000ad6a	01093f33	sltu	x30,x18,x16	 x18:0x000007fa x16:0x008dbc33 x30=0x00000001
       57145000	      5615	8000ad6e	02cc8fb3	mul	x31,x25,x12	 x25:0x00000001 x12:0x80025ce4 x31=0x80025ce4
       57155000	      5616	8000ad72	c989	c.beqz	x11,8000ad84	 x11:0x00000000
       57175000	      5618	8000ad84	40a10bb3	sub	x23,x2,x10	  x2:0xfd37a6f5 x10:0xfffffff8 x23=0xfd37a6fd
       57185000	      5619	8000ad88	0122	c.slli	x2,0x8	  x2:0xfd37a6f5  x2=0x37a6f500
       57195000	      5620	8000ad8a	34003bf3	csrrc	x23,mscratch,x0	  x0:0x00000000 x23=0x7a6f657d
       57205000	      5621	8000ad8e	8cbd	c.xor	x9,x15	  x9:0x0000001f x15:0x00000000  x9=0x0000001f
       57215000	      5622	8000ad90	0257d863	bge	x15,x5,8000adc0	 x15:0x00000000  x5:0xfa6f4dea
       57235000	      5624	8000adc0	cf7aa893	slti	x17,x21,-777	 x21:0x18184000 x17=0x00000000
       57245000	      5625	8000adc4	ad356293	ori	x5,x10,-1325	 x10:0xfffffff8  x5=0xfffffffb
       57255000	      5626	8000adc8	04fd7063	bgeu	x26,x15,8000ae08	 x26:0x00000000 x15:0x00000000
       57275000	      5628	8000ae08	9a2a40b7	lui	x1,0x9a2a4	  x1=0x9a2a4000
       57285000	      5629	8000ae0c	97a2	c.add	x15,x8	 x15:0x00000000  x8:0x80000000 x15=0x80000000
       57295000	      5630	8000ae0e	3404eff3	csrrsi	x31,mscratch,9	 x31=0x7a6f657d
       57305000	      5631	8000ae12	6285	c.lui	x5,0x1	  x5=0x00001000
       57315000	      5632	8000ae14	8d15	c.sub	x10,x13	 x10:0xfffffff8 x13:0x000028a8 x10=0xffffd750
       57325000	      5633	8000ae16	833d	c.srli	x14,0xf	 x14:0x00000000 x14=0x00000000
       57335000	      5634	8000ae18	34097cf3	csrrci	x25,mscratch,18	 x25=0x7a6f657d
       57345000	      5635	8000ae1c	34002f73	csrrs	x30,mscratch,x0	  x0:0x00000000 x30=0x7a6f656d
       57355000	      5636	8000ae20	02ace063	bltu	x25,x10,8000ae40	 x25:0x7a6f657d x10:0xffffd750
       57395000	      5640	8000ae40	02280db3	mul	x27,x16,x2	 x16:0x008dbc33  x2:0x37a6f500 x27=0xa32ecf00
       57405000	      5641	8000ae44	8d49	c.or	x10,x10	 x10:0xffffd750 x10:0xffffd750 x10=0xffffd750
       57415000	      5642	8000ae46	8f31	c.xor	x14,x12	 x14:0x00000000 x12:0x80025ce4 x14=0x80025ce4
       57785000	      5679	8000ae48	021edfb3	divu	x31,x29,x1	 x29:0x00000000  x1:0x9a2a4000 x31=0x00000000
       57795000	      5680	8000ae4c	0202cc63	blt	x5,x0,8000ae84	  x5:0x00001000  x0:0x00000000
       57805000	      5681	8000ae50	34009873	csrrw	x16,mscratch,x1	  x1:0x9a2a4000 x16=0x7a6f656d
       57815000	      5682	8000ae54	340cfbf3	csrrci	x23,mscratch,25	 x23=0x9a2a4000
       57825000	      5683	8000ae58	6805	c.lui	x16,0x1	 x16=0x00001000
       57835000	      5684	8000ae5a	31da0c93	addi	x25,x20,797	 x20:0x00000000 x25=0x0000031d
       57845000	      5685	8000ae5e	0000100f	fence.i	
       57875000	      5688	8000ae62	d1bd3db7	lui	x27,0xd1bd3	 x27=0xd1bd3000
       57885000	      5689	8000ae66	03817c63	bgeu	x2,x24,8000ae9e	  x2:0x37a6f500 x24:0x7a6f657c
       57895000	      5690	8000ae6a	340ffcf3	csrrci	x25,mscratch,31	 x25=0x9a2a4000
       57905000	      5691	8000ae6e	0000100f	fence.i	
       57935000	      5694	8000ae72	00cf50b3	srl	x1,x30,x12	 x30:0x7a6f656d x12:0x80025ce4  x1=0x07a6f656
       57945000	      5695	8000ae76	34093573	csrrc	x10,mscratch,x18	 x18:0x000007fa x10=0x9a2a4000
       57955000	      5696	8000ae7a	340a1873	csrrw	x16,mscratch,x20	 x20:0x00000000 x16=0x9a2a4000
       57965000	      5697	8000ae7e	c095	c.beqz	x9,8000aea2	  x9:0x0000001f
       57975000	      5698	8000ae80	717d	c.addi16sp	x2,-16	  x2:0x37a6f500  x2=0x37a6f4f0
       57985000	      5699	8000ae82	07d6	c.slli	x15,0x15	 x15:0x80000000 x15=0x00000000
       57995000	      5700	8000ae84	34097973	csrrci	x18,mscratch,18	 x18=0x00000000
       58005000	      5701	8000ae88	8905	c.andi	x10,1	 x10:0x9a2a4000 x10=0x00000000
       58015000	      5702	8000ae8a	0ff0000f	fence	iorw,iorw	
       58025000	      5703	8000ae8e	93656193	ori	x3,x10,-1738	 x10:0x00000000  x3=0xfffff936
       58035000	      5704	8000ae92	0038b533	sltu	x10,x17,x3	 x17:0x00000000  x3:0xfffff936 x10=0x00000001
       58045000	      5705	8000ae96	340e14f3	csrrw	x9,mscratch,x28	 x28:0x80021e24  x9=0x00000000
       58055000	      5706	8000ae9a	010713b3	sll	x7,x14,x16	 x14:0x80025ce4 x16:0x9a2a4000  x7=0x80025ce4
       58065000	      5707	8000ae9e	0001	c.addi	x0,0	  x0:0x00000000  x0=0x00000000
       58075000	      5708	8000aea0	89a2	c.mv	x19,x8	  x0:0x00000000  x8:0x80000000 x19=0x80000000
       58115000	      5712	8000aea2	039fadb3	mulhsu	x27,x31,x25	 x31:0x00000000 x25:0x9a2a4000 x27=0x00000000
       58125000	      5713	8000aea6	09305d37	lui	x26,0x9305	 x26=0x09305000
       58495000	      5750	8000aeaa	02815f33	divu	x30,x2,x8	  x2:0x37a6f4f0  x8:0x80000000 x30=0x00000000
       58505000	      5751	8000aeae	0ff0000f	fence	iorw,iorw	
       58515000	      5752	8000aeb2	340abff3	csrrc	x31,mscratch,x21	 x21:0x18184000 x31=0x80021e24
       58525000	      5753	8000aeb6	8ea9	c.xor	x13,x10	 x13:0x000028a8 x10:0x00000001 x13=0x000028a9
       58535000	      5754	8000aeb8	9df2	c.add	x27,x28	 x27:0x00000000 x28:0x80021e24 x27=0x80021e24
       58545000	      5755	8000aeba	bbb16893	ori	x17,x2,-1093	  x2:0x37a6f4f0 x17=0xfffffffb
       58555000	      5756	8000aebe	76d57c13	andi	x24,x10,1901	 x10:0x00000001 x24=0x00000001
       58565000	      5757	8000aec2	340ef073	csrrci	x0,mscratch,29	  x0=0x00000000
       58575000	      5758	8000aec6	5ec86213	ori	x4,x16,1516	 x16:0x9a2a4000  x4=0x9a2a45ec
       58585000	      5759	8000aeca	018607b3	add	x15,x12,x24	 x12:0x80025ce4 x24:0x00000001 x15=0x80025ce5
       58595000	      5760	8000aece	0078f263	bgeu	x17,x7,8000aed2	 x17:0xfffffffb  x7:0x80025ce4
       58625000	      5763	8000aed2	34083973	csrrc	x18,mscratch,x16	 x16:0x9a2a4000 x18=0x80021e20
       58635000	      5764	8000aed6	60ed	c.lui	x1,0x1b	  x1=0x0001b000
       58645000	      5765	8000aed8	0001	c.addi	x0,0	  x0:0x00000000  x0=0x00000000
       58655000	      5766	8000aeda	8f31	c.xor	x14,x12	 x14:0x80025ce4 x12:0x80025ce4 x14=0x00000000
       58665000	      5767	8000aedc	340398f3	csrrw	x17,mscratch,x7	  x7:0x80025ce4 x17=0x00001e20
       58675000	      5768	8000aee0	08d6	c.slli	x17,0x15	 x17:0x00001e20 x17=0xc4000000
       58685000	      5769	8000aee2	9768a493	slti	x9,x17,-1674	 x17:0xc4000000  x9=0x00000001
       58695000	      5770	8000aee6	1784	c.addi4spn	x9,x2,992	  x9=0x37a6f8d0
       58705000	      5771	8000aee8	01d06f33	or	x30,x0,x29	  x0:0x00000000 x29:0x00000000 x30=0x00000000
       58715000	      5772	8000aeec	021d9c63	bne	x27,x1,8000af24	 x27:0x80021e24  x1:0x0001b000
       58735000	      5774	8000af24	8f81	c.sub	x15,x8	 x15:0x80025ce5  x8:0x80000000 x15=0x00025ce5
       59105000	      5811	8000af26	03814a33	div	x20,x2,x24	  x2:0x37a6f4f0 x24:0x00000001 x20=0x37a6f4f0
       59115000	      5812	8000af2a	fbdfbb93	sltiu	x23,x31,-67	 x31:0x80021e24 x23=0x00000001
       59155000	      5816	8000af2e	032796b3	mulh	x13,x15,x18	 x15:0x00025ce5 x18:0x80021e20 x13=0xfffed192
       59165000	      5817	8000af32	00ab0c33	add	x24,x22,x10	 x22:0x0001b000 x10:0x00000001 x24=0x0001b001
       59175000	      5818	8000af36	64917193	andi	x3,x2,1609	  x2:0x37a6f4f0  x3=0x00000440
       59185000	      5819	8000af3a	8862	c.mv	x16,x24	  x0:0x00000000 x24:0x0001b001 x16=0x0001b001
       59195000	      5820	8000af3c	031cda63	bge	x25,x17,8000af70	 x25:0x9a2a4000 x17:0xc4000000
       59205000	      5821	8000af40	340f5373	csrrwi	x6,mscratch,30	  x6=0x80025ce4
       59215000	      5822	8000af44	003487b3	add	x15,x9,x3	  x9:0x37a6f8d0  x3:0x00000440 x15=0x37a6fd10
       59225000	      5823	8000af48	0001	c.addi	x0,0	  x0:0x00000000  x0=0x00000000
       59235000	      5824	8000af4a	03475063	bge	x14,x20,8000af6a	 x14:0x00000000 x20:0x37a6f4f0
       59245000	      5825	8000af4e	0001	c.addi	x0,0	  x0:0x00000000  x0=0x00000000
       59255000	      5826	8000af50	02af8b63	beq	x31,x10,8000af86	 x31:0x80021e24 x10:0x00000001
       59265000	      5827	8000af54	03bb4263	blt	x22,x27,8000af78	 x22:0x0001b000 x27:0x80021e24
       59275000	      5828	8000af58	4ecebd93	sltiu	x27,x29,1260	 x29:0x00000000 x27=0x00000001
       59285000	      5829	8000af5c	34071f73	csrrw	x30,mscratch,x14	 x14:0x00000000 x30=0x0000001e
       59295000	      5830	8000af60	3400b873	csrrc	x16,mscratch,x1	  x1:0x0001b000 x16=0x00000000
       59305000	      5831	8000af64	0cfe	c.slli	x25,0x1f	 x25:0x9a2a4000 x25=0x00000000
       59315000	      5832	8000af66	340024f3	csrrs	x9,mscratch,x0	  x0:0x00000000  x9=0x00000000
       59325000	      5833	8000af6a	8276	c.mv	x4,x29	  x0:0x00000000 x29:0x00000000  x4=0x00000000
       59335000	      5834	8000af6c	00d45533	srl	x10,x8,x13	  x8:0x80000000 x13:0xfffed192 x10=0x00002000
       59345000	      5835	8000af70	40df8133	sub	x2,x31,x13	 x31:0x80021e24 x13:0xfffed192  x2=0x80034c92
       59355000	      5836	8000af74	34077573	csrrci	x10,mscratch,14	 x10=0x00000000
       59365000	      5837	8000af78	8759	c.srai	x14,0x16	 x14:0x00000000 x14=0x00000000
       59375000	      5838	8000af7a	2b81e097	auipc	x1,0x2b81e	  x1=0xab828f7a
       59385000	      5839	8000af7e	5c72d237	lui	x4,0x5c72d	  x4=0x5c72d000
       59395000	      5840	8000af82	008f1913	slli	x18,x30,0x8	 x30:0x0000001e x18=0x00001e00
       59405000	      5841	8000af86	34087173	csrrci	x2,mscratch,16	  x2=0x00000000
       59415000	      5842	8000af8a	41f886b3	sub	x13,x17,x31	 x17:0xc4000000 x31:0x80021e24 x13=0x43fde1dc
       59425000	      5843	8000af8e	13cff517	auipc	x10,0x13cff	 x10=0x93d09f8e
       59435000	      5844	8000af92	015f6a33	or	x20,x30,x21	 x30:0x0000001e x21:0x18184000 x20=0x1818401e
       59445000	      5845	8000af96	0108	c.addi4spn	x10,x2,128	 x10=0x00000080
       59455000	      5846	8000af98	717d	c.addi16sp	x2,-16	  x2:0x00000000  x2=0xfffffff0
       59825000	      5883	8000af9a	03826bb3	rem	x23,x4,x24	  x4:0x5c72d000 x24:0x0001b001 x23=0x00011938
       60195000	      5920	8000af9e	0223dab3	divu	x21,x7,x2	  x7:0x80025ce4  x2:0xfffffff0 x21=0x00000000
       60205000	      5921	8000afa2	02e4e263	bltu	x9,x14,8000afc6	  x9:0x00000000 x14:0x00000000
       60215000	      5922	8000afa6	34003bf3	csrrc	x23,mscratch,x0	  x0:0x00000000 x23=0x00000000
       60225000	      5923	8000afaa	00651c13	slli	x24,x10,0x6	 x10:0x00000080 x24=0x00002000
       60235000	      5924	8000afae	c3750593	addi	x11,x10,-969	 x10:0x00000080 x11=0xfffffcb7
       60605000	      5961	8000afb2	03e749b3	div	x19,x14,x30	 x14:0x00000000 x30:0x0000001e x19=0x00000000
       60615000	      5962	8000afb6	62e9	c.lui	x5,0x1a	  x5=0x0001a000
       60625000	      5963	8000afb8	3400b5f3	csrrc	x11,mscratch,x1	  x1:0xab828f7a x11=0x00000000
       60635000	      5964	8000afbc	8ef1	c.and	x13,x12	 x13:0x43fde1dc x12:0x80025ce4 x13=0x000040c4
       60645000	      5965	8000afbe	00d72f33	slt	x30,x14,x13	 x14:0x00000000 x13:0x000040c4 x30=0x00000001
       60655000	      5966	8000afc2	012bef63	bltu	x23,x18,8000afe0	 x23:0x00000000 x18:0x00001e00
       60675000	      5968	8000afe0	0291e463	bltu	x3,x9,8000b008	  x3:0x00000440  x9:0x00000000
       60685000	      5969	8000afe4	01e2c763	blt	x5,x30,8000aff2	  x5:0x0001a000 x30:0x00000001
       60695000	      5970	8000afe8	dedd1237	lui	x4,0xdedd1	  x4=0xdedd1000
       60705000	      5971	8000afec	816d	c.srli	x10,0x1b	 x10:0x00000080 x10=0x00000000
       60715000	      5972	8000afee	01d4ed63	bltu	x9,x29,8000b008	  x9:0x00000000 x29:0x00000000
       60755000	      5976	8000aff2	022ba933	mulhsu	x18,x23,x2	 x23:0x00000000  x2:0xfffffff0 x18=0x00000000
       60765000	      5977	8000aff6	955e	c.add	x10,x23	 x10:0x00000000 x23:0x00000000 x10=0x00000000
       60775000	      5978	8000aff8	f3c8ed13	ori	x26,x17,-196	 x17:0xc4000000 x26=0xffffff3c
       60785000	      5979	8000affc	0000100f	fence.i	
       60805000	      5981	8000b000	00051333	sll	x6,x10,x0	 x10:0x00000000  x0:0x00000000  x6=0x00000000
       60815000	      5982	8000b004	01481b33	sll	x22,x16,x20	 x16:0x00000000 x20:0x1818401e x22=0x00000000
       60825000	      5983	8000b008	40b3dc93	srai	x25,x7,0xb	  x7:0x80025ce4 x25=0xfff0004b
       60835000	      5984	8000b00c	340617f3	csrrw	x15,mscratch,x12	 x12:0x80025ce4 x15=0x00000000
       60845000	      5985	8000b010	34007a73	csrrci	x20,mscratch,0	 x20=0x80025ce4
       60855000	      5986	8000b014	01833733	sltu	x14,x6,x24	  x6:0x00000000 x24:0x00002000 x14=0x00000001
       60865000	      5987	8000b018	34096cf3	csrrsi	x25,mscratch,18	 x25=0x80025ce4
       60875000	      5988	8000b01c	00cd0bb3	add	x23,x26,x12	 x26:0xffffff3c x12:0x80025ce4 x23=0x80025c20
       60885000	      5989	8000b020	01fee9b3	or	x19,x29,x31	 x29:0x00000000 x31:0x80021e24 x19=0x80021e24
       60895000	      5990	8000b024	021c1c63	bne	x24,x1,8000b05c	 x24:0x00002000  x1:0xab828f7a
       60915000	      5992	8000b05c	8dad	c.xor	x11,x11	 x11:0x00000000 x11:0x00000000 x11=0x00000000
       60925000	      5993	8000b05e	b274e913	ori	x18,x9,-1241	  x9:0x00000000 x18=0xfffffb27
       60935000	      5994	8000b062	00ce59b3	srl	x19,x28,x12	 x28:0x80021e24 x12:0x80025ce4 x19=0x080021e2
       60945000	      5995	8000b066	34002373	csrrs	x6,mscratch,x0	  x0:0x00000000  x6=0x80025cf6
       60955000	      5996	8000b06a	81f5	c.srli	x11,0x1d	 x11:0x00000000 x11=0x00000000
       60965000	      5997	8000b06c	40c50d33	sub	x26,x10,x12	 x10:0x00000000 x12:0x80025ce4 x26=0x7ffda31c
       60975000	      5998	8000b070	00653b33	sltu	x22,x10,x6	 x10:0x00000000  x6:0x80025cf6 x22=0x00000001
       60985000	      5999	8000b074	6135	c.addi16sp	x2,352	  x2:0xfffffff0  x2=0x00000150
       60995000	      6000	8000b076	40845c93	srai	x25,x8,0x8	  x8:0x80000000 x25=0xff800000
       61365000	      6037	8000b07a	027bea33	rem	x20,x23,x7	 x23:0x80025c20  x7:0x80025ce4 x20=0xffffff3c
       61735000	      6074	8000b07e	03616eb3	rem	x29,x2,x22	  x2:0x00000150 x22:0x00000001 x29=0x00000000
       61745000	      6075	8000b082	98b6	c.add	x17,x13	 x17:0xc4000000 x13:0x000040c4 x17=0xc40040c4
       61755000	      6076	8000b084	02ded463	bge	x29,x13,8000b0ac	 x29:0x00000000 x13:0x000040c4
       61765000	      6077	8000b088	005ab333	sltu	x6,x21,x5	 x21:0x00000000  x5:0x0001a000  x6=0x00000001
       61775000	      6078	8000b08c	0001	c.addi	x0,0	  x0:0x00000000  x0=0x00000000
       61785000	      6079	8000b08e	035e4e63	blt	x28,x21,8000b0ca	 x28:0x80021e24 x21:0x00000000
       61815000	      6082	8000b0ca	01e4b8b3	sltu	x17,x9,x30	  x9:0x00000000 x30:0x00000001 x17=0x00000001
       61845000	      6085	8000b0ce	038609b3	mul	x19,x12,x24	 x12:0x80025ce4 x24:0x00002000 x19=0x4b9c8000
       61855000	      6086	8000b0d2	34043d73	csrrc	x26,mscratch,x8	  x8:0x80000000 x26=0x80025cf6
       61865000	      6087	8000b0d6	8d41	c.or	x10,x8	 x10:0x00000000  x8:0x80000000 x10=0x80000000
       61875000	      6088	8000b0d8	4769	c.li	x14,26	 x14=0x0000001a
       61885000	      6089	8000b0da	34002073	csrrs	x0,mscratch,x0	  x0:0x00000000  x0=0x00000000
       61895000	      6090	8000b0de	0001	c.addi	x0,0	  x0:0x00000000  x0=0x00000000
       61905000	      6091	8000b0e0	78306137	lui	x2,0x78306	  x2=0x78306000
       61915000	      6092	8000b0e4	c581	c.beqz	x11,8000b0ec	 x11:0x00000000
       61935000	      6094	8000b0ec	a034bf93	sltiu	x31,x9,-1533	  x9:0x00000000 x31=0x00000001
       61945000	      6095	8000b0f0	416b5bb3	sra	x23,x22,x22	 x22:0x00000001 x22:0x00000001 x23=0x00000000
       61955000	      6096	8000b0f4	6131	c.addi16sp	x2,320	  x2:0x78306000  x2=0x78306140
       61965000	      6097	8000b0f6	7eeb2393	slti	x7,x22,2030	 x22:0x00000001  x7=0x00000001
       62005000	      6101	8000b0fa	023e33b3	mulhu	x7,x28,x3	 x28:0x80021e24  x3:0x00000440  x7=0x00000220
       62015000	      6102	8000b0fe	01656d33	or	x26,x10,x22	 x10:0x80000000 x22:0x00000001 x26=0x80000001
       62025000	      6103	8000b102	8cb1	c.xor	x9,x12	  x9:0x00000000 x12:0x80025ce4  x9=0x80025ce4
       62035000	      6104	8000b104	0926	c.slli	x18,0x9	 x18:0xfffffb27 x18=0xfff64e00
       62045000	      6105	8000b106	04da1563	bne	x20,x13,8000b150	 x20:0xffffff3c x13:0x000040c4
       62085000	      6109	8000b150	022780b3	mul	x1,x15,x2	 x15:0x00000000  x2:0x78306140  x1=0x00000000
       62095000	      6110	8000b154	002e9263	bne	x29,x2,8000b158	 x29:0x00000000  x2:0x78306140
       62115000	      6112	8000b158	02f97163	bgeu	x18,x15,8000b17a	 x18:0xfff64e00 x15:0x00000000
       62135000	      6114	8000b17a	09a9	c.addi	x19,10	 x19:0x4b9c8000 x19=0x4b9c800a
       62145000	      6115	8000b17c	340031f3	csrrc	x3,mscratch,x0	  x0:0x00000000  x3=0x00025cf6
       62515000	      6152	8000b180	03e77a33	remu	x20,x14,x30	 x14:0x0000001a x30:0x00000001 x20=0x00000000
       62525000	      6153	8000b184	01c23933	sltu	x18,x4,x28	  x4:0xdedd1000 x28:0x80021e24 x18=0x00000000
       62535000	      6154	8000b188	34002af3	csrrs	x21,mscratch,x0	  x0:0x00000000 x21=0x00025cf6
       62545000	      6155	8000b18c	0b9e	c.slli	x23,0x7	 x23:0x00000000 x23=0x00000000
       62555000	      6156	8000b18e	48711e97	auipc	x29,0x48711	 x29=0xc871c18e
       62565000	      6157	8000b192	1d7d	c.addi	x26,-1	 x26:0x80000001 x26=0x80000000
       62575000	      6158	8000b194	010b9793	slli	x15,x23,0x10	 x23:0x00000000 x15=0x00000000
       62585000	      6159	8000b198	340cbd73	csrrc	x26,mscratch,x25	 x25:0xff800000 x26=0x00025cf6
       62595000	      6160	8000b19c	8d09	c.sub	x10,x10	 x10:0x80000000 x10:0x80000000 x10=0x00000000
       62625000	      6163	8000b19e	02db0033	mul	x0,x22,x13	 x22:0x00000001 x13:0x000040c4  x0=0x00000000
       62635000	      6164	8000b1a2	12586e93	ori	x29,x16,293	 x16:0x00000000 x29=0x00000125
       62645000	      6165	8000b1a6	0001	c.addi	x0,0	  x0:0x00000000  x0=0x00000000
       62655000	      6166	8000b1a8	0277f563	bgeu	x15,x7,8000b1d2	 x15:0x00000000  x7:0x00000220
       62665000	      6167	8000b1ac	0d22	c.slli	x26,0x8	 x26:0x00025cf6 x26=0x025cf600
       62675000	      6168	8000b1ae	01bb69b3	or	x19,x22,x27	 x22:0x00000001 x27:0x00000001 x19=0x00000001
       62685000	      6169	8000b1b2	0126d993	srli	x19,x13,0x12	 x13:0x000040c4 x19=0x00000000
       62695000	      6170	8000b1b6	0356dd63	bge	x13,x21,8000b1f0	 x13:0x000040c4 x21:0x00025cf6
       62705000	      6171	8000b1ba	569df713	andi	x14,x27,1385	 x27:0x00000001 x14=0x00000001
       62715000	      6172	8000b1be	405b8db3	sub	x27,x23,x5	 x23:0x00000000  x5:0x0001a000 x27=0xfffe6000
       62725000	      6173	8000b1c2	005aac33	slt	x24,x21,x5	 x21:0x00025cf6  x5:0x0001a000 x24=0x00000000
       62735000	      6174	8000b1c6	340ad073	csrrwi	x0,mscratch,21	  x0=0x00000000
       62745000	      6175	8000b1ca	01c380b3	add	x1,x7,x28	  x7:0x00000220 x28:0x80021e24  x1=0x80022044
       62755000	      6176	8000b1ce	01f7a133	slt	x2,x15,x31	 x15:0x00000000 x31:0x00000001  x2=0x00000001
       62765000	      6177	8000b1d2	717d	c.addi16sp	x2,-16	  x2:0x00000001  x2=0xfffffff1
       62775000	      6178	8000b1d4	01615eb3	srl	x29,x2,x22	  x2:0xfffffff1 x22:0x00000001 x29=0x7ffffff8
       62785000	      6179	8000b1d8	ee95	c.bnez	x13,8000b214	 x13:0x000040c4
       63165000	      6217	8000b214	02e57133	remu	x2,x10,x14	 x10:0x00000000 x14:0x00000001  x2=0x00000000
       63175000	      6218	8000b218	018208b3	add	x17,x4,x24	  x4:0xdedd1000 x24:0x00000000 x17=0xdedd1000
       63185000	      6219	8000b21c	410d5d13	srai	x26,x26,0x10	 x26:0x025cf600 x26=0x0000025c
       63195000	      6220	8000b220	00ed0033	add	x0,x26,x14	 x26:0x0000025c x14:0x00000001  x0=0x00000000
       63205000	      6221	8000b224	40bbd6b3	sra	x13,x23,x11	 x23:0x00000000 x11:0x00000000 x13=0x00000000
       63215000	      6222	8000b228	41bdd193	srai	x3,x27,0x1b	 x27:0xfffe6000  x3=0xffffffff
       63225000	      6223	8000b22c	0ff0000f	fence	iorw,iorw	
       63235000	      6224	8000b230	01ba47b3	xor	x15,x20,x27	 x20:0x00000000 x27:0xfffe6000 x15=0xfffe6000
       63245000	      6225	8000b234	6141	c.addi16sp	x2,16	  x2:0x00000000  x2=0x00000010
       63255000	      6226	8000b236	c31eb6b7	lui	x13,0xc31eb	 x13=0xc31eb000
       63265000	      6227	8000b23a	53d77bb7	lui	x23,0x53d77	 x23=0x53d77000
       63275000	      6228	8000b23e	e2f20e93	addi	x29,x4,-465	  x4:0xdedd1000 x29=0xdedd0e2f
       63285000	      6229	8000b242	34027ff3	csrrci	x31,mscratch,4	 x31=0x00000015
       63295000	      6230	8000b246	15fd	c.addi	x11,-1	 x11:0x00000000 x11=0xffffffff
       63305000	      6231	8000b248	019e76b3	and	x13,x28,x25	 x28:0x80021e24 x25:0xff800000 x13=0x80000000
       63315000	      6232	8000b24c	9d5e	c.add	x26,x23	 x26:0x0000025c x23:0x53d77000 x26=0x53d7725c
       63325000	      6233	8000b24e	01ea1933	sll	x18,x20,x30	 x20:0x00000000 x30:0x00000001 x18=0x00000000
       63335000	      6234	8000b252	0001	c.addi	x0,0	  x0:0x00000000  x0=0x00000000
       63345000	      6235	8000b254	84fd	c.srai	x9,0x1f	  x9:0x80025ce4  x9=0xffffffff
       63355000	      6236	8000b256	3401ed73	csrrsi	x26,mscratch,3	 x26=0x00000011
       63725000	      6273	8000b25a	02325bb3	divu	x23,x4,x3	  x4:0xdedd1000  x3:0xffffffff x23=0x00000000
       63735000	      6274	8000b25e	8f25	c.xor	x14,x9	 x14:0x00000001  x9:0xffffffff x14=0xfffffffe
       63745000	      6275	8000b260	021a4663	blt	x20,x1,8000b28c	 x20:0x00000000  x1:0x80022044
       63765000	      6277	8000b264	03264db3	div	x27,x12,x18	 x12:0x80025ce4 x18:0x00000000 x27=0xffffffff
       63775000	      6278	8000b268	2a75af93	slti	x31,x11,679	 x11:0xffffffff x31=0x00000001
       63785000	      6279	8000b26c	0a62	c.slli	x20,0x18	 x20:0x00000000 x20=0x00000000
       63825000	      6283	8000b26e	037e31b3	mulhu	x3,x28,x23	 x28:0x80021e24 x23:0x00000000  x3=0x00000000
       63835000	      6284	8000b272	40ab5d13	srai	x26,x22,0xa	 x22:0x00000001 x26=0x00000000
       63845000	      6285	8000b276	40648db3	sub	x27,x9,x6	  x9:0xffffffff  x6:0x00000001 x27=0xfffffffe
       64215000	      6322	8000b27a	03f37ab3	remu	x21,x6,x31	  x6:0x00000001 x31:0x00000001 x21=0x00000000
       64585000	      6359	8000b27e	02875ab3	divu	x21,x14,x8	 x14:0xfffffffe  x8:0x80000000 x21=0x00000001
       64595000	      6360	8000b282	973afb13	andi	x22,x21,-1677	 x21:0x00000001 x22=0x00000001
       64605000	      6361	8000b286	c905	c.beqz	x10,8000b2b6	 x10:0x00000000
       64625000	      6363	8000b2b6	717d	c.addi16sp	x2,-16	  x2:0x00000010  x2=0x00000000
       64635000	      6364	8000b2b8	3405dd73	csrrwi	x26,mscratch,11	 x26=0x00000013
       64645000	      6365	8000b2bc	c90defb7	lui	x31,0xc90de	 x31=0xc90de000
       64655000	      6366	8000b2c0	40285793	srai	x15,x16,0x2	 x16:0x00000000 x15=0x00000000
       64665000	      6367	8000b2c4	0ff0000f	fence	iorw,iorw	
       64675000	      6368	8000b2c8	409a5193	srai	x3,x20,0x9	 x20:0x00000000  x3=0x00000000
       64685000	      6369	8000b2cc	c2418d93	addi	x27,x3,-988	  x3:0x00000000 x27=0xfffffc24
       64695000	      6370	8000b2d0	010f60b3	or	x1,x30,x16	 x30:0x00000001 x16:0x00000000  x1=0x00000001
       64735000	      6374	8000b2d4	02142d33	mulhsu	x26,x8,x1	  x8:0x80000000  x1:0x00000001 x26=0xffffffff
       65105000	      6411	8000b2d8	039e5ab3	divu	x21,x28,x25	 x28:0x80021e24 x25:0xff800000 x21=0x00000000
       65115000	      6412	8000b2dc	015cf8b3	and	x17,x25,x21	 x25:0xff800000 x21:0x00000000 x17=0x00000000
       65125000	      6413	8000b2e0	8319	c.srli	x14,0x6	 x14:0xfffffffe x14=0x03ffffff
       65135000	      6414	8000b2e2	87da	c.mv	x15,x22	  x0:0x00000000 x22:0x00000001 x15=0x00000001
       65145000	      6415	8000b2e4	028dda63	bge	x27,x8,8000b318	 x27:0xfffffc24  x8:0x80000000
       65165000	      6417	8000b318	9206	c.add	x4,x1	  x4:0xdedd1000  x1:0x00000001  x4=0xdedd1001
       65175000	      6418	8000b31a	8169	c.srli	x10,0x1a	 x10:0x00000000 x10=0x00000000
       65185000	      6419	8000b31c	340855f3	csrrwi	x11,mscratch,16	 x11=0x0000000b
       65195000	      6420	8000b320	c115	c.beqz	x10,8000b344	 x10:0x00000000
       65225000	      6423	8000b344	034c5eb3	divu	x29,x24,x20	 x24:0x00000000 x20:0x00000000 x29=0xffffffff
       65235000	      6424	8000b348	616a7a13	andi	x20,x20,1558	 x20:0x00000000 x20=0x00000000
       65245000	      6425	8000b34c	00934a63	blt	x6,x9,8000b360	  x6:0x00000001  x9:0xffffffff
       65255000	      6426	8000b350	00f47db3	and	x27,x8,x15	  x8:0x80000000 x15:0x00000001 x27=0x00000000
       65265000	      6427	8000b354	340068f3	csrrsi	x17,mscratch,0	 x17=0x00000010
       65275000	      6428	8000b358	00f13333	sltu	x6,x2,x15	  x2:0x00000000 x15:0x00000001  x6=0x00000001
       65285000	      6429	8000b35c	40f15293	srai	x5,x2,0xf	  x2:0x00000000  x5=0x00000000
       65295000	      6430	8000b360	caef3c17	auipc	x24,0xcaef3	 x24=0x4aefe360
       65305000	      6431	8000b364	26a92813	slti	x16,x18,618	 x18:0x00000000 x16=0x00000001
       65315000	      6432	8000b368	094e	c.slli	x18,0x13	 x18:0x00000000 x18=0x00000000
       65325000	      6433	8000b36a	0f0a	c.slli	x30,0x2	 x30:0x00000001 x30=0x00000004
       65355000	      6436	8000b36c	03dd0c33	mul	x24,x26,x29	 x26:0xffffffff x29:0xffffffff x24=0x00000001
       65365000	      6437	8000b370	01edfb33	and	x22,x27,x30	 x27:0x00000000 x30:0x00000004 x22=0x00000000
       65375000	      6438	8000b374	007a0c63	beq	x20,x7,8000b38c	 x20:0x00000000  x7:0x00000220
       65385000	      6439	8000b378	98ca	c.add	x17,x18	 x17:0x00000010 x18:0x00000000 x17=0x00000010
       65395000	      6440	8000b37a	eb68e513	ori	x10,x17,-330	 x17:0x00000010 x10=0xfffffeb6
       65405000	      6441	8000b37e	1cfd	c.addi	x25,-1	 x25:0xff800000 x25=0xff7fffff
       65415000	      6442	8000b380	03006363	bltu	x0,x16,8000b3a6	  x0:0x00000000 x16:0x00000001
       65435000	      6444	8000b3a6	0286	c.slli	x5,0x1	  x5:0x00000000  x5=0x00000000
       65445000	      6445	8000b3a8	009b7c33	and	x24,x22,x9	 x22:0x00000000  x9:0xffffffff x24=0x00000000
       65455000	      6446	8000b3ac	81a5	c.srli	x11,0x9	 x11:0x0000000b x11=0x00000000
       65495000	      6450	8000b3ae	02da1833	mulh	x16,x20,x13	 x20:0x00000000 x13:0x80000000 x16=0x00000000
       65865000	      6487	8000b3b2	021c6333	rem	x6,x24,x1	 x24:0x00000000  x1:0x00000001  x6=0x00000000
       65875000	      6488	8000b3b6	04fe	c.slli	x9,0x1f	  x9:0xffffffff  x9=0x80000000
       65885000	      6489	8000b3b8	8f5a	c.mv	x30,x22	  x0:0x00000000 x22:0x00000000 x30=0x00000000
       65895000	      6490	8000b3ba	56fd	c.li	x13,-1	 x13=0xffffffff
       65905000	      6491	8000b3bc	8f21	c.xor	x14,x8	 x14:0x03ffffff  x8:0x80000000 x14=0x83ffffff
       66275000	      6528	8000b3be	03df4c33	div	x24,x30,x29	 x30:0x00000000 x29:0xffffffff x24=0x00000000
       66285000	      6529	8000b3c2	41830513	addi	x10,x6,1048	  x6:0x00000000 x10=0x00000418
       66295000	      6530	8000b3c6	d96ba593	slti	x11,x23,-618	 x23:0x00000000 x11=0x00000000
       66305000	      6531	8000b3ca	01b8d893	srli	x17,x17,0x1b	 x17:0x00000010 x17=0x00000000
       66315000	      6532	8000b3ce	fa30ae93	slti	x29,x1,-93	  x1:0x00000001 x29=0x00000000
       66325000	      6533	8000b3d2	34025773	csrrwi	x14,mscratch,4	 x14=0x00000010
       66345000	      6535	8000b3d6	025ceb33	rem	x22,x25,x5	 x25:0xff7fffff  x5:0x00000000 x22=0xff7fffff
       66355000	      6536	8000b3da	0001	c.addi	x0,0	  x0:0x00000000  x0=0x00000000
       66365000	      6537	8000b3dc	01eada33	srl	x20,x21,x30	 x21:0x00000000 x30:0x00000000 x20=0x00000000
       66375000	      6538	8000b3e0	717d	c.addi16sp	x2,-16	  x2:0x00000000  x2=0xfffffff0
       66385000	      6539	8000b3e2	0001	c.addi	x0,0	  x0:0x00000000  x0=0x00000000
       66405000	      6541	8000b3e4	0308d9b3	divu	x19,x17,x16	 x17:0x00000000 x16:0x00000000 x19=0xffffffff
       66415000	      6542	8000b3e8	05c70463	beq	x14,x28,8000b430	 x14:0x00000010 x28:0x80021e24
       66425000	      6543	8000b3ec	a4ae4593	xori	x11,x28,-1462	 x28:0x80021e24 x11=0x7ffde46e
       66435000	      6544	8000b3f0	340ce3f3	csrrsi	x7,mscratch,25	  x7=0x00000004
       66475000	      6548	8000b3f4	0335b933	mulhu	x18,x11,x19	 x11:0x7ffde46e x19:0xffffffff x18=0x7ffde46d
       66485000	      6549	8000b3f8	0335d363	bge	x11,x19,8000b41e	 x11:0x7ffde46e x19:0xffffffff
       66515000	      6552	8000b41e	012a5f63	bge	x20,x18,8000b43c	 x20:0x00000000 x18:0x7ffde46d
       66525000	      6553	8000b422	02e55763	bge	x10,x14,8000b450	 x10:0x00000418 x14:0x00000010
       66575000	      6558	8000b450	039d9133	mulh	x2,x27,x25	 x27:0x00000000 x25:0xff7fffff  x2=0x00000000
       66585000	      6559	8000b454	4f812c13	slti	x24,x2,1272	  x2:0x00000000 x24=0x00000001
       66595000	      6560	8000b458	870d	c.srai	x14,0x3	 x14:0x00000010 x14=0x00000002
       66625000	      6563	8000b45a	03170db3	mul	x27,x14,x17	 x14:0x00000002 x17:0x00000000 x27=0x00000000
       66635000	      6564	8000b45e	6a4b0c93	addi	x25,x22,1700	 x22:0xff7fffff x25=0xff8006a3
       66675000	      6568	8000b462	03c41833	mulh	x16,x8,x28	  x8:0x80000000 x28:0x80021e24 x16=0x3ffef0ee
       66685000	      6569	8000b466	340bb073	csrrc	x0,mscratch,x23	 x23:0x00000000  x0=0x00000000
       66695000	      6570	8000b46a	0001	c.addi	x0,0	  x0:0x00000000  x0=0x00000000
       67065000	      6607	8000b46c	02e3d2b3	divu	x5,x7,x14	  x7:0x00000004 x14:0x00000002  x5=0x00000002
       67075000	      6608	8000b470	03936b63	bltu	x6,x25,8000b4a6	  x6:0x00000000 x25:0xff8006a3
       67105000	      6611	8000b4a6	00b54863	blt	x10,x11,8000b4b6	 x10:0x00000418 x11:0x7ffde46e
       67125000	      6613	8000b4b6	e79d	c.bnez	x15,8000b4e4	 x15:0x00000001
       67145000	      6615	8000b4e4	0ff0000f	fence	iorw,iorw	
       67185000	      6619	8000b4e8	03a13ab3	mulhu	x21,x2,x26	  x2:0x00000000 x26:0xffffffff x21=0x00000000
       67195000	      6620	8000b4ec	00c35b33	srl	x22,x6,x12	  x6:0x00000000 x12:0x80025ce4 x22=0x00000000
       67205000	      6621	8000b4f0	06a2	c.slli	x13,0x8	 x13:0xffffffff x13=0xffffff00
       67215000	      6622	8000b4f2	15b4ef13	ori	x30,x9,347	  x9:0x80000000 x30=0x8000015b
       67225000	      6623	8000b4f6	d178ba13	sltiu	x20,x17,-745	 x17:0x00000000 x20=0x00000001
       67235000	      6624	8000b4fa	846dcd13	xori	x26,x27,-1978	 x27:0x00000000 x26=0xfffff846
       67245000	      6625	8000b4fe	340e1cf3	csrrw	x25,mscratch,x28	 x28:0x80021e24 x25=0x0000001d
       67255000	      6626	8000b502	cd7ce213	ori	x4,x25,-809	 x25:0x0000001d  x4=0xfffffcdf
       67265000	      6627	8000b506	8ce1	c.and	x9,x8	  x9:0x80000000  x8:0x80000000  x9=0x80000000
       67275000	      6628	8000b508	01cfdb13	srli	x22,x31,0x1c	 x31:0xc90de000 x22=0x0000000c
       67315000	      6632	8000b50c	035d9c33	mulh	x24,x27,x21	 x27:0x00000000 x21:0x00000000 x24=0x00000000
       67355000	      6636	8000b510	02bb13b3	mulh	x7,x22,x11	 x22:0x0000000c x11:0x7ffde46e  x7=0x00000005
       67365000	      6637	8000b514	40995ab3	sra	x21,x18,x9	 x18:0x7ffde46d  x9:0x80000000 x21=0x7ffde46d
       67735000	      6674	8000b518	03c75d33	divu	x26,x14,x28	 x14:0x00000002 x28:0x80021e24 x26=0x00000000
       67745000	      6675	8000b51c	0000100f	fence.i	
       67765000	      6677	8000b520	340992f3	csrrw	x5,mscratch,x19	 x19:0xffffffff  x5=0x80021e24
       67775000	      6678	8000b524	aaab9d37	lui	x26,0xaaab9	 x26=0xaaab9000
       67785000	      6679	8000b528	8f71	c.and	x14,x12	 x14:0x00000002 x12:0x80025ce4 x14=0x00000000
       67795000	      6680	8000b52a	01d04ab3	xor	x21,x0,x29	  x0:0x00000000 x29:0x00000000 x21=0x00000000
       67805000	      6681	8000b52e	0ff0000f	fence	iorw,iorw	
       67815000	      6682	8000b532	4933a113	slti	x2,x7,1171	  x7:0x00000005  x2=0x00000001
       67825000	      6683	8000b536	4d25	c.li	x26,9	 x26=0x00000009
       67835000	      6684	8000b538	0001	c.addi	x0,0	  x0:0x00000000  x0=0x00000000
       67845000	      6685	8000b53a	41a183b3	sub	x7,x3,x26	  x3:0x00000000 x26:0x00000009  x7=0xfffffff7
       67885000	      6689	8000b53e	03f699b3	mulh	x19,x13,x31	 x13:0xffffff00 x31:0xc90de000 x19=0x00000036
       67895000	      6690	8000b542	0001	c.addi	x0,0	  x0:0x00000000  x0=0x00000000
       67935000	      6694	8000b544	02262133	mulhsu	x2,x12,x2	 x12:0x80025ce4  x2:0x00000001  x2=0xffffffff
       67975000	      6698	8000b548	024127b3	mulhsu	x15,x2,x4	  x2:0xffffffff  x4:0xfffffcdf x15=0xffffffff
       68345000	      6735	8000b54c	027971b3	remu	x3,x18,x7	 x18:0x7ffde46d  x7:0xfffffff7  x3=0x7ffde46d
       68355000	      6736	8000b550	0001	c.addi	x0,0	  x0:0x00000000  x0=0x00000000
       68395000	      6740	8000b552	02091533	mulh	x10,x18,x0	 x18:0x7ffde46d  x0:0x00000000 x10=0x00000000
       68405000	      6741	8000b556	017637b3	sltu	x15,x12,x23	 x12:0x80025ce4 x23:0x00000000 x15=0x00000000
       68415000	      6742	8000b55a	8161	c.srli	x10,0x18	 x10:0x00000000 x10=0x00000000
       68425000	      6743	8000b55c	0328c363	blt	x17,x18,8000b582	 x17:0x00000000 x18:0x7ffde46d
       68455000	      6746	8000b582	fa34c3b7	lui	x7,0xfa34c	  x7=0xfa34c000
       68465000	      6747	8000b586	41a85813	srai	x16,x16,0x1a	 x16:0x3ffef0ee x16=0x0000000f
       68475000	      6748	8000b58a	02fd6a63	bltu	x26,x15,8000b5be	 x26:0x00000009 x15:0x00000000
       68485000	      6749	8000b58e	3400ff73	csrrci	x30,mscratch,1	 x30=0xffffffff
       68495000	      6750	8000b592	6485	c.lui	x9,0x1	  x9=0x00001000
       68505000	      6751	8000b594	8688cd13	xori	x26,x17,-1944	 x17:0x00000000 x26=0xfffff868
       68545000	      6755	8000b598	0255b733	mulhu	x14,x11,x5	 x11:0x7ffde46e  x5:0x80021e24 x14=0x40000144
       68555000	      6756	8000b59c	70e0fd13	andi	x26,x1,1806	  x1:0x00000001 x26=0x00000000
       68565000	      6757	8000b5a0	ee99	c.bnez	x13,8000b5be	 x13:0xffffff00
       68595000	      6760	8000b5be	34039273	csrrw	x4,mscratch,x7	  x7:0xfa34c000  x4=0xfffffffe
       68605000	      6761	8000b5c2	340071f3	csrrci	x3,mscratch,0	  x3=0xfa34c000
       68615000	      6762	8000b5c6	8cfd	c.and	x9,x15	  x9:0x00001000 x15:0x00000000  x9=0x00000000
       68625000	      6763	8000b5c8	00d1ca63	blt	x3,x13,8000b5dc	  x3:0xfa34c000 x13:0xffffff00
       68645000	      6765	8000b5dc	5cfd	c.li	x25,-1	 x25=0xffffffff
       68655000	      6766	8000b5de	00ca9a63	bne	x21,x12,8000b5f2	 x21:0x00000000 x12:0x80025ce4
       68685000	      6769	8000b5f2	006ebf33	sltu	x30,x29,x6	 x29:0x00000000  x6:0x00000000 x30=0x00000000
       68695000	      6770	8000b5f6	8575	c.srai	x10,0x1d	 x10:0x00000000 x10=0x00000000
       68705000	      6771	8000b5f8	0000100f	fence.i	
       68725000	      6773	8000b5fc	004d75b3	and	x11,x26,x4	 x26:0x00000000  x4:0xfffffffe x11=0x00000000
       68735000	      6774	8000b600	00475fb3	srl	x31,x14,x4	 x14:0x40000144  x4:0xfffffffe x31=0x00000001
       68745000	      6775	8000b604	5c7d	c.li	x24,-1	 x24=0xffffffff
       68755000	      6776	8000b606	02538463	beq	x7,x5,8000b62e	  x7:0xfa34c000  x5:0x80021e24
       68765000	      6777	8000b60a	00b752b3	srl	x5,x14,x11	 x14:0x40000144 x11:0x00000000  x5=0x40000144
       68775000	      6778	8000b60e	87b0c6b7	lui	x13,0x87b0c	 x13=0x87b0c000
       68785000	      6779	8000b612	4175d5b3	sra	x11,x11,x23	 x11:0x00000000 x23:0x00000000 x11=0x00000000
       68795000	      6780	8000b616	00b0ff33	and	x30,x1,x11	  x1:0x00000001 x11:0x00000000 x30=0x00000000
       68805000	      6781	8000b61a	02535563	bge	x6,x5,8000b644	  x6:0x00000000  x5:0x40000144
       68815000	      6782	8000b61e	0000100f	fence.i	
       68865000	      6787	8000b622	032d8eb3	mul	x29,x27,x18	 x27:0x00000000 x18:0x7ffde46d x29=0x00000000
       68885000	      6789	8000b626	03705eb3	divu	x29,x0,x23	  x0:0x00000000 x23:0x00000000 x29=0xffffffff
       68895000	      6790	8000b62a	41d9de93	srai	x29,x19,0x1d	 x19:0x00000036 x29=0x00000000
       68905000	      6791	8000b62e	34002cf3	csrrs	x25,mscratch,x0	  x0:0x00000000 x25=0xfa34c000
       68915000	      6792	8000b632	3401f2f3	csrrci	x5,mscratch,3	  x5=0xfa34c000
       68925000	      6793	8000b636	ac2f4c97	auipc	x25,0xac2f4	 x25=0x2c2ff636
       68965000	      6797	8000b63a	036db833	mulhu	x16,x27,x22	 x27:0x00000000 x22:0x0000000c x16=0x00000000
       68975000	      6798	8000b63e	8349	c.srli	x14,0x12	 x14:0x40000144 x14=0x00001000
       69015000	      6802	8000b640	029f91b3	mulh	x3,x31,x9	 x31:0x00000001  x9:0x00000000  x3=0x00000000
       69025000	      6803	8000b644	19fd	c.addi	x19,-1	 x19:0x00000036 x19=0x00000035
       69035000	      6804	8000b646	01cd1593	slli	x11,x26,0x1c	 x26:0x00000000 x11=0x00000000
       69045000	      6805	8000b64a	c78d	c.beqz	x15,8000b674	 x15:0x00000000
       69065000	      6807	8000b674	1a7d	c.addi	x20,-1	 x20:0x00000001 x20=0x00000000
       69075000	      6808	8000b676	177d	c.addi	x14,-1	 x14:0x00001000 x14=0x00000fff
       69085000	      6809	8000b678	e08d0b97	auipc	x23,0xe08d0	 x23=0x608db678
       69455000	      6846	8000b67c	02294fb3	div	x31,x18,x2	 x18:0x7ffde46d  x2:0xffffffff x31=0x80021b93
       69475000	      6848	8000b680	03b851b3	divu	x3,x16,x27	 x16:0x00000000 x27:0x00000000  x3=0xffffffff
       69485000	      6849	8000b684	ef75a813	slti	x16,x11,-265	 x11:0x00000000 x16=0x00000000
       69525000	      6853	8000b688	03a826b3	mulhsu	x13,x16,x26	 x16:0x00000000 x26:0x00000000 x13=0x00000000
       69535000	      6854	8000b68c	02211c63	bne	x2,x2,8000b6c4	  x2:0xffffffff  x2:0xffffffff
       69545000	      6855	8000b690	9996	c.add	x19,x5	 x19:0x00000035  x5:0xfa34c000 x19=0xfa34c035
       69555000	      6856	8000b692	8716	c.mv	x14,x5	  x0:0x00000000  x5:0xfa34c000 x14=0xfa34c000
       69565000	      6857	8000b694	01f59993	slli	x19,x11,0x1f	 x11:0x00000000 x19=0x00000000
       69575000	      6858	8000b698	34006af3	csrrsi	x21,mscratch,0	 x21=0xfa34c000
       69585000	      6859	8000b69c	b34e3ab7	lui	x21,0xb34e3	 x21=0xb34e3000
       69605000	      6861	8000b6a0	02bb5d33	divu	x26,x22,x11	 x22:0x0000000c x11:0x00000000 x26=0xffffffff
       69615000	      6862	8000b6a4	33aa4b93	xori	x23,x20,826	 x20:0x00000000 x23=0x0000033a
       69625000	      6863	8000b6a8	001171b3	and	x3,x2,x1	  x2:0xffffffff  x1:0x00000001  x3=0x00000001
       69635000	      6864	8000b6ac	0186a6b3	slt	x13,x13,x24	 x13:0x00000000 x24:0xffffffff x13=0x00000000
       69645000	      6865	8000b6b0	340335f3	csrrc	x11,mscratch,x6	  x6:0x00000000 x11=0xfa34c000
       69655000	      6866	8000b6b4	fa8b6b97	auipc	x23,0xfa8b6	 x23=0x7a8c16b4
       69665000	      6867	8000b6b8	00cebf33	sltu	x30,x29,x12	 x29:0x00000000 x12:0x80025ce4 x30=0x00000001
       69675000	      6868	8000b6bc	7c83c213	xori	x4,x7,1992	  x7:0xfa34c000  x4=0xfa34c7c8
       69715000	      6872	8000b6c0	039624b3	mulhsu	x9,x12,x25	 x12:0x80025ce4 x25:0x2c2ff636  x9=0xe9e86d4d
       69725000	      6873	8000b6c4	1798	c.addi4spn	x14,x2,992	 x14=0x000003df
       69735000	      6874	8000b6c6	340ad3f3	csrrwi	x7,mscratch,21	  x7=0xfa34c000
       69775000	      6878	8000b6ca	0250a833	mulhsu	x16,x1,x5	  x1:0x00000001  x5:0xfa34c000 x16=0x00000000
       69785000	      6879	8000b6ce	0c88	c.addi4spn	x10,x2,592	 x10=0x0000024f
       69795000	      6880	8000b6d0	0121d013	srli	x0,x3,0x12	  x3:0x00000001  x0=0x00000000
       69805000	      6881	8000b6d4	83fe	c.mv	x7,x31	  x0:0x00000000 x31:0x80021b93  x7=0x80021b93
       69815000	      6882	8000b6d6	01a0ecb3	or	x25,x1,x26	  x1:0x00000001 x26:0xffffffff x25=0xffffffff
       69825000	      6883	8000b6da	930e	c.add	x6,x3	  x6:0x00000000  x3:0x00000001  x6=0x00000001
       69835000	      6884	8000b6dc	00c1b4b3	sltu	x9,x3,x12	  x3:0x00000001 x12:0x80025ce4  x9=0x00000001
       69845000	      6885	8000b6e0	035ff963	bgeu	x31,x21,8000b712	 x31:0x80021b93 x21:0xb34e3000
       69855000	      6886	8000b6e4	019bef63	bltu	x23,x25,8000b702	 x23:0x7a8c16b4 x25:0xffffffff
       69875000	      6888	8000b702	6141	c.addi16sp	x2,16	  x2:0xffffffff  x2=0x0000000f
       69885000	      6889	8000b704	00f7deb3	srl	x29,x15,x15	 x15:0x00000000 x15:0x00000000 x29=0x00000000
       69895000	      6890	8000b708	13f60893	addi	x17,x12,319	 x12:0x80025ce4 x17=0x80025e23
       69905000	      6891	8000b70c	969a	c.add	x13,x6	 x13:0x00000000  x6:0x00000001 x13=0x00000001
       69915000	      6892	8000b70e	8d69	c.and	x10,x10	 x10:0x0000024f x10:0x0000024f x10=0x0000024f
       69925000	      6893	8000b710	84aa	c.mv	x9,x10	  x0:0x00000000 x10:0x0000024f  x9=0x0000024f
       69935000	      6894	8000b712	00dce0b3	or	x1,x25,x13	 x25:0xffffffff x13:0x00000001  x1=0xffffffff
       69945000	      6895	8000b716	02a4ec63	bltu	x9,x10,8000b74e	  x9:0x0000024f x10:0x0000024f
       69985000	      6899	8000b71a	03ab2233	mulhsu	x4,x22,x26	 x22:0x0000000c x26:0xffffffff  x4=0x0000000b
       69995000	      6900	8000b71e	0104c533	xor	x10,x9,x16	  x9:0x0000024f x16:0x00000000 x10=0x0000024f
       70005000	      6901	8000b722	03cfc163	blt	x31,x28,8000b744	 x31:0x80021b93 x28:0x80021e24
       70025000	      6903	8000b744	4985	c.li	x19,1	 x19=0x00000001
       70035000	      6904	8000b746	340610f3	csrrw	x1,mscratch,x12	 x12:0x80025ce4  x1=0x00000015
       70405000	      6941	8000b74a	0392cd33	div	x26,x5,x25	  x5:0xfa34c000 x25:0xffffffff x26=0x05cb4000
       70435000	      6944	8000b74e	024500b3	mul	x1,x10,x4	 x10:0x0000024f  x4:0x0000000b  x1=0x00001965
       70445000	      6945	8000b752	00bba833	slt	x16,x23,x11	 x23:0x7a8c16b4 x11:0xfa34c000 x16=0x00000000
       70455000	      6946	8000b756	9232f993	andi	x19,x5,-1757	  x5:0xfa34c000 x19=0xfa34c000
       70485000	      6949	8000b75a	027c8833	mul	x16,x25,x7	 x25:0xffffffff  x7:0x80021b93 x16=0x7ffde46d
       70495000	      6950	8000b75e	c989	c.beqz	x11,8000b770	 x11:0xfa34c000
       70505000	      6951	8000b760	01ab3833	sltu	x16,x22,x26	 x22:0x0000000c x26:0x05cb4000 x16=0x00000001
       70515000	      6952	8000b764	03eb7063	bgeu	x22,x30,8000b784	 x22:0x0000000c x30:0x00000001
       70535000	      6954	8000b784	0001	c.addi	x0,0	  x0:0x00000000  x0=0x00000000
       70545000	      6955	8000b786	8862	c.mv	x16,x24	  x0:0x00000000 x24:0xffffffff x16=0xffffffff
       70555000	      6956	8000b788	010710b3	sll	x1,x14,x16	 x14:0x000003df x16:0xffffffff  x1=0x80000000
       70575000	      6958	8000b78c	02f6d133	divu	x2,x13,x15	 x13:0x00000001 x15:0x00000000  x2=0xffffffff
       70585000	      6959	8000b790	039ac063	blt	x21,x25,8000b7b0	 x21:0xb34e3000 x25:0xffffffff
       70605000	      6961	8000b7b0	410ed733	sra	x14,x29,x16	 x29:0x00000000 x16:0xffffffff x14=0x00000000
       70615000	      6962	8000b7b4	008b5833	srl	x16,x22,x8	 x22:0x0000000c  x8:0x80000000 x16=0x0000000c
       70635000	      6964	8000b7b8	03b07333	remu	x6,x0,x27	  x0:0x00000000 x27:0x00000000  x6=0x00000000
       70645000	      6965	8000b7bc	02625063	bge	x4,x6,8000b7dc	  x4:0x0000000b  x6:0x00000000
       70665000	      6967	8000b7dc	ed1ca137	lui	x2,0xed1ca	  x2=0xed1ca000
       70675000	      6968	8000b7e0	340321f3	csrrs	x3,mscratch,x6	  x6:0x00000000  x3=0x80025ce4
       70685000	      6969	8000b7e4	8f3d	c.xor	x14,x15	 x14:0x00000000 x15:0x00000000 x14=0x00000000
       70695000	      6970	8000b7e6	34002ff3	csrrs	x31,mscratch,x0	  x0:0x00000000 x31=0x80025ce4
       70705000	      6971	8000b7ea	0356dd63	bge	x13,x21,8000b824	 x13:0x00000001 x21:0xb34e3000
       70735000	      6974	8000b824	03d85bb3	divu	x23,x16,x29	 x16:0x0000000c x29:0x00000000 x23=0xffffffff
       70745000	      6975	8000b828	8c99	c.sub	x9,x14	  x9:0x0000024f x14:0x00000000  x9=0x0000024f
       70755000	      6976	8000b82a	6d2d	c.lui	x26,0xb	 x26=0x0000b000
       70765000	      6977	8000b82c	40270b33	sub	x22,x14,x2	 x14:0x00000000  x2:0xed1ca000 x22=0x12e36000
       70775000	      6978	8000b830	01ce2c33	slt	x24,x28,x28	 x28:0x80021e24 x28:0x80021e24 x24=0x00000000
       70785000	      6979	8000b834	a36a1037	lui	x0,0xa36a1	  x0=0x00000000
       70795000	      6980	8000b838	050dd563	bge	x27,x16,8000b882	 x27:0x00000000 x16:0x0000000c
       70805000	      6981	8000b83c	0000100f	fence.i	
       70825000	      6983	8000b840	00681863	bne	x16,x6,8000b850	 x16:0x0000000c  x6:0x00000000
       70845000	      6985	8000b850	0a812793	slti	x15,x2,168	  x2:0xed1ca000 x15=0x00000001
       70855000	      6986	8000b854	01686663	bltu	x16,x22,8000b860	 x16:0x0000000c x22:0x12e36000
       70875000	      6988	8000b860	00a65cb3	srl	x25,x12,x10	 x12:0x80025ce4 x10:0x0000024f x25=0x00010004
       70885000	      6989	8000b864	036b7a63	bgeu	x22,x22,8000b898	 x22:0x12e36000 x22:0x12e36000
       71265000	      7027	8000b898	0317dcb3	divu	x25,x15,x17	 x15:0x00000001 x17:0x80025e23 x25=0x00000000
       71275000	      7028	8000b89c	014435b3	sltu	x11,x8,x20	  x8:0x80000000 x20:0x00000000 x11=0x00000000
       71285000	      7029	8000b8a0	34002373	csrrs	x6,mscratch,x0	  x0:0x00000000  x6=0x80025ce4
       71295000	      7030	8000b8a4	004f4233	xor	x4,x30,x4	 x30:0x00000001  x4:0x0000000b  x4=0x0000000a
       71305000	      7031	8000b8a8	000f1b33	sll	x22,x30,x0	 x30:0x00000001  x0:0x00000000 x22=0x00000001
       71315000	      7032	8000b8ac	004193b3	sll	x7,x3,x4	  x3:0x80025ce4  x4:0x0000000a  x7=0x09739000
       71325000	      7033	8000b8b0	896a	c.mv	x18,x26	  x0:0x00000000 x26:0x0000b000 x18=0x0000b000
       71335000	      7034	8000b8b2	057b0463	beq	x22,x23,8000b8fa	 x22:0x00000001 x23:0xffffffff
       71345000	      7035	8000b8b6	03c7d863	bge	x15,x28,8000b8e6	 x15:0x00000001 x28:0x80021e24
       71405000	      7041	8000b8e6	035a9a33	mulh	x20,x21,x21	 x21:0xb34e3000 x21:0xb34e3000 x20=0x16fa0f01
       71415000	      7042	8000b8ea	88d2	c.mv	x17,x20	  x0:0x00000000 x20:0x16fa0f01 x17=0x16fa0f01
       71425000	      7043	8000b8ec	6de1	c.lui	x27,0x18	 x27=0x00018000
       71435000	      7044	8000b8ee	877a	c.mv	x14,x30	  x0:0x00000000 x30:0x00000001 x14=0x00000001
       71455000	      7046	8000b8f0	0397dc33	divu	x24,x15,x25	 x15:0x00000001 x25:0x00000000 x24=0xffffffff
       71465000	      7047	8000b8f4	c28d	c.beqz	x13,8000b916	 x13:0x00000001
       71475000	      7048	8000b8f6	10d34d13	xori	x26,x6,269	  x6:0x80025ce4 x26=0x80025de9
       71485000	      7049	8000b8fa	34007af3	csrrci	x21,mscratch,0	 x21=0x80025ce4
       71495000	      7050	8000b8fe	6e2a89b7	lui	x19,0x6e2a8	 x19=0x6e2a8000
       71505000	      7051	8000b902	34007873	csrrci	x16,mscratch,0	 x16=0x80025ce4
       71515000	      7052	8000b906	f9f18e93	addi	x29,x3,-97	  x3:0x80025ce4 x29=0x80025c83
       71525000	      7053	8000b90a	614d	c.addi16sp	x2,176	  x2:0xed1ca000  x2=0xed1ca0b0
       71535000	      7054	8000b90c	03848993	addi	x19,x9,56	  x9:0x0000024f x19=0x00000287
       71545000	      7055	8000b910	0f0c	c.addi4spn	x11,x2,912	 x11=0xed1ca440
       71555000	      7056	8000b912	ec868513	addi	x10,x13,-312	 x13:0x00000001 x10=0xfffffec9
       71565000	      7057	8000b916	4184d893	srai	x17,x9,0x18	  x9:0x0000024f x17=0x00000000
       71575000	      7058	8000b91a	8d35	c.xor	x10,x13	 x10:0xfffffec9 x13:0x00000001 x10=0xfffffec8
       71585000	      7059	8000b91c	00acc933	xor	x18,x25,x10	 x25:0x00000000 x10:0xfffffec8 x18=0xfffffec8
       71955000	      7096	8000b920	033175b3	remu	x11,x2,x19	  x2:0xed1ca0b0 x19:0x00000287 x11=0x00000047
       71965000	      7097	8000b924	01bcf1b3	and	x3,x25,x27	 x25:0x00000000 x27:0x00018000  x3=0x00000000
       71975000	      7098	8000b928	03e00263	beq	x0,x30,8000b94c	  x0:0x00000000 x30:0x00000001
       72015000	      7102	8000b92c	02ea3a33	mulhu	x20,x20,x14	 x20:0x16fa0f01 x14:0x00000001 x20=0x00000000
       72025000	      7103	8000b930	0001	c.addi	x0,0	  x0:0x00000000  x0=0x00000000
       72035000	      7104	8000b932	8d75	c.and	x10,x13	 x10:0xfffffec8 x13:0x00000001 x10=0x00000000
       72045000	      7105	8000b934	18fd	c.addi	x17,-1	 x17:0x00000000 x17=0xffffffff
       72055000	      7106	8000b936	04f09263	bne	x1,x15,8000b97a	  x1:0x80000000 x15:0x00000001
       72115000	      7112	8000b97a	038a2033	mulhsu	x0,x20,x24	 x20:0x00000000 x24:0xffffffff  x0=0x00000000
       72155000	      7116	8000b97e	03c23033	mulhu	x0,x4,x28	  x4:0x0000000a x28:0x80021e24  x0=0x00000000
       72525000	      7153	8000b982	03b57233	remu	x4,x10,x27	 x10:0x00000000 x27:0x00018000  x4=0x00000000
       72535000	      7154	8000b986	0000100f	fence.i	
       72565000	      7157	8000b98a	34007373	csrrci	x6,mscratch,0	  x6=0x80025ce4
       72575000	      7158	8000b98e	8dee	c.mv	x27,x27	  x0:0x00000000 x27:0x00018000 x27=0x00018000
       72585000	      7159	8000b990	3409d373	csrrwi	x6,mscratch,19	  x6=0x80025ce4
       72595000	      7160	8000b994	03567163	bgeu	x12,x21,8000b9b6	 x12:0x80025ce4 x21:0x80025ce4
       72625000	      7163	8000b9b6	0012e033	or	x0,x5,x1	  x5:0xfa34c000  x1:0x80000000  x0=0x00000000
       72635000	      7164	8000b9ba	03d08c63	beq	x1,x29,8000b9f2	  x1:0x80000000 x29:0x80025c83
       72645000	      7165	8000b9be	34006173	csrrsi	x2,mscratch,0	  x2=0x00000013
       72655000	      7166	8000b9c2	02a21963	bne	x4,x10,8000b9f4	  x4:0x00000000 x10:0x00000000
       72665000	      7167	8000b9c6	8d6d	c.and	x10,x11	 x10:0x00000000 x11:0x00000047 x10=0x00000000
       72685000	      7169	8000b9c8	0234f5b3	remu	x11,x9,x3	  x9:0x0000024f  x3:0x00000000 x11=0x0000024f
       72695000	      7170	8000b9cc	340036f3	csrrc	x13,mscratch,x0	  x0:0x00000000 x13=0x00000013
       72705000	      7171	8000b9d0	6b45	c.lui	x22,0x11	 x22=0x00011000
       72715000	      7172	8000b9d2	02720163	beq	x4,x7,8000b9f4	  x4:0x00000000  x7:0x09739000
       72725000	      7173	8000b9d6	7df5cb37	lui	x22,0x7df5c	 x22=0x7df5c000
       72735000	      7174	8000b9da	00c58333	add	x6,x11,x12	 x11:0x0000024f x12:0x80025ce4  x6=0x80025f33
       72745000	      7175	8000b9de	0000100f	fence.i	
       72775000	      7178	8000b9e2	00fc17b3	sll	x15,x24,x15	 x24:0xffffffff x15:0x00000001 x15=0xfffffffe
       72785000	      7179	8000b9e6	bb92ed37	lui	x26,0xbb92e	 x26=0xbb92e000
       72795000	      7180	8000b9ea	41de87b3	sub	x15,x29,x29	 x29:0x80025c83 x29:0x80025c83 x15=0x00000000
       72805000	      7181	8000b9ee	80976013	ori	x0,x14,-2039	 x14:0x00000001  x0=0x00000000
       72815000	      7182	8000b9f2	c189	c.beqz	x11,8000b9f4	 x11:0x0000024f
       72825000	      7183	8000b9f4	34007973	csrrci	x18,mscratch,0	 x18=0x00000013
       72835000	      7184	8000b9f8	004e2183	lw	x3,4(x28)	 x28:0x80021e24  x3=0x8000bae2 PA:0x80021e28 load:0x8000bae2
       72845000	      7185	8000b9fc	038e0e13	addi	x28,x28,56	 x28:0x80021e24 x28=0x80021e5c
       72855000	      7186	8000ba00	6d75	c.lui	x26,0x1d	 x26=0x0001d000
       72865000	      7187	8000ba02	85aa	c.mv	x11,x10	  x0:0x00000000 x10:0x00000000 x11=0x00000000
       72875000	      7188	8000ba04	340ca173	csrrs	x2,mscratch,x25	 x25:0x00000000  x2=0x00000013
       72885000	      7189	8000ba08	8dc5	c.or	x11,x9	 x11:0x00000000  x9:0x0000024f x11=0x0000024f
       72895000	      7190	8000ba0a	00118293	addi	x5,x3,1	  x3:0x8000bae2  x5=0x8000bae3
       72905000	      7191	8000ba0e	8282	c.jr	x5	  x5:0x8000bae3
       72935000	      7194	8000bae2	7be54c93	xori	x25,x10,1982	 x10:0x00000000 x25=0x000007be
       72945000	      7195	8000bae6	0183f6b3	and	x13,x7,x24	  x7:0x09739000 x24:0xffffffff x13=0x09739000
       72965000	      7197	8000baea	0243c4b3	div	x9,x7,x4	  x7:0x09739000  x4:0x00000000  x9=0xffffffff
       72975000	      7198	8000baee	340cfcf3	csrrci	x25,mscratch,25	 x25=0x00000013
       72985000	      7199	8000baf2	007f71b3	and	x3,x30,x7	 x30:0x00000001  x7:0x09739000  x3=0x00000000
       73355000	      7236	8000baf6	03e8f233	remu	x4,x17,x30	 x17:0xffffffff x30:0x00000001  x4=0x00000000
       73365000	      7237	8000bafa	340621f3	csrrs	x3,mscratch,x12	 x12:0x80025ce4  x3=0x00000002
       73375000	      7238	8000bafe	6ad1	c.lui	x21,0x14	 x21=0x00014000
       73385000	      7239	8000bb00	1914	c.addi4spn	x13,x2,176	 x13=0x000000c3
       73395000	      7240	8000bb02	07a2	c.slli	x15,0x8	 x15:0x00000000 x15=0x00000000
       73405000	      7241	8000bb04	8ee9	c.and	x13,x10	 x13:0x000000c3 x10:0x00000000 x13=0x00000000
       73425000	      7243	8000bb06	02d6f8b3	remu	x17,x13,x13	 x13:0x00000000 x13:0x00000000 x17=0x00000000
       73435000	      7244	8000bb0a	01580933	add	x18,x16,x21	 x16:0x80025ce4 x21:0x00014000 x18=0x80039ce4
       73805000	      7281	8000bb0e	02877133	remu	x2,x14,x8	 x14:0x00000001  x8:0x80000000  x2=0x00000001
       73815000	      7282	8000bb12	0f8a	c.slli	x31,0x2	 x31:0x80025ce4 x31=0x00097390
       73825000	      7283	8000bb14	6121	c.addi16sp	x2,64	  x2:0x00000001  x2=0x00000041
       73835000	      7284	8000bb16	6525	c.lui	x10,0x9	 x10=0x00009000
       73845000	      7285	8000bb18	413e5f93	srai	x31,x28,0x13	 x28:0x80021e5c x31=0xfffff000
       73855000	      7286	8000bb1c	34003a73	csrrc	x20,mscratch,x0	  x0:0x00000000 x20=0x80025ce6
       73865000	      7287	8000bb20	004e2183	lw	x3,4(x28)	 x28:0x80021e5c  x3=0x800055e0 PA:0x80021e60 load:0x800055e0
       73875000	      7288	8000bb24	0122f0b3	and	x1,x5,x18	  x5:0x8000bae3 x18:0x80039ce4  x1=0x800098e0
       73885000	      7289	8000bb28	004658b3	srl	x17,x12,x4	 x12:0x80025ce4  x4:0x00000000 x17=0x80025ce4
       73895000	      7290	8000bb2c	009a3c33	sltu	x24,x20,x9	 x20:0x80025ce6  x9:0xffffffff x24=0x00000001
       73905000	      7291	8000bb30	28a18313	addi	x6,x3,650	  x3:0x800055e0  x6=0x8000586a
       73915000	      7292	8000bb34	0e21	c.addi	x28,8	 x28:0x80021e5c x28=0x80021e64
       73955000	      7296	8000bb36	039623b3	mulhsu	x7,x12,x25	 x12:0x80025ce4 x25:0x00000013  x7=0xfffffff6
       73965000	      7297	8000bb3a	8c8d	c.sub	x9,x11	  x9:0xffffffff x11:0x0000024f  x9=0xfffffdb0
       73975000	      7298	8000bb3c	00118793	addi	x15,x3,1	  x3:0x800055e0 x15=0x800055e1
       73985000	      7299	8000bb40	8782	c.jr	x15	 x15:0x800055e1
       74005000	      7301	800055e0	8ec5	c.or	x13,x9	 x13:0x00000000  x9:0xfffffdb0 x13=0xfffffdb0
       74035000	      7304	800055e2	03208a33	mul	x20,x1,x18	  x1:0x800098e0 x18:0x80039ce4 x20=0x2850a780
       74405000	      7341	800055e6	025670b3	remu	x1,x12,x5	 x12:0x80025ce4  x5:0x8000bae3  x1=0x0001a201
       74445000	      7345	800055ea	02ee10b3	mulh	x1,x28,x14	 x28:0x80021e64 x14:0x00000001  x1=0xffffffff
       74455000	      7346	800055ee	01350133	add	x2,x10,x19	 x10:0x00009000 x19:0x00000287  x2=0x00009287
       74465000	      7347	800055f2	3408d7f3	csrrwi	x15,mscratch,17	 x15=0x80025ce6
       74475000	      7348	800055f6	010b6263	bltu	x22,x16,800055fa	 x22:0x7df5c000 x16:0x80025ce4
       74505000	      7351	800055fa	00bcd393	srli	x7,x25,0xb	 x25:0x00000013  x7=0x00000000
       74515000	      7352	800055fe	3402b1f3	csrrc	x3,mscratch,x5	  x5:0x8000bae3  x3=0x00000011
       74525000	      7353	80005602	8cf1	c.and	x9,x12	  x9:0xfffffdb0 x12:0x80025ce4  x9=0x80025ca0
       74535000	      7354	80005604	00da8663	beq	x21,x13,80005610	 x21:0x00014000 x13:0xfffffdb0
       74545000	      7355	80005608	340cdaf3	csrrwi	x21,mscratch,25	 x21=0x00000010
       74555000	      7356	8000560c	432ec293	xori	x5,x29,1074	 x29:0x80025c83  x5=0x800258b1
       74565000	      7357	80005610	f345b797	auipc	x15,0xf345b	 x15=0x73460610
       74575000	      7358	80005614	42efff13	andi	x30,x31,1070	 x31:0xfffff000 x30=0x00000000
       74585000	      7359	80005618	01fd0c33	add	x24,x26,x31	 x26:0x0001d000 x31:0xfffff000 x24=0x0001c000
       74625000	      7363	8000561c	024ea833	mulhsu	x16,x29,x4	 x29:0x80025c83  x4:0x00000000 x16=0x00000000
       74635000	      7364	80005620	340496f3	csrrw	x13,mscratch,x9	  x9:0x80025ca0 x13=0x00000019
       74645000	      7365	80005624	34002973	csrrs	x18,mscratch,x0	  x0:0x00000000 x18=0x80025ca0
       74655000	      7366	80005628	717d	c.addi16sp	x2,-16	  x2:0x00009287  x2=0x00009277
       74665000	      7367	8000562a	340039f3	csrrc	x19,mscratch,x0	  x0:0x00000000 x19=0x80025ca0
       74675000	      7368	8000562e	8f51	c.or	x14,x12	 x14:0x00000001 x12:0x80025ce4 x14=0x80025ce5
       74685000	      7369	80005630	02924263	blt	x4,x9,80005654	  x4:0x00000000  x9:0x80025ca0
       74695000	      7370	80005634	004fdeb3	srl	x29,x31,x4	 x31:0xfffff000  x4:0x00000000 x29=0xfffff000
       74705000	      7371	80005638	005ad913	srli	x18,x21,0x5	 x21:0x00000010 x18=0x00000000
       75075000	      7408	8000563c	02c266b3	rem	x13,x4,x12	  x4:0x00000000 x12:0x80025ce4 x13=0x00000000
       75085000	      7409	80005640	c3a9	c.beqz	x15,80005682	 x15:0x73460610
       75095000	      7410	80005642	e70d	c.bnez	x14,8000566c	 x14:0x80025ce5
       75115000	      7412	8000566c	01ef6fb3	or	x31,x30,x30	 x30:0x00000000 x30:0x00000000 x31=0x00000000
       75125000	      7413	80005670	7d6bcf93	xori	x31,x23,2006	 x23:0xffffffff x31=0xfffff829
       75135000	      7414	80005674	4495	c.li	x9,5	  x9=0x00000005
       75145000	      7415	80005676	8cad	c.xor	x9,x11	  x9:0x00000005 x11:0x0000024f  x9=0x0000024a
       75515000	      7452	80005678	02f77133	remu	x2,x14,x15	 x14:0x80025ce5 x15:0x73460610  x2=0x0cbc56d5
       75525000	      7453	8000567c	0165ca33	xor	x20,x11,x22	 x11:0x0000024f x22:0x7df5c000 x20=0x7df5c24f
       75535000	      7454	80005680	6dd5	c.lui	x27,0x15	 x27=0x00015000
       75545000	      7455	80005682	030e9963	bne	x29,x16,800056b4	 x29:0xfffff000 x16:0x00000000
       75565000	      7457	800056b4	169c	c.addi4spn	x15,x2,864	 x15=0x0cbc5a35
       75575000	      7458	800056b6	c795	c.beqz	x15,800056e2	 x15:0x0cbc5a35
       75585000	      7459	800056b8	03cf9963	bne	x31,x28,800056ea	 x31:0xfffff829 x28:0x80021e64
       75615000	      7462	800056ea	00355a93	srli	x21,x10,0x3	 x10:0x00009000 x21=0x00001200
       75625000	      7463	800056ee	340d17f3	csrrw	x15,mscratch,x26	 x26:0x0001d000 x15=0x80025ca0
       75635000	      7464	800056f2	0708	c.addi4spn	x10,x2,896	 x10=0x0cbc5a55
       75675000	      7468	800056f4	02db21b3	mulhsu	x3,x22,x13	 x22:0x7df5c000 x13:0x00000000  x3=0x00000000
       75685000	      7469	800056f8	9d06	c.add	x26,x1	 x26:0x0001d000  x1:0xffffffff x26=0x0001cfff
       75695000	      7470	800056fa	84dd	c.srai	x9,0x17	  x9:0x0000024a  x9=0x00000000
       75705000	      7471	800056fc	981a	c.add	x16,x6	 x16:0x00000000  x6:0x8000586a x16=0x8000586a
       75745000	      7475	800056fe	02bc3ab3	mulhu	x21,x24,x11	 x24:0x0001c000 x11:0x0000024f x21=0x00000000
       75755000	      7476	80005702	e22b4593	xori	x11,x22,-478	 x22:0x7df5c000 x11=0x820a3e22
       75765000	      7477	80005706	340b21f3	csrrs	x3,mscratch,x22	 x22:0x7df5c000  x3=0x0001d000
       75775000	      7478	8000570a	873d	c.srai	x14,0xf	 x14:0x80025ce5 x14=0xffff0004
       75785000	      7479	8000570c	34003f73	csrrc	x30,mscratch,x0	  x0:0x00000000 x30=0x7df5d000
       75795000	      7480	80005710	056d	c.addi	x10,27	 x10:0x0cbc5a55 x10=0x0cbc5a70
       75805000	      7481	80005712	d5cba313	slti	x6,x23,-676	 x23:0xffffffff  x6=0x00000000
       75815000	      7482	80005716	0478e163	bltu	x17,x7,80005758	 x17:0x80025ce4  x7:0x00000000
       75825000	      7483	8000571a	8e89	c.sub	x13,x10	 x13:0x00000000 x10:0x0cbc5a70 x13=0xf343a590
       75835000	      7484	8000571c	c789	c.beqz	x15,80005726	 x15:0x80025ca0
       75845000	      7485	8000571e	34007ff3	csrrci	x31,mscratch,0	 x31=0x7df5d000
       75855000	      7486	80005722	028f8f63	beq	x31,x8,80005760	 x31:0x7df5d000  x8:0x80000000
       75865000	      7487	80005726	8375	c.srli	x14,0x1d	 x14:0xffff0004 x14=0x00000007
       75875000	      7488	80005728	717d	c.addi16sp	x2,-16	  x2:0x0cbc56d5  x2=0x0cbc56c5
       75885000	      7489	8000572a	937e	c.add	x6,x31	  x6:0x00000000 x31:0x7df5d000  x6=0x7df5d000
       75895000	      7490	8000572c	40c05733	sra	x14,x0,x12	  x0:0x00000000 x12:0x80025ce4 x14=0x00000000
       75905000	      7491	80005730	46472bb7	lui	x23,0x46472	 x23=0x46472000
       75915000	      7492	80005734	01f90d63	beq	x18,x31,8000574e	 x18:0x00000000 x31:0x7df5d000
       75925000	      7493	80005738	0000100f	fence.i	
       75945000	      7495	8000573c	cf09	c.beqz	x14,80005756	 x14:0x00000000
       75965000	      7497	80005756	0ae5	c.addi	x21,25	 x21:0x00000000 x21=0x00000019
       75975000	      7498	80005758	537d	c.li	x6,-1	  x6=0xffffffff
       75985000	      7499	8000575a	8b0e	c.mv	x22,x3	  x0:0x00000000  x3:0x0001d000 x22=0x0001d000
       75995000	      7500	8000575c	6795	c.lui	x15,0x5	 x15=0x00005000
       76005000	      7501	8000575e	537d	c.li	x6,-1	  x6=0xffffffff
       76015000	      7502	80005760	a6caef13	ori	x30,x21,-1428	 x21:0x00000019 x30=0xfffffa7d
       76025000	      7503	80005764	9b7d	c.andi	x14,-1	 x14:0x00000000 x14=0x00000000
       76035000	      7504	80005766	03fed463	bge	x29,x31,8000578e	 x29:0xfffff000 x31:0x7df5d000
       76405000	      7541	8000576a	026f41b3	div	x3,x30,x6	 x30:0xfffffa7d  x6:0xffffffff  x3=0x00000583
       76415000	      7542	8000576e	01b47833	and	x16,x8,x27	  x8:0x80000000 x27:0x00015000 x16=0x00000000
       76425000	      7543	80005772	4126d213	srai	x4,x13,0x12	 x13:0xf343a590  x4=0xfffffcd0
       76435000	      7544	80005776	717d	c.addi16sp	x2,-16	  x2:0x0cbc56c5  x2=0x0cbc56b5
       76445000	      7545	80005778	01009b33	sll	x22,x1,x16	  x1:0xffffffff x16:0x00000000 x22=0xffffffff
       76455000	      7546	8000577c	0001	c.addi	x0,0	  x0:0x00000000  x0=0x00000000
       76465000	      7547	8000577e	340856f3	csrrwi	x13,mscratch,16	 x13=0x7df5d000
       76475000	      7548	80005782	8d85	c.sub	x11,x9	 x11:0x820a3e22  x9:0x00000000 x11=0x820a3e22
       76485000	      7549	80005784	0001	c.addi	x0,0	  x0:0x00000000  x0=0x00000000
       76495000	      7550	80005786	0111c833	xor	x16,x3,x17	  x3:0x00000583 x17:0x80025ce4 x16=0x80025967
       76505000	      7551	8000578a	8db9	c.xor	x11,x14	 x11:0x820a3e22 x14:0x00000000 x11=0x820a3e22
       76515000	      7552	8000578c	8f21	c.xor	x14,x8	 x14:0x00000000  x8:0x80000000 x14=0x80000000
       76525000	      7553	8000578e	03284f63	blt	x16,x18,800057cc	 x16:0x80025967 x18:0x00000000
       76545000	      7555	800057cc	2ab325b7	lui	x11,0x2ab32	 x11=0x2ab32000
       76555000	      7556	800057d0	0000100f	fence.i	
       76575000	      7558	800057d4	ab277d13	andi	x26,x14,-1358	 x14:0x80000000 x26=0x80000000
       76585000	      7559	800057d8	0001	c.addi	x0,0	  x0:0x00000000  x0=0x00000000
       76595000	      7560	800057da	851d	c.srai	x10,0x7	 x10:0x0cbc5a70 x10=0x001978b4
       76605000	      7561	800057dc	03f56363	bltu	x10,x31,80005802	 x10:0x001978b4 x31:0x7df5d000
       76625000	      7563	80005802	0f16	c.slli	x30,0x5	 x30:0xfffffa7d x30=0xffff4fa0
       76635000	      7564	80005804	003e3d33	sltu	x26,x28,x3	 x28:0x80021e64  x3:0x00000583 x26=0x00000000
       77005000	      7601	80005808	02b87d33	remu	x26,x16,x11	 x16:0x80025967 x11:0x2ab32000 x26=0x2a9c1967
       77015000	      7602	8000580c	007d6ab3	or	x21,x26,x7	 x26:0x2a9c1967  x7:0x00000000 x21=0x2a9c1967
       77025000	      7603	80005810	01404833	xor	x16,x0,x20	  x0:0x00000000 x20:0x7df5c24f x16=0x7df5c24f
       77035000	      7604	80005814	00672233	slt	x4,x14,x6	 x14:0x80000000  x6:0xffffffff  x4=0x00000001
       77045000	      7605	80005818	012fde93	srli	x29,x31,0x12	 x31:0x7df5d000 x29=0x00001f7d
       77085000	      7609	8000581c	03da20b3	mulhsu	x1,x20,x29	 x20:0x7df5c24f x29:0x00001f7d  x1=0x00000f7e
       77095000	      7610	80005820	938e	c.add	x7,x3	  x7:0x00000000  x3:0x00000583  x7=0x00000583
       77105000	      7611	80005822	41a0d733	sra	x14,x1,x26	  x1:0x00000f7e x26:0x2a9c1967 x14=0x0000001e
       77115000	      7612	80005826	01c082b3	add	x5,x1,x28	  x1:0x00000f7e x28:0x80021e64  x5=0x80022de2
       77485000	      7649	8000582a	03177c33	remu	x24,x14,x17	 x14:0x0000001e x17:0x80025ce4 x24=0x0000001e
       77495000	      7650	8000582e	6a254d13	xori	x26,x10,1698	 x10:0x001978b4 x26=0x00197e16
       77505000	      7651	80005832	0c1c	c.addi4spn	x15,x2,528	 x15=0x0cbc58c5
       77515000	      7652	80005834	8d75	c.and	x10,x13	 x10:0x001978b4 x13:0x7df5d000 x10=0x00115000
       77525000	      7653	80005836	e92df813	andi	x16,x27,-366	 x27:0x00015000 x16=0x00015000
       77535000	      7654	8000583a	0000100f	fence.i	
       77565000	      7657	8000583e	0094c9b3	xor	x19,x9,x9	  x9:0x00000000  x9:0x00000000 x19=0x00000000
       77575000	      7658	80005842	340ee1f3	csrrsi	x3,mscratch,29	  x3=0x00000010
       77585000	      7659	80005846	028d5563	bge	x26,x8,80005870	 x26:0x00197e16  x8:0x80000000
       77605000	      7661	80005870	545fe817	auipc	x16,0x545fe	 x16=0xd4603870
       77615000	      7662	80005874	0180e463	bltu	x1,x24,8000587c	  x1:0x00000f7e x24:0x0000001e
       77625000	      7663	80005878	015eff33	and	x30,x29,x21	 x29:0x00001f7d x21:0x2a9c1967 x30=0x00001965
       77635000	      7664	8000587c	0001	c.addi	x0,0	  x0:0x00000000  x0=0x00000000
       78005000	      7701	8000587e	0353c533	div	x10,x7,x21	  x7:0x00000583 x21:0x2a9c1967 x10=0x00000000
       78015000	      7702	80005882	404b8eb3	sub	x29,x23,x4	 x23:0x46472000  x4:0x00000001 x29=0x46471fff
       78055000	      7706	80005886	02053d33	mulhu	x26,x10,x0	 x10:0x00000000  x0:0x00000000 x26=0x00000000
       78065000	      7707	8000588a	c299	c.beqz	x13,80005890	 x13:0x7df5d000
       78435000	      7744	8000588c	02e6e133	rem	x2,x13,x14	 x13:0x7df5d000 x14:0x0000001e  x2=0x00000008
       78445000	      7745	80005890	01b85e93	srli	x29,x16,0x1b	 x16:0xd4603870 x29=0x0000001a
       78455000	      7746	80005894	340028f3	csrrs	x17,mscratch,x0	  x0:0x00000000 x17=0x0000001d
       78465000	      7747	80005898	ee8d	c.bnez	x13,800058d2	 x13:0x7df5d000
       78495000	      7750	800058d2	01c225b3	slt	x11,x4,x28	  x4:0x00000001 x28:0x80021e64 x11=0x00000000
       78505000	      7751	800058d6	05dec363	blt	x29,x29,8000591c	 x29:0x0000001a x29:0x0000001a
       78515000	      7752	800058da	0000100f	fence.i	
       78545000	      7755	800058de	019224b3	slt	x9,x4,x25	  x4:0x00000001 x25:0x00000013  x9=0x00000001
       78555000	      7756	800058e2	1084	c.addi4spn	x9,x2,96	  x9=0x00000068
       78595000	      7760	800058e4	03ff3933	mulhu	x18,x30,x31	 x30:0x00001965 x31:0x7df5d000 x18=0x00000c7e
       78605000	      7761	800058e8	01731713	slli	x14,x6,0x17	  x6:0xffffffff x14=0xff800000
       78615000	      7762	800058ec	0704	c.addi4spn	x9,x2,896	  x9=0x00000388
       78625000	      7763	800058ee	00d125b3	slt	x11,x2,x13	  x2:0x00000008 x13:0x7df5d000 x11=0x00000001
       78635000	      7764	800058f2	1efd	c.addi	x29,-1	 x29:0x0000001a x29=0x00000019
       78645000	      7765	800058f4	01b15113	srli	x2,x2,0x1b	  x2:0x00000008  x2=0x00000000
       78655000	      7766	800058f8	c55d6093	ori	x1,x26,-939	 x26:0x00000000  x1=0xfffffc55
       78665000	      7767	800058fc	af820893	addi	x17,x4,-1288	  x4:0x00000001 x17=0xfffffaf9
       78675000	      7768	80005900	3e26ee93	ori	x29,x13,994	 x13:0x7df5d000 x29=0x7df5d3e2
       78685000	      7769	80005904	83b5	c.srli	x15,0xd	 x15:0x0cbc58c5 x15=0x000065e2
       78695000	      7770	80005906	717d	c.addi16sp	x2,-16	  x2:0x00000000  x2=0xfffffff0
       78705000	      7771	80005908	01794333	xor	x6,x18,x23	 x18:0x00000c7e x23:0x46472000  x6=0x46472c7e
       78715000	      7772	8000590c	01f9c4b3	xor	x9,x19,x31	 x19:0x00000000 x31:0x7df5d000  x9=0x7df5d000
       78725000	      7773	80005910	009b7bb3	and	x23,x22,x9	 x22:0xffffffff  x9:0x7df5d000 x23=0x7df5d000
       78755000	      7776	80005914	034b8bb3	mul	x23,x23,x20	 x23:0x7df5d000 x20:0x7df5c24f x23=0x367b3000
       78765000	      7777	80005918	020be463	bltu	x23,x0,80005940	 x23:0x367b3000  x0:0x00000000
       78775000	      7778	8000591c	c331	c.beqz	x14,80005960	 x14:0xff800000
       78785000	      7779	8000591e	0028c533	xor	x10,x17,x2	 x17:0xfffffaf9  x2:0xfffffff0 x10=0x00000509
       78795000	      7780	80005922	99fd	c.andi	x11,-1	 x11:0x00000001 x11=0x00000001
       78805000	      7781	80005924	66d1	c.lui	x13,0x14	 x13=0x00014000
       78845000	      7785	80005926	02aa9a33	mulh	x20,x21,x10	 x21:0x2a9c1967 x10:0x00000509 x20=0x000000d6
       78855000	      7786	8000592a	008676b3	and	x13,x12,x8	 x12:0x80025ce4  x8:0x80000000 x13=0x80000000
       78865000	      7787	8000592e	3409a3f3	csrrs	x7,mscratch,x19	 x19:0x00000000  x7=0x0000001d
       78875000	      7788	80005932	017be9b3	or	x19,x23,x23	 x23:0x367b3000 x23:0x367b3000 x19=0x367b3000
       78885000	      7789	80005936	e319	c.bnez	x14,8000593c	 x14:0xff800000
       78905000	      7791	8000593c	34003573	csrrc	x10,mscratch,x0	  x0:0x00000000 x10=0x0000001d
       78915000	      7792	80005940	99fd	c.andi	x11,-1	 x11:0x00000001 x11=0x00000001
       78925000	      7793	80005942	00a60cb3	add	x25,x12,x10	 x12:0x80025ce4 x10:0x0000001d x25=0x80025d01
       78935000	      7794	80005946	00395963	bge	x18,x3,80005958	 x18:0x00000c7e  x3:0x00000010
       78955000	      7796	80005958	9a7e2293	slti	x5,x28,-1625	 x28:0x80021e64  x5=0x00000001
       78965000	      7797	8000595c	00826d33	or	x26,x4,x8	  x4:0x00000001  x8:0x80000000 x26=0x80000001
       78975000	      7798	80005960	f8206b13	ori	x22,x0,-126	  x0:0x00000000 x22=0xffffff82
       78985000	      7799	80005964	0dce	c.slli	x27,0x13	 x27:0x00015000 x27=0x80000000
       78995000	      7800	80005966	40dad113	srai	x2,x21,0xd	 x21:0x2a9c1967  x2=0x000154e0
       79005000	      7801	8000596a	015f42b3	xor	x5,x30,x21	 x30:0x00001965 x21:0x2a9c1967  x5=0x2a9c0002
       79015000	      7802	8000596e	0ff0000f	fence	iorw,iorw	
       79025000	      7803	80005972	8dd5	c.or	x11,x13	 x11:0x00000001 x13:0x80000000 x11=0x80000001
       79035000	      7804	80005974	01ef86b3	add	x13,x31,x30	 x31:0x7df5d000 x30:0x00001965 x13=0x7df5e965
       79045000	      7805	80005978	01629c13	slli	x24,x5,0x16	  x5:0x2a9c0002 x24=0x00800000
       79055000	      7806	8000597c	00c337b3	sltu	x15,x6,x12	  x6:0x46472c7e x12:0x80025ce4 x15=0x00000001
       79065000	      7807	80005980	ce6985b7	lui	x11,0xce698	 x11=0xce698000
       79075000	      7808	80005984	8ffd	c.and	x15,x15	 x15:0x00000001 x15:0x00000001 x15=0x00000001
       79085000	      7809	80005986	87b1	c.srai	x15,0xc	 x15:0x00000001 x15=0x00000000
       79095000	      7810	80005988	01276933	or	x18,x14,x18	 x14:0xff800000 x18:0x00000c7e x18=0xff800c7e
       79105000	      7811	8000598c	82f59717	auipc	x14,0x82f59	 x14=0x02f5e98c
       79115000	      7812	80005990	aa260eb7	lui	x29,0xaa260	 x29=0xaa260000
       79125000	      7813	80005994	0001	c.addi	x0,0	  x0:0x00000000  x0=0x00000000
       79135000	      7814	80005996	032bd963	bge	x23,x18,800059c8	 x23:0x367b3000 x18:0xff800c7e
       79155000	      7816	800059c8	03507263	bgeu	x0,x21,800059ec	  x0:0x00000000 x21:0x2a9c1967
       79165000	      7817	800059cc	03cfe663	bltu	x31,x28,800059f8	 x31:0x7df5d000 x28:0x80021e64
       79185000	      7819	800059f8	01fb80b3	add	x1,x23,x31	 x23:0x367b3000 x31:0x7df5d000  x1=0xb4710000
       79195000	      7820	800059fc	0000100f	fence.i	
       79245000	      7825	80005a00	0316a7b3	mulhsu	x15,x13,x17	 x13:0x7df5e965 x17:0xfffffaf9 x15=0x7df5e6eb
       79255000	      7826	80005a04	849f8293	addi	x5,x31,-1975	 x31:0x7df5d000  x5=0x7df5c849
       79265000	      7827	80005a08	41fd	c.li	x3,31	  x3=0x0000001f
       79275000	      7828	80005a0a	00a8dc13	srli	x24,x17,0xa	 x17:0xfffffaf9 x24=0x003ffffe
       79285000	      7829	80005a0e	34003973	csrrc	x18,mscratch,x0	  x0:0x00000000 x18=0x0000001d
       79295000	      7830	80005a12	34095df3	csrrwi	x27,mscratch,18	 x27=0x0000001d
       79305000	      7831	80005a16	e289	c.bnez	x13,80005a18	 x13:0x7df5e965
       79325000	      7833	80005a18	0ff0000f	fence	iorw,iorw	
       79335000	      7834	80005a1c	979a	c.add	x15,x6	 x15:0x7df5e6eb  x6:0x46472c7e x15=0xc43d1369
       79345000	      7835	80005a1e	8596	c.mv	x11,x5	  x0:0x00000000  x5:0x7df5c849 x11=0x7df5c849
       79355000	      7836	80005a20	0001	c.addi	x0,0	  x0:0x00000000  x0=0x00000000
       79365000	      7837	80005a22	8ec9	c.or	x13,x10	 x13:0x7df5e965 x10:0x0000001d x13=0x7df5e97d
       79375000	      7838	80005a24	8f75	c.and	x14,x13	 x14:0x02f5e98c x13:0x7df5e97d x14=0x00f5e90c
       79385000	      7839	80005a26	8f09	c.sub	x14,x10	 x14:0x00f5e90c x10:0x0000001d x14=0x00f5e8ef
       79395000	      7840	80005a28	34002373	csrrs	x6,mscratch,x0	  x0:0x00000000  x6=0x00000012
       79405000	      7841	80005a2c	65941837	lui	x16,0x65941	 x16=0x65941000
       79415000	      7842	80005a30	8355	c.srli	x14,0x15	 x14:0x00f5e8ef x14=0x00000007
       79425000	      7843	80005a32	e7b9	c.bnez	x15,80005a80	 x15:0xc43d1369
       79445000	      7845	80005a80	41b158b3	sra	x17,x2,x27	  x2:0x000154e0 x27:0x0000001d x17=0x00000000
       79455000	      7846	80005a84	1a7d	c.addi	x20,-1	 x20:0x000000d6 x20=0x000000d5
       79465000	      7847	80005a86	8f2c59b7	lui	x19,0x8f2c5	 x19=0x8f2c5000
       79475000	      7848	80005a8a	00571663	bne	x14,x5,80005a96	 x14:0x00000007  x5:0x7df5c849
       79505000	      7851	80005a96	019b6933	or	x18,x22,x25	 x22:0xffffff82 x25:0x80025d01 x18=0xffffff83
       79515000	      7852	80005a9a	87758917	auipc	x18,0x87758	 x18=0x0775da9a
       79525000	      7853	80005a9e	0ff0000f	fence	iorw,iorw	
       79535000	      7854	80005aa2	0000100f	fence.i	
       79595000	      7860	80005aa6	0373b733	mulhu	x14,x7,x23	  x7:0x0000001d x23:0x367b3000 x14=0x00000006
       79605000	      7861	80005aaa	01c7b3b3	sltu	x7,x15,x28	 x15:0xc43d1369 x28:0x80021e64  x7=0x00000000
       79615000	      7862	80005aae	8d4d	c.or	x10,x11	 x10:0x0000001d x11:0x7df5c849 x10=0x7df5c85d
       79625000	      7863	80005ab0	8f1d	c.sub	x14,x15	 x14:0x00000006 x15:0xc43d1369 x14=0x3bc2ec9d
       79635000	      7864	80005ab2	023f4963	blt	x30,x3,80005ae4	 x30:0x00001965  x3:0x0000001f
       79645000	      7865	80005ab6	5bfd	c.li	x23,-1	 x23=0xffffffff
       79655000	      7866	80005ab8	01b73133	sltu	x2,x14,x27	 x14:0x3bc2ec9d x27:0x0000001d  x2=0x00000000
       79665000	      7867	80005abc	8091	c.srli	x9,0x4	  x9:0x7df5d000  x9=0x07df5d00
       79675000	      7868	80005abe	8efd	c.and	x13,x15	 x13:0x7df5e97d x15:0xc43d1369 x13=0x44350169
       79685000	      7869	80005ac0	c4b3e913	ori	x18,x7,-949	  x7:0x00000000 x18=0xfffffc4b
       79695000	      7870	80005ac4	01da	c.slli	x3,0x16	  x3:0x0000001f  x3=0x07c00000
       79705000	      7871	80005ac6	03d70a63	beq	x14,x29,80005afa	 x14:0x3bc2ec9d x29:0xaa260000
       79715000	      7872	80005aca	0ff0000f	fence	iorw,iorw	
       79725000	      7873	80005ace	02360163	beq	x12,x3,80005af0	 x12:0x80025ce4  x3:0x07c00000
       79735000	      7874	80005ad2	f812e693	ori	x13,x5,-127	  x5:0x7df5c849 x13=0xffffffc9
       79745000	      7875	80005ad6	0001	c.addi	x0,0	  x0:0x00000000  x0=0x00000000
       79755000	      7876	80005ad8	814d	c.srli	x10,0x13	 x10:0x7df5c85d x10=0x00000fbe
       79765000	      7877	80005ada	62f1	c.lui	x5,0x1c	  x5=0x0001c000
       79775000	      7878	80005adc	017a51b3	srl	x3,x20,x23	 x20:0x000000d5 x23:0xffffffff  x3=0x00000000
       79785000	      7879	80005ae0	03bc4363	blt	x24,x27,80005b06	 x24:0x003ffffe x27:0x0000001d
       79795000	      7880	80005ae4	8d5d	c.or	x10,x15	 x10:0x00000fbe x15:0xc43d1369 x10=0xc43d1fff
       79815000	      7882	80005ae6	027c4f33	div	x30,x24,x7	 x24:0x003ffffe  x7:0x00000000 x30=0xffffffff
       79825000	      7883	80005aea	d2ca2993	slti	x19,x20,-724	 x20:0x000000d5 x19=0x00000000
       79835000	      7884	80005aee	8c8d	c.sub	x9,x11	  x9:0x07df5d00 x11:0x7df5c849  x9=0x89e994b7
       79845000	      7885	80005af0	0094	c.addi4spn	x13,x2,64	 x13=0x00000040
       79855000	      7886	80005af2	0000100f	fence.i	
       79885000	      7889	80005af6	a63d2b93	slti	x23,x26,-1437	 x26:0x80000001 x23=0x00000001
       79895000	      7890	80005afa	010110b3	sll	x1,x2,x16	  x2:0x00000000 x16:0x65941000  x1=0x00000000
       80265000	      7927	80005afe	02ebe0b3	rem	x1,x23,x14	 x23:0x00000001 x14:0x3bc2ec9d  x1=0x00000001
       80275000	      7928	80005b02	687da793	slti	x15,x27,1671	 x27:0x0000001d x15=0x00000001
       80645000	      7965	80005b06	02d65eb3	divu	x29,x12,x13	 x12:0x80025ce4 x13:0x00000040 x29=0x02000973
       80655000	      7966	80005b0a	7c578a13	addi	x20,x15,1989	 x15:0x00000001 x20=0x000007c6
       80665000	      7967	80005b0e	85a5	c.srai	x11,0x9	 x11:0x7df5c849 x11=0x003efae4
       80675000	      7968	80005b10	1698	c.addi4spn	x14,x2,864	 x14=0x00000360
       80685000	      7969	80005b12	01b7f263	bgeu	x15,x27,80005b16	 x15:0x00000001 x27:0x0000001d
       80695000	      7970	80005b16	340b3f73	csrrc	x30,mscratch,x22	 x22:0xffffff82 x30=0x00000012
       80705000	      7971	80005b1a	01d8a033	slt	x0,x17,x29	 x17:0x00000000 x29:0x02000973  x0=0x00000000
       80715000	      7972	80005b1e	3404b573	csrrc	x10,mscratch,x9	  x9:0x89e994b7 x10=0x00000010
       80725000	      7973	80005b22	40705233	sra	x4,x0,x7	  x0:0x00000000  x7:0x00000000  x4=0x00000000
       80735000	      7974	80005b26	8ca5	c.xor	x9,x9	  x9:0x89e994b7  x9:0x89e994b7  x9=0x00000000
       80745000	      7975	80005b28	0ff0000f	fence	iorw,iorw	
       80755000	      7976	80005b2c	6125	c.addi16sp	x2,96	  x2:0x00000000  x2=0x00000060
       80765000	      7977	80005b2e	03996663	bltu	x18,x25,80005b5a	 x18:0xfffffc4b x25:0x80025d01
       80775000	      7978	80005b32	4131de93	srai	x29,x3,0x13	  x3:0x00000000 x29=0x00000000
       80785000	      7979	80005b36	f9b37513	andi	x10,x6,-101	  x6:0x00000012 x10=0x00000012
       80795000	      7980	80005b3a	34006c73	csrrsi	x24,mscratch,0	 x24=0x00000000
       80805000	      7981	80005b3e	82c2	c.mv	x5,x16	  x0:0x00000000 x16:0x65941000  x5=0x65941000
       80815000	      7982	80005b40	413bd213	srai	x4,x23,0x13	 x23:0x00000001  x4=0x00000000
       80825000	      7983	80005b44	011ef0b3	and	x1,x29,x17	 x29:0x00000000 x17:0x00000000  x1=0x00000000
       80835000	      7984	80005b48	40488c33	sub	x24,x17,x4	 x17:0x00000000  x4:0x00000000 x24=0x00000000
       80845000	      7985	80005b4c	406cd293	srai	x5,x25,0x6	 x25:0x80025d01  x5=0xfe000974
       80855000	      7986	80005b50	001646b3	xor	x13,x12,x1	 x12:0x80025ce4  x1:0x00000000 x13=0x80025ce4
       80865000	      7987	80005b54	02f19463	bne	x3,x15,80005b7c	  x3:0x00000000 x15:0x00000001
       80885000	      7989	80005b7c	3403a0f3	csrrs	x1,mscratch,x7	  x7:0x00000000  x1=0x00000000
       80895000	      7990	80005b80	8db5	c.xor	x11,x13	 x11:0x003efae4 x13:0x80025ce4 x11=0x803ca600
       80905000	      7991	80005b82	9cad9eb7	lui	x29,0x9cad9	 x29=0x9cad9000
       80915000	      7992	80005b86	c39d	c.beqz	x15,80005bac	 x15:0x00000001
       80925000	      7993	80005b88	6109	c.addi16sp	x2,128	  x2:0x00000060  x2=0x000000e0
       80935000	      7994	80005b8a	34002d73	csrrs	x26,mscratch,x0	  x0:0x00000000 x26=0x00000000
       80945000	      7995	80005b8e	0000100f	fence.i	
       80975000	      7998	80005b92	0158e563	bltu	x17,x21,80005b9c	 x17:0x00000000 x21:0x2a9c1967
       80995000	      8000	80005b9c	0057e4b3	or	x9,x15,x5	 x15:0x00000001  x5:0xfe000974  x9=0xfe000975
       81005000	      8001	80005ba0	34047cf3	csrrci	x25,mscratch,8	 x25=0x00000000
       81025000	      8003	80005ba4	031ff6b3	remu	x13,x31,x17	 x31:0x7df5d000 x17:0x00000000 x13=0x7df5d000
       81035000	      8004	80005ba8	34002a73	csrrs	x20,mscratch,x0	  x0:0x00000000 x20=0x00000000
       81045000	      8005	80005bac	e105	c.bnez	x10,80005bcc	 x10:0x00000012
       81065000	      8007	80005bcc	01265d33	srl	x26,x12,x18	 x12:0x80025ce4 x18:0xfffffc4b x26=0x0010004b
       81075000	      8008	80005bd0	8dbd	c.xor	x11,x15	 x11:0x803ca600 x15:0x00000001 x11=0x803ca601
       81085000	      8009	80005bd2	01d8fd33	and	x26,x17,x29	 x17:0x00000000 x29:0x9cad9000 x26=0x00000000
       81095000	      8010	80005bd6	0325f163	bgeu	x11,x18,80005bf8	 x11:0x803ca601 x18:0xfffffc4b
       81105000	      8011	80005bda	a5ba2793	slti	x15,x20,-1445	 x20:0x00000000 x15=0x00000000
       81115000	      8012	80005bde	3406d773	csrrwi	x14,mscratch,13	 x14=0x00000000
       81125000	      8013	80005be2	76bf6393	ori	x7,x30,1899	 x30:0x00000012  x7=0x0000077b
       81135000	      8014	80005be6	42c77393	andi	x7,x14,1068	 x14:0x00000000  x7=0x00000000
       81145000	      8015	80005bea	e999	c.bnez	x11,80005c00	 x11:0x803ca601
       81165000	      8017	80005c00	ccd9e813	ori	x16,x19,-819	 x19:0x00000000 x16=0xfffffccd
       81175000	      8018	80005c04	010953b3	srl	x7,x18,x16	 x18:0xfffffc4b x16:0xfffffccd  x7=0x0007ffff
       81185000	      8019	80005c08	109c	c.addi4spn	x15,x2,96	 x15=0x00000140
       81225000	      8023	80005c0a	03cd30b3	mulhu	x1,x26,x28	 x26:0x00000000 x28:0x80021e64  x1=0x00000000
       81235000	      8024	80005c0e	530a8913	addi	x18,x21,1328	 x21:0x2a9c1967 x18=0x2a9c1e97
       81245000	      8025	80005c12	402581b3	sub	x3,x11,x2	 x11:0x803ca601  x2:0x000000e0  x3=0x803ca521
       81255000	      8026	80005c16	34001273	csrrw	x4,mscratch,x0	  x0:0x00000000  x4=0x0000000d
       81265000	      8027	80005c1a	0108e863	bltu	x17,x16,80005c2a	 x17:0x00000000 x16:0xfffffccd
       81285000	      8029	80005c2a	0001	c.addi	x0,0	  x0:0x00000000  x0=0x00000000
       81295000	      8030	80005c2c	e399	c.bnez	x15,80005c32	 x15:0x00000140
       81325000	      8033	80005c32	34007273	csrrci	x4,mscratch,0	  x4=0x00000000
       81335000	      8034	80005c36	0b08	c.addi4spn	x10,x2,400	 x10=0x00000270
       81705000	      8071	80005c38	02adf7b3	remu	x15,x27,x10	 x27:0x0000001d x10:0x00000270 x15=0x0000001d
       81715000	      8072	80005c3c	28e27f13	andi	x30,x4,654	  x4:0x00000000 x30=0x00000000
       81745000	      8075	80005c40	034b8eb3	mul	x29,x23,x20	 x23:0x00000001 x20:0x00000000 x29=0x00000000
       81755000	      8076	80005c44	34061773	csrrw	x14,mscratch,x12	 x12:0x80025ce4 x14=0x00000000
       81765000	      8077	80005c48	0169d593	srli	x11,x19,0x16	 x19:0x00000000 x11=0x00000000
       81775000	      8078	80005c4c	0a8c	c.addi4spn	x11,x2,336	 x11=0x00000230
       81785000	      8079	80005c4e	85d9	c.srai	x11,0x16	 x11:0x00000230 x11=0x00000000
       81795000	      8080	80005c50	0000100f	fence.i	
       82175000	      8118	80005c54	02284233	div	x4,x16,x2	 x16:0xfffffccd  x2:0x000000e0  x4=0xfffffffd
       82185000	      8119	80005c58	0b62	c.slli	x22,0x18	 x22:0xffffff82 x22=0x82000000
       82195000	      8120	80005c5a	00ab2fb3	slt	x31,x22,x10	 x22:0x82000000 x10:0x00000270 x31=0x00000001
       82205000	      8121	80005c5e	5dcc8393	addi	x7,x25,1500	 x25:0x00000000  x7=0x000005dc
       82245000	      8125	80005c62	03901a33	mulh	x20,x0,x25	  x0:0x00000000 x25:0x00000000 x20=0x00000000
       82275000	      8128	80005c66	03dd83b3	mul	x7,x27,x29	 x27:0x0000001d x29:0x00000000  x7=0x00000000
       82285000	      8129	80005c6a	0476d363	bge	x13,x7,80005cb0	 x13:0x7df5d000  x7:0x00000000
       82305000	      8131	80005cb0	cd81	c.beqz	x11,80005cc8	 x11:0x00000000
       82325000	      8133	80005cc8	e685	c.bnez	x13,80005cf0	 x13:0x7df5d000
       82345000	      8135	80005cf0	0a62	c.slli	x20,0x18	 x20:0x00000000 x20=0x00000000
       82355000	      8136	80005cf2	00916133	or	x2,x2,x9	  x2:0x000000e0  x9:0xfe000975  x2=0xfe0009f5
       82365000	      8137	80005cf6	037a	c.slli	x6,0x1e	  x6:0x00000012  x6=0x80000000
       82375000	      8138	80005cf8	340c6ef3	csrrsi	x29,mscratch,24	 x29=0x80025ce4
       82385000	      8139	80005cfc	00581463	bne	x16,x5,80005d04	 x16:0xfffffccd  x5:0xfe000974
       82405000	      8141	80005d04	0000100f	fence.i	
       82425000	      8143	80005d08	0278fe63	bgeu	x17,x7,80005d44	 x17:0x00000000  x7:0x00000000
       82445000	      8145	80005d44	0132b533	sltu	x10,x5,x19	  x5:0xfe000974 x19:0x00000000 x10=0x00000000
       82455000	      8146	80005d48	0ff0000f	fence	iorw,iorw	
       82465000	      8147	80005d4c	34002773	csrrs	x14,mscratch,x0	  x0:0x00000000 x14=0x80025cfc
       82475000	      8148	80005d50	075e	c.slli	x14,0x17	 x14:0x80025cfc x14=0x7e000000
       82485000	      8149	80005d52	07c1b213	sltiu	x4,x3,124	  x3:0x803ca521  x4=0x00000000
       82495000	      8150	80005d56	00da1c33	sll	x24,x20,x13	 x20:0x00000000 x13:0x7df5d000 x24=0x00000000
       82505000	      8151	80005d5a	0001	c.addi	x0,0	  x0:0x00000000  x0=0x00000000
       82515000	      8152	80005d5c	717d	c.addi16sp	x2,-16	  x2:0xfe0009f5  x2=0xfe0009e5
       82555000	      8156	80005d5e	02fc2a33	mulhsu	x20,x24,x15	 x24:0x00000000 x15:0x0000001d x20=0x00000000
       82565000	      8157	80005d62	00ec99b3	sll	x19,x25,x14	 x25:0x00000000 x14:0x7e000000 x19=0x00000000
       82575000	      8158	80005d66	8179	c.srli	x10,0x1e	 x10:0x00000000 x10=0x00000000
       82585000	      8159	80005d68	8189	c.srli	x11,0x2	 x11:0x00000000 x11=0x00000000
       82595000	      8160	80005d6a	00cbd463	bge	x23,x12,80005d72	 x23:0x00000001 x12:0x80025ce4
       82625000	      8163	80005d72	340d9173	csrrw	x2,mscratch,x27	 x27:0x0000001d  x2=0x80025cfc
       82655000	      8166	80005d76	021b80b3	mul	x1,x23,x1	 x23:0x00000001  x1:0x00000000  x1=0x00000000
       82665000	      8167	80005d7a	0107f663	bgeu	x15,x16,80005d86	 x15:0x0000001d x16:0xfffffccd
       83035000	      8204	80005d7e	0224e1b3	rem	x3,x9,x2	  x9:0xfe000975  x2:0x80025cfc  x3=0xfe000975
       83045000	      8205	80005d82	03258c63	beq	x11,x18,80005dba	 x11:0x00000000 x18:0x2a9c1e97
       83055000	      8206	80005d86	0000100f	fence.i	
       83085000	      8209	80005d8a	70e83e93	sltiu	x29,x16,1806	 x16:0xfffffccd x29=0x00000000
       83095000	      8210	80005d8e	000cda33	srl	x20,x25,x0	 x25:0x00000000  x0:0x00000000 x20=0x00000000
       83105000	      8211	80005d92	ceed4293	xori	x5,x26,-786	 x26:0x00000000  x5=0xfffffcee
       83115000	      8212	80005d96	00f04c33	xor	x24,x0,x15	  x0:0x00000000 x15:0x0000001d x24=0x0000001d
       83125000	      8213	80005d9a	9afd	c.andi	x13,-1	 x13:0x7df5d000 x13=0x7df5d000
       83165000	      8217	80005d9c	03f898b3	mulh	x17,x17,x31	 x17:0x00000000 x31:0x00000001 x17=0x00000000
       83175000	      8218	80005da0	8d51	c.or	x10,x12	 x10:0x00000000 x12:0x80025ce4 x10=0x80025ce4
       83185000	      8219	80005da2	cb85	c.beqz	x15,80005dd2	 x15:0x0000001d
       83195000	      8220	80005da4	86c6	c.mv	x13,x17	  x0:0x00000000 x17:0x00000000 x13=0x00000000
       83205000	      8221	80005da6	3407a873	csrrs	x16,mscratch,x15	 x15:0x0000001d x16=0x0000001d
       83215000	      8222	80005daa	00140d33	add	x26,x8,x1	  x8:0x80000000  x1:0x00000000 x26=0x80000000
       83225000	      8223	80005dae	00541fb3	sll	x31,x8,x5	  x8:0x80000000  x5:0xfffffcee x31=0x00000000
       83235000	      8224	80005db2	34069f73	csrrw	x30,mscratch,x13	 x13:0x00000000 x30=0x0000001d
       83245000	      8225	80005db6	03d11763	bne	x2,x29,80005de4	  x2:0x80025cfc x29:0x00000000
       83265000	      8227	80005de4	34061df3	csrrw	x27,mscratch,x12	 x12:0x80025ce4 x27=0x00000000
       83275000	      8228	80005de8	a7b76a93	ori	x21,x14,-1413	 x14:0x7e000000 x21=0xfffffa7b
       83285000	      8229	80005dec	6e7eb193	sltiu	x3,x29,1767	 x29:0x00000000  x3=0x00000001
       83295000	      8230	80005df0	eb11	c.bnez	x14,80005e04	 x14:0x7e000000
       83315000	      8232	80005e04	c719	c.beqz	x14,80005e12	 x14:0x7e000000
       83325000	      8233	80005e06	41988233	sub	x4,x17,x25	 x17:0x00000000 x25:0x00000000  x4=0x00000000
       83335000	      8234	80005e0a	8365	c.srli	x14,0x19	 x14:0x7e000000 x14=0x0000003f
       83345000	      8235	80005e0c	0008fa33	and	x20,x17,x0	 x17:0x00000000  x0:0x00000000 x20=0x00000000
       83355000	      8236	80005e10	6b21	c.lui	x22,0x8	 x22=0x00008000
       83395000	      8240	80005e12	032caab3	mulhsu	x21,x25,x18	 x25:0x00000000 x18:0x2a9c1e97 x21=0x00000000
       83405000	      8241	80005e16	01375663	bge	x14,x19,80005e22	 x14:0x0000003f x19:0x00000000
       83455000	      8246	80005e22	039b02b3	mul	x5,x22,x25	 x22:0x00008000 x25:0x00000000  x5=0x00000000
       83465000	      8247	80005e26	81fd	c.srli	x11,0x1f	 x11:0x00000000 x11=0x00000000
       83475000	      8248	80005e28	c299	c.beqz	x13,80005e2e	 x13:0x00000000
       83505000	      8251	80005e2e	340026f3	csrrs	x13,mscratch,x0	  x0:0x00000000 x13=0x80025ce4
       83515000	      8252	80005e32	0108	c.addi4spn	x10,x2,128	 x10=0x80025d7c
       83525000	      8253	80005e34	8d7d	c.and	x10,x15	 x10:0x80025d7c x15:0x0000001d x10=0x0000001c
       83535000	      8254	80005e36	dc5e0c93	addi	x25,x28,-571	 x28:0x80021e64 x25=0x80021c29
       83545000	      8255	80005e3a	01e913b3	sll	x7,x18,x30	 x18:0x2a9c1e97 x30:0x0000001d  x7=0xe0000000
       83555000	      8256	80005e3e	0143e833	or	x16,x7,x20	  x7:0xe0000000 x20:0x00000000 x16=0xe0000000
       83565000	      8257	80005e42	bfaa3093	sltiu	x1,x20,-1030	 x20:0x00000000  x1=0x00000001
       83575000	      8258	80005e46	5d66bd37	lui	x26,0x5d66b	 x26=0x5d66b000
       83585000	      8259	80005e4a	34006ef3	csrrsi	x29,mscratch,0	 x29=0x80025ce4
       83595000	      8260	80005e4e	4081	c.li	x1,0	  x1=0x00000000
       83605000	      8261	80005e50	855d	c.srai	x10,0x17	 x10:0x0000001c x10=0x00000000
       83615000	      8262	80005e52	3406a573	csrrs	x10,mscratch,x13	 x13:0x80025ce4 x10=0x80025ce4
       83625000	      8263	80005e56	5c7d	c.li	x24,-1	 x24=0xffffffff
       83635000	      8264	80005e58	34003ff3	csrrc	x31,mscratch,x0	  x0:0x00000000 x31=0x80025ce4
       83645000	      8265	80005e5c	8136	c.mv	x2,x13	  x0:0x00000000 x13:0x80025ce4  x2=0x80025ce4
       83655000	      8266	80005e5e	b7308693	addi	x13,x1,-1165	  x1:0x00000000 x13=0xfffffb73
       83665000	      8267	80005e62	6d89	c.lui	x27,0x2	 x27=0x00002000
       83675000	      8268	80005e64	811d	c.srli	x10,0x7	 x10:0x80025ce4 x10=0x010004b9
       83705000	      8271	80005e66	03c20cb3	mul	x25,x4,x28	  x4:0x00000000 x28:0x80021e64 x25=0x00000000
       83715000	      8272	80005e6a	011ae263	bltu	x21,x17,80005e6e	 x21:0x00000000 x17:0x00000000
       84085000	      8309	80005e6e	03f0f233	remu	x4,x1,x31	  x1:0x00000000 x31:0x80025ce4  x4=0x00000000
       84455000	      8346	80005e72	023558b3	divu	x17,x10,x3	 x10:0x010004b9  x3:0x00000001 x17=0x010004b9
       84465000	      8347	80005e76	9abc6a93	ori	x21,x24,-1621	 x24:0xffffffff x21=0xffffffff
       84475000	      8348	80005e7a	34002273	csrrs	x4,mscratch,x0	  x0:0x00000000  x4=0x80025ce4
       84485000	      8349	80005e7e	01bb63b3	or	x7,x22,x27	 x22:0x00008000 x27:0x00002000  x7=0x0000a000
       84495000	      8350	80005e82	896e	c.mv	x18,x27	  x0:0x00000000 x27:0x00002000 x18=0x00002000
       84865000	      8387	80005e84	02a65b33	divu	x22,x12,x10	 x12:0x80025ce4 x10:0x010004b9 x22=0x00000080
       84875000	      8388	80005e88	92ca	c.add	x5,x18	  x5:0x00000000 x18:0x00002000  x5=0x00002000
       84885000	      8389	80005e8a	01f805b3	add	x11,x16,x31	 x16:0xe0000000 x31:0x80025ce4 x11=0x60025ce4
       84925000	      8393	80005e8e	02b7b6b3	mulhu	x13,x15,x11	 x15:0x0000001d x11:0x60025ce4 x13=0x0000000a
       84935000	      8394	80005e92	6655ec13	ori	x24,x11,1637	 x11:0x60025ce4 x24=0x60025ee5
       84945000	      8395	80005e96	008da133	slt	x2,x27,x8	 x27:0x00002000  x8:0x80000000  x2=0x00000000
       84955000	      8396	80005e9a	f56dabb7	lui	x23,0xf56da	 x23=0xf56da000
       84965000	      8397	80005e9e	717d	c.addi16sp	x2,-16	  x2:0x00000000  x2=0xfffffff0
       84975000	      8398	80005ea0	340ff573	csrrci	x10,mscratch,31	 x10=0x80025ce4
       84985000	      8399	80005ea4	6d19	c.lui	x26,0x6	 x26=0x00006000
       84995000	      8400	80005ea6	6a65	c.lui	x20,0x19	 x20=0x00019000
       85005000	      8401	80005ea8	b9150f93	addi	x31,x10,-1135	 x10:0x80025ce4 x31=0x80025875
       85015000	      8402	80005eac	340a92f3	csrrw	x5,mscratch,x21	 x21:0xffffffff  x5=0x80025ce0
       85045000	      8405	80005eb0	03fa0c33	mul	x24,x20,x31	 x20:0x00019000 x31:0x80025875 x24=0xaa36d000
       85055000	      8406	80005eb4	018d86b3	add	x13,x27,x24	 x27:0x00002000 x24:0xaa36d000 x13=0xaa36f000
       85065000	      8407	80005eb8	3a432b97	auipc	x23,0x3a432	 x23=0xba437eb8
       85075000	      8408	80005ebc	01fd90b3	sll	x1,x27,x31	 x27:0x00002000 x31:0x80025875  x1=0x00000000
       85085000	      8409	80005ec0	40d4d5b3	sra	x11,x9,x13	  x9:0xfe000975 x13:0xaa36f000 x11=0xfe000975
       85095000	      8410	80005ec4	6339	c.lui	x6,0xe	  x6=0x0000e000
       85105000	      8411	80005ec6	8d99	c.sub	x11,x14	 x11:0xfe000975 x14:0x0000003f x11=0xfe000936
       85115000	      8412	80005ec8	030e1b63	bne	x28,x16,80005efe	 x28:0x80021e64 x16:0xe0000000
       85145000	      8415	80005efe	00f40563	beq	x8,x15,80005f08	  x8:0x80000000 x15:0x0000001d
       85155000	      8416	80005f02	412ddb93	srai	x23,x27,0x12	 x27:0x00002000 x23=0x00000000
       85165000	      8417	80005f06	8de9	c.and	x11,x10	 x11:0xfe000936 x10:0x80025ce4 x11=0x80000824
       85175000	      8418	80005f08	cacf56b7	lui	x13,0xcacf5	 x13=0xcacf5000
       85185000	      8419	80005f0c	340113f3	csrrw	x7,mscratch,x2	  x2:0xfffffff0  x7=0xffffffff
       85195000	      8420	80005f10	8319	c.srli	x14,0x6	 x14:0x0000003f x14=0x00000000
       85205000	      8421	80005f12	415ed233	sra	x4,x29,x21	 x29:0x80025ce4 x21:0xffffffff  x4=0xffffffff
       85215000	      8422	80005f16	afddc513	xori	x10,x27,-1283	 x27:0x00002000 x10=0xffffdafd
       85225000	      8423	80005f1a	020fc363	blt	x31,x0,80005f40	 x31:0x80025875  x0:0x00000000
       85245000	      8425	80005f40	017aea33	or	x20,x21,x23	 x21:0xffffffff x23:0x00000000 x20=0xffffffff
       85255000	      8426	80005f44	61b1	c.lui	x3,0xc	  x3=0x0000c000
       85625000	      8463	80005f46	03ebfeb3	remu	x29,x23,x30	 x23:0x00000000 x30:0x0000001d x29=0x00000000
       85635000	      8464	80005f4a	e08d	c.bnez	x9,80005f6c	  x9:0xfe000975
       85655000	      8466	80005f6c	86d5	c.srai	x13,0x15	 x13:0xcacf5000 x13=0xfffffe56
       85665000	      8467	80005f6e	6161	c.addi16sp	x2,80	  x2:0xfffffff0  x2=0x00000040
       85675000	      8468	80005f70	340af7f3	csrrci	x15,mscratch,21	 x15=0xfffffff0
       85685000	      8469	80005f74	e399	c.bnez	x15,80005f7a	 x15:0xfffffff0
       85715000	      8472	80005f7a	4153d3b3	sra	x7,x7,x21	  x7:0xffffffff x21:0xffffffff  x7=0xffffffff
       85755000	      8476	80005f7e	03439a33	mulh	x20,x7,x20	  x7:0xffffffff x20:0xffffffff x20=0x00000000
       85765000	      8477	80005f82	340b3af3	csrrc	x21,mscratch,x22	 x22:0x00000080 x21=0xffffffe0
       85775000	      8478	80005f86	8a89	c.andi	x13,2	 x13:0xfffffe56 x13=0x00000002
       85815000	      8482	80005f88	021429b3	mulhsu	x19,x8,x1	  x8:0x80000000  x1:0x00000000 x19=0x00000000
       85825000	      8483	80005f8c	340ce073	csrrsi	x0,mscratch,25	  x0=0x00000000
       85835000	      8484	80005f90	405780b3	sub	x1,x15,x5	 x15:0xfffffff0  x5:0x80025ce0  x1=0x7ffda310
       85845000	      8485	80005f94	340a9cf3	csrrw	x25,mscratch,x21	 x21:0xffffffe0 x25=0xffffff79
       85855000	      8486	80005f98	340aeb73	csrrsi	x22,mscratch,21	 x22=0xffffffe0
       85865000	      8487	80005f9c	009087b3	add	x15,x1,x9	  x1:0x7ffda310  x9:0xfe000975 x15=0x7dfdac85
       85875000	      8488	80005fa0	5c0b6d93	ori	x27,x22,1472	 x22:0xffffffe0 x27=0xffffffe0
       85885000	      8489	80005fa4	8fcd	c.or	x15,x11	 x15:0x7dfdac85 x11:0x80000824 x15=0xfdfdaca5
       85895000	      8490	80005fa6	82f5	c.srli	x13,0x1d	 x13:0x00000002 x13=0x00000000
       85905000	      8491	80005fa8	8c95	c.sub	x9,x13	  x9:0xfe000975 x13:0x00000000  x9=0xfe000975
       85915000	      8492	80005faa	406edf93	srai	x31,x29,0x6	 x29:0x00000000 x31=0x00000000
       85935000	      8494	80005fae	0334deb3	divu	x29,x9,x19	  x9:0xfe000975 x19:0x00000000 x29=0xffffffff
       85945000	      8495	80005fb2	82d1	c.srli	x13,0x14	 x13:0x00000000 x13=0x00000000
       85955000	      8496	80005fb4	007dfbb3	and	x23,x27,x7	 x27:0xffffffe0  x7:0xffffffff x23=0xffffffe0
       85965000	      8497	80005fb8	e58d	c.bnez	x11,80005fe2	 x11:0x80000824
       85985000	      8499	80005fe2	ed11	c.bnez	x10,80005ffe	 x10:0xffffdafd
       86045000	      8505	80005ffe	02929933	mulh	x18,x5,x9	  x5:0x80025ce0  x9:0xfe000975 x18=0x00fff68b
       86085000	      8509	80006002	02fbacb3	mulhsu	x25,x23,x15	 x23:0xffffffe0 x15:0xfdfdaca5 x25=0xffffffe0
       86095000	      8510	80006006	3408f3f3	csrrci	x7,mscratch,17	  x7=0xfffffff5
       86465000	      8547	8000600a	03c2df33	divu	x30,x5,x28	  x5:0x80025ce0 x28:0x80021e64 x30=0x00000001
       86475000	      8548	8000600e	714d62b7	lui	x5,0x714d6	  x5=0x714d6000
       86485000	      8549	80006012	00552fb3	slt	x31,x10,x5	 x10:0xffffdafd  x5:0x714d6000 x31=0x00000001
       86495000	      8550	80006016	01cc6eb3	or	x29,x24,x28	 x24:0xaa36d000 x28:0x80021e64 x29=0xaa36de64
       86505000	      8551	8000601a	40818c33	sub	x24,x3,x8	  x3:0x0000c000  x8:0x80000000 x24=0x8000c000
       86515000	      8552	8000601e	00e2cc63	blt	x5,x14,80006036	  x5:0x714d6000 x14:0x00000000
       86525000	      8553	80006022	248e0693	addi	x13,x28,584	 x28:0x80021e64 x13=0x800220ac
       86535000	      8554	80006026	eb15	c.bnez	x14,8000605a	 x14:0x00000000
       86545000	      8555	80006028	5ffd	c.li	x31,-1	 x31=0xffffffff
       86565000	      8557	8000602a	0339f333	remu	x6,x19,x19	 x19:0x00000000 x19:0x00000000  x6=0x00000000
       86935000	      8594	8000602e	036bc1b3	div	x3,x23,x22	 x23:0xffffffe0 x22:0xffffffe0  x3=0x00000001
       86945000	      8595	80006032	f7bf6f13	ori	x30,x30,-133	 x30:0x00000001 x30=0xffffff7b
       86955000	      8596	80006036	41225c13	srai	x24,x4,0x12	  x4:0xffffffff x24=0xffffffff
       86965000	      8597	8000603a	340aaff3	csrrs	x31,mscratch,x21	 x21:0xffffffe0 x31=0xffffffe4
       86975000	      8598	8000603e	001d1033	sll	x0,x26,x1	 x26:0x00006000  x1:0x7ffda310  x0=0x00000000
       86985000	      8599	80006042	b4ea7213	andi	x4,x20,-1202	 x20:0x00000000  x4=0x00000000
       86995000	      8600	80006046	00389933	sll	x18,x17,x3	 x17:0x010004b9  x3:0x00000001 x18=0x02000972
       87005000	      8601	8000604a	402e0bb3	sub	x23,x28,x2	 x28:0x80021e64  x2:0x00000040 x23=0x80021e24
       87015000	      8602	8000604e	340072f3	csrrci	x5,mscratch,0	  x5=0xffffffe4
       87025000	      8603	80006052	17234c13	xori	x24,x6,370	  x6:0x00000000 x24=0x00000172
       87035000	      8604	80006056	0001	c.addi	x0,0	  x0:0x00000000  x0=0x00000000
       87045000	      8605	80006058	8f89	c.sub	x15,x10	 x15:0xfdfdaca5 x10:0xffffdafd x15=0xfdfdd1a8
       87085000	      8609	8000605a	038c3f33	mulhu	x30,x24,x24	 x24:0x00000172 x24:0x00000172 x30=0x00000000
       87095000	      8610	8000605e	622d	c.lui	x4,0xb	  x4=0x0000b000
       87105000	      8611	80006060	34001373	csrrw	x6,mscratch,x0	  x0:0x00000000  x6=0xffffffe4
       87115000	      8612	80006064	01ffc563	blt	x31,x31,8000606e	 x31:0xffffffe4 x31:0xffffffe4
       87125000	      8613	80006068	0000100f	fence.i	
       87145000	      8615	8000606c	0001	c.addi	x0,0	  x0:0x00000000  x0=0x00000000
       87155000	      8616	8000606e	b8ef8813	addi	x16,x31,-1138	 x31:0xffffffe4 x16=0xfffffb72
       87525000	      8653	80006072	0254df33	divu	x30,x9,x5	  x9:0xfe000975  x5:0xffffffe4 x30=0x00000000
       87535000	      8654	80006076	0000100f	fence.i	
       87555000	      8656	8000607a	1b1c	c.addi4spn	x15,x2,432	 x15=0x000001f0
       87565000	      8657	8000607c	0001	c.addi	x0,0	  x0:0x00000000  x0=0x00000000
       87575000	      8658	8000607e	017b5e93	srli	x29,x22,0x17	 x22:0xffffffe0 x29=0x000001ff
       87585000	      8659	80006082	8575	c.srai	x10,0x1d	 x10:0xffffdafd x10=0xffffffff
       87595000	      8660	80006084	017fdd13	srli	x26,x31,0x17	 x31:0xffffffe4 x26=0x000001ff
       87605000	      8661	80006088	00a398b3	sll	x17,x7,x10	  x7:0xfffffff5 x10:0xffffffff x17=0x80000000
       87615000	      8662	8000608c	8be5	c.andi	x15,25	 x15:0x000001f0 x15=0x00000010
       87625000	      8663	8000608e	03538463	beq	x7,x21,800060b6	  x7:0xfffffff5 x21:0xffffffe0
       87635000	      8664	80006092	4b95	c.li	x23,5	 x23=0x00000005
       87645000	      8665	80006094	02681d63	bne	x16,x6,800060ce	 x16:0xfffffb72  x6:0xffffffe4
       87665000	      8667	800060ce	0ba9	c.addi	x23,10	 x23:0x00000005 x23=0x0000000f
       87675000	      8668	800060d0	005d17b3	sll	x15,x26,x5	 x26:0x000001ff  x5:0xffffffe4 x15=0x00001ff0
       87685000	      8669	800060d4	340e1df3	csrrw	x27,mscratch,x28	 x28:0x80021e64 x27=0x00000000
       87695000	      8670	800060d8	f37d0d13	addi	x26,x26,-201	 x26:0x000001ff x26=0x00000136
       87705000	      8671	800060dc	4751	c.li	x14,20	 x14=0x00000014
       87715000	      8672	800060de	340e3973	csrrc	x18,mscratch,x28	 x28:0x80021e64 x18=0x80021e64
       88085000	      8709	800060e2	0328f2b3	remu	x5,x17,x18	 x17:0x80000000 x18:0x80021e64  x5=0x80000000
       88095000	      8710	800060e6	0000100f	fence.i	
       88125000	      8713	800060ea	cb2f3f13	sltiu	x30,x30,-846	 x30:0x00000000 x30=0x00000001
       88135000	      8714	800060ee	6bf5	c.lui	x23,0x1d	 x23=0x0001d000
       88145000	      8715	800060f0	340e5873	csrrwi	x16,mscratch,28	 x16=0x00000000
       88155000	      8716	800060f4	00871663	bne	x14,x8,80006100	 x14:0x00000014  x8:0x80000000
       88535000	      8754	80006100	02b04d33	div	x26,x0,x11	  x0:0x00000000 x11:0x80000824 x26=0x00000000
       88545000	      8755	80006104	0001	c.addi	x0,0	  x0:0x00000000  x0=0x00000000
       88555000	      8756	80006106	0137b033	sltu	x0,x15,x19	 x15:0x00001ff0 x19:0x00000000  x0=0x00000000
       88565000	      8757	8000610a	e19d	c.bnez	x11,80006130	 x11:0x80000824
       88585000	      8759	80006130	8d31	c.xor	x10,x12	 x10:0xffffffff x12:0x80025ce4 x10=0x7ffda31b
       88595000	      8760	80006132	c599	c.beqz	x11,80006140	 x11:0x80000824
       88605000	      8761	80006134	828d	c.srli	x13,0x3	 x13:0x800220ac x13=0x10004415
       88615000	      8762	80006136	0001	c.addi	x0,0	  x0:0x00000000  x0=0x00000000
       88655000	      8766	80006138	02d41733	mulh	x14,x8,x13	  x8:0x80000000 x13:0x10004415 x14=0xf7ffddf5
       88665000	      8767	8000613c	01c872b3	and	x5,x16,x28	 x16:0x00000000 x28:0x80021e64  x5=0x00000000
       88675000	      8768	80006140	340a9df3	csrrw	x27,mscratch,x21	 x21:0xffffffe0 x27=0x0000001c
       88685000	      8769	80006144	01f5e0b3	or	x1,x11,x31	 x11:0x80000824 x31:0xffffffe4  x1=0xffffffe4
       88695000	      8770	80006148	9ec6	c.add	x29,x17	 x29:0x000001ff x17:0x80000000 x29=0x800001ff
       88705000	      8771	8000614a	010d6cb3	or	x25,x26,x16	 x26:0x00000000 x16:0x00000000 x25=0x00000000
       88715000	      8772	8000614e	01f7b0b3	sltu	x1,x15,x31	 x15:0x00001ff0 x31:0xffffffe4  x1=0x00000001
       88725000	      8773	80006152	34005873	csrrwi	x16,mscratch,0	 x16=0xffffffe0
       88735000	      8774	80006156	ba050293	addi	x5,x10,-1120	 x10:0x7ffda31b  x5=0x7ffd9ebb
       88745000	      8775	8000615a	001a8233	add	x4,x21,x1	 x21:0xffffffe0  x1:0x00000001  x4=0xffffffe1
       88755000	      8776	8000615e	e085	c.bnez	x9,8000617e	  x9:0xfe000975
       88795000	      8780	8000617e	03464933	div	x18,x12,x20	 x12:0x80025ce4 x20:0x00000000 x18=0xffffffff
       88805000	      8781	80006182	0392db63	bge	x5,x25,800061b8	  x5:0x7ffd9ebb x25:0x00000000
       88825000	      8783	800061b8	00bcf833	and	x16,x25,x11	 x25:0x00000000 x11:0x80000824 x16=0x00000000
       88835000	      8784	800061bc	19210893	addi	x17,x2,402	  x2:0x00000040 x17=0x000001d2
       88875000	      8788	800061c0	027798b3	mulh	x17,x15,x7	 x15:0x00001ff0  x7:0xfffffff5 x17=0xffffffff
       88885000	      8789	800061c4	1efd	c.addi	x29,-1	 x29:0x800001ff x29=0x800001fe
       88895000	      8790	800061c6	340ca273	csrrs	x4,mscratch,x25	 x25:0x00000000  x4=0x00000000
       88905000	      8791	800061ca	410d5d33	sra	x26,x26,x16	 x26:0x00000000 x16:0x00000000 x26=0x00000000
       88915000	      8792	800061ce	0be6	c.slli	x23,0x19	 x23:0x0001d000 x23=0x00000000
       88935000	      8794	800061d0	034f6db3	rem	x27,x30,x20	 x30:0x00000001 x20:0x00000000 x27=0x00000001
       88945000	      8795	800061d4	2951f193	andi	x3,x3,661	  x3:0x00000001  x3=0x00000001
       88955000	      8796	800061d8	ba6ca993	slti	x19,x25,-1114	 x25:0x00000000 x19=0x00000000
       88965000	      8797	800061dc	40225793	srai	x15,x4,0x2	  x4:0x00000000 x15=0x00000000
       88975000	      8798	800061e0	40118b33	sub	x22,x3,x1	  x3:0x00000001  x1:0x00000001 x22=0x00000000
       88985000	      8799	800061e4	41b183b3	sub	x7,x3,x27	  x3:0x00000001 x27:0x00000001  x7=0x00000000
       88995000	      8800	800061e8	cae0c393	xori	x7,x1,-850	  x1:0x00000001  x7=0xfffffcaf
       89005000	      8801	800061ec	01c91113	slli	x2,x18,0x1c	 x18:0xffffffff  x2=0xf0000000
       89015000	      8802	800061f0	5c584397	auipc	x7,0x5c584	  x7=0xdc58a1f0
       89025000	      8803	800061f4	02b5f263	bgeu	x11,x11,80006218	 x11:0x80000824 x11:0x80000824
       89075000	      8808	80006218	03b329b3	mulhsu	x19,x6,x27	  x6:0xffffffe4 x27:0x00000001 x19=0xffffffff
       89085000	      8809	8000621c	0001	c.addi	x0,0	  x0:0x00000000  x0=0x00000000
       89095000	      8810	8000621e	01d5bdb3	sltu	x27,x11,x29	 x11:0x80000824 x29:0x800001fe x27=0x00000000
       89105000	      8811	80006222	00c8c7b3	xor	x15,x17,x12	 x17:0xffffffff x12:0x80025ce4 x15=0x7ffda31b
       89145000	      8815	80006226	02f22333	mulhsu	x6,x4,x15	  x4:0x00000000 x15:0x7ffda31b  x6=0x00000000
       89155000	      8816	8000622a	f9edea93	ori	x21,x27,-98	 x27:0x00000000 x21=0xffffff9e
       89165000	      8817	8000622e	0fca	c.slli	x31,0x12	 x31:0xffffffe4 x31=0xff900000
       89175000	      8818	80006230	00458db3	add	x27,x11,x4	 x11:0x80000824  x4:0x00000000 x27=0x80000824
       89185000	      8819	80006234	0001	c.addi	x0,0	  x0:0x00000000  x0=0x00000000
       89195000	      8820	80006236	34056273	csrrsi	x4,mscratch,10	  x4=0x00000000
       89205000	      8821	8000623a	00a2bfb3	sltu	x31,x5,x10	  x5:0x7ffd9ebb x10:0x7ffda31b x31=0x00000001
       89215000	      8822	8000623e	404d03b3	sub	x7,x26,x4	 x26:0x00000000  x4:0x00000000  x7=0x00000000
       89255000	      8826	80006242	031029b3	mulhsu	x19,x0,x17	  x0:0x00000000 x17:0xffffffff x19=0x00000000
       89265000	      8827	80006246	01f92ab3	slt	x21,x18,x31	 x18:0xffffffff x31:0x00000001 x21=0x00000001
       89275000	      8828	8000624a	340f1373	csrrw	x6,mscratch,x30	 x30:0x00000001  x6=0x0000000a
       89285000	      8829	8000624e	00776463	bltu	x14,x7,80006256	 x14:0xf7ffddf5  x7:0x00000000
       89295000	      8830	80006252	00486263	bltu	x16,x4,80006256	 x16:0x00000000  x4:0x00000000
       89305000	      8831	80006256	6155	c.addi16sp	x2,304	  x2:0xf0000000  x2=0xf0000130
       89315000	      8832	80006258	8d29	c.xor	x10,x10	 x10:0x7ffda31b x10:0x7ffda31b x10=0x00000000
       89325000	      8833	8000625a	1f9c	c.addi4spn	x15,x2,1008	 x15=0xf0000520
       89335000	      8834	8000625c	90818a93	addi	x21,x3,-1784	  x3:0x00000001 x21=0xfffff909
       89705000	      8871	80006260	02facd33	div	x26,x21,x15	 x21:0xfffff909 x15:0xf0000520 x26=0x00000000
       89715000	      8872	80006264	34003973	csrrc	x18,mscratch,x0	  x0:0x00000000 x18=0x00000001
       89725000	      8873	80006268	0000100f	fence.i	
       89745000	      8875	8000626c	5cfd	c.li	x25,-1	 x25=0xffffffff
       89755000	      8876	8000626e	98fd	c.andi	x9,-1	  x9:0xfe000975  x9=0xfe000975
       89765000	      8877	80006270	0000100f	fence.i	
       89795000	      8880	80006274	020050b3	divu	x1,x0,x0	  x0:0x00000000  x0:0x00000000  x1=0xffffffff
       89815000	      8882	80006278	0348c3b3	div	x7,x17,x20	 x17:0xffffffff x20:0x00000000  x7=0xffffffff
       89825000	      8883	8000627c	857e	c.mv	x10,x31	  x0:0x00000000 x31:0x00000001 x10=0x00000001
       90195000	      8920	8000627e	02e9db33	divu	x22,x19,x14	 x19:0x00000000 x14:0xf7ffddf5 x22=0x00000000
       90215000	      8922	80006282	03a743b3	div	x7,x14,x26	 x14:0xf7ffddf5 x26:0x00000000  x7=0xffffffff
       90255000	      8926	80006286	03e9b9b3	mulhu	x19,x19,x30	 x19:0x00000000 x30:0x00000001 x19=0x00000000
       90265000	      8927	8000628a	8e89	c.sub	x13,x10	 x13:0x10004415 x10:0x00000001 x13=0x10004414
       90275000	      8928	8000628c	34006973	csrrsi	x18,mscratch,0	 x18=0x00000001
       90285000	      8929	80006290	0001	c.addi	x0,0	  x0:0x00000000  x0=0x00000000
       90295000	      8930	80006292	19fd	c.addi	x19,-1	 x19:0x00000000 x19=0xffffffff
       90305000	      8931	80006294	8fdd	c.or	x15,x15	 x15:0xf0000520 x15:0xf0000520 x15=0xf0000520
       90315000	      8932	80006296	01a09db3	sll	x27,x1,x26	  x1:0xffffffff x26:0x00000000 x27=0xffffffff
       90325000	      8933	8000629a	006a16b3	sll	x13,x20,x6	 x20:0x00000000  x6:0x0000000a x13=0x00000000
       90335000	      8934	8000629e	723a2c13	slti	x24,x20,1827	 x20:0x00000000 x24=0x00000001
       90345000	      8935	800062a2	84b5	c.srai	x9,0xd	  x9:0xfe000975  x9=0xfffff000
       90355000	      8936	800062a4	e537b713	sltiu	x14,x15,-429	 x15:0xf0000520 x14=0x00000001
       90365000	      8937	800062a8	01462333	slt	x6,x12,x20	 x12:0x80025ce4 x20:0x00000000  x6=0x00000001
       90375000	      8938	800062ac	9762	c.add	x14,x24	 x14:0x00000001 x24:0x00000001 x14=0x00000002
       90385000	      8939	800062ae	34016c73	csrrsi	x24,mscratch,2	 x24=0x00000001
       90395000	      8940	800062b2	1518	c.addi4spn	x14,x2,672	 x14=0xf00003d0
       90405000	      8941	800062b4	9a63ba13	sltiu	x20,x7,-1626	  x7:0xffffffff x20=0x00000000
       90415000	      8942	800062b8	001c3fb3	sltu	x31,x24,x1	 x24:0x00000001  x1:0xffffffff x31=0x00000001
       90425000	      8943	800062bc	02bff663	bgeu	x31,x11,800062e8	 x31:0x00000001 x11:0x80000824
       90435000	      8944	800062c0	340036f3	csrrc	x13,mscratch,x0	  x0:0x00000000 x13=0x00000003
       90445000	      8945	800062c4	01a769b3	or	x19,x14,x26	 x14:0xf00003d0 x26:0x00000000 x19=0xf00003d0
       90455000	      8946	800062c8	a2510693	addi	x13,x2,-1499	  x2:0xf0000130 x13=0xeffffb55
       90465000	      8947	800062cc	0c2d	c.addi	x24,11	 x24:0x00000001 x24=0x0000000c
       90475000	      8948	800062ce	6189	c.lui	x3,0x2	  x3=0x00002000
       90485000	      8949	800062d0	8de1	c.and	x11,x8	 x11:0x80000824  x8:0x80000000 x11=0x80000000
       90495000	      8950	800062d2	417a51b3	sra	x3,x20,x23	 x20:0x00000000 x23:0x00000000  x3=0x00000000
       90505000	      8951	800062d6	3401f7f3	csrrci	x15,mscratch,3	 x15=0x00000003
       90515000	      8952	800062da	01a06db3	or	x27,x0,x26	  x0:0x00000000 x26:0x00000000 x27=0x00000000
       90545000	      8955	800062de	033a0cb3	mul	x25,x20,x19	 x20:0x00000000 x19:0xf00003d0 x25=0x00000000
       90555000	      8956	800062e2	34002af3	csrrs	x21,mscratch,x0	  x0:0x00000000 x21=0x00000000
       90565000	      8957	800062e6	8311	c.srli	x14,0x4	 x14:0xf00003d0 x14=0x0f00003d
       90575000	      8958	800062e8	40498233	sub	x4,x19,x4	 x19:0xf00003d0  x4:0x00000000  x4=0xf00003d0
       90585000	      8959	800062ec	6ab1	c.lui	x21,0xc	 x21=0x0000c000
       90595000	      8960	800062ee	340f59f3	csrrwi	x19,mscratch,30	 x19=0x00000000
       90625000	      8963	800062f2	03998c33	mul	x24,x19,x25	 x19:0x00000000 x25:0x00000000 x24=0x00000000
       90635000	      8964	800062f6	00a55813	srli	x16,x10,0xa	 x10:0x00000001 x16=0x00000000
       90645000	      8965	800062fa	0000100f	fence.i	
       90675000	      8968	800062fe	009b8463	beq	x23,x9,80006306	 x23:0x00000000  x9:0xfffff000
       90685000	      8969	80006302	34007bf3	csrrci	x23,mscratch,0	 x23=0x0000001e
       90695000	      8970	80006306	f13df693	andi	x13,x27,-237	 x27:0x00000000 x13=0x00000000
       90735000	      8974	8000630a	03ed2cb3	mulhsu	x25,x26,x30	 x26:0x00000000 x30:0x00000001 x25=0x00000000
       90745000	      8975	8000630e	011f1bb3	sll	x23,x30,x17	 x30:0x00000001 x17:0xffffffff x23=0x80000000
       90755000	      8976	80006312	34086af3	csrrsi	x21,mscratch,16	 x21=0x0000001e
       90765000	      8977	80006316	05e94163	blt	x18,x30,80006358	 x18:0x00000001 x30:0x00000001
       90805000	      8981	8000631a	02c51133	mulh	x2,x10,x12	 x10:0x00000001 x12:0x80025ce4  x2=0xffffffff
       90815000	      8982	8000631e	0b31	c.addi	x22,12	 x22:0x00000000 x22=0x0000000c
       90825000	      8983	80006320	0037e963	bltu	x15,x3,80006332	 x15:0x00000003  x3:0x00000000
       90835000	      8984	80006324	9d0a	c.add	x26,x2	 x26:0x00000000  x2:0xffffffff x26=0xffffffff
       90845000	      8985	80006326	0ee6	c.slli	x29,0x19	 x29:0x800001fe x29=0xfc000000
       90855000	      8986	80006328	615d	c.addi16sp	x2,432	  x2:0xffffffff  x2=0x000001af
       90865000	      8987	8000632a	00ec1db3	sll	x27,x24,x14	 x24:0x00000000 x14:0x0f00003d x27=0x00000000
       90875000	      8988	8000632e	340d54f3	csrrwi	x9,mscratch,26	  x9=0x0000001e
       90885000	      8989	80006332	80c9	c.srli	x9,0x12	  x9:0x0000001e  x9=0x00000000
       90895000	      8990	80006334	717d	c.addi16sp	x2,-16	  x2:0x000001af  x2=0x0000019f
       90905000	      8991	80006336	34002773	csrrs	x14,mscratch,x0	  x0:0x00000000 x14=0x0000001a
       91275000	      9028	8000633a	024be933	rem	x18,x23,x4	 x23:0x80000000  x4:0xf00003d0 x18=0xffffe180
       91285000	      9029	8000633e	85b9	c.srai	x11,0xe	 x11:0x80000000 x11=0xfffe0000
       91295000	      9030	80006340	0ff0000f	fence	iorw,iorw	
       91305000	      9031	80006344	000de463	bltu	x27,x0,8000634c	 x27:0x00000000  x0:0x00000000
       91315000	      9032	80006348	0ff0000f	fence	iorw,iorw	
       91325000	      9033	8000634c	4160dc33	sra	x24,x1,x22	  x1:0xffffffff x22:0x0000000c x24=0xffffffff
       91695000	      9070	80006350	03eb5f33	divu	x30,x22,x30	 x22:0x0000000c x30:0x00000001 x30=0x0000000c
       91705000	      9071	80006354	01493233	sltu	x4,x18,x20	 x18:0xffffe180 x20:0x00000000  x4=0x00000000
       91715000	      9072	80006358	e5130b37	lui	x22,0xe5130	 x22=0xe5130000
       91725000	      9073	8000635c	8fe5	c.and	x15,x9	 x15:0x00000003  x9:0x00000000 x15=0x00000000
       91735000	      9074	8000635e	34006bf3	csrrsi	x23,mscratch,0	 x23=0x0000001a
       91745000	      9075	80006362	8fe9	c.and	x15,x10	 x15:0x00000000 x10:0x00000001 x15=0x00000000
       91755000	      9076	80006364	00d92b33	slt	x22,x18,x13	 x18:0xffffe180 x13:0x00000000 x22=0x00000001
       92125000	      9113	80006368	032166b3	rem	x13,x2,x18	  x2:0x0000019f x18:0xffffe180 x13=0x0000019f
       92165000	      9117	8000636c	037fafb3	mulhsu	x31,x31,x23	 x31:0x00000001 x23:0x0000001a x31=0x00000000
       92175000	      9118	80006370	3403a0f3	csrrs	x1,mscratch,x7	  x7:0xffffffff  x1=0x0000001a
       92185000	      9119	80006374	0001	c.addi	x0,0	  x0:0x00000000  x0=0x00000000
       92205000	      9121	80006376	0304dbb3	divu	x23,x9,x16	  x9:0x00000000 x16:0x00000000 x23=0xffffffff
       92215000	      9122	8000637a	0001	c.addi	x0,0	  x0:0x00000000  x0=0x00000000
       92225000	      9123	8000637c	24bc7137	lui	x2,0x24bc7	  x2=0x24bc7000
       92235000	      9124	80006380	8da5	c.xor	x11,x9	 x11:0xfffe0000  x9:0x00000000 x11=0xfffe0000
       92245000	      9125	80006382	9762	c.add	x14,x24	 x14:0x0000001a x24:0xffffffff x14=0x00000019
       92255000	      9126	80006384	00d84563	blt	x16,x13,8000638e	 x16:0x00000000 x13:0x0000019f
       92275000	      9128	8000638e	021e	c.slli	x4,0x7	  x4:0x00000000  x4=0x00000000
       92285000	      9129	80006390	8d99	c.sub	x11,x14	 x11:0xfffe0000 x14:0x00000019 x11=0xfffdffe7
       92295000	      9130	80006392	401fd913	srai	x18,x31,0x1	 x31:0x00000000 x18=0x00000000
       92305000	      9131	80006396	0716	c.slli	x14,0x5	 x14:0x00000019 x14=0x00000320
       92315000	      9132	80006398	00ae5793	srli	x15,x28,0xa	 x28:0x80021e64 x15=0x00200087
       92325000	      9133	8000639c	01193fb3	sltu	x31,x18,x17	 x18:0x00000000 x17:0xffffffff x31=0x00000001
       92345000	      9135	800063a0	0343d9b3	divu	x19,x7,x20	  x7:0xffffffff x20:0x00000000 x19=0xffffffff
       92355000	      9136	800063a4	4cfd	c.li	x25,31	 x25=0x0000001f
       92365000	      9137	800063a6	34059c73	csrrw	x24,mscratch,x11	 x11:0xfffdffe7 x24=0xffffffff
       92375000	      9138	800063aa	017bc033	xor	x0,x23,x23	 x23:0xffffffff x23:0xffffffff  x0=0x00000000
       92385000	      9139	800063ae	01805c63	bge	x0,x24,800063c6	  x0:0x00000000 x24:0xffffffff
       92405000	      9141	800063c6	8e95	c.sub	x13,x13	 x13:0x0000019f x13:0x0000019f x13=0x00000000
       92415000	      9142	800063c8	d8448d93	addi	x27,x9,-636	  x9:0x00000000 x27=0xfffffd84
       92425000	      9143	800063cc	0fe17813	andi	x16,x2,254	  x2:0x24bc7000 x16=0x00000000
       92435000	      9144	800063d0	03daf463	bgeu	x21,x29,800063f8	 x21:0x0000001e x29:0xfc000000
       92445000	      9145	800063d4	340c2273	csrrs	x4,mscratch,x24	 x24:0xffffffff  x4=0xfffdffe7
       92475000	      9148	800063d8	03c305b3	mul	x11,x6,x28	  x6:0x00000001 x28:0x80021e64 x11=0x80021e64
       92515000	      9152	800063dc	02233c33	mulhu	x24,x6,x2	  x6:0x00000001  x2:0x24bc7000 x24=0x00000000
       92885000	      9189	800063e0	021cc333	div	x6,x25,x1	 x25:0x0000001f  x1:0x0000001a  x6=0x00000001
       92895000	      9190	800063e4	117d	c.addi	x2,-1	  x2:0x24bc7000  x2=0x24bc6fff
       92905000	      9191	800063e6	34007073	csrrci	x0,mscratch,0	  x0=0x00000000
       92915000	      9192	800063ea	66b1	c.lui	x13,0xc	 x13=0x0000c000
       92925000	      9193	800063ec	01e458b3	srl	x17,x8,x30	  x8:0x80000000 x30:0x0000000c x17=0x00080000
       92935000	      9194	800063f0	01cac9b3	xor	x19,x21,x28	 x21:0x0000001e x28:0x80021e64 x19=0x80021e7a
       92945000	      9195	800063f4	0121fc33	and	x24,x3,x18	  x3:0x00000000 x18:0x00000000 x24=0x00000000
       92955000	      9196	800063f8	41085b93	srai	x23,x16,0x10	 x16:0x00000000 x23=0x00000000
       92965000	      9197	800063fc	8351	c.srli	x14,0x14	 x14:0x00000320 x14=0x00000000
       92975000	      9198	800063fe	cb9d2c13	slti	x24,x26,-839	 x26:0xffffffff x24=0x00000000
       92985000	      9199	80006402	055e6363	bltu	x28,x21,80006448	 x28:0x80021e64 x21:0x0000001e
       92995000	      9200	80006406	0174e563	bltu	x9,x23,80006410	  x9:0x00000000 x23:0x00000000
       93005000	      9201	8000640a	8131	c.srli	x10,0xc	 x10:0x00000001 x10=0x00000000
       93015000	      9202	8000640c	013b4c63	blt	x22,x19,80006424	 x22:0x00000001 x19:0x80021e7a
       93025000	      9203	80006410	8f39	c.xor	x14,x14	 x14:0x00000000 x14:0x00000000 x14=0x00000000
       93065000	      9207	80006412	02e1b233	mulhu	x4,x3,x14	  x3:0x00000000 x14:0x00000000  x4=0x00000000
       93075000	      9208	80006416	0116e9b3	or	x19,x13,x17	 x13:0x0000c000 x17:0x00080000 x19=0x0008c000
       93095000	      9210	8000641a	029471b3	remu	x3,x8,x9	  x8:0x80000000  x9:0x00000000  x3=0x80000000
       93105000	      9211	8000641e	8c89	c.sub	x9,x10	  x9:0x00000000 x10:0x00000000  x9=0x00000000
       93145000	      9215	80006420	02d72a33	mulhsu	x20,x14,x13	 x14:0x00000000 x13:0x0000c000 x20=0x00000000
       93155000	      9216	80006424	0132cb33	xor	x22,x5,x19	  x5:0x7ffd9ebb x19:0x0008c000 x22=0x7ff55ebb
       93165000	      9217	80006428	0030e363	bltu	x1,x3,8000642e	  x1:0x0000001a  x3:0x80000000
       93195000	      9220	8000642e	340a6a73	csrrsi	x20,mscratch,20	 x20=0xffffffff
       93205000	      9221	80006432	0001	c.addi	x0,0	  x0:0x00000000  x0=0x00000000
       93215000	      9222	80006434	7b332b13	slti	x22,x6,1971	  x6:0x00000001 x22=0x00000001
       93585000	      9259	80006438	0358fa33	remu	x20,x17,x21	 x17:0x00080000 x21:0x0000001e x20=0x00000008
       93595000	      9260	8000643c	340679f3	csrrci	x19,mscratch,12	 x19=0xffffffff
       93605000	      9261	80006440	7496e993	ori	x19,x13,1865	 x13:0x0000c000 x19=0x0000c749
       93615000	      9262	80006444	0276d063	bge	x13,x7,80006464	 x13:0x0000c000  x7:0xffffffff
       93635000	      9264	80006464	41a00333	sub	x6,x0,x26	  x0:0x00000000 x26:0xffffffff  x6=0x00000001
       93645000	      9265	80006468	0d98	c.addi4spn	x14,x2,720	 x14=0x24bc72cf
       93655000	      9266	8000646a	4c7d	c.li	x24,31	 x24=0x0000001f
       93665000	      9267	8000646c	82b5	c.srli	x13,0xd	 x13:0x0000c000 x13=0x00000006
       93705000	      9271	8000646e	02e9b533	mulhu	x10,x19,x14	 x19:0x0000c749 x14:0x24bc72cf x10=0x00001c98
       93715000	      9272	80006472	340d30f3	csrrc	x1,mscratch,x26	 x26:0xffffffff  x1=0xfffffff3
       93725000	      9273	80006476	69032213	slti	x4,x6,1680	  x6:0x00000001  x4=0x00000001
       93735000	      9274	8000647a	026bd363	bge	x23,x6,800064a0	 x23:0x00000000  x6:0x00000001
       93745000	      9275	8000647e	1d84	c.addi4spn	x9,x2,752	  x9=0x24bc72ef
       93755000	      9276	80006480	06de	c.slli	x13,0x17	 x13:0x00000006 x13=0x03000000
       93765000	      9277	80006482	8c85	c.sub	x9,x9	  x9:0x24bc72ef  x9:0x24bc72ef  x9=0x00000000
       93775000	      9278	80006484	01c35c33	srl	x24,x6,x28	  x6:0x00000001 x28:0x80021e64 x24=0x00000000
       93785000	      9279	80006488	34006773	csrrsi	x14,mscratch,0	 x14=0x00000000
       94155000	      9316	8000648c	02b75533	divu	x10,x14,x11	 x14:0x00000000 x11:0x80021e64 x10=0x00000000
       94165000	      9317	80006490	0134e033	or	x0,x9,x19	  x9:0x00000000 x19:0x0000c749  x0=0x00000000
       94195000	      9320	80006494	02710233	mul	x4,x2,x7	  x2:0x24bc6fff  x7:0xffffffff  x4=0xdb439001
       94215000	      9322	80006498	030e5db3	divu	x27,x28,x16	 x28:0x80021e64 x16:0x00000000 x27=0xffffffff
       94225000	      9323	8000649c	02287e63	bgeu	x16,x2,800064d8	 x16:0x00000000  x2:0x24bc6fff
       94235000	      9324	800064a0	039f8463	beq	x31,x25,800064c8	 x31:0x00000001 x25:0x0000001f
       94265000	      9327	800064a4	02430033	mul	x0,x6,x4	  x6:0x00000001  x4:0xdb439001  x0=0x00000000
       94275000	      9328	800064a8	00896263	bltu	x18,x8,800064ac	 x18:0x00000000  x8:0x80000000
       94295000	      9330	800064ac	8fdd	c.or	x15,x15	 x15:0x00200087 x15:0x00200087 x15=0x00200087
       94305000	      9331	800064ae	290dff37	lui	x30,0x290df	 x30=0x290df000
       94315000	      9332	800064b2	8f35	c.xor	x14,x13	 x14:0x00000000 x13:0x03000000 x14=0x03000000
       94325000	      9333	800064b4	8ce1	c.and	x9,x8	  x9:0x00000000  x8:0x80000000  x9=0x00000000
       94335000	      9334	800064b6	033cdd63	bge	x25,x19,800064f0	 x25:0x0000001f x19:0x0000c749
       94345000	      9335	800064ba	40c90f33	sub	x30,x18,x12	 x18:0x00000000 x12:0x80025ce4 x30=0x7ffda31c
       94355000	      9336	800064be	340f21f3	csrrs	x3,mscratch,x30	 x30:0x7ffda31c  x3=0x00000000
       94365000	      9337	800064c2	04db0363	beq	x22,x13,80006508	 x22:0x00000001 x13:0x03000000
       94375000	      9338	800064c6	c781	c.beqz	x15,800064ce	 x15:0x00200087
       94385000	      9339	800064c8	98fd	c.andi	x9,-1	  x9:0x00000000  x9=0x00000000
       94395000	      9340	800064ca	419ad3b3	sra	x7,x21,x25	 x21:0x0000001e x25:0x0000001f  x7=0x00000000
       94405000	      9341	800064ce	ce89	c.beqz	x13,800064e8	 x13:0x03000000
       94415000	      9342	800064d0	799abb93	sltiu	x23,x21,1945	 x21:0x0000001e x23=0x00000001
       94455000	      9346	800064d4	036c98b3	mulh	x17,x25,x22	 x25:0x0000001f x22:0x00000001 x17=0x00000000
       94465000	      9347	800064d8	340897f3	csrrw	x15,mscratch,x17	 x17:0x00000000 x15=0x7ffda31c
       94475000	      9348	800064dc	02964163	blt	x12,x9,800064fe	 x12:0x80025ce4  x9:0x00000000
       94495000	      9350	800064fe	8575	c.srai	x10,0x1d	 x10:0x00000000 x10=0x00000000
       94505000	      9351	80006500	5a0893b7	lui	x7,0x5a089	  x7=0x5a089000
       94875000	      9388	80006504	03d24733	div	x14,x4,x29	  x4:0xdb439001 x29:0xfc000000 x14=0x00000009
       94885000	      9389	80006508	3404dc73	csrrwi	x24,mscratch,9	 x24=0x00000000
       95255000	      9426	8000650c	02cd5eb3	divu	x29,x26,x12	 x26:0xffffffff x12:0x80025ce4 x29=0x00000001
       95265000	      9427	80006510	01c4dfb3	srl	x31,x9,x28	  x9:0x00000000 x28:0x80021e64 x31=0x00000000
       95275000	      9428	80006514	340f6ef3	csrrsi	x29,mscratch,30	 x29=0x00000009
       95285000	      9429	80006518	8ee5	c.and	x13,x9	 x13:0x03000000  x9:0x00000000 x13=0x00000000
       95295000	      9430	8000651a	80058813	addi	x16,x11,-2048	 x11:0x80021e64 x16=0x80021664
       95335000	      9434	8000651e	0340bb33	mulhu	x22,x1,x20	  x1:0xfffffff3 x20:0x00000008 x22=0x00000007
       95345000	      9435	80006522	01cffab3	and	x21,x31,x28	 x31:0x00000000 x28:0x80021e64 x21=0x00000000
       95355000	      9436	80006526	00ffc6b3	xor	x13,x31,x15	 x31:0x00000000 x15:0x7ffda31c x13=0x7ffda31c
       95365000	      9437	8000652a	8a76ec97	auipc	x25,0x8a76e	 x25=0x0a77452a
       95375000	      9438	8000652e	2ec48913	addi	x18,x9,748	  x9:0x00000000 x18=0x000002ec
       95385000	      9439	80006532	02e71e63	bne	x14,x14,8000656e	 x14:0x00000009 x14:0x00000009
       95395000	      9440	80006536	06253713	sltiu	x14,x10,98	 x10:0x00000000 x14=0x00000001
       95405000	      9441	8000653a	58474593	xori	x11,x14,1412	 x14:0x00000001 x11=0x00000585
       95415000	      9442	8000653e	00695393	srli	x7,x18,0x6	 x18:0x000002ec  x7=0x0000000b
       95425000	      9443	80006542	ca8d	c.beqz	x13,80006574	 x13:0x7ffda31c
       95435000	      9444	80006544	0ff0000f	fence	iorw,iorw	
       95445000	      9445	80006548	011f1133	sll	x2,x30,x17	 x30:0x7ffda31c x17:0x00000000  x2=0x7ffda31c
       95455000	      9446	8000654c	01272733	slt	x14,x14,x18	 x14:0x00000001 x18:0x000002ec x14=0x00000001
       95465000	      9447	80006550	00808d33	add	x26,x1,x8	  x1:0xfffffff3  x8:0x80000000 x26=0x7ffffff3
       95475000	      9448	80006554	0001	c.addi	x0,0	  x0:0x00000000  x0=0x00000000
       95485000	      9449	80006556	8f85	c.sub	x15,x9	 x15:0x7ffda31c  x9:0x00000000 x15=0x7ffda31c
       95495000	      9450	80006558	02895363	bge	x18,x8,8000657e	 x18:0x000002ec  x8:0x80000000
       95515000	      9452	8000657e	95ae	c.add	x11,x11	 x11:0x00000585 x11:0x00000585 x11=0x00000b0a
       95555000	      9456	80006580	0359afb3	mulhsu	x31,x19,x21	 x19:0x0000c749 x21:0x00000000 x31=0x00000000
       95565000	      9457	80006584	00e08cb3	add	x25,x1,x14	  x1:0xfffffff3 x14:0x00000001 x25=0xfffffff4
       95575000	      9458	80006588	0001	c.addi	x0,0	  x0:0x00000000  x0=0x00000000
       95585000	      9459	8000658a	00a95813	srli	x16,x18,0xa	 x18:0x000002ec x16=0x00000000
       95595000	      9460	8000658e	0189	c.addi	x3,2	  x3:0x00000000  x3=0x00000002
       95605000	      9461	80006590	000c5863	bge	x24,x0,800065a0	 x24:0x00000000  x0:0x00000000
       95625000	      9463	800065a0	84b9	c.srai	x9,0xe	  x9:0x00000000  x9=0x00000000
       95635000	      9464	800065a2	4741	c.li	x14,16	 x14=0x00000010
       95645000	      9465	800065a4	34002af3	csrrs	x21,mscratch,x0	  x0:0x00000000 x21=0x0000001f
       95655000	      9466	800065a8	011bcb63	blt	x23,x17,800065be	 x23:0x00000001 x17:0x00000000
       95665000	      9467	800065ac	3407d973	csrrwi	x18,mscratch,15	 x18=0x0000001f
       95675000	      9468	800065b0	61156b13	ori	x22,x10,1553	 x10:0x00000000 x22=0x00000611
       95685000	      9469	800065b4	0001	c.addi	x0,0	  x0:0x00000000  x0=0x00000000
       95695000	      9470	800065b6	f605a213	slti	x4,x11,-160	 x11:0x00000b0a  x4=0x00000000
       95735000	      9474	800065ba	02cf9833	mulh	x16,x31,x12	 x31:0x00000000 x12:0x80025ce4 x16=0x00000000
       95745000	      9475	800065be	91ae	c.add	x3,x11	  x3:0x00000002 x11:0x00000b0a  x3=0x00000b0c
       95755000	      9476	800065c0	01150463	beq	x10,x17,800065c8	 x10:0x00000000 x17:0x00000000
       95775000	      9478	800065c8	0001	c.addi	x0,0	  x0:0x00000000  x0=0x00000000
       95785000	      9479	800065ca	01294463	blt	x18,x18,800065d2	 x18:0x0000001f x18:0x0000001f
       95795000	      9480	800065ce	008e5933	srl	x18,x28,x8	 x28:0x80021e64  x8:0x80000000 x18=0x80021e64
       95825000	      9483	800065d2	03c68733	mul	x14,x13,x28	 x13:0x7ffda31c x28:0x80021e64 x14=0xfe68fef0
       95835000	      9484	800065d6	0001	c.addi	x0,0	  x0:0x00000000  x0=0x00000000
       95845000	      9485	800065d8	340cdc73	csrrwi	x24,mscratch,25	 x24=0x0000000f
       95855000	      9486	800065dc	8351	c.srli	x14,0x14	 x14:0xfe68fef0 x14=0x00000fe6
       95865000	      9487	800065de	8d41	c.or	x10,x8	 x10:0x00000000  x8:0x80000000 x10=0x80000000
       95875000	      9488	800065e0	0a08	c.addi4spn	x10,x2,272	 x10=0x7ffda42c
       96245000	      9525	800065e2	033878b3	remu	x17,x16,x19	 x16:0x00000000 x19:0x0000c749 x17=0x00000000
       96275000	      9528	800065e6	020c0233	mul	x4,x24,x0	 x24:0x0000000f  x0:0x00000000  x4=0x00000000
       96645000	      9565	800065ea	02294333	div	x6,x18,x2	 x18:0x80021e64  x2:0x7ffda31c  x6=0xffffffff
       96685000	      9569	800065ee	03ed9b33	mulh	x22,x27,x30	 x27:0xffffffff x30:0x7ffda31c x22=0xffffffff
       96695000	      9570	800065f2	80fec113	xori	x2,x29,-2033	 x29:0x00000009  x2=0xfffff806
       96705000	      9571	800065f6	0ff0000f	fence	iorw,iorw	
       96715000	      9572	800065fa	00641733	sll	x14,x8,x6	  x8:0x80000000  x6:0xffffffff x14=0x00000000
       96725000	      9573	800065fe	6413a013	slti	x0,x7,1601	  x7:0x0000000b  x0=0x00000000
       96755000	      9576	80006602	03e20c33	mul	x24,x4,x30	  x4:0x00000000 x30:0x7ffda31c x24=0x00000000
       96765000	      9577	80006606	00fe1513	slli	x10,x28,0xf	 x28:0x80021e64 x10=0x0f320000
       96775000	      9578	8000660a	04490563	beq	x18,x4,80006654	 x18:0x80021e64  x4:0x00000000
       96785000	      9579	8000660e	0001	c.addi	x0,0	  x0:0x00000000  x0=0x00000000
       96795000	      9580	80006610	023e7663	bgeu	x28,x3,8000663c	 x28:0x80021e64  x3:0x00000b0c
       96815000	      9582	8000663c	0131dc63	bge	x3,x19,80006654	  x3:0x00000b0c x19:0x0000c749
       96825000	      9583	80006640	01690d33	add	x26,x18,x22	 x18:0x80021e64 x22:0xffffffff x26=0x80021e63
       96835000	      9584	80006644	904c8593	addi	x11,x25,-1788	 x25:0xfffffff4 x11=0xfffff8f8
       96845000	      9585	80006648	0001	c.addi	x0,0	  x0:0x00000000  x0=0x00000000
       96855000	      9586	8000664a	4c858113	addi	x2,x11,1224	 x11:0xfffff8f8  x2=0xfffffdc0
       97225000	      9623	8000664e	0370c5b3	div	x11,x1,x23	  x1:0xfffffff3 x23:0x00000001 x11=0xfffffff3
       97235000	      9624	80006652	633d	c.lui	x6,0xf	  x6=0x0000f000
       97245000	      9625	80006654	01e837b3	sltu	x15,x16,x30	 x16:0x00000000 x30:0x7ffda31c x15=0x00000001
       97615000	      9662	80006658	032b7eb3	remu	x29,x22,x18	 x22:0xffffffff x18:0x80021e64 x29=0x7ffde19b
       97625000	      9663	8000665c	828d	c.srli	x13,0x3	 x13:0x7ffda31c x13=0x0fffb463
       97645000	      9665	8000665e	030fdeb3	divu	x29,x31,x16	 x31:0x00000000 x16:0x00000000 x29=0xffffffff
       97675000	      9668	80006662	03cd0a33	mul	x20,x26,x28	 x26:0x80021e63 x28:0x80021e64 x20=0xfd2978ac
       97685000	      9669	80006666	197d	c.addi	x18,-1	 x18:0x80021e64 x18=0x80021e63
       97725000	      9673	80006668	028cb233	mulhu	x4,x25,x8	 x25:0xfffffff4  x8:0x80000000  x4=0x7ffffffa
       97735000	      9674	8000666c	01d26263	bltu	x4,x29,80006670	  x4:0x7ffffffa x29:0xffffffff
       97755000	      9676	80006670	03b65763	bge	x12,x27,8000669e	 x12:0x80025ce4 x27:0xffffffff
       97765000	      9677	80006674	005aed33	or	x26,x21,x5	 x21:0x0000001f  x5:0x7ffd9ebb x26=0x7ffd9ebf
       97775000	      9678	80006678	003c9f33	sll	x30,x25,x3	 x25:0xfffffff4  x3:0x00000b0c x30=0xffff4000
       97805000	      9681	8000667c	03e70cb3	mul	x25,x14,x30	 x14:0x00000000 x30:0xffff4000 x25=0x00000000
       97815000	      9682	80006680	340a37f3	csrrc	x15,mscratch,x20	 x20:0xfd2978ac x15=0x00000019
       97825000	      9683	80006684	01882c33	slt	x24,x16,x24	 x16:0x00000000 x24:0x00000000 x24=0x00000000
       97835000	      9684	80006688	34009573	csrrw	x10,mscratch,x1	  x1:0xfffffff3 x10=0x00000011
       98205000	      9721	8000668c	03a2c1b3	div	x3,x5,x26	  x5:0x7ffd9ebb x26:0x7ffd9ebf  x3=0x00000000
       98215000	      9722	80006690	9bfd	c.andi	x15,-1	 x15:0x00000019 x15=0x00000019
       98225000	      9723	80006692	00ac0eb3	add	x29,x24,x10	 x24:0x00000000 x10:0x00000011 x29=0x00000011
       98235000	      9724	80006696	697b3c93	sltiu	x25,x22,1687	 x22:0xffffffff x25=0x00000000
       98255000	      9726	8000669a	0303eab3	rem	x21,x7,x16	  x7:0x0000000b x16:0x00000000 x21=0x0000000b
       98265000	      9727	8000669e	6b18cf13	xori	x30,x17,1713	 x17:0x00000000 x30=0x000006b1
       98275000	      9728	800066a2	f97a7593	andi	x11,x20,-105	 x20:0xfd2978ac x11=0xfd297884
       98645000	      9765	800066a6	02635233	divu	x4,x6,x6	  x6:0x0000f000  x6:0x0000f000  x4=0x00000001
       98655000	      9766	800066aa	340817f3	csrrw	x15,mscratch,x16	 x16:0x00000000 x15=0xfffffff3
       98665000	      9767	800066ae	00e356b3	srl	x13,x6,x14	  x6:0x0000f000 x14:0x00000000 x13=0x0000f000
       98675000	      9768	800066b2	340026f3	csrrs	x13,mscratch,x0	  x0:0x00000000 x13=0x00000000
       98685000	      9769	800066b6	1118	c.addi4spn	x14,x2,160	 x14=0xfffffe60
       98695000	      9770	800066b8	41c2df33	sra	x30,x5,x28	  x5:0x7ffd9ebb x28:0x80021e64 x30=0x07ffd9eb
       98705000	      9771	800066bc	28437f93	andi	x31,x6,644	  x6:0x0000f000 x31=0x00000000
       98715000	      9772	800066c0	a0aba813	slti	x16,x23,-1526	 x23:0x00000001 x16=0x00000000
       99085000	      9809	800066c4	03b4f4b3	remu	x9,x9,x27	  x9:0x00000000 x27:0xffffffff  x9=0x00000000
       99095000	      9810	800066c8	093a	c.slli	x18,0xe	 x18:0x80021e63 x18=0x8798c000
       99105000	      9811	800066ca	012f8463	beq	x31,x18,800066d2	 x31:0x00000000 x18:0x8798c000
       99115000	      9812	800066ce	83a1	c.srli	x15,0x8	 x15:0xfffffff3 x15=0x00ffffff
       99125000	      9813	800066d0	8cf5	c.and	x9,x13	  x9:0x00000000 x13:0x00000000  x9=0x00000000
       99135000	      9814	800066d2	8792	c.mv	x15,x4	  x0:0x00000000  x4:0x00000001 x15=0x00000001
       99145000	      9815	800066d4	009ff7b3	and	x15,x31,x9	 x31:0x00000000  x9:0x00000000 x15=0x00000000
       99155000	      9816	800066d8	3408d873	csrrwi	x16,mscratch,17	 x16=0x00000000
       99165000	      9817	800066dc	46c5	c.li	x13,17	 x13=0x00000011
       99175000	      9818	800066de	0149d1b3	srl	x3,x19,x20	 x19:0x0000c749 x20:0xfd2978ac  x3=0x0000000c
       99185000	      9819	800066e2	f43ece93	xori	x29,x29,-189	 x29:0x00000011 x29=0xffffff52
       99195000	      9820	800066e6	85c9	c.srai	x11,0x12	 x11:0xfd297884 x11=0xffffff4a
       99205000	      9821	800066e8	8c89	c.sub	x9,x10	  x9:0x00000000 x10:0x00000011  x9=0xffffffef
       99215000	      9822	800066ea	8bd6	c.mv	x23,x21	  x0:0x00000000 x21:0x0000000b x23=0x0000000b
       99225000	      9823	800066ec	020c9463	bne	x25,x0,80006714	 x25:0x00000000  x0:0x00000000
       99235000	      9824	800066f0	02744e63	blt	x8,x7,8000672c	  x8:0x80000000  x7:0x0000000b
       99255000	      9826	8000672c	0ff0000f	fence	iorw,iorw	
       99265000	      9827	80006730	8f99	c.sub	x15,x14	 x15:0x00000000 x14:0xfffffe60 x15=0x000001a0
       99275000	      9828	80006732	8fb5	c.xor	x15,x13	 x15:0x000001a0 x13:0x00000011 x15=0x000001b1
       99285000	      9829	80006734	051fd563	bge	x31,x17,8000677e	 x31:0x00000000 x17:0x00000000
       99315000	      9832	8000677e	018352b3	srl	x5,x6,x24	  x6:0x0000f000 x24:0x00000000  x5=0x0000f000
       99325000	      9833	80006782	41c68c33	sub	x24,x13,x28	 x13:0x00000011 x28:0x80021e64 x24=0x7ffde1ad
       99335000	      9834	80006786	0a14	c.addi4spn	x13,x2,272	 x13=0xfffffed0
       99345000	      9835	80006788	0001	c.addi	x0,0	  x0:0x00000000  x0=0x00000000
       99355000	      9836	8000678a	340a7073	csrrci	x0,mscratch,20	  x0=0x00000000
       99365000	      9837	8000678e	8de1	c.and	x11,x8	 x11:0xffffff4a  x8:0x80000000 x11=0x80000000
       99375000	      9838	80006790	01a5d663	bge	x11,x26,8000679c	 x11:0x80000000 x26:0x7ffd9ebf
       99385000	      9839	80006794	018d7db3	and	x27,x26,x24	 x26:0x7ffd9ebf x24:0x7ffde1ad x27=0x7ffd80ad
       99395000	      9840	80006798	00064f33	xor	x30,x12,x0	 x12:0x80025ce4  x0:0x00000000 x30=0x80025ce4
       99405000	      9841	8000679c	c781	c.beqz	x15,800067a4	 x15:0x000001b1
       99415000	      9842	8000679e	0db6	c.slli	x27,0xd	 x27:0x7ffd80ad x27=0xb015a000
       99425000	      9843	800067a0	01e05d13	srli	x26,x0,0x1e	  x0:0x00000000 x26=0x00000000
       99435000	      9844	800067a4	0d84	c.addi4spn	x9,x2,720	  x9=0x00000090
       99445000	      9845	800067a6	340819f3	csrrw	x19,mscratch,x16	 x16:0x00000000 x19=0x00000001
       99455000	      9846	800067aa	00d0a5b3	slt	x11,x1,x13	  x1:0xfffffff3 x13:0xfffffed0 x11=0x00000000
       99465000	      9847	800067ae	025df963	bgeu	x27,x5,800067e0	 x27:0xb015a000  x5:0x0000f000
       99485000	      9849	800067e0	808e	c.mv	x1,x3	  x0:0x00000000  x3:0x0000000c  x1=0x0000000c
       99495000	      9850	800067e2	03c40563	beq	x8,x28,8000680c	  x8:0x80000000 x28:0x80021e64
       99505000	      9851	800067e6	cd4c2d93	slti	x27,x24,-812	 x24:0x7ffde1ad x27=0x00000000
       99515000	      9852	800067ea	0177e263	bltu	x15,x23,800067ee	 x15:0x000001b1 x23:0x0000000b
       99525000	      9853	800067ee	1694	c.addi4spn	x13,x2,864	 x13=0x00000120
       99535000	      9854	800067f0	02e77e63	bgeu	x14,x14,8000682c	 x14:0xfffffe60 x14:0xfffffe60
       99555000	      9856	8000682c	8cd5	c.or	x9,x13	  x9:0x00000090 x13:0x00000120  x9=0x000001b0
       99565000	      9857	8000682e	0161fa63	bgeu	x3,x22,80006842	  x3:0x0000000c x22:0xffffffff
       99575000	      9858	80006832	8ee9	c.and	x13,x10	 x13:0x00000120 x10:0x00000011 x13=0x00000000
       99585000	      9859	80006834	5b08cd93	xori	x27,x17,1456	 x17:0x00000000 x27=0x000005b0
       99595000	      9860	80006838	02dd7263	bgeu	x26,x13,8000685c	 x26:0x00000000 x13:0x00000000
       99615000	      9862	8000685c	411eddb3	sra	x27,x29,x17	 x29:0xffffff52 x17:0x00000000 x27=0xffffff52
       99625000	      9863	80006860	0d04	c.addi4spn	x9,x2,656	  x9=0x00000050
       99635000	      9864	80006862	80ad	c.srli	x9,0xb	  x9:0x00000050  x9=0x00000000
       99645000	      9865	80006864	404b5213	srai	x4,x22,0x4	 x22:0xffffffff  x4=0xffffffff
      100015000	      9902	80006868	027ceeb3	rem	x29,x25,x7	 x25:0x00000000  x7:0x0000000b x29=0x00000000
      100025000	      9903	8000686c	340029f3	csrrs	x19,mscratch,x0	  x0:0x00000000 x19=0x00000000
      100065000	      9907	80006870	03f71db3	mulh	x27,x14,x31	 x14:0xfffffe60 x31:0x00000000 x27=0x00000000
      100075000	      9908	80006874	8fc9	c.or	x15,x10	 x15:0x000001b1 x10:0x00000011 x15=0x000001b1
      100115000	      9912	80006876	039517b3	mulh	x15,x10,x25	 x10:0x00000011 x25:0x00000000 x15=0x00000000
      100125000	      9913	8000687a	013084b3	add	x9,x1,x19	  x1:0x0000000c x19:0x00000000  x9=0x0000000c
      100135000	      9914	8000687e	5f9c4913	xori	x18,x24,1529	 x24:0x7ffde1ad x18=0x7ffde454
      100145000	      9915	80006882	340853f3	csrrwi	x7,mscratch,16	  x7=0x00000000
      100155000	      9916	80006886	029b5263	bge	x22,x9,800068aa	 x22:0xffffffff  x9:0x0000000c
      100165000	      9917	8000688a	0001	c.addi	x0,0	  x0:0x00000000  x0=0x00000000
      100175000	      9918	8000688c	9b7d	c.andi	x14,-1	 x14:0xfffffe60 x14=0xfffffe60
      100185000	      9919	8000688e	01f522b3	slt	x5,x10,x31	 x10:0x00000011 x31:0x00000000  x5=0x00000000
      100195000	      9920	80006892	016c4033	xor	x0,x24,x22	 x24:0x7ffde1ad x22:0xffffffff  x0=0x00000000
      100205000	      9921	80006896	4f95	c.li	x31,5	 x31=0x00000005
      100215000	      9922	80006898	340b7873	csrrci	x16,mscratch,22	 x16=0x00000010
      100225000	      9923	8000689c	01e99ab3	sll	x21,x19,x30	 x19:0x00000000 x30:0x80025ce4 x21=0x00000000
      100235000	      9924	800068a0	d4837193	andi	x3,x6,-696	  x6:0x0000f000  x3=0x0000f000
      100605000	      9961	800068a4	02eedd33	divu	x26,x29,x14	 x29:0x00000000 x14:0xfffffe60 x26=0x00000000
      100615000	      9962	800068a8	4221	c.li	x4,8	  x4=0x00000008
      100625000	      9963	800068aa	00d05933	srl	x18,x0,x13	  x0:0x00000000 x13:0x00000000 x18=0x00000000
      100635000	      9964	800068ae	621dbc93	sltiu	x25,x27,1569	 x27:0x00000000 x25=0x00000001
      101005000	     10001	800068b2	037453b3	divu	x7,x8,x23	  x8:0x80000000 x23:0x0000000b  x7=0x0ba2e8ba
      101015000	     10002	800068b6	01a36463	bltu	x6,x26,800068be	  x6:0x0000f000 x26:0x00000000
      101025000	     10003	800068ba	41bf8db3	sub	x27,x31,x27	 x31:0x00000005 x27:0x00000000 x27=0x00000005
      101035000	     10004	800068be	8e9d	c.sub	x13,x15	 x13:0x00000000 x15:0x00000000 x13=0x00000000
      101045000	     10005	800068c0	e8a07c13	andi	x24,x0,-374	  x0:0x00000000 x24=0x00000000
      101055000	     10006	800068c4	0111c463	blt	x3,x17,800068cc	  x3:0x0000f000 x17:0x00000000
      101065000	     10007	800068c8	0157eb33	or	x22,x15,x21	 x15:0x00000000 x21:0x00000000 x22=0x00000000
      101075000	     10008	800068cc	6b486993	ori	x19,x16,1716	 x16:0x00000010 x19=0x000006b4
      101085000	     10009	800068d0	63d1	c.lui	x7,0x14	  x7=0x00014000
      101095000	     10010	800068d2	00441fb3	sll	x31,x8,x4	  x8:0x80000000  x4:0x00000008 x31=0x00000000
      101105000	     10011	800068d6	8cce	c.mv	x25,x19	  x0:0x00000000 x19:0x000006b4 x25=0x000006b4
      101145000	     10015	800068d8	02b23d33	mulhu	x26,x4,x11	  x4:0x00000008 x11:0x00000000 x26=0x00000000
      101155000	     10016	800068dc	03dd8463	beq	x27,x29,80006904	 x27:0x00000005 x29:0x00000000
      101165000	     10017	800068e0	01e61a93	slli	x21,x12,0x1e	 x12:0x80025ce4 x21=0x00000000
      101205000	     10021	800068e4	026e3133	mulhu	x2,x28,x6	 x28:0x80021e64  x6:0x0000f000  x2=0x00007801
      101215000	     10022	800068e8	4694cd13	xori	x26,x9,1129	  x9:0x0000000c x26=0x00000465
      101225000	     10023	800068ec	be7a7f13	andi	x30,x20,-1049	 x20:0xfd2978ac x30=0xfd2978a4
      101235000	     10024	800068f0	84e9	c.srai	x9,0x1a	  x9:0x0000000c  x9=0x00000000
      101245000	     10025	800068f2	008e9c13	slli	x24,x29,0x8	 x29:0x00000000 x24=0x00000000
      101255000	     10026	800068f6	c899	c.beqz	x9,8000690c	  x9:0x00000000
      101305000	     10031	8000690c	02b922b3	mulhsu	x5,x18,x11	 x18:0x00000000 x11:0x00000000  x5=0x00000000
      101315000	     10032	80006910	7fec4093	xori	x1,x24,2046	 x24:0x00000000  x1=0x000007fe
      101325000	     10033	80006914	0112	c.slli	x2,0x4	  x2:0x00007801  x2=0x00078010
      101335000	     10034	80006916	016ae233	or	x4,x21,x22	 x21:0x00000000 x22:0x00000000  x4=0x00000000
      101345000	     10035	8000691a	02bb5163	bge	x22,x11,8000693c	 x22:0x00000000 x11:0x00000000
      101365000	     10037	8000693c	3401ba73	csrrc	x20,mscratch,x3	  x3:0x0000f000 x20=0x00000000
      101375000	     10038	80006940	8165	c.srli	x10,0x19	 x10:0x00000011 x10=0x00000000
      101385000	     10039	80006942	003037b3	sltu	x15,x0,x3	  x0:0x00000000  x3:0x0000f000 x15=0x00000001
      101395000	     10040	80006946	e29d	c.bnez	x13,8000696c	 x13:0x00000000
      101405000	     10041	80006948	e98d	c.bnez	x11,8000697a	 x11:0x00000000
      101415000	     10042	8000694a	34007973	csrrci	x18,mscratch,0	 x18=0x00000000
      101425000	     10043	8000694e	8ab8e393	ori	x7,x17,-1877	 x17:0x00000000  x7=0xfffff8ab
      101435000	     10044	80006952	83b9	c.srli	x15,0xe	 x15:0x00000001 x15=0x00000000
      101445000	     10045	80006954	340332f3	csrrc	x5,mscratch,x6	  x6:0x0000f000  x5=0x00000000
      101455000	     10046	80006958	41c257b3	sra	x15,x4,x28	  x4:0x00000000 x28:0x80021e64 x15=0x00000000
      101495000	     10050	8000695c	02183f33	mulhu	x30,x16,x1	 x16:0x00000010  x1:0x000007fe x30=0x00000000
      101505000	     10051	80006960	03087263	bgeu	x16,x16,80006984	 x16:0x00000010 x16:0x00000010
      101525000	     10053	80006984	34002cf3	csrrs	x25,mscratch,x0	  x0:0x00000000 x25=0x00000000
      101545000	     10055	80006988	024de833	rem	x16,x27,x4	 x27:0x00000005  x4:0x00000000 x16=0x00000005
      101555000	     10056	8000698c	49dbcb13	xori	x22,x23,1181	 x23:0x0000000b x22=0x00000496
      101565000	     10057	80006990	01d2a5b3	slt	x11,x5,x29	  x5:0x00000000 x29:0x00000000 x11=0x00000000
      101575000	     10058	80006994	0000100f	fence.i	
      101595000	     10060	80006998	01006b63	bltu	x0,x16,800069ae	  x0:0x00000000 x16:0x00000005
      101615000	     10062	800069ae	639d	c.lui	x7,0x7	  x7=0x00007000
      101625000	     10063	800069b0	5ffd	c.li	x31,-1	 x31=0xffffffff
      101665000	     10067	800069b2	02ddbfb3	mulhu	x31,x27,x13	 x27:0x00000005 x13:0x00000000 x31=0x00000000
      101675000	     10068	800069b6	0001	c.addi	x0,0	  x0:0x00000000  x0=0x00000000
      101685000	     10069	800069b8	41a0d8b3	sra	x17,x1,x26	  x1:0x000007fe x26:0x00000465 x17=0x0000003f
      101695000	     10070	800069bc	0001	c.addi	x0,0	  x0:0x00000000  x0=0x00000000
      101705000	     10071	800069be	8d8d	c.sub	x11,x11	 x11:0x00000000 x11:0x00000000 x11=0x00000000
      101735000	     10074	800069c0	02f486b3	mul	x13,x9,x15	  x9:0x00000000 x15:0x00000000 x13=0x00000000
      101745000	     10075	800069c4	8cb1	c.xor	x9,x12	  x9:0x00000000 x12:0x80025ce4  x9=0x80025ce4
      101755000	     10076	800069c6	717d	c.addi16sp	x2,-16	  x2:0x00078010  x2=0x00078000
      101765000	     10077	800069c8	01a4c963	blt	x9,x26,800069da	  x9:0x80025ce4 x26:0x00000465
      101795000	     10080	800069da	4d277793	andi	x15,x14,1234	 x14:0xfffffe60 x15=0x00000440
      101805000	     10081	800069de	5155f913	andi	x18,x11,1301	 x11:0x00000000 x18=0x00000000
      101815000	     10082	800069e2	0001	c.addi	x0,0	  x0:0x00000000  x0=0x00000000
      101825000	     10083	800069e4	1f672b37	lui	x22,0x1f672	 x22=0x1f672000
      101865000	     10087	800069e8	03783fb3	mulhu	x31,x16,x23	 x16:0x00000005 x23:0x0000000b x31=0x00000000
      101875000	     10088	800069ec	0ff0000f	fence	iorw,iorw	
      101885000	     10089	800069f0	c31d	c.beqz	x14,80006a16	 x14:0xfffffe60
      101895000	     10090	800069f2	00cbd313	srli	x6,x23,0xc	 x23:0x0000000b  x6=0x00000000
      101905000	     10091	800069f6	0001	c.addi	x0,0	  x0:0x00000000  x0=0x00000000
      101945000	     10095	800069f8	034c3533	mulhu	x10,x24,x20	 x24:0x00000000 x20:0x00000000 x10=0x00000000
      101955000	     10096	800069fc	8de5	c.and	x11,x9	 x11:0x00000000  x9:0x80025ce4 x11=0x00000000
      101965000	     10097	800069fe	01635bb3	srl	x23,x6,x22	  x6:0x00000000 x22:0x1f672000 x23=0x00000000
      101975000	     10098	80006a02	1b7d	c.addi	x22,-1	 x22:0x1f672000 x22=0x1f671fff
      101985000	     10099	80006a04	01395013	srli	x0,x18,0x13	 x18:0x00000000  x0=0x00000000
      102025000	     10103	80006a08	020b3033	mulhu	x0,x22,x0	 x22:0x1f671fff  x0:0x00000000  x0=0x00000000
      102035000	     10104	80006a0c	01f81993	slli	x19,x16,0x1f	 x16:0x00000005 x19=0x80000000
      102045000	     10105	80006a10	0494	c.addi4spn	x13,x2,576	 x13=0x00078240
      102055000	     10106	80006a12	340072f3	csrrci	x5,mscratch,0	  x5=0x00000000
      102065000	     10107	80006a16	8785	c.srai	x15,0x1	 x15:0x00000440 x15=0x00000220
      102075000	     10108	80006a18	69bd	c.lui	x19,0xf	 x19=0x0000f000
      102085000	     10109	80006a1a	6a8d	c.lui	x21,0x3	 x21=0x00003000
      102095000	     10110	80006a1c	0000100f	fence.i	
      102115000	     10112	80006a20	3cbc3913	sltiu	x18,x24,971	 x24:0x00000000 x18=0x00000001
      102125000	     10113	80006a24	0efe	c.slli	x29,0x1f	 x29:0x00000000 x29=0x00000000
      102165000	     10117	80006a26	03a82833	mulhsu	x16,x16,x26	 x16:0x00000005 x26:0x00000465 x16=0x00000000
      102175000	     10118	80006a2a	5e557813	andi	x16,x10,1509	 x10:0x00000000 x16=0x00000000
      102185000	     10119	80006a2e	01bc1733	sll	x14,x24,x27	 x24:0x00000000 x27:0x00000005 x14=0x00000000
      102205000	     10121	80006a32	03e6feb3	remu	x29,x13,x30	 x13:0x00078240 x30:0x00000000 x29=0x00078240
      102575000	     10158	80006a36	032c7033	remu	x0,x24,x18	 x24:0x00000000 x18:0x00000001  x0=0x00000000
      102945000	     10195	80006a3a	02f17db3	remu	x27,x2,x15	  x2:0x00078000 x15:0x00000220 x27=0x00000120
      102955000	     10196	80006a3e	8fc5	c.or	x15,x9	 x15:0x00000220  x9:0x80025ce4 x15=0x80025ee4
      102965000	     10197	80006a40	007b4233	xor	x4,x22,x7	 x22:0x1f671fff  x7:0x00007000  x4=0x1f676fff
      102975000	     10198	80006a44	0e98ae93	slti	x29,x17,233	 x17:0x0000003f x29=0x00000001
      102985000	     10199	80006a48	0050e033	or	x0,x1,x5	  x1:0x000007fe  x5:0x00000000  x0=0x00000000
      102995000	     10200	80006a4c	01d03ab3	sltu	x21,x0,x29	  x0:0x00000000 x29:0x00000001 x21=0x00000001
      103005000	     10201	80006a50	01526c33	or	x24,x4,x21	  x4:0x1f676fff x21:0x00000001 x24=0x1f676fff
      103015000	     10202	80006a54	0000100f	fence.i	
      103035000	     10204	80006a58	01776bb3	or	x23,x14,x23	 x14:0x00000000 x23:0x00000000 x23=0x00000000
      103045000	     10205	80006a5c	0001	c.addi	x0,0	  x0:0x00000000  x0=0x00000000
      103055000	     10206	80006a5e	009b7563	bgeu	x22,x9,80006a68	 x22:0x1f671fff  x9:0x80025ce4
      103065000	     10207	80006a62	97c2	c.add	x15,x16	 x15:0x80025ee4 x16:0x00000000 x15=0x80025ee4
      103075000	     10208	80006a64	010cecb3	or	x25,x25,x16	 x25:0x00000000 x16:0x00000000 x25=0x00000000
      103085000	     10209	80006a68	9caa	c.add	x25,x10	 x25:0x00000000 x10:0x00000000 x25=0x00000000
      103095000	     10210	80006a6a	e2896a37	lui	x20,0xe2896	 x20=0xe2896000
      103105000	     10211	80006a6e	01bb9b63	bne	x23,x27,80006a84	 x23:0x00000000 x27:0x00000120
      103125000	     10213	80006a84	34003073	csrrc	x0,mscratch,x0	  x0:0x00000000  x0=0x00000000
      103135000	     10214	80006a88	0000100f	fence.i	
      103155000	     10216	80006a8c	418f56b3	sra	x13,x30,x24	 x30:0x00000000 x24:0x1f676fff x13=0x00000000
      103165000	     10217	80006a90	18fd	c.addi	x17,-1	 x17:0x0000003f x17=0x0000003e
      103175000	     10218	80006a92	0075af33	slt	x30,x11,x7	 x11:0x00000000  x7:0x00007000 x30=0x00000001
      103185000	     10219	80006a96	7191f113	andi	x2,x3,1817	  x3:0x0000f000  x2=0x00000000
      103195000	     10220	80006a9a	0139eeb3	or	x29,x19,x19	 x19:0x0000f000 x19:0x0000f000 x29=0x0000f000
      103205000	     10221	80006a9e	01bde263	bltu	x27,x27,80006aa2	 x27:0x00000120 x27:0x00000120
      103215000	     10222	80006aa2	82c9	c.srli	x13,0x12	 x13:0x00000000 x13=0x00000000
      103225000	     10223	80006aa4	014d8533	add	x10,x27,x20	 x27:0x00000120 x20:0xe2896000 x10=0xe2896120
      103235000	     10224	80006aa8	261be913	ori	x18,x23,609	 x23:0x00000000 x18=0x00000261
      103245000	     10225	80006aac	69fd	c.lui	x19,0x1f	 x19=0x0001f000
      103255000	     10226	80006aae	8ce5	c.and	x9,x9	  x9:0x80025ce4  x9:0x80025ce4  x9=0x80025ce4
      103265000	     10227	80006ab0	0ff0000f	fence	iorw,iorw	
      103275000	     10228	80006ab4	0000100f	fence.i	
      103655000	     10266	80006ab8	03c15b33	divu	x22,x2,x28	  x2:0x00000000 x28:0x80021e64 x22=0x00000000
      103665000	     10267	80006abc	8e99	c.sub	x13,x14	 x13:0x00000000 x14:0x00000000 x13=0x00000000
      103675000	     10268	80006abe	8fdd	c.or	x15,x15	 x15:0x80025ee4 x15:0x80025ee4 x15=0x80025ee4
      103685000	     10269	80006ac0	01fceb33	or	x22,x25,x31	 x25:0x00000000 x31:0x00000000 x22=0x00000000
      103715000	     10272	80006ac4	027e00b3	mul	x1,x28,x7	 x28:0x80021e64  x7:0x00007000  x1=0xed4bc000
      103725000	     10273	80006ac8	49cd	c.li	x19,19	 x19=0x00000013
      103735000	     10274	80006aca	1314	c.addi4spn	x13,x2,416	 x13=0x000001a0
      103745000	     10275	80006acc	34007073	csrrci	x0,mscratch,0	  x0=0x00000000
      103755000	     10276	80006ad0	34007173	csrrci	x2,mscratch,0	  x2=0x00000000
      103775000	     10278	80006ad4	0360ceb3	div	x29,x1,x22	  x1:0xed4bc000 x22:0x00000000 x29=0xffffffff
      103785000	     10279	80006ad8	41f8d213	srai	x4,x17,0x1f	 x17:0x0000003e  x4=0x00000000
      103805000	     10281	80006adc	0304d3b3	divu	x7,x9,x16	  x9:0x80025ce4 x16:0x00000000  x7=0xffffffff
      103815000	     10282	80006ae0	00453fb3	sltu	x31,x10,x4	 x10:0xe2896120  x4:0x00000000 x31=0x00000000
      103825000	     10283	80006ae4	03f10463	beq	x2,x31,80006b0c	  x2:0x00000000 x31:0x00000000
      103845000	     10285	80006b0c	4a3d	c.li	x20,15	 x20=0x0000000f
      103855000	     10286	80006b0e	b61c2a93	slti	x21,x24,-1183	 x24:0x1f676fff x21=0x00000000
      104225000	     10323	80006b12	033b5833	divu	x16,x22,x19	 x22:0x00000000 x19:0x00000013 x16=0x00000000
      104255000	     10326	80006b16	03a006b3	mul	x13,x0,x26	  x0:0x00000000 x26:0x00000465 x13=0x00000000
      104265000	     10327	80006b1a	966b6093	ori	x1,x22,-1690	 x22:0x00000000  x1=0xfffff966
      104285000	     10329	80006b1e	0301dc33	divu	x24,x3,x16	  x3:0x0000f000 x16:0x00000000 x24=0xffffffff
      104295000	     10330	80006b22	65dbb993	sltiu	x19,x23,1629	 x23:0x00000000 x19=0x00000001
      104305000	     10331	80006b26	4f85	c.li	x31,1	 x31=0x00000001
      104315000	     10332	80006b28	8ec5	c.or	x13,x9	 x13:0x00000000  x9:0x80025ce4 x13=0x80025ce4
      104325000	     10333	80006b2a	0511e263	bltu	x3,x17,80006b6e	  x3:0x0000f000 x17:0x0000003e
      104695000	     10370	80006b2e	03c3c5b3	div	x11,x7,x28	  x7:0xffffffff x28:0x80021e64 x11=0x00000000
      104705000	     10371	80006b32	50c5b513	sltiu	x10,x11,1292	 x11:0x00000000 x10=0x00000001
      104715000	     10372	80006b36	4809	c.li	x16,2	 x16=0x00000002
      104725000	     10373	80006b38	003da7b3	slt	x15,x27,x3	 x27:0x00000120  x3:0x0000f000 x15=0x00000001
      104735000	     10374	80006b3c	41fdd533	sra	x10,x27,x31	 x27:0x00000120 x31:0x00000001 x10=0x00000090
      104745000	     10375	80006b40	9aea	c.add	x21,x26	 x21:0x00000000 x26:0x00000465 x21=0x00000465
      104785000	     10379	80006b42	020aabb3	mulhsu	x23,x21,x0	 x21:0x00000465  x0:0x00000000 x23=0x00000000
      104795000	     10380	80006b46	76ca6b13	ori	x22,x20,1900	 x20:0x0000000f x22=0x0000076f
      104805000	     10381	80006b4a	0000100f	fence.i	
      104825000	     10383	80006b4e	0001	c.addi	x0,0	  x0:0x00000000  x0=0x00000000
      104865000	     10387	80006b50	033d1033	mulh	x0,x26,x19	 x26:0x00000465 x19:0x00000001  x0=0x00000000
      104895000	     10390	80006b54	021a8933	mul	x18,x21,x1	 x21:0x00000465  x1:0xfffff966 x18=0xffe2fd3e
      104905000	     10391	80006b58	e90d	c.bnez	x10,80006b8a	 x10:0x00000090
      105295000	     10430	80006b8a	03b75db3	divu	x27,x14,x27	 x14:0x00000000 x27:0x00000120 x27=0x00000000
      105305000	     10431	80006b8e	002f6d63	bltu	x30,x2,80006ba8	 x30:0x00000001  x2:0x00000000
      105315000	     10432	80006b92	00b1b1b3	sltu	x3,x3,x11	  x3:0x0000f000 x11:0x00000000  x3=0x00000000
      105325000	     10433	80006b96	00e0f933	and	x18,x1,x14	  x1:0xfffff966 x14:0x00000000 x18=0x00000000
      105335000	     10434	80006b9a	00d7b4b3	sltu	x9,x15,x13	 x15:0x00000001 x13:0x80025ce4  x9=0x00000001
      105345000	     10435	80006b9e	011363b3	or	x7,x6,x17	  x6:0x00000000 x17:0x0000003e  x7=0x0000003e
      105355000	     10436	80006ba2	64d5	c.lui	x9,0x15	  x9=0x00015000
      105365000	     10437	80006ba4	00301463	bne	x0,x3,80006bac	  x0:0x00000000  x3:0x00000000
      105375000	     10438	80006ba8	03c44863	blt	x8,x28,80006bd8	  x8:0x80000000 x28:0x80021e64
      105425000	     10443	80006bd8	024212b3	mulh	x5,x4,x4	  x4:0x00000000  x4:0x00000000  x5=0x00000000
      105435000	     10444	80006bdc	db6f3593	sltiu	x11,x30,-586	 x30:0x00000001 x11=0x00000001
      105445000	     10445	80006be0	0000100f	fence.i	
      105465000	     10447	80006be4	90a9ec93	ori	x25,x19,-1782	 x19:0x00000001 x25=0xfffff90b
      105475000	     10448	80006be8	8f29	c.xor	x14,x10	 x14:0x00000000 x10:0x00000090 x14=0x00000090
      105485000	     10449	80006bea	0000100f	fence.i	
      105505000	     10451	80006bee	8f41	c.or	x14,x8	 x14:0x00000090  x8:0x80000000 x14=0x80000090
      105515000	     10452	80006bf0	015e8563	beq	x29,x21,80006bfa	 x29:0xffffffff x21:0x00000465
      105885000	     10489	80006bf4	03dc65b3	rem	x11,x24,x29	 x24:0xffffffff x29:0xffffffff x11=0x00000000
      105895000	     10490	80006bf8	8195	c.srli	x11,0x5	 x11:0x00000000 x11=0x00000000
      105905000	     10491	80006bfa	01655463	bge	x10,x22,80006c02	 x10:0x00000090 x22:0x0000076f
      105915000	     10492	80006bfe	0118b833	sltu	x16,x17,x17	 x17:0x0000003e x17:0x0000003e x16=0x00000000
      105925000	     10493	80006c02	0286	c.slli	x5,0x1	  x5:0x00000000  x5=0x00000000
      105935000	     10494	80006c04	41da5113	srai	x2,x20,0x1d	 x20:0x0000000f  x2=0x00000000
      105955000	     10496	80006c08	02225db3	divu	x27,x4,x2	  x4:0x00000000  x2:0x00000000 x27=0xffffffff
      105965000	     10497	80006c0c	00786133	or	x2,x16,x7	 x16:0x00000000  x7:0x0000003e  x2=0x0000003e
      105975000	     10498	80006c10	9bfd	c.andi	x15,-1	 x15:0x00000001 x15=0x00000001
      106015000	     10502	80006c12	02901333	mulh	x6,x0,x9	  x0:0x00000000  x9:0x00015000  x6=0x00000000
      106055000	     10506	80006c16	0218adb3	mulhsu	x27,x17,x1	 x17:0x0000003e  x1:0xfffff966 x27=0x0000003d
      106065000	     10507	80006c1a	f1957997	auipc	x19,0xf1957	 x19=0x7195dc1a
      106075000	     10508	80006c1e	004defb3	or	x31,x27,x4	 x27:0x0000003d  x4:0x00000000 x31=0x0000003d
      106085000	     10509	80006c22	7c7a4593	xori	x11,x20,1991	 x20:0x0000000f x11=0x000007c8
      106105000	     10511	80006c26	0329ff33	remu	x30,x19,x18	 x19:0x7195dc1a x18:0x00000000 x30=0x7195dc1a
      106115000	     10512	80006c2a	8366	c.mv	x6,x25	  x0:0x00000000 x25:0xfffff90b  x6=0xfffff90b
      106125000	     10513	80006c2c	0d06	c.slli	x26,0x1	 x26:0x00000465 x26=0x000008ca
      106135000	     10514	80006c2e	01909b33	sll	x22,x1,x25	  x1:0xfffff966 x25:0xfffff90b x22=0xffcb3000
      106505000	     10551	80006c32	029bddb3	divu	x27,x23,x9	 x23:0x00000000  x9:0x00015000 x27=0x00000000
      106515000	     10552	80006c36	0001	c.addi	x0,0	  x0:0x00000000  x0=0x00000000
      106525000	     10553	80006c38	4de1c513	xori	x10,x3,1246	  x3:0x00000000 x10=0x000004de
      106535000	     10554	80006c3c	a2c70013	addi	x0,x14,-1492	 x14:0x80000090  x0=0x00000000
      106545000	     10555	80006c40	8d35	c.xor	x10,x13	 x10:0x000004de x13:0x80025ce4 x10=0x8002583a
      106575000	     10558	80006c42	03880f33	mul	x30,x16,x24	 x16:0x00000000 x24:0xffffffff x30=0x00000000
      106945000	     10595	80006c46	0381da33	divu	x20,x3,x24	  x3:0x00000000 x24:0xffffffff x20=0x00000000
      106955000	     10596	80006c4a	0ff0000f	fence	iorw,iorw	
      106965000	     10597	80006c4e	01425133	srl	x2,x4,x20	  x4:0x00000000 x20:0x00000000  x2=0x00000000
      106975000	     10598	80006c52	03ab0163	beq	x22,x26,80006c74	 x22:0xffcb3000 x26:0x000008ca
      107005000	     10601	80006c56	02c88f33	mul	x30,x17,x12	 x17:0x0000003e x12:0x80025ce4 x30=0x00927f38
      107375000	     10638	80006c5a	0261ef33	rem	x30,x3,x6	  x3:0x00000000  x6:0xfffff90b x30=0x00000000
      107385000	     10639	80006c5e	340ee273	csrrsi	x4,mscratch,29	  x4=0x00000000
      107395000	     10640	80006c62	0ff0000f	fence	iorw,iorw	
      107435000	     10644	80006c66	02952233	mulhsu	x4,x10,x9	 x10:0x8002583a  x9:0x00015000  x4=0xffff5803
      107445000	     10645	80006c6a	003f9993	slli	x19,x31,0x3	 x31:0x0000003d x19=0x000001e8
      107455000	     10646	80006c6e	c705	c.beqz	x14,80006c96	 x14:0x80000090
      107495000	     10650	80006c70	029b11b3	mulh	x3,x22,x9	 x22:0xffcb3000  x9:0x00015000  x3=0xffffffba
      107505000	     10651	80006c74	0ff0000f	fence	iorw,iorw	
      107515000	     10652	80006c78	bca8cf13	xori	x30,x17,-1078	 x17:0x0000003e x30=0xfffffbf4
      107525000	     10653	80006c7c	340d6d73	csrrsi	x26,mscratch,26	 x26=0x0000001d
      107535000	     10654	80006c80	00667ab3	and	x21,x12,x6	 x12:0x80025ce4  x6:0xfffff90b x21=0x80025800
      107545000	     10655	80006c84	6aa9	c.lui	x21,0xa	 x21=0x0000a000
      107555000	     10656	80006c86	34003173	csrrc	x2,mscratch,x0	  x0:0x00000000  x2=0x0000001f
      107585000	     10659	80006c8a	02648ab3	mul	x21,x9,x6	  x9:0x00015000  x6:0xfffff90b x21=0xf6de7000
      107595000	     10660	80006c8e	017bb0b3	sltu	x1,x23,x23	 x23:0x00000000 x23:0x00000000  x1=0x00000000
      107605000	     10661	80006c92	1ff2ff93	andi	x31,x5,511	  x5:0x00000000 x31=0x00000000
      107615000	     10662	80006c96	0000100f	fence.i	
      107645000	     10665	80006c9a	8ac9a193	slti	x3,x19,-1876	 x19:0x000001e8  x3=0x00000000
      107655000	     10666	80006c9e	0ff0000f	fence	iorw,iorw	
      107665000	     10667	80006ca2	830d	c.srli	x14,0x3	 x14:0x80000090 x14=0x10000012
      107675000	     10668	80006ca4	1794	c.addi4spn	x13,x2,992	 x13=0x000003ff
      107685000	     10669	80006ca6	340b29f3	csrrs	x19,mscratch,x22	 x22:0xffcb3000 x19=0x0000001f
      107695000	     10670	80006caa	6a89	c.lui	x21,0x2	 x21=0x00002000
      107705000	     10671	80006cac	34035ff3	csrrwi	x31,mscratch,6	 x31=0xffcb301f
      107715000	     10672	80006cb0	82d6	c.mv	x5,x21	  x0:0x00000000 x21:0x00002000  x5=0x00002000
      107725000	     10673	80006cb2	0065d393	srli	x7,x11,0x6	 x11:0x000007c8  x7=0x0000001f
      107735000	     10674	80006cb6	00566263	bltu	x12,x5,80006cba	 x12:0x80025ce4  x5:0x00002000
      107745000	     10675	80006cba	8719	c.srai	x14,0x6	 x14:0x10000012 x14=0x00400000
      107755000	     10676	80006cbc	39047913	andi	x18,x8,912	  x8:0x80000000 x18=0x00000000
      107765000	     10677	80006cc0	01590a33	add	x20,x18,x21	 x18:0x00000000 x21:0x00002000 x20=0x00002000
      107775000	     10678	80006cc4	0001	c.addi	x0,0	  x0:0x00000000  x0=0x00000000
      107785000	     10679	80006cc6	0035dc63	bge	x11,x3,80006cde	 x11:0x000007c8  x3:0x00000000
      107805000	     10681	80006cde	6121	c.addi16sp	x2,64	  x2:0x0000001f  x2=0x0000005f
      107815000	     10682	80006ce0	e263e597	auipc	x11,0xe263e	 x11=0x62644ce0
      107825000	     10683	80006ce4	81d5	c.srli	x11,0x15	 x11:0x62644ce0 x11=0x00000313
      107835000	     10684	80006ce6	34051ff3	csrrw	x31,mscratch,x10	 x10:0x8002583a x31=0x00000006
      107845000	     10685	80006cea	01adb533	sltu	x10,x27,x26	 x27:0x00000000 x26:0x0000001d x10=0x00000001
      107855000	     10686	80006cee	028e0163	beq	x28,x8,80006d10	 x28:0x80021e64  x8:0x80000000
      107865000	     10687	80006cf2	03c08e63	beq	x1,x28,80006d2e	  x1:0x00000000 x28:0x80021e64
      107875000	     10688	80006cf6	85f1	c.srai	x11,0x1c	 x11:0x00000313 x11=0x00000000
      108245000	     10725	80006cf8	03c5c6b3	div	x13,x11,x28	 x11:0x00000000 x28:0x80021e64 x13=0x00000000
      108255000	     10726	80006cfc	0ec2	c.slli	x29,0x10	 x29:0xffffffff x29=0xffff0000
      108265000	     10727	80006cfe	027cc263	blt	x25,x7,80006d22	 x25:0xfffff90b  x7:0x0000001f
      108295000	     10730	80006d22	01f34fb3	xor	x31,x6,x31	  x6:0xfffff90b x31:0x00000006 x31=0xfffff90d
      108305000	     10731	80006d26	029d7163	bgeu	x26,x9,80006d48	 x26:0x0000001d  x9:0x00015000
      108315000	     10732	80006d2a	82653a93	sltiu	x21,x10,-2010	 x10:0x00000001 x21=0x00000001
      108325000	     10733	80006d2e	0ff0000f	fence	iorw,iorw	
      108335000	     10734	80006d32	02a16563	bltu	x2,x10,80006d5c	  x2:0x0000005f x10:0x00000001
      108705000	     10771	80006d36	036ed7b3	divu	x15,x29,x22	 x29:0xffff0000 x22:0xffcb3000 x15=0x00000001
      108715000	     10772	80006d3a	0129e7b3	or	x15,x19,x18	 x19:0x0000001f x18:0x00000000 x15=0x0000001f
      108725000	     10773	80006d3e	1c632113	slti	x2,x6,454	  x6:0xfffff90b  x2=0x00000001
      108735000	     10774	80006d42	340650f3	csrrwi	x1,mscratch,12	  x1=0x8002583a
      108745000	     10775	80006d46	0908	c.addi4spn	x10,x2,144	 x10=0x00000091
      108755000	     10776	80006d48	005ada93	srli	x21,x21,0x5	 x21:0x00000001 x21=0x00000000
      108765000	     10777	80006d4c	00136533	or	x10,x6,x1	  x6:0xfffff90b  x1:0x8002583a x10=0xfffff93b
      108775000	     10778	80006d50	0494f363	bgeu	x9,x9,80006d96	  x9:0x00015000  x9:0x00015000
      108805000	     10781	80006d96	34006af3	csrrsi	x21,mscratch,0	 x21=0x0000000c
      108815000	     10782	80006d9a	0941	c.addi	x18,16	 x18:0x00000000 x18=0x00000010
      108825000	     10783	80006d9c	22a87513	andi	x10,x16,554	 x16:0x00000000 x10=0x00000000
      109195000	     10820	80006da0	0329e233	rem	x4,x19,x18	 x19:0x0000001f x18:0x00000010  x4=0x0000000f
      109205000	     10821	80006da4	1cfd	c.addi	x25,-1	 x25:0xfffff90b x25=0xfffff90a
      109245000	     10825	80006da6	03f31533	mulh	x10,x6,x31	  x6:0xfffff90b x31:0xfffff90d x10=0x00000000
      109255000	     10826	80006daa	0138b1b3	sltu	x3,x17,x19	 x17:0x0000003e x19:0x0000001f  x3=0x00000000
      109295000	     10830	80006dae	02813a33	mulhu	x20,x2,x8	  x2:0x00000001  x8:0x80000000 x20=0x00000000
      109325000	     10833	80006db2	03068c33	mul	x24,x13,x16	 x13:0x00000000 x16:0x00000000 x24=0x00000000
      109345000	     10835	80006db6	034ad0b3	divu	x1,x21,x20	 x21:0x0000000c x20:0x00000000  x1=0xffffffff
      109355000	     10836	80006dba	0102a7b3	slt	x15,x5,x16	  x5:0x00002000 x16:0x00000000 x15=0x00000000
      109365000	     10837	80006dbe	8d3d	c.xor	x10,x15	 x10:0x00000000 x15:0x00000000 x10=0x00000000
      109375000	     10838	80006dc0	1f94	c.addi4spn	x13,x2,1008	 x13=0x000003f1
      109385000	     10839	80006dc2	01eef463	bgeu	x29,x30,80006dca	 x29:0xffff0000 x30:0xfffffbf4
      109395000	     10840	80006dc6	8541	c.srai	x10,0x10	 x10:0x00000000 x10=0x00000000
      109405000	     10841	80006dc8	6131	c.addi16sp	x2,320	  x2:0x00000001  x2=0x00000141
      109415000	     10842	80006dca	40b70933	sub	x18,x14,x11	 x14:0x00400000 x11:0x00000000 x18=0x00400000
      109425000	     10843	80006dce	ffb43713	sltiu	x14,x8,-5	  x8:0x80000000 x14=0x00000001
      109435000	     10844	80006dd2	00eef563	bgeu	x29,x14,80006ddc	 x29:0xffff0000 x14:0x00000001
      109815000	     10882	80006ddc	03a7c1b3	div	x3,x15,x26	 x15:0x00000000 x26:0x0000001d  x3=0x00000000
      109825000	     10883	80006de0	9f62	c.add	x30,x24	 x30:0xfffffbf4 x24:0x00000000 x30=0xfffffbf4
      109835000	     10884	80006de2	00c58963	beq	x11,x12,80006df4	 x11:0x00000000 x12:0x80025ce4
      109865000	     10887	80006de6	03a78bb3	mul	x23,x15,x26	 x15:0x00000000 x26:0x0000001d x23=0x00000000
      109875000	     10888	80006dea	013a0a63	beq	x20,x19,80006dfe	 x20:0x00000000 x19:0x0000001f
      109885000	     10889	80006dee	61cd	c.lui	x3,0x13	  x3=0x00013000
      109895000	     10890	80006df0	34082df3	csrrs	x27,mscratch,x16	 x16:0x00000000 x27=0x0000000c
      109905000	     10891	80006df4	340137f3	csrrc	x15,mscratch,x2	  x2:0x00000141 x15=0x0000000c
      109915000	     10892	80006df8	e4ffe493	ori	x9,x31,-433	 x31:0xfffff90d  x9=0xffffff4f
      109925000	     10893	80006dfc	8dfd	c.and	x11,x15	 x11:0x00000000 x15:0x0000000c x11=0x00000000
      109935000	     10894	80006dfe	8d39	c.xor	x10,x14	 x10:0x00000000 x14:0x00000001 x10=0x00000001
      109945000	     10895	80006e00	86d5	c.srai	x13,0x15	 x13:0x000003f1 x13=0x00000000
      110315000	     10932	80006e02	021b64b3	rem	x9,x22,x1	 x22:0xffcb3000  x1:0xffffffff  x9=0x00000000
      110325000	     10933	80006e06	407c5933	sra	x18,x24,x7	 x24:0x00000000  x7:0x0000001f x18=0x00000000
      110335000	     10934	80006e0a	0202fc63	bgeu	x5,x0,80006e42	  x5:0x00002000  x0:0x00000000
      110365000	     10937	80006e42	6b8e9537	lui	x10,0x6b8e9	 x10=0x6b8e9000
      110375000	     10938	80006e46	011a4033	xor	x0,x20,x17	 x20:0x00000000 x17:0x0000003e  x0=0x00000000
      110385000	     10939	80006e4a	59947d13	andi	x26,x8,1433	  x8:0x80000000 x26=0x00000000
      110395000	     10940	80006e4e	0001	c.addi	x0,0	  x0:0x00000000  x0=0x00000000
      110405000	     10941	80006e50	340574f3	csrrci	x9,mscratch,10	  x9=0x0000000c
      110415000	     10942	80006e54	db8a4e93	xori	x29,x20,-584	 x20:0x00000000 x29=0xfffffdb8
      110785000	     10979	80006e58	0282cfb3	div	x31,x5,x8	  x5:0x00002000  x8:0x80000000 x31=0x00000000
      110795000	     10980	80006e5c	01dfc663	blt	x31,x29,80006e68	 x31:0x00000000 x29:0xfffffdb8
      110805000	     10981	80006e60	00fafd63	bgeu	x21,x15,80006e7a	 x21:0x0000000c x15:0x0000000c
      110855000	     10986	80006e7a	027c8c33	mul	x24,x25,x7	 x25:0xfffff90a  x7:0x0000001f x24=0xffff2836
      110865000	     10987	80006e7e	000c5213	srli	x4,x24,0x0	 x24:0xffff2836  x4=0xffff2836
      110875000	     10988	80006e82	017538b3	sltu	x17,x10,x23	 x10:0x6b8e9000 x23:0x00000000 x17=0x00000000
      110885000	     10989	80006e86	e0a1	c.bnez	x9,80006ec6	  x9:0x0000000c
      110905000	     10991	80006ec6	8f8d	c.sub	x15,x11	 x15:0x0000000c x11:0x00000000 x15=0x0000000c
      110915000	     10992	80006ec8	8775	c.srai	x14,0x1d	 x14:0x00000001 x14=0x00000000
      110925000	     10993	80006eca	0001	c.addi	x0,0	  x0:0x00000000  x0=0x00000000
      110935000	     10994	80006ecc	014b16b3	sll	x13,x22,x20	 x22:0xffcb3000 x20:0x00000000 x13=0xffcb3000
      111305000	     11031	80006ed0	024fe333	rem	x6,x31,x4	 x31:0x00000000  x4:0xffff2836  x6=0x00000000
      111315000	     11032	80006ed4	5afd	c.li	x21,-1	 x21=0xffffffff
      111355000	     11036	80006ed6	03e02b33	mulhsu	x22,x0,x30	  x0:0x00000000 x30:0xfffffbf4 x22=0x00000000
      111365000	     11037	80006eda	87f1	c.srai	x15,0x1c	 x15:0x0000000c x15=0x00000000
      111375000	     11038	80006edc	00518ab3	add	x21,x3,x5	  x3:0x00013000  x5:0x00002000 x21=0x00015000
      111385000	     11039	80006ee0	4091	c.li	x1,4	  x1=0x00000004
      111395000	     11040	80006ee2	717d	c.addi16sp	x2,-16	  x2:0x00000141  x2=0x00000131
      111405000	     11041	80006ee4	8d6d	c.and	x10,x11	 x10:0x6b8e9000 x11:0x00000000 x10=0x00000000
      111415000	     11042	80006ee6	340e90f3	csrrw	x1,mscratch,x29	 x29:0xfffffdb8  x1=0x00000004
      111425000	     11043	80006eea	676cfc13	andi	x24,x25,1654	 x25:0xfffff90a x24=0x00000002
      111435000	     11044	80006eee	0001	c.addi	x0,0	  x0:0x00000000  x0=0x00000000
      111475000	     11048	80006ef0	035492b3	mulh	x5,x9,x21	  x9:0x0000000c x21:0x00015000  x5=0x00000000
      111485000	     11049	80006ef4	0089d293	srli	x5,x19,0x8	 x19:0x0000001f  x5=0x00000000
      111495000	     11050	80006ef8	40a55d93	srai	x27,x10,0xa	 x10:0x00000000 x27=0x00000000
      111505000	     11051	80006efc	0180dd93	srli	x27,x1,0x18	  x1:0x00000004 x27=0x00000000
      111515000	     11052	80006f00	340e7973	csrrci	x18,mscratch,28	 x18=0xfffffdb8
      111525000	     11053	80006f04	34003773	csrrc	x14,mscratch,x0	  x0:0x00000000 x14=0xfffffda0
      111535000	     11054	80006f08	ef81	c.bnez	x15,80006f20	 x15:0x00000000
      111545000	     11055	80006f0a	340f6bf3	csrrsi	x23,mscratch,30	 x23=0xfffffda0
      111555000	     11056	80006f0e	01bfcd33	xor	x26,x31,x27	 x31:0x00000000 x27:0x00000000 x26=0x00000000
      111565000	     11057	80006f12	34002573	csrrs	x10,mscratch,x0	  x0:0x00000000 x10=0xfffffdbe
      111585000	     11059	80006f16	036940b3	div	x1,x18,x22	 x18:0xfffffdb8 x22:0x00000000  x1=0xffffffff
      111595000	     11060	80006f1a	416ed813	srai	x16,x29,0x16	 x29:0xfffffdb8 x16=0xffffffff
      111605000	     11061	80006f1e	615d	c.addi16sp	x2,432	  x2:0x00000131  x2=0x000002e1
      111615000	     11062	80006f20	340b6f73	csrrsi	x30,mscratch,22	 x30=0xfffffdbe
      111625000	     11063	80006f24	01bc3c33	sltu	x24,x24,x27	 x24:0x00000002 x27:0x00000000 x24=0x00000000
      111635000	     11064	80006f28	022a	c.slli	x4,0xa	  x4:0xffff2836  x4=0xfca0d800
      111645000	     11065	80006f2a	896d	c.andi	x10,27	 x10:0xfffffdbe x10=0x0000001a
      111655000	     11066	80006f2c	008e7733	and	x14,x28,x8	 x28:0x80021e64  x8:0x80000000 x14=0x80000000
      111665000	     11067	80006f30	01231b93	slli	x23,x6,0x12	  x6:0x00000000 x23=0x00000000
      111675000	     11068	80006f34	0132a2b3	slt	x5,x5,x19	  x5:0x00000000 x19:0x0000001f  x5=0x00000001
      111685000	     11069	80006f38	340d7b73	csrrci	x22,mscratch,26	 x22=0xfffffdbe
      111695000	     11070	80006f3c	6a0fa193	slti	x3,x31,1696	 x31:0x00000000  x3=0x00000001
      111705000	     11071	80006f40	0001	c.addi	x0,0	  x0:0x00000000  x0=0x00000000
      111715000	     11072	80006f42	4a6d14b7	lui	x9,0x4a6d1	  x9=0x4a6d1000
      111725000	     11073	80006f46	0000100f	fence.i	
      111745000	     11075	80006f4a	c795	c.beqz	x15,80006f76	 x15:0x00000000
      111765000	     11077	80006f76	83ee	c.mv	x7,x27	  x0:0x00000000 x27:0x00000000  x7=0x00000000
      111775000	     11078	80006f78	340071f3	csrrci	x3,mscratch,0	  x3=0xfffffda4
      111785000	     11079	80006f7c	815d	c.srli	x10,0x17	 x10:0x0000001a x10=0x00000000
      111795000	     11080	80006f7e	014d1493	slli	x9,x26,0x14	 x26:0x00000000  x9=0x00000000
      111805000	     11081	80006f82	ffca6813	ori	x16,x20,-4	 x20:0x00000000 x16=0xfffffffc
      111815000	     11082	80006f86	717d	c.addi16sp	x2,-16	  x2:0x000002e1  x2=0x000002d1
      111825000	     11083	80006f88	81d9	c.srli	x11,0x16	 x11:0x00000000 x11=0x00000000
      111835000	     11084	80006f8a	00941993	slli	x19,x8,0x9	  x8:0x80000000 x19=0x00000000
      111845000	     11085	80006f8e	012d2c33	slt	x24,x26,x18	 x26:0x00000000 x18:0xfffffdb8 x24=0x00000000
      111855000	     11086	80006f92	047f0263	beq	x30,x7,80006fd6	 x30:0xfffffdbe  x7:0x00000000
      111865000	     11087	80006f96	056d4263	blt	x26,x22,80006fda	 x26:0x00000000 x22:0xfffffdbe
      111875000	     11088	80006f9a	3409f373	csrrci	x6,mscratch,19	  x6=0xfffffda4
      111885000	     11089	80006f9e	001ea133	slt	x2,x29,x1	 x29:0xfffffdb8  x1:0xffffffff  x2=0x00000001
      111895000	     11090	80006fa2	34002b73	csrrs	x22,mscratch,x0	  x0:0x00000000 x22=0xfffffda4
      111905000	     11091	80006fa6	82e9	c.srli	x13,0x1a	 x13:0xffcb3000 x13=0x0000003f
      111915000	     11092	80006fa8	0001	c.addi	x0,0	  x0:0x00000000  x0=0x00000000
      111925000	     11093	80006faa	32c9c993	xori	x19,x19,812	 x19:0x00000000 x19=0x0000032c
      111935000	     11094	80006fae	340025f3	csrrs	x11,mscratch,x0	  x0:0x00000000 x11=0xfffffda4
      112305000	     11131	80006fb2	0365c3b3	div	x7,x11,x22	 x11:0xfffffda4 x22:0xfffffda4  x7=0x00000001
      112315000	     11132	80006fb6	01160bb3	add	x23,x12,x17	 x12:0x80025ce4 x17:0x00000000 x23=0x80025ce4
      112325000	     11133	80006fba	8981	c.andi	x11,0	 x11:0xfffffda4 x11=0x00000000
      112365000	     11137	80006fbc	0229bb33	mulhu	x22,x19,x2	 x19:0x0000032c  x2:0x00000001 x22=0x00000000
      112375000	     11138	80006fc0	00974133	xor	x2,x14,x9	 x14:0x80000000  x9:0x00000000  x2=0x80000000
      112385000	     11139	80006fc4	e08d	c.bnez	x9,80006fe6	  x9:0x00000000
      112395000	     11140	80006fc6	00f051b3	srl	x3,x0,x15	  x0:0x00000000 x15:0x00000000  x3=0x00000000
      112405000	     11141	80006fca	0147e363	bltu	x15,x20,80006fd0	 x15:0x00000000 x20:0x00000000
      112415000	     11142	80006fce	197d	c.addi	x18,-1	 x18:0xfffffdb8 x18=0xfffffdb7
      112425000	     11143	80006fd0	14fd	c.addi	x9,-1	  x9:0x00000000  x9=0xffffffff
      112435000	     11144	80006fd2	01dd1093	slli	x1,x26,0x1d	 x26:0x00000000  x1=0x00000000
      112445000	     11145	80006fd6	a984b793	sltiu	x15,x9,-1384	  x9:0xffffffff x15=0x00000000
      112455000	     11146	80006fda	44893d97	auipc	x27,0x44893	 x27=0xc4899fda
      112465000	     11147	80006fde	80ad	c.srli	x9,0xb	  x9:0xffffffff  x9=0x001fffff
      112475000	     11148	80006fe0	01101133	sll	x2,x0,x17	  x0:0x00000000 x17:0x00000000  x2=0x00000000
      112485000	     11149	80006fe4	c895	c.beqz	x9,80007018	  x9:0x001fffff
      112495000	     11150	80006fe6	c3a76993	ori	x19,x14,-966	 x14:0x80000000 x19=0xfffffc3a
      112505000	     11151	80006fea	340ba7f3	csrrs	x15,mscratch,x23	 x23:0x80025ce4 x15=0xfffffda4
      112515000	     11152	80006fee	9f46	c.add	x30,x17	 x30:0xfffffdbe x17:0x00000000 x30=0xfffffdbe
      112525000	     11153	80006ff0	34051173	csrrw	x2,mscratch,x10	 x10:0x00000000  x2=0xfffffde4
      112535000	     11154	80006ff4	03e85063	bge	x16,x30,80007014	 x16:0xfffffffc x30:0xfffffdbe
      112555000	     11156	80007014	0ff0000f	fence	iorw,iorw	
      112565000	     11157	80007018	017fd033	srl	x0,x31,x23	 x31:0x00000000 x23:0x80025ce4  x0=0x00000000
      112575000	     11158	8000701c	8da9	c.xor	x11,x10	 x11:0x00000000 x10:0x00000000 x11=0x00000000
      112585000	     11159	8000701e	01501463	bne	x0,x21,80007026	  x0:0x00000000 x21:0x00015000
      112615000	     11162	80007026	340831f3	csrrc	x3,mscratch,x16	 x16:0xfffffffc  x3=0x00000000
      112625000	     11163	8000702a	0000100f	fence.i	
      112655000	     11166	8000702e	0055a333	slt	x6,x11,x5	 x11:0x00000000  x5:0x00000001  x6=0x00000001
      112665000	     11167	80007032	01c2ff33	and	x30,x5,x28	  x5:0x00000001 x28:0x80021e64 x30=0x00000000
      113035000	     11204	80007036	03bb4233	div	x4,x22,x27	 x22:0x00000000 x27:0xc4899fda  x4=0x00000000
      113045000	     11205	8000703a	00e0f5b3	and	x11,x1,x14	  x1:0x00000000 x14:0x80000000 x11=0x00000000
      113055000	     11206	8000703e	8bf2	c.mv	x23,x28	  x0:0x00000000 x28:0x80021e64 x23=0x80021e64
      113065000	     11207	80007040	8cf9	c.and	x9,x14	  x9:0x001fffff x14:0x80000000  x9=0x00000000
      113075000	     11208	80007042	e705	c.bnez	x14,8000706a	 x14:0x80000000
      113095000	     11210	8000706a	e389	c.bnez	x15,8000706c	 x15:0xfffffda4
      113115000	     11212	8000706c	00aaa4b3	slt	x9,x21,x10	 x21:0x00015000 x10:0x00000000  x9=0x00000000
      113125000	     11213	80007070	0001	c.addi	x0,0	  x0:0x00000000  x0=0x00000000
      113495000	     11250	80007072	03966f33	rem	x30,x12,x25	 x12:0x80025ce4 x25:0xfffff90a x30=0xfffffc30
      113505000	     11251	80007076	ee99	c.bnez	x13,80007094	 x13:0x0000003f
      113525000	     11253	80007094	01a0b7b3	sltu	x15,x1,x26	  x1:0x00000000 x26:0x00000000 x15=0x00000000
      113535000	     11254	80007098	01016563	bltu	x2,x16,800070a2	  x2:0xfffffde4 x16:0xfffffffc
      113565000	     11257	800070a2	00f4fdb3	and	x27,x9,x15	  x9:0x00000000 x15:0x00000000 x27=0x00000000
      113575000	     11258	800070a6	8dd9	c.or	x11,x14	 x11:0x00000000 x14:0x80000000 x11=0x80000000
      113585000	     11259	800070a8	69d9	c.lui	x19,0x16	 x19=0x00016000
      113595000	     11260	800070aa	01c0eab3	or	x21,x1,x28	  x1:0x00000000 x28:0x80021e64 x21=0x80021e64
      113605000	     11261	800070ae	bd5e4a93	xori	x21,x28,-1067	 x28:0x80021e64 x21=0x7ffde5b1
      113615000	     11262	800070b2	0331	c.addi	x6,12	  x6:0x00000001  x6=0x0000000d
      113625000	     11263	800070b4	0ff0000f	fence	iorw,iorw	
      113635000	     11264	800070b8	1b7d	c.addi	x22,-1	 x22:0x00000000 x22=0xffffffff
      113645000	     11265	800070ba	003533b3	sltu	x7,x10,x3	 x10:0x00000000  x3:0x00000000  x7=0x00000000
      113675000	     11268	800070be	03310833	mul	x16,x2,x19	  x2:0xfffffde4 x19:0x00016000 x16=0xfd198000
      113685000	     11269	800070c2	00ba51b3	srl	x3,x20,x11	 x20:0x00000000 x11:0x80000000  x3=0x00000000
      113695000	     11270	800070c6	340b14f3	csrrw	x9,mscratch,x22	 x22:0xffffffff  x9=0x00000000
      113705000	     11271	800070ca	34242737	lui	x14,0x34242	 x14=0x34242000
      113715000	     11272	800070ce	00a68733	add	x14,x13,x10	 x13:0x0000003f x10:0x00000000 x14=0x0000003f
      113725000	     11273	800070d2	005d66b3	or	x13,x26,x5	 x26:0x00000000  x5:0x00000001 x13=0x00000001
      113735000	     11274	800070d6	eb85	c.bnez	x15,80007106	 x15:0x00000000
      113745000	     11275	800070d8	199c	c.addi4spn	x15,x2,240	 x15=0xfffffed4
      113755000	     11276	800070da	038b9563	bne	x23,x24,80007104	 x23:0x80021e64 x24:0x00000000
      113775000	     11278	80007104	0001	c.addi	x0,0	  x0:0x00000000  x0=0x00000000
      113815000	     11282	80007106	02dd97b3	mulh	x15,x27,x13	 x27:0x00000000 x13:0x00000001 x15=0x00000000
      113825000	     11283	8000710a	0f92	c.slli	x31,0x4	 x31:0x00000000 x31=0x00000000
      113835000	     11284	8000710c	3c2afa93	andi	x21,x21,962	 x21:0x7ffde5b1 x21=0x00000180
      113845000	     11285	80007110	02e8c363	blt	x17,x14,80007136	 x17:0x00000000 x14:0x0000003f
      113865000	     11287	80007136	9df6	c.add	x27,x29	 x27:0x00000000 x29:0xfffffdb8 x27=0xfffffdb8
      113875000	     11288	80007138	c485	c.beqz	x9,80007160	  x9:0x00000000
      114255000	     11326	80007160	022cf733	remu	x14,x25,x2	 x25:0xfffff90a  x2:0xfffffde4 x14=0xfffff90a
      114265000	     11327	80007164	019bd233	srl	x4,x23,x25	 x23:0x80021e64 x25:0xfffff90a  x4=0x00200087
      114275000	     11328	80007168	00492bb3	slt	x23,x18,x4	 x18:0xfffffdb7  x4:0x00200087 x23=0x00000001
      114285000	     11329	8000716c	41875a33	sra	x20,x14,x24	 x14:0xfffff90a x24:0x00000000 x20=0xfffff90a
      114295000	     11330	80007170	83fcf9b7	lui	x19,0x83fcf	 x19=0x83fcf000
      114305000	     11331	80007174	01a59663	bne	x11,x26,80007180	 x11:0x80000000 x26:0x00000000
      114325000	     11333	80007180	0314	c.addi4spn	x13,x2,384	 x13=0xffffff64
      114335000	     11334	80007182	010adb13	srli	x22,x21,0x10	 x21:0x00000180 x22=0x00000000
      114345000	     11335	80007186	3401a073	csrrs	x0,mscratch,x3	  x3:0x00000000  x0=0x00000000
      114355000	     11336	8000718a	036b5363	bge	x22,x22,800071b0	 x22:0x00000000 x22:0x00000000
      114375000	     11338	800071b0	34051073	csrrw	x0,mscratch,x10	 x10:0x00000000  x0=0x00000000
      114415000	     11342	800071b4	025aaa33	mulhsu	x20,x21,x5	 x21:0x00000180  x5:0x00000001 x20=0x00000000
      114445000	     11345	800071b8	028b8fb3	mul	x31,x23,x8	 x23:0x00000001  x8:0x80000000 x31=0x80000000
      114455000	     11346	800071bc	812a	c.mv	x2,x10	  x0:0x00000000 x10:0x00000000  x2=0x00000000
      114465000	     11347	800071be	86c9	c.srai	x13,0x12	 x13:0xffffff64 x13=0xffffffff
      114475000	     11348	800071c0	8d8d	c.sub	x11,x11	 x11:0x80000000 x11:0x80000000 x11=0x00000000
      114485000	     11349	800071c2	93d86113	ori	x2,x16,-1731	 x16:0xfd198000  x2=0xfffff93d
      114495000	     11350	800071c6	0ff0000f	fence	iorw,iorw	
      114505000	     11351	800071ca	89a1	c.andi	x11,8	 x11:0x00000000 x11=0x00000000
      114515000	     11352	800071cc	1904	c.addi4spn	x9,x2,176	  x9=0xfffff9ed
      114525000	     11353	800071ce	340139f3	csrrc	x19,mscratch,x2	  x2:0xfffff93d x19=0x00000000
      114535000	     11354	800071d2	02bd0d63	beq	x26,x11,8000720c	 x26:0x00000000 x11:0x00000000
      114555000	     11356	8000720c	832d	c.srli	x14,0xb	 x14:0xfffff90a x14=0x001fffff
      114565000	     11357	8000720e	00b7d463	bge	x15,x11,80007216	 x15:0x00000000 x11:0x00000000
      114595000	     11360	80007216	bcdc7213	andi	x4,x24,-1075	 x24:0x00000000  x4=0x00000000
      114605000	     11361	8000721a	0001	c.addi	x0,0	  x0:0x00000000  x0=0x00000000
      114615000	     11362	8000721c	6dde4b13	xori	x22,x28,1757	 x28:0x80021e64 x22=0x800218b9
      114625000	     11363	80007220	0000100f	fence.i	
      114645000	     11365	80007224	3408e5f3	csrrsi	x11,mscratch,17	 x11=0x00000000
      114655000	     11366	80007228	030d1063	bne	x26,x16,80007248	 x26:0x00000000 x16:0xfd198000
      114675000	     11368	80007248	0001	c.addi	x0,0	  x0:0x00000000  x0=0x00000000
      114685000	     11369	8000724a	0001	c.addi	x0,0	  x0:0x00000000  x0=0x00000000
      114695000	     11370	8000724c	40245b13	srai	x22,x8,0x2	  x8:0x80000000 x22=0xe0000000
      114705000	     11371	80007250	00361313	slli	x6,x12,0x3	 x12:0x80025ce4  x6=0x0012e720
      114715000	     11372	80007254	6f952c93	slti	x25,x10,1785	 x10:0x00000000 x25=0x00000001
      114725000	     11373	80007258	0b42	c.slli	x22,0x10	 x22:0xe0000000 x22=0x00000000
      114735000	     11374	8000725a	000fad33	slt	x26,x31,x0	 x31:0x80000000  x0:0x00000000 x26=0x00000001
      114745000	     11375	8000725e	320e8493	addi	x9,x29,800	 x29:0xfffffdb8  x9=0x000000d8
      114755000	     11376	80007262	003e1d13	slli	x26,x28,0x3	 x28:0x80021e64 x26=0x0010f320
      114765000	     11377	80007266	01289393	slli	x7,x17,0x12	 x17:0x00000000  x7=0x00000000
      114775000	     11378	8000726a	81cd	c.srli	x11,0x13	 x11:0x00000000 x11=0x00000000
      114785000	     11379	8000726c	8b61	c.andi	x14,24	 x14:0x001fffff x14=0x00000018
      114795000	     11380	8000726e	340bdaf3	csrrwi	x21,mscratch,23	 x21=0x00000011
      114805000	     11381	80007272	4167de93	srai	x29,x15,0x16	 x15:0x00000000 x29=0x00000000
      114815000	     11382	80007276	0712	c.slli	x14,0x4	 x14:0x00000018 x14=0x00000180
      114825000	     11383	80007278	34006c73	csrrsi	x24,mscratch,0	 x24=0x00000017
      114835000	     11384	8000727c	ef09	c.bnez	x14,80007296	 x14:0x00000180
      114865000	     11387	80007296	007c0db3	add	x27,x24,x7	 x24:0x00000017  x7:0x00000000 x27=0x00000017
      114875000	     11388	8000729a	1a94	c.addi4spn	x13,x2,368	 x13=0xfffffaad
      114915000	     11392	8000729c	028f2bb3	mulhsu	x23,x30,x8	 x30:0xfffffc30  x8:0x80000000 x23=0xfffffe18
      114925000	     11393	800072a0	00c357b3	srl	x15,x6,x12	  x6:0x0012e720 x12:0x80025ce4 x15=0x00012e72
      114935000	     11394	800072a4	3409a973	csrrs	x18,mscratch,x19	 x19:0x00000000 x18=0x00000017
      114945000	     11395	800072a8	00c3d363	bge	x7,x12,800072ae	  x7:0x00000000 x12:0x80025ce4
      114965000	     11397	800072ae	9f5e	c.add	x30,x23	 x30:0xfffffc30 x23:0xfffffe18 x30=0xfffffa48
      114975000	     11398	800072b0	8f9d	c.sub	x15,x15	 x15:0x00012e72 x15:0x00012e72 x15=0x00000000
      114985000	     11399	800072b2	00fd99b3	sll	x19,x27,x15	 x27:0x00000017 x15:0x00000000 x19=0x00000017
      114995000	     11400	800072b6	0100c933	xor	x18,x1,x16	  x1:0x00000000 x16:0xfd198000 x18=0xfd198000
      115005000	     11401	800072ba	01c68263	beq	x13,x28,800072be	 x13:0xfffffaad x28:0x80021e64
      115015000	     11402	800072be	9ca2	c.add	x25,x8	 x25:0x00000001  x8:0x80000000 x25=0x80000001
      115025000	     11403	800072c0	6f7d	c.lui	x30,0x1f	 x30=0x0001f000
      115035000	     11404	800072c2	40d70193	addi	x3,x14,1037	 x14:0x00000180  x3=0x0000058d
      115045000	     11405	800072c6	849e	c.mv	x9,x7	  x0:0x00000000  x7:0x00000000  x9=0x00000000
      115055000	     11406	800072c8	01aa6f33	or	x30,x20,x26	 x20:0x00000000 x26:0x0010f320 x30=0x0010f320
      115065000	     11407	800072cc	0159ac33	slt	x24,x19,x21	 x19:0x00000017 x21:0x00000011 x24=0x00000000
      115075000	     11408	800072d0	41b85733	sra	x14,x16,x27	 x16:0xfd198000 x27:0x00000017 x14=0xfffffffa
      115085000	     11409	800072d4	03f91263	bne	x18,x31,800072f8	 x18:0xfd198000 x31:0x80000000
      115105000	     11411	800072f8	34091973	csrrw	x18,mscratch,x18	 x18:0xfd198000 x18=0x00000017
      115115000	     11412	800072fc	6161	c.addi16sp	x2,80	  x2:0xfffff93d  x2=0xfffff98d
      115125000	     11413	800072fe	00f5e463	bltu	x11,x15,80007306	 x11:0x00000000 x15:0x00000000
      115135000	     11414	80007302	01719313	slli	x6,x3,0x17	  x3:0x0000058d  x6=0xc6800000
      115145000	     11415	80007306	80ad	c.srli	x9,0xb	  x9:0x00000000  x9=0x00000000
      115155000	     11416	80007308	01fcdc63	bge	x25,x31,80007320	 x25:0x80000001 x31:0x80000000
      115175000	     11418	80007320	54fd	c.li	x9,-1	  x9=0xffffffff
      115185000	     11419	80007322	00edc2b3	xor	x5,x27,x14	 x27:0x00000017 x14:0xfffffffa  x5=0xffffffed
      115195000	     11420	80007326	340aa173	csrrs	x2,mscratch,x21	 x21:0x00000011  x2=0xfd198000
      115205000	     11421	8000732a	013df1b3	and	x3,x27,x19	 x27:0x00000017 x19:0x00000017  x3=0x00000017
      115215000	     11422	8000732e	8f39	c.xor	x14,x14	 x14:0xfffffffa x14:0xfffffffa x14=0x00000000
      115225000	     11423	80007330	00f14c33	xor	x24,x2,x15	  x2:0xfd198000 x15:0x00000000 x24=0xfd198000
      115235000	     11424	80007334	01fad933	srl	x18,x21,x31	 x21:0x00000011 x31:0x80000000 x18=0x00000011
      115245000	     11425	80007338	401cd6b3	sra	x13,x25,x1	 x25:0x80000001  x1:0x00000000 x13=0x80000001
      115255000	     11426	8000733c	98e6	c.add	x17,x25	 x17:0x00000000 x25:0x80000001 x17=0x80000001
      115265000	     11427	8000733e	00c60663	beq	x12,x12,8000734a	 x12:0x80025ce4 x12:0x80025ce4
      115285000	     11429	8000734a	8d21	c.xor	x10,x8	 x10:0x00000000  x8:0x80000000 x10=0x80000000
      115295000	     11430	8000734c	018b50b3	srl	x1,x22,x24	 x22:0x00000000 x24:0xfd198000  x1=0x00000000
      115305000	     11431	80007350	0185e733	or	x14,x11,x24	 x11:0x00000000 x24:0xfd198000 x14=0xfd198000
      115315000	     11432	80007354	717d	c.addi16sp	x2,-16	  x2:0xfd198000  x2=0xfd197ff0
      115325000	     11433	80007356	34051af3	csrrw	x21,mscratch,x10	 x10:0x80000000 x21=0xfd198011
      115335000	     11434	8000735a	4e273793	sltiu	x15,x14,1250	 x14:0xfd198000 x15=0x00000000
      115345000	     11435	8000735e	0d8c	c.addi4spn	x11,x2,720	 x11=0xfd1982c0
      115355000	     11436	80007360	c1a9	c.beqz	x11,800073a2	 x11:0xfd1982c0
      115365000	     11437	80007362	0001	c.addi	x0,0	  x0:0x00000000  x0=0x00000000
      115375000	     11438	80007364	8b5dcd13	xori	x26,x27,-1867	 x27:0x00000017 x26=0xfffff8a2
      115745000	     11475	80007368	02a45733	divu	x14,x8,x10	  x8:0x80000000 x10:0x80000000 x14=0x00000001
      115755000	     11476	8000736c	0019e933	or	x18,x19,x1	 x19:0x00000017  x1:0x00000000 x18=0x00000017
      115765000	     11477	80007370	40115393	srai	x7,x2,0x1	  x2:0xfd197ff0  x7=0xfe8cbff8
      115775000	     11478	80007374	8959	c.andi	x10,22	 x10:0x80000000 x10=0x00000000
      115785000	     11479	80007376	84c1	c.srai	x9,0x10	  x9:0xffffffff  x9=0xffffffff
      115795000	     11480	80007378	0d9e	c.slli	x27,0x7	 x27:0x00000017 x27=0x00000b80
      115805000	     11481	8000737a	ce6b8513	addi	x10,x23,-794	 x23:0xfffffe18 x10=0xfffffafe
      115825000	     11483	8000737e	03657fb3	remu	x31,x10,x22	 x10:0xfffffafe x22:0x00000000 x31=0xfffffafe
      115845000	     11485	80007382	03437033	remu	x0,x6,x20	  x6:0xc6800000 x20:0x00000000  x0=0x00000000
      115855000	     11486	80007386	15a8ea93	ori	x21,x17,346	 x17:0x80000001 x21=0x8000015b
      115865000	     11487	8000738a	00df9563	bne	x31,x13,80007394	 x31:0xfffffafe x13:0x80000001
      115885000	     11489	80007394	6cdd	c.lui	x25,0x17	 x25=0x00017000
      115895000	     11490	80007396	a9827e93	andi	x29,x4,-1384	  x4:0x00000000 x29=0x00000000
      115905000	     11491	8000739a	13d14713	xori	x14,x2,317	  x2:0xfd197ff0 x14=0xfd197ecd
      115915000	     11492	8000739e	030d5f63	bge	x26,x16,800073dc	 x26:0xfffff8a2 x16:0xfd198000
      115945000	     11495	800073dc	03d3e7b3	rem	x15,x7,x29	  x7:0xfe8cbff8 x29:0x00000000 x15=0xfe8cbff8
      115955000	     11496	800073e0	001728b3	slt	x17,x14,x1	 x14:0xfd197ecd  x1:0x00000000 x17=0x00000001
      115965000	     11497	800073e4	6865	c.lui	x16,0x19	 x16=0x00019000
      115975000	     11498	800073e6	01a69733	sll	x14,x13,x26	 x13:0x80000001 x26:0xfffff8a2 x14=0x00000004
      115985000	     11499	800073ea	0160ef33	or	x30,x1,x22	  x1:0x00000000 x22:0x00000000 x30=0x00000000
      116355000	     11536	800073ee	031968b3	rem	x17,x18,x17	 x18:0x00000017 x17:0x00000001 x17=0x00000000
      116365000	     11537	800073f2	3bfec393	xori	x7,x29,959	 x29:0x00000000  x7=0x000003bf
      116375000	     11538	800073f6	0ff0000f	fence	iorw,iorw	
      116385000	     11539	800073fa	0001	c.addi	x0,0	  x0:0x00000000  x0=0x00000000
      116395000	     11540	800073fc	41970733	sub	x14,x14,x25	 x14:0x00000004 x25:0x00017000 x14=0xfffe9004
      116405000	     11541	80007400	0001	c.addi	x0,0	  x0:0x00000000  x0=0x00000000
      116415000	     11542	80007402	c6c5e313	ori	x6,x11,-916	 x11:0xfd1982c0  x6=0xfffffeec
      116425000	     11543	80007406	523ac793	xori	x15,x21,1315	 x21:0x8000015b x15=0x80000478
      116435000	     11544	8000740a	6129	c.addi16sp	x2,192	  x2:0xfd197ff0  x2=0xfd1980b0
      116445000	     11545	8000740c	0e31e113	ori	x2,x3,227	  x3:0x00000017  x2=0x000000f7
      116455000	     11546	80007410	2206fe93	andi	x29,x13,544	 x13:0x80000001 x29=0x00000000
      116465000	     11547	80007414	34082973	csrrs	x18,mscratch,x16	 x16:0x00019000 x18=0x80000000
      116475000	     11548	80007418	340066f3	csrrsi	x13,mscratch,0	 x13=0x80019000
      116485000	     11549	8000741c	8e99	c.sub	x13,x14	 x13:0x80019000 x14:0xfffe9004 x13=0x8002fffc
      116495000	     11550	8000741e	e289	c.bnez	x13,80007420	 x13:0x8002fffc
      116515000	     11552	80007420	01f80b33	add	x22,x16,x31	 x16:0x00019000 x31:0xfffffafe x22=0x00018afe
      116525000	     11553	80007424	0000100f	fence.i	
      116905000	     11591	80007428	033fef33	rem	x30,x31,x19	 x31:0xfffffafe x19:0x00000017 x30=0xffffffef
      116915000	     11592	8000742c	717d	c.addi16sp	x2,-16	  x2:0x000000f7  x2=0x000000e7
      117285000	     11629	8000742e	026cdeb3	divu	x29,x25,x6	 x25:0x00017000  x6:0xfffffeec x29=0x00000000
      117655000	     11666	80007432	025b6f33	rem	x30,x22,x5	 x22:0x00018afe  x5:0xffffffed x30=0x00000000
      117665000	     11667	80007436	414b5393	srai	x7,x22,0x14	 x22:0x00018afe  x7=0x00000000
      117675000	     11668	8000743a	6735	c.lui	x14,0xd	 x14=0x0000d000
      117685000	     11669	8000743c	3405acf3	csrrs	x25,mscratch,x11	 x11:0xfd1982c0 x25=0x80019000
      117695000	     11670	80007440	011fe1b3	or	x3,x31,x17	 x31:0xfffffafe x17:0x00000000  x3=0xfffffafe
      117705000	     11671	80007444	5eca12b7	lui	x5,0x5eca1	  x5=0x5eca1000
      117715000	     11672	80007448	00b537b3	sltu	x15,x10,x11	 x10:0xfffffafe x11:0xfd1982c0 x15=0x00000000
      117725000	     11673	8000744c	011dd933	srl	x18,x27,x17	 x27:0x00000b80 x17:0x00000000 x18=0x00000b80
      117735000	     11674	80007450	060b8513	addi	x10,x23,96	 x23:0xfffffe18 x10=0xfffffe78
      117745000	     11675	80007454	d493e193	ori	x3,x7,-695	  x7:0x00000000  x3=0xfffffd49
      117755000	     11676	80007458	340419f3	csrrw	x19,mscratch,x8	  x8:0x80000000 x19=0xfd1992c0
      117765000	     11677	8000745c	0d2a	c.slli	x26,0xa	 x26:0xfffff8a2 x26=0xffe28800
      117775000	     11678	8000745e	01635533	srl	x10,x6,x22	  x6:0xfffffeec x22:0x00018afe x10=0x00000003
      118145000	     11715	80007462	02b34033	div	x0,x6,x11	  x6:0xfffffeec x11:0xfd1982c0  x0=0x00000000
      118155000	     11716	80007466	0ff0000f	fence	iorw,iorw	
      118165000	     11717	8000746a	007437b3	sltu	x15,x8,x7	  x8:0x80000000  x7:0x00000000 x15=0x00000000
      118175000	     11718	8000746e	85ed	c.srai	x11,0x1b	 x11:0xfd1982c0 x11=0xffffffff
      118185000	     11719	80007470	873a	c.mv	x14,x14	  x0:0x00000000 x14:0x0000d000 x14=0x0000d000
      118195000	     11720	80007472	1d680993	addi	x19,x16,470	 x16:0x00019000 x19=0x000191d6
      118205000	     11721	80007476	04d27363	bgeu	x4,x13,800074bc	  x4:0x00000000 x13:0x8002fffc
      118215000	     11722	8000747a	01b5dc33	srl	x24,x11,x27	 x11:0xffffffff x27:0x00000b80 x24=0xffffffff
      118225000	     11723	8000747e	016e87b3	add	x15,x29,x22	 x29:0x00000000 x22:0x00018afe x15=0x00018afe
      118235000	     11724	80007482	08e6	c.slli	x17,0x19	 x17:0x00000000 x17=0x00000000
      118275000	     11728	80007484	03ceb4b3	mulhu	x9,x29,x28	 x29:0x00000000 x28:0x80021e64  x9=0x00000000
      118285000	     11729	80007488	40d2d313	srai	x6,x5,0xd	  x5:0x5eca1000  x6=0x0002f650
      118325000	     11733	8000748c	0210abb3	mulhsu	x23,x1,x1	  x1:0x00000000  x1:0x00000000 x23=0x00000000
      118335000	     11734	80007490	99fd	c.andi	x11,-1	 x11:0xffffffff x11=0xffffffff
      118345000	     11735	80007492	01f25133	srl	x2,x4,x31	  x4:0x00000000 x31:0xfffffafe  x2=0x00000000
      118355000	     11736	80007496	00118133	add	x2,x3,x1	  x3:0xfffffd49  x1:0x00000000  x2=0xfffffd49
      118365000	     11737	8000749a	01e77733	and	x14,x14,x30	 x14:0x0000d000 x30:0x00000000 x14=0x00000000
      118375000	     11738	8000749e	c139	c.beqz	x10,800074e4	 x10:0x00000003
      118385000	     11739	800074a0	026f7363	bgeu	x30,x6,800074c6	 x30:0x00000000  x6:0x0002f650
      118395000	     11740	800074a4	2cb8c713	xori	x14,x17,715	 x17:0x00000000 x14=0x000002cb
      118765000	     11777	800074a8	039b73b3	remu	x7,x22,x25	 x22:0x00018afe x25:0x80019000  x7=0x00018afe
      118775000	     11778	800074ac	19d60293	addi	x5,x12,413	 x12:0x80025ce4  x5=0x80025e81
      119145000	     11815	800074b0	02a0dd33	divu	x26,x1,x10	  x1:0x00000000 x10:0x00000003 x26=0x00000000
      119155000	     11816	800074b4	0023a533	slt	x10,x7,x2	  x7:0x00018afe  x2:0xfffffd49 x10=0x00000000
      119165000	     11817	800074b8	0001	c.addi	x0,0	  x0:0x00000000  x0=0x00000000
      119175000	     11818	800074ba	8ce1	c.and	x9,x8	  x9:0x00000000  x8:0x80000000  x9=0x00000000
      119185000	     11819	800074bc	4cd5	c.li	x25,21	 x25=0x00000015
      119195000	     11820	800074be	b8227993	andi	x19,x4,-1150	  x4:0x00000000 x19=0x00000000
      119205000	     11821	800074c2	0000100f	fence.i	
      119225000	     11823	800074c6	86b1	c.srai	x13,0xc	 x13:0x8002fffc x13=0xfff8002f
      119235000	     11824	800074c8	d1430b93	addi	x23,x6,-748	  x6:0x0002f650 x23=0x0002f364
      119245000	     11825	800074cc	01515463	bge	x2,x21,800074d4	  x2:0xfffffd49 x21:0x8000015b
      119265000	     11827	800074d4	00504463	blt	x0,x5,800074dc	  x0:0x00000000  x5:0x80025e81
      119635000	     11864	800074d8	0326cb33	div	x22,x13,x18	 x13:0xfff8002f x18:0x00000b80 x22=0xffffff4e
      119645000	     11865	800074dc	ee85fb93	andi	x23,x11,-280	 x11:0xffffffff x23=0xfffffee8
      119655000	     11866	800074e0	00e61293	slli	x5,x12,0xe	 x12:0x80025ce4  x5=0x97390000
      119665000	     11867	800074e4	8f49	c.or	x14,x10	 x14:0x000002cb x10:0x00000000 x14=0x000002cb
      119675000	     11868	800074e6	340494f3	csrrw	x9,mscratch,x9	  x9:0x00000000  x9=0x80000000
      119685000	     11869	800074ea	0ff0000f	fence	iorw,iorw	
      120055000	     11906	800074ee	03787cb3	remu	x25,x16,x23	 x16:0x00019000 x23:0xfffffee8 x25=0x00019000
      120065000	     11907	800074f2	8ef1	c.and	x13,x12	 x13:0xfff8002f x12:0x80025ce4 x13=0x80000024
      120075000	     11908	800074f4	34002af3	csrrs	x21,mscratch,x0	  x0:0x00000000 x21=0x00000000
      120085000	     11909	800074f8	005a2533	slt	x10,x20,x5	 x20:0x00000000  x5:0x97390000 x10=0x00000000
      120095000	     11910	800074fc	00f9abb3	slt	x23,x19,x15	 x19:0x00000000 x15:0x00018afe x23=0x00000001
      120105000	     11911	80007500	0001	c.addi	x0,0	  x0:0x00000000  x0=0x00000000
      120115000	     11912	80007502	4092d933	sra	x18,x5,x9	  x5:0x97390000  x9:0x80000000 x18=0x97390000
      120125000	     11913	80007506	614d	c.addi16sp	x2,176	  x2:0xfffffd49  x2=0xfffffdf9
      120135000	     11914	80007508	0000100f	fence.i	
      120155000	     11916	8000750c	5bee1397	auipc	x7,0x5bee1	  x7=0xdbee850c
      120165000	     11917	80007510	00fb8233	add	x4,x23,x15	 x23:0x00000001 x15:0x00018afe  x4=0x00018aff
      120535000	     11954	80007514	03c8f1b3	remu	x3,x17,x28	 x17:0x00000000 x28:0x80021e64  x3=0x00000000
      120545000	     11955	80007518	8139	c.srli	x10,0xe	 x10:0x00000000 x10=0x00000000
      120555000	     11956	8000751a	6105	c.addi16sp	x2,32	  x2:0xfffffdf9  x2=0xfffffe19
      120565000	     11957	8000751c	2ef88f13	addi	x30,x17,751	 x17:0x00000000 x30=0x000002ef
      120575000	     11958	80007520	6775	c.lui	x14,0x1d	 x14=0x0001d000
      120585000	     11959	80007522	85f5	c.srai	x11,0x1d	 x11:0xffffffff x11=0xffffffff
      120595000	     11960	80007524	08494c93	xori	x25,x18,132	 x18:0x97390000 x25=0x97390084
      120605000	     11961	80007528	008b21b3	slt	x3,x22,x8	 x22:0xffffff4e  x8:0x80000000  x3=0x00000000
      120615000	     11962	8000752c	1efd	c.addi	x29,-1	 x29:0x00000000 x29=0xffffffff
      120625000	     11963	8000752e	8e81	c.sub	x13,x8	 x13:0x80000024  x8:0x80000000 x13=0x00000024
      120665000	     11967	80007530	035e9933	mulh	x18,x29,x21	 x29:0xffffffff x21:0x00000000 x18=0x00000000
      120675000	     11968	80007534	0100b2b3	sltu	x5,x1,x16	  x1:0x00000000 x16:0x00019000  x5=0x00000001
      120685000	     11969	80007538	01f70833	add	x16,x14,x31	 x14:0x0001d000 x31:0xfffffafe x16=0x0001cafe
      120695000	     11970	8000753c	0182df33	srl	x30,x5,x24	  x5:0x00000001 x24:0xffffffff x30=0x00000000
      120705000	     11971	80007540	014a3a33	sltu	x20,x20,x20	 x20:0x00000000 x20:0x00000000 x20=0x00000000
      121075000	     12008	80007544	0245e0b3	rem	x1,x11,x4	 x11:0xffffffff  x4:0x00018aff  x1=0xffffffff
      121085000	     12009	80007548	c089	c.beqz	x9,8000754a	  x9:0x80000000
      121095000	     12010	8000754a	003275b3	and	x11,x4,x3	  x4:0x00018aff  x3:0x00000000 x11=0x00000000
      121105000	     12011	8000754e	410b53b3	sra	x7,x22,x16	 x22:0xffffff4e x16:0x0001cafe  x7=0xffffffff
      121115000	     12012	80007552	b539a693	slti	x13,x19,-1197	 x19:0x00000000 x13=0x00000000
      121125000	     12013	80007556	90ae	c.add	x1,x11	  x1:0xffffffff x11:0x00000000  x1=0xffffffff
      121135000	     12014	80007558	000975b3	and	x11,x18,x0	 x18:0x00000000  x0:0x00000000 x11=0x00000000
      121145000	     12015	8000755c	55fd	c.li	x11,-1	 x11=0xffffffff
      121155000	     12016	8000755e	0352	c.slli	x6,0x14	  x6:0x0002f650  x6=0x65000000
      121165000	     12017	80007560	3406def3	csrrwi	x29,mscratch,13	 x29=0x00000000
      121205000	     12021	80007564	0316afb3	mulhsu	x31,x13,x17	 x13:0x00000000 x17:0x00000000 x31=0x00000000
      121215000	     12022	80007568	3401d873	csrrwi	x16,mscratch,3	 x16=0x0000000d
      121255000	     12026	8000756c	02a894b3	mulh	x9,x17,x10	 x17:0x00000000 x10:0x00000000  x9=0x00000000
      121295000	     12030	80007570	03b03833	mulhu	x16,x0,x27	  x0:0x00000000 x27:0x00000b80 x16=0x00000000
      121305000	     12031	80007574	e48d	c.bnez	x9,8000759e	  x9:0x00000000
      121675000	     12068	80007576	038af133	remu	x2,x21,x24	 x21:0x00000000 x24:0xffffffff  x2=0x00000000
      121685000	     12069	8000757a	051a	c.slli	x10,0x6	 x10:0x00000000 x10=0x00000000
      121695000	     12070	8000757c	01ee3033	sltu	x0,x28,x30	 x28:0x80021e64 x30:0x00000000  x0=0x00000000
      121705000	     12071	80007580	85feb017	auipc	x0,0x85feb	  x0=0x00000000
      121735000	     12074	80007584	034908b3	mul	x17,x18,x20	 x18:0x00000000 x20:0x00000000 x17=0x00000000
      121745000	     12075	80007588	05f36063	bltu	x6,x31,800075c8	  x6:0x65000000 x31:0x00000000
      121755000	     12076	8000758c	00cd1233	sll	x4,x26,x12	 x26:0x00000000 x12:0x80025ce4  x4=0x00000000
      121795000	     12080	80007590	021dac33	mulhsu	x24,x27,x1	 x27:0x00000b80  x1:0xffffffff x24=0x00000b7f
      121805000	     12081	80007594	0d59	c.addi	x26,22	 x26:0x00000000 x26=0x00000016
      121815000	     12082	80007596	0205d463	bge	x11,x0,800075be	 x11:0xffffffff  x0:0x00000000
      121825000	     12083	8000759a	0a93a117	auipc	x2,0xa93a	  x2=0x8a94159a
      121855000	     12086	8000759e	034489b3	mul	x19,x9,x20	  x9:0x00000000 x20:0x00000000 x19=0x00000000
      121865000	     12087	800075a2	01fccf63	blt	x25,x31,800075c0	 x25:0x97390084 x31:0x00000000
      122245000	     12125	800075c0	0397f233	remu	x4,x15,x25	 x15:0x00018afe x25:0x97390084  x4=0x00018afe
      122255000	     12126	800075c4	413304b3	sub	x9,x6,x19	  x6:0x65000000 x19:0x00000000  x9=0x65000000
      122265000	     12127	800075c8	00e13f33	sltu	x30,x2,x14	  x2:0x8a94159a x14:0x0001d000 x30=0x00000000
      122275000	     12128	800075cc	684d	c.lui	x16,0x13	 x16=0x00013000
      122285000	     12129	800075ce	bd938c13	addi	x24,x7,-1063	  x7:0xffffffff x24=0xfffffbd8
      122295000	     12130	800075d2	0a96	c.slli	x21,0x5	 x21:0x00000000 x21=0x00000000
      122335000	     12134	800075d4	032b16b3	mulh	x13,x22,x18	 x22:0xffffff4e x18:0x00000000 x13=0x00000000
      122345000	     12135	800075d8	f8d36b13	ori	x22,x6,-115	  x6:0x65000000 x22=0xffffff8d
      122355000	     12136	800075dc	c919	c.beqz	x10,800075f2	 x10:0x00000000
      122385000	     12139	800075f2	01d63133	sltu	x2,x12,x29	 x12:0x80025ce4 x29:0x00000000  x2=0x00000000
      122395000	     12140	800075f6	98fd	c.andi	x9,-1	  x9:0x65000000  x9=0x65000000
      122405000	     12141	800075f8	234a20b7	lui	x1,0x234a2	  x1=0x234a2000
      122775000	     12178	800075fc	0210e1b3	rem	x3,x1,x1	  x1:0x234a2000  x1:0x234a2000  x3=0x00000000
      122785000	     12179	80007600	c909	c.beqz	x10,80007612	 x10:0x00000000
      122815000	     12182	80007612	0186c263	blt	x13,x24,80007616	 x13:0x00000000 x24:0xfffffbd8
      122825000	     12183	80007616	01339d63	bne	x7,x19,80007630	  x7:0xffffffff x19:0x00000000
      122845000	     12185	80007630	340f7c73	csrrci	x24,mscratch,30	 x24=0x00000003
      122885000	     12189	80007634	0315ba33	mulhu	x20,x11,x17	 x11:0xffffffff x17:0x00000000 x20=0x00000000
      122895000	     12190	80007638	0ff0000f	fence	iorw,iorw	
      122905000	     12191	8000763c	40fbd2b3	sra	x5,x23,x15	 x23:0x00000001 x15:0x00018afe  x5=0x00000000
      122935000	     12194	80007640	028b0a33	mul	x20,x22,x8	 x22:0xffffff8d  x8:0x80000000 x20=0x80000000
      122945000	     12195	80007644	34065a73	csrrwi	x20,mscratch,12	 x20=0x00000001
      122955000	     12196	80007648	34cffeb7	lui	x29,0x34cff	 x29=0x34cff000
      122965000	     12197	8000764c	3404d273	csrrwi	x4,mscratch,9	  x4=0x0000000c
      122975000	     12198	80007650	0a9a	c.slli	x21,0x6	 x21:0x00000000 x21=0x00000000
      122985000	     12199	80007652	1a14	c.addi4spn	x13,x2,304	 x13=0x00000130
      122995000	     12200	80007654	0001	c.addi	x0,0	  x0:0x00000000  x0=0x00000000
      123005000	     12201	80007656	0000100f	fence.i	
      123025000	     12203	8000765a	9732	c.add	x14,x12	 x14:0x0001d000 x12:0x80025ce4 x14=0x80042ce4
      123035000	     12204	8000765c	0396	c.slli	x7,0x5	  x7:0xffffffff  x7=0xffffffe0
      123045000	     12205	8000765e	817d	c.srli	x10,0x1f	 x10:0x00000000 x10=0x00000000
      123055000	     12206	80007660	a5102d93	slti	x27,x0,-1455	  x0:0x00000000 x27=0x00000000
      123065000	     12207	80007664	0001	c.addi	x0,0	  x0:0x00000000  x0=0x00000000
      123075000	     12208	80007666	407d7e93	andi	x29,x26,1031	 x26:0x00000016 x29=0x00000006
      123085000	     12209	8000766a	00fc8d63	beq	x25,x15,80007684	 x25:0x97390084 x15:0x00018afe
      123095000	     12210	8000766e	8cb1	c.xor	x9,x12	  x9:0x65000000 x12:0x80025ce4  x9=0xe5025ce4
      123105000	     12211	80007670	415c5833	sra	x16,x24,x21	 x24:0x00000003 x21:0x00000000 x16=0x00000003
      123115000	     12212	80007674	004d8733	add	x14,x27,x4	 x27:0x00000000  x4:0x0000000c x14=0x0000000c
      123135000	     12214	80007678	0335d3b3	divu	x7,x11,x19	 x11:0xffffffff x19:0x00000000  x7=0xffffffff
      123145000	     12215	8000767c	00b36733	or	x14,x6,x11	  x6:0x65000000 x11:0xffffffff x14=0xffffffff
      123155000	     12216	80007680	55050113	addi	x2,x10,1360	 x10:0x00000000  x2=0x00000550
      123185000	     12219	80007684	035a87b3	mul	x15,x21,x21	 x21:0x00000000 x21:0x00000000 x15=0x00000000
      123555000	     12256	80007688	03c3cbb3	div	x23,x7,x28	  x7:0xffffffff x28:0x80021e64 x23=0x00000000
      123565000	     12257	8000768c	06ad7913	andi	x18,x26,106	 x26:0x00000016 x18=0x00000002
      123935000	     12294	80007690	026074b3	remu	x9,x0,x6	  x0:0x00000000  x6:0x65000000  x9=0x00000000
      123945000	     12295	80007694	0127f5b3	and	x11,x15,x18	 x15:0x00000000 x18:0x00000002 x11=0x00000000
      123975000	     12298	80007698	023c0733	mul	x14,x24,x3	 x24:0x00000003  x3:0x00000000 x14=0x00000000
      123985000	     12299	8000769c	013b9563	bne	x23,x19,800076a6	 x23:0x00000000 x19:0x00000000
      123995000	     12300	800076a0	ea9d	c.bnez	x13,800076d6	 x13:0x00000130
      124025000	     12303	800076d6	340e1573	csrrw	x10,mscratch,x28	 x28:0x80021e64 x10=0x00000009
      124035000	     12304	800076da	a0314213	xori	x4,x2,-1533	  x2:0x00000550  x4=0xffffff53
      124045000	     12305	800076de	6aa9	c.lui	x21,0xa	 x21=0x0000a000
      124415000	     12342	800076e0	03d24533	div	x10,x4,x29	  x4:0xffffff53 x29:0x00000006 x10=0xffffffe4
      124425000	     12343	800076e4	c0b9	c.beqz	x9,8000772a	  x9:0x00000000
      124455000	     12346	8000772a	03ab1363	bne	x22,x26,80007750	 x22:0xffffff8d x26:0x00000016
      124835000	     12384	80007750	0272c2b3	div	x5,x5,x7	  x5:0x00000000  x7:0xffffffff  x5=0x00000000
      124845000	     12385	80007754	8f75	c.and	x14,x13	 x14:0x00000000 x13:0x00000130 x14=0x00000000
      124855000	     12386	80007756	0178a7b3	slt	x15,x17,x23	 x17:0x00000000 x23:0x00000000 x15=0x00000000
      124865000	     12387	8000775a	9176	c.add	x2,x29	  x2:0x00000550 x29:0x00000006  x2=0x00000556
      124875000	     12388	8000775c	017de333	or	x6,x27,x23	 x27:0x00000000 x23:0x00000000  x6=0x00000000
      124885000	     12389	80007760	61064b93	xori	x23,x12,1552	 x12:0x80025ce4 x23=0x80025af4
      124895000	     12390	80007764	028e7663	bgeu	x28,x8,80007790	 x28:0x80021e64  x8:0x80000000
      124915000	     12392	80007790	bf9b2793	slti	x15,x22,-1031	 x22:0xffffff8d x15=0x00000000
      124925000	     12393	80007794	340153f3	csrrwi	x7,mscratch,2	  x7=0x80021e64
      124965000	     12397	80007798	023226b3	mulhsu	x13,x4,x3	  x4:0xffffff53  x3:0x00000000 x13=0x00000000
      124975000	     12398	8000779c	003763b3	or	x7,x14,x3	 x14:0x00000000  x3:0x00000000  x7=0x00000000
      125015000	     12402	800077a0	03c235b3	mulhu	x11,x4,x28	  x4:0xffffff53 x28:0x80021e64 x11=0x80021e0d
      125025000	     12403	800077a4	01821463	bne	x4,x24,800077ac	  x4:0xffffff53 x24:0x00000003
      125045000	     12405	800077ac	3401aa73	csrrs	x20,mscratch,x3	  x3:0x00000000 x20=0x00000002
      125055000	     12406	800077b0	ce700097	auipc	x1,0xce700	  x1=0x4e7077b0
      125065000	     12407	800077b4	8ea5	c.xor	x13,x9	 x13:0x00000000  x9:0x00000000 x13=0x00000000
      125075000	     12408	800077b6	34007f73	csrrci	x30,mscratch,0	 x30=0x00000002
      125085000	     12409	800077ba	0d1d5797	auipc	x15,0xd1d5	 x15=0x8d1dc7ba
      125095000	     12410	800077be	036b8263	beq	x23,x22,800077e2	 x23:0x80025af4 x22:0xffffff8d
      125105000	     12411	800077c2	1194	c.addi4spn	x13,x2,224	 x13=0x00000636
      125115000	     12412	800077c4	40ec5c13	srai	x24,x24,0xe	 x24:0x00000003 x24=0x00000000
      125125000	     12413	800077c8	01920563	beq	x4,x25,800077d2	  x4:0xffffff53 x25:0x97390084
      125135000	     12414	800077cc	0001	c.addi	x0,0	  x0:0x00000000  x0=0x00000000
      125145000	     12415	800077ce	40ce56b3	sra	x13,x28,x12	 x28:0x80021e64 x12:0x80025ce4 x13=0xf80021e6
      125155000	     12416	800077d2	410e5693	srai	x13,x28,0x10	 x28:0x80021e64 x13=0xffff8002
      125165000	     12417	800077d6	59fd	c.li	x19,-1	 x19=0xffffffff
      125535000	     12454	800077d8	03e7c9b3	div	x19,x15,x30	 x15:0x8d1dc7ba x30:0x00000002 x19=0xc68ee3dd
      125545000	     12455	800077dc	104ce393	ori	x7,x25,260	 x25:0x97390084  x7=0x97390184
      125555000	     12456	800077e0	0188	c.addi4spn	x10,x2,192	 x10=0x00000616
      125565000	     12457	800077e2	00dd5463	bge	x26,x13,800077ea	 x26:0x00000016 x13:0xffff8002
      125595000	     12460	800077ea	14607013	andi	x0,x0,326	  x0:0x00000000  x0=0x00000000
      125605000	     12461	800077ee	0001	c.addi	x0,0	  x0:0x00000000  x0=0x00000000
      125615000	     12462	800077f0	c98d	c.beqz	x11,80007822	 x11:0x80021e0d
      125625000	     12463	800077f2	34006073	csrrsi	x0,mscratch,0	  x0=0x00000000
      125645000	     12465	800077f6	02e56fb3	rem	x31,x10,x14	 x10:0x00000616 x14:0x00000000 x31=0x00000616
      125655000	     12466	800077fa	4087d693	srai	x13,x15,0x8	 x15:0x8d1dc7ba x13=0xff8d1dc7
      125665000	     12467	800077fe	40300f33	sub	x30,x0,x3	  x0:0x00000000  x3:0x00000000 x30=0x00000000
      125675000	     12468	80007802	021f7063	bgeu	x30,x1,80007822	 x30:0x00000000  x1:0x4e7077b0
      125685000	     12469	80007806	00399213	slli	x4,x19,0x3	 x19:0xc68ee3dd  x4=0x34771ee8
      125695000	     12470	8000780a	875d	c.srai	x14,0x17	 x14:0x00000000 x14=0x00000000
      125705000	     12471	8000780c	0001	c.addi	x0,0	  x0:0x00000000  x0=0x00000000
      125715000	     12472	8000780e	8fb9	c.xor	x15,x14	 x15:0x8d1dc7ba x14:0x00000000 x15=0x8d1dc7ba
      125725000	     12473	80007810	01658d63	beq	x11,x22,8000782a	 x11:0x80021e0d x22:0xffffff8d
      125735000	     12474	80007814	4f39	c.li	x30,14	 x30=0x0000000e
      125745000	     12475	80007816	404589b3	sub	x19,x11,x4	 x11:0x80021e0d  x4:0x34771ee8 x19=0x4b8aff25
      125755000	     12476	8000781a	988e	c.add	x17,x3	 x17:0x00000000  x3:0x00000000 x17=0x00000000
      125765000	     12477	8000781c	8fd9	c.or	x15,x14	 x15:0x8d1dc7ba x14:0x00000000 x15=0x8d1dc7ba
      125775000	     12478	8000781e	340dd073	csrrwi	x0,mscratch,27	  x0=0x00000000
      125785000	     12479	80007822	0314	c.addi4spn	x13,x2,384	 x13=0x000006d6
      125795000	     12480	80007824	8d05	c.sub	x10,x9	 x10:0x00000616  x9:0x00000000 x10=0x00000616
      125825000	     12483	80007826	03510233	mul	x4,x2,x21	  x2:0x00000556 x21:0x0000a000  x4=0x0355c000
      125835000	     12484	8000782a	0cc6	c.slli	x25,0x11	 x25:0x97390084 x25=0x01080000
      125845000	     12485	8000782c	8d99	c.sub	x11,x14	 x11:0x80021e0d x14:0x00000000 x11=0x80021e0d
      125855000	     12486	8000782e	0143eeb3	or	x29,x7,x20	  x7:0x97390184 x20:0x00000002 x29=0x97390186
      125895000	     12490	80007832	0218a5b3	mulhsu	x11,x17,x1	 x17:0x00000000  x1:0x4e7077b0 x11=0x00000000
      125905000	     12491	80007836	01f77463	bgeu	x14,x31,8000783e	 x14:0x00000000 x31:0x00000616
      125915000	     12492	8000783a	517d	c.li	x2,-1	  x2=0xffffffff
      125925000	     12493	8000783c	06a2	c.slli	x13,0x8	 x13:0x000006d6 x13=0x0006d600
      125935000	     12494	8000783e	5efd	c.li	x29,-1	 x29=0xffffffff
      125945000	     12495	80007840	0ff0000f	fence	iorw,iorw	
      125955000	     12496	80007844	40b204b3	sub	x9,x4,x11	  x4:0x0355c000 x11:0x00000000  x9=0x0355c000
      125965000	     12497	80007848	e785	c.bnez	x15,80007870	 x15:0x8d1dc7ba
      125985000	     12499	80007870	41625213	srai	x4,x4,0x16	  x4:0x0355c000  x4=0x0000000d
      125995000	     12500	80007874	0001	c.addi	x0,0	  x0:0x00000000  x0=0x00000000
      126005000	     12501	80007876	01d648b3	xor	x17,x12,x29	 x12:0x80025ce4 x29:0xffffffff x17=0x7ffda31b
      126015000	     12502	8000787a	012ae833	or	x16,x21,x18	 x21:0x0000a000 x18:0x00000002 x16=0x0000a002
      126025000	     12503	8000787e	6149	c.addi16sp	x2,144	  x2:0xffffffff  x2=0x0000008f
      126035000	     12504	80007880	a100d3b7	lui	x7,0xa100d	  x7=0xa100d000
      126045000	     12505	80007884	0000100f	fence.i	
      126065000	     12507	80007888	e919	c.bnez	x10,8000789e	 x10:0x00000616
      126085000	     12509	8000789e	56fd	c.li	x13,-1	 x13=0xffffffff
      126095000	     12510	800078a0	67ad	c.lui	x15,0xb	 x15=0x0000b000
      126465000	     12547	800078a2	024870b3	remu	x1,x16,x4	 x16:0x0000a002  x4:0x0000000d  x1=0x0000000c
      126475000	     12548	800078a6	8fe9	c.and	x15,x10	 x15:0x0000b000 x10:0x00000616 x15=0x00000000
      126485000	     12549	800078a8	01a25c63	bge	x4,x26,800078c0	  x4:0x0000000d x26:0x00000016
      126495000	     12550	800078ac	34039a73	csrrw	x20,mscratch,x7	  x7:0xa100d000 x20=0x0000001b
      126515000	     12552	800078b0	023cc033	div	x0,x25,x3	 x25:0x01080000  x3:0x00000000  x0=0x00000000
      126525000	     12553	800078b4	80f1	c.srli	x9,0x1c	  x9:0x0355c000  x9=0x00000000
      126535000	     12554	800078b6	029cd463	bge	x25,x9,800078de	 x25:0x01080000  x9:0x00000000
      126565000	     12557	800078de	0ff0000f	fence	iorw,iorw	
      126575000	     12558	800078e2	8e4a8193	addi	x3,x21,-1820	 x21:0x0000a000  x3=0x000098e4
      126585000	     12559	800078e6	ae2d6793	ori	x15,x26,-1310	 x26:0x00000016 x15=0xfffffaf6
      126955000	     12596	800078ea	02ffc6b3	div	x13,x31,x15	 x31:0x00000616 x15:0xfffffaf6 x13=0xffffffff
      126965000	     12597	800078ee	02509763	bne	x1,x5,8000791c	  x1:0x0000000c  x5:0x00000000
      126985000	     12599	8000791c	6d98f793	andi	x15,x17,1753	 x17:0x7ffda31b x15=0x00000219
      126995000	     12600	80007920	01341493	slli	x9,x8,0x13	  x8:0x80000000  x9=0x00000000
      127005000	     12601	80007924	0001	c.addi	x0,0	  x0:0x00000000  x0=0x00000000
      127015000	     12602	80007926	012d94b3	sll	x9,x27,x18	 x27:0x00000000 x18:0x00000002  x9=0x00000000
      127055000	     12606	8000792a	026cb733	mulhu	x14,x25,x6	 x25:0x01080000  x6:0x00000000 x14=0x00000000
      127065000	     12607	8000792e	8c8d	c.sub	x9,x11	  x9:0x00000000 x11:0x00000000  x9=0x00000000
      127075000	     12608	80007930	01f11393	slli	x7,x2,0x1f	  x2:0x0000008f  x7=0x80000000
      127085000	     12609	80007934	34095a73	csrrwi	x20,mscratch,18	 x20=0xa100d000
      127095000	     12610	80007938	411f5ab3	sra	x21,x30,x17	 x30:0x0000000e x17:0x7ffda31b x21=0x00000000
      127105000	     12611	8000793c	046b6263	bltu	x22,x6,80007980	 x22:0xffffff8d  x6:0x00000000
      127115000	     12612	80007940	8766	c.mv	x14,x25	  x0:0x00000000 x25:0x01080000 x14=0x01080000
      127125000	     12613	80007942	00383b33	sltu	x22,x16,x3	 x16:0x0000a002  x3:0x000098e4 x22=0x00000000
      127135000	     12614	80007946	34003f73	csrrc	x30,mscratch,x0	  x0:0x00000000 x30=0x00000012
      127145000	     12615	8000794a	002ed813	srli	x16,x29,0x2	 x29:0xffffffff x16=0x3fffffff
      127155000	     12616	8000794e	0fa1	c.addi	x31,8	 x31:0x00000616 x31=0x0000061e
      127165000	     12617	80007950	1888	c.addi4spn	x10,x2,112	 x10=0x000000ff
      127175000	     12618	80007952	00d3f363	bgeu	x7,x13,80007958	  x7:0x80000000 x13:0xffffffff
      127185000	     12619	80007956	0a88	c.addi4spn	x10,x2,336	 x10=0x000001df
      127195000	     12620	80007958	8df2	c.mv	x27,x28	  x0:0x00000000 x28:0x80021e64 x27=0x80021e64
      127205000	     12621	8000795a	018a25b3	slt	x11,x20,x24	 x20:0xa100d000 x24:0x00000000 x11=0x00000001
      127225000	     12623	8000795e	036242b3	div	x5,x4,x22	  x4:0x0000000d x22:0x00000000  x5=0xffffffff
      127235000	     12624	80007962	a02ce3b7	lui	x7,0xa02ce	  x7=0xa02ce000
      127605000	     12661	80007966	033cf4b3	remu	x9,x25,x19	 x25:0x01080000 x19:0x4b8aff25  x9=0x01080000
      127645000	     12665	8000796a	034da1b3	mulhsu	x3,x27,x20	 x27:0x80021e64 x20:0xa100d000  x3=0xaf80ed1e
      127655000	     12666	8000796e	340b37f3	csrrc	x15,mscratch,x22	 x22:0x00000000 x15=0x00000012
      127665000	     12667	80007972	34033773	csrrc	x14,mscratch,x6	  x6:0x00000000 x14=0x00000012
      127675000	     12668	80007976	340035f3	csrrc	x11,mscratch,x0	  x0:0x00000000 x11=0x00000012
      127685000	     12669	8000797a	40b1d013	srai	x0,x3,0xb	  x3:0xaf80ed1e  x0=0x00000000
      127695000	     12670	8000797e	91ba	c.add	x3,x14	  x3:0xaf80ed1e x14:0x00000012  x3=0xaf80ed30
      127705000	     12671	80007980	0001	c.addi	x0,0	  x0:0x00000000  x0=0x00000000
      127715000	     12672	80007982	649ca093	slti	x1,x25,1609	 x25:0x01080000  x1=0x00000000
      127725000	     12673	80007986	340913f3	csrrw	x7,mscratch,x18	 x18:0x00000002  x7=0x00000012
      127735000	     12674	8000798a	fb840013	addi	x0,x8,-72	  x8:0x80000000  x0=0x00000000
      127745000	     12675	8000798e	fa46fa17	auipc	x20,0xfa46f	 x20=0x7a47698e
      127755000	     12676	80007992	34017273	csrrci	x4,mscratch,2	  x4=0x00000002
      127765000	     12677	80007996	0001	c.addi	x0,0	  x0:0x00000000  x0=0x00000000
      127775000	     12678	80007998	404f5c13	srai	x24,x30,0x4	 x30:0x00000012 x24=0x00000001
      127785000	     12679	8000799c	814d	c.srli	x10,0x13	 x10:0x000001df x10=0x00000000
      127795000	     12680	8000799e	8535	c.srai	x10,0xd	 x10:0x00000000 x10=0x00000000
      127805000	     12681	800079a0	097a	c.slli	x18,0x1e	 x18:0x00000002 x18=0x80000000
      127815000	     12682	800079a2	3402adf3	csrrs	x27,mscratch,x5	  x5:0xffffffff x27=0x00000000
      127825000	     12683	800079a6	2826fb93	andi	x23,x13,642	 x13:0xffffffff x23=0x00000282
      127835000	     12684	800079aa	8dd1	c.or	x11,x12	 x11:0x00000012 x12:0x80025ce4 x11=0x80025cf6
      128205000	     12721	800079ac	027758b3	divu	x17,x14,x7	 x14:0x00000012  x7:0x00000012 x17=0x00000001
      128215000	     12722	800079b0	01b31a33	sll	x20,x6,x27	  x6:0x00000000 x27:0x00000000 x20=0x00000000
      128225000	     12723	800079b4	696d	c.lui	x18,0x1b	 x18=0x0001b000
      128235000	     12724	800079b6	00a1d333	srl	x6,x3,x10	  x3:0xaf80ed30 x10:0x00000000  x6=0xaf80ed30
      128245000	     12725	800079ba	478d	c.li	x15,3	 x15=0x00000003
      128255000	     12726	800079bc	0001	c.addi	x0,0	  x0:0x00000000  x0=0x00000000
      128265000	     12727	800079be	0001	c.addi	x0,0	  x0:0x00000000  x0=0x00000000
      128305000	     12731	800079c0	031737b3	mulhu	x15,x14,x17	 x14:0x00000012 x17:0x00000001 x15=0x00000000
      128675000	     12768	800079c4	0229e8b3	rem	x17,x19,x2	 x19:0x4b8aff25  x2:0x0000008f x17=0x00000041
      128685000	     12769	800079c8	0ff0000f	fence	iorw,iorw	
      128695000	     12770	800079cc	0001	c.addi	x0,0	  x0:0x00000000  x0=0x00000000
      128705000	     12771	800079ce	402300b3	sub	x1,x6,x2	  x6:0xaf80ed30  x2:0x0000008f  x1=0xaf80eca1
      128715000	     12772	800079d2	0001	c.addi	x0,0	  x0:0x00000000  x0=0x00000000
      128725000	     12773	800079d4	00551fb3	sll	x31,x10,x5	 x10:0x00000000  x5:0xffffffff x31=0x00000000
      128735000	     12774	800079d8	340b7bf3	csrrci	x23,mscratch,22	 x23=0xffffffff
      128745000	     12775	800079dc	cf81	c.beqz	x15,800079f4	 x15:0x00000000
      128765000	     12777	800079f4	c389	c.beqz	x15,800079f6	 x15:0x00000000
      128795000	     12780	800079f6	00835113	srli	x2,x6,0x8	  x6:0xaf80ed30  x2=0x00af80ed
      128805000	     12781	800079fa	6ac9	c.lui	x21,0x12	 x21=0x00012000
      128815000	     12782	800079fc	0001	c.addi	x0,0	  x0:0x00000000  x0=0x00000000
      128825000	     12783	800079fe	032c0f63	beq	x24,x18,80007a3c	 x24:0x00000001 x18:0x0001b000
      128835000	     12784	80007a02	9238c393	xori	x7,x17,-1757	 x17:0x00000041  x7=0xfffff962
      128845000	     12785	80007a06	8dd5	c.or	x11,x13	 x11:0x80025cf6 x13:0xffffffff x11=0xffffffff
      128855000	     12786	80007a08	007f6463	bltu	x30,x7,80007a10	 x30:0x00000012  x7:0xfffff962
      128875000	     12788	80007a10	34003b73	csrrc	x22,mscratch,x0	  x0:0x00000000 x22=0xffffffe9
      128885000	     12789	80007a14	00eab9b3	sltu	x19,x21,x14	 x21:0x00012000 x14:0x00000012 x19=0x00000000
      128895000	     12790	80007a18	34039273	csrrw	x4,mscratch,x7	  x7:0xfffff962  x4=0xffffffe9
      128905000	     12791	80007a1c	0ff0000f	fence	iorw,iorw	
      128915000	     12792	80007a20	1d6d3a93	sltiu	x21,x26,470	 x26:0x00000016 x21=0x00000001
      128925000	     12793	80007a24	05ca3d13	sltiu	x26,x20,92	 x20:0x00000000 x26=0x00000001
      128945000	     12795	80007a28	02f05ab3	divu	x21,x0,x15	  x0:0x00000000 x15:0x00000000 x21=0xffffffff
      128955000	     12796	80007a2c	717d	c.addi16sp	x2,-16	  x2:0x00af80ed  x2=0x00af80dd
      128965000	     12797	80007a2e	0ff0000f	fence	iorw,iorw	
      128975000	     12798	80007a32	0012feb3	and	x29,x5,x1	  x5:0xffffffff  x1:0xaf80eca1 x29=0xaf80eca1
      128985000	     12799	80007a36	8fbe	c.mv	x31,x15	  x0:0x00000000 x15:0x00000000 x31=0x00000000
      128995000	     12800	80007a38	aa40b793	sltiu	x15,x1,-1372	  x1:0xaf80eca1 x15=0x00000001
      129005000	     12801	80007a3c	340a5973	csrrwi	x18,mscratch,20	 x18=0xfffff962
      129045000	     12805	80007a40	022ea1b3	mulhsu	x3,x29,x2	 x29:0xaf80eca1  x2:0x00af80dd  x3=0xffc8d09c
      129055000	     12806	80007a44	bb838093	addi	x1,x7,-1096	  x7:0xfffff962  x1=0xfffff51a
      129065000	     12807	80007a48	34003573	csrrc	x10,mscratch,x0	  x0:0x00000000 x10=0x00000014
      129075000	     12808	80007a4c	1b08	c.addi4spn	x10,x2,432	 x10=0x00af828d
      129085000	     12809	80007a4e	e189	c.bnez	x11,80007a50	 x11:0xffffffff
      129105000	     12811	80007a50	8d31	c.xor	x10,x12	 x10:0x00af828d x12:0x80025ce4 x10=0x80adde69
      129115000	     12812	80007a52	8515	c.srai	x10,0x5	 x10:0x80adde69 x10=0xfc056ef3
      129125000	     12813	80007a54	41c40333	sub	x6,x8,x28	  x8:0x80000000 x28:0x80021e64  x6=0xfffde19c
      129135000	     12814	80007a58	014ee363	bltu	x29,x20,80007a5e	 x29:0xaf80eca1 x20:0x00000000
      129145000	     12815	80007a5c	8f99	c.sub	x15,x14	 x15:0x00000001 x14:0x00000012 x15=0xffffffef
      129155000	     12816	80007a5e	8aed	c.andi	x13,27	 x13:0xffffffff x13=0x0000001b
      129165000	     12817	80007a60	97e6	c.add	x15,x25	 x15:0xffffffef x25:0x01080000 x15=0x0107ffef
      129175000	     12818	80007a62	05981063	bne	x16,x25,80007aa2	 x16:0x3fffffff x25:0x01080000
      129195000	     12820	80007aa2	0b22	c.slli	x22,0x8	 x22:0xffffffe9 x22=0xffffe900
      129565000	     12857	80007aa4	024dd9b3	divu	x19,x27,x4	 x27:0x00000000  x4:0xffffffe9 x19=0x00000000
      129935000	     12894	80007aa8	02cced33	rem	x26,x25,x12	 x25:0x01080000 x12:0x80025ce4 x26=0x01080000
      129945000	     12895	80007aac	0001	c.addi	x0,0	  x0:0x00000000  x0=0x00000000
      129955000	     12896	80007aae	8d79	c.and	x10,x14	 x10:0xfc056ef3 x14:0x00000012 x10=0x00000012
      129965000	     12897	80007ab0	8ead	c.xor	x13,x11	 x13:0x0000001b x11:0xffffffff x13=0xffffffe4
      129975000	     12898	80007ab2	9c66c313	xori	x6,x13,-1594	 x13:0xffffffe4  x6=0x00000622
      129985000	     12899	80007ab6	01709b63	bne	x1,x23,80007acc	  x1:0xfffff51a x23:0xffffffff
      130005000	     12901	80007acc	1b7d	c.addi	x22,-1	 x22:0xffffe900 x22=0xffffe8ff
      130375000	     12938	80007ace	03d87bb3	remu	x23,x16,x29	 x16:0x3fffffff x29:0xaf80eca1 x23=0x3fffffff
      130385000	     12939	80007ad2	177d	c.addi	x14,-1	 x14:0x00000012 x14=0x00000011
      130395000	     12940	80007ad4	0001	c.addi	x0,0	  x0:0x00000000  x0=0x00000000
      130405000	     12941	80007ad6	00c69eb3	sll	x29,x13,x12	 x13:0xffffffe4 x12:0x80025ce4 x29=0xfffffe40
      130415000	     12942	80007ada	340060f3	csrrsi	x1,mscratch,0	  x1=0x00000014
      130425000	     12943	80007ade	004229b3	slt	x19,x4,x4	  x4:0xffffffe9  x4:0xffffffe9 x19=0x00000000
      130435000	     12944	80007ae2	002f58b3	srl	x17,x30,x2	 x30:0x00000012  x2:0x00af80dd x17=0x00000000
      130445000	     12945	80007ae6	60cfe997	auipc	x19,0x60cfe	 x19=0xe0d05ae6
      130455000	     12946	80007aea	023d6663	bltu	x26,x3,80007b16	 x26:0x01080000  x3:0xffc8d09c
      130485000	     12949	80007b16	00d3c733	xor	x14,x7,x13	  x7:0xfffff962 x13:0xffffffe4 x14=0x00000686
      130495000	     12950	80007b1a	9bfd	c.andi	x15,-1	 x15:0x0107ffef x15=0x0107ffef
      130525000	     12953	80007b1c	03780533	mul	x10,x16,x23	 x16:0x3fffffff x23:0x3fffffff x10=0x80000001
      130535000	     12954	80007b20	0ff0000f	fence	iorw,iorw	
      130545000	     12955	80007b24	340310f3	csrrw	x1,mscratch,x6	  x6:0x00000622  x1=0x00000014
      130555000	     12956	80007b28	02e09663	bne	x1,x14,80007b54	  x1:0x00000014 x14:0x00000686
      130575000	     12958	80007b54	055f4163	blt	x30,x21,80007b96	 x30:0x00000012 x21:0xffffffff
      130585000	     12959	80007b58	57fd	c.li	x15,-1	 x15=0xffffffff
      130595000	     12960	80007b5a	0001	c.addi	x0,0	  x0:0x00000000  x0=0x00000000
      130605000	     12961	80007b5c	412a52b3	sra	x5,x20,x18	 x20:0x00000000 x18:0xfffff962  x5=0x00000000
      130615000	     12962	80007b60	e095	c.bnez	x9,80007b84	  x9:0x01080000
      130635000	     12964	80007b84	81e9	c.srli	x11,0x1a	 x11:0xffffffff x11=0x0000003f
      130645000	     12965	80007b86	18ae3f37	lui	x30,0x18ae3	 x30=0x18ae3000
      130655000	     12966	80007b8a	01826d63	bltu	x4,x24,80007ba4	  x4:0xffffffe9 x24:0x00000001
      130695000	     12970	80007b8e	02043b33	mulhu	x22,x8,x0	  x8:0x80000000  x0:0x00000000 x22=0x00000000
      130705000	     12971	80007b92	01009e63	bne	x1,x16,80007bae	  x1:0x00000014 x16:0x3fffffff
      130725000	     12973	80007bae	47c1	c.li	x15,16	 x15=0x00000010
      130735000	     12974	80007bb0	0ff0000f	fence	iorw,iorw	
      130745000	     12975	80007bb4	8fb5	c.xor	x15,x13	 x15:0x00000010 x13:0xffffffe4 x15=0xfffffff4
      130785000	     12979	80007bb6	036922b3	mulhsu	x5,x18,x22	 x18:0xfffff962 x22:0x00000000  x5=0x00000000
      130795000	     12980	80007bba	83a9	c.srli	x15,0xa	 x15:0xfffffff4 x15=0x003fffff
      130805000	     12981	80007bbc	00eb7263	bgeu	x22,x14,80007bc0	 x22:0x00000000 x14:0x00000686
      130815000	     12982	80007bc0	0ff0000f	fence	iorw,iorw	
      130825000	     12983	80007bc4	34015df3	csrrwi	x27,mscratch,2	 x27=0x00000622
      130835000	     12984	80007bc8	577d	c.li	x14,-1	 x14=0xffffffff
      130845000	     12985	80007bca	c719	c.beqz	x14,80007bd8	 x14:0xffffffff
      130855000	     12986	80007bcc	3c118a13	addi	x20,x3,961	  x3:0xffc8d09c x20=0xffc8d45d
      130865000	     12987	80007bd0	9366	c.add	x6,x25	  x6:0x00000622 x25:0x01080000  x6=0x01080622
      130895000	     12990	80007bd2	03ef8c33	mul	x24,x31,x30	 x31:0x00000000 x30:0x18ae3000 x24=0x00000000
      130905000	     12991	80007bd6	8f4d	c.or	x14,x11	 x14:0xffffffff x11:0x0000003f x14=0xffffffff
      130915000	     12992	80007bd8	000cc233	xor	x4,x25,x0	 x25:0x01080000  x0:0x00000000  x4=0x01080000
      130955000	     12996	80007bdc	0358aab3	mulhsu	x21,x17,x21	 x17:0x00000000 x21:0xffffffff x21=0x00000000
      130965000	     12997	80007be0	1cfd	c.addi	x25,-1	 x25:0x01080000 x25=0x0107ffff
      130975000	     12998	80007be2	3400b8f3	csrrc	x17,mscratch,x1	  x1:0x00000014 x17=0x00000002
      130985000	     12999	80007be6	409501b3	sub	x3,x10,x9	 x10:0x80000001  x9:0x01080000  x3=0x7ef80001
      130995000	     13000	80007bea	0ff0000f	fence	iorw,iorw	
      131005000	     13001	80007bee	ca42b097	auipc	x1,0xca42b	  x1=0x4a432bee
      131015000	     13002	80007bf2	980e	c.add	x16,x3	 x16:0x3fffffff  x3:0x7ef80001 x16=0xbef80000
      131025000	     13003	80007bf4	1908	c.addi4spn	x10,x2,176	 x10=0x00af818d
      131035000	     13004	80007bf6	0112	c.slli	x2,0x4	  x2:0x00af80dd  x2=0x0af80dd0
      131045000	     13005	80007bf8	00e71913	slli	x18,x14,0xe	 x14:0xffffffff x18=0xffffc000
      131085000	     13009	80007bfc	037930b3	mulhu	x1,x18,x23	 x18:0xffffc000 x23:0x3fffffff  x1=0x3fffefff
      131095000	     13010	80007c00	b5fb0713	addi	x14,x22,-1185	 x22:0x00000000 x14=0xfffffb5f
      131105000	     13011	80007c04	7e43f113	andi	x2,x7,2020	  x7:0xfffff962  x2=0x00000160
      131475000	     13048	80007c08	03bc68b3	rem	x17,x24,x27	 x24:0x00000000 x27:0x00000622 x17=0x00000000
      131485000	     13049	80007c0c	0105ccb3	xor	x25,x11,x16	 x11:0x0000003f x16:0xbef80000 x25=0xbef8003f
      131495000	     13050	80007c10	00b15263	bge	x2,x11,80007c14	  x2:0x00000160 x11:0x0000003f
      131515000	     13052	80007c14	5dfd	c.li	x27,-1	 x27=0xffffffff
      131525000	     13053	80007c16	00f8c933	xor	x18,x17,x15	 x17:0x00000000 x15:0x003fffff x18=0x003fffff
      131535000	     13054	80007c1a	4098d313	srai	x6,x17,0x9	 x17:0x00000000  x6=0x00000000
      131545000	     13055	80007c1e	0001	c.addi	x0,0	  x0:0x00000000  x0=0x00000000
      131555000	     13056	80007c20	e681	c.bnez	x13,80007c28	 x13:0xffffffe4
      131575000	     13058	80007c28	8fb5	c.xor	x15,x13	 x15:0x003fffff x13:0xffffffe4 x15=0xffc0001b
      131585000	     13059	80007c2a	415a4293	xori	x5,x20,1045	 x20:0xffc8d45d  x5=0xffc8d048
      131625000	     13063	80007c2e	02fba233	mulhsu	x4,x23,x15	 x23:0x3fffffff x15:0xffc0001b  x4=0x3ff00005
      131635000	     13064	80007c32	5ffd	c.li	x31,-1	 x31=0xffffffff
      131645000	     13065	80007c34	34002df3	csrrs	x27,mscratch,x0	  x0:0x00000000 x27=0x00000002
      131655000	     13066	80007c38	340835f3	csrrc	x11,mscratch,x16	 x16:0xbef80000 x11=0x00000002
      131665000	     13067	80007c3c	013c61b3	or	x3,x24,x19	 x24:0x00000000 x19:0xe0d05ae6  x3=0xe0d05ae6
      131705000	     13071	80007c40	020833b3	mulhu	x7,x16,x0	 x16:0xbef80000  x0:0x00000000  x7=0x00000000
      131715000	     13072	80007c44	d64dac93	slti	x25,x27,-668	 x27:0x00000002 x25=0x00000000
      131725000	     13073	80007c48	9bb2	c.add	x23,x12	 x23:0x3fffffff x12:0x80025ce4 x23=0xc0025ce3
      131735000	     13074	80007c4a	f961e5b7	lui	x11,0xf961e	 x11=0xf961e000
      131745000	     13075	80007c4e	00dd5933	srl	x18,x26,x13	 x26:0x01080000 x13:0xffffffe4 x18=0x00108000
      131755000	     13076	80007c52	e77b4a13	xori	x20,x22,-393	 x22:0x00000000 x20=0xfffffe77
      131765000	     13077	80007c56	01fbf333	and	x6,x23,x31	 x23:0xc0025ce3 x31:0xffffffff  x6=0xc0025ce3
      131775000	     13078	80007c5a	00b28133	add	x2,x5,x11	  x5:0xffc8d048 x11:0xf961e000  x2=0xf92ab048
      131785000	     13079	80007c5e	98b2	c.add	x17,x12	 x17:0x00000000 x12:0x80025ce4 x17=0x80025ce4
      131795000	     13080	80007c60	7202f513	andi	x10,x5,1824	  x5:0xffc8d048 x10=0x00000000
      131805000	     13081	80007c64	b4d3cd37	lui	x26,0xb4d3c	 x26=0xb4d3c000
      131815000	     13082	80007c68	1f7d	c.addi	x30,-1	 x30:0x18ae3000 x30=0x18ae2fff
      131825000	     13083	80007c6a	40490033	sub	x0,x18,x4	 x18:0x00108000  x4:0x3ff00005  x0=0x00000000
      131835000	     13084	80007c6e	00a973b3	and	x7,x18,x10	 x18:0x00108000 x10:0x00000000  x7=0x00000000
      131845000	     13085	80007c72	8a92	c.mv	x21,x4	  x0:0x00000000  x4:0x3ff00005 x21=0x3ff00005
      131885000	     13089	80007c74	03699233	mulh	x4,x19,x22	 x19:0xe0d05ae6 x22:0x00000000  x4=0x00000000
      131925000	     13093	80007c78	02e032b3	mulhu	x5,x0,x14	  x0:0x00000000 x14:0xfffffb5f  x5=0x00000000
      131945000	     13095	80007c7c	039675b3	remu	x11,x12,x25	 x12:0x80025ce4 x25:0x00000000 x11=0x80025ce4
      131955000	     13096	80007c80	34007ef3	csrrci	x29,mscratch,0	 x29=0x00000002
      131965000	     13097	80007c84	717d	c.addi16sp	x2,-16	  x2:0xf92ab048  x2=0xf92ab038
      132335000	     13134	80007c86	022f61b3	rem	x3,x30,x2	 x30:0x18ae2fff  x2:0xf92ab038  x3=0x042e40a7
      132345000	     13135	80007c8a	008e6233	or	x4,x28,x8	 x28:0x80021e64  x8:0x80000000  x4=0x80021e64
      132355000	     13136	80007c8e	8589	c.srai	x11,0x2	 x11:0x80025ce4 x11=0xe0009739
      132365000	     13137	80007c90	0155d933	srl	x18,x11,x21	 x11:0xe0009739 x21:0x3ff00005 x18=0x070004b9
      132375000	     13138	80007c94	96782c13	slti	x24,x16,-1689	 x16:0xbef80000 x24=0x00000001
      132385000	     13139	80007c98	016b9c13	slli	x24,x23,0x16	 x23:0xc0025ce3 x24=0x38c00000
      132395000	     13140	80007c9c	000b1693	slli	x13,x22,0x0	 x22:0x00000000 x13=0x00000000
      132405000	     13141	80007ca0	340a2273	csrrs	x4,mscratch,x20	 x20:0xfffffe77  x4=0x00000002
      132445000	     13145	80007ca4	036ba1b3	mulhsu	x3,x23,x22	 x23:0xc0025ce3 x22:0x00000000  x3=0x00000000
      132455000	     13146	80007ca8	04335263	bge	x6,x3,80007cec	  x6:0xc0025ce3  x3:0x00000000
      132465000	     13147	80007cac	00117933	and	x18,x2,x1	  x2:0xf92ab038  x1:0x3fffefff x18=0x392aa038
      132475000	     13148	80007cb0	03ee5563	bge	x28,x30,80007cda	 x28:0x80021e64 x30:0x18ae2fff
      132485000	     13149	80007cb4	0001	c.addi	x0,0	  x0:0x00000000  x0=0x00000000
      132495000	     13150	80007cb6	117d	c.addi	x2,-1	  x2:0xf92ab038  x2=0xf92ab037
      132505000	     13151	80007cb8	34011373	csrrw	x6,mscratch,x2	  x2:0xf92ab037  x6=0xfffffe77
      132515000	     13152	80007cbc	d9e82d13	slti	x26,x16,-610	 x16:0xbef80000 x26=0x00000001
      132525000	     13153	80007cc0	9ff6	c.add	x31,x29	 x31:0xffffffff x29:0x00000002 x31=0x00000001
      132535000	     13154	80007cc2	3400b4f3	csrrc	x9,mscratch,x1	  x1:0x3fffefff  x9=0xf92ab037
      132545000	     13155	80007cc6	3b372693	slti	x13,x14,947	 x14:0xfffffb5f x13=0x00000001
      132555000	     13156	80007cca	1ab6c317	auipc	x6,0x1ab6c	  x6=0x9ab73cca
      132565000	     13157	80007cce	8db1	c.xor	x11,x12	 x11:0xe0009739 x12:0x80025ce4 x11=0x6002cbdd
      132575000	     13158	80007cd0	86ca	c.mv	x13,x18	  x0:0x00000000 x18:0x392aa038 x13=0x392aa038
      132585000	     13159	80007cd2	40ded7b3	sra	x15,x29,x13	 x29:0x00000002 x13:0x392aa038 x15=0x00000000
      132595000	     13160	80007cd6	b6b1e193	ori	x3,x3,-1173	  x3:0x00000000  x3=0xfffffb6b
      132605000	     13161	80007cda	13446593	ori	x11,x8,308	  x8:0x80000000 x11=0x80000134
      132645000	     13165	80007cde	02c52033	mulhsu	x0,x10,x12	 x10:0x00000000 x12:0x80025ce4  x0=0x00000000
      132655000	     13166	80007ce2	60f9	c.lui	x1,0x1e	  x1=0x0001e000
      132665000	     13167	80007ce4	0054d463	bge	x9,x5,80007cec	  x9:0xf92ab037  x5:0x00000000
      132705000	     13171	80007ce8	028e9033	mulh	x0,x29,x8	 x29:0x00000002  x8:0x80000000  x0=0x00000000
      132715000	     13172	80007cec	8fcd	c.or	x15,x11	 x15:0x00000000 x11:0x80000134 x15=0x80000134
      133085000	     13209	80007cee	02107db3	remu	x27,x0,x1	  x0:0x00000000  x1:0x0001e000 x27=0x00000000
      133095000	     13210	80007cf2	0199a3b3	slt	x7,x19,x25	 x19:0xe0d05ae6 x25:0x00000000  x7=0x00000001
      133105000	     13211	80007cf6	04e07713	andi	x14,x0,78	  x0:0x00000000 x14=0x00000000
      133115000	     13212	80007cfa	41df0f33	sub	x30,x30,x29	 x30:0x18ae2fff x29:0x00000002 x30=0x18ae2ffd
      133125000	     13213	80007cfe	5a643993	sltiu	x19,x8,1446	  x8:0x80000000 x19=0x00000000
      133135000	     13214	80007d02	34006af3	csrrsi	x21,mscratch,0	 x21=0xc0001000
      133145000	     13215	80007d06	340a50f3	csrrwi	x1,mscratch,20	  x1=0xc0001000
      133155000	     13216	80007d0a	01073bb3	sltu	x23,x14,x16	 x14:0x00000000 x16:0xbef80000 x23=0x00000001
      133165000	     13217	80007d0e	0001	c.addi	x0,0	  x0:0x00000000  x0=0x00000000
      133175000	     13218	80007d10	e5138093	addi	x1,x7,-431	  x7:0x00000001  x1=0xfffffe52
      133185000	     13219	80007d14	001472b3	and	x5,x8,x1	  x8:0x80000000  x1:0xfffffe52  x5=0x80000000
      133195000	     13220	80007d18	8e91	c.sub	x13,x12	 x13:0x392aa038 x12:0x80025ce4 x13=0xb9284354
      133565000	     13257	80007d1a	03777233	remu	x4,x14,x23	 x14:0x00000000 x23:0x00000001  x4=0x00000000
      133595000	     13260	80007d1e	023b8f33	mul	x30,x23,x3	 x23:0x00000001  x3:0xfffffb6b x30=0xfffffb6b
      133605000	     13261	80007d22	3406b2f3	csrrc	x5,mscratch,x13	 x13:0xb9284354  x5=0x00000014
      133615000	     13262	80007d26	00e71463	bne	x14,x14,80007d2e	 x14:0x00000000 x14:0x00000000
      133645000	     13265	80007d2a	03c28033	mul	x0,x5,x28	  x5:0x00000014 x28:0x80021e64  x0=0x00000000
      134015000	     13302	80007d2e	029e7333	remu	x6,x28,x9	 x28:0x80021e64  x9:0xf92ab037  x6=0x80021e64
      134025000	     13303	80007d32	03fdc163	blt	x27,x31,80007d54	 x27:0x00000000 x31:0x00000001
      134045000	     13305	80007d54	2a7d3293	sltiu	x5,x26,679	 x26:0x00000001  x5=0x00000001
      134055000	     13306	80007d58	009e49b3	xor	x19,x28,x9	 x28:0x80021e64  x9:0xf92ab037 x19=0x7928ae53
      134065000	     13307	80007d5c	07fe	c.slli	x15,0x1f	 x15:0x80000134 x15=0x00000000
      134075000	     13308	80007d5e	5be33b93	sltiu	x23,x6,1470	  x6:0x80021e64 x23=0x00000000
      134085000	     13309	80007d62	403f8133	sub	x2,x31,x3	 x31:0x00000001  x3:0xfffffb6b  x2=0x00000496
      134095000	     13310	80007d66	a2f57393	andi	x7,x10,-1489	 x10:0x00000000  x7=0x00000000
      134105000	     13311	80007d6a	02ed8663	beq	x27,x14,80007d96	 x27:0x00000000 x14:0x00000000
      134165000	     13317	80007d96	02d712b3	mulh	x5,x14,x13	 x14:0x00000000 x13:0xb9284354  x5=0x00000000
      134175000	     13318	80007d9a	4de9	c.li	x27,26	 x27=0x0000001a
      134185000	     13319	80007d9c	0129fb33	and	x22,x19,x18	 x19:0x7928ae53 x18:0x392aa038 x22=0x3928a010
      134195000	     13320	80007da0	014179b3	and	x19,x2,x20	  x2:0x00000496 x20:0xfffffe77 x19=0x00000416
      134205000	     13321	80007da4	0502f363	bgeu	x5,x16,80007dea	  x5:0x00000000 x16:0xbef80000
      134215000	     13322	80007da8	8866	c.mv	x16,x25	  x0:0x00000000 x25:0x00000000 x16=0x00000000
      134225000	     13323	80007daa	0ba74037	lui	x0,0xba74	  x0=0x00000000
      134235000	     13324	80007dae	000c6f33	or	x30,x24,x0	 x24:0x38c00000  x0:0x00000000 x30=0x38c00000
      134245000	     13325	80007db2	86b1	c.srai	x13,0xc	 x13:0xb9284354 x13=0xfffb9284
      134255000	     13326	80007db4	340e5f73	csrrwi	x30,mscratch,28	 x30=0x00000000
      134265000	     13327	80007db8	8f65	c.and	x14,x9	 x14:0x00000000  x9:0xf92ab037 x14=0x00000000
      134295000	     13330	80007dba	038a0c33	mul	x24,x20,x24	 x20:0xfffffe77 x24:0x38c00000 x24=0xe1400000
      134305000	     13331	80007dbe	340a1bf3	csrrw	x23,mscratch,x20	 x20:0xfffffe77 x23=0x0000001c
      134315000	     13332	80007dc2	00938033	add	x0,x7,x9	  x7:0x00000000  x9:0xf92ab037  x0=0x00000000
      134325000	     13333	80007dc6	007a7533	and	x10,x20,x7	 x20:0xfffffe77  x7:0x00000000 x10=0x00000000
      134335000	     13334	80007dca	0908	c.addi4spn	x10,x2,144	 x10=0x00000526
      134345000	     13335	80007dcc	34051773	csrrw	x14,mscratch,x10	 x10:0x00000526 x14=0xfffffe77
      134355000	     13336	80007dd0	01bc7663	bgeu	x24,x27,80007ddc	 x24:0xe1400000 x27:0x0000001a
      134375000	     13338	80007ddc	e099	c.bnez	x9,80007de2	  x9:0xf92ab037
      134405000	     13341	80007de2	340efa73	csrrci	x20,mscratch,29	 x20=0x00000526
      134415000	     13342	80007de6	41e200b3	sub	x1,x4,x30	  x4:0x00000000 x30:0x00000000  x1=0x00000000
      134425000	     13343	80007dea	340771f3	csrrci	x3,mscratch,14	  x3=0x00000522
      134455000	     13346	80007dee	026b00b3	mul	x1,x22,x6	 x22:0x3928a010  x6:0x80021e64  x1=0x56c06640
      134465000	     13347	80007df2	3406d0f3	csrrwi	x1,mscratch,13	  x1=0x00000520
      134475000	     13348	80007df6	02a5	c.addi	x5,9	  x5:0x00000000  x5=0x00000009
      134485000	     13349	80007df8	587d	c.li	x16,-1	 x16=0xffffffff
      134495000	     13350	80007dfa	bbdf6693	ori	x13,x30,-1091	 x30:0x00000000 x13=0xfffffbbd
      134505000	     13351	80007dfe	007dcb33	xor	x22,x27,x7	 x27:0x0000001a  x7:0x00000000 x22=0x0000001a
      134515000	     13352	80007e02	340f59f3	csrrwi	x19,mscratch,30	 x19=0x0000000d
      134525000	     13353	80007e06	8d21	c.xor	x10,x8	 x10:0x00000526  x8:0x80000000 x10=0x80000526
      134535000	     13354	80007e08	27d5a197	auipc	x3,0x27d5a	  x3=0xa7d61e08
      134565000	     13357	80007e0c	028b8ab3	mul	x21,x23,x8	 x23:0x0000001c  x8:0x80000000 x21=0x00000000
      134935000	     13394	80007e10	03d57ab3	remu	x21,x10,x29	 x10:0x80000526 x29:0x00000002 x21=0x00000000
      134945000	     13395	80007e14	05f55263	bge	x10,x31,80007e58	 x10:0x80000526 x31:0x00000001
      134955000	     13396	80007e18	91fa	c.add	x3,x30	  x3:0xa7d61e08 x30:0x00000000  x3=0xa7d61e08
      135325000	     13433	80007e1a	029fd333	divu	x6,x31,x9	 x31:0x00000001  x9:0xf92ab037  x6=0x00000000
      135335000	     13434	80007e1e	4d1ff897	auipc	x17,0x4d1ff	 x17=0xcd206e1e
      135345000	     13435	80007e22	03429963	bne	x5,x20,80007e54	  x5:0x00000009 x20:0x00000526
      135365000	     13437	80007e54	01489793	slli	x15,x17,0x14	 x17:0xcd206e1e x15=0xe1e00000
      135375000	     13438	80007e58	920f3eb7	lui	x29,0x920f3	 x29=0x920f3000
      135385000	     13439	80007e5c	00eab9b3	sltu	x19,x21,x14	 x21:0x00000000 x14:0xfffffe77 x19=0x00000001
      135395000	     13440	80007e60	00ae	c.slli	x1,0xb	  x1:0x00000520  x1=0x00290000
      135405000	     13441	80007e62	8d65	c.and	x10,x9	 x10:0x80000526  x9:0xf92ab037 x10=0x80000026
      135415000	     13442	80007e64	98fd	c.andi	x9,-1	  x9:0xf92ab037  x9=0xf92ab037
      135425000	     13443	80007e66	386e8913	addi	x18,x29,902	 x29:0x920f3000 x18=0x920f3386
      135435000	     13444	80007e6a	85fd	c.srai	x11,0x1f	 x11:0x80000134 x11=0xffffffff
      135445000	     13445	80007e6c	a53dcb17	auipc	x22,0xa53dc	 x22=0x253e3e6c
      135485000	     13449	80007e70	030aa5b3	mulhsu	x11,x21,x16	 x21:0x00000000 x16:0xffffffff x11=0x00000000
      135495000	     13450	80007e74	3403a0f3	csrrs	x1,mscratch,x7	  x7:0x00000000  x1=0x0000001e
      135505000	     13451	80007e78	85ad	c.srai	x11,0xb	 x11:0x00000000 x11=0x00000000
      135515000	     13452	80007e7a	92ca	c.add	x5,x18	  x5:0x00000009 x18:0x920f3386  x5=0x920f338f
      135525000	     13453	80007e7c	8f79	c.and	x14,x14	 x14:0xfffffe77 x14:0xfffffe77 x14=0xfffffe77
      135535000	     13454	80007e7e	026a9b63	bne	x21,x6,80007eb4	 x21:0x00000000  x6:0x00000000
      135545000	     13455	80007e82	03e27d63	bgeu	x4,x30,80007ebc	  x4:0x00000000 x30:0x00000000
      135565000	     13457	80007ebc	405e0793	addi	x15,x28,1029	 x28:0x80021e64 x15=0x80022269
      135575000	     13458	80007ec0	0001	c.addi	x0,0	  x0:0x00000000  x0=0x00000000
      135585000	     13459	80007ec2	9d1a	c.add	x26,x6	 x26:0x00000001  x6:0x00000000 x26=0x00000001
      135595000	     13460	80007ec4	00d6af33	slt	x30,x13,x13	 x13:0xfffffbbd x13:0xfffffbbd x30=0x00000000
      135605000	     13461	80007ec8	01cd3333	sltu	x6,x26,x28	 x26:0x00000001 x28:0x80021e64  x6=0x00000001
      135615000	     13462	80007ecc	98fd	c.andi	x9,-1	  x9:0xf92ab037  x9=0xf92ab037
      135625000	     13463	80007ece	66708193	addi	x3,x1,1639	  x1:0x0000001e  x3=0x00000685
      135635000	     13464	80007ed2	419c5033	sra	x0,x24,x25	 x24:0xe1400000 x25:0x00000000  x0=0x00000000
      135645000	     13465	80007ed6	f9033293	sltiu	x5,x6,-112	  x6:0x00000001  x5=0x00000001
      135655000	     13466	80007eda	0118ed63	bltu	x17,x17,80007ef4	 x17:0xcd206e1e x17:0xcd206e1e
      135665000	     13467	80007ede	8555	c.srai	x10,0x15	 x10:0x80000026 x10=0xfffffc00
      135675000	     13468	80007ee0	8bbf4d17	auipc	x26,0x8bbf4	 x26=0x0bbfbee0
      135685000	     13469	80007ee4	e778ea93	ori	x21,x17,-393	 x17:0xcd206e1e x21=0xfffffe7f
      135695000	     13470	80007ee8	012608b3	add	x17,x12,x18	 x12:0x80025ce4 x18:0x920f3386 x17=0x1211906a
      135705000	     13471	80007eec	01d19793	slli	x15,x3,0x1d	  x3:0x00000685 x15=0xa0000000
      135715000	     13472	80007ef0	26b01cb7	lui	x25,0x26b01	 x25=0x26b01000
      135725000	     13473	80007ef4	34007b73	csrrci	x22,mscratch,0	 x22=0x0000001e
      135735000	     13474	80007ef8	0211f263	bgeu	x3,x1,80007f1c	  x3:0x00000685  x1:0x0000001e
      135755000	     13476	80007f1c	340024f3	csrrs	x9,mscratch,x0	  x0:0x00000000  x9=0x0000001e
      135765000	     13477	80007f20	026dc763	blt	x27,x6,80007f4e	 x27:0x0000001a  x6:0x00000001
      135775000	     13478	80007f24	8dd9	c.or	x11,x14	 x11:0x00000000 x14:0xfffffe77 x11=0xfffffe77
      135785000	     13479	80007f26	03f2e563	bltu	x5,x31,80007f50	  x5:0x00000001 x31:0x00000001
      135795000	     13480	80007f2a	aab4f993	andi	x19,x9,-1365	  x9:0x0000001e x19=0x0000000a
      135805000	     13481	80007f2e	002fb833	sltu	x16,x31,x2	 x31:0x00000001  x2:0x00000496 x16=0x00000001
      135815000	     13482	80007f32	e685	c.bnez	x13,80007f5a	 x13:0xfffffbbd
      135845000	     13485	80007f5a	00249463	bne	x9,x2,80007f62	  x9:0x0000001e  x2:0x00000496
      135865000	     13487	80007f62	5afd	c.li	x21,-1	 x21=0xffffffff
      135875000	     13488	80007f64	00ab4db3	xor	x27,x22,x10	 x22:0x0000001e x10:0xfffffc00 x27=0xfffffc1e
      135885000	     13489	80007f68	03f9e863	bltu	x19,x31,80007f98	 x19:0x0000000a x31:0x00000001
      135895000	     13490	80007f6c	8dc5	c.or	x11,x9	 x11:0xfffffe77  x9:0x0000001e x11=0xfffffe7f
      135905000	     13491	80007f6e	fefb3a13	sltiu	x20,x22,-17	 x22:0x0000001e x20=0x00000001
      135915000	     13492	80007f72	41e65c93	srai	x25,x12,0x1e	 x12:0x80025ce4 x25=0xfffffffe
      135925000	     13493	80007f76	4b61	c.li	x22,24	 x22=0x00000018
      135935000	     13494	80007f78	016f1533	sll	x10,x30,x22	 x30:0x00000000 x22:0x00000018 x10=0x00000000
      135945000	     13495	80007f7c	8f5d	c.or	x14,x15	 x14:0xfffffe77 x15:0xa0000000 x14=0xfffffe77
      135955000	     13496	80007f7e	0a76fb17	auipc	x22,0xa76f	 x22=0x8a776f7e
      135965000	     13497	80007f82	00275193	srli	x3,x14,0x2	 x14:0xfffffe77  x3=0x3fffff9d
      135975000	     13498	80007f86	0001	c.addi	x0,0	  x0:0x00000000  x0=0x00000000
      135985000	     13499	80007f88	3407e073	csrrsi	x0,mscratch,15	  x0=0x00000000
      135995000	     13500	80007f8c	5c7d	c.li	x24,-1	 x24=0xffffffff
      136005000	     13501	80007f8e	69d43c93	sltiu	x25,x8,1693	  x8:0x80000000 x25=0x00000000
      136015000	     13502	80007f92	056f9263	bne	x31,x22,80007fd6	 x31:0x00000001 x22:0x8a776f7e
      136045000	     13505	80007fd6	340026f3	csrrs	x13,mscratch,x0	  x0:0x00000000 x13=0x0000001f
      136055000	     13506	80007fda	0177df13	srli	x30,x15,0x17	 x15:0xa0000000 x30=0x00000140
      136065000	     13507	80007fde	8ca2	c.mv	x25,x8	  x0:0x00000000  x8:0x80000000 x25=0x80000000
      136075000	     13508	80007fe0	340f9ef3	csrrw	x29,mscratch,x31	 x31:0x00000001 x29=0x0000001f
      136085000	     13509	80007fe4	04126c93	ori	x25,x4,65	  x4:0x00000000 x25=0x00000041
      136095000	     13510	80007fe8	88a1	c.andi	x9,8	  x9:0x0000001e  x9=0x00000008
      136105000	     13511	80007fea	8315ad93	slti	x27,x11,-1999	 x11:0xfffffe7f x27=0x00000000
      136115000	     13512	80007fee	00888eb3	add	x29,x17,x8	 x17:0x1211906a  x8:0x80000000 x29=0x9211906a
      136485000	     13549	80007ff2	034a5d33	divu	x26,x20,x20	 x20:0x00000001 x20:0x00000001 x26=0x00000001
      136495000	     13550	80007ff6	128c	c.addi4spn	x11,x2,352	 x11=0x000005f6
      136505000	     13551	80007ff8	00fbf663	bgeu	x23,x15,80008004	 x23:0x0000001c x15:0xa0000000
      136525000	     13553	80007ffc	03b579b3	remu	x19,x10,x27	 x10:0x00000000 x27:0x00000000 x19=0x00000000
      136555000	     13556	80008000	02648b33	mul	x22,x9,x6	  x9:0x00000008  x6:0x00000001 x22=0x00000008
      136565000	     13557	80008004	6109	c.addi16sp	x2,128	  x2:0x00000496  x2=0x00000516
      136575000	     13558	80008006	80ed	c.srli	x9,0x1b	  x9:0x00000008  x9=0x00000000
      136585000	     13559	80008008	da2a8a93	addi	x21,x21,-606	 x21:0xffffffff x21=0xfffffda1
      136595000	     13560	8000800c	ee95	c.bnez	x13,80008048	 x13:0x0000001f
      136975000	     13598	80008048	03f666b3	rem	x13,x12,x31	 x12:0x80025ce4 x31:0x00000001 x13=0x00000000
      136985000	     13599	8000804c	8331	c.srli	x14,0xc	 x14:0xfffffe77 x14=0x000fffff
      136995000	     13600	8000804e	0141d0b3	srl	x1,x3,x20	  x3:0x3fffff9d x20:0x00000001  x1=0x1fffffce
      137005000	     13601	80008052	969a	c.add	x13,x6	 x13:0x00000000  x6:0x00000001 x13=0x00000001
      137015000	     13602	80008054	01b1d1b3	srl	x3,x3,x27	  x3:0x3fffff9d x27:0x00000000  x3=0x3fffff9d
      137025000	     13603	80008058	00aadeb3	srl	x29,x21,x10	 x21:0xfffffda1 x10:0x00000000 x29=0xfffffda1
      137035000	     13604	8000805c	006bcb63	blt	x23,x6,80008072	 x23:0x0000001c  x6:0x00000001
      137045000	     13605	80008060	8f39	c.xor	x14,x14	 x14:0x000fffff x14:0x000fffff x14=0x00000000
      137055000	     13606	80008062	9afd	c.andi	x13,-1	 x13:0x00000001 x13=0x00000001
      137065000	     13607	80008064	d8b3a693	slti	x13,x7,-629	  x7:0x00000000 x13=0x00000000
      137075000	     13608	80008068	8fd90a13	addi	x20,x18,-1795	 x18:0x920f3386 x20=0x920f2c83
      137085000	     13609	8000806c	8115	c.srli	x10,0x5	 x10:0x00000000 x10=0x00000000
      137095000	     13610	8000806e	00a278b3	and	x17,x4,x10	  x4:0x00000000 x10:0x00000000 x17=0x00000000
      137105000	     13611	80008072	0312cf63	blt	x5,x17,800080b0	  x5:0x00000001 x17:0x00000000
      137115000	     13612	80008076	9fada793	slti	x15,x27,-1542	 x27:0x00000000 x15=0x00000000
      137125000	     13613	8000807a	892d	c.andi	x10,11	 x10:0x00000000 x10=0x00000000
      137135000	     13614	8000807c	22766bb7	lui	x23,0x22766	 x23=0x22766000
      137145000	     13615	80008080	0046a6b3	slt	x13,x13,x4	 x13:0x00000000  x4:0x00000000 x13=0x00000000
      137155000	     13616	80008084	000ffbb3	and	x23,x31,x0	 x31:0x00000001  x0:0x00000000 x23=0x00000000
      137165000	     13617	80008088	3cdaf313	andi	x6,x21,973	 x21:0xfffffda1  x6=0x00000181
      137175000	     13618	8000808c	0779	c.addi	x14,30	 x14:0x00000000 x14=0x0000001e
      137215000	     13622	8000808e	032c2733	mulhsu	x14,x24,x18	 x24:0xffffffff x18:0x920f3386 x14=0xffffffff
      137225000	     13623	80008092	0000100f	fence.i	
      137255000	     13626	80008096	01255463	bge	x10,x18,8000809e	 x10:0x00000000 x18:0x920f3386
      137285000	     13629	8000809e	017e11b3	sll	x3,x28,x23	 x28:0x80021e64 x23:0x00000000  x3=0x80021e64
      137295000	     13630	800080a2	8d0d	c.sub	x10,x11	 x10:0x00000000 x11:0x000005f6 x10=0xfffffa0a
      137305000	     13631	800080a4	14dcb393	sltiu	x7,x25,333	 x25:0x00000041  x7=0x00000001
      137315000	     13632	800080a8	9ff1ca97	auipc	x21,0x9ff1c	 x21=0x1ff240a8
      137325000	     13633	800080ac	417d5b13	srai	x22,x26,0x17	 x26:0x00000001 x22=0x00000000
      137335000	     13634	800080b0	02276e63	bltu	x14,x2,800080ec	 x14:0xffffffff  x2:0x00000516
      137345000	     13635	800080b4	09b1	c.addi	x19,12	 x19:0x00000000 x19=0x0000000c
      137355000	     13636	800080b6	0ff0000f	fence	iorw,iorw	
      137725000	     13673	800080ba	025ae0b3	rem	x1,x21,x5	 x21:0x1ff240a8  x5:0x00000001  x1=0x00000000
      137735000	     13674	800080be	01c88a33	add	x20,x17,x28	 x17:0x00000000 x28:0x80021e64 x20=0x80021e64
      137745000	     13675	800080c2	8f06	c.mv	x30,x1	  x0:0x00000000  x1:0x00000000 x30=0x00000000
      138115000	     13712	800080c4	02b97533	remu	x10,x18,x11	 x18:0x920f3386 x11:0x000005f6 x10=0x0000028e
      138125000	     13713	800080c8	409e03b3	sub	x7,x28,x9	 x28:0x80021e64  x9:0x00000000  x7=0x80021e64
      138135000	     13714	800080cc	717d	c.addi16sp	x2,-16	  x2:0x00000516  x2=0x00000506
      138145000	     13715	800080ce	013bfeb3	and	x29,x23,x19	 x23:0x00000000 x19:0x0000000c x29=0x00000000
      138155000	     13716	800080d2	012be733	or	x14,x23,x18	 x23:0x00000000 x18:0x920f3386 x14=0x920f3386
      138165000	     13717	800080d6	81e5	c.srli	x11,0x19	 x11:0x000005f6 x11=0x00000000
      138205000	     13721	800080d8	03b89f33	mulh	x30,x17,x27	 x17:0x00000000 x27:0x00000000 x30=0x00000000
      138215000	     13722	800080dc	79552693	slti	x13,x10,1941	 x10:0x0000028e x13=0x00000001
      138225000	     13723	800080e0	8ec9	c.or	x13,x10	 x13:0x00000001 x10:0x0000028e x13=0x0000028f
      138245000	     13725	800080e2	03d7e833	rem	x16,x15,x29	 x15:0x00000000 x29:0x00000000 x16=0x00000000
      138255000	     13726	800080e6	01557263	bgeu	x10,x21,800080ea	 x10:0x0000028e x21:0x1ff240a8
      138265000	     13727	800080ea	80f1	c.srli	x9,0x1c	  x9:0x00000000  x9=0x00000000
      138275000	     13728	800080ec	3ff398b7	lui	x17,0x3ff39	 x17=0x3ff39000
      138285000	     13729	800080f0	a7b2bf13	sltiu	x30,x5,-1413	  x5:0x00000001 x30=0x00000001
      138295000	     13730	800080f4	0051a7b3	slt	x15,x3,x5	  x3:0x80021e64  x5:0x00000001 x15=0x00000001
      138335000	     13734	800080f8	031a3d33	mulhu	x26,x20,x17	 x20:0x80021e64 x17:0x3ff39000 x26=0x1ffa4f7e
      138365000	     13737	800080fc	02580133	mul	x2,x16,x5	 x16:0x00000000  x5:0x00000001  x2=0x00000000
      138375000	     13738	80008100	9cda	c.add	x25,x22	 x25:0x00000041 x22:0x00000000 x25=0x00000041
      138385000	     13739	80008102	8d2d	c.xor	x10,x11	 x10:0x0000028e x11:0x00000000 x10=0x0000028e
      138395000	     13740	80008104	34002b73	csrrs	x22,mscratch,x0	  x0:0x00000000 x22=0x00000001
      138405000	     13741	80008108	00f75293	srli	x5,x14,0xf	 x14:0x920f3386  x5=0x0001241e
      138415000	     13742	8000810c	01aa1b33	sll	x22,x20,x26	 x20:0x80021e64 x26:0x1ffa4f7e x22=0x00000000
      138425000	     13743	80008110	01fe0233	add	x4,x28,x31	 x28:0x80021e64 x31:0x00000001  x4=0x80021e65
      138435000	     13744	80008114	a36f7b93	andi	x23,x30,-1482	 x30:0x00000001 x23=0x00000000
      138445000	     13745	80008118	01d8e263	bltu	x17,x29,8000811c	 x17:0x3ff39000 x29:0x00000000
      138475000	     13748	8000811c	02d88bb3	mul	x23,x17,x13	 x17:0x3ff39000 x13:0x0000028f x23=0xa02d7000
      138485000	     13749	80008120	60f5	c.lui	x1,0x1d	  x1=0x0001d000
      138855000	     13786	80008122	0394fcb3	remu	x25,x9,x25	  x9:0x00000000 x25:0x00000041 x25=0x00000000
      138865000	     13787	80008126	0000100f	fence.i	
      138885000	     13789	8000812a	8d1e	c.mv	x26,x7	  x0:0x00000000  x7:0x80021e64 x26=0x80021e64
      138895000	     13790	8000812c	0000100f	fence.i	
      138945000	     13795	80008130	03a49333	mulh	x6,x9,x26	  x9:0x00000000 x26:0x80021e64  x6=0x00000000
      138955000	     13796	80008134	98d52d93	slti	x27,x10,-1651	 x10:0x0000028e x27=0x00000000
      138965000	     13797	80008138	85d5	c.srai	x11,0x15	 x11:0x00000000 x11=0x00000000
      138975000	     13798	8000813a	0001	c.addi	x0,0	  x0:0x00000000  x0=0x00000000
      139015000	     13802	8000813c	023fa2b3	mulhsu	x5,x31,x3	 x31:0x00000001  x3:0x80021e64  x5=0x00000000
      139025000	     13803	80008140	007bb9b3	sltu	x19,x23,x7	 x23:0xa02d7000  x7:0x80021e64 x19=0x00000000
      139045000	     13805	80008144	039c65b3	rem	x11,x24,x25	 x24:0xffffffff x25:0x00000000 x11=0xffffffff
      139055000	     13806	80008148	90ae	c.add	x1,x11	  x1:0x0001d000 x11:0xffffffff  x1=0x0001cfff
      139065000	     13807	8000814a	01c5ef33	or	x30,x11,x28	 x11:0xffffffff x28:0x80021e64 x30=0xffffffff
      139435000	     13844	8000814e	02314233	div	x4,x2,x3	  x2:0x00000000  x3:0x80021e64  x4=0x00000000
      139445000	     13845	80008152	8d1d	c.sub	x10,x15	 x10:0x0000028e x15:0x00000001 x10=0x0000028d
      139455000	     13846	80008154	40028933	sub	x18,x5,x0	  x5:0x00000000  x0:0x00000000 x18=0x00000000
      139825000	     13883	80008158	03e2ef33	rem	x30,x5,x30	  x5:0x00000000 x30:0xffffffff x30=0x00000000
      139835000	     13884	8000815c	01c13133	sltu	x2,x2,x28	  x2:0x00000000 x28:0x80021e64  x2=0x00000001
      139855000	     13886	80008160	03e17ab3	remu	x21,x2,x30	  x2:0x00000001 x30:0x00000000 x21=0x00000001
      139865000	     13887	80008164	0a7d	c.addi	x20,31	 x20:0x80021e64 x20=0x80021e83
      139875000	     13888	80008166	61f5	c.lui	x3,0x1d	  x3=0x0001d000
      139885000	     13889	80008168	8715	c.srai	x14,0x5	 x14:0x920f3386 x14=0xfc90799c
      139895000	     13890	8000816a	717d	c.addi16sp	x2,-16	  x2:0x00000001  x2=0xfffffff1
      139905000	     13891	8000816c	00b728b3	slt	x17,x14,x11	 x14:0xfc90799c x11:0xffffffff x17=0x00000001
      139915000	     13892	80008170	a750a113	slti	x2,x1,-1419	  x1:0x0001cfff  x2=0x00000000
      139935000	     13894	80008174	020aedb3	rem	x27,x21,x0	 x21:0x00000001  x0:0x00000000 x27=0x00000001
      139945000	     13895	80008178	0ff0000f	fence	iorw,iorw	
      139955000	     13896	8000817c	035b0a63	beq	x22,x21,800081b0	 x22:0x00000000 x21:0x00000001
      139965000	     13897	80008180	19fd	c.addi	x19,-1	 x19:0x00000000 x19=0xffffffff
      140335000	     13934	80008182	02a3d2b3	divu	x5,x7,x10	  x7:0x80021e64 x10:0x0000028d  x5=0x00322f17
      140345000	     13935	80008186	01454663	blt	x10,x20,80008192	 x10:0x0000028d x20:0x80021e83
      140355000	     13936	8000818a	34067cf3	csrrci	x25,mscratch,12	 x25=0x00000001
      140365000	     13937	8000818e	03fb7163	bgeu	x22,x31,800081b0	 x22:0x00000000 x31:0x00000001
      140375000	     13938	80008192	01b1d513	srli	x10,x3,0x1b	  x3:0x0001d000 x10=0x00000000
      140385000	     13939	80008196	00826a33	or	x20,x4,x8	  x4:0x00000000  x8:0x80000000 x20=0x80000000
      140395000	     13940	8000819a	010b1d63	bne	x22,x16,800081b4	 x22:0x00000000 x16:0x00000000
      140405000	     13941	8000819e	717d	c.addi16sp	x2,-16	  x2:0x00000000  x2=0xfffffff0
      140415000	     13942	800081a0	0001	c.addi	x0,0	  x0:0x00000000  x0=0x00000000
      140425000	     13943	800081a2	597d	c.li	x18,-1	 x18=0xffffffff
      140435000	     13944	800081a4	340cf173	csrrci	x2,mscratch,25	  x2=0x00000001
      140445000	     13945	800081a8	8d19	c.sub	x10,x14	 x10:0x00000000 x14:0xfc90799c x10=0x036f8664
      140455000	     13946	800081aa	400c06b3	sub	x13,x24,x0	 x24:0xffffffff  x0:0x00000000 x13=0xffffffff
      140465000	     13947	800081ae	8c89	c.sub	x9,x10	  x9:0x00000000 x10:0x036f8664  x9=0xfc90799c
      140835000	     13984	800081b0	03a25cb3	divu	x25,x4,x26	  x4:0x00000000 x26:0x80021e64 x25=0x00000000
      140845000	     13985	800081b4	34007973	csrrci	x18,mscratch,0	 x18=0x00000000
      140855000	     13986	800081b8	02db1663	bne	x22,x13,800081e4	 x22:0x00000000 x13:0xffffffff
      141235000	     14024	800081e4	0358d233	divu	x4,x17,x21	 x17:0x00000001 x21:0x00000001  x4=0x00000001
      141245000	     14025	800081e8	d8cfaa13	slti	x20,x31,-628	 x31:0x00000001 x20=0x00000000
      141255000	     14026	800081ec	00688d63	beq	x17,x6,80008206	 x17:0x00000001  x6:0x00000000
      141265000	     14027	800081f0	007c24b3	slt	x9,x24,x7	 x24:0xffffffff  x7:0x80021e64  x9=0x00000000
      141275000	     14028	800081f4	219d7293	andi	x5,x26,537	 x26:0x80021e64  x5=0x00000200
      141645000	     14065	800081f8	038f4cb3	div	x25,x30,x24	 x30:0x00000000 x24:0xffffffff x25=0x00000000
      141655000	     14066	800081fc	80a9	c.srli	x9,0xa	  x9:0x00000000  x9=0x00000000
      142025000	     14103	800081fe	027fe833	rem	x16,x31,x7	 x31:0x00000001  x7:0x80021e64 x16=0x00000001
      142035000	     14104	80008202	0304c763	blt	x9,x16,80008230	  x9:0x00000000 x16:0x00000001
      142055000	     14106	80008230	340c2173	csrrs	x2,mscratch,x24	 x24:0xffffffff  x2=0x00000000
      142065000	     14107	80008234	000ffbb3	and	x23,x31,x0	 x31:0x00000001  x0:0x00000000 x23=0x00000000
      142075000	     14108	80008238	83f5	c.srli	x15,0x1d	 x15:0x00000001 x15=0x00000000
      142085000	     14109	8000823a	8abe	c.mv	x21,x15	  x0:0x00000000 x15:0x00000000 x21=0x00000000
      142125000	     14113	8000823c	0261a8b3	mulhsu	x17,x3,x6	  x3:0x0001d000  x6:0x00000000 x17=0x00000000
      142135000	     14114	80008240	437d	c.li	x6,31	  x6=0x0000001f
      142145000	     14115	80008242	0060fdb3	and	x27,x1,x6	  x1:0x0001cfff  x6:0x0000001f x27=0x0000001f
      142155000	     14116	80008246	34002a73	csrrs	x20,mscratch,x0	  x0:0x00000000 x20=0xffffffff
      142165000	     14117	8000824a	0001	c.addi	x0,0	  x0:0x00000000  x0=0x00000000
      142175000	     14118	8000824c	017f9c33	sll	x24,x31,x23	 x31:0x00000001 x23:0x00000000 x24=0x00000001
      142185000	     14119	80008250	01240133	add	x2,x8,x18	  x8:0x80000000 x18:0x00000000  x2=0x80000000
      142195000	     14120	80008254	e0a1	c.bnez	x9,80008294	  x9:0x00000000
      142215000	     14122	80008256	03d8f033	remu	x0,x17,x29	 x17:0x00000000 x29:0x00000000  x0=0x00000000
      142235000	     14124	8000825a	03566033	rem	x0,x12,x21	 x12:0x80025ce4 x21:0x00000000  x0=0x00000000
      142245000	     14125	8000825e	9abe	c.add	x21,x15	 x21:0x00000000 x15:0x00000000 x21=0x00000000
      142255000	     14126	80008260	340353f3	csrrwi	x7,mscratch,6	  x7=0xffffffff
      142265000	     14127	80008264	081c	c.addi4spn	x15,x2,16	 x15=0x80000010
      142275000	     14128	80008266	0ff0000f	fence	iorw,iorw	
      142285000	     14129	8000826a	01ff7bb3	and	x23,x30,x31	 x30:0x00000000 x31:0x00000001 x23=0x00000000
      142295000	     14130	8000826e	077e	c.slli	x14,0x1f	 x14:0xfc90799c x14=0x00000000
      142305000	     14131	80008270	8fd9	c.or	x15,x14	 x15:0x80000010 x14:0x00000000 x15=0x80000010
      142315000	     14132	80008272	01cdbfb3	sltu	x31,x27,x28	 x27:0x0000001f x28:0x80021e64 x31=0x00000001
      142325000	     14133	80008276	01981533	sll	x10,x16,x25	 x16:0x00000001 x25:0x00000000 x10=0x00000001
      142335000	     14134	8000827a	4192d4b3	sra	x9,x5,x25	  x5:0x00000200 x25:0x00000000  x9=0x00000200
      142345000	     14135	8000827e	04c5	c.addi	x9,17	  x9:0x00000200  x9=0x00000211
      142355000	     14136	80008280	2e136297	auipc	x5,0x2e136	  x5=0xae13e280
      142365000	     14137	80008284	8881	c.andi	x9,0	  x9:0x00000211  x9=0x00000000
      142375000	     14138	80008286	00025963	bge	x4,x0,80008298	  x4:0x00000001  x0:0x00000000
      142395000	     14140	80008298	910a3ab7	lui	x21,0x910a3	 x21=0x910a3000
      142405000	     14141	8000829c	01445333	srl	x6,x8,x20	  x8:0x80000000 x20:0xffffffff  x6=0x00000001
      142415000	     14142	800082a0	8d41	c.or	x10,x8	 x10:0x00000001  x8:0x80000000 x10=0x80000001
      142425000	     14143	800082a2	00379133	sll	x2,x15,x3	 x15:0x80000010  x3:0x0001d000  x2=0x80000010
      142435000	     14144	800082a6	093e	c.slli	x18,0xf	 x18:0x00000000 x18=0x00000000
      142475000	     14148	800082a8	03eb12b3	mulh	x5,x22,x30	 x22:0x00000000 x30:0x00000000  x5=0x00000000
      142485000	     14149	800082ac	340859f3	csrrwi	x19,mscratch,16	 x19=0x00000006
      142495000	     14150	800082b0	00e3f133	and	x2,x7,x14	  x7:0xffffffff x14:0x00000000  x2=0x00000000
      142505000	     14151	800082b4	9e9a	c.add	x29,x6	 x29:0x00000000  x6:0x00000001 x29=0x00000001
      142515000	     14152	800082b6	8cc5	c.or	x9,x9	  x9:0x00000000  x9:0x00000000  x9=0x00000000
      142525000	     14153	800082b8	340ca973	csrrs	x18,mscratch,x25	 x25:0x00000000 x18=0x00000010
      142535000	     14154	800082bc	40e68db3	sub	x27,x13,x14	 x13:0xffffffff x14:0x00000000 x27=0xffffffff
      142545000	     14155	800082c0	81a5	c.srli	x11,0x9	 x11:0xffffffff x11=0x007fffff
      142555000	     14156	800082c2	0028b833	sltu	x16,x17,x2	 x17:0x00000000  x2:0x00000000 x16=0x00000000
      142565000	     14157	800082c6	34069273	csrrw	x4,mscratch,x13	 x13:0xffffffff  x4=0x00000010
      142575000	     14158	800082ca	6119	c.addi16sp	x2,384	  x2:0x00000000  x2=0x00000180
      142585000	     14159	800082cc	41b15513	srai	x10,x2,0x1b	  x2:0x00000180 x10=0x00000000
      142595000	     14160	800082d0	0001	c.addi	x0,0	  x0:0x00000000  x0=0x00000000
      142605000	     14161	800082d2	e991	c.bnez	x11,800082e6	 x11:0x007fffff
      142625000	     14163	800082e6	8fb1	c.xor	x15,x12	 x15:0x80000010 x12:0x80025ce4 x15=0x00025cf4
      142635000	     14164	800082e8	812d	c.srli	x10,0xb	 x10:0x00000000 x10=0x00000000
      143005000	     14201	800082ea	028f40b3	div	x1,x30,x8	 x30:0x00000000  x8:0x80000000  x1=0x00000000
      143015000	     14202	800082ee	0311ee63	bltu	x3,x17,8000832a	  x3:0x0001d000 x17:0x00000000
      143025000	     14203	800082f2	8ec5	c.or	x13,x9	 x13:0xffffffff  x9:0x00000000 x13=0xffffffff
      143395000	     14240	800082f4	03b17733	remu	x14,x2,x27	  x2:0x00000180 x27:0xffffffff x14=0x00000180
      143405000	     14241	800082f8	00b1de93	srli	x29,x3,0xb	  x3:0x0001d000 x29=0x0000003a
      143415000	     14242	800082fc	4164c217	auipc	x4,0x4164c	  x4=0xc16542fc
      143425000	     14243	80008300	16608f93	addi	x31,x1,358	  x1:0x00000000 x31=0x00000166
      143435000	     14244	80008304	3b63a993	slti	x19,x7,950	  x7:0xffffffff x19=0x00000001
      143445000	     14245	80008308	0149a8b3	slt	x17,x19,x20	 x19:0x00000001 x20:0xffffffff x17=0x00000000
      143455000	     14246	8000830c	01baf133	and	x2,x21,x27	 x21:0x910a3000 x27:0xffffffff  x2=0x910a3000
      143465000	     14247	80008310	0004cb33	xor	x22,x9,x0	  x9:0x00000000  x0:0x00000000 x22=0x00000000
      143495000	     14250	80008314	03470db3	mul	x27,x14,x20	 x14:0x00000180 x20:0xffffffff x27=0xfffffe80
      143535000	     14254	80008318	032ba9b3	mulhsu	x19,x23,x18	 x23:0x00000000 x18:0x00000010 x19=0x00000000
      143545000	     14255	8000831c	340023f3	csrrs	x7,mscratch,x0	  x0:0x00000000  x7=0xffffffff
      143555000	     14256	80008320	34025773	csrrwi	x14,mscratch,4	 x14=0xffffffff
      143565000	     14257	80008324	4f09	c.li	x30,2	 x30=0x00000002
      143575000	     14258	80008326	009a5593	srli	x11,x20,0x9	 x20:0xffffffff x11=0x007fffff
      143585000	     14259	8000832a	34006373	csrrsi	x6,mscratch,0	  x6=0x00000004
      143955000	     14296	8000832e	03405733	divu	x14,x0,x20	  x0:0x00000000 x20:0xffffffff x14=0x00000000
      143965000	     14297	80008332	0000100f	fence.i	
      143995000	     14300	80008336	00585ab3	srl	x21,x16,x5	 x16:0x00000000  x5:0x00000000 x21=0x00000000
      144005000	     14301	8000833a	34019873	csrrw	x16,mscratch,x3	  x3:0x0001d000 x16=0x00000004
      144045000	     14305	8000833e	02fb25b3	mulhsu	x11,x22,x15	 x22:0x00000000 x15:0x00025cf4 x11=0x00000000
      144055000	     14306	80008342	01c7da33	srl	x20,x15,x28	 x15:0x00025cf4 x28:0x80021e64 x20=0x000025cf
      144065000	     14307	80008346	0085f533	and	x10,x11,x8	 x11:0x00000000  x8:0x80000000 x10=0x00000000
      144075000	     14308	8000834a	034cf163	bgeu	x25,x20,8000836c	 x25:0x00000000 x20:0x000025cf
      144085000	     14309	8000834e	34002af3	csrrs	x21,mscratch,x0	  x0:0x00000000 x21=0x0001d000
      144095000	     14310	80008352	d0b38b93	addi	x23,x7,-757	  x7:0xffffffff x23=0xfffffd0a
      144105000	     14311	80008356	8ccef793	andi	x15,x29,-1844	 x29:0x0000003a x15=0x00000008
      144115000	     14312	8000835a	02a09e63	bne	x1,x10,80008396	  x1:0x00000000 x10:0x00000000
      144125000	     14313	8000835e	3401af73	csrrs	x30,mscratch,x3	  x3:0x0001d000 x30=0x0001d000
      144135000	     14314	80008362	07c2	c.slli	x15,0x10	 x15:0x00000008 x15=0x00080000
      144175000	     14318	80008364	0344acb3	mulhsu	x25,x9,x20	  x9:0x00000000 x20:0x000025cf x25=0x00000000
      144185000	     14319	80008368	00b8ba33	sltu	x20,x17,x11	 x17:0x00000000 x11:0x00000000 x20=0x00000000
      144195000	     14320	8000836c	8d91	c.sub	x11,x12	 x11:0x00000000 x12:0x80025ce4 x11=0x7ffda31c
      144205000	     14321	8000836e	340a1ff3	csrrw	x31,mscratch,x20	 x20:0x00000000 x31=0x0001d000
      144215000	     14322	80008372	011681b3	add	x3,x13,x17	 x13:0xffffffff x17:0x00000000  x3=0xffffffff
      144225000	     14323	80008376	01f7ffb3	and	x31,x15,x31	 x15:0x00080000 x31:0x0001d000 x31=0x00000000
      144235000	     14324	8000837a	0064c4b3	xor	x9,x9,x6	  x9:0x00000000  x6:0x00000004  x9=0x00000004
      144245000	     14325	8000837e	00d99e93	slli	x29,x19,0xd	 x19:0x00000000 x29=0x00000000
      144255000	     14326	80008382	0000100f	fence.i	
      144275000	     14328	80008386	8e89	c.sub	x13,x10	 x13:0xffffffff x10:0x00000000 x13=0xffffffff
      144285000	     14329	80008388	8f0d	c.sub	x14,x11	 x14:0x00000000 x11:0x7ffda31c x14=0x80025ce4
      144295000	     14330	8000838a	8119	c.srli	x10,0x6	 x10:0x00000000 x10=0x00000000
      144305000	     14331	8000838c	41662b17	auipc	x22,0x41662	 x22=0xc166a38c
      144315000	     14332	80008390	02827963	bgeu	x4,x8,800083c2	  x4:0xc16542fc  x8:0x80000000
      144345000	     14335	800083c2	01a38cb3	add	x25,x7,x26	  x7:0xffffffff x26:0x80021e64 x25=0x80021e63
      144385000	     14339	800083c6	02c31d33	mulh	x26,x6,x12	  x6:0x00000004 x12:0x80025ce4 x26=0xfffffffe
      144395000	     14340	800083ca	14fd	c.addi	x9,-1	  x9:0x00000004  x9=0x00000003
      144405000	     14341	800083cc	0001	c.addi	x0,0	  x0:0x00000000  x0=0x00000000
      144415000	     14342	800083ce	717d	c.addi16sp	x2,-16	  x2:0x910a3000  x2=0x910a2ff0
      144425000	     14343	800083d0	00cd60b3	or	x1,x26,x12	 x26:0xfffffffe x12:0x80025ce4  x1=0xfffffffe
      144435000	     14344	800083d4	8ff5	c.and	x15,x13	 x15:0x00080000 x13:0xffffffff x15=0x00080000
      144445000	     14345	800083d6	0177feb3	and	x29,x15,x23	 x15:0x00080000 x23:0xfffffd0a x29=0x00080000
      144455000	     14346	800083da	e23f8d13	addi	x26,x31,-477	 x31:0x00000000 x26=0xfffffe23
      144465000	     14347	800083de	0000100f	fence.i	
      144525000	     14353	800083e2	02e51eb3	mulh	x29,x10,x14	 x10:0x00000000 x14:0x80025ce4 x29=0x00000000
      144535000	     14354	800083e6	01271463	bne	x14,x18,800083ee	 x14:0x80025ce4 x18:0x00000010
      144565000	     14357	800083ee	0037b933	sltu	x18,x15,x3	 x15:0x00080000  x3:0xffffffff x18=0x00000001
      144605000	     14361	800083f2	0374ac33	mulhsu	x24,x9,x23	  x9:0x00000003 x23:0xfffffd0a x24=0x00000002
      144615000	     14362	800083f6	c189	c.beqz	x11,800083f8	 x11:0x7ffda31c
      144625000	     14363	800083f8	340f18f3	csrrw	x17,mscratch,x30	 x30:0x0001d000 x17=0x00000000
      144635000	     14364	800083fc	02245563	bge	x8,x2,80008426	  x8:0x80000000  x2:0x910a2ff0
      144675000	     14368	80008400	02e4beb3	mulhu	x29,x9,x14	  x9:0x00000003 x14:0x80025ce4 x29=0x00000001
      144685000	     14369	80008404	01aa67b3	or	x15,x20,x26	 x20:0x00000000 x26:0xfffffe23 x15=0xfffffe23
      144695000	     14370	80008408	0001	c.addi	x0,0	  x0:0x00000000  x0=0x00000000
      144705000	     14371	8000840a	00c48fb3	add	x31,x9,x12	  x9:0x00000003 x12:0x80025ce4 x31=0x80025ce7
      145075000	     14408	8000840e	0294f733	remu	x14,x9,x9	  x9:0x00000003  x9:0x00000003 x14=0x00000000
      145095000	     14410	80008412	0202e7b3	rem	x15,x5,x0	  x5:0x00000000  x0:0x00000000 x15=0x00000000
      145105000	     14411	80008416	0001	c.addi	x0,0	  x0:0x00000000  x0=0x00000000
      145115000	     14412	80008418	8b8d	c.andi	x15,3	 x15:0x00000000 x15=0x00000000
      145485000	     14449	8000841a	026ad9b3	divu	x19,x21,x6	 x21:0x0001d000  x6:0x00000004 x19=0x00007400
      145495000	     14450	8000841e	01b8c563	blt	x17,x27,80008428	 x17:0x00000000 x27:0xfffffe80
      145505000	     14451	80008422	03d18563	beq	x3,x29,8000844c	  x3:0xffffffff x29:0x00000001
      145515000	     14452	80008426	717d	c.addi16sp	x2,-16	  x2:0x910a2ff0  x2=0x910a2fe0
      145525000	     14453	80008428	0086cb33	xor	x22,x13,x8	 x13:0xffffffff  x8:0x80000000 x22=0x7fffffff
      145535000	     14454	8000842c	613d	c.addi16sp	x2,480	  x2:0x910a2fe0  x2=0x910a31c0
      145905000	     14491	8000842e	02894833	div	x16,x18,x8	 x18:0x00000001  x8:0x80000000 x16=0x00000000
      145915000	     14492	80008432	0252	c.slli	x4,0x14	  x4:0xc16542fc  x4=0x2fc00000
      145925000	     14493	80008434	0001	c.addi	x0,0	  x0:0x00000000  x0=0x00000000
      145935000	     14494	80008436	83eba013	slti	x0,x23,-1986	 x23:0xfffffd0a  x0=0x00000000
      145945000	     14495	8000843a	8fad	c.xor	x15,x11	 x15:0x00000000 x11:0x7ffda31c x15=0x7ffda31c
      145955000	     14496	8000843c	31946913	ori	x18,x8,793	  x8:0x80000000 x18=0x80000319
      145965000	     14497	80008440	011fcc63	blt	x31,x17,80008458	 x31:0x80025ce7 x17:0x00000000
      145985000	     14499	80008458	002f82b3	add	x5,x31,x2	 x31:0x80025ce7  x2:0x910a31c0  x5=0x110c8ea7
      145995000	     14500	8000845c	0ff0000f	fence	iorw,iorw	
      146005000	     14501	80008460	00cc0333	add	x6,x24,x12	 x24:0x00000002 x12:0x80025ce4  x6=0x80025ce6
      146015000	     14502	80008464	01025fb3	srl	x31,x4,x16	  x4:0x2fc00000 x16:0x00000000 x31=0x2fc00000
      146025000	     14503	80008468	00831e93	slli	x29,x6,0x8	  x6:0x80025ce6 x29=0x025ce600
      146035000	     14504	8000846c	c089	c.beqz	x9,8000846e	  x9:0x00000003
      146045000	     14505	8000846e	01cad893	srli	x17,x21,0x1c	 x21:0x0001d000 x17=0x00000000
      146055000	     14506	80008472	02bed363	bge	x29,x11,80008498	 x29:0x025ce600 x11:0x7ffda31c
      146065000	     14507	80008476	05764463	blt	x12,x23,800084be	 x12:0x80025ce4 x23:0xfffffd0a
      146455000	     14546	800084be	02227c33	remu	x24,x4,x2	  x4:0x2fc00000  x2:0x910a31c0 x24=0x2fc00000
      146465000	     14547	800084c2	cf8d6317	auipc	x6,0xcf8d6	  x6=0x4f8de4c2
      146475000	     14548	800084c6	61e1	c.lui	x3,0x18	  x3=0x00018000
      146485000	     14549	800084c8	b8874293	xori	x5,x14,-1144	 x14:0x00000000  x5=0xfffffb88
      146495000	     14550	800084cc	0918	c.addi4spn	x14,x2,144	 x14=0x910a3250
      146505000	     14551	800084ce	615d	c.addi16sp	x2,432	  x2:0x910a31c0  x2=0x910a3370
      146515000	     14552	800084d0	0033d313	srli	x6,x7,0x3	  x7:0xffffffff  x6=0x1fffffff
      146525000	     14553	800084d4	58fd	c.li	x17,-1	 x17=0xffffffff
      146535000	     14554	800084d6	1ffd	c.addi	x31,-1	 x31:0x2fc00000 x31=0x2fbfffff
      146545000	     14555	800084d8	3403d373	csrrwi	x6,mscratch,7	  x6=0x0001d000
      146555000	     14556	800084dc	0207cf63	blt	x15,x0,8000851a	 x15:0x7ffda31c  x0:0x00000000
      146565000	     14557	800084e0	340026f3	csrrs	x13,mscratch,x0	  x0:0x00000000 x13=0x00000007
      146575000	     14558	800084e4	0001	c.addi	x0,0	  x0:0x00000000  x0=0x00000000
      146585000	     14559	800084e6	8d59	c.or	x10,x14	 x10:0x00000000 x14:0x910a3250 x10=0x910a3250
      146595000	     14560	800084e8	8591	c.srai	x11,0x4	 x11:0x7ffda31c x11=0x07ffda31
      146605000	     14561	800084ea	8f29	c.xor	x14,x10	 x14:0x910a3250 x10:0x910a3250 x14=0x00000000
      146615000	     14562	800084ec	009a88b3	add	x17,x21,x9	 x21:0x0001d000  x9:0x00000003 x17=0x0001d003
      146655000	     14566	800084f0	022523b3	mulhsu	x7,x10,x2	 x10:0x910a3250  x2:0x910a3370  x7=0xc1225a99
      146665000	     14567	800084f4	03574f63	blt	x14,x21,80008532	 x14:0x00000000 x21:0x0001d000
      146695000	     14570	80008532	0ff0000f	fence	iorw,iorw	
      146705000	     14571	80008536	34052a73	csrrs	x20,mscratch,x10	 x10:0x910a3250 x20=0x00000007
      146715000	     14572	8000853a	8d45	c.or	x10,x9	 x10:0x910a3250  x9:0x00000003 x10=0x910a3253
      146725000	     14573	8000853c	00c99793	slli	x15,x19,0xc	 x19:0x00007400 x15=0x07400000
      146735000	     14574	80008540	7fbdec13	ori	x24,x27,2043	 x27:0xfffffe80 x24=0xfffffffb
      146745000	     14575	80008544	340072f3	csrrci	x5,mscratch,0	  x5=0x910a3257
      146755000	     14576	80008548	af02a693	slti	x13,x5,-1296	  x5:0x910a3257 x13=0x00000001
      146795000	     14580	8000854c	0289bb33	mulhu	x22,x19,x8	 x19:0x00007400  x8:0x80000000 x22=0x00003a00
      146805000	     14581	80008550	3407f273	csrrci	x4,mscratch,15	  x4=0x910a3257
      146815000	     14582	80008554	03658663	beq	x11,x22,80008580	 x11:0x07ffda31 x22:0x00003a00
      146825000	     14583	80008558	82b5	c.srli	x13,0xd	 x13:0x00000001 x13=0x00000000
      146835000	     14584	8000855a	cdb3e993	ori	x19,x7,-805	  x7:0xc1225a99 x19=0xfffffedb
      146845000	     14585	8000855e	340026f3	csrrs	x13,mscratch,x0	  x0:0x00000000 x13=0x910a3250
      146855000	     14586	80008562	18fd	c.addi	x17,-1	 x17:0x0001d003 x17=0x0001d002
      146865000	     14587	80008564	fd62ca13	xori	x20,x5,-42	  x5:0x910a3257 x20=0x6ef5cd81
      146875000	     14588	80008568	f1afdd17	auipc	x26,0xf1afd	 x26=0x71b05568
      146885000	     14589	8000856c	00c45533	srl	x10,x8,x12	  x8:0x80000000 x12:0x80025ce4 x10=0x08000000
      146895000	     14590	80008570	6391	c.lui	x7,0x4	  x7=0x00004000
      146905000	     14591	80008572	00b37c63	bgeu	x6,x11,8000858a	  x6:0x0001d000 x11:0x07ffda31
      146915000	     14592	80008576	340c1cf3	csrrw	x25,mscratch,x24	 x24:0xfffffffb x25=0x910a3250
      146925000	     14593	8000857a	1308	c.addi4spn	x10,x2,416	 x10=0x910a3510
      146935000	     14594	8000857c	008c7263	bgeu	x24,x8,80008580	 x24:0xfffffffb  x8:0x80000000
      146955000	     14596	80008580	01dbb933	sltu	x18,x23,x29	 x23:0xfffffd0a x29:0x025ce600 x18=0x00000000
      146965000	     14597	80008584	027bff63	bgeu	x23,x7,800085c2	 x23:0xfffffd0a  x7:0x00004000
      146995000	     14600	800085c2	0000100f	fence.i	
      147015000	     14602	800085c6	0ca6	c.slli	x25,0x9	 x25:0x910a3250 x25=0x1464a000
      147025000	     14603	800085c8	340db773	csrrc	x14,mscratch,x27	 x27:0xfffffe80 x14=0xfffffffb
      147035000	     14604	800085cc	340921f3	csrrs	x3,mscratch,x18	 x18:0x00000000  x3=0x0000017b
      147045000	     14605	800085d0	8f39	c.xor	x14,x14	 x14:0xfffffffb x14:0xfffffffb x14=0x00000000
      147055000	     14606	800085d2	03404e63	blt	x0,x20,8000860e	  x0:0x00000000 x20:0x6ef5cd81
      147085000	     14609	8000860e	00fb4eb3	xor	x29,x22,x15	 x22:0x00003a00 x15:0x07400000 x29=0x07403a00
      147095000	     14610	80008612	8cfa	c.mv	x25,x30	  x0:0x00000000 x30:0x0001d000 x25=0x0001d000
      147105000	     14611	80008614	0ff0000f	fence	iorw,iorw	
      147115000	     14612	80008618	01e6d993	srli	x19,x13,0x1e	 x13:0x910a3250 x19=0x00000002
      147125000	     14613	8000861c	340ce6f3	csrrsi	x13,mscratch,25	 x13=0x0000017b
      147135000	     14614	80008620	0ec6	c.slli	x29,0x11	 x29:0x07403a00 x29=0x74000000
      147145000	     14615	80008622	a3902593	slti	x11,x0,-1479	  x0:0x00000000 x11=0x00000000
      147155000	     14616	80008626	8e89	c.sub	x13,x10	 x13:0x0000017b x10:0x910a3510 x13=0x6ef5cc6b
      147165000	     14617	80008628	8d09	c.sub	x10,x10	 x10:0x910a3510 x10:0x910a3510 x10=0x00000000
      147175000	     14618	8000862a	830d	c.srli	x14,0x3	 x14:0x00000000 x14=0x00000000
      147185000	     14619	8000862c	0ee5	c.addi	x29,25	 x29:0x74000000 x29=0x74000019
      147205000	     14621	8000862e	032663b3	rem	x7,x12,x18	 x12:0x80025ce4 x18:0x00000000  x7=0x80025ce4
      147215000	     14622	80008632	002de833	or	x16,x27,x2	 x27:0xfffffe80  x2:0x910a3370 x16=0xfffffff0
      147225000	     14623	80008636	0043a3b3	slt	x7,x7,x4	  x7:0x80025ce4  x4:0x910a3257  x7=0x00000001
      147235000	     14624	8000863a	340b71f3	csrrci	x3,mscratch,22	  x3=0x0000017b
      147245000	     14625	8000863e	34096873	csrrsi	x16,mscratch,18	 x16=0x00000169
      147255000	     14626	80008642	831d	c.srli	x14,0x7	 x14:0x00000000 x14=0x00000000
      147265000	     14627	80008644	007b7563	bgeu	x22,x7,8000864e	 x22:0x00003a00  x7:0x00000001
      147295000	     14630	8000864e	1beb4313	xori	x6,x22,446	 x22:0x00003a00  x6=0x00003bbe
      147305000	     14631	80008652	6cd9	c.lui	x25,0x16	 x25=0x00016000
      147315000	     14632	80008654	01e40b93	addi	x23,x8,30	  x8:0x80000000 x23=0x8000001e
      147325000	     14633	80008658	0ff0000f	fence	iorw,iorw	
      147335000	     14634	8000865c	02709263	bne	x1,x7,80008680	  x1:0xfffffffe  x7:0x00000001
      147355000	     14636	80008680	0ef5	c.addi	x29,29	 x29:0x74000019 x29=0x74000036
      147365000	     14637	80008682	82ad	c.srli	x13,0xb	 x13:0x6ef5cc6b x13=0x000ddeb9
      147375000	     14638	80008684	015dd133	srl	x2,x27,x21	 x27:0xfffffe80 x21:0x0001d000  x2=0xfffffe80
      147385000	     14639	80008688	8e89	c.sub	x13,x10	 x13:0x000ddeb9 x10:0x00000000 x13=0x000ddeb9
      147395000	     14640	8000868a	88a1	c.andi	x9,8	  x9:0x00000003  x9=0x00000000
      147765000	     14677	8000868c	023df333	remu	x6,x27,x3	 x27:0xfffffe80  x3:0x0000017b  x6=0x000000c6
      147775000	     14678	80008690	34006af3	csrrsi	x21,mscratch,0	 x21=0x0000017b
      147785000	     14679	80008694	0004e833	or	x16,x9,x0	  x9:0x00000000  x0:0x00000000 x16=0x00000000
      147795000	     14680	80008698	cd11	c.beqz	x10,800086b4	 x10:0x00000000
      147815000	     14682	800086b4	89f5	c.andi	x11,29	 x11:0x00000000 x11=0x00000000
      147825000	     14683	800086b6	00f1bc33	sltu	x24,x3,x15	  x3:0x0000017b x15:0x07400000 x24=0x00000001
      147835000	     14684	800086ba	006167b3	or	x15,x2,x6	  x2:0xfffffe80  x6:0x000000c6 x15=0xfffffec6
      147845000	     14685	800086be	011b9463	bne	x23,x17,800086c6	 x23:0x8000001e x17:0x0001d002
      147875000	     14688	800086c6	4016db93	srai	x23,x13,0x1	 x13:0x000ddeb9 x23=0x0006ef5c
      147885000	     14689	800086ca	8d65	c.and	x10,x9	 x10:0x00000000  x9:0x00000000 x10=0x00000000
      147895000	     14690	800086cc	8f9d	c.sub	x15,x15	 x15:0xfffffec6 x15:0xfffffec6 x15=0x00000000
      148265000	     14727	800086ce	03d94c33	div	x24,x18,x29	 x18:0x00000000 x29:0x74000036 x24=0x00000000
      148275000	     14728	800086d2	0001	c.addi	x0,0	  x0:0x00000000  x0=0x00000000
      148285000	     14729	800086d4	002df6b3	and	x13,x27,x2	 x27:0xfffffe80  x2:0xfffffe80 x13=0xfffffe80
      148295000	     14730	800086d8	03a41463	bne	x8,x26,80008700	  x8:0x80000000 x26:0x71b05568
      148315000	     14732	80008700	11702093	slti	x1,x0,279	  x0:0x00000000  x1=0x00000001
      148325000	     14733	80008704	340860f3	csrrsi	x1,mscratch,16	  x1=0x0000017b
      148335000	     14734	80008708	40975f93	srai	x31,x14,0x9	 x14:0x00000000 x31=0x00000000
      148345000	     14735	8000870c	34079ef3	csrrw	x29,mscratch,x15	 x15:0x00000000 x29=0x0000017b
      148355000	     14736	80008710	eb0d	c.bnez	x14,80008742	 x14:0x00000000
      148365000	     14737	80008712	8092fa93	andi	x21,x5,-2039	  x5:0x910a3257 x21=0x910a3001
      148375000	     14738	80008716	9cee	c.add	x25,x27	 x25:0x00016000 x27:0xfffffe80 x25=0x00015e80
      148745000	     14775	80008718	024d74b3	remu	x9,x26,x4	 x26:0x71b05568  x4:0x910a3257  x9=0x71b05568
      148755000	     14776	8000871c	03fc6663	bltu	x24,x31,80008748	 x24:0x00000000 x31:0x00000000
      148765000	     14777	80008720	0054d193	srli	x3,x9,0x5	  x9:0x71b05568  x3=0x038d82ab
      148775000	     14778	80008724	0001	c.addi	x0,0	  x0:0x00000000  x0=0x00000000
      148815000	     14782	80008726	035abd33	mulhu	x26,x21,x21	 x21:0x910a3001 x21:0x910a3001 x26=0x522c8ac8
      148825000	     14783	8000872a	00140a63	beq	x8,x1,8000873e	  x8:0x80000000  x1:0x0000017b
      148835000	     14784	8000872e	34003cf3	csrrc	x25,mscratch,x0	  x0:0x00000000 x25=0x00000000
      148845000	     14785	80008732	68f5	c.lui	x17,0x1d	 x17=0x0001d000
      148855000	     14786	80008734	011482b3	add	x5,x9,x17	  x9:0x71b05568 x17:0x0001d000  x5=0x71b22568
      148865000	     14787	80008738	8fa9	c.xor	x15,x10	 x15:0x00000000 x10:0x00000000 x15=0x00000000
      148875000	     14788	8000873a	0066ecb3	or	x25,x13,x6	 x13:0xfffffe80  x6:0x000000c6 x25=0xfffffec6
      148885000	     14789	8000873e	01cefbb3	and	x23,x29,x28	 x29:0x0000017b x28:0x80021e64 x23=0x00000060
      148925000	     14793	80008742	02039c33	mulh	x24,x7,x0	  x7:0x00000001  x0:0x00000000 x24=0x00000000
      148935000	     14794	80008746	8f4d	c.or	x14,x11	 x14:0x00000000 x11:0x00000000 x14=0x00000000
      148945000	     14795	80008748	0001	c.addi	x0,0	  x0:0x00000000  x0=0x00000000
      148955000	     14796	8000874a	34011b73	csrrw	x22,mscratch,x2	  x2:0xfffffe80 x22=0x00000000
      148965000	     14797	8000874e	01e31f93	slli	x31,x6,0x1e	  x6:0x000000c6 x31=0x80000000
      148975000	     14798	80008752	05fcc563	blt	x25,x31,8000879c	 x25:0xfffffec6 x31:0x80000000
      148985000	     14799	80008756	eea8d5b7	lui	x11,0xeea8d	 x11=0xeea8d000
      148995000	     14800	8000875a	00eee463	bltu	x29,x14,80008762	 x29:0x0000017b x14:0x00000000
      149035000	     14804	8000875e	0371bfb3	mulhu	x31,x3,x23	  x3:0x038d82ab x23:0x00000060 x31=0x00000001
      149045000	     14805	80008762	40d5d513	srai	x10,x11,0xd	 x11:0xeea8d000 x10=0xffff7546
      149055000	     14806	80008766	e705	c.bnez	x14,8000878e	 x14:0x00000000
      149065000	     14807	80008768	c916c013	xori	x0,x13,-879	 x13:0xfffffe80  x0=0x00000000
      149075000	     14808	8000876c	00d26fb3	or	x31,x4,x13	  x4:0x910a3257 x13:0xfffffe80 x31=0xfffffed7
      149085000	     14809	80008770	01f65663	bge	x12,x31,8000877c	 x12:0x80025ce4 x31:0xfffffed7
      149095000	     14810	80008774	02a20163	beq	x4,x10,80008796	  x4:0x910a3257 x10:0xffff7546
      149105000	     14811	80008778	00c0cd63	blt	x1,x12,80008792	  x1:0x0000017b x12:0x80025ce4
      149475000	     14848	8000877c	02d26133	rem	x2,x4,x13	  x4:0x910a3257 x13:0xfffffe80  x2=0xfffffed7
      149485000	     14849	80008780	3408eef3	csrrsi	x29,mscratch,17	 x29=0xfffffe80
      149495000	     14850	80008784	db496213	ori	x4,x18,-588	 x18:0x00000000  x4=0xfffffdb4
      149505000	     14851	80008788	8fc1	c.or	x15,x8	 x15:0x00000000  x8:0x80000000 x15=0x80000000
      149545000	     14855	8000878a	03f9a833	mulhsu	x16,x19,x31	 x19:0x00000002 x31:0xfffffed7 x16=0x00000001
      149555000	     14856	8000878e	40e15d13	srai	x26,x2,0xe	  x2:0xfffffed7 x26=0xffffffff
      149925000	     14893	80008792	02717b33	remu	x22,x2,x7	  x2:0xfffffed7  x7:0x00000001 x22=0x00000000
      149965000	     14897	80008796	02eebdb3	mulhu	x27,x29,x14	 x29:0xfffffe80 x14:0x00000000 x27=0x00000000
      149975000	     14898	8000879a	17fd	c.addi	x15,-1	 x15:0x80000000 x15=0x7fffffff
      150015000	     14902	8000879c	02cb2fb3	mulhsu	x31,x22,x12	 x22:0x00000000 x12:0x80025ce4 x31=0x00000000
      150025000	     14903	800087a0	011c1fb3	sll	x31,x24,x17	 x24:0x00000000 x17:0x0001d000 x31=0x00000000
      150035000	     14904	800087a4	0317e563	bltu	x15,x17,800087ce	 x15:0x7fffffff x17:0x0001d000
      150045000	     14905	800087a8	8eb9	c.xor	x13,x14	 x13:0xfffffe80 x14:0x00000000 x13=0xfffffe80
      150055000	     14906	800087aa	10fd	c.addi	x1,-1	  x1:0x0000017b  x1=0x0000017a
      150065000	     14907	800087ac	73045d97	auipc	x27,0x73045	 x27=0xf304d7ac
      150075000	     14908	800087b0	01844d33	xor	x26,x8,x24	  x8:0x80000000 x24:0x00000000 x26=0x80000000
      150085000	     14909	800087b4	340fdd73	csrrwi	x26,mscratch,31	 x26=0xfffffe91
      150095000	     14910	800087b8	9431c893	xori	x17,x3,-1725	  x3:0x038d82ab x17=0xfc727be8
      150105000	     14911	800087bc	e319	c.bnez	x14,800087c2	 x14:0x00000000
      150115000	     14912	800087be	34006973	csrrsi	x18,mscratch,0	 x18=0x0000001f
      150125000	     14913	800087c2	0027c663	blt	x15,x2,800087ce	 x15:0x7fffffff  x2:0xfffffed7
      150135000	     14914	800087c6	01351c93	slli	x25,x10,0x13	 x10:0xffff7546 x25=0xaa300000
      150175000	     14918	800087ca	02103833	mulhu	x16,x0,x1	  x0:0x00000000  x1:0x0000017a x16=0x00000000
      150185000	     14919	800087ce	e709	c.bnez	x14,800087d8	 x14:0x00000000
      150215000	     14922	800087d0	02dc87b3	mul	x15,x25,x13	 x25:0xaa300000 x13:0xfffffe80 x15=0xb8000000
      150225000	     14923	800087d4	340639f3	csrrc	x19,mscratch,x12	 x12:0x80025ce4 x19=0x0000001f
      150265000	     14927	800087d8	0306a533	mulhsu	x10,x13,x16	 x13:0xfffffe80 x16:0x00000000 x10=0x00000000
      150305000	     14931	800087dc	036793b3	mulh	x7,x15,x22	 x15:0xb8000000 x22:0x00000000  x7=0x00000000
      150315000	     14932	800087e0	34015973	csrrwi	x18,mscratch,2	 x18=0x0000001b
      150325000	     14933	800087e4	62d43b93	sltiu	x23,x8,1581	  x8:0x80000000 x23=0x00000000
      150335000	     14934	800087e8	639ba293	slti	x5,x23,1593	 x23:0x00000000  x5=0x00000001
      150705000	     14971	800087ec	029aedb3	rem	x27,x21,x9	 x21:0x910a3001  x9:0x71b05568 x27=0x910a3001
      150715000	     14972	800087f0	34061d73	csrrw	x26,mscratch,x12	 x12:0x80025ce4 x26=0x00000002
      150755000	     14976	800087f4	038f1ab3	mulh	x21,x30,x24	 x30:0x0001d000 x24:0x00000000 x21=0x00000000
      150765000	     14977	800087f8	8d85	c.sub	x11,x9	 x11:0xeea8d000  x9:0x71b05568 x11=0x7cf87a98
      150775000	     14978	800087fa	a62c6a13	ori	x20,x24,-1438	 x24:0x00000000 x20=0xfffffa62
      150785000	     14979	800087fe	8f95	c.sub	x15,x13	 x15:0xb8000000 x13:0xfffffe80 x15=0xb8000180
      150795000	     14980	80008800	40415cb3	sra	x25,x2,x4	  x2:0xfffffed7  x4:0xfffffdb4 x25=0xffffffff
      150805000	     14981	80008804	8f7d	c.and	x14,x15	 x14:0x00000000 x15:0xb8000180 x14=0x00000000
      150815000	     14982	80008806	8fb1	c.xor	x15,x12	 x15:0xb8000180 x12:0x80025ce4 x15=0x38025d64
      150825000	     14983	80008808	00368263	beq	x13,x3,8000880c	 x13:0xfffffe80  x3:0x038d82ab
      150835000	     14984	8000880c	40f8dbb3	sra	x23,x17,x15	 x17:0xfc727be8 x15:0x38025d64 x23=0xffc727be
      151205000	     15021	80008810	03336db3	rem	x27,x6,x19	  x6:0x000000c6 x19:0x0000001f x27=0x0000000c
      151215000	     15022	80008814	0b75	c.addi	x22,29	 x22:0x00000000 x22=0x0000001d
      151225000	     15023	80008816	00c9f533	and	x10,x19,x12	 x19:0x0000001f x12:0x80025ce4 x10=0x00000004
      151235000	     15024	8000881a	8f51	c.or	x14,x12	 x14:0x00000000 x12:0x80025ce4 x14=0x80025ce4
      151245000	     15025	8000881c	01f61c93	slli	x25,x12,0x1f	 x12:0x80025ce4 x25=0x00000000
      151255000	     15026	80008820	34003c73	csrrc	x24,mscratch,x0	  x0:0x00000000 x24=0x80025ce4
      151265000	     15027	80008824	0000100f	fence.i	
      151285000	     15029	80008828	0009d4b3	srl	x9,x19,x0	 x19:0x0000001f  x0:0x00000000  x9=0x0000001f
      151295000	     15030	8000882c	00cefcb3	and	x25,x29,x12	 x29:0xfffffe80 x12:0x80025ce4 x25=0x80025c80
      151305000	     15031	80008830	84fd	c.srai	x9,0x1f	  x9:0x0000001f  x9=0x00000000
      151315000	     15032	80008832	c319	c.beqz	x14,80008838	 x14:0x80025ce4
      151325000	     15033	80008834	8e222713	slti	x14,x4,-1822	  x4:0xfffffdb4 x14=0x00000000
      151335000	     15034	80008838	34287d13	andi	x26,x16,834	 x16:0x00000000 x26=0x00000000
      151345000	     15035	8000883c	34031b73	csrrw	x22,mscratch,x6	  x6:0x000000c6 x22=0x80025ce4
      151355000	     15036	80008840	4003da33	sra	x20,x7,x0	  x7:0x00000000  x0:0x00000000 x20=0x00000000
      151365000	     15037	80008844	48cd	c.li	x17,19	 x17=0x00000013
      151375000	     15038	80008846	1cfd	c.addi	x25,-1	 x25:0x80025c80 x25=0x80025c7f
      151385000	     15039	80008848	823a	c.mv	x4,x14	  x0:0x00000000 x14:0x00000000  x4=0x00000000
      151395000	     15040	8000884a	cf05	c.beqz	x14,80008882	 x14:0x00000000
      151425000	     15043	80008882	01422a33	slt	x20,x4,x20	  x4:0x00000000 x20:0x00000000 x20=0x00000000
      151435000	     15044	80008886	01227db3	and	x27,x4,x18	  x4:0x00000000 x18:0x0000001b x27=0x00000000
      151445000	     15045	8000888a	40608db3	sub	x27,x1,x6	  x1:0x0000017a  x6:0x000000c6 x27=0x000000b4
      151475000	     15048	8000888e	02008033	mul	x0,x1,x0	  x1:0x0000017a  x0:0x00000000  x0=0x00000000
      151485000	     15049	80008892	340077f3	csrrci	x15,mscratch,0	 x15=0x000000c6
      151495000	     15050	80008896	cd01	c.beqz	x10,800088ae	 x10:0x00000004
      151505000	     15051	80008898	99f6	c.add	x19,x29	 x19:0x0000001f x29:0xfffffe80 x19=0xfffffe9f
      151515000	     15052	8000889a	049d8563	beq	x27,x9,800088e4	 x27:0x000000b4  x9:0x00000000
      151525000	     15053	8000889e	34007373	csrrci	x6,mscratch,0	  x6=0x000000c6
      151545000	     15055	800088a2	02eaedb3	rem	x27,x21,x14	 x21:0x00000000 x14:0x00000000 x27=0x00000000
      151555000	     15056	800088a6	055dc163	blt	x27,x21,800088e8	 x27:0x00000000 x21:0x00000000
      151565000	     15057	800088aa	014fd463	bge	x31,x20,800088b2	 x31:0x00000000 x20:0x00000000
      151585000	     15059	800088b2	717d	c.addi16sp	x2,-16	  x2:0xfffffed7  x2=0xfffffec7
      151595000	     15060	800088b4	0a358c13	addi	x24,x11,163	 x11:0x7cf87a98 x24=0x7cf87b3b
      151605000	     15061	800088b8	006afb33	and	x22,x21,x6	 x21:0x00000000  x6:0x000000c6 x22=0x00000000
      151615000	     15062	800088bc	6ed48f17	auipc	x30,0x6ed48	 x30=0xeed508bc
      151625000	     15063	800088c0	0299c663	blt	x19,x9,800088ec	 x19:0xfffffe9f  x9:0x00000000
      151645000	     15065	800088ec	1ae2b513	sltiu	x10,x5,430	  x5:0x00000001 x10=0x00000001
      151655000	     15066	800088f0	017abbb3	sltu	x23,x21,x23	 x21:0x00000000 x23:0xffc727be x23=0x00000001
      151665000	     15067	800088f4	e981	c.bnez	x11,80008904	 x11:0x7cf87a98
      151685000	     15069	80008904	0ff0000f	fence	iorw,iorw	
      151695000	     15070	80008908	8ed9	c.or	x13,x14	 x13:0xfffffe80 x14:0x00000000 x13=0xfffffe80
      151705000	     15071	8000890a	0001	c.addi	x0,0	  x0:0x00000000  x0=0x00000000
      151715000	     15072	8000890c	88f5	c.andi	x9,29	  x9:0x00000000  x9=0x00000000
      151725000	     15073	8000890e	9050f813	andi	x16,x1,-1787	  x1:0x0000017a x16=0x00000100
      151735000	     15074	80008912	01aaaf33	slt	x30,x21,x26	 x21:0x00000000 x26:0x00000000 x30=0x00000000
      152105000	     15111	80008916	02cdd233	divu	x4,x27,x12	 x27:0x00000000 x12:0x80025ce4  x4=0x00000000
      152115000	     15112	8000891a	9d5a	c.add	x26,x22	 x26:0x00000000 x22:0x00000000 x26=0x00000000
      152125000	     15113	8000891c	002a1cb3	sll	x25,x20,x2	 x20:0x00000000  x2:0xfffffec7 x25=0x00000000
      152135000	     15114	80008920	006813b3	sll	x7,x16,x6	 x16:0x00000100  x6:0x000000c6  x7=0x00004000
      152175000	     15118	80008924	03e89eb3	mulh	x29,x17,x30	 x17:0x00000013 x30:0x00000000 x29=0x00000000
      152215000	     15122	80008928	0392bb33	mulhu	x22,x5,x25	  x5:0x00000001 x25:0x00000000 x22=0x00000000
      152255000	     15126	8000892c	02c595b3	mulh	x11,x11,x12	 x11:0x7cf87a98 x12:0x80025ce4 x11=0xc184e9fd
      152265000	     15127	80008930	e29d	c.bnez	x13,80008956	 x13:0xfffffe80
      152295000	     15130	80008956	b9739217	auipc	x4,0xb9739	  x4=0x39741956
      152305000	     15131	8000895a	95f2	c.add	x11,x28	 x11:0xc184e9fd x28:0x80021e64 x11=0x41870861
      152315000	     15132	8000895c	01116233	or	x4,x2,x17	  x2:0xfffffec7 x17:0x00000013  x4=0xfffffed7
      152325000	     15133	80008960	8f79	c.and	x14,x14	 x14:0x00000000 x14:0x00000000 x14=0x00000000
      152335000	     15134	80008962	0000100f	fence.i	
      152365000	     15137	80008966	01cd1563	bne	x26,x28,80008970	 x26:0x00000000 x28:0x80021e64
      152385000	     15139	80008970	34003573	csrrc	x10,mscratch,x0	  x0:0x00000000 x10=0x000000c6
      152395000	     15140	80008974	025c4863	blt	x24,x5,800089a4	 x24:0x7cf87b3b  x5:0x00000001
      152405000	     15141	80008978	003cc363	blt	x25,x3,8000897e	 x25:0x00000000  x3:0x038d82ab
      152425000	     15143	8000897e	0bc9	c.addi	x23,18	 x23:0x00000001 x23=0x00000013
      152435000	     15144	80008980	5dfd	c.li	x27,-1	 x27=0xffffffff
      152445000	     15145	80008982	340c6973	csrrsi	x18,mscratch,24	 x18=0x000000c6
      152455000	     15146	80008986	9b690e93	addi	x29,x18,-1610	 x18:0x000000c6 x29=0xfffffa7c
      152465000	     15147	8000898a	0001	c.addi	x0,0	  x0:0x00000000  x0=0x00000000
      152475000	     15148	8000898c	68f5	c.lui	x17,0x1d	 x17=0x0001d000
      152485000	     15149	8000898e	002ed4b3	srl	x9,x29,x2	 x29:0xfffffa7c  x2:0xfffffec7  x9=0x01fffff4
      152495000	     15150	80008992	0001	c.addi	x0,0	  x0:0x00000000  x0=0x00000000
      152525000	     15153	80008994	03ae8b33	mul	x22,x29,x26	 x29:0xfffffa7c x26:0x00000000 x22=0x00000000
      152535000	     15154	80008998	340027f3	csrrs	x15,mscratch,x0	  x0:0x00000000 x15=0x000000de
      152545000	     15155	8000899c	415c51b3	sra	x3,x24,x21	 x24:0x7cf87b3b x21:0x00000000  x3=0x7cf87b3b
      152555000	     15156	800089a0	8f61	c.and	x14,x8	 x14:0x00000000  x8:0x80000000 x14=0x00000000
      152565000	     15157	800089a2	0001	c.addi	x0,0	  x0:0x00000000  x0=0x00000000
      152935000	     15194	800089a4	030ae5b3	rem	x11,x21,x16	 x21:0x00000000 x16:0x00000100 x11=0x00000000
      152945000	     15195	800089a8	4a09	c.li	x20,2	 x20=0x00000002
      152955000	     15196	800089aa	34002af3	csrrs	x21,mscratch,x0	  x0:0x00000000 x21=0x000000de
      152965000	     15197	800089ae	340022f3	csrrs	x5,mscratch,x0	  x0:0x00000000  x5=0x000000de
      152975000	     15198	800089b2	c4a67013	andi	x0,x12,-950	 x12:0x80025ce4  x0=0x00000000
      152985000	     15199	800089b6	0001	c.addi	x0,0	  x0:0x00000000  x0=0x00000000
      152995000	     15200	800089b8	0032c563	blt	x5,x3,800089c2	  x5:0x000000de  x3:0x7cf87b3b
      153025000	     15203	800089c2	00ed5133	srl	x2,x26,x14	 x26:0x00000000 x14:0x00000000  x2=0x00000000
      153035000	     15204	800089c6	0000100f	fence.i	
      153425000	     15243	800089ca	026c64b3	rem	x9,x24,x6	 x24:0x7cf87b3b  x6:0x000000c6  x9=0x00000023
      153465000	     15247	800089ce	0341adb3	mulhsu	x27,x3,x20	  x3:0x7cf87b3b x20:0x00000002 x27=0x00000000
      153475000	     15248	800089d2	005d15b3	sll	x11,x26,x5	 x26:0x00000000  x5:0x000000de x11=0x00000000
      153485000	     15249	800089d6	8f9e	c.mv	x31,x7	  x0:0x00000000  x7:0x00004000 x31=0x00004000
      153495000	     15250	800089d8	8561	c.srai	x10,0x18	 x10:0x000000c6 x10=0x00000000
      153505000	     15251	800089da	0000100f	fence.i	
      153525000	     15253	800089de	8236	c.mv	x4,x13	  x0:0x00000000 x13:0xfffffe80  x4=0xfffffe80
      153565000	     15257	800089e0	02e230b3	mulhu	x1,x4,x14	  x4:0xfffffe80 x14:0x00000000  x1=0x00000000
      153575000	     15258	800089e4	41e7d193	srai	x3,x15,0x1e	 x15:0x000000de  x3=0x00000000
      153585000	     15259	800089e8	0181f9b3	and	x19,x3,x24	  x3:0x00000000 x24:0x7cf87b3b x19=0x00000000
      153595000	     15260	800089ec	01b187b3	add	x15,x3,x27	  x3:0x00000000 x27:0x00000000 x15=0x00000000
      153605000	     15261	800089f0	019cffb3	and	x31,x25,x25	 x25:0x00000000 x25:0x00000000 x31=0x00000000
      153615000	     15262	800089f4	0d75	c.addi	x26,29	 x26:0x00000000 x26=0x0000001d
      153625000	     15263	800089f6	87a5	c.srai	x15,0x9	 x15:0x00000000 x15=0x00000000
      153635000	     15264	800089f8	98fd	c.andi	x9,-1	  x9:0x00000023  x9=0x00000023
      153645000	     15265	800089fa	417f5813	srai	x16,x30,0x17	 x30:0x00000000 x16=0x00000000
      153655000	     15266	800089fe	024d4663	blt	x26,x4,80008a2a	 x26:0x0000001d  x4:0xfffffe80
      154025000	     15303	80008a02	026f45b3	div	x11,x30,x6	 x30:0x00000000  x6:0x000000c6 x11=0x00000000
      154035000	     15304	80008a06	c289	c.beqz	x13,80008a08	 x13:0xfffffe80
      154045000	     15305	80008a08	340077f3	csrrci	x15,mscratch,0	 x15=0x000000de
      154055000	     15306	80008a0c	96f2	c.add	x13,x28	 x13:0xfffffe80 x28:0x80021e64 x13=0x80021ce4
      154065000	     15307	80008a0e	0001	c.addi	x0,0	  x0:0x00000000  x0=0x00000000
      154075000	     15308	80008a10	01173a33	sltu	x20,x14,x17	 x14:0x00000000 x17:0x0001d000 x20=0x00000001
      154085000	     15309	80008a14	417a0b33	sub	x22,x20,x23	 x20:0x00000001 x23:0x00000013 x22=0xffffffee
      154095000	     15310	80008a18	01df1a63	bne	x30,x29,80008a2c	 x30:0x00000000 x29:0xfffffa7c
      154115000	     15312	80008a2c	cb1d6a37	lui	x20,0xcb1d6	 x20=0xcb1d6000
      154155000	     15316	80008a30	0294a033	mulhsu	x0,x9,x9	  x9:0x00000023  x9:0x00000023  x0=0x00000000
      154165000	     15317	80008a34	c0b1	c.beqz	x9,80008a78	  x9:0x00000023
      154175000	     15318	80008a36	9742	c.add	x14,x16	 x14:0x00000000 x16:0x00000000 x14=0x00000000
      154185000	     15319	80008a38	00b0edb3	or	x27,x1,x11	  x1:0x00000000 x11:0x00000000 x27=0x00000000
      154195000	     15320	80008a3c	013dd1b3	srl	x3,x27,x19	 x27:0x00000000 x19:0x00000000  x3=0x00000000
      154205000	     15321	80008a40	0146ac33	slt	x24,x13,x20	 x13:0x80021ce4 x20:0xcb1d6000 x24=0x00000001
      154215000	     15322	80008a44	953e	c.add	x10,x15	 x10:0x00000000 x15:0x000000de x10=0x000000de
      154225000	     15323	80008a46	64a9	c.lui	x9,0xa	  x9=0x0000a000
      154235000	     15324	80008a48	67a5	c.lui	x15,0x9	 x15=0x00009000
      154255000	     15326	80008a4a	03bf4db3	div	x27,x30,x27	 x30:0x00000000 x27:0x00000000 x27=0xffffffff
      154265000	     15327	80008a4e	4168d893	srai	x17,x17,0x16	 x17:0x0001d000 x17=0x00000000
      154275000	     15328	80008a52	013db1b3	sltu	x3,x27,x19	 x27:0xffffffff x19:0x00000000  x3=0x00000000
      154315000	     15332	80008a56	02a69ab3	mulh	x21,x13,x10	 x13:0x80021ce4 x10:0x000000de x21=0xffffff91
      154325000	     15333	80008a5a	df840093	addi	x1,x8,-520	  x8:0x80000000  x1=0x7ffffdf8
      154335000	     15334	80008a5e	340d6873	csrrsi	x16,mscratch,26	 x16=0x000000de
      154345000	     15335	80008a62	3406d573	csrrwi	x10,mscratch,13	 x10=0x000000de
      154355000	     15336	80008a66	6151	c.addi16sp	x2,272	  x2:0x00000000  x2=0x00000110
      154365000	     15337	80008a68	015326b3	slt	x13,x6,x21	  x6:0x000000c6 x21:0xffffff91 x13=0x00000000
      154375000	     15338	80008a6c	00305133	srl	x2,x0,x3	  x0:0x00000000  x3:0x00000000  x2=0x00000000
      154385000	     15339	80008a70	01661013	slli	x0,x12,0x16	 x12:0x80025ce4  x0=0x00000000
      154395000	     15340	80008a74	77e66513	ori	x10,x12,1918	 x12:0x80025ce4 x10=0x80025ffe
      154405000	     15341	80008a78	aff8b593	sltiu	x11,x17,-1281	 x17:0x00000000 x11=0x00000001
      154445000	     15345	80008a7c	02733d33	mulhu	x26,x6,x7	  x6:0x000000c6  x7:0x00004000 x26=0x00000000
      154455000	     15346	80008a80	9e197f93	andi	x31,x18,-1567	 x18:0x000000c6 x31=0x000000c0
      154465000	     15347	80008a84	4059d233	sra	x4,x19,x5	 x19:0x00000000  x5:0x000000de  x4=0x00000000
      154475000	     15348	80008a88	0011dd33	srl	x26,x3,x1	  x3:0x00000000  x1:0x7ffffdf8 x26=0x00000000
      154485000	     15349	80008a8c	34003173	csrrc	x2,mscratch,x0	  x0:0x00000000  x2=0x0000000d
      154855000	     15386	80008a90	038a50b3	divu	x1,x20,x24	 x20:0xcb1d6000 x24:0x00000001  x1=0xcb1d6000
      154865000	     15387	80008a94	8d85	c.sub	x11,x9	 x11:0x00000001  x9:0x0000a000 x11=0xffff6001
      154875000	     15388	80008a96	0066b233	sltu	x4,x13,x6	 x13:0x00000000  x6:0x000000c6  x4=0x00000001
      154885000	     15389	80008a9a	41c28db3	sub	x27,x5,x28	  x5:0x000000de x28:0x80021e64 x27=0x7ffde27a
      154925000	     15393	80008a9e	0377b533	mulhu	x10,x15,x23	 x15:0x00009000 x23:0x00000013 x10=0x00000000
      154935000	     15394	80008aa2	94a2	c.add	x9,x8	  x9:0x0000a000  x8:0x80000000  x9=0x8000a000
      154945000	     15395	80008aa4	0ff0000f	fence	iorw,iorw	
      154955000	     15396	80008aa8	6ac9	c.lui	x21,0x12	 x21=0x00012000
      154965000	     15397	80008aaa	0134cb13	xori	x22,x9,19	  x9:0x8000a000 x22=0x8000a013
      154975000	     15398	80008aae	b0aafc93	andi	x25,x21,-1270	 x21:0x00012000 x25=0x00012000
      155345000	     15435	80008ab2	0375e3b3	rem	x7,x11,x23	 x11:0xffff6001 x23:0x00000013  x7=0xfffffff2
      155355000	     15436	80008ab6	00d660b3	or	x1,x12,x13	 x12:0x80025ce4 x13:0x00000000  x1=0x80025ce4
      155365000	     15437	80008aba	00ced913	srli	x18,x29,0xc	 x29:0xfffffa7c x18=0x000fffff
      155375000	     15438	80008abe	0001	c.addi	x0,0	  x0:0x00000000  x0=0x00000000
      155395000	     15440	80008ac0	02eafdb3	remu	x27,x21,x14	 x21:0x00012000 x14:0x00000000 x27=0x00012000
      155765000	     15477	80008ac4	034bdfb3	divu	x31,x23,x20	 x23:0x00000013 x20:0xcb1d6000 x31=0x00000000
      155775000	     15478	80008ac8	401c0533	sub	x10,x24,x1	 x24:0x00000001  x1:0x80025ce4 x10=0x7ffda31d
      155785000	     15479	80008acc	0000100f	fence.i	
      155805000	     15481	80008ad0	cd09	c.beqz	x10,80008aea	 x10:0x7ffda31d
      155815000	     15482	80008ad2	03a8c263	blt	x17,x26,80008af6	 x17:0x00000000 x26:0x00000000
      155825000	     15483	80008ad6	03248263	beq	x9,x18,80008afa	  x9:0x8000a000 x18:0x000fffff
      155835000	     15484	80008ada	6865	c.lui	x16,0x19	 x16=0x00019000
      155845000	     15485	80008adc	0d95	c.addi	x27,5	 x27:0x00012000 x27=0x00012005
      155885000	     15489	80008ade	03f3a3b3	mulhsu	x7,x7,x31	  x7:0xfffffff2 x31:0x00000000  x7=0x00000000
      155895000	     15490	80008ae2	340f5073	csrrwi	x0,mscratch,30	  x0=0x00000000
      155905000	     15491	80008ae6	8cad	c.xor	x9,x11	  x9:0x8000a000 x11:0xffff6001  x9=0x7fffc001
      155915000	     15492	80008ae8	02b5	c.addi	x5,13	  x5:0x000000de  x5=0x000000eb
      155935000	     15494	80008aea	031d76b3	remu	x13,x26,x17	 x26:0x00000000 x17:0x00000000 x13=0x00000000
      155945000	     15495	80008aee	01885a13	srli	x20,x16,0x18	 x16:0x00019000 x20=0x00000000
      155975000	     15498	80008af2	03938233	mul	x4,x7,x25	  x7:0x00000000 x25:0x00012000  x4=0x00000000
      155985000	     15499	80008af6	01f230b3	sltu	x1,x4,x31	  x4:0x00000000 x31:0x00000000  x1=0x00000000
      155995000	     15500	80008afa	0001	c.addi	x0,0	  x0:0x00000000  x0=0x00000000
      156005000	     15501	80008afc	4c39	c.li	x24,14	 x24=0x0000000e
      156015000	     15502	80008afe	8f51	c.or	x14,x12	 x14:0x00000000 x12:0x80025ce4 x14=0x80025ce4
      156025000	     15503	80008b00	0ff0000f	fence	iorw,iorw	
      156035000	     15504	80008b04	b19fcd13	xori	x26,x31,-1255	 x31:0x00000000 x26=0xfffffb19
      156045000	     15505	80008b08	003cd2b3	srl	x5,x25,x3	 x25:0x00012000  x3:0x00000000  x5=0x00012000
      156055000	     15506	80008b0c	64d1	c.lui	x9,0x14	  x9=0x00014000
      156065000	     15507	80008b0e	0019cdb3	xor	x27,x19,x1	 x19:0x00000000  x1:0x00000000 x27=0x00000000
      156105000	     15511	80008b12	033b1a33	mulh	x20,x22,x19	 x22:0x8000a013 x19:0x00000000 x20=0x00000000
      156115000	     15512	80008b16	41490fb3	sub	x31,x18,x20	 x18:0x000fffff x20:0x00000000 x31=0x000fffff
      156485000	     15549	80008b1a	03f54333	div	x6,x10,x31	 x10:0x7ffda31d x31:0x000fffff  x6=0x000007ff
      156495000	     15550	80008b1e	0ff0000f	fence	iorw,iorw	
      156505000	     15551	80008b22	868d	c.srai	x13,0x3	 x13:0x00000000 x13=0x00000000
      156515000	     15552	80008b24	717d	c.addi16sp	x2,-16	  x2:0x0000000d  x2=0xfffffffd
      156525000	     15553	80008b26	41425e93	srai	x29,x4,0x14	  x4:0x00000000 x29=0x00000000
      156535000	     15554	80008b2a	57fd	c.li	x15,-1	 x15=0xffffffff
      156545000	     15555	80008b2c	0ff0000f	fence	iorw,iorw	
      156555000	     15556	80008b30	8e9d	c.sub	x13,x15	 x13:0x00000000 x15:0xffffffff x13=0x00000001
      156565000	     15557	80008b32	9bfd	c.andi	x15,-1	 x15:0xffffffff x15=0xffffffff
      156575000	     15558	80008b34	717d	c.addi16sp	x2,-16	  x2:0xfffffffd  x2=0xffffffed
      156585000	     15559	80008b36	19fd	c.addi	x19,-1	 x19:0x00000000 x19=0xffffffff
      156595000	     15560	80008b38	014afdb3	and	x27,x21,x20	 x21:0x00012000 x20:0x00000000 x27=0x00000000
      156635000	     15564	80008b3c	02783eb3	mulhu	x29,x16,x7	 x16:0x00019000  x7:0x00000000 x29=0x00000000
      156645000	     15565	80008b40	6ad87b93	andi	x23,x16,1709	 x16:0x00019000 x23=0x00000000
      156655000	     15566	80008b44	34077173	csrrci	x2,mscratch,14	  x2=0x0000001e
      156665000	     15567	80008b48	0359d363	bge	x19,x21,80008b6e	 x19:0xffffffff x21:0x00012000
      156675000	     15568	80008b4c	01d19963	bne	x3,x29,80008b5e	  x3:0x00000000 x29:0x00000000
      156685000	     15569	80008b50	41fa5333	sra	x6,x20,x31	 x20:0x00000000 x31:0x000fffff  x6=0x00000000
      156695000	     15570	80008b54	34002f73	csrrs	x30,mscratch,x0	  x0:0x00000000 x30=0x00000010
      156705000	     15571	80008b58	6165	c.addi16sp	x2,112	  x2:0x0000001e  x2=0x0000008e
      156715000	     15572	80008b5a	40a05913	srai	x18,x0,0xa	  x0:0x00000000 x18=0x00000000
      156725000	     15573	80008b5e	33354393	xori	x7,x10,819	 x10:0x7ffda31d  x7=0x7ffda02e
      156735000	     15574	80008b62	a979c697	auipc	x13,0xa979c	 x13=0x297a4b62
      156745000	     15575	80008b66	7af1edb7	lui	x27,0x7af1e	 x27=0x7af1e000
      156755000	     15576	80008b6a	5efd	c.li	x29,-1	 x29=0xffffffff
      156765000	     15577	80008b6c	8b76	c.mv	x22,x29	  x0:0x00000000 x29:0xffffffff x22=0xffffffff
      156775000	     15578	80008b6e	00325a33	srl	x20,x4,x3	  x4:0x00000000  x3:0x00000000 x20=0x00000000
      156785000	     15579	80008b72	340071f3	csrrci	x3,mscratch,0	  x3=0x00000010
      156795000	     15580	80008b76	04e86263	bltu	x16,x14,80008bba	 x16:0x00019000 x14:0x80025ce4
      156825000	     15583	80008bba	34062af3	csrrs	x21,mscratch,x12	 x12:0x80025ce4 x21=0x00000010
      156835000	     15584	80008bbe	00300263	beq	x0,x3,80008bc2	  x0:0x00000000  x3:0x00000010
      156845000	     15585	80008bc2	0b0d	c.addi	x22,3	 x22:0xffffffff x22=0x00000002
      156855000	     15586	80008bc4	0051b133	sltu	x2,x3,x5	  x3:0x00000010  x5:0x00012000  x2=0x00000001
      157225000	     15623	80008bc8	02b446b3	div	x13,x8,x11	  x8:0x80000000 x11:0xffff6001 x13=0x0000ccce
      157235000	     15624	80008bcc	36260713	addi	x14,x12,866	 x12:0x80025ce4 x14=0x80026046
      157275000	     15628	80008bd0	02433d33	mulhu	x26,x6,x4	  x6:0x00000000  x4:0x00000000 x26=0x00000000
      157285000	     15629	80008bd4	38714c13	xori	x24,x2,903	  x2:0x00000001 x24=0x00000386
      157295000	     15630	80008bd8	8d6e	c.mv	x26,x27	  x0:0x00000000 x27:0x7af1e000 x26=0x7af1e000
      157305000	     15631	80008bda	509d7837	lui	x16,0x509d7	 x16=0x509d7000
      157315000	     15632	80008bde	168c	c.addi4spn	x11,x2,864	 x11=0x00000361
      157325000	     15633	80008be0	34096373	csrrsi	x6,mscratch,18	  x6=0x80025cf4
      157335000	     15634	80008be4	c089	c.beqz	x9,80008be6	  x9:0x00014000
      157345000	     15635	80008be6	00188233	add	x4,x17,x1	 x17:0x00000000  x1:0x00000000  x4=0x00000000
      157355000	     15636	80008bea	003638b3	sltu	x17,x12,x3	 x12:0x80025ce4  x3:0x00000010 x17=0x00000000
      157365000	     15637	80008bee	1a50c893	xori	x17,x1,421	  x1:0x00000000 x17=0x000001a5
      157375000	     15638	80008bf2	34061af3	csrrw	x21,mscratch,x12	 x12:0x80025ce4 x21=0x80025cf6
      157385000	     15639	80008bf6	7416ba13	sltiu	x20,x13,1857	 x13:0x0000ccce x20=0x00000000
      157395000	     15640	80008bfa	34069c73	csrrw	x24,mscratch,x13	 x13:0x0000ccce x24=0x80025ce4
      157765000	     15677	80008bfe	03ccfbb3	remu	x23,x25,x28	 x25:0x00012000 x28:0x80021e64 x23=0x00012000
      157775000	     15678	80008c02	72fbdbb7	lui	x23,0x72fbd	 x23=0x72fbd000
      157785000	     15679	80008c06	91fa	c.add	x3,x30	  x3:0x00000010 x30:0x00000010  x3=0x00000020
      158155000	     15716	80008c08	02ffe133	rem	x2,x31,x15	 x31:0x000fffff x15:0xffffffff  x2=0x00000000
      158165000	     15717	80008c0c	818e	c.mv	x3,x3	  x0:0x00000000  x3:0x00000020  x3=0x00000020
      158175000	     15718	80008c0e	01bc28b3	slt	x17,x24,x27	 x24:0x80025ce4 x27:0x7af1e000 x17=0x00000001
      158185000	     15719	80008c12	00bb9d63	bne	x23,x11,80008c2c	 x23:0x72fbd000 x11:0x00000361
      158215000	     15722	80008c2c	02297cb3	remu	x25,x18,x2	 x18:0x00000000  x2:0x00000000 x25=0x00000000
      158225000	     15723	80008c30	03971a63	bne	x14,x25,80008c64	 x14:0x80026046 x25:0x00000000
      158245000	     15725	80008c64	be4fb313	sltiu	x6,x31,-1052	 x31:0x000fffff  x6=0x00000001
      158265000	     15727	80008c68	0241c7b3	div	x15,x3,x4	  x3:0x00000020  x4:0x00000000 x15=0xffffffff
      158275000	     15728	80008c6c	00d76fb3	or	x31,x14,x13	 x14:0x80026046 x13:0x0000ccce x31=0x8002ecce
      158285000	     15729	80008c70	a120e093	ori	x1,x1,-1518	  x1:0x00000000  x1=0xfffffa12
      158655000	     15766	80008c74	02f57f33	remu	x30,x10,x15	 x10:0x7ffda31d x15:0xffffffff x30=0x7ffda31d
      158665000	     15767	80008c78	00630eb3	add	x29,x6,x6	  x6:0x00000001  x6:0x00000001 x29=0x00000002
      158675000	     15768	80008c7c	8fb1	c.xor	x15,x12	 x15:0xffffffff x12:0x80025ce4 x15=0x7ffda31b
      158685000	     15769	80008c7e	340029f3	csrrs	x19,mscratch,x0	  x0:0x00000000 x19=0x0000ccce
      158695000	     15770	80008c82	517d	c.li	x2,-1	  x2=0xffffffff
      158705000	     15771	80008c84	34003a73	csrrc	x20,mscratch,x0	  x0:0x00000000 x20=0x0000ccce
      159075000	     15808	80008c88	03b1c9b3	div	x19,x3,x27	  x3:0x00000020 x27:0x7af1e000 x19=0x00000000
      159085000	     15809	80008c8c	40efdb33	sra	x22,x31,x14	 x31:0x8002ecce x14:0x80026046 x22=0xfe000bb3
      159095000	     15810	80008c90	b97f6a97	auipc	x21,0xb97f6	 x21=0x397fec90
      159135000	     15814	80008c94	034f9f33	mulh	x30,x31,x20	 x31:0x8002ecce x20:0x0000ccce x30=0xffff999b
      159145000	     15815	80008c98	4ea9	c.li	x29,10	 x29=0x0000000a
      159155000	     15816	80008c9a	4098cd93	xori	x27,x17,1033	 x17:0x00000001 x27=0x00000408
      159165000	     15817	80008c9e	01d30b33	add	x22,x6,x29	  x6:0x00000001 x29:0x0000000a x22=0x0000000b
      159535000	     15854	80008ca2	03ad5033	divu	x0,x26,x26	 x26:0x7af1e000 x26:0x7af1e000  x0=0x00000000
      159545000	     15855	80008ca6	0091c4b3	xor	x9,x3,x9	  x3:0x00000020  x9:0x00014000  x9=0x00014020
      159555000	     15856	80008caa	07b6	c.slli	x15,0xd	 x15:0x7ffda31b x15=0xb4636000
      159565000	     15857	80008cac	7cfc2397	auipc	x7,0x7cfc2	  x7=0xfcfcacac
      159575000	     15858	80008cb0	3f0e2d93	slti	x27,x28,1008	 x28:0x80021e64 x27=0x00000001
      159585000	     15859	80008cb4	141c	c.addi4spn	x15,x2,544	 x15=0x0000021f
      159595000	     15860	80008cb6	83c2f393	andi	x7,x5,-1988	  x5:0x00012000  x7=0x00012000
      159605000	     15861	80008cba	34006973	csrrsi	x18,mscratch,0	 x18=0x0000ccce
      159615000	     15862	80008cbe	8a5a	c.mv	x20,x22	  x0:0x00000000 x22:0x0000000b x20=0x0000000b
      159625000	     15863	80008cc0	0106d033	srl	x0,x13,x16	 x13:0x0000ccce x16:0x509d7000  x0=0x00000000
      159655000	     15866	80008cc4	02cf0cb3	mul	x25,x30,x12	 x30:0xffff999b x12:0x80025ce4 x25=0x8e0e820c
      159665000	     15867	80008cc8	8ec9	c.or	x13,x10	 x13:0x0000ccce x10:0x7ffda31d x13=0x7ffdefdf
      159675000	     15868	80008cca	0102d033	srl	x0,x5,x16	  x5:0x00012000 x16:0x509d7000  x0=0x00000000
      159685000	     15869	80008cce	92f5c093	xori	x1,x11,-1745	 x11:0x00000361  x1=0xfffffa4e
      159695000	     15870	80008cd2	0001	c.addi	x0,0	  x0:0x00000000  x0=0x00000000
      159705000	     15871	80008cd4	02354d63	blt	x10,x3,80008d0e	 x10:0x7ffda31d  x3:0x00000020
      159715000	     15872	80008cd8	011077b3	and	x15,x0,x17	  x0:0x00000000 x17:0x00000001 x15=0x00000000
      160085000	     15909	80008cdc	02937533	remu	x10,x6,x9	  x6:0x00000001  x9:0x00014020 x10=0x00000001
      160095000	     15910	80008ce0	34007ef3	csrrci	x29,mscratch,0	 x29=0x0000ccce
      160105000	     15911	80008ce4	3406d073	csrrwi	x0,mscratch,13	  x0=0x00000000
      160115000	     15912	80008ce8	00e86eb3	or	x29,x16,x14	 x16:0x509d7000 x14:0x80026046 x29=0xd09f7046
      160125000	     15913	80008cec	00168563	beq	x13,x1,80008cf6	 x13:0x7ffdefdf  x1:0xfffffa4e
      160135000	     15914	80008cf0	00014d63	blt	x2,x0,80008d0a	  x2:0xffffffff  x0:0x00000000
      160175000	     15918	80008d0a	0246ceb3	div	x29,x13,x4	 x13:0x7ffdefdf  x4:0x00000000 x29=0xffffffff
      160185000	     15919	80008d0e	0ff0000f	fence	iorw,iorw	
      160195000	     15920	80008d12	55fd	c.li	x11,-1	 x11=0xffffffff
      160205000	     15921	80008d14	042e4263	blt	x28,x2,80008d58	 x28:0x80021e64  x2:0xffffffff
      160225000	     15923	80008d58	0001	c.addi	x0,0	  x0:0x00000000  x0=0x00000000
      160595000	     15960	80008d5a	02bd5933	divu	x18,x26,x11	 x26:0x7af1e000 x11:0xffffffff x18=0x00000000
      160605000	     15961	80008d5e	537d	c.li	x6,-1	  x6=0xffffffff
      160615000	     15962	80008d60	00f7dd13	srli	x26,x15,0xf	 x15:0x00000000 x26=0x00000000
      160625000	     15963	80008d64	8d61	c.and	x10,x8	 x10:0x00000001  x8:0x80000000 x10=0x00000000
      160635000	     15964	80008d66	001704b3	add	x9,x14,x1	 x14:0x80026046  x1:0xfffffa4e  x9=0x80025a94
      160645000	     15965	80008d6a	e70d	c.bnez	x14,80008d94	 x14:0x80026046
      160665000	     15967	80008d94	798b6e93	ori	x29,x22,1944	 x22:0x0000000b x29=0x0000079b
      160675000	     15968	80008d98	419f5a93	srai	x21,x30,0x19	 x30:0xffff999b x21=0xffffffff
      160685000	     15969	80008d9c	85c5	c.srai	x11,0x11	 x11:0xffffffff x11=0xffffffff
      160695000	     15970	80008d9e	d4202d13	slti	x26,x0,-702	  x0:0x00000000 x26=0x00000000
      160705000	     15971	80008da2	01c6c033	xor	x0,x13,x28	 x13:0x7ffdefdf x28:0x80021e64  x0=0x00000000
      160715000	     15972	80008da6	0001	c.addi	x0,0	  x0:0x00000000  x0=0x00000000
      160725000	     15973	80008da8	0001	c.addi	x0,0	  x0:0x00000000  x0=0x00000000
      160735000	     15974	80008daa	86e1	c.srai	x13,0x18	 x13:0x7ffdefdf x13=0x0000007f
      160745000	     15975	80008dac	0486	c.slli	x9,0x1	  x9:0x80025a94  x9=0x0004b528
      160785000	     15979	80008dae	03079a33	mulh	x20,x15,x16	 x15:0x00000000 x16:0x509d7000 x20=0x00000000
      160795000	     15980	80008db2	8efd	c.and	x13,x15	 x13:0x0000007f x15:0x00000000 x13=0x00000000
      160805000	     15981	80008db4	340311f3	csrrw	x3,mscratch,x6	  x6:0xffffffff  x3=0x0000000d
      160815000	     15982	80008db8	32613513	sltiu	x10,x2,806	  x2:0xffffffff x10=0x00000000
      160825000	     15983	80008dbc	1434a713	slti	x14,x9,323	  x9:0x0004b528 x14=0x00000000
      160835000	     15984	80008dc0	1384	c.addi4spn	x9,x2,480	  x9=0x000001df
      160845000	     15985	80008dc2	407c80b3	sub	x1,x25,x7	 x25:0x8e0e820c  x7:0x00012000  x1=0x8e0d620c
      160855000	     15986	80008dc6	01117033	and	x0,x2,x17	  x2:0xffffffff x17:0x00000001  x0=0x00000000
      160865000	     15987	80008dca	8315	c.srli	x14,0x5	 x14:0x00000000 x14=0x00000000
      160875000	     15988	80008dcc	e385	c.bnez	x15,80008dec	 x15:0x00000000
      160885000	     15989	80008dce	3407f073	csrrci	x0,mscratch,15	  x0=0x00000000
      160895000	     15990	80008dd2	014c07b3	add	x15,x24,x20	 x24:0x80025ce4 x20:0x00000000 x15=0x80025ce4
      160905000	     15991	80008dd6	41a809b3	sub	x19,x16,x26	 x16:0x509d7000 x26:0x00000000 x19=0x509d7000
      160915000	     15992	80008dda	59fd	c.li	x19,-1	 x19=0xffffffff
      160925000	     15993	80008ddc	00e970b3	and	x1,x18,x14	 x18:0x00000000 x14:0x00000000  x1=0x00000000
      160935000	     15994	80008de0	5c7d	c.li	x24,-1	 x24=0xffffffff
      160945000	     15995	80008de2	8f21	c.xor	x14,x8	 x14:0x00000000  x8:0x80000000 x14=0x80000000
      160955000	     15996	80008de4	ea8d	c.bnez	x13,80008e16	 x13:0x00000000
      160995000	     16000	80008de6	02ea92b3	mulh	x5,x21,x14	 x21:0xffffffff x14:0x80000000  x5=0x00000000
      161005000	     16001	80008dea	8cb1	c.xor	x9,x12	  x9:0x000001df x12:0x80025ce4  x9=0x80025d3b
      161045000	     16005	80008dec	038198b3	mulh	x17,x3,x24	  x3:0x0000000d x24:0xffffffff x17=0xffffffff
      161055000	     16006	80008df0	89cd	c.andi	x11,19	 x11:0xffffffff x11=0x00000013
      161065000	     16007	80008df2	34045973	csrrwi	x18,mscratch,8	 x18=0xfffffff0
      161075000	     16008	80008df6	a3607217	auipc	x4,0xa3607	  x4=0x2360fdf6
      161085000	     16009	80008dfa	e9cc7393	andi	x7,x24,-356	 x24:0xffffffff  x7=0xfffffe9c
      161095000	     16010	80008dfe	01921533	sll	x10,x4,x25	  x4:0x2360fdf6 x25:0x8e0e820c x10=0x0fdf6000
      161105000	     16011	80008e02	1d640293	addi	x5,x8,470	  x8:0x80000000  x5=0x800001d6
      161115000	     16012	80008e06	008ce9b3	or	x19,x25,x8	 x25:0x8e0e820c  x8:0x80000000 x19=0x8e0e820c
      161125000	     16013	80008e0a	0f72	c.slli	x30,0x1c	 x30:0xffff999b x30=0xb0000000
      161135000	     16014	80008e0c	879d	c.srai	x15,0x7	 x15:0x80025ce4 x15=0xff0004b9
      161505000	     16051	80008e0e	0232e4b3	rem	x9,x5,x3	  x5:0x800001d6  x3:0x0000000d  x9=0xfffffff7
      161545000	     16055	80008e12	02bd9233	mulh	x4,x27,x11	 x27:0x00000001 x11:0x00000013  x4=0x00000000
      161555000	     16056	80008e16	69f14793	xori	x15,x2,1695	  x2:0xffffffff x15=0xfffff960
      161565000	     16057	80008e1a	00dd4a63	blt	x26,x13,80008e2e	 x26:0x00000000 x13:0x00000000
      161575000	     16058	80008e1e	014e5463	bge	x28,x20,80008e26	 x28:0x80021e64 x20:0x00000000
      161585000	     16059	80008e22	13fd	c.addi	x7,-1	  x7:0xfffffe9c  x7=0xfffffe9b
      161595000	     16060	80008e24	0001	c.addi	x0,0	  x0:0x00000000  x0=0x00000000
      161605000	     16061	80008e26	60c9	c.lui	x1,0x12	  x1=0x00012000
      161615000	     16062	80008e28	98fd	c.andi	x9,-1	  x9:0xfffffff7  x9=0xfffffff7
      161655000	     16066	80008e2a	021b1cb3	mulh	x25,x22,x1	 x22:0x0000000b  x1:0x00012000 x25=0x00000000
      161685000	     16069	80008e2e	039a0833	mul	x16,x20,x25	 x20:0x00000000 x25:0x00000000 x16=0x00000000
      161695000	     16070	80008e32	34007973	csrrci	x18,mscratch,0	 x18=0x00000008
      161705000	     16071	80008e36	005463b3	or	x7,x8,x5	  x8:0x80000000  x5:0x800001d6  x7=0x800001d6
      161715000	     16072	80008e3a	004a9eb3	sll	x29,x21,x4	 x21:0xffffffff  x4:0x00000000 x29=0xffffffff
      161755000	     16076	80008e3e	023031b3	mulhu	x3,x0,x3	  x0:0x00000000  x3:0x0000000d  x3=0x00000000
      161765000	     16077	80008e42	2cdaed17	auipc	x26,0x2cdae	 x26=0xacdb6e42
      161775000	     16078	80008e46	e311	c.bnez	x14,80008e4a	 x14:0x80000000
      161835000	     16084	80008e4a	02483b33	mulhu	x22,x16,x4	 x16:0x00000000  x4:0x00000000 x22=0x00000000
      161845000	     16085	80008e4e	ed11	c.bnez	x10,80008e6a	 x10:0x0fdf6000
      161875000	     16088	80008e6a	8fe96693	ori	x13,x18,-1794	 x18:0x00000008 x13=0xfffff8fe
      161885000	     16089	80008e6e	c29d	c.beqz	x13,80008e94	 x13:0xfffff8fe
      161895000	     16090	80008e70	02b54463	blt	x10,x11,80008e98	 x10:0x0fdf6000 x11:0x00000013
      161935000	     16094	80008e74	02c01db3	mulh	x27,x0,x12	  x0:0x00000000 x12:0x80025ce4 x27=0x00000000
      161945000	     16095	80008e78	7363a0b7	lui	x1,0x7363a	  x1=0x7363a000
      161955000	     16096	80008e7c	0001	c.addi	x0,0	  x0:0x00000000  x0=0x00000000
      161965000	     16097	80008e7e	016798b3	sll	x17,x15,x22	 x15:0xfffff960 x22:0x00000000 x17=0xfffff960
      161975000	     16098	80008e82	002bcfb3	xor	x31,x23,x2	 x23:0x72fbd000  x2:0xffffffff x31=0x8d042fff
      161985000	     16099	80008e86	34002373	csrrs	x6,mscratch,x0	  x0:0x00000000  x6=0x00000008
      161995000	     16100	80008e8a	81ca	c.mv	x3,x18	  x0:0x00000000 x18:0x00000008  x3=0x00000008
      162005000	     16101	80008e8c	013eea33	or	x20,x29,x19	 x29:0xffffffff x19:0x8e0e820c x20=0xffffffff
      162015000	     16102	80008e90	0000100f	fence.i	
      162035000	     16104	80008e94	4c71	c.li	x24,28	 x24=0x0000001c
      162045000	     16105	80008e96	0001	c.addi	x0,0	  x0:0x00000000  x0=0x00000000
      162055000	     16106	80008e98	8aad	c.andi	x13,11	 x13:0xfffff8fe x13=0x0000000a
      162065000	     16107	80008e9a	00c3ba33	sltu	x20,x7,x12	  x7:0x800001d6 x12:0x80025ce4 x20=0x00000001
      162075000	     16108	80008e9e	000d77b3	and	x15,x26,x0	 x26:0xacdb6e42  x0:0x00000000 x15=0x00000000
      162085000	     16109	80008ea2	41c70233	sub	x4,x14,x28	 x14:0x80000000 x28:0x80021e64  x4=0xfffde19c
      162095000	     16110	80008ea6	b25ea093	slti	x1,x29,-1243	 x29:0xffffffff  x1=0x00000000
      162105000	     16111	80008eaa	81d5	c.srli	x11,0x15	 x11:0x00000013 x11=0x00000000
      162115000	     16112	80008eac	02bc8363	beq	x25,x11,80008ed2	 x25:0x00000000 x11:0x00000000
      162135000	     16114	80008ed2	0001	c.addi	x0,0	  x0:0x00000000  x0=0x00000000
      162145000	     16115	80008ed4	6dbd	c.lui	x27,0xf	 x27=0x0000f000
      162175000	     16118	80008ed6	03b90eb3	mul	x29,x18,x27	 x18:0x00000008 x27:0x0000f000 x29=0x00078000
      162185000	     16119	80008eda	61fd	c.lui	x3,0x1f	  x3=0x0001f000
      162195000	     16120	80008edc	41bf0033	sub	x0,x30,x27	 x30:0xb0000000 x27:0x0000f000  x0=0x00000000
      162205000	     16121	80008ee0	851a	c.mv	x10,x6	  x0:0x00000000  x6:0x00000008 x10=0x00000008
      162215000	     16122	80008ee2	0042ea63	bltu	x5,x4,80008ef6	  x5:0x800001d6  x4:0xfffde19c
      162245000	     16125	80008ef6	34007ff3	csrrci	x31,mscratch,0	 x31=0x00000008
      162255000	     16126	80008efa	1b14	c.addi4spn	x13,x2,432	 x13=0x000001af
      162265000	     16127	80008efc	0001	c.addi	x0,0	  x0:0x00000000  x0=0x00000000
      162275000	     16128	80008efe	869d	c.srai	x13,0x7	 x13:0x000001af x13=0x00000003
      162315000	     16132	80008f00	03c52f33	mulhsu	x30,x10,x28	 x10:0x00000008 x28:0x80021e64 x30=0x00000004
      162325000	     16133	80008f04	4191df33	sra	x30,x3,x25	  x3:0x0001f000 x25:0x00000000 x30=0x0001f000
      162335000	     16134	80008f08	0001	c.addi	x0,0	  x0:0x00000000  x0=0x00000000
      162345000	     16135	80008f0a	8c9d	c.sub	x9,x15	  x9:0xfffffff7 x15:0x00000000  x9=0xfffffff7
      162385000	     16139	80008f0c	03d8b0b3	mulhu	x1,x17,x29	 x17:0xfffff960 x29:0x00078000  x1=0x00077fff
      162425000	     16143	80008f10	02be9c33	mulh	x24,x29,x11	 x29:0x00078000 x11:0x00000000 x24=0x00000000
      162435000	     16144	80008f14	340078f3	csrrci	x17,mscratch,0	 x17=0x00000008
      162475000	     16148	80008f18	022593b3	mulh	x7,x11,x2	 x11:0x00000000  x2:0xffffffff  x7=0x00000000
      162485000	     16149	80008f1c	60c9	c.lui	x1,0x12	  x1=0x00012000
      162495000	     16150	80008f1e	1f98a393	slti	x7,x17,505	 x17:0x00000008  x7=0x00000001
      162535000	     16154	80008f22	0223b833	mulhu	x16,x7,x2	  x7:0x00000001  x2:0xffffffff x16=0x00000000
      162575000	     16158	80008f26	03761db3	mulh	x27,x12,x23	 x12:0x80025ce4 x23:0x72fbd000 x27=0xc68327b0
      162585000	     16159	80008f2a	6cf02c93	slti	x25,x0,1743	  x0:0x00000000 x25=0x00000001
      162595000	     16160	80008f2e	1e98	c.addi4spn	x14,x2,880	 x14=0x0000036f
      162605000	     16161	80008f30	00701133	sll	x2,x0,x7	  x0:0x00000000  x7:0x00000001  x2=0x00000000
      162615000	     16162	80008f34	c581	c.beqz	x11,80008f3c	 x11:0x00000000
      162635000	     16164	80008f3c	2c7bb713	sltiu	x14,x23,711	 x23:0x72fbd000 x14=0x00000000
      162645000	     16165	80008f40	3407d973	csrrwi	x18,mscratch,15	 x18=0x00000008
      162655000	     16166	80008f44	8e91	c.sub	x13,x12	 x13:0x00000003 x12:0x80025ce4 x13=0x7ffda31f
      162665000	     16167	80008f46	b18f7793	andi	x15,x30,-1256	 x30:0x0001f000 x15=0x0001f000
      162675000	     16168	80008f4a	8b70af93	slti	x31,x1,-1865	  x1:0x00012000 x31=0x00000000
      162695000	     16170	80008f4e	03807eb3	remu	x29,x0,x24	  x0:0x00000000 x24:0x00000000 x29=0x00000000
      162705000	     16171	80008f52	cc96e113	ori	x2,x13,-823	 x13:0x7ffda31f  x2=0xffffffdf
      162715000	     16172	80008f56	80fd	c.srli	x9,0x1f	  x9:0xfffffff7  x9=0x00000001
      162735000	     16174	80008f58	02bb7333	remu	x6,x22,x11	 x22:0x00000000 x11:0x00000000  x6=0x00000000
      162765000	     16177	80008f5c	03120533	mul	x10,x4,x17	  x4:0xfffde19c x17:0x00000008 x10=0xffef0ce0
      162775000	     16178	80008f60	c5ad3713	sltiu	x14,x26,-934	 x26:0xacdb6e42 x14=0x00000001
      162785000	     16179	80008f64	01031f93	slli	x31,x6,0x10	  x6:0x00000000 x31=0x00000000
      162795000	     16180	80008f68	89d5	c.andi	x11,21	 x11:0x00000000 x11=0x00000000
      162835000	     16184	80008f6a	024ca533	mulhsu	x10,x25,x4	 x25:0x00000001  x4:0xfffde19c x10=0x00000000
      162845000	     16185	80008f6e	0012bcb3	sltu	x25,x5,x1	  x5:0x800001d6  x1:0x00012000 x25=0x00000000
      162855000	     16186	80008f72	00b3f733	and	x14,x7,x11	  x7:0x00000001 x11:0x00000000 x14=0x00000000
      162875000	     16188	80008f76	02bc6eb3	rem	x29,x24,x11	 x24:0x00000000 x11:0x00000000 x29=0x00000000
      162885000	     16189	80008f7a	0908	c.addi4spn	x10,x2,144	 x10=0x0000006f
      162895000	     16190	80008f7c	6f61	c.lui	x30,0x18	 x30=0x00018000
      162905000	     16191	80008f7e	1cfd	c.addi	x25,-1	 x25:0x00000000 x25=0xffffffff
      162915000	     16192	80008f80	0556	c.slli	x10,0x15	 x10:0x0000006f x10=0x0de00000
      162925000	     16193	80008f82	6179	c.addi16sp	x2,464	  x2:0xffffffdf  x2=0x000001af
      162935000	     16194	80008f84	8d41	c.or	x10,x8	 x10:0x0de00000  x8:0x80000000 x10=0x8de00000
      162945000	     16195	80008f86	340cd5f3	csrrwi	x11,mscratch,25	 x11=0x0000000f
      162955000	     16196	80008f8a	0192a1b3	slt	x3,x5,x25	  x5:0x800001d6 x25:0xffffffff  x3=0x00000001
      162965000	     16197	80008f8e	0132d463	bge	x5,x19,80008f96	  x5:0x800001d6 x19:0x8e0e820c
      162975000	     16198	80008f92	00f50963	beq	x10,x15,80008fa4	 x10:0x8de00000 x15:0x0001f000
      163015000	     16202	80008f96	02bb3ab3	mulhu	x21,x22,x11	 x22:0x00000000 x11:0x0000000f x21=0x00000000
      163025000	     16203	80008f9a	892a	c.mv	x18,x10	  x0:0x00000000 x10:0x8de00000 x18=0x8de00000
      163035000	     16204	80008f9c	ddf10a93	addi	x21,x2,-545	  x2:0x000001af x21=0xffffff8e
      163045000	     16205	80008fa0	34055573	csrrwi	x10,mscratch,10	 x10=0x00000019
      163055000	     16206	80008fa4	340035f3	csrrc	x11,mscratch,x0	  x0:0x00000000 x11=0x0000000a
      163065000	     16207	80008fa8	40745593	srai	x11,x8,0x7	  x8:0x80000000 x11=0xff000000
      163075000	     16208	80008fac	00157733	and	x14,x10,x1	 x10:0x00000019  x1:0x00012000 x14=0x00000000
      163085000	     16209	80008fb0	34071af3	csrrw	x21,mscratch,x14	 x14:0x00000000 x21=0x0000000a
      163095000	     16210	80008fb4	e59d	c.bnez	x11,80008fe2	 x11:0xff000000
      163125000	     16213	80008fe2	4fcb2f93	slti	x31,x22,1276	 x22:0x00000000 x31=0x00000001
      163135000	     16214	80008fe6	ed067793	andi	x15,x12,-304	 x12:0x80025ce4 x15=0x80025cc0
      163505000	     16251	80008fea	0326efb3	rem	x31,x13,x18	 x13:0x7ffda31f x18:0x8de00000 x31=0x0ddda31f
      163515000	     16252	80008fee	5bfd	c.li	x23,-1	 x23=0xffffffff
      163525000	     16253	80008ff0	e43aaa13	slti	x20,x21,-445	 x21:0x0000000a x20=0x00000000
      163535000	     16254	80008ff4	34029573	csrrw	x10,mscratch,x5	  x5:0x800001d6 x10=0x00000000
      163545000	     16255	80008ff8	4001ddb3	sra	x27,x3,x0	  x3:0x00000001  x0:0x00000000 x27=0x00000001
      163555000	     16256	80008ffc	8d55	c.or	x10,x13	 x10:0x00000000 x13:0x7ffda31f x10=0x7ffda31f
      163565000	     16257	80008ffe	034c6f63	bltu	x24,x20,8000903c	 x24:0x00000000 x20:0x00000000
      163575000	     16258	80009002	c7b03717	auipc	x14,0xc7b03	 x14=0x47b0c002
      163585000	     16259	80009006	00d598b3	sll	x17,x11,x13	 x11:0xff000000 x13:0x7ffda31f x17=0x00000000
      163595000	     16260	8000900a	b535ee93	ori	x29,x11,-1197	 x11:0xff000000 x29=0xfffffb53
      163605000	     16261	8000900e	00fe67b3	or	x15,x28,x15	 x28:0x80021e64 x15:0x80025cc0 x15=0x80025ee4
      163615000	     16262	80009012	8d61	c.and	x10,x8	 x10:0x7ffda31f  x8:0x80000000 x10=0x00000000
      163625000	     16263	80009014	024c6163	bltu	x24,x4,80009036	 x24:0x00000000  x4:0xfffde19c
      163655000	     16266	80009036	01dd30b3	sltu	x1,x26,x29	 x26:0xacdb6e42 x29:0xfffffb53  x1=0x00000001
      163665000	     16267	8000903a	0001	c.addi	x0,0	  x0:0x00000000  x0=0x00000000
      163675000	     16268	8000903c	8fb5	c.xor	x15,x13	 x15:0x80025ee4 x13:0x7ffda31f x15=0xfffffdfb
      163685000	     16269	8000903e	01bc8f33	add	x30,x25,x27	 x25:0xffffffff x27:0x00000001 x30=0x00000000
      163695000	     16270	80009042	340032f3	csrrc	x5,mscratch,x0	  x0:0x00000000  x5=0x800001d6
      163705000	     16271	80009046	69f9	c.lui	x19,0x1e	 x19=0x0001e000
      163715000	     16272	80009048	1c8c	c.addi4spn	x11,x2,624	 x11=0x0000041f
      163725000	     16273	8000904a	afc0c693	xori	x13,x1,-1284	  x1:0x00000001 x13=0xfffffafd
      163735000	     16274	8000904e	8715	c.srai	x14,0x5	 x14:0x47b0c002 x14=0x023d8600
      164105000	     16311	80009050	02495933	divu	x18,x18,x4	 x18:0x8de00000  x4:0xfffde19c x18=0x00000000
      164115000	     16312	80009054	340016f3	csrrw	x13,mscratch,x0	  x0:0x00000000 x13=0x800001d6
      164125000	     16313	80009058	340c23f3	csrrs	x7,mscratch,x24	 x24:0x00000000  x7=0x00000000
      164135000	     16314	8000905c	01e72bb3	slt	x23,x14,x30	 x14:0x023d8600 x30:0x00000000 x23=0x00000000
      164145000	     16315	80009060	8f4d	c.or	x14,x11	 x14:0x023d8600 x11:0x0000041f x14=0x023d861f
      164155000	     16316	80009062	1604	c.addi4spn	x9,x2,800	  x9=0x000004cf
      164165000	     16317	80009064	41ef04b3	sub	x9,x30,x30	 x30:0x00000000 x30:0x00000000  x9=0x00000000
      164175000	     16318	80009068	e2f95497	auipc	x9,0xe2f95	  x9=0x62f9e068
      164185000	     16319	8000906c	ee85	c.bnez	x13,800090a4	 x13:0x800001d6
      164205000	     16321	800090a4	01e364b3	or	x9,x6,x30	  x6:0x00000000 x30:0x00000000  x9=0x00000000
      164215000	     16322	800090a8	340eba73	csrrc	x20,mscratch,x29	 x29:0xfffffb53 x20=0x00000000
      164225000	     16323	800090ac	20a57db7	lui	x27,0x20a57	 x27=0x20a57000
      164235000	     16324	800090b0	34003bf3	csrrc	x23,mscratch,x0	  x0:0x00000000 x23=0x00000000
      164245000	     16325	800090b4	1994	c.addi4spn	x13,x2,240	 x13=0x0000029f
      164255000	     16326	800090b6	8cc5	c.or	x9,x9	  x9:0x00000000  x9:0x00000000  x9=0x00000000
      164265000	     16327	800090b8	014e9c63	bne	x29,x20,800090d0	 x29:0xfffffb53 x20:0x00000000
      164285000	     16329	800090d0	340990f3	csrrw	x1,mscratch,x19	 x19:0x0001e000  x1=0x00000000
      164295000	     16330	800090d4	340225f3	csrrs	x11,mscratch,x4	  x4:0xfffde19c x11=0x0001e000
      164305000	     16331	800090d8	8bcd	c.andi	x15,19	 x15:0xfffffdfb x15=0x00000013
      164315000	     16332	800090da	9054aa13	slti	x20,x9,-1787	  x9:0x00000000 x20=0x00000000
      164325000	     16333	800090de	8f49	c.or	x14,x10	 x14:0x023d861f x10:0x00000000 x14=0x023d861f
      164335000	     16334	800090e0	8cf9	c.and	x9,x14	  x9:0x00000000 x14:0x023d861f  x9=0x00000000
      164345000	     16335	800090e2	63b5	c.lui	x7,0xd	  x7=0x0000d000
      164355000	     16336	800090e4	06ba	c.slli	x13,0xe	 x13:0x0000029f x13=0x00a7c000
      164365000	     16337	800090e6	e501	c.bnez	x10,800090ee	 x10:0x00000000
      164375000	     16338	800090e8	34043973	csrrc	x18,mscratch,x8	  x8:0x80000000 x18=0xfffde19c
      164385000	     16339	800090ec	717d	c.addi16sp	x2,-16	  x2:0x000001af  x2=0x0000019f
      164395000	     16340	800090ee	340d35f3	csrrc	x11,mscratch,x26	 x26:0xacdb6e42 x11=0x7ffde19c
      164405000	     16341	800090f2	340064f3	csrrsi	x9,mscratch,0	  x9=0x5324819c
      164415000	     16342	800090f6	01b19b13	slli	x22,x3,0x1b	  x3:0x00000001 x22=0x08000000
      164425000	     16343	800090fa	01ecdc63	bge	x25,x30,80009112	 x25:0xffffffff x30:0x00000000
      164435000	     16344	800090fe	40bfd4b3	sra	x9,x31,x11	 x31:0x0ddda31f x11:0x7ffde19c  x9=0x00000000
      164445000	     16345	80009102	013f36b3	sltu	x13,x30,x19	 x30:0x00000000 x19:0x0001e000 x13=0x00000001
      164455000	     16346	80009106	e39d	c.bnez	x15,8000912c	 x15:0x00000013
      164475000	     16348	8000912c	8fb9	c.xor	x15,x14	 x15:0x00000013 x14:0x023d861f x15=0x023d860c
      164485000	     16349	8000912e	c39d	c.beqz	x15,80009154	 x15:0x023d860c
      164495000	     16350	80009130	015da533	slt	x10,x27,x21	 x27:0x20a57000 x21:0x0000000a x10=0x00000000
      164505000	     16351	80009134	0726	c.slli	x14,0x9	 x14:0x023d861f x14=0x7b0c3e00
      164515000	     16352	80009136	f17fe793	ori	x15,x31,-233	 x31:0x0ddda31f x15=0xffffff1f
      164525000	     16353	8000913a	8d0d	c.sub	x10,x11	 x10:0x00000000 x11:0x7ffde19c x10=0x80021e64
      164535000	     16354	8000913c	e53aae93	slti	x29,x21,-429	 x21:0x0000000a x29=0x00000000
      164545000	     16355	80009140	b324c393	xori	x7,x9,-1230	  x9:0x00000000  x7=0xfffffb32
      164555000	     16356	80009144	00e2dbb3	srl	x23,x5,x14	  x5:0x800001d6 x14:0x7b0c3e00 x23=0x800001d6
      164565000	     16357	80009148	01f29813	slli	x16,x5,0x1f	  x5:0x800001d6 x16=0x00000000
      164575000	     16358	8000914c	002b4463	blt	x22,x2,80009154	 x22:0x08000000  x2:0x0000019f
      164585000	     16359	80009150	0099edb3	or	x27,x19,x9	 x19:0x0001e000  x9:0x00000000 x27=0x0001e000
      164595000	     16360	80009154	05e0f463	bgeu	x1,x30,8000919c	  x1:0x00000000 x30:0x00000000
      164625000	     16363	8000919c	021bd0b3	divu	x1,x23,x1	 x23:0x800001d6  x1:0x00000000  x1=0xffffffff
      164635000	     16364	800091a0	055be363	bltu	x23,x21,800091e6	 x23:0x800001d6 x21:0x0000000a
      164645000	     16365	800091a4	d2976393	ori	x7,x14,-727	 x14:0x7b0c3e00  x7=0xffffff29
      164655000	     16366	800091a8	0080a333	slt	x6,x1,x8	  x1:0xffffffff  x8:0x80000000  x6=0x00000000
      164665000	     16367	800091ac	401d5593	srai	x11,x26,0x1	 x26:0xacdb6e42 x11=0xd66db721
      164675000	     16368	800091b0	664d3f13	sltiu	x30,x26,1636	 x26:0xacdb6e42 x30=0x00000000
      164685000	     16369	800091b4	34057df3	csrrci	x27,mscratch,10	 x27=0x5324819c
      164695000	     16370	800091b8	01263333	sltu	x6,x12,x18	 x12:0x80025ce4 x18:0xfffde19c  x6=0x00000001
      164705000	     16371	800091bc	4bc1c697	auipc	x13,0x4bc1c	 x13=0xcbc251bc
      164715000	     16372	800091c0	0001	c.addi	x0,0	  x0:0x00000000  x0=0x00000000
      164725000	     16373	800091c2	8edd	c.or	x13,x15	 x13:0xcbc251bc x15:0xffffff1f x13=0xffffffbf
      164735000	     16374	800091c4	e285	c.bnez	x13,800091e4	 x13:0xffffffbf
      164755000	     16376	800091e4	08e9	c.addi	x17,26	 x17:0x00000000 x17=0x0000001a
      164765000	     16377	800091e6	8179	c.srli	x10,0x1e	 x10:0x80021e64 x10=0x00000002
      164775000	     16378	800091e8	00e749b3	xor	x19,x14,x14	 x14:0x7b0c3e00 x14:0x7b0c3e00 x19=0x00000000
      164795000	     16380	800091ec	0293fb33	remu	x22,x7,x9	  x7:0xffffff29  x9:0x00000000 x22=0xffffff29
      164805000	     16381	800091f0	00a975b3	and	x11,x18,x10	 x18:0xfffde19c x10:0x00000002 x11=0x00000000
      164815000	     16382	800091f4	0216c463	blt	x13,x1,8000921c	 x13:0xffffffbf  x1:0xffffffff
      164835000	     16384	8000921c	00c5d5b3	srl	x11,x11,x12	 x11:0x00000000 x12:0x80025ce4 x11=0x00000000
      164845000	     16385	80009220	85b9	c.srai	x11,0xe	 x11:0x00000000 x11=0x00000000
      164855000	     16386	80009222	009d7b93	andi	x23,x26,9	 x26:0xacdb6e42 x23=0x00000000
      164885000	     16389	80009226	028906b3	mul	x13,x18,x8	 x18:0xfffde19c  x8:0x80000000 x13=0x00000000
      165255000	     16426	8000922a	0289c833	div	x16,x19,x8	 x19:0x00000000  x8:0x80000000 x16=0x00000000
      165265000	     16427	8000922e	e785	c.bnez	x15,80009256	 x15:0xffffff1f
      165285000	     16429	80009256	830d	c.srli	x14,0x3	 x14:0x7b0c3e00 x14=0x0f6187c0
      165655000	     16466	80009258	023cf0b3	remu	x1,x25,x3	 x25:0xffffffff  x3:0x00000001  x1=0x00000000
      165665000	     16467	8000925c	642ae213	ori	x4,x21,1602	 x21:0x0000000a  x4=0x0000064a
      165705000	     16471	80009260	03b29933	mulh	x18,x5,x27	  x5:0x800001d6 x27:0x5324819c x18=0xd66dbfca
      165715000	     16472	80009264	00cd4c63	blt	x26,x12,8000927c	 x26:0xacdb6e42 x12:0x80025ce4
      165745000	     16475	80009268	02110733	mul	x14,x2,x1	  x2:0x0000019f  x1:0x00000000 x14=0x00000000
      165755000	     16476	8000926c	00f68d63	beq	x13,x15,80009286	 x13:0x00000000 x15:0xffffff1f
      165765000	     16477	80009270	4112d093	srai	x1,x5,0x11	  x5:0x800001d6  x1=0xffffc000
      165775000	     16478	80009274	0002ef33	or	x30,x5,x0	  x5:0x800001d6  x0:0x00000000 x30=0x800001d6
      165785000	     16479	80009278	0173ec33	or	x24,x7,x23	  x7:0xffffff29 x23:0x00000000 x24=0xffffff29
      165795000	     16480	8000927c	0ff0000f	fence	iorw,iorw	
      165805000	     16481	80009280	8cc1	c.or	x9,x8	  x9:0x00000000  x8:0x80000000  x9=0x80000000
      165815000	     16482	80009282	037aeb63	bltu	x21,x23,800092b8	 x21:0x0000000a x23:0x00000000
      165825000	     16483	80009286	8cb9	c.xor	x9,x14	  x9:0x80000000 x14:0x00000000  x9=0x80000000
      165835000	     16484	80009288	40978333	sub	x6,x15,x9	 x15:0xffffff1f  x9:0x80000000  x6=0x7fffff1f
      165845000	     16485	8000928c	01e0d233	srl	x4,x1,x30	  x1:0xffffc000 x30:0x800001d6  x4=0x000003ff
      165855000	     16486	80009290	008e7133	and	x2,x28,x8	 x28:0x80021e64  x8:0x80000000  x2=0x80000000
      165865000	     16487	80009294	403c5bb3	sra	x23,x24,x3	 x24:0xffffff29  x3:0x00000001 x23=0xffffff94
      165875000	     16488	80009298	01e57b33	and	x22,x10,x30	 x10:0x00000002 x30:0x800001d6 x22=0x00000002
      165885000	     16489	8000929c	7da63b13	sltiu	x22,x12,2010	 x12:0x80025ce4 x22=0x00000000
      165895000	     16490	800092a0	0001	c.addi	x0,0	  x0:0x00000000  x0=0x00000000
      165905000	     16491	800092a2	0001	c.addi	x0,0	  x0:0x00000000  x0=0x00000000
      165915000	     16492	800092a4	008f8533	add	x10,x31,x8	 x31:0x0ddda31f  x8:0x80000000 x10=0x8ddda31f
      166285000	     16529	800092a8	038c5333	divu	x6,x24,x24	 x24:0xffffff29 x24:0xffffff29  x6=0x00000001
      166295000	     16530	800092ac	8f51	c.or	x14,x12	 x14:0x00000000 x12:0x80025ce4 x14=0x80025ce4
      166305000	     16531	800092ae	8749	c.srai	x14,0x12	 x14:0x80025ce4 x14=0xffffe000
      166315000	     16532	800092b0	ef144993	xori	x19,x8,-271	  x8:0x80000000 x19=0x7ffffef1
      166325000	     16533	800092b4	00305493	srli	x9,x0,0x3	  x0:0x00000000  x9=0x00000000
      166335000	     16534	800092b8	00eb9b63	bne	x23,x14,800092ce	 x23:0xffffff94 x14:0xffffe000
      166355000	     16536	800092ce	8d39	c.xor	x10,x14	 x10:0x8ddda31f x14:0xffffe000 x10=0x7222431f
      166365000	     16537	800092d0	5c7d	c.li	x24,-1	 x24=0xffffffff
      166375000	     16538	800092d2	0001	c.addi	x0,0	  x0:0x00000000  x0=0x00000000
      166385000	     16539	800092d4	80e2	c.mv	x1,x24	  x0:0x00000000 x24:0xffffffff  x1=0xffffffff
      166425000	     16543	800092d6	036f13b3	mulh	x7,x30,x22	 x30:0x800001d6 x22:0x00000000  x7=0x00000000
      166435000	     16544	800092da	003efb63	bgeu	x29,x3,800092f0	 x29:0x00000000  x3:0x00000001
      166445000	     16545	800092de	340b24f3	csrrs	x9,mscratch,x22	 x22:0x00000000  x9=0x53248194
      166455000	     16546	800092e2	ef8a7f13	andi	x30,x20,-264	 x20:0x00000000 x30=0x00000000
      166465000	     16547	800092e6	340024f3	csrrs	x9,mscratch,x0	  x0:0x00000000  x9=0x53248194
      166475000	     16548	800092ea	8779	c.srai	x14,0x1e	 x14:0xffffe000 x14=0xffffffff
      166485000	     16549	800092ec	1d7d	c.addi	x26,-1	 x26:0xacdb6e42 x26=0xacdb6e41
      166495000	     16550	800092ee	0514	c.addi4spn	x13,x2,640	 x13=0x80000280
      166505000	     16551	800092f0	03219863	bne	x3,x18,80009320	  x3:0x00000001 x18:0xd66dbfca
      166525000	     16553	80009320	d511c293	xori	x5,x3,-687	  x3:0x00000001  x5=0xfffffd50
      166535000	     16554	80009324	55fd	c.li	x11,-1	 x11=0xffffffff
      166545000	     16555	80009326	01427133	and	x2,x4,x20	  x4:0x000003ff x20:0x00000000  x2=0x00000000
      166555000	     16556	8000932a	6171	c.addi16sp	x2,336	  x2:0x00000000  x2=0x00000150
      166595000	     16560	8000932c	037c3933	mulhu	x18,x24,x23	 x24:0xffffffff x23:0xffffff94 x18=0xffffff93
      166605000	     16561	80009330	0345fe63	bgeu	x11,x20,8000936c	 x11:0xffffffff x20:0x00000000
      166625000	     16563	8000936c	34006773	csrrsi	x14,mscratch,0	 x14=0x53248194
      166635000	     16564	80009370	40538733	sub	x14,x7,x5	  x7:0x00000000  x5:0xfffffd50 x14=0x000002b0
      166645000	     16565	80009374	8745	c.srai	x14,0x11	 x14:0x000002b0 x14=0x00000000
      166655000	     16566	80009376	e119	c.bnez	x10,8000937c	 x10:0x7222431f
      166675000	     16568	8000937c	00bf9cb3	sll	x25,x31,x11	 x31:0x0ddda31f x11:0xffffffff x25=0x80000000
      166685000	     16569	80009380	53e0f213	andi	x4,x1,1342	  x1:0xffffffff  x4=0x0000053e
      166695000	     16570	80009384	8d09	c.sub	x10,x10	 x10:0x7222431f x10:0x7222431f x10=0x00000000
      166705000	     16571	80009386	412b5593	srai	x11,x22,0x12	 x22:0x00000000 x11=0x00000000
      166745000	     16575	8000938a	02a9b733	mulhu	x14,x19,x10	 x19:0x7ffffef1 x10:0x00000000 x14=0x00000000
      166755000	     16576	8000938e	0172deb3	srl	x29,x5,x23	  x5:0xfffffd50 x23:0xffffff94 x29=0x00000fff
      166765000	     16577	80009392	8cb9	c.xor	x9,x14	  x9:0x53248194 x14:0x00000000  x9=0x53248194
      166775000	     16578	80009394	03f05263	bge	x0,x31,800093b8	  x0:0x00000000 x31:0x0ddda31f
      166785000	     16579	80009398	00779a13	slli	x20,x15,0x7	 x15:0xffffff1f x20=0xffff8f80
      166795000	     16580	8000939c	89c5	c.andi	x11,17	 x11:0x00000000 x11=0x00000000
      166805000	     16581	8000939e	0ff0000f	fence	iorw,iorw	
      166815000	     16582	800093a2	04fe	c.slli	x9,0x1f	  x9:0x53248194  x9=0x00000000
      166825000	     16583	800093a4	ed14bf13	sltiu	x30,x9,-303	  x9:0x00000000 x30=0x00000001
      166835000	     16584	800093a8	0c5e	c.slli	x24,0x17	 x24:0xffffffff x24=0xff800000
      166845000	     16585	800093aa	73131797	auipc	x15,0x73131	 x15=0xf313a3aa
      166855000	     16586	800093ae	64790093	addi	x1,x18,1607	 x18:0xffffff93  x1=0x000005da
      166865000	     16587	800093b2	8fed	c.and	x15,x11	 x15:0xf313a3aa x11:0x00000000 x15=0x00000000
      166875000	     16588	800093b4	1794	c.addi4spn	x13,x2,992	 x13=0x00000530
      166885000	     16589	800093b6	c589	c.beqz	x11,800093c0	 x11:0x00000000
      166905000	     16591	800093c0	8f1d	c.sub	x14,x15	 x14:0x00000000 x15:0x00000000 x14=0x00000000
      167275000	     16628	800093c2	038be6b3	rem	x13,x23,x24	 x23:0xffffff94 x24:0xff800000 x13=0xffffff94
      167285000	     16629	800093c6	02968f63	beq	x13,x9,80009404	 x13:0xffffff94  x9:0x00000000
      167295000	     16630	800093ca	86ed	c.srai	x13,0x1b	 x13:0xffffff94 x13=0xffffffff
      167335000	     16634	800093cc	033a3d33	mulhu	x26,x20,x19	 x20:0xffff8f80 x19:0x7ffffef1 x26=0x7fffc6b1
      167345000	     16635	800093d0	e309	c.bnez	x14,800093d2	 x14:0x00000000
      167355000	     16636	800093d2	d343b093	sltiu	x1,x7,-716	  x7:0x00000000  x1=0x00000001
      167365000	     16637	800093d6	86cd	c.srai	x13,0x13	 x13:0xffffffff x13=0xffffffff
      167375000	     16638	800093d8	00cc3933	sltu	x18,x24,x12	 x24:0xff800000 x12:0x80025ce4 x18=0x00000000
      167385000	     16639	800093dc	707afe97	auipc	x29,0x707af	 x29=0xf07b83dc
      167395000	     16640	800093e0	340965f3	csrrsi	x11,mscratch,18	 x11=0x53248194
      167435000	     16644	800093e4	03c628b3	mulhsu	x17,x12,x28	 x12:0x80025ce4 x28:0x80021e64 x17=0xc0001f45
      167445000	     16645	800093e8	0146a533	slt	x10,x13,x20	 x13:0xffffffff x20:0xffff8f80 x10=0x00000000
      167455000	     16646	800093ec	5d147fb7	lui	x31,0x5d147	 x31=0x5d147000
      167465000	     16647	800093f0	83a5	c.srli	x15,0x9	 x15:0x00000000 x15=0x00000000
      167475000	     16648	800093f2	008236b3	sltu	x13,x4,x8	  x4:0x0000053e  x8:0x80000000 x13=0x00000001
      167485000	     16649	800093f6	008a6833	or	x16,x20,x8	 x20:0xffff8f80  x8:0x80000000 x16=0xffff8f80
      167495000	     16650	800093fa	0000100f	fence.i	
      167525000	     16653	800093fe	4052d8b3	sra	x17,x5,x5	  x5:0xfffffd50  x5:0xfffffd50 x17=0xffffffff
      167535000	     16654	80009402	c501	c.beqz	x10,8000940a	 x10:0x00000000
      167565000	     16657	8000940a	3aaefd93	andi	x27,x29,938	 x29:0xf07b83dc x27=0x00000388
      167575000	     16658	8000940e	8d89	c.sub	x11,x10	 x11:0x53248194 x10:0x00000000 x11=0x53248194
      167595000	     16660	80009410	02af6bb3	rem	x23,x30,x10	 x30:0x00000001 x10:0x00000000 x23=0x00000001
      167605000	     16661	80009414	01ec9363	bne	x25,x30,8000941a	 x25:0x80000000 x30:0x00000001
      167625000	     16663	8000941a	8489	c.srai	x9,0x2	  x9:0x00000000  x9=0x00000000
      167635000	     16664	8000941c	01a6b7b3	sltu	x15,x13,x26	 x13:0x00000001 x26:0x7fffc6b1 x15=0x00000001
      167645000	     16665	80009420	086e	c.slli	x16,0x1b	 x16:0xffff8f80 x16=0x00000000
      167655000	     16666	80009422	340677f3	csrrci	x15,mscratch,12	 x15=0x53248196
      167665000	     16667	80009426	2c083913	sltiu	x18,x16,704	 x16:0x00000000 x18=0x00000001
      167675000	     16668	8000942a	0001	c.addi	x0,0	  x0:0x00000000  x0=0x00000000
      167685000	     16669	8000942c	34049873	csrrw	x16,mscratch,x9	  x9:0x00000000 x16=0x53248192
      167695000	     16670	80009430	0158d333	srl	x6,x17,x21	 x17:0xffffffff x21:0x0000000a  x6=0x003fffff
      167705000	     16671	80009434	42a57a13	andi	x20,x10,1066	 x10:0x00000000 x20=0x00000000
      167715000	     16672	80009438	e78d	c.bnez	x15,80009462	 x15:0x53248196
      167745000	     16675	80009462	007b7d33	and	x26,x22,x7	 x22:0x00000000  x7:0x00000000 x26=0x00000000
      167755000	     16676	80009466	855d	c.srai	x10,0x17	 x10:0x00000000 x10=0x00000000
      167765000	     16677	80009468	019c76b3	and	x13,x24,x25	 x24:0xff800000 x25:0x80000000 x13=0x80000000
      167775000	     16678	8000946c	013e4db3	xor	x27,x28,x19	 x28:0x80021e64 x19:0x7ffffef1 x27=0xfffde095
      167785000	     16679	80009470	41df0fb3	sub	x31,x30,x29	 x30:0x00000001 x29:0xf07b83dc x31=0x0f847c25
      167795000	     16680	80009474	1d9c	c.addi4spn	x15,x2,752	 x15=0x00000440
      167805000	     16681	80009476	34006373	csrrsi	x6,mscratch,0	  x6=0x00000000
      167815000	     16682	8000947a	8c8d	c.sub	x9,x11	  x9:0x00000000 x11:0x53248194  x9=0xacdb7e6c
      167825000	     16683	8000947c	00237b33	and	x22,x6,x2	  x6:0x00000000  x2:0x00000150 x22=0x00000000
      167835000	     16684	80009480	0d7a	c.slli	x26,0x1e	 x26:0x00000000 x26=0x00000000
      167845000	     16685	80009482	81cd	c.srli	x11,0x13	 x11:0x53248194 x11=0x00000a64
      167855000	     16686	80009484	485d	c.li	x16,23	 x16=0x00000017
      167865000	     16687	80009486	98fd	c.andi	x9,-1	  x9:0xacdb7e6c  x9=0xacdb7e6c
      167905000	     16691	80009488	0338a133	mulhsu	x2,x17,x19	 x17:0xffffffff x19:0x7ffffef1  x2=0xffffffff
      167915000	     16692	8000948c	0000100f	fence.i	
      167935000	     16694	80009490	d3d93e93	sltiu	x29,x18,-707	 x18:0x00000001 x29=0x00000001
      167945000	     16695	80009494	015d21b3	slt	x3,x26,x21	 x26:0x00000000 x21:0x0000000a  x3=0x00000001
      167955000	     16696	80009498	01f2de63	bge	x5,x31,800094b4	  x5:0xfffffd50 x31:0x0f847c25
      167995000	     16700	8000949c	03909333	mulh	x6,x1,x25	  x1:0x00000001 x25:0x80000000  x6=0xffffffff
      168005000	     16701	800094a0	9352	c.add	x6,x20	  x6:0xffffffff x20:0x00000000  x6=0xffffffff
      168015000	     16702	800094a2	00387363	bgeu	x16,x3,800094a8	 x16:0x00000017  x3:0x00000001
      168035000	     16704	800094a8	062ab513	sltiu	x10,x21,98	 x21:0x0000000a x10=0x00000001
      168045000	     16705	800094ac	8f55	c.or	x14,x13	 x14:0x00000000 x13:0x80000000 x14=0x80000000
      168055000	     16706	800094ae	9fae	c.add	x31,x11	 x31:0x0f847c25 x11:0x00000a64 x31=0x0f848689
      168085000	     16709	800094b0	03938f33	mul	x30,x7,x25	  x7:0x00000000 x25:0x80000000 x30=0x00000000
      168095000	     16710	800094b4	8595	c.srai	x11,0x5	 x11:0x00000a64 x11=0x00000053
      168105000	     16711	800094b6	31ea2a13	slti	x20,x20,798	 x20:0x00000000 x20=0x00000001
      168115000	     16712	800094ba	84e5	c.srai	x9,0x19	  x9:0xacdb7e6c  x9=0xffffffd6
      168125000	     16713	800094bc	0003c533	xor	x10,x7,x0	  x7:0x00000000  x0:0x00000000 x10=0x00000000
      168135000	     16714	800094c0	34079b73	csrrw	x22,mscratch,x15	 x15:0x00000440 x22=0x00000000
      168145000	     16715	800094c4	011b9033	sll	x0,x23,x17	 x23:0x00000001 x17:0xffffffff  x0=0x00000000
      168155000	     16716	800094c8	356f4493	xori	x9,x30,854	 x30:0x00000000  x9=0x00000356
      168165000	     16717	800094cc	8a85	c.andi	x13,1	 x13:0x80000000 x13=0x00000000
      168535000	     16754	800094ce	0370d533	divu	x10,x1,x23	  x1:0x00000001 x23:0x00000001 x10=0x00000001
      168545000	     16755	800094d2	029a5363	bge	x20,x9,800094f8	 x20:0x00000001  x9:0x00000356
      168555000	     16756	800094d6	00621263	bne	x4,x6,800094da	  x4:0x0000053e  x6:0xffffffff
      168585000	     16759	800094da	01713333	sltu	x6,x2,x23	  x2:0xffffffff x23:0x00000001  x6=0x00000000
      168595000	     16760	800094de	fef32293	slti	x5,x6,-17	  x6:0x00000000  x5=0x00000000
      168605000	     16761	800094e2	a371e913	ori	x18,x3,-1481	  x3:0x00000001 x18=0xfffffa37
      168615000	     16762	800094e6	0914	c.addi4spn	x13,x2,144	 x13=0x0000008f
      168625000	     16763	800094e8	837d	c.srli	x14,0x1f	 x14:0x80000000 x14=0x00000001
      168635000	     16764	800094ea	80c0e793	ori	x15,x1,-2036	  x1:0x00000001 x15=0xfffff80d
      168645000	     16765	800094ee	8f09	c.sub	x14,x10	 x14:0x00000001 x10:0x00000001 x14=0x00000000
      168655000	     16766	800094f0	86d5	c.srai	x13,0x15	 x13:0x0000008f x13=0x00000000
      168665000	     16767	800094f2	0001	c.addi	x0,0	  x0:0x00000000  x0=0x00000000
      168675000	     16768	800094f4	99b8bb93	sltiu	x23,x17,-1637	 x17:0xffffffff x23=0x00000000
      168685000	     16769	800094f8	006898b3	sll	x17,x17,x6	 x17:0xffffffff  x6:0x00000000 x17=0xffffffff
      168695000	     16770	800094fc	00bd39b3	sltu	x19,x26,x11	 x26:0x00000000 x11:0x00000053 x19=0x00000001
      168705000	     16771	80009500	8131	c.srli	x10,0xc	 x10:0x00000001 x10=0x00000000
      168715000	     16772	80009502	03de1563	bne	x28,x29,8000952c	 x28:0x80021e64 x29:0x00000001
      168735000	     16774	8000952c	8f39	c.xor	x14,x14	 x14:0x00000000 x14:0x00000000 x14=0x00000000
      168745000	     16775	8000952e	016fd313	srli	x6,x31,0x16	 x31:0x0f848689  x6=0x0000003e
      168785000	     16779	80009532	02a33b33	mulhu	x22,x6,x10	  x6:0x0000003e x10:0x00000000 x22=0x00000000
      168795000	     16780	80009536	3404d873	csrrwi	x16,mscratch,9	 x16=0x00000440
      168805000	     16781	8000953a	04c0c363	blt	x1,x12,80009580	  x1:0x00000001 x12:0x80025ce4
      168845000	     16785	8000953e	0204ba33	mulhu	x20,x9,x0	  x9:0x00000356  x0:0x00000000 x20=0x00000000
      168855000	     16786	80009542	0ff0000f	fence	iorw,iorw	
      169225000	     16823	80009546	033fe933	rem	x18,x31,x19	 x31:0x0f848689 x19:0x00000001 x18=0x00000000
      169235000	     16824	8000954a	8f45	c.or	x14,x9	 x14:0x00000000  x9:0x00000356 x14=0x00000356
      169245000	     16825	8000954c	9bfd	c.andi	x15,-1	 x15:0xfffff80d x15=0xfffff80d
      169255000	     16826	8000954e	56ac0913	addi	x18,x24,1386	 x24:0xff800000 x18=0xff80056a
      169265000	     16827	80009552	00f75113	srli	x2,x14,0xf	 x14:0x00000356  x2=0x00000000
      169275000	     16828	80009556	002229b7	lui	x19,0x222	 x19=0x00222000
      169285000	     16829	8000955a	340e7373	csrrci	x6,mscratch,28	  x6=0x00000009
      169295000	     16830	8000955e	34031b73	csrrw	x22,mscratch,x6	  x6:0x00000009 x22=0x00000001
      169335000	     16834	80009562	0281b333	mulhu	x6,x3,x8	  x3:0x00000001  x8:0x80000000  x6=0x00000000
      169345000	     16835	80009566	01ad8533	add	x10,x27,x26	 x27:0xfffde095 x26:0x00000000 x10=0xfffde095
      169355000	     16836	8000956a	01a38b63	beq	x7,x26,80009580	  x7:0x00000000 x26:0x00000000
      169375000	     16838	80009580	01a0a8b3	slt	x17,x1,x26	  x1:0x00000001 x26:0x00000000 x17=0x00000000
      169385000	     16839	80009584	340dadf3	csrrs	x27,mscratch,x27	 x27:0xfffde095 x27=0x00000009
      169395000	     16840	80009588	0096eeb3	or	x29,x13,x9	 x13:0x00000000  x9:0x00000356 x29=0x00000356
      169405000	     16841	8000958c	0000100f	fence.i	
      169425000	     16843	80009590	8dd1	c.or	x11,x12	 x11:0x00000053 x12:0x80025ce4 x11=0x80025cf7
      169435000	     16844	80009592	8d89	c.sub	x11,x10	 x11:0x80025cf7 x10:0xfffde095 x11=0x80047c62
      169445000	     16845	80009594	8ea1	c.xor	x13,x8	 x13:0x00000000  x8:0x80000000 x13=0x80000000
      169455000	     16846	80009596	994a	c.add	x18,x18	 x18:0xff80056a x18:0xff80056a x18=0xff000ad4
      169465000	     16847	80009598	00a91c93	slli	x25,x18,0xa	 x18:0xff000ad4 x25=0x002b5000
      169475000	     16848	8000959c	8f0d	c.sub	x14,x11	 x14:0x00000356 x11:0x80047c62 x14=0x7ffb86f4
      169485000	     16849	8000959e	01d48133	add	x2,x9,x29	  x9:0x00000356 x29:0x00000356  x2=0x000006ac
      169495000	     16850	800095a2	8589	c.srai	x11,0x2	 x11:0x80047c62 x11=0xe0011f18
      169505000	     16851	800095a4	00e36363	bltu	x6,x14,800095aa	  x6:0x00000000 x14:0x7ffb86f4
      169525000	     16853	800095aa	91d6	c.add	x3,x21	  x3:0x00000001 x21:0x0000000a  x3=0x0000000b
      169535000	     16854	800095ac	8dad	c.xor	x11,x11	 x11:0xe0011f18 x11:0xe0011f18 x11=0x00000000
      169545000	     16855	800095ae	007d37b3	sltu	x15,x26,x7	 x26:0x00000000  x7:0x00000000 x15=0x00000000
      169555000	     16856	800095b2	34006773	csrrsi	x14,mscratch,0	 x14=0xfffde09d
      169565000	     16857	800095b6	5a7d	c.li	x20,-1	 x20=0xffffffff
      169575000	     16858	800095b8	412cd813	srai	x16,x25,0x12	 x25:0x002b5000 x16=0x0000000a
      169585000	     16859	800095bc	b1970f93	addi	x31,x14,-1255	 x14:0xfffde09d x31=0xfffddbb6
      169595000	     16860	800095c0	616d	c.addi16sp	x2,240	  x2:0x000006ac  x2=0x0000079c
      169605000	     16861	800095c2	0001	c.addi	x0,0	  x0:0x00000000  x0=0x00000000
      169615000	     16862	800095c4	00d939b3	sltu	x19,x18,x13	 x18:0xff000ad4 x13:0x80000000 x19=0x00000000
      169625000	     16863	800095c8	0001	c.addi	x0,0	  x0:0x00000000  x0=0x00000000
      169635000	     16864	800095ca	8806	c.mv	x16,x1	  x0:0x00000000  x1:0x00000001 x16=0x00000001
      169645000	     16865	800095cc	413b02b3	sub	x5,x22,x19	 x22:0x00000001 x19:0x00000000  x5=0x00000001
      169655000	     16866	800095d0	340113f3	csrrw	x7,mscratch,x2	  x2:0x0000079c  x7=0xfffde09d
      169695000	     16870	800095d4	02cd3d33	mulhu	x26,x26,x12	 x26:0x00000000 x12:0x80025ce4 x26=0x00000000
      169705000	     16871	800095d8	bc4a0993	addi	x19,x20,-1084	 x20:0xffffffff x19=0xfffffbc3
      169715000	     16872	800095dc	6251	c.lui	x4,0x14	  x4=0x00014000
      169725000	     16873	800095de	34065a73	csrrwi	x20,mscratch,12	 x20=0x0000079c
      169735000	     16874	800095e2	01050d63	beq	x10,x16,800095fc	 x10:0xfffde095 x16:0x00000001
      169745000	     16875	800095e6	01cf3eb3	sltu	x29,x30,x28	 x30:0x00000000 x28:0x80021e64 x29=0x00000001
      169755000	     16876	800095ea	0ff0000f	fence	iorw,iorw	
      169765000	     16877	800095ee	00519693	slli	x13,x3,0x5	  x3:0x0000000b x13=0x00000160
      169775000	     16878	800095f2	8f1d	c.sub	x14,x15	 x14:0xfffde09d x15:0x00000000 x14=0xfffde09d
      169785000	     16879	800095f4	00bd8fb3	add	x31,x27,x11	 x27:0x00000009 x11:0x00000000 x31=0x00000009
      170155000	     16916	800095f8	030342b3	div	x5,x6,x16	  x6:0x00000000 x16:0x00000001  x5=0x00000000
      170165000	     16917	800095fc	0001	c.addi	x0,0	  x0:0x00000000  x0=0x00000000
      170185000	     16919	800095fe	02b17933	remu	x18,x2,x11	  x2:0x0000079c x11:0x00000000 x18=0x0000079c
      170195000	     16920	80009602	0085d493	srli	x9,x11,0x8	 x11:0x00000000  x9=0x00000000
      170205000	     16921	80009606	34025273	csrrwi	x4,mscratch,4	  x4=0x0000000c
      170215000	     16922	8000960a	8fe9	c.and	x15,x10	 x15:0x00000000 x10:0xfffde095 x15=0x00000000
      170225000	     16923	8000960c	81b1	c.srli	x11,0xc	 x11:0x00000000 x11=0x00000000
      170235000	     16924	8000960e	0f8e	c.slli	x31,0x3	 x31:0x00000009 x31=0x00000048
      170275000	     16928	80009610	02949533	mulh	x10,x9,x9	  x9:0x00000000  x9:0x00000000 x10=0x00000000
      170285000	     16929	80009614	8189	c.srli	x11,0x2	 x11:0x00000000 x11=0x00000000
      170295000	     16930	80009616	8f4d	c.or	x14,x11	 x14:0xfffde09d x11:0x00000000 x14=0xfffde09d
      170305000	     16931	80009618	0000100f	fence.i	
      170685000	     16969	8000961c	0304c7b3	div	x15,x9,x16	  x9:0x00000000 x16:0x00000001 x15=0x00000000
      170695000	     16970	80009620	8fd5	c.or	x15,x13	 x15:0x00000000 x13:0x00000160 x15=0x00000160
      170705000	     16971	80009622	009e1363	bne	x28,x9,80009628	 x28:0x80021e64  x9:0x00000000
      170725000	     16973	80009628	008d60b3	or	x1,x26,x8	 x26:0x00000000  x8:0x80000000  x1=0x80000000
      170735000	     16974	8000962c	865daf13	slti	x30,x27,-1947	 x27:0x00000009 x30=0x00000000
      170745000	     16975	80009630	4d4d	c.li	x26,19	 x26=0x00000013
      170755000	     16976	80009632	0f08	c.addi4spn	x10,x2,912	 x10=0x00000b2c
      170765000	     16977	80009634	0001	c.addi	x0,0	  x0:0x00000000  x0=0x00000000
      170775000	     16978	80009636	4098d193	srai	x3,x17,0x9	 x17:0x00000000  x3=0x00000000
      170785000	     16979	8000963a	34006df3	csrrsi	x27,mscratch,0	 x27=0x00000004
      170795000	     16980	8000963e	0308d163	bge	x17,x16,80009660	 x17:0x00000000 x16:0x00000001
      170805000	     16981	80009642	005be6b3	or	x13,x23,x5	 x23:0x00000000  x5:0x00000000 x13=0x00000000
      170815000	     16982	80009646	8cfb8eb7	lui	x29,0x8cfb8	 x29=0x8cfb8000
      170835000	     16984	8000964a	029755b3	divu	x11,x14,x9	 x14:0xfffde09d  x9:0x00000000 x11=0xffffffff
      170875000	     16988	8000964e	03d33133	mulhu	x2,x6,x29	  x6:0x00000000 x29:0x8cfb8000  x2=0x00000000
      170885000	     16989	80009652	8169	c.srli	x10,0x1a	 x10:0x00000b2c x10=0x00000000
      170895000	     16990	80009654	3402d073	csrrwi	x0,mscratch,5	  x0=0x00000000
      170905000	     16991	80009658	00d15b93	srli	x23,x2,0xd	  x2:0x00000000 x23=0x00000000
      170915000	     16992	8000965c	3403a573	csrrs	x10,mscratch,x7	  x7:0xfffde09d x10=0x00000005
      170925000	     16993	80009660	03f9	c.addi	x7,30	  x7:0xfffde09d  x7=0xfffde0bb
      170935000	     16994	80009662	0007f663	bgeu	x15,x0,8000966e	 x15:0x00000160  x0:0x00000000
      170965000	     16997	8000966e	01a04233	xor	x4,x0,x26	  x0:0x00000000 x26:0x00000013  x4=0x00000013
      170975000	     16998	80009672	00c86733	or	x14,x16,x12	 x16:0x00000001 x12:0x80025ce4 x14=0x80025ce5
      171015000	     17002	80009676	03b33ab3	mulhu	x21,x6,x27	  x6:0x00000000 x27:0x00000004 x21=0x00000000
      171025000	     17003	8000967a	004d0033	add	x0,x26,x4	 x26:0x00000013  x4:0x00000013  x0=0x00000000
      171035000	     17004	8000967e	40d75013	srai	x0,x14,0xd	 x14:0x80025ce5  x0=0x00000000
      171045000	     17005	80009682	77f7c113	xori	x2,x15,1919	 x15:0x00000160  x2=0x0000061f
      171055000	     17006	80009686	e22d0693	addi	x13,x26,-478	 x26:0x00000013 x13=0xfffffe35
      171065000	     17007	8000968a	0001	c.addi	x0,0	  x0:0x00000000  x0=0x00000000
      171075000	     17008	8000968c	02f9bb13	sltiu	x22,x19,47	 x19:0xfffffbc3 x22=0x00000000
      171085000	     17009	80009690	00af1713	slli	x14,x30,0xa	 x30:0x00000000 x14=0x00000000
      171095000	     17010	80009694	0136	c.slli	x2,0xd	  x2:0x0000061f  x2=0x00c3e000
      171105000	     17011	80009696	00b65263	bge	x12,x11,8000969a	 x12:0x80025ce4 x11:0xffffffff
      171115000	     17012	8000969a	340d1573	csrrw	x10,mscratch,x26	 x26:0x00000013 x10=0xfffde09d
      171125000	     17013	8000969e	ffff7417	auipc	x8,0xffff7	  x8=0x8000069e
      171135000	     17014	800096a2	cc040413	addi	x8,x8,-832	  x8:0x8000069e  x8=0x8000035e
      171145000	     17015	800096a6	00040067	jalr	x0,0(x8)	  x8:0x8000035e  x0=0x00000000
      171175000	     17018	8000035e	90000cb7	lui	x25,0x90000	 x25=0x90000000
      171185000	     17019	80000362	1ce1	c.addi	x25,-8	 x25:0x90000000 x25=0x8ffffff8
      171195000	     17020	80000364	4381	c.li	x7,0	  x7=0x00000000
      171205000	     17021	80000366	03a2	c.slli	x7,0x8	  x7:0x00000000  x7=0x00000000
      171215000	     17022	80000368	0385	c.addi	x7,1	  x7:0x00000000  x7=0x00000001
      171225000	     17023	8000036a	007ca023	sw	x7,0(x25)	 x25:0x8ffffff8  x7:0x00000001 PA:0x8ffffff8 store:0x00000001 load:0x00000000
      171235000	     17024	8000036e	00000073	ecall	
      171265000	     17027	80002700	0800006f	jal	x0,80002780	  x0=0x00000000
      171285000	     17029	80002780	1671	c.addi	x12,-4	 x12:0x80025ce4 x12=0x80025ce0
      171295000	     17030	80002782	01c62023	sw	x28,0(x12)	 x12:0x80025ce0 x28:0x80021e64 PA:0x80025ce0 store:0x80021e64 load:0x00000000
