Time	Cycle	PC	Insn	Decoded instruction	Register and memory contents
        1055000	         6	80000080	40001637	lui	x12,0x40001	 x12=0x40001000
        1065000	         7	80000084	10660613	addi	x12,x12,262	 x12:0x40001000 x12=0x40001106
        1075000	         8	80000088	30161073	csrrw	x0,misa,x12	 x12:0x40001106  x0=0x00000000
        1105000	        11	8000008c	00026d17	auipc	x26,0x26	 x26=0x8002608c
        1115000	        12	80000090	c58d0d13	addi	x26,x26,-936	 x26:0x8002608c x26=0x80025ce4
        1125000	        13	80000094	00002617	auipc	x12,0x2	 x12=0x80002094
        1135000	        14	80000098	66c60613	addi	x12,x12,1644	 x12:0x80002094 x12=0x80002700
        1145000	        15	8000009c	00166613	ori	x12,x12,1	 x12:0x80002700 x12=0x80002701
        1155000	        16	800000a0	30561073	csrrw	x0,mtvec,x12	 x12:0x80002701  x0=0x00000000
        1185000	        19	800000a4	74725073	csrrwi	x0,0x747,4	  x0=0x00000000
        1215000	        22	800000a8	00003397	auipc	x7,0x3	  x7=0x800030a8
        1225000	        23	800000ac	40038393	addi	x7,x7,1024	  x7:0x800030a8  x7=0x800034a8
        1235000	        24	800000b0	4601	c.li	x12,0	 x12=0x00000000
        1245000	        25	800000b2	93b2	c.add	x7,x12	  x7:0x800034a8 x12:0x00000000  x7=0x800034a8
        1255000	        26	800000b4	0023d393	srli	x7,x7,0x2	  x7:0x800034a8  x7=0x20000d2a
        1265000	        27	800000b8	3b039073	csrrw	x0,pmpaddr0,x7	  x7:0x20000d2a  x0=0x00000000
        1295000	        30	800000bc	00003397	auipc	x7,0x3	  x7=0x800030bc
        1305000	        31	800000c0	3ec38393	addi	x7,x7,1004	  x7:0x800030bc  x7=0x800034a8
        1315000	        32	800000c4	11111637	lui	x12,0x11111	 x12=0x11111000
        1325000	        33	800000c8	11160613	addi	x12,x12,273	 x12:0x11111000 x12=0x11111111
        1335000	        34	800000cc	93b2	c.add	x7,x12	  x7:0x800034a8 x12:0x11111111  x7=0x911145b9
        1345000	        35	800000ce	0023d393	srli	x7,x7,0x2	  x7:0x911145b9  x7=0x2444516e
        1355000	        36	800000d2	3b139073	csrrw	x0,pmpaddr1,x7	  x7:0x2444516e  x0=0x00000000
        1385000	        39	800000d6	00003397	auipc	x7,0x3	  x7=0x800030d6
        1395000	        40	800000da	3d238393	addi	x7,x7,978	  x7:0x800030d6  x7=0x800034a8
        1405000	        41	800000de	22222637	lui	x12,0x22222	 x12=0x22222000
        1415000	        42	800000e2	22260613	addi	x12,x12,546	 x12:0x22222000 x12=0x22222222
        1425000	        43	800000e6	93b2	c.add	x7,x12	  x7:0x800034a8 x12:0x22222222  x7=0xa22256ca
        1435000	        44	800000e8	0023d393	srli	x7,x7,0x2	  x7:0xa22256ca  x7=0x288895b2
        1445000	        45	800000ec	3b239073	csrrw	x0,pmpaddr2,x7	  x7:0x288895b2  x0=0x00000000
        1475000	        48	800000f0	00003397	auipc	x7,0x3	  x7=0x800030f0
        1485000	        49	800000f4	3b838393	addi	x7,x7,952	  x7:0x800030f0  x7=0x800034a8
        1495000	        50	800000f8	33333637	lui	x12,0x33333	 x12=0x33333000
        1505000	        51	800000fc	33360613	addi	x12,x12,819	 x12:0x33333000 x12=0x33333333
        1515000	        52	80000100	93b2	c.add	x7,x12	  x7:0x800034a8 x12:0x33333333  x7=0xb33367db
        1525000	        53	80000102	0023d393	srli	x7,x7,0x2	  x7:0xb33367db  x7=0x2cccd9f6
        1535000	        54	80000106	3b339073	csrrw	x0,pmpaddr3,x7	  x7:0x2cccd9f6  x0=0x00000000
        1565000	        57	8000010a	0f0f13b7	lui	x7,0xf0f1	  x7=0x0f0f1000
        1575000	        58	8000010e	f0f38393	addi	x7,x7,-241	  x7:0x0f0f1000  x7=0x0f0f0f0f
        1585000	        59	80000112	3a039073	csrrw	x0,pmpcfg0,x7	  x7:0x0f0f0f0f  x0=0x00000000
        1615000	        62	80000116	00003397	auipc	x7,0x3	  x7=0x80003116
        1625000	        63	8000011a	39238393	addi	x7,x7,914	  x7:0x80003116  x7=0x800034a8
        1635000	        64	8000011e	44444637	lui	x12,0x44444	 x12=0x44444000
        1645000	        65	80000122	44460613	addi	x12,x12,1092	 x12:0x44444000 x12=0x44444444
        1655000	        66	80000126	93b2	c.add	x7,x12	  x7:0x800034a8 x12:0x44444444  x7=0xc44478ec
        1665000	        67	80000128	0023d393	srli	x7,x7,0x2	  x7:0xc44478ec  x7=0x31111e3b
        1675000	        68	8000012c	3b439073	csrrw	x0,pmpaddr4,x7	  x7:0x31111e3b  x0=0x00000000
        1705000	        71	80000130	00003397	auipc	x7,0x3	  x7=0x80003130
        1715000	        72	80000134	37838393	addi	x7,x7,888	  x7:0x80003130  x7=0x800034a8
        1725000	        73	80000138	55555637	lui	x12,0x55555	 x12=0x55555000
        1735000	        74	8000013c	55560613	addi	x12,x12,1365	 x12:0x55555000 x12=0x55555555
        1745000	        75	80000140	93b2	c.add	x7,x12	  x7:0x800034a8 x12:0x55555555  x7=0xd55589fd
        1755000	        76	80000142	0023d393	srli	x7,x7,0x2	  x7:0xd55589fd  x7=0x3555627f
        1765000	        77	80000146	3b539073	csrrw	x0,pmpaddr5,x7	  x7:0x3555627f  x0=0x00000000
        1795000	        80	8000014a	00003397	auipc	x7,0x3	  x7=0x8000314a
        1805000	        81	8000014e	35e38393	addi	x7,x7,862	  x7:0x8000314a  x7=0x800034a8
        1815000	        82	80000152	66666637	lui	x12,0x66666	 x12=0x66666000
        1825000	        83	80000156	66660613	addi	x12,x12,1638	 x12:0x66666000 x12=0x66666666
        1835000	        84	8000015a	93b2	c.add	x7,x12	  x7:0x800034a8 x12:0x66666666  x7=0xe6669b0e
        1845000	        85	8000015c	0023d393	srli	x7,x7,0x2	  x7:0xe6669b0e  x7=0x3999a6c3
        1855000	        86	80000160	3b639073	csrrw	x0,pmpaddr6,x7	  x7:0x3999a6c3  x0=0x00000000
        1885000	        89	80000164	00003397	auipc	x7,0x3	  x7=0x80003164
        1895000	        90	80000168	34438393	addi	x7,x7,836	  x7:0x80003164  x7=0x800034a8
        1905000	        91	8000016c	77777637	lui	x12,0x77777	 x12=0x77777000
        1915000	        92	80000170	77760613	addi	x12,x12,1911	 x12:0x77777000 x12=0x77777777
        1925000	        93	80000174	93b2	c.add	x7,x12	  x7:0x800034a8 x12:0x77777777  x7=0xf777ac1f
        1935000	        94	80000176	0023d393	srli	x7,x7,0x2	  x7:0xf777ac1f  x7=0x3dddeb07
        1945000	        95	8000017a	3b739073	csrrw	x0,pmpaddr7,x7	  x7:0x3dddeb07  x0=0x00000000
        1975000	        98	8000017e	0f0f13b7	lui	x7,0xf0f1	  x7=0x0f0f1000
        1985000	        99	80000182	f0f38393	addi	x7,x7,-241	  x7:0x0f0f1000  x7=0x0f0f0f0f
        1995000	       100	80000186	3a139073	csrrw	x0,pmpcfg1,x7	  x7:0x0f0f0f0f  x0=0x00000000
        2025000	       103	8000018a	00003397	auipc	x7,0x3	  x7=0x8000318a
        2035000	       104	8000018e	31e38393	addi	x7,x7,798	  x7:0x8000318a  x7=0x800034a8
        2045000	       105	80000192	88889637	lui	x12,0x88889	 x12=0x88889000
        2055000	       106	80000196	88860613	addi	x12,x12,-1912	 x12:0x88889000 x12=0x88888888
        2065000	       107	8000019a	93b2	c.add	x7,x12	  x7:0x800034a8 x12:0x88888888  x7=0x0888bd30
        2075000	       108	8000019c	0023d393	srli	x7,x7,0x2	  x7:0x0888bd30  x7=0x02222f4c
        2085000	       109	800001a0	3b839073	csrrw	x0,pmpaddr8,x7	  x7:0x02222f4c  x0=0x00000000
        2115000	       112	800001a4	00003397	auipc	x7,0x3	  x7=0x800031a4
        2125000	       113	800001a8	30438393	addi	x7,x7,772	  x7:0x800031a4  x7=0x800034a8
        2135000	       114	800001ac	9999a637	lui	x12,0x9999a	 x12=0x9999a000
        2145000	       115	800001b0	99960613	addi	x12,x12,-1639	 x12:0x9999a000 x12=0x99999999
        2155000	       116	800001b4	93b2	c.add	x7,x12	  x7:0x800034a8 x12:0x99999999  x7=0x1999ce41
        2165000	       117	800001b6	0023d393	srli	x7,x7,0x2	  x7:0x1999ce41  x7=0x06667390
        2175000	       118	800001ba	3b939073	csrrw	x0,pmpaddr9,x7	  x7:0x06667390  x0=0x00000000
        2205000	       121	800001be	00003397	auipc	x7,0x3	  x7=0x800031be
        2215000	       122	800001c2	2ea38393	addi	x7,x7,746	  x7:0x800031be  x7=0x800034a8
        2225000	       123	800001c6	aaaab637	lui	x12,0xaaaab	 x12=0xaaaab000
        2235000	       124	800001ca	aaa60613	addi	x12,x12,-1366	 x12:0xaaaab000 x12=0xaaaaaaaa
        2245000	       125	800001ce	93b2	c.add	x7,x12	  x7:0x800034a8 x12:0xaaaaaaaa  x7=0x2aaadf52
        2255000	       126	800001d0	0023d393	srli	x7,x7,0x2	  x7:0x2aaadf52  x7=0x0aaab7d4
        2265000	       127	800001d4	3ba39073	csrrw	x0,pmpaddr10,x7	  x7:0x0aaab7d4  x0=0x00000000
        2295000	       130	800001d8	00003397	auipc	x7,0x3	  x7=0x800031d8
        2305000	       131	800001dc	2d038393	addi	x7,x7,720	  x7:0x800031d8  x7=0x800034a8
        2315000	       132	800001e0	bbbbc637	lui	x12,0xbbbbc	 x12=0xbbbbc000
        2325000	       133	800001e4	bbb60613	addi	x12,x12,-1093	 x12:0xbbbbc000 x12=0xbbbbbbbb
        2335000	       134	800001e8	93b2	c.add	x7,x12	  x7:0x800034a8 x12:0xbbbbbbbb  x7=0x3bbbf063
        2345000	       135	800001ea	0023d393	srli	x7,x7,0x2	  x7:0x3bbbf063  x7=0x0eeefc18
        2355000	       136	800001ee	3bb39073	csrrw	x0,pmpaddr11,x7	  x7:0x0eeefc18  x0=0x00000000
        2385000	       139	800001f2	0f0f13b7	lui	x7,0xf0f1	  x7=0x0f0f1000
        2395000	       140	800001f6	f0f38393	addi	x7,x7,-241	  x7:0x0f0f1000  x7=0x0f0f0f0f
        2405000	       141	800001fa	3a239073	csrrw	x0,pmpcfg2,x7	  x7:0x0f0f0f0f  x0=0x00000000
        2435000	       144	800001fe	00003397	auipc	x7,0x3	  x7=0x800031fe
        2445000	       145	80000202	2aa38393	addi	x7,x7,682	  x7:0x800031fe  x7=0x800034a8
        2455000	       146	80000206	ccccd637	lui	x12,0xccccd	 x12=0xccccd000
        2465000	       147	8000020a	ccc60613	addi	x12,x12,-820	 x12:0xccccd000 x12=0xcccccccc
        2475000	       148	8000020e	93b2	c.add	x7,x12	  x7:0x800034a8 x12:0xcccccccc  x7=0x4ccd0174
        2485000	       149	80000210	0023d393	srli	x7,x7,0x2	  x7:0x4ccd0174  x7=0x1333405d
        2495000	       150	80000214	3bc39073	csrrw	x0,pmpaddr12,x7	  x7:0x1333405d  x0=0x00000000
        2525000	       153	80000218	00003397	auipc	x7,0x3	  x7=0x80003218
        2535000	       154	8000021c	29038393	addi	x7,x7,656	  x7:0x80003218  x7=0x800034a8
        2545000	       155	80000220	dddde637	lui	x12,0xdddde	 x12=0xdddde000
        2555000	       156	80000224	ddd60613	addi	x12,x12,-547	 x12:0xdddde000 x12=0xdddddddd
        2565000	       157	80000228	93b2	c.add	x7,x12	  x7:0x800034a8 x12:0xdddddddd  x7=0x5dde1285
        2575000	       158	8000022a	0023d393	srli	x7,x7,0x2	  x7:0x5dde1285  x7=0x177784a1
        2585000	       159	8000022e	3bd39073	csrrw	x0,pmpaddr13,x7	  x7:0x177784a1  x0=0x00000000
        2615000	       162	80000232	00003397	auipc	x7,0x3	  x7=0x80003232
        2625000	       163	80000236	27638393	addi	x7,x7,630	  x7:0x80003232  x7=0x800034a8
        2635000	       164	8000023a	eeeef637	lui	x12,0xeeeef	 x12=0xeeeef000
        2645000	       165	8000023e	eee60613	addi	x12,x12,-274	 x12:0xeeeef000 x12=0xeeeeeeee
        2655000	       166	80000242	93b2	c.add	x7,x12	  x7:0x800034a8 x12:0xeeeeeeee  x7=0x6eef2396
        2665000	       167	80000244	0023d393	srli	x7,x7,0x2	  x7:0x6eef2396  x7=0x1bbbc8e5
        2675000	       168	80000248	3be39073	csrrw	x0,pmpaddr14,x7	  x7:0x1bbbc8e5  x0=0x00000000
        2705000	       171	8000024c	00003397	auipc	x7,0x3	  x7=0x8000324c
        2715000	       172	80000250	25c38393	addi	x7,x7,604	  x7:0x8000324c  x7=0x800034a8
        2725000	       173	80000254	fff00613	addi	x12,x0,-1	  x0:0x00000000 x12=0xffffffff
        2735000	       174	80000258	93b2	c.add	x7,x12	  x7:0x800034a8 x12:0xffffffff  x7=0x800034a7
        2745000	       175	8000025a	0023d393	srli	x7,x7,0x2	  x7:0x800034a7  x7=0x20000d29
        2755000	       176	8000025e	3bf39073	csrrw	x0,pmpaddr15,x7	  x7:0x20000d29  x0=0x00000000
        2785000	       179	80000262	0f0f13b7	lui	x7,0xf0f1	  x7=0x0f0f1000
        2795000	       180	80000266	f0f38393	addi	x7,x7,-241	  x7:0x0f0f1000  x7=0x0f0f0f0f
        2805000	       181	8000026a	3a339073	csrrw	x0,pmpcfg3,x7	  x7:0x0f0f0f0f  x0=0x00000000
        2835000	       184	8000026e	00000617	auipc	x12,0x0	 x12=0x8000026e
        2845000	       185	80000272	05860613	addi	x12,x12,88	 x12:0x8000026e x12=0x800002c6
        2855000	       186	80000276	34161073	csrrw	x0,mepc,x12	 x12:0x800002c6  x0=0x00000000
        2865000	       187	8000027a	7c00d073	csrrwi	x0,0x7c0,1	  x0=0x00000000
        2895000	       190	8000027e	6609	c.lui	x12,0x2	 x12=0x00002000
        2905000	       191	80000280	80060613	addi	x12,x12,-2048	 x12:0x00002000 x12=0x00001800
        2915000	       192	80000284	30061073	csrrw	x0,mstatus,x12	 x12:0x00001800  x0=0x00000000
        2945000	       195	80000288	4601	c.li	x12,0	 x12=0x00000000
        2955000	       196	8000028a	30461073	csrrw	x0,mie,x12	 x12:0x00000000  x0=0x00000000
        2985000	       199	8000028e	90000b37	lui	x22,0x90000	 x22=0x90000000
        2995000	       200	80000292	1b71	c.addi	x22,-4	 x22:0x90000000 x22=0x8ffffffc
        3005000	       201	80000294	30000613	addi	x12,x0,768	  x0:0x00000000 x12=0x00000300
        3015000	       202	80000298	0622	c.slli	x12,0x8	 x12:0x00000300 x12=0x00030000
        3025000	       203	8000029a	060d	c.addi	x12,3	 x12:0x00030000 x12=0x00030003
        3035000	       204	8000029c	00cb2023	sw	x12,0(x22)	 x22:0x8ffffffc x12:0x00030003 PA:0x8ffffffc store:0x00030003 load:0x00000000
        3045000	       205	800002a0	30002673	csrrs	x12,mstatus,x0	  x0:0x00000000 x12=0x00001800
        3055000	       206	800002a4	00cb2023	sw	x12,0(x22)	 x22:0x8ffffffc x12:0x00001800 PA:0x8ffffffc store:0x00001800 load:0x00000000
        3065000	       207	800002a8	90000b37	lui	x22,0x90000	 x22=0x90000000
        3075000	       208	800002ac	1b71	c.addi	x22,-4	 x22:0x90000000 x22=0x8ffffffc
        3085000	       209	800002ae	30400613	addi	x12,x0,772	  x0:0x00000000 x12=0x00000304
        3095000	       210	800002b2	0622	c.slli	x12,0x8	 x12:0x00000304 x12=0x00030400
        3105000	       211	800002b4	060d	c.addi	x12,3	 x12:0x00030400 x12=0x00030403
        3115000	       212	800002b6	00cb2023	sw	x12,0(x22)	 x22:0x8ffffffc x12:0x00030403 PA:0x8ffffffc store:0x00030403 load:0x00000000
        3125000	       213	800002ba	30402673	csrrs	x12,mie,x0	  x0:0x00000000 x12=0x00000000
        3135000	       214	800002be	00cb2023	sw	x12,0(x22)	 x22:0x8ffffffc x12:0x00000000 PA:0x8ffffffc store:0x00000000 load:0x00000000
        3145000	       215	800002c2	30200073	mret	
        3185000	       219	800002c6	cdc0a037	lui	x0,0xcdc0a	  x0=0x00000000
        3195000	       220	800002ca	ec900013	addi	x0,x0,-311	  x0:0x00000000  x0=0x00000000
        3205000	       221	800002ce	800000b7	lui	x1,0x80000	  x1=0x80000000
        3215000	       222	800002d2	80000137	lui	x2,0x80000	  x2=0x80000000
        3225000	       223	800002d6	fff6f1b7	lui	x3,0xfff6f	  x3=0xfff6f000
        3235000	       224	800002da	beb18193	addi	x3,x3,-1045	  x3:0xfff6f000  x3=0xfff6ebeb
        3245000	       225	800002de	420d	c.li	x4,3	  x4=0x00000003
        3255000	       226	800002e0	4281	c.li	x5,0	  x5=0x00000000
        3265000	       227	800002e2	80000337	lui	x6,0x80000	  x6=0x80000000
        3275000	       228	800002e6	faeba3b7	lui	x7,0xfaeba	  x7=0xfaeba000
        3285000	       229	800002ea	c0938393	addi	x7,x7,-1015	  x7:0xfaeba000  x7=0xfaeb9c09
        3295000	       230	800002ee	4411	c.li	x8,4	  x8=0x00000004
        3305000	       231	800002f0	4499	c.li	x9,6	  x9=0x00000006
        3315000	       232	800002f2	ff3c4537	lui	x10,0xff3c4	 x10=0xff3c4000
        3325000	       233	800002f6	09b50513	addi	x10,x10,155	 x10:0xff3c4000 x10=0xff3c409b
        3335000	       234	800002fa	f8f265b7	lui	x11,0xf8f26	 x11=0xf8f26000
        3345000	       235	800002fe	25c58593	addi	x11,x11,604	 x11:0xf8f26000 x11=0xf8f2625c
        3355000	       236	80000302	80000637	lui	x12,0x80000	 x12=0x80000000
        3365000	       237	80000306	46ad	c.li	x13,11	 x13=0x0000000b
        3375000	       238	80000308	7f8da737	lui	x14,0x7f8da	 x14=0x7f8da000
        3385000	       239	8000030c	33470713	addi	x14,x14,820	 x14:0x7f8da000 x14=0x7f8da334
        3395000	       240	80000310	fd2187b7	lui	x15,0xfd218	 x15=0xfd218000
        3405000	       241	80000314	87b78793	addi	x15,x15,-1925	 x15:0xfd218000 x15=0xfd21787b
        3415000	       242	80000318	4801	c.li	x16,0	 x16=0x00000000
        3425000	       243	8000031a	489d	c.li	x17,7	 x17=0x00000007
        3435000	       244	8000031c	4911	c.li	x18,4	 x18=0x00000004
        3445000	       245	8000031e	f15b6a37	lui	x20,0xf15b6	 x20=0xf15b6000
        3455000	       246	80000322	b64a0a13	addi	x20,x20,-1180	 x20:0xf15b6000 x20=0xf15b5b64
        3465000	       247	80000326	f2d69ab7	lui	x21,0xf2d69	 x21=0xf2d69000
        3475000	       248	8000032a	361a8a93	addi	x21,x21,865	 x21:0xf2d69000 x21=0xf2d69361
        3485000	       249	8000032e	4b01	c.li	x22,0	 x22=0x00000000
        3495000	       250	80000330	8fde9bb7	lui	x23,0x8fde9	 x23=0x8fde9000
        3505000	       251	80000334	a6fb8b93	addi	x23,x23,-1425	 x23:0x8fde9000 x23=0x8fde8a6f
        3515000	       252	80000338	4c09	c.li	x24,2	 x24=0x00000002
        3525000	       253	8000033a	7576bcb7	lui	x25,0x7576b	 x25=0x7576b000
        3535000	       254	8000033e	d53c8c93	addi	x25,x25,-685	 x25:0x7576b000 x25=0x7576ad53
        3545000	       255	80000342	80000db7	lui	x27,0x80000	 x27=0x80000000
        3555000	       256	80000346	4e01	c.li	x28,0	 x28=0x00000000
        3565000	       257	80000348	d947feb7	lui	x29,0xd947f	 x29=0xd947f000
        3575000	       258	8000034c	9b5e8e93	addi	x29,x29,-1611	 x29:0xd947f000 x29=0xd947e9b5
        3585000	       259	80000350	4f2d	c.li	x30,11	 x30=0x0000000b
        3595000	       260	80000352	4f8d	c.li	x31,3	 x31=0x00000003
        3605000	       261	80000354	00022997	auipc	x19,0x22	 x19=0x80022354
        3615000	       262	80000358	b1098993	addi	x19,x19,-1264	 x19:0x80022354 x19=0x80021e64
        3625000	       263	8000035c	90000b37	lui	x22,0x90000	 x22=0x90000000
        3635000	       264	80000360	1b71	c.addi	x22,-4	 x22:0x90000000 x22=0x8ffffffc
        3645000	       265	80000362	4601	c.li	x12,0	 x12=0x00000000
        3655000	       266	80000364	0622	c.slli	x12,0x8	 x12:0x00000000 x12=0x00000000
        3665000	       267	80000366	00060613	addi	x12,x12,0	 x12:0x00000000 x12=0x00000000
        3675000	       268	8000036a	00cb2023	sw	x12,0(x22)	 x22:0x8ffffffc x12:0x00000000 PA:0x8ffffffc store:0x00000000 load:0x00000000
        3685000	       269	8000036e	13a0306f	jal	x0,800034a8	  x0=0x00000000
        3705000	       271	800034a8	41368633	sub	x12,x13,x19	 x13:0x0000000b x19:0x80021e64 x12=0x7ffde1a7
        3715000	       272	800034ac	40e18a33	sub	x20,x3,x14	  x3:0xfff6ebeb x14:0x7f8da334 x20=0x806948b7
        3725000	       273	800034b0	55577a93	andi	x21,x14,1365	 x14:0x7f8da334 x21=0x00000114
        3735000	       274	800034b4	84d9	c.srai	x9,0x16	  x9:0x00000006  x9=0x00000000
        3745000	       275	800034b6	0000100f	fence.i	
        4135000	       314	800034ba	021d6a33	rem	x20,x26,x1	 x26:0x80025ce4  x1:0x80000000 x20=0x80025ce4
        4145000	       315	800034be	000fd833	srl	x16,x31,x0	 x31:0x00000003  x0:0x00000000 x16=0x00000003
        4155000	       316	800034c2	9272	c.add	x4,x28	  x4:0x00000003 x28:0x00000000  x4=0x00000003
        4165000	       317	800034c4	01865fb3	srl	x31,x12,x24	 x12:0x7ffde1a7 x24:0x00000002 x31=0x1fff7869
        4175000	       318	800034c8	002785b3	add	x11,x15,x2	 x15:0xfd21787b  x2:0x80000000 x11=0x7d21787b
        4185000	       319	800034cc	c829	c.beqz	x8,8000351e	  x8:0x00000004
        4195000	       320	800034ce	8342	c.mv	x6,x16	  x0:0x00000000 x16:0x00000003  x6=0x00000003
        4565000	       357	800034d0	03d4ddb3	divu	x27,x9,x29	  x9:0x00000000 x29:0xd947e9b5 x27=0x00000000
        4935000	       394	800034d4	031ef333	remu	x6,x29,x17	 x29:0xd947e9b5 x17:0x00000007  x6=0x00000002
        4975000	       398	800034d8	02c63933	mulhu	x18,x12,x12	 x12:0x7ffde1a7 x12:0x7ffde1a7 x18=0x3ffde1ab
        4985000	       399	800034dc	00003717	auipc	x14,0x3	 x14=0x800064dc
        4995000	       400	800034e0	cde70713	addi	x14,x14,-802	 x14:0x800064dc x14=0x800061ba
        5005000	       401	800034e4	00ed9f13	slli	x30,x27,0xe	 x27:0x00000000 x30=0x00000000
        5015000	       402	800034e8	d5870713	addi	x14,x14,-680	 x14:0x800061ba x14=0x80005f12
        5025000	       403	800034ec	e19065b7	lui	x11,0xe1906	 x11=0xe1906000
        5035000	       404	800034f0	4061d813	srai	x16,x3,0x6	  x3:0xfff6ebeb x16=0xffffdbaf
        5045000	       405	800034f4	34076173	csrrsi	x2,mscratch,14	  x2=0x00000000
        5055000	       406	800034f8	7b89fa93	andi	x21,x19,1976	 x19:0x80021e64 x21=0x00000620
        5065000	       407	800034fc	01f35493	srli	x9,x6,0x1f	  x6:0x00000002  x9=0x00000000
        5075000	       408	80003500	2a870ce7	jalr	x25,680(x14)	 x14:0x80005f12 x25=0x80003504
        5105000	       411	800061ba	0019d093	srli	x1,x19,0x1	 x19:0x80021e64  x1=0x40010f32
        5115000	       412	800061be	fc098993	addi	x19,x19,-64	 x19:0x80021e64 x19=0x80021e24
        5125000	       413	800061c2	c7993893	sltiu	x17,x18,-903	 x18:0x3ffde1ab x17=0x00000001
        5135000	       414	800061c6	340e1373	csrrw	x6,mscratch,x28	 x28:0x00000000  x6=0x0000000e
        5145000	       415	800061ca	0199a223	sw	x25,4(x19)	 x19:0x80021e24 x25:0x80003504 PA:0x80021e28 store:0x80003504 load:0x00000000
        5155000	       416	800061ce	08e1	c.addi	x17,24	 x17:0x00000001 x17=0x00000019
        5165000	       417	800061d0	40f8d4b3	sra	x9,x17,x15	 x17:0x00000019 x15:0xfd21787b  x9=0x00000000
        5175000	       418	800061d4	8bd9	c.andi	x15,22	 x15:0xfd21787b x15=0x00000012
        5185000	       419	800061d6	8f81	c.sub	x15,x8	 x15:0x00000012  x8:0x00000004 x15=0x0000000e
        5195000	       420	800061d8	40375133	sra	x2,x14,x3	 x14:0x80005f12  x3:0xfff6ebeb  x2=0xfff0000b
        5215000	       422	800061dc	03ca61b3	rem	x3,x20,x28	 x20:0x80025ce4 x28:0x00000000  x3=0x80025ce4
        5225000	       423	800061e0	0ff0000f	fence	iorw,iorw	
        5235000	       424	800061e4	011fd333	srl	x6,x31,x17	 x31:0x1fff7869 x17:0x00000019  x6=0x0000000f
        5245000	       425	800061e8	0ff0000f	fence	iorw,iorw	
        5255000	       426	800061ec	008a1663	bne	x20,x8,800061f8	 x20:0x80025ce4  x8:0x00000004
        5275000	       428	800061f8	9adfdcef	jal	x25,80003ba4	 x25=0x800061fc
        5295000	       430	80003ba4	018225b3	slt	x11,x4,x24	  x4:0x00000003 x24:0x00000002 x11=0x00000000
        5305000	       431	80003ba8	01e65593	srli	x11,x12,0x1e	 x12:0x7ffde1a7 x11=0x00000001
        5345000	       435	80003bac	02579533	mulh	x10,x15,x5	 x15:0x0000000e  x5:0x00000000 x10=0x00000000
        5355000	       436	80003bb0	613d	c.addi16sp	x2,480	  x2:0xfff0000b  x2=0xfff001eb
        5365000	       437	80003bb2	87a1	c.srai	x15,0x8	 x15:0x0000000e x15=0x00000000
        5375000	       438	80003bb4	e109	c.bnez	x10,80003bb6	 x10:0x00000000
        5385000	       439	80003bb6	fd098993	addi	x19,x19,-48	 x19:0x80021e24 x19=0x80021df4
        5395000	       440	80003bba	340061f3	csrrsi	x3,mscratch,0	  x3=0x00000000
        5405000	       441	80003bbe	0199a223	sw	x25,4(x19)	 x19:0x80021df4 x25:0x800061fc PA:0x80021df8 store:0x800061fc load:0x00000000
        5415000	       442	80003bc2	78a23f13	sltiu	x30,x4,1930	  x4:0x00000003 x30=0x00000001
        5425000	       443	80003bc6	8e21	c.xor	x12,x8	 x12:0x7ffde1a7  x8:0x00000004 x12=0x7ffde1a3
        5435000	       444	80003bc8	4831	c.li	x16,12	 x16=0x0000000c
        5445000	       445	80003bca	01bb4a63	blt	x22,x27,80003bde	 x22:0x8ffffffc x27:0x00000000
        5465000	       447	80003bde	cb1d	c.beqz	x14,80003c14	 x14:0x80005f12
        5475000	       448	80003be0	4189d233	sra	x4,x19,x24	 x19:0x80021df4 x24:0x00000002  x4=0xe000877d
        5845000	       485	80003be4	02c4c5b3	div	x11,x9,x12	  x9:0x00000000 x12:0x7ffde1a3 x11=0x00000000
        5855000	       486	80003be8	ef905917	auipc	x18,0xef905	 x18=0x6f908be8
        5865000	       487	80003bec	0001	c.addi	x0,0	  x0:0x00000000  x0=0x00000000
        5875000	       488	80003bee	8185	c.srli	x11,0x1	 x11:0x00000000 x11=0x00000000
        5885000	       489	80003bf0	0c2fb313	sltiu	x6,x31,194	 x31:0x1fff7869  x6=0x00000000
        5895000	       490	80003bf4	34076673	csrrsi	x12,mscratch,14	 x12=0x00000000
        5905000	       491	80003bf8	01ead913	srli	x18,x21,0x1e	 x21:0x00000620 x18=0x00000000
        5915000	       492	80003bfc	405e5c13	srai	x24,x28,0x5	 x28:0x00000000 x24=0x00000000
        5925000	       493	80003c00	051c	c.addi4spn	x15,x2,640	 x15=0xfff0046b
        5935000	       494	80003c02	2b9b9c17	auipc	x24,0x2b9b9	 x24=0xab9bcc02
        5945000	       495	80003c06	8755	c.srai	x14,0x15	 x14:0x80005f12 x14=0xfffffc00
        5955000	       496	80003c08	831d	c.srli	x14,0x7	 x14:0xfffffc00 x14=0x01fffff8
        5965000	       497	80003c0a	8c81	c.sub	x9,x8	  x9:0x00000000  x8:0x00000004  x9=0xfffffffc
        5975000	       498	80003c0c	51a1f913	andi	x18,x3,1306	  x3:0x00000000 x18=0x00000000
        5985000	       499	80003c10	40110a33	sub	x20,x2,x1	  x2:0xfff001eb  x1:0x40010f32 x20=0xbfeef2b9
        5995000	       500	80003c14	01e98633	add	x12,x19,x30	 x19:0x80021df4 x30:0x00000001 x12=0x80021df5
        6005000	       501	80003c18	127d	c.addi	x4,-1	  x4:0xe000877d  x4=0xe000877c
        6015000	       502	80003c1a	00bf04b3	add	x9,x30,x11	 x30:0x00000001 x11:0x00000000  x9=0x00000001
        6025000	       503	80003c1e	0698	c.addi4spn	x14,x2,832	 x14=0xfff0052b
        6035000	       504	80003c20	00189263	bne	x17,x1,80003c24	 x17:0x00000019  x1:0x40010f32
        6055000	       506	80003c24	000cf633	and	x12,x25,x0	 x25:0x800061fc  x0:0x00000000 x12=0x00000000
        6095000	       510	80003c28	03b2a033	mulhsu	x0,x5,x27	  x5:0x00000000 x27:0x00000000  x0=0x00000000
        6105000	       511	80003c2c	0001	c.addi	x0,0	  x0:0x00000000  x0=0x00000000
        6115000	       512	80003c2e	0871	c.addi	x16,28	 x16:0x0000000c x16=0x00000028
        6125000	       513	80003c30	c70d	c.beqz	x14,80003c5a	 x14:0xfff0052b
        6135000	       514	80003c32	34003e73	csrrc	x28,mscratch,x0	  x0:0x00000000 x28=0x0000000e
        6145000	       515	80003c36	00ef5033	srl	x0,x30,x14	 x30:0x00000001 x14:0xfff0052b  x0=0x00000000
        6155000	       516	80003c3a	0001	c.addi	x0,0	  x0:0x00000000  x0=0x00000000
        6165000	       517	80003c3c	f37b7037	lui	x0,0xf37b7	  x0=0x00000000
        6175000	       518	80003c40	01a19db3	sll	x27,x3,x26	  x3:0x00000000 x26:0x80025ce4 x27=0x00000000
        6185000	       519	80003c44	41f25e33	sra	x28,x4,x31	  x4:0xe000877c x31:0x1fff7869 x28=0xfff00043
        6195000	       520	80003c48	01016433	or	x8,x2,x16	  x2:0xfff001eb x16:0x00000028  x8=0xfff001eb
        6205000	       521	80003c4c	8fbd	c.xor	x15,x15	 x15:0xfff0046b x15:0xfff0046b x15=0x00000000
        6215000	       522	80003c4e	415f5c93	srai	x25,x30,0x15	 x30:0x00000001 x25=0x00000000
        6225000	       523	80003c52	34097073	csrrci	x0,mscratch,18	  x0=0x00000000
        6235000	       524	80003c56	bb2b6313	ori	x6,x22,-1102	 x22:0x8ffffffc  x6=0xfffffffe
        6605000	       561	80003c5a	02e846b3	div	x13,x16,x14	 x16:0x00000028 x14:0xfff0052b x13=0x00000000
        6615000	       562	80003c5e	13cd4b93	xori	x23,x26,316	 x26:0x80025ce4 x23=0x80025dd8
        6625000	       563	80003c62	86a86293	ori	x5,x16,-1942	 x16:0x00000028  x5=0xfffff86a
        6995000	       600	80003c66	02915e33	divu	x28,x2,x9	  x2:0xfff001eb  x9:0x00000001 x28=0xfff001eb
        7005000	       601	80003c6a	00cb9133	sll	x2,x23,x12	 x23:0x80025dd8 x12:0x00000000  x2=0x80025dd8
        7015000	       602	80003c6e	0160d713	srli	x14,x1,0x16	  x1:0x40010f32 x14=0x00000100
        7025000	       603	80003c72	16fd	c.addi	x13,-1	 x13:0x00000000 x13=0xffffffff
        7035000	       604	80003c74	34006b73	csrrsi	x22,mscratch,0	 x22=0x0000000c
        7405000	       641	80003c78	0240c7b3	div	x15,x1,x4	  x1:0x40010f32  x4:0xe000877c x15=0xfffffffe
        7415000	       642	80003c7c	0f00	c.addi4spn	x8,x2,912	  x8=0x80026168
        7425000	       643	80003c7e	0086ed63	bltu	x13,x8,80003c98	 x13:0xffffffff  x8:0x80026168
        7435000	       644	80003c82	8e71	c.and	x12,x12	 x12:0x00000000 x12:0x00000000 x12=0x00000000
        7445000	       645	80003c84	e911	c.bnez	x10,80003c98	 x10:0x00000000
        7455000	       646	80003c86	8d15	c.sub	x10,x13	 x10:0x00000000 x13:0xffffffff x10=0x00000001
        7465000	       647	80003c88	646d	c.lui	x8,0x1b	  x8=0x0001b000
        7485000	       649	80003c8a	02c8ef33	rem	x30,x17,x12	 x17:0x00000019 x12:0x00000000 x30=0x00000019
        7855000	       686	80003c8e	02236ab3	rem	x21,x6,x2	  x6:0xfffffffe  x2:0x80025dd8 x21=0xfffffffe
        7865000	       687	80003c92	016e26b3	slt	x13,x28,x22	 x28:0xfff001eb x22:0x0000000c x13=0x00000001
        7875000	       688	80003c96	717d	c.addi16sp	x2,-16	  x2:0x80025dd8  x2=0x80025dc8
        7885000	       689	80003c98	8be1	c.andi	x15,24	 x15:0xfffffffe x15=0x00000018
        7895000	       690	80003c9a	0049ac83	lw	x25,4(x19)	 x19:0x80021df4 x25=0x800061fc PA:0x80021df8 load:0x800061fc
        7905000	       691	80003c9e	34002073	csrrs	x0,mscratch,x0	  x0:0x00000000  x0=0x00000000
        7915000	       692	80003ca2	073a	c.slli	x14,0xe	 x14:0x00000100 x14=0x00400000
        7925000	       693	80003ca4	0001	c.addi	x0,0	  x0:0x00000000  x0=0x00000000
        7935000	       694	80003ca6	01b07db3	and	x27,x0,x27	  x0:0x00000000 x27:0x00000000 x27=0x00000000
        7965000	       697	80003caa	02490633	mul	x12,x18,x4	 x18:0x00000000  x4:0xe000877c x12=0x00000000
        7975000	       698	80003cae	0009d0b3	srl	x1,x19,x0	 x19:0x80021df4  x0:0x00000000  x1=0x80021df4
        7985000	       699	80003cb2	03098993	addi	x19,x19,48	 x19:0x80021df4 x19=0x80021e24
        7995000	       700	80003cb6	85dd	c.srai	x11,0x17	 x11:0x00000000 x11=0x00000000
        8005000	       701	80003cb8	40c7dc33	sra	x24,x15,x12	 x15:0x00000018 x12:0x00000000 x24=0x00000018
        8015000	       702	80003cbc	000c8b13	addi	x22,x25,0	 x25:0x800061fc x22=0x800061fc
        8025000	       703	80003cc0	9b02	c.jalr	x22	 x22:0x800061fc  x1=0x80003cc2
        8045000	       705	800061fc	00001f17	auipc	x30,0x1	 x30=0x800071fc
        8055000	       706	80006200	90ef0f13	addi	x30,x30,-1778	 x30:0x800071fc x30=0x80006b0a
        8065000	       707	80006204	00139013	slli	x0,x7,0x1	  x7:0xfaeb9c09  x0=0x00000000
        8075000	       708	80006208	0ff0000f	fence	iorw,iorw	
        8085000	       709	8000620c	9fb2	c.add	x31,x12	 x31:0x1fff7869 x12:0x00000000 x31=0x1fff7869
        8095000	       710	8000620e	0f75	c.addi	x30,29	 x30:0x80006b0a x30=0x80006b27
        8105000	       711	80006210	5c7d	c.li	x24,-1	 x24=0xffffffff
        8115000	       712	80006212	34003273	csrrc	x4,mscratch,x0	  x0:0x00000000  x4=0x0000000c
        8125000	       713	80006216	8dd1	c.or	x11,x12	 x11:0x00000000 x12:0x00000000 x11=0x00000000
        8135000	       714	80006218	00ddc633	xor	x12,x27,x13	 x27:0x00000000 x13:0x00000001 x12=0x00000001
        8145000	       715	8000621c	fe3f0ce7	jalr	x25,-29(x30)	 x30:0x80006b27 x25=0x80006220
        8175000	       718	80006b0a	00494663	blt	x18,x4,80006b16	 x18:0x00000000  x4:0x0000000c
        8195000	       720	80006b16	19a1	c.addi	x19,-24	 x19:0x80021e24 x19=0x80021e0c
        8235000	       724	80006b18	03791433	mulh	x8,x18,x23	 x18:0x00000000 x23:0x80025dd8  x8=0x00000000
        8245000	       725	80006b1c	0199a223	sw	x25,4(x19)	 x19:0x80021e0c x25:0x80006220 PA:0x80021e10 store:0x80006220 load:0x00000000
        8255000	       726	80006b20	34075073	csrrwi	x0,mscratch,14	  x0=0x00000000
        8265000	       727	80006b24	0deaf293	andi	x5,x21,222	 x21:0xfffffffe  x5=0x000000de
        8275000	       728	80006b28	8c41	c.or	x8,x8	  x8:0x00000000  x8:0x00000000  x8=0x00000000
        8285000	       729	80006b2a	8d79	c.and	x10,x14	 x10:0x00000001 x14:0x00400000 x10=0x00000000
        8295000	       730	80006b2c	00d01bb3	sll	x23,x0,x13	  x0:0x00000000 x13:0x00000001 x23=0x00000000
        8665000	       767	80006b30	026d5ab3	divu	x21,x26,x6	 x26:0x80025ce4  x6:0xfffffffe x21=0x00000000
        8675000	       768	80006b34	80a1	c.srli	x9,0x8	  x9:0x00000001  x9=0x00000000
        8685000	       769	80006b36	1c88	c.addi4spn	x10,x2,624	 x10=0x80026038
        8695000	       770	80006b38	0fce	c.slli	x31,0x13	 x31:0x1fff7869 x31=0xc3480000
        8705000	       771	80006b3a	537d	c.li	x6,-1	  x6=0xffffffff
        9075000	       808	80006b3c	03456db3	rem	x27,x10,x20	 x10:0x80026038 x20:0xbfeef2b9 x27=0xc0136d7f
        9085000	       809	80006b40	34079973	csrrw	x18,mscratch,x15	 x15:0x00000018 x18=0x0000000e
        9095000	       810	80006b44	86d9	c.srai	x13,0x16	 x13:0x00000001 x13=0x00000000
        9105000	       811	80006b46	340e1f73	csrrw	x30,mscratch,x28	 x28:0xfff001eb x30=0x00000018
        9115000	       812	80006b4a	34007ff3	csrrci	x31,mscratch,0	 x31=0xfff001eb
        9125000	       813	80006b4e	053f5063	bge	x30,x19,80006b8e	 x30:0x00000018 x19:0x80021e0c
        9155000	       816	80006b8e	22f48e93	addi	x29,x9,559	  x9:0x00000000 x29=0x0000022f
        9165000	       817	80006b92	96ee	c.add	x13,x27	 x13:0x00000000 x27:0xc0136d7f x13=0xc0136d7f
        9205000	       821	80006b94	022c9db3	mulh	x27,x25,x2	 x25:0x80006220  x2:0x80025dc8 x27=0x3ffea00c
        9215000	       822	80006b98	c4194a37	lui	x20,0xc4194	 x20=0xc4194000
        9225000	       823	80006b9c	003ff663	bgeu	x31,x3,80006ba8	 x31:0xfff001eb  x3:0x00000000
        9245000	       825	80006ba8	4c51a113	slti	x2,x3,1221	  x3:0x00000000  x2=0x00000001
        9255000	       826	80006bac	8031	c.srli	x8,0xc	  x8:0x00000000  x8=0x00000000
        9265000	       827	80006bae	03dc9063	bne	x25,x29,80006bce	 x25:0x80006220 x29:0x0000022f
        9655000	       866	80006bce	03c3c7b3	div	x15,x7,x28	  x7:0xfaeb9c09 x28:0xfff001eb x15=0x00000051
        9665000	       867	80006bd2	ff3aef93	ori	x31,x21,-13	 x21:0x00000000 x31=0xfffffff3
        9675000	       868	80006bd6	9bd2	c.add	x23,x20	 x23:0x00000000 x20:0xc4194000 x23=0xc4194000
        9685000	       869	80006bd8	0118	c.addi4spn	x14,x2,128	 x14=0x00000081
       10055000	       906	80006bda	02da67b3	rem	x15,x20,x13	 x20:0xc4194000 x13:0xc0136d7f x15=0xc4194000
       10065000	       907	80006bde	8c11	c.sub	x8,x12	  x8:0x00000000 x12:0x00000001  x8=0xffffffff
       10075000	       908	80006be0	0352d463	bge	x5,x21,80006c08	  x5:0x000000de x21:0x00000000
       10095000	       910	80006c08	0724a593	slti	x11,x9,114	  x9:0x00000000 x11=0x00000001
       10105000	       911	80006c0c	00aa7cb3	and	x25,x20,x10	 x20:0xc4194000 x10:0x80026038 x25=0x80004000
       10115000	       912	80006c10	1b98	c.addi4spn	x14,x2,496	 x14=0x000001f1
       10125000	       913	80006c12	34002673	csrrs	x12,mscratch,x0	  x0:0x00000000 x12=0xfff001eb
       10135000	       914	80006c16	c999	c.beqz	x11,80006c2c	 x11:0x00000001
       10155000	       916	80006c18	023dd133	divu	x2,x27,x3	 x27:0x3ffea00c  x3:0x00000000  x2=0xffffffff
       10165000	       917	80006c1c	035b7263	bgeu	x22,x21,80006c40	 x22:0x800061fc x21:0x00000000
       10185000	       919	80006c40	ed2670b7	lui	x1,0xed267	  x1=0xed267000
       10195000	       920	80006c44	8dd1	c.or	x11,x12	 x11:0x00000001 x12:0xfff001eb x11=0xfff001eb
       10205000	       921	80006c46	8e19	c.sub	x12,x14	 x12:0xfff001eb x14:0x000001f1 x12=0xffeffffa
       10215000	       922	80006c48	8fe1	c.and	x15,x8	 x15:0xc4194000  x8:0xffffffff x15=0xc4194000
       10225000	       923	80006c4a	018ff7b3	and	x15,x31,x24	 x31:0xfffffff3 x24:0xffffffff x15=0xfffffff3
       10235000	       924	80006c4e	e199	c.bnez	x11,80006c54	 x11:0xfff001eb
       10615000	       962	80006c54	02b35b33	divu	x22,x6,x11	  x6:0xffffffff x11:0xfff001eb x22=0x00000001
       10625000	       963	80006c58	00a30fb3	add	x31,x6,x10	  x6:0xffffffff x10:0x80026038 x31=0x80026037
       10635000	       964	80006c5c	e7cf7493	andi	x9,x30,-388	 x30:0x00000018  x9=0x00000018
       10645000	       965	80006c60	34003bf3	csrrc	x23,mscratch,x0	  x0:0x00000000 x23=0xfff001eb
       10655000	       966	80006c64	dc0f6f97	auipc	x31,0xdc0f6	 x31=0x5c0fcc64
       10665000	       967	80006c68	05c58063	beq	x11,x28,80006ca8	 x11:0xfff001eb x28:0xfff001eb
       10685000	       969	80006ca8	83a5	c.srli	x15,0x9	 x15:0xfffffff3 x15=0x007fffff
       10695000	       970	80006caa	0ff0000f	fence	iorw,iorw	
       11065000	      1007	80006cae	0373ccb3	div	x25,x7,x23	  x7:0xfaeb9c09 x23:0xfff001eb x25=0x00000051
       11075000	      1008	80006cb2	01a5ef33	or	x30,x11,x26	 x11:0xfff001eb x26:0x80025ce4 x30=0xfff25def
       11085000	      1009	80006cb6	340d1ef3	csrrw	x29,mscratch,x26	 x26:0x80025ce4 x29=0xfff001eb
       11455000	      1046	80006cba	02dbd333	divu	x6,x23,x13	 x23:0xfff001eb x13:0xc0136d7f  x6=0x00000001
       11465000	      1047	80006cbe	003cf433	and	x8,x25,x3	 x25:0x00000051  x3:0x00000000  x8=0x00000000
       11475000	      1048	80006cc2	021bfb63	bgeu	x23,x1,80006cf8	 x23:0xfff001eb  x1:0xed267000
       11495000	      1050	80006cf8	8e21	c.xor	x12,x8	 x12:0xffeffffa  x8:0x00000000 x12=0xffeffffa
       11505000	      1051	80006cfa	6fc9	c.lui	x31,0x12	 x31=0x00012000
       11515000	      1052	80006cfc	8d51	c.or	x10,x12	 x10:0x80026038 x12:0xffeffffa x10=0xffeffffa
       11555000	      1056	80006cfe	03c9b333	mulhu	x6,x19,x28	 x19:0x80021e0c x28:0xfff001eb  x6=0x7ffa1edf
       11565000	      1057	80006d02	34002773	csrrs	x14,mscratch,x0	  x0:0x00000000 x14=0x80025ce4
       11575000	      1058	80006d06	340056f3	csrrwi	x13,mscratch,0	 x13=0x80025ce4
       11585000	      1059	80006d0a	020c5563	bge	x24,x0,80006d34	 x24:0xffffffff  x0:0x00000000
       11595000	      1060	80006d0e	82e1	c.srli	x13,0x18	 x13:0x80025ce4 x13=0x00000080
       11605000	      1061	80006d10	87cd	c.srai	x15,0x13	 x15:0x007fffff x15=0x0000000f
       11615000	      1062	80006d12	00a3e263	bltu	x7,x10,80006d16	  x7:0xfaeb9c09 x10:0xffeffffa
       11675000	      1068	80006d16	02cfa8b3	mulhsu	x17,x31,x12	 x31:0x00012000 x12:0xffeffffa x17=0x00011fed
       11685000	      1069	80006d1a	0001	c.addi	x0,0	  x0:0x00000000  x0=0x00000000
       11695000	      1070	80006d1c	00639f93	slli	x31,x7,0x6	  x7:0xfaeb9c09 x31=0xbae70240
       11705000	      1071	80006d20	c019	c.beqz	x8,80006d26	  x8:0x00000000
       11735000	      1074	80006d26	812eb093	sltiu	x1,x29,-2030	 x29:0xfff001eb  x1=0x00000001
       12105000	      1111	80006d2a	02ddcdb3	div	x27,x27,x13	 x27:0x3ffea00c x13:0x00000080 x27=0x007ffd40
       12115000	      1112	80006d2e	8fc9	c.or	x15,x10	 x15:0x0000000f x10:0xffeffffa x15=0xffefffff
       12125000	      1113	80006d30	00259913	slli	x18,x11,0x2	 x11:0xfff001eb x18=0xffc007ac
       12135000	      1114	80006d34	0092	c.slli	x1,0x4	  x1:0x00000001  x1=0x00000010
       12145000	      1115	80006d36	717d	c.addi16sp	x2,-16	  x2:0xffffffff  x2=0xffffffef
       12155000	      1116	80006d38	beaed6b7	lui	x13,0xbeaed	 x13=0xbeaed000
       12165000	      1117	80006d3c	ec99	c.bnez	x9,80006d5a	  x9:0x00000018
       12185000	      1119	80006d5a	6149	c.addi16sp	x2,144	  x2:0xffffffef  x2=0x0000007f
       12195000	      1120	80006d5c	013fcd63	blt	x31,x19,80006d76	 x31:0xbae70240 x19:0x80021e0c
       12205000	      1121	80006d60	1c8c	c.addi4spn	x11,x2,624	 x11=0x000002ef
       12215000	      1122	80006d62	67a1e113	ori	x2,x3,1658	  x3:0x00000000  x2=0x0000067a
       12225000	      1123	80006d66	012a0563	beq	x20,x18,80006d70	 x20:0xc4194000 x18:0xffc007ac
       12235000	      1124	80006d6a	0001	c.addi	x0,0	  x0:0x00000000  x0=0x00000000
       12245000	      1125	80006d6c	415c5c93	srai	x25,x24,0x15	 x24:0xffffffff x25=0xffffffff
       12255000	      1126	80006d70	00835863	bge	x6,x8,80006d80	  x6:0x7ffa1edf  x8:0x00000000
       12275000	      1128	80006d80	01d1ed63	bltu	x3,x29,80006d9a	  x3:0x00000000 x29:0xfff001eb
       12305000	      1131	80006d9a	3402f0f3	csrrci	x1,mscratch,5	  x1=0x00000000
       12315000	      1132	80006d9e	8c35	c.xor	x8,x13	  x8:0x00000000 x13:0xbeaed000  x8=0xbeaed000
       12325000	      1133	80006da0	a560dab7	lui	x21,0xa560d	 x21=0xa560d000
       12335000	      1134	80006da4	64e5	c.lui	x9,0x19	  x9=0x00019000
       12345000	      1135	80006da6	03671163	bne	x14,x22,80006dc8	 x14:0x80025ce4 x22:0x00000001
       12365000	      1137	80006dc8	3406de73	csrrwi	x28,mscratch,13	 x28=0x00000000
       12375000	      1138	80006dcc	90ce	c.add	x1,x19	  x1:0x00000000 x19:0x80021e0c  x1=0x80021e0c
       12385000	      1139	80006dce	016a	c.slli	x2,0x1a	  x2:0x0000067a  x2=0xe8000000
       12395000	      1140	80006dd0	0121fe63	bgeu	x3,x18,80006dec	  x3:0x00000000 x18:0xffc007ac
       12405000	      1141	80006dd4	00c11cb3	sll	x25,x2,x12	  x2:0xe8000000 x12:0xffeffffa x25=0x00000000
       12415000	      1142	80006dd8	41fcdab3	sra	x21,x25,x31	 x25:0x00000000 x31:0xbae70240 x21=0x00000000
       12425000	      1143	80006ddc	01a55533	srl	x10,x10,x26	 x10:0xffeffffa x26:0x80025ce4 x10=0x0ffeffff
       12435000	      1144	80006de0	01ce4263	blt	x28,x28,80006de4	 x28:0x00000000 x28:0x00000000
       12445000	      1145	80006de4	d8810813	addi	x16,x2,-632	  x2:0xe8000000 x16=0xe7fffd88
       12455000	      1146	80006de8	013f9093	slli	x1,x31,0x13	 x31:0xbae70240  x1=0x12000000
       12465000	      1147	80006dec	8c39	c.xor	x8,x14	  x8:0xbeaed000 x14:0x80025ce4  x8=0x3eac8ce4
       12475000	      1148	80006dee	008c	c.addi4spn	x11,x2,64	 x11=0xe8000040
       12485000	      1149	80006df0	340e9173	csrrw	x2,mscratch,x29	 x29:0xfff001eb  x2=0x0000000d
       12495000	      1150	80006df4	34003973	csrrc	x18,mscratch,x0	  x0:0x00000000 x18=0xfff001eb
       12505000	      1151	80006df8	01292933	slt	x18,x18,x18	 x18:0xfff001eb x18:0xfff001eb x18=0x00000000
       12515000	      1152	80006dfc	0000100f	fence.i	
       12545000	      1155	80006e00	02375833	divu	x16,x14,x3	 x14:0x80025ce4  x3:0x00000000 x16=0xffffffff
       12555000	      1156	80006e04	6e9d	c.lui	x29,0x7	 x29=0x00007000
       12565000	      1157	80006e06	0ff0000f	fence	iorw,iorw	
       12575000	      1158	80006e0a	dfde6b13	ori	x22,x28,-515	 x28:0x00000000 x22=0xfffffdfd
       12585000	      1159	80006e0e	e1d68293	addi	x5,x13,-483	 x13:0xbeaed000  x5=0xbeaece1d
       12595000	      1160	80006e12	daccc313	xori	x6,x25,-596	 x25:0x00000000  x6=0xfffffdac
       12605000	      1161	80006e16	0001	c.addi	x0,0	  x0:0x00000000  x0=0x00000000
       12615000	      1162	80006e18	8f0d	c.sub	x14,x11	 x14:0x80025ce4 x11:0xe8000040 x14=0x98025ca4
       12625000	      1163	80006e1a	8735	c.srai	x14,0xd	 x14:0x98025ca4 x14=0xfffcc012
       12995000	      1200	80006e1c	029f6533	rem	x10,x30,x9	 x30:0xfff25def  x9:0x00019000 x10=0xfffeddef
       13005000	      1201	80006e20	8340aa13	slti	x20,x1,-1996	  x1:0x12000000 x20=0x00000000
       13015000	      1202	80006e24	00cf7b33	and	x22,x30,x12	 x30:0xfff25def x12:0xffeffffa x22=0xffe25dea
       13385000	      1239	80006e28	02c8ccb3	div	x25,x17,x12	 x17:0x00011fed x12:0xffeffffa x25=0x00000000
       13395000	      1240	80006e2c	00da9d63	bne	x21,x13,80006e46	 x21:0x00000000 x13:0xbeaed000
       13425000	      1243	80006e46	34006df3	csrrsi	x27,mscratch,0	 x27=0xfff001eb
       13435000	      1244	80006e4a	40e2dc93	srai	x25,x5,0xe	  x5:0xbeaece1d x25=0xfffefabb
       13445000	      1245	80006e4e	3404d6f3	csrrwi	x13,mscratch,9	 x13=0xfff001eb
       13455000	      1246	80006e52	8015	c.srli	x8,0x5	  x8:0x3eac8ce4  x8=0x01f56467
       13465000	      1247	80006e54	0ff0000f	fence	iorw,iorw	
       13475000	      1248	80006e58	ee15	c.bnez	x12,80006e94	 x12:0xffeffffa
       13495000	      1250	80006e94	167cb493	sltiu	x9,x25,359	 x25:0xfffefabb  x9=0x00000000
       13505000	      1251	80006e98	340c2bf3	csrrs	x23,mscratch,x24	 x24:0xffffffff x23=0x00000009
       13515000	      1252	80006e9c	b9a03893	sltiu	x17,x0,-1126	  x0:0x00000000 x17=0x00000001
       13525000	      1253	80006ea0	0ff0000f	fence	iorw,iorw	
       13535000	      1254	80006ea4	01cb3f33	sltu	x30,x22,x28	 x22:0xffe25dea x28:0x00000000 x30=0x00000000
       13545000	      1255	80006ea8	517d	c.li	x2,-1	  x2=0xffffffff
       13555000	      1256	80006eaa	3405bb73	csrrc	x22,mscratch,x11	 x11:0xe8000040 x22=0xffffffff
       13595000	      1260	80006eae	03601eb3	mulh	x29,x0,x22	  x0:0x00000000 x22:0xffffffff x29=0x00000000
       13605000	      1261	80006eb2	efeba213	slti	x4,x23,-258	 x23:0x00000009  x4=0x00000000
       13615000	      1262	80006eb6	0338d463	bge	x17,x19,80006ede	 x17:0x00000001 x19:0x80021e0c
       13645000	      1265	80006ede	013e1c13	slli	x24,x28,0x13	 x28:0x00000000 x24=0x00000000
       13655000	      1266	80006ee2	717d	c.addi16sp	x2,-16	  x2:0xffffffff  x2=0xffffffef
       13665000	      1267	80006ee4	8e49	c.or	x12,x10	 x12:0xffeffffa x10:0xfffeddef x12=0xffffffff
       13675000	      1268	80006ee6	8f6d	c.and	x14,x11	 x14:0xfffcc012 x11:0xe8000040 x14=0xe8000000
       13685000	      1269	80006ee8	58160013	addi	x0,x12,1409	 x12:0xffffffff  x0=0x00000000
       14055000	      1306	80006eec	02dbd033	divu	x0,x23,x13	 x23:0x00000009 x13:0xfff001eb  x0=0x00000000
       14065000	      1307	80006ef0	8cb1	c.xor	x9,x12	  x9:0x00000000 x12:0xffffffff  x9=0xffffffff
       14075000	      1308	80006ef2	00011793	slli	x15,x2,0x0	  x2:0xffffffef x15=0xffffffef
       14085000	      1309	80006ef6	0001	c.addi	x0,0	  x0:0x00000000  x0=0x00000000
       14095000	      1310	80006ef8	0000100f	fence.i	
       14115000	      1312	80006efc	01e371b3	and	x3,x6,x30	  x6:0xfffffdac x30:0x00000000  x3=0x00000000
       14125000	      1313	80006f00	05789363	bne	x17,x23,80006f46	 x17:0x00000001 x23:0x00000009
       14145000	      1315	80006f46	cf91	c.beqz	x15,80006f62	 x15:0xffffffef
       14515000	      1352	80006f48	02e95b33	divu	x22,x18,x14	 x18:0x00000000 x14:0xe8000000 x22=0x00000000
       14885000	      1389	80006f4c	02594db3	div	x27,x18,x5	 x18:0x00000000  x5:0xbeaece1d x27=0x00000000
       14895000	      1390	80006f50	01eeaf33	slt	x30,x29,x30	 x29:0x00000000 x30:0x00000000 x30=0x00000000
       15265000	      1427	80006f54	022c68b3	rem	x17,x24,x2	 x24:0x00000000  x2:0xffffffef x17=0x00000000
       15275000	      1428	80006f58	0001	c.addi	x0,0	  x0:0x00000000  x0=0x00000000
       15285000	      1429	80006f5a	0ff0000f	fence	iorw,iorw	
       15295000	      1430	80006f5e	02c3ef63	bltu	x7,x12,80006f9c	  x7:0xfaeb9c09 x12:0xffffffff
       15345000	      1435	80006f9c	02773eb3	mulhu	x29,x14,x7	 x14:0xe8000000  x7:0xfaeb9c09 x29=0xe3658568
       15355000	      1436	80006fa0	17fd	c.addi	x15,-1	 x15:0xffffffef x15=0xffffffee
       15365000	      1437	80006fa2	34006df3	csrrsi	x27,mscratch,0	 x27=0x17ffffbf
       15375000	      1438	80006fa6	00bf58b3	srl	x17,x30,x11	 x30:0x00000000 x11:0xe8000040 x17=0x00000000
       15385000	      1439	80006faa	73e54717	auipc	x14,0x73e54	 x14=0xf3e5afaa
       15395000	      1440	80006fae	847d	c.srai	x8,0x1f	  x8:0x01f56467  x8=0x00000000
       15435000	      1444	80006fb0	0337afb3	mulhsu	x31,x15,x19	 x15:0xffffffee x19:0x80021e0c x31=0xfffffff6
       15445000	      1445	80006fb4	010f8b33	add	x22,x31,x16	 x31:0xfffffff6 x16:0xffffffff x22=0xfffffff5
       15455000	      1446	80006fb8	197d	c.addi	x18,-1	 x18:0x00000000 x18=0xffffffff
       15465000	      1447	80006fba	010c7f63	bgeu	x24,x16,80006fd8	 x24:0x00000000 x16:0xffffffff
       15475000	      1448	80006fbe	34002273	csrrs	x4,mscratch,x0	  x0:0x00000000  x4=0x17ffffbf
       15485000	      1449	80006fc2	3404b0f3	csrrc	x1,mscratch,x9	  x9:0xffffffff  x1=0x17ffffbf
       15495000	      1450	80006fc6	0c98	c.addi4spn	x14,x2,592	 x14=0x0000023f
       15505000	      1451	80006fc8	8a25	c.andi	x12,9	 x12:0xffffffff x12=0x00000009
       15515000	      1452	80006fca	8f89	c.sub	x15,x10	 x15:0xffffffee x10:0xfffeddef x15=0x000121ff
       15525000	      1453	80006fcc	547d	c.li	x8,-1	  x8=0xffffffff
       15535000	      1454	80006fce	85bde613	ori	x12,x27,-1957	 x27:0x17ffffbf x12=0xffffffff
       15545000	      1455	80006fd2	06b1	c.addi	x13,12	 x13:0xfff001eb x13=0xfff001f7
       15555000	      1456	80006fd4	2a3a2e93	slti	x29,x20,675	 x20:0x00000000 x29=0x00000001
       15565000	      1457	80006fd8	0bc06f13	ori	x30,x0,188	  x0:0x00000000 x30=0x000000bc
       15575000	      1458	80006fdc	1090	c.addi4spn	x12,x2,96	 x12=0x0000004f
       15585000	      1459	80006fde	41acd293	srai	x5,x25,0x1a	 x25:0xfffefabb  x5=0xffffffff
       15595000	      1460	80006fe2	02230c63	beq	x6,x2,8000701a	  x6:0xfffffdac  x2:0xffffffef
       15605000	      1461	80006fe6	6121	c.addi16sp	x2,64	  x2:0xffffffef  x2=0x0000002f
       15615000	      1462	80006fe8	ec19	c.bnez	x8,80007006	  x8:0xffffffff
       15655000	      1466	80007006	020dfab3	remu	x21,x27,x0	 x27:0x17ffffbf  x0:0x00000000 x21=0x17ffffbf
       15665000	      1467	8000700a	015d8563	beq	x27,x21,80007014	 x27:0x17ffffbf x21:0x17ffffbf
       15685000	      1469	80007014	4e01	c.li	x28,0	 x28=0x00000000
       15695000	      1470	80007016	567541b7	lui	x3,0x56754	  x3=0x56754000
       15705000	      1471	8000701a	86fd	c.srai	x13,0x1f	 x13:0xfff001f7 x13=0xffffffff
       15715000	      1472	8000701c	8c39	c.xor	x8,x14	  x8:0xffffffff x14:0x0000023f  x8=0xfffffdc0
       15725000	      1473	8000701e	008c9e93	slli	x29,x25,0x8	 x25:0xfffefabb x29=0xfefabb00
       15735000	      1474	80007022	8ca1	c.xor	x9,x8	  x9:0xffffffff  x8:0xfffffdc0  x9=0x0000023f
       15745000	      1475	80007024	32f07a13	andi	x20,x0,815	  x0:0x00000000 x20=0x00000000
       15755000	      1476	80007028	340bd873	csrrwi	x16,mscratch,23	 x16=0x00000000
       15765000	      1477	8000702c	fc413313	sltiu	x6,x2,-60	  x2:0x0000002f  x6=0x00000001
       15775000	      1478	80007030	95c2	c.add	x11,x16	 x11:0xe8000040 x16:0x00000000 x11=0xe8000040
       15785000	      1479	80007032	015af8b3	and	x17,x21,x21	 x21:0x17ffffbf x21:0x17ffffbf x17=0x17ffffbf
       15795000	      1480	80007036	0ff0000f	fence	iorw,iorw	
       15805000	      1481	8000703a	8c55	c.or	x8,x13	  x8:0xfffffdc0 x13:0xffffffff  x8=0xffffffff
       15815000	      1482	8000703c	45dd	c.li	x11,23	 x11=0x00000017
       15825000	      1483	8000703e	01128a63	beq	x5,x17,80007052	  x5:0xffffffff x17:0x17ffffbf
       15835000	      1484	80007042	842f4317	auipc	x6,0x842f4	  x6=0x042fb042
       15845000	      1485	80007046	8cad	c.xor	x9,x11	  x9:0x0000023f x11:0x00000017  x9=0x00000228
       15855000	      1486	80007048	6519	c.lui	x10,0x6	 x10=0x00006000
       15865000	      1487	8000704a	2d5d6613	ori	x12,x26,725	 x26:0x80025ce4 x12=0x80025ef5
       15875000	      1488	8000704e	11fd	c.addi	x3,-1	  x3:0x56754000  x3=0x56753fff
       15885000	      1489	80007050	4ced	c.li	x25,27	 x25=0x0000001b
       15895000	      1490	80007052	8f0d	c.sub	x14,x11	 x14:0x0000023f x11:0x00000017 x14=0x00000228
       15905000	      1491	80007054	25007293	andi	x5,x0,592	  x0:0x00000000  x5=0x00000000
       15915000	      1492	80007058	0024e363	bltu	x9,x2,8000705e	  x9:0x00000228  x2:0x0000002f
       15925000	      1493	8000705c	8bc1	c.andi	x15,16	 x15:0x000121ff x15=0x00000010
       15935000	      1494	8000705e	298fc813	xori	x16,x31,664	 x31:0xfffffff6 x16=0xfffffd6e
       15945000	      1495	80007062	34007473	csrrci	x8,mscratch,0	  x8=0x00000017
       15955000	      1496	80007066	b57c2b93	slti	x23,x24,-1193	 x24:0x00000000 x23=0x00000000
       15995000	      1500	8000706a	027394b3	mulh	x9,x7,x7	  x7:0xfaeb9c09  x7:0xfaeb9c09  x9=0x0019cd87
       16005000	      1501	8000706e	340071f3	csrrci	x3,mscratch,0	  x3=0x00000017
       16015000	      1502	80007072	4261	c.li	x4,24	  x4=0x00000018
       16025000	      1503	80007074	00e0e4b3	or	x9,x1,x14	  x1:0x17ffffbf x14:0x00000228  x9=0x17ffffbf
       16035000	      1504	80007078	018eddb3	srl	x27,x29,x24	 x29:0xfefabb00 x24:0x00000000 x27=0xfefabb00
       16045000	      1505	8000707c	4659	c.li	x12,22	 x12=0x00000016
       16055000	      1506	8000707e	00576963	bltu	x14,x5,80007090	 x14:0x00000228  x5:0x00000000
       16065000	      1507	80007082	0001	c.addi	x0,0	  x0:0x00000000  x0=0x00000000
       16075000	      1508	80007084	009b0263	beq	x22,x9,80007088	 x22:0xfffffff5  x9:0x17ffffbf
       16085000	      1509	80007088	0ff0000f	fence	iorw,iorw	
       16095000	      1510	8000708c	41d00133	sub	x2,x0,x29	  x0:0x00000000 x29:0xfefabb00  x2=0x01054500
       16125000	      1513	80007090	02428cb3	mul	x25,x5,x4	  x5:0x00000000  x4:0x00000018 x25=0x00000000
       16135000	      1514	80007094	9cde	c.add	x25,x23	 x25:0x00000000 x23:0x00000000 x25=0x00000000
       16145000	      1515	80007096	15fd	c.addi	x11,-1	 x11:0x00000017 x11=0x00000016
       16155000	      1516	80007098	40b184b3	sub	x9,x3,x11	  x3:0x00000017 x11:0x00000016  x9=0x00000001
       16165000	      1517	8000709c	0078a833	slt	x16,x17,x7	 x17:0x17ffffbf  x7:0xfaeb9c09 x16=0x00000000
       16175000	      1518	800070a0	87e9	c.srai	x15,0x1a	 x15:0x00000010 x15=0x00000000
       16185000	      1519	800070a2	043c3a93	sltiu	x21,x24,67	 x24:0x00000000 x21=0x00000001
       16195000	      1520	800070a6	aa6c3e13	sltiu	x28,x24,-1370	 x24:0x00000000 x28=0x00000001
       16205000	      1521	800070aa	05205463	bge	x0,x18,800070f2	  x0:0x00000000 x18:0xffffffff
       16225000	      1523	800070f2	9b36	c.add	x22,x13	 x22:0xfffffff5 x13:0xffffffff x22=0xfffffff4
       16235000	      1524	800070f4	01e85713	srli	x14,x16,0x1e	 x16:0x00000000 x14=0x00000000
       16245000	      1525	800070f8	340cbef3	csrrc	x29,mscratch,x25	 x25:0x00000000 x29=0x00000017
       16615000	      1562	800070fc	0357e433	rem	x8,x15,x21	 x15:0x00000000 x21:0x00000001  x8=0x00000000
       16655000	      1566	80007100	023b1db3	mulh	x27,x22,x3	 x22:0xfffffff4  x3:0x00000017 x27=0xffffffff
       16665000	      1567	80007104	3406f473	csrrci	x8,mscratch,13	  x8=0x00000017
       16675000	      1568	80007108	3400d873	csrrwi	x16,mscratch,1	 x16=0x00000012
       16685000	      1569	8000710c	f213a093	slti	x1,x7,-223	  x7:0xfaeb9c09  x1=0x00000001
       16695000	      1570	80007110	0000100f	fence.i	
       16715000	      1572	80007114	340adc73	csrrwi	x24,mscratch,21	 x24=0x00000001
       16725000	      1573	80007118	091c	c.addi4spn	x15,x2,144	 x15=0x01054590
       16735000	      1574	8000711a	4c478d93	addi	x27,x15,1220	 x15:0x01054590 x27=0x01054a54
       16745000	      1575	8000711e	41535c93	srai	x25,x6,0x15	  x6:0x042fb042 x25=0x00000021
       17115000	      1612	80007122	03615a33	divu	x20,x2,x22	  x2:0x01054500 x22:0xfffffff4 x20=0x00000000
       17125000	      1613	80007126	96aaba13	sltiu	x20,x21,-1686	 x21:0x00000001 x20=0x00000001
       17135000	      1614	8000712a	52fd	c.li	x5,-1	  x5=0xffffffff
       17145000	      1615	8000712c	00d1acb3	slt	x25,x3,x13	  x3:0x00000017 x13:0xffffffff x25=0x00000000
       17155000	      1616	80007130	004e3333	sltu	x6,x28,x4	 x28:0x00000001  x4:0x00000018  x6=0x00000001
       17165000	      1617	80007134	340b1273	csrrw	x4,mscratch,x22	 x22:0xfffffff4  x4=0x00000015
       17205000	      1621	80007138	031a92b3	mulh	x5,x21,x17	 x21:0x00000001 x17:0x17ffffbf  x5=0x00000000
       17215000	      1622	8000713c	4f29	c.li	x30,10	 x30=0x0000000a
       17585000	      1659	8000713e	0299e8b3	rem	x17,x19,x9	 x19:0x80021e0c  x9:0x00000001 x17=0x00000000
       17595000	      1660	80007142	8e25	c.xor	x12,x9	 x12:0x00000016  x9:0x00000001 x12=0x00000017
       17605000	      1661	80007144	6141	c.addi16sp	x2,16	  x2:0x01054500  x2=0x01054510
       17615000	      1662	80007146	0000100f	fence.i	
       17635000	      1664	8000714a	92ae	c.add	x5,x11	  x5:0x00000000 x11:0x00000016  x5=0x00000016
       17645000	      1665	8000714c	406ddd93	srai	x27,x27,0x6	 x27:0x01054a54 x27=0x00041529
       17655000	      1666	80007150	34001f73	csrrw	x30,mscratch,x0	  x0:0x00000000 x30=0xfffffff4
       17675000	      1668	80007154	031d7833	remu	x16,x26,x17	 x26:0x80025ce4 x17:0x00000000 x16=0x80025ce4
       17685000	      1669	80007158	01446263	bltu	x8,x20,8000715c	  x8:0x00000017 x20:0x00000001
       17695000	      1670	8000715c	81b5	c.srli	x11,0xd	 x11:0x00000016 x11=0x00000000
       17705000	      1671	8000715e	8e71	c.and	x12,x12	 x12:0x00000017 x12:0x00000017 x12=0x00000017
       17715000	      1672	80007160	628d	c.lui	x5,0x3	  x5=0x00003000
       17725000	      1673	80007162	07a2	c.slli	x15,0x8	 x15:0x01054590 x15=0x05459000
       17735000	      1674	80007164	01c6db33	srl	x22,x13,x28	 x13:0xffffffff x28:0x00000001 x22=0x7fffffff
       17745000	      1675	80007168	024a	c.slli	x4,0x12	  x4:0x00000015  x4=0x00540000
       17755000	      1676	8000716a	60da2f93	slti	x31,x20,1549	 x20:0x00000001 x31=0x00000001
       17765000	      1677	8000716e	015c96b3	sll	x13,x25,x21	 x25:0x00000000 x21:0x00000001 x13=0x00000000
       17775000	      1678	80007172	1d8c	c.addi4spn	x11,x2,752	 x11=0x01054800
       17785000	      1679	80007174	28523213	sltiu	x4,x4,645	  x4:0x00540000  x4=0x00000000
       17795000	      1680	80007178	8c61	c.and	x8,x8	  x8:0x00000017  x8:0x00000017  x8=0x00000017
       17805000	      1681	8000717a	0139cc33	xor	x24,x19,x19	 x19:0x80021e0c x19:0x80021e0c x24=0x00000000
       17815000	      1682	8000717e	340031f3	csrrc	x3,mscratch,x0	  x0:0x00000000  x3=0x00000000
       17825000	      1683	80007182	00ada2b3	slt	x5,x27,x10	 x27:0x00041529 x10:0x00006000  x5=0x00000000
       17835000	      1684	80007186	54094793	xori	x15,x18,1344	 x18:0xffffffff x15=0xfffffabf
       17845000	      1685	8000718a	f84f3b93	sltiu	x23,x30,-124	 x30:0xfffffff4 x23=0x00000000
       17885000	      1689	8000718e	0374b4b3	mulhu	x9,x9,x23	  x9:0x00000001 x23:0x00000000  x9=0x00000000
       17895000	      1690	80007192	80da4193	xori	x3,x20,-2035	 x20:0x00000001  x3=0xfffff80c
       17905000	      1691	80007196	31a27013	andi	x0,x4,794	  x4:0x00000000  x0=0x00000000
       17915000	      1692	8000719a	8ca9	c.xor	x9,x10	  x9:0x00000000 x10:0x00006000  x9=0x00006000
       17925000	      1693	8000719c	00b1bc33	sltu	x24,x3,x11	  x3:0xfffff80c x11:0x01054800 x24=0x00000000
       17935000	      1694	800071a0	8872	c.mv	x16,x28	  x0:0x00000000 x28:0x00000001 x16=0x00000001
       17945000	      1695	800071a2	8d2d	c.xor	x10,x11	 x10:0x00006000 x11:0x01054800 x10=0x01052800
       17955000	      1696	800071a4	340edaf3	csrrwi	x21,mscratch,29	 x21=0x00000000
       17965000	      1697	800071a8	0ff0000f	fence	iorw,iorw	
       17975000	      1698	800071ac	ed81	c.bnez	x11,800071c4	 x11:0x01054800
       17995000	      1700	800071c4	00af85b3	add	x11,x31,x10	 x31:0x00000001 x10:0x01052800 x11=0x01052801
       18005000	      1701	800071c8	108c	c.addi4spn	x11,x2,96	 x11=0x01054570
       18045000	      1705	800071ca	02283f33	mulhu	x30,x16,x2	 x16:0x00000001  x2:0x01054510 x30=0x00000000
       18055000	      1706	800071ce	340cd8f3	csrrwi	x17,mscratch,25	 x17=0x0000001d
       18075000	      1708	800071d2	02dbe433	rem	x8,x23,x13	 x23:0x00000000 x13:0x00000000  x8=0x00000000
       18445000	      1745	800071d6	03487f33	remu	x30,x16,x20	 x16:0x00000001 x20:0x00000001 x30=0x00000000
       18455000	      1746	800071da	00cbffb3	and	x31,x23,x12	 x23:0x00000000 x12:0x00000017 x31=0x00000000
       18465000	      1747	800071de	4010d2b3	sra	x5,x1,x1	  x1:0x00000001  x1:0x00000001  x5=0x00000000
       18475000	      1748	800071e2	017bfc63	bgeu	x23,x23,800071fa	 x23:0x00000000 x23:0x00000000
       18505000	      1751	800071fa	340f5f73	csrrwi	x30,mscratch,30	 x30=0x00000019
       18515000	      1752	800071fe	00848633	add	x12,x9,x8	  x9:0x00006000  x8:0x00000000 x12=0x00006000
       18525000	      1753	80007202	0001	c.addi	x0,0	  x0:0x00000000  x0=0x00000000
       18535000	      1754	80007204	0001	c.addi	x0,0	  x0:0x00000000  x0=0x00000000
       18545000	      1755	80007206	d0f57093	andi	x1,x10,-753	 x10:0x01052800  x1=0x01052800
       18555000	      1756	8000720a	0001	c.addi	x0,0	  x0:0x00000000  x0=0x00000000
       18565000	      1757	8000720c	98fd	c.andi	x9,-1	  x9:0x00006000  x9=0x00006000
       18575000	      1758	8000720e	00d39413	slli	x8,x7,0xd	  x7:0xfaeb9c09  x8=0x73812000
       18585000	      1759	80007212	026e6d63	bltu	x28,x6,8000724c	 x28:0x00000001  x6:0x00000001
       18595000	      1760	80007216	019f0e33	add	x28,x30,x25	 x30:0x00000019 x25:0x00000000 x28=0x00000019
       18605000	      1761	8000721a	0065ce33	xor	x28,x11,x6	 x11:0x01054570  x6:0x00000001 x28=0x01054571
       18975000	      1798	8000721e	02177633	remu	x12,x14,x1	 x14:0x00000000  x1:0x01052800 x12=0x00000000
       18985000	      1799	80007222	002aac33	slt	x24,x21,x2	 x21:0x00000000  x2:0x01054510 x24=0x00000001
       18995000	      1800	80007226	34001173	csrrw	x2,mscratch,x0	  x0:0x00000000  x2=0x0000001e
       19005000	      1801	8000722a	00d907b3	add	x15,x18,x13	 x18:0xffffffff x13:0x00000000 x15=0xffffffff
       19015000	      1802	8000722e	c92cd317	auipc	x6,0xc92cd	  x6=0x492d422e
       19025000	      1803	80007232	34006473	csrrsi	x8,mscratch,0	  x8=0x00000000
       19065000	      1807	80007236	0263bcb3	mulhu	x25,x7,x6	  x7:0xfaeb9c09  x6:0x492d422e x25=0x47b98bc6
       19075000	      1808	8000723a	8a19	c.andi	x12,6	 x12:0x00000000 x12=0x00000000
       19085000	      1809	8000723c	831d	c.srli	x14,0x7	 x14:0x00000000 x14=0x00000000
       19095000	      1810	8000723e	8d31	c.xor	x10,x12	 x10:0x01052800 x12:0x00000000 x10=0x01052800
       19105000	      1811	80007240	00201e13	slli	x28,x0,0x2	  x0:0x00000000 x28=0x00000000
       19115000	      1812	80007244	88b5	c.andi	x9,13	  x9:0x00006000  x9=0x00000000
       19125000	      1813	80007246	987d	c.andi	x8,-1	  x8:0x00000000  x8=0x00000000
       19495000	      1850	80007248	022c55b3	divu	x11,x24,x2	 x24:0x00000001  x2:0x0000001e x11=0x00000000
       19505000	      1851	8000724c	6135	c.addi16sp	x2,352	  x2:0x0000001e  x2=0x0000017e
       19515000	      1852	8000724e	8dad	c.xor	x11,x11	 x11:0x00000000 x11:0x00000000 x11=0x00000000
       19525000	      1853	80007250	01ed4ab3	xor	x21,x26,x30	 x26:0x80025ce4 x30:0x00000019 x21=0x80025cfd
       19535000	      1854	80007254	06e76e93	ori	x29,x14,110	 x14:0x00000000 x29=0x0000006e
       19545000	      1855	80007258	8e3d	c.xor	x12,x15	 x12:0x00000000 x15:0xffffffff x12=0xffffffff
       19555000	      1856	8000725a	ea19	c.bnez	x12,80007270	 x12:0xffffffff
       19575000	      1858	80007270	7e162113	slti	x2,x12,2017	 x12:0xffffffff  x2=0x00000001
       19585000	      1859	80007274	5ffd	c.li	x31,-1	 x31=0xffffffff
       19595000	      1860	80007276	4ad5	c.li	x21,21	 x21=0x00000015
       19605000	      1861	80007278	01951693	slli	x13,x10,0x19	 x10:0x01052800 x13=0x00000000
       19615000	      1862	8000727c	011c67b3	or	x15,x24,x17	 x24:0x00000001 x17:0x0000001d x15=0x0000001d
       19625000	      1863	80007280	0001	c.addi	x0,0	  x0:0x00000000  x0=0x00000000
       19635000	      1864	80007282	0514	c.addi4spn	x13,x2,640	 x13=0x00000281
       19645000	      1865	80007284	0259	c.addi	x4,22	  x4:0x00000000  x4=0x00000016
       19655000	      1866	80007286	34007173	csrrci	x2,mscratch,0	  x2=0x00000000
       19665000	      1867	8000728a	008aa033	slt	x0,x21,x8	 x21:0x00000015  x8:0x00000000  x0=0x00000000
       19675000	      1868	8000728e	9baf8213	addi	x4,x31,-1606	 x31:0xffffffff  x4=0xfffff9b9
       19685000	      1869	80007292	8d25	c.xor	x10,x9	 x10:0x01052800  x9:0x00000000 x10=0x01052800
       19695000	      1870	80007294	a6fa6593	ori	x11,x20,-1425	 x20:0x00000001 x11=0xfffffa6f
       19705000	      1871	80007298	0ff0000f	fence	iorw,iorw	
       19715000	      1872	8000729c	011bd933	srl	x18,x23,x17	 x23:0x00000000 x17:0x0000001d x18=0x00000000
       19725000	      1873	800072a0	cc11	c.beqz	x8,800072bc	  x8:0x00000000
       19745000	      1875	800072bc	8f05	c.sub	x14,x9	 x14:0x00000000  x9:0x00000000 x14=0x00000000
       19765000	      1877	800072be	02514bb3	div	x23,x2,x5	  x2:0x00000000  x5:0x00000000 x23=0xffffffff
       19775000	      1878	800072c2	0000100f	fence.i	
       19805000	      1881	800072c6	14821f17	auipc	x30,0x14821	 x30=0x948282c6
       19815000	      1882	800072ca	5dfd	c.li	x27,-1	 x27=0xffffffff
       19825000	      1883	800072cc	239f08b7	lui	x17,0x239f0	 x17=0x239f0000
       19835000	      1884	800072d0	8f15	c.sub	x14,x13	 x14:0x00000000 x13:0x00000281 x14=0xfffffd7f
       19845000	      1885	800072d2	3f717513	andi	x10,x2,1015	  x2:0x00000000 x10=0x00000000
       19865000	      1887	800072d6	0294f8b3	remu	x17,x9,x9	  x9:0x00000000  x9:0x00000000 x17=0x00000000
       19875000	      1888	800072da	0a2e	c.slli	x20,0xb	 x20:0x00000001 x20=0x00000800
       19885000	      1889	800072dc	3409df73	csrrwi	x30,mscratch,19	 x30=0x00000000
       19895000	      1890	800072e0	34045673	csrrwi	x12,mscratch,8	 x12=0x00000013
       19905000	      1891	800072e4	0a1a	c.slli	x20,0x6	 x20:0x00000800 x20=0x00020000
       19945000	      1895	800072e6	038ba0b3	mulhsu	x1,x23,x24	 x23:0xffffffff x24:0x00000001  x1=0xffffffff
       19955000	      1896	800072ea	0001	c.addi	x0,0	  x0:0x00000000  x0=0x00000000
       19965000	      1897	800072ec	28992793	slti	x15,x18,649	 x18:0x00000000 x15=0x00000001
       20335000	      1934	800072f0	02484933	div	x18,x16,x4	 x16:0x00000001  x4:0xfffff9b9 x18=0x00000000
       20345000	      1935	800072f4	6159	c.addi16sp	x2,400	  x2:0x00000000  x2=0x00000190
       20715000	      1972	800072f6	034bedb3	rem	x27,x23,x20	 x23:0xffffffff x20:0x00020000 x27=0xffffffff
       20725000	      1973	800072fa	431444b7	lui	x9,0x43144	  x9=0x43144000
       20735000	      1974	800072fe	00a7f333	and	x6,x15,x10	 x15:0x00000001 x10:0x00000000  x6=0x00000000
       20745000	      1975	80007302	e485	c.bnez	x9,8000732a	  x9:0x43144000
       20775000	      1978	8000732a	e7abce13	xori	x28,x23,-390	 x23:0xffffffff x28=0x00000185
       20815000	      1982	8000732e	03fa27b3	mulhsu	x15,x20,x31	 x20:0x00020000 x31:0xffffffff x15=0x0001ffff
       21185000	      2019	80007332	03a352b3	divu	x5,x6,x26	  x6:0x00000000 x26:0x80025ce4  x5=0x00000000
       21195000	      2020	80007336	3403e273	csrrsi	x4,mscratch,7	  x4=0x00000008
       21235000	      2024	8000733a	02f1af33	mulhsu	x30,x3,x15	  x3:0xfffff80c x15:0x0001ffff x30=0xffffffff
       21245000	      2025	8000733e	32a88897	auipc	x17,0x32a88	 x17=0xb2a8f33e
       21255000	      2026	80007342	340e91f3	csrrw	x3,mscratch,x29	 x29:0x0000006e  x3=0x0000000f
       21265000	      2027	80007346	00561c63	bne	x12,x5,8000735e	 x12:0x00000013  x5:0x00000000
       21295000	      2030	8000735e	36bf4613	xori	x12,x30,875	 x30:0xffffffff x12=0xfffffc94
       21305000	      2031	80007362	00525663	bge	x4,x5,8000736e	  x4:0x00000008  x5:0x00000000
       21335000	      2034	8000736e	41a45113	srai	x2,x8,0x1a	  x8:0x00000000  x2=0x00000000
       21345000	      2035	80007372	00c9bab3	sltu	x21,x19,x12	 x19:0x80021e0c x12:0xfffffc94 x21=0x00000001
       21355000	      2036	80007376	002a4733	xor	x14,x20,x2	 x20:0x00020000  x2:0x00000000 x14=0x00020000
       21365000	      2037	8000737a	91ae	c.add	x3,x11	  x3:0x0000000f x11:0xfffffa6f  x3=0xfffffa7e
       21375000	      2038	8000737c	3405ae73	csrrs	x28,mscratch,x11	 x11:0xfffffa6f x28=0x0000006e
       21385000	      2039	80007380	878d	c.srai	x15,0x3	 x15:0x0001ffff x15=0x00003fff
       21395000	      2040	80007382	9ec70e93	addi	x29,x14,-1556	 x14:0x00020000 x29=0x0001f9ec
       21405000	      2041	80007386	00a01eb3	sll	x29,x0,x10	  x0:0x00000000 x10:0x00000000 x29=0x00000000
       21415000	      2042	8000738a	05a47063	bgeu	x8,x26,800073ca	  x8:0x00000000 x26:0x80025ce4
       21425000	      2043	8000738e	0000100f	fence.i	
       21445000	      2045	80007392	866d	c.srai	x12,0x1b	 x12:0xfffffc94 x12=0xffffffff
       21815000	      2082	80007394	03b445b3	div	x11,x8,x27	  x8:0x00000000 x27:0xffffffff x11=0x00000000
       21825000	      2083	80007398	8929	c.andi	x10,10	 x10:0x00000000 x10=0x00000000
       21835000	      2084	8000739a	3bb0aa93	slti	x21,x1,955	  x1:0xffffffff x21=0x00000001
       21845000	      2085	8000739e	e389	c.bnez	x15,800073a0	 x15:0x00003fff
       21865000	      2087	800073a0	01ea36b3	sltu	x13,x20,x30	 x20:0x00020000 x30:0xffffffff x13=0x00000001
       21875000	      2088	800073a4	00751913	slli	x18,x10,0x7	 x10:0x00000000 x18=0x00000000
       21885000	      2089	800073a8	f7136e13	ori	x28,x6,-143	  x6:0x00000000 x28=0xffffff71
       21895000	      2090	800073ac	016d9bb3	sll	x23,x27,x22	 x27:0xffffffff x22:0x7fffffff x23=0x80000000
       21905000	      2091	800073b0	85ad	c.srai	x11,0xb	 x11:0x00000000 x11=0x00000000
       21925000	      2093	800073b2	026254b3	divu	x9,x4,x6	  x4:0x00000008  x6:0x00000000  x9=0xffffffff
       21935000	      2094	800073b6	0001	c.addi	x0,0	  x0:0x00000000  x0=0x00000000
       21945000	      2095	800073b8	03896263	bltu	x18,x24,800073dc	 x18:0x00000000 x24:0x00000001
       21965000	      2097	800073dc	0001	c.addi	x0,0	  x0:0x00000000  x0=0x00000000
       21975000	      2098	800073de	02f6ec63	bltu	x13,x15,80007416	 x13:0x00000001 x15:0x00003fff
       21995000	      2100	80007416	8db5	c.xor	x11,x13	 x11:0x00000000 x13:0x00000001 x11=0x00000001
       22005000	      2101	80007418	788ac937	lui	x18,0x788ac	 x18=0x788ac000
       22015000	      2102	8000741c	547d	c.li	x8,-1	  x8=0xffffffff
       22025000	      2103	8000741e	8f61	c.and	x14,x8	 x14:0x00020000  x8:0xffffffff x14=0x00020000
       22065000	      2107	80007420	0271a0b3	mulhsu	x1,x3,x7	  x3:0xfffffa7e  x7:0xfaeb9c09  x1=0xfffffa99
       22075000	      2108	80007424	04085263	bge	x16,x0,80007468	 x16:0x00000001  x0:0x00000000
       22095000	      2110	80007468	4ee9	c.li	x29,26	 x29=0x0000001a
       22105000	      2111	8000746a	0001	c.addi	x0,0	  x0:0x00000000  x0=0x00000000
       22115000	      2112	8000746c	23587113	andi	x2,x16,565	 x16:0x00000001  x2=0x00000001
       22125000	      2113	80007470	34007973	csrrci	x18,mscratch,0	 x18=0xfffffa6f
       22135000	      2114	80007474	017e6a63	bltu	x28,x23,80007488	 x28:0xffffff71 x23:0x80000000
       22145000	      2115	80007478	017ac5b3	xor	x11,x21,x23	 x21:0x00000001 x23:0x80000000 x11=0x80000001
       22155000	      2116	8000747c	005b08b3	add	x17,x22,x5	 x22:0x7fffffff  x5:0x00000000 x17=0x7fffffff
       22165000	      2117	80007480	7efc0593	addi	x11,x24,2031	 x24:0x00000001 x11=0x000007f0
       22175000	      2118	80007484	008ac833	xor	x16,x21,x8	 x21:0x00000001  x8:0xffffffff x16=0xfffffffe
       22185000	      2119	80007488	0001	c.addi	x0,0	  x0:0x00000000  x0=0x00000000
       22225000	      2123	8000748a	0307b133	mulhu	x2,x15,x16	 x15:0x00003fff x16:0xfffffffe  x2=0x00003ffe
       22235000	      2124	8000748e	406cd0b3	sra	x1,x25,x6	 x25:0x47b98bc6  x6:0x00000000  x1=0x47b98bc6
       22245000	      2125	80007492	0000100f	fence.i	
       22265000	      2127	80007496	82e1	c.srli	x13,0x18	 x13:0x00000001 x13=0x00000000
       22275000	      2128	80007498	41415b13	srai	x22,x2,0x14	  x2:0x00003ffe x22=0x00000000
       22285000	      2129	8000749c	40830833	sub	x16,x6,x8	  x6:0x00000000  x8:0xffffffff x16=0x00000001
       22295000	      2130	800074a0	017d7833	and	x16,x26,x23	 x26:0x80025ce4 x23:0x80000000 x16=0x80000000
       22305000	      2131	800074a4	8e15	c.sub	x12,x13	 x12:0xffffffff x13:0x00000000 x12=0xffffffff
       22315000	      2132	800074a6	c399	c.beqz	x15,800074ac	 x15:0x00003fff
       22325000	      2133	800074a8	00e8d493	srli	x9,x17,0xe	 x17:0x7fffffff  x9=0x0001ffff
       22335000	      2134	800074ac	cf99	c.beqz	x15,800074ca	 x15:0x00003fff
       22355000	      2136	800074ae	02d2d533	divu	x10,x5,x13	  x5:0x00000000 x13:0x00000000 x10=0xffffffff
       22365000	      2137	800074b2	00729433	sll	x8,x5,x7	  x5:0x00000000  x7:0xfaeb9c09  x8=0x00000000
       22375000	      2138	800074b6	00604663	blt	x0,x6,800074c2	  x0:0x00000000  x6:0x00000000
       22385000	      2139	800074ba	01ef6663	bltu	x30,x30,800074c6	 x30:0xffffffff x30:0xffffffff
       22395000	      2140	800074be	0000100f	fence.i	
       22425000	      2143	800074c2	0ff0000f	fence	iorw,iorw	
       22435000	      2144	800074c6	4020dfb3	sra	x31,x1,x2	  x1:0x47b98bc6  x2:0x00003ffe x31=0x00000001
       22445000	      2145	800074ca	0c04	c.addi4spn	x9,x2,528	  x9=0x0000420e
       22455000	      2146	800074cc	018ba333	slt	x6,x23,x24	 x23:0x80000000 x24:0x00000001  x6=0x00000001
       22465000	      2147	800074d0	03fb8f63	beq	x23,x31,8000750e	 x23:0x80000000 x31:0x00000001
       22475000	      2148	800074d4	12c830b7	lui	x1,0x12c83	  x1=0x12c83000
       22485000	      2149	800074d8	18fd	c.addi	x17,-1	 x17:0x7fffffff x17=0x7ffffffe
       22495000	      2150	800074da	78daba13	sltiu	x20,x21,1933	 x21:0x00000001 x20=0x00000001
       22505000	      2151	800074de	0684	c.addi4spn	x9,x2,832	  x9=0x0000433e
       22515000	      2152	800074e0	0180da33	srl	x20,x1,x24	  x1:0x12c83000 x24:0x00000001 x20=0x09641800
       22525000	      2153	800074e4	00b3dc63	bge	x7,x11,800074fc	  x7:0xfaeb9c09 x11:0x000007f0
       22535000	      2154	800074e8	00089d93	slli	x27,x17,0x0	 x17:0x7ffffffe x27=0x7ffffffe
       22545000	      2155	800074ec	340034f3	csrrc	x9,mscratch,x0	  x0:0x00000000  x9=0xfffffa6f
       22585000	      2159	800074f0	02a3b633	mulhu	x12,x7,x10	  x7:0xfaeb9c09 x10:0xffffffff x12=0xfaeb9c08
       22595000	      2160	800074f4	0b96	c.slli	x23,0x5	 x23:0x80000000 x23=0x00000000
       22605000	      2161	800074f6	8359	c.srli	x14,0x16	 x14:0x00020000 x14=0x00000000
       22615000	      2162	800074f8	6119	c.addi16sp	x2,384	  x2:0x00003ffe  x2=0x0000417e
       22625000	      2163	800074fa	8c6d	c.and	x8,x11	  x8:0x00000000 x11:0x000007f0  x8=0x00000000
       22635000	      2164	800074fc	0001	c.addi	x0,0	  x0:0x00000000  x0=0x00000000
       22645000	      2165	800074fe	0001	c.addi	x0,0	  x0:0x00000000  x0=0x00000000
       22655000	      2166	80007500	0253cf63	blt	x7,x5,8000753e	  x7:0xfaeb9c09  x5:0x00000000
       22685000	      2169	8000753e	34015cf3	csrrwi	x25,mscratch,2	 x25=0xfffffa6f
       22695000	      2170	80007542	02d0f563	bgeu	x1,x13,8000756c	  x1:0x12c83000 x13:0x00000000
       22715000	      2172	8000756c	717d	c.addi16sp	x2,-16	  x2:0x0000417e  x2=0x0000416e
       22725000	      2173	8000756e	0ad2	c.slli	x21,0x14	 x21:0x00000001 x21=0x00100000
       22735000	      2174	80007570	8be1	c.andi	x15,24	 x15:0x00003fff x15=0x00000018
       22745000	      2175	80007572	05210163	beq	x2,x18,800075b4	  x2:0x0000416e x18:0xfffffa6f
       22755000	      2176	80007576	8cb9	c.xor	x9,x14	  x9:0xfffffa6f x14:0x00000000  x9=0xfffffa6f
       22765000	      2177	80007578	340b1ff3	csrrw	x31,mscratch,x22	 x22:0x00000000 x31=0x00000002
       22775000	      2178	8000757c	018f5213	srli	x4,x30,0x18	 x30:0xffffffff  x4=0x000000ff
       22785000	      2179	80007580	00a1ca33	xor	x20,x3,x10	  x3:0xfffffa7e x10:0xffffffff x20=0x00000581
       22795000	      2180	80007584	1008	c.addi4spn	x10,x2,32	 x10=0x0000418e
       22805000	      2181	80007586	340d58f3	csrrwi	x17,mscratch,26	 x17=0x00000000
       22815000	      2182	8000758a	7ec88893	addi	x17,x17,2028	 x17:0x00000000 x17=0x000007ec
       22825000	      2183	8000758e	0f14	c.addi4spn	x13,x2,912	 x13=0x000044fe
       22835000	      2184	80007590	a9d36937	lui	x18,0xa9d36	 x18=0xa9d36000
       22845000	      2185	80007594	340cecf3	csrrsi	x25,mscratch,25	 x25=0x0000001a
       22885000	      2189	80007598	03b49833	mulh	x16,x9,x27	  x9:0xfffffa6f x27:0x7ffffffe x16=0xfffffd37
       22895000	      2190	8000759c	340afe73	csrrci	x28,mscratch,21	 x28=0x0000001b
       22905000	      2191	800075a0	010ddc33	srl	x24,x27,x16	 x27:0x7ffffffe x16:0xfffffd37 x24=0x000000ff
       22915000	      2192	800075a4	021df363	bgeu	x27,x1,800075ca	 x27:0x7ffffffe  x1:0x12c83000
       22945000	      2195	800075ca	f56591b7	lui	x3,0xf5659	  x3=0xf5659000
       22985000	      2199	800075ce	030fa333	mulhsu	x6,x31,x16	 x31:0x00000002 x16:0xfffffd37  x6=0x00000001
       22995000	      2200	800075d2	01ea5c93	srli	x25,x20,0x1e	 x20:0x00000581 x25=0x00000000
       23005000	      2201	800075d6	0ff0000f	fence	iorw,iorw	
       23015000	      2202	800075da	70afbe13	sltiu	x28,x31,1802	 x31:0x00000002 x28=0x00000001
       23025000	      2203	800075de	d45eef93	ori	x31,x29,-699	 x29:0x0000001a x31=0xfffffd5f
       23035000	      2204	800075e2	012f3933	sltu	x18,x30,x18	 x30:0xffffffff x18:0xa9d36000 x18=0x00000000
       23045000	      2205	800075e6	340b94f3	csrrw	x9,mscratch,x23	 x23:0x00000000  x9=0x0000000a
       23055000	      2206	800075ea	0001	c.addi	x0,0	  x0:0x00000000  x0=0x00000000
       23095000	      2210	800075ec	02a99b33	mulh	x22,x19,x10	 x19:0x80021e0c x10:0x0000418e x22=0xffffdf39
       23105000	      2211	800075f0	01de5c93	srli	x25,x28,0x1d	 x28:0x00000001 x25=0x00000000
       23115000	      2212	800075f4	9456	c.add	x8,x21	  x8:0x00000000 x21:0x00100000  x8=0x00100000
       23125000	      2213	800075f6	9692	c.add	x13,x4	 x13:0x000044fe  x4:0x000000ff x13=0x000045fd
       23135000	      2214	800075f8	0000100f	fence.i	
       23155000	      2216	800075fc	1f9c	c.addi4spn	x15,x2,1008	 x15=0x0000455e
       23165000	      2217	800075fe	0081b8b3	sltu	x17,x3,x8	  x3:0xf5659000  x8:0x00100000 x17=0x00000000
       23175000	      2218	80007602	0ff0000f	fence	iorw,iorw	
       23185000	      2219	80007606	340f3c73	csrrc	x24,mscratch,x30	 x30:0xffffffff x24=0x00000000
       23555000	      2256	8000760a	02c76eb3	rem	x29,x14,x12	 x14:0x00000000 x12:0xfaeb9c08 x29=0x00000000
       23565000	      2257	8000760e	0abded93	ori	x27,x27,171	 x27:0x7ffffffe x27=0x7fffffff
       23575000	      2258	80007612	a434e513	ori	x10,x9,-1469	  x9:0x0000000a x10=0xfffffa4b
       23615000	      2262	80007616	02ee18b3	mulh	x17,x28,x14	 x28:0x00000001 x14:0x00000000 x17=0x00000000
       23625000	      2263	8000761a	340bd273	csrrwi	x4,mscratch,23	  x4=0x00000000
       23635000	      2264	8000761e	0000100f	fence.i	
       23655000	      2266	80007622	1cfd	c.addi	x25,-1	 x25:0x00000000 x25=0xffffffff
       23665000	      2267	80007624	009995b3	sll	x11,x19,x9	 x19:0x80021e0c  x9:0x0000000a x11=0x08783000
       23675000	      2268	80007628	340bd473	csrrwi	x8,mscratch,23	  x8=0x00000017
       23685000	      2269	8000762c	012580b3	add	x1,x11,x18	 x11:0x08783000 x18:0x00000000  x1=0x08783000
       23695000	      2270	80007630	8e6d	c.and	x12,x11	 x12:0xfaeb9c08 x11:0x08783000 x12=0x08681000
       23705000	      2271	80007632	340075f3	csrrci	x11,mscratch,0	 x11=0x00000017
       23715000	      2272	80007636	8d99	c.sub	x11,x14	 x11:0x00000017 x14:0x00000000 x11=0x00000017
       23725000	      2273	80007638	0115db33	srl	x22,x11,x17	 x11:0x00000017 x17:0x00000000 x22=0x00000017
       23735000	      2274	8000763c	00ec3f33	sltu	x30,x24,x14	 x24:0x00000000 x14:0x00000000 x30=0x00000000
       23745000	      2275	80007640	c586ae13	slti	x28,x13,-936	 x13:0x000045fd x28=0x00000000
       23755000	      2276	80007644	1b90	c.addi4spn	x12,x2,496	 x12=0x0000435e
       23765000	      2277	80007646	340f6273	csrrsi	x4,mscratch,30	  x4=0x00000017
       23775000	      2278	8000764a	305ae413	ori	x8,x21,773	 x21:0x00100000  x8=0x00100305
       23785000	      2279	8000764e	1f88	c.addi4spn	x10,x2,1008	 x10=0x0000455e
       23795000	      2280	80007650	5f7d	c.li	x30,-1	 x30=0xffffffff
       24165000	      2317	80007652	02bff1b3	remu	x3,x31,x11	 x31:0xfffffd5f x11:0x00000017  x3=0x00000006
       24175000	      2318	80007656	0000100f	fence.i	
       24205000	      2321	8000765a	34006ff3	csrrsi	x31,mscratch,0	 x31=0x0000001f
       24215000	      2322	8000765e	016d8733	add	x14,x27,x22	 x27:0x7fffffff x22:0x00000017 x14=0x80000016
       24225000	      2323	80007662	0001	c.addi	x0,0	  x0:0x00000000  x0=0x00000000
       24235000	      2324	80007664	34025b73	csrrwi	x22,mscratch,4	 x22=0x0000001f
       24245000	      2325	80007668	9a7d	c.andi	x12,-1	 x12:0x0000435e x12=0x0000435e
       24255000	      2326	8000766a	0000100f	fence.i	
       24285000	      2329	8000766e	e9373717	auipc	x14,0xe9373	 x14=0x6937a66e
       24295000	      2330	80007672	573ac113	xori	x2,x21,1395	 x21:0x00100000  x2=0x00100573
       24305000	      2331	80007676	024e6d63	bltu	x28,x4,800076b0	 x28:0x00000000  x4:0x00000017
       24325000	      2333	800076b0	34002ff3	csrrs	x31,mscratch,x0	  x0:0x00000000 x31=0x00000004
       24335000	      2334	800076b4	01625913	srli	x18,x4,0x16	  x4:0x00000017 x18=0x00000000
       24345000	      2335	800076b8	0f10	c.addi4spn	x12,x2,912	 x12=0x00100903
       24355000	      2336	800076ba	8c59	c.or	x8,x14	  x8:0x00100305 x14:0x6937a66e  x8=0x6937a76f
       24365000	      2337	800076bc	41340633	sub	x12,x8,x19	  x8:0x6937a76f x19:0x80021e0c x12=0xe9358963
       24375000	      2338	800076c0	0ff0000f	fence	iorw,iorw	
       24385000	      2339	800076c4	c011	c.beqz	x8,800076c8	  x8:0x6937a76f
       24395000	      2340	800076c6	9ff6	c.add	x31,x29	 x31:0x00000004 x29:0x00000000 x31=0x00000004
       24405000	      2341	800076c8	01e18cb3	add	x25,x3,x30	  x3:0x00000006 x30:0xffffffff x25=0x00000005
       24415000	      2342	800076cc	00cfcf63	blt	x31,x12,800076ea	 x31:0x00000004 x12:0xe9358963
       24425000	      2343	800076d0	01649893	slli	x17,x9,0x16	  x9:0x0000000a x17=0x02800000
       24435000	      2344	800076d4	ef09	c.bnez	x14,800076ee	 x14:0x6937a66e
       24465000	      2347	800076ee	0490c163	blt	x1,x9,80007730	  x1:0x08783000  x9:0x0000000a
       24475000	      2348	800076f2	01c9ddb3	srl	x27,x19,x28	 x19:0x80021e0c x28:0x00000000 x27=0x80021e0c
       24485000	      2349	800076f6	2b1ec8b7	lui	x17,0x2b1ec	 x17=0x2b1ec000
       24495000	      2350	800076fa	3ef10813	addi	x16,x2,1007	  x2:0x00100573 x16=0x00100962
       24505000	      2351	800076fe	0000100f	fence.i	
       24535000	      2354	80007702	00ee9b13	slli	x22,x29,0xe	 x29:0x00000000 x22=0x00000000
       24545000	      2355	80007706	ec32be13	sltiu	x28,x5,-317	  x5:0x00000000 x28=0x00000001
       24555000	      2356	8000770a	e1e07893	andi	x17,x0,-482	  x0:0x00000000 x17=0x00000000
       24565000	      2357	8000770e	8c19	c.sub	x8,x14	  x8:0x6937a76f x14:0x6937a66e  x8=0x00000101
       24575000	      2358	80007710	0a80	c.addi4spn	x8,x2,336	  x8=0x001006c3
       24585000	      2359	80007712	6ba5	c.lui	x23,0x9	 x23=0x00009000
       24595000	      2360	80007714	86dd	c.srai	x13,0x17	 x13:0x000045fd x13=0x00000000
       24605000	      2361	80007716	00987d63	bgeu	x16,x9,80007730	 x16:0x00100962  x9:0x0000000a
       24625000	      2363	80007730	017fdf63	bge	x31,x23,8000774e	 x31:0x00000004 x23:0x00009000
       24635000	      2364	80007734	87164793	xori	x15,x12,-1935	 x12:0xe9358963 x15=0x16ca7112
       24645000	      2365	80007738	01639293	slli	x5,x7,0x16	  x7:0xfaeb9c09  x5=0x02400000
       24655000	      2366	8000773c	0001	c.addi	x0,0	  x0:0x00000000  x0=0x00000000
       24665000	      2367	8000773e	8af1	c.andi	x13,28	 x13:0x00000000 x13=0x00000000
       24675000	      2368	80007740	0188d793	srli	x15,x17,0x18	 x17:0x00000000 x15=0x00000000
       24685000	      2369	80007744	8275	c.srli	x12,0x1d	 x12:0xe9358963 x12=0x00000007
       24695000	      2370	80007746	3402e6f3	csrrsi	x13,mscratch,5	 x13=0x00000004
       24705000	      2371	8000774a	408fd713	srai	x14,x31,0x8	 x31:0x00000004 x14=0x00000000
       24715000	      2372	8000774e	e785	c.bnez	x15,80007776	 x15:0x00000000
       24725000	      2373	80007750	0ff0000f	fence	iorw,iorw	
       24735000	      2374	80007754	9509c813	xori	x16,x19,-1712	 x19:0x80021e0c x16=0x7ffde75c
       24745000	      2375	80007758	00edbeb3	sltu	x29,x27,x14	 x27:0x80021e0c x14:0x00000000 x29=0x00000000
       24755000	      2376	8000775c	00642a33	slt	x20,x8,x6	  x8:0x001006c3  x6:0x00000001 x20=0x00000000
       24765000	      2377	80007760	eb01	c.bnez	x14,80007770	 x14:0x00000000
       24775000	      2378	80007762	81b5	c.srli	x11,0xd	 x11:0x00000017 x11=0x00000000
       24785000	      2379	80007764	0ff0000f	fence	iorw,iorw	
       24795000	      2380	80007768	34045273	csrrwi	x4,mscratch,8	  x4=0x00000005
       24805000	      2381	8000776c	01c29793	slli	x15,x5,0x1c	  x5:0x02400000 x15=0x00000000
       24815000	      2382	80007770	01d6c433	xor	x8,x13,x29	 x13:0x00000004 x29:0x00000000  x8=0x00000004
       24825000	      2383	80007774	8dc5	c.or	x11,x9	 x11:0x00000000  x9:0x0000000a x11=0x0000000a
       24835000	      2384	80007776	0001	c.addi	x0,0	  x0:0x00000000  x0=0x00000000
       24845000	      2385	80007778	04354163	blt	x10,x3,800077ba	 x10:0x0000455e  x3:0x00000006
       24855000	      2386	8000777c	79096317	auipc	x6,0x79096	  x6=0xf909d77c
       24865000	      2387	80007780	01a957b3	srl	x15,x18,x26	 x18:0x00000000 x26:0x80025ce4 x15=0x00000000
       25235000	      2424	80007784	03bdcb33	div	x22,x27,x27	 x27:0x80021e0c x27:0x80021e0c x22=0x00000001
       25245000	      2425	80007788	c595	c.beqz	x11,800077b4	 x11:0x0000000a
       25255000	      2426	8000778a	ede9f593	andi	x11,x19,-290	 x19:0x80021e0c x11=0x80021e0c
       25265000	      2427	8000778e	01feae33	slt	x28,x29,x31	 x29:0x00000000 x31:0x00000004 x28=0x00000001
       25305000	      2431	80007792	03663bb3	mulhu	x23,x12,x22	 x12:0x00000007 x22:0x00000001 x23=0x00000000
       25315000	      2432	80007796	2bac16b7	lui	x13,0x2bac1	 x13=0x2bac1000
       25325000	      2433	8000779a	419f57b3	sra	x15,x30,x25	 x30:0xffffffff x25:0x00000005 x15=0xffffffff
       25335000	      2434	8000779e	6ad1	c.lui	x21,0x14	 x21=0x00014000
       25345000	      2435	800077a0	340c58f3	csrrwi	x17,mscratch,24	 x17=0x00000008
       25385000	      2439	800077a4	03d01133	mulh	x2,x0,x29	  x0:0x00000000 x29:0x00000000  x2=0x00000000
       25395000	      2440	800077a8	51fd	c.li	x3,-1	  x3=0xffffffff
       25405000	      2441	800077aa	89e5	c.andi	x11,25	 x11:0x80021e0c x11=0x00000008
       25415000	      2442	800077ac	ed7f2493	slti	x9,x30,-297	 x30:0xffffffff  x9=0x00000000
       25425000	      2443	800077b0	41fe0933	sub	x18,x28,x31	 x28:0x00000001 x31:0x00000004 x18=0xfffffffd
       25435000	      2444	800077b4	0001	c.addi	x0,0	  x0:0x00000000  x0=0x00000000
       25445000	      2445	800077b6	00c04033	xor	x0,x0,x12	  x0:0x00000000 x12:0x00000007  x0=0x00000000
       25455000	      2446	800077ba	8fd5	c.or	x15,x13	 x15:0xffffffff x13:0x2bac1000 x15=0xffffffff
       25465000	      2447	800077bc	0000100f	fence.i	
       25485000	      2449	800077c0	01a01bb3	sll	x23,x0,x26	  x0:0x00000000 x26:0x80025ce4 x23=0x00000000
       25495000	      2450	800077c4	41a2d513	srai	x10,x5,0x1a	  x5:0x02400000 x10=0x00000000
       25505000	      2451	800077c8	8cad	c.xor	x9,x11	  x9:0x00000000 x11:0x00000008  x9=0x00000008
       25515000	      2452	800077ca	0001	c.addi	x0,0	  x0:0x00000000  x0=0x00000000
       25525000	      2453	800077cc	19663d93	sltiu	x27,x12,406	 x12:0x00000007 x27=0x00000001
       25535000	      2454	800077d0	87cd	c.srai	x15,0x13	 x15:0xffffffff x15=0xffffffff
       25545000	      2455	800077d2	57fd	c.li	x15,-1	 x15=0xffffffff
       25555000	      2456	800077d4	003b4263	blt	x22,x3,800077d8	 x22:0x00000001  x3:0xffffffff
       25565000	      2457	800077d8	000a9c93	slli	x25,x21,0x0	 x21:0x00014000 x25=0x00014000
       25575000	      2458	800077dc	34059df3	csrrw	x27,mscratch,x11	 x11:0x00000008 x27=0x00000018
       25585000	      2459	800077e0	86d9	c.srai	x13,0x16	 x13:0x2bac1000 x13=0x000000ae
       25595000	      2460	800077e2	00d77663	bgeu	x14,x13,800077ee	 x14:0x00000000 x13:0x000000ae
       25605000	      2461	800077e6	03ff2a93	slti	x21,x30,63	 x30:0xffffffff x21=0x00000001
       25615000	      2462	800077ea	9244b293	sltiu	x5,x9,-1756	  x9:0x00000008  x5=0x00000001
       25625000	      2463	800077ee	36ba2f93	slti	x31,x20,875	 x20:0x00000000 x31=0x00000001
       25635000	      2464	800077f2	0161dfb3	srl	x31,x3,x22	  x3:0xffffffff x22:0x00000001 x31=0x7fffffff
       25645000	      2465	800077f6	01341f33	sll	x30,x8,x19	  x8:0x00000004 x19:0x80021e0c x30=0x00004000
       25655000	      2466	800077fa	0034f863	bgeu	x9,x3,8000780a	  x9:0x00000008  x3:0xffffffff
       25665000	      2467	800077fe	03bb5263	bge	x22,x27,80007822	 x22:0x00000001 x27:0x00000018
       25675000	      2468	80007802	40bfec93	ori	x25,x31,1035	 x31:0x7fffffff x25=0x7fffffff
       25685000	      2469	80007806	34071473	csrrw	x8,mscratch,x14	 x14:0x00000000  x8=0x00000008
       25695000	      2470	8000780a	011d97b3	sll	x15,x27,x17	 x27:0x00000018 x17:0x00000008 x15=0x00001800
       25735000	      2474	8000780e	0322a833	mulhsu	x16,x5,x18	  x5:0x00000001 x18:0xfffffffd x16=0x00000000
       25745000	      2475	80007812	4174d633	sra	x12,x9,x23	  x9:0x00000008 x23:0x00000000 x12=0x00000008
       25755000	      2476	80007816	0032dc13	srli	x24,x5,0x3	  x5:0x00000001 x24=0x00000000
       25765000	      2477	8000781a	8c31	c.xor	x8,x12	  x8:0x00000008 x12:0x00000008  x8=0x00000000
       25775000	      2478	8000781c	98fd	c.andi	x9,-1	  x9:0x00000008  x9=0x00000008
       26145000	      2515	8000781e	0318c133	div	x2,x17,x17	 x17:0x00000008 x17:0x00000008  x2=0x00000001
       26155000	      2516	80007822	17c98093	addi	x1,x19,380	 x19:0x80021e0c  x1=0x80021f88
       26165000	      2517	80007826	7bd57193	andi	x3,x10,1981	 x10:0x00000000  x3=0x00000000
       26175000	      2518	8000782a	10753497	auipc	x9,0x10753	  x9=0x9075a82a
       26185000	      2519	8000782e	63d0e793	ori	x15,x1,1597	  x1:0x80021f88 x15=0x80021fbd
       26195000	      2520	80007832	414404b3	sub	x9,x8,x20	  x8:0x00000000 x20:0x00000000  x9=0x00000000
       26205000	      2521	80007836	34049ff3	csrrw	x31,mscratch,x9	  x9:0x00000000 x31=0x00000000
       26215000	      2522	8000783a	030bf063	bgeu	x23,x16,8000785a	 x23:0x00000000 x16:0x00000000
       26245000	      2525	8000785a	40bddbb3	sra	x23,x27,x11	 x27:0x00000018 x11:0x00000008 x23=0x00000000
       26255000	      2526	8000785e	03a9de63	bge	x19,x26,8000789a	 x19:0x80021e0c x26:0x80025ce4
       26265000	      2527	80007862	0ff0000f	fence	iorw,iorw	
       26275000	      2528	80007866	00487c33	and	x24,x16,x4	 x16:0x00000000  x4:0x00000005 x24=0x00000000
       26285000	      2529	8000786a	8e19	c.sub	x12,x14	 x12:0x00000008 x14:0x00000000 x12=0x00000008
       26295000	      2530	8000786c	01ab2f33	slt	x30,x22,x26	 x22:0x00000001 x26:0x80025ce4 x30=0x00000000
       26305000	      2531	80007870	62cb7e13	andi	x28,x22,1580	 x22:0x00000001 x28=0x00000000
       26315000	      2532	80007874	8326	c.mv	x6,x9	  x0:0x00000000  x9:0x00000000  x6=0x00000000
       26325000	      2533	80007876	68a1e193	ori	x3,x3,1674	  x3:0x00000000  x3=0x0000068a
       26335000	      2534	8000787a	095e	c.slli	x18,0x17	 x18:0xfffffffd x18=0xfe800000
       26345000	      2535	8000787c	8911	c.andi	x10,4	 x10:0x00000000 x10=0x00000000
       26355000	      2536	8000787e	00f12333	slt	x6,x2,x15	  x2:0x00000001 x15:0x80021fbd  x6=0x00000000
       26365000	      2537	80007882	8f2d	c.xor	x14,x11	 x14:0x00000000 x11:0x00000008 x14=0x00000008
       26375000	      2538	80007884	8c7d	c.and	x8,x15	  x8:0x00000000 x15:0x80021fbd  x8=0x00000000
       26395000	      2540	80007886	0375d8b3	divu	x17,x11,x23	 x11:0x00000008 x23:0x00000000 x17=0xffffffff
       26405000	      2541	8000788a	9a0e	c.add	x20,x3	 x20:0x00000000  x3:0x0000068a x20=0x0000068a
       26415000	      2542	8000788c	0f45	c.addi	x30,17	 x30:0x00000000 x30=0x00000011
       26425000	      2543	8000788e	01326a33	or	x20,x4,x19	  x4:0x00000005 x19:0x80021e0c x20=0x80021e0d
       26435000	      2544	80007892	417852b3	sra	x5,x16,x23	 x16:0x00000000 x23:0x00000000  x5=0x00000000
       26445000	      2545	80007896	34006a73	csrrsi	x20,mscratch,0	 x20=0x00000000
       26455000	      2546	8000789a	0001	c.addi	x0,0	  x0:0x00000000  x0=0x00000000
       26465000	      2547	8000789c	019c	c.addi4spn	x15,x2,192	 x15=0x000000c1
       26505000	      2551	8000789e	03241633	mulh	x12,x8,x18	  x8:0x00000000 x18:0xfe800000 x12=0x00000000
       26875000	      2588	800078a2	03e7d0b3	divu	x1,x15,x30	 x15:0x000000c1 x30:0x00000011  x1=0x0000000b
       26915000	      2592	800078a6	03d320b3	mulhsu	x1,x6,x29	  x6:0x00000000 x29:0x00000000  x1=0x00000000
       26925000	      2593	800078aa	378f8c13	addi	x24,x31,888	 x31:0x00000000 x24=0x00000378
       26935000	      2594	800078ae	8c7627b7	lui	x15,0x8c762	 x15=0x8c762000
       26945000	      2595	800078b2	0107d613	srli	x12,x15,0x10	 x15:0x8c762000 x12=0x00008c76
       26955000	      2596	800078b6	a36f8713	addi	x14,x31,-1482	 x31:0x00000000 x14=0xfffffa36
       26965000	      2597	800078ba	340b1ef3	csrrw	x29,mscratch,x22	 x22:0x00000001 x29=0x00000000
       26975000	      2598	800078be	34006f73	csrrsi	x30,mscratch,0	 x30=0x00000001
       26985000	      2599	800078c2	6e59	c.lui	x28,0x16	 x28=0x00016000
       26995000	      2600	800078c4	00625933	srl	x18,x4,x6	  x4:0x00000005  x6:0x00000000 x18=0x00000005
       27005000	      2601	800078c8	0b86	c.slli	x23,0x1	 x23:0x00000000 x23=0x00000000
       27015000	      2602	800078ca	0ffe6b13	ori	x22,x28,255	 x28:0x00016000 x22=0x000160ff
       27025000	      2603	800078ce	0001	c.addi	x0,0	  x0:0x00000000  x0=0x00000000
       27035000	      2604	800078d0	8f15	c.sub	x14,x13	 x14:0xfffffa36 x13:0x000000ae x14=0xfffff988
       27045000	      2605	800078d2	8731	c.srai	x14,0xc	 x14:0xfffff988 x14=0xffffffff
       27055000	      2606	800078d4	403f5f33	sra	x30,x30,x3	 x30:0x00000001  x3:0x0000068a x30=0x00000000
       27065000	      2607	800078d8	40ed5193	srai	x3,x26,0xe	 x26:0x80025ce4  x3=0xfffe0009
       27075000	      2608	800078dc	01add033	srl	x0,x27,x26	 x27:0x00000018 x26:0x80025ce4  x0=0x00000000
       27085000	      2609	800078e0	00dd9c63	bne	x27,x13,800078f8	 x27:0x00000018 x13:0x000000ae
       27105000	      2611	800078f8	40e4d733	sra	x14,x9,x14	  x9:0x00000000 x14:0xffffffff x14=0x00000000
       27115000	      2612	800078fc	01970db3	add	x27,x14,x25	 x14:0x00000000 x25:0x7fffffff x27=0x7fffffff
       27125000	      2613	80007900	2293b6b7	lui	x13,0x2293b	 x13=0x2293b000
       27135000	      2614	80007904	8fb5	c.xor	x15,x13	 x15:0x8c762000 x13:0x2293b000 x15=0xaee59000
       27145000	      2615	80007906	997d	c.andi	x10,-1	 x10:0x00000000 x10=0x00000000
       27155000	      2616	80007908	01b0c133	xor	x2,x1,x27	  x1:0x00000000 x27:0x7fffffff  x2=0x7fffffff
       27165000	      2617	8000790c	01cf9193	slli	x3,x31,0x1c	 x31:0x00000000  x3=0x00000000
       27175000	      2618	80007910	019970b3	and	x1,x18,x25	 x18:0x00000005 x25:0x7fffffff  x1=0x00000005
       27185000	      2619	80007914	414adc93	srai	x25,x21,0x14	 x21:0x00000001 x25=0x00000000
       27195000	      2620	80007918	410c5eb3	sra	x29,x24,x16	 x24:0x00000378 x16:0x00000000 x29=0x00000378
       27205000	      2621	8000791c	4c96f093	andi	x1,x13,1225	 x13:0x2293b000  x1=0x00000000
       27215000	      2622	80007920	82b1	c.srli	x13,0xc	 x13:0x2293b000 x13=0x0002293b
       27225000	      2623	80007922	97fa	c.add	x15,x30	 x15:0xaee59000 x30:0x00000000 x15=0xaee59000
       27235000	      2624	80007924	c4367e93	andi	x29,x12,-957	 x12:0x00008c76 x29=0x00008c42
       27245000	      2625	80007928	34039073	csrrw	x0,mscratch,x7	  x7:0xfaeb9c09  x0=0x00000000
       27255000	      2626	8000792c	06ba	c.slli	x13,0xe	 x13:0x0002293b x13=0x8a4ec000
       27265000	      2627	8000792e	8e49	c.or	x12,x10	 x12:0x00008c76 x10:0x00000000 x12=0x00008c76
       27275000	      2628	80007930	10840093	addi	x1,x8,264	  x8:0x00000000  x1=0x00000108
       27285000	      2629	80007934	01ed1f13	slli	x30,x26,0x1e	 x26:0x80025ce4 x30=0x00000000
       27295000	      2630	80007938	005c0563	beq	x24,x5,80007942	 x24:0x00000378  x5:0x00000000
       27305000	      2631	8000793c	e681	c.bnez	x13,80007944	 x13:0x8a4ec000
       27325000	      2633	80007944	0009eab3	or	x21,x19,x0	 x19:0x80021e0c  x0:0x00000000 x21=0x80021e0c
       27335000	      2634	80007948	8d65	c.and	x10,x9	 x10:0x00000000  x9:0x00000000 x10=0x00000000
       27345000	      2635	8000794a	034d5563	bge	x26,x20,80007974	 x26:0x80025ce4 x20:0x00000000
       27385000	      2639	8000794e	0290b433	mulhu	x8,x1,x9	  x1:0x00000108  x9:0x00000000  x8=0x00000000
       27395000	      2640	80007952	8de5	c.and	x11,x9	 x11:0x00000008  x9:0x00000000 x11=0x00000000
       27405000	      2641	80007954	00510463	beq	x2,x5,8000795c	  x2:0x7fffffff  x5:0x00000000
       27415000	      2642	80007958	3402d473	csrrwi	x8,mscratch,5	  x8=0xfaeb9c09
       27425000	      2643	8000795c	c034df97	auipc	x31,0xc034d	 x31=0x4035495c
       27435000	      2644	80007960	8fa1	c.xor	x15,x8	 x15:0xaee59000  x8:0xfaeb9c09 x15=0x540e0c09
       27445000	      2645	80007962	03fbf663	bgeu	x23,x31,8000798e	 x23:0x00000000 x31:0x4035495c
       27455000	      2646	80007966	5efd	c.li	x29,-1	 x29=0xffffffff
       27465000	      2647	80007968	0459d263	bge	x19,x5,800079ac	 x19:0x80021e0c  x5:0x00000000
       27475000	      2648	8000796c	01039c33	sll	x24,x7,x16	  x7:0xfaeb9c09 x16:0x00000000 x24=0xfaeb9c09
       27485000	      2649	80007970	0da1ad93	slti	x27,x3,218	  x3:0x00000000 x27=0x00000001
       27495000	      2650	80007974	037f7463	bgeu	x30,x23,8000799c	 x30:0x00000000 x23:0x00000000
       27515000	      2652	8000799c	00a35b93	srli	x23,x6,0xa	  x6:0x00000000 x23=0x00000000
       27525000	      2653	800079a0	0000100f	fence.i	
       27545000	      2655	800079a4	7060c493	xori	x9,x1,1798	  x1:0x00000108  x9=0x0000060e
       27555000	      2656	800079a8	3404d373	csrrwi	x6,mscratch,9	  x6=0x00000005
       27565000	      2657	800079ac	40cf5ab3	sra	x21,x30,x12	 x30:0x00000000 x12:0x00008c76 x21=0x00000000
       27575000	      2658	800079b0	2d1b6a13	ori	x20,x22,721	 x22:0x000160ff x20=0x000162ff
       27585000	      2659	800079b4	4a588613	addi	x12,x17,1189	 x17:0xffffffff x12=0x000004a4
       27595000	      2660	800079b8	0f1e	c.slli	x30,0x7	 x30:0x00000000 x30=0x00000000
       27605000	      2661	800079ba	34039b73	csrrw	x22,mscratch,x7	  x7:0xfaeb9c09 x22=0x00000009
       27615000	      2662	800079be	7d717813	andi	x16,x2,2007	  x2:0x7fffffff x16=0x000007d7
       27625000	      2663	800079c2	0225cf63	blt	x11,x2,80007a00	 x11:0x00000000  x2:0x7fffffff
       27645000	      2665	80007a00	41fe85b3	sub	x11,x29,x31	 x29:0xffffffff x31:0x4035495c x11=0xbfcab6a3
       27655000	      2666	80007a04	0f14	c.addi4spn	x13,x2,912	 x13=0x8000038f
       27665000	      2667	80007a06	98b11f37	lui	x30,0x98b11	 x30=0x98b11000
       27675000	      2668	80007a0a	340072f3	csrrci	x5,mscratch,0	  x5=0xfaeb9c09
       27685000	      2669	80007a0e	00149963	bne	x9,x1,80007a20	  x9:0x0000060e  x1:0x00000108
       27705000	      2671	80007a20	c209	c.beqz	x12,80007a22	 x12:0x000004a4
       27715000	      2672	80007a22	0019ee33	or	x28,x19,x1	 x19:0x80021e0c  x1:0x00000108 x28=0x80021f0c
       27725000	      2673	80007a26	34022df3	csrrs	x27,mscratch,x4	  x4:0x00000005 x27=0xfaeb9c09
       27735000	      2674	80007a2a	8cbd	c.xor	x9,x15	  x9:0x0000060e x15:0x540e0c09  x9=0x540e0a07
       28105000	      2711	80007a2c	03b95f33	divu	x30,x18,x27	 x18:0x00000005 x27:0xfaeb9c09 x30=0x00000000
       28115000	      2712	80007a30	a6763797	auipc	x15,0xa6763	 x15=0x2676aa30
       28125000	      2713	80007a34	405ed893	srai	x17,x29,0x5	 x29:0xffffffff x17=0xffffffff
       28135000	      2714	80007a38	41a58eb3	sub	x29,x11,x26	 x11:0xbfcab6a3 x26:0x80025ce4 x29=0x3fc859bf
       28145000	      2715	80007a3c	340fb573	csrrc	x10,mscratch,x31	 x31:0x4035495c x10=0xfaeb9c0d
       28155000	      2716	80007a40	997d	c.andi	x10,-1	 x10:0xfaeb9c0d x10=0xfaeb9c0d
       28165000	      2717	80007a42	038ce263	bltu	x25,x24,80007a66	 x25:0x00000000 x24:0xfaeb9c09
       28555000	      2756	80007a66	034a6bb3	rem	x23,x20,x20	 x20:0x000162ff x20:0x000162ff x23=0x00000000
       28565000	      2757	80007a6a	0088d133	srl	x2,x17,x8	 x17:0xffffffff  x8:0xfaeb9c09  x2=0x007fffff
       28575000	      2758	80007a6e	01e435b3	sltu	x11,x8,x30	  x8:0xfaeb9c09 x30:0x00000000 x11=0x00000000
       28585000	      2759	80007a72	248b2793	slti	x15,x22,584	 x22:0x00000009 x15=0x00000001
       28595000	      2760	80007a76	a3b5f813	andi	x16,x11,-1477	 x11:0x00000000 x16=0x00000000
       28605000	      2761	80007a7a	088c	c.addi4spn	x11,x2,80	 x11=0x0080004f
       28615000	      2762	80007a7c	01768cb3	add	x25,x13,x23	 x13:0x8000038f x23:0x00000000 x25=0x8000038f
       28625000	      2763	80007a80	0041b333	sltu	x6,x3,x4	  x3:0x00000000  x4:0x00000005  x6=0x00000001
       28635000	      2764	80007a84	08fd	c.addi	x17,31	 x17:0xffffffff x17=0x0000001e
       28645000	      2765	80007a86	01e2e033	or	x0,x5,x30	  x5:0xfaeb9c09 x30:0x00000000  x0=0x00000000
       29015000	      2802	80007a8a	033558b3	divu	x17,x10,x19	 x10:0xfaeb9c0d x19:0x80021e0c x17=0x00000001
       29025000	      2803	80007a8e	00f534b3	sltu	x9,x10,x15	 x10:0xfaeb9c0d x15:0x00000001  x9=0x00000000
       29035000	      2804	80007a92	8d71	c.and	x10,x12	 x10:0xfaeb9c0d x12:0x000004a4 x10=0x00000404
       29045000	      2805	80007a94	0001	c.addi	x0,0	  x0:0x00000000  x0=0x00000000
       29055000	      2806	80007a96	340abb73	csrrc	x22,mscratch,x21	 x21:0x00000000 x22=0xbaca9401
       29425000	      2843	80007a9a	038cd033	divu	x0,x25,x24	 x25:0x8000038f x24:0xfaeb9c09  x0=0x00000000
       29435000	      2844	80007a9e	40a882b3	sub	x5,x17,x10	 x17:0x00000001 x10:0x00000404  x5=0xfffffbfd
       29465000	      2847	80007aa2	038f0f33	mul	x30,x30,x24	 x30:0x00000000 x24:0xfaeb9c09 x30=0x00000000
       29475000	      2848	80007aa6	340ddb73	csrrwi	x22,mscratch,27	 x22=0xbaca9401
       29485000	      2849	80007aaa	9afd	c.andi	x13,-1	 x13:0x8000038f x13=0x8000038f
       29495000	      2850	80007aac	01bde733	or	x14,x27,x27	 x27:0xfaeb9c09 x27:0xfaeb9c09 x14=0xfaeb9c09
       29505000	      2851	80007ab0	8e9e0513	addi	x10,x28,-1815	 x28:0x80021f0c x10=0x800217f5
       29515000	      2852	80007ab4	00760e63	beq	x12,x7,80007ad0	 x12:0x000004a4  x7:0xfaeb9c09
       29525000	      2853	80007ab8	016e2233	slt	x4,x28,x22	 x28:0x80021f0c x22:0xbaca9401  x4=0x00000001
       29535000	      2854	80007abc	3406e4f3	csrrsi	x9,mscratch,13	  x9=0x0000001b
       29545000	      2855	80007ac0	016d06b3	add	x13,x26,x22	 x26:0x80025ce4 x22:0xbaca9401 x13=0x3accf0e5
       29555000	      2856	80007ac4	01b71d93	slli	x27,x14,0x1b	 x14:0xfaeb9c09 x27=0x48000000
       29565000	      2857	80007ac8	85d1	c.srai	x11,0x14	 x11:0x0080004f x11=0x00000008
       29575000	      2858	80007aca	340860f3	csrrsi	x1,mscratch,16	  x1=0x0000001f
       29585000	      2859	80007ace	8fa5	c.xor	x15,x9	 x15:0x00000001  x9:0x0000001b x15=0x0000001a
       29595000	      2860	80007ad0	8d31	c.xor	x10,x12	 x10:0x800217f5 x12:0x000004a4 x10=0x80021351
       29605000	      2861	80007ad2	019a57b3	srl	x15,x20,x25	 x20:0x000162ff x25:0x8000038f x15=0x00000002
       29615000	      2862	80007ad6	0890	c.addi4spn	x12,x2,80	 x12=0x0080004f
       29625000	      2863	80007ad8	3404e573	csrrsi	x10,mscratch,9	 x10=0x0000001f
       29635000	      2864	80007adc	8fd9	c.or	x15,x14	 x15:0x00000002 x14:0xfaeb9c09 x15=0xfaeb9c0b
       29645000	      2865	80007ade	8a5e	c.mv	x20,x23	  x0:0x00000000 x23:0x00000000 x20=0x00000000
       29655000	      2866	80007ae0	34035e73	csrrwi	x28,mscratch,6	 x28=0x0000001f
       29665000	      2867	80007ae4	8dd9	c.or	x11,x14	 x11:0x00000008 x14:0xfaeb9c09 x11=0xfaeb9c09
       29675000	      2868	80007ae6	00ca9663	bne	x21,x12,80007af2	 x21:0x00000000 x12:0x0080004f
       29695000	      2870	80007af2	8fd9	c.or	x15,x14	 x15:0xfaeb9c0b x14:0xfaeb9c09 x15=0xfaeb9c0b
       29705000	      2871	80007af4	01247733	and	x14,x8,x18	  x8:0xfaeb9c09 x18:0x00000005 x14=0x00000001
       29715000	      2872	80007af8	717d	c.addi16sp	x2,-16	  x2:0x007fffff  x2=0x007fffef
       30085000	      2909	80007afa	0391db33	divu	x22,x3,x25	  x3:0x00000000 x25:0x8000038f x22=0x00000000
       30095000	      2910	80007afe	cc19	c.beqz	x8,80007b1c	  x8:0xfaeb9c09
       30105000	      2911	80007b00	01fb2e33	slt	x28,x22,x31	 x22:0x00000000 x31:0x4035495c x28=0x00000001
       30115000	      2912	80007b04	17b77893	andi	x17,x14,379	 x14:0x00000001 x17=0x00000001
       30125000	      2913	80007b08	01efde33	srl	x28,x31,x30	 x31:0x4035495c x30:0x00000000 x28=0x4035495c
       30135000	      2914	80007b0c	37e25a97	auipc	x21,0x37e25	 x21=0xb7e2cb0c
       30145000	      2915	80007b10	340af373	csrrci	x6,mscratch,21	  x6=0x00000006
       30155000	      2916	80007b14	411bd833	sra	x16,x23,x17	 x23:0x00000000 x17:0x00000001 x16=0x00000000
       30165000	      2917	80007b18	014402b3	add	x5,x8,x20	  x8:0xfaeb9c09 x20:0x00000000  x5=0xfaeb9c09
       30175000	      2918	80007b1c	413702b3	sub	x5,x14,x19	 x14:0x00000001 x19:0x80021e0c  x5=0x7ffde1f5
       30205000	      2921	80007b20	02498c33	mul	x24,x19,x4	 x19:0x80021e0c  x4:0x00000001 x24=0x80021e0c
       30215000	      2922	80007b24	34003873	csrrc	x16,mscratch,x0	  x0:0x00000000 x16=0x00000002
       30225000	      2923	80007b28	3408faf3	csrrci	x21,mscratch,17	 x21=0x00000002
       30235000	      2924	80007b2c	0001	c.addi	x0,0	  x0:0x00000000  x0=0x00000000
       30245000	      2925	80007b2e	01ff1bb3	sll	x23,x30,x31	 x30:0x00000000 x31:0x4035495c x23=0x00000000
       30255000	      2926	80007b32	8b32	c.mv	x22,x12	  x0:0x00000000 x12:0x0080004f x22=0x0080004f
       30265000	      2927	80007b34	00e31e33	sll	x28,x6,x14	  x6:0x00000006 x14:0x00000001 x28=0x0000000c
       30275000	      2928	80007b38	0001	c.addi	x0,0	  x0:0x00000000  x0=0x00000000
       30285000	      2929	80007b3a	005a75b3	and	x11,x20,x5	 x20:0x00000000  x5:0x7ffde1f5 x11=0x00000000
       30295000	      2930	80007b3e	414c82b3	sub	x5,x25,x20	 x25:0x8000038f x20:0x00000000  x5=0x8000038f
       30305000	      2931	80007b42	41cd	c.li	x3,19	  x3=0x00000013
       30315000	      2932	80007b44	c996c793	xori	x15,x13,-871	 x13:0x3accf0e5 x15=0xc5330c7c
       30325000	      2933	80007b48	8c41	c.or	x8,x8	  x8:0xfaeb9c09  x8:0xfaeb9c09  x8=0xfaeb9c09
       30335000	      2934	80007b4a	01f69013	slli	x0,x13,0x1f	 x13:0x3accf0e5  x0=0x00000000
       30345000	      2935	80007b4e	8535	c.srai	x10,0xd	 x10:0x0000001f x10=0x00000000
       30355000	      2936	80007b50	6c91	c.lui	x25,0x4	 x25=0x00004000
       30365000	      2937	80007b52	e1b0ec13	ori	x24,x1,-485	  x1:0x0000001f x24=0xfffffe1f
       30375000	      2938	80007b56	018cef63	bltu	x25,x24,80007b74	 x25:0x00004000 x24:0xfffffe1f
       30425000	      2943	80007b74	02573e33	mulhu	x28,x14,x5	 x14:0x00000001  x5:0x8000038f x28=0x00000000
       30435000	      2944	80007b78	d0e26913	ori	x18,x4,-754	  x4:0x00000001 x18=0xfffffd0f
       30445000	      2945	80007b7c	6eae8593	addi	x11,x29,1770	 x29:0x3fc859bf x11=0x3fc860a9
       30455000	      2946	80007b80	01325113	srli	x2,x4,0x13	  x4:0x00000001  x2=0x00000000
       30465000	      2947	80007b84	9bd14b93	xori	x23,x2,-1603	  x2:0x00000000 x23=0xfffff9bd
       30475000	      2948	80007b88	0053e433	or	x8,x7,x5	  x7:0xfaeb9c09  x5:0x8000038f  x8=0xfaeb9f8f
       30485000	      2949	80007b8c	3401e8f3	csrrsi	x17,mscratch,3	 x17=0x00000002
       30495000	      2950	80007b90	00762533	slt	x10,x12,x7	 x12:0x0080004f  x7:0xfaeb9c09 x10=0x00000000
       30505000	      2951	80007b94	8f91	c.sub	x15,x12	 x15:0xc5330c7c x12:0x0080004f x15=0xc4b30c2d
       30515000	      2952	80007b96	7b500613	addi	x12,x0,1973	  x0:0x00000000 x12=0x000007b5
       30525000	      2953	80007b9a	035d	c.addi	x6,23	  x6:0x00000006  x6=0x0000001d
       30535000	      2954	80007b9c	fb53b293	sltiu	x5,x7,-75	  x7:0xfaeb9c09  x5=0x00000001
       30545000	      2955	80007ba0	0ff0000f	fence	iorw,iorw	
       30555000	      2956	80007ba4	96a4b093	sltiu	x1,x9,-1686	  x9:0x0000001b  x1=0x00000001
       30565000	      2957	80007ba8	0cbc2a93	slti	x21,x24,203	 x24:0xfffffe1f x21=0x00000001
       30575000	      2958	80007bac	0001	c.addi	x0,0	  x0:0x00000000  x0=0x00000000
       30585000	      2959	80007bae	0297ce63	blt	x15,x9,80007bea	 x15:0xc4b30c2d  x9:0x0000001b
       30605000	      2961	80007bea	8a6d	c.andi	x12,27	 x12:0x000007b5 x12=0x00000011
       30615000	      2962	80007bec	01979563	bne	x15,x25,80007bf6	 x15:0xc4b30c2d x25:0x00004000
       30675000	      2968	80007bf6	0281bf33	mulhu	x30,x3,x8	  x3:0x00000013  x8:0xfaeb9f8f x30=0x00000012
       30685000	      2969	80007bfa	8da9	c.xor	x11,x10	 x11:0x3fc860a9 x10:0x00000000 x11=0x3fc860a9
       30695000	      2970	80007bfc	0c8d4913	xori	x18,x26,200	 x26:0x80025ce4 x18=0x80025c2c
       30705000	      2971	80007c00	828a	c.mv	x5,x2	  x0:0x00000000  x2:0x00000000  x5=0x00000000
       30715000	      2972	80007c02	a5df7537	lui	x10,0xa5df7	 x10=0xa5df7000
       30725000	      2973	80007c06	83b1	c.srli	x15,0xc	 x15:0xc4b30c2d x15=0x000c4b30
       30735000	      2974	80007c08	00b1f133	and	x2,x3,x11	  x3:0x00000013 x11:0x3fc860a9  x2=0x00000001
       30745000	      2975	80007c0c	0089b7b3	sltu	x15,x19,x8	 x19:0x80021e0c  x8:0xfaeb9f8f x15=0x00000001
       30755000	      2976	80007c10	8e85	c.sub	x13,x9	 x13:0x3accf0e5  x9:0x0000001b x13=0x3accf0ca
       30765000	      2977	80007c12	340370f3	csrrci	x1,mscratch,6	  x1=0x00000003
       30775000	      2978	80007c16	00617d63	bgeu	x2,x6,80007c30	  x2:0x00000001  x6:0x0000001d
       30785000	      2979	80007c1a	340d9773	csrrw	x14,mscratch,x27	 x27:0x48000000 x14=0x00000001
       30795000	      2980	80007c1e	717d	c.addi16sp	x2,-16	  x2:0x00000001  x2=0xfffffff1
       30805000	      2981	80007c20	023d4663	blt	x26,x3,80007c4c	 x26:0x80025ce4  x3:0x00000013
       30825000	      2983	80007c4c	0001	c.addi	x0,0	  x0:0x00000000  x0=0x00000000
       30835000	      2984	80007c4e	82f5	c.srli	x13,0x1d	 x13:0x3accf0ca x13=0x00000001
       31205000	      3021	80007c50	02a64733	div	x14,x12,x10	 x12:0x00000011 x10:0xa5df7000 x14=0x00000000
       31215000	      3022	80007c54	6bd9	c.lui	x23,0x16	 x23=0x00016000
       31225000	      3023	80007c56	9a7d	c.andi	x12,-1	 x12:0x00000011 x12=0x00000011
       31235000	      3024	80007c58	8c516413	ori	x8,x2,-1851	  x2:0xfffffff1  x8=0xfffffff5
       31245000	      3025	80007c5c	0001	c.addi	x0,0	  x0:0x00000000  x0=0x00000000
       31255000	      3026	80007c5e	012fdfb3	srl	x31,x31,x18	 x31:0x4035495c x18:0x80025c2c x31=0x00040354
       31265000	      3027	80007c62	c125dcb7	lui	x25,0xc125d	 x25=0xc125d000
       31275000	      3028	80007c66	00209db3	sll	x27,x1,x2	  x1:0x00000003  x2:0xfffffff1 x27=0x00060000
       31285000	      3029	80007c6a	41980733	sub	x14,x16,x25	 x16:0x00000002 x25:0xc125d000 x14=0x3eda3002
       31295000	      3030	80007c6e	8f29	c.xor	x14,x10	 x14:0x3eda3002 x10:0xa5df7000 x14=0x9b054002
       31305000	      3031	80007c70	a0ae7b13	andi	x22,x28,-1526	 x28:0x00000000 x22=0x00000000
       31315000	      3032	80007c74	340ea2f3	csrrs	x5,mscratch,x29	 x29:0x3fc859bf  x5=0x48000000
       31325000	      3033	80007c78	0037b7b3	sltu	x15,x15,x3	 x15:0x00000001  x3:0x00000013 x15=0x00000001
       31695000	      3070	80007c7c	02834ab3	div	x21,x6,x8	  x6:0x0000001d  x8:0xfffffff5 x21=0xfffffffe
       31705000	      3071	80007c80	8fc1	c.or	x15,x8	 x15:0x00000001  x8:0xfffffff5 x15=0xfffffff5
       31745000	      3075	80007c82	03092a33	mulhsu	x20,x18,x16	 x18:0x80025c2c x16:0x00000002 x20=0xffffffff
       31755000	      3076	80007c86	00601463	bne	x0,x6,80007c8e	  x0:0x00000000  x6:0x0000001d
       31785000	      3079	80007c8e	00d04e63	blt	x0,x13,80007caa	  x0:0x00000000 x13:0x00000001
       31835000	      3084	80007caa	03ab0133	mul	x2,x22,x26	 x22:0x00000000 x26:0x80025ce4  x2=0x00000000
       31845000	      3085	80007cae	8dd5	c.or	x11,x13	 x11:0x3fc860a9 x13:0x00000001 x11=0x3fc860a9
       31855000	      3086	80007cb0	01af9293	slli	x5,x31,0x1a	 x31:0x00040354  x5=0x50000000
       31865000	      3087	80007cb4	864e	c.mv	x12,x19	  x0:0x00000000 x19:0x80021e0c x12=0x80021e0c
       31875000	      3088	80007cb6	0088df33	srl	x30,x17,x8	 x17:0x00000002  x8:0xfffffff5 x30=0x00000000
       31885000	      3089	80007cba	0ad1	c.addi	x21,20	 x21:0xfffffffe x21=0x00000012
       31895000	      3090	80007cbc	34007773	csrrci	x14,mscratch,0	 x14=0x7fc859bf
       31905000	      3091	80007cc0	eecc8093	addi	x1,x25,-276	 x25:0xc125d000  x1=0xc125ceec
       31915000	      3092	80007cc4	867d	c.srai	x12,0x1f	 x12:0x80021e0c x12=0xffffffff
       31955000	      3096	80007cc6	03009e33	mulh	x28,x1,x16	  x1:0xc125ceec x16:0x00000002 x28=0xffffffff
       31965000	      3097	80007cca	c81d	c.beqz	x8,80007d00	  x8:0xfffffff5
       31975000	      3098	80007ccc	96c6	c.add	x13,x17	 x13:0x00000001 x17:0x00000002 x13=0x00000003
       31985000	      3099	80007cce	03487963	bgeu	x16,x20,80007d00	 x16:0x00000002 x20:0xffffffff
       31995000	      3100	80007cd2	0436	c.slli	x8,0xd	  x8:0xfffffff5  x8=0xfffea000
       32005000	      3101	80007cd4	34007773	csrrci	x14,mscratch,0	 x14=0x7fc859bf
       32015000	      3102	80007cd8	0001	c.addi	x0,0	  x0:0x00000000  x0=0x00000000
       32025000	      3103	80007cda	8d35	c.xor	x10,x13	 x10:0xa5df7000 x13:0x00000003 x10=0xa5df7003
       32035000	      3104	80007cdc	6625	c.lui	x12,0x9	 x12=0x00009000
       32045000	      3105	80007cde	0001	c.addi	x0,0	  x0:0x00000000  x0=0x00000000
       32055000	      3106	80007ce0	00509763	bne	x1,x5,80007cee	  x1:0xc125ceec  x5:0x50000000
       32075000	      3108	80007cee	9a7d	c.andi	x12,-1	 x12:0x00009000 x12=0x00009000
       32085000	      3109	80007cf0	01f6bc33	sltu	x24,x13,x31	 x13:0x00000003 x31:0x00040354 x24=0x00000001
       32095000	      3110	80007cf4	01f3d033	srl	x0,x7,x31	  x7:0xfaeb9c09 x31:0x00040354  x0=0x00000000
       32105000	      3111	80007cf8	0001	c.addi	x0,0	  x0:0x00000000  x0=0x00000000
       32115000	      3112	80007cfa	8d75	c.and	x10,x13	 x10:0xa5df7003 x13:0x00000003 x10=0x00000003
       32125000	      3113	80007cfc	414e5793	srai	x15,x28,0x14	 x28:0xffffffff x15=0xffffffff
       32135000	      3114	80007d00	015b2b33	slt	x22,x22,x21	 x22:0x00000000 x21:0x00000012 x22=0x00000001
       32145000	      3115	80007d04	861d	c.srai	x12,0x7	 x12:0x00009000 x12=0x00000120
       32155000	      3116	80007d06	0001	c.addi	x0,0	  x0:0x00000000  x0=0x00000000
       32165000	      3117	80007d08	0249eb63	bltu	x19,x4,80007d3e	 x19:0x80021e0c  x4:0x00000001
       32175000	      3118	80007d0c	9086	c.add	x1,x1	  x1:0xc125ceec  x1:0xc125ceec  x1=0x824b9dd8
       32185000	      3119	80007d0e	1d10	c.addi4spn	x12,x2,688	 x12=0x000002b0
       32195000	      3120	80007d10	8e35	c.xor	x12,x13	 x12:0x000002b0 x13:0x00000003 x12=0x000002b3
       32205000	      3121	80007d12	cc1d	c.beqz	x8,80007d50	  x8:0xfffea000
       32245000	      3125	80007d14	02e81133	mulh	x2,x16,x14	 x16:0x00000002 x14:0x7fc859bf  x2=0x00000000
       32255000	      3126	80007d18	e295	c.bnez	x13,80007d3c	 x13:0x00000003
       32275000	      3128	80007d3c	8f85	c.sub	x15,x9	 x15:0xffffffff  x9:0x0000001b x15=0xffffffe4
       32285000	      3129	80007d3e	0220c963	blt	x1,x2,80007d70	  x1:0x824b9dd8  x2:0x00000000
       32305000	      3131	80007d70	89458f13	addi	x30,x11,-1900	 x11:0x3fc860a9 x30=0x3fc8593d
       32315000	      3132	80007d74	01921d63	bne	x4,x25,80007d8e	  x4:0x00000001 x25:0xc125d000
       32335000	      3134	80007d8e	0fa6	c.slli	x31,0x9	 x31:0x00040354 x31=0x0806a800
       32345000	      3135	80007d90	979a	c.add	x15,x6	 x15:0xffffffe4  x6:0x0000001d x15=0x00000001
       32355000	      3136	80007d92	40c80233	sub	x4,x16,x12	 x16:0x00000002 x12:0x000002b3  x4=0xfffffd4f
       32365000	      3137	80007d96	34002f73	csrrs	x30,mscratch,x0	  x0:0x00000000 x30=0x7fc859bf
       32405000	      3141	80007d9a	03d614b3	mulh	x9,x12,x29	 x12:0x000002b3 x29:0x3fc859bf  x9=0x000000ac
       32415000	      3142	80007d9e	0193d263	bge	x7,x25,80007da2	  x7:0xfaeb9c09 x25:0xc125d000
       32445000	      3145	80007da2	30b28313	addi	x6,x5,779	  x5:0x50000000  x6=0x5000030b
       32455000	      3146	80007da6	5bade293	ori	x5,x27,1466	 x27:0x00060000  x5=0x000605ba
       32465000	      3147	80007daa	019dc433	xor	x8,x27,x25	 x27:0x00060000 x25:0xc125d000  x8=0xc123d000
       32475000	      3148	80007dae	4044d513	srai	x10,x9,0x4	  x9:0x000000ac x10=0x0000000a
       32485000	      3149	80007db2	408e8cb3	sub	x25,x29,x8	 x29:0x3fc859bf  x8:0xc123d000 x25=0x7ea489bf
       32495000	      3150	80007db6	1a88	c.addi4spn	x10,x2,368	 x10=0x00000170
       32505000	      3151	80007db8	4e15	c.li	x28,5	 x28=0x00000005
       32515000	      3152	80007dba	3400b573	csrrc	x10,mscratch,x1	  x1:0x824b9dd8 x10=0x7fc859bf
       32525000	      3153	80007dbe	03f4e063	bltu	x9,x31,80007dde	  x9:0x000000ac x31:0x0806a800
       32545000	      3155	80007dde	0c08	c.addi4spn	x10,x2,528	 x10=0x00000210
       32555000	      3156	80007de0	3409d8f3	csrrwi	x17,mscratch,19	 x17=0x7d804027
       32595000	      3160	80007de4	03999933	mulh	x18,x19,x25	 x19:0x80021e0c x25:0x7ea489bf x18=0xc0aec746
       32605000	      3161	80007de8	8931	c.andi	x10,12	 x10:0x00000210 x10=0x00000000
       32615000	      3162	80007dea	00115233	srl	x4,x2,x1	  x2:0x00000000  x1:0x824b9dd8  x4=0x00000000
       32625000	      3163	80007dee	c585	c.beqz	x11,80007e16	 x11:0x3fc860a9
       32995000	      3200	80007df0	02b9e233	rem	x4,x19,x11	 x19:0x80021e0c x11:0x3fc860a9  x4=0xff92df5e
       33005000	      3201	80007df4	34045273	csrrwi	x4,mscratch,8	  x4=0x00000013
       33015000	      3202	80007df8	8fd9	c.or	x15,x14	 x15:0x00000001 x14:0x7fc859bf x15=0x7fc859bf
       33385000	      3239	80007dfa	023f5db3	divu	x27,x30,x3	 x30:0x7fc859bf  x3:0x00000013 x27=0x06b9b3e1
       33395000	      3240	80007dfe	118eb093	sltiu	x1,x29,280	 x29:0x3fc859bf  x1=0x00000000
       33405000	      3241	80007e02	01365933	srl	x18,x12,x19	 x12:0x000002b3 x19:0x80021e0c x18=0x00000000
       33775000	      3278	80007e06	037b6a33	rem	x20,x22,x23	 x22:0x00000001 x23:0x00016000 x20=0x00000001
       33785000	      3279	80007e0a	0288	c.addi4spn	x10,x2,320	 x10=0x00000140
       33795000	      3280	80007e0c	c411fa97	auipc	x21,0xc411f	 x21=0x44126e0c
       33825000	      3283	80007e10	021e0db3	mul	x27,x28,x1	 x28:0x00000005  x1:0x00000000 x27=0x00000000
       33835000	      3284	80007e14	0001	c.addi	x0,0	  x0:0x00000000  x0=0x00000000
       33845000	      3285	80007e16	0000100f	fence.i	
       33865000	      3287	80007e1a	47b9	c.li	x15,14	 x15=0x0000000e
       33875000	      3288	80007e1c	e54e1797	auipc	x15,0xe54e1	 x15=0x654e8e1c
       33885000	      3289	80007e20	8ef1	c.and	x13,x12	 x13:0x00000003 x12:0x000002b3 x13=0x00000003
       33895000	      3290	80007e22	010b42b3	xor	x5,x22,x16	 x22:0x00000001 x16:0x00000002  x5=0x00000003
       33905000	      3291	80007e26	340837f3	csrrc	x15,mscratch,x16	 x16:0x00000002 x15=0x00000008
       33915000	      3292	80007e2a	66e02b93	slti	x23,x0,1646	  x0:0x00000000 x23=0x00000001
       33925000	      3293	80007e2e	717d	c.addi16sp	x2,-16	  x2:0x00000000  x2=0xfffffff0
       33935000	      3294	80007e30	a48e2193	slti	x3,x28,-1464	 x28:0x00000005  x3=0x00000000
       33945000	      3295	80007e34	0fb5	c.addi	x31,13	 x31:0x0806a800 x31=0x0806a80d
       33955000	      3296	80007e36	40e4d2b3	sra	x5,x9,x14	  x9:0x000000ac x14:0x7fc859bf  x5=0x00000000
       33965000	      3297	80007e3a	018e1233	sll	x4,x28,x24	 x28:0x00000005 x24:0x00000001  x4=0x0000000a
       33975000	      3298	80007e3e	05ab5063	bge	x22,x26,80007e7e	 x22:0x00000001 x26:0x80025ce4
       33995000	      3300	80007e7e	8f91	c.sub	x15,x12	 x15:0x00000008 x12:0x000002b3 x15=0xfffffd55
       34005000	      3301	80007e80	8fd2	c.mv	x31,x20	  x0:0x00000000 x20:0x00000001 x31=0x00000001
       34015000	      3302	80007e82	34003573	csrrc	x10,mscratch,x0	  x0:0x00000000 x10=0x00000008
       34055000	      3306	80007e86	033015b3	mulh	x11,x0,x19	  x0:0x00000000 x19:0x80021e0c x11=0x00000000
       34065000	      3307	80007e8a	00c2a0b3	slt	x1,x5,x12	  x5:0x00000000 x12:0x000002b3  x1=0x00000001
       34075000	      3308	80007e8e	41a55693	srai	x13,x10,0x1a	 x10:0x00000008 x13=0x00000000
       34085000	      3309	80007e92	6171	c.addi16sp	x2,336	  x2:0xfffffff0  x2=0x00000140
       34095000	      3310	80007e94	8e19	c.sub	x12,x14	 x12:0x000002b3 x14:0x7fc859bf x12=0x8037a8f4
       34105000	      3311	80007e96	bbeea713	slti	x14,x29,-1090	 x29:0x3fc859bf x14=0x00000000
       34115000	      3312	80007e9a	8ff5	c.and	x15,x13	 x15:0xfffffd55 x13:0x00000000 x15=0x00000000
       34125000	      3313	80007e9c	01fac663	blt	x21,x31,80007ea8	 x21:0x44126e0c x31:0x00000001
       34165000	      3317	80007ea0	025792b3	mulh	x5,x15,x5	 x15:0x00000000  x5:0x00000000  x5=0x00000000
       34195000	      3320	80007ea4	037c05b3	mul	x11,x24,x23	 x24:0x00000001 x23:0x00000001 x11=0x00000001
       34205000	      3321	80007ea8	011a5c33	srl	x24,x20,x17	 x20:0x00000001 x17:0x7d804027 x24=0x00000000
       34215000	      3322	80007eac	000c9263	bne	x25,x0,80007eb0	 x25:0x7ea489bf  x0:0x00000000
       34235000	      3324	80007eb0	34073173	csrrc	x2,mscratch,x14	 x14:0x00000000  x2=0x00000008
       34245000	      3325	80007eb4	b355eb93	ori	x23,x11,-1227	 x11:0x00000001 x23=0xfffffb35
       34275000	      3328	80007eb8	037686b3	mul	x13,x13,x23	 x13:0x00000000 x23:0xfffffb35 x13=0x00000000
       34285000	      3329	80007ebc	02ee9563	bne	x29,x14,80007ee6	 x29:0x3fc859bf x14:0x00000000
       34305000	      3331	80007ee6	6fbd	c.lui	x31,0xf	 x31=0x0000f000
       34315000	      3332	80007ee8	8f91	c.sub	x15,x12	 x15:0x00000000 x12:0x8037a8f4 x15=0x7fc8570c
       34325000	      3333	80007eea	8ef1	c.and	x13,x12	 x13:0x00000000 x12:0x8037a8f4 x13=0x00000000
       34335000	      3334	80007eec	00789913	slli	x18,x17,0x7	 x17:0x7d804027 x18=0xc0201380
       34345000	      3335	80007ef0	34065373	csrrwi	x6,mscratch,12	  x6=0x00000008
       34355000	      3336	80007ef4	1094	c.addi4spn	x13,x2,96	 x13=0x00000068
       34365000	      3337	80007ef6	41f4dcb3	sra	x25,x9,x31	  x9:0x000000ac x31:0x0000f000 x25=0x000000ac
       34375000	      3338	80007efa	00518d63	beq	x3,x5,80007f14	  x3:0x00000000  x5:0x00000000
       34395000	      3340	80007f14	c501	c.beqz	x10,80007f1c	 x10:0x00000008
       34405000	      3341	80007f16	34045df3	csrrwi	x27,mscratch,8	 x27=0x0000000c
       34415000	      3342	80007f1a	0d04	c.addi4spn	x9,x2,656	  x9=0x00000298
       34425000	      3343	80007f1c	00eb7733	and	x14,x22,x14	 x22:0x00000001 x14:0x00000000 x14=0x00000000
       34445000	      3345	80007f20	038c58b3	divu	x17,x24,x24	 x24:0x00000000 x24:0x00000000 x17=0xffffffff
       34815000	      3382	80007f24	037df233	remu	x4,x27,x23	 x27:0x0000000c x23:0xfffffb35  x4=0x0000000c
       34825000	      3383	80007f28	2e382ab7	lui	x21,0x2e382	 x21=0x2e382000
       34835000	      3384	80007f2c	79a77113	andi	x2,x14,1946	 x14:0x00000000  x2=0x00000000
       34845000	      3385	80007f30	34002173	csrrs	x2,mscratch,x0	  x0:0x00000000  x2=0x00000008
       34855000	      3386	80007f34	011541b3	xor	x3,x10,x17	 x10:0x00000008 x17:0xffffffff  x3=0xfffffff7
       34865000	      3387	80007f38	e4b08e13	addi	x28,x1,-437	  x1:0x00000001 x28=0xfffffe4c
       35235000	      3424	80007f3c	036c7eb3	remu	x29,x24,x22	 x24:0x00000000 x22:0x00000001 x29=0x00000000
       35245000	      3425	80007f40	0001	c.addi	x0,0	  x0:0x00000000  x0=0x00000000
       35255000	      3426	80007f42	0045cbb3	xor	x23,x11,x4	 x11:0x00000001  x4:0x0000000c x23=0x0000000d
       35265000	      3427	80007f46	340022f3	csrrs	x5,mscratch,x0	  x0:0x00000000  x5=0x00000008
       35275000	      3428	80007f4a	3b9e3e93	sltiu	x29,x28,953	 x28:0xfffffe4c x29=0x00000000
       35285000	      3429	80007f4e	0ff0000f	fence	iorw,iorw	
       35295000	      3430	80007f52	003e1e33	sll	x28,x28,x3	 x28:0xfffffe4c  x3:0xfffffff7 x28=0x26000000
       35335000	      3434	80007f56	0373b8b3	mulhu	x17,x7,x23	  x7:0xfaeb9c09 x23:0x0000000d x17=0x0000000c
       35345000	      3435	80007f5a	57fd	c.li	x15,-1	 x15=0xffffffff
       35715000	      3472	80007f5c	03567133	remu	x2,x12,x21	 x12:0x8037a8f4 x21:0x2e382000  x2=0x23c768f4
       35725000	      3473	80007f60	34073073	csrrc	x0,mscratch,x14	 x14:0x00000000  x0=0x00000000
       35735000	      3474	80007f64	99fd	c.andi	x11,-1	 x11:0x00000001 x11=0x00000001
       35745000	      3475	80007f66	000a9463	bne	x21,x0,80007f6e	 x21:0x2e382000  x0:0x00000000
       35805000	      3481	80007f6e	025a30b3	mulhu	x1,x20,x5	 x20:0x00000001  x5:0x00000008  x1=0x00000000
       35815000	      3482	80007f72	db32bf13	sltiu	x30,x5,-589	  x5:0x00000008 x30=0x00000001
       35825000	      3483	80007f76	01a31e63	bne	x6,x26,80007f92	  x6:0x00000008 x26:0x80025ce4
       35855000	      3486	80007f92	1d1ff413	andi	x8,x31,465	 x31:0x0000f000  x8=0x00000000
       35865000	      3487	80007f96	997d	c.andi	x10,-1	 x10:0x00000008 x10=0x00000008
       35875000	      3488	80007f98	010b50b3	srl	x1,x22,x16	 x22:0x00000001 x16:0x00000002  x1=0x00000000
       35885000	      3489	80007f9c	412c5613	srai	x12,x24,0x12	 x24:0x00000000 x12=0x00000000
       35895000	      3490	80007fa0	1c0c	c.addi4spn	x11,x2,560	 x11=0x23c76b24
       35905000	      3491	80007fa2	003a96b3	sll	x13,x21,x3	 x21:0x2e382000  x3:0xfffffff7 x13=0x00000000
       35915000	      3492	80007fa6	40005613	srai	x12,x0,0x0	  x0:0x00000000 x12=0x00000000
       35925000	      3493	80007faa	003457b3	srl	x15,x8,x3	  x8:0x00000000  x3:0xfffffff7 x15=0x00000000
       35935000	      3494	80007fae	0001	c.addi	x0,0	  x0:0x00000000  x0=0x00000000
       35945000	      3495	80007fb0	7b447093	andi	x1,x8,1972	  x8:0x00000000  x1=0x00000000
       35955000	      3496	80007fb4	8fe5	c.and	x15,x9	 x15:0x00000000  x9:0x00000298 x15=0x00000000
       35965000	      3497	80007fb6	a615ba37	lui	x20,0xa615b	 x20=0xa615b000
       35975000	      3498	80007fba	010a4db3	xor	x27,x20,x16	 x20:0xa615b000 x16:0x00000002 x27=0xa615b002
       35985000	      3499	80007fbe	0b0c	c.addi4spn	x11,x2,400	 x11=0x23c76a84
       35995000	      3500	80007fc0	8d9d	c.sub	x11,x15	 x11:0x23c76a84 x15:0x00000000 x11=0x23c76a84
       36365000	      3537	80007fc2	0353cb33	div	x22,x7,x21	  x7:0xfaeb9c09 x21:0x2e382000 x22=0x00000000
       36375000	      3538	80007fc6	01ea04b3	add	x9,x20,x30	 x20:0xa615b000 x30:0x00000001  x9=0xa615b001
       36385000	      3539	80007fca	9a3a	c.add	x20,x14	 x20:0xa615b000 x14:0x00000000 x20=0xa615b000
       36395000	      3540	80007fcc	0ff0000f	fence	iorw,iorw	
       36405000	      3541	80007fd0	34006af3	csrrsi	x21,mscratch,0	 x21=0x00000008
       36415000	      3542	80007fd4	016d3033	sltu	x0,x26,x22	 x26:0x80025ce4 x22:0x00000000  x0=0x00000000
       36425000	      3543	80007fd8	8e2d	c.xor	x12,x11	 x12:0x00000000 x11:0x23c76a84 x12=0x23c76a84
       36435000	      3544	80007fda	3404b573	csrrc	x10,mscratch,x9	  x9:0xa615b001 x10=0x00000008
       36445000	      3545	80007fde	6121	c.addi16sp	x2,64	  x2:0x23c768f4  x2=0x23c76934
       36455000	      3546	80007fe0	04a1	c.addi	x9,8	  x9:0xa615b001  x9=0xa615b009
       36465000	      3547	80007fe2	9126	c.add	x2,x9	  x2:0x23c76934  x9:0xa615b009  x2=0xc9dd193d
       36475000	      3548	80007fe4	0912	c.slli	x18,0x4	 x18:0xc0201380 x18=0x02013800
       36485000	      3549	80007fe6	00a10893	addi	x17,x2,10	  x2:0xc9dd193d x17=0xc9dd1947
       36495000	      3550	80007fea	01251c63	bne	x10,x18,80008002	 x10:0x00000008 x18:0x02013800
       36515000	      3552	80008002	8c09	c.sub	x8,x10	  x8:0x00000000 x10:0x00000008  x8=0xfffffff8
       36525000	      3553	80008004	4132d113	srai	x2,x5,0x13	  x5:0x00000008  x2=0x00000000
       36565000	      3557	80008008	034916b3	mulh	x13,x18,x20	 x18:0x02013800 x20:0xa615b000 x13=0xff4bbdca
       36575000	      3558	8000800c	007404b3	add	x9,x8,x7	  x8:0xfffffff8  x7:0xfaeb9c09  x9=0xfaeb9c01
       36585000	      3559	80008010	41fb5433	sra	x8,x22,x31	 x22:0x00000000 x31:0x0000f000  x8=0x00000000
       36595000	      3560	80008014	4dd5	c.li	x27,21	 x27=0x00000015
       36605000	      3561	80008016	340061f3	csrrsi	x3,mscratch,0	  x3=0x00000008
       36615000	      3562	8000801a	1a18	c.addi4spn	x14,x2,304	 x14=0x00000130
       36625000	      3563	8000801c	e60d	c.bnez	x12,80008046	 x12:0x23c76a84
       36645000	      3565	80008046	8149	c.srli	x10,0x12	 x10:0x00000008 x10=0x00000000
       36655000	      3566	80008048	00c89b13	slli	x22,x17,0xc	 x17:0xc9dd1947 x22=0xd1947000
       36665000	      3567	8000804c	0245	c.addi	x4,17	  x4:0x0000000c  x4=0x0000001d
       36695000	      3570	8000804e	03c402b3	mul	x5,x8,x28	  x8:0x00000000 x28:0x26000000  x5=0x00000000
       36705000	      3571	80008052	01b39513	slli	x10,x7,0x1b	  x7:0xfaeb9c09 x10=0x48000000
       36715000	      3572	80008056	0484	c.addi4spn	x9,x2,576	  x9=0x00000240
       36725000	      3573	80008058	00a785b3	add	x11,x15,x10	 x15:0x00000000 x10:0x48000000 x11=0x48000000
       36735000	      3574	8000805c	04a5f163	bgeu	x11,x10,8000809e	 x11:0x48000000 x10:0x48000000
       36765000	      3577	8000809e	b9536093	ori	x1,x6,-1131	  x6:0x00000008  x1=0xfffffb9d
       36795000	      3580	800080a2	03a28cb3	mul	x25,x5,x26	  x5:0x00000000 x26:0x80025ce4 x25=0x00000000
       36805000	      3581	800080a6	00d7ec63	bltu	x15,x13,800080be	 x15:0x00000000 x13:0xff4bbdca
       36835000	      3584	800080be	7b610417	auipc	x8,0x7b610	  x8=0xfb6180be
       36845000	      3585	800080c2	9d72a013	slti	x0,x5,-1577	  x5:0x00000000  x0=0x00000000
       36855000	      3586	800080c6	280b4417	auipc	x8,0x280b4	  x8=0xa80bc0c6
       36865000	      3587	800080ca	40e104b3	sub	x9,x2,x14	  x2:0x00000000 x14:0x00000130  x9=0xfffffed0
       36875000	      3588	800080ce	03a86a63	bltu	x16,x26,80008102	 x16:0x00000002 x26:0x80025ce4
       36905000	      3591	80008102	00047c63	bgeu	x8,x0,8000811a	  x8:0xa80bc0c6  x0:0x00000000
       36935000	      3594	8000811a	3b4cf913	andi	x18,x25,948	 x25:0x00000000 x18=0x00000000
       36945000	      3595	8000811e	016d4f63	blt	x26,x22,8000813c	 x26:0x80025ce4 x22:0xd1947000
       36965000	      3597	8000813c	e11d	c.bnez	x10,80008162	 x10:0x48000000
       36985000	      3599	80008162	8d55	c.or	x10,x13	 x10:0x48000000 x13:0xff4bbdca x10=0xff4bbdca
       36995000	      3600	80008164	717d	c.addi16sp	x2,-16	  x2:0x00000000  x2=0xfffffff0
       37005000	      3601	80008166	016ae633	or	x12,x21,x22	 x21:0x00000008 x22:0xd1947000 x12=0xd1947008
       37015000	      3602	8000816a	0ff90593	addi	x11,x18,255	 x18:0x00000000 x11=0x000000ff
       37025000	      3603	8000816e	01711a13	slli	x20,x2,0x17	  x2:0xfffffff0 x20=0xf8000000
       37035000	      3604	80008172	61c1	c.lui	x3,0x10	  x3=0x00010000
       37045000	      3605	80008174	4189de33	sra	x28,x19,x24	 x19:0x80021e0c x24:0x00000000 x28=0x80021e0c
       37055000	      3606	80008178	f4b4cf13	xori	x30,x9,-181	  x9:0xfffffed0 x30=0x0000019b
       37065000	      3607	8000817c	00781893	slli	x17,x16,0x7	 x16:0x00000002 x17=0x00000100
       37075000	      3608	80008180	340037f3	csrrc	x15,mscratch,x0	  x0:0x00000000 x15=0x00000008
       37085000	      3609	80008184	8e41	c.or	x12,x8	 x12:0xd1947008  x8:0xa80bc0c6 x12=0xf99ff0ce
       37095000	      3610	80008186	e568b113	sltiu	x2,x17,-426	 x17:0x00000100  x2=0x00000001
       37105000	      3611	8000818a	8db9	c.xor	x11,x14	 x11:0x000000ff x14:0x00000130 x11=0x000001cf
       37115000	      3612	8000818c	8fb2	c.mv	x31,x12	  x0:0x00000000 x12:0xf99ff0ce x31=0xf99ff0ce
       37155000	      3616	8000818e	02a63db3	mulhu	x27,x12,x10	 x12:0xf99ff0ce x10:0xff4bbdca x27=0xf8f02bc8
       37165000	      3617	80008192	01d39fb3	sll	x31,x7,x29	  x7:0xfaeb9c09 x29:0x00000000 x31=0xfaeb9c09
       37175000	      3618	80008196	c699	c.beqz	x13,800081a4	 x13:0xff4bbdca
       37185000	      3619	80008198	da9a8e93	addi	x29,x21,-599	 x21:0x00000008 x29=0xfffffdb1
       37195000	      3620	8000819c	0b9c	c.addi4spn	x15,x2,464	 x15=0x000001d1
       37205000	      3621	8000819e	ef05	c.bnez	x14,800081d6	 x14:0x00000130
       37235000	      3624	800081d6	007d3433	sltu	x8,x26,x7	 x26:0x80025ce4  x7:0xfaeb9c09  x8=0x00000001
       37245000	      3625	800081da	01cef6b3	and	x13,x29,x28	 x29:0xfffffdb1 x28:0x80021e0c x13=0x80021c00
       37255000	      3626	800081de	e8efb937	lui	x18,0xe8efb	 x18=0xe8efb000
       37265000	      3627	800081e2	00201db3	sll	x27,x0,x2	  x0:0x00000000  x2:0x00000001 x27=0x00000000
       37275000	      3628	800081e6	01863c33	sltu	x24,x12,x24	 x12:0xf99ff0ce x24:0x00000000 x24=0x00000000
       37285000	      3629	800081ea	0ff0000f	fence	iorw,iorw	
       37655000	      3666	800081ee	027af433	remu	x8,x21,x7	 x21:0x00000008  x7:0xfaeb9c09  x8=0x00000008
       37665000	      3667	800081f2	14b2b113	sltiu	x2,x5,331	  x5:0x00000000  x2=0x00000001
       37675000	      3668	800081f6	c6fe0e93	addi	x29,x28,-913	 x28:0x80021e0c x29=0x80021a7b
       37685000	      3669	800081fa	458d	c.li	x11,3	 x11=0x00000003
       37695000	      3670	800081fc	98fd	c.andi	x9,-1	  x9:0xfffffed0  x9=0xfffffed0
       37705000	      3671	800081fe	000adf33	srl	x30,x21,x0	 x21:0x00000008  x0:0x00000000 x30=0x00000008
       37715000	      3672	80008202	fcd41637	lui	x12,0xfcd41	 x12=0xfcd41000
       37755000	      3676	80008206	022d3f33	mulhu	x30,x26,x2	 x26:0x80025ce4  x2:0x00000001 x30=0x00000000
       37765000	      3677	8000820a	0ff0000f	fence	iorw,iorw	
       37775000	      3678	8000820e	0ff0000f	fence	iorw,iorw	
       37785000	      3679	80008212	01b79f63	bne	x15,x27,80008230	 x15:0x000001d1 x27:0x00000000
       38165000	      3717	80008230	0375dab3	divu	x21,x11,x23	 x11:0x00000003 x23:0x0000000d x21=0x00000000
       38175000	      3718	80008234	4ebd	c.li	x29,15	 x29=0x0000000f
       38185000	      3719	80008236	999eff13	andi	x30,x29,-1639	 x29:0x0000000f x30=0x00000009
       38195000	      3720	8000823a	953c7f93	andi	x31,x24,-1709	 x24:0x00000000 x31=0x00000000
       38205000	      3721	8000823e	c419	c.beqz	x8,8000824c	  x8:0x00000008
       38215000	      3722	80008240	9162	c.add	x2,x24	  x2:0x00000001 x24:0x00000000  x2=0x00000001
       38255000	      3726	80008242	031a9fb3	mulh	x31,x21,x17	 x21:0x00000000 x17:0x00000100 x31=0x00000000
       38265000	      3727	80008246	6edd	c.lui	x29,0x17	 x29=0x00017000
       38275000	      3728	80008248	059a0163	beq	x20,x25,8000828a	 x20:0xf8000000 x25:0x00000000
       38285000	      3729	8000824c	00d40363	beq	x8,x13,80008252	  x8:0x00000008 x13:0x80021c00
       38295000	      3730	80008250	83c9	c.srli	x15,0x12	 x15:0x000001d1 x15=0x00000000
       38305000	      3731	80008252	01129eb3	sll	x29,x5,x17	  x5:0x00000000 x17:0x00000100 x29=0x00000000
       38315000	      3732	80008256	0ff0000f	fence	iorw,iorw	
       38325000	      3733	8000825a	401eda33	sra	x20,x29,x1	 x29:0x00000000  x1:0xfffffb9d x20=0x00000000
       38335000	      3734	8000825e	34bf8097	auipc	x1,0x34bf8	  x1=0xb4c0025e
       38345000	      3735	80008262	8e95	c.sub	x13,x13	 x13:0x80021c00 x13:0x80021c00 x13=0x00000000
       38355000	      3736	80008264	4198d793	srai	x15,x17,0x19	 x17:0x00000100 x15=0x00000000
       38365000	      3737	80008268	005837b3	sltu	x15,x16,x5	 x16:0x00000002  x5:0x00000000 x15=0x00000000
       38375000	      3738	8000826c	00315133	srl	x2,x2,x3	  x2:0x00000001  x3:0x00010000  x2=0x00000001
       38385000	      3739	80008270	033e	c.slli	x6,0xf	  x6:0x00000008  x6=0x00040000
       38395000	      3740	80008272	cd01	c.beqz	x10,8000828a	 x10:0xff4bbdca
       38405000	      3741	80008274	846d	c.srai	x8,0x1b	  x8:0x00000008  x8=0x00000000
       38415000	      3742	80008276	fe2e4c13	xori	x24,x28,-30	 x28:0x80021e0c x24=0x7ffde1ee
       38425000	      3743	8000827a	eba83497	auipc	x9,0xeba83	  x9=0x6ba8b27a
       38435000	      3744	8000827e	8ca9	c.xor	x9,x10	  x9:0x6ba8b27a x10:0xff4bbdca  x9=0x94e30fb0
       38445000	      3745	80008280	8a5d	c.andi	x12,23	 x12:0xfcd41000 x12=0x00000000
       38455000	      3746	80008282	37f64413	xori	x8,x12,895	 x12:0x00000000  x8=0x0000037f
       38485000	      3749	80008286	022405b3	mul	x11,x8,x2	  x8:0x0000037f  x2:0x00000001 x11=0x0000037f
       38495000	      3750	8000828a	3404de73	csrrwi	x28,mscratch,9	 x28=0x00000008
       38535000	      3754	8000828e	02693b33	mulhu	x22,x18,x6	 x18:0xe8efb000  x6:0x00040000 x22=0x0003a3be
       38545000	      3755	80008292	1dfd	c.addi	x27,-1	 x27:0x00000000 x27=0xffffffff
       38555000	      3756	80008294	8c2d	c.xor	x8,x11	  x8:0x0000037f x11:0x0000037f  x8=0x00000000
       38565000	      3757	80008296	41f0d633	sra	x12,x1,x31	  x1:0xb4c0025e x31:0x00000000 x12=0xb4c0025e
       38575000	      3758	8000829a	04c40263	beq	x8,x12,800082de	  x8:0x00000000 x12:0xb4c0025e
       38605000	      3761	8000829e	038086b3	mul	x13,x1,x24	  x1:0xb4c0025e x24:0x7ffde1ee x13=0xc57cd164
       38615000	      3762	800082a2	0185	c.addi	x3,1	  x3:0x00010000  x3=0x00010001
       38625000	      3763	800082a4	0092d6b3	srl	x13,x5,x9	  x5:0x00000000  x9:0x94e30fb0 x13=0x00000000
       38995000	      3800	800082a8	02736db3	rem	x27,x6,x7	  x6:0x00040000  x7:0xfaeb9c09 x27=0x00040000
       39005000	      3801	800082ac	3cb1cf13	xori	x30,x3,971	  x3:0x00010001 x30=0x000103ca
       39015000	      3802	800082b0	01267663	bgeu	x12,x18,800082bc	 x12:0xb4c0025e x18:0xe8efb000
       39025000	      3803	800082b4	7c274a17	auipc	x20,0x7c274	 x20=0xfc27c2b4
       39035000	      3804	800082b8	340938f3	csrrc	x17,mscratch,x18	 x18:0xe8efb000 x17=0x00000009
       39045000	      3805	800082bc	8385	c.srli	x15,0x1	 x15:0x00000000 x15=0x00000000
       39055000	      3806	800082be	016c5733	srl	x14,x24,x22	 x24:0x7ffde1ee x22:0x0003a3be x14=0x00000001
       39065000	      3807	800082c2	0001	c.addi	x0,0	  x0:0x00000000  x0=0x00000000
       39075000	      3808	800082c4	01bbf563	bgeu	x23,x27,800082ce	 x23:0x0000000d x27:0x00040000
       39085000	      3809	800082c8	97477f13	andi	x30,x14,-1676	 x14:0x00000001 x30=0x00000000
       39095000	      3810	800082cc	059e	c.slli	x11,0x7	 x11:0x0000037f x11=0x0001bf80
       39105000	      3811	800082ce	32a7aa17	auipc	x20,0x32a7a	 x20=0xb2a822ce
       39115000	      3812	800082d2	27460893	addi	x17,x12,628	 x12:0xb4c0025e x17=0xb4c004d2
       39125000	      3813	800082d6	01c75493	srli	x9,x14,0x1c	 x14:0x00000001  x9=0x00000000
       39135000	      3814	800082da	0ff0000f	fence	iorw,iorw	
       39145000	      3815	800082de	3cd00c13	addi	x24,x0,973	  x0:0x00000000 x24=0x000003cd
       39155000	      3816	800082e2	89687f13	andi	x30,x16,-1898	 x16:0x00000002 x30=0x00000002
       39165000	      3817	800082e6	03bc8d63	beq	x25,x27,80008320	 x25:0x00000000 x27:0x00040000
       39175000	      3818	800082ea	01258433	add	x8,x11,x18	 x11:0x0001bf80 x18:0xe8efb000  x8=0xe8f16f80
       39185000	      3819	800082ee	01470933	add	x18,x14,x20	 x14:0x00000001 x20:0xb2a822ce x18=0xb2a822cf
       39195000	      3820	800082f2	04e9	c.addi	x9,26	  x9:0x00000000  x9=0x0000001a
       39235000	      3824	800082f4	03caa5b3	mulhsu	x11,x21,x28	 x21:0x00000000 x28:0x00000008 x11=0x00000000
       39245000	      3825	800082f8	0070c333	xor	x6,x1,x7	  x1:0xb4c0025e  x7:0xfaeb9c09  x6=0x4e2b9e57
       39255000	      3826	800082fc	c2516b93	ori	x23,x2,-987	  x2:0x00000001 x23=0xfffffc25
       39265000	      3827	80008300	00297e63	bgeu	x18,x2,8000831c	 x18:0xb2a822cf  x2:0x00000001
       39285000	      3829	8000831c	02e3d763	bge	x7,x14,8000834a	  x7:0xfaeb9c09 x14:0x00000001
       39655000	      3866	80008320	037760b3	rem	x1,x14,x23	 x14:0x00000001 x23:0xfffffc25  x1=0x00000001
       39665000	      3867	80008324	34006973	csrrsi	x18,mscratch,0	 x18=0x00000009
       39675000	      3868	80008328	0a12	c.slli	x20,0x4	 x20:0xb2a822ce x20=0x2a822ce0
       39685000	      3869	8000832a	03c26763	bltu	x4,x28,80008358	  x4:0x0000001d x28:0x00000008
       39695000	      3870	8000832e	34059073	csrrw	x0,mscratch,x11	 x11:0x00000000  x0=0x00000000
       39705000	      3871	80008332	340711f3	csrrw	x3,mscratch,x14	 x14:0x00000001  x3=0x00000000
       39715000	      3872	80008336	01610263	beq	x2,x22,8000833a	  x2:0x00000001 x22:0x0003a3be
       39725000	      3873	8000833a	0ff0000f	fence	iorw,iorw	
       39735000	      3874	8000833e	717d	c.addi16sp	x2,-16	  x2:0x00000001  x2=0xfffffff1
       39755000	      3876	80008340	03dec0b3	div	x1,x29,x29	 x29:0x00000000 x29:0x00000000  x1=0xffffffff
       39765000	      3877	80008344	9a5a	c.add	x20,x22	 x20:0x2a822ce0 x22:0x0003a3be x20=0x2a85d09e
       40135000	      3914	80008346	02af72b3	remu	x5,x30,x10	 x30:0x00000002 x10:0xff4bbdca  x5=0x00000002
       40145000	      3915	8000834a	6169	c.addi16sp	x2,208	  x2:0xfffffff1  x2=0x000000c1
       40155000	      3916	8000834c	3404a973	csrrs	x18,mscratch,x9	  x9:0x0000001a x18=0x00000001
       40165000	      3917	80008350	01efc6b3	xor	x13,x31,x30	 x31:0x00000000 x30:0x00000002 x13=0x00000002
       40205000	      3921	80008354	039b9e33	mulh	x28,x23,x25	 x23:0xfffffc25 x25:0x00000000 x28=0x00000000
       40215000	      3922	80008358	3409dcf3	csrrwi	x25,mscratch,19	 x25=0x0000001b
       40225000	      3923	8000835c	00f07c33	and	x24,x0,x15	  x0:0x00000000 x15:0x00000000 x24=0x00000000
       40245000	      3925	80008360	02f74733	div	x14,x14,x15	 x14:0x00000001 x15:0x00000000 x14=0xffffffff
       40255000	      3926	80008364	27cea313	slti	x6,x29,636	 x29:0x00000000  x6=0x00000001
       40265000	      3927	80008368	615d	c.addi16sp	x2,432	  x2:0x000000c1  x2=0x00000271
       40275000	      3928	8000836a	7553ec93	ori	x25,x7,1877	  x7:0xfaeb9c09 x25=0xfaeb9f5d
       40285000	      3929	8000836e	8125	c.srli	x10,0x9	 x10:0xff4bbdca x10=0x007fa5de
       40295000	      3930	80008370	01de0263	beq	x28,x29,80008374	 x28:0x00000000 x29:0x00000000
       40315000	      3932	80008374	00aed463	bge	x29,x10,8000837c	 x29:0x00000000 x10:0x007fa5de
       40685000	      3969	80008378	027ef933	remu	x18,x29,x7	 x29:0x00000000  x7:0xfaeb9c09 x18=0x00000000
       40695000	      3970	8000837c	0001	c.addi	x0,0	  x0:0x00000000  x0=0x00000000
       40705000	      3971	8000837e	8e3d	c.xor	x12,x15	 x12:0xb4c0025e x15:0x00000000 x12=0xb4c0025e
       40715000	      3972	80008380	05f18063	beq	x3,x31,800083c0	  x3:0x00000000 x31:0x00000000
       40735000	      3974	800083c0	0000100f	fence.i	
       40755000	      3976	800083c4	96c6	c.add	x13,x17	 x13:0x00000002 x17:0xb4c004d2 x13=0xb4c004d4
       41125000	      4013	800083c6	033e61b3	rem	x3,x28,x19	 x28:0x00000000 x19:0x80021e0c  x3=0x00000000
       41135000	      4014	800083ca	0378f363	bgeu	x17,x23,800083f0	 x17:0xb4c004d2 x23:0xfffffc25
       41145000	      4015	800083ce	005b04b3	add	x9,x22,x5	 x22:0x0003a3be  x5:0x00000002  x9=0x0003a3c0
       41155000	      4016	800083d2	340096f3	csrrw	x13,mscratch,x1	  x1:0xffffffff x13=0x00000013
       41165000	      4017	800083d6	401ddc33	sra	x24,x27,x1	 x27:0x00040000  x1:0xffffffff x24=0x00000000
       41175000	      4018	800083da	01b6ef63	bltu	x13,x27,800083f8	 x13:0x00000013 x27:0x00040000
       41195000	      4020	800083f8	340a5cf3	csrrwi	x25,mscratch,20	 x25=0xffffffff
       41205000	      4021	800083fc	ce81	c.beqz	x13,80008414	 x13:0x00000013
       41215000	      4022	800083fe	3401b873	csrrc	x16,mscratch,x3	  x3:0x00000000 x16=0x00000014
       41225000	      4023	80008402	ed5bc497	auipc	x9,0xed5bc	  x9=0x6d5c4402
       41235000	      4024	80008406	340075f3	csrrci	x11,mscratch,0	 x11=0x00000014
       41245000	      4025	8000840a	00adf763	bgeu	x27,x10,80008418	 x27:0x00040000 x10:0x007fa5de
       41255000	      4026	8000840e	5047e213	ori	x4,x15,1284	 x15:0x00000000  x4=0x00000504
       41265000	      4027	80008412	0186	c.slli	x3,0x1	  x3:0x00000000  x3=0x00000000
       41275000	      4028	80008414	0001	c.addi	x0,0	  x0:0x00000000  x0=0x00000000
       41285000	      4029	80008416	987d	c.andi	x8,-1	  x8:0xe8f16f80  x8=0xe8f16f80
       41295000	      4030	80008418	61a9	c.lui	x3,0xa	  x3=0x0000a000
       41305000	      4031	8000841a	05bce363	bltu	x25,x27,80008460	 x25:0xffffffff x27:0x00040000
       41315000	      4032	8000841e	30376693	ori	x13,x14,771	 x14:0xffffffff x13=0xffffffff
       41355000	      4036	80008422	03d416b3	mulh	x13,x8,x29	  x8:0xe8f16f80 x29:0x00000000 x13=0x00000000
       41725000	      4073	80008426	022d68b3	rem	x17,x26,x2	 x26:0x80025ce4  x2:0x00000271 x17=0xffffffd2
       41735000	      4074	8000842a	00485e33	srl	x28,x16,x4	 x16:0x00000014  x4:0x00000504 x28=0x00000001
       42105000	      4111	8000842e	02587e33	remu	x28,x16,x5	 x16:0x00000014  x5:0x00000002 x28=0x00000000
       42475000	      4148	80008432	039967b3	rem	x15,x18,x25	 x18:0x00000000 x25:0xffffffff x15=0x00000000
       42485000	      4149	80008436	34006873	csrrsi	x16,mscratch,0	 x16=0x00000014
       42495000	      4150	8000843a	0028db13	srli	x22,x17,0x2	 x17:0xffffffd2 x22=0x3ffffff4
       42505000	      4151	8000843e	0001	c.addi	x0,0	  x0:0x00000000  x0=0x00000000
       42515000	      4152	80008440	8fb40117	auipc	x2,0x8fb40	  x2=0x0fb48440
       42525000	      4153	80008444	c2b1	c.beqz	x13,80008488	 x13:0x00000000
       42545000	      4155	80008488	03e4ee63	bltu	x9,x30,800084c4	  x9:0x6d5c4402 x30:0x00000002
       42555000	      4156	8000848c	e515	c.bnez	x10,800084b8	 x10:0x007fa5de
       42575000	      4158	800084b8	34073273	csrrc	x4,mscratch,x14	 x14:0xffffffff  x4=0x00000014
       42585000	      4159	800084bc	9ee2	c.add	x29,x24	 x29:0x00000000 x24:0x00000000 x29=0x00000000
       42595000	      4160	800084be	00f8c6b3	xor	x13,x17,x15	 x17:0xffffffd2 x15:0x00000000 x13=0xffffffd2
       42605000	      4161	800084c2	8b05	c.andi	x14,1	 x14:0xffffffff x14=0x00000001
       42645000	      4165	800084c4	027024b3	mulhsu	x9,x0,x7	  x0:0x00000000  x7:0xfaeb9c09  x9=0x00000000
       42655000	      4166	800084c8	717d	c.addi16sp	x2,-16	  x2:0x0fb48440  x2=0x0fb48430
       42665000	      4167	800084ca	ef81	c.bnez	x15,800084e2	 x15:0x00000000
       42675000	      4168	800084cc	40cbd733	sra	x14,x23,x12	 x23:0xfffffc25 x12:0xb4c0025e x14=0xffffffff
       42685000	      4169	800084d0	34007573	csrrci	x10,mscratch,0	 x10=0x00000000
       43055000	      4206	800084d4	02505fb3	divu	x31,x0,x5	  x0:0x00000000  x5:0x00000002 x31=0x00000000
       43065000	      4207	800084d8	8495	c.srai	x9,0x5	  x9:0x00000000  x9=0x00000000
       43075000	      4208	800084da	008af663	bgeu	x21,x8,800084e6	 x21:0x00000000  x8:0xe8f16f80
       43085000	      4209	800084de	01986633	or	x12,x16,x25	 x16:0x00000014 x25:0xffffffff x12=0xffffffff
       43095000	      4210	800084e2	011a0db3	add	x27,x20,x17	 x20:0x2a85d09e x17:0xffffffd2 x27=0x2a85d070
       43105000	      4211	800084e6	01450463	beq	x10,x20,800084ee	 x10:0x00000000 x20:0x2a85d09e
       43115000	      4212	800084ea	7657ab93	slti	x23,x15,1893	 x15:0x00000000 x23=0x00000001
       43125000	      4213	800084ee	5dfd	c.li	x27,-1	 x27=0xffffffff
       43135000	      4214	800084f0	40495a13	srai	x20,x18,0x4	 x18:0x00000000 x20=0x00000000
       43145000	      4215	800084f4	8ee5	c.and	x13,x9	 x13:0xffffffd2  x9:0x00000000 x13=0x00000000
       43155000	      4216	800084f6	ea19	c.bnez	x12,8000850c	 x12:0xffffffff
       43205000	      4221	8000850c	03e1beb3	mulhu	x29,x3,x30	  x3:0x0000a000 x30:0x00000002 x29=0x00000000
       43215000	      4222	80008510	0700	c.addi4spn	x8,x2,896	  x8=0x0fb487b0
       43225000	      4223	80008512	33172a13	slti	x20,x14,817	 x14:0xffffffff x20=0x00000001
       43255000	      4226	80008516	035c01b3	mul	x3,x24,x21	 x24:0x00000000 x21:0x00000000  x3=0x00000000
       43265000	      4227	8000851a	006e3733	sltu	x14,x28,x6	 x28:0x00000000  x6:0x00000001 x14=0x00000001
       43275000	      4228	8000851e	0001	c.addi	x0,0	  x0:0x00000000  x0=0x00000000
       43285000	      4229	80008520	1e08	c.addi4spn	x10,x2,816	 x10=0x0fb48760
       43655000	      4266	80008522	03747fb3	remu	x31,x8,x23	  x8:0x0fb487b0 x23:0x00000001 x31=0x00000000
       43665000	      4267	80008526	66a9	c.lui	x13,0xa	 x13=0x0000a000
       43675000	      4268	80008528	8f15	c.sub	x14,x13	 x14:0x00000001 x13:0x0000a000 x14=0xffff6001
       43685000	      4269	8000852a	01341613	slli	x12,x8,0x13	  x8:0x0fb487b0 x12=0x3d800000
       43695000	      4270	8000852e	8ca5	c.xor	x9,x9	  x9:0x00000000  x9:0x00000000  x9=0x00000000
       43725000	      4273	80008530	034705b3	mul	x11,x14,x20	 x14:0xffff6001 x20:0x00000001 x11=0xffff6001
       43735000	      4274	80008534	01604f63	blt	x0,x22,80008552	  x0:0x00000000 x22:0x3ffffff4
       43765000	      4277	80008552	03311c63	bne	x2,x19,8000858a	  x2:0x0fb48430 x19:0x80021e0c
       43795000	      4280	8000858a	90ee6c93	ori	x25,x28,-1778	 x28:0x00000000 x25=0xfffff90e
       44165000	      4317	8000858e	02c9c333	div	x6,x19,x12	 x19:0x80021e0c x12:0x3d800000  x6=0xfffffffe
       44175000	      4318	80008592	0000100f	fence.i	
       44195000	      4320	80008596	6891	c.lui	x17,0x4	 x17=0x00004000
       44205000	      4321	80008598	8191	c.srli	x11,0x4	 x11:0xffff6001 x11=0x0ffff600
       44215000	      4322	8000859a	0e79	c.addi	x28,30	 x28:0x00000000 x28=0x0000001e
       44225000	      4323	8000859c	0087e133	or	x2,x15,x8	 x15:0x00000000  x8:0x0fb487b0  x2=0x0fb487b0
       44235000	      4324	800085a0	e009	c.bnez	x8,800085a2	  x8:0x0fb487b0
       44295000	      4330	800085a2	03aeb033	mulhu	x0,x29,x26	 x29:0x00000000 x26:0x80025ce4  x0=0x00000000
       44305000	      4331	800085a6	01446833	or	x16,x8,x20	  x8:0x0fb487b0 x20:0x00000001 x16=0x0fb487b1
       44315000	      4332	800085aa	86c2	c.mv	x13,x16	  x0:0x00000000 x16:0x0fb487b1 x13=0x0fb487b1
       44325000	      4333	800085ac	8d59	c.or	x10,x14	 x10:0x0fb48760 x14:0xffff6001 x10=0xffffe761
       44335000	      4334	800085ae	00d49033	sll	x0,x9,x13	  x9:0x00000000 x13:0x0fb487b1  x0=0x00000000
       44345000	      4335	800085b2	cd6dac37	lui	x24,0xcd6da	 x24=0xcd6da000
       44355000	      4336	800085b6	02139663	bne	x7,x1,800085e2	  x7:0xfaeb9c09  x1:0xffffffff
       44385000	      4339	800085e2	d0c30893	addi	x17,x6,-756	  x6:0xfffffffe x17=0xfffffd0a
       44395000	      4340	800085e6	05ef4163	blt	x30,x30,80008628	 x30:0x00000002 x30:0x00000002
       44765000	      4377	800085ea	0330c533	div	x10,x1,x19	  x1:0xffffffff x19:0x80021e0c x10=0x00000000
       44775000	      4378	800085ee	e189	c.bnez	x11,800085f0	 x11:0x0ffff600
       44795000	      4380	800085f0	34069cf3	csrrw	x25,mscratch,x13	 x13:0x0fb487b1 x25=0x00000000
       44805000	      4381	800085f4	01efc5b3	xor	x11,x31,x30	 x31:0x00000000 x30:0x00000002 x11=0x00000002
       44815000	      4382	800085f8	01fe6f63	bltu	x28,x31,80008616	 x28:0x0000001e x31:0x00000000
       44825000	      4383	800085fc	cb3cc093	xori	x1,x25,-845	 x25:0x00000000  x1=0xfffffcb3
       44835000	      4384	80008600	02e9f463	bgeu	x19,x14,80008628	 x19:0x80021e0c x14:0xffff6001
       44845000	      4385	80008604	8fb9	c.xor	x15,x14	 x15:0x00000000 x14:0xffff6001 x15=0xffff6001
       44855000	      4386	80008606	01636663	bltu	x6,x22,80008612	  x6:0xfffffffe x22:0x3ffffff4
       44865000	      4387	8000860a	00e218b3	sll	x17,x4,x14	  x4:0x00000014 x14:0xffff6001 x17=0x00000028
       44875000	      4388	8000860e	ad4e8897	auipc	x17,0xad4e8	 x17=0x2d4f060e
       44885000	      4389	80008612	53f92313	slti	x6,x18,1343	 x18:0x00000000  x6=0x00000001
       44895000	      4390	80008616	0001	c.addi	x0,0	  x0:0x00000000  x0=0x00000000
       44905000	      4391	80008618	6e61	c.lui	x28,0x18	 x28=0x00018000
       44915000	      4392	8000861a	6131	c.addi16sp	x2,320	  x2:0x0fb487b0  x2=0x0fb488f0
       44925000	      4393	8000861c	867e6637	lui	x12,0x867e6	 x12=0x867e6000
       44935000	      4394	80008620	340516f3	csrrw	x13,mscratch,x10	 x10:0x00000000 x13=0x0fb487b1
       44945000	      4395	80008624	00d2c763	blt	x5,x13,80008632	  x5:0x00000002 x13:0x0fb487b1
       44975000	      4398	80008632	0068ea33	or	x20,x17,x6	 x17:0x2d4f060e  x6:0x00000001 x20=0x2d4f060f
       44985000	      4399	80008636	b1a16e13	ori	x28,x2,-1254	  x2:0x0fb488f0 x28=0xfffffbfa
       44995000	      4400	8000863a	00b24933	xor	x18,x4,x11	  x4:0x00000014 x11:0x00000002 x18=0x00000016
       45005000	      4401	8000863e	03e16063	bltu	x2,x30,8000865e	  x2:0x0fb488f0 x30:0x00000002
       45015000	      4402	80008642	00c24733	xor	x14,x4,x12	  x4:0x00000014 x12:0x867e6000 x14=0x867e6014
       45025000	      4403	80008646	ef85	c.bnez	x15,8000867e	 x15:0xffff6001
       45055000	      4406	8000867e	00256863	bltu	x10,x2,8000868e	 x10:0x00000000  x2:0x0fb488f0
       45075000	      4408	8000868e	717d	c.addi16sp	x2,-16	  x2:0x0fb488f0  x2=0x0fb488e0
       45445000	      4445	80008690	03c4c333	div	x6,x9,x28	  x9:0x00000000 x28:0xfffffbfa  x6=0x00000000
       45455000	      4446	80008694	fa7a4893	xori	x17,x20,-89	 x20:0x2d4f060f x17=0xd2b0f9a8
       45465000	      4447	80008698	01346863	bltu	x8,x19,800086a8	  x8:0x0fb487b0 x19:0x80021e0c
       45485000	      4449	800086a8	8f0d	c.sub	x14,x11	 x14:0x867e6014 x11:0x00000002 x14=0x867e6012
       45495000	      4450	800086aa	03e3ed63	bltu	x7,x30,800086e4	  x7:0xfaeb9c09 x30:0x00000002
       45505000	      4451	800086ae	005c1013	slli	x0,x24,0x5	 x24:0xcd6da000  x0=0x00000000
       45515000	      4452	800086b2	01b78e63	beq	x15,x27,800086ce	 x15:0xffff6001 x27:0xffffffff
       45525000	      4453	800086b6	0ff0000f	fence	iorw,iorw	
       45535000	      4454	800086ba	c209	c.beqz	x12,800086bc	 x12:0x867e6000
       45545000	      4455	800086bc	0f3e	c.slli	x30,0xf	 x30:0x00000002 x30=0x00010000
       45555000	      4456	800086be	41475f13	srai	x30,x14,0x14	 x14:0x867e6012 x30=0xfffff867
       45565000	      4457	800086c2	340075f3	csrrci	x11,mscratch,0	 x11=0x00000000
       45575000	      4458	800086c6	b296ec13	ori	x24,x13,-1239	 x13:0x0fb487b1 x24=0xffffffb9
       45585000	      4459	800086ca	01169b33	sll	x22,x13,x17	 x13:0x0fb487b1 x17:0xd2b0f9a8 x22=0xb487b100
       45595000	      4460	800086ce	005fde93	srli	x29,x31,0x5	 x31:0x00000000 x29=0x00000000
       45605000	      4461	800086d2	00ec1793	slli	x15,x24,0xe	 x24:0xffffffb9 x15=0xffee4000
       45645000	      4465	800086d6	0215b4b3	mulhu	x9,x11,x1	 x11:0x00000000  x1:0xfffffcb3  x9=0x00000000
       45655000	      4466	800086da	717d	c.addi16sp	x2,-16	  x2:0x0fb488e0  x2=0x0fb488d0
       45675000	      4468	800086dc	0239d0b3	divu	x1,x19,x3	 x19:0x80021e0c  x3:0x00000000  x1=0xffffffff
       45685000	      4469	800086e0	0001	c.addi	x0,0	  x0:0x00000000  x0=0x00000000
       45695000	      4470	800086e2	6921	c.lui	x18,0x8	 x18=0x00008000
       45705000	      4471	800086e4	0ff0000f	fence	iorw,iorw	
       45715000	      4472	800086e8	01849133	sll	x2,x9,x24	  x9:0x00000000 x24:0xffffffb9  x2=0x00000000
       45725000	      4473	800086ec	34083173	csrrc	x2,mscratch,x16	 x16:0x0fb487b1  x2=0x00000000
       45735000	      4474	800086f0	03bd6263	bltu	x26,x27,80008714	 x26:0x80025ce4 x27:0xffffffff
       45755000	      4476	80008714	03794563	blt	x18,x23,8000873e	 x18:0x00008000 x23:0x00000001
       45765000	      4477	80008718	8f4d	c.or	x14,x11	 x14:0x867e6012 x11:0x00000000 x14=0x867e6012
       45775000	      4478	8000871a	41ea54b3	sra	x9,x20,x30	 x20:0x2d4f060f x30:0xfffff867  x9=0x005a9e0c
       45785000	      4479	8000871e	340c37f3	csrrc	x15,mscratch,x24	 x24:0xffffffb9 x15=0x00000000
       45795000	      4480	80008722	5c7d	c.li	x24,-1	 x24=0xffffffff
       45805000	      4481	80008724	8c62	c.mv	x24,x24	  x0:0x00000000 x24:0xffffffff x24=0xffffffff
       45815000	      4482	80008726	032e9c63	bne	x29,x18,8000875e	 x29:0x00000000 x18:0x00008000
       45875000	      4488	8000875e	038babb3	mulhsu	x23,x23,x24	 x23:0x00000001 x24:0xffffffff x23=0x00000000
       45885000	      4489	80008762	67328913	addi	x18,x5,1651	  x5:0x00000002 x18=0x00000675
       45895000	      4490	80008766	0a96	c.slli	x21,0x5	 x21:0x00000000 x21=0x00000000
       45905000	      4491	80008768	0ff0000f	fence	iorw,iorw	
       45945000	      4495	8000876c	03b29db3	mulh	x27,x5,x27	  x5:0x00000002 x27:0xffffffff x27=0xffffffff
       45955000	      4496	80008770	0001	c.addi	x0,0	  x0:0x00000000  x0=0x00000000
       45965000	      4497	80008772	34007c73	csrrci	x24,mscratch,0	 x24=0x00000000
       46005000	      4501	80008776	022090b3	mulh	x1,x1,x2	  x1:0xffffffff  x2:0x00000000  x1=0x00000000
       46015000	      4502	8000877a	c211	c.beqz	x12,8000877e	 x12:0x867e6000
       46025000	      4503	8000877c	8a61	c.andi	x12,24	 x12:0x867e6000 x12=0x00000000
       46035000	      4504	8000877e	340354f3	csrrwi	x9,mscratch,6	  x9=0x00000000
       46045000	      4505	80008782	8e15	c.sub	x12,x13	 x12:0x00000000 x13:0x0fb487b1 x12=0xf04b784f
       46055000	      4506	80008784	34072bf3	csrrs	x23,mscratch,x14	 x14:0x867e6012 x23=0x00000006
       46065000	      4507	80008788	0ff0000f	fence	iorw,iorw	
       46075000	      4508	8000878c	34002773	csrrs	x14,mscratch,x0	  x0:0x00000000 x14=0x867e6016
       46085000	      4509	80008790	340b5bf3	csrrwi	x23,mscratch,22	 x23=0x867e6016
       46095000	      4510	80008794	966a	c.add	x12,x26	 x12:0xf04b784f x26:0x80025ce4 x12=0x704dd533
       46125000	      4513	80008796	03b207b3	mul	x15,x4,x27	  x4:0x00000014 x27:0xffffffff x15=0xffffffec
       46135000	      4514	8000879a	ef09	c.bnez	x14,800087b4	 x14:0x867e6016
       46185000	      4519	800087b4	02c31f33	mulh	x30,x6,x12	  x6:0x00000000 x12:0x704dd533 x30=0x00000000
       46205000	      4521	800087b8	035cceb3	div	x29,x25,x21	 x25:0x00000000 x21:0x00000000 x29=0xffffffff
       46215000	      4522	800087bc	8f29	c.xor	x14,x10	 x14:0x867e6016 x10:0x00000000 x14=0x867e6016
       46225000	      4523	800087be	c76e5037	lui	x0,0xc76e5	  x0=0x00000000
       46235000	      4524	800087c2	01e6db33	srl	x22,x13,x30	 x13:0x0fb487b1 x30:0x00000000 x22=0x0fb487b1
       46245000	      4525	800087c6	00263cb3	sltu	x25,x12,x2	 x12:0x704dd533  x2:0x00000000 x25=0x00000000
       46255000	      4526	800087ca	027efe63	bgeu	x29,x7,80008806	 x29:0xffffffff  x7:0xfaeb9c09
       46285000	      4529	80008806	004b5893	srli	x17,x22,0x4	 x22:0x0fb487b1 x17=0x00fb487b
       46295000	      4530	8000880a	8c41	c.or	x8,x8	  x8:0x0fb487b0  x8:0x0fb487b0  x8=0x0fb487b0
       46305000	      4531	8000880c	df240313	addi	x6,x8,-526	  x8:0x0fb487b0  x6=0x0fb485a2
       46315000	      4532	80008810	c321	c.beqz	x14,80008850	 x14:0x867e6016
       46325000	      4533	80008812	9a86	c.add	x21,x1	 x21:0x00000000  x1:0x00000000 x21=0x00000000
       46335000	      4534	80008814	8eb5	c.xor	x13,x13	 x13:0x0fb487b1 x13:0x0fb487b1 x13=0x00000000
       46365000	      4537	80008816	03ae0733	mul	x14,x28,x26	 x28:0xfffffbfa x26:0x80025ce4 x14=0xf67e42a8
       46375000	      4538	8000881a	0001	c.addi	x0,0	  x0:0x00000000  x0=0x00000000
       46385000	      4539	8000881c	0a7a	c.slli	x20,0x1e	 x20:0x2d4f060f x20=0xc0000000
       46395000	      4540	8000881e	080a	c.slli	x16,0x2	 x16:0x0fb487b1 x16=0x3ed21ec4
       46405000	      4541	80008820	00998833	add	x16,x19,x9	 x19:0x80021e0c  x9:0x00000000 x16=0x80021e0c
       46415000	      4542	80008824	340028f3	csrrs	x17,mscratch,x0	  x0:0x00000000 x17=0x00000016
       46425000	      4543	80008828	0000100f	fence.i	
       46445000	      4545	8000882c	079b6f13	ori	x30,x22,121	 x22:0x0fb487b1 x30=0x0fb487f9
       46465000	      4547	80008830	023dd033	divu	x0,x27,x3	 x27:0xffffffff  x3:0x00000000  x0=0x00000000
       46835000	      4584	80008834	024f7633	remu	x12,x30,x4	 x30:0x0fb487f9  x4:0x00000014 x12=0x00000009
       46855000	      4586	80008838	02164633	div	x12,x12,x1	 x12:0x00000009  x1:0x00000000 x12=0xffffffff
       46875000	      4588	8000883c	023bf933	remu	x18,x23,x3	 x23:0x867e6016  x3:0x00000000 x18=0x867e6016
       46885000	      4589	80008840	01b5d7b3	srl	x15,x11,x27	 x11:0x00000000 x27:0xffffffff x15=0x00000000
       46895000	      4590	80008844	007b9593	slli	x11,x23,0x7	 x23:0x867e6016 x11=0x3f300b00
       46905000	      4591	80008848	340c7f73	csrrci	x30,mscratch,24	 x30=0x00000016
       46915000	      4592	8000884c	0132e6b3	or	x13,x5,x19	  x5:0x00000002 x19:0x80021e0c x13=0x80021e0e
       46925000	      4593	80008850	17fd	c.addi	x15,-1	 x15:0x00000000 x15=0xffffffff
       46965000	      4597	80008852	03e1a7b3	mulhsu	x15,x3,x30	  x3:0x00000000 x30:0x00000016 x15=0x00000000
       46975000	      4598	80008856	34006bf3	csrrsi	x23,mscratch,0	 x23=0x00000006
       46985000	      4599	8000885a	34007cf3	csrrci	x25,mscratch,0	 x25=0x00000006
       46995000	      4600	8000885e	00047633	and	x12,x8,x0	  x8:0x0fb487b0  x0:0x00000000 x12=0x00000000
       47005000	      4601	80008862	01d71b93	slli	x23,x14,0x1d	 x14:0xf67e42a8 x23=0x00000000
       47025000	      4603	80008866	03fe6233	rem	x4,x28,x31	 x28:0xfffffbfa x31:0x00000000  x4=0xfffffbfa
       47035000	      4604	8000886a	678d	c.lui	x15,0x3	 x15=0x00003000
       47045000	      4605	8000886c	0001	c.addi	x0,0	  x0:0x00000000  x0=0x00000000
       47055000	      4606	8000886e	0001	c.addi	x0,0	  x0:0x00000000  x0=0x00000000
       47065000	      4607	80008870	87d5	c.srai	x15,0x15	 x15:0x00003000 x15=0x00000000
       47095000	      4610	80008872	023702b3	mul	x5,x14,x3	 x14:0xf67e42a8  x3:0x00000000  x5=0x00000000
       47105000	      4611	80008876	8e11	c.sub	x12,x12	 x12:0x00000000 x12:0x00000000 x12=0x00000000
       47115000	      4612	80008878	3c8de313	ori	x6,x27,968	 x27:0xffffffff  x6=0xffffffff
       47125000	      4613	8000887c	80f5	c.srli	x9,0x1d	  x9:0x00000000  x9=0x00000000
       47135000	      4614	8000887e	16142f93	slti	x31,x8,353	  x8:0x0fb487b0 x31=0x00000000
       47145000	      4615	80008882	0115cb33	xor	x22,x11,x17	 x11:0x3f300b00 x17:0x00000016 x22=0x3f300b16
       47155000	      4616	80008886	013c5493	srli	x9,x24,0x13	 x24:0x00000000  x9=0x00000000
       47165000	      4617	8000888a	0000100f	fence.i	
       47205000	      4621	8000888e	025ad1b3	divu	x3,x21,x5	 x21:0x00000000  x5:0x00000000  x3=0xffffffff
       47225000	      4623	80008892	029ed5b3	divu	x11,x29,x9	 x29:0xffffffff  x9:0x00000000 x11=0xffffffff
       47235000	      4624	80008896	00f96533	or	x10,x18,x15	 x18:0x867e6016 x15:0x00000000 x10=0x867e6016
       47255000	      4626	8000889a	037dd033	divu	x0,x27,x23	 x27:0xffffffff x23:0x00000000  x0=0x00000000
       47265000	      4627	8000889e	adc52813	slti	x16,x10,-1316	 x10:0x867e6016 x16=0x00000001
       47275000	      4628	800088a2	1500	c.addi4spn	x8,x2,672	  x8=0x000002a0
       47645000	      4665	800088a4	02655533	divu	x10,x10,x6	 x10:0x867e6016  x6:0xffffffff x10=0x00000000
       47655000	      4666	800088a8	41e40db3	sub	x27,x8,x30	  x8:0x000002a0 x30:0x00000016 x27=0x0000028a
       47665000	      4667	800088ac	e00d	c.bnez	x8,800088ce	  x8:0x000002a0
       47725000	      4673	800088ce	0347a133	mulhsu	x2,x15,x20	 x15:0x00000000 x20:0xc0000000  x2=0x00000000
       47735000	      4674	800088d2	8f1d	c.sub	x14,x15	 x14:0xf67e42a8 x15:0x00000000 x14=0xf67e42a8
       47745000	      4675	800088d4	94ea	c.add	x9,x26	  x9:0x00000000 x26:0x80025ce4  x9=0x80025ce4
       47755000	      4676	800088d6	004d9db3	sll	x27,x27,x4	 x27:0x0000028a  x4:0xfffffbfa x27=0x28000000
       48125000	      4713	800088da	030d4633	div	x12,x26,x16	 x26:0x80025ce4 x16:0x00000001 x12=0x80025ce4
       48495000	      4750	800088de	0283f433	remu	x8,x7,x8	  x7:0xfaeb9c09  x8:0x000002a0  x8=0x000000e9
       48505000	      4751	800088e2	0001	c.addi	x0,0	  x0:0x00000000  x0=0x00000000
       48515000	      4752	800088e4	0ff0000f	fence	iorw,iorw	
       48525000	      4753	800088e8	04ea	c.slli	x9,0x1a	  x9:0x80025ce4  x9=0x90000000
       48535000	      4754	800088ea	00bb4cb3	xor	x25,x22,x11	 x22:0x3f300b16 x11:0xffffffff x25=0xc0cff4e9
       48545000	      4755	800088ee	e231	c.bnez	x12,80008932	 x12:0x80025ce4
       48935000	      4794	80008932	03a46133	rem	x2,x8,x26	  x8:0x000000e9 x26:0x80025ce4  x2=0x000000e9
       48945000	      4795	80008936	34042773	csrrs	x14,mscratch,x8	  x8:0x000000e9 x14=0x00000006
       48955000	      4796	8000893a	8eb1	c.xor	x13,x12	 x13:0x80021e0e x12:0x80025ce4 x13=0x000042ea
       48965000	      4797	8000893c	00499293	slli	x5,x19,0x4	 x19:0x80021e0c  x5=0x0021e0c0
       48975000	      4798	80008940	8d3d	c.xor	x10,x15	 x10:0x00000000 x15:0x00000000 x10=0x00000000
       48985000	      4799	80008942	8221	c.srli	x12,0x8	 x12:0x80025ce4 x12=0x0080025c
       48995000	      4800	80008944	05d1	c.addi	x11,20	 x11:0xffffffff x11=0x00000013
       49005000	      4801	80008946	8fe1	c.and	x15,x8	 x15:0x00000000  x8:0x000000e9 x15=0x00000000
       49015000	      4802	80008948	717d	c.addi16sp	x2,-16	  x2:0x000000e9  x2=0x000000d9
       49025000	      4803	8000894a	0384	c.addi4spn	x9,x2,448	  x9=0x00000299
       49045000	      4805	8000894c	038f5e33	divu	x28,x30,x24	 x30:0x00000016 x24:0x00000000 x28=0xffffffff
       49055000	      4806	80008950	0001	c.addi	x0,0	  x0:0x00000000  x0=0x00000000
       49065000	      4807	80008952	00ab7ab3	and	x21,x22,x10	 x22:0x3f300b16 x10:0x00000000 x21=0x00000000
       49075000	      4808	80008956	080a	c.slli	x16,0x2	 x16:0x00000001 x16=0x00000004
       49085000	      4809	80008958	0ff0000f	fence	iorw,iorw	
       49095000	      4810	8000895c	0000100f	fence.i	
       49115000	      4812	80008960	01585e93	srli	x29,x16,0x15	 x16:0x00000004 x29=0x00000000
       49125000	      4813	80008964	404fd293	srai	x5,x31,0x4	 x31:0x00000000  x5=0x00000000
       49135000	      4814	80008968	34006cf3	csrrsi	x25,mscratch,0	 x25=0x000000ef
       49145000	      4815	8000896c	01f144b3	xor	x9,x2,x31	  x2:0x000000d9 x31:0x00000000  x9=0x000000d9
       49155000	      4816	80008970	00547c33	and	x24,x8,x5	  x8:0x000000e9  x5:0x00000000 x24=0x00000000
       49165000	      4817	80008974	34006773	csrrsi	x14,mscratch,0	 x14=0x000000ef
       49175000	      4818	80008978	025cde63	bge	x25,x5,800089b4	 x25:0x000000ef  x5:0x00000000
       49195000	      4820	800089b4	01caf7b3	and	x15,x21,x28	 x21:0x00000000 x28:0xffffffff x15=0x00000000
       49205000	      4821	800089b8	f52d3e13	sltiu	x28,x26,-174	 x26:0x80025ce4 x28=0x00000001
       49575000	      4858	800089bc	03b962b3	rem	x5,x18,x27	 x18:0x867e6016 x27:0x28000000  x5=0xfe7e6016
       49585000	      4859	800089c0	30547f13	andi	x30,x8,773	  x8:0x000000e9 x30=0x00000001
       49595000	      4860	800089c4	340066f3	csrrsi	x13,mscratch,0	 x13=0x000000ef
       49605000	      4861	800089c8	8fad	c.xor	x15,x11	 x15:0x00000000 x11:0x00000013 x15=0x00000013
       49615000	      4862	800089ca	01d81933	sll	x18,x16,x29	 x16:0x00000004 x29:0x00000000 x18=0x00000004
       49625000	      4863	800089ce	ab294c93	xori	x25,x18,-1358	 x18:0x00000004 x25=0xfffffab6
       49635000	      4864	800089d2	4133deb3	sra	x29,x7,x19	  x7:0xfaeb9c09 x19:0x80021e0c x29=0xffffaeb9
       49645000	      4865	800089d6	0b8e	c.slli	x23,0x3	 x23:0x00000000 x23=0x00000000
       49655000	      4866	800089d8	0980	c.addi4spn	x8,x2,208	  x8=0x000001a9
       49665000	      4867	800089da	34073ff3	csrrc	x31,mscratch,x14	 x14:0x000000ef x31=0x000000ef
       49675000	      4868	800089de	ca89	c.beqz	x13,800089f0	 x13:0x000000ef
       50045000	      4905	800089e0	03a544b3	div	x9,x10,x26	 x10:0x00000000 x26:0x80025ce4  x9=0x00000000
       50055000	      4906	800089e4	0106c2b3	xor	x5,x13,x16	 x13:0x000000ef x16:0x00000004  x5=0x000000eb
       50095000	      4910	800089e8	032618b3	mulh	x17,x12,x18	 x12:0x0080025c x18:0x00000004 x17=0x00000000
       50105000	      4911	800089ec	02f3d063	bge	x7,x15,80008a0c	  x7:0xfaeb9c09 x15:0x00000013
       50115000	      4912	800089f0	cbccf6b7	lui	x13,0xcbccf	 x13=0xcbccf000
       50125000	      4913	800089f4	4178d133	sra	x2,x17,x23	 x17:0x00000000 x23:0x00000000  x2=0x00000000
       50135000	      4914	800089f8	2d632213	slti	x4,x6,726	  x6:0xffffffff  x4=0x00000001
       50145000	      4915	800089fc	34007573	csrrci	x10,mscratch,0	 x10=0x00000000
       50155000	      4916	80008a00	34003c73	csrrc	x24,mscratch,x0	  x0:0x00000000 x24=0x00000000
       50165000	      4917	80008a04	cf928113	addi	x2,x5,-775	  x5:0x000000eb  x2=0xfffffde4
       50175000	      4918	80008a08	00dbe733	or	x14,x23,x13	 x23:0x00000000 x13:0xcbccf000 x14=0xcbccf000
       50185000	      4919	80008a0c	41155433	sra	x8,x10,x17	 x10:0x00000000 x17:0x00000000  x8=0x00000000
       50195000	      4920	80008a10	01a7a7b3	slt	x15,x15,x26	 x15:0x00000013 x26:0x80025ce4 x15=0x00000000
       50205000	      4921	80008a14	8b9d	c.andi	x15,7	 x15:0x00000000 x15=0x00000000
       50215000	      4922	80008a16	40205c93	srai	x25,x0,0x2	  x0:0x00000000 x25=0x00000000
       50225000	      4923	80008a1a	340c70f3	csrrci	x1,mscratch,24	  x1=0x00000000
       50235000	      4924	80008a1e	40fd01b3	sub	x3,x26,x15	 x26:0x80025ce4 x15:0x00000000  x3=0x80025ce4
       50245000	      4925	80008a22	21ebcc93	xori	x25,x23,542	 x23:0x00000000 x25=0x0000021e
       50255000	      4926	80008a26	002d4db3	xor	x27,x26,x2	 x26:0x80025ce4  x2:0xfffffde4 x27=0x7ffda100
       50265000	      4927	80008a2a	03448413	addi	x8,x9,52	  x9:0x00000000  x8=0x00000034
       50275000	      4928	80008a2e	40ced493	srai	x9,x29,0xc	 x29:0xffffaeb9  x9=0xfffffffa
       50285000	      4929	80008a32	41b48a33	sub	x20,x9,x27	  x9:0xfffffffa x27:0x7ffda100 x20=0x80025efa
       50295000	      4930	80008a36	4a3f9097	auipc	x1,0x4a3f9	  x1=0xca401a36
       50305000	      4931	80008a3a	85ed	c.srai	x11,0x1b	 x11:0x00000013 x11=0x00000000
       50315000	      4932	80008a3c	014c1a93	slli	x21,x24,0x14	 x24:0x00000000 x21=0x00000000
       50325000	      4933	80008a40	340db773	csrrc	x14,mscratch,x27	 x27:0x7ffda100 x14=0x00000000
       50335000	      4934	80008a44	8d59	c.or	x10,x14	 x10:0x00000000 x14:0x00000000 x10=0x00000000
       50345000	      4935	80008a46	017bc363	blt	x23,x23,80008a4c	 x23:0x00000000 x23:0x00000000
       50355000	      4936	80008a4a	9672	c.add	x12,x28	 x12:0x0080025c x28:0x00000001 x12=0x0080025d
       50725000	      4973	80008a4c	029edc33	divu	x24,x29,x9	 x29:0xffffaeb9  x9:0xfffffffa x24=0x00000000
       50735000	      4974	80008a50	8e19	c.sub	x12,x14	 x12:0x0080025d x14:0x00000000 x12=0x0080025d
       50745000	      4975	80008a52	5bebeb97	auipc	x23,0x5bebe	 x23=0xdbec6a52
       50755000	      4976	80008a56	8f79	c.and	x14,x14	 x14:0x00000000 x14:0x00000000 x14=0x00000000
       50795000	      4980	80008a58	03022c33	mulhsu	x24,x4,x16	  x4:0x00000001 x16:0x00000004 x24=0x00000000
       50805000	      4981	80008a5c	01fa50b3	srl	x1,x20,x31	 x20:0x80025efa x31:0x000000ef  x1=0x00010004
       50815000	      4982	80008a60	8eb1	c.xor	x13,x12	 x13:0xcbccf000 x12:0x0080025d x13=0xcb4cf25d
       50845000	      4985	80008a62	02f705b3	mul	x11,x14,x15	 x14:0x00000000 x15:0x00000000 x11=0x00000000
       50855000	      4986	80008a66	0001	c.addi	x0,0	  x0:0x00000000  x0=0x00000000
       50865000	      4987	80008a68	8c15	c.sub	x8,x13	  x8:0x00000034 x13:0xcb4cf25d  x8=0x34b30dd7
       50905000	      4991	80008a6a	02c2b933	mulhu	x18,x5,x12	  x5:0x000000eb x12:0x0080025d x18=0x00000000
       50915000	      4992	80008a6e	54e3f493	andi	x9,x7,1358	  x7:0xfaeb9c09  x9=0x00000408
       50925000	      4993	80008a72	04a1	c.addi	x9,8	  x9:0x00000408  x9=0x00000410
       50935000	      4994	80008a74	8da1	c.xor	x11,x8	 x11:0x00000000  x8:0x34b30dd7 x11=0x34b30dd7
       50945000	      4995	80008a76	0183bc33	sltu	x24,x7,x24	  x7:0xfaeb9c09 x24:0x00000000 x24=0x00000000
       50985000	      4999	80008a7a	03df9933	mulh	x18,x31,x29	 x31:0x000000ef x29:0xffffaeb9 x18=0xffffffff
       50995000	      5000	80008a7e	0168ed63	bltu	x17,x22,80008a98	 x17:0x00000000 x22:0x3f300b16
       51375000	      5038	80008a98	03456fb3	rem	x31,x10,x20	 x10:0x00000000 x20:0x80025efa x31=0x00000000
       51385000	      5039	80008a9c	34011973	csrrw	x18,mscratch,x2	  x2:0xfffffde4 x18=0x00000000
       51395000	      5040	80008aa0	01c61a93	slli	x21,x12,0x1c	 x12:0x0080025d x21=0xd0000000
       51405000	      5041	80008aa4	3409aa73	csrrs	x20,mscratch,x19	 x19:0x80021e0c x20=0xfffffde4
       51775000	      5078	80008aa8	02dee233	rem	x4,x29,x13	 x29:0xffffaeb9 x13:0xcb4cf25d  x4=0xffffaeb9
       51785000	      5079	80008aac	3407a773	csrrs	x14,mscratch,x15	 x15:0x00000000 x14=0xffffffec
       51795000	      5080	80008ab0	774eac13	slti	x24,x29,1908	 x29:0xffffaeb9 x24=0x00000001
       51805000	      5081	80008ab4	03ecc563	blt	x25,x30,80008ade	 x25:0x0000021e x30:0x00000001
       51815000	      5082	80008ab8	00588533	add	x10,x17,x5	 x17:0x00000000  x5:0x000000eb x10=0x000000eb
       51825000	      5083	80008abc	408edcb3	sra	x25,x29,x8	 x29:0xffffaeb9  x8:0x34b30dd7 x25=0xffffffff
       51835000	      5084	80008ac0	8dd9	c.or	x11,x14	 x11:0x34b30dd7 x14:0xffffffec x11=0xffffffff
       51845000	      5085	80008ac2	34007173	csrrci	x2,mscratch,0	  x2=0xffffffec
       51855000	      5086	80008ac6	48df0f13	addi	x30,x30,1165	 x30:0x00000001 x30=0x0000048e
       51865000	      5087	80008aca	0001	c.addi	x0,0	  x0:0x00000000  x0=0x00000000
       51875000	      5088	80008acc	01c24263	blt	x4,x28,80008ad0	  x4:0xffffaeb9 x28:0x00000001
       51895000	      5090	80008ad0	045d6163	bltu	x26,x5,80008b12	 x26:0x80025ce4  x5:0x000000eb
       51905000	      5091	80008ad4	87fd	c.srai	x15,0x1f	 x15:0x00000000 x15=0x00000000
       51915000	      5092	80008ad6	8f2d	c.xor	x14,x11	 x14:0xffffffec x11:0xffffffff x14=0x00000013
       51925000	      5093	80008ad8	8e5e	c.mv	x28,x23	  x0:0x00000000 x23:0xdbec6a52 x28=0xdbec6a52
       51935000	      5094	80008ada	cf15a297	auipc	x5,0xcf15a	  x5=0x4f162ada
       51945000	      5095	80008ade	8b7d	c.andi	x14,31	 x14:0x00000013 x14=0x00000013
       51955000	      5096	80008ae0	41188c33	sub	x24,x17,x17	 x17:0x00000000 x17:0x00000000 x24=0x00000000
       51965000	      5097	80008ae4	340d5df3	csrrwi	x27,mscratch,26	 x27=0xffffffec
       51975000	      5098	80008ae8	01974263	blt	x14,x25,80008aec	 x14:0x00000013 x25:0xffffffff
       52015000	      5102	80008aec	02dea5b3	mulhsu	x11,x29,x13	 x29:0xffffaeb9 x13:0xcb4cf25d x11=0xffffbf74
       52025000	      5103	80008af0	0261e663	bltu	x3,x6,80008b1c	  x3:0x80025ce4  x6:0xffffffff
       52045000	      5105	80008b1c	05d8c463	blt	x17,x29,80008b64	 x17:0x00000000 x29:0xffffaeb9
       52055000	      5106	80008b20	00345533	srl	x10,x8,x3	  x8:0x34b30dd7  x3:0x80025ce4 x10=0x034b30dd
       52065000	      5107	80008b24	0139f833	and	x16,x19,x19	 x19:0x80021e0c x19:0x80021e0c x16=0x80021e0c
       52075000	      5108	80008b28	018385b3	add	x11,x7,x24	  x7:0xfaeb9c09 x24:0x00000000 x11=0xfaeb9c09
       52085000	      5109	80008b2c	3409d6f3	csrrwi	x13,mscratch,19	 x13=0x0000001a
       52095000	      5110	80008b30	a3048813	addi	x16,x9,-1488	  x9:0x00000410 x16=0xfffffe40
       52105000	      5111	80008b34	ab647f93	andi	x31,x8,-1354	  x8:0x34b30dd7 x31=0x34b30896
       52475000	      5148	80008b38	029bd433	divu	x8,x23,x9	 x23:0xdbec6a52  x9:0x00000410  x8=0x00362290
       52485000	      5149	80008b3c	01f09d93	slli	x27,x1,0x1f	  x1:0x00010004 x27=0x00000000
       52495000	      5150	80008b40	34056af3	csrrsi	x21,mscratch,10	 x21=0x00000013
       52505000	      5151	80008b44	8141	c.srli	x10,0x10	 x10:0x034b30dd x10=0x0000034b
       52515000	      5152	80008b46	3402d573	csrrwi	x10,mscratch,5	 x10=0x0000001b
       52525000	      5153	80008b4a	cf99	c.beqz	x15,80008b68	 x15:0x00000000
       52545000	      5155	80008b68	6165	c.addi16sp	x2,112	  x2:0xffffffec  x2=0x0000005c
       52555000	      5156	80008b6a	0001	c.addi	x0,0	  x0:0x00000000  x0=0x00000000
       52565000	      5157	80008b6c	402607b3	sub	x15,x12,x2	 x12:0x0080025d  x2:0x0000005c x15=0x00800201
       52575000	      5158	80008b70	e789	c.bnez	x15,80008b7a	 x15:0x00800201
       52605000	      5161	80008b7a	a0e82937	lui	x18,0xa0e82	 x18=0xa0e82000
       52615000	      5162	80008b7e	8c583b93	sltiu	x23,x16,-1851	 x16:0xfffffe40 x23=0x00000000
       52625000	      5163	80008b82	9afd	c.andi	x13,-1	 x13:0x0000001a x13=0x0000001a
       52665000	      5167	80008b84	02fdadb3	mulhsu	x27,x27,x15	 x27:0x00000000 x15:0x00800201 x27=0x00000000
       52675000	      5168	80008b88	c089	c.beqz	x9,80008b8a	  x9:0x00000410
       52685000	      5169	80008b8a	85ba	c.mv	x11,x14	  x0:0x00000000 x14:0x00000013 x11=0x00000013
       52695000	      5170	80008b8c	811a	c.mv	x2,x6	  x0:0x00000000  x6:0xffffffff  x2=0xffffffff
       52705000	      5171	80008b8e	886e	c.mv	x16,x27	  x0:0x00000000 x27:0x00000000 x16=0x00000000
       52715000	      5172	80008b90	ec01	c.bnez	x8,80008ba8	  x8:0x00362290
       52735000	      5174	80008ba8	018a6763	bltu	x20,x24,80008bb6	 x20:0xfffffde4 x24:0x00000000
       52745000	      5175	80008bac	1be23213	sltiu	x4,x4,446	  x4:0xffffaeb9  x4=0x00000000
       52755000	      5176	80008bb0	0001	c.addi	x0,0	  x0:0x00000000  x0=0x00000000
       52765000	      5177	80008bb2	0065c433	xor	x8,x11,x6	 x11:0x00000013  x6:0xffffffff  x8=0xffffffec
       52775000	      5178	80008bb6	8f75	c.and	x14,x13	 x14:0x00000013 x13:0x0000001a x14=0x00000012
       52785000	      5179	80008bb8	34006973	csrrsi	x18,mscratch,0	 x18=0x00000005
       52795000	      5180	80008bbc	87ca	c.mv	x15,x18	  x0:0x00000000 x18:0x00000005 x15=0x00000005
       52805000	      5181	80008bbe	012b1893	slli	x17,x22,0x12	 x22:0x3f300b16 x17=0x2c580000
       52815000	      5182	80008bc2	8f89	c.sub	x15,x10	 x15:0x00000005 x10:0x0000001b x15=0xffffffea
       52825000	      5183	80008bc4	01760b33	add	x22,x12,x23	 x12:0x0080025d x23:0x00000000 x22=0x0080025d
       52835000	      5184	80008bc8	01126763	bltu	x4,x17,80008bd6	  x4:0x00000000 x17:0x2c580000
       52855000	      5186	80008bd6	e50d	c.bnez	x10,80008c00	 x10:0x0000001b
       52885000	      5189	80008c00	038ecf33	div	x30,x29,x24	 x29:0xffffaeb9 x24:0x00000000 x30=0xffffffff
       52895000	      5190	80008c04	fd7d6893	ori	x17,x26,-41	 x26:0x80025ce4 x17=0xfffffff7
       52905000	      5191	80008c08	026b4d63	blt	x22,x6,80008c42	 x22:0x0080025d  x6:0xffffffff
       52915000	      5192	80008c0c	34002573	csrrs	x10,mscratch,x0	  x0:0x00000000 x10=0x00000005
       52925000	      5193	80008c10	41d80f33	sub	x30,x16,x29	 x16:0x00000000 x29:0xffffaeb9 x30=0x00005147
       52935000	      5194	80008c14	02989363	bne	x17,x9,80008c3a	 x17:0xfffffff7  x9:0x00000410
       52955000	      5196	80008c3a	8e11	c.sub	x12,x12	 x12:0x0080025d x12:0x0080025d x12=0x00000000
       52965000	      5197	80008c3c	34007073	csrrci	x0,mscratch,0	  x0=0x00000000
       52975000	      5198	80008c40	0456	c.slli	x8,0x15	  x8:0xffffffec  x8=0xfd800000
       52985000	      5199	80008c42	0ccd	c.addi	x25,19	 x25:0xffffffff x25=0x00000012
       52995000	      5200	80008c44	8155	c.srli	x10,0x15	 x10:0x00000005 x10=0x00000000
       53005000	      5201	80008c46	34002ef3	csrrs	x29,mscratch,x0	  x0:0x00000000 x29=0x00000005
       53015000	      5202	80008c4a	340c6f73	csrrsi	x30,mscratch,24	 x30=0x00000005
       53025000	      5203	80008c4e	3409f873	csrrci	x16,mscratch,19	 x16=0x0000001d
       53035000	      5204	80008c52	0001	c.addi	x0,0	  x0:0x00000000  x0=0x00000000
       53045000	      5205	80008c54	012bddb3	srl	x27,x23,x18	 x23:0x00000000 x18:0x00000005 x27=0x00000000
       53055000	      5206	80008c58	037ee763	bltu	x29,x23,80008c86	 x29:0x00000005 x23:0x00000000
       53065000	      5207	80008c5c	889d	c.andi	x9,7	  x9:0x00000410  x9=0x00000000
       53075000	      5208	80008c5e	01acee63	bltu	x25,x26,80008c7a	 x25:0x00000012 x26:0x80025ce4
       53115000	      5212	80008c7a	03ba4033	div	x0,x20,x27	 x20:0xfffffde4 x27:0x00000000  x0=0x00000000
       53125000	      5213	80008c7e	01a3b1b3	sltu	x3,x7,x26	  x7:0xfaeb9c09 x26:0x80025ce4  x3=0x00000000
       53135000	      5214	80008c82	77fe4413	xori	x8,x28,1919	 x28:0xdbec6a52  x8=0xdbec6d2d
       53145000	      5215	80008c86	34031473	csrrw	x8,mscratch,x6	  x6:0xffffffff  x8=0x0000000c
       53155000	      5216	80008c8a	340ae573	csrrsi	x10,mscratch,21	 x10=0xffffffff
       53165000	      5217	80008c8e	87ed	c.srai	x15,0x1b	 x15:0xffffffea x15=0xffffffff
       53205000	      5221	80008c90	029b9a33	mulh	x20,x23,x9	 x23:0x00000000  x9:0x00000000 x20=0x00000000
       53215000	      5222	80008c94	8d6d	c.and	x10,x11	 x10:0xffffffff x11:0x00000013 x10=0x00000013
       53225000	      5223	80008c96	8f5d	c.or	x14,x15	 x14:0x00000012 x15:0xffffffff x14=0xffffffff
       53235000	      5224	80008c98	019b16b3	sll	x13,x22,x25	 x22:0x0080025d x25:0x00000012 x13=0x09740000
       53245000	      5225	80008c9c	004d1c13	slli	x24,x26,0x4	 x26:0x80025ce4 x24=0x0025ce40
       53615000	      5262	80008ca0	02a5c133	div	x2,x11,x10	 x11:0x00000013 x10:0x00000013  x2=0x00000001
       53625000	      5263	80008ca4	031a5563	bge	x20,x17,80008cce	 x20:0x00000000 x17:0xfffffff7
       53655000	      5266	80008cce	3408d073	csrrwi	x0,mscratch,17	  x0=0x00000000
       53665000	      5267	80008cd2	0001	c.addi	x0,0	  x0:0x00000000  x0=0x00000000
       53675000	      5268	80008cd4	00445e13	srli	x28,x8,0x4	  x8:0x0000000c x28=0x00000000
       53705000	      5271	80008cd8	03c481b3	mul	x3,x9,x28	  x9:0x00000000 x28:0x00000000  x3=0x00000000
       53715000	      5272	80008cdc	0ff0000f	fence	iorw,iorw	
       53725000	      5273	80008ce0	03f98063	beq	x19,x31,80008d00	 x19:0x80021e0c x31:0x34b30896
       53735000	      5274	80008ce4	01e23b33	sltu	x22,x4,x30	  x4:0x00000000 x30:0x00000005 x22=0x00000001
       53745000	      5275	80008ce8	0001	c.addi	x0,0	  x0:0x00000000  x0=0x00000000
       53755000	      5276	80008cea	00f14a33	xor	x20,x2,x15	  x2:0x00000001 x15:0xffffffff x20=0xfffffffe
       53765000	      5277	80008cee	07e1	c.addi	x15,24	 x15:0xffffffff x15=0x00000017
       53775000	      5278	80008cf0	01c948b3	xor	x17,x18,x28	 x18:0x00000005 x28:0x00000000 x17=0x00000005
       53785000	      5279	80008cf4	86d5	c.srai	x13,0x15	 x13:0x09740000 x13=0x0000004b
       53795000	      5280	80008cf6	0001	c.addi	x0,0	  x0:0x00000000  x0=0x00000000
       53805000	      5281	80008cf8	41575413	srai	x8,x14,0x15	 x14:0xffffffff  x8=0xffffffff
       53815000	      5282	80008cfc	0150c533	xor	x10,x1,x21	  x1:0x00010004 x21:0x00000013 x10=0x00010017
       53825000	      5283	80008d00	00ff6c63	bltu	x30,x15,80008d18	 x30:0x00000005 x15:0x00000017
       53845000	      5285	80008d18	49388913	addi	x18,x17,1171	 x17:0x00000005 x18=0x00000498
       53855000	      5286	80008d1c	40a48b33	sub	x22,x9,x10	  x9:0x00000000 x10:0x00010017 x22=0xfffeffe9
       53865000	      5287	80008d20	e211	c.bnez	x12,80008d24	 x12:0x00000000
       53875000	      5288	80008d22	0001	c.addi	x0,0	  x0:0x00000000  x0=0x00000000
       53885000	      5289	80008d24	00027a33	and	x20,x4,x0	  x4:0x00000000  x0:0x00000000 x20=0x00000000
       53895000	      5290	80008d28	01fcf433	and	x8,x25,x31	 x25:0x00000012 x31:0x34b30896  x8=0x00000012
       53905000	      5291	80008d2c	8c8d	c.sub	x9,x11	  x9:0x00000000 x11:0x00000013  x9=0xffffffed
       53915000	      5292	80008d2e	8e31	c.xor	x12,x12	 x12:0x00000000 x12:0x00000000 x12=0x00000000
       53925000	      5293	80008d30	71a60a13	addi	x20,x12,1818	 x12:0x00000000 x20=0x0000071a
       53935000	      5294	80008d34	615d	c.addi16sp	x2,432	  x2:0x00000001  x2=0x000001b1
       53975000	      5298	80008d36	03c7b1b3	mulhu	x3,x15,x28	 x15:0x00000017 x28:0x00000000  x3=0x00000000
       53985000	      5299	80008d3a	414b86b3	sub	x13,x23,x20	 x23:0x00000000 x20:0x0000071a x13=0xfffff8e6
       54025000	      5303	80008d3e	028da1b3	mulhsu	x3,x27,x8	 x27:0x00000000  x8:0x00000012  x3=0x00000000
       54035000	      5304	80008d42	01fa2fb3	slt	x31,x20,x31	 x20:0x0000071a x31:0x34b30896 x31=0x00000001
       54045000	      5305	80008d46	8955	c.andi	x10,21	 x10:0x00010017 x10=0x00000015
       54055000	      5306	80008d48	00216eb3	or	x29,x2,x2	  x2:0x000001b1  x2:0x000001b1 x29=0x000001b1
       54065000	      5307	80008d4c	8e91	c.sub	x13,x12	 x13:0xfffff8e6 x12:0x00000000 x13=0xfffff8e6
       54075000	      5308	80008d4e	4771	c.li	x14,28	 x14=0x0000001c
       54085000	      5309	80008d50	9a0a	c.add	x20,x2	 x20:0x0000071a  x2:0x000001b1 x20=0x000008cb
       54455000	      5346	80008d52	03feee33	rem	x28,x29,x31	 x29:0x000001b1 x31:0x00000001 x28=0x00000000
       54465000	      5347	80008d56	7448b093	sltiu	x1,x17,1860	 x17:0x00000005  x1=0x00000001
       54475000	      5348	80008d5a	04e35363	bge	x6,x14,80008da0	  x6:0xffffffff x14:0x0000001c
       54485000	      5349	80008d5e	34035df3	csrrwi	x27,mscratch,6	 x27=0x00000011
       54495000	      5350	80008d62	9d9e	c.add	x27,x7	 x27:0x00000011  x7:0xfaeb9c09 x27=0xfaeb9c1a
       54505000	      5351	80008d64	40765f13	srai	x30,x12,0x7	 x12:0x00000000 x30=0x00000000
       54545000	      5355	80008d68	02d1ba33	mulhu	x20,x3,x13	  x3:0x00000000 x13:0xfffff8e6 x20=0x00000000
       54555000	      5356	80008d6c	70078e93	addi	x29,x15,1792	 x15:0x00000017 x29=0x00000717
       54565000	      5357	80008d70	0000100f	fence.i	
       54585000	      5359	80008d74	001f9f13	slli	x30,x31,0x1	 x31:0x00000001 x30=0x00000002
       54595000	      5360	80008d78	01549f13	slli	x30,x9,0x15	  x9:0xffffffed x30=0xfda00000
       54605000	      5361	80008d7c	01ffc2b3	xor	x5,x31,x31	 x31:0x00000001 x31:0x00000001  x5=0x00000000
       54645000	      5365	80008d80	03bd1e33	mulh	x28,x26,x27	 x26:0x80025ce4 x27:0xfaeb9c1a x28=0x028a25f2
       54655000	      5366	80008d84	340072f3	csrrci	x5,mscratch,0	  x5=0x00000006
       54665000	      5367	80008d88	50fd	c.li	x1,-1	  x1=0xffffffff
       54675000	      5368	80008d8a	01780d63	beq	x16,x23,80008da4	 x16:0x0000001d x23:0x00000000
       54685000	      5369	80008d8e	0016f133	and	x2,x13,x1	 x13:0xfffff8e6  x1:0xffffffff  x2=0xfffff8e6
       54695000	      5370	80008d92	0134cf33	xor	x30,x9,x19	  x9:0xffffffed x19:0x80021e0c x30=0x7ffde1e1
       54705000	      5371	80008d96	34092973	csrrs	x18,mscratch,x18	 x18:0x00000498 x18=0x00000006
       54715000	      5372	80008d9a	826d	c.srli	x12,0x1b	 x12:0x00000000 x12=0x00000000
       54725000	      5373	80008d9c	9c077c13	andi	x24,x14,-1600	 x14:0x0000001c x24=0x00000000
       54735000	      5374	80008da0	34007df3	csrrci	x27,mscratch,0	 x27=0x0000049e
       54745000	      5375	80008da4	a07a3297	auipc	x5,0xa07a3	  x5=0x207abda4
       54755000	      5376	80008da8	4141ddb3	sra	x27,x3,x20	  x3:0x00000000 x20:0x00000000 x27=0x00000000
       54765000	      5377	80008dac	56bcce13	xori	x28,x25,1387	 x25:0x00000012 x28=0x00000579
       54775000	      5378	80008db0	8b842593	slti	x11,x8,-1864	  x8:0x00000012 x11=0x00000000
       55145000	      5415	80008db4	021966b3	rem	x13,x18,x1	 x18:0x00000006  x1:0xffffffff x13=0x00000000
       55155000	      5416	80008db8	874d	c.srai	x14,0x13	 x14:0x0000001c x14=0x00000000
       55525000	      5453	80008dba	03944833	div	x16,x8,x25	  x8:0x00000012 x25:0x00000012 x16=0x00000001
       55895000	      5490	80008dbe	02fd7433	remu	x8,x26,x15	 x26:0x80025ce4 x15:0x00000017  x8=0x00000016
       55905000	      5491	80008dc2	8dd9	c.or	x11,x14	 x11:0x00000000 x14:0x00000000 x11=0x00000000
       55915000	      5492	80008dc4	01745a63	bge	x8,x23,80008dd8	  x8:0x00000016 x23:0x00000000
       55935000	      5494	80008dd8	015a1a33	sll	x20,x20,x21	 x20:0x00000000 x21:0x00000013 x20=0x00000000
       55945000	      5495	80008ddc	13b0abb7	lui	x23,0x13b0a	 x23=0x13b0a000
       55955000	      5496	80008de0	c999	c.beqz	x11,80008df6	 x11:0x00000000
       55975000	      5498	80008df6	ce0d	c.beqz	x12,80008e30	 x12:0x00000000
       55995000	      5500	80008e30	34007ef3	csrrci	x29,mscratch,0	 x29=0x0000049e
       56005000	      5501	80008e34	001a0fb3	add	x31,x20,x1	 x20:0x00000000  x1:0xffffffff x31=0xffffffff
       56015000	      5502	80008e38	00f7e833	or	x16,x15,x15	 x15:0x00000017 x15:0x00000017 x16=0x00000017
       56025000	      5503	80008e3c	01a7d0b3	srl	x1,x15,x26	 x15:0x00000017 x26:0x80025ce4  x1=0x00000001
       56035000	      5504	80008e40	8cb9	c.xor	x9,x14	  x9:0xffffffed x14:0x00000000  x9=0xffffffed
       56065000	      5507	80008e42	039e0433	mul	x8,x28,x25	 x28:0x00000579 x25:0x00000012  x8=0x00006282
       56075000	      5508	80008e46	c53bbe13	sltiu	x28,x23,-941	 x23:0x13b0a000 x28=0x00000001
       56085000	      5509	80008e4a	e701	c.bnez	x14,80008e52	 x14:0x00000000
       56095000	      5510	80008e4c	1d3ac713	xori	x14,x21,467	 x21:0x00000013 x14=0x000001c0
       56105000	      5511	80008e50	e28d	c.bnez	x13,80008e72	 x13:0x00000000
       56115000	      5512	80008e52	1480	c.addi4spn	x8,x2,608	  x8=0xfffffb46
       56125000	      5513	80008e54	0106e133	or	x2,x13,x16	 x13:0x00000000 x16:0x00000017  x2=0x00000017
       56135000	      5514	80008e58	4069d233	sra	x4,x19,x6	 x19:0x80021e0c  x6:0xffffffff  x4=0xffffffff
       56165000	      5517	80008e5c	03b98f33	mul	x30,x19,x27	 x19:0x80021e0c x27:0x00000000 x30=0x00000000
       56175000	      5518	80008e60	340576f3	csrrci	x13,mscratch,10	 x13=0x0000049e
       56185000	      5519	80008e64	34007e73	csrrci	x28,mscratch,0	 x28=0x00000494
       56195000	      5520	80008e68	02e76463	bltu	x14,x14,80008e90	 x14:0x000001c0 x14:0x000001c0
       56205000	      5521	80008e6c	e0686513	ori	x10,x16,-506	 x16:0x00000017 x10=0xfffffe17
       56215000	      5522	80008e70	8321	c.srli	x14,0x8	 x14:0x000001c0 x14=0x00000001
       56225000	      5523	80008e72	17d74c13	xori	x24,x14,381	 x14:0x00000001 x24=0x0000017c
       56235000	      5524	80008e76	9c6e	c.add	x24,x27	 x24:0x0000017c x27:0x00000000 x24=0x0000017c
       56245000	      5525	80008e78	00d672b3	and	x5,x12,x13	 x12:0x00000000 x13:0x0000049e  x5=0x00000000
       56255000	      5526	80008e7c	0001	c.addi	x0,0	  x0:0x00000000  x0=0x00000000
       56265000	      5527	80008e7e	00bde7b3	or	x15,x27,x11	 x27:0x00000000 x11:0x00000000 x15=0x00000000
       56275000	      5528	80008e82	9136	c.add	x2,x13	  x2:0x00000017 x13:0x0000049e  x2=0x000004b5
       56285000	      5529	80008e84	01229813	slli	x16,x5,0x12	  x5:0x00000000 x16=0x00000000
       56295000	      5530	80008e88	001d40b3	xor	x1,x26,x1	 x26:0x80025ce4  x1:0x00000001  x1=0x80025ce5
       56305000	      5531	80008e8c	0186ddb3	srl	x27,x13,x24	 x13:0x0000049e x24:0x0000017c x27=0x00000000
       56315000	      5532	80008e90	9247b813	sltiu	x16,x15,-1756	 x15:0x00000000 x16=0x00000001
       56325000	      5533	80008e94	8589	c.srai	x11,0x2	 x11:0x00000000 x11=0x00000000
       56335000	      5534	80008e96	419adc13	srai	x24,x21,0x19	 x21:0x00000013 x24=0x00000000
       56345000	      5535	80008e9a	026dd363	bge	x27,x6,80008ec0	 x27:0x00000000  x6:0xffffffff
       56365000	      5537	80008ec0	34007273	csrrci	x4,mscratch,0	  x4=0x00000494
       56375000	      5538	80008ec4	58017693	andi	x13,x2,1408	  x2:0x000004b5 x13=0x00000480
       56385000	      5539	80008ec8	009bb733	sltu	x14,x23,x9	 x23:0x13b0a000  x9:0xffffffed x14=0x00000001
       56755000	      5576	80008ecc	03d2d533	divu	x10,x5,x29	  x5:0x00000000 x29:0x0000049e x10=0x00000000
       56765000	      5577	80008ed0	34002873	csrrs	x16,mscratch,x0	  x0:0x00000000 x16=0x00000494
       57135000	      5614	80008ed4	02196133	rem	x2,x18,x1	 x18:0x00000006  x1:0x80025ce5  x2=0x00000006
       57145000	      5615	80008ed8	0ff0000f	fence	iorw,iorw	
       57155000	      5616	80008edc	40128e33	sub	x28,x5,x1	  x5:0x00000000  x1:0x80025ce5 x28=0x7ffda31b
       57165000	      5617	80008ee0	6751	c.lui	x14,0x14	 x14=0x00014000
       57175000	      5618	80008ee2	40e05193	srai	x3,x0,0xe	  x0:0x00000000  x3=0x00000000
       57185000	      5619	80008ee6	0058bc33	sltu	x24,x17,x5	 x17:0x00000005  x5:0x00000000 x24=0x00000000
       57555000	      5656	80008eea	03a3f433	remu	x8,x7,x26	  x7:0xfaeb9c09 x26:0x80025ce4  x8=0x7ae93f25
       57565000	      5657	80008eee	5ae6bb93	sltiu	x23,x13,1454	 x13:0x00000480 x23=0x00000001
       57935000	      5694	80008ef2	03104cb3	div	x25,x0,x17	  x0:0x00000000 x17:0x00000005 x25=0x00000000
       57945000	      5695	80008ef6	4098de33	sra	x28,x17,x9	 x17:0x00000005  x9:0xffffffed x28=0x00000000
       57955000	      5696	80008efa	340078f3	csrrci	x17,mscratch,0	 x17=0x00000494
       57965000	      5697	80008efe	3401eaf3	csrrsi	x21,mscratch,3	 x21=0x00000494
       57975000	      5698	80008f02	0aa81517	auipc	x10,0xaa81	 x10=0x8aa89f02
       57985000	      5699	80008f06	00e49633	sll	x12,x9,x14	  x9:0xffffffed x14:0x00014000 x12=0xffffffed
       57995000	      5700	80008f0a	00d69663	bne	x13,x13,80008f16	 x13:0x00000480 x13:0x00000480
       58005000	      5701	80008f0e	41da8fb3	sub	x31,x21,x29	 x21:0x00000494 x29:0x0000049e x31=0xfffffff6
       58015000	      5702	80008f12	404f8033	sub	x0,x31,x4	 x31:0xfffffff6  x4:0x00000494  x0=0x00000000
       58025000	      5703	80008f16	41d906b3	sub	x13,x18,x29	 x18:0x00000006 x29:0x0000049e x13=0xfffffb68
       58035000	      5704	80008f1a	340d54f3	csrrwi	x9,mscratch,26	  x9=0x00000497
       58045000	      5705	80008f1e	08fe	c.slli	x17,0x1f	 x17:0x00000494 x17=0x00000000
       58055000	      5706	80008f20	03345f63	bge	x8,x19,80008f5e	  x8:0x7ae93f25 x19:0x80021e0c
       58075000	      5708	80008f5e	6b41	c.lui	x22,0x10	 x22=0x00010000
       58085000	      5709	80008f60	8c21	c.xor	x8,x8	  x8:0x7ae93f25  x8:0x7ae93f25  x8=0x00000000
       58095000	      5710	80008f62	ee1d	c.bnez	x12,80008fa0	 x12:0xffffffed
       58145000	      5715	80008fa0	03b490b3	mulh	x1,x9,x27	  x9:0x00000497 x27:0x00000000  x1=0x00000000
       58155000	      5716	80008fa4	13ffcab7	lui	x21,0x13ffc	 x21=0x13ffc000
       58165000	      5717	80008fa8	016f9a93	slli	x21,x31,0x16	 x31:0xfffffff6 x21=0xfd800000
       58175000	      5718	80008fac	340032f3	csrrc	x5,mscratch,x0	  x0:0x00000000  x5=0x0000001a
       58545000	      5755	80008fb0	02dd7f33	remu	x30,x26,x13	 x26:0x80025ce4 x13:0xfffffb68 x30=0x80025ce4
       58555000	      5756	80008fb4	03427a63	bgeu	x4,x20,80008fe8	  x4:0x00000494 x20:0x00000000
       58575000	      5758	80008fe8	8fa5	c.xor	x15,x9	 x15:0x00000000  x9:0x00000497 x15=0x00000497
       58585000	      5759	80008fea	6fe5	c.lui	x31,0x19	 x31=0x00019000
       58595000	      5760	80008fec	00b80863	beq	x16,x11,80008ffc	 x16:0x00000494 x11:0x00000000
       58605000	      5761	80008ff0	8d65	c.and	x10,x9	 x10:0x8aa89f02  x9:0x00000497 x10=0x00000402
       58615000	      5762	80008ff2	01ab9533	sll	x10,x23,x26	 x23:0x00000001 x26:0x80025ce4 x10=0x00000010
       58625000	      5763	80008ff6	097d	c.addi	x18,31	 x18:0x00000006 x18=0x00000025
       58635000	      5764	80008ff8	340b6273	csrrsi	x4,mscratch,22	  x4=0x0000001a
       58645000	      5765	80008ffc	00054633	xor	x12,x10,x0	 x10:0x00000010  x0:0x00000000 x12=0x00000010
       58655000	      5766	80009000	05372597	auipc	x11,0x5372	 x11=0x8537b000
       58665000	      5767	80009004	8b4d	c.andi	x14,19	 x14:0x00014000 x14=0x00000000
       58675000	      5768	80009006	40cc8b33	sub	x22,x25,x12	 x25:0x00000000 x12:0x00000010 x22=0xfffffff0
       59045000	      5805	8000900a	0243e1b3	rem	x3,x7,x4	  x7:0xfaeb9c09  x4:0x0000001a  x3=0xfffffff9
       59055000	      5806	8000900e	00785313	srli	x6,x16,0x7	 x16:0x00000494  x6=0x00000009
       59065000	      5807	80009012	4d837537	lui	x10,0x4d837	 x10=0x4d837000
       59075000	      5808	80009016	0001	c.addi	x0,0	  x0:0x00000000  x0=0x00000000
       59085000	      5809	80009018	0082beb3	sltu	x29,x5,x8	  x5:0x0000001a  x8:0x00000000 x29=0x00000000
       59095000	      5810	8000901c	01754e33	xor	x28,x10,x23	 x10:0x4d837000 x23:0x00000001 x28=0x4d837001
       59105000	      5811	80009020	8e81	c.sub	x13,x8	 x13:0xfffffb68  x8:0x00000000 x13=0xfffffb68
       59115000	      5812	80009022	4295	c.li	x5,5	  x5=0x00000005
       59125000	      5813	80009024	0001	c.addi	x0,0	  x0:0x00000000  x0=0x00000000
       59135000	      5814	80009026	3403b6f3	csrrc	x13,mscratch,x7	  x7:0xfaeb9c09 x13=0x0000001e
       59145000	      5815	8000902a	014e1033	sll	x0,x28,x20	 x28:0x4d837001 x20:0x00000000  x0=0x00000000
       59155000	      5816	8000902e	00510263	beq	x2,x5,80009032	  x2:0x00000006  x5:0x00000005
       59165000	      5817	80009032	8fa5	c.xor	x15,x9	 x15:0x00000497  x9:0x00000497 x15=0x00000000
       59175000	      5818	80009034	a5696a93	ori	x21,x18,-1450	 x18:0x00000025 x21=0xfffffa77
       59215000	      5822	80009038	03e8bc33	mulhu	x24,x17,x30	 x17:0x00000000 x30:0x80025ce4 x24=0x00000000
       59225000	      5823	8000903c	004e1293	slli	x5,x28,0x4	 x28:0x4d837001  x5=0xd8370010
       59235000	      5824	80009040	e389	c.bnez	x15,80009042	 x15:0x00000000
       59245000	      5825	80009042	8f91	c.sub	x15,x12	 x15:0x00000000 x12:0x00000010 x15=0xfffffff0
       59255000	      5826	80009044	0e6e	c.slli	x28,0x1b	 x28:0x4d837001 x28=0x08000000
       59265000	      5827	80009046	cb99	c.beqz	x15,8000905c	 x15:0xfffffff0
       59275000	      5828	80009048	340e1c73	csrrw	x24,mscratch,x28	 x28:0x08000000 x24=0x00000016
       59285000	      5829	8000904c	03ed7c63	bgeu	x26,x30,80009084	 x26:0x80025ce4 x30:0x80025ce4
       59665000	      5867	80009084	0368f1b3	remu	x3,x17,x22	 x17:0x00000000 x22:0xfffffff0  x3=0x00000000
       59705000	      5871	80009088	028e3833	mulhu	x16,x28,x8	 x28:0x08000000  x8:0x00000000 x16=0x00000000
       59715000	      5872	8000908c	00b7cb33	xor	x22,x15,x11	 x15:0xfffffff0 x11:0x8537b000 x22=0x7ac84ff0
       59725000	      5873	80009090	8c4d	c.or	x8,x11	  x8:0x00000000 x11:0x8537b000  x8=0x8537b000
       59735000	      5874	80009092	0000100f	fence.i	
       59755000	      5876	80009096	8cbd	c.xor	x9,x15	  x9:0x00000497 x15:0xfffffff0  x9=0xfffffb67
       59785000	      5879	80009098	02910f33	mul	x30,x2,x9	  x2:0x00000006  x9:0xfffffb67 x30=0xffffe46a
       59795000	      5880	8000909c	007e9613	slli	x12,x29,0x7	 x29:0x00000000 x12=0x00000000
       59805000	      5881	800090a0	40a45fb3	sra	x31,x8,x10	  x8:0x8537b000 x10:0x4d837000 x31=0x8537b000
       59815000	      5882	800090a4	02ef4063	blt	x30,x14,800090c4	 x30:0xffffe46a x14:0x00000000
       59835000	      5884	800090c4	400358b3	sra	x17,x6,x0	  x6:0x00000009  x0:0x00000000 x17=0x00000009
       59875000	      5888	800090c8	03949933	mulh	x18,x9,x25	  x9:0xfffffb67 x25:0x00000000 x18=0x00000000
       59915000	      5892	800090cc	024797b3	mulh	x15,x15,x4	 x15:0xfffffff0  x4:0x0000001a x15=0xffffffff
       59925000	      5893	800090d0	6119	c.addi16sp	x2,384	  x2:0x00000006  x2=0x00000186
       59965000	      5897	800090d2	02d32033	mulhsu	x0,x6,x13	  x6:0x00000009 x13:0x0000001e  x0=0x00000000
       59975000	      5898	800090d6	8ded	c.and	x11,x11	 x11:0x8537b000 x11:0x8537b000 x11=0x8537b000
       59985000	      5899	800090d8	67c0f413	andi	x8,x1,1660	  x1:0x00000000  x8=0x00000000
       59995000	      5900	800090dc	e011	c.bnez	x8,800090e0	  x8:0x00000000
       60005000	      5901	800090de	717d	c.addi16sp	x2,-16	  x2:0x00000186  x2=0x00000176
       60015000	      5902	800090e0	009afbb3	and	x23,x21,x9	 x21:0xfffffa77  x9:0xfffffb67 x23=0xfffffa67
       60025000	      5903	800090e4	c189	c.beqz	x11,800090e6	 x11:0x8537b000
       60035000	      5904	800090e6	804d	c.srli	x8,0x13	  x8:0x00000000  x8=0x00000000
       60045000	      5905	800090e8	03cc8b63	beq	x25,x28,8000911e	 x25:0x00000000 x28:0x08000000
       60055000	      5906	800090ec	8309	c.srli	x14,0x2	 x14:0x00000000 x14=0x00000000
       60065000	      5907	800090ee	987d	c.andi	x8,-1	  x8:0x00000000  x8=0x00000000
       60075000	      5908	800090f0	407dd593	srai	x11,x27,0x7	 x27:0x00000000 x11=0x00000000
       60085000	      5909	800090f4	16166693	ori	x13,x12,353	 x12:0x00000000 x13=0x00000161
       60095000	      5910	800090f8	8d55	c.or	x10,x13	 x10:0x4d837000 x13:0x00000161 x10=0x4d837161
       60105000	      5911	800090fa	0001	c.addi	x0,0	  x0:0x00000000  x0=0x00000000
       60115000	      5912	800090fc	e299	c.bnez	x13,80009102	 x13:0x00000161
       60145000	      5915	80009102	04be0163	beq	x28,x11,80009144	 x28:0x08000000 x11:0x00000000
       60185000	      5919	80009106	02709fb3	mulh	x31,x1,x7	  x1:0x00000000  x7:0xfaeb9c09 x31=0x00000000
       60225000	      5923	8000910a	02911833	mulh	x16,x2,x9	  x2:0x00000176  x9:0xfffffb67 x16=0xffffffff
       60235000	      5924	8000910e	0001	c.addi	x0,0	  x0:0x00000000  x0=0x00000000
       60275000	      5928	80009110	031f2833	mulhsu	x16,x30,x17	 x30:0xffffe46a x17:0x00000009 x16=0xffffffff
       60285000	      5929	80009114	03264463	blt	x12,x18,8000913c	 x12:0x00000000 x18:0x00000000
       60295000	      5930	80009118	8e75	c.and	x12,x13	 x12:0x00000000 x13:0x00000161 x12=0x00000000
       60305000	      5931	8000911a	34095673	csrrwi	x12,mscratch,18	 x12=0x08000000
       60315000	      5932	8000911e	0001	c.addi	x0,0	  x0:0x00000000  x0=0x00000000
       60325000	      5933	80009120	8fb1	c.xor	x15,x12	 x15:0xffffffff x12:0x08000000 x15=0xf7ffffff
       60335000	      5934	80009122	41fc5eb3	sra	x29,x24,x31	 x24:0x00000016 x31:0x00000000 x29=0x00000016
       60345000	      5935	80009126	018412b3	sll	x5,x8,x24	  x8:0x00000000 x24:0x00000016  x5=0x00000000
       60355000	      5936	8000912a	6109	c.addi16sp	x2,128	  x2:0x00000176  x2=0x000001f6
       60365000	      5937	8000912c	003acc33	xor	x24,x21,x3	 x21:0xfffffa77  x3:0x00000000 x24=0xfffffa77
       60385000	      5939	80009130	0210e833	rem	x16,x1,x1	  x1:0x00000000  x1:0x00000000 x16=0x00000000
       60415000	      5942	80009134	037a8c33	mul	x24,x21,x23	 x21:0xfffffa77 x23:0xfffffa67 x24=0x001efbe1
       60425000	      5943	80009138	daf00db7	lui	x27,0xdaf00	 x27=0xdaf00000
       60435000	      5944	8000913c	01479e63	bne	x15,x20,80009158	 x15:0xf7ffffff x20:0x00000000
       60455000	      5946	80009158	0010b8b3	sltu	x17,x1,x1	  x1:0x00000000  x1:0x00000000 x17=0x00000000
       60465000	      5947	8000915c	340062f3	csrrsi	x5,mscratch,0	  x5=0x00000012
       60475000	      5948	80009160	02865263	bge	x12,x8,80009184	 x12:0x08000000  x8:0x00000000
       60495000	      5950	80009184	029d	c.addi	x5,7	  x5:0x00000012  x5=0x00000019
       60505000	      5951	80009186	01caab33	slt	x22,x21,x28	 x21:0xfffffa77 x28:0x08000000 x22=0x00000001
       60875000	      5988	8000918a	036ee233	rem	x4,x29,x22	 x29:0x00000016 x22:0x00000001  x4=0x00000000
       60885000	      5989	8000918e	40da0533	sub	x10,x20,x13	 x20:0x00000000 x13:0x00000161 x10=0xfffffe9f
       60895000	      5990	80009192	0001	c.addi	x0,0	  x0:0x00000000  x0=0x00000000
       60905000	      5991	80009194	8479	c.srai	x8,0x1e	  x8:0x00000000  x8=0x00000000
       60915000	      5992	80009196	921a	c.add	x4,x6	  x4:0x00000000  x6:0x00000009  x4=0x00000009
       60925000	      5993	80009198	8cd1	c.or	x9,x12	  x9:0xfffffb67 x12:0x08000000  x9=0xfffffb67
       60935000	      5994	8000919a	01a11f33	sll	x30,x2,x26	  x2:0x000001f6 x26:0x80025ce4 x30=0x00001f60
       60945000	      5995	8000919e	340776f3	csrrci	x13,mscratch,14	 x13=0x00000012
       60965000	      5997	800091a2	031dfa33	remu	x20,x27,x17	 x27:0xdaf00000 x17:0x00000000 x20=0xdaf00000
       60975000	      5998	800091a6	3403a773	csrrs	x14,mscratch,x7	  x7:0xfaeb9c09 x14=0x00000010
       60985000	      5999	800091aa	0308	c.addi4spn	x10,x2,384	 x10=0x00000376
       60995000	      6000	800091ac	e28b8513	addi	x10,x23,-472	 x23:0xfffffa67 x10=0xfffff88f
       61005000	      6001	800091b0	51378813	addi	x16,x15,1299	 x15:0xf7ffffff x16=0xf8000512
       61015000	      6002	800091b4	b3648413	addi	x8,x9,-1226	  x9:0xfffffb67  x8=0xfffff69d
       61025000	      6003	800091b8	00d0b4b3	sltu	x9,x1,x13	  x1:0x00000000 x13:0x00000012  x9=0x00000001
       61035000	      6004	800091bc	6e7d	c.lui	x28,0x1f	 x28=0x0001f000
       61045000	      6005	800091be	ee9d	c.bnez	x13,800091fc	 x13:0x00000012
       61065000	      6007	800091fc	01248db3	add	x27,x9,x18	  x9:0x00000001 x18:0x00000000 x27=0x00000001
       61075000	      6008	80009200	01ea3533	sltu	x10,x20,x30	 x20:0xdaf00000 x30:0x00001f60 x10=0x00000000
       61085000	      6009	80009204	8eb9	c.xor	x13,x14	 x13:0x00000012 x14:0x00000010 x13=0x00000002
       61125000	      6013	80009206	03743333	mulhu	x6,x8,x23	  x8:0xfffff69d x23:0xfffffa67  x6=0xfffff104
       61135000	      6014	8000920a	01ecd233	srl	x4,x25,x30	 x25:0x00000000 x30:0x00001f60  x4=0x00000000
       61145000	      6015	8000920e	4086d093	srai	x1,x13,0x8	 x13:0x00000002  x1=0x00000000
       61155000	      6016	80009212	41448a33	sub	x20,x9,x20	  x9:0x00000001 x20:0xdaf00000 x20=0x25100001
       61165000	      6017	80009216	cc8d	c.beqz	x9,80009250	  x9:0x00000001
       61175000	      6018	80009218	41e054b3	sra	x9,x0,x30	  x0:0x00000000 x30:0x00001f60  x9=0x00000000
       61545000	      6055	8000921c	03c7ee33	rem	x28,x15,x28	 x15:0xf7ffffff x28:0x0001f000 x28=0xffffefff
       61555000	      6056	80009220	01a930b3	sltu	x1,x18,x26	 x18:0x00000000 x26:0x80025ce4  x1=0x00000001
       61565000	      6057	80009224	00a77d63	bgeu	x14,x10,8000923e	 x14:0x00000010 x10:0x00000000
       61595000	      6060	8000923e	7cc3ed93	ori	x27,x7,1996	  x7:0xfaeb9c09 x27=0xfaeb9fcd
       61605000	      6061	80009242	48cd	c.li	x17,19	 x17=0x00000013
       61615000	      6062	80009244	cd54bf97	auipc	x31,0xcd54b	 x31=0x4d554244
       61625000	      6063	80009248	34051cf3	csrrw	x25,mscratch,x10	 x10:0x00000000 x25=0xfaeb9c19
       61655000	      6066	8000924c	03fe8533	mul	x10,x29,x31	 x29:0x00000016 x31:0x4d554244 x10=0xa553b1d8
       61665000	      6067	80009250	05f60063	beq	x12,x31,80009290	 x12:0x08000000 x31:0x4d554244
       61675000	      6068	80009254	4f89d1b7	lui	x3,0x4f89d	  x3=0x4f89d000
       61685000	      6069	80009258	014021b3	slt	x3,x0,x20	  x0:0x00000000 x20:0x25100001  x3=0x00000001
       61695000	      6070	8000925c	8cb5	c.xor	x9,x13	  x9:0x00000000 x13:0x00000002  x9=0x00000002
       61705000	      6071	8000925e	039b0563	beq	x22,x25,80009288	 x22:0x00000001 x25:0xfaeb9c19
       62075000	      6108	80009262	03bdecb3	rem	x25,x27,x27	 x27:0xfaeb9fcd x27:0xfaeb9fcd x25=0x00000000
       62085000	      6109	80009266	88f9	c.andi	x9,30	  x9:0x00000002  x9=0x00000002
       62095000	      6110	80009268	717d	c.addi16sp	x2,-16	  x2:0x000001f6  x2=0x000001e6
       62105000	      6111	8000926a	34002ef3	csrrs	x29,mscratch,x0	  x0:0x00000000 x29=0x00000000
       62115000	      6112	8000926e	0776	c.slli	x14,0x1d	 x14:0x00000010 x14=0x00000000
       62125000	      6113	80009270	01daefb3	or	x31,x21,x29	 x21:0xfffffa77 x29:0x00000000 x31=0xfffffa77
       62135000	      6114	80009274	c801	c.beqz	x8,80009284	  x8:0xfffff69d
       62145000	      6115	80009276	0001	c.addi	x0,0	  x0:0x00000000  x0=0x00000000
       62155000	      6116	80009278	404b6893	ori	x17,x22,1028	 x22:0x00000001 x17=0x00000405
       62165000	      6117	8000927c	00705813	srli	x16,x0,0x7	  x0:0x00000000 x16=0x00000000
       62175000	      6118	80009280	0030f6b3	and	x13,x1,x3	  x1:0x00000001  x3:0x00000001 x13=0x00000001
       62185000	      6119	80009284	2267bc13	sltiu	x24,x15,550	 x15:0xf7ffffff x24=0x00000000
       62195000	      6120	80009288	d0a00213	addi	x4,x0,-758	  x0:0x00000000  x4=0xfffffd0a
       62205000	      6121	8000928c	00e3dcb3	srl	x25,x7,x14	  x7:0xfaeb9c09 x14:0x00000000 x25=0xfaeb9c09
       62215000	      6122	80009290	00ac56b3	srl	x13,x24,x10	 x24:0x00000000 x10:0xa553b1d8 x13=0x00000000
       62225000	      6123	80009294	340ebc73	csrrc	x24,mscratch,x29	 x29:0x00000000 x24=0x00000000
       62235000	      6124	80009298	0027d113	srli	x2,x15,0x2	 x15:0xf7ffffff  x2=0x3dffffff
       62245000	      6125	8000929c	019184b3	add	x9,x3,x25	  x3:0x00000001 x25:0xfaeb9c09  x9=0xfaeb9c0a
       62255000	      6126	800092a0	03349163	bne	x9,x19,800092c2	  x9:0xfaeb9c0a x19:0x80021e0c
       62285000	      6129	800092c2	007e4233	xor	x4,x28,x7	 x28:0xffffefff  x7:0xfaeb9c09  x4=0x051473f6
       62295000	      6130	800092c6	4fb9	c.li	x31,14	 x31=0x0000000e
       62305000	      6131	800092c8	8f69	c.and	x14,x10	 x14:0x00000000 x10:0xa553b1d8 x14=0x00000000
       62675000	      6168	800092ca	03e442b3	div	x5,x8,x30	  x8:0xfffff69d x30:0x00001f60  x5=0x00000000
       62685000	      6169	800092ce	410fd933	sra	x18,x31,x16	 x31:0x0000000e x16:0x00000000 x18=0x0000000e
       62695000	      6170	800092d2	888a	c.mv	x17,x2	  x0:0x00000000  x2:0x3dffffff x17=0x3dffffff
       62705000	      6171	800092d4	1a08	c.addi4spn	x10,x2,304	 x10=0x3e00012f
       62715000	      6172	800092d6	991a	c.add	x18,x6	 x18:0x0000000e  x6:0xfffff104 x18=0xfffff112
       62725000	      6173	800092d8	8cd6	c.mv	x25,x21	  x0:0x00000000 x21:0xfffffa77 x25=0xfffffa77
       62765000	      6177	800092da	036325b3	mulhsu	x11,x6,x22	  x6:0xfffff104 x22:0x00000001 x11=0xffffffff
       62775000	      6178	800092de	00e17a63	bgeu	x2,x14,800092f2	  x2:0x3dffffff x14:0x00000000
       62805000	      6181	800092f2	01a8d933	srl	x18,x17,x26	 x17:0x3dffffff x26:0x80025ce4 x18=0x03dfffff
       62815000	      6182	800092f6	34079373	csrrw	x6,mscratch,x15	 x15:0xf7ffffff  x6=0x00000000
       62825000	      6183	800092fa	6edcf117	auipc	x2,0x6edcf	  x2=0xeedd82fa
       62835000	      6184	800092fe	0ff0000f	fence	iorw,iorw	
       62845000	      6185	80009302	0192a6b3	slt	x13,x5,x25	  x5:0x00000000 x25:0xfffffa77 x13=0x00000000
       62855000	      6186	80009306	0001	c.addi	x0,0	  x0:0x00000000  x0=0x00000000
       62865000	      6187	80009308	8826	c.mv	x16,x9	  x0:0x00000000  x9:0xfaeb9c0a x16=0xfaeb9c0a
       62875000	      6188	8000930a	93338713	addi	x14,x7,-1741	  x7:0xfaeb9c09 x14=0xfaeb953c
       62885000	      6189	8000930e	285f0813	addi	x16,x30,645	 x30:0x00001f60 x16=0x000021e5
       62895000	      6190	80009312	007edc63	bge	x29,x7,8000932a	 x29:0x00000000  x7:0xfaeb9c09
       62925000	      6193	8000932a	01b0e863	bltu	x1,x27,8000933a	  x1:0x00000001 x27:0xfaeb9fcd
       62955000	      6196	8000933a	01e3e563	bltu	x7,x30,80009344	  x7:0xfaeb9c09 x30:0x00001f60
       62965000	      6197	8000933e	9a62	c.add	x20,x24	 x20:0x25100001 x24:0x00000000 x20=0x25100001
       62975000	      6198	80009340	d0afb7b7	lui	x15,0xd0afb	 x15=0xd0afb000
       62985000	      6199	80009344	031c4c63	blt	x24,x17,8000937c	 x24:0x00000000 x17:0x3dffffff
       63005000	      6201	8000937c	014e	c.slli	x2,0x13	  x2:0xeedd82fa  x2=0x17d00000
       63015000	      6202	8000937e	6175	c.addi16sp	x2,368	  x2:0x17d00000  x2=0x17d00170
       63025000	      6203	80009380	4085d013	srai	x0,x11,0x8	 x11:0xffffffff  x0=0x00000000
       63035000	      6204	80009384	34007ff3	csrrci	x31,mscratch,0	 x31=0xf7ffffff
       63045000	      6205	80009388	0148cf33	xor	x30,x17,x20	 x17:0x3dffffff x20:0x25100001 x30=0x18effffe
       63055000	      6206	8000938c	01c06b63	bltu	x0,x28,800093a2	  x0:0x00000000 x28:0xffffefff
       63085000	      6209	800093a2	340eda73	csrrwi	x20,mscratch,29	 x20=0xf7ffffff
       63095000	      6210	800093a6	84cd	c.srai	x9,0x13	  x9:0xfaeb9c0a  x9=0xffffff5d
       63115000	      6212	800093a8	026d70b3	remu	x1,x26,x6	 x26:0x80025ce4  x6:0x00000000  x1=0x80025ce4
       63135000	      6214	800093ac	0250da33	divu	x20,x1,x5	  x1:0x80025ce4  x5:0x00000000 x20=0xffffffff
       63145000	      6215	800093b0	340da7f3	csrrs	x15,mscratch,x27	 x27:0xfaeb9fcd x15=0x0000001d
       63155000	      6216	800093b4	65e14413	xori	x8,x2,1630	  x2:0x17d00170  x8=0x17d0072e
       63165000	      6217	800093b8	9e0bf893	andi	x17,x23,-1568	 x23:0xfffffa67 x17=0xfffff860
       63535000	      6254	800093bc	02c3d433	divu	x8,x7,x12	  x7:0xfaeb9c09 x12:0x08000000  x8=0x0000001f
       63545000	      6255	800093c0	bf65c793	xori	x15,x11,-1034	 x11:0xffffffff x15=0x00000409
       63555000	      6256	800093c4	012910b3	sll	x1,x18,x18	 x18:0x03dfffff x18:0x03dfffff  x1=0x80000000
       63565000	      6257	800093c8	00127363	bgeu	x4,x1,800093ce	  x4:0x051473f6  x1:0x80000000
       63575000	      6258	800093cc	8e8d	c.sub	x13,x11	 x13:0x00000000 x11:0xffffffff x13=0x00000001
       63585000	      6259	800093ce	9132	c.add	x2,x12	  x2:0x17d00170 x12:0x08000000  x2=0x1fd00170
       63595000	      6260	800093d0	01a11a33	sll	x20,x2,x26	  x2:0x1fd00170 x26:0x80025ce4 x20=0xfd001700
       63605000	      6261	800093d4	01c7c133	xor	x2,x15,x28	 x15:0x00000409 x28:0xffffefff  x2=0xffffebf6
       63615000	      6262	800093d8	8ec5	c.or	x13,x9	 x13:0x00000001  x9:0xffffff5d x13=0xffffff5d
       63625000	      6263	800093da	8d29	c.xor	x10,x10	 x10:0x3e00012f x10:0x3e00012f x10=0x00000000
       63635000	      6264	800093dc	0ff0000f	fence	iorw,iorw	
       63645000	      6265	800093e0	0082ab33	slt	x22,x5,x8	  x5:0x00000000  x8:0x0000001f x22=0x00000001
       63655000	      6266	800093e4	0013ae33	slt	x28,x7,x1	  x7:0xfaeb9c09  x1:0x80000000 x28=0x00000000
       63665000	      6267	800093e8	8e81	c.sub	x13,x8	 x13:0xffffff5d  x8:0x0000001f x13=0xffffff3e
       63675000	      6268	800093ea	012cec33	or	x24,x25,x18	 x25:0xfffffa77 x18:0x03dfffff x24=0xffffffff
       63685000	      6269	800093ee	022f7d63	bgeu	x30,x2,80009428	 x30:0x18effffe  x2:0xffffebf6
       63695000	      6270	800093f2	3298f913	andi	x18,x17,809	 x17:0xfffff860 x18=0x00000020
       63705000	      6271	800093f6	7095c893	xori	x17,x11,1801	 x11:0xffffffff x17=0xfffff8f6
       63715000	      6272	800093fa	cd89	c.beqz	x11,80009414	 x11:0xffffffff
       63725000	      6273	800093fc	406cdeb3	sra	x29,x25,x6	 x25:0xfffffa77  x6:0x00000000 x29=0xfffffa77
       63735000	      6274	80009400	0ff0000f	fence	iorw,iorw	
       63745000	      6275	80009404	8205	c.srli	x12,0x1	 x12:0x08000000 x12=0x04000000
       63785000	      6279	80009406	02602f33	mulhsu	x30,x0,x6	  x0:0x00000000  x6:0x00000000 x30=0x00000000
       64155000	      6316	8000940a	0307f0b3	remu	x1,x15,x16	 x15:0x00000409 x16:0x000021e5  x1=0x00000409
       64165000	      6317	8000940e	019716b3	sll	x13,x14,x25	 x14:0xfaeb953c x25:0xfffffa77 x13=0x9e000000
       64175000	      6318	80009412	8589	c.srai	x11,0x2	 x11:0xffffffff x11=0xffffffff
       64185000	      6319	80009414	01411813	slli	x16,x2,0x14	  x2:0xffffebf6 x16=0xbf600000
       64555000	      6356	80009418	03734c33	div	x24,x6,x23	  x6:0x00000000 x23:0xfffffa67 x24=0x00000000
       64565000	      6357	8000941c	c599	c.beqz	x11,8000942a	 x11:0xffffffff
       64605000	      6361	8000941e	0346ae33	mulhsu	x28,x13,x20	 x13:0x9e000000 x20:0xfd001700 x28=0x9f25f732
       64615000	      6362	80009422	0001	c.addi	x0,0	  x0:0x00000000  x0=0x00000000
       64985000	      6399	80009424	039bf0b3	remu	x1,x23,x25	 x23:0xfffffa67 x25:0xfffffa77  x1=0xfffffa67
       64995000	      6400	80009428	8fd9	c.or	x15,x14	 x15:0x00000409 x14:0xfaeb953c x15=0xfaeb953d
       65005000	      6401	8000942a	34085f73	csrrwi	x30,mscratch,16	 x30=0xfaeb9fdd
       65015000	      6402	8000942e	8159	c.srli	x10,0x16	 x10:0x00000000 x10=0x00000000
       65025000	      6403	80009430	41c45813	srai	x16,x8,0x1c	  x8:0x0000001f x16=0x00000000
       65065000	      6407	80009434	02d0b633	mulhu	x12,x1,x13	  x1:0xfffffa67 x13:0x9e000000 x12=0x9dfffc8b
       65075000	      6408	80009438	0f91	c.addi	x31,4	 x31:0xf7ffffff x31=0xf8000003
       65085000	      6409	8000943a	0ffa	c.slli	x31,0x1e	 x31:0xf8000003 x31=0xc0000000
       65095000	      6410	8000943c	340076f3	csrrci	x13,mscratch,0	 x13=0x00000010
       65105000	      6411	80009440	3405d8f3	csrrwi	x17,mscratch,11	 x17=0x00000010
       65115000	      6412	80009444	cc0d	c.beqz	x8,8000947e	  x8:0x0000001f
       65125000	      6413	80009446	00d9c933	xor	x18,x19,x13	 x19:0x80021e0c x13:0x00000010 x18=0x80021e1c
       65135000	      6414	8000944a	0001	c.addi	x0,0	  x0:0x00000000  x0=0x00000000
       65145000	      6415	8000944c	34003bf3	csrrc	x23,mscratch,x0	  x0:0x00000000 x23=0x0000000b
       65155000	      6416	80009450	00459c33	sll	x24,x11,x4	 x11:0xffffffff  x4:0x051473f6 x24=0xffc00000
       65165000	      6417	80009454	83320f37	lui	x30,0x83320	 x30=0x83320000
       65195000	      6420	80009458	037580b3	mul	x1,x11,x23	 x11:0xffffffff x23:0x0000000b  x1=0xfffffff5
       65205000	      6421	8000945c	4013df93	srai	x31,x7,0x1	  x7:0xfaeb9c09 x31=0xfd75ce04
       65215000	      6422	80009460	6b05	c.lui	x22,0x1	 x22=0x00001000
       65225000	      6423	80009462	340b6bf3	csrrsi	x23,mscratch,22	 x23=0x0000000b
       65235000	      6424	80009466	9a7d	c.andi	x12,-1	 x12:0x9dfffc8b x12=0x9dfffc8b
       65245000	      6425	80009468	6f99	c.lui	x31,0x6	 x31=0x00006000
       65255000	      6426	8000946a	03e0ef63	bltu	x1,x30,800094a8	  x1:0xfffffff5 x30:0x83320000
       65265000	      6427	8000946e	0114ea33	or	x20,x9,x17	  x9:0xffffff5d x17:0x00000010 x20=0xffffff5d
       65635000	      6464	80009472	03ce6db3	rem	x27,x28,x28	 x28:0x9f25f732 x28:0x9f25f732 x27=0x00000000
       66005000	      6501	80009476	028bdb33	divu	x22,x23,x8	 x23:0x0000000b  x8:0x0000001f x22=0x00000000
       66375000	      6538	8000947a	02cbca33	div	x20,x23,x12	 x23:0x0000000b x12:0x9dfffc8b x20=0x00000000
       66385000	      6539	8000947e	8415	c.srai	x8,0x5	  x8:0x0000001f  x8=0x00000000
       66395000	      6540	80009480	0001	c.addi	x0,0	  x0:0x00000000  x0=0x00000000
       66405000	      6541	80009482	0001	c.addi	x0,0	  x0:0x00000000  x0=0x00000000
       66415000	      6542	80009484	01696863	bltu	x18,x22,80009494	 x18:0x80021e1c x22:0x00000000
       66425000	      6543	80009488	997d	c.andi	x10,-1	 x10:0x00000000 x10=0x00000000
       66435000	      6544	8000948a	01ed5233	srl	x4,x26,x30	 x26:0x80025ce4 x30:0x83320000  x4=0x80025ce4
       66445000	      6545	8000948e	8129	c.srli	x10,0xa	 x10:0x00000000 x10=0x00000000
       66455000	      6546	80009490	0000100f	fence.i	
       66475000	      6548	80009494	8221	c.srli	x12,0x8	 x12:0x9dfffc8b x12=0x009dfffc
       66845000	      6585	80009496	024dd433	divu	x8,x27,x4	 x27:0x00000000  x4:0x80025ce4  x8=0x00000000
       66855000	      6586	8000949a	0000100f	fence.i	
       66885000	      6589	8000949e	01917e63	bgeu	x2,x25,800094ba	  x2:0xffffebf6 x25:0xfffffa77
       66895000	      6590	800094a2	e715	c.bnez	x14,800094ce	 x14:0xfaeb953c
       66925000	      6593	800094ce	019e21b3	slt	x3,x28,x25	 x28:0x9f25f732 x25:0xfffffa77  x3=0x00000001
       66935000	      6594	800094d2	e6b73213	sltiu	x4,x14,-405	 x14:0xfaeb953c  x4=0x00000001
       66945000	      6595	800094d6	40de5793	srai	x15,x28,0xd	 x28:0x9f25f732 x15=0xfffcf92f
       66955000	      6596	800094da	833de293	ori	x5,x27,-1997	 x27:0x00000000  x5=0xfffff833
       66965000	      6597	800094de	865d	c.srai	x12,0x17	 x12:0x009dfffc x12=0x00000001
       66975000	      6598	800094e0	e3b9	c.bnez	x15,80009526	 x15:0xfffcf92f
       67005000	      6601	80009526	a0741517	auipc	x10,0xa0741	 x10=0x2074a526
       67015000	      6602	8000952a	010801b3	add	x3,x16,x16	 x16:0x00000000 x16:0x00000000  x3=0x00000000
       67025000	      6603	8000952e	e55b9237	lui	x4,0xe55b9	  x4=0xe55b9000
       67035000	      6604	80009532	88e5	c.andi	x9,25	  x9:0xffffff5d  x9=0x00000019
       67045000	      6605	80009534	85050a93	addi	x21,x10,-1968	 x10:0x2074a526 x21=0x20749d76
       67055000	      6606	80009538	8c5a	c.mv	x24,x22	  x0:0x00000000 x22:0x00000000 x24=0x00000000
       67065000	      6607	8000953a	00d88db3	add	x27,x17,x13	 x17:0x00000010 x13:0x00000010 x27=0x00000020
       67075000	      6608	8000953e	34003f73	csrrc	x30,mscratch,x0	  x0:0x00000000 x30=0x0000001f
       67085000	      6609	80009542	11fd	c.addi	x3,-1	  x3:0x00000000  x3=0xffffffff
       67095000	      6610	80009544	016f7933	and	x18,x30,x22	 x30:0x0000001f x22:0x00000000 x18=0x00000000
       67135000	      6614	80009548	037e1733	mulh	x14,x28,x23	 x28:0x9f25f732 x23:0x0000000b x14=0xfffffffb
       67145000	      6615	8000954c	002b5d63	bge	x22,x2,80009566	 x22:0x00000000  x2:0xffffebf6
       67175000	      6618	80009566	40675e13	srai	x28,x14,0x6	 x14:0xfffffffb x28=0xffffffff
       67185000	      6619	8000956a	0375f263	bgeu	x11,x23,8000958e	 x11:0xffffffff x23:0x0000000b
       67575000	      6658	8000958e	033571b3	remu	x3,x10,x19	 x10:0x2074a526 x19:0x80021e0c  x3=0x2074a526
       67585000	      6659	80009592	98fd	c.andi	x9,-1	  x9:0x00000019  x9=0x00000019
       67595000	      6660	80009594	0000100f	fence.i	
       67635000	      6664	80009598	02958fb3	mul	x31,x11,x9	 x11:0xffffffff  x9:0x00000019 x31=0xffffffe7
       67645000	      6665	8000959c	00f818b3	sll	x17,x16,x15	 x16:0x00000000 x15:0xfffcf92f x17=0x00000000
       67655000	      6666	800095a0	4002da13	srai	x20,x5,0x0	  x5:0xfffff833 x20=0xfffff833
       67665000	      6667	800095a4	8e85	c.sub	x13,x9	 x13:0x00000010  x9:0x00000019 x13=0xfffffff7
       67675000	      6668	800095a6	837e	c.mv	x6,x31	  x0:0x00000000 x31:0xffffffe7  x6=0xffffffe7
       67685000	      6669	800095a8	00023133	sltu	x2,x4,x0	  x4:0xe55b9000  x0:0x00000000  x2=0x00000000
       67715000	      6672	800095ac	032e88b3	mul	x17,x29,x18	 x29:0xfffffa77 x18:0x00000000 x17=0x00000000
       67725000	      6673	800095b0	952e	c.add	x10,x11	 x10:0x2074a526 x11:0xffffffff x10=0x2074a525
       67735000	      6674	800095b2	01e8a033	slt	x0,x17,x30	 x17:0x00000000 x30:0x0000001f  x0=0x00000000
       67745000	      6675	800095b6	211c4213	xori	x4,x24,529	 x24:0x00000000  x4=0x00000211
       67755000	      6676	800095ba	400dd213	srai	x4,x27,0x0	 x27:0x00000020  x4=0x00000020
       67765000	      6677	800095be	00b7d513	srli	x10,x15,0xb	 x15:0xfffcf92f x10=0x001fff9f
       67775000	      6678	800095c2	84e9	c.srai	x9,0x1a	  x9:0x00000019  x9=0x00000000
       68145000	      6715	800095c4	03a6c133	div	x2,x13,x26	 x13:0xfffffff7 x26:0x80025ce4  x2=0x00000000
       68155000	      6716	800095c8	8f65	c.and	x14,x9	 x14:0xfffffffb  x9:0x00000000 x14=0x00000000
       68165000	      6717	800095ca	005ce933	or	x18,x25,x5	 x25:0xfffffa77  x5:0xfffff833 x18=0xfffffa77
       68535000	      6754	800095ce	037bc133	div	x2,x23,x23	 x23:0x0000000b x23:0x0000000b  x2=0x00000001
       68545000	      6755	800095d2	83e5	c.srli	x15,0x19	 x15:0xfffcf92f x15=0x0000007f
       68555000	      6756	800095d4	41908ab3	sub	x21,x1,x25	  x1:0xfffffff5 x25:0xfffffa77 x21=0x0000057e
       68565000	      6757	800095d8	a436b213	sltiu	x4,x13,-1469	 x13:0xfffffff7  x4=0x00000000
       68575000	      6758	800095dc	f10058b7	lui	x17,0xf1005	 x17=0xf1005000
       68585000	      6759	800095e0	4757b193	sltiu	x3,x15,1141	 x15:0x0000007f  x3=0x00000001
       68595000	      6760	800095e4	9d808b13	addi	x22,x1,-1576	  x1:0xfffffff5 x22=0xfffff9cd
       68605000	      6761	800095e8	b1ebcb93	xori	x23,x23,-1250	 x23:0x0000000b x23=0xfffffb15
       68615000	      6762	800095ec	4140d6b3	sra	x13,x1,x20	  x1:0xfffffff5 x20:0xfffff833 x13=0xffffffff
       68625000	      6763	800095f0	058f1263	bne	x30,x24,80009634	 x30:0x0000001f x24:0x00000000
       68645000	      6765	80009634	014acd63	blt	x21,x20,8000964e	 x21:0x0000057e x20:0xfffff833
       68655000	      6766	80009638	8d81	c.sub	x11,x8	 x11:0xffffffff  x8:0x00000000 x11=0xffffffff
       68665000	      6767	8000963a	00fe9633	sll	x12,x29,x15	 x29:0xfffffa77 x15:0x0000007f x12=0x80000000
       68675000	      6768	8000963e	6511	c.lui	x10,0x4	 x10=0x00004000
       68685000	      6769	80009640	8eb1	c.xor	x13,x12	 x13:0xffffffff x12:0x80000000 x13=0x7fffffff
       68695000	      6770	80009642	8de5	c.and	x11,x9	 x11:0xffffffff  x9:0x00000000 x11=0x00000000
       68705000	      6771	80009644	01b8db13	srli	x22,x17,0x1b	 x17:0xf1005000 x22=0x0000001e
       68715000	      6772	80009648	9fe8c613	xori	x12,x17,-1538	 x17:0xf1005000 x12=0x0effa9fe
       68725000	      6773	8000964c	0c92	c.slli	x25,0x4	 x25:0xfffffa77 x25=0xffffa770
       68755000	      6776	8000964e	029908b3	mul	x17,x18,x9	 x18:0xfffffa77  x9:0x00000000 x17=0x00000000
       68765000	      6777	80009652	00ba1f93	slli	x31,x20,0xb	 x20:0xfffff833 x31=0xffc19800
       68785000	      6779	80009656	029c6db3	rem	x27,x24,x9	 x24:0x00000000  x9:0x00000000 x27=0x00000000
       68795000	      6780	8000965a	e7a98b93	addi	x23,x19,-390	 x19:0x80021e0c x23=0x80021c86
       68805000	      6781	8000965e	6821	c.lui	x16,0x8	 x16=0x00008000
       68825000	      6783	80009660	038344b3	div	x9,x6,x24	  x6:0xffffffe7 x24:0x00000000  x9=0xffffffff
       68835000	      6784	80009664	079a	c.slli	x15,0x6	 x15:0x0000007f x15=0x00001fc0
       68845000	      6785	80009666	02477763	bgeu	x14,x4,80009694	 x14:0x00000000  x4:0x00000000
       68865000	      6787	80009694	028f5763	bge	x30,x8,800096c2	 x30:0x0000001f  x8:0x00000000
       68895000	      6790	800096c2	0ff0000f	fence	iorw,iorw	
       68905000	      6791	800096c6	16fd	c.addi	x13,-1	 x13:0x7fffffff x13=0x7ffffffe
       68915000	      6792	800096c8	000517b3	sll	x15,x10,x0	 x10:0x00004000  x0:0x00000000 x15=0x00004000
       68925000	      6793	800096cc	968a	c.add	x13,x2	 x13:0x7ffffffe  x2:0x00000001 x13=0x7fffffff
       68935000	      6794	800096ce	00c8ec63	bltu	x17,x12,800096e6	 x17:0x00000000 x12:0x0effa9fe
       68955000	      6796	800096e6	8d49	c.or	x10,x10	 x10:0x00004000 x10:0x00004000 x10=0x00004000
       68965000	      6797	800096e8	8d51	c.or	x10,x12	 x10:0x00004000 x12:0x0effa9fe x10=0x0effe9fe
       68975000	      6798	800096ea	8605	c.srai	x12,0x1	 x12:0x0effa9fe x12=0x077fd4ff
       68985000	      6799	800096ec	01b0f4b3	and	x9,x1,x27	  x1:0xfffffff5 x27:0x00000000  x9=0x00000000
       69005000	      6801	800096f0	02e94833	div	x16,x18,x14	 x18:0xfffffa77 x14:0x00000000 x16=0xffffffff
       69015000	      6802	800096f4	6129	c.addi16sp	x2,192	  x2:0x00000001  x2=0x000000c1
       69025000	      6803	800096f6	717d	c.addi16sp	x2,-16	  x2:0x000000c1  x2=0x000000b1
       69035000	      6804	800096f8	0001	c.addi	x0,0	  x0:0x00000000  x0=0x00000000
       69045000	      6805	800096fa	531a0917	auipc	x18,0x531a0	 x18=0xd31a96fa
       69055000	      6806	800096fe	01ae0463	beq	x28,x26,80009706	 x28:0xffffffff x26:0x80025ce4
       69065000	      6807	80009702	0000100f	fence.i	
       69095000	      6810	80009706	01fe1693	slli	x13,x28,0x1f	 x28:0xffffffff x13=0x80000000
       69105000	      6811	8000970a	0000100f	fence.i	
       69135000	      6814	8000970e	01332233	slt	x4,x6,x19	  x6:0xffffffe7 x19:0x80021e0c  x4=0x00000000
       69145000	      6815	80009712	0001	c.addi	x0,0	  x0:0x00000000  x0=0x00000000
       69155000	      6816	80009714	016f0433	add	x8,x30,x22	 x30:0x0000001f x22:0x0000001e  x8=0x0000003d
       69165000	      6817	80009718	0ed6	c.slli	x29,0x15	 x29:0xfffffa77 x29=0x4ee00000
       69175000	      6818	8000971a	0e88	c.addi4spn	x10,x2,848	 x10=0x00000401
       69185000	      6819	8000971c	41e155b3	sra	x11,x2,x30	  x2:0x000000b1 x30:0x0000001f x11=0x00000000
       69195000	      6820	80009720	80392693	slti	x13,x18,-2045	 x18:0xd31a96fa x13=0x00000001
       69205000	      6821	80009724	0001	c.addi	x0,0	  x0:0x00000000  x0=0x00000000
       69215000	      6822	80009726	01d31f63	bne	x6,x29,80009744	  x6:0xffffffe7 x29:0x4ee00000
       69235000	      6824	80009744	013e9d63	bne	x29,x19,8000975e	 x29:0x4ee00000 x19:0x80021e0c
       69265000	      6827	8000975e	01975533	srl	x10,x14,x25	 x14:0x00000000 x25:0xffffa770 x10=0x00000000
       69275000	      6828	80009762	669c4e13	xori	x28,x24,1641	 x24:0x00000000 x28=0x00000669
       69285000	      6829	80009766	6a19	c.lui	x20,0x6	 x20=0x00006000
       69295000	      6830	80009768	00e31fb3	sll	x31,x6,x14	  x6:0xffffffe7 x14:0x00000000 x31=0xffffffe7
       69305000	      6831	8000976c	8d45	c.or	x10,x9	 x10:0x00000000  x9:0x00000000 x10=0x00000000
       69315000	      6832	8000976e	8ead	c.xor	x13,x11	 x13:0x00000001 x11:0x00000000 x13=0x00000001
       69325000	      6833	80009770	34002af3	csrrs	x21,mscratch,x0	  x0:0x00000000 x21=0x0000001f
       69335000	      6834	80009774	00fd5233	srl	x4,x26,x15	 x26:0x80025ce4 x15:0x00004000  x4=0x80025ce4
       69345000	      6835	80009778	5fe42c13	slti	x24,x8,1534	  x8:0x0000003d x24=0x00000001
       69355000	      6836	8000977c	8f4d	c.or	x14,x11	 x14:0x00000000 x11:0x00000000 x14=0x00000000
       69365000	      6837	8000977e	8f3d	c.xor	x14,x15	 x14:0x00000000 x15:0x00004000 x14=0x00004000
       69375000	      6838	80009780	0b11	c.addi	x22,4	 x22:0x0000001e x22=0x00000022
       69385000	      6839	80009782	0001	c.addi	x0,0	  x0:0x00000000  x0=0x00000000
       69395000	      6840	80009784	00bc1eb3	sll	x29,x24,x11	 x24:0x00000001 x11:0x00000000 x29=0x00000001
       69415000	      6842	80009788	029ec0b3	div	x1,x29,x9	 x29:0x00000001  x9:0x00000000  x1=0xffffffff
       69425000	      6843	8000978c	01e19fb3	sll	x31,x3,x30	  x3:0x00000001 x30:0x0000001f x31=0x80000000
       69445000	      6845	80009790	020e54b3	divu	x9,x28,x0	 x28:0x00000669  x0:0x00000000  x9=0xffffffff
       69455000	      6846	80009794	8d85	c.sub	x11,x9	 x11:0x00000000  x9:0xffffffff x11=0x00000001
       69465000	      6847	80009796	340020f3	csrrs	x1,mscratch,x0	  x0:0x00000000  x1=0x0000001f
       69475000	      6848	8000979a	40c882b3	sub	x5,x17,x12	 x17:0x00000000 x12:0x077fd4ff  x5=0xf8802b01
       69485000	      6849	8000979e	3407ef73	csrrsi	x30,mscratch,15	 x30=0x0000001f
       69495000	      6850	800097a2	403b5e13	srai	x28,x22,0x3	 x22:0x00000022 x28=0x00000004
       69505000	      6851	800097a6	cffde693	ori	x13,x27,-769	 x27:0x00000000 x13=0xfffffcff
       69515000	      6852	800097aa	03710263	beq	x2,x23,800097ce	  x2:0x000000b1 x23:0x80021c86
       69525000	      6853	800097ae	0000100f	fence.i	
       69585000	      6859	800097b2	020ebdb3	mulhu	x27,x29,x0	 x29:0x00000001  x0:0x00000000 x27=0x00000000
       69595000	      6860	800097b6	230b1f17	auipc	x30,0x230b1	 x30=0xa30ba7b6
       69605000	      6861	800097ba	8539	c.srai	x10,0xe	 x10:0x00000000 x10=0x00000000
       69615000	      6862	800097bc	8a4e	c.mv	x20,x19	  x0:0x00000000 x19:0x80021e0c x20=0x80021e0c
       69985000	      6899	800097be	03567433	remu	x8,x12,x21	 x12:0x077fd4ff x21:0x0000001f  x8=0x00000017
       69995000	      6900	800097c2	8c15	c.sub	x8,x13	  x8:0x00000017 x13:0xfffffcff  x8=0x00000318
       70035000	      6904	800097c4	02f1ae33	mulhsu	x28,x3,x15	  x3:0x00000001 x15:0x00004000 x28=0x00000000
       70045000	      6905	800097c8	c3c96d97	auipc	x27,0xc3c96	 x27=0x43c9f7c8
       70055000	      6906	800097cc	880e	c.mv	x16,x3	  x0:0x00000000  x3:0x00000001 x16=0x00000001
       70065000	      6907	800097ce	41e2df33	sra	x30,x5,x30	  x5:0xf8802b01 x30:0xa30ba7b6 x30=0xffffffe2
       70075000	      6908	800097d2	8dc9	c.or	x11,x10	 x11:0x00000001 x10:0x00000000 x11=0x00000001
       70085000	      6909	800097d4	0288d563	bge	x17,x8,800097fe	 x17:0x00000000  x8:0x00000318
       70095000	      6910	800097d8	340b5ff3	csrrwi	x31,mscratch,22	 x31=0x0000001f
       70105000	      6911	800097dc	9f0a	c.add	x30,x2	 x30:0xffffffe2  x2:0x000000b1 x30=0x00000093
       70115000	      6912	800097de	40405a93	srai	x21,x0,0x4	  x0:0x00000000 x21=0x00000000
       70125000	      6913	800097e2	77374b13	xori	x22,x14,1907	 x14:0x00004000 x22=0x00004773
       70135000	      6914	800097e6	bf55c413	xori	x8,x11,-1035	 x11:0x00000001  x8=0xfffffbf4
       70145000	      6915	800097ea	855d	c.srai	x10,0x17	 x10:0x00000000 x10=0x00000000
       70515000	      6952	800097ec	023d7db3	remu	x27,x26,x3	 x26:0x80025ce4  x3:0x00000001 x27=0x00000000
       70525000	      6953	800097f0	8ebbb593	sltiu	x11,x23,-1813	 x23:0x80021c86 x11=0x00000001
       70535000	      6954	800097f4	009e6e33	or	x28,x28,x9	 x28:0x00000000  x9:0xffffffff x28=0xffffffff
       70545000	      6955	800097f8	8f35	c.xor	x14,x13	 x14:0x00004000 x13:0xfffffcff x14=0xffffbcff
       70555000	      6956	800097fa	005def63	bltu	x27,x5,80009818	 x27:0x00000000  x5:0xf8802b01
       70575000	      6958	80009818	340ede73	csrrwi	x28,mscratch,29	 x28=0x00000016
       70585000	      6959	8000981c	0001	c.addi	x0,0	  x0:0x00000000  x0=0x00000000
       70595000	      6960	8000981e	e811	c.bnez	x8,80009832	  x8:0xfffffbf4
       70645000	      6965	80009832	03b58cb3	mul	x25,x11,x27	 x11:0x00000001 x27:0x00000000 x25=0x00000000
       70655000	      6966	80009836	3404ddf3	csrrwi	x27,mscratch,9	 x27=0x0000001d
       70665000	      6967	8000983a	8e85	c.sub	x13,x9	 x13:0xfffffcff  x9:0xffffffff x13=0xfffffd00
       70675000	      6968	8000983c	340b91f3	csrrw	x3,mscratch,x23	 x23:0x80021c86  x3=0x00000009
       70685000	      6969	80009840	01944133	xor	x2,x8,x25	  x8:0xfffffbf4 x25:0x00000000  x2=0xfffffbf4
       70695000	      6970	80009844	8229	c.srli	x12,0xa	 x12:0x077fd4ff x12=0x0001dff5
       70705000	      6971	80009846	340a9bf3	csrrw	x23,mscratch,x21	 x21:0x00000000 x23=0x80021c86
       70715000	      6972	8000984a	340dddf3	csrrwi	x27,mscratch,27	 x27=0x00000000
       70725000	      6973	8000984e	34046473	csrrsi	x8,mscratch,8	  x8=0x0000001b
       70735000	      6974	80009852	0171abb3	slt	x23,x3,x23	  x3:0x00000009 x23:0x80021c86 x23=0x00000000
       70745000	      6975	80009856	03b08793	addi	x15,x1,59	  x1:0x0000001f x15=0x0000005a
       70755000	      6976	8000985a	02969f63	bne	x13,x9,80009898	 x13:0xfffffd00  x9:0xffffffff
       70775000	      6978	80009898	8e49	c.or	x12,x10	 x12:0x0001dff5 x10:0x00000000 x12=0x0001dff5
       70785000	      6979	8000989a	8f29	c.xor	x14,x10	 x14:0xffffbcff x10:0x00000000 x14=0xffffbcff
       70795000	      6980	8000989c	0000100f	fence.i	
       70815000	      6982	800098a0	0058beb3	sltu	x29,x17,x5	 x17:0x00000000  x5:0xf8802b01 x29=0x00000001
       70825000	      6983	800098a4	00f368b3	or	x17,x6,x15	  x6:0xffffffe7 x15:0x0000005a x17=0xffffffff
       70865000	      6987	800098a8	02ec2633	mulhsu	x12,x24,x14	 x24:0x00000001 x14:0xffffbcff x12=0x00000000
       70875000	      6988	800098ac	a834b893	sltiu	x17,x9,-1405	  x9:0xffffffff x17=0x00000000
       70885000	      6989	800098b0	34002573	csrrs	x10,mscratch,x0	  x0:0x00000000 x10=0x0000001b
       70895000	      6990	800098b4	8a29	c.andi	x12,10	 x12:0x00000000 x12=0x00000000
       70905000	      6991	800098b6	717d	c.addi16sp	x2,-16	  x2:0xfffffbf4  x2=0xfffffbe4
       70915000	      6992	800098b8	fe6b4493	xori	x9,x22,-26	 x22:0x00004773  x9=0xffffb895
       70925000	      6993	800098bc	3404e573	csrrsi	x10,mscratch,9	 x10=0x0000001b
       70935000	      6994	800098c0	40f75c93	srai	x25,x14,0xf	 x14:0xffffbcff x25=0xffffffff
       70945000	      6995	800098c4	01fb0563	beq	x22,x31,800098ce	 x22:0x00004773 x31:0x0000001f
       70955000	      6996	800098c8	8655	c.srai	x12,0x15	 x12:0x00000000 x12=0x00000000
       70965000	      6997	800098ca	00e7dcb3	srl	x25,x15,x14	 x15:0x0000005a x14:0xffffbcff x25=0x00000000
       70975000	      6998	800098ce	259d7793	andi	x15,x26,601	 x26:0x80025ce4 x15=0x00000040
       70985000	      6999	800098d2	340a66f3	csrrsi	x13,mscratch,20	 x13=0x0000001b
       70995000	      7000	800098d6	340031f3	csrrc	x3,mscratch,x0	  x0:0x00000000  x3=0x0000001f
       71005000	      7001	800098da	8d7d	c.and	x10,x15	 x10:0x0000001b x15:0x00000040 x10=0x00000000
       71015000	      7002	800098dc	0001	c.addi	x0,0	  x0:0x00000000  x0=0x00000000
       71025000	      7003	800098de	8675	c.srai	x12,0x1d	 x12:0x00000000 x12=0x00000000
       71035000	      7004	800098e0	0001	c.addi	x0,0	  x0:0x00000000  x0=0x00000000
       71045000	      7005	800098e2	70546a93	ori	x21,x8,1797	  x8:0x0000001b x21=0x0000071f
       71055000	      7006	800098e6	010755b3	srl	x11,x14,x16	 x14:0xffffbcff x16:0x00000001 x11=0x7fffde7f
       71065000	      7007	800098ea	0eca	c.slli	x29,0x12	 x29:0x00000001 x29=0x00040000
       71075000	      7008	800098ec	377c2c93	slti	x25,x24,887	 x24:0x00000001 x25=0x00000001
       71085000	      7009	800098f0	8c6d	c.and	x8,x11	  x8:0x0000001b x11:0x7fffde7f  x8=0x0000001b
       71095000	      7010	800098f2	0000100f	fence.i	
       71115000	      7012	800098f6	81ad	c.srli	x11,0xb	 x11:0x7fffde7f x11=0x000ffffb
       71125000	      7013	800098f8	34003a73	csrrc	x20,mscratch,x0	  x0:0x00000000 x20=0x0000001f
       71135000	      7014	800098fc	8b4d	c.andi	x14,19	 x14:0xffffbcff x14=0x00000013
       71505000	      7051	800098fe	03934233	div	x4,x6,x25	  x6:0xffffffe7 x25:0x00000001  x4=0xffffffe7
       71515000	      7052	80009902	021c7963	bgeu	x24,x1,80009934	 x24:0x00000001  x1:0x0000001f
       71545000	      7055	80009906	031088b3	mul	x17,x1,x17	  x1:0x0000001f x17:0x00000000 x17=0x00000000
       71555000	      7056	8000990a	03e8cd63	blt	x17,x30,80009944	 x17:0x00000000 x30:0x00000093
       71575000	      7058	80009944	0698	c.addi4spn	x14,x2,832	 x14=0xffffff24
       71585000	      7059	80009946	0001	c.addi	x0,0	  x0:0x00000000  x0=0x00000000
       71595000	      7060	80009948	34006273	csrrsi	x4,mscratch,0	  x4=0x0000001f
       71605000	      7061	8000994c	0101f6b3	and	x13,x3,x16	  x3:0x0000001f x16:0x00000001 x13=0x00000001
       71615000	      7062	80009950	40035113	srai	x2,x6,0x0	  x6:0xffffffe7  x2=0xffffffe7
       71625000	      7063	80009954	8611	c.srai	x12,0x4	 x12:0x00000000 x12=0x00000000
       71635000	      7064	80009956	1798	c.addi4spn	x14,x2,992	 x14=0x000003c7
       71645000	      7065	80009958	016b9493	slli	x9,x23,0x16	 x23:0x00000000  x9=0x00000000
       71655000	      7066	8000995c	f5b9fa93	andi	x21,x19,-165	 x19:0x80021e0c x21=0x80021e08
       71695000	      7070	80009960	039aa933	mulhsu	x18,x21,x25	 x21:0x80021e08 x25:0x00000001 x18=0xffffffff
       71705000	      7071	80009964	0061af33	slt	x30,x3,x6	  x3:0x0000001f  x6:0xffffffe7 x30=0x00000000
       71715000	      7072	80009968	5ffd	c.li	x31,-1	 x31=0xffffffff
       71725000	      7073	8000996a	8e91	c.sub	x13,x12	 x13:0x00000001 x12:0x00000000 x13=0x00000001
       71735000	      7074	8000996c	20416e17	auipc	x28,0x20416	 x28=0xa041f96c
       71745000	      7075	80009970	00374663	blt	x14,x3,8000997c	 x14:0x000003c7  x3:0x0000001f
       71755000	      7076	80009974	e5014593	xori	x11,x2,-432	  x2:0xffffffe7 x11=0x000001b7
       71765000	      7077	80009978	0576e063	bltu	x13,x23,800099b8	 x13:0x00000001 x23:0x00000000
       71775000	      7078	8000997c	340021f3	csrrs	x3,mscratch,x0	  x0:0x00000000  x3=0x0000001f
       71785000	      7079	80009980	003a9c93	slli	x25,x21,0x3	 x21:0x80021e08 x25=0x0010f040
       71795000	      7080	80009984	01369b33	sll	x22,x13,x19	 x13:0x00000001 x19:0x80021e0c x22=0x00001000
       71805000	      7081	80009988	340d1f73	csrrw	x30,mscratch,x26	 x26:0x80025ce4 x30=0x0000001f
       71815000	      7082	8000998c	340031f3	csrrc	x3,mscratch,x0	  x0:0x00000000  x3=0x80025ce4
       71825000	      7083	80009990	012c08b3	add	x17,x24,x18	 x24:0x00000001 x18:0xffffffff x17=0x00000000
       71835000	      7084	80009994	46edb617	auipc	x12,0x46edb	 x12=0xc6ee4994
       71845000	      7085	80009998	0001	c.addi	x0,0	  x0:0x00000000  x0=0x00000000
       71855000	      7086	8000999a	02be	c.slli	x5,0xf	  x5:0xf8802b01  x5=0x15808000
       71895000	      7090	8000999c	03b42833	mulhsu	x16,x8,x27	  x8:0x0000001b x27:0x00000000 x16=0x00000000
       71905000	      7091	800099a0	0001	c.addi	x0,0	  x0:0x00000000  x0=0x00000000
       71915000	      7092	800099a2	9f4a	c.add	x30,x18	 x30:0x0000001f x18:0xffffffff x30=0x0000001e
       71925000	      7093	800099a4	0001	c.addi	x0,0	  x0:0x00000000  x0=0x00000000
       71935000	      7094	800099a6	2528bf93	sltiu	x31,x17,594	 x17:0x00000000 x31=0x00000001
       71945000	      7095	800099aa	8ece	c.mv	x29,x19	  x0:0x00000000 x19:0x80021e0c x29=0x80021e0c
       71955000	      7096	800099ac	d422b893	sltiu	x17,x5,-702	  x5:0x15808000 x17=0x00000001
       71965000	      7097	800099b0	3403fff3	csrrci	x31,mscratch,7	 x31=0x80025ce4
       71975000	      7098	800099b4	0ff0000f	fence	iorw,iorw	
       71985000	      7099	800099b8	1aba4317	auipc	x6,0x1aba4	  x6=0x9abad9b8
       71995000	      7100	800099bc	4bd84a93	xori	x21,x16,1213	 x16:0x00000000 x21=0x000004bd
       72005000	      7101	800099c0	013aa5b3	slt	x11,x21,x19	 x21:0x000004bd x19:0x80021e0c x11=0x00000000
       72015000	      7102	800099c4	8f01	c.sub	x14,x8	 x14:0x000003c7  x8:0x0000001b x14=0x000003ac
       72025000	      7103	800099c6	0148ff33	and	x30,x17,x20	 x17:0x00000001 x20:0x0000001f x30=0x00000001
       72035000	      7104	800099ca	b4ae6b13	ori	x22,x28,-1206	 x28:0xa041f96c x22=0xfffffb6e
       72075000	      7108	800099ce	02781533	mulh	x10,x16,x7	 x16:0x00000000  x7:0xfaeb9c09 x10=0x00000000
       72085000	      7109	800099d2	007595b3	sll	x11,x11,x7	 x11:0x00000000  x7:0xfaeb9c09 x11=0x00000000
       72095000	      7110	800099d6	01213133	sltu	x2,x2,x18	  x2:0xffffffe7 x18:0xffffffff  x2=0x00000001
       72105000	      7111	800099da	8f7d	c.and	x14,x15	 x14:0x000003ac x15:0x00000040 x14=0x00000000
       72115000	      7112	800099dc	00e8b233	sltu	x4,x17,x14	 x17:0x00000001 x14:0x00000000  x4=0x00000000
       72125000	      7113	800099e0	8755	c.srai	x14,0x15	 x14:0x00000000 x14=0x00000000
       72135000	      7114	800099e2	717d	c.addi16sp	x2,-16	  x2:0x00000001  x2=0xfffffff1
       72145000	      7115	800099e4	8f91	c.sub	x15,x12	 x15:0x00000040 x12:0xc6ee4994 x15=0x3911b6ac
       72185000	      7119	800099e6	03f49a33	mulh	x20,x9,x31	  x9:0x00000000 x31:0x80025ce4 x20=0x00000000
       72195000	      7120	800099ea	e009	c.bnez	x8,800099ec	  x8:0x0000001b
       72215000	      7122	800099ec	0000100f	fence.i	
       72235000	      7124	800099f0	40cb5613	srai	x12,x22,0xc	 x22:0xfffffb6e x12=0xffffffff
       72245000	      7125	800099f4	00f11963	bne	x2,x15,80009a06	  x2:0xfffffff1 x15:0x3911b6ac
       72275000	      7128	80009a06	02cf5a63	bge	x30,x12,80009a3a	 x30:0x00000001 x12:0xffffffff
       72295000	      7130	80009a3a	9b52	c.add	x22,x20	 x22:0xfffffb6e x20:0x00000000 x22=0xfffffb6e
       72305000	      7131	80009a3c	6340de37	lui	x28,0x6340d	 x28=0x6340d000
       72315000	      7132	80009a40	01e238b3	sltu	x17,x4,x30	  x4:0x00000000 x30:0x00000001 x17=0x00000001
       72325000	      7133	80009a44	047b4163	blt	x22,x7,80009a86	 x22:0xfffffb6e  x7:0xfaeb9c09
       72365000	      7137	80009a48	031e1233	mulh	x4,x28,x17	 x28:0x6340d000 x17:0x00000001  x4=0x00000000
       72735000	      7174	80009a4c	0229dcb3	divu	x25,x19,x2	 x19:0x80021e0c  x2:0xfffffff1 x25=0x00000000
       72745000	      7175	80009a50	0001	c.addi	x0,0	  x0:0x00000000  x0=0x00000000
       72755000	      7176	80009a52	83ed	c.srli	x15,0x1b	 x15:0x3911b6ac x15=0x00000007
       72765000	      7177	80009a54	81fe	c.mv	x3,x31	  x0:0x00000000 x31:0x80025ce4  x3=0x80025ce4
       72775000	      7178	80009a56	34002cf3	csrrs	x25,mscratch,x0	  x0:0x00000000 x25=0x80025ce0
       72785000	      7179	80009a5a	fb25e913	ori	x18,x11,-78	 x11:0x00000000 x18=0xffffffb2
       72795000	      7180	80009a5e	1cfd	c.addi	x25,-1	 x25:0x80025ce0 x25=0x80025cdf
       72805000	      7181	80009a60	00df5813	srli	x16,x30,0xd	 x30:0x00000001 x16=0x00000000
       72815000	      7182	80009a64	069a	c.slli	x13,0x6	 x13:0x00000001 x13=0x00000040
       72825000	      7183	80009a66	01635bb3	srl	x23,x6,x22	  x6:0x9abad9b8 x22:0xfffffb6e x23=0x00026aeb
       72865000	      7187	80009a6a	03ac1cb3	mulh	x25,x24,x26	 x24:0x00000001 x26:0x80025ce4 x25=0xffffffff
       72875000	      7188	80009a6e	1212b313	sltiu	x6,x5,289	  x5:0x15808000  x6=0x00000000
       72885000	      7189	80009a72	002add63	bge	x21,x2,80009a8c	 x21:0x000004bd  x2:0xfffffff1
       72905000	      7191	80009a8c	c089	c.beqz	x9,80009a8e	  x9:0x00000000
       72935000	      7194	80009a8e	9e027193	andi	x3,x4,-1568	  x4:0x00000000  x3=0x00000000
       72945000	      7195	80009a92	717d	c.addi16sp	x2,-16	  x2:0xfffffff1  x2=0xffffffe1
       72955000	      7196	80009a94	0000100f	fence.i	
       72975000	      7198	80009a98	d0c5e597	auipc	x11,0xd0c5e	 x11=0x50c67a98
       72985000	      7199	80009a9c	01b80663	beq	x16,x27,80009aa8	 x16:0x00000000 x27:0x00000000
       73005000	      7201	80009aa8	0efd	c.addi	x29,31	 x29:0x80021e0c x29=0x80021e2b
       73015000	      7202	80009aaa	1db96c13	ori	x24,x18,475	 x18:0xffffffb2 x24=0xfffffffb
       73025000	      7203	80009aae	926b7c13	andi	x24,x22,-1754	 x22:0xfffffb6e x24=0xfffff926
       73035000	      7204	80009ab2	55cab213	sltiu	x4,x21,1372	 x21:0x000004bd  x4=0x00000001
       73045000	      7205	80009ab6	04319063	bne	x3,x3,80009af6	  x3:0x00000000  x3:0x00000000
       73055000	      7206	80009aba	11fd	c.addi	x3,-1	  x3:0x00000000  x3=0xffffffff
       73065000	      7207	80009abc	0526	c.slli	x10,0x9	 x10:0x00000000 x10=0x00000000
       73075000	      7208	80009abe	01bdcf63	blt	x27,x27,80009adc	 x27:0x00000000 x27:0x00000000
       73085000	      7209	80009ac2	01034d63	blt	x6,x16,80009adc	  x6:0x00000000 x16:0x00000000
       73095000	      7210	80009ac6	0060d713	srli	x14,x1,0x6	  x1:0x0000001f x14=0x00000000
       73105000	      7211	80009aca	0011be33	sltu	x28,x3,x1	  x3:0xffffffff  x1:0x0000001f x28=0x00000000
       73475000	      7248	80009ace	033dc2b3	div	x5,x27,x19	 x27:0x00000000 x19:0x80021e0c  x5=0x00000000
       73485000	      7249	80009ad2	03cd1f63	bne	x26,x28,80009b10	 x26:0x80025ce4 x28:0x00000000
       73535000	      7254	80009b10	02132c33	mulhsu	x24,x6,x1	  x6:0x00000000  x1:0x0000001f x24=0x00000000
       73545000	      7255	80009b14	018d5f33	srl	x30,x26,x24	 x26:0x80025ce4 x24:0x00000000 x30=0x80025ce4
       73555000	      7256	80009b18	002a5463	bge	x20,x2,80009b20	 x20:0x00000000  x2:0xffffffe1
       73575000	      7258	80009b20	01c81033	sll	x0,x16,x28	 x16:0x00000000 x28:0x00000000  x0=0x00000000
       73615000	      7262	80009b24	03dd1bb3	mulh	x23,x26,x29	 x26:0x80025ce4 x29:0x80021e2b x23=0x3ffdc27d
       73655000	      7266	80009b28	02841533	mulh	x10,x8,x8	  x8:0x0000001b  x8:0x0000001b x10=0x00000000
       74025000	      7303	80009b2c	03107833	remu	x16,x0,x17	  x0:0x00000000 x17:0x00000001 x16=0x00000000
       74035000	      7304	80009b30	008e7133	and	x2,x28,x8	 x28:0x00000000  x8:0x0000001b  x2=0x00000000
       74045000	      7305	80009b34	0ccd	c.addi	x25,19	 x25:0xffffffff x25=0x00000012
       74055000	      7306	80009b36	ee05	c.bnez	x12,80009b6e	 x12:0xffffffff
       74085000	      7309	80009b6e	340066f3	csrrsi	x13,mscratch,0	 x13=0x80025ce0
       74095000	      7310	80009b72	137d	c.addi	x6,-1	  x6:0x00000000  x6=0xffffffff
       74105000	      7311	80009b74	34007ff3	csrrci	x31,mscratch,0	 x31=0x80025ce0
       74115000	      7312	80009b78	0eb1	c.addi	x29,12	 x29:0x80021e2b x29=0x80021e37
       74125000	      7313	80009b7a	80da	c.mv	x1,x22	  x0:0x00000000 x22:0xfffffb6e  x1=0xfffffb6e
       74135000	      7314	80009b7c	34002ef3	csrrs	x29,mscratch,x0	  x0:0x00000000 x29=0x80025ce0
       74145000	      7315	80009b80	02d38f63	beq	x7,x13,80009bbe	  x7:0xfaeb9c09 x13:0x80025ce0
       74155000	      7316	80009b84	0ff0000f	fence	iorw,iorw	
       74165000	      7317	80009b88	e789	c.bnez	x15,80009b92	 x15:0x00000007
       74195000	      7320	80009b92	01527963	bgeu	x4,x21,80009ba4	  x4:0x00000001 x21:0x000004bd
       74205000	      7321	80009b96	013ed613	srli	x12,x29,0x13	 x29:0x80025ce0 x12=0x00001000
       74215000	      7322	80009b9a	015b55b3	srl	x11,x22,x21	 x22:0xfffffb6e x21:0x000004bd x11=0x00000007
       74225000	      7323	80009b9e	01bd9813	slli	x16,x27,0x1b	 x27:0x00000000 x16=0x00000000
       74235000	      7324	80009ba2	ef01	c.bnez	x14,80009bba	 x14:0x00000000
       74245000	      7325	80009ba4	8cc1	c.or	x9,x8	  x9:0x00000000  x8:0x0000001b  x9=0x0000001b
       74255000	      7326	80009ba6	e015	c.bnez	x8,80009bca	  x8:0x0000001b
       74305000	      7331	80009bca	02bf8833	mul	x16,x31,x11	 x31:0x80025ce0 x11:0x00000007 x16=0x80108a20
       74315000	      7332	80009bce	72765e17	auipc	x28,0x72765	 x28=0xf276ebce
       74325000	      7333	80009bd2	002bf933	and	x18,x23,x2	 x23:0x3ffdc27d  x2:0x00000000 x18=0x00000000
       74335000	      7334	80009bd6	e6469b97	auipc	x23,0xe6469	 x23=0x66472bd6
       74345000	      7335	80009bda	b8bcc693	xori	x13,x25,-1141	 x25:0x00000012 x13=0xfffffb99
       74355000	      7336	80009bde	34006373	csrrsi	x6,mscratch,0	  x6=0x80025ce0
       74365000	      7337	80009be2	e089	c.bnez	x9,80009be4	  x9:0x0000001b
       74385000	      7339	80009be4	340c9b73	csrrw	x22,mscratch,x25	 x25:0x00000012 x22=0x80025ce0
       74395000	      7340	80009be8	3a2c4193	xori	x3,x24,930	 x24:0x00000000  x3=0x000003a2
       74765000	      7377	80009bec	02975f33	divu	x30,x14,x9	 x14:0x00000000  x9:0x0000001b x30=0x00000000
       74775000	      7378	80009bf0	4209	c.li	x4,2	  x4=0x00000002
       74785000	      7379	80009bf2	851d	c.srai	x10,0x7	 x10:0x00000000 x10=0x00000000
       74795000	      7380	80009bf4	40a8de93	srai	x29,x17,0xa	 x17:0x00000001 x29=0x00000000
       75165000	      7417	80009bf8	026dec33	rem	x24,x27,x6	 x27:0x00000000  x6:0x80025ce0 x24=0x00000000
       75175000	      7418	80009bfc	035c9163	bne	x25,x21,80009c1e	 x25:0x00000012 x21:0x000004bd
       75195000	      7420	80009c1e	0001	c.addi	x0,0	  x0:0x00000000  x0=0x00000000
       75205000	      7421	80009c20	67326813	ori	x16,x4,1651	  x4:0x00000002 x16=0x00000673
       75215000	      7422	80009c24	9c46	c.add	x24,x17	 x24:0x00000000 x17:0x00000001 x24=0x00000001
       75225000	      7423	80009c26	a5467e13	andi	x28,x12,-1452	 x12:0x00001000 x28=0x00001000
       75235000	      7424	80009c2a	01d12733	slt	x14,x2,x29	  x2:0x00000000 x29:0x00000000 x14=0x00000000
       75265000	      7427	80009c2e	023b8333	mul	x6,x23,x3	 x23:0x66472bd6  x3:0x000003a2  x6=0x8e8d3f6c
       75275000	      7428	80009c32	9be6	c.add	x23,x25	 x23:0x66472bd6 x25:0x00000012 x23=0x66472be8
       75285000	      7429	80009c34	ee09	c.bnez	x12,80009c4e	 x12:0x00001000
       75315000	      7432	80009c4e	00401d63	bne	x0,x4,80009c68	  x0:0x00000000  x4:0x00000002
       75335000	      7434	80009c68	00dc9363	bne	x25,x13,80009c6e	 x25:0x00000012 x13:0xfffffb99
       75375000	      7438	80009c6e	0322e633	rem	x12,x5,x18	  x5:0x00000000 x18:0x00000000 x12=0x00000000
       75385000	      7439	80009c72	21e97e93	andi	x29,x18,542	 x18:0x00000000 x29=0x00000000
       75395000	      7440	80009c76	8451	c.srai	x8,0x14	  x8:0x0000001b  x8=0x00000000
       75435000	      7444	80009c78	02e9bab3	mulhu	x21,x19,x14	 x19:0x80021e0c x14:0x00000000 x21=0x00000000
       75445000	      7445	80009c7c	4281	c.li	x5,0	  x5=0x00000000
       75455000	      7446	80009c7e	340024f3	csrrs	x9,mscratch,x0	  x0:0x00000000  x9=0x00000012
       75465000	      7447	80009c82	004df0b3	and	x1,x27,x4	 x27:0x00000000  x4:0x00000002  x1=0x00000000
       75505000	      7451	80009c86	032f2b33	mulhsu	x22,x30,x18	 x30:0x00000000 x18:0x00000000 x22=0x00000000
       75515000	      7452	80009c8a	da6bc493	xori	x9,x23,-602	 x23:0x66472be8  x9=0x99b8d64e
       75555000	      7456	80009c8e	02d3bdb3	mulhu	x27,x7,x13	  x7:0xfaeb9c09 x13:0xfffffb99 x27=0xfaeb97b8
       75565000	      7457	80009c92	00ef11b3	sll	x3,x30,x14	 x30:0x00000000 x14:0x00000000  x3=0x00000000
       75575000	      7458	80009c96	00586ab3	or	x21,x16,x5	 x16:0x00000673  x5:0x00000000 x21=0x00000673
       75585000	      7459	80009c9a	01621933	sll	x18,x4,x22	  x4:0x00000002 x22:0x00000000 x18=0x00000002
       75595000	      7460	80009c9e	340f2f73	csrrs	x30,mscratch,x30	 x30:0x00000000 x30=0x00000012
       75605000	      7461	80009ca2	00db5f33	srl	x30,x22,x13	 x22:0x00000000 x13:0xfffffb99 x30=0x00000000
       75615000	      7462	80009ca6	fba14c93	xori	x25,x2,-70	  x2:0x00000000 x25=0xffffffba
       75625000	      7463	80009caa	01d0bcb3	sltu	x25,x1,x29	  x1:0x00000000 x29:0x00000000 x25=0x00000000
       75635000	      7464	80009cae	01568263	beq	x13,x21,80009cb2	 x13:0xfffffb99 x21:0x00000673
       75645000	      7465	80009cb2	003befb3	or	x31,x23,x3	 x23:0x66472be8  x3:0x00000000 x31=0x66472be8
       75655000	      7466	80009cb6	01b6d313	srli	x6,x13,0x1b	 x13:0xfffffb99  x6=0x0000001f
       75665000	      7467	80009cba	e581	c.bnez	x11,80009cc2	 x11:0x00000007
       75695000	      7470	80009cc2	005fdc13	srli	x24,x31,0x5	 x31:0x66472be8 x24=0x0332395f
       75705000	      7471	80009cc6	987d	c.andi	x8,-1	  x8:0x00000000  x8=0x00000000
       75715000	      7472	80009cc8	005b1733	sll	x14,x22,x5	 x22:0x00000000  x5:0x00000000 x14=0x00000000
       75745000	      7475	80009ccc	031008b3	mul	x17,x0,x17	  x0:0x00000000 x17:0x00000001 x17=0x00000000
       75755000	      7476	80009cd0	0000100f	fence.i	
       75775000	      7478	80009cd4	0000100f	fence.i	
       75795000	      7480	80009cd8	00154f33	xor	x30,x10,x1	 x10:0x00000000  x1:0x00000000 x30=0x00000000
       75805000	      7481	80009cdc	01f3a933	slt	x18,x7,x31	  x7:0xfaeb9c09 x31:0x66472be8 x18=0x00000001
       75815000	      7482	80009ce0	02b3e163	bltu	x7,x11,80009d02	  x7:0xfaeb9c09 x11:0x00000007
       75825000	      7483	80009ce4	000dd193	srli	x3,x27,0x0	 x27:0xfaeb97b8  x3=0xfaeb97b8
       75865000	      7487	80009ce8	02abb7b3	mulhu	x15,x23,x10	 x23:0x66472be8 x10:0x00000000 x15=0x00000000
       75875000	      7488	80009cec	8c0d	c.sub	x8,x11	  x8:0x00000000 x11:0x00000007  x8=0xfffffff9
       75885000	      7489	80009cee	0bf9	c.addi	x23,30	 x23:0x66472be8 x23=0x66472c06
       75895000	      7490	80009cf0	6bc1	c.lui	x23,0x10	 x23=0x00010000
       75905000	      7491	80009cf2	02eb0c63	beq	x22,x14,80009d2a	 x22:0x00000000 x14:0x00000000
       75935000	      7494	80009d2a	ae3dcd93	xori	x27,x27,-1309	 x27:0xfaeb97b8 x27=0x05146d5b
       75945000	      7495	80009d2e	4060d6b3	sra	x13,x1,x6	  x1:0x00000000  x6:0x0000001f x13=0x00000000
       75955000	      7496	80009d32	0001	c.addi	x0,0	  x0:0x00000000  x0=0x00000000
       75965000	      7497	80009d34	1f8c	c.addi4spn	x11,x2,1008	 x11=0x000003f0
       75975000	      7498	80009d36	526cf093	andi	x1,x25,1318	 x25:0x00000000  x1=0x00000000
       75985000	      7499	80009d3a	018c	c.addi4spn	x11,x2,192	 x11=0x000000c0
       76355000	      7536	80009d3c	03a8fa33	remu	x20,x17,x26	 x17:0x00000000 x26:0x80025ce4 x20=0x00000000
       76725000	      7573	80009d40	0333edb3	rem	x27,x7,x19	  x7:0xfaeb9c09 x19:0x80021e0c x27=0xfaeb9c09
       76735000	      7574	80009d44	0001	c.addi	x0,0	  x0:0x00000000  x0=0x00000000
       76745000	      7575	80009d46	c8c02693	slti	x13,x0,-884	  x0:0x00000000 x13=0x00000000
       76755000	      7576	80009d4a	40985b33	sra	x22,x16,x9	 x16:0x00000673  x9:0x99b8d64e x22=0x00000000
       76765000	      7577	80009d4e	055a0463	beq	x20,x21,80009d96	 x20:0x00000000 x21:0x00000673
       76775000	      7578	80009d52	0ff0000f	fence	iorw,iorw	
       76785000	      7579	80009d56	0dad4717	auipc	x14,0xdad4	 x14=0x8daddd56
       76795000	      7580	80009d5a	0339	c.addi	x6,14	  x6:0x0000001f  x6=0x0000002d
       76805000	      7581	80009d5c	1bd43113	sltiu	x2,x8,445	  x8:0xfffffff9  x2=0x00000000
       76815000	      7582	80009d60	ef477e13	andi	x28,x14,-268	 x14:0x8daddd56 x28=0x8daddc54
       76825000	      7583	80009d64	34069973	csrrw	x18,mscratch,x13	 x13:0x00000000 x18=0x00000012
       76855000	      7586	80009d68	03868933	mul	x18,x13,x24	 x13:0x00000000 x24:0x0332395f x18=0x00000000
       76865000	      7587	80009d6c	0001	c.addi	x0,0	  x0:0x00000000  x0=0x00000000
       76905000	      7591	80009d6e	02e03fb3	mulhu	x31,x0,x14	  x0:0x00000000 x14:0x8daddd56 x31=0x00000000
       76915000	      7592	80009d72	6c2f0e13	addi	x28,x30,1730	 x30:0x00000000 x28=0x000006c2
       76925000	      7593	80009d76	34059273	csrrw	x4,mscratch,x11	 x11:0x000000c0  x4=0x00000000
       76935000	      7594	80009d7a	a02bb7b7	lui	x15,0xa02bb	 x15=0xa02bb000
       76945000	      7595	80009d7e	19354e13	xori	x28,x10,403	 x10:0x00000000 x28=0x00000193
       76985000	      7599	80009d82	022ebab3	mulhu	x21,x29,x2	 x29:0x00000000  x2:0x00000000 x21=0x00000000
       76995000	      7600	80009d86	84be	c.mv	x9,x15	  x0:0x00000000 x15:0xa02bb000  x9=0xa02bb000
       77005000	      7601	80009d88	0000100f	fence.i	
       77025000	      7603	80009d8c	0047b833	sltu	x16,x15,x4	 x15:0xa02bb000  x4:0x00000000 x16=0x00000000
       77035000	      7604	80009d90	e591	c.bnez	x11,80009d9c	 x11:0x000000c0
       77055000	      7606	80009d9c	340cb673	csrrc	x12,mscratch,x25	 x25:0x00000000 x12=0x000000c0
       77065000	      7607	80009da0	0000100f	fence.i	
       77085000	      7609	80009da4	0ff0000f	fence	iorw,iorw	
       77095000	      7610	80009da8	02dbd363	bge	x23,x13,80009dce	 x23:0x00010000 x13:0x00000000
       77125000	      7613	80009dce	3408d1f3	csrrwi	x3,mscratch,17	  x3=0x000000c0
       77135000	      7614	80009dd2	0d6a3237	lui	x4,0xd6a3	  x4=0x0d6a3000
       77145000	      7615	80009dd6	01cf9113	slli	x2,x31,0x1c	 x31:0x00000000  x2=0x00000000
       77155000	      7616	80009dda	01201893	slli	x17,x0,0x12	  x0:0x00000000 x17=0x00000000
       77165000	      7617	80009dde	00a11613	slli	x12,x2,0xa	  x2:0x00000000 x12=0x00000000
       77175000	      7618	80009de2	8365	c.srli	x14,0x19	 x14:0x8daddd56 x14=0x00000046
       77185000	      7619	80009de4	01e49233	sll	x4,x9,x30	  x9:0xa02bb000 x30:0x00000000  x4=0xa02bb000
       77195000	      7620	80009de8	0ff0000f	fence	iorw,iorw	
       77205000	      7621	80009dec	011a3eb3	sltu	x29,x20,x17	 x20:0x00000000 x17:0x00000000 x29=0x00000000
       77215000	      7622	80009df0	8461	c.srai	x8,0x18	  x8:0xfffffff9  x8=0xffffffff
       77225000	      7623	80009df2	c605	c.beqz	x12,80009e1a	 x12:0x00000000
       77255000	      7626	80009e1a	34007173	csrrci	x2,mscratch,0	  x2=0x00000011
       77265000	      7627	80009e1e	00e8a2b3	slt	x5,x17,x14	 x17:0x00000000 x14:0x00000046  x5=0x00000001
       77275000	      7628	80009e22	65f1	c.lui	x11,0x1c	 x11=0x0001c000
       77285000	      7629	80009e24	340dd073	csrrwi	x0,mscratch,27	  x0=0x00000000
       77295000	      7630	80009e28	0001	c.addi	x0,0	  x0:0x00000000  x0=0x00000000
       77665000	      7667	80009e2a	037b5f33	divu	x30,x22,x23	 x22:0x00000000 x23:0x00010000 x30=0x00000000
       77675000	      7668	80009e2e	004f5a13	srli	x20,x30,0x4	 x30:0x00000000 x20=0x00000000
       77685000	      7669	80009e32	00cdfe33	and	x28,x27,x12	 x27:0xfaeb9c09 x12:0x00000000 x28=0x00000000
       77695000	      7670	80009e36	01dded63	bltu	x27,x29,80009e50	 x27:0xfaeb9c09 x29:0x00000000
       77705000	      7671	80009e3a	00cbba33	sltu	x20,x23,x12	 x23:0x00010000 x12:0x00000000 x20=0x00000000
       77715000	      7672	80009e3e	6a85	c.lui	x21,0x1	 x21=0x00001000
       77725000	      7673	80009e40	00348533	add	x10,x9,x3	  x9:0xa02bb000  x3:0x000000c0 x10=0xa02bb0c0
       77735000	      7674	80009e44	000c10b3	sll	x1,x24,x0	 x24:0x0332395f  x0:0x00000000  x1=0x0332395f
       78105000	      7711	80009e48	02785db3	divu	x27,x16,x7	 x16:0x00000000  x7:0xfaeb9c09 x27=0x00000000
       78115000	      7712	80009e4c	340027f3	csrrs	x15,mscratch,x0	  x0:0x00000000 x15=0x0000001b
       78125000	      7713	80009e50	8cad	c.xor	x9,x11	  x9:0xa02bb000 x11:0x0001c000  x9=0xa02a7000
       78135000	      7714	80009e52	0ff0000f	fence	iorw,iorw	
       78145000	      7715	80009e56	41740eb3	sub	x29,x8,x23	  x8:0xffffffff x23:0x00010000 x29=0xfffeffff
       78155000	      7716	80009e5a	01202833	slt	x16,x0,x18	  x0:0x00000000 x18:0x00000000 x16=0x00000000
       78165000	      7717	80009e5e	b89cc893	xori	x17,x25,-1143	 x25:0x00000000 x17=0xfffffb89
       78175000	      7718	80009e62	679b2c13	slti	x24,x22,1657	 x22:0x00000000 x24=0x00000001
       78185000	      7719	80009e66	8729	c.srai	x14,0xa	 x14:0x00000046 x14=0x00000000
       78195000	      7720	80009e68	34065df3	csrrwi	x27,mscratch,12	 x27=0x0000001b
       78235000	      7724	80009e6c	034a2f33	mulhsu	x30,x20,x20	 x20:0x00000000 x20:0x00000000 x30=0x00000000
       78245000	      7725	80009e70	002ae833	or	x16,x21,x2	 x21:0x00001000  x2:0x00000011 x16=0x00001011
       78255000	      7726	80009e74	0059abb3	slt	x23,x19,x5	 x19:0x80021e0c  x5:0x00000001 x23=0x00000001
       78265000	      7727	80009e78	025aff63	bgeu	x21,x5,80009eb6	 x21:0x00001000  x5:0x00000001
       78285000	      7729	80009eb6	48e5	c.li	x17,25	 x17=0x00000019
       78295000	      7730	80009eb8	00380663	beq	x16,x3,80009ec4	 x16:0x00001011  x3:0x000000c0
       78665000	      7767	80009ebc	0263fb33	remu	x22,x7,x6	  x7:0xfaeb9c09  x6:0x0000002d x22=0x00000023
       78675000	      7768	80009ec0	4153deb3	sra	x29,x7,x21	  x7:0xfaeb9c09 x21:0x00001000 x29=0xfaeb9c09
       78685000	      7769	80009ec4	01c98563	beq	x19,x28,80009ece	 x19:0x80021e0c x28:0x00000000
       78695000	      7770	80009ec8	8d11	c.sub	x10,x12	 x10:0xa02bb0c0 x12:0x00000000 x10=0xa02bb0c0
       78705000	      7771	80009eca	28b13d93	sltiu	x27,x2,651	  x2:0x00000011 x27=0x00000001
       78715000	      7772	80009ece	01e65213	srli	x4,x12,0x1e	 x12:0x00000000  x4=0x00000000
       78725000	      7773	80009ed2	c10d	c.beqz	x10,80009ef4	 x10:0xa02bb0c0
       78735000	      7774	80009ed4	0149c363	blt	x19,x20,80009eda	 x19:0x80021e0c x20:0x00000000
       78775000	      7778	80009eda	03f361b3	rem	x3,x6,x31	  x6:0x0000002d x31:0x00000000  x3=0x0000002d
       78815000	      7782	80009ede	03d03733	mulhu	x14,x0,x29	  x0:0x00000000 x29:0xfaeb9c09 x14=0x00000000
       78825000	      7783	80009ee2	3400e4f3	csrrsi	x9,mscratch,1	  x9=0x0000000c
       78835000	      7784	80009ee6	ee91	c.bnez	x13,80009f02	 x13:0x00000000
       78845000	      7785	80009ee8	003f0463	beq	x30,x3,80009ef0	 x30:0x00000000  x3:0x0000002d
       78855000	      7786	80009eec	4401	c.li	x8,0	  x8=0x00000000
       78865000	      7787	80009eee	717d	c.addi16sp	x2,-16	  x2:0x00000011  x2=0x00000001
       78875000	      7788	80009ef0	0000100f	fence.i	
       78895000	      7790	80009ef4	020fce63	blt	x31,x0,80009f30	 x31:0x00000000  x0:0x00000000
       78905000	      7791	80009ef8	02596463	bltu	x18,x5,80009f20	 x18:0x00000000  x5:0x00000001
       78925000	      7793	80009f20	8e51	c.or	x12,x12	 x12:0x00000000 x12:0x00000000 x12=0x00000000
       78935000	      7794	80009f22	6769	c.lui	x14,0x1a	 x14=0x0001a000
       78945000	      7795	80009f24	4445	c.li	x8,17	  x8=0x00000011
       78955000	      7796	80009f26	06d2	c.slli	x13,0x14	 x13:0x00000000 x13=0x00000000
       78965000	      7797	80009f28	414ed313	srai	x6,x29,0x14	 x29:0xfaeb9c09  x6=0xffffffae
       78975000	      7798	80009f2c	cf87be93	sltiu	x29,x15,-776	 x15:0x0000001b x29=0x00000001
       78985000	      7799	80009f30	34057973	csrrci	x18,mscratch,10	 x18=0x0000000d
       78995000	      7800	80009f34	340218f3	csrrw	x17,mscratch,x4	  x4:0x00000000 x17=0x00000005
       79005000	      7801	80009f38	753cc593	xori	x11,x25,1875	 x25:0x00000000 x11=0x00000753
       79375000	      7838	80009f3c	022a62b3	rem	x5,x20,x2	 x20:0x00000000  x2:0x00000001  x5=0x00000000
       79385000	      7839	80009f40	340894f3	csrrw	x9,mscratch,x17	 x17:0x00000005  x9=0x00000000
       79395000	      7840	80009f44	005b2b33	slt	x22,x22,x5	 x22:0x00000023  x5:0x00000000 x22=0x00000000
       79435000	      7844	80009f48	023f92b3	mulh	x5,x31,x3	 x31:0x00000000  x3:0x0000002d  x5=0x00000000
       79805000	      7881	80009f4c	026367b3	rem	x15,x6,x6	  x6:0xffffffae  x6:0xffffffae x15=0x00000000
       79815000	      7882	80009f50	f6c24093	xori	x1,x4,-148	  x4:0x00000000  x1=0xffffff6c
       79825000	      7883	80009f54	340ad873	csrrwi	x16,mscratch,21	 x16=0x00000005
       79835000	      7884	80009f58	52fd	c.li	x5,-1	  x5=0xffffffff
       79845000	      7885	80009f5a	34002573	csrrs	x10,mscratch,x0	  x0:0x00000000 x10=0x00000015
       79855000	      7886	80009f5e	18dd3b13	sltiu	x22,x26,397	 x26:0x80025ce4 x22=0x00000000
       79895000	      7890	80009f62	034c3833	mulhu	x16,x24,x20	 x24:0x00000001 x20:0x00000000 x16=0x00000000
       79905000	      7891	80009f66	8712	c.mv	x14,x4	  x0:0x00000000  x4:0x00000000 x14=0x00000000
       79915000	      7892	80009f68	01eccc63	blt	x25,x30,80009f80	 x25:0x00000000 x30:0x00000000
       79925000	      7893	80009f6c	0ff0000f	fence	iorw,iorw	
       79935000	      7894	80009f70	910a	c.add	x2,x2	  x2:0x00000001  x2:0x00000001  x2=0x00000002
       79945000	      7895	80009f72	006cfdb3	and	x27,x25,x6	 x25:0x00000000  x6:0xffffffae x27=0x00000000
       79955000	      7896	80009f76	340014f3	csrrw	x9,mscratch,x0	  x0:0x00000000  x9=0x00000015
       79965000	      7897	80009f7a	017a52b3	srl	x5,x20,x23	 x20:0x00000000 x23:0x00000001  x5=0x00000000
       79975000	      7898	80009f7e	87c1	c.srai	x15,0x10	 x15:0x00000000 x15=0x00000000
       79985000	      7899	80009f80	8dc5	c.or	x11,x9	 x11:0x00000753  x9:0x00000015 x11=0x00000757
       79995000	      7900	80009f82	0ff0000f	fence	iorw,iorw	
       80005000	      7901	80009f86	197d	c.addi	x18,-1	 x18:0x0000000d x18=0x0000000c
       80035000	      7904	80009f88	02208eb3	mul	x29,x1,x2	  x1:0xffffff6c  x2:0x00000002 x29=0xfffffed8
       80045000	      7905	80009f8c	89ad	c.andi	x11,11	 x11:0x00000757 x11=0x00000003
       80055000	      7906	80009f8e	864d	c.srai	x12,0x13	 x12:0x00000000 x12=0x00000000
       80425000	      7943	80009f90	03d6e4b3	rem	x9,x13,x29	 x13:0x00000000 x29:0xfffffed8  x9=0x00000000
       80435000	      7944	80009f94	340bd0f3	csrrwi	x1,mscratch,23	  x1=0x00000000
       80455000	      7946	80009f98	034ad8b3	divu	x17,x21,x20	 x21:0x00001000 x20:0x00000000 x17=0xffffffff
       80465000	      7947	80009f9c	6169	c.addi16sp	x2,208	  x2:0x00000002  x2=0x000000d2
       80475000	      7948	80009f9e	717d	c.addi16sp	x2,-16	  x2:0x000000d2  x2=0x000000c2
       80485000	      7949	80009fa0	0089	c.addi	x1,2	  x1:0x00000000  x1=0x00000002
       80495000	      7950	80009fa2	8d55	c.or	x10,x13	 x10:0x00000015 x13:0x00000000 x10=0x00000015
       80505000	      7951	80009fa4	fa587d97	auipc	x27,0xfa587	 x27=0x7a590fa4
       80515000	      7952	80009fa8	ea01	c.bnez	x12,80009fb8	 x12:0x00000000
       80525000	      7953	80009faa	34002cf3	csrrs	x25,mscratch,x0	  x0:0x00000000 x25=0x00000017
       80535000	      7954	80009fae	8cb9	c.xor	x9,x14	  x9:0x00000000 x14:0x00000000  x9=0x00000000
       80545000	      7955	80009fb0	34029df3	csrrw	x27,mscratch,x5	  x5:0x00000000 x27=0x00000017
       80555000	      7956	80009fb4	ccdef193	andi	x3,x29,-819	 x29:0xfffffed8  x3=0xfffffcc8
       80565000	      7957	80009fb8	0223ec63	bltu	x7,x2,80009ff0	  x7:0xfaeb9c09  x2:0x000000c2
       80575000	      7958	80009fbc	01625633	srl	x12,x4,x22	  x4:0x00000000 x22:0x00000000 x12=0x00000000
       80585000	      7959	80009fc0	07bd	c.addi	x15,15	 x15:0x00000000 x15=0x0000000f
       80595000	      7960	80009fc2	0001	c.addi	x0,0	  x0:0x00000000  x0=0x00000000
       80605000	      7961	80009fc4	010c56b3	srl	x13,x24,x16	 x24:0x00000001 x16:0x00000000 x13=0x00000001
       80615000	      7962	80009fc8	c705	c.beqz	x14,80009ff0	 x14:0x00000000
       80635000	      7964	80009ff0	41bd08b3	sub	x17,x26,x27	 x26:0x80025ce4 x27:0x00000017 x17=0x80025ccd
       80645000	      7965	80009ff4	0880	c.addi4spn	x8,x2,80	  x8=0x00000112
       80655000	      7966	80009ff6	03193713	sltiu	x14,x18,49	 x18:0x0000000c x14=0x00000001
       80665000	      7967	80009ffa	98fd	c.andi	x9,-1	  x9:0x00000000  x9=0x00000000
       80705000	      7971	80009ffc	03053bb3	mulhu	x23,x10,x16	 x10:0x00000015 x16:0x00000000 x23=0x00000000
       80715000	      7972	8000a000	3406dff3	csrrwi	x31,mscratch,13	 x31=0x00000000
       80725000	      7973	8000a004	0150e6b3	or	x13,x1,x21	  x1:0x00000002 x21:0x00001000 x13=0x00001002
       80735000	      7974	8000a008	340355f3	csrrwi	x11,mscratch,6	 x11=0x0000000d
       80745000	      7975	8000a00c	cd89	c.beqz	x11,8000a026	 x11:0x0000000d
       80755000	      7976	8000a00e	00a060b3	or	x1,x0,x10	  x0:0x00000000 x10:0x00000015  x1=0x00000015
       80765000	      7977	8000a012	340a9ff3	csrrw	x31,mscratch,x21	 x21:0x00001000 x31=0x00000006
       80775000	      7978	8000a016	8c19	c.sub	x8,x14	  x8:0x00000112 x14:0x00000001  x8=0x00000111
       80785000	      7979	8000a018	e891	c.bnez	x9,8000a02c	  x9:0x00000000
       80795000	      7980	8000a01a	8d25	c.xor	x10,x9	 x10:0x00000015  x9:0x00000000 x10=0x00000015
       80805000	      7981	8000a01c	0c32	c.slli	x24,0xc	 x24:0x00000001 x24=0x00001000
       80815000	      7982	8000a01e	6969	c.lui	x18,0x1a	 x18=0x0001a000
       80825000	      7983	8000a020	cf01	c.beqz	x14,8000a038	 x14:0x00000001
       80865000	      7987	8000a022	02efbdb3	mulhu	x27,x31,x14	 x31:0x00000006 x14:0x00000001 x27=0x00000000
       80875000	      7988	8000a026	34026273	csrrsi	x4,mscratch,4	  x4=0x00001000
       80885000	      7989	8000a02a	96c2	c.add	x13,x16	 x13:0x00001002 x16:0x00000000 x13=0x00001002
       80895000	      7990	8000a02c	717d	c.addi16sp	x2,-16	  x2:0x000000c2  x2=0x000000b2
       80905000	      7991	8000a02e	169c	c.addi4spn	x15,x2,864	 x15=0x00000412
       80915000	      7992	8000a030	49053213	sltiu	x4,x10,1168	 x10:0x00000015  x4=0x00000001
       80925000	      7993	8000a034	cb61a013	slti	x0,x3,-842	  x3:0xfffffcc8  x0=0x00000000
       80935000	      7994	8000a038	001d1b93	slli	x23,x26,0x1	 x26:0x80025ce4 x23=0x0004b9c8
       80945000	      7995	8000a03c	340eddf3	csrrwi	x27,mscratch,29	 x27=0x00001004
       80955000	      7996	8000a040	9a8f2813	slti	x16,x30,-1624	 x30:0x00000000 x16=0x00000000
       80965000	      7997	8000a044	01a21a13	slli	x20,x4,0x1a	  x4:0x00000001 x20=0x04000000
       80975000	      7998	8000a048	01632333	slt	x6,x6,x22	  x6:0xffffffae x22:0x00000000  x6=0x00000001
       80985000	      7999	8000a04c	00741f33	sll	x30,x8,x7	  x8:0x00000111  x7:0xfaeb9c09 x30=0x00022200
       80995000	      8000	8000a050	066d2713	slti	x14,x26,102	 x26:0x80025ce4 x14=0x00000001
       81005000	      8001	8000a054	01871413	slli	x8,x14,0x18	 x14:0x00000001  x8=0x01000000
       81015000	      8002	8000a058	f2efc213	xori	x4,x31,-210	 x31:0x00000006  x4=0xffffff28
       81025000	      8003	8000a05c	042b1463	bne	x22,x2,8000a0a4	 x22:0x00000000  x2:0x000000b2
       81065000	      8007	8000a0a4	03f50db3	mul	x27,x10,x31	 x10:0x00000015 x31:0x00000006 x27=0x0000007e
       81075000	      8008	8000a0a8	01239963	bne	x7,x18,8000a0ba	  x7:0xfaeb9c09 x18:0x0001a000
       81095000	      8010	8000a0ba	08ba	c.slli	x17,0xe	 x17:0x80025ccd x17=0x97334000
       81105000	      8011	8000a0bc	0316f563	bgeu	x13,x17,8000a0e6	 x13:0x00001002 x17:0x97334000
       81115000	      8012	8000a0c0	3400d573	csrrwi	x10,mscratch,1	 x10=0x0000001d
       81125000	      8013	8000a0c4	8eee	c.mv	x29,x27	  x0:0x00000000 x27:0x0000007e x29=0x0000007e
       81135000	      8014	8000a0c6	340c2c73	csrrs	x24,mscratch,x24	 x24:0x00001000 x24=0x00000001
       81145000	      8015	8000a0ca	8265	c.srli	x12,0x19	 x12:0x00000000 x12=0x00000000
       81165000	      8017	8000a0cc	03cb5fb3	divu	x31,x22,x28	 x22:0x00000000 x28:0x00000000 x31=0xffffffff
       81175000	      8018	8000a0d0	0000100f	fence.i	
       81195000	      8020	8000a0d4	0ff0000f	fence	iorw,iorw	
       81205000	      8021	8000a0d8	717d	c.addi16sp	x2,-16	  x2:0x000000b2  x2=0x000000a2
       81215000	      8022	8000a0da	34035073	csrrwi	x0,mscratch,6	  x0=0x00000000
       81585000	      8059	8000a0de	03b3c633	div	x12,x7,x27	  x7:0xfaeb9c09 x27:0x0000007e x12=0xfff5adf0
       81595000	      8060	8000a0e2	3df7d597	auipc	x11,0x3df7d	 x11=0xbdf870e2
       81605000	      8061	8000a0e6	00bde763	bltu	x27,x11,8000a0f4	 x27:0x0000007e x11:0xbdf870e2
       81625000	      8063	8000a0f4	006cea33	or	x20,x25,x6	 x25:0x00000017  x6:0x00000001 x20=0x00000017
       81635000	      8064	8000a0f8	41edd233	sra	x4,x27,x30	 x27:0x0000007e x30:0x00022200  x4=0x0000007e
       81645000	      8065	8000a0fc	0ff0000f	fence	iorw,iorw	
       81655000	      8066	8000a100	04fdc463	blt	x27,x15,8000a148	 x27:0x0000007e x15:0x00000412
       81675000	      8068	8000a148	8ce2	c.mv	x25,x24	  x0:0x00000000 x24:0x00000001 x25=0x00000001
       81685000	      8069	8000a14a	9a7d	c.andi	x12,-1	 x12:0xfff5adf0 x12=0xfff5adf0
       81695000	      8070	8000a14c	02d65a63	bge	x12,x13,8000a180	 x12:0xfff5adf0 x13:0x00001002
       81705000	      8071	8000a150	8dd9	c.or	x11,x14	 x11:0xbdf870e2 x14:0x00000001 x11=0xbdf870e3
       81745000	      8075	8000a152	02e5af33	mulhsu	x30,x11,x14	 x11:0xbdf870e3 x14:0x00000001 x30=0xffffffff
       81755000	      8076	8000a156	0b88	c.addi4spn	x10,x2,464	 x10=0x00000272
       81765000	      8077	8000a158	1e7d	c.addi	x28,-1	 x28:0x00000000 x28=0xffffffff
       81775000	      8078	8000a15a	9a7d	c.andi	x12,-1	 x12:0xfff5adf0 x12=0xfff5adf0
       81785000	      8079	8000a15c	340f3f73	csrrc	x30,mscratch,x30	 x30:0xffffffff x30=0x00000006
       82155000	      8116	8000a160	026e7ab3	remu	x21,x28,x6	 x28:0xffffffff  x6:0x00000001 x21=0x00000000
       82165000	      8117	8000a164	6d99	c.lui	x27,0x6	 x27=0x00006000
       82175000	      8118	8000a166	a3a68b93	addi	x23,x13,-1478	 x13:0x00001002 x23=0x00000a3c
       82195000	      8120	8000a16a	029451b3	divu	x3,x8,x9	  x8:0x01000000  x9:0x00000000  x3=0xffffffff
       82565000	      8157	8000a16e	023e6bb3	rem	x23,x28,x3	 x28:0xffffffff  x3:0xffffffff x23=0x00000000
       82575000	      8158	8000a172	01436033	or	x0,x6,x20	  x6:0x00000001 x20:0x00000017  x0=0x00000000
       82585000	      8159	8000a176	009a75b3	and	x11,x20,x9	 x20:0x00000017  x9:0x00000000 x11=0x00000000
       82595000	      8160	8000a17a	010361b3	or	x3,x6,x16	  x6:0x00000001 x16:0x00000000  x3=0x00000001
       82605000	      8161	8000a17e	0001	c.addi	x0,0	  x0:0x00000000  x0=0x00000000
       82615000	      8162	8000a180	0001	c.addi	x0,0	  x0:0x00000000  x0=0x00000000
       82625000	      8163	8000a182	012a5e63	bge	x20,x18,8000a19e	 x20:0x00000017 x18:0x0001a000
       82635000	      8164	8000a186	00896433	or	x8,x18,x8	 x18:0x0001a000  x8:0x01000000  x8=0x0101a000
       82645000	      8165	8000a18a	41e7de33	sra	x28,x15,x30	 x15:0x00000412 x30:0x00000006 x28=0x00000010
       82655000	      8166	8000a18e	183df813	andi	x16,x27,387	 x27:0x00006000 x16=0x00000000
       82665000	      8167	8000a192	eb82e813	ori	x16,x5,-328	  x5:0x00000000 x16=0xfffffeb8
       82675000	      8168	8000a196	8f21	c.xor	x14,x8	 x14:0x00000001  x8:0x0101a000 x14=0x0101a001
       82685000	      8169	8000a198	9ef6	c.add	x29,x29	 x29:0x0000007e x29:0x0000007e x29=0x000000fc
       82695000	      8170	8000a19a	00174633	xor	x12,x14,x1	 x14:0x0101a001  x1:0x00000015 x12=0x0101a014
       82705000	      8171	8000a19e	1dd99637	lui	x12,0x1dd99	 x12=0x1dd99000
       82715000	      8172	8000a1a2	68c9	c.lui	x17,0x12	 x17=0x00012000
       82725000	      8173	8000a1a4	41005593	srai	x11,x0,0x10	  x0:0x00000000 x11=0x00000000
       83095000	      8210	8000a1a8	02ab5233	divu	x4,x22,x10	 x22:0x00000000 x10:0x00000272  x4=0x00000000
       83105000	      8211	8000a1ac	f2f4df97	auipc	x31,0xf2f4d	 x31=0x72f571ac
       83115000	      8212	8000a1b0	0ff0000f	fence	iorw,iorw	
       83125000	      8213	8000a1b4	8e5d	c.or	x12,x15	 x12:0x1dd99000 x15:0x00000412 x12=0x1dd99412
       83135000	      8214	8000a1b6	029f1e63	bne	x30,x9,8000a1f2	 x30:0x00000006  x9:0x00000000
       83165000	      8217	8000a1f2	34002bf3	csrrs	x23,mscratch,x0	  x0:0x00000000 x23=0x00000000
       83175000	      8218	8000a1f6	01d8c563	blt	x17,x29,8000a200	 x17:0x00012000 x29:0x000000fc
       83185000	      8219	8000a1fa	34076b73	csrrsi	x22,mscratch,14	 x22=0x00000000
       83195000	      8220	8000a1fe	0872	c.slli	x16,0x1c	 x16:0xfffffeb8 x16=0x80000000
       83205000	      8221	8000a200	472e8193	addi	x3,x29,1138	 x29:0x000000fc  x3=0x0000056e
       83575000	      8258	8000a204	02d745b3	div	x11,x14,x13	 x14:0x0101a001 x13:0x00001002 x11=0x00001017
       83585000	      8259	8000a208	0135ce33	xor	x28,x11,x19	 x11:0x00001017 x19:0x80021e0c x28=0x80020e1b
       83595000	      8260	8000a20c	40375bb3	sra	x23,x14,x3	 x14:0x0101a001  x3:0x0000056e x23=0x00000406
       83605000	      8261	8000a210	3406af73	csrrs	x30,mscratch,x13	 x13:0x00001002 x30=0x0000000e
       83615000	      8262	8000a214	1cd5e513	ori	x10,x11,461	 x11:0x00001017 x10=0x000011df
       83625000	      8263	8000a218	41098cb3	sub	x25,x19,x16	 x19:0x80021e0c x16:0x80000000 x25=0x00021e0c
       83655000	      8266	8000a21c	032a04b3	mul	x9,x20,x18	 x20:0x00000017 x18:0x0001a000  x9=0x00256000
       83675000	      8268	8000a220	02415cb3	divu	x25,x2,x4	  x2:0x000000a2  x4:0x00000000 x25=0xffffffff
       83685000	      8269	8000a224	02e61963	bne	x12,x14,8000a256	 x12:0x1dd99412 x14:0x0101a001
       83705000	      8271	8000a256	0001	c.addi	x0,0	  x0:0x00000000  x0=0x00000000
       83715000	      8272	8000a258	34063f73	csrrc	x30,mscratch,x12	 x12:0x1dd99412 x30=0x0000100e
       83725000	      8273	8000a25c	9686	c.add	x13,x1	 x13:0x00001002  x1:0x00000015 x13=0x00001017
       83735000	      8274	8000a25e	8159	c.srli	x10,0x16	 x10:0x000011df x10=0x00000000
       83745000	      8275	8000a260	0000100f	fence.i	
       83765000	      8277	8000a264	8fea	c.mv	x31,x26	  x0:0x00000000 x26:0x80025ce4 x31=0x80025ce4
       83775000	      8278	8000a266	34039873	csrrw	x16,mscratch,x7	  x7:0xfaeb9c09 x16=0x0000000c
       83785000	      8279	8000a26a	01e4cd63	blt	x9,x30,8000a284	  x9:0x00256000 x30:0x0000100e
       83795000	      8280	8000a26e	8aee	c.mv	x21,x27	  x0:0x00000000 x27:0x00006000 x21=0x00006000
       83805000	      8281	8000a270	001631b3	sltu	x3,x12,x1	 x12:0x1dd99412  x1:0x00000015  x3=0x00000000
       83845000	      8285	8000a274	03fea833	mulhsu	x16,x29,x31	 x29:0x000000fc x31:0x80025ce4 x16=0x0000007e
       83855000	      8286	8000a278	0000100f	fence.i	
       83875000	      8288	8000a27c	05864163	blt	x12,x24,8000a2be	 x12:0x1dd99412 x24:0x00000001
       83885000	      8289	8000a280	06d67f13	andi	x30,x12,109	 x12:0x1dd99412 x30=0x00000000
       83895000	      8290	8000a284	8f05	c.sub	x14,x9	 x14:0x0101a001  x9:0x00256000 x14=0x00dc4001
       83905000	      8291	8000a286	400adfb3	sra	x31,x21,x0	 x21:0x00006000  x0:0x00000000 x31=0x00006000
       83915000	      8292	8000a28a	41755c93	srai	x25,x10,0x17	 x10:0x00000000 x25=0x00000000
       83925000	      8293	8000a28e	8211	c.srli	x12,0x4	 x12:0x1dd99412 x12=0x01dd9941
       83935000	      8294	8000a290	6b537493	andi	x9,x6,1717	  x6:0x00000001  x9=0x00000001
       83945000	      8295	8000a294	0ff0000f	fence	iorw,iorw	
       83955000	      8296	8000a298	0b7a3313	sltiu	x6,x20,183	 x20:0x00000017  x6=0x00000001
       83965000	      8297	8000a29c	8d89	c.sub	x11,x10	 x11:0x00001017 x10:0x00000000 x11=0x00001017
       83975000	      8298	8000a29e	616d	c.addi16sp	x2,240	  x2:0x000000a2  x2=0x00000192
       83985000	      8299	8000a2a0	00796663	bltu	x18,x7,8000a2ac	 x18:0x0001a000  x7:0xfaeb9c09
       84005000	      8301	8000a2ac	03795f63	bge	x18,x23,8000a2ea	 x18:0x0001a000 x23:0x00000406
       84025000	      8303	8000a2ea	717d	c.addi16sp	x2,-16	  x2:0x00000192  x2=0x00000182
       84395000	      8340	8000a2ec	03f04b33	div	x22,x0,x31	  x0:0x00000000 x31:0x00006000 x22=0x00000000
       84405000	      8341	8000a2f0	0001	c.addi	x0,0	  x0:0x00000000  x0=0x00000000
       84415000	      8342	8000a2f2	91ea	c.add	x3,x26	  x3:0x00000000 x26:0x80025ce4  x3=0x80025ce4
       84425000	      8343	8000a2f4	caaa3c97	auipc	x25,0xcaaa3	 x25=0x4aaad2f4
       84435000	      8344	8000a2f8	010d2b33	slt	x22,x26,x16	 x26:0x80025ce4 x16:0x0000007e x22=0x00000001
       84445000	      8345	8000a2fc	8fea	c.mv	x31,x26	  x0:0x00000000 x26:0x80025ce4 x31=0x80025ce4
       84815000	      8382	8000a2fe	02f37333	remu	x6,x6,x15	  x6:0x00000001 x15:0x00000412  x6=0x00000001
       84825000	      8383	8000a302	0cc9	c.addi	x25,18	 x25:0x4aaad2f4 x25=0x4aaad306
       84835000	      8384	8000a304	9862	c.add	x16,x24	 x16:0x0000007e x24:0x00000001 x16=0x0000007f
       84845000	      8385	8000a306	df59f113	andi	x2,x19,-523	 x19:0x80021e0c  x2=0x80021c04
       84855000	      8386	8000a30a	015ab5b3	sltu	x11,x21,x21	 x21:0x00006000 x21:0x00006000 x11=0x00000000
       84865000	      8387	8000a30e	0138c263	blt	x17,x19,8000a312	 x17:0x00012000 x19:0x80021e0c
       84875000	      8388	8000a312	0ff0000f	fence	iorw,iorw	
       84885000	      8389	8000a316	34a96b93	ori	x23,x18,842	 x18:0x0001a000 x23=0x0001a34a
       84895000	      8390	8000a31a	340beaf3	csrrsi	x21,mscratch,23	 x21=0xfaeb9c09
       84905000	      8391	8000a31e	c219	c.beqz	x12,8000a324	 x12:0x01dd9941
       85275000	      8428	8000a320	033d4733	div	x14,x26,x19	 x26:0x80025ce4 x19:0x80021e0c x14=0x00000000
       85285000	      8429	8000a324	197d	c.addi	x18,-1	 x18:0x0001a000 x18=0x00019fff
       85655000	      8466	8000a326	02c06533	rem	x10,x0,x12	  x0:0x00000000 x12:0x01dd9941 x10=0x00000000
       85665000	      8467	8000a32a	4011dbb3	sra	x23,x3,x1	  x3:0x80025ce4  x1:0x00000015 x23=0xfffffc00
       85675000	      8468	8000a32e	03bd4263	blt	x26,x27,8000a352	 x26:0x80025ce4 x27:0x00006000
       85705000	      8471	8000a352	2d567e13	andi	x28,x12,725	 x12:0x01dd9941 x28=0x00000041
       85715000	      8472	8000a356	01a3dc13	srli	x24,x7,0x1a	  x7:0xfaeb9c09 x24=0x0000003e
       85725000	      8473	8000a35a	8451	c.srai	x8,0x14	  x8:0x0101a000  x8=0x00000010
       85735000	      8474	8000a35c	7fff6437	lui	x8,0x7fff6	  x8=0x7fff6000
       85745000	      8475	8000a360	8d59	c.or	x10,x14	 x10:0x00000000 x14:0x00000000 x10=0x00000000
       85755000	      8476	8000a362	7c288093	addi	x1,x17,1986	 x17:0x00012000  x1=0x000127c2
       85765000	      8477	8000a366	0ff0000f	fence	iorw,iorw	
       85775000	      8478	8000a36a	01026233	or	x4,x4,x16	  x4:0x00000000 x16:0x0000007f  x4=0x0000007f
       85805000	      8481	8000a36e	03fb8933	mul	x18,x23,x31	 x23:0xfffffc00 x31:0x80025ce4 x18=0xf68c7000
       85815000	      8482	8000a372	6695	c.lui	x13,0x5	 x13=0x00005000
       86185000	      8519	8000a374	03fc7933	remu	x18,x24,x31	 x24:0x0000003e x31:0x80025ce4 x18=0x0000003e
       86195000	      8520	8000a378	717d	c.addi16sp	x2,-16	  x2:0x80021c04  x2=0x80021bf4
       86205000	      8521	8000a37a	00bea933	slt	x18,x29,x11	 x29:0x000000fc x11:0x00000000 x18=0x00000000
       86575000	      8558	8000a37e	03997433	remu	x8,x18,x25	 x18:0x00000000 x25:0x4aaad306  x8=0x00000000
       86585000	      8559	8000a382	4729f013	andi	x0,x19,1138	 x19:0x80021e0c  x0=0x00000000
       86595000	      8560	8000a386	0e32	c.slli	x28,0xc	 x28:0x00000041 x28=0x00041000
       86605000	      8561	8000a388	4c31f113	andi	x2,x3,1219	  x3:0x80025ce4  x2=0x000004c0
       86615000	      8562	8000a38c	1794	c.addi4spn	x13,x2,992	 x13=0x000008a0
       86625000	      8563	8000a38e	8886	c.mv	x17,x1	  x0:0x00000000  x1:0x000127c2 x17=0x000127c2
       86635000	      8564	8000a390	00a68f33	add	x30,x13,x10	 x13:0x000008a0 x10:0x00000000 x30=0x000008a0
       86645000	      8565	8000a394	0ff0000f	fence	iorw,iorw	
       86655000	      8566	8000a398	00adf6b3	and	x13,x27,x10	 x27:0x00006000 x10:0x00000000 x13=0x00000000
       86665000	      8567	8000a39c	1e7d	c.addi	x28,-1	 x28:0x00041000 x28=0x00040fff
       86675000	      8568	8000a39e	ee85	c.bnez	x13,8000a3d6	 x13:0x00000000
       86685000	      8569	8000a3a0	04ca4363	blt	x20,x12,8000a3e6	 x20:0x00000017 x12:0x01dd9941
       86715000	      8572	8000a3e6	aab37293	andi	x5,x6,-1365	  x6:0x00000001  x5=0x00000001
       86725000	      8573	8000a3ea	01df10b3	sll	x1,x30,x29	 x30:0x000008a0 x29:0x000000fc  x1=0x00000000
       86735000	      8574	8000a3ee	01ced2b3	srl	x5,x29,x28	 x29:0x000000fc x28:0x00040fff  x5=0x00000000
       86765000	      8577	8000a3f2	02168db3	mul	x27,x13,x1	 x13:0x00000000  x1:0x00000000 x27=0x00000000
       87135000	      8614	8000a3f6	03815833	divu	x16,x2,x24	  x2:0x000004c0 x24:0x0000003e x16=0x00000013
       87145000	      8615	8000a3fa	01854233	xor	x4,x10,x24	 x10:0x00000000 x24:0x0000003e  x4=0x0000003e
       87155000	      8616	8000a3fe	e3b1	c.bnez	x15,8000a442	 x15:0x00000412
       87175000	      8618	8000a442	717d	c.addi16sp	x2,-16	  x2:0x000004c0  x2=0x000004b0
       87185000	      8619	8000a444	e009	c.bnez	x8,8000a446	  x8:0x00000000
       87195000	      8620	8000a446	011c6a33	or	x20,x24,x17	 x24:0x0000003e x17:0x000127c2 x20=0x000127fe
       87205000	      8621	8000a44a	40b95313	srai	x6,x18,0xb	 x18:0x00000000  x6=0x00000000
       87215000	      8622	8000a44e	8711	c.srai	x14,0x4	 x14:0x00000000 x14=0x00000000
       87225000	      8623	8000a450	8d51	c.or	x10,x12	 x10:0x00000000 x12:0x01dd9941 x10=0x01dd9941
       87235000	      8624	8000a452	01ca02b3	add	x5,x20,x28	 x20:0x000127fe x28:0x00040fff  x5=0x000537fd
       87245000	      8625	8000a456	94c2	c.add	x9,x16	  x9:0x00000001 x16:0x00000013  x9=0x00000014
       87255000	      8626	8000a458	01376463	bltu	x14,x19,8000a460	 x14:0x00000000 x19:0x80021e0c
       87275000	      8628	8000a460	e78d	c.bnez	x15,8000a48a	 x15:0x00000412
       87335000	      8634	8000a48a	0317beb3	mulhu	x29,x15,x17	 x15:0x00000412 x17:0x000127c2 x29=0x00000000
       87345000	      8635	8000a48e	03414b63	blt	x2,x20,8000a4c4	  x2:0x000004b0 x20:0x000127fe
       87365000	      8637	8000a4c4	8021	c.srli	x8,0x8	  x8:0x00000000  x8=0x00000000
       87375000	      8638	8000a4c6	002d3cb3	sltu	x25,x26,x2	 x26:0x80025ce4  x2:0x000004b0 x25=0x00000000
       87385000	      8639	8000a4ca	005bec63	bltu	x23,x5,8000a4e2	 x23:0xfffffc00  x5:0x000537fd
       87395000	      8640	8000a4ce	01217433	and	x8,x2,x18	  x2:0x000004b0 x18:0x00000000  x8=0x00000000
       87405000	      8641	8000a4d2	8f65	c.and	x14,x9	 x14:0x00000000  x9:0x00000014 x14=0x00000000
       87415000	      8642	8000a4d4	3403d7f3	csrrwi	x15,mscratch,7	 x15=0xfaeb9c1f
       87425000	      8643	8000a4d8	00b31c13	slli	x24,x6,0xb	  x6:0x00000000 x24=0x00000000
       87435000	      8644	8000a4dc	0000100f	fence.i	
       87455000	      8646	8000a4e0	9aee	c.add	x21,x27	 x21:0xfaeb9c09 x27:0x00000000 x21=0xfaeb9c09
       87465000	      8647	8000a4e2	001012b3	sll	x5,x0,x1	  x0:0x00000000  x1:0x00000000  x5=0x00000000
       87475000	      8648	8000a4e6	00ebc4b3	xor	x9,x23,x14	 x23:0xfffffc00 x14:0x00000000  x9=0xfffffc00
       87485000	      8649	8000a4ea	0665	c.addi	x12,25	 x12:0x01dd9941 x12=0x01dd995a
       87495000	      8650	8000a4ec	019d9b93	slli	x23,x27,0x19	 x27:0x00000000 x23=0x00000000
       87505000	      8651	8000a4f0	8ebe	c.mv	x29,x15	  x0:0x00000000 x15:0xfaeb9c1f x29=0xfaeb9c1f
       87515000	      8652	8000a4f2	40c2db33	sra	x22,x5,x12	  x5:0x00000000 x12:0x01dd995a x22=0x00000000
       87525000	      8653	8000a4f6	83dd	c.srli	x15,0x17	 x15:0xfaeb9c1f x15=0x000001f5
       87535000	      8654	8000a4f8	e219	c.bnez	x12,8000a4fe	 x12:0x01dd995a
       87565000	      8657	8000a4fe	9e757313	andi	x6,x10,-1561	 x10:0x01dd9941  x6=0x01dd9941
       87575000	      8658	8000a502	0053ceb3	xor	x29,x7,x5	  x7:0xfaeb9c09  x5:0x00000000 x29=0xfaeb9c09
       87585000	      8659	8000a506	012b6133	or	x2,x22,x18	 x22:0x00000000 x18:0x00000000  x2=0x00000000
       87595000	      8660	8000a50a	031fc863	blt	x31,x17,8000a53a	 x31:0x80025ce4 x17:0x000127c2
       87635000	      8664	8000a53a	02de4833	div	x16,x28,x13	 x28:0x00040fff x13:0x00000000 x16=0xffffffff
       87645000	      8665	8000a53e	018e8563	beq	x29,x24,8000a548	 x29:0xfaeb9c09 x24:0x00000000
       87655000	      8666	8000a542	010a1813	slli	x16,x20,0x10	 x20:0x000127fe x16=0x27fe0000
       87665000	      8667	8000a546	8535	c.srai	x10,0xd	 x10:0x01dd9941 x10=0x00000eec
       87675000	      8668	8000a548	340e11f3	csrrw	x3,mscratch,x28	 x28:0x00040fff  x3=0x00000007
       87685000	      8669	8000a54c	613d	c.addi16sp	x2,480	  x2:0x00000000  x2=0x000001e0
       87695000	      8670	8000a54e	0001	c.addi	x0,0	  x0:0x00000000  x0=0x00000000
       87705000	      8671	8000a550	01f34863	blt	x6,x31,8000a560	  x6:0x01dd9941 x31:0x80025ce4
       87715000	      8672	8000a554	018721b3	slt	x3,x14,x24	 x14:0x00000000 x24:0x00000000  x3=0x00000000
       87725000	      8673	8000a558	002538b3	sltu	x17,x10,x2	 x10:0x00000eec  x2:0x000001e0 x17=0x00000000
       87735000	      8674	8000a55c	402e8133	sub	x2,x29,x2	 x29:0xfaeb9c09  x2:0x000001e0  x2=0xfaeb9a29
       87745000	      8675	8000a560	3406a873	csrrs	x16,mscratch,x13	 x13:0x00000000 x16=0x00040fff
       87755000	      8676	8000a564	ad333c13	sltiu	x24,x6,-1325	  x6:0x01dd9941 x24=0x00000001
       87765000	      8677	8000a568	17fd	c.addi	x15,-1	 x15:0x000001f5 x15=0x000001f4
       87775000	      8678	8000a56a	340a1c73	csrrw	x24,mscratch,x20	 x20:0x000127fe x24=0x00040fff
       87785000	      8679	8000a56e	34007cf3	csrrci	x25,mscratch,0	 x25=0x000127fe
       87795000	      8680	8000a572	00e54333	xor	x6,x10,x14	 x10:0x00000eec x14:0x00000000  x6=0x00000eec
       87805000	      8681	8000a576	9a7d	c.andi	x12,-1	 x12:0x01dd995a x12=0x01dd995a
       87815000	      8682	8000a578	7b90fd93	andi	x27,x1,1977	  x1:0x00000000 x27=0x00000000
       87825000	      8683	8000a57c	0500	c.addi4spn	x8,x2,640	  x8=0xfaeb9ca9
       87865000	      8687	8000a57e	032db2b3	mulhu	x5,x27,x18	 x27:0x00000000 x18:0x00000000  x5=0x00000000
       87875000	      8688	8000a582	41c8d333	sra	x6,x17,x28	 x17:0x00000000 x28:0x00040fff  x6=0x00000000
       87885000	      8689	8000a586	87fd	c.srai	x15,0x1f	 x15:0x000001f4 x15=0x00000000
       87895000	      8690	8000a588	8c95	c.sub	x9,x13	  x9:0xfffffc00 x13:0x00000000  x9=0xfffffc00
       87905000	      8691	8000a58a	340cdc73	csrrwi	x24,mscratch,25	 x24=0x000127fe
       87915000	      8692	8000a58e	340065f3	csrrsi	x11,mscratch,0	 x11=0x00000019
       87925000	      8693	8000a592	41725f93	srai	x31,x4,0x17	  x4:0x0000003e x31=0x00000000
       87935000	      8694	8000a596	32126337	lui	x6,0x32126	  x6=0x32126000
       88305000	      8731	8000a59a	034beb33	rem	x22,x23,x20	 x23:0x00000000 x20:0x000127fe x22=0x00000000
       88315000	      8732	8000a59e	00b38e33	add	x28,x7,x11	  x7:0xfaeb9c09 x11:0x00000019 x28=0xfaeb9c22
       88325000	      8733	8000a5a2	8cb9	c.xor	x9,x14	  x9:0xfffffc00 x14:0x00000000  x9=0xfffffc00
       88335000	      8734	8000a5a4	0c94	c.addi4spn	x13,x2,592	 x13=0xfaeb9c79
       88375000	      8738	8000a5a6	029d2133	mulhsu	x2,x26,x9	 x26:0x80025ce4  x9:0xfffffc00  x2=0x80025ee3
       88385000	      8739	8000a5aa	34006673	csrrsi	x12,mscratch,0	 x12=0x00000019
       88395000	      8740	8000a5ae	03a18f63	beq	x3,x26,8000a5ec	  x3:0x00000000 x26:0x80025ce4
       88405000	      8741	8000a5b2	011bde13	srli	x28,x23,0x11	 x23:0x00000000 x28=0x00000000
       88415000	      8742	8000a5b6	0001	c.addi	x0,0	  x0:0x00000000  x0=0x00000000
       88435000	      8744	8000a5b8	02314233	div	x4,x2,x3	  x2:0x80025ee3  x3:0x00000000  x4=0xffffffff
       88445000	      8745	8000a5bc	987a6a13	ori	x20,x20,-1657	 x20:0x000127fe x20=0xffffffff
       88485000	      8749	8000a5c0	035f3a33	mulhu	x20,x30,x21	 x30:0x000008a0 x21:0xfaeb9c09 x20=0x00000874
       88495000	      8750	8000a5c4	0ff0000f	fence	iorw,iorw	
       88505000	      8751	8000a5c8	00634fb3	xor	x31,x6,x6	  x6:0x32126000  x6:0x32126000 x31=0x00000000
       88525000	      8753	8000a5cc	03f7e833	rem	x16,x15,x31	 x15:0x00000000 x31:0x00000000 x16=0x00000000
       88535000	      8754	8000a5d0	0001	c.addi	x0,0	  x0:0x00000000  x0=0x00000000
       88545000	      8755	8000a5d2	8c6d	c.and	x8,x11	  x8:0xfaeb9ca9 x11:0x00000019  x8=0x00000009
       88585000	      8759	8000a5d4	039aa0b3	mulhsu	x1,x21,x25	 x21:0xfaeb9c09 x25:0x000127fe  x1=0xfffffa20
       88595000	      8760	8000a5d8	34003b73	csrrc	x22,mscratch,x0	  x0:0x00000000 x22=0x00000019
       88605000	      8761	8000a5dc	6141	c.addi16sp	x2,16	  x2:0x80025ee3  x2=0x80025ef3
       88615000	      8762	8000a5de	01864233	xor	x4,x12,x24	 x12:0x00000019 x24:0x000127fe  x4=0x000127e7
       88625000	      8763	8000a5e2	8e09	c.sub	x12,x10	 x12:0x00000019 x10:0x00000eec x12=0xfffff12d
       88635000	      8764	8000a5e4	9a4e	c.add	x20,x19	 x20:0x00000874 x19:0x80021e0c x20=0x80022680
       88645000	      8765	8000a5e6	02dc0c63	beq	x24,x13,8000a61e	 x24:0x000127fe x13:0xfaeb9c79
       88655000	      8766	8000a5ea	9afd	c.andi	x13,-1	 x13:0xfaeb9c79 x13=0xfaeb9c79
       89025000	      8803	8000a5ec	03abdab3	divu	x21,x23,x26	 x23:0x00000000 x26:0x80025ce4 x21=0x00000000
       89035000	      8804	8000a5f0	78690f13	addi	x30,x18,1926	 x18:0x00000000 x30=0x00000786
       89045000	      8805	8000a5f4	8f59	c.or	x14,x14	 x14:0x00000000 x14:0x00000000 x14=0x00000000
       89085000	      8809	8000a5f6	03202633	mulhsu	x12,x0,x18	  x0:0x00000000 x18:0x00000000 x12=0x00000000
       89095000	      8810	8000a5fa	340ed4f3	csrrwi	x9,mscratch,29	  x9=0x00000019
       89105000	      8811	8000a5fe	01a431b3	sltu	x3,x8,x26	  x8:0x00000009 x26:0x80025ce4  x3=0x00000001
       89475000	      8848	8000a602	022fc933	div	x18,x31,x2	 x31:0x00000000  x2:0x80025ef3 x18=0x00000000
       89485000	      8849	8000a606	ed81	c.bnez	x11,8000a61e	 x11:0x00000019
       89505000	      8851	8000a61e	6aa1	c.lui	x21,0x8	 x21=0x00008000
       89515000	      8852	8000a620	0001	c.addi	x0,0	  x0:0x00000000  x0=0x00000000
       89525000	      8853	8000a622	01bdff63	bgeu	x27,x27,8000a640	 x27:0x00000000 x27:0x00000000
       89545000	      8855	8000a640	ca85	c.beqz	x13,8000a670	 x13:0xfaeb9c79
       89555000	      8856	8000a642	34002a73	csrrs	x20,mscratch,x0	  x0:0x00000000 x20=0x0000001d
       89925000	      8893	8000a646	02d5c233	div	x4,x11,x13	 x11:0x00000019 x13:0xfaeb9c79  x4=0x00000000
       89935000	      8894	8000a64a	c698e737	lui	x14,0xc698e	 x14=0xc698e000
       89945000	      8895	8000a64e	009aadb3	slt	x27,x21,x9	 x21:0x00008000  x9:0x00000019 x27=0x00000000
       89985000	      8899	8000a652	039618b3	mulh	x17,x12,x25	 x12:0x00000000 x25:0x000127fe x17=0x00000000
       89995000	      8900	8000a656	00e19c33	sll	x24,x3,x14	  x3:0x00000001 x14:0xc698e000 x24=0x00000001
       90005000	      8901	8000a65a	033d6663	bltu	x26,x19,8000a686	 x26:0x80025ce4 x19:0x80021e0c
       90015000	      8902	8000a65e	8c15	c.sub	x8,x13	  x8:0x00000009 x13:0xfaeb9c79  x8=0x05146390
       90025000	      8903	8000a660	2877ee93	ori	x29,x15,647	 x15:0x00000000 x29=0x00000287
       90035000	      8904	8000a664	93563893	sltiu	x17,x12,-1739	 x12:0x00000000 x17=0x00000001
       90045000	      8905	8000a668	413451b3	sra	x3,x8,x19	  x8:0x05146390 x19:0x80021e0c  x3=0x00005146
       90055000	      8906	8000a66c	34003e73	csrrc	x28,mscratch,x0	  x0:0x00000000 x28=0x0000001d
       90065000	      8907	8000a670	341d0893	addi	x17,x26,833	 x26:0x80025ce4 x17=0x80026025
       90075000	      8908	8000a674	41f6d4b3	sra	x9,x13,x31	 x13:0xfaeb9c79 x31:0x00000000  x9=0xfaeb9c79
       90085000	      8909	8000a678	8011	c.srli	x8,0x4	  x8:0x05146390  x8=0x00514639
       90105000	      8911	8000a67a	02f841b3	div	x3,x16,x15	 x16:0x00000000 x15:0x00000000  x3=0xffffffff
       90115000	      8912	8000a67e	03e46063	bltu	x8,x30,8000a69e	  x8:0x00514639 x30:0x00000786
       90125000	      8913	8000a682	00ae1433	sll	x8,x28,x10	 x28:0x0000001d x10:0x00000eec  x8=0x0001d000
       90135000	      8914	8000a686	01610a63	beq	x2,x22,8000a69a	  x2:0x80025ef3 x22:0x00000019
       90155000	      8916	8000a68a	032068b3	rem	x17,x0,x18	  x0:0x00000000 x18:0x00000000 x17=0x00000000
       90165000	      8917	8000a68e	413d56b3	sra	x13,x26,x19	 x26:0x80025ce4 x19:0x80021e0c x13=0xfff80025
       90175000	      8918	8000a692	78d9e413	ori	x8,x19,1933	 x19:0x80021e0c  x8=0x80021f8d
       90185000	      8919	8000a696	40e65033	sra	x0,x12,x14	 x12:0x00000000 x14:0xc698e000  x0=0x00000000
       90195000	      8920	8000a69a	340aacf3	csrrs	x25,mscratch,x21	 x21:0x00008000 x25=0x0000001d
       90205000	      8921	8000a69e	340b7473	csrrci	x8,mscratch,22	  x8=0x0000801d
       90215000	      8922	8000a6a2	017daab3	slt	x21,x27,x23	 x27:0x00000000 x23:0x00000000 x21=0x00000000
       90225000	      8923	8000a6a6	db5be013	ori	x0,x23,-587	 x23:0x00000000  x0=0x00000000
       90235000	      8924	8000a6aa	3408fbf3	csrrci	x23,mscratch,17	 x23=0x00008009
       90275000	      8928	8000a6ae	02ce2b33	mulhsu	x22,x28,x12	 x28:0x0000001d x12:0x00000000 x22=0x00000000
       90315000	      8932	8000a6b2	039592b3	mulh	x5,x11,x25	 x11:0x00000019 x25:0x0000001d  x5=0x00000000
       90325000	      8933	8000a6b6	01368263	beq	x13,x19,8000a6ba	 x13:0xfff80025 x19:0x80021e0c
       90335000	      8934	8000a6ba	340074f3	csrrci	x9,mscratch,0	  x9=0x00008008
       90345000	      8935	8000a6be	84bd	c.srai	x9,0xf	  x9:0x00008008  x9=0x00000001
       90355000	      8936	8000a6c0	41e38333	sub	x6,x7,x30	  x7:0xfaeb9c09 x30:0x00000786  x6=0xfaeb9483
       90365000	      8937	8000a6c4	340066f3	csrrsi	x13,mscratch,0	 x13=0x00008008
       90375000	      8938	8000a6c8	02b8d063	bge	x17,x11,8000a6e8	 x17:0x00000000 x11:0x00000019
       90745000	      8975	8000a6cc	02855c33	divu	x24,x10,x8	 x10:0x00000eec  x8:0x0000801d x24=0x00000000
       90755000	      8976	8000a6d0	01d4ba33	sltu	x20,x9,x29	  x9:0x00000001 x29:0x00000287 x20=0x00000001
       90765000	      8977	8000a6d4	8122	c.mv	x2,x8	  x0:0x00000000  x8:0x0000801d  x2=0x0000801d
       90775000	      8978	8000a6d6	870e	c.mv	x14,x3	  x0:0x00000000  x3:0xffffffff x14=0xffffffff
       90815000	      8982	8000a6d8	03e33833	mulhu	x16,x6,x30	  x6:0xfaeb9483 x30:0x00000786 x16=0x0000075f
       90855000	      8986	8000a6dc	039b3b33	mulhu	x22,x22,x25	 x22:0x00000000 x25:0x0000001d x22=0x00000000
       90865000	      8987	8000a6e0	b0ea6793	ori	x15,x20,-1266	 x20:0x00000001 x15=0xfffffb0f
       90875000	      8988	8000a6e4	49fbfa93	andi	x21,x23,1183	 x23:0x00008009 x21=0x00000009
       90885000	      8989	8000a6e8	9bfd	c.andi	x15,-1	 x15:0xfffffb0f x15=0xfffffb0f
       90895000	      8990	8000a6ea	0001	c.addi	x0,0	  x0:0x00000000  x0=0x00000000
       90905000	      8991	8000a6ec	40e85b13	srai	x22,x16,0xe	 x16:0x0000075f x22=0x00000000
       90915000	      8992	8000a6f0	b9978c17	auipc	x24,0xb9978	 x24=0x399826f0
       90955000	      8996	8000a6f4	02281833	mulh	x16,x16,x2	 x16:0x0000075f  x2:0x0000801d x16=0x00000000
       90965000	      8997	8000a6f8	1aa78513	addi	x10,x15,426	 x15:0xfffffb0f x10=0xfffffcb9
       90975000	      8998	8000a6fc	0080	c.addi4spn	x8,x2,64	  x8=0x0000805d
       90985000	      8999	8000a6fe	34006ef3	csrrsi	x29,mscratch,0	 x29=0x00008008
       91025000	      9003	8000a702	03e93533	mulhu	x10,x18,x30	 x18:0x00000000 x30:0x00000786 x10=0x00000000
       91035000	      9004	8000a706	8cd1	c.or	x9,x12	  x9:0x00000001 x12:0x00000000  x9=0x00000001
       91045000	      9005	8000a708	5b7d	c.li	x22,-1	 x22=0xffffffff
       91055000	      9006	8000a70a	8f4d	c.or	x14,x11	 x14:0xffffffff x11:0x00000019 x14=0xffffffff
       91085000	      9009	8000a70c	03710133	mul	x2,x2,x23	  x2:0x0000801d x23:0x00008009  x2=0x40130105
       91125000	      9013	8000a710	03723c33	mulhu	x24,x4,x23	  x4:0x00000000 x23:0x00008009 x24=0x00000000
       91135000	      9014	8000a714	00b85813	srli	x16,x16,0xb	 x16:0x00000000 x16=0x00000000
       91145000	      9015	8000a718	01d85f93	srli	x31,x16,0x1d	 x16:0x00000000 x31=0x00000000
       91155000	      9016	8000a71c	e2432e93	slti	x29,x6,-476	  x6:0xfaeb9483 x29=0x00000001
       91165000	      9017	8000a720	00d5feb3	and	x29,x11,x13	 x11:0x00000019 x13:0x00008008 x29=0x00000008
       91175000	      9018	8000a724	6da1	c.lui	x27,0x8	 x27=0x00008000
       91185000	      9019	8000a726	0263fc63	bgeu	x7,x6,8000a75e	  x7:0xfaeb9c09  x6:0xfaeb9483
       91205000	      9021	8000a75e	8311	c.srli	x14,0x4	 x14:0xffffffff x14=0x0fffffff
       91245000	      9025	8000a760	02899333	mulh	x6,x19,x8	 x19:0x80021e0c  x8:0x0000805d  x6=0xffffbfd2
       91255000	      9026	8000a764	ca01	c.beqz	x12,8000a774	 x12:0x00000000
       91275000	      9028	8000a774	62a1	c.lui	x5,0x8	  x5=0x00008000
       91285000	      9029	8000a776	02e17263	bgeu	x2,x14,8000a79a	  x2:0x40130105 x14:0x0fffffff
       91315000	      9032	8000a79a	00b55a13	srli	x20,x10,0xb	 x10:0x00000000 x20=0x00000000
       91325000	      9033	8000a79e	c089	c.beqz	x9,8000a7a0	  x9:0x00000001
       91335000	      9034	8000a7a0	02114f63	blt	x2,x1,8000a7de	  x2:0x40130105  x1:0xfffffa20
       91345000	      9035	8000a7a4	44bb3b13	sltiu	x22,x22,1099	 x22:0xffffffff x22=0x00000000
       91375000	      9038	8000a7a8	023d8233	mul	x4,x27,x3	 x27:0x00008000  x3:0xffffffff  x4=0xffff8000
       91385000	      9039	8000a7ac	007b3933	sltu	x18,x22,x7	 x22:0x00000000  x7:0xfaeb9c09 x18=0x00000001
       91395000	      9040	8000a7b0	57fd	c.li	x15,-1	 x15=0xffffffff
       91405000	      9041	8000a7b2	340b9df3	csrrw	x27,mscratch,x23	 x23:0x00008009 x27=0x00008008
       91415000	      9042	8000a7b6	00895533	srl	x10,x18,x8	 x18:0x00000001  x8:0x0000805d x10=0x00000000
       91435000	      9044	8000a7ba	02a15ab3	divu	x21,x2,x10	  x2:0x40130105 x10:0x00000000 x21=0xffffffff
       91475000	      9048	8000a7be	0376b233	mulhu	x4,x13,x23	 x13:0x00008008 x23:0x00008009  x4=0x00000000
       91485000	      9049	8000a7c2	340b5c73	csrrwi	x24,mscratch,22	 x24=0x00008009
       91495000	      9050	8000a7c6	416d0033	sub	x0,x26,x22	 x26:0x80025ce4 x22:0x00000000  x0=0x00000000
       91865000	      9087	8000a7ca	022447b3	div	x15,x8,x2	  x8:0x0000805d  x2:0x40130105 x15=0x00000000
       91875000	      9088	8000a7ce	01201563	bne	x0,x18,8000a7d8	  x0:0x00000000 x18:0x00000001
       91895000	      9090	8000a7d8	c68d	c.beqz	x13,8000a802	 x13:0x00008008
       91905000	      9091	8000a7da	01070033	add	x0,x14,x16	 x14:0x0fffffff x16:0x00000000  x0=0x00000000
       91915000	      9092	8000a7de	d042b013	sltiu	x0,x5,-764	  x5:0x00008000  x0=0x00000000
       91955000	      9096	8000a7e2	02fd9f33	mulh	x30,x27,x15	 x27:0x00008008 x15:0x00000000 x30=0x00000000
       91965000	      9097	8000a7e6	cde1ae13	slti	x28,x3,-802	  x3:0xffffffff x28=0x00000000
       91975000	      9098	8000a7ea	340cb7f3	csrrc	x15,mscratch,x25	 x25:0x0000001d x15=0x00000016
       91985000	      9099	8000a7ee	187d	c.addi	x16,-1	 x16:0x00000000 x16=0xffffffff
       91995000	      9100	8000a7f0	3035e213	ori	x4,x11,771	 x11:0x00000019  x4=0x0000031b
       92005000	      9101	8000a7f4	00510363	beq	x2,x5,8000a7fa	  x2:0x40130105  x5:0x00008000
       92015000	      9102	8000a7f8	8e01	c.sub	x12,x8	 x12:0x00000000  x8:0x0000805d x12=0xffff7fa3
       92385000	      9139	8000a7fa	032f4733	div	x14,x30,x18	 x30:0x00000000 x18:0x00000001 x14=0x00000000
       92395000	      9140	8000a7fe	431065b7	lui	x11,0x43106	 x11=0x43106000
       92405000	      9141	8000a802	1ee4cf13	xori	x30,x9,494	  x9:0x00000001 x30=0x000001ef
       92415000	      9142	8000a806	030b4e63	blt	x22,x16,8000a842	 x22:0x00000000 x16:0xffffffff
       92425000	      9143	8000a80a	15fd	c.addi	x11,-1	 x11:0x43106000 x11=0x43105fff
       92435000	      9144	8000a80c	0001	c.addi	x0,0	  x0:0x00000000  x0=0x00000000
       92445000	      9145	8000a80e	3407a573	csrrs	x10,mscratch,x15	 x15:0x00000016 x10=0x00000002
       92455000	      9146	8000a812	019e7433	and	x8,x28,x25	 x28:0x00000000 x25:0x0000001d  x8=0x00000000
       92465000	      9147	8000a816	86ed	c.srai	x13,0x1b	 x13:0x00008008 x13=0x00000000
       92475000	      9148	8000a818	00905563	bge	x0,x9,8000a822	  x0:0x00000000  x9:0x00000001
       92485000	      9149	8000a81c	8c89	c.sub	x9,x10	  x9:0x00000001 x10:0x00000002  x9=0xffffffff
       92525000	      9153	8000a81e	02fe9733	mulh	x14,x29,x15	 x29:0x00000008 x15:0x00000016 x14=0x00000000
       92535000	      9154	8000a822	01d33733	sltu	x14,x6,x29	  x6:0xffffbfd2 x29:0x00000008 x14=0x00000000
       92545000	      9155	8000a826	e08d	c.bnez	x9,8000a848	  x9:0xffffffff
       92565000	      9157	8000a848	00fe1c93	slli	x25,x28,0xf	 x28:0x00000000 x25=0x00000000
       92575000	      9158	8000a84c	01156633	or	x12,x10,x17	 x10:0x00000002 x17:0x00000000 x12=0x00000002
       92585000	      9159	8000a850	81f6	c.mv	x3,x29	  x0:0x00000000 x29:0x00000008  x3=0x00000008
       92595000	      9160	8000a852	01135663	bge	x6,x17,8000a85e	  x6:0xffffbfd2 x17:0x00000000
       92625000	      9163	8000a856	028f81b3	mul	x3,x31,x8	 x31:0x00000000  x8:0x00000000  x3=0x00000000
       92635000	      9164	8000a85a	00bfdb63	bge	x31,x11,8000a870	 x31:0x00000000 x11:0x43105fff
       92645000	      9165	8000a85e	0bf7a193	slti	x3,x15,191	 x15:0x00000016  x3=0x00000001
       92655000	      9166	8000a862	34006273	csrrsi	x4,mscratch,0	  x4=0x00000016
       92665000	      9167	8000a866	0001	c.addi	x0,0	  x0:0x00000000  x0=0x00000000
       92675000	      9168	8000a868	01e95913	srli	x18,x18,0x1e	 x18:0x00000001 x18=0x00000000
       92685000	      9169	8000a86c	0ccd	c.addi	x25,19	 x25:0x00000000 x25=0x00000013
       92695000	      9170	8000a86e	0b6a	c.slli	x22,0x1a	 x22:0x00000000 x22=0x00000000
       92705000	      9171	8000a870	d2fabd93	sltiu	x27,x21,-721	 x21:0xffffffff x27=0x00000000
       92715000	      9172	8000a874	08d70793	addi	x15,x14,141	 x14:0x00000000 x15=0x0000008d
       92725000	      9173	8000a878	340e78f3	csrrci	x17,mscratch,28	 x17=0x00000016
       92765000	      9177	8000a87c	0253a4b3	mulhsu	x9,x7,x5	  x7:0xfaeb9c09  x5:0x00008000  x9=0xfffffd75
       92775000	      9178	8000a880	01bc6e63	bltu	x24,x27,8000a89c	 x24:0x00008009 x27:0x00000000
       92785000	      9179	8000a884	48a1	c.li	x17,8	 x17=0x00000008
       92795000	      9180	8000a886	005eab33	slt	x22,x29,x5	 x29:0x00000008  x5:0x00008000 x22=0x00000001
       92805000	      9181	8000a88a	ecb2b293	sltiu	x5,x5,-309	  x5:0x00008000  x5=0x00000001
       92815000	      9182	8000a88e	8ea9	c.xor	x13,x10	 x13:0x00000000 x10:0x00000002 x13=0x00000002
       92825000	      9183	8000a890	010e1833	sll	x16,x28,x16	 x28:0x00000000 x16:0xffffffff x16=0x00000000
       92835000	      9184	8000a894	8783e713	ori	x14,x7,-1928	  x7:0xfaeb9c09 x14=0xfffffc79
       92845000	      9185	8000a898	0000100f	fence.i	
       93225000	      9223	8000a89c	039541b3	div	x3,x10,x25	 x10:0x00000002 x25:0x00000013  x3=0x00000000
       93235000	      9224	8000a8a0	8726	c.mv	x14,x9	  x0:0x00000000  x9:0xfffffd75 x14=0xfffffd75
       93245000	      9225	8000a8a2	8115	c.srli	x10,0x5	 x10:0x00000002 x10=0x00000000
       93255000	      9226	8000a8a4	000ad6b3	srl	x13,x21,x0	 x21:0xffffffff  x0:0x00000000 x13=0xffffffff
       93265000	      9227	8000a8a8	34006e73	csrrsi	x28,mscratch,0	 x28=0x00000002
       93305000	      9231	8000a8ac	02f826b3	mulhsu	x13,x16,x15	 x16:0x00000000 x15:0x0000008d x13=0x00000000
       93315000	      9232	8000a8b0	0000100f	fence.i	
       93355000	      9236	8000a8b4	02bc8f33	mul	x30,x25,x11	 x25:0x00000013 x11:0x43105fff x30=0xfa371fed
       93365000	      9237	8000a8b8	2b0af793	andi	x15,x21,688	 x21:0xffffffff x15=0x000002b0
       93395000	      9240	8000a8bc	021c0ab3	mul	x21,x24,x1	 x24:0x00008009  x1:0xfffffa20 x21=0xfd0fcb20
       93405000	      9241	8000a8c0	98784793	xori	x15,x16,-1657	 x16:0x00000000 x15=0xfffff987
       93445000	      9245	8000a8c4	024b1eb3	mulh	x29,x22,x4	 x22:0x00000001  x4:0x00000016 x29=0x00000000
       93455000	      9246	8000a8c8	03d49a63	bne	x9,x29,8000a8fc	  x9:0xfffffd75 x29:0x00000000
       93475000	      9248	8000a8fc	c209	c.beqz	x12,8000a8fe	 x12:0x00000002
       93485000	      9249	8000a8fe	8a1e	c.mv	x20,x7	  x0:0x00000000  x7:0xfaeb9c09 x20=0xfaeb9c09
       93495000	      9250	8000a900	340034f3	csrrc	x9,mscratch,x0	  x0:0x00000000  x9=0x00000002
       93505000	      9251	8000a904	0238fd63	bgeu	x17,x3,8000a93e	 x17:0x00000008  x3:0x00000000
       93535000	      9254	8000a93e	01e61fb3	sll	x31,x12,x30	 x12:0x00000002 x30:0xfa371fed x31=0x00004000
       93545000	      9255	8000a942	6cb1	c.lui	x25,0xc	 x25=0x0000c000
       93555000	      9256	8000a944	004cd193	srli	x3,x25,0x4	 x25:0x0000c000  x3=0x00000c00
       93565000	      9257	8000a948	8811	c.andi	x8,4	  x8:0x00000000  x8=0x00000000
       93575000	      9258	8000a94a	cf99	c.beqz	x15,8000a968	 x15:0xfffff987
       93585000	      9259	8000a94c	9f1e	c.add	x30,x7	 x30:0xfa371fed  x7:0xfaeb9c09 x30=0xf522bbf6
       93595000	      9260	8000a94e	e0a9	c.bnez	x9,8000a990	  x9:0x00000002
       93615000	      9262	8000a990	8d3d	c.xor	x10,x15	 x10:0x00000000 x15:0xfffff987 x10=0xfffff987
       93625000	      9263	8000a992	859d	c.srai	x11,0x7	 x11:0x43105fff x11=0x008620bf
       93635000	      9264	8000a994	8342	c.mv	x6,x16	  x0:0x00000000 x16:0x00000000  x6=0x00000000
       93645000	      9265	8000a996	0e7a	c.slli	x28,0x1e	 x28:0x00000002 x28=0x80000000
       93655000	      9266	8000a998	4241	c.li	x4,16	  x4=0x00000010
       93665000	      9267	8000a99a	00aacf33	xor	x30,x21,x10	 x21:0xfd0fcb20 x10:0xfffff987 x30=0x02f032a7
       93675000	      9268	8000a99e	340c1ef3	csrrw	x29,mscratch,x24	 x24:0x00008009 x29=0x00000002
       93685000	      9269	8000a9a2	00b74763	blt	x14,x11,8000a9b0	 x14:0xfffffd75 x11:0x008620bf
       93705000	      9271	8000a9b0	1dfd	c.addi	x27,-1	 x27:0x00000000 x27=0xffffffff
       93715000	      9272	8000a9b2	8ddd	c.or	x11,x15	 x11:0x008620bf x15:0xfffff987 x11=0xfffff9bf
       93725000	      9273	8000a9b4	e789	c.bnez	x15,8000a9be	 x15:0xfffff987
       93745000	      9275	8000a9be	717d	c.addi16sp	x2,-16	  x2:0x40130105  x2=0x401300f5
       93755000	      9276	8000a9c0	012717b3	sll	x15,x14,x18	 x14:0xfffffd75 x18:0x00000000 x15=0xfffffd75
       93765000	      9277	8000a9c4	01ec20b3	slt	x1,x24,x30	 x24:0x00008009 x30:0x02f032a7  x1=0x00000001
       93775000	      9278	8000a9c8	903e1137	lui	x2,0x903e1	  x2=0x903e1000
       93785000	      9279	8000a9cc	8e41	c.or	x12,x8	 x12:0x00000002  x8:0x00000000 x12=0x00000002
       93795000	      9280	8000a9ce	0e69	c.addi	x28,26	 x28:0x80000000 x28=0x8000001a
       93805000	      9281	8000a9d0	cf09	c.beqz	x14,8000a9ea	 x14:0xfffffd75
       93815000	      9282	8000a9d2	642c3813	sltiu	x16,x24,1602	 x24:0x00008009 x16=0x00000000
       93825000	      9283	8000a9d6	015c0cb3	add	x25,x24,x21	 x24:0x00008009 x21:0xfd0fcb20 x25=0xfd104b29
       93835000	      9284	8000a9da	0ff0000f	fence	iorw,iorw	
       93845000	      9285	8000a9de	01395f33	srl	x30,x18,x19	 x18:0x00000000 x19:0x80021e0c x30=0x00000000
       93855000	      9286	8000a9e2	0001	c.addi	x0,0	  x0:0x00000000  x0=0x00000000
       93865000	      9287	8000a9e4	8f4e	c.mv	x30,x19	  x0:0x00000000 x19:0x80021e0c x30=0x80021e0c
       93875000	      9288	8000a9e6	6761	c.lui	x14,0x18	 x14=0x00018000
       93885000	      9289	8000a9e8	6c99	c.lui	x25,0x6	 x25=0x00006000
       93895000	      9290	8000a9ea	8e45	c.or	x12,x9	 x12:0x00000002  x9:0x00000002 x12=0x00000002
       93905000	      9291	8000a9ec	1802af13	slti	x30,x5,384	  x5:0x00000001 x30=0x00000001
       93915000	      9292	8000a9f0	4185	c.li	x3,1	  x3=0x00000001
       93925000	      9293	8000a9f2	0bb5	c.addi	x23,13	 x23:0x00008009 x23=0x00008016
       93935000	      9294	8000a9f4	009b2533	slt	x10,x22,x9	 x22:0x00000001  x9:0x00000002 x10=0x00000001
       93945000	      9295	8000a9f8	717d	c.addi16sp	x2,-16	  x2:0x903e1000  x2=0x903e0ff0
       93955000	      9296	8000a9fa	014f2933	slt	x18,x30,x20	 x30:0x00000001 x20:0xfaeb9c09 x18=0x00000000
       93965000	      9297	8000a9fe	01f0c663	blt	x1,x31,8000aa0a	  x1:0x00000001 x31:0x00004000
       93995000	      9300	8000aa0a	02adf563	bgeu	x27,x10,8000aa34	 x27:0xffffffff x10:0x00000001
       94035000	      9304	8000aa34	023f0333	mul	x6,x30,x3	 x30:0x00000001  x3:0x00000001  x6=0x00000001
       94045000	      9305	8000aa38	002cc663	blt	x25,x2,8000aa44	 x25:0x00006000  x2:0x903e0ff0
       94055000	      9306	8000aa3c	03e07463	bgeu	x0,x30,8000aa64	  x0:0x00000000 x30:0x00000001
       94065000	      9307	8000aa40	018b51b3	srl	x3,x22,x24	 x22:0x00000001 x24:0x00008009  x3=0x00000000
       94075000	      9308	8000aa44	01423ab3	sltu	x21,x4,x20	  x4:0x00000010 x20:0xfaeb9c09 x21=0x00000001
       94085000	      9309	8000aa48	80cd	c.srli	x9,0x13	  x9:0x00000002  x9=0x00000000
       94095000	      9310	8000aa4a	00141d63	bne	x8,x1,8000aa64	  x8:0x00000000  x1:0x00000001
       94115000	      9312	8000aa64	8e9d	c.sub	x13,x15	 x13:0x00000000 x15:0xfffffd75 x13=0x0000028b
       94125000	      9313	8000aa66	8e61	c.and	x12,x8	 x12:0x00000002  x8:0x00000000 x12=0x00000000
       94135000	      9314	8000aa68	0ff0000f	fence	iorw,iorw	
       94145000	      9315	8000aa6c	0ff0000f	fence	iorw,iorw	
       94155000	      9316	8000aa70	340ee573	csrrsi	x10,mscratch,29	 x10=0x00008009
       94195000	      9320	8000aa74	036197b3	mulh	x15,x3,x22	  x3:0x00000000 x22:0x00000001 x15=0x00000000
       94205000	      9321	8000aa78	0000100f	fence.i	
       94225000	      9323	8000aa7c	016cdc63	bge	x25,x22,8000aa94	 x25:0x00006000 x22:0x00000001
       94245000	      9325	8000aa94	01d6a5b3	slt	x11,x13,x29	 x13:0x0000028b x29:0x00000002 x11=0x00000000
       94255000	      9326	8000aa98	633d	c.lui	x6,0xf	  x6=0x0000f000
       94265000	      9327	8000aa9a	00d72033	slt	x0,x14,x13	 x14:0x00018000 x13:0x0000028b  x0=0x00000000
       94275000	      9328	8000aa9e	0001	c.addi	x0,0	  x0:0x00000000  x0=0x00000000
       94285000	      9329	8000aaa0	8c45	c.or	x8,x9	  x8:0x00000000  x9:0x00000000  x8=0x00000000
       94295000	      9330	8000aaa2	340b2873	csrrs	x16,mscratch,x22	 x22:0x00000001 x16=0x0000801d
       94305000	      9331	8000aaa6	0001	c.addi	x0,0	  x0:0x00000000  x0=0x00000000
       94315000	      9332	8000aaa8	0068c033	xor	x0,x17,x6	 x17:0x00000008  x6:0x0000f000  x0=0x00000000
       94325000	      9333	8000aaac	00c2a6b3	slt	x13,x5,x12	  x5:0x00000001 x12:0x00000000 x13=0x00000000
       94335000	      9334	8000aab0	00f59693	slli	x13,x11,0xf	 x11:0x00000000 x13=0x00000000
       94345000	      9335	8000aab4	3d26d317	auipc	x6,0x3d26d	  x6=0xbd277ab4
       94355000	      9336	8000aab8	8d31	c.xor	x10,x12	 x10:0x00008009 x12:0x00000000 x10=0x00008009
       94365000	      9337	8000aaba	01137d63	bgeu	x6,x17,8000aad4	  x6:0xbd277ab4 x17:0x00000008
       94385000	      9339	8000aad4	03800663	beq	x0,x24,8000ab00	  x0:0x00000000 x24:0x00008009
       94395000	      9340	8000aad8	34003e73	csrrc	x28,mscratch,x0	  x0:0x00000000 x28=0x0000801d
       94405000	      9341	8000aadc	e495	c.bnez	x9,8000ab08	  x9:0x00000000
       94435000	      9344	8000aade	03200ab3	mul	x21,x0,x18	  x0:0x00000000 x18:0x00000000 x21=0x00000000
       94445000	      9345	8000aae2	3405df73	csrrwi	x30,mscratch,11	 x30=0x0000801d
       94455000	      9346	8000aae6	0014e833	or	x16,x9,x1	  x9:0x00000000  x1:0x00000001 x16=0x00000001
       94465000	      9347	8000aaea	6953eb93	ori	x23,x7,1685	  x7:0xfaeb9c09 x23=0xfaeb9e9d
       94475000	      9348	8000aaee	8be1	c.andi	x15,24	 x15:0x00000000 x15=0x00000000
       94485000	      9349	8000aaf0	3401bc73	csrrc	x24,mscratch,x3	  x3:0x00000000 x24=0x0000000b
       94495000	      9350	8000aaf4	8211	c.srli	x12,0x4	 x12:0x00000000 x12=0x00000000
       94505000	      9351	8000aaf6	409a8b33	sub	x22,x21,x9	 x21:0x00000000  x9:0x00000000 x22=0x00000000
       94515000	      9352	8000aafa	01ea0ab3	add	x21,x20,x30	 x20:0xfaeb9c09 x30:0x0000801d x21=0xfaec1c26
       94525000	      9353	8000aafe	527d	c.li	x4,-1	  x4=0xffffffff
       94535000	      9354	8000ab00	340b5273	csrrwi	x4,mscratch,22	  x4=0x0000000b
       94545000	      9355	8000ab04	3409dbf3	csrrwi	x23,mscratch,19	 x23=0x00000016
       94555000	      9356	8000ab08	34049bf3	csrrw	x23,mscratch,x9	  x9:0x00000000 x23=0x00000013
       94565000	      9357	8000ab0c	40400b33	sub	x22,x0,x4	  x0:0x00000000  x4:0x0000000b x22=0xfffffff5
       94575000	      9358	8000ab10	4106de33	sra	x28,x13,x16	 x13:0x00000000 x16:0x00000001 x28=0x00000000
       94585000	      9359	8000ab14	4709	c.li	x14,2	 x14=0x00000002
       94595000	      9360	8000ab16	00ab2bb3	slt	x23,x22,x10	 x22:0xfffffff5 x10:0x00008009 x23=0x00000001
       94605000	      9361	8000ab1a	3409f8f3	csrrci	x17,mscratch,19	 x17=0x00000000
       94615000	      9362	8000ab1e	00b6	c.slli	x1,0xd	  x1:0x00000001  x1=0x00002000
       94625000	      9363	8000ab20	34003173	csrrc	x2,mscratch,x0	  x0:0x00000000  x2=0x00000000
       94665000	      9367	8000ab24	03742833	mulhsu	x16,x8,x23	  x8:0x00000000 x23:0x00000001 x16=0x00000000
       95035000	      9404	8000ab28	0348c8b3	div	x17,x17,x20	 x17:0x00000000 x20:0xfaeb9c09 x17=0x00000000
       95045000	      9405	8000ab2c	ed85	c.bnez	x11,8000ab64	 x11:0x00000000
       95055000	      9406	8000ab2e	01ae8e63	beq	x29,x26,8000ab4a	 x29:0x00000002 x26:0x80025ce4
       95065000	      9407	8000ab32	0018e4b3	or	x9,x17,x1	 x17:0x00000000  x1:0x00002000  x9=0x00002000
       95075000	      9408	8000ab36	0ce6	c.slli	x25,0x19	 x25:0x00006000 x25=0x00000000
       95085000	      9409	8000ab38	088e	c.slli	x17,0x3	 x17:0x00000000 x17=0x00000000
       95095000	      9410	8000ab3a	05af1363	bne	x30,x26,8000ab80	 x30:0x0000801d x26:0x80025ce4
       95115000	      9412	8000ab80	34007873	csrrci	x16,mscratch,0	 x16=0x00000000
       95125000	      9413	8000ab84	8765	c.srai	x14,0x19	 x14:0x00000002 x14=0x00000000
       95495000	      9450	8000ab86	03556cb3	rem	x25,x10,x21	 x10:0x00008009 x21:0xfaec1c26 x25=0x00008009
       95865000	      9487	8000ab8a	038e76b3	remu	x13,x28,x24	 x28:0x00000000 x24:0x0000000b x13=0x00000000
       95875000	      9488	8000ab8e	717d	c.addi16sp	x2,-16	  x2:0x00000000  x2=0xfffffff0
       95885000	      9489	8000ab90	8c9d	c.sub	x9,x15	  x9:0x00002000 x15:0x00000000  x9=0x00002000
       95895000	      9490	8000ab92	e72fc637	lui	x12,0xe72fc	 x12=0xe72fc000
       95905000	      9491	8000ab96	8d41	c.or	x10,x8	 x10:0x00008009  x8:0x00000000 x10=0x00008009
       95915000	      9492	8000ab98	0001	c.addi	x0,0	  x0:0x00000000  x0=0x00000000
       95925000	      9493	8000ab9a	890a	c.mv	x18,x2	  x0:0x00000000  x2:0xfffffff0 x18=0xfffffff0
       95935000	      9494	8000ab9c	41700bb3	sub	x23,x0,x23	  x0:0x00000000 x23:0x00000001 x23=0xffffffff
       95945000	      9495	8000aba0	1449e793	ori	x15,x19,324	 x19:0x80021e0c x15=0x80021f4c
       95955000	      9496	8000aba4	0001	c.addi	x0,0	  x0:0x00000000  x0=0x00000000
       95995000	      9500	8000aba6	02472933	mulhsu	x18,x14,x4	 x14:0x00000000  x4:0x0000000b x18=0x00000000
       96005000	      9501	8000abaa	e725aa93	slti	x21,x11,-398	 x11:0x00000000 x21=0x00000000
       96015000	      9502	8000abae	01837c63	bgeu	x6,x24,8000abc6	  x6:0xbd277ab4 x24:0x0000000b
       96045000	      9505	8000abc6	01a30663	beq	x6,x26,8000abd2	  x6:0xbd277ab4 x26:0x80025ce4
       96055000	      9506	8000abca	823d	c.srli	x12,0xf	 x12:0xe72fc000 x12=0x0001ce5f
       96065000	      9507	8000abcc	e109	c.bnez	x10,8000abce	 x10:0x00008009
       96085000	      9509	8000abce	838d	c.srli	x15,0x3	 x15:0x80021f4c x15=0x100043e9
       96095000	      9510	8000abd0	58fd	c.li	x17,-1	 x17=0xffffffff
       96105000	      9511	8000abd2	8c29	c.xor	x8,x10	  x8:0x00000000 x10:0x00008009  x8=0x00008009
       96115000	      9512	8000abd4	05160517	auipc	x10,0x5160	 x10=0x8516abd4
       96485000	      9549	8000abd8	02cd5433	divu	x8,x26,x12	 x26:0x80025ce4 x12:0x0001ce5f  x8=0x000046df
       96495000	      9550	8000abdc	03f4c263	blt	x9,x31,8000ac00	  x9:0x00002000 x31:0x00004000
       96515000	      9552	8000ac00	673d	c.lui	x14,0xf	 x14=0x0000f000
       96525000	      9553	8000ac02	e943be93	sltiu	x29,x7,-364	  x7:0xfaeb9c09 x29=0x00000001
       96535000	      9554	8000ac06	01b96e63	bltu	x18,x27,8000ac22	 x18:0x00000000 x27:0xffffffff
       96565000	      9557	8000ac22	340a9a73	csrrw	x20,mscratch,x21	 x21:0x00000000 x20=0x00000000
       96575000	      9558	8000ac26	34065173	csrrwi	x2,mscratch,12	  x2=0x00000000
       96585000	      9559	8000ac2a	0000100f	fence.i	
       96605000	      9561	8000ac2e	8932	c.mv	x18,x12	  x0:0x00000000 x12:0x0001ce5f x18=0x0001ce5f
       96615000	      9562	8000ac30	8c81	c.sub	x9,x8	  x9:0x00002000  x8:0x000046df  x9=0xffffd921
       96625000	      9563	8000ac32	006f9463	bne	x31,x6,8000ac3a	 x31:0x00004000  x6:0xbd277ab4
       96645000	      9565	8000ac3a	8669	c.srai	x12,0x1a	 x12:0x0001ce5f x12=0x00000000
       97015000	      9602	8000ac3c	0277e0b3	rem	x1,x15,x7	 x15:0x100043e9  x7:0xfaeb9c09  x1=0x00c31804
       97025000	      9603	8000ac40	010facb3	slt	x25,x31,x16	 x31:0x00004000 x16:0x00000000 x25=0x00000000
       97035000	      9604	8000ac44	8795	c.srai	x15,0x5	 x15:0x100043e9 x15=0x0080021f
       97045000	      9605	8000ac46	567d	c.li	x12,-1	 x12=0xffffffff
       97055000	      9606	8000ac48	73efe097	auipc	x1,0x73efe	  x1=0xf3f08c48
       97065000	      9607	8000ac4c	005a6333	or	x6,x20,x5	 x20:0x00000000  x5:0x00000001  x6=0x00000001
       97075000	      9608	8000ac50	132cf1b7	lui	x3,0x132cf	  x3=0x132cf000
       97085000	      9609	8000ac54	00f81a63	bne	x16,x15,8000ac68	 x16:0x00000000 x15:0x0080021f
       97125000	      9613	8000ac68	02f608b3	mul	x17,x12,x15	 x12:0xffffffff x15:0x0080021f x17=0xff7ffde1
       97135000	      9614	8000ac6c	f44e2a93	slti	x21,x28,-188	 x28:0x00000000 x21=0x00000000
       97145000	      9615	8000ac70	340c3273	csrrc	x4,mscratch,x24	 x24:0x0000000b  x4=0x0000000c
       97155000	      9616	8000ac74	b2343d93	sltiu	x27,x8,-1245	  x8:0x000046df x27=0x00000001
       97165000	      9617	8000ac78	0000100f	fence.i	
       97185000	      9619	8000ac7c	010e0d63	beq	x28,x16,8000ac96	 x28:0x00000000 x16:0x00000000
       97215000	      9622	8000ac96	039d1963	bne	x26,x25,8000acc8	 x26:0x80025ce4 x25:0x00000000
       97235000	      9624	8000acc8	8d01	c.sub	x10,x8	 x10:0x8516abd4  x8:0x000046df x10=0x851664f5
       97245000	      9625	8000acca	00795333	srl	x6,x18,x7	 x18:0x0001ce5f  x7:0xfaeb9c09  x6=0x000000e7
       97255000	      9626	8000acce	92d33113	sltiu	x2,x6,-1747	  x6:0x000000e7  x2=0x00000001
       97265000	      9627	8000acd2	0c7e	c.slli	x24,0x1f	 x24:0x0000000b x24=0x80000000
       97275000	      9628	8000acd4	372ff113	andi	x2,x31,882	 x31:0x00004000  x2=0x00000000
       97285000	      9629	8000acd8	f81eac37	lui	x24,0xf81ea	 x24=0xf81ea000
       97325000	      9633	8000acdc	0276a4b3	mulhsu	x9,x13,x7	 x13:0x00000000  x7:0xfaeb9c09  x9=0x00000000
       97335000	      9634	8000ace0	1690	c.addi4spn	x12,x2,864	 x12=0x00000360
       97345000	      9635	8000ace2	41a48733	sub	x14,x9,x26	  x9:0x00000000 x26:0x80025ce4 x14=0x7ffda31c
       97375000	      9638	8000ace6	02f40933	mul	x18,x8,x15	  x8:0x000046df x15:0x0080021f x18=0x70165301
       97385000	      9639	8000acea	8ea5	c.xor	x13,x9	 x13:0x00000000  x9:0x00000000 x13=0x00000000
       97425000	      9643	8000acec	0340ae33	mulhsu	x28,x1,x20	  x1:0xf3f08c48 x20:0x00000000 x28=0x00000000
       97435000	      9644	8000acf0	8f3d	c.xor	x14,x15	 x14:0x7ffda31c x15:0x0080021f x14=0x7f7da103
       97445000	      9645	8000acf2	177d	c.addi	x14,-1	 x14:0x7f7da103 x14=0x7f7da102
       97475000	      9648	8000acf4	035087b3	mul	x15,x1,x21	  x1:0xf3f08c48 x21:0x00000000 x15=0x00000000
       97485000	      9649	8000acf8	079f7313	andi	x6,x30,121	 x30:0x0000801d  x6=0x00000019
       97495000	      9650	8000acfc	34007973	csrrci	x18,mscratch,0	 x18=0x00000004
       97505000	      9651	8000ad00	978d6d97	auipc	x27,0x978d6	 x27=0x178e0d00
       97515000	      9652	8000ad04	40ac55b3	sra	x11,x24,x10	 x24:0xf81ea000 x10:0x851664f5 x11=0xffffffc0
       97525000	      9653	8000ad08	81ce	c.mv	x3,x19	  x0:0x00000000 x19:0x80021e0c  x3=0x80021e0c
       97535000	      9654	8000ad0a	eb89	c.bnez	x15,8000ad1c	 x15:0x00000000
       97545000	      9655	8000ad0c	5f7d	c.li	x30,-1	 x30=0xffffffff
       97555000	      9656	8000ad0e	11882e13	slti	x28,x16,280	 x16:0x00000000 x28=0x00000001
       97565000	      9657	8000ad12	0001	c.addi	x0,0	  x0:0x00000000  x0=0x00000000
       97575000	      9658	8000ad14	0b4a	c.slli	x22,0x12	 x22:0xfffffff5 x22=0xffd40000
       97585000	      9659	8000ad16	34003f73	csrrc	x30,mscratch,x0	  x0:0x00000000 x30=0x00000004
       97595000	      9660	8000ad1a	0e94	c.addi4spn	x13,x2,848	 x13=0x00000350
       97605000	      9661	8000ad1c	0001	c.addi	x0,0	  x0:0x00000000  x0=0x00000000
       97615000	      9662	8000ad1e	07ae	c.slli	x15,0xb	 x15:0x00000000 x15=0x00000000
       97625000	      9663	8000ad20	00f11bb3	sll	x23,x2,x15	  x2:0x00000000 x15:0x00000000 x23=0x00000000
       97635000	      9664	8000ad24	8539	c.srai	x10,0xe	 x10:0x851664f5 x10=0xfffe1459
       97645000	      9665	8000ad26	0ed5	c.addi	x29,21	 x29:0x00000001 x29=0x00000016
       97655000	      9666	8000ad28	5dfd	c.li	x27,-1	 x27=0xffffffff
       97685000	      9669	8000ad2a	020f8eb3	mul	x29,x31,x0	 x31:0x00004000  x0:0x00000000 x29=0x00000000
       97695000	      9670	8000ad2e	97aa	c.add	x15,x10	 x15:0x00000000 x10:0xfffe1459 x15=0xfffe1459
       97705000	      9671	8000ad30	5c5aa613	slti	x12,x21,1477	 x21:0x00000000 x12=0x00000001
       97715000	      9672	8000ad34	00399a93	slli	x21,x19,0x3	 x19:0x80021e0c x21=0x0010f060
       98085000	      9709	8000ad38	0337d333	divu	x6,x15,x19	 x15:0xfffe1459 x19:0x80021e0c  x6=0x00000001
       98095000	      9710	8000ad3c	003ecb33	xor	x22,x29,x3	 x29:0x00000000  x3:0x80021e0c x22=0x80021e0c
       98105000	      9711	8000ad40	0466	c.slli	x8,0x19	  x8:0x000046df  x8=0xbe000000
       98115000	      9712	8000ad42	34065073	csrrwi	x0,mscratch,12	  x0=0x00000000
       98125000	      9713	8000ad46	84e1	c.srai	x9,0x18	  x9:0x00000000  x9=0x00000000
       98135000	      9714	8000ad48	8221	c.srli	x12,0x8	 x12:0x00000001 x12=0x00000000
       98145000	      9715	8000ad4a	472d	c.li	x14,11	 x14=0x0000000b
       98155000	      9716	8000ad4c	04495263	bge	x18,x4,8000ad90	 x18:0x00000004  x4:0x0000000c
       98165000	      9717	8000ad50	03b98563	beq	x19,x27,8000ad7a	 x19:0x80021e0c x27:0xffffffff
       98175000	      9718	8000ad54	1f26ca37	lui	x20,0x1f26c	 x20=0x1f26c000
       98185000	      9719	8000ad58	02a85e63	bge	x16,x10,8000ad94	 x16:0x00000000 x10:0xfffe1459
       98205000	      9721	8000ad94	419adb93	srai	x23,x21,0x19	 x21:0x0010f060 x23=0x00000000
       98215000	      9722	8000ad98	0001	c.addi	x0,0	  x0:0x00000000  x0=0x00000000
       98225000	      9723	8000ad9a	ee1d	c.bnez	x12,8000add8	 x12:0x00000000
       98235000	      9724	8000ad9c	3400fdf3	csrrci	x27,mscratch,1	 x27=0x0000000c
       98245000	      9725	8000ada0	3404dff3	csrrwi	x31,mscratch,9	 x31=0x0000000c
       98615000	      9762	8000ada4	03615533	divu	x10,x2,x22	  x2:0x00000000 x22:0x80021e0c x10=0x00000000
       98625000	      9763	8000ada8	752c4313	xori	x6,x24,1874	 x24:0xf81ea000  x6=0xf81ea752
       98665000	      9767	8000adac	03032433	mulhsu	x8,x6,x16	  x6:0xf81ea752 x16:0x00000000  x8=0x00000000
       98675000	      9768	8000adb0	8cb5	c.xor	x9,x13	  x9:0x00000000 x13:0x00000350  x9=0x00000350
       98685000	      9769	8000adb2	8d45	c.or	x10,x9	 x10:0x00000000  x9:0x00000350 x10=0x00000350
       98695000	      9770	8000adb4	13598297	auipc	x5,0x13598	  x5=0x935a2db4
       98705000	      9771	8000adb8	a7498913	addi	x18,x19,-1420	 x19:0x80021e0c x18=0x80021880
       98715000	      9772	8000adbc	340a2073	csrrs	x0,mscratch,x20	 x20:0x1f26c000  x0=0x00000000
       98725000	      9773	8000adc0	01b4c463	blt	x9,x27,8000adc8	  x9:0x00000350 x27:0x0000000c
       98735000	      9774	8000adc4	826d	c.srli	x12,0x1b	 x12:0x00000000 x12=0x00000000
       98745000	      9775	8000adc6	c899	c.beqz	x9,8000addc	  x9:0x00000350
       98755000	      9776	8000adc8	8cd5	c.or	x9,x13	  x9:0x00000350 x13:0x00000350  x9=0x00000350
       98765000	      9777	8000adca	35aaab93	slti	x23,x21,858	 x21:0x0010f060 x23=0x00000000
       98775000	      9778	8000adce	01f4ebb3	or	x23,x9,x31	  x9:0x00000350 x31:0x0000000c x23=0x0000035c
       98785000	      9779	8000add2	01239a63	bne	x7,x18,8000ade6	  x7:0xfaeb9c09 x18:0x80021880
       98815000	      9782	8000ade6	9426fe37	lui	x28,0x9426f	 x28=0x9426f000
       98825000	      9783	8000adea	c399	c.beqz	x15,8000adf0	 x15:0xfffe1459
       98835000	      9784	8000adec	e0c33eb7	lui	x29,0xe0c33	 x29=0xe0c33000
       98845000	      9785	8000adf0	0001	c.addi	x0,0	  x0:0x00000000  x0=0x00000000
       98855000	      9786	8000adf2	0794	c.addi4spn	x13,x2,960	 x13=0x000003c0
       98895000	      9790	8000adf4	0223b133	mulhu	x2,x7,x2	  x7:0xfaeb9c09  x2:0x00000000  x2=0x00000000
       98905000	      9791	8000adf8	1908	c.addi4spn	x10,x2,176	 x10=0x000000b0
       98915000	      9792	8000adfa	06a31f97	auipc	x31,0x6a31	 x31=0x86a3bdfa
       98925000	      9793	8000adfe	01d4c233	xor	x4,x9,x29	  x9:0x00000350 x29:0xe0c33000  x4=0xe0c33350
       98935000	      9794	8000ae02	34081273	csrrw	x4,mscratch,x16	 x16:0x00000000  x4=0x1f26c009
       98945000	      9795	8000ae06	0001	c.addi	x0,0	  x0:0x00000000  x0=0x00000000
       98955000	      9796	8000ae08	01eac233	xor	x4,x21,x30	 x21:0x0010f060 x30:0x00000004  x4=0x0010f064
       98965000	      9797	8000ae0c	340078f3	csrrci	x17,mscratch,0	 x17=0x00000000
       98975000	      9798	8000ae10	3404da73	csrrwi	x20,mscratch,9	 x20=0x00000000
       98985000	      9799	8000ae14	98fd	c.andi	x9,-1	  x9:0x00000350  x9=0x00000350
       98995000	      9800	8000ae16	5d1a4093	xori	x1,x20,1489	 x20:0x00000000  x1=0x000005d1
       99005000	      9801	8000ae1a	00a66263	bltu	x12,x10,8000ae1e	 x12:0x00000000 x10:0x000000b0
       99025000	      9803	8000ae1e	e789	c.bnez	x15,8000ae28	 x15:0xfffe1459
       99045000	      9805	8000ae28	340b3373	csrrc	x6,mscratch,x22	 x22:0x80021e0c  x6=0x00000009
       99415000	      9842	8000ae2c	023c7133	remu	x2,x24,x3	 x24:0xf81ea000  x3:0x80021e0c  x2=0x781c81f4
       99425000	      9843	8000ae30	00364633	xor	x12,x12,x3	 x12:0x00000000  x3:0x80021e0c x12=0x80021e0c
       99435000	      9844	8000ae34	00bf9a63	bne	x31,x11,8000ae48	 x31:0x86a3bdfa x11:0xffffffc0
       99455000	      9846	8000ae48	01abd133	srl	x2,x23,x26	 x23:0x0000035c x26:0x80025ce4  x2=0x00000035
       99465000	      9847	8000ae4c	eb0d	c.bnez	x14,8000ae7e	 x14:0x0000000b
       99495000	      9850	8000ae7e	2fe62193	slti	x3,x12,766	 x12:0x80021e0c  x3=0x00000001
       99505000	      9851	8000ae82	0eea4013	xori	x0,x20,238	 x20:0x00000000  x0=0x00000000
       99515000	      9852	8000ae86	16bb4213	xori	x4,x22,363	 x22:0x80021e0c  x4=0x80021f67
       99525000	      9853	8000ae8a	0105d263	bge	x11,x16,8000ae8e	 x11:0xffffffc0 x16:0x00000000
       99535000	      9854	8000ae8e	0926	c.slli	x18,0x9	 x18:0x80021880 x18=0x04310000
       99545000	      9855	8000ae90	0158fe33	and	x28,x17,x21	 x17:0x00000000 x21:0x0010f060 x28=0x00000000
       99555000	      9856	8000ae94	0a90	c.addi4spn	x12,x2,336	 x12=0x00000185
       99565000	      9857	8000ae96	02506063	bltu	x0,x5,8000aeb6	  x0:0x00000000  x5:0x935a2db4
       99595000	      9860	8000aeb6	0b5f6313	ori	x6,x30,181	 x30:0x00000004  x6=0x000000b5
       99605000	      9861	8000aeba	03f0d563	bge	x1,x31,8000aee4	  x1:0x000005d1 x31:0x86a3bdfa
       99625000	      9863	8000aee4	749ff593	andi	x11,x31,1865	 x31:0x86a3bdfa x11=0x00000548
       99635000	      9864	8000aee8	0051beb3	sltu	x29,x3,x5	  x3:0x00000001  x5:0x935a2db4 x29=0x00000001
       99675000	      9868	8000aeec	039410b3	mulh	x1,x8,x25	  x8:0x00000000 x25:0x00000000  x1=0x00000000
       99685000	      9869	8000aef0	01d78963	beq	x15,x29,8000af02	 x15:0xfffe1459 x29:0x00000001
       99695000	      9870	8000aef4	34007ff3	csrrci	x31,mscratch,0	 x31=0x00000001
       99705000	      9871	8000aef8	00b56b63	bltu	x10,x11,8000af0e	 x10:0x000000b0 x11:0x00000548
       99735000	      9874	8000af0e	03384d63	blt	x16,x19,8000af48	 x16:0x00000000 x19:0x80021e0c
       99745000	      9875	8000af12	896a6f93	ori	x31,x20,-1898	 x20:0x00000000 x31=0xfffff896
       99755000	      9876	8000af16	34042973	csrrs	x18,mscratch,x8	  x8:0x00000000 x18=0x00000001
       99765000	      9877	8000af1a	2b772337	lui	x6,0x2b772	  x6=0x2b772000
       99775000	      9878	8000af1e	0026e633	or	x12,x13,x2	 x13:0x000003c0  x2:0x00000035 x12=0x000003f5
       99785000	      9879	8000af22	006c4463	blt	x24,x6,8000af2a	 x24:0xf81ea000  x6:0x2b772000
       99805000	      9881	8000af2a	717d	c.addi16sp	x2,-16	  x2:0x00000035  x2=0x00000025
      100175000	      9918	8000af2c	0365c2b3	div	x5,x11,x22	 x11:0x00000548 x22:0x80021e0c  x5=0x00000000
      100185000	      9919	8000af30	40f00533	sub	x10,x0,x15	  x0:0x00000000 x15:0xfffe1459 x10=0x0001eba7
      100195000	      9920	8000af34	00489833	sll	x16,x17,x4	 x17:0x00000000  x4:0x80021f67 x16=0x00000000
      100205000	      9921	8000af38	0111a1b3	slt	x3,x3,x17	  x3:0x00000001 x17:0x00000000  x3=0x00000000
      100215000	      9922	8000af3c	1118	c.addi4spn	x14,x2,160	 x14=0x000000c5
      100225000	      9923	8000af3e	77722293	slti	x5,x4,1911	  x4:0x80021f67  x5=0x00000001
      100235000	      9924	8000af42	2c3deb93	ori	x23,x27,707	 x27:0x0000000c x23=0x000002cf
      100245000	      9925	8000af46	0001	c.addi	x0,0	  x0:0x00000000  x0=0x00000000
      100255000	      9926	8000af48	b1eead93	slti	x27,x29,-1250	 x29:0x00000001 x27=0x00000000
      100265000	      9927	8000af4c	00d85c33	srl	x24,x16,x13	 x16:0x00000000 x13:0x000003c0 x24=0x00000000
      100275000	      9928	8000af50	01d2e133	or	x2,x5,x29	  x5:0x00000001 x29:0x00000001  x2=0x00000001
      100285000	      9929	8000af54	41118a33	sub	x20,x3,x17	  x3:0x00000000 x17:0x00000000 x20=0x00000000
      100325000	      9933	8000af58	03eb32b3	mulhu	x5,x22,x30	 x22:0x80021e0c x30:0x00000004  x5=0x00000002
      100335000	      9934	8000af5c	5c7d	c.li	x24,-1	 x24=0xffffffff
      100345000	      9935	8000af5e	097e4093	xori	x1,x28,151	 x28:0x00000000  x1=0x00000097
      100355000	      9936	8000af62	8f49	c.or	x14,x10	 x14:0x000000c5 x10:0x0001eba7 x14=0x0001ebe7
      100365000	      9937	8000af64	0ff0000f	fence	iorw,iorw	
      100375000	      9938	8000af68	01251933	sll	x18,x10,x18	 x10:0x0001eba7 x18:0x00000001 x18=0x0003d74e
      100385000	      9939	8000af6c	01afde63	bge	x31,x26,8000af88	 x31:0xfffff896 x26:0x80025ce4
      100415000	      9942	8000af88	0281f033	remu	x0,x3,x8	  x3:0x00000000  x8:0x00000000  x0=0x00000000
      100425000	      9943	8000af8c	0001	c.addi	x0,0	  x0:0x00000000  x0=0x00000000
      100435000	      9944	8000af8e	611d	c.addi16sp	x2,416	  x2:0x00000001  x2=0x000001a1
      100445000	      9945	8000af90	0412	c.slli	x8,0x4	  x8:0x00000000  x8=0x00000000
      100455000	      9946	8000af92	057e6063	bltu	x28,x23,8000afd2	 x28:0x00000000 x23:0x000002cf
      100475000	      9948	8000afd2	8e69	c.and	x12,x10	 x12:0x000003f5 x10:0x0001eba7 x12=0x000003a5
      100485000	      9949	8000afd4	340265f3	csrrsi	x11,mscratch,4	 x11=0x00000001
      100495000	      9950	8000afd8	e397ee93	ori	x29,x15,-455	 x15:0xfffe1459 x29=0xfffffe79
      100505000	      9951	8000afdc	8b01	c.andi	x14,0	 x14:0x0001ebe7 x14=0x00000000
      100515000	      9952	8000afde	cf9d	c.beqz	x15,8000b01c	 x15:0xfffe1459
      100525000	      9953	8000afe0	8336	c.mv	x6,x13	  x0:0x00000000 x13:0x000003c0  x6=0x000003c0
      100535000	      9954	8000afe2	0001	c.addi	x0,0	  x0:0x00000000  x0=0x00000000
      100545000	      9955	8000afe4	0156d193	srli	x3,x13,0x15	 x13:0x000003c0  x3=0x00000000
      100555000	      9956	8000afe8	407c8bb3	sub	x23,x25,x7	 x25:0x00000000  x7:0xfaeb9c09 x23=0x051463f7
      100565000	      9957	8000afec	00150433	add	x8,x10,x1	 x10:0x0001eba7  x1:0x00000097  x8=0x0001ec3e
      100575000	      9958	8000aff0	340e9673	csrrw	x12,mscratch,x29	 x29:0xfffffe79 x12=0x00000005
      100585000	      9959	8000aff4	340b1673	csrrw	x12,mscratch,x22	 x22:0x80021e0c x12=0xfffffe79
      100595000	      9960	8000aff8	e76ec213	xori	x4,x29,-394	 x29:0xfffffe79  x4=0x0000000f
      100605000	      9961	8000affc	7c7cab13	slti	x22,x25,1991	 x25:0x00000000 x22=0x00000001
      100615000	      9962	8000b000	009a1093	slli	x1,x20,0x9	 x20:0x00000000  x1=0x00000000
      100985000	      9999	8000b004	03e6c4b3	div	x9,x13,x30	 x13:0x000003c0 x30:0x00000004  x9=0x000000f0
      101355000	     10036	8000b008	03d5f633	remu	x12,x11,x29	 x11:0x00000001 x29:0xfffffe79 x12=0x00000001
      101365000	     10037	8000b00c	34089b73	csrrw	x22,mscratch,x17	 x17:0x00000000 x22=0x80021e0c
      101395000	     10040	8000b010	03b10933	mul	x18,x2,x27	  x2:0x000001a1 x27:0x00000000 x18=0x00000000
      101405000	     10041	8000b014	0001	c.addi	x0,0	  x0:0x00000000  x0=0x00000000
      101415000	     10042	8000b016	ea19	c.bnez	x12,8000b02c	 x12:0x00000001
      101435000	     10044	8000b02c	4042d493	srai	x9,x5,0x4	  x5:0x00000002  x9=0x00000000
      101805000	     10081	8000b030	03d5eeb3	rem	x29,x11,x29	 x11:0x00000001 x29:0xfffffe79 x29=0x00000001
      101815000	     10082	8000b034	34006af3	csrrsi	x21,mscratch,0	 x21=0x00000000
      101825000	     10083	8000b038	846a	c.mv	x8,x26	  x0:0x00000000 x26:0x80025ce4  x8=0x80025ce4
      101835000	     10084	8000b03a	006e1493	slli	x9,x28,0x6	 x28:0x00000000  x9=0x00000000
      101845000	     10085	8000b03e	e485	c.bnez	x9,8000b066	  x9:0x00000000
      101875000	     10088	8000b040	02c68833	mul	x16,x13,x12	 x13:0x000003c0 x12:0x00000001 x16=0x000003c0
      101885000	     10089	8000b044	ec99	c.bnez	x9,8000b062	  x9:0x00000000
      101895000	     10090	8000b046	340dbdf3	csrrc	x27,mscratch,x27	 x27:0x00000000 x27=0x00000000
      101905000	     10091	8000b04a	51a1f237	lui	x4,0x51a1f	  x4=0x51a1f000
      101915000	     10092	8000b04e	0001	c.addi	x0,0	  x0:0x00000000  x0=0x00000000
      101925000	     10093	8000b050	01d3f4b3	and	x9,x7,x29	  x7:0xfaeb9c09 x29:0x00000001  x9=0x00000001
      101935000	     10094	8000b054	3404d073	csrrwi	x0,mscratch,9	  x0=0x00000000
      101945000	     10095	8000b058	0001	c.addi	x0,0	  x0:0x00000000  x0=0x00000000
      101955000	     10096	8000b05a	0571	c.addi	x10,28	 x10:0x0001eba7 x10=0x0001ebc3
      101965000	     10097	8000b05c	8edd	c.or	x13,x15	 x13:0x000003c0 x15:0xfffe1459 x13=0xfffe17d9
      102335000	     10134	8000b05e	036af933	remu	x18,x21,x22	 x21:0x00000000 x22:0x80021e0c x18=0x00000000
      102345000	     10135	8000b062	34041673	csrrw	x12,mscratch,x8	  x8:0x80025ce4 x12=0x00000009
      102355000	     10136	8000b066	40e40733	sub	x14,x8,x14	  x8:0x80025ce4 x14:0x00000000 x14=0x80025ce4
      102365000	     10137	8000b06a	340fd973	csrrwi	x18,mscratch,31	 x18=0x80025ce4
      102375000	     10138	8000b06e	0000100f	fence.i	
      102405000	     10141	8000b072	0ff0000f	fence	iorw,iorw	
      102415000	     10142	8000b076	15fd	c.addi	x11,-1	 x11:0x00000001 x11=0x00000000
      102425000	     10143	8000b078	827d	c.srli	x12,0x1f	 x12:0x00000009 x12=0x00000000
      102435000	     10144	8000b07a	011314b3	sll	x9,x6,x17	  x6:0x000003c0 x17:0x00000000  x9=0x000003c0
      102445000	     10145	8000b07e	8242	c.mv	x4,x16	  x0:0x00000000 x16:0x000003c0  x4=0x000003c0
      102455000	     10146	8000b080	00d3c733	xor	x14,x7,x13	  x7:0xfaeb9c09 x13:0xfffe17d9 x14=0x05158bd0
      102465000	     10147	8000b084	98fd	c.andi	x9,-1	  x9:0x000003c0  x9=0x000003c0
      102475000	     10148	8000b086	8c3d	c.xor	x8,x15	  x8:0x80025ce4 x15:0xfffe1459  x8=0x7ffc48bd
      102485000	     10149	8000b088	00ab25b3	slt	x11,x22,x10	 x22:0x80021e0c x10:0x0001ebc3 x11=0x00000001
      102495000	     10150	8000b08c	0051fe33	and	x28,x3,x5	  x3:0x00000000  x5:0x00000002 x28=0x00000000
      102505000	     10151	8000b090	013cdc13	srli	x24,x25,0x13	 x25:0x00000000 x24=0x00000000
      102515000	     10152	8000b094	0193dfb3	srl	x31,x7,x25	  x7:0xfaeb9c09 x25:0x00000000 x31=0xfaeb9c09
      102525000	     10153	8000b098	00566e63	bltu	x12,x5,8000b0b4	 x12:0x00000000  x5:0x00000002
      102545000	     10155	8000b0b4	0e49	c.addi	x28,18	 x28:0x00000000 x28=0x00000012
      102555000	     10156	8000b0b6	340fea73	csrrsi	x20,mscratch,31	 x20=0x0000001f
      102565000	     10157	8000b0ba	8d6d	c.and	x10,x11	 x10:0x0001ebc3 x11:0x00000001 x10=0x00000001
      102575000	     10158	8000b0bc	017455b3	srl	x11,x8,x23	  x8:0x7ffc48bd x23:0x051463f7 x11=0x000000ff
      102585000	     10159	8000b0c0	002e6333	or	x6,x28,x2	 x28:0x00000012  x2:0x000001a1  x6=0x000001b3
      102595000	     10160	8000b0c4	8c65	c.and	x8,x9	  x8:0x7ffc48bd  x9:0x000003c0  x8=0x00000080
      102605000	     10161	8000b0c6	8dc9	c.or	x11,x10	 x11:0x000000ff x10:0x00000001 x11=0x000000ff
      102615000	     10162	8000b0c8	00b08863	beq	x1,x11,8000b0d8	  x1:0x00000000 x11:0x000000ff
      102625000	     10163	8000b0cc	b8334c13	xori	x24,x6,-1149	  x6:0x000001b3 x24=0xfffffa30
      102635000	     10164	8000b0d0	8e59	c.or	x12,x14	 x12:0x00000000 x14:0x05158bd0 x12=0x05158bd0
      102675000	     10168	8000b0d2	03081e33	mulh	x28,x16,x16	 x16:0x000003c0 x16:0x000003c0 x28=0x00000000
      102685000	     10169	8000b0d6	6b7d	c.lui	x22,0x1f	 x22=0x0001f000
      102695000	     10170	8000b0d8	e509	c.bnez	x10,8000b0e2	 x10:0x00000001
      102715000	     10172	8000b0e2	8c21	c.xor	x8,x8	  x8:0x00000080  x8:0x00000080  x8=0x00000000
      102755000	     10176	8000b0e4	025f9933	mulh	x18,x31,x5	 x31:0xfaeb9c09  x5:0x00000002 x18=0xffffffff
      102765000	     10177	8000b0e8	6155	c.addi16sp	x2,304	  x2:0x000001a1  x2=0x000002d1
      102775000	     10178	8000b0ea	40edad93	slti	x27,x27,1038	 x27:0x00000000 x27=0x00000001
      102785000	     10179	8000b0ee	8cf5	c.and	x9,x13	  x9:0x000003c0 x13:0xfffe17d9  x9=0x000003c0
      102795000	     10180	8000b0f0	0ff0000f	fence	iorw,iorw	
      103165000	     10217	8000b0f4	0328f2b3	remu	x5,x17,x18	 x17:0x00000000 x18:0xffffffff  x5=0x00000000
      103175000	     10218	8000b0f8	34003bf3	csrrc	x23,mscratch,x0	  x0:0x00000000 x23=0x0000001f
      103185000	     10219	8000b0fc	0001	c.addi	x0,0	  x0:0x00000000  x0=0x00000000
      103195000	     10220	8000b0fe	624fe413	ori	x8,x31,1572	 x31:0xfaeb9c09  x8=0xfaeb9e2d
      103205000	     10221	8000b102	41b35113	srai	x2,x6,0x1b	  x6:0x000001b3  x2=0x00000000
      103215000	     10222	8000b106	00b3ee63	bltu	x7,x11,8000b122	  x7:0xfaeb9c09 x11:0x000000ff
      103225000	     10223	8000b10a	6159	c.addi16sp	x2,400	  x2:0x00000000  x2=0x00000190
      103235000	     10224	8000b10c	00ee7763	bgeu	x28,x14,8000b11a	 x28:0x00000000 x14:0x05158bd0
      103605000	     10261	8000b110	0320f533	remu	x10,x1,x18	  x1:0x00000000 x18:0xffffffff x10=0x00000000
      103645000	     10265	8000b114	02173433	mulhu	x8,x14,x1	 x14:0x05158bd0  x1:0x00000000  x8=0x00000000
      103655000	     10266	8000b118	8425	c.srai	x8,0x9	  x8:0x00000000  x8=0x00000000
      103695000	     10270	8000b11a	02413fb3	mulhu	x31,x2,x4	  x2:0x00000190  x4:0x000003c0 x31=0x00000000
      103705000	     10271	8000b11e	053e7063	bgeu	x28,x19,8000b15e	 x28:0x00000000 x19:0x80021e0c
      103715000	     10272	8000b122	01459263	bne	x11,x20,8000b126	 x11:0x000000ff x20:0x0000001f
      103745000	     10275	8000b126	00cafe63	bgeu	x21,x12,8000b142	 x21:0x00000000 x12:0x05158bd0
      103755000	     10276	8000b12a	340ab773	csrrc	x14,mscratch,x21	 x21:0x00000000 x14=0x0000001f
      103765000	     10277	8000b12e	01ac3133	sltu	x2,x24,x26	 x24:0xfffffa30 x26:0x80025ce4  x2=0x00000000
      103775000	     10278	8000b132	013917b3	sll	x15,x18,x19	 x18:0xffffffff x19:0x80021e0c x15=0xfffff000
      103815000	     10282	8000b136	020f28b3	mulhsu	x17,x30,x0	 x30:0x00000004  x0:0x00000000 x17=0x00000000
      103825000	     10283	8000b13a	000d9db3	sll	x27,x27,x0	 x27:0x00000001  x0:0x00000000 x27=0x00000001
      103835000	     10284	8000b13e	d5fada37	lui	x20,0xd5fad	 x20=0xd5fad000
      104205000	     10321	8000b142	024d6333	rem	x6,x26,x4	 x26:0x80025ce4  x4:0x000003c0  x6=0xfffffce4
      104215000	     10322	8000b146	6141	c.addi16sp	x2,16	  x2:0x00000000  x2=0x00000010
      104225000	     10323	8000b148	002130b3	sltu	x1,x2,x2	  x2:0x00000010  x2:0x00000010  x1=0x00000000
      104235000	     10324	8000b14c	017ecab3	xor	x21,x29,x23	 x29:0x00000001 x23:0x0000001f x21=0x0000001e
      104245000	     10325	8000b150	83ed	c.srli	x15,0x1b	 x15:0xfffff000 x15=0x0000001f
      104255000	     10326	8000b152	8f91	c.sub	x15,x12	 x15:0x0000001f x12:0x05158bd0 x15=0xfaea744f
      104265000	     10327	8000b154	8cd9	c.or	x9,x14	  x9:0x000003c0 x14:0x0000001f  x9=0x000003df
      104275000	     10328	8000b156	8789	c.srai	x15,0x2	 x15:0xfaea744f x15=0xfeba9d13
      104285000	     10329	8000b158	6159	c.addi16sp	x2,400	  x2:0x00000010  x2=0x000001a0
      104295000	     10330	8000b15a	00ba9493	slli	x9,x21,0xb	 x21:0x0000001e  x9=0x0000f000
      104305000	     10331	8000b15e	340d6c73	csrrsi	x24,mscratch,26	 x24=0x0000001f
      104315000	     10332	8000b162	01a27fb3	and	x31,x4,x26	  x4:0x000003c0 x26:0x80025ce4 x31=0x000000c0
      104325000	     10333	8000b166	073a	c.slli	x14,0xe	 x14:0x0000001f x14=0x0007c000
      104335000	     10334	8000b168	01b6b233	sltu	x4,x13,x27	 x13:0xfffe17d9 x27:0x00000001  x4=0x00000000
      104345000	     10335	8000b16c	8f99	c.sub	x15,x14	 x15:0xfeba9d13 x14:0x0007c000 x15=0xfeb2dd13
      104355000	     10336	8000b16e	0001	c.addi	x0,0	  x0:0x00000000  x0=0x00000000
      104365000	     10337	8000b170	34003173	csrrc	x2,mscratch,x0	  x0:0x00000000  x2=0x0000001f
      104375000	     10338	8000b174	01167e33	and	x28,x12,x17	 x12:0x05158bd0 x17:0x00000000 x28=0x00000000
      104385000	     10339	8000b178	340b9173	csrrw	x2,mscratch,x23	 x23:0x0000001f  x2=0x0000001f
      104395000	     10340	8000b17c	9afd	c.andi	x13,-1	 x13:0xfffe17d9 x13=0xfffe17d9
      104405000	     10341	8000b17e	0bd2	c.slli	x23,0x14	 x23:0x0000001f x23=0x01f00000
      104415000	     10342	8000b180	005b8cb3	add	x25,x23,x5	 x23:0x01f00000  x5:0x00000000 x25=0x01f00000
      104425000	     10343	8000b184	8311	c.srli	x14,0x4	 x14:0x0007c000 x14=0x00007c00
      104435000	     10344	8000b186	00d89c33	sll	x24,x17,x13	 x17:0x00000000 x13:0xfffe17d9 x24=0x00000000
      104445000	     10345	8000b18a	1afd	c.addi	x21,-1	 x21:0x0000001e x21=0x0000001d
      104455000	     10346	8000b18c	b162e8b7	lui	x17,0xb162e	 x17=0xb162e000
      104465000	     10347	8000b190	40cb5613	srai	x12,x22,0xc	 x22:0x0001f000 x12=0x0000001f
      104505000	     10351	8000b194	03791f33	mulh	x30,x18,x23	 x18:0xffffffff x23:0x01f00000 x30=0xffffffff
      104515000	     10352	8000b198	00528033	add	x0,x5,x5	  x5:0x00000000  x5:0x00000000  x0=0x00000000
      104525000	     10353	8000b19c	9afd	c.andi	x13,-1	 x13:0xfffe17d9 x13=0xfffe17d9
      104535000	     10354	8000b19e	8fbe	c.mv	x31,x15	  x0:0x00000000 x15:0xfeb2dd13 x31=0xfeb2dd13
      104575000	     10358	8000b1a0	03d79eb3	mulh	x29,x15,x29	 x15:0xfeb2dd13 x29:0x00000001 x29=0xffffffff
      104585000	     10359	8000b1a4	340337f3	csrrc	x15,mscratch,x6	  x6:0xfffffce4 x15=0x0000001f
      104595000	     10360	8000b1a8	922e	c.add	x4,x11	  x4:0x00000000 x11:0x000000ff  x4=0x000000ff
      104605000	     10361	8000b1aa	16fd	c.addi	x13,-1	 x13:0xfffe17d9 x13=0xfffe17d8
      104975000	     10398	8000b1ac	02e1e833	rem	x16,x3,x14	  x3:0x00000000 x14:0x00007c00 x16=0x00000000
      104985000	     10399	8000b1b0	c789	c.beqz	x15,8000b1ba	 x15:0x0000001f
      104995000	     10400	8000b1b2	0125fe33	and	x28,x11,x18	 x11:0x000000ff x18:0xffffffff x28=0x000000ff
      105005000	     10401	8000b1b6	40ddd133	sra	x2,x27,x13	 x27:0x00000001 x13:0xfffe17d8  x2=0x00000000
      105015000	     10402	8000b1ba	e505	c.bnez	x10,8000b1e2	 x10:0x00000000
      105025000	     10403	8000b1bc	c08f4c37	lui	x24,0xc08f4	 x24=0xc08f4000
      105035000	     10404	8000b1c0	340adbf3	csrrwi	x23,mscratch,21	 x23=0x0000001b
      105045000	     10405	8000b1c4	0001	c.addi	x0,0	  x0:0x00000000  x0=0x00000000
      105055000	     10406	8000b1c6	8fc9	c.or	x15,x10	 x15:0x0000001f x10:0x00000000 x15=0x0000001f
      105065000	     10407	8000b1c8	34005f73	csrrwi	x30,mscratch,0	 x30=0x00000015
      105075000	     10408	8000b1cc	000bcfb3	xor	x31,x23,x0	 x23:0x0000001b  x0:0x00000000 x31=0x0000001b
      105085000	     10409	8000b1d0	41a5dc93	srai	x25,x11,0x1a	 x11:0x000000ff x25=0x00000000
      105095000	     10410	8000b1d4	016c7533	and	x10,x24,x22	 x24:0xc08f4000 x22:0x0001f000 x10=0x00014000
      105105000	     10411	8000b1d8	41d30f33	sub	x30,x6,x29	  x6:0xfffffce4 x29:0xffffffff x30=0xfffffce5
      105115000	     10412	8000b1dc	01620433	add	x8,x4,x22	  x4:0x000000ff x22:0x0001f000  x8=0x0001f0ff
      105125000	     10413	8000b1e0	e339	c.bnez	x14,8000b226	 x14:0x00007c00
      105145000	     10415	8000b226	e309	c.bnez	x14,8000b228	 x14:0x00007c00
      105165000	     10417	8000b228	3401ebf3	csrrsi	x23,mscratch,3	 x23=0x00000000
      105175000	     10418	8000b22c	717d	c.addi16sp	x2,-16	  x2:0x00000000  x2=0xfffffff0
      105185000	     10419	8000b22e	0001	c.addi	x0,0	  x0:0x00000000  x0=0x00000000
      105195000	     10420	8000b230	0243e163	bltu	x7,x4,8000b252	  x7:0xfaeb9c09  x4:0x000000ff
      105205000	     10421	8000b234	040f7163	bgeu	x30,x0,8000b276	 x30:0xfffffce5  x0:0x00000000
      105265000	     10427	8000b276	031f3333	mulhu	x6,x30,x17	 x30:0xfffffce5 x17:0xb162e000  x6=0xb162ddd9
      105275000	     10428	8000b27a	8cc5	c.or	x9,x9	  x9:0x0000f000  x9:0x0000f000  x9=0x0000f000
      105285000	     10429	8000b27c	401d8cb3	sub	x25,x27,x1	 x27:0x00000001  x1:0x00000000 x25=0x00000001
      105295000	     10430	8000b280	0000100f	fence.i	
      105315000	     10432	8000b284	006abfb3	sltu	x31,x21,x6	 x21:0x0000001d  x6:0xb162ddd9 x31=0x00000001
      105325000	     10433	8000b288	01fad533	srl	x10,x21,x31	 x21:0x0000001d x31:0x00000001 x10=0x0000000e
      105335000	     10434	8000b28c	8fd9	c.or	x15,x14	 x15:0x0000001f x14:0x00007c00 x15=0x00007c1f
      105345000	     10435	8000b28e	0000100f	fence.i	
      105365000	     10437	8000b292	e495	c.bnez	x9,8000b2be	  x9:0x0000f000
      105395000	     10440	8000b2be	340a9873	csrrw	x16,mscratch,x21	 x21:0x0000001d x16=0x00000003
      105405000	     10441	8000b2c2	cfa30e13	addi	x28,x6,-774	  x6:0xb162ddd9 x28=0xb162dad3
      105775000	     10478	8000b2c6	03d9d433	divu	x8,x19,x29	 x19:0x80021e0c x29:0xffffffff  x8=0x00000000
      105785000	     10479	8000b2ca	013bef63	bltu	x23,x19,8000b2e8	 x23:0x00000000 x19:0x80021e0c
      105805000	     10481	8000b2e8	4003d213	srai	x4,x7,0x0	  x7:0xfaeb9c09  x4=0xfaeb9c09
      105845000	     10485	8000b2ec	02d3ae33	mulhsu	x28,x7,x13	  x7:0xfaeb9c09 x13:0xfffe17d8 x28=0xfaeba5b8
      105855000	     10486	8000b2f0	34006873	csrrsi	x16,mscratch,0	 x16=0x0000001d
      106225000	     10523	8000b2f4	02abce33	div	x28,x23,x10	 x23:0x00000000 x10:0x0000000e x28=0x00000000
      106235000	     10524	8000b2f8	8ae5	c.andi	x13,25	 x13:0xfffe17d8 x13=0x00000018
      106245000	     10525	8000b2fa	717d	c.addi16sp	x2,-16	  x2:0xfffffff0  x2=0xffffffe0
      106255000	     10526	8000b2fc	0026ae33	slt	x28,x13,x2	 x13:0x00000018  x2:0xffffffe0 x28=0x00000000
      106265000	     10527	8000b300	01e1f463	bgeu	x3,x30,8000b308	  x3:0x00000000 x30:0xfffffce5
      106305000	     10531	8000b304	03072e33	mulhsu	x28,x14,x16	 x14:0x00007c00 x16:0x0000001d x28=0x00000000
      106315000	     10532	8000b308	00001e13	slli	x28,x0,0x0	  x0:0x00000000 x28=0x00000000
      106325000	     10533	8000b30c	6b9d	c.lui	x23,0x7	 x23=0x00007000
      106335000	     10534	8000b30e	8e25	c.xor	x12,x9	 x12:0x0000001f  x9:0x0000f000 x12=0x0000f01f
      106345000	     10535	8000b310	340a2b73	csrrs	x22,mscratch,x20	 x20:0xd5fad000 x22=0x0000001d
      106355000	     10536	8000b314	ee05	c.bnez	x12,8000b34c	 x12:0x0000f01f
      106375000	     10538	8000b34c	857a	c.mv	x10,x30	  x0:0x00000000 x30:0xfffffce5 x10=0xfffffce5
      106385000	     10539	8000b34e	02601163	bne	x0,x6,8000b370	  x0:0x00000000  x6:0xb162ddd9
      106435000	     10544	8000b370	0399a7b3	mulhsu	x15,x19,x25	 x19:0x80021e0c x25:0x00000001 x15=0xffffffff
      106445000	     10545	8000b374	0ff0000f	fence	iorw,iorw	
      106455000	     10546	8000b378	54fd	c.li	x9,-1	  x9=0xffffffff
      106465000	     10547	8000b37a	8c81	c.sub	x9,x8	  x9:0xffffffff  x8:0x00000000  x9=0xffffffff
      106475000	     10548	8000b37c	01a58d63	beq	x11,x26,8000b396	 x11:0x000000ff x26:0x80025ce4
      106485000	     10549	8000b380	0000100f	fence.i	
      106505000	     10551	8000b384	9b5a	c.add	x22,x22	 x22:0x0000001d x22:0x0000001d x22=0x0000003a
      106515000	     10552	8000b386	0990	c.addi4spn	x12,x2,208	 x12=0x000000b0
      106525000	     10553	8000b388	00f33a33	sltu	x20,x6,x15	  x6:0xb162ddd9 x15:0xffffffff x20=0x00000001
      106535000	     10554	8000b38c	0153a033	slt	x0,x7,x21	  x7:0xfaeb9c09 x21:0x0000001d  x0=0x00000000
      106545000	     10555	8000b390	8e09	c.sub	x12,x10	 x12:0x000000b0 x10:0xfffffce5 x12=0x000003cb
      106575000	     10558	8000b392	03868433	mul	x8,x13,x24	 x13:0x00000018 x24:0xc08f4000  x8=0x0d6e0000
      106595000	     10560	8000b396	023c5fb3	divu	x31,x24,x3	 x24:0xc08f4000  x3:0x00000000 x31=0xffffffff
      106965000	     10597	8000b39a	0323f933	remu	x18,x7,x18	  x7:0xfaeb9c09 x18:0xffffffff x18=0xfaeb9c09
      106975000	     10598	8000b39e	98cf3937	lui	x18,0x98cf3	 x18=0x98cf3000
      106985000	     10599	8000b3a2	8f19	c.sub	x14,x14	 x14:0x00007c00 x14:0x00007c00 x14=0x00000000
      106995000	     10600	8000b3a4	0436d363	bge	x13,x3,8000b3ea	 x13:0x00000018  x3:0x00000000
      107025000	     10603	8000b3ea	f24ea813	slti	x16,x29,-220	 x29:0xffffffff x16=0x00000000
      107035000	     10604	8000b3ee	898d	c.andi	x11,3	 x11:0x000000ff x11=0x00000003
      107075000	     10608	8000b3f0	03611eb3	mulh	x29,x2,x22	  x2:0xffffffe0 x22:0x0000003a x29=0xffffffff
      107115000	     10612	8000b3f4	02163433	mulhu	x8,x12,x1	 x12:0x000003cb  x1:0x00000000  x8=0x00000000
      107125000	     10613	8000b3f8	0000100f	fence.i	
      107145000	     10615	8000b3fc	97ec7e13	andi	x28,x24,-1666	 x24:0xc08f4000 x28=0xc08f4000
      107155000	     10616	8000b400	8d6d	c.and	x10,x11	 x10:0xfffffce5 x11:0x00000003 x10=0x00000001
      107165000	     10617	8000b402	011f6633	or	x12,x30,x17	 x30:0xfffffce5 x17:0xb162e000 x12=0xfffffce5
      107175000	     10618	8000b406	340c94f3	csrrw	x9,mscratch,x25	 x25:0x00000001  x9=0xd5fad01d
      107185000	     10619	8000b40a	0001	c.addi	x0,0	  x0:0x00000000  x0=0x00000000
      107195000	     10620	8000b40c	f7f8a713	slti	x14,x17,-129	 x17:0xb162e000 x14=0x00000001
      107205000	     10621	8000b410	340f2773	csrrs	x14,mscratch,x30	 x30:0xfffffce5 x14=0x00000001
      107215000	     10622	8000b414	01e1f563	bgeu	x3,x30,8000b41e	  x3:0x00000000 x30:0xfffffce5
      107585000	     10659	8000b418	02ffe833	rem	x16,x31,x15	 x31:0xffffffff x15:0xffffffff x16=0x00000000
      107595000	     10660	8000b41c	9c76	c.add	x24,x29	 x24:0xc08f4000 x29:0xffffffff x24=0xc08f3fff
      107605000	     10661	8000b41e	4117d333	sra	x6,x15,x17	 x15:0xffffffff x17:0xb162e000  x6=0xffffffff
      107615000	     10662	8000b422	ed74a693	slti	x13,x9,-297	  x9:0xd5fad01d x13=0x00000001
      107625000	     10663	8000b426	02c46763	bltu	x8,x12,8000b454	  x8:0x00000000 x12:0xfffffce5
      107645000	     10665	8000b454	0001	c.addi	x0,0	  x0:0x00000000  x0=0x00000000
      107655000	     10666	8000b456	4ae2ed93	ori	x27,x5,1198	  x5:0x00000000 x27=0x000004ae
      107665000	     10667	8000b45a	8f7d	c.and	x14,x15	 x14:0x00000001 x15:0xffffffff x14=0x00000001
      107675000	     10668	8000b45c	01401613	slli	x12,x0,0x14	  x0:0x00000000 x12=0x00000000
      107685000	     10669	8000b460	02fa8363	beq	x21,x15,8000b486	 x21:0x0000001d x15:0xffffffff
      107695000	     10670	8000b464	01f525b3	slt	x11,x10,x31	 x10:0x00000001 x31:0xffffffff x11=0x00000000
      107735000	     10674	8000b468	0322bb33	mulhu	x22,x5,x18	  x5:0x00000000 x18:0x98cf3000 x22=0x00000000
      108105000	     10711	8000b46c	035474b3	remu	x9,x8,x21	  x8:0x00000000 x21:0x0000001d  x9=0x00000000
      108115000	     10712	8000b470	717d	c.addi16sp	x2,-16	  x2:0xffffffe0  x2=0xffffffd0
      108125000	     10713	8000b472	f0ddfd93	andi	x27,x27,-243	 x27:0x000004ae x27=0x0000040c
      108135000	     10714	8000b476	69d4f313	andi	x6,x9,1693	  x9:0x00000000  x6=0x00000000
      108145000	     10715	8000b47a	87d5	c.srai	x15,0x15	 x15:0xffffffff x15=0xffffffff
      108155000	     10716	8000b47c	0ff0000f	fence	iorw,iorw	
      108165000	     10717	8000b480	419f8433	sub	x8,x31,x25	 x31:0xffffffff x25:0x00000001  x8=0xfffffffe
      108175000	     10718	8000b484	6169	c.addi16sp	x2,208	  x2:0xffffffd0  x2=0x000000a0
      108185000	     10719	8000b486	96fa	c.add	x13,x30	 x13:0x00000001 x30:0xfffffce5 x13=0xfffffce6
      108195000	     10720	8000b488	4e49	c.li	x28,18	 x28=0x00000012
      108205000	     10721	8000b48a	015c08b3	add	x17,x24,x21	 x24:0xc08f3fff x21:0x0000001d x17=0xc08f401c
      108215000	     10722	8000b48e	3402e5f3	csrrsi	x11,mscratch,5	 x11=0xfffffce5
      108225000	     10723	8000b492	0000e263	bltu	x1,x0,8000b496	  x1:0x00000000  x0:0x00000000
      108235000	     10724	8000b496	523f2a93	slti	x21,x30,1315	 x30:0xfffffce5 x21=0x00000001
      108605000	     10761	8000b49a	03feddb3	divu	x27,x29,x31	 x29:0xffffffff x31:0xffffffff x27=0x00000001
      108615000	     10762	8000b49e	000827b3	slt	x15,x16,x0	 x16:0x00000000  x0:0x00000000 x15=0x00000000
      108645000	     10765	8000b4a2	03f986b3	mul	x13,x19,x31	 x19:0x80021e0c x31:0xffffffff x13=0x7ffde1f4
      108655000	     10766	8000b4a6	3403a973	csrrs	x18,mscratch,x7	  x7:0xfaeb9c09 x18=0xfffffce5
      108665000	     10767	8000b4aa	820d	c.srli	x12,0x3	 x12:0x00000000 x12=0x00000000
      108675000	     10768	8000b4ac	00e04cb3	xor	x25,x0,x14	  x0:0x00000000 x14:0x00000001 x25=0x00000001
      108685000	     10769	8000b4b0	01821f63	bne	x4,x24,8000b4ce	  x4:0xfaeb9c09 x24:0xc08f3fff
      108715000	     10772	8000b4ce	025f5b63	bge	x30,x5,8000b504	 x30:0xfffffce5  x5:0x00000000
      108725000	     10773	8000b4d2	87ce	c.mv	x15,x19	  x0:0x00000000 x19:0x80021e0c x15=0x80021e0c
      108735000	     10774	8000b4d4	340bfcf3	csrrci	x25,mscratch,23	 x25=0xfffffced
      108745000	     10775	8000b4d8	8ccd	c.or	x9,x11	  x9:0x00000000 x11:0xfffffce5  x9=0xfffffce5
      108755000	     10776	8000b4da	e89d	c.bnez	x9,8000b510	  x9:0xfffffce5
      108775000	     10778	8000b510	00961833	sll	x16,x12,x9	 x12:0x00000000  x9:0xfffffce5 x16=0x00000000
      108785000	     10779	8000b514	016caf33	slt	x30,x25,x22	 x25:0xfffffced x22:0x00000000 x30=0x00000001
      108795000	     10780	8000b518	0044c233	xor	x4,x9,x4	  x9:0xfffffce5  x4:0xfaeb9c09  x4=0x051460ec
      108805000	     10781	8000b51c	00b1ce33	xor	x28,x3,x11	  x3:0x00000000 x11:0xfffffce5 x28=0xfffffce5
      108815000	     10782	8000b520	ef95	c.bnez	x15,8000b55c	 x15:0x80021e0c
      108835000	     10784	8000b55c	c1e6fa93	andi	x21,x13,-994	 x13:0x7ffde1f4 x21=0x7ffde014
      108845000	     10785	8000b560	008460b3	or	x1,x8,x8	  x8:0xfffffffe  x8:0xfffffffe  x1=0xfffffffe
      108855000	     10786	8000b564	0088a933	slt	x18,x17,x8	 x17:0xc08f401c  x8:0xfffffffe x18=0x00000001
      108865000	     10787	8000b568	1f04	c.addi4spn	x9,x2,944	  x9=0x00000450
      109235000	     10824	8000b56a	0240c033	div	x0,x1,x4	  x1:0xfffffffe  x4:0x051460ec  x0=0x00000000
      109245000	     10825	8000b56e	0090ba33	sltu	x20,x1,x9	  x1:0xfffffffe  x9:0x00000450 x20=0x00000000
      109255000	     10826	8000b572	98da	c.add	x17,x22	 x17:0xc08f401c x22:0x00000000 x17=0xc08f401c
      109265000	     10827	8000b574	3a343797	auipc	x15,0x3a343	 x15=0xba34e574
      109275000	     10828	8000b578	41a255b3	sra	x11,x4,x26	  x4:0x051460ec x26:0x80025ce4 x11=0x0051460e
      109285000	     10829	8000b57c	13fe6213	ori	x4,x28,319	 x28:0xfffffce5  x4=0xfffffdff
      109295000	     10830	8000b580	0001	c.addi	x0,0	  x0:0x00000000  x0=0x00000000
      109305000	     10831	8000b582	012e7533	and	x10,x28,x18	 x28:0xfffffce5 x18:0x00000001 x10=0x00000001
      109315000	     10832	8000b586	22427893	andi	x17,x4,548	  x4:0xfffffdff x17=0x00000024
      109325000	     10833	8000b58a	e3f98e13	addi	x28,x19,-449	 x19:0x80021e0c x28=0x80021c4b
      109335000	     10834	8000b58e	01131513	slli	x10,x6,0x11	  x6:0x00000000 x10=0x00000000
      109345000	     10835	8000b592	381107b7	lui	x15,0x38110	 x15=0x38110000
      109355000	     10836	8000b596	34013373	csrrc	x6,mscratch,x2	  x2:0x000000a0  x6=0xfffffce8
      109365000	     10837	8000b59a	81be	c.mv	x3,x15	  x0:0x00000000 x15:0x38110000  x3=0x38110000
      109375000	     10838	8000b59c	00bb9c13	slli	x24,x23,0xb	 x23:0x00007000 x24=0x03800000
      109395000	     10840	8000b5a0	020e4533	div	x10,x28,x0	 x28:0x80021c4b  x0:0x00000000 x10=0xffffffff
      109405000	     10841	8000b5a4	406d8133	sub	x2,x27,x6	 x27:0x00000001  x6:0xfffffce8  x2=0x00000319
      109415000	     10842	8000b5a8	0001	c.addi	x0,0	  x0:0x00000000  x0=0x00000000
      109425000	     10843	8000b5aa	34003bf3	csrrc	x23,mscratch,x0	  x0:0x00000000 x23=0xfffffc48
      109435000	     10844	8000b5ae	8c79	c.and	x8,x14	  x8:0xfffffffe x14:0x00000001  x8=0x00000000
      109445000	     10845	8000b5b0	34002af3	csrrs	x21,mscratch,x0	  x0:0x00000000 x21=0xfffffc48
      109455000	     10846	8000b5b4	0174dcb3	srl	x25,x9,x23	  x9:0x00000450 x23:0xfffffc48 x25=0x00000004
      109465000	     10847	8000b5b8	01b3e033	or	x0,x7,x27	  x7:0xfaeb9c09 x27:0x00000001  x0=0x00000000
      109475000	     10848	8000b5bc	34071473	csrrw	x8,mscratch,x14	 x14:0x00000001  x8=0xfffffc48
      109485000	     10849	8000b5c0	117d	c.addi	x2,-1	  x2:0x00000319  x2=0x00000318
      109495000	     10850	8000b5c2	0146a6b3	slt	x13,x13,x20	 x13:0x7ffde1f4 x20:0x00000000 x13=0x00000000
      109535000	     10854	8000b5c6	03472eb3	mulhsu	x29,x14,x20	 x14:0x00000001 x20:0x00000000 x29=0x00000000
      109575000	     10858	8000b5ca	02791433	mulh	x8,x18,x7	 x18:0x00000001  x7:0xfaeb9c09  x8=0xffffffff
      109585000	     10859	8000b5ce	00981ab3	sll	x21,x16,x9	 x16:0x00000000  x9:0x00000450 x21=0x00000000
      109595000	     10860	8000b5d2	8c19	c.sub	x8,x14	  x8:0xffffffff x14:0x00000001  x8=0xfffffffe
      109605000	     10861	8000b5d4	8e1d	c.sub	x12,x15	 x12:0x00000000 x15:0x38110000 x12=0xc7ef0000
      109615000	     10862	8000b5d6	1510	c.addi4spn	x12,x2,672	 x12=0x000005b8
      109625000	     10863	8000b5d8	e711	c.bnez	x14,8000b5e4	 x14:0x00000001
      109645000	     10865	8000b5e4	00c93fb3	sltu	x31,x18,x12	 x18:0x00000001 x12:0x000005b8 x31=0x00000001
      109655000	     10866	8000b5e8	c0427e13	andi	x28,x4,-1020	  x4:0xfffffdff x28=0xfffffc04
      109665000	     10867	8000b5ec	8339	c.srli	x14,0xe	 x14:0x00000001 x14=0x00000000
      109675000	     10868	8000b5ee	340e5af3	csrrwi	x21,mscratch,28	 x21=0x00000001
      109685000	     10869	8000b5f2	9b1e	c.add	x22,x7	 x22:0x00000000  x7:0xfaeb9c09 x22=0xfaeb9c09
      109695000	     10870	8000b5f4	0147dab3	srl	x21,x15,x20	 x15:0x38110000 x20:0x00000000 x21=0x38110000
      109705000	     10871	8000b5f8	6159	c.addi16sp	x2,400	  x2:0x00000318  x2=0x000004a8
      109715000	     10872	8000b5fa	8fd9	c.or	x15,x14	 x15:0x38110000 x14:0x00000000 x15=0x38110000
      109725000	     10873	8000b5fc	00ccb533	sltu	x10,x25,x12	 x25:0x00000004 x12:0x000005b8 x10=0x00000001
      109735000	     10874	8000b600	6165	c.addi16sp	x2,112	  x2:0x000004a8  x2=0x00000518
      109745000	     10875	8000b602	04ab2093	slti	x1,x22,74	 x22:0xfaeb9c09  x1=0x00000001
      109755000	     10876	8000b606	01aeb1b3	sltu	x3,x29,x26	 x29:0x00000000 x26:0x80025ce4  x3=0x00000001
      109765000	     10877	8000b60a	e3953a37	lui	x20,0xe3953	 x20=0xe3953000
      109775000	     10878	8000b60e	030c	c.addi4spn	x11,x2,384	 x11=0x00000698
      109785000	     10879	8000b610	40430c13	addi	x24,x6,1028	  x6:0xfffffce8 x24=0x000000ec
      109795000	     10880	8000b614	1ba47f13	andi	x30,x8,442	  x8:0xfffffffe x30=0x000001ba
      109805000	     10881	8000b618	cc89	c.beqz	x9,8000b632	  x9:0x00000450
      109815000	     10882	8000b61a	00e126b3	slt	x13,x2,x14	  x2:0x00000518 x14:0x00000000 x13=0x00000000
      109825000	     10883	8000b61e	01189c33	sll	x24,x17,x17	 x17:0x00000024 x17:0x00000024 x24=0x00000240
      109835000	     10884	8000b622	0aaac037	lui	x0,0xaaac	  x0=0x00000000
      109845000	     10885	8000b626	0f9c	c.addi4spn	x15,x2,976	 x15=0x000008e8
      109855000	     10886	8000b628	405d0133	sub	x2,x26,x5	 x26:0x80025ce4  x5:0x00000000  x2=0x80025ce4
      109865000	     10887	8000b62c	0042cfb3	xor	x31,x5,x4	  x5:0x00000000  x4:0xfffffdff x31=0xfffffdff
      109875000	     10888	8000b630	8e6d	c.and	x12,x11	 x12:0x000005b8 x11:0x00000698 x12=0x00000498
      109885000	     10889	8000b632	01db7563	bgeu	x22,x29,8000b63c	 x22:0xfaeb9c09 x29:0x00000000
      109905000	     10891	8000b63c	003beb33	or	x22,x23,x3	 x23:0xfffffc48  x3:0x00000001 x22=0xfffffc49
      109915000	     10892	8000b640	0eca	c.slli	x29,0x12	 x29:0x00000000 x29=0x00000000
      109925000	     10893	8000b642	00709f93	slli	x31,x1,0x7	  x1:0x00000001 x31=0x00000080
      109935000	     10894	8000b646	01959263	bne	x11,x25,8000b64a	 x11:0x00000698 x25:0x00000004
      109955000	     10896	8000b64a	611d	c.addi16sp	x2,416	  x2:0x80025ce4  x2=0x80025e84
      109965000	     10897	8000b64c	0001	c.addi	x0,0	  x0:0x00000000  x0=0x00000000
      109975000	     10898	8000b64e	8f7d	c.and	x14,x15	 x14:0x00000000 x15:0x000008e8 x14=0x00000000
      109985000	     10899	8000b650	ffc14313	xori	x6,x2,-4	  x2:0x80025e84  x6=0x7ffda178
      110355000	     10936	8000b654	03af6e33	rem	x28,x30,x26	 x30:0x000001ba x26:0x80025ce4 x28=0x000001ba
      110365000	     10937	8000b658	012edb33	srl	x22,x29,x18	 x29:0x00000000 x18:0x00000001 x22=0x00000000
      110405000	     10941	8000b65c	02d39fb3	mulh	x31,x7,x13	  x7:0xfaeb9c09 x13:0x00000000 x31=0x00000000
      110415000	     10942	8000b660	128c	c.addi4spn	x11,x2,352	 x11=0x80025fe4
      110435000	     10944	8000b662	02095db3	divu	x27,x18,x0	 x18:0x00000001  x0:0x00000000 x27=0xffffffff
      110445000	     10945	8000b666	34003ef3	csrrc	x29,mscratch,x0	  x0:0x00000000 x29=0x0000001c
      110455000	     10946	8000b66a	57418693	addi	x13,x3,1396	  x3:0x00000001 x13=0x00000575
      110465000	     10947	8000b66e	16fd	c.addi	x13,-1	 x13:0x00000575 x13=0x00000574
      110485000	     10949	8000b670	02554bb3	div	x23,x10,x5	 x10:0x00000001  x5:0x00000000 x23=0xffffffff
      110855000	     10986	8000b674	03597833	remu	x16,x18,x21	 x18:0x00000001 x21:0x38110000 x16=0x00000001
      110875000	     10988	8000b678	025af0b3	remu	x1,x21,x5	 x21:0x38110000  x5:0x00000000  x1=0x38110000
      110885000	     10989	8000b67c	57fd	c.li	x15,-1	 x15=0xffffffff
      110895000	     10990	8000b67e	340dbf73	csrrc	x30,mscratch,x27	 x27:0xffffffff x30=0x0000001c
      110905000	     10991	8000b682	92310bb7	lui	x23,0x92310	 x23=0x92310000
      110915000	     10992	8000b686	f3d80793	addi	x15,x16,-195	 x16:0x00000001 x15=0xffffff3e
      111285000	     11029	8000b68a	0212c233	div	x4,x5,x1	  x5:0x00000000  x1:0x38110000  x4=0x00000000
      111655000	     11066	8000b68e	03786eb3	rem	x29,x16,x23	 x16:0x00000001 x23:0x92310000 x29=0x00000001
      111665000	     11067	8000b692	08a2	c.slli	x17,0x8	 x17:0x00000024 x17=0x00002400
      111675000	     11068	8000b694	158c	c.addi4spn	x11,x2,736	 x11=0x80026164
      111685000	     11069	8000b696	3401d1f3	csrrwi	x3,mscratch,3	  x3=0x00000000
      111695000	     11070	8000b69a	01821c33	sll	x24,x4,x24	  x4:0x00000000 x24:0x00000240 x24=0x00000000
      111705000	     11071	8000b69e	0001	c.addi	x0,0	  x0:0x00000000  x0=0x00000000
      111715000	     11072	8000b6a0	a508c013	xori	x0,x17,-1456	 x17:0x00002400  x0=0x00000000
      111725000	     11073	8000b6a4	8ea1	c.xor	x13,x8	 x13:0x00000574  x8:0xfffffffe x13=0xfffffa8a
      111735000	     11074	8000b6a6	0001	c.addi	x0,0	  x0:0x00000000  x0=0x00000000
      111745000	     11075	8000b6a8	0001	c.addi	x0,0	  x0:0x00000000  x0=0x00000000
      111755000	     11076	8000b6aa	04d29463	bne	x5,x13,8000b6f2	  x5:0x00000000 x13:0xfffffa8a
      111775000	     11078	8000b6f2	0001	c.addi	x0,0	  x0:0x00000000  x0=0x00000000
      111785000	     11079	8000b6f4	34007073	csrrci	x0,mscratch,0	  x0=0x00000000
      111795000	     11080	8000b6f8	00a56833	or	x16,x10,x10	 x10:0x00000001 x10:0x00000001 x16=0x00000001
      111805000	     11081	8000b6fc	01cd9363	bne	x27,x28,8000b702	 x27:0xffffffff x28:0x000001ba
      111865000	     11087	8000b702	03783db3	mulhu	x27,x16,x23	 x16:0x00000001 x23:0x92310000 x27=0x00000000
      111875000	     11088	8000b706	0729	c.addi	x14,10	 x14:0x00000000 x14=0x0000000a
      111885000	     11089	8000b708	9c3a	c.add	x24,x14	 x24:0x00000000 x14:0x0000000a x24=0x0000000a
      111895000	     11090	8000b70a	85227093	andi	x1,x4,-1966	  x4:0x00000000  x1=0x00000000
      111905000	     11091	8000b70e	0001	c.addi	x0,0	  x0:0x00000000  x0=0x00000000
      111915000	     11092	8000b710	0001	c.addi	x0,0	  x0:0x00000000  x0=0x00000000
      111925000	     11093	8000b712	9fb2	c.add	x31,x12	 x31:0x00000000 x12:0x00000498 x31=0x00000498
      111935000	     11094	8000b714	0227d363	bge	x15,x2,8000b73a	 x15:0xffffff3e  x2:0x80025e84
      111965000	     11097	8000b73a	002b9913	slli	x18,x23,0x2	 x23:0x92310000 x18=0x48c40000
      111975000	     11098	8000b73e	00e58c33	add	x24,x11,x14	 x11:0x80026164 x14:0x0000000a x24=0x8002616e
      111985000	     11099	8000b742	40175833	sra	x16,x14,x1	 x14:0x0000000a  x1:0x00000000 x16=0x0000000a
      111995000	     11100	8000b746	81c1	c.srli	x11,0x10	 x11:0x80026164 x11=0x00008002
      112005000	     11101	8000b748	8431	c.srai	x8,0xc	  x8:0xfffffffe  x8=0xffffffff
      112015000	     11102	8000b74a	8f29	c.xor	x14,x10	 x14:0x0000000a x10:0x00000001 x14=0x0000000b
      112025000	     11103	8000b74c	2e64eb97	auipc	x23,0x2e64e	 x23=0xae65974c
      112035000	     11104	8000b750	01981733	sll	x14,x16,x25	 x16:0x0000000a x25:0x00000004 x14=0x000000a0
      112045000	     11105	8000b754	e509	c.bnez	x10,8000b75e	 x10:0x00000001
      112075000	     11108	8000b75e	01210cb3	add	x25,x2,x18	  x2:0x80025e84 x18:0x48c40000 x25=0xc8c65e84
      112085000	     11109	8000b762	00e78033	add	x0,x15,x14	 x15:0xffffff3e x14:0x000000a0  x0=0x00000000
      112455000	     11146	8000b766	03a9c733	div	x14,x19,x26	 x19:0x80021e0c x26:0x80025ce4 x14=0x00000001
      112465000	     11147	8000b76a	02947463	bgeu	x8,x9,8000b792	  x8:0xffffffff  x9:0x00000450
      112495000	     11150	8000b792	408f51b3	sra	x3,x30,x8	 x30:0x0000001c  x8:0xffffffff  x3=0x00000000
      112505000	     11151	8000b796	401cdbb3	sra	x23,x25,x1	 x25:0xc8c65e84  x1:0x00000000 x23=0xc8c65e84
      112515000	     11152	8000b79a	61b78617	auipc	x12,0x61b78	 x12=0xe1b8379a
      112525000	     11153	8000b79e	49512b13	slti	x22,x2,1173	  x2:0x80025e84 x22=0x00000001
      112535000	     11154	8000b7a2	00ae07b3	add	x15,x28,x10	 x28:0x000001ba x10:0x00000001 x15=0x000001bb
      112575000	     11158	8000b7a6	02dc3333	mulhu	x6,x24,x13	 x24:0x8002616e x13:0xfffffa8a  x6=0x80025eb2
      112585000	     11159	8000b7aa	e995	c.bnez	x11,8000b7de	 x11:0x00008002
      112605000	     11161	8000b7de	0001	c.addi	x0,0	  x0:0x00000000  x0=0x00000000
      112615000	     11162	8000b7e0	717d	c.addi16sp	x2,-16	  x2:0x80025e84  x2=0x80025e74
      112625000	     11163	8000b7e2	60ad8c13	addi	x24,x27,1546	 x27:0x00000000 x24=0x0000060a
      112635000	     11164	8000b7e6	8cb5	c.xor	x9,x13	  x9:0x00000450 x13:0xfffffa8a  x9=0xfffffeda
      112645000	     11165	8000b7e8	340727f3	csrrs	x15,mscratch,x14	 x14:0x00000001 x15=0x00000003
      112655000	     11166	8000b7ec	0192	c.slli	x3,0x4	  x3:0x00000000  x3=0x00000000
      112665000	     11167	8000b7ee	7de9f817	auipc	x16,0x7de9f	 x16=0xfdeaa7ee
      112675000	     11168	8000b7f2	597d	c.li	x18,-1	 x18=0xffffffff
      112685000	     11169	8000b7f4	818d	c.srli	x11,0x3	 x11:0x00008002 x11=0x00001000
      112695000	     11170	8000b7f6	8f21	c.xor	x14,x8	 x14:0x00000001  x8:0xffffffff x14=0xfffffffe
      112705000	     11171	8000b7f8	0066feb3	and	x29,x13,x6	 x13:0xfffffa8a  x6:0x80025eb2 x29=0x80025a82
      112715000	     11172	8000b7fc	41d65033	sra	x0,x12,x29	 x12:0xe1b8379a x29:0x80025a82  x0=0x00000000
      112725000	     11173	8000b800	34002ff3	csrrs	x31,mscratch,x0	  x0:0x00000000 x31=0x00000003
      112735000	     11174	8000b804	1a2c4313	xori	x6,x24,418	 x24:0x0000060a  x6=0x000007a8
      112745000	     11175	8000b808	b381b413	sltiu	x8,x3,-1224	  x3:0x00000000  x8=0x00000001
      112755000	     11176	8000b80c	e695	c.bnez	x13,8000b838	 x13:0xfffffa8a
      112775000	     11178	8000b838	e63ae313	ori	x6,x21,-413	 x21:0x38110000  x6=0xfffffe63
      112785000	     11179	8000b83c	00742733	slt	x14,x8,x7	  x8:0x00000001  x7:0xfaeb9c09 x14=0x00000000
      112795000	     11180	8000b840	3406dc73	csrrwi	x24,mscratch,13	 x24=0x00000003
      112805000	     11181	8000b844	409ad933	sra	x18,x21,x9	 x21:0x38110000  x9:0xfffffeda x18=0x0000000e
      112815000	     11182	8000b848	340076f3	csrrci	x13,mscratch,0	 x13=0x0000000d
      112825000	     11183	8000b84c	fdd327b7	lui	x15,0xfdd32	 x15=0xfdd32000
      112835000	     11184	8000b850	13b64737	lui	x14,0x13b64	 x14=0x13b64000
      112845000	     11185	8000b854	6179	c.addi16sp	x2,464	  x2:0x80025e74  x2=0x80026044
      112855000	     11186	8000b856	082e	c.slli	x16,0xb	 x16:0xfdeaa7ee x16=0x553f7000
      112865000	     11187	8000b858	c2272213	slti	x4,x14,-990	 x14:0x13b64000  x4=0x00000000
      112905000	     11191	8000b85c	0306a433	mulhsu	x8,x13,x16	 x13:0x0000000d x16:0x553f7000  x8=0x00000004
      112915000	     11192	8000b860	3a7f3113	sltiu	x2,x30,935	 x30:0x0000001c  x2=0x00000001
      112925000	     11193	8000b864	006c30b3	sltu	x1,x24,x6	 x24:0x00000003  x6:0xfffffe63  x1=0x00000001
      112935000	     11194	8000b868	8ead	c.xor	x13,x11	 x13:0x0000000d x11:0x00001000 x13=0x0000100d
      112945000	     11195	8000b86a	1afd	c.addi	x21,-1	 x21:0x38110000 x21=0x3810ffff
      112955000	     11196	8000b86c	6be50713	addi	x14,x10,1726	 x10:0x00000001 x14=0x000006bf
      112965000	     11197	8000b870	cd01	c.beqz	x10,8000b888	 x10:0x00000001
      112975000	     11198	8000b872	34049073	csrrw	x0,mscratch,x9	  x9:0xfffffeda  x0=0x00000000
      112985000	     11199	8000b876	40958a33	sub	x20,x11,x9	 x11:0x00001000  x9:0xfffffeda x20=0x00001126
      112995000	     11200	8000b87a	415f82b3	sub	x5,x31,x21	 x31:0x00000003 x21:0x3810ffff  x5=0xc7ef0004
      113035000	     11204	8000b87e	03d2a833	mulhsu	x16,x5,x29	  x5:0xc7ef0004 x29:0x80025a82 x16=0xe3f6fc0d
      113045000	     11205	8000b882	87c9	c.srai	x15,0x12	 x15:0xfdd32000 x15=0xffffff74
      113055000	     11206	8000b884	340d2df3	csrrs	x27,mscratch,x26	 x26:0x80025ce4 x27=0xfffffeda
      113065000	     11207	8000b888	c209	c.beqz	x12,8000b88a	 x12:0xe1b8379a
      113075000	     11208	8000b88a	93aaa913	slti	x18,x21,-1734	 x21:0x3810ffff x18=0x00000000
      113085000	     11209	8000b88e	8dd9	c.or	x11,x14	 x11:0x00001000 x14:0x000006bf x11=0x000016bf
      113095000	     11210	8000b890	340978f3	csrrci	x17,mscratch,18	 x17=0xfffffefe
      113105000	     11211	8000b894	0001	c.addi	x0,0	  x0:0x00000000  x0=0x00000000
      113115000	     11212	8000b896	997d	c.andi	x10,-1	 x10:0x00000001 x10=0x00000001
      113125000	     11213	8000b898	0106d363	bge	x13,x16,8000b89e	 x13:0x0000100d x16:0xe3f6fc0d
      113155000	     11216	8000b89e	002042b3	xor	x5,x0,x2	  x0:0x00000000  x2:0x00000001  x5=0x00000001
      113165000	     11217	8000b8a2	a10c6713	ori	x14,x24,-1520	 x24:0x00000003 x14=0xfffffa13
      113535000	     11254	8000b8a6	028d6533	rem	x10,x26,x8	 x26:0x80025ce4  x8:0x00000004 x10=0x00000000
      113545000	     11255	8000b8aa	3402e4f3	csrrsi	x9,mscratch,5	  x9=0xfffffeec
      113555000	     11256	8000b8ae	87ae	c.mv	x15,x11	  x0:0x00000000 x11:0x000016bf x15=0x000016bf
      113565000	     11257	8000b8b0	a8475bb7	lui	x23,0xa8475	 x23=0xa8475000
      113575000	     11258	8000b8b4	8c55	c.or	x8,x13	  x8:0x00000004 x13:0x0000100d  x8=0x0000100d
      113585000	     11259	8000b8b6	1f00	c.addi4spn	x8,x2,944	  x8=0x000003b1
      113595000	     11260	8000b8b8	00991f63	bne	x18,x9,8000b8d6	 x18:0x00000000  x9:0xfffffeec
      113615000	     11262	8000b8d6	9706	c.add	x14,x1	 x14:0xfffffa13  x1:0x00000001 x14=0xfffffa14
      113625000	     11263	8000b8d8	0000100f	fence.i	
      113645000	     11265	8000b8dc	8ed1	c.or	x13,x12	 x13:0x0000100d x12:0xe1b8379a x13=0xe1b8379f
      113655000	     11266	8000b8de	340852f3	csrrwi	x5,mscratch,16	  x5=0xfffffeed
      113665000	     11267	8000b8e2	6131	c.addi16sp	x2,320	  x2:0x00000001  x2=0x00000141
      113675000	     11268	8000b8e4	8539	c.srai	x10,0xe	 x10:0x00000000 x10=0x00000000
      113685000	     11269	8000b8e6	8fed	c.and	x15,x11	 x15:0x000016bf x11:0x000016bf x15=0x000016bf
      113725000	     11273	8000b8e8	02209cb3	mulh	x25,x1,x2	  x1:0x00000001  x2:0x00000141 x25=0x00000000
      113735000	     11274	8000b8ec	03c18a63	beq	x3,x28,8000b920	  x3:0x00000000 x28:0x000001ba
      113745000	     11275	8000b8f0	03bf6363	bltu	x30,x27,8000b916	 x30:0x0000001c x27:0xfffffeda
      113775000	     11278	8000b916	003e18b3	sll	x17,x28,x3	 x28:0x000001ba  x3:0x00000000 x17=0x000001ba
      113785000	     11279	8000b91a	cb11	c.beqz	x14,8000b92e	 x14:0xfffffa14
      113795000	     11280	8000b91c	3405edf3	csrrsi	x27,mscratch,11	 x27=0x00000010
      113805000	     11281	8000b920	01e25a63	bge	x4,x30,8000b934	  x4:0x00000000 x30:0x0000001c
      113815000	     11282	8000b924	e11d	c.bnez	x10,8000b94a	 x10:0x00000000
      113825000	     11283	8000b926	41350a33	sub	x20,x10,x19	 x10:0x00000000 x19:0x80021e0c x20=0x7ffde1f4
      113835000	     11284	8000b92a	ee81	c.bnez	x13,8000b942	 x13:0xe1b8379f
      113865000	     11287	8000b942	34047ef3	csrrci	x29,mscratch,8	 x29=0x0000001b
      113875000	     11288	8000b946	40475913	srai	x18,x14,0x4	 x14:0xfffffa14 x18=0xffffffa1
      113885000	     11289	8000b94a	8d21	c.xor	x10,x8	 x10:0x00000000  x8:0x000003b1 x10=0x000003b1
      113895000	     11290	8000b94c	030c	c.addi4spn	x11,x2,384	 x11=0x000002c1
      113905000	     11291	8000b94e	0ff0000f	fence	iorw,iorw	
      113915000	     11292	8000b952	340b1973	csrrw	x18,mscratch,x22	 x22:0x00000001 x18=0x00000013
      113925000	     11293	8000b956	bdef2613	slti	x12,x30,-1058	 x30:0x0000001c x12=0x00000000
      113965000	     11297	8000b95a	02a99a33	mulh	x20,x19,x10	 x19:0x80021e0c x10:0x000003b1 x20=0xfffffe27
      113975000	     11298	8000b95e	8e45	c.or	x12,x9	 x12:0x00000000  x9:0xfffffeec x12=0xfffffeec
      113985000	     11299	8000b960	8d65	c.and	x10,x9	 x10:0x000003b1  x9:0xfffffeec x10=0x000002a0
      113995000	     11300	8000b962	01b58563	beq	x11,x27,8000b96c	 x11:0x000002c1 x27:0x00000010
      114005000	     11301	8000b966	8335	c.srli	x14,0xd	 x14:0xfffffa14 x14=0x0007ffff
      114015000	     11302	8000b968	fe55a1b7	lui	x3,0xfe55a	  x3=0xfe55a000
      114025000	     11303	8000b96c	006174b3	and	x9,x2,x6	  x2:0x00000141  x6:0xfffffe63  x9=0x00000041
      114035000	     11304	8000b970	40368633	sub	x12,x13,x3	 x13:0xe1b8379f  x3:0xfe55a000 x12=0xe362979f
      114065000	     11307	8000b974	03d08033	mul	x0,x1,x29	  x1:0x00000001 x29:0x0000001b  x0=0x00000000
      114075000	     11308	8000b978	34061cf3	csrrw	x25,mscratch,x12	 x12:0xe362979f x25=0x00000001
      114085000	     11309	8000b97c	e121	c.bnez	x10,8000b9bc	 x10:0x000002a0
      114105000	     11311	8000b9bc	6119	c.addi16sp	x2,384	  x2:0x00000141  x2=0x000002c1
      114115000	     11312	8000b9be	011dd263	bge	x27,x17,8000b9c2	 x27:0x00000010 x17:0x000001ba
      114125000	     11313	8000b9c2	8ff5	c.and	x15,x13	 x15:0x000016bf x13:0xe1b8379f x15=0x0000169f
      114135000	     11314	8000b9c4	8119	c.srli	x10,0x6	 x10:0x000002a0 x10=0x0000000a
      114145000	     11315	8000b9c6	8cfa0693	addi	x13,x20,-1841	 x20:0xfffffe27 x13=0xfffff6f6
      114155000	     11316	8000b9ca	00662db3	slt	x27,x12,x6	 x12:0xe362979f  x6:0xfffffe63 x27=0x00000001
      114165000	     11317	8000b9ce	8ca1	c.xor	x9,x8	  x9:0x00000041  x8:0x000003b1  x9=0x000003f0
      114175000	     11318	8000b9d0	0096df63	bge	x13,x9,8000b9ee	 x13:0xfffff6f6  x9:0x000003f0
      114185000	     11319	8000b9d4	04538c93	addi	x25,x7,69	  x7:0xfaeb9c09 x25=0xfaeb9c4e
      114195000	     11320	8000b9d8	0000100f	fence.i	
      114215000	     11322	8000b9dc	01c2d2b3	srl	x5,x5,x28	  x5:0xfffffeed x28:0x000001ba  x5=0x0000003f
      114225000	     11323	8000b9e0	0001	c.addi	x0,0	  x0:0x00000000  x0=0x00000000
      114235000	     11324	8000b9e2	34097df3	csrrci	x27,mscratch,18	 x27=0xe362979f
      114275000	     11328	8000b9e6	02d91e33	mulh	x28,x18,x13	 x18:0x00000013 x13:0xfffff6f6 x28=0xffffffff
      114305000	     11331	8000b9ea	02350e33	mul	x28,x10,x3	 x10:0x0000000a  x3:0xfe55a000 x28=0xef584000
      114315000	     11332	8000b9ee	cf01	c.beqz	x14,8000ba06	 x14:0x0007ffff
      114325000	     11333	8000b9f0	103b8313	addi	x6,x23,259	 x23:0xa8475000  x6=0xa8475103
      114365000	     11337	8000b9f4	02adaf33	mulhsu	x30,x27,x10	 x27:0xe362979f x10:0x0000000a x30=0xfffffffe
      114375000	     11338	8000b9f8	008f9893	slli	x17,x31,0x8	 x31:0x00000003 x17=0x00000300
      114385000	     11339	8000b9fc	503d2437	lui	x8,0x503d2	  x8=0x503d2000
      114395000	     11340	8000ba00	47adc237	lui	x4,0x47adc	  x4=0x47adc000
      114405000	     11341	8000ba04	ce15	c.beqz	x12,8000ba40	 x12:0xe362979f
      114415000	     11342	8000ba06	00bb20b3	slt	x1,x22,x11	 x22:0x00000001 x11:0x000002c1  x1=0x00000001
      114785000	     11379	8000ba0a	03b8c0b3	div	x1,x17,x27	 x17:0x00000300 x27:0xe362979f  x1=0x00000000
      114795000	     11380	8000ba0e	e79d	c.bnez	x15,8000ba3c	 x15:0x0000169f
      114815000	     11382	8000ba3c	01ae6ab3	or	x21,x28,x26	 x28:0xef584000 x26:0x80025ce4 x21=0xef5a5ce4
      114825000	     11383	8000ba40	0001	c.addi	x0,0	  x0:0x00000000  x0=0x00000000
      115195000	     11420	8000ba42	037248b3	div	x17,x4,x23	  x4:0x47adc000 x23:0xa8475000 x17=0x00000000
      115205000	     11421	8000ba46	8c55	c.or	x8,x13	  x8:0x503d2000 x13:0xfffff6f6  x8=0xfffff6f6
      115215000	     11422	8000ba48	016c94b3	sll	x9,x25,x22	 x25:0xfaeb9c4e x22:0x00000001  x9=0xf5d7389c
      115225000	     11423	8000ba4c	008ec763	blt	x29,x8,8000ba5a	 x29:0x0000001b  x8:0xfffff6f6
      115235000	     11424	8000ba50	0001	c.addi	x0,0	  x0:0x00000000  x0=0x00000000
      115245000	     11425	8000ba52	ea01	c.bnez	x12,8000ba62	 x12:0xe362979f
      115275000	     11428	8000ba62	00377b33	and	x22,x14,x3	 x14:0x0007ffff  x3:0xfe55a000 x22=0x0005a000
      115285000	     11429	8000ba66	0049ac83	lw	x25,4(x19)	 x19:0x80021e0c x25=0x80006220 PA:0x80021e10 load:0x80006220
      115295000	     11430	8000ba6a	41bfd0b3	sra	x1,x31,x27	 x31:0x00000003 x27:0xe362979f  x1=0x00000000
      115305000	     11431	8000ba6e	09e1	c.addi	x19,24	 x19:0x80021e0c x19=0x80021e24
      115315000	     11432	8000ba70	34031af3	csrrw	x21,mscratch,x6	  x6:0xa8475103 x21=0xe362978d
      115325000	     11433	8000ba74	80a9	c.srli	x9,0xa	  x9:0xf5d7389c  x9=0x003d75ce
      115335000	     11434	8000ba76	0ff0000f	fence	iorw,iorw	
      115345000	     11435	8000ba7a	000c8e13	addi	x28,x25,0	 x25:0x80006220 x28=0x80006220
      115355000	     11436	8000ba7e	8e02	c.jr	x28	 x28:0x80006220
      115375000	     11438	80006220	ffffeb97	auipc	x23,0xffffe	 x23=0x80004220
      115385000	     11439	80006224	984b8b93	addi	x23,x23,-1660	 x23:0x80004220 x23=0x80003ba4
      115395000	     11440	80006228	340f55f3	csrrwi	x11,mscratch,30	 x11=0xa8475103
      115405000	     11441	8000622c	e17b8b93	addi	x23,x23,-489	 x23:0x80003ba4 x23=0x800039bb
      115415000	     11442	80006230	400d8733	sub	x14,x27,x0	 x27:0xe362979f  x0:0x00000000 x14=0xe362979f
      115425000	     11443	80006234	6165	c.addi16sp	x2,112	  x2:0x000002c1  x2=0x00000331
      115795000	     11480	80006236	0233e533	rem	x10,x7,x3	  x7:0xfaeb9c09  x3:0xfe55a000 x10=0xffeabc09
      115805000	     11481	8000623a	8c51	c.or	x8,x12	  x8:0xfffff6f6 x12:0xe362979f  x8=0xfffff7ff
      115815000	     11482	8000623c	1eab8ce7	jalr	x25,490(x23)	 x23:0x800039bb x25=0x80006240
      115835000	     11484	80003ba4	018225b3	slt	x11,x4,x24	  x4:0x47adc000 x24:0x00000003 x11=0x00000000
      115845000	     11485	80003ba8	01e65593	srli	x11,x12,0x1e	 x12:0xe362979f x11=0x00000003
      115885000	     11489	80003bac	02579533	mulh	x10,x15,x5	 x15:0x0000169f  x5:0x0000003f x10=0x00000000
      115895000	     11490	80003bb0	613d	c.addi16sp	x2,480	  x2:0x00000331  x2=0x00000511
      115905000	     11491	80003bb2	87a1	c.srai	x15,0x8	 x15:0x0000169f x15=0x00000016
      115915000	     11492	80003bb4	e109	c.bnez	x10,80003bb6	 x10:0x00000000
      115925000	     11493	80003bb6	fd098993	addi	x19,x19,-48	 x19:0x80021e24 x19=0x80021df4
      115935000	     11494	80003bba	340061f3	csrrsi	x3,mscratch,0	  x3=0x0000001e
      115945000	     11495	80003bbe	0199a223	sw	x25,4(x19)	 x19:0x80021df4 x25:0x80006240 PA:0x80021df8 store:0x80006240 load:0x00000000
      115955000	     11496	80003bc2	78a23f13	sltiu	x30,x4,1930	  x4:0x47adc000 x30=0x00000000
      115965000	     11497	80003bc6	8e21	c.xor	x12,x8	 x12:0xe362979f  x8:0xfffff7ff x12=0x1c9d6060
      115975000	     11498	80003bc8	4831	c.li	x16,12	 x16=0x0000000c
      115985000	     11499	80003bca	01bb4a63	blt	x22,x27,80003bde	 x22:0x0005a000 x27:0xe362979f
      115995000	     11500	80003bce	0096e033	or	x0,x13,x9	 x13:0xfffff6f6  x9:0x003d75ce  x0=0x00000000
      116005000	     11501	80003bd2	412656b3	sra	x13,x12,x18	 x12:0x1c9d6060 x18:0x00000013 x13=0x00000393
      116015000	     11502	80003bd6	001914b3	sll	x9,x18,x1	 x18:0x00000013  x1:0x00000000  x9=0x00000013
      116025000	     11503	80003bda	0063d913	srli	x18,x7,0x6	  x7:0xfaeb9c09 x18=0x03ebae70
      116035000	     11504	80003bde	cb1d	c.beqz	x14,80003c14	 x14:0xe362979f
      116045000	     11505	80003be0	4189d233	sra	x4,x19,x24	 x19:0x80021df4 x24:0x00000003  x4=0xf00043be
      116415000	     11542	80003be4	02c4c5b3	div	x11,x9,x12	  x9:0x00000013 x12:0x1c9d6060 x11=0x00000000
      116425000	     11543	80003be8	ef905917	auipc	x18,0xef905	 x18=0x6f908be8
      116435000	     11544	80003bec	0001	c.addi	x0,0	  x0:0x00000000  x0=0x00000000
      116445000	     11545	80003bee	8185	c.srli	x11,0x1	 x11:0x00000000 x11=0x00000000
      116455000	     11546	80003bf0	0c2fb313	sltiu	x6,x31,194	 x31:0x00000003  x6=0x00000001
      116465000	     11547	80003bf4	34076673	csrrsi	x12,mscratch,14	 x12=0x0000001e
      116475000	     11548	80003bf8	01ead913	srli	x18,x21,0x1e	 x21:0xe362978d x18=0x00000003
      116485000	     11549	80003bfc	405e5c13	srai	x24,x28,0x5	 x28:0x80006220 x24=0xfc000311
      116495000	     11550	80003c00	051c	c.addi4spn	x15,x2,640	 x15=0x00000791
      116505000	     11551	80003c02	2b9b9c17	auipc	x24,0x2b9b9	 x24=0xab9bcc02
      116515000	     11552	80003c06	8755	c.srai	x14,0x15	 x14:0xe362979f x14=0xffffff1b
      116525000	     11553	80003c08	831d	c.srli	x14,0x7	 x14:0xffffff1b x14=0x01fffffe
      116535000	     11554	80003c0a	8c81	c.sub	x9,x8	  x9:0x00000013  x8:0xfffff7ff  x9=0x00000814
      116545000	     11555	80003c0c	51a1f913	andi	x18,x3,1306	  x3:0x0000001e x18=0x0000001a
      116555000	     11556	80003c10	40110a33	sub	x20,x2,x1	  x2:0x00000511  x1:0x00000000 x20=0x00000511
      116565000	     11557	80003c14	01e98633	add	x12,x19,x30	 x19:0x80021df4 x30:0x00000000 x12=0x80021df4
      116575000	     11558	80003c18	127d	c.addi	x4,-1	  x4:0xf00043be  x4=0xf00043bd
      116585000	     11559	80003c1a	00bf04b3	add	x9,x30,x11	 x30:0x00000000 x11:0x00000000  x9=0x00000000
      116595000	     11560	80003c1e	0698	c.addi4spn	x14,x2,832	 x14=0x00000851
      116605000	     11561	80003c20	00189263	bne	x17,x1,80003c24	 x17:0x00000000  x1:0x00000000
      116615000	     11562	80003c24	000cf633	and	x12,x25,x0	 x25:0x80006240  x0:0x00000000 x12=0x00000000
      116655000	     11566	80003c28	03b2a033	mulhsu	x0,x5,x27	  x5:0x0000003f x27:0xe362979f  x0=0x00000000
      116665000	     11567	80003c2c	0001	c.addi	x0,0	  x0:0x00000000  x0=0x00000000
      116675000	     11568	80003c2e	0871	c.addi	x16,28	 x16:0x0000000c x16=0x00000028
      116685000	     11569	80003c30	c70d	c.beqz	x14,80003c5a	 x14:0x00000851
      116695000	     11570	80003c32	34003e73	csrrc	x28,mscratch,x0	  x0:0x00000000 x28=0x0000001e
      116705000	     11571	80003c36	00ef5033	srl	x0,x30,x14	 x30:0x00000000 x14:0x00000851  x0=0x00000000
      116715000	     11572	80003c3a	0001	c.addi	x0,0	  x0:0x00000000  x0=0x00000000
      116725000	     11573	80003c3c	f37b7037	lui	x0,0xf37b7	  x0=0x00000000
      116735000	     11574	80003c40	01a19db3	sll	x27,x3,x26	  x3:0x0000001e x26:0x80025ce4 x27=0x000001e0
      116745000	     11575	80003c44	41f25e33	sra	x28,x4,x31	  x4:0xf00043bd x31:0x00000003 x28=0xfe000877
      116755000	     11576	80003c48	01016433	or	x8,x2,x16	  x2:0x00000511 x16:0x00000028  x8=0x00000539
      116765000	     11577	80003c4c	8fbd	c.xor	x15,x15	 x15:0x00000791 x15:0x00000791 x15=0x00000000
      116775000	     11578	80003c4e	415f5c93	srai	x25,x30,0x15	 x30:0x00000000 x25=0x00000000
      116785000	     11579	80003c52	34097073	csrrci	x0,mscratch,18	  x0=0x00000000
      116795000	     11580	80003c56	bb2b6313	ori	x6,x22,-1102	 x22:0x0005a000  x6=0xfffffbb2
      117165000	     11617	80003c5a	02e846b3	div	x13,x16,x14	 x16:0x00000028 x14:0x00000851 x13=0x00000000
      117175000	     11618	80003c5e	13cd4b93	xori	x23,x26,316	 x26:0x80025ce4 x23=0x80025dd8
      117185000	     11619	80003c62	86a86293	ori	x5,x16,-1942	 x16:0x00000028  x5=0xfffff86a
      117205000	     11621	80003c66	02915e33	divu	x28,x2,x9	  x2:0x00000511  x9:0x00000000 x28=0xffffffff
      117215000	     11622	80003c6a	00cb9133	sll	x2,x23,x12	 x23:0x80025dd8 x12:0x00000000  x2=0x80025dd8
      117225000	     11623	80003c6e	0160d713	srli	x14,x1,0x16	  x1:0x00000000 x14=0x00000000
      117235000	     11624	80003c72	16fd	c.addi	x13,-1	 x13:0x00000000 x13=0xffffffff
      117245000	     11625	80003c74	34006b73	csrrsi	x22,mscratch,0	 x22=0x0000000c
      117615000	     11662	80003c78	0240c7b3	div	x15,x1,x4	  x1:0x00000000  x4:0xf00043bd x15=0x00000000
      117625000	     11663	80003c7c	0f00	c.addi4spn	x8,x2,912	  x8=0x80026168
      117635000	     11664	80003c7e	0086ed63	bltu	x13,x8,80003c98	 x13:0xffffffff  x8:0x80026168
      117645000	     11665	80003c82	8e71	c.and	x12,x12	 x12:0x00000000 x12:0x00000000 x12=0x00000000
      117655000	     11666	80003c84	e911	c.bnez	x10,80003c98	 x10:0x00000000
      117665000	     11667	80003c86	8d15	c.sub	x10,x13	 x10:0x00000000 x13:0xffffffff x10=0x00000001
      117675000	     11668	80003c88	646d	c.lui	x8,0x1b	  x8=0x0001b000
      117695000	     11670	80003c8a	02c8ef33	rem	x30,x17,x12	 x17:0x00000000 x12:0x00000000 x30=0x00000000
      118065000	     11707	80003c8e	02236ab3	rem	x21,x6,x2	  x6:0xfffffbb2  x2:0x80025dd8 x21=0xfffffbb2
      118075000	     11708	80003c92	016e26b3	slt	x13,x28,x22	 x28:0xffffffff x22:0x0000000c x13=0x00000001
      118085000	     11709	80003c96	717d	c.addi16sp	x2,-16	  x2:0x80025dd8  x2=0x80025dc8
      118095000	     11710	80003c98	8be1	c.andi	x15,24	 x15:0x00000000 x15=0x00000000
      118105000	     11711	80003c9a	0049ac83	lw	x25,4(x19)	 x19:0x80021df4 x25=0x80006240 PA:0x80021df8 load:0x80006240
      118115000	     11712	80003c9e	34002073	csrrs	x0,mscratch,x0	  x0:0x00000000  x0=0x00000000
      118125000	     11713	80003ca2	073a	c.slli	x14,0xe	 x14:0x00000000 x14=0x00000000
      118135000	     11714	80003ca4	0001	c.addi	x0,0	  x0:0x00000000  x0=0x00000000
      118145000	     11715	80003ca6	01b07db3	and	x27,x0,x27	  x0:0x00000000 x27:0x000001e0 x27=0x00000000
      118175000	     11718	80003caa	02490633	mul	x12,x18,x4	 x18:0x0000001a  x4:0xf00043bd x12=0x6006e132
      118185000	     11719	80003cae	0009d0b3	srl	x1,x19,x0	 x19:0x80021df4  x0:0x00000000  x1=0x80021df4
      118195000	     11720	80003cb2	03098993	addi	x19,x19,48	 x19:0x80021df4 x19=0x80021e24
      118205000	     11721	80003cb6	85dd	c.srai	x11,0x17	 x11:0x00000000 x11=0x00000000
      118215000	     11722	80003cb8	40c7dc33	sra	x24,x15,x12	 x15:0x00000000 x12:0x6006e132 x24=0x00000000
      118225000	     11723	80003cbc	000c8b13	addi	x22,x25,0	 x25:0x80006240 x22=0x80006240
      118235000	     11724	80003cc0	9b02	c.jalr	x22	 x22:0x80006240  x1=0x80003cc2
      118615000	     11762	80006240	03f24cb3	div	x25,x4,x31	  x4:0xf00043bd x31:0x00000003 x25=0xfaaac13f
      118625000	     11763	80006244	071c	c.addi4spn	x15,x2,896	 x15=0x80026148
      118635000	     11764	80006246	00000617	auipc	x12,0x0	 x12=0x80006246
      118645000	     11765	8000624a	0fa60613	addi	x12,x12,250	 x12:0x80006246 x12=0x80006340
      118665000	     11767	8000624e	03e8e233	rem	x4,x17,x30	 x17:0x00000000 x30:0x00000000  x4=0x00000000
      118675000	     11768	80006252	6109	c.addi16sp	x2,128	  x2:0x80025dc8  x2=0x80025e48
      118685000	     11769	80006254	1808	c.addi4spn	x10,x2,48	 x10=0x80025e78
      118695000	     11770	80006256	40185793	srai	x15,x16,0x1	 x16:0x00000028 x15=0x00000014
      118705000	     11771	8000625a	35560613	addi	x12,x12,853	 x12:0x80006340 x12=0x80006695
      118715000	     11772	8000625e	340f2f73	csrrs	x30,mscratch,x30	 x30:0x00000000 x30=0x0000000c
      118725000	     11773	80006262	cab60ce7	jalr	x25,-853(x12)	 x12:0x80006695 x25=0x80006266
      118745000	     11775	80006340	003acc63	blt	x21,x3,80006358	 x21:0xfffffbb2  x3:0x0000001e
      118765000	     11777	80006358	1991	c.addi	x19,-28	 x19:0x80021e24 x19=0x80021e08
      118775000	     11778	8000635a	00d69613	slli	x12,x13,0xd	 x13:0x00000001 x12=0x00002000
      118785000	     11779	8000635e	0199a223	sw	x25,4(x19)	 x19:0x80021e08 x25:0x80006266 PA:0x80021e0c store:0x80006266 load:0x00000000
      119155000	     11816	80006362	0320c5b3	div	x11,x1,x18	  x1:0x80003cc2 x18:0x0000001a x11=0xfb13b392
      119525000	     11853	80006366	035fdf33	divu	x30,x31,x21	 x31:0x00000003 x21:0xfffffbb2 x30=0x00000000
      119535000	     11854	8000636a	9afd	c.andi	x13,-1	 x13:0x00000001 x13=0x00000001
      119545000	     11855	8000636c	6641	c.lui	x12,0x10	 x12=0x00010000
      119915000	     11892	8000636e	03dbd033	divu	x0,x23,x29	 x23:0x80025dd8 x29:0x0000001b  x0=0x00000000
      119925000	     11893	80006372	00fe2833	slt	x16,x28,x15	 x28:0xffffffff x15:0x00000014 x16=0x00000001
      119935000	     11894	80006376	41b28733	sub	x14,x5,x27	  x5:0xfffff86a x27:0x00000000 x14=0xfffff86a
      119975000	     11898	8000637a	02041f33	mulh	x30,x8,x0	  x8:0x0001b000  x0:0x00000000 x30=0x00000000
      119985000	     11899	8000637e	945fdcef	jal	x25,80003cc2	 x25=0x80006382
      120015000	     11902	80003cc2	26ab4193	xori	x3,x22,618	 x22:0x80006240  x3=0x8000602a
      120025000	     11903	80003cc6	19d1	c.addi	x19,-12	 x19:0x80021e08 x19=0x80021dfc
      120035000	     11904	80003cc8	577d	c.li	x14,-1	 x14=0xffffffff
      120045000	     11905	80003cca	40d07b97	auipc	x23,0x40d07	 x23=0xc0d0acca
      120055000	     11906	80003cce	8c7e	c.mv	x24,x31	  x0:0x00000000 x31:0x00000003 x24=0x00000003
      120065000	     11907	80003cd0	0b16	c.slli	x22,0x5	 x22:0x80006240 x22=0x000c4800
      120075000	     11908	80003cd2	e24e7013	andi	x0,x28,-476	 x28:0xffffffff  x0=0x00000000
      120085000	     11909	80003cd6	567d	c.li	x12,-1	 x12=0xffffffff
      120095000	     11910	80003cd8	0199a223	sw	x25,4(x19)	 x19:0x80021dfc x25:0x80006382 PA:0x80021e00 store:0x80006382 load:0x00000000
      120105000	     11911	80003cdc	9ffca793	slti	x15,x25,-1537	 x25:0x80006382 x15=0x00000001
      120125000	     11913	80003ce0	03b0dbb3	divu	x23,x1,x27	  x1:0x80003cc2 x27:0x00000000 x23=0xffffffff
      120135000	     11914	80003ce4	2d58b0b7	lui	x1,0x2d58b	  x1=0x2d58b000
      120145000	     11915	80003ce8	001e3ab3	sltu	x21,x28,x1	 x28:0xffffffff  x1:0x2d58b000 x21=0x00000000
      120155000	     11916	80003cec	00fc58b3	srl	x17,x24,x15	 x24:0x00000003 x15:0x00000001 x17=0x00000001
      120165000	     11917	80003cf0	42d9	c.li	x5,22	  x5=0x00000016
      120175000	     11918	80003cf2	9bfd	c.andi	x15,-1	 x15:0x00000001 x15=0x00000001
      120185000	     11919	80003cf4	340d54f3	csrrwi	x9,mscratch,26	  x9=0x0000000c
      120195000	     11920	80003cf8	e38d	c.bnez	x15,80003d1a	 x15:0x00000001
      120215000	     11922	80003d1a	8f95	c.sub	x15,x13	 x15:0x00000001 x13:0x00000001 x15=0x00000000
      120225000	     11923	80003d1c	34076ff3	csrrsi	x31,mscratch,14	 x31=0x0000001a
      120235000	     11924	80003d20	e403c217	auipc	x4,0xe403c	  x4=0x6403fd20
      120245000	     11925	80003d24	40865213	srai	x4,x12,0x8	 x12:0xffffffff  x4=0xffffffff
      120255000	     11926	80003d28	0000100f	fence.i	
      120275000	     11928	80003d2c	6c99	c.lui	x25,0x6	 x25=0x00006000
      120285000	     11929	80003d2e	34041073	csrrw	x0,mscratch,x8	  x8:0x0001b000  x0=0x00000000
      120295000	     11930	80003d32	8dd9	c.or	x11,x14	 x11:0xfb13b392 x14:0xffffffff x11=0xffffffff
      120305000	     11931	80003d34	0b8a	c.slli	x23,0x2	 x23:0xffffffff x23=0xfffffffc
      120315000	     11932	80003d36	00e69613	slli	x12,x13,0xe	 x13:0x00000001 x12=0x00004000
      120325000	     11933	80003d3a	0746	c.slli	x14,0x11	 x14:0xffffffff x14=0xfffe0000
      120335000	     11934	80003d3c	0e36	c.slli	x28,0xd	 x28:0xffffffff x28=0xffffe000
      120345000	     11935	80003d3e	8d21	c.xor	x10,x8	 x10:0x80025e78  x8:0x0001b000 x10=0x8003ee78
      120385000	     11939	80003d40	03c2a4b3	mulhsu	x9,x5,x28	  x5:0x00000016 x28:0xffffe000  x9=0x00000015
      120395000	     11940	80003d44	01e05413	srli	x8,x0,0x1e	  x0:0x00000000  x8=0x00000000
      120405000	     11941	80003d48	9e288813	addi	x16,x17,-1566	 x17:0x00000001 x16=0xfffff9e3
      120415000	     11942	80003d4c	80f9	c.srli	x9,0x1e	  x9:0x00000015  x9=0x00000000
      120425000	     11943	80003d4e	037bcd63	blt	x23,x23,80003d88	 x23:0xfffffffc x23:0xfffffffc
      120435000	     11944	80003d52	34007173	csrrci	x2,mscratch,0	  x2=0x0001b000
      120445000	     11945	80003d56	86526e17	auipc	x28,0x86526	 x28=0x06529d56
      120455000	     11946	80003d5a	0c1e	c.slli	x24,0x7	 x24:0x00000003 x24=0x00000180
      120465000	     11947	80003d5c	00458eb3	add	x29,x11,x4	 x11:0xffffffff  x4:0xffffffff x29=0xfffffffe
      120475000	     11948	80003d60	ca85	c.beqz	x13,80003d90	 x13:0x00000001
      120485000	     11949	80003d62	9746	c.add	x14,x17	 x14:0xfffe0000 x17:0x00000001 x14=0xfffe0001
      120495000	     11950	80003d64	02067c63	bgeu	x12,x0,80003d9c	 x12:0x00004000  x0:0x00000000
      120515000	     11952	80003d9c	01e9a6b3	slt	x13,x19,x30	 x19:0x80021dfc x30:0x00000000 x13=0x00000001
      120885000	     11989	80003da0	031c7433	remu	x8,x24,x17	 x24:0x00000180 x17:0x00000001  x8=0x00000000
      120895000	     11990	80003da4	078c	c.addi4spn	x11,x2,960	 x11=0x0001b3c0
      120905000	     11991	80003da6	8de9	c.and	x11,x10	 x11:0x0001b3c0 x10:0x8003ee78 x11=0x0001a240
      120915000	     11992	80003da8	00e13f33	sltu	x30,x2,x14	  x2:0x0001b000 x14:0xfffe0001 x30=0x00000001
      120925000	     11993	80003dac	0001	c.addi	x0,0	  x0:0x00000000  x0=0x00000000
      120935000	     11994	80003dae	997a0717	auipc	x14,0x997a0	 x14=0x197a3dae
      120945000	     11995	80003db2	0398	c.addi4spn	x14,x2,448	 x14=0x0001b1c0
      120955000	     11996	80003db4	007290b3	sll	x1,x5,x7	  x5:0x00000016  x7:0xfaeb9c09  x1=0x00002c00
      120965000	     11997	80003db8	0000100f	fence.i	
      120985000	     11999	80003dbc	8e31	c.xor	x12,x12	 x12:0x00004000 x12:0x00004000 x12=0x00000000
      120995000	     12000	80003dbe	4de67813	andi	x16,x12,1246	 x12:0x00000000 x16=0x00000000
      121005000	     12001	80003dc2	41aed413	srai	x8,x29,0x1a	 x29:0xfffffffe  x8=0xffffffff
      121015000	     12002	80003dc6	0d08	c.addi4spn	x10,x2,656	 x10=0x0001b290
      121025000	     12003	80003dc8	03cfc163	blt	x31,x28,80003dea	 x31:0x0000001a x28:0x06529d56
      121045000	     12005	80003dea	048e	c.slli	x9,0x3	  x9:0x00000000  x9=0x00000000
      121055000	     12006	80003dec	40875213	srai	x4,x14,0x8	 x14:0x0001b1c0  x4=0x000001b1
      121065000	     12007	80003df0	6105	c.addi16sp	x2,32	  x2:0x0001b000  x2=0x0001b020
      121075000	     12008	80003df2	03e28e63	beq	x5,x30,80003e2e	  x5:0x00000016 x30:0x00000001
      121085000	     12009	80003df6	34002373	csrrs	x6,mscratch,x0	  x0:0x00000000  x6=0x0001b000
      121095000	     12010	80003dfa	98c2	c.add	x17,x16	 x17:0x00000001 x16:0x00000000 x17=0x00000001
      121105000	     12011	80003dfc	78342213	slti	x4,x8,1923	  x8:0xffffffff  x4=0x00000001
      121475000	     12048	80003e00	02e85333	divu	x6,x16,x14	 x16:0x00000000 x14:0x0001b1c0  x6=0x00000000
      121485000	     12049	80003e04	5f260413	addi	x8,x12,1522	 x12:0x00000000  x8=0x000005f2
      121495000	     12050	80003e08	050e	c.slli	x10,0x3	 x10:0x0001b290 x10=0x000d9480
      121505000	     12051	80003e0a	015340b3	xor	x1,x6,x21	  x6:0x00000000 x21:0x00000000  x1=0x00000000
      121515000	     12052	80003e0e	d6a34c93	xori	x25,x6,-662	  x6:0x00000000 x25=0xfffffd6a
      121525000	     12053	80003e12	0054aa33	slt	x20,x9,x5	  x9:0x00000000  x5:0x00000016 x20=0x00000001
      121535000	     12054	80003e16	8c3d	c.xor	x8,x15	  x8:0x000005f2 x15:0x00000000  x8=0x000005f2
      121545000	     12055	80003e18	ae1c4c13	xori	x24,x24,-1311	 x24:0x00000180 x24=0xfffffb61
      121555000	     12056	80003e1c	340894f3	csrrw	x9,mscratch,x17	 x17:0x00000001  x9=0x0001b000
      121565000	     12057	80003e20	6aad	c.lui	x21,0xb	 x21=0x0000b000
      121575000	     12058	80003e22	9452	c.add	x8,x20	  x8:0x000005f2 x20:0x00000001  x8=0x000005f3
      121585000	     12059	80003e24	8f71	c.and	x14,x12	 x14:0x0001b1c0 x12:0x00000000 x14=0x00000000
      121615000	     12062	80003e26	03ae8cb3	mul	x25,x29,x26	 x29:0xfffffffe x26:0x80025ce4 x25=0xfffb4638
      121625000	     12063	80003e2a	86d9	c.srai	x13,0x16	 x13:0x00000001 x13=0x00000000
      121635000	     12064	80003e2c	80f1	c.srli	x9,0x1c	  x9:0x0001b000  x9=0x00000000
      121675000	     12068	80003e2e	02343bb3	mulhu	x23,x8,x3	  x8:0x000005f3  x3:0x8000602a x23=0x000002f9
      121705000	     12071	80003e32	02478833	mul	x16,x15,x4	 x15:0x00000000  x4:0x00000001 x16=0x00000000
      121735000	     12074	80003e36	03398833	mul	x16,x19,x19	 x19:0x80021dfc x19:0x80021dfc x16=0x7b731010
      121745000	     12075	80003e3a	01824cb3	xor	x25,x4,x24	  x4:0x00000001 x24:0xfffffb61 x25=0xfffffb60
      121755000	     12076	80003e3e	868e	c.mv	x13,x3	  x0:0x00000000  x3:0x8000602a x13=0x8000602a
      121775000	     12078	80003e40	0265de33	divu	x28,x11,x6	 x11:0x0001a240  x6:0x00000000 x28=0xffffffff
      121785000	     12079	80003e44	014edfb3	srl	x31,x29,x20	 x29:0xfffffffe x20:0x00000001 x31=0x7fffffff
      121795000	     12080	80003e48	9a06	c.add	x20,x1	 x20:0x00000001  x1:0x00000000 x20=0x00000001
      121805000	     12081	80003e4a	0198e233	or	x4,x17,x25	 x17:0x00000001 x25:0xfffffb60  x4=0xfffffb61
      121815000	     12082	80003e4e	40fe5693	srai	x13,x28,0xf	 x28:0xffffffff x13=0xffffffff
      122185000	     12119	80003e52	030bfdb3	remu	x27,x23,x16	 x23:0x000002f9 x16:0x7b731010 x27=0x000002f9
      122195000	     12120	80003e56	614d	c.addi16sp	x2,176	  x2:0x0001b020  x2=0x0001b0d0
      122205000	     12121	80003e58	340cb073	csrrc	x0,mscratch,x25	 x25:0xfffffb60  x0=0x00000000
      122215000	     12122	80003e5c	8c35	c.xor	x8,x13	  x8:0x000005f3 x13:0xffffffff  x8=0xfffffa0c
      122225000	     12123	80003e5e	8d49	c.or	x10,x10	 x10:0x000d9480 x10:0x000d9480 x10=0x000d9480
      122235000	     12124	80003e60	8f31	c.xor	x14,x12	 x14:0x00000000 x12:0x00000000 x14=0x00000000
      122245000	     12125	80003e62	0386fe63	bgeu	x13,x24,80003e9e	 x13:0xffffffff x24:0xfffffb61
      122275000	     12128	80003e9e	00c3ab33	slt	x22,x7,x12	  x7:0xfaeb9c09 x12:0x00000000 x22=0x00000001
      122285000	     12129	80003ea2	c321	c.beqz	x14,80003ee2	 x14:0x00000000
      122305000	     12131	80003ee2	8f05	c.sub	x14,x9	 x14:0x00000000  x9:0x00000000 x14=0x00000000
      122315000	     12132	80003ee4	86cd	c.srai	x13,0x13	 x13:0xffffffff x13=0xffffffff
      122325000	     12133	80003ee6	9c5e	c.add	x24,x23	 x24:0xfffffb61 x23:0x000002f9 x24=0xfffffe5a
      122335000	     12134	80003ee8	4140d6b3	sra	x13,x1,x20	  x1:0x00000000 x20:0x00000001 x13=0x00000000
      122705000	     12171	80003eec	024d67b3	rem	x15,x26,x4	 x26:0x80025ce4  x4:0xfffffb61 x15=0xfffffe51
      122715000	     12172	80003ef0	1200	c.addi4spn	x8,x2,288	  x8=0x0001b1f0
      122725000	     12173	80003ef2	9d86	c.add	x27,x1	 x27:0x000002f9  x1:0x00000000 x27=0x000002f9
      122735000	     12174	80003ef4	0000100f	fence.i	
      122755000	     12176	80003ef8	8395	c.srli	x15,0x5	 x15:0xfffffe51 x15=0x07fffff2
      122765000	     12177	80003efa	081e	c.slli	x16,0x7	 x16:0x7b731010 x16=0xb9880800
      122775000	     12178	80003efc	c995	c.beqz	x11,80003f30	 x11:0x0001a240
      123145000	     12215	80003efe	03ccd033	divu	x0,x25,x28	 x25:0xfffffb60 x28:0xffffffff  x0=0x00000000
      123155000	     12216	80003f02	4b95	c.li	x23,5	 x23=0x00000005
      123165000	     12217	80003f04	0ff0000f	fence	iorw,iorw	
      123175000	     12218	80003f08	9bfd	c.andi	x15,-1	 x15:0x07fffff2 x15=0x07fffff2
      123185000	     12219	80003f0a	8ff9	c.and	x15,x14	 x15:0x07fffff2 x14:0x00000000 x15=0x00000000
      123195000	     12220	80003f0c	34006173	csrrsi	x2,mscratch,0	  x2=0x00000001
      123205000	     12221	80003f10	01612733	slt	x14,x2,x22	  x2:0x00000001 x22:0x00000001 x14=0x00000000
      123215000	     12222	80003f14	00245633	srl	x12,x8,x2	  x8:0x0001b1f0  x2:0x00000001 x12=0x0000d8f8
      123225000	     12223	80003f18	99fd	c.andi	x11,-1	 x11:0x0001a240 x11=0x0001a240
      123235000	     12224	80003f1a	34002473	csrrs	x8,mscratch,x0	  x0:0x00000000  x8=0x00000001
      123245000	     12225	80003f1e	814d	c.srli	x10,0x13	 x10:0x000d9480 x10=0x00000001
      123255000	     12226	80003f20	0001	c.addi	x0,0	  x0:0x00000000  x0=0x00000000
      123265000	     12227	80003f22	4068da33	sra	x20,x17,x6	 x17:0x00000001  x6:0x00000000 x20=0x00000001
      123275000	     12228	80003f26	a8d5e293	ori	x5,x11,-1395	 x11:0x0001a240  x5=0xfffffacd
      123285000	     12229	80003f2a	34006af3	csrrsi	x21,mscratch,0	 x21=0x00000001
      123295000	     12230	80003f2e	8b1a	c.mv	x22,x6	  x0:0x00000000  x6:0x00000000 x22=0x00000000
      123335000	     12234	80003f30	039cb7b3	mulhu	x15,x25,x25	 x25:0xfffffb60 x25:0xfffffb60 x15=0xfffff6c0
      123345000	     12235	80003f34	0000100f	fence.i	
      123365000	     12237	80003f38	019dc533	xor	x10,x27,x25	 x27:0x000002f9 x25:0xfffffb60 x10=0xfffff999
      123375000	     12238	80003f3c	02e5d563	bge	x11,x14,80003f66	 x11:0x0001a240 x14:0x00000000
      123405000	     12241	80003f66	a14ce637	lui	x12,0xa14ce	 x12=0xa14ce000
      123415000	     12242	80003f6a	026b5163	bge	x22,x6,80003f8c	 x22:0x00000000  x6:0x00000000
      123435000	     12244	80003f8c	987d	c.andi	x8,-1	  x8:0x00000001  x8=0x00000001
      123445000	     12245	80003f8e	3402bb73	csrrc	x22,mscratch,x5	  x5:0xfffffacd x22=0x00000001
      123455000	     12246	80003f92	41a75333	sra	x6,x14,x26	 x14:0x00000000 x26:0x80025ce4  x6=0x00000000
      123465000	     12247	80003f96	9a7d	c.andi	x12,-1	 x12:0xa14ce000 x12=0xa14ce000
      123475000	     12248	80003f98	006e71b3	and	x3,x28,x6	 x28:0xffffffff  x6:0x00000000  x3=0x00000000
      123485000	     12249	80003f9c	8f11	c.sub	x14,x12	 x14:0x00000000 x12:0xa14ce000 x14=0x5eb32000
      123495000	     12250	80003f9e	8da9	c.xor	x11,x10	 x11:0x0001a240 x10:0xfffff999 x11=0xfffe5bd9
      123505000	     12251	80003fa0	340b6173	csrrsi	x2,mscratch,22	  x2=0x00000000
      123515000	     12252	80003fa4	3e55a513	slti	x10,x11,997	 x11:0xfffe5bd9 x10=0x00000001
      123525000	     12253	80003fa8	4f31	c.li	x30,12	 x30=0x0000000c
      123535000	     12254	80003faa	e67dafb7	lui	x31,0xe67da	 x31=0xe67da000
      123545000	     12255	80003fae	00177433	and	x8,x14,x1	 x14:0x5eb32000  x1:0x00000000  x8=0x00000000
      123555000	     12256	80003fb2	008d5413	srli	x8,x26,0x8	 x26:0x80025ce4  x8=0x0080025c
      123565000	     12257	80003fb6	41850933	sub	x18,x10,x24	 x10:0x00000001 x24:0xfffffe5a x18=0x000001a7
      123575000	     12258	80003fba	0056c363	blt	x13,x5,80003fc0	 x13:0x00000000  x5:0xfffffacd
      123585000	     12259	80003fbe	717d	c.addi16sp	x2,-16	  x2:0x00000000  x2=0xfffffff0
      123955000	     12296	80003fc0	022958b3	divu	x17,x18,x2	 x18:0x000001a7  x2:0xfffffff0 x17=0x00000000
      123965000	     12297	80003fc4	03f3f563	bgeu	x7,x31,80003fee	  x7:0xfaeb9c09 x31:0xe67da000
      123985000	     12299	80003fee	8229	c.srli	x12,0xa	 x12:0xa14ce000 x12=0x00285338
      123995000	     12300	80003ff0	c20d	c.beqz	x12,80004012	 x12:0x00285338
      124035000	     12304	80003ff2	02943bb3	mulhu	x23,x8,x9	  x8:0x0080025c  x9:0x00000000 x23=0x00000000
      124045000	     12305	80003ff6	3698c013	xori	x0,x17,873	 x17:0x00000000  x0=0x00000000
      124055000	     12306	80003ffa	354db593	sltiu	x11,x27,852	 x27:0x000002f9 x11=0x00000001
      124065000	     12307	80003ffe	0074fb33	and	x22,x9,x7	  x9:0x00000000  x7:0xfaeb9c09 x22=0x00000000
      124075000	     12308	80004002	8bbd	c.andi	x15,15	 x15:0xfffff6c0 x15=0x00000000
      124085000	     12309	80004004	34007bf3	csrrci	x23,mscratch,0	 x23=0x00000016
      124095000	     12310	80004008	011a2533	slt	x10,x20,x17	 x20:0x00000001 x17:0x00000000 x10=0x00000000
      124105000	     12311	8000400c	33a7f193	andi	x3,x15,826	 x15:0x00000000  x3=0x00000000
      124115000	     12312	80004010	8106	c.mv	x2,x1	  x0:0x00000000  x1:0x00000000  x2=0x00000000
      124125000	     12313	80004012	8199	c.srli	x11,0x6	 x11:0x00000001 x11=0x00000000
      124135000	     12314	80004014	00739c63	bne	x7,x7,8000402c	  x7:0xfaeb9c09  x7:0xfaeb9c09
      124145000	     12315	80004018	340937f3	csrrc	x15,mscratch,x18	 x18:0x000001a7 x15=0x00000016
      124155000	     12316	8000401c	963e	c.add	x12,x15	 x12:0x00285338 x15:0x00000016 x12=0x0028534e
      124165000	     12317	8000401e	8c15	c.sub	x8,x13	  x8:0x0080025c x13:0x00000000  x8=0x0080025c
      124175000	     12318	80004020	02ae	c.slli	x5,0xb	  x5:0xfffffacd  x5=0xffd66800
      124185000	     12319	80004022	98fd	c.andi	x9,-1	  x9:0x00000000  x9=0x00000000
      124195000	     12320	80004024	0bce	c.slli	x23,0x13	 x23:0x00000016 x23=0x00b00000
      124205000	     12321	80004026	009d6e33	or	x28,x26,x9	 x26:0x80025ce4  x9:0x00000000 x28=0x80025ce4
      124215000	     12322	8000402a	e01d	c.bnez	x8,80004050	  x8:0x0080025c
      124235000	     12324	80004050	e65bb493	sltiu	x9,x23,-411	 x23:0x00b00000  x9=0x00000001
      124245000	     12325	80004054	6ce9	c.lui	x25,0x1a	 x25=0x0001a000
      124255000	     12326	80004056	340cd7f3	csrrwi	x15,mscratch,25	 x15=0x00000010
      124265000	     12327	8000405a	05d9	c.addi	x11,22	 x11:0x00000000 x11=0x00000016
      124275000	     12328	8000405c	34025673	csrrwi	x12,mscratch,4	 x12=0x00000019
      124285000	     12329	80004060	8c5d	c.or	x8,x15	  x8:0x0080025c x15:0x00000010  x8=0x0080025c
      124295000	     12330	80004062	03516c63	bltu	x2,x21,8000409a	  x2:0x00000000 x21:0x00000001
      124315000	     12332	8000409a	8979	c.andi	x10,30	 x10:0x00000000 x10=0x00000000
      124325000	     12333	8000409c	018b1913	slli	x18,x22,0x18	 x22:0x00000000 x18=0x00000000
      124335000	     12334	800040a0	0a14	c.addi4spn	x13,x2,272	 x13=0x00000110
      124345000	     12335	800040a2	340022f3	csrrs	x5,mscratch,x0	  x0:0x00000000  x5=0x00000004
      124355000	     12336	800040a6	8ff1	c.and	x15,x12	 x15:0x00000010 x12:0x00000019 x15=0x00000010
      124365000	     12337	800040a8	56b0f497	auipc	x9,0x56b0f	  x9=0xd6b130a8
      124375000	     12338	800040ac	00cc9893	slli	x17,x25,0xc	 x25:0x0001a000 x17=0x1a000000
      124385000	     12339	800040b0	026b9d63	bne	x23,x6,800040ea	 x23:0x00b00000  x6:0x00000000
      124415000	     12342	800040ea	01dc7433	and	x8,x24,x29	 x24:0xfffffe5a x29:0xfffffffe  x8=0xfffffe5a
      124445000	     12345	800040ee	03d38733	mul	x14,x7,x29	  x7:0xfaeb9c09 x29:0xfffffffe x14=0x0a28c7ee
      124455000	     12346	800040f2	0ff0000f	fence	iorw,iorw	
      124465000	     12347	800040f6	8c91	c.sub	x9,x12	  x9:0xd6b130a8 x12:0x00000019  x9=0xd6b1308f
      124475000	     12348	800040f8	34003673	csrrc	x12,mscratch,x0	  x0:0x00000000 x12=0x00000004
      124515000	     12352	800040fc	037ebe33	mulhu	x28,x29,x23	 x29:0xfffffffe x23:0x00b00000 x28=0x00afffff
      124525000	     12353	80004100	3407d573	csrrwi	x10,mscratch,15	 x10=0x00000004
      124535000	     12354	80004104	0143d263	bge	x7,x20,80004108	  x7:0xfaeb9c09 x20:0x00000001
      124575000	     12358	80004108	023b3233	mulhu	x4,x22,x3	 x22:0x00000000  x3:0x00000000  x4=0x00000000
      124605000	     12361	8000410c	039c8f33	mul	x30,x25,x25	 x25:0x0001a000 x25:0x0001a000 x30=0xa4000000
      124615000	     12362	80004110	00f51033	sll	x0,x10,x15	 x10:0x00000004 x15:0x00000010  x0=0x00000000
      124625000	     12363	80004114	e315	c.bnez	x14,80004138	 x14:0x0a28c7ee
      124645000	     12365	80004138	98ae	c.add	x17,x11	 x17:0x1a000000 x11:0x00000016 x17=0x1a000016
      124655000	     12366	8000413a	0000100f	fence.i	
      124685000	     12369	8000413e	05db9263	bne	x23,x29,80004182	 x23:0x00b00000 x29:0xfffffffe
      124715000	     12372	80004182	00cb5433	srl	x8,x22,x12	 x22:0x00000000 x12:0x00000004  x8=0x00000000
      124725000	     12373	80004186	8131	c.srli	x10,0xc	 x10:0x00000004 x10=0x00000000
      124735000	     12374	80004188	01b9a1b3	slt	x3,x19,x27	 x19:0x80021dfc x27:0x000002f9  x3=0x00000001
      124745000	     12375	8000418c	492d	c.li	x18,11	 x18=0x0000000b
      124765000	     12377	8000418e	02007db3	remu	x27,x0,x0	  x0:0x00000000  x0:0x00000000 x27=0x00000000
      124775000	     12378	80004192	8e55	c.or	x12,x13	 x12:0x00000004 x13:0x00000110 x12=0x00000114
      124785000	     12379	80004194	340316f3	csrrw	x13,mscratch,x6	  x6:0x00000000 x13=0x0000000f
      124815000	     12382	80004198	03bf0533	mul	x10,x30,x27	 x30:0xa4000000 x27:0x00000000 x10=0x00000000
      124825000	     12383	8000419c	03d58363	beq	x11,x29,800041c2	 x11:0x00000016 x29:0xfffffffe
      124835000	     12384	800041a0	40608eb3	sub	x29,x1,x6	  x1:0x00000000  x6:0x00000000 x29=0x00000000
      125205000	     12421	800041a4	032c68b3	rem	x17,x24,x18	 x24:0xfffffe5a x18:0x0000000b x17=0xfffffffc
      125215000	     12422	800041a8	34003773	csrrc	x14,mscratch,x0	  x0:0x00000000 x14=0x00000000
      125225000	     12423	800041ac	fca75e37	lui	x28,0xfca75	 x28=0xfca75000
      125235000	     12424	800041b0	16fd	c.addi	x13,-1	 x13:0x0000000f x13=0x0000000e
      125245000	     12425	800041b2	00a60033	add	x0,x12,x10	 x12:0x00000114 x10:0x00000000  x0=0x00000000
      125265000	     12427	800041b6	03606db3	rem	x27,x0,x22	  x0:0x00000000 x22:0x00000000 x27=0x00000000
      125275000	     12428	800041ba	8e59	c.or	x12,x14	 x12:0x00000114 x14:0x00000000 x12=0x00000114
      125295000	     12430	800041bc	0216f4b3	remu	x9,x13,x1	 x13:0x0000000e  x1:0x00000000  x9=0x0000000e
      125305000	     12431	800041c0	97da	c.add	x15,x22	 x15:0x00000010 x22:0x00000000 x15=0x00000010
      125315000	     12432	800041c2	0001	c.addi	x0,0	  x0:0x00000000  x0=0x00000000
      125325000	     12433	800041c4	34002af3	csrrs	x21,mscratch,x0	  x0:0x00000000 x21=0x00000000
      125335000	     12434	800041c8	717d	c.addi16sp	x2,-16	  x2:0x00000000  x2=0xfffffff0
      125345000	     12435	800041ca	40fe0833	sub	x16,x28,x15	 x28:0xfca75000 x15:0x00000010 x16=0xfca74ff0
      125355000	     12436	800041ce	00ca	c.slli	x1,0x12	  x1:0x00000000  x1=0x00000000
      125365000	     12437	800041d0	0c46	c.slli	x24,0x11	 x24:0xfffffe5a x24=0xfcb40000
      125375000	     12438	800041d2	9a7d	c.andi	x12,-1	 x12:0x00000114 x12=0x00000114
      125385000	     12439	800041d4	01b9f0b3	and	x1,x19,x27	 x19:0x80021dfc x27:0x00000000  x1=0x00000000
      125395000	     12440	800041d8	ebf33613	sltiu	x12,x6,-321	  x6:0x00000000 x12=0x00000001
      125405000	     12441	800041dc	01eb20b3	slt	x1,x22,x30	 x22:0x00000000 x30:0xa4000000  x1=0x00000000
      125425000	     12443	800041e0	02055eb3	divu	x29,x10,x0	 x10:0x00000000  x0:0x00000000 x29=0xffffffff
      125435000	     12444	800041e4	c415	c.beqz	x8,80004210	  x8:0x00000000
      125455000	     12446	80004210	98fd	c.andi	x9,-1	  x9:0x0000000e  x9=0x0000000e
      125465000	     12447	80004212	871a	c.mv	x14,x6	  x0:0x00000000  x6:0x00000000 x14=0x00000000
      125475000	     12448	80004214	6309	c.lui	x6,0x2	  x6=0x00002000
      125485000	     12449	80004216	0001	c.addi	x0,0	  x0:0x00000000  x0=0x00000000
      125495000	     12450	80004218	470d	c.li	x14,3	 x14=0x00000003
      125505000	     12451	8000421a	8dda	c.mv	x27,x22	  x0:0x00000000 x22:0x00000000 x27=0x00000000
      125515000	     12452	8000421c	41990133	sub	x2,x18,x25	 x18:0x0000000b x25:0x0001a000  x2=0xfffe600b
      125525000	     12453	80004220	e19d	c.bnez	x11,80004246	 x11:0x00000016
      125545000	     12455	80004246	6ad9	c.lui	x21,0x16	 x21=0x00016000
      125555000	     12456	80004248	610d	c.addi16sp	x2,160	  x2:0xfffe600b  x2=0xfffe60ab
      125565000	     12457	8000424a	8e95	c.sub	x13,x13	 x13:0x0000000e x13:0x0000000e x13=0x00000000
      125575000	     12458	8000424c	04c10163	beq	x2,x12,8000428e	  x2:0xfffe60ab x12:0x00000001
      125585000	     12459	80004250	81a9	c.srli	x11,0xa	 x11:0x00000016 x11=0x00000000
      125955000	     12496	80004252	03c962b3	rem	x5,x18,x28	 x18:0x0000000b x28:0xfca75000  x5=0x0000000b
      125965000	     12497	80004256	00cd6033	or	x0,x26,x12	 x26:0x80025ce4 x12:0x00000001  x0=0x00000000
      126335000	     12534	8000425a	03f3e6b3	rem	x13,x7,x31	  x7:0xfaeb9c09 x31:0xe67da000 x13=0xfaeb9c09
      126345000	     12535	8000425e	010782b3	add	x5,x15,x16	 x15:0x00000010 x16:0xfca74ff0  x5=0xfca75000
      126355000	     12536	80004262	0151e133	or	x2,x3,x21	  x3:0x00000001 x21:0x00016000  x2=0x00016001
      126365000	     12537	80004266	018b6933	or	x18,x22,x24	 x22:0x00000000 x24:0xfcb40000 x18=0xfcb40000
      126375000	     12538	8000426a	0ff0000f	fence	iorw,iorw	
      126385000	     12539	8000426e	0975	c.addi	x18,29	 x18:0xfcb40000 x18=0xfcb4001d
      126395000	     12540	80004270	7c902597	auipc	x11,0x7c902	 x11=0xfc906270
      126765000	     12577	80004274	0336f733	remu	x14,x13,x19	 x13:0xfaeb9c09 x19:0x80021dfc x14=0x7ae97e0d
      126775000	     12578	80004278	e79d	c.bnez	x15,800042a6	 x15:0x00000010
      126805000	     12581	800042a6	01d95633	srl	x12,x18,x29	 x18:0xfcb4001d x29:0xffffffff x12=0x00000001
      126815000	     12582	800042aa	9596	c.add	x11,x5	 x11:0xfc906270  x5:0xfca75000 x11=0xf937b270
      126825000	     12583	800042ac	8f75	c.and	x14,x13	 x14:0x7ae97e0d x13:0xfaeb9c09 x14=0x7ae91c09
      126835000	     12584	800042ae	018adf63	bge	x21,x24,800042cc	 x21:0x00016000 x24:0xfcb40000
      126855000	     12586	800042cc	0000100f	fence.i	
      126875000	     12588	800042d0	00305d93	srli	x27,x0,0x3	  x0:0x00000000 x27=0x00000000
      126915000	     12592	800042d4	02e0a8b3	mulhsu	x17,x1,x14	  x1:0x00000000 x14:0x7ae91c09 x17=0x00000000
      126925000	     12593	800042d8	03eb8f63	beq	x23,x30,80004316	 x23:0x00b00000 x30:0xa4000000
      126935000	     12594	800042dc	e195	c.bnez	x11,80004300	 x11:0xf937b270
      126955000	     12596	80004300	6b59	c.lui	x22,0x16	 x22=0x00016000
      126965000	     12597	80004302	0001	c.addi	x0,0	  x0:0x00000000  x0=0x00000000
      126975000	     12598	80004304	1b35dbb7	lui	x23,0x1b35d	 x23=0x1b35d000
      126985000	     12599	80004308	0001	c.addi	x0,0	  x0:0x00000000  x0=0x00000000
      126995000	     12600	8000430a	340038f3	csrrc	x17,mscratch,x0	  x0:0x00000000 x17=0x00000000
      127005000	     12601	8000430e	0ae60f13	addi	x30,x12,174	 x12:0x00000001 x30=0x000000af
      127015000	     12602	80004312	05d6d363	bge	x13,x29,80004358	 x13:0xfaeb9c09 x29:0xffffffff
      127025000	     12603	80004316	00ca3eb3	sltu	x29,x20,x12	 x20:0x00000001 x12:0x00000001 x29=0x00000000
      127035000	     12604	8000431a	006b8e33	add	x28,x23,x6	 x23:0x1b35d000  x6:0x00002000 x28=0x1b35f000
      127045000	     12605	8000431e	9432	c.add	x8,x12	  x8:0x00000000 x12:0x00000001  x8=0x00000001
      127055000	     12606	80004320	032cd863	bge	x25,x18,80004350	 x25:0x0001a000 x18:0xfcb4001d
      127075000	     12608	80004350	340054f3	csrrwi	x9,mscratch,0	  x9=0x00000000
      127085000	     12609	80004354	03c57163	bgeu	x10,x28,80004376	 x10:0x00000000 x28:0x1b35f000
      127095000	     12610	80004358	8585	c.srai	x11,0x1	 x11:0xf937b270 x11=0xfc9bd938
      127105000	     12611	8000435a	d67f6f93	ori	x31,x30,-665	 x30:0x000000af x31=0xfffffdef
      127115000	     12612	8000435e	ac750f13	addi	x30,x10,-1337	 x10:0x00000000 x30=0xfffffac7
      127125000	     12613	80004362	8796	c.mv	x15,x5	  x0:0x00000000  x5:0xfca75000 x15=0xfca75000
      127135000	     12614	80004364	34003673	csrrc	x12,mscratch,x0	  x0:0x00000000 x12=0x00000000
      127145000	     12615	80004368	0001	c.addi	x0,0	  x0:0x00000000  x0=0x00000000
      127155000	     12616	8000436a	34022273	csrrs	x4,mscratch,x4	  x4:0x00000000  x4=0x00000000
      127165000	     12617	8000436e	03c2fe63	bgeu	x5,x28,800043aa	  x5:0xfca75000 x28:0x1b35f000
      127185000	     12619	800043aa	8d29	c.xor	x10,x10	 x10:0x00000000 x10:0x00000000 x10=0x00000000
      127195000	     12620	800043ac	5808b593	sltiu	x11,x17,1408	 x17:0x00000000 x11=0x00000001
      127205000	     12621	800043b0	0185e633	or	x12,x11,x24	 x11:0x00000001 x24:0xfcb40000 x12=0xfcb40001
      127215000	     12622	800043b4	00d6de93	srli	x29,x13,0xd	 x13:0xfaeb9c09 x29=0x0007d75c
      127245000	     12625	800043b8	02688c33	mul	x24,x17,x6	 x17:0x00000000  x6:0x00002000 x24=0x00000000
      127265000	     12627	800043bc	0208f1b3	remu	x3,x17,x0	 x17:0x00000000  x0:0x00000000  x3=0x00000000
      127275000	     12628	800043c0	34007ff3	csrrci	x31,mscratch,0	 x31=0x00000000
      127285000	     12629	800043c4	fe2f4e93	xori	x29,x30,-30	 x30:0xfffffac7 x29=0x00000525
      127295000	     12630	800043c8	9b7d	c.andi	x14,-1	 x14:0x7ae91c09 x14=0x7ae91c09
      127305000	     12631	800043ca	01d4a5b3	slt	x11,x9,x29	  x9:0x00000000 x29:0x00000525 x11=0x00000001
      127315000	     12632	800043ce	01106463	bltu	x0,x17,800043d6	  x0:0x00000000 x17:0x00000000
      127325000	     12633	800043d2	108acc13	xori	x24,x21,264	 x21:0x00016000 x24=0x00016108
      127335000	     12634	800043d6	023a1963	bne	x20,x3,80004408	 x20:0x00000001  x3:0x00000000
      127355000	     12636	80004408	02b58363	beq	x11,x11,8000442e	 x11:0x00000001 x11:0x00000001
      127385000	     12639	8000442e	34007573	csrrci	x10,mscratch,0	 x10=0x00000000
      127395000	     12640	80004432	652d	c.lui	x10,0xb	 x10=0x0000b000
      127405000	     12641	80004434	95fa	c.add	x11,x30	 x11:0x00000001 x30:0xfffffac7 x11=0xfffffac8
      127775000	     12678	80004436	0345dfb3	divu	x31,x11,x20	 x11:0xfffffac8 x20:0x00000001 x31=0xfffffac8
      128145000	     12715	8000443a	032cc6b3	div	x13,x25,x18	 x25:0x0001a000 x18:0xfcb4001d x13=0x00000000
      128155000	     12716	8000443e	afe07c93	andi	x25,x0,-1282	  x0:0x00000000 x25=0x00000000
      128195000	     12720	80004442	02d81c33	mulh	x24,x16,x13	 x16:0xfca74ff0 x13:0x00000000 x24=0x00000000
      128205000	     12721	80004446	c339	c.beqz	x14,8000448c	 x14:0x7ae91c09
      128215000	     12722	80004448	e01d	c.bnez	x8,8000446e	  x8:0x00000001
      128275000	     12728	8000446e	03fc1cb3	mulh	x25,x24,x31	 x24:0x00000000 x31:0xfffffac8 x25=0x00000000
      128285000	     12729	80004472	9f0e	c.add	x30,x3	 x30:0xfffffac7  x3:0x00000000 x30=0xfffffac7
      128315000	     12732	80004474	027d07b3	mul	x15,x26,x7	 x26:0x80025ce4  x7:0xfaeb9c09 x15=0xddfc3404
      128325000	     12733	80004478	dc1f42b7	lui	x5,0xdc1f4	  x5=0xdc1f4000
      128335000	     12734	8000447c	ab276b97	auipc	x23,0xab276	 x23=0x2b27a47c
      128705000	     12771	80004480	03207233	remu	x4,x0,x18	  x0:0x00000000 x18:0xfcb4001d  x4=0x00000000
      128715000	     12772	80004484	0126a433	slt	x8,x13,x18	 x13:0x00000000 x18:0xfcb4001d  x8=0x00000000
      128725000	     12773	80004488	41215193	srai	x3,x2,0x12	  x2:0x00016001  x3=0x00000000
      128735000	     12774	8000448c	014f4633	xor	x12,x30,x20	 x30:0xfffffac7 x20:0x00000001 x12=0xfffffac6
      128745000	     12775	80004490	4139dc13	srai	x24,x19,0x13	 x19:0x80021dfc x24=0xfffff000
      128755000	     12776	80004494	8e49	c.or	x12,x10	 x12:0xfffffac6 x10:0x0000b000 x12=0xfffffac6
      128765000	     12777	80004496	000fb933	sltu	x18,x31,x0	 x31:0xfffffac8  x0:0x00000000 x18=0x00000000
      128785000	     12779	8000449a	0310ce33	div	x28,x1,x17	  x1:0x00000000 x17:0x00000000 x28=0xffffffff
      128825000	     12783	8000449e	03b2ac33	mulhsu	x24,x5,x27	  x5:0xdc1f4000 x27:0x00000000 x24=0x00000000
      128835000	     12784	800044a2	00984b33	xor	x22,x16,x9	 x16:0xfca74ff0  x9:0x00000000 x22=0xfca74ff0
      128845000	     12785	800044a6	0013df63	bge	x7,x1,800044c4	  x7:0xfaeb9c09  x1:0x00000000
      128855000	     12786	800044aa	27215437	lui	x8,0x27215	  x8=0x27215000
      128865000	     12787	800044ae	965acb93	xori	x23,x21,-1691	 x21:0x00016000 x23=0xfffe9965
      128875000	     12788	800044b2	3cf30eb7	lui	x29,0x3cf30	 x29=0x3cf30000
      128885000	     12789	800044b6	fb187513	andi	x10,x16,-79	 x16:0xfca74ff0 x10=0xfca74fb0
      128895000	     12790	800044ba	0001	c.addi	x0,0	  x0:0x00000000  x0=0x00000000
      128905000	     12791	800044bc	85e5a4b7	lui	x9,0x85e5a	  x9=0x85e5a000
      128915000	     12792	800044c0	3407b873	csrrc	x16,mscratch,x15	 x15:0xddfc3404 x16=0x00000000
      128925000	     12793	800044c4	8c4d	c.or	x8,x11	  x8:0x27215000 x11:0xfffffac8  x8=0xfffffac8
      128935000	     12794	800044c6	0e98	c.addi4spn	x14,x2,848	 x14=0x00016351
      128945000	     12795	800044c8	340e5973	csrrwi	x18,mscratch,28	 x18=0x00000000
      128955000	     12796	800044cc	c329	c.beqz	x14,8000450e	 x14:0x00016351
      128965000	     12797	800044ce	00c6e833	or	x16,x13,x12	 x13:0x00000000 x12:0xfffffac6 x16=0xfffffac6
      128975000	     12798	800044d2	41e781b3	sub	x3,x15,x30	 x15:0xddfc3404 x30:0xfffffac7  x3=0xddfc393d
      128985000	     12799	800044d6	01f64733	xor	x14,x12,x31	 x12:0xfffffac6 x31:0xfffffac8 x14=0x0000000e
      128995000	     12800	800044da	34002573	csrrs	x10,mscratch,x0	  x0:0x00000000 x10=0x0000001c
      129005000	     12801	800044de	34095ef3	csrrwi	x29,mscratch,18	 x29=0x0000001c
      129015000	     12802	800044e2	01328f63	beq	x5,x19,80004500	  x5:0xdc1f4000 x19:0x80021dfc
      129025000	     12803	800044e6	1cfd	c.addi	x25,-1	 x25:0x00000000 x25=0xffffffff
      129035000	     12804	800044e8	3407b4f3	csrrc	x9,mscratch,x15	 x15:0xddfc3404  x9=0x00000012
      129045000	     12805	800044ec	8cd9	c.or	x9,x14	  x9:0x00000012 x14:0x0000000e  x9=0x0000001e
      129055000	     12806	800044ee	34003373	csrrc	x6,mscratch,x0	  x0:0x00000000  x6=0x00000012
      129065000	     12807	800044f2	84dd	c.srai	x9,0x17	  x9:0x0000001e  x9=0x00000000
      129075000	     12808	800044f4	009bd793	srli	x15,x23,0x9	 x23:0xfffe9965 x15=0x007fff4c
      129085000	     12809	800044f8	d0c00b13	addi	x22,x0,-756	  x0:0x00000000 x22=0xfffffd0c
      129095000	     12810	800044fc	a50eb093	sltiu	x1,x29,-1456	 x29:0x0000001c  x1=0x00000001
      129105000	     12811	80004500	01804ab3	xor	x21,x0,x24	  x0:0x00000000 x24:0x00000000 x21=0x00000000
      129115000	     12812	80004504	000890b3	sll	x1,x17,x0	 x17:0x00000000  x0:0x00000000  x1=0x00000000
      129125000	     12813	80004508	943e	c.add	x8,x15	  x8:0xfffffac8 x15:0x007fff4c  x8=0x007ffa14
      129135000	     12814	8000450a	40885493	srai	x9,x16,0x8	 x16:0xfffffac6  x9=0xfffffffa
      129165000	     12817	8000450e	02568a33	mul	x20,x13,x5	 x13:0x00000000  x5:0xdc1f4000 x20=0x00000000
      129175000	     12818	80004512	52fd	c.li	x5,-1	  x5=0xffffffff
      129185000	     12819	80004514	340031f3	csrrc	x3,mscratch,x0	  x0:0x00000000  x3=0x00000012
      129195000	     12820	80004518	40195e13	srai	x28,x18,0x1	 x18:0x00000000 x28=0x00000000
      129565000	     12857	8000451c	03066633	rem	x12,x12,x16	 x12:0xfffffac6 x16:0xfffffac6 x12=0x00000000
      129575000	     12858	80004520	037dc663	blt	x27,x23,8000454c	 x27:0x00000000 x23:0xfffe9965
      129585000	     12859	80004524	4331	c.li	x6,12	  x6=0x0000000c
      129595000	     12860	80004526	04a29063	bne	x5,x10,80004566	  x5:0xffffffff x10:0x0000001c
      129625000	     12863	80004566	340475f3	csrrci	x11,mscratch,8	 x11=0x00000012
      129635000	     12864	8000456a	f26687b7	lui	x15,0xf2668	 x15=0xf2668000
      129645000	     12865	8000456e	8984b193	sltiu	x3,x9,-1896	  x9:0xfffffffa  x3=0x00000000
      129655000	     12866	80004572	40058433	sub	x8,x11,x0	 x11:0x00000012  x0:0x00000000  x8=0x00000012
      129665000	     12867	80004576	34013673	csrrc	x12,mscratch,x2	  x2:0x00016001 x12=0x00000012
      129675000	     12868	8000457a	8e25	c.xor	x12,x9	 x12:0x00000012  x9:0xfffffffa x12=0xffffffe8
      129705000	     12871	8000457c	02150db3	mul	x27,x10,x1	 x10:0x0000001c  x1:0x00000000 x27=0x00000000
      129745000	     12875	80004580	02e138b3	mulhu	x17,x2,x14	  x2:0x00016001 x14:0x0000000e x17=0x00000000
      129765000	     12877	80004584	038dcf33	div	x30,x27,x24	 x27:0x00000000 x24:0x00000000 x30=0xffffffff
      129805000	     12881	80004588	03e01033	mulh	x0,x0,x30	  x0:0x00000000 x30:0xffffffff  x0=0x00000000
      130175000	     12918	8000458c	02e67b33	remu	x22,x12,x14	 x12:0xffffffe8 x14:0x0000000e x22=0x00000008
      130185000	     12919	80004590	1d9dda17	auipc	x20,0x1d9dd	 x20=0x9d9e1590
      130195000	     12920	80004594	79586337	lui	x6,0x79586	  x6=0x79586000
      130205000	     12921	80004598	5dfd8d93	addi	x27,x27,1503	 x27:0x00000000 x27=0x000005df
      130225000	     12923	8000459c	021f6db3	rem	x27,x30,x1	 x30:0xffffffff  x1:0x00000000 x27=0xffffffff
      130235000	     12924	800045a0	8ea1	c.xor	x13,x8	 x13:0x00000000  x8:0x00000012 x13=0x00000012
      130245000	     12925	800045a2	03a98963	beq	x19,x26,800045d4	 x19:0x80021dfc x26:0x80025ce4
      130255000	     12926	800045a6	39e22793	slti	x15,x4,926	  x4:0x00000000 x15=0x00000001
      130265000	     12927	800045aa	8e2d	c.xor	x12,x11	 x12:0xffffffe8 x11:0x00000012 x12=0xfffffffa
      130635000	     12964	800045ac	02237eb3	remu	x29,x6,x2	  x6:0x79586000  x2:0x00016001 x29=0x000007c0
      130645000	     12965	800045b0	4c4c8a13	addi	x20,x25,1220	 x25:0xffffffff x20=0x000004c3
      130655000	     12966	800045b4	717d	c.addi16sp	x2,-16	  x2:0x00016001  x2=0x00015ff1
      130665000	     12967	800045b6	c815	c.beqz	x8,800045ea	  x8:0x00000012
      130675000	     12968	800045b8	0218e463	bltu	x17,x1,800045e0	 x17:0x00000000  x1:0x00000000
      130685000	     12969	800045bc	00df9693	slli	x13,x31,0xd	 x31:0xfffffac8 x13=0xff590000
      130695000	     12970	800045c0	0001	c.addi	x0,0	  x0:0x00000000  x0=0x00000000
      130705000	     12971	800045c2	03717e63	bgeu	x2,x23,800045fe	  x2:0x00015ff1 x23:0xfffe9965
      130715000	     12972	800045c6	00833233	sltu	x4,x6,x8	  x6:0x79586000  x8:0x00000012  x4=0x00000000
      130745000	     12975	800045ca	02eb0833	mul	x16,x22,x14	 x22:0x00000008 x14:0x0000000e x16=0x00000070
      130755000	     12976	800045ce	1d94	c.addi4spn	x13,x2,752	 x13=0x000162e1
      130765000	     12977	800045d0	03b47d63	bgeu	x8,x27,8000460a	  x8:0x00000012 x27:0xffffffff
      130775000	     12978	800045d4	01eee833	or	x16,x29,x30	 x29:0x000007c0 x30:0xffffffff x16=0xffffffff
      130805000	     12981	800045d8	035a0e33	mul	x28,x20,x21	 x20:0x000004c3 x21:0x00000000 x28=0x00000000
      130825000	     12983	800045dc	0383ca33	div	x20,x7,x24	  x7:0xfaeb9c09 x24:0x00000000 x20=0xffffffff
      130835000	     12984	800045e0	8c19	c.sub	x8,x14	  x8:0x00000012 x14:0x0000000e  x8=0x00000004
      130845000	     12985	800045e2	34031b73	csrrw	x22,mscratch,x6	  x6:0x79586000 x22=0x00000012
      130855000	     12986	800045e6	340876f3	csrrci	x13,mscratch,16	 x13=0x79586000
      130865000	     12987	800045ea	0001	c.addi	x0,0	  x0:0x00000000  x0=0x00000000
      130875000	     12988	800045ec	0001	c.addi	x0,0	  x0:0x00000000  x0=0x00000000
      130885000	     12989	800045ee	3406e773	csrrsi	x14,mscratch,13	 x14=0x79586000
      130895000	     12990	800045f2	003caf33	slt	x30,x25,x3	 x25:0xffffffff  x3:0x00000000 x30=0x00000001
      130905000	     12991	800045f6	03da9163	bne	x21,x29,80004618	 x21:0x00000000 x29:0x000007c0
      130925000	     12993	80004618	340a6b73	csrrsi	x22,mscratch,20	 x22=0x7958600d
      130935000	     12994	8000461c	2e73a013	slti	x0,x7,743	  x7:0xfaeb9c09  x0=0x00000000
      130945000	     12995	80004620	b4297713	andi	x14,x18,-1214	 x18:0x00000000 x14=0x00000000
      130985000	     12999	80004624	038f3c33	mulhu	x24,x30,x24	 x30:0x00000001 x24:0x00000000 x24=0x00000000
      130995000	     13000	80004628	e389	c.bnez	x15,8000462a	 x15:0x00000001
      131015000	     13002	8000462a	ef0d	c.bnez	x14,80004664	 x14:0x00000000
      131025000	     13003	8000462c	9b0a	c.add	x22,x2	 x22:0x7958600d  x2:0x00015ff1 x22=0x7959bffe
      131035000	     13004	8000462e	0180eeb3	or	x29,x1,x24	  x1:0x00000000 x24:0x00000000 x29=0x00000000
      131405000	     13041	80004632	02ff4f33	div	x30,x30,x15	 x30:0x00000001 x15:0x00000001 x30=0x00000001
      131415000	     13042	80004636	87c2	c.mv	x15,x16	  x0:0x00000000 x16:0xffffffff x15=0xffffffff
      131425000	     13043	80004638	5e7d	c.li	x28,-1	 x28=0xffffffff
      131435000	     13044	8000463a	00b7f263	bgeu	x15,x11,8000463e	 x15:0xffffffff x11:0x00000012
      131455000	     13046	8000463e	8dea	c.mv	x27,x26	  x0:0x00000000 x26:0x80025ce4 x27=0x80025ce4
      131465000	     13047	80004640	8d75	c.and	x10,x13	 x10:0x0000001c x13:0x79586000 x10=0x00000000
      131475000	     13048	80004642	04d04563	blt	x0,x13,8000468c	  x0:0x00000000 x13:0x79586000
      131495000	     13050	8000468c	e01d	c.bnez	x8,800046b2	  x8:0x00000004
      131525000	     13053	800046b2	005291b3	sll	x3,x5,x5	  x5:0xffffffff  x5:0xffffffff  x3=0x80000000
      131895000	     13090	800046b6	025f6233	rem	x4,x30,x5	 x30:0x00000001  x5:0xffffffff  x4=0x00000000
      131905000	     13091	800046ba	340ad573	csrrwi	x10,mscratch,21	 x10=0x7958601d
      131915000	     13092	800046be	00ba6463	bltu	x20,x11,800046c6	 x20:0xffffffff x11:0x00000012
      131925000	     13093	800046c2	03fc0563	beq	x24,x31,800046ec	 x24:0x00000000 x31:0xfffffac8
      131935000	     13094	800046c6	01d2b4b3	sltu	x9,x5,x29	  x5:0xffffffff x29:0x00000000  x9=0x00000000
      131945000	     13095	800046ca	04689163	bne	x17,x6,8000470c	 x17:0x00000000  x6:0x79586000
      131965000	     13097	8000470c	4145d493	srai	x9,x11,0x14	 x11:0x00000012  x9=0x00000000
      131975000	     13098	80004710	c59d	c.beqz	x11,8000473e	 x11:0x00000012
      131985000	     13099	80004712	8fe1	c.and	x15,x8	 x15:0xffffffff  x8:0x00000004 x15=0x00000004
      131995000	     13100	80004714	ec09	c.bnez	x8,8000472e	  x8:0x00000004
      132025000	     13103	8000472e	02c87063	bgeu	x16,x12,8000474e	 x16:0xffffffff x12:0xfffffffa
      132085000	     13109	8000474e	035db2b3	mulhu	x5,x27,x21	 x27:0x80025ce4 x21:0x00000000  x5=0x00000000
      132125000	     13113	80004752	0296b933	mulhu	x18,x13,x9	 x13:0x79586000  x9:0x00000000 x18=0x00000000
      132135000	     13114	80004756	00404fb3	xor	x31,x0,x4	  x0:0x00000000  x4:0x00000000 x31=0x00000000
      132145000	     13115	8000475a	02177563	bgeu	x14,x1,80004784	 x14:0x00000000  x1:0x00000000
      132165000	     13117	80004784	04de5363	bge	x28,x13,800047ca	 x28:0xffffffff x13:0x79586000
      132175000	     13118	80004788	9f00ae13	slti	x28,x1,-1552	  x1:0x00000000 x28=0x00000000
      132195000	     13120	8000478c	03144833	div	x16,x8,x17	  x8:0x00000004 x17:0x00000000 x16=0xffffffff
      132205000	     13121	80004790	340068f3	csrrsi	x17,mscratch,0	 x17=0x00000015
      132215000	     13122	80004794	717d	c.addi16sp	x2,-16	  x2:0x00015ff1  x2=0x00015fe1
      132225000	     13123	80004796	8e2d	c.xor	x12,x11	 x12:0xfffffffa x11:0x00000012 x12=0xffffffe8
      132235000	     13124	80004798	34002af3	csrrs	x21,mscratch,x0	  x0:0x00000000 x21=0x00000015
      132245000	     13125	8000479c	340dd1f3	csrrwi	x3,mscratch,27	  x3=0x00000015
      132255000	     13126	800047a0	014d1193	slli	x3,x26,0x14	 x26:0x80025ce4  x3=0xce400000
      132265000	     13127	800047a4	042d0163	beq	x26,x2,800047e6	 x26:0x80025ce4  x2:0x00015fe1
      132275000	     13128	800047a8	73adbc13	sltiu	x24,x27,1850	 x27:0x80025ce4 x24=0x00000000
      132645000	     13165	800047ac	0313f8b3	remu	x17,x7,x17	  x7:0xfaeb9c09 x17:0x00000015 x17=0x00000002
      132655000	     13166	800047b0	01181c33	sll	x24,x16,x17	 x16:0xffffffff x17:0x00000002 x24=0xfffffffc
      132665000	     13167	800047b4	024d9363	bne	x27,x4,800047da	 x27:0x80025ce4  x4:0x00000000
      132695000	     13170	800047da	00edc2b3	xor	x5,x27,x14	 x27:0x80025ce4 x14:0x00000000  x5=0x80025ce4
      132705000	     13171	800047de	01b1d493	srli	x9,x3,0x1b	  x3:0xce400000  x9=0x00000019
      132715000	     13172	800047e2	34046473	csrrsi	x8,mscratch,8	  x8=0x0000001b
      132725000	     13173	800047e6	c98d	c.beqz	x11,80004818	 x11:0x00000012
      132735000	     13174	800047e8	2d736b93	ori	x23,x6,727	  x6:0x79586000 x23=0x795862d7
      132775000	     13178	800047ec	02d99433	mulh	x8,x19,x13	 x19:0x80021dfc x13:0x79586000  x8=0xc354d0e7
      132785000	     13179	800047f0	9116	c.add	x2,x5	  x2:0x00015fe1  x5:0x80025ce4  x2=0x8003bcc5
      132795000	     13180	800047f2	804d	c.srli	x8,0x13	  x8:0xc354d0e7  x8=0x0000186a
      132815000	     13182	800047f4	03f3ecb3	rem	x25,x7,x31	  x7:0xfaeb9c09 x31:0x00000000 x25=0xfaeb9c09
      132825000	     13183	800047f8	6559	c.lui	x10,0x16	 x10=0x00016000
      132835000	     13184	800047fa	c01c8f93	addi	x31,x25,-1023	 x25:0xfaeb9c09 x31=0xfaeb980a
      132845000	     13185	800047fe	3404e4f3	csrrsi	x9,mscratch,9	  x9=0x0000001b
      132855000	     13186	80004802	00bc9193	slli	x3,x25,0xb	 x25:0xfaeb9c09  x3=0x5ce04800
      132865000	     13187	80004806	8955	c.andi	x10,21	 x10:0x00016000 x10=0x00000000
      132875000	     13188	80004808	00424a33	xor	x20,x4,x4	  x4:0x00000000  x4:0x00000000 x20=0x00000000
      132885000	     13189	8000480c	0001	c.addi	x0,0	  x0:0x00000000  x0=0x00000000
      132895000	     13190	8000480e	00106b33	or	x22,x0,x1	  x0:0x00000000  x1:0x00000000 x22=0x00000000
      132905000	     13191	80004812	a230be93	sltiu	x29,x1,-1501	  x1:0x00000000 x29=0x00000001
      132915000	     13192	80004816	8d39	c.xor	x10,x14	 x10:0x00000000 x14:0x00000000 x10=0x00000000
      132925000	     13193	80004818	8b51	c.andi	x14,20	 x14:0x00000000 x14=0x00000000
      132935000	     13194	8000481a	f9847013	andi	x0,x8,-104	  x8:0x0000186a  x0=0x00000000
      132945000	     13195	8000481e	3400da73	csrrwi	x20,mscratch,1	 x20=0x0000001b
      132955000	     13196	80004822	003c9713	slli	x14,x25,0x3	 x25:0xfaeb9c09 x14=0xd75ce048
      132995000	     13200	80004826	028aa5b3	mulhsu	x11,x21,x8	 x21:0x00000015  x8:0x0000186a x11=0x00000000
      133005000	     13201	8000482a	81d6	c.mv	x3,x21	  x0:0x00000000 x21:0x00000015  x3=0x00000015
      133015000	     13202	8000482c	177d	c.addi	x14,-1	 x14:0xd75ce048 x14=0xd75ce047
      133025000	     13203	8000482e	024a	c.slli	x4,0x12	  x4:0x00000000  x4=0x00000000
      133035000	     13204	80004830	00833933	sltu	x18,x6,x8	  x6:0x79586000  x8:0x0000186a x18=0x00000000
      133045000	     13205	80004834	0ff0000f	fence	iorw,iorw	
      133055000	     13206	80004838	016c9e63	bne	x25,x22,80004854	 x25:0xfaeb9c09 x22:0x00000000
      133435000	     13244	80004854	022ef0b3	remu	x1,x29,x2	 x29:0x00000001  x2:0x8003bcc5  x1=0x00000001
      133445000	     13245	80004858	011bc933	xor	x18,x23,x17	 x23:0x795862d7 x17:0x00000002 x18=0x795862d5
      133455000	     13246	8000485c	340031f3	csrrc	x3,mscratch,x0	  x0:0x00000000  x3=0x00000001
      133465000	     13247	80004860	02dd4963	blt	x26,x13,80004892	 x26:0x80025ce4 x13:0x79586000
      133495000	     13250	80004892	00412433	slt	x8,x2,x4	  x2:0x8003bcc5  x4:0x00000000  x8=0x00000001
      133505000	     13251	80004896	0000100f	fence.i	
      133525000	     13253	8000489a	871e	c.mv	x14,x7	  x0:0x00000000  x7:0xfaeb9c09 x14=0xfaeb9c09
      133565000	     13257	8000489c	031ca0b3	mulhsu	x1,x25,x17	 x25:0xfaeb9c09 x17:0x00000002  x1=0xffffffff
      133575000	     13258	800048a0	4076dfb3	sra	x31,x13,x7	 x13:0x79586000  x7:0xfaeb9c09 x31=0x003cac30
      133605000	     13261	800048a4	03818633	mul	x12,x3,x24	  x3:0x00000001 x24:0xfffffffc x12=0xfffffffc
      133615000	     13262	800048a8	0eea	c.slli	x29,0x1a	 x29:0x00000001 x29=0x04000000
      133625000	     13263	800048aa	00943ab3	sltu	x21,x8,x9	  x8:0x00000001  x9:0x0000001b x21=0x00000001
      133635000	     13264	800048ae	02027d63	bgeu	x4,x0,800048e8	  x4:0x00000000  x0:0x00000000
      133655000	     13266	800048e8	01eada93	srli	x21,x21,0x1e	 x21:0x00000001 x21=0x00000000
      133665000	     13267	800048ec	00995233	srl	x4,x18,x9	 x18:0x795862d5  x9:0x0000001b  x4=0x0000000f
      133675000	     13268	800048f0	019a2c33	slt	x24,x20,x25	 x20:0x0000001b x25:0xfaeb9c09 x24=0x00000000
      133685000	     13269	800048f4	4c9d	c.li	x25,7	 x25=0x00000007
      133695000	     13270	800048f6	90b2	c.add	x1,x12	  x1:0xffffffff x12:0xfffffffc  x1=0xfffffffb
      133735000	     13274	800048f8	02d13333	mulhu	x6,x2,x13	  x2:0x8003bcc5 x13:0x79586000  x6=0x3cadf583
      133745000	     13275	800048fc	0ff0000f	fence	iorw,iorw	
      133755000	     13276	80004900	058bf063	bgeu	x23,x24,80004940	 x23:0x795862d7 x24:0x00000000
      133775000	     13278	80004940	e90d	c.bnez	x10,80004972	 x10:0x00000000
      133785000	     13279	80004942	e08d	c.bnez	x9,80004964	  x9:0x0000001b
      133805000	     13281	80004964	d1b0b813	sltiu	x16,x1,-741	  x1:0xfffffffb x16=0x00000000
      133815000	     13282	80004968	002126b3	slt	x13,x2,x2	  x2:0x8003bcc5  x2:0x8003bcc5 x13=0x00000000
      133825000	     13283	8000496c	00347263	bgeu	x8,x3,80004970	  x8:0x00000001  x3:0x00000001
      133845000	     13285	80004970	8479	c.srai	x8,0x1e	  x8:0x00000001  x8=0x00000000
      133855000	     13286	80004972	0b46	c.slli	x22,0x11	 x22:0x00000000 x22=0x00000000
      133865000	     13287	80004974	c895	c.beqz	x9,800049a8	  x9:0x0000001b
      133875000	     13288	80004976	002dab33	slt	x22,x27,x2	 x27:0x80025ce4  x2:0x8003bcc5 x22=0x00000001
      133885000	     13289	8000497a	9f62	c.add	x30,x24	 x30:0x00000001 x24:0x00000000 x30=0x00000001
      133895000	     13290	8000497c	614d	c.addi16sp	x2,176	  x2:0x8003bcc5  x2=0x8003bd75
      133905000	     13291	8000497e	04ab5163	bge	x22,x10,800049c0	 x22:0x00000001 x10:0x00000000
      133925000	     13293	800049c0	01eadf93	srli	x31,x21,0x1e	 x21:0x00000000 x31=0x00000000
      133935000	     13294	800049c4	8d19	c.sub	x10,x14	 x10:0x00000000 x14:0xfaeb9c09 x10=0x051463f7
      133945000	     13295	800049c6	6169	c.addi16sp	x2,208	  x2:0x8003bd75  x2=0x8003be45
      133955000	     13296	800049c8	dbf77f93	andi	x31,x14,-577	 x14:0xfaeb9c09 x31=0xfaeb9c09
      133965000	     13297	800049cc	018d9d63	bne	x27,x24,800049e6	 x27:0x80025ce4 x24:0x00000000
      133985000	     13299	800049e6	c315	c.beqz	x14,80004a0a	 x14:0xfaeb9c09
      134015000	     13302	800049e8	03d20733	mul	x14,x4,x29	  x4:0x0000000f x29:0x04000000 x14=0x3c000000
      134025000	     13303	800049ec	8fa1	c.xor	x15,x8	 x15:0x00000004  x8:0x00000000 x15=0x00000004
      134035000	     13304	800049ee	e995	c.bnez	x11,80004a22	 x11:0x00000000
      134045000	     13305	800049f0	03d41563	bne	x8,x29,80004a1a	  x8:0x00000000 x29:0x04000000
      134065000	     13307	80004a1a	8f09	c.sub	x14,x10	 x14:0x3c000000 x10:0x051463f7 x14=0x36eb9c09
      134075000	     13308	80004a1c	03dae063	bltu	x21,x29,80004a3c	 x21:0x00000000 x29:0x04000000
      134095000	     13310	80004a3c	34006e73	csrrsi	x28,mscratch,0	 x28=0x00000001
      134105000	     13311	80004a40	03f0f163	bgeu	x1,x31,80004a62	  x1:0xfffffffb x31:0xfaeb9c09
      134125000	     13313	80004a62	8ea5	c.xor	x13,x9	 x13:0x00000000  x9:0x0000001b x13=0x0000001b
      134135000	     13314	80004a64	01feed63	bltu	x29,x31,80004a7e	 x29:0x04000000 x31:0xfaeb9c09
      134155000	     13316	80004a7e	717d	c.addi16sp	x2,-16	  x2:0x8003be45  x2=0x8003be35
      134165000	     13317	80004a80	1dee7093	andi	x1,x28,478	 x28:0x00000001  x1=0x00000000
      134175000	     13318	80004a84	faaf6c13	ori	x24,x30,-86	 x30:0x00000001 x24=0xffffffab
      134185000	     13319	80004a88	340c5373	csrrwi	x6,mscratch,24	  x6=0x00000001
      134195000	     13320	80004a8c	02ed5437	lui	x8,0x2ed5	  x8=0x02ed5000
      134205000	     13321	80004a90	019be133	or	x2,x23,x25	 x23:0x795862d7 x25:0x00000007  x2=0x795862d7
      134215000	     13322	80004a94	34055973	csrrwi	x18,mscratch,10	 x18=0x00000018
      134225000	     13323	80004a98	8d41	c.or	x10,x8	 x10:0x051463f7  x8:0x02ed5000 x10=0x07fd73f7
      134235000	     13324	80004a9a	00255493	srli	x9,x10,0x2	 x10:0x07fd73f7  x9=0x01ff5cfd
      134245000	     13325	80004a9e	8c29	c.xor	x8,x10	  x8:0x02ed5000 x10:0x07fd73f7  x8=0x051023f7
      134285000	     13329	80004aa0	03921933	mulh	x18,x4,x25	  x4:0x0000000f x25:0x00000007 x18=0x00000000
      134295000	     13330	80004aa4	1e7d	c.addi	x28,-1	 x28:0x00000001 x28=0x00000000
      134305000	     13331	80004aa6	340cfa73	csrrci	x20,mscratch,25	 x20=0x0000000a
      134315000	     13332	80004aaa	6719	c.lui	x14,0x6	 x14=0x00006000
      134325000	     13333	80004aac	803d	c.srli	x8,0xf	  x8:0x051023f7  x8=0x00000a20
      134335000	     13334	80004aae	413505b3	sub	x11,x10,x19	 x10:0x07fd73f7 x19:0x80021dfc x11=0x87fb55fb
      134345000	     13335	80004ab2	4493cc13	xori	x24,x7,1097	  x7:0xfaeb9c09 x24=0xfaeb9840
      134355000	     13336	80004ab6	647b7b93	andi	x23,x22,1607	 x22:0x00000001 x23=0x00000001
      134365000	     13337	80004aba	008431b3	sltu	x3,x8,x8	  x8:0x00000a20  x8:0x00000a20  x3=0x00000000
      134405000	     13341	80004abe	03e03733	mulhu	x14,x0,x30	  x0:0x00000000 x30:0x00000001 x14=0x00000000
      134415000	     13342	80004ac2	8f81	c.sub	x15,x8	 x15:0x00000004  x8:0x00000a20 x15=0xfffff5e4
      134425000	     13343	80004ac4	056a6063	bltu	x20,x22,80004b04	 x20:0x0000000a x22:0x00000001
      134795000	     13380	80004ac8	02254933	div	x18,x10,x2	 x10:0x07fd73f7  x2:0x795862d7 x18=0x00000000
      134815000	     13382	80004acc	02046133	rem	x2,x8,x0	  x8:0x00000a20  x0:0x00000000  x2=0x00000a20
      134825000	     13383	80004ad0	8e95	c.sub	x13,x13	 x13:0x0000001b x13:0x0000001b x13=0x00000000
      134835000	     13384	80004ad2	8758a013	slti	x0,x17,-1931	 x17:0x00000002  x0=0x00000000
      134845000	     13385	80004ad6	0000100f	fence.i	
      134875000	     13388	80004ada	012812b3	sll	x5,x16,x18	 x16:0x00000000 x18:0x00000000  x5=0x00000000
      134885000	     13389	80004ade	1b00ca13	xori	x20,x1,432	  x1:0x00000000 x20=0x000001b0
      134895000	     13390	80004ae2	1b501437	lui	x8,0x1b501	  x8=0x1b501000
      134905000	     13391	80004ae6	00bd9f93	slli	x31,x27,0xb	 x27:0x80025ce4 x31=0x12e72000
      134915000	     13392	80004aea	0174e8b3	or	x17,x9,x23	  x9:0x01ff5cfd x23:0x00000001 x17=0x01ff5cfd
      134925000	     13393	80004aee	6129	c.addi16sp	x2,192	  x2:0x00000a20  x2=0x00000ae0
      134935000	     13394	80004af0	02b80f63	beq	x16,x11,80004b2e	 x16:0x00000000 x11:0x87fb55fb
      134945000	     13395	80004af4	0190a6b3	slt	x13,x1,x25	  x1:0x00000000 x25:0x00000007 x13=0x00000001
      134955000	     13396	80004af8	0001	c.addi	x0,0	  x0:0x00000000  x0=0x00000000
      134965000	     13397	80004afa	8d4d	c.or	x10,x11	 x10:0x07fd73f7 x11:0x87fb55fb x10=0x87ff77ff
      134975000	     13398	80004afc	0000100f	fence.i	
      134995000	     13400	80004b00	0b8d	c.addi	x23,3	 x23:0x00000001 x23=0x00000004
      135005000	     13401	80004b02	88a1	c.andi	x9,8	  x9:0x01ff5cfd  x9=0x00000008
      135015000	     13402	80004b04	01307263	bgeu	x0,x19,80004b08	  x0:0x00000000 x19:0x80021dfc
      135025000	     13403	80004b08	59556093	ori	x1,x10,1429	 x10:0x87ff77ff  x1=0x87ff77ff
      135035000	     13404	80004b0c	8e39	c.xor	x12,x14	 x12:0xfffffffc x14:0x00000000 x12=0xfffffffc
      135045000	     13405	80004b0e	00ccf933	and	x18,x25,x12	 x25:0x00000007 x12:0xfffffffc x18=0x00000004
      135055000	     13406	80004b12	340797f3	csrrw	x15,mscratch,x15	 x15:0xfffff5e4 x15=0x00000002
      135065000	     13407	80004b16	0001	c.addi	x0,0	  x0:0x00000000  x0=0x00000000
      135075000	     13408	80004b18	e395	c.bnez	x15,80004b3c	 x15:0x00000002
      135095000	     13410	80004b3c	04d7bb13	sltiu	x22,x15,77	 x15:0x00000002 x22=0x00000001
      135105000	     13411	80004b40	8ccd	c.or	x9,x11	  x9:0x00000008 x11:0x87fb55fb  x9=0x87fb55fb
      135115000	     13412	80004b42	041cd163	bge	x25,x1,80004b84	 x25:0x00000007  x1:0x87ff77ff
      135135000	     13414	80004b84	340be8f3	csrrsi	x17,mscratch,23	 x17=0xfffff5e4
      135145000	     13415	80004b88	00205ab3	srl	x21,x0,x2	  x0:0x00000000  x2:0x00000ae0 x21=0x00000000
      135155000	     13416	80004b8c	340a27f3	csrrs	x15,mscratch,x20	 x20:0x000001b0 x15=0xfffff5f7
      135165000	     13417	80004b90	34099ff3	csrrw	x31,mscratch,x19	 x19:0x80021dfc x31=0xfffff5f7
      135175000	     13418	80004b94	016b9733	sll	x14,x23,x22	 x23:0x00000004 x22:0x00000001 x14=0x00000008
      135545000	     13455	80004b98	02acc0b3	div	x1,x25,x10	 x25:0x00000007 x10:0x87ff77ff  x1=0x00000000
      135555000	     13456	80004b9c	340038f3	csrrc	x17,mscratch,x0	  x0:0x00000000 x17=0x80021dfc
      135925000	     13493	80004ba0	03da47b3	div	x15,x20,x29	 x20:0x000001b0 x29:0x04000000 x15=0x00000000
      135935000	     13494	80004ba4	0001	c.addi	x0,0	  x0:0x00000000  x0=0x00000000
      135975000	     13498	80004ba6	03d3b1b3	mulhu	x3,x7,x29	  x7:0xfaeb9c09 x29:0x04000000  x3=0x03ebae70
      135985000	     13499	80004baa	340c25f3	csrrs	x11,mscratch,x24	 x24:0xfaeb9840 x11=0x80021dfc
      135995000	     13500	80004bae	8f49	c.or	x14,x10	 x14:0x00000008 x10:0x87ff77ff x14=0x87ff77ff
      136005000	     13501	80004bb0	1f1c	c.addi4spn	x15,x2,944	 x15=0x00000e90
      136015000	     13502	80004bb2	eb2ee637	lui	x12,0xeb2ee	 x12=0xeb2ee000
      136385000	     13539	80004bb6	038ad633	divu	x12,x21,x24	 x21:0x00000000 x24:0xfaeb9840 x12=0x00000000
      136395000	     13540	80004bba	01339493	slli	x9,x7,0x13	  x7:0xfaeb9c09  x9=0xe0480000
      136405000	     13541	80004bbe	340071f3	csrrci	x3,mscratch,0	  x3=0xfaeb9dfc
      136415000	     13542	80004bc2	8d09	c.sub	x10,x10	 x10:0x87ff77ff x10:0x87ff77ff x10=0x00000000
      136425000	     13543	80004bc4	54857e13	andi	x28,x10,1352	 x10:0x00000000 x28=0x00000000
      136435000	     13544	80004bc8	0708	c.addi4spn	x10,x2,896	 x10=0x00000e60
      136445000	     13545	80004bca	34081ff3	csrrw	x31,mscratch,x16	 x16:0x00000000 x31=0xfaeb9dfc
      136475000	     13548	80004bce	02118233	mul	x4,x3,x1	  x3:0xfaeb9dfc  x1:0x00000000  x4=0x00000000
      136485000	     13549	80004bd2	0ffd	c.addi	x31,31	 x31:0xfaeb9dfc x31=0xfaeb9e1b
      136495000	     13550	80004bd4	77744e93	xori	x29,x8,1911	  x8:0x1b501000 x29=0x1b501777
      136505000	     13551	80004bd8	41af5c93	srai	x25,x30,0x1a	 x30:0x00000001 x25=0x00000000
      136515000	     13552	80004bdc	01e1bab3	sltu	x21,x3,x30	  x3:0xfaeb9dfc x30:0x00000001 x21=0x00000000
      136525000	     13553	80004be0	41095793	srai	x15,x18,0x10	 x18:0x00000004 x15=0x00000000
      136535000	     13554	80004be4	8515	c.srai	x10,0x5	 x10:0x00000e60 x10=0x00000073
      136545000	     13555	80004be6	c285	c.beqz	x13,80004c06	 x13:0x00000001
      136555000	     13556	80004be8	1a6f0b13	addi	x22,x30,422	 x30:0x00000001 x22=0x000001a7
      136565000	     13557	80004bec	0f4262b7	lui	x5,0xf426	  x5=0x0f426000
      136575000	     13558	80004bf0	0001	c.addi	x0,0	  x0:0x00000000  x0=0x00000000
      136585000	     13559	80004bf2	012cadb3	slt	x27,x25,x18	 x25:0x00000000 x18:0x00000004 x27=0x00000001
      136595000	     13560	80004bf6	047c0163	beq	x24,x7,80004c38	 x24:0xfaeb9840  x7:0xfaeb9c09
      136605000	     13561	80004bfa	851d	c.srai	x10,0x7	 x10:0x00000073 x10=0x00000000
      136615000	     13562	80004bfc	01c99433	sll	x8,x19,x28	 x19:0x80021dfc x28:0x00000000  x8=0x80021dfc
      136625000	     13563	80004c00	4199d313	srai	x6,x19,0x19	 x19:0x80021dfc  x6=0xffffffc0
      136635000	     13564	80004c04	06d5	c.addi	x13,21	 x13:0x00000001 x13=0x00000016
      136645000	     13565	80004c06	c295	c.beqz	x13,80004c2a	 x13:0x00000016
      136655000	     13566	80004c08	40ea0933	sub	x18,x20,x14	 x20:0x000001b0 x14:0x87ff77ff x18=0x780089b1
      137025000	     13603	80004c0c	0339c233	div	x4,x19,x19	 x19:0x80021dfc x19:0x80021dfc  x4=0x00000001
      137035000	     13604	80004c10	a1c07913	andi	x18,x0,-1508	  x0:0x00000000 x18=0x00000000
      137045000	     13605	80004c14	005ad433	srl	x8,x21,x5	 x21:0x00000000  x5:0x0f426000  x8=0x00000000
      137055000	     13606	80004c18	9afd	c.andi	x13,-1	 x13:0x00000016 x13=0x00000016
      137065000	     13607	80004c1a	0203e363	bltu	x7,x0,80004c40	  x7:0xfaeb9c09  x0:0x00000000
      137075000	     13608	80004c1e	40075813	srai	x16,x14,0x0	 x14:0x87ff77ff x16=0x87ff77ff
      137445000	     13645	80004c22	02dad6b3	divu	x13,x21,x13	 x21:0x00000000 x13:0x00000016 x13=0x00000000
      137815000	     13682	80004c26	03e54c33	div	x24,x10,x30	 x10:0x00000000 x30:0x00000001 x24=0x00000000
      137825000	     13683	80004c2a	0d084093	xori	x1,x16,208	 x16:0x87ff77ff  x1=0x87ff772f
      137835000	     13684	80004c2e	0001	c.addi	x0,0	  x0:0x00000000  x0=0x00000000
      137845000	     13685	80004c30	a643aa37	lui	x20,0xa643a	 x20=0xa643a000
      137855000	     13686	80004c34	01b421b3	slt	x3,x8,x27	  x8:0x00000000 x27:0x00000001  x3=0x00000001
      137875000	     13688	80004c38	02a8cab3	div	x21,x17,x10	 x17:0x80021dfc x10:0x00000000 x21=0xffffffff
      137885000	     13689	80004c3c	01c4e263	bltu	x9,x28,80004c40	  x9:0xe0480000 x28:0x00000000
      137895000	     13690	80004c40	340d7273	csrrci	x4,mscratch,26	  x4=0x00000000
      137905000	     13691	80004c44	40240233	sub	x4,x8,x2	  x8:0x00000000  x2:0x00000ae0  x4=0xfffff520
      137915000	     13692	80004c48	01935fb3	srl	x31,x6,x25	  x6:0xffffffc0 x25:0x00000000 x31=0xffffffc0
      137925000	     13693	80004c4c	0001	c.addi	x0,0	  x0:0x00000000  x0=0x00000000
      137935000	     13694	80004c4e	01092e33	slt	x28,x18,x16	 x18:0x00000000 x16:0x87ff77ff x28=0x00000000
      137945000	     13695	80004c52	9186	c.add	x3,x1	  x3:0x00000001  x1:0x87ff772f  x3=0x87ff7730
      137955000	     13696	80004c54	01d33033	sltu	x0,x6,x29	  x6:0xffffffc0 x29:0x1b501777  x0=0x00000000
      137965000	     13697	80004c58	99fd	c.andi	x11,-1	 x11:0x80021dfc x11=0x80021dfc
      137975000	     13698	80004c5a	82aa	c.mv	x5,x10	  x0:0x00000000 x10:0x00000000  x5=0x00000000
      137985000	     13699	80004c5c	af8dab13	slti	x22,x27,-1288	 x27:0x00000001 x22=0x00000000
      137995000	     13700	80004c60	014cd313	srli	x6,x25,0x14	 x25:0x00000000  x6=0x00000000
      138005000	     13701	80004c64	e09d	c.bnez	x9,80004c8a	  x9:0xe0480000
      138035000	     13704	80004c8a	02b8dd63	bge	x17,x11,80004cc4	 x17:0x80021dfc x11:0x80021dfc
      138055000	     13706	80004cc4	0000100f	fence.i	
      138075000	     13708	80004cc8	019550b3	srl	x1,x10,x25	 x10:0x00000000 x25:0x00000000  x1=0x00000000
      138085000	     13709	80004ccc	001aedb3	or	x27,x21,x1	 x21:0xffffffff  x1:0x00000000 x27=0xffffffff
      138095000	     13710	80004cd0	b9536a93	ori	x21,x6,-1131	  x6:0x00000000 x21=0xfffffb95
      138105000	     13711	80004cd4	8ee1	c.and	x13,x8	 x13:0x00000000  x8:0x00000000 x13=0x00000000
      138115000	     13712	80004cd6	8d0d	c.sub	x10,x11	 x10:0x00000000 x11:0x80021dfc x10=0x7ffde204
      138125000	     13713	80004cd8	3407bbf3	csrrc	x23,mscratch,x15	 x15:0x00000000 x23=0x00000000
      138135000	     13714	80004cdc	03c16b63	bltu	x2,x28,80004d12	  x2:0x00000ae0 x28:0x00000000
      138145000	     13715	80004ce0	8ec5	c.or	x13,x9	 x13:0x00000000  x9:0xe0480000 x13=0xe0480000
      138155000	     13716	80004ce2	418adb13	srai	x22,x21,0x18	 x21:0xfffffb95 x22=0xffffffff
      138165000	     13717	80004ce6	98de	c.add	x17,x23	 x17:0x80021dfc x23:0x00000000 x17=0x80021dfc
      138175000	     13718	80004ce8	4bad6693	ori	x13,x26,1210	 x26:0x80025ce4 x13=0x80025cfe
      138185000	     13719	80004cec	0001	c.addi	x0,0	  x0:0x00000000  x0=0x00000000
      138195000	     13720	80004cee	00172e33	slt	x28,x14,x1	 x14:0x87ff77ff  x1:0x00000000 x28=0x00000001
      138205000	     13721	80004cf2	0ff0000f	fence	iorw,iorw	
      138215000	     13722	80004cf6	01ca8633	add	x12,x21,x28	 x21:0xfffffb95 x28:0x00000001 x12=0xfffffb96
      138235000	     13724	80004cfa	028a7833	remu	x16,x20,x8	 x20:0xa643a000  x8:0x00000000 x16=0xa643a000
      138245000	     13725	80004cfe	966e	c.add	x12,x27	 x12:0xfffffb96 x27:0xffffffff x12=0xfffffb95
      138255000	     13726	80004d00	85e1	c.srai	x11,0x18	 x11:0x80021dfc x11=0xffffff80
      138265000	     13727	80004d02	8e19	c.sub	x12,x14	 x12:0xfffffb95 x14:0x87ff77ff x12=0x78008396
      138275000	     13728	80004d04	409cd193	srai	x3,x25,0x9	 x25:0x00000000  x3=0x00000000
      138285000	     13729	80004d08	0001	c.addi	x0,0	  x0:0x00000000  x0=0x00000000
      138295000	     13730	80004d0a	0177d533	srl	x10,x15,x23	 x15:0x00000000 x23:0x00000000 x10=0x00000000
      138305000	     13731	80004d0e	412e5513	srai	x10,x28,0x12	 x28:0x00000001 x10=0x00000000
      138315000	     13732	80004d12	01ef85b3	add	x11,x31,x30	 x31:0xffffffc0 x30:0x00000001 x11=0xffffffc1
      138325000	     13733	80004d16	340fdaf3	csrrwi	x21,mscratch,31	 x21=0x00000000
      138335000	     13734	80004d1a	8c09	c.sub	x8,x10	  x8:0x00000000 x10:0x00000000  x8=0x00000000
      138345000	     13735	80004d1c	0274c563	blt	x9,x7,80004d46	  x9:0xe0480000  x7:0xfaeb9c09
      138375000	     13738	80004d46	34005ff3	csrrwi	x31,mscratch,0	 x31=0x0000001f
      138385000	     13739	80004d4a	016ddeb3	srl	x29,x27,x22	 x27:0xffffffff x22:0xffffffff x29=0x00000001
      138395000	     13740	80004d4e	6a25	c.lui	x20,0x9	 x20=0x00009000
      138405000	     13741	80004d50	0509	c.addi	x10,2	 x10:0x00000000 x10=0x00000002
      138415000	     13742	80004d52	000664b3	or	x9,x12,x0	 x12:0x78008396  x0:0x00000000  x9=0x78008396
      138425000	     13743	80004d56	0036bf33	sltu	x30,x13,x3	 x13:0x80025cfe  x3:0x00000000 x30=0x00000000
      138435000	     13744	80004d5a	e22a0413	addi	x8,x20,-478	 x20:0x00009000  x8=0x00008e22
      138445000	     13745	80004d5e	34003073	csrrc	x0,mscratch,x0	  x0:0x00000000  x0=0x00000000
      138455000	     13746	80004d62	34031373	csrrw	x6,mscratch,x6	  x6:0x00000000  x6=0x00000000
      138465000	     13747	80004d66	50a3f593	andi	x11,x7,1290	  x7:0xfaeb9c09 x11=0x00000408
      138475000	     13748	80004d6a	00715113	srli	x2,x2,0x7	  x2:0x00000ae0  x2=0x00000015
      138485000	     13749	80004d6e	66942413	slti	x8,x8,1641	  x8:0x00008e22  x8=0x00000000
      138495000	     13750	80004d72	01a79b33	sll	x22,x15,x26	 x15:0x00000000 x26:0x80025ce4 x22=0x00000000
      138505000	     13751	80004d76	8fb5	c.xor	x15,x13	 x15:0x00000000 x13:0x80025cfe x15=0x80025cfe
      138515000	     13752	80004d78	0ff0000f	fence	iorw,iorw	
      138525000	     13753	80004d7c	03ec6263	bltu	x24,x30,80004da0	 x24:0x00000000 x30:0x00000000
      138535000	     13754	80004d80	3400d473	csrrwi	x8,mscratch,1	  x8=0x00000000
      138545000	     13755	80004d84	00a6d193	srli	x3,x13,0xa	 x13:0x80025cfe  x3=0x00200097
      138555000	     13756	80004d88	946e	c.add	x8,x27	  x8:0x00000000 x27:0xffffffff  x8=0xffffffff
      138565000	     13757	80004d8a	997d	c.andi	x10,-1	 x10:0x00000002 x10=0x00000002
      138575000	     13758	80004d8c	81a27c93	andi	x25,x4,-2022	  x4:0xfffff520 x25=0xfffff000
      138585000	     13759	80004d90	007a4cb3	xor	x25,x20,x7	 x20:0x00009000  x7:0xfaeb9c09 x25=0xfaeb0c09
      138595000	     13760	80004d94	05a00463	beq	x0,x26,80004ddc	  x0:0x00000000 x26:0x80025ce4
      138605000	     13761	80004d98	015fc733	xor	x14,x31,x21	 x31:0x0000001f x21:0x00000000 x14=0x0000001f
      138615000	     13762	80004d9c	41d8de33	sra	x28,x17,x29	 x17:0x80021dfc x29:0x00000001 x28=0xc0010efe
      138625000	     13763	80004da0	0000100f	fence.i	
      138645000	     13765	80004da4	3d7c2093	slti	x1,x24,983	 x24:0x00000000  x1=0x00000001
      138655000	     13766	80004da8	00b75033	srl	x0,x14,x11	 x14:0x0000001f x11:0x00000408  x0=0x00000000
      138665000	     13767	80004dac	0e21	c.addi	x28,8	 x28:0xc0010efe x28=0xc0010f06
      138675000	     13768	80004dae	012951b3	srl	x3,x18,x18	 x18:0x00000000 x18:0x00000000  x3=0x00000000
      138715000	     13772	80004db2	034e3f33	mulhu	x30,x28,x20	 x28:0xc0010f06 x20:0x00009000 x30=0x00006c00
      138725000	     13773	80004db6	0160e4b3	or	x9,x1,x22	  x1:0x00000001 x22:0x00000000  x9=0x00000001
      138735000	     13774	80004dba	8ff5	c.and	x15,x13	 x15:0x80025cfe x13:0x80025cfe x15=0x80025cfe
      138745000	     13775	80004dbc	8e61	c.and	x12,x8	 x12:0x78008396  x8:0xffffffff x12=0x78008396
      138755000	     13776	80004dbe	34095ff3	csrrwi	x31,mscratch,18	 x31=0x00000001
      138765000	     13777	80004dc2	0ff0000f	fence	iorw,iorw	
      138775000	     13778	80004dc6	01d348b3	xor	x17,x6,x29	  x6:0x00000000 x29:0x00000001 x17=0x00000001
      138785000	     13779	80004dca	01df9d63	bne	x31,x29,80004de4	 x31:0x00000001 x29:0x00000001
      138795000	     13780	80004dce	41e10bb3	sub	x23,x2,x30	  x2:0x00000015 x30:0x00006c00 x23=0xffff9415
      138805000	     13781	80004dd2	62ca0f13	addi	x30,x20,1580	 x20:0x00009000 x30=0x0000962c
      138815000	     13782	80004dd6	010e4a63	blt	x28,x16,80004dea	 x28:0xc0010f06 x16:0xa643a000
      138825000	     13783	80004dda	0001	c.addi	x0,0	  x0:0x00000000  x0=0x00000000
      138835000	     13784	80004ddc	8fc9	c.or	x15,x10	 x15:0x80025cfe x10:0x00000002 x15=0x80025cfe
      138845000	     13785	80004dde	940e	c.add	x8,x3	  x8:0xffffffff  x3:0x00000000  x8=0xffffffff
      138855000	     13786	80004de0	34002df3	csrrs	x27,mscratch,x0	  x0:0x00000000 x27=0x00000012
      138865000	     13787	80004de4	0183ce33	xor	x28,x7,x24	  x7:0xfaeb9c09 x24:0x00000000 x28=0xfaeb9c09
      138875000	     13788	80004de8	717d	c.addi16sp	x2,-16	  x2:0x00000015  x2=0x00000005
      138885000	     13789	80004dea	0f5a	c.slli	x30,0x16	 x30:0x0000962c x30=0x8b000000
      138895000	     13790	80004dec	00121333	sll	x6,x4,x1	  x4:0xfffff520  x1:0x00000001  x6=0xffffea40
      138905000	     13791	80004df0	0088c6b3	xor	x13,x17,x8	 x17:0x00000001  x8:0xffffffff x13=0xfffffffe
      138915000	     13792	80004df4	cd95	c.beqz	x11,80004e30	 x11:0x00000408
      138955000	     13796	80004df6	02111bb3	mulh	x23,x2,x1	  x2:0x00000005  x1:0x00000001 x23=0x00000000
      138975000	     13798	80004dfa	037fc633	div	x12,x31,x23	 x31:0x00000001 x23:0x00000000 x12=0xffffffff
      138985000	     13799	80004dfe	00519533	sll	x10,x3,x5	  x3:0x00000000  x5:0x00000000 x10=0x00000000
      138995000	     13800	80004e02	00414db3	xor	x27,x2,x4	  x2:0x00000005  x4:0xfffff520 x27=0xfffff525
      139365000	     13837	80004e06	02bc4bb3	div	x23,x24,x11	 x24:0x00000000 x11:0x00000408 x23=0x00000000
      139375000	     13838	80004e0a	82e1	c.srli	x13,0x18	 x13:0xfffffffe x13=0x000000ff
      139385000	     13839	80004e0c	8f71	c.and	x14,x12	 x14:0x0000001f x12:0xffffffff x14=0x0000001f
      139395000	     13840	80004e0e	8424a217	auipc	x4,0x8424a	  x4=0x0424ee0e
      139405000	     13841	80004e12	157d	c.addi	x10,-1	 x10:0x00000000 x10=0xffffffff
      139775000	     13878	80004e14	027d68b3	rem	x17,x26,x7	 x26:0x80025ce4  x7:0xfaeb9c09 x17=0xff002003
      139785000	     13879	80004e18	038c6363	bltu	x24,x24,80004e3e	 x24:0x00000000 x24:0x00000000
      139815000	     13882	80004e1c	02388db3	mul	x27,x17,x3	 x17:0xff002003  x3:0x00000000 x27=0x00000000
      139825000	     13883	80004e20	01b06533	or	x10,x0,x27	  x0:0x00000000 x27:0x00000000 x10=0x00000000
      139835000	     13884	80004e24	8296	c.mv	x5,x5	  x0:0x00000000  x5:0x00000000  x5=0x00000000
      139845000	     13885	80004e26	8fc9	c.or	x15,x10	 x15:0x80025cfe x10:0x00000000 x15=0x80025cfe
      139855000	     13886	80004e28	1afd	c.addi	x21,-1	 x21:0x00000000 x21=0xffffffff
      139865000	     13887	80004e2a	0457d063	bge	x15,x5,80004e6a	 x15:0x80025cfe  x5:0x00000000
      139875000	     13888	80004e2e	02b6	c.slli	x5,0xd	  x5:0x00000000  x5=0x00000000
      139885000	     13889	80004e30	34007bf3	csrrci	x23,mscratch,0	 x23=0x00000012
      139895000	     13890	80004e34	9272	c.add	x4,x28	  x4:0x0424ee0e x28:0xfaeb9c09  x4=0xff108a17
      139935000	     13894	80004e36	02a4bcb3	mulhu	x25,x9,x10	  x9:0x00000001 x10:0x00000000 x25=0x00000000
      139945000	     13895	80004e3a	340814f3	csrrw	x9,mscratch,x16	 x16:0xa643a000  x9=0x00000012
      139955000	     13896	80004e3e	34002073	csrrs	x0,mscratch,x0	  x0:0x00000000  x0=0x00000000
      139975000	     13898	80004e42	03654ab3	div	x21,x10,x22	 x10:0x00000000 x22:0x00000000 x21=0xffffffff
      139985000	     13899	80004e46	928e	c.add	x5,x3	  x5:0x00000000  x3:0x00000000  x5=0x00000000
      139995000	     13900	80004e48	8569	c.srai	x10,0x1a	 x10:0x00000000 x10=0x00000000
      140005000	     13901	80004e4a	03596363	bltu	x18,x21,80004e70	 x18:0x00000000 x21:0xffffffff
      140025000	     13903	80004e70	8ab2	c.mv	x21,x12	  x0:0x00000000 x12:0xffffffff x21=0xffffffff
      140035000	     13904	80004e72	c86e3813	sltiu	x16,x28,-890	 x28:0xfaeb9c09 x16=0x00000001
      140045000	     13905	80004e76	9292	c.add	x5,x4	  x5:0x00000000  x4:0xff108a17  x5=0xff108a17
      140055000	     13906	80004e78	00605233	srl	x4,x0,x6	  x0:0x00000000  x6:0xffffea40  x4=0x00000000
      140065000	     13907	80004e7c	40188833	sub	x16,x17,x1	 x17:0xff002003  x1:0x00000001 x16=0xff002002
      140075000	     13908	80004e80	0001	c.addi	x0,0	  x0:0x00000000  x0=0x00000000
      140085000	     13909	80004e82	3409bcf3	csrrc	x25,mscratch,x19	 x19:0x80021dfc x25=0xa643a000
      140095000	     13910	80004e86	40338fb3	sub	x31,x7,x3	  x7:0xfaeb9c09  x3:0x00000000 x31=0xfaeb9c09
      140105000	     13911	80004e8a	01373e33	sltu	x28,x14,x19	 x14:0x0000001f x19:0x80021dfc x28=0x00000001
      140115000	     13912	80004e8e	806d	c.srli	x8,0x1b	  x8:0xffffffff  x8=0x0000001f
      140155000	     13916	80004e90	02d632b3	mulhu	x5,x12,x13	 x12:0xffffffff x13:0x000000ff  x5=0x000000fe
      140165000	     13917	80004e94	0237d463	bge	x15,x3,80004ebc	 x15:0x80025cfe  x3:0x00000000
      140175000	     13918	80004e98	0680	c.addi4spn	x8,x2,832	  x8=0x00000345
      140185000	     13919	80004e9a	91ce	c.add	x3,x19	  x3:0x00000000 x19:0x80021dfc  x3=0x80021dfc
      140195000	     13920	80004e9c	8bfd	c.andi	x15,31	 x15:0x80025cfe x15=0x0000001e
      140205000	     13921	80004e9e	54978693	addi	x13,x15,1353	 x15:0x0000001e x13=0x00000567
      140215000	     13922	80004ea2	013c0db3	add	x27,x24,x19	 x24:0x00000000 x19:0x80021dfc x27=0x80021dfc
      140225000	     13923	80004ea6	01fbff33	and	x30,x23,x31	 x23:0x00000012 x31:0xfaeb9c09 x30=0x00000000
      140235000	     13924	80004eaa	8ff9	c.and	x15,x14	 x15:0x0000001e x14:0x0000001f x15=0x0000001e
      140245000	     13925	80004eac	017a1133	sll	x2,x20,x23	 x20:0x00009000 x23:0x00000012  x2=0x40000000
      140255000	     13926	80004eb0	9d8a	c.add	x27,x2	 x27:0x80021dfc  x2:0x40000000 x27=0xc0021dfc
      140295000	     13930	80004eb2	0272b7b3	mulhu	x15,x5,x7	  x5:0x000000fe  x7:0xfaeb9c09 x15=0x000000f8
      140305000	     13931	80004eb6	8fd9	c.or	x15,x14	 x15:0x000000f8 x14:0x0000001f x15=0x000000ff
      140315000	     13932	80004eb8	01d10e63	beq	x2,x29,80004ed4	  x2:0x40000000 x29:0x00000001
      140325000	     13933	80004ebc	407ad4b3	sra	x9,x21,x7	 x21:0xffffffff  x7:0xfaeb9c09  x9=0xffffffff
      140335000	     13934	80004ec0	4565	c.li	x10,25	 x10=0x00000019
      140345000	     13935	80004ec2	8a21	c.andi	x12,8	 x12:0xffffffff x12=0x00000008
      140355000	     13936	80004ec4	01d8d533	srl	x10,x17,x29	 x17:0xff002003 x29:0x00000001 x10=0x7f801001
      140365000	     13937	80004ec8	80c5	c.srli	x9,0x11	  x9:0xffffffff  x9=0x00007fff
      140375000	     13938	80004eca	01899533	sll	x10,x19,x24	 x19:0x80021dfc x24:0x00000000 x10=0x80021dfc
      140745000	     13975	80004ece	0357dab3	divu	x21,x15,x21	 x15:0x000000ff x21:0xffffffff x21=0x00000000
      140755000	     13976	80004ed2	8d8d	c.sub	x11,x11	 x11:0x00000408 x11:0x00000408 x11=0x00000000
      141125000	     14013	80004ed4	027b4a33	div	x20,x22,x7	 x22:0x00000000  x7:0xfaeb9c09 x20=0x00000000
      141155000	     14016	80004ed8	02870833	mul	x16,x14,x8	 x14:0x0000001f  x8:0x00000345 x16=0x0000655b
      141165000	     14017	80004edc	34096973	csrrsi	x18,mscratch,18	 x18=0x2641a000
      141175000	     14018	80004ee0	01182a33	slt	x20,x16,x17	 x16:0x0000655b x17:0xff002003 x20=0x00000000
      141205000	     14021	80004ee4	037580b3	mul	x1,x11,x23	 x11:0x00000000 x23:0x00000012  x1=0x00000000
      141575000	     14058	80004ee8	03cfdcb3	divu	x25,x31,x28	 x31:0xfaeb9c09 x28:0x00000001 x25=0xfaeb9c09
      141585000	     14059	80004eec	3409f6f3	csrrci	x13,mscratch,19	 x13=0x2641a012
      141595000	     14060	80004ef0	8f59	c.or	x14,x14	 x14:0x0000001f x14:0x0000001f x14=0x0000001f
      141605000	     14061	80004ef2	01694eb3	xor	x29,x18,x22	 x18:0x2641a000 x22:0x00000000 x29=0x2641a000
      141615000	     14062	80004ef6	01c56bb3	or	x23,x10,x28	 x10:0x80021dfc x28:0x00000001 x23=0x80021dfd
      141625000	     14063	80004efa	cd05	c.beqz	x10,80004f32	 x10:0x80021dfc
      141635000	     14064	80004efc	00afc2b3	xor	x5,x31,x10	 x31:0xfaeb9c09 x10:0x80021dfc  x5=0x7ae981f5
      142005000	     14101	80004f00	0304de33	divu	x28,x9,x16	  x9:0x00007fff x16:0x0000655b x28=0x00000001
      142015000	     14102	80004f04	e115	c.bnez	x10,80004f28	 x10:0x80021dfc
      142395000	     14140	80004f28	02e8c4b3	div	x9,x17,x14	 x17:0xff002003 x14:0x0000001f  x9=0xfff7bef8
      142405000	     14141	80004f2c	384a8793	addi	x15,x21,900	 x21:0x00000000 x15=0x00000384
      142415000	     14142	80004f30	6129	c.addi16sp	x2,192	  x2:0x40000000  x2=0x400000c0
      142425000	     14143	80004f32	0001	c.addi	x0,0	  x0:0x00000000  x0=0x00000000
      142435000	     14144	80004f34	0001	c.addi	x0,0	  x0:0x00000000  x0=0x00000000
      142445000	     14145	80004f36	5bcd2f93	slti	x31,x26,1468	 x26:0x80025ce4 x31=0x00000001
      142455000	     14146	80004f3a	00b844b3	xor	x9,x16,x11	 x16:0x0000655b x11:0x00000000  x9=0x0000655b
      142465000	     14147	80004f3e	8d91	c.sub	x11,x12	 x11:0x00000000 x12:0x00000008 x11=0xfffffff8
      142475000	     14148	80004f40	00806233	or	x4,x0,x8	  x0:0x00000000  x8:0x00000345  x4=0x00000345
      142485000	     14149	80004f44	1f7d	c.addi	x30,-1	 x30:0x00000000 x30=0xffffffff
      142495000	     14150	80004f46	5cfd	c.li	x25,-1	 x25=0xffffffff
      142505000	     14151	80004f48	0ff0000f	fence	iorw,iorw	
      142515000	     14152	80004f4c	3409d4f3	csrrwi	x9,mscratch,19	  x9=0x2641a000
      142525000	     14153	80004f50	0386fa63	bgeu	x13,x24,80004f84	 x13:0x2641a012 x24:0x00000000
      142545000	     14155	80004f84	ca423e93	sltiu	x29,x4,-860	  x4:0x00000345 x29=0x00000001
      142555000	     14156	80004f88	00f94e33	xor	x28,x18,x15	 x18:0x2641a000 x15:0x00000384 x28=0x2641a384
      142565000	     14157	80004f8c	880e	c.mv	x16,x3	  x0:0x00000000  x3:0x80021dfc x16=0x80021dfc
      142575000	     14158	80004f8e	00ea0463	beq	x20,x14,80004f96	 x20:0x00000000 x14:0x0000001f
      142585000	     14159	80004f92	b2ecef17	auipc	x30,0xb2ece	 x30=0x32ed2f92
      142595000	     14160	80004f96	033ccc63	blt	x25,x19,80004fce	 x25:0xffffffff x19:0x80021dfc
      142605000	     14161	80004f9a	c22b2213	slti	x4,x22,-990	 x22:0x00000000  x4=0x00000000
      142615000	     14162	80004f9e	10fd	c.addi	x1,-1	  x1:0x00000000  x1=0xffffffff
      142625000	     14163	80004fa0	007a6533	or	x10,x20,x7	 x20:0x00000000  x7:0xfaeb9c09 x10=0xfaeb9c09
      142635000	     14164	80004fa4	87ba	c.mv	x15,x14	  x0:0x00000000 x14:0x0000001f x15=0x0000001f
      142645000	     14165	80004fa6	340022f3	csrrs	x5,mscratch,x0	  x0:0x00000000  x5=0x00000013
      142655000	     14166	80004faa	a136fe13	andi	x28,x13,-1517	 x13:0x2641a012 x28=0x2641a012
      142665000	     14167	80004fae	e305	c.bnez	x14,80004fce	 x14:0x0000001f
      143055000	     14206	80004fce	03f95ab3	divu	x21,x18,x31	 x18:0x2641a000 x31:0x00000001 x21=0x2641a000
      143425000	     14243	80004fd2	0226df33	divu	x30,x13,x2	 x13:0x2641a012  x2:0x400000c0 x30=0x00000000
      143435000	     14244	80004fd6	34095f73	csrrwi	x30,mscratch,18	 x30=0x00000013
      143445000	     14245	80004fda	8261	c.srli	x12,0x18	 x12:0x00000008 x12=0x00000000
      143455000	     14246	80004fdc	01eaebb3	or	x23,x21,x30	 x21:0x2641a000 x30:0x00000013 x23=0x2641a013
      143465000	     14247	80004fe0	03a56b63	bltu	x10,x26,80005016	 x10:0xfaeb9c09 x26:0x80025ce4
      143475000	     14248	80004fe4	8f71	c.and	x14,x12	 x14:0x0000001f x12:0x00000000 x14=0x00000000
      143485000	     14249	80004fe6	6115	c.addi16sp	x2,288	  x2:0x400000c0  x2=0x400001e0
      143495000	     14250	80004fe8	400b07b3	sub	x15,x22,x0	 x22:0x00000000  x0:0x00000000 x15=0x00000000
      143505000	     14251	80004fec	d607ce37	lui	x28,0xd607c	 x28=0xd607c000
      143515000	     14252	80004ff0	0001	c.addi	x0,0	  x0:0x00000000  x0=0x00000000
      143525000	     14253	80004ff2	65a1	c.lui	x11,0x8	 x11=0x00008000
      143535000	     14254	80004ff4	0001	c.addi	x0,0	  x0:0x00000000  x0=0x00000000
      143545000	     14255	80004ff6	0ff0000f	fence	iorw,iorw	
      143555000	     14256	80004ffa	0000100f	fence.i	
      143585000	     14259	80004ffe	ef1cfe93	andi	x29,x25,-271	 x25:0xffffffff x29=0xfffffef1
      143595000	     14260	80005002	01dcec63	bltu	x25,x29,8000501a	 x25:0xffffffff x29:0xfffffef1
      143635000	     14264	80005006	02141eb3	mulh	x29,x8,x1	  x8:0x00000345  x1:0xffffffff x29=0xffffffff
      143645000	     14265	8000500a	8ea9	c.xor	x13,x10	 x13:0x2641a012 x10:0xfaeb9c09 x13=0xdcaa3c1b
      143685000	     14269	8000500c	0271a933	mulhsu	x18,x3,x7	  x3:0x80021dfc  x7:0xfaeb9c09 x18=0x828c4536
      143695000	     14270	80005010	013617b3	sll	x15,x12,x19	 x12:0x00000000 x19:0x80021dfc x15=0x00000000
      143705000	     14271	80005014	ec09	c.bnez	x8,8000502e	  x8:0x00000345
      143725000	     14273	8000502e	915a	c.add	x2,x22	  x2:0x400001e0 x22:0x00000000  x2=0x400001e0
      143735000	     14274	80005030	8d1d	c.sub	x10,x15	 x10:0xfaeb9c09 x15:0x00000000 x10=0xfaeb9c09
      143745000	     14275	80005032	340068f3	csrrsi	x17,mscratch,0	 x17=0x00000012
      143755000	     14276	80005036	01ee9533	sll	x10,x29,x30	 x29:0xffffffff x30:0x00000013 x10=0xfff80000
      143765000	     14277	8000503a	00de5833	srl	x16,x28,x13	 x28:0xd607c000 x13:0xdcaa3c1b x16=0x0000001a
      143775000	     14278	8000503e	8dea	c.mv	x27,x26	  x0:0x00000000 x26:0x80025ce4 x27=0x80025ce4
      143785000	     14279	80005040	41b3d513	srai	x10,x7,0x1b	  x7:0xfaeb9c09 x10=0xffffffff
      143825000	     14283	80005044	0275b0b3	mulhu	x1,x11,x7	 x11:0x00008000  x7:0xfaeb9c09  x1=0x00007d75
      143835000	     14284	80005048	cc99	c.beqz	x9,80005066	  x9:0x2641a000
      143845000	     14285	8000504a	00a11333	sll	x6,x2,x10	  x2:0x400001e0 x10:0xffffffff  x6=0x00000000
      143855000	     14286	8000504e	c18d	c.beqz	x11,80005070	 x11:0x00008000
      143865000	     14287	80005050	b2684b13	xori	x22,x16,-1242	 x16:0x0000001a x22=0xfffffb3c
      143875000	     14288	80005054	762dcf37	lui	x30,0x762dc	 x30=0x762dc000
      143915000	     14292	80005058	033e9b33	mulh	x22,x29,x19	 x29:0xffffffff x19:0x80021dfc x22=0x00000000
      143925000	     14293	8000505c	6629	c.lui	x12,0xa	 x12=0x0000a000
      143935000	     14294	8000505e	25c66c13	ori	x24,x12,604	 x12:0x0000a000 x24=0x0000a25c
      143945000	     14295	80005062	01945933	srl	x18,x8,x25	  x8:0x00000345 x25:0xffffffff x18=0x00000000
      143955000	     14296	80005066	00a5de93	srli	x29,x11,0xa	 x11:0x00008000 x29=0x00000020
      143995000	     14300	8000506a	02de2733	mulhsu	x14,x28,x13	 x28:0xd607c000 x13:0xdcaa3c1b x14=0xdbd2c04a
      144005000	     14301	8000506e	8dd1	c.or	x11,x12	 x11:0x00008000 x12:0x0000a000 x11=0x0000a000
      144015000	     14302	80005070	02ed6a63	bltu	x26,x14,800050a4	 x26:0x80025ce4 x14:0xdbd2c04a
      144035000	     14304	800050a4	8922	c.mv	x18,x8	  x0:0x00000000  x8:0x00000345 x18=0x00000345
      144045000	     14305	800050a6	340ab5f3	csrrc	x11,mscratch,x21	 x21:0x2641a000 x11=0x00000012
      144055000	     14306	800050aa	01fa8463	beq	x21,x31,800050b2	 x21:0x2641a000 x31:0x00000001
      144065000	     14307	800050ae	037af663	bgeu	x21,x23,800050da	 x21:0x2641a000 x23:0x2641a013
      144075000	     14308	800050b2	00d9c833	xor	x16,x19,x13	 x19:0x80021dfc x13:0xdcaa3c1b x16=0x5ca821e7
      144085000	     14309	800050b6	73f4cb13	xori	x22,x9,1855	  x9:0x2641a000 x22=0x2641a73f
      144105000	     14311	800050ba	02625a33	divu	x20,x4,x6	  x4:0x00000000  x6:0x00000000 x20=0xffffffff
      144115000	     14312	800050be	c77e9537	lui	x10,0xc77e9	 x10=0xc77e9000
      144125000	     14313	800050c2	4b91	c.li	x23,4	 x23=0x00000004
      144135000	     14314	800050c4	01435133	srl	x2,x6,x20	  x6:0x00000000 x20:0xffffffff  x2=0x00000000
      144145000	     14315	800050c8	000f8133	add	x2,x31,x0	 x31:0x00000001  x0:0x00000000  x2=0x00000001
      144185000	     14319	800050cc	0333a1b3	mulhsu	x3,x7,x19	  x7:0xfaeb9c09 x19:0x80021dfc  x3=0xfd75c343
      144195000	     14320	800050d0	557d	c.li	x10,-1	 x10=0xffffffff
      144205000	     14321	800050d2	34051273	csrrw	x4,mscratch,x10	 x10:0xffffffff  x4=0x00000012
      144215000	     14322	800050d6	8c9e3893	sltiu	x17,x28,-1847	 x28:0xd607c000 x17=0x00000001
      144225000	     14323	800050da	c229	c.beqz	x12,8000511c	 x12:0x0000a000
      144235000	     14324	800050dc	34003673	csrrc	x12,mscratch,x0	  x0:0x00000000 x12=0xffffffff
      144245000	     14325	800050e0	00e061b3	or	x3,x0,x14	  x0:0x00000000 x14:0xdbd2c04a  x3=0xdbd2c04a
      144615000	     14362	800050e4	0363dfb3	divu	x31,x7,x22	  x7:0xfaeb9c09 x22:0x2641a73f x31=0x00000006
      144625000	     14363	800050e8	027ed463	bge	x29,x7,80005110	 x29:0x00000020  x7:0xfaeb9c09
      144645000	     14365	80005110	34006af3	csrrsi	x21,mscratch,0	 x21=0xffffffff
      144655000	     14366	80005114	1e08	c.addi4spn	x10,x2,816	 x10=0x00000331
      144665000	     14367	80005116	026b1563	bne	x22,x6,80005140	 x22:0x2641a73f  x6:0x00000000
      144715000	     14372	80005140	03981e33	mulh	x28,x16,x25	 x16:0x5ca821e7 x25:0xffffffff x28=0xffffffff
      144725000	     14373	80005144	01df71b3	and	x3,x30,x29	 x30:0x762dc000 x29:0x00000020  x3=0x00000000
      144735000	     14374	80005148	177d	c.addi	x14,-1	 x14:0xdbd2c04a x14=0xdbd2c049
      144745000	     14375	8000514a	409f5b33	sra	x22,x30,x9	 x30:0x762dc000  x9:0x2641a000 x22=0x762dc000
      144755000	     14376	8000514e	6b69	c.lui	x22,0x1a	 x22=0x0001a000
      144765000	     14377	80005150	abbe0093	addi	x1,x28,-1349	 x28:0xffffffff  x1=0xfffffaba
      144775000	     14378	80005154	04f94463	blt	x18,x15,8000519c	 x18:0x00000345 x15:0x00000000
      144815000	     14382	80005158	03b0acb3	mulhsu	x25,x1,x27	  x1:0xfffffaba x27:0x80025ce4 x25=0xfffffd5c
      144825000	     14383	8000515c	01899c13	slli	x24,x19,0x18	 x19:0x80021dfc x24=0xfc000000
      144835000	     14384	80005160	2deb5417	auipc	x8,0x2deb5	  x8=0xadeba160
      144845000	     14385	80005164	34069573	csrrw	x10,mscratch,x13	 x13:0xdcaa3c1b x10=0xffffffff
      144885000	     14389	80005168	03c0b2b3	mulhu	x5,x1,x28	  x1:0xfffffaba x28:0xffffffff  x5=0xfffffab9
      144895000	     14390	8000516c	02461f63	bne	x12,x4,800051aa	 x12:0xffffffff  x4:0x00000012
      144925000	     14393	800051aa	018ca8b3	slt	x17,x25,x24	 x25:0xfffffd5c x24:0xfc000000 x17=0x00000000
      144935000	     14394	800051ae	08b5	c.addi	x17,13	 x17:0x00000000 x17=0x0000000d
      145305000	     14431	800051b0	03d9ebb3	rem	x23,x19,x29	 x19:0x80021dfc x29:0x00000020 x23=0xfffffffc
      145315000	     14432	800051b4	8cd5	c.or	x9,x13	  x9:0x2641a000 x13:0xdcaa3c1b  x9=0xfeebbc1b
      145325000	     14433	800051b6	0079f333	and	x6,x19,x7	 x19:0x80021dfc  x7:0xfaeb9c09  x6=0x80021c08
      145335000	     14434	800051ba	4079d113	srai	x2,x19,0x7	 x19:0x80021dfc  x2=0xff00043b
      145345000	     14435	800051be	4047dfb3	sra	x31,x15,x4	 x15:0x00000000  x4:0x00000012 x31=0x00000000
      145355000	     14436	800051c2	00db1893	slli	x17,x22,0xd	 x22:0x0001a000 x17=0x34000000
      145365000	     14437	800051c6	340c5273	csrrwi	x4,mscratch,24	  x4=0xdcaa3c1b
      145375000	     14438	800051ca	00b19c63	bne	x3,x11,800051e2	  x3:0x00000000 x11:0x00000012
      145395000	     14440	800051e2	e205	c.bnez	x12,80005202	 x12:0xffffffff
      145425000	     14443	80005202	016544b3	xor	x9,x10,x22	 x10:0xffffffff x22:0x0001a000  x9=0xfffe5fff
      145435000	     14444	80005206	3406d073	csrrwi	x0,mscratch,13	  x0=0x00000000
      145445000	     14445	8000520a	8e29	c.xor	x12,x10	 x12:0xffffffff x10:0xffffffff x12=0x00000000
      145455000	     14446	8000520c	0000100f	fence.i	
      145475000	     14448	80005210	8ccd	c.or	x9,x11	  x9:0xfffe5fff x11:0x00000012  x9=0xfffe5fff
      145485000	     14449	80005212	039f9c63	bne	x31,x25,8000524a	 x31:0x00000000 x25:0xfffffd5c
      145515000	     14452	8000524a	0000100f	fence.i	
      145545000	     14455	8000524e	02645263	bge	x8,x6,80005272	  x8:0xadeba160  x6:0x80021c08
      145565000	     14457	80005272	5ffd	c.li	x31,-1	 x31=0xffffffff
      145575000	     14458	80005274	8e41	c.or	x12,x8	 x12:0x00000000  x8:0xadeba160 x12=0xadeba160
      145585000	     14459	80005276	65f7a593	slti	x11,x15,1631	 x15:0x00000000 x11=0x00000001
      145595000	     14460	8000527a	fc196213	ori	x4,x18,-63	 x18:0x00000345  x4=0xffffffc5
      145605000	     14461	8000527e	83d1	c.srli	x15,0x14	 x15:0x00000000 x15=0x00000000
      145645000	     14465	80005280	02fbb433	mulhu	x8,x23,x15	 x23:0xfffffffc x15:0x00000000  x8=0x00000000
      145655000	     14466	80005284	0001	c.addi	x0,0	  x0:0x00000000  x0=0x00000000
      145665000	     14467	80005286	00b99a33	sll	x20,x19,x11	 x19:0x80021dfc x11:0x00000001 x20=0x00043bf8
      145675000	     14468	8000528a	0037dfb3	srl	x31,x15,x3	 x15:0x00000000  x3:0x00000000 x31=0x00000000
      145685000	     14469	8000528e	340a1173	csrrw	x2,mscratch,x20	 x20:0x00043bf8  x2=0x0000000d
      145695000	     14470	80005292	9c92	c.add	x25,x4	 x25:0xfffffd5c  x4:0xffffffc5 x25=0xfffffd21
      145705000	     14471	80005294	0001	c.addi	x0,0	  x0:0x00000000  x0=0x00000000
      145725000	     14473	80005296	02094f33	div	x30,x18,x0	 x18:0x00000345  x0:0x00000000 x30=0xffffffff
      145735000	     14474	8000529a	17fd	c.addi	x15,-1	 x15:0x00000000 x15=0xffffffff
      145745000	     14475	8000529c	34006873	csrrsi	x16,mscratch,0	 x16=0x00043bf8
      145755000	     14476	800052a0	0001	c.addi	x0,0	  x0:0x00000000  x0=0x00000000
      145765000	     14477	800052a2	8f89	c.sub	x15,x10	 x15:0xffffffff x10:0xffffffff x15=0x00000000
      145805000	     14481	800052a4	03ba3a33	mulhu	x20,x20,x27	 x20:0x00043bf8 x27:0x80025ce4 x20=0x00021e06
      145815000	     14482	800052a8	340076f3	csrrci	x13,mscratch,0	 x13=0x00043bf8
      145825000	     14483	800052ac	3408eef3	csrrsi	x29,mscratch,17	 x29=0x00043bf8
      145835000	     14484	800052b0	cff02f93	slti	x31,x0,-769	  x0:0x00000000 x31=0x00000000
      145845000	     14485	800052b4	031e	c.slli	x6,0x7	  x6:0x80021c08  x6=0x010e0400
      145855000	     14486	800052b6	8770fe17	auipc	x28,0x8770f	 x28=0x077142b6
      145865000	     14487	800052ba	00bb5013	srli	x0,x22,0xb	 x22:0x0001a000  x0=0x00000000
      145875000	     14488	800052be	ea8d	c.bnez	x13,800052f0	 x13:0x00043bf8
      145895000	     14490	800052f0	6e61	c.lui	x28,0x18	 x28=0x00018000
      145905000	     14491	800052f2	03d0c863	blt	x1,x29,80005322	  x1:0xfffffaba x29:0x00043bf8
      145925000	     14493	80005322	8ec5	c.or	x13,x9	 x13:0x00043bf8  x9:0xfffe5fff x13=0xfffe7fff
      145955000	     14496	80005324	024f8db3	mul	x27,x31,x4	 x31:0x00000000  x4:0xffffffc5 x27=0x00000000
      145965000	     14497	80005328	859d	c.srai	x11,0x7	 x11:0x00000001 x11=0x00000000
      145975000	     14498	8000532a	79214093	xori	x1,x2,1938	  x2:0x0000000d  x1=0x0000079f
      145985000	     14499	8000532e	41ce05b3	sub	x11,x28,x28	 x28:0x00018000 x28:0x00018000 x11=0x00000000
      145995000	     14500	80005332	4c91	c.li	x25,4	 x25=0x00000004
      146005000	     14501	80005334	4c1d	c.li	x24,7	 x24=0x00000007
      146015000	     14502	80005336	5b7d	c.li	x22,-1	 x22=0xffffffff
      146025000	     14503	80005338	0001	c.addi	x0,0	  x0:0x00000000  x0=0x00000000
      146395000	     14540	8000533a	03df6333	rem	x6,x30,x29	 x30:0xffffffff x29:0x00043bf8  x6=0xffffffff
      146405000	     14541	8000533e	9ebe	c.add	x29,x15	 x29:0x00043bf8 x15:0x00000000 x29=0x00043bf8
      146415000	     14542	80005340	94aa	c.add	x9,x10	  x9:0xfffe5fff x10:0xffffffff  x9=0xfffe5ffe
      146425000	     14543	80005342	140c	c.addi4spn	x11,x2,544	 x11=0x0000022d
      146435000	     14544	80005344	5b7d	c.li	x22,-1	 x22=0xffffffff
      146805000	     14581	80005346	02935633	divu	x12,x6,x9	  x6:0xffffffff  x9:0xfffe5ffe x12=0x00000001
      146845000	     14585	8000534a	03863b33	mulhu	x22,x12,x24	 x12:0x00000001 x24:0x00000007 x22=0x00000000
      146885000	     14589	8000534e	039dbcb3	mulhu	x25,x27,x25	 x27:0x00000000 x25:0x00000004 x25=0x00000000
      146895000	     14590	80005352	340f9173	csrrw	x2,mscratch,x31	 x31:0x00000000  x2=0x00043bf9
      146905000	     14591	80005356	00db6733	or	x14,x22,x13	 x22:0x00000000 x13:0xfffe7fff x14=0xfffe7fff
      146915000	     14592	8000535a	82e04793	xori	x15,x0,-2002	  x0:0x00000000 x15=0xfffff82e
      146925000	     14593	8000535e	0892	c.slli	x17,0x4	 x17:0x34000000 x17=0x40000000
      146935000	     14594	80005360	340c92f3	csrrw	x5,mscratch,x25	 x25:0x00000000  x5=0x00000000
      146945000	     14595	80005364	3409abf3	csrrs	x23,mscratch,x19	 x19:0x80021dfc x23=0x00000000
      146955000	     14596	80005368	406902b3	sub	x5,x18,x6	 x18:0x00000345  x6:0xffffffff  x5=0x00000346
      146965000	     14597	8000536c	0000100f	fence.i	
      146985000	     14599	80005370	0f10ac13	slti	x24,x1,241	  x1:0x0000079f x24=0x00000000
      146995000	     14600	80005374	89683513	sltiu	x10,x16,-1898	 x16:0x00043bf8 x10=0x00000001
      147005000	     14601	80005378	6125	c.addi16sp	x2,96	  x2:0x00043bf9  x2=0x00043c59
      147015000	     14602	8000537a	8f39	c.xor	x14,x14	 x14:0xfffe7fff x14:0xfffe7fff x14=0x00000000
      147025000	     14603	8000537c	00ab0db3	add	x27,x22,x10	 x22:0x00000000 x10:0x00000001 x27=0x00000001
      147065000	     14607	80005380	02b496b3	mulh	x13,x9,x11	  x9:0xfffe5ffe x11:0x0000022d x13=0xffffffff
      147075000	     14608	80005384	d2a3c793	xori	x15,x7,-726	  x7:0xfaeb9c09 x15=0x05146123
      147085000	     14609	80005388	0001	c.addi	x0,0	  x0:0x00000000  x0=0x00000000
      147095000	     14610	8000538a	52514813	xori	x16,x2,1317	  x2:0x00043c59 x16=0x0004397c
      147105000	     14611	8000538e	059a5463	bge	x20,x25,800053d6	 x20:0x00021e06 x25:0x00000000
      147125000	     14613	800053d6	ec91	c.bnez	x9,800053f2	  x9:0xfffe5ffe
      147165000	     14617	800053f2	0378eab3	rem	x21,x17,x23	 x17:0x40000000 x23:0x00000000 x21=0x40000000
      147205000	     14621	800053f6	029eb533	mulhu	x10,x29,x9	 x29:0x00043bf8  x9:0xfffe5ffe x10=0x00043bf1
      147215000	     14622	800053fa	340e7bf3	csrrci	x23,mscratch,28	 x23=0x80021dfc
      147585000	     14659	800053fe	031745b3	div	x11,x14,x17	 x14:0x00000000 x17:0x40000000 x11=0x00000000
      147615000	     14662	80005402	02668233	mul	x4,x13,x6	 x13:0xffffffff  x6:0xffffffff  x4=0x00000001
      147625000	     14663	80005406	014fd5b3	srl	x11,x31,x20	 x31:0x00000000 x20:0x00021e06 x11=0x00000000
      147635000	     14664	8000540a	05b10263	beq	x2,x27,8000544e	  x2:0x00043c59 x27:0x00000001
      147645000	     14665	8000540e	0695	c.addi	x13,5	 x13:0xffffffff x13=0x00000004
      147655000	     14666	80005410	615d	c.addi16sp	x2,432	  x2:0x00043c59  x2=0x00043e09
      147665000	     14667	80005412	41c884b3	sub	x9,x17,x28	 x17:0x40000000 x28:0x00018000  x9=0x3ffe8000
      147675000	     14668	80005416	d4a5bf13	sltiu	x30,x11,-694	 x11:0x00000000 x30=0x00000001
      147685000	     14669	8000541a	0279	c.addi	x4,30	  x4:0x00000001  x4=0x0000001f
      147695000	     14670	8000541c	01dc6633	or	x12,x24,x29	 x24:0x00000000 x29:0x00043bf8 x12=0x00043bf8
      147705000	     14671	80005420	34071773	csrrw	x14,mscratch,x14	 x14:0x00000000 x14=0x80021de0
      147745000	     14675	80005424	03bd2bb3	mulhsu	x23,x26,x27	 x26:0x80025ce4 x27:0x00000001 x23=0xffffffff
      147755000	     14676	80005428	05dde063	bltu	x27,x29,80005468	 x27:0x00000001 x29:0x00043bf8
      147775000	     14678	80005468	003bd913	srli	x18,x23,0x3	 x23:0xffffffff x18=0x1fffffff
      147785000	     14679	8000546c	340cdff3	csrrwi	x31,mscratch,25	 x31=0x00000000
      147825000	     14683	80005470	03dba633	mulhsu	x12,x23,x29	 x23:0xffffffff x29:0x00043bf8 x12=0xffffffff
      147835000	     14684	80005474	8d91	c.sub	x11,x12	 x11:0x00000000 x12:0xffffffff x11=0x00000001
      147875000	     14688	80005476	03991333	mulh	x6,x18,x25	 x18:0x1fffffff x25:0x00000000  x6=0x00000000
      147885000	     14689	8000547a	6a938f93	addi	x31,x7,1705	  x7:0xfaeb9c09 x31=0xfaeba2b2
      147895000	     14690	8000547e	410c8733	sub	x14,x25,x16	 x25:0x00000000 x16:0x0004397c x14=0xfffbc684
      147905000	     14691	80005482	9742e297	auipc	x5,0x9742e	  x5=0x17433482
      147915000	     14692	80005486	244e0313	addi	x6,x28,580	 x28:0x00018000  x6=0x00018244
      147925000	     14693	8000548a	408e5433	sra	x8,x28,x8	 x28:0x00018000  x8:0x00000000  x8=0x00018000
      147935000	     14694	8000548e	ec09	c.bnez	x8,800054a8	  x8:0x00018000
      147955000	     14696	800054a8	8671	c.srai	x12,0x1c	 x12:0xffffffff x12=0xffffffff
      147965000	     14697	800054aa	942a	c.add	x8,x10	  x8:0x00018000 x10:0x00043bf1  x8=0x0005bbf1
      147975000	     14698	800054ac	86c1	c.srai	x13,0x10	 x13:0x00000004 x13=0x00000000
      147985000	     14699	800054ae	8ea9	c.xor	x13,x10	 x13:0x00000000 x10:0x00043bf1 x13=0x00043bf1
      147995000	     14700	800054b0	988a	c.add	x17,x2	 x17:0x40000000  x2:0x00043e09 x17=0x40043e09
      148005000	     14701	800054b2	01121293	slli	x5,x4,0x11	  x4:0x0000001f  x5=0x003e0000
      148015000	     14702	800054b6	056e9263	bne	x29,x22,800054fa	 x29:0x00043bf8 x22:0x00000000
      148405000	     14741	800054fa	03d548b3	div	x17,x10,x29	 x10:0x00043bf1 x29:0x00043bf8 x17=0x00000000
      148445000	     14745	800054fe	030fadb3	mulhsu	x27,x31,x16	 x31:0xfaeba2b2 x16:0x0004397c x27=0xffffea8a
      148455000	     14746	80005502	019a42b3	xor	x5,x20,x25	 x20:0x00021e06 x25:0x00000000  x5=0x00021e06
      148465000	     14747	80005506	02288e63	beq	x17,x2,80005542	 x17:0x00000000  x2:0x00043e09
      148475000	     14748	8000550a	0001	c.addi	x0,0	  x0:0x00000000  x0=0x00000000
      148505000	     14751	8000550c	02aa08b3	mul	x17,x20,x10	 x20:0x00021e06 x10:0x00043bf1 x17=0xf701a5a6
      148515000	     14752	80005510	8f9e8013	addi	x0,x29,-1799	 x29:0x00043bf8  x0=0x00000000
      148525000	     14753	80005514	0ff0000f	fence	iorw,iorw	
      148535000	     14754	80005518	f632a6b7	lui	x13,0xf632a	 x13=0xf632a000
      148545000	     14755	8000551c	41c151b3	sra	x3,x2,x28	  x2:0x00043e09 x28:0x00018000  x3=0x00043e09
      148555000	     14756	80005520	34035f73	csrrwi	x30,mscratch,6	 x30=0x00000019
      148565000	     14757	80005524	41e70cb3	sub	x25,x14,x30	 x14:0xfffbc684 x30:0x00000019 x25=0xfffbc66b
      148575000	     14758	80005528	04cdcb13	xori	x22,x27,76	 x27:0xffffea8a x22=0xffffeac6
      148585000	     14759	8000552c	873e	c.mv	x14,x15	  x0:0x00000000 x15:0x05146123 x14=0x05146123
      148595000	     14760	8000552e	6125	c.addi16sp	x2,96	  x2:0x00043e09  x2=0x00043e69
      148605000	     14761	80005530	28447593	andi	x11,x8,644	  x8:0x0005bbf1 x11=0x00000280
      148615000	     14762	80005534	02b08763	beq	x1,x11,80005562	  x1:0x0000079f x11:0x00000280
      148985000	     14799	80005538	034c77b3	remu	x15,x24,x20	 x24:0x00000000 x20:0x00021e06 x15=0x00000000
      148995000	     14800	8000553c	5dfd	c.li	x27,-1	 x27=0xffffffff
      149005000	     14801	8000553e	8a3d3813	sltiu	x16,x26,-1885	 x26:0x80025ce4 x16=0x00000001
      149015000	     14802	80005542	4ec1	c.li	x29,16	 x29=0x00000010
      149025000	     14803	80005544	b8964d93	xori	x27,x12,-1143	 x12:0xffffffff x27=0x00000476
      149035000	     14804	80005548	02281363	bne	x16,x2,8000556e	 x16:0x00000001  x2:0x00043e69
      149065000	     14807	8000556e	819aa037	lui	x0,0x819aa	  x0=0x00000000
      149075000	     14808	80005572	8f91	c.sub	x15,x12	 x15:0x00000000 x12:0xffffffff x15=0x00000001
      149085000	     14809	80005574	92ee	c.add	x5,x27	  x5:0x00021e06 x27:0x00000476  x5=0x0002227c
      149095000	     14810	80005576	00c07333	and	x6,x0,x12	  x0:0x00000000 x12:0xffffffff  x6=0x00000000
      149105000	     14811	8000557a	6741	c.lui	x14,0x10	 x14=0x00010000
      149115000	     14812	8000557c	85a32213	slti	x4,x6,-1958	  x6:0x00000000  x4=0x00000000
      149145000	     14815	80005580	03ca8033	mul	x0,x21,x28	 x21:0x40000000 x28:0x00018000  x0=0x00000000
      149155000	     14816	80005584	00d8cc33	xor	x24,x17,x13	 x17:0xf701a5a6 x13:0xf632a000 x24=0x013305a6
      149165000	     14817	80005588	8d91	c.sub	x11,x12	 x11:0x00000280 x12:0xffffffff x11=0x00000281
      149535000	     14854	8000558a	037564b3	rem	x9,x10,x23	 x10:0x00043bf1 x23:0xffffffff  x9=0x00000000
      149545000	     14855	8000558e	8226	c.mv	x4,x9	  x0:0x00000000  x9:0x00000000  x4=0x00000000
      149585000	     14859	80005590	03952833	mulhsu	x16,x10,x25	 x10:0x00043bf1 x25:0xfffbc66b x16=0x00043bdf
      149595000	     14860	80005594	34006973	csrrsi	x18,mscratch,0	 x18=0x00000006
      149605000	     14861	80005598	340dbff3	csrrc	x31,mscratch,x27	 x27:0x00000476 x31=0x00000006
      149615000	     14862	8000559c	01965933	srl	x18,x12,x25	 x12:0xffffffff x25:0xfffbc66b x18=0x001fffff
      149625000	     14863	800055a0	8fc9	c.or	x15,x10	 x15:0x00000001 x10:0x00043bf1 x15=0x00043bf1
      149995000	     14900	800055a2	033dc433	div	x8,x27,x19	 x27:0x00000476 x19:0x80021dfc  x8=0x00000000
      150005000	     14901	800055a6	0ffa	c.slli	x31,0x1e	 x31:0x00000006 x31=0x80000000
      150045000	     14905	800055a8	02d52db3	mulhsu	x27,x10,x13	 x10:0x00043bf1 x13:0xf632a000 x27=0x0004126f
      150055000	     14906	800055ac	0243ca63	blt	x7,x4,800055e0	  x7:0xfaeb9c09  x4:0x00000000
      150105000	     14911	800055e0	03b41fb3	mulh	x31,x8,x27	  x8:0x00000000 x27:0x0004126f x31=0x00000000
      150115000	     14912	800055e4	5cfd	c.li	x25,-1	 x25=0xffffffff
      150125000	     14913	800055e6	0187ea33	or	x20,x15,x24	 x15:0x00043bf1 x24:0x013305a6 x20=0x01373ff7
      150135000	     14914	800055ea	3402d473	csrrwi	x8,mscratch,5	  x8=0x00000000
      150145000	     14915	800055ee	4b7d	c.li	x22,31	 x22=0x0000001f
      150155000	     14916	800055f0	8fdd	c.or	x15,x15	 x15:0x00043bf1 x15:0x00043bf1 x15=0x00043bf1
      150165000	     14917	800055f2	8f5a	c.mv	x30,x22	  x0:0x00000000 x22:0x0000001f x30=0x0000001f
      150195000	     14920	800055f4	032a86b3	mul	x13,x21,x18	 x21:0x40000000 x18:0x001fffff x13=0xc0000000
      150205000	     14921	800055f8	0001	c.addi	x0,0	  x0:0x00000000  x0=0x00000000
      150215000	     14922	800055fa	8a0e	c.mv	x20,x3	  x0:0x00000000  x3:0x00043e09 x20=0x00043e09
      150225000	     14923	800055fc	4112da93	srai	x21,x5,0x11	  x5:0x0002227c x21=0x00000001
      150235000	     14924	80005600	01f437b3	sltu	x15,x8,x31	  x8:0x00000000 x31:0x00000000 x15=0x00000000
      150245000	     14925	80005604	34006f73	csrrsi	x30,mscratch,0	 x30=0x00000005
      150255000	     14926	80005608	34007773	csrrci	x14,mscratch,0	 x14=0x00000005
      150265000	     14927	8000560c	85f1	c.srai	x11,0x1c	 x11:0x00000281 x11=0x00000000
      150275000	     14928	8000560e	2e2f0f13	addi	x30,x30,738	 x30:0x00000005 x30=0x000002e7
      150285000	     14929	80005612	ec05	c.bnez	x8,8000564a	  x8:0x00000000
      150295000	     14930	80005614	717d	c.addi16sp	x2,-16	  x2:0x00043e69  x2=0x00043e59
      150305000	     14931	80005616	011d0eb3	add	x29,x26,x17	 x26:0x80025ce4 x17:0xf701a5a6 x29=0x7704028a
      150315000	     14932	8000561a	091c	c.addi4spn	x15,x2,144	 x15=0x00043ee9
      150325000	     14933	8000561c	0001	c.addi	x0,0	  x0:0x00000000  x0=0x00000000
      150695000	     14970	8000561e	023acf33	div	x30,x21,x3	 x21:0x00000001  x3:0x00043e09 x30=0x00000000
      150705000	     14971	80005622	ed19	c.bnez	x10,80005640	 x10:0x00043bf1
      150725000	     14973	80005640	8cf5	c.and	x9,x13	  x9:0x00000000 x13:0xc0000000  x9=0x00000000
      150735000	     14974	80005642	0090e1b3	or	x3,x1,x9	  x1:0x0000079f  x9:0x00000000  x3=0x0000079f
      150775000	     14978	80005646	020ebdb3	mulhu	x27,x29,x0	 x29:0x7704028a  x0:0x00000000 x27=0x00000000
      150785000	     14979	8000564a	34002b73	csrrs	x22,mscratch,x0	  x0:0x00000000 x22=0x00000005
      150795000	     14980	8000564e	015b8eb3	add	x29,x23,x21	 x23:0xffffffff x21:0x00000001 x29=0x00000000
      150805000	     14981	80005652	01323533	sltu	x10,x4,x19	  x4:0x00000000 x19:0x80021dfc x10=0x00000001
      150815000	     14982	80005656	340a1af3	csrrw	x21,mscratch,x20	 x20:0x00043e09 x21=0x00000005
      150825000	     14983	8000565a	037a1163	bne	x20,x23,8000567c	 x20:0x00043e09 x23:0xffffffff
      150845000	     14985	8000567c	8d35	c.xor	x10,x13	 x10:0x00000001 x13:0xc0000000 x10=0xc0000001
      150865000	     14987	8000567e	02bd5733	divu	x14,x26,x11	 x26:0x80025ce4 x11:0x00000000 x14=0xffffffff
      150875000	     14988	80005682	878d	c.srai	x15,0x3	 x15:0x00043ee9 x15=0x000087dd
      150885000	     14989	80005684	e705	c.bnez	x14,800056ac	 x14:0xffffffff
      150905000	     14991	800056ac	01f99513	slli	x10,x19,0x1f	 x19:0x80021dfc x10=0x00000000
      150945000	     14995	800056b0	0201b433	mulhu	x8,x3,x0	  x3:0x0000079f  x0:0x00000000  x8=0x00000000
      150955000	     14996	800056b4	0ff0000f	fence	iorw,iorw	
      150965000	     14997	800056b8	3405bf73	csrrc	x30,mscratch,x11	 x11:0x00000000 x30=0x00043e09
      150975000	     14998	800056bc	01125ab3	srl	x21,x4,x17	  x4:0x00000000 x17:0xf701a5a6 x21=0x00000000
      150985000	     14999	800056c0	012dd7b3	srl	x15,x27,x18	 x27:0x00000000 x18:0x001fffff x15=0x00000000
      150995000	     15000	800056c4	177d	c.addi	x14,-1	 x14:0xffffffff x14=0xfffffffe
      151005000	     15001	800056c6	34033ef3	csrrc	x29,mscratch,x6	  x6:0x00000000 x29=0x00043e09
      151015000	     15002	800056ca	717d	c.addi16sp	x2,-16	  x2:0x00043e59  x2=0x00043e49
      151025000	     15003	800056cc	014ec263	blt	x29,x20,800056d0	 x29:0x00043e09 x20:0x00043e09
      151065000	     15007	800056d0	0228b033	mulhu	x0,x17,x2	 x17:0xf701a5a6  x2:0x00043e49  x0=0x00000000
      151075000	     15008	800056d4	00ce14b3	sll	x9,x28,x12	 x28:0x00018000 x12:0xffffffff  x9=0x00000000
      151085000	     15009	800056d8	038d5d63	bge	x26,x24,80005712	 x26:0x80025ce4 x24:0x013305a6
      151095000	     15010	800056dc	404edf13	srai	x30,x29,0x4	 x29:0x00043e09 x30=0x000043e0
      151105000	     15011	800056e0	8cf5	c.and	x9,x13	  x9:0x00000000 x13:0xc0000000  x9=0x00000000
      151115000	     15012	800056e2	c305	c.beqz	x14,80005702	 x14:0xfffffffe
      151125000	     15013	800056e4	40d65cb3	sra	x25,x12,x13	 x12:0xffffffff x13:0xc0000000 x25=0xffffffff
      151135000	     15014	800056e8	040ce163	bltu	x25,x0,8000572a	 x25:0xffffffff  x0:0x00000000
      151145000	     15015	800056ec	0031cb33	xor	x22,x3,x3	  x3:0x0000079f  x3:0x0000079f x22=0x00000000
      151155000	     15016	800056f0	01909f63	bne	x1,x25,8000570e	  x1:0x0000079f x25:0xffffffff
      151215000	     15022	8000570e	03799833	mulh	x16,x19,x23	 x19:0x80021dfc x23:0xffffffff x16=0x00000000
      151225000	     15023	80005712	d1786713	ori	x14,x16,-745	 x16:0x00000000 x14=0xfffffd17
      151235000	     15024	80005716	8689	c.srai	x13,0x2	 x13:0xc0000000 x13=0xf0000000
      151275000	     15028	80005718	02b5a233	mulhsu	x4,x11,x11	 x11:0x00000000 x11:0x00000000  x4=0x00000000
      151285000	     15029	8000571c	8edd	c.or	x13,x15	 x13:0xf0000000 x15:0x00000000 x13=0xf0000000
      151295000	     15030	8000571e	0001	c.addi	x0,0	  x0:0x00000000  x0=0x00000000
      151335000	     15034	80005720	031bb833	mulhu	x16,x23,x17	 x23:0xffffffff x17:0xf701a5a6 x16=0xf701a5a5
      151345000	     15035	80005724	340f56f3	csrrwi	x13,mscratch,30	 x13=0x00043e09
      151355000	     15036	80005728	8ee9	c.and	x13,x10	 x13:0x00043e09 x10:0x00000000 x13=0x00000000
      151395000	     15040	8000572a	023facb3	mulhsu	x25,x31,x3	 x31:0x00000000  x3:0x0000079f x25=0x00000000
      151405000	     15041	8000572e	0000100f	fence.i	
      151435000	     15044	80005732	01a235b3	sltu	x11,x4,x26	  x4:0x00000000 x26:0x80025ce4 x11=0x00000001
      151805000	     15081	80005736	030b52b3	divu	x5,x22,x16	 x22:0x00000000 x16:0xf701a5a5  x5=0x00000000
      151815000	     15082	8000573a	01c21f93	slli	x31,x4,0x1c	  x4:0x00000000 x31=0x00000000
      151825000	     15083	8000573e	81c1b413	sltiu	x8,x3,-2020	  x3:0x0000079f  x8=0x00000001
      151835000	     15084	80005742	340172f3	csrrci	x5,mscratch,2	  x5=0x0000001e
      151845000	     15085	80005746	035b6563	bltu	x22,x21,80005770	 x22:0x00000000 x21:0x00000000
      151855000	     15086	8000574a	5d716913	ori	x18,x2,1495	  x2:0x00043e49 x18=0x00043fdf
      151895000	     15090	8000574e	031914b3	mulh	x9,x18,x17	 x18:0x00043fdf x17:0xf701a5a6  x9=0xffffd9c8
      151905000	     15091	80005752	8c91	c.sub	x9,x12	  x9:0xffffd9c8 x12:0xffffffff  x9=0xffffd9c9
      152275000	     15128	80005754	0281d933	divu	x18,x3,x8	  x3:0x0000079f  x8:0x00000001 x18=0x0000079f
      152285000	     15129	80005758	67d9	c.lui	x15,0x16	 x15=0x00016000
      152295000	     15130	8000575a	00215a93	srli	x21,x2,0x2	  x2:0x00043e49 x21=0x00010f92
      152305000	     15131	8000575e	002e1013	slli	x0,x28,0x2	 x28:0x00018000  x0=0x00000000
      152315000	     15132	80005762	8ee5	c.and	x13,x9	 x13:0x00000000  x9:0xffffd9c9 x13=0x00000000
      152325000	     15133	80005764	0000100f	fence.i	
      152345000	     15135	80005768	01e65213	srli	x4,x12,0x1e	 x12:0xffffffff  x4=0x00000003
      152355000	     15136	8000576c	73de6793	ori	x15,x28,1853	 x28:0x00018000 x15=0x0001873d
      152365000	     15137	80005770	00e3ef63	bltu	x7,x14,8000578e	  x7:0xfaeb9c09 x14:0xfffffd17
      152425000	     15143	8000578e	03531033	mulh	x0,x6,x21	  x6:0x00000000 x21:0x00010f92  x0=0x00000000
      152435000	     15144	80005792	197d	c.addi	x18,-1	 x18:0x0000079f x18=0x0000079e
      152445000	     15145	80005794	0144c133	xor	x2,x9,x20	  x9:0xffffd9c9 x20:0x00043e09  x2=0xfffbe7c0
      152455000	     15146	80005798	0357f163	bgeu	x15,x21,800057ba	 x15:0x0001873d x21:0x00010f92
      152485000	     15149	800057ba	43b6db97	auipc	x23,0x43b6d	 x23=0xc3b727ba
      152495000	     15150	800057be	034f6b63	bltu	x30,x20,800057f4	 x30:0x000043e0 x20:0x00043e09
      152515000	     15152	800057f4	00d09eb3	sll	x29,x1,x13	  x1:0x0000079f x13:0x00000000 x29=0x0000079f
      152525000	     15153	800057f8	e185	c.bnez	x11,80005818	 x11:0x00000001
      152545000	     15155	80005818	34002073	csrrs	x0,mscratch,x0	  x0:0x00000000  x0=0x00000000
      152555000	     15156	8000581c	01cb9e63	bne	x23,x28,80005838	 x23:0xc3b727ba x28:0x00018000
      152605000	     15161	80005838	03b81933	mulh	x18,x16,x27	 x16:0xf701a5a5 x27:0x00000000 x18=0x00000000
      152615000	     15162	8000583c	8e15	c.sub	x12,x13	 x12:0xffffffff x13:0x00000000 x12=0xffffffff
      152625000	     15163	8000583e	004780b3	add	x1,x15,x4	 x15:0x0001873d  x4:0x00000003  x1=0x00018740
      152635000	     15164	80005842	8c35	c.xor	x8,x13	  x8:0x00000001 x13:0x00000000  x8=0x00000001
      152645000	     15165	80005844	6131	c.addi16sp	x2,320	  x2:0xfffbe7c0  x2=0xfffbe900
      152655000	     15166	80005846	6105	c.addi16sp	x2,32	  x2:0xfffbe900  x2=0xfffbe920
      152665000	     15167	80005848	8ea9	c.xor	x13,x10	 x13:0x00000000 x10:0x00000000 x13=0x00000000
      152675000	     15168	8000584a	34011673	csrrw	x12,mscratch,x2	  x2:0xfffbe920 x12=0x0000001c
      152715000	     15172	8000584e	0296a7b3	mulhsu	x15,x13,x9	 x13:0x00000000  x9:0xffffd9c9 x15=0x00000000
      152725000	     15173	80005852	01835493	srli	x9,x6,0x18	  x6:0x00000000  x9=0x00000000
      152735000	     15174	80005856	6db1	c.lui	x27,0xc	 x27=0x0000c000
      152745000	     15175	80005858	84ce	c.mv	x9,x19	  x0:0x00000000 x19:0x80021dfc  x9=0x80021dfc
      152755000	     15176	8000585a	88e5	c.andi	x9,25	  x9:0x80021dfc  x9=0x00000018
      153125000	     15213	8000585c	03c2fcb3	remu	x25,x5,x28	  x5:0x0000001e x28:0x00018000 x25=0x0000001e
      153135000	     15214	80005860	9afd	c.andi	x13,-1	 x13:0x00000000 x13=0x00000000
      153145000	     15215	80005862	019f5833	srl	x16,x30,x25	 x30:0x000043e0 x25:0x0000001e x16=0x00000000
      153155000	     15216	80005866	00537cb3	and	x25,x6,x5	  x6:0x00000000  x5:0x0000001e x25=0x00000000
      153165000	     15217	8000586a	c5643893	sltiu	x17,x8,-938	  x8:0x00000001 x17=0x00000001
      153175000	     15218	8000586e	004c9133	sll	x2,x25,x4	 x25:0x00000000  x4:0x00000003  x2=0x00000000
      153185000	     15219	80005872	076a	c.slli	x14,0x1a	 x14:0xfffffd17 x14=0x5c000000
      153195000	     15220	80005874	340cd7f3	csrrwi	x15,mscratch,25	 x15=0xfffbe920
      153205000	     15221	80005878	00834db3	xor	x27,x6,x8	  x6:0x00000000  x8:0x00000001 x27=0x00000001
      153215000	     15222	8000587c	013d7263	bgeu	x26,x19,80005880	 x26:0x80025ce4 x19:0x80021dfc
      153235000	     15224	80005880	4f494413	xori	x8,x18,1268	 x18:0x00000000  x8=0x000004f4
      153245000	     15225	80005884	656b2893	slti	x17,x22,1622	 x22:0x00000000 x17=0x00000001
      153255000	     15226	80005888	8d3d	c.xor	x10,x15	 x10:0x00000000 x15:0xfffbe920 x10=0xfffbe920
      153265000	     15227	8000588a	717d	c.addi16sp	x2,-16	  x2:0x00000000  x2=0xfffffff0
      153275000	     15228	8000588c	02767163	bgeu	x12,x7,800058ae	 x12:0x0000001c  x7:0xfaeb9c09
      153285000	     15229	80005890	41f1d093	srai	x1,x3,0x1f	  x3:0x0000079f  x1=0x00000000
      153295000	     15230	80005894	8e35	c.xor	x12,x13	 x12:0x0000001c x13:0x00000000 x12=0x0000001c
      153305000	     15231	80005896	2d54ee93	ori	x29,x9,725	  x9:0x00000018 x29=0x000002dd
      153315000	     15232	8000589a	1308	c.addi4spn	x10,x2,416	 x10=0x00000190
      153325000	     15233	8000589c	020d7363	bgeu	x26,x0,800058c2	 x26:0x80025ce4  x0:0x00000000
      153345000	     15235	800058c2	0001	c.addi	x0,0	  x0:0x00000000  x0=0x00000000
      153375000	     15238	800058c4	03790eb3	mul	x29,x18,x23	 x18:0x00000000 x23:0xc3b727ba x29=0x00000000
      153385000	     15239	800058c8	8c65	c.and	x8,x9	  x8:0x000004f4  x9:0x00000018  x8=0x00000010
      153395000	     15240	800058ca	402b8033	sub	x0,x23,x2	 x23:0xc3b727ba  x2:0xfffffff0  x0=0x00000000
      153405000	     15241	800058ce	00af1263	bne	x30,x10,800058d2	 x30:0x000043e0 x10:0x00000190
      153425000	     15243	800058d2	4571	c.li	x10,28	 x10=0x0000001c
      153435000	     15244	800058d4	9ff6	c.add	x31,x29	 x31:0x00000000 x29:0x00000000 x31=0x00000000
      153445000	     15245	800058d6	0001	c.addi	x0,0	  x0:0x00000000  x0=0x00000000
      153455000	     15246	800058d8	340adf73	csrrwi	x30,mscratch,21	 x30=0x00000019
      153465000	     15247	800058dc	34091cf3	csrrw	x25,mscratch,x18	 x18:0x00000000 x25=0x00000015
      153475000	     15248	800058e0	c005	c.beqz	x8,80005900	  x8:0x00000010
      153485000	     15249	800058e2	04888263	beq	x17,x8,80005926	 x17:0x00000001  x8:0x00000010
      153495000	     15250	800058e6	340ed0f3	csrrwi	x1,mscratch,29	  x1=0x00000000
      153505000	     15251	800058ea	8ef72913	slti	x18,x14,-1809	 x14:0x5c000000 x18=0x00000000
      153515000	     15252	800058ee	7a99c013	xori	x0,x19,1961	 x19:0x80021dfc  x0=0x00000000
      153525000	     15253	800058f2	c019	c.beqz	x8,800058f8	  x8:0x00000010
      153535000	     15254	800058f4	dad90293	addi	x5,x18,-595	 x18:0x00000000  x5=0xfffffdad
      153545000	     15255	800058f8	8c61	c.and	x8,x8	  x8:0x00000010  x8:0x00000010  x8=0x00000010
      153555000	     15256	800058fa	cd15	c.beqz	x10,80005936	 x10:0x0000001c
      153565000	     15257	800058fc	00934233	xor	x4,x6,x9	  x6:0x00000000  x9:0x00000018  x4=0x00000018
      153575000	     15258	80005900	02e6e963	bltu	x13,x14,80005932	 x13:0x00000000 x14:0x5c000000
      153605000	     15261	80005932	03d78963	beq	x15,x29,80005964	 x15:0xfffbe920 x29:0x00000000
      153645000	     15265	80005936	0226aab3	mulhsu	x21,x13,x2	 x13:0x00000000  x2:0xfffffff0 x21=0x00000000
      153655000	     15266	8000593a	40e95b33	sra	x22,x18,x14	 x18:0x00000000 x14:0x5c000000 x22=0x00000000
      153665000	     15267	8000593e	34006573	csrrsi	x10,mscratch,0	 x10=0x0000001d
      153675000	     15268	80005942	012b18b3	sll	x17,x22,x18	 x22:0x00000000 x18:0x00000000 x17=0x00000000
      153685000	     15269	80005946	ee8d	c.bnez	x13,80005980	 x13:0x00000000
      153695000	     15270	80005948	07be	c.slli	x15,0xf	 x15:0xfffbe920 x15=0xf4900000
      154065000	     15307	8000594a	03a84fb3	div	x31,x16,x26	 x16:0x00000000 x26:0x80025ce4 x31=0x00000000
      154075000	     15308	8000594e	340cbb73	csrrc	x22,mscratch,x25	 x25:0x00000015 x22=0x0000001d
      154085000	     15309	80005952	0001	c.addi	x0,0	  x0:0x00000000  x0=0x00000000
      154125000	     15313	80005954	031e9bb3	mulh	x23,x29,x17	 x29:0x00000000 x17:0x00000000 x23=0x00000000
      154495000	     15350	80005958	025a6433	rem	x8,x20,x5	 x20:0x00043e09  x5:0xfffffdad  x8=0x000000a0
      154505000	     15351	8000595c	8d1d	c.sub	x10,x15	 x10:0x0000001d x15:0xf4900000 x10=0x0b70001d
      154515000	     15352	8000595e	01fde1b3	or	x3,x27,x31	 x27:0x00000001 x31:0x00000000  x3=0x00000001
      154525000	     15353	80005962	053a	c.slli	x10,0xe	 x10:0x0b70001d x10=0x00074000
      154535000	     15354	80005964	0001	c.addi	x0,0	  x0:0x00000000  x0=0x00000000
      154545000	     15355	80005966	05ca8e93	addi	x29,x21,92	 x21:0x00000000 x29=0x0000005c
      154555000	     15356	8000596a	02f48f63	beq	x9,x15,800059a8	  x9:0x00000018 x15:0xf4900000
      154565000	     15357	8000596e	340c1573	csrrw	x10,mscratch,x24	 x24:0x013305a6 x10=0x00000008
      154575000	     15358	80005972	ae3ca913	slti	x18,x25,-1309	 x25:0x00000015 x18=0x00000000
      154585000	     15359	80005976	987d	c.andi	x8,-1	  x8:0x000000a0  x8=0x000000a0
      154595000	     15360	80005978	34002573	csrrs	x10,mscratch,x0	  x0:0x00000000 x10=0x013305a6
      154605000	     15361	8000597c	63f80f93	addi	x31,x16,1599	 x16:0x00000000 x31=0x0000063f
      154615000	     15362	80005980	34075b73	csrrwi	x22,mscratch,14	 x22=0x013305a6
      154625000	     15363	80005984	8afffb93	andi	x23,x31,-1873	 x31:0x0000063f x23=0x0000002f
      154665000	     15367	80005988	022fbe33	mulhu	x28,x31,x2	 x31:0x0000063f  x2:0xfffffff0 x28=0x0000063e
      154675000	     15368	8000598c	01e67fb3	and	x31,x12,x30	 x12:0x0000001c x30:0x00000019 x31=0x00000018
      154685000	     15369	80005990	0ff0000f	fence	iorw,iorw	
      154725000	     15373	80005994	024918b3	mulh	x17,x18,x4	 x18:0x00000000  x4:0x00000018 x17=0x00000000
      154735000	     15374	80005998	ef147c13	andi	x24,x8,-271	  x8:0x000000a0 x24=0x000000a0
      154745000	     15375	8000599c	03330463	beq	x6,x19,800059c4	  x6:0x00000000 x19:0x80021dfc
      154755000	     15376	800059a0	8105	c.srli	x10,0x1	 x10:0x013305a6 x10=0x009982d3
      154765000	     15377	800059a2	304d7913	andi	x18,x26,772	 x26:0x80025ce4 x18=0x00000004
      154775000	     15378	800059a6	717d	c.addi16sp	x2,-16	  x2:0xfffffff0  x2=0xffffffe0
      154815000	     15382	800059a8	028e2e33	mulhsu	x28,x28,x8	 x28:0x0000063e  x8:0x000000a0 x28=0x00000000
      154825000	     15383	800059ac	6135	c.addi16sp	x2,352	  x2:0xffffffe0  x2=0x00000140
      154835000	     15384	800059ae	00f390b3	sll	x1,x7,x15	  x7:0xfaeb9c09 x15:0xf4900000  x1=0xfaeb9c09
      154845000	     15385	800059b2	340831f3	csrrc	x3,mscratch,x16	 x16:0x00000000  x3=0x0000000e
      154855000	     15386	800059b6	9b7d	c.andi	x14,-1	 x14:0x5c000000 x14=0x5c000000
      154865000	     15387	800059b8	8fed	c.and	x15,x11	 x15:0xf4900000 x11:0x00000001 x15=0x00000000
      154875000	     15388	800059ba	01fb5a13	srli	x20,x22,0x1f	 x22:0x013305a6 x20=0x00000000
      154885000	     15389	800059be	00e2fa33	and	x20,x5,x14	  x5:0xfffffdad x14:0x5c000000 x20=0x5c000000
      154895000	     15390	800059c2	8541	c.srai	x10,0x10	 x10:0x009982d3 x10=0x00000099
      154905000	     15391	800059c4	0001	c.addi	x0,0	  x0:0x00000000  x0=0x00000000
      154915000	     15392	800059c6	00b0ec33	or	x24,x1,x11	  x1:0xfaeb9c09 x11:0x00000001 x24=0xfaeb9c09
      154925000	     15393	800059ca	6344fc93	andi	x25,x9,1588	  x9:0x00000018 x25=0x00000010
      154935000	     15394	800059ce	00386bb3	or	x23,x16,x3	 x16:0x00000000  x3:0x0000000e x23=0x0000000e
      154955000	     15396	800059d2	026bf533	remu	x10,x23,x6	 x23:0x0000000e  x6:0x00000000 x10=0x0000000e
      154965000	     15397	800059d6	02ed	c.addi	x5,27	  x5:0xfffffdad  x5=0xfffffdc8
      154975000	     15398	800059d8	ee91	c.bnez	x13,800059f4	 x13:0x00000000
      154985000	     15399	800059da	03896e63	bltu	x18,x24,80005a16	 x18:0x00000004 x24:0xfaeb9c09
      155015000	     15402	80005a16	058dc363	blt	x27,x24,80005a5c	 x27:0x00000001 x24:0xfaeb9c09
      155025000	     15403	80005a1a	0104d193	srli	x3,x9,0x10	  x9:0x00000018  x3=0x00000000
      155065000	     15407	80005a1e	03df9c33	mulh	x24,x31,x29	 x31:0x00000018 x29:0x0000005c x24=0x00000000
      155075000	     15408	80005a22	d1d7cf13	xori	x30,x15,-739	 x15:0x00000000 x30=0xfffffd1d
      155085000	     15409	80005a26	01309733	sll	x14,x1,x19	  x1:0xfaeb9c09 x19:0x80021dfc x14=0x90000000
      155095000	     15410	80005a2a	02875c63	bge	x14,x8,80005a62	 x14:0x90000000  x8:0x000000a0
      155105000	     15411	80005a2e	34049e73	csrrw	x28,mscratch,x9	  x9:0x00000018 x28=0x0000000e
      155115000	     15412	80005a32	8639	c.srai	x12,0xe	 x12:0x0000001c x12=0x00000000
      155125000	     15413	80005a34	01f392b3	sll	x5,x7,x31	  x7:0xfaeb9c09 x31:0x00000018  x5=0x09000000
      155135000	     15414	80005a38	67fd	c.lui	x15,0x1f	 x15=0x0001f000
      155145000	     15415	80005a3a	535d8793	addi	x15,x27,1333	 x27:0x00000001 x15=0x00000536
      155155000	     15416	80005a3e	8cd1	c.or	x9,x12	  x9:0x00000018 x12:0x00000000  x9=0x00000018
      155165000	     15417	80005a40	1e94	c.addi4spn	x13,x2,880	 x13=0x000004b0
      155175000	     15418	80005a42	03f4d663	bge	x9,x31,80005a6e	  x9:0x00000018 x31:0x00000018
      155205000	     15421	80005a6e	9d348313	addi	x6,x9,-1581	  x9:0x00000018  x6=0xfffff9eb
      155225000	     15423	80005a72	030fc2b3	div	x5,x31,x16	 x31:0x00000018 x16:0x00000000  x5=0xffffffff
      155235000	     15424	80005a76	41e45bb3	sra	x23,x8,x30	  x8:0x000000a0 x30:0xfffffd1d x23=0x00000000
      155245000	     15425	80005a7a	1d0c	c.addi4spn	x11,x2,688	 x11=0x000003f0
      155255000	     15426	80005a7c	039b9b63	bne	x23,x25,80005ab2	 x23:0x00000000 x25:0x00000010
      155285000	     15429	80005ab2	00d10f33	add	x30,x2,x13	  x2:0x00000140 x13:0x000004b0 x30=0x000005f0
      155295000	     15430	80005ab6	00ce9ab3	sll	x21,x29,x12	 x29:0x0000005c x12:0x00000000 x21=0x0000005c
      155305000	     15431	80005aba	01601813	slli	x16,x0,0x16	  x0:0x00000000 x16=0x00000000
      155315000	     15432	80005abe	6c35	c.lui	x24,0xd	 x24=0x0000d000
      155325000	     15433	80005ac0	8591	c.srai	x11,0x4	 x11:0x000003f0 x11=0x0000003f
      155335000	     15434	80005ac2	8d81	c.sub	x11,x8	 x11:0x0000003f  x8:0x000000a0 x11=0xffffff9f
      155345000	     15435	80005ac4	408f5b13	srai	x22,x30,0x8	 x30:0x000005f0 x22=0x00000005
      155355000	     15436	80005ac8	3e046013	ori	x0,x8,992	  x8:0x000000a0  x0=0x00000000
      155365000	     15437	80005acc	091a	c.slli	x18,0x6	 x18:0x00000004 x18=0x00000100
      155405000	     15441	80005ace	02af1133	mulh	x2,x30,x10	 x30:0x000005f0 x10:0x0000000e  x2=0x00000000
      155415000	     15442	80005ad2	415f8cb3	sub	x25,x31,x21	 x31:0x00000018 x21:0x0000005c x25=0xffffffbc
      155425000	     15443	80005ad6	41b9dbb3	sra	x23,x19,x27	 x19:0x80021dfc x27:0x00000001 x23=0xc0010efe
      155435000	     15444	80005ada	00a55013	srli	x0,x10,0xa	 x10:0x0000000e  x0=0x00000000
      155445000	     15445	80005ade	002871b3	and	x3,x16,x2	 x16:0x00000000  x2:0x00000000  x3=0x00000000
      155455000	     15446	80005ae2	8876	c.mv	x16,x29	  x0:0x00000000 x29:0x0000005c x16=0x0000005c
      155495000	     15450	80005ae4	03c728b3	mulhsu	x17,x14,x28	 x14:0x90000000 x28:0x0000000e x17=0xfffffff9
      155535000	     15454	80005ae8	03b31f33	mulh	x30,x6,x27	  x6:0xfffff9eb x27:0x00000001 x30=0xffffffff
      155545000	     15455	80005aec	005756b3	srl	x13,x14,x5	 x14:0x90000000  x5:0xffffffff x13=0x00000001
      155555000	     15456	80005af0	80c5	c.srli	x9,0x11	  x9:0x00000018  x9=0x00000000
      155565000	     15457	80005af2	01f7de33	srl	x28,x15,x31	 x15:0x00000536 x31:0x00000018 x28=0x00000000
      155575000	     15458	80005af6	02046063	bltu	x8,x0,80005b16	  x8:0x000000a0  x0:0x00000000
      155585000	     15459	80005afa	018d	c.addi	x3,3	  x3:0x00000000  x3=0x00000003
      155595000	     15460	80005afc	c1de2713	slti	x14,x28,-995	 x28:0x00000000 x14=0x00000000
      155605000	     15461	80005b00	0001	c.addi	x0,0	  x0:0x00000000  x0=0x00000000
      155615000	     15462	80005b02	8965	c.andi	x10,25	 x10:0x0000000e x10=0x00000008
      155985000	     15499	80005b04	034fd033	divu	x0,x31,x20	 x31:0x00000018 x20:0x5c000000  x0=0x00000000
      155995000	     15500	80005b08	c19d	c.beqz	x11,80005b2e	 x11:0xffffff9f
      156005000	     15501	80005b0a	8311	c.srli	x14,0x4	 x14:0x00000000 x14=0x00000000
      156015000	     15502	80005b0c	63546113	ori	x2,x8,1589	  x8:0x000000a0  x2=0x000006b5
      156025000	     15503	80005b10	340e90f3	csrrw	x1,mscratch,x29	 x29:0x0000005c  x1=0x00000018
      156035000	     15504	80005b14	8cf9	c.and	x9,x14	  x9:0x00000000 x14:0x00000000  x9=0x00000000
      156045000	     15505	80005b16	24959937	lui	x18,0x24959	 x18=0x24959000
      156055000	     15506	80005b1a	ac346e93	ori	x29,x8,-1341	  x8:0x000000a0 x29=0xfffffae3
      156065000	     15507	80005b1e	4000d233	sra	x4,x1,x0	  x1:0x00000018  x0:0x00000000  x4=0x00000018
      156075000	     15508	80005b22	34006373	csrrsi	x6,mscratch,0	  x6=0x0000005c
      156445000	     15545	80005b26	039ac133	div	x2,x21,x25	 x21:0x0000005c x25:0xffffffbc  x2=0xffffffff
      156455000	     15546	80005b2a	02438b63	beq	x7,x4,80005b60	  x7:0xfaeb9c09  x4:0x00000018
      156465000	     15547	80005b2e	02274e63	blt	x14,x2,80005b6a	 x14:0x00000000  x2:0xffffffff
      156475000	     15548	80005b32	84d5	c.srai	x9,0x15	  x9:0x00000000  x9=0x00000000
      156485000	     15549	80005b34	03bcf363	bgeu	x25,x27,80005b5a	 x25:0xffffffbc x27:0x00000001
      156505000	     15551	80005b5a	ee05	c.bnez	x12,80005b92	 x12:0x00000000
      156515000	     15552	80005b5c	01841c63	bne	x8,x24,80005b74	  x8:0x000000a0 x24:0x0000d000
      156565000	     15557	80005b74	02722833	mulhsu	x16,x4,x7	  x4:0x00000018  x7:0xfaeb9c09 x16=0x00000017
      156575000	     15558	80005b78	94fa	c.add	x9,x30	  x9:0x00000000 x30:0xffffffff  x9=0xffffffff
      156585000	     15559	80005b7a	008c1213	slli	x4,x24,0x8	 x24:0x0000d000  x4=0x00d00000
      156595000	     15560	80005b7e	0174d4b3	srl	x9,x9,x23	  x9:0xffffffff x23:0xc0010efe  x9=0x00000003
      156605000	     15561	80005b82	01c67333	and	x6,x12,x28	 x12:0x00000000 x28:0x00000000  x6=0x00000000
      156615000	     15562	80005b86	1400c493	xori	x9,x1,320	  x1:0x00000018  x9=0x00000158
      156625000	     15563	80005b8a	0ff0000f	fence	iorw,iorw	
      156995000	     15600	80005b8e	0336ccb3	div	x25,x13,x19	 x13:0x00000001 x19:0x80021dfc x25=0x00000000
      157005000	     15601	80005b92	34003573	csrrc	x10,mscratch,x0	  x0:0x00000000 x10=0x0000005c
      157015000	     15602	80005b96	0095	c.addi	x1,5	  x1:0x00000018  x1=0x0000001d
      157025000	     15603	80005b98	00c3ac33	slt	x24,x7,x12	  x7:0xfaeb9c09 x12:0x00000000 x24=0x00000001
      157035000	     15604	80005b9c	0ff0000f	fence	iorw,iorw	
      157045000	     15605	80005ba0	401254b3	sra	x9,x4,x1	  x4:0x00d00000  x1:0x0000001d  x9=0x00000000
      157055000	     15606	80005ba4	02444c63	blt	x8,x4,80005bdc	  x8:0x000000a0  x4:0x00d00000
      157435000	     15644	80005bdc	036572b3	remu	x5,x10,x22	 x10:0x0000005c x22:0x00000005  x5=0x00000002
      157445000	     15645	80005be0	00121c13	slli	x24,x4,0x1	  x4:0x00d00000 x24=0x01a00000
      157455000	     15646	80005be4	00feba33	sltu	x20,x29,x15	 x29:0xfffffae3 x15:0x00000536 x20=0x00000000
      157465000	     15647	80005be8	e395	c.bnez	x15,80005c0c	 x15:0x00000536
      157485000	     15649	80005c0c	0076e1b3	or	x3,x13,x7	 x13:0x00000001  x7:0xfaeb9c09  x3=0xfaeb9c09
      157495000	     15650	80005c10	403a5bb3	sra	x23,x20,x3	 x20:0x00000000  x3:0xfaeb9c09 x23=0x00000000
      157505000	     15651	80005c14	61d5	c.lui	x3,0x15	  x3=0x00015000
      157515000	     15652	80005c16	e0b37313	andi	x6,x6,-501	  x6:0x00000000  x6=0x00000000
      157525000	     15653	80005c1a	34011ff3	csrrw	x31,mscratch,x2	  x2:0xffffffff x31=0x0000005c
      157535000	     15654	80005c1e	40495c13	srai	x24,x18,0x4	 x18:0x24959000 x24=0x02495900
      157545000	     15655	80005c22	34003573	csrrc	x10,mscratch,x0	  x0:0x00000000 x10=0xffffffff
      157555000	     15656	80005c26	00da5263	bge	x20,x13,80005c2a	 x20:0x00000000 x13:0x00000001
      157565000	     15657	80005c2a	34091cf3	csrrw	x25,mscratch,x18	 x18:0x24959000 x25=0xffffffff
      157575000	     15658	80005c2e	997d	c.andi	x10,-1	 x10:0xffffffff x10=0xffffffff
      157585000	     15659	80005c30	e4ff8893	addi	x17,x31,-433	 x31:0x0000005c x17=0xfffffeab
      157595000	     15660	80005c34	2de5af37	lui	x30,0x2de5a	 x30=0x2de5a000
      157605000	     15661	80005c38	00509713	slli	x14,x1,0x5	  x1:0x0000001d x14=0x000003a0
      157615000	     15662	80005c3c	012edb13	srli	x22,x29,0x12	 x29:0xfffffae3 x22=0x00003fff
      157625000	     15663	80005c40	12c9f113	andi	x2,x19,300	 x19:0x80021dfc  x2=0x0000012c
      157635000	     15664	80005c44	0165fb33	and	x22,x11,x22	 x11:0xffffff9f x22:0x00003fff x22=0x00003f9f
      157645000	     15665	80005c48	8a19	c.andi	x12,6	 x12:0x00000000 x12=0x00000000
      157655000	     15666	80005c4a	8a71	c.andi	x12,28	 x12:0x00000000 x12=0x00000000
      157665000	     15667	80005c4c	91e6	c.add	x3,x25	  x3:0x00015000 x25:0xffffffff  x3=0x00014fff
      158035000	     15704	80005c4e	0239ccb3	div	x25,x19,x3	 x19:0x80021dfc  x3:0x00014fff x25=0xffff9e7c
      158045000	     15705	80005c52	997d	c.andi	x10,-1	 x10:0xffffffff x10=0xffffffff
      158055000	     15706	80005c54	023e9f63	bne	x29,x3,80005c92	 x29:0xfffffae3  x3:0x00014fff
      158085000	     15709	80005c92	3406f273	csrrci	x4,mscratch,13	  x4=0x24959000
      158095000	     15710	80005c96	34042ff3	csrrs	x31,mscratch,x8	  x8:0x000000a0 x31=0x24959000
      158105000	     15711	80005c9a	8c35	c.xor	x8,x13	  x8:0x000000a0 x13:0x00000001  x8=0x000000a1
      158115000	     15712	80005c9c	40b98733	sub	x14,x19,x11	 x19:0x80021dfc x11:0xffffff9f x14=0x80021e5d
      158125000	     15713	80005ca0	00d0d293	srli	x5,x1,0xd	  x1:0x0000001d  x5=0x00000000
      158135000	     15714	80005ca4	00785e63	bge	x16,x7,80005cc0	 x16:0x00000017  x7:0xfaeb9c09
      158155000	     15716	80005cc0	03915163	bge	x2,x25,80005ce2	  x2:0x0000012c x25:0xffff9e7c
      158545000	     15755	80005ce2	021071b3	remu	x3,x0,x1	  x0:0x00000000  x1:0x0000001d  x3=0x00000000
      158585000	     15759	80005ce6	02bb9bb3	mulh	x23,x23,x11	 x23:0x00000000 x11:0xffffff9f x23=0x00000000
      158595000	     15760	80005cea	ed1d	c.bnez	x10,80005d28	 x10:0xffffffff
      158615000	     15762	80005d28	997d	c.andi	x10,-1	 x10:0xffffffff x10=0xffffffff
      158625000	     15763	80005d2a	1afd	c.addi	x21,-1	 x21:0x0000005c x21=0x0000005b
      158635000	     15764	80005d2c	f494f613	andi	x12,x9,-183	  x9:0x00000000 x12=0x00000000
      158645000	     15765	80005d30	34002073	csrrs	x0,mscratch,x0	  x0:0x00000000  x0=0x00000000
      158655000	     15766	80005d34	70492913	slti	x18,x18,1796	 x18:0x24959000 x18=0x00000000
      158665000	     15767	80005d38	019ccb33	xor	x22,x25,x25	 x25:0xffff9e7c x25:0xffff9e7c x22=0x00000000
      158675000	     15768	80005d3c	4b39	c.li	x22,14	 x22=0x0000000e
      158685000	     15769	80005d3e	8ce9	c.and	x9,x10	  x9:0x00000000 x10:0xffffffff  x9=0x00000000
      158695000	     15770	80005d40	ff443093	sltiu	x1,x8,-12	  x8:0x000000a1  x1=0x00000001
      158705000	     15771	80005d44	bf1fff93	andi	x31,x31,-1039	 x31:0x24959000 x31=0x24959000
      158715000	     15772	80005d48	34006b73	csrrsi	x22,mscratch,0	 x22=0x249590a0
      158725000	     15773	80005d4c	03494d63	blt	x18,x20,80005d86	 x18:0x00000000 x20:0x00000000
      158735000	     15774	80005d50	000cfdb3	and	x27,x25,x0	 x25:0xffff9e7c  x0:0x00000000 x27=0x00000000
      158745000	     15775	80005d54	03245763	bge	x8,x18,80005d82	  x8:0x000000a1 x18:0x00000000
      158775000	     15778	80005d82	e8c4f513	andi	x10,x9,-372	  x9:0x00000000 x10=0x00000000
      158785000	     15779	80005d86	810d	c.srli	x10,0x3	 x10:0x00000000 x10=0x00000000
      158795000	     15780	80005d88	e18a4713	xori	x14,x20,-488	 x20:0x00000000 x14=0xfffffe18
      158805000	     15781	80005d8c	05a02f93	slti	x31,x0,90	  x0:0x00000000 x31=0x00000001
      158815000	     15782	80005d90	03bf7a63	bgeu	x30,x27,80005dc4	 x30:0x2de5a000 x27:0x00000000
      158835000	     15784	80005dc4	1010	c.addi4spn	x12,x2,32	 x12=0x0000014c
      158855000	     15786	80005dc6	02a9cf33	div	x30,x19,x10	 x19:0x80021dfc x10:0x00000000 x30=0xffffffff
      158865000	     15787	80005dca	4088dfb3	sra	x31,x17,x8	 x17:0xfffffeab  x8:0x000000a1 x31=0xffffff55
      158875000	     15788	80005dce	03e51063	bne	x10,x30,80005dee	 x10:0x00000000 x30:0xffffffff
      158905000	     15791	80005dee	00d60833	add	x16,x12,x13	 x12:0x0000014c x13:0x00000001 x16=0x0000014d
      158915000	     15792	80005df2	ceabd437	lui	x8,0xceabd	  x8=0xceabd000
      158925000	     15793	80005df6	8acd	c.andi	x13,19	 x13:0x00000001 x13=0x00000001
      158935000	     15794	80005df8	c305	c.beqz	x14,80005e18	 x14:0xfffffe18
      158975000	     15798	80005dfa	038236b3	mulhu	x13,x4,x24	  x4:0x24959000 x24:0x02495900 x13=0x0053a67e
      158985000	     15799	80005dfe	8165	c.srli	x10,0x19	 x10:0x00000000 x10=0x00000000
      158995000	     15800	80005e00	038a0b13	addi	x22,x20,56	 x20:0x00000000 x22=0x00000038
      159005000	     15801	80005e04	39ea7913	andi	x18,x20,926	 x20:0x00000000 x18=0x00000000
      159015000	     15802	80005e08	02294263	blt	x18,x2,80005e2c	 x18:0x00000000  x2:0x0000012c
      159045000	     15805	80005e2c	026f7133	remu	x2,x30,x6	 x30:0xffffffff  x6:0x00000000  x2=0xffffffff
      159055000	     15806	80005e30	8c45	c.or	x8,x9	  x8:0xceabd000  x9:0x00000000  x8=0xceabd000
      159065000	     15807	80005e32	d2bc2a93	slti	x21,x24,-725	 x24:0x02495900 x21=0x00000000
      159075000	     15808	80005e36	025b1f63	bne	x22,x5,80005e74	 x22:0x00000038  x5:0x00000000
      159095000	     15810	80005e74	03d60063	beq	x12,x29,80005e94	 x12:0x0000014c x29:0xfffffae3
      159105000	     15811	80005e78	8179	c.srli	x10,0x1e	 x10:0x00000000 x10=0x00000000
      159115000	     15812	80005e7a	41da51b3	sra	x3,x20,x29	 x20:0x00000000 x29:0xfffffae3  x3=0x00000000
      159125000	     15813	80005e7e	eb05	c.bnez	x14,80005eae	 x14:0xfffffe18
      159155000	     15816	80005eae	053e6163	bltu	x28,x19,80005ef0	 x28:0x00000000 x19:0x80021dfc
      159195000	     15820	80005ef0	020008b3	mul	x17,x0,x0	  x0:0x00000000  x0:0x00000000 x17=0x00000000
      159205000	     15821	80005ef4	25174313	xori	x6,x14,593	 x14:0xfffffe18  x6=0xfffffc49
      159215000	     15822	80005ef8	01a41433	sll	x8,x8,x26	  x8:0xceabd000 x26:0x80025ce4  x8=0xeabd0000
      159225000	     15823	80005efc	0235d163	bge	x11,x3,80005f1e	 x11:0xffffff9f  x3:0x00000000
      159235000	     15824	80005f00	8dbd	c.xor	x11,x15	 x11:0xffffff9f x15:0x00000536 x11=0xfffffaa9
      159245000	     15825	80005f02	7c613c93	sltiu	x25,x2,1990	  x2:0xffffffff x25=0x00000000
      159255000	     15826	80005f06	8ec9	c.or	x13,x10	 x13:0x0053a67e x10:0x00000000 x13=0x0053a67e
      159265000	     15827	80005f08	9122fc93	andi	x25,x5,-1774	  x5:0x00000000 x25=0x00000000
      159275000	     15828	80005f0c	e53df713	andi	x14,x27,-429	 x27:0x00000000 x14=0x00000000
      159285000	     15829	80005f10	72106593	ori	x11,x0,1825	  x0:0x00000000 x11=0x00000721
      159295000	     15830	80005f14	0301cf63	blt	x3,x16,80005f52	  x3:0x00000000 x16:0x0000014d
      159685000	     15869	80005f52	036b67b3	rem	x15,x22,x22	 x22:0x00000038 x22:0x00000038 x15=0x00000000
      159695000	     15870	80005f56	04249063	bne	x9,x2,80005f96	  x9:0x00000000  x2:0xffffffff
      159725000	     15873	80005f96	007c97b3	sll	x15,x25,x7	 x25:0x00000000  x7:0xfaeb9c09 x15=0x00000000
      159755000	     15876	80005f9a	02b50233	mul	x4,x10,x11	 x10:0x00000000 x11:0x00000721  x4=0x00000000
      159765000	     15877	80005f9e	0090	c.addi4spn	x12,x2,64	 x12=0x0000003f
      159795000	     15880	80005fa0	03f288b3	mul	x17,x5,x31	  x5:0x00000000 x31:0xffffff55 x17=0x00000000
      159805000	     15881	80005fa4	00c72bb3	slt	x23,x14,x12	 x14:0x00000000 x12:0x0000003f x23=0x00000001
      159815000	     15882	80005fa8	0084dd93	srli	x27,x9,0x8	  x9:0x00000000 x27=0x00000000
      159825000	     15883	80005fac	0ff0000f	fence	iorw,iorw	
      159835000	     15884	80005fb0	cf89	c.beqz	x15,80005fca	 x15:0x00000000
      159865000	     15887	80005fca	01711093	slli	x1,x2,0x17	  x2:0xffffffff  x1=0xff800000
      159875000	     15888	80005fce	24f36b93	ori	x23,x6,591	  x6:0xfffffc49 x23=0xfffffe4f
      159885000	     15889	80005fd2	8c75	c.and	x8,x13	  x8:0xeabd0000 x13:0x0053a67e  x8=0x00110000
      159895000	     15890	80005fd4	02c01363	bne	x0,x12,80005ffa	  x0:0x00000000 x12:0x0000003f
      159925000	     15893	80005ffa	6386d7b7	lui	x15,0x6386d	 x15=0x6386d000
      159935000	     15894	80005ffe	4dcbcc17	auipc	x24,0x4dcbc	 x24=0xcdcc1ffe
      159975000	     15898	80006002	03202333	mulhsu	x6,x0,x18	  x0:0x00000000 x18:0x00000000  x6=0x00000000
      159985000	     15899	80006006	6f7d	c.lui	x30,0x1f	 x30=0x0001f000
      159995000	     15900	80006008	34057a73	csrrci	x20,mscratch,10	 x20=0x249590a0
      160005000	     15901	8000600c	18d3fa13	andi	x20,x7,397	  x7:0xfaeb9c09 x20=0x00000009
      160035000	     15904	80006010	024586b3	mul	x13,x11,x4	 x11:0x00000721  x4:0x00000000 x13=0x00000000
      160045000	     15905	80006014	019e2933	slt	x18,x28,x25	 x28:0x00000000 x25:0x00000000 x18=0x00000000
      160055000	     15906	80006018	00d75633	srl	x12,x14,x13	 x14:0x00000000 x13:0x00000000 x12=0x00000000
      160065000	     15907	8000601c	97c83193	sltiu	x3,x16,-1668	 x16:0x0000014d  x3=0x00000001
      160075000	     15908	80006020	8ce9	c.and	x9,x10	  x9:0x00000000 x10:0x00000000  x9=0x00000000
      160085000	     15909	80006022	3401d8f3	csrrwi	x17,mscratch,3	 x17=0x249590a0
      160095000	     15910	80006026	00e76363	bltu	x14,x14,8000602c	 x14:0x00000000 x14:0x00000000
      160105000	     15911	8000602a	537d	c.li	x6,-1	  x6=0xffffffff
      160115000	     15912	8000602c	34003773	csrrc	x14,mscratch,x0	  x0:0x00000000 x14=0x00000003
      160125000	     15913	80006030	4106dc33	sra	x24,x13,x16	 x13:0x00000000 x16:0x0000014d x24=0x00000000
      160135000	     15914	80006034	0ff0000f	fence	iorw,iorw	
      160145000	     15915	80006038	01736cb3	or	x25,x6,x23	  x6:0xffffffff x23:0xfffffe4f x25=0xffffffff
      160155000	     15916	8000603c	8a69	c.andi	x12,26	 x12:0x00000000 x12=0x00000000
      160185000	     15919	8000603e	02e38a33	mul	x20,x7,x14	  x7:0xfaeb9c09 x14:0x00000003 x20=0xf0c2d41b
      160195000	     15920	80006042	9306	c.add	x6,x1	  x6:0xffffffff  x1:0xff800000  x6=0xff7fffff
      160225000	     15923	80006044	036105b3	mul	x11,x2,x22	  x2:0xffffffff x22:0x00000038 x11=0xffffffc8
      160235000	     15924	80006048	137d	c.addi	x6,-1	  x6:0xff7fffff  x6=0xff7ffffe
      160245000	     15925	8000604a	484e28b7	lui	x17,0x484e2	 x17=0x484e2000
      160255000	     15926	8000604e	e479b293	sltiu	x5,x19,-441	 x19:0x80021dfc  x5=0x00000001
      160265000	     15927	80006052	84c9	c.srai	x9,0x12	  x9:0x00000000  x9=0x00000000
      160275000	     15928	80006054	002e0733	add	x14,x28,x2	 x28:0x00000000  x2:0xffffffff x14=0xffffffff
      160295000	     15930	80006058	03247cb3	remu	x25,x8,x18	  x8:0x00110000 x18:0x00000000 x25=0x00110000
      160305000	     15931	8000605c	0ff0000f	fence	iorw,iorw	
      160315000	     15932	80006060	d2213e13	sltiu	x28,x2,-734	  x2:0xffffffff x28=0x00000000
      160325000	     15933	80006064	80d1	c.srli	x9,0x14	  x9:0x00000000  x9=0x00000000
      160365000	     15937	80006066	03d5b1b3	mulhu	x3,x11,x29	 x11:0xffffffc8 x29:0xfffffae3  x3=0xfffffaab
      160375000	     15938	8000606a	63857437	lui	x8,0x63857	  x8=0x63857000
      160385000	     15939	8000606e	403a5013	srai	x0,x20,0x3	 x20:0xf0c2d41b  x0=0x00000000
      160405000	     15941	80006072	03c84033	div	x0,x16,x28	 x16:0x0000014d x28:0x00000000  x0=0x00000000
      160415000	     15942	80006076	862d0a13	addi	x20,x26,-1950	 x26:0x80025ce4 x20=0x80025546
      160425000	     15943	8000607a	00639bb3	sll	x23,x7,x6	  x7:0xfaeb9c09  x6:0xff7ffffe x23=0x40000000
      160465000	     15947	8000607e	02c0a833	mulhsu	x16,x1,x12	  x1:0xff800000 x12:0x00000000 x16=0x00000000
      160475000	     15948	80006082	8dcd	c.or	x11,x11	 x11:0xffffffc8 x11:0xffffffc8 x11=0xffffffc8
      160495000	     15950	80006084	024fc833	div	x16,x31,x4	 x31:0xffffff55  x4:0x00000000 x16=0xffffffff
      160505000	     15951	80006088	01b66633	or	x12,x12,x27	 x12:0x00000000 x27:0x00000000 x12=0x00000000
      160515000	     15952	8000608c	00973e33	sltu	x28,x14,x9	 x14:0xffffffff  x9:0x00000000 x28=0x00000000
      160545000	     15955	80006090	03ab84b3	mul	x9,x23,x26	 x23:0x40000000 x26:0x80025ce4  x9=0x00000000
      160555000	     15956	80006094	00e401b3	add	x3,x8,x14	  x8:0x63857000 x14:0xffffffff  x3=0x63856fff
      160565000	     15957	80006098	c6597113	andi	x2,x18,-923	 x18:0x00000000  x2=0x00000000
      160575000	     15958	8000609c	0109c2b3	xor	x5,x19,x16	 x19:0x80021dfc x16:0xffffffff  x5=0x7ffde203
      160585000	     15959	800060a0	8fc1	c.or	x15,x8	 x15:0x6386d000  x8:0x63857000 x15=0x6387f000
      160595000	     15960	800060a2	03119663	bne	x3,x17,800060ce	  x3:0x63856fff x17:0x484e2000
      160625000	     15963	800060ce	3402ddf3	csrrwi	x27,mscratch,5	 x27=0x00000003
      160635000	     15964	800060d2	9ba6	c.add	x23,x9	 x23:0x40000000  x9:0x00000000 x23=0x40000000
      160645000	     15965	800060d4	717d	c.addi16sp	x2,-16	  x2:0x00000000  x2=0xfffffff0
      160655000	     15966	800060d6	0ed1a793	slti	x15,x3,237	  x3:0x63856fff x15=0x00000000
      160685000	     15969	800060da	02f484b3	mul	x9,x9,x15	  x9:0x00000000 x15:0x00000000  x9=0x00000000
      160695000	     15970	800060de	008076b3	and	x13,x0,x8	  x0:0x00000000  x8:0x63857000 x13=0x00000000
      160705000	     15971	800060e2	40c4d333	sra	x6,x9,x12	  x9:0x00000000 x12:0x00000000  x6=0x00000000
      160715000	     15972	800060e6	0056d7b3	srl	x15,x13,x5	 x13:0x00000000  x5:0x7ffde203 x15=0x00000000
      161085000	     16009	800060ea	03f7d833	divu	x16,x15,x31	 x15:0x00000000 x31:0xffffff55 x16=0x00000000
      161095000	     16010	800060ee	02cbdc63	bge	x23,x12,80006126	 x23:0x40000000 x12:0x00000000
      161125000	     16013	80006126	3401f973	csrrci	x18,mscratch,3	 x18=0x00000005
      161135000	     16014	8000612a	01ab9813	slli	x16,x23,0x1a	 x23:0x40000000 x16=0x00000000
      161145000	     16015	8000612e	00aa5733	srl	x14,x20,x10	 x20:0x80025546 x10:0x00000000 x14=0x80025546
      161155000	     16016	80006132	8e89	c.sub	x13,x10	 x13:0x00000000 x10:0x00000000 x13=0x00000000
      161165000	     16017	80006134	02101163	bne	x0,x1,80006156	  x0:0x00000000  x1:0xff800000
      161185000	     16019	80006156	0219	c.addi	x4,6	  x4:0x00000000  x4=0x00000006
      161195000	     16020	80006158	0001	c.addi	x0,0	  x0:0x00000000  x0=0x00000000
      161205000	     16021	8000615a	074e	c.slli	x14,0x13	 x14:0x80025546 x14=0xaa300000
      161245000	     16025	8000615c	0311a7b3	mulhsu	x15,x3,x17	  x3:0x63856fff x17:0x484e2000 x15=0x1c1be698
      161255000	     16026	80006160	379e6a93	ori	x21,x28,889	 x28:0x00000000 x21=0x00000379
      161265000	     16027	80006164	c1f7ee97	auipc	x29,0xc1f7e	 x29=0x41f84164
      161275000	     16028	80006168	4dbc2a13	slti	x20,x24,1243	 x24:0x00000000 x20=0x00000001
      161285000	     16029	8000616c	88f5	c.andi	x9,29	  x9:0x00000000  x9=0x00000000
      161295000	     16030	8000616e	008d55b3	srl	x11,x26,x8	 x26:0x80025ce4  x8:0x63857000 x11=0x80025ce4
      161305000	     16031	80006172	01551333	sll	x6,x10,x21	 x10:0x00000000 x21:0x00000379  x6=0x00000000
      161315000	     16032	80006176	ea11	c.bnez	x12,8000618a	 x12:0x00000000
      161325000	     16033	80006178	00325963	bge	x4,x3,8000618a	  x4:0x00000006  x3:0x63856fff
      161335000	     16034	8000617c	8de5	c.and	x11,x9	 x11:0x80025ce4  x9:0x00000000 x11=0x00000000
      161345000	     16035	8000617e	0000100f	fence.i	
      161375000	     16038	80006182	403ad2b3	sra	x5,x21,x3	 x21:0x00000379  x3:0x63856fff  x5=0x00000000
      161745000	     16075	80006186	03955eb3	divu	x29,x10,x25	 x10:0x00000000 x25:0x00110000 x29=0x00000000
      161755000	     16076	8000618a	340098f3	csrrw	x17,mscratch,x1	  x1:0xff800000 x17=0x00000004
      161765000	     16077	8000618e	c72fc813	xori	x16,x31,-910	 x31:0xffffff55 x16=0x00000327
      161775000	     16078	80006192	011222b3	slt	x5,x4,x17	  x4:0x00000006 x17:0x00000004  x5=0x00000000
      161785000	     16079	80006196	0ff0000f	fence	iorw,iorw	
      161795000	     16080	8000619a	0049ac83	lw	x25,4(x19)	 x19:0x80021dfc x25=0x80006382 PA:0x80021e00 load:0x80006382
      162165000	     16117	8000619e	03b5e7b3	rem	x15,x11,x27	 x11:0x00000000 x27:0x00000003 x15=0x00000000
      162175000	     16118	800061a2	01b7df13	srli	x30,x15,0x1b	 x15:0x00000000 x30=0x00000000
      162185000	     16119	800061a6	3406d2f3	csrrwi	x5,mscratch,13	  x5=0xff800000
      162195000	     16120	800061aa	9afd	c.andi	x13,-1	 x13:0x00000000 x13=0x00000000
      162205000	     16121	800061ac	8d71	c.and	x10,x12	 x10:0x00000000 x12:0x00000000 x10=0x00000000
      162215000	     16122	800061ae	09b1	c.addi	x19,12	 x19:0x80021dfc x19=0x80021e08
      162225000	     16123	800061b0	0094b4b3	sltu	x9,x9,x9	  x9:0x00000000  x9:0x00000000  x9=0x00000000
      162235000	     16124	800061b4	001c8113	addi	x2,x25,1	 x25:0x80006382  x2=0x80006383
      162245000	     16125	800061b8	8102	c.jr	x2	  x2:0x80006383
      162275000	     16128	80006382	40fe8133	sub	x2,x29,x15	 x29:0x00000000 x15:0x00000000  x2=0x00000000
      162295000	     16130	80006386	020b5c33	divu	x24,x22,x0	 x22:0x00000038  x0:0x00000000 x24=0xffffffff
      162305000	     16131	8000638a	8041	c.srli	x8,0x10	  x8:0x63857000  x8=0x00006385
      162315000	     16132	8000638c	34006073	csrrsi	x0,mscratch,0	  x0=0x00000000
      162325000	     16133	80006390	00f571b3	and	x3,x10,x15	 x10:0x00000000 x15:0x00000000  x3=0x00000000
      162695000	     16170	80006394	032bca33	div	x20,x23,x18	 x23:0x40000000 x18:0x00000005 x20=0x0ccccccc
      162725000	     16173	80006398	031d82b3	mul	x5,x27,x17	 x27:0x00000003 x17:0x00000004  x5=0x0000000c
      162735000	     16174	8000639c	41405f13	srai	x30,x0,0x14	  x0:0x00000000 x30=0x00000000
      162745000	     16175	800063a0	01d45713	srli	x14,x8,0x1d	  x8:0x00006385 x14=0x00000000
      162755000	     16176	800063a4	1c576893	ori	x17,x14,453	 x14:0x00000000 x17=0x000001c5
      162765000	     16177	800063a8	0f95	c.addi	x31,5	 x31:0xffffff55 x31=0xffffff5a
      162775000	     16178	800063aa	225fbe17	auipc	x28,0x225fb	 x28=0xa26013aa
      162785000	     16179	800063ae	8c21	c.xor	x8,x8	  x8:0x00006385  x8:0x00006385  x8=0x00000000
      162795000	     16180	800063b0	01d64bb3	xor	x23,x12,x29	 x12:0x00000000 x29:0x00000000 x23=0x00000000
      162805000	     16181	800063b4	34006173	csrrsi	x2,mscratch,0	  x2=0x0000000d
      162815000	     16182	800063b8	0ff0000f	fence	iorw,iorw	
      162825000	     16183	800063bc	cf15	c.beqz	x14,800063f8	 x14:0x00000000
      162845000	     16185	800063f8	80dbbf93	sltiu	x31,x23,-2035	 x23:0x00000000 x31=0x00000001
      163215000	     16222	800063fc	03376233	rem	x4,x14,x19	 x14:0x00000000 x19:0x80021e08  x4=0x00000000
      163225000	     16223	80006400	0ff0000f	fence	iorw,iorw	
      163235000	     16224	80006404	038c0f63	beq	x24,x24,80006442	 x24:0xffffffff x24:0xffffffff
      163275000	     16228	80006442	0282cfb3	div	x31,x5,x8	  x5:0x0000000c  x8:0x00000000 x31=0xffffffff
      163285000	     16229	80006446	00df5f63	bge	x30,x13,80006464	 x30:0x00000000 x13:0x00000000
      163305000	     16231	80006464	e6336093	ori	x1,x6,-413	  x6:0x00000000  x1=0xfffffe63
      163315000	     16232	80006468	0000100f	fence.i	
      163335000	     16234	8000646c	8fc1	c.or	x15,x8	 x15:0x00000000  x8:0x00000000 x15=0x00000000
      163345000	     16235	8000646e	6c11	c.lui	x24,0x4	 x24=0x00004000
      163355000	     16236	80006470	00ce6763	bltu	x28,x12,8000647e	 x28:0xa26013aa x12:0x00000000
      163365000	     16237	80006474	98fd	c.andi	x9,-1	  x9:0x00000000  x9=0x00000000
      163395000	     16240	80006476	03148b33	mul	x22,x9,x17	  x9:0x00000000 x17:0x000001c5 x22=0x00000000
      163405000	     16241	8000647a	167d	c.addi	x12,-1	 x12:0x00000000 x12=0xffffffff
      163415000	     16242	8000647c	0001	c.addi	x0,0	  x0:0x00000000  x0=0x00000000
      163425000	     16243	8000647e	0001	c.addi	x0,0	  x0:0x00000000  x0=0x00000000
      163435000	     16244	80006480	340f54f3	csrrwi	x9,mscratch,30	  x9=0x0000000d
      163475000	     16248	80006484	03999333	mulh	x6,x19,x25	 x19:0x80021e08 x25:0x80006382  x6=0x3ffebf3b
      163485000	     16249	80006488	021de063	bltu	x27,x1,800064a8	 x27:0x00000003  x1:0xfffffe63
      163505000	     16251	800064a8	8ccd	c.or	x9,x11	  x9:0x0000000d x11:0x00000000  x9=0x0000000d
      163545000	     16255	800064aa	03d1a033	mulhsu	x0,x3,x29	  x3:0x00000000 x29:0x00000000  x0=0x00000000
      163915000	     16292	800064ae	03937fb3	remu	x31,x6,x25	  x6:0x3ffebf3b x25:0x80006382 x31=0x3ffebf3b
      163945000	     16295	800064b2	03d60133	mul	x2,x12,x29	 x12:0xffffffff x29:0x00000000  x2=0x00000000
      163955000	     16296	800064b6	8f0d	c.sub	x14,x11	 x14:0x00000000 x11:0x00000000 x14=0x00000000
      163965000	     16297	800064b8	6675	c.lui	x12,0x1d	 x12=0x0001d000
      163975000	     16298	800064ba	b2782193	slti	x3,x16,-1241	 x16:0x00000327  x3=0x00000000
      163985000	     16299	800064be	0029dd93	srli	x27,x19,0x2	 x19:0x80021e08 x27=0x20008782
      164025000	     16303	800064c2	02a51933	mulh	x18,x10,x10	 x10:0x00000000 x10:0x00000000 x18=0x00000000
      164035000	     16304	800064c6	03c9c963	blt	x19,x28,800064f8	 x19:0x80021e08 x28:0xa26013aa
      164055000	     16306	800064f8	00da2bb3	slt	x23,x20,x13	 x20:0x0ccccccc x13:0x00000000 x23=0x00000000
      164065000	     16307	800064fc	340f9a73	csrrw	x20,mscratch,x31	 x31:0x3ffebf3b x20=0x0000001e
      164085000	     16309	80006500	0379d8b3	divu	x17,x19,x23	 x19:0x80021e08 x23:0x00000000 x17=0xffffffff
      164095000	     16310	80006504	0106	c.slli	x2,0x1	  x2:0x00000000  x2=0x00000000
      164105000	     16311	80006506	00260963	beq	x12,x2,80006518	 x12:0x0001d000  x2:0x00000000
      164115000	     16312	8000650a	340027f3	csrrs	x15,mscratch,x0	  x0:0x00000000 x15=0x3ffebf3b
      164125000	     16313	8000650e	9dd2	c.add	x27,x20	 x27:0x20008782 x20:0x0000001e x27=0x200087a0
      164135000	     16314	80006510	011e8c33	add	x24,x29,x17	 x29:0x00000000 x17:0xffffffff x24=0xffffffff
      164145000	     16315	80006514	34003273	csrrc	x4,mscratch,x0	  x0:0x00000000  x4=0x3ffebf3b
      164175000	     16318	80006518	02388db3	mul	x27,x17,x3	 x17:0xffffffff  x3:0x00000000 x27=0x00000000
      164215000	     16322	8000651c	03abb7b3	mulhu	x15,x23,x26	 x23:0x00000000 x26:0x80025ce4 x15=0x00000000
      164225000	     16323	80006520	11fd	c.addi	x3,-1	  x3:0x00000000  x3=0xffffffff
      164235000	     16324	80006522	0000100f	fence.i	
      164265000	     16327	80006526	010e9413	slli	x8,x29,0x10	 x29:0x00000000  x8=0x00000000
      164275000	     16328	8000652a	0b14cc13	xori	x24,x9,177	  x9:0x0000000d x24=0x000000bc
      164285000	     16329	8000652e	01eab7b3	sltu	x15,x21,x30	 x21:0x00000379 x30:0x00000000 x15=0x00000000
      164295000	     16330	80006532	8e1d	c.sub	x12,x15	 x12:0x0001d000 x15:0x00000000 x12=0x0001d000
      164305000	     16331	80006534	340795f3	csrrw	x11,mscratch,x15	 x15:0x00000000 x11=0x3ffebf3b
      164315000	     16332	80006538	34002af3	csrrs	x21,mscratch,x0	  x0:0x00000000 x21=0x00000000
      164325000	     16333	8000653c	8fed	c.and	x15,x11	 x15:0x00000000 x11:0x3ffebf3b x15=0x00000000
      164335000	     16334	8000653e	01040033	add	x0,x8,x16	  x8:0x00000000 x16:0x00000327  x0=0x00000000
      164345000	     16335	80006542	01a96233	or	x4,x18,x26	 x18:0x00000000 x26:0x80025ce4  x4=0x80025ce4
      164355000	     16336	80006546	8c9d	c.sub	x9,x15	  x9:0x0000000d x15:0x00000000  x9=0x0000000d
      164365000	     16337	80006548	01b2e263	bltu	x5,x27,8000654c	  x5:0x0000000c x27:0x00000000
      164375000	     16338	8000654c	03115d63	bge	x2,x17,80006586	  x2:0x00000000 x17:0xffffffff
      164405000	     16341	80006586	03394a63	blt	x18,x19,800065ba	 x18:0x00000000 x19:0x80021e08
      164415000	     16342	8000658a	f17d8093	addi	x1,x27,-233	 x27:0x00000000  x1=0xffffff17
      164425000	     16343	8000658e	0b553693	sltiu	x13,x10,181	 x10:0x00000000 x13=0x00000001
      164435000	     16344	80006592	4013d793	srai	x15,x7,0x1	  x7:0xfaeb9c09 x15=0xfd75ce04
      164445000	     16345	80006596	340cb8f3	csrrc	x17,mscratch,x25	 x25:0x80006382 x17=0x00000000
      164475000	     16348	8000659a	031e8cb3	mul	x25,x29,x17	 x29:0x00000000 x17:0x00000000 x25=0x00000000
      164505000	     16351	8000659e	02c58233	mul	x4,x11,x12	 x11:0x3ffebf3b x12:0x0001d000  x4=0xba9af000
      164875000	     16388	800065a2	02cfceb3	div	x29,x31,x12	 x31:0x3ffebf3b x12:0x0001d000 x29=0x0000234e
      164885000	     16389	800065a6	e705	c.bnez	x14,800065ce	 x14:0x00000000
      164895000	     16390	800065a8	0ff0000f	fence	iorw,iorw	
      164905000	     16391	800065ac	557d	c.li	x10,-1	 x10=0xffffffff
      164915000	     16392	800065ae	54fd	c.li	x9,-1	  x9=0xffffffff
      164925000	     16393	800065b0	0956	c.slli	x18,0x15	 x18:0x00000000 x18=0x00000000
      164935000	     16394	800065b2	6151	c.addi16sp	x2,272	  x2:0x00000000  x2=0x00000110
      164945000	     16395	800065b4	62ad	c.lui	x5,0xb	  x5=0x0000b000
      165315000	     16432	800065b6	02b45633	divu	x12,x8,x11	  x8:0x00000000 x11:0x3ffebf3b x12=0x00000000
      165325000	     16433	800065ba	04790f13	addi	x30,x18,71	 x18:0x00000000 x30=0x00000047
      165335000	     16434	800065be	00c0ddb3	srl	x27,x1,x12	  x1:0xffffff17 x12:0x00000000 x27=0xffffff17
      165345000	     16435	800065c2	02a6c263	blt	x13,x10,800065e6	 x13:0x00000001 x10:0xffffffff
      165355000	     16436	800065c6	25b24f13	xori	x30,x4,603	  x4:0xba9af000 x30=0xba9af25b
      165365000	     16437	800065ca	0041c033	xor	x0,x3,x4	  x3:0xffffffff  x4:0xba9af000  x0=0x00000000
      165375000	     16438	800065ce	987d	c.andi	x8,-1	  x8:0x00000000  x8=0x00000000
      165385000	     16439	800065d0	8556	c.mv	x10,x21	  x0:0x00000000 x21:0x00000000 x10=0x00000000
      165395000	     16440	800065d2	8e59	c.or	x12,x14	 x12:0x00000000 x14:0x00000000 x12=0x00000000
      165405000	     16441	800065d4	0e86	c.slli	x29,0x1	 x29:0x0000234e x29=0x0000469c
      165415000	     16442	800065d6	001d8eb3	add	x29,x27,x1	 x27:0xffffff17  x1:0xffffff17 x29=0xfffffe2e
      165425000	     16443	800065da	597d	c.li	x18,-1	 x18=0xffffffff
      165435000	     16444	800065dc	84b9	c.srai	x9,0xe	  x9:0xffffffff  x9=0xffffffff
      165445000	     16445	800065de	340c50f3	csrrwi	x1,mscratch,24	  x1=0x00000000
      165455000	     16446	800065e2	00a37c33	and	x24,x6,x10	  x6:0x3ffebf3b x10:0x00000000 x24=0x00000000
      165475000	     16448	800065e6	0370f0b3	remu	x1,x1,x23	  x1:0x00000000 x23:0x00000000  x1=0x00000000
      165845000	     16485	800065ea	0233ecb3	rem	x25,x7,x3	  x7:0xfaeb9c09  x3:0xffffffff x25=0x00000000
      165855000	     16486	800065ee	01985133	srl	x2,x16,x25	 x16:0x00000327 x25:0x00000000  x2=0x00000327
      165865000	     16487	800065f2	031fb713	sltiu	x14,x31,49	 x31:0x3ffebf3b x14=0x00000000
      165875000	     16488	800065f6	a651e613	ori	x12,x3,-1435	  x3:0xffffffff x12=0xffffffff
      165885000	     16489	800065fa	8ca9	c.xor	x9,x10	  x9:0xffffffff x10:0x00000000  x9=0xffffffff
      165895000	     16490	800065fc	0622	c.slli	x12,0x8	 x12:0xffffffff x12=0xffffff00
      165905000	     16491	800065fe	01eff263	bgeu	x31,x30,80006602	 x31:0x3ffebf3b x30:0xba9af25b
      165915000	     16492	80006602	05b7e063	bltu	x15,x27,80006642	 x15:0xfd75ce04 x27:0xffffff17
      165945000	     16495	80006642	34002ff3	csrrs	x31,mscratch,x0	  x0:0x00000000 x31=0x00000018
      165955000	     16496	80006646	00022433	slt	x8,x4,x0	  x4:0xba9af000  x0:0x00000000  x8=0x00000001
      165965000	     16497	8000664a	340edff3	csrrwi	x31,mscratch,29	 x31=0x00000018
      165975000	     16498	8000664e	34002ff3	csrrs	x31,mscratch,x0	  x0:0x00000000 x31=0x0000001d
      165985000	     16499	80006652	727c8493	addi	x9,x25,1831	 x25:0x00000000  x9=0x00000727
      165995000	     16500	80006656	bf2d8913	addi	x18,x27,-1038	 x27:0xffffff17 x18=0xfffffb09
      166005000	     16501	8000665a	00ea02b3	add	x5,x20,x14	 x20:0x0000001e x14:0x00000000  x5=0x0000001e
      166015000	     16502	8000665e	8db5	c.xor	x11,x13	 x11:0x3ffebf3b x13:0x00000001 x11=0x3ffebf3a
      166025000	     16503	80006660	0140beb3	sltu	x29,x1,x20	  x1:0x00000000 x20:0x0000001e x29=0x00000001
      166035000	     16504	80006664	81ae	c.mv	x3,x11	  x0:0x00000000 x11:0x3ffebf3a  x3=0x3ffebf3a
      166045000	     16505	80006666	0169dc63	bge	x19,x22,8000667e	 x19:0x80021e08 x22:0x00000000
      166055000	     16506	8000666a	921e	c.add	x4,x7	  x4:0xba9af000  x7:0xfaeb9c09  x4=0xb5868c09
      166065000	     16507	8000666c	f6bc8b37	lui	x22,0xf6bc8	 x22=0xf6bc8000
      166075000	     16508	80006670	898c0c13	addi	x24,x24,-1896	 x24:0x00000000 x24=0xfffff898
      166085000	     16509	80006674	005c5b33	srl	x22,x24,x5	 x24:0xfffff898  x5:0x0000001e x22=0x00000003
      166105000	     16511	80006678	02e67db3	remu	x27,x12,x14	 x12:0xffffff00 x14:0x00000000 x27=0xffffff00
      166115000	     16512	8000667c	17fd	c.addi	x15,-1	 x15:0xfd75ce04 x15=0xfd75ce03
      166125000	     16513	8000667e	34049073	csrrw	x0,mscratch,x9	  x9:0x00000727  x0=0x00000000
      166135000	     16514	80006682	01f5f763	bgeu	x11,x31,80006690	 x11:0x3ffebf3a x31:0x0000001d
      166155000	     16516	80006690	00668fb3	add	x31,x13,x6	 x13:0x00000001  x6:0x3ffebf3b x31=0x3ffebf3c
      166165000	     16517	80006694	0071cd63	blt	x3,x7,800066ae	  x3:0x3ffebf3a  x7:0xfaeb9c09
      166175000	     16518	80006698	0001	c.addi	x0,0	  x0:0x00000000  x0=0x00000000
      166185000	     16519	8000669a	406d8eb3	sub	x29,x27,x6	 x27:0xffffff00  x6:0x3ffebf3b x29=0xc0013fc5
      166195000	     16520	8000669e	51bf3693	sltiu	x13,x30,1307	 x30:0xba9af25b x13=0x00000000
      166205000	     16521	800066a2	0005a0b3	slt	x1,x11,x0	 x11:0x3ffebf3a  x0:0x00000000  x1=0x00000000
      166215000	     16522	800066a6	9322a617	auipc	x12,0x9322a	 x12=0x132306a6
      166585000	     16559	800066aa	0380ebb3	rem	x23,x1,x24	  x1:0x00000000 x24:0xfffff898 x23=0x00000000
      166595000	     16560	800066ae	8379	c.srli	x14,0x1e	 x14:0x00000000 x14=0x00000000
      166605000	     16561	800066b0	8d3d	c.xor	x10,x15	 x10:0x00000000 x15:0xfd75ce03 x10=0xfd75ce03
      166615000	     16562	800066b2	05fff563	bgeu	x31,x31,800066fc	 x31:0x3ffebf3c x31:0x3ffebf3c
      166635000	     16564	800066fc	00b9d263	bge	x19,x11,80006700	 x19:0x80021e08 x11:0x3ffebf3a
      166645000	     16565	80006700	007b3f33	sltu	x30,x22,x7	 x22:0x00000003  x7:0xfaeb9c09 x30=0x00000001
      166655000	     16566	80006704	416fdab3	sra	x21,x31,x22	 x31:0x3ffebf3c x22:0x00000003 x21=0x07ffd7e7
      166665000	     16567	80006708	86c9	c.srai	x13,0x12	 x13:0x00000000 x13=0x00000000
      166675000	     16568	8000670a	0198e7b3	or	x15,x17,x25	 x17:0x00000000 x25:0x00000000 x15=0x00000000
      166685000	     16569	8000670e	0ff0000f	fence	iorw,iorw	
      166695000	     16570	80006712	8e0d	c.sub	x12,x11	 x12:0x132306a6 x11:0x3ffebf3a x12=0xd324476c
      167065000	     16607	80006714	03b4ff33	remu	x30,x9,x27	  x9:0x00000727 x27:0xffffff00 x30=0x00000727
      167075000	     16608	80006718	01211f63	bne	x2,x18,80006736	  x2:0x00000327 x18:0xfffffb09
      167105000	     16611	80006736	34006bf3	csrrsi	x23,mscratch,0	 x23=0x00000727
      167115000	     16612	8000673a	8e99	c.sub	x13,x14	 x13:0x00000000 x14:0x00000000 x13=0x00000000
      167125000	     16613	8000673c	8636	c.mv	x12,x13	  x0:0x00000000 x13:0x00000000 x12=0x00000000
      167135000	     16614	8000673e	0162cb33	xor	x22,x5,x22	  x5:0x0000001e x22:0x00000003 x22=0x0000001d
      167145000	     16615	80006742	00ddb033	sltu	x0,x27,x13	 x27:0xffffff00 x13:0x00000000  x0=0x00000000
      167155000	     16616	80006746	00508eb3	add	x29,x1,x5	  x1:0x00000000  x5:0x0000001e x29=0x0000001e
      167195000	     16620	8000674a	033d2633	mulhsu	x12,x26,x19	 x26:0x80025ce4 x19:0x80021e08 x12=0xc0001f73
      167235000	     16624	8000674e	02f0b0b3	mulhu	x1,x1,x15	  x1:0x00000000 x15:0x00000000  x1=0x00000000
      167245000	     16625	80006752	62122813	slti	x16,x4,1569	  x4:0xb5868c09 x16=0x00000001
      167255000	     16626	80006756	9e3a	c.add	x28,x14	 x28:0xa26013aa x14:0x00000000 x28=0xa26013aa
      167265000	     16627	80006758	03d4d963	bge	x9,x29,8000678a	  x9:0x00000727 x29:0x0000001e
      167285000	     16629	8000678a	577d	c.li	x14,-1	 x14=0xffffffff
      167295000	     16630	8000678c	00c392b3	sll	x5,x7,x12	  x7:0xfaeb9c09 x12:0xc0001f73  x5=0xe0480000
      167305000	     16631	80006790	34006af3	csrrsi	x21,mscratch,0	 x21=0x00000727
      167315000	     16632	80006794	34003773	csrrc	x14,mscratch,x0	  x0:0x00000000 x14=0x00000727
      167325000	     16633	80006798	ef95	c.bnez	x15,800067d4	 x15:0x00000000
      167335000	     16634	8000679a	413c5133	sra	x2,x24,x19	 x24:0xfffff898 x19:0x80021e08  x2=0xfffffff8
      167345000	     16635	8000679e	34055cf3	csrrwi	x25,mscratch,10	 x25=0x00000727
      167355000	     16636	800067a2	01633333	sltu	x6,x6,x22	  x6:0x3ffebf3b x22:0x0000001d  x6=0x00000000
      167365000	     16637	800067a6	612d	c.addi16sp	x2,224	  x2:0xfffffff8  x2=0x000000d8
      167375000	     16638	800067a8	072e	c.slli	x14,0xb	 x14:0x00000727 x14=0x00393800
      167385000	     16639	800067aa	0001	c.addi	x0,0	  x0:0x00000000  x0=0x00000000
      167395000	     16640	800067ac	53ffba13	sltiu	x20,x31,1343	 x31:0x3ffebf3c x20=0x00000000
      167405000	     16641	800067b0	002957b3	srl	x15,x18,x2	 x18:0xfffffb09  x2:0x000000d8 x15=0x000000ff
      167415000	     16642	800067b4	00427763	bgeu	x4,x4,800067c2	  x4:0xb5868c09  x4:0xb5868c09
      167435000	     16644	800067c2	84ad	c.srai	x9,0xb	  x9:0x00000727  x9=0x00000000
      167445000	     16645	800067c4	009591b3	sll	x3,x11,x9	 x11:0x3ffebf3a  x9:0x00000000  x3=0x3ffebf3a
      167815000	     16682	800067c8	0245eab3	rem	x21,x11,x4	 x11:0x3ffebf3a  x4:0xb5868c09 x21=0x3ffebf3a
      167825000	     16683	800067cc	04305363	bge	x0,x3,80006812	  x0:0x00000000  x3:0x3ffebf3a
      167835000	     16684	800067d0	9322	c.add	x6,x8	  x6:0x00000000  x8:0x00000001  x6=0x00000001
      167845000	     16685	800067d2	6161	c.addi16sp	x2,80	  x2:0x000000d8  x2=0x00000128
      167855000	     16686	800067d4	34041df3	csrrw	x27,mscratch,x8	  x8:0x00000001 x27=0x0000000a
      167865000	     16687	800067d8	86daaa93	slti	x21,x21,-1939	 x21:0x3ffebf3a x21=0x00000000
      167875000	     16688	800067dc	00b27733	and	x14,x4,x11	  x4:0xb5868c09 x11:0x3ffebf3a x14=0x35868c08
      167915000	     16692	800067e0	03e62c33	mulhsu	x24,x12,x30	 x12:0xc0001f73 x30:0x00000727 x24=0xfffffe36
      167925000	     16693	800067e4	013cbcb3	sltu	x25,x25,x19	 x25:0x00000727 x19:0x80021e08 x25=0x00000001
      167935000	     16694	800067e8	00c8de93	srli	x29,x17,0xc	 x17:0x00000000 x29=0x00000000
      167945000	     16695	800067ec	932a	c.add	x6,x10	  x6:0x00000001 x10:0xfd75ce03  x6=0xfd75ce04
      167955000	     16696	800067ee	340034f3	csrrc	x9,mscratch,x0	  x0:0x00000000  x9=0x00000001
      167965000	     16697	800067f2	01858e63	beq	x11,x24,8000680e	 x11:0x3ffebf3a x24:0xfffffe36
      167975000	     16698	800067f6	0117b1b3	sltu	x3,x15,x17	 x15:0x000000ff x17:0x00000000  x3=0x00000000
      167985000	     16699	800067fa	8d05b693	sltiu	x13,x11,-1840	 x11:0x3ffebf3a x13=0x00000001
      168355000	     16736	800067fe	02f8c5b3	div	x11,x17,x15	 x17:0x00000000 x15:0x000000ff x11=0x00000000
      168725000	     16773	80006802	03c5ceb3	div	x29,x11,x28	 x11:0x00000000 x28:0xa26013aa x29=0x00000000
      168745000	     16775	80006806	02b25333	divu	x6,x4,x11	  x4:0xb5868c09 x11:0x00000000  x6=0xffffffff
      168755000	     16776	8000680a	03bf6b63	bltu	x30,x27,80006840	 x30:0x00000727 x27:0x0000000a
      168765000	     16777	8000680e	00fb1793	slli	x15,x22,0xf	 x22:0x0000001d x15=0x000e8000
      168775000	     16778	80006812	8e1d	c.sub	x12,x15	 x12:0xc0001f73 x15:0x000e8000 x12=0xbff19f73
      168785000	     16779	80006814	f334cf13	xori	x30,x9,-205	  x9:0x00000001 x30=0xffffff32
      168795000	     16780	80006818	00116a63	bltu	x2,x1,8000682c	  x2:0x00000128  x1:0x00000000
      168805000	     16781	8000681c	015b1313	slli	x6,x22,0x15	 x22:0x0000001d  x6=0x03a00000
      168815000	     16782	80006820	0075f733	and	x14,x11,x7	 x11:0x00000000  x7:0xfaeb9c09 x14=0x00000000
      168825000	     16783	80006824	0811	c.addi	x16,4	 x16:0x00000001 x16=0x00000005
      169195000	     16820	80006826	039848b3	div	x17,x16,x25	 x16:0x00000005 x25:0x00000001 x17=0x00000005
      169205000	     16821	8000682a	654d	c.lui	x10,0x13	 x10=0x00013000
      169215000	     16822	8000682c	8dcd	c.or	x11,x11	 x11:0x00000000 x11:0x00000000 x11=0x00000000
      169225000	     16823	8000682e	340326f3	csrrs	x13,mscratch,x6	  x6:0x03a00000 x13=0x00000001
      169265000	     16827	80006832	02cb9ab3	mulh	x21,x23,x12	 x23:0x00000727 x12:0xbff19f73 x21=0xfffffe35
      169275000	     16828	80006836	01697eb3	and	x29,x18,x22	 x18:0xfffffb09 x22:0x0000001d x29=0x00000009
      169285000	     16829	8000683a	8ca9	c.xor	x9,x10	  x9:0x00000001 x10:0x00013000  x9=0x00013001
      169295000	     16830	8000683c	00530763	beq	x6,x5,8000684a	  x6:0x03a00000  x5:0xe0480000
      169305000	     16831	80006840	83b5	c.srli	x15,0xd	 x15:0x000e8000 x15=0x00000074
      169315000	     16832	80006842	00ffbf33	sltu	x30,x31,x15	 x31:0x3ffebf3c x15:0x00000074 x30=0x00000000
      169325000	     16833	80006846	cb15	c.beqz	x14,8000687a	 x14:0x00000000
      169345000	     16835	8000687a	4e5d	c.li	x28,23	 x28=0x00000017
      169355000	     16836	8000687c	05dd7063	bgeu	x26,x29,800068bc	 x26:0x80025ce4 x29:0x00000009
      169375000	     16838	800068bc	340127f3	csrrs	x15,mscratch,x2	  x2:0x00000128 x15=0x03a00001
      169385000	     16839	800068c0	0000100f	fence.i	
      169405000	     16841	800068c4	8ec1	c.or	x13,x8	 x13:0x00000001  x8:0x00000001 x13=0x00000001
      169415000	     16842	800068c6	40025513	srai	x10,x4,0x0	  x4:0xb5868c09 x10=0xb5868c09
      169455000	     16846	800068ca	0341a8b3	mulhsu	x17,x3,x20	  x3:0x00000000 x20:0x00000000 x17=0x00000000
      169465000	     16847	800068ce	0ff0000f	fence	iorw,iorw	
      169475000	     16848	800068d2	00fb1413	slli	x8,x22,0xf	 x22:0x0000001d  x8=0x000e8000
      169485000	     16849	800068d6	845e	c.mv	x8,x23	  x0:0x00000000 x23:0x00000727  x8=0x00000727
      169495000	     16850	800068d8	3406be73	csrrc	x28,mscratch,x13	 x13:0x00000001 x28=0x03a00129
      169505000	     16851	800068dc	56e4a713	slti	x14,x9,1390	  x9:0x00013001 x14=0x00000000
      169515000	     16852	800068e0	41368733	sub	x14,x13,x19	 x13:0x00000001 x19:0x80021e08 x14=0x7ffde1f9
      169525000	     16853	800068e4	34006273	csrrsi	x4,mscratch,0	  x4=0x03a00128
      169535000	     16854	800068e8	41db5f93	srai	x31,x22,0x1d	 x22:0x0000001d x31=0x00000000
      169575000	     16858	800068ec	025e1533	mulh	x10,x28,x5	 x28:0x03a00129  x5:0xe0480000 x10=0xff8d04db
      169585000	     16859	800068f0	0ff0000f	fence	iorw,iorw	
      169595000	     16860	800068f4	6b71	c.lui	x22,0x1c	 x22=0x0001c000
      169605000	     16861	800068f6	a4225497	auipc	x9,0xa4225	  x9=0x2422b8f6
      169615000	     16862	800068fa	34049c73	csrrw	x24,mscratch,x9	  x9:0x2422b8f6 x24=0x03a00128
      169625000	     16863	800068fe	020a4963	blt	x20,x0,80006930	 x20:0x00000000  x0:0x00000000
      169635000	     16864	80006902	8f2a	c.mv	x30,x10	  x0:0x00000000 x10:0xff8d04db x30=0xff8d04db
      169655000	     16866	80006904	03167033	remu	x0,x12,x17	 x12:0xbff19f73 x17:0x00000000  x0=0x00000000
      169665000	     16867	80006908	03d99463	bne	x19,x29,80006930	 x19:0x80021e08 x29:0x00000009
      169685000	     16869	80006930	0177e963	bltu	x15,x23,80006942	 x15:0x03a00001 x23:0x00000727
      169695000	     16870	80006934	005c9b33	sll	x22,x25,x5	 x25:0x00000001  x5:0xe0480000 x22=0x00000001
      169705000	     16871	80006938	01957a33	and	x20,x10,x25	 x10:0xff8d04db x25:0x00000001 x20=0x00000001
      169715000	     16872	8000693c	6b71	c.lui	x22,0x1c	 x22=0x0001c000
      169755000	     16876	8000693e	03452b33	mulhsu	x22,x10,x20	 x10:0xff8d04db x20:0x00000001 x22=0xffffffff
      169795000	     16880	80006942	036a3433	mulhu	x8,x20,x22	 x20:0x00000001 x22:0xffffffff  x8=0x00000000
      169805000	     16881	80006946	0110ea33	or	x20,x1,x17	  x1:0x00000000 x17:0x00000000 x20=0x00000000
      169815000	     16882	8000694a	717d	c.addi16sp	x2,-16	  x2:0x00000128  x2=0x00000118
      169825000	     16883	8000694c	1efd	c.addi	x29,-1	 x29:0x00000009 x29=0x00000008
      169835000	     16884	8000694e	413ad333	sra	x6,x21,x19	 x21:0xfffffe35 x19:0x80021e08  x6=0xfffffffe
      169845000	     16885	80006952	016b6933	or	x18,x22,x22	 x22:0xffffffff x22:0xffffffff x18=0xffffffff
      169855000	     16886	80006956	c019	c.beqz	x8,8000695c	  x8:0x00000000
      169875000	     16888	8000695c	73c36493	ori	x9,x6,1852	  x6:0xfffffffe  x9=0xfffffffe
      169885000	     16889	80006960	34073873	csrrc	x16,mscratch,x14	 x14:0x7ffde1f9 x16=0x2422b8f6
      170255000	     16926	80006964	03c3c033	div	x0,x7,x28	  x7:0xfaeb9c09 x28:0x03a00129  x0=0x00000000
      170265000	     16927	80006968	01ccf033	and	x0,x25,x28	 x25:0x00000001 x28:0x03a00129  x0=0x00000000
      170305000	     16931	8000696c	02a8a8b3	mulhsu	x17,x17,x10	 x17:0x00000000 x10:0xff8d04db x17=0x00000000
      170315000	     16932	80006970	9b7d	c.andi	x14,-1	 x14:0x7ffde1f9 x14=0x7ffde1f9
      170325000	     16933	80006972	340c32f3	csrrc	x5,mscratch,x24	 x24:0x03a00128  x5=0x00021806
      170335000	     16934	80006976	817d	c.srli	x10,0x1f	 x10:0xff8d04db x10=0x00000001
      170345000	     16935	80006978	34007f73	csrrci	x30,mscratch,0	 x30=0x00021806
      170355000	     16936	8000697c	8145	c.srli	x10,0x11	 x10:0x00000001 x10=0x00000000
      170365000	     16937	8000697e	00c08bb3	add	x23,x1,x12	  x1:0x00000000 x12:0xbff19f73 x23=0xbff19f73
      170375000	     16938	80006982	8659	c.srai	x12,0x16	 x12:0xbff19f73 x12=0xfffffeff
      170385000	     16939	80006984	b6ebe113	ori	x2,x23,-1170	 x23:0xbff19f73  x2=0xffffff7f
      170395000	     16940	80006988	3400b273	csrrc	x4,mscratch,x1	  x1:0x00000000  x4=0x00021806
      170405000	     16941	8000698c	80e5	c.srli	x9,0x19	  x9:0xfffffffe  x9=0x0000007f
      170415000	     16942	8000698e	02b28663	beq	x5,x11,800069ba	  x5:0x00021806 x11:0x00000000
      170425000	     16943	80006992	340065f3	csrrsi	x11,mscratch,0	 x11=0x00021806
      170435000	     16944	80006996	0264fd63	bgeu	x9,x6,800069d0	  x9:0x0000007f  x6:0xfffffffe
      170445000	     16945	8000699a	987d	c.andi	x8,-1	  x8:0x00000000  x8=0x00000000
      170455000	     16946	8000699c	8dcd	c.or	x11,x11	 x11:0x00021806 x11:0x00021806 x11=0x00021806
      170465000	     16947	8000699e	2f3de893	ori	x17,x27,755	 x27:0x0000000a x17=0x000002fb
      170475000	     16948	800069a2	717d	c.addi16sp	x2,-16	  x2:0xffffff7f  x2=0xffffff6f
      170485000	     16949	800069a4	34006073	csrrsi	x0,mscratch,0	  x0=0x00000000
      170515000	     16952	800069a8	033581b3	mul	x3,x11,x19	 x11:0x00021806 x19:0x80021e08  x3=0x6eed7430
      170525000	     16953	800069ac	0001	c.addi	x0,0	  x0:0x00000000  x0=0x00000000
      170535000	     16954	800069ae	00d9b033	sltu	x0,x19,x13	 x19:0x80021e08 x13:0x00000001  x0=0x00000000
      170545000	     16955	800069b2	40cb8f33	sub	x30,x23,x12	 x23:0xbff19f73 x12:0xfffffeff x30=0xbff1a074
      170555000	     16956	800069b6	017a5c93	srli	x25,x20,0x17	 x20:0x00000000 x25=0x00000000
      170575000	     16958	800069ba	028cc6b3	div	x13,x25,x8	 x25:0x00000000  x8:0x00000000 x13=0xffffffff
      170585000	     16959	800069be	340038f3	csrrc	x17,mscratch,x0	  x0:0x00000000 x17=0x00021806
      170625000	     16963	800069c2	02899b33	mulh	x22,x19,x8	 x19:0x80021e08  x8:0x00000000 x22=0x00000000
      170635000	     16964	800069c6	8fed	c.and	x15,x11	 x15:0x03a00001 x11:0x00021806 x15=0x00000000
      170645000	     16965	800069c8	40e85d93	srai	x27,x16,0xe	 x16:0x2422b8f6 x27=0x0000908a
      170655000	     16966	800069cc	02a67f63	bgeu	x12,x10,80006a0a	 x12:0xfffffeff x10:0x00000000
      170685000	     16969	80006a0a	3c598e13	addi	x28,x19,965	 x19:0x80021e08 x28=0x800221cd
      170695000	     16970	80006a0e	009b10b3	sll	x1,x22,x9	 x22:0x00000000  x9:0x0000007f  x1=0x00000000
      170705000	     16971	80006a12	406d00b3	sub	x1,x26,x6	 x26:0x80025ce4  x6:0xfffffffe  x1=0x80025ce6
      170715000	     16972	80006a16	01c13633	sltu	x12,x2,x28	  x2:0xffffff6f x28:0x800221cd x12=0x00000000
      170725000	     16973	80006a1a	34003973	csrrc	x18,mscratch,x0	  x0:0x00000000 x18=0x00021806
      170755000	     16976	80006a1e	020887b3	mul	x15,x17,x0	 x17:0x00021806  x0:0x00000000 x15=0x00000000
      170765000	     16977	80006a22	717d	c.addi16sp	x2,-16	  x2:0xffffff6f  x2=0xffffff5f
      170775000	     16978	80006a24	3405e2f3	csrrsi	x5,mscratch,11	  x5=0x00021806
      170785000	     16979	80006a28	018d5333	srl	x6,x26,x24	 x26:0x80025ce4 x24:0x03a00128  x6=0x0080025c
      171155000	     17016	80006a2c	03a57633	remu	x12,x10,x26	 x10:0x00000000 x26:0x80025ce4 x12=0x00000000
      171165000	     17017	80006a30	04647263	bgeu	x8,x6,80006a74	  x8:0x00000000  x6:0x0080025c
      171175000	     17018	80006a34	e089	c.bnez	x9,80006a36	  x9:0x0000007f
      171205000	     17021	80006a36	0175ac33	slt	x24,x11,x23	 x11:0x00021806 x23:0xbff19f73 x24=0x00000000
      171215000	     17022	80006a3a	013afe33	and	x28,x21,x19	 x21:0xfffffe35 x19:0x80021e08 x28=0x80021e00
      171225000	     17023	80006a3e	8949	c.andi	x10,18	 x10:0x00000000 x10=0x00000000
      171235000	     17024	80006a40	8a0e	c.mv	x20,x3	  x0:0x00000000  x3:0x6eed7430 x20=0x6eed7430
      171245000	     17025	80006a42	002a46b3	xor	x13,x20,x2	 x20:0x6eed7430  x2:0xffffff5f x13=0x91128b6f
      171255000	     17026	80006a46	92543e97	auipc	x29,0x92543	 x29=0x12549a46
      171265000	     17027	80006a4a	2a06f693	andi	x13,x13,672	 x13:0x91128b6f x13=0x00000220
      171275000	     17028	80006a4e	34003df3	csrrc	x27,mscratch,x0	  x0:0x00000000 x27=0x0002180f
      171285000	     17029	80006a52	417cd513	srai	x10,x25,0x17	 x25:0x00000000 x10=0x00000000
      171295000	     17030	80006a56	8596	c.mv	x11,x5	  x0:0x00000000  x5:0x00021806 x11=0x00021806
      171305000	     17031	80006a58	01bfe8b3	or	x17,x31,x27	 x31:0x00000000 x27:0x0002180f x17=0x0002180f
      171315000	     17032	80006a5c	9a32	c.add	x20,x12	 x20:0x6eed7430 x12:0x00000000 x20=0x6eed7430
      171325000	     17033	80006a5e	34051473	csrrw	x8,mscratch,x10	 x10:0x00000000  x8=0x0002180f
      171335000	     17034	80006a62	0001	c.addi	x0,0	  x0:0x00000000  x0=0x00000000
      171345000	     17035	80006a64	0ff0000f	fence	iorw,iorw	
      171355000	     17036	80006a68	01ca66b3	or	x13,x20,x28	 x20:0x6eed7430 x28:0x80021e00 x13=0xeeef7e30
      171365000	     17037	80006a6c	413e5c13	srai	x24,x28,0x13	 x28:0x80021e00 x24=0xfffff000
      171375000	     17038	80006a70	3407e0f3	csrrsi	x1,mscratch,15	  x1=0x00000000
      171385000	     17039	80006a74	01198cb3	add	x25,x19,x17	 x19:0x80021e08 x17:0x0002180f x25=0x80043617
      171425000	     17043	80006a78	0362a4b3	mulhsu	x9,x5,x22	  x5:0x00021806 x22:0x00000000  x9=0x00000000
      171465000	     17047	80006a7c	03893fb3	mulhu	x31,x18,x24	 x18:0x00021806 x24:0xfffff000 x31=0x00021805
      171475000	     17048	80006a80	004e5b93	srli	x23,x28,0x4	 x28:0x80021e00 x23=0x080021e0
      171485000	     17049	80006a84	340034f3	csrrc	x9,mscratch,x0	  x0:0x00000000  x9=0x0000000f
      171495000	     17050	80006a88	34002f73	csrrs	x30,mscratch,x0	  x0:0x00000000 x30=0x0000000f
      171505000	     17051	80006a8c	0001	c.addi	x0,0	  x0:0x00000000  x0=0x00000000
      171515000	     17052	80006a8e	9152	c.add	x2,x20	  x2:0xffffff5f x20:0x6eed7430  x2=0x6eed738f
      171525000	     17053	80006a90	92ee	c.add	x5,x27	  x5:0x00021806 x27:0x0002180f  x5=0x00043015
      171535000	     17054	80006a92	00114133	xor	x2,x2,x1	  x2:0x6eed738f  x1:0x00000000  x2=0x6eed738f
      171575000	     17058	80006a96	0229aab3	mulhsu	x21,x19,x2	 x19:0x80021e08  x2:0x6eed738f x21=0xc88a3116
      171945000	     17095	80006a9a	038b4c33	div	x24,x22,x24	 x22:0x00000000 x24:0xfffff000 x24=0x00000000
      171955000	     17096	80006a9e	86bd	c.srai	x13,0xf	 x13:0xeeef7e30 x13=0xffffddde
      171965000	     17097	80006aa0	177d	c.addi	x14,-1	 x14:0x7ffde1f9 x14=0x7ffde1f8
      171975000	     17098	80006aa2	c185	c.beqz	x11,80006ac2	 x11:0x00021806
      171985000	     17099	80006aa4	03240363	beq	x8,x18,80006aca	  x8:0x0002180f x18:0x00021806
      171995000	     17100	80006aa8	34049673	csrrw	x12,mscratch,x9	  x9:0x0000000f x12=0x0000000f
      172005000	     17101	80006aac	827e	c.mv	x4,x31	  x0:0x00000000 x31:0x00021805  x4=0x00021805
      172045000	     17105	80006aae	03b8aa33	mulhsu	x20,x17,x27	 x17:0x0002180f x27:0x0002180f x20=0x00000004
      172055000	     17106	80006ab2	18cac297	auipc	x5,0x18cac	  x5=0x98cb2ab2
      172065000	     17107	80006ab6	01846bb3	or	x23,x8,x24	  x8:0x0002180f x24:0x00000000 x23=0x0002180f
      172075000	     17108	80006aba	997d	c.andi	x10,-1	 x10:0x00000000 x10=0x00000000
      172085000	     17109	80006abc	01161c13	slli	x24,x12,0x11	 x12:0x0000000f x24=0x001e0000
      172095000	     17110	80006ac0	40a1	c.li	x1,8	  x1=0x00000008
      172105000	     17111	80006ac2	0001	c.addi	x0,0	  x0:0x00000000  x0=0x00000000
      172115000	     17112	80006ac4	00b9da63	bge	x19,x11,80006ad8	 x19:0x80021e08 x11:0x00021806
      172125000	     17113	80006ac8	8d7d	c.and	x10,x15	 x10:0x00000000 x15:0x00000000 x10=0x00000000
      172165000	     17117	80006aca	02559333	mulh	x6,x11,x5	 x11:0x00021806  x5:0x98cb2ab2  x6=0xffff27e6
      172175000	     17118	80006ace	3409b573	csrrc	x10,mscratch,x19	 x19:0x80021e08 x10=0x0000000f
      172185000	     17119	80006ad2	8f89	c.sub	x15,x10	 x15:0x00000000 x10:0x0000000f x15=0xfffffff1
      172195000	     17120	80006ad4	f1340eb7	lui	x29,0xf1340	 x29=0xf1340000
      172235000	     17124	80006ad8	03ecbcb3	mulhu	x25,x25,x30	 x25:0x80043617 x30:0x0000000f x25=0x00000007
      172245000	     17125	80006adc	0049ac83	lw	x25,4(x19)	 x19:0x80021e08 x25=0x80006266 PA:0x80021e0c load:0x80006266
      172255000	     17126	80006ae0	8dd6	c.mv	x27,x21	  x0:0x00000000 x21:0xc88a3116 x27=0xc88a3116
      172265000	     17127	80006ae2	09f1	c.addi	x19,28	 x19:0x80021e08 x19=0x80021e24
      172275000	     17128	80006ae4	3402a5f3	csrrs	x11,mscratch,x5	  x5:0x98cb2ab2 x11=0x00000007
      172285000	     17129	80006ae8	01b4b333	sltu	x6,x9,x27	  x9:0x0000000f x27:0xc88a3116  x6=0x00000001
      172295000	     17130	80006aec	005e2633	slt	x12,x28,x5	 x28:0x80021e00  x5:0x98cb2ab2 x12=0x00000001
      172335000	     17134	80006af0	02633433	mulhu	x8,x6,x6	  x6:0x00000001  x6:0x00000001  x8=0x00000000
      172375000	     17138	80006af4	0346a633	mulhsu	x12,x13,x20	 x13:0xffffddde x20:0x00000004 x12=0xffffffff
      172385000	     17139	80006af8	850d	c.srai	x10,0x3	 x10:0x0000000f x10=0x00000001
      172395000	     17140	80006afa	340ad4f3	csrrwi	x9,mscratch,21	  x9=0x98cb2ab7
      172765000	     17177	80006afe	034977b3	remu	x15,x18,x20	 x18:0x00021806 x20:0x00000004 x15=0x00000002
      172775000	     17178	80006b02	001c8313	addi	x6,x25,1	 x25:0x80006266  x6=0x80006267
      172785000	     17179	80006b06	00030367	jalr	x6,0(x6)	  x6:0x80006267  x6=0x80006b0a
      172835000	     17184	80006266	03940eb3	mul	x29,x8,x25	  x8:0x00000000 x25:0x80006266 x29=0x00000000
      172845000	     17185	8000626a	340cf073	csrrci	x0,mscratch,25	  x0=0x00000000
      172855000	     17186	8000626e	00e0d6b3	srl	x13,x1,x14	  x1:0x00000008 x14:0x7ffde1f8 x13=0x00000000
      172865000	     17187	80006272	00c0d693	srli	x13,x1,0xc	  x1:0x00000008 x13=0x00000000
      173235000	     17224	80006276	02577bb3	remu	x23,x14,x5	 x14:0x7ffde1f8  x5:0x98cb2ab2 x23=0x7ffde1f8
      173245000	     17225	8000627a	0000100f	fence.i	
      173265000	     17227	8000627e	0001	c.addi	x0,0	  x0:0x00000000  x0=0x00000000
      173275000	     17228	80006280	c99d	c.beqz	x11,800062b6	 x11:0x00000007
      173285000	     17229	80006282	01304eb3	xor	x29,x0,x19	  x0:0x00000000 x19:0x80021e24 x29=0x80021e24
      173295000	     17230	80006286	01b95333	srl	x6,x18,x27	 x18:0x00021806 x27:0xc88a3116  x6=0x00000000
      173305000	     17231	8000628a	47d1	c.li	x15,20	 x15=0x00000014
      173315000	     17232	8000628c	01f55f63	bge	x10,x31,800062aa	 x10:0x00000001 x31:0x00021805
      173325000	     17233	80006290	0000100f	fence.i	
      173345000	     17235	80006294	40d70a33	sub	x20,x14,x13	 x14:0x7ffde1f8 x13:0x00000000 x20=0x7ffde1f8
      173355000	     17236	80006298	717d	c.addi16sp	x2,-16	  x2:0x6eed738f  x2=0x6eed737f
      173395000	     17240	8000629a	029abdb3	mulhu	x27,x21,x9	 x21:0xc88a3116  x9:0x98cb2ab7 x27=0x77b13430
      173405000	     17241	8000629e	009b0cb3	add	x25,x22,x9	 x22:0x00000000  x9:0x98cb2ab7 x25=0x98cb2ab7
      173415000	     17242	800062a2	52c9ae13	slti	x28,x19,1324	 x19:0x80021e24 x28=0x00000001
      173425000	     17243	800062a6	02fe0463	beq	x28,x15,800062ce	 x28:0x00000001 x15:0x00000014
      173435000	     17244	800062aa	008e1e63	bne	x28,x8,800062c6	 x28:0x00000001  x8:0x00000000
      173465000	     17247	800062c6	3403e673	csrrsi	x12,mscratch,7	 x12=0x00000004
      173475000	     17248	800062ca	34097573	csrrci	x10,mscratch,18	 x10=0x00000007
      173485000	     17249	800062ce	5dfd	c.li	x27,-1	 x27=0xffffffff
      173525000	     17253	800062d0	0292a833	mulhsu	x16,x5,x9	  x5:0x98cb2ab2  x9:0x98cb2ab7 x16=0xc266b93c
      173895000	     17290	800062d4	03fed0b3	divu	x1,x29,x31	 x29:0x80021e24 x31:0x00021805  x1=0x00003d22
      173905000	     17291	800062d8	02c2e363	bltu	x5,x12,800062fe	  x5:0x98cb2ab2 x12:0x00000004
      173915000	     17292	800062dc	8bb9	c.andi	x15,14	 x15:0x00000014 x15=0x00000004
      173925000	     17293	800062de	003468b3	or	x17,x8,x3	  x8:0x00000000  x3:0x6eed7430 x17=0x6eed7430
      173935000	     17294	800062e2	8ff9	c.and	x15,x14	 x15:0x00000004 x14:0x7ffde1f8 x15=0x00000000
      173945000	     17295	800062e4	34055df3	csrrwi	x27,mscratch,10	 x27=0x00000005
      173955000	     17296	800062e8	9586	c.add	x11,x1	 x11:0x00000007  x1:0x00003d22 x11=0x00003d29
      173965000	     17297	800062ea	c911	c.beqz	x10,800062fe	 x10:0x00000007
      173975000	     17298	800062ec	7b57c413	xori	x8,x15,1973	 x15:0x00000000  x8=0x000007b5
      173985000	     17299	800062f0	034df663	bgeu	x27,x20,8000631c	 x27:0x00000005 x20:0x7ffde1f8
      173995000	     17300	800062f4	8f55	c.or	x14,x13	 x14:0x7ffde1f8 x13:0x00000000 x14=0x7ffde1f8
      174005000	     17301	800062f6	030bd563	bge	x23,x16,80006320	 x23:0x7ffde1f8 x16:0xc266b93c
      174025000	     17303	80006320	8e49	c.or	x12,x10	 x12:0x00000004 x10:0x00000007 x12=0x00000007
      174035000	     17304	80006322	8fed	c.and	x15,x11	 x15:0x00000000 x11:0x00003d29 x15=0x00000000
      174045000	     17305	80006324	8b4d	c.andi	x14,19	 x14:0x7ffde1f8 x14=0x00000010
      174055000	     17306	80006326	fc0d12b7	lui	x5,0xfc0d1	  x5=0xfc0d1000
      174065000	     17307	8000632a	0049ac83	lw	x25,4(x19)	 x19:0x80021e24 x25=0x80003504 PA:0x80021e28 load:0x80003504
      174085000	     17309	8000632e	5b0cee93	ori	x29,x25,1456	 x25:0x80003504 x29=0x800035b4
      174095000	     17310	80006332	04098993	addi	x19,x19,64	 x19:0x80021e24 x19=0x80021e64
      174105000	     17311	80006336	73bfe213	ori	x4,x31,1851	 x31:0x00021805  x4=0x00021f3f
      174115000	     17312	8000633a	000c8313	addi	x6,x25,0	 x25:0x80003504  x6=0x80003504
      174125000	     17313	8000633e	8302	c.jr	x6	  x6:0x80003504
      174505000	     17351	80003504	03855b33	divu	x22,x10,x24	 x10:0x00000007 x24:0x001e0000 x22=0x00000000
      174515000	     17352	80003508	01cbdf93	srli	x31,x23,0x1c	 x23:0x7ffde1f8 x31=0x00000007
      174525000	     17353	8000350c	34072df3	csrrs	x27,mscratch,x14	 x14:0x00000010 x27=0x0000000a
      174535000	     17354	80003510	9c5a	c.add	x24,x22	 x24:0x001e0000 x22:0x00000000 x24=0x001e0000
      174545000	     17355	80003512	00e11f33	sll	x30,x2,x14	  x2:0x6eed737f x14:0x00000010 x30=0x737f0000
      174555000	     17356	80003516	27df3413	sltiu	x8,x30,637	 x30:0x737f0000  x8=0x00000000
      174565000	     17357	8000351a	1a0c	c.addi4spn	x11,x2,304	 x11=0x6eed74af
      174575000	     17358	8000351c	0716	c.slli	x14,0x5	 x14:0x00000010 x14=0x00000200
      174585000	     17359	8000351e	023a7d63	bgeu	x20,x3,80003558	 x20:0x7ffde1f8  x3:0x6eed7430
      174605000	     17361	80003558	3408f273	csrrci	x4,mscratch,17	  x4=0x0000001a
      174615000	     17362	8000355c	0182c1b3	xor	x3,x5,x24	  x5:0xfc0d1000 x24:0x001e0000  x3=0xfc131000
      174625000	     17363	80003560	009e1eb3	sll	x29,x28,x9	 x28:0x00000001  x9:0x98cb2ab7 x29=0x00800000
      174635000	     17364	80003564	3317e493	ori	x9,x15,817	 x15:0x00000000  x9=0x00000331
      174645000	     17365	80003568	00c79d63	bne	x15,x12,80003582	 x15:0x00000000 x12:0x00000007
      174675000	     17368	80003582	0098d2b3	srl	x5,x17,x9	 x17:0x6eed7430  x9:0x00000331  x5=0x00003776
      174685000	     17369	80003586	8245	c.srli	x12,0x11	 x12:0x00000007 x12=0x00000000
      174695000	     17370	80003588	119b2613	slti	x12,x22,281	 x22:0x00000000 x12=0x00000001
      174705000	     17371	8000358c	00a9f7b3	and	x15,x19,x10	 x19:0x80021e64 x10:0x00000007 x15=0x00000004
      174715000	     17372	80003590	e505	c.bnez	x10,800035b8	 x10:0x00000007
      174735000	     17374	800035b8	004ff763	bgeu	x31,x4,800035c6	 x31:0x00000007  x4:0x0000001a
      174745000	     17375	800035bc	8d75	c.and	x10,x13	 x10:0x00000007 x13:0x00000000 x10=0x00000000
      174755000	     17376	800035be	00ae4cb3	xor	x25,x28,x10	 x28:0x00000001 x10:0x00000000 x25=0x00000001
      174765000	     17377	800035c2	a0418b13	addi	x22,x3,-1532	  x3:0xfc131000 x22=0xfc130a04
      174775000	     17378	800035c6	ecca2093	slti	x1,x20,-308	 x20:0x7ffde1f8  x1=0x00000000
      174785000	     17379	800035ca	2b4b3f37	lui	x30,0x2b4b3	 x30=0x2b4b3000
      174795000	     17380	800035ce	005fe1b3	or	x3,x31,x5	 x31:0x00000007  x5:0x00003776  x3=0x00003777
      174805000	     17381	800035d2	e501	c.bnez	x10,800035da	 x10:0x00000000
      174815000	     17382	800035d4	862a	c.mv	x12,x10	  x0:0x00000000 x10:0x00000000 x12=0x00000000
      174825000	     17383	800035d6	8f30ac93	slti	x25,x1,-1805	  x1:0x00000000 x25=0x00000000
      174835000	     17384	800035da	34025ff3	csrrwi	x31,mscratch,4	 x31=0x0000000a
      174845000	     17385	800035de	340a3273	csrrc	x4,mscratch,x20	 x20:0x7ffde1f8  x4=0x00000004
      174855000	     17386	800035e2	6279	c.lui	x4,0x1e	  x4=0x0001e000
      174865000	     17387	800035e4	0155	c.addi	x2,21	  x2:0x6eed737f  x2=0x6eed7394
      174875000	     17388	800035e6	d4e90213	addi	x4,x18,-690	 x18:0x00021806  x4=0x00021554
      174885000	     17389	800035ea	50a518b7	lui	x17,0x50a51	 x17=0x50a51000
      174895000	     17390	800035ee	2cdac313	xori	x6,x21,717	 x21:0xc88a3116  x6=0xc88a33db
      174905000	     17391	800035f2	808d	c.srli	x9,0x3	  x9:0x00000331  x9=0x00000066
      174915000	     17392	800035f4	5650c793	xori	x15,x1,1381	  x1:0x00000000 x15=0x00000565
      174955000	     17396	800035f8	02e127b3	mulhsu	x15,x2,x14	  x2:0x6eed7394 x14:0x00000200 x15=0x000000dd
      174965000	     17397	800035fc	01590cb3	add	x25,x18,x21	 x18:0x00021806 x21:0xc88a3116 x25=0xc88c491c
      174975000	     17398	80003600	3404fa73	csrrci	x20,mscratch,9	 x20=0x00000004
      175345000	     17435	80003604	03def2b3	remu	x5,x29,x29	 x29:0x00800000 x29:0x00800000  x5=0x00000000
      175355000	     17436	80003608	c705	c.beqz	x14,80003630	 x14:0x00000200
      175365000	     17437	8000360a	019ed713	srli	x14,x29,0x19	 x29:0x00800000 x14=0x00000000
      175375000	     17438	8000360e	34002073	csrrs	x0,mscratch,x0	  x0:0x00000000  x0=0x00000000
      175385000	     17439	80003612	8d79	c.and	x10,x14	 x10:0x00000000 x14:0x00000000 x10=0x00000000
      175395000	     17440	80003614	06aa	c.slli	x13,0xa	 x13:0x00000000 x13=0x00000000
      175405000	     17441	80003616	62ab2613	slti	x12,x22,1578	 x22:0xfc130a04 x12=0x00000001
      175415000	     17442	8000361a	0814	c.addi4spn	x13,x2,16	 x13=0x6eed73a4
      175425000	     17443	8000361c	34049873	csrrw	x16,mscratch,x9	  x9:0x00000066 x16=0x00000004
      175435000	     17444	80003620	02570563	beq	x14,x5,8000364a	 x14:0x00000000  x5:0x00000000
      175465000	     17447	8000364a	340cadf3	csrrs	x27,mscratch,x25	 x25:0xc88c491c x27=0x00000066
      175475000	     17448	8000364e	8c46	c.mv	x24,x17	  x0:0x00000000 x17:0x50a51000 x24=0x50a51000
      175485000	     17449	80003650	d3942037	lui	x0,0xd3942	  x0=0x00000000
      175495000	     17450	80003654	00a05193	srli	x3,x0,0xa	  x0:0x00000000  x3=0x00000000
      175505000	     17451	80003658	73da8c93	addi	x25,x21,1853	 x21:0xc88a3116 x25=0xc88a3853
      175515000	     17452	8000365c	0f18	c.addi4spn	x14,x2,912	 x14=0x6eed7724
      175525000	     17453	8000365e	001dea63	bltu	x27,x1,80003672	 x27:0x00000066  x1:0x00000000
      175535000	     17454	80003662	34007773	csrrci	x14,mscratch,0	 x14=0xc88c497e
      175905000	     17491	80003666	02cb6333	rem	x6,x22,x12	 x22:0xfc130a04 x12:0x00000001  x6=0x00000000
      175915000	     17492	8000366a	40b15193	srai	x3,x2,0xb	  x2:0x6eed7394  x3=0x000dddae
      175925000	     17493	8000366e	0ff0000f	fence	iorw,iorw	
      175935000	     17494	80003672	00d4fa63	bgeu	x9,x13,80003686	  x9:0x00000066 x13:0x6eed73a4
      175945000	     17495	80003676	84e1	c.srai	x9,0x18	  x9:0x00000066  x9=0x00000000
      175955000	     17496	80003678	dc7a3193	sltiu	x3,x20,-569	 x20:0x00000004  x3=0x00000001
      175965000	     17497	8000367c	da470097	auipc	x1,0xda470	  x1=0x5a47367c
      175975000	     17498	80003680	833d	c.srli	x14,0xf	 x14:0xc88c497e x14=0x00019118
      175985000	     17499	80003682	0ff0000f	fence	iorw,iorw	
      175995000	     17500	80003686	0133e663	bltu	x7,x19,80003692	  x7:0xfaeb9c09 x19:0x80021e64
      176025000	     17503	8000368a	02e80ab3	mul	x21,x16,x14	 x16:0x00000004 x14:0x00019118 x21=0x00064460
      176035000	     17504	8000368e	00fb4763	blt	x22,x15,8000369c	 x22:0xfc130a04 x15:0x000000dd
      176055000	     17506	8000369c	9fd6c297	auipc	x5,0x9fd6c	  x5=0x1fd6f69c
      176065000	     17507	800036a0	717d	c.addi16sp	x2,-16	  x2:0x6eed7394  x2=0x6eed7384
      176075000	     17508	800036a2	0001	c.addi	x0,0	  x0:0x00000000  x0=0x00000000
      176085000	     17509	800036a4	40258f33	sub	x30,x11,x2	 x11:0x6eed74af  x2:0x6eed7384 x30=0x0000012b
      176095000	     17510	800036a8	340e18f3	csrrw	x17,mscratch,x28	 x28:0x00000001 x17=0xc88c497e
      176105000	     17511	800036ac	019fe933	or	x18,x31,x25	 x31:0x0000000a x25:0xc88a3853 x18=0xc88a385b
      176115000	     17512	800036b0	0804	c.addi4spn	x9,x2,16	  x9=0x6eed7394
      176135000	     17514	800036b2	028bde33	divu	x28,x23,x8	 x23:0x7ffde1f8  x8:0x00000000 x28=0xffffffff
      176145000	     17515	800036b6	34006b73	csrrsi	x22,mscratch,0	 x22=0x00000001
      176155000	     17516	800036ba	01e4d293	srli	x5,x9,0x1e	  x9:0x6eed7394  x5=0x00000001
      176165000	     17517	800036be	462d	c.li	x12,11	 x12=0x0000000b
      176175000	     17518	800036c0	1f7d	c.addi	x30,-1	 x30:0x0000012b x30=0x0000012a
      176185000	     17519	800036c2	c205	c.beqz	x12,800036e2	 x12:0x0000000b
      176195000	     17520	800036c4	0001	c.addi	x0,0	  x0:0x00000000  x0=0x00000000
      176205000	     17521	800036c6	34021b73	csrrw	x22,mscratch,x4	  x4:0x00021554 x22=0x00000001
      176215000	     17522	800036ca	0ff0000f	fence	iorw,iorw	
      176225000	     17523	800036ce	340f1b73	csrrw	x22,mscratch,x30	 x30:0x0000012a x22=0x00021554
      176235000	     17524	800036d2	810d	c.srli	x10,0x3	 x10:0x00000000 x10=0x00000000
      176245000	     17525	800036d4	4b136513	ori	x10,x6,1201	  x6:0x00000000 x10=0x000004b1
      176615000	     17562	800036d8	0341c7b3	div	x15,x3,x20	  x3:0x00000001 x20:0x00000004 x15=0x00000000
      176625000	     17563	800036dc	98a6	c.add	x17,x9	 x17:0xc88c497e  x9:0x6eed7394 x17=0x3779bd12
      176665000	     17567	800036de	0310a1b3	mulhsu	x3,x1,x17	  x1:0x5a47367c x17:0x3779bd12  x3=0x13903b0a
      176675000	     17568	800036e2	014e35b3	sltu	x11,x28,x20	 x28:0xffffffff x20:0x00000004 x11=0x00000000
      176685000	     17569	800036e6	027d6663	bltu	x26,x7,80003712	 x26:0x80025ce4  x7:0xfaeb9c09
      177075000	     17608	80003712	0256e0b3	rem	x1,x13,x5	 x13:0x6eed73a4  x5:0x00000001  x1=0x00000000
      177115000	     17612	80003716	03fcabb3	mulhsu	x23,x25,x31	 x25:0xc88a3853 x31:0x0000000a x23=0xfffffffd
      177125000	     17613	8000371a	4ace4f93	xori	x31,x28,1196	 x28:0xffffffff x31=0xfffffb53
      177135000	     17614	8000371e	0001	c.addi	x0,0	  x0:0x00000000  x0=0x00000000
      177145000	     17615	80003720	00bf1033	sll	x0,x30,x11	 x30:0x0000012a x11:0x00000000  x0=0x00000000
      177155000	     17616	80003724	609d	c.lui	x1,0x7	  x1=0x00007000
      177165000	     17617	80003726	00654db3	xor	x27,x10,x6	 x10:0x000004b1  x6:0x00000000 x27=0x000004b1
      177175000	     17618	8000372a	0008e6b3	or	x13,x17,x0	 x17:0x3779bd12  x0:0x00000000 x13=0x3779bd12
      177185000	     17619	8000372e	03107b63	bgeu	x0,x17,80003764	  x0:0x00000000 x17:0x3779bd12
      177195000	     17620	80003732	b50fc837	lui	x16,0xb50fc	 x16=0xb50fc000
      177205000	     17621	80003736	40200733	sub	x14,x0,x2	  x0:0x00000000  x2:0x6eed7384 x14=0x91128c7c
      177215000	     17622	8000373a	8e35	c.xor	x12,x13	 x12:0x0000000b x13:0x3779bd12 x12=0x3779bd19
      177255000	     17626	8000373c	0255ba33	mulhu	x20,x11,x5	 x11:0x00000000  x5:0x00000001 x20=0x00000000
      177265000	     17627	80003740	0132	c.slli	x2,0xc	  x2:0x6eed7384  x2=0xd7384000
      177275000	     17628	80003742	01dddc93	srli	x25,x27,0x1d	 x27:0x000004b1 x25=0x00000000
      177285000	     17629	80003746	8841	c.andi	x8,16	  x8:0x00000000  x8=0x00000000
      177295000	     17630	80003748	0001	c.addi	x0,0	  x0:0x00000000  x0=0x00000000
      177305000	     17631	8000374a	00709b93	slli	x23,x1,0x7	  x1:0x00007000 x23=0x00380000
      177315000	     17632	8000374e	0bba8513	addi	x10,x21,187	 x21:0x00064460 x10=0x0006451b
      177325000	     17633	80003752	0325	c.addi	x6,9	  x6:0x00000000  x6=0x00000009
      177335000	     17634	80003754	873a	c.mv	x14,x14	  x0:0x00000000 x14:0x91128c7c x14=0x91128c7c
      177345000	     17635	80003756	01149e93	slli	x29,x9,0x11	  x9:0x6eed7394 x29=0xe7280000
      177355000	     17636	8000375a	0000100f	fence.i	
      177375000	     17638	8000375e	8d7d	c.and	x10,x15	 x10:0x0006451b x15:0x00000000 x10=0x00000000
      177385000	     17639	80003760	be57eb13	ori	x22,x15,-1051	 x15:0x00000000 x22=0xfffffbe5
      177395000	     17640	80003764	833a	c.mv	x6,x14	  x0:0x00000000 x14:0x91128c7c  x6=0x91128c7c
      177405000	     17641	80003766	6499	c.lui	x9,0x6	  x9=0x00006000
      177415000	     17642	80003768	8efe	c.mv	x29,x31	  x0:0x00000000 x31:0xfffffb53 x29=0xfffffb53
      177425000	     17643	8000376a	91524313	xori	x6,x4,-1771	  x4:0x00021554  x6=0xfffdec41
      177435000	     17644	8000376e	02553293	sltiu	x5,x10,37	 x10:0x00000000  x5=0x00000001
      177445000	     17645	80003772	02481563	bne	x16,x4,8000379c	 x16:0xb50fc000  x4:0x00021554
      177465000	     17647	8000379c	c18d	c.beqz	x11,800037be	 x11:0x00000000
      177495000	     17650	800037be	021fd263	bge	x31,x1,800037e2	 x31:0xfffffb53  x1:0x00007000
      177505000	     17651	800037c2	8c89	c.sub	x9,x10	  x9:0x00006000 x10:0x00000000  x9=0x00006000
      177515000	     17652	800037c4	5dfd	c.li	x27,-1	 x27=0xffffffff
      177525000	     17653	800037c6	34006ff3	csrrsi	x31,mscratch,0	 x31=0x0000012a
      177535000	     17654	800037ca	003f1863	bne	x30,x3,800037da	 x30:0x0000012a  x3:0x13903b0a
      177565000	     17657	800037da	340951f3	csrrwi	x3,mscratch,18	  x3=0x0000012a
      177575000	     17658	800037de	022f5e63	bge	x30,x2,8000381a	 x30:0x0000012a  x2:0xd7384000
      177605000	     17661	8000381a	0386d763	bge	x13,x24,80003848	 x13:0x3779bd12 x24:0x50a51000
      177615000	     17662	8000381e	41165493	srai	x9,x12,0x11	 x12:0x3779bd19  x9=0x00001bbc
      177625000	     17663	80003822	1dfd	c.addi	x27,-1	 x27:0xffffffff x27=0xfffffffe
      177635000	     17664	80003824	73d58613	addi	x12,x11,1853	 x11:0x00000000 x12=0x0000073d
      177645000	     17665	80003828	0279f963	bgeu	x19,x7,8000385a	 x19:0x80021e64  x7:0xfaeb9c09
      177655000	     17666	8000382c	0101fd63	bgeu	x3,x16,80003846	  x3:0x0000012a x16:0xb50fc000
      177665000	     17667	80003830	ca85	c.beqz	x13,80003860	 x13:0x3779bd12
      177675000	     17668	80003832	0000100f	fence.i	
      177705000	     17671	80003836	015e4c33	xor	x24,x28,x21	 x28:0xffffffff x21:0x00064460 x24=0xfff9bb9f
      177715000	     17672	8000383a	03dd0263	beq	x26,x29,8000385e	 x26:0x80025ce4 x29:0xfffffb53
      177725000	     17673	8000383e	014f9293	slli	x5,x31,0x14	 x31:0x0000012a  x5=0x12a00000
      177735000	     17674	80003842	34096973	csrrsi	x18,mscratch,18	 x18=0x00000012
      177745000	     17675	80003846	8be2	c.mv	x23,x24	  x0:0x00000000 x24:0xfff9bb9f x23=0xfff9bb9f
      177755000	     17676	80003848	004f2033	slt	x0,x30,x4	 x30:0x0000012a  x4:0x00021554  x0=0x00000000
      177765000	     17677	8000384c	4569ec93	ori	x25,x19,1110	 x19:0x80021e64 x25=0x80021e76
      178135000	     17714	80003850	032b7eb3	remu	x29,x22,x18	 x22:0xfffffbe5 x18:0x00000012 x29=0x0000000f
      178145000	     17715	80003854	1594	c.addi4spn	x13,x2,736	 x13=0xd73842e0
      178155000	     17716	80003856	340f55f3	csrrwi	x11,mscratch,30	 x11=0x00000012
      178165000	     17717	8000385a	340025f3	csrrs	x11,mscratch,x0	  x0:0x00000000 x11=0x0000001e
      178175000	     17718	8000385e	6159	c.addi16sp	x2,400	  x2:0xd7384000  x2=0xd7384190
      178545000	     17755	80003860	02b4ea33	rem	x20,x9,x11	  x9:0x00001bbc x11:0x0000001e x20=0x00000014
      178555000	     17756	80003864	557d	c.li	x10,-1	 x10=0xffffffff
      178925000	     17793	80003866	034deab3	rem	x21,x27,x20	 x27:0xfffffffe x20:0x00000014 x21=0xfffffffe
      178935000	     17794	8000386a	00760133	add	x2,x12,x7	 x12:0x0000073d  x7:0xfaeb9c09  x2=0xfaeba346
      178945000	     17795	8000386e	21f9b313	sltiu	x6,x19,543	 x19:0x80021e64  x6=0x00000000
      179315000	     17832	80003872	0357cdb3	div	x27,x15,x21	 x15:0x00000000 x21:0xfffffffe x27=0x00000000
      179325000	     17833	80003876	0001	c.addi	x0,0	  x0:0x00000000  x0=0x00000000
      179335000	     17834	80003878	0000100f	fence.i	
      179355000	     17836	8000387c	41f0d033	sra	x0,x1,x31	  x1:0x00007000 x31:0x0000012a  x0=0x00000000
      179725000	     17873	80003880	03c2c133	div	x2,x5,x28	  x5:0x12a00000 x28:0xffffffff  x2=0xed600000
      179735000	     17874	80003884	82f9	c.srli	x13,0x1e	 x13:0xd73842e0 x13=0x00000003
      179745000	     17875	80003886	98fd	c.andi	x9,-1	  x9:0x00001bbc  x9=0x00001bbc
      179755000	     17876	80003888	873a	c.mv	x14,x14	  x0:0x00000000 x14:0x91128c7c x14=0x91128c7c
      179765000	     17877	8000388a	90da	c.add	x1,x22	  x1:0x00007000 x22:0xfffffbe5  x1=0x00006be5
      179775000	     17878	8000388c	3407e873	csrrsi	x16,mscratch,15	 x16=0x0000001e
      179785000	     17879	80003890	41d3dfb3	sra	x31,x7,x29	  x7:0xfaeb9c09 x29:0x0000000f x31=0xfffff5d7
      179795000	     17880	80003894	0021e733	or	x14,x3,x2	  x3:0x0000012a  x2:0xed600000 x14=0xed60012a
      179805000	     17881	80003898	9fb6	c.add	x31,x13	 x31:0xfffff5d7 x13:0x00000003 x31=0xfffff5da
      179825000	     17883	8000389a	02fcff33	remu	x30,x25,x15	 x25:0x80021e76 x15:0x00000000 x30=0x80021e76
      179835000	     17884	8000389e	01dc1663	bne	x24,x29,800038aa	 x24:0xfff9bb9f x29:0x0000000f
      179855000	     17886	800038aa	8ec1	c.or	x13,x8	 x13:0x00000003  x8:0x00000000 x13=0x00000003
      179865000	     17887	800038ac	00182033	slt	x0,x16,x1	 x16:0x0000001e  x1:0x00006be5  x0=0x00000000
      179875000	     17888	800038b0	035bdc63	bge	x23,x21,800038e8	 x23:0xfff9bb9f x21:0xfffffffe
      179885000	     17889	800038b4	c515	c.beqz	x10,800038e0	 x10:0xffffffff
      179905000	     17891	800038b6	028ec5b3	div	x11,x29,x8	 x29:0x0000000f  x8:0x00000000 x11=0xffffffff
      179915000	     17892	800038ba	077a	c.slli	x14,0x1e	 x14:0xed60012a x14=0x80000000
      179925000	     17893	800038bc	006c7563	bgeu	x24,x6,800038c6	 x24:0xfff9bb9f  x6:0x00000000
      179955000	     17896	800038c6	36bc7693	andi	x13,x24,875	 x24:0xfff9bb9f x13=0x0000030b
      179965000	     17897	800038ca	9942	c.add	x18,x16	 x18:0x00000012 x16:0x0000001e x18=0x00000030
      180335000	     17934	800038cc	02d46e33	rem	x28,x8,x13	  x8:0x00000000 x13:0x0000030b x28=0x00000000
      180345000	     17935	800038d0	e66a8d93	addi	x27,x21,-410	 x21:0xfffffffe x27=0xfffffe64
      180385000	     17939	800038d4	035ea6b3	mulhsu	x13,x29,x21	 x29:0x0000000f x21:0xfffffffe x13=0x0000000e
      180395000	     17940	800038d8	00e15c63	bge	x2,x14,800038f0	  x2:0xed600000 x14:0x80000000
      180415000	     17942	800038f0	99fd	c.andi	x11,-1	 x11:0xffffffff x11=0xffffffff
      180425000	     17943	800038f2	0000100f	fence.i	
      180445000	     17945	800038f6	0298	c.addi4spn	x14,x2,320	 x14=0xed600140
      180455000	     17946	800038f8	184e6e93	ori	x29,x28,388	 x28:0x00000000 x29=0x00000184
      180465000	     17947	800038fc	340037f3	csrrc	x15,mscratch,x0	  x0:0x00000000 x15=0x0000001f
      180475000	     17948	80003900	8441	c.srai	x8,0x10	  x8:0x00000000  x8=0x00000000
      180515000	     17952	80003902	0230b633	mulhu	x12,x1,x3	  x1:0x00006be5  x3:0x0000012a x12=0x00000000
      180525000	     17953	80003906	e419	c.bnez	x8,80003914	  x8:0x00000000
      180535000	     17954	80003908	01eb1c33	sll	x24,x22,x30	 x22:0xfffffbe5 x30:0x80021e76 x24=0xf9400000
      180545000	     17955	8000390c	021d1163	bne	x26,x1,8000392e	 x26:0x80025ce4  x1:0x00006be5
      180605000	     17961	8000392e	02bd9b33	mulh	x22,x27,x11	 x27:0xfffffe64 x11:0xffffffff x22=0x00000000
      180615000	     17962	80003932	009a7533	and	x10,x20,x9	 x20:0x00000014  x9:0x00001bbc x10=0x00000014
      180625000	     17963	80003936	03af5663	bge	x30,x26,80003962	 x30:0x80021e76 x26:0x80025ce4
      180635000	     17964	8000393a	814d	c.srli	x10,0x13	 x10:0x00000014 x10=0x00000000
      180645000	     17965	8000393c	8b4e9117	auipc	x2,0x8b4e9	  x2=0x0b4ec93c
      180655000	     17966	80003940	aac76217	auipc	x4,0xaac76	  x4=0x2ac79940
      180665000	     17967	80003944	8ced	c.and	x9,x11	  x9:0x00001bbc x11:0xffffffff  x9=0x00001bbc
      180675000	     17968	80003946	edf13093	sltiu	x1,x2,-289	  x2:0x0b4ec93c  x1=0x00000001
      181045000	     18005	8000394a	0346ecb3	rem	x25,x13,x20	 x13:0x0000000e x20:0x00000014 x25=0x0000000e
      181055000	     18006	8000394e	8f51	c.or	x14,x12	 x14:0xed600140 x12:0x00000000 x14=0xed600140
      181065000	     18007	80003950	8e99	c.sub	x13,x14	 x13:0x0000000e x14:0xed600140 x13=0x129ffece
      181075000	     18008	80003952	9f06	c.add	x30,x1	 x30:0x80021e76  x1:0x00000001 x30=0x80021e77
      181085000	     18009	80003954	8df1	c.and	x11,x12	 x11:0xffffffff x12:0x00000000 x11=0x00000000
      181095000	     18010	80003956	03527763	bgeu	x4,x21,80003984	  x4:0x2ac79940 x21:0xfffffffe
      181105000	     18011	8000395a	a5acce13	xori	x28,x25,-1446	 x25:0x0000000e x28=0xfffffa54
      181115000	     18012	8000395e	008d1c63	bne	x26,x8,80003976	 x26:0x80025ce4  x8:0x00000000
      181135000	     18014	80003976	8c29	c.xor	x8,x10	  x8:0x00000000 x10:0x00000000  x8=0x00000000
      181145000	     18015	80003978	0064a8b3	slt	x17,x9,x6	  x9:0x00001bbc  x6:0x00000000 x17=0x00000000
      181155000	     18016	8000397c	4701	c.li	x14,0	 x14=0x00000000
      181165000	     18017	8000397e	8ecd	c.or	x13,x11	 x13:0x129ffece x11:0x00000000 x13=0x129ffece
      181175000	     18018	80003980	ca49cd97	auipc	x27,0xca49c	 x27=0x4a49f980
      181185000	     18019	80003984	03051763	bne	x10,x16,800039b2	 x10:0x00000000 x16:0x0000001e
      181215000	     18022	800039b2	340c2bf3	csrrs	x23,mscratch,x24	 x24:0xf9400000 x23=0x0000001f
      181225000	     18023	800039b6	bed80813	addi	x16,x16,-1043	 x16:0x0000001e x16=0xfffffc0b
      181245000	     18025	800039ba	02a97eb3	remu	x29,x18,x10	 x18:0x00000030 x10:0x00000000 x29=0x00000030
      181285000	     18029	800039be	02c31533	mulh	x10,x6,x12	  x6:0x00000000 x12:0x00000000 x10=0x00000000
      181295000	     18030	800039c2	0000100f	fence.i	
      181325000	     18033	800039c6	b94a0793	addi	x15,x20,-1132	 x20:0x00000014 x15=0xfffffba8
      181335000	     18034	800039ca	8e21	c.xor	x12,x8	 x12:0x00000000  x8:0x00000000 x12=0x00000000
      181345000	     18035	800039cc	bb4be513	ori	x10,x23,-1100	 x23:0x0000001f x10=0xfffffbbf
      181355000	     18036	800039d0	00d1	c.addi	x1,20	  x1:0x00000001  x1=0x00000015
      181725000	     18073	800039d2	02a742b3	div	x5,x14,x10	 x14:0x00000000 x10:0xfffffbbf  x5=0x00000000
      181735000	     18074	800039d6	6121	c.addi16sp	x2,64	  x2:0x0b4ec93c  x2=0x0b4ec97c
      181745000	     18075	800039d8	8a5d	c.andi	x12,23	 x12:0x00000000 x12=0x00000000
      181755000	     18076	800039da	0f22	c.slli	x30,0x8	 x30:0x80021e77 x30=0x021e7700
      181765000	     18077	800039dc	02146563	bltu	x8,x1,80003a06	  x8:0x00000000  x1:0x00000015
      181795000	     18080	80003a06	00662833	slt	x16,x12,x6	 x12:0x00000000  x6:0x00000000 x16=0x00000000
      181805000	     18081	80003a0a	00214d63	blt	x2,x2,80003a24	  x2:0x0b4ec97c  x2:0x0b4ec97c
      181815000	     18082	80003a0e	8c59	c.or	x8,x14	  x8:0x00000000 x14:0x00000000  x8=0x00000000
      181825000	     18083	80003a10	5bbcb413	sltiu	x8,x25,1467	 x25:0x0000000e  x8=0x00000001
      181845000	     18085	80003a14	02c8ca33	div	x20,x17,x12	 x17:0x00000000 x12:0x00000000 x20=0xffffffff
      181855000	     18086	80003a18	00aa1c33	sll	x24,x20,x10	 x20:0xffffffff x10:0xfffffbbf x24=0x80000000
      181865000	     18087	80003a1c	0eca	c.slli	x29,0x12	 x29:0x00000030 x29=0x00c00000
      181875000	     18088	80003a1e	011d54b3	srl	x9,x26,x17	 x26:0x80025ce4 x17:0x00000000  x9=0x80025ce4
      181885000	     18089	80003a22	8efd	c.and	x13,x15	 x13:0x129ffece x15:0xfffffba8 x13=0x129ffa88
      181895000	     18090	80003a24	005e1a13	slli	x20,x28,0x5	 x28:0xfffffa54 x20=0xffff4a80
      181905000	     18091	80003a28	41505593	srai	x11,x0,0x15	  x0:0x00000000 x11=0x00000000
      181915000	     18092	80003a2c	e231	c.bnez	x12,80003a70	 x12:0x00000000
      181925000	     18093	80003a2e	e40d	c.bnez	x8,80003a58	  x8:0x00000001
      181945000	     18095	80003a58	41338db3	sub	x27,x7,x19	  x7:0xfaeb9c09 x19:0x80021e64 x27=0x7ae97da5
      181955000	     18096	80003a5c	2d444293	xori	x5,x8,724	  x8:0x00000001  x5=0x000002d5
      181965000	     18097	80003a60	0ff0000f	fence	iorw,iorw	
      181975000	     18098	80003a64	01293bb3	sltu	x23,x18,x18	 x18:0x00000030 x18:0x00000030 x23=0x00000000
      181985000	     18099	80003a68	0157d4b3	srl	x9,x15,x21	 x15:0xfffffba8 x21:0xfffffffe  x9=0x00000003
      181995000	     18100	80003a6c	019f0eb3	add	x29,x30,x25	 x30:0x021e7700 x25:0x0000000e x29=0x021e770e
      182005000	     18101	80003a70	02297263	bgeu	x18,x2,80003a94	 x18:0x00000030  x2:0x0b4ec97c
      182045000	     18105	80003a74	03e828b3	mulhsu	x17,x16,x30	 x16:0x00000000 x30:0x021e7700 x17=0x00000000
      182055000	     18106	80003a78	8f5d	c.or	x14,x15	 x14:0x00000000 x15:0xfffffba8 x14=0xfffffba8
      182065000	     18107	80003a7a	9de02293	slti	x5,x0,-1570	  x0:0x00000000  x5=0x00000000
      182105000	     18111	80003a7e	032f2fb3	mulhsu	x31,x30,x18	 x30:0x021e7700 x18:0x00000030 x31=0x00000000
      182115000	     18112	80003a82	8cc5	c.or	x9,x9	  x9:0x00000003  x9:0x00000003  x9=0x00000003
      182485000	     18149	80003a84	03bb58b3	divu	x17,x22,x27	 x22:0x00000000 x27:0x7ae97da5 x17=0x00000000
      182495000	     18150	80003a88	8ec1	c.or	x13,x8	 x13:0x129ffa88  x8:0x00000001 x13=0x129ffa89
      182505000	     18151	80003a8a	0184d763	bge	x9,x24,80003a98	  x9:0x00000003 x24:0x80000000
      182525000	     18153	80003a98	0001	c.addi	x0,0	  x0:0x00000000  x0=0x00000000
      182535000	     18154	80003a9a	8e6d	c.and	x12,x11	 x12:0x00000000 x11:0x00000000 x12=0x00000000
      182545000	     18155	80003a9c	014ee963	bltu	x29,x20,80003aae	 x29:0x021e770e x20:0xffff4a80
      182565000	     18157	80003aae	197d	c.addi	x18,-1	 x18:0x00000030 x18=0x0000002f
      182575000	     18158	80003ab0	cb89	c.beqz	x15,80003ac2	 x15:0xfffffba8
      182585000	     18159	80003ab2	e399	c.bnez	x15,80003ab8	 x15:0xfffffba8
      182605000	     18161	80003ab8	0b96	c.slli	x23,0x5	 x23:0x00000000 x23=0x00000000
      182975000	     18198	80003aba	039440b3	div	x1,x8,x25	  x8:0x00000001 x25:0x0000000e  x1=0x00000000
      182985000	     18199	80003abe	34003973	csrrc	x18,mscratch,x0	  x0:0x00000000 x18=0xf940001f
      182995000	     18200	80003ac2	3400bb73	csrrc	x22,mscratch,x1	  x1:0x00000000 x22=0xf940001f
      183005000	     18201	80003ac6	02c6c963	blt	x13,x12,80003af8	 x13:0x129ffa89 x12:0x00000000
      183025000	     18203	80003aca	03176e33	rem	x28,x14,x17	 x14:0xfffffba8 x17:0x00000000 x28=0xfffffba8
      183035000	     18204	80003ace	007b95b3	sll	x11,x23,x7	 x23:0x00000000  x7:0xfaeb9c09 x11=0x00000000
      183045000	     18205	80003ad2	340422f3	csrrs	x5,mscratch,x8	  x8:0x00000001  x5=0xf940001f
      183055000	     18206	80003ad6	8c51	c.or	x8,x12	  x8:0x00000001 x12:0x00000000  x8=0x00000001
      183065000	     18207	80003ad8	e095	c.bnez	x9,80003afc	  x9:0x00000003
      183085000	     18209	80003afc	f905b317	auipc	x6,0xf905b	  x6=0x7905eafc
      183095000	     18210	80003b00	0ff0000f	fence	iorw,iorw	
      183105000	     18211	80003b04	0000100f	fence.i	
      183125000	     18213	80003b08	8d8fb793	sltiu	x15,x31,-1832	 x31:0x00000000 x15=0x00000001
      183135000	     18214	80003b0c	012a6ab3	or	x21,x20,x18	 x20:0xffff4a80 x18:0xf940001f x21=0xffff4a9f
      183145000	     18215	80003b10	01c7ab33	slt	x22,x15,x28	 x15:0x00000001 x28:0xfffffba8 x22=0x00000000
      183155000	     18216	80003b14	40e18a33	sub	x20,x3,x14	  x3:0x0000012a x14:0xfffffba8 x20=0x00000582
      183165000	     18217	80003b18	ea11	c.bnez	x12,80003b2c	 x12:0x00000000
      183175000	     18218	80003b1a	04679063	bne	x15,x6,80003b5a	 x15:0x00000001  x6:0x7905eafc
      183195000	     18220	80003b5a	8161	c.srli	x10,0x18	 x10:0xfffffbbf x10=0x000000ff
      183205000	     18221	80003b5c	00ab1f13	slli	x30,x22,0xa	 x22:0x00000000 x30=0x00000000
      183225000	     18223	80003b60	03ec4fb3	div	x31,x24,x30	 x24:0x80000000 x30:0x00000000 x31=0xffffffff
      183235000	     18224	80003b64	87ad	c.srai	x15,0xb	 x15:0x00000001 x15=0x00000000
      183245000	     18225	80003b66	01a55e63	bge	x10,x26,80003b82	 x10:0x000000ff x26:0x80025ce4
      183265000	     18227	80003b82	910e	c.add	x2,x3	  x2:0x0b4ec97c  x3:0x0000012a  x2=0x0b4ecaa6
      183275000	     18228	80003b84	8765	c.srai	x14,0x19	 x14:0xfffffba8 x14=0xffffffff
      183285000	     18229	80003b86	5b7d	c.li	x22,-1	 x22=0xffffffff
      183295000	     18230	80003b88	c619	c.beqz	x12,80003b96	 x12:0x00000000
      183315000	     18232	80003b96	50fd	c.li	x1,-1	  x1=0xffffffff
      183325000	     18233	80003b98	ffffc397	auipc	x7,0xffffc	  x7=0x7ffffb98
      183335000	     18234	80003b9c	7da38393	addi	x7,x7,2010	  x7:0x7ffffb98  x7=0x80000372
      183345000	     18235	80003ba0	00038067	jalr	x0,0(x7)	  x7:0x80000372  x0=0x00000000
      183375000	     18238	80000372	90000b37	lui	x22,0x90000	 x22=0x90000000
      183385000	     18239	80000376	1b61	c.addi	x22,-8	 x22:0x90000000 x22=0x8ffffff8
      183395000	     18240	80000378	4601	c.li	x12,0	 x12=0x00000000
      183405000	     18241	8000037a	0622	c.slli	x12,0x8	 x12:0x00000000 x12=0x00000000
      183415000	     18242	8000037c	0605	c.addi	x12,1	 x12:0x00000000 x12=0x00000001
      183425000	     18243	8000037e	00cb2023	sw	x12,0(x22)	 x22:0x8ffffff8 x12:0x00000001 PA:0x8ffffff8 store:0x00000001 load:0x00000000
      183435000	     18244	80000382	00000073	ecall	
      183465000	     18247	80002700	0800006f	jal	x0,80002780	  x0=0x00000000
      183485000	     18249	80002780	1d71	c.addi	x26,-4	 x26:0x80025ce4 x26=0x80025ce0
      183495000	     18250	80002782	013d2023	sw	x19,0(x26)	 x26:0x80025ce0 x19:0x80021e64 PA:0x80025ce0 store:0x80021e64 load:0x00000000
