Time	Cycle	PC	Insn	Decoded instruction	Register and memory contents
       15315000	       664	80000080	40001637	lui	x12,0x40001	 x12=0x40001000
       15335000	       665	80000084	10660613	addi	x12,x12,262	 x12:0x40001000 x12=0x40001106
       15355000	       666	80000088	30161073	csrrw	x0,misa,x12	 x12:0x40001106  x0=0x00000000
       15475000	       672	8000008c	00026d17	auipc	x26,0x26	 x26=0x8002608c
       15495000	       673	80000090	c58d0d13	addi	x26,x26,-936	 x26:0x8002608c x26=0x80025ce4
       15595000	       678	80000094	00002617	auipc	x12,0x2	 x12=0x80002094
       15615000	       679	80000098	66c60613	addi	x12,x12,1644	 x12:0x80002094 x12=0x80002700
       15635000	       680	8000009c	00166613	ori	x12,x12,1	 x12:0x80002700 x12=0x80002701
       15655000	       681	800000a0	30561073	csrrw	x0,mtvec,x12	 x12:0x80002701  x0=0x00000000
       15715000	       684	800000a4	74725073	csrrwi	x0,0x747,4	  x0=0x00000000
       15775000	       687	800000a8	00003397	auipc	x7,0x3	  x7=0x800030a8
       15795000	       688	800000ac	40038393	addi	x7,x7,1024	  x7:0x800030a8  x7=0x800034a8
       15815000	       689	800000b0	4601	c.li	x12,0	 x12=0x00000000
       15835000	       690	800000b2	93b2	c.add	x7,x12	  x7:0x800034a8 x12:0x00000000  x7=0x800034a8
       15955000	       696	800000b4	0023d393	srli	x7,x7,0x2	  x7:0x800034a8  x7=0x20000d2a
       16055000	       701	800000b8	3b039073	csrrw	x0,pmpaddr0,x7	  x7:0x20000d2a  x0=0x00000000
       16215000	       709	800000bc	00003397	auipc	x7,0x3	  x7=0x800030bc
       16235000	       710	800000c0	3ec38393	addi	x7,x7,1004	  x7:0x800030bc  x7=0x800034a8
       16255000	       711	800000c4	11111637	lui	x12,0x11111	 x12=0x11111000
       16275000	       712	800000c8	11160613	addi	x12,x12,273	 x12:0x11111000 x12=0x11111111
       16375000	       717	800000cc	93b2	c.add	x7,x12	  x7:0x800034a8 x12:0x11111111  x7=0x911145b9
       16495000	       723	800000ce	0023d393	srli	x7,x7,0x2	  x7:0x911145b9  x7=0x2444516e
       16655000	       731	800000d2	3b139073	csrrw	x0,pmpaddr1,x7	  x7:0x2444516e  x0=0x00000000
       16955000	       746	800000d6	00003397	auipc	x7,0x3	  x7=0x800030d6
       17055000	       751	800000da	3d238393	addi	x7,x7,978	  x7:0x800030d6  x7=0x800034a8
       17075000	       752	800000de	22222637	lui	x12,0x22222	 x12=0x22222000
       17255000	       761	800000e2	22260613	addi	x12,x12,546	 x12:0x22222000 x12=0x22222222
       17275000	       762	800000e6	93b2	c.add	x7,x12	  x7:0x800034a8 x12:0x22222222  x7=0xa22256ca
       17655000	       781	800000e8	0023d393	srli	x7,x7,0x2	  x7:0xa22256ca  x7=0x288895b2
       17735000	       785	800000ec	3b239073	csrrw	x0,pmpaddr2,x7	  x7:0x288895b2  x0=0x00000000
       17995000	       798	800000f0	00003397	auipc	x7,0x3	  x7=0x800030f0
       18115000	       804	800000f4	3b838393	addi	x7,x7,952	  x7:0x800030f0  x7=0x800034a8
       18255000	       811	800000f8	33333637	lui	x12,0x33333	 x12=0x33333000
       18275000	       812	800000fc	33360613	addi	x12,x12,819	 x12:0x33333000 x12=0x33333333
       18295000	       813	80000100	93b2	c.add	x7,x12	  x7:0x800034a8 x12:0x33333333  x7=0xb33367db
       18435000	       820	80000102	0023d393	srli	x7,x7,0x2	  x7:0xb33367db  x7=0x2cccd9f6
       18575000	       827	80000106	3b339073	csrrw	x0,pmpaddr3,x7	  x7:0x2cccd9f6  x0=0x00000000
       18635000	       830	8000010a	0f0f13b7	lui	x7,0xf0f1	  x7=0x0f0f1000
       18775000	       837	8000010e	f0f38393	addi	x7,x7,-241	  x7:0x0f0f1000  x7=0x0f0f0f0f
       19195000	       858	80000112	3a039073	csrrw	x0,pmpcfg0,x7	  x7:0x0f0f0f0f  x0=0x00000000
       19255000	       861	80000116	00003397	auipc	x7,0x3	  x7=0x80003116
       19275000	       862	8000011a	39238393	addi	x7,x7,914	  x7:0x80003116  x7=0x800034a8
       19655000	       881	8000011e	44444637	lui	x12,0x44444	 x12=0x44444000
       19675000	       882	80000122	44460613	addi	x12,x12,1092	 x12:0x44444000 x12=0x44444444
       19695000	       883	80000126	93b2	c.add	x7,x12	  x7:0x800034a8 x12:0x44444444  x7=0xc44478ec
       19715000	       884	80000128	0023d393	srli	x7,x7,0x2	  x7:0xc44478ec  x7=0x31111e3b
       19995000	       898	8000012c	3b439073	csrrw	x0,pmpaddr4,x7	  x7:0x31111e3b  x0=0x00000000
       20055000	       901	80000130	00003397	auipc	x7,0x3	  x7=0x80003130
       20075000	       902	80000134	37838393	addi	x7,x7,888	  x7:0x80003130  x7=0x800034a8
       20095000	       903	80000138	55555637	lui	x12,0x55555	 x12=0x55555000
       20475000	       922	8000013c	55560613	addi	x12,x12,1365	 x12:0x55555000 x12=0x55555555
       20835000	       940	80000140	93b2	c.add	x7,x12	  x7:0x800034a8 x12:0x55555555  x7=0xd55589fd
       20855000	       941	80000142	0023d393	srli	x7,x7,0x2	  x7:0xd55589fd  x7=0x3555627f
       20895000	       943	80000146	3b539073	csrrw	x0,pmpaddr5,x7	  x7:0x3555627f  x0=0x00000000
       20955000	       946	8000014a	00003397	auipc	x7,0x3	  x7=0x8000314a
       20975000	       947	8000014e	35e38393	addi	x7,x7,862	  x7:0x8000314a  x7=0x800034a8
       21255000	       961	80000152	66666637	lui	x12,0x66666	 x12=0x66666000
       21275000	       962	80000156	66660613	addi	x12,x12,1638	 x12:0x66666000 x12=0x66666666
       21295000	       963	8000015a	93b2	c.add	x7,x12	  x7:0x800034a8 x12:0x66666666  x7=0xe6669b0e
       21615000	       979	8000015c	0023d393	srli	x7,x7,0x2	  x7:0xe6669b0e  x7=0x3999a6c3
       21635000	       980	80000160	3b639073	csrrw	x0,pmpaddr6,x7	  x7:0x3999a6c3  x0=0x00000000
       21695000	       983	80000164	00003397	auipc	x7,0x3	  x7=0x80003164
       21715000	       984	80000168	34438393	addi	x7,x7,836	  x7:0x80003164  x7=0x800034a8
       21895000	       993	8000016c	77777637	lui	x12,0x77777	 x12=0x77777000
       21915000	       994	80000170	77760613	addi	x12,x12,1911	 x12:0x77777000 x12=0x77777777
       21975000	       997	80000174	93b2	c.add	x7,x12	  x7:0x800034a8 x12:0x77777777  x7=0xf777ac1f
       21995000	       998	80000176	0023d393	srli	x7,x7,0x2	  x7:0xf777ac1f  x7=0x3dddeb07
       22015000	       999	8000017a	3b739073	csrrw	x0,pmpaddr7,x7	  x7:0x3dddeb07  x0=0x00000000
       22155000	      1006	8000017e	0f0f13b7	lui	x7,0xf0f1	  x7=0x0f0f1000
       22175000	      1007	80000182	f0f38393	addi	x7,x7,-241	  x7:0x0f0f1000  x7=0x0f0f0f0f
       22195000	      1008	80000186	3a139073	csrrw	x0,pmpcfg1,x7	  x7:0x0f0f0f0f  x0=0x00000000
       22255000	      1011	8000018a	00003397	auipc	x7,0x3	  x7=0x8000318a
       22275000	      1012	8000018e	31e38393	addi	x7,x7,798	  x7:0x8000318a  x7=0x800034a8
       22375000	      1017	80000192	88889637	lui	x12,0x88889	 x12=0x88889000
       22395000	      1018	80000196	88860613	addi	x12,x12,-1912	 x12:0x88889000 x12=0x88888888
       22415000	      1019	8000019a	93b2	c.add	x7,x12	  x7:0x800034a8 x12:0x88888888  x7=0x0888bd30
       22575000	      1027	8000019c	0023d393	srli	x7,x7,0x2	  x7:0x0888bd30  x7=0x02222f4c
       22595000	      1028	800001a0	3b839073	csrrw	x0,pmpaddr8,x7	  x7:0x02222f4c  x0=0x00000000
       22695000	      1033	800001a4	00003397	auipc	x7,0x3	  x7=0x800031a4
       22715000	      1034	800001a8	30438393	addi	x7,x7,772	  x7:0x800031a4  x7=0x800034a8
       22855000	      1041	800001ac	9999a637	lui	x12,0x9999a	 x12=0x9999a000
       23255000	      1061	800001b0	99960613	addi	x12,x12,-1639	 x12:0x9999a000 x12=0x99999999
       23275000	      1062	800001b4	93b2	c.add	x7,x12	  x7:0x800034a8 x12:0x99999999  x7=0x1999ce41
       23475000	      1072	800001b6	0023d393	srli	x7,x7,0x2	  x7:0x1999ce41  x7=0x06667390
       23495000	      1073	800001ba	3b939073	csrrw	x0,pmpaddr9,x7	  x7:0x06667390  x0=0x00000000
       23635000	      1080	800001be	00003397	auipc	x7,0x3	  x7=0x800031be
       23655000	      1081	800001c2	2ea38393	addi	x7,x7,746	  x7:0x800031be  x7=0x800034a8
       24075000	      1102	800001c6	aaaab637	lui	x12,0xaaaab	 x12=0xaaaab000
       24215000	      1109	800001ca	aaa60613	addi	x12,x12,-1366	 x12:0xaaaab000 x12=0xaaaaaaaa
       24235000	      1110	800001ce	93b2	c.add	x7,x12	  x7:0x800034a8 x12:0xaaaaaaaa  x7=0x2aaadf52
       24555000	      1126	800001d0	0023d393	srli	x7,x7,0x2	  x7:0x2aaadf52  x7=0x0aaab7d4
       24575000	      1127	800001d4	3ba39073	csrrw	x0,pmpaddr10,x7	  x7:0x0aaab7d4  x0=0x00000000
       24775000	      1137	800001d8	00003397	auipc	x7,0x3	  x7=0x800031d8
       24955000	      1146	800001dc	2d038393	addi	x7,x7,720	  x7:0x800031d8  x7=0x800034a8
       25075000	      1152	800001e0	bbbbc637	lui	x12,0xbbbbc	 x12=0xbbbbc000
       25495000	      1173	800001e4	bbb60613	addi	x12,x12,-1093	 x12:0xbbbbc000 x12=0xbbbbbbbb
       25595000	      1178	800001e8	93b2	c.add	x7,x12	  x7:0x800034a8 x12:0xbbbbbbbb  x7=0x3bbbf063
       25695000	      1183	800001ea	0023d393	srli	x7,x7,0x2	  x7:0x3bbbf063  x7=0x0eeefc18
       25715000	      1184	800001ee	3bb39073	csrrw	x0,pmpaddr11,x7	  x7:0x0eeefc18  x0=0x00000000
       26135000	      1205	800001f2	0f0f13b7	lui	x7,0xf0f1	  x7=0x0f0f1000
       26155000	      1206	800001f6	f0f38393	addi	x7,x7,-241	  x7:0x0f0f1000  x7=0x0f0f0f0f
       26175000	      1207	800001fa	3a239073	csrrw	x0,pmpcfg2,x7	  x7:0x0f0f0f0f  x0=0x00000000
       26235000	      1210	800001fe	00003397	auipc	x7,0x3	  x7=0x800031fe
       26255000	      1211	80000202	2aa38393	addi	x7,x7,682	  x7:0x800031fe  x7=0x800034a8
       26595000	      1228	80000206	ccccd637	lui	x12,0xccccd	 x12=0xccccd000
       26615000	      1229	8000020a	ccc60613	addi	x12,x12,-820	 x12:0xccccd000 x12=0xcccccccc
       26635000	      1230	8000020e	93b2	c.add	x7,x12	  x7:0x800034a8 x12:0xcccccccc  x7=0x4ccd0174
       26655000	      1231	80000210	0023d393	srli	x7,x7,0x2	  x7:0x4ccd0174  x7=0x1333405d
       26675000	      1232	80000214	3bc39073	csrrw	x0,pmpaddr12,x7	  x7:0x1333405d  x0=0x00000000
       26755000	      1236	80000218	00003397	auipc	x7,0x3	  x7=0x80003218
       26995000	      1248	8000021c	29038393	addi	x7,x7,656	  x7:0x80003218  x7=0x800034a8
       27015000	      1249	80000220	dddde637	lui	x12,0xdddde	 x12=0xdddde000
       27175000	      1257	80000224	ddd60613	addi	x12,x12,-547	 x12:0xdddde000 x12=0xdddddddd
       27455000	      1271	80000228	93b2	c.add	x7,x12	  x7:0x800034a8 x12:0xdddddddd  x7=0x5dde1285
       27475000	      1272	8000022a	0023d393	srli	x7,x7,0x2	  x7:0x5dde1285  x7=0x177784a1
       27495000	      1273	8000022e	3bd39073	csrrw	x0,pmpaddr13,x7	  x7:0x177784a1  x0=0x00000000
       27555000	      1276	80000232	00003397	auipc	x7,0x3	  x7=0x80003232
       27575000	      1277	80000236	27638393	addi	x7,x7,630	  x7:0x80003232  x7=0x800034a8
       27595000	      1278	8000023a	eeeef637	lui	x12,0xeeeef	 x12=0xeeeef000
       27635000	      1280	8000023e	eee60613	addi	x12,x12,-274	 x12:0xeeeef000 x12=0xeeeeeeee
       27655000	      1281	80000242	93b2	c.add	x7,x12	  x7:0x800034a8 x12:0xeeeeeeee  x7=0x6eef2396
       27795000	      1288	80000244	0023d393	srli	x7,x7,0x2	  x7:0x6eef2396  x7=0x1bbbc8e5
       27815000	      1289	80000248	3be39073	csrrw	x0,pmpaddr14,x7	  x7:0x1bbbc8e5  x0=0x00000000
       27975000	      1297	8000024c	00003397	auipc	x7,0x3	  x7=0x8000324c
       27995000	      1298	80000250	25c38393	addi	x7,x7,604	  x7:0x8000324c  x7=0x800034a8
       28075000	      1302	80000254	fff00613	addi	x12,x0,-1	  x0:0x00000000 x12=0xffffffff
       28095000	      1303	80000258	93b2	c.add	x7,x12	  x7:0x800034a8 x12:0xffffffff  x7=0x800034a7
       28275000	      1312	8000025a	0023d393	srli	x7,x7,0x2	  x7:0x800034a7  x7=0x20000d29
       28495000	      1323	8000025e	3bf39073	csrrw	x0,pmpaddr15,x7	  x7:0x20000d29  x0=0x00000000
       28775000	      1337	80000262	0f0f13b7	lui	x7,0xf0f1	  x7=0x0f0f1000
       28855000	      1341	80000266	f0f38393	addi	x7,x7,-241	  x7:0x0f0f1000  x7=0x0f0f0f0f
       28995000	      1348	8000026a	3a339073	csrrw	x0,pmpcfg3,x7	  x7:0x0f0f0f0f  x0=0x00000000
       29335000	      1365	8000026e	00000617	auipc	x12,0x0	 x12=0x8000026e
       29495000	      1373	80000272	05860613	addi	x12,x12,88	 x12:0x8000026e x12=0x800002c6
       29595000	      1378	80000276	34161073	csrrw	x0,mepc,x12	 x12:0x800002c6  x0=0x00000000
       29615000	      1379	8000027a	7c00d073	csrrwi	x0,0x7c0,1	  x0=0x00000000
       29675000	      1382	8000027e	6609	c.lui	x12,0x2	 x12=0x00002000
       30035000	      1400	80000280	80060613	addi	x12,x12,-2048	 x12:0x00002000 x12=0x00001800
       30055000	      1401	80000284	30061073	csrrw	x0,mstatus,x12	 x12:0x00001800  x0=0x00000000
       30115000	      1404	80000288	4601	c.li	x12,0	 x12=0x00000000
       30495000	      1423	8000028a	30461073	csrrw	x0,mie,x12	 x12:0x00000000  x0=0x00000000
       30555000	      1426	8000028e	90000b37	lui	x22,0x90000	 x22=0x90000000
       30575000	      1427	80000292	1b71	c.addi	x22,-4	 x22:0x90000000 x22=0x8ffffffc
       30595000	      1428	80000294	30000613	addi	x12,x0,768	  x0:0x00000000 x12=0x00000300
       30615000	      1429	80000298	0622	c.slli	x12,0x8	 x12:0x00000300 x12=0x00030000
       30635000	      1430	8000029a	060d	c.addi	x12,3	 x12:0x00030000 x12=0x00030003
       30875000	      1442	8000029c	00cb2023	sw	x12,0(x22)	 x22:0x8ffffffc x12:0x00030003 PA:0x8ffffffc store:0x00030003 load:0xffffffff
       30895000	      1443	800002a0	30002673	csrrs	x12,mstatus,x0	  x0:0x00000000 x12=0x00001800
       30955000	      1446	800002a4	00cb2023	sw	x12,0(x22)	 x22:0x8ffffffc x12:0x00001800 PA:0x8ffffffc store:0x00001800 load:0xffffffff
       30975000	      1447	800002a8	90000b37	lui	x22,0x90000	 x22=0x90000000
       30995000	      1448	800002ac	1b71	c.addi	x22,-4	 x22:0x90000000 x22=0x8ffffffc
       31355000	      1466	800002ae	30400613	addi	x12,x0,772	  x0:0x00000000 x12=0x00000304
       31375000	      1467	800002b2	0622	c.slli	x12,0x8	 x12:0x00000304 x12=0x00030400
       31715000	      1484	800002b4	060d	c.addi	x12,3	 x12:0x00030400 x12=0x00030403
       31835000	      1490	800002b6	00cb2023	sw	x12,0(x22)	 x22:0x8ffffffc x12:0x00030403 PA:0x8ffffffc store:0x00030403 load:0xffffffff
       31855000	      1491	800002ba	30402673	csrrs	x12,mie,x0	  x0:0x00000000 x12=0x00000000
       31875000	      1492	800002be	00cb2023	sw	x12,0(x22)	 x22:0x8ffffffc x12:0x00000000 PA:0x8ffffffc store:0x00000000 load:0xffffffff
       31895000	      1493	800002c2	30200073	mret	
       32355000	      1516	800002c6	cdc0a037	lui	x0,0xcdc0a	  x0=0x00000000
       32455000	      1521	800002ca	ec900013	addi	x0,x0,-311	  x0:0x00000000  x0=0x00000000
       32615000	      1529	800002ce	800000b7	lui	x1,0x80000	  x1=0x80000000
       32635000	      1530	800002d2	80000137	lui	x2,0x80000	  x2=0x80000000
       32655000	      1531	800002d6	fff6f1b7	lui	x3,0xfff6f	  x3=0xfff6f000
       32675000	      1532	800002da	beb18193	addi	x3,x3,-1045	  x3:0xfff6f000  x3=0xfff6ebeb
       32695000	      1533	800002de	420d	c.li	x4,3	  x4=0x00000003
       32775000	      1537	800002e0	4281	c.li	x5,0	  x5=0x00000000
       32795000	      1538	800002e2	80000337	lui	x6,0x80000	  x6=0x80000000
       33035000	      1550	800002e6	faeba3b7	lui	x7,0xfaeba	  x7=0xfaeba000
       33055000	      1551	800002ea	c0938393	addi	x7,x7,-1015	  x7:0xfaeba000  x7=0xfaeb9c09
       33075000	      1552	800002ee	4411	c.li	x8,4	  x8=0x00000004
       33375000	      1567	800002f0	4499	c.li	x9,6	  x9=0x00000006
       33575000	      1577	800002f2	ff3c4537	lui	x10,0xff3c4	 x10=0xff3c4000
       33595000	      1578	800002f6	09b50513	addi	x10,x10,155	 x10:0xff3c4000 x10=0xff3c409b
       33675000	      1582	800002fa	f8f265b7	lui	x11,0xf8f26	 x11=0xf8f26000
       33695000	      1583	800002fe	25c58593	addi	x11,x11,604	 x11:0xf8f26000 x11=0xf8f2625c
       33715000	      1584	80000302	80000637	lui	x12,0x80000	 x12=0x80000000
       33735000	      1585	80000306	46ad	c.li	x13,11	 x13=0x0000000b
       33895000	      1593	80000308	7f8da737	lui	x14,0x7f8da	 x14=0x7f8da000
       34315000	      1614	8000030c	33470713	addi	x14,x14,820	 x14:0x7f8da000 x14=0x7f8da334
       34375000	      1617	80000310	fd2187b7	lui	x15,0xfd218	 x15=0xfd218000
       34395000	      1618	80000314	87b78793	addi	x15,x15,-1925	 x15:0xfd218000 x15=0xfd21787b
       34415000	      1619	80000318	4801	c.li	x16,0	 x16=0x00000000
       34435000	      1620	8000031a	489d	c.li	x17,7	 x17=0x00000007
       34835000	      1640	8000031c	4911	c.li	x18,4	 x18=0x00000004
       34855000	      1641	8000031e	f15b6a37	lui	x20,0xf15b6	 x20=0xf15b6000
       35255000	      1661	80000322	b64a0a13	addi	x20,x20,-1180	 x20:0xf15b6000 x20=0xf15b5b64
       35275000	      1662	80000326	f2d69ab7	lui	x21,0xf2d69	 x21=0xf2d69000
       35295000	      1663	8000032a	361a8a93	addi	x21,x21,865	 x21:0xf2d69000 x21=0xf2d69361
       35315000	      1664	8000032e	4b01	c.li	x22,0	 x22=0x00000000
       35335000	      1665	80000330	8fde9bb7	lui	x23,0x8fde9	 x23=0x8fde9000
       35735000	      1685	80000334	a6fb8b93	addi	x23,x23,-1425	 x23:0x8fde9000 x23=0x8fde8a6f
       35895000	      1693	80000338	4c09	c.li	x24,2	 x24=0x00000002
       35975000	      1697	8000033a	7576bcb7	lui	x25,0x7576b	 x25=0x7576b000
       36175000	      1707	8000033e	d53c8c93	addi	x25,x25,-685	 x25:0x7576b000 x25=0x7576ad53
       36195000	      1708	80000342	80000db7	lui	x27,0x80000	 x27=0x80000000
       36215000	      1709	80000346	4e01	c.li	x28,0	 x28=0x00000000
       36235000	      1710	80000348	d947feb7	lui	x29,0xd947f	 x29=0xd947f000
       36255000	      1711	8000034c	9b5e8e93	addi	x29,x29,-1611	 x29:0xd947f000 x29=0xd947e9b5
       36655000	      1731	80000350	4f2d	c.li	x30,11	 x30=0x0000000b
       36675000	      1732	80000352	4f8d	c.li	x31,3	 x31=0x00000003
       36735000	      1735	80000354	00022997	auipc	x19,0x22	 x19=0x80022354
       36755000	      1736	80000358	b1098993	addi	x19,x19,-1264	 x19:0x80022354 x19=0x80021e64
       36775000	      1737	8000035c	90000b37	lui	x22,0x90000	 x22=0x90000000
       36975000	      1747	80000360	1b71	c.addi	x22,-4	 x22:0x90000000 x22=0x8ffffffc
       36995000	      1748	80000362	4601	c.li	x12,0	 x12=0x00000000
       37015000	      1749	80000364	0622	c.slli	x12,0x8	 x12:0x00000000 x12=0x00000000
       37095000	      1753	80000366	00060613	addi	x12,x12,0	 x12:0x00000000 x12=0x00000000
       37155000	      1756	8000036a	00cb2023	sw	x12,0(x22)	 x22:0x8ffffffc x12:0x00000000 PA:0x8ffffffc store:0x00000000 load:0xffffffff
       37175000	      1757	8000036e	13a0306f	jal	x0,800034a8	  x0=0x00000000
       38095000	      1803	800034a8	41368633	sub	x12,x13,x19	 x13:0x0000000b x19:0x80021e64 x12=0x7ffde1a7
       38115000	      1804	800034ac	40e18a33	sub	x20,x3,x14	  x3:0xfff6ebeb x14:0x7f8da334 x20=0x806948b7
       38315000	      1814	800034b0	55577a93	andi	x21,x14,1365	 x14:0x7f8da334 x21=0x00000114
       38335000	      1815	800034b4	84d9	c.srai	x9,0x16	  x9:0x00000006  x9=0x00000000
       38355000	      1816	800034b6	0000100f	fence.i	
       39475000	      1872	800034ba	021d6a33	rem	x20,x26,x1	 x26:0x80025ce4  x1:0x80000000 x20=0x80025ce4
       39495000	      1873	800034be	000fd833	srl	x16,x31,x0	 x31:0x00000003  x0:0x00000000 x16=0x00000003
       39515000	      1874	800034c2	9272	c.add	x4,x28	  x4:0x00000003 x28:0x00000000  x4=0x00000003
       39535000	      1875	800034c4	01865fb3	srl	x31,x12,x24	 x12:0x7ffde1a7 x24:0x00000002 x31=0x1fff7869
       39555000	      1876	800034c8	002785b3	add	x11,x15,x2	 x15:0xfd21787b  x2:0x80000000 x11=0x7d21787b
       39575000	      1877	800034cc	c829	c.beqz	x8,8000351e	  x8:0x00000004
       39595000	      1878	800034ce	8342	c.mv	x6,x16	  x0:0x00000000 x16:0x00000003  x6=0x00000003
       40335000	      1915	800034d0	03d4ddb3	divu	x27,x9,x29	  x9:0x00000000 x29:0xd947e9b5 x27=0x00000000
       41075000	      1952	800034d4	031ef333	remu	x6,x29,x17	 x29:0xd947e9b5 x17:0x00000007  x6=0x00000002
       41115000	      1954	800034d8	02c63933	mulhu	x18,x12,x12	 x12:0x7ffde1a7 x12:0x7ffde1a7 x18=0x3ffde1ab
       41135000	      1955	800034dc	00003717	auipc	x14,0x3	 x14=0x800064dc
       41155000	      1956	800034e0	cde70713	addi	x14,x14,-802	 x14:0x800064dc x14=0x800061ba
       41175000	      1957	800034e4	00ed9f13	slli	x30,x27,0xe	 x27:0x00000000 x30=0x00000000
       41195000	      1958	800034e8	d5870713	addi	x14,x14,-680	 x14:0x800061ba x14=0x80005f12
       41215000	      1959	800034ec	e19065b7	lui	x11,0xe1906	 x11=0xe1906000
       41515000	      1974	800034f0	4061d813	srai	x16,x3,0x6	  x3:0xfff6ebeb x16=0xffffdbaf
       41535000	      1975	800034f4	34076173	csrrsi	x2,mscratch,14	  x2=0x00000000
       41955000	      1996	800034f8	7b89fa93	andi	x21,x19,1976	 x19:0x80021e64 x21=0x00000620
       41975000	      1997	800034fc	01f35493	srli	x9,x6,0x1f	  x6:0x00000002  x9=0x00000000
       41995000	      1998	80003500	2a870ce7	jalr	x25,680(x14)	 x14:0x80005f12 x25=0x80003504
       42815000	      2039	800061ba	0019d093	srli	x1,x19,0x1	 x19:0x80021e64  x1=0x40010f32
       43015000	      2049	800061be	fc098993	addi	x19,x19,-64	 x19:0x80021e64 x19=0x80021e24
       43075000	      2052	800061c2	c7993893	sltiu	x17,x18,-903	 x18:0x3ffde1ab x17=0x00000001
       43095000	      2053	800061c6	340e1373	csrrw	x6,mscratch,x28	 x28:0x00000000  x6=0x0000000e
       43435000	      2070	800061ca	0199a223	sw	x25,4(x19)	 x19:0x80021e24 x25:0x80003504 PA:0x80021e28 store:0x80003504 load:0xffffffff
       43455000	      2071	800061ce	08e1	c.addi	x17,24	 x17:0x00000001 x17=0x00000019
       43475000	      2072	800061d0	40f8d4b3	sra	x9,x17,x15	 x17:0x00000019 x15:0xfd21787b  x9=0x00000000
       43495000	      2073	800061d4	8bd9	c.andi	x15,22	 x15:0xfd21787b x15=0x00000012
       43515000	      2074	800061d6	8f81	c.sub	x15,x8	 x15:0x00000012  x8:0x00000004 x15=0x0000000e
       43535000	      2075	800061d8	40375133	sra	x2,x14,x3	 x14:0x80005f12  x3:0xfff6ebeb  x2=0xfff0000b
       43575000	      2077	800061dc	03ca61b3	rem	x3,x20,x28	 x20:0x80025ce4 x28:0x00000000  x3=0x80025ce4
       43595000	      2078	800061e0	0ff0000f	fence	iorw,iorw	
       43635000	      2080	800061e4	011fd333	srl	x6,x31,x17	 x31:0x1fff7869 x17:0x00000019  x6=0x0000000f
       43715000	      2084	800061e8	0ff0000f	fence	iorw,iorw	
       44135000	      2105	800061ec	008a1663	bne	x20,x8,800061f8	 x20:0x80025ce4  x8:0x00000004
       44455000	      2121	800061f8	9adfdcef	jal	x25,80003ba4	 x25=0x800061fc
       45015000	      2149	80003ba4	018225b3	slt	x11,x4,x24	  x4:0x00000003 x24:0x00000002 x11=0x00000000
       45215000	      2159	80003ba8	01e65593	srli	x11,x12,0x1e	 x12:0x7ffde1a7 x11=0x00000001
       45255000	      2161	80003bac	02579533	mulh	x10,x15,x5	 x15:0x0000000e  x5:0x00000000 x10=0x00000000
       45435000	      2170	80003bb0	613d	c.addi16sp	x2,480	  x2:0xfff0000b  x2=0xfff001eb
       45455000	      2171	80003bb2	87a1	c.srai	x15,0x8	 x15:0x0000000e x15=0x00000000
       45475000	      2172	80003bb4	e109	c.bnez	x10,80003bb6	 x10:0x00000000
       45615000	      2179	80003bb6	fd098993	addi	x19,x19,-48	 x19:0x80021e24 x19=0x80021df4
       45795000	      2188	80003bba	340061f3	csrrsi	x3,mscratch,0	  x3=0x00000000
       46155000	      2206	80003bbe	0199a223	sw	x25,4(x19)	 x19:0x80021df4 x25:0x800061fc PA:0x80021df8 store:0x800061fc load:0xffffffff
       46175000	      2207	80003bc2	78a23f13	sltiu	x30,x4,1930	  x4:0x00000003 x30=0x00000001
       46195000	      2208	80003bc6	8e21	c.xor	x12,x8	 x12:0x7ffde1a7  x8:0x00000004 x12=0x7ffde1a3
       46215000	      2209	80003bc8	4831	c.li	x16,12	 x16=0x0000000c
       46235000	      2210	80003bca	01bb4a63	blt	x22,x27,80003bde	 x22:0x8ffffffc x27:0x00000000
       46395000	      2218	80003bde	cb1d	c.beqz	x14,80003c14	 x14:0x80005f12
       46955000	      2246	80003be0	4189d233	sra	x4,x19,x24	 x19:0x80021df4 x24:0x00000002  x4=0xe000877d
       47955000	      2296	80003be4	02c4c5b3	div	x11,x9,x12	  x9:0x00000000 x12:0x7ffde1a3 x11=0x00000000
       47975000	      2297	80003be8	ef905917	auipc	x18,0xef905	 x18=0x6f908be8
       47995000	      2298	80003bec	0001	c.addi	x0,0	  x0:0x00000000  x0=0x00000000
       48015000	      2299	80003bee	8185	c.srli	x11,0x1	 x11:0x00000000 x11=0x00000000
       48035000	      2300	80003bf0	0c2fb313	sltiu	x6,x31,194	 x31:0x1fff7869  x6=0x00000000
       48055000	      2301	80003bf4	34076673	csrrsi	x12,mscratch,14	 x12=0x00000000
       48275000	      2312	80003bf8	01ead913	srli	x18,x21,0x1e	 x21:0x00000620 x18=0x00000000
       48295000	      2313	80003bfc	405e5c13	srai	x24,x28,0x5	 x28:0x00000000 x24=0x00000000
       48475000	      2322	80003c00	051c	c.addi4spn	x15,x2,640	 x15=0xfff0046b
       48495000	      2323	80003c02	2b9b9c17	auipc	x24,0x2b9b9	 x24=0xab9bcc02
       48515000	      2324	80003c06	8755	c.srai	x14,0x15	 x14:0x80005f12 x14=0xfffffc00
       48535000	      2325	80003c08	831d	c.srli	x14,0x7	 x14:0xfffffc00 x14=0x01fffff8
       48555000	      2326	80003c0a	8c81	c.sub	x9,x8	  x9:0x00000000  x8:0x00000004  x9=0xfffffffc
       48815000	      2339	80003c0c	51a1f913	andi	x18,x3,1306	  x3:0x00000000 x18=0x00000000
       48835000	      2340	80003c10	40110a33	sub	x20,x2,x1	  x2:0xfff001eb  x1:0x40010f32 x20=0xbfeef2b9
       49255000	      2361	80003c14	01e98633	add	x12,x19,x30	 x19:0x80021df4 x30:0x00000001 x12=0x80021df5
       49335000	      2365	80003c18	127d	c.addi	x4,-1	  x4:0xe000877d  x4=0xe000877c
       49355000	      2366	80003c1a	00bf04b3	add	x9,x30,x11	 x30:0x00000001 x11:0x00000000  x9=0x00000001
       49375000	      2367	80003c1e	0698	c.addi4spn	x14,x2,832	 x14=0xfff0052b
       49395000	      2368	80003c20	00189263	bne	x17,x1,80003c24	 x17:0x00000019  x1:0x40010f32
       49715000	      2384	80003c24	000cf633	and	x12,x25,x0	 x25:0x800061fc  x0:0x00000000 x12=0x00000000
       50315000	      2414	80003c28	03b2a033	mulhsu	x0,x5,x27	  x5:0x00000000 x27:0x00000000  x0=0x00000000
       50715000	      2434	80003c2c	0001	c.addi	x0,0	  x0:0x00000000  x0=0x00000000
       50735000	      2435	80003c2e	0871	c.addi	x16,28	 x16:0x0000000c x16=0x00000028
       50755000	      2436	80003c30	c70d	c.beqz	x14,80003c5a	 x14:0xfff0052b
       50815000	      2439	80003c32	34003e73	csrrc	x28,mscratch,x0	  x0:0x00000000 x28=0x0000000e
       50935000	      2445	80003c36	00ef5033	srl	x0,x30,x14	 x30:0x00000001 x14:0xfff0052b  x0=0x00000000
       50955000	      2446	80003c3a	0001	c.addi	x0,0	  x0:0x00000000  x0=0x00000000
       64975000	      3147	80003c3c	f37b7037	lui	x0,0xf37b7	  x0=0x00000000
       64995000	      3148	80003c40	01a19db3	sll	x27,x3,x26	  x3:0x00000000 x26:0x80025ce4 x27=0x00000000
       65015000	      3149	80003c44	41f25e33	sra	x28,x4,x31	  x4:0xe000877c x31:0x1fff7869 x28=0xfff00043
       65035000	      3150	80003c48	01016433	or	x8,x2,x16	  x2:0xfff001eb x16:0x00000028  x8=0xfff001eb
       65055000	      3151	80003c4c	8fbd	c.xor	x15,x15	 x15:0xfff0046b x15:0xfff0046b x15=0x00000000
       65095000	      3153	80003c4e	415f5c93	srai	x25,x30,0x15	 x30:0x00000001 x25=0x00000000
       65315000	      3164	80003c52	34097073	csrrci	x0,mscratch,18	  x0=0x00000000
       65655000	      3181	80003c56	bb2b6313	ori	x6,x22,-1102	 x22:0x8ffffffc  x6=0xfffffffe
       66475000	      3222	80003c5a	02e846b3	div	x13,x16,x14	 x16:0x00000028 x14:0xfff0052b x13=0x00000000
       66495000	      3223	80003c5e	13cd4b93	xori	x23,x26,316	 x26:0x80025ce4 x23=0x80025dd8
       66515000	      3224	80003c62	86a86293	ori	x5,x16,-1942	 x16:0x00000028  x5=0xfffff86a
       67255000	      3261	80003c66	02915e33	divu	x28,x2,x9	  x2:0xfff001eb  x9:0x00000001 x28=0xfff001eb
       67275000	      3262	80003c6a	00cb9133	sll	x2,x23,x12	 x23:0x80025dd8 x12:0x00000000  x2=0x80025dd8
       67295000	      3263	80003c6e	0160d713	srli	x14,x1,0x16	  x1:0x40010f32 x14=0x00000100
       67315000	      3264	80003c72	16fd	c.addi	x13,-1	 x13:0x00000000 x13=0xffffffff
       67335000	      3265	80003c74	34006b73	csrrsi	x22,mscratch,0	 x22=0x0000000c
       68075000	      3302	80003c78	0240c7b3	div	x15,x1,x4	  x1:0x40010f32  x4:0xe000877c x15=0xfffffffe
       68095000	      3303	80003c7c	0f00	c.addi4spn	x8,x2,912	  x8=0x80026168
       68115000	      3304	80003c7e	0086ed63	bltu	x13,x8,80003c98	 x13:0xffffffff  x8:0x80026168
       68135000	      3305	80003c82	8e71	c.and	x12,x12	 x12:0x00000000 x12:0x00000000 x12=0x00000000
       68155000	      3306	80003c84	e911	c.bnez	x10,80003c98	 x10:0x00000000
       68175000	      3307	80003c86	8d15	c.sub	x10,x13	 x10:0x00000000 x13:0xffffffff x10=0x00000001
       68195000	      3308	80003c88	646d	c.lui	x8,0x1b	  x8=0x0001b000
       68235000	      3310	80003c8a	02c8ef33	rem	x30,x17,x12	 x17:0x00000019 x12:0x00000000 x30=0x00000019
       68975000	      3347	80003c8e	02236ab3	rem	x21,x6,x2	  x6:0xfffffffe  x2:0x80025dd8 x21=0xfffffffe
       68995000	      3348	80003c92	016e26b3	slt	x13,x28,x22	 x28:0xfff001eb x22:0x0000000c x13=0x00000001
       69015000	      3349	80003c96	717d	c.addi16sp	x2,-16	  x2:0x80025dd8  x2=0x80025dc8
       69035000	      3350	80003c98	8be1	c.andi	x15,24	 x15:0xfffffffe x15=0x00000018
       69275000	      3362	80003c9a	0049ac83	lw	x25,4(x19)	 x19:0x80021df4 x25=0x800061fc PA:0x80021df8 load:0x800061fc
       69295000	      3363	80003c9e	34002073	csrrs	x0,mscratch,x0	  x0:0x00000000  x0=0x00000000
       69315000	      3364	80003ca2	073a	c.slli	x14,0xe	 x14:0x00000100 x14=0x00400000
       69335000	      3365	80003ca4	0001	c.addi	x0,0	  x0:0x00000000  x0=0x00000000
       69355000	      3366	80003ca6	01b07db3	and	x27,x0,x27	  x0:0x00000000 x27:0x00000000 x27=0x00000000
       69375000	      3367	80003caa	02490633	mul	x12,x18,x4	 x18:0x00000000  x4:0xe000877c x12=0x00000000
       69395000	      3368	80003cae	0009d0b3	srl	x1,x19,x0	 x19:0x80021df4  x0:0x00000000  x1=0x80021df4
       69415000	      3369	80003cb2	03098993	addi	x19,x19,48	 x19:0x80021df4 x19=0x80021e24
       69435000	      3370	80003cb6	85dd	c.srai	x11,0x17	 x11:0x00000000 x11=0x00000000
       69575000	      3377	80003cb8	40c7dc33	sra	x24,x15,x12	 x15:0x00000018 x12:0x00000000 x24=0x00000018
       69595000	      3378	80003cbc	000c8b13	addi	x22,x25,0	 x25:0x800061fc x22=0x800061fc
       69735000	      3385	80003cc0	9b02	c.jalr	x22	 x22:0x800061fc  x1=0x80003cc2
       69775000	      3387	800061fc	00001f17	auipc	x30,0x1	 x30=0x800071fc
       69835000	      3390	80006200	90ef0f13	addi	x30,x30,-1778	 x30:0x800071fc x30=0x80006b0a
       69855000	      3391	80006204	00139013	slli	x0,x7,0x1	  x7:0xfaeb9c09  x0=0x00000000
       69915000	      3394	80006208	0ff0000f	fence	iorw,iorw	
       69935000	      3395	8000620c	9fb2	c.add	x31,x12	 x31:0x1fff7869 x12:0x00000000 x31=0x1fff7869
       69955000	      3396	8000620e	0f75	c.addi	x30,29	 x30:0x80006b0a x30=0x80006b27
       70855000	      3441	80006210	5c7d	c.li	x24,-1	 x24=0xffffffff
       70875000	      3442	80006212	34003273	csrrc	x4,mscratch,x0	  x0:0x00000000  x4=0x0000000c
       70895000	      3443	80006216	8dd1	c.or	x11,x12	 x11:0x00000000 x12:0x00000000 x11=0x00000000
       70935000	      3445	80006218	00ddc633	xor	x12,x27,x13	 x27:0x00000000 x13:0x00000001 x12=0x00000001
       71355000	      3466	8000621c	fe3f0ce7	jalr	x25,-29(x30)	 x30:0x80006b27 x25=0x80006220
       72115000	      3504	80006b0a	00494663	blt	x18,x4,80006b16	 x18:0x00000000  x4:0x0000000c
       72855000	      3541	80006b16	19a1	c.addi	x19,-24	 x19:0x80021e24 x19=0x80021e0c
       73015000	      3549	80006b18	03791433	mulh	x8,x18,x23	 x18:0x00000000 x23:0x80025dd8  x8=0x00000000
       73655000	      3581	80006b1c	0199a223	sw	x25,4(x19)	 x19:0x80021e0c x25:0x80006220 PA:0x80021e10 store:0x80006220 load:0xffffffff
       73835000	      3590	80006b20	34075073	csrrwi	x0,mscratch,14	  x0=0x00000000
       74255000	      3611	80006b24	0deaf293	andi	x5,x21,222	 x21:0xfffffffe  x5=0x000000de
       74275000	      3612	80006b28	8c41	c.or	x8,x8	  x8:0x00000000  x8:0x00000000  x8=0x00000000
       74295000	      3613	80006b2a	8d79	c.and	x10,x14	 x10:0x00000001 x14:0x00400000 x10=0x00000000
       74495000	      3623	80006b2c	00d01bb3	sll	x23,x0,x13	  x0:0x00000000 x13:0x00000001 x23=0x00000000
       75235000	      3660	80006b30	026d5ab3	divu	x21,x26,x6	 x26:0x80025ce4  x6:0xfffffffe x21=0x00000000
       75255000	      3661	80006b34	80a1	c.srli	x9,0x8	  x9:0x00000001  x9=0x00000000
       75275000	      3662	80006b36	1c88	c.addi4spn	x10,x2,624	 x10=0x80026038
       75295000	      3663	80006b38	0fce	c.slli	x31,0x13	 x31:0x1fff7869 x31=0xc3480000
       75315000	      3664	80006b3a	537d	c.li	x6,-1	  x6=0xffffffff
       76055000	      3701	80006b3c	03456db3	rem	x27,x10,x20	 x10:0x80026038 x20:0xbfeef2b9 x27=0xc0136d7f
       76075000	      3702	80006b40	34079973	csrrw	x18,mscratch,x15	 x15:0x00000018 x18=0x0000000e
       76095000	      3703	80006b44	86d9	c.srai	x13,0x16	 x13:0x00000001 x13=0x00000000
       76115000	      3704	80006b46	340e1f73	csrrw	x30,mscratch,x28	 x28:0xfff001eb x30=0x00000018
       76135000	      3705	80006b4a	34007ff3	csrrci	x31,mscratch,0	 x31=0xfff001eb
       76155000	      3706	80006b4e	053f5063	bge	x30,x19,80006b8e	 x30:0x00000018 x19:0x80021e0c
       76855000	      3741	80006b8e	22f48e93	addi	x29,x9,559	  x9:0x00000000 x29=0x0000022f
       76875000	      3742	80006b92	96ee	c.add	x13,x27	 x13:0x00000000 x27:0xc0136d7f x13=0xc0136d7f
       77055000	      3751	80006b94	022c9db3	mulh	x27,x25,x2	 x25:0x80006220  x2:0x80025dc8 x27=0x3ffea00c
       77075000	      3752	80006b98	c4194a37	lui	x20,0xc4194	 x20=0xc4194000
       77235000	      3760	80006b9c	003ff663	bgeu	x31,x3,80006ba8	 x31:0xfff001eb  x3:0x00000000
       77915000	      3794	80006ba8	4c51a113	slti	x2,x3,1221	  x3:0x00000000  x2=0x00000001
       77935000	      3795	80006bac	8031	c.srli	x8,0xc	  x8:0x00000000  x8=0x00000000
       78355000	      3816	80006bae	03dc9063	bne	x25,x29,80006bce	 x25:0x80006220 x29:0x0000022f
       79795000	      3888	80006bce	03c3c7b3	div	x15,x7,x28	  x7:0xfaeb9c09 x28:0xfff001eb x15=0x00000051
       79815000	      3889	80006bd2	ff3aef93	ori	x31,x21,-13	 x21:0x00000000 x31=0xfffffff3
       79835000	      3890	80006bd6	9bd2	c.add	x23,x20	 x23:0x00000000 x20:0xc4194000 x23=0xc4194000
       79855000	      3891	80006bd8	0118	c.addi4spn	x14,x2,128	 x14=0x00000081
       80595000	      3928	80006bda	02da67b3	rem	x15,x20,x13	 x20:0xc4194000 x13:0xc0136d7f x15=0xc4194000
       80615000	      3929	80006bde	8c11	c.sub	x8,x12	  x8:0x00000000 x12:0x00000001  x8=0xffffffff
       80635000	      3930	80006be0	0352d463	bge	x5,x21,80006c08	  x5:0x000000de x21:0x00000000
       80715000	      3934	80006c08	0724a593	slti	x11,x9,114	  x9:0x00000000 x11=0x00000001
       81135000	      3955	80006c0c	00aa7cb3	and	x25,x20,x10	 x20:0xc4194000 x10:0x80026038 x25=0x80004000
       81155000	      3956	80006c10	1b98	c.addi4spn	x14,x2,496	 x14=0x000001f1
       81175000	      3957	80006c12	34002673	csrrs	x12,mscratch,x0	  x0:0x00000000 x12=0xfff001eb
       81195000	      3958	80006c16	c999	c.beqz	x11,80006c2c	 x11:0x00000001
       81235000	      3960	80006c18	023dd133	divu	x2,x27,x3	 x27:0x3ffea00c  x3:0x00000000  x2=0xffffffff
       81255000	      3961	80006c1c	035b7263	bgeu	x22,x21,80006c40	 x22:0x800061fc x21:0x00000000
       81875000	      3992	80006c40	ed2670b7	lui	x1,0xed267	  x1=0xed267000
       82135000	      4005	80006c44	8dd1	c.or	x11,x12	 x11:0x00000001 x12:0xfff001eb x11=0xfff001eb
       82155000	      4006	80006c46	8e19	c.sub	x12,x14	 x12:0xfff001eb x14:0x000001f1 x12=0xffeffffa
       82555000	      4026	80006c48	8fe1	c.and	x15,x8	 x15:0xc4194000  x8:0xffffffff x15=0xc4194000
       82635000	      4030	80006c4a	018ff7b3	and	x15,x31,x24	 x31:0xfffffff3 x24:0xffffffff x15=0xfffffff3
       82655000	      4031	80006c4e	e199	c.bnez	x11,80006c54	 x11:0xfff001eb
       84195000	      4108	80006c54	02b35b33	divu	x22,x6,x11	  x6:0xffffffff x11:0xfff001eb x22=0x00000001
       84215000	      4109	80006c58	00a30fb3	add	x31,x6,x10	  x6:0xffffffff x10:0x80026038 x31=0x80026037
       84235000	      4110	80006c5c	e7cf7493	andi	x9,x30,-388	 x30:0x00000018  x9=0x00000018
       84255000	      4111	80006c60	34003bf3	csrrc	x23,mscratch,x0	  x0:0x00000000 x23=0xfff001eb
       84275000	      4112	80006c64	dc0f6f97	auipc	x31,0xdc0f6	 x31=0x5c0fcc64
       84295000	      4113	80006c68	05c58063	beq	x11,x28,80006ca8	 x11:0xfff001eb x28:0xfff001eb
       84995000	      4148	80006ca8	83a5	c.srli	x15,0x9	 x15:0xfffffff3 x15=0x007fffff
       85015000	      4149	80006caa	0ff0000f	fence	iorw,iorw	
       85755000	      4186	80006cae	0373ccb3	div	x25,x7,x23	  x7:0xfaeb9c09 x23:0xfff001eb x25=0x00000051
       85775000	      4187	80006cb2	01a5ef33	or	x30,x11,x26	 x11:0xfff001eb x26:0x80025ce4 x30=0xfff25def
       85795000	      4188	80006cb6	340d1ef3	csrrw	x29,mscratch,x26	 x26:0x80025ce4 x29=0xfff001eb
       86535000	      4225	80006cba	02dbd333	divu	x6,x23,x13	 x23:0xfff001eb x13:0xc0136d7f  x6=0x00000001
       86555000	      4226	80006cbe	003cf433	and	x8,x25,x3	 x25:0x00000051  x3:0x00000000  x8=0x00000000
       86575000	      4227	80006cc2	021bfb63	bgeu	x23,x1,80006cf8	 x23:0xfff001eb  x1:0xed267000
       86795000	      4238	80006cf8	8e21	c.xor	x12,x8	 x12:0xffeffffa  x8:0x00000000 x12=0xffeffffa
       86815000	      4239	80006cfa	6fc9	c.lui	x31,0x12	 x31=0x00012000
       86835000	      4240	80006cfc	8d51	c.or	x10,x12	 x10:0x80026038 x12:0xffeffffa x10=0xffeffffa
       87035000	      4250	80006cfe	03c9b333	mulhu	x6,x19,x28	 x19:0x80021e0c x28:0xfff001eb  x6=0x7ffa1edf
       87095000	      4253	80006d02	34002773	csrrs	x14,mscratch,x0	  x0:0x00000000 x14=0x80025ce4
       87235000	      4260	80006d06	340056f3	csrrwi	x13,mscratch,0	 x13=0x80025ce4
       87255000	      4261	80006d0a	020c5563	bge	x24,x0,80006d34	 x24:0xffffffff  x0:0x00000000
       87275000	      4262	80006d0e	82e1	c.srli	x13,0x18	 x13:0x80025ce4 x13=0x00000080
       87295000	      4263	80006d10	87cd	c.srai	x15,0x13	 x15:0x007fffff x15=0x0000000f
       87315000	      4264	80006d12	00a3e263	bltu	x7,x10,80006d16	  x7:0xfaeb9c09 x10:0xffeffffa
       87575000	      4277	80006d16	02cfa8b3	mulhsu	x17,x31,x12	 x31:0x00012000 x12:0xffeffffa x17=0x00011fed
       87595000	      4278	80006d1a	0001	c.addi	x0,0	  x0:0x00000000  x0=0x00000000
       87615000	      4279	80006d1c	00639f93	slli	x31,x7,0x6	  x7:0xfaeb9c09 x31=0xbae70240
       88015000	      4299	80006d20	c019	c.beqz	x8,80006d26	  x8:0x00000000
       88755000	      4336	80006d26	812eb093	sltiu	x1,x29,-2030	 x29:0xfff001eb  x1=0x00000001
       89715000	      4384	80006d2a	02ddcdb3	div	x27,x27,x13	 x27:0x3ffea00c x13:0x00000080 x27=0x007ffd40
       89735000	      4385	80006d2e	8fc9	c.or	x15,x10	 x15:0x0000000f x10:0xffeffffa x15=0xffefffff
       89755000	      4386	80006d30	00259913	slli	x18,x11,0x2	 x11:0xfff001eb x18=0xffc007ac
       89775000	      4387	80006d34	0092	c.slli	x1,0x4	  x1:0x00000001  x1=0x00000010
       89795000	      4388	80006d36	717d	c.addi16sp	x2,-16	  x2:0xffffffff  x2=0xffffffef
       89815000	      4389	80006d38	beaed6b7	lui	x13,0xbeaed	 x13=0xbeaed000
       89835000	      4390	80006d3c	ec99	c.bnez	x9,80006d5a	  x9:0x00000018
       90095000	      4403	80006d5a	6149	c.addi16sp	x2,144	  x2:0xffffffef  x2=0x0000007f
       90115000	      4404	80006d5c	013fcd63	blt	x31,x19,80006d76	 x31:0xbae70240 x19:0x80021e0c
       90175000	      4407	80006d60	1c8c	c.addi4spn	x11,x2,624	 x11=0x000002ef
       90315000	      4414	80006d62	67a1e113	ori	x2,x3,1658	  x3:0x00000000  x2=0x0000067a
       90655000	      4431	80006d66	012a0563	beq	x20,x18,80006d70	 x20:0xc4194000 x18:0xffc007ac
       90675000	      4432	80006d6a	0001	c.addi	x0,0	  x0:0x00000000  x0=0x00000000
       90735000	      4435	80006d6c	415c5c93	srai	x25,x24,0x15	 x24:0xffffffff x25=0xffffffff
       90755000	      4436	80006d70	00835863	bge	x6,x8,80006d80	  x6:0x7ffa1edf  x8:0x00000000
       91815000	      4489	80006d80	01d1ed63	bltu	x3,x29,80006d9a	  x3:0x00000000 x29:0xfff001eb
       92535000	      4525	80006d9a	3402f0f3	csrrci	x1,mscratch,5	  x1=0x00000000
       92555000	      4526	80006d9e	8c35	c.xor	x8,x13	  x8:0x00000000 x13:0xbeaed000  x8=0xbeaed000
       92575000	      4527	80006da0	a560dab7	lui	x21,0xa560d	 x21=0xa560d000
       92815000	      4539	80006da4	64e5	c.lui	x9,0x19	  x9=0x00019000
       92835000	      4540	80006da6	03671163	bne	x14,x22,80006dc8	 x14:0x80025ce4 x22:0x00000001
       93615000	      4579	80006dc8	3406de73	csrrwi	x28,mscratch,13	 x28=0x00000000
       94035000	      4600	80006dcc	90ce	c.add	x1,x19	  x1:0x00000000 x19:0x80021e0c  x1=0x80021e0c
       94055000	      4601	80006dce	016a	c.slli	x2,0x1a	  x2:0x0000067a  x2=0xe8000000
       94115000	      4604	80006dd0	0121fe63	bgeu	x3,x18,80006dec	  x3:0x00000000 x18:0xffc007ac
       94535000	      4625	80006dd4	00c11cb3	sll	x25,x2,x12	  x2:0xe8000000 x12:0xffeffffa x25=0x00000000
       94555000	      4626	80006dd8	41fcdab3	sra	x21,x25,x31	 x25:0x00000000 x31:0xbae70240 x21=0x00000000
       94735000	      4635	80006ddc	01a55533	srl	x10,x10,x26	 x10:0xffeffffa x26:0x80025ce4 x10=0x0ffeffff
       94755000	      4636	80006de0	01ce4263	blt	x28,x28,80006de4	 x28:0x00000000 x28:0x00000000
       94775000	      4637	80006de4	d8810813	addi	x16,x2,-632	  x2:0xe8000000 x16=0xe7fffd88
       94795000	      4638	80006de8	013f9093	slli	x1,x31,0x13	 x31:0xbae70240  x1=0x12000000
       94935000	      4645	80006dec	8c39	c.xor	x8,x14	  x8:0xbeaed000 x14:0x80025ce4  x8=0x3eac8ce4
       94955000	      4646	80006dee	008c	c.addi4spn	x11,x2,64	 x11=0xe8000040
       94975000	      4647	80006df0	340e9173	csrrw	x2,mscratch,x29	 x29:0xfff001eb  x2=0x0000000d
       95055000	      4651	80006df4	34003973	csrrc	x18,mscratch,x0	  x0:0x00000000 x18=0xfff001eb
       95475000	      4672	80006df8	01292933	slt	x18,x18,x18	 x18:0xfff001eb x18:0xfff001eb x18=0x00000000
       95495000	      4673	80006dfc	0000100f	fence.i	
       96015000	      4699	80006e00	02375833	divu	x16,x14,x3	 x14:0x80025ce4  x3:0x00000000 x16=0xffffffff
       96035000	      4700	80006e04	6e9d	c.lui	x29,0x7	 x29=0x00007000
       96355000	      4716	80006e06	0ff0000f	fence	iorw,iorw	
       96695000	      4733	80006e0a	dfde6b13	ori	x22,x28,-515	 x28:0x00000000 x22=0xfffffdfd
       96715000	      4734	80006e0e	e1d68293	addi	x5,x13,-483	 x13:0xbeaed000  x5=0xbeaece1d
       96735000	      4735	80006e12	daccc313	xori	x6,x25,-596	 x25:0x00000000  x6=0xfffffdac
       96755000	      4736	80006e16	0001	c.addi	x0,0	  x0:0x00000000  x0=0x00000000
       96775000	      4737	80006e18	8f0d	c.sub	x14,x11	 x14:0x80025ce4 x11:0xe8000040 x14=0x98025ca4
       96795000	      4738	80006e1a	8735	c.srai	x14,0xd	 x14:0x98025ca4 x14=0xfffcc012
       97535000	      4775	80006e1c	029f6533	rem	x10,x30,x9	 x30:0xfff25def  x9:0x00019000 x10=0xfffeddef
       97555000	      4776	80006e20	8340aa13	slti	x20,x1,-1996	  x1:0x12000000 x20=0x00000000
       97575000	      4777	80006e24	00cf7b33	and	x22,x30,x12	 x30:0xfff25def x12:0xffeffffa x22=0xffe25dea
       98315000	      4814	80006e28	02c8ccb3	div	x25,x17,x12	 x17:0x00011fed x12:0xffeffffa x25=0x00000000
       98335000	      4815	80006e2c	00da9d63	bne	x21,x13,80006e46	 x21:0x00000000 x13:0xbeaed000
       98495000	      4823	80006e46	34006df3	csrrsi	x27,mscratch,0	 x27=0xfff001eb
       98515000	      4824	80006e4a	40e2dc93	srai	x25,x5,0xe	  x5:0xbeaece1d x25=0xfffefabb
       98835000	      4840	80006e4e	3404d6f3	csrrwi	x13,mscratch,9	 x13=0xfff001eb
       98855000	      4841	80006e52	8015	c.srli	x8,0x5	  x8:0x3eac8ce4  x8=0x01f56467
       98875000	      4842	80006e54	0ff0000f	fence	iorw,iorw	
       98895000	      4843	80006e58	ee15	c.bnez	x12,80006e94	 x12:0xffeffffa
       99055000	      4851	80006e94	167cb493	sltiu	x9,x25,359	 x25:0xfffefabb  x9=0x00000000
       99475000	      4872	80006e98	340c2bf3	csrrs	x23,mscratch,x24	 x24:0xffffffff x23=0x00000009
       99615000	      4879	80006e9c	b9a03893	sltiu	x17,x0,-1126	  x0:0x00000000 x17=0x00000001
       99635000	      4880	80006ea0	0ff0000f	fence	iorw,iorw	
       99695000	      4883	80006ea4	01cb3f33	sltu	x30,x22,x28	 x22:0xffe25dea x28:0x00000000 x30=0x00000000
       99715000	      4884	80006ea8	517d	c.li	x2,-1	  x2=0xffffffff
       99735000	      4885	80006eaa	3405bb73	csrrc	x22,mscratch,x11	 x11:0xe8000040 x22=0xffffffff
       99935000	      4895	80006eae	03601eb3	mulh	x29,x0,x22	  x0:0x00000000 x22:0xffffffff x29=0x00000000
       99955000	      4896	80006eb2	efeba213	slti	x4,x23,-258	 x23:0x00000009  x4=0x00000000
       99975000	      4897	80006eb6	0338d463	bge	x17,x19,80006ede	 x17:0x00000001 x19:0x80021e0c
      100535000	      4925	80006ede	013e1c13	slli	x24,x28,0x13	 x28:0x00000000 x24=0x00000000
      100555000	      4926	80006ee2	717d	c.addi16sp	x2,-16	  x2:0xffffffff  x2=0xffffffef
      100715000	      4934	80006ee4	8e49	c.or	x12,x10	 x12:0xffeffffa x10:0xfffeddef x12=0xffffffff
      100735000	      4935	80006ee6	8f6d	c.and	x14,x11	 x14:0xfffcc012 x11:0xe8000040 x14=0xe8000000
      100755000	      4936	80006ee8	58160013	addi	x0,x12,1409	 x12:0xffffffff  x0=0x00000000
      101555000	      4976	80006eec	02dbd033	divu	x0,x23,x13	 x23:0x00000009 x13:0xfff001eb  x0=0x00000000
      101575000	      4977	80006ef0	8cb1	c.xor	x9,x12	  x9:0x00000000 x12:0xffffffff  x9=0xffffffff
      101595000	      4978	80006ef2	00011793	slli	x15,x2,0x0	  x2:0xffffffef x15=0xffffffef
      101615000	      4979	80006ef6	0001	c.addi	x0,0	  x0:0x00000000  x0=0x00000000
      101635000	      4980	80006ef8	0000100f	fence.i	
      102275000	      5012	80006efc	01e371b3	and	x3,x6,x30	  x6:0xfffffdac x30:0x00000000  x3=0x00000000
      102295000	      5013	80006f00	05789363	bne	x17,x23,80006f46	 x17:0x00000001 x23:0x00000009
      102495000	      5023	80006f46	cf91	c.beqz	x15,80006f62	 x15:0xffffffef
      107535000	      5275	80006f48	02e95b33	divu	x22,x18,x14	 x18:0x00000000 x14:0xe8000000 x22=0x00000000
      108275000	      5312	80006f4c	02594db3	div	x27,x18,x5	 x18:0x00000000  x5:0xbeaece1d x27=0x00000000
      108295000	      5313	80006f50	01eeaf33	slt	x30,x29,x30	 x29:0x00000000 x30:0x00000000 x30=0x00000000
      109035000	      5350	80006f54	022c68b3	rem	x17,x24,x2	 x24:0x00000000  x2:0xffffffef x17=0x00000000
      109055000	      5351	80006f58	0001	c.addi	x0,0	  x0:0x00000000  x0=0x00000000
      109075000	      5352	80006f5a	0ff0000f	fence	iorw,iorw	
      109095000	      5353	80006f5e	02c3ef63	bltu	x7,x12,80006f9c	  x7:0xfaeb9c09 x12:0xffffffff
      109195000	      5358	80006f9c	02773eb3	mulhu	x29,x14,x7	 x14:0xe8000000  x7:0xfaeb9c09 x29=0xe3658568
      109215000	      5359	80006fa0	17fd	c.addi	x15,-1	 x15:0xffffffef x15=0xffffffee
      109295000	      5363	80006fa2	34006df3	csrrsi	x27,mscratch,0	 x27=0x17ffffbf
      109495000	      5373	80006fa6	00bf58b3	srl	x17,x30,x11	 x30:0x00000000 x11:0xe8000040 x17=0x00000000
      109775000	      5387	80006faa	73e54717	auipc	x14,0x73e54	 x14=0xf3e5afaa
      109795000	      5388	80006fae	847d	c.srai	x8,0x1f	  x8:0x01f56467  x8=0x00000000
      109915000	      5394	80006fb0	0337afb3	mulhsu	x31,x15,x19	 x15:0xffffffee x19:0x80021e0c x31=0xfffffff6
      109995000	      5398	80006fb4	010f8b33	add	x22,x31,x16	 x31:0xfffffff6 x16:0xffffffff x22=0xfffffff5
      110415000	      5419	80006fb8	197d	c.addi	x18,-1	 x18:0x00000000 x18=0xffffffff
      110835000	      5440	80006fba	010c7f63	bgeu	x24,x16,80006fd8	 x24:0x00000000 x16:0xffffffff
      110855000	      5441	80006fbe	34002273	csrrs	x4,mscratch,x0	  x0:0x00000000  x4=0x17ffffbf
      110875000	      5442	80006fc2	3404b0f3	csrrc	x1,mscratch,x9	  x9:0xffffffff  x1=0x17ffffbf
      110895000	      5443	80006fc6	0c98	c.addi4spn	x14,x2,592	 x14=0x0000023f
      110915000	      5444	80006fc8	8a25	c.andi	x12,9	 x12:0xffffffff x12=0x00000009
      110935000	      5445	80006fca	8f89	c.sub	x15,x10	 x15:0xffffffee x10:0xfffeddef x15=0x000121ff
      111315000	      5464	80006fcc	547d	c.li	x8,-1	  x8=0xffffffff
      111335000	      5465	80006fce	85bde613	ori	x12,x27,-1957	 x27:0x17ffffbf x12=0xffffffff
      111355000	      5466	80006fd2	06b1	c.addi	x13,12	 x13:0xfff001eb x13=0xfff001f7
      111395000	      5468	80006fd4	2a3a2e93	slti	x29,x20,675	 x20:0x00000000 x29=0x00000001
      111455000	      5471	80006fd8	0bc06f13	ori	x30,x0,188	  x0:0x00000000 x30=0x000000bc
      111475000	      5472	80006fdc	1090	c.addi4spn	x12,x2,96	 x12=0x0000004f
      111595000	      5478	80006fde	41acd293	srai	x5,x25,0x1a	 x25:0xfffefabb  x5=0xffffffff
      111615000	      5479	80006fe2	02230c63	beq	x6,x2,8000701a	  x6:0xfffffdac  x2:0xffffffef
      111635000	      5480	80006fe6	6121	c.addi16sp	x2,64	  x2:0xffffffef  x2=0x0000002f
      111955000	      5496	80006fe8	ec19	c.bnez	x8,80007006	  x8:0xffffffff
      112335000	      5515	80007006	020dfab3	remu	x21,x27,x0	 x27:0x17ffffbf  x0:0x00000000 x21=0x17ffffbf
      112355000	      5516	8000700a	015d8563	beq	x27,x21,80007014	 x27:0x17ffffbf x21:0x17ffffbf
      113115000	      5554	80007014	4e01	c.li	x28,0	 x28=0x00000000
      113155000	      5556	80007016	567541b7	lui	x3,0x56754	  x3=0x56754000
      113175000	      5557	8000701a	86fd	c.srai	x13,0x1f	 x13:0xfff001f7 x13=0xffffffff
      113195000	      5558	8000701c	8c39	c.xor	x8,x14	  x8:0xffffffff x14:0x0000023f  x8=0xfffffdc0
      113215000	      5559	8000701e	008c9e93	slli	x29,x25,0x8	 x25:0xfffefabb x29=0xfefabb00
      113235000	      5560	80007022	8ca1	c.xor	x9,x8	  x9:0xffffffff  x8:0xfffffdc0  x9=0x0000023f
      113255000	      5561	80007024	32f07a13	andi	x20,x0,815	  x0:0x00000000 x20=0x00000000
      113275000	      5562	80007028	340bd873	csrrwi	x16,mscratch,23	 x16=0x00000000
      113295000	      5563	8000702c	fc413313	sltiu	x6,x2,-60	  x2:0x0000002f  x6=0x00000001
      113315000	      5564	80007030	95c2	c.add	x11,x16	 x11:0xe8000040 x16:0x00000000 x11=0xe8000040
      113695000	      5583	80007032	015af8b3	and	x17,x21,x21	 x21:0x17ffffbf x21:0x17ffffbf x17=0x17ffffbf
      113755000	      5586	80007036	0ff0000f	fence	iorw,iorw	
      113775000	      5587	8000703a	8c55	c.or	x8,x13	  x8:0xfffffdc0 x13:0xffffffff  x8=0xffffffff
      113835000	      5590	8000703c	45dd	c.li	x11,23	 x11=0x00000017
      113975000	      5597	8000703e	01128a63	beq	x5,x17,80007052	  x5:0xffffffff x17:0x17ffffbf
      113995000	      5598	80007042	842f4317	auipc	x6,0x842f4	  x6=0x042fb042
      114015000	      5599	80007046	8cad	c.xor	x9,x11	  x9:0x0000023f x11:0x00000017  x9=0x00000228
      114035000	      5600	80007048	6519	c.lui	x10,0x6	 x10=0x00006000
      114055000	      5601	8000704a	2d5d6613	ori	x12,x26,725	 x26:0x80025ce4 x12=0x80025ef5
      114075000	      5602	8000704e	11fd	c.addi	x3,-1	  x3:0x56754000  x3=0x56753fff
      114095000	      5603	80007050	4ced	c.li	x25,27	 x25=0x0000001b
      114115000	      5604	80007052	8f0d	c.sub	x14,x11	 x14:0x0000023f x11:0x00000017 x14=0x00000228
      114135000	      5605	80007054	25007293	andi	x5,x0,592	  x0:0x00000000  x5=0x00000000
      114195000	      5608	80007058	0024e363	bltu	x9,x2,8000705e	  x9:0x00000228  x2:0x0000002f
      114215000	      5609	8000705c	8bc1	c.andi	x15,16	 x15:0x000121ff x15=0x00000010
      114235000	      5610	8000705e	298fc813	xori	x16,x31,664	 x31:0xfffffff6 x16=0xfffffd6e
      114255000	      5611	80007062	34007473	csrrci	x8,mscratch,0	  x8=0x00000017
      114275000	      5612	80007066	b57c2b93	slti	x23,x24,-1193	 x24:0x00000000 x23=0x00000000
      114315000	      5614	8000706a	027394b3	mulh	x9,x7,x7	  x7:0xfaeb9c09  x7:0xfaeb9c09  x9=0x0019cd87
      114555000	      5626	8000706e	340071f3	csrrci	x3,mscratch,0	  x3=0x00000017
      114575000	      5627	80007072	4261	c.li	x4,24	  x4=0x00000018
      114595000	      5628	80007074	00e0e4b3	or	x9,x1,x14	  x1:0x17ffffbf x14:0x00000228  x9=0x17ffffbf
      114615000	      5629	80007078	018eddb3	srl	x27,x29,x24	 x29:0xfefabb00 x24:0x00000000 x27=0xfefabb00
      114635000	      5630	8000707c	4659	c.li	x12,22	 x12=0x00000016
      114855000	      5641	8000707e	00576963	bltu	x14,x5,80007090	 x14:0x00000228  x5:0x00000000
      114875000	      5642	80007082	0001	c.addi	x0,0	  x0:0x00000000  x0=0x00000000
      114975000	      5647	80007084	009b0263	beq	x22,x9,80007088	 x22:0xfffffff5  x9:0x17ffffbf
      115135000	      5655	80007088	0ff0000f	fence	iorw,iorw	
      115495000	      5673	8000708c	41d00133	sub	x2,x0,x29	  x0:0x00000000 x29:0xfefabb00  x2=0x01054500
      115515000	      5674	80007090	02428cb3	mul	x25,x5,x4	  x5:0x00000000  x4:0x00000018 x25=0x00000000
      115655000	      5681	80007094	9cde	c.add	x25,x23	 x25:0x00000000 x23:0x00000000 x25=0x00000000
      115675000	      5682	80007096	15fd	c.addi	x11,-1	 x11:0x00000017 x11=0x00000016
      115695000	      5683	80007098	40b184b3	sub	x9,x3,x11	  x3:0x00000017 x11:0x00000016  x9=0x00000001
      115855000	      5691	8000709c	0078a833	slt	x16,x17,x7	 x17:0x17ffffbf  x7:0xfaeb9c09 x16=0x00000000
      115875000	      5692	800070a0	87e9	c.srai	x15,0x1a	 x15:0x00000010 x15=0x00000000
      115895000	      5693	800070a2	043c3a93	sltiu	x21,x24,67	 x24:0x00000000 x21=0x00000001
      116255000	      5711	800070a6	aa6c3e13	sltiu	x28,x24,-1370	 x24:0x00000000 x28=0x00000001
      116275000	      5712	800070aa	05205463	bge	x0,x18,800070f2	  x0:0x00000000 x18:0xffffffff
      116955000	      5746	800070f2	9b36	c.add	x22,x13	 x22:0xfffffff5 x13:0xffffffff x22=0xfffffff4
      116975000	      5747	800070f4	01e85713	srli	x14,x16,0x1e	 x16:0x00000000 x14=0x00000000
      116995000	      5748	800070f8	340cbef3	csrrc	x29,mscratch,x25	 x25:0x00000000 x29=0x00000017
      117735000	      5785	800070fc	0357e433	rem	x8,x15,x21	 x15:0x00000000 x21:0x00000001  x8=0x00000000
      117775000	      5787	80007100	023b1db3	mulh	x27,x22,x3	 x22:0xfffffff4  x3:0x00000017 x27=0xffffffff
      117795000	      5788	80007104	3406f473	csrrci	x8,mscratch,13	  x8=0x00000017
      117815000	      5789	80007108	3400d873	csrrwi	x16,mscratch,1	 x16=0x00000012
      117835000	      5790	8000710c	f213a093	slti	x1,x7,-223	  x7:0xfaeb9c09  x1=0x00000001
      117855000	      5791	80007110	0000100f	fence.i	
      118075000	      5802	80007114	340adc73	csrrwi	x24,mscratch,21	 x24=0x00000001
      118295000	      5813	80007118	091c	c.addi4spn	x15,x2,144	 x15=0x01054590
      118315000	      5814	8000711a	4c478d93	addi	x27,x15,1220	 x15:0x01054590 x27=0x01054a54
      118335000	      5815	8000711e	41535c93	srai	x25,x6,0x15	  x6:0x042fb042 x25=0x00000021
      119175000	      5857	80007122	03615a33	divu	x20,x2,x22	  x2:0x01054500 x22:0xfffffff4 x20=0x00000000
      119195000	      5858	80007126	96aaba13	sltiu	x20,x21,-1686	 x21:0x00000001 x20=0x00000001
      119215000	      5859	8000712a	52fd	c.li	x5,-1	  x5=0xffffffff
      119235000	      5860	8000712c	00d1acb3	slt	x25,x3,x13	  x3:0x00000017 x13:0xffffffff x25=0x00000000
      119255000	      5861	80007130	004e3333	sltu	x6,x28,x4	 x28:0x00000001  x4:0x00000018  x6=0x00000001
      119275000	      5862	80007134	340b1273	csrrw	x4,mscratch,x22	 x22:0xfffffff4  x4=0x00000015
      119315000	      5864	80007138	031a92b3	mulh	x5,x21,x17	 x21:0x00000001 x17:0x17ffffbf  x5=0x00000000
      119335000	      5865	8000713c	4f29	c.li	x30,10	 x30=0x0000000a
      120075000	      5902	8000713e	0299e8b3	rem	x17,x19,x9	 x19:0x80021e0c  x9:0x00000001 x17=0x00000000
      120095000	      5903	80007142	8e25	c.xor	x12,x9	 x12:0x00000016  x9:0x00000001 x12=0x00000017
      120115000	      5904	80007144	6141	c.addi16sp	x2,16	  x2:0x01054500  x2=0x01054510
      120135000	      5905	80007146	0000100f	fence.i	
      120655000	      5931	8000714a	92ae	c.add	x5,x11	  x5:0x00000000 x11:0x00000016  x5=0x00000016
      120675000	      5932	8000714c	406ddd93	srai	x27,x27,0x6	 x27:0x01054a54 x27=0x00041529
      121095000	      5953	80007150	34001f73	csrrw	x30,mscratch,x0	  x0:0x00000000 x30=0xfffffff4
      121535000	      5975	80007154	031d7833	remu	x16,x26,x17	 x26:0x80025ce4 x17:0x00000000 x16=0x80025ce4
      121555000	      5976	80007158	01446263	bltu	x8,x20,8000715c	  x8:0x00000017 x20:0x00000001
      121575000	      5977	8000715c	81b5	c.srli	x11,0xd	 x11:0x00000016 x11=0x00000000
      121595000	      5978	8000715e	8e71	c.and	x12,x12	 x12:0x00000017 x12:0x00000017 x12=0x00000017
      121715000	      5984	80007160	628d	c.lui	x5,0x3	  x5=0x00003000
      121735000	      5985	80007162	07a2	c.slli	x15,0x8	 x15:0x01054590 x15=0x05459000
      122135000	      6005	80007164	01c6db33	srl	x22,x13,x28	 x13:0xffffffff x28:0x00000001 x22=0x7fffffff
      122155000	      6006	80007168	024a	c.slli	x4,0x12	  x4:0x00000015  x4=0x00540000
      122335000	      6015	8000716a	60da2f93	slti	x31,x20,1549	 x20:0x00000001 x31=0x00000001
      122355000	      6016	8000716e	015c96b3	sll	x13,x25,x21	 x25:0x00000000 x21:0x00000001 x13=0x00000000
      122375000	      6017	80007172	1d8c	c.addi4spn	x11,x2,752	 x11=0x01054800
      122495000	      6023	80007174	28523213	sltiu	x4,x4,645	  x4:0x00540000  x4=0x00000000
      122695000	      6033	80007178	8c61	c.and	x8,x8	  x8:0x00000017  x8:0x00000017  x8=0x00000017
      122715000	      6034	8000717a	0139cc33	xor	x24,x19,x19	 x19:0x80021e0c x19:0x80021e0c x24=0x00000000
      122735000	      6035	8000717e	340031f3	csrrc	x3,mscratch,x0	  x0:0x00000000  x3=0x00000000
      122875000	      6042	80007182	00ada2b3	slt	x5,x27,x10	 x27:0x00041529 x10:0x00006000  x5=0x00000000
      122895000	      6043	80007186	54094793	xori	x15,x18,1344	 x18:0xffffffff x15=0xfffffabf
      122915000	      6044	8000718a	f84f3b93	sltiu	x23,x30,-124	 x30:0xfffffff4 x23=0x00000000
      122975000	      6047	8000718e	0374b4b3	mulhu	x9,x9,x23	  x9:0x00000001 x23:0x00000000  x9=0x00000000
      122995000	      6048	80007192	80da4193	xori	x3,x20,-2035	 x20:0x00000001  x3=0xfffff80c
      123195000	      6058	80007196	31a27013	andi	x0,x4,794	  x4:0x00000000  x0=0x00000000
      123215000	      6059	8000719a	8ca9	c.xor	x9,x10	  x9:0x00000000 x10:0x00006000  x9=0x00006000
      123395000	      6068	8000719c	00b1bc33	sltu	x24,x3,x11	  x3:0xfffff80c x11:0x01054800 x24=0x00000000
      123415000	      6069	800071a0	8872	c.mv	x16,x28	  x0:0x00000000 x28:0x00000001 x16=0x00000001
      123435000	      6070	800071a2	8d2d	c.xor	x10,x11	 x10:0x00006000 x11:0x01054800 x10=0x01052800
      123615000	      6079	800071a4	340edaf3	csrrwi	x21,mscratch,29	 x21=0x00000000
      123735000	      6085	800071a8	0ff0000f	fence	iorw,iorw	
      123895000	      6093	800071ac	ed81	c.bnez	x11,800071c4	 x11:0x01054800
      124735000	      6135	800071c4	00af85b3	add	x11,x31,x10	 x31:0x00000001 x10:0x01052800 x11=0x01052801
      124755000	      6136	800071c8	108c	c.addi4spn	x11,x2,96	 x11=0x01054570
      125155000	      6156	800071ca	02283f33	mulhu	x30,x16,x2	 x16:0x00000001  x2:0x01054510 x30=0x00000000
      125175000	      6157	800071ce	340cd8f3	csrrwi	x17,mscratch,25	 x17=0x0000001d
      125215000	      6159	800071d2	02dbe433	rem	x8,x23,x13	 x23:0x00000000 x13:0x00000000  x8=0x00000000
      125995000	      6198	800071d6	03487f33	remu	x30,x16,x20	 x16:0x00000001 x20:0x00000001 x30=0x00000000
      126015000	      6199	800071da	00cbffb3	and	x31,x23,x12	 x23:0x00000000 x12:0x00000017 x31=0x00000000
      126035000	      6200	800071de	4010d2b3	sra	x5,x1,x1	  x1:0x00000001  x1:0x00000001  x5=0x00000000
      126055000	      6201	800071e2	017bfc63	bgeu	x23,x23,800071fa	 x23:0x00000000 x23:0x00000000
      126395000	      6218	800071fa	340f5f73	csrrwi	x30,mscratch,30	 x30=0x00000019
      126615000	      6229	800071fe	00848633	add	x12,x9,x8	  x9:0x00006000  x8:0x00000000 x12=0x00006000
      126635000	      6230	80007202	0001	c.addi	x0,0	  x0:0x00000000  x0=0x00000000
      126655000	      6231	80007204	0001	c.addi	x0,0	  x0:0x00000000  x0=0x00000000
      126675000	      6232	80007206	d0f57093	andi	x1,x10,-753	 x10:0x01052800  x1=0x01052800
      126695000	      6233	8000720a	0001	c.addi	x0,0	  x0:0x00000000  x0=0x00000000
      126715000	      6234	8000720c	98fd	c.andi	x9,-1	  x9:0x00006000  x9=0x00006000
      126735000	      6235	8000720e	00d39413	slli	x8,x7,0xd	  x7:0xfaeb9c09  x8=0x73812000
      126875000	      6242	80007212	026e6d63	bltu	x28,x6,8000724c	 x28:0x00000001  x6:0x00000001
      126895000	      6243	80007216	019f0e33	add	x28,x30,x25	 x30:0x00000019 x25:0x00000000 x28=0x00000019
      127095000	      6253	8000721a	0065ce33	xor	x28,x11,x6	 x11:0x01054570  x6:0x00000001 x28=0x01054571
      127915000	      6294	8000721e	02177633	remu	x12,x14,x1	 x14:0x00000000  x1:0x01052800 x12=0x00000000
      127935000	      6295	80007222	002aac33	slt	x24,x21,x2	 x21:0x00000000  x2:0x01054510 x24=0x00000001
      127955000	      6296	80007226	34001173	csrrw	x2,mscratch,x0	  x0:0x00000000  x2=0x0000001e
      127975000	      6297	8000722a	00d907b3	add	x15,x18,x13	 x18:0xffffffff x13:0x00000000 x15=0xffffffff
      127995000	      6298	8000722e	c92cd317	auipc	x6,0xc92cd	  x6=0x492d422e
      128015000	      6299	80007232	34006473	csrrsi	x8,mscratch,0	  x8=0x00000000
      128235000	      6310	80007236	0263bcb3	mulhu	x25,x7,x6	  x7:0xfaeb9c09  x6:0x492d422e x25=0x47b98bc6
      128255000	      6311	8000723a	8a19	c.andi	x12,6	 x12:0x00000000 x12=0x00000000
      128495000	      6323	8000723c	831d	c.srli	x14,0x7	 x14:0x00000000 x14=0x00000000
      128515000	      6324	8000723e	8d31	c.xor	x10,x12	 x10:0x01052800 x12:0x00000000 x10=0x01052800
      128535000	      6325	80007240	00201e13	slli	x28,x0,0x2	  x0:0x00000000 x28=0x00000000
      128695000	      6333	80007244	88b5	c.andi	x9,13	  x9:0x00006000  x9=0x00000000
      128715000	      6334	80007246	987d	c.andi	x8,-1	  x8:0x00000000  x8=0x00000000
      129455000	      6371	80007248	022c55b3	divu	x11,x24,x2	 x24:0x00000001  x2:0x0000001e x11=0x00000000
      129475000	      6372	8000724c	6135	c.addi16sp	x2,352	  x2:0x0000001e  x2=0x0000017e
      129495000	      6373	8000724e	8dad	c.xor	x11,x11	 x11:0x00000000 x11:0x00000000 x11=0x00000000
      129515000	      6374	80007250	01ed4ab3	xor	x21,x26,x30	 x26:0x80025ce4 x30:0x00000019 x21=0x80025cfd
      129535000	      6375	80007254	06e76e93	ori	x29,x14,110	 x14:0x00000000 x29=0x0000006e
      129555000	      6376	80007258	8e3d	c.xor	x12,x15	 x12:0x00000000 x15:0xffffffff x12=0xffffffff
      129575000	      6377	8000725a	ea19	c.bnez	x12,80007270	 x12:0xffffffff
      130055000	      6401	80007270	7e162113	slti	x2,x12,2017	 x12:0xffffffff  x2=0x00000001
      130075000	      6402	80007274	5ffd	c.li	x31,-1	 x31=0xffffffff
      130095000	      6403	80007276	4ad5	c.li	x21,21	 x21=0x00000015
      130115000	      6404	80007278	01951693	slli	x13,x10,0x19	 x10:0x01052800 x13=0x00000000
      130295000	      6413	8000727c	011c67b3	or	x15,x24,x17	 x24:0x00000001 x17:0x0000001d x15=0x0000001d
      130435000	      6420	80007280	0001	c.addi	x0,0	  x0:0x00000000  x0=0x00000000
      130455000	      6421	80007282	0514	c.addi4spn	x13,x2,640	 x13=0x00000281
      130475000	      6422	80007284	0259	c.addi	x4,22	  x4:0x00000000  x4=0x00000016
      130515000	      6424	80007286	34007173	csrrci	x2,mscratch,0	  x2=0x00000000
      130675000	      6432	8000728a	008aa033	slt	x0,x21,x8	 x21:0x00000015  x8:0x00000000  x0=0x00000000
      130695000	      6433	8000728e	9baf8213	addi	x4,x31,-1606	 x31:0xffffffff  x4=0xfffff9b9
      130715000	      6434	80007292	8d25	c.xor	x10,x9	 x10:0x01052800  x9:0x00000000 x10=0x01052800
      130795000	      6438	80007294	a6fa6593	ori	x11,x20,-1425	 x20:0x00000001 x11=0xfffffa6f
      131215000	      6459	80007298	0ff0000f	fence	iorw,iorw	
      131235000	      6460	8000729c	011bd933	srl	x18,x23,x17	 x23:0x00000000 x17:0x0000001d x18=0x00000000
      131255000	      6461	800072a0	cc11	c.beqz	x8,800072bc	  x8:0x00000000
      131855000	      6491	800072bc	8f05	c.sub	x14,x9	 x14:0x00000000  x9:0x00000000 x14=0x00000000
      132715000	      6534	800072be	02514bb3	div	x23,x2,x5	  x2:0x00000000  x5:0x00000000 x23=0xffffffff
      132755000	      6536	800072c2	0000100f	fence.i	
      141135000	      6955	800072c6	14821f17	auipc	x30,0x14821	 x30=0x948282c6
      141155000	      6956	800072ca	5dfd	c.li	x27,-1	 x27=0xffffffff
      141175000	      6957	800072cc	239f08b7	lui	x17,0x239f0	 x17=0x239f0000
      141195000	      6958	800072d0	8f15	c.sub	x14,x13	 x14:0x00000000 x13:0x00000281 x14=0xfffffd7f
      141215000	      6959	800072d2	3f717513	andi	x10,x2,1015	  x2:0x00000000 x10=0x00000000
      141635000	      6980	800072d6	0294f8b3	remu	x17,x9,x9	  x9:0x00000000  x9:0x00000000 x17=0x00000000
      141655000	      6981	800072da	0a2e	c.slli	x20,0xb	 x20:0x00000001 x20=0x00000800
      141755000	      6986	800072dc	3409df73	csrrwi	x30,mscratch,19	 x30=0x00000000
      141775000	      6987	800072e0	34045673	csrrwi	x12,mscratch,8	 x12=0x00000013
      142055000	      7001	800072e4	0a1a	c.slli	x20,0x6	 x20:0x00000800 x20=0x00020000
      142095000	      7003	800072e6	038ba0b3	mulhsu	x1,x23,x24	 x23:0xffffffff x24:0x00000001  x1=0xffffffff
      142115000	      7004	800072ea	0001	c.addi	x0,0	  x0:0x00000000  x0=0x00000000
      142495000	      7023	800072ec	28992793	slti	x15,x18,649	 x18:0x00000000 x15=0x00000001
      143395000	      7068	800072f0	02484933	div	x18,x16,x4	 x16:0x00000001  x4:0xfffff9b9 x18=0x00000000
      143415000	      7069	800072f4	6159	c.addi16sp	x2,400	  x2:0x00000000  x2=0x00000190
      144155000	      7106	800072f6	034bedb3	rem	x27,x23,x20	 x23:0xffffffff x20:0x00020000 x27=0xffffffff
      144175000	      7107	800072fa	431444b7	lui	x9,0x43144	  x9=0x43144000
      144195000	      7108	800072fe	00a7f333	and	x6,x15,x10	 x15:0x00000001 x10:0x00000000  x6=0x00000000
      144215000	      7109	80007302	e485	c.bnez	x9,8000732a	  x9:0x43144000
      144955000	      7146	8000732a	e7abce13	xori	x28,x23,-390	 x23:0xffffffff x28=0x00000185
      145155000	      7156	8000732e	03fa27b3	mulhsu	x15,x20,x31	 x20:0x00020000 x31:0xffffffff x15=0x0001ffff
      145895000	      7193	80007332	03a352b3	divu	x5,x6,x26	  x6:0x00000000 x26:0x80025ce4  x5=0x00000000
      145915000	      7194	80007336	3403e273	csrrsi	x4,mscratch,7	  x4=0x00000008
      145955000	      7196	8000733a	02f1af33	mulhsu	x30,x3,x15	  x3:0xfffff80c x15:0x0001ffff x30=0xffffffff
      145975000	      7197	8000733e	32a88897	auipc	x17,0x32a88	 x17=0xb2a8f33e
      145995000	      7198	80007342	340e91f3	csrrw	x3,mscratch,x29	 x29:0x0000006e  x3=0x0000000f
      146015000	      7199	80007346	00561c63	bne	x12,x5,8000735e	 x12:0x00000013  x5:0x00000000
      146715000	      7234	8000735e	36bf4613	xori	x12,x30,875	 x30:0xffffffff x12=0xfffffc94
      146855000	      7241	80007362	00525663	bge	x4,x5,8000736e	  x4:0x00000008  x5:0x00000000
      147555000	      7276	8000736e	41a45113	srai	x2,x8,0x1a	  x8:0x00000000  x2=0x00000000
      147575000	      7277	80007372	00c9bab3	sltu	x21,x19,x12	 x19:0x80021e0c x12:0xfffffc94 x21=0x00000001
      147595000	      7278	80007376	002a4733	xor	x14,x20,x2	 x20:0x00020000  x2:0x00000000 x14=0x00020000
      147615000	      7279	8000737a	91ae	c.add	x3,x11	  x3:0x0000000f x11:0xfffffa6f  x3=0xfffffa7e
      147875000	      7292	8000737c	3405ae73	csrrs	x28,mscratch,x11	 x11:0xfffffa6f x28=0x0000006e
      147895000	      7293	80007380	878d	c.srai	x15,0x3	 x15:0x0001ffff x15=0x00003fff
      148075000	      7302	80007382	9ec70e93	addi	x29,x14,-1556	 x14:0x00020000 x29=0x0001f9ec
      148095000	      7303	80007386	00a01eb3	sll	x29,x0,x10	  x0:0x00000000 x10:0x00000000 x29=0x00000000
      148115000	      7304	8000738a	05a47063	bgeu	x8,x26,800073ca	  x8:0x00000000 x26:0x80025ce4
      148295000	      7313	8000738e	0000100f	fence.i	
      148815000	      7339	80007392	866d	c.srai	x12,0x1b	 x12:0xfffffc94 x12=0xffffffff
      149735000	      7385	80007394	03b445b3	div	x11,x8,x27	  x8:0x00000000 x27:0xffffffff x11=0x00000000
      149755000	      7386	80007398	8929	c.andi	x10,10	 x10:0x00000000 x10=0x00000000
      149775000	      7387	8000739a	3bb0aa93	slti	x21,x1,955	  x1:0xffffffff x21=0x00000001
      149795000	      7388	8000739e	e389	c.bnez	x15,800073a0	 x15:0x00003fff
      149875000	      7392	800073a0	01ea36b3	sltu	x13,x20,x30	 x20:0x00020000 x30:0xffffffff x13=0x00000001
      149895000	      7393	800073a4	00751913	slli	x18,x10,0x7	 x10:0x00000000 x18=0x00000000
      149995000	      7398	800073a8	f7136e13	ori	x28,x6,-143	  x6:0x00000000 x28=0xffffff71
      150275000	      7412	800073ac	016d9bb3	sll	x23,x27,x22	 x27:0xffffffff x22:0x7fffffff x23=0x80000000
      150295000	      7413	800073b0	85ad	c.srai	x11,0xb	 x11:0x00000000 x11=0x00000000
      150435000	      7420	800073b2	026254b3	divu	x9,x4,x6	  x4:0x00000008  x6:0x00000000  x9=0xffffffff
      150455000	      7421	800073b6	0001	c.addi	x0,0	  x0:0x00000000  x0=0x00000000
      150475000	      7422	800073b8	03896263	bltu	x18,x24,800073dc	 x18:0x00000000 x24:0x00000001
      151095000	      7453	800073dc	0001	c.addi	x0,0	  x0:0x00000000  x0=0x00000000
      151135000	      7455	800073de	02f6ec63	bltu	x13,x15,80007416	 x13:0x00000001 x15:0x00003fff
      151295000	      7463	80007416	8db5	c.xor	x11,x13	 x11:0x00000000 x13:0x00000001 x11=0x00000001
      151315000	      7464	80007418	788ac937	lui	x18,0x788ac	 x18=0x788ac000
      151855000	      7491	8000741c	547d	c.li	x8,-1	  x8=0xffffffff
      151875000	      7492	8000741e	8f61	c.and	x14,x8	 x14:0x00020000  x8:0xffffffff x14=0x00020000
      151915000	      7494	80007420	0271a0b3	mulhsu	x1,x3,x7	  x3:0xfffffa7e  x7:0xfaeb9c09  x1=0xfffffa99
      151935000	      7495	80007424	04085263	bge	x16,x0,80007468	 x16:0x00000001  x0:0x00000000
      152075000	      7502	80007468	4ee9	c.li	x29,26	 x29=0x0000001a
      152095000	      7503	8000746a	0001	c.addi	x0,0	  x0:0x00000000  x0=0x00000000
      152115000	      7504	8000746c	23587113	andi	x2,x16,565	 x16:0x00000001  x2=0x00000001
      152135000	      7505	80007470	34007973	csrrci	x18,mscratch,0	 x18=0xfffffa6f
      152295000	      7513	80007474	017e6a63	bltu	x28,x23,80007488	 x28:0xffffff71 x23:0x80000000
      152415000	      7519	80007478	017ac5b3	xor	x11,x21,x23	 x21:0x00000001 x23:0x80000000 x11=0x80000001
      152795000	      7538	8000747c	005b08b3	add	x17,x22,x5	 x22:0x7fffffff  x5:0x00000000 x17=0x7fffffff
      152815000	      7539	80007480	7efc0593	addi	x11,x24,2031	 x24:0x00000001 x11=0x000007f0
      153095000	      7553	80007484	008ac833	xor	x16,x21,x8	 x21:0x00000001  x8:0xffffffff x16=0xfffffffe
      153115000	      7554	80007488	0001	c.addi	x0,0	  x0:0x00000000  x0=0x00000000
      153155000	      7556	8000748a	0307b133	mulhu	x2,x15,x16	 x15:0x00003fff x16:0xfffffffe  x2=0x00003ffe
      153175000	      7557	8000748e	406cd0b3	sra	x1,x25,x6	 x25:0x47b98bc6  x6:0x00000000  x1=0x47b98bc6
      153235000	      7560	80007492	0000100f	fence.i	
      153575000	      7577	80007496	82e1	c.srli	x13,0x18	 x13:0x00000001 x13=0x00000000
      153595000	      7578	80007498	41415b13	srai	x22,x2,0x14	  x2:0x00003ffe x22=0x00000000
      153935000	      7595	8000749c	40830833	sub	x16,x6,x8	  x6:0x00000000  x8:0xffffffff x16=0x00000001
      153955000	      7596	800074a0	017d7833	and	x16,x26,x23	 x26:0x80025ce4 x23:0x80000000 x16=0x80000000
      153975000	      7597	800074a4	8e15	c.sub	x12,x13	 x12:0xffffffff x13:0x00000000 x12=0xffffffff
      153995000	      7598	800074a6	c399	c.beqz	x15,800074ac	 x15:0x00003fff
      154015000	      7599	800074a8	00e8d493	srli	x9,x17,0xe	 x17:0x7fffffff  x9=0x0001ffff
      154035000	      7600	800074ac	cf99	c.beqz	x15,800074ca	 x15:0x00003fff
      154475000	      7622	800074ae	02d2d533	divu	x10,x5,x13	  x5:0x00000000 x13:0x00000000 x10=0xffffffff
      154875000	      7642	800074b2	00729433	sll	x8,x5,x7	  x5:0x00000000  x7:0xfaeb9c09  x8=0x00000000
      154895000	      7643	800074b6	00604663	blt	x0,x6,800074c2	  x0:0x00000000  x6:0x00000000
      155315000	      7664	800074ba	01ef6663	bltu	x30,x30,800074c6	 x30:0xffffffff x30:0xffffffff
      155375000	      7667	800074be	0000100f	fence.i	
      156435000	      7720	800074c2	0ff0000f	fence	iorw,iorw	
      156455000	      7721	800074c6	4020dfb3	sra	x31,x1,x2	  x1:0x47b98bc6  x2:0x00003ffe x31=0x00000001
      156475000	      7722	800074ca	0c04	c.addi4spn	x9,x2,528	  x9=0x0000420e
      156555000	      7726	800074cc	018ba333	slt	x6,x23,x24	 x23:0x80000000 x24:0x00000001  x6=0x00000001
      156575000	      7727	800074d0	03fb8f63	beq	x23,x31,8000750e	 x23:0x80000000 x31:0x00000001
      156995000	      7748	800074d4	12c830b7	lui	x1,0x12c83	  x1=0x12c83000
      157195000	      7758	800074d8	18fd	c.addi	x17,-1	 x17:0x7fffffff x17=0x7ffffffe
      157315000	      7764	800074da	78daba13	sltiu	x20,x21,1933	 x21:0x00000001 x20=0x00000001
      157335000	      7765	800074de	0684	c.addi4spn	x9,x2,832	  x9=0x0000433e
      157495000	      7773	800074e0	0180da33	srl	x20,x1,x24	  x1:0x12c83000 x24:0x00000001 x20=0x09641800
      157515000	      7774	800074e4	00b3dc63	bge	x7,x11,800074fc	  x7:0xfaeb9c09 x11:0x000007f0
      157535000	      7775	800074e8	00089d93	slli	x27,x17,0x0	 x17:0x7ffffffe x27=0x7ffffffe
      157655000	      7781	800074ec	340034f3	csrrc	x9,mscratch,x0	  x0:0x00000000  x9=0xfffffa6f
      157795000	      7788	800074f0	02a3b633	mulhu	x12,x7,x10	  x7:0xfaeb9c09 x10:0xffffffff x12=0xfaeb9c08
      157815000	      7789	800074f4	0b96	c.slli	x23,0x5	 x23:0x80000000 x23=0x00000000
      157835000	      7790	800074f6	8359	c.srli	x14,0x16	 x14:0x00020000 x14=0x00000000
      157855000	      7791	800074f8	6119	c.addi16sp	x2,384	  x2:0x00003ffe  x2=0x0000417e
      157875000	      7792	800074fa	8c6d	c.and	x8,x11	  x8:0x00000000 x11:0x000007f0  x8=0x00000000
      157895000	      7793	800074fc	0001	c.addi	x0,0	  x0:0x00000000  x0=0x00000000
      157915000	      7794	800074fe	0001	c.addi	x0,0	  x0:0x00000000  x0=0x00000000
      158275000	      7812	80007500	0253cf63	blt	x7,x5,8000753e	  x7:0xfaeb9c09  x5:0x00000000
      159195000	      7858	8000753e	34015cf3	csrrwi	x25,mscratch,2	 x25=0xfffffa6f
      159335000	      7865	80007542	02d0f563	bgeu	x1,x13,8000756c	  x1:0x12c83000 x13:0x00000000
      160075000	      7902	8000756c	717d	c.addi16sp	x2,-16	  x2:0x0000417e  x2=0x0000416e
      160095000	      7903	8000756e	0ad2	c.slli	x21,0x14	 x21:0x00000001 x21=0x00100000
      160255000	      7911	80007570	8be1	c.andi	x15,24	 x15:0x00003fff x15=0x00000018
      160395000	      7918	80007572	05210163	beq	x2,x18,800075b4	  x2:0x0000416e x18:0xfffffa6f
      160415000	      7919	80007576	8cb9	c.xor	x9,x14	  x9:0xfffffa6f x14:0x00000000  x9=0xfffffa6f
      160555000	      7926	80007578	340b1ff3	csrrw	x31,mscratch,x22	 x22:0x00000000 x31=0x00000002
      160575000	      7927	8000757c	018f5213	srli	x4,x30,0x18	 x30:0xffffffff  x4=0x000000ff
      160755000	      7936	80007580	00a1ca33	xor	x20,x3,x10	  x3:0xfffffa7e x10:0xffffffff x20=0x00000581
      160935000	      7945	80007584	1008	c.addi4spn	x10,x2,32	 x10=0x0000418e
      161255000	      7961	80007586	340d58f3	csrrwi	x17,mscratch,26	 x17=0x00000000
      161275000	      7962	8000758a	7ec88893	addi	x17,x17,2028	 x17:0x00000000 x17=0x000007ec
      161295000	      7963	8000758e	0f14	c.addi4spn	x13,x2,912	 x13=0x000044fe
      161355000	      7966	80007590	a9d36937	lui	x18,0xa9d36	 x18=0xa9d36000
      161375000	      7967	80007594	340cecf3	csrrsi	x25,mscratch,25	 x25=0x0000001a
      161415000	      7969	80007598	03b49833	mulh	x16,x9,x27	  x9:0xfffffa6f x27:0x7ffffffe x16=0xfffffd37
      161435000	      7970	8000759c	340afe73	csrrci	x28,mscratch,21	 x28=0x0000001b
      161735000	      7985	800075a0	010ddc33	srl	x24,x27,x16	 x27:0x7ffffffe x16:0xfffffd37 x24=0x000000ff
      161755000	      7986	800075a4	021df363	bgeu	x27,x1,800075ca	 x27:0x7ffffffe  x1:0x12c83000
      162515000	      8024	800075ca	f56591b7	lui	x3,0xf5659	  x3=0xf5659000
      162695000	      8033	800075ce	030fa333	mulhsu	x6,x31,x16	 x31:0x00000002 x16:0xfffffd37  x6=0x00000001
      162715000	      8034	800075d2	01ea5c93	srli	x25,x20,0x1e	 x20:0x00000581 x25=0x00000000
      162735000	      8035	800075d6	0ff0000f	fence	iorw,iorw	
      162775000	      8037	800075da	70afbe13	sltiu	x28,x31,1802	 x31:0x00000002 x28=0x00000001
      162795000	      8038	800075de	d45eef93	ori	x31,x29,-699	 x29:0x0000001a x31=0xfffffd5f
      162855000	      8041	800075e2	012f3933	sltu	x18,x30,x18	 x30:0xffffffff x18:0xa9d36000 x18=0x00000000
      163275000	      8062	800075e6	340b94f3	csrrw	x9,mscratch,x23	 x23:0x00000000  x9=0x0000000a
      163295000	      8063	800075ea	0001	c.addi	x0,0	  x0:0x00000000  x0=0x00000000
      163335000	      8065	800075ec	02a99b33	mulh	x22,x19,x10	 x19:0x80021e0c x10:0x0000418e x22=0xffffdf39
      163475000	      8072	800075f0	01de5c93	srli	x25,x28,0x1d	 x28:0x00000001 x25=0x00000000
      163495000	      8073	800075f4	9456	c.add	x8,x21	  x8:0x00000000 x21:0x00100000  x8=0x00100000
      163515000	      8074	800075f6	9692	c.add	x13,x4	 x13:0x000044fe  x4:0x000000ff x13=0x000045fd
      163915000	      8094	800075f8	0000100f	fence.i	
      164515000	      8124	800075fc	1f9c	c.addi4spn	x15,x2,1008	 x15=0x0000455e
      164835000	      8140	800075fe	0081b8b3	sltu	x17,x3,x8	  x3:0xf5659000  x8:0x00100000 x17=0x00000000
      164895000	      8143	80007602	0ff0000f	fence	iorw,iorw	
      164915000	      8144	80007606	340f3c73	csrrc	x24,mscratch,x30	 x30:0xffffffff x24=0x00000000
      165655000	      8181	8000760a	02c76eb3	rem	x29,x14,x12	 x14:0x00000000 x12:0xfaeb9c08 x29=0x00000000
      165675000	      8182	8000760e	0abded93	ori	x27,x27,171	 x27:0x7ffffffe x27=0x7fffffff
      165695000	      8183	80007612	a434e513	ori	x10,x9,-1469	  x9:0x0000000a x10=0xfffffa4b
      165735000	      8185	80007616	02ee18b3	mulh	x17,x28,x14	 x28:0x00000001 x14:0x00000000 x17=0x00000000
      165755000	      8186	8000761a	340bd273	csrrwi	x4,mscratch,23	  x4=0x00000000
      165775000	      8187	8000761e	0000100f	fence.i	
      177475000	      8772	80007622	1cfd	c.addi	x25,-1	 x25:0x00000000 x25=0xffffffff
      177495000	      8773	80007624	009995b3	sll	x11,x19,x9	 x19:0x80021e0c  x9:0x0000000a x11=0x08783000
      177515000	      8774	80007628	340bd473	csrrwi	x8,mscratch,23	  x8=0x00000017
      177535000	      8775	8000762c	012580b3	add	x1,x11,x18	 x11:0x08783000 x18:0x00000000  x1=0x08783000
      177555000	      8776	80007630	8e6d	c.and	x12,x11	 x12:0xfaeb9c08 x11:0x08783000 x12=0x08681000
      177575000	      8777	80007632	340075f3	csrrci	x11,mscratch,0	 x11=0x00000017
      177595000	      8778	80007636	8d99	c.sub	x11,x14	 x11:0x00000017 x14:0x00000000 x11=0x00000017
      177615000	      8779	80007638	0115db33	srl	x22,x11,x17	 x11:0x00000017 x17:0x00000000 x22=0x00000017
      177995000	      8798	8000763c	00ec3f33	sltu	x30,x24,x14	 x24:0x00000000 x14:0x00000000 x30=0x00000000
      178415000	      8819	80007640	c586ae13	slti	x28,x13,-936	 x13:0x000045fd x28=0x00000000
      178435000	      8820	80007644	1b90	c.addi4spn	x12,x2,496	 x12=0x0000435e
      178455000	      8821	80007646	340f6273	csrrsi	x4,mscratch,30	  x4=0x00000017
      178475000	      8822	8000764a	305ae413	ori	x8,x21,773	 x21:0x00100000  x8=0x00100305
      178495000	      8823	8000764e	1f88	c.addi4spn	x10,x2,1008	 x10=0x0000455e
      178575000	      8827	80007650	5f7d	c.li	x30,-1	 x30=0xffffffff
      179715000	      8884	80007652	02bff1b3	remu	x3,x31,x11	 x31:0xfffffd5f x11:0x00000017  x3=0x00000006
      179735000	      8885	80007656	0000100f	fence.i	
      180095000	      8903	8000765a	34006ff3	csrrsi	x31,mscratch,0	 x31=0x0000001f
      180215000	      8909	8000765e	016d8733	add	x14,x27,x22	 x27:0x7fffffff x22:0x00000017 x14=0x80000016
      180235000	      8910	80007662	0001	c.addi	x0,0	  x0:0x00000000  x0=0x00000000
      180255000	      8911	80007664	34025b73	csrrwi	x22,mscratch,4	 x22=0x0000001f
      180275000	      8912	80007668	9a7d	c.andi	x12,-1	 x12:0x0000435e x12=0x0000435e
      180295000	      8913	8000766a	0000100f	fence.i	
      180435000	      8920	8000766e	e9373717	auipc	x14,0xe9373	 x14=0x6937a66e
      180895000	      8943	80007672	573ac113	xori	x2,x21,1395	 x21:0x00100000  x2=0x00100573
      180915000	      8944	80007676	024e6d63	bltu	x28,x4,800076b0	 x28:0x00000000  x4:0x00000017
      181395000	      8968	800076b0	34002ff3	csrrs	x31,mscratch,x0	  x0:0x00000000 x31=0x00000004
      181695000	      8983	800076b4	01625913	srli	x18,x4,0x16	  x4:0x00000017 x18=0x00000000
      181715000	      8984	800076b8	0f10	c.addi4spn	x12,x2,912	 x12=0x00100903
      181735000	      8985	800076ba	8c59	c.or	x8,x14	  x8:0x00100305 x14:0x6937a66e  x8=0x6937a76f
      181755000	      8986	800076bc	41340633	sub	x12,x8,x19	  x8:0x6937a76f x19:0x80021e0c x12=0xe9358963
      181795000	      8988	800076c0	0ff0000f	fence	iorw,iorw	
      181815000	      8989	800076c4	c011	c.beqz	x8,800076c8	  x8:0x6937a76f
      181835000	      8990	800076c6	9ff6	c.add	x31,x29	 x31:0x00000004 x29:0x00000000 x31=0x00000004
      181855000	      8991	800076c8	01e18cb3	add	x25,x3,x30	  x3:0x00000006 x30:0xffffffff x25=0x00000005
      182215000	      9009	800076cc	00cfcf63	blt	x31,x12,800076ea	 x31:0x00000004 x12:0xe9358963
      182235000	      9010	800076d0	01649893	slli	x17,x9,0x16	  x9:0x0000000a x17=0x02800000
      182395000	      9018	800076d4	ef09	c.bnez	x14,800076ee	 x14:0x6937a66e
      183035000	      9050	800076ee	0490c163	blt	x1,x9,80007730	  x1:0x08783000  x9:0x0000000a
      183055000	      9051	800076f2	01c9ddb3	srl	x27,x19,x28	 x19:0x80021e0c x28:0x00000000 x27=0x80021e0c
      183075000	      9052	800076f6	2b1ec8b7	lui	x17,0x2b1ec	 x17=0x2b1ec000
      183095000	      9053	800076fa	3ef10813	addi	x16,x2,1007	  x2:0x00100573 x16=0x00100962
      183115000	      9054	800076fe	0000100f	fence.i	
      183595000	      9078	80007702	00ee9b13	slli	x22,x29,0xe	 x29:0x00000000 x22=0x00000000
      183655000	      9081	80007706	ec32be13	sltiu	x28,x5,-317	  x5:0x00000000 x28=0x00000001
      183675000	      9082	8000770a	e1e07893	andi	x17,x0,-482	  x0:0x00000000 x17=0x00000000
      183695000	      9083	8000770e	8c19	c.sub	x8,x14	  x8:0x6937a76f x14:0x6937a66e  x8=0x00000101
      183715000	      9084	80007710	0a80	c.addi4spn	x8,x2,336	  x8=0x001006c3
      183735000	      9085	80007712	6ba5	c.lui	x23,0x9	 x23=0x00009000
      183775000	      9087	80007714	86dd	c.srai	x13,0x17	 x13:0x000045fd x13=0x00000000
      184195000	      9108	80007716	00987d63	bgeu	x16,x9,80007730	 x16:0x00100962  x9:0x0000000a
      184795000	      9138	80007730	017fdf63	bge	x31,x23,8000774e	 x31:0x00000004 x23:0x00009000
      185215000	      9159	80007734	87164793	xori	x15,x12,-1935	 x12:0xe9358963 x15=0x16ca7112
      185235000	      9160	80007738	01639293	slli	x5,x7,0x16	  x7:0xfaeb9c09  x5=0x02400000
      185255000	      9161	8000773c	0001	c.addi	x0,0	  x0:0x00000000  x0=0x00000000
      185275000	      9162	8000773e	8af1	c.andi	x13,28	 x13:0x00000000 x13=0x00000000
      185675000	      9182	80007740	0188d793	srli	x15,x17,0x18	 x17:0x00000000 x15=0x00000000
      186095000	      9203	80007744	8275	c.srli	x12,0x1d	 x12:0xe9358963 x12=0x00000007
      186515000	      9224	80007746	3402e6f3	csrrsi	x13,mscratch,5	 x13=0x00000004
      186535000	      9225	8000774a	408fd713	srai	x14,x31,0x8	 x31:0x00000004 x14=0x00000000
      186555000	      9226	8000774e	e785	c.bnez	x15,80007776	 x15:0x00000000
      186955000	      9246	80007750	0ff0000f	fence	iorw,iorw	
      186975000	      9247	80007754	9509c813	xori	x16,x19,-1712	 x19:0x80021e0c x16=0x7ffde75c
      186995000	      9248	80007758	00edbeb3	sltu	x29,x27,x14	 x27:0x80021e0c x14:0x00000000 x29=0x00000000
      187275000	      9262	8000775c	00642a33	slt	x20,x8,x6	  x8:0x001006c3  x6:0x00000001 x20=0x00000000
      187295000	      9263	80007760	eb01	c.bnez	x14,80007770	 x14:0x00000000
      187315000	      9264	80007762	81b5	c.srli	x11,0xd	 x11:0x00000017 x11=0x00000000
      187335000	      9265	80007764	0ff0000f	fence	iorw,iorw	
      187375000	      9267	80007768	34045273	csrrwi	x4,mscratch,8	  x4=0x00000005
      187395000	      9268	8000776c	01c29793	slli	x15,x5,0x1c	  x5:0x02400000 x15=0x00000000
      187415000	      9269	80007770	01d6c433	xor	x8,x13,x29	 x13:0x00000004 x29:0x00000000  x8=0x00000004
      187515000	      9274	80007774	8dc5	c.or	x11,x9	 x11:0x00000000  x9:0x0000000a x11=0x0000000a
      187535000	      9275	80007776	0001	c.addi	x0,0	  x0:0x00000000  x0=0x00000000
      187555000	      9276	80007778	04354163	blt	x10,x3,800077ba	 x10:0x0000455e  x3:0x00000006
      187635000	      9280	8000777c	79096317	auipc	x6,0x79096	  x6=0xf909d77c
      187675000	      9282	80007780	01a957b3	srl	x15,x18,x26	 x18:0x00000000 x26:0x80025ce4 x15=0x00000000
      188495000	      9323	80007784	03bdcb33	div	x22,x27,x27	 x27:0x80021e0c x27:0x80021e0c x22=0x00000001
      188515000	      9324	80007788	c595	c.beqz	x11,800077b4	 x11:0x0000000a
      188535000	      9325	8000778a	ede9f593	andi	x11,x19,-290	 x19:0x80021e0c x11=0x80021e0c
      188555000	      9326	8000778e	01feae33	slt	x28,x29,x31	 x29:0x00000000 x31:0x00000004 x28=0x00000001
      188955000	      9346	80007792	03663bb3	mulhu	x23,x12,x22	 x12:0x00000007 x22:0x00000001 x23=0x00000000
      189255000	      9361	80007796	2bac16b7	lui	x13,0x2bac1	 x13=0x2bac1000
      189615000	      9379	8000779a	419f57b3	sra	x15,x30,x25	 x30:0xffffffff x25:0x00000005 x15=0xffffffff
      189635000	      9380	8000779e	6ad1	c.lui	x21,0x14	 x21=0x00014000
      189655000	      9381	800077a0	340c58f3	csrrwi	x17,mscratch,24	 x17=0x00000008
      189815000	      9389	800077a4	03d01133	mulh	x2,x0,x29	  x0:0x00000000 x29:0x00000000  x2=0x00000000
      189835000	      9390	800077a8	51fd	c.li	x3,-1	  x3=0xffffffff
      189855000	      9391	800077aa	89e5	c.andi	x11,25	 x11:0x80021e0c x11=0x00000008
      190155000	      9406	800077ac	ed7f2493	slti	x9,x30,-297	 x30:0xffffffff  x9=0x00000000
      190275000	      9412	800077b0	41fe0933	sub	x18,x28,x31	 x28:0x00000001 x31:0x00000004 x18=0xfffffffd
      190355000	      9416	800077b4	0001	c.addi	x0,0	  x0:0x00000000  x0=0x00000000
      190455000	      9421	800077b6	00c04033	xor	x0,x0,x12	  x0:0x00000000 x12:0x00000007  x0=0x00000000
      190475000	      9422	800077ba	8fd5	c.or	x15,x13	 x15:0xffffffff x13:0x2bac1000 x15=0xffffffff
      190495000	      9423	800077bc	0000100f	fence.i	
      190675000	      9432	800077c0	01a01bb3	sll	x23,x0,x26	  x0:0x00000000 x26:0x80025ce4 x23=0x00000000
      190755000	      9436	800077c4	41a2d513	srai	x10,x5,0x1a	  x5:0x02400000 x10=0x00000000
      190955000	      9446	800077c8	8cad	c.xor	x9,x11	  x9:0x00000000 x11:0x00000008  x9=0x00000008
      190975000	      9447	800077ca	0001	c.addi	x0,0	  x0:0x00000000  x0=0x00000000
      191035000	      9450	800077cc	19663d93	sltiu	x27,x12,406	 x12:0x00000007 x27=0x00000001
      191055000	      9451	800077d0	87cd	c.srai	x15,0x13	 x15:0xffffffff x15=0xffffffff
      191075000	      9452	800077d2	57fd	c.li	x15,-1	 x15=0xffffffff
      191095000	      9453	800077d4	003b4263	blt	x22,x3,800077d8	 x22:0x00000001  x3:0xffffffff
      191115000	      9454	800077d8	000a9c93	slli	x25,x21,0x0	 x21:0x00014000 x25=0x00014000
      191515000	      9474	800077dc	34059df3	csrrw	x27,mscratch,x11	 x11:0x00000008 x27=0x00000018
      191535000	      9475	800077e0	86d9	c.srai	x13,0x16	 x13:0x2bac1000 x13=0x000000ae
      191555000	      9476	800077e2	00d77663	bgeu	x14,x13,800077ee	 x14:0x00000000 x13:0x000000ae
      191915000	      9494	800077e6	03ff2a93	slti	x21,x30,63	 x30:0xffffffff x21=0x00000001
      192055000	      9501	800077ea	9244b293	sltiu	x5,x9,-1756	  x9:0x00000008  x5=0x00000001
      192075000	      9502	800077ee	36ba2f93	slti	x31,x20,875	 x20:0x00000000 x31=0x00000001
      192495000	      9523	800077f2	0161dfb3	srl	x31,x3,x22	  x3:0xffffffff x22:0x00000001 x31=0x7fffffff
      192515000	      9524	800077f6	01341f33	sll	x30,x8,x19	  x8:0x00000004 x19:0x80021e0c x30=0x00004000
      192795000	      9538	800077fa	0034f863	bgeu	x9,x3,8000780a	  x9:0x00000008  x3:0xffffffff
      192815000	      9539	800077fe	03bb5263	bge	x22,x27,80007822	 x22:0x00000001 x27:0x00000018
      193015000	      9549	80007802	40bfec93	ori	x25,x31,1035	 x31:0x7fffffff x25=0x7fffffff
      193035000	      9550	80007806	34071473	csrrw	x8,mscratch,x14	 x14:0x00000000  x8=0x00000008
      193195000	      9558	8000780a	011d97b3	sll	x15,x27,x17	 x27:0x00000018 x17:0x00000008 x15=0x00001800
      193235000	      9560	8000780e	0322a833	mulhsu	x16,x5,x18	  x5:0x00000001 x18:0xfffffffd x16=0x00000000
      193495000	      9573	80007812	4174d633	sra	x12,x9,x23	  x9:0x00000008 x23:0x00000000 x12=0x00000008
      193615000	      9579	80007816	0032dc13	srli	x24,x5,0x3	  x5:0x00000001 x24=0x00000000
      193635000	      9580	8000781a	8c31	c.xor	x8,x12	  x8:0x00000008 x12:0x00000008  x8=0x00000000
      193655000	      9581	8000781c	98fd	c.andi	x9,-1	  x9:0x00000008  x9=0x00000008
      194515000	      9624	8000781e	0318c133	div	x2,x17,x17	 x17:0x00000008 x17:0x00000008  x2=0x00000001
      194535000	      9625	80007822	17c98093	addi	x1,x19,380	 x19:0x80021e0c  x1=0x80021f88
      194555000	      9626	80007826	7bd57193	andi	x3,x10,1981	 x10:0x00000000  x3=0x00000000
      194575000	      9627	8000782a	10753497	auipc	x9,0x10753	  x9=0x9075a82a
      194595000	      9628	8000782e	63d0e793	ori	x15,x1,1597	  x1:0x80021f88 x15=0x80021fbd
      194615000	      9629	80007832	414404b3	sub	x9,x8,x20	  x8:0x00000000 x20:0x00000000  x9=0x00000000
      194675000	      9632	80007836	34049ff3	csrrw	x31,mscratch,x9	  x9:0x00000000 x31=0x00000000
      194715000	      9634	8000783a	030bf063	bgeu	x23,x16,8000785a	 x23:0x00000000 x16:0x00000000
      194975000	      9647	8000785a	40bddbb3	sra	x23,x27,x11	 x27:0x00000018 x11:0x00000008 x23=0x00000000
      195395000	      9668	8000785e	03a9de63	bge	x19,x26,8000789a	 x19:0x80021e0c x26:0x80025ce4
      195435000	      9670	80007862	0ff0000f	fence	iorw,iorw	
      195855000	      9691	80007866	00487c33	and	x24,x16,x4	 x16:0x00000000  x4:0x00000005 x24=0x00000000
      195875000	      9692	8000786a	8e19	c.sub	x12,x14	 x12:0x00000008 x14:0x00000000 x12=0x00000008
      195895000	      9693	8000786c	01ab2f33	slt	x30,x22,x26	 x22:0x00000001 x26:0x80025ce4 x30=0x00000000
      195915000	      9694	80007870	62cb7e13	andi	x28,x22,1580	 x22:0x00000001 x28=0x00000000
      195935000	      9695	80007874	8326	c.mv	x6,x9	  x0:0x00000000  x9:0x00000000  x6=0x00000000
      195975000	      9697	80007876	68a1e193	ori	x3,x3,1674	  x3:0x00000000  x3=0x0000068a
      195995000	      9698	8000787a	095e	c.slli	x18,0x17	 x18:0xfffffffd x18=0xfe800000
      196095000	      9703	8000787c	8911	c.andi	x10,4	 x10:0x00000000 x10=0x00000000
      196115000	      9704	8000787e	00f12333	slt	x6,x2,x15	  x2:0x00000001 x15:0x80021fbd  x6=0x00000000
      196135000	      9705	80007882	8f2d	c.xor	x14,x11	 x14:0x00000000 x11:0x00000008 x14=0x00000008
      196215000	      9709	80007884	8c7d	c.and	x8,x15	  x8:0x00000000 x15:0x80021fbd  x8=0x00000000
      196255000	      9711	80007886	0375d8b3	divu	x17,x11,x23	 x11:0x00000008 x23:0x00000000 x17=0xffffffff
      196275000	      9712	8000788a	9a0e	c.add	x20,x3	 x20:0x00000000  x3:0x0000068a x20=0x0000068a
      196295000	      9713	8000788c	0f45	c.addi	x30,17	 x30:0x00000000 x30=0x00000011
      196315000	      9714	8000788e	01326a33	or	x20,x4,x19	  x4:0x00000005 x19:0x80021e0c x20=0x80021e0d
      196455000	      9721	80007892	417852b3	sra	x5,x16,x23	 x16:0x00000000 x23:0x00000000  x5=0x00000000
      196875000	      9742	80007896	34006a73	csrrsi	x20,mscratch,0	 x20=0x00000000
      196895000	      9743	8000789a	0001	c.addi	x0,0	  x0:0x00000000  x0=0x00000000
      196915000	      9744	8000789c	019c	c.addi4spn	x15,x2,192	 x15=0x000000c1
      197335000	      9765	8000789e	03241633	mulh	x12,x8,x18	  x8:0x00000000 x18:0xfe800000 x12=0x00000000
      198135000	      9805	800078a2	03e7d0b3	divu	x1,x15,x30	 x15:0x000000c1 x30:0x00000011  x1=0x0000000b
      198175000	      9807	800078a6	03d320b3	mulhsu	x1,x6,x29	  x6:0x00000000 x29:0x00000000  x1=0x00000000
      198195000	      9808	800078aa	378f8c13	addi	x24,x31,888	 x31:0x00000000 x24=0x00000378
      198215000	      9809	800078ae	8c7627b7	lui	x15,0x8c762	 x15=0x8c762000
      198235000	      9810	800078b2	0107d613	srli	x12,x15,0x10	 x15:0x8c762000 x12=0x00008c76
      198255000	      9811	800078b6	a36f8713	addi	x14,x31,-1482	 x31:0x00000000 x14=0xfffffa36
      198275000	      9812	800078ba	340b1ef3	csrrw	x29,mscratch,x22	 x22:0x00000001 x29=0x00000000
      198315000	      9814	800078be	34006f73	csrrsi	x30,mscratch,0	 x30=0x00000001
      198335000	      9815	800078c2	6e59	c.lui	x28,0x16	 x28=0x00016000
      198695000	      9833	800078c4	00625933	srl	x18,x4,x6	  x4:0x00000005  x6:0x00000000 x18=0x00000005
      198715000	      9834	800078c8	0b86	c.slli	x23,0x1	 x23:0x00000000 x23=0x00000000
      198735000	      9835	800078ca	0ffe6b13	ori	x22,x28,255	 x28:0x00016000 x22=0x000160ff
      198755000	      9836	800078ce	0001	c.addi	x0,0	  x0:0x00000000  x0=0x00000000
      198775000	      9837	800078d0	8f15	c.sub	x14,x13	 x14:0xfffffa36 x13:0x000000ae x14=0xfffff988
      198795000	      9838	800078d2	8731	c.srai	x14,0xc	 x14:0xfffff988 x14=0xffffffff
      198875000	      9842	800078d4	403f5f33	sra	x30,x30,x3	 x30:0x00000001  x3:0x0000068a x30=0x00000000
      199055000	      9851	800078d8	40ed5193	srai	x3,x26,0xe	 x26:0x80025ce4  x3=0xfffe0009
      199175000	      9857	800078dc	01add033	srl	x0,x27,x26	 x27:0x00000018 x26:0x80025ce4  x0=0x00000000
      199195000	      9858	800078e0	00dd9c63	bne	x27,x13,800078f8	 x27:0x00000018 x13:0x000000ae
      200315000	      9914	800078f8	40e4d733	sra	x14,x9,x14	  x9:0x00000000 x14:0xffffffff x14=0x00000000
      200335000	      9915	800078fc	01970db3	add	x27,x14,x25	 x14:0x00000000 x25:0x7fffffff x27=0x7fffffff
      200475000	      9922	80007900	2293b6b7	lui	x13,0x2293b	 x13=0x2293b000
      200635000	      9930	80007904	8fb5	c.xor	x15,x13	 x15:0x8c762000 x13:0x2293b000 x15=0xaee59000
      200655000	      9931	80007906	997d	c.andi	x10,-1	 x10:0x00000000 x10=0x00000000
      200935000	      9945	80007908	01b0c133	xor	x2,x1,x27	  x1:0x00000000 x27:0x7fffffff  x2=0x7fffffff
      201355000	      9966	8000790c	01cf9193	slli	x3,x31,0x1c	 x31:0x00000000  x3=0x00000000
      201375000	      9967	80007910	019970b3	and	x1,x18,x25	 x18:0x00000005 x25:0x7fffffff  x1=0x00000005
      201395000	      9968	80007914	414adc93	srai	x25,x21,0x14	 x21:0x00000001 x25=0x00000000
      201435000	      9970	80007918	410c5eb3	sra	x29,x24,x16	 x24:0x00000378 x16:0x00000000 x29=0x00000378
      201475000	      9972	8000791c	4c96f093	andi	x1,x13,1225	 x13:0x2293b000  x1=0x00000000
      201495000	      9973	80007920	82b1	c.srli	x13,0xc	 x13:0x2293b000 x13=0x0002293b
      201515000	      9974	80007922	97fa	c.add	x15,x30	 x15:0xaee59000 x30:0x00000000 x15=0xaee59000
      201915000	      9994	80007924	c4367e93	andi	x29,x12,-957	 x12:0x00008c76 x29=0x00008c42
      202015000	      9999	80007928	34039073	csrrw	x0,mscratch,x7	  x7:0xfaeb9c09  x0=0x00000000
      202215000	     10009	8000792c	06ba	c.slli	x13,0xe	 x13:0x0002293b x13=0x8a4ec000
      202235000	     10010	8000792e	8e49	c.or	x12,x10	 x12:0x00008c76 x10:0x00000000 x12=0x00008c76
      202395000	     10018	80007930	10840093	addi	x1,x8,264	  x8:0x00000000  x1=0x00000108
      202535000	     10025	80007934	01ed1f13	slli	x30,x26,0x1e	 x26:0x80025ce4 x30=0x00000000
      202555000	     10026	80007938	005c0563	beq	x24,x5,80007942	 x24:0x00000378  x5:0x00000000
      202575000	     10027	8000793c	e681	c.bnez	x13,80007944	 x13:0x8a4ec000
      203035000	     10050	80007944	0009eab3	or	x21,x19,x0	 x19:0x80021e0c  x0:0x00000000 x21=0x80021e0c
      203075000	     10052	80007948	8d65	c.and	x10,x9	 x10:0x00000000  x9:0x00000000 x10=0x00000000
      203095000	     10053	8000794a	034d5563	bge	x26,x20,80007974	 x26:0x80025ce4 x20:0x00000000
      203395000	     10068	8000794e	0290b433	mulhu	x8,x1,x9	  x1:0x00000108  x9:0x00000000  x8=0x00000000
      203415000	     10069	80007952	8de5	c.and	x11,x9	 x11:0x00000008  x9:0x00000000 x11=0x00000000
      203435000	     10070	80007954	00510463	beq	x2,x5,8000795c	  x2:0x7fffffff  x5:0x00000000
      203455000	     10071	80007958	3402d473	csrrwi	x8,mscratch,5	  x8=0xfaeb9c09
      203475000	     10072	8000795c	c034df97	auipc	x31,0xc034d	 x31=0x4035495c
      203495000	     10073	80007960	8fa1	c.xor	x15,x8	 x15:0xaee59000  x8:0xfaeb9c09 x15=0x540e0c09
      203535000	     10075	80007962	03fbf663	bgeu	x23,x31,8000798e	 x23:0x00000000 x31:0x4035495c
      203555000	     10076	80007966	5efd	c.li	x29,-1	 x29=0xffffffff
      203575000	     10077	80007968	0459d263	bge	x19,x5,800079ac	 x19:0x80021e0c  x5:0x00000000
      203855000	     10091	8000796c	01039c33	sll	x24,x7,x16	  x7:0xfaeb9c09 x16:0x00000000 x24=0xfaeb9c09
      203875000	     10092	80007970	0da1ad93	slti	x27,x3,218	  x3:0x00000000 x27=0x00000001
      204115000	     10104	80007974	037f7463	bgeu	x30,x23,8000799c	 x30:0x00000000 x23:0x00000000
      204355000	     10116	8000799c	00a35b93	srli	x23,x6,0xa	  x6:0x00000000 x23=0x00000000
      204395000	     10118	800079a0	0000100f	fence.i	
      204755000	     10136	800079a4	7060c493	xori	x9,x1,1798	  x1:0x00000108  x9=0x0000060e
      204775000	     10137	800079a8	3404d373	csrrwi	x6,mscratch,9	  x6=0x00000005
      204895000	     10143	800079ac	40cf5ab3	sra	x21,x30,x12	 x30:0x00000000 x12:0x00008c76 x21=0x00000000
      204915000	     10144	800079b0	2d1b6a13	ori	x20,x22,721	 x22:0x000160ff x20=0x000162ff
      204935000	     10145	800079b4	4a588613	addi	x12,x17,1189	 x17:0xffffffff x12=0x000004a4
      205195000	     10158	800079b8	0f1e	c.slli	x30,0x7	 x30:0x00000000 x30=0x00000000
      205215000	     10159	800079ba	34039b73	csrrw	x22,mscratch,x7	  x7:0xfaeb9c09 x22=0x00000009
      205235000	     10160	800079be	7d717813	andi	x16,x2,2007	  x2:0x7fffffff x16=0x000007d7
      205355000	     10166	800079c2	0225cf63	blt	x11,x2,80007a00	 x11:0x00000000  x2:0x7fffffff
      206255000	     10211	80007a00	41fe85b3	sub	x11,x29,x31	 x29:0xffffffff x31:0x4035495c x11=0xbfcab6a3
      206275000	     10212	80007a04	0f14	c.addi4spn	x13,x2,912	 x13=0x8000038f
      206295000	     10213	80007a06	98b11f37	lui	x30,0x98b11	 x30=0x98b11000
      206315000	     10214	80007a0a	340072f3	csrrci	x5,mscratch,0	  x5=0xfaeb9c09
      206735000	     10235	80007a0e	00149963	bne	x9,x1,80007a20	  x9:0x0000060e  x1:0x00000108
      206855000	     10241	80007a20	c209	c.beqz	x12,80007a22	 x12:0x000004a4
      206935000	     10245	80007a22	0019ee33	or	x28,x19,x1	 x19:0x80021e0c  x1:0x00000108 x28=0x80021f0c
      207175000	     10257	80007a26	34022df3	csrrs	x27,mscratch,x4	  x4:0x00000005 x27=0xfaeb9c09
      207195000	     10258	80007a2a	8cbd	c.xor	x9,x15	  x9:0x0000060e x15:0x540e0c09  x9=0x540e0a07
      207935000	     10295	80007a2c	03b95f33	divu	x30,x18,x27	 x18:0x00000005 x27:0xfaeb9c09 x30=0x00000000
      207955000	     10296	80007a30	a6763797	auipc	x15,0xa6763	 x15=0x2676aa30
      207975000	     10297	80007a34	405ed893	srai	x17,x29,0x5	 x29:0xffffffff x17=0xffffffff
      207995000	     10298	80007a38	41a58eb3	sub	x29,x11,x26	 x11:0xbfcab6a3 x26:0x80025ce4 x29=0x3fc859bf
      208015000	     10299	80007a3c	340fb573	csrrc	x10,mscratch,x31	 x31:0x4035495c x10=0xfaeb9c0d
      208035000	     10300	80007a40	997d	c.andi	x10,-1	 x10:0xfaeb9c0d x10=0xfaeb9c0d
      208055000	     10301	80007a42	038ce263	bltu	x25,x24,80007a66	 x25:0x00000000 x24:0xfaeb9c09
      208855000	     10341	80007a66	034a6bb3	rem	x23,x20,x20	 x20:0x000162ff x20:0x000162ff x23=0x00000000
      208875000	     10342	80007a6a	0088d133	srl	x2,x17,x8	 x17:0xffffffff  x8:0xfaeb9c09  x2=0x007fffff
      208895000	     10343	80007a6e	01e435b3	sltu	x11,x8,x30	  x8:0xfaeb9c09 x30:0x00000000 x11=0x00000000
      208915000	     10344	80007a72	248b2793	slti	x15,x22,584	 x22:0x00000009 x15=0x00000001
      208935000	     10345	80007a76	a3b5f813	andi	x16,x11,-1477	 x11:0x00000000 x16=0x00000000
      208955000	     10346	80007a7a	088c	c.addi4spn	x11,x2,80	 x11=0x0080004f
      208975000	     10347	80007a7c	01768cb3	add	x25,x13,x23	 x13:0x8000038f x23:0x00000000 x25=0x8000038f
      208995000	     10348	80007a80	0041b333	sltu	x6,x3,x4	  x3:0x00000000  x4:0x00000005  x6=0x00000001
      209015000	     10349	80007a84	08fd	c.addi	x17,31	 x17:0xffffffff x17=0x0000001e
      209215000	     10359	80007a86	01e2e033	or	x0,x5,x30	  x5:0xfaeb9c09 x30:0x00000000  x0=0x00000000
      210135000	     10405	80007a8a	033558b3	divu	x17,x10,x19	 x10:0xfaeb9c0d x19:0x80021e0c x17=0x00000001
      210155000	     10406	80007a8e	00f534b3	sltu	x9,x10,x15	 x10:0xfaeb9c0d x15:0x00000001  x9=0x00000000
      210175000	     10407	80007a92	8d71	c.and	x10,x12	 x10:0xfaeb9c0d x12:0x000004a4 x10=0x00000404
      210195000	     10408	80007a94	0001	c.addi	x0,0	  x0:0x00000000  x0=0x00000000
      210215000	     10409	80007a96	340abb73	csrrc	x22,mscratch,x21	 x21:0x00000000 x22=0xbaca9401
      210955000	     10446	80007a9a	038cd033	divu	x0,x25,x24	 x25:0x8000038f x24:0xfaeb9c09  x0=0x00000000
      210975000	     10447	80007a9e	40a882b3	sub	x5,x17,x10	 x17:0x00000001 x10:0x00000404  x5=0xfffffbfd
      210995000	     10448	80007aa2	038f0f33	mul	x30,x30,x24	 x30:0x00000000 x24:0xfaeb9c09 x30=0x00000000
      211015000	     10449	80007aa6	340ddb73	csrrwi	x22,mscratch,27	 x22=0xbaca9401
      211035000	     10450	80007aaa	9afd	c.andi	x13,-1	 x13:0x8000038f x13=0x8000038f
      211055000	     10451	80007aac	01bde733	or	x14,x27,x27	 x27:0xfaeb9c09 x27:0xfaeb9c09 x14=0xfaeb9c09
      211075000	     10452	80007ab0	8e9e0513	addi	x10,x28,-1815	 x28:0x80021f0c x10=0x800217f5
      211095000	     10453	80007ab4	00760e63	beq	x12,x7,80007ad0	 x12:0x000004a4  x7:0xfaeb9c09
      211115000	     10454	80007ab8	016e2233	slt	x4,x28,x22	 x28:0x80021f0c x22:0xbaca9401  x4=0x00000001
      211135000	     10455	80007abc	3406e4f3	csrrsi	x9,mscratch,13	  x9=0x0000001b
      211335000	     10465	80007ac0	016d06b3	add	x13,x26,x22	 x26:0x80025ce4 x22:0xbaca9401 x13=0x3accf0e5
      211515000	     10474	80007ac4	01b71d93	slli	x27,x14,0x1b	 x14:0xfaeb9c09 x27=0x48000000
      211535000	     10475	80007ac8	85d1	c.srai	x11,0x14	 x11:0x0080004f x11=0x00000008
      211555000	     10476	80007aca	340860f3	csrrsi	x1,mscratch,16	  x1=0x0000001f
      211575000	     10477	80007ace	8fa5	c.xor	x15,x9	 x15:0x00000001  x9:0x0000001b x15=0x0000001a
      211595000	     10478	80007ad0	8d31	c.xor	x10,x12	 x10:0x800217f5 x12:0x000004a4 x10=0x80021351
      211615000	     10479	80007ad2	019a57b3	srl	x15,x20,x25	 x20:0x000162ff x25:0x8000038f x15=0x00000002
      211635000	     10480	80007ad6	0890	c.addi4spn	x12,x2,80	 x12=0x0080004f
      211655000	     10481	80007ad8	3404e573	csrrsi	x10,mscratch,9	 x10=0x0000001f
      211855000	     10491	80007adc	8fd9	c.or	x15,x14	 x15:0x00000002 x14:0xfaeb9c09 x15=0xfaeb9c0b
      211875000	     10492	80007ade	8a5e	c.mv	x20,x23	  x0:0x00000000 x23:0x00000000 x20=0x00000000
      211895000	     10493	80007ae0	34035e73	csrrwi	x28,mscratch,6	 x28=0x0000001f
      211915000	     10494	80007ae4	8dd9	c.or	x11,x14	 x11:0x00000008 x14:0xfaeb9c09 x11=0xfaeb9c09
      211935000	     10495	80007ae6	00ca9663	bne	x21,x12,80007af2	 x21:0x00000000 x12:0x0080004f
      212315000	     10514	80007af2	8fd9	c.or	x15,x14	 x15:0xfaeb9c0b x14:0xfaeb9c09 x15=0xfaeb9c0b
      212335000	     10515	80007af4	01247733	and	x14,x8,x18	  x8:0xfaeb9c09 x18:0x00000005 x14=0x00000001
      212515000	     10524	80007af8	717d	c.addi16sp	x2,-16	  x2:0x007fffff  x2=0x007fffef
      213355000	     10566	80007afa	0391db33	divu	x22,x3,x25	  x3:0x00000000 x25:0x8000038f x22=0x00000000
      213375000	     10567	80007afe	cc19	c.beqz	x8,80007b1c	  x8:0xfaeb9c09
      213395000	     10568	80007b00	01fb2e33	slt	x28,x22,x31	 x22:0x00000000 x31:0x4035495c x28=0x00000001
      213415000	     10569	80007b04	17b77893	andi	x17,x14,379	 x14:0x00000001 x17=0x00000001
      213435000	     10570	80007b08	01efde33	srl	x28,x31,x30	 x31:0x4035495c x30:0x00000000 x28=0x4035495c
      213455000	     10571	80007b0c	37e25a97	auipc	x21,0x37e25	 x21=0xb7e2cb0c
      213475000	     10572	80007b10	340af373	csrrci	x6,mscratch,21	  x6=0x00000006
      213495000	     10573	80007b14	411bd833	sra	x16,x23,x17	 x23:0x00000000 x17:0x00000001 x16=0x00000000
      213935000	     10595	80007b18	014402b3	add	x5,x8,x20	  x8:0xfaeb9c09 x20:0x00000000  x5=0xfaeb9c09
      213995000	     10598	80007b1c	413702b3	sub	x5,x14,x19	 x14:0x00000001 x19:0x80021e0c  x5=0x7ffde1f5
      214015000	     10599	80007b20	02498c33	mul	x24,x19,x4	 x19:0x80021e0c  x4:0x00000001 x24=0x80021e0c
      214335000	     10615	80007b24	34003873	csrrc	x16,mscratch,x0	  x0:0x00000000 x16=0x00000002
      214755000	     10636	80007b28	3408faf3	csrrci	x21,mscratch,17	 x21=0x00000002
      215175000	     10657	80007b2c	0001	c.addi	x0,0	  x0:0x00000000  x0=0x00000000
      215195000	     10658	80007b2e	01ff1bb3	sll	x23,x30,x31	 x30:0x00000000 x31:0x4035495c x23=0x00000000
      215215000	     10659	80007b32	8b32	c.mv	x22,x12	  x0:0x00000000 x12:0x0080004f x22=0x0080004f
      215315000	     10664	80007b34	00e31e33	sll	x28,x6,x14	  x6:0x00000006 x14:0x00000001 x28=0x0000000c
      215695000	     10683	80007b38	0001	c.addi	x0,0	  x0:0x00000000  x0=0x00000000
      215835000	     10690	80007b3a	005a75b3	and	x11,x20,x5	 x20:0x00000000  x5:0x7ffde1f5 x11=0x00000000
      215995000	     10698	80007b3e	414c82b3	sub	x5,x25,x20	 x25:0x8000038f x20:0x00000000  x5=0x8000038f
      216015000	     10699	80007b42	41cd	c.li	x3,19	  x3=0x00000013
      216035000	     10700	80007b44	c996c793	xori	x15,x13,-871	 x13:0x3accf0e5 x15=0xc5330c7c
      216095000	     10703	80007b48	8c41	c.or	x8,x8	  x8:0xfaeb9c09  x8:0xfaeb9c09  x8=0xfaeb9c09
      216475000	     10722	80007b4a	01f69013	slli	x0,x13,0x1f	 x13:0x3accf0e5  x0=0x00000000
      216495000	     10723	80007b4e	8535	c.srai	x10,0xd	 x10:0x0000001f x10=0x00000000
      216515000	     10724	80007b50	6c91	c.lui	x25,0x4	 x25=0x00004000
      216915000	     10744	80007b52	e1b0ec13	ori	x24,x1,-485	  x1:0x0000001f x24=0xfffffe1f
      217075000	     10752	80007b56	018cef63	bltu	x25,x24,80007b74	 x25:0x00004000 x24:0xfffffe1f
      217535000	     10775	80007b74	02573e33	mulhu	x28,x14,x5	 x14:0x00000001  x5:0x8000038f x28=0x00000000
      217635000	     10780	80007b78	d0e26913	ori	x18,x4,-754	  x4:0x00000001 x18=0xfffffd0f
      217655000	     10781	80007b7c	6eae8593	addi	x11,x29,1770	 x29:0x3fc859bf x11=0x3fc860a9
      217675000	     10782	80007b80	01325113	srli	x2,x4,0x13	  x4:0x00000001  x2=0x00000000
      217695000	     10783	80007b84	9bd14b93	xori	x23,x2,-1603	  x2:0x00000000 x23=0xfffff9bd
      217815000	     10789	80007b88	0053e433	or	x8,x7,x5	  x7:0xfaeb9c09  x5:0x8000038f  x8=0xfaeb9f8f
      217835000	     10790	80007b8c	3401e8f3	csrrsi	x17,mscratch,3	 x17=0x00000002
      217855000	     10791	80007b90	00762533	slt	x10,x12,x7	 x12:0x0080004f  x7:0xfaeb9c09 x10=0x00000000
      217875000	     10792	80007b94	8f91	c.sub	x15,x12	 x15:0xc5330c7c x12:0x0080004f x15=0xc4b30c2d
      217935000	     10795	80007b96	7b500613	addi	x12,x0,1973	  x0:0x00000000 x12=0x000007b5
      217955000	     10796	80007b9a	035d	c.addi	x6,23	  x6:0x00000006  x6=0x0000001d
      218055000	     10801	80007b9c	fb53b293	sltiu	x5,x7,-75	  x7:0xfaeb9c09  x5=0x00000001
      218255000	     10811	80007ba0	0ff0000f	fence	iorw,iorw	
      218675000	     10832	80007ba4	96a4b093	sltiu	x1,x9,-1686	  x9:0x0000001b  x1=0x00000001
      218695000	     10833	80007ba8	0cbc2a93	slti	x21,x24,203	 x24:0xfffffe1f x21=0x00000001
      218715000	     10834	80007bac	0001	c.addi	x0,0	  x0:0x00000000  x0=0x00000000
      218735000	     10835	80007bae	0297ce63	blt	x15,x9,80007bea	 x15:0xc4b30c2d  x9:0x0000001b
      218995000	     10848	80007bea	8a6d	c.andi	x12,27	 x12:0x000007b5 x12=0x00000011
      219095000	     10853	80007bec	01979563	bne	x15,x25,80007bf6	 x15:0xc4b30c2d x25:0x00004000
      219675000	     10882	80007bf6	0281bf33	mulhu	x30,x3,x8	  x3:0x00000013  x8:0xfaeb9f8f x30=0x00000012
      219695000	     10883	80007bfa	8da9	c.xor	x11,x10	 x11:0x3fc860a9 x10:0x00000000 x11=0x3fc860a9
      219715000	     10884	80007bfc	0c8d4913	xori	x18,x26,200	 x26:0x80025ce4 x18=0x80025c2c
      219775000	     10887	80007c00	828a	c.mv	x5,x2	  x0:0x00000000  x2:0x00000000  x5=0x00000000
      219795000	     10888	80007c02	a5df7537	lui	x10,0xa5df7	 x10=0xa5df7000
      219815000	     10889	80007c06	83b1	c.srli	x15,0xc	 x15:0xc4b30c2d x15=0x000c4b30
      219855000	     10891	80007c08	00b1f133	and	x2,x3,x11	  x3:0x00000013 x11:0x3fc860a9  x2=0x00000001
      219875000	     10892	80007c0c	0089b7b3	sltu	x15,x19,x8	 x19:0x80021e0c  x8:0xfaeb9f8f x15=0x00000001
      220455000	     10921	80007c10	8e85	c.sub	x13,x9	 x13:0x3accf0e5  x9:0x0000001b x13=0x3accf0ca
      220475000	     10922	80007c12	340370f3	csrrci	x1,mscratch,6	  x1=0x00000003
      220615000	     10929	80007c16	00617d63	bgeu	x2,x6,80007c30	  x2:0x00000001  x6:0x0000001d
      220775000	     10937	80007c1a	340d9773	csrrw	x14,mscratch,x27	 x27:0x48000000 x14=0x00000001
      220795000	     10938	80007c1e	717d	c.addi16sp	x2,-16	  x2:0x00000001  x2=0xfffffff1
      221095000	     10953	80007c20	023d4663	blt	x26,x3,80007c4c	 x26:0x80025ce4  x3:0x00000013
      221855000	     10991	80007c4c	0001	c.addi	x0,0	  x0:0x00000000  x0=0x00000000
      221875000	     10992	80007c4e	82f5	c.srli	x13,0x1d	 x13:0x3accf0ca x13=0x00000001
      222615000	     11029	80007c50	02a64733	div	x14,x12,x10	 x12:0x00000011 x10:0xa5df7000 x14=0x00000000
      222635000	     11030	80007c54	6bd9	c.lui	x23,0x16	 x23=0x00016000
      222655000	     11031	80007c56	9a7d	c.andi	x12,-1	 x12:0x00000011 x12=0x00000011
      222675000	     11032	80007c58	8c516413	ori	x8,x2,-1851	  x2:0xfffffff1  x8=0xfffffff5
      222695000	     11033	80007c5c	0001	c.addi	x0,0	  x0:0x00000000  x0=0x00000000
      222715000	     11034	80007c5e	012fdfb3	srl	x31,x31,x18	 x31:0x4035495c x18:0x80025c2c x31=0x00040354
      222735000	     11035	80007c62	c125dcb7	lui	x25,0xc125d	 x25=0xc125d000
      223055000	     11051	80007c66	00209db3	sll	x27,x1,x2	  x1:0x00000003  x2:0xfffffff1 x27=0x00060000
      223135000	     11055	80007c6a	41980733	sub	x14,x16,x25	 x16:0x00000002 x25:0xc125d000 x14=0x3eda3002
      223155000	     11056	80007c6e	8f29	c.xor	x14,x10	 x14:0x3eda3002 x10:0xa5df7000 x14=0x9b054002
      223175000	     11057	80007c70	a0ae7b13	andi	x22,x28,-1526	 x28:0x00000000 x22=0x00000000
      223195000	     11058	80007c74	340ea2f3	csrrs	x5,mscratch,x29	 x29:0x3fc859bf  x5=0x48000000
      223215000	     11059	80007c78	0037b7b3	sltu	x15,x15,x3	 x15:0x00000001  x3:0x00000013 x15=0x00000001
      223955000	     11096	80007c7c	02834ab3	div	x21,x6,x8	  x6:0x0000001d  x8:0xfffffff5 x21=0xfffffffe
      223975000	     11097	80007c80	8fc1	c.or	x15,x8	 x15:0x00000001  x8:0xfffffff5 x15=0xfffffff5
      224095000	     11103	80007c82	03092a33	mulhsu	x20,x18,x16	 x18:0x80025c2c x16:0x00000002 x20=0xffffffff
      224315000	     11114	80007c86	00601463	bne	x0,x6,80007c8e	  x0:0x00000000  x6:0x0000001d
      225195000	     11158	80007c8e	00d04e63	blt	x0,x13,80007caa	  x0:0x00000000 x13:0x00000001
      225895000	     11193	80007caa	03ab0133	mul	x2,x22,x26	 x22:0x00000000 x26:0x80025ce4  x2=0x00000000
      225915000	     11194	80007cae	8dd5	c.or	x11,x13	 x11:0x3fc860a9 x13:0x00000001 x11=0x3fc860a9
      225975000	     11197	80007cb0	01af9293	slli	x5,x31,0x1a	 x31:0x00040354  x5=0x50000000
      226155000	     11206	80007cb4	864e	c.mv	x12,x19	  x0:0x00000000 x19:0x80021e0c x12=0x80021e0c
      226175000	     11207	80007cb6	0088df33	srl	x30,x17,x8	 x17:0x00000002  x8:0xfffffff5 x30=0x00000000
      226195000	     11208	80007cba	0ad1	c.addi	x21,20	 x21:0xfffffffe x21=0x00000012
      226215000	     11209	80007cbc	34007773	csrrci	x14,mscratch,0	 x14=0x7fc859bf
      226235000	     11210	80007cc0	eecc8093	addi	x1,x25,-276	 x25:0xc125d000  x1=0xc125ceec
      226355000	     11216	80007cc4	867d	c.srai	x12,0x1f	 x12:0x80021e0c x12=0xffffffff
      226395000	     11218	80007cc6	03009e33	mulh	x28,x1,x16	  x1:0xc125ceec x16:0x00000002 x28=0xffffffff
      226415000	     11219	80007cca	c81d	c.beqz	x8,80007d00	  x8:0xfffffff5
      226435000	     11220	80007ccc	96c6	c.add	x13,x17	 x13:0x00000001 x17:0x00000002 x13=0x00000003
      226595000	     11228	80007cce	03487963	bgeu	x16,x20,80007d00	 x16:0x00000002 x20:0xffffffff
      226615000	     11229	80007cd2	0436	c.slli	x8,0xd	  x8:0xfffffff5  x8=0xfffea000
      226635000	     11230	80007cd4	34007773	csrrci	x14,mscratch,0	 x14=0x7fc859bf
      226755000	     11236	80007cd8	0001	c.addi	x0,0	  x0:0x00000000  x0=0x00000000
      226775000	     11237	80007cda	8d35	c.xor	x10,x13	 x10:0xa5df7000 x13:0x00000003 x10=0xa5df7003
      226915000	     11244	80007cdc	6625	c.lui	x12,0x9	 x12=0x00009000
      226935000	     11245	80007cde	0001	c.addi	x0,0	  x0:0x00000000  x0=0x00000000
      226955000	     11246	80007ce0	00509763	bne	x1,x5,80007cee	  x1:0xc125ceec  x5:0x50000000
      227515000	     11274	80007cee	9a7d	c.andi	x12,-1	 x12:0x00009000 x12=0x00009000
      227555000	     11276	80007cf0	01f6bc33	sltu	x24,x13,x31	 x13:0x00000003 x31:0x00040354 x24=0x00000001
      227975000	     11297	80007cf4	01f3d033	srl	x0,x7,x31	  x7:0xfaeb9c09 x31:0x00040354  x0=0x00000000
      228395000	     11318	80007cf8	0001	c.addi	x0,0	  x0:0x00000000  x0=0x00000000
      228415000	     11319	80007cfa	8d75	c.and	x10,x13	 x10:0xa5df7003 x13:0x00000003 x10=0x00000003
      228435000	     11320	80007cfc	414e5793	srai	x15,x28,0x14	 x28:0xffffffff x15=0xffffffff
      228455000	     11321	80007d00	015b2b33	slt	x22,x22,x21	 x22:0x00000000 x21:0x00000012 x22=0x00000001
      228835000	     11340	80007d04	861d	c.srai	x12,0x7	 x12:0x00009000 x12=0x00000120
      228855000	     11341	80007d06	0001	c.addi	x0,0	  x0:0x00000000  x0=0x00000000
      228875000	     11342	80007d08	0249eb63	bltu	x19,x4,80007d3e	 x19:0x80021e0c  x4:0x00000001
      228895000	     11343	80007d0c	9086	c.add	x1,x1	  x1:0xc125ceec  x1:0xc125ceec  x1=0x824b9dd8
      228915000	     11344	80007d0e	1d10	c.addi4spn	x12,x2,688	 x12=0x000002b0
      228935000	     11345	80007d10	8e35	c.xor	x12,x13	 x12:0x000002b0 x13:0x00000003 x12=0x000002b3
      228955000	     11346	80007d12	cc1d	c.beqz	x8,80007d50	  x8:0xfffea000
      229335000	     11365	80007d14	02e81133	mulh	x2,x16,x14	 x16:0x00000002 x14:0x7fc859bf  x2=0x00000000
      229355000	     11366	80007d18	e295	c.bnez	x13,80007d3c	 x13:0x00000003
      229895000	     11393	80007d3c	8f85	c.sub	x15,x9	 x15:0xffffffff  x9:0x0000001b x15=0xffffffe4
      230435000	     11420	80007d3e	0220c963	blt	x1,x2,80007d70	  x1:0x824b9dd8  x2:0x00000000
      231135000	     11455	80007d70	89458f13	addi	x30,x11,-1900	 x11:0x3fc860a9 x30=0x3fc8593d
      231155000	     11456	80007d74	01921d63	bne	x4,x25,80007d8e	  x4:0x00000001 x25:0xc125d000
      232175000	     11507	80007d8e	0fa6	c.slli	x31,0x9	 x31:0x00040354 x31=0x0806a800
      232395000	     11518	80007d90	979a	c.add	x15,x6	 x15:0xffffffe4  x6:0x0000001d x15=0x00000001
      232815000	     11539	80007d92	40c80233	sub	x4,x16,x12	 x16:0x00000002 x12:0x000002b3  x4=0xfffffd4f
      232935000	     11545	80007d96	34002f73	csrrs	x30,mscratch,x0	  x0:0x00000000 x30=0x7fc859bf
      232975000	     11547	80007d9a	03d614b3	mulh	x9,x12,x29	 x12:0x000002b3 x29:0x3fc859bf  x9=0x000000ac
      232995000	     11548	80007d9e	0193d263	bge	x7,x25,80007da2	  x7:0xfaeb9c09 x25:0xc125d000
      233275000	     11562	80007da2	30b28313	addi	x6,x5,779	  x5:0x50000000  x6=0x5000030b
      233655000	     11581	80007da6	5bade293	ori	x5,x27,1466	 x27:0x00060000  x5=0x000605ba
      233835000	     11590	80007daa	019dc433	xor	x8,x27,x25	 x27:0x00060000 x25:0xc125d000  x8=0xc123d000
      234255000	     11611	80007dae	4044d513	srai	x10,x9,0x4	  x9:0x000000ac x10=0x0000000a
      234275000	     11612	80007db2	408e8cb3	sub	x25,x29,x8	 x29:0x3fc859bf  x8:0xc123d000 x25=0x7ea489bf
      234295000	     11613	80007db6	1a88	c.addi4spn	x10,x2,368	 x10=0x00000170
      234615000	     11629	80007db8	4e15	c.li	x28,5	 x28=0x00000005
      234795000	     11638	80007dba	3400b573	csrrc	x10,mscratch,x1	  x1:0x824b9dd8 x10=0x7fc859bf
      234995000	     11648	80007dbe	03f4e063	bltu	x9,x31,80007dde	  x9:0x000000ac x31:0x0806a800
      235715000	     11684	80007dde	0c08	c.addi4spn	x10,x2,528	 x10=0x00000210
      236035000	     11700	80007de0	3409d8f3	csrrwi	x17,mscratch,19	 x17=0x7d804027
      236075000	     11702	80007de4	03999933	mulh	x18,x19,x25	 x19:0x80021e0c x25:0x7ea489bf x18=0xc0aec746
      236175000	     11707	80007de8	8931	c.andi	x10,12	 x10:0x00000210 x10=0x00000000
      236195000	     11708	80007dea	00115233	srl	x4,x2,x1	  x2:0x00000000  x1:0x824b9dd8  x4=0x00000000
      236215000	     11709	80007dee	c585	c.beqz	x11,80007e16	 x11:0x3fc860a9
      236975000	     11747	80007df0	02b9e233	rem	x4,x19,x11	 x19:0x80021e0c x11:0x3fc860a9  x4=0xff92df5e
      236995000	     11748	80007df4	34045273	csrrwi	x4,mscratch,8	  x4=0x00000013
      237015000	     11749	80007df8	8fd9	c.or	x15,x14	 x15:0x00000001 x14:0x7fc859bf x15=0x7fc859bf
      237755000	     11786	80007dfa	023f5db3	divu	x27,x30,x3	 x30:0x7fc859bf  x3:0x00000013 x27=0x06b9b3e1
      237775000	     11787	80007dfe	118eb093	sltiu	x1,x29,280	 x29:0x3fc859bf  x1=0x00000000
      237795000	     11788	80007e02	01365933	srl	x18,x12,x19	 x12:0x000002b3 x19:0x80021e0c x18=0x00000000
      238535000	     11825	80007e06	037b6a33	rem	x20,x22,x23	 x22:0x00000001 x23:0x00016000 x20=0x00000001
      238555000	     11826	80007e0a	0288	c.addi4spn	x10,x2,320	 x10=0x00000140
      238575000	     11827	80007e0c	c411fa97	auipc	x21,0xc411f	 x21=0x44126e0c
      238595000	     11828	80007e10	021e0db3	mul	x27,x28,x1	 x28:0x00000005  x1:0x00000000 x27=0x00000000
      238615000	     11829	80007e14	0001	c.addi	x0,0	  x0:0x00000000  x0=0x00000000
      238635000	     11830	80007e16	0000100f	fence.i	
      238715000	     11834	80007e1a	47b9	c.li	x15,14	 x15=0x0000000e
      238895000	     11843	80007e1c	e54e1797	auipc	x15,0xe54e1	 x15=0x654e8e1c
      238915000	     11844	80007e20	8ef1	c.and	x13,x12	 x13:0x00000003 x12:0x000002b3 x13=0x00000003
      239115000	     11854	80007e22	010b42b3	xor	x5,x22,x16	 x22:0x00000001 x16:0x00000002  x5=0x00000003
      239195000	     11858	80007e26	340837f3	csrrc	x15,mscratch,x16	 x16:0x00000002 x15=0x00000008
      239355000	     11866	80007e2a	66e02b93	slti	x23,x0,1646	  x0:0x00000000 x23=0x00000001
      239375000	     11867	80007e2e	717d	c.addi16sp	x2,-16	  x2:0x00000000  x2=0xfffffff0
      239775000	     11887	80007e30	a48e2193	slti	x3,x28,-1464	 x28:0x00000005  x3=0x00000000
      239795000	     11888	80007e34	0fb5	c.addi	x31,13	 x31:0x0806a800 x31=0x0806a80d
      239955000	     11896	80007e36	40e4d2b3	sra	x5,x9,x14	  x9:0x000000ac x14:0x7fc859bf  x5=0x00000000
      239975000	     11897	80007e3a	018e1233	sll	x4,x28,x24	 x28:0x00000005 x24:0x00000001  x4=0x0000000a
      239995000	     11898	80007e3e	05ab5063	bge	x22,x26,80007e7e	 x22:0x00000001 x26:0x80025ce4
      240675000	     11932	80007e7e	8f91	c.sub	x15,x12	 x15:0x00000008 x12:0x000002b3 x15=0xfffffd55
      240775000	     11937	80007e80	8fd2	c.mv	x31,x20	  x0:0x00000000 x20:0x00000001 x31=0x00000001
      240955000	     11946	80007e82	34003573	csrrc	x10,mscratch,x0	  x0:0x00000000 x10=0x00000008
      241155000	     11956	80007e86	033015b3	mulh	x11,x0,x19	  x0:0x00000000 x19:0x80021e0c x11=0x00000000
      241175000	     11957	80007e8a	00c2a0b3	slt	x1,x5,x12	  x5:0x00000000 x12:0x000002b3  x1=0x00000001
      241195000	     11958	80007e8e	41a55693	srai	x13,x10,0x1a	 x10:0x00000008 x13=0x00000000
      241215000	     11959	80007e92	6171	c.addi16sp	x2,336	  x2:0xfffffff0  x2=0x00000140
      241315000	     11964	80007e94	8e19	c.sub	x12,x14	 x12:0x000002b3 x14:0x7fc859bf x12=0x8037a8f4
      241595000	     11978	80007e96	bbeea713	slti	x14,x29,-1090	 x29:0x3fc859bf x14=0x00000000
      241615000	     11979	80007e9a	8ff5	c.and	x15,x13	 x15:0xfffffd55 x13:0x00000000 x15=0x00000000
      241655000	     11981	80007e9c	01fac663	blt	x21,x31,80007ea8	 x21:0x44126e0c x31:0x00000001
      241695000	     11983	80007ea0	025792b3	mulh	x5,x15,x5	 x15:0x00000000  x5:0x00000000  x5=0x00000000
      241715000	     11984	80007ea4	037c05b3	mul	x11,x24,x23	 x24:0x00000001 x23:0x00000001 x11=0x00000001
      241735000	     11985	80007ea8	011a5c33	srl	x24,x20,x17	 x20:0x00000001 x17:0x7d804027 x24=0x00000000
      241755000	     11986	80007eac	000c9263	bne	x25,x0,80007eb0	 x25:0x7ea489bf  x0:0x00000000
      242315000	     12014	80007eb0	34073173	csrrc	x2,mscratch,x14	 x14:0x00000000  x2=0x00000008
      242335000	     12015	80007eb4	b355eb93	ori	x23,x11,-1227	 x11:0x00000001 x23=0xfffffb35
      242755000	     12036	80007eb8	037686b3	mul	x13,x13,x23	 x13:0x00000000 x23:0xfffffb35 x13=0x00000000
      242875000	     12042	80007ebc	02ee9563	bne	x29,x14,80007ee6	 x29:0x3fc859bf x14:0x00000000
      243315000	     12064	80007ee6	6fbd	c.lui	x31,0xf	 x31=0x0000f000
      243335000	     12065	80007ee8	8f91	c.sub	x15,x12	 x15:0x00000000 x12:0x8037a8f4 x15=0x7fc8570c
      243355000	     12066	80007eea	8ef1	c.and	x13,x12	 x13:0x00000000 x12:0x8037a8f4 x13=0x00000000
      243375000	     12067	80007eec	00789913	slli	x18,x17,0x7	 x17:0x7d804027 x18=0xc0201380
      243515000	     12074	80007ef0	34065373	csrrwi	x6,mscratch,12	  x6=0x00000008
      243535000	     12075	80007ef4	1094	c.addi4spn	x13,x2,96	 x13=0x00000068
      243555000	     12076	80007ef6	41f4dcb3	sra	x25,x9,x31	  x9:0x000000ac x31:0x0000f000 x25=0x000000ac
      243575000	     12077	80007efa	00518d63	beq	x3,x5,80007f14	  x3:0x00000000  x5:0x00000000
      243695000	     12083	80007f14	c501	c.beqz	x10,80007f1c	 x10:0x00000008
      253335000	     12565	80007f16	34045df3	csrrwi	x27,mscratch,8	 x27=0x0000000c
      253355000	     12566	80007f1a	0d04	c.addi4spn	x9,x2,656	  x9=0x00000298
      253375000	     12567	80007f1c	00eb7733	and	x14,x22,x14	 x22:0x00000001 x14:0x00000000 x14=0x00000000
      253415000	     12569	80007f20	038c58b3	divu	x17,x24,x24	 x24:0x00000000 x24:0x00000000 x17=0xffffffff
      254155000	     12606	80007f24	037df233	remu	x4,x27,x23	 x27:0x0000000c x23:0xfffffb35  x4=0x0000000c
      254175000	     12607	80007f28	2e382ab7	lui	x21,0x2e382	 x21=0x2e382000
      254195000	     12608	80007f2c	79a77113	andi	x2,x14,1946	 x14:0x00000000  x2=0x00000000
      254215000	     12609	80007f30	34002173	csrrs	x2,mscratch,x0	  x0:0x00000000  x2=0x00000008
      254235000	     12610	80007f34	011541b3	xor	x3,x10,x17	 x10:0x00000008 x17:0xffffffff  x3=0xfffffff7
      254255000	     12611	80007f38	e4b08e13	addi	x28,x1,-437	  x1:0x00000001 x28=0xfffffe4c
      254995000	     12648	80007f3c	036c7eb3	remu	x29,x24,x22	 x24:0x00000000 x22:0x00000001 x29=0x00000000
      255015000	     12649	80007f40	0001	c.addi	x0,0	  x0:0x00000000  x0=0x00000000
      255035000	     12650	80007f42	0045cbb3	xor	x23,x11,x4	 x11:0x00000001  x4:0x0000000c x23=0x0000000d
      255055000	     12651	80007f46	340022f3	csrrs	x5,mscratch,x0	  x0:0x00000000  x5=0x00000008
      255415000	     12669	80007f4a	3b9e3e93	sltiu	x29,x28,953	 x28:0xfffffe4c x29=0x00000000
      255475000	     12672	80007f4e	0ff0000f	fence	iorw,iorw	
      255635000	     12680	80007f52	003e1e33	sll	x28,x28,x3	 x28:0xfffffe4c  x3:0xfffffff7 x28=0x26000000
      255835000	     12690	80007f56	0373b8b3	mulhu	x17,x7,x23	  x7:0xfaeb9c09 x23:0x0000000d x17=0x0000000c
      255855000	     12691	80007f5a	57fd	c.li	x15,-1	 x15=0xffffffff
      256595000	     12728	80007f5c	03567133	remu	x2,x12,x21	 x12:0x8037a8f4 x21:0x2e382000  x2=0x23c768f4
      256615000	     12729	80007f60	34073073	csrrc	x0,mscratch,x14	 x14:0x00000000  x0=0x00000000
      256635000	     12730	80007f64	99fd	c.andi	x11,-1	 x11:0x00000001 x11=0x00000001
      256655000	     12731	80007f66	000a9463	bne	x21,x0,80007f6e	 x21:0x2e382000  x0:0x00000000
      256735000	     12735	80007f6e	025a30b3	mulhu	x1,x20,x5	 x20:0x00000001  x5:0x00000008  x1=0x00000000
      256755000	     12736	80007f72	db32bf13	sltiu	x30,x5,-589	  x5:0x00000008 x30=0x00000001
      257035000	     12750	80007f76	01a31e63	bne	x6,x26,80007f92	  x6:0x00000008 x26:0x80025ce4
      257755000	     12786	80007f92	1d1ff413	andi	x8,x31,465	 x31:0x0000f000  x8=0x00000000
      257775000	     12787	80007f96	997d	c.andi	x10,-1	 x10:0x00000008 x10=0x00000008
      257895000	     12793	80007f98	010b50b3	srl	x1,x22,x16	 x22:0x00000001 x16:0x00000002  x1=0x00000000
      258315000	     12814	80007f9c	412c5613	srai	x12,x24,0x12	 x24:0x00000000 x12=0x00000000
      258335000	     12815	80007fa0	1c0c	c.addi4spn	x11,x2,560	 x11=0x23c76b24
      258355000	     12816	80007fa2	003a96b3	sll	x13,x21,x3	 x21:0x2e382000  x3:0xfffffff7 x13=0x00000000
      258495000	     12823	80007fa6	40005613	srai	x12,x0,0x0	  x0:0x00000000 x12=0x00000000
      258515000	     12824	80007faa	003457b3	srl	x15,x8,x3	  x8:0x00000000  x3:0xfffffff7 x15=0x00000000
      258535000	     12825	80007fae	0001	c.addi	x0,0	  x0:0x00000000  x0=0x00000000
      258555000	     12826	80007fb0	7b447093	andi	x1,x8,1972	  x8:0x00000000  x1=0x00000000
      258575000	     12827	80007fb4	8fe5	c.and	x15,x9	 x15:0x00000000  x9:0x00000298 x15=0x00000000
      258775000	     12837	80007fb6	a615ba37	lui	x20,0xa615b	 x20=0xa615b000
      258795000	     12838	80007fba	010a4db3	xor	x27,x20,x16	 x20:0xa615b000 x16:0x00000002 x27=0xa615b002
      258815000	     12839	80007fbe	0b0c	c.addi4spn	x11,x2,400	 x11=0x23c76a84
      258835000	     12840	80007fc0	8d9d	c.sub	x11,x15	 x11:0x23c76a84 x15:0x00000000 x11=0x23c76a84
      259955000	     12896	80007fc2	0353cb33	div	x22,x7,x21	  x7:0xfaeb9c09 x21:0x2e382000 x22=0x00000000
      259975000	     12897	80007fc6	01ea04b3	add	x9,x20,x30	 x20:0xa615b000 x30:0x00000001  x9=0xa615b001
      259995000	     12898	80007fca	9a3a	c.add	x20,x14	 x20:0xa615b000 x14:0x00000000 x20=0xa615b000
      260015000	     12899	80007fcc	0ff0000f	fence	iorw,iorw	
      260035000	     12900	80007fd0	34006af3	csrrsi	x21,mscratch,0	 x21=0x00000008
      260055000	     12901	80007fd4	016d3033	sltu	x0,x26,x22	 x26:0x80025ce4 x22:0x00000000  x0=0x00000000
      260075000	     12902	80007fd8	8e2d	c.xor	x12,x11	 x12:0x00000000 x11:0x23c76a84 x12=0x23c76a84
      260095000	     12903	80007fda	3404b573	csrrc	x10,mscratch,x9	  x9:0xa615b001 x10=0x00000008
      260115000	     12904	80007fde	6121	c.addi16sp	x2,64	  x2:0x23c768f4  x2=0x23c76934
      260135000	     12905	80007fe0	04a1	c.addi	x9,8	  x9:0xa615b001  x9=0xa615b009
      260155000	     12906	80007fe2	9126	c.add	x2,x9	  x2:0x23c76934  x9:0xa615b009  x2=0xc9dd193d
      260215000	     12909	80007fe4	0912	c.slli	x18,0x4	 x18:0xc0201380 x18=0x02013800
      260255000	     12911	80007fe6	00a10893	addi	x17,x2,10	  x2:0xc9dd193d x17=0xc9dd1947
      260275000	     12912	80007fea	01251c63	bne	x10,x18,80008002	 x10:0x00000008 x18:0x02013800
      260955000	     12946	80008002	8c09	c.sub	x8,x10	  x8:0x00000000 x10:0x00000008  x8=0xfffffff8
      260975000	     12947	80008004	4132d113	srai	x2,x5,0x13	  x5:0x00000008  x2=0x00000000
      261415000	     12969	80008008	034916b3	mulh	x13,x18,x20	 x18:0x02013800 x20:0xa615b000 x13=0xff4bbdca
      261435000	     12970	8000800c	007404b3	add	x9,x8,x7	  x8:0xfffffff8  x7:0xfaeb9c09  x9=0xfaeb9c01
      261455000	     12971	80008010	41fb5433	sra	x8,x22,x31	 x22:0x00000000 x31:0x0000f000  x8=0x00000000
      261475000	     12972	80008014	4dd5	c.li	x27,21	 x27=0x00000015
      261495000	     12973	80008016	340061f3	csrrsi	x3,mscratch,0	  x3=0x00000008
      261515000	     12974	8000801a	1a18	c.addi4spn	x14,x2,304	 x14=0x00000130
      261915000	     12994	8000801c	e60d	c.bnez	x12,80008046	 x12:0x23c76a84
      262115000	     13004	80008046	8149	c.srli	x10,0x12	 x10:0x00000008 x10=0x00000000
      262155000	     13006	80008048	00c89b13	slli	x22,x17,0xc	 x17:0xc9dd1947 x22=0xd1947000
      262255000	     13011	8000804c	0245	c.addi	x4,17	  x4:0x0000000c  x4=0x0000001d
      262375000	     13017	8000804e	03c402b3	mul	x5,x8,x28	  x8:0x00000000 x28:0x26000000  x5=0x00000000
      262395000	     13018	80008052	01b39513	slli	x10,x7,0x1b	  x7:0xfaeb9c09 x10=0x48000000
      262415000	     13019	80008056	0484	c.addi4spn	x9,x2,576	  x9=0x00000240
      262435000	     13020	80008058	00a785b3	add	x11,x15,x10	 x15:0x00000000 x10:0x48000000 x11=0x48000000
      262695000	     13033	8000805c	04a5f163	bgeu	x11,x10,8000809e	 x11:0x48000000 x10:0x48000000
      263755000	     13086	8000809e	b9536093	ori	x1,x6,-1131	  x6:0x00000008  x1=0xfffffb9d
      263915000	     13094	800080a2	03a28cb3	mul	x25,x5,x26	  x5:0x00000000 x26:0x80025ce4 x25=0x00000000
      264075000	     13102	800080a6	00d7ec63	bltu	x15,x13,800080be	 x15:0x00000000 x13:0xff4bbdca
      264995000	     13148	800080be	7b610417	auipc	x8,0x7b610	  x8=0xfb6180be
      265175000	     13157	800080c2	9d72a013	slti	x0,x5,-1577	  x5:0x00000000  x0=0x00000000
      265555000	     13176	800080c6	280b4417	auipc	x8,0x280b4	  x8=0xa80bc0c6
      265715000	     13184	800080ca	40e104b3	sub	x9,x2,x14	  x2:0x00000000 x14:0x00000130  x9=0xfffffed0
      265835000	     13190	800080ce	03a86a63	bltu	x16,x26,80008102	 x16:0x00000002 x26:0x80025ce4
      266475000	     13222	80008102	00047c63	bgeu	x8,x0,8000811a	  x8:0xa80bc0c6  x0:0x00000000
      266915000	     13244	8000811a	3b4cf913	andi	x18,x25,948	 x25:0x00000000 x18=0x00000000
      267115000	     13254	8000811e	016d4f63	blt	x26,x22,8000813c	 x26:0x80025ce4 x22:0xd1947000
      267815000	     13289	8000813c	e11d	c.bnez	x10,80008162	 x10:0x48000000
      268195000	     13308	80008162	8d55	c.or	x10,x13	 x10:0x48000000 x13:0xff4bbdca x10=0xff4bbdca
      268215000	     13309	80008164	717d	c.addi16sp	x2,-16	  x2:0x00000000  x2=0xfffffff0
      268395000	     13318	80008166	016ae633	or	x12,x21,x22	 x21:0x00000008 x22:0xd1947000 x12=0xd1947008
      268615000	     13329	8000816a	0ff90593	addi	x11,x18,255	 x18:0x00000000 x11=0x000000ff
      268775000	     13337	8000816e	01711a13	slli	x20,x2,0x17	  x2:0xfffffff0 x20=0xf8000000
      268795000	     13338	80008172	61c1	c.lui	x3,0x10	  x3=0x00010000
      268815000	     13339	80008174	4189de33	sra	x28,x19,x24	 x19:0x80021e0c x24:0x00000000 x28=0x80021e0c
      268835000	     13340	80008178	f4b4cf13	xori	x30,x9,-181	  x9:0xfffffed0 x30=0x0000019b
      268975000	     13347	8000817c	00781893	slli	x17,x16,0x7	 x16:0x00000002 x17=0x00000100
      269395000	     13368	80008180	340037f3	csrrc	x15,mscratch,x0	  x0:0x00000000 x15=0x00000008
      269415000	     13369	80008184	8e41	c.or	x12,x8	 x12:0xd1947008  x8:0xa80bc0c6 x12=0xf99ff0ce
      269735000	     13385	80008186	e568b113	sltiu	x2,x17,-426	 x17:0x00000100  x2=0x00000001
      269755000	     13386	8000818a	8db9	c.xor	x11,x14	 x11:0x000000ff x14:0x00000130 x11=0x000001cf
      269775000	     13387	8000818c	8fb2	c.mv	x31,x12	  x0:0x00000000 x12:0xf99ff0ce x31=0xf99ff0ce
      269815000	     13389	8000818e	02a63db3	mulhu	x27,x12,x10	 x12:0xf99ff0ce x10:0xff4bbdca x27=0xf8f02bc8
      269835000	     13390	80008192	01d39fb3	sll	x31,x7,x29	  x7:0xfaeb9c09 x29:0x00000000 x31=0xfaeb9c09
      269855000	     13391	80008196	c699	c.beqz	x13,800081a4	 x13:0xff4bbdca
      269875000	     13392	80008198	da9a8e93	addi	x29,x21,-599	 x21:0x00000008 x29=0xfffffdb1
      270015000	     13399	8000819c	0b9c	c.addi4spn	x15,x2,464	 x15=0x000001d1
      270035000	     13400	8000819e	ef05	c.bnez	x14,800081d6	 x14:0x00000130
      270395000	     13418	800081d6	007d3433	sltu	x8,x26,x7	 x26:0x80025ce4  x7:0xfaeb9c09  x8=0x00000001
      270415000	     13419	800081da	01cef6b3	and	x13,x29,x28	 x29:0xfffffdb1 x28:0x80021e0c x13=0x80021c00
      270435000	     13420	800081de	e8efb937	lui	x18,0xe8efb	 x18=0xe8efb000
      270855000	     13441	800081e2	00201db3	sll	x27,x0,x2	  x0:0x00000000  x2:0x00000001 x27=0x00000000
      270895000	     13443	800081e6	01863c33	sltu	x24,x12,x24	 x12:0xf99ff0ce x24:0x00000000 x24=0x00000000
      270915000	     13444	800081ea	0ff0000f	fence	iorw,iorw	
      271655000	     13481	800081ee	027af433	remu	x8,x21,x7	 x21:0x00000008  x7:0xfaeb9c09  x8=0x00000008
      271675000	     13482	800081f2	14b2b113	sltiu	x2,x5,331	  x5:0x00000000  x2=0x00000001
      271695000	     13483	800081f6	c6fe0e93	addi	x29,x28,-913	 x28:0x80021e0c x29=0x80021a7b
      271715000	     13484	800081fa	458d	c.li	x11,3	 x11=0x00000003
      271735000	     13485	800081fc	98fd	c.andi	x9,-1	  x9:0xfffffed0  x9=0xfffffed0
      271755000	     13486	800081fe	000adf33	srl	x30,x21,x0	 x21:0x00000008  x0:0x00000000 x30=0x00000008
      271775000	     13487	80008202	fcd41637	lui	x12,0xfcd41	 x12=0xfcd41000
      271955000	     13496	80008206	022d3f33	mulhu	x30,x26,x2	 x26:0x80025ce4  x2:0x00000001 x30=0x00000000
      271975000	     13497	8000820a	0ff0000f	fence	iorw,iorw	
      271995000	     13498	8000820e	0ff0000f	fence	iorw,iorw	
      272015000	     13499	80008212	01b79f63	bne	x15,x27,80008230	 x15:0x000001d1 x27:0x00000000
      272975000	     13547	80008230	0375dab3	divu	x21,x11,x23	 x11:0x00000003 x23:0x0000000d x21=0x00000000
      272995000	     13548	80008234	4ebd	c.li	x29,15	 x29=0x0000000f
      273015000	     13549	80008236	999eff13	andi	x30,x29,-1639	 x29:0x0000000f x30=0x00000009
      273035000	     13550	8000823a	953c7f93	andi	x31,x24,-1709	 x24:0x00000000 x31=0x00000000
      273055000	     13551	8000823e	c419	c.beqz	x8,8000824c	  x8:0x00000008
      273075000	     13552	80008240	9162	c.add	x2,x24	  x2:0x00000001 x24:0x00000000  x2=0x00000001
      273115000	     13554	80008242	031a9fb3	mulh	x31,x21,x17	 x21:0x00000000 x17:0x00000100 x31=0x00000000
      273135000	     13555	80008246	6edd	c.lui	x29,0x17	 x29=0x00017000
      273415000	     13569	80008248	059a0163	beq	x20,x25,8000828a	 x20:0xf8000000 x25:0x00000000
      273435000	     13570	8000824c	00d40363	beq	x8,x13,80008252	  x8:0x00000008 x13:0x80021c00
      273475000	     13572	80008250	83c9	c.srli	x15,0x12	 x15:0x000001d1 x15=0x00000000
      273495000	     13573	80008252	01129eb3	sll	x29,x5,x17	  x5:0x00000000 x17:0x00000100 x29=0x00000000
      273515000	     13574	80008256	0ff0000f	fence	iorw,iorw	
      273695000	     13583	8000825a	401eda33	sra	x20,x29,x1	 x29:0x00000000  x1:0xfffffb9d x20=0x00000000
      273715000	     13584	8000825e	34bf8097	auipc	x1,0x34bf8	  x1=0xb4c0025e
      273735000	     13585	80008262	8e95	c.sub	x13,x13	 x13:0x80021c00 x13:0x80021c00 x13=0x00000000
      274135000	     13605	80008264	4198d793	srai	x15,x17,0x19	 x17:0x00000100 x15=0x00000000
      274255000	     13611	80008268	005837b3	sltu	x15,x16,x5	 x16:0x00000002  x5:0x00000000 x15=0x00000000
      284155000	     14106	8000826c	00315133	srl	x2,x2,x3	  x2:0x00000001  x3:0x00010000  x2=0x00000001
      284175000	     14107	80008270	033e	c.slli	x6,0xf	  x6:0x00000008  x6=0x00040000
      284195000	     14108	80008272	cd01	c.beqz	x10,8000828a	 x10:0xff4bbdca
      284215000	     14109	80008274	846d	c.srai	x8,0x1b	  x8:0x00000008  x8=0x00000000
      284235000	     14110	80008276	fe2e4c13	xori	x24,x28,-30	 x28:0x80021e0c x24=0x7ffde1ee
      284255000	     14111	8000827a	eba83497	auipc	x9,0xeba83	  x9=0x6ba8b27a
      284275000	     14112	8000827e	8ca9	c.xor	x9,x10	  x9:0x6ba8b27a x10:0xff4bbdca  x9=0x94e30fb0
      284295000	     14113	80008280	8a5d	c.andi	x12,23	 x12:0xfcd41000 x12=0x00000000
      284315000	     14114	80008282	37f64413	xori	x8,x12,895	 x12:0x00000000  x8=0x0000037f
      284715000	     14134	80008286	022405b3	mul	x11,x8,x2	  x8:0x0000037f  x2:0x00000001 x11=0x0000037f
      284895000	     14143	8000828a	3404de73	csrrwi	x28,mscratch,9	 x28=0x00000008
      284935000	     14145	8000828e	02693b33	mulhu	x22,x18,x6	 x18:0xe8efb000  x6:0x00040000 x22=0x0003a3be
      284955000	     14146	80008292	1dfd	c.addi	x27,-1	 x27:0x00000000 x27=0xffffffff
      285115000	     14154	80008294	8c2d	c.xor	x8,x11	  x8:0x0000037f x11:0x0000037f  x8=0x00000000
      285195000	     14158	80008296	41f0d633	sra	x12,x1,x31	  x1:0xb4c0025e x31:0x00000000 x12=0xb4c0025e
      285215000	     14159	8000829a	04c40263	beq	x8,x12,800082de	  x8:0x00000000 x12:0xb4c0025e
      285235000	     14160	8000829e	038086b3	mul	x13,x1,x24	  x1:0xb4c0025e x24:0x7ffde1ee x13=0xc57cd164
      285255000	     14161	800082a2	0185	c.addi	x3,1	  x3:0x00010000  x3=0x00010001
      285275000	     14162	800082a4	0092d6b3	srl	x13,x5,x9	  x5:0x00000000  x9:0x94e30fb0 x13=0x00000000
      286135000	     14205	800082a8	02736db3	rem	x27,x6,x7	  x6:0x00040000  x7:0xfaeb9c09 x27=0x00040000
      286155000	     14206	800082ac	3cb1cf13	xori	x30,x3,971	  x3:0x00010001 x30=0x000103ca
      286175000	     14207	800082b0	01267663	bgeu	x12,x18,800082bc	 x12:0xb4c0025e x18:0xe8efb000
      286195000	     14208	800082b4	7c274a17	auipc	x20,0x7c274	 x20=0xfc27c2b4
      286215000	     14209	800082b8	340938f3	csrrc	x17,mscratch,x18	 x18:0xe8efb000 x17=0x00000009
      286275000	     14212	800082bc	8385	c.srli	x15,0x1	 x15:0x00000000 x15=0x00000000
      286675000	     14232	800082be	016c5733	srl	x14,x24,x22	 x24:0x7ffde1ee x22:0x0003a3be x14=0x00000001
      286695000	     14233	800082c2	0001	c.addi	x0,0	  x0:0x00000000  x0=0x00000000
      286715000	     14234	800082c4	01bbf563	bgeu	x23,x27,800082ce	 x23:0x0000000d x27:0x00040000
      287115000	     14254	800082c8	97477f13	andi	x30,x14,-1676	 x14:0x00000001 x30=0x00000000
      287315000	     14264	800082cc	059e	c.slli	x11,0x7	 x11:0x0000037f x11=0x0001bf80
      287335000	     14265	800082ce	32a7aa17	auipc	x20,0x32a7a	 x20=0xb2a822ce
      287355000	     14266	800082d2	27460893	addi	x17,x12,628	 x12:0xb4c0025e x17=0xb4c004d2
      287535000	     14275	800082d6	01c75493	srli	x9,x14,0x1c	 x14:0x00000001  x9=0x00000000
      287555000	     14276	800082da	0ff0000f	fence	iorw,iorw	
      287895000	     14293	800082de	3cd00c13	addi	x24,x0,973	  x0:0x00000000 x24=0x000003cd
      287915000	     14294	800082e2	89687f13	andi	x30,x16,-1898	 x16:0x00000002 x30=0x00000002
      287935000	     14295	800082e6	03bc8d63	beq	x25,x27,80008320	 x25:0x00000000 x27:0x00040000
      288015000	     14299	800082ea	01258433	add	x8,x11,x18	 x11:0x0001bf80 x18:0xe8efb000  x8=0xe8f16f80
      288035000	     14300	800082ee	01470933	add	x18,x14,x20	 x14:0x00000001 x20:0xb2a822ce x18=0xb2a822cf
      288055000	     14301	800082f2	04e9	c.addi	x9,26	  x9:0x00000000  x9=0x0000001a
      288095000	     14303	800082f4	03caa5b3	mulhsu	x11,x21,x28	 x21:0x00000000 x28:0x00000008 x11=0x00000000
      288495000	     14323	800082f8	0070c333	xor	x6,x1,x7	  x1:0xb4c0025e  x7:0xfaeb9c09  x6=0x4e2b9e57
      288915000	     14344	800082fc	c2516b93	ori	x23,x2,-987	  x2:0x00000001 x23=0xfffffc25
      288935000	     14345	80008300	00297e63	bgeu	x18,x2,8000831c	 x18:0xb2a822cf  x2:0x00000001
      289735000	     14385	8000831c	02e3d763	bge	x7,x14,8000834a	  x7:0xfaeb9c09 x14:0x00000001
      290675000	     14432	80008320	037760b3	rem	x1,x14,x23	 x14:0x00000001 x23:0xfffffc25  x1=0x00000001
      290695000	     14433	80008324	34006973	csrrsi	x18,mscratch,0	 x18=0x00000009
      290715000	     14434	80008328	0a12	c.slli	x20,0x4	 x20:0xb2a822ce x20=0x2a822ce0
      290735000	     14435	8000832a	03c26763	bltu	x4,x28,80008358	  x4:0x0000001d x28:0x00000008
      290755000	     14436	8000832e	34059073	csrrw	x0,mscratch,x11	 x11:0x00000000  x0=0x00000000
      290775000	     14437	80008332	340711f3	csrrw	x3,mscratch,x14	 x14:0x00000001  x3=0x00000000
      291115000	     14454	80008336	01610263	beq	x2,x22,8000833a	  x2:0x00000001 x22:0x0003a3be
      291135000	     14455	8000833a	0ff0000f	fence	iorw,iorw	
      291155000	     14456	8000833e	717d	c.addi16sp	x2,-16	  x2:0x00000001  x2=0xfffffff1
      291235000	     14460	80008340	03dec0b3	div	x1,x29,x29	 x29:0x00000000 x29:0x00000000  x1=0xffffffff
      291275000	     14462	80008344	9a5a	c.add	x20,x22	 x20:0x2a822ce0 x22:0x0003a3be x20=0x2a85d09e
      292175000	     14507	80008346	02af72b3	remu	x5,x30,x10	 x30:0x00000002 x10:0xff4bbdca  x5=0x00000002
      292195000	     14508	8000834a	6169	c.addi16sp	x2,208	  x2:0xfffffff1  x2=0x000000c1
      292215000	     14509	8000834c	3404a973	csrrs	x18,mscratch,x9	  x9:0x0000001a x18=0x00000001
      292235000	     14510	80008350	01efc6b3	xor	x13,x31,x30	 x31:0x00000000 x30:0x00000002 x13=0x00000002
      292275000	     14512	80008354	039b9e33	mulh	x28,x23,x25	 x23:0xfffffc25 x25:0x00000000 x28=0x00000000
      292295000	     14513	80008358	3409dcf3	csrrwi	x25,mscratch,19	 x25=0x0000001b
      292315000	     14514	8000835c	00f07c33	and	x24,x0,x15	  x0:0x00000000 x15:0x00000000 x24=0x00000000
      292515000	     14524	80008360	02f74733	div	x14,x14,x15	 x14:0x00000001 x15:0x00000000 x14=0xffffffff
      292535000	     14525	80008364	27cea313	slti	x6,x29,636	 x29:0x00000000  x6=0x00000001
      292555000	     14526	80008368	615d	c.addi16sp	x2,432	  x2:0x000000c1  x2=0x00000271
      292815000	     14539	8000836a	7553ec93	ori	x25,x7,1877	  x7:0xfaeb9c09 x25=0xfaeb9f5d
      292835000	     14540	8000836e	8125	c.srli	x10,0x9	 x10:0xff4bbdca x10=0x007fa5de
      292855000	     14541	80008370	01de0263	beq	x28,x29,80008374	 x28:0x00000000 x29:0x00000000
      293135000	     14555	80008374	00aed463	bge	x29,x10,8000837c	 x29:0x00000000 x10:0x007fa5de
      294015000	     14599	80008378	027ef933	remu	x18,x29,x7	 x29:0x00000000  x7:0xfaeb9c09 x18=0x00000000
      294035000	     14600	8000837c	0001	c.addi	x0,0	  x0:0x00000000  x0=0x00000000
      294055000	     14601	8000837e	8e3d	c.xor	x12,x15	 x12:0xb4c0025e x15:0x00000000 x12=0xb4c0025e
      294075000	     14602	80008380	05f18063	beq	x3,x31,800083c0	  x3:0x00000000 x31:0x00000000
      294295000	     14613	800083c0	0000100f	fence.i	
      295035000	     14650	800083c4	96c6	c.add	x13,x17	 x13:0x00000002 x17:0xb4c004d2 x13=0xb4c004d4
      295935000	     14695	800083c6	033e61b3	rem	x3,x28,x19	 x28:0x00000000 x19:0x80021e0c  x3=0x00000000
      295955000	     14696	800083ca	0378f363	bgeu	x17,x23,800083f0	 x17:0xb4c004d2 x23:0xfffffc25
      295975000	     14697	800083ce	005b04b3	add	x9,x22,x5	 x22:0x0003a3be  x5:0x00000002  x9=0x0003a3c0
      295995000	     14698	800083d2	340096f3	csrrw	x13,mscratch,x1	  x1:0xffffffff x13=0x00000013
      296015000	     14699	800083d6	401ddc33	sra	x24,x27,x1	 x27:0x00040000  x1:0xffffffff x24=0x00000000
      296035000	     14700	800083da	01b6ef63	bltu	x13,x27,800083f8	 x13:0x00000013 x27:0x00040000
      296095000	     14703	800083f8	340a5cf3	csrrwi	x25,mscratch,20	 x25=0xffffffff
      296115000	     14704	800083fc	ce81	c.beqz	x13,80008414	 x13:0x00000013
      296135000	     14705	800083fe	3401b873	csrrc	x16,mscratch,x3	  x3:0x00000000 x16=0x00000014
      296155000	     14706	80008402	ed5bc497	auipc	x9,0xed5bc	  x9=0x6d5c4402
      296175000	     14707	80008406	340075f3	csrrci	x11,mscratch,0	 x11=0x00000014
      296295000	     14713	8000840a	00adf763	bgeu	x27,x10,80008418	 x27:0x00040000 x10:0x007fa5de
      296715000	     14734	8000840e	5047e213	ori	x4,x15,1284	 x15:0x00000000  x4=0x00000504
      296735000	     14735	80008412	0186	c.slli	x3,0x1	  x3:0x00000000  x3=0x00000000
      296755000	     14736	80008414	0001	c.addi	x0,0	  x0:0x00000000  x0=0x00000000
      296775000	     14737	80008416	987d	c.andi	x8,-1	  x8:0xe8f16f80  x8=0xe8f16f80
      296795000	     14738	80008418	61a9	c.lui	x3,0xa	  x3=0x0000a000
      296815000	     14739	8000841a	05bce363	bltu	x25,x27,80008460	 x25:0xffffffff x27:0x00040000
      296835000	     14740	8000841e	30376693	ori	x13,x14,771	 x14:0xffffffff x13=0xffffffff
      297175000	     14757	80008422	03d416b3	mulh	x13,x8,x29	  x8:0xe8f16f80 x29:0x00000000 x13=0x00000000
      298295000	     14813	80008426	022d68b3	rem	x17,x26,x2	 x26:0x80025ce4  x2:0x00000271 x17=0xffffffd2
      298315000	     14814	8000842a	00485e33	srl	x28,x16,x4	 x16:0x00000014  x4:0x00000504 x28=0x00000001
      299055000	     14851	8000842e	02587e33	remu	x28,x16,x5	 x16:0x00000014  x5:0x00000002 x28=0x00000000
      299795000	     14888	80008432	039967b3	rem	x15,x18,x25	 x18:0x00000000 x25:0xffffffff x15=0x00000000
      299815000	     14889	80008436	34006873	csrrsi	x16,mscratch,0	 x16=0x00000014
      299835000	     14890	8000843a	0028db13	srli	x22,x17,0x2	 x17:0xffffffd2 x22=0x3ffffff4
      299855000	     14891	8000843e	0001	c.addi	x0,0	  x0:0x00000000  x0=0x00000000
      299875000	     14892	80008440	8fb40117	auipc	x2,0x8fb40	  x2=0x0fb48440
      299895000	     14893	80008444	c2b1	c.beqz	x13,80008488	 x13:0x00000000
      300055000	     14901	80008488	03e4ee63	bltu	x9,x30,800084c4	  x9:0x6d5c4402 x30:0x00000002
      300075000	     14902	8000848c	e515	c.bnez	x10,800084b8	 x10:0x007fa5de
      300355000	     14916	800084b8	34073273	csrrc	x4,mscratch,x14	 x14:0xffffffff  x4=0x00000014
      300375000	     14917	800084bc	9ee2	c.add	x29,x24	 x29:0x00000000 x24:0x00000000 x29=0x00000000
      300395000	     14918	800084be	00f8c6b3	xor	x13,x17,x15	 x17:0xffffffd2 x15:0x00000000 x13=0xffffffd2
      300415000	     14919	800084c2	8b05	c.andi	x14,1	 x14:0xffffffff x14=0x00000001
      300535000	     14925	800084c4	027024b3	mulhsu	x9,x0,x7	  x0:0x00000000  x7:0xfaeb9c09  x9=0x00000000
      300555000	     14926	800084c8	717d	c.addi16sp	x2,-16	  x2:0x0fb48440  x2=0x0fb48430
      300575000	     14927	800084ca	ef81	c.bnez	x15,800084e2	 x15:0x00000000
      300835000	     14940	800084cc	40cbd733	sra	x14,x23,x12	 x23:0xfffffc25 x12:0xb4c0025e x14=0xffffffff
      300855000	     14941	800084d0	34007573	csrrci	x10,mscratch,0	 x10=0x00000000
      301595000	     14978	800084d4	02505fb3	divu	x31,x0,x5	  x0:0x00000000  x5:0x00000002 x31=0x00000000
      301615000	     14979	800084d8	8495	c.srai	x9,0x5	  x9:0x00000000  x9=0x00000000
      301635000	     14980	800084da	008af663	bgeu	x21,x8,800084e6	 x21:0x00000000  x8:0xe8f16f80
      301655000	     14981	800084de	01986633	or	x12,x16,x25	 x16:0x00000014 x25:0xffffffff x12=0xffffffff
      301675000	     14982	800084e2	011a0db3	add	x27,x20,x17	 x20:0x2a85d09e x17:0xffffffd2 x27=0x2a85d070
      301695000	     14983	800084e6	01450463	beq	x10,x20,800084ee	 x10:0x00000000 x20:0x2a85d09e
      301895000	     14993	800084ea	7657ab93	slti	x23,x15,1893	 x15:0x00000000 x23=0x00000001
      301915000	     14994	800084ee	5dfd	c.li	x27,-1	 x27=0xffffffff
      301935000	     14995	800084f0	40495a13	srai	x20,x18,0x4	 x18:0x00000000 x20=0x00000000
      302255000	     15011	800084f4	8ee5	c.and	x13,x9	 x13:0xffffffd2  x9:0x00000000 x13=0x00000000
      302275000	     15012	800084f6	ea19	c.bnez	x12,8000850c	 x12:0xffffffff
      302635000	     15030	8000850c	03e1beb3	mulhu	x29,x3,x30	  x3:0x0000a000 x30:0x00000002 x29=0x00000000
      302655000	     15031	80008510	0700	c.addi4spn	x8,x2,896	  x8=0x0fb487b0
      302675000	     15032	80008512	33172a13	slti	x20,x14,817	 x14:0xffffffff x20=0x00000001
      302835000	     15040	80008516	035c01b3	mul	x3,x24,x21	 x24:0x00000000 x21:0x00000000  x3=0x00000000
      302855000	     15041	8000851a	006e3733	sltu	x14,x28,x6	 x28:0x00000000  x6:0x00000001 x14=0x00000001
      302875000	     15042	8000851e	0001	c.addi	x0,0	  x0:0x00000000  x0=0x00000000
      303055000	     15051	80008520	1e08	c.addi4spn	x10,x2,816	 x10=0x0fb48760
      303975000	     15097	80008522	03747fb3	remu	x31,x8,x23	  x8:0x0fb487b0 x23:0x00000001 x31=0x00000000
      303995000	     15098	80008526	66a9	c.lui	x13,0xa	 x13=0x0000a000
      304015000	     15099	80008528	8f15	c.sub	x14,x13	 x14:0x00000001 x13:0x0000a000 x14=0xffff6001
      304035000	     15100	8000852a	01341613	slli	x12,x8,0x13	  x8:0x0fb487b0 x12=0x3d800000
      304055000	     15101	8000852e	8ca5	c.xor	x9,x9	  x9:0x00000000  x9:0x00000000  x9=0x00000000
      304115000	     15104	80008530	034705b3	mul	x11,x14,x20	 x14:0xffff6001 x20:0x00000001 x11=0xffff6001
      304175000	     15107	80008534	01604f63	blt	x0,x22,80008552	  x0:0x00000000 x22:0x3ffffff4
      307615000	     15279	80008552	03311c63	bne	x2,x19,8000858a	  x2:0x0fb48430 x19:0x80021e0c
      307835000	     15290	8000858a	90ee6c93	ori	x25,x28,-1778	 x28:0x00000000 x25=0xfffff90e
      308855000	     15341	8000858e	02c9c333	div	x6,x19,x12	 x19:0x80021e0c x12:0x3d800000  x6=0xfffffffe
      308875000	     15342	80008592	0000100f	fence.i	
      308955000	     15346	80008596	6891	c.lui	x17,0x4	 x17=0x00004000
      309155000	     15356	80008598	8191	c.srli	x11,0x4	 x11:0xffff6001 x11=0x0ffff600
      309175000	     15357	8000859a	0e79	c.addi	x28,30	 x28:0x00000000 x28=0x0000001e
      309195000	     15358	8000859c	0087e133	or	x2,x15,x8	 x15:0x00000000  x8:0x0fb487b0  x2=0x0fb487b0
      309395000	     15368	800085a0	e009	c.bnez	x8,800085a2	  x8:0x0fb487b0
      309955000	     15396	800085a2	03aeb033	mulhu	x0,x29,x26	 x29:0x00000000 x26:0x80025ce4  x0=0x00000000
      309975000	     15397	800085a6	01446833	or	x16,x8,x20	  x8:0x0fb487b0 x20:0x00000001 x16=0x0fb487b1
      309995000	     15398	800085aa	86c2	c.mv	x13,x16	  x0:0x00000000 x16:0x0fb487b1 x13=0x0fb487b1
      310095000	     15403	800085ac	8d59	c.or	x10,x14	 x10:0x0fb48760 x14:0xffff6001 x10=0xffffe761
      310115000	     15404	800085ae	00d49033	sll	x0,x9,x13	  x9:0x00000000 x13:0x0fb487b1  x0=0x00000000
      310135000	     15405	800085b2	cd6dac37	lui	x24,0xcd6da	 x24=0xcd6da000
      310275000	     15412	800085b6	02139663	bne	x7,x1,800085e2	  x7:0xfaeb9c09  x1:0xffffffff
      310935000	     15445	800085e2	d0c30893	addi	x17,x6,-756	  x6:0xfffffffe x17=0xfffffd0a
      311015000	     15449	800085e6	05ef4163	blt	x30,x30,80008628	 x30:0x00000002 x30:0x00000002
      312115000	     15504	800085ea	0330c533	div	x10,x1,x19	  x1:0xffffffff x19:0x80021e0c x10=0x00000000
      312135000	     15505	800085ee	e189	c.bnez	x11,800085f0	 x11:0x0ffff600
      312695000	     15533	800085f0	34069cf3	csrrw	x25,mscratch,x13	 x13:0x0fb487b1 x25=0x00000000
      313115000	     15554	800085f4	01efc5b3	xor	x11,x31,x30	 x31:0x00000000 x30:0x00000002 x11=0x00000002
      313535000	     15575	800085f8	01fe6f63	bltu	x28,x31,80008616	 x28:0x0000001e x31:0x00000000
      313555000	     15576	800085fc	cb3cc093	xori	x1,x25,-845	 x25:0x00000000  x1=0xfffffcb3
      313575000	     15577	80008600	02e9f463	bgeu	x19,x14,80008628	 x19:0x80021e0c x14:0xffff6001
      313595000	     15578	80008604	8fb9	c.xor	x15,x14	 x15:0x00000000 x14:0xffff6001 x15=0xffff6001
      314015000	     15599	80008606	01636663	bltu	x6,x22,80008612	  x6:0xfffffffe x22:0x3ffffff4
      314435000	     15620	8000860a	00e218b3	sll	x17,x4,x14	  x4:0x00000014 x14:0xffff6001 x17=0x00000028
      314615000	     15629	8000860e	ad4e8897	auipc	x17,0xad4e8	 x17=0x2d4f060e
      314635000	     15630	80008612	53f92313	slti	x6,x18,1343	 x18:0x00000000  x6=0x00000001
      314655000	     15631	80008616	0001	c.addi	x0,0	  x0:0x00000000  x0=0x00000000
      314675000	     15632	80008618	6e61	c.lui	x28,0x18	 x28=0x00018000
      314695000	     15633	8000861a	6131	c.addi16sp	x2,320	  x2:0x0fb487b0  x2=0x0fb488f0
      314815000	     15639	8000861c	867e6637	lui	x12,0x867e6	 x12=0x867e6000
      314835000	     15640	80008620	340516f3	csrrw	x13,mscratch,x10	 x10:0x00000000 x13=0x0fb487b1
      314855000	     15641	80008624	00d2c763	blt	x5,x13,80008632	  x5:0x00000002 x13:0x0fb487b1
      315395000	     15668	80008632	0068ea33	or	x20,x17,x6	 x17:0x2d4f060e  x6:0x00000001 x20=0x2d4f060f
      315415000	     15669	80008636	b1a16e13	ori	x28,x2,-1254	  x2:0x0fb488f0 x28=0xfffffbfa
      315615000	     15679	8000863a	00b24933	xor	x18,x4,x11	  x4:0x00000014 x11:0x00000002 x18=0x00000016
      315635000	     15680	8000863e	03e16063	bltu	x2,x30,8000865e	  x2:0x0fb488f0 x30:0x00000002
      315695000	     15683	80008642	00c24733	xor	x14,x4,x12	  x4:0x00000014 x12:0x867e6000 x14=0x867e6014
      315715000	     15684	80008646	ef85	c.bnez	x15,8000867e	 x15:0xffff6001
      315955000	     15696	8000867e	00256863	bltu	x10,x2,8000868e	 x10:0x00000000  x2:0x0fb488f0
      316655000	     15731	8000868e	717d	c.addi16sp	x2,-16	  x2:0x0fb488f0  x2=0x0fb488e0
      317515000	     15774	80008690	03c4c333	div	x6,x9,x28	  x9:0x00000000 x28:0xfffffbfa  x6=0x00000000
      317535000	     15775	80008694	fa7a4893	xori	x17,x20,-89	 x20:0x2d4f060f x17=0xd2b0f9a8
      317575000	     15777	80008698	01346863	bltu	x8,x19,800086a8	  x8:0x0fb487b0 x19:0x80021e0c
      318075000	     15802	800086a8	8f0d	c.sub	x14,x11	 x14:0x867e6014 x11:0x00000002 x14=0x867e6012
      318195000	     15808	800086aa	03e3ed63	bltu	x7,x30,800086e4	  x7:0xfaeb9c09 x30:0x00000002
      318295000	     15813	800086ae	005c1013	slli	x0,x24,0x5	 x24:0xcd6da000  x0=0x00000000
      318675000	     15832	800086b2	01b78e63	beq	x15,x27,800086ce	 x15:0xffff6001 x27:0xffffffff
      318695000	     15833	800086b6	0ff0000f	fence	iorw,iorw	
      318715000	     15834	800086ba	c209	c.beqz	x12,800086bc	 x12:0x867e6000
      318935000	     15845	800086bc	0f3e	c.slli	x30,0xf	 x30:0x00000002 x30=0x00010000
      318955000	     15846	800086be	41475f13	srai	x30,x14,0x14	 x14:0x867e6012 x30=0xfffff867
      319375000	     15867	800086c2	340075f3	csrrci	x11,mscratch,0	 x11=0x00000000
      319395000	     15868	800086c6	b296ec13	ori	x24,x13,-1239	 x13:0x0fb487b1 x24=0xffffffb9
      319415000	     15869	800086ca	01169b33	sll	x22,x13,x17	 x13:0x0fb487b1 x17:0xd2b0f9a8 x22=0xb487b100
      319795000	     15888	800086ce	005fde93	srli	x29,x31,0x5	 x31:0x00000000 x29=0x00000000
      319815000	     15889	800086d2	00ec1793	slli	x15,x24,0xe	 x24:0xffffffb9 x15=0xffee4000
      319855000	     15891	800086d6	0215b4b3	mulhu	x9,x11,x1	 x11:0x00000000  x1:0xfffffcb3  x9=0x00000000
      319875000	     15892	800086da	717d	c.addi16sp	x2,-16	  x2:0x0fb488e0  x2=0x0fb488d0
      319995000	     15898	800086dc	0239d0b3	divu	x1,x19,x3	 x19:0x80021e0c  x3:0x00000000  x1=0xffffffff
      320015000	     15899	800086e0	0001	c.addi	x0,0	  x0:0x00000000  x0=0x00000000
      320035000	     15900	800086e2	6921	c.lui	x18,0x8	 x18=0x00008000
      320055000	     15901	800086e4	0ff0000f	fence	iorw,iorw	
      320075000	     15902	800086e8	01849133	sll	x2,x9,x24	  x9:0x00000000 x24:0xffffffb9  x2=0x00000000
      320095000	     15903	800086ec	34083173	csrrc	x2,mscratch,x16	 x16:0x0fb487b1  x2=0x00000000
      320255000	     15911	800086f0	03bd6263	bltu	x26,x27,80008714	 x26:0x80025ce4 x27:0xffffffff
      321235000	     15960	80008714	03794563	blt	x18,x23,8000873e	 x18:0x00008000 x23:0x00000001
      321655000	     15981	80008718	8f4d	c.or	x14,x11	 x14:0x867e6012 x11:0x00000000 x14=0x867e6012
      321675000	     15982	8000871a	41ea54b3	sra	x9,x20,x30	 x20:0x2d4f060f x30:0xfffff867  x9=0x005a9e0c
      321695000	     15983	8000871e	340c37f3	csrrc	x15,mscratch,x24	 x24:0xffffffb9 x15=0x00000000
      321715000	     15984	80008722	5c7d	c.li	x24,-1	 x24=0xffffffff
      321735000	     15985	80008724	8c62	c.mv	x24,x24	  x0:0x00000000 x24:0xffffffff x24=0xffffffff
      321755000	     15986	80008726	032e9c63	bne	x29,x18,8000875e	 x29:0x00000000 x18:0x00008000
      322495000	     16023	8000875e	038babb3	mulhsu	x23,x23,x24	 x23:0x00000001 x24:0xffffffff x23=0x00000000
      322555000	     16026	80008762	67328913	addi	x18,x5,1651	  x5:0x00000002 x18=0x00000675
      322575000	     16027	80008766	0a96	c.slli	x21,0x5	 x21:0x00000000 x21=0x00000000
      322775000	     16037	80008768	0ff0000f	fence	iorw,iorw	
      322815000	     16039	8000876c	03b29db3	mulh	x27,x5,x27	  x5:0x00000002 x27:0xffffffff x27=0xffffffff
      322835000	     16040	80008770	0001	c.addi	x0,0	  x0:0x00000000  x0=0x00000000
      322855000	     16041	80008772	34007c73	csrrci	x24,mscratch,0	 x24=0x00000000
      322915000	     16044	80008776	022090b3	mulh	x1,x1,x2	  x1:0xffffffff  x2:0x00000000  x1=0x00000000
      322935000	     16045	8000877a	c211	c.beqz	x12,8000877e	 x12:0x867e6000
      323255000	     16061	8000877c	8a61	c.andi	x12,24	 x12:0x867e6000 x12=0x00000000
      323315000	     16064	8000877e	340354f3	csrrwi	x9,mscratch,6	  x9=0x00000000
      323335000	     16065	80008782	8e15	c.sub	x12,x13	 x12:0x00000000 x13:0x0fb487b1 x12=0xf04b784f
      323735000	     16085	80008784	34072bf3	csrrs	x23,mscratch,x14	 x14:0x867e6012 x23=0x00000006
      324055000	     16101	80008788	0ff0000f	fence	iorw,iorw	
      324075000	     16102	8000878c	34002773	csrrs	x14,mscratch,x0	  x0:0x00000000 x14=0x867e6016
      324095000	     16103	80008790	340b5bf3	csrrwi	x23,mscratch,22	 x23=0x867e6016
      324375000	     16117	80008794	966a	c.add	x12,x26	 x12:0xf04b784f x26:0x80025ce4 x12=0x704dd533
      324395000	     16118	80008796	03b207b3	mul	x15,x4,x27	  x4:0x00000014 x27:0xffffffff x15=0xffffffec
      324415000	     16119	8000879a	ef09	c.bnez	x14,800087b4	 x14:0x867e6016
      324675000	     16132	800087b4	02c31f33	mulh	x30,x6,x12	  x6:0x00000000 x12:0x704dd533 x30=0x00000000
      324735000	     16135	800087b8	035cceb3	div	x29,x25,x21	 x25:0x00000000 x21:0x00000000 x29=0xffffffff
      324755000	     16136	800087bc	8f29	c.xor	x14,x10	 x14:0x867e6016 x10:0x00000000 x14=0x867e6016
      324875000	     16142	800087be	c76e5037	lui	x0,0xc76e5	  x0=0x00000000
      324895000	     16143	800087c2	01e6db33	srl	x22,x13,x30	 x13:0x0fb487b1 x30:0x00000000 x22=0x0fb487b1
      325235000	     16160	800087c6	00263cb3	sltu	x25,x12,x2	 x12:0x704dd533  x2:0x00000000 x25=0x00000000
      325255000	     16161	800087ca	027efe63	bgeu	x29,x7,80008806	 x29:0xffffffff  x7:0xfaeb9c09
      326015000	     16199	80008806	004b5893	srli	x17,x22,0x4	 x22:0x0fb487b1 x17=0x00fb487b
      326035000	     16200	8000880a	8c41	c.or	x8,x8	  x8:0x0fb487b0  x8:0x0fb487b0  x8=0x0fb487b0
      326055000	     16201	8000880c	df240313	addi	x6,x8,-526	  x8:0x0fb487b0  x6=0x0fb485a2
      326075000	     16202	80008810	c321	c.beqz	x14,80008850	 x14:0x867e6016
      326095000	     16203	80008812	9a86	c.add	x21,x1	 x21:0x00000000  x1:0x00000000 x21=0x00000000
      326115000	     16204	80008814	8eb5	c.xor	x13,x13	 x13:0x0fb487b1 x13:0x0fb487b1 x13=0x00000000
      326135000	     16205	80008816	03ae0733	mul	x14,x28,x26	 x28:0xfffffbfa x26:0x80025ce4 x14=0xf67e42a8
      326155000	     16206	8000881a	0001	c.addi	x0,0	  x0:0x00000000  x0=0x00000000
      326175000	     16207	8000881c	0a7a	c.slli	x20,0x1e	 x20:0x2d4f060f x20=0xc0000000
      326195000	     16208	8000881e	080a	c.slli	x16,0x2	 x16:0x0fb487b1 x16=0x3ed21ec4
      326355000	     16216	80008820	00998833	add	x16,x19,x9	 x19:0x80021e0c  x9:0x00000000 x16=0x80021e0c
      326695000	     16233	80008824	340028f3	csrrs	x17,mscratch,x0	  x0:0x00000000 x17=0x00000016
      326715000	     16234	80008828	0000100f	fence.i	
      327035000	     16250	8000882c	079b6f13	ori	x30,x22,121	 x22:0x0fb487b1 x30=0x0fb487f9
      327075000	     16252	80008830	023dd033	divu	x0,x27,x3	 x27:0xffffffff  x3:0x00000000  x0=0x00000000
      328195000	     16308	80008834	024f7633	remu	x12,x30,x4	 x30:0x0fb487f9  x4:0x00000014 x12=0x00000009
      328235000	     16310	80008838	02164633	div	x12,x12,x1	 x12:0x00000009  x1:0x00000000 x12=0xffffffff
      328275000	     16312	8000883c	023bf933	remu	x18,x23,x3	 x23:0x867e6016  x3:0x00000000 x18=0x867e6016
      328295000	     16313	80008840	01b5d7b3	srl	x15,x11,x27	 x11:0x00000000 x27:0xffffffff x15=0x00000000
      328315000	     16314	80008844	007b9593	slli	x11,x23,0x7	 x23:0x867e6016 x11=0x3f300b00
      328335000	     16315	80008848	340c7f73	csrrci	x30,mscratch,24	 x30=0x00000016
      328355000	     16316	8000884c	0132e6b3	or	x13,x5,x19	  x5:0x00000002 x19:0x80021e0c x13=0x80021e0e
      328435000	     16320	80008850	17fd	c.addi	x15,-1	 x15:0x00000000 x15=0xffffffff
      328615000	     16329	80008852	03e1a7b3	mulhsu	x15,x3,x30	  x3:0x00000000 x30:0x00000016 x15=0x00000000
      328675000	     16332	80008856	34006bf3	csrrsi	x23,mscratch,0	 x23=0x00000006
      328835000	     16340	8000885a	34007cf3	csrrci	x25,mscratch,0	 x25=0x00000006
      328855000	     16341	8000885e	00047633	and	x12,x8,x0	  x8:0x0fb487b0  x0:0x00000000 x12=0x00000000
      328975000	     16347	80008862	01d71b93	slli	x23,x14,0x1d	 x14:0xf67e42a8 x23=0x00000000
      329015000	     16349	80008866	03fe6233	rem	x4,x28,x31	 x28:0xfffffbfa x31:0x00000000  x4=0xfffffbfa
      329035000	     16350	8000886a	678d	c.lui	x15,0x3	 x15=0x00003000
      329055000	     16351	8000886c	0001	c.addi	x0,0	  x0:0x00000000  x0=0x00000000
      329075000	     16352	8000886e	0001	c.addi	x0,0	  x0:0x00000000  x0=0x00000000
      329095000	     16353	80008870	87d5	c.srai	x15,0x15	 x15:0x00003000 x15=0x00000000
      329115000	     16354	80008872	023702b3	mul	x5,x14,x3	 x14:0xf67e42a8  x3:0x00000000  x5=0x00000000
      329135000	     16355	80008876	8e11	c.sub	x12,x12	 x12:0x00000000 x12:0x00000000 x12=0x00000000
      329255000	     16361	80008878	3c8de313	ori	x6,x27,968	 x27:0xffffffff  x6=0xffffffff
      329675000	     16382	8000887c	80f5	c.srli	x9,0x1d	  x9:0x00000000  x9=0x00000000
      329735000	     16385	8000887e	16142f93	slti	x31,x8,353	  x8:0x0fb487b0 x31=0x00000000
      329935000	     16395	80008882	0115cb33	xor	x22,x11,x17	 x11:0x3f300b00 x17:0x00000016 x22=0x3f300b16
      329955000	     16396	80008886	013c5493	srli	x9,x24,0x13	 x24:0x00000000  x9=0x00000000
      329975000	     16397	8000888a	0000100f	fence.i	
      330595000	     16428	8000888e	025ad1b3	divu	x3,x21,x5	 x21:0x00000000  x5:0x00000000  x3=0xffffffff
      330635000	     16430	80008892	029ed5b3	divu	x11,x29,x9	 x29:0xffffffff  x9:0x00000000 x11=0xffffffff
      330655000	     16431	80008896	00f96533	or	x10,x18,x15	 x18:0x867e6016 x15:0x00000000 x10=0x867e6016
      331055000	     16451	8000889a	037dd033	divu	x0,x27,x23	 x27:0xffffffff x23:0x00000000  x0=0x00000000
      331075000	     16452	8000889e	adc52813	slti	x16,x10,-1316	 x10:0x867e6016 x16=0x00000001
      331095000	     16453	800088a2	1500	c.addi4spn	x8,x2,672	  x8=0x000002a0
      331935000	     16495	800088a4	02655533	divu	x10,x10,x6	 x10:0x867e6016  x6:0xffffffff x10=0x00000000
      331955000	     16496	800088a8	41e40db3	sub	x27,x8,x30	  x8:0x000002a0 x30:0x00000016 x27=0x0000028a
      331975000	     16497	800088ac	e00d	c.bnez	x8,800088ce	  x8:0x000002a0
      332595000	     16528	800088ce	0347a133	mulhsu	x2,x15,x20	 x15:0x00000000 x20:0xc0000000  x2=0x00000000
      332615000	     16529	800088d2	8f1d	c.sub	x14,x15	 x14:0xf67e42a8 x15:0x00000000 x14=0xf67e42a8
      332975000	     16547	800088d4	94ea	c.add	x9,x26	  x9:0x00000000 x26:0x80025ce4  x9=0x80025ce4
      332995000	     16548	800088d6	004d9db3	sll	x27,x27,x4	 x27:0x0000028a  x4:0xfffffbfa x27=0x28000000
      333815000	     16589	800088da	030d4633	div	x12,x26,x16	 x26:0x80025ce4 x16:0x00000001 x12=0x80025ce4
      334555000	     16626	800088de	0283f433	remu	x8,x7,x8	  x7:0xfaeb9c09  x8:0x000002a0  x8=0x000000e9
      334575000	     16627	800088e2	0001	c.addi	x0,0	  x0:0x00000000  x0=0x00000000
      334595000	     16628	800088e4	0ff0000f	fence	iorw,iorw	
      334615000	     16629	800088e8	04ea	c.slli	x9,0x1a	  x9:0x80025ce4  x9=0x90000000
      334635000	     16630	800088ea	00bb4cb3	xor	x25,x22,x11	 x22:0x3f300b16 x11:0xffffffff x25=0xc0cff4e9
      334655000	     16631	800088ee	e231	c.bnez	x12,80008932	 x12:0x80025ce4
      336075000	     16702	80008932	03a46133	rem	x2,x8,x26	  x8:0x000000e9 x26:0x80025ce4  x2=0x000000e9
      336095000	     16703	80008936	34042773	csrrs	x14,mscratch,x8	  x8:0x000000e9 x14=0x00000006
      336115000	     16704	8000893a	8eb1	c.xor	x13,x12	 x13:0x80021e0e x12:0x80025ce4 x13=0x000042ea
      336135000	     16705	8000893c	00499293	slli	x5,x19,0x4	 x19:0x80021e0c  x5=0x0021e0c0
      336155000	     16706	80008940	8d3d	c.xor	x10,x15	 x10:0x00000000 x15:0x00000000 x10=0x00000000
      336175000	     16707	80008942	8221	c.srli	x12,0x8	 x12:0x80025ce4 x12=0x0080025c
      336195000	     16708	80008944	05d1	c.addi	x11,20	 x11:0xffffffff x11=0x00000013
      336215000	     16709	80008946	8fe1	c.and	x15,x8	 x15:0x00000000  x8:0x000000e9 x15=0x00000000
      336235000	     16710	80008948	717d	c.addi16sp	x2,-16	  x2:0x000000e9  x2=0x000000d9
      336255000	     16711	8000894a	0384	c.addi4spn	x9,x2,448	  x9=0x00000299
      336295000	     16713	8000894c	038f5e33	divu	x28,x30,x24	 x30:0x00000016 x24:0x00000000 x28=0xffffffff
      336635000	     16730	80008950	0001	c.addi	x0,0	  x0:0x00000000  x0=0x00000000
      336655000	     16731	80008952	00ab7ab3	and	x21,x22,x10	 x22:0x3f300b16 x10:0x00000000 x21=0x00000000
      336675000	     16732	80008956	080a	c.slli	x16,0x2	 x16:0x00000001 x16=0x00000004
      336775000	     16737	80008958	0ff0000f	fence	iorw,iorw	
      336795000	     16738	8000895c	0000100f	fence.i	
      337695000	     16783	80008960	01585e93	srli	x29,x16,0x15	 x16:0x00000004 x29=0x00000000
      338115000	     16804	80008964	404fd293	srai	x5,x31,0x4	 x31:0x00000000  x5=0x00000000
      338135000	     16805	80008968	34006cf3	csrrsi	x25,mscratch,0	 x25=0x000000ef
      338535000	     16825	8000896c	01f144b3	xor	x9,x2,x31	  x2:0x000000d9 x31:0x00000000  x9=0x000000d9
      338555000	     16826	80008970	00547c33	and	x24,x8,x5	  x8:0x000000e9  x5:0x00000000 x24=0x00000000
      338975000	     16847	80008974	34006773	csrrsi	x14,mscratch,0	 x14=0x000000ef
      338995000	     16848	80008978	025cde63	bge	x25,x5,800089b4	 x25:0x000000ef  x5:0x00000000
      339355000	     16866	800089b4	01caf7b3	and	x15,x21,x28	 x21:0x00000000 x28:0xffffffff x15=0x00000000
      339375000	     16867	800089b8	f52d3e13	sltiu	x28,x26,-174	 x26:0x80025ce4 x28=0x00000001
      340115000	     16904	800089bc	03b962b3	rem	x5,x18,x27	 x18:0x867e6016 x27:0x28000000  x5=0xfe7e6016
      340135000	     16905	800089c0	30547f13	andi	x30,x8,773	  x8:0x000000e9 x30=0x00000001
      340155000	     16906	800089c4	340066f3	csrrsi	x13,mscratch,0	 x13=0x000000ef
      340175000	     16907	800089c8	8fad	c.xor	x15,x11	 x15:0x00000000 x11:0x00000013 x15=0x00000013
      340195000	     16908	800089ca	01d81933	sll	x18,x16,x29	 x16:0x00000004 x29:0x00000000 x18=0x00000004
      340215000	     16909	800089ce	ab294c93	xori	x25,x18,-1358	 x18:0x00000004 x25=0xfffffab6
      340235000	     16910	800089d2	4133deb3	sra	x29,x7,x19	  x7:0xfaeb9c09 x19:0x80021e0c x29=0xffffaeb9
      340255000	     16911	800089d6	0b8e	c.slli	x23,0x3	 x23:0x00000000 x23=0x00000000
      340315000	     16914	800089d8	0980	c.addi4spn	x8,x2,208	  x8=0x000001a9
      340435000	     16920	800089da	34073ff3	csrrc	x31,mscratch,x14	 x14:0x000000ef x31=0x000000ef
      340455000	     16921	800089de	ca89	c.beqz	x13,800089f0	 x13:0x000000ef
      341315000	     16964	800089e0	03a544b3	div	x9,x10,x26	 x10:0x00000000 x26:0x80025ce4  x9=0x00000000
      341335000	     16965	800089e4	0106c2b3	xor	x5,x13,x16	 x13:0x000000ef x16:0x00000004  x5=0x000000eb
      341375000	     16967	800089e8	032618b3	mulh	x17,x12,x18	 x12:0x0080025c x18:0x00000004 x17=0x00000000
      341395000	     16968	800089ec	02f3d063	bge	x7,x15,80008a0c	  x7:0xfaeb9c09 x15:0x00000013
      341415000	     16969	800089f0	cbccf6b7	lui	x13,0xcbccf	 x13=0xcbccf000
      341435000	     16970	800089f4	4178d133	sra	x2,x17,x23	 x17:0x00000000 x23:0x00000000  x2=0x00000000
      341455000	     16971	800089f8	2d632213	slti	x4,x6,726	  x6:0xffffffff  x4=0x00000001
      341475000	     16972	800089fc	34007573	csrrci	x10,mscratch,0	 x10=0x00000000
      341575000	     16977	80008a00	34003c73	csrrc	x24,mscratch,x0	  x0:0x00000000 x24=0x00000000
      341595000	     16978	80008a04	cf928113	addi	x2,x5,-775	  x5:0x000000eb  x2=0xfffffde4
      341615000	     16979	80008a08	00dbe733	or	x14,x23,x13	 x23:0x00000000 x13:0xcbccf000 x14=0xcbccf000
      341815000	     16989	80008a0c	41155433	sra	x8,x10,x17	 x10:0x00000000 x17:0x00000000  x8=0x00000000
      341835000	     16990	80008a10	01a7a7b3	slt	x15,x15,x26	 x15:0x00000013 x26:0x80025ce4 x15=0x00000000
      341855000	     16991	80008a14	8b9d	c.andi	x15,7	 x15:0x00000000 x15=0x00000000
      342135000	     17005	80008a16	40205c93	srai	x25,x0,0x2	  x0:0x00000000 x25=0x00000000
      342295000	     17013	80008a1a	340c70f3	csrrci	x1,mscratch,24	  x1=0x00000000
      342455000	     17021	80008a1e	40fd01b3	sub	x3,x26,x15	 x26:0x80025ce4 x15:0x00000000  x3=0x80025ce4
      342875000	     17042	80008a22	21ebcc93	xori	x25,x23,542	 x23:0x00000000 x25=0x0000021e
      342895000	     17043	80008a26	002d4db3	xor	x27,x26,x2	 x26:0x80025ce4  x2:0xfffffde4 x27=0x7ffda100
      342975000	     17047	80008a2a	03448413	addi	x8,x9,52	  x9:0x00000000  x8=0x00000034
      342995000	     17048	80008a2e	40ced493	srai	x9,x29,0xc	 x29:0xffffaeb9  x9=0xfffffffa
      343175000	     17057	80008a32	41b48a33	sub	x20,x9,x27	  x9:0xfffffffa x27:0x7ffda100 x20=0x80025efa
      343195000	     17058	80008a36	4a3f9097	auipc	x1,0x4a3f9	  x1=0xca401a36
      343215000	     17059	80008a3a	85ed	c.srai	x11,0x1b	 x11:0x00000013 x11=0x00000000
      343395000	     17068	80008a3c	014c1a93	slli	x21,x24,0x14	 x24:0x00000000 x21=0x00000000
      343455000	     17071	80008a40	340db773	csrrc	x14,mscratch,x27	 x27:0x7ffda100 x14=0x00000000
      343475000	     17072	80008a44	8d59	c.or	x10,x14	 x10:0x00000000 x14:0x00000000 x10=0x00000000
      343595000	     17078	80008a46	017bc363	blt	x23,x23,80008a4c	 x23:0x00000000 x23:0x00000000
      343615000	     17079	80008a4a	9672	c.add	x12,x28	 x12:0x0080025c x28:0x00000001 x12=0x0080025d
      344355000	     17116	80008a4c	029edc33	divu	x24,x29,x9	 x29:0xffffaeb9  x9:0xfffffffa x24=0x00000000
      344375000	     17117	80008a50	8e19	c.sub	x12,x14	 x12:0x0080025d x14:0x00000000 x12=0x0080025d
      344395000	     17118	80008a52	5bebeb97	auipc	x23,0x5bebe	 x23=0xdbec6a52
      344415000	     17119	80008a56	8f79	c.and	x14,x14	 x14:0x00000000 x14:0x00000000 x14=0x00000000
      344455000	     17121	80008a58	03022c33	mulhsu	x24,x4,x16	  x4:0x00000001 x16:0x00000004 x24=0x00000000
      344475000	     17122	80008a5c	01fa50b3	srl	x1,x20,x31	 x20:0x80025efa x31:0x000000ef  x1=0x00010004
      344495000	     17123	80008a60	8eb1	c.xor	x13,x12	 x13:0xcbccf000 x12:0x0080025d x13=0xcb4cf25d
      344515000	     17124	80008a62	02f705b3	mul	x11,x14,x15	 x14:0x00000000 x15:0x00000000 x11=0x00000000
      344535000	     17125	80008a66	0001	c.addi	x0,0	  x0:0x00000000  x0=0x00000000
      344555000	     17126	80008a68	8c15	c.sub	x8,x13	  x8:0x00000034 x13:0xcb4cf25d  x8=0x34b30dd7
      344595000	     17128	80008a6a	02c2b933	mulhu	x18,x5,x12	  x5:0x000000eb x12:0x0080025d x18=0x00000000
      344615000	     17129	80008a6e	54e3f493	andi	x9,x7,1358	  x7:0xfaeb9c09  x9=0x00000408
      344635000	     17130	80008a72	04a1	c.addi	x9,8	  x9:0x00000408  x9=0x00000410
      344655000	     17131	80008a74	8da1	c.xor	x11,x8	 x11:0x00000000  x8:0x34b30dd7 x11=0x34b30dd7
      344795000	     17138	80008a76	0183bc33	sltu	x24,x7,x24	  x7:0xfaeb9c09 x24:0x00000000 x24=0x00000000
      344875000	     17142	80008a7a	03df9933	mulh	x18,x31,x29	 x31:0x000000ef x29:0xffffaeb9 x18=0xffffffff
      344915000	     17144	80008a7e	0168ed63	bltu	x17,x22,80008a98	 x17:0x00000000 x22:0x3f300b16
      346555000	     17226	80008a98	03456fb3	rem	x31,x10,x20	 x10:0x00000000 x20:0x80025efa x31=0x00000000
      346575000	     17227	80008a9c	34011973	csrrw	x18,mscratch,x2	  x2:0xfffffde4 x18=0x00000000
      346595000	     17228	80008aa0	01c61a93	slli	x21,x12,0x1c	 x12:0x0080025d x21=0xd0000000
      346615000	     17229	80008aa4	3409aa73	csrrs	x20,mscratch,x19	 x19:0x80021e0c x20=0xfffffde4
      361975000	     17997	80008aa8	02dee233	rem	x4,x29,x13	 x29:0xffffaeb9 x13:0xcb4cf25d  x4=0xffffaeb9
      361995000	     17998	80008aac	3407a773	csrrs	x14,mscratch,x15	 x15:0x00000000 x14=0xffffffec
      362015000	     17999	80008ab0	774eac13	slti	x24,x29,1908	 x29:0xffffaeb9 x24=0x00000001
      362035000	     18000	80008ab4	03ecc563	blt	x25,x30,80008ade	 x25:0x0000021e x30:0x00000001
      362055000	     18001	80008ab8	00588533	add	x10,x17,x5	 x17:0x00000000  x5:0x000000eb x10=0x000000eb
      362075000	     18002	80008abc	408edcb3	sra	x25,x29,x8	 x29:0xffffaeb9  x8:0x34b30dd7 x25=0xffffffff
      362115000	     18004	80008ac0	8dd9	c.or	x11,x14	 x11:0x34b30dd7 x14:0xffffffec x11=0xffffffff
      362435000	     18020	80008ac2	34007173	csrrci	x2,mscratch,0	  x2=0xffffffec
      362855000	     18041	80008ac6	48df0f13	addi	x30,x30,1165	 x30:0x00000001 x30=0x0000048e
      362875000	     18042	80008aca	0001	c.addi	x0,0	  x0:0x00000000  x0=0x00000000
      363035000	     18050	80008acc	01c24263	blt	x4,x28,80008ad0	  x4:0xffffaeb9 x28:0x00000001
      363255000	     18061	80008ad0	045d6163	bltu	x26,x5,80008b12	 x26:0x80025ce4  x5:0x000000eb
      363275000	     18062	80008ad4	87fd	c.srai	x15,0x1f	 x15:0x00000000 x15=0x00000000
      363295000	     18063	80008ad6	8f2d	c.xor	x14,x11	 x14:0xffffffec x11:0xffffffff x14=0x00000013
      363335000	     18065	80008ad8	8e5e	c.mv	x28,x23	  x0:0x00000000 x23:0xdbec6a52 x28=0xdbec6a52
      363555000	     18076	80008ada	cf15a297	auipc	x5,0xcf15a	  x5=0x4f162ada
      363575000	     18077	80008ade	8b7d	c.andi	x14,31	 x14:0x00000013 x14=0x00000013
      363915000	     18094	80008ae0	41188c33	sub	x24,x17,x17	 x17:0x00000000 x17:0x00000000 x24=0x00000000
      364075000	     18102	80008ae4	340d5df3	csrrwi	x27,mscratch,26	 x27=0xffffffec
      364495000	     18123	80008ae8	01974263	blt	x14,x25,80008aec	 x14:0x00000013 x25:0xffffffff
      364935000	     18145	80008aec	02dea5b3	mulhsu	x11,x29,x13	 x29:0xffffaeb9 x13:0xcb4cf25d x11=0xffffbf74
      365335000	     18165	80008af0	0261e663	bltu	x3,x6,80008b1c	  x3:0x80025ce4  x6:0xffffffff
      365635000	     18180	80008b1c	05d8c463	blt	x17,x29,80008b64	 x17:0x00000000 x29:0xffffaeb9
      365675000	     18182	80008b20	00345533	srl	x10,x8,x3	  x8:0x34b30dd7  x3:0x80025ce4 x10=0x034b30dd
      365855000	     18191	80008b24	0139f833	and	x16,x19,x19	 x19:0x80021e0c x19:0x80021e0c x16=0x80021e0c
      365975000	     18197	80008b28	018385b3	add	x11,x7,x24	  x7:0xfaeb9c09 x24:0x00000000 x11=0xfaeb9c09
      365995000	     18198	80008b2c	3409d6f3	csrrwi	x13,mscratch,19	 x13=0x0000001a
      366315000	     18214	80008b30	a3048813	addi	x16,x9,-1488	  x9:0x00000410 x16=0xfffffe40
      366575000	     18227	80008b34	ab647f93	andi	x31,x8,-1354	  x8:0x34b30dd7 x31=0x34b30896
      367315000	     18264	80008b38	029bd433	divu	x8,x23,x9	 x23:0xdbec6a52  x9:0x00000410  x8=0x00362290
      367335000	     18265	80008b3c	01f09d93	slli	x27,x1,0x1f	  x1:0x00010004 x27=0x00000000
      367355000	     18266	80008b40	34056af3	csrrsi	x21,mscratch,10	 x21=0x00000013
      367375000	     18267	80008b44	8141	c.srli	x10,0x10	 x10:0x034b30dd x10=0x0000034b
      367395000	     18268	80008b46	3402d573	csrrwi	x10,mscratch,5	 x10=0x0000001b
      367415000	     18269	80008b4a	cf99	c.beqz	x15,80008b68	 x15:0x00000000
      368215000	     18309	80008b68	6165	c.addi16sp	x2,112	  x2:0xffffffec  x2=0x0000005c
      368235000	     18310	80008b6a	0001	c.addi	x0,0	  x0:0x00000000  x0=0x00000000
      368295000	     18313	80008b6c	402607b3	sub	x15,x12,x2	 x12:0x0080025d  x2:0x0000005c x15=0x00800201
      368315000	     18314	80008b70	e789	c.bnez	x15,80008b7a	 x15:0x00800201
      369175000	     18357	80008b7a	a0e82937	lui	x18,0xa0e82	 x18=0xa0e82000
      369295000	     18363	80008b7e	8c583b93	sltiu	x23,x16,-1851	 x16:0xfffffe40 x23=0x00000000
      369315000	     18364	80008b82	9afd	c.andi	x13,-1	 x13:0x0000001a x13=0x0000001a
      369515000	     18374	80008b84	02fdadb3	mulhsu	x27,x27,x15	 x27:0x00000000 x15:0x00800201 x27=0x00000000
      369535000	     18375	80008b88	c089	c.beqz	x9,80008b8a	  x9:0x00000410
      369555000	     18376	80008b8a	85ba	c.mv	x11,x14	  x0:0x00000000 x14:0x00000013 x11=0x00000013
      369715000	     18384	80008b8c	811a	c.mv	x2,x6	  x0:0x00000000  x6:0xffffffff  x2=0xffffffff
      369735000	     18385	80008b8e	886e	c.mv	x16,x27	  x0:0x00000000 x27:0x00000000 x16=0x00000000
      370135000	     18405	80008b90	ec01	c.bnez	x8,80008ba8	  x8:0x00362290
      371195000	     18458	80008ba8	018a6763	bltu	x20,x24,80008bb6	 x20:0xfffffde4 x24:0x00000000
      371215000	     18459	80008bac	1be23213	sltiu	x4,x4,446	  x4:0xffffaeb9  x4=0x00000000
      371475000	     18472	80008bb0	0001	c.addi	x0,0	  x0:0x00000000  x0=0x00000000
      371495000	     18473	80008bb2	0065c433	xor	x8,x11,x6	 x11:0x00000013  x6:0xffffffff  x8=0xffffffec
      371515000	     18474	80008bb6	8f75	c.and	x14,x13	 x14:0x00000013 x13:0x0000001a x14=0x00000012
      371815000	     18489	80008bb8	34006973	csrrsi	x18,mscratch,0	 x18=0x00000005
      371835000	     18490	80008bbc	87ca	c.mv	x15,x18	  x0:0x00000000 x18:0x00000005 x15=0x00000005
      371855000	     18491	80008bbe	012b1893	slli	x17,x22,0x12	 x22:0x3f300b16 x17=0x2c580000
      371875000	     18492	80008bc2	8f89	c.sub	x15,x10	 x15:0x00000005 x10:0x0000001b x15=0xffffffea
      372115000	     18504	80008bc4	01760b33	add	x22,x12,x23	 x12:0x0080025d x23:0x00000000 x22=0x0080025d
      372135000	     18505	80008bc8	01126763	bltu	x4,x17,80008bd6	  x4:0x00000000 x17:0x2c580000
      372375000	     18517	80008bd6	e50d	c.bnez	x10,80008c00	 x10:0x0000001b
      373175000	     18557	80008c00	038ecf33	div	x30,x29,x24	 x29:0xffffaeb9 x24:0x00000000 x30=0xffffffff
      373195000	     18558	80008c04	fd7d6893	ori	x17,x26,-41	 x26:0x80025ce4 x17=0xfffffff7
      373215000	     18559	80008c08	026b4d63	blt	x22,x6,80008c42	 x22:0x0080025d  x6:0xffffffff
      373515000	     18574	80008c0c	34002573	csrrs	x10,mscratch,x0	  x0:0x00000000 x10=0x00000005
      373535000	     18575	80008c10	41d80f33	sub	x30,x16,x29	 x16:0x00000000 x29:0xffffaeb9 x30=0x00005147
      373735000	     18585	80008c14	02989363	bne	x17,x9,80008c3a	 x17:0xfffffff7  x9:0x00000410
      374475000	     18622	80008c3a	8e11	c.sub	x12,x12	 x12:0x0080025d x12:0x0080025d x12=0x00000000
      374515000	     18624	80008c3c	34007073	csrrci	x0,mscratch,0	  x0=0x00000000
      374535000	     18625	80008c40	0456	c.slli	x8,0x15	  x8:0xffffffec  x8=0xfd800000
      374555000	     18626	80008c42	0ccd	c.addi	x25,19	 x25:0xffffffff x25=0x00000012
      374575000	     18627	80008c44	8155	c.srli	x10,0x15	 x10:0x00000005 x10=0x00000000
      374695000	     18633	80008c46	34002ef3	csrrs	x29,mscratch,x0	  x0:0x00000000 x29=0x00000005
      374815000	     18639	80008c4a	340c6f73	csrrsi	x30,mscratch,24	 x30=0x00000005
      374855000	     18641	80008c4e	3409f873	csrrci	x16,mscratch,19	 x16=0x0000001d
      374875000	     18642	80008c52	0001	c.addi	x0,0	  x0:0x00000000  x0=0x00000000
      375275000	     18662	80008c54	012bddb3	srl	x27,x23,x18	 x23:0x00000000 x18:0x00000005 x27=0x00000000
      375415000	     18669	80008c58	037ee763	bltu	x29,x23,80008c86	 x29:0x00000005 x23:0x00000000
      375835000	     18690	80008c5c	889d	c.andi	x9,7	  x9:0x00000410  x9=0x00000000
      375855000	     18691	80008c5e	01acee63	bltu	x25,x26,80008c7a	 x25:0x00000012 x26:0x80025ce4
      376475000	     18722	80008c7a	03ba4033	div	x0,x20,x27	 x20:0xfffffde4 x27:0x00000000  x0=0x00000000
      376615000	     18729	80008c7e	01a3b1b3	sltu	x3,x7,x26	  x7:0xfaeb9c09 x26:0x80025ce4  x3=0x00000000
      376635000	     18730	80008c82	77fe4413	xori	x8,x28,1919	 x28:0xdbec6a52  x8=0xdbec6d2d
      376855000	     18741	80008c86	34031473	csrrw	x8,mscratch,x6	  x6:0xffffffff  x8=0x0000000c
      377135000	     18755	80008c8a	340ae573	csrrsi	x10,mscratch,21	 x10=0xffffffff
      377155000	     18756	80008c8e	87ed	c.srai	x15,0x1b	 x15:0xffffffea x15=0xffffffff
      377195000	     18758	80008c90	029b9a33	mulh	x20,x23,x9	 x23:0x00000000  x9:0x00000000 x20=0x00000000
      377555000	     18776	80008c94	8d6d	c.and	x10,x11	 x10:0xffffffff x11:0x00000013 x10=0x00000013
      377575000	     18777	80008c96	8f5d	c.or	x14,x15	 x14:0x00000012 x15:0xffffffff x14=0xffffffff
      377595000	     18778	80008c98	019b16b3	sll	x13,x22,x25	 x22:0x0080025d x25:0x00000012 x13=0x09740000
      377755000	     18786	80008c9c	004d1c13	slli	x24,x26,0x4	 x26:0x80025ce4 x24=0x0025ce40
      378635000	     18830	80008ca0	02a5c133	div	x2,x11,x10	 x11:0x00000013 x10:0x00000013  x2=0x00000001
      378655000	     18831	80008ca4	031a5563	bge	x20,x17,80008cce	 x20:0x00000000 x17:0xfffffff7
      379355000	     18866	80008cce	3408d073	csrrwi	x0,mscratch,17	  x0=0x00000000
      379375000	     18867	80008cd2	0001	c.addi	x0,0	  x0:0x00000000  x0=0x00000000
      379415000	     18869	80008cd4	00445e13	srli	x28,x8,0x4	  x8:0x0000000c x28=0x00000000
      379435000	     18870	80008cd8	03c481b3	mul	x3,x9,x28	  x9:0x00000000 x28:0x00000000  x3=0x00000000
      379455000	     18871	80008cdc	0ff0000f	fence	iorw,iorw	
      379475000	     18872	80008ce0	03f98063	beq	x19,x31,80008d00	 x19:0x80021e0c x31:0x34b30896
      379755000	     18886	80008ce4	01e23b33	sltu	x22,x4,x30	  x4:0x00000000 x30:0x00000005 x22=0x00000001
      379775000	     18887	80008ce8	0001	c.addi	x0,0	  x0:0x00000000  x0=0x00000000
      379795000	     18888	80008cea	00f14a33	xor	x20,x2,x15	  x2:0x00000001 x15:0xffffffff x20=0xfffffffe
      379815000	     18889	80008cee	07e1	c.addi	x15,24	 x15:0xffffffff x15=0x00000017
      379835000	     18890	80008cf0	01c948b3	xor	x17,x18,x28	 x18:0x00000005 x28:0x00000000 x17=0x00000005
      379855000	     18891	80008cf4	86d5	c.srai	x13,0x15	 x13:0x09740000 x13=0x0000004b
      379875000	     18892	80008cf6	0001	c.addi	x0,0	  x0:0x00000000  x0=0x00000000
      379895000	     18893	80008cf8	41575413	srai	x8,x14,0x15	 x14:0xffffffff  x8=0xffffffff
      380095000	     18903	80008cfc	0150c533	xor	x10,x1,x21	  x1:0x00010004 x21:0x00000013 x10=0x00010017
      380115000	     18904	80008d00	00ff6c63	bltu	x30,x15,80008d18	 x30:0x00000005 x15:0x00000017
      380975000	     18947	80008d18	49388913	addi	x18,x17,1171	 x17:0x00000005 x18=0x00000498
      380995000	     18948	80008d1c	40a48b33	sub	x22,x9,x10	  x9:0x00000000 x10:0x00010017 x22=0xfffeffe9
      381015000	     18949	80008d20	e211	c.bnez	x12,80008d24	 x12:0x00000000
      381035000	     18950	80008d22	0001	c.addi	x0,0	  x0:0x00000000  x0=0x00000000
      381215000	     18959	80008d24	00027a33	and	x20,x4,x0	  x4:0x00000000  x0:0x00000000 x20=0x00000000
      381295000	     18963	80008d28	01fcf433	and	x8,x25,x31	 x25:0x00000012 x31:0x34b30896  x8=0x00000012
      381575000	     18977	80008d2c	8c8d	c.sub	x9,x11	  x9:0x00000000 x11:0x00000013  x9=0xffffffed
      381595000	     18978	80008d2e	8e31	c.xor	x12,x12	 x12:0x00000000 x12:0x00000000 x12=0x00000000
      381635000	     18980	80008d30	71a60a13	addi	x20,x12,1818	 x12:0x00000000 x20=0x0000071a
      381675000	     18982	80008d34	615d	c.addi16sp	x2,432	  x2:0x00000001  x2=0x000001b1
      381795000	     18988	80008d36	03c7b1b3	mulhu	x3,x15,x28	 x15:0x00000017 x28:0x00000000  x3=0x00000000
      381815000	     18989	80008d3a	414b86b3	sub	x13,x23,x20	 x23:0x00000000 x20:0x0000071a x13=0xfffff8e6
      382155000	     19006	80008d3e	028da1b3	mulhsu	x3,x27,x8	 x27:0x00000000  x8:0x00000012  x3=0x00000000
      382555000	     19026	80008d42	01fa2fb3	slt	x31,x20,x31	 x20:0x0000071a x31:0x34b30896 x31=0x00000001
      382575000	     19027	80008d46	8955	c.andi	x10,21	 x10:0x00010017 x10=0x00000015
      382595000	     19028	80008d48	00216eb3	or	x29,x2,x2	  x2:0x000001b1  x2:0x000001b1 x29=0x000001b1
      382615000	     19029	80008d4c	8e91	c.sub	x13,x12	 x13:0xfffff8e6 x12:0x00000000 x13=0xfffff8e6
      382635000	     19030	80008d4e	4771	c.li	x14,28	 x14=0x0000001c
      383015000	     19049	80008d50	9a0a	c.add	x20,x2	 x20:0x0000071a  x2:0x000001b1 x20=0x000008cb
      384095000	     19103	80008d52	03feee33	rem	x28,x29,x31	 x29:0x000001b1 x31:0x00000001 x28=0x00000000
      384115000	     19104	80008d56	7448b093	sltiu	x1,x17,1860	 x17:0x00000005  x1=0x00000001
      384135000	     19105	80008d5a	04e35363	bge	x6,x14,80008da0	  x6:0xffffffff x14:0x0000001c
      384155000	     19106	80008d5e	34035df3	csrrwi	x27,mscratch,6	 x27=0x00000011
      384175000	     19107	80008d62	9d9e	c.add	x27,x7	 x27:0x00000011  x7:0xfaeb9c09 x27=0xfaeb9c1a
      384195000	     19108	80008d64	40765f13	srai	x30,x12,0x7	 x12:0x00000000 x30=0x00000000
      384235000	     19110	80008d68	02d1ba33	mulhu	x20,x3,x13	  x3:0x00000000 x13:0xfffff8e6 x20=0x00000000
      384275000	     19112	80008d6c	70078e93	addi	x29,x15,1792	 x15:0x00000017 x29=0x00000717
      384455000	     19121	80008d70	0000100f	fence.i	
      385035000	     19150	80008d74	001f9f13	slli	x30,x31,0x1	 x31:0x00000001 x30=0x00000002
      385055000	     19151	80008d78	01549f13	slli	x30,x9,0x15	  x9:0xffffffed x30=0xfda00000
      385215000	     19159	80008d7c	01ffc2b3	xor	x5,x31,x31	 x31:0x00000001 x31:0x00000001  x5=0x00000000
      385295000	     19163	80008d80	03bd1e33	mulh	x28,x26,x27	 x26:0x80025ce4 x27:0xfaeb9c1a x28=0x028a25f2
      385315000	     19164	80008d84	340072f3	csrrci	x5,mscratch,0	  x5=0x00000006
      385455000	     19171	80008d88	50fd	c.li	x1,-1	  x1=0xffffffff
      385595000	     19178	80008d8a	01780d63	beq	x16,x23,80008da4	 x16:0x0000001d x23:0x00000000
      385615000	     19179	80008d8e	0016f133	and	x2,x13,x1	 x13:0xfffff8e6  x1:0xffffffff  x2=0xfffff8e6
      385635000	     19180	80008d92	0134cf33	xor	x30,x9,x19	  x9:0xffffffed x19:0x80021e0c x30=0x7ffde1e1
      385655000	     19181	80008d96	34092973	csrrs	x18,mscratch,x18	 x18:0x00000498 x18=0x00000006
      385675000	     19182	80008d9a	826d	c.srli	x12,0x1b	 x12:0x00000000 x12=0x00000000
      385855000	     19191	80008d9c	9c077c13	andi	x24,x14,-1600	 x14:0x0000001c x24=0x00000000
      385975000	     19197	80008da0	34007df3	csrrci	x27,mscratch,0	 x27=0x0000049e
      386275000	     19212	80008da4	a07a3297	auipc	x5,0xa07a3	  x5=0x207abda4
      386295000	     19213	80008da8	4141ddb3	sra	x27,x3,x20	  x3:0x00000000 x20:0x00000000 x27=0x00000000
      386315000	     19214	80008dac	56bcce13	xori	x28,x25,1387	 x25:0x00000012 x28=0x00000579
      386335000	     19215	80008db0	8b842593	slti	x11,x8,-1864	  x8:0x00000012 x11=0x00000000
      387075000	     19252	80008db4	021966b3	rem	x13,x18,x1	 x18:0x00000006  x1:0xffffffff x13=0x00000000
      387095000	     19253	80008db8	874d	c.srai	x14,0x13	 x14:0x0000001c x14=0x00000000
      387835000	     19290	80008dba	03944833	div	x16,x8,x25	  x8:0x00000012 x25:0x00000012 x16=0x00000001
      388575000	     19327	80008dbe	02fd7433	remu	x8,x26,x15	 x26:0x80025ce4 x15:0x00000017  x8=0x00000016
      388595000	     19328	80008dc2	8dd9	c.or	x11,x14	 x11:0x00000000 x14:0x00000000 x11=0x00000000
      388615000	     19329	80008dc4	01745a63	bge	x8,x23,80008dd8	  x8:0x00000016 x23:0x00000000
      389095000	     19353	80008dd8	015a1a33	sll	x20,x20,x21	 x20:0x00000000 x21:0x00000013 x20=0x00000000
      389135000	     19355	80008ddc	13b0abb7	lui	x23,0x13b0a	 x23=0x13b0a000
      389555000	     19376	80008de0	c999	c.beqz	x11,80008df6	 x11:0x00000000
      390515000	     19424	80008df6	ce0d	c.beqz	x12,80008e30	 x12:0x00000000
      391255000	     19461	80008e30	34007ef3	csrrci	x29,mscratch,0	 x29=0x0000049e
      391275000	     19462	80008e34	001a0fb3	add	x31,x20,x1	 x20:0x00000000  x1:0xffffffff x31=0xffffffff
      391295000	     19463	80008e38	00f7e833	or	x16,x15,x15	 x15:0x00000017 x15:0x00000017 x16=0x00000017
      391315000	     19464	80008e3c	01a7d0b3	srl	x1,x15,x26	 x15:0x00000017 x26:0x80025ce4  x1=0x00000001
      391335000	     19465	80008e40	8cb9	c.xor	x9,x14	  x9:0xffffffed x14:0x00000000  x9=0xffffffed
      391375000	     19467	80008e42	039e0433	mul	x8,x28,x25	 x28:0x00000579 x25:0x00000012  x8=0x00006282
      391815000	     19489	80008e46	c53bbe13	sltiu	x28,x23,-941	 x23:0x13b0a000 x28=0x00000001
      391835000	     19490	80008e4a	e701	c.bnez	x14,80008e52	 x14:0x00000000
      392135000	     19505	80008e4c	1d3ac713	xori	x14,x21,467	 x21:0x00000013 x14=0x000001c0
      392155000	     19506	80008e50	e28d	c.bnez	x13,80008e72	 x13:0x00000000
      392175000	     19507	80008e52	1480	c.addi4spn	x8,x2,608	  x8=0xfffffb46
      392335000	     19515	80008e54	0106e133	or	x2,x13,x16	 x13:0x00000000 x16:0x00000017  x2=0x00000017
      392355000	     19516	80008e58	4069d233	sra	x4,x19,x6	 x19:0x80021e0c  x6:0xffffffff  x4=0xffffffff
      392375000	     19517	80008e5c	03b98f33	mul	x30,x19,x27	 x19:0x80021e0c x27:0x00000000 x30=0x00000000
      392655000	     19531	80008e60	340576f3	csrrci	x13,mscratch,10	 x13=0x0000049e
      392675000	     19532	80008e64	34007e73	csrrci	x28,mscratch,0	 x28=0x00000494
      392695000	     19533	80008e68	02e76463	bltu	x14,x14,80008e90	 x14:0x000001c0 x14:0x000001c0
      392715000	     19534	80008e6c	e0686513	ori	x10,x16,-506	 x16:0x00000017 x10=0xfffffe17
      392735000	     19535	80008e70	8321	c.srli	x14,0x8	 x14:0x000001c0 x14=0x00000001
      392755000	     19536	80008e72	17d74c13	xori	x24,x14,381	 x14:0x00000001 x24=0x0000017c
      392775000	     19537	80008e76	9c6e	c.add	x24,x27	 x24:0x0000017c x27:0x00000000 x24=0x0000017c
      392835000	     19540	80008e78	00d672b3	and	x5,x12,x13	 x12:0x00000000 x13:0x0000049e  x5=0x00000000
      392855000	     19541	80008e7c	0001	c.addi	x0,0	  x0:0x00000000  x0=0x00000000
      392875000	     19542	80008e7e	00bde7b3	or	x15,x27,x11	 x27:0x00000000 x11:0x00000000 x15=0x00000000
      392895000	     19543	80008e82	9136	c.add	x2,x13	  x2:0x00000017 x13:0x0000049e  x2=0x000004b5
      392915000	     19544	80008e84	01229813	slli	x16,x5,0x12	  x5:0x00000000 x16=0x00000000
      393035000	     19550	80008e88	001d40b3	xor	x1,x26,x1	 x26:0x80025ce4  x1:0x00000001  x1=0x80025ce5
      393415000	     19569	80008e8c	0186ddb3	srl	x27,x13,x24	 x13:0x0000049e x24:0x0000017c x27=0x00000000
      393435000	     19570	80008e90	9247b813	sltiu	x16,x15,-1756	 x15:0x00000000 x16=0x00000001
      393855000	     19591	80008e94	8589	c.srai	x11,0x2	 x11:0x00000000 x11=0x00000000
      393875000	     19592	80008e96	419adc13	srai	x24,x21,0x19	 x21:0x00000013 x24=0x00000000
      393975000	     19597	80008e9a	026dd363	bge	x27,x6,80008ec0	 x27:0x00000000  x6:0xffffffff
      394335000	     19615	80008ec0	34007273	csrrci	x4,mscratch,0	  x4=0x00000494
      394355000	     19616	80008ec4	58017693	andi	x13,x2,1408	  x2:0x000004b5 x13=0x00000480
      394375000	     19617	80008ec8	009bb733	sltu	x14,x23,x9	 x23:0x13b0a000  x9:0xffffffed x14=0x00000001
      395275000	     19662	80008ecc	03d2d533	divu	x10,x5,x29	  x5:0x00000000 x29:0x0000049e x10=0x00000000
      395295000	     19663	80008ed0	34002873	csrrs	x16,mscratch,x0	  x0:0x00000000 x16=0x00000494
      396035000	     19700	80008ed4	02196133	rem	x2,x18,x1	 x18:0x00000006  x1:0x80025ce5  x2=0x00000006
      396055000	     19701	80008ed8	0ff0000f	fence	iorw,iorw	
      396075000	     19702	80008edc	40128e33	sub	x28,x5,x1	  x5:0x00000000  x1:0x80025ce5 x28=0x7ffda31b
      396095000	     19703	80008ee0	6751	c.lui	x14,0x14	 x14=0x00014000
      396115000	     19704	80008ee2	40e05193	srai	x3,x0,0xe	  x0:0x00000000  x3=0x00000000
      396135000	     19705	80008ee6	0058bc33	sltu	x24,x17,x5	 x17:0x00000005  x5:0x00000000 x24=0x00000000
      396875000	     19742	80008eea	03a3f433	remu	x8,x7,x26	  x7:0xfaeb9c09 x26:0x80025ce4  x8=0x7ae93f25
      396895000	     19743	80008eee	5ae6bb93	sltiu	x23,x13,1454	 x13:0x00000480 x23=0x00000001
      397635000	     19780	80008ef2	03104cb3	div	x25,x0,x17	  x0:0x00000000 x17:0x00000005 x25=0x00000000
      397655000	     19781	80008ef6	4098de33	sra	x28,x17,x9	 x17:0x00000005  x9:0xffffffed x28=0x00000000
      397675000	     19782	80008efa	340078f3	csrrci	x17,mscratch,0	 x17=0x00000494
      397695000	     19783	80008efe	3401eaf3	csrrsi	x21,mscratch,3	 x21=0x00000494
      397715000	     19784	80008f02	0aa81517	auipc	x10,0xaa81	 x10=0x8aa89f02
      397735000	     19785	80008f06	00e49633	sll	x12,x9,x14	  x9:0xffffffed x14:0x00014000 x12=0xffffffed
      397755000	     19786	80008f0a	00d69663	bne	x13,x13,80008f16	 x13:0x00000480 x13:0x00000480
      398195000	     19808	80008f0e	41da8fb3	sub	x31,x21,x29	 x21:0x00000494 x29:0x0000049e x31=0xfffffff6
      398215000	     19809	80008f12	404f8033	sub	x0,x31,x4	 x31:0xfffffff6  x4:0x00000494  x0=0x00000000
      398575000	     19827	80008f16	41d906b3	sub	x13,x18,x29	 x18:0x00000006 x29:0x0000049e x13=0xfffffb68
      398595000	     19828	80008f1a	340d54f3	csrrwi	x9,mscratch,26	  x9=0x00000497
      398615000	     19829	80008f1e	08fe	c.slli	x17,0x1f	 x17:0x00000494 x17=0x00000000
      399015000	     19849	80008f20	03345f63	bge	x8,x19,80008f5e	  x8:0x7ae93f25 x19:0x80021e0c
      399735000	     19885	80008f5e	6b41	c.lui	x22,0x10	 x22=0x00010000
      400175000	     19907	80008f60	8c21	c.xor	x8,x8	  x8:0x7ae93f25  x8:0x7ae93f25  x8=0x00000000
      400195000	     19908	80008f62	ee1d	c.bnez	x12,80008fa0	 x12:0xffffffed
      400535000	     19925	80008fa0	03b490b3	mulh	x1,x9,x27	  x9:0x00000497 x27:0x00000000  x1=0x00000000
      400555000	     19926	80008fa4	13ffcab7	lui	x21,0x13ffc	 x21=0x13ffc000
      400715000	     19934	80008fa8	016f9a93	slli	x21,x31,0x16	 x31:0xfffffff6 x21=0xfd800000
      400775000	     19937	80008fac	340032f3	csrrc	x5,mscratch,x0	  x0:0x00000000  x5=0x0000001a
      401515000	     19974	80008fb0	02dd7f33	remu	x30,x26,x13	 x26:0x80025ce4 x13:0xfffffb68 x30=0x80025ce4
      401535000	     19975	80008fb4	03427a63	bgeu	x4,x20,80008fe8	  x4:0x00000494 x20:0x00000000
      401715000	     19984	80008fe8	8fa5	c.xor	x15,x9	 x15:0x00000000  x9:0x00000497 x15=0x00000497
      401735000	     19985	80008fea	6fe5	c.lui	x31,0x19	 x31=0x00019000
      402115000	     20004	80008fec	00b80863	beq	x16,x11,80008ffc	 x16:0x00000494 x11:0x00000000
      402135000	     20005	80008ff0	8d65	c.and	x10,x9	 x10:0x8aa89f02  x9:0x00000497 x10=0x00000402
      402155000	     20006	80008ff2	01ab9533	sll	x10,x23,x26	 x23:0x00000001 x26:0x80025ce4 x10=0x00000010
      402175000	     20007	80008ff6	097d	c.addi	x18,31	 x18:0x00000006 x18=0x00000025
      402195000	     20008	80008ff8	340b6273	csrrsi	x4,mscratch,22	  x4=0x0000001a
      402215000	     20009	80008ffc	00054633	xor	x12,x10,x0	 x10:0x00000010  x0:0x00000000 x12=0x00000010
      402355000	     20016	80009000	05372597	auipc	x11,0x5372	 x11=0x8537b000
      402395000	     20018	80009004	8b4d	c.andi	x14,19	 x14:0x00014000 x14=0x00000000
      402735000	     20035	80009006	40cc8b33	sub	x22,x25,x12	 x25:0x00000000 x12:0x00000010 x22=0xfffffff0
      403475000	     20072	8000900a	0243e1b3	rem	x3,x7,x4	  x7:0xfaeb9c09  x4:0x0000001a  x3=0xfffffff9
      403495000	     20073	8000900e	00785313	srli	x6,x16,0x7	 x16:0x00000494  x6=0x00000009
      403515000	     20074	80009012	4d837537	lui	x10,0x4d837	 x10=0x4d837000
      403535000	     20075	80009016	0001	c.addi	x0,0	  x0:0x00000000  x0=0x00000000
      403555000	     20076	80009018	0082beb3	sltu	x29,x5,x8	  x5:0x0000001a  x8:0x00000000 x29=0x00000000
      403575000	     20077	8000901c	01754e33	xor	x28,x10,x23	 x10:0x4d837000 x23:0x00000001 x28=0x4d837001
      403595000	     20078	80009020	8e81	c.sub	x13,x8	 x13:0xfffffb68  x8:0x00000000 x13=0xfffffb68
      403615000	     20079	80009022	4295	c.li	x5,5	  x5=0x00000005
      403735000	     20085	80009024	0001	c.addi	x0,0	  x0:0x00000000  x0=0x00000000
      404155000	     20106	80009026	3403b6f3	csrrc	x13,mscratch,x7	  x7:0xfaeb9c09 x13=0x0000001e
      404175000	     20107	8000902a	014e1033	sll	x0,x28,x20	 x28:0x4d837001 x20:0x00000000  x0=0x00000000
      404195000	     20108	8000902e	00510263	beq	x2,x5,80009032	  x2:0x00000006  x5:0x00000005
      404215000	     20109	80009032	8fa5	c.xor	x15,x9	 x15:0x00000497  x9:0x00000497 x15=0x00000000
      404235000	     20110	80009034	a5696a93	ori	x21,x18,-1450	 x18:0x00000025 x21=0xfffffa77
      404495000	     20123	80009038	03e8bc33	mulhu	x24,x17,x30	 x17:0x00000000 x30:0x80025ce4 x24=0x00000000
      404515000	     20124	8000903c	004e1293	slli	x5,x28,0x4	 x28:0x4d837001  x5=0xd8370010
      404535000	     20125	80009040	e389	c.bnez	x15,80009042	 x15:0x00000000
      404555000	     20126	80009042	8f91	c.sub	x15,x12	 x15:0x00000000 x12:0x00000010 x15=0xfffffff0
      404675000	     20132	80009044	0e6e	c.slli	x28,0x1b	 x28:0x4d837001 x28=0x08000000
      404695000	     20133	80009046	cb99	c.beqz	x15,8000905c	 x15:0xfffffff0
      404715000	     20134	80009048	340e1c73	csrrw	x24,mscratch,x28	 x28:0x08000000 x24=0x00000016
      405115000	     20154	8000904c	03ed7c63	bgeu	x26,x30,80009084	 x26:0x80025ce4 x30:0x80025ce4
      406335000	     20215	80009084	0368f1b3	remu	x3,x17,x22	 x17:0x00000000 x22:0xfffffff0  x3=0x00000000
      406375000	     20217	80009088	028e3833	mulhu	x16,x28,x8	 x28:0x08000000  x8:0x00000000 x16=0x00000000
      406395000	     20218	8000908c	00b7cb33	xor	x22,x15,x11	 x15:0xfffffff0 x11:0x8537b000 x22=0x7ac84ff0
      406455000	     20221	80009090	8c4d	c.or	x8,x11	  x8:0x00000000 x11:0x8537b000  x8=0x8537b000
      406875000	     20242	80009092	0000100f	fence.i	
      407035000	     20250	80009096	8cbd	c.xor	x9,x15	  x9:0x00000497 x15:0xfffffff0  x9=0xfffffb67
      407155000	     20256	80009098	02910f33	mul	x30,x2,x9	  x2:0x00000006  x9:0xfffffb67 x30=0xffffe46a
      407355000	     20266	8000909c	007e9613	slli	x12,x29,0x7	 x29:0x00000000 x12=0x00000000
      430675000	     21432	800090a0	40a45fb3	sra	x31,x8,x10	  x8:0x8537b000 x10:0x4d837000 x31=0x8537b000
      430695000	     21433	800090a4	02ef4063	blt	x30,x14,800090c4	 x30:0xffffe46a x14:0x00000000
      430775000	     21437	800090c4	400358b3	sra	x17,x6,x0	  x6:0x00000009  x0:0x00000000 x17=0x00000009
      430835000	     21440	800090c8	03949933	mulh	x18,x9,x25	  x9:0xfffffb67 x25:0x00000000 x18=0x00000000
      430875000	     21442	800090cc	024797b3	mulh	x15,x15,x4	 x15:0xfffffff0  x4:0x0000001a x15=0xffffffff
      431095000	     21453	800090d0	6119	c.addi16sp	x2,384	  x2:0x00000006  x2=0x00000186
      431335000	     21465	800090d2	02d32033	mulhsu	x0,x6,x13	  x6:0x00000009 x13:0x0000001e  x0=0x00000000
      431355000	     21466	800090d6	8ded	c.and	x11,x11	 x11:0x8537b000 x11:0x8537b000 x11=0x8537b000
      431375000	     21467	800090d8	67c0f413	andi	x8,x1,1660	  x1:0x00000000  x8=0x00000000
      431635000	     21480	800090dc	e011	c.bnez	x8,800090e0	  x8:0x00000000
      431655000	     21481	800090de	717d	c.addi16sp	x2,-16	  x2:0x00000186  x2=0x00000176
      431675000	     21482	800090e0	009afbb3	and	x23,x21,x9	 x21:0xfffffa77  x9:0xfffffb67 x23=0xfffffa67
      431735000	     21485	800090e4	c189	c.beqz	x11,800090e6	 x11:0x8537b000
      431755000	     21486	800090e6	804d	c.srli	x8,0x13	  x8:0x00000000  x8=0x00000000
      431775000	     21487	800090e8	03cc8b63	beq	x25,x28,8000911e	 x25:0x00000000 x28:0x08000000
      431915000	     21494	800090ec	8309	c.srli	x14,0x2	 x14:0x00000000 x14=0x00000000
      431935000	     21495	800090ee	987d	c.andi	x8,-1	  x8:0x00000000  x8=0x00000000
      432335000	     21515	800090f0	407dd593	srai	x11,x27,0x7	 x27:0x00000000 x11=0x00000000
      432575000	     21527	800090f4	16166693	ori	x13,x12,353	 x12:0x00000000 x13=0x00000161
      432855000	     21541	800090f8	8d55	c.or	x10,x13	 x10:0x4d837000 x13:0x00000161 x10=0x4d837161
      432875000	     21542	800090fa	0001	c.addi	x0,0	  x0:0x00000000  x0=0x00000000
      432895000	     21543	800090fc	e299	c.bnez	x13,80009102	 x13:0x00000161
      433655000	     21581	80009102	04be0163	beq	x28,x11,80009144	 x28:0x08000000 x11:0x00000000
      433735000	     21585	80009106	02709fb3	mulh	x31,x1,x7	  x1:0x00000000  x7:0xfaeb9c09 x31=0x00000000
      434155000	     21606	8000910a	02911833	mulh	x16,x2,x9	  x2:0x00000176  x9:0xfffffb67 x16=0xffffffff
      434175000	     21607	8000910e	0001	c.addi	x0,0	  x0:0x00000000  x0=0x00000000
      434235000	     21610	80009110	031f2833	mulhsu	x16,x30,x17	 x30:0xffffe46a x17:0x00000009 x16=0xffffffff
      434255000	     21611	80009114	03264463	blt	x12,x18,8000913c	 x12:0x00000000 x18:0x00000000
      434275000	     21612	80009118	8e75	c.and	x12,x13	 x12:0x00000000 x13:0x00000161 x12=0x00000000
      434675000	     21632	8000911a	34095673	csrrwi	x12,mscratch,18	 x12=0x08000000
      434695000	     21633	8000911e	0001	c.addi	x0,0	  x0:0x00000000  x0=0x00000000
      434715000	     21634	80009120	8fb1	c.xor	x15,x12	 x15:0xffffffff x12:0x08000000 x15=0xf7ffffff
      434735000	     21635	80009122	41fc5eb3	sra	x29,x24,x31	 x24:0x00000016 x31:0x00000000 x29=0x00000016
      434755000	     21636	80009126	018412b3	sll	x5,x8,x24	  x8:0x00000000 x24:0x00000016  x5=0x00000000
      434775000	     21637	8000912a	6109	c.addi16sp	x2,128	  x2:0x00000176  x2=0x000001f6
      434895000	     21643	8000912c	003acc33	xor	x24,x21,x3	 x21:0xfffffa77  x3:0x00000000 x24=0xfffffa77
      435035000	     21650	80009130	0210e833	rem	x16,x1,x1	  x1:0x00000000  x1:0x00000000 x16=0x00000000
      435055000	     21651	80009134	037a8c33	mul	x24,x21,x23	 x21:0xfffffa77 x23:0xfffffa67 x24=0x001efbe1
      435095000	     21653	80009138	daf00db7	lui	x27,0xdaf00	 x27=0xdaf00000
      435115000	     21654	8000913c	01479e63	bne	x15,x20,80009158	 x15:0xf7ffffff x20:0x00000000
      435995000	     21698	80009158	0010b8b3	sltu	x17,x1,x1	  x1:0x00000000  x1:0x00000000 x17=0x00000000
      436115000	     21704	8000915c	340062f3	csrrsi	x5,mscratch,0	  x5=0x00000012
      436135000	     21705	80009160	02865263	bge	x12,x8,80009184	 x12:0x08000000  x8:0x00000000
      436875000	     21742	80009184	029d	c.addi	x5,7	  x5:0x00000012  x5=0x00000019
      437555000	     21776	80009186	01caab33	slt	x22,x21,x28	 x21:0xfffffa77 x28:0x08000000 x22=0x00000001
      438295000	     21813	8000918a	036ee233	rem	x4,x29,x22	 x29:0x00000016 x22:0x00000001  x4=0x00000000
      438315000	     21814	8000918e	40da0533	sub	x10,x20,x13	 x20:0x00000000 x13:0x00000161 x10=0xfffffe9f
      438335000	     21815	80009192	0001	c.addi	x0,0	  x0:0x00000000  x0=0x00000000
      438355000	     21816	80009194	8479	c.srai	x8,0x1e	  x8:0x00000000  x8=0x00000000
      438375000	     21817	80009196	921a	c.add	x4,x6	  x4:0x00000000  x6:0x00000009  x4=0x00000009
      438395000	     21818	80009198	8cd1	c.or	x9,x12	  x9:0xfffffb67 x12:0x08000000  x9=0xfffffb67
      438415000	     21819	8000919a	01a11f33	sll	x30,x2,x26	  x2:0x000001f6 x26:0x80025ce4 x30=0x00001f60
      438435000	     21820	8000919e	340776f3	csrrci	x13,mscratch,14	 x13=0x00000012
      438475000	     21822	800091a2	031dfa33	remu	x20,x27,x17	 x27:0xdaf00000 x17:0x00000000 x20=0xdaf00000
      438695000	     21833	800091a6	3403a773	csrrs	x14,mscratch,x7	  x7:0xfaeb9c09 x14=0x00000010
      438715000	     21834	800091aa	0308	c.addi4spn	x10,x2,384	 x10=0x00000376
      438815000	     21839	800091ac	e28b8513	addi	x10,x23,-472	 x23:0xfffffa67 x10=0xfffff88f
      438855000	     21841	800091b0	51378813	addi	x16,x15,1299	 x15:0xf7ffffff x16=0xf8000512
      439215000	     21859	800091b4	b3648413	addi	x8,x9,-1226	  x9:0xfffffb67  x8=0xfffff69d
      439635000	     21880	800091b8	00d0b4b3	sltu	x9,x1,x13	  x1:0x00000000 x13:0x00000012  x9=0x00000001
      439935000	     21895	800091bc	6e7d	c.lui	x28,0x1f	 x28=0x0001f000
      439955000	     21896	800091be	ee9d	c.bnez	x13,800091fc	 x13:0x00000012
      440095000	     21903	800091fc	01248db3	add	x27,x9,x18	  x9:0x00000001 x18:0x00000000 x27=0x00000001
      440575000	     21927	80009200	01ea3533	sltu	x10,x20,x30	 x20:0xdaf00000 x30:0x00001f60 x10=0x00000000
      440635000	     21930	80009204	8eb9	c.xor	x13,x14	 x13:0x00000012 x14:0x00000010 x13=0x00000002
      440675000	     21932	80009206	03743333	mulhu	x6,x8,x23	  x8:0xfffff69d x23:0xfffffa67  x6=0xfffff104
      440695000	     21933	8000920a	01ecd233	srl	x4,x25,x30	 x25:0x00000000 x30:0x00001f60  x4=0x00000000
      441115000	     21954	8000920e	4086d093	srai	x1,x13,0x8	 x13:0x00000002  x1=0x00000000
      441175000	     21957	80009212	41448a33	sub	x20,x9,x20	  x9:0x00000001 x20:0xdaf00000 x20=0x25100001
      441195000	     21958	80009216	cc8d	c.beqz	x9,80009250	  x9:0x00000001
      441215000	     21959	80009218	41e054b3	sra	x9,x0,x30	  x0:0x00000000 x30:0x00001f60  x9=0x00000000
      441955000	     21996	8000921c	03c7ee33	rem	x28,x15,x28	 x15:0xf7ffffff x28:0x0001f000 x28=0xffffefff
      441975000	     21997	80009220	01a930b3	sltu	x1,x18,x26	 x18:0x00000000 x26:0x80025ce4  x1=0x00000001
      441995000	     21998	80009224	00a77d63	bgeu	x14,x10,8000923e	 x14:0x00000010 x10:0x00000000
      442355000	     22016	8000923e	7cc3ed93	ori	x27,x7,1996	  x7:0xfaeb9c09 x27=0xfaeb9fcd
      442375000	     22017	80009242	48cd	c.li	x17,19	 x17=0x00000013
      442395000	     22018	80009244	cd54bf97	auipc	x31,0xcd54b	 x31=0x4d554244
      442415000	     22019	80009248	34051cf3	csrrw	x25,mscratch,x10	 x10:0x00000000 x25=0xfaeb9c19
      442435000	     22020	8000924c	03fe8533	mul	x10,x29,x31	 x29:0x00000016 x31:0x4d554244 x10=0xa553b1d8
      442475000	     22022	80009250	05f60063	beq	x12,x31,80009290	 x12:0x08000000 x31:0x4d554244
      442495000	     22023	80009254	4f89d1b7	lui	x3,0x4f89d	  x3=0x4f89d000
      442515000	     22024	80009258	014021b3	slt	x3,x0,x20	  x0:0x00000000 x20:0x25100001  x3=0x00000001
      442635000	     22030	8000925c	8cb5	c.xor	x9,x13	  x9:0x00000000 x13:0x00000002  x9=0x00000002
      442655000	     22031	8000925e	039b0563	beq	x22,x25,80009288	 x22:0x00000001 x25:0xfaeb9c19
      443795000	     22088	80009262	03bdecb3	rem	x25,x27,x27	 x27:0xfaeb9fcd x27:0xfaeb9fcd x25=0x00000000
      443815000	     22089	80009266	88f9	c.andi	x9,30	  x9:0x00000002  x9=0x00000002
      443835000	     22090	80009268	717d	c.addi16sp	x2,-16	  x2:0x000001f6  x2=0x000001e6
      443855000	     22091	8000926a	34002ef3	csrrs	x29,mscratch,x0	  x0:0x00000000 x29=0x00000000
      443875000	     22092	8000926e	0776	c.slli	x14,0x1d	 x14:0x00000010 x14=0x00000000
      443895000	     22093	80009270	01daefb3	or	x31,x21,x29	 x21:0xfffffa77 x29:0x00000000 x31=0xfffffa77
      443915000	     22094	80009274	c801	c.beqz	x8,80009284	  x8:0xfffff69d
      443935000	     22095	80009276	0001	c.addi	x0,0	  x0:0x00000000  x0=0x00000000
      443955000	     22096	80009278	404b6893	ori	x17,x22,1028	 x22:0x00000001 x17=0x00000405
      443975000	     22097	8000927c	00705813	srli	x16,x0,0x7	  x0:0x00000000 x16=0x00000000
      444095000	     22103	80009280	0030f6b3	and	x13,x1,x3	  x1:0x00000001  x3:0x00000001 x13=0x00000001
      444115000	     22104	80009284	2267bc13	sltiu	x24,x15,550	 x15:0xf7ffffff x24=0x00000000
      444135000	     22105	80009288	d0a00213	addi	x4,x0,-758	  x0:0x00000000  x4=0xfffffd0a
      444215000	     22109	8000928c	00e3dcb3	srl	x25,x7,x14	  x7:0xfaeb9c09 x14:0x00000000 x25=0xfaeb9c09
      444235000	     22110	80009290	00ac56b3	srl	x13,x24,x10	 x24:0x00000000 x10:0xa553b1d8 x13=0x00000000
      444255000	     22111	80009294	340ebc73	csrrc	x24,mscratch,x29	 x29:0x00000000 x24=0x00000000
      444575000	     22127	80009298	0027d113	srli	x2,x15,0x2	 x15:0xf7ffffff  x2=0x3dffffff
      444995000	     22148	8000929c	019184b3	add	x9,x3,x25	  x3:0x00000001 x25:0xfaeb9c09  x9=0xfaeb9c0a
      445015000	     22149	800092a0	03349163	bne	x9,x19,800092c2	  x9:0xfaeb9c0a x19:0x80021e0c
      445955000	     22196	800092c2	007e4233	xor	x4,x28,x7	 x28:0xffffefff  x7:0xfaeb9c09  x4=0x051473f6
      445975000	     22197	800092c6	4fb9	c.li	x31,14	 x31=0x0000000e
      446175000	     22207	800092c8	8f69	c.and	x14,x10	 x14:0x00000000 x10:0xa553b1d8 x14=0x00000000
      446915000	     22244	800092ca	03e442b3	div	x5,x8,x30	  x8:0xfffff69d x30:0x00001f60  x5=0x00000000
      446935000	     22245	800092ce	410fd933	sra	x18,x31,x16	 x31:0x0000000e x16:0x00000000 x18=0x0000000e
      446955000	     22246	800092d2	888a	c.mv	x17,x2	  x0:0x00000000  x2:0x3dffffff x17=0x3dffffff
      446975000	     22247	800092d4	1a08	c.addi4spn	x10,x2,304	 x10=0x3e00012f
      446995000	     22248	800092d6	991a	c.add	x18,x6	 x18:0x0000000e  x6:0xfffff104 x18=0xfffff112
      447015000	     22249	800092d8	8cd6	c.mv	x25,x21	  x0:0x00000000 x21:0xfffffa77 x25=0xfffffa77
      447055000	     22251	800092da	036325b3	mulhsu	x11,x6,x22	  x6:0xfffff104 x22:0x00000001 x11=0xffffffff
      447075000	     22252	800092de	00e17a63	bgeu	x2,x14,800092f2	  x2:0x3dffffff x14:0x00000000
      448255000	     22311	800092f2	01a8d933	srl	x18,x17,x26	 x17:0x3dffffff x26:0x80025ce4 x18=0x03dfffff
      448275000	     22312	800092f6	34079373	csrrw	x6,mscratch,x15	 x15:0xf7ffffff  x6=0x00000000
      448435000	     22320	800092fa	6edcf117	auipc	x2,0x6edcf	  x2=0xeedd82fa
      448455000	     22321	800092fe	0ff0000f	fence	iorw,iorw	
      448875000	     22342	80009302	0192a6b3	slt	x13,x5,x25	  x5:0x00000000 x25:0xfffffa77 x13=0x00000000
      448895000	     22343	80009306	0001	c.addi	x0,0	  x0:0x00000000  x0=0x00000000
      449295000	     22363	80009308	8826	c.mv	x16,x9	  x0:0x00000000  x9:0xfaeb9c0a x16=0xfaeb9c0a
      449475000	     22372	8000930a	93338713	addi	x14,x7,-1741	  x7:0xfaeb9c09 x14=0xfaeb953c
      449895000	     22393	8000930e	285f0813	addi	x16,x30,645	 x30:0x00001f60 x16=0x000021e5
      450075000	     22402	80009312	007edc63	bge	x29,x7,8000932a	 x29:0x00000000  x7:0xfaeb9c09
      450555000	     22426	8000932a	01b0e863	bltu	x1,x27,8000933a	  x1:0x00000001 x27:0xfaeb9fcd
      451675000	     22482	8000933a	01e3e563	bltu	x7,x30,80009344	  x7:0xfaeb9c09 x30:0x00001f60
      451695000	     22483	8000933e	9a62	c.add	x20,x24	 x20:0x25100001 x24:0x00000000 x20=0x25100001
      451715000	     22484	80009340	d0afb7b7	lui	x15,0xd0afb	 x15=0xd0afb000
      451915000	     22494	80009344	031c4c63	blt	x24,x17,8000937c	 x24:0x00000000 x17:0x3dffffff
      452595000	     22528	8000937c	014e	c.slli	x2,0x13	  x2:0xeedd82fa  x2=0x17d00000
      452615000	     22529	8000937e	6175	c.addi16sp	x2,368	  x2:0x17d00000  x2=0x17d00170
      452855000	     22541	80009380	4085d013	srai	x0,x11,0x8	 x11:0xffffffff  x0=0x00000000
      452895000	     22543	80009384	34007ff3	csrrci	x31,mscratch,0	 x31=0xf7ffffff
      453055000	     22551	80009388	0148cf33	xor	x30,x17,x20	 x17:0x3dffffff x20:0x25100001 x30=0x18effffe
      453215000	     22559	8000938c	01c06b63	bltu	x0,x28,800093a2	  x0:0x00000000 x28:0xffffefff
      453995000	     22598	800093a2	340eda73	csrrwi	x20,mscratch,29	 x20=0xf7ffffff
      454015000	     22599	800093a6	84cd	c.srai	x9,0x13	  x9:0xfaeb9c0a  x9=0xffffff5d
      454175000	     22607	800093a8	026d70b3	remu	x1,x26,x6	 x26:0x80025ce4  x6:0x00000000  x1=0x80025ce4
      454435000	     22620	800093ac	0250da33	divu	x20,x1,x5	  x1:0x80025ce4  x5:0x00000000 x20=0xffffffff
      454515000	     22624	800093b0	340da7f3	csrrs	x15,mscratch,x27	 x27:0xfaeb9fcd x15=0x0000001d
      454635000	     22630	800093b4	65e14413	xori	x8,x2,1630	  x2:0x17d00170  x8=0x17d0072e
      454695000	     22633	800093b8	9e0bf893	andi	x17,x23,-1568	 x23:0xfffffa67 x17=0xfffff860
      455435000	     22670	800093bc	02c3d433	divu	x8,x7,x12	  x7:0xfaeb9c09 x12:0x08000000  x8=0x0000001f
      455455000	     22671	800093c0	bf65c793	xori	x15,x11,-1034	 x11:0xffffffff x15=0x00000409
      455475000	     22672	800093c4	012910b3	sll	x1,x18,x18	 x18:0x03dfffff x18:0x03dfffff  x1=0x80000000
      455495000	     22673	800093c8	00127363	bgeu	x4,x1,800093ce	  x4:0x051473f6  x1:0x80000000
      455515000	     22674	800093cc	8e8d	c.sub	x13,x11	 x13:0x00000000 x11:0xffffffff x13=0x00000001
      455535000	     22675	800093ce	9132	c.add	x2,x12	  x2:0x17d00170 x12:0x08000000  x2=0x1fd00170
      455555000	     22676	800093d0	01a11a33	sll	x20,x2,x26	  x2:0x1fd00170 x26:0x80025ce4 x20=0xfd001700
      455575000	     22677	800093d4	01c7c133	xor	x2,x15,x28	 x15:0x00000409 x28:0xffffefff  x2=0xffffebf6
      455795000	     22688	800093d8	8ec5	c.or	x13,x9	 x13:0x00000001  x9:0xffffff5d x13=0xffffff5d
      455815000	     22689	800093da	8d29	c.xor	x10,x10	 x10:0x3e00012f x10:0x3e00012f x10=0x00000000
      455835000	     22690	800093dc	0ff0000f	fence	iorw,iorw	
      455875000	     22692	800093e0	0082ab33	slt	x22,x5,x8	  x5:0x00000000  x8:0x0000001f x22=0x00000001
      455895000	     22693	800093e4	0013ae33	slt	x28,x7,x1	  x7:0xfaeb9c09  x1:0x80000000 x28=0x00000000
      456035000	     22700	800093e8	8e81	c.sub	x13,x8	 x13:0xffffff5d  x8:0x0000001f x13=0xffffff3e
      456055000	     22701	800093ea	012cec33	or	x24,x25,x18	 x25:0xfffffa77 x18:0x03dfffff x24=0xffffffff
      456075000	     22702	800093ee	022f7d63	bgeu	x30,x2,80009428	 x30:0x18effffe  x2:0xffffebf6
      456215000	     22709	800093f2	3298f913	andi	x18,x17,809	 x17:0xfffff860 x18=0x00000020
      456255000	     22711	800093f6	7095c893	xori	x17,x11,1801	 x11:0xffffffff x17=0xfffff8f6
      456275000	     22712	800093fa	cd89	c.beqz	x11,80009414	 x11:0xffffffff
      456295000	     22713	800093fc	406cdeb3	sra	x29,x25,x6	 x25:0xfffffa77  x6:0x00000000 x29=0xfffffa77
      456675000	     22732	80009400	0ff0000f	fence	iorw,iorw	
      456695000	     22733	80009404	8205	c.srli	x12,0x1	 x12:0x08000000 x12=0x04000000
      456735000	     22735	80009406	02602f33	mulhsu	x30,x0,x6	  x0:0x00000000  x6:0x00000000 x30=0x00000000
      457475000	     22772	8000940a	0307f0b3	remu	x1,x15,x16	 x15:0x00000409 x16:0x000021e5  x1=0x00000409
      457495000	     22773	8000940e	019716b3	sll	x13,x14,x25	 x14:0xfaeb953c x25:0xfffffa77 x13=0x9e000000
      457515000	     22774	80009412	8589	c.srai	x11,0x2	 x11:0xffffffff x11=0xffffffff
      457535000	     22775	80009414	01411813	slli	x16,x2,0x14	  x2:0xffffebf6 x16=0xbf600000
      458275000	     22812	80009418	03734c33	div	x24,x6,x23	  x6:0x00000000 x23:0xfffffa67 x24=0x00000000
      458295000	     22813	8000941c	c599	c.beqz	x11,8000942a	 x11:0xffffffff
      458335000	     22815	8000941e	0346ae33	mulhsu	x28,x13,x20	 x13:0x9e000000 x20:0xfd001700 x28=0x9f25f732
      458355000	     22816	80009422	0001	c.addi	x0,0	  x0:0x00000000  x0=0x00000000
      459095000	     22853	80009424	039bf0b3	remu	x1,x23,x25	 x23:0xfffffa67 x25:0xfffffa77  x1=0xfffffa67
      459115000	     22854	80009428	8fd9	c.or	x15,x14	 x15:0x00000409 x14:0xfaeb953c x15=0xfaeb953d
      459135000	     22855	8000942a	34085f73	csrrwi	x30,mscratch,16	 x30=0xfaeb9fdd
      459155000	     22856	8000942e	8159	c.srli	x10,0x16	 x10:0x00000000 x10=0x00000000
      459175000	     22857	80009430	41c45813	srai	x16,x8,0x1c	  x8:0x0000001f x16=0x00000000
      459215000	     22859	80009434	02d0b633	mulhu	x12,x1,x13	  x1:0xfffffa67 x13:0x9e000000 x12=0x9dfffc8b
      459235000	     22860	80009438	0f91	c.addi	x31,4	 x31:0xf7ffffff x31=0xf8000003
      459255000	     22861	8000943a	0ffa	c.slli	x31,0x1e	 x31:0xf8000003 x31=0xc0000000
      459275000	     22862	8000943c	340076f3	csrrci	x13,mscratch,0	 x13=0x00000010
      459295000	     22863	80009440	3405d8f3	csrrwi	x17,mscratch,11	 x17=0x00000010
      459655000	     22881	80009444	cc0d	c.beqz	x8,8000947e	  x8:0x0000001f
      459755000	     22886	80009446	00d9c933	xor	x18,x19,x13	 x19:0x80021e0c x13:0x00000010 x18=0x80021e1c
      459775000	     22887	8000944a	0001	c.addi	x0,0	  x0:0x00000000  x0=0x00000000
      459795000	     22888	8000944c	34003bf3	csrrc	x23,mscratch,x0	  x0:0x00000000 x23=0x0000000b
      459815000	     22889	80009450	00459c33	sll	x24,x11,x4	 x11:0xffffffff  x4:0x051473f6 x24=0xffc00000
      460015000	     22899	80009454	83320f37	lui	x30,0x83320	 x30=0x83320000
      460035000	     22900	80009458	037580b3	mul	x1,x11,x23	 x11:0xffffffff x23:0x0000000b  x1=0xfffffff5
      460055000	     22901	8000945c	4013df93	srai	x31,x7,0x1	  x7:0xfaeb9c09 x31=0xfd75ce04
      460395000	     22918	80009460	6b05	c.lui	x22,0x1	 x22=0x00001000
      460815000	     22939	80009462	340b6bf3	csrrsi	x23,mscratch,22	 x23=0x0000000b
      460835000	     22940	80009466	9a7d	c.andi	x12,-1	 x12:0x9dfffc8b x12=0x9dfffc8b
      460855000	     22941	80009468	6f99	c.lui	x31,0x6	 x31=0x00006000
      460875000	     22942	8000946a	03e0ef63	bltu	x1,x30,800094a8	  x1:0xfffffff5 x30:0x83320000
      460895000	     22943	8000946e	0114ea33	or	x20,x9,x17	  x9:0xffffff5d x17:0x00000010 x20=0xffffff5d
      461635000	     22980	80009472	03ce6db3	rem	x27,x28,x28	 x28:0x9f25f732 x28:0x9f25f732 x27=0x00000000
      462375000	     23017	80009476	028bdb33	divu	x22,x23,x8	 x23:0x0000000b  x8:0x0000001f x22=0x00000000
      463115000	     23054	8000947a	02cbca33	div	x20,x23,x12	 x23:0x0000000b x12:0x9dfffc8b x20=0x00000000
      463135000	     23055	8000947e	8415	c.srai	x8,0x5	  x8:0x0000001f  x8=0x00000000
      463155000	     23056	80009480	0001	c.addi	x0,0	  x0:0x00000000  x0=0x00000000
      463175000	     23057	80009482	0001	c.addi	x0,0	  x0:0x00000000  x0=0x00000000
      463195000	     23058	80009484	01696863	bltu	x18,x22,80009494	 x18:0x80021e1c x22:0x00000000
      463215000	     23059	80009488	997d	c.andi	x10,-1	 x10:0x00000000 x10=0x00000000
      463235000	     23060	8000948a	01ed5233	srl	x4,x26,x30	 x26:0x80025ce4 x30:0x83320000  x4=0x80025ce4
      463255000	     23061	8000948e	8129	c.srli	x10,0xa	 x10:0x00000000 x10=0x00000000
      463275000	     23062	80009490	0000100f	fence.i	
      463335000	     23065	80009494	8221	c.srli	x12,0x8	 x12:0x9dfffc8b x12=0x009dfffc
      464475000	     23122	80009496	024dd433	divu	x8,x27,x4	 x27:0x00000000  x4:0x80025ce4  x8=0x00000000
      464495000	     23123	8000949a	0000100f	fence.i	
      465115000	     23154	8000949e	01917e63	bgeu	x2,x25,800094ba	  x2:0xffffebf6 x25:0xfffffa77
      465135000	     23155	800094a2	e715	c.bnez	x14,800094ce	 x14:0xfaeb953c
      465795000	     23188	800094ce	019e21b3	slt	x3,x28,x25	 x28:0x9f25f732 x25:0xfffffa77  x3=0x00000001
      465875000	     23192	800094d2	e6b73213	sltiu	x4,x14,-405	 x14:0xfaeb953c  x4=0x00000001
      465915000	     23194	800094d6	40de5793	srai	x15,x28,0xd	 x28:0x9f25f732 x15=0xfffcf92f
      465935000	     23195	800094da	833de293	ori	x5,x27,-1997	 x27:0x00000000  x5=0xfffff833
      465955000	     23196	800094de	865d	c.srai	x12,0x17	 x12:0x009dfffc x12=0x00000001
      466255000	     23211	800094e0	e3b9	c.bnez	x15,80009526	 x15:0xfffcf92f
      466395000	     23218	80009526	a0741517	auipc	x10,0xa0741	 x10=0x2074a526
      466575000	     23227	8000952a	010801b3	add	x3,x16,x16	 x16:0x00000000 x16:0x00000000  x3=0x00000000
      466595000	     23228	8000952e	e55b9237	lui	x4,0xe55b9	  x4=0xe55b9000
      466615000	     23229	80009532	88e5	c.andi	x9,25	  x9:0xffffff5d  x9=0x00000019
      466635000	     23230	80009534	85050a93	addi	x21,x10,-1968	 x10:0x2074a526 x21=0x20749d76
      466655000	     23231	80009538	8c5a	c.mv	x24,x22	  x0:0x00000000 x22:0x00000000 x24=0x00000000
      467075000	     23252	8000953a	00d88db3	add	x27,x17,x13	 x17:0x00000010 x13:0x00000010 x27=0x00000020
      467095000	     23253	8000953e	34003f73	csrrc	x30,mscratch,x0	  x0:0x00000000 x30=0x0000001f
      467115000	     23254	80009542	11fd	c.addi	x3,-1	  x3:0x00000000  x3=0xffffffff
      467135000	     23255	80009544	016f7933	and	x18,x30,x22	 x30:0x0000001f x22:0x00000000 x18=0x00000000
      467175000	     23257	80009548	037e1733	mulh	x14,x28,x23	 x28:0x9f25f732 x23:0x0000000b x14=0xfffffffb
      467315000	     23264	8000954c	002b5d63	bge	x22,x2,80009566	 x22:0x00000000  x2:0xffffebf6
      467555000	     23276	80009566	40675e13	srai	x28,x14,0x6	 x14:0xfffffffb x28=0xffffffff
      467575000	     23277	8000956a	0375f263	bgeu	x11,x23,8000958e	 x11:0xffffffff x23:0x0000000b
      482355000	     24016	8000958e	033571b3	remu	x3,x10,x19	 x10:0x2074a526 x19:0x80021e0c  x3=0x2074a526
      482375000	     24017	80009592	98fd	c.andi	x9,-1	  x9:0x00000019  x9=0x00000019
      482395000	     24018	80009594	0000100f	fence.i	
      482635000	     24030	80009598	02958fb3	mul	x31,x11,x9	 x11:0xffffffff  x9:0x00000019 x31=0xffffffe7
      482695000	     24033	8000959c	00f818b3	sll	x17,x16,x15	 x16:0x00000000 x15:0xfffcf92f x17=0x00000000
      482775000	     24037	800095a0	4002da13	srai	x20,x5,0x0	  x5:0xfffff833 x20=0xfffff833
      483115000	     24054	800095a4	8e85	c.sub	x13,x9	 x13:0x00000010  x9:0x00000019 x13=0xfffffff7
      483135000	     24055	800095a6	837e	c.mv	x6,x31	  x0:0x00000000 x31:0xffffffe7  x6=0xffffffe7
      483155000	     24056	800095a8	00023133	sltu	x2,x4,x0	  x4:0xe55b9000  x0:0x00000000  x2=0x00000000
      483215000	     24059	800095ac	032e88b3	mul	x17,x29,x18	 x29:0xfffffa77 x18:0x00000000 x17=0x00000000
      483635000	     24080	800095b0	952e	c.add	x10,x11	 x10:0x2074a526 x11:0xffffffff x10=0x2074a525
      483775000	     24087	800095b2	01e8a033	slt	x0,x17,x30	 x17:0x00000000 x30:0x0000001f  x0=0x00000000
      484195000	     24108	800095b6	211c4213	xori	x4,x24,529	 x24:0x00000000  x4=0x00000211
      484315000	     24114	800095ba	400dd213	srai	x4,x27,0x0	 x27:0x00000020  x4=0x00000020
      484335000	     24115	800095be	00b7d513	srli	x10,x15,0xb	 x15:0xfffcf92f x10=0x001fff9f
      484355000	     24116	800095c2	84e9	c.srai	x9,0x1a	  x9:0x00000019  x9=0x00000000
      485295000	     24163	800095c4	03a6c133	div	x2,x13,x26	 x13:0xfffffff7 x26:0x80025ce4  x2=0x00000000
      485315000	     24164	800095c8	8f65	c.and	x14,x9	 x14:0xfffffffb  x9:0x00000000 x14=0x00000000
      485335000	     24165	800095ca	005ce933	or	x18,x25,x5	 x25:0xfffffa77  x5:0xfffff833 x18=0xfffffa77
      486075000	     24202	800095ce	037bc133	div	x2,x23,x23	 x23:0x0000000b x23:0x0000000b  x2=0x00000001
      486095000	     24203	800095d2	83e5	c.srli	x15,0x19	 x15:0xfffcf92f x15=0x0000007f
      486115000	     24204	800095d4	41908ab3	sub	x21,x1,x25	  x1:0xfffffff5 x25:0xfffffa77 x21=0x0000057e
      486135000	     24205	800095d8	a436b213	sltiu	x4,x13,-1469	 x13:0xfffffff7  x4=0x00000000
      486155000	     24206	800095dc	f10058b7	lui	x17,0xf1005	 x17=0xf1005000
      486175000	     24207	800095e0	4757b193	sltiu	x3,x15,1141	 x15:0x0000007f  x3=0x00000001
      486255000	     24211	800095e4	9d808b13	addi	x22,x1,-1576	  x1:0xfffffff5 x22=0xfffff9cd
      486275000	     24212	800095e8	b1ebcb93	xori	x23,x23,-1250	 x23:0x0000000b x23=0xfffffb15
      486675000	     24232	800095ec	4140d6b3	sra	x13,x1,x20	  x1:0xfffffff5 x20:0xfffff833 x13=0xffffffff
      486695000	     24233	800095f0	058f1263	bne	x30,x24,80009634	 x30:0x0000001f x24:0x00000000
      487595000	     24278	80009634	014acd63	blt	x21,x20,8000964e	 x21:0x0000057e x20:0xfffff833
      487615000	     24279	80009638	8d81	c.sub	x11,x8	 x11:0xffffffff  x8:0x00000000 x11=0xffffffff
      487775000	     24287	8000963a	00fe9633	sll	x12,x29,x15	 x29:0xfffffa77 x15:0x0000007f x12=0x80000000
      487795000	     24288	8000963e	6511	c.lui	x10,0x4	 x10=0x00004000
      487815000	     24289	80009640	8eb1	c.xor	x13,x12	 x13:0xffffffff x12:0x80000000 x13=0x7fffffff
      487835000	     24290	80009642	8de5	c.and	x11,x9	 x11:0xffffffff  x9:0x00000000 x11=0x00000000
      487855000	     24291	80009644	01b8db13	srli	x22,x17,0x1b	 x17:0xf1005000 x22=0x0000001e
      487875000	     24292	80009648	9fe8c613	xori	x12,x17,-1538	 x17:0xf1005000 x12=0x0effa9fe
      487895000	     24293	8000964c	0c92	c.slli	x25,0x4	 x25:0xfffffa77 x25=0xffffa770
      487915000	     24294	8000964e	029908b3	mul	x17,x18,x9	 x18:0xfffffa77  x9:0x00000000 x17=0x00000000
      487935000	     24295	80009652	00ba1f93	slli	x31,x20,0xb	 x20:0xfffff833 x31=0xffc19800
      487975000	     24297	80009656	029c6db3	rem	x27,x24,x9	 x24:0x00000000  x9:0x00000000 x27=0x00000000
      487995000	     24298	8000965a	e7a98b93	addi	x23,x19,-390	 x19:0x80021e0c x23=0x80021c86
      488015000	     24299	8000965e	6821	c.lui	x16,0x8	 x16=0x00008000
      488075000	     24302	80009660	038344b3	div	x9,x6,x24	  x6:0xffffffe7 x24:0x00000000  x9=0xffffffff
      488095000	     24303	80009664	079a	c.slli	x15,0x6	 x15:0x0000007f x15=0x00001fc0
      488415000	     24319	80009666	02477763	bgeu	x14,x4,80009694	 x14:0x00000000  x4:0x00000000
      489435000	     24370	80009694	028f5763	bge	x30,x8,800096c2	 x30:0x0000001f  x8:0x00000000
      490215000	     24409	800096c2	0ff0000f	fence	iorw,iorw	
      490235000	     24410	800096c6	16fd	c.addi	x13,-1	 x13:0x7fffffff x13=0x7ffffffe
      490255000	     24411	800096c8	000517b3	sll	x15,x10,x0	 x10:0x00004000  x0:0x00000000 x15=0x00004000
      490275000	     24412	800096cc	968a	c.add	x13,x2	 x13:0x7ffffffe  x2:0x00000001 x13=0x7fffffff
      490295000	     24413	800096ce	00c8ec63	bltu	x17,x12,800096e6	 x17:0x00000000 x12:0x0effa9fe
      490935000	     24445	800096e6	8d49	c.or	x10,x10	 x10:0x00004000 x10:0x00004000 x10=0x00004000
      491035000	     24450	800096e8	8d51	c.or	x10,x12	 x10:0x00004000 x12:0x0effa9fe x10=0x0effe9fe
      491055000	     24451	800096ea	8605	c.srai	x12,0x1	 x12:0x0effa9fe x12=0x077fd4ff
      491215000	     24459	800096ec	01b0f4b3	and	x9,x1,x27	  x1:0xfffffff5 x27:0x00000000  x9=0x00000000
      491655000	     24481	800096f0	02e94833	div	x16,x18,x14	 x18:0xfffffa77 x14:0x00000000 x16=0xffffffff
      491815000	     24489	800096f4	6129	c.addi16sp	x2,192	  x2:0x00000001  x2=0x000000c1
      491835000	     24490	800096f6	717d	c.addi16sp	x2,-16	  x2:0x000000c1  x2=0x000000b1
      492155000	     24506	800096f8	0001	c.addi	x0,0	  x0:0x00000000  x0=0x00000000
      492275000	     24512	800096fa	531a0917	auipc	x18,0x531a0	 x18=0xd31a96fa
      492295000	     24513	800096fe	01ae0463	beq	x28,x26,80009706	 x28:0xffffffff x26:0x80025ce4
      492315000	     24514	80009702	0000100f	fence.i	
      492695000	     24533	80009706	01fe1693	slli	x13,x28,0x1f	 x28:0xffffffff x13=0x80000000
      492715000	     24534	8000970a	0000100f	fence.i	
      492975000	     24547	8000970e	01332233	slt	x4,x6,x19	  x6:0xffffffe7 x19:0x80021e0c  x4=0x00000000
      492995000	     24548	80009712	0001	c.addi	x0,0	  x0:0x00000000  x0=0x00000000
      493015000	     24549	80009714	016f0433	add	x8,x30,x22	 x30:0x0000001f x22:0x0000001e  x8=0x0000003d
      493035000	     24550	80009718	0ed6	c.slli	x29,0x15	 x29:0xfffffa77 x29=0x4ee00000
      493055000	     24551	8000971a	0e88	c.addi4spn	x10,x2,848	 x10=0x00000401
      493075000	     24552	8000971c	41e155b3	sra	x11,x2,x30	  x2:0x000000b1 x30:0x0000001f x11=0x00000000
      493135000	     24555	80009720	80392693	slti	x13,x18,-2045	 x18:0xd31a96fa x13=0x00000001
      493155000	     24556	80009724	0001	c.addi	x0,0	  x0:0x00000000  x0=0x00000000
      493175000	     24557	80009726	01d31f63	bne	x6,x29,80009744	  x6:0xffffffe7 x29:0x4ee00000
      493655000	     24581	80009744	013e9d63	bne	x29,x19,8000975e	 x29:0x4ee00000 x19:0x80021e0c
      493915000	     24594	8000975e	01975533	srl	x10,x14,x25	 x14:0x00000000 x25:0xffffa770 x10=0x00000000
      493935000	     24595	80009762	669c4e13	xori	x28,x24,1641	 x24:0x00000000 x28=0x00000669
      493955000	     24596	80009766	6a19	c.lui	x20,0x6	 x20=0x00006000
      493975000	     24597	80009768	00e31fb3	sll	x31,x6,x14	  x6:0xffffffe7 x14:0x00000000 x31=0xffffffe7
      494115000	     24604	8000976c	8d45	c.or	x10,x9	 x10:0x00000000  x9:0x00000000 x10=0x00000000
      494135000	     24605	8000976e	8ead	c.xor	x13,x11	 x13:0x00000001 x11:0x00000000 x13=0x00000001
      494215000	     24609	80009770	34002af3	csrrs	x21,mscratch,x0	  x0:0x00000000 x21=0x0000001f
      494235000	     24610	80009774	00fd5233	srl	x4,x26,x15	 x26:0x80025ce4 x15:0x00004000  x4=0x80025ce4
      494295000	     24613	80009778	5fe42c13	slti	x24,x8,1534	  x8:0x0000003d x24=0x00000001
      494715000	     24634	8000977c	8f4d	c.or	x14,x11	 x14:0x00000000 x11:0x00000000 x14=0x00000000
      494735000	     24635	8000977e	8f3d	c.xor	x14,x15	 x14:0x00000000 x15:0x00004000 x14=0x00004000
      494755000	     24636	80009780	0b11	c.addi	x22,4	 x22:0x0000001e x22=0x00000022
      494775000	     24637	80009782	0001	c.addi	x0,0	  x0:0x00000000  x0=0x00000000
      495155000	     24656	80009784	00bc1eb3	sll	x29,x24,x11	 x24:0x00000001 x11:0x00000000 x29=0x00000001
      495495000	     24673	80009788	029ec0b3	div	x1,x29,x9	 x29:0x00000001  x9:0x00000000  x1=0xffffffff
      495655000	     24681	8000978c	01e19fb3	sll	x31,x3,x30	  x3:0x00000001 x30:0x0000001f x31=0x80000000
      495695000	     24683	80009790	020e54b3	divu	x9,x28,x0	 x28:0x00000669  x0:0x00000000  x9=0xffffffff
      495875000	     24692	80009794	8d85	c.sub	x11,x9	 x11:0x00000000  x9:0xffffffff x11=0x00000001
      495895000	     24693	80009796	340020f3	csrrs	x1,mscratch,x0	  x0:0x00000000  x1=0x0000001f
      495915000	     24694	8000979a	40c882b3	sub	x5,x17,x12	 x17:0x00000000 x12:0x077fd4ff  x5=0xf8802b01
      495935000	     24695	8000979e	3407ef73	csrrsi	x30,mscratch,15	 x30=0x0000001f
      495955000	     24696	800097a2	403b5e13	srai	x28,x22,0x3	 x22:0x00000022 x28=0x00000004
      496035000	     24700	800097a6	cffde693	ori	x13,x27,-769	 x27:0x00000000 x13=0xfffffcff
      496455000	     24721	800097aa	03710263	beq	x2,x23,800097ce	  x2:0x000000b1 x23:0x80021c86
      496475000	     24722	800097ae	0000100f	fence.i	
      497495000	     24773	800097b2	020ebdb3	mulhu	x27,x29,x0	 x29:0x00000001  x0:0x00000000 x27=0x00000000
      497515000	     24774	800097b6	230b1f17	auipc	x30,0x230b1	 x30=0xa30ba7b6
      497535000	     24775	800097ba	8539	c.srai	x10,0xe	 x10:0x00000000 x10=0x00000000
      497695000	     24783	800097bc	8a4e	c.mv	x20,x19	  x0:0x00000000 x19:0x80021e0c x20=0x80021e0c
      498715000	     24834	800097be	03567433	remu	x8,x12,x21	 x12:0x077fd4ff x21:0x0000001f  x8=0x00000017
      498735000	     24835	800097c2	8c15	c.sub	x8,x13	  x8:0x00000017 x13:0xfffffcff  x8=0x00000318
      498775000	     24837	800097c4	02f1ae33	mulhsu	x28,x3,x15	  x3:0x00000001 x15:0x00004000 x28=0x00000000
      498795000	     24838	800097c8	c3c96d97	auipc	x27,0xc3c96	 x27=0x43c9f7c8
      498815000	     24839	800097cc	880e	c.mv	x16,x3	  x0:0x00000000  x3:0x00000001 x16=0x00000001
      498835000	     24840	800097ce	41e2df33	sra	x30,x5,x30	  x5:0xf8802b01 x30:0xa30ba7b6 x30=0xffffffe2
      498855000	     24841	800097d2	8dc9	c.or	x11,x10	 x11:0x00000001 x10:0x00000000 x11=0x00000001
      498935000	     24845	800097d4	0288d563	bge	x17,x8,800097fe	 x17:0x00000000  x8:0x00000318
      499355000	     24866	800097d8	340b5ff3	csrrwi	x31,mscratch,22	 x31=0x0000001f
      499515000	     24874	800097dc	9f0a	c.add	x30,x2	 x30:0xffffffe2  x2:0x000000b1 x30=0x00000093
      499535000	     24875	800097de	40405a93	srai	x21,x0,0x4	  x0:0x00000000 x21=0x00000000
      499555000	     24876	800097e2	77374b13	xori	x22,x14,1907	 x14:0x00004000 x22=0x00004773
      499575000	     24877	800097e6	bf55c413	xori	x8,x11,-1035	 x11:0x00000001  x8=0xfffffbf4
      499595000	     24878	800097ea	855d	c.srai	x10,0x17	 x10:0x00000000 x10=0x00000000
      500335000	     24915	800097ec	023d7db3	remu	x27,x26,x3	 x26:0x80025ce4  x3:0x00000001 x27=0x00000000
      500355000	     24916	800097f0	8ebbb593	sltiu	x11,x23,-1813	 x23:0x80021c86 x11=0x00000001
      500375000	     24917	800097f4	009e6e33	or	x28,x28,x9	 x28:0x00000000  x9:0xffffffff x28=0xffffffff
      500395000	     24918	800097f8	8f35	c.xor	x14,x13	 x14:0x00004000 x13:0xfffffcff x14=0xffffbcff
      500415000	     24919	800097fa	005def63	bltu	x27,x5,80009818	 x27:0x00000000  x5:0xf8802b01
      500495000	     24923	80009818	340ede73	csrrwi	x28,mscratch,29	 x28=0x00000016
      500855000	     24941	8000981c	0001	c.addi	x0,0	  x0:0x00000000  x0=0x00000000
      500875000	     24942	8000981e	e811	c.bnez	x8,80009832	  x8:0xfffffbf4
      501415000	     24969	80009832	03b58cb3	mul	x25,x11,x27	 x11:0x00000001 x27:0x00000000 x25=0x00000000
      501435000	     24970	80009836	3404ddf3	csrrwi	x27,mscratch,9	 x27=0x0000001d
      501455000	     24971	8000983a	8e85	c.sub	x13,x9	 x13:0xfffffcff  x9:0xffffffff x13=0xfffffd00
      501515000	     24974	8000983c	340b91f3	csrrw	x3,mscratch,x23	 x23:0x80021c86  x3=0x00000009
      501595000	     24978	80009840	01944133	xor	x2,x8,x25	  x8:0xfffffbf4 x25:0x00000000  x2=0xfffffbf4
      501615000	     24979	80009844	8229	c.srli	x12,0xa	 x12:0x077fd4ff x12=0x0001dff5
      501675000	     24982	80009846	340a9bf3	csrrw	x23,mscratch,x21	 x21:0x00000000 x23=0x80021c86
      502095000	     25003	8000984a	340dddf3	csrrwi	x27,mscratch,27	 x27=0x00000000
      502115000	     25004	8000984e	34046473	csrrsi	x8,mscratch,8	  x8=0x0000001b
      502135000	     25005	80009852	0171abb3	slt	x23,x3,x23	  x3:0x00000009 x23:0x80021c86 x23=0x00000000
      502555000	     25026	80009856	03b08793	addi	x15,x1,59	  x1:0x0000001f x15=0x0000005a
      502675000	     25032	8000985a	02969f63	bne	x13,x9,80009898	 x13:0xfffffd00  x9:0xffffffff
      503115000	     25054	80009898	8e49	c.or	x12,x10	 x12:0x0001dff5 x10:0x00000000 x12=0x0001dff5
      503135000	     25055	8000989a	8f29	c.xor	x14,x10	 x14:0xffffbcff x10:0x00000000 x14=0xffffbcff
      503255000	     25061	8000989c	0000100f	fence.i	
      503675000	     25082	800098a0	0058beb3	sltu	x29,x17,x5	 x17:0x00000000  x5:0xf8802b01 x29=0x00000001
      503815000	     25089	800098a4	00f368b3	or	x17,x6,x15	  x6:0xffffffe7 x15:0x0000005a x17=0xffffffff
      503955000	     25096	800098a8	02ec2633	mulhsu	x12,x24,x14	 x24:0x00000001 x14:0xffffbcff x12=0x00000000
      504355000	     25116	800098ac	a834b893	sltiu	x17,x9,-1405	  x9:0xffffffff x17=0x00000000
      504515000	     25124	800098b0	34002573	csrrs	x10,mscratch,x0	  x0:0x00000000 x10=0x0000001b
      504695000	     25133	800098b4	8a29	c.andi	x12,10	 x12:0x00000000 x12=0x00000000
      504715000	     25134	800098b6	717d	c.addi16sp	x2,-16	  x2:0xfffffbf4  x2=0xfffffbe4
      504855000	     25141	800098b8	fe6b4493	xori	x9,x22,-26	 x22:0x00004773  x9=0xffffb895
      504995000	     25148	800098bc	3404e573	csrrsi	x10,mscratch,9	 x10=0x0000001b
      505015000	     25149	800098c0	40f75c93	srai	x25,x14,0xf	 x14:0xffffbcff x25=0xffffffff
      505035000	     25150	800098c4	01fb0563	beq	x22,x31,800098ce	 x22:0x00004773 x31:0x0000001f
      505055000	     25151	800098c8	8655	c.srai	x12,0x15	 x12:0x00000000 x12=0x00000000
      505075000	     25152	800098ca	00e7dcb3	srl	x25,x15,x14	 x15:0x0000005a x14:0xffffbcff x25=0x00000000
      505115000	     25154	800098ce	259d7793	andi	x15,x26,601	 x26:0x80025ce4 x15=0x00000040
      505455000	     25171	800098d2	340a66f3	csrrsi	x13,mscratch,20	 x13=0x0000001b
      505495000	     25173	800098d6	340031f3	csrrc	x3,mscratch,x0	  x0:0x00000000  x3=0x0000001f
      505515000	     25174	800098da	8d7d	c.and	x10,x15	 x10:0x0000001b x15:0x00000040 x10=0x00000000
      505595000	     25178	800098dc	0001	c.addi	x0,0	  x0:0x00000000  x0=0x00000000
      505615000	     25179	800098de	8675	c.srai	x12,0x1d	 x12:0x00000000 x12=0x00000000
      505755000	     25186	800098e0	0001	c.addi	x0,0	  x0:0x00000000  x0=0x00000000
      505775000	     25187	800098e2	70546a93	ori	x21,x8,1797	  x8:0x0000001b x21=0x0000071f
      505915000	     25194	800098e6	010755b3	srl	x11,x14,x16	 x14:0xffffbcff x16:0x00000001 x11=0x7fffde7f
      505935000	     25195	800098ea	0eca	c.slli	x29,0x12	 x29:0x00000001 x29=0x00040000
      506135000	     25205	800098ec	377c2c93	slti	x25,x24,887	 x24:0x00000001 x25=0x00000001
      506155000	     25206	800098f0	8c6d	c.and	x8,x11	  x8:0x0000001b x11:0x7fffde7f  x8=0x0000001b
      506175000	     25207	800098f2	0000100f	fence.i	
      506415000	     25219	800098f6	81ad	c.srli	x11,0xb	 x11:0x7fffde7f x11=0x000ffffb
      506435000	     25220	800098f8	34003a73	csrrc	x20,mscratch,x0	  x0:0x00000000 x20=0x0000001f
      506455000	     25221	800098fc	8b4d	c.andi	x14,19	 x14:0xffffbcff x14=0x00000013
      507195000	     25258	800098fe	03934233	div	x4,x6,x25	  x6:0xffffffe7 x25:0x00000001  x4=0xffffffe7
      507215000	     25259	80009902	021c7963	bgeu	x24,x1,80009934	 x24:0x00000001  x1:0x0000001f
      507235000	     25260	80009906	031088b3	mul	x17,x1,x17	  x1:0x0000001f x17:0x00000000 x17=0x00000000
      507255000	     25261	8000990a	03e8cd63	blt	x17,x30,80009944	 x17:0x00000000 x30:0x00000093
      542875000	     27042	80009944	0698	c.addi4spn	x14,x2,832	 x14=0xffffff24
      542895000	     27043	80009946	0001	c.addi	x0,0	  x0:0x00000000  x0=0x00000000
      542915000	     27044	80009948	34006273	csrrsi	x4,mscratch,0	  x4=0x0000001f
      542935000	     27045	8000994c	0101f6b3	and	x13,x3,x16	  x3:0x0000001f x16:0x00000001 x13=0x00000001
      542955000	     27046	80009950	40035113	srai	x2,x6,0x0	  x6:0xffffffe7  x2=0xffffffe7
      542975000	     27047	80009954	8611	c.srai	x12,0x4	 x12:0x00000000 x12=0x00000000
      542995000	     27048	80009956	1798	c.addi4spn	x14,x2,992	 x14=0x000003c7
      543015000	     27049	80009958	016b9493	slli	x9,x23,0x16	 x23:0x00000000  x9=0x00000000
      543035000	     27050	8000995c	f5b9fa93	andi	x21,x19,-165	 x19:0x80021e0c x21=0x80021e08
      543095000	     27053	80009960	039aa933	mulhsu	x18,x21,x25	 x21:0x80021e08 x25:0x00000001 x18=0xffffffff
      543115000	     27054	80009964	0061af33	slt	x30,x3,x6	  x3:0x0000001f  x6:0xffffffe7 x30=0x00000000
      543135000	     27055	80009968	5ffd	c.li	x31,-1	 x31=0xffffffff
      543155000	     27056	8000996a	8e91	c.sub	x13,x12	 x13:0x00000001 x12:0x00000000 x13=0x00000001
      543435000	     27070	8000996c	20416e17	auipc	x28,0x20416	 x28=0xa041f96c
      543475000	     27072	80009970	00374663	blt	x14,x3,8000997c	 x14:0x000003c7  x3:0x0000001f
      543495000	     27073	80009974	e5014593	xori	x11,x2,-432	  x2:0xffffffe7 x11=0x000001b7
      543555000	     27076	80009978	0576e063	bltu	x13,x23,800099b8	 x13:0x00000001 x23:0x00000000
      543715000	     27084	8000997c	340021f3	csrrs	x3,mscratch,x0	  x0:0x00000000  x3=0x0000001f
      543935000	     27095	80009980	003a9c93	slli	x25,x21,0x3	 x21:0x80021e08 x25=0x0010f040
      543995000	     27098	80009984	01369b33	sll	x22,x13,x19	 x13:0x00000001 x19:0x80021e0c x22=0x00001000
      544375000	     27117	80009988	340d1f73	csrrw	x30,mscratch,x26	 x26:0x80025ce4 x30=0x0000001f
      544495000	     27123	8000998c	340031f3	csrrc	x3,mscratch,x0	  x0:0x00000000  x3=0x80025ce4
      544515000	     27124	80009990	012c08b3	add	x17,x24,x18	 x24:0x00000001 x18:0xffffffff x17=0x00000000
      544615000	     27129	80009994	46edb617	auipc	x12,0x46edb	 x12=0xc6ee4994
      544635000	     27130	80009998	0001	c.addi	x0,0	  x0:0x00000000  x0=0x00000000
      544655000	     27131	8000999a	02be	c.slli	x5,0xf	  x5:0xf8802b01  x5=0x15808000
      544695000	     27133	8000999c	03b42833	mulhsu	x16,x8,x27	  x8:0x0000001b x27:0x00000000 x16=0x00000000
      544715000	     27134	800099a0	0001	c.addi	x0,0	  x0:0x00000000  x0=0x00000000
      544735000	     27135	800099a2	9f4a	c.add	x30,x18	 x30:0x0000001f x18:0xffffffff x30=0x0000001e
      544835000	     27140	800099a4	0001	c.addi	x0,0	  x0:0x00000000  x0=0x00000000
      544855000	     27141	800099a6	2528bf93	sltiu	x31,x17,594	 x17:0x00000000 x31=0x00000001
      544875000	     27142	800099aa	8ece	c.mv	x29,x19	  x0:0x00000000 x19:0x80021e0c x29=0x80021e0c
      544895000	     27143	800099ac	d422b893	sltiu	x17,x5,-702	  x5:0x15808000 x17=0x00000001
      544915000	     27144	800099b0	3403fff3	csrrci	x31,mscratch,7	 x31=0x80025ce4
      544935000	     27145	800099b4	0ff0000f	fence	iorw,iorw	
      544975000	     27147	800099b8	1aba4317	auipc	x6,0x1aba4	  x6=0x9abad9b8
      544995000	     27148	800099bc	4bd84a93	xori	x21,x16,1213	 x16:0x00000000 x21=0x000004bd
      545015000	     27149	800099c0	013aa5b3	slt	x11,x21,x19	 x21:0x000004bd x19:0x80021e0c x11=0x00000000
      545035000	     27150	800099c4	8f01	c.sub	x14,x8	 x14:0x000003c7  x8:0x0000001b x14=0x000003ac
      545055000	     27151	800099c6	0148ff33	and	x30,x17,x20	 x17:0x00000001 x20:0x0000001f x30=0x00000001
      545075000	     27152	800099ca	b4ae6b13	ori	x22,x28,-1206	 x28:0xa041f96c x22=0xfffffb6e
      545115000	     27154	800099ce	02781533	mulh	x10,x16,x7	 x16:0x00000000  x7:0xfaeb9c09 x10=0x00000000
      545455000	     27171	800099d2	007595b3	sll	x11,x11,x7	 x11:0x00000000  x7:0xfaeb9c09 x11=0x00000000
      545515000	     27174	800099d6	01213133	sltu	x2,x2,x18	  x2:0xffffffe7 x18:0xffffffff  x2=0x00000001
      545535000	     27175	800099da	8f7d	c.and	x14,x15	 x14:0x000003ac x15:0x00000040 x14=0x00000000
      545935000	     27195	800099dc	00e8b233	sltu	x4,x17,x14	 x17:0x00000001 x14:0x00000000  x4=0x00000000
      546235000	     27210	800099e0	8755	c.srai	x14,0x15	 x14:0x00000000 x14=0x00000000
      546255000	     27211	800099e2	717d	c.addi16sp	x2,-16	  x2:0x00000001  x2=0xfffffff1
      546275000	     27212	800099e4	8f91	c.sub	x15,x12	 x15:0x00000040 x12:0xc6ee4994 x15=0x3911b6ac
      546315000	     27214	800099e6	03f49a33	mulh	x20,x9,x31	  x9:0x00000000 x31:0x80025ce4 x20=0x00000000
      546335000	     27215	800099ea	e009	c.bnez	x8,800099ec	  x8:0x0000001b
      547295000	     27263	800099ec	0000100f	fence.i	
      547735000	     27285	800099f0	40cb5613	srai	x12,x22,0xc	 x22:0xfffffb6e x12=0xffffffff
      547755000	     27286	800099f4	00f11963	bne	x2,x15,80009a06	  x2:0xfffffff1 x15:0x3911b6ac
      548335000	     27315	80009a06	02cf5a63	bge	x30,x12,80009a3a	 x30:0x00000001 x12:0xffffffff
      548795000	     27338	80009a3a	9b52	c.add	x22,x20	 x22:0xfffffb6e x20:0x00000000 x22=0xfffffb6e
      548815000	     27339	80009a3c	6340de37	lui	x28,0x6340d	 x28=0x6340d000
      548835000	     27340	80009a40	01e238b3	sltu	x17,x4,x30	  x4:0x00000000 x30:0x00000001 x17=0x00000001
      548855000	     27341	80009a44	047b4163	blt	x22,x7,80009a86	 x22:0xfffffb6e  x7:0xfaeb9c09
      548895000	     27343	80009a48	031e1233	mulh	x4,x28,x17	 x28:0x6340d000 x17:0x00000001  x4=0x00000000
      549655000	     27381	80009a4c	0229dcb3	divu	x25,x19,x2	 x19:0x80021e0c  x2:0xfffffff1 x25=0x00000000
      549675000	     27382	80009a50	0001	c.addi	x0,0	  x0:0x00000000  x0=0x00000000
      549695000	     27383	80009a52	83ed	c.srli	x15,0x1b	 x15:0x3911b6ac x15=0x00000007
      549715000	     27384	80009a54	81fe	c.mv	x3,x31	  x0:0x00000000 x31:0x80025ce4  x3=0x80025ce4
      549735000	     27385	80009a56	34002cf3	csrrs	x25,mscratch,x0	  x0:0x00000000 x25=0x80025ce0
      549755000	     27386	80009a5a	fb25e913	ori	x18,x11,-78	 x11:0x00000000 x18=0xffffffb2
      549775000	     27387	80009a5e	1cfd	c.addi	x25,-1	 x25:0x80025ce0 x25=0x80025cdf
      549795000	     27388	80009a60	00df5813	srli	x16,x30,0xd	 x30:0x00000001 x16=0x00000000
      549815000	     27389	80009a64	069a	c.slli	x13,0x6	 x13:0x00000001 x13=0x00000040
      549835000	     27390	80009a66	01635bb3	srl	x23,x6,x22	  x6:0x9abad9b8 x22:0xfffffb6e x23=0x00026aeb
      549875000	     27392	80009a6a	03ac1cb3	mulh	x25,x24,x26	 x24:0x00000001 x26:0x80025ce4 x25=0xffffffff
      549895000	     27393	80009a6e	1212b313	sltiu	x6,x5,289	  x5:0x15808000  x6=0x00000000
      550075000	     27402	80009a72	002add63	bge	x21,x2,80009a8c	 x21:0x000004bd  x2:0xfffffff1
      550275000	     27412	80009a8c	c089	c.beqz	x9,80009a8e	  x9:0x00000000
      550855000	     27441	80009a8e	9e027193	andi	x3,x4,-1568	  x4:0x00000000  x3=0x00000000
      550875000	     27442	80009a92	717d	c.addi16sp	x2,-16	  x2:0xfffffff1  x2=0xffffffe1
      550895000	     27443	80009a94	0000100f	fence.i	
      550995000	     27448	80009a98	d0c5e597	auipc	x11,0xd0c5e	 x11=0x50c67a98
      551015000	     27449	80009a9c	01b80663	beq	x16,x27,80009aa8	 x16:0x00000000 x27:0x00000000
      551275000	     27462	80009aa8	0efd	c.addi	x29,31	 x29:0x80021e0c x29=0x80021e2b
      551295000	     27463	80009aaa	1db96c13	ori	x24,x18,475	 x18:0xffffffb2 x24=0xfffffffb
      551615000	     27479	80009aae	926b7c13	andi	x24,x22,-1754	 x22:0xfffffb6e x24=0xfffff926
      551675000	     27482	80009ab2	55cab213	sltiu	x4,x21,1372	 x21:0x000004bd  x4=0x00000001
      551695000	     27483	80009ab6	04319063	bne	x3,x3,80009af6	  x3:0x00000000  x3:0x00000000
      551715000	     27484	80009aba	11fd	c.addi	x3,-1	  x3:0x00000000  x3=0xffffffff
      551735000	     27485	80009abc	0526	c.slli	x10,0x9	 x10:0x00000000 x10=0x00000000
      551755000	     27486	80009abe	01bdcf63	blt	x27,x27,80009adc	 x27:0x00000000 x27:0x00000000
      551775000	     27487	80009ac2	01034d63	blt	x6,x16,80009adc	  x6:0x00000000 x16:0x00000000
      551915000	     27494	80009ac6	0060d713	srli	x14,x1,0x6	  x1:0x0000001f x14=0x00000000
      552095000	     27503	80009aca	0011be33	sltu	x28,x3,x1	  x3:0xffffffff  x1:0x0000001f x28=0x00000000
      553215000	     27559	80009ace	033dc2b3	div	x5,x27,x19	 x27:0x00000000 x19:0x80021e0c  x5=0x00000000
      553235000	     27560	80009ad2	03cd1f63	bne	x26,x28,80009b10	 x26:0x80025ce4 x28:0x00000000
      553335000	     27565	80009b10	02132c33	mulhsu	x24,x6,x1	  x6:0x00000000  x1:0x0000001f x24=0x00000000
      553515000	     27574	80009b14	018d5f33	srl	x30,x26,x24	 x26:0x80025ce4 x24:0x00000000 x30=0x80025ce4
      553535000	     27575	80009b18	002a5463	bge	x20,x2,80009b20	 x20:0x00000000  x2:0xffffffe1
      553775000	     27587	80009b20	01c81033	sll	x0,x16,x28	 x16:0x00000000 x28:0x00000000  x0=0x00000000
      554035000	     27600	80009b24	03dd1bb3	mulh	x23,x26,x29	 x26:0x80025ce4 x29:0x80021e2b x23=0x3ffdc27d
      554075000	     27602	80009b28	02841533	mulh	x10,x8,x8	  x8:0x0000001b  x8:0x0000001b x10=0x00000000
      554955000	     27646	80009b2c	03107833	remu	x16,x0,x17	  x0:0x00000000 x17:0x00000001 x16=0x00000000
      554975000	     27647	80009b30	008e7133	and	x2,x28,x8	 x28:0x00000000  x8:0x0000001b  x2=0x00000000
      554995000	     27648	80009b34	0ccd	c.addi	x25,19	 x25:0xffffffff x25=0x00000012
      555015000	     27649	80009b36	ee05	c.bnez	x12,80009b6e	 x12:0xffffffff
      555435000	     27670	80009b6e	340066f3	csrrsi	x13,mscratch,0	 x13=0x80025ce0
      555455000	     27671	80009b72	137d	c.addi	x6,-1	  x6:0x00000000  x6=0xffffffff
      555475000	     27672	80009b74	34007ff3	csrrci	x31,mscratch,0	 x31=0x80025ce0
      555495000	     27673	80009b78	0eb1	c.addi	x29,12	 x29:0x80021e2b x29=0x80021e37
      555515000	     27674	80009b7a	80da	c.mv	x1,x22	  x0:0x00000000 x22:0xfffffb6e  x1=0xfffffb6e
      555535000	     27675	80009b7c	34002ef3	csrrs	x29,mscratch,x0	  x0:0x00000000 x29=0x80025ce0
      555555000	     27676	80009b80	02d38f63	beq	x7,x13,80009bbe	  x7:0xfaeb9c09 x13:0x80025ce0
      555735000	     27685	80009b84	0ff0000f	fence	iorw,iorw	
      555755000	     27686	80009b88	e789	c.bnez	x15,80009b92	 x15:0x00000007
      556075000	     27702	80009b92	01527963	bgeu	x4,x21,80009ba4	  x4:0x00000001 x21:0x000004bd
      556095000	     27703	80009b96	013ed613	srli	x12,x29,0x13	 x29:0x80025ce0 x12=0x00001000
      556115000	     27704	80009b9a	015b55b3	srl	x11,x22,x21	 x22:0xfffffb6e x21:0x000004bd x11=0x00000007
      556155000	     27706	80009b9e	01bd9813	slli	x16,x27,0x1b	 x27:0x00000000 x16=0x00000000
      556175000	     27707	80009ba2	ef01	c.bnez	x14,80009bba	 x14:0x00000000
      556195000	     27708	80009ba4	8cc1	c.or	x9,x8	  x9:0x00000000  x8:0x0000001b  x9=0x0000001b
      556215000	     27709	80009ba6	e015	c.bnez	x8,80009bca	  x8:0x0000001b
      556435000	     27720	80009bca	02bf8833	mul	x16,x31,x11	 x31:0x80025ce0 x11:0x00000007 x16=0x80108a20
      556815000	     27739	80009bce	72765e17	auipc	x28,0x72765	 x28=0xf276ebce
      556975000	     27747	80009bd2	002bf933	and	x18,x23,x2	 x23:0x3ffdc27d  x2:0x00000000 x18=0x00000000
      556995000	     27748	80009bd6	e6469b97	auipc	x23,0xe6469	 x23=0x66472bd6
      557075000	     27752	80009bda	b8bcc693	xori	x13,x25,-1141	 x25:0x00000012 x13=0xfffffb99
      557095000	     27753	80009bde	34006373	csrrsi	x6,mscratch,0	  x6=0x80025ce0
      557115000	     27754	80009be2	e089	c.bnez	x9,80009be4	  x9:0x0000001b
      558215000	     27809	80009be4	340c9b73	csrrw	x22,mscratch,x25	 x25:0x00000012 x22=0x80025ce0
      558435000	     27820	80009be8	3a2c4193	xori	x3,x24,930	 x24:0x00000000  x3=0x000003a2
      559195000	     27858	80009bec	02975f33	divu	x30,x14,x9	 x14:0x00000000  x9:0x0000001b x30=0x00000000
      559215000	     27859	80009bf0	4209	c.li	x4,2	  x4=0x00000002
      559235000	     27860	80009bf2	851d	c.srai	x10,0x7	 x10:0x00000000 x10=0x00000000
      559255000	     27861	80009bf4	40a8de93	srai	x29,x17,0xa	 x17:0x00000001 x29=0x00000000
      559995000	     27898	80009bf8	026dec33	rem	x24,x27,x6	 x27:0x00000000  x6:0x80025ce0 x24=0x00000000
      560015000	     27899	80009bfc	035c9163	bne	x25,x21,80009c1e	 x25:0x00000012 x21:0x000004bd
      560255000	     27911	80009c1e	0001	c.addi	x0,0	  x0:0x00000000  x0=0x00000000
      560695000	     27933	80009c20	67326813	ori	x16,x4,1651	  x4:0x00000002 x16=0x00000673
      560735000	     27935	80009c24	9c46	c.add	x24,x17	 x24:0x00000000 x17:0x00000001 x24=0x00000001
      561155000	     27956	80009c26	a5467e13	andi	x28,x12,-1452	 x12:0x00001000 x28=0x00001000
      561175000	     27957	80009c2a	01d12733	slt	x14,x2,x29	  x2:0x00000000 x29:0x00000000 x14=0x00000000
      561255000	     27961	80009c2e	023b8333	mul	x6,x23,x3	 x23:0x66472bd6  x3:0x000003a2  x6=0x8e8d3f6c
      561275000	     27962	80009c32	9be6	c.add	x23,x25	 x23:0x66472bd6 x25:0x00000012 x23=0x66472be8
      561295000	     27963	80009c34	ee09	c.bnez	x12,80009c4e	 x12:0x00001000
      562055000	     28001	80009c4e	00401d63	bne	x0,x4,80009c68	  x0:0x00000000  x4:0x00000002
      562195000	     28008	80009c68	00dc9363	bne	x25,x13,80009c6e	 x25:0x00000012 x13:0xfffffb99
      563295000	     28063	80009c6e	0322e633	rem	x12,x5,x18	  x5:0x00000000 x18:0x00000000 x12=0x00000000
      563475000	     28072	80009c72	21e97e93	andi	x29,x18,542	 x18:0x00000000 x29=0x00000000
      563495000	     28073	80009c76	8451	c.srai	x8,0x14	  x8:0x0000001b  x8=0x00000000
      563695000	     28083	80009c78	02e9bab3	mulhu	x21,x19,x14	 x19:0x80021e0c x14:0x00000000 x21=0x00000000
      563715000	     28084	80009c7c	4281	c.li	x5,0	  x5=0x00000000
      563955000	     28096	80009c7e	340024f3	csrrs	x9,mscratch,x0	  x0:0x00000000  x9=0x00000012
      563975000	     28097	80009c82	004df0b3	and	x1,x27,x4	 x27:0x00000000  x4:0x00000002  x1=0x00000000
      564115000	     28104	80009c86	032f2b33	mulhsu	x22,x30,x18	 x30:0x00000000 x18:0x00000000 x22=0x00000000
      564435000	     28120	80009c8a	da6bc493	xori	x9,x23,-602	 x23:0x66472be8  x9=0x99b8d64e
      564655000	     28131	80009c8e	02d3bdb3	mulhu	x27,x7,x13	  x7:0xfaeb9c09 x13:0xfffffb99 x27=0xfaeb97b8
      564775000	     28137	80009c92	00ef11b3	sll	x3,x30,x14	 x30:0x00000000 x14:0x00000000  x3=0x00000000
      565195000	     28158	80009c96	00586ab3	or	x21,x16,x5	 x16:0x00000673  x5:0x00000000 x21=0x00000673
      565235000	     28160	80009c9a	01621933	sll	x18,x4,x22	  x4:0x00000002 x22:0x00000000 x18=0x00000002
      565315000	     28164	80009c9e	340f2f73	csrrs	x30,mscratch,x30	 x30:0x00000000 x30=0x00000012
      565355000	     28166	80009ca2	00db5f33	srl	x30,x22,x13	 x22:0x00000000 x13:0xfffffb99 x30=0x00000000
      565395000	     28168	80009ca6	fba14c93	xori	x25,x2,-70	  x2:0x00000000 x25=0xffffffba
      565415000	     28169	80009caa	01d0bcb3	sltu	x25,x1,x29	  x1:0x00000000 x29:0x00000000 x25=0x00000000
      565475000	     28172	80009cae	01568263	beq	x13,x21,80009cb2	 x13:0xfffffb99 x21:0x00000673
      565495000	     28173	80009cb2	003befb3	or	x31,x23,x3	 x23:0x66472be8  x3:0x00000000 x31=0x66472be8
      565655000	     28181	80009cb6	01b6d313	srli	x6,x13,0x1b	 x13:0xfffffb99  x6=0x0000001f
      565675000	     28182	80009cba	e581	c.bnez	x11,80009cc2	 x11:0x00000007
      566475000	     28222	80009cc2	005fdc13	srli	x24,x31,0x5	 x31:0x66472be8 x24=0x0332395f
      566495000	     28223	80009cc6	987d	c.andi	x8,-1	  x8:0x00000000  x8=0x00000000
      566575000	     28227	80009cc8	005b1733	sll	x14,x22,x5	 x22:0x00000000  x5:0x00000000 x14=0x00000000
      566655000	     28231	80009ccc	031008b3	mul	x17,x0,x17	  x0:0x00000000 x17:0x00000001 x17=0x00000000
      567075000	     28252	80009cd0	0000100f	fence.i	
      568055000	     28301	80009cd4	0000100f	fence.i	
      568755000	     28336	80009cd8	00154f33	xor	x30,x10,x1	 x10:0x00000000  x1:0x00000000 x30=0x00000000
      568775000	     28337	80009cdc	01f3a933	slt	x18,x7,x31	  x7:0xfaeb9c09 x31:0x66472be8 x18=0x00000001
      568795000	     28338	80009ce0	02b3e163	bltu	x7,x11,80009d02	  x7:0xfaeb9c09 x11:0x00000007
      568935000	     28345	80009ce4	000dd193	srli	x3,x27,0x0	 x27:0xfaeb97b8  x3=0xfaeb97b8
      568975000	     28347	80009ce8	02abb7b3	mulhu	x15,x23,x10	 x23:0x66472be8 x10:0x00000000 x15=0x00000000
      569375000	     28367	80009cec	8c0d	c.sub	x8,x11	  x8:0x00000000 x11:0x00000007  x8=0xfffffff9
      569395000	     28368	80009cee	0bf9	c.addi	x23,30	 x23:0x66472be8 x23=0x66472c06
      569415000	     28369	80009cf0	6bc1	c.lui	x23,0x10	 x23=0x00010000
      569435000	     28370	80009cf2	02eb0c63	beq	x22,x14,80009d2a	 x22:0x00000000 x14:0x00000000
      570815000	     28439	80009d2a	ae3dcd93	xori	x27,x27,-1309	 x27:0xfaeb97b8 x27=0x05146d5b
      571015000	     28449	80009d2e	4060d6b3	sra	x13,x1,x6	  x1:0x00000000  x6:0x0000001f x13=0x00000000
      571035000	     28450	80009d32	0001	c.addi	x0,0	  x0:0x00000000  x0=0x00000000
      571055000	     28451	80009d34	1f8c	c.addi4spn	x11,x2,1008	 x11=0x000003f0
      571375000	     28467	80009d36	526cf093	andi	x1,x25,1318	 x25:0x00000000  x1=0x00000000
      571395000	     28468	80009d3a	018c	c.addi4spn	x11,x2,192	 x11=0x000000c0
      572135000	     28505	80009d3c	03a8fa33	remu	x20,x17,x26	 x17:0x00000000 x26:0x80025ce4 x20=0x00000000
      572875000	     28542	80009d40	0333edb3	rem	x27,x7,x19	  x7:0xfaeb9c09 x19:0x80021e0c x27=0xfaeb9c09
      581315000	     28964	80009d44	0001	c.addi	x0,0	  x0:0x00000000  x0=0x00000000
      581335000	     28965	80009d46	c8c02693	slti	x13,x0,-884	  x0:0x00000000 x13=0x00000000
      581355000	     28966	80009d4a	40985b33	sra	x22,x16,x9	 x16:0x00000673  x9:0x99b8d64e x22=0x00000000
      581375000	     28967	80009d4e	055a0463	beq	x20,x21,80009d96	 x20:0x00000000 x21:0x00000673
      581395000	     28968	80009d52	0ff0000f	fence	iorw,iorw	
      581555000	     28976	80009d56	0dad4717	auipc	x14,0xdad4	 x14=0x8daddd56
      581575000	     28977	80009d5a	0339	c.addi	x6,14	  x6:0x0000001f  x6=0x0000002d
      582175000	     29007	80009d5c	1bd43113	sltiu	x2,x8,445	  x8:0xfffffff9  x2=0x00000000
      582195000	     29008	80009d60	ef477e13	andi	x28,x14,-268	 x14:0x8daddd56 x28=0x8daddc54
      582215000	     29009	80009d64	34069973	csrrw	x18,mscratch,x13	 x13:0x00000000 x18=0x00000012
      582275000	     29012	80009d68	03868933	mul	x18,x13,x24	 x13:0x00000000 x24:0x0332395f x18=0x00000000
      582375000	     29017	80009d6c	0001	c.addi	x0,0	  x0:0x00000000  x0=0x00000000
      582815000	     29039	80009d6e	02e03fb3	mulhu	x31,x0,x14	  x0:0x00000000 x14:0x8daddd56 x31=0x00000000
      582895000	     29043	80009d72	6c2f0e13	addi	x28,x30,1730	 x30:0x00000000 x28=0x000006c2
      583075000	     29052	80009d76	34059273	csrrw	x4,mscratch,x11	 x11:0x000000c0  x4=0x00000000
      583095000	     29053	80009d7a	a02bb7b7	lui	x15,0xa02bb	 x15=0xa02bb000
      583115000	     29054	80009d7e	19354e13	xori	x28,x10,403	 x10:0x00000000 x28=0x00000193
      583155000	     29056	80009d82	022ebab3	mulhu	x21,x29,x2	 x29:0x00000000  x2:0x00000000 x21=0x00000000
      583175000	     29057	80009d86	84be	c.mv	x9,x15	  x0:0x00000000 x15:0xa02bb000  x9=0xa02bb000
      583195000	     29058	80009d88	0000100f	fence.i	
      583255000	     29061	80009d8c	0047b833	sltu	x16,x15,x4	 x15:0xa02bb000  x4:0x00000000 x16=0x00000000
      583635000	     29080	80009d90	e591	c.bnez	x11,80009d9c	 x11:0x000000c0
      584095000	     29103	80009d9c	340cb673	csrrc	x12,mscratch,x25	 x25:0x00000000 x12=0x000000c0
      584135000	     29105	80009da0	0000100f	fence.i	
      584815000	     29139	80009da4	0ff0000f	fence	iorw,iorw	
      584835000	     29140	80009da8	02dbd363	bge	x23,x13,80009dce	 x23:0x00010000 x13:0x00000000
      585155000	     29156	80009dce	3408d1f3	csrrwi	x3,mscratch,17	  x3=0x000000c0
      585535000	     29175	80009dd2	0d6a3237	lui	x4,0xd6a3	  x4=0x0d6a3000
      585635000	     29180	80009dd6	01cf9113	slli	x2,x31,0x1c	 x31:0x00000000  x2=0x00000000
      585915000	     29194	80009dda	01201893	slli	x17,x0,0x12	  x0:0x00000000 x17=0x00000000
      585935000	     29195	80009dde	00a11613	slli	x12,x2,0xa	  x2:0x00000000 x12=0x00000000
      585955000	     29196	80009de2	8365	c.srli	x14,0x19	 x14:0x8daddd56 x14=0x00000046
      585975000	     29197	80009de4	01e49233	sll	x4,x9,x30	  x9:0xa02bb000 x30:0x00000000  x4=0xa02bb000
      586135000	     29205	80009de8	0ff0000f	fence	iorw,iorw	
      586275000	     29212	80009dec	011a3eb3	sltu	x29,x20,x17	 x20:0x00000000 x17:0x00000000 x29=0x00000000
      586355000	     29216	80009df0	8461	c.srai	x8,0x18	  x8:0xfffffff9  x8=0xffffffff
      586375000	     29217	80009df2	c605	c.beqz	x12,80009e1a	 x12:0x00000000
      586875000	     29242	80009e1a	34007173	csrrci	x2,mscratch,0	  x2=0x00000011
      586915000	     29244	80009e1e	00e8a2b3	slt	x5,x17,x14	 x17:0x00000000 x14:0x00000046  x5=0x00000001
      586935000	     29245	80009e22	65f1	c.lui	x11,0x1c	 x11=0x0001c000
      586955000	     29246	80009e24	340dd073	csrrwi	x0,mscratch,27	  x0=0x00000000
      586975000	     29247	80009e28	0001	c.addi	x0,0	  x0:0x00000000  x0=0x00000000
      587715000	     29284	80009e2a	037b5f33	divu	x30,x22,x23	 x22:0x00000000 x23:0x00010000 x30=0x00000000
      587735000	     29285	80009e2e	004f5a13	srli	x20,x30,0x4	 x30:0x00000000 x20=0x00000000
      587755000	     29286	80009e32	00cdfe33	and	x28,x27,x12	 x27:0xfaeb9c09 x12:0x00000000 x28=0x00000000
      587775000	     29287	80009e36	01dded63	bltu	x27,x29,80009e50	 x27:0xfaeb9c09 x29:0x00000000
      587795000	     29288	80009e3a	00cbba33	sltu	x20,x23,x12	 x23:0x00010000 x12:0x00000000 x20=0x00000000
      587815000	     29289	80009e3e	6a85	c.lui	x21,0x1	 x21=0x00001000
      587835000	     29290	80009e40	00348533	add	x10,x9,x3	  x9:0xa02bb000  x3:0x000000c0 x10=0xa02bb0c0
      587855000	     29291	80009e44	000c10b3	sll	x1,x24,x0	 x24:0x0332395f  x0:0x00000000  x1=0x0332395f
      588595000	     29328	80009e48	02785db3	divu	x27,x16,x7	 x16:0x00000000  x7:0xfaeb9c09 x27=0x00000000
      588615000	     29329	80009e4c	340027f3	csrrs	x15,mscratch,x0	  x0:0x00000000 x15=0x0000001b
      588635000	     29330	80009e50	8cad	c.xor	x9,x11	  x9:0xa02bb000 x11:0x0001c000  x9=0xa02a7000
      588655000	     29331	80009e52	0ff0000f	fence	iorw,iorw	
      588675000	     29332	80009e56	41740eb3	sub	x29,x8,x23	  x8:0xffffffff x23:0x00010000 x29=0xfffeffff
      588775000	     29337	80009e5a	01202833	slt	x16,x0,x18	  x0:0x00000000 x18:0x00000000 x16=0x00000000
      588815000	     29339	80009e5e	b89cc893	xori	x17,x25,-1143	 x25:0x00000000 x17=0xfffffb89
      588835000	     29340	80009e62	679b2c13	slti	x24,x22,1657	 x22:0x00000000 x24=0x00000001
      588855000	     29341	80009e66	8729	c.srai	x14,0xa	 x14:0x00000046 x14=0x00000000
      588875000	     29342	80009e68	34065df3	csrrwi	x27,mscratch,12	 x27=0x0000001b
      588915000	     29344	80009e6c	034a2f33	mulhsu	x30,x20,x20	 x20:0x00000000 x20:0x00000000 x30=0x00000000
      589035000	     29350	80009e70	002ae833	or	x16,x21,x2	 x21:0x00001000  x2:0x00000011 x16=0x00001011
      589135000	     29355	80009e74	0059abb3	slt	x23,x19,x5	 x19:0x80021e0c  x5:0x00000001 x23=0x00000001
      589155000	     29356	80009e78	025aff63	bgeu	x21,x5,80009eb6	 x21:0x00001000  x5:0x00000001
      589395000	     29368	80009eb6	48e5	c.li	x17,25	 x17=0x00000019
      589495000	     29373	80009eb8	00380663	beq	x16,x3,80009ec4	 x16:0x00001011  x3:0x000000c0
      590395000	     29418	80009ebc	0263fb33	remu	x22,x7,x6	  x7:0xfaeb9c09  x6:0x0000002d x22=0x00000023
      590415000	     29419	80009ec0	4153deb3	sra	x29,x7,x21	  x7:0xfaeb9c09 x21:0x00001000 x29=0xfaeb9c09
      590435000	     29420	80009ec4	01c98563	beq	x19,x28,80009ece	 x19:0x80021e0c x28:0x00000000
      590455000	     29421	80009ec8	8d11	c.sub	x10,x12	 x10:0xa02bb0c0 x12:0x00000000 x10=0xa02bb0c0
      590475000	     29422	80009eca	28b13d93	sltiu	x27,x2,651	  x2:0x00000011 x27=0x00000001
      590495000	     29423	80009ece	01e65213	srli	x4,x12,0x1e	 x12:0x00000000  x4=0x00000000
      590515000	     29424	80009ed2	c10d	c.beqz	x10,80009ef4	 x10:0xa02bb0c0
      590655000	     29431	80009ed4	0149c363	blt	x19,x20,80009eda	 x19:0x80021e0c x20:0x00000000
      591135000	     29455	80009eda	03f361b3	rem	x3,x6,x31	  x6:0x0000002d x31:0x00000000  x3=0x0000002d
      591175000	     29457	80009ede	03d03733	mulhu	x14,x0,x29	  x0:0x00000000 x29:0xfaeb9c09 x14=0x00000000
      591195000	     29458	80009ee2	3400e4f3	csrrsi	x9,mscratch,1	  x9=0x0000000c
      591215000	     29459	80009ee6	ee91	c.bnez	x13,80009f02	 x13:0x00000000
      591335000	     29465	80009ee8	003f0463	beq	x30,x3,80009ef0	 x30:0x00000000  x3:0x0000002d
      591755000	     29486	80009eec	4401	c.li	x8,0	  x8=0x00000000
      591775000	     29487	80009eee	717d	c.addi16sp	x2,-16	  x2:0x00000011  x2=0x00000001
      592175000	     29507	80009ef0	0000100f	fence.i	
      593075000	     29552	80009ef4	020fce63	blt	x31,x0,80009f30	 x31:0x00000000  x0:0x00000000
      593135000	     29555	80009ef8	02596463	bltu	x18,x5,80009f20	 x18:0x00000000  x5:0x00000001
      593455000	     29571	80009f20	8e51	c.or	x12,x12	 x12:0x00000000 x12:0x00000000 x12=0x00000000
      593475000	     29572	80009f22	6769	c.lui	x14,0x1a	 x14=0x0001a000
      593495000	     29573	80009f24	4445	c.li	x8,17	  x8=0x00000011
      593515000	     29574	80009f26	06d2	c.slli	x13,0x14	 x13:0x00000000 x13=0x00000000
      593535000	     29575	80009f28	414ed313	srai	x6,x29,0x14	 x29:0xfaeb9c09  x6=0xffffffae
      593555000	     29576	80009f2c	cf87be93	sltiu	x29,x15,-776	 x15:0x0000001b x29=0x00000001
      593575000	     29577	80009f30	34057973	csrrci	x18,mscratch,10	 x18=0x0000000d
      593595000	     29578	80009f34	340218f3	csrrw	x17,mscratch,x4	  x4:0x00000000 x17=0x00000005
      593615000	     29579	80009f38	753cc593	xori	x11,x25,1875	 x25:0x00000000 x11=0x00000753
      594555000	     29626	80009f3c	022a62b3	rem	x5,x20,x2	 x20:0x00000000  x2:0x00000001  x5=0x00000000
      594575000	     29627	80009f40	340894f3	csrrw	x9,mscratch,x17	 x17:0x00000005  x9=0x00000000
      594595000	     29628	80009f44	005b2b33	slt	x22,x22,x5	 x22:0x00000023  x5:0x00000000 x22=0x00000000
      594635000	     29630	80009f48	023f92b3	mulh	x5,x31,x3	 x31:0x00000000  x3:0x0000002d  x5=0x00000000
      595375000	     29667	80009f4c	026367b3	rem	x15,x6,x6	  x6:0xffffffae  x6:0xffffffae x15=0x00000000
      595395000	     29668	80009f50	f6c24093	xori	x1,x4,-148	  x4:0x00000000  x1=0xffffff6c
      595415000	     29669	80009f54	340ad873	csrrwi	x16,mscratch,21	 x16=0x00000005
      595435000	     29670	80009f58	52fd	c.li	x5,-1	  x5=0xffffffff
      595455000	     29671	80009f5a	34002573	csrrs	x10,mscratch,x0	  x0:0x00000000 x10=0x00000015
      595475000	     29672	80009f5e	18dd3b13	sltiu	x22,x26,397	 x26:0x80025ce4 x22=0x00000000
      595515000	     29674	80009f62	034c3833	mulhu	x16,x24,x20	 x24:0x00000001 x20:0x00000000 x16=0x00000000
      595535000	     29675	80009f66	8712	c.mv	x14,x4	  x0:0x00000000  x4:0x00000000 x14=0x00000000
      595555000	     29676	80009f68	01eccc63	blt	x25,x30,80009f80	 x25:0x00000000 x30:0x00000000
      595575000	     29677	80009f6c	0ff0000f	fence	iorw,iorw	
      595595000	     29678	80009f70	910a	c.add	x2,x2	  x2:0x00000001  x2:0x00000001  x2=0x00000002
      595615000	     29679	80009f72	006cfdb3	and	x27,x25,x6	 x25:0x00000000  x6:0xffffffae x27=0x00000000
      595715000	     29684	80009f76	340014f3	csrrw	x9,mscratch,x0	  x0:0x00000000  x9=0x00000015
      596015000	     29699	80009f7a	017a52b3	srl	x5,x20,x23	 x20:0x00000000 x23:0x00000001  x5=0x00000000
      596035000	     29700	80009f7e	87c1	c.srai	x15,0x10	 x15:0x00000000 x15=0x00000000
      596055000	     29701	80009f80	8dc5	c.or	x11,x9	 x11:0x00000753  x9:0x00000015 x11=0x00000757
      596075000	     29702	80009f82	0ff0000f	fence	iorw,iorw	
      596095000	     29703	80009f86	197d	c.addi	x18,-1	 x18:0x0000000d x18=0x0000000c
      596115000	     29704	80009f88	02208eb3	mul	x29,x1,x2	  x1:0xffffff6c  x2:0x00000002 x29=0xfffffed8
      596135000	     29705	80009f8c	89ad	c.andi	x11,11	 x11:0x00000757 x11=0x00000003
      596155000	     29706	80009f8e	864d	c.srai	x12,0x13	 x12:0x00000000 x12=0x00000000
      596895000	     29743	80009f90	03d6e4b3	rem	x9,x13,x29	 x13:0x00000000 x29:0xfffffed8  x9=0x00000000
      596915000	     29744	80009f94	340bd0f3	csrrwi	x1,mscratch,23	  x1=0x00000000
      596955000	     29746	80009f98	034ad8b3	divu	x17,x21,x20	 x21:0x00001000 x20:0x00000000 x17=0xffffffff
      596975000	     29747	80009f9c	6169	c.addi16sp	x2,208	  x2:0x00000002  x2=0x000000d2
      596995000	     29748	80009f9e	717d	c.addi16sp	x2,-16	  x2:0x000000d2  x2=0x000000c2
      597035000	     29750	80009fa0	0089	c.addi	x1,2	  x1:0x00000000  x1=0x00000002
      597055000	     29751	80009fa2	8d55	c.or	x10,x13	 x10:0x00000015 x13:0x00000000 x10=0x00000015
      597075000	     29752	80009fa4	fa587d97	auipc	x27,0xfa587	 x27=0x7a590fa4
      597095000	     29753	80009fa8	ea01	c.bnez	x12,80009fb8	 x12:0x00000000
      597275000	     29762	80009faa	34002cf3	csrrs	x25,mscratch,x0	  x0:0x00000000 x25=0x00000017
      597295000	     29763	80009fae	8cb9	c.xor	x9,x14	  x9:0x00000000 x14:0x00000000  x9=0x00000000
      597395000	     29768	80009fb0	34029df3	csrrw	x27,mscratch,x5	  x5:0x00000000 x27=0x00000017
      597415000	     29769	80009fb4	ccdef193	andi	x3,x29,-819	 x29:0xfffffed8  x3=0xfffffcc8
      597435000	     29770	80009fb8	0223ec63	bltu	x7,x2,80009ff0	  x7:0xfaeb9c09  x2:0x000000c2
      597455000	     29771	80009fbc	01625633	srl	x12,x4,x22	  x4:0x00000000 x22:0x00000000 x12=0x00000000
      597575000	     29777	80009fc0	07bd	c.addi	x15,15	 x15:0x00000000 x15=0x0000000f
      597595000	     29778	80009fc2	0001	c.addi	x0,0	  x0:0x00000000  x0=0x00000000
      597995000	     29798	80009fc4	010c56b3	srl	x13,x24,x16	 x24:0x00000001 x16:0x00000000 x13=0x00000001
      598415000	     29819	80009fc8	c705	c.beqz	x14,80009ff0	 x14:0x00000000
      599615000	     29879	80009ff0	41bd08b3	sub	x17,x26,x27	 x26:0x80025ce4 x27:0x00000017 x17=0x80025ccd
      599815000	     29889	80009ff4	0880	c.addi4spn	x8,x2,80	  x8=0x00000112
      599835000	     29890	80009ff6	03193713	sltiu	x14,x18,49	 x18:0x0000000c x14=0x00000001
      599855000	     29891	80009ffa	98fd	c.andi	x9,-1	  x9:0x00000000  x9=0x00000000
      599895000	     29893	80009ffc	03053bb3	mulhu	x23,x10,x16	 x10:0x00000015 x16:0x00000000 x23=0x00000000
      600155000	     29906	8000a000	3406dff3	csrrwi	x31,mscratch,13	 x31=0x00000000
      600315000	     29914	8000a004	0150e6b3	or	x13,x1,x21	  x1:0x00000002 x21:0x00001000 x13=0x00001002
      600335000	     29915	8000a008	340355f3	csrrwi	x11,mscratch,6	 x11=0x0000000d
      600755000	     29936	8000a00c	cd89	c.beqz	x11,8000a026	 x11:0x0000000d
      600895000	     29943	8000a00e	00a060b3	or	x1,x0,x10	  x0:0x00000000 x10:0x00000015  x1=0x00000015
      600915000	     29944	8000a012	340a9ff3	csrrw	x31,mscratch,x21	 x21:0x00001000 x31=0x00000006
      600935000	     29945	8000a016	8c19	c.sub	x8,x14	  x8:0x00000112 x14:0x00000001  x8=0x00000111
      601075000	     29952	8000a018	e891	c.bnez	x9,8000a02c	  x9:0x00000000
      601095000	     29953	8000a01a	8d25	c.xor	x10,x9	 x10:0x00000015  x9:0x00000000 x10=0x00000015
      601115000	     29954	8000a01c	0c32	c.slli	x24,0xc	 x24:0x00000001 x24=0x00001000
      601135000	     29955	8000a01e	6969	c.lui	x18,0x1a	 x18=0x0001a000
      601155000	     29956	8000a020	cf01	c.beqz	x14,8000a038	 x14:0x00000001
      601195000	     29958	8000a022	02efbdb3	mulhu	x27,x31,x14	 x31:0x00000006 x14:0x00000001 x27=0x00000000
      601215000	     29959	8000a026	34026273	csrrsi	x4,mscratch,4	  x4=0x00001000
      601235000	     29960	8000a02a	96c2	c.add	x13,x16	 x13:0x00001002 x16:0x00000000 x13=0x00001002
      601255000	     29961	8000a02c	717d	c.addi16sp	x2,-16	  x2:0x000000c2  x2=0x000000b2
      601275000	     29962	8000a02e	169c	c.addi4spn	x15,x2,864	 x15=0x00000412
      601435000	     29970	8000a030	49053213	sltiu	x4,x10,1168	 x10:0x00000015  x4=0x00000001
      601455000	     29971	8000a034	cb61a013	slti	x0,x3,-842	  x3:0xfffffcc8  x0=0x00000000
      601475000	     29972	8000a038	001d1b93	slli	x23,x26,0x1	 x26:0x80025ce4 x23=0x0004b9c8
      601495000	     29973	8000a03c	340eddf3	csrrwi	x27,mscratch,29	 x27=0x00001004
      601535000	     29975	8000a040	9a8f2813	slti	x16,x30,-1624	 x30:0x00000000 x16=0x00000000
      601555000	     29976	8000a044	01a21a13	slli	x20,x4,0x1a	  x4:0x00000001 x20=0x04000000
      601575000	     29977	8000a048	01632333	slt	x6,x6,x22	  x6:0xffffffae x22:0x00000000  x6=0x00000001
      601615000	     29979	8000a04c	00741f33	sll	x30,x8,x7	  x8:0x00000111  x7:0xfaeb9c09 x30=0x00022200
      601775000	     29987	8000a050	066d2713	slti	x14,x26,102	 x26:0x80025ce4 x14=0x00000001
      601915000	     29994	8000a054	01871413	slli	x8,x14,0x18	 x14:0x00000001  x8=0x01000000
      601935000	     29995	8000a058	f2efc213	xori	x4,x31,-210	 x31:0x00000006  x4=0xffffff28
      602175000	     30007	8000a05c	042b1463	bne	x22,x2,8000a0a4	 x22:0x00000000  x2:0x000000b2
      602375000	     30017	8000a0a4	03f50db3	mul	x27,x10,x31	 x10:0x00000015 x31:0x00000006 x27=0x0000007e
      602555000	     30026	8000a0a8	01239963	bne	x7,x18,8000a0ba	  x7:0xfaeb9c09 x18:0x0001a000
      603795000	     30088	8000a0ba	08ba	c.slli	x17,0xe	 x17:0x80025ccd x17=0x97334000
      603815000	     30089	8000a0bc	0316f563	bgeu	x13,x17,8000a0e6	 x13:0x00001002 x17:0x97334000
      603835000	     30090	8000a0c0	3400d573	csrrwi	x10,mscratch,1	 x10=0x0000001d
      604215000	     30109	8000a0c4	8eee	c.mv	x29,x27	  x0:0x00000000 x27:0x0000007e x29=0x0000007e
      604315000	     30114	8000a0c6	340c2c73	csrrs	x24,mscratch,x24	 x24:0x00001000 x24=0x00000001
      604335000	     30115	8000a0ca	8265	c.srli	x12,0x19	 x12:0x00000000 x12=0x00000000
      604375000	     30117	8000a0cc	03cb5fb3	divu	x31,x22,x28	 x22:0x00000000 x28:0x00000000 x31=0xffffffff
      604395000	     30118	8000a0d0	0000100f	fence.i	
      604895000	     30143	8000a0d4	0ff0000f	fence	iorw,iorw	
      605155000	     30156	8000a0d8	717d	c.addi16sp	x2,-16	  x2:0x000000b2  x2=0x000000a2
      605175000	     30157	8000a0da	34035073	csrrwi	x0,mscratch,6	  x0=0x00000000
      605915000	     30194	8000a0de	03b3c633	div	x12,x7,x27	  x7:0xfaeb9c09 x27:0x0000007e x12=0xfff5adf0
      605935000	     30195	8000a0e2	3df7d597	auipc	x11,0x3df7d	 x11=0xbdf870e2
      605955000	     30196	8000a0e6	00bde763	bltu	x27,x11,8000a0f4	 x27:0x0000007e x11:0xbdf870e2
      606035000	     30200	8000a0f4	006cea33	or	x20,x25,x6	 x25:0x00000017  x6:0x00000001 x20=0x00000017
      606055000	     30201	8000a0f8	41edd233	sra	x4,x27,x30	 x27:0x0000007e x30:0x00022200  x4=0x0000007e
      606075000	     30202	8000a0fc	0ff0000f	fence	iorw,iorw	
      606095000	     30203	8000a100	04fdc463	blt	x27,x15,8000a148	 x27:0x0000007e x15:0x00000412
      606355000	     30216	8000a148	8ce2	c.mv	x25,x24	  x0:0x00000000 x24:0x00000001 x25=0x00000001
      606375000	     30217	8000a14a	9a7d	c.andi	x12,-1	 x12:0xfff5adf0 x12=0xfff5adf0
      606555000	     30226	8000a14c	02d65a63	bge	x12,x13,8000a180	 x12:0xfff5adf0 x13:0x00001002
      606575000	     30227	8000a150	8dd9	c.or	x11,x14	 x11:0xbdf870e2 x14:0x00000001 x11=0xbdf870e3
      607015000	     30249	8000a152	02e5af33	mulhsu	x30,x11,x14	 x11:0xbdf870e3 x14:0x00000001 x30=0xffffffff
      607035000	     30250	8000a156	0b88	c.addi4spn	x10,x2,464	 x10=0x00000272
      607055000	     30251	8000a158	1e7d	c.addi	x28,-1	 x28:0x00000000 x28=0xffffffff
      607075000	     30252	8000a15a	9a7d	c.andi	x12,-1	 x12:0xfff5adf0 x12=0xfff5adf0
      607095000	     30253	8000a15c	340f3f73	csrrc	x30,mscratch,x30	 x30:0xffffffff x30=0x00000006
      607835000	     30290	8000a160	026e7ab3	remu	x21,x28,x6	 x28:0xffffffff  x6:0x00000001 x21=0x00000000
      607855000	     30291	8000a164	6d99	c.lui	x27,0x6	 x27=0x00006000
      607875000	     30292	8000a166	a3a68b93	addi	x23,x13,-1478	 x13:0x00001002 x23=0x00000a3c
      607915000	     30294	8000a16a	029451b3	divu	x3,x8,x9	  x8:0x01000000  x9:0x00000000  x3=0xffffffff
      608655000	     30331	8000a16e	023e6bb3	rem	x23,x28,x3	 x28:0xffffffff  x3:0xffffffff x23=0x00000000
      608675000	     30332	8000a172	01436033	or	x0,x6,x20	  x6:0x00000001 x20:0x00000017  x0=0x00000000
      608695000	     30333	8000a176	009a75b3	and	x11,x20,x9	 x20:0x00000017  x9:0x00000000 x11=0x00000000
      608715000	     30334	8000a17a	010361b3	or	x3,x6,x16	  x6:0x00000001 x16:0x00000000  x3=0x00000001
      608735000	     30335	8000a17e	0001	c.addi	x0,0	  x0:0x00000000  x0=0x00000000
      608755000	     30336	8000a180	0001	c.addi	x0,0	  x0:0x00000000  x0=0x00000000
      608775000	     30337	8000a182	012a5e63	bge	x20,x18,8000a19e	 x20:0x00000017 x18:0x0001a000
      608935000	     30345	8000a186	00896433	or	x8,x18,x8	 x18:0x0001a000  x8:0x01000000  x8=0x0101a000
      609075000	     30352	8000a18a	41e7de33	sra	x28,x15,x30	 x15:0x00000412 x30:0x00000006 x28=0x00000010
      609255000	     30361	8000a18e	183df813	andi	x16,x27,387	 x27:0x00006000 x16=0x00000000
      609275000	     30362	8000a192	eb82e813	ori	x16,x5,-328	  x5:0x00000000 x16=0xfffffeb8
      609295000	     30363	8000a196	8f21	c.xor	x14,x8	 x14:0x00000001  x8:0x0101a000 x14=0x0101a001
      609315000	     30364	8000a198	9ef6	c.add	x29,x29	 x29:0x0000007e x29:0x0000007e x29=0x000000fc
      609715000	     30384	8000a19a	00174633	xor	x12,x14,x1	 x14:0x0101a001  x1:0x00000015 x12=0x0101a014
      609835000	     30390	8000a19e	1dd99637	lui	x12,0x1dd99	 x12=0x1dd99000
      609855000	     30391	8000a1a2	68c9	c.lui	x17,0x12	 x17=0x00012000
      609935000	     30395	8000a1a4	41005593	srai	x11,x0,0x10	  x0:0x00000000 x11=0x00000000
      610675000	     30432	8000a1a8	02ab5233	divu	x4,x22,x10	 x22:0x00000000 x10:0x00000272  x4=0x00000000
      610695000	     30433	8000a1ac	f2f4df97	auipc	x31,0xf2f4d	 x31=0x72f571ac
      610715000	     30434	8000a1b0	0ff0000f	fence	iorw,iorw	
      610795000	     30438	8000a1b4	8e5d	c.or	x12,x15	 x12:0x1dd99000 x15:0x00000412 x12=0x1dd99412
      611095000	     30453	8000a1b6	029f1e63	bne	x30,x9,8000a1f2	 x30:0x00000006  x9:0x00000000
      612075000	     30502	8000a1f2	34002bf3	csrrs	x23,mscratch,x0	  x0:0x00000000 x23=0x00000000
      612095000	     30503	8000a1f6	01d8c563	blt	x17,x29,8000a200	 x17:0x00012000 x29:0x000000fc
      612275000	     30512	8000a1fa	34076b73	csrrsi	x22,mscratch,14	 x22=0x00000000
      612295000	     30513	8000a1fe	0872	c.slli	x16,0x1c	 x16:0xfffffeb8 x16=0x80000000
      612315000	     30514	8000a200	472e8193	addi	x3,x29,1138	 x29:0x000000fc  x3=0x0000056e
      613215000	     30559	8000a204	02d745b3	div	x11,x14,x13	 x14:0x0101a001 x13:0x00001002 x11=0x00001017
      629795000	     31388	8000a208	0135ce33	xor	x28,x11,x19	 x11:0x00001017 x19:0x80021e0c x28=0x80020e1b
      629815000	     31389	8000a20c	40375bb3	sra	x23,x14,x3	 x14:0x0101a001  x3:0x0000056e x23=0x00000406
      629835000	     31390	8000a210	3406af73	csrrs	x30,mscratch,x13	 x13:0x00001002 x30=0x0000000e
      629855000	     31391	8000a214	1cd5e513	ori	x10,x11,461	 x11:0x00001017 x10=0x000011df
      629875000	     31392	8000a218	41098cb3	sub	x25,x19,x16	 x19:0x80021e0c x16:0x80000000 x25=0x00021e0c
      629895000	     31393	8000a21c	032a04b3	mul	x9,x20,x18	 x20:0x00000017 x18:0x0001a000  x9=0x00256000
      629955000	     31396	8000a220	02415cb3	divu	x25,x2,x4	  x2:0x000000a2  x4:0x00000000 x25=0xffffffff
      630215000	     31409	8000a224	02e61963	bne	x12,x14,8000a256	 x12:0x1dd99412 x14:0x0101a001
      630495000	     31423	8000a256	0001	c.addi	x0,0	  x0:0x00000000  x0=0x00000000
      630535000	     31425	8000a258	34063f73	csrrc	x30,mscratch,x12	 x12:0x1dd99412 x30=0x0000100e
      630555000	     31426	8000a25c	9686	c.add	x13,x1	 x13:0x00001002  x1:0x00000015 x13=0x00001017
      630575000	     31427	8000a25e	8159	c.srli	x10,0x16	 x10:0x000011df x10=0x00000000
      630735000	     31435	8000a260	0000100f	fence.i	
      630975000	     31447	8000a264	8fea	c.mv	x31,x26	  x0:0x00000000 x26:0x80025ce4 x31=0x80025ce4
      631075000	     31452	8000a266	34039873	csrrw	x16,mscratch,x7	  x7:0xfaeb9c09 x16=0x0000000c
      631095000	     31453	8000a26a	01e4cd63	blt	x9,x30,8000a284	  x9:0x00256000 x30:0x0000100e
      631115000	     31454	8000a26e	8aee	c.mv	x21,x27	  x0:0x00000000 x27:0x00006000 x21=0x00006000
      631315000	     31464	8000a270	001631b3	sltu	x3,x12,x1	 x12:0x1dd99412  x1:0x00000015  x3=0x00000000
      631515000	     31474	8000a274	03fea833	mulhsu	x16,x29,x31	 x29:0x000000fc x31:0x80025ce4 x16=0x0000007e
      631535000	     31475	8000a278	0000100f	fence.i	
      631955000	     31496	8000a27c	05864163	blt	x12,x24,8000a2be	 x12:0x1dd99412 x24:0x00000001
      632335000	     31515	8000a280	06d67f13	andi	x30,x12,109	 x12:0x1dd99412 x30=0x00000000
      632355000	     31516	8000a284	8f05	c.sub	x14,x9	 x14:0x0101a001  x9:0x00256000 x14=0x00dc4001
      632395000	     31518	8000a286	400adfb3	sra	x31,x21,x0	 x21:0x00006000  x0:0x00000000 x31=0x00006000
      632415000	     31519	8000a28a	41755c93	srai	x25,x10,0x17	 x10:0x00000000 x25=0x00000000
      632435000	     31520	8000a28e	8211	c.srli	x12,0x4	 x12:0x1dd99412 x12=0x01dd9941
      632455000	     31521	8000a290	6b537493	andi	x9,x6,1717	  x6:0x00000001  x9=0x00000001
      632795000	     31538	8000a294	0ff0000f	fence	iorw,iorw	
      633215000	     31559	8000a298	0b7a3313	sltiu	x6,x20,183	 x20:0x00000017  x6=0x00000001
      633235000	     31560	8000a29c	8d89	c.sub	x11,x10	 x11:0x00001017 x10:0x00000000 x11=0x00001017
      633255000	     31561	8000a29e	616d	c.addi16sp	x2,240	  x2:0x000000a2  x2=0x00000192
      633275000	     31562	8000a2a0	00796663	bltu	x18,x7,8000a2ac	 x18:0x0001a000  x7:0xfaeb9c09
      634155000	     31606	8000a2ac	03795f63	bge	x18,x23,8000a2ea	 x18:0x0001a000 x23:0x00000406
      635055000	     31651	8000a2ea	717d	c.addi16sp	x2,-16	  x2:0x00000192  x2=0x00000182
      635795000	     31688	8000a2ec	03f04b33	div	x22,x0,x31	  x0:0x00000000 x31:0x00006000 x22=0x00000000
      635815000	     31689	8000a2f0	0001	c.addi	x0,0	  x0:0x00000000  x0=0x00000000
      635835000	     31690	8000a2f2	91ea	c.add	x3,x26	  x3:0x00000000 x26:0x80025ce4  x3=0x80025ce4
      635855000	     31691	8000a2f4	caaa3c97	auipc	x25,0xcaaa3	 x25=0x4aaad2f4
      635875000	     31692	8000a2f8	010d2b33	slt	x22,x26,x16	 x26:0x80025ce4 x16:0x0000007e x22=0x00000001
      635895000	     31693	8000a2fc	8fea	c.mv	x31,x26	  x0:0x00000000 x26:0x80025ce4 x31=0x80025ce4
      636775000	     31737	8000a2fe	02f37333	remu	x6,x6,x15	  x6:0x00000001 x15:0x00000412  x6=0x00000001
      636795000	     31738	8000a302	0cc9	c.addi	x25,18	 x25:0x4aaad2f4 x25=0x4aaad306
      636815000	     31739	8000a304	9862	c.add	x16,x24	 x16:0x0000007e x24:0x00000001 x16=0x0000007f
      636835000	     31740	8000a306	df59f113	andi	x2,x19,-523	 x19:0x80021e0c  x2=0x80021c04
      636855000	     31741	8000a30a	015ab5b3	sltu	x11,x21,x21	 x21:0x00006000 x21:0x00006000 x11=0x00000000
      636875000	     31742	8000a30e	0138c263	blt	x17,x19,8000a312	 x17:0x00012000 x19:0x80021e0c
      636895000	     31743	8000a312	0ff0000f	fence	iorw,iorw	
      637335000	     31765	8000a316	34a96b93	ori	x23,x18,842	 x18:0x0001a000 x23=0x0001a34a
      637355000	     31766	8000a31a	340beaf3	csrrsi	x21,mscratch,23	 x21=0xfaeb9c09
      637375000	     31767	8000a31e	c219	c.beqz	x12,8000a324	 x12:0x01dd9941
      638375000	     31817	8000a320	033d4733	div	x14,x26,x19	 x26:0x80025ce4 x19:0x80021e0c x14=0x00000000
      638395000	     31818	8000a324	197d	c.addi	x18,-1	 x18:0x0001a000 x18=0x00019fff
      639135000	     31855	8000a326	02c06533	rem	x10,x0,x12	  x0:0x00000000 x12:0x01dd9941 x10=0x00000000
      639155000	     31856	8000a32a	4011dbb3	sra	x23,x3,x1	  x3:0x80025ce4  x1:0x00000015 x23=0xfffffc00
      639175000	     31857	8000a32e	03bd4263	blt	x26,x27,8000a352	 x26:0x80025ce4 x27:0x00006000
      639295000	     31863	8000a352	2d567e13	andi	x28,x12,725	 x12:0x01dd9941 x28=0x00000041
      639575000	     31877	8000a356	01a3dc13	srli	x24,x7,0x1a	  x7:0xfaeb9c09 x24=0x0000003e
      639595000	     31878	8000a35a	8451	c.srai	x8,0x14	  x8:0x0101a000  x8=0x00000010
      639615000	     31879	8000a35c	7fff6437	lui	x8,0x7fff6	  x8=0x7fff6000
      639835000	     31890	8000a360	8d59	c.or	x10,x14	 x10:0x00000000 x14:0x00000000 x10=0x00000000
      639855000	     31891	8000a362	7c288093	addi	x1,x17,1986	 x17:0x00012000  x1=0x000127c2
      639875000	     31892	8000a366	0ff0000f	fence	iorw,iorw	
      639895000	     31893	8000a36a	01026233	or	x4,x4,x16	  x4:0x00000000 x16:0x0000007f  x4=0x0000007f
      640055000	     31901	8000a36e	03fb8933	mul	x18,x23,x31	 x23:0xfffffc00 x31:0x80025ce4 x18=0xf68c7000
      640075000	     31902	8000a372	6695	c.lui	x13,0x5	 x13=0x00005000
      640935000	     31945	8000a374	03fc7933	remu	x18,x24,x31	 x24:0x0000003e x31:0x80025ce4 x18=0x0000003e
      640955000	     31946	8000a378	717d	c.addi16sp	x2,-16	  x2:0x80021c04  x2=0x80021bf4
      640975000	     31947	8000a37a	00bea933	slt	x18,x29,x11	 x29:0x000000fc x11:0x00000000 x18=0x00000000
      641715000	     31984	8000a37e	03997433	remu	x8,x18,x25	 x18:0x00000000 x25:0x4aaad306  x8=0x00000000
      641735000	     31985	8000a382	4729f013	andi	x0,x19,1138	 x19:0x80021e0c  x0=0x00000000
      641755000	     31986	8000a386	0e32	c.slli	x28,0xc	 x28:0x00000041 x28=0x00041000
      641775000	     31987	8000a388	4c31f113	andi	x2,x3,1219	  x3:0x80025ce4  x2=0x000004c0
      641795000	     31988	8000a38c	1794	c.addi4spn	x13,x2,992	 x13=0x000008a0
      641815000	     31989	8000a38e	8886	c.mv	x17,x1	  x0:0x00000000  x1:0x000127c2 x17=0x000127c2
      641835000	     31990	8000a390	00a68f33	add	x30,x13,x10	 x13:0x000008a0 x10:0x00000000 x30=0x000008a0
      641855000	     31991	8000a394	0ff0000f	fence	iorw,iorw	
      641955000	     31996	8000a398	00adf6b3	and	x13,x27,x10	 x27:0x00006000 x10:0x00000000 x13=0x00000000
      642375000	     32017	8000a39c	1e7d	c.addi	x28,-1	 x28:0x00041000 x28=0x00040fff
      642395000	     32018	8000a39e	ee85	c.bnez	x13,8000a3d6	 x13:0x00000000
      642515000	     32024	8000a3a0	04ca4363	blt	x20,x12,8000a3e6	 x20:0x00000017 x12:0x01dd9941
      643255000	     32061	8000a3e6	aab37293	andi	x5,x6,-1365	  x6:0x00000001  x5=0x00000001
      643275000	     32062	8000a3ea	01df10b3	sll	x1,x30,x29	 x30:0x000008a0 x29:0x000000fc  x1=0x00000000
      643395000	     32068	8000a3ee	01ced2b3	srl	x5,x29,x28	 x29:0x000000fc x28:0x00040fff  x5=0x00000000
      643575000	     32077	8000a3f2	02168db3	mul	x27,x13,x1	 x13:0x00000000  x1:0x00000000 x27=0x00000000
      644315000	     32114	8000a3f6	03815833	divu	x16,x2,x24	  x2:0x000004c0 x24:0x0000003e x16=0x00000013
      644335000	     32115	8000a3fa	01854233	xor	x4,x10,x24	 x10:0x00000000 x24:0x0000003e  x4=0x0000003e
      644355000	     32116	8000a3fe	e3b1	c.bnez	x15,8000a442	 x15:0x00000412
      644615000	     32129	8000a442	717d	c.addi16sp	x2,-16	  x2:0x000004c0  x2=0x000004b0
      645035000	     32150	8000a444	e009	c.bnez	x8,8000a446	  x8:0x00000000
      645055000	     32151	8000a446	011c6a33	or	x20,x24,x17	 x24:0x0000003e x17:0x000127c2 x20=0x000127fe
      645075000	     32152	8000a44a	40b95313	srai	x6,x18,0xb	 x18:0x00000000  x6=0x00000000
      645095000	     32153	8000a44e	8711	c.srai	x14,0x4	 x14:0x00000000 x14=0x00000000
      645435000	     32170	8000a450	8d51	c.or	x10,x12	 x10:0x00000000 x12:0x01dd9941 x10=0x01dd9941
      645455000	     32171	8000a452	01ca02b3	add	x5,x20,x28	 x20:0x000127fe x28:0x00040fff  x5=0x000537fd
      645475000	     32172	8000a456	94c2	c.add	x9,x16	  x9:0x00000001 x16:0x00000013  x9=0x00000014
      645495000	     32173	8000a458	01376463	bltu	x14,x19,8000a460	 x14:0x00000000 x19:0x80021e0c
      645575000	     32177	8000a460	e78d	c.bnez	x15,8000a48a	 x15:0x00000412
      645855000	     32191	8000a48a	0317beb3	mulhu	x29,x15,x17	 x15:0x00000412 x17:0x000127c2 x29=0x00000000
      645875000	     32192	8000a48e	03414b63	blt	x2,x20,8000a4c4	  x2:0x000004b0 x20:0x000127fe
      646635000	     32230	8000a4c4	8021	c.srli	x8,0x8	  x8:0x00000000  x8=0x00000000
      647075000	     32252	8000a4c6	002d3cb3	sltu	x25,x26,x2	 x26:0x80025ce4  x2:0x000004b0 x25=0x00000000
      647175000	     32257	8000a4ca	005bec63	bltu	x23,x5,8000a4e2	 x23:0xfffffc00  x5:0x000537fd
      647595000	     32278	8000a4ce	01217433	and	x8,x2,x18	  x2:0x000004b0 x18:0x00000000  x8=0x00000000
      647615000	     32279	8000a4d2	8f65	c.and	x14,x9	 x14:0x00000000  x9:0x00000014 x14=0x00000000
      647675000	     32282	8000a4d4	3403d7f3	csrrwi	x15,mscratch,7	 x15=0xfaeb9c1f
      648095000	     32303	8000a4d8	00b31c13	slli	x24,x6,0xb	  x6:0x00000000 x24=0x00000000
      648135000	     32305	8000a4dc	0000100f	fence.i	
      648535000	     32325	8000a4e0	9aee	c.add	x21,x27	 x21:0xfaeb9c09 x27:0x00000000 x21=0xfaeb9c09
      648955000	     32346	8000a4e2	001012b3	sll	x5,x0,x1	  x0:0x00000000  x1:0x00000000  x5=0x00000000
      648975000	     32347	8000a4e6	00ebc4b3	xor	x9,x23,x14	 x23:0xfffffc00 x14:0x00000000  x9=0xfffffc00
      648995000	     32348	8000a4ea	0665	c.addi	x12,25	 x12:0x01dd9941 x12=0x01dd995a
      649035000	     32350	8000a4ec	019d9b93	slli	x23,x27,0x19	 x27:0x00000000 x23=0x00000000
      649215000	     32359	8000a4f0	8ebe	c.mv	x29,x15	  x0:0x00000000 x15:0xfaeb9c1f x29=0xfaeb9c1f
      649235000	     32360	8000a4f2	40c2db33	sra	x22,x5,x12	  x5:0x00000000 x12:0x01dd995a x22=0x00000000
      649255000	     32361	8000a4f6	83dd	c.srli	x15,0x17	 x15:0xfaeb9c1f x15=0x000001f5
      649655000	     32381	8000a4f8	e219	c.bnez	x12,8000a4fe	 x12:0x01dd995a
      650575000	     32427	8000a4fe	9e757313	andi	x6,x10,-1561	 x10:0x01dd9941  x6=0x01dd9941
      650595000	     32428	8000a502	0053ceb3	xor	x29,x7,x5	  x7:0xfaeb9c09  x5:0x00000000 x29=0xfaeb9c09
      650655000	     32431	8000a506	012b6133	or	x2,x22,x18	 x22:0x00000000 x18:0x00000000  x2=0x00000000
      650795000	     32438	8000a50a	031fc863	blt	x31,x17,8000a53a	 x31:0x80025ce4 x17:0x000127c2
      651495000	     32473	8000a53a	02de4833	div	x16,x28,x13	 x28:0x00040fff x13:0x00000000 x16=0xffffffff
      653535000	     32575	8000a53e	018e8563	beq	x29,x24,8000a548	 x29:0xfaeb9c09 x24:0x00000000
      653555000	     32576	8000a542	010a1813	slli	x16,x20,0x10	 x20:0x000127fe x16=0x27fe0000
      653575000	     32577	8000a546	8535	c.srai	x10,0xd	 x10:0x01dd9941 x10=0x00000eec
      653595000	     32578	8000a548	340e11f3	csrrw	x3,mscratch,x28	 x28:0x00040fff  x3=0x00000007
      653615000	     32579	8000a54c	613d	c.addi16sp	x2,480	  x2:0x00000000  x2=0x000001e0
      653635000	     32580	8000a54e	0001	c.addi	x0,0	  x0:0x00000000  x0=0x00000000
      653655000	     32581	8000a550	01f34863	blt	x6,x31,8000a560	  x6:0x01dd9941 x31:0x80025ce4
      653675000	     32582	8000a554	018721b3	slt	x3,x14,x24	 x14:0x00000000 x24:0x00000000  x3=0x00000000
      653735000	     32585	8000a558	002538b3	sltu	x17,x10,x2	 x10:0x00000eec  x2:0x000001e0 x17=0x00000000
      653755000	     32586	8000a55c	402e8133	sub	x2,x29,x2	 x29:0xfaeb9c09  x2:0x000001e0  x2=0xfaeb9a29
      653775000	     32587	8000a560	3406a873	csrrs	x16,mscratch,x13	 x13:0x00000000 x16=0x00040fff
      653795000	     32588	8000a564	ad333c13	sltiu	x24,x6,-1325	  x6:0x01dd9941 x24=0x00000001
      653815000	     32589	8000a568	17fd	c.addi	x15,-1	 x15:0x000001f5 x15=0x000001f4
      653835000	     32590	8000a56a	340a1c73	csrrw	x24,mscratch,x20	 x20:0x000127fe x24=0x00040fff
      653875000	     32592	8000a56e	34007cf3	csrrci	x25,mscratch,0	 x25=0x000127fe
      654375000	     32617	8000a572	00e54333	xor	x6,x10,x14	 x10:0x00000eec x14:0x00000000  x6=0x00000eec
      654395000	     32618	8000a576	9a7d	c.andi	x12,-1	 x12:0x01dd995a x12=0x01dd995a
      654415000	     32619	8000a578	7b90fd93	andi	x27,x1,1977	  x1:0x00000000 x27=0x00000000
      654515000	     32624	8000a57c	0500	c.addi4spn	x8,x2,640	  x8=0xfaeb9ca9
      654595000	     32628	8000a57e	032db2b3	mulhu	x5,x27,x18	 x27:0x00000000 x18:0x00000000  x5=0x00000000
      654975000	     32647	8000a582	41c8d333	sra	x6,x17,x28	 x17:0x00000000 x28:0x00040fff  x6=0x00000000
      654995000	     32648	8000a586	87fd	c.srai	x15,0x1f	 x15:0x000001f4 x15=0x00000000
      655115000	     32654	8000a588	8c95	c.sub	x9,x13	  x9:0xfffffc00 x13:0x00000000  x9=0xfffffc00
      655195000	     32658	8000a58a	340cdc73	csrrwi	x24,mscratch,25	 x24=0x000127fe
      655315000	     32664	8000a58e	340065f3	csrrsi	x11,mscratch,0	 x11=0x00000019
      655515000	     32674	8000a592	41725f93	srai	x31,x4,0x17	  x4:0x0000003e x31=0x00000000
      655535000	     32675	8000a596	32126337	lui	x6,0x32126	  x6=0x32126000
      656675000	     32732	8000a59a	034beb33	rem	x22,x23,x20	 x23:0x00000000 x20:0x000127fe x22=0x00000000
      656695000	     32733	8000a59e	00b38e33	add	x28,x7,x11	  x7:0xfaeb9c09 x11:0x00000019 x28=0xfaeb9c22
      656715000	     32734	8000a5a2	8cb9	c.xor	x9,x14	  x9:0xfffffc00 x14:0x00000000  x9=0xfffffc00
      656735000	     32735	8000a5a4	0c94	c.addi4spn	x13,x2,592	 x13=0xfaeb9c79
      656775000	     32737	8000a5a6	029d2133	mulhsu	x2,x26,x9	 x26:0x80025ce4  x9:0xfffffc00  x2=0x80025ee3
      656795000	     32738	8000a5aa	34006673	csrrsi	x12,mscratch,0	 x12=0x00000019
      656815000	     32739	8000a5ae	03a18f63	beq	x3,x26,8000a5ec	  x3:0x00000000 x26:0x80025ce4
      656835000	     32740	8000a5b2	011bde13	srli	x28,x23,0x11	 x23:0x00000000 x28=0x00000000
      656855000	     32741	8000a5b6	0001	c.addi	x0,0	  x0:0x00000000  x0=0x00000000
      656935000	     32745	8000a5b8	02314233	div	x4,x2,x3	  x2:0x80025ee3  x3:0x00000000  x4=0xffffffff
      657295000	     32763	8000a5bc	987a6a13	ori	x20,x20,-1657	 x20:0x000127fe x20=0xffffffff
      657335000	     32765	8000a5c0	035f3a33	mulhu	x20,x30,x21	 x30:0x000008a0 x21:0xfaeb9c09 x20=0x00000874
      657455000	     32771	8000a5c4	0ff0000f	fence	iorw,iorw	
      657515000	     32774	8000a5c8	00634fb3	xor	x31,x6,x6	  x6:0x32126000  x6:0x32126000 x31=0x00000000
      657555000	     32776	8000a5cc	03f7e833	rem	x16,x15,x31	 x15:0x00000000 x31:0x00000000 x16=0x00000000
      657575000	     32777	8000a5d0	0001	c.addi	x0,0	  x0:0x00000000  x0=0x00000000
      657595000	     32778	8000a5d2	8c6d	c.and	x8,x11	  x8:0xfaeb9ca9 x11:0x00000019  x8=0x00000009
      657735000	     32785	8000a5d4	039aa0b3	mulhsu	x1,x21,x25	 x21:0xfaeb9c09 x25:0x000127fe  x1=0xfffffa20
      657915000	     32794	8000a5d8	34003b73	csrrc	x22,mscratch,x0	  x0:0x00000000 x22=0x00000019
      657935000	     32795	8000a5dc	6141	c.addi16sp	x2,16	  x2:0x80025ee3  x2=0x80025ef3
      658355000	     32816	8000a5de	01864233	xor	x4,x12,x24	 x12:0x00000019 x24:0x000127fe  x4=0x000127e7
      658375000	     32817	8000a5e2	8e09	c.sub	x12,x10	 x12:0x00000019 x10:0x00000eec x12=0xfffff12d
      658395000	     32818	8000a5e4	9a4e	c.add	x20,x19	 x20:0x00000874 x19:0x80021e0c x20=0x80022680
      658415000	     32819	8000a5e6	02dc0c63	beq	x24,x13,8000a61e	 x24:0x000127fe x13:0xfaeb9c79
      658435000	     32820	8000a5ea	9afd	c.andi	x13,-1	 x13:0xfaeb9c79 x13=0xfaeb9c79
      659175000	     32857	8000a5ec	03abdab3	divu	x21,x23,x26	 x23:0x00000000 x26:0x80025ce4 x21=0x00000000
      659195000	     32858	8000a5f0	78690f13	addi	x30,x18,1926	 x18:0x00000000 x30=0x00000786
      659215000	     32859	8000a5f4	8f59	c.or	x14,x14	 x14:0x00000000 x14:0x00000000 x14=0x00000000
      659255000	     32861	8000a5f6	03202633	mulhsu	x12,x0,x18	  x0:0x00000000 x18:0x00000000 x12=0x00000000
      659275000	     32862	8000a5fa	340ed4f3	csrrwi	x9,mscratch,29	  x9=0x00000019
      659295000	     32863	8000a5fe	01a431b3	sltu	x3,x8,x26	  x8:0x00000009 x26:0x80025ce4  x3=0x00000001
      660035000	     32900	8000a602	022fc933	div	x18,x31,x2	 x31:0x00000000  x2:0x80025ef3 x18=0x00000000
      660055000	     32901	8000a606	ed81	c.bnez	x11,8000a61e	 x11:0x00000019
      660575000	     32927	8000a61e	6aa1	c.lui	x21,0x8	 x21=0x00008000
      660675000	     32932	8000a620	0001	c.addi	x0,0	  x0:0x00000000  x0=0x00000000
      660695000	     32933	8000a622	01bdff63	bgeu	x27,x27,8000a640	 x27:0x00000000 x27:0x00000000
      661035000	     32950	8000a640	ca85	c.beqz	x13,8000a670	 x13:0xfaeb9c79
      661055000	     32951	8000a642	34002a73	csrrs	x20,mscratch,x0	  x0:0x00000000 x20=0x0000001d
      661795000	     32988	8000a646	02d5c233	div	x4,x11,x13	 x11:0x00000019 x13:0xfaeb9c79  x4=0x00000000
      661815000	     32989	8000a64a	c698e737	lui	x14,0xc698e	 x14=0xc698e000
      661835000	     32990	8000a64e	009aadb3	slt	x27,x21,x9	 x21:0x00008000  x9:0x00000019 x27=0x00000000
      661875000	     32992	8000a652	039618b3	mulh	x17,x12,x25	 x12:0x00000000 x25:0x000127fe x17=0x00000000
      661895000	     32993	8000a656	00e19c33	sll	x24,x3,x14	  x3:0x00000001 x14:0xc698e000 x24=0x00000001
      661915000	     32994	8000a65a	033d6663	bltu	x26,x19,8000a686	 x26:0x80025ce4 x19:0x80021e0c
      661935000	     32995	8000a65e	8c15	c.sub	x8,x13	  x8:0x00000009 x13:0xfaeb9c79  x8=0x05146390
      662315000	     33014	8000a660	2877ee93	ori	x29,x15,647	 x15:0x00000000 x29=0x00000287
      662355000	     33016	8000a664	93563893	sltiu	x17,x12,-1739	 x12:0x00000000 x17=0x00000001
      662435000	     33020	8000a668	413451b3	sra	x3,x8,x19	  x8:0x05146390 x19:0x80021e0c  x3=0x00005146
      662455000	     33021	8000a66c	34003e73	csrrc	x28,mscratch,x0	  x0:0x00000000 x28=0x0000001d
      662475000	     33022	8000a670	341d0893	addi	x17,x26,833	 x26:0x80025ce4 x17=0x80026025
      662495000	     33023	8000a674	41f6d4b3	sra	x9,x13,x31	 x13:0xfaeb9c79 x31:0x00000000  x9=0xfaeb9c79
      662995000	     33048	8000a678	8011	c.srli	x8,0x4	  x8:0x05146390  x8=0x00514639
      663055000	     33051	8000a67a	02f841b3	div	x3,x16,x15	 x16:0x00000000 x15:0x00000000  x3=0xffffffff
      663075000	     33052	8000a67e	03e46063	bltu	x8,x30,8000a69e	  x8:0x00514639 x30:0x00000786
      663475000	     33072	8000a682	00ae1433	sll	x8,x28,x10	 x28:0x0000001d x10:0x00000eec  x8=0x0001d000
      663495000	     33073	8000a686	01610a63	beq	x2,x22,8000a69a	  x2:0x80025ef3 x22:0x00000019
      663535000	     33075	8000a68a	032068b3	rem	x17,x0,x18	  x0:0x00000000 x18:0x00000000 x17=0x00000000
      663935000	     33095	8000a68e	413d56b3	sra	x13,x26,x19	 x26:0x80025ce4 x19:0x80021e0c x13=0xfff80025
      663955000	     33096	8000a692	78d9e413	ori	x8,x19,1933	 x19:0x80021e0c  x8=0x80021f8d
      663975000	     33097	8000a696	40e65033	sra	x0,x12,x14	 x12:0x00000000 x14:0xc698e000  x0=0x00000000
      663995000	     33098	8000a69a	340aacf3	csrrs	x25,mscratch,x21	 x21:0x00008000 x25=0x0000001d
      664055000	     33101	8000a69e	340b7473	csrrci	x8,mscratch,22	  x8=0x0000801d
      664475000	     33122	8000a6a2	017daab3	slt	x21,x27,x23	 x27:0x00000000 x23:0x00000000 x21=0x00000000
      664495000	     33123	8000a6a6	db5be013	ori	x0,x23,-587	 x23:0x00000000  x0=0x00000000
      664795000	     33138	8000a6aa	3408fbf3	csrrci	x23,mscratch,17	 x23=0x00008009
      664835000	     33140	8000a6ae	02ce2b33	mulhsu	x22,x28,x12	 x28:0x0000001d x12:0x00000000 x22=0x00000000
      664875000	     33142	8000a6b2	039592b3	mulh	x5,x11,x25	 x11:0x00000019 x25:0x0000001d  x5=0x00000000
      665035000	     33150	8000a6b6	01368263	beq	x13,x19,8000a6ba	 x13:0xfff80025 x19:0x80021e0c
      665055000	     33151	8000a6ba	340074f3	csrrci	x9,mscratch,0	  x9=0x00008008
      665075000	     33152	8000a6be	84bd	c.srai	x9,0xf	  x9:0x00008008  x9=0x00000001
      665115000	     33154	8000a6c0	41e38333	sub	x6,x7,x30	  x7:0xfaeb9c09 x30:0x00000786  x6=0xfaeb9483
      665155000	     33156	8000a6c4	340066f3	csrrsi	x13,mscratch,0	 x13=0x00008008
      665215000	     33159	8000a6c8	02b8d063	bge	x17,x11,8000a6e8	 x17:0x00000000 x11:0x00000019
      666355000	     33216	8000a6cc	02855c33	divu	x24,x10,x8	 x10:0x00000eec  x8:0x0000801d x24=0x00000000
      666375000	     33217	8000a6d0	01d4ba33	sltu	x20,x9,x29	  x9:0x00000001 x29:0x00000287 x20=0x00000001
      666395000	     33218	8000a6d4	8122	c.mv	x2,x8	  x0:0x00000000  x8:0x0000801d  x2=0x0000801d
      666415000	     33219	8000a6d6	870e	c.mv	x14,x3	  x0:0x00000000  x3:0xffffffff x14=0xffffffff
      666455000	     33221	8000a6d8	03e33833	mulhu	x16,x6,x30	  x6:0xfaeb9483 x30:0x00000786 x16=0x0000075f
      666495000	     33223	8000a6dc	039b3b33	mulhu	x22,x22,x25	 x22:0x00000000 x25:0x0000001d x22=0x00000000
      666515000	     33224	8000a6e0	b0ea6793	ori	x15,x20,-1266	 x20:0x00000001 x15=0xfffffb0f
      666535000	     33225	8000a6e4	49fbfa93	andi	x21,x23,1183	 x23:0x00008009 x21=0x00000009
      666595000	     33228	8000a6e8	9bfd	c.andi	x15,-1	 x15:0xfffffb0f x15=0xfffffb0f
      666615000	     33229	8000a6ea	0001	c.addi	x0,0	  x0:0x00000000  x0=0x00000000
      666635000	     33230	8000a6ec	40e85b13	srai	x22,x16,0xe	 x16:0x0000075f x22=0x00000000
      666655000	     33231	8000a6f0	b9978c17	auipc	x24,0xb9978	 x24=0x399826f0
      666715000	     33234	8000a6f4	02281833	mulh	x16,x16,x2	 x16:0x0000075f  x2:0x0000801d x16=0x00000000
      666855000	     33241	8000a6f8	1aa78513	addi	x10,x15,426	 x15:0xfffffb0f x10=0xfffffcb9
      666875000	     33242	8000a6fc	0080	c.addi4spn	x8,x2,64	  x8=0x0000805d
      667255000	     33261	8000a6fe	34006ef3	csrrsi	x29,mscratch,0	 x29=0x00008008
      667595000	     33278	8000a702	03e93533	mulhu	x10,x18,x30	 x18:0x00000000 x30:0x00000786 x10=0x00000000
      667615000	     33279	8000a706	8cd1	c.or	x9,x12	  x9:0x00000001 x12:0x00000000  x9=0x00000001
      667635000	     33280	8000a708	5b7d	c.li	x22,-1	 x22=0xffffffff
      667655000	     33281	8000a70a	8f4d	c.or	x14,x11	 x14:0xffffffff x11:0x00000019 x14=0xffffffff
      667675000	     33282	8000a70c	03710133	mul	x2,x2,x23	  x2:0x0000801d x23:0x00008009  x2=0x40130105
      667755000	     33286	8000a710	03723c33	mulhu	x24,x4,x23	  x4:0x00000000 x23:0x00008009 x24=0x00000000
      667875000	     33292	8000a714	00b85813	srli	x16,x16,0xb	 x16:0x00000000 x16=0x00000000
      668175000	     33307	8000a718	01d85f93	srli	x31,x16,0x1d	 x16:0x00000000 x31=0x00000000
      668235000	     33310	8000a71c	e2432e93	slti	x29,x6,-476	  x6:0xfaeb9483 x29=0x00000001
      668655000	     33331	8000a720	00d5feb3	and	x29,x11,x13	 x11:0x00000019 x13:0x00008008 x29=0x00000008
      668755000	     33336	8000a724	6da1	c.lui	x27,0x8	 x27=0x00008000
      669175000	     33357	8000a726	0263fc63	bgeu	x7,x6,8000a75e	  x7:0xfaeb9c09  x6:0xfaeb9483
      669895000	     33393	8000a75e	8311	c.srli	x14,0x4	 x14:0xffffffff x14=0x0fffffff
      670095000	     33403	8000a760	02899333	mulh	x6,x19,x8	 x19:0x80021e0c  x8:0x0000805d  x6=0xffffbfd2
      670195000	     33408	8000a764	ca01	c.beqz	x12,8000a774	 x12:0x00000000
      670635000	     33430	8000a774	62a1	c.lui	x5,0x8	  x5=0x00008000
      671075000	     33452	8000a776	02e17263	bgeu	x2,x14,8000a79a	  x2:0x40130105 x14:0x0fffffff
      672235000	     33510	8000a79a	00b55a13	srli	x20,x10,0xb	 x10:0x00000000 x20=0x00000000
      672255000	     33511	8000a79e	c089	c.beqz	x9,8000a7a0	  x9:0x00000001
      672275000	     33512	8000a7a0	02114f63	blt	x2,x1,8000a7de	  x2:0x40130105  x1:0xfffffa20
      672295000	     33513	8000a7a4	44bb3b13	sltiu	x22,x22,1099	 x22:0xffffffff x22=0x00000000
      672315000	     33514	8000a7a8	023d8233	mul	x4,x27,x3	 x27:0x00008000  x3:0xffffffff  x4=0xffff8000
      672335000	     33515	8000a7ac	007b3933	sltu	x18,x22,x7	 x22:0x00000000  x7:0xfaeb9c09 x18=0x00000001
      672515000	     33524	8000a7b0	57fd	c.li	x15,-1	 x15=0xffffffff
      672555000	     33526	8000a7b2	340b9df3	csrrw	x27,mscratch,x23	 x23:0x00008009 x27=0x00008008
      672595000	     33528	8000a7b6	00895533	srl	x10,x18,x8	 x18:0x00000001  x8:0x0000805d x10=0x00000000
      672835000	     33540	8000a7ba	02a15ab3	divu	x21,x2,x10	  x2:0x40130105 x10:0x00000000 x21=0xffffffff
      672915000	     33544	8000a7be	0376b233	mulhu	x4,x13,x23	 x13:0x00008008 x23:0x00008009  x4=0x00000000
      673295000	     33563	8000a7c2	340b5c73	csrrwi	x24,mscratch,22	 x24=0x00008009
      673315000	     33564	8000a7c6	416d0033	sub	x0,x26,x22	 x26:0x80025ce4 x22:0x00000000  x0=0x00000000
      674055000	     33601	8000a7ca	022447b3	div	x15,x8,x2	  x8:0x0000805d  x2:0x40130105 x15=0x00000000
      674075000	     33602	8000a7ce	01201563	bne	x0,x18,8000a7d8	  x0:0x00000000 x18:0x00000001
      674115000	     33604	8000a7d8	c68d	c.beqz	x13,8000a802	 x13:0x00008008
      674135000	     33605	8000a7da	01070033	add	x0,x14,x16	 x14:0x0fffffff x16:0x00000000  x0=0x00000000
      674155000	     33606	8000a7de	d042b013	sltiu	x0,x5,-764	  x5:0x00008000  x0=0x00000000
      674195000	     33608	8000a7e2	02fd9f33	mulh	x30,x27,x15	 x27:0x00008008 x15:0x00000000 x30=0x00000000
      674555000	     33626	8000a7e6	cde1ae13	slti	x28,x3,-802	  x3:0xffffffff x28=0x00000000
      674575000	     33627	8000a7ea	340cb7f3	csrrc	x15,mscratch,x25	 x25:0x0000001d x15=0x00000016
      674595000	     33628	8000a7ee	187d	c.addi	x16,-1	 x16:0x00000000 x16=0xffffffff
      674995000	     33648	8000a7f0	3035e213	ori	x4,x11,771	 x11:0x00000019  x4=0x0000031b
      675015000	     33649	8000a7f4	00510363	beq	x2,x5,8000a7fa	  x2:0x40130105  x5:0x00008000
      675075000	     33652	8000a7f8	8e01	c.sub	x12,x8	 x12:0x00000000  x8:0x0000805d x12=0xffff7fa3
      675835000	     33690	8000a7fa	032f4733	div	x14,x30,x18	 x30:0x00000000 x18:0x00000001 x14=0x00000000
      675855000	     33691	8000a7fe	431065b7	lui	x11,0x43106	 x11=0x43106000
      675875000	     33692	8000a802	1ee4cf13	xori	x30,x9,494	  x9:0x00000001 x30=0x000001ef
      675895000	     33693	8000a806	030b4e63	blt	x22,x16,8000a842	 x22:0x00000000 x16:0xffffffff
      675915000	     33694	8000a80a	15fd	c.addi	x11,-1	 x11:0x43106000 x11=0x43105fff
      675935000	     33695	8000a80c	0001	c.addi	x0,0	  x0:0x00000000  x0=0x00000000
      675955000	     33696	8000a80e	3407a573	csrrs	x10,mscratch,x15	 x15:0x00000016 x10=0x00000002
      675975000	     33697	8000a812	019e7433	and	x8,x28,x25	 x28:0x00000000 x25:0x0000001d  x8=0x00000000
      675995000	     33698	8000a816	86ed	c.srai	x13,0x1b	 x13:0x00008008 x13=0x00000000
      676015000	     33699	8000a818	00905563	bge	x0,x9,8000a822	  x0:0x00000000  x9:0x00000001
      676175000	     33707	8000a81c	8c89	c.sub	x9,x10	  x9:0x00000001 x10:0x00000002  x9=0xffffffff
      676435000	     33720	8000a81e	02fe9733	mulh	x14,x29,x15	 x29:0x00000008 x15:0x00000016 x14=0x00000000
      676455000	     33721	8000a822	01d33733	sltu	x14,x6,x29	  x6:0xffffbfd2 x29:0x00000008 x14=0x00000000
      676475000	     33722	8000a826	e08d	c.bnez	x9,8000a848	  x9:0xffffffff
      677495000	     33773	8000a848	00fe1c93	slli	x25,x28,0xf	 x28:0x00000000 x25=0x00000000
      677595000	     33778	8000a84c	01156633	or	x12,x10,x17	 x10:0x00000002 x17:0x00000000 x12=0x00000002
      684715000	     34134	8000a850	81f6	c.mv	x3,x29	  x0:0x00000000 x29:0x00000008  x3=0x00000008
      684735000	     34135	8000a852	01135663	bge	x6,x17,8000a85e	  x6:0xffffbfd2 x17:0x00000000
      684755000	     34136	8000a856	028f81b3	mul	x3,x31,x8	 x31:0x00000000  x8:0x00000000  x3=0x00000000
      684775000	     34137	8000a85a	00bfdb63	bge	x31,x11,8000a870	 x31:0x00000000 x11:0x43105fff
      684795000	     34138	8000a85e	0bf7a193	slti	x3,x15,191	 x15:0x00000016  x3=0x00000001
      684815000	     34139	8000a862	34006273	csrrsi	x4,mscratch,0	  x4=0x00000016
      684835000	     34140	8000a866	0001	c.addi	x0,0	  x0:0x00000000  x0=0x00000000
      684855000	     34141	8000a868	01e95913	srli	x18,x18,0x1e	 x18:0x00000001 x18=0x00000000
      685035000	     34150	8000a86c	0ccd	c.addi	x25,19	 x25:0x00000000 x25=0x00000013
      685055000	     34151	8000a86e	0b6a	c.slli	x22,0x1a	 x22:0x00000000 x22=0x00000000
      685455000	     34171	8000a870	d2fabd93	sltiu	x27,x21,-721	 x21:0xffffffff x27=0x00000000
      685475000	     34172	8000a874	08d70793	addi	x15,x14,141	 x14:0x00000000 x15=0x0000008d
      685495000	     34173	8000a878	340e78f3	csrrci	x17,mscratch,28	 x17=0x00000016
      685535000	     34175	8000a87c	0253a4b3	mulhsu	x9,x7,x5	  x7:0xfaeb9c09  x5:0x00008000  x9=0xfffffd75
      685555000	     34176	8000a880	01bc6e63	bltu	x24,x27,8000a89c	 x24:0x00008009 x27:0x00000000
      685795000	     34188	8000a884	48a1	c.li	x17,8	 x17=0x00000008
      685815000	     34189	8000a886	005eab33	slt	x22,x29,x5	 x29:0x00000008  x5:0x00008000 x22=0x00000001
      685835000	     34190	8000a88a	ecb2b293	sltiu	x5,x5,-309	  x5:0x00008000  x5=0x00000001
      685855000	     34191	8000a88e	8ea9	c.xor	x13,x10	 x13:0x00000000 x10:0x00000002 x13=0x00000002
      685915000	     34194	8000a890	010e1833	sll	x16,x28,x16	 x28:0x00000000 x16:0xffffffff x16=0x00000000
      685935000	     34195	8000a894	8783e713	ori	x14,x7,-1928	  x7:0xfaeb9c09 x14=0xfffffc79
      685955000	     34196	8000a898	0000100f	fence.i	
      686915000	     34244	8000a89c	039541b3	div	x3,x10,x25	 x10:0x00000002 x25:0x00000013  x3=0x00000000
      686935000	     34245	8000a8a0	8726	c.mv	x14,x9	  x0:0x00000000  x9:0xfffffd75 x14=0xfffffd75
      686955000	     34246	8000a8a2	8115	c.srli	x10,0x5	 x10:0x00000002 x10=0x00000000
      686975000	     34247	8000a8a4	000ad6b3	srl	x13,x21,x0	 x21:0xffffffff  x0:0x00000000 x13=0xffffffff
      686995000	     34248	8000a8a8	34006e73	csrrsi	x28,mscratch,0	 x28=0x00000002
      687035000	     34250	8000a8ac	02f826b3	mulhsu	x13,x16,x15	 x16:0x00000000 x15:0x0000008d x13=0x00000000
      687055000	     34251	8000a8b0	0000100f	fence.i	
      687415000	     34269	8000a8b4	02bc8f33	mul	x30,x25,x11	 x25:0x00000013 x11:0x43105fff x30=0xfa371fed
      687535000	     34275	8000a8b8	2b0af793	andi	x15,x21,688	 x21:0xffffffff x15=0x000002b0
      687555000	     34276	8000a8bc	021c0ab3	mul	x21,x24,x1	 x24:0x00008009  x1:0xfffffa20 x21=0xfd0fcb20
      687575000	     34277	8000a8c0	98784793	xori	x15,x16,-1657	 x16:0x00000000 x15=0xfffff987
      687655000	     34281	8000a8c4	024b1eb3	mulh	x29,x22,x4	 x22:0x00000001  x4:0x00000016 x29=0x00000000
      687775000	     34287	8000a8c8	03d49a63	bne	x9,x29,8000a8fc	  x9:0xfffffd75 x29:0x00000000
      688095000	     34303	8000a8fc	c209	c.beqz	x12,8000a8fe	 x12:0x00000002
      688115000	     34304	8000a8fe	8a1e	c.mv	x20,x7	  x0:0x00000000  x7:0xfaeb9c09 x20=0xfaeb9c09
      688135000	     34305	8000a900	340034f3	csrrc	x9,mscratch,x0	  x0:0x00000000  x9=0x00000002
      688155000	     34306	8000a904	0238fd63	bgeu	x17,x3,8000a93e	 x17:0x00000008  x3:0x00000000
      688815000	     34339	8000a93e	01e61fb3	sll	x31,x12,x30	 x12:0x00000002 x30:0xfa371fed x31=0x00004000
      688835000	     34340	8000a942	6cb1	c.lui	x25,0xc	 x25=0x0000c000
      688855000	     34341	8000a944	004cd193	srli	x3,x25,0x4	 x25:0x0000c000  x3=0x00000c00
      688875000	     34342	8000a948	8811	c.andi	x8,4	  x8:0x00000000  x8=0x00000000
      688895000	     34343	8000a94a	cf99	c.beqz	x15,8000a968	 x15:0xfffff987
      688915000	     34344	8000a94c	9f1e	c.add	x30,x7	 x30:0xfa371fed  x7:0xfaeb9c09 x30=0xf522bbf6
      688935000	     34345	8000a94e	e0a9	c.bnez	x9,8000a990	  x9:0x00000002
      689595000	     34378	8000a990	8d3d	c.xor	x10,x15	 x10:0x00000000 x15:0xfffff987 x10=0xfffff987
      689615000	     34379	8000a992	859d	c.srai	x11,0x7	 x11:0x43105fff x11=0x008620bf
      689675000	     34382	8000a994	8342	c.mv	x6,x16	  x0:0x00000000 x16:0x00000000  x6=0x00000000
      689695000	     34383	8000a996	0e7a	c.slli	x28,0x1e	 x28:0x00000002 x28=0x80000000
      689715000	     34384	8000a998	4241	c.li	x4,16	  x4=0x00000010
      689775000	     34387	8000a99a	00aacf33	xor	x30,x21,x10	 x21:0xfd0fcb20 x10:0xfffff987 x30=0x02f032a7
      690175000	     34407	8000a99e	340c1ef3	csrrw	x29,mscratch,x24	 x24:0x00008009 x29=0x00000002
      690195000	     34408	8000a9a2	00b74763	blt	x14,x11,8000a9b0	 x14:0xfffffd75 x11:0x008620bf
      690295000	     34413	8000a9b0	1dfd	c.addi	x27,-1	 x27:0x00000000 x27=0xffffffff
      690315000	     34414	8000a9b2	8ddd	c.or	x11,x15	 x11:0x008620bf x15:0xfffff987 x11=0xfffff9bf
      690455000	     34421	8000a9b4	e789	c.bnez	x15,8000a9be	 x15:0xfffff987
      691755000	     34486	8000a9be	717d	c.addi16sp	x2,-16	  x2:0x40130105  x2=0x401300f5
      691775000	     34487	8000a9c0	012717b3	sll	x15,x14,x18	 x14:0xfffffd75 x18:0x00000000 x15=0xfffffd75
      691795000	     34488	8000a9c4	01ec20b3	slt	x1,x24,x30	 x24:0x00008009 x30:0x02f032a7  x1=0x00000001
      691875000	     34492	8000a9c8	903e1137	lui	x2,0x903e1	  x2=0x903e1000
      691895000	     34493	8000a9cc	8e41	c.or	x12,x8	 x12:0x00000002  x8:0x00000000 x12=0x00000002
      691915000	     34494	8000a9ce	0e69	c.addi	x28,26	 x28:0x80000000 x28=0x8000001a
      691935000	     34495	8000a9d0	cf09	c.beqz	x14,8000a9ea	 x14:0xfffffd75
      691955000	     34496	8000a9d2	642c3813	sltiu	x16,x24,1602	 x24:0x00008009 x16=0x00000000
      691975000	     34497	8000a9d6	015c0cb3	add	x25,x24,x21	 x24:0x00008009 x21:0xfd0fcb20 x25=0xfd104b29
      692175000	     34507	8000a9da	0ff0000f	fence	iorw,iorw	
      692195000	     34508	8000a9de	01395f33	srl	x30,x18,x19	 x18:0x00000000 x19:0x80021e0c x30=0x00000000
      692215000	     34509	8000a9e2	0001	c.addi	x0,0	  x0:0x00000000  x0=0x00000000
      692235000	     34510	8000a9e4	8f4e	c.mv	x30,x19	  x0:0x00000000 x19:0x80021e0c x30=0x80021e0c
      692255000	     34511	8000a9e6	6761	c.lui	x14,0x18	 x14=0x00018000
      692375000	     34517	8000a9e8	6c99	c.lui	x25,0x6	 x25=0x00006000
      692395000	     34518	8000a9ea	8e45	c.or	x12,x9	 x12:0x00000002  x9:0x00000002 x12=0x00000002
      692475000	     34522	8000a9ec	1802af13	slti	x30,x5,384	  x5:0x00000001 x30=0x00000001
      692495000	     34523	8000a9f0	4185	c.li	x3,1	  x3=0x00000001
      692515000	     34524	8000a9f2	0bb5	c.addi	x23,13	 x23:0x00008009 x23=0x00008016
      692535000	     34525	8000a9f4	009b2533	slt	x10,x22,x9	 x22:0x00000001  x9:0x00000002 x10=0x00000001
      692635000	     34530	8000a9f8	717d	c.addi16sp	x2,-16	  x2:0x903e1000  x2=0x903e0ff0
      692775000	     34537	8000a9fa	014f2933	slt	x18,x30,x20	 x30:0x00000001 x20:0xfaeb9c09 x18=0x00000000
      692795000	     34538	8000a9fe	01f0c663	blt	x1,x31,8000aa0a	  x1:0x00000001 x31:0x00004000
      693715000	     34584	8000aa0a	02adf563	bgeu	x27,x10,8000aa34	 x27:0xffffffff x10:0x00000001
      694615000	     34629	8000aa34	023f0333	mul	x6,x30,x3	 x30:0x00000001  x3:0x00000001  x6=0x00000001
      694655000	     34631	8000aa38	002cc663	blt	x25,x2,8000aa44	 x25:0x00006000  x2:0x903e0ff0
      694775000	     34637	8000aa3c	03e07463	bgeu	x0,x30,8000aa64	  x0:0x00000000 x30:0x00000001
      695195000	     34658	8000aa40	018b51b3	srl	x3,x22,x24	 x22:0x00000001 x24:0x00008009  x3=0x00000000
      695215000	     34659	8000aa44	01423ab3	sltu	x21,x4,x20	  x4:0x00000010 x20:0xfaeb9c09 x21=0x00000001
      695235000	     34660	8000aa48	80cd	c.srli	x9,0x13	  x9:0x00000002  x9=0x00000000
      695255000	     34661	8000aa4a	00141d63	bne	x8,x1,8000aa64	  x8:0x00000000  x1:0x00000001
      695355000	     34666	8000aa64	8e9d	c.sub	x13,x15	 x13:0x00000000 x15:0xfffffd75 x13=0x0000028b
      695375000	     34667	8000aa66	8e61	c.and	x12,x8	 x12:0x00000002  x8:0x00000000 x12=0x00000000
      695395000	     34668	8000aa68	0ff0000f	fence	iorw,iorw	
      695415000	     34669	8000aa6c	0ff0000f	fence	iorw,iorw	
      695635000	     34680	8000aa70	340ee573	csrrsi	x10,mscratch,29	 x10=0x00008009
      695675000	     34682	8000aa74	036197b3	mulh	x15,x3,x22	  x3:0x00000000 x22:0x00000001 x15=0x00000000
      695815000	     34689	8000aa78	0000100f	fence.i	
      696295000	     34713	8000aa7c	016cdc63	bge	x25,x22,8000aa94	 x25:0x00006000 x22:0x00000001
      696795000	     34738	8000aa94	01d6a5b3	slt	x11,x13,x29	 x13:0x0000028b x29:0x00000002 x11=0x00000000
      696815000	     34739	8000aa98	633d	c.lui	x6,0xf	  x6=0x0000f000
      697175000	     34757	8000aa9a	00d72033	slt	x0,x14,x13	 x14:0x00018000 x13:0x0000028b  x0=0x00000000
      697195000	     34758	8000aa9e	0001	c.addi	x0,0	  x0:0x00000000  x0=0x00000000
      697215000	     34759	8000aaa0	8c45	c.or	x8,x9	  x8:0x00000000  x9:0x00000000  x8=0x00000000
      697235000	     34760	8000aaa2	340b2873	csrrs	x16,mscratch,x22	 x22:0x00000001 x16=0x0000801d
      697255000	     34761	8000aaa6	0001	c.addi	x0,0	  x0:0x00000000  x0=0x00000000
      697315000	     34764	8000aaa8	0068c033	xor	x0,x17,x6	 x17:0x00000008  x6:0x0000f000  x0=0x00000000
      697335000	     34765	8000aaac	00c2a6b3	slt	x13,x5,x12	  x5:0x00000001 x12:0x00000000 x13=0x00000000
      697355000	     34766	8000aab0	00f59693	slli	x13,x11,0xf	 x11:0x00000000 x13=0x00000000
      697515000	     34774	8000aab4	3d26d317	auipc	x6,0x3d26d	  x6=0xbd277ab4
      697595000	     34778	8000aab8	8d31	c.xor	x10,x12	 x10:0x00008009 x12:0x00000000 x10=0x00008009
      697715000	     34784	8000aaba	01137d63	bgeu	x6,x17,8000aad4	  x6:0xbd277ab4 x17:0x00000008
      698155000	     34806	8000aad4	03800663	beq	x0,x24,8000ab00	  x0:0x00000000 x24:0x00008009
      698175000	     34807	8000aad8	34003e73	csrrc	x28,mscratch,x0	  x0:0x00000000 x28=0x0000801d
      698375000	     34817	8000aadc	e495	c.bnez	x9,8000ab08	  x9:0x00000000
      698395000	     34818	8000aade	03200ab3	mul	x21,x0,x18	  x0:0x00000000 x18:0x00000000 x21=0x00000000
      698575000	     34827	8000aae2	3405df73	csrrwi	x30,mscratch,11	 x30=0x0000801d
      698835000	     34840	8000aae6	0014e833	or	x16,x9,x1	  x9:0x00000000  x1:0x00000001 x16=0x00000001
      698855000	     34841	8000aaea	6953eb93	ori	x23,x7,1685	  x7:0xfaeb9c09 x23=0xfaeb9e9d
      698875000	     34842	8000aaee	8be1	c.andi	x15,24	 x15:0x00000000 x15=0x00000000
      698895000	     34843	8000aaf0	3401bc73	csrrc	x24,mscratch,x3	  x3:0x00000000 x24=0x0000000b
      699055000	     34851	8000aaf4	8211	c.srli	x12,0x4	 x12:0x00000000 x12=0x00000000
      699415000	     34869	8000aaf6	409a8b33	sub	x22,x21,x9	 x21:0x00000000  x9:0x00000000 x22=0x00000000
      699615000	     34879	8000aafa	01ea0ab3	add	x21,x20,x30	 x20:0xfaeb9c09 x30:0x0000801d x21=0xfaec1c26
      699635000	     34880	8000aafe	527d	c.li	x4,-1	  x4=0xffffffff
      699655000	     34881	8000ab00	340b5273	csrrwi	x4,mscratch,22	  x4=0x0000000b
      699715000	     34884	8000ab04	3409dbf3	csrrwi	x23,mscratch,19	 x23=0x00000016
      699795000	     34888	8000ab08	34049bf3	csrrw	x23,mscratch,x9	  x9:0x00000000 x23=0x00000013
      699955000	     34896	8000ab0c	40400b33	sub	x22,x0,x4	  x0:0x00000000  x4:0x0000000b x22=0xfffffff5
      700135000	     34905	8000ab10	4106de33	sra	x28,x13,x16	 x13:0x00000000 x16:0x00000001 x28=0x00000000
      700155000	     34906	8000ab14	4709	c.li	x14,2	 x14=0x00000002
      700175000	     34907	8000ab16	00ab2bb3	slt	x23,x22,x10	 x22:0xfffffff5 x10:0x00008009 x23=0x00000001
      700195000	     34908	8000ab1a	3409f8f3	csrrci	x17,mscratch,19	 x17=0x00000000
      700215000	     34909	8000ab1e	00b6	c.slli	x1,0xd	  x1:0x00000001  x1=0x00002000
      700235000	     34910	8000ab20	34003173	csrrc	x2,mscratch,x0	  x0:0x00000000  x2=0x00000000
      700615000	     34929	8000ab24	03742833	mulhsu	x16,x8,x23	  x8:0x00000000 x23:0x00000001 x16=0x00000000
      701355000	     34966	8000ab28	0348c8b3	div	x17,x17,x20	 x17:0x00000000 x20:0xfaeb9c09 x17=0x00000000
      701375000	     34967	8000ab2c	ed85	c.bnez	x11,8000ab64	 x11:0x00000000
      701395000	     34968	8000ab2e	01ae8e63	beq	x29,x26,8000ab4a	 x29:0x00000002 x26:0x80025ce4
      701415000	     34969	8000ab32	0018e4b3	or	x9,x17,x1	 x17:0x00000000  x1:0x00002000  x9=0x00002000
      701435000	     34970	8000ab36	0ce6	c.slli	x25,0x19	 x25:0x00006000 x25=0x00000000
      701455000	     34971	8000ab38	088e	c.slli	x17,0x3	 x17:0x00000000 x17=0x00000000
      701475000	     34972	8000ab3a	05af1363	bne	x30,x26,8000ab80	 x30:0x0000801d x26:0x80025ce4
      702435000	     35020	8000ab80	34007873	csrrci	x16,mscratch,0	 x16=0x00000000
      702455000	     35021	8000ab84	8765	c.srai	x14,0x19	 x14:0x00000002 x14=0x00000000
      703195000	     35058	8000ab86	03556cb3	rem	x25,x10,x21	 x10:0x00008009 x21:0xfaec1c26 x25=0x00008009
      703935000	     35095	8000ab8a	038e76b3	remu	x13,x28,x24	 x28:0x00000000 x24:0x0000000b x13=0x00000000
      703955000	     35096	8000ab8e	717d	c.addi16sp	x2,-16	  x2:0x00000000  x2=0xfffffff0
      703975000	     35097	8000ab90	8c9d	c.sub	x9,x15	  x9:0x00002000 x15:0x00000000  x9=0x00002000
      703995000	     35098	8000ab92	e72fc637	lui	x12,0xe72fc	 x12=0xe72fc000
      704015000	     35099	8000ab96	8d41	c.or	x10,x8	 x10:0x00008009  x8:0x00000000 x10=0x00008009
      704035000	     35100	8000ab98	0001	c.addi	x0,0	  x0:0x00000000  x0=0x00000000
      704055000	     35101	8000ab9a	890a	c.mv	x18,x2	  x0:0x00000000  x2:0xfffffff0 x18=0xfffffff0
      704075000	     35102	8000ab9c	41700bb3	sub	x23,x0,x23	  x0:0x00000000 x23:0x00000001 x23=0xffffffff
      704095000	     35103	8000aba0	1449e793	ori	x15,x19,324	 x19:0x80021e0c x15=0x80021f4c
      704115000	     35104	8000aba4	0001	c.addi	x0,0	  x0:0x00000000  x0=0x00000000
      704155000	     35106	8000aba6	02472933	mulhsu	x18,x14,x4	 x14:0x00000000  x4:0x0000000b x18=0x00000000
      704215000	     35109	8000abaa	e725aa93	slti	x21,x11,-398	 x11:0x00000000 x21=0x00000000
      704355000	     35116	8000abae	01837c63	bgeu	x6,x24,8000abc6	  x6:0xbd277ab4 x24:0x0000000b
      705375000	     35167	8000abc6	01a30663	beq	x6,x26,8000abd2	  x6:0xbd277ab4 x26:0x80025ce4
      705395000	     35168	8000abca	823d	c.srli	x12,0xf	 x12:0xe72fc000 x12=0x0001ce5f
      705575000	     35177	8000abcc	e109	c.bnez	x10,8000abce	 x10:0x00008009
      706015000	     35199	8000abce	838d	c.srli	x15,0x3	 x15:0x80021f4c x15=0x100043e9
      706855000	     35241	8000abd0	58fd	c.li	x17,-1	 x17=0xffffffff
      706875000	     35242	8000abd2	8c29	c.xor	x8,x10	  x8:0x00000000 x10:0x00008009  x8=0x00008009
      706895000	     35243	8000abd4	05160517	auipc	x10,0x5160	 x10=0x8516abd4
      707635000	     35280	8000abd8	02cd5433	divu	x8,x26,x12	 x26:0x80025ce4 x12:0x0001ce5f  x8=0x000046df
      707655000	     35281	8000abdc	03f4c263	blt	x9,x31,8000ac00	  x9:0x00002000 x31:0x00004000
      707975000	     35297	8000ac00	673d	c.lui	x14,0xf	 x14=0x0000f000
      707995000	     35298	8000ac02	e943be93	sltiu	x29,x7,-364	  x7:0xfaeb9c09 x29=0x00000001
      708115000	     35304	8000ac06	01b96e63	bltu	x18,x27,8000ac22	 x18:0x00000000 x27:0xffffffff
      708395000	     35318	8000ac22	340a9a73	csrrw	x20,mscratch,x21	 x21:0x00000000 x20=0x00000000
      708595000	     35328	8000ac26	34065173	csrrwi	x2,mscratch,12	  x2=0x00000000
      708615000	     35329	8000ac2a	0000100f	fence.i	
      709115000	     35354	8000ac2e	8932	c.mv	x18,x12	  x0:0x00000000 x12:0x0001ce5f x18=0x0001ce5f
      709135000	     35355	8000ac30	8c81	c.sub	x9,x8	  x9:0x00002000  x8:0x000046df  x9=0xffffd921
      709155000	     35356	8000ac32	006f9463	bne	x31,x6,8000ac3a	 x31:0x00004000  x6:0xbd277ab4
      709355000	     35366	8000ac3a	8669	c.srai	x12,0x1a	 x12:0x0001ce5f x12=0x00000000
      710095000	     35403	8000ac3c	0277e0b3	rem	x1,x15,x7	 x15:0x100043e9  x7:0xfaeb9c09  x1=0x00c31804
      710115000	     35404	8000ac40	010facb3	slt	x25,x31,x16	 x31:0x00004000 x16:0x00000000 x25=0x00000000
      710135000	     35405	8000ac44	8795	c.srai	x15,0x5	 x15:0x100043e9 x15=0x0080021f
      710155000	     35406	8000ac46	567d	c.li	x12,-1	 x12=0xffffffff
      710175000	     35407	8000ac48	73efe097	auipc	x1,0x73efe	  x1=0xf3f08c48
      710195000	     35408	8000ac4c	005a6333	or	x6,x20,x5	 x20:0x00000000  x5:0x00000001  x6=0x00000001
      710215000	     35409	8000ac50	132cf1b7	lui	x3,0x132cf	  x3=0x132cf000
      710235000	     35410	8000ac54	00f81a63	bne	x16,x15,8000ac68	 x16:0x00000000 x15:0x0080021f
      710475000	     35422	8000ac68	02f608b3	mul	x17,x12,x15	 x12:0xffffffff x15:0x0080021f x17=0xff7ffde1
      710895000	     35443	8000ac6c	f44e2a93	slti	x21,x28,-188	 x28:0x00000000 x21=0x00000000
      710915000	     35444	8000ac70	340c3273	csrrc	x4,mscratch,x24	 x24:0x0000000b  x4=0x0000000c
      711335000	     35465	8000ac74	b2343d93	sltiu	x27,x8,-1245	  x8:0x000046df x27=0x00000001
      711755000	     35486	8000ac78	0000100f	fence.i	
      712655000	     35531	8000ac7c	010e0d63	beq	x28,x16,8000ac96	 x28:0x00000000 x16:0x00000000
      713235000	     35560	8000ac96	039d1963	bne	x26,x25,8000acc8	 x26:0x80025ce4 x25:0x00000000
      713795000	     35588	8000acc8	8d01	c.sub	x10,x8	 x10:0x8516abd4  x8:0x000046df x10=0x851664f5
      713815000	     35589	8000acca	00795333	srl	x6,x18,x7	 x18:0x0001ce5f  x7:0xfaeb9c09  x6=0x000000e7
      713995000	     35598	8000acce	92d33113	sltiu	x2,x6,-1747	  x6:0x000000e7  x2=0x00000001
      714015000	     35599	8000acd2	0c7e	c.slli	x24,0x1f	 x24:0x0000000b x24=0x80000000
      714035000	     35600	8000acd4	372ff113	andi	x2,x31,882	 x31:0x00004000  x2=0x00000000
      714055000	     35601	8000acd8	f81eac37	lui	x24,0xf81ea	 x24=0xf81ea000
      714175000	     35607	8000acdc	0276a4b3	mulhsu	x9,x13,x7	 x13:0x00000000  x7:0xfaeb9c09  x9=0x00000000
      714195000	     35608	8000ace0	1690	c.addi4spn	x12,x2,864	 x12=0x00000360
      714295000	     35613	8000ace2	41a48733	sub	x14,x9,x26	  x9:0x00000000 x26:0x80025ce4 x14=0x7ffda31c
      714455000	     35621	8000ace6	02f40933	mul	x18,x8,x15	  x8:0x000046df x15:0x0080021f x18=0x70165301
      714475000	     35622	8000acea	8ea5	c.xor	x13,x9	 x13:0x00000000  x9:0x00000000 x13=0x00000000
      714755000	     35636	8000acec	0340ae33	mulhsu	x28,x1,x20	  x1:0xf3f08c48 x20:0x00000000 x28=0x00000000
      714875000	     35642	8000acf0	8f3d	c.xor	x14,x15	 x14:0x7ffda31c x15:0x0080021f x14=0x7f7da103
      714895000	     35643	8000acf2	177d	c.addi	x14,-1	 x14:0x7f7da103 x14=0x7f7da102
      714955000	     35646	8000acf4	035087b3	mul	x15,x1,x21	  x1:0xf3f08c48 x21:0x00000000 x15=0x00000000
      715155000	     35656	8000acf8	079f7313	andi	x6,x30,121	 x30:0x0000801d  x6=0x00000019
      715535000	     35675	8000acfc	34007973	csrrci	x18,mscratch,0	 x18=0x00000004
      715575000	     35677	8000ad00	978d6d97	auipc	x27,0x978d6	 x27=0x178e0d00
      715815000	     35689	8000ad04	40ac55b3	sra	x11,x24,x10	 x24:0xf81ea000 x10:0x851664f5 x11=0xffffffc0
      715835000	     35690	8000ad08	81ce	c.mv	x3,x19	  x0:0x00000000 x19:0x80021e0c  x3=0x80021e0c
      715855000	     35691	8000ad0a	eb89	c.bnez	x15,8000ad1c	 x15:0x00000000
      715875000	     35692	8000ad0c	5f7d	c.li	x30,-1	 x30=0xffffffff
      716155000	     35706	8000ad0e	11882e13	slti	x28,x16,280	 x16:0x00000000 x28=0x00000001
      716175000	     35707	8000ad12	0001	c.addi	x0,0	  x0:0x00000000  x0=0x00000000
      716195000	     35708	8000ad14	0b4a	c.slli	x22,0x12	 x22:0xfffffff5 x22=0xffd40000
      716335000	     35715	8000ad16	34003f73	csrrc	x30,mscratch,x0	  x0:0x00000000 x30=0x00000004
      716355000	     35716	8000ad1a	0e94	c.addi4spn	x13,x2,848	 x13=0x00000350
      716475000	     35722	8000ad1c	0001	c.addi	x0,0	  x0:0x00000000  x0=0x00000000
      716495000	     35723	8000ad1e	07ae	c.slli	x15,0xb	 x15:0x00000000 x15=0x00000000
      716855000	     35741	8000ad20	00f11bb3	sll	x23,x2,x15	  x2:0x00000000 x15:0x00000000 x23=0x00000000
      717035000	     35750	8000ad24	8539	c.srai	x10,0xe	 x10:0x851664f5 x10=0xfffe1459
      717055000	     35751	8000ad26	0ed5	c.addi	x29,21	 x29:0x00000001 x29=0x00000016
      717075000	     35752	8000ad28	5dfd	c.li	x27,-1	 x27=0xffffffff
      717095000	     35753	8000ad2a	020f8eb3	mul	x29,x31,x0	 x31:0x00004000  x0:0x00000000 x29=0x00000000
      717115000	     35754	8000ad2e	97aa	c.add	x15,x10	 x15:0x00000000 x10:0xfffe1459 x15=0xfffe1459
      717355000	     35766	8000ad30	5c5aa613	slti	x12,x21,1477	 x21:0x00000000 x12=0x00000001
      717475000	     35772	8000ad34	00399a93	slli	x21,x19,0x3	 x19:0x80021e0c x21=0x0010f060
      723155000	     36056	8000ad38	0337d333	divu	x6,x15,x19	 x15:0xfffe1459 x19:0x80021e0c  x6=0x00000001
      723175000	     36057	8000ad3c	003ecb33	xor	x22,x29,x3	 x29:0x00000000  x3:0x80021e0c x22=0x80021e0c
      723195000	     36058	8000ad40	0466	c.slli	x8,0x19	  x8:0x000046df  x8=0xbe000000
      723215000	     36059	8000ad42	34065073	csrrwi	x0,mscratch,12	  x0=0x00000000
      723235000	     36060	8000ad46	84e1	c.srai	x9,0x18	  x9:0x00000000  x9=0x00000000
      723255000	     36061	8000ad48	8221	c.srli	x12,0x8	 x12:0x00000001 x12=0x00000000
      723275000	     36062	8000ad4a	472d	c.li	x14,11	 x14=0x0000000b
      723295000	     36063	8000ad4c	04495263	bge	x18,x4,8000ad90	 x18:0x00000004  x4:0x0000000c
      723495000	     36073	8000ad50	03b98563	beq	x19,x27,8000ad7a	 x19:0x80021e0c x27:0xffffffff
      723715000	     36084	8000ad54	1f26ca37	lui	x20,0x1f26c	 x20=0x1f26c000
      723915000	     36094	8000ad58	02a85e63	bge	x16,x10,8000ad94	 x16:0x00000000 x10:0xfffe1459
      724575000	     36127	8000ad94	419adb93	srai	x23,x21,0x19	 x21:0x0010f060 x23=0x00000000
      724855000	     36141	8000ad98	0001	c.addi	x0,0	  x0:0x00000000  x0=0x00000000
      724875000	     36142	8000ad9a	ee1d	c.bnez	x12,8000add8	 x12:0x00000000
      724975000	     36147	8000ad9c	3400fdf3	csrrci	x27,mscratch,1	 x27=0x0000000c
      725175000	     36157	8000ada0	3404dff3	csrrwi	x31,mscratch,9	 x31=0x0000000c
      725915000	     36194	8000ada4	03615533	divu	x10,x2,x22	  x2:0x00000000 x22:0x80021e0c x10=0x00000000
      725935000	     36195	8000ada8	752c4313	xori	x6,x24,1874	 x24:0xf81ea000  x6=0xf81ea752
      725975000	     36197	8000adac	03032433	mulhsu	x8,x6,x16	  x6:0xf81ea752 x16:0x00000000  x8=0x00000000
      725995000	     36198	8000adb0	8cb5	c.xor	x9,x13	  x9:0x00000000 x13:0x00000350  x9=0x00000350
      726015000	     36199	8000adb2	8d45	c.or	x10,x9	 x10:0x00000000  x9:0x00000350 x10=0x00000350
      726335000	     36215	8000adb4	13598297	auipc	x5,0x13598	  x5=0x935a2db4
      726355000	     36216	8000adb8	a7498913	addi	x18,x19,-1420	 x19:0x80021e0c x18=0x80021880
      726375000	     36217	8000adbc	340a2073	csrrs	x0,mscratch,x20	 x20:0x1f26c000  x0=0x00000000
      726395000	     36218	8000adc0	01b4c463	blt	x9,x27,8000adc8	  x9:0x00000350 x27:0x0000000c
      726415000	     36219	8000adc4	826d	c.srli	x12,0x1b	 x12:0x00000000 x12=0x00000000
      726435000	     36220	8000adc6	c899	c.beqz	x9,8000addc	  x9:0x00000350
      726635000	     36230	8000adc8	8cd5	c.or	x9,x13	  x9:0x00000350 x13:0x00000350  x9=0x00000350
      726655000	     36231	8000adca	35aaab93	slti	x23,x21,858	 x21:0x0010f060 x23=0x00000000
      727075000	     36252	8000adce	01f4ebb3	or	x23,x9,x31	  x9:0x00000350 x31:0x0000000c x23=0x0000035c
      727095000	     36253	8000add2	01239a63	bne	x7,x18,8000ade6	  x7:0xfaeb9c09 x18:0x80021880
      728355000	     36316	8000ade6	9426fe37	lui	x28,0x9426f	 x28=0x9426f000
      728375000	     36317	8000adea	c399	c.beqz	x15,8000adf0	 x15:0xfffe1459
      728455000	     36321	8000adec	e0c33eb7	lui	x29,0xe0c33	 x29=0xe0c33000
      728475000	     36322	8000adf0	0001	c.addi	x0,0	  x0:0x00000000  x0=0x00000000
      728495000	     36323	8000adf2	0794	c.addi4spn	x13,x2,960	 x13=0x000003c0
      728535000	     36325	8000adf4	0223b133	mulhu	x2,x7,x2	  x7:0xfaeb9c09  x2:0x00000000  x2=0x00000000
      728555000	     36326	8000adf8	1908	c.addi4spn	x10,x2,176	 x10=0x000000b0
      728675000	     36332	8000adfa	06a31f97	auipc	x31,0x6a31	 x31=0x86a3bdfa
      728695000	     36333	8000adfe	01d4c233	xor	x4,x9,x29	  x9:0x00000350 x29:0xe0c33000  x4=0xe0c33350
      728715000	     36334	8000ae02	34081273	csrrw	x4,mscratch,x16	 x16:0x00000000  x4=0x1f26c009
      728735000	     36335	8000ae06	0001	c.addi	x0,0	  x0:0x00000000  x0=0x00000000
      728895000	     36343	8000ae08	01eac233	xor	x4,x21,x30	 x21:0x0010f060 x30:0x00000004  x4=0x0010f064
      729055000	     36351	8000ae0c	340078f3	csrrci	x17,mscratch,0	 x17=0x00000000
      729375000	     36367	8000ae10	3404da73	csrrwi	x20,mscratch,9	 x20=0x00000000
      729795000	     36388	8000ae14	98fd	c.andi	x9,-1	  x9:0x00000350  x9=0x00000350
      729815000	     36389	8000ae16	5d1a4093	xori	x1,x20,1489	 x20:0x00000000  x1=0x000005d1
      729835000	     36390	8000ae1a	00a66263	bltu	x12,x10,8000ae1e	 x12:0x00000000 x10:0x000000b0
      729995000	     36398	8000ae1e	e789	c.bnez	x15,8000ae28	 x15:0xfffe1459
      730475000	     36422	8000ae28	340b3373	csrrc	x6,mscratch,x22	 x22:0x80021e0c  x6=0x00000009
      731215000	     36459	8000ae2c	023c7133	remu	x2,x24,x3	 x24:0xf81ea000  x3:0x80021e0c  x2=0x781c81f4
      731235000	     36460	8000ae30	00364633	xor	x12,x12,x3	 x12:0x00000000  x3:0x80021e0c x12=0x80021e0c
      731255000	     36461	8000ae34	00bf9a63	bne	x31,x11,8000ae48	 x31:0x86a3bdfa x11:0xffffffc0
      731475000	     36472	8000ae48	01abd133	srl	x2,x23,x26	 x23:0x0000035c x26:0x80025ce4  x2=0x00000035
      731495000	     36473	8000ae4c	eb0d	c.bnez	x14,8000ae7e	 x14:0x0000000b
      732135000	     36505	8000ae7e	2fe62193	slti	x3,x12,766	 x12:0x80021e0c  x3=0x00000001
      732155000	     36506	8000ae82	0eea4013	xori	x0,x20,238	 x20:0x00000000  x0=0x00000000
      732175000	     36507	8000ae86	16bb4213	xori	x4,x22,363	 x22:0x80021e0c  x4=0x80021f67
      732195000	     36508	8000ae8a	0105d263	bge	x11,x16,8000ae8e	 x11:0xffffffc0 x16:0x00000000
      732215000	     36509	8000ae8e	0926	c.slli	x18,0x9	 x18:0x80021880 x18=0x04310000
      732255000	     36511	8000ae90	0158fe33	and	x28,x17,x21	 x17:0x00000000 x21:0x0010f060 x28=0x00000000
      732275000	     36512	8000ae94	0a90	c.addi4spn	x12,x2,336	 x12=0x00000185
      732295000	     36513	8000ae96	02506063	bltu	x0,x5,8000aeb6	  x0:0x00000000  x5:0x935a2db4
      733635000	     36580	8000aeb6	0b5f6313	ori	x6,x30,181	 x30:0x00000004  x6=0x000000b5
      733655000	     36581	8000aeba	03f0d563	bge	x1,x31,8000aee4	  x1:0x000005d1 x31:0x86a3bdfa
      734155000	     36606	8000aee4	749ff593	andi	x11,x31,1865	 x31:0x86a3bdfa x11=0x00000548
      734495000	     36623	8000aee8	0051beb3	sltu	x29,x3,x5	  x3:0x00000001  x5:0x935a2db4 x29=0x00000001
      734935000	     36645	8000aeec	039410b3	mulh	x1,x8,x25	  x8:0x00000000 x25:0x00000000  x1=0x00000000
      735035000	     36650	8000aef0	01d78963	beq	x15,x29,8000af02	 x15:0xfffe1459 x29:0x00000001
      735055000	     36651	8000aef4	34007ff3	csrrci	x31,mscratch,0	 x31=0x00000001
      735475000	     36672	8000aef8	00b56b63	bltu	x10,x11,8000af0e	 x10:0x000000b0 x11:0x00000548
      736255000	     36711	8000af0e	03384d63	blt	x16,x19,8000af48	 x16:0x00000000 x19:0x80021e0c
      736275000	     36712	8000af12	896a6f93	ori	x31,x20,-1898	 x20:0x00000000 x31=0xfffff896
      736695000	     36733	8000af16	34042973	csrrs	x18,mscratch,x8	  x8:0x00000000 x18=0x00000001
      736715000	     36734	8000af1a	2b772337	lui	x6,0x2b772	  x6=0x2b772000
      736735000	     36735	8000af1e	0026e633	or	x12,x13,x2	 x13:0x000003c0  x2:0x00000035 x12=0x000003f5
      736855000	     36741	8000af22	006c4463	blt	x24,x6,8000af2a	 x24:0xf81ea000  x6:0x2b772000
      737315000	     36764	8000af2a	717d	c.addi16sp	x2,-16	  x2:0x00000035  x2=0x00000025
      738075000	     36802	8000af2c	0365c2b3	div	x5,x11,x22	 x11:0x00000548 x22:0x80021e0c  x5=0x00000000
      738095000	     36803	8000af30	40f00533	sub	x10,x0,x15	  x0:0x00000000 x15:0xfffe1459 x10=0x0001eba7
      738115000	     36804	8000af34	00489833	sll	x16,x17,x4	 x17:0x00000000  x4:0x80021f67 x16=0x00000000
      738135000	     36805	8000af38	0111a1b3	slt	x3,x3,x17	  x3:0x00000001 x17:0x00000000  x3=0x00000000
      738155000	     36806	8000af3c	1118	c.addi4spn	x14,x2,160	 x14=0x000000c5
      738175000	     36807	8000af3e	77722293	slti	x5,x4,1911	  x4:0x80021f67  x5=0x00000001
      738195000	     36808	8000af42	2c3deb93	ori	x23,x27,707	 x27:0x0000000c x23=0x000002cf
      738215000	     36809	8000af46	0001	c.addi	x0,0	  x0:0x00000000  x0=0x00000000
      738235000	     36810	8000af48	b1eead93	slti	x27,x29,-1250	 x29:0x00000001 x27=0x00000000
      738255000	     36811	8000af4c	00d85c33	srl	x24,x16,x13	 x16:0x00000000 x13:0x000003c0 x24=0x00000000
      738275000	     36812	8000af50	01d2e133	or	x2,x5,x29	  x5:0x00000001 x29:0x00000001  x2=0x00000001
      738295000	     36813	8000af54	41118a33	sub	x20,x3,x17	  x3:0x00000000 x17:0x00000000 x20=0x00000000
      738415000	     36819	8000af58	03eb32b3	mulhu	x5,x22,x30	 x22:0x80021e0c x30:0x00000004  x5=0x00000002
      738535000	     36825	8000af5c	5c7d	c.li	x24,-1	 x24=0xffffffff
      738555000	     36826	8000af5e	097e4093	xori	x1,x28,151	 x28:0x00000000  x1=0x00000097
      738575000	     36827	8000af62	8f49	c.or	x14,x10	 x14:0x000000c5 x10:0x0001eba7 x14=0x0001ebe7
      738975000	     36847	8000af64	0ff0000f	fence	iorw,iorw	
      739115000	     36854	8000af68	01251933	sll	x18,x10,x18	 x10:0x0001eba7 x18:0x00000001 x18=0x0003d74e
      739135000	     36855	8000af6c	01afde63	bge	x31,x26,8000af88	 x31:0xfffff896 x26:0x80025ce4
      739495000	     36873	8000af88	0281f033	remu	x0,x3,x8	  x3:0x00000000  x8:0x00000000  x0=0x00000000
      739515000	     36874	8000af8c	0001	c.addi	x0,0	  x0:0x00000000  x0=0x00000000
      739535000	     36875	8000af8e	611d	c.addi16sp	x2,416	  x2:0x00000001  x2=0x000001a1
      739615000	     36879	8000af90	0412	c.slli	x8,0x4	  x8:0x00000000  x8=0x00000000
      739635000	     36880	8000af92	057e6063	bltu	x28,x23,8000afd2	 x28:0x00000000 x23:0x000002cf
      740135000	     36905	8000afd2	8e69	c.and	x12,x10	 x12:0x000003f5 x10:0x0001eba7 x12=0x000003a5
      740195000	     36908	8000afd4	340265f3	csrrsi	x11,mscratch,4	 x11=0x00000001
      740475000	     36922	8000afd8	e397ee93	ori	x29,x15,-455	 x15:0xfffe1459 x29=0xfffffe79
      740655000	     36931	8000afdc	8b01	c.andi	x14,0	 x14:0x0001ebe7 x14=0x00000000
      740675000	     36932	8000afde	cf9d	c.beqz	x15,8000b01c	 x15:0xfffe1459
      740935000	     36945	8000afe0	8336	c.mv	x6,x13	  x0:0x00000000 x13:0x000003c0  x6=0x000003c0
      740955000	     36946	8000afe2	0001	c.addi	x0,0	  x0:0x00000000  x0=0x00000000
      741135000	     36955	8000afe4	0156d193	srli	x3,x13,0x15	 x13:0x000003c0  x3=0x00000000
      741375000	     36967	8000afe8	407c8bb3	sub	x23,x25,x7	 x25:0x00000000  x7:0xfaeb9c09 x23=0x051463f7
      741795000	     36988	8000afec	00150433	add	x8,x10,x1	 x10:0x0001eba7  x1:0x00000097  x8=0x0001ec3e
      741815000	     36989	8000aff0	340e9673	csrrw	x12,mscratch,x29	 x29:0xfffffe79 x12=0x00000005
      742035000	     37000	8000aff4	340b1673	csrrw	x12,mscratch,x22	 x22:0x80021e0c x12=0xfffffe79
      742215000	     37009	8000aff8	e76ec213	xori	x4,x29,-394	 x29:0xfffffe79  x4=0x0000000f
      742235000	     37010	8000affc	7c7cab13	slti	x22,x25,1991	 x25:0x00000000 x22=0x00000001
      742395000	     37018	8000b000	009a1093	slli	x1,x20,0x9	 x20:0x00000000  x1=0x00000000
      743255000	     37061	8000b004	03e6c4b3	div	x9,x13,x30	 x13:0x000003c0 x30:0x00000004  x9=0x000000f0
      743995000	     37098	8000b008	03d5f633	remu	x12,x11,x29	 x11:0x00000001 x29:0xfffffe79 x12=0x00000001
      744015000	     37099	8000b00c	34089b73	csrrw	x22,mscratch,x17	 x17:0x00000000 x22=0x80021e0c
      744035000	     37100	8000b010	03b10933	mul	x18,x2,x27	  x2:0x000001a1 x27:0x00000000 x18=0x00000000
      744055000	     37101	8000b014	0001	c.addi	x0,0	  x0:0x00000000  x0=0x00000000
      744075000	     37102	8000b016	ea19	c.bnez	x12,8000b02c	 x12:0x00000001
      744175000	     37107	8000b02c	4042d493	srai	x9,x5,0x4	  x5:0x00000002  x9=0x00000000
      745495000	     37173	8000b030	03d5eeb3	rem	x29,x11,x29	 x11:0x00000001 x29:0xfffffe79 x29=0x00000001
      745515000	     37174	8000b034	34006af3	csrrsi	x21,mscratch,0	 x21=0x00000000
      745535000	     37175	8000b038	846a	c.mv	x8,x26	  x0:0x00000000 x26:0x80025ce4  x8=0x80025ce4
      745555000	     37176	8000b03a	006e1493	slli	x9,x28,0x6	 x28:0x00000000  x9=0x00000000
      745575000	     37177	8000b03e	e485	c.bnez	x9,8000b066	  x9:0x00000000
      745635000	     37180	8000b040	02c68833	mul	x16,x13,x12	 x13:0x000003c0 x12:0x00000001 x16=0x000003c0
      745815000	     37189	8000b044	ec99	c.bnez	x9,8000b062	  x9:0x00000000
      745835000	     37190	8000b046	340dbdf3	csrrc	x27,mscratch,x27	 x27:0x00000000 x27=0x00000000
      745855000	     37191	8000b04a	51a1f237	lui	x4,0x51a1f	  x4=0x51a1f000
      745875000	     37192	8000b04e	0001	c.addi	x0,0	  x0:0x00000000  x0=0x00000000
      745915000	     37194	8000b050	01d3f4b3	and	x9,x7,x29	  x7:0xfaeb9c09 x29:0x00000001  x9=0x00000001
      745935000	     37195	8000b054	3404d073	csrrwi	x0,mscratch,9	  x0=0x00000000
      746175000	     37207	8000b058	0001	c.addi	x0,0	  x0:0x00000000  x0=0x00000000
      746195000	     37208	8000b05a	0571	c.addi	x10,28	 x10:0x0001eba7 x10=0x0001ebc3
      746235000	     37210	8000b05c	8edd	c.or	x13,x15	 x13:0x000003c0 x15:0xfffe1459 x13=0xfffe17d9
      746975000	     37247	8000b05e	036af933	remu	x18,x21,x22	 x21:0x00000000 x22:0x80021e0c x18=0x00000000
      746995000	     37248	8000b062	34041673	csrrw	x12,mscratch,x8	  x8:0x80025ce4 x12=0x00000009
      747015000	     37249	8000b066	40e40733	sub	x14,x8,x14	  x8:0x80025ce4 x14:0x00000000 x14=0x80025ce4
      747035000	     37250	8000b06a	340fd973	csrrwi	x18,mscratch,31	 x18=0x80025ce4
      747055000	     37251	8000b06e	0000100f	fence.i	
      747155000	     37256	8000b072	0ff0000f	fence	iorw,iorw	
      747175000	     37257	8000b076	15fd	c.addi	x11,-1	 x11:0x00000001 x11=0x00000000
      747235000	     37260	8000b078	827d	c.srli	x12,0x1f	 x12:0x00000009 x12=0x00000000
      747395000	     37268	8000b07a	011314b3	sll	x9,x6,x17	  x6:0x000003c0 x17:0x00000000  x9=0x000003c0
      747415000	     37269	8000b07e	8242	c.mv	x4,x16	  x0:0x00000000 x16:0x000003c0  x4=0x000003c0
      747815000	     37289	8000b080	00d3c733	xor	x14,x7,x13	  x7:0xfaeb9c09 x13:0xfffe17d9 x14=0x05158bd0
      747835000	     37290	8000b084	98fd	c.andi	x9,-1	  x9:0x000003c0  x9=0x000003c0
      747855000	     37291	8000b086	8c3d	c.xor	x8,x15	  x8:0x80025ce4 x15:0xfffe1459  x8=0x7ffc48bd
      747875000	     37292	8000b088	00ab25b3	slt	x11,x22,x10	 x22:0x80021e0c x10:0x0001ebc3 x11=0x00000001
      747995000	     37298	8000b08c	0051fe33	and	x28,x3,x5	  x3:0x00000000  x5:0x00000002 x28=0x00000000
      748175000	     37307	8000b090	013cdc13	srli	x24,x25,0x13	 x25:0x00000000 x24=0x00000000
      748215000	     37309	8000b094	0193dfb3	srl	x31,x7,x25	  x7:0xfaeb9c09 x25:0x00000000 x31=0xfaeb9c09
      748255000	     37311	8000b098	00566e63	bltu	x12,x5,8000b0b4	 x12:0x00000000  x5:0x00000002
      748835000	     37340	8000b0b4	0e49	c.addi	x28,18	 x28:0x00000000 x28=0x00000012
      748855000	     37341	8000b0b6	340fea73	csrrsi	x20,mscratch,31	 x20=0x0000001f
      748875000	     37342	8000b0ba	8d6d	c.and	x10,x11	 x10:0x0001ebc3 x11:0x00000001 x10=0x00000001
      748895000	     37343	8000b0bc	017455b3	srl	x11,x8,x23	  x8:0x7ffc48bd x23:0x051463f7 x11=0x000000ff
      748915000	     37344	8000b0c0	002e6333	or	x6,x28,x2	 x28:0x00000012  x2:0x000001a1  x6=0x000001b3
      749075000	     37352	8000b0c4	8c65	c.and	x8,x9	  x8:0x7ffc48bd  x9:0x000003c0  x8=0x00000080
      749095000	     37353	8000b0c6	8dc9	c.or	x11,x10	 x11:0x000000ff x10:0x00000001 x11=0x000000ff
      749495000	     37373	8000b0c8	00b08863	beq	x1,x11,8000b0d8	  x1:0x00000000 x11:0x000000ff
      749515000	     37374	8000b0cc	b8334c13	xori	x24,x6,-1149	  x6:0x000001b3 x24=0xfffffa30
      749535000	     37375	8000b0d0	8e59	c.or	x12,x14	 x12:0x00000000 x14:0x05158bd0 x12=0x05158bd0
      749575000	     37377	8000b0d2	03081e33	mulh	x28,x16,x16	 x16:0x000003c0 x16:0x000003c0 x28=0x00000000
      749595000	     37378	8000b0d6	6b7d	c.lui	x22,0x1f	 x22=0x0001f000
      749975000	     37397	8000b0d8	e509	c.bnez	x10,8000b0e2	 x10:0x00000001
      750655000	     37431	8000b0e2	8c21	c.xor	x8,x8	  x8:0x00000080  x8:0x00000080  x8=0x00000000
      750815000	     37439	8000b0e4	025f9933	mulh	x18,x31,x5	 x31:0xfaeb9c09  x5:0x00000002 x18=0xffffffff
      750875000	     37442	8000b0e8	6155	c.addi16sp	x2,304	  x2:0x000001a1  x2=0x000002d1
      750895000	     37443	8000b0ea	40edad93	slti	x27,x27,1038	 x27:0x00000000 x27=0x00000001
      750915000	     37444	8000b0ee	8cf5	c.and	x9,x13	  x9:0x000003c0 x13:0xfffe17d9  x9=0x000003c0
      750935000	     37445	8000b0f0	0ff0000f	fence	iorw,iorw	
      751675000	     37482	8000b0f4	0328f2b3	remu	x5,x17,x18	 x17:0x00000000 x18:0xffffffff  x5=0x00000000
      772935000	     38545	8000b0f8	34003bf3	csrrc	x23,mscratch,x0	  x0:0x00000000 x23=0x0000001f
      772955000	     38546	8000b0fc	0001	c.addi	x0,0	  x0:0x00000000  x0=0x00000000
      772975000	     38547	8000b0fe	624fe413	ori	x8,x31,1572	 x31:0xfaeb9c09  x8=0xfaeb9e2d
      772995000	     38548	8000b102	41b35113	srai	x2,x6,0x1b	  x6:0x000001b3  x2=0x00000000
      773015000	     38549	8000b106	00b3ee63	bltu	x7,x11,8000b122	  x7:0xfaeb9c09 x11:0x000000ff
      773035000	     38550	8000b10a	6159	c.addi16sp	x2,400	  x2:0x00000000  x2=0x00000190
      773055000	     38551	8000b10c	00ee7763	bgeu	x28,x14,8000b11a	 x28:0x00000000 x14:0x05158bd0
      773915000	     38594	8000b110	0320f533	remu	x10,x1,x18	  x1:0x00000000 x18:0xffffffff x10=0x00000000
      773955000	     38596	8000b114	02173433	mulhu	x8,x14,x1	 x14:0x05158bd0  x1:0x00000000  x8=0x00000000
      773975000	     38597	8000b118	8425	c.srai	x8,0x9	  x8:0x00000000  x8=0x00000000
      774015000	     38599	8000b11a	02413fb3	mulhu	x31,x2,x4	  x2:0x00000190  x4:0x000003c0 x31=0x00000000
      774035000	     38600	8000b11e	053e7063	bgeu	x28,x19,8000b15e	 x28:0x00000000 x19:0x80021e0c
      774055000	     38601	8000b122	01459263	bne	x11,x20,8000b126	 x11:0x000000ff x20:0x0000001f
      774335000	     38615	8000b126	00cafe63	bgeu	x21,x12,8000b142	 x21:0x00000000 x12:0x05158bd0
      774475000	     38622	8000b12a	340ab773	csrrc	x14,mscratch,x21	 x21:0x00000000 x14=0x0000001f
      774895000	     38643	8000b12e	01ac3133	sltu	x2,x24,x26	 x24:0xfffffa30 x26:0x80025ce4  x2=0x00000000
      774915000	     38644	8000b132	013917b3	sll	x15,x18,x19	 x18:0xffffffff x19:0x80021e0c x15=0xfffff000
      774955000	     38646	8000b136	020f28b3	mulhsu	x17,x30,x0	 x30:0x00000004  x0:0x00000000 x17=0x00000000
      775135000	     38655	8000b13a	000d9db3	sll	x27,x27,x0	 x27:0x00000001  x0:0x00000000 x27=0x00000001
      775335000	     38665	8000b13e	d5fada37	lui	x20,0xd5fad	 x20=0xd5fad000
      776355000	     38716	8000b142	024d6333	rem	x6,x26,x4	 x26:0x80025ce4  x4:0x000003c0  x6=0xfffffce4
      776375000	     38717	8000b146	6141	c.addi16sp	x2,16	  x2:0x00000000  x2=0x00000010
      776395000	     38718	8000b148	002130b3	sltu	x1,x2,x2	  x2:0x00000010  x2:0x00000010  x1=0x00000000
      776415000	     38719	8000b14c	017ecab3	xor	x21,x29,x23	 x29:0x00000001 x23:0x0000001f x21=0x0000001e
      776435000	     38720	8000b150	83ed	c.srli	x15,0x1b	 x15:0xfffff000 x15=0x0000001f
      776455000	     38721	8000b152	8f91	c.sub	x15,x12	 x15:0x0000001f x12:0x05158bd0 x15=0xfaea744f
      776475000	     38722	8000b154	8cd9	c.or	x9,x14	  x9:0x000003c0 x14:0x0000001f  x9=0x000003df
      776495000	     38723	8000b156	8789	c.srai	x15,0x2	 x15:0xfaea744f x15=0xfeba9d13
      776575000	     38727	8000b158	6159	c.addi16sp	x2,400	  x2:0x00000010  x2=0x000001a0
      776595000	     38728	8000b15a	00ba9493	slli	x9,x21,0xb	 x21:0x0000001e  x9=0x0000f000
      776975000	     38747	8000b15e	340d6c73	csrrsi	x24,mscratch,26	 x24=0x0000001f
      776995000	     38748	8000b162	01a27fb3	and	x31,x4,x26	  x4:0x000003c0 x26:0x80025ce4 x31=0x000000c0
      777015000	     38749	8000b166	073a	c.slli	x14,0xe	 x14:0x0000001f x14=0x0007c000
      777035000	     38750	8000b168	01b6b233	sltu	x4,x13,x27	 x13:0xfffe17d9 x27:0x00000001  x4=0x00000000
      777055000	     38751	8000b16c	8f99	c.sub	x15,x14	 x15:0xfeba9d13 x14:0x0007c000 x15=0xfeb2dd13
      777075000	     38752	8000b16e	0001	c.addi	x0,0	  x0:0x00000000  x0=0x00000000
      777175000	     38757	8000b170	34003173	csrrc	x2,mscratch,x0	  x0:0x00000000  x2=0x0000001f
      777235000	     38760	8000b174	01167e33	and	x28,x12,x17	 x12:0x05158bd0 x17:0x00000000 x28=0x00000000
      777335000	     38765	8000b178	340b9173	csrrw	x2,mscratch,x23	 x23:0x0000001f  x2=0x0000001f
      777355000	     38766	8000b17c	9afd	c.andi	x13,-1	 x13:0xfffe17d9 x13=0xfffe17d9
      777375000	     38767	8000b17e	0bd2	c.slli	x23,0x14	 x23:0x0000001f x23=0x01f00000
      777395000	     38768	8000b180	005b8cb3	add	x25,x23,x5	 x23:0x01f00000  x5:0x00000000 x25=0x01f00000
      777495000	     38773	8000b184	8311	c.srli	x14,0x4	 x14:0x0007c000 x14=0x00007c00
      777675000	     38782	8000b186	00d89c33	sll	x24,x17,x13	 x17:0x00000000 x13:0xfffe17d9 x24=0x00000000
      777695000	     38783	8000b18a	1afd	c.addi	x21,-1	 x21:0x0000001e x21=0x0000001d
      777775000	     38787	8000b18c	b162e8b7	lui	x17,0xb162e	 x17=0xb162e000
      778195000	     38808	8000b190	40cb5613	srai	x12,x22,0xc	 x22:0x0001f000 x12=0x0000001f
      778255000	     38811	8000b194	03791f33	mulh	x30,x18,x23	 x18:0xffffffff x23:0x01f00000 x30=0xffffffff
      778655000	     38831	8000b198	00528033	add	x0,x5,x5	  x5:0x00000000  x5:0x00000000  x0=0x00000000
      779075000	     38852	8000b19c	9afd	c.andi	x13,-1	 x13:0xfffe17d9 x13=0xfffe17d9
      779095000	     38853	8000b19e	8fbe	c.mv	x31,x15	  x0:0x00000000 x15:0xfeb2dd13 x31=0xfeb2dd13
      779255000	     38861	8000b1a0	03d79eb3	mulh	x29,x15,x29	 x15:0xfeb2dd13 x29:0x00000001 x29=0xffffffff
      779655000	     38881	8000b1a4	340337f3	csrrc	x15,mscratch,x6	  x6:0xfffffce4 x15=0x0000001f
      779675000	     38882	8000b1a8	922e	c.add	x4,x11	  x4:0x00000000 x11:0x000000ff  x4=0x000000ff
      779695000	     38883	8000b1aa	16fd	c.addi	x13,-1	 x13:0xfffe17d9 x13=0xfffe17d8
      780435000	     38920	8000b1ac	02e1e833	rem	x16,x3,x14	  x3:0x00000000 x14:0x00007c00 x16=0x00000000
      780455000	     38921	8000b1b0	c789	c.beqz	x15,8000b1ba	 x15:0x0000001f
      780475000	     38922	8000b1b2	0125fe33	and	x28,x11,x18	 x11:0x000000ff x18:0xffffffff x28=0x000000ff
      780495000	     38923	8000b1b6	40ddd133	sra	x2,x27,x13	 x27:0x00000001 x13:0xfffe17d8  x2=0x00000000
      780515000	     38924	8000b1ba	e505	c.bnez	x10,8000b1e2	 x10:0x00000000
      780535000	     38925	8000b1bc	c08f4c37	lui	x24,0xc08f4	 x24=0xc08f4000
      780555000	     38926	8000b1c0	340adbf3	csrrwi	x23,mscratch,21	 x23=0x0000001b
      780575000	     38927	8000b1c4	0001	c.addi	x0,0	  x0:0x00000000  x0=0x00000000
      780595000	     38928	8000b1c6	8fc9	c.or	x15,x10	 x15:0x0000001f x10:0x00000000 x15=0x0000001f
      780795000	     38938	8000b1c8	34005f73	csrrwi	x30,mscratch,0	 x30=0x00000015
      781095000	     38953	8000b1cc	000bcfb3	xor	x31,x23,x0	 x23:0x0000001b  x0:0x00000000 x31=0x0000001b
      781115000	     38954	8000b1d0	41a5dc93	srai	x25,x11,0x1a	 x11:0x000000ff x25=0x00000000
      781135000	     38955	8000b1d4	016c7533	and	x10,x24,x22	 x24:0xc08f4000 x22:0x0001f000 x10=0x00014000
      781515000	     38974	8000b1d8	41d30f33	sub	x30,x6,x29	  x6:0xfffffce4 x29:0xffffffff x30=0xfffffce5
      781535000	     38975	8000b1dc	01620433	add	x8,x4,x22	  x4:0x000000ff x22:0x0001f000  x8=0x0001f0ff
      781895000	     38993	8000b1e0	e339	c.bnez	x14,8000b226	 x14:0x00007c00
      782255000	     39011	8000b226	e309	c.bnez	x14,8000b228	 x14:0x00007c00
      782955000	     39046	8000b228	3401ebf3	csrrsi	x23,mscratch,3	 x23=0x00000000
      783035000	     39050	8000b22c	717d	c.addi16sp	x2,-16	  x2:0x00000000  x2=0xfffffff0
      783055000	     39051	8000b22e	0001	c.addi	x0,0	  x0:0x00000000  x0=0x00000000
      783155000	     39056	8000b230	0243e163	bltu	x7,x4,8000b252	  x7:0xfaeb9c09  x4:0x000000ff
      783335000	     39065	8000b234	040f7163	bgeu	x30,x0,8000b276	 x30:0xfffffce5  x0:0x00000000
      784155000	     39106	8000b276	031f3333	mulhu	x6,x30,x17	 x30:0xfffffce5 x17:0xb162e000  x6=0xb162ddd9
      784175000	     39107	8000b27a	8cc5	c.or	x9,x9	  x9:0x0000f000  x9:0x0000f000  x9=0x0000f000
      784195000	     39108	8000b27c	401d8cb3	sub	x25,x27,x1	 x27:0x00000001  x1:0x00000000 x25=0x00000001
      784255000	     39111	8000b280	0000100f	fence.i	
      784895000	     39143	8000b284	006abfb3	sltu	x31,x21,x6	 x21:0x0000001d  x6:0xb162ddd9 x31=0x00000001
      785195000	     39158	8000b288	01fad533	srl	x10,x21,x31	 x21:0x0000001d x31:0x00000001 x10=0x0000000e
      785215000	     39159	8000b28c	8fd9	c.or	x15,x14	 x15:0x0000001f x14:0x00007c00 x15=0x00007c1f
      785235000	     39160	8000b28e	0000100f	fence.i	
      785975000	     39197	8000b292	e495	c.bnez	x9,8000b2be	  x9:0x0000f000
      786895000	     39243	8000b2be	340a9873	csrrw	x16,mscratch,x21	 x21:0x0000001d x16=0x00000003
      787135000	     39255	8000b2c2	cfa30e13	addi	x28,x6,-774	  x6:0xb162ddd9 x28=0xb162dad3
      787935000	     39295	8000b2c6	03d9d433	divu	x8,x19,x29	 x19:0x80021e0c x29:0xffffffff  x8=0x00000000
      787955000	     39296	8000b2ca	013bef63	bltu	x23,x19,8000b2e8	 x23:0x00000000 x19:0x80021e0c
      788095000	     39303	8000b2e8	4003d213	srai	x4,x7,0x0	  x7:0xfaeb9c09  x4=0xfaeb9c09
      788135000	     39305	8000b2ec	02d3ae33	mulhsu	x28,x7,x13	  x7:0xfaeb9c09 x13:0xfffe17d8 x28=0xfaeba5b8
      788375000	     39317	8000b2f0	34006873	csrrsi	x16,mscratch,0	 x16=0x0000001d
      789135000	     39355	8000b2f4	02abce33	div	x28,x23,x10	 x23:0x00000000 x10:0x0000000e x28=0x00000000
      789155000	     39356	8000b2f8	8ae5	c.andi	x13,25	 x13:0xfffe17d8 x13=0x00000018
      789175000	     39357	8000b2fa	717d	c.addi16sp	x2,-16	  x2:0xfffffff0  x2=0xffffffe0
      789195000	     39358	8000b2fc	0026ae33	slt	x28,x13,x2	 x13:0x00000018  x2:0xffffffe0 x28=0x00000000
      789215000	     39359	8000b300	01e1f463	bgeu	x3,x30,8000b308	  x3:0x00000000 x30:0xfffffce5
      789255000	     39361	8000b304	03072e33	mulhsu	x28,x14,x16	 x14:0x00007c00 x16:0x0000001d x28=0x00000000
      789275000	     39362	8000b308	00001e13	slli	x28,x0,0x0	  x0:0x00000000 x28=0x00000000
      789295000	     39363	8000b30c	6b9d	c.lui	x23,0x7	 x23=0x00007000
      789315000	     39364	8000b30e	8e25	c.xor	x12,x9	 x12:0x0000001f  x9:0x0000f000 x12=0x0000f01f
      789395000	     39368	8000b310	340a2b73	csrrs	x22,mscratch,x20	 x20:0xd5fad000 x22=0x0000001d
      789415000	     39369	8000b314	ee05	c.bnez	x12,8000b34c	 x12:0x0000f01f
      790515000	     39424	8000b34c	857a	c.mv	x10,x30	  x0:0x00000000 x30:0xfffffce5 x10=0xfffffce5
      790815000	     39439	8000b34e	02601163	bne	x0,x6,8000b370	  x0:0x00000000  x6:0xb162ddd9
      791095000	     39453	8000b370	0399a7b3	mulhsu	x15,x19,x25	 x19:0x80021e0c x25:0x00000001 x15=0xffffffff
      791115000	     39454	8000b374	0ff0000f	fence	iorw,iorw	
      791135000	     39455	8000b378	54fd	c.li	x9,-1	  x9=0xffffffff
      791155000	     39456	8000b37a	8c81	c.sub	x9,x8	  x9:0xffffffff  x8:0x00000000  x9=0xffffffff
      791175000	     39457	8000b37c	01a58d63	beq	x11,x26,8000b396	 x11:0x000000ff x26:0x80025ce4
      791215000	     39459	8000b380	0000100f	fence.i	
      791995000	     39498	8000b384	9b5a	c.add	x22,x22	 x22:0x0000001d x22:0x0000001d x22=0x0000003a
      792015000	     39499	8000b386	0990	c.addi4spn	x12,x2,208	 x12=0x000000b0
      792415000	     39519	8000b388	00f33a33	sltu	x20,x6,x15	  x6:0xb162ddd9 x15:0xffffffff x20=0x00000001
      792835000	     39540	8000b38c	0153a033	slt	x0,x7,x21	  x7:0xfaeb9c09 x21:0x0000001d  x0=0x00000000
      792975000	     39547	8000b390	8e09	c.sub	x12,x10	 x12:0x000000b0 x10:0xfffffce5 x12=0x000003cb
      792995000	     39548	8000b392	03868433	mul	x8,x13,x24	 x13:0x00000018 x24:0xc08f4000  x8=0x0d6e0000
      793435000	     39570	8000b396	023c5fb3	divu	x31,x24,x3	 x24:0xc08f4000  x3:0x00000000 x31=0xffffffff
      794175000	     39607	8000b39a	0323f933	remu	x18,x7,x18	  x7:0xfaeb9c09 x18:0xffffffff x18=0xfaeb9c09
      794195000	     39608	8000b39e	98cf3937	lui	x18,0x98cf3	 x18=0x98cf3000
      794215000	     39609	8000b3a2	8f19	c.sub	x14,x14	 x14:0x00007c00 x14:0x00007c00 x14=0x00000000
      794235000	     39610	8000b3a4	0436d363	bge	x13,x3,8000b3ea	 x13:0x00000018  x3:0x00000000
      794515000	     39624	8000b3ea	f24ea813	slti	x16,x29,-220	 x29:0xffffffff x16=0x00000000
      794535000	     39625	8000b3ee	898d	c.andi	x11,3	 x11:0x000000ff x11=0x00000003
      794575000	     39627	8000b3f0	03611eb3	mulh	x29,x2,x22	  x2:0xffffffe0 x22:0x0000003a x29=0xffffffff
      794915000	     39644	8000b3f4	02163433	mulhu	x8,x12,x1	 x12:0x000003cb  x1:0x00000000  x8=0x00000000
      795255000	     39661	8000b3f8	0000100f	fence.i	
      796195000	     39708	8000b3fc	97ec7e13	andi	x28,x24,-1666	 x24:0xc08f4000 x28=0xc08f4000
      796235000	     39710	8000b400	8d6d	c.and	x10,x11	 x10:0xfffffce5 x11:0x00000003 x10=0x00000001
      796255000	     39711	8000b402	011f6633	or	x12,x30,x17	 x30:0xfffffce5 x17:0xb162e000 x12=0xfffffce5
      796395000	     39718	8000b406	340c94f3	csrrw	x9,mscratch,x25	 x25:0x00000001  x9=0xd5fad01d
      796415000	     39719	8000b40a	0001	c.addi	x0,0	  x0:0x00000000  x0=0x00000000
      796435000	     39720	8000b40c	f7f8a713	slti	x14,x17,-129	 x17:0xb162e000 x14=0x00000001
      796815000	     39739	8000b410	340f2773	csrrs	x14,mscratch,x30	 x30:0xfffffce5 x14=0x00000001
      796835000	     39740	8000b414	01e1f563	bgeu	x3,x30,8000b41e	  x3:0x00000000 x30:0xfffffce5
      797575000	     39777	8000b418	02ffe833	rem	x16,x31,x15	 x31:0xffffffff x15:0xffffffff x16=0x00000000
      797595000	     39778	8000b41c	9c76	c.add	x24,x29	 x24:0xc08f4000 x29:0xffffffff x24=0xc08f3fff
      797615000	     39779	8000b41e	4117d333	sra	x6,x15,x17	 x15:0xffffffff x17:0xb162e000  x6=0xffffffff
      797635000	     39780	8000b422	ed74a693	slti	x13,x9,-297	  x9:0xd5fad01d x13=0x00000001
      797655000	     39781	8000b426	02c46763	bltu	x8,x12,8000b454	  x8:0x00000000 x12:0xfffffce5
      798175000	     39807	8000b454	0001	c.addi	x0,0	  x0:0x00000000  x0=0x00000000
      798595000	     39828	8000b456	4ae2ed93	ori	x27,x5,1198	  x5:0x00000000 x27=0x000004ae
      798615000	     39829	8000b45a	8f7d	c.and	x14,x15	 x14:0x00000001 x15:0xffffffff x14=0x00000001
      798635000	     39830	8000b45c	01401613	slli	x12,x0,0x14	  x0:0x00000000 x12=0x00000000
      798655000	     39831	8000b460	02fa8363	beq	x21,x15,8000b486	 x21:0x0000001d x15:0xffffffff
      798675000	     39832	8000b464	01f525b3	slt	x11,x10,x31	 x10:0x00000001 x31:0xffffffff x11=0x00000000
      798715000	     39834	8000b468	0322bb33	mulhu	x22,x5,x18	  x5:0x00000000 x18:0x98cf3000 x22=0x00000000
      799455000	     39871	8000b46c	035474b3	remu	x9,x8,x21	  x8:0x00000000 x21:0x0000001d  x9=0x00000000
      799475000	     39872	8000b470	717d	c.addi16sp	x2,-16	  x2:0xffffffe0  x2=0xffffffd0
      799495000	     39873	8000b472	f0ddfd93	andi	x27,x27,-243	 x27:0x000004ae x27=0x0000040c
      799515000	     39874	8000b476	69d4f313	andi	x6,x9,1693	  x9:0x00000000  x6=0x00000000
      799535000	     39875	8000b47a	87d5	c.srai	x15,0x15	 x15:0xffffffff x15=0xffffffff
      799555000	     39876	8000b47c	0ff0000f	fence	iorw,iorw	
      799575000	     39877	8000b480	419f8433	sub	x8,x31,x25	 x31:0xffffffff x25:0x00000001  x8=0xfffffffe
      799595000	     39878	8000b484	6169	c.addi16sp	x2,208	  x2:0xffffffd0  x2=0x000000a0
      799615000	     39879	8000b486	96fa	c.add	x13,x30	 x13:0x00000001 x30:0xfffffce5 x13=0xfffffce6
      799635000	     39880	8000b488	4e49	c.li	x28,18	 x28=0x00000012
      799655000	     39881	8000b48a	015c08b3	add	x17,x24,x21	 x24:0xc08f3fff x21:0x0000001d x17=0xc08f401c
      800075000	     39902	8000b48e	3402e5f3	csrrsi	x11,mscratch,5	 x11=0xfffffce5
      800095000	     39903	8000b492	0000e263	bltu	x1,x0,8000b496	  x1:0x00000000  x0:0x00000000
      800115000	     39904	8000b496	523f2a93	slti	x21,x30,1315	 x30:0xfffffce5 x21=0x00000001
      800855000	     39941	8000b49a	03feddb3	divu	x27,x29,x31	 x29:0xffffffff x31:0xffffffff x27=0x00000001
      800875000	     39942	8000b49e	000827b3	slt	x15,x16,x0	 x16:0x00000000  x0:0x00000000 x15=0x00000000
      800895000	     39943	8000b4a2	03f986b3	mul	x13,x19,x31	 x19:0x80021e0c x31:0xffffffff x13=0x7ffde1f4
      800915000	     39944	8000b4a6	3403a973	csrrs	x18,mscratch,x7	  x7:0xfaeb9c09 x18=0xfffffce5
      800935000	     39945	8000b4aa	820d	c.srli	x12,0x3	 x12:0x00000000 x12=0x00000000
      800955000	     39946	8000b4ac	00e04cb3	xor	x25,x0,x14	  x0:0x00000000 x14:0x00000001 x25=0x00000001
      800975000	     39947	8000b4b0	01821f63	bne	x4,x24,8000b4ce	  x4:0xfaeb9c09 x24:0xc08f3fff
      801615000	     39979	8000b4ce	025f5b63	bge	x30,x5,8000b504	 x30:0xfffffce5  x5:0x00000000
      801635000	     39980	8000b4d2	87ce	c.mv	x15,x19	  x0:0x00000000 x19:0x80021e0c x15=0x80021e0c
      801655000	     39981	8000b4d4	340bfcf3	csrrci	x25,mscratch,23	 x25=0xfffffced
      801835000	     39990	8000b4d8	8ccd	c.or	x9,x11	  x9:0x00000000 x11:0xfffffce5  x9=0xfffffce5
      801855000	     39991	8000b4da	e89d	c.bnez	x9,8000b510	  x9:0xfffffce5
      802815000	     40039	8000b510	00961833	sll	x16,x12,x9	 x12:0x00000000  x9:0xfffffce5 x16=0x00000000
      802835000	     40040	8000b514	016caf33	slt	x30,x25,x22	 x25:0xfffffced x22:0x00000000 x30=0x00000001
      802855000	     40041	8000b518	0044c233	xor	x4,x9,x4	  x9:0xfffffce5  x4:0xfaeb9c09  x4=0x051460ec
      803055000	     40051	8000b51c	00b1ce33	xor	x28,x3,x11	  x3:0x00000000 x11:0xfffffce5 x28=0xfffffce5
      803355000	     40066	8000b520	ef95	c.bnez	x15,8000b55c	 x15:0x80021e0c
      804455000	     40121	8000b55c	c1e6fa93	andi	x21,x13,-994	 x13:0x7ffde1f4 x21=0x7ffde014
      804515000	     40124	8000b560	008460b3	or	x1,x8,x8	  x8:0xfffffffe  x8:0xfffffffe  x1=0xfffffffe
      804695000	     40133	8000b564	0088a933	slt	x18,x17,x8	 x17:0xc08f401c  x8:0xfffffffe x18=0x00000001
      804715000	     40134	8000b568	1f04	c.addi4spn	x9,x2,944	  x9=0x00000450
      805535000	     40175	8000b56a	0240c033	div	x0,x1,x4	  x1:0xfffffffe  x4:0x051460ec  x0=0x00000000
      805555000	     40176	8000b56e	0090ba33	sltu	x20,x1,x9	  x1:0xfffffffe  x9:0x00000450 x20=0x00000000
      805575000	     40177	8000b572	98da	c.add	x17,x22	 x17:0xc08f401c x22:0x00000000 x17=0xc08f401c
      805595000	     40178	8000b574	3a343797	auipc	x15,0x3a343	 x15=0xba34e574
      805615000	     40179	8000b578	41a255b3	sra	x11,x4,x26	  x4:0x051460ec x26:0x80025ce4 x11=0x0051460e
      805635000	     40180	8000b57c	13fe6213	ori	x4,x28,319	 x28:0xfffffce5  x4=0xfffffdff
      805655000	     40181	8000b580	0001	c.addi	x0,0	  x0:0x00000000  x0=0x00000000
      805675000	     40182	8000b582	012e7533	and	x10,x28,x18	 x28:0xfffffce5 x18:0x00000001 x10=0x00000001
      805715000	     40184	8000b586	22427893	andi	x17,x4,548	  x4:0xfffffdff x17=0x00000024
      806135000	     40205	8000b58a	e3f98e13	addi	x28,x19,-449	 x19:0x80021e0c x28=0x80021c4b
      806155000	     40206	8000b58e	01131513	slli	x10,x6,0x11	  x6:0x00000000 x10=0x00000000
      806335000	     40215	8000b592	381107b7	lui	x15,0x38110	 x15=0x38110000
      806755000	     40236	8000b596	34013373	csrrc	x6,mscratch,x2	  x2:0x000000a0  x6=0xfffffce8
      806775000	     40237	8000b59a	81be	c.mv	x3,x15	  x0:0x00000000 x15:0x38110000  x3=0x38110000
      806795000	     40238	8000b59c	00bb9c13	slli	x24,x23,0xb	 x23:0x00007000 x24=0x03800000
      806835000	     40240	8000b5a0	020e4533	div	x10,x28,x0	 x28:0x80021c4b  x0:0x00000000 x10=0xffffffff
      806935000	     40245	8000b5a4	406d8133	sub	x2,x27,x6	 x27:0x00000001  x6:0xfffffce8  x2=0x00000319
      807215000	     40259	8000b5a8	0001	c.addi	x0,0	  x0:0x00000000  x0=0x00000000
      807235000	     40260	8000b5aa	34003bf3	csrrc	x23,mscratch,x0	  x0:0x00000000 x23=0xfffffc48
      807255000	     40261	8000b5ae	8c79	c.and	x8,x14	  x8:0xfffffffe x14:0x00000001  x8=0x00000000
      807275000	     40262	8000b5b0	34002af3	csrrs	x21,mscratch,x0	  x0:0x00000000 x21=0xfffffc48
      807395000	     40268	8000b5b4	0174dcb3	srl	x25,x9,x23	  x9:0x00000450 x23:0xfffffc48 x25=0x00000004
      807415000	     40269	8000b5b8	01b3e033	or	x0,x7,x27	  x7:0xfaeb9c09 x27:0x00000001  x0=0x00000000
      807615000	     40279	8000b5bc	34071473	csrrw	x8,mscratch,x14	 x14:0x00000001  x8=0xfffffc48
      807635000	     40280	8000b5c0	117d	c.addi	x2,-1	  x2:0x00000319  x2=0x00000318
      807655000	     40281	8000b5c2	0146a6b3	slt	x13,x13,x20	 x13:0x7ffde1f4 x20:0x00000000 x13=0x00000000
      813435000	     40570	8000b5c6	03472eb3	mulhsu	x29,x14,x20	 x14:0x00000001 x20:0x00000000 x29=0x00000000
      813475000	     40572	8000b5ca	02791433	mulh	x8,x18,x7	 x18:0x00000001  x7:0xfaeb9c09  x8=0xffffffff
      813495000	     40573	8000b5ce	00981ab3	sll	x21,x16,x9	 x16:0x00000000  x9:0x00000450 x21=0x00000000
      813515000	     40574	8000b5d2	8c19	c.sub	x8,x14	  x8:0xffffffff x14:0x00000001  x8=0xfffffffe
      813535000	     40575	8000b5d4	8e1d	c.sub	x12,x15	 x12:0x00000000 x15:0x38110000 x12=0xc7ef0000
      813555000	     40576	8000b5d6	1510	c.addi4spn	x12,x2,672	 x12=0x000005b8
      813575000	     40577	8000b5d8	e711	c.bnez	x14,8000b5e4	 x14:0x00000001
      813755000	     40586	8000b5e4	00c93fb3	sltu	x31,x18,x12	 x18:0x00000001 x12:0x000005b8 x31=0x00000001
      813955000	     40596	8000b5e8	c0427e13	andi	x28,x4,-1020	  x4:0xfffffdff x28=0xfffffc04
      814175000	     40607	8000b5ec	8339	c.srli	x14,0xe	 x14:0x00000001 x14=0x00000000
      814235000	     40610	8000b5ee	340e5af3	csrrwi	x21,mscratch,28	 x21=0x00000001
      814255000	     40611	8000b5f2	9b1e	c.add	x22,x7	 x22:0x00000000  x7:0xfaeb9c09 x22=0xfaeb9c09
      814435000	     40620	8000b5f4	0147dab3	srl	x21,x15,x20	 x15:0x38110000 x20:0x00000000 x21=0x38110000
      814495000	     40623	8000b5f8	6159	c.addi16sp	x2,400	  x2:0x00000318  x2=0x000004a8
      814515000	     40624	8000b5fa	8fd9	c.or	x15,x14	 x15:0x38110000 x14:0x00000000 x15=0x38110000
      814595000	     40628	8000b5fc	00ccb533	sltu	x10,x25,x12	 x25:0x00000004 x12:0x000005b8 x10=0x00000001
      814735000	     40635	8000b600	6165	c.addi16sp	x2,112	  x2:0x000004a8  x2=0x00000518
      815015000	     40649	8000b602	04ab2093	slti	x1,x22,74	 x22:0xfaeb9c09  x1=0x00000001
      815435000	     40670	8000b606	01aeb1b3	sltu	x3,x29,x26	 x29:0x00000000 x26:0x80025ce4  x3=0x00000001
      815555000	     40676	8000b60a	e3953a37	lui	x20,0xe3953	 x20=0xe3953000
      815575000	     40677	8000b60e	030c	c.addi4spn	x11,x2,384	 x11=0x00000698
      815595000	     40678	8000b610	40430c13	addi	x24,x6,1028	  x6:0xfffffce8 x24=0x000000ec
      815715000	     40684	8000b614	1ba47f13	andi	x30,x8,442	  x8:0xfffffffe x30=0x000001ba
      815735000	     40685	8000b618	cc89	c.beqz	x9,8000b632	  x9:0x00000450
      815855000	     40691	8000b61a	00e126b3	slt	x13,x2,x14	  x2:0x00000518 x14:0x00000000 x13=0x00000000
      815875000	     40692	8000b61e	01189c33	sll	x24,x17,x17	 x17:0x00000024 x17:0x00000024 x24=0x00000240
      816035000	     40700	8000b622	0aaac037	lui	x0,0xaaac	  x0=0x00000000
      816055000	     40701	8000b626	0f9c	c.addi4spn	x15,x2,976	 x15=0x000008e8
      816075000	     40702	8000b628	405d0133	sub	x2,x26,x5	 x26:0x80025ce4  x5:0x00000000  x2=0x80025ce4
      816095000	     40703	8000b62c	0042cfb3	xor	x31,x5,x4	  x5:0x00000000  x4:0xfffffdff x31=0xfffffdff
      816115000	     40704	8000b630	8e6d	c.and	x12,x11	 x12:0x000005b8 x11:0x00000698 x12=0x00000498
      816135000	     40705	8000b632	01db7563	bgeu	x22,x29,8000b63c	 x22:0xfaeb9c09 x29:0x00000000
      816315000	     40714	8000b63c	003beb33	or	x22,x23,x3	 x23:0xfffffc48  x3:0x00000001 x22=0xfffffc49
      816755000	     40736	8000b640	0eca	c.slli	x29,0x12	 x29:0x00000000 x29=0x00000000
      816775000	     40737	8000b642	00709f93	slli	x31,x1,0x7	  x1:0x00000001 x31=0x00000080
      816835000	     40740	8000b646	01959263	bne	x11,x25,8000b64a	 x11:0x00000698 x25:0x00000004
      817195000	     40758	8000b64a	611d	c.addi16sp	x2,416	  x2:0x80025ce4  x2=0x80025e84
      817215000	     40759	8000b64c	0001	c.addi	x0,0	  x0:0x00000000  x0=0x00000000
      817235000	     40760	8000b64e	8f7d	c.and	x14,x15	 x14:0x00000000 x15:0x000008e8 x14=0x00000000
      817255000	     40761	8000b650	ffc14313	xori	x6,x2,-4	  x2:0x80025e84  x6=0x7ffda178
      817995000	     40798	8000b654	03af6e33	rem	x28,x30,x26	 x30:0x000001ba x26:0x80025ce4 x28=0x000001ba
      818015000	     40799	8000b658	012edb33	srl	x22,x29,x18	 x29:0x00000000 x18:0x00000001 x22=0x00000000
      818055000	     40801	8000b65c	02d39fb3	mulh	x31,x7,x13	  x7:0xfaeb9c09 x13:0x00000000 x31=0x00000000
      818075000	     40802	8000b660	128c	c.addi4spn	x11,x2,352	 x11=0x80025fe4
      818115000	     40804	8000b662	02095db3	divu	x27,x18,x0	 x18:0x00000001  x0:0x00000000 x27=0xffffffff
      818135000	     40805	8000b666	34003ef3	csrrc	x29,mscratch,x0	  x0:0x00000000 x29=0x0000001c
      818155000	     40806	8000b66a	57418693	addi	x13,x3,1396	  x3:0x00000001 x13=0x00000575
      818175000	     40807	8000b66e	16fd	c.addi	x13,-1	 x13:0x00000575 x13=0x00000574
      818575000	     40827	8000b670	02554bb3	div	x23,x10,x5	 x10:0x00000001  x5:0x00000000 x23=0xffffffff
      819395000	     40868	8000b674	03597833	remu	x16,x18,x21	 x18:0x00000001 x21:0x38110000 x16=0x00000001
      819435000	     40870	8000b678	025af0b3	remu	x1,x21,x5	 x21:0x38110000  x5:0x00000000  x1=0x38110000
      819455000	     40871	8000b67c	57fd	c.li	x15,-1	 x15=0xffffffff
      819475000	     40872	8000b67e	340dbf73	csrrc	x30,mscratch,x27	 x27:0xffffffff x30=0x0000001c
      819495000	     40873	8000b682	92310bb7	lui	x23,0x92310	 x23=0x92310000
      819515000	     40874	8000b686	f3d80793	addi	x15,x16,-195	 x16:0x00000001 x15=0xffffff3e
      820255000	     40911	8000b68a	0212c233	div	x4,x5,x1	  x5:0x00000000  x1:0x38110000  x4=0x00000000
      820995000	     40948	8000b68e	03786eb3	rem	x29,x16,x23	 x16:0x00000001 x23:0x92310000 x29=0x00000001
      821015000	     40949	8000b692	08a2	c.slli	x17,0x8	 x17:0x00000024 x17=0x00002400
      821035000	     40950	8000b694	158c	c.addi4spn	x11,x2,736	 x11=0x80026164
      821055000	     40951	8000b696	3401d1f3	csrrwi	x3,mscratch,3	  x3=0x00000000
      821075000	     40952	8000b69a	01821c33	sll	x24,x4,x24	  x4:0x00000000 x24:0x00000240 x24=0x00000000
      821095000	     40953	8000b69e	0001	c.addi	x0,0	  x0:0x00000000  x0=0x00000000
      821115000	     40954	8000b6a0	a508c013	xori	x0,x17,-1456	 x17:0x00002400  x0=0x00000000
      821135000	     40955	8000b6a4	8ea1	c.xor	x13,x8	 x13:0x00000574  x8:0xfffffffe x13=0xfffffa8a
      821155000	     40956	8000b6a6	0001	c.addi	x0,0	  x0:0x00000000  x0=0x00000000
      821175000	     40957	8000b6a8	0001	c.addi	x0,0	  x0:0x00000000  x0=0x00000000
      821295000	     40963	8000b6aa	04d29463	bne	x5,x13,8000b6f2	  x5:0x00000000 x13:0xfffffa8a
      821895000	     40993	8000b6f2	0001	c.addi	x0,0	  x0:0x00000000  x0=0x00000000
      821975000	     40997	8000b6f4	34007073	csrrci	x0,mscratch,0	  x0=0x00000000
      822135000	     41005	8000b6f8	00a56833	or	x16,x10,x10	 x10:0x00000001 x10:0x00000001 x16=0x00000001
      822255000	     41011	8000b6fc	01cd9363	bne	x27,x28,8000b702	 x27:0xffffffff x28:0x000001ba
      823495000	     41073	8000b702	03783db3	mulhu	x27,x16,x23	 x16:0x00000001 x23:0x92310000 x27=0x00000000
      823515000	     41074	8000b706	0729	c.addi	x14,10	 x14:0x00000000 x14=0x0000000a
      823555000	     41076	8000b708	9c3a	c.add	x24,x14	 x24:0x00000000 x14:0x0000000a x24=0x0000000a
      823855000	     41091	8000b70a	85227093	andi	x1,x4,-1966	  x4:0x00000000  x1=0x00000000
      823875000	     41092	8000b70e	0001	c.addi	x0,0	  x0:0x00000000  x0=0x00000000
      824275000	     41112	8000b710	0001	c.addi	x0,0	  x0:0x00000000  x0=0x00000000
      824295000	     41113	8000b712	9fb2	c.add	x31,x12	 x31:0x00000000 x12:0x00000498 x31=0x00000498
      824315000	     41114	8000b714	0227d363	bge	x15,x2,8000b73a	 x15:0xffffff3e  x2:0x80025e84
      824695000	     41133	8000b73a	002b9913	slli	x18,x23,0x2	 x23:0x92310000 x18=0x48c40000
      824795000	     41138	8000b73e	00e58c33	add	x24,x11,x14	 x11:0x80026164 x14:0x0000000a x24=0x8002616e
      825055000	     41151	8000b742	40175833	sra	x16,x14,x1	 x14:0x0000000a  x1:0x00000000 x16=0x0000000a
      825075000	     41152	8000b746	81c1	c.srli	x11,0x10	 x11:0x80026164 x11=0x00008002
      825215000	     41159	8000b748	8431	c.srai	x8,0xc	  x8:0xfffffffe  x8=0xffffffff
      825235000	     41160	8000b74a	8f29	c.xor	x14,x10	 x14:0x0000000a x10:0x00000001 x14=0x0000000b
      825575000	     41177	8000b74c	2e64eb97	auipc	x23,0x2e64e	 x23=0xae65974c
      825775000	     41187	8000b750	01981733	sll	x14,x16,x25	 x16:0x0000000a x25:0x00000004 x14=0x000000a0
      826195000	     41208	8000b754	e509	c.bnez	x10,8000b75e	 x10:0x00000001
      826935000	     41245	8000b75e	01210cb3	add	x25,x2,x18	  x2:0x80025e84 x18:0x48c40000 x25=0xc8c65e84
      826955000	     41246	8000b762	00e78033	add	x0,x15,x14	 x15:0xffffff3e x14:0x000000a0  x0=0x00000000
      827835000	     41290	8000b766	03a9c733	div	x14,x19,x26	 x19:0x80021e0c x26:0x80025ce4 x14=0x00000001
      827855000	     41291	8000b76a	02947463	bgeu	x8,x9,8000b792	  x8:0xffffffff  x9:0x00000450
      828155000	     41306	8000b792	408f51b3	sra	x3,x30,x8	 x30:0x0000001c  x8:0xffffffff  x3=0x00000000
      828175000	     41307	8000b796	401cdbb3	sra	x23,x25,x1	 x25:0xc8c65e84  x1:0x00000000 x23=0xc8c65e84
      828415000	     41319	8000b79a	61b78617	auipc	x12,0x61b78	 x12=0xe1b8379a
      828475000	     41322	8000b79e	49512b13	slti	x22,x2,1173	  x2:0x80025e84 x22=0x00000001
      828495000	     41323	8000b7a2	00ae07b3	add	x15,x28,x10	 x28:0x000001ba x10:0x00000001 x15=0x000001bb
      828555000	     41326	8000b7a6	02dc3333	mulhu	x6,x24,x13	 x24:0x8002616e x13:0xfffffa8a  x6=0x80025eb2
      828575000	     41327	8000b7aa	e995	c.bnez	x11,8000b7de	 x11:0x00008002
      829315000	     41364	8000b7de	0001	c.addi	x0,0	  x0:0x00000000  x0=0x00000000
      829355000	     41366	8000b7e0	717d	c.addi16sp	x2,-16	  x2:0x80025e84  x2=0x80025e74
      829375000	     41367	8000b7e2	60ad8c13	addi	x24,x27,1546	 x27:0x00000000 x24=0x0000060a
      829395000	     41368	8000b7e6	8cb5	c.xor	x9,x13	  x9:0x00000450 x13:0xfffffa8a  x9=0xfffffeda
      829415000	     41369	8000b7e8	340727f3	csrrs	x15,mscratch,x14	 x14:0x00000001 x15=0x00000003
      829535000	     41375	8000b7ec	0192	c.slli	x3,0x4	  x3:0x00000000  x3=0x00000000
      829595000	     41378	8000b7ee	7de9f817	auipc	x16,0x7de9f	 x16=0xfdeaa7ee
      829615000	     41379	8000b7f2	597d	c.li	x18,-1	 x18=0xffffffff
      829635000	     41380	8000b7f4	818d	c.srli	x11,0x3	 x11:0x00008002 x11=0x00001000
      829655000	     41381	8000b7f6	8f21	c.xor	x14,x8	 x14:0x00000001  x8:0xffffffff x14=0xfffffffe
      830035000	     41400	8000b7f8	0066feb3	and	x29,x13,x6	 x13:0xfffffa8a  x6:0x80025eb2 x29=0x80025a82
      830055000	     41401	8000b7fc	41d65033	sra	x0,x12,x29	 x12:0xe1b8379a x29:0x80025a82  x0=0x00000000
      830235000	     41410	8000b800	34002ff3	csrrs	x31,mscratch,x0	  x0:0x00000000 x31=0x00000003
      830255000	     41411	8000b804	1a2c4313	xori	x6,x24,418	 x24:0x0000060a  x6=0x000007a8
      830275000	     41412	8000b808	b381b413	sltiu	x8,x3,-1224	  x3:0x00000000  x8=0x00000001
      830295000	     41413	8000b80c	e695	c.bnez	x13,8000b838	 x13:0xfffffa8a
      830755000	     41436	8000b838	e63ae313	ori	x6,x21,-413	 x21:0x38110000  x6=0xfffffe63
      830795000	     41438	8000b83c	00742733	slt	x14,x8,x7	  x8:0x00000001  x7:0xfaeb9c09 x14=0x00000000
      830875000	     41442	8000b840	3406dc73	csrrwi	x24,mscratch,13	 x24=0x00000003
      831035000	     41450	8000b844	409ad933	sra	x18,x21,x9	 x21:0x38110000  x9:0xfffffeda x18=0x0000000e
      831055000	     41451	8000b848	340076f3	csrrci	x13,mscratch,0	 x13=0x0000000d
      831075000	     41452	8000b84c	fdd327b7	lui	x15,0xfdd32	 x15=0xfdd32000
      831155000	     41456	8000b850	13b64737	lui	x14,0x13b64	 x14=0x13b64000
      831435000	     41470	8000b854	6179	c.addi16sp	x2,464	  x2:0x80025e74  x2=0x80026044
      831455000	     41471	8000b856	082e	c.slli	x16,0xb	 x16:0xfdeaa7ee x16=0x553f7000
      831695000	     41483	8000b858	c2272213	slti	x4,x14,-990	 x14:0x13b64000  x4=0x00000000
      831735000	     41485	8000b85c	0306a433	mulhsu	x8,x13,x16	 x13:0x0000000d x16:0x553f7000  x8=0x00000004
      831755000	     41486	8000b860	3a7f3113	sltiu	x2,x30,935	 x30:0x0000001c  x2=0x00000001
      831875000	     41492	8000b864	006c30b3	sltu	x1,x24,x6	 x24:0x00000003  x6:0xfffffe63  x1=0x00000001
      832115000	     41504	8000b868	8ead	c.xor	x13,x11	 x13:0x0000000d x11:0x00001000 x13=0x0000100d
      832135000	     41505	8000b86a	1afd	c.addi	x21,-1	 x21:0x38110000 x21=0x3810ffff
      832315000	     41514	8000b86c	6be50713	addi	x14,x10,1726	 x10:0x00000001 x14=0x000006bf
      832335000	     41515	8000b870	cd01	c.beqz	x10,8000b888	 x10:0x00000001
      832755000	     41536	8000b872	34049073	csrrw	x0,mscratch,x9	  x9:0xfffffeda  x0=0x00000000
      833035000	     41550	8000b876	40958a33	sub	x20,x11,x9	 x11:0x00001000  x9:0xfffffeda x20=0x00001126
      833055000	     41551	8000b87a	415f82b3	sub	x5,x31,x21	 x31:0x00000003 x21:0x3810ffff  x5=0xc7ef0004
      833095000	     41553	8000b87e	03d2a833	mulhsu	x16,x5,x29	  x5:0xc7ef0004 x29:0x80025a82 x16=0xe3f6fc0d
      833115000	     41554	8000b882	87c9	c.srai	x15,0x12	 x15:0xfdd32000 x15=0xffffff74
      833135000	     41555	8000b884	340d2df3	csrrs	x27,mscratch,x26	 x26:0x80025ce4 x27=0xfffffeda
      833195000	     41558	8000b888	c209	c.beqz	x12,8000b88a	 x12:0xe1b8379a
      833395000	     41568	8000b88a	93aaa913	slti	x18,x21,-1734	 x21:0x3810ffff x18=0x00000000
      833415000	     41569	8000b88e	8dd9	c.or	x11,x14	 x11:0x00001000 x14:0x000006bf x11=0x000016bf
      833435000	     41570	8000b890	340978f3	csrrci	x17,mscratch,18	 x17=0xfffffefe
      833655000	     41581	8000b894	0001	c.addi	x0,0	  x0:0x00000000  x0=0x00000000
      833675000	     41582	8000b896	997d	c.andi	x10,-1	 x10:0x00000001 x10=0x00000001
      833695000	     41583	8000b898	0106d363	bge	x13,x16,8000b89e	 x13:0x0000100d x16:0xe3f6fc0d
      834615000	     41629	8000b89e	002042b3	xor	x5,x0,x2	  x0:0x00000000  x2:0x00000001  x5=0x00000001
      834915000	     41644	8000b8a2	a10c6713	ori	x14,x24,-1520	 x24:0x00000003 x14=0xfffffa13
      835655000	     41681	8000b8a6	028d6533	rem	x10,x26,x8	 x26:0x80025ce4  x8:0x00000004 x10=0x00000000
      835675000	     41682	8000b8aa	3402e4f3	csrrsi	x9,mscratch,5	  x9=0xfffffeec
      835695000	     41683	8000b8ae	87ae	c.mv	x15,x11	  x0:0x00000000 x11:0x000016bf x15=0x000016bf
      835715000	     41684	8000b8b0	a8475bb7	lui	x23,0xa8475	 x23=0xa8475000
      835735000	     41685	8000b8b4	8c55	c.or	x8,x13	  x8:0x00000004 x13:0x0000100d  x8=0x0000100d
      835755000	     41686	8000b8b6	1f00	c.addi4spn	x8,x2,944	  x8=0x000003b1
      835775000	     41687	8000b8b8	00991f63	bne	x18,x9,8000b8d6	 x18:0x00000000  x9:0xfffffeec
      836215000	     41709	8000b8d6	9706	c.add	x14,x1	 x14:0xfffffa13  x1:0x00000001 x14=0xfffffa14
      836475000	     41722	8000b8d8	0000100f	fence.i	
      836615000	     41729	8000b8dc	8ed1	c.or	x13,x12	 x13:0x0000100d x12:0xe1b8379a x13=0xe1b8379f
      836635000	     41730	8000b8de	340852f3	csrrwi	x5,mscratch,16	  x5=0xfffffeed
      836655000	     41731	8000b8e2	6131	c.addi16sp	x2,320	  x2:0x00000001  x2=0x00000141
      836735000	     41735	8000b8e4	8539	c.srai	x10,0xe	 x10:0x00000000 x10=0x00000000
      836755000	     41736	8000b8e6	8fed	c.and	x15,x11	 x15:0x000016bf x11:0x000016bf x15=0x000016bf
      836875000	     41742	8000b8e8	02209cb3	mulh	x25,x1,x2	  x1:0x00000001  x2:0x00000141 x25=0x00000000
      836895000	     41743	8000b8ec	03c18a63	beq	x3,x28,8000b920	  x3:0x00000000 x28:0x000001ba
      837275000	     41762	8000b8f0	03bf6363	bltu	x30,x27,8000b916	 x30:0x0000001c x27:0xfffffeda
      837835000	     41790	8000b916	003e18b3	sll	x17,x28,x3	 x28:0x000001ba  x3:0x00000000 x17=0x000001ba
      837855000	     41791	8000b91a	cb11	c.beqz	x14,8000b92e	 x14:0xfffffa14
      838035000	     41800	8000b91c	3405edf3	csrrsi	x27,mscratch,11	 x27=0x00000010
      838055000	     41801	8000b920	01e25a63	bge	x4,x30,8000b934	  x4:0x00000000 x30:0x0000001c
      838315000	     41814	8000b924	e11d	c.bnez	x10,8000b94a	 x10:0x00000000
      838635000	     41830	8000b926	41350a33	sub	x20,x10,x19	 x10:0x00000000 x19:0x80021e0c x20=0x7ffde1f4
      838655000	     41831	8000b92a	ee81	c.bnez	x13,8000b942	 x13:0xe1b8379f
      839075000	     41852	8000b942	34047ef3	csrrci	x29,mscratch,8	 x29=0x0000001b
      839095000	     41853	8000b946	40475913	srai	x18,x14,0x4	 x14:0xfffffa14 x18=0xffffffa1
      839115000	     41854	8000b94a	8d21	c.xor	x10,x8	 x10:0x00000000  x8:0x000003b1 x10=0x000003b1
      839515000	     41874	8000b94c	030c	c.addi4spn	x11,x2,384	 x11=0x000002c1
      839935000	     41895	8000b94e	0ff0000f	fence	iorw,iorw	
      839975000	     41897	8000b952	340b1973	csrrw	x18,mscratch,x22	 x22:0x00000001 x18=0x00000013
      839995000	     41898	8000b956	bdef2613	slti	x12,x30,-1058	 x30:0x0000001c x12=0x00000000
      840115000	     41904	8000b95a	02a99a33	mulh	x20,x19,x10	 x19:0x80021e0c x10:0x000003b1 x20=0xfffffe27
      840135000	     41905	8000b95e	8e45	c.or	x12,x9	 x12:0x00000000  x9:0xfffffeec x12=0xfffffeec
      840235000	     41910	8000b960	8d65	c.and	x10,x9	 x10:0x000003b1  x9:0xfffffeec x10=0x000002a0
      840255000	     41911	8000b962	01b58563	beq	x11,x27,8000b96c	 x11:0x000002c1 x27:0x00000010
      840275000	     41912	8000b966	8335	c.srli	x14,0xd	 x14:0xfffffa14 x14=0x0007ffff
      840355000	     41916	8000b968	fe55a1b7	lui	x3,0xfe55a	  x3=0xfe55a000
      847755000	     42286	8000b96c	006174b3	and	x9,x2,x6	  x2:0x00000141  x6:0xfffffe63  x9=0x00000041
      847775000	     42287	8000b970	40368633	sub	x12,x13,x3	 x13:0xe1b8379f  x3:0xfe55a000 x12=0xe362979f
      847795000	     42288	8000b974	03d08033	mul	x0,x1,x29	  x1:0x00000001 x29:0x0000001b  x0=0x00000000
      847815000	     42289	8000b978	34061cf3	csrrw	x25,mscratch,x12	 x12:0xe362979f x25=0x00000001
      847835000	     42290	8000b97c	e121	c.bnez	x10,8000b9bc	 x10:0x000002a0
      848355000	     42316	8000b9bc	6119	c.addi16sp	x2,384	  x2:0x00000141  x2=0x000002c1
      848395000	     42318	8000b9be	011dd263	bge	x27,x17,8000b9c2	 x27:0x00000010 x17:0x000001ba
      848415000	     42319	8000b9c2	8ff5	c.and	x15,x13	 x15:0x000016bf x13:0xe1b8379f x15=0x0000169f
      848435000	     42320	8000b9c4	8119	c.srli	x10,0x6	 x10:0x000002a0 x10=0x0000000a
      848455000	     42321	8000b9c6	8cfa0693	addi	x13,x20,-1841	 x20:0xfffffe27 x13=0xfffff6f6
      848475000	     42322	8000b9ca	00662db3	slt	x27,x12,x6	 x12:0xe362979f  x6:0xfffffe63 x27=0x00000001
      848495000	     42323	8000b9ce	8ca1	c.xor	x9,x8	  x9:0x00000041  x8:0x000003b1  x9=0x000003f0
      848515000	     42324	8000b9d0	0096df63	bge	x13,x9,8000b9ee	 x13:0xfffff6f6  x9:0x000003f0
      848535000	     42325	8000b9d4	04538c93	addi	x25,x7,69	  x7:0xfaeb9c09 x25=0xfaeb9c4e
      848555000	     42326	8000b9d8	0000100f	fence.i	
      849135000	     42355	8000b9dc	01c2d2b3	srl	x5,x5,x28	  x5:0xfffffeed x28:0x000001ba  x5=0x0000003f
      849155000	     42356	8000b9e0	0001	c.addi	x0,0	  x0:0x00000000  x0=0x00000000
      849175000	     42357	8000b9e2	34097df3	csrrci	x27,mscratch,18	 x27=0xe362979f
      849615000	     42379	8000b9e6	02d91e33	mulh	x28,x18,x13	 x18:0x00000013 x13:0xfffff6f6 x28=0xffffffff
      849635000	     42380	8000b9ea	02350e33	mul	x28,x10,x3	 x10:0x0000000a  x3:0xfe55a000 x28=0xef584000
      849655000	     42381	8000b9ee	cf01	c.beqz	x14,8000ba06	 x14:0x0007ffff
      849755000	     42386	8000b9f0	103b8313	addi	x6,x23,259	 x23:0xa8475000  x6=0xa8475103
      849795000	     42388	8000b9f4	02adaf33	mulhsu	x30,x27,x10	 x27:0xe362979f x10:0x0000000a x30=0xfffffffe
      850055000	     42401	8000b9f8	008f9893	slli	x17,x31,0x8	 x31:0x00000003 x17=0x00000300
      850255000	     42411	8000b9fc	503d2437	lui	x8,0x503d2	  x8=0x503d2000
      850275000	     42412	8000ba00	47adc237	lui	x4,0x47adc	  x4=0x47adc000
      850295000	     42413	8000ba04	ce15	c.beqz	x12,8000ba40	 x12:0xe362979f
      850715000	     42434	8000ba06	00bb20b3	slt	x1,x22,x11	 x22:0x00000001 x11:0x000002c1  x1=0x00000001
      851455000	     42471	8000ba0a	03b8c0b3	div	x1,x17,x27	 x17:0x00000300 x27:0xe362979f  x1=0x00000000
      851475000	     42472	8000ba0e	e79d	c.bnez	x15,8000ba3c	 x15:0x0000169f
      852235000	     42510	8000ba3c	01ae6ab3	or	x21,x28,x26	 x28:0xef584000 x26:0x80025ce4 x21=0xef5a5ce4
      852255000	     42511	8000ba40	0001	c.addi	x0,0	  x0:0x00000000  x0=0x00000000
      853375000	     42567	8000ba42	037248b3	div	x17,x4,x23	  x4:0x47adc000 x23:0xa8475000 x17=0x00000000
      853395000	     42568	8000ba46	8c55	c.or	x8,x13	  x8:0x503d2000 x13:0xfffff6f6  x8=0xfffff6f6
      853415000	     42569	8000ba48	016c94b3	sll	x9,x25,x22	 x25:0xfaeb9c4e x22:0x00000001  x9=0xf5d7389c
      853435000	     42570	8000ba4c	008ec763	blt	x29,x8,8000ba5a	 x29:0x0000001b  x8:0xfffff6f6
      853455000	     42571	8000ba50	0001	c.addi	x0,0	  x0:0x00000000  x0=0x00000000
      853475000	     42572	8000ba52	ea01	c.bnez	x12,8000ba62	 x12:0xe362979f
      853775000	     42587	8000ba62	00377b33	and	x22,x14,x3	 x14:0x0007ffff  x3:0xfe55a000 x22=0x0005a000
      854015000	     42599	8000ba66	0049ac83	lw	x25,4(x19)	 x19:0x80021e0c x25=0x80006220 PA:0x80021e10 load:0x80006220
      854195000	     42608	8000ba6a	41bfd0b3	sra	x1,x31,x27	 x31:0x00000003 x27:0xe362979f  x1=0x00000000
      854215000	     42609	8000ba6e	09e1	c.addi	x19,24	 x19:0x80021e0c x19=0x80021e24
      854335000	     42615	8000ba70	34031af3	csrrw	x21,mscratch,x6	  x6:0xa8475103 x21=0xe362978d
      854355000	     42616	8000ba74	80a9	c.srli	x9,0xa	  x9:0xf5d7389c  x9=0x003d75ce
      854375000	     42617	8000ba76	0ff0000f	fence	iorw,iorw	
      854395000	     42618	8000ba7a	000c8e13	addi	x28,x25,0	 x25:0x80006220 x28=0x80006220
      854415000	     42619	8000ba7e	8e02	c.jr	x28	 x28:0x80006220
      854795000	     42638	80006220	ffffeb97	auipc	x23,0xffffe	 x23=0x80004220
      854815000	     42639	80006224	984b8b93	addi	x23,x23,-1660	 x23:0x80004220 x23=0x80003ba4
      854915000	     42644	80006228	340f55f3	csrrwi	x11,mscratch,30	 x11=0xa8475103
      854995000	     42648	8000622c	e17b8b93	addi	x23,x23,-489	 x23:0x80003ba4 x23=0x800039bb
      855015000	     42649	80006230	400d8733	sub	x14,x27,x0	 x27:0xe362979f  x0:0x00000000 x14=0xe362979f
      855035000	     42650	80006234	6165	c.addi16sp	x2,112	  x2:0x000002c1  x2=0x00000331
      855775000	     42687	80006236	0233e533	rem	x10,x7,x3	  x7:0xfaeb9c09  x3:0xfe55a000 x10=0xffeabc09
      855795000	     42688	8000623a	8c51	c.or	x8,x12	  x8:0xfffff6f6 x12:0xe362979f  x8=0xfffff7ff
      855815000	     42689	8000623c	1eab8ce7	jalr	x25,490(x23)	 x23:0x800039bb x25=0x80006240
      855895000	     42693	80003ba4	018225b3	slt	x11,x4,x24	  x4:0x47adc000 x24:0x00000003 x11=0x00000000
      856275000	     42712	80003ba8	01e65593	srli	x11,x12,0x1e	 x12:0xe362979f x11=0x00000003
      856715000	     42734	80003bac	02579533	mulh	x10,x15,x5	 x15:0x0000169f  x5:0x0000003f x10=0x00000000
      856735000	     42735	80003bb0	613d	c.addi16sp	x2,480	  x2:0x00000331  x2=0x00000511
      856755000	     42736	80003bb2	87a1	c.srai	x15,0x8	 x15:0x0000169f x15=0x00000016
      856775000	     42737	80003bb4	e109	c.bnez	x10,80003bb6	 x10:0x00000000
      856795000	     42738	80003bb6	fd098993	addi	x19,x19,-48	 x19:0x80021e24 x19=0x80021df4
      856815000	     42739	80003bba	340061f3	csrrsi	x3,mscratch,0	  x3=0x0000001e
      856875000	     42742	80003bbe	0199a223	sw	x25,4(x19)	 x19:0x80021df4 x25:0x80006240 PA:0x80021df8 store:0x80006240 load:0xffffffff
      856895000	     42743	80003bc2	78a23f13	sltiu	x30,x4,1930	  x4:0x47adc000 x30=0x00000000
      856915000	     42744	80003bc6	8e21	c.xor	x12,x8	 x12:0xe362979f  x8:0xfffff7ff x12=0x1c9d6060
      857155000	     42756	80003bc8	4831	c.li	x16,12	 x16=0x0000000c
      857175000	     42757	80003bca	01bb4a63	blt	x22,x27,80003bde	 x22:0x0005a000 x27:0xe362979f
      857495000	     42773	80003bce	0096e033	or	x0,x13,x9	 x13:0xfffff6f6  x9:0x003d75ce  x0=0x00000000
      857515000	     42774	80003bd2	412656b3	sra	x13,x12,x18	 x12:0x1c9d6060 x18:0x00000013 x13=0x00000393
      857535000	     42775	80003bd6	001914b3	sll	x9,x18,x1	 x18:0x00000013  x1:0x00000000  x9=0x00000013
      857555000	     42776	80003bda	0063d913	srli	x18,x7,0x6	  x7:0xfaeb9c09 x18=0x03ebae70
      857575000	     42777	80003bde	cb1d	c.beqz	x14,80003c14	 x14:0xe362979f
      857915000	     42794	80003be0	4189d233	sra	x4,x19,x24	 x19:0x80021df4 x24:0x00000003  x4=0xf00043be
      858955000	     42846	80003be4	02c4c5b3	div	x11,x9,x12	  x9:0x00000013 x12:0x1c9d6060 x11=0x00000000
      858975000	     42847	80003be8	ef905917	auipc	x18,0xef905	 x18=0x6f908be8
      858995000	     42848	80003bec	0001	c.addi	x0,0	  x0:0x00000000  x0=0x00000000
      859015000	     42849	80003bee	8185	c.srli	x11,0x1	 x11:0x00000000 x11=0x00000000
      859035000	     42850	80003bf0	0c2fb313	sltiu	x6,x31,194	 x31:0x00000003  x6=0x00000001
      859095000	     42853	80003bf4	34076673	csrrsi	x12,mscratch,14	 x12=0x0000001e
      859255000	     42861	80003bf8	01ead913	srli	x18,x21,0x1e	 x21:0xe362978d x18=0x00000003
      859395000	     42868	80003bfc	405e5c13	srai	x24,x28,0x5	 x28:0x80006220 x24=0xfc000311
      859415000	     42869	80003c00	051c	c.addi4spn	x15,x2,640	 x15=0x00000791
      859515000	     42874	80003c02	2b9b9c17	auipc	x24,0x2b9b9	 x24=0xab9bcc02
      859535000	     42875	80003c06	8755	c.srai	x14,0x15	 x14:0xe362979f x14=0xffffff1b
      859595000	     42878	80003c08	831d	c.srli	x14,0x7	 x14:0xffffff1b x14=0x01fffffe
      859615000	     42879	80003c0a	8c81	c.sub	x9,x8	  x9:0x00000013  x8:0xfffff7ff  x9=0x00000814
      859775000	     42887	80003c0c	51a1f913	andi	x18,x3,1306	  x3:0x0000001e x18=0x0000001a
      859815000	     42889	80003c10	40110a33	sub	x20,x2,x1	  x2:0x00000511  x1:0x00000000 x20=0x00000511
      859835000	     42890	80003c14	01e98633	add	x12,x19,x30	 x19:0x80021df4 x30:0x00000000 x12=0x80021df4
      859935000	     42895	80003c18	127d	c.addi	x4,-1	  x4:0xf00043be  x4=0xf00043bd
      859955000	     42896	80003c1a	00bf04b3	add	x9,x30,x11	 x30:0x00000000 x11:0x00000000  x9=0x00000000
      859975000	     42897	80003c1e	0698	c.addi4spn	x14,x2,832	 x14=0x00000851
      859995000	     42898	80003c20	00189263	bne	x17,x1,80003c24	 x17:0x00000000  x1:0x00000000
      860115000	     42904	80003c24	000cf633	and	x12,x25,x0	 x25:0x80006240  x0:0x00000000 x12=0x00000000
      860335000	     42915	80003c28	03b2a033	mulhsu	x0,x5,x27	  x5:0x0000003f x27:0xe362979f  x0=0x00000000
      860475000	     42922	80003c2c	0001	c.addi	x0,0	  x0:0x00000000  x0=0x00000000
      860495000	     42923	80003c2e	0871	c.addi	x16,28	 x16:0x0000000c x16=0x00000028
      860515000	     42924	80003c30	c70d	c.beqz	x14,80003c5a	 x14:0x00000851
      860915000	     42944	80003c32	34003e73	csrrc	x28,mscratch,x0	  x0:0x00000000 x28=0x0000001e
      861115000	     42954	80003c36	00ef5033	srl	x0,x30,x14	 x30:0x00000000 x14:0x00000851  x0=0x00000000
      861135000	     42955	80003c3a	0001	c.addi	x0,0	  x0:0x00000000  x0=0x00000000
      861155000	     42956	80003c3c	f37b7037	lui	x0,0xf37b7	  x0=0x00000000
      861175000	     42957	80003c40	01a19db3	sll	x27,x3,x26	  x3:0x0000001e x26:0x80025ce4 x27=0x000001e0
      861195000	     42958	80003c44	41f25e33	sra	x28,x4,x31	  x4:0xf00043bd x31:0x00000003 x28=0xfe000877
      861355000	     42966	80003c48	01016433	or	x8,x2,x16	  x2:0x00000511 x16:0x00000028  x8=0x00000539
      861455000	     42971	80003c4c	8fbd	c.xor	x15,x15	 x15:0x00000791 x15:0x00000791 x15=0x00000000
      861875000	     42992	80003c4e	415f5c93	srai	x25,x30,0x15	 x30:0x00000000 x25=0x00000000
      862095000	     43003	80003c52	34097073	csrrci	x0,mscratch,18	  x0=0x00000000
      862515000	     43024	80003c56	bb2b6313	ori	x6,x22,-1102	 x22:0x0005a000  x6=0xfffffbb2
      863255000	     43061	80003c5a	02e846b3	div	x13,x16,x14	 x16:0x00000028 x14:0x00000851 x13=0x00000000
      863275000	     43062	80003c5e	13cd4b93	xori	x23,x26,316	 x26:0x80025ce4 x23=0x80025dd8
      863295000	     43063	80003c62	86a86293	ori	x5,x16,-1942	 x16:0x00000028  x5=0xfffff86a
      863335000	     43065	80003c66	02915e33	divu	x28,x2,x9	  x2:0x00000511  x9:0x00000000 x28=0xffffffff
      863355000	     43066	80003c6a	00cb9133	sll	x2,x23,x12	 x23:0x80025dd8 x12:0x00000000  x2=0x80025dd8
      863375000	     43067	80003c6e	0160d713	srli	x14,x1,0x16	  x1:0x00000000 x14=0x00000000
      863395000	     43068	80003c72	16fd	c.addi	x13,-1	 x13:0x00000000 x13=0xffffffff
      863415000	     43069	80003c74	34006b73	csrrsi	x22,mscratch,0	 x22=0x0000000c
      864315000	     43114	80003c78	0240c7b3	div	x15,x1,x4	  x1:0x00000000  x4:0xf00043bd x15=0x00000000
      864335000	     43115	80003c7c	0f00	c.addi4spn	x8,x2,912	  x8=0x80026168
      864355000	     43116	80003c7e	0086ed63	bltu	x13,x8,80003c98	 x13:0xffffffff  x8:0x80026168
      864375000	     43117	80003c82	8e71	c.and	x12,x12	 x12:0x00000000 x12:0x00000000 x12=0x00000000
      864395000	     43118	80003c84	e911	c.bnez	x10,80003c98	 x10:0x00000000
      864415000	     43119	80003c86	8d15	c.sub	x10,x13	 x10:0x00000000 x13:0xffffffff x10=0x00000001
      864435000	     43120	80003c88	646d	c.lui	x8,0x1b	  x8=0x0001b000
      864475000	     43122	80003c8a	02c8ef33	rem	x30,x17,x12	 x17:0x00000000 x12:0x00000000 x30=0x00000000
      865215000	     43159	80003c8e	02236ab3	rem	x21,x6,x2	  x6:0xfffffbb2  x2:0x80025dd8 x21=0xfffffbb2
      865235000	     43160	80003c92	016e26b3	slt	x13,x28,x22	 x28:0xffffffff x22:0x0000000c x13=0x00000001
      865255000	     43161	80003c96	717d	c.addi16sp	x2,-16	  x2:0x80025dd8  x2=0x80025dc8
      865275000	     43162	80003c98	8be1	c.andi	x15,24	 x15:0x00000000 x15=0x00000000
      865335000	     43165	80003c9a	0049ac83	lw	x25,4(x19)	 x19:0x80021df4 x25=0x80006240 PA:0x80021df8 load:0x80006240
      865355000	     43166	80003c9e	34002073	csrrs	x0,mscratch,x0	  x0:0x00000000  x0=0x00000000
      865375000	     43167	80003ca2	073a	c.slli	x14,0xe	 x14:0x00000000 x14=0x00000000
      865395000	     43168	80003ca4	0001	c.addi	x0,0	  x0:0x00000000  x0=0x00000000
      865415000	     43169	80003ca6	01b07db3	and	x27,x0,x27	  x0:0x00000000 x27:0x000001e0 x27=0x00000000
      865475000	     43172	80003caa	02490633	mul	x12,x18,x4	 x18:0x0000001a  x4:0xf00043bd x12=0x6006e132
      865495000	     43173	80003cae	0009d0b3	srl	x1,x19,x0	 x19:0x80021df4  x0:0x00000000  x1=0x80021df4
      865655000	     43181	80003cb2	03098993	addi	x19,x19,48	 x19:0x80021df4 x19=0x80021e24
      865675000	     43182	80003cb6	85dd	c.srai	x11,0x17	 x11:0x00000000 x11=0x00000000
      865695000	     43183	80003cb8	40c7dc33	sra	x24,x15,x12	 x15:0x00000000 x12:0x6006e132 x24=0x00000000
      865795000	     43188	80003cbc	000c8b13	addi	x22,x25,0	 x25:0x80006240 x22=0x80006240
      865995000	     43198	80003cc0	9b02	c.jalr	x22	 x22:0x80006240  x1=0x80003cc2
      866755000	     43236	80006240	03f24cb3	div	x25,x4,x31	  x4:0xf00043bd x31:0x00000003 x25=0xfaaac13f
      866775000	     43237	80006244	071c	c.addi4spn	x15,x2,896	 x15=0x80026148
      866795000	     43238	80006246	00000617	auipc	x12,0x0	 x12=0x80006246
      866815000	     43239	8000624a	0fa60613	addi	x12,x12,250	 x12:0x80006246 x12=0x80006340
      866855000	     43241	8000624e	03e8e233	rem	x4,x17,x30	 x17:0x00000000 x30:0x00000000  x4=0x00000000
      866875000	     43242	80006252	6109	c.addi16sp	x2,128	  x2:0x80025dc8  x2=0x80025e48
      866895000	     43243	80006254	1808	c.addi4spn	x10,x2,48	 x10=0x80025e78
      866975000	     43247	80006256	40185793	srai	x15,x16,0x1	 x16:0x00000028 x15=0x00000014
      867195000	     43258	8000625a	35560613	addi	x12,x12,853	 x12:0x80006340 x12=0x80006695
      867215000	     43259	8000625e	340f2f73	csrrs	x30,mscratch,x30	 x30:0x00000000 x30=0x0000000c
      867235000	     43260	80006262	cab60ce7	jalr	x25,-853(x12)	 x12:0x80006695 x25=0x80006266
      867915000	     43294	80006340	003acc63	blt	x21,x3,80006358	 x21:0xfffffbb2  x3:0x0000001e
      868575000	     43327	80006358	1991	c.addi	x19,-28	 x19:0x80021e24 x19=0x80021e08
      868595000	     43328	8000635a	00d69613	slli	x12,x13,0xd	 x13:0x00000001 x12=0x00002000
      868815000	     43339	8000635e	0199a223	sw	x25,4(x19)	 x19:0x80021e08 x25:0x80006266 PA:0x80021e0c store:0x80006266 load:0xffffffff
      869555000	     43376	80006362	0320c5b3	div	x11,x1,x18	  x1:0x80003cc2 x18:0x0000001a x11=0xfb13b392
      870295000	     43413	80006366	035fdf33	divu	x30,x31,x21	 x31:0x00000003 x21:0xfffffbb2 x30=0x00000000
      870315000	     43414	8000636a	9afd	c.andi	x13,-1	 x13:0x00000001 x13=0x00000001
      870335000	     43415	8000636c	6641	c.lui	x12,0x10	 x12=0x00010000
      871075000	     43452	8000636e	03dbd033	divu	x0,x23,x29	 x23:0x80025dd8 x29:0x0000001b  x0=0x00000000
      871095000	     43453	80006372	00fe2833	slt	x16,x28,x15	 x28:0xffffffff x15:0x00000014 x16=0x00000001
      871115000	     43454	80006376	41b28733	sub	x14,x5,x27	  x5:0xfffff86a x27:0x00000000 x14=0xfffff86a
      871155000	     43456	8000637a	02041f33	mulh	x30,x8,x0	  x8:0x0001b000  x0:0x00000000 x30=0x00000000
      871175000	     43457	8000637e	945fdcef	jal	x25,80003cc2	 x25=0x80006382
      871235000	     43460	80003cc2	26ab4193	xori	x3,x22,618	 x22:0x80006240  x3=0x8000602a
      871255000	     43461	80003cc6	19d1	c.addi	x19,-12	 x19:0x80021e08 x19=0x80021dfc
      871275000	     43462	80003cc8	577d	c.li	x14,-1	 x14=0xffffffff
      871295000	     43463	80003cca	40d07b97	auipc	x23,0x40d07	 x23=0xc0d0acca
      871315000	     43464	80003cce	8c7e	c.mv	x24,x31	  x0:0x00000000 x31:0x00000003 x24=0x00000003
      871335000	     43465	80003cd0	0b16	c.slli	x22,0x5	 x22:0x80006240 x22=0x000c4800
      871355000	     43466	80003cd2	e24e7013	andi	x0,x28,-476	 x28:0xffffffff  x0=0x00000000
      871375000	     43467	80003cd6	567d	c.li	x12,-1	 x12=0xffffffff
      872135000	     43505	80003cd8	0199a223	sw	x25,4(x19)	 x19:0x80021dfc x25:0x80006382 PA:0x80021e00 store:0x80006382 load:0xffffffff
      872155000	     43506	80003cdc	9ffca793	slti	x15,x25,-1537	 x25:0x80006382 x15=0x00000001
      872195000	     43508	80003ce0	03b0dbb3	divu	x23,x1,x27	  x1:0x80003cc2 x27:0x00000000 x23=0xffffffff
      872215000	     43509	80003ce4	2d58b0b7	lui	x1,0x2d58b	  x1=0x2d58b000
      872235000	     43510	80003ce8	001e3ab3	sltu	x21,x28,x1	 x28:0xffffffff  x1:0x2d58b000 x21=0x00000000
      872375000	     43517	80003cec	00fc58b3	srl	x17,x24,x15	 x24:0x00000003 x15:0x00000001 x17=0x00000001
      872395000	     43518	80003cf0	42d9	c.li	x5,22	  x5=0x00000016
      872415000	     43519	80003cf2	9bfd	c.andi	x15,-1	 x15:0x00000001 x15=0x00000001
      872555000	     43526	80003cf4	340d54f3	csrrwi	x9,mscratch,26	  x9=0x0000000c
      872715000	     43534	80003cf8	e38d	c.bnez	x15,80003d1a	 x15:0x00000001
      873695000	     43583	80003d1a	8f95	c.sub	x15,x13	 x15:0x00000001 x13:0x00000001 x15=0x00000000
      873775000	     43587	80003d1c	34076ff3	csrrsi	x31,mscratch,14	 x31=0x0000001a
      873795000	     43588	80003d20	e403c217	auipc	x4,0xe403c	  x4=0x6403fd20
      873815000	     43589	80003d24	40865213	srai	x4,x12,0x8	 x12:0xffffffff  x4=0xffffffff
      874015000	     43599	80003d28	0000100f	fence.i	
      874575000	     43627	80003d2c	6c99	c.lui	x25,0x6	 x25=0x00006000
      874655000	     43631	80003d2e	34041073	csrrw	x0,mscratch,x8	  x8:0x0001b000  x0=0x00000000
      874675000	     43632	80003d32	8dd9	c.or	x11,x14	 x11:0xfb13b392 x14:0xffffffff x11=0xffffffff
      874695000	     43633	80003d34	0b8a	c.slli	x23,0x2	 x23:0xffffffff x23=0xfffffffc
      874775000	     43637	80003d36	00e69613	slli	x12,x13,0xe	 x13:0x00000001 x12=0x00004000
      874795000	     43638	80003d3a	0746	c.slli	x14,0x11	 x14:0xffffffff x14=0xfffe0000
      875195000	     43658	80003d3c	0e36	c.slli	x28,0xd	 x28:0xffffffff x28=0xffffe000
      875215000	     43659	80003d3e	8d21	c.xor	x10,x8	 x10:0x80025e78  x8:0x0001b000 x10=0x8003ee78
      875255000	     43661	80003d40	03c2a4b3	mulhsu	x9,x5,x28	  x5:0x00000016 x28:0xffffe000  x9=0x00000015
      875275000	     43662	80003d44	01e05413	srli	x8,x0,0x1e	  x0:0x00000000  x8=0x00000000
      875295000	     43663	80003d48	9e288813	addi	x16,x17,-1566	 x17:0x00000001 x16=0xfffff9e3
      875355000	     43666	80003d4c	80f9	c.srli	x9,0x1e	  x9:0x00000015  x9=0x00000000
      875375000	     43667	80003d4e	037bcd63	blt	x23,x23,80003d88	 x23:0xfffffffc x23:0xfffffffc
      875395000	     43668	80003d52	34007173	csrrci	x2,mscratch,0	  x2=0x0001b000
      875555000	     43676	80003d56	86526e17	auipc	x28,0x86526	 x28=0x06529d56
      875575000	     43677	80003d5a	0c1e	c.slli	x24,0x7	 x24:0x00000003 x24=0x00000180
      875655000	     43681	80003d5c	00458eb3	add	x29,x11,x4	 x11:0xffffffff  x4:0xffffffff x29=0xfffffffe
      875815000	     43689	80003d60	ca85	c.beqz	x13,80003d90	 x13:0x00000001
      875835000	     43690	80003d62	9746	c.add	x14,x17	 x14:0xfffe0000 x17:0x00000001 x14=0xfffe0001
      875855000	     43691	80003d64	02067c63	bgeu	x12,x0,80003d9c	 x12:0x00004000  x0:0x00000000
      876695000	     43733	80003d9c	01e9a6b3	slt	x13,x19,x30	 x19:0x80021dfc x30:0x00000000 x13=0x00000001
      877435000	     43770	80003da0	031c7433	remu	x8,x24,x17	 x24:0x00000180 x17:0x00000001  x8=0x00000000
      877455000	     43771	80003da4	078c	c.addi4spn	x11,x2,960	 x11=0x0001b3c0
      877475000	     43772	80003da6	8de9	c.and	x11,x10	 x11:0x0001b3c0 x10:0x8003ee78 x11=0x0001a240
      877495000	     43773	80003da8	00e13f33	sltu	x30,x2,x14	  x2:0x0001b000 x14:0xfffe0001 x30=0x00000001
      877515000	     43774	80003dac	0001	c.addi	x0,0	  x0:0x00000000  x0=0x00000000
      877535000	     43775	80003dae	997a0717	auipc	x14,0x997a0	 x14=0x197a3dae
      877555000	     43776	80003db2	0398	c.addi4spn	x14,x2,448	 x14=0x0001b1c0
      877575000	     43777	80003db4	007290b3	sll	x1,x5,x7	  x5:0x00000016  x7:0xfaeb9c09  x1=0x00002c00
      877815000	     43789	80003db8	0000100f	fence.i	
      879295000	     43863	80003dbc	8e31	c.xor	x12,x12	 x12:0x00004000 x12:0x00004000 x12=0x00000000
      887975000	     44297	80003dbe	4de67813	andi	x16,x12,1246	 x12:0x00000000 x16=0x00000000
      887995000	     44298	80003dc2	41aed413	srai	x8,x29,0x1a	 x29:0xfffffffe  x8=0xffffffff
      888015000	     44299	80003dc6	0d08	c.addi4spn	x10,x2,656	 x10=0x0001b290
      888035000	     44300	80003dc8	03cfc163	blt	x31,x28,80003dea	 x31:0x0000001a x28:0x06529d56
      888615000	     44329	80003dea	048e	c.slli	x9,0x3	  x9:0x00000000  x9=0x00000000
      888715000	     44334	80003dec	40875213	srai	x4,x14,0x8	 x14:0x0001b1c0  x4=0x000001b1
      889135000	     44355	80003df0	6105	c.addi16sp	x2,32	  x2:0x0001b000  x2=0x0001b020
      889155000	     44356	80003df2	03e28e63	beq	x5,x30,80003e2e	  x5:0x00000016 x30:0x00000001
      889175000	     44357	80003df6	34002373	csrrs	x6,mscratch,x0	  x0:0x00000000  x6=0x0001b000
      889195000	     44358	80003dfa	98c2	c.add	x17,x16	 x17:0x00000001 x16:0x00000000 x17=0x00000001
      889315000	     44364	80003dfc	78342213	slti	x4,x8,1923	  x8:0xffffffff  x4=0x00000001
      890295000	     44413	80003e00	02e85333	divu	x6,x16,x14	 x16:0x00000000 x14:0x0001b1c0  x6=0x00000000
      890315000	     44414	80003e04	5f260413	addi	x8,x12,1522	 x12:0x00000000  x8=0x000005f2
      890335000	     44415	80003e08	050e	c.slli	x10,0x3	 x10:0x0001b290 x10=0x000d9480
      890355000	     44416	80003e0a	015340b3	xor	x1,x6,x21	  x6:0x00000000 x21:0x00000000  x1=0x00000000
      890375000	     44417	80003e0e	d6a34c93	xori	x25,x6,-662	  x6:0x00000000 x25=0xfffffd6a
      890395000	     44418	80003e12	0054aa33	slt	x20,x9,x5	  x9:0x00000000  x5:0x00000016 x20=0x00000001
      890415000	     44419	80003e16	8c3d	c.xor	x8,x15	  x8:0x000005f2 x15:0x00000000  x8=0x000005f2
      890435000	     44420	80003e18	ae1c4c13	xori	x24,x24,-1311	 x24:0x00000180 x24=0xfffffb61
      890855000	     44441	80003e1c	340894f3	csrrw	x9,mscratch,x17	 x17:0x00000001  x9=0x0001b000
      891055000	     44451	80003e20	6aad	c.lui	x21,0xb	 x21=0x0000b000
      891075000	     44452	80003e22	9452	c.add	x8,x20	  x8:0x000005f2 x20:0x00000001  x8=0x000005f3
      891095000	     44453	80003e24	8f71	c.and	x14,x12	 x14:0x0001b1c0 x12:0x00000000 x14=0x00000000
      891175000	     44457	80003e26	03ae8cb3	mul	x25,x29,x26	 x29:0xfffffffe x26:0x80025ce4 x25=0xfffb4638
      891195000	     44458	80003e2a	86d9	c.srai	x13,0x16	 x13:0x00000001 x13=0x00000000
      891595000	     44478	80003e2c	80f1	c.srli	x9,0x1c	  x9:0x0001b000  x9=0x00000000
      891635000	     44480	80003e2e	02343bb3	mulhu	x23,x8,x3	  x8:0x000005f3  x3:0x8000602a x23=0x000002f9
      892035000	     44500	80003e32	02478833	mul	x16,x15,x4	 x15:0x00000000  x4:0x00000001 x16=0x00000000
      892075000	     44502	80003e36	03398833	mul	x16,x19,x19	 x19:0x80021dfc x19:0x80021dfc x16=0x7b731010
      892095000	     44503	80003e3a	01824cb3	xor	x25,x4,x24	  x4:0x00000001 x24:0xfffffb61 x25=0xfffffb60
      892115000	     44504	80003e3e	868e	c.mv	x13,x3	  x0:0x00000000  x3:0x8000602a x13=0x8000602a
      892155000	     44506	80003e40	0265de33	divu	x28,x11,x6	 x11:0x0001a240  x6:0x00000000 x28=0xffffffff
      892175000	     44507	80003e44	014edfb3	srl	x31,x29,x20	 x29:0xfffffffe x20:0x00000001 x31=0x7fffffff
      892255000	     44511	80003e48	9a06	c.add	x20,x1	 x20:0x00000001  x1:0x00000000 x20=0x00000001
      892275000	     44512	80003e4a	0198e233	or	x4,x17,x25	 x17:0x00000001 x25:0xfffffb60  x4=0xfffffb61
      892295000	     44513	80003e4e	40fe5693	srai	x13,x28,0xf	 x28:0xffffffff x13=0xffffffff
      893035000	     44550	80003e52	030bfdb3	remu	x27,x23,x16	 x23:0x000002f9 x16:0x7b731010 x27=0x000002f9
      893055000	     44551	80003e56	614d	c.addi16sp	x2,176	  x2:0x0001b020  x2=0x0001b0d0
      893075000	     44552	80003e58	340cb073	csrrc	x0,mscratch,x25	 x25:0xfffffb60  x0=0x00000000
      893095000	     44553	80003e5c	8c35	c.xor	x8,x13	  x8:0x000005f3 x13:0xffffffff  x8=0xfffffa0c
      893115000	     44554	80003e5e	8d49	c.or	x10,x10	 x10:0x000d9480 x10:0x000d9480 x10=0x000d9480
      893135000	     44555	80003e60	8f31	c.xor	x14,x12	 x14:0x00000000 x12:0x00000000 x14=0x00000000
      893155000	     44556	80003e62	0386fe63	bgeu	x13,x24,80003e9e	 x13:0xffffffff x24:0xfffffb61
      893495000	     44573	80003e9e	00c3ab33	slt	x22,x7,x12	  x7:0xfaeb9c09 x12:0x00000000 x22=0x00000001
      893515000	     44574	80003ea2	c321	c.beqz	x14,80003ee2	 x14:0x00000000
      893815000	     44589	80003ee2	8f05	c.sub	x14,x9	 x14:0x00000000  x9:0x00000000 x14=0x00000000
      893835000	     44590	80003ee4	86cd	c.srai	x13,0x13	 x13:0xffffffff x13=0xffffffff
      893855000	     44591	80003ee6	9c5e	c.add	x24,x23	 x24:0xfffffb61 x23:0x000002f9 x24=0xfffffe5a
      893915000	     44594	80003ee8	4140d6b3	sra	x13,x1,x20	  x1:0x00000000 x20:0x00000001 x13=0x00000000
      894775000	     44637	80003eec	024d67b3	rem	x15,x26,x4	 x26:0x80025ce4  x4:0xfffffb61 x15=0xfffffe51
      894795000	     44638	80003ef0	1200	c.addi4spn	x8,x2,288	  x8=0x0001b1f0
      894815000	     44639	80003ef2	9d86	c.add	x27,x1	 x27:0x000002f9  x1:0x00000000 x27=0x000002f9
      894835000	     44640	80003ef4	0000100f	fence.i	
      895095000	     44653	80003ef8	8395	c.srli	x15,0x5	 x15:0xfffffe51 x15=0x07fffff2
      895115000	     44654	80003efa	081e	c.slli	x16,0x7	 x16:0x7b731010 x16=0xb9880800
      895135000	     44655	80003efc	c995	c.beqz	x11,80003f30	 x11:0x0001a240
      895875000	     44692	80003efe	03ccd033	divu	x0,x25,x28	 x25:0xfffffb60 x28:0xffffffff  x0=0x00000000
      895895000	     44693	80003f02	4b95	c.li	x23,5	 x23=0x00000005
      895915000	     44694	80003f04	0ff0000f	fence	iorw,iorw	
      895935000	     44695	80003f08	9bfd	c.andi	x15,-1	 x15:0x07fffff2 x15=0x07fffff2
      895955000	     44696	80003f0a	8ff9	c.and	x15,x14	 x15:0x07fffff2 x14:0x00000000 x15=0x00000000
      895975000	     44697	80003f0c	34006173	csrrsi	x2,mscratch,0	  x2=0x00000001
      895995000	     44698	80003f10	01612733	slt	x14,x2,x22	  x2:0x00000001 x22:0x00000001 x14=0x00000000
      896015000	     44699	80003f14	00245633	srl	x12,x8,x2	  x8:0x0001b1f0  x2:0x00000001 x12=0x0000d8f8
      896035000	     44700	80003f18	99fd	c.andi	x11,-1	 x11:0x0001a240 x11=0x0001a240
      896055000	     44701	80003f1a	34002473	csrrs	x8,mscratch,x0	  x0:0x00000000  x8=0x00000001
      896075000	     44702	80003f1e	814d	c.srli	x10,0x13	 x10:0x000d9480 x10=0x00000001
      896235000	     44710	80003f20	0001	c.addi	x0,0	  x0:0x00000000  x0=0x00000000
      896655000	     44731	80003f22	4068da33	sra	x20,x17,x6	 x17:0x00000001  x6:0x00000000 x20=0x00000001
      897075000	     44752	80003f26	a8d5e293	ori	x5,x11,-1395	 x11:0x0001a240  x5=0xfffffacd
      897115000	     44754	80003f2a	34006af3	csrrsi	x21,mscratch,0	 x21=0x00000001
      897135000	     44755	80003f2e	8b1a	c.mv	x22,x6	  x0:0x00000000  x6:0x00000000 x22=0x00000000
      897215000	     44759	80003f30	039cb7b3	mulhu	x15,x25,x25	 x25:0xfffffb60 x25:0xfffffb60 x15=0xfffff6c0
      897235000	     44760	80003f34	0000100f	fence.i	
      898115000	     44804	80003f38	019dc533	xor	x10,x27,x25	 x27:0x000002f9 x25:0xfffffb60 x10=0xfffff999
      898135000	     44805	80003f3c	02e5d563	bge	x11,x14,80003f66	 x11:0x0001a240 x14:0x00000000
      898555000	     44826	80003f66	a14ce637	lui	x12,0xa14ce	 x12=0xa14ce000
      898575000	     44827	80003f6a	026b5163	bge	x22,x6,80003f8c	 x22:0x00000000  x6:0x00000000
      899295000	     44863	80003f8c	987d	c.andi	x8,-1	  x8:0x00000001  x8=0x00000001
      899395000	     44868	80003f8e	3402bb73	csrrc	x22,mscratch,x5	  x5:0xfffffacd x22=0x00000001
      899815000	     44889	80003f92	41a75333	sra	x6,x14,x26	 x14:0x00000000 x26:0x80025ce4  x6=0x00000000
      899835000	     44890	80003f96	9a7d	c.andi	x12,-1	 x12:0xa14ce000 x12=0xa14ce000
      900095000	     44903	80003f98	006e71b3	and	x3,x28,x6	 x28:0xffffffff  x6:0x00000000  x3=0x00000000
      900115000	     44904	80003f9c	8f11	c.sub	x14,x12	 x14:0x00000000 x12:0xa14ce000 x14=0x5eb32000
      900135000	     44905	80003f9e	8da9	c.xor	x11,x10	 x11:0x0001a240 x10:0xfffff999 x11=0xfffe5bd9
      900155000	     44906	80003fa0	340b6173	csrrsi	x2,mscratch,22	  x2=0x00000000
      900175000	     44907	80003fa4	3e55a513	slti	x10,x11,997	 x11:0xfffe5bd9 x10=0x00000001
      900235000	     44910	80003fa8	4f31	c.li	x30,12	 x30=0x0000000c
      900655000	     44931	80003faa	e67dafb7	lui	x31,0xe67da	 x31=0xe67da000
      900675000	     44932	80003fae	00177433	and	x8,x14,x1	 x14:0x5eb32000  x1:0x00000000  x8=0x00000000
      900735000	     44935	80003fb2	008d5413	srli	x8,x26,0x8	 x26:0x80025ce4  x8=0x0080025c
      900875000	     44942	80003fb6	41850933	sub	x18,x10,x24	 x10:0x00000001 x24:0xfffffe5a x18=0x000001a7
      900895000	     44943	80003fba	0056c363	blt	x13,x5,80003fc0	 x13:0x00000000  x5:0xfffffacd
      900915000	     44944	80003fbe	717d	c.addi16sp	x2,-16	  x2:0x00000000  x2=0xfffffff0
      901655000	     44981	80003fc0	022958b3	divu	x17,x18,x2	 x18:0x000001a7  x2:0xfffffff0 x17=0x00000000
      901675000	     44982	80003fc4	03f3f563	bgeu	x7,x31,80003fee	  x7:0xfaeb9c09 x31:0xe67da000
      901895000	     44993	80003fee	8229	c.srli	x12,0xa	 x12:0xa14ce000 x12=0x00285338
      902315000	     45014	80003ff0	c20d	c.beqz	x12,80004012	 x12:0x00285338
      902755000	     45036	80003ff2	02943bb3	mulhu	x23,x8,x9	  x8:0x0080025c  x9:0x00000000 x23=0x00000000
      902775000	     45037	80003ff6	3698c013	xori	x0,x17,873	 x17:0x00000000  x0=0x00000000
      903175000	     45057	80003ffa	354db593	sltiu	x11,x27,852	 x27:0x000002f9 x11=0x00000001
      903595000	     45078	80003ffe	0074fb33	and	x22,x9,x7	  x9:0x00000000  x7:0xfaeb9c09 x22=0x00000000
      903615000	     45079	80004002	8bbd	c.andi	x15,15	 x15:0xfffff6c0 x15=0x00000000
      903775000	     45087	80004004	34007bf3	csrrci	x23,mscratch,0	 x23=0x00000016
      903915000	     45094	80004008	011a2533	slt	x10,x20,x17	 x20:0x00000001 x17:0x00000000 x10=0x00000000
      903975000	     45097	8000400c	33a7f193	andi	x3,x15,826	 x15:0x00000000  x3=0x00000000
      903995000	     45098	80004010	8106	c.mv	x2,x1	  x0:0x00000000  x1:0x00000000  x2=0x00000000
      904015000	     45099	80004012	8199	c.srli	x11,0x6	 x11:0x00000001 x11=0x00000000
      904095000	     45103	80004014	00739c63	bne	x7,x7,8000402c	  x7:0xfaeb9c09  x7:0xfaeb9c09
      904115000	     45104	80004018	340937f3	csrrc	x15,mscratch,x18	 x18:0x000001a7 x15=0x00000016
      904375000	     45117	8000401c	963e	c.add	x12,x15	 x12:0x00285338 x15:0x00000016 x12=0x0028534e
      904395000	     45118	8000401e	8c15	c.sub	x8,x13	  x8:0x0080025c x13:0x00000000  x8=0x0080025c
      904415000	     45119	80004020	02ae	c.slli	x5,0xb	  x5:0xfffffacd  x5=0xffd66800
      904435000	     45120	80004022	98fd	c.andi	x9,-1	  x9:0x00000000  x9=0x00000000
      904515000	     45124	80004024	0bce	c.slli	x23,0x13	 x23:0x00000016 x23=0x00b00000
      904535000	     45125	80004026	009d6e33	or	x28,x26,x9	 x26:0x80025ce4  x9:0x00000000 x28=0x80025ce4
      904555000	     45126	8000402a	e01d	c.bnez	x8,80004050	  x8:0x0080025c
      904935000	     45145	80004050	e65bb493	sltiu	x9,x23,-411	 x23:0x00b00000  x9=0x00000001
      904955000	     45146	80004054	6ce9	c.lui	x25,0x1a	 x25=0x0001a000
      905135000	     45155	80004056	340cd7f3	csrrwi	x15,mscratch,25	 x15=0x00000010
      905155000	     45156	8000405a	05d9	c.addi	x11,22	 x11:0x00000000 x11=0x00000016
      905175000	     45157	8000405c	34025673	csrrwi	x12,mscratch,4	 x12=0x00000019
      905195000	     45158	80004060	8c5d	c.or	x8,x15	  x8:0x0080025c x15:0x00000010  x8=0x0080025c
      905215000	     45159	80004062	03516c63	bltu	x2,x21,8000409a	  x2:0x00000000 x21:0x00000001
      905835000	     45190	8000409a	8979	c.andi	x10,30	 x10:0x00000000 x10=0x00000000
      906255000	     45211	8000409c	018b1913	slli	x18,x22,0x18	 x22:0x00000000 x18=0x00000000
      906275000	     45212	800040a0	0a14	c.addi4spn	x13,x2,272	 x13=0x00000110
      906415000	     45219	800040a2	340022f3	csrrs	x5,mscratch,x0	  x0:0x00000000  x5=0x00000004
      906435000	     45220	800040a6	8ff1	c.and	x15,x12	 x15:0x00000010 x12:0x00000019 x15=0x00000010
      906635000	     45230	800040a8	56b0f497	auipc	x9,0x56b0f	  x9=0xd6b130a8
      906655000	     45231	800040ac	00cc9893	slli	x17,x25,0xc	 x25:0x0001a000 x17=0x1a000000
      906675000	     45232	800040b0	026b9d63	bne	x23,x6,800040ea	 x23:0x00b00000  x6:0x00000000
      906955000	     45246	800040ea	01dc7433	and	x8,x24,x29	 x24:0xfffffe5a x29:0xfffffffe  x8=0xfffffe5a
      907375000	     45267	800040ee	03d38733	mul	x14,x7,x29	  x7:0xfaeb9c09 x29:0xfffffffe x14=0x0a28c7ee
      907475000	     45272	800040f2	0ff0000f	fence	iorw,iorw	
      907495000	     45273	800040f6	8c91	c.sub	x9,x12	  x9:0xd6b130a8 x12:0x00000019  x9=0xd6b1308f
      907515000	     45274	800040f8	34003673	csrrc	x12,mscratch,x0	  x0:0x00000000 x12=0x00000004
      907635000	     45280	800040fc	037ebe33	mulhu	x28,x29,x23	 x29:0xfffffffe x23:0x00b00000 x28=0x00afffff
      907655000	     45281	80004100	3407d573	csrrwi	x10,mscratch,15	 x10=0x00000004
      908055000	     45301	80004104	0143d263	bge	x7,x20,80004108	  x7:0xfaeb9c09 x20:0x00000001
      908455000	     45321	80004108	023b3233	mulhu	x4,x22,x3	 x22:0x00000000  x3:0x00000000  x4=0x00000000
      908475000	     45322	8000410c	039c8f33	mul	x30,x25,x25	 x25:0x0001a000 x25:0x0001a000 x30=0xa4000000
      908495000	     45323	80004110	00f51033	sll	x0,x10,x15	 x10:0x00000004 x15:0x00000010  x0=0x00000000
      908515000	     45324	80004114	e315	c.bnez	x14,80004138	 x14:0x0a28c7ee
      909175000	     45357	80004138	98ae	c.add	x17,x11	 x17:0x1a000000 x11:0x00000016 x17=0x1a000016
      909195000	     45358	8000413a	0000100f	fence.i	
      909795000	     45388	8000413e	05db9263	bne	x23,x29,80004182	 x23:0x00b00000 x29:0xfffffffe
      915475000	     45672	80004182	00cb5433	srl	x8,x22,x12	 x22:0x00000000 x12:0x00000004  x8=0x00000000
      915495000	     45673	80004186	8131	c.srli	x10,0xc	 x10:0x00000004 x10=0x00000000
      915515000	     45674	80004188	01b9a1b3	slt	x3,x19,x27	 x19:0x80021dfc x27:0x000002f9  x3=0x00000001
      915535000	     45675	8000418c	492d	c.li	x18,11	 x18=0x0000000b
      915575000	     45677	8000418e	02007db3	remu	x27,x0,x0	  x0:0x00000000  x0:0x00000000 x27=0x00000000
      915595000	     45678	80004192	8e55	c.or	x12,x13	 x12:0x00000004 x13:0x00000110 x12=0x00000114
      915615000	     45679	80004194	340316f3	csrrw	x13,mscratch,x6	  x6:0x00000000 x13=0x0000000f
      915635000	     45680	80004198	03bf0533	mul	x10,x30,x27	 x30:0xa4000000 x27:0x00000000 x10=0x00000000
      915655000	     45681	8000419c	03d58363	beq	x11,x29,800041c2	 x11:0x00000016 x29:0xfffffffe
      915675000	     45682	800041a0	40608eb3	sub	x29,x1,x6	  x1:0x00000000  x6:0x00000000 x29=0x00000000
      916415000	     45719	800041a4	032c68b3	rem	x17,x24,x18	 x24:0xfffffe5a x18:0x0000000b x17=0xfffffffc
      916435000	     45720	800041a8	34003773	csrrc	x14,mscratch,x0	  x0:0x00000000 x14=0x00000000
      916455000	     45721	800041ac	fca75e37	lui	x28,0xfca75	 x28=0xfca75000
      916475000	     45722	800041b0	16fd	c.addi	x13,-1	 x13:0x0000000f x13=0x0000000e
      916495000	     45723	800041b2	00a60033	add	x0,x12,x10	 x12:0x00000114 x10:0x00000000  x0=0x00000000
      916535000	     45725	800041b6	03606db3	rem	x27,x0,x22	  x0:0x00000000 x22:0x00000000 x27=0x00000000
      916555000	     45726	800041ba	8e59	c.or	x12,x14	 x12:0x00000114 x14:0x00000000 x12=0x00000114
      916595000	     45728	800041bc	0216f4b3	remu	x9,x13,x1	 x13:0x0000000e  x1:0x00000000  x9=0x0000000e
      916895000	     45743	800041c0	97da	c.add	x15,x22	 x15:0x00000010 x22:0x00000000 x15=0x00000010
      916915000	     45744	800041c2	0001	c.addi	x0,0	  x0:0x00000000  x0=0x00000000
      916935000	     45745	800041c4	34002af3	csrrs	x21,mscratch,x0	  x0:0x00000000 x21=0x00000000
      916955000	     45746	800041c8	717d	c.addi16sp	x2,-16	  x2:0x00000000  x2=0xfffffff0
      916975000	     45747	800041ca	40fe0833	sub	x16,x28,x15	 x28:0xfca75000 x15:0x00000010 x16=0xfca74ff0
      916995000	     45748	800041ce	00ca	c.slli	x1,0x12	  x1:0x00000000  x1=0x00000000
      917015000	     45749	800041d0	0c46	c.slli	x24,0x11	 x24:0xfffffe5a x24=0xfcb40000
      917035000	     45750	800041d2	9a7d	c.andi	x12,-1	 x12:0x00000114 x12=0x00000114
      917055000	     45751	800041d4	01b9f0b3	and	x1,x19,x27	 x19:0x80021dfc x27:0x00000000  x1=0x00000000
      917075000	     45752	800041d8	ebf33613	sltiu	x12,x6,-321	  x6:0x00000000 x12=0x00000001
      917315000	     45764	800041dc	01eb20b3	slt	x1,x22,x30	 x22:0x00000000 x30:0xa4000000  x1=0x00000000
      917355000	     45766	800041e0	02055eb3	divu	x29,x10,x0	 x10:0x00000000  x0:0x00000000 x29=0xffffffff
      917375000	     45767	800041e4	c415	c.beqz	x8,80004210	  x8:0x00000000
      917595000	     45778	80004210	98fd	c.andi	x9,-1	  x9:0x0000000e  x9=0x0000000e
      917615000	     45779	80004212	871a	c.mv	x14,x6	  x0:0x00000000  x6:0x00000000 x14=0x00000000
      917635000	     45780	80004214	6309	c.lui	x6,0x2	  x6=0x00002000
      917655000	     45781	80004216	0001	c.addi	x0,0	  x0:0x00000000  x0=0x00000000
      917875000	     45792	80004218	470d	c.li	x14,3	 x14=0x00000003
      917895000	     45793	8000421a	8dda	c.mv	x27,x22	  x0:0x00000000 x22:0x00000000 x27=0x00000000
      918135000	     45805	8000421c	41990133	sub	x2,x18,x25	 x18:0x0000000b x25:0x0001a000  x2=0xfffe600b
      918555000	     45826	80004220	e19d	c.bnez	x11,80004246	 x11:0x00000016
      919075000	     45852	80004246	6ad9	c.lui	x21,0x16	 x21=0x00016000
      919235000	     45860	80004248	610d	c.addi16sp	x2,160	  x2:0xfffe600b  x2=0xfffe60ab
      919255000	     45861	8000424a	8e95	c.sub	x13,x13	 x13:0x0000000e x13:0x0000000e x13=0x00000000
      919655000	     45881	8000424c	04c10163	beq	x2,x12,8000428e	  x2:0xfffe60ab x12:0x00000001
      919835000	     45890	80004250	81a9	c.srli	x11,0xa	 x11:0x00000016 x11=0x00000000
      920635000	     45930	80004252	03c962b3	rem	x5,x18,x28	 x18:0x0000000b x28:0xfca75000  x5=0x0000000b
      920655000	     45931	80004256	00cd6033	or	x0,x26,x12	 x26:0x80025ce4 x12:0x00000001  x0=0x00000000
      921395000	     45968	8000425a	03f3e6b3	rem	x13,x7,x31	  x7:0xfaeb9c09 x31:0xe67da000 x13=0xfaeb9c09
      921415000	     45969	8000425e	010782b3	add	x5,x15,x16	 x15:0x00000010 x16:0xfca74ff0  x5=0xfca75000
      921435000	     45970	80004262	0151e133	or	x2,x3,x21	  x3:0x00000001 x21:0x00016000  x2=0x00016001
      921455000	     45971	80004266	018b6933	or	x18,x22,x24	 x22:0x00000000 x24:0xfcb40000 x18=0xfcb40000
      921475000	     45972	8000426a	0ff0000f	fence	iorw,iorw	
      921495000	     45973	8000426e	0975	c.addi	x18,29	 x18:0xfcb40000 x18=0xfcb4001d
      921515000	     45974	80004270	7c902597	auipc	x11,0x7c902	 x11=0xfc906270
      922255000	     46011	80004274	0336f733	remu	x14,x13,x19	 x13:0xfaeb9c09 x19:0x80021dfc x14=0x7ae97e0d
      922275000	     46012	80004278	e79d	c.bnez	x15,800042a6	 x15:0x00000010
      922835000	     46040	800042a6	01d95633	srl	x12,x18,x29	 x18:0xfcb4001d x29:0xffffffff x12=0x00000001
      922855000	     46041	800042aa	9596	c.add	x11,x5	 x11:0xfc906270  x5:0xfca75000 x11=0xf937b270
      923075000	     46052	800042ac	8f75	c.and	x14,x13	 x14:0x7ae97e0d x13:0xfaeb9c09 x14=0x7ae91c09
      923095000	     46053	800042ae	018adf63	bge	x21,x24,800042cc	 x21:0x00016000 x24:0xfcb40000
      923575000	     46077	800042cc	0000100f	fence.i	
      924295000	     46113	800042d0	00305d93	srli	x27,x0,0x3	  x0:0x00000000 x27=0x00000000
      924335000	     46115	800042d4	02e0a8b3	mulhsu	x17,x1,x14	  x1:0x00000000 x14:0x7ae91c09 x17=0x00000000
      924355000	     46116	800042d8	03eb8f63	beq	x23,x30,80004316	 x23:0x00b00000 x30:0xa4000000
      924455000	     46121	800042dc	e195	c.bnez	x11,80004300	 x11:0xf937b270
      924955000	     46146	80004300	6b59	c.lui	x22,0x16	 x22=0x00016000
      924975000	     46147	80004302	0001	c.addi	x0,0	  x0:0x00000000  x0=0x00000000
      924995000	     46148	80004304	1b35dbb7	lui	x23,0x1b35d	 x23=0x1b35d000
      925155000	     46156	80004308	0001	c.addi	x0,0	  x0:0x00000000  x0=0x00000000
      925175000	     46157	8000430a	340038f3	csrrc	x17,mscratch,x0	  x0:0x00000000 x17=0x00000000
      925195000	     46158	8000430e	0ae60f13	addi	x30,x12,174	 x12:0x00000001 x30=0x000000af
      925215000	     46159	80004312	05d6d363	bge	x13,x29,80004358	 x13:0xfaeb9c09 x29:0xffffffff
      925255000	     46161	80004316	00ca3eb3	sltu	x29,x20,x12	 x20:0x00000001 x12:0x00000001 x29=0x00000000
      925475000	     46172	8000431a	006b8e33	add	x28,x23,x6	 x23:0x1b35d000  x6:0x00002000 x28=0x1b35f000
      925495000	     46173	8000431e	9432	c.add	x8,x12	  x8:0x00000000 x12:0x00000001  x8=0x00000001
      925535000	     46175	80004320	032cd863	bge	x25,x18,80004350	 x25:0x0001a000 x18:0xfcb4001d
      926295000	     46213	80004350	340054f3	csrrwi	x9,mscratch,0	  x9=0x00000000
      926375000	     46217	80004354	03c57163	bgeu	x10,x28,80004376	 x10:0x00000000 x28:0x1b35f000
      926575000	     46227	80004358	8585	c.srai	x11,0x1	 x11:0xf937b270 x11=0xfc9bd938
      926595000	     46228	8000435a	d67f6f93	ori	x31,x30,-665	 x30:0x000000af x31=0xfffffdef
      926615000	     46229	8000435e	ac750f13	addi	x30,x10,-1337	 x10:0x00000000 x30=0xfffffac7
      926635000	     46230	80004362	8796	c.mv	x15,x5	  x0:0x00000000  x5:0xfca75000 x15=0xfca75000
      926655000	     46231	80004364	34003673	csrrc	x12,mscratch,x0	  x0:0x00000000 x12=0x00000000
      926815000	     46239	80004368	0001	c.addi	x0,0	  x0:0x00000000  x0=0x00000000
      927015000	     46249	8000436a	34022273	csrrs	x4,mscratch,x4	  x4:0x00000000  x4=0x00000000
      927035000	     46250	8000436e	03c2fe63	bgeu	x5,x28,800043aa	  x5:0xfca75000 x28:0x1b35f000
      927855000	     46291	800043aa	8d29	c.xor	x10,x10	 x10:0x00000000 x10:0x00000000 x10=0x00000000
      927875000	     46292	800043ac	5808b593	sltiu	x11,x17,1408	 x17:0x00000000 x11=0x00000001
      927895000	     46293	800043b0	0185e633	or	x12,x11,x24	 x11:0x00000001 x24:0xfcb40000 x12=0xfcb40001
      928015000	     46299	800043b4	00d6de93	srli	x29,x13,0xd	 x13:0xfaeb9c09 x29=0x0007d75c
      928035000	     46300	800043b8	02688c33	mul	x24,x17,x6	 x17:0x00000000  x6:0x00002000 x24=0x00000000
      928155000	     46306	800043bc	0208f1b3	remu	x3,x17,x0	 x17:0x00000000  x0:0x00000000  x3=0x00000000
      928275000	     46312	800043c0	34007ff3	csrrci	x31,mscratch,0	 x31=0x00000000
      928575000	     46327	800043c4	fe2f4e93	xori	x29,x30,-30	 x30:0xfffffac7 x29=0x00000525
      928595000	     46328	800043c8	9b7d	c.andi	x14,-1	 x14:0x7ae91c09 x14=0x7ae91c09
      928695000	     46333	800043ca	01d4a5b3	slt	x11,x9,x29	  x9:0x00000000 x29:0x00000525 x11=0x00000001
      928815000	     46339	800043ce	01106463	bltu	x0,x17,800043d6	  x0:0x00000000 x17:0x00000000
      928835000	     46340	800043d2	108acc13	xori	x24,x21,264	 x21:0x00016000 x24=0x00016108
      928855000	     46341	800043d6	023a1963	bne	x20,x3,80004408	 x20:0x00000001  x3:0x00000000
      929095000	     46353	80004408	02b58363	beq	x11,x11,8000442e	 x11:0x00000001 x11:0x00000001
      930535000	     46425	8000442e	34007573	csrrci	x10,mscratch,0	 x10=0x00000000
      930555000	     46426	80004432	652d	c.lui	x10,0xb	 x10=0x0000b000
      930735000	     46435	80004434	95fa	c.add	x11,x30	 x11:0x00000001 x30:0xfffffac7 x11=0xfffffac8
      931655000	     46481	80004436	0345dfb3	divu	x31,x11,x20	 x11:0xfffffac8 x20:0x00000001 x31=0xfffffac8
      932395000	     46518	8000443a	032cc6b3	div	x13,x25,x18	 x25:0x0001a000 x18:0xfcb4001d x13=0x00000000
      932415000	     46519	8000443e	afe07c93	andi	x25,x0,-1282	  x0:0x00000000 x25=0x00000000
      932455000	     46521	80004442	02d81c33	mulh	x24,x16,x13	 x16:0xfca74ff0 x13:0x00000000 x24=0x00000000
      932475000	     46522	80004446	c339	c.beqz	x14,8000448c	 x14:0x7ae91c09
      932495000	     46523	80004448	e01d	c.bnez	x8,8000446e	  x8:0x00000001
      934035000	     46600	8000446e	03fc1cb3	mulh	x25,x24,x31	 x24:0x00000000 x31:0xfffffac8 x25=0x00000000
      934055000	     46601	80004472	9f0e	c.add	x30,x3	 x30:0xfffffac7  x3:0x00000000 x30=0xfffffac7
      934075000	     46602	80004474	027d07b3	mul	x15,x26,x7	 x26:0x80025ce4  x7:0xfaeb9c09 x15=0xddfc3404
      934175000	     46607	80004478	dc1f42b7	lui	x5,0xdc1f4	  x5=0xdc1f4000
      934195000	     46608	8000447c	ab276b97	auipc	x23,0xab276	 x23=0x2b27a47c
      934935000	     46645	80004480	03207233	remu	x4,x0,x18	  x0:0x00000000 x18:0xfcb4001d  x4=0x00000000
      934955000	     46646	80004484	0126a433	slt	x8,x13,x18	 x13:0x00000000 x18:0xfcb4001d  x8=0x00000000
      934975000	     46647	80004488	41215193	srai	x3,x2,0x12	  x2:0x00016001  x3=0x00000000
      934995000	     46648	8000448c	014f4633	xor	x12,x30,x20	 x30:0xfffffac7 x20:0x00000001 x12=0xfffffac6
      935115000	     46654	80004490	4139dc13	srai	x24,x19,0x13	 x19:0x80021dfc x24=0xfffff000
      935255000	     46661	80004494	8e49	c.or	x12,x10	 x12:0xfffffac6 x10:0x0000b000 x12=0xfffffac6
      935275000	     46662	80004496	000fb933	sltu	x18,x31,x0	 x31:0xfffffac8  x0:0x00000000 x18=0x00000000
      935655000	     46681	8000449a	0310ce33	div	x28,x1,x17	  x1:0x00000000 x17:0x00000000 x28=0xffffffff
      935755000	     46686	8000449e	03b2ac33	mulhsu	x24,x5,x27	  x5:0xdc1f4000 x27:0x00000000 x24=0x00000000
      935775000	     46687	800044a2	00984b33	xor	x22,x16,x9	 x16:0xfca74ff0  x9:0x00000000 x22=0xfca74ff0
      936075000	     46702	800044a6	0013df63	bge	x7,x1,800044c4	  x7:0xfaeb9c09  x1:0x00000000
      936095000	     46703	800044aa	27215437	lui	x8,0x27215	  x8=0x27215000
      936515000	     46724	800044ae	965acb93	xori	x23,x21,-1691	 x21:0x00016000 x23=0xfffe9965
      936615000	     46729	800044b2	3cf30eb7	lui	x29,0x3cf30	 x29=0x3cf30000
      936635000	     46730	800044b6	fb187513	andi	x10,x16,-79	 x16:0xfca74ff0 x10=0xfca74fb0
      936655000	     46731	800044ba	0001	c.addi	x0,0	  x0:0x00000000  x0=0x00000000
      936675000	     46732	800044bc	85e5a4b7	lui	x9,0x85e5a	  x9=0x85e5a000
      936695000	     46733	800044c0	3407b873	csrrc	x16,mscratch,x15	 x15:0xddfc3404 x16=0x00000000
      937095000	     46753	800044c4	8c4d	c.or	x8,x11	  x8:0x27215000 x11:0xfffffac8  x8=0xfffffac8
      937115000	     46754	800044c6	0e98	c.addi4spn	x14,x2,848	 x14=0x00016351
      937135000	     46755	800044c8	340e5973	csrrwi	x18,mscratch,28	 x18=0x00000000
      937535000	     46775	800044cc	c329	c.beqz	x14,8000450e	 x14:0x00016351
      937555000	     46776	800044ce	00c6e833	or	x16,x13,x12	 x13:0x00000000 x12:0xfffffac6 x16=0xfffffac6
      937975000	     46797	800044d2	41e781b3	sub	x3,x15,x30	 x15:0xddfc3404 x30:0xfffffac7  x3=0xddfc393d
      937995000	     46798	800044d6	01f64733	xor	x14,x12,x31	 x12:0xfffffac6 x31:0xfffffac8 x14=0x0000000e
      938395000	     46818	800044da	34002573	csrrs	x10,mscratch,x0	  x0:0x00000000 x10=0x0000001c
      938815000	     46839	800044de	34095ef3	csrrwi	x29,mscratch,18	 x29=0x0000001c
      938935000	     46845	800044e2	01328f63	beq	x5,x19,80004500	  x5:0xdc1f4000 x19:0x80021dfc
      938955000	     46846	800044e6	1cfd	c.addi	x25,-1	 x25:0x00000000 x25=0xffffffff
      938975000	     46847	800044e8	3407b4f3	csrrc	x9,mscratch,x15	 x15:0xddfc3404  x9=0x00000012
      938995000	     46848	800044ec	8cd9	c.or	x9,x14	  x9:0x00000012 x14:0x0000000e  x9=0x0000001e
      939015000	     46849	800044ee	34003373	csrrc	x6,mscratch,x0	  x0:0x00000000  x6=0x00000012
      939035000	     46850	800044f2	84dd	c.srai	x9,0x17	  x9:0x0000001e  x9=0x00000000
      939055000	     46851	800044f4	009bd793	srli	x15,x23,0x9	 x23:0xfffe9965 x15=0x007fff4c
      939215000	     46859	800044f8	d0c00b13	addi	x22,x0,-756	  x0:0x00000000 x22=0xfffffd0c
      939275000	     46862	800044fc	a50eb093	sltiu	x1,x29,-1456	 x29:0x0000001c  x1=0x00000001
      939295000	     46863	80004500	01804ab3	xor	x21,x0,x24	  x0:0x00000000 x24:0x00000000 x21=0x00000000
      939715000	     46884	80004504	000890b3	sll	x1,x17,x0	 x17:0x00000000  x0:0x00000000  x1=0x00000000
      939795000	     46888	80004508	943e	c.add	x8,x15	  x8:0xfffffac8 x15:0x007fff4c  x8=0x007ffa14
      939875000	     46892	8000450a	40885493	srai	x9,x16,0x8	 x16:0xfffffac6  x9=0xfffffffa
      939935000	     46895	8000450e	02568a33	mul	x20,x13,x5	 x13:0x00000000  x5:0xdc1f4000 x20=0x00000000
      939955000	     46896	80004512	52fd	c.li	x5,-1	  x5=0xffffffff
      939975000	     46897	80004514	340031f3	csrrc	x3,mscratch,x0	  x0:0x00000000  x3=0x00000012
      940135000	     46905	80004518	40195e13	srai	x28,x18,0x1	 x18:0x00000000 x28=0x00000000
      941035000	     46950	8000451c	03066633	rem	x12,x12,x16	 x12:0xfffffac6 x16:0xfffffac6 x12=0x00000000
      941055000	     46951	80004520	037dc663	blt	x27,x23,8000454c	 x27:0x00000000 x23:0xfffe9965
      941075000	     46952	80004524	4331	c.li	x6,12	  x6=0x0000000c
      941095000	     46953	80004526	04a29063	bne	x5,x10,80004566	  x5:0xffffffff x10:0x0000001c
      941215000	     46959	80004566	340475f3	csrrci	x11,mscratch,8	 x11=0x00000012
      941635000	     46980	8000456a	f26687b7	lui	x15,0xf2668	 x15=0xf2668000
      941975000	     46997	8000456e	8984b193	sltiu	x3,x9,-1896	  x9:0xfffffffa  x3=0x00000000
      941995000	     46998	80004572	40058433	sub	x8,x11,x0	 x11:0x00000012  x0:0x00000000  x8=0x00000012
      942175000	     47007	80004576	34013673	csrrc	x12,mscratch,x2	  x2:0x00016001 x12=0x00000012
      942195000	     47008	8000457a	8e25	c.xor	x12,x9	 x12:0x00000012  x9:0xfffffffa x12=0xffffffe8
      942375000	     47017	8000457c	02150db3	mul	x27,x10,x1	 x10:0x0000001c  x1:0x00000000 x27=0x00000000
      942415000	     47019	80004580	02e138b3	mulhu	x17,x2,x14	  x2:0x00016001 x14:0x0000000e x17=0x00000000
      942675000	     47032	80004584	038dcf33	div	x30,x27,x24	 x27:0x00000000 x24:0x00000000 x30=0xffffffff
      942715000	     47034	80004588	03e01033	mulh	x0,x0,x30	  x0:0x00000000 x30:0xffffffff  x0=0x00000000
      943455000	     47071	8000458c	02e67b33	remu	x22,x12,x14	 x12:0xffffffe8 x14:0x0000000e x22=0x00000008
      943475000	     47072	80004590	1d9dda17	auipc	x20,0x1d9dd	 x20=0x9d9e1590
      943495000	     47073	80004594	79586337	lui	x6,0x79586	  x6=0x79586000
      943515000	     47074	80004598	5dfd8d93	addi	x27,x27,1503	 x27:0x00000000 x27=0x000005df
      943555000	     47076	8000459c	021f6db3	rem	x27,x30,x1	 x30:0xffffffff  x1:0x00000000 x27=0xffffffff
      943575000	     47077	800045a0	8ea1	c.xor	x13,x8	 x13:0x00000000  x8:0x00000012 x13=0x00000012
      943595000	     47078	800045a2	03a98963	beq	x19,x26,800045d4	 x19:0x80021dfc x26:0x80025ce4
      944015000	     47099	800045a6	39e22793	slti	x15,x4,926	  x4:0x00000000 x15=0x00000001
      944035000	     47100	800045aa	8e2d	c.xor	x12,x11	 x12:0xffffffe8 x11:0x00000012 x12=0xfffffffa
      944895000	     47143	800045ac	02237eb3	remu	x29,x6,x2	  x6:0x79586000  x2:0x00016001 x29=0x000007c0
      944915000	     47144	800045b0	4c4c8a13	addi	x20,x25,1220	 x25:0xffffffff x20=0x000004c3
      944935000	     47145	800045b4	717d	c.addi16sp	x2,-16	  x2:0x00016001  x2=0x00015ff1
      944955000	     47146	800045b6	c815	c.beqz	x8,800045ea	  x8:0x00000012
      944975000	     47147	800045b8	0218e463	bltu	x17,x1,800045e0	 x17:0x00000000  x1:0x00000000
      944995000	     47148	800045bc	00df9693	slli	x13,x31,0xd	 x31:0xfffffac8 x13=0xff590000
      945015000	     47149	800045c0	0001	c.addi	x0,0	  x0:0x00000000  x0=0x00000000
      945035000	     47150	800045c2	03717e63	bgeu	x2,x23,800045fe	  x2:0x00015ff1 x23:0xfffe9965
      945455000	     47171	800045c6	00833233	sltu	x4,x6,x8	  x6:0x79586000  x8:0x00000012  x4=0x00000000
      945575000	     47177	800045ca	02eb0833	mul	x16,x22,x14	 x22:0x00000008 x14:0x0000000e x16=0x00000070
      945595000	     47178	800045ce	1d94	c.addi4spn	x13,x2,752	 x13=0x000162e1
      945775000	     47187	800045d0	03b47d63	bgeu	x8,x27,8000460a	  x8:0x00000012 x27:0xffffffff
      945795000	     47188	800045d4	01eee833	or	x16,x29,x30	 x29:0x000007c0 x30:0xffffffff x16=0xffffffff
      945815000	     47189	800045d8	035a0e33	mul	x28,x20,x21	 x20:0x000004c3 x21:0x00000000 x28=0x00000000
      945915000	     47194	800045dc	0383ca33	div	x20,x7,x24	  x7:0xfaeb9c09 x24:0x00000000 x20=0xffffffff
      945935000	     47195	800045e0	8c19	c.sub	x8,x14	  x8:0x00000012 x14:0x0000000e  x8=0x00000004
      946135000	     47205	800045e2	34031b73	csrrw	x22,mscratch,x6	  x6:0x79586000 x22=0x00000012
      946335000	     47215	800045e6	340876f3	csrrci	x13,mscratch,16	 x13=0x79586000
      946355000	     47216	800045ea	0001	c.addi	x0,0	  x0:0x00000000  x0=0x00000000
      946375000	     47217	800045ec	0001	c.addi	x0,0	  x0:0x00000000  x0=0x00000000
      946455000	     47221	800045ee	3406e773	csrrsi	x14,mscratch,13	 x14=0x79586000
      946475000	     47222	800045f2	003caf33	slt	x30,x25,x3	 x25:0xffffffff  x3:0x00000000 x30=0x00000001
      946495000	     47223	800045f6	03da9163	bne	x21,x29,80004618	 x21:0x00000000 x29:0x000007c0
      954155000	     47606	80004618	340a6b73	csrrsi	x22,mscratch,20	 x22=0x7958600d
      954175000	     47607	8000461c	2e73a013	slti	x0,x7,743	  x7:0xfaeb9c09  x0=0x00000000
      954195000	     47608	80004620	b4297713	andi	x14,x18,-1214	 x18:0x00000000 x14=0x00000000
      954235000	     47610	80004624	038f3c33	mulhu	x24,x30,x24	 x30:0x00000001 x24:0x00000000 x24=0x00000000
      954295000	     47613	80004628	e389	c.bnez	x15,8000462a	 x15:0x00000001
      955495000	     47673	8000462a	ef0d	c.bnez	x14,80004664	 x14:0x00000000
      955635000	     47680	8000462c	9b0a	c.add	x22,x2	 x22:0x7958600d  x2:0x00015ff1 x22=0x7959bffe
      955775000	     47687	8000462e	0180eeb3	or	x29,x1,x24	  x1:0x00000000 x24:0x00000000 x29=0x00000000
      956915000	     47744	80004632	02ff4f33	div	x30,x30,x15	 x30:0x00000001 x15:0x00000001 x30=0x00000001
      956935000	     47745	80004636	87c2	c.mv	x15,x16	  x0:0x00000000 x16:0xffffffff x15=0xffffffff
      956955000	     47746	80004638	5e7d	c.li	x28,-1	 x28=0xffffffff
      956975000	     47747	8000463a	00b7f263	bgeu	x15,x11,8000463e	 x15:0xffffffff x11:0x00000012
      957015000	     47749	8000463e	8dea	c.mv	x27,x26	  x0:0x00000000 x26:0x80025ce4 x27=0x80025ce4
      957035000	     47750	80004640	8d75	c.and	x10,x13	 x10:0x0000001c x13:0x79586000 x10=0x00000000
      957055000	     47751	80004642	04d04563	blt	x0,x13,8000468c	  x0:0x00000000 x13:0x79586000
      957415000	     47769	8000468c	e01d	c.bnez	x8,800046b2	  x8:0x00000004
      957715000	     47784	800046b2	005291b3	sll	x3,x5,x5	  x5:0xffffffff  x5:0xffffffff  x3=0x80000000
      958455000	     47821	800046b6	025f6233	rem	x4,x30,x5	 x30:0x00000001  x5:0xffffffff  x4=0x00000000
      958475000	     47822	800046ba	340ad573	csrrwi	x10,mscratch,21	 x10=0x7958601d
      958575000	     47827	800046be	00ba6463	bltu	x20,x11,800046c6	 x20:0xffffffff x11:0x00000012
      958955000	     47846	800046c2	03fc0563	beq	x24,x31,800046ec	 x24:0x00000000 x31:0xfffffac8
      959375000	     47867	800046c6	01d2b4b3	sltu	x9,x5,x29	  x5:0xffffffff x29:0x00000000  x9=0x00000000
      959395000	     47868	800046ca	04689163	bne	x17,x6,8000470c	 x17:0x00000000  x6:0x79586000
      960535000	     47925	8000470c	4145d493	srai	x9,x11,0x14	 x11:0x00000012  x9=0x00000000
      960575000	     47927	80004710	c59d	c.beqz	x11,8000473e	 x11:0x00000012
      960595000	     47928	80004712	8fe1	c.and	x15,x8	 x15:0xffffffff  x8:0x00000004 x15=0x00000004
      960615000	     47929	80004714	ec09	c.bnez	x8,8000472e	  x8:0x00000004
      961735000	     47985	8000472e	02c87063	bgeu	x16,x12,8000474e	 x16:0xffffffff x12:0xfffffffa
      962975000	     48047	8000474e	035db2b3	mulhu	x5,x27,x21	 x27:0x80025ce4 x21:0x00000000  x5=0x00000000
      963035000	     48050	80004752	0296b933	mulhu	x18,x13,x9	 x13:0x79586000  x9:0x00000000 x18=0x00000000
      963215000	     48059	80004756	00404fb3	xor	x31,x0,x4	  x0:0x00000000  x4:0x00000000 x31=0x00000000
      963315000	     48064	8000475a	02177563	bgeu	x14,x1,80004784	 x14:0x00000000  x1:0x00000000
      963815000	     48089	80004784	04de5363	bge	x28,x13,800047ca	 x28:0xffffffff x13:0x79586000
      963935000	     48095	80004788	9f00ae13	slti	x28,x1,-1552	  x1:0x00000000 x28=0x00000000
      963975000	     48097	8000478c	03144833	div	x16,x8,x17	  x8:0x00000004 x17:0x00000000 x16=0xffffffff
      964035000	     48100	80004790	340068f3	csrrsi	x17,mscratch,0	 x17=0x00000015
      964055000	     48101	80004794	717d	c.addi16sp	x2,-16	  x2:0x00015ff1  x2=0x00015fe1
      964075000	     48102	80004796	8e2d	c.xor	x12,x11	 x12:0xfffffffa x11:0x00000012 x12=0xffffffe8
      964095000	     48103	80004798	34002af3	csrrs	x21,mscratch,x0	  x0:0x00000000 x21=0x00000015
      964115000	     48104	8000479c	340dd1f3	csrrwi	x3,mscratch,27	  x3=0x00000015
      964135000	     48105	800047a0	014d1193	slli	x3,x26,0x14	 x26:0x80025ce4  x3=0xce400000
      964375000	     48117	800047a4	042d0163	beq	x26,x2,800047e6	 x26:0x80025ce4  x2:0x00015fe1
      964515000	     48124	800047a8	73adbc13	sltiu	x24,x27,1850	 x27:0x80025ce4 x24=0x00000000
      965255000	     48161	800047ac	0313f8b3	remu	x17,x7,x17	  x7:0xfaeb9c09 x17:0x00000015 x17=0x00000002
      965275000	     48162	800047b0	01181c33	sll	x24,x16,x17	 x16:0xffffffff x17:0x00000002 x24=0xfffffffc
      965295000	     48163	800047b4	024d9363	bne	x27,x4,800047da	 x27:0x80025ce4  x4:0x00000000
      965395000	     48168	800047da	00edc2b3	xor	x5,x27,x14	 x27:0x80025ce4 x14:0x00000000  x5=0x80025ce4
      965415000	     48169	800047de	01b1d493	srli	x9,x3,0x1b	  x3:0xce400000  x9=0x00000019
      965435000	     48170	800047e2	34046473	csrrsi	x8,mscratch,8	  x8=0x0000001b
      965455000	     48171	800047e6	c98d	c.beqz	x11,80004818	 x11:0x00000012
      965855000	     48191	800047e8	2d736b93	ori	x23,x6,727	  x6:0x79586000 x23=0x795862d7
      965895000	     48193	800047ec	02d99433	mulh	x8,x19,x13	 x19:0x80021dfc x13:0x79586000  x8=0xc354d0e7
      966035000	     48200	800047f0	9116	c.add	x2,x5	  x2:0x00015fe1  x5:0x80025ce4  x2=0x8003bcc5
      966055000	     48201	800047f2	804d	c.srli	x8,0x13	  x8:0xc354d0e7  x8=0x0000186a
      966095000	     48203	800047f4	03f3ecb3	rem	x25,x7,x31	  x7:0xfaeb9c09 x31:0x00000000 x25=0xfaeb9c09
      966115000	     48204	800047f8	6559	c.lui	x10,0x16	 x10=0x00016000
      966135000	     48205	800047fa	c01c8f93	addi	x31,x25,-1023	 x25:0xfaeb9c09 x31=0xfaeb980a
      966155000	     48206	800047fe	3404e4f3	csrrsi	x9,mscratch,9	  x9=0x0000001b
      966175000	     48207	80004802	00bc9193	slli	x3,x25,0xb	 x25:0xfaeb9c09  x3=0x5ce04800
      966195000	     48208	80004806	8955	c.andi	x10,21	 x10:0x00016000 x10=0x00000000
      966235000	     48210	80004808	00424a33	xor	x20,x4,x4	  x4:0x00000000  x4:0x00000000 x20=0x00000000
      966415000	     48219	8000480c	0001	c.addi	x0,0	  x0:0x00000000  x0=0x00000000
      966435000	     48220	8000480e	00106b33	or	x22,x0,x1	  x0:0x00000000  x1:0x00000000 x22=0x00000000
      966455000	     48221	80004812	a230be93	sltiu	x29,x1,-1501	  x1:0x00000000 x29=0x00000001
      966475000	     48222	80004816	8d39	c.xor	x10,x14	 x10:0x00000000 x14:0x00000000 x10=0x00000000
      966575000	     48227	80004818	8b51	c.andi	x14,20	 x14:0x00000000 x14=0x00000000
      966995000	     48248	8000481a	f9847013	andi	x0,x8,-104	  x8:0x0000186a  x0=0x00000000
      967075000	     48252	8000481e	3400da73	csrrwi	x20,mscratch,1	 x20=0x0000001b
      967095000	     48253	80004822	003c9713	slli	x14,x25,0x3	 x25:0xfaeb9c09 x14=0xd75ce048
      967375000	     48267	80004826	028aa5b3	mulhsu	x11,x21,x8	 x21:0x00000015  x8:0x0000186a x11=0x00000000
      967395000	     48268	8000482a	81d6	c.mv	x3,x21	  x0:0x00000000 x21:0x00000015  x3=0x00000015
      967735000	     48285	8000482c	177d	c.addi	x14,-1	 x14:0xd75ce048 x14=0xd75ce047
      967755000	     48286	8000482e	024a	c.slli	x4,0x12	  x4:0x00000000  x4=0x00000000
      967775000	     48287	80004830	00833933	sltu	x18,x6,x8	  x6:0x79586000  x8:0x0000186a x18=0x00000000
      967935000	     48295	80004834	0ff0000f	fence	iorw,iorw	
      968275000	     48312	80004838	016c9e63	bne	x25,x22,80004854	 x25:0xfaeb9c09 x22:0x00000000
      970255000	     48411	80004854	022ef0b3	remu	x1,x29,x2	 x29:0x00000001  x2:0x8003bcc5  x1=0x00000001
      970275000	     48412	80004858	011bc933	xor	x18,x23,x17	 x23:0x795862d7 x17:0x00000002 x18=0x795862d5
      970295000	     48413	8000485c	340031f3	csrrc	x3,mscratch,x0	  x0:0x00000000  x3=0x00000001
      970315000	     48414	80004860	02dd4963	blt	x26,x13,80004892	 x26:0x80025ce4 x13:0x79586000
      970695000	     48433	80004892	00412433	slt	x8,x2,x4	  x2:0x8003bcc5  x4:0x00000000  x8=0x00000001
      970715000	     48434	80004896	0000100f	fence.i	
      971435000	     48470	8000489a	871e	c.mv	x14,x7	  x0:0x00000000  x7:0xfaeb9c09 x14=0xfaeb9c09
      971475000	     48472	8000489c	031ca0b3	mulhsu	x1,x25,x17	 x25:0xfaeb9c09 x17:0x00000002  x1=0xffffffff
      971515000	     48474	800048a0	4076dfb3	sra	x31,x13,x7	 x13:0x79586000  x7:0xfaeb9c09 x31=0x003cac30
      971655000	     48481	800048a4	03818633	mul	x12,x3,x24	  x3:0x00000001 x24:0xfffffffc x12=0xfffffffc
      971815000	     48489	800048a8	0eea	c.slli	x29,0x1a	 x29:0x00000001 x29=0x04000000
      972235000	     48510	800048aa	00943ab3	sltu	x21,x8,x9	  x8:0x00000001  x9:0x0000001b x21=0x00000001
      972635000	     48530	800048ae	02027d63	bgeu	x4,x0,800048e8	  x4:0x00000000  x0:0x00000000
      972795000	     48538	800048e8	01eada93	srli	x21,x21,0x1e	 x21:0x00000001 x21=0x00000000
      973335000	     48565	800048ec	00995233	srl	x4,x18,x9	 x18:0x795862d5  x9:0x0000001b  x4=0x0000000f
      973375000	     48567	800048f0	019a2c33	slt	x24,x20,x25	 x20:0x0000001b x25:0xfaeb9c09 x24=0x00000000
      973395000	     48568	800048f4	4c9d	c.li	x25,7	 x25=0x00000007
      973415000	     48569	800048f6	90b2	c.add	x1,x12	  x1:0xffffffff x12:0xfffffffc  x1=0xfffffffb
      973455000	     48571	800048f8	02d13333	mulhu	x6,x2,x13	  x2:0x8003bcc5 x13:0x79586000  x6=0x3cadf583
      973495000	     48573	800048fc	0ff0000f	fence	iorw,iorw	
      973515000	     48574	80004900	058bf063	bgeu	x23,x24,80004940	 x23:0x795862d7 x24:0x00000000
      973995000	     48598	80004940	e90d	c.bnez	x10,80004972	 x10:0x00000000
      974015000	     48599	80004942	e08d	c.bnez	x9,80004964	  x9:0x0000001b
      974295000	     48613	80004964	d1b0b813	sltiu	x16,x1,-741	  x1:0xfffffffb x16=0x00000000
      974315000	     48614	80004968	002126b3	slt	x13,x2,x2	  x2:0x8003bcc5  x2:0x8003bcc5 x13=0x00000000
      974335000	     48615	8000496c	00347263	bgeu	x8,x3,80004970	  x8:0x00000001  x3:0x00000001
      974555000	     48626	80004970	8479	c.srai	x8,0x1e	  x8:0x00000001  x8=0x00000000
      974575000	     48627	80004972	0b46	c.slli	x22,0x11	 x22:0x00000000 x22=0x00000000
      974595000	     48628	80004974	c895	c.beqz	x9,800049a8	  x9:0x0000001b
      974995000	     48648	80004976	002dab33	slt	x22,x27,x2	 x27:0x80025ce4  x2:0x8003bcc5 x22=0x00000001
      975015000	     48649	8000497a	9f62	c.add	x30,x24	 x30:0x00000001 x24:0x00000000 x30=0x00000001
      975035000	     48650	8000497c	614d	c.addi16sp	x2,176	  x2:0x8003bcc5  x2=0x8003bd75
      975055000	     48651	8000497e	04ab5163	bge	x22,x10,800049c0	 x22:0x00000001 x10:0x00000000
      975675000	     48682	800049c0	01eadf93	srli	x31,x21,0x1e	 x21:0x00000000 x31=0x00000000
      975835000	     48690	800049c4	8d19	c.sub	x10,x14	 x10:0x00000000 x14:0xfaeb9c09 x10=0x051463f7
      975855000	     48691	800049c6	6169	c.addi16sp	x2,208	  x2:0x8003bd75  x2=0x8003be45
      975875000	     48692	800049c8	dbf77f93	andi	x31,x14,-577	 x14:0xfaeb9c09 x31=0xfaeb9c09
      976015000	     48699	800049cc	018d9d63	bne	x27,x24,800049e6	 x27:0x80025ce4 x24:0x00000000
      976675000	     48732	800049e6	c315	c.beqz	x14,80004a0a	 x14:0xfaeb9c09
      976715000	     48734	800049e8	03d20733	mul	x14,x4,x29	  x4:0x0000000f x29:0x04000000 x14=0x3c000000
      976735000	     48735	800049ec	8fa1	c.xor	x15,x8	 x15:0x00000004  x8:0x00000000 x15=0x00000004
      976755000	     48736	800049ee	e995	c.bnez	x11,80004a22	 x11:0x00000000
      976775000	     48737	800049f0	03d41563	bne	x8,x29,80004a1a	  x8:0x00000000 x29:0x04000000
      976995000	     48748	80004a1a	8f09	c.sub	x14,x10	 x14:0x3c000000 x10:0x051463f7 x14=0x36eb9c09
      977195000	     48758	80004a1c	03dae063	bltu	x21,x29,80004a3c	 x21:0x00000000 x29:0x04000000
      977495000	     48773	80004a3c	34006e73	csrrsi	x28,mscratch,0	 x28=0x00000001
      977955000	     48796	80004a40	03f0f163	bgeu	x1,x31,80004a62	  x1:0xfffffffb x31:0xfaeb9c09
      978355000	     48816	80004a62	8ea5	c.xor	x13,x9	 x13:0x00000000  x9:0x0000001b x13=0x0000001b
      978375000	     48817	80004a64	01feed63	bltu	x29,x31,80004a7e	 x29:0x04000000 x31:0xfaeb9c09
      979075000	     48852	80004a7e	717d	c.addi16sp	x2,-16	  x2:0x8003be45  x2=0x8003be35
      979455000	     48871	80004a80	1dee7093	andi	x1,x28,478	 x28:0x00000001  x1=0x00000000
      979555000	     48876	80004a84	faaf6c13	ori	x24,x30,-86	 x30:0x00000001 x24=0xffffffab
      979575000	     48877	80004a88	340c5373	csrrwi	x6,mscratch,24	  x6=0x00000001
      979635000	     48880	80004a8c	02ed5437	lui	x8,0x2ed5	  x8=0x02ed5000
      979775000	     48887	80004a90	019be133	or	x2,x23,x25	 x23:0x795862d7 x25:0x00000007  x2=0x795862d7
      980195000	     48908	80004a94	34055973	csrrwi	x18,mscratch,10	 x18=0x00000018
      980615000	     48929	80004a98	8d41	c.or	x10,x8	 x10:0x051463f7  x8:0x02ed5000 x10=0x07fd73f7
      980635000	     48930	80004a9a	00255493	srli	x9,x10,0x2	 x10:0x07fd73f7  x9=0x01ff5cfd
      980655000	     48931	80004a9e	8c29	c.xor	x8,x10	  x8:0x02ed5000 x10:0x07fd73f7  x8=0x051023f7
      980695000	     48933	80004aa0	03921933	mulh	x18,x4,x25	  x4:0x0000000f x25:0x00000007 x18=0x00000000
      980715000	     48934	80004aa4	1e7d	c.addi	x28,-1	 x28:0x00000001 x28=0x00000000
      980735000	     48935	80004aa6	340cfa73	csrrci	x20,mscratch,25	 x20=0x0000000a
      980755000	     48936	80004aaa	6719	c.lui	x14,0x6	 x14=0x00006000
      980895000	     48943	80004aac	803d	c.srli	x8,0xf	  x8:0x051023f7  x8=0x00000a20
      984615000	     49129	80004aae	413505b3	sub	x11,x10,x19	 x10:0x07fd73f7 x19:0x80021dfc x11=0x87fb55fb
      984635000	     49130	80004ab2	4493cc13	xori	x24,x7,1097	  x7:0xfaeb9c09 x24=0xfaeb9840
      984655000	     49131	80004ab6	647b7b93	andi	x23,x22,1607	 x22:0x00000001 x23=0x00000001
      984675000	     49132	80004aba	008431b3	sltu	x3,x8,x8	  x8:0x00000a20  x8:0x00000a20  x3=0x00000000
      984715000	     49134	80004abe	03e03733	mulhu	x14,x0,x30	  x0:0x00000000 x30:0x00000001 x14=0x00000000
      984735000	     49135	80004ac2	8f81	c.sub	x15,x8	 x15:0x00000004  x8:0x00000a20 x15=0xfffff5e4
      984755000	     49136	80004ac4	056a6063	bltu	x20,x22,80004b04	 x20:0x0000000a x22:0x00000001
      985495000	     49173	80004ac8	02254933	div	x18,x10,x2	 x10:0x07fd73f7  x2:0x795862d7 x18=0x00000000
      985535000	     49175	80004acc	02046133	rem	x2,x8,x0	  x8:0x00000a20  x0:0x00000000  x2=0x00000a20
      985555000	     49176	80004ad0	8e95	c.sub	x13,x13	 x13:0x0000001b x13:0x0000001b x13=0x00000000
      985575000	     49177	80004ad2	8758a013	slti	x0,x17,-1931	 x17:0x00000002  x0=0x00000000
      985595000	     49178	80004ad6	0000100f	fence.i	
      986375000	     49217	80004ada	012812b3	sll	x5,x16,x18	 x16:0x00000000 x18:0x00000000  x5=0x00000000
      986595000	     49228	80004ade	1b00ca13	xori	x20,x1,432	  x1:0x00000000 x20=0x000001b0
      986615000	     49229	80004ae2	1b501437	lui	x8,0x1b501	  x8=0x1b501000
      986635000	     49230	80004ae6	00bd9f93	slli	x31,x27,0xb	 x27:0x80025ce4 x31=0x12e72000
      987055000	     49251	80004aea	0174e8b3	or	x17,x9,x23	  x9:0x01ff5cfd x23:0x00000001 x17=0x01ff5cfd
      987075000	     49252	80004aee	6129	c.addi16sp	x2,192	  x2:0x00000a20  x2=0x00000ae0
      987095000	     49253	80004af0	02b80f63	beq	x16,x11,80004b2e	 x16:0x00000000 x11:0x87fb55fb
      987195000	     49258	80004af4	0190a6b3	slt	x13,x1,x25	  x1:0x00000000 x25:0x00000007 x13=0x00000001
      987295000	     49263	80004af8	0001	c.addi	x0,0	  x0:0x00000000  x0=0x00000000
      987315000	     49264	80004afa	8d4d	c.or	x10,x11	 x10:0x07fd73f7 x11:0x87fb55fb x10=0x87ff77ff
      987715000	     49284	80004afc	0000100f	fence.i	
      988755000	     49336	80004b00	0b8d	c.addi	x23,3	 x23:0x00000001 x23=0x00000004
      988775000	     49337	80004b02	88a1	c.andi	x9,8	  x9:0x01ff5cfd  x9=0x00000008
      988795000	     49338	80004b04	01307263	bgeu	x0,x19,80004b08	  x0:0x00000000 x19:0x80021dfc
      989135000	     49355	80004b08	59556093	ori	x1,x10,1429	 x10:0x87ff77ff  x1=0x87ff77ff
      989195000	     49358	80004b0c	8e39	c.xor	x12,x14	 x12:0xfffffffc x14:0x00000000 x12=0xfffffffc
      989215000	     49359	80004b0e	00ccf933	and	x18,x25,x12	 x25:0x00000007 x12:0xfffffffc x18=0x00000004
      989255000	     49361	80004b12	340797f3	csrrw	x15,mscratch,x15	 x15:0xfffff5e4 x15=0x00000002
      989275000	     49362	80004b16	0001	c.addi	x0,0	  x0:0x00000000  x0=0x00000000
      989295000	     49363	80004b18	e395	c.bnez	x15,80004b3c	 x15:0x00000002
      989335000	     49365	80004b3c	04d7bb13	sltiu	x22,x15,77	 x15:0x00000002 x22=0x00000001
      989775000	     49387	80004b40	8ccd	c.or	x9,x11	  x9:0x00000008 x11:0x87fb55fb  x9=0x87fb55fb
      989815000	     49389	80004b42	041cd163	bge	x25,x1,80004b84	 x25:0x00000007  x1:0x87ff77ff
      990155000	     49406	80004b84	340be8f3	csrrsi	x17,mscratch,23	 x17=0xfffff5e4
      990275000	     49412	80004b88	00205ab3	srl	x21,x0,x2	  x0:0x00000000  x2:0x00000ae0 x21=0x00000000
      990295000	     49413	80004b8c	340a27f3	csrrs	x15,mscratch,x20	 x20:0x000001b0 x15=0xfffff5f7
      990315000	     49414	80004b90	34099ff3	csrrw	x31,mscratch,x19	 x19:0x80021dfc x31=0xfffff5f7
      990735000	     49435	80004b94	016b9733	sll	x14,x23,x22	 x23:0x00000004 x22:0x00000001 x14=0x00000008
      991475000	     49472	80004b98	02acc0b3	div	x1,x25,x10	 x25:0x00000007 x10:0x87ff77ff  x1=0x00000000
      991495000	     49473	80004b9c	340038f3	csrrc	x17,mscratch,x0	  x0:0x00000000 x17=0x80021dfc
      992235000	     49510	80004ba0	03da47b3	div	x15,x20,x29	 x20:0x000001b0 x29:0x04000000 x15=0x00000000
      992255000	     49511	80004ba4	0001	c.addi	x0,0	  x0:0x00000000  x0=0x00000000
      992295000	     49513	80004ba6	03d3b1b3	mulhu	x3,x7,x29	  x7:0xfaeb9c09 x29:0x04000000  x3=0x03ebae70
      992315000	     49514	80004baa	340c25f3	csrrs	x11,mscratch,x24	 x24:0xfaeb9840 x11=0x80021dfc
      992335000	     49515	80004bae	8f49	c.or	x14,x10	 x14:0x00000008 x10:0x87ff77ff x14=0x87ff77ff
      992355000	     49516	80004bb0	1f1c	c.addi4spn	x15,x2,944	 x15=0x00000e90
      992375000	     49517	80004bb2	eb2ee637	lui	x12,0xeb2ee	 x12=0xeb2ee000
      993175000	     49557	80004bb6	038ad633	divu	x12,x21,x24	 x21:0x00000000 x24:0xfaeb9840 x12=0x00000000
      993195000	     49558	80004bba	01339493	slli	x9,x7,0x13	  x7:0xfaeb9c09  x9=0xe0480000
      993215000	     49559	80004bbe	340071f3	csrrci	x3,mscratch,0	  x3=0xfaeb9dfc
      993235000	     49560	80004bc2	8d09	c.sub	x10,x10	 x10:0x87ff77ff x10:0x87ff77ff x10=0x00000000
      993255000	     49561	80004bc4	54857e13	andi	x28,x10,1352	 x10:0x00000000 x28=0x00000000
      993275000	     49562	80004bc8	0708	c.addi4spn	x10,x2,896	 x10=0x00000e60
      993295000	     49563	80004bca	34081ff3	csrrw	x31,mscratch,x16	 x16:0x00000000 x31=0xfaeb9dfc
      993415000	     49569	80004bce	02118233	mul	x4,x3,x1	  x3:0xfaeb9dfc  x1:0x00000000  x4=0x00000000
      993435000	     49570	80004bd2	0ffd	c.addi	x31,31	 x31:0xfaeb9dfc x31=0xfaeb9e1b
      993575000	     49577	80004bd4	77744e93	xori	x29,x8,1911	  x8:0x1b501000 x29=0x1b501777
      993995000	     49598	80004bd8	41af5c93	srai	x25,x30,0x1a	 x30:0x00000001 x25=0x00000000
      994015000	     49599	80004bdc	01e1bab3	sltu	x21,x3,x30	  x3:0xfaeb9dfc x30:0x00000001 x21=0x00000000
      994055000	     49601	80004be0	41095793	srai	x15,x18,0x10	 x18:0x00000004 x15=0x00000000
      994155000	     49606	80004be4	8515	c.srai	x10,0x5	 x10:0x00000e60 x10=0x00000073
      994175000	     49607	80004be6	c285	c.beqz	x13,80004c06	 x13:0x00000001
      994195000	     49608	80004be8	1a6f0b13	addi	x22,x30,422	 x30:0x00000001 x22=0x000001a7
      994215000	     49609	80004bec	0f4262b7	lui	x5,0xf426	  x5=0x0f426000
      994355000	     49616	80004bf0	0001	c.addi	x0,0	  x0:0x00000000  x0=0x00000000
      994375000	     49617	80004bf2	012cadb3	slt	x27,x25,x18	 x25:0x00000000 x18:0x00000004 x27=0x00000001
      994395000	     49618	80004bf6	047c0163	beq	x24,x7,80004c38	 x24:0xfaeb9840  x7:0xfaeb9c09
      994415000	     49619	80004bfa	851d	c.srai	x10,0x7	 x10:0x00000073 x10=0x00000000
      994535000	     49625	80004bfc	01c99433	sll	x8,x19,x28	 x19:0x80021dfc x28:0x00000000  x8=0x80021dfc
      994555000	     49626	80004c00	4199d313	srai	x6,x19,0x19	 x19:0x80021dfc  x6=0xffffffc0
      994575000	     49627	80004c04	06d5	c.addi	x13,21	 x13:0x00000001 x13=0x00000016
      994595000	     49628	80004c06	c295	c.beqz	x13,80004c2a	 x13:0x00000016
      995095000	     49653	80004c08	40ea0933	sub	x18,x20,x14	 x20:0x000001b0 x14:0x87ff77ff x18=0x780089b1
      995835000	     49690	80004c0c	0339c233	div	x4,x19,x19	 x19:0x80021dfc x19:0x80021dfc  x4=0x00000001
      995855000	     49691	80004c10	a1c07913	andi	x18,x0,-1508	  x0:0x00000000 x18=0x00000000
      995875000	     49692	80004c14	005ad433	srl	x8,x21,x5	 x21:0x00000000  x5:0x0f426000  x8=0x00000000
      995895000	     49693	80004c18	9afd	c.andi	x13,-1	 x13:0x00000016 x13=0x00000016
      995915000	     49694	80004c1a	0203e363	bltu	x7,x0,80004c40	  x7:0xfaeb9c09  x0:0x00000000
      995935000	     49695	80004c1e	40075813	srai	x16,x14,0x0	 x14:0x87ff77ff x16=0x87ff77ff
      996675000	     49732	80004c22	02dad6b3	divu	x13,x21,x13	 x21:0x00000000 x13:0x00000016 x13=0x00000000
      997415000	     49769	80004c26	03e54c33	div	x24,x10,x30	 x10:0x00000000 x30:0x00000001 x24=0x00000000
      997435000	     49770	80004c2a	0d084093	xori	x1,x16,208	 x16:0x87ff77ff  x1=0x87ff772f
      997455000	     49771	80004c2e	0001	c.addi	x0,0	  x0:0x00000000  x0=0x00000000
      997475000	     49772	80004c30	a643aa37	lui	x20,0xa643a	 x20=0xa643a000
      997495000	     49773	80004c34	01b421b3	slt	x3,x8,x27	  x8:0x00000000 x27:0x00000001  x3=0x00000001
      997535000	     49775	80004c38	02a8cab3	div	x21,x17,x10	 x17:0x80021dfc x10:0x00000000 x21=0xffffffff
      997555000	     49776	80004c3c	01c4e263	bltu	x9,x28,80004c40	  x9:0xe0480000 x28:0x00000000
      997575000	     49777	80004c40	340d7273	csrrci	x4,mscratch,26	  x4=0x00000000
      997975000	     49797	80004c44	40240233	sub	x4,x8,x2	  x8:0x00000000  x2:0x00000ae0  x4=0xfffff520
      998095000	     49803	80004c48	01935fb3	srl	x31,x6,x25	  x6:0xffffffc0 x25:0x00000000 x31=0xffffffc0
      998235000	     49810	80004c4c	0001	c.addi	x0,0	  x0:0x00000000  x0=0x00000000
      998255000	     49811	80004c4e	01092e33	slt	x28,x18,x16	 x18:0x00000000 x16:0x87ff77ff x28=0x00000000
      998275000	     49812	80004c52	9186	c.add	x3,x1	  x3:0x00000001  x1:0x87ff772f  x3=0x87ff7730
      998295000	     49813	80004c54	01d33033	sltu	x0,x6,x29	  x6:0xffffffc0 x29:0x1b501777  x0=0x00000000
      998455000	     49821	80004c58	99fd	c.andi	x11,-1	 x11:0x80021dfc x11=0x80021dfc
      998475000	     49822	80004c5a	82aa	c.mv	x5,x10	  x0:0x00000000 x10:0x00000000  x5=0x00000000
      998655000	     49831	80004c5c	af8dab13	slti	x22,x27,-1288	 x27:0x00000001 x22=0x00000000
      998675000	     49832	80004c60	014cd313	srli	x6,x25,0x14	 x25:0x00000000  x6=0x00000000
      998875000	     49842	80004c64	e09d	c.bnez	x9,80004c8a	  x9:0xe0480000
      999095000	     49853	80004c8a	02b8dd63	bge	x17,x11,80004cc4	 x17:0x80021dfc x11:0x80021dfc
      999615000	     49879	80004cc4	0000100f	fence.i	
     1000495000	     49923	80004cc8	019550b3	srl	x1,x10,x25	 x10:0x00000000 x25:0x00000000  x1=0x00000000
     1000855000	     49941	80004ccc	001aedb3	or	x27,x21,x1	 x21:0xffffffff  x1:0x00000000 x27=0xffffffff
     1000895000	     49943	80004cd0	b9536a93	ori	x21,x6,-1131	  x6:0x00000000 x21=0xfffffb95
     1000975000	     49947	80004cd4	8ee1	c.and	x13,x8	 x13:0x00000000  x8:0x00000000 x13=0x00000000
     1000995000	     49948	80004cd6	8d0d	c.sub	x10,x11	 x10:0x00000000 x11:0x80021dfc x10=0x7ffde204
     1001015000	     49949	80004cd8	3407bbf3	csrrc	x23,mscratch,x15	 x15:0x00000000 x23=0x00000000
     1001375000	     49967	80004cdc	03c16b63	bltu	x2,x28,80004d12	  x2:0x00000ae0 x28:0x00000000
     1001715000	     49984	80004ce0	8ec5	c.or	x13,x9	 x13:0x00000000  x9:0xe0480000 x13=0xe0480000
     1001735000	     49985	80004ce2	418adb13	srai	x22,x21,0x18	 x21:0xfffffb95 x22=0xffffffff
     1001755000	     49986	80004ce6	98de	c.add	x17,x23	 x17:0x80021dfc x23:0x00000000 x17=0x80021dfc
     1001775000	     49987	80004ce8	4bad6693	ori	x13,x26,1210	 x26:0x80025ce4 x13=0x80025cfe
     1001795000	     49988	80004cec	0001	c.addi	x0,0	  x0:0x00000000  x0=0x00000000
     1001815000	     49989	80004cee	00172e33	slt	x28,x14,x1	 x14:0x87ff77ff  x1:0x00000000 x28=0x00000001
     1001835000	     49990	80004cf2	0ff0000f	fence	iorw,iorw	
     1001855000	     49991	80004cf6	01ca8633	add	x12,x21,x28	 x21:0xfffffb95 x28:0x00000001 x12=0xfffffb96
     1001935000	     49995	80004cfa	028a7833	remu	x16,x20,x8	 x20:0xa643a000  x8:0x00000000 x16=0xa643a000
     1001955000	     49996	80004cfe	966e	c.add	x12,x27	 x12:0xfffffb96 x27:0xffffffff x12=0xfffffb95
     1002035000	     50000	80004d00	85e1	c.srai	x11,0x18	 x11:0x80021dfc x11=0xffffff80
     1002055000	     50001	80004d02	8e19	c.sub	x12,x14	 x12:0xfffffb95 x14:0x87ff77ff x12=0x78008396
     1002075000	     50002	80004d04	409cd193	srai	x3,x25,0x9	 x25:0x00000000  x3=0x00000000
     1002475000	     50022	80004d08	0001	c.addi	x0,0	  x0:0x00000000  x0=0x00000000
     1002655000	     50031	80004d0a	0177d533	srl	x10,x15,x23	 x15:0x00000000 x23:0x00000000 x10=0x00000000
     1002675000	     50032	80004d0e	412e5513	srai	x10,x28,0x12	 x28:0x00000001 x10=0x00000000
     1002695000	     50033	80004d12	01ef85b3	add	x11,x31,x30	 x31:0xffffffc0 x30:0x00000001 x11=0xffffffc1
     1002715000	     50034	80004d16	340fdaf3	csrrwi	x21,mscratch,31	 x21=0x00000000
     1002735000	     50035	80004d1a	8c09	c.sub	x8,x10	  x8:0x00000000 x10:0x00000000  x8=0x00000000
     1002755000	     50036	80004d1c	0274c563	blt	x9,x7,80004d46	  x9:0xe0480000  x7:0xfaeb9c09
     1003135000	     50055	80004d46	34005ff3	csrrwi	x31,mscratch,0	 x31=0x0000001f
     1003155000	     50056	80004d4a	016ddeb3	srl	x29,x27,x22	 x27:0xffffffff x22:0xffffffff x29=0x00000001
     1003175000	     50057	80004d4e	6a25	c.lui	x20,0x9	 x20=0x00009000
     1003195000	     50058	80004d50	0509	c.addi	x10,2	 x10:0x00000000 x10=0x00000002
     1003595000	     50078	80004d52	000664b3	or	x9,x12,x0	 x12:0x78008396  x0:0x00000000  x9=0x78008396
     1003615000	     50079	80004d56	0036bf33	sltu	x30,x13,x3	 x13:0x80025cfe  x3:0x00000000 x30=0x00000000
     1003655000	     50081	80004d5a	e22a0413	addi	x8,x20,-478	 x20:0x00009000  x8=0x00008e22
     1003715000	     50084	80004d5e	34003073	csrrc	x0,mscratch,x0	  x0:0x00000000  x0=0x00000000
     1003735000	     50085	80004d62	34031373	csrrw	x6,mscratch,x6	  x6:0x00000000  x6=0x00000000
     1003835000	     50090	80004d66	50a3f593	andi	x11,x7,1290	  x7:0xfaeb9c09 x11=0x00000408
     1003855000	     50091	80004d6a	00715113	srli	x2,x2,0x7	  x2:0x00000ae0  x2=0x00000015
     1004035000	     50100	80004d6e	66942413	slti	x8,x8,1641	  x8:0x00008e22  x8=0x00000000
     1004455000	     50121	80004d72	01a79b33	sll	x22,x15,x26	 x15:0x00000000 x26:0x80025ce4 x22=0x00000000
     1004475000	     50122	80004d76	8fb5	c.xor	x15,x13	 x15:0x00000000 x13:0x80025cfe x15=0x80025cfe
     1004535000	     50125	80004d78	0ff0000f	fence	iorw,iorw	
     1004615000	     50129	80004d7c	03ec6263	bltu	x24,x30,80004da0	 x24:0x00000000 x30:0x00000000
     1004635000	     50130	80004d80	3400d473	csrrwi	x8,mscratch,1	  x8=0x00000000
     1004715000	     50134	80004d84	00a6d193	srli	x3,x13,0xa	 x13:0x80025cfe  x3=0x00200097
     1004815000	     50139	80004d88	946e	c.add	x8,x27	  x8:0x00000000 x27:0xffffffff  x8=0xffffffff
     1004835000	     50140	80004d8a	997d	c.andi	x10,-1	 x10:0x00000002 x10=0x00000002
     1004855000	     50141	80004d8c	81a27c93	andi	x25,x4,-2022	  x4:0xfffff520 x25=0xfffff000
     1004875000	     50142	80004d90	007a4cb3	xor	x25,x20,x7	 x20:0x00009000  x7:0xfaeb9c09 x25=0xfaeb0c09
     1005115000	     50154	80004d94	05a00463	beq	x0,x26,80004ddc	  x0:0x00000000 x26:0x80025ce4
     1005295000	     50163	80004d98	015fc733	xor	x14,x31,x21	 x31:0x0000001f x21:0x00000000 x14=0x0000001f
     1046915000	     52244	80004d9c	41d8de33	sra	x28,x17,x29	 x17:0x80021dfc x29:0x00000001 x28=0xc0010efe
     1046935000	     52245	80004da0	0000100f	fence.i	
     1047175000	     52257	80004da4	3d7c2093	slti	x1,x24,983	 x24:0x00000000  x1=0x00000001
     1047635000	     52280	80004da8	00b75033	srl	x0,x14,x11	 x14:0x0000001f x11:0x00000408  x0=0x00000000
     1047655000	     52281	80004dac	0e21	c.addi	x28,8	 x28:0xc0010efe x28=0xc0010f06
     1047735000	     52285	80004dae	012951b3	srl	x3,x18,x18	 x18:0x00000000 x18:0x00000000  x3=0x00000000
     1047775000	     52287	80004db2	034e3f33	mulhu	x30,x28,x20	 x28:0xc0010f06 x20:0x00009000 x30=0x00006c00
     1048175000	     52307	80004db6	0160e4b3	or	x9,x1,x22	  x1:0x00000001 x22:0x00000000  x9=0x00000001
     1048195000	     52308	80004dba	8ff5	c.and	x15,x13	 x15:0x80025cfe x13:0x80025cfe x15=0x80025cfe
     1048215000	     52309	80004dbc	8e61	c.and	x12,x8	 x12:0x78008396  x8:0xffffffff x12=0x78008396
     1048235000	     52310	80004dbe	34095ff3	csrrwi	x31,mscratch,18	 x31=0x00000001
     1048255000	     52311	80004dc2	0ff0000f	fence	iorw,iorw	
     1048275000	     52312	80004dc6	01d348b3	xor	x17,x6,x29	  x6:0x00000000 x29:0x00000001 x17=0x00000001
     1048295000	     52313	80004dca	01df9d63	bne	x31,x29,80004de4	 x31:0x00000001 x29:0x00000001
     1048395000	     52318	80004dce	41e10bb3	sub	x23,x2,x30	  x2:0x00000015 x30:0x00006c00 x23=0xffff9415
     1048475000	     52322	80004dd2	62ca0f13	addi	x30,x20,1580	 x20:0x00009000 x30=0x0000962c
     1048535000	     52325	80004dd6	010e4a63	blt	x28,x16,80004dea	 x28:0xc0010f06 x16:0xa643a000
     1048555000	     52326	80004dda	0001	c.addi	x0,0	  x0:0x00000000  x0=0x00000000
     1048575000	     52327	80004ddc	8fc9	c.or	x15,x10	 x15:0x80025cfe x10:0x00000002 x15=0x80025cfe
     1048595000	     52328	80004dde	940e	c.add	x8,x3	  x8:0xffffffff  x3:0x00000000  x8=0xffffffff
     1048615000	     52329	80004de0	34002df3	csrrs	x27,mscratch,x0	  x0:0x00000000 x27=0x00000012
     1048635000	     52330	80004de4	0183ce33	xor	x28,x7,x24	  x7:0xfaeb9c09 x24:0x00000000 x28=0xfaeb9c09
     1048775000	     52337	80004de8	717d	c.addi16sp	x2,-16	  x2:0x00000015  x2=0x00000005
     1048795000	     52338	80004dea	0f5a	c.slli	x30,0x16	 x30:0x0000962c x30=0x8b000000
     1048815000	     52339	80004dec	00121333	sll	x6,x4,x1	  x4:0xfffff520  x1:0x00000001  x6=0xffffea40
     1048835000	     52340	80004df0	0088c6b3	xor	x13,x17,x8	 x17:0x00000001  x8:0xffffffff x13=0xfffffffe
     1048855000	     52341	80004df4	cd95	c.beqz	x11,80004e30	 x11:0x00000408
     1048895000	     52343	80004df6	02111bb3	mulh	x23,x2,x1	  x2:0x00000005  x1:0x00000001 x23=0x00000000
     1049295000	     52363	80004dfa	037fc633	div	x12,x31,x23	 x31:0x00000001 x23:0x00000000 x12=0xffffffff
     1049415000	     52369	80004dfe	00519533	sll	x10,x3,x5	  x3:0x00000000  x5:0x00000000 x10=0x00000000
     1049575000	     52377	80004e02	00414db3	xor	x27,x2,x4	  x2:0x00000005  x4:0xfffff520 x27=0xfffff525
     1050315000	     52414	80004e06	02bc4bb3	div	x23,x24,x11	 x24:0x00000000 x11:0x00000408 x23=0x00000000
     1050335000	     52415	80004e0a	82e1	c.srli	x13,0x18	 x13:0xfffffffe x13=0x000000ff
     1050355000	     52416	80004e0c	8f71	c.and	x14,x12	 x14:0x0000001f x12:0xffffffff x14=0x0000001f
     1050375000	     52417	80004e0e	8424a217	auipc	x4,0x8424a	  x4=0x0424ee0e
     1050395000	     52418	80004e12	157d	c.addi	x10,-1	 x10:0x00000000 x10=0xffffffff
     1051195000	     52458	80004e14	027d68b3	rem	x17,x26,x7	 x26:0x80025ce4  x7:0xfaeb9c09 x17=0xff002003
     1051215000	     52459	80004e18	038c6363	bltu	x24,x24,80004e3e	 x24:0x00000000 x24:0x00000000
     1051235000	     52460	80004e1c	02388db3	mul	x27,x17,x3	 x17:0xff002003  x3:0x00000000 x27=0x00000000
     1051255000	     52461	80004e20	01b06533	or	x10,x0,x27	  x0:0x00000000 x27:0x00000000 x10=0x00000000
     1051275000	     52462	80004e24	8296	c.mv	x5,x5	  x0:0x00000000  x5:0x00000000  x5=0x00000000
     1051295000	     52463	80004e26	8fc9	c.or	x15,x10	 x15:0x80025cfe x10:0x00000000 x15=0x80025cfe
     1051315000	     52464	80004e28	1afd	c.addi	x21,-1	 x21:0x00000000 x21=0xffffffff
     1051335000	     52465	80004e2a	0457d063	bge	x15,x5,80004e6a	 x15:0x80025cfe  x5:0x00000000
     1051355000	     52466	80004e2e	02b6	c.slli	x5,0xd	  x5:0x00000000  x5=0x00000000
     1051375000	     52467	80004e30	34007bf3	csrrci	x23,mscratch,0	 x23=0x00000012
     1051475000	     52472	80004e34	9272	c.add	x4,x28	  x4:0x0424ee0e x28:0xfaeb9c09  x4=0xff108a17
     1051515000	     52474	80004e36	02a4bcb3	mulhu	x25,x9,x10	  x9:0x00000001 x10:0x00000000 x25=0x00000000
     1051535000	     52475	80004e3a	340814f3	csrrw	x9,mscratch,x16	 x16:0xa643a000  x9=0x00000012
     1051695000	     52483	80004e3e	34002073	csrrs	x0,mscratch,x0	  x0:0x00000000  x0=0x00000000
     1051735000	     52485	80004e42	03654ab3	div	x21,x10,x22	 x10:0x00000000 x22:0x00000000 x21=0xffffffff
     1051755000	     52486	80004e46	928e	c.add	x5,x3	  x5:0x00000000  x3:0x00000000  x5=0x00000000
     1051775000	     52487	80004e48	8569	c.srai	x10,0x1a	 x10:0x00000000 x10=0x00000000
     1051795000	     52488	80004e4a	03596363	bltu	x18,x21,80004e70	 x18:0x00000000 x21:0xffffffff
     1052055000	     52501	80004e70	8ab2	c.mv	x21,x12	  x0:0x00000000 x12:0xffffffff x21=0xffffffff
     1052315000	     52514	80004e72	c86e3813	sltiu	x16,x28,-890	 x28:0xfaeb9c09 x16=0x00000001
     1052335000	     52515	80004e76	9292	c.add	x5,x4	  x5:0x00000000  x4:0xff108a17  x5=0xff108a17
     1052355000	     52516	80004e78	00605233	srl	x4,x0,x6	  x0:0x00000000  x6:0xffffea40  x4=0x00000000
     1052375000	     52517	80004e7c	40188833	sub	x16,x17,x1	 x17:0xff002003  x1:0x00000001 x16=0xff002002
     1052655000	     52531	80004e80	0001	c.addi	x0,0	  x0:0x00000000  x0=0x00000000
     1052675000	     52532	80004e82	3409bcf3	csrrc	x25,mscratch,x19	 x19:0x80021dfc x25=0xa643a000
     1052715000	     52534	80004e86	40338fb3	sub	x31,x7,x3	  x7:0xfaeb9c09  x3:0x00000000 x31=0xfaeb9c09
     1052835000	     52540	80004e8a	01373e33	sltu	x28,x14,x19	 x14:0x0000001f x19:0x80021dfc x28=0x00000001
     1052855000	     52541	80004e8e	806d	c.srli	x8,0x1b	  x8:0xffffffff  x8=0x0000001f
     1052895000	     52543	80004e90	02d632b3	mulhu	x5,x12,x13	 x12:0xffffffff x13:0x000000ff  x5=0x000000fe
     1052915000	     52544	80004e94	0237d463	bge	x15,x3,80004ebc	 x15:0x80025cfe  x3:0x00000000
     1053115000	     52554	80004e98	0680	c.addi4spn	x8,x2,832	  x8=0x00000345
     1053135000	     52555	80004e9a	91ce	c.add	x3,x19	  x3:0x00000000 x19:0x80021dfc  x3=0x80021dfc
     1053155000	     52556	80004e9c	8bfd	c.andi	x15,31	 x15:0x80025cfe x15=0x0000001e
     1053315000	     52564	80004e9e	54978693	addi	x13,x15,1353	 x15:0x0000001e x13=0x00000567
     1053495000	     52573	80004ea2	013c0db3	add	x27,x24,x19	 x24:0x00000000 x19:0x80021dfc x27=0x80021dfc
     1053555000	     52576	80004ea6	01fbff33	and	x30,x23,x31	 x23:0x00000012 x31:0xfaeb9c09 x30=0x00000000
     1053575000	     52577	80004eaa	8ff9	c.and	x15,x14	 x15:0x0000001e x14:0x0000001f x15=0x0000001e
     1053595000	     52578	80004eac	017a1133	sll	x2,x20,x23	 x20:0x00009000 x23:0x00000012  x2=0x40000000
     1053715000	     52584	80004eb0	9d8a	c.add	x27,x2	 x27:0x80021dfc  x2:0x40000000 x27=0xc0021dfc
     1054035000	     52600	80004eb2	0272b7b3	mulhu	x15,x5,x7	  x5:0x000000fe  x7:0xfaeb9c09 x15=0x000000f8
     1054055000	     52601	80004eb6	8fd9	c.or	x15,x14	 x15:0x000000f8 x14:0x0000001f x15=0x000000ff
     1054375000	     52617	80004eb8	01d10e63	beq	x2,x29,80004ed4	  x2:0x40000000 x29:0x00000001
     1054555000	     52626	80004ebc	407ad4b3	sra	x9,x21,x7	 x21:0xffffffff  x7:0xfaeb9c09  x9=0xffffffff
     1054575000	     52627	80004ec0	4565	c.li	x10,25	 x10=0x00000019
     1054595000	     52628	80004ec2	8a21	c.andi	x12,8	 x12:0xffffffff x12=0x00000008
     1054995000	     52648	80004ec4	01d8d533	srl	x10,x17,x29	 x17:0xff002003 x29:0x00000001 x10=0x7f801001
     1055015000	     52649	80004ec8	80c5	c.srli	x9,0x11	  x9:0xffffffff  x9=0x00007fff
     1055335000	     52665	80004eca	01899533	sll	x10,x19,x24	 x19:0x80021dfc x24:0x00000000 x10=0x80021dfc
     1056075000	     52702	80004ece	0357dab3	divu	x21,x15,x21	 x15:0x000000ff x21:0xffffffff x21=0x00000000
     1056095000	     52703	80004ed2	8d8d	c.sub	x11,x11	 x11:0x00000408 x11:0x00000408 x11=0x00000000
     1056835000	     52740	80004ed4	027b4a33	div	x20,x22,x7	 x22:0x00000000  x7:0xfaeb9c09 x20=0x00000000
     1056855000	     52741	80004ed8	02870833	mul	x16,x14,x8	 x14:0x0000001f  x8:0x00000345 x16=0x0000655b
     1056875000	     52742	80004edc	34096973	csrrsi	x18,mscratch,18	 x18=0x2641a000
     1056895000	     52743	80004ee0	01182a33	slt	x20,x16,x17	 x16:0x0000655b x17:0xff002003 x20=0x00000000
     1056915000	     52744	80004ee4	037580b3	mul	x1,x11,x23	 x11:0x00000000 x23:0x00000012  x1=0x00000000
     1057655000	     52781	80004ee8	03cfdcb3	divu	x25,x31,x28	 x31:0xfaeb9c09 x28:0x00000001 x25=0xfaeb9c09
     1057675000	     52782	80004eec	3409f6f3	csrrci	x13,mscratch,19	 x13=0x2641a012
     1057695000	     52783	80004ef0	8f59	c.or	x14,x14	 x14:0x0000001f x14:0x0000001f x14=0x0000001f
     1057715000	     52784	80004ef2	01694eb3	xor	x29,x18,x22	 x18:0x2641a000 x22:0x00000000 x29=0x2641a000
     1057735000	     52785	80004ef6	01c56bb3	or	x23,x10,x28	 x10:0x80021dfc x28:0x00000001 x23=0x80021dfd
     1057755000	     52786	80004efa	cd05	c.beqz	x10,80004f32	 x10:0x80021dfc
     1057775000	     52787	80004efc	00afc2b3	xor	x5,x31,x10	 x31:0xfaeb9c09 x10:0x80021dfc  x5=0x7ae981f5
     1058515000	     52824	80004f00	0304de33	divu	x28,x9,x16	  x9:0x00007fff x16:0x0000655b x28=0x00000001
     1058535000	     52825	80004f04	e115	c.bnez	x10,80004f28	 x10:0x80021dfc
     1059355000	     52866	80004f28	02e8c4b3	div	x9,x17,x14	 x17:0xff002003 x14:0x0000001f  x9=0xfff7bef8
     1059375000	     52867	80004f2c	384a8793	addi	x15,x21,900	 x21:0x00000000 x15=0x00000384
     1059395000	     52868	80004f30	6129	c.addi16sp	x2,192	  x2:0x40000000  x2=0x400000c0
     1059415000	     52869	80004f32	0001	c.addi	x0,0	  x0:0x00000000  x0=0x00000000
     1059435000	     52870	80004f34	0001	c.addi	x0,0	  x0:0x00000000  x0=0x00000000
     1059455000	     52871	80004f36	5bcd2f93	slti	x31,x26,1468	 x26:0x80025ce4 x31=0x00000001
     1059695000	     52883	80004f3a	00b844b3	xor	x9,x16,x11	 x16:0x0000655b x11:0x00000000  x9=0x0000655b
     1059715000	     52884	80004f3e	8d91	c.sub	x11,x12	 x11:0x00000000 x12:0x00000008 x11=0xfffffff8
     1059735000	     52885	80004f40	00806233	or	x4,x0,x8	  x0:0x00000000  x8:0x00000345  x4=0x00000345
     1059755000	     52886	80004f44	1f7d	c.addi	x30,-1	 x30:0x00000000 x30=0xffffffff
     1059775000	     52887	80004f46	5cfd	c.li	x25,-1	 x25=0xffffffff
     1059795000	     52888	80004f48	0ff0000f	fence	iorw,iorw	
     1060055000	     52901	80004f4c	3409d4f3	csrrwi	x9,mscratch,19	  x9=0x2641a000
     1060195000	     52908	80004f50	0386fa63	bgeu	x13,x24,80004f84	 x13:0x2641a012 x24:0x00000000
     1061375000	     52967	80004f84	ca423e93	sltiu	x29,x4,-860	  x4:0x00000345 x29=0x00000001
     1061515000	     52974	80004f88	00f94e33	xor	x28,x18,x15	 x18:0x2641a000 x15:0x00000384 x28=0x2641a384
     1061735000	     52985	80004f8c	880e	c.mv	x16,x3	  x0:0x00000000  x3:0x80021dfc x16=0x80021dfc
     1061755000	     52986	80004f8e	00ea0463	beq	x20,x14,80004f96	 x20:0x00000000 x14:0x0000001f
     1061775000	     52987	80004f92	b2ecef17	auipc	x30,0xb2ece	 x30=0x32ed2f92
     1061795000	     52988	80004f96	033ccc63	blt	x25,x19,80004fce	 x25:0xffffffff x19:0x80021dfc
     1061915000	     52994	80004f9a	c22b2213	slti	x4,x22,-990	 x22:0x00000000  x4=0x00000000
     1061935000	     52995	80004f9e	10fd	c.addi	x1,-1	  x1:0x00000000  x1=0xffffffff
     1062035000	     53000	80004fa0	007a6533	or	x10,x20,x7	 x20:0x00000000  x7:0xfaeb9c09 x10=0xfaeb9c09
     1062055000	     53001	80004fa4	87ba	c.mv	x15,x14	  x0:0x00000000 x14:0x0000001f x15=0x0000001f
     1062115000	     53004	80004fa6	340022f3	csrrs	x5,mscratch,x0	  x0:0x00000000  x5=0x00000013
     1062295000	     53013	80004faa	a136fe13	andi	x28,x13,-1517	 x13:0x2641a012 x28=0x2641a012
     1062315000	     53014	80004fae	e305	c.bnez	x14,80004fce	 x14:0x0000001f
     1064035000	     53100	80004fce	03f95ab3	divu	x21,x18,x31	 x18:0x2641a000 x31:0x00000001 x21=0x2641a000
     1064775000	     53137	80004fd2	0226df33	divu	x30,x13,x2	 x13:0x2641a012  x2:0x400000c0 x30=0x00000000
     1064795000	     53138	80004fd6	34095f73	csrrwi	x30,mscratch,18	 x30=0x00000013
     1064815000	     53139	80004fda	8261	c.srli	x12,0x18	 x12:0x00000008 x12=0x00000000
     1064835000	     53140	80004fdc	01eaebb3	or	x23,x21,x30	 x21:0x2641a000 x30:0x00000013 x23=0x2641a013
     1064855000	     53141	80004fe0	03a56b63	bltu	x10,x26,80005016	 x10:0xfaeb9c09 x26:0x80025ce4
     1064875000	     53142	80004fe4	8f71	c.and	x14,x12	 x14:0x0000001f x12:0x00000000 x14=0x00000000
     1064895000	     53143	80004fe6	6115	c.addi16sp	x2,288	  x2:0x400000c0  x2=0x400001e0
     1065135000	     53155	80004fe8	400b07b3	sub	x15,x22,x0	 x22:0x00000000  x0:0x00000000 x15=0x00000000
     1065155000	     53156	80004fec	d607ce37	lui	x28,0xd607c	 x28=0xd607c000
     1065315000	     53164	80004ff0	0001	c.addi	x0,0	  x0:0x00000000  x0=0x00000000
     1065335000	     53165	80004ff2	65a1	c.lui	x11,0x8	 x11=0x00008000
     1065355000	     53166	80004ff4	0001	c.addi	x0,0	  x0:0x00000000  x0=0x00000000
     1065375000	     53167	80004ff6	0ff0000f	fence	iorw,iorw	
     1065555000	     53176	80004ffa	0000100f	fence.i	
     1066195000	     53208	80004ffe	ef1cfe93	andi	x29,x25,-271	 x25:0xffffffff x29=0xfffffef1
     1066615000	     53229	80005002	01dcec63	bltu	x25,x29,8000501a	 x25:0xffffffff x29:0xfffffef1
     1066655000	     53231	80005006	02141eb3	mulh	x29,x8,x1	  x8:0x00000345  x1:0xffffffff x29=0xffffffff
     1066675000	     53232	8000500a	8ea9	c.xor	x13,x10	 x13:0x2641a012 x10:0xfaeb9c09 x13=0xdcaa3c1b
     1066715000	     53234	8000500c	0271a933	mulhsu	x18,x3,x7	  x3:0x80021dfc  x7:0xfaeb9c09 x18=0x828c4536
     1067075000	     53252	80005010	013617b3	sll	x15,x12,x19	 x12:0x00000000 x19:0x80021dfc x15=0x00000000
     1067095000	     53253	80005014	ec09	c.bnez	x8,8000502e	  x8:0x00000345
     1067375000	     53267	8000502e	915a	c.add	x2,x22	  x2:0x400001e0 x22:0x00000000  x2=0x400001e0
     1067395000	     53268	80005030	8d1d	c.sub	x10,x15	 x10:0xfaeb9c09 x15:0x00000000 x10=0xfaeb9c09
     1067435000	     53270	80005032	340068f3	csrrsi	x17,mscratch,0	 x17=0x00000012
     1067855000	     53291	80005036	01ee9533	sll	x10,x29,x30	 x29:0xffffffff x30:0x00000013 x10=0xfff80000
     1068275000	     53312	8000503a	00de5833	srl	x16,x28,x13	 x28:0xd607c000 x13:0xdcaa3c1b x16=0x0000001a
     1068295000	     53313	8000503e	8dea	c.mv	x27,x26	  x0:0x00000000 x26:0x80025ce4 x27=0x80025ce4
     1068615000	     53329	80005040	41b3d513	srai	x10,x7,0x1b	  x7:0xfaeb9c09 x10=0xffffffff
     1068775000	     53337	80005044	0275b0b3	mulhu	x1,x11,x7	 x11:0x00008000  x7:0xfaeb9c09  x1=0x00007d75
     1068915000	     53344	80005048	cc99	c.beqz	x9,80005066	  x9:0x2641a000
     1068935000	     53345	8000504a	00a11333	sll	x6,x2,x10	  x2:0x400001e0 x10:0xffffffff  x6=0x00000000
     1068955000	     53346	8000504e	c18d	c.beqz	x11,80005070	 x11:0x00008000
     1068975000	     53347	80005050	b2684b13	xori	x22,x16,-1242	 x16:0x0000001a x22=0xfffffb3c
     1069075000	     53352	80005054	762dcf37	lui	x30,0x762dc	 x30=0x762dc000
     1069515000	     53374	80005058	033e9b33	mulh	x22,x29,x19	 x29:0xffffffff x19:0x80021dfc x22=0x00000000
     1069535000	     53375	8000505c	6629	c.lui	x12,0xa	 x12=0x0000a000
     1069775000	     53387	8000505e	25c66c13	ori	x24,x12,604	 x12:0x0000a000 x24=0x0000a25c
     1070135000	     53405	80005062	01945933	srl	x18,x8,x25	  x8:0x00000345 x25:0xffffffff x18=0x00000000
     1070155000	     53406	80005066	00a5de93	srli	x29,x11,0xa	 x11:0x00008000 x29=0x00000020
     1070195000	     53408	8000506a	02de2733	mulhsu	x14,x28,x13	 x28:0xd607c000 x13:0xdcaa3c1b x14=0xdbd2c04a
     1070215000	     53409	8000506e	8dd1	c.or	x11,x12	 x11:0x00008000 x12:0x0000a000 x11=0x0000a000
     1070235000	     53410	80005070	02ed6a63	bltu	x26,x14,800050a4	 x26:0x80025ce4 x14:0xdbd2c04a
     1070295000	     53413	800050a4	8922	c.mv	x18,x8	  x0:0x00000000  x8:0x00000345 x18=0x00000345
     1070375000	     53417	800050a6	340ab5f3	csrrc	x11,mscratch,x21	 x21:0x2641a000 x11=0x00000012
     1070395000	     53418	800050aa	01fa8463	beq	x21,x31,800050b2	 x21:0x2641a000 x31:0x00000001
     1070415000	     53419	800050ae	037af663	bgeu	x21,x23,800050da	 x21:0x2641a000 x23:0x2641a013
     1070435000	     53420	800050b2	00d9c833	xor	x16,x19,x13	 x19:0x80021dfc x13:0xdcaa3c1b x16=0x5ca821e7
     1070635000	     53430	800050b6	73f4cb13	xori	x22,x9,1855	  x9:0x2641a000 x22=0x2641a73f
     1070675000	     53432	800050ba	02625a33	divu	x20,x4,x6	  x4:0x00000000  x6:0x00000000 x20=0xffffffff
     1071075000	     53452	800050be	c77e9537	lui	x10,0xc77e9	 x10=0xc77e9000
     1071095000	     53453	800050c2	4b91	c.li	x23,4	 x23=0x00000004
     1071115000	     53454	800050c4	01435133	srl	x2,x6,x20	  x6:0x00000000 x20:0xffffffff  x2=0x00000000
     1071135000	     53455	800050c8	000f8133	add	x2,x31,x0	 x31:0x00000001  x0:0x00000000  x2=0x00000001
     1071175000	     53457	800050cc	0333a1b3	mulhsu	x3,x7,x19	  x7:0xfaeb9c09 x19:0x80021dfc  x3=0xfd75c343
     1071555000	     53476	800050d0	557d	c.li	x10,-1	 x10=0xffffffff
     1071575000	     53477	800050d2	34051273	csrrw	x4,mscratch,x10	 x10:0xffffffff  x4=0x00000012
     1071595000	     53478	800050d6	8c9e3893	sltiu	x17,x28,-1847	 x28:0xd607c000 x17=0x00000001
     1071615000	     53479	800050da	c229	c.beqz	x12,8000511c	 x12:0x0000a000
     1071635000	     53480	800050dc	34003673	csrrc	x12,mscratch,x0	  x0:0x00000000 x12=0xffffffff
     1071695000	     53483	800050e0	00e061b3	or	x3,x0,x14	  x0:0x00000000 x14:0xdbd2c04a  x3=0xdbd2c04a
     1072435000	     53520	800050e4	0363dfb3	divu	x31,x7,x22	  x7:0xfaeb9c09 x22:0x2641a73f x31=0x00000006
     1072455000	     53521	800050e8	027ed463	bge	x29,x7,80005110	 x29:0x00000020  x7:0xfaeb9c09
     1072595000	     53528	80005110	34006af3	csrrsi	x21,mscratch,0	 x21=0xffffffff
     1072695000	     53533	80005114	1e08	c.addi4spn	x10,x2,816	 x10=0x00000331
     1072715000	     53534	80005116	026b1563	bne	x22,x6,80005140	 x22:0x2641a73f  x6:0x00000000
     1073195000	     53558	80005140	03981e33	mulh	x28,x16,x25	 x16:0x5ca821e7 x25:0xffffffff x28=0xffffffff
     1073215000	     53559	80005144	01df71b3	and	x3,x30,x29	 x30:0x762dc000 x29:0x00000020  x3=0x00000000
     1073295000	     53563	80005148	177d	c.addi	x14,-1	 x14:0xdbd2c04a x14=0xdbd2c049
     1073315000	     53564	8000514a	409f5b33	sra	x22,x30,x9	 x30:0x762dc000  x9:0x2641a000 x22=0x762dc000
     1073335000	     53565	8000514e	6b69	c.lui	x22,0x1a	 x22=0x0001a000
     1073355000	     53566	80005150	abbe0093	addi	x1,x28,-1349	 x28:0xffffffff  x1=0xfffffaba
     1073375000	     53567	80005154	04f94463	blt	x18,x15,8000519c	 x18:0x00000345 x15:0x00000000
     1073515000	     53574	80005158	03b0acb3	mulhsu	x25,x1,x27	  x1:0xfffffaba x27:0x80025ce4 x25=0xfffffd5c
     1073535000	     53575	8000515c	01899c13	slli	x24,x19,0x18	 x19:0x80021dfc x24=0xfc000000
     1073595000	     53578	80005160	2deb5417	auipc	x8,0x2deb5	  x8=0xadeba160
     1073615000	     53579	80005164	34069573	csrrw	x10,mscratch,x13	 x13:0xdcaa3c1b x10=0xffffffff
     1074055000	     53601	80005168	03c0b2b3	mulhu	x5,x1,x28	  x1:0xfffffaba x28:0xffffffff  x5=0xfffffab9
     1074075000	     53602	8000516c	02461f63	bne	x12,x4,800051aa	 x12:0xffffffff  x4:0x00000012
     1075015000	     53649	800051aa	018ca8b3	slt	x17,x25,x24	 x25:0xfffffd5c x24:0xfc000000 x17=0x00000000
     1075035000	     53650	800051ae	08b5	c.addi	x17,13	 x17:0x00000000 x17=0x0000000d
     1075775000	     53687	800051b0	03d9ebb3	rem	x23,x19,x29	 x19:0x80021dfc x29:0x00000020 x23=0xfffffffc
     1075795000	     53688	800051b4	8cd5	c.or	x9,x13	  x9:0x2641a000 x13:0xdcaa3c1b  x9=0xfeebbc1b
     1075815000	     53689	800051b6	0079f333	and	x6,x19,x7	 x19:0x80021dfc  x7:0xfaeb9c09  x6=0x80021c08
     1075835000	     53690	800051ba	4079d113	srai	x2,x19,0x7	 x19:0x80021dfc  x2=0xff00043b
     1075855000	     53691	800051be	4047dfb3	sra	x31,x15,x4	 x15:0x00000000  x4:0x00000012 x31=0x00000000
     1075875000	     53692	800051c2	00db1893	slli	x17,x22,0xd	 x22:0x0001a000 x17=0x34000000
     1076315000	     53714	800051c6	340c5273	csrrwi	x4,mscratch,24	  x4=0xdcaa3c1b
     1076355000	     53716	800051ca	00b19c63	bne	x3,x11,800051e2	  x3:0x00000000 x11:0x00000012
     1077255000	     53761	800051e2	e205	c.bnez	x12,80005202	 x12:0xffffffff
     1077955000	     53796	80005202	016544b3	xor	x9,x10,x22	 x10:0xffffffff x22:0x0001a000  x9=0xfffe5fff
     1077975000	     53797	80005206	3406d073	csrrwi	x0,mscratch,13	  x0=0x00000000
     1077995000	     53798	8000520a	8e29	c.xor	x12,x10	 x12:0xffffffff x10:0xffffffff x12=0x00000000
     1078135000	     53805	8000520c	0000100f	fence.i	
     1093195000	     54558	80005210	8ccd	c.or	x9,x11	  x9:0xfffe5fff x11:0x00000012  x9=0xfffe5fff
     1093215000	     54559	80005212	039f9c63	bne	x31,x25,8000524a	 x31:0x00000000 x25:0xfffffd5c
     1093795000	     54588	8000524a	0000100f	fence.i	
     1094555000	     54626	8000524e	02645263	bge	x8,x6,80005272	  x8:0xadeba160  x6:0x80021c08
     1095115000	     54654	80005272	5ffd	c.li	x31,-1	 x31=0xffffffff
     1095135000	     54655	80005274	8e41	c.or	x12,x8	 x12:0x00000000  x8:0xadeba160 x12=0xadeba160
     1095155000	     54656	80005276	65f7a593	slti	x11,x15,1631	 x15:0x00000000 x11=0x00000001
     1095515000	     54674	8000527a	fc196213	ori	x4,x18,-63	 x18:0x00000345  x4=0xffffffc5
     1095535000	     54675	8000527e	83d1	c.srli	x15,0x14	 x15:0x00000000 x15=0x00000000
     1095735000	     54685	80005280	02fbb433	mulhu	x8,x23,x15	 x23:0xfffffffc x15:0x00000000  x8=0x00000000
     1095995000	     54698	80005284	0001	c.addi	x0,0	  x0:0x00000000  x0=0x00000000
     1096055000	     54701	80005286	00b99a33	sll	x20,x19,x11	 x19:0x80021dfc x11:0x00000001 x20=0x00043bf8
     1096415000	     54719	8000528a	0037dfb3	srl	x31,x15,x3	 x15:0x00000000  x3:0x00000000 x31=0x00000000
     1096835000	     54740	8000528e	340a1173	csrrw	x2,mscratch,x20	 x20:0x00043bf8  x2=0x0000000d
     1096855000	     54741	80005292	9c92	c.add	x25,x4	 x25:0xfffffd5c  x4:0xffffffc5 x25=0xfffffd21
     1096875000	     54742	80005294	0001	c.addi	x0,0	  x0:0x00000000  x0=0x00000000
     1096915000	     54744	80005296	02094f33	div	x30,x18,x0	 x18:0x00000345  x0:0x00000000 x30=0xffffffff
     1096935000	     54745	8000529a	17fd	c.addi	x15,-1	 x15:0x00000000 x15=0xffffffff
     1096955000	     54746	8000529c	34006873	csrrsi	x16,mscratch,0	 x16=0x00043bf8
     1097315000	     54764	800052a0	0001	c.addi	x0,0	  x0:0x00000000  x0=0x00000000
     1097335000	     54765	800052a2	8f89	c.sub	x15,x10	 x15:0xffffffff x10:0xffffffff x15=0x00000000
     1097375000	     54767	800052a4	03ba3a33	mulhu	x20,x20,x27	 x20:0x00043bf8 x27:0x80025ce4 x20=0x00021e06
     1097435000	     54770	800052a8	340076f3	csrrci	x13,mscratch,0	 x13=0x00043bf8
     1097675000	     54782	800052ac	3408eef3	csrrsi	x29,mscratch,17	 x29=0x00043bf8
     1097775000	     54787	800052b0	cff02f93	slti	x31,x0,-769	  x0:0x00000000 x31=0x00000000
     1097915000	     54794	800052b4	031e	c.slli	x6,0x7	  x6:0x80021c08  x6=0x010e0400
     1097935000	     54795	800052b6	8770fe17	auipc	x28,0x8770f	 x28=0x077142b6
     1097955000	     54796	800052ba	00bb5013	srli	x0,x22,0xb	 x22:0x0001a000  x0=0x00000000
     1097975000	     54797	800052be	ea8d	c.bnez	x13,800052f0	 x13:0x00043bf8
     1098355000	     54816	800052f0	6e61	c.lui	x28,0x18	 x28=0x00018000
     1098495000	     54823	800052f2	03d0c863	blt	x1,x29,80005322	  x1:0xfffffaba x29:0x00043bf8
     1099355000	     54866	80005322	8ec5	c.or	x13,x9	 x13:0x00043bf8  x9:0xfffe5fff x13=0xfffe7fff
     1099535000	     54875	80005324	024f8db3	mul	x27,x31,x4	 x31:0x00000000  x4:0xffffffc5 x27=0x00000000
     1099655000	     54881	80005328	859d	c.srai	x11,0x7	 x11:0x00000001 x11=0x00000000
     1099675000	     54882	8000532a	79214093	xori	x1,x2,1938	  x2:0x0000000d  x1=0x0000079f
     1099875000	     54892	8000532e	41ce05b3	sub	x11,x28,x28	 x28:0x00018000 x28:0x00018000 x11=0x00000000
     1099895000	     54893	80005332	4c91	c.li	x25,4	 x25=0x00000004
     1099915000	     54894	80005334	4c1d	c.li	x24,7	 x24=0x00000007
     1099935000	     54895	80005336	5b7d	c.li	x22,-1	 x22=0xffffffff
     1100035000	     54900	80005338	0001	c.addi	x0,0	  x0:0x00000000  x0=0x00000000
     1101075000	     54952	8000533a	03df6333	rem	x6,x30,x29	 x30:0xffffffff x29:0x00043bf8  x6=0xffffffff
     1101095000	     54953	8000533e	9ebe	c.add	x29,x15	 x29:0x00043bf8 x15:0x00000000 x29=0x00043bf8
     1101115000	     54954	80005340	94aa	c.add	x9,x10	  x9:0xfffe5fff x10:0xffffffff  x9=0xfffe5ffe
     1101135000	     54955	80005342	140c	c.addi4spn	x11,x2,544	 x11=0x0000022d
     1101155000	     54956	80005344	5b7d	c.li	x22,-1	 x22=0xffffffff
     1101895000	     54993	80005346	02935633	divu	x12,x6,x9	  x6:0xffffffff  x9:0xfffe5ffe x12=0x00000001
     1101935000	     54995	8000534a	03863b33	mulhu	x22,x12,x24	 x12:0x00000001 x24:0x00000007 x22=0x00000000
     1101975000	     54997	8000534e	039dbcb3	mulhu	x25,x27,x25	 x27:0x00000000 x25:0x00000004 x25=0x00000000
     1101995000	     54998	80005352	340f9173	csrrw	x2,mscratch,x31	 x31:0x00000000  x2=0x00043bf9
     1102015000	     54999	80005356	00db6733	or	x14,x22,x13	 x22:0x00000000 x13:0xfffe7fff x14=0xfffe7fff
     1102035000	     55000	8000535a	82e04793	xori	x15,x0,-2002	  x0:0x00000000 x15=0xfffff82e
     1102055000	     55001	8000535e	0892	c.slli	x17,0x4	 x17:0x34000000 x17=0x40000000
     1102215000	     55009	80005360	340c92f3	csrrw	x5,mscratch,x25	 x25:0x00000000  x5=0x00000000
     1102235000	     55010	80005364	3409abf3	csrrs	x23,mscratch,x19	 x19:0x80021dfc x23=0x00000000
     1102255000	     55011	80005368	406902b3	sub	x5,x18,x6	 x18:0x00000345  x6:0xffffffff  x5=0x00000346
     1102275000	     55012	8000536c	0000100f	fence.i	
     1102555000	     55026	80005370	0f10ac13	slti	x24,x1,241	  x1:0x0000079f x24=0x00000000
     1102755000	     55036	80005374	89683513	sltiu	x10,x16,-1898	 x16:0x00043bf8 x10=0x00000001
     1102775000	     55037	80005378	6125	c.addi16sp	x2,96	  x2:0x00043bf9  x2=0x00043c59
     1102795000	     55038	8000537a	8f39	c.xor	x14,x14	 x14:0xfffe7fff x14:0xfffe7fff x14=0x00000000
     1102895000	     55043	8000537c	00ab0db3	add	x27,x22,x10	 x22:0x00000000 x10:0x00000001 x27=0x00000001
     1103075000	     55052	80005380	02b496b3	mulh	x13,x9,x11	  x9:0xfffe5ffe x11:0x0000022d x13=0xffffffff
     1103095000	     55053	80005384	d2a3c793	xori	x15,x7,-726	  x7:0xfaeb9c09 x15=0x05146123
     1103195000	     55058	80005388	0001	c.addi	x0,0	  x0:0x00000000  x0=0x00000000
     1103335000	     55065	8000538a	52514813	xori	x16,x2,1317	  x2:0x00043c59 x16=0x0004397c
     1103455000	     55071	8000538e	059a5463	bge	x20,x25,800053d6	 x20:0x00021e06 x25:0x00000000
     1104315000	     55114	800053d6	ec91	c.bnez	x9,800053f2	  x9:0xfffe5ffe
     1105135000	     55155	800053f2	0378eab3	rem	x21,x17,x23	 x17:0x40000000 x23:0x00000000 x21=0x40000000
     1105215000	     55159	800053f6	029eb533	mulhu	x10,x29,x9	 x29:0x00043bf8  x9:0xfffe5ffe x10=0x00043bf1
     1105235000	     55160	800053fa	340e7bf3	csrrci	x23,mscratch,28	 x23=0x80021dfc
     1106335000	     55215	800053fe	031745b3	div	x11,x14,x17	 x14:0x00000000 x17:0x40000000 x11=0x00000000
     1106355000	     55216	80005402	02668233	mul	x4,x13,x6	 x13:0xffffffff  x6:0xffffffff  x4=0x00000001
     1106375000	     55217	80005406	014fd5b3	srl	x11,x31,x20	 x31:0x00000000 x20:0x00021e06 x11=0x00000000
     1106395000	     55218	8000540a	05b10263	beq	x2,x27,8000544e	  x2:0x00043c59 x27:0x00000001
     1106415000	     55219	8000540e	0695	c.addi	x13,5	 x13:0xffffffff x13=0x00000004
     1106435000	     55220	80005410	615d	c.addi16sp	x2,432	  x2:0x00043c59  x2=0x00043e09
     1106455000	     55221	80005412	41c884b3	sub	x9,x17,x28	 x17:0x40000000 x28:0x00018000  x9=0x3ffe8000
     1106475000	     55222	80005416	d4a5bf13	sltiu	x30,x11,-694	 x11:0x00000000 x30=0x00000001
     1106495000	     55223	8000541a	0279	c.addi	x4,30	  x4:0x00000001  x4=0x0000001f
     1106675000	     55232	8000541c	01dc6633	or	x12,x24,x29	 x24:0x00000000 x29:0x00043bf8 x12=0x00043bf8
     1106715000	     55234	80005420	34071773	csrrw	x14,mscratch,x14	 x14:0x00000000 x14=0x80021de0
     1106755000	     55236	80005424	03bd2bb3	mulhsu	x23,x26,x27	 x26:0x80025ce4 x27:0x00000001 x23=0xffffffff
     1106855000	     55241	80005428	05dde063	bltu	x27,x29,80005468	 x27:0x00000001 x29:0x00043bf8
     1107375000	     55267	80005468	003bd913	srli	x18,x23,0x3	 x23:0xffffffff x18=0x1fffffff
     1107395000	     55268	8000546c	340cdff3	csrrwi	x31,mscratch,25	 x31=0x00000000
     1107435000	     55270	80005470	03dba633	mulhsu	x12,x23,x29	 x23:0xffffffff x29:0x00043bf8 x12=0xffffffff
     1107595000	     55278	80005474	8d91	c.sub	x11,x12	 x11:0x00000000 x12:0xffffffff x11=0x00000001
     1107775000	     55287	80005476	03991333	mulh	x6,x18,x25	 x18:0x1fffffff x25:0x00000000  x6=0x00000000
     1107895000	     55293	8000547a	6a938f93	addi	x31,x7,1705	  x7:0xfaeb9c09 x31=0xfaeba2b2
     1108055000	     55301	8000547e	410c8733	sub	x14,x25,x16	 x25:0x00000000 x16:0x0004397c x14=0xfffbc684
     1108075000	     55302	80005482	9742e297	auipc	x5,0x9742e	  x5=0x17433482
     1108095000	     55303	80005486	244e0313	addi	x6,x28,580	 x28:0x00018000  x6=0x00018244
     1108115000	     55304	8000548a	408e5433	sra	x8,x28,x8	 x28:0x00018000  x8:0x00000000  x8=0x00018000
     1108135000	     55305	8000548e	ec09	c.bnez	x8,800054a8	  x8:0x00018000
     1108635000	     55330	800054a8	8671	c.srai	x12,0x1c	 x12:0xffffffff x12=0xffffffff
     1108655000	     55331	800054aa	942a	c.add	x8,x10	  x8:0x00018000 x10:0x00043bf1  x8=0x0005bbf1
     1108675000	     55332	800054ac	86c1	c.srai	x13,0x10	 x13:0x00000004 x13=0x00000000
     1108695000	     55333	800054ae	8ea9	c.xor	x13,x10	 x13:0x00000000 x10:0x00043bf1 x13=0x00043bf1
     1108755000	     55336	800054b0	988a	c.add	x17,x2	 x17:0x40000000  x2:0x00043e09 x17=0x40043e09
     1108835000	     55340	800054b2	01121293	slli	x5,x4,0x11	  x4:0x0000001f  x5=0x003e0000
     1109055000	     55351	800054b6	056e9263	bne	x29,x22,800054fa	 x29:0x00043bf8 x22:0x00000000
     1110295000	     55413	800054fa	03d548b3	div	x17,x10,x29	 x10:0x00043bf1 x29:0x00043bf8 x17=0x00000000
     1110335000	     55415	800054fe	030fadb3	mulhsu	x27,x31,x16	 x31:0xfaeba2b2 x16:0x0004397c x27=0xffffea8a
     1110355000	     55416	80005502	019a42b3	xor	x5,x20,x25	 x20:0x00021e06 x25:0x00000000  x5=0x00021e06
     1110375000	     55417	80005506	02288e63	beq	x17,x2,80005542	 x17:0x00000000  x2:0x00043e09
     1110395000	     55418	8000550a	0001	c.addi	x0,0	  x0:0x00000000  x0=0x00000000
     1110415000	     55419	8000550c	02aa08b3	mul	x17,x20,x10	 x20:0x00021e06 x10:0x00043bf1 x17=0xf701a5a6
     1110475000	     55422	80005510	8f9e8013	addi	x0,x29,-1799	 x29:0x00043bf8  x0=0x00000000
     1110495000	     55423	80005514	0ff0000f	fence	iorw,iorw	
     1110655000	     55431	80005518	f632a6b7	lui	x13,0xf632a	 x13=0xf632a000
     1110675000	     55432	8000551c	41c151b3	sra	x3,x2,x28	  x2:0x00043e09 x28:0x00018000  x3=0x00043e09
     1111075000	     55452	80005520	34035f73	csrrwi	x30,mscratch,6	 x30=0x00000019
     1111135000	     55455	80005524	41e70cb3	sub	x25,x14,x30	 x14:0xfffbc684 x30:0x00000019 x25=0xfffbc66b
     1111155000	     55456	80005528	04cdcb13	xori	x22,x27,76	 x27:0xffffea8a x22=0xffffeac6
     1111175000	     55457	8000552c	873e	c.mv	x14,x15	  x0:0x00000000 x15:0x05146123 x14=0x05146123
     1111195000	     55458	8000552e	6125	c.addi16sp	x2,96	  x2:0x00043e09  x2=0x00043e69
     1111375000	     55467	80005530	28447593	andi	x11,x8,644	  x8:0x0005bbf1 x11=0x00000280
     1111415000	     55469	80005534	02b08763	beq	x1,x11,80005562	  x1:0x0000079f x11:0x00000280
     1112155000	     55506	80005538	034c77b3	remu	x15,x24,x20	 x24:0x00000000 x20:0x00021e06 x15=0x00000000
     1112175000	     55507	8000553c	5dfd	c.li	x27,-1	 x27=0xffffffff
     1112195000	     55508	8000553e	8a3d3813	sltiu	x16,x26,-1885	 x26:0x80025ce4 x16=0x00000001
     1112215000	     55509	80005542	4ec1	c.li	x29,16	 x29=0x00000010
     1112235000	     55510	80005544	b8964d93	xori	x27,x12,-1143	 x12:0xffffffff x27=0x00000476
     1112255000	     55511	80005548	02281363	bne	x16,x2,8000556e	 x16:0x00000001  x2:0x00043e69
     1113095000	     55553	8000556e	819aa037	lui	x0,0x819aa	  x0=0x00000000
     1113115000	     55554	80005572	8f91	c.sub	x15,x12	 x15:0x00000000 x12:0xffffffff x15=0x00000001
     1113435000	     55570	80005574	92ee	c.add	x5,x27	  x5:0x00021e06 x27:0x00000476  x5=0x0002227c
     1119695000	     55883	80005576	00c07333	and	x6,x0,x12	  x0:0x00000000 x12:0xffffffff  x6=0x00000000
     1119715000	     55884	8000557a	6741	c.lui	x14,0x10	 x14=0x00010000
     1119735000	     55885	8000557c	85a32213	slti	x4,x6,-1958	  x6:0x00000000  x4=0x00000000
     1119755000	     55886	80005580	03ca8033	mul	x0,x21,x28	 x21:0x40000000 x28:0x00018000  x0=0x00000000
     1119775000	     55887	80005584	00d8cc33	xor	x24,x17,x13	 x17:0xf701a5a6 x13:0xf632a000 x24=0x013305a6
     1119795000	     55888	80005588	8d91	c.sub	x11,x12	 x11:0x00000280 x12:0xffffffff x11=0x00000281
     1120535000	     55925	8000558a	037564b3	rem	x9,x10,x23	 x10:0x00043bf1 x23:0xffffffff  x9=0x00000000
     1120555000	     55926	8000558e	8226	c.mv	x4,x9	  x0:0x00000000  x9:0x00000000  x4=0x00000000
     1120595000	     55928	80005590	03952833	mulhsu	x16,x10,x25	 x10:0x00043bf1 x25:0xfffbc66b x16=0x00043bdf
     1120615000	     55929	80005594	34006973	csrrsi	x18,mscratch,0	 x18=0x00000006
     1120635000	     55930	80005598	340dbff3	csrrc	x31,mscratch,x27	 x27:0x00000476 x31=0x00000006
     1120655000	     55931	8000559c	01965933	srl	x18,x12,x25	 x12:0xffffffff x25:0xfffbc66b x18=0x001fffff
     1120675000	     55932	800055a0	8fc9	c.or	x15,x10	 x15:0x00000001 x10:0x00043bf1 x15=0x00043bf1
     1121415000	     55969	800055a2	033dc433	div	x8,x27,x19	 x27:0x00000476 x19:0x80021dfc  x8=0x00000000
     1121435000	     55970	800055a6	0ffa	c.slli	x31,0x1e	 x31:0x00000006 x31=0x80000000
     1121475000	     55972	800055a8	02d52db3	mulhsu	x27,x10,x13	 x10:0x00043bf1 x13:0xf632a000 x27=0x0004126f
     1121495000	     55973	800055ac	0243ca63	blt	x7,x4,800055e0	  x7:0xfaeb9c09  x4:0x00000000
     1121595000	     55978	800055e0	03b41fb3	mulh	x31,x8,x27	  x8:0x00000000 x27:0x0004126f x31=0x00000000
     1121615000	     55979	800055e4	5cfd	c.li	x25,-1	 x25=0xffffffff
     1121795000	     55988	800055e6	0187ea33	or	x20,x15,x24	 x15:0x00043bf1 x24:0x013305a6 x20=0x01373ff7
     1121815000	     55989	800055ea	3402d473	csrrwi	x8,mscratch,5	  x8=0x00000000
     1121835000	     55990	800055ee	4b7d	c.li	x22,31	 x22=0x0000001f
     1122175000	     56007	800055f0	8fdd	c.or	x15,x15	 x15:0x00043bf1 x15:0x00043bf1 x15=0x00043bf1
     1122195000	     56008	800055f2	8f5a	c.mv	x30,x22	  x0:0x00000000 x22:0x0000001f x30=0x0000001f
     1122275000	     56012	800055f4	032a86b3	mul	x13,x21,x18	 x21:0x40000000 x18:0x001fffff x13=0xc0000000
     1122315000	     56014	800055f8	0001	c.addi	x0,0	  x0:0x00000000  x0=0x00000000
     1122335000	     56015	800055fa	8a0e	c.mv	x20,x3	  x0:0x00000000  x3:0x00043e09 x20=0x00043e09
     1122355000	     56016	800055fc	4112da93	srai	x21,x5,0x11	  x5:0x0002227c x21=0x00000001
     1122375000	     56017	80005600	01f437b3	sltu	x15,x8,x31	  x8:0x00000000 x31:0x00000000 x15=0x00000000
     1122395000	     56018	80005604	34006f73	csrrsi	x30,mscratch,0	 x30=0x00000005
     1122535000	     56025	80005608	34007773	csrrci	x14,mscratch,0	 x14=0x00000005
     1122695000	     56033	8000560c	85f1	c.srai	x11,0x1c	 x11:0x00000281 x11=0x00000000
     1122715000	     56034	8000560e	2e2f0f13	addi	x30,x30,738	 x30:0x00000005 x30=0x000002e7
     1122735000	     56035	80005612	ec05	c.bnez	x8,8000564a	  x8:0x00000000
     1123135000	     56055	80005614	717d	c.addi16sp	x2,-16	  x2:0x00043e69  x2=0x00043e59
     1123375000	     56067	80005616	011d0eb3	add	x29,x26,x17	 x26:0x80025ce4 x17:0xf701a5a6 x29=0x7704028a
     1123395000	     56068	8000561a	091c	c.addi4spn	x15,x2,144	 x15=0x00043ee9
     1123415000	     56069	8000561c	0001	c.addi	x0,0	  x0:0x00000000  x0=0x00000000
     1124515000	     56124	8000561e	023acf33	div	x30,x21,x3	 x21:0x00000001  x3:0x00043e09 x30=0x00000000
     1124535000	     56125	80005622	ed19	c.bnez	x10,80005640	 x10:0x00043bf1
     1124735000	     56135	80005640	8cf5	c.and	x9,x13	  x9:0x00000000 x13:0xc0000000  x9=0x00000000
     1124755000	     56136	80005642	0090e1b3	or	x3,x1,x9	  x1:0x0000079f  x9:0x00000000  x3=0x0000079f
     1124875000	     56142	80005646	020ebdb3	mulhu	x27,x29,x0	 x29:0x7704028a  x0:0x00000000 x27=0x00000000
     1124995000	     56148	8000564a	34002b73	csrrs	x22,mscratch,x0	  x0:0x00000000 x22=0x00000005
     1125215000	     56159	8000564e	015b8eb3	add	x29,x23,x21	 x23:0xffffffff x21:0x00000001 x29=0x00000000
     1125375000	     56167	80005652	01323533	sltu	x10,x4,x19	  x4:0x00000000 x19:0x80021dfc x10=0x00000001
     1125395000	     56168	80005656	340a1af3	csrrw	x21,mscratch,x20	 x20:0x00043e09 x21=0x00000005
     1125575000	     56177	8000565a	037a1163	bne	x20,x23,8000567c	 x20:0x00043e09 x23:0xffffffff
     1126035000	     56200	8000567c	8d35	c.xor	x10,x13	 x10:0x00000001 x13:0xc0000000 x10=0xc0000001
     1126095000	     56203	8000567e	02bd5733	divu	x14,x26,x11	 x26:0x80025ce4 x11:0x00000000 x14=0xffffffff
     1126115000	     56204	80005682	878d	c.srai	x15,0x3	 x15:0x00043ee9 x15=0x000087dd
     1126135000	     56205	80005684	e705	c.bnez	x14,800056ac	 x14:0xffffffff
     1126615000	     56229	800056ac	01f99513	slli	x10,x19,0x1f	 x19:0x80021dfc x10=0x00000000
     1126735000	     56235	800056b0	0201b433	mulhu	x8,x3,x0	  x3:0x0000079f  x0:0x00000000  x8=0x00000000
     1126835000	     56240	800056b4	0ff0000f	fence	iorw,iorw	
     1126855000	     56241	800056b8	3405bf73	csrrc	x30,mscratch,x11	 x11:0x00000000 x30=0x00043e09
     1126895000	     56243	800056bc	01125ab3	srl	x21,x4,x17	  x4:0x00000000 x17:0xf701a5a6 x21=0x00000000
     1126975000	     56247	800056c0	012dd7b3	srl	x15,x27,x18	 x27:0x00000000 x18:0x001fffff x15=0x00000000
     1127055000	     56251	800056c4	177d	c.addi	x14,-1	 x14:0xffffffff x14=0xfffffffe
     1127115000	     56254	800056c6	34033ef3	csrrc	x29,mscratch,x6	  x6:0x00000000 x29=0x00043e09
     1127135000	     56255	800056ca	717d	c.addi16sp	x2,-16	  x2:0x00043e59  x2=0x00043e49
     1127215000	     56259	800056cc	014ec263	blt	x29,x20,800056d0	 x29:0x00043e09 x20:0x00043e09
     1127295000	     56263	800056d0	0228b033	mulhu	x0,x17,x2	 x17:0xf701a5a6  x2:0x00043e49  x0=0x00000000
     1127435000	     56270	800056d4	00ce14b3	sll	x9,x28,x12	 x28:0x00018000 x12:0xffffffff  x9=0x00000000
     1127455000	     56271	800056d8	038d5d63	bge	x26,x24,80005712	 x26:0x80025ce4 x24:0x013305a6
     1127475000	     56272	800056dc	404edf13	srai	x30,x29,0x4	 x29:0x00043e09 x30=0x000043e0
     1127495000	     56273	800056e0	8cf5	c.and	x9,x13	  x9:0x00000000 x13:0xc0000000  x9=0x00000000
     1127515000	     56274	800056e2	c305	c.beqz	x14,80005702	 x14:0xfffffffe
     1127615000	     56279	800056e4	40d65cb3	sra	x25,x12,x13	 x12:0xffffffff x13:0xc0000000 x25=0xffffffff
     1127635000	     56280	800056e8	040ce163	bltu	x25,x0,8000572a	 x25:0xffffffff  x0:0x00000000
     1127735000	     56285	800056ec	0031cb33	xor	x22,x3,x3	  x3:0x0000079f  x3:0x0000079f x22=0x00000000
     1127875000	     56292	800056f0	01909f63	bne	x1,x25,8000570e	  x1:0x0000079f x25:0xffffffff
     1129075000	     56352	8000570e	03799833	mulh	x16,x19,x23	 x19:0x80021dfc x23:0xffffffff x16=0x00000000
     1129095000	     56353	80005712	d1786713	ori	x14,x16,-745	 x16:0x00000000 x14=0xfffffd17
     1129115000	     56354	80005716	8689	c.srai	x13,0x2	 x13:0xc0000000 x13=0xf0000000
     1129155000	     56356	80005718	02b5a233	mulhsu	x4,x11,x11	 x11:0x00000000 x11:0x00000000  x4=0x00000000
     1129415000	     56369	8000571c	8edd	c.or	x13,x15	 x13:0xf0000000 x15:0x00000000 x13=0xf0000000
     1129435000	     56370	8000571e	0001	c.addi	x0,0	  x0:0x00000000  x0=0x00000000
     1129575000	     56377	80005720	031bb833	mulhu	x16,x23,x17	 x23:0xffffffff x17:0xf701a5a6 x16=0xf701a5a5
     1129975000	     56397	80005724	340f56f3	csrrwi	x13,mscratch,30	 x13=0x00043e09
     1130075000	     56402	80005728	8ee9	c.and	x13,x10	 x13:0x00043e09 x10:0x00000000 x13=0x00000000
     1130115000	     56404	8000572a	023facb3	mulhsu	x25,x31,x3	 x31:0x00000000  x3:0x0000079f x25=0x00000000
     1130135000	     56405	8000572e	0000100f	fence.i	
     1130575000	     56427	80005732	01a235b3	sltu	x11,x4,x26	  x4:0x00000000 x26:0x80025ce4 x11=0x00000001
     1131315000	     56464	80005736	030b52b3	divu	x5,x22,x16	 x22:0x00000000 x16:0xf701a5a5  x5=0x00000000
     1131335000	     56465	8000573a	01c21f93	slli	x31,x4,0x1c	  x4:0x00000000 x31=0x00000000
     1131355000	     56466	8000573e	81c1b413	sltiu	x8,x3,-2020	  x3:0x0000079f  x8=0x00000001
     1131375000	     56467	80005742	340172f3	csrrci	x5,mscratch,2	  x5=0x0000001e
     1131395000	     56468	80005746	035b6563	bltu	x22,x21,80005770	 x22:0x00000000 x21:0x00000000
     1131415000	     56469	8000574a	5d716913	ori	x18,x2,1495	  x2:0x00043e49 x18=0x00043fdf
     1131475000	     56472	8000574e	031914b3	mulh	x9,x18,x17	 x18:0x00043fdf x17:0xf701a5a6  x9=0xffffd9c8
     1131495000	     56473	80005752	8c91	c.sub	x9,x12	  x9:0xffffd9c8 x12:0xffffffff  x9=0xffffd9c9
     1132235000	     56510	80005754	0281d933	divu	x18,x3,x8	  x3:0x0000079f  x8:0x00000001 x18=0x0000079f
     1132255000	     56511	80005758	67d9	c.lui	x15,0x16	 x15=0x00016000
     1132275000	     56512	8000575a	00215a93	srli	x21,x2,0x2	  x2:0x00043e49 x21=0x00010f92
     1132295000	     56513	8000575e	002e1013	slli	x0,x28,0x2	 x28:0x00018000  x0=0x00000000
     1132315000	     56514	80005762	8ee5	c.and	x13,x9	 x13:0x00000000  x9:0xffffd9c9 x13=0x00000000
     1132335000	     56515	80005764	0000100f	fence.i	
     1132875000	     56542	80005768	01e65213	srli	x4,x12,0x1e	 x12:0xffffffff  x4=0x00000003
     1132915000	     56544	8000576c	73de6793	ori	x15,x28,1853	 x28:0x00018000 x15=0x0001873d
     1132935000	     56545	80005770	00e3ef63	bltu	x7,x14,8000578e	  x7:0xfaeb9c09 x14:0xfffffd17
     1133315000	     56564	8000578e	03531033	mulh	x0,x6,x21	  x6:0x00000000 x21:0x00010f92  x0=0x00000000
     1133335000	     56565	80005792	197d	c.addi	x18,-1	 x18:0x0000079f x18=0x0000079e
     1133355000	     56566	80005794	0144c133	xor	x2,x9,x20	  x9:0xffffd9c9 x20:0x00043e09  x2=0xfffbe7c0
     1133375000	     56567	80005798	0357f163	bgeu	x15,x21,800057ba	 x15:0x0001873d x21:0x00010f92
     1134015000	     56599	800057ba	43b6db97	auipc	x23,0x43b6d	 x23=0xc3b727ba
     1134155000	     56606	800057be	034f6b63	bltu	x30,x20,800057f4	 x30:0x000043e0 x20:0x00043e09
     1134915000	     56644	800057f4	00d09eb3	sll	x29,x1,x13	  x1:0x0000079f x13:0x00000000 x29=0x0000079f
     1134935000	     56645	800057f8	e185	c.bnez	x11,80005818	 x11:0x00000001
     1135175000	     56657	80005818	34002073	csrrs	x0,mscratch,x0	  x0:0x00000000  x0=0x00000000
     1135195000	     56658	8000581c	01cb9e63	bne	x23,x28,80005838	 x23:0xc3b727ba x28:0x00018000
     1136135000	     56705	80005838	03b81933	mulh	x18,x16,x27	 x16:0xf701a5a5 x27:0x00000000 x18=0x00000000
     1136155000	     56706	8000583c	8e15	c.sub	x12,x13	 x12:0xffffffff x13:0x00000000 x12=0xffffffff
     1136555000	     56726	8000583e	004780b3	add	x1,x15,x4	 x15:0x0001873d  x4:0x00000003  x1=0x00018740
     1136575000	     56727	80005842	8c35	c.xor	x8,x13	  x8:0x00000001 x13:0x00000000  x8=0x00000001
     1136775000	     56737	80005844	6131	c.addi16sp	x2,320	  x2:0xfffbe7c0  x2=0xfffbe900
     1136795000	     56738	80005846	6105	c.addi16sp	x2,32	  x2:0xfffbe900  x2=0xfffbe920
     1136855000	     56741	80005848	8ea9	c.xor	x13,x10	 x13:0x00000000 x10:0x00000000 x13=0x00000000
     1136875000	     56742	8000584a	34011673	csrrw	x12,mscratch,x2	  x2:0xfffbe920 x12=0x0000001c
     1137315000	     56764	8000584e	0296a7b3	mulhsu	x15,x13,x9	 x13:0x00000000  x9:0xffffd9c9 x15=0x00000000
     1137335000	     56765	80005852	01835493	srli	x9,x6,0x18	  x6:0x00000000  x9=0x00000000
     1137355000	     56766	80005856	6db1	c.lui	x27,0xc	 x27=0x0000c000
     1137375000	     56767	80005858	84ce	c.mv	x9,x19	  x0:0x00000000 x19:0x80021dfc  x9=0x80021dfc
     1137395000	     56768	8000585a	88e5	c.andi	x9,25	  x9:0x80021dfc  x9=0x00000018
     1138195000	     56808	8000585c	03c2fcb3	remu	x25,x5,x28	  x5:0x0000001e x28:0x00018000 x25=0x0000001e
     1138215000	     56809	80005860	9afd	c.andi	x13,-1	 x13:0x00000000 x13=0x00000000
     1138235000	     56810	80005862	019f5833	srl	x16,x30,x25	 x30:0x000043e0 x25:0x0000001e x16=0x00000000
     1138255000	     56811	80005866	00537cb3	and	x25,x6,x5	  x6:0x00000000  x5:0x0000001e x25=0x00000000
     1138275000	     56812	8000586a	c5643893	sltiu	x17,x8,-938	  x8:0x00000001 x17=0x00000001
     1138415000	     56819	8000586e	004c9133	sll	x2,x25,x4	 x25:0x00000000  x4:0x00000003  x2=0x00000000
     1138435000	     56820	80005872	076a	c.slli	x14,0x1a	 x14:0xfffffd17 x14=0x5c000000
     1138495000	     56823	80005874	340cd7f3	csrrwi	x15,mscratch,25	 x15=0xfffbe920
     1138615000	     56829	80005878	00834db3	xor	x27,x6,x8	  x6:0x00000000  x8:0x00000001 x27=0x00000001
     1138635000	     56830	8000587c	013d7263	bgeu	x26,x19,80005880	 x26:0x80025ce4 x19:0x80021dfc
     1138855000	     56841	80005880	4f494413	xori	x8,x18,1268	 x18:0x00000000  x8=0x000004f4
     1138935000	     56845	80005884	656b2893	slti	x17,x22,1622	 x22:0x00000000 x17=0x00000001
     1139355000	     56866	80005888	8d3d	c.xor	x10,x15	 x10:0x00000000 x15:0xfffbe920 x10=0xfffbe920
     1139375000	     56867	8000588a	717d	c.addi16sp	x2,-16	  x2:0x00000000  x2=0xfffffff0
     1139535000	     56875	8000588c	02767163	bgeu	x12,x7,800058ae	 x12:0x0000001c  x7:0xfaeb9c09
     1139675000	     56882	80005890	41f1d093	srai	x1,x3,0x1f	  x3:0x0000079f  x1=0x00000000
     1140055000	     56901	80005894	8e35	c.xor	x12,x13	 x12:0x0000001c x13:0x00000000 x12=0x0000001c
     1140475000	     56922	80005896	2d54ee93	ori	x29,x9,725	  x9:0x00000018 x29=0x000002dd
     1140495000	     56923	8000589a	1308	c.addi4spn	x10,x2,416	 x10=0x00000190
     1140515000	     56924	8000589c	020d7363	bgeu	x26,x0,800058c2	 x26:0x80025ce4  x0:0x00000000
     1140595000	     56928	800058c2	0001	c.addi	x0,0	  x0:0x00000000  x0=0x00000000
     1141215000	     56959	800058c4	03790eb3	mul	x29,x18,x23	 x18:0x00000000 x23:0xc3b727ba x29=0x00000000
     1141335000	     56965	800058c8	8c65	c.and	x8,x9	  x8:0x000004f4  x9:0x00000018  x8=0x00000010
     1141755000	     56986	800058ca	402b8033	sub	x0,x23,x2	 x23:0xc3b727ba  x2:0xfffffff0  x0=0x00000000
     1142175000	     57007	800058ce	00af1263	bne	x30,x10,800058d2	 x30:0x000043e0 x10:0x00000190
     1142895000	     57043	800058d2	4571	c.li	x10,28	 x10=0x0000001c
     1143315000	     57064	800058d4	9ff6	c.add	x31,x29	 x31:0x00000000 x29:0x00000000 x31=0x00000000
     1143335000	     57065	800058d6	0001	c.addi	x0,0	  x0:0x00000000  x0=0x00000000
     1143435000	     57070	800058d8	340adf73	csrrwi	x30,mscratch,21	 x30=0x00000019
     1143455000	     57071	800058dc	34091cf3	csrrw	x25,mscratch,x18	 x18:0x00000000 x25=0x00000015
     1143675000	     57082	800058e0	c005	c.beqz	x8,80005900	  x8:0x00000010
     1143715000	     57084	800058e2	04888263	beq	x17,x8,80005926	 x17:0x00000001  x8:0x00000010
     1143755000	     57086	800058e6	340ed0f3	csrrwi	x1,mscratch,29	  x1=0x00000000
     1144175000	     57107	800058ea	8ef72913	slti	x18,x14,-1809	 x14:0x5c000000 x18=0x00000000
     1144595000	     57128	800058ee	7a99c013	xori	x0,x19,1961	 x19:0x80021dfc  x0=0x00000000
     1144615000	     57129	800058f2	c019	c.beqz	x8,800058f8	  x8:0x00000010
     1144635000	     57130	800058f4	dad90293	addi	x5,x18,-595	 x18:0x00000000  x5=0xfffffdad
     1144735000	     57135	800058f8	8c61	c.and	x8,x8	  x8:0x00000010  x8:0x00000010  x8=0x00000010
     1144755000	     57136	800058fa	cd15	c.beqz	x10,80005936	 x10:0x0000001c
     1144775000	     57137	800058fc	00934233	xor	x4,x6,x9	  x6:0x00000000  x9:0x00000018  x4=0x00000018
     1144795000	     57138	80005900	02e6e963	bltu	x13,x14,80005932	 x13:0x00000000 x14:0x5c000000
     1144935000	     57145	80005932	03d78963	beq	x15,x29,80005964	 x15:0xfffbe920 x29:0x00000000
     1145275000	     57162	80005936	0226aab3	mulhsu	x21,x13,x2	 x13:0x00000000  x2:0xfffffff0 x21=0x00000000
     1145295000	     57163	8000593a	40e95b33	sra	x22,x18,x14	 x18:0x00000000 x14:0x5c000000 x22=0x00000000
     1145415000	     57169	8000593e	34006573	csrrsi	x10,mscratch,0	 x10=0x0000001d
     1145435000	     57170	80005942	012b18b3	sll	x17,x22,x18	 x22:0x00000000 x18:0x00000000 x17=0x00000000
     1145455000	     57171	80005946	ee8d	c.bnez	x13,80005980	 x13:0x00000000
     1145695000	     57183	80005948	07be	c.slli	x15,0xf	 x15:0xfffbe920 x15=0xf4900000
     1146435000	     57220	8000594a	03a84fb3	div	x31,x16,x26	 x16:0x00000000 x26:0x80025ce4 x31=0x00000000
     1146455000	     57221	8000594e	340cbb73	csrrc	x22,mscratch,x25	 x25:0x00000015 x22=0x0000001d
     1146475000	     57222	80005952	0001	c.addi	x0,0	  x0:0x00000000  x0=0x00000000
     1146515000	     57224	80005954	031e9bb3	mulh	x23,x29,x17	 x29:0x00000000 x17:0x00000000 x23=0x00000000
     1147255000	     57261	80005958	025a6433	rem	x8,x20,x5	 x20:0x00043e09  x5:0xfffffdad  x8=0x000000a0
     1147275000	     57262	8000595c	8d1d	c.sub	x10,x15	 x10:0x0000001d x15:0xf4900000 x10=0x0b70001d
     1147295000	     57263	8000595e	01fde1b3	or	x3,x27,x31	 x27:0x00000001 x31:0x00000000  x3=0x00000001
     1147315000	     57264	80005962	053a	c.slli	x10,0xe	 x10:0x0b70001d x10=0x00074000
     1147335000	     57265	80005964	0001	c.addi	x0,0	  x0:0x00000000  x0=0x00000000
     1147355000	     57266	80005966	05ca8e93	addi	x29,x21,92	 x21:0x00000000 x29=0x0000005c
     1147375000	     57267	8000596a	02f48f63	beq	x9,x15,800059a8	  x9:0x00000018 x15:0xf4900000
     1147395000	     57268	8000596e	340c1573	csrrw	x10,mscratch,x24	 x24:0x013305a6 x10=0x00000008
     1147475000	     57272	80005972	ae3ca913	slti	x18,x25,-1309	 x25:0x00000015 x18=0x00000000
     1147495000	     57273	80005976	987d	c.andi	x8,-1	  x8:0x000000a0  x8=0x000000a0
     1147515000	     57274	80005978	34002573	csrrs	x10,mscratch,x0	  x0:0x00000000 x10=0x013305a6
     1147635000	     57280	8000597c	63f80f93	addi	x31,x16,1599	 x16:0x00000000 x31=0x0000063f
     1147755000	     57286	80005980	34075b73	csrrwi	x22,mscratch,14	 x22=0x013305a6
     1148175000	     57307	80005984	8afffb93	andi	x23,x31,-1873	 x31:0x0000063f x23=0x0000002f
     1148555000	     57326	80005988	022fbe33	mulhu	x28,x31,x2	 x31:0x0000063f  x2:0xfffffff0 x28=0x0000063e
     1148735000	     57335	8000598c	01e67fb3	and	x31,x12,x30	 x12:0x0000001c x30:0x00000019 x31=0x00000018
     1148775000	     57337	80005990	0ff0000f	fence	iorw,iorw	
     1148815000	     57339	80005994	024918b3	mulh	x17,x18,x4	 x18:0x00000000  x4:0x00000018 x17=0x00000000
     1148835000	     57340	80005998	ef147c13	andi	x24,x8,-271	  x8:0x000000a0 x24=0x000000a0
     1148895000	     57343	8000599c	03330463	beq	x6,x19,800059c4	  x6:0x00000000 x19:0x80021dfc
     1148915000	     57344	800059a0	8105	c.srli	x10,0x1	 x10:0x013305a6 x10=0x009982d3
     1148935000	     57345	800059a2	304d7913	andi	x18,x26,772	 x26:0x80025ce4 x18=0x00000004
     1148955000	     57346	800059a6	717d	c.addi16sp	x2,-16	  x2:0xfffffff0  x2=0xffffffe0
     1148995000	     57348	800059a8	028e2e33	mulhsu	x28,x28,x8	 x28:0x0000063e  x8:0x000000a0 x28=0x00000000
     1149095000	     57353	800059ac	6135	c.addi16sp	x2,352	  x2:0xffffffe0  x2=0x00000140
     1149535000	     57375	800059ae	00f390b3	sll	x1,x7,x15	  x7:0xfaeb9c09 x15:0xf4900000  x1=0xfaeb9c09
     1149955000	     57396	800059b2	340831f3	csrrc	x3,mscratch,x16	 x16:0x00000000  x3=0x0000000e
     1149975000	     57397	800059b6	9b7d	c.andi	x14,-1	 x14:0x5c000000 x14=0x5c000000
     1150155000	     57406	800059b8	8fed	c.and	x15,x11	 x15:0xf4900000 x11:0x00000001 x15=0x00000000
     1150195000	     57408	800059ba	01fb5a13	srli	x20,x22,0x1f	 x22:0x013305a6 x20=0x00000000
     1150215000	     57409	800059be	00e2fa33	and	x20,x5,x14	  x5:0xfffffdad x14:0x5c000000 x20=0x5c000000
     1150235000	     57410	800059c2	8541	c.srai	x10,0x10	 x10:0x009982d3 x10=0x00000099
     1150255000	     57411	800059c4	0001	c.addi	x0,0	  x0:0x00000000  x0=0x00000000
     1150275000	     57412	800059c6	00b0ec33	or	x24,x1,x11	  x1:0xfaeb9c09 x11:0x00000001 x24=0xfaeb9c09
     1150295000	     57413	800059ca	6344fc93	andi	x25,x9,1588	  x9:0x00000018 x25=0x00000010
     1150735000	     57435	800059ce	00386bb3	or	x23,x16,x3	 x16:0x00000000  x3:0x0000000e x23=0x0000000e
     1150855000	     57441	800059d2	026bf533	remu	x10,x23,x6	 x23:0x0000000e  x6:0x00000000 x10=0x0000000e
     1150875000	     57442	800059d6	02ed	c.addi	x5,27	  x5:0xfffffdad  x5=0xfffffdc8
     1150895000	     57443	800059d8	ee91	c.bnez	x13,800059f4	 x13:0x00000000
     1150915000	     57444	800059da	03896e63	bltu	x18,x24,80005a16	 x18:0x00000004 x24:0xfaeb9c09
     1151975000	     57497	80005a16	058dc363	blt	x27,x24,80005a5c	 x27:0x00000001 x24:0xfaeb9c09
     1151995000	     57498	80005a1a	0104d193	srli	x3,x9,0x10	  x9:0x00000018  x3=0x00000000
     1152435000	     57520	80005a1e	03df9c33	mulh	x24,x31,x29	 x31:0x00000018 x29:0x0000005c x24=0x00000000
     1152455000	     57521	80005a22	d1d7cf13	xori	x30,x15,-739	 x15:0x00000000 x30=0xfffffd1d
     1152855000	     57541	80005a26	01309733	sll	x14,x1,x19	  x1:0xfaeb9c09 x19:0x80021dfc x14=0x90000000
     1152875000	     57542	80005a2a	02875c63	bge	x14,x8,80005a62	 x14:0x90000000  x8:0x000000a0
     1153155000	     57556	80005a2e	34049e73	csrrw	x28,mscratch,x9	  x9:0x00000018 x28=0x0000000e
     1153175000	     57557	80005a32	8639	c.srai	x12,0xe	 x12:0x0000001c x12=0x00000000
     1153575000	     57577	80005a34	01f392b3	sll	x5,x7,x31	  x7:0xfaeb9c09 x31:0x00000018  x5=0x09000000
     1153635000	     57580	80005a38	67fd	c.lui	x15,0x1f	 x15=0x0001f000
     1153875000	     57592	80005a3a	535d8793	addi	x15,x27,1333	 x27:0x00000001 x15=0x00000536
     1153895000	     57593	80005a3e	8cd1	c.or	x9,x12	  x9:0x00000018 x12:0x00000000  x9=0x00000018
     1153915000	     57594	80005a40	1e94	c.addi4spn	x13,x2,880	 x13=0x000004b0
     1153935000	     57595	80005a42	03f4d663	bge	x9,x31,80005a6e	  x9:0x00000018 x31:0x00000018
     1154655000	     57631	80005a6e	9d348313	addi	x6,x9,-1581	  x9:0x00000018  x6=0xfffff9eb
     1154695000	     57633	80005a72	030fc2b3	div	x5,x31,x16	 x31:0x00000018 x16:0x00000000  x5=0xffffffff
     1154715000	     57634	80005a76	41e45bb3	sra	x23,x8,x30	  x8:0x000000a0 x30:0xfffffd1d x23=0x00000000
     1154735000	     57635	80005a7a	1d0c	c.addi4spn	x11,x2,688	 x11=0x000003f0
     1154755000	     57636	80005a7c	039b9b63	bne	x23,x25,80005ab2	 x23:0x00000000 x25:0x00000010
     1155875000	     57692	80005ab2	00d10f33	add	x30,x2,x13	  x2:0x00000140 x13:0x000004b0 x30=0x000005f0
     1156015000	     57699	80005ab6	00ce9ab3	sll	x21,x29,x12	 x29:0x0000005c x12:0x00000000 x21=0x0000005c
     1156035000	     57700	80005aba	01601813	slli	x16,x0,0x16	  x0:0x00000000 x16=0x00000000
     1156055000	     57701	80005abe	6c35	c.lui	x24,0xd	 x24=0x0000d000
     1156075000	     57702	80005ac0	8591	c.srai	x11,0x4	 x11:0x000003f0 x11=0x0000003f
     1156095000	     57703	80005ac2	8d81	c.sub	x11,x8	 x11:0x0000003f  x8:0x000000a0 x11=0xffffff9f
     1156115000	     57704	80005ac4	408f5b13	srai	x22,x30,0x8	 x30:0x000005f0 x22=0x00000005
     1156495000	     57723	80005ac8	3e046013	ori	x0,x8,992	  x8:0x000000a0  x0=0x00000000
     1156515000	     57724	80005acc	091a	c.slli	x18,0x6	 x18:0x00000004 x18=0x00000100
     1156955000	     57746	80005ace	02af1133	mulh	x2,x30,x10	 x30:0x000005f0 x10:0x0000000e  x2=0x00000000
     1156975000	     57747	80005ad2	415f8cb3	sub	x25,x31,x21	 x31:0x00000018 x21:0x0000005c x25=0xffffffbc
     1156995000	     57748	80005ad6	41b9dbb3	sra	x23,x19,x27	 x19:0x80021dfc x27:0x00000001 x23=0xc0010efe
     1157015000	     57749	80005ada	00a55013	srli	x0,x10,0xa	 x10:0x0000000e  x0=0x00000000
     1157035000	     57750	80005ade	002871b3	and	x3,x16,x2	 x16:0x00000000  x2:0x00000000  x3=0x00000000
     1157055000	     57751	80005ae2	8876	c.mv	x16,x29	  x0:0x00000000 x29:0x0000005c x16=0x0000005c
     1157155000	     57756	80005ae4	03c728b3	mulhsu	x17,x14,x28	 x14:0x90000000 x28:0x0000000e x17=0xfffffff9
     1157575000	     57777	80005ae8	03b31f33	mulh	x30,x6,x27	  x6:0xfffff9eb x27:0x00000001 x30=0xffffffff
     1157595000	     57778	80005aec	005756b3	srl	x13,x14,x5	 x14:0x90000000  x5:0xffffffff x13=0x00000001
     1157995000	     57798	80005af0	80c5	c.srli	x9,0x11	  x9:0x00000018  x9=0x00000000
     1158115000	     57804	80005af2	01f7de33	srl	x28,x15,x31	 x15:0x00000536 x31:0x00000018 x28=0x00000000
     1158135000	     57805	80005af6	02046063	bltu	x8,x0,80005b16	  x8:0x000000a0  x0:0x00000000
     1158155000	     57806	80005afa	018d	c.addi	x3,3	  x3:0x00000000  x3=0x00000003
     1158535000	     57825	80005afc	c1de2713	slti	x14,x28,-995	 x28:0x00000000 x14=0x00000000
     1158575000	     57827	80005b00	0001	c.addi	x0,0	  x0:0x00000000  x0=0x00000000
     1158595000	     57828	80005b02	8965	c.andi	x10,25	 x10:0x0000000e x10=0x00000008
     1159335000	     57865	80005b04	034fd033	divu	x0,x31,x20	 x31:0x00000018 x20:0x5c000000  x0=0x00000000
     1186215000	     59209	80005b08	c19d	c.beqz	x11,80005b2e	 x11:0xffffff9f
     1186235000	     59210	80005b0a	8311	c.srli	x14,0x4	 x14:0x00000000 x14=0x00000000
     1186255000	     59211	80005b0c	63546113	ori	x2,x8,1589	  x8:0x000000a0  x2=0x000006b5
     1186275000	     59212	80005b10	340e90f3	csrrw	x1,mscratch,x29	 x29:0x0000005c  x1=0x00000018
     1186295000	     59213	80005b14	8cf9	c.and	x9,x14	  x9:0x00000000 x14:0x00000000  x9=0x00000000
     1186315000	     59214	80005b16	24959937	lui	x18,0x24959	 x18=0x24959000
     1186335000	     59215	80005b1a	ac346e93	ori	x29,x8,-1341	  x8:0x000000a0 x29=0xfffffae3
     1186375000	     59217	80005b1e	4000d233	sra	x4,x1,x0	  x1:0x00000018  x0:0x00000000  x4=0x00000018
     1186395000	     59218	80005b22	34006373	csrrsi	x6,mscratch,0	  x6=0x0000005c
     1187155000	     59256	80005b26	039ac133	div	x2,x21,x25	 x21:0x0000005c x25:0xffffffbc  x2=0xffffffff
     1187175000	     59257	80005b2a	02438b63	beq	x7,x4,80005b60	  x7:0xfaeb9c09  x4:0x00000018
     1187195000	     59258	80005b2e	02274e63	blt	x14,x2,80005b6a	 x14:0x00000000  x2:0xffffffff
     1187215000	     59259	80005b32	84d5	c.srai	x9,0x15	  x9:0x00000000  x9=0x00000000
     1187235000	     59260	80005b34	03bcf363	bgeu	x25,x27,80005b5a	 x25:0xffffffbc x27:0x00000001
     1187875000	     59292	80005b5a	ee05	c.bnez	x12,80005b92	 x12:0x00000000
     1187895000	     59293	80005b5c	01841c63	bne	x8,x24,80005b74	  x8:0x000000a0 x24:0x0000d000
     1188535000	     59325	80005b74	02722833	mulhsu	x16,x4,x7	  x4:0x00000018  x7:0xfaeb9c09 x16=0x00000017
     1188555000	     59326	80005b78	94fa	c.add	x9,x30	  x9:0x00000000 x30:0xffffffff  x9=0xffffffff
     1188575000	     59327	80005b7a	008c1213	slli	x4,x24,0x8	 x24:0x0000d000  x4=0x00d00000
     1188595000	     59328	80005b7e	0174d4b3	srl	x9,x9,x23	  x9:0xffffffff x23:0xc0010efe  x9=0x00000003
     1188715000	     59334	80005b82	01c67333	and	x6,x12,x28	 x12:0x00000000 x28:0x00000000  x6=0x00000000
     1189135000	     59355	80005b86	1400c493	xori	x9,x1,320	  x1:0x00000018  x9=0x00000158
     1189335000	     59365	80005b8a	0ff0000f	fence	iorw,iorw	
     1190475000	     59422	80005b8e	0336ccb3	div	x25,x13,x19	 x13:0x00000001 x19:0x80021dfc x25=0x00000000
     1190495000	     59423	80005b92	34003573	csrrc	x10,mscratch,x0	  x0:0x00000000 x10=0x0000005c
     1190515000	     59424	80005b96	0095	c.addi	x1,5	  x1:0x00000018  x1=0x0000001d
     1190535000	     59425	80005b98	00c3ac33	slt	x24,x7,x12	  x7:0xfaeb9c09 x12:0x00000000 x24=0x00000001
     1190555000	     59426	80005b9c	0ff0000f	fence	iorw,iorw	
     1190575000	     59427	80005ba0	401254b3	sra	x9,x4,x1	  x4:0x00d00000  x1:0x0000001d  x9=0x00000000
     1190595000	     59428	80005ba4	02444c63	blt	x8,x4,80005bdc	  x8:0x000000a0  x4:0x00d00000
     1191855000	     59491	80005bdc	036572b3	remu	x5,x10,x22	 x10:0x0000005c x22:0x00000005  x5=0x00000002
     1191875000	     59492	80005be0	00121c13	slli	x24,x4,0x1	  x4:0x00d00000 x24=0x01a00000
     1191895000	     59493	80005be4	00feba33	sltu	x20,x29,x15	 x29:0xfffffae3 x15:0x00000536 x20=0x00000000
     1191915000	     59494	80005be8	e395	c.bnez	x15,80005c0c	 x15:0x00000536
     1192355000	     59516	80005c0c	0076e1b3	or	x3,x13,x7	 x13:0x00000001  x7:0xfaeb9c09  x3=0xfaeb9c09
     1192795000	     59538	80005c10	403a5bb3	sra	x23,x20,x3	 x20:0x00000000  x3:0xfaeb9c09 x23=0x00000000
     1193215000	     59559	80005c14	61d5	c.lui	x3,0x15	  x3=0x00015000
     1193235000	     59560	80005c16	e0b37313	andi	x6,x6,-501	  x6:0x00000000  x6=0x00000000
     1193655000	     59581	80005c1a	34011ff3	csrrw	x31,mscratch,x2	  x2:0xffffffff x31=0x0000005c
     1193675000	     59582	80005c1e	40495c13	srai	x24,x18,0x4	 x18:0x24959000 x24=0x02495900
     1193695000	     59583	80005c22	34003573	csrrc	x10,mscratch,x0	  x0:0x00000000 x10=0xffffffff
     1193855000	     59591	80005c26	00da5263	bge	x20,x13,80005c2a	 x20:0x00000000 x13:0x00000001
     1193875000	     59592	80005c2a	34091cf3	csrrw	x25,mscratch,x18	 x18:0x24959000 x25=0xffffffff
     1193895000	     59593	80005c2e	997d	c.andi	x10,-1	 x10:0xffffffff x10=0xffffffff
     1194395000	     59618	80005c30	e4ff8893	addi	x17,x31,-433	 x31:0x0000005c x17=0xfffffeab
     1194815000	     59639	80005c34	2de5af37	lui	x30,0x2de5a	 x30=0x2de5a000
     1194995000	     59648	80005c38	00509713	slli	x14,x1,0x5	  x1:0x0000001d x14=0x000003a0
     1195075000	     59652	80005c3c	012edb13	srli	x22,x29,0x12	 x29:0xfffffae3 x22=0x00003fff
     1195155000	     59656	80005c40	12c9f113	andi	x2,x19,300	 x19:0x80021dfc  x2=0x0000012c
     1195175000	     59657	80005c44	0165fb33	and	x22,x11,x22	 x11:0xffffff9f x22:0x00003fff x22=0x00003f9f
     1195315000	     59664	80005c48	8a19	c.andi	x12,6	 x12:0x00000000 x12=0x00000000
     1195335000	     59665	80005c4a	8a71	c.andi	x12,28	 x12:0x00000000 x12=0x00000000
     1195675000	     59682	80005c4c	91e6	c.add	x3,x25	  x3:0x00015000 x25:0xffffffff  x3=0x00014fff
     1196515000	     59724	80005c4e	0239ccb3	div	x25,x19,x3	 x19:0x80021dfc  x3:0x00014fff x25=0xffff9e7c
     1196535000	     59725	80005c52	997d	c.andi	x10,-1	 x10:0xffffffff x10=0xffffffff
     1196555000	     59726	80005c54	023e9f63	bne	x29,x3,80005c92	 x29:0xfffffae3  x3:0x00014fff
     1196655000	     59731	80005c92	3406f273	csrrci	x4,mscratch,13	  x4=0x24959000
     1196675000	     59732	80005c96	34042ff3	csrrs	x31,mscratch,x8	  x8:0x000000a0 x31=0x24959000
     1196695000	     59733	80005c9a	8c35	c.xor	x8,x13	  x8:0x000000a0 x13:0x00000001  x8=0x000000a1
     1197095000	     59753	80005c9c	40b98733	sub	x14,x19,x11	 x19:0x80021dfc x11:0xffffff9f x14=0x80021e5d
     1197115000	     59754	80005ca0	00d0d293	srli	x5,x1,0xd	  x1:0x0000001d  x5=0x00000000
     1197195000	     59758	80005ca4	00785e63	bge	x16,x7,80005cc0	 x16:0x00000017  x7:0xfaeb9c09
     1197575000	     59777	80005cc0	03915163	bge	x2,x25,80005ce2	  x2:0x0000012c x25:0xffff9e7c
     1199475000	     59872	80005ce2	021071b3	remu	x3,x0,x1	  x0:0x00000000  x1:0x0000001d  x3=0x00000000
     1199515000	     59874	80005ce6	02bb9bb3	mulh	x23,x23,x11	 x23:0x00000000 x11:0xffffff9f x23=0x00000000
     1199535000	     59875	80005cea	ed1d	c.bnez	x10,80005d28	 x10:0xffffffff
     1199795000	     59888	80005d28	997d	c.andi	x10,-1	 x10:0xffffffff x10=0xffffffff
     1199815000	     59889	80005d2a	1afd	c.addi	x21,-1	 x21:0x0000005c x21=0x0000005b
     1200215000	     59909	80005d2c	f494f613	andi	x12,x9,-183	  x9:0x00000000 x12=0x00000000
     1200235000	     59910	80005d30	34002073	csrrs	x0,mscratch,x0	  x0:0x00000000  x0=0x00000000
     1200255000	     59911	80005d34	70492913	slti	x18,x18,1796	 x18:0x24959000 x18=0x00000000
     1200275000	     59912	80005d38	019ccb33	xor	x22,x25,x25	 x25:0xffff9e7c x25:0xffff9e7c x22=0x00000000
     1200295000	     59913	80005d3c	4b39	c.li	x22,14	 x22=0x0000000e
     1200315000	     59914	80005d3e	8ce9	c.and	x9,x10	  x9:0x00000000 x10:0xffffffff  x9=0x00000000
     1200755000	     59936	80005d40	ff443093	sltiu	x1,x8,-12	  x8:0x000000a1  x1=0x00000001
     1200775000	     59937	80005d44	bf1fff93	andi	x31,x31,-1039	 x31:0x24959000 x31=0x24959000
     1200795000	     59938	80005d48	34006b73	csrrsi	x22,mscratch,0	 x22=0x249590a0
     1200935000	     59945	80005d4c	03494d63	blt	x18,x20,80005d86	 x18:0x00000000 x20:0x00000000
     1201015000	     59949	80005d50	000cfdb3	and	x27,x25,x0	 x25:0xffff9e7c  x0:0x00000000 x27=0x00000000
     1201435000	     59970	80005d54	03245763	bge	x8,x18,80005d82	  x8:0x000000a1 x18:0x00000000
     1202055000	     60001	80005d82	e8c4f513	andi	x10,x9,-372	  x9:0x00000000 x10=0x00000000
     1202075000	     60002	80005d86	810d	c.srli	x10,0x3	 x10:0x00000000 x10=0x00000000
     1202135000	     60005	80005d88	e18a4713	xori	x14,x20,-488	 x20:0x00000000 x14=0xfffffe18
     1202155000	     60006	80005d8c	05a02f93	slti	x31,x0,90	  x0:0x00000000 x31=0x00000001
     1202175000	     60007	80005d90	03bf7a63	bgeu	x30,x27,80005dc4	 x30:0x2de5a000 x27:0x00000000
     1202655000	     60031	80005dc4	1010	c.addi4spn	x12,x2,32	 x12=0x0000014c
     1202895000	     60043	80005dc6	02a9cf33	div	x30,x19,x10	 x19:0x80021dfc x10:0x00000000 x30=0xffffffff
     1202915000	     60044	80005dca	4088dfb3	sra	x31,x17,x8	 x17:0xfffffeab  x8:0x000000a1 x31=0xffffff55
     1202935000	     60045	80005dce	03e51063	bne	x10,x30,80005dee	 x10:0x00000000 x30:0xffffffff
     1203635000	     60080	80005dee	00d60833	add	x16,x12,x13	 x12:0x0000014c x13:0x00000001 x16=0x0000014d
     1203655000	     60081	80005df2	ceabd437	lui	x8,0xceabd	  x8=0xceabd000
     1203675000	     60082	80005df6	8acd	c.andi	x13,19	 x13:0x00000001 x13=0x00000001
     1203695000	     60083	80005df8	c305	c.beqz	x14,80005e18	 x14:0xfffffe18
     1204115000	     60104	80005dfa	038236b3	mulhu	x13,x4,x24	  x4:0x24959000 x24:0x02495900 x13=0x0053a67e
     1204135000	     60105	80005dfe	8165	c.srli	x10,0x19	 x10:0x00000000 x10=0x00000000
     1204155000	     60106	80005e00	038a0b13	addi	x22,x20,56	 x20:0x00000000 x22=0x00000038
     1204175000	     60107	80005e04	39ea7913	andi	x18,x20,926	 x20:0x00000000 x18=0x00000000
     1204295000	     60113	80005e08	02294263	blt	x18,x2,80005e2c	 x18:0x00000000  x2:0x0000012c
     1205115000	     60154	80005e2c	026f7133	remu	x2,x30,x6	 x30:0xffffffff  x6:0x00000000  x2=0xffffffff
     1205535000	     60175	80005e30	8c45	c.or	x8,x9	  x8:0xceabd000  x9:0x00000000  x8=0xceabd000
     1205555000	     60176	80005e32	d2bc2a93	slti	x21,x24,-725	 x24:0x02495900 x21=0x00000000
     1205635000	     60180	80005e36	025b1f63	bne	x22,x5,80005e74	 x22:0x00000038  x5:0x00000000
     1205935000	     60195	80005e74	03d60063	beq	x12,x29,80005e94	 x12:0x0000014c x29:0xfffffae3
     1206315000	     60214	80005e78	8179	c.srli	x10,0x1e	 x10:0x00000000 x10=0x00000000
     1206335000	     60215	80005e7a	41da51b3	sra	x3,x20,x29	 x20:0x00000000 x29:0xfffffae3  x3=0x00000000
     1206355000	     60216	80005e7e	eb05	c.bnez	x14,80005eae	 x14:0xfffffe18
     1206835000	     60240	80005eae	053e6163	bltu	x28,x19,80005ef0	 x28:0x00000000 x19:0x80021dfc
     1207415000	     60269	80005ef0	020008b3	mul	x17,x0,x0	  x0:0x00000000  x0:0x00000000 x17=0x00000000
     1207435000	     60270	80005ef4	25174313	xori	x6,x14,593	 x14:0xfffffe18  x6=0xfffffc49
     1207855000	     60291	80005ef8	01a41433	sll	x8,x8,x26	  x8:0xceabd000 x26:0x80025ce4  x8=0xeabd0000
     1207975000	     60297	80005efc	0235d163	bge	x11,x3,80005f1e	 x11:0xffffff9f  x3:0x00000000
     1208395000	     60318	80005f00	8dbd	c.xor	x11,x15	 x11:0xffffff9f x15:0x00000536 x11=0xfffffaa9
     1208415000	     60319	80005f02	7c613c93	sltiu	x25,x2,1990	  x2:0xffffffff x25=0x00000000
     1208435000	     60320	80005f06	8ec9	c.or	x13,x10	 x13:0x0053a67e x10:0x00000000 x13=0x0053a67e
     1208615000	     60329	80005f08	9122fc93	andi	x25,x5,-1774	  x5:0x00000000 x25=0x00000000
     1208635000	     60330	80005f0c	e53df713	andi	x14,x27,-429	 x27:0x00000000 x14=0x00000000
     1208655000	     60331	80005f10	72106593	ori	x11,x0,1825	  x0:0x00000000 x11=0x00000721
     1208895000	     60343	80005f14	0301cf63	blt	x3,x16,80005f52	  x3:0x00000000 x16:0x0000014d
     1210295000	     60413	80005f52	036b67b3	rem	x15,x22,x22	 x22:0x00000038 x22:0x00000038 x15=0x00000000
     1210315000	     60414	80005f56	04249063	bne	x9,x2,80005f96	  x9:0x00000000  x2:0xffffffff
     1210795000	     60438	80005f96	007c97b3	sll	x15,x25,x7	 x25:0x00000000  x7:0xfaeb9c09 x15=0x00000000
     1211055000	     60451	80005f9a	02b50233	mul	x4,x10,x11	 x10:0x00000000 x11:0x00000721  x4=0x00000000
     1211075000	     60452	80005f9e	0090	c.addi4spn	x12,x2,64	 x12=0x0000003f
     1211215000	     60459	80005fa0	03f288b3	mul	x17,x5,x31	  x5:0x00000000 x31:0xffffff55 x17=0x00000000
     1211275000	     60462	80005fa4	00c72bb3	slt	x23,x14,x12	 x14:0x00000000 x12:0x0000003f x23=0x00000001
     1211695000	     60483	80005fa8	0084dd93	srli	x27,x9,0x8	  x9:0x00000000 x27=0x00000000
     1211755000	     60486	80005fac	0ff0000f	fence	iorw,iorw	
     1211935000	     60495	80005fb0	cf89	c.beqz	x15,80005fca	 x15:0x00000000
     1213035000	     60550	80005fca	01711093	slli	x1,x2,0x17	  x2:0xffffffff  x1=0xff800000
     1213175000	     60557	80005fce	24f36b93	ori	x23,x6,591	  x6:0xfffffc49 x23=0xfffffe4f
     1213195000	     60558	80005fd2	8c75	c.and	x8,x13	  x8:0xeabd0000 x13:0x0053a67e  x8=0x00110000
     1213595000	     60578	80005fd4	02c01363	bne	x0,x12,80005ffa	  x0:0x00000000 x12:0x0000003f
     1213915000	     60594	80005ffa	6386d7b7	lui	x15,0x6386d	 x15=0x6386d000
     1214095000	     60603	80005ffe	4dcbcc17	auipc	x24,0x4dcbc	 x24=0xcdcc1ffe
     1214255000	     60611	80006002	03202333	mulhsu	x6,x0,x18	  x0:0x00000000 x18:0x00000000  x6=0x00000000
     1214275000	     60612	80006006	6f7d	c.lui	x30,0x1f	 x30=0x0001f000
     1214355000	     60616	80006008	34057a73	csrrci	x20,mscratch,10	 x20=0x249590a0
     1214375000	     60617	8000600c	18d3fa13	andi	x20,x7,397	  x7:0xfaeb9c09 x20=0x00000009
     1214795000	     60638	80006010	024586b3	mul	x13,x11,x4	 x11:0x00000721  x4:0x00000000 x13=0x00000000
     1214895000	     60643	80006014	019e2933	slt	x18,x28,x25	 x28:0x00000000 x25:0x00000000 x18=0x00000000
     1215315000	     60664	80006018	00d75633	srl	x12,x14,x13	 x14:0x00000000 x13:0x00000000 x12=0x00000000
     1215475000	     60672	8000601c	97c83193	sltiu	x3,x16,-1668	 x16:0x0000014d  x3=0x00000001
     1215495000	     60673	80006020	8ce9	c.and	x9,x10	  x9:0x00000000 x10:0x00000000  x9=0x00000000
     1224195000	     61108	80006022	3401d8f3	csrrwi	x17,mscratch,3	 x17=0x249590a0
     1224215000	     61109	80006026	00e76363	bltu	x14,x14,8000602c	 x14:0x00000000 x14:0x00000000
     1224235000	     61110	8000602a	537d	c.li	x6,-1	  x6=0xffffffff
     1224255000	     61111	8000602c	34003773	csrrc	x14,mscratch,x0	  x0:0x00000000 x14=0x00000003
     1224275000	     61112	80006030	4106dc33	sra	x24,x13,x16	 x13:0x00000000 x16:0x0000014d x24=0x00000000
     1224295000	     61113	80006034	0ff0000f	fence	iorw,iorw	
     1224715000	     61134	80006038	01736cb3	or	x25,x6,x23	  x6:0xffffffff x23:0xfffffe4f x25=0xffffffff
     1225135000	     61155	8000603c	8a69	c.andi	x12,26	 x12:0x00000000 x12=0x00000000
     1225155000	     61156	8000603e	02e38a33	mul	x20,x7,x14	  x7:0xfaeb9c09 x14:0x00000003 x20=0xf0c2d41b
     1225175000	     61157	80006042	9306	c.add	x6,x1	  x6:0xffffffff  x1:0xff800000  x6=0xff7fffff
     1225195000	     61158	80006044	036105b3	mul	x11,x2,x22	  x2:0xffffffff x22:0x00000038 x11=0xffffffc8
     1225215000	     61159	80006048	137d	c.addi	x6,-1	  x6:0xff7fffff  x6=0xff7ffffe
     1225235000	     61160	8000604a	484e28b7	lui	x17,0x484e2	 x17=0x484e2000
     1225415000	     61169	8000604e	e479b293	sltiu	x5,x19,-441	 x19:0x80021dfc  x5=0x00000001
     1225435000	     61170	80006052	84c9	c.srai	x9,0x12	  x9:0x00000000  x9=0x00000000
     1225575000	     61177	80006054	002e0733	add	x14,x28,x2	 x28:0x00000000  x2:0xffffffff x14=0xffffffff
     1225855000	     61191	80006058	03247cb3	remu	x25,x8,x18	  x8:0x00110000 x18:0x00000000 x25=0x00110000
     1225975000	     61197	8000605c	0ff0000f	fence	iorw,iorw	
     1226055000	     61201	80006060	d2213e13	sltiu	x28,x2,-734	  x2:0xffffffff x28=0x00000000
     1226415000	     61219	80006064	80d1	c.srli	x9,0x14	  x9:0x00000000  x9=0x00000000
     1226455000	     61221	80006066	03d5b1b3	mulhu	x3,x11,x29	 x11:0xffffffc8 x29:0xfffffae3  x3=0xfffffaab
     1226475000	     61222	8000606a	63857437	lui	x8,0x63857	  x8=0x63857000
     1226535000	     61225	8000606e	403a5013	srai	x0,x20,0x3	 x20:0xf0c2d41b  x0=0x00000000
     1226655000	     61231	80006072	03c84033	div	x0,x16,x28	 x16:0x0000014d x28:0x00000000  x0=0x00000000
     1226755000	     61236	80006076	862d0a13	addi	x20,x26,-1950	 x26:0x80025ce4 x20=0x80025546
     1226875000	     61242	8000607a	00639bb3	sll	x23,x7,x6	  x7:0xfaeb9c09  x6:0xff7ffffe x23=0x40000000
     1226955000	     61246	8000607e	02c0a833	mulhsu	x16,x1,x12	  x1:0xff800000 x12:0x00000000 x16=0x00000000
     1226975000	     61247	80006082	8dcd	c.or	x11,x11	 x11:0xffffffc8 x11:0xffffffc8 x11=0xffffffc8
     1227035000	     61250	80006084	024fc833	div	x16,x31,x4	 x31:0xffffff55  x4:0x00000000 x16=0xffffffff
     1227195000	     61258	80006088	01b66633	or	x12,x12,x27	 x12:0x00000000 x27:0x00000000 x12=0x00000000
     1227275000	     61262	8000608c	00973e33	sltu	x28,x14,x9	 x14:0xffffffff  x9:0x00000000 x28=0x00000000
     1227435000	     61270	80006090	03ab84b3	mul	x9,x23,x26	 x23:0x40000000 x26:0x80025ce4  x9=0x00000000
     1227495000	     61273	80006094	00e401b3	add	x3,x8,x14	  x8:0x63857000 x14:0xffffffff  x3=0x63856fff
     1227675000	     61282	80006098	c6597113	andi	x2,x18,-923	 x18:0x00000000  x2=0x00000000
     1227695000	     61283	8000609c	0109c2b3	xor	x5,x19,x16	 x19:0x80021dfc x16:0xffffffff  x5=0x7ffde203
     1228115000	     61304	800060a0	8fc1	c.or	x15,x8	 x15:0x6386d000  x8:0x63857000 x15=0x6387f000
     1228175000	     61307	800060a2	03119663	bne	x3,x17,800060ce	  x3:0x63856fff x17:0x484e2000
     1228615000	     61329	800060ce	3402ddf3	csrrwi	x27,mscratch,5	 x27=0x00000003
     1228635000	     61330	800060d2	9ba6	c.add	x23,x9	 x23:0x40000000  x9:0x00000000 x23=0x40000000
     1228655000	     61331	800060d4	717d	c.addi16sp	x2,-16	  x2:0x00000000  x2=0xfffffff0
     1229055000	     61351	800060d6	0ed1a793	slti	x15,x3,237	  x3:0x63856fff x15=0x00000000
     1229075000	     61352	800060da	02f484b3	mul	x9,x9,x15	  x9:0x00000000 x15:0x00000000  x9=0x00000000
     1229095000	     61353	800060de	008076b3	and	x13,x0,x8	  x0:0x00000000  x8:0x63857000 x13=0x00000000
     1229235000	     61360	800060e2	40c4d333	sra	x6,x9,x12	  x9:0x00000000 x12:0x00000000  x6=0x00000000
     1229655000	     61381	800060e6	0056d7b3	srl	x15,x13,x5	 x13:0x00000000  x5:0x7ffde203 x15=0x00000000
     1230395000	     61418	800060ea	03f7d833	divu	x16,x15,x31	 x15:0x00000000 x31:0xffffff55 x16=0x00000000
     1230415000	     61419	800060ee	02cbdc63	bge	x23,x12,80006126	 x23:0x40000000 x12:0x00000000
     1230775000	     61437	80006126	3401f973	csrrci	x18,mscratch,3	 x18=0x00000005
     1230955000	     61446	8000612a	01ab9813	slli	x16,x23,0x1a	 x23:0x40000000 x16=0x00000000
     1230975000	     61447	8000612e	00aa5733	srl	x14,x20,x10	 x20:0x80025546 x10:0x00000000 x14=0x80025546
     1230995000	     61448	80006132	8e89	c.sub	x13,x10	 x13:0x00000000 x10:0x00000000 x13=0x00000000
     1231015000	     61449	80006134	02101163	bne	x0,x1,80006156	  x0:0x00000000  x1:0xff800000
     1231975000	     61497	80006156	0219	c.addi	x4,6	  x4:0x00000000  x4=0x00000006
     1232195000	     61508	80006158	0001	c.addi	x0,0	  x0:0x00000000  x0=0x00000000
     1232215000	     61509	8000615a	074e	c.slli	x14,0x13	 x14:0x80025546 x14=0xaa300000
     1232255000	     61511	8000615c	0311a7b3	mulhsu	x15,x3,x17	  x3:0x63856fff x17:0x484e2000 x15=0x1c1be698
     1232275000	     61512	80006160	379e6a93	ori	x21,x28,889	 x28:0x00000000 x21=0x00000379
     1232295000	     61513	80006164	c1f7ee97	auipc	x29,0xc1f7e	 x29=0x41f84164
     1232535000	     61525	80006168	4dbc2a13	slti	x20,x24,1243	 x24:0x00000000 x20=0x00000001
     1232555000	     61526	8000616c	88f5	c.andi	x9,29	  x9:0x00000000  x9=0x00000000
     1232575000	     61527	8000616e	008d55b3	srl	x11,x26,x8	 x26:0x80025ce4  x8:0x63857000 x11=0x80025ce4
     1232595000	     61528	80006172	01551333	sll	x6,x10,x21	 x10:0x00000000 x21:0x00000379  x6=0x00000000
     1232615000	     61529	80006176	ea11	c.bnez	x12,8000618a	 x12:0x00000000
     1232955000	     61546	80006178	00325963	bge	x4,x3,8000618a	  x4:0x00000006  x3:0x63856fff
     1232975000	     61547	8000617c	8de5	c.and	x11,x9	 x11:0x80025ce4  x9:0x00000000 x11=0x00000000
     1232995000	     61548	8000617e	0000100f	fence.i	
     1233415000	     61569	80006182	403ad2b3	sra	x5,x21,x3	 x21:0x00000379  x3:0x63856fff  x5=0x00000000
     1234275000	     61612	80006186	03955eb3	divu	x29,x10,x25	 x10:0x00000000 x25:0x00110000 x29=0x00000000
     1234295000	     61613	8000618a	340098f3	csrrw	x17,mscratch,x1	  x1:0xff800000 x17=0x00000004
     1234315000	     61614	8000618e	c72fc813	xori	x16,x31,-910	 x31:0xffffff55 x16=0x00000327
     1234335000	     61615	80006192	011222b3	slt	x5,x4,x17	  x4:0x00000006 x17:0x00000004  x5=0x00000000
     1234355000	     61616	80006196	0ff0000f	fence	iorw,iorw	
     1234435000	     61620	8000619a	0049ac83	lw	x25,4(x19)	 x19:0x80021dfc x25=0x80006382 PA:0x80021e00 load:0x80006382
     1235535000	     61675	8000619e	03b5e7b3	rem	x15,x11,x27	 x11:0x00000000 x27:0x00000003 x15=0x00000000
     1235555000	     61676	800061a2	01b7df13	srli	x30,x15,0x1b	 x15:0x00000000 x30=0x00000000
     1235575000	     61677	800061a6	3406d2f3	csrrwi	x5,mscratch,13	  x5=0xff800000
     1235595000	     61678	800061aa	9afd	c.andi	x13,-1	 x13:0x00000000 x13=0x00000000
     1235615000	     61679	800061ac	8d71	c.and	x10,x12	 x10:0x00000000 x12:0x00000000 x10=0x00000000
     1235635000	     61680	800061ae	09b1	c.addi	x19,12	 x19:0x80021dfc x19=0x80021e08
     1235655000	     61681	800061b0	0094b4b3	sltu	x9,x9,x9	  x9:0x00000000  x9:0x00000000  x9=0x00000000
     1235675000	     61682	800061b4	001c8113	addi	x2,x25,1	 x25:0x80006382  x2=0x80006383
     1235695000	     61683	800061b8	8102	c.jr	x2	  x2:0x80006383
     1236155000	     61706	80006382	40fe8133	sub	x2,x29,x15	 x29:0x00000000 x15:0x00000000  x2=0x00000000
     1236315000	     61714	80006386	020b5c33	divu	x24,x22,x0	 x22:0x00000038  x0:0x00000000 x24=0xffffffff
     1236335000	     61715	8000638a	8041	c.srli	x8,0x10	  x8:0x63857000  x8=0x00006385
     1236355000	     61716	8000638c	34006073	csrrsi	x0,mscratch,0	  x0=0x00000000
     1236375000	     61717	80006390	00f571b3	and	x3,x10,x15	 x10:0x00000000 x15:0x00000000  x3=0x00000000
     1237115000	     61754	80006394	032bca33	div	x20,x23,x18	 x23:0x40000000 x18:0x00000005 x20=0x0ccccccc
     1237135000	     61755	80006398	031d82b3	mul	x5,x27,x17	 x27:0x00000003 x17:0x00000004  x5=0x0000000c
     1237155000	     61756	8000639c	41405f13	srai	x30,x0,0x14	  x0:0x00000000 x30=0x00000000
     1237175000	     61757	800063a0	01d45713	srli	x14,x8,0x1d	  x8:0x00006385 x14=0x00000000
     1237195000	     61758	800063a4	1c576893	ori	x17,x14,453	 x14:0x00000000 x17=0x000001c5
     1237275000	     61762	800063a8	0f95	c.addi	x31,5	 x31:0xffffff55 x31=0xffffff5a
     1237295000	     61763	800063aa	225fbe17	auipc	x28,0x225fb	 x28=0xa26013aa
     1237315000	     61764	800063ae	8c21	c.xor	x8,x8	  x8:0x00006385  x8:0x00006385  x8=0x00000000
     1237635000	     61780	800063b0	01d64bb3	xor	x23,x12,x29	 x12:0x00000000 x29:0x00000000 x23=0x00000000
     1237655000	     61781	800063b4	34006173	csrrsi	x2,mscratch,0	  x2=0x0000000d
     1237695000	     61783	800063b8	0ff0000f	fence	iorw,iorw	
     1237715000	     61784	800063bc	cf15	c.beqz	x14,800063f8	 x14:0x00000000
     1237895000	     61793	800063f8	80dbbf93	sltiu	x31,x23,-2035	 x23:0x00000000 x31=0x00000001
     1238635000	     61830	800063fc	03376233	rem	x4,x14,x19	 x14:0x00000000 x19:0x80021e08  x4=0x00000000
     1238655000	     61831	80006400	0ff0000f	fence	iorw,iorw	
     1238675000	     61832	80006404	038c0f63	beq	x24,x24,80006442	 x24:0xffffffff x24:0xffffffff
     1239235000	     61860	80006442	0282cfb3	div	x31,x5,x8	  x5:0x0000000c  x8:0x00000000 x31=0xffffffff
     1239255000	     61861	80006446	00df5f63	bge	x30,x13,80006464	 x30:0x00000000 x13:0x00000000
     1240655000	     61931	80006464	e6336093	ori	x1,x6,-413	  x6:0x00000000  x1=0xfffffe63
     1240695000	     61933	80006468	0000100f	fence.i	
     1240775000	     61937	8000646c	8fc1	c.or	x15,x8	 x15:0x00000000  x8:0x00000000 x15=0x00000000
     1240795000	     61938	8000646e	6c11	c.lui	x24,0x4	 x24=0x00004000
     1240935000	     61945	80006470	00ce6763	bltu	x28,x12,8000647e	 x28:0xa26013aa x12:0x00000000
     1241315000	     61964	80006474	98fd	c.andi	x9,-1	  x9:0x00000000  x9=0x00000000
     1241695000	     61983	80006476	03148b33	mul	x22,x9,x17	  x9:0x00000000 x17:0x000001c5 x22=0x00000000
     1241715000	     61984	8000647a	167d	c.addi	x12,-1	 x12:0x00000000 x12=0xffffffff
     1241735000	     61985	8000647c	0001	c.addi	x0,0	  x0:0x00000000  x0=0x00000000
     1241755000	     61986	8000647e	0001	c.addi	x0,0	  x0:0x00000000  x0=0x00000000
     1241855000	     61991	80006480	340f54f3	csrrwi	x9,mscratch,30	  x9=0x0000000d
     1242195000	     62008	80006484	03999333	mulh	x6,x19,x25	 x19:0x80021e08 x25:0x80006382  x6=0x3ffebf3b
     1242455000	     62021	80006488	021de063	bltu	x27,x1,800064a8	 x27:0x00000003  x1:0xfffffe63
     1243495000	     62073	800064a8	8ccd	c.or	x9,x11	  x9:0x0000000d x11:0x00000000  x9=0x0000000d
     1243535000	     62075	800064aa	03d1a033	mulhsu	x0,x3,x29	  x3:0x00000000 x29:0x00000000  x0=0x00000000
     1244415000	     62119	800064ae	03937fb3	remu	x31,x6,x25	  x6:0x3ffebf3b x25:0x80006382 x31=0x3ffebf3b
     1244435000	     62120	800064b2	03d60133	mul	x2,x12,x29	 x12:0xffffffff x29:0x00000000  x2=0x00000000
     1244455000	     62121	800064b6	8f0d	c.sub	x14,x11	 x14:0x00000000 x11:0x00000000 x14=0x00000000
     1244475000	     62122	800064b8	6675	c.lui	x12,0x1d	 x12=0x0001d000
     1244495000	     62123	800064ba	b2782193	slti	x3,x16,-1241	 x16:0x00000327  x3=0x00000000
     1244515000	     62124	800064be	0029dd93	srli	x27,x19,0x2	 x19:0x80021e08 x27=0x20008782
     1244555000	     62126	800064c2	02a51933	mulh	x18,x10,x10	 x10:0x00000000 x10:0x00000000 x18=0x00000000
     1244575000	     62127	800064c6	03c9c963	blt	x19,x28,800064f8	 x19:0x80021e08 x28:0xa26013aa
     1244635000	     62130	800064f8	00da2bb3	slt	x23,x20,x13	 x20:0x0ccccccc x13:0x00000000 x23=0x00000000
     1244855000	     62141	800064fc	340f9a73	csrrw	x20,mscratch,x31	 x31:0x3ffebf3b x20=0x0000001e
     1244895000	     62143	80006500	0379d8b3	divu	x17,x19,x23	 x19:0x80021e08 x23:0x00000000 x17=0xffffffff
     1245055000	     62151	80006504	0106	c.slli	x2,0x1	  x2:0x00000000  x2=0x00000000
     1245075000	     62152	80006506	00260963	beq	x12,x2,80006518	 x12:0x0001d000  x2:0x00000000
     1245095000	     62153	8000650a	340027f3	csrrs	x15,mscratch,x0	  x0:0x00000000 x15=0x3ffebf3b
     1245115000	     62154	8000650e	9dd2	c.add	x27,x20	 x27:0x20008782 x20:0x0000001e x27=0x200087a0
     1245155000	     62156	80006510	011e8c33	add	x24,x29,x17	 x29:0x00000000 x17:0xffffffff x24=0xffffffff
     1245175000	     62157	80006514	34003273	csrrc	x4,mscratch,x0	  x0:0x00000000  x4=0x3ffebf3b
     1245195000	     62158	80006518	02388db3	mul	x27,x17,x3	 x17:0xffffffff  x3:0x00000000 x27=0x00000000
     1245235000	     62160	8000651c	03abb7b3	mulhu	x15,x23,x26	 x23:0x00000000 x26:0x80025ce4 x15=0x00000000
     1245255000	     62161	80006520	11fd	c.addi	x3,-1	  x3:0x00000000  x3=0xffffffff
     1245455000	     62171	80006522	0000100f	fence.i	
     1245535000	     62175	80006526	010e9413	slli	x8,x29,0x10	 x29:0x00000000  x8=0x00000000
     1245575000	     62177	8000652a	0b14cc13	xori	x24,x9,177	  x9:0x0000000d x24=0x000000bc
     1245615000	     62179	8000652e	01eab7b3	sltu	x15,x21,x30	 x21:0x00000379 x30:0x00000000 x15=0x00000000
     1245635000	     62180	80006532	8e1d	c.sub	x12,x15	 x12:0x0001d000 x15:0x00000000 x12=0x0001d000
     1245815000	     62189	80006534	340795f3	csrrw	x11,mscratch,x15	 x15:0x00000000 x11=0x3ffebf3b
     1246235000	     62210	80006538	34002af3	csrrs	x21,mscratch,x0	  x0:0x00000000 x21=0x00000000
     1246575000	     62227	8000653c	8fed	c.and	x15,x11	 x15:0x00000000 x11:0x3ffebf3b x15=0x00000000
     1246775000	     62237	8000653e	01040033	add	x0,x8,x16	  x8:0x00000000 x16:0x00000327  x0=0x00000000
     1246955000	     62246	80006542	01a96233	or	x4,x18,x26	 x18:0x00000000 x26:0x80025ce4  x4=0x80025ce4
     1246975000	     62247	80006546	8c9d	c.sub	x9,x15	  x9:0x0000000d x15:0x00000000  x9=0x0000000d
     1246995000	     62248	80006548	01b2e263	bltu	x5,x27,8000654c	  x5:0x0000000c x27:0x00000000
     1247395000	     62268	8000654c	03115d63	bge	x2,x17,80006586	  x2:0x00000000 x17:0xffffffff
     1248475000	     62322	80006586	03394a63	blt	x18,x19,800065ba	 x18:0x00000000 x19:0x80021e08
     1248495000	     62323	8000658a	f17d8093	addi	x1,x27,-233	 x27:0x00000000  x1=0xffffff17
     1248515000	     62324	8000658e	0b553693	sltiu	x13,x10,181	 x10:0x00000000 x13=0x00000001
     1248655000	     62331	80006592	4013d793	srai	x15,x7,0x1	  x7:0xfaeb9c09 x15=0xfd75ce04
     1248675000	     62332	80006596	340cb8f3	csrrc	x17,mscratch,x25	 x25:0x80006382 x17=0x00000000
     1248775000	     62337	8000659a	031e8cb3	mul	x25,x29,x17	 x29:0x00000000 x17:0x00000000 x25=0x00000000
     1252035000	     62500	8000659e	02c58233	mul	x4,x11,x12	 x11:0x3ffebf3b x12:0x0001d000  x4=0xba9af000
     1252775000	     62537	800065a2	02cfceb3	div	x29,x31,x12	 x31:0x3ffebf3b x12:0x0001d000 x29=0x0000234e
     1252795000	     62538	800065a6	e705	c.bnez	x14,800065ce	 x14:0x00000000
     1252815000	     62539	800065a8	0ff0000f	fence	iorw,iorw	
     1252835000	     62540	800065ac	557d	c.li	x10,-1	 x10=0xffffffff
     1252855000	     62541	800065ae	54fd	c.li	x9,-1	  x9=0xffffffff
     1252875000	     62542	800065b0	0956	c.slli	x18,0x15	 x18:0x00000000 x18=0x00000000
     1252895000	     62543	800065b2	6151	c.addi16sp	x2,272	  x2:0x00000000  x2=0x00000110
     1252915000	     62544	800065b4	62ad	c.lui	x5,0xb	  x5=0x0000b000
     1253655000	     62581	800065b6	02b45633	divu	x12,x8,x11	  x8:0x00000000 x11:0x3ffebf3b x12=0x00000000
     1253675000	     62582	800065ba	04790f13	addi	x30,x18,71	 x18:0x00000000 x30=0x00000047
     1253695000	     62583	800065be	00c0ddb3	srl	x27,x1,x12	  x1:0xffffff17 x12:0x00000000 x27=0xffffff17
     1253715000	     62584	800065c2	02a6c263	blt	x13,x10,800065e6	 x13:0x00000001 x10:0xffffffff
     1253735000	     62585	800065c6	25b24f13	xori	x30,x4,603	  x4:0xba9af000 x30=0xba9af25b
     1253755000	     62586	800065ca	0041c033	xor	x0,x3,x4	  x3:0xffffffff  x4:0xba9af000  x0=0x00000000
     1253775000	     62587	800065ce	987d	c.andi	x8,-1	  x8:0x00000000  x8=0x00000000
     1254095000	     62603	800065d0	8556	c.mv	x10,x21	  x0:0x00000000 x21:0x00000000 x10=0x00000000
     1254115000	     62604	800065d2	8e59	c.or	x12,x14	 x12:0x00000000 x14:0x00000000 x12=0x00000000
     1254135000	     62605	800065d4	0e86	c.slli	x29,0x1	 x29:0x0000234e x29=0x0000469c
     1254295000	     62613	800065d6	001d8eb3	add	x29,x27,x1	 x27:0xffffff17  x1:0xffffff17 x29=0xfffffe2e
     1254315000	     62614	800065da	597d	c.li	x18,-1	 x18=0xffffffff
     1254335000	     62615	800065dc	84b9	c.srai	x9,0xe	  x9:0xffffffff  x9=0xffffffff
     1254355000	     62616	800065de	340c50f3	csrrwi	x1,mscratch,24	  x1=0x00000000
     1254375000	     62617	800065e2	00a37c33	and	x24,x6,x10	  x6:0x3ffebf3b x10:0x00000000 x24=0x00000000
     1254415000	     62619	800065e6	0370f0b3	remu	x1,x1,x23	  x1:0x00000000 x23:0x00000000  x1=0x00000000
     1255235000	     62660	800065ea	0233ecb3	rem	x25,x7,x3	  x7:0xfaeb9c09  x3:0xffffffff x25=0x00000000
     1255255000	     62661	800065ee	01985133	srl	x2,x16,x25	 x16:0x00000327 x25:0x00000000  x2=0x00000327
     1255275000	     62662	800065f2	031fb713	sltiu	x14,x31,49	 x31:0x3ffebf3b x14=0x00000000
     1255295000	     62663	800065f6	a651e613	ori	x12,x3,-1435	  x3:0xffffffff x12=0xffffffff
     1255315000	     62664	800065fa	8ca9	c.xor	x9,x10	  x9:0xffffffff x10:0x00000000  x9=0xffffffff
     1255335000	     62665	800065fc	0622	c.slli	x12,0x8	 x12:0xffffffff x12=0xffffff00
     1255355000	     62666	800065fe	01eff263	bgeu	x31,x30,80006602	 x31:0x3ffebf3b x30:0xba9af25b
     1255375000	     62667	80006602	05b7e063	bltu	x15,x27,80006642	 x15:0xfd75ce04 x27:0xffffff17
     1256315000	     62714	80006642	34002ff3	csrrs	x31,mscratch,x0	  x0:0x00000000 x31=0x00000018
     1256335000	     62715	80006646	00022433	slt	x8,x4,x0	  x4:0xba9af000  x0:0x00000000  x8=0x00000001
     1256355000	     62716	8000664a	340edff3	csrrwi	x31,mscratch,29	 x31=0x00000018
     1256715000	     62734	8000664e	34002ff3	csrrs	x31,mscratch,x0	  x0:0x00000000 x31=0x0000001d
     1256795000	     62738	80006652	727c8493	addi	x9,x25,1831	 x25:0x00000000  x9=0x00000727
     1256815000	     62739	80006656	bf2d8913	addi	x18,x27,-1038	 x27:0xffffff17 x18=0xfffffb09
     1256835000	     62740	8000665a	00ea02b3	add	x5,x20,x14	 x20:0x0000001e x14:0x00000000  x5=0x0000001e
     1256855000	     62741	8000665e	8db5	c.xor	x11,x13	 x11:0x3ffebf3b x13:0x00000001 x11=0x3ffebf3a
     1256935000	     62745	80006660	0140beb3	sltu	x29,x1,x20	  x1:0x00000000 x20:0x0000001e x29=0x00000001
     1257355000	     62766	80006664	81ae	c.mv	x3,x11	  x0:0x00000000 x11:0x3ffebf3a  x3=0x3ffebf3a
     1257375000	     62767	80006666	0169dc63	bge	x19,x22,8000667e	 x19:0x80021e08 x22:0x00000000
     1257395000	     62768	8000666a	921e	c.add	x4,x7	  x4:0xba9af000  x7:0xfaeb9c09  x4=0xb5868c09
     1257415000	     62769	8000666c	f6bc8b37	lui	x22,0xf6bc8	 x22=0xf6bc8000
     1257435000	     62770	80006670	898c0c13	addi	x24,x24,-1896	 x24:0x00000000 x24=0xfffff898
     1257555000	     62776	80006674	005c5b33	srl	x22,x24,x5	 x24:0xfffff898  x5:0x0000001e x22=0x00000003
     1257615000	     62779	80006678	02e67db3	remu	x27,x12,x14	 x12:0xffffff00 x14:0x00000000 x27=0xffffff00
     1257655000	     62781	8000667c	17fd	c.addi	x15,-1	 x15:0xfd75ce04 x15=0xfd75ce03
     1258075000	     62802	8000667e	34049073	csrrw	x0,mscratch,x9	  x9:0x00000727  x0=0x00000000
     1258115000	     62804	80006682	01f5f763	bgeu	x11,x31,80006690	 x11:0x3ffebf3a x31:0x0000001d
     1258635000	     62830	80006690	00668fb3	add	x31,x13,x6	 x13:0x00000001  x6:0x3ffebf3b x31=0x3ffebf3c
     1258655000	     62831	80006694	0071cd63	blt	x3,x7,800066ae	  x3:0x3ffebf3a  x7:0xfaeb9c09
     1258715000	     62834	80006698	0001	c.addi	x0,0	  x0:0x00000000  x0=0x00000000
     1258735000	     62835	8000669a	406d8eb3	sub	x29,x27,x6	 x27:0xffffff00  x6:0x3ffebf3b x29=0xc0013fc5
     1258875000	     62842	8000669e	51bf3693	sltiu	x13,x30,1307	 x30:0xba9af25b x13=0x00000000
     1259195000	     62858	800066a2	0005a0b3	slt	x1,x11,x0	 x11:0x3ffebf3a  x0:0x00000000  x1=0x00000000
     1259275000	     62862	800066a6	9322a617	auipc	x12,0x9322a	 x12=0x132306a6
     1260015000	     62899	800066aa	0380ebb3	rem	x23,x1,x24	  x1:0x00000000 x24:0xfffff898 x23=0x00000000
     1260035000	     62900	800066ae	8379	c.srli	x14,0x1e	 x14:0x00000000 x14=0x00000000
     1260055000	     62901	800066b0	8d3d	c.xor	x10,x15	 x10:0x00000000 x15:0xfd75ce03 x10=0xfd75ce03
     1260075000	     62902	800066b2	05fff563	bgeu	x31,x31,800066fc	 x31:0x3ffebf3c x31:0x3ffebf3c
     1260375000	     62917	800066fc	00b9d263	bge	x19,x11,80006700	 x19:0x80021e08 x11:0x3ffebf3a
     1260855000	     62941	80006700	007b3f33	sltu	x30,x22,x7	 x22:0x00000003  x7:0xfaeb9c09 x30=0x00000001
     1261275000	     62962	80006704	416fdab3	sra	x21,x31,x22	 x31:0x3ffebf3c x22:0x00000003 x21=0x07ffd7e7
     1261295000	     62963	80006708	86c9	c.srai	x13,0x12	 x13:0x00000000 x13=0x00000000
     1261715000	     62984	8000670a	0198e7b3	or	x15,x17,x25	 x17:0x00000000 x25:0x00000000 x15=0x00000000
     1261775000	     62987	8000670e	0ff0000f	fence	iorw,iorw	
     1261795000	     62988	80006712	8e0d	c.sub	x12,x11	 x12:0x132306a6 x11:0x3ffebf3a x12=0xd324476c
     1262535000	     63025	80006714	03b4ff33	remu	x30,x9,x27	  x9:0x00000727 x27:0xffffff00 x30=0x00000727
     1262555000	     63026	80006718	01211f63	bne	x2,x18,80006736	  x2:0x00000327 x18:0xfffffb09
     1263495000	     63073	80006736	34006bf3	csrrsi	x23,mscratch,0	 x23=0x00000727
     1263515000	     63074	8000673a	8e99	c.sub	x13,x14	 x13:0x00000000 x14:0x00000000 x13=0x00000000
     1263915000	     63094	8000673c	8636	c.mv	x12,x13	  x0:0x00000000 x13:0x00000000 x12=0x00000000
     1263935000	     63095	8000673e	0162cb33	xor	x22,x5,x22	  x5:0x0000001e x22:0x00000003 x22=0x0000001d
     1264135000	     63105	80006742	00ddb033	sltu	x0,x27,x13	 x27:0xffffff00 x13:0x00000000  x0=0x00000000
     1264315000	     63114	80006746	00508eb3	add	x29,x1,x5	  x1:0x00000000  x5:0x0000001e x29=0x0000001e
     1264355000	     63116	8000674a	033d2633	mulhsu	x12,x26,x19	 x26:0x80025ce4 x19:0x80021e08 x12=0xc0001f73
     1264395000	     63118	8000674e	02f0b0b3	mulhu	x1,x1,x15	  x1:0x00000000 x15:0x00000000  x1=0x00000000
     1264435000	     63120	80006752	62122813	slti	x16,x4,1569	  x4:0xb5868c09 x16=0x00000001
     1264455000	     63121	80006756	9e3a	c.add	x28,x14	 x28:0xa26013aa x14:0x00000000 x28=0xa26013aa
     1264595000	     63128	80006758	03d4d963	bge	x9,x29,8000678a	  x9:0x00000727 x29:0x0000001e
     1265175000	     63157	8000678a	577d	c.li	x14,-1	 x14=0xffffffff
     1265575000	     63177	8000678c	00c392b3	sll	x5,x7,x12	  x7:0xfaeb9c09 x12:0xc0001f73  x5=0xe0480000
     1265775000	     63187	80006790	34006af3	csrrsi	x21,mscratch,0	 x21=0x00000727
     1265795000	     63188	80006794	34003773	csrrc	x14,mscratch,x0	  x0:0x00000000 x14=0x00000727
     1265935000	     63195	80006798	ef95	c.bnez	x15,800067d4	 x15:0x00000000
     1265955000	     63196	8000679a	413c5133	sra	x2,x24,x19	 x24:0xfffff898 x19:0x80021e08  x2=0xfffffff8
     1265975000	     63197	8000679e	34055cf3	csrrwi	x25,mscratch,10	 x25=0x00000727
     1266355000	     63216	800067a2	01633333	sltu	x6,x6,x22	  x6:0x3ffebf3b x22:0x0000001d  x6=0x00000000
     1266375000	     63217	800067a6	612d	c.addi16sp	x2,224	  x2:0xfffffff8  x2=0x000000d8
     1266495000	     63223	800067a8	072e	c.slli	x14,0xb	 x14:0x00000727 x14=0x00393800
     1266515000	     63224	800067aa	0001	c.addi	x0,0	  x0:0x00000000  x0=0x00000000
     1266655000	     63231	800067ac	53ffba13	sltiu	x20,x31,1343	 x31:0x3ffebf3c x20=0x00000000
     1266715000	     63234	800067b0	002957b3	srl	x15,x18,x2	 x18:0xfffffb09  x2:0x000000d8 x15=0x000000ff
     1266735000	     63235	800067b4	00427763	bgeu	x4,x4,800067c2	  x4:0xb5868c09  x4:0xb5868c09
     1267255000	     63261	800067c2	84ad	c.srai	x9,0xb	  x9:0x00000727  x9=0x00000000
     1267275000	     63262	800067c4	009591b3	sll	x3,x11,x9	 x11:0x3ffebf3a  x9:0x00000000  x3=0x3ffebf3a
     1268015000	     63299	800067c8	0245eab3	rem	x21,x11,x4	 x11:0x3ffebf3a  x4:0xb5868c09 x21=0x3ffebf3a
     1268035000	     63300	800067cc	04305363	bge	x0,x3,80006812	  x0:0x00000000  x3:0x3ffebf3a
     1268115000	     63304	800067d0	9322	c.add	x6,x8	  x6:0x00000000  x8:0x00000001  x6=0x00000001
     1268135000	     63305	800067d2	6161	c.addi16sp	x2,80	  x2:0x000000d8  x2=0x00000128
     1268535000	     63325	800067d4	34041df3	csrrw	x27,mscratch,x8	  x8:0x00000001 x27=0x0000000a
     1268955000	     63346	800067d8	86daaa93	slti	x21,x21,-1939	 x21:0x3ffebf3a x21=0x00000000
     1269015000	     63349	800067dc	00b27733	and	x14,x4,x11	  x4:0xb5868c09 x11:0x3ffebf3a x14=0x35868c08
     1269055000	     63351	800067e0	03e62c33	mulhsu	x24,x12,x30	 x12:0xc0001f73 x30:0x00000727 x24=0xfffffe36
     1269075000	     63352	800067e4	013cbcb3	sltu	x25,x25,x19	 x25:0x00000727 x19:0x80021e08 x25=0x00000001
     1269455000	     63371	800067e8	00c8de93	srli	x29,x17,0xc	 x17:0x00000000 x29=0x00000000
     1269475000	     63372	800067ec	932a	c.add	x6,x10	  x6:0x00000001 x10:0xfd75ce03  x6=0xfd75ce04
     1269495000	     63373	800067ee	340034f3	csrrc	x9,mscratch,x0	  x0:0x00000000  x9=0x00000001
     1269515000	     63374	800067f2	01858e63	beq	x11,x24,8000680e	 x11:0x3ffebf3a x24:0xfffffe36
     1269635000	     63380	800067f6	0117b1b3	sltu	x3,x15,x17	 x15:0x000000ff x17:0x00000000  x3=0x00000000
     1269655000	     63381	800067fa	8d05b693	sltiu	x13,x11,-1840	 x11:0x3ffebf3a x13=0x00000001
     1270475000	     63422	800067fe	02f8c5b3	div	x11,x17,x15	 x17:0x00000000 x15:0x000000ff x11=0x00000000
     1271215000	     63459	80006802	03c5ceb3	div	x29,x11,x28	 x11:0x00000000 x28:0xa26013aa x29=0x00000000
     1271255000	     63461	80006806	02b25333	divu	x6,x4,x11	  x4:0xb5868c09 x11:0x00000000  x6=0xffffffff
     1271275000	     63462	8000680a	03bf6b63	bltu	x30,x27,80006840	 x30:0x00000727 x27:0x0000000a
     1271295000	     63463	8000680e	00fb1793	slli	x15,x22,0xf	 x22:0x0000001d x15=0x000e8000
     1271315000	     63464	80006812	8e1d	c.sub	x12,x15	 x12:0xc0001f73 x15:0x000e8000 x12=0xbff19f73
     1271335000	     63465	80006814	f334cf13	xori	x30,x9,-205	  x9:0x00000001 x30=0xffffff32
     1271355000	     63466	80006818	00116a63	bltu	x2,x1,8000682c	  x2:0x00000128  x1:0x00000000
     1271435000	     63470	8000681c	015b1313	slli	x6,x22,0x15	 x22:0x0000001d  x6=0x03a00000
     1271635000	     63480	80006820	0075f733	and	x14,x11,x7	 x11:0x00000000  x7:0xfaeb9c09 x14=0x00000000
     1271655000	     63481	80006824	0811	c.addi	x16,4	 x16:0x00000001 x16=0x00000005
     1272555000	     63526	80006826	039848b3	div	x17,x16,x25	 x16:0x00000005 x25:0x00000001 x17=0x00000005
     1272575000	     63527	8000682a	654d	c.lui	x10,0x13	 x10=0x00013000
     1272595000	     63528	8000682c	8dcd	c.or	x11,x11	 x11:0x00000000 x11:0x00000000 x11=0x00000000
     1272615000	     63529	8000682e	340326f3	csrrs	x13,mscratch,x6	  x6:0x03a00000 x13=0x00000001
     1272655000	     63531	80006832	02cb9ab3	mulh	x21,x23,x12	 x23:0x00000727 x12:0xbff19f73 x21=0xfffffe35
     1272735000	     63535	80006836	01697eb3	and	x29,x18,x22	 x18:0xfffffb09 x22:0x0000001d x29=0x00000009
     1272755000	     63536	8000683a	8ca9	c.xor	x9,x10	  x9:0x00000001 x10:0x00013000  x9=0x00013001
     1272775000	     63537	8000683c	00530763	beq	x6,x5,8000684a	  x6:0x03a00000  x5:0xe0480000
     1272875000	     63542	80006840	83b5	c.srli	x15,0xd	 x15:0x000e8000 x15=0x00000074
     1272975000	     63547	80006842	00ffbf33	sltu	x30,x31,x15	 x31:0x3ffebf3c x15:0x00000074 x30=0x00000000
     1272995000	     63548	80006846	cb15	c.beqz	x14,8000687a	 x14:0x00000000
     1274015000	     63599	8000687a	4e5d	c.li	x28,23	 x28=0x00000017
     1274035000	     63600	8000687c	05dd7063	bgeu	x26,x29,800068bc	 x26:0x80025ce4 x29:0x00000009
     1274975000	     63647	800068bc	340127f3	csrrs	x15,mscratch,x2	  x2:0x00000128 x15=0x03a00001
     1275015000	     63649	800068c0	0000100f	fence.i	
     1275495000	     63673	800068c4	8ec1	c.or	x13,x8	 x13:0x00000001  x8:0x00000001 x13=0x00000001
     1275515000	     63674	800068c6	40025513	srai	x10,x4,0x0	  x4:0xb5868c09 x10=0xb5868c09
     1275615000	     63679	800068ca	0341a8b3	mulhsu	x17,x3,x20	  x3:0x00000000 x20:0x00000000 x17=0x00000000
     1275755000	     63686	800068ce	0ff0000f	fence	iorw,iorw	
     1275775000	     63687	800068d2	00fb1413	slli	x8,x22,0xf	 x22:0x0000001d  x8=0x000e8000
     1275795000	     63688	800068d6	845e	c.mv	x8,x23	  x0:0x00000000 x23:0x00000727  x8=0x00000727
     1275815000	     63689	800068d8	3406be73	csrrc	x28,mscratch,x13	 x13:0x00000001 x28=0x03a00129
     1275835000	     63690	800068dc	56e4a713	slti	x14,x9,1390	  x9:0x00013001 x14=0x00000000
     1275855000	     63691	800068e0	41368733	sub	x14,x13,x19	 x13:0x00000001 x19:0x80021e08 x14=0x7ffde1f9
     1276035000	     63700	800068e4	34006273	csrrsi	x4,mscratch,0	  x4=0x03a00128
     1276055000	     63701	800068e8	41db5f93	srai	x31,x22,0x1d	 x22:0x0000001d x31=0x00000000
     1276155000	     63706	800068ec	025e1533	mulh	x10,x28,x5	 x28:0x03a00129  x5:0xe0480000 x10=0xff8d04db
     1276555000	     63726	800068f0	0ff0000f	fence	iorw,iorw	
     1276575000	     63727	800068f4	6b71	c.lui	x22,0x1c	 x22=0x0001c000
     1276895000	     63743	800068f6	a4225497	auipc	x9,0xa4225	  x9=0x2422b8f6
     1276915000	     63744	800068fa	34049c73	csrrw	x24,mscratch,x9	  x9:0x2422b8f6 x24=0x03a00128
     1277095000	     63753	800068fe	020a4963	blt	x20,x0,80006930	 x20:0x00000000  x0:0x00000000
     1277115000	     63754	80006902	8f2a	c.mv	x30,x10	  x0:0x00000000 x10:0xff8d04db x30=0xff8d04db
     1277535000	     63775	80006904	03167033	remu	x0,x12,x17	 x12:0xbff19f73 x17:0x00000000  x0=0x00000000
     1277615000	     63779	80006908	03d99463	bne	x19,x29,80006930	 x19:0x80021e08 x29:0x00000009
     1277855000	     63791	80006930	0177e963	bltu	x15,x23,80006942	 x15:0x03a00001 x23:0x00000727
     1278215000	     63809	80006934	005c9b33	sll	x22,x25,x5	 x25:0x00000001  x5:0xe0480000 x22=0x00000001
     1278235000	     63810	80006938	01957a33	and	x20,x10,x25	 x10:0xff8d04db x25:0x00000001 x20=0x00000001
     1278255000	     63811	8000693c	6b71	c.lui	x22,0x1c	 x22=0x0001c000
     1278515000	     63824	8000693e	03452b33	mulhsu	x22,x10,x20	 x10:0xff8d04db x20:0x00000001 x22=0xffffffff
     1278555000	     63826	80006942	036a3433	mulhu	x8,x20,x22	 x20:0x00000001 x22:0xffffffff  x8=0x00000000
     1278935000	     63845	80006946	0110ea33	or	x20,x1,x17	  x1:0x00000000 x17:0x00000000 x20=0x00000000
     1278955000	     63846	8000694a	717d	c.addi16sp	x2,-16	  x2:0x00000128  x2=0x00000118
     1279155000	     63856	8000694c	1efd	c.addi	x29,-1	 x29:0x00000009 x29=0x00000008
     1279175000	     63857	8000694e	413ad333	sra	x6,x21,x19	 x21:0xfffffe35 x19:0x80021e08  x6=0xfffffffe
     1279195000	     63858	80006952	016b6933	or	x18,x22,x22	 x22:0xffffffff x22:0xffffffff x18=0xffffffff
     1279215000	     63859	80006956	c019	c.beqz	x8,8000695c	  x8:0x00000000
     1279375000	     63867	8000695c	73c36493	ori	x9,x6,1852	  x6:0xfffffffe  x9=0xfffffffe
     1279555000	     63876	80006960	34073873	csrrc	x16,mscratch,x14	 x14:0x7ffde1f9 x16=0x2422b8f6
     1280695000	     63933	80006964	03c3c033	div	x0,x7,x28	  x7:0xfaeb9c09 x28:0x03a00129  x0=0x00000000
     1280715000	     63934	80006968	01ccf033	and	x0,x25,x28	 x25:0x00000001 x28:0x03a00129  x0=0x00000000
     1280755000	     63936	8000696c	02a8a8b3	mulhsu	x17,x17,x10	 x17:0x00000000 x10:0xff8d04db x17=0x00000000
     1280775000	     63937	80006970	9b7d	c.andi	x14,-1	 x14:0x7ffde1f9 x14=0x7ffde1f9
     1280795000	     63938	80006972	340c32f3	csrrc	x5,mscratch,x24	 x24:0x03a00128  x5=0x00021806
     1280815000	     63939	80006976	817d	c.srli	x10,0x1f	 x10:0xff8d04db x10=0x00000001
     1280835000	     63940	80006978	34007f73	csrrci	x30,mscratch,0	 x30=0x00021806
     1280855000	     63941	8000697c	8145	c.srli	x10,0x11	 x10:0x00000001 x10=0x00000000
     1280875000	     63942	8000697e	00c08bb3	add	x23,x1,x12	  x1:0x00000000 x12:0xbff19f73 x23=0xbff19f73
     1280895000	     63943	80006982	8659	c.srai	x12,0x16	 x12:0xbff19f73 x12=0xfffffeff
     1280915000	     63944	80006984	b6ebe113	ori	x2,x23,-1170	 x23:0xbff19f73  x2=0xffffff7f
     1281295000	     63963	80006988	3400b273	csrrc	x4,mscratch,x1	  x1:0x00000000  x4=0x00021806
     1281715000	     63984	8000698c	80e5	c.srli	x9,0x19	  x9:0xfffffffe  x9=0x0000007f
     1281915000	     63994	8000698e	02b28663	beq	x5,x11,800069ba	  x5:0x00021806 x11:0x00000000
     1281935000	     63995	80006992	340065f3	csrrsi	x11,mscratch,0	 x11=0x00021806
     1281955000	     63996	80006996	0264fd63	bgeu	x9,x6,800069d0	  x9:0x0000007f  x6:0xfffffffe
     1281975000	     63997	8000699a	987d	c.andi	x8,-1	  x8:0x00000000  x8=0x00000000
     1281995000	     63998	8000699c	8dcd	c.or	x11,x11	 x11:0x00021806 x11:0x00021806 x11=0x00021806
     1282095000	     64003	8000699e	2f3de893	ori	x17,x27,755	 x27:0x0000000a x17=0x000002fb
     1282115000	     64004	800069a2	717d	c.addi16sp	x2,-16	  x2:0xffffff7f  x2=0xffffff6f
     1282135000	     64005	800069a4	34006073	csrrsi	x0,mscratch,0	  x0=0x00000000
     1282275000	     64012	800069a8	033581b3	mul	x3,x11,x19	 x11:0x00021806 x19:0x80021e08  x3=0x6eed7430
     1282375000	     64017	800069ac	0001	c.addi	x0,0	  x0:0x00000000  x0=0x00000000
     1282475000	     64022	800069ae	00d9b033	sltu	x0,x19,x13	 x19:0x80021e08 x13:0x00000001  x0=0x00000000
     1282875000	     64042	800069b2	40cb8f33	sub	x30,x23,x12	 x23:0xbff19f73 x12:0xfffffeff x30=0xbff1a074
     1282895000	     64043	800069b6	017a5c93	srli	x25,x20,0x17	 x20:0x00000000 x25=0x00000000
     1282935000	     64045	800069ba	028cc6b3	div	x13,x25,x8	 x25:0x00000000  x8:0x00000000 x13=0xffffffff
     1282955000	     64046	800069be	340038f3	csrrc	x17,mscratch,x0	  x0:0x00000000 x17=0x00021806
     1282995000	     64048	800069c2	02899b33	mulh	x22,x19,x8	 x19:0x80021e08  x8:0x00000000 x22=0x00000000
     1283015000	     64049	800069c6	8fed	c.and	x15,x11	 x15:0x03a00001 x11:0x00021806 x15=0x00000000
     1283035000	     64050	800069c8	40e85d93	srai	x27,x16,0xe	 x16:0x2422b8f6 x27=0x0000908a
     1283055000	     64051	800069cc	02a67f63	bgeu	x12,x10,80006a0a	 x12:0xfffffeff x10:0x00000000
     1285455000	     64171	80006a0a	3c598e13	addi	x28,x19,965	 x19:0x80021e08 x28=0x800221cd
     1285475000	     64172	80006a0e	009b10b3	sll	x1,x22,x9	 x22:0x00000000  x9:0x0000007f  x1=0x00000000
     1285495000	     64173	80006a12	406d00b3	sub	x1,x26,x6	 x26:0x80025ce4  x6:0xfffffffe  x1=0x80025ce6
     1285515000	     64174	80006a16	01c13633	sltu	x12,x2,x28	  x2:0xffffff6f x28:0x800221cd x12=0x00000000
     1285535000	     64175	80006a1a	34003973	csrrc	x18,mscratch,x0	  x0:0x00000000 x18=0x00021806
     1285975000	     64197	80006a1e	020887b3	mul	x15,x17,x0	 x17:0x00021806  x0:0x00000000 x15=0x00000000
     1285995000	     64198	80006a22	717d	c.addi16sp	x2,-16	  x2:0xffffff6f  x2=0xffffff5f
     1286015000	     64199	80006a24	3405e2f3	csrrsi	x5,mscratch,11	  x5=0x00021806
     1286035000	     64200	80006a28	018d5333	srl	x6,x26,x24	 x26:0x80025ce4 x24:0x03a00128  x6=0x0080025c
     1286935000	     64245	80006a2c	03a57633	remu	x12,x10,x26	 x10:0x00000000 x26:0x80025ce4 x12=0x00000000
     1286955000	     64246	80006a30	04647263	bgeu	x8,x6,80006a74	  x8:0x00000000  x6:0x0080025c
     1286975000	     64247	80006a34	e089	c.bnez	x9,80006a36	  x9:0x0000007f
     1287475000	     64272	80006a36	0175ac33	slt	x24,x11,x23	 x11:0x00021806 x23:0xbff19f73 x24=0x00000000
     1287495000	     64273	80006a3a	013afe33	and	x28,x21,x19	 x21:0xfffffe35 x19:0x80021e08 x28=0x80021e00
     1287515000	     64274	80006a3e	8949	c.andi	x10,18	 x10:0x00000000 x10=0x00000000
     1287535000	     64275	80006a40	8a0e	c.mv	x20,x3	  x0:0x00000000  x3:0x6eed7430 x20=0x6eed7430
     1287555000	     64276	80006a42	002a46b3	xor	x13,x20,x2	 x20:0x6eed7430  x2:0xffffff5f x13=0x91128b6f
     1287575000	     64277	80006a46	92543e97	auipc	x29,0x92543	 x29=0x12549a46
     1287595000	     64278	80006a4a	2a06f693	andi	x13,x13,672	 x13:0x91128b6f x13=0x00000220
     1287655000	     64281	80006a4e	34003df3	csrrc	x27,mscratch,x0	  x0:0x00000000 x27=0x0002180f
     1287735000	     64285	80006a52	417cd513	srai	x10,x25,0x17	 x25:0x00000000 x10=0x00000000
     1287755000	     64286	80006a56	8596	c.mv	x11,x5	  x0:0x00000000  x5:0x00021806 x11=0x00021806
     1288155000	     64306	80006a58	01bfe8b3	or	x17,x31,x27	 x31:0x00000000 x27:0x0002180f x17=0x0002180f
     1288355000	     64316	80006a5c	9a32	c.add	x20,x12	 x20:0x6eed7430 x12:0x00000000 x20=0x6eed7430
     1288375000	     64317	80006a5e	34051473	csrrw	x8,mscratch,x10	 x10:0x00000000  x8=0x0002180f
     1288395000	     64318	80006a62	0001	c.addi	x0,0	  x0:0x00000000  x0=0x00000000
     1288415000	     64319	80006a64	0ff0000f	fence	iorw,iorw	
     1288435000	     64320	80006a68	01ca66b3	or	x13,x20,x28	 x20:0x6eed7430 x28:0x80021e00 x13=0xeeef7e30
     1288535000	     64325	80006a6c	413e5c13	srai	x24,x28,0x13	 x28:0x80021e00 x24=0xfffff000
     1288555000	     64326	80006a70	3407e0f3	csrrsi	x1,mscratch,15	  x1=0x00000000
     1288915000	     64344	80006a74	01198cb3	add	x25,x19,x17	 x19:0x80021e08 x17:0x0002180f x25=0x80043617
     1288955000	     64346	80006a78	0362a4b3	mulhsu	x9,x5,x22	  x5:0x00021806 x22:0x00000000  x9=0x00000000
     1288995000	     64348	80006a7c	03893fb3	mulhu	x31,x18,x24	 x18:0x00021806 x24:0xfffff000 x31=0x00021805
     1289035000	     64350	80006a80	004e5b93	srli	x23,x28,0x4	 x28:0x80021e00 x23=0x080021e0
     1289415000	     64369	80006a84	340034f3	csrrc	x9,mscratch,x0	  x0:0x00000000  x9=0x0000000f
     1289435000	     64370	80006a88	34002f73	csrrs	x30,mscratch,x0	  x0:0x00000000 x30=0x0000000f
     1289775000	     64387	80006a8c	0001	c.addi	x0,0	  x0:0x00000000  x0=0x00000000
     1289795000	     64388	80006a8e	9152	c.add	x2,x20	  x2:0xffffff5f x20:0x6eed7430  x2=0x6eed738f
     1289815000	     64389	80006a90	92ee	c.add	x5,x27	  x5:0x00021806 x27:0x0002180f  x5=0x00043015
     1289835000	     64390	80006a92	00114133	xor	x2,x2,x1	  x2:0x6eed738f  x1:0x00000000  x2=0x6eed738f
     1289995000	     64398	80006a96	0229aab3	mulhsu	x21,x19,x2	 x19:0x80021e08  x2:0x6eed738f x21=0xc88a3116
     1291075000	     64452	80006a9a	038b4c33	div	x24,x22,x24	 x22:0x00000000 x24:0xfffff000 x24=0x00000000
     1291095000	     64453	80006a9e	86bd	c.srai	x13,0xf	 x13:0xeeef7e30 x13=0xffffddde
     1291115000	     64454	80006aa0	177d	c.addi	x14,-1	 x14:0x7ffde1f9 x14=0x7ffde1f8
     1291135000	     64455	80006aa2	c185	c.beqz	x11,80006ac2	 x11:0x00021806
     1291155000	     64456	80006aa4	03240363	beq	x8,x18,80006aca	  x8:0x0002180f x18:0x00021806
     1291215000	     64459	80006aa8	34049673	csrrw	x12,mscratch,x9	  x9:0x0000000f x12=0x0000000f
     1291455000	     64471	80006aac	827e	c.mv	x4,x31	  x0:0x00000000 x31:0x00021805  x4=0x00021805
     1291615000	     64479	80006aae	03b8aa33	mulhsu	x20,x17,x27	 x17:0x0002180f x27:0x0002180f x20=0x00000004
     1291735000	     64485	80006ab2	18cac297	auipc	x5,0x18cac	  x5=0x98cb2ab2
     1291755000	     64486	80006ab6	01846bb3	or	x23,x8,x24	  x8:0x0002180f x24:0x00000000 x23=0x0002180f
     1291775000	     64487	80006aba	997d	c.andi	x10,-1	 x10:0x00000000 x10=0x00000000
     1291815000	     64489	80006abc	01161c13	slli	x24,x12,0x11	 x12:0x0000000f x24=0x001e0000
     1291835000	     64490	80006ac0	40a1	c.li	x1,8	  x1=0x00000008
     1291855000	     64491	80006ac2	0001	c.addi	x0,0	  x0:0x00000000  x0=0x00000000
     1292255000	     64511	80006ac4	00b9da63	bge	x19,x11,80006ad8	 x19:0x80021e08 x11:0x00021806
     1292275000	     64512	80006ac8	8d7d	c.and	x10,x15	 x10:0x00000000 x15:0x00000000 x10=0x00000000
     1292315000	     64514	80006aca	02559333	mulh	x6,x11,x5	 x11:0x00021806  x5:0x98cb2ab2  x6=0xffff27e6
     1292715000	     64534	80006ace	3409b573	csrrc	x10,mscratch,x19	 x19:0x80021e08 x10=0x0000000f
     1292735000	     64535	80006ad2	8f89	c.sub	x15,x10	 x15:0x00000000 x10:0x0000000f x15=0xfffffff1
     1293135000	     64555	80006ad4	f1340eb7	lui	x29,0xf1340	 x29=0xf1340000
     1293175000	     64557	80006ad8	03ecbcb3	mulhu	x25,x25,x30	 x25:0x80043617 x30:0x0000000f x25=0x00000007
     1293235000	     64560	80006adc	0049ac83	lw	x25,4(x19)	 x19:0x80021e08 x25=0x80006266 PA:0x80021e0c load:0x80006266
     1293595000	     64578	80006ae0	8dd6	c.mv	x27,x21	  x0:0x00000000 x21:0xc88a3116 x27=0xc88a3116
     1293615000	     64579	80006ae2	09f1	c.addi	x19,28	 x19:0x80021e08 x19=0x80021e24
     1294015000	     64599	80006ae4	3402a5f3	csrrs	x11,mscratch,x5	  x5:0x98cb2ab2 x11=0x00000007
     1294155000	     64606	80006ae8	01b4b333	sltu	x6,x9,x27	  x9:0x0000000f x27:0xc88a3116  x6=0x00000001
     1294175000	     64607	80006aec	005e2633	slt	x12,x28,x5	 x28:0x80021e00  x5:0x98cb2ab2 x12=0x00000001
     1294215000	     64609	80006af0	02633433	mulhu	x8,x6,x6	  x6:0x00000001  x6:0x00000001  x8=0x00000000
     1294415000	     64619	80006af4	0346a633	mulhsu	x12,x13,x20	 x13:0xffffddde x20:0x00000004 x12=0xffffffff
     1294435000	     64620	80006af8	850d	c.srai	x10,0x3	 x10:0x0000000f x10=0x00000001
     1294455000	     64621	80006afa	340ad4f3	csrrwi	x9,mscratch,21	  x9=0x98cb2ab7
     1295215000	     64659	80006afe	034977b3	remu	x15,x18,x20	 x18:0x00021806 x20:0x00000004 x15=0x00000002
     1295235000	     64660	80006b02	001c8313	addi	x6,x25,1	 x25:0x80006266  x6=0x80006267
     1295255000	     64661	80006b06	00030367	jalr	x6,0(x6)	  x6:0x80006267  x6=0x80006b0a
     1295635000	     64680	80006266	03940eb3	mul	x29,x8,x25	  x8:0x00000000 x25:0x80006266 x29=0x00000000
     1295895000	     64693	8000626a	340cf073	csrrci	x0,mscratch,25	  x0=0x00000000
     1296055000	     64701	8000626e	00e0d6b3	srl	x13,x1,x14	  x1:0x00000008 x14:0x7ffde1f8 x13=0x00000000
     1296235000	     64710	80006272	00c0d693	srli	x13,x1,0xc	  x1:0x00000008 x13=0x00000000
     1296975000	     64747	80006276	02577bb3	remu	x23,x14,x5	 x14:0x7ffde1f8  x5:0x98cb2ab2 x23=0x7ffde1f8
     1296995000	     64748	8000627a	0000100f	fence.i	
     1297315000	     64764	8000627e	0001	c.addi	x0,0	  x0:0x00000000  x0=0x00000000
     1297435000	     64770	80006280	c99d	c.beqz	x11,800062b6	 x11:0x00000007
     1297535000	     64775	80006282	01304eb3	xor	x29,x0,x19	  x0:0x00000000 x19:0x80021e24 x29=0x80021e24
     1297555000	     64776	80006286	01b95333	srl	x6,x18,x27	 x18:0x00021806 x27:0xc88a3116  x6=0x00000000
     1297575000	     64777	8000628a	47d1	c.li	x15,20	 x15=0x00000014
     1297975000	     64797	8000628c	01f55f63	bge	x10,x31,800062aa	 x10:0x00000001 x31:0x00021805
     1297995000	     64798	80006290	0000100f	fence.i	
     1298655000	     64831	80006294	40d70a33	sub	x20,x14,x13	 x14:0x7ffde1f8 x13:0x00000000 x20=0x7ffde1f8
     1298755000	     64836	80006298	717d	c.addi16sp	x2,-16	  x2:0x6eed738f  x2=0x6eed737f
     1298855000	     64841	8000629a	029abdb3	mulhu	x27,x21,x9	 x21:0xc88a3116  x9:0x98cb2ab7 x27=0x77b13430
     1299015000	     64849	8000629e	009b0cb3	add	x25,x22,x9	 x22:0x00000000  x9:0x98cb2ab7 x25=0x98cb2ab7
     1299035000	     64850	800062a2	52c9ae13	slti	x28,x19,1324	 x19:0x80021e24 x28=0x00000001
     1299415000	     64869	800062a6	02fe0463	beq	x28,x15,800062ce	 x28:0x00000001 x15:0x00000014
     1299555000	     64876	800062aa	008e1e63	bne	x28,x8,800062c6	 x28:0x00000001  x8:0x00000000
     1300255000	     64911	800062c6	3403e673	csrrsi	x12,mscratch,7	 x12=0x00000004
     1300395000	     64918	800062ca	34097573	csrrci	x10,mscratch,18	 x10=0x00000007
     1300415000	     64919	800062ce	5dfd	c.li	x27,-1	 x27=0xffffffff
     1300455000	     64921	800062d0	0292a833	mulhsu	x16,x5,x9	  x5:0x98cb2ab2  x9:0x98cb2ab7 x16=0xc266b93c
     1301295000	     64963	800062d4	03fed0b3	divu	x1,x29,x31	 x29:0x80021e24 x31:0x00021805  x1=0x00003d22
     1301315000	     64964	800062d8	02c2e363	bltu	x5,x12,800062fe	  x5:0x98cb2ab2 x12:0x00000004
     1301335000	     64965	800062dc	8bb9	c.andi	x15,14	 x15:0x00000014 x15=0x00000004
     1301355000	     64966	800062de	003468b3	or	x17,x8,x3	  x8:0x00000000  x3:0x6eed7430 x17=0x6eed7430
     1301375000	     64967	800062e2	8ff9	c.and	x15,x14	 x15:0x00000004 x14:0x7ffde1f8 x15=0x00000000
     1301395000	     64968	800062e4	34055df3	csrrwi	x27,mscratch,10	 x27=0x00000005
     1301415000	     64969	800062e8	9586	c.add	x11,x1	 x11:0x00000007  x1:0x00003d22 x11=0x00003d29
     1301435000	     64970	800062ea	c911	c.beqz	x10,800062fe	 x10:0x00000007
     1301455000	     64971	800062ec	7b57c413	xori	x8,x15,1973	 x15:0x00000000  x8=0x000007b5
     1301715000	     64984	800062f0	034df663	bgeu	x27,x20,8000631c	 x27:0x00000005 x20:0x7ffde1f8
     1301735000	     64985	800062f4	8f55	c.or	x14,x13	 x14:0x7ffde1f8 x13:0x00000000 x14=0x7ffde1f8
     1302175000	     65007	800062f6	030bd563	bge	x23,x16,80006320	 x23:0x7ffde1f8 x16:0xc266b93c
     1303115000	     65054	80006320	8e49	c.or	x12,x10	 x12:0x00000004 x10:0x00000007 x12=0x00000007
     1303135000	     65055	80006322	8fed	c.and	x15,x11	 x15:0x00000000 x11:0x00003d29 x15=0x00000000
     1303195000	     65058	80006324	8b4d	c.andi	x14,19	 x14:0x7ffde1f8 x14=0x00000010
     1303335000	     65065	80006326	fc0d12b7	lui	x5,0xfc0d1	  x5=0xfc0d1000
     1303615000	     65079	8000632a	0049ac83	lw	x25,4(x19)	 x19:0x80021e24 x25=0x80003504 PA:0x80021e28 load:0x80003504
     1303655000	     65081	8000632e	5b0cee93	ori	x29,x25,1456	 x25:0x80003504 x29=0x800035b4
     1303855000	     65091	80006332	04098993	addi	x19,x19,64	 x19:0x80021e24 x19=0x80021e64
     1303875000	     65092	80006336	73bfe213	ori	x4,x31,1851	 x31:0x00021805  x4=0x00021f3f
     1303895000	     65093	8000633a	000c8313	addi	x6,x25,0	 x25:0x80003504  x6=0x80003504
     1303915000	     65094	8000633e	8302	c.jr	x6	  x6:0x80003504
     1305235000	     65160	80003504	03855b33	divu	x22,x10,x24	 x10:0x00000007 x24:0x001e0000 x22=0x00000000
     1305255000	     65161	80003508	01cbdf93	srli	x31,x23,0x1c	 x23:0x7ffde1f8 x31=0x00000007
     1305275000	     65162	8000350c	34072df3	csrrs	x27,mscratch,x14	 x14:0x00000010 x27=0x0000000a
     1305295000	     65163	80003510	9c5a	c.add	x24,x22	 x24:0x001e0000 x22:0x00000000 x24=0x001e0000
     1305315000	     65164	80003512	00e11f33	sll	x30,x2,x14	  x2:0x6eed737f x14:0x00000010 x30=0x737f0000
     1305335000	     65165	80003516	27df3413	sltiu	x8,x30,637	 x30:0x737f0000  x8=0x00000000
     1305355000	     65166	8000351a	1a0c	c.addi4spn	x11,x2,304	 x11=0x6eed74af
     1305375000	     65167	8000351c	0716	c.slli	x14,0x5	 x14:0x00000010 x14=0x00000200
     1305435000	     65170	8000351e	023a7d63	bgeu	x20,x3,80003558	 x20:0x7ffde1f8  x3:0x6eed7430
     1306015000	     65199	80003558	3408f273	csrrci	x4,mscratch,17	  x4=0x0000001a
     1306155000	     65206	8000355c	0182c1b3	xor	x3,x5,x24	  x5:0xfc0d1000 x24:0x001e0000  x3=0xfc131000
     1306335000	     65215	80003560	009e1eb3	sll	x29,x28,x9	 x28:0x00000001  x9:0x98cb2ab7 x29=0x00800000
     1306495000	     65223	80003564	3317e493	ori	x9,x15,817	 x15:0x00000000  x9=0x00000331
     1306675000	     65232	80003568	00c79d63	bne	x15,x12,80003582	 x15:0x00000000 x12:0x00000007
     1307835000	     65290	80003582	0098d2b3	srl	x5,x17,x9	 x17:0x6eed7430  x9:0x00000331  x5=0x00003776
     1307855000	     65291	80003586	8245	c.srli	x12,0x11	 x12:0x00000007 x12=0x00000000
     1307875000	     65292	80003588	119b2613	slti	x12,x22,281	 x22:0x00000000 x12=0x00000001
     1307895000	     65293	8000358c	00a9f7b3	and	x15,x19,x10	 x19:0x80021e64 x10:0x00000007 x15=0x00000004
     1307915000	     65294	80003590	e505	c.bnez	x10,800035b8	 x10:0x00000007
     1308595000	     65328	800035b8	004ff763	bgeu	x31,x4,800035c6	 x31:0x00000007  x4:0x0000001a
     1308775000	     65337	800035bc	8d75	c.and	x10,x13	 x10:0x00000007 x13:0x00000000 x10=0x00000000
     1308795000	     65338	800035be	00ae4cb3	xor	x25,x28,x10	 x28:0x00000001 x10:0x00000000 x25=0x00000001
     1308855000	     65341	800035c2	a0418b13	addi	x22,x3,-1532	  x3:0xfc131000 x22=0xfc130a04
     1308875000	     65342	800035c6	ecca2093	slti	x1,x20,-308	 x20:0x7ffde1f8  x1=0x00000000
     1308895000	     65343	800035ca	2b4b3f37	lui	x30,0x2b4b3	 x30=0x2b4b3000
     1309035000	     65350	800035ce	005fe1b3	or	x3,x31,x5	 x31:0x00000007  x5:0x00003776  x3=0x00003777
     1309055000	     65351	800035d2	e501	c.bnez	x10,800035da	 x10:0x00000000
     1309255000	     65361	800035d4	862a	c.mv	x12,x10	  x0:0x00000000 x10:0x00000000 x12=0x00000000
     1309415000	     65369	800035d6	8f30ac93	slti	x25,x1,-1805	  x1:0x00000000 x25=0x00000000
     1309655000	     65381	800035da	34025ff3	csrrwi	x31,mscratch,4	 x31=0x0000000a
     1309675000	     65382	800035de	340a3273	csrrc	x4,mscratch,x20	 x20:0x7ffde1f8  x4=0x00000004
     1309695000	     65383	800035e2	6279	c.lui	x4,0x1e	  x4=0x0001e000
     1309715000	     65384	800035e4	0155	c.addi	x2,21	  x2:0x6eed737f  x2=0x6eed7394
     1309735000	     65385	800035e6	d4e90213	addi	x4,x18,-690	 x18:0x00021806  x4=0x00021554
     1310135000	     65405	800035ea	50a518b7	lui	x17,0x50a51	 x17=0x50a51000
     1310555000	     65426	800035ee	2cdac313	xori	x6,x21,717	 x21:0xc88a3116  x6=0xc88a33db
     1310575000	     65427	800035f2	808d	c.srli	x9,0x3	  x9:0x00000331  x9=0x00000066
     1310595000	     65428	800035f4	5650c793	xori	x15,x1,1381	  x1:0x00000000 x15=0x00000565
     1310635000	     65430	800035f8	02e127b3	mulhsu	x15,x2,x14	  x2:0x6eed7394 x14:0x00000200 x15=0x000000dd
     1310655000	     65431	800035fc	01590cb3	add	x25,x18,x21	 x18:0x00021806 x21:0xc88a3116 x25=0xc88c491c
     1310735000	     65435	80003600	3404fa73	csrrci	x20,mscratch,9	 x20=0x00000004
     1311875000	     65492	80003604	03def2b3	remu	x5,x29,x29	 x29:0x00800000 x29:0x00800000  x5=0x00000000
     1311895000	     65493	80003608	c705	c.beqz	x14,80003630	 x14:0x00000200
     1311915000	     65494	8000360a	019ed713	srli	x14,x29,0x19	 x29:0x00800000 x14=0x00000000
     1312095000	     65503	8000360e	34002073	csrrs	x0,mscratch,x0	  x0:0x00000000  x0=0x00000000
     1312115000	     65504	80003612	8d79	c.and	x10,x14	 x10:0x00000000 x14:0x00000000 x10=0x00000000
     1312175000	     65507	80003614	06aa	c.slli	x13,0xa	 x13:0x00000000 x13=0x00000000
     1312375000	     65517	80003616	62ab2613	slti	x12,x22,1578	 x22:0xfc130a04 x12=0x00000001
     1312395000	     65518	8000361a	0814	c.addi4spn	x13,x2,16	 x13=0x6eed73a4
     1312415000	     65519	8000361c	34049873	csrrw	x16,mscratch,x9	  x9:0x00000066 x16=0x00000004
     1312815000	     65539	80003620	02570563	beq	x14,x5,8000364a	 x14:0x00000000  x5:0x00000000
     1313895000	     65593	8000364a	340cadf3	csrrs	x27,mscratch,x25	 x25:0xc88c491c x27=0x00000066
     1313915000	     65594	8000364e	8c46	c.mv	x24,x17	  x0:0x00000000 x17:0x50a51000 x24=0x50a51000
     1313935000	     65595	80003650	d3942037	lui	x0,0xd3942	  x0=0x00000000
     1314095000	     65603	80003654	00a05193	srli	x3,x0,0xa	  x0:0x00000000  x3=0x00000000
     1314115000	     65604	80003658	73da8c93	addi	x25,x21,1853	 x21:0xc88a3116 x25=0xc88a3853
     1314135000	     65605	8000365c	0f18	c.addi4spn	x14,x2,912	 x14=0x6eed7724
     1314155000	     65606	8000365e	001dea63	bltu	x27,x1,80003672	 x27:0x00000066  x1:0x00000000
     1314175000	     65607	80003662	34007773	csrrci	x14,mscratch,0	 x14=0xc88c497e
     1314955000	     65646	80003666	02cb6333	rem	x6,x22,x12	 x22:0xfc130a04 x12:0x00000001  x6=0x00000000
     1314975000	     65647	8000366a	40b15193	srai	x3,x2,0xb	  x2:0x6eed7394  x3=0x000dddae
     1314995000	     65648	8000366e	0ff0000f	fence	iorw,iorw	
     1315015000	     65649	80003672	00d4fa63	bgeu	x9,x13,80003686	  x9:0x00000066 x13:0x6eed73a4
     1315035000	     65650	80003676	84e1	c.srai	x9,0x18	  x9:0x00000066  x9=0x00000000
     1315055000	     65651	80003678	dc7a3193	sltiu	x3,x20,-569	 x20:0x00000004  x3=0x00000001
     1315075000	     65652	8000367c	da470097	auipc	x1,0xda470	  x1=0x5a47367c
     1315335000	     65665	80003680	833d	c.srli	x14,0xf	 x14:0xc88c497e x14=0x00019118
     1315355000	     65666	80003682	0ff0000f	fence	iorw,iorw	
     1315375000	     65667	80003686	0133e663	bltu	x7,x19,80003692	  x7:0xfaeb9c09 x19:0x80021e64
     1315715000	     65684	8000368a	02e80ab3	mul	x21,x16,x14	 x16:0x00000004 x14:0x00019118 x21=0x00064460
     1315875000	     65692	8000368e	00fb4763	blt	x22,x15,8000369c	 x22:0xfc130a04 x15:0x000000dd
     1317275000	     65762	8000369c	9fd6c297	auipc	x5,0x9fd6c	  x5=0x1fd6f69c
     1317895000	     65793	800036a0	717d	c.addi16sp	x2,-16	  x2:0x6eed7394  x2=0x6eed7384
     1317915000	     65794	800036a2	0001	c.addi	x0,0	  x0:0x00000000  x0=0x00000000
     1317935000	     65795	800036a4	40258f33	sub	x30,x11,x2	 x11:0x6eed74af  x2:0x6eed7384 x30=0x0000012b
     1318115000	     65804	800036a8	340e18f3	csrrw	x17,mscratch,x28	 x28:0x00000001 x17=0xc88c497e
     1318215000	     65809	800036ac	019fe933	or	x18,x31,x25	 x31:0x0000000a x25:0xc88a3853 x18=0xc88a385b
     1318235000	     65810	800036b0	0804	c.addi4spn	x9,x2,16	  x9=0x6eed7394
     1318275000	     65812	800036b2	028bde33	divu	x28,x23,x8	 x23:0x7ffde1f8  x8:0x00000000 x28=0xffffffff
     1318295000	     65813	800036b6	34006b73	csrrsi	x22,mscratch,0	 x22=0x00000001
     1318315000	     65814	800036ba	01e4d293	srli	x5,x9,0x1e	  x9:0x6eed7394  x5=0x00000001
     1318335000	     65815	800036be	462d	c.li	x12,11	 x12=0x0000000b
     1318355000	     65816	800036c0	1f7d	c.addi	x30,-1	 x30:0x0000012b x30=0x0000012a
     1318375000	     65817	800036c2	c205	c.beqz	x12,800036e2	 x12:0x0000000b
     1318395000	     65818	800036c4	0001	c.addi	x0,0	  x0:0x00000000  x0=0x00000000
     1318415000	     65819	800036c6	34021b73	csrrw	x22,mscratch,x4	  x4:0x00021554 x22=0x00000001
     1318435000	     65820	800036ca	0ff0000f	fence	iorw,iorw	
     1318455000	     65821	800036ce	340f1b73	csrrw	x22,mscratch,x30	 x30:0x0000012a x22=0x00021554
     1318475000	     65822	800036d2	810d	c.srli	x10,0x3	 x10:0x00000000 x10=0x00000000
     1318495000	     65823	800036d4	4b136513	ori	x10,x6,1201	  x6:0x00000000 x10=0x000004b1
     1319235000	     65860	800036d8	0341c7b3	div	x15,x3,x20	  x3:0x00000001 x20:0x00000004 x15=0x00000000
     1319255000	     65861	800036dc	98a6	c.add	x17,x9	 x17:0xc88c497e  x9:0x6eed7394 x17=0x3779bd12
     1319295000	     65863	800036de	0310a1b3	mulhsu	x3,x1,x17	  x1:0x5a47367c x17:0x3779bd12  x3=0x13903b0a
     1319315000	     65864	800036e2	014e35b3	sltu	x11,x28,x20	 x28:0xffffffff x20:0x00000004 x11=0x00000000
     1319335000	     65865	800036e6	027d6663	bltu	x26,x7,80003712	 x26:0x80025ce4  x7:0xfaeb9c09
     1320335000	     65915	80003712	0256e0b3	rem	x1,x13,x5	 x13:0x6eed73a4  x5:0x00000001  x1=0x00000000
     1320375000	     65917	80003716	03fcabb3	mulhsu	x23,x25,x31	 x25:0xc88a3853 x31:0x0000000a x23=0xfffffffd
     1320395000	     65918	8000371a	4ace4f93	xori	x31,x28,1196	 x28:0xffffffff x31=0xfffffb53
     1320415000	     65919	8000371e	0001	c.addi	x0,0	  x0:0x00000000  x0=0x00000000
     1320435000	     65920	80003720	00bf1033	sll	x0,x30,x11	 x30:0x0000012a x11:0x00000000  x0=0x00000000
     1320455000	     65921	80003724	609d	c.lui	x1,0x7	  x1=0x00007000
     1320475000	     65922	80003726	00654db3	xor	x27,x10,x6	 x10:0x000004b1  x6:0x00000000 x27=0x000004b1
     1320555000	     65926	8000372a	0008e6b3	or	x13,x17,x0	 x17:0x3779bd12  x0:0x00000000 x13=0x3779bd12
     1320675000	     65932	8000372e	03107b63	bgeu	x0,x17,80003764	  x0:0x00000000 x17:0x3779bd12
     1320935000	     65945	80003732	b50fc837	lui	x16,0xb50fc	 x16=0xb50fc000
     1321135000	     65955	80003736	40200733	sub	x14,x0,x2	  x0:0x00000000  x2:0x6eed7384 x14=0x91128c7c
     1321155000	     65956	8000373a	8e35	c.xor	x12,x13	 x12:0x0000000b x13:0x3779bd12 x12=0x3779bd19
     1321195000	     65958	8000373c	0255ba33	mulhu	x20,x11,x5	 x11:0x00000000  x5:0x00000001 x20=0x00000000
     1321215000	     65959	80003740	0132	c.slli	x2,0xc	  x2:0x6eed7384  x2=0xd7384000
     1321235000	     65960	80003742	01dddc93	srli	x25,x27,0x1d	 x27:0x000004b1 x25=0x00000000
     1321255000	     65961	80003746	8841	c.andi	x8,16	  x8:0x00000000  x8=0x00000000
     1321615000	     65979	80003748	0001	c.addi	x0,0	  x0:0x00000000  x0=0x00000000
     1321675000	     65982	8000374a	00709b93	slli	x23,x1,0x7	  x1:0x00007000 x23=0x00380000
     1321735000	     65985	8000374e	0bba8513	addi	x10,x21,187	 x21:0x00064460 x10=0x0006451b
     1321755000	     65986	80003752	0325	c.addi	x6,9	  x6:0x00000000  x6=0x00000009
     1321775000	     65987	80003754	873a	c.mv	x14,x14	  x0:0x00000000 x14:0x91128c7c x14=0x91128c7c
     1321795000	     65988	80003756	01149e93	slli	x29,x9,0x11	  x9:0x6eed7394 x29=0xe7280000
     1321875000	     65992	8000375a	0000100f	fence.i	
     1322275000	     66012	8000375e	8d7d	c.and	x10,x15	 x10:0x0006451b x15:0x00000000 x10=0x00000000
     1322395000	     66018	80003760	be57eb13	ori	x22,x15,-1051	 x15:0x00000000 x22=0xfffffbe5
     1322415000	     66019	80003764	833a	c.mv	x6,x14	  x0:0x00000000 x14:0x91128c7c  x6=0x91128c7c
     1322435000	     66020	80003766	6499	c.lui	x9,0x6	  x9=0x00006000
     1322595000	     66028	80003768	8efe	c.mv	x29,x31	  x0:0x00000000 x31:0xfffffb53 x29=0xfffffb53
     1322615000	     66029	8000376a	91524313	xori	x6,x4,-1771	  x4:0x00021554  x6=0xfffdec41
     1322675000	     66032	8000376e	02553293	sltiu	x5,x10,37	 x10:0x00000000  x5=0x00000001
     1322735000	     66035	80003772	02481563	bne	x16,x4,8000379c	 x16:0xb50fc000  x4:0x00021554
     1323675000	     66082	8000379c	c18d	c.beqz	x11,800037be	 x11:0x00000000
     1324255000	     66111	800037be	021fd263	bge	x31,x1,800037e2	 x31:0xfffffb53  x1:0x00007000
     1324275000	     66112	800037c2	8c89	c.sub	x9,x10	  x9:0x00006000 x10:0x00000000  x9=0x00006000
     1324295000	     66113	800037c4	5dfd	c.li	x27,-1	 x27=0xffffffff
     1324315000	     66114	800037c6	34006ff3	csrrsi	x31,mscratch,0	 x31=0x0000012a
     1324455000	     66121	800037ca	003f1863	bne	x30,x3,800037da	 x30:0x0000012a  x3:0x13903b0a
     1327215000	     66259	800037da	340951f3	csrrwi	x3,mscratch,18	  x3=0x0000012a
     1327235000	     66260	800037de	022f5e63	bge	x30,x2,8000381a	 x30:0x0000012a  x2:0xd7384000
     1327455000	     66271	8000381a	0386d763	bge	x13,x24,80003848	 x13:0x3779bd12 x24:0x50a51000
     1327475000	     66272	8000381e	41165493	srai	x9,x12,0x11	 x12:0x3779bd19  x9=0x00001bbc
     1327495000	     66273	80003822	1dfd	c.addi	x27,-1	 x27:0xffffffff x27=0xfffffffe
     1327515000	     66274	80003824	73d58613	addi	x12,x11,1853	 x11:0x00000000 x12=0x0000073d
     1327635000	     66280	80003828	0279f963	bgeu	x19,x7,8000385a	 x19:0x80021e64  x7:0xfaeb9c09
     1327835000	     66290	8000382c	0101fd63	bgeu	x3,x16,80003846	  x3:0x0000012a x16:0xb50fc000
     1328055000	     66301	80003830	ca85	c.beqz	x13,80003860	 x13:0x3779bd12
     1328115000	     66304	80003832	0000100f	fence.i	
     1329235000	     66360	80003836	015e4c33	xor	x24,x28,x21	 x28:0xffffffff x21:0x00064460 x24=0xfff9bb9f
     1329255000	     66361	8000383a	03dd0263	beq	x26,x29,8000385e	 x26:0x80025ce4 x29:0xfffffb53
     1329675000	     66382	8000383e	014f9293	slli	x5,x31,0x14	 x31:0x0000012a  x5=0x12a00000
     1329695000	     66383	80003842	34096973	csrrsi	x18,mscratch,18	 x18=0x00000012
     1329715000	     66384	80003846	8be2	c.mv	x23,x24	  x0:0x00000000 x24:0xfff9bb9f x23=0xfff9bb9f
     1330115000	     66404	80003848	004f2033	slt	x0,x30,x4	 x30:0x0000012a  x4:0x00021554  x0=0x00000000
     1330315000	     66414	8000384c	4569ec93	ori	x25,x19,1110	 x19:0x80021e64 x25=0x80021e76
     1331135000	     66455	80003850	032b7eb3	remu	x29,x22,x18	 x22:0xfffffbe5 x18:0x00000012 x29=0x0000000f
     1331155000	     66456	80003854	1594	c.addi4spn	x13,x2,736	 x13=0xd73842e0
     1331175000	     66457	80003856	340f55f3	csrrwi	x11,mscratch,30	 x11=0x00000012
     1331195000	     66458	8000385a	340025f3	csrrs	x11,mscratch,x0	  x0:0x00000000 x11=0x0000001e
     1331215000	     66459	8000385e	6159	c.addi16sp	x2,400	  x2:0xd7384000  x2=0xd7384190
     1331955000	     66496	80003860	02b4ea33	rem	x20,x9,x11	  x9:0x00001bbc x11:0x0000001e x20=0x00000014
     1331975000	     66497	80003864	557d	c.li	x10,-1	 x10=0xffffffff
     1332715000	     66534	80003866	034deab3	rem	x21,x27,x20	 x27:0xfffffffe x20:0x00000014 x21=0xfffffffe
     1332735000	     66535	8000386a	00760133	add	x2,x12,x7	 x12:0x0000073d  x7:0xfaeb9c09  x2=0xfaeba346
     1332755000	     66536	8000386e	21f9b313	sltiu	x6,x19,543	 x19:0x80021e64  x6=0x00000000
     1333495000	     66573	80003872	0357cdb3	div	x27,x15,x21	 x15:0x00000000 x21:0xfffffffe x27=0x00000000
     1333515000	     66574	80003876	0001	c.addi	x0,0	  x0:0x00000000  x0=0x00000000
     1333535000	     66575	80003878	0000100f	fence.i	
     1333615000	     66579	8000387c	41f0d033	sra	x0,x1,x31	  x1:0x00007000 x31:0x0000012a  x0=0x00000000
     1334355000	     66616	80003880	03c2c133	div	x2,x5,x28	  x5:0x12a00000 x28:0xffffffff  x2=0xed600000
     1334375000	     66617	80003884	82f9	c.srli	x13,0x1e	 x13:0xd73842e0 x13=0x00000003
     1334395000	     66618	80003886	98fd	c.andi	x9,-1	  x9:0x00001bbc  x9=0x00001bbc
     1334415000	     66619	80003888	873a	c.mv	x14,x14	  x0:0x00000000 x14:0x91128c7c x14=0x91128c7c
     1334435000	     66620	8000388a	90da	c.add	x1,x22	  x1:0x00007000 x22:0xfffffbe5  x1=0x00006be5
     1334455000	     66621	8000388c	3407e873	csrrsi	x16,mscratch,15	 x16=0x0000001e
     1334475000	     66622	80003890	41d3dfb3	sra	x31,x7,x29	  x7:0xfaeb9c09 x29:0x0000000f x31=0xfffff5d7
     1334495000	     66623	80003894	0021e733	or	x14,x3,x2	  x3:0x0000012a  x2:0xed600000 x14=0xed60012a
     1334615000	     66629	80003898	9fb6	c.add	x31,x13	 x31:0xfffff5d7 x13:0x00000003 x31=0xfffff5da
     1334655000	     66631	8000389a	02fcff33	remu	x30,x25,x15	 x25:0x80021e76 x15:0x00000000 x30=0x80021e76
     1334795000	     66638	8000389e	01dc1663	bne	x24,x29,800038aa	 x24:0xfff9bb9f x29:0x0000000f
     1335275000	     66662	800038aa	8ec1	c.or	x13,x8	 x13:0x00000003  x8:0x00000000 x13=0x00000003
     1335695000	     66683	800038ac	00182033	slt	x0,x16,x1	 x16:0x0000001e  x1:0x00006be5  x0=0x00000000
     1335715000	     66684	800038b0	035bdc63	bge	x23,x21,800038e8	 x23:0xfff9bb9f x21:0xfffffffe
     1336035000	     66700	800038b4	c515	c.beqz	x10,800038e0	 x10:0xffffffff
     1336075000	     66702	800038b6	028ec5b3	div	x11,x29,x8	 x29:0x0000000f  x8:0x00000000 x11=0xffffffff
     1336095000	     66703	800038ba	077a	c.slli	x14,0x1e	 x14:0xed60012a x14=0x80000000
     1336135000	     66705	800038bc	006c7563	bgeu	x24,x6,800038c6	 x24:0xfff9bb9f  x6:0x00000000
     1336595000	     66728	800038c6	36bc7693	andi	x13,x24,875	 x24:0xfff9bb9f x13=0x0000030b
     1336615000	     66729	800038ca	9942	c.add	x18,x16	 x18:0x00000012 x16:0x0000001e x18=0x00000030
     1337355000	     66766	800038cc	02d46e33	rem	x28,x8,x13	  x8:0x00000000 x13:0x0000030b x28=0x00000000
     1337375000	     66767	800038d0	e66a8d93	addi	x27,x21,-410	 x21:0xfffffffe x27=0xfffffe64
     1337415000	     66769	800038d4	035ea6b3	mulhsu	x13,x29,x21	 x29:0x0000000f x21:0xfffffffe x13=0x0000000e
     1337435000	     66770	800038d8	00e15c63	bge	x2,x14,800038f0	  x2:0xed600000 x14:0x80000000
     1337915000	     66794	800038f0	99fd	c.andi	x11,-1	 x11:0xffffffff x11=0xffffffff
     1337935000	     66795	800038f2	0000100f	fence.i	
     1338215000	     66809	800038f6	0298	c.addi4spn	x14,x2,320	 x14=0xed600140
     1338235000	     66810	800038f8	184e6e93	ori	x29,x28,388	 x28:0x00000000 x29=0x00000184
     1338435000	     66820	800038fc	340037f3	csrrc	x15,mscratch,x0	  x0:0x00000000 x15=0x0000001f
     1338455000	     66821	80003900	8441	c.srai	x8,0x10	  x8:0x00000000  x8=0x00000000
     1338895000	     66843	80003902	0230b633	mulhu	x12,x1,x3	  x1:0x00006be5  x3:0x0000012a x12=0x00000000
     1338915000	     66844	80003906	e419	c.bnez	x8,80003914	  x8:0x00000000
     1339255000	     66861	80003908	01eb1c33	sll	x24,x22,x30	 x22:0xfffffbe5 x30:0x80021e76 x24=0xf9400000
     1339275000	     66862	8000390c	021d1163	bne	x26,x1,8000392e	 x26:0x80025ce4  x1:0x00006be5
     1339795000	     66888	8000392e	02bd9b33	mulh	x22,x27,x11	 x27:0xfffffe64 x11:0xffffffff x22=0x00000000
     1339875000	     66892	80003932	009a7533	and	x10,x20,x9	 x20:0x00000014  x9:0x00001bbc x10=0x00000014
     1339895000	     66893	80003936	03af5663	bge	x30,x26,80003962	 x30:0x80021e76 x26:0x80025ce4
     1339915000	     66894	8000393a	814d	c.srli	x10,0x13	 x10:0x00000014 x10=0x00000000
     1339935000	     66895	8000393c	8b4e9117	auipc	x2,0x8b4e9	  x2=0x0b4ec93c
     1339975000	     66897	80003940	aac76217	auipc	x4,0xaac76	  x4=0x2ac79940
     1340195000	     66908	80003944	8ced	c.and	x9,x11	  x9:0x00001bbc x11:0xffffffff  x9=0x00001bbc
     1340215000	     66909	80003946	edf13093	sltiu	x1,x2,-289	  x2:0x0b4ec93c  x1=0x00000001
     1341055000	     66951	8000394a	0346ecb3	rem	x25,x13,x20	 x13:0x0000000e x20:0x00000014 x25=0x0000000e
     1341075000	     66952	8000394e	8f51	c.or	x14,x12	 x14:0xed600140 x12:0x00000000 x14=0xed600140
     1341095000	     66953	80003950	8e99	c.sub	x13,x14	 x13:0x0000000e x14:0xed600140 x13=0x129ffece
     1341115000	     66954	80003952	9f06	c.add	x30,x1	 x30:0x80021e76  x1:0x00000001 x30=0x80021e77
     1341135000	     66955	80003954	8df1	c.and	x11,x12	 x11:0xffffffff x12:0x00000000 x11=0x00000000
     1341155000	     66956	80003956	03527763	bgeu	x4,x21,80003984	  x4:0x2ac79940 x21:0xfffffffe
     1341215000	     66959	8000395a	a5acce13	xori	x28,x25,-1446	 x25:0x0000000e x28=0xfffffa54
     1341275000	     66962	8000395e	008d1c63	bne	x26,x8,80003976	 x26:0x80025ce4  x8:0x00000000
     1341895000	     66993	80003976	8c29	c.xor	x8,x10	  x8:0x00000000 x10:0x00000000  x8=0x00000000
     1342155000	     67006	80003978	0064a8b3	slt	x17,x9,x6	  x9:0x00001bbc  x6:0x00000000 x17=0x00000000
     1342175000	     67007	8000397c	4701	c.li	x14,0	 x14=0x00000000
     1342195000	     67008	8000397e	8ecd	c.or	x13,x11	 x13:0x129ffece x11:0x00000000 x13=0x129ffece
     1342595000	     67028	80003980	ca49cd97	auipc	x27,0xca49c	 x27=0x4a49f980
     1342615000	     67029	80003984	03051763	bne	x10,x16,800039b2	 x10:0x00000000 x16:0x0000001e
     1343275000	     67062	800039b2	340c2bf3	csrrs	x23,mscratch,x24	 x24:0xf9400000 x23=0x0000001f
     1343415000	     67069	800039b6	bed80813	addi	x16,x16,-1043	 x16:0x0000001e x16=0xfffffc0b
     1343455000	     67071	800039ba	02a97eb3	remu	x29,x18,x10	 x18:0x00000030 x10:0x00000000 x29=0x00000030
     1343655000	     67081	800039be	02c31533	mulh	x10,x6,x12	  x6:0x00000000 x12:0x00000000 x10=0x00000000
     1344055000	     67101	800039c2	0000100f	fence.i	
     1344715000	     67134	800039c6	b94a0793	addi	x15,x20,-1132	 x20:0x00000014 x15=0xfffffba8
     1344735000	     67135	800039ca	8e21	c.xor	x12,x8	 x12:0x00000000  x8:0x00000000 x12=0x00000000
     1345115000	     67154	800039cc	bb4be513	ori	x10,x23,-1100	 x23:0x0000001f x10=0xfffffbbf
     1345155000	     67156	800039d0	00d1	c.addi	x1,20	  x1:0x00000001  x1=0x00000015
     1345895000	     67193	800039d2	02a742b3	div	x5,x14,x10	 x14:0x00000000 x10:0xfffffbbf  x5=0x00000000
     1345915000	     67194	800039d6	6121	c.addi16sp	x2,64	  x2:0x0b4ec93c  x2=0x0b4ec97c
     1345935000	     67195	800039d8	8a5d	c.andi	x12,23	 x12:0x00000000 x12=0x00000000
     1345955000	     67196	800039da	0f22	c.slli	x30,0x8	 x30:0x80021e77 x30=0x021e7700
     1345975000	     67197	800039dc	02146563	bltu	x8,x1,80003a06	  x8:0x00000000  x1:0x00000015
     1346455000	     67221	80003a06	00662833	slt	x16,x12,x6	 x12:0x00000000  x6:0x00000000 x16=0x00000000
     1346475000	     67222	80003a0a	00214d63	blt	x2,x2,80003a24	  x2:0x0b4ec97c  x2:0x0b4ec97c
     1346495000	     67223	80003a0e	8c59	c.or	x8,x14	  x8:0x00000000 x14:0x00000000  x8=0x00000000
     1346855000	     67241	80003a10	5bbcb413	sltiu	x8,x25,1467	 x25:0x0000000e  x8=0x00000001
     1346895000	     67243	80003a14	02c8ca33	div	x20,x17,x12	 x17:0x00000000 x12:0x00000000 x20=0xffffffff
     1347295000	     67263	80003a18	00aa1c33	sll	x24,x20,x10	 x20:0xffffffff x10:0xfffffbbf x24=0x80000000
     1347315000	     67264	80003a1c	0eca	c.slli	x29,0x12	 x29:0x00000030 x29=0x00c00000
     1347735000	     67285	80003a1e	011d54b3	srl	x9,x26,x17	 x26:0x80025ce4 x17:0x00000000  x9=0x80025ce4
     1347755000	     67286	80003a22	8efd	c.and	x13,x15	 x13:0x129ffece x15:0xfffffba8 x13=0x129ffa88
     1347775000	     67287	80003a24	005e1a13	slli	x20,x28,0x5	 x28:0xfffffa54 x20=0xffff4a80
     1347795000	     67288	80003a28	41505593	srai	x11,x0,0x15	  x0:0x00000000 x11=0x00000000
     1347815000	     67289	80003a2c	e231	c.bnez	x12,80003a70	 x12:0x00000000
     1347835000	     67290	80003a2e	e40d	c.bnez	x8,80003a58	  x8:0x00000001
     1348115000	     67304	80003a58	41338db3	sub	x27,x7,x19	  x7:0xfaeb9c09 x19:0x80021e64 x27=0x7ae97da5
     1348135000	     67305	80003a5c	2d444293	xori	x5,x8,724	  x8:0x00000001  x5=0x000002d5
     1348395000	     67318	80003a60	0ff0000f	fence	iorw,iorw	
     1348415000	     67319	80003a64	01293bb3	sltu	x23,x18,x18	 x18:0x00000030 x18:0x00000030 x23=0x00000000
     1348435000	     67320	80003a68	0157d4b3	srl	x9,x15,x21	 x15:0xfffffba8 x21:0xfffffffe  x9=0x00000003
     1348455000	     67321	80003a6c	019f0eb3	add	x29,x30,x25	 x30:0x021e7700 x25:0x0000000e x29=0x021e770e
     1348715000	     67334	80003a70	02297263	bgeu	x18,x2,80003a94	 x18:0x00000030  x2:0x0b4ec97c
     1348895000	     67343	80003a74	03e828b3	mulhsu	x17,x16,x30	 x16:0x00000000 x30:0x021e7700 x17=0x00000000
     1348915000	     67344	80003a78	8f5d	c.or	x14,x15	 x14:0x00000000 x15:0xfffffba8 x14=0xfffffba8
     1349175000	     67357	80003a7a	9de02293	slti	x5,x0,-1570	  x0:0x00000000  x5=0x00000000
     1349215000	     67359	80003a7e	032f2fb3	mulhsu	x31,x30,x18	 x30:0x021e7700 x18:0x00000030 x31=0x00000000
     1349235000	     67360	80003a82	8cc5	c.or	x9,x9	  x9:0x00000003  x9:0x00000003  x9=0x00000003
     1349975000	     67397	80003a84	03bb58b3	divu	x17,x22,x27	 x22:0x00000000 x27:0x7ae97da5 x17=0x00000000
     1349995000	     67398	80003a88	8ec1	c.or	x13,x8	 x13:0x129ffa88  x8:0x00000001 x13=0x129ffa89
     1350015000	     67399	80003a8a	0184d763	bge	x9,x24,80003a98	  x9:0x00000003 x24:0x80000000
     1350055000	     67401	80003a98	0001	c.addi	x0,0	  x0:0x00000000  x0=0x00000000
     1350075000	     67402	80003a9a	8e6d	c.and	x12,x11	 x12:0x00000000 x11:0x00000000 x12=0x00000000
     1350095000	     67403	80003a9c	014ee963	bltu	x29,x20,80003aae	 x29:0x021e770e x20:0xffff4a80
     1350715000	     67434	80003aae	197d	c.addi	x18,-1	 x18:0x00000030 x18=0x0000002f
     1350975000	     67447	80003ab0	cb89	c.beqz	x15,80003ac2	 x15:0xfffffba8
     1350995000	     67448	80003ab2	e399	c.bnez	x15,80003ab8	 x15:0xfffffba8
     1352015000	     67499	80003ab8	0b96	c.slli	x23,0x5	 x23:0x00000000 x23=0x00000000
     1352755000	     67536	80003aba	039440b3	div	x1,x8,x25	  x8:0x00000001 x25:0x0000000e  x1=0x00000000
     1352775000	     67537	80003abe	34003973	csrrc	x18,mscratch,x0	  x0:0x00000000 x18=0xf940001f
     1352795000	     67538	80003ac2	3400bb73	csrrc	x22,mscratch,x1	  x1:0x00000000 x22=0xf940001f
     1352815000	     67539	80003ac6	02c6c963	blt	x13,x12,80003af8	 x13:0x129ffa89 x12:0x00000000
     1352855000	     67541	80003aca	03176e33	rem	x28,x14,x17	 x14:0xfffffba8 x17:0x00000000 x28=0xfffffba8
     1352875000	     67542	80003ace	007b95b3	sll	x11,x23,x7	 x23:0x00000000  x7:0xfaeb9c09 x11=0x00000000
     1352895000	     67543	80003ad2	340422f3	csrrs	x5,mscratch,x8	  x8:0x00000001  x5=0xf940001f
     1352915000	     67544	80003ad6	8c51	c.or	x8,x12	  x8:0x00000001 x12:0x00000000  x8=0x00000001
     1352935000	     67545	80003ad8	e095	c.bnez	x9,80003afc	  x9:0x00000003
     1357195000	     67758	80003afc	f905b317	auipc	x6,0xf905b	  x6=0x7905eafc
     1357215000	     67759	80003b00	0ff0000f	fence	iorw,iorw	
     1357235000	     67760	80003b04	0000100f	fence.i	
     1357295000	     67763	80003b08	8d8fb793	sltiu	x15,x31,-1832	 x31:0x00000000 x15=0x00000001
     1357535000	     67775	80003b0c	012a6ab3	or	x21,x20,x18	 x20:0xffff4a80 x18:0xf940001f x21=0xffff4a9f
     1357555000	     67776	80003b10	01c7ab33	slt	x22,x15,x28	 x15:0x00000001 x28:0xfffffba8 x22=0x00000000
     1357575000	     67777	80003b14	40e18a33	sub	x20,x3,x14	  x3:0x0000012a x14:0xfffffba8 x20=0x00000582
     1357595000	     67778	80003b18	ea11	c.bnez	x12,80003b2c	 x12:0x00000000
     1357615000	     67779	80003b1a	04679063	bne	x15,x6,80003b5a	 x15:0x00000001  x6:0x7905eafc
     1358075000	     67802	80003b5a	8161	c.srli	x10,0x18	 x10:0xfffffbbf x10=0x000000ff
     1358175000	     67807	80003b5c	00ab1f13	slli	x30,x22,0xa	 x22:0x00000000 x30=0x00000000
     1358215000	     67809	80003b60	03ec4fb3	div	x31,x24,x30	 x24:0x80000000 x30:0x00000000 x31=0xffffffff
     1358375000	     67817	80003b64	87ad	c.srai	x15,0xb	 x15:0x00000001 x15=0x00000000
     1358395000	     67818	80003b66	01a55e63	bge	x10,x26,80003b82	 x10:0x000000ff x26:0x80025ce4
     1358615000	     67829	80003b82	910e	c.add	x2,x3	  x2:0x0b4ec97c  x3:0x0000012a  x2=0x0b4ecaa6
     1358775000	     67837	80003b84	8765	c.srai	x14,0x19	 x14:0xfffffba8 x14=0xffffffff
     1358795000	     67838	80003b86	5b7d	c.li	x22,-1	 x22=0xffffffff
     1359195000	     67858	80003b88	c619	c.beqz	x12,80003b96	 x12:0x00000000
     1360215000	     67909	80003b96	50fd	c.li	x1,-1	  x1=0xffffffff
     1360235000	     67910	80003b98	ffffc397	auipc	x7,0xffffc	  x7=0x7ffffb98
     1360395000	     67918	80003b9c	7da38393	addi	x7,x7,2010	  x7:0x7ffffb98  x7=0x80000372
     1360735000	     67935	80003ba0	00038067	jalr	x0,0(x7)	  x7:0x80000372  x0=0x00000000
     1361775000	     67987	80000372	90000b37	lui	x22,0x90000	 x22=0x90000000
     1361795000	     67988	80000376	1b61	c.addi	x22,-8	 x22:0x90000000 x22=0x8ffffff8
     1361815000	     67989	80000378	4601	c.li	x12,0	 x12=0x00000000
     1361835000	     67990	8000037a	0622	c.slli	x12,0x8	 x12:0x00000000 x12=0x00000000
     1361855000	     67991	8000037c	0605	c.addi	x12,1	 x12:0x00000000 x12=0x00000001
     1362215000	     68009	8000037e	00cb2023	sw	x12,0(x22)	 x22:0x8ffffff8 x12:0x00000001 PA:0x8ffffff8 store:0x00000001 load:0xffffffff
     1362235000	     68010	80000382	00000073	ecall	
     1406955000	     70246	80002700	0800006f	jal	x0,80002780	  x0=0x00000000
     1407035000	     70250	80002780	1d71	c.addi	x26,-4	 x26:0x80025ce4 x26=0x80025ce0
     1407495000	     70273	80002782	013d2023	sw	x19,0(x26)	 x26:0x80025ce0 x19:0x80021e64 PA:0x80025ce0 store:0x80021e64 load:0xffffffff
     1407515000	     70274	80002786	000d09b3	add	x19,x26,x0	 x26:0x80025ce0  x0:0x00000000 x19=0x80025ce0
     1407895000	     70293	8000278a	f8098993	addi	x19,x19,-128	 x19:0x80025ce0 x19=0x80025c60
     1408095000	     70303	8000278e	0019a223	sw	x1,4(x19)	 x19:0x80025c60  x1:0xffffffff PA:0x80025c64 store:0xffffffff load:0xffffffff
     1408115000	     70304	80002792	0029a423	sw	x2,8(x19)	 x19:0x80025c60  x2:0x0b4ecaa6 PA:0x80025c68 store:0x0b4ecaa6 load:0xffffffff
     1408275000	     70312	80002796	0039a623	sw	x3,12(x19)	 x19:0x80025c60  x3:0x0000012a PA:0x80025c6c store:0x0000012a load:0xffffffff
     1408555000	     70326	8000279a	0049a823	sw	x4,16(x19)	 x19:0x80025c60  x4:0x2ac79940 PA:0x80025c70 store:0x2ac79940 load:0xffffffff
     1408575000	     70327	8000279e	0059aa23	sw	x5,20(x19)	 x19:0x80025c60  x5:0xf940001f PA:0x80025c74 store:0xf940001f load:0xffffffff
     1408715000	     70334	800027a2	0069ac23	sw	x6,24(x19)	 x19:0x80025c60  x6:0x7905eafc PA:0x80025c78 store:0x7905eafc load:0xffffffff
     1408735000	     70335	800027a6	0079ae23	sw	x7,28(x19)	 x19:0x80025c60  x7:0x80000372 PA:0x80025c7c store:0x80000372 load:0xffffffff
     1409155000	     70356	800027aa	0289a023	sw	x8,32(x19)	 x19:0x80025c60  x8:0x00000001 PA:0x80025c80 store:0x00000001 load:0xffffffff
     1409375000	     70367	800027ae	0299a223	sw	x9,36(x19)	 x19:0x80025c60  x9:0x00000003 PA:0x80025c84 store:0x00000003 load:0xffffffff
     1409635000	     70380	800027b2	02a9a423	sw	x10,40(x19)	 x19:0x80025c60 x10:0x000000ff PA:0x80025c88 store:0x000000ff load:0xffffffff
     1410055000	     70401	800027b6	02b9a623	sw	x11,44(x19)	 x19:0x80025c60 x11:0x00000000 PA:0x80025c8c store:0x00000000 load:0xffffffff
     1410155000	     70406	800027ba	02c9a823	sw	x12,48(x19)	 x19:0x80025c60 x12:0x00000001 PA:0x80025c90 store:0x00000001 load:0xffffffff
     1410175000	     70407	800027be	02d9aa23	sw	x13,52(x19)	 x19:0x80025c60 x13:0x129ffa89 PA:0x80025c94 store:0x129ffa89 load:0xffffffff
     1410395000	     70418	800027c2	02e9ac23	sw	x14,56(x19)	 x19:0x80025c60 x14:0xffffffff PA:0x80025c98 store:0xffffffff load:0xffffffff
     1410415000	     70419	800027c6	02f9ae23	sw	x15,60(x19)	 x19:0x80025c60 x15:0x00000000 PA:0x80025c9c store:0x00000000 load:0xffffffff
     1410435000	     70420	800027ca	0509a023	sw	x16,64(x19)	 x19:0x80025c60 x16:0x00000000 PA:0x80025ca0 store:0x00000000 load:0xffffffff
     1411055000	     70451	800027ce	0519a223	sw	x17,68(x19)	 x19:0x80025c60 x17:0x00000000 PA:0x80025ca4 store:0x00000000 load:0xffffffff
     1411175000	     70457	800027d2	0529a423	sw	x18,72(x19)	 x19:0x80025c60 x18:0xf940001f PA:0x80025ca8 store:0xf940001f load:0xffffffff
     1411195000	     70458	800027d6	0539a623	sw	x19,76(x19)	 x19:0x80025c60 x19:0x80025c60 PA:0x80025cac store:0x80025c60 load:0xffffffff
     1411455000	     70471	800027da	0549a823	sw	x20,80(x19)	 x19:0x80025c60 x20:0x00000582 PA:0x80025cb0 store:0x00000582 load:0xffffffff
     1411915000	     70494	800027de	0559aa23	sw	x21,84(x19)	 x19:0x80025c60 x21:0xffff4a9f PA:0x80025cb4 store:0xffff4a9f load:0xffffffff
     1412375000	     70517	800027e2	0569ac23	sw	x22,88(x19)	 x19:0x80025c60 x22:0x8ffffff8 PA:0x80025cb8 store:0x8ffffff8 load:0xffffffff
     1412435000	     70520	800027e6	0579ae23	sw	x23,92(x19)	 x19:0x80025c60 x23:0x00000000 PA:0x80025cbc store:0x00000000 load:0xffffffff
     1412575000	     70527	800027ea	0789a023	sw	x24,96(x19)	 x19:0x80025c60 x24:0x80000000 PA:0x80025cc0 store:0x80000000 load:0xffffffff
     1412835000	     70540	800027ee	0799a223	sw	x25,100(x19)	 x19:0x80025c60 x25:0x0000000e PA:0x80025cc4 store:0x0000000e load:0xffffffff
     1413455000	     70571	800027f2	07a9a423	sw	x26,104(x19)	 x19:0x80025c60 x26:0x80025ce0 PA:0x80025cc8 store:0x80025ce0 load:0xffffffff
     1413795000	     70588	800027f6	07b9a623	sw	x27,108(x19)	 x19:0x80025c60 x27:0x7ae97da5 PA:0x80025ccc store:0x7ae97da5 load:0xffffffff
     1414055000	     70601	800027fa	07c9a823	sw	x28,112(x19)	 x19:0x80025c60 x28:0xfffffba8 PA:0x80025cd0 store:0xfffffba8 load:0xffffffff
     1414235000	     70610	800027fe	07d9aa23	sw	x29,116(x19)	 x19:0x80025c60 x29:0x021e770e PA:0x80025cd4 store:0x021e770e load:0xffffffff
     1414295000	     70613	80002802	07e9ac23	sw	x30,120(x19)	 x19:0x80025c60 x30:0x00000000 PA:0x80025cd8 store:0x00000000 load:0xffffffff
     1414375000	     70617	80002806	07f9ae23	sw	x31,124(x19)	 x19:0x80025c60 x31:0xffffffff PA:0x80025cdc store:0xffffffff load:0xffffffff
     1414395000	     70618	8000280a	00098d33	add	x26,x19,x0	 x19:0x80025c60  x0:0x00000000 x26=0x80025c60
     1414415000	     70619	8000280e	90000b37	lui	x22,0x90000	 x22=0x90000000
     1414435000	     70620	80002812	1b71	c.addi	x22,-4	 x22:0x90000000 x22=0x8ffffffc
     1414455000	     70621	80002814	4621	c.li	x12,8	 x12=0x00000008
     1414475000	     70622	80002816	0622	c.slli	x12,0x8	 x12:0x00000008 x12=0x00000800
     1414495000	     70623	80002818	00060613	addi	x12,x12,0	 x12:0x00000800 x12=0x00000800
     1414555000	     70626	8000281c	00cb2023	sw	x12,0(x22)	 x22:0x8ffffffc x12:0x00000800 PA:0x8ffffffc store:0x00000800 load:0xffffffff
     1414575000	     70627	80002820	34102673	csrrs	x12,mepc,x0	  x0:0x00000000 x12=0x80000382
     1414815000	     70639	80002824	34202673	csrrs	x12,mcause,x0	  x0:0x00000000 x12=0x0000000b
     1415235000	     70660	80002828	4b0d	c.li	x22,3	 x22=0x00000003
     1415295000	     70663	8000282a	01661463	bne	x12,x22,80002832	 x12:0x0000000b x22:0x00000003
     1415815000	     70689	80002832	4b21	c.li	x22,8	 x22=0x00000008
     1415835000	     70690	80002834	05660d63	beq	x12,x22,8000288e	 x12:0x0000000b x22:0x00000008
     1416255000	     70711	80002838	4b25	c.li	x22,9	 x22=0x00000009
     1416395000	     70718	8000283a	05660a63	beq	x12,x22,8000288e	 x12:0x0000000b x22:0x00000009
     1416415000	     70719	8000283e	4b2d	c.li	x22,11	 x22=0x0000000b
     1416435000	     70720	80002840	05660763	beq	x12,x22,8000288e	 x12:0x0000000b x22:0x0000000b
     1416875000	     70742	8000288e	90000b37	lui	x22,0x90000	 x22=0x90000000
     1416895000	     70743	80002892	1b71	c.addi	x22,-4	 x22:0x90000000 x22=0x8ffffffc
     1417215000	     70759	80002894	6605	c.lui	x12,0x1	 x12=0x00001000
     1417415000	     70769	80002896	b0060613	addi	x12,x12,-1280	 x12:0x00001000 x12=0x00000b00
     1417435000	     70770	8000289a	0622	c.slli	x12,0x8	 x12:0x00000b00 x12=0x000b0000
     1417455000	     70771	8000289c	060d	c.addi	x12,3	 x12:0x000b0000 x12=0x000b0003
     1417795000	     70788	8000289e	00cb2023	sw	x12,0(x22)	 x22:0x8ffffffc x12:0x000b0003 PA:0x8ffffffc store:0x000b0003 load:0xffffffff
     1417815000	     70789	800028a2	b0002673	csrrs	x12,mcycle,x0	  x0:0x00000000 x12=0x00011482
     1417895000	     70793	800028a6	00cb2023	sw	x12,0(x22)	 x22:0x8ffffffc x12:0x00011482 PA:0x8ffffffc store:0x00011482 load:0xffffffff
     1417915000	     70794	800028aa	90000b37	lui	x22,0x90000	 x22=0x90000000
     1417935000	     70795	800028ae	1b71	c.addi	x22,-4	 x22:0x90000000 x22=0x8ffffffc
     1417975000	     70797	800028b0	6605	c.lui	x12,0x1	 x12=0x00001000
     1418115000	     70804	800028b2	b8060613	addi	x12,x12,-1152	 x12:0x00001000 x12=0x00000b80
     1418135000	     70805	800028b6	0622	c.slli	x12,0x8	 x12:0x00000b80 x12=0x000b8000
     1418155000	     70806	800028b8	060d	c.addi	x12,3	 x12:0x000b8000 x12=0x000b8003
     1418735000	     70835	800028ba	00cb2023	sw	x12,0(x22)	 x22:0x8ffffffc x12:0x000b8003 PA:0x8ffffffc store:0x000b8003 load:0xffffffff
     1418755000	     70836	800028be	b8002673	csrrs	x12,mcycleh,x0	  x0:0x00000000 x12=0x00000000
     1419155000	     70856	800028c2	00cb2023	sw	x12,0(x22)	 x22:0x8ffffffc x12:0x00000000 PA:0x8ffffffc store:0x00000000 load:0xffffffff
     1419175000	     70857	800028c6	90000b37	lui	x22,0x90000	 x22=0x90000000
     1419195000	     70858	800028ca	1b71	c.addi	x22,-4	 x22:0x90000000 x22=0x8ffffffc
     1419215000	     70859	800028cc	6605	c.lui	x12,0x1	 x12=0x00001000
     1419235000	     70860	800028ce	b0360613	addi	x12,x12,-1277	 x12:0x00001000 x12=0x00000b03
     1419255000	     70861	800028d2	0622	c.slli	x12,0x8	 x12:0x00000b03 x12=0x000b0300
     1419275000	     70862	800028d4	060d	c.addi	x12,3	 x12:0x000b0300 x12=0x000b0303
     1419735000	     70885	800028d6	00cb2023	sw	x12,0(x22)	 x22:0x8ffffffc x12:0x000b0303 PA:0x8ffffffc store:0x000b0303 load:0xffffffff
     1419755000	     70886	800028da	b0302673	csrrs	x12,mhpmcounter3,x0	  x0:0x00000000 x12=0x000000df
     1419815000	     70889	800028de	00cb2023	sw	x12,0(x22)	 x22:0x8ffffffc x12:0x000000df PA:0x8ffffffc store:0x000000df load:0xffffffff
     1419835000	     70890	800028e2	90000b37	lui	x22,0x90000	 x22=0x90000000
     1419855000	     70891	800028e6	1b71	c.addi	x22,-4	 x22:0x90000000 x22=0x8ffffffc
     1419875000	     70892	800028e8	6605	c.lui	x12,0x1	 x12=0x00001000
     1419895000	     70893	800028ea	b8360613	addi	x12,x12,-1149	 x12:0x00001000 x12=0x00000b83
     1419915000	     70894	800028ee	0622	c.slli	x12,0x8	 x12:0x00000b83 x12=0x000b8300
     1420215000	     70909	800028f0	060d	c.addi	x12,3	 x12:0x000b8300 x12=0x000b8303
     1420355000	     70916	800028f2	00cb2023	sw	x12,0(x22)	 x22:0x8ffffffc x12:0x000b8303 PA:0x8ffffffc store:0x000b8303 load:0xffffffff
     1420375000	     70917	800028f6	b8302673	csrrs	x12,mhpmcounter3h,x0	  x0:0x00000000 x12=0x00000000
     1420475000	     70922	800028fa	00cb2023	sw	x12,0(x22)	 x22:0x8ffffffc x12:0x00000000 PA:0x8ffffffc store:0x00000000 load:0xffffffff
     1420635000	     70930	800028fe	90000b37	lui	x22,0x90000	 x22=0x90000000
     1420655000	     70931	80002902	1b71	c.addi	x22,-4	 x22:0x90000000 x22=0x8ffffffc
     1420675000	     70932	80002904	6605	c.lui	x12,0x1	 x12=0x00001000
     1421075000	     70952	80002906	b0460613	addi	x12,x12,-1276	 x12:0x00001000 x12=0x00000b04
     1421095000	     70953	8000290a	0622	c.slli	x12,0x8	 x12:0x00000b04 x12=0x000b0400
     1421255000	     70961	8000290c	060d	c.addi	x12,3	 x12:0x000b0400 x12=0x000b0403
     1421455000	     70971	8000290e	00cb2023	sw	x12,0(x22)	 x22:0x8ffffffc x12:0x000b0403 PA:0x8ffffffc store:0x000b0403 load:0xffffffff
     1421475000	     70972	80002912	b0402673	csrrs	x12,mhpmcounter4,x0	  x0:0x00000000 x12=0x000081d0
     1421535000	     70975	80002916	00cb2023	sw	x12,0(x22)	 x22:0x8ffffffc x12:0x000081d0 PA:0x8ffffffc store:0x000081d0 load:0xffffffff
     1421575000	     70977	8000291a	90000b37	lui	x22,0x90000	 x22=0x90000000
     1421595000	     70978	8000291e	1b71	c.addi	x22,-4	 x22:0x90000000 x22=0x8ffffffc
     1421795000	     70988	80002920	6605	c.lui	x12,0x1	 x12=0x00001000
     1421815000	     70989	80002922	b8460613	addi	x12,x12,-1148	 x12:0x00001000 x12=0x00000b84
     1421835000	     70990	80002926	0622	c.slli	x12,0x8	 x12:0x00000b84 x12=0x000b8400
     1422135000	     71005	80002928	060d	c.addi	x12,3	 x12:0x000b8400 x12=0x000b8403
     1422375000	     71017	8000292a	00cb2023	sw	x12,0(x22)	 x22:0x8ffffffc x12:0x000b8403 PA:0x8ffffffc store:0x000b8403 load:0xffffffff
     1422435000	     71020	8000292e	b8402673	csrrs	x12,mhpmcounter4h,x0	  x0:0x00000000 x12=0x00000000
     1422595000	     71028	80002932	00cb2023	sw	x12,0(x22)	 x22:0x8ffffffc x12:0x00000000 PA:0x8ffffffc store:0x00000000 load:0xffffffff
     1422615000	     71029	80002936	90000b37	lui	x22,0x90000	 x22=0x90000000
     1422635000	     71030	8000293a	1b71	c.addi	x22,-4	 x22:0x90000000 x22=0x8ffffffc
     1422915000	     71044	8000293c	6605	c.lui	x12,0x1	 x12=0x00001000
     1422935000	     71045	8000293e	b0560613	addi	x12,x12,-1275	 x12:0x00001000 x12=0x00000b05
     1422955000	     71046	80002942	0622	c.slli	x12,0x8	 x12:0x00000b05 x12=0x000b0500
     1422975000	     71047	80002944	060d	c.addi	x12,3	 x12:0x000b0500 x12=0x000b0503
