Time	Cycle	PC	Insn	Decoded instruction	Register and memory contents
        5169000	       156	80000080	40001337	lui	x6,0x40001	  x6=0x40001000
        5189000	       157	80000084	10630313	addi	x6,x6,262	  x6:0x40001000  x6=0x40001106
        5209000	       158	80000088	30131073	csrrw	x0,misa,x6	  x6:0x40001106  x0=0x00000000
        5269000	       161	8000008c	0002d717	auipc	x14,0x2d	 x14=0x8002d08c
        5409000	       168	80000090	c5870713	addi	x14,x14,-936	 x14:0x8002d08c x14=0x8002cce4
        5509000	       173	80000094	00002317	auipc	x6,0x2	  x6=0x80002094
        5529000	       174	80000098	76c30313	addi	x6,x6,1900	  x6:0x80002094  x6=0x80002800
        5549000	       175	8000009c	00136313	ori	x6,x6,1	  x6:0x80002800  x6=0x80002801
        5569000	       176	800000a0	30531073	csrrw	x0,mtvec,x6	  x6:0x80002801  x0=0x00000000
        5709000	       183	800000a4	74725073	csrrwi	x0,0x747,4	  x0=0x00000000
        5769000	       186	800000a8	00003117	auipc	x2,0x3	  x2=0x800030a8
        5789000	       187	800000ac	4fc10113	addi	x2,x2,1276	  x2:0x800030a8  x2=0x800035a4
        5809000	       188	800000b0	4301	c.li	x6,0	  x6=0x00000000
        5829000	       189	800000b2	911a	c.add	x2,x6	  x2:0x800035a4  x6:0x00000000  x2=0x800035a4
        5849000	       190	800000b4	00215113	srli	x2,x2,0x2	  x2:0x800035a4  x2=0x20000d69
        5889000	       192	800000b8	3b011073	csrrw	x0,pmpaddr0,x2	  x2:0x20000d69  x0=0x00000000
        5949000	       195	800000bc	00003117	auipc	x2,0x3	  x2=0x800030bc
        6209000	       208	800000c0	4e810113	addi	x2,x2,1256	  x2:0x800030bc  x2=0x800035a4
        6229000	       209	800000c4	6309	c.lui	x6,0x2	  x6=0x00002000
        6589000	       227	800000c6	66630313	addi	x6,x6,1638	  x6:0x00002000  x6=0x00002666
        6609000	       228	800000ca	911a	c.add	x2,x6	  x2:0x800035a4  x6:0x00002666  x2=0x80005c0a
        6629000	       229	800000cc	00215113	srli	x2,x2,0x2	  x2:0x80005c0a  x2=0x20001702
        6649000	       230	800000d0	3b111073	csrrw	x0,pmpaddr1,x2	  x2:0x20001702  x0=0x00000000
        6709000	       233	800000d4	00003117	auipc	x2,0x3	  x2=0x800030d4
        6729000	       234	800000d8	4d010113	addi	x2,x2,1232	  x2:0x800030d4  x2=0x800035a4
        7089000	       252	800000dc	6315	c.lui	x6,0x5	  x6=0x00005000
        7109000	       253	800000de	ccc30313	addi	x6,x6,-820	  x6:0x00005000  x6=0x00004ccc
        7129000	       254	800000e2	911a	c.add	x2,x6	  x2:0x800035a4  x6:0x00004ccc  x2=0x80008270
        7149000	       255	800000e4	00215113	srli	x2,x2,0x2	  x2:0x80008270  x2=0x2000209c
        7169000	       256	800000e8	3b211073	csrrw	x0,pmpaddr2,x2	  x2:0x2000209c  x0=0x00000000
        7269000	       261	800000ec	00003117	auipc	x2,0x3	  x2=0x800030ec
        7309000	       263	800000f0	4b810113	addi	x2,x2,1208	  x2:0x800030ec  x2=0x800035a4
        7409000	       268	800000f4	631d	c.lui	x6,0x7	  x6=0x00007000
        7429000	       269	800000f6	33230313	addi	x6,x6,818	  x6:0x00007000  x6=0x00007332
        7449000	       270	800000fa	911a	c.add	x2,x6	  x2:0x800035a4  x6:0x00007332  x2=0x8000a8d6
        7469000	       271	800000fc	00215113	srli	x2,x2,0x2	  x2:0x8000a8d6  x2=0x20002a35
        7789000	       287	80000100	3b311073	csrrw	x0,pmpaddr3,x2	  x2:0x20002a35  x0=0x00000000
        7849000	       290	80000104	0f0f1137	lui	x2,0xf0f1	  x2=0x0f0f1000
        7869000	       291	80000108	f0f10113	addi	x2,x2,-241	  x2:0x0f0f1000  x2=0x0f0f0f0f
        7889000	       292	8000010c	3a011073	csrrw	x0,pmpcfg0,x2	  x2:0x0f0f0f0f  x0=0x00000000
        7949000	       295	80000110	00003117	auipc	x2,0x3	  x2=0x80003110
        7969000	       296	80000114	49410113	addi	x2,x2,1172	  x2:0x80003110  x2=0x800035a4
        7989000	       297	80000118	6329	c.lui	x6,0xa	  x6=0x0000a000
        8009000	       298	8000011a	99830313	addi	x6,x6,-1640	  x6:0x0000a000  x6=0x00009998
        8029000	       299	8000011e	911a	c.add	x2,x6	  x2:0x800035a4  x6:0x00009998  x2=0x8000cf3c
        8369000	       316	80000120	00215113	srli	x2,x2,0x2	  x2:0x8000cf3c  x2=0x200033cf
        8649000	       330	80000124	3b411073	csrrw	x0,pmpaddr4,x2	  x2:0x200033cf  x0=0x00000000
        8709000	       333	80000128	00003117	auipc	x2,0x3	  x2=0x80003128
        8729000	       334	8000012c	47c10113	addi	x2,x2,1148	  x2:0x80003128  x2=0x800035a4
        8749000	       335	80000130	6331	c.lui	x6,0xc	  x6=0x0000c000
        8769000	       336	80000132	1379	c.addi	x6,-2	  x6:0x0000c000  x6=0x0000bffe
        8789000	       337	80000134	911a	c.add	x2,x6	  x2:0x800035a4  x6:0x0000bffe  x2=0x8000f5a2
        8809000	       338	80000136	00215113	srli	x2,x2,0x2	  x2:0x8000f5a2  x2=0x20003d68
        9129000	       354	8000013a	3b511073	csrrw	x0,pmpaddr5,x2	  x2:0x20003d68  x0=0x00000000
        9189000	       357	8000013e	00003117	auipc	x2,0x3	  x2=0x8000313e
        9209000	       358	80000142	46610113	addi	x2,x2,1126	  x2:0x8000313e  x2=0x800035a4
        9229000	       359	80000146	6339	c.lui	x6,0xe	  x6=0x0000e000
        9249000	       360	80000148	66430313	addi	x6,x6,1636	  x6:0x0000e000  x6=0x0000e664
        9269000	       361	8000014c	911a	c.add	x2,x6	  x2:0x800035a4  x6:0x0000e664  x2=0x80011c08
        9289000	       362	8000014e	00215113	srli	x2,x2,0x2	  x2:0x80011c08  x2=0x20004702
        9429000	       369	80000152	3b611073	csrrw	x0,pmpaddr6,x2	  x2:0x20004702  x0=0x00000000
        9829000	       389	80000156	00003117	auipc	x2,0x3	  x2=0x80003156
        9869000	       391	8000015a	44e10113	addi	x2,x2,1102	  x2:0x80003156  x2=0x800035a4
        9889000	       392	8000015e	6345	c.lui	x6,0x11	  x6=0x00011000
        9949000	       395	80000160	cca30313	addi	x6,x6,-822	  x6:0x00011000  x6=0x00010cca
        9969000	       396	80000164	911a	c.add	x2,x6	  x2:0x800035a4  x6:0x00010cca  x2=0x8001426e
        9989000	       397	80000166	00215113	srli	x2,x2,0x2	  x2:0x8001426e  x2=0x2000509b
       10009000	       398	8000016a	3b711073	csrrw	x0,pmpaddr7,x2	  x2:0x2000509b  x0=0x00000000
       10129000	       404	8000016e	0f0f1137	lui	x2,0xf0f1	  x2=0x0f0f1000
       10249000	       410	80000172	f0f10113	addi	x2,x2,-241	  x2:0x0f0f1000  x2=0x0f0f0f0f
       10269000	       411	80000176	3a111073	csrrw	x0,pmpcfg1,x2	  x2:0x0f0f0f0f  x0=0x00000000
       10369000	       416	8000017a	00003117	auipc	x2,0x3	  x2=0x8000317a
       10389000	       417	8000017e	42a10113	addi	x2,x2,1066	  x2:0x8000317a  x2=0x800035a4
       10409000	       418	80000182	634d	c.lui	x6,0x13	  x6=0x00013000
       10429000	       419	80000184	33030313	addi	x6,x6,816	  x6:0x00013000  x6=0x00013330
       10449000	       420	80000188	911a	c.add	x2,x6	  x2:0x800035a4  x6:0x00013330  x2=0x800168d4
       10509000	       423	8000018a	00215113	srli	x2,x2,0x2	  x2:0x800168d4  x2=0x20005a35
       10629000	       429	8000018e	3b811073	csrrw	x0,pmpaddr8,x2	  x2:0x20005a35  x0=0x00000000
       10689000	       432	80000192	00003117	auipc	x2,0x3	  x2=0x80003192
       10809000	       438	80000196	41210113	addi	x2,x2,1042	  x2:0x80003192  x2=0x800035a4
       10829000	       439	8000019a	6359	c.lui	x6,0x16	  x6=0x00016000
       10869000	       441	8000019c	99630313	addi	x6,x6,-1642	  x6:0x00016000  x6=0x00015996
       11289000	       462	800001a0	911a	c.add	x2,x6	  x2:0x800035a4  x6:0x00015996  x2=0x80018f3a
       11709000	       483	800001a2	00215113	srli	x2,x2,0x2	  x2:0x80018f3a  x2=0x200063ce
       11729000	       484	800001a6	3b911073	csrrw	x0,pmpaddr9,x2	  x2:0x200063ce  x0=0x00000000
       12149000	       505	800001aa	00003117	auipc	x2,0x3	  x2=0x800031aa
       12169000	       506	800001ae	3fa10113	addi	x2,x2,1018	  x2:0x800031aa  x2=0x800035a4
       12189000	       507	800001b2	6361	c.lui	x6,0x18	  x6=0x00018000
       12209000	       508	800001b4	1371	c.addi	x6,-4	  x6:0x00018000  x6=0x00017ffc
       12229000	       509	800001b6	911a	c.add	x2,x6	  x2:0x800035a4  x6:0x00017ffc  x2=0x8001b5a0
       12609000	       528	800001b8	00215113	srli	x2,x2,0x2	  x2:0x8001b5a0  x2=0x20006d68
       12649000	       530	800001bc	3ba11073	csrrw	x0,pmpaddr10,x2	  x2:0x20006d68  x0=0x00000000
       12709000	       533	800001c0	00003117	auipc	x2,0x3	  x2=0x800031c0
       12729000	       534	800001c4	3e410113	addi	x2,x2,996	  x2:0x800031c0  x2=0x800035a4
       12749000	       535	800001c8	6369	c.lui	x6,0x1a	  x6=0x0001a000
       12889000	       542	800001ca	66230313	addi	x6,x6,1634	  x6:0x0001a000  x6=0x0001a662
       12909000	       543	800001ce	911a	c.add	x2,x6	  x2:0x800035a4  x6:0x0001a662  x2=0x8001dc06
       13309000	       563	800001d0	00215113	srli	x2,x2,0x2	  x2:0x8001dc06  x2=0x20007701
       13389000	       567	800001d4	3bb11073	csrrw	x0,pmpaddr11,x2	  x2:0x20007701  x0=0x00000000
       13789000	       587	800001d8	0f0f1137	lui	x2,0xf0f1	  x2=0x0f0f1000
       13809000	       588	800001dc	f0f10113	addi	x2,x2,-241	  x2:0x0f0f1000  x2=0x0f0f0f0f
       13829000	       589	800001e0	3a211073	csrrw	x0,pmpcfg2,x2	  x2:0x0f0f0f0f  x0=0x00000000
       13889000	       592	800001e4	00003117	auipc	x2,0x3	  x2=0x800031e4
       14269000	       611	800001e8	3c010113	addi	x2,x2,960	  x2:0x800031e4  x2=0x800035a4
       14289000	       612	800001ec	6375	c.lui	x6,0x1d	  x6=0x0001d000
       14709000	       633	800001ee	cc830313	addi	x6,x6,-824	  x6:0x0001d000  x6=0x0001ccc8
       14729000	       634	800001f2	911a	c.add	x2,x6	  x2:0x800035a4  x6:0x0001ccc8  x2=0x8002026c
       14749000	       635	800001f4	00215113	srli	x2,x2,0x2	  x2:0x8002026c  x2=0x2000809b
       14769000	       636	800001f8	3bc11073	csrrw	x0,pmpaddr12,x2	  x2:0x2000809b  x0=0x00000000
       14829000	       639	800001fc	00003117	auipc	x2,0x3	  x2=0x800031fc
       14929000	       644	80000200	3a810113	addi	x2,x2,936	  x2:0x800031fc  x2=0x800035a4
       14949000	       645	80000204	637d	c.lui	x6,0x1f	  x6=0x0001f000
       15169000	       656	80000206	32e30313	addi	x6,x6,814	  x6:0x0001f000  x6=0x0001f32e
       15189000	       657	8000020a	911a	c.add	x2,x6	  x2:0x800035a4  x6:0x0001f32e  x2=0x800228d2
       15209000	       658	8000020c	00215113	srli	x2,x2,0x2	  x2:0x800228d2  x2=0x20008a34
       15309000	       663	80000210	3bd11073	csrrw	x0,pmpaddr13,x2	  x2:0x20008a34  x0=0x00000000
       15569000	       676	80000214	00003117	auipc	x2,0x3	  x2=0x80003214
       15589000	       677	80000218	39010113	addi	x2,x2,912	  x2:0x80003214  x2=0x800035a4
       15769000	       686	8000021c	00022337	lui	x6,0x22	  x6=0x00022000
       16189000	       707	80000220	99430313	addi	x6,x6,-1644	  x6:0x00022000  x6=0x00021994
       16289000	       712	80000224	911a	c.add	x2,x6	  x2:0x800035a4  x6:0x00021994  x2=0x80024f38
       16309000	       713	80000226	00215113	srli	x2,x2,0x2	  x2:0x80024f38  x2=0x200093ce
       16329000	       714	8000022a	3be11073	csrrw	x0,pmpaddr14,x2	  x2:0x200093ce  x0=0x00000000
       16389000	       717	8000022e	00003117	auipc	x2,0x3	  x2=0x8000322e
       16509000	       723	80000232	37610113	addi	x2,x2,886	  x2:0x8000322e  x2=0x800035a4
       16529000	       724	80000236	00024337	lui	x6,0x24	  x6=0x00024000
       16549000	       725	8000023a	1369	c.addi	x6,-6	  x6:0x00024000  x6=0x00023ffa
       16589000	       727	8000023c	911a	c.add	x2,x6	  x2:0x800035a4  x6:0x00023ffa  x2=0x8002759e
       16609000	       728	8000023e	00215113	srli	x2,x2,0x2	  x2:0x8002759e  x2=0x20009d67
       16629000	       729	80000242	3bf11073	csrrw	x0,pmpaddr15,x2	  x2:0x20009d67  x0=0x00000000
       16689000	       732	80000246	0f0f1137	lui	x2,0xf0f1	  x2=0x0f0f1000
       16889000	       742	8000024a	f0f10113	addi	x2,x2,-241	  x2:0x0f0f1000  x2=0x0f0f0f0f
       16909000	       743	8000024e	3a311073	csrrw	x0,pmpcfg3,x2	  x2:0x0f0f0f0f  x0=0x00000000
       16969000	       746	80000252	74705073	csrrwi	x0,0x747,0	  x0=0x00000000
       17029000	       749	80000256	2b708137	lui	x2,0x2b708	  x2=0x2b708000
       17049000	       750	8000025a	0a410113	addi	x2,x2,164	  x2:0x2b708000  x2=0x2b7080a4
       17069000	       751	8000025e	00003897	auipc	x17,0x3	 x17=0x8000325e
       17089000	       752	80000262	34688893	addi	x17,x17,838	 x17:0x8000325e x17=0x800035a4
       17109000	       753	80000266	9146	c.add	x2,x17	  x2:0x2b7080a4 x17:0x800035a4  x2=0xab70b648
       17209000	       758	80000268	3b011173	csrrw	x2,pmpaddr0,x2	  x2:0xab70b648  x2=0x20000d69
       17569000	       776	8000026c	3b011173	csrrw	x2,pmpaddr0,x2	  x2:0x20000d69  x2=0xab70b648
       17629000	       779	80000270	3b712137	lui	x2,0x3b712	  x2=0x3b712000
       18009000	       798	80000274	d0f10113	addi	x2,x2,-753	  x2:0x3b712000  x2=0x3b711d0f
       18029000	       799	80000278	3a011173	csrrw	x2,pmpcfg0,x2	  x2:0x3b711d0f  x2=0x0f0f0f0f
       18089000	       802	8000027c	3a011173	csrrw	x2,pmpcfg0,x2	  x2:0x0f0f0f0f  x2=0x1b111d0f
       18149000	       805	80000280	60e47137	lui	x2,0x60e47	  x2=0x60e47000
       18449000	       820	80000284	74c10113	addi	x2,x2,1868	  x2:0x60e47000  x2=0x60e4774c
       18569000	       826	80000288	00003897	auipc	x17,0x3	 x17=0x80003288
       18589000	       827	8000028c	31c88893	addi	x17,x17,796	 x17:0x80003288 x17=0x800035a4
       18609000	       828	80000290	9146	c.add	x2,x17	  x2:0x60e4774c x17:0x800035a4  x2=0xe0e4acf0
       18629000	       829	80000292	3b111173	csrrw	x2,pmpaddr1,x2	  x2:0xe0e4acf0  x2=0x20001702
       18689000	       832	80000296	3b111173	csrrw	x2,pmpaddr1,x2	  x2:0x20001702  x2=0xe0e4acf0
       18749000	       835	8000029a	50756137	lui	x2,0x50756	  x2=0x50756000
       18769000	       836	8000029e	013d	c.addi	x2,15	  x2:0x50756000  x2=0x5075600f
       18889000	       842	800002a0	3a011173	csrrw	x2,pmpcfg0,x2	  x2:0x5075600f  x2=0x0f0f0f0f
       18949000	       845	800002a4	3a011173	csrrw	x2,pmpcfg0,x2	  x2:0x0f0f0f0f  x2=0x1015000f
       19089000	       852	800002a8	7bc9b137	lui	x2,0x7bc9b	  x2=0x7bc9b000
       19229000	       859	800002ac	b4310113	addi	x2,x2,-1213	  x2:0x7bc9b000  x2=0x7bc9ab43
       19249000	       860	800002b0	00003897	auipc	x17,0x3	 x17=0x800032b0
       19269000	       861	800002b4	2f488893	addi	x17,x17,756	 x17:0x800032b0 x17=0x800035a4
       19689000	       882	800002b8	9146	c.add	x2,x17	  x2:0x7bc9ab43 x17:0x800035a4  x2=0xfbc9e0e7
       19709000	       883	800002ba	3b211173	csrrw	x2,pmpaddr2,x2	  x2:0xfbc9e0e7  x2=0x2000209c
       19769000	       886	800002be	3b211173	csrrw	x2,pmpaddr2,x2	  x2:0x2000209c  x2=0xfbc9e0e7
       19829000	       889	800002c2	497d2137	lui	x2,0x497d2	  x2=0x497d2000
       19849000	       890	800002c6	80f10113	addi	x2,x2,-2033	  x2:0x497d2000  x2=0x497d180f
       19869000	       891	800002ca	3a011173	csrrw	x2,pmpcfg0,x2	  x2:0x497d180f  x2=0x0f0f0f0f
       19989000	       897	800002ce	3a011173	csrrw	x2,pmpcfg0,x2	  x2:0x0f0f0f0f  x2=0x091d180f
       20049000	       900	800002d2	4c0b1137	lui	x2,0x4c0b1	  x2=0x4c0b1000
       20069000	       901	800002d6	07610113	addi	x2,x2,118	  x2:0x4c0b1000  x2=0x4c0b1076
       20089000	       902	800002da	00003897	auipc	x17,0x3	 x17=0x800032da
       20169000	       906	800002de	2ca88893	addi	x17,x17,714	 x17:0x800032da x17=0x800035a4
       20189000	       907	800002e2	9146	c.add	x2,x17	  x2:0x4c0b1076 x17:0x800035a4  x2=0xcc0b461a
       20589000	       927	800002e4	3b311173	csrrw	x2,pmpaddr3,x2	  x2:0xcc0b461a  x2=0x20002a35
       20749000	       935	800002e8	3b311173	csrrw	x2,pmpaddr3,x2	  x2:0x20002a35  x2=0xcc0b461a
       20829000	       939	800002ec	5c606137	lui	x2,0x5c606	  x2=0x5c606000
       20849000	       940	800002f0	013d	c.addi	x2,15	  x2:0x5c606000  x2=0x5c60600f
       21269000	       961	800002f2	3a011173	csrrw	x2,pmpcfg0,x2	  x2:0x5c60600f  x2=0x0f0f0f0f
       21329000	       964	800002f6	3a011173	csrrw	x2,pmpcfg0,x2	  x2:0x0f0f0f0f  x2=0x1c00000f
       21389000	       967	800002fa	285a6137	lui	x2,0x285a6	  x2=0x285a6000
       21409000	       968	800002fe	fbb10113	addi	x2,x2,-69	  x2:0x285a6000  x2=0x285a5fbb
       21449000	       970	80000302	00003897	auipc	x17,0x3	 x17=0x80003302
       21469000	       971	80000306	2a288893	addi	x17,x17,674	 x17:0x80003302 x17=0x800035a4
       21489000	       972	8000030a	9146	c.add	x2,x17	  x2:0x285a5fbb x17:0x800035a4  x2=0xa85a955f
       21509000	       973	8000030c	3b411173	csrrw	x2,pmpaddr4,x2	  x2:0xa85a955f  x2=0x200033cf
       21789000	       987	80000310	3b411173	csrrw	x2,pmpaddr4,x2	  x2:0x200033cf  x2=0xa85a955f
       21849000	       990	80000314	74552137	lui	x2,0x74552	  x2=0x74552000
       22229000	      1009	80000318	016d	c.addi	x2,27	  x2:0x74552000  x2=0x7455201b
       22409000	      1018	8000031a	3a111173	csrrw	x2,pmpcfg1,x2	  x2:0x7455201b  x2=0x0f0f0f0f
       22589000	      1027	8000031e	3a111173	csrrw	x2,pmpcfg1,x2	  x2:0x0f0f0f0f  x2=0x1415001b
       22669000	      1031	80000322	077bb137	lui	x2,0x77bb	  x2=0x077bb000
       22689000	      1032	80000326	4ac10113	addi	x2,x2,1196	  x2:0x077bb000  x2=0x077bb4ac
       22709000	      1033	8000032a	00003897	auipc	x17,0x3	 x17=0x8000332a
       22729000	      1034	8000032e	27a88893	addi	x17,x17,634	 x17:0x8000332a x17=0x800035a4
       22749000	      1035	80000332	9146	c.add	x2,x17	  x2:0x077bb4ac x17:0x800035a4  x2=0x877bea50
       22769000	      1036	80000334	3b511173	csrrw	x2,pmpaddr5,x2	  x2:0x877bea50  x2=0x20003d68
       22829000	      1039	80000338	3b511173	csrrw	x2,pmpaddr5,x2	  x2:0x20003d68  x2=0x877bea50
       22889000	      1042	8000033c	0f2c6137	lui	x2,0xf2c6	  x2=0x0f2c6000
       23449000	      1070	80000340	02310113	addi	x2,x2,35	  x2:0x0f2c6000  x2=0x0f2c6023
       23469000	      1071	80000344	3a111173	csrrw	x2,pmpcfg1,x2	  x2:0x0f2c6023  x2=0x0f0f0f0f
       23569000	      1076	80000348	3a111173	csrrw	x2,pmpcfg1,x2	  x2:0x0f0f0f0f  x2=0x0f0c0003
       23629000	      1079	8000034c	2c517137	lui	x2,0x2c517	  x2=0x2c517000
       23649000	      1080	80000350	f4310113	addi	x2,x2,-189	  x2:0x2c517000  x2=0x2c516f43
       23669000	      1081	80000354	00003897	auipc	x17,0x3	 x17=0x80003354
       23709000	      1083	80000358	25088893	addi	x17,x17,592	 x17:0x80003354 x17=0x800035a4
       23789000	      1087	8000035c	9146	c.add	x2,x17	  x2:0x2c516f43 x17:0x800035a4  x2=0xac51a4e7
       23829000	      1089	8000035e	3b611173	csrrw	x2,pmpaddr6,x2	  x2:0xac51a4e7  x2=0x20004702
       24229000	      1109	80000362	3b611173	csrrw	x2,pmpaddr6,x2	  x2:0x20004702  x2=0xac51a4e7
       24289000	      1112	80000366	4c4f0137	lui	x2,0x4c4f0	  x2=0x4c4f0000
       24309000	      1113	8000036a	30710113	addi	x2,x2,775	  x2:0x4c4f0000  x2=0x4c4f0307
       24709000	      1133	8000036e	3a111173	csrrw	x2,pmpcfg1,x2	  x2:0x4c4f0307  x2=0x0f0f0f0f
       24789000	      1137	80000372	3a111173	csrrw	x2,pmpcfg1,x2	  x2:0x0f0f0f0f  x2=0x0c0f0307
       24849000	      1140	80000376	70a8f137	lui	x2,0x70a8f	  x2=0x70a8f000
       24869000	      1141	8000037a	53410113	addi	x2,x2,1332	  x2:0x70a8f000  x2=0x70a8f534
       24889000	      1142	8000037e	00003897	auipc	x17,0x3	 x17=0x8000337e
       25269000	      1161	80000382	22688893	addi	x17,x17,550	 x17:0x8000337e x17=0x800035a4
       25289000	      1162	80000386	9146	c.add	x2,x17	  x2:0x70a8f534 x17:0x800035a4  x2=0xf0a92ad8
       25609000	      1178	80000388	3b711173	csrrw	x2,pmpaddr7,x2	  x2:0xf0a92ad8  x2=0x2000509b
       25669000	      1181	8000038c	3b711173	csrrw	x2,pmpaddr7,x2	  x2:0x2000509b  x2=0xf0a92ad8
       25729000	      1184	80000390	78142137	lui	x2,0x78142	  x2=0x78142000
       26069000	      1201	80000394	c6410113	addi	x2,x2,-924	  x2:0x78142000  x2=0x78141c64
       26109000	      1203	80000398	3a111173	csrrw	x2,pmpcfg1,x2	  x2:0x78141c64  x2=0x0f0f0f0f
       26269000	      1211	8000039c	3a111173	csrrw	x2,pmpcfg1,x2	  x2:0x0f0f0f0f  x2=0x18141c04
       26689000	      1232	800003a0	7ac6b137	lui	x2,0x7ac6b	  x2=0x7ac6b000
       26729000	      1234	800003a4	f0c10113	addi	x2,x2,-244	  x2:0x7ac6b000  x2=0x7ac6af0c
       26749000	      1235	800003a8	00003897	auipc	x17,0x3	 x17=0x800033a8
       26949000	      1245	800003ac	1fc88893	addi	x17,x17,508	 x17:0x800033a8 x17=0x800035a4
       26969000	      1246	800003b0	9146	c.add	x2,x17	  x2:0x7ac6af0c x17:0x800035a4  x2=0xfac6e4b0
       27389000	      1267	800003b2	3b811173	csrrw	x2,pmpaddr8,x2	  x2:0xfac6e4b0  x2=0x20005a35
       27449000	      1270	800003b6	3b811173	csrrw	x2,pmpaddr8,x2	  x2:0x20005a35  x2=0xfac6e4b0
       27509000	      1273	800003ba	34474137	lui	x2,0x34474	  x2=0x34474000
       27609000	      1278	800003be	c7f10113	addi	x2,x2,-897	  x2:0x34474000  x2=0x34473c7f
       27949000	      1295	800003c2	3a211173	csrrw	x2,pmpcfg2,x2	  x2:0x34473c7f  x2=0x0f0f0f0f
       28109000	      1303	800003c6	3a211173	csrrw	x2,pmpcfg2,x2	  x2:0x0f0f0f0f  x2=0x14071c1f
       28229000	      1309	800003ca	69b16137	lui	x2,0x69b16	  x2=0x69b16000
       28289000	      1312	800003ce	d0b10113	addi	x2,x2,-757	  x2:0x69b16000  x2=0x69b15d0b
       28409000	      1318	800003d2	00003897	auipc	x17,0x3	 x17=0x800033d2
       28429000	      1319	800003d6	1d288893	addi	x17,x17,466	 x17:0x800033d2 x17=0x800035a4
       28449000	      1320	800003da	9146	c.add	x2,x17	  x2:0x69b15d0b x17:0x800035a4  x2=0xe9b192af
       28849000	      1340	800003dc	3b911173	csrrw	x2,pmpaddr9,x2	  x2:0xe9b192af  x2=0x200063ce
       29169000	      1356	800003e0	3b911173	csrrw	x2,pmpaddr9,x2	  x2:0x200063ce  x2=0xe9b192af
       29229000	      1359	800003e4	10380137	lui	x2,0x10380	  x2=0x10380000
       29249000	      1360	800003e8	05c10113	addi	x2,x2,92	  x2:0x10380000  x2=0x1038005c
       29269000	      1361	800003ec	3a211173	csrrw	x2,pmpcfg2,x2	  x2:0x1038005c  x2=0x0f0f0f0f
       29329000	      1364	800003f0	3a211173	csrrw	x2,pmpcfg2,x2	  x2:0x0f0f0f0f  x2=0x1018001c
       29469000	      1371	800003f4	443fa137	lui	x2,0x443fa	  x2=0x443fa000
       29489000	      1372	800003f8	fc310113	addi	x2,x2,-61	  x2:0x443fa000  x2=0x443f9fc3
       29629000	      1379	800003fc	00003897	auipc	x17,0x3	 x17=0x800033fc
       29649000	      1380	80000400	1a888893	addi	x17,x17,424	 x17:0x800033fc x17=0x800035a4
       29809000	      1388	80000404	9146	c.add	x2,x17	  x2:0x443f9fc3 x17:0x800035a4  x2=0xc43fd567
       29909000	      1393	80000406	3ba11173	csrrw	x2,pmpaddr10,x2	  x2:0xc43fd567  x2=0x20006d68
       30069000	      1401	8000040a	3ba11173	csrrw	x2,pmpaddr10,x2	  x2:0x20006d68  x2=0xc43fd567
       30129000	      1404	8000040e	3d132137	lui	x2,0x3d132	  x2=0x3d132000
       30149000	      1405	80000412	05b10113	addi	x2,x2,91	  x2:0x3d132000  x2=0x3d13205b
       30169000	      1406	80000416	3a211173	csrrw	x2,pmpcfg2,x2	  x2:0x3d13205b  x2=0x0f0f0f0f
       30229000	      1409	8000041a	3a211173	csrrw	x2,pmpcfg2,x2	  x2:0x0f0f0f0f  x2=0x1d13001b
       30609000	      1428	8000041e	36e05137	lui	x2,0x36e05	  x2=0x36e05000
       30629000	      1429	80000422	6165	c.addi16sp	x2,112	  x2:0x36e05000  x2=0x36e05070
       30649000	      1430	80000424	00003897	auipc	x17,0x3	 x17=0x80003424
       30689000	      1432	80000428	18088893	addi	x17,x17,384	 x17:0x80003424 x17=0x800035a4
       30709000	      1433	8000042c	9146	c.add	x2,x17	  x2:0x36e05070 x17:0x800035a4  x2=0xb6e08614
       30729000	      1434	8000042e	3bb11173	csrrw	x2,pmpaddr11,x2	  x2:0xb6e08614  x2=0x20007701
       31149000	      1455	80000432	3bb11173	csrrw	x2,pmpaddr11,x2	  x2:0x20007701  x2=0xb6e08614
       31449000	      1470	80000436	4f478137	lui	x2,0x4f478	  x2=0x4f478000
       31469000	      1471	8000043a	93310113	addi	x2,x2,-1741	  x2:0x4f478000  x2=0x4f477933
       31489000	      1472	8000043e	3a211173	csrrw	x2,pmpcfg2,x2	  x2:0x4f477933  x2=0x0f0f0f0f
       31589000	      1477	80000442	3a211173	csrrw	x2,pmpcfg2,x2	  x2:0x0f0f0f0f  x2=0x0f071913
       31649000	      1480	80000446	6c2d0137	lui	x2,0x6c2d0	  x2=0x6c2d0000
       31669000	      1481	8000044a	51410113	addi	x2,x2,1300	  x2:0x6c2d0000  x2=0x6c2d0514
       31929000	      1494	8000044e	00003897	auipc	x17,0x3	 x17=0x8000344e
       32149000	      1505	80000452	15688893	addi	x17,x17,342	 x17:0x8000344e x17=0x800035a4
       32169000	      1506	80000456	9146	c.add	x2,x17	  x2:0x6c2d0514 x17:0x800035a4  x2=0xec2d3ab8
       32489000	      1522	80000458	3bc11173	csrrw	x2,pmpaddr12,x2	  x2:0xec2d3ab8  x2=0x2000809b
       32909000	      1543	8000045c	3bc11173	csrrw	x2,pmpaddr12,x2	  x2:0x2000809b  x2=0xec2d3ab8
       32969000	      1546	80000460	54794137	lui	x2,0x54794	  x2=0x54794000
       32989000	      1547	80000464	70310113	addi	x2,x2,1795	  x2:0x54794000  x2=0x54794703
       33389000	      1567	80000468	3a311173	csrrw	x2,pmpcfg3,x2	  x2:0x54794703  x2=0x0f0f0f0f
       33569000	      1576	8000046c	3a311173	csrrw	x2,pmpcfg3,x2	  x2:0x0f0f0f0f  x2=0x14190703
       33689000	      1582	80000470	0c2fe137	lui	x2,0xc2fe	  x2=0x0c2fe000
       33709000	      1583	80000474	c5810113	addi	x2,x2,-936	  x2:0x0c2fe000  x2=0x0c2fdc58
       33729000	      1584	80000478	00003897	auipc	x17,0x3	 x17=0x80003478
       34149000	      1605	8000047c	12c88893	addi	x17,x17,300	 x17:0x80003478 x17=0x800035a4
       34349000	      1615	80000480	9146	c.add	x2,x17	  x2:0x0c2fdc58 x17:0x800035a4  x2=0x8c3011fc
       34509000	      1623	80000482	3bd11173	csrrw	x2,pmpaddr13,x2	  x2:0x8c3011fc  x2=0x20008a34
       34569000	      1626	80000486	3bd11173	csrrw	x2,pmpaddr13,x2	  x2:0x20008a34  x2=0x8c3011fc
       34629000	      1629	8000048a	793f6137	lui	x2,0x793f6	  x2=0x793f6000
       34709000	      1633	8000048e	c2910113	addi	x2,x2,-983	  x2:0x793f6000  x2=0x793f5c29
       34849000	      1640	80000492	3a311173	csrrw	x2,pmpcfg3,x2	  x2:0x793f5c29  x2=0x0f0f0f0f
       34949000	      1645	80000496	3a311173	csrrw	x2,pmpcfg3,x2	  x2:0x0f0f0f0f  x2=0x191f1c09
       35109000	      1653	8000049a	2e6e7137	lui	x2,0x2e6e7	  x2=0x2e6e7000
       35129000	      1654	8000049e	d2310113	addi	x2,x2,-733	  x2:0x2e6e7000  x2=0x2e6e6d23
       35149000	      1655	800004a2	00003897	auipc	x17,0x3	 x17=0x800034a2
       35569000	      1676	800004a6	10288893	addi	x17,x17,258	 x17:0x800034a2 x17=0x800035a4
       35589000	      1677	800004aa	9146	c.add	x2,x17	  x2:0x2e6e6d23 x17:0x800035a4  x2=0xae6ea2c7
       35689000	      1682	800004ac	3be11173	csrrw	x2,pmpaddr14,x2	  x2:0xae6ea2c7  x2=0x200093ce
       35749000	      1685	800004b0	3be11173	csrrw	x2,pmpaddr14,x2	  x2:0x200093ce  x2=0xae6ea2c7
       35809000	      1688	800004b4	48551137	lui	x2,0x48551	  x2=0x48551000
       35909000	      1693	800004b8	c7310113	addi	x2,x2,-909	  x2:0x48551000  x2=0x48550c73
       35929000	      1694	800004bc	3a311173	csrrw	x2,pmpcfg3,x2	  x2:0x48550c73  x2=0x0f0f0f0f
       35989000	      1697	800004c0	3a311173	csrrw	x2,pmpcfg3,x2	  x2:0x0f0f0f0f  x2=0x08150c13
       36049000	      1700	800004c4	4abf7137	lui	x2,0x4abf7	  x2=0x4abf7000
       36069000	      1701	800004c8	5f910113	addi	x2,x2,1529	  x2:0x4abf7000  x2=0x4abf75f9
       36209000	      1708	800004cc	00003897	auipc	x17,0x3	 x17=0x800034cc
       36329000	      1714	800004d0	0d888893	addi	x17,x17,216	 x17:0x800034cc x17=0x800035a4
       36369000	      1716	800004d4	9146	c.add	x2,x17	  x2:0x4abf75f9 x17:0x800035a4  x2=0xcabfab9d
       36389000	      1717	800004d6	3bf11173	csrrw	x2,pmpaddr15,x2	  x2:0xcabfab9d  x2=0x20009d67
       36449000	      1720	800004da	3bf11173	csrrw	x2,pmpaddr15,x2	  x2:0x20009d67  x2=0xcabfab9d
       36509000	      1723	800004de	3d206137	lui	x2,0x3d206	  x2=0x3d206000
       36529000	      1724	800004e2	82c10113	addi	x2,x2,-2004	  x2:0x3d206000  x2=0x3d20582c
       36549000	      1725	800004e6	3a311173	csrrw	x2,pmpcfg3,x2	  x2:0x3d20582c  x2=0x0f0f0f0f
       36669000	      1731	800004ea	3a311173	csrrw	x2,pmpcfg3,x2	  x2:0x0f0f0f0f  x2=0x1d00180c
       36729000	      1734	800004ee	00000317	auipc	x6,0x0	  x6=0x800004ee
       37049000	      1750	800004f2	06030313	addi	x6,x6,96	  x6:0x800004ee  x6=0x8000054e
       37469000	      1771	800004f6	34131073	csrrw	x0,mepc,x6	  x6:0x8000054e  x0=0x00000000
       37809000	      1788	800004fa	7c00d073	csrrwi	x0,0x7c0,1	  x0=0x00000000
       37869000	      1791	800004fe	4301	c.li	x6,0	  x6=0x00000000
       37889000	      1792	80000500	30031073	csrrw	x0,mstatus,x6	  x6:0x00000000  x0=0x00000000
       37949000	      1795	80000504	4301	c.li	x6,0	  x6=0x00000000
       38049000	      1800	80000506	30431073	csrrw	x0,mie,x6	  x6:0x00000000  x0=0x00000000
       38109000	      1803	8000050a	90000a37	lui	x20,0x90000	 x20=0x90000000
       38129000	      1804	8000050e	1a71	c.addi	x20,-4	 x20:0x90000000 x20=0x8ffffffc
       38149000	      1805	80000510	90000a37	lui	x20,0x90000	 x20=0x90000000
       38169000	      1806	80000514	1a71	c.addi	x20,-4	 x20:0x90000000 x20=0x8ffffffc
       38209000	      1808	80000516	90000a37	lui	x20,0x90000	 x20=0x90000000
       38229000	      1809	8000051a	1a71	c.addi	x20,-4	 x20:0x90000000 x20=0x8ffffffc
       38509000	      1823	8000051c	30000313	addi	x6,x0,768	  x0:0x00000000  x6=0x00000300
       38929000	      1844	80000520	0322	c.slli	x6,0x8	  x6:0x00000300  x6=0x00030000
       38949000	      1845	80000522	030d	c.addi	x6,3	  x6:0x00030000  x6=0x00030003
       39009000	      1848	80000524	006a2023	sw	x6,0(x20)	 x20:0x8ffffffc  x6:0x00030003 PA:0x8ffffffc store:0x00030003 load:0xffffffff
       41809000	      1988	80000528	30002373	csrrs	x6,mstatus,x0	  x0:0x00000000  x6=0x00000000
       41869000	      1991	8000052c	006a2023	sw	x6,0(x20)	 x20:0x8ffffffc  x6:0x00000000 PA:0x8ffffffc store:0x00000000 load:0xffffffff
       41889000	      1992	80000530	90000a37	lui	x20,0x90000	 x20=0x90000000
       41909000	      1993	80000534	1a71	c.addi	x20,-4	 x20:0x90000000 x20=0x8ffffffc
       41929000	      1994	80000536	30400313	addi	x6,x0,772	  x0:0x00000000  x6=0x00000304
       41949000	      1995	8000053a	0322	c.slli	x6,0x8	  x6:0x00000304  x6=0x00030400
       41969000	      1996	8000053c	030d	c.addi	x6,3	  x6:0x00030400  x6=0x00030403
       42089000	      2002	8000053e	006a2023	sw	x6,0(x20)	 x20:0x8ffffffc  x6:0x00030403 PA:0x8ffffffc store:0x00030403 load:0xffffffff
       42109000	      2003	80000542	30402373	csrrs	x6,mie,x0	  x0:0x00000000  x6=0x00000000
       42209000	      2008	80000546	006a2023	sw	x6,0(x20)	 x20:0x8ffffffc  x6:0x00000000 PA:0x8ffffffc store:0x00000000 load:0xffffffff
       42269000	      2011	8000054a	30200073	mret	
       42929000	      2044	8000054e	f62cd037	lui	x0,0xf62cd	  x0=0x00000000
       42949000	      2045	80000552	4e800013	addi	x0,x0,1256	  x0:0x00000000  x0=0x00000000
       42969000	      2046	80000556	40bd	c.li	x1,15	  x1=0x0000000f
       43249000	      2060	80000558	4101	c.li	x2,0	  x2=0x00000000
       43509000	      2073	8000055a	800001b7	lui	x3,0x80000	  x3=0x80000000
       43529000	      2074	8000055e	4231	c.li	x4,12	  x4=0x0000000c
       43549000	      2075	80000560	4281	c.li	x5,0	  x5=0x00000000
       43569000	      2076	80000562	39880337	lui	x6,0x39880	  x6=0x39880000
       43609000	      2078	80000566	a0430313	addi	x6,x6,-1532	  x6:0x39880000  x6=0x3987fa04
       43629000	      2079	8000056a	4381	c.li	x7,0	  x7=0x00000000
       43649000	      2080	8000056c	7d003437	lui	x8,0x7d003	  x8=0x7d003000
       44049000	      2100	80000570	bf240413	addi	x8,x8,-1038	  x8:0x7d003000  x8=0x7d002bf2
       44229000	      2109	80000574	f1dbf4b7	lui	x9,0xf1dbf	  x9=0xf1dbf000
       44329000	      2114	80000578	dbc48493	addi	x9,x9,-580	  x9:0xf1dbf000  x9=0xf1dbedbc
       44429000	      2119	8000057c	453d	c.li	x10,15	 x10=0x0000000f
       44449000	      2120	8000057e	4591	c.li	x11,4	 x11=0x00000004
       44469000	      2121	80000580	800006b7	lui	x13,0x80000	 x13=0x80000000
       44489000	      2122	80000584	4781	c.li	x15,0	 x15=0x00000000
       44509000	      2123	80000586	89832837	lui	x16,0x89832	 x16=0x89832000
       44529000	      2124	8000058a	c1580813	addi	x16,x16,-1003	 x16:0x89832000 x16=0x89831c15
       44709000	      2133	8000058e	800008b7	lui	x17,0x80000	 x17=0x80000000
       44729000	      2134	80000592	492d	c.li	x18,11	 x18=0x0000000b
       44749000	      2135	80000594	fa3d09b7	lui	x19,0xfa3d0	 x19=0xfa3d0000
       44949000	      2145	80000598	94a98993	addi	x19,x19,-1718	 x19:0xfa3d0000 x19=0xfa3cf94a
       44969000	      2146	8000059c	4a97aa37	lui	x20,0x4a97a	 x20=0x4a97a000
       45149000	      2155	800005a0	2f8a0a13	addi	x20,x20,760	 x20:0x4a97a000 x20=0x4a97a2f8
       45169000	      2156	800005a4	4a81	c.li	x21,0	 x21=0x00000000
       45189000	      2157	800005a6	5d61db37	lui	x22,0x5d61d	 x22=0x5d61d000
       45229000	      2159	800005aa	b07b0b13	addi	x22,x22,-1273	 x22:0x5d61d000 x22=0x5d61cb07
       45329000	      2164	800005ae	fcf81bb7	lui	x23,0xfcf81	 x23=0xfcf81000
       45349000	      2165	800005b2	713b8b93	addi	x23,x23,1811	 x23:0xfcf81000 x23=0xfcf81713
       45369000	      2166	800005b6	fe0c5c37	lui	x24,0xfe0c5	 x24=0xfe0c5000
       45569000	      2176	800005ba	7bfc0c13	addi	x24,x24,1983	 x24:0xfe0c5000 x24=0xfe0c57bf
       45589000	      2177	800005be	4c81	c.li	x25,0	 x25=0x00000000
       45609000	      2178	800005c0	f54eed37	lui	x26,0xf54ee	 x26=0xf54ee000
       46009000	      2198	800005c4	372d0d13	addi	x26,x26,882	 x26:0xf54ee000 x26=0xf54ee372
       46049000	      2200	800005c8	4d81	c.li	x27,0	 x27=0x00000000
       46069000	      2201	800005ca	2cb93e37	lui	x28,0x2cb93	 x28=0x2cb93000
       46489000	      2222	800005ce	a77e0e13	addi	x28,x28,-1417	 x28:0x2cb93000 x28=0x2cb92a77
       46909000	      2243	800005d2	80000eb7	lui	x29,0x80000	 x29=0x80000000
       46929000	      2244	800005d6	80000f37	lui	x30,0x80000	 x30=0x80000000
       46949000	      2245	800005da	fb373fb7	lui	x31,0xfb373	 x31=0xfb373000
       47169000	      2256	800005de	8a3f8f93	addi	x31,x31,-1885	 x31:0xfb373000 x31=0xfb3728a3
       47549000	      2275	800005e2	00029617	auipc	x12,0x29	 x12=0x800295e2
       47569000	      2276	800005e6	88260613	addi	x12,x12,-1918	 x12:0x800295e2 x12=0x80028e64
       47589000	      2277	800005ea	90000a37	lui	x20,0x90000	 x20=0x90000000
       47609000	      2278	800005ee	1a71	c.addi	x20,-4	 x20:0x90000000 x20=0x8ffffffc
       47629000	      2279	800005f0	4301	c.li	x6,0	  x6=0x00000000
       47649000	      2280	800005f2	0322	c.slli	x6,0x8	  x6:0x00000000  x6=0x00000000
       47669000	      2281	800005f4	00030313	addi	x6,x6,0	  x6:0x00000000  x6=0x00000000
       47789000	      2287	800005f8	006a2023	sw	x6,0(x20)	 x20:0x8ffffffc  x6:0x00000000 PA:0x8ffffffc store:0x00000000 load:0xxxxxxxxx
       48449000	      2320	80002800	0800006f	jal	x0,80002880	  x0=0x00000000
       48929000	      2344	80002880	1771	c.addi	x14,-4	 x14:0x8002cce4 x14=0x8002cce0
       49229000	      2359	80002882	c310	c.sw	x12,0(x14)	 x14:0x8002cce0 x12:0x80028e64 PA:0x8002cce0 store:0x80028e64 load:0xffffffff
       49249000	      2360	80002884	00070633	add	x12,x14,x0	 x14:0x8002cce0  x0:0x00000000 x12=0x8002cce0
       49269000	      2361	80002888	f8060613	addi	x12,x12,-128	 x12:0x8002cce0 x12=0x8002cc60
       49329000	      2364	8000288c	00162223	sw	x1,4(x12)	 x12:0x8002cc60  x1:0x0000000f PA:0x8002cc64 store:0x0000000f load:0xffffffff
       49449000	      2370	80002890	00262423	sw	x2,8(x12)	 x12:0x8002cc60  x2:0x00000000 PA:0x8002cc68 store:0x00000000 load:0xffffffff
       49909000	      2393	80002894	00362623	sw	x3,12(x12)	 x12:0x8002cc60  x3:0x80000000 PA:0x8002cc6c store:0x80000000 load:0xffffffff
       50369000	      2416	80002898	00462823	sw	x4,16(x12)	 x12:0x8002cc60  x4:0x0000000c PA:0x8002cc70 store:0x0000000c load:0xffffffff
       50429000	      2419	8000289c	00562a23	sw	x5,20(x12)	 x12:0x8002cc60  x5:0x00000000 PA:0x8002cc74 store:0x00000000 load:0xffffffff
       50849000	      2440	800028a0	00662c23	sw	x6,24(x12)	 x12:0x8002cc60  x6:0x00000000 PA:0x8002cc78 store:0x00000000 load:0xffffffff
       50909000	      2443	800028a4	00762e23	sw	x7,28(x12)	 x12:0x8002cc60  x7:0x00000000 PA:0x8002cc7c store:0x00000000 load:0xffffffff
       51109000	      2453	800028a8	d200	c.sw	x8,32(x12)	 x12:0x8002cc60  x8:0x7d002bf2 PA:0x8002cc80 store:0x7d002bf2 load:0xffffffff
       51349000	      2465	800028aa	d244	c.sw	x9,36(x12)	 x12:0x8002cc60  x9:0xf1dbedbc PA:0x8002cc84 store:0xf1dbedbc load:0xffffffff
       51569000	      2476	800028ac	d608	c.sw	x10,40(x12)	 x12:0x8002cc60 x10:0x0000000f PA:0x8002cc88 store:0x0000000f load:0xffffffff
       51709000	      2483	800028ae	d64c	c.sw	x11,44(x12)	 x12:0x8002cc60 x11:0x00000004 PA:0x8002cc8c store:0x00000004 load:0xffffffff
       51889000	      2492	800028b0	da10	c.sw	x12,48(x12)	 x12:0x8002cc60 x12:0x8002cc60 PA:0x8002cc90 store:0x8002cc60 load:0xffffffff
       51949000	      2495	800028b2	da54	c.sw	x13,52(x12)	 x12:0x8002cc60 x13:0x80000000 PA:0x8002cc94 store:0x80000000 load:0xffffffff
       52029000	      2499	800028b4	de18	c.sw	x14,56(x12)	 x12:0x8002cc60 x14:0x8002cce0 PA:0x8002cc98 store:0x8002cce0 load:0xffffffff
       52129000	      2504	800028b6	de5c	c.sw	x15,60(x12)	 x12:0x8002cc60 x15:0x00000000 PA:0x8002cc9c store:0x00000000 load:0xffffffff
       52289000	      2512	800028b8	05062023	sw	x16,64(x12)	 x12:0x8002cc60 x16:0x89831c15 PA:0x8002cca0 store:0x89831c15 load:0xffffffff
       52349000	      2515	800028bc	05162223	sw	x17,68(x12)	 x12:0x8002cc60 x17:0x80000000 PA:0x8002cca4 store:0x80000000 load:0xffffffff
       52389000	      2517	800028c0	05262423	sw	x18,72(x12)	 x12:0x8002cc60 x18:0x0000000b PA:0x8002cca8 store:0x0000000b load:0xffffffff
       52609000	      2528	800028c4	05362623	sw	x19,76(x12)	 x12:0x8002cc60 x19:0xfa3cf94a PA:0x8002ccac store:0xfa3cf94a load:0xffffffff
       52629000	      2529	800028c8	05462823	sw	x20,80(x12)	 x12:0x8002cc60 x20:0x8ffffffc PA:0x8002ccb0 store:0x8ffffffc load:0xffffffff
       52649000	      2530	800028cc	05562a23	sw	x21,84(x12)	 x12:0x8002cc60 x21:0x00000000 PA:0x8002ccb4 store:0x00000000 load:0xffffffff
       52749000	      2535	800028d0	05662c23	sw	x22,88(x12)	 x12:0x8002cc60 x22:0x5d61cb07 PA:0x8002ccb8 store:0x5d61cb07 load:0xffffffff
       53009000	      2548	800028d4	05762e23	sw	x23,92(x12)	 x12:0x8002cc60 x23:0xfcf81713 PA:0x8002ccbc store:0xfcf81713 load:0xffffffff
       53249000	      2560	800028d8	07862023	sw	x24,96(x12)	 x12:0x8002cc60 x24:0xfe0c57bf PA:0x8002ccc0 store:0xfe0c57bf load:0xffffffff
       53629000	      2579	800028dc	07962223	sw	x25,100(x12)	 x12:0x8002cc60 x25:0x00000000 PA:0x8002ccc4 store:0x00000000 load:0xffffffff
       53769000	      2586	800028e0	07a62423	sw	x26,104(x12)	 x12:0x8002cc60 x26:0xf54ee372 PA:0x8002ccc8 store:0xf54ee372 load:0xffffffff
       53929000	      2594	800028e4	07b62623	sw	x27,108(x12)	 x12:0x8002cc60 x27:0x00000000 PA:0x8002cccc store:0x00000000 load:0xffffffff
       53989000	      2597	800028e8	07c62823	sw	x28,112(x12)	 x12:0x8002cc60 x28:0x2cb92a77 PA:0x8002ccd0 store:0x2cb92a77 load:0xffffffff
       54409000	      2618	800028ec	07d62a23	sw	x29,116(x12)	 x12:0x8002cc60 x29:0x80000000 PA:0x8002ccd4 store:0x80000000 load:0xffffffff
       54469000	      2621	800028f0	07e62c23	sw	x30,120(x12)	 x12:0x8002cc60 x30:0x80000000 PA:0x8002ccd8 store:0x80000000 load:0xffffffff
       54529000	      2624	800028f4	07f62e23	sw	x31,124(x12)	 x12:0x8002cc60 x31:0xfb3728a3 PA:0x8002ccdc store:0xfb3728a3 load:0xffffffff
       54549000	      2625	800028f8	00060733	add	x14,x12,x0	 x12:0x8002cc60  x0:0x00000000 x14=0x8002cc60
       54569000	      2626	800028fc	90000a37	lui	x20,0x90000	 x20=0x90000000
       54589000	      2627	80002900	1a71	c.addi	x20,-4	 x20:0x90000000 x20=0x8ffffffc
       54609000	      2628	80002902	4321	c.li	x6,8	  x6=0x00000008
       54629000	      2629	80002904	0322	c.slli	x6,0x8	  x6:0x00000008  x6=0x00000800
       54749000	      2635	80002906	00030313	addi	x6,x6,0	  x6:0x00000800  x6=0x00000800
       55269000	      2661	8000290a	006a2023	sw	x6,0(x20)	 x20:0x8ffffffc  x6:0x00000800 PA:0x8ffffffc store:0x00000800 load:0xffffffff
       55289000	      2662	8000290e	34102373	csrrs	x6,mepc,x0	  x0:0x00000000  x6=0x800005f8
       55369000	      2666	80002912	34202373	csrrs	x6,mcause,x0	  x0:0x00000000  x6=0x00000007
       55389000	      2667	80002916	4a0d	c.li	x20,3	 x20=0x00000003
       55409000	      2668	80002918	01431463	bne	x6,x20,80002920	  x6:0x00000007 x20:0x00000003
       55549000	      2675	80002920	4a21	c.li	x20,8	 x20=0x00000008
       55969000	      2696	80002922	05430d63	beq	x6,x20,8000297c	  x6:0x00000007 x20:0x00000008
       55989000	      2697	80002926	4a25	c.li	x20,9	 x20=0x00000009
       56009000	      2698	80002928	05430a63	beq	x6,x20,8000297c	  x6:0x00000007 x20:0x00000009
       56029000	      2699	8000292c	4a2d	c.li	x20,11	 x20=0x0000000b
       56049000	      2700	8000292e	05430763	beq	x6,x20,8000297c	  x6:0x00000007 x20:0x0000000b
       56069000	      2701	80002932	4a05	c.li	x20,1	 x20=0x00000001
       56189000	      2707	80002934	35430363	beq	x6,x20,80002c7a	  x6:0x00000007 x20:0x00000001
       56609000	      2728	80002938	4a15	c.li	x20,5	 x20=0x00000005
       56629000	      2729	8000293a	63430963	beq	x6,x20,80002f6c	  x6:0x00000007 x20:0x00000005
       56649000	      2730	8000293e	4a1d	c.li	x20,7	 x20=0x00000007
       56689000	      2732	80002940	15430ae3	beq	x6,x20,80003294	  x6:0x00000007 x20:0x00000007
       57689000	      2782	80003294	90000a37	lui	x20,0x90000	 x20=0x90000000
       57789000	      2787	80003298	1a71	c.addi	x20,-4	 x20:0x90000000 x20=0x8ffffffc
       57809000	      2788	8000329a	4331	c.li	x6,12	  x6=0x0000000c
       58209000	      2808	8000329c	0322	c.slli	x6,0x8	  x6:0x0000000c  x6=0x00000c00
       58529000	      2824	8000329e	00030313	addi	x6,x6,0	  x6:0x00000c00  x6=0x00000c00
       58629000	      2829	800032a2	006a2023	sw	x6,0(x20)	 x20:0x8ffffffc  x6:0x00000c00 PA:0x8ffffffc store:0x00000c00 load:0xffffffff
       58669000	      2831	800032a6	90000a37	lui	x20,0x90000	 x20=0x90000000
       58689000	      2832	800032aa	1a71	c.addi	x20,-4	 x20:0x90000000 x20=0x8ffffffc
       58849000	      2840	800032ac	34200313	addi	x6,x0,834	  x0:0x00000000  x6=0x00000342
       58869000	      2841	800032b0	0322	c.slli	x6,0x8	  x6:0x00000342  x6=0x00034200
       58889000	      2842	800032b2	030d	c.addi	x6,3	  x6:0x00034200  x6=0x00034203
       59109000	      2853	800032b4	006a2023	sw	x6,0(x20)	 x20:0x8ffffffc  x6:0x00034203 PA:0x8ffffffc store:0x00034203 load:0xffffffff
       59129000	      2854	800032b8	34202373	csrrs	x6,mcause,x0	  x0:0x00000000  x6=0x00000007
       59549000	      2875	800032bc	006a2023	sw	x6,0(x20)	 x20:0x8ffffffc  x6:0x00000007 PA:0x8ffffffc store:0x00000007 load:0xffffffff
       59569000	      2876	800032c0	4301	c.li	x6,0	  x6=0x00000000
       59589000	      2877	800032c2	809a	c.mv	x1,x6	  x0:0x00000000  x6:0x00000000  x1=0x00000000
       59609000	      2878	800032c4	4881	c.li	x17,0	 x17=0x00000000
       59629000	      2879	800032c6	8306	c.mv	x6,x1	  x0:0x00000000  x1:0x00000000  x6=0x00000000
       59649000	      2880	800032c8	811a	c.mv	x2,x6	  x0:0x00000000  x6:0x00000000  x2=0x00000000
       59669000	      2881	800032ca	4101	c.li	x2,0	  x2=0x00000000
       59789000	      2887	800032cc	04230f63	beq	x6,x2,8000332a	  x6:0x00000000  x2:0x00000000
       60509000	      2923	8000332a	3b002a73	csrrs	x20,pmpaddr0,x0	  x0:0x00000000 x20=0x20000d69
       60709000	      2933	8000332e	3a0023f3	csrrs	x7,pmpcfg0,x0	  x0:0x00000000  x7=0x0f0f0f0f
       60729000	      2934	80003332	a861	c.j	800033ca	
       61789000	      2987	800033ca	4991	c.li	x19,4	 x19=0x00000004
       61849000	      2990	800033cc	01e09313	slli	x6,x1,0x1e	  x1:0x00000000  x6=0x00000000
       61869000	      2991	800033d0	01e35313	srli	x6,x6,0x1e	  x6:0x00000000  x6=0x00000000
       61889000	      2992	800033d4	40698133	sub	x2,x19,x6	 x19:0x00000004  x6:0x00000000  x2=0x00000004
       61909000	      2993	800033d8	117d	c.addi	x2,-1	  x2:0x00000004  x2=0x00000003
       61929000	      2994	800033da	010e	c.slli	x2,0x3	  x2:0x00000003  x2=0x00000018
       62309000	      3013	800033dc	002399b3	sll	x19,x7,x2	  x7:0x0f0f0f0f  x2:0x00000018 x19=0x0f000000
       62329000	      3014	800033e0	030e	c.slli	x6,0x3	  x6:0x00000000  x6=0x00000000
       62349000	      3015	800033e2	911a	c.add	x2,x6	  x2:0x00000018  x6:0x00000000  x2=0x00000018
       62509000	      3023	800033e4	0029d9b3	srl	x19,x19,x2	 x19:0x0f000000  x2:0x00000018 x19=0x0000000f
       62529000	      3024	800033e8	01b99113	slli	x2,x19,0x1b	 x19:0x0000000f  x2=0x78000000
       62549000	      3025	800033ec	01e15113	srli	x2,x2,0x1e	  x2:0x78000000  x2=0x00000001
       62589000	      3027	800033f0	04010563	beq	x2,x0,8000343a	  x2:0x00000001  x0:0x00000000
       62609000	      3028	800033f4	4305	c.li	x6,1	  x6=0x00000001
       62649000	      3030	800033f6	04610363	beq	x2,x6,8000343c	  x2:0x00000001  x6:0x00000001
       63409000	      3068	8000343c	8306	c.mv	x6,x1	  x0:0x00000000  x1:0x00000000  x6=0x00000000
       63589000	      3077	8000343e	34302173	csrrs	x2,mtval,x0	  x0:0x00000000  x2=0x8ffffffc
       64149000	      3105	80003442	00215113	srli	x2,x2,0x2	  x2:0x8ffffffc  x2=0x23ffffff
       64289000	      3112	80003446	00031563	bne	x6,x0,80003450	  x6:0x00000000  x0:0x00000000
       64329000	      3114	8000344a	fc0144e3	blt	x2,x0,80003412	  x2:0x23ffffff  x0:0x00000000
       64349000	      3115	8000344e	a019	c.j	80003454	
       64509000	      3123	80003454	fb417fe3	bgeu	x2,x20,80003412	  x2:0x23ffffff x20:0x20000d69
       64929000	      3144	80003412	8306	c.mv	x6,x1	  x0:0x00000000  x1:0x00000000  x6=0x00000000
       64949000	      3145	80003414	88d2	c.mv	x17,x20	  x0:0x00000000 x20:0x20000d69 x17=0x20000d69
       64969000	      3146	80003416	0305	c.addi	x6,1	  x6:0x00000000  x6=0x00000001
       65069000	      3151	80003418	809a	c.mv	x1,x6	  x0:0x00000000  x6:0x00000001  x1=0x00000001
       65089000	      3152	8000341a	4a41	c.li	x20,16	 x20=0x00000010
       65109000	      3153	8000341c	01435363	bge	x6,x20,80003422	  x6:0x00000001 x20:0x00000010
       65129000	      3154	80003420	b55d	c.j	800032c6	
       65169000	      3156	800032c6	8306	c.mv	x6,x1	  x0:0x00000000  x1:0x00000001  x6=0x00000001
       65189000	      3157	800032c8	811a	c.mv	x2,x6	  x0:0x00000000  x6:0x00000001  x2=0x00000001
       65209000	      3158	800032ca	4101	c.li	x2,0	  x2=0x00000000
       65229000	      3159	800032cc	04230f63	beq	x6,x2,8000332a	  x6:0x00000001  x2:0x00000000
       65249000	      3160	800032d0	4105	c.li	x2,1	  x2=0x00000001
       65269000	      3161	800032d2	06230163	beq	x6,x2,80003334	  x6:0x00000001  x2:0x00000001
       65329000	      3164	80003334	3b102a73	csrrs	x20,pmpaddr1,x0	  x0:0x00000000 x20=0x20001702
       65349000	      3165	80003338	3a0023f3	csrrs	x7,pmpcfg0,x0	  x0:0x00000000  x7=0x0f0f0f0f
       65369000	      3166	8000333c	a079	c.j	800033ca	
       65429000	      3169	800033ca	4991	c.li	x19,4	 x19=0x00000004
       65449000	      3170	800033cc	01e09313	slli	x6,x1,0x1e	  x1:0x00000001  x6=0x40000000
       65469000	      3171	800033d0	01e35313	srli	x6,x6,0x1e	  x6:0x40000000  x6=0x00000001
       65489000	      3172	800033d4	40698133	sub	x2,x19,x6	 x19:0x00000004  x6:0x00000001  x2=0x00000003
       65509000	      3173	800033d8	117d	c.addi	x2,-1	  x2:0x00000003  x2=0x00000002
       65529000	      3174	800033da	010e	c.slli	x2,0x3	  x2:0x00000002  x2=0x00000010
       65549000	      3175	800033dc	002399b3	sll	x19,x7,x2	  x7:0x0f0f0f0f  x2:0x00000010 x19=0x0f0f0000
       65569000	      3176	800033e0	030e	c.slli	x6,0x3	  x6:0x00000001  x6=0x00000008
       65589000	      3177	800033e2	911a	c.add	x2,x6	  x2:0x00000010  x6:0x00000008  x2=0x00000018
       65609000	      3178	800033e4	0029d9b3	srl	x19,x19,x2	 x19:0x0f0f0000  x2:0x00000018 x19=0x0000000f
       65629000	      3179	800033e8	01b99113	slli	x2,x19,0x1b	 x19:0x0000000f  x2=0x78000000
       65649000	      3180	800033ec	01e15113	srli	x2,x2,0x1e	  x2:0x78000000  x2=0x00000001
       65669000	      3181	800033f0	04010563	beq	x2,x0,8000343a	  x2:0x00000001  x0:0x00000000
       65689000	      3182	800033f4	4305	c.li	x6,1	  x6=0x00000001
       65709000	      3183	800033f6	04610363	beq	x2,x6,8000343c	  x2:0x00000001  x6:0x00000001
       65749000	      3185	8000343c	8306	c.mv	x6,x1	  x0:0x00000000  x1:0x00000001  x6=0x00000001
       65769000	      3186	8000343e	34302173	csrrs	x2,mtval,x0	  x0:0x00000000  x2=0x8ffffffc
       65789000	      3187	80003442	00215113	srli	x2,x2,0x2	  x2:0x8ffffffc  x2=0x23ffffff
       65829000	      3189	80003446	00031563	bne	x6,x0,80003450	  x6:0x00000001  x0:0x00000000
       65889000	      3192	80003450	fd1161e3	bltu	x2,x17,80003412	  x2:0x23ffffff x17:0x20000d69
       65909000	      3193	80003454	fb417fe3	bgeu	x2,x20,80003412	  x2:0x23ffffff x20:0x20001702
       65969000	      3196	80003412	8306	c.mv	x6,x1	  x0:0x00000000  x1:0x00000001  x6=0x00000001
       65989000	      3197	80003414	88d2	c.mv	x17,x20	  x0:0x00000000 x20:0x20001702 x17=0x20001702
       66009000	      3198	80003416	0305	c.addi	x6,1	  x6:0x00000001  x6=0x00000002
       66029000	      3199	80003418	809a	c.mv	x1,x6	  x0:0x00000000  x6:0x00000002  x1=0x00000002
       66049000	      3200	8000341a	4a41	c.li	x20,16	 x20=0x00000010
       66069000	      3201	8000341c	01435363	bge	x6,x20,80003422	  x6:0x00000002 x20:0x00000010
       66089000	      3202	80003420	b55d	c.j	800032c6	
       66129000	      3204	800032c6	8306	c.mv	x6,x1	  x0:0x00000000  x1:0x00000002  x6=0x00000002
       66149000	      3205	800032c8	811a	c.mv	x2,x6	  x0:0x00000000  x6:0x00000002  x2=0x00000002
       66169000	      3206	800032ca	4101	c.li	x2,0	  x2=0x00000000
       66189000	      3207	800032cc	04230f63	beq	x6,x2,8000332a	  x6:0x00000002  x2:0x00000000
       66209000	      3208	800032d0	4105	c.li	x2,1	  x2=0x00000001
       66229000	      3209	800032d2	06230163	beq	x6,x2,80003334	  x6:0x00000002  x2:0x00000001
       66249000	      3210	800032d6	4109	c.li	x2,2	  x2=0x00000002
       66269000	      3211	800032d8	06230363	beq	x6,x2,8000333e	  x6:0x00000002  x2:0x00000002
       66329000	      3214	8000333e	3b202a73	csrrs	x20,pmpaddr2,x0	  x0:0x00000000 x20=0x2000209c
       66349000	      3215	80003342	3a0023f3	csrrs	x7,pmpcfg0,x0	  x0:0x00000000  x7=0x0f0f0f0f
       66369000	      3216	80003346	a051	c.j	800033ca	
       66409000	      3218	800033ca	4991	c.li	x19,4	 x19=0x00000004
       66429000	      3219	800033cc	01e09313	slli	x6,x1,0x1e	  x1:0x00000002  x6=0x80000000
       66489000	      3222	800033d0	01e35313	srli	x6,x6,0x1e	  x6:0x80000000  x6=0x00000002
       66509000	      3223	800033d4	40698133	sub	x2,x19,x6	 x19:0x00000004  x6:0x00000002  x2=0x00000002
       66569000	      3226	800033d8	117d	c.addi	x2,-1	  x2:0x00000002  x2=0x00000001
       66589000	      3227	800033da	010e	c.slli	x2,0x3	  x2:0x00000001  x2=0x00000008
       66609000	      3228	800033dc	002399b3	sll	x19,x7,x2	  x7:0x0f0f0f0f  x2:0x00000008 x19=0x0f0f0f00
       66669000	      3231	800033e0	030e	c.slli	x6,0x3	  x6:0x00000002  x6=0x00000010
       66689000	      3232	800033e2	911a	c.add	x2,x6	  x2:0x00000008  x6:0x00000010  x2=0x00000018
       66709000	      3233	800033e4	0029d9b3	srl	x19,x19,x2	 x19:0x0f0f0f00  x2:0x00000018 x19=0x0000000f
       66769000	      3236	800033e8	01b99113	slli	x2,x19,0x1b	 x19:0x0000000f  x2=0x78000000
       66789000	      3237	800033ec	01e15113	srli	x2,x2,0x1e	  x2:0x78000000  x2=0x00000001
       66829000	      3239	800033f0	04010563	beq	x2,x0,8000343a	  x2:0x00000001  x0:0x00000000
       66849000	      3240	800033f4	4305	c.li	x6,1	  x6=0x00000001
       66869000	      3241	800033f6	04610363	beq	x2,x6,8000343c	  x2:0x00000001  x6:0x00000001
       66909000	      3243	8000343c	8306	c.mv	x6,x1	  x0:0x00000000  x1:0x00000002  x6=0x00000002
       66929000	      3244	8000343e	34302173	csrrs	x2,mtval,x0	  x0:0x00000000  x2=0x8ffffffc
       66949000	      3245	80003442	00215113	srli	x2,x2,0x2	  x2:0x8ffffffc  x2=0x23ffffff
       67009000	      3248	80003446	00031563	bne	x6,x0,80003450	  x6:0x00000002  x0:0x00000000
       67069000	      3251	80003450	fd1161e3	bltu	x2,x17,80003412	  x2:0x23ffffff x17:0x20001702
       67089000	      3252	80003454	fb417fe3	bgeu	x2,x20,80003412	  x2:0x23ffffff x20:0x2000209c
       67129000	      3254	80003412	8306	c.mv	x6,x1	  x0:0x00000000  x1:0x00000002  x6=0x00000002
       67149000	      3255	80003414	88d2	c.mv	x17,x20	  x0:0x00000000 x20:0x2000209c x17=0x2000209c
       67169000	      3256	80003416	0305	c.addi	x6,1	  x6:0x00000002  x6=0x00000003
       67189000	      3257	80003418	809a	c.mv	x1,x6	  x0:0x00000000  x6:0x00000003  x1=0x00000003
       67209000	      3258	8000341a	4a41	c.li	x20,16	 x20=0x00000010
       67229000	      3259	8000341c	01435363	bge	x6,x20,80003422	  x6:0x00000003 x20:0x00000010
       67249000	      3260	80003420	b55d	c.j	800032c6	
       67289000	      3262	800032c6	8306	c.mv	x6,x1	  x0:0x00000000  x1:0x00000003  x6=0x00000003
       67309000	      3263	800032c8	811a	c.mv	x2,x6	  x0:0x00000000  x6:0x00000003  x2=0x00000003
       67329000	      3264	800032ca	4101	c.li	x2,0	  x2=0x00000000
       67349000	      3265	800032cc	04230f63	beq	x6,x2,8000332a	  x6:0x00000003  x2:0x00000000
       67369000	      3266	800032d0	4105	c.li	x2,1	  x2=0x00000001
       67389000	      3267	800032d2	06230163	beq	x6,x2,80003334	  x6:0x00000003  x2:0x00000001
       67409000	      3268	800032d6	4109	c.li	x2,2	  x2=0x00000002
       67429000	      3269	800032d8	06230363	beq	x6,x2,8000333e	  x6:0x00000003  x2:0x00000002
       67449000	      3270	800032dc	410d	c.li	x2,3	  x2=0x00000003
       67469000	      3271	800032de	06230563	beq	x6,x2,80003348	  x6:0x00000003  x2:0x00000003
       67509000	      3273	80003348	3b302a73	csrrs	x20,pmpaddr3,x0	  x0:0x00000000 x20=0x20002a35
       67529000	      3274	8000334c	3a0023f3	csrrs	x7,pmpcfg0,x0	  x0:0x00000000  x7=0x0f0f0f0f
       67549000	      3275	80003350	a8ad	c.j	800033ca	
       67589000	      3277	800033ca	4991	c.li	x19,4	 x19=0x00000004
       67609000	      3278	800033cc	01e09313	slli	x6,x1,0x1e	  x1:0x00000003  x6=0xc0000000
       67629000	      3279	800033d0	01e35313	srli	x6,x6,0x1e	  x6:0xc0000000  x6=0x00000003
       67649000	      3280	800033d4	40698133	sub	x2,x19,x6	 x19:0x00000004  x6:0x00000003  x2=0x00000001
       67669000	      3281	800033d8	117d	c.addi	x2,-1	  x2:0x00000001  x2=0x00000000
       67689000	      3282	800033da	010e	c.slli	x2,0x3	  x2:0x00000000  x2=0x00000000
       67709000	      3283	800033dc	002399b3	sll	x19,x7,x2	  x7:0x0f0f0f0f  x2:0x00000000 x19=0x0f0f0f0f
       67729000	      3284	800033e0	030e	c.slli	x6,0x3	  x6:0x00000003  x6=0x00000018
       67749000	      3285	800033e2	911a	c.add	x2,x6	  x2:0x00000000  x6:0x00000018  x2=0x00000018
       67769000	      3286	800033e4	0029d9b3	srl	x19,x19,x2	 x19:0x0f0f0f0f  x2:0x00000018 x19=0x0000000f
       67789000	      3287	800033e8	01b99113	slli	x2,x19,0x1b	 x19:0x0000000f  x2=0x78000000
       67809000	      3288	800033ec	01e15113	srli	x2,x2,0x1e	  x2:0x78000000  x2=0x00000001
       67829000	      3289	800033f0	04010563	beq	x2,x0,8000343a	  x2:0x00000001  x0:0x00000000
       67849000	      3290	800033f4	4305	c.li	x6,1	  x6=0x00000001
       67869000	      3291	800033f6	04610363	beq	x2,x6,8000343c	  x2:0x00000001  x6:0x00000001
       67909000	      3293	8000343c	8306	c.mv	x6,x1	  x0:0x00000000  x1:0x00000003  x6=0x00000003
       67929000	      3294	8000343e	34302173	csrrs	x2,mtval,x0	  x0:0x00000000  x2=0x8ffffffc
       67949000	      3295	80003442	00215113	srli	x2,x2,0x2	  x2:0x8ffffffc  x2=0x23ffffff
       67969000	      3296	80003446	00031563	bne	x6,x0,80003450	  x6:0x00000003  x0:0x00000000
       68009000	      3298	80003450	fd1161e3	bltu	x2,x17,80003412	  x2:0x23ffffff x17:0x2000209c
       68029000	      3299	80003454	fb417fe3	bgeu	x2,x20,80003412	  x2:0x23ffffff x20:0x20002a35
       68089000	      3302	80003412	8306	c.mv	x6,x1	  x0:0x00000000  x1:0x00000003  x6=0x00000003
       68109000	      3303	80003414	88d2	c.mv	x17,x20	  x0:0x00000000 x20:0x20002a35 x17=0x20002a35
       68129000	      3304	80003416	0305	c.addi	x6,1	  x6:0x00000003  x6=0x00000004
       68169000	      3306	80003418	809a	c.mv	x1,x6	  x0:0x00000000  x6:0x00000004  x1=0x00000004
       68189000	      3307	8000341a	4a41	c.li	x20,16	 x20=0x00000010
       68209000	      3308	8000341c	01435363	bge	x6,x20,80003422	  x6:0x00000004 x20:0x00000010
       68269000	      3311	80003420	b55d	c.j	800032c6	
       68309000	      3313	800032c6	8306	c.mv	x6,x1	  x0:0x00000000  x1:0x00000004  x6=0x00000004
       68329000	      3314	800032c8	811a	c.mv	x2,x6	  x0:0x00000000  x6:0x00000004  x2=0x00000004
       68349000	      3315	800032ca	4101	c.li	x2,0	  x2=0x00000000
       68369000	      3316	800032cc	04230f63	beq	x6,x2,8000332a	  x6:0x00000004  x2:0x00000000
       68389000	      3317	800032d0	4105	c.li	x2,1	  x2=0x00000001
       68409000	      3318	800032d2	06230163	beq	x6,x2,80003334	  x6:0x00000004  x2:0x00000001
       68429000	      3319	800032d6	4109	c.li	x2,2	  x2=0x00000002
       68449000	      3320	800032d8	06230363	beq	x6,x2,8000333e	  x6:0x00000004  x2:0x00000002
       68469000	      3321	800032dc	410d	c.li	x2,3	  x2=0x00000003
       68489000	      3322	800032de	06230563	beq	x6,x2,80003348	  x6:0x00000004  x2:0x00000003
       68509000	      3323	800032e2	4111	c.li	x2,4	  x2=0x00000004
       68529000	      3324	800032e4	06230763	beq	x6,x2,80003352	  x6:0x00000004  x2:0x00000004
       68589000	      3327	80003352	3b402a73	csrrs	x20,pmpaddr4,x0	  x0:0x00000000 x20=0x200033cf
       68609000	      3328	80003356	3a1023f3	csrrs	x7,pmpcfg1,x0	  x0:0x00000000  x7=0x0f0f0f0f
       68629000	      3329	8000335a	a885	c.j	800033ca	
       68689000	      3332	800033ca	4991	c.li	x19,4	 x19=0x00000004
       68709000	      3333	800033cc	01e09313	slli	x6,x1,0x1e	  x1:0x00000004  x6=0x00000000
       68729000	      3334	800033d0	01e35313	srli	x6,x6,0x1e	  x6:0x00000000  x6=0x00000000
       68749000	      3335	800033d4	40698133	sub	x2,x19,x6	 x19:0x00000004  x6:0x00000000  x2=0x00000004
       68769000	      3336	800033d8	117d	c.addi	x2,-1	  x2:0x00000004  x2=0x00000003
       68789000	      3337	800033da	010e	c.slli	x2,0x3	  x2:0x00000003  x2=0x00000018
       68809000	      3338	800033dc	002399b3	sll	x19,x7,x2	  x7:0x0f0f0f0f  x2:0x00000018 x19=0x0f000000
       68829000	      3339	800033e0	030e	c.slli	x6,0x3	  x6:0x00000000  x6=0x00000000
       68849000	      3340	800033e2	911a	c.add	x2,x6	  x2:0x00000018  x6:0x00000000  x2=0x00000018
       68869000	      3341	800033e4	0029d9b3	srl	x19,x19,x2	 x19:0x0f000000  x2:0x00000018 x19=0x0000000f
       68889000	      3342	800033e8	01b99113	slli	x2,x19,0x1b	 x19:0x0000000f  x2=0x78000000
       68909000	      3343	800033ec	01e15113	srli	x2,x2,0x1e	  x2:0x78000000  x2=0x00000001
       68929000	      3344	800033f0	04010563	beq	x2,x0,8000343a	  x2:0x00000001  x0:0x00000000
       68949000	      3345	800033f4	4305	c.li	x6,1	  x6=0x00000001
       68969000	      3346	800033f6	04610363	beq	x2,x6,8000343c	  x2:0x00000001  x6:0x00000001
       69009000	      3348	8000343c	8306	c.mv	x6,x1	  x0:0x00000000  x1:0x00000004  x6=0x00000004
       69029000	      3349	8000343e	34302173	csrrs	x2,mtval,x0	  x0:0x00000000  x2=0x8ffffffc
       69049000	      3350	80003442	00215113	srli	x2,x2,0x2	  x2:0x8ffffffc  x2=0x23ffffff
       69069000	      3351	80003446	00031563	bne	x6,x0,80003450	  x6:0x00000004  x0:0x00000000
       69109000	      3353	80003450	fd1161e3	bltu	x2,x17,80003412	  x2:0x23ffffff x17:0x20002a35
       69129000	      3354	80003454	fb417fe3	bgeu	x2,x20,80003412	  x2:0x23ffffff x20:0x200033cf
       69189000	      3357	80003412	8306	c.mv	x6,x1	  x0:0x00000000  x1:0x00000004  x6=0x00000004
       69209000	      3358	80003414	88d2	c.mv	x17,x20	  x0:0x00000000 x20:0x200033cf x17=0x200033cf
       69229000	      3359	80003416	0305	c.addi	x6,1	  x6:0x00000004  x6=0x00000005
       69249000	      3360	80003418	809a	c.mv	x1,x6	  x0:0x00000000  x6:0x00000005  x1=0x00000005
       69269000	      3361	8000341a	4a41	c.li	x20,16	 x20=0x00000010
       69289000	      3362	8000341c	01435363	bge	x6,x20,80003422	  x6:0x00000005 x20:0x00000010
       69309000	      3363	80003420	b55d	c.j	800032c6	
       69349000	      3365	800032c6	8306	c.mv	x6,x1	  x0:0x00000000  x1:0x00000005  x6=0x00000005
       69369000	      3366	800032c8	811a	c.mv	x2,x6	  x0:0x00000000  x6:0x00000005  x2=0x00000005
       69389000	      3367	800032ca	4101	c.li	x2,0	  x2=0x00000000
       69409000	      3368	800032cc	04230f63	beq	x6,x2,8000332a	  x6:0x00000005  x2:0x00000000
       69429000	      3369	800032d0	4105	c.li	x2,1	  x2=0x00000001
       69449000	      3370	800032d2	06230163	beq	x6,x2,80003334	  x6:0x00000005  x2:0x00000001
       69469000	      3371	800032d6	4109	c.li	x2,2	  x2=0x00000002
       69489000	      3372	800032d8	06230363	beq	x6,x2,8000333e	  x6:0x00000005  x2:0x00000002
       69509000	      3373	800032dc	410d	c.li	x2,3	  x2=0x00000003
       69529000	      3374	800032de	06230563	beq	x6,x2,80003348	  x6:0x00000005  x2:0x00000003
       69549000	      3375	800032e2	4111	c.li	x2,4	  x2=0x00000004
       69569000	      3376	800032e4	06230763	beq	x6,x2,80003352	  x6:0x00000005  x2:0x00000004
       69589000	      3377	800032e8	4115	c.li	x2,5	  x2=0x00000005
       69609000	      3378	800032ea	06230963	beq	x6,x2,8000335c	  x6:0x00000005  x2:0x00000005
       69669000	      3381	8000335c	3b502a73	csrrs	x20,pmpaddr5,x0	  x0:0x00000000 x20=0x20003d68
       69689000	      3382	80003360	3a1023f3	csrrs	x7,pmpcfg1,x0	  x0:0x00000000  x7=0x0f0f0f0f
       69709000	      3383	80003364	a09d	c.j	800033ca	
       69769000	      3386	800033ca	4991	c.li	x19,4	 x19=0x00000004
       69789000	      3387	800033cc	01e09313	slli	x6,x1,0x1e	  x1:0x00000005  x6=0x40000000
       69809000	      3388	800033d0	01e35313	srli	x6,x6,0x1e	  x6:0x40000000  x6=0x00000001
       69829000	      3389	800033d4	40698133	sub	x2,x19,x6	 x19:0x00000004  x6:0x00000001  x2=0x00000003
       69849000	      3390	800033d8	117d	c.addi	x2,-1	  x2:0x00000003  x2=0x00000002
       69869000	      3391	800033da	010e	c.slli	x2,0x3	  x2:0x00000002  x2=0x00000010
       69889000	      3392	800033dc	002399b3	sll	x19,x7,x2	  x7:0x0f0f0f0f  x2:0x00000010 x19=0x0f0f0000
       69909000	      3393	800033e0	030e	c.slli	x6,0x3	  x6:0x00000001  x6=0x00000008
       69929000	      3394	800033e2	911a	c.add	x2,x6	  x2:0x00000010  x6:0x00000008  x2=0x00000018
       69949000	      3395	800033e4	0029d9b3	srl	x19,x19,x2	 x19:0x0f0f0000  x2:0x00000018 x19=0x0000000f
       69969000	      3396	800033e8	01b99113	slli	x2,x19,0x1b	 x19:0x0000000f  x2=0x78000000
       69989000	      3397	800033ec	01e15113	srli	x2,x2,0x1e	  x2:0x78000000  x2=0x00000001
       70009000	      3398	800033f0	04010563	beq	x2,x0,8000343a	  x2:0x00000001  x0:0x00000000
       70029000	      3399	800033f4	4305	c.li	x6,1	  x6=0x00000001
       70049000	      3400	800033f6	04610363	beq	x2,x6,8000343c	  x2:0x00000001  x6:0x00000001
       70089000	      3402	8000343c	8306	c.mv	x6,x1	  x0:0x00000000  x1:0x00000005  x6=0x00000005
       70109000	      3403	8000343e	34302173	csrrs	x2,mtval,x0	  x0:0x00000000  x2=0x8ffffffc
       70129000	      3404	80003442	00215113	srli	x2,x2,0x2	  x2:0x8ffffffc  x2=0x23ffffff
       70149000	      3405	80003446	00031563	bne	x6,x0,80003450	  x6:0x00000005  x0:0x00000000
       70189000	      3407	80003450	fd1161e3	bltu	x2,x17,80003412	  x2:0x23ffffff x17:0x200033cf
       70209000	      3408	80003454	fb417fe3	bgeu	x2,x20,80003412	  x2:0x23ffffff x20:0x20003d68
       70249000	      3410	80003412	8306	c.mv	x6,x1	  x0:0x00000000  x1:0x00000005  x6=0x00000005
       70269000	      3411	80003414	88d2	c.mv	x17,x20	  x0:0x00000000 x20:0x20003d68 x17=0x20003d68
       70289000	      3412	80003416	0305	c.addi	x6,1	  x6:0x00000005  x6=0x00000006
       70309000	      3413	80003418	809a	c.mv	x1,x6	  x0:0x00000000  x6:0x00000006  x1=0x00000006
       70329000	      3414	8000341a	4a41	c.li	x20,16	 x20=0x00000010
       70349000	      3415	8000341c	01435363	bge	x6,x20,80003422	  x6:0x00000006 x20:0x00000010
       70369000	      3416	80003420	b55d	c.j	800032c6	
       70409000	      3418	800032c6	8306	c.mv	x6,x1	  x0:0x00000000  x1:0x00000006  x6=0x00000006
       70429000	      3419	800032c8	811a	c.mv	x2,x6	  x0:0x00000000  x6:0x00000006  x2=0x00000006
       70449000	      3420	800032ca	4101	c.li	x2,0	  x2=0x00000000
       70469000	      3421	800032cc	04230f63	beq	x6,x2,8000332a	  x6:0x00000006  x2:0x00000000
       70489000	      3422	800032d0	4105	c.li	x2,1	  x2=0x00000001
       70509000	      3423	800032d2	06230163	beq	x6,x2,80003334	  x6:0x00000006  x2:0x00000001
       70529000	      3424	800032d6	4109	c.li	x2,2	  x2=0x00000002
       70549000	      3425	800032d8	06230363	beq	x6,x2,8000333e	  x6:0x00000006  x2:0x00000002
       70569000	      3426	800032dc	410d	c.li	x2,3	  x2=0x00000003
       70589000	      3427	800032de	06230563	beq	x6,x2,80003348	  x6:0x00000006  x2:0x00000003
       70609000	      3428	800032e2	4111	c.li	x2,4	  x2=0x00000004
       70629000	      3429	800032e4	06230763	beq	x6,x2,80003352	  x6:0x00000006  x2:0x00000004
       70649000	      3430	800032e8	4115	c.li	x2,5	  x2=0x00000005
       70669000	      3431	800032ea	06230963	beq	x6,x2,8000335c	  x6:0x00000006  x2:0x00000005
       70689000	      3432	800032ee	4119	c.li	x2,6	  x2=0x00000006
       70709000	      3433	800032f0	06230b63	beq	x6,x2,80003366	  x6:0x00000006  x2:0x00000006
       70769000	      3436	80003366	3b602a73	csrrs	x20,pmpaddr6,x0	  x0:0x00000000 x20=0x20004702
       70789000	      3437	8000336a	3a1023f3	csrrs	x7,pmpcfg1,x0	  x0:0x00000000  x7=0x0f0f0f0f
       70809000	      3438	8000336e	a8b1	c.j	800033ca	
       70849000	      3440	800033ca	4991	c.li	x19,4	 x19=0x00000004
       70869000	      3441	800033cc	01e09313	slli	x6,x1,0x1e	  x1:0x00000006  x6=0x80000000
       70909000	      3443	800033d0	01e35313	srli	x6,x6,0x1e	  x6:0x80000000  x6=0x00000002
       70929000	      3444	800033d4	40698133	sub	x2,x19,x6	 x19:0x00000004  x6:0x00000002  x2=0x00000002
       70949000	      3445	800033d8	117d	c.addi	x2,-1	  x2:0x00000002  x2=0x00000001
       70969000	      3446	800033da	010e	c.slli	x2,0x3	  x2:0x00000001  x2=0x00000008
       70989000	      3447	800033dc	002399b3	sll	x19,x7,x2	  x7:0x0f0f0f0f  x2:0x00000008 x19=0x0f0f0f00
       71009000	      3448	800033e0	030e	c.slli	x6,0x3	  x6:0x00000002  x6=0x00000010
       71029000	      3449	800033e2	911a	c.add	x2,x6	  x2:0x00000008  x6:0x00000010  x2=0x00000018
       71049000	      3450	800033e4	0029d9b3	srl	x19,x19,x2	 x19:0x0f0f0f00  x2:0x00000018 x19=0x0000000f
       71069000	      3451	800033e8	01b99113	slli	x2,x19,0x1b	 x19:0x0000000f  x2=0x78000000
       71089000	      3452	800033ec	01e15113	srli	x2,x2,0x1e	  x2:0x78000000  x2=0x00000001
       71109000	      3453	800033f0	04010563	beq	x2,x0,8000343a	  x2:0x00000001  x0:0x00000000
       71129000	      3454	800033f4	4305	c.li	x6,1	  x6=0x00000001
       71149000	      3455	800033f6	04610363	beq	x2,x6,8000343c	  x2:0x00000001  x6:0x00000001
       71189000	      3457	8000343c	8306	c.mv	x6,x1	  x0:0x00000000  x1:0x00000006  x6=0x00000006
       71209000	      3458	8000343e	34302173	csrrs	x2,mtval,x0	  x0:0x00000000  x2=0x8ffffffc
       71229000	      3459	80003442	00215113	srli	x2,x2,0x2	  x2:0x8ffffffc  x2=0x23ffffff
       71249000	      3460	80003446	00031563	bne	x6,x0,80003450	  x6:0x00000006  x0:0x00000000
       71289000	      3462	80003450	fd1161e3	bltu	x2,x17,80003412	  x2:0x23ffffff x17:0x20003d68
       71309000	      3463	80003454	fb417fe3	bgeu	x2,x20,80003412	  x2:0x23ffffff x20:0x20004702
       71369000	      3466	80003412	8306	c.mv	x6,x1	  x0:0x00000000  x1:0x00000006  x6=0x00000006
       80849000	      3940	80003414	88d2	c.mv	x17,x20	  x0:0x00000000 x20:0x20004702 x17=0x20004702
       80869000	      3941	80003416	0305	c.addi	x6,1	  x6:0x00000006  x6=0x00000007
       80889000	      3942	80003418	809a	c.mv	x1,x6	  x0:0x00000000  x6:0x00000007  x1=0x00000007
       80909000	      3943	8000341a	4a41	c.li	x20,16	 x20=0x00000010
       80929000	      3944	8000341c	01435363	bge	x6,x20,80003422	  x6:0x00000007 x20:0x00000010
       80949000	      3945	80003420	b55d	c.j	800032c6	
       80989000	      3947	800032c6	8306	c.mv	x6,x1	  x0:0x00000000  x1:0x00000007  x6=0x00000007
       81009000	      3948	800032c8	811a	c.mv	x2,x6	  x0:0x00000000  x6:0x00000007  x2=0x00000007
       81029000	      3949	800032ca	4101	c.li	x2,0	  x2=0x00000000
       81049000	      3950	800032cc	04230f63	beq	x6,x2,8000332a	  x6:0x00000007  x2:0x00000000
       81069000	      3951	800032d0	4105	c.li	x2,1	  x2=0x00000001
       81089000	      3952	800032d2	06230163	beq	x6,x2,80003334	  x6:0x00000007  x2:0x00000001
       81109000	      3953	800032d6	4109	c.li	x2,2	  x2=0x00000002
       81129000	      3954	800032d8	06230363	beq	x6,x2,8000333e	  x6:0x00000007  x2:0x00000002
       81149000	      3955	800032dc	410d	c.li	x2,3	  x2=0x00000003
       81169000	      3956	800032de	06230563	beq	x6,x2,80003348	  x6:0x00000007  x2:0x00000003
       81189000	      3957	800032e2	4111	c.li	x2,4	  x2=0x00000004
       81209000	      3958	800032e4	06230763	beq	x6,x2,80003352	  x6:0x00000007  x2:0x00000004
       81229000	      3959	800032e8	4115	c.li	x2,5	  x2=0x00000005
       81249000	      3960	800032ea	06230963	beq	x6,x2,8000335c	  x6:0x00000007  x2:0x00000005
       81269000	      3961	800032ee	4119	c.li	x2,6	  x2=0x00000006
       81289000	      3962	800032f0	06230b63	beq	x6,x2,80003366	  x6:0x00000007  x2:0x00000006
       81309000	      3963	800032f4	411d	c.li	x2,7	  x2=0x00000007
       81329000	      3964	800032f6	06230d63	beq	x6,x2,80003370	  x6:0x00000007  x2:0x00000007
       81369000	      3966	80003370	3b702a73	csrrs	x20,pmpaddr7,x0	  x0:0x00000000 x20=0x2000509b
       81389000	      3967	80003374	3a1023f3	csrrs	x7,pmpcfg1,x0	  x0:0x00000000  x7=0x0f0f0f0f
       81789000	      3987	80003378	a889	c.j	800033ca	
       81829000	      3989	800033ca	4991	c.li	x19,4	 x19=0x00000004
       81849000	      3990	800033cc	01e09313	slli	x6,x1,0x1e	  x1:0x00000007  x6=0xc0000000
       81889000	      3992	800033d0	01e35313	srli	x6,x6,0x1e	  x6:0xc0000000  x6=0x00000003
       81909000	      3993	800033d4	40698133	sub	x2,x19,x6	 x19:0x00000004  x6:0x00000003  x2=0x00000001
       81929000	      3994	800033d8	117d	c.addi	x2,-1	  x2:0x00000001  x2=0x00000000
       81949000	      3995	800033da	010e	c.slli	x2,0x3	  x2:0x00000000  x2=0x00000000
       81969000	      3996	800033dc	002399b3	sll	x19,x7,x2	  x7:0x0f0f0f0f  x2:0x00000000 x19=0x0f0f0f0f
       81989000	      3997	800033e0	030e	c.slli	x6,0x3	  x6:0x00000003  x6=0x00000018
       82009000	      3998	800033e2	911a	c.add	x2,x6	  x2:0x00000000  x6:0x00000018  x2=0x00000018
       82029000	      3999	800033e4	0029d9b3	srl	x19,x19,x2	 x19:0x0f0f0f0f  x2:0x00000018 x19=0x0000000f
       82049000	      4000	800033e8	01b99113	slli	x2,x19,0x1b	 x19:0x0000000f  x2=0x78000000
       82069000	      4001	800033ec	01e15113	srli	x2,x2,0x1e	  x2:0x78000000  x2=0x00000001
       82089000	      4002	800033f0	04010563	beq	x2,x0,8000343a	  x2:0x00000001  x0:0x00000000
       82109000	      4003	800033f4	4305	c.li	x6,1	  x6=0x00000001
       82129000	      4004	800033f6	04610363	beq	x2,x6,8000343c	  x2:0x00000001  x6:0x00000001
       82169000	      4006	8000343c	8306	c.mv	x6,x1	  x0:0x00000000  x1:0x00000007  x6=0x00000007
       82189000	      4007	8000343e	34302173	csrrs	x2,mtval,x0	  x0:0x00000000  x2=0x8ffffffc
       82209000	      4008	80003442	00215113	srli	x2,x2,0x2	  x2:0x8ffffffc  x2=0x23ffffff
       82229000	      4009	80003446	00031563	bne	x6,x0,80003450	  x6:0x00000007  x0:0x00000000
       82269000	      4011	80003450	fd1161e3	bltu	x2,x17,80003412	  x2:0x23ffffff x17:0x20004702
       82289000	      4012	80003454	fb417fe3	bgeu	x2,x20,80003412	  x2:0x23ffffff x20:0x2000509b
       82329000	      4014	80003412	8306	c.mv	x6,x1	  x0:0x00000000  x1:0x00000007  x6=0x00000007
       82349000	      4015	80003414	88d2	c.mv	x17,x20	  x0:0x00000000 x20:0x2000509b x17=0x2000509b
       82369000	      4016	80003416	0305	c.addi	x6,1	  x6:0x00000007  x6=0x00000008
       82389000	      4017	80003418	809a	c.mv	x1,x6	  x0:0x00000000  x6:0x00000008  x1=0x00000008
       82409000	      4018	8000341a	4a41	c.li	x20,16	 x20=0x00000010
       82429000	      4019	8000341c	01435363	bge	x6,x20,80003422	  x6:0x00000008 x20:0x00000010
       82449000	      4020	80003420	b55d	c.j	800032c6	
       82489000	      4022	800032c6	8306	c.mv	x6,x1	  x0:0x00000000  x1:0x00000008  x6=0x00000008
       82509000	      4023	800032c8	811a	c.mv	x2,x6	  x0:0x00000000  x6:0x00000008  x2=0x00000008
       82529000	      4024	800032ca	4101	c.li	x2,0	  x2=0x00000000
       82549000	      4025	800032cc	04230f63	beq	x6,x2,8000332a	  x6:0x00000008  x2:0x00000000
       82569000	      4026	800032d0	4105	c.li	x2,1	  x2=0x00000001
       82589000	      4027	800032d2	06230163	beq	x6,x2,80003334	  x6:0x00000008  x2:0x00000001
       82609000	      4028	800032d6	4109	c.li	x2,2	  x2=0x00000002
       82629000	      4029	800032d8	06230363	beq	x6,x2,8000333e	  x6:0x00000008  x2:0x00000002
       82649000	      4030	800032dc	410d	c.li	x2,3	  x2=0x00000003
       82669000	      4031	800032de	06230563	beq	x6,x2,80003348	  x6:0x00000008  x2:0x00000003
       82689000	      4032	800032e2	4111	c.li	x2,4	  x2=0x00000004
       82709000	      4033	800032e4	06230763	beq	x6,x2,80003352	  x6:0x00000008  x2:0x00000004
       82729000	      4034	800032e8	4115	c.li	x2,5	  x2=0x00000005
       82749000	      4035	800032ea	06230963	beq	x6,x2,8000335c	  x6:0x00000008  x2:0x00000005
       82769000	      4036	800032ee	4119	c.li	x2,6	  x2=0x00000006
       82789000	      4037	800032f0	06230b63	beq	x6,x2,80003366	  x6:0x00000008  x2:0x00000006
       82809000	      4038	800032f4	411d	c.li	x2,7	  x2=0x00000007
       82829000	      4039	800032f6	06230d63	beq	x6,x2,80003370	  x6:0x00000008  x2:0x00000007
       82849000	      4040	800032fa	4121	c.li	x2,8	  x2=0x00000008
       82869000	      4041	800032fc	06230f63	beq	x6,x2,8000337a	  x6:0x00000008  x2:0x00000008
       82929000	      4044	8000337a	3b802a73	csrrs	x20,pmpaddr8,x0	  x0:0x00000000 x20=0x20005a35
       82949000	      4045	8000337e	3a2023f3	csrrs	x7,pmpcfg2,x0	  x0:0x00000000  x7=0x0f0f0f0f
       82969000	      4046	80003382	a0a1	c.j	800033ca	
       83029000	      4049	800033ca	4991	c.li	x19,4	 x19=0x00000004
       83049000	      4050	800033cc	01e09313	slli	x6,x1,0x1e	  x1:0x00000008  x6=0x00000000
       83069000	      4051	800033d0	01e35313	srli	x6,x6,0x1e	  x6:0x00000000  x6=0x00000000
       83089000	      4052	800033d4	40698133	sub	x2,x19,x6	 x19:0x00000004  x6:0x00000000  x2=0x00000004
       83109000	      4053	800033d8	117d	c.addi	x2,-1	  x2:0x00000004  x2=0x00000003
       83129000	      4054	800033da	010e	c.slli	x2,0x3	  x2:0x00000003  x2=0x00000018
       83149000	      4055	800033dc	002399b3	sll	x19,x7,x2	  x7:0x0f0f0f0f  x2:0x00000018 x19=0x0f000000
       83169000	      4056	800033e0	030e	c.slli	x6,0x3	  x6:0x00000000  x6=0x00000000
       83189000	      4057	800033e2	911a	c.add	x2,x6	  x2:0x00000018  x6:0x00000000  x2=0x00000018
       83209000	      4058	800033e4	0029d9b3	srl	x19,x19,x2	 x19:0x0f000000  x2:0x00000018 x19=0x0000000f
       83229000	      4059	800033e8	01b99113	slli	x2,x19,0x1b	 x19:0x0000000f  x2=0x78000000
       83249000	      4060	800033ec	01e15113	srli	x2,x2,0x1e	  x2:0x78000000  x2=0x00000001
       83269000	      4061	800033f0	04010563	beq	x2,x0,8000343a	  x2:0x00000001  x0:0x00000000
       83289000	      4062	800033f4	4305	c.li	x6,1	  x6=0x00000001
       83309000	      4063	800033f6	04610363	beq	x2,x6,8000343c	  x2:0x00000001  x6:0x00000001
       83349000	      4065	8000343c	8306	c.mv	x6,x1	  x0:0x00000000  x1:0x00000008  x6=0x00000008
       83369000	      4066	8000343e	34302173	csrrs	x2,mtval,x0	  x0:0x00000000  x2=0x8ffffffc
       83389000	      4067	80003442	00215113	srli	x2,x2,0x2	  x2:0x8ffffffc  x2=0x23ffffff
       83409000	      4068	80003446	00031563	bne	x6,x0,80003450	  x6:0x00000008  x0:0x00000000
       83449000	      4070	80003450	fd1161e3	bltu	x2,x17,80003412	  x2:0x23ffffff x17:0x2000509b
       83469000	      4071	80003454	fb417fe3	bgeu	x2,x20,80003412	  x2:0x23ffffff x20:0x20005a35
       83529000	      4074	80003412	8306	c.mv	x6,x1	  x0:0x00000000  x1:0x00000008  x6=0x00000008
       83549000	      4075	80003414	88d2	c.mv	x17,x20	  x0:0x00000000 x20:0x20005a35 x17=0x20005a35
       83569000	      4076	80003416	0305	c.addi	x6,1	  x6:0x00000008  x6=0x00000009
       83589000	      4077	80003418	809a	c.mv	x1,x6	  x0:0x00000000  x6:0x00000009  x1=0x00000009
       83609000	      4078	8000341a	4a41	c.li	x20,16	 x20=0x00000010
       83629000	      4079	8000341c	01435363	bge	x6,x20,80003422	  x6:0x00000009 x20:0x00000010
       83649000	      4080	80003420	b55d	c.j	800032c6	
       83689000	      4082	800032c6	8306	c.mv	x6,x1	  x0:0x00000000  x1:0x00000009  x6=0x00000009
       83709000	      4083	800032c8	811a	c.mv	x2,x6	  x0:0x00000000  x6:0x00000009  x2=0x00000009
       83729000	      4084	800032ca	4101	c.li	x2,0	  x2=0x00000000
       83749000	      4085	800032cc	04230f63	beq	x6,x2,8000332a	  x6:0x00000009  x2:0x00000000
       83809000	      4088	800032d0	4105	c.li	x2,1	  x2=0x00000001
       83829000	      4089	800032d2	06230163	beq	x6,x2,80003334	  x6:0x00000009  x2:0x00000001
       83849000	      4090	800032d6	4109	c.li	x2,2	  x2=0x00000002
       83869000	      4091	800032d8	06230363	beq	x6,x2,8000333e	  x6:0x00000009  x2:0x00000002
       83889000	      4092	800032dc	410d	c.li	x2,3	  x2=0x00000003
       83909000	      4093	800032de	06230563	beq	x6,x2,80003348	  x6:0x00000009  x2:0x00000003
       83929000	      4094	800032e2	4111	c.li	x2,4	  x2=0x00000004
       83949000	      4095	800032e4	06230763	beq	x6,x2,80003352	  x6:0x00000009  x2:0x00000004
       83969000	      4096	800032e8	4115	c.li	x2,5	  x2=0x00000005
       83989000	      4097	800032ea	06230963	beq	x6,x2,8000335c	  x6:0x00000009  x2:0x00000005
       84009000	      4098	800032ee	4119	c.li	x2,6	  x2=0x00000006
       84029000	      4099	800032f0	06230b63	beq	x6,x2,80003366	  x6:0x00000009  x2:0x00000006
       84049000	      4100	800032f4	411d	c.li	x2,7	  x2=0x00000007
       84069000	      4101	800032f6	06230d63	beq	x6,x2,80003370	  x6:0x00000009  x2:0x00000007
       84089000	      4102	800032fa	4121	c.li	x2,8	  x2=0x00000008
       84109000	      4103	800032fc	06230f63	beq	x6,x2,8000337a	  x6:0x00000009  x2:0x00000008
       84129000	      4104	80003300	4125	c.li	x2,9	  x2=0x00000009
       84149000	      4105	80003302	08230163	beq	x6,x2,80003384	  x6:0x00000009  x2:0x00000009
       84189000	      4107	80003384	3b902a73	csrrs	x20,pmpaddr9,x0	  x0:0x00000000 x20=0x200063ce
       84209000	      4108	80003388	3a2023f3	csrrs	x7,pmpcfg2,x0	  x0:0x00000000  x7=0x0f0f0f0f
       84229000	      4109	8000338c	a83d	c.j	800033ca	
       84289000	      4112	800033ca	4991	c.li	x19,4	 x19=0x00000004
       84309000	      4113	800033cc	01e09313	slli	x6,x1,0x1e	  x1:0x00000009  x6=0x40000000
       84329000	      4114	800033d0	01e35313	srli	x6,x6,0x1e	  x6:0x40000000  x6=0x00000001
       84349000	      4115	800033d4	40698133	sub	x2,x19,x6	 x19:0x00000004  x6:0x00000001  x2=0x00000003
       84369000	      4116	800033d8	117d	c.addi	x2,-1	  x2:0x00000003  x2=0x00000002
       84389000	      4117	800033da	010e	c.slli	x2,0x3	  x2:0x00000002  x2=0x00000010
       84409000	      4118	800033dc	002399b3	sll	x19,x7,x2	  x7:0x0f0f0f0f  x2:0x00000010 x19=0x0f0f0000
       84429000	      4119	800033e0	030e	c.slli	x6,0x3	  x6:0x00000001  x6=0x00000008
       84449000	      4120	800033e2	911a	c.add	x2,x6	  x2:0x00000010  x6:0x00000008  x2=0x00000018
       84469000	      4121	800033e4	0029d9b3	srl	x19,x19,x2	 x19:0x0f0f0000  x2:0x00000018 x19=0x0000000f
       84489000	      4122	800033e8	01b99113	slli	x2,x19,0x1b	 x19:0x0000000f  x2=0x78000000
       84509000	      4123	800033ec	01e15113	srli	x2,x2,0x1e	  x2:0x78000000  x2=0x00000001
       84529000	      4124	800033f0	04010563	beq	x2,x0,8000343a	  x2:0x00000001  x0:0x00000000
       84549000	      4125	800033f4	4305	c.li	x6,1	  x6=0x00000001
       84569000	      4126	800033f6	04610363	beq	x2,x6,8000343c	  x2:0x00000001  x6:0x00000001
       84609000	      4128	8000343c	8306	c.mv	x6,x1	  x0:0x00000000  x1:0x00000009  x6=0x00000009
       84629000	      4129	8000343e	34302173	csrrs	x2,mtval,x0	  x0:0x00000000  x2=0x8ffffffc
       84649000	      4130	80003442	00215113	srli	x2,x2,0x2	  x2:0x8ffffffc  x2=0x23ffffff
       84669000	      4131	80003446	00031563	bne	x6,x0,80003450	  x6:0x00000009  x0:0x00000000
       84709000	      4133	80003450	fd1161e3	bltu	x2,x17,80003412	  x2:0x23ffffff x17:0x20005a35
       84729000	      4134	80003454	fb417fe3	bgeu	x2,x20,80003412	  x2:0x23ffffff x20:0x200063ce
       84789000	      4137	80003412	8306	c.mv	x6,x1	  x0:0x00000000  x1:0x00000009  x6=0x00000009
       84809000	      4138	80003414	88d2	c.mv	x17,x20	  x0:0x00000000 x20:0x200063ce x17=0x200063ce
       84829000	      4139	80003416	0305	c.addi	x6,1	  x6:0x00000009  x6=0x0000000a
       84849000	      4140	80003418	809a	c.mv	x1,x6	  x0:0x00000000  x6:0x0000000a  x1=0x0000000a
       84869000	      4141	8000341a	4a41	c.li	x20,16	 x20=0x00000010
       84889000	      4142	8000341c	01435363	bge	x6,x20,80003422	  x6:0x0000000a x20:0x00000010
       84909000	      4143	80003420	b55d	c.j	800032c6	
       84949000	      4145	800032c6	8306	c.mv	x6,x1	  x0:0x00000000  x1:0x0000000a  x6=0x0000000a
       84969000	      4146	800032c8	811a	c.mv	x2,x6	  x0:0x00000000  x6:0x0000000a  x2=0x0000000a
       84989000	      4147	800032ca	4101	c.li	x2,0	  x2=0x00000000
       85009000	      4148	800032cc	04230f63	beq	x6,x2,8000332a	  x6:0x0000000a  x2:0x00000000
       85029000	      4149	800032d0	4105	c.li	x2,1	  x2=0x00000001
       85049000	      4150	800032d2	06230163	beq	x6,x2,80003334	  x6:0x0000000a  x2:0x00000001
       85069000	      4151	800032d6	4109	c.li	x2,2	  x2=0x00000002
       85089000	      4152	800032d8	06230363	beq	x6,x2,8000333e	  x6:0x0000000a  x2:0x00000002
       85109000	      4153	800032dc	410d	c.li	x2,3	  x2=0x00000003
       85129000	      4154	800032de	06230563	beq	x6,x2,80003348	  x6:0x0000000a  x2:0x00000003
       85149000	      4155	800032e2	4111	c.li	x2,4	  x2=0x00000004
       85169000	      4156	800032e4	06230763	beq	x6,x2,80003352	  x6:0x0000000a  x2:0x00000004
       85189000	      4157	800032e8	4115	c.li	x2,5	  x2=0x00000005
       85209000	      4158	800032ea	06230963	beq	x6,x2,8000335c	  x6:0x0000000a  x2:0x00000005
       85229000	      4159	800032ee	4119	c.li	x2,6	  x2=0x00000006
       85249000	      4160	800032f0	06230b63	beq	x6,x2,80003366	  x6:0x0000000a  x2:0x00000006
       85269000	      4161	800032f4	411d	c.li	x2,7	  x2=0x00000007
       85289000	      4162	800032f6	06230d63	beq	x6,x2,80003370	  x6:0x0000000a  x2:0x00000007
       85309000	      4163	800032fa	4121	c.li	x2,8	  x2=0x00000008
       85329000	      4164	800032fc	06230f63	beq	x6,x2,8000337a	  x6:0x0000000a  x2:0x00000008
       85349000	      4165	80003300	4125	c.li	x2,9	  x2=0x00000009
       85369000	      4166	80003302	08230163	beq	x6,x2,80003384	  x6:0x0000000a  x2:0x00000009
       85389000	      4167	80003306	4129	c.li	x2,10	  x2=0x0000000a
       85409000	      4168	80003308	08230363	beq	x6,x2,8000338e	  x6:0x0000000a  x2:0x0000000a
       85469000	      4171	8000338e	3ba02a73	csrrs	x20,pmpaddr10,x0	  x0:0x00000000 x20=0x20006d68
       85489000	      4172	80003392	3a2023f3	csrrs	x7,pmpcfg2,x0	  x0:0x00000000  x7=0x0f0f0f0f
       85509000	      4173	80003396	a815	c.j	800033ca	
       85549000	      4175	800033ca	4991	c.li	x19,4	 x19=0x00000004
       85569000	      4176	800033cc	01e09313	slli	x6,x1,0x1e	  x1:0x0000000a  x6=0x80000000
       85629000	      4179	800033d0	01e35313	srli	x6,x6,0x1e	  x6:0x80000000  x6=0x00000002
       85649000	      4180	800033d4	40698133	sub	x2,x19,x6	 x19:0x00000004  x6:0x00000002  x2=0x00000002
       85669000	      4181	800033d8	117d	c.addi	x2,-1	  x2:0x00000002  x2=0x00000001
       85689000	      4182	800033da	010e	c.slli	x2,0x3	  x2:0x00000001  x2=0x00000008
       85709000	      4183	800033dc	002399b3	sll	x19,x7,x2	  x7:0x0f0f0f0f  x2:0x00000008 x19=0x0f0f0f00
       85729000	      4184	800033e0	030e	c.slli	x6,0x3	  x6:0x00000002  x6=0x00000010
       85749000	      4185	800033e2	911a	c.add	x2,x6	  x2:0x00000008  x6:0x00000010  x2=0x00000018
       85769000	      4186	800033e4	0029d9b3	srl	x19,x19,x2	 x19:0x0f0f0f00  x2:0x00000018 x19=0x0000000f
       85789000	      4187	800033e8	01b99113	slli	x2,x19,0x1b	 x19:0x0000000f  x2=0x78000000
       85809000	      4188	800033ec	01e15113	srli	x2,x2,0x1e	  x2:0x78000000  x2=0x00000001
       85829000	      4189	800033f0	04010563	beq	x2,x0,8000343a	  x2:0x00000001  x0:0x00000000
       85849000	      4190	800033f4	4305	c.li	x6,1	  x6=0x00000001
       85869000	      4191	800033f6	04610363	beq	x2,x6,8000343c	  x2:0x00000001  x6:0x00000001
       85909000	      4193	8000343c	8306	c.mv	x6,x1	  x0:0x00000000  x1:0x0000000a  x6=0x0000000a
       85929000	      4194	8000343e	34302173	csrrs	x2,mtval,x0	  x0:0x00000000  x2=0x8ffffffc
       85949000	      4195	80003442	00215113	srli	x2,x2,0x2	  x2:0x8ffffffc  x2=0x23ffffff
       86009000	      4198	80003446	00031563	bne	x6,x0,80003450	  x6:0x0000000a  x0:0x00000000
       86069000	      4201	80003450	fd1161e3	bltu	x2,x17,80003412	  x2:0x23ffffff x17:0x200063ce
       86089000	      4202	80003454	fb417fe3	bgeu	x2,x20,80003412	  x2:0x23ffffff x20:0x20006d68
       86149000	      4205	80003412	8306	c.mv	x6,x1	  x0:0x00000000  x1:0x0000000a  x6=0x0000000a
       86169000	      4206	80003414	88d2	c.mv	x17,x20	  x0:0x00000000 x20:0x20006d68 x17=0x20006d68
       86189000	      4207	80003416	0305	c.addi	x6,1	  x6:0x0000000a  x6=0x0000000b
       86209000	      4208	80003418	809a	c.mv	x1,x6	  x0:0x00000000  x6:0x0000000b  x1=0x0000000b
       86229000	      4209	8000341a	4a41	c.li	x20,16	 x20=0x00000010
       86249000	      4210	8000341c	01435363	bge	x6,x20,80003422	  x6:0x0000000b x20:0x00000010
       86269000	      4211	80003420	b55d	c.j	800032c6	
       86309000	      4213	800032c6	8306	c.mv	x6,x1	  x0:0x00000000  x1:0x0000000b  x6=0x0000000b
       86329000	      4214	800032c8	811a	c.mv	x2,x6	  x0:0x00000000  x6:0x0000000b  x2=0x0000000b
       86349000	      4215	800032ca	4101	c.li	x2,0	  x2=0x00000000
       86369000	      4216	800032cc	04230f63	beq	x6,x2,8000332a	  x6:0x0000000b  x2:0x00000000
       86389000	      4217	800032d0	4105	c.li	x2,1	  x2=0x00000001
       86409000	      4218	800032d2	06230163	beq	x6,x2,80003334	  x6:0x0000000b  x2:0x00000001
       86429000	      4219	800032d6	4109	c.li	x2,2	  x2=0x00000002
       86449000	      4220	800032d8	06230363	beq	x6,x2,8000333e	  x6:0x0000000b  x2:0x00000002
       86469000	      4221	800032dc	410d	c.li	x2,3	  x2=0x00000003
       86489000	      4222	800032de	06230563	beq	x6,x2,80003348	  x6:0x0000000b  x2:0x00000003
       86509000	      4223	800032e2	4111	c.li	x2,4	  x2=0x00000004
       86529000	      4224	800032e4	06230763	beq	x6,x2,80003352	  x6:0x0000000b  x2:0x00000004
       86549000	      4225	800032e8	4115	c.li	x2,5	  x2=0x00000005
       86569000	      4226	800032ea	06230963	beq	x6,x2,8000335c	  x6:0x0000000b  x2:0x00000005
       86589000	      4227	800032ee	4119	c.li	x2,6	  x2=0x00000006
       86609000	      4228	800032f0	06230b63	beq	x6,x2,80003366	  x6:0x0000000b  x2:0x00000006
       86629000	      4229	800032f4	411d	c.li	x2,7	  x2=0x00000007
       86649000	      4230	800032f6	06230d63	beq	x6,x2,80003370	  x6:0x0000000b  x2:0x00000007
       86669000	      4231	800032fa	4121	c.li	x2,8	  x2=0x00000008
       86689000	      4232	800032fc	06230f63	beq	x6,x2,8000337a	  x6:0x0000000b  x2:0x00000008
       86709000	      4233	80003300	4125	c.li	x2,9	  x2=0x00000009
       86729000	      4234	80003302	08230163	beq	x6,x2,80003384	  x6:0x0000000b  x2:0x00000009
       86749000	      4235	80003306	4129	c.li	x2,10	  x2=0x0000000a
       86769000	      4236	80003308	08230363	beq	x6,x2,8000338e	  x6:0x0000000b  x2:0x0000000a
       86789000	      4237	8000330c	412d	c.li	x2,11	  x2=0x0000000b
       86809000	      4238	8000330e	08230563	beq	x6,x2,80003398	  x6:0x0000000b  x2:0x0000000b
       86849000	      4240	80003398	3bb02a73	csrrs	x20,pmpaddr11,x0	  x0:0x00000000 x20=0x20007701
       86869000	      4241	8000339c	3a2023f3	csrrs	x7,pmpcfg2,x0	  x0:0x00000000  x7=0x0f0f0f0f
       86889000	      4242	800033a0	a02d	c.j	800033ca	
       86929000	      4244	800033ca	4991	c.li	x19,4	 x19=0x00000004
       86949000	      4245	800033cc	01e09313	slli	x6,x1,0x1e	  x1:0x0000000b  x6=0xc0000000
       86969000	      4246	800033d0	01e35313	srli	x6,x6,0x1e	  x6:0xc0000000  x6=0x00000003
       86989000	      4247	800033d4	40698133	sub	x2,x19,x6	 x19:0x00000004  x6:0x00000003  x2=0x00000001
       87009000	      4248	800033d8	117d	c.addi	x2,-1	  x2:0x00000001  x2=0x00000000
       87029000	      4249	800033da	010e	c.slli	x2,0x3	  x2:0x00000000  x2=0x00000000
       87049000	      4250	800033dc	002399b3	sll	x19,x7,x2	  x7:0x0f0f0f0f  x2:0x00000000 x19=0x0f0f0f0f
       87069000	      4251	800033e0	030e	c.slli	x6,0x3	  x6:0x00000003  x6=0x00000018
       87089000	      4252	800033e2	911a	c.add	x2,x6	  x2:0x00000000  x6:0x00000018  x2=0x00000018
       87109000	      4253	800033e4	0029d9b3	srl	x19,x19,x2	 x19:0x0f0f0f0f  x2:0x00000018 x19=0x0000000f
       87129000	      4254	800033e8	01b99113	slli	x2,x19,0x1b	 x19:0x0000000f  x2=0x78000000
       87149000	      4255	800033ec	01e15113	srli	x2,x2,0x1e	  x2:0x78000000  x2=0x00000001
       87169000	      4256	800033f0	04010563	beq	x2,x0,8000343a	  x2:0x00000001  x0:0x00000000
       87189000	      4257	800033f4	4305	c.li	x6,1	  x6=0x00000001
       87209000	      4258	800033f6	04610363	beq	x2,x6,8000343c	  x2:0x00000001  x6:0x00000001
       87249000	      4260	8000343c	8306	c.mv	x6,x1	  x0:0x00000000  x1:0x0000000b  x6=0x0000000b
       87269000	      4261	8000343e	34302173	csrrs	x2,mtval,x0	  x0:0x00000000  x2=0x8ffffffc
       87289000	      4262	80003442	00215113	srli	x2,x2,0x2	  x2:0x8ffffffc  x2=0x23ffffff
       87309000	      4263	80003446	00031563	bne	x6,x0,80003450	  x6:0x0000000b  x0:0x00000000
       87349000	      4265	80003450	fd1161e3	bltu	x2,x17,80003412	  x2:0x23ffffff x17:0x20006d68
       87369000	      4266	80003454	fb417fe3	bgeu	x2,x20,80003412	  x2:0x23ffffff x20:0x20007701
       87429000	      4269	80003412	8306	c.mv	x6,x1	  x0:0x00000000  x1:0x0000000b  x6=0x0000000b
       87449000	      4270	80003414	88d2	c.mv	x17,x20	  x0:0x00000000 x20:0x20007701 x17=0x20007701
       87469000	      4271	80003416	0305	c.addi	x6,1	  x6:0x0000000b  x6=0x0000000c
       87489000	      4272	80003418	809a	c.mv	x1,x6	  x0:0x00000000  x6:0x0000000c  x1=0x0000000c
       87509000	      4273	8000341a	4a41	c.li	x20,16	 x20=0x00000010
       87529000	      4274	8000341c	01435363	bge	x6,x20,80003422	  x6:0x0000000c x20:0x00000010
       87549000	      4275	80003420	b55d	c.j	800032c6	
       87589000	      4277	800032c6	8306	c.mv	x6,x1	  x0:0x00000000  x1:0x0000000c  x6=0x0000000c
       87609000	      4278	800032c8	811a	c.mv	x2,x6	  x0:0x00000000  x6:0x0000000c  x2=0x0000000c
       87629000	      4279	800032ca	4101	c.li	x2,0	  x2=0x00000000
       87649000	      4280	800032cc	04230f63	beq	x6,x2,8000332a	  x6:0x0000000c  x2:0x00000000
       87669000	      4281	800032d0	4105	c.li	x2,1	  x2=0x00000001
       87689000	      4282	800032d2	06230163	beq	x6,x2,80003334	  x6:0x0000000c  x2:0x00000001
       87709000	      4283	800032d6	4109	c.li	x2,2	  x2=0x00000002
       87729000	      4284	800032d8	06230363	beq	x6,x2,8000333e	  x6:0x0000000c  x2:0x00000002
       87749000	      4285	800032dc	410d	c.li	x2,3	  x2=0x00000003
       87769000	      4286	800032de	06230563	beq	x6,x2,80003348	  x6:0x0000000c  x2:0x00000003
       87789000	      4287	800032e2	4111	c.li	x2,4	  x2=0x00000004
       87809000	      4288	800032e4	06230763	beq	x6,x2,80003352	  x6:0x0000000c  x2:0x00000004
       87829000	      4289	800032e8	4115	c.li	x2,5	  x2=0x00000005
       87849000	      4290	800032ea	06230963	beq	x6,x2,8000335c	  x6:0x0000000c  x2:0x00000005
       87869000	      4291	800032ee	4119	c.li	x2,6	  x2=0x00000006
       87889000	      4292	800032f0	06230b63	beq	x6,x2,80003366	  x6:0x0000000c  x2:0x00000006
       87909000	      4293	800032f4	411d	c.li	x2,7	  x2=0x00000007
       87929000	      4294	800032f6	06230d63	beq	x6,x2,80003370	  x6:0x0000000c  x2:0x00000007
       87949000	      4295	800032fa	4121	c.li	x2,8	  x2=0x00000008
       87969000	      4296	800032fc	06230f63	beq	x6,x2,8000337a	  x6:0x0000000c  x2:0x00000008
       87989000	      4297	80003300	4125	c.li	x2,9	  x2=0x00000009
       88009000	      4298	80003302	08230163	beq	x6,x2,80003384	  x6:0x0000000c  x2:0x00000009
       88029000	      4299	80003306	4129	c.li	x2,10	  x2=0x0000000a
       88049000	      4300	80003308	08230363	beq	x6,x2,8000338e	  x6:0x0000000c  x2:0x0000000a
       88069000	      4301	8000330c	412d	c.li	x2,11	  x2=0x0000000b
       88089000	      4302	8000330e	08230563	beq	x6,x2,80003398	  x6:0x0000000c  x2:0x0000000b
       88109000	      4303	80003312	4131	c.li	x2,12	  x2=0x0000000c
       88129000	      4304	80003314	08230763	beq	x6,x2,800033a2	  x6:0x0000000c  x2:0x0000000c
       88189000	      4307	800033a2	3bc02a73	csrrs	x20,pmpaddr12,x0	  x0:0x00000000 x20=0x2000809b
       88209000	      4308	800033a6	3a3023f3	csrrs	x7,pmpcfg3,x0	  x0:0x00000000  x7=0x0f0f0f0f
       88229000	      4309	800033aa	a005	c.j	800033ca	
       88289000	      4312	800033ca	4991	c.li	x19,4	 x19=0x00000004
       88309000	      4313	800033cc	01e09313	slli	x6,x1,0x1e	  x1:0x0000000c  x6=0x00000000
       88369000	      4316	800033d0	01e35313	srli	x6,x6,0x1e	  x6:0x00000000  x6=0x00000000
       88389000	      4317	800033d4	40698133	sub	x2,x19,x6	 x19:0x00000004  x6:0x00000000  x2=0x00000004
       88449000	      4320	800033d8	117d	c.addi	x2,-1	  x2:0x00000004  x2=0x00000003
       88469000	      4321	800033da	010e	c.slli	x2,0x3	  x2:0x00000003  x2=0x00000018
       88489000	      4322	800033dc	002399b3	sll	x19,x7,x2	  x7:0x0f0f0f0f  x2:0x00000018 x19=0x0f000000
       88509000	      4323	800033e0	030e	c.slli	x6,0x3	  x6:0x00000000  x6=0x00000000
       88529000	      4324	800033e2	911a	c.add	x2,x6	  x2:0x00000018  x6:0x00000000  x2=0x00000018
       88549000	      4325	800033e4	0029d9b3	srl	x19,x19,x2	 x19:0x0f000000  x2:0x00000018 x19=0x0000000f
       88569000	      4326	800033e8	01b99113	slli	x2,x19,0x1b	 x19:0x0000000f  x2=0x78000000
       88589000	      4327	800033ec	01e15113	srli	x2,x2,0x1e	  x2:0x78000000  x2=0x00000001
       88609000	      4328	800033f0	04010563	beq	x2,x0,8000343a	  x2:0x00000001  x0:0x00000000
       88629000	      4329	800033f4	4305	c.li	x6,1	  x6=0x00000001
       88649000	      4330	800033f6	04610363	beq	x2,x6,8000343c	  x2:0x00000001  x6:0x00000001
       88689000	      4332	8000343c	8306	c.mv	x6,x1	  x0:0x00000000  x1:0x0000000c  x6=0x0000000c
       88709000	      4333	8000343e	34302173	csrrs	x2,mtval,x0	  x0:0x00000000  x2=0x8ffffffc
       88729000	      4334	80003442	00215113	srli	x2,x2,0x2	  x2:0x8ffffffc  x2=0x23ffffff
       88789000	      4337	80003446	00031563	bne	x6,x0,80003450	  x6:0x0000000c  x0:0x00000000
       88849000	      4340	80003450	fd1161e3	bltu	x2,x17,80003412	  x2:0x23ffffff x17:0x20007701
       88869000	      4341	80003454	fb417fe3	bgeu	x2,x20,80003412	  x2:0x23ffffff x20:0x2000809b
       88909000	      4343	80003412	8306	c.mv	x6,x1	  x0:0x00000000  x1:0x0000000c  x6=0x0000000c
       88929000	      4344	80003414	88d2	c.mv	x17,x20	  x0:0x00000000 x20:0x2000809b x17=0x2000809b
       88949000	      4345	80003416	0305	c.addi	x6,1	  x6:0x0000000c  x6=0x0000000d
       88969000	      4346	80003418	809a	c.mv	x1,x6	  x0:0x00000000  x6:0x0000000d  x1=0x0000000d
       88989000	      4347	8000341a	4a41	c.li	x20,16	 x20=0x00000010
       89009000	      4348	8000341c	01435363	bge	x6,x20,80003422	  x6:0x0000000d x20:0x00000010
       89029000	      4349	80003420	b55d	c.j	800032c6	
       89069000	      4351	800032c6	8306	c.mv	x6,x1	  x0:0x00000000  x1:0x0000000d  x6=0x0000000d
       89089000	      4352	800032c8	811a	c.mv	x2,x6	  x0:0x00000000  x6:0x0000000d  x2=0x0000000d
       89109000	      4353	800032ca	4101	c.li	x2,0	  x2=0x00000000
       89129000	      4354	800032cc	04230f63	beq	x6,x2,8000332a	  x6:0x0000000d  x2:0x00000000
       89149000	      4355	800032d0	4105	c.li	x2,1	  x2=0x00000001
       89169000	      4356	800032d2	06230163	beq	x6,x2,80003334	  x6:0x0000000d  x2:0x00000001
       89189000	      4357	800032d6	4109	c.li	x2,2	  x2=0x00000002
       89209000	      4358	800032d8	06230363	beq	x6,x2,8000333e	  x6:0x0000000d  x2:0x00000002
       89229000	      4359	800032dc	410d	c.li	x2,3	  x2=0x00000003
       89249000	      4360	800032de	06230563	beq	x6,x2,80003348	  x6:0x0000000d  x2:0x00000003
       89269000	      4361	800032e2	4111	c.li	x2,4	  x2=0x00000004
       89289000	      4362	800032e4	06230763	beq	x6,x2,80003352	  x6:0x0000000d  x2:0x00000004
       89309000	      4363	800032e8	4115	c.li	x2,5	  x2=0x00000005
       89329000	      4364	800032ea	06230963	beq	x6,x2,8000335c	  x6:0x0000000d  x2:0x00000005
       89349000	      4365	800032ee	4119	c.li	x2,6	  x2=0x00000006
       89369000	      4366	800032f0	06230b63	beq	x6,x2,80003366	  x6:0x0000000d  x2:0x00000006
       89389000	      4367	800032f4	411d	c.li	x2,7	  x2=0x00000007
       89409000	      4368	800032f6	06230d63	beq	x6,x2,80003370	  x6:0x0000000d  x2:0x00000007
       89429000	      4369	800032fa	4121	c.li	x2,8	  x2=0x00000008
       89449000	      4370	800032fc	06230f63	beq	x6,x2,8000337a	  x6:0x0000000d  x2:0x00000008
       89469000	      4371	80003300	4125	c.li	x2,9	  x2=0x00000009
       89489000	      4372	80003302	08230163	beq	x6,x2,80003384	  x6:0x0000000d  x2:0x00000009
       89509000	      4373	80003306	4129	c.li	x2,10	  x2=0x0000000a
       89529000	      4374	80003308	08230363	beq	x6,x2,8000338e	  x6:0x0000000d  x2:0x0000000a
       89549000	      4375	8000330c	412d	c.li	x2,11	  x2=0x0000000b
       89569000	      4376	8000330e	08230563	beq	x6,x2,80003398	  x6:0x0000000d  x2:0x0000000b
       89589000	      4377	80003312	4131	c.li	x2,12	  x2=0x0000000c
       89609000	      4378	80003314	08230763	beq	x6,x2,800033a2	  x6:0x0000000d  x2:0x0000000c
       89629000	      4379	80003318	4135	c.li	x2,13	  x2=0x0000000d
       89649000	      4380	8000331a	08230963	beq	x6,x2,800033ac	  x6:0x0000000d  x2:0x0000000d
       89689000	      4382	800033ac	3bd02a73	csrrs	x20,pmpaddr13,x0	  x0:0x00000000 x20=0x20008a34
       89709000	      4383	800033b0	3a3023f3	csrrs	x7,pmpcfg3,x0	  x0:0x00000000  x7=0x0f0f0f0f
       89729000	      4384	800033b4	a819	c.j	800033ca	
       89769000	      4386	800033ca	4991	c.li	x19,4	 x19=0x00000004
       89789000	      4387	800033cc	01e09313	slli	x6,x1,0x1e	  x1:0x0000000d  x6=0x40000000
       89809000	      4388	800033d0	01e35313	srli	x6,x6,0x1e	  x6:0x40000000  x6=0x00000001
       89829000	      4389	800033d4	40698133	sub	x2,x19,x6	 x19:0x00000004  x6:0x00000001  x2=0x00000003
       89849000	      4390	800033d8	117d	c.addi	x2,-1	  x2:0x00000003  x2=0x00000002
       89869000	      4391	800033da	010e	c.slli	x2,0x3	  x2:0x00000002  x2=0x00000010
       89889000	      4392	800033dc	002399b3	sll	x19,x7,x2	  x7:0x0f0f0f0f  x2:0x00000010 x19=0x0f0f0000
       89909000	      4393	800033e0	030e	c.slli	x6,0x3	  x6:0x00000001  x6=0x00000008
       89929000	      4394	800033e2	911a	c.add	x2,x6	  x2:0x00000010  x6:0x00000008  x2=0x00000018
       89949000	      4395	800033e4	0029d9b3	srl	x19,x19,x2	 x19:0x0f0f0000  x2:0x00000018 x19=0x0000000f
       89969000	      4396	800033e8	01b99113	slli	x2,x19,0x1b	 x19:0x0000000f  x2=0x78000000
       89989000	      4397	800033ec	01e15113	srli	x2,x2,0x1e	  x2:0x78000000  x2=0x00000001
       90009000	      4398	800033f0	04010563	beq	x2,x0,8000343a	  x2:0x00000001  x0:0x00000000
       90029000	      4399	800033f4	4305	c.li	x6,1	  x6=0x00000001
       90049000	      4400	800033f6	04610363	beq	x2,x6,8000343c	  x2:0x00000001  x6:0x00000001
       90089000	      4402	8000343c	8306	c.mv	x6,x1	  x0:0x00000000  x1:0x0000000d  x6=0x0000000d
       90109000	      4403	8000343e	34302173	csrrs	x2,mtval,x0	  x0:0x00000000  x2=0x8ffffffc
       90129000	      4404	80003442	00215113	srli	x2,x2,0x2	  x2:0x8ffffffc  x2=0x23ffffff
       90149000	      4405	80003446	00031563	bne	x6,x0,80003450	  x6:0x0000000d  x0:0x00000000
       90189000	      4407	80003450	fd1161e3	bltu	x2,x17,80003412	  x2:0x23ffffff x17:0x2000809b
       90209000	      4408	80003454	fb417fe3	bgeu	x2,x20,80003412	  x2:0x23ffffff x20:0x20008a34
       90269000	      4411	80003412	8306	c.mv	x6,x1	  x0:0x00000000  x1:0x0000000d  x6=0x0000000d
       90289000	      4412	80003414	88d2	c.mv	x17,x20	  x0:0x00000000 x20:0x20008a34 x17=0x20008a34
       90309000	      4413	80003416	0305	c.addi	x6,1	  x6:0x0000000d  x6=0x0000000e
       90329000	      4414	80003418	809a	c.mv	x1,x6	  x0:0x00000000  x6:0x0000000e  x1=0x0000000e
       90349000	      4415	8000341a	4a41	c.li	x20,16	 x20=0x00000010
       90369000	      4416	8000341c	01435363	bge	x6,x20,80003422	  x6:0x0000000e x20:0x00000010
       90389000	      4417	80003420	b55d	c.j	800032c6	
       90429000	      4419	800032c6	8306	c.mv	x6,x1	  x0:0x00000000  x1:0x0000000e  x6=0x0000000e
       90449000	      4420	800032c8	811a	c.mv	x2,x6	  x0:0x00000000  x6:0x0000000e  x2=0x0000000e
       90469000	      4421	800032ca	4101	c.li	x2,0	  x2=0x00000000
       90489000	      4422	800032cc	04230f63	beq	x6,x2,8000332a	  x6:0x0000000e  x2:0x00000000
       90509000	      4423	800032d0	4105	c.li	x2,1	  x2=0x00000001
       90529000	      4424	800032d2	06230163	beq	x6,x2,80003334	  x6:0x0000000e  x2:0x00000001
       90549000	      4425	800032d6	4109	c.li	x2,2	  x2=0x00000002
       90569000	      4426	800032d8	06230363	beq	x6,x2,8000333e	  x6:0x0000000e  x2:0x00000002
       90589000	      4427	800032dc	410d	c.li	x2,3	  x2=0x00000003
       90609000	      4428	800032de	06230563	beq	x6,x2,80003348	  x6:0x0000000e  x2:0x00000003
       90629000	      4429	800032e2	4111	c.li	x2,4	  x2=0x00000004
       90649000	      4430	800032e4	06230763	beq	x6,x2,80003352	  x6:0x0000000e  x2:0x00000004
       90669000	      4431	800032e8	4115	c.li	x2,5	  x2=0x00000005
       90689000	      4432	800032ea	06230963	beq	x6,x2,8000335c	  x6:0x0000000e  x2:0x00000005
       90709000	      4433	800032ee	4119	c.li	x2,6	  x2=0x00000006
       90729000	      4434	800032f0	06230b63	beq	x6,x2,80003366	  x6:0x0000000e  x2:0x00000006
       90749000	      4435	800032f4	411d	c.li	x2,7	  x2=0x00000007
       90769000	      4436	800032f6	06230d63	beq	x6,x2,80003370	  x6:0x0000000e  x2:0x00000007
       90789000	      4437	800032fa	4121	c.li	x2,8	  x2=0x00000008
       90809000	      4438	800032fc	06230f63	beq	x6,x2,8000337a	  x6:0x0000000e  x2:0x00000008
       90829000	      4439	80003300	4125	c.li	x2,9	  x2=0x00000009
       90849000	      4440	80003302	08230163	beq	x6,x2,80003384	  x6:0x0000000e  x2:0x00000009
       90869000	      4441	80003306	4129	c.li	x2,10	  x2=0x0000000a
       90889000	      4442	80003308	08230363	beq	x6,x2,8000338e	  x6:0x0000000e  x2:0x0000000a
       90909000	      4443	8000330c	412d	c.li	x2,11	  x2=0x0000000b
       90929000	      4444	8000330e	08230563	beq	x6,x2,80003398	  x6:0x0000000e  x2:0x0000000b
       90949000	      4445	80003312	4131	c.li	x2,12	  x2=0x0000000c
       90969000	      4446	80003314	08230763	beq	x6,x2,800033a2	  x6:0x0000000e  x2:0x0000000c
       90989000	      4447	80003318	4135	c.li	x2,13	  x2=0x0000000d
       91009000	      4448	8000331a	08230963	beq	x6,x2,800033ac	  x6:0x0000000e  x2:0x0000000d
       91029000	      4449	8000331e	4139	c.li	x2,14	  x2=0x0000000e
       91049000	      4450	80003320	08230b63	beq	x6,x2,800033b6	  x6:0x0000000e  x2:0x0000000e
       91109000	      4453	800033b6	3be02a73	csrrs	x20,pmpaddr14,x0	  x0:0x00000000 x20=0x200093ce
       91129000	      4454	800033ba	3a3023f3	csrrs	x7,pmpcfg3,x0	  x0:0x00000000  x7=0x0f0f0f0f
       91149000	      4455	800033be	a031	c.j	800033ca	
       91189000	      4457	800033ca	4991	c.li	x19,4	 x19=0x00000004
       91209000	      4458	800033cc	01e09313	slli	x6,x1,0x1e	  x1:0x0000000e  x6=0x80000000
       91229000	      4459	800033d0	01e35313	srli	x6,x6,0x1e	  x6:0x80000000  x6=0x00000002
       91249000	      4460	800033d4	40698133	sub	x2,x19,x6	 x19:0x00000004  x6:0x00000002  x2=0x00000002
       91309000	      4463	800033d8	117d	c.addi	x2,-1	  x2:0x00000002  x2=0x00000001
       91329000	      4464	800033da	010e	c.slli	x2,0x3	  x2:0x00000001  x2=0x00000008
       91349000	      4465	800033dc	002399b3	sll	x19,x7,x2	  x7:0x0f0f0f0f  x2:0x00000008 x19=0x0f0f0f00
       91409000	      4468	800033e0	030e	c.slli	x6,0x3	  x6:0x00000002  x6=0x00000010
       91429000	      4469	800033e2	911a	c.add	x2,x6	  x2:0x00000008  x6:0x00000010  x2=0x00000018
       91449000	      4470	800033e4	0029d9b3	srl	x19,x19,x2	 x19:0x0f0f0f00  x2:0x00000018 x19=0x0000000f
       91509000	      4473	800033e8	01b99113	slli	x2,x19,0x1b	 x19:0x0000000f  x2=0x78000000
       91529000	      4474	800033ec	01e15113	srli	x2,x2,0x1e	  x2:0x78000000  x2=0x00000001
       91589000	      4477	800033f0	04010563	beq	x2,x0,8000343a	  x2:0x00000001  x0:0x00000000
       91609000	      4478	800033f4	4305	c.li	x6,1	  x6=0x00000001
       91629000	      4479	800033f6	04610363	beq	x2,x6,8000343c	  x2:0x00000001  x6:0x00000001
       91669000	      4481	8000343c	8306	c.mv	x6,x1	  x0:0x00000000  x1:0x0000000e  x6=0x0000000e
       91689000	      4482	8000343e	34302173	csrrs	x2,mtval,x0	  x0:0x00000000  x2=0x8ffffffc
       91709000	      4483	80003442	00215113	srli	x2,x2,0x2	  x2:0x8ffffffc  x2=0x23ffffff
       91729000	      4484	80003446	00031563	bne	x6,x0,80003450	  x6:0x0000000e  x0:0x00000000
       91769000	      4486	80003450	fd1161e3	bltu	x2,x17,80003412	  x2:0x23ffffff x17:0x20008a34
       91789000	      4487	80003454	fb417fe3	bgeu	x2,x20,80003412	  x2:0x23ffffff x20:0x200093ce
       91849000	      4490	80003412	8306	c.mv	x6,x1	  x0:0x00000000  x1:0x0000000e  x6=0x0000000e
       91869000	      4491	80003414	88d2	c.mv	x17,x20	  x0:0x00000000 x20:0x200093ce x17=0x200093ce
       91889000	      4492	80003416	0305	c.addi	x6,1	  x6:0x0000000e  x6=0x0000000f
       91909000	      4493	80003418	809a	c.mv	x1,x6	  x0:0x00000000  x6:0x0000000f  x1=0x0000000f
       91929000	      4494	8000341a	4a41	c.li	x20,16	 x20=0x00000010
       91949000	      4495	8000341c	01435363	bge	x6,x20,80003422	  x6:0x0000000f x20:0x00000010
       91969000	      4496	80003420	b55d	c.j	800032c6	
       92009000	      4498	800032c6	8306	c.mv	x6,x1	  x0:0x00000000  x1:0x0000000f  x6=0x0000000f
       92029000	      4499	800032c8	811a	c.mv	x2,x6	  x0:0x00000000  x6:0x0000000f  x2=0x0000000f
       92049000	      4500	800032ca	4101	c.li	x2,0	  x2=0x00000000
       92069000	      4501	800032cc	04230f63	beq	x6,x2,8000332a	  x6:0x0000000f  x2:0x00000000
       92089000	      4502	800032d0	4105	c.li	x2,1	  x2=0x00000001
       92109000	      4503	800032d2	06230163	beq	x6,x2,80003334	  x6:0x0000000f  x2:0x00000001
       92129000	      4504	800032d6	4109	c.li	x2,2	  x2=0x00000002
       92149000	      4505	800032d8	06230363	beq	x6,x2,8000333e	  x6:0x0000000f  x2:0x00000002
       92169000	      4506	800032dc	410d	c.li	x2,3	  x2=0x00000003
       92189000	      4507	800032de	06230563	beq	x6,x2,80003348	  x6:0x0000000f  x2:0x00000003
       92209000	      4508	800032e2	4111	c.li	x2,4	  x2=0x00000004
       92229000	      4509	800032e4	06230763	beq	x6,x2,80003352	  x6:0x0000000f  x2:0x00000004
       92249000	      4510	800032e8	4115	c.li	x2,5	  x2=0x00000005
       92269000	      4511	800032ea	06230963	beq	x6,x2,8000335c	  x6:0x0000000f  x2:0x00000005
       92289000	      4512	800032ee	4119	c.li	x2,6	  x2=0x00000006
       92309000	      4513	800032f0	06230b63	beq	x6,x2,80003366	  x6:0x0000000f  x2:0x00000006
       92329000	      4514	800032f4	411d	c.li	x2,7	  x2=0x00000007
       92349000	      4515	800032f6	06230d63	beq	x6,x2,80003370	  x6:0x0000000f  x2:0x00000007
       92369000	      4516	800032fa	4121	c.li	x2,8	  x2=0x00000008
       92389000	      4517	800032fc	06230f63	beq	x6,x2,8000337a	  x6:0x0000000f  x2:0x00000008
       92409000	      4518	80003300	4125	c.li	x2,9	  x2=0x00000009
       92429000	      4519	80003302	08230163	beq	x6,x2,80003384	  x6:0x0000000f  x2:0x00000009
       92449000	      4520	80003306	4129	c.li	x2,10	  x2=0x0000000a
       92469000	      4521	80003308	08230363	beq	x6,x2,8000338e	  x6:0x0000000f  x2:0x0000000a
       92489000	      4522	8000330c	412d	c.li	x2,11	  x2=0x0000000b
       92509000	      4523	8000330e	08230563	beq	x6,x2,80003398	  x6:0x0000000f  x2:0x0000000b
       92529000	      4524	80003312	4131	c.li	x2,12	  x2=0x0000000c
       92549000	      4525	80003314	08230763	beq	x6,x2,800033a2	  x6:0x0000000f  x2:0x0000000c
       92569000	      4526	80003318	4135	c.li	x2,13	  x2=0x0000000d
       92589000	      4527	8000331a	08230963	beq	x6,x2,800033ac	  x6:0x0000000f  x2:0x0000000d
       92609000	      4528	8000331e	4139	c.li	x2,14	  x2=0x0000000e
       92629000	      4529	80003320	08230b63	beq	x6,x2,800033b6	  x6:0x0000000f  x2:0x0000000e
       92649000	      4530	80003324	413d	c.li	x2,15	  x2=0x0000000f
       92669000	      4531	80003326	08230d63	beq	x6,x2,800033c0	  x6:0x0000000f  x2:0x0000000f
       92709000	      4533	800033c0	3bf02a73	csrrs	x20,pmpaddr15,x0	  x0:0x00000000 x20=0x20009d67
       92729000	      4534	800033c4	3a3023f3	csrrs	x7,pmpcfg3,x0	  x0:0x00000000  x7=0x0f0f0f0f
       92749000	      4535	800033c8	a009	c.j	800033ca	
       92789000	      4537	800033ca	4991	c.li	x19,4	 x19=0x00000004
       92809000	      4538	800033cc	01e09313	slli	x6,x1,0x1e	  x1:0x0000000f  x6=0xc0000000
       92829000	      4539	800033d0	01e35313	srli	x6,x6,0x1e	  x6:0xc0000000  x6=0x00000003
       92849000	      4540	800033d4	40698133	sub	x2,x19,x6	 x19:0x00000004  x6:0x00000003  x2=0x00000001
       92869000	      4541	800033d8	117d	c.addi	x2,-1	  x2:0x00000001  x2=0x00000000
       92889000	      4542	800033da	010e	c.slli	x2,0x3	  x2:0x00000000  x2=0x00000000
       92909000	      4543	800033dc	002399b3	sll	x19,x7,x2	  x7:0x0f0f0f0f  x2:0x00000000 x19=0x0f0f0f0f
       92929000	      4544	800033e0	030e	c.slli	x6,0x3	  x6:0x00000003  x6=0x00000018
       92949000	      4545	800033e2	911a	c.add	x2,x6	  x2:0x00000000  x6:0x00000018  x2=0x00000018
       92969000	      4546	800033e4	0029d9b3	srl	x19,x19,x2	 x19:0x0f0f0f0f  x2:0x00000018 x19=0x0000000f
       92989000	      4547	800033e8	01b99113	slli	x2,x19,0x1b	 x19:0x0000000f  x2=0x78000000
       93009000	      4548	800033ec	01e15113	srli	x2,x2,0x1e	  x2:0x78000000  x2=0x00000001
       93029000	      4549	800033f0	04010563	beq	x2,x0,8000343a	  x2:0x00000001  x0:0x00000000
       93049000	      4550	800033f4	4305	c.li	x6,1	  x6=0x00000001
       93069000	      4551	800033f6	04610363	beq	x2,x6,8000343c	  x2:0x00000001  x6:0x00000001
       93109000	      4553	8000343c	8306	c.mv	x6,x1	  x0:0x00000000  x1:0x0000000f  x6=0x0000000f
       93129000	      4554	8000343e	34302173	csrrs	x2,mtval,x0	  x0:0x00000000  x2=0x8ffffffc
       93149000	      4555	80003442	00215113	srli	x2,x2,0x2	  x2:0x8ffffffc  x2=0x23ffffff
       93169000	      4556	80003446	00031563	bne	x6,x0,80003450	  x6:0x0000000f  x0:0x00000000
       93209000	      4558	80003450	fd1161e3	bltu	x2,x17,80003412	  x2:0x23ffffff x17:0x200093ce
       93229000	      4559	80003454	fb417fe3	bgeu	x2,x20,80003412	  x2:0x23ffffff x20:0x20009d67
       93289000	      4562	80003412	8306	c.mv	x6,x1	  x0:0x00000000  x1:0x0000000f  x6=0x0000000f
       93309000	      4563	80003414	88d2	c.mv	x17,x20	  x0:0x00000000 x20:0x20009d67 x17=0x20009d67
       93329000	      4564	80003416	0305	c.addi	x6,1	  x6:0x0000000f  x6=0x00000010
       93349000	      4565	80003418	809a	c.mv	x1,x6	  x0:0x00000000  x6:0x00000010  x1=0x00000010
       93369000	      4566	8000341a	4a41	c.li	x20,16	 x20=0x00000010
       93389000	      4567	8000341c	01435363	bge	x6,x20,80003422	  x6:0x00000010 x20:0x00000010
       93469000	      4571	80003422	74702373	csrrs	x6,0x747,x0	  x0:0x00000000  x6=0x00000000
       93489000	      4572	80003426	00237313	andi	x6,x6,2	  x6:0x00000000  x6=0x00000000
       93509000	      4573	8000342a	08031163	bne	x6,x0,800034ac	  x6:0x00000000  x0:0x00000000
       93909000	      4593	8000342e	ffffd317	auipc	x6,0xffffd	  x6=0x8000042e
       93989000	      4597	80003432	1d230313	addi	x6,x6,466	  x6:0x8000042e  x6=0x80000600
       94009000	      4598	80003436	00030067	jalr	x0,0(x6)	  x6:0x80000600  x0=0x00000000
       94049000	      4600	80000600	90000a37	lui	x20,0x90000	 x20=0x90000000
       94069000	      4601	80000604	1a61	c.addi	x20,-8	 x20:0x90000000 x20=0x8ffffff8
       94089000	      4602	80000606	4301	c.li	x6,0	  x6=0x00000000
       94109000	      4603	80000608	0322	c.slli	x6,0x8	  x6:0x00000000  x6=0x00000000
       94129000	      4604	8000060a	0305	c.addi	x6,1	  x6:0x00000000  x6=0x00000001
       94189000	      4607	8000060c	006a2023	sw	x6,0(x20)	 x20:0x8ffffff8  x6:0x00000001 PA:0x8ffffff8 store:0x00000001 load:0xffffffff
       94309000	      4613	80000610	00000073	ecall	
       94369000	      4616	80002800	0800006f	jal	x0,80002880	  x0=0x00000000
       94429000	      4619	80002880	1771	c.addi	x14,-4	 x14:0x8002cc60 x14=0x8002cc5c
      108689000	      5332	80002882	c310	c.sw	x12,0(x14)	 x14:0x8002cc5c x12:0x8002cc60 PA:0x8002cc5c store:0x8002cc60 load:0xffffffff
      108709000	      5333	80002884	00070633	add	x12,x14,x0	 x14:0x8002cc5c  x0:0x00000000 x12=0x8002cc5c
      108729000	      5334	80002888	f8060613	addi	x12,x12,-128	 x12:0x8002cc5c x12=0x8002cbdc
      108789000	      5337	8000288c	00162223	sw	x1,4(x12)	 x12:0x8002cbdc  x1:0x00000010 PA:0x8002cbe0 store:0x00000010 load:0xffffffff
      108809000	      5338	80002890	00262423	sw	x2,8(x12)	 x12:0x8002cbdc  x2:0x23ffffff PA:0x8002cbe4 store:0x23ffffff load:0xffffffff
      108829000	      5339	80002894	00362623	sw	x3,12(x12)	 x12:0x8002cbdc  x3:0x80000000 PA:0x8002cbe8 store:0x80000000 load:0xffffffff
      108849000	      5340	80002898	00462823	sw	x4,16(x12)	 x12:0x8002cbdc  x4:0x0000000c PA:0x8002cbec store:0x0000000c load:0xffffffff
      109049000	      5350	8000289c	00562a23	sw	x5,20(x12)	 x12:0x8002cbdc  x5:0x00000000 PA:0x8002cbf0 store:0x00000000 load:0xffffffff
      109089000	      5352	800028a0	00662c23	sw	x6,24(x12)	 x12:0x8002cbdc  x6:0x00000001 PA:0x8002cbf4 store:0x00000001 load:0xffffffff
      109189000	      5357	800028a4	00762e23	sw	x7,28(x12)	 x12:0x8002cbdc  x7:0x0f0f0f0f PA:0x8002cbf8 store:0x0f0f0f0f load:0xffffffff
      109549000	      5375	800028a8	d200	c.sw	x8,32(x12)	 x12:0x8002cbdc  x8:0x7d002bf2 PA:0x8002cbfc store:0x7d002bf2 load:0xffffffff
      109769000	      5386	800028aa	d244	c.sw	x9,36(x12)	 x12:0x8002cbdc  x9:0xf1dbedbc PA:0x8002cc00 store:0xf1dbedbc load:0xffffffff
      110229000	      5409	800028ac	d608	c.sw	x10,40(x12)	 x12:0x8002cbdc x10:0x0000000f PA:0x8002cc04 store:0x0000000f load:0xffffffff
      110309000	      5413	800028ae	d64c	c.sw	x11,44(x12)	 x12:0x8002cbdc x11:0x00000004 PA:0x8002cc08 store:0x00000004 load:0xffffffff
      110329000	      5414	800028b0	da10	c.sw	x12,48(x12)	 x12:0x8002cbdc x12:0x8002cbdc PA:0x8002cc0c store:0x8002cbdc load:0xffffffff
      110529000	      5424	800028b2	da54	c.sw	x13,52(x12)	 x12:0x8002cbdc x13:0x80000000 PA:0x8002cc10 store:0x80000000 load:0xffffffff
      110949000	      5445	800028b4	de18	c.sw	x14,56(x12)	 x12:0x8002cbdc x14:0x8002cc5c PA:0x8002cc14 store:0x8002cc5c load:0xffffffff
      111009000	      5448	800028b6	de5c	c.sw	x15,60(x12)	 x12:0x8002cbdc x15:0x00000000 PA:0x8002cc18 store:0x00000000 load:0xffffffff
      111129000	      5454	800028b8	05062023	sw	x16,64(x12)	 x12:0x8002cbdc x16:0x89831c15 PA:0x8002cc1c store:0x89831c15 load:0xffffffff
      111189000	      5457	800028bc	05162223	sw	x17,68(x12)	 x12:0x8002cbdc x17:0x20009d67 PA:0x8002cc20 store:0x20009d67 load:0xffffffff
      111309000	      5463	800028c0	05262423	sw	x18,72(x12)	 x12:0x8002cbdc x18:0x0000000b PA:0x8002cc24 store:0x0000000b load:0xffffffff
      111369000	      5466	800028c4	05362623	sw	x19,76(x12)	 x12:0x8002cbdc x19:0x0000000f PA:0x8002cc28 store:0x0000000f load:0xffffffff
      111389000	      5467	800028c8	05462823	sw	x20,80(x12)	 x12:0x8002cbdc x20:0x8ffffff8 PA:0x8002cc2c store:0x8ffffff8 load:0xffffffff
      112009000	      5498	800028cc	05562a23	sw	x21,84(x12)	 x12:0x8002cbdc x21:0x00000000 PA:0x8002cc30 store:0x00000000 load:0xffffffff
      112069000	      5501	800028d0	05662c23	sw	x22,88(x12)	 x12:0x8002cbdc x22:0x5d61cb07 PA:0x8002cc34 store:0x5d61cb07 load:0xffffffff
      112129000	      5504	800028d4	05762e23	sw	x23,92(x12)	 x12:0x8002cbdc x23:0xfcf81713 PA:0x8002cc38 store:0xfcf81713 load:0xffffffff
      112589000	      5527	800028d8	07862023	sw	x24,96(x12)	 x12:0x8002cbdc x24:0xfe0c57bf PA:0x8002cc3c store:0xfe0c57bf load:0xffffffff
      112649000	      5530	800028dc	07962223	sw	x25,100(x12)	 x12:0x8002cbdc x25:0x00000000 PA:0x8002cc40 store:0x00000000 load:0xffffffff
      112829000	      5539	800028e0	07a62423	sw	x26,104(x12)	 x12:0x8002cbdc x26:0xf54ee372 PA:0x8002cc44 store:0xf54ee372 load:0xffffffff
      113369000	      5566	800028e4	07b62623	sw	x27,108(x12)	 x12:0x8002cbdc x27:0x00000000 PA:0x8002cc48 store:0x00000000 load:0xffffffff
      113429000	      5569	800028e8	07c62823	sw	x28,112(x12)	 x12:0x8002cbdc x28:0x2cb92a77 PA:0x8002cc4c store:0x2cb92a77 load:0xffffffff
      113449000	      5570	800028ec	07d62a23	sw	x29,116(x12)	 x12:0x8002cbdc x29:0x80000000 PA:0x8002cc50 store:0x80000000 load:0xffffffff
      113469000	      5571	800028f0	07e62c23	sw	x30,120(x12)	 x12:0x8002cbdc x30:0x80000000 PA:0x8002cc54 store:0x80000000 load:0xffffffff
      113489000	      5572	800028f4	07f62e23	sw	x31,124(x12)	 x12:0x8002cbdc x31:0xfb3728a3 PA:0x8002cc58 store:0xfb3728a3 load:0xffffffff
      113509000	      5573	800028f8	00060733	add	x14,x12,x0	 x12:0x8002cbdc  x0:0x00000000 x14=0x8002cbdc
      113529000	      5574	800028fc	90000a37	lui	x20,0x90000	 x20=0x90000000
      113549000	      5575	80002900	1a71	c.addi	x20,-4	 x20:0x90000000 x20=0x8ffffffc
      113569000	      5576	80002902	4321	c.li	x6,8	  x6=0x00000008
      113589000	      5577	80002904	0322	c.slli	x6,0x8	  x6:0x00000008  x6=0x00000800
      113609000	      5578	80002906	00030313	addi	x6,x6,0	  x6:0x00000800  x6=0x00000800
      113769000	      5586	8000290a	006a2023	sw	x6,0(x20)	 x20:0x8ffffffc  x6:0x00000800 PA:0x8ffffffc store:0x00000800 load:0xffffffff
      113789000	      5587	8000290e	34102373	csrrs	x6,mepc,x0	  x0:0x00000000  x6=0x80000610
      113809000	      5588	80002912	34202373	csrrs	x6,mcause,x0	  x0:0x00000000  x6=0x0000000b
      113829000	      5589	80002916	4a0d	c.li	x20,3	 x20=0x00000003
      113849000	      5590	80002918	01431463	bne	x6,x20,80002920	  x6:0x0000000b x20:0x00000003
      113889000	      5592	80002920	4a21	c.li	x20,8	 x20=0x00000008
      113909000	      5593	80002922	05430d63	beq	x6,x20,8000297c	  x6:0x0000000b x20:0x00000008
      113929000	      5594	80002926	4a25	c.li	x20,9	 x20=0x00000009
      113949000	      5595	80002928	05430a63	beq	x6,x20,8000297c	  x6:0x0000000b x20:0x00000009
      113969000	      5596	8000292c	4a2d	c.li	x20,11	 x20=0x0000000b
      113989000	      5597	8000292e	05430763	beq	x6,x20,8000297c	  x6:0x0000000b x20:0x0000000b
      114069000	      5601	8000297c	90000a37	lui	x20,0x90000	 x20=0x90000000
      114309000	      5613	80002980	1a71	c.addi	x20,-4	 x20:0x90000000 x20=0x8ffffffc
      114329000	      5614	80002982	6305	c.lui	x6,0x1	  x6=0x00001000
      114349000	      5615	80002984	b0030313	addi	x6,x6,-1280	  x6:0x00001000  x6=0x00000b00
      114589000	      5627	80002988	0322	c.slli	x6,0x8	  x6:0x00000b00  x6=0x000b0000
      114609000	      5628	8000298a	030d	c.addi	x6,3	  x6:0x000b0000  x6=0x000b0003
      114909000	      5643	8000298c	006a2023	sw	x6,0(x20)	 x20:0x8ffffffc  x6:0x000b0003 PA:0x8ffffffc store:0x000b0003 load:0xffffffff
      114949000	      5645	80002990	b0002373	csrrs	x6,mcycle,x0	  x0:0x00000000  x6=0x0000160a
      115109000	      5653	80002994	006a2023	sw	x6,0(x20)	 x20:0x8ffffffc  x6:0x0000160a PA:0x8ffffffc store:0x0000160a load:0xffffffff
      115129000	      5654	80002998	90000a37	lui	x20,0x90000	 x20=0x90000000
      115149000	      5655	8000299c	1a71	c.addi	x20,-4	 x20:0x90000000 x20=0x8ffffffc
      115169000	      5656	8000299e	6305	c.lui	x6,0x1	  x6=0x00001000
      115189000	      5657	800029a0	b8030313	addi	x6,x6,-1152	  x6:0x00001000  x6=0x00000b80
      115309000	      5663	800029a4	0322	c.slli	x6,0x8	  x6:0x00000b80  x6=0x000b8000
      115329000	      5664	800029a6	030d	c.addi	x6,3	  x6:0x000b8000  x6=0x000b8003
      115469000	      5671	800029a8	006a2023	sw	x6,0(x20)	 x20:0x8ffffffc  x6:0x000b8003 PA:0x8ffffffc store:0x000b8003 load:0xffffffff
      115489000	      5672	800029ac	b8002373	csrrs	x6,mcycleh,x0	  x0:0x00000000  x6=0x00000000
      115509000	      5673	800029b0	006a2023	sw	x6,0(x20)	 x20:0x8ffffffc  x6:0x00000000 PA:0x8ffffffc store:0x00000000 load:0xffffffff
      115649000	      5680	800029b4	90000a37	lui	x20,0x90000	 x20=0x90000000
      115669000	      5681	800029b8	1a71	c.addi	x20,-4	 x20:0x90000000 x20=0x8ffffffc
      115689000	      5682	800029ba	6305	c.lui	x6,0x1	  x6=0x00001000
      116089000	      5702	800029bc	b0330313	addi	x6,x6,-1277	  x6:0x00001000  x6=0x00000b03
      116189000	      5707	800029c0	0322	c.slli	x6,0x8	  x6:0x00000b03  x6=0x000b0300
      116209000	      5708	800029c2	030d	c.addi	x6,3	  x6:0x000b0300  x6=0x000b0303
      116469000	      5721	800029c4	006a2023	sw	x6,0(x20)	 x20:0x8ffffffc  x6:0x000b0303 PA:0x8ffffffc store:0x000b0303 load:0xffffffff
      116489000	      5722	800029c8	b0302373	csrrs	x6,mhpmcounter3,x0	  x0:0x00000000  x6=0x00000175
      116869000	      5741	800029cc	006a2023	sw	x6,0(x20)	 x20:0x8ffffffc  x6:0x00000175 PA:0x8ffffffc store:0x00000175 load:0xffffffff
      116889000	      5742	800029d0	90000a37	lui	x20,0x90000	 x20=0x90000000
      116909000	      5743	800029d4	1a71	c.addi	x20,-4	 x20:0x90000000 x20=0x8ffffffc
      116929000	      5744	800029d6	6305	c.lui	x6,0x1	  x6=0x00001000
      116949000	      5745	800029d8	b8330313	addi	x6,x6,-1149	  x6:0x00001000  x6=0x00000b83
      117049000	      5750	800029dc	0322	c.slli	x6,0x8	  x6:0x00000b83  x6=0x000b8300
      117069000	      5751	800029de	030d	c.addi	x6,3	  x6:0x000b8300  x6=0x000b8303
      117169000	      5756	800029e0	006a2023	sw	x6,0(x20)	 x20:0x8ffffffc  x6:0x000b8303 PA:0x8ffffffc store:0x000b8303 load:0xffffffff
      117189000	      5757	800029e4	b8302373	csrrs	x6,mhpmcounter3h,x0	  x0:0x00000000  x6=0x00000000
      117549000	      5775	800029e8	006a2023	sw	x6,0(x20)	 x20:0x8ffffffc  x6:0x00000000 PA:0x8ffffffc store:0x00000000 load:0xffffffff
      117929000	      5794	800029ec	90000a37	lui	x20,0x90000	 x20=0x90000000
      118149000	      5805	800029f0	1a71	c.addi	x20,-4	 x20:0x90000000 x20=0x8ffffffc
      118169000	      5806	800029f2	6305	c.lui	x6,0x1	  x6=0x00001000
      118189000	      5807	800029f4	b0430313	addi	x6,x6,-1276	  x6:0x00001000  x6=0x00000b04
      118209000	      5808	800029f8	0322	c.slli	x6,0x8	  x6:0x00000b04  x6=0x000b0400
      118229000	      5809	800029fa	030d	c.addi	x6,3	  x6:0x000b0400  x6=0x000b0403
      118429000	      5819	800029fc	006a2023	sw	x6,0(x20)	 x20:0x8ffffffc  x6:0x000b0403 PA:0x8ffffffc store:0x000b0403 load:0xffffffff
      118489000	      5822	80002a00	b0402373	csrrs	x6,mhpmcounter4,x0	  x0:0x00000000  x6=0x00000922
      119109000	      5853	80002a04	006a2023	sw	x6,0(x20)	 x20:0x8ffffffc  x6:0x00000922 PA:0x8ffffffc store:0x00000922 load:0xffffffff
      119329000	      5864	80002a08	90000a37	lui	x20,0x90000	 x20=0x90000000
      119589000	      5877	80002a0c	1a71	c.addi	x20,-4	 x20:0x90000000 x20=0x8ffffffc
      119609000	      5878	80002a0e	6305	c.lui	x6,0x1	  x6=0x00001000
      119629000	      5879	80002a10	b8430313	addi	x6,x6,-1148	  x6:0x00001000  x6=0x00000b84
      119849000	      5890	80002a14	0322	c.slli	x6,0x8	  x6:0x00000b84  x6=0x000b8400
      119869000	      5891	80002a16	030d	c.addi	x6,3	  x6:0x000b8400  x6=0x000b8403
      120509000	      5923	80002a18	006a2023	sw	x6,0(x20)	 x20:0x8ffffffc  x6:0x000b8403 PA:0x8ffffffc store:0x000b8403 load:0xffffffff
      120529000	      5924	80002a1c	b8402373	csrrs	x6,mhpmcounter4h,x0	  x0:0x00000000  x6=0x00000000
      120789000	      5937	80002a20	006a2023	sw	x6,0(x20)	 x20:0x8ffffffc  x6:0x00000000 PA:0x8ffffffc store:0x00000000 load:0xffffffff
      120809000	      5938	80002a24	90000a37	lui	x20,0x90000	 x20=0x90000000
      120829000	      5939	80002a28	1a71	c.addi	x20,-4	 x20:0x90000000 x20=0x8ffffffc
      120849000	      5940	80002a2a	6305	c.lui	x6,0x1	  x6=0x00001000
      120869000	      5941	80002a2c	b0530313	addi	x6,x6,-1275	  x6:0x00001000  x6=0x00000b05
      120889000	      5942	80002a30	0322	c.slli	x6,0x8	  x6:0x00000b05  x6=0x000b0500
      120909000	      5943	80002a32	030d	c.addi	x6,3	  x6:0x000b0500  x6=0x000b0503
      120969000	      5946	80002a34	006a2023	sw	x6,0(x20)	 x20:0x8ffffffc  x6:0x000b0503 PA:0x8ffffffc store:0x000b0503 load:0xffffffff
      121289000	      5962	80002a38	b0502373	csrrs	x6,mhpmcounter5,x0	  x0:0x00000000  x6=0x00000000
      121649000	      5980	80002a3c	006a2023	sw	x6,0(x20)	 x20:0x8ffffffc  x6:0x00000000 PA:0x8ffffffc store:0x00000000 load:0xffffffff
      121669000	      5981	80002a40	90000a37	lui	x20,0x90000	 x20=0x90000000
      121689000	      5982	80002a44	1a71	c.addi	x20,-4	 x20:0x90000000 x20=0x8ffffffc
      121709000	      5983	80002a46	6305	c.lui	x6,0x1	  x6=0x00001000
      121729000	      5984	80002a48	b8530313	addi	x6,x6,-1147	  x6:0x00001000  x6=0x00000b85
      121789000	      5987	80002a4c	0322	c.slli	x6,0x8	  x6:0x00000b85  x6=0x000b8500
      121809000	      5988	80002a4e	030d	c.addi	x6,3	  x6:0x000b8500  x6=0x000b8503
      122269000	      6011	80002a50	006a2023	sw	x6,0(x20)	 x20:0x8ffffffc  x6:0x000b8503 PA:0x8ffffffc store:0x000b8503 load:0xffffffff
      122289000	      6012	80002a54	b8502373	csrrs	x6,mhpmcounter5h,x0	  x0:0x00000000  x6=0x00000000
      122349000	      6015	80002a58	006a2023	sw	x6,0(x20)	 x20:0x8ffffffc  x6:0x00000000 PA:0x8ffffffc store:0x00000000 load:0xffffffff
      122369000	      6016	80002a5c	90000a37	lui	x20,0x90000	 x20=0x90000000
      122389000	      6017	80002a60	1a71	c.addi	x20,-4	 x20:0x90000000 x20=0x8ffffffc
      122409000	      6018	80002a62	6305	c.lui	x6,0x1	  x6=0x00001000
      122429000	      6019	80002a64	b0630313	addi	x6,x6,-1274	  x6:0x00001000  x6=0x00000b06
      122449000	      6020	80002a68	0322	c.slli	x6,0x8	  x6:0x00000b06  x6=0x000b0600
      122469000	      6021	80002a6a	030d	c.addi	x6,3	  x6:0x000b0600  x6=0x000b0603
      122789000	      6037	80002a6c	006a2023	sw	x6,0(x20)	 x20:0x8ffffffc  x6:0x000b0603 PA:0x8ffffffc store:0x000b0603 load:0xffffffff
      122809000	      6038	80002a70	b0602373	csrrs	x6,mhpmcounter6,x0	  x0:0x00000000  x6=0x0000005c
      123209000	      6058	80002a74	006a2023	sw	x6,0(x20)	 x20:0x8ffffffc  x6:0x0000005c PA:0x8ffffffc store:0x0000005c load:0xffffffff
      123229000	      6059	80002a78	90000a37	lui	x20,0x90000	 x20=0x90000000
      123249000	      6060	80002a7c	1a71	c.addi	x20,-4	 x20:0x90000000 x20=0x8ffffffc
      123269000	      6061	80002a7e	6305	c.lui	x6,0x1	  x6=0x00001000
      123289000	      6062	80002a80	b8630313	addi	x6,x6,-1146	  x6:0x00001000  x6=0x00000b86
      123309000	      6063	80002a84	0322	c.slli	x6,0x8	  x6:0x00000b86  x6=0x000b8600
      123329000	      6064	80002a86	030d	c.addi	x6,3	  x6:0x000b8600  x6=0x000b8603
      123529000	      6074	80002a88	006a2023	sw	x6,0(x20)	 x20:0x8ffffffc  x6:0x000b8603 PA:0x8ffffffc store:0x000b8603 load:0xffffffff
      123549000	      6075	80002a8c	b8602373	csrrs	x6,mhpmcounter6h,x0	  x0:0x00000000  x6=0x00000000
      123569000	      6076	80002a90	006a2023	sw	x6,0(x20)	 x20:0x8ffffffc  x6:0x00000000 PA:0x8ffffffc store:0x00000000 load:0xffffffff
      123869000	      6091	80002a94	90000a37	lui	x20,0x90000	 x20=0x90000000
      123889000	      6092	80002a98	1a71	c.addi	x20,-4	 x20:0x90000000 x20=0x8ffffffc
      123909000	      6093	80002a9a	6305	c.lui	x6,0x1	  x6=0x00001000
      123929000	      6094	80002a9c	b0730313	addi	x6,x6,-1273	  x6:0x00001000  x6=0x00000b07
      123949000	      6095	80002aa0	0322	c.slli	x6,0x8	  x6:0x00000b07  x6=0x000b0700
      123969000	      6096	80002aa2	030d	c.addi	x6,3	  x6:0x000b0700  x6=0x000b0703
      124189000	      6107	80002aa4	006a2023	sw	x6,0(x20)	 x20:0x8ffffffc  x6:0x000b0703 PA:0x8ffffffc store:0x000b0703 load:0xffffffff
      124369000	      6116	80002aa8	b0702373	csrrs	x6,mhpmcounter7,x0	  x0:0x00000000  x6=0x00000024
      124829000	      6139	80002aac	006a2023	sw	x6,0(x20)	 x20:0x8ffffffc  x6:0x00000024 PA:0x8ffffffc store:0x00000024 load:0xffffffff
      124849000	      6140	80002ab0	90000a37	lui	x20,0x90000	 x20=0x90000000
      125229000	      6159	80002ab4	1a71	c.addi	x20,-4	 x20:0x90000000 x20=0x8ffffffc
      125249000	      6160	80002ab6	6305	c.lui	x6,0x1	  x6=0x00001000
      125269000	      6161	80002ab8	b8730313	addi	x6,x6,-1145	  x6:0x00001000  x6=0x00000b87
      125409000	      6168	80002abc	0322	c.slli	x6,0x8	  x6:0x00000b87  x6=0x000b8700
      125429000	      6169	80002abe	030d	c.addi	x6,3	  x6:0x000b8700  x6=0x000b8703
      126229000	      6209	80002ac0	006a2023	sw	x6,0(x20)	 x20:0x8ffffffc  x6:0x000b8703 PA:0x8ffffffc store:0x000b8703 load:0xffffffff
      126249000	      6210	80002ac4	b8702373	csrrs	x6,mhpmcounter7h,x0	  x0:0x00000000  x6=0x00000000
      126309000	      6213	80002ac8	006a2023	sw	x6,0(x20)	 x20:0x8ffffffc  x6:0x00000000 PA:0x8ffffffc store:0x00000000 load:0xffffffff
      126569000	      6226	80002acc	90000a37	lui	x20,0x90000	 x20=0x90000000
      126589000	      6227	80002ad0	1a71	c.addi	x20,-4	 x20:0x90000000 x20=0x8ffffffc
      126609000	      6228	80002ad2	6305	c.lui	x6,0x1	  x6=0x00001000
      126629000	      6229	80002ad4	b0830313	addi	x6,x6,-1272	  x6:0x00001000  x6=0x00000b08
      126649000	      6230	80002ad8	0322	c.slli	x6,0x8	  x6:0x00000b08  x6=0x000b0800
      126669000	      6231	80002ada	030d	c.addi	x6,3	  x6:0x000b0800  x6=0x000b0803
      126929000	      6244	80002adc	006a2023	sw	x6,0(x20)	 x20:0x8ffffffc  x6:0x000b0803 PA:0x8ffffffc store:0x000b0803 load:0xffffffff
      126949000	      6245	80002ae0	b0802373	csrrs	x6,mhpmcounter8,x0	  x0:0x00000000  x6=0x000000f4
      127209000	      6258	80002ae4	006a2023	sw	x6,0(x20)	 x20:0x8ffffffc  x6:0x000000f4 PA:0x8ffffffc store:0x000000f4 load:0xffffffff
      127229000	      6259	80002ae8	90000a37	lui	x20,0x90000	 x20=0x90000000
      127249000	      6260	80002aec	1a71	c.addi	x20,-4	 x20:0x90000000 x20=0x8ffffffc
      127269000	      6261	80002aee	6305	c.lui	x6,0x1	  x6=0x00001000
      127289000	      6262	80002af0	b8830313	addi	x6,x6,-1144	  x6:0x00001000  x6=0x00000b88
      127309000	      6263	80002af4	0322	c.slli	x6,0x8	  x6:0x00000b88  x6=0x000b8800
      127329000	      6264	80002af6	030d	c.addi	x6,3	  x6:0x000b8800  x6=0x000b8803
      127649000	      6280	80002af8	006a2023	sw	x6,0(x20)	 x20:0x8ffffffc  x6:0x000b8803 PA:0x8ffffffc store:0x000b8803 load:0xffffffff
      127669000	      6281	80002afc	b8802373	csrrs	x6,mhpmcounter8h,x0	  x0:0x00000000  x6=0x00000000
      127729000	      6284	80002b00	006a2023	sw	x6,0(x20)	 x20:0x8ffffffc  x6:0x00000000 PA:0x8ffffffc store:0x00000000 load:0xffffffff
      127749000	      6285	80002b04	90000a37	lui	x20,0x90000	 x20=0x90000000
      127769000	      6286	80002b08	1a71	c.addi	x20,-4	 x20:0x90000000 x20=0x8ffffffc
      127789000	      6287	80002b0a	6305	c.lui	x6,0x1	  x6=0x00001000
      127929000	      6294	80002b0c	b0930313	addi	x6,x6,-1271	  x6:0x00001000  x6=0x00000b09
      127949000	      6295	80002b10	0322	c.slli	x6,0x8	  x6:0x00000b09  x6=0x000b0900
      127969000	      6296	80002b12	030d	c.addi	x6,3	  x6:0x000b0900  x6=0x000b0903
      128109000	      6303	80002b14	006a2023	sw	x6,0(x20)	 x20:0x8ffffffc  x6:0x000b0903 PA:0x8ffffffc store:0x000b0903 load:0xffffffff
      128269000	      6311	80002b18	b0902373	csrrs	x6,mhpmcounter9,x0	  x0:0x00000000  x6=0x00000044
      128329000	      6314	80002b1c	006a2023	sw	x6,0(x20)	 x20:0x8ffffffc  x6:0x00000044 PA:0x8ffffffc store:0x00000044 load:0xffffffff
      128349000	      6315	80002b20	90000a37	lui	x20,0x90000	 x20=0x90000000
      128369000	      6316	80002b24	1a71	c.addi	x20,-4	 x20:0x90000000 x20=0x8ffffffc
      128389000	      6317	80002b26	6305	c.lui	x6,0x1	  x6=0x00001000
      128609000	      6328	80002b28	b8930313	addi	x6,x6,-1143	  x6:0x00001000  x6=0x00000b89
      128629000	      6329	80002b2c	0322	c.slli	x6,0x8	  x6:0x00000b89  x6=0x000b8900
      128649000	      6330	80002b2e	030d	c.addi	x6,3	  x6:0x000b8900  x6=0x000b8903
      128789000	      6337	80002b30	006a2023	sw	x6,0(x20)	 x20:0x8ffffffc  x6:0x000b8903 PA:0x8ffffffc store:0x000b8903 load:0xffffffff
      129109000	      6353	80002b34	b8902373	csrrs	x6,mhpmcounter9h,x0	  x0:0x00000000  x6=0x00000000
      129229000	      6359	80002b38	006a2023	sw	x6,0(x20)	 x20:0x8ffffffc  x6:0x00000000 PA:0x8ffffffc store:0x00000000 load:0xffffffff
      129249000	      6360	80002b3c	90000a37	lui	x20,0x90000	 x20=0x90000000
      129309000	      6363	80002b40	1a71	c.addi	x20,-4	 x20:0x90000000 x20=0x8ffffffc
      129329000	      6364	80002b42	6305	c.lui	x6,0x1	  x6=0x00001000
      129509000	      6373	80002b44	b0a30313	addi	x6,x6,-1270	  x6:0x00001000  x6=0x00000b0a
      129689000	      6382	80002b48	0322	c.slli	x6,0x8	  x6:0x00000b0a  x6=0x000b0a00
      129709000	      6383	80002b4a	030d	c.addi	x6,3	  x6:0x000b0a00  x6=0x000b0a03
      129889000	      6392	80002b4c	006a2023	sw	x6,0(x20)	 x20:0x8ffffffc  x6:0x000b0a03 PA:0x8ffffffc store:0x000b0a03 load:0xffffffff
      129909000	      6393	80002b50	b0a02373	csrrs	x6,mhpmcounter10,x0	  x0:0x00000000  x6=0x0000024c
      130329000	      6414	80002b54	006a2023	sw	x6,0(x20)	 x20:0x8ffffffc  x6:0x0000024c PA:0x8ffffffc store:0x0000024c load:0xffffffff
      130349000	      6415	80002b58	90000a37	lui	x20,0x90000	 x20=0x90000000
      130509000	      6423	80002b5c	1a71	c.addi	x20,-4	 x20:0x90000000 x20=0x8ffffffc
      130529000	      6424	80002b5e	6305	c.lui	x6,0x1	  x6=0x00001000
      130909000	      6443	80002b60	b8a30313	addi	x6,x6,-1142	  x6:0x00001000  x6=0x00000b8a
      130929000	      6444	80002b64	0322	c.slli	x6,0x8	  x6:0x00000b8a  x6=0x000b8a00
      130949000	      6445	80002b66	030d	c.addi	x6,3	  x6:0x000b8a00  x6=0x000b8a03
      131069000	      6451	80002b68	006a2023	sw	x6,0(x20)	 x20:0x8ffffffc  x6:0x000b8a03 PA:0x8ffffffc store:0x000b8a03 load:0xffffffff
      131089000	      6452	80002b6c	b8a02373	csrrs	x6,mhpmcounter10h,x0	  x0:0x00000000  x6=0x00000000
      131149000	      6455	80002b70	006a2023	sw	x6,0(x20)	 x20:0x8ffffffc  x6:0x00000000 PA:0x8ffffffc store:0x00000000 load:0xffffffff
      131169000	      6456	80002b74	90000a37	lui	x20,0x90000	 x20=0x90000000
      131189000	      6457	80002b78	1a71	c.addi	x20,-4	 x20:0x90000000 x20=0x8ffffffc
      131209000	      6458	80002b7a	6305	c.lui	x6,0x1	  x6=0x00001000
      131509000	      6473	80002b7c	b0b30313	addi	x6,x6,-1269	  x6:0x00001000  x6=0x00000b0b
      131529000	      6474	80002b80	0322	c.slli	x6,0x8	  x6:0x00000b0b  x6=0x000b0b00
      131549000	      6475	80002b82	030d	c.addi	x6,3	  x6:0x000b0b00  x6=0x000b0b03
      131849000	      6490	80002b84	006a2023	sw	x6,0(x20)	 x20:0x8ffffffc  x6:0x000b0b03 PA:0x8ffffffc store:0x000b0b03 load:0xffffffff
      131869000	      6491	80002b88	b0b02373	csrrs	x6,mhpmcounter11,x0	  x0:0x00000000  x6=0x00000000
      132049000	      6500	80002b8c	006a2023	sw	x6,0(x20)	 x20:0x8ffffffc  x6:0x00000000 PA:0x8ffffffc store:0x00000000 load:0xffffffff
      132089000	      6502	80002b90	90000a37	lui	x20,0x90000	 x20=0x90000000
      132109000	      6503	80002b94	1a71	c.addi	x20,-4	 x20:0x90000000 x20=0x8ffffffc
      132129000	      6504	80002b96	6305	c.lui	x6,0x1	  x6=0x00001000
      132529000	      6524	80002b98	b8b30313	addi	x6,x6,-1141	  x6:0x00001000  x6=0x00000b8b
      132709000	      6533	80002b9c	0322	c.slli	x6,0x8	  x6:0x00000b8b  x6=0x000b8b00
      132729000	      6534	80002b9e	030d	c.addi	x6,3	  x6:0x000b8b00  x6=0x000b8b03
      132889000	      6542	80002ba0	006a2023	sw	x6,0(x20)	 x20:0x8ffffffc  x6:0x000b8b03 PA:0x8ffffffc store:0x000b8b03 load:0xffffffff
      132909000	      6543	80002ba4	b8b02373	csrrs	x6,mhpmcounter11h,x0	  x0:0x00000000  x6=0x00000000
      132989000	      6547	80002ba8	006a2023	sw	x6,0(x20)	 x20:0x8ffffffc  x6:0x00000000 PA:0x8ffffffc store:0x00000000 load:0xffffffff
      133009000	      6548	80002bac	90000a37	lui	x20,0x90000	 x20=0x90000000
      133029000	      6549	80002bb0	1a71	c.addi	x20,-4	 x20:0x90000000 x20=0x8ffffffc
      133049000	      6550	80002bb2	6305	c.lui	x6,0x1	  x6=0x00001000
      133069000	      6551	80002bb4	b0c30313	addi	x6,x6,-1268	  x6:0x00001000  x6=0x00000b0c
      133189000	      6557	80002bb8	0322	c.slli	x6,0x8	  x6:0x00000b0c  x6=0x000b0c00
      133209000	      6558	80002bba	030d	c.addi	x6,3	  x6:0x000b0c00  x6=0x000b0c03
      133289000	      6562	80002bbc	006a2023	sw	x6,0(x20)	 x20:0x8ffffffc  x6:0x000b0c03 PA:0x8ffffffc store:0x000b0c03 load:0xffffffff
      133489000	      6572	80002bc0	b0c02373	csrrs	x6,mhpmcounter12,x0	  x0:0x00000000  x6=0x00000000
      134029000	      6599	80002bc4	006a2023	sw	x6,0(x20)	 x20:0x8ffffffc  x6:0x00000000 PA:0x8ffffffc store:0x00000000 load:0xffffffff
      134049000	      6600	80002bc8	90000a37	lui	x20,0x90000	 x20=0x90000000
      134069000	      6601	80002bcc	1a71	c.addi	x20,-4	 x20:0x90000000 x20=0x8ffffffc
      134089000	      6602	80002bce	6305	c.lui	x6,0x1	  x6=0x00001000
      134389000	      6617	80002bd0	b8c30313	addi	x6,x6,-1140	  x6:0x00001000  x6=0x00000b8c
      134789000	      6637	80002bd4	0322	c.slli	x6,0x8	  x6:0x00000b8c  x6=0x000b8c00
      134809000	      6638	80002bd6	030d	c.addi	x6,3	  x6:0x000b8c00  x6=0x000b8c03
      134929000	      6644	80002bd8	006a2023	sw	x6,0(x20)	 x20:0x8ffffffc  x6:0x000b8c03 PA:0x8ffffffc store:0x000b8c03 load:0xffffffff
      135229000	      6659	80002bdc	b8c02373	csrrs	x6,mhpmcounter12h,x0	  x0:0x00000000  x6=0x00000000
      135369000	      6666	80002be0	006a2023	sw	x6,0(x20)	 x20:0x8ffffffc  x6:0x00000000 PA:0x8ffffffc store:0x00000000 load:0xffffffff
      135389000	      6667	80002be4	ffffd317	auipc	x6,0xffffd	  x6=0x7ffffbe4
      135409000	      6668	80002be8	49c30313	addi	x6,x6,1180	  x6:0x7ffffbe4  x6=0x80000080
      135769000	      6686	80002bec	00032023	sw	x0,0(x6)	  x6:0x80000080  x0:0x00000000 PA:0x80000080 store:0x00000000 load:0xffffffff
      135909000	      6693	80002bf0	00132223	sw	x1,4(x6)	  x6:0x80000080  x1:0x00000010 PA:0x80000084 store:0x00000010 load:0xffffffff
      136329000	      6714	80002bf4	00232423	sw	x2,8(x6)	  x6:0x80000080  x2:0x23ffffff PA:0x80000088 store:0x23ffffff load:0xffffffff
      136789000	      6737	80002bf8	00332623	sw	x3,12(x6)	  x6:0x80000080  x3:0x80000000 PA:0x8000008c store:0x80000000 load:0xffffffff
      136929000	      6744	80002bfc	00432823	sw	x4,16(x6)	  x6:0x80000080  x4:0x0000000c PA:0x80000090 store:0x0000000c load:0xffffffff
      137029000	      6749	80002c00	00532a23	sw	x5,20(x6)	  x6:0x80000080  x5:0x00000000 PA:0x80000094 store:0x00000000 load:0xffffffff
      137449000	      6770	80002c04	00632c23	sw	x6,24(x6)	  x6:0x80000080  x6:0x80000080 PA:0x80000098 store:0x80000080 load:0xffffffff
      137569000	      6776	80002c08	00732e23	sw	x7,28(x6)	  x6:0x80000080  x7:0x0f0f0f0f PA:0x8000009c store:0x0f0f0f0f load:0xffffffff
      137709000	      6783	80002c0c	02832023	sw	x8,32(x6)	  x6:0x80000080  x8:0x7d002bf2 PA:0x800000a0 store:0x7d002bf2 load:0xffffffff
      137969000	      6796	80002c10	02932223	sw	x9,36(x6)	  x6:0x80000080  x9:0xf1dbedbc PA:0x800000a4 store:0xf1dbedbc load:0xffffffff
      138129000	      6804	80002c14	02a32423	sw	x10,40(x6)	  x6:0x80000080 x10:0x0000000f PA:0x800000a8 store:0x0000000f load:0xffffffff
      143409000	      7068	80002c18	02b32623	sw	x11,44(x6)	  x6:0x80000080 x11:0x00000004 PA:0x800000ac store:0x00000004 load:0xffffffff
      143469000	      7071	80002c1c	02c32823	sw	x12,48(x6)	  x6:0x80000080 x12:0x8002cbdc PA:0x800000b0 store:0x8002cbdc load:0xffffffff
      143489000	      7072	80002c20	02d32a23	sw	x13,52(x6)	  x6:0x80000080 x13:0x80000000 PA:0x800000b4 store:0x80000000 load:0xffffffff
      143629000	      7079	80002c24	02e32c23	sw	x14,56(x6)	  x6:0x80000080 x14:0x8002cbdc PA:0x800000b8 store:0x8002cbdc load:0xffffffff
      143729000	      7084	80002c28	02f32e23	sw	x15,60(x6)	  x6:0x80000080 x15:0x00000000 PA:0x800000bc store:0x00000000 load:0xffffffff
      143909000	      7093	80002c2c	05032023	sw	x16,64(x6)	  x6:0x80000080 x16:0x89831c15 PA:0x800000c0 store:0x89831c15 load:0xffffffff
      144249000	      7110	80002c30	05132223	sw	x17,68(x6)	  x6:0x80000080 x17:0x20009d67 PA:0x800000c4 store:0x20009d67 load:0xffffffff
      144309000	      7113	80002c34	05232423	sw	x18,72(x6)	  x6:0x80000080 x18:0x0000000b PA:0x800000c8 store:0x0000000b load:0xffffffff
      144329000	      7114	80002c38	05332623	sw	x19,76(x6)	  x6:0x80000080 x19:0x0000000f PA:0x800000cc store:0x0000000f load:0xffffffff
      144529000	      7124	80002c3c	05432823	sw	x20,80(x6)	  x6:0x80000080 x20:0x8ffffffc PA:0x800000d0 store:0x8ffffffc load:0xffffffff
      144569000	      7126	80002c40	05532a23	sw	x21,84(x6)	  x6:0x80000080 x21:0x00000000 PA:0x800000d4 store:0x00000000 load:0xffffffff
      144829000	      7139	80002c44	05632c23	sw	x22,88(x6)	  x6:0x80000080 x22:0x5d61cb07 PA:0x800000d8 store:0x5d61cb07 load:0xffffffff
      145289000	      7162	80002c48	05732e23	sw	x23,92(x6)	  x6:0x80000080 x23:0xfcf81713 PA:0x800000dc store:0xfcf81713 load:0xffffffff
      145429000	      7169	80002c4c	07832023	sw	x24,96(x6)	  x6:0x80000080 x24:0xfe0c57bf PA:0x800000e0 store:0xfe0c57bf load:0xffffffff
      145669000	      7181	80002c50	07932223	sw	x25,100(x6)	  x6:0x80000080 x25:0x00000000 PA:0x800000e4 store:0x00000000 load:0xffffffff
      145869000	      7191	80002c54	07a32423	sw	x26,104(x6)	  x6:0x80000080 x26:0xf54ee372 PA:0x800000e8 store:0xf54ee372 load:0xffffffff
      145929000	      7194	80002c58	07b32623	sw	x27,108(x6)	  x6:0x80000080 x27:0x00000000 PA:0x800000ec store:0x00000000 load:0xffffffff
      146169000	      7206	80002c5c	07c32823	sw	x28,112(x6)	  x6:0x80000080 x28:0x2cb92a77 PA:0x800000f0 store:0x2cb92a77 load:0xffffffff
      146229000	      7209	80002c60	07d32a23	sw	x29,116(x6)	  x6:0x80000080 x29:0x80000000 PA:0x800000f4 store:0x80000000 load:0xffffffff
      146389000	      7217	80002c64	07e32c23	sw	x30,120(x6)	  x6:0x80000080 x30:0x80000000 PA:0x800000f8 store:0x80000000 load:0xffffffff
      146449000	      7220	80002c68	07f32e23	sw	x31,124(x6)	  x6:0x80000080 x31:0xfb3728a3 PA:0x800000fc store:0xfb3728a3 load:0xffffffff
      146469000	      7221	80002c6c	34102373	csrrs	x6,mepc,x0	  x0:0x00000000  x6=0x80000610
      146489000	      7222	80002c70	0311	c.addi	x6,4	  x6:0x80000610  x6=0x80000614
      146509000	      7223	80002c72	34131073	csrrw	x0,mepc,x6	  x6:0x80000614  x0=0x00000000
      146529000	      7224	80002c76	30200073	mret	
      146589000	      7227	80000614	90000a37	lui	x20,0x90000	 x20=0x90000000
      146649000	      7230	80000618	1a61	c.addi	x20,-8	 x20:0x90000000 x20=0x8ffffff8
      146669000	      7231	8000061a	4305	c.li	x6,1	  x6=0x00000001
      146689000	      7232	8000061c	0322	c.slli	x6,0x8	  x6:0x00000001  x6=0x00000100
      146709000	      7233	8000061e	0305	c.addi	x6,1	  x6:0x00000100  x6=0x00000101
      146789000	      7237	80000620	006a2023	sw	x6,0(x20)	 x20:0x8ffffff8  x6:0x00000101 PA:0x8ffffff8 store:0x00000101 load:0xffffffff
      146809000	      7238	80000624	00000073	ecall	
      146869000	      7241	80002800	0800006f	jal	x0,80002880	  x0=0x00000000
      146989000	      7247	80002880	1771	c.addi	x14,-4	 x14:0x8002cbdc x14=0x8002cbd8
      147129000	      7254	80002882	c310	c.sw	x12,0(x14)	 x14:0x8002cbd8 x12:0x8002cbdc PA:0x8002cbd8 store:0x8002cbdc load:0xffffffff
      147149000	      7255	80002884	00070633	add	x12,x14,x0	 x14:0x8002cbd8  x0:0x00000000 x12=0x8002cbd8
      147169000	      7256	80002888	f8060613	addi	x12,x12,-128	 x12:0x8002cbd8 x12=0x8002cb58
      147409000	      7268	8000288c	00162223	sw	x1,4(x12)	 x12:0x8002cb58  x1:0x00000010 PA:0x8002cb5c store:0x00000010 load:0xffffffff
      147469000	      7271	80002890	00262423	sw	x2,8(x12)	 x12:0x8002cb58  x2:0x23ffffff PA:0x8002cb60 store:0x23ffffff load:0xffffffff
      147489000	      7272	80002894	00362623	sw	x3,12(x12)	 x12:0x8002cb58  x3:0x80000000 PA:0x8002cb64 store:0x80000000 load:0xffffffff
      147689000	      7282	80002898	00462823	sw	x4,16(x12)	 x12:0x8002cb58  x4:0x0000000c PA:0x8002cb68 store:0x0000000c load:0xffffffff
      148149000	      7305	8000289c	00562a23	sw	x5,20(x12)	 x12:0x8002cb58  x5:0x00000000 PA:0x8002cb6c store:0x00000000 load:0xffffffff
      148309000	      7313	800028a0	00662c23	sw	x6,24(x12)	 x12:0x8002cb58  x6:0x00000101 PA:0x8002cb70 store:0x00000101 load:0xffffffff
      148449000	      7320	800028a4	00762e23	sw	x7,28(x12)	 x12:0x8002cb58  x7:0x0f0f0f0f PA:0x8002cb74 store:0x0f0f0f0f load:0xffffffff
      148689000	      7332	800028a8	d200	c.sw	x8,32(x12)	 x12:0x8002cb58  x8:0x7d002bf2 PA:0x8002cb78 store:0x7d002bf2 load:0xffffffff
      148749000	      7335	800028aa	d244	c.sw	x9,36(x12)	 x12:0x8002cb58  x9:0xf1dbedbc PA:0x8002cb7c store:0xf1dbedbc load:0xffffffff
      148769000	      7336	800028ac	d608	c.sw	x10,40(x12)	 x12:0x8002cb58 x10:0x0000000f PA:0x8002cb80 store:0x0000000f load:0xffffffff
      148929000	      7344	800028ae	d64c	c.sw	x11,44(x12)	 x12:0x8002cb58 x11:0x00000004 PA:0x8002cb84 store:0x00000004 load:0xffffffff
      149369000	      7366	800028b0	da10	c.sw	x12,48(x12)	 x12:0x8002cb58 x12:0x8002cb58 PA:0x8002cb88 store:0x8002cb58 load:0xffffffff
      149529000	      7374	800028b2	da54	c.sw	x13,52(x12)	 x12:0x8002cb58 x13:0x80000000 PA:0x8002cb8c store:0x80000000 load:0xffffffff
      149729000	      7384	800028b4	de18	c.sw	x14,56(x12)	 x12:0x8002cb58 x14:0x8002cbd8 PA:0x8002cb90 store:0x8002cbd8 load:0xffffffff
      149789000	      7387	800028b6	de5c	c.sw	x15,60(x12)	 x12:0x8002cb58 x15:0x00000000 PA:0x8002cb94 store:0x00000000 load:0xffffffff
      149829000	      7389	800028b8	05062023	sw	x16,64(x12)	 x12:0x8002cb58 x16:0x89831c15 PA:0x8002cb98 store:0x89831c15 load:0xffffffff
      149849000	      7390	800028bc	05162223	sw	x17,68(x12)	 x12:0x8002cb58 x17:0x20009d67 PA:0x8002cb9c store:0x20009d67 load:0xffffffff
      149889000	      7392	800028c0	05262423	sw	x18,72(x12)	 x12:0x8002cb58 x18:0x0000000b PA:0x8002cba0 store:0x0000000b load:0xffffffff
      149969000	      7396	800028c4	05362623	sw	x19,76(x12)	 x12:0x8002cb58 x19:0x0000000f PA:0x8002cba4 store:0x0000000f load:0xffffffff
      150029000	      7399	800028c8	05462823	sw	x20,80(x12)	 x12:0x8002cb58 x20:0x8ffffff8 PA:0x8002cba8 store:0x8ffffff8 load:0xffffffff
      150629000	      7429	800028cc	05562a23	sw	x21,84(x12)	 x12:0x8002cb58 x21:0x00000000 PA:0x8002cbac store:0x00000000 load:0xffffffff
      150869000	      7441	800028d0	05662c23	sw	x22,88(x12)	 x12:0x8002cb58 x22:0x5d61cb07 PA:0x8002cbb0 store:0x5d61cb07 load:0xffffffff
      150929000	      7444	800028d4	05762e23	sw	x23,92(x12)	 x12:0x8002cb58 x23:0xfcf81713 PA:0x8002cbb4 store:0xfcf81713 load:0xffffffff
      151149000	      7455	800028d8	07862023	sw	x24,96(x12)	 x12:0x8002cb58 x24:0xfe0c57bf PA:0x8002cbb8 store:0xfe0c57bf load:0xffffffff
      151169000	      7456	800028dc	07962223	sw	x25,100(x12)	 x12:0x8002cb58 x25:0x00000000 PA:0x8002cbbc store:0x00000000 load:0xffffffff
      151189000	      7457	800028e0	07a62423	sw	x26,104(x12)	 x12:0x8002cb58 x26:0xf54ee372 PA:0x8002cbc0 store:0xf54ee372 load:0xffffffff
      151209000	      7458	800028e4	07b62623	sw	x27,108(x12)	 x12:0x8002cb58 x27:0x00000000 PA:0x8002cbc4 store:0x00000000 load:0xffffffff
      151229000	      7459	800028e8	07c62823	sw	x28,112(x12)	 x12:0x8002cb58 x28:0x2cb92a77 PA:0x8002cbc8 store:0x2cb92a77 load:0xffffffff
      151429000	      7469	800028ec	07d62a23	sw	x29,116(x12)	 x12:0x8002cb58 x29:0x80000000 PA:0x8002cbcc store:0x80000000 load:0xffffffff
      151449000	      7470	800028f0	07e62c23	sw	x30,120(x12)	 x12:0x8002cb58 x30:0x80000000 PA:0x8002cbd0 store:0x80000000 load:0xffffffff
      151669000	      7481	800028f4	07f62e23	sw	x31,124(x12)	 x12:0x8002cb58 x31:0xfb3728a3 PA:0x8002cbd4 store:0xfb3728a3 load:0xffffffff
      151689000	      7482	800028f8	00060733	add	x14,x12,x0	 x12:0x8002cb58  x0:0x00000000 x14=0x8002cb58
      151709000	      7483	800028fc	90000a37	lui	x20,0x90000	 x20=0x90000000
      151729000	      7484	80002900	1a71	c.addi	x20,-4	 x20:0x90000000 x20=0x8ffffffc
      151749000	      7485	80002902	4321	c.li	x6,8	  x6=0x00000008
      151769000	      7486	80002904	0322	c.slli	x6,0x8	  x6:0x00000008  x6=0x00000800
      151789000	      7487	80002906	00030313	addi	x6,x6,0	  x6:0x00000800  x6=0x00000800
      151929000	      7494	8000290a	006a2023	sw	x6,0(x20)	 x20:0x8ffffffc  x6:0x00000800 PA:0x8ffffffc store:0x00000800 load:0xffffffff
      151949000	      7495	8000290e	34102373	csrrs	x6,mepc,x0	  x0:0x00000000  x6=0x80000624
      151969000	      7496	80002912	34202373	csrrs	x6,mcause,x0	  x0:0x00000000  x6=0x0000000b
      151989000	      7497	80002916	4a0d	c.li	x20,3	 x20=0x00000003
      152009000	      7498	80002918	01431463	bne	x6,x20,80002920	  x6:0x0000000b x20:0x00000003
      152049000	      7500	80002920	4a21	c.li	x20,8	 x20=0x00000008
      152069000	      7501	80002922	05430d63	beq	x6,x20,8000297c	  x6:0x0000000b x20:0x00000008
      152089000	      7502	80002926	4a25	c.li	x20,9	 x20=0x00000009
      152109000	      7503	80002928	05430a63	beq	x6,x20,8000297c	  x6:0x0000000b x20:0x00000009
      152129000	      7504	8000292c	4a2d	c.li	x20,11	 x20=0x0000000b
      152149000	      7505	8000292e	05430763	beq	x6,x20,8000297c	  x6:0x0000000b x20:0x0000000b
      152189000	      7507	8000297c	90000a37	lui	x20,0x90000	 x20=0x90000000
      152209000	      7508	80002980	1a71	c.addi	x20,-4	 x20:0x90000000 x20=0x8ffffffc
      152229000	      7509	80002982	6305	c.lui	x6,0x1	  x6=0x00001000
      152249000	      7510	80002984	b0030313	addi	x6,x6,-1280	  x6:0x00001000  x6=0x00000b00
      152269000	      7511	80002988	0322	c.slli	x6,0x8	  x6:0x00000b00  x6=0x000b0000
      152289000	      7512	8000298a	030d	c.addi	x6,3	  x6:0x000b0000  x6=0x000b0003
      152349000	      7515	8000298c	006a2023	sw	x6,0(x20)	 x20:0x8ffffffc  x6:0x000b0003 PA:0x8ffffffc store:0x000b0003 load:0xffffffff
      152369000	      7516	80002990	b0002373	csrrs	x6,mcycle,x0	  x0:0x00000000  x6=0x00001d59
      152549000	      7525	80002994	006a2023	sw	x6,0(x20)	 x20:0x8ffffffc  x6:0x00001d59 PA:0x8ffffffc store:0x00001d59 load:0xffffffff
      152569000	      7526	80002998	90000a37	lui	x20,0x90000	 x20=0x90000000
      152589000	      7527	8000299c	1a71	c.addi	x20,-4	 x20:0x90000000 x20=0x8ffffffc
      152609000	      7528	8000299e	6305	c.lui	x6,0x1	  x6=0x00001000
      152629000	      7529	800029a0	b8030313	addi	x6,x6,-1152	  x6:0x00001000  x6=0x00000b80
      152649000	      7530	800029a4	0322	c.slli	x6,0x8	  x6:0x00000b80  x6=0x000b8000
      152669000	      7531	800029a6	030d	c.addi	x6,3	  x6:0x000b8000  x6=0x000b8003
      152729000	      7534	800029a8	006a2023	sw	x6,0(x20)	 x20:0x8ffffffc  x6:0x000b8003 PA:0x8ffffffc store:0x000b8003 load:0xffffffff
      152749000	      7535	800029ac	b8002373	csrrs	x6,mcycleh,x0	  x0:0x00000000  x6=0x00000000
      152789000	      7537	800029b0	006a2023	sw	x6,0(x20)	 x20:0x8ffffffc  x6:0x00000000 PA:0x8ffffffc store:0x00000000 load:0xffffffff
      152809000	      7538	800029b4	90000a37	lui	x20,0x90000	 x20=0x90000000
      152829000	      7539	800029b8	1a71	c.addi	x20,-4	 x20:0x90000000 x20=0x8ffffffc
      152849000	      7540	800029ba	6305	c.lui	x6,0x1	  x6=0x00001000
      152869000	      7541	800029bc	b0330313	addi	x6,x6,-1277	  x6:0x00001000  x6=0x00000b03
      152889000	      7542	800029c0	0322	c.slli	x6,0x8	  x6:0x00000b03  x6=0x000b0300
      152909000	      7543	800029c2	030d	c.addi	x6,3	  x6:0x000b0300  x6=0x000b0303
      152969000	      7546	800029c4	006a2023	sw	x6,0(x20)	 x20:0x8ffffffc  x6:0x000b0303 PA:0x8ffffffc store:0x000b0303 load:0xffffffff
      152989000	      7547	800029c8	b0302373	csrrs	x6,mhpmcounter3,x0	  x0:0x00000000  x6=0x0000034d
      153009000	      7548	800029cc	006a2023	sw	x6,0(x20)	 x20:0x8ffffffc  x6:0x0000034d PA:0x8ffffffc store:0x0000034d load:0xffffffff
      153029000	      7549	800029d0	90000a37	lui	x20,0x90000	 x20=0x90000000
      153049000	      7550	800029d4	1a71	c.addi	x20,-4	 x20:0x90000000 x20=0x8ffffffc
      153069000	      7551	800029d6	6305	c.lui	x6,0x1	  x6=0x00001000
      153089000	      7552	800029d8	b8330313	addi	x6,x6,-1149	  x6:0x00001000  x6=0x00000b83
      153109000	      7553	800029dc	0322	c.slli	x6,0x8	  x6:0x00000b83  x6=0x000b8300
      153129000	      7554	800029de	030d	c.addi	x6,3	  x6:0x000b8300  x6=0x000b8303
      153229000	      7559	800029e0	006a2023	sw	x6,0(x20)	 x20:0x8ffffffc  x6:0x000b8303 PA:0x8ffffffc store:0x000b8303 load:0xffffffff
      153249000	      7560	800029e4	b8302373	csrrs	x6,mhpmcounter3h,x0	  x0:0x00000000  x6=0x00000000
      153309000	      7563	800029e8	006a2023	sw	x6,0(x20)	 x20:0x8ffffffc  x6:0x00000000 PA:0x8ffffffc store:0x00000000 load:0xffffffff
      153329000	      7564	800029ec	90000a37	lui	x20,0x90000	 x20=0x90000000
      153349000	      7565	800029f0	1a71	c.addi	x20,-4	 x20:0x90000000 x20=0x8ffffffc
      153369000	      7566	800029f2	6305	c.lui	x6,0x1	  x6=0x00001000
      153389000	      7567	800029f4	b0430313	addi	x6,x6,-1276	  x6:0x00001000  x6=0x00000b04
      153409000	      7568	800029f8	0322	c.slli	x6,0x8	  x6:0x00000b04  x6=0x000b0400
      153429000	      7569	800029fa	030d	c.addi	x6,3	  x6:0x000b0400  x6=0x000b0403
      153529000	      7574	800029fc	006a2023	sw	x6,0(x20)	 x20:0x8ffffffc  x6:0x000b0403 PA:0x8ffffffc store:0x000b0403 load:0xffffffff
      153549000	      7575	80002a00	b0402373	csrrs	x6,mhpmcounter4,x0	  x0:0x00000000  x6=0x00000b12
      153749000	      7585	80002a04	006a2023	sw	x6,0(x20)	 x20:0x8ffffffc  x6:0x00000b12 PA:0x8ffffffc store:0x00000b12 load:0xffffffff
      153769000	      7586	80002a08	90000a37	lui	x20,0x90000	 x20=0x90000000
      153789000	      7587	80002a0c	1a71	c.addi	x20,-4	 x20:0x90000000 x20=0x8ffffffc
      153809000	      7588	80002a0e	6305	c.lui	x6,0x1	  x6=0x00001000
      153829000	      7589	80002a10	b8430313	addi	x6,x6,-1148	  x6:0x00001000  x6=0x00000b84
      153849000	      7590	80002a14	0322	c.slli	x6,0x8	  x6:0x00000b84  x6=0x000b8400
      153869000	      7591	80002a16	030d	c.addi	x6,3	  x6:0x000b8400  x6=0x000b8403
      153929000	      7594	80002a18	006a2023	sw	x6,0(x20)	 x20:0x8ffffffc  x6:0x000b8403 PA:0x8ffffffc store:0x000b8403 load:0xffffffff
      153949000	      7595	80002a1c	b8402373	csrrs	x6,mhpmcounter4h,x0	  x0:0x00000000  x6=0x00000000
      153969000	      7596	80002a20	006a2023	sw	x6,0(x20)	 x20:0x8ffffffc  x6:0x00000000 PA:0x8ffffffc store:0x00000000 load:0xffffffff
      153989000	      7597	80002a24	90000a37	lui	x20,0x90000	 x20=0x90000000
      154009000	      7598	80002a28	1a71	c.addi	x20,-4	 x20:0x90000000 x20=0x8ffffffc
      154029000	      7599	80002a2a	6305	c.lui	x6,0x1	  x6=0x00001000
      154049000	      7600	80002a2c	b0530313	addi	x6,x6,-1275	  x6:0x00001000  x6=0x00000b05
      154069000	      7601	80002a30	0322	c.slli	x6,0x8	  x6:0x00000b05  x6=0x000b0500
      154089000	      7602	80002a32	030d	c.addi	x6,3	  x6:0x000b0500  x6=0x000b0503
      154549000	      7625	80002a34	006a2023	sw	x6,0(x20)	 x20:0x8ffffffc  x6:0x000b0503 PA:0x8ffffffc store:0x000b0503 load:0xffffffff
      154569000	      7626	80002a38	b0502373	csrrs	x6,mhpmcounter5,x0	  x0:0x00000000  x6=0x00000000
      154689000	      7632	80002a3c	006a2023	sw	x6,0(x20)	 x20:0x8ffffffc  x6:0x00000000 PA:0x8ffffffc store:0x00000000 load:0xffffffff
      154709000	      7633	80002a40	90000a37	lui	x20,0x90000	 x20=0x90000000
      154729000	      7634	80002a44	1a71	c.addi	x20,-4	 x20:0x90000000 x20=0x8ffffffc
      154749000	      7635	80002a46	6305	c.lui	x6,0x1	  x6=0x00001000
      154769000	      7636	80002a48	b8530313	addi	x6,x6,-1147	  x6:0x00001000  x6=0x00000b85
      154789000	      7637	80002a4c	0322	c.slli	x6,0x8	  x6:0x00000b85  x6=0x000b8500
      154809000	      7638	80002a4e	030d	c.addi	x6,3	  x6:0x000b8500  x6=0x000b8503
      155269000	      7661	80002a50	006a2023	sw	x6,0(x20)	 x20:0x8ffffffc  x6:0x000b8503 PA:0x8ffffffc store:0x000b8503 load:0xffffffff
      155289000	      7662	80002a54	b8502373	csrrs	x6,mhpmcounter5h,x0	  x0:0x00000000  x6=0x00000000
