Time	Cycle	PC	Insn	Decoded instruction	Register and memory contents
        1055000	         6	80000080	40001337	lui	x6,0x40001	  x6=0x40001000
        1065000	         7	80000084	10630313	addi	x6,x6,262	  x6:0x40001000  x6=0x40001106
        1075000	         8	80000088	30131073	csrrw	x0,misa,x6	  x6:0x40001106  x0=0x00000000
        1105000	        11	8000008c	0002d717	auipc	x14,0x2d	 x14=0x8002d08c
        1115000	        12	80000090	c5870713	addi	x14,x14,-936	 x14:0x8002d08c x14=0x8002cce4
        1125000	        13	80000094	00002317	auipc	x6,0x2	  x6=0x80002094
        1135000	        14	80000098	76c30313	addi	x6,x6,1900	  x6:0x80002094  x6=0x80002800
        1145000	        15	8000009c	00136313	ori	x6,x6,1	  x6:0x80002800  x6=0x80002801
        1155000	        16	800000a0	30531073	csrrw	x0,mtvec,x6	  x6:0x80002801  x0=0x00000000
        1185000	        19	800000a4	74725073	csrrwi	x0,0x747,4	  x0=0x00000000
        1215000	        22	800000a8	00003117	auipc	x2,0x3	  x2=0x800030a8
        1225000	        23	800000ac	4fc10113	addi	x2,x2,1276	  x2:0x800030a8  x2=0x800035a4
        1235000	        24	800000b0	4301	c.li	x6,0	  x6=0x00000000
        1245000	        25	800000b2	911a	c.add	x2,x6	  x2:0x800035a4  x6:0x00000000  x2=0x800035a4
        1255000	        26	800000b4	00215113	srli	x2,x2,0x2	  x2:0x800035a4  x2=0x20000d69
        1265000	        27	800000b8	3b011073	csrrw	x0,pmpaddr0,x2	  x2:0x20000d69  x0=0x00000000
        1295000	        30	800000bc	00003117	auipc	x2,0x3	  x2=0x800030bc
        1305000	        31	800000c0	4e810113	addi	x2,x2,1256	  x2:0x800030bc  x2=0x800035a4
        1315000	        32	800000c4	6309	c.lui	x6,0x2	  x6=0x00002000
        1325000	        33	800000c6	66630313	addi	x6,x6,1638	  x6:0x00002000  x6=0x00002666
        1335000	        34	800000ca	911a	c.add	x2,x6	  x2:0x800035a4  x6:0x00002666  x2=0x80005c0a
        1345000	        35	800000cc	00215113	srli	x2,x2,0x2	  x2:0x80005c0a  x2=0x20001702
        1355000	        36	800000d0	3b111073	csrrw	x0,pmpaddr1,x2	  x2:0x20001702  x0=0x00000000
        1385000	        39	800000d4	00003117	auipc	x2,0x3	  x2=0x800030d4
        1395000	        40	800000d8	4d010113	addi	x2,x2,1232	  x2:0x800030d4  x2=0x800035a4
        1405000	        41	800000dc	6315	c.lui	x6,0x5	  x6=0x00005000
        1415000	        42	800000de	ccc30313	addi	x6,x6,-820	  x6:0x00005000  x6=0x00004ccc
        1425000	        43	800000e2	911a	c.add	x2,x6	  x2:0x800035a4  x6:0x00004ccc  x2=0x80008270
        1435000	        44	800000e4	00215113	srli	x2,x2,0x2	  x2:0x80008270  x2=0x2000209c
        1445000	        45	800000e8	3b211073	csrrw	x0,pmpaddr2,x2	  x2:0x2000209c  x0=0x00000000
        1475000	        48	800000ec	00003117	auipc	x2,0x3	  x2=0x800030ec
        1485000	        49	800000f0	4b810113	addi	x2,x2,1208	  x2:0x800030ec  x2=0x800035a4
        1495000	        50	800000f4	631d	c.lui	x6,0x7	  x6=0x00007000
        1505000	        51	800000f6	33230313	addi	x6,x6,818	  x6:0x00007000  x6=0x00007332
        1515000	        52	800000fa	911a	c.add	x2,x6	  x2:0x800035a4  x6:0x00007332  x2=0x8000a8d6
        1525000	        53	800000fc	00215113	srli	x2,x2,0x2	  x2:0x8000a8d6  x2=0x20002a35
        1535000	        54	80000100	3b311073	csrrw	x0,pmpaddr3,x2	  x2:0x20002a35  x0=0x00000000
        1565000	        57	80000104	0f0f1137	lui	x2,0xf0f1	  x2=0x0f0f1000
        1575000	        58	80000108	f0f10113	addi	x2,x2,-241	  x2:0x0f0f1000  x2=0x0f0f0f0f
        1585000	        59	8000010c	3a011073	csrrw	x0,pmpcfg0,x2	  x2:0x0f0f0f0f  x0=0x00000000
        1615000	        62	80000110	00003117	auipc	x2,0x3	  x2=0x80003110
        1625000	        63	80000114	49410113	addi	x2,x2,1172	  x2:0x80003110  x2=0x800035a4
        1635000	        64	80000118	6329	c.lui	x6,0xa	  x6=0x0000a000
        1645000	        65	8000011a	99830313	addi	x6,x6,-1640	  x6:0x0000a000  x6=0x00009998
        1655000	        66	8000011e	911a	c.add	x2,x6	  x2:0x800035a4  x6:0x00009998  x2=0x8000cf3c
        1665000	        67	80000120	00215113	srli	x2,x2,0x2	  x2:0x8000cf3c  x2=0x200033cf
        1675000	        68	80000124	3b411073	csrrw	x0,pmpaddr4,x2	  x2:0x200033cf  x0=0x00000000
        1705000	        71	80000128	00003117	auipc	x2,0x3	  x2=0x80003128
        1715000	        72	8000012c	47c10113	addi	x2,x2,1148	  x2:0x80003128  x2=0x800035a4
        1725000	        73	80000130	6331	c.lui	x6,0xc	  x6=0x0000c000
        1735000	        74	80000132	1379	c.addi	x6,-2	  x6:0x0000c000  x6=0x0000bffe
        1745000	        75	80000134	911a	c.add	x2,x6	  x2:0x800035a4  x6:0x0000bffe  x2=0x8000f5a2
        1755000	        76	80000136	00215113	srli	x2,x2,0x2	  x2:0x8000f5a2  x2=0x20003d68
        1765000	        77	8000013a	3b511073	csrrw	x0,pmpaddr5,x2	  x2:0x20003d68  x0=0x00000000
        1795000	        80	8000013e	00003117	auipc	x2,0x3	  x2=0x8000313e
        1805000	        81	80000142	46610113	addi	x2,x2,1126	  x2:0x8000313e  x2=0x800035a4
        1815000	        82	80000146	6339	c.lui	x6,0xe	  x6=0x0000e000
        1825000	        83	80000148	66430313	addi	x6,x6,1636	  x6:0x0000e000  x6=0x0000e664
        1835000	        84	8000014c	911a	c.add	x2,x6	  x2:0x800035a4  x6:0x0000e664  x2=0x80011c08
        1845000	        85	8000014e	00215113	srli	x2,x2,0x2	  x2:0x80011c08  x2=0x20004702
        1855000	        86	80000152	3b611073	csrrw	x0,pmpaddr6,x2	  x2:0x20004702  x0=0x00000000
        1885000	        89	80000156	00003117	auipc	x2,0x3	  x2=0x80003156
        1895000	        90	8000015a	44e10113	addi	x2,x2,1102	  x2:0x80003156  x2=0x800035a4
        1905000	        91	8000015e	6345	c.lui	x6,0x11	  x6=0x00011000
        1915000	        92	80000160	cca30313	addi	x6,x6,-822	  x6:0x00011000  x6=0x00010cca
        1925000	        93	80000164	911a	c.add	x2,x6	  x2:0x800035a4  x6:0x00010cca  x2=0x8001426e
        1935000	        94	80000166	00215113	srli	x2,x2,0x2	  x2:0x8001426e  x2=0x2000509b
        1945000	        95	8000016a	3b711073	csrrw	x0,pmpaddr7,x2	  x2:0x2000509b  x0=0x00000000
        1975000	        98	8000016e	0f0f1137	lui	x2,0xf0f1	  x2=0x0f0f1000
        1985000	        99	80000172	f0f10113	addi	x2,x2,-241	  x2:0x0f0f1000  x2=0x0f0f0f0f
        1995000	       100	80000176	3a111073	csrrw	x0,pmpcfg1,x2	  x2:0x0f0f0f0f  x0=0x00000000
        2025000	       103	8000017a	00003117	auipc	x2,0x3	  x2=0x8000317a
        2035000	       104	8000017e	42a10113	addi	x2,x2,1066	  x2:0x8000317a  x2=0x800035a4
        2045000	       105	80000182	634d	c.lui	x6,0x13	  x6=0x00013000
        2055000	       106	80000184	33030313	addi	x6,x6,816	  x6:0x00013000  x6=0x00013330
        2065000	       107	80000188	911a	c.add	x2,x6	  x2:0x800035a4  x6:0x00013330  x2=0x800168d4
        2075000	       108	8000018a	00215113	srli	x2,x2,0x2	  x2:0x800168d4  x2=0x20005a35
        2085000	       109	8000018e	3b811073	csrrw	x0,pmpaddr8,x2	  x2:0x20005a35  x0=0x00000000
        2115000	       112	80000192	00003117	auipc	x2,0x3	  x2=0x80003192
        2125000	       113	80000196	41210113	addi	x2,x2,1042	  x2:0x80003192  x2=0x800035a4
        2135000	       114	8000019a	6359	c.lui	x6,0x16	  x6=0x00016000
        2145000	       115	8000019c	99630313	addi	x6,x6,-1642	  x6:0x00016000  x6=0x00015996
        2155000	       116	800001a0	911a	c.add	x2,x6	  x2:0x800035a4  x6:0x00015996  x2=0x80018f3a
        2165000	       117	800001a2	00215113	srli	x2,x2,0x2	  x2:0x80018f3a  x2=0x200063ce
        2175000	       118	800001a6	3b911073	csrrw	x0,pmpaddr9,x2	  x2:0x200063ce  x0=0x00000000
        2205000	       121	800001aa	00003117	auipc	x2,0x3	  x2=0x800031aa
        2215000	       122	800001ae	3fa10113	addi	x2,x2,1018	  x2:0x800031aa  x2=0x800035a4
        2225000	       123	800001b2	6361	c.lui	x6,0x18	  x6=0x00018000
        2235000	       124	800001b4	1371	c.addi	x6,-4	  x6:0x00018000  x6=0x00017ffc
        2245000	       125	800001b6	911a	c.add	x2,x6	  x2:0x800035a4  x6:0x00017ffc  x2=0x8001b5a0
        2255000	       126	800001b8	00215113	srli	x2,x2,0x2	  x2:0x8001b5a0  x2=0x20006d68
        2265000	       127	800001bc	3ba11073	csrrw	x0,pmpaddr10,x2	  x2:0x20006d68  x0=0x00000000
        2295000	       130	800001c0	00003117	auipc	x2,0x3	  x2=0x800031c0
        2305000	       131	800001c4	3e410113	addi	x2,x2,996	  x2:0x800031c0  x2=0x800035a4
        2315000	       132	800001c8	6369	c.lui	x6,0x1a	  x6=0x0001a000
        2325000	       133	800001ca	66230313	addi	x6,x6,1634	  x6:0x0001a000  x6=0x0001a662
        2335000	       134	800001ce	911a	c.add	x2,x6	  x2:0x800035a4  x6:0x0001a662  x2=0x8001dc06
        2345000	       135	800001d0	00215113	srli	x2,x2,0x2	  x2:0x8001dc06  x2=0x20007701
        2355000	       136	800001d4	3bb11073	csrrw	x0,pmpaddr11,x2	  x2:0x20007701  x0=0x00000000
        2385000	       139	800001d8	0f0f1137	lui	x2,0xf0f1	  x2=0x0f0f1000
        2395000	       140	800001dc	f0f10113	addi	x2,x2,-241	  x2:0x0f0f1000  x2=0x0f0f0f0f
        2405000	       141	800001e0	3a211073	csrrw	x0,pmpcfg2,x2	  x2:0x0f0f0f0f  x0=0x00000000
        2435000	       144	800001e4	00003117	auipc	x2,0x3	  x2=0x800031e4
        2445000	       145	800001e8	3c010113	addi	x2,x2,960	  x2:0x800031e4  x2=0x800035a4
        2455000	       146	800001ec	6375	c.lui	x6,0x1d	  x6=0x0001d000
        2465000	       147	800001ee	cc830313	addi	x6,x6,-824	  x6:0x0001d000  x6=0x0001ccc8
        2475000	       148	800001f2	911a	c.add	x2,x6	  x2:0x800035a4  x6:0x0001ccc8  x2=0x8002026c
        2485000	       149	800001f4	00215113	srli	x2,x2,0x2	  x2:0x8002026c  x2=0x2000809b
        2495000	       150	800001f8	3bc11073	csrrw	x0,pmpaddr12,x2	  x2:0x2000809b  x0=0x00000000
        2525000	       153	800001fc	00003117	auipc	x2,0x3	  x2=0x800031fc
        2535000	       154	80000200	3a810113	addi	x2,x2,936	  x2:0x800031fc  x2=0x800035a4
        2545000	       155	80000204	637d	c.lui	x6,0x1f	  x6=0x0001f000
        2555000	       156	80000206	32e30313	addi	x6,x6,814	  x6:0x0001f000  x6=0x0001f32e
        2565000	       157	8000020a	911a	c.add	x2,x6	  x2:0x800035a4  x6:0x0001f32e  x2=0x800228d2
        2575000	       158	8000020c	00215113	srli	x2,x2,0x2	  x2:0x800228d2  x2=0x20008a34
        2585000	       159	80000210	3bd11073	csrrw	x0,pmpaddr13,x2	  x2:0x20008a34  x0=0x00000000
        2615000	       162	80000214	00003117	auipc	x2,0x3	  x2=0x80003214
        2625000	       163	80000218	39010113	addi	x2,x2,912	  x2:0x80003214  x2=0x800035a4
        2635000	       164	8000021c	00022337	lui	x6,0x22	  x6=0x00022000
        2645000	       165	80000220	99430313	addi	x6,x6,-1644	  x6:0x00022000  x6=0x00021994
        2655000	       166	80000224	911a	c.add	x2,x6	  x2:0x800035a4  x6:0x00021994  x2=0x80024f38
        2665000	       167	80000226	00215113	srli	x2,x2,0x2	  x2:0x80024f38  x2=0x200093ce
        2675000	       168	8000022a	3be11073	csrrw	x0,pmpaddr14,x2	  x2:0x200093ce  x0=0x00000000
        2705000	       171	8000022e	00003117	auipc	x2,0x3	  x2=0x8000322e
        2715000	       172	80000232	37610113	addi	x2,x2,886	  x2:0x8000322e  x2=0x800035a4
        2725000	       173	80000236	00024337	lui	x6,0x24	  x6=0x00024000
        2735000	       174	8000023a	1369	c.addi	x6,-6	  x6:0x00024000  x6=0x00023ffa
        2745000	       175	8000023c	911a	c.add	x2,x6	  x2:0x800035a4  x6:0x00023ffa  x2=0x8002759e
        2755000	       176	8000023e	00215113	srli	x2,x2,0x2	  x2:0x8002759e  x2=0x20009d67
        2765000	       177	80000242	3bf11073	csrrw	x0,pmpaddr15,x2	  x2:0x20009d67  x0=0x00000000
        2795000	       180	80000246	0f0f1137	lui	x2,0xf0f1	  x2=0x0f0f1000
        2805000	       181	8000024a	f0f10113	addi	x2,x2,-241	  x2:0x0f0f1000  x2=0x0f0f0f0f
        2815000	       182	8000024e	3a311073	csrrw	x0,pmpcfg3,x2	  x2:0x0f0f0f0f  x0=0x00000000
        2845000	       185	80000252	74705073	csrrwi	x0,0x747,0	  x0=0x00000000
        2875000	       188	80000256	2b708137	lui	x2,0x2b708	  x2=0x2b708000
        2885000	       189	8000025a	0a410113	addi	x2,x2,164	  x2:0x2b708000  x2=0x2b7080a4
        2895000	       190	8000025e	00003897	auipc	x17,0x3	 x17=0x8000325e
        2905000	       191	80000262	34688893	addi	x17,x17,838	 x17:0x8000325e x17=0x800035a4
        2915000	       192	80000266	9146	c.add	x2,x17	  x2:0x2b7080a4 x17:0x800035a4  x2=0xab70b648
        2925000	       193	80000268	3b011173	csrrw	x2,pmpaddr0,x2	  x2:0xab70b648  x2=0x20000d69
        2955000	       196	8000026c	3b011173	csrrw	x2,pmpaddr0,x2	  x2:0x20000d69  x2=0xab70b648
        2985000	       199	80000270	3b712137	lui	x2,0x3b712	  x2=0x3b712000
        2995000	       200	80000274	d0f10113	addi	x2,x2,-753	  x2:0x3b712000  x2=0x3b711d0f
        3005000	       201	80000278	3a011173	csrrw	x2,pmpcfg0,x2	  x2:0x3b711d0f  x2=0x0f0f0f0f
        3035000	       204	8000027c	3a011173	csrrw	x2,pmpcfg0,x2	  x2:0x0f0f0f0f  x2=0x1b111d0f
        3065000	       207	80000280	60e47137	lui	x2,0x60e47	  x2=0x60e47000
        3075000	       208	80000284	74c10113	addi	x2,x2,1868	  x2:0x60e47000  x2=0x60e4774c
        3085000	       209	80000288	00003897	auipc	x17,0x3	 x17=0x80003288
        3095000	       210	8000028c	31c88893	addi	x17,x17,796	 x17:0x80003288 x17=0x800035a4
        3105000	       211	80000290	9146	c.add	x2,x17	  x2:0x60e4774c x17:0x800035a4  x2=0xe0e4acf0
        3115000	       212	80000292	3b111173	csrrw	x2,pmpaddr1,x2	  x2:0xe0e4acf0  x2=0x20001702
        3145000	       215	80000296	3b111173	csrrw	x2,pmpaddr1,x2	  x2:0x20001702  x2=0xe0e4acf0
        3175000	       218	8000029a	50756137	lui	x2,0x50756	  x2=0x50756000
        3185000	       219	8000029e	013d	c.addi	x2,15	  x2:0x50756000  x2=0x5075600f
        3195000	       220	800002a0	3a011173	csrrw	x2,pmpcfg0,x2	  x2:0x5075600f  x2=0x0f0f0f0f
        3225000	       223	800002a4	3a011173	csrrw	x2,pmpcfg0,x2	  x2:0x0f0f0f0f  x2=0x1015000f
        3255000	       226	800002a8	7bc9b137	lui	x2,0x7bc9b	  x2=0x7bc9b000
        3265000	       227	800002ac	b4310113	addi	x2,x2,-1213	  x2:0x7bc9b000  x2=0x7bc9ab43
        3275000	       228	800002b0	00003897	auipc	x17,0x3	 x17=0x800032b0
        3285000	       229	800002b4	2f488893	addi	x17,x17,756	 x17:0x800032b0 x17=0x800035a4
        3295000	       230	800002b8	9146	c.add	x2,x17	  x2:0x7bc9ab43 x17:0x800035a4  x2=0xfbc9e0e7
        3305000	       231	800002ba	3b211173	csrrw	x2,pmpaddr2,x2	  x2:0xfbc9e0e7  x2=0x2000209c
        3335000	       234	800002be	3b211173	csrrw	x2,pmpaddr2,x2	  x2:0x2000209c  x2=0xfbc9e0e7
        3365000	       237	800002c2	497d2137	lui	x2,0x497d2	  x2=0x497d2000
        3375000	       238	800002c6	80f10113	addi	x2,x2,-2033	  x2:0x497d2000  x2=0x497d180f
        3385000	       239	800002ca	3a011173	csrrw	x2,pmpcfg0,x2	  x2:0x497d180f  x2=0x0f0f0f0f
        3415000	       242	800002ce	3a011173	csrrw	x2,pmpcfg0,x2	  x2:0x0f0f0f0f  x2=0x091d180f
        3445000	       245	800002d2	4c0b1137	lui	x2,0x4c0b1	  x2=0x4c0b1000
        3455000	       246	800002d6	07610113	addi	x2,x2,118	  x2:0x4c0b1000  x2=0x4c0b1076
        3465000	       247	800002da	00003897	auipc	x17,0x3	 x17=0x800032da
        3475000	       248	800002de	2ca88893	addi	x17,x17,714	 x17:0x800032da x17=0x800035a4
        3485000	       249	800002e2	9146	c.add	x2,x17	  x2:0x4c0b1076 x17:0x800035a4  x2=0xcc0b461a
        3495000	       250	800002e4	3b311173	csrrw	x2,pmpaddr3,x2	  x2:0xcc0b461a  x2=0x20002a35
        3525000	       253	800002e8	3b311173	csrrw	x2,pmpaddr3,x2	  x2:0x20002a35  x2=0xcc0b461a
        3555000	       256	800002ec	5c606137	lui	x2,0x5c606	  x2=0x5c606000
        3565000	       257	800002f0	013d	c.addi	x2,15	  x2:0x5c606000  x2=0x5c60600f
        3575000	       258	800002f2	3a011173	csrrw	x2,pmpcfg0,x2	  x2:0x5c60600f  x2=0x0f0f0f0f
        3605000	       261	800002f6	3a011173	csrrw	x2,pmpcfg0,x2	  x2:0x0f0f0f0f  x2=0x1c00000f
        3635000	       264	800002fa	285a6137	lui	x2,0x285a6	  x2=0x285a6000
        3645000	       265	800002fe	fbb10113	addi	x2,x2,-69	  x2:0x285a6000  x2=0x285a5fbb
        3655000	       266	80000302	00003897	auipc	x17,0x3	 x17=0x80003302
        3665000	       267	80000306	2a288893	addi	x17,x17,674	 x17:0x80003302 x17=0x800035a4
        3675000	       268	8000030a	9146	c.add	x2,x17	  x2:0x285a5fbb x17:0x800035a4  x2=0xa85a955f
        3685000	       269	8000030c	3b411173	csrrw	x2,pmpaddr4,x2	  x2:0xa85a955f  x2=0x200033cf
        3715000	       272	80000310	3b411173	csrrw	x2,pmpaddr4,x2	  x2:0x200033cf  x2=0xa85a955f
        3745000	       275	80000314	74552137	lui	x2,0x74552	  x2=0x74552000
        3755000	       276	80000318	016d	c.addi	x2,27	  x2:0x74552000  x2=0x7455201b
        3765000	       277	8000031a	3a111173	csrrw	x2,pmpcfg1,x2	  x2:0x7455201b  x2=0x0f0f0f0f
        3795000	       280	8000031e	3a111173	csrrw	x2,pmpcfg1,x2	  x2:0x0f0f0f0f  x2=0x1415001b
        3825000	       283	80000322	077bb137	lui	x2,0x77bb	  x2=0x077bb000
        3835000	       284	80000326	4ac10113	addi	x2,x2,1196	  x2:0x077bb000  x2=0x077bb4ac
        3845000	       285	8000032a	00003897	auipc	x17,0x3	 x17=0x8000332a
        3855000	       286	8000032e	27a88893	addi	x17,x17,634	 x17:0x8000332a x17=0x800035a4
        3865000	       287	80000332	9146	c.add	x2,x17	  x2:0x077bb4ac x17:0x800035a4  x2=0x877bea50
        3875000	       288	80000334	3b511173	csrrw	x2,pmpaddr5,x2	  x2:0x877bea50  x2=0x20003d68
        3905000	       291	80000338	3b511173	csrrw	x2,pmpaddr5,x2	  x2:0x20003d68  x2=0x877bea50
        3935000	       294	8000033c	0f2c6137	lui	x2,0xf2c6	  x2=0x0f2c6000
        3945000	       295	80000340	02310113	addi	x2,x2,35	  x2:0x0f2c6000  x2=0x0f2c6023
        3955000	       296	80000344	3a111173	csrrw	x2,pmpcfg1,x2	  x2:0x0f2c6023  x2=0x0f0f0f0f
        3985000	       299	80000348	3a111173	csrrw	x2,pmpcfg1,x2	  x2:0x0f0f0f0f  x2=0x0f0c0003
        4015000	       302	8000034c	2c517137	lui	x2,0x2c517	  x2=0x2c517000
        4025000	       303	80000350	f4310113	addi	x2,x2,-189	  x2:0x2c517000  x2=0x2c516f43
        4035000	       304	80000354	00003897	auipc	x17,0x3	 x17=0x80003354
        4045000	       305	80000358	25088893	addi	x17,x17,592	 x17:0x80003354 x17=0x800035a4
        4055000	       306	8000035c	9146	c.add	x2,x17	  x2:0x2c516f43 x17:0x800035a4  x2=0xac51a4e7
        4065000	       307	8000035e	3b611173	csrrw	x2,pmpaddr6,x2	  x2:0xac51a4e7  x2=0x20004702
        4095000	       310	80000362	3b611173	csrrw	x2,pmpaddr6,x2	  x2:0x20004702  x2=0xac51a4e7
        4125000	       313	80000366	4c4f0137	lui	x2,0x4c4f0	  x2=0x4c4f0000
        4135000	       314	8000036a	30710113	addi	x2,x2,775	  x2:0x4c4f0000  x2=0x4c4f0307
        4145000	       315	8000036e	3a111173	csrrw	x2,pmpcfg1,x2	  x2:0x4c4f0307  x2=0x0f0f0f0f
        4175000	       318	80000372	3a111173	csrrw	x2,pmpcfg1,x2	  x2:0x0f0f0f0f  x2=0x0c0f0307
        4205000	       321	80000376	70a8f137	lui	x2,0x70a8f	  x2=0x70a8f000
        4215000	       322	8000037a	53410113	addi	x2,x2,1332	  x2:0x70a8f000  x2=0x70a8f534
        4225000	       323	8000037e	00003897	auipc	x17,0x3	 x17=0x8000337e
        4235000	       324	80000382	22688893	addi	x17,x17,550	 x17:0x8000337e x17=0x800035a4
        4245000	       325	80000386	9146	c.add	x2,x17	  x2:0x70a8f534 x17:0x800035a4  x2=0xf0a92ad8
        4255000	       326	80000388	3b711173	csrrw	x2,pmpaddr7,x2	  x2:0xf0a92ad8  x2=0x2000509b
        4285000	       329	8000038c	3b711173	csrrw	x2,pmpaddr7,x2	  x2:0x2000509b  x2=0xf0a92ad8
        4315000	       332	80000390	78142137	lui	x2,0x78142	  x2=0x78142000
        4325000	       333	80000394	c6410113	addi	x2,x2,-924	  x2:0x78142000  x2=0x78141c64
        4335000	       334	80000398	3a111173	csrrw	x2,pmpcfg1,x2	  x2:0x78141c64  x2=0x0f0f0f0f
        4365000	       337	8000039c	3a111173	csrrw	x2,pmpcfg1,x2	  x2:0x0f0f0f0f  x2=0x18141c04
        4395000	       340	800003a0	7ac6b137	lui	x2,0x7ac6b	  x2=0x7ac6b000
        4405000	       341	800003a4	f0c10113	addi	x2,x2,-244	  x2:0x7ac6b000  x2=0x7ac6af0c
        4415000	       342	800003a8	00003897	auipc	x17,0x3	 x17=0x800033a8
        4425000	       343	800003ac	1fc88893	addi	x17,x17,508	 x17:0x800033a8 x17=0x800035a4
        4435000	       344	800003b0	9146	c.add	x2,x17	  x2:0x7ac6af0c x17:0x800035a4  x2=0xfac6e4b0
        4445000	       345	800003b2	3b811173	csrrw	x2,pmpaddr8,x2	  x2:0xfac6e4b0  x2=0x20005a35
        4475000	       348	800003b6	3b811173	csrrw	x2,pmpaddr8,x2	  x2:0x20005a35  x2=0xfac6e4b0
        4505000	       351	800003ba	34474137	lui	x2,0x34474	  x2=0x34474000
        4515000	       352	800003be	c7f10113	addi	x2,x2,-897	  x2:0x34474000  x2=0x34473c7f
        4525000	       353	800003c2	3a211173	csrrw	x2,pmpcfg2,x2	  x2:0x34473c7f  x2=0x0f0f0f0f
        4555000	       356	800003c6	3a211173	csrrw	x2,pmpcfg2,x2	  x2:0x0f0f0f0f  x2=0x14071c1f
        4585000	       359	800003ca	69b16137	lui	x2,0x69b16	  x2=0x69b16000
        4595000	       360	800003ce	d0b10113	addi	x2,x2,-757	  x2:0x69b16000  x2=0x69b15d0b
        4605000	       361	800003d2	00003897	auipc	x17,0x3	 x17=0x800033d2
        4615000	       362	800003d6	1d288893	addi	x17,x17,466	 x17:0x800033d2 x17=0x800035a4
        4625000	       363	800003da	9146	c.add	x2,x17	  x2:0x69b15d0b x17:0x800035a4  x2=0xe9b192af
        4635000	       364	800003dc	3b911173	csrrw	x2,pmpaddr9,x2	  x2:0xe9b192af  x2=0x200063ce
        4665000	       367	800003e0	3b911173	csrrw	x2,pmpaddr9,x2	  x2:0x200063ce  x2=0xe9b192af
        4695000	       370	800003e4	10380137	lui	x2,0x10380	  x2=0x10380000
        4705000	       371	800003e8	05c10113	addi	x2,x2,92	  x2:0x10380000  x2=0x1038005c
        4715000	       372	800003ec	3a211173	csrrw	x2,pmpcfg2,x2	  x2:0x1038005c  x2=0x0f0f0f0f
        4745000	       375	800003f0	3a211173	csrrw	x2,pmpcfg2,x2	  x2:0x0f0f0f0f  x2=0x1018001c
        4775000	       378	800003f4	443fa137	lui	x2,0x443fa	  x2=0x443fa000
        4785000	       379	800003f8	fc310113	addi	x2,x2,-61	  x2:0x443fa000  x2=0x443f9fc3
        4795000	       380	800003fc	00003897	auipc	x17,0x3	 x17=0x800033fc
        4805000	       381	80000400	1a888893	addi	x17,x17,424	 x17:0x800033fc x17=0x800035a4
        4815000	       382	80000404	9146	c.add	x2,x17	  x2:0x443f9fc3 x17:0x800035a4  x2=0xc43fd567
        4825000	       383	80000406	3ba11173	csrrw	x2,pmpaddr10,x2	  x2:0xc43fd567  x2=0x20006d68
        4855000	       386	8000040a	3ba11173	csrrw	x2,pmpaddr10,x2	  x2:0x20006d68  x2=0xc43fd567
        4885000	       389	8000040e	3d132137	lui	x2,0x3d132	  x2=0x3d132000
        4895000	       390	80000412	05b10113	addi	x2,x2,91	  x2:0x3d132000  x2=0x3d13205b
        4905000	       391	80000416	3a211173	csrrw	x2,pmpcfg2,x2	  x2:0x3d13205b  x2=0x0f0f0f0f
        4935000	       394	8000041a	3a211173	csrrw	x2,pmpcfg2,x2	  x2:0x0f0f0f0f  x2=0x1d13001b
        4965000	       397	8000041e	36e05137	lui	x2,0x36e05	  x2=0x36e05000
        4975000	       398	80000422	6165	c.addi16sp	x2,112	  x2:0x36e05000  x2=0x36e05070
        4985000	       399	80000424	00003897	auipc	x17,0x3	 x17=0x80003424
        4995000	       400	80000428	18088893	addi	x17,x17,384	 x17:0x80003424 x17=0x800035a4
        5005000	       401	8000042c	9146	c.add	x2,x17	  x2:0x36e05070 x17:0x800035a4  x2=0xb6e08614
        5015000	       402	8000042e	3bb11173	csrrw	x2,pmpaddr11,x2	  x2:0xb6e08614  x2=0x20007701
        5045000	       405	80000432	3bb11173	csrrw	x2,pmpaddr11,x2	  x2:0x20007701  x2=0xb6e08614
        5075000	       408	80000436	4f478137	lui	x2,0x4f478	  x2=0x4f478000
        5085000	       409	8000043a	93310113	addi	x2,x2,-1741	  x2:0x4f478000  x2=0x4f477933
        5095000	       410	8000043e	3a211173	csrrw	x2,pmpcfg2,x2	  x2:0x4f477933  x2=0x0f0f0f0f
        5125000	       413	80000442	3a211173	csrrw	x2,pmpcfg2,x2	  x2:0x0f0f0f0f  x2=0x0f071913
        5155000	       416	80000446	6c2d0137	lui	x2,0x6c2d0	  x2=0x6c2d0000
        5165000	       417	8000044a	51410113	addi	x2,x2,1300	  x2:0x6c2d0000  x2=0x6c2d0514
        5175000	       418	8000044e	00003897	auipc	x17,0x3	 x17=0x8000344e
        5185000	       419	80000452	15688893	addi	x17,x17,342	 x17:0x8000344e x17=0x800035a4
        5195000	       420	80000456	9146	c.add	x2,x17	  x2:0x6c2d0514 x17:0x800035a4  x2=0xec2d3ab8
        5205000	       421	80000458	3bc11173	csrrw	x2,pmpaddr12,x2	  x2:0xec2d3ab8  x2=0x2000809b
        5235000	       424	8000045c	3bc11173	csrrw	x2,pmpaddr12,x2	  x2:0x2000809b  x2=0xec2d3ab8
        5265000	       427	80000460	54794137	lui	x2,0x54794	  x2=0x54794000
        5275000	       428	80000464	70310113	addi	x2,x2,1795	  x2:0x54794000  x2=0x54794703
        5285000	       429	80000468	3a311173	csrrw	x2,pmpcfg3,x2	  x2:0x54794703  x2=0x0f0f0f0f
        5315000	       432	8000046c	3a311173	csrrw	x2,pmpcfg3,x2	  x2:0x0f0f0f0f  x2=0x14190703
        5345000	       435	80000470	0c2fe137	lui	x2,0xc2fe	  x2=0x0c2fe000
        5355000	       436	80000474	c5810113	addi	x2,x2,-936	  x2:0x0c2fe000  x2=0x0c2fdc58
        5365000	       437	80000478	00003897	auipc	x17,0x3	 x17=0x80003478
        5375000	       438	8000047c	12c88893	addi	x17,x17,300	 x17:0x80003478 x17=0x800035a4
        5385000	       439	80000480	9146	c.add	x2,x17	  x2:0x0c2fdc58 x17:0x800035a4  x2=0x8c3011fc
        5395000	       440	80000482	3bd11173	csrrw	x2,pmpaddr13,x2	  x2:0x8c3011fc  x2=0x20008a34
        5425000	       443	80000486	3bd11173	csrrw	x2,pmpaddr13,x2	  x2:0x20008a34  x2=0x8c3011fc
        5455000	       446	8000048a	793f6137	lui	x2,0x793f6	  x2=0x793f6000
        5465000	       447	8000048e	c2910113	addi	x2,x2,-983	  x2:0x793f6000  x2=0x793f5c29
        5475000	       448	80000492	3a311173	csrrw	x2,pmpcfg3,x2	  x2:0x793f5c29  x2=0x0f0f0f0f
        5505000	       451	80000496	3a311173	csrrw	x2,pmpcfg3,x2	  x2:0x0f0f0f0f  x2=0x191f1c09
        5535000	       454	8000049a	2e6e7137	lui	x2,0x2e6e7	  x2=0x2e6e7000
        5545000	       455	8000049e	d2310113	addi	x2,x2,-733	  x2:0x2e6e7000  x2=0x2e6e6d23
        5555000	       456	800004a2	00003897	auipc	x17,0x3	 x17=0x800034a2
        5565000	       457	800004a6	10288893	addi	x17,x17,258	 x17:0x800034a2 x17=0x800035a4
        5575000	       458	800004aa	9146	c.add	x2,x17	  x2:0x2e6e6d23 x17:0x800035a4  x2=0xae6ea2c7
        5585000	       459	800004ac	3be11173	csrrw	x2,pmpaddr14,x2	  x2:0xae6ea2c7  x2=0x200093ce
        5615000	       462	800004b0	3be11173	csrrw	x2,pmpaddr14,x2	  x2:0x200093ce  x2=0xae6ea2c7
        5645000	       465	800004b4	48551137	lui	x2,0x48551	  x2=0x48551000
        5655000	       466	800004b8	c7310113	addi	x2,x2,-909	  x2:0x48551000  x2=0x48550c73
        5665000	       467	800004bc	3a311173	csrrw	x2,pmpcfg3,x2	  x2:0x48550c73  x2=0x0f0f0f0f
        5695000	       470	800004c0	3a311173	csrrw	x2,pmpcfg3,x2	  x2:0x0f0f0f0f  x2=0x08150c13
        5725000	       473	800004c4	4abf7137	lui	x2,0x4abf7	  x2=0x4abf7000
        5735000	       474	800004c8	5f910113	addi	x2,x2,1529	  x2:0x4abf7000  x2=0x4abf75f9
        5745000	       475	800004cc	00003897	auipc	x17,0x3	 x17=0x800034cc
        5755000	       476	800004d0	0d888893	addi	x17,x17,216	 x17:0x800034cc x17=0x800035a4
        5765000	       477	800004d4	9146	c.add	x2,x17	  x2:0x4abf75f9 x17:0x800035a4  x2=0xcabfab9d
        5775000	       478	800004d6	3bf11173	csrrw	x2,pmpaddr15,x2	  x2:0xcabfab9d  x2=0x20009d67
        5805000	       481	800004da	3bf11173	csrrw	x2,pmpaddr15,x2	  x2:0x20009d67  x2=0xcabfab9d
        5835000	       484	800004de	3d206137	lui	x2,0x3d206	  x2=0x3d206000
        5845000	       485	800004e2	82c10113	addi	x2,x2,-2004	  x2:0x3d206000  x2=0x3d20582c
        5855000	       486	800004e6	3a311173	csrrw	x2,pmpcfg3,x2	  x2:0x3d20582c  x2=0x0f0f0f0f
        5885000	       489	800004ea	3a311173	csrrw	x2,pmpcfg3,x2	  x2:0x0f0f0f0f  x2=0x1d00180c
        5915000	       492	800004ee	00000317	auipc	x6,0x0	  x6=0x800004ee
        5925000	       493	800004f2	06030313	addi	x6,x6,96	  x6:0x800004ee  x6=0x8000054e
        5935000	       494	800004f6	34131073	csrrw	x0,mepc,x6	  x6:0x8000054e  x0=0x00000000
        5945000	       495	800004fa	7c00d073	csrrwi	x0,0x7c0,1	  x0=0x00000000
        5975000	       498	800004fe	4301	c.li	x6,0	  x6=0x00000000
        5985000	       499	80000500	30031073	csrrw	x0,mstatus,x6	  x6:0x00000000  x0=0x00000000
        6015000	       502	80000504	4301	c.li	x6,0	  x6=0x00000000
        6025000	       503	80000506	30431073	csrrw	x0,mie,x6	  x6:0x00000000  x0=0x00000000
        6055000	       506	8000050a	90000a37	lui	x20,0x90000	 x20=0x90000000
        6065000	       507	8000050e	1a71	c.addi	x20,-4	 x20:0x90000000 x20=0x8ffffffc
        6075000	       508	80000510	90000a37	lui	x20,0x90000	 x20=0x90000000
        6085000	       509	80000514	1a71	c.addi	x20,-4	 x20:0x90000000 x20=0x8ffffffc
        6095000	       510	80000516	90000a37	lui	x20,0x90000	 x20=0x90000000
        6105000	       511	8000051a	1a71	c.addi	x20,-4	 x20:0x90000000 x20=0x8ffffffc
        6115000	       512	8000051c	30000313	addi	x6,x0,768	  x0:0x00000000  x6=0x00000300
        6125000	       513	80000520	0322	c.slli	x6,0x8	  x6:0x00000300  x6=0x00030000
        6135000	       514	80000522	030d	c.addi	x6,3	  x6:0x00030000  x6=0x00030003
        6145000	       515	80000524	006a2023	sw	x6,0(x20)	 x20:0x8ffffffc  x6:0x00030003 PA:0x8ffffffc store:0x00030003 load:0x00000000
        6155000	       516	80000528	30002373	csrrs	x6,mstatus,x0	  x0:0x00000000  x6=0x00000000
        6165000	       517	8000052c	006a2023	sw	x6,0(x20)	 x20:0x8ffffffc  x6:0x00000000 PA:0x8ffffffc store:0x00000000 load:0x00000000
        6175000	       518	80000530	90000a37	lui	x20,0x90000	 x20=0x90000000
        6185000	       519	80000534	1a71	c.addi	x20,-4	 x20:0x90000000 x20=0x8ffffffc
        6195000	       520	80000536	30400313	addi	x6,x0,772	  x0:0x00000000  x6=0x00000304
        6205000	       521	8000053a	0322	c.slli	x6,0x8	  x6:0x00000304  x6=0x00030400
        6215000	       522	8000053c	030d	c.addi	x6,3	  x6:0x00030400  x6=0x00030403
        6225000	       523	8000053e	006a2023	sw	x6,0(x20)	 x20:0x8ffffffc  x6:0x00030403 PA:0x8ffffffc store:0x00030403 load:0x00000000
        6235000	       524	80000542	30402373	csrrs	x6,mie,x0	  x0:0x00000000  x6=0x00000000
        6245000	       525	80000546	006a2023	sw	x6,0(x20)	 x20:0x8ffffffc  x6:0x00000000 PA:0x8ffffffc store:0x00000000 load:0x00000000
        6255000	       526	8000054a	30200073	mret	
        6295000	       530	8000054e	f62cd037	lui	x0,0xf62cd	  x0=0x00000000
        6305000	       531	80000552	4e800013	addi	x0,x0,1256	  x0:0x00000000  x0=0x00000000
        6315000	       532	80000556	40bd	c.li	x1,15	  x1=0x0000000f
        6325000	       533	80000558	4101	c.li	x2,0	  x2=0x00000000
        6335000	       534	8000055a	800001b7	lui	x3,0x80000	  x3=0x80000000
        6345000	       535	8000055e	4231	c.li	x4,12	  x4=0x0000000c
        6355000	       536	80000560	4281	c.li	x5,0	  x5=0x00000000
        6365000	       537	80000562	39880337	lui	x6,0x39880	  x6=0x39880000
        6375000	       538	80000566	a0430313	addi	x6,x6,-1532	  x6:0x39880000  x6=0x3987fa04
        6385000	       539	8000056a	4381	c.li	x7,0	  x7=0x00000000
        6395000	       540	8000056c	7d003437	lui	x8,0x7d003	  x8=0x7d003000
        6405000	       541	80000570	bf240413	addi	x8,x8,-1038	  x8:0x7d003000  x8=0x7d002bf2
        6415000	       542	80000574	f1dbf4b7	lui	x9,0xf1dbf	  x9=0xf1dbf000
        6425000	       543	80000578	dbc48493	addi	x9,x9,-580	  x9:0xf1dbf000  x9=0xf1dbedbc
        6435000	       544	8000057c	453d	c.li	x10,15	 x10=0x0000000f
        6445000	       545	8000057e	4591	c.li	x11,4	 x11=0x00000004
        6455000	       546	80000580	800006b7	lui	x13,0x80000	 x13=0x80000000
        6465000	       547	80000584	4781	c.li	x15,0	 x15=0x00000000
        6475000	       548	80000586	89832837	lui	x16,0x89832	 x16=0x89832000
        6485000	       549	8000058a	c1580813	addi	x16,x16,-1003	 x16:0x89832000 x16=0x89831c15
        6495000	       550	8000058e	800008b7	lui	x17,0x80000	 x17=0x80000000
        6505000	       551	80000592	492d	c.li	x18,11	 x18=0x0000000b
        6515000	       552	80000594	fa3d09b7	lui	x19,0xfa3d0	 x19=0xfa3d0000
        6525000	       553	80000598	94a98993	addi	x19,x19,-1718	 x19:0xfa3d0000 x19=0xfa3cf94a
        6535000	       554	8000059c	4a97aa37	lui	x20,0x4a97a	 x20=0x4a97a000
        6545000	       555	800005a0	2f8a0a13	addi	x20,x20,760	 x20:0x4a97a000 x20=0x4a97a2f8
        6555000	       556	800005a4	4a81	c.li	x21,0	 x21=0x00000000
        6565000	       557	800005a6	5d61db37	lui	x22,0x5d61d	 x22=0x5d61d000
        6575000	       558	800005aa	b07b0b13	addi	x22,x22,-1273	 x22:0x5d61d000 x22=0x5d61cb07
        6585000	       559	800005ae	fcf81bb7	lui	x23,0xfcf81	 x23=0xfcf81000
        6595000	       560	800005b2	713b8b93	addi	x23,x23,1811	 x23:0xfcf81000 x23=0xfcf81713
        6605000	       561	800005b6	fe0c5c37	lui	x24,0xfe0c5	 x24=0xfe0c5000
        6615000	       562	800005ba	7bfc0c13	addi	x24,x24,1983	 x24:0xfe0c5000 x24=0xfe0c57bf
        6625000	       563	800005be	4c81	c.li	x25,0	 x25=0x00000000
        6635000	       564	800005c0	f54eed37	lui	x26,0xf54ee	 x26=0xf54ee000
        6645000	       565	800005c4	372d0d13	addi	x26,x26,882	 x26:0xf54ee000 x26=0xf54ee372
        6655000	       566	800005c8	4d81	c.li	x27,0	 x27=0x00000000
        6665000	       567	800005ca	2cb93e37	lui	x28,0x2cb93	 x28=0x2cb93000
        6675000	       568	800005ce	a77e0e13	addi	x28,x28,-1417	 x28:0x2cb93000 x28=0x2cb92a77
        6685000	       569	800005d2	80000eb7	lui	x29,0x80000	 x29=0x80000000
        6695000	       570	800005d6	80000f37	lui	x30,0x80000	 x30=0x80000000
        6705000	       571	800005da	fb373fb7	lui	x31,0xfb373	 x31=0xfb373000
        6715000	       572	800005de	8a3f8f93	addi	x31,x31,-1885	 x31:0xfb373000 x31=0xfb3728a3
        6725000	       573	800005e2	00029617	auipc	x12,0x29	 x12=0x800295e2
        6735000	       574	800005e6	88260613	addi	x12,x12,-1918	 x12:0x800295e2 x12=0x80028e64
        6745000	       575	800005ea	90000a37	lui	x20,0x90000	 x20=0x90000000
        6755000	       576	800005ee	1a71	c.addi	x20,-4	 x20:0x90000000 x20=0x8ffffffc
        6765000	       577	800005f0	4301	c.li	x6,0	  x6=0x00000000
        6775000	       578	800005f2	0322	c.slli	x6,0x8	  x6:0x00000000  x6=0x00000000
        6785000	       579	800005f4	00030313	addi	x6,x6,0	  x6:0x00000000  x6=0x00000000
        6805000	       581	800005f8	006a2023	sw	x6,0(x20)	 x20:0x8ffffffc  x6:0x00000000 PA:0x8ffffffc store:0x00000000 load:0x00000000
        6845000	       585	80002800	0800006f	jal	x0,80002880	  x0=0x00000000
        6865000	       587	80002880	1771	c.addi	x14,-4	 x14:0x8002cce4 x14=0x8002cce0
        6875000	       588	80002882	c310	c.sw	x12,0(x14)	 x14:0x8002cce0 x12:0x80028e64 PA:0x8002cce0 store:0x80028e64 load:0x00000000
        6885000	       589	80002884	00070633	add	x12,x14,x0	 x14:0x8002cce0  x0:0x00000000 x12=0x8002cce0
        6895000	       590	80002888	f8060613	addi	x12,x12,-128	 x12:0x8002cce0 x12=0x8002cc60
        6905000	       591	8000288c	00162223	sw	x1,4(x12)	 x12:0x8002cc60  x1:0x0000000f PA:0x8002cc64 store:0x0000000f load:0x00000000
        6915000	       592	80002890	00262423	sw	x2,8(x12)	 x12:0x8002cc60  x2:0x00000000 PA:0x8002cc68 store:0x00000000 load:0x00000000
        6925000	       593	80002894	00362623	sw	x3,12(x12)	 x12:0x8002cc60  x3:0x80000000 PA:0x8002cc6c store:0x80000000 load:0x00000000
        6935000	       594	80002898	00462823	sw	x4,16(x12)	 x12:0x8002cc60  x4:0x0000000c PA:0x8002cc70 store:0x0000000c load:0x00000000
        6945000	       595	8000289c	00562a23	sw	x5,20(x12)	 x12:0x8002cc60  x5:0x00000000 PA:0x8002cc74 store:0x00000000 load:0x00000000
        6955000	       596	800028a0	00662c23	sw	x6,24(x12)	 x12:0x8002cc60  x6:0x00000000 PA:0x8002cc78 store:0x00000000 load:0x00000000
        6965000	       597	800028a4	00762e23	sw	x7,28(x12)	 x12:0x8002cc60  x7:0x00000000 PA:0x8002cc7c store:0x00000000 load:0x00000000
        6975000	       598	800028a8	d200	c.sw	x8,32(x12)	 x12:0x8002cc60  x8:0x7d002bf2 PA:0x8002cc80 store:0x7d002bf2 load:0x00000000
        6985000	       599	800028aa	d244	c.sw	x9,36(x12)	 x12:0x8002cc60  x9:0xf1dbedbc PA:0x8002cc84 store:0xf1dbedbc load:0x00000000
        6995000	       600	800028ac	d608	c.sw	x10,40(x12)	 x12:0x8002cc60 x10:0x0000000f PA:0x8002cc88 store:0x0000000f load:0x00000000
        7005000	       601	800028ae	d64c	c.sw	x11,44(x12)	 x12:0x8002cc60 x11:0x00000004 PA:0x8002cc8c store:0x00000004 load:0x00000000
        7015000	       602	800028b0	da10	c.sw	x12,48(x12)	 x12:0x8002cc60 x12:0x8002cc60 PA:0x8002cc90 store:0x8002cc60 load:0x00000000
        7025000	       603	800028b2	da54	c.sw	x13,52(x12)	 x12:0x8002cc60 x13:0x80000000 PA:0x8002cc94 store:0x80000000 load:0x00000000
        7035000	       604	800028b4	de18	c.sw	x14,56(x12)	 x12:0x8002cc60 x14:0x8002cce0 PA:0x8002cc98 store:0x8002cce0 load:0x00000000
        7045000	       605	800028b6	de5c	c.sw	x15,60(x12)	 x12:0x8002cc60 x15:0x00000000 PA:0x8002cc9c store:0x00000000 load:0x00000000
        7055000	       606	800028b8	05062023	sw	x16,64(x12)	 x12:0x8002cc60 x16:0x89831c15 PA:0x8002cca0 store:0x89831c15 load:0x00000000
        7065000	       607	800028bc	05162223	sw	x17,68(x12)	 x12:0x8002cc60 x17:0x80000000 PA:0x8002cca4 store:0x80000000 load:0x00000000
        7075000	       608	800028c0	05262423	sw	x18,72(x12)	 x12:0x8002cc60 x18:0x0000000b PA:0x8002cca8 store:0x0000000b load:0x00000000
        7085000	       609	800028c4	05362623	sw	x19,76(x12)	 x12:0x8002cc60 x19:0xfa3cf94a PA:0x8002ccac store:0xfa3cf94a load:0x00000000
        7095000	       610	800028c8	05462823	sw	x20,80(x12)	 x12:0x8002cc60 x20:0x8ffffffc PA:0x8002ccb0 store:0x8ffffffc load:0x00000000
        7105000	       611	800028cc	05562a23	sw	x21,84(x12)	 x12:0x8002cc60 x21:0x00000000 PA:0x8002ccb4 store:0x00000000 load:0x00000000
        7115000	       612	800028d0	05662c23	sw	x22,88(x12)	 x12:0x8002cc60 x22:0x5d61cb07 PA:0x8002ccb8 store:0x5d61cb07 load:0x00000000
        7125000	       613	800028d4	05762e23	sw	x23,92(x12)	 x12:0x8002cc60 x23:0xfcf81713 PA:0x8002ccbc store:0xfcf81713 load:0x00000000
        7135000	       614	800028d8	07862023	sw	x24,96(x12)	 x12:0x8002cc60 x24:0xfe0c57bf PA:0x8002ccc0 store:0xfe0c57bf load:0x00000000
        7145000	       615	800028dc	07962223	sw	x25,100(x12)	 x12:0x8002cc60 x25:0x00000000 PA:0x8002ccc4 store:0x00000000 load:0x00000000
        7155000	       616	800028e0	07a62423	sw	x26,104(x12)	 x12:0x8002cc60 x26:0xf54ee372 PA:0x8002ccc8 store:0xf54ee372 load:0x00000000
        7165000	       617	800028e4	07b62623	sw	x27,108(x12)	 x12:0x8002cc60 x27:0x00000000 PA:0x8002cccc store:0x00000000 load:0x00000000
        7175000	       618	800028e8	07c62823	sw	x28,112(x12)	 x12:0x8002cc60 x28:0x2cb92a77 PA:0x8002ccd0 store:0x2cb92a77 load:0x00000000
        7185000	       619	800028ec	07d62a23	sw	x29,116(x12)	 x12:0x8002cc60 x29:0x80000000 PA:0x8002ccd4 store:0x80000000 load:0x00000000
        7195000	       620	800028f0	07e62c23	sw	x30,120(x12)	 x12:0x8002cc60 x30:0x80000000 PA:0x8002ccd8 store:0x80000000 load:0x00000000
        7205000	       621	800028f4	07f62e23	sw	x31,124(x12)	 x12:0x8002cc60 x31:0xfb3728a3 PA:0x8002ccdc store:0xfb3728a3 load:0x00000000
        7215000	       622	800028f8	00060733	add	x14,x12,x0	 x12:0x8002cc60  x0:0x00000000 x14=0x8002cc60
        7225000	       623	800028fc	90000a37	lui	x20,0x90000	 x20=0x90000000
        7235000	       624	80002900	1a71	c.addi	x20,-4	 x20:0x90000000 x20=0x8ffffffc
        7245000	       625	80002902	4321	c.li	x6,8	  x6=0x00000008
        7255000	       626	80002904	0322	c.slli	x6,0x8	  x6:0x00000008  x6=0x00000800
        7265000	       627	80002906	00030313	addi	x6,x6,0	  x6:0x00000800  x6=0x00000800
        7275000	       628	8000290a	006a2023	sw	x6,0(x20)	 x20:0x8ffffffc  x6:0x00000800 PA:0x8ffffffc store:0x00000800 load:0x00000000
        7285000	       629	8000290e	34102373	csrrs	x6,mepc,x0	  x0:0x00000000  x6=0x800005f8
        7295000	       630	80002912	34202373	csrrs	x6,mcause,x0	  x0:0x00000000  x6=0x00000007
        7305000	       631	80002916	4a0d	c.li	x20,3	 x20=0x00000003
        7315000	       632	80002918	01431463	bne	x6,x20,80002920	  x6:0x00000007 x20:0x00000003
        7335000	       634	80002920	4a21	c.li	x20,8	 x20=0x00000008
        7345000	       635	80002922	05430d63	beq	x6,x20,8000297c	  x6:0x00000007 x20:0x00000008
        7355000	       636	80002926	4a25	c.li	x20,9	 x20=0x00000009
        7365000	       637	80002928	05430a63	beq	x6,x20,8000297c	  x6:0x00000007 x20:0x00000009
        7375000	       638	8000292c	4a2d	c.li	x20,11	 x20=0x0000000b
        7385000	       639	8000292e	05430763	beq	x6,x20,8000297c	  x6:0x00000007 x20:0x0000000b
        7395000	       640	80002932	4a05	c.li	x20,1	 x20=0x00000001
        7405000	       641	80002934	35430363	beq	x6,x20,80002c7a	  x6:0x00000007 x20:0x00000001
        7415000	       642	80002938	4a15	c.li	x20,5	 x20=0x00000005
        7425000	       643	8000293a	63430963	beq	x6,x20,80002f6c	  x6:0x00000007 x20:0x00000005
        7435000	       644	8000293e	4a1d	c.li	x20,7	 x20=0x00000007
        7445000	       645	80002940	15430ae3	beq	x6,x20,80003294	  x6:0x00000007 x20:0x00000007
        7465000	       647	80003294	90000a37	lui	x20,0x90000	 x20=0x90000000
        7475000	       648	80003298	1a71	c.addi	x20,-4	 x20:0x90000000 x20=0x8ffffffc
        7485000	       649	8000329a	4331	c.li	x6,12	  x6=0x0000000c
        7495000	       650	8000329c	0322	c.slli	x6,0x8	  x6:0x0000000c  x6=0x00000c00
        7505000	       651	8000329e	00030313	addi	x6,x6,0	  x6:0x00000c00  x6=0x00000c00
        7515000	       652	800032a2	006a2023	sw	x6,0(x20)	 x20:0x8ffffffc  x6:0x00000c00 PA:0x8ffffffc store:0x00000c00 load:0x00000000
        7525000	       653	800032a6	90000a37	lui	x20,0x90000	 x20=0x90000000
        7535000	       654	800032aa	1a71	c.addi	x20,-4	 x20:0x90000000 x20=0x8ffffffc
        7545000	       655	800032ac	34200313	addi	x6,x0,834	  x0:0x00000000  x6=0x00000342
        7555000	       656	800032b0	0322	c.slli	x6,0x8	  x6:0x00000342  x6=0x00034200
        7565000	       657	800032b2	030d	c.addi	x6,3	  x6:0x00034200  x6=0x00034203
        7575000	       658	800032b4	006a2023	sw	x6,0(x20)	 x20:0x8ffffffc  x6:0x00034203 PA:0x8ffffffc store:0x00034203 load:0x00000000
        7585000	       659	800032b8	34202373	csrrs	x6,mcause,x0	  x0:0x00000000  x6=0x00000007
        7595000	       660	800032bc	006a2023	sw	x6,0(x20)	 x20:0x8ffffffc  x6:0x00000007 PA:0x8ffffffc store:0x00000007 load:0x00000000
        7605000	       661	800032c0	4301	c.li	x6,0	  x6=0x00000000
        7615000	       662	800032c2	809a	c.mv	x1,x6	  x0:0x00000000  x6:0x00000000  x1=0x00000000
        7625000	       663	800032c4	4881	c.li	x17,0	 x17=0x00000000
        7635000	       664	800032c6	8306	c.mv	x6,x1	  x0:0x00000000  x1:0x00000000  x6=0x00000000
        7645000	       665	800032c8	811a	c.mv	x2,x6	  x0:0x00000000  x6:0x00000000  x2=0x00000000
        7655000	       666	800032ca	4101	c.li	x2,0	  x2=0x00000000
        7665000	       667	800032cc	04230f63	beq	x6,x2,8000332a	  x6:0x00000000  x2:0x00000000
        7695000	       670	8000332a	3b002a73	csrrs	x20,pmpaddr0,x0	  x0:0x00000000 x20=0x20000d69
        7705000	       671	8000332e	3a0023f3	csrrs	x7,pmpcfg0,x0	  x0:0x00000000  x7=0x0f0f0f0f
        7715000	       672	80003332	a861	c.j	800033ca	
        7735000	       674	800033ca	4991	c.li	x19,4	 x19=0x00000004
        7745000	       675	800033cc	01e09313	slli	x6,x1,0x1e	  x1:0x00000000  x6=0x00000000
        7755000	       676	800033d0	01e35313	srli	x6,x6,0x1e	  x6:0x00000000  x6=0x00000000
        7765000	       677	800033d4	40698133	sub	x2,x19,x6	 x19:0x00000004  x6:0x00000000  x2=0x00000004
        7775000	       678	800033d8	117d	c.addi	x2,-1	  x2:0x00000004  x2=0x00000003
        7785000	       679	800033da	010e	c.slli	x2,0x3	  x2:0x00000003  x2=0x00000018
        7795000	       680	800033dc	002399b3	sll	x19,x7,x2	  x7:0x0f0f0f0f  x2:0x00000018 x19=0x0f000000
        7805000	       681	800033e0	030e	c.slli	x6,0x3	  x6:0x00000000  x6=0x00000000
        7815000	       682	800033e2	911a	c.add	x2,x6	  x2:0x00000018  x6:0x00000000  x2=0x00000018
        7825000	       683	800033e4	0029d9b3	srl	x19,x19,x2	 x19:0x0f000000  x2:0x00000018 x19=0x0000000f
        7835000	       684	800033e8	01b99113	slli	x2,x19,0x1b	 x19:0x0000000f  x2=0x78000000
        7845000	       685	800033ec	01e15113	srli	x2,x2,0x1e	  x2:0x78000000  x2=0x00000001
        7855000	       686	800033f0	04010563	beq	x2,x0,8000343a	  x2:0x00000001  x0:0x00000000
        7865000	       687	800033f4	4305	c.li	x6,1	  x6=0x00000001
        7875000	       688	800033f6	04610363	beq	x2,x6,8000343c	  x2:0x00000001  x6:0x00000001
        7895000	       690	8000343c	8306	c.mv	x6,x1	  x0:0x00000000  x1:0x00000000  x6=0x00000000
        7905000	       691	8000343e	34302173	csrrs	x2,mtval,x0	  x0:0x00000000  x2=0x8ffffffc
        7915000	       692	80003442	00215113	srli	x2,x2,0x2	  x2:0x8ffffffc  x2=0x23ffffff
        7925000	       693	80003446	00031563	bne	x6,x0,80003450	  x6:0x00000000  x0:0x00000000
        7935000	       694	8000344a	fc0144e3	blt	x2,x0,80003412	  x2:0x23ffffff  x0:0x00000000
        7945000	       695	8000344e	a019	c.j	80003454	
        7965000	       697	80003454	fb417fe3	bgeu	x2,x20,80003412	  x2:0x23ffffff x20:0x20000d69
        7985000	       699	80003412	8306	c.mv	x6,x1	  x0:0x00000000  x1:0x00000000  x6=0x00000000
        7995000	       700	80003414	88d2	c.mv	x17,x20	  x0:0x00000000 x20:0x20000d69 x17=0x20000d69
        8005000	       701	80003416	0305	c.addi	x6,1	  x6:0x00000000  x6=0x00000001
        8015000	       702	80003418	809a	c.mv	x1,x6	  x0:0x00000000  x6:0x00000001  x1=0x00000001
        8025000	       703	8000341a	4a41	c.li	x20,16	 x20=0x00000010
        8035000	       704	8000341c	01435363	bge	x6,x20,80003422	  x6:0x00000001 x20:0x00000010
        8045000	       705	80003420	b55d	c.j	800032c6	
        8065000	       707	800032c6	8306	c.mv	x6,x1	  x0:0x00000000  x1:0x00000001  x6=0x00000001
        8075000	       708	800032c8	811a	c.mv	x2,x6	  x0:0x00000000  x6:0x00000001  x2=0x00000001
        8085000	       709	800032ca	4101	c.li	x2,0	  x2=0x00000000
        8095000	       710	800032cc	04230f63	beq	x6,x2,8000332a	  x6:0x00000001  x2:0x00000000
        8105000	       711	800032d0	4105	c.li	x2,1	  x2=0x00000001
        8115000	       712	800032d2	06230163	beq	x6,x2,80003334	  x6:0x00000001  x2:0x00000001
        8135000	       714	80003334	3b102a73	csrrs	x20,pmpaddr1,x0	  x0:0x00000000 x20=0x20001702
        8145000	       715	80003338	3a0023f3	csrrs	x7,pmpcfg0,x0	  x0:0x00000000  x7=0x0f0f0f0f
        8155000	       716	8000333c	a079	c.j	800033ca	
        8175000	       718	800033ca	4991	c.li	x19,4	 x19=0x00000004
        8185000	       719	800033cc	01e09313	slli	x6,x1,0x1e	  x1:0x00000001  x6=0x40000000
        8195000	       720	800033d0	01e35313	srli	x6,x6,0x1e	  x6:0x40000000  x6=0x00000001
        8205000	       721	800033d4	40698133	sub	x2,x19,x6	 x19:0x00000004  x6:0x00000001  x2=0x00000003
        8215000	       722	800033d8	117d	c.addi	x2,-1	  x2:0x00000003  x2=0x00000002
        8225000	       723	800033da	010e	c.slli	x2,0x3	  x2:0x00000002  x2=0x00000010
        8235000	       724	800033dc	002399b3	sll	x19,x7,x2	  x7:0x0f0f0f0f  x2:0x00000010 x19=0x0f0f0000
        8245000	       725	800033e0	030e	c.slli	x6,0x3	  x6:0x00000001  x6=0x00000008
        8255000	       726	800033e2	911a	c.add	x2,x6	  x2:0x00000010  x6:0x00000008  x2=0x00000018
        8265000	       727	800033e4	0029d9b3	srl	x19,x19,x2	 x19:0x0f0f0000  x2:0x00000018 x19=0x0000000f
        8275000	       728	800033e8	01b99113	slli	x2,x19,0x1b	 x19:0x0000000f  x2=0x78000000
        8285000	       729	800033ec	01e15113	srli	x2,x2,0x1e	  x2:0x78000000  x2=0x00000001
        8295000	       730	800033f0	04010563	beq	x2,x0,8000343a	  x2:0x00000001  x0:0x00000000
        8305000	       731	800033f4	4305	c.li	x6,1	  x6=0x00000001
        8315000	       732	800033f6	04610363	beq	x2,x6,8000343c	  x2:0x00000001  x6:0x00000001
        8335000	       734	8000343c	8306	c.mv	x6,x1	  x0:0x00000000  x1:0x00000001  x6=0x00000001
        8345000	       735	8000343e	34302173	csrrs	x2,mtval,x0	  x0:0x00000000  x2=0x8ffffffc
        8355000	       736	80003442	00215113	srli	x2,x2,0x2	  x2:0x8ffffffc  x2=0x23ffffff
        8365000	       737	80003446	00031563	bne	x6,x0,80003450	  x6:0x00000001  x0:0x00000000
        8385000	       739	80003450	fd1161e3	bltu	x2,x17,80003412	  x2:0x23ffffff x17:0x20000d69
        8395000	       740	80003454	fb417fe3	bgeu	x2,x20,80003412	  x2:0x23ffffff x20:0x20001702
        8415000	       742	80003412	8306	c.mv	x6,x1	  x0:0x00000000  x1:0x00000001  x6=0x00000001
        8425000	       743	80003414	88d2	c.mv	x17,x20	  x0:0x00000000 x20:0x20001702 x17=0x20001702
        8435000	       744	80003416	0305	c.addi	x6,1	  x6:0x00000001  x6=0x00000002
        8445000	       745	80003418	809a	c.mv	x1,x6	  x0:0x00000000  x6:0x00000002  x1=0x00000002
        8455000	       746	8000341a	4a41	c.li	x20,16	 x20=0x00000010
        8465000	       747	8000341c	01435363	bge	x6,x20,80003422	  x6:0x00000002 x20:0x00000010
        8475000	       748	80003420	b55d	c.j	800032c6	
        8495000	       750	800032c6	8306	c.mv	x6,x1	  x0:0x00000000  x1:0x00000002  x6=0x00000002
        8505000	       751	800032c8	811a	c.mv	x2,x6	  x0:0x00000000  x6:0x00000002  x2=0x00000002
        8515000	       752	800032ca	4101	c.li	x2,0	  x2=0x00000000
        8525000	       753	800032cc	04230f63	beq	x6,x2,8000332a	  x6:0x00000002  x2:0x00000000
        8535000	       754	800032d0	4105	c.li	x2,1	  x2=0x00000001
        8545000	       755	800032d2	06230163	beq	x6,x2,80003334	  x6:0x00000002  x2:0x00000001
        8555000	       756	800032d6	4109	c.li	x2,2	  x2=0x00000002
        8565000	       757	800032d8	06230363	beq	x6,x2,8000333e	  x6:0x00000002  x2:0x00000002
        8595000	       760	8000333e	3b202a73	csrrs	x20,pmpaddr2,x0	  x0:0x00000000 x20=0x2000209c
        8605000	       761	80003342	3a0023f3	csrrs	x7,pmpcfg0,x0	  x0:0x00000000  x7=0x0f0f0f0f
        8615000	       762	80003346	a051	c.j	800033ca	
        8635000	       764	800033ca	4991	c.li	x19,4	 x19=0x00000004
        8645000	       765	800033cc	01e09313	slli	x6,x1,0x1e	  x1:0x00000002  x6=0x80000000
        8655000	       766	800033d0	01e35313	srli	x6,x6,0x1e	  x6:0x80000000  x6=0x00000002
        8665000	       767	800033d4	40698133	sub	x2,x19,x6	 x19:0x00000004  x6:0x00000002  x2=0x00000002
        8675000	       768	800033d8	117d	c.addi	x2,-1	  x2:0x00000002  x2=0x00000001
        8685000	       769	800033da	010e	c.slli	x2,0x3	  x2:0x00000001  x2=0x00000008
        8695000	       770	800033dc	002399b3	sll	x19,x7,x2	  x7:0x0f0f0f0f  x2:0x00000008 x19=0x0f0f0f00
        8705000	       771	800033e0	030e	c.slli	x6,0x3	  x6:0x00000002  x6=0x00000010
        8715000	       772	800033e2	911a	c.add	x2,x6	  x2:0x00000008  x6:0x00000010  x2=0x00000018
        8725000	       773	800033e4	0029d9b3	srl	x19,x19,x2	 x19:0x0f0f0f00  x2:0x00000018 x19=0x0000000f
        8735000	       774	800033e8	01b99113	slli	x2,x19,0x1b	 x19:0x0000000f  x2=0x78000000
        8745000	       775	800033ec	01e15113	srli	x2,x2,0x1e	  x2:0x78000000  x2=0x00000001
        8755000	       776	800033f0	04010563	beq	x2,x0,8000343a	  x2:0x00000001  x0:0x00000000
        8765000	       777	800033f4	4305	c.li	x6,1	  x6=0x00000001
        8775000	       778	800033f6	04610363	beq	x2,x6,8000343c	  x2:0x00000001  x6:0x00000001
        8795000	       780	8000343c	8306	c.mv	x6,x1	  x0:0x00000000  x1:0x00000002  x6=0x00000002
        8805000	       781	8000343e	34302173	csrrs	x2,mtval,x0	  x0:0x00000000  x2=0x8ffffffc
        8815000	       782	80003442	00215113	srli	x2,x2,0x2	  x2:0x8ffffffc  x2=0x23ffffff
        8825000	       783	80003446	00031563	bne	x6,x0,80003450	  x6:0x00000002  x0:0x00000000
        8845000	       785	80003450	fd1161e3	bltu	x2,x17,80003412	  x2:0x23ffffff x17:0x20001702
        8855000	       786	80003454	fb417fe3	bgeu	x2,x20,80003412	  x2:0x23ffffff x20:0x2000209c
        8875000	       788	80003412	8306	c.mv	x6,x1	  x0:0x00000000  x1:0x00000002  x6=0x00000002
        8885000	       789	80003414	88d2	c.mv	x17,x20	  x0:0x00000000 x20:0x2000209c x17=0x2000209c
        8895000	       790	80003416	0305	c.addi	x6,1	  x6:0x00000002  x6=0x00000003
        8905000	       791	80003418	809a	c.mv	x1,x6	  x0:0x00000000  x6:0x00000003  x1=0x00000003
        8915000	       792	8000341a	4a41	c.li	x20,16	 x20=0x00000010
        8925000	       793	8000341c	01435363	bge	x6,x20,80003422	  x6:0x00000003 x20:0x00000010
        8935000	       794	80003420	b55d	c.j	800032c6	
        8955000	       796	800032c6	8306	c.mv	x6,x1	  x0:0x00000000  x1:0x00000003  x6=0x00000003
        8965000	       797	800032c8	811a	c.mv	x2,x6	  x0:0x00000000  x6:0x00000003  x2=0x00000003
        8975000	       798	800032ca	4101	c.li	x2,0	  x2=0x00000000
        8985000	       799	800032cc	04230f63	beq	x6,x2,8000332a	  x6:0x00000003  x2:0x00000000
        8995000	       800	800032d0	4105	c.li	x2,1	  x2=0x00000001
        9005000	       801	800032d2	06230163	beq	x6,x2,80003334	  x6:0x00000003  x2:0x00000001
        9015000	       802	800032d6	4109	c.li	x2,2	  x2=0x00000002
        9025000	       803	800032d8	06230363	beq	x6,x2,8000333e	  x6:0x00000003  x2:0x00000002
        9035000	       804	800032dc	410d	c.li	x2,3	  x2=0x00000003
        9045000	       805	800032de	06230563	beq	x6,x2,80003348	  x6:0x00000003  x2:0x00000003
        9065000	       807	80003348	3b302a73	csrrs	x20,pmpaddr3,x0	  x0:0x00000000 x20=0x20002a35
        9075000	       808	8000334c	3a0023f3	csrrs	x7,pmpcfg0,x0	  x0:0x00000000  x7=0x0f0f0f0f
        9085000	       809	80003350	a8ad	c.j	800033ca	
        9105000	       811	800033ca	4991	c.li	x19,4	 x19=0x00000004
        9115000	       812	800033cc	01e09313	slli	x6,x1,0x1e	  x1:0x00000003  x6=0xc0000000
        9125000	       813	800033d0	01e35313	srli	x6,x6,0x1e	  x6:0xc0000000  x6=0x00000003
        9135000	       814	800033d4	40698133	sub	x2,x19,x6	 x19:0x00000004  x6:0x00000003  x2=0x00000001
        9145000	       815	800033d8	117d	c.addi	x2,-1	  x2:0x00000001  x2=0x00000000
        9155000	       816	800033da	010e	c.slli	x2,0x3	  x2:0x00000000  x2=0x00000000
        9165000	       817	800033dc	002399b3	sll	x19,x7,x2	  x7:0x0f0f0f0f  x2:0x00000000 x19=0x0f0f0f0f
        9175000	       818	800033e0	030e	c.slli	x6,0x3	  x6:0x00000003  x6=0x00000018
        9185000	       819	800033e2	911a	c.add	x2,x6	  x2:0x00000000  x6:0x00000018  x2=0x00000018
        9195000	       820	800033e4	0029d9b3	srl	x19,x19,x2	 x19:0x0f0f0f0f  x2:0x00000018 x19=0x0000000f
        9205000	       821	800033e8	01b99113	slli	x2,x19,0x1b	 x19:0x0000000f  x2=0x78000000
        9215000	       822	800033ec	01e15113	srli	x2,x2,0x1e	  x2:0x78000000  x2=0x00000001
        9225000	       823	800033f0	04010563	beq	x2,x0,8000343a	  x2:0x00000001  x0:0x00000000
        9235000	       824	800033f4	4305	c.li	x6,1	  x6=0x00000001
        9245000	       825	800033f6	04610363	beq	x2,x6,8000343c	  x2:0x00000001  x6:0x00000001
        9265000	       827	8000343c	8306	c.mv	x6,x1	  x0:0x00000000  x1:0x00000003  x6=0x00000003
        9275000	       828	8000343e	34302173	csrrs	x2,mtval,x0	  x0:0x00000000  x2=0x8ffffffc
        9285000	       829	80003442	00215113	srli	x2,x2,0x2	  x2:0x8ffffffc  x2=0x23ffffff
        9295000	       830	80003446	00031563	bne	x6,x0,80003450	  x6:0x00000003  x0:0x00000000
        9315000	       832	80003450	fd1161e3	bltu	x2,x17,80003412	  x2:0x23ffffff x17:0x2000209c
        9325000	       833	80003454	fb417fe3	bgeu	x2,x20,80003412	  x2:0x23ffffff x20:0x20002a35
        9345000	       835	80003412	8306	c.mv	x6,x1	  x0:0x00000000  x1:0x00000003  x6=0x00000003
        9355000	       836	80003414	88d2	c.mv	x17,x20	  x0:0x00000000 x20:0x20002a35 x17=0x20002a35
        9365000	       837	80003416	0305	c.addi	x6,1	  x6:0x00000003  x6=0x00000004
        9375000	       838	80003418	809a	c.mv	x1,x6	  x0:0x00000000  x6:0x00000004  x1=0x00000004
        9385000	       839	8000341a	4a41	c.li	x20,16	 x20=0x00000010
        9395000	       840	8000341c	01435363	bge	x6,x20,80003422	  x6:0x00000004 x20:0x00000010
        9405000	       841	80003420	b55d	c.j	800032c6	
        9425000	       843	800032c6	8306	c.mv	x6,x1	  x0:0x00000000  x1:0x00000004  x6=0x00000004
        9435000	       844	800032c8	811a	c.mv	x2,x6	  x0:0x00000000  x6:0x00000004  x2=0x00000004
        9445000	       845	800032ca	4101	c.li	x2,0	  x2=0x00000000
        9455000	       846	800032cc	04230f63	beq	x6,x2,8000332a	  x6:0x00000004  x2:0x00000000
        9465000	       847	800032d0	4105	c.li	x2,1	  x2=0x00000001
        9475000	       848	800032d2	06230163	beq	x6,x2,80003334	  x6:0x00000004  x2:0x00000001
        9485000	       849	800032d6	4109	c.li	x2,2	  x2=0x00000002
        9495000	       850	800032d8	06230363	beq	x6,x2,8000333e	  x6:0x00000004  x2:0x00000002
        9505000	       851	800032dc	410d	c.li	x2,3	  x2=0x00000003
        9515000	       852	800032de	06230563	beq	x6,x2,80003348	  x6:0x00000004  x2:0x00000003
        9525000	       853	800032e2	4111	c.li	x2,4	  x2=0x00000004
        9535000	       854	800032e4	06230763	beq	x6,x2,80003352	  x6:0x00000004  x2:0x00000004
        9565000	       857	80003352	3b402a73	csrrs	x20,pmpaddr4,x0	  x0:0x00000000 x20=0x200033cf
        9575000	       858	80003356	3a1023f3	csrrs	x7,pmpcfg1,x0	  x0:0x00000000  x7=0x0f0f0f0f
        9585000	       859	8000335a	a885	c.j	800033ca	
        9605000	       861	800033ca	4991	c.li	x19,4	 x19=0x00000004
        9615000	       862	800033cc	01e09313	slli	x6,x1,0x1e	  x1:0x00000004  x6=0x00000000
        9625000	       863	800033d0	01e35313	srli	x6,x6,0x1e	  x6:0x00000000  x6=0x00000000
        9635000	       864	800033d4	40698133	sub	x2,x19,x6	 x19:0x00000004  x6:0x00000000  x2=0x00000004
        9645000	       865	800033d8	117d	c.addi	x2,-1	  x2:0x00000004  x2=0x00000003
        9655000	       866	800033da	010e	c.slli	x2,0x3	  x2:0x00000003  x2=0x00000018
        9665000	       867	800033dc	002399b3	sll	x19,x7,x2	  x7:0x0f0f0f0f  x2:0x00000018 x19=0x0f000000
        9675000	       868	800033e0	030e	c.slli	x6,0x3	  x6:0x00000000  x6=0x00000000
        9685000	       869	800033e2	911a	c.add	x2,x6	  x2:0x00000018  x6:0x00000000  x2=0x00000018
        9695000	       870	800033e4	0029d9b3	srl	x19,x19,x2	 x19:0x0f000000  x2:0x00000018 x19=0x0000000f
        9705000	       871	800033e8	01b99113	slli	x2,x19,0x1b	 x19:0x0000000f  x2=0x78000000
        9715000	       872	800033ec	01e15113	srli	x2,x2,0x1e	  x2:0x78000000  x2=0x00000001
        9725000	       873	800033f0	04010563	beq	x2,x0,8000343a	  x2:0x00000001  x0:0x00000000
        9735000	       874	800033f4	4305	c.li	x6,1	  x6=0x00000001
        9745000	       875	800033f6	04610363	beq	x2,x6,8000343c	  x2:0x00000001  x6:0x00000001
        9765000	       877	8000343c	8306	c.mv	x6,x1	  x0:0x00000000  x1:0x00000004  x6=0x00000004
        9775000	       878	8000343e	34302173	csrrs	x2,mtval,x0	  x0:0x00000000  x2=0x8ffffffc
        9785000	       879	80003442	00215113	srli	x2,x2,0x2	  x2:0x8ffffffc  x2=0x23ffffff
        9795000	       880	80003446	00031563	bne	x6,x0,80003450	  x6:0x00000004  x0:0x00000000
        9815000	       882	80003450	fd1161e3	bltu	x2,x17,80003412	  x2:0x23ffffff x17:0x20002a35
        9825000	       883	80003454	fb417fe3	bgeu	x2,x20,80003412	  x2:0x23ffffff x20:0x200033cf
        9845000	       885	80003412	8306	c.mv	x6,x1	  x0:0x00000000  x1:0x00000004  x6=0x00000004
        9855000	       886	80003414	88d2	c.mv	x17,x20	  x0:0x00000000 x20:0x200033cf x17=0x200033cf
        9865000	       887	80003416	0305	c.addi	x6,1	  x6:0x00000004  x6=0x00000005
        9875000	       888	80003418	809a	c.mv	x1,x6	  x0:0x00000000  x6:0x00000005  x1=0x00000005
        9885000	       889	8000341a	4a41	c.li	x20,16	 x20=0x00000010
        9895000	       890	8000341c	01435363	bge	x6,x20,80003422	  x6:0x00000005 x20:0x00000010
        9905000	       891	80003420	b55d	c.j	800032c6	
        9925000	       893	800032c6	8306	c.mv	x6,x1	  x0:0x00000000  x1:0x00000005  x6=0x00000005
        9935000	       894	800032c8	811a	c.mv	x2,x6	  x0:0x00000000  x6:0x00000005  x2=0x00000005
        9945000	       895	800032ca	4101	c.li	x2,0	  x2=0x00000000
        9955000	       896	800032cc	04230f63	beq	x6,x2,8000332a	  x6:0x00000005  x2:0x00000000
        9965000	       897	800032d0	4105	c.li	x2,1	  x2=0x00000001
        9975000	       898	800032d2	06230163	beq	x6,x2,80003334	  x6:0x00000005  x2:0x00000001
        9985000	       899	800032d6	4109	c.li	x2,2	  x2=0x00000002
        9995000	       900	800032d8	06230363	beq	x6,x2,8000333e	  x6:0x00000005  x2:0x00000002
       10005000	       901	800032dc	410d	c.li	x2,3	  x2=0x00000003
       10015000	       902	800032de	06230563	beq	x6,x2,80003348	  x6:0x00000005  x2:0x00000003
       10025000	       903	800032e2	4111	c.li	x2,4	  x2=0x00000004
       10035000	       904	800032e4	06230763	beq	x6,x2,80003352	  x6:0x00000005  x2:0x00000004
       10045000	       905	800032e8	4115	c.li	x2,5	  x2=0x00000005
       10055000	       906	800032ea	06230963	beq	x6,x2,8000335c	  x6:0x00000005  x2:0x00000005
       10075000	       908	8000335c	3b502a73	csrrs	x20,pmpaddr5,x0	  x0:0x00000000 x20=0x20003d68
       10085000	       909	80003360	3a1023f3	csrrs	x7,pmpcfg1,x0	  x0:0x00000000  x7=0x0f0f0f0f
       10095000	       910	80003364	a09d	c.j	800033ca	
       10115000	       912	800033ca	4991	c.li	x19,4	 x19=0x00000004
       10125000	       913	800033cc	01e09313	slli	x6,x1,0x1e	  x1:0x00000005  x6=0x40000000
       10135000	       914	800033d0	01e35313	srli	x6,x6,0x1e	  x6:0x40000000  x6=0x00000001
       10145000	       915	800033d4	40698133	sub	x2,x19,x6	 x19:0x00000004  x6:0x00000001  x2=0x00000003
       10155000	       916	800033d8	117d	c.addi	x2,-1	  x2:0x00000003  x2=0x00000002
       10165000	       917	800033da	010e	c.slli	x2,0x3	  x2:0x00000002  x2=0x00000010
       10175000	       918	800033dc	002399b3	sll	x19,x7,x2	  x7:0x0f0f0f0f  x2:0x00000010 x19=0x0f0f0000
       10185000	       919	800033e0	030e	c.slli	x6,0x3	  x6:0x00000001  x6=0x00000008
       10195000	       920	800033e2	911a	c.add	x2,x6	  x2:0x00000010  x6:0x00000008  x2=0x00000018
       10205000	       921	800033e4	0029d9b3	srl	x19,x19,x2	 x19:0x0f0f0000  x2:0x00000018 x19=0x0000000f
       10215000	       922	800033e8	01b99113	slli	x2,x19,0x1b	 x19:0x0000000f  x2=0x78000000
       10225000	       923	800033ec	01e15113	srli	x2,x2,0x1e	  x2:0x78000000  x2=0x00000001
       10235000	       924	800033f0	04010563	beq	x2,x0,8000343a	  x2:0x00000001  x0:0x00000000
       10245000	       925	800033f4	4305	c.li	x6,1	  x6=0x00000001
       10255000	       926	800033f6	04610363	beq	x2,x6,8000343c	  x2:0x00000001  x6:0x00000001
       10275000	       928	8000343c	8306	c.mv	x6,x1	  x0:0x00000000  x1:0x00000005  x6=0x00000005
       10285000	       929	8000343e	34302173	csrrs	x2,mtval,x0	  x0:0x00000000  x2=0x8ffffffc
       10295000	       930	80003442	00215113	srli	x2,x2,0x2	  x2:0x8ffffffc  x2=0x23ffffff
       10305000	       931	80003446	00031563	bne	x6,x0,80003450	  x6:0x00000005  x0:0x00000000
       10325000	       933	80003450	fd1161e3	bltu	x2,x17,80003412	  x2:0x23ffffff x17:0x200033cf
       10335000	       934	80003454	fb417fe3	bgeu	x2,x20,80003412	  x2:0x23ffffff x20:0x20003d68
       10355000	       936	80003412	8306	c.mv	x6,x1	  x0:0x00000000  x1:0x00000005  x6=0x00000005
       10365000	       937	80003414	88d2	c.mv	x17,x20	  x0:0x00000000 x20:0x20003d68 x17=0x20003d68
       10375000	       938	80003416	0305	c.addi	x6,1	  x6:0x00000005  x6=0x00000006
       10385000	       939	80003418	809a	c.mv	x1,x6	  x0:0x00000000  x6:0x00000006  x1=0x00000006
       10395000	       940	8000341a	4a41	c.li	x20,16	 x20=0x00000010
       10405000	       941	8000341c	01435363	bge	x6,x20,80003422	  x6:0x00000006 x20:0x00000010
       10415000	       942	80003420	b55d	c.j	800032c6	
       10435000	       944	800032c6	8306	c.mv	x6,x1	  x0:0x00000000  x1:0x00000006  x6=0x00000006
       10445000	       945	800032c8	811a	c.mv	x2,x6	  x0:0x00000000  x6:0x00000006  x2=0x00000006
       10455000	       946	800032ca	4101	c.li	x2,0	  x2=0x00000000
       10465000	       947	800032cc	04230f63	beq	x6,x2,8000332a	  x6:0x00000006  x2:0x00000000
       10475000	       948	800032d0	4105	c.li	x2,1	  x2=0x00000001
       10485000	       949	800032d2	06230163	beq	x6,x2,80003334	  x6:0x00000006  x2:0x00000001
       10495000	       950	800032d6	4109	c.li	x2,2	  x2=0x00000002
       10505000	       951	800032d8	06230363	beq	x6,x2,8000333e	  x6:0x00000006  x2:0x00000002
       10515000	       952	800032dc	410d	c.li	x2,3	  x2=0x00000003
       10525000	       953	800032de	06230563	beq	x6,x2,80003348	  x6:0x00000006  x2:0x00000003
       10535000	       954	800032e2	4111	c.li	x2,4	  x2=0x00000004
       10545000	       955	800032e4	06230763	beq	x6,x2,80003352	  x6:0x00000006  x2:0x00000004
       10555000	       956	800032e8	4115	c.li	x2,5	  x2=0x00000005
       10565000	       957	800032ea	06230963	beq	x6,x2,8000335c	  x6:0x00000006  x2:0x00000005
       10575000	       958	800032ee	4119	c.li	x2,6	  x2=0x00000006
       10585000	       959	800032f0	06230b63	beq	x6,x2,80003366	  x6:0x00000006  x2:0x00000006
       10615000	       962	80003366	3b602a73	csrrs	x20,pmpaddr6,x0	  x0:0x00000000 x20=0x20004702
       10625000	       963	8000336a	3a1023f3	csrrs	x7,pmpcfg1,x0	  x0:0x00000000  x7=0x0f0f0f0f
       10635000	       964	8000336e	a8b1	c.j	800033ca	
       10655000	       966	800033ca	4991	c.li	x19,4	 x19=0x00000004
       10665000	       967	800033cc	01e09313	slli	x6,x1,0x1e	  x1:0x00000006  x6=0x80000000
       10675000	       968	800033d0	01e35313	srli	x6,x6,0x1e	  x6:0x80000000  x6=0x00000002
       10685000	       969	800033d4	40698133	sub	x2,x19,x6	 x19:0x00000004  x6:0x00000002  x2=0x00000002
       10695000	       970	800033d8	117d	c.addi	x2,-1	  x2:0x00000002  x2=0x00000001
       10705000	       971	800033da	010e	c.slli	x2,0x3	  x2:0x00000001  x2=0x00000008
       10715000	       972	800033dc	002399b3	sll	x19,x7,x2	  x7:0x0f0f0f0f  x2:0x00000008 x19=0x0f0f0f00
       10725000	       973	800033e0	030e	c.slli	x6,0x3	  x6:0x00000002  x6=0x00000010
       10735000	       974	800033e2	911a	c.add	x2,x6	  x2:0x00000008  x6:0x00000010  x2=0x00000018
       10745000	       975	800033e4	0029d9b3	srl	x19,x19,x2	 x19:0x0f0f0f00  x2:0x00000018 x19=0x0000000f
       10755000	       976	800033e8	01b99113	slli	x2,x19,0x1b	 x19:0x0000000f  x2=0x78000000
       10765000	       977	800033ec	01e15113	srli	x2,x2,0x1e	  x2:0x78000000  x2=0x00000001
       10775000	       978	800033f0	04010563	beq	x2,x0,8000343a	  x2:0x00000001  x0:0x00000000
       10785000	       979	800033f4	4305	c.li	x6,1	  x6=0x00000001
       10795000	       980	800033f6	04610363	beq	x2,x6,8000343c	  x2:0x00000001  x6:0x00000001
       10815000	       982	8000343c	8306	c.mv	x6,x1	  x0:0x00000000  x1:0x00000006  x6=0x00000006
       10825000	       983	8000343e	34302173	csrrs	x2,mtval,x0	  x0:0x00000000  x2=0x8ffffffc
       10835000	       984	80003442	00215113	srli	x2,x2,0x2	  x2:0x8ffffffc  x2=0x23ffffff
       10845000	       985	80003446	00031563	bne	x6,x0,80003450	  x6:0x00000006  x0:0x00000000
       10865000	       987	80003450	fd1161e3	bltu	x2,x17,80003412	  x2:0x23ffffff x17:0x20003d68
       10875000	       988	80003454	fb417fe3	bgeu	x2,x20,80003412	  x2:0x23ffffff x20:0x20004702
       10895000	       990	80003412	8306	c.mv	x6,x1	  x0:0x00000000  x1:0x00000006  x6=0x00000006
       10905000	       991	80003414	88d2	c.mv	x17,x20	  x0:0x00000000 x20:0x20004702 x17=0x20004702
       10915000	       992	80003416	0305	c.addi	x6,1	  x6:0x00000006  x6=0x00000007
       10925000	       993	80003418	809a	c.mv	x1,x6	  x0:0x00000000  x6:0x00000007  x1=0x00000007
       10935000	       994	8000341a	4a41	c.li	x20,16	 x20=0x00000010
       10945000	       995	8000341c	01435363	bge	x6,x20,80003422	  x6:0x00000007 x20:0x00000010
       10955000	       996	80003420	b55d	c.j	800032c6	
       10975000	       998	800032c6	8306	c.mv	x6,x1	  x0:0x00000000  x1:0x00000007  x6=0x00000007
       10985000	       999	800032c8	811a	c.mv	x2,x6	  x0:0x00000000  x6:0x00000007  x2=0x00000007
       10995000	      1000	800032ca	4101	c.li	x2,0	  x2=0x00000000
       11005000	      1001	800032cc	04230f63	beq	x6,x2,8000332a	  x6:0x00000007  x2:0x00000000
       11015000	      1002	800032d0	4105	c.li	x2,1	  x2=0x00000001
       11025000	      1003	800032d2	06230163	beq	x6,x2,80003334	  x6:0x00000007  x2:0x00000001
       11035000	      1004	800032d6	4109	c.li	x2,2	  x2=0x00000002
       11045000	      1005	800032d8	06230363	beq	x6,x2,8000333e	  x6:0x00000007  x2:0x00000002
       11055000	      1006	800032dc	410d	c.li	x2,3	  x2=0x00000003
       11065000	      1007	800032de	06230563	beq	x6,x2,80003348	  x6:0x00000007  x2:0x00000003
       11075000	      1008	800032e2	4111	c.li	x2,4	  x2=0x00000004
       11085000	      1009	800032e4	06230763	beq	x6,x2,80003352	  x6:0x00000007  x2:0x00000004
       11095000	      1010	800032e8	4115	c.li	x2,5	  x2=0x00000005
       11105000	      1011	800032ea	06230963	beq	x6,x2,8000335c	  x6:0x00000007  x2:0x00000005
       11115000	      1012	800032ee	4119	c.li	x2,6	  x2=0x00000006
       11125000	      1013	800032f0	06230b63	beq	x6,x2,80003366	  x6:0x00000007  x2:0x00000006
       11135000	      1014	800032f4	411d	c.li	x2,7	  x2=0x00000007
       11145000	      1015	800032f6	06230d63	beq	x6,x2,80003370	  x6:0x00000007  x2:0x00000007
       11165000	      1017	80003370	3b702a73	csrrs	x20,pmpaddr7,x0	  x0:0x00000000 x20=0x2000509b
       11175000	      1018	80003374	3a1023f3	csrrs	x7,pmpcfg1,x0	  x0:0x00000000  x7=0x0f0f0f0f
       11185000	      1019	80003378	a889	c.j	800033ca	
       11205000	      1021	800033ca	4991	c.li	x19,4	 x19=0x00000004
       11215000	      1022	800033cc	01e09313	slli	x6,x1,0x1e	  x1:0x00000007  x6=0xc0000000
       11225000	      1023	800033d0	01e35313	srli	x6,x6,0x1e	  x6:0xc0000000  x6=0x00000003
       11235000	      1024	800033d4	40698133	sub	x2,x19,x6	 x19:0x00000004  x6:0x00000003  x2=0x00000001
       11245000	      1025	800033d8	117d	c.addi	x2,-1	  x2:0x00000001  x2=0x00000000
       11255000	      1026	800033da	010e	c.slli	x2,0x3	  x2:0x00000000  x2=0x00000000
       11265000	      1027	800033dc	002399b3	sll	x19,x7,x2	  x7:0x0f0f0f0f  x2:0x00000000 x19=0x0f0f0f0f
       11275000	      1028	800033e0	030e	c.slli	x6,0x3	  x6:0x00000003  x6=0x00000018
       11285000	      1029	800033e2	911a	c.add	x2,x6	  x2:0x00000000  x6:0x00000018  x2=0x00000018
       11295000	      1030	800033e4	0029d9b3	srl	x19,x19,x2	 x19:0x0f0f0f0f  x2:0x00000018 x19=0x0000000f
       11305000	      1031	800033e8	01b99113	slli	x2,x19,0x1b	 x19:0x0000000f  x2=0x78000000
       11315000	      1032	800033ec	01e15113	srli	x2,x2,0x1e	  x2:0x78000000  x2=0x00000001
       11325000	      1033	800033f0	04010563	beq	x2,x0,8000343a	  x2:0x00000001  x0:0x00000000
       11335000	      1034	800033f4	4305	c.li	x6,1	  x6=0x00000001
       11345000	      1035	800033f6	04610363	beq	x2,x6,8000343c	  x2:0x00000001  x6:0x00000001
       11365000	      1037	8000343c	8306	c.mv	x6,x1	  x0:0x00000000  x1:0x00000007  x6=0x00000007
       11375000	      1038	8000343e	34302173	csrrs	x2,mtval,x0	  x0:0x00000000  x2=0x8ffffffc
       11385000	      1039	80003442	00215113	srli	x2,x2,0x2	  x2:0x8ffffffc  x2=0x23ffffff
       11395000	      1040	80003446	00031563	bne	x6,x0,80003450	  x6:0x00000007  x0:0x00000000
       11415000	      1042	80003450	fd1161e3	bltu	x2,x17,80003412	  x2:0x23ffffff x17:0x20004702
       11425000	      1043	80003454	fb417fe3	bgeu	x2,x20,80003412	  x2:0x23ffffff x20:0x2000509b
       11445000	      1045	80003412	8306	c.mv	x6,x1	  x0:0x00000000  x1:0x00000007  x6=0x00000007
       11455000	      1046	80003414	88d2	c.mv	x17,x20	  x0:0x00000000 x20:0x2000509b x17=0x2000509b
       11465000	      1047	80003416	0305	c.addi	x6,1	  x6:0x00000007  x6=0x00000008
       11475000	      1048	80003418	809a	c.mv	x1,x6	  x0:0x00000000  x6:0x00000008  x1=0x00000008
       11485000	      1049	8000341a	4a41	c.li	x20,16	 x20=0x00000010
       11495000	      1050	8000341c	01435363	bge	x6,x20,80003422	  x6:0x00000008 x20:0x00000010
       11505000	      1051	80003420	b55d	c.j	800032c6	
       11525000	      1053	800032c6	8306	c.mv	x6,x1	  x0:0x00000000  x1:0x00000008  x6=0x00000008
       11535000	      1054	800032c8	811a	c.mv	x2,x6	  x0:0x00000000  x6:0x00000008  x2=0x00000008
       11545000	      1055	800032ca	4101	c.li	x2,0	  x2=0x00000000
       11555000	      1056	800032cc	04230f63	beq	x6,x2,8000332a	  x6:0x00000008  x2:0x00000000
       11565000	      1057	800032d0	4105	c.li	x2,1	  x2=0x00000001
       11575000	      1058	800032d2	06230163	beq	x6,x2,80003334	  x6:0x00000008  x2:0x00000001
       11585000	      1059	800032d6	4109	c.li	x2,2	  x2=0x00000002
       11595000	      1060	800032d8	06230363	beq	x6,x2,8000333e	  x6:0x00000008  x2:0x00000002
       11605000	      1061	800032dc	410d	c.li	x2,3	  x2=0x00000003
       11615000	      1062	800032de	06230563	beq	x6,x2,80003348	  x6:0x00000008  x2:0x00000003
       11625000	      1063	800032e2	4111	c.li	x2,4	  x2=0x00000004
       11635000	      1064	800032e4	06230763	beq	x6,x2,80003352	  x6:0x00000008  x2:0x00000004
       11645000	      1065	800032e8	4115	c.li	x2,5	  x2=0x00000005
       11655000	      1066	800032ea	06230963	beq	x6,x2,8000335c	  x6:0x00000008  x2:0x00000005
       11665000	      1067	800032ee	4119	c.li	x2,6	  x2=0x00000006
       11675000	      1068	800032f0	06230b63	beq	x6,x2,80003366	  x6:0x00000008  x2:0x00000006
       11685000	      1069	800032f4	411d	c.li	x2,7	  x2=0x00000007
       11695000	      1070	800032f6	06230d63	beq	x6,x2,80003370	  x6:0x00000008  x2:0x00000007
       11705000	      1071	800032fa	4121	c.li	x2,8	  x2=0x00000008
       11715000	      1072	800032fc	06230f63	beq	x6,x2,8000337a	  x6:0x00000008  x2:0x00000008
       11745000	      1075	8000337a	3b802a73	csrrs	x20,pmpaddr8,x0	  x0:0x00000000 x20=0x20005a35
       11755000	      1076	8000337e	3a2023f3	csrrs	x7,pmpcfg2,x0	  x0:0x00000000  x7=0x0f0f0f0f
       11765000	      1077	80003382	a0a1	c.j	800033ca	
       11785000	      1079	800033ca	4991	c.li	x19,4	 x19=0x00000004
       11795000	      1080	800033cc	01e09313	slli	x6,x1,0x1e	  x1:0x00000008  x6=0x00000000
       11805000	      1081	800033d0	01e35313	srli	x6,x6,0x1e	  x6:0x00000000  x6=0x00000000
       11815000	      1082	800033d4	40698133	sub	x2,x19,x6	 x19:0x00000004  x6:0x00000000  x2=0x00000004
       11825000	      1083	800033d8	117d	c.addi	x2,-1	  x2:0x00000004  x2=0x00000003
       11835000	      1084	800033da	010e	c.slli	x2,0x3	  x2:0x00000003  x2=0x00000018
       11845000	      1085	800033dc	002399b3	sll	x19,x7,x2	  x7:0x0f0f0f0f  x2:0x00000018 x19=0x0f000000
       11855000	      1086	800033e0	030e	c.slli	x6,0x3	  x6:0x00000000  x6=0x00000000
       11865000	      1087	800033e2	911a	c.add	x2,x6	  x2:0x00000018  x6:0x00000000  x2=0x00000018
       11875000	      1088	800033e4	0029d9b3	srl	x19,x19,x2	 x19:0x0f000000  x2:0x00000018 x19=0x0000000f
       11885000	      1089	800033e8	01b99113	slli	x2,x19,0x1b	 x19:0x0000000f  x2=0x78000000
       11895000	      1090	800033ec	01e15113	srli	x2,x2,0x1e	  x2:0x78000000  x2=0x00000001
       11905000	      1091	800033f0	04010563	beq	x2,x0,8000343a	  x2:0x00000001  x0:0x00000000
       11915000	      1092	800033f4	4305	c.li	x6,1	  x6=0x00000001
       11925000	      1093	800033f6	04610363	beq	x2,x6,8000343c	  x2:0x00000001  x6:0x00000001
       11945000	      1095	8000343c	8306	c.mv	x6,x1	  x0:0x00000000  x1:0x00000008  x6=0x00000008
       11955000	      1096	8000343e	34302173	csrrs	x2,mtval,x0	  x0:0x00000000  x2=0x8ffffffc
       11965000	      1097	80003442	00215113	srli	x2,x2,0x2	  x2:0x8ffffffc  x2=0x23ffffff
       11975000	      1098	80003446	00031563	bne	x6,x0,80003450	  x6:0x00000008  x0:0x00000000
       11995000	      1100	80003450	fd1161e3	bltu	x2,x17,80003412	  x2:0x23ffffff x17:0x2000509b
       12005000	      1101	80003454	fb417fe3	bgeu	x2,x20,80003412	  x2:0x23ffffff x20:0x20005a35
       12025000	      1103	80003412	8306	c.mv	x6,x1	  x0:0x00000000  x1:0x00000008  x6=0x00000008
       12035000	      1104	80003414	88d2	c.mv	x17,x20	  x0:0x00000000 x20:0x20005a35 x17=0x20005a35
       12045000	      1105	80003416	0305	c.addi	x6,1	  x6:0x00000008  x6=0x00000009
       12055000	      1106	80003418	809a	c.mv	x1,x6	  x0:0x00000000  x6:0x00000009  x1=0x00000009
       12065000	      1107	8000341a	4a41	c.li	x20,16	 x20=0x00000010
       12075000	      1108	8000341c	01435363	bge	x6,x20,80003422	  x6:0x00000009 x20:0x00000010
       12085000	      1109	80003420	b55d	c.j	800032c6	
       12105000	      1111	800032c6	8306	c.mv	x6,x1	  x0:0x00000000  x1:0x00000009  x6=0x00000009
       12115000	      1112	800032c8	811a	c.mv	x2,x6	  x0:0x00000000  x6:0x00000009  x2=0x00000009
       12125000	      1113	800032ca	4101	c.li	x2,0	  x2=0x00000000
       12135000	      1114	800032cc	04230f63	beq	x6,x2,8000332a	  x6:0x00000009  x2:0x00000000
       12145000	      1115	800032d0	4105	c.li	x2,1	  x2=0x00000001
       12155000	      1116	800032d2	06230163	beq	x6,x2,80003334	  x6:0x00000009  x2:0x00000001
       12165000	      1117	800032d6	4109	c.li	x2,2	  x2=0x00000002
       12175000	      1118	800032d8	06230363	beq	x6,x2,8000333e	  x6:0x00000009  x2:0x00000002
       12185000	      1119	800032dc	410d	c.li	x2,3	  x2=0x00000003
       12195000	      1120	800032de	06230563	beq	x6,x2,80003348	  x6:0x00000009  x2:0x00000003
       12205000	      1121	800032e2	4111	c.li	x2,4	  x2=0x00000004
       12215000	      1122	800032e4	06230763	beq	x6,x2,80003352	  x6:0x00000009  x2:0x00000004
       12225000	      1123	800032e8	4115	c.li	x2,5	  x2=0x00000005
       12235000	      1124	800032ea	06230963	beq	x6,x2,8000335c	  x6:0x00000009  x2:0x00000005
       12245000	      1125	800032ee	4119	c.li	x2,6	  x2=0x00000006
       12255000	      1126	800032f0	06230b63	beq	x6,x2,80003366	  x6:0x00000009  x2:0x00000006
       12265000	      1127	800032f4	411d	c.li	x2,7	  x2=0x00000007
       12275000	      1128	800032f6	06230d63	beq	x6,x2,80003370	  x6:0x00000009  x2:0x00000007
       12285000	      1129	800032fa	4121	c.li	x2,8	  x2=0x00000008
       12295000	      1130	800032fc	06230f63	beq	x6,x2,8000337a	  x6:0x00000009  x2:0x00000008
       12305000	      1131	80003300	4125	c.li	x2,9	  x2=0x00000009
       12315000	      1132	80003302	08230163	beq	x6,x2,80003384	  x6:0x00000009  x2:0x00000009
       12335000	      1134	80003384	3b902a73	csrrs	x20,pmpaddr9,x0	  x0:0x00000000 x20=0x200063ce
       12345000	      1135	80003388	3a2023f3	csrrs	x7,pmpcfg2,x0	  x0:0x00000000  x7=0x0f0f0f0f
       12355000	      1136	8000338c	a83d	c.j	800033ca	
       12375000	      1138	800033ca	4991	c.li	x19,4	 x19=0x00000004
       12385000	      1139	800033cc	01e09313	slli	x6,x1,0x1e	  x1:0x00000009  x6=0x40000000
       12395000	      1140	800033d0	01e35313	srli	x6,x6,0x1e	  x6:0x40000000  x6=0x00000001
       12405000	      1141	800033d4	40698133	sub	x2,x19,x6	 x19:0x00000004  x6:0x00000001  x2=0x00000003
       12415000	      1142	800033d8	117d	c.addi	x2,-1	  x2:0x00000003  x2=0x00000002
       12425000	      1143	800033da	010e	c.slli	x2,0x3	  x2:0x00000002  x2=0x00000010
       12435000	      1144	800033dc	002399b3	sll	x19,x7,x2	  x7:0x0f0f0f0f  x2:0x00000010 x19=0x0f0f0000
       12445000	      1145	800033e0	030e	c.slli	x6,0x3	  x6:0x00000001  x6=0x00000008
       12455000	      1146	800033e2	911a	c.add	x2,x6	  x2:0x00000010  x6:0x00000008  x2=0x00000018
       12465000	      1147	800033e4	0029d9b3	srl	x19,x19,x2	 x19:0x0f0f0000  x2:0x00000018 x19=0x0000000f
       12475000	      1148	800033e8	01b99113	slli	x2,x19,0x1b	 x19:0x0000000f  x2=0x78000000
       12485000	      1149	800033ec	01e15113	srli	x2,x2,0x1e	  x2:0x78000000  x2=0x00000001
       12495000	      1150	800033f0	04010563	beq	x2,x0,8000343a	  x2:0x00000001  x0:0x00000000
       12505000	      1151	800033f4	4305	c.li	x6,1	  x6=0x00000001
       12515000	      1152	800033f6	04610363	beq	x2,x6,8000343c	  x2:0x00000001  x6:0x00000001
       12535000	      1154	8000343c	8306	c.mv	x6,x1	  x0:0x00000000  x1:0x00000009  x6=0x00000009
       12545000	      1155	8000343e	34302173	csrrs	x2,mtval,x0	  x0:0x00000000  x2=0x8ffffffc
       12555000	      1156	80003442	00215113	srli	x2,x2,0x2	  x2:0x8ffffffc  x2=0x23ffffff
       12565000	      1157	80003446	00031563	bne	x6,x0,80003450	  x6:0x00000009  x0:0x00000000
       12585000	      1159	80003450	fd1161e3	bltu	x2,x17,80003412	  x2:0x23ffffff x17:0x20005a35
       12595000	      1160	80003454	fb417fe3	bgeu	x2,x20,80003412	  x2:0x23ffffff x20:0x200063ce
       12615000	      1162	80003412	8306	c.mv	x6,x1	  x0:0x00000000  x1:0x00000009  x6=0x00000009
       12625000	      1163	80003414	88d2	c.mv	x17,x20	  x0:0x00000000 x20:0x200063ce x17=0x200063ce
       12635000	      1164	80003416	0305	c.addi	x6,1	  x6:0x00000009  x6=0x0000000a
       12645000	      1165	80003418	809a	c.mv	x1,x6	  x0:0x00000000  x6:0x0000000a  x1=0x0000000a
       12655000	      1166	8000341a	4a41	c.li	x20,16	 x20=0x00000010
       12665000	      1167	8000341c	01435363	bge	x6,x20,80003422	  x6:0x0000000a x20:0x00000010
       12675000	      1168	80003420	b55d	c.j	800032c6	
       12695000	      1170	800032c6	8306	c.mv	x6,x1	  x0:0x00000000  x1:0x0000000a  x6=0x0000000a
       12705000	      1171	800032c8	811a	c.mv	x2,x6	  x0:0x00000000  x6:0x0000000a  x2=0x0000000a
       12715000	      1172	800032ca	4101	c.li	x2,0	  x2=0x00000000
       12725000	      1173	800032cc	04230f63	beq	x6,x2,8000332a	  x6:0x0000000a  x2:0x00000000
       12735000	      1174	800032d0	4105	c.li	x2,1	  x2=0x00000001
       12745000	      1175	800032d2	06230163	beq	x6,x2,80003334	  x6:0x0000000a  x2:0x00000001
       12755000	      1176	800032d6	4109	c.li	x2,2	  x2=0x00000002
       12765000	      1177	800032d8	06230363	beq	x6,x2,8000333e	  x6:0x0000000a  x2:0x00000002
       12775000	      1178	800032dc	410d	c.li	x2,3	  x2=0x00000003
       12785000	      1179	800032de	06230563	beq	x6,x2,80003348	  x6:0x0000000a  x2:0x00000003
       12795000	      1180	800032e2	4111	c.li	x2,4	  x2=0x00000004
       12805000	      1181	800032e4	06230763	beq	x6,x2,80003352	  x6:0x0000000a  x2:0x00000004
       12815000	      1182	800032e8	4115	c.li	x2,5	  x2=0x00000005
       12825000	      1183	800032ea	06230963	beq	x6,x2,8000335c	  x6:0x0000000a  x2:0x00000005
       12835000	      1184	800032ee	4119	c.li	x2,6	  x2=0x00000006
       12845000	      1185	800032f0	06230b63	beq	x6,x2,80003366	  x6:0x0000000a  x2:0x00000006
       12855000	      1186	800032f4	411d	c.li	x2,7	  x2=0x00000007
       12865000	      1187	800032f6	06230d63	beq	x6,x2,80003370	  x6:0x0000000a  x2:0x00000007
       12875000	      1188	800032fa	4121	c.li	x2,8	  x2=0x00000008
       12885000	      1189	800032fc	06230f63	beq	x6,x2,8000337a	  x6:0x0000000a  x2:0x00000008
       12895000	      1190	80003300	4125	c.li	x2,9	  x2=0x00000009
       12905000	      1191	80003302	08230163	beq	x6,x2,80003384	  x6:0x0000000a  x2:0x00000009
       12915000	      1192	80003306	4129	c.li	x2,10	  x2=0x0000000a
       12925000	      1193	80003308	08230363	beq	x6,x2,8000338e	  x6:0x0000000a  x2:0x0000000a
       12955000	      1196	8000338e	3ba02a73	csrrs	x20,pmpaddr10,x0	  x0:0x00000000 x20=0x20006d68
       12965000	      1197	80003392	3a2023f3	csrrs	x7,pmpcfg2,x0	  x0:0x00000000  x7=0x0f0f0f0f
       12975000	      1198	80003396	a815	c.j	800033ca	
       12995000	      1200	800033ca	4991	c.li	x19,4	 x19=0x00000004
       13005000	      1201	800033cc	01e09313	slli	x6,x1,0x1e	  x1:0x0000000a  x6=0x80000000
       13015000	      1202	800033d0	01e35313	srli	x6,x6,0x1e	  x6:0x80000000  x6=0x00000002
       13025000	      1203	800033d4	40698133	sub	x2,x19,x6	 x19:0x00000004  x6:0x00000002  x2=0x00000002
       13035000	      1204	800033d8	117d	c.addi	x2,-1	  x2:0x00000002  x2=0x00000001
       13045000	      1205	800033da	010e	c.slli	x2,0x3	  x2:0x00000001  x2=0x00000008
       13055000	      1206	800033dc	002399b3	sll	x19,x7,x2	  x7:0x0f0f0f0f  x2:0x00000008 x19=0x0f0f0f00
       13065000	      1207	800033e0	030e	c.slli	x6,0x3	  x6:0x00000002  x6=0x00000010
       13075000	      1208	800033e2	911a	c.add	x2,x6	  x2:0x00000008  x6:0x00000010  x2=0x00000018
       13085000	      1209	800033e4	0029d9b3	srl	x19,x19,x2	 x19:0x0f0f0f00  x2:0x00000018 x19=0x0000000f
       13095000	      1210	800033e8	01b99113	slli	x2,x19,0x1b	 x19:0x0000000f  x2=0x78000000
       13105000	      1211	800033ec	01e15113	srli	x2,x2,0x1e	  x2:0x78000000  x2=0x00000001
       13115000	      1212	800033f0	04010563	beq	x2,x0,8000343a	  x2:0x00000001  x0:0x00000000
       13125000	      1213	800033f4	4305	c.li	x6,1	  x6=0x00000001
       13135000	      1214	800033f6	04610363	beq	x2,x6,8000343c	  x2:0x00000001  x6:0x00000001
       13155000	      1216	8000343c	8306	c.mv	x6,x1	  x0:0x00000000  x1:0x0000000a  x6=0x0000000a
       13165000	      1217	8000343e	34302173	csrrs	x2,mtval,x0	  x0:0x00000000  x2=0x8ffffffc
       13175000	      1218	80003442	00215113	srli	x2,x2,0x2	  x2:0x8ffffffc  x2=0x23ffffff
       13185000	      1219	80003446	00031563	bne	x6,x0,80003450	  x6:0x0000000a  x0:0x00000000
       13205000	      1221	80003450	fd1161e3	bltu	x2,x17,80003412	  x2:0x23ffffff x17:0x200063ce
       13215000	      1222	80003454	fb417fe3	bgeu	x2,x20,80003412	  x2:0x23ffffff x20:0x20006d68
       13235000	      1224	80003412	8306	c.mv	x6,x1	  x0:0x00000000  x1:0x0000000a  x6=0x0000000a
       13245000	      1225	80003414	88d2	c.mv	x17,x20	  x0:0x00000000 x20:0x20006d68 x17=0x20006d68
       13255000	      1226	80003416	0305	c.addi	x6,1	  x6:0x0000000a  x6=0x0000000b
       13265000	      1227	80003418	809a	c.mv	x1,x6	  x0:0x00000000  x6:0x0000000b  x1=0x0000000b
       13275000	      1228	8000341a	4a41	c.li	x20,16	 x20=0x00000010
       13285000	      1229	8000341c	01435363	bge	x6,x20,80003422	  x6:0x0000000b x20:0x00000010
       13295000	      1230	80003420	b55d	c.j	800032c6	
       13315000	      1232	800032c6	8306	c.mv	x6,x1	  x0:0x00000000  x1:0x0000000b  x6=0x0000000b
       13325000	      1233	800032c8	811a	c.mv	x2,x6	  x0:0x00000000  x6:0x0000000b  x2=0x0000000b
       13335000	      1234	800032ca	4101	c.li	x2,0	  x2=0x00000000
       13345000	      1235	800032cc	04230f63	beq	x6,x2,8000332a	  x6:0x0000000b  x2:0x00000000
       13355000	      1236	800032d0	4105	c.li	x2,1	  x2=0x00000001
       13365000	      1237	800032d2	06230163	beq	x6,x2,80003334	  x6:0x0000000b  x2:0x00000001
       13375000	      1238	800032d6	4109	c.li	x2,2	  x2=0x00000002
       13385000	      1239	800032d8	06230363	beq	x6,x2,8000333e	  x6:0x0000000b  x2:0x00000002
       13395000	      1240	800032dc	410d	c.li	x2,3	  x2=0x00000003
       13405000	      1241	800032de	06230563	beq	x6,x2,80003348	  x6:0x0000000b  x2:0x00000003
       13415000	      1242	800032e2	4111	c.li	x2,4	  x2=0x00000004
       13425000	      1243	800032e4	06230763	beq	x6,x2,80003352	  x6:0x0000000b  x2:0x00000004
       13435000	      1244	800032e8	4115	c.li	x2,5	  x2=0x00000005
       13445000	      1245	800032ea	06230963	beq	x6,x2,8000335c	  x6:0x0000000b  x2:0x00000005
       13455000	      1246	800032ee	4119	c.li	x2,6	  x2=0x00000006
       13465000	      1247	800032f0	06230b63	beq	x6,x2,80003366	  x6:0x0000000b  x2:0x00000006
       13475000	      1248	800032f4	411d	c.li	x2,7	  x2=0x00000007
       13485000	      1249	800032f6	06230d63	beq	x6,x2,80003370	  x6:0x0000000b  x2:0x00000007
       13495000	      1250	800032fa	4121	c.li	x2,8	  x2=0x00000008
       13505000	      1251	800032fc	06230f63	beq	x6,x2,8000337a	  x6:0x0000000b  x2:0x00000008
       13515000	      1252	80003300	4125	c.li	x2,9	  x2=0x00000009
       13525000	      1253	80003302	08230163	beq	x6,x2,80003384	  x6:0x0000000b  x2:0x00000009
       13535000	      1254	80003306	4129	c.li	x2,10	  x2=0x0000000a
       13545000	      1255	80003308	08230363	beq	x6,x2,8000338e	  x6:0x0000000b  x2:0x0000000a
       13555000	      1256	8000330c	412d	c.li	x2,11	  x2=0x0000000b
       13565000	      1257	8000330e	08230563	beq	x6,x2,80003398	  x6:0x0000000b  x2:0x0000000b
       13585000	      1259	80003398	3bb02a73	csrrs	x20,pmpaddr11,x0	  x0:0x00000000 x20=0x20007701
       13595000	      1260	8000339c	3a2023f3	csrrs	x7,pmpcfg2,x0	  x0:0x00000000  x7=0x0f0f0f0f
       13605000	      1261	800033a0	a02d	c.j	800033ca	
       13625000	      1263	800033ca	4991	c.li	x19,4	 x19=0x00000004
       13635000	      1264	800033cc	01e09313	slli	x6,x1,0x1e	  x1:0x0000000b  x6=0xc0000000
       13645000	      1265	800033d0	01e35313	srli	x6,x6,0x1e	  x6:0xc0000000  x6=0x00000003
       13655000	      1266	800033d4	40698133	sub	x2,x19,x6	 x19:0x00000004  x6:0x00000003  x2=0x00000001
       13665000	      1267	800033d8	117d	c.addi	x2,-1	  x2:0x00000001  x2=0x00000000
       13675000	      1268	800033da	010e	c.slli	x2,0x3	  x2:0x00000000  x2=0x00000000
       13685000	      1269	800033dc	002399b3	sll	x19,x7,x2	  x7:0x0f0f0f0f  x2:0x00000000 x19=0x0f0f0f0f
       13695000	      1270	800033e0	030e	c.slli	x6,0x3	  x6:0x00000003  x6=0x00000018
       13705000	      1271	800033e2	911a	c.add	x2,x6	  x2:0x00000000  x6:0x00000018  x2=0x00000018
       13715000	      1272	800033e4	0029d9b3	srl	x19,x19,x2	 x19:0x0f0f0f0f  x2:0x00000018 x19=0x0000000f
       13725000	      1273	800033e8	01b99113	slli	x2,x19,0x1b	 x19:0x0000000f  x2=0x78000000
       13735000	      1274	800033ec	01e15113	srli	x2,x2,0x1e	  x2:0x78000000  x2=0x00000001
       13745000	      1275	800033f0	04010563	beq	x2,x0,8000343a	  x2:0x00000001  x0:0x00000000
       13755000	      1276	800033f4	4305	c.li	x6,1	  x6=0x00000001
       13765000	      1277	800033f6	04610363	beq	x2,x6,8000343c	  x2:0x00000001  x6:0x00000001
       13785000	      1279	8000343c	8306	c.mv	x6,x1	  x0:0x00000000  x1:0x0000000b  x6=0x0000000b
       13795000	      1280	8000343e	34302173	csrrs	x2,mtval,x0	  x0:0x00000000  x2=0x8ffffffc
       13805000	      1281	80003442	00215113	srli	x2,x2,0x2	  x2:0x8ffffffc  x2=0x23ffffff
       13815000	      1282	80003446	00031563	bne	x6,x0,80003450	  x6:0x0000000b  x0:0x00000000
       13835000	      1284	80003450	fd1161e3	bltu	x2,x17,80003412	  x2:0x23ffffff x17:0x20006d68
       13845000	      1285	80003454	fb417fe3	bgeu	x2,x20,80003412	  x2:0x23ffffff x20:0x20007701
       13865000	      1287	80003412	8306	c.mv	x6,x1	  x0:0x00000000  x1:0x0000000b  x6=0x0000000b
       13875000	      1288	80003414	88d2	c.mv	x17,x20	  x0:0x00000000 x20:0x20007701 x17=0x20007701
       13885000	      1289	80003416	0305	c.addi	x6,1	  x6:0x0000000b  x6=0x0000000c
       13895000	      1290	80003418	809a	c.mv	x1,x6	  x0:0x00000000  x6:0x0000000c  x1=0x0000000c
       13905000	      1291	8000341a	4a41	c.li	x20,16	 x20=0x00000010
       13915000	      1292	8000341c	01435363	bge	x6,x20,80003422	  x6:0x0000000c x20:0x00000010
       13925000	      1293	80003420	b55d	c.j	800032c6	
       13945000	      1295	800032c6	8306	c.mv	x6,x1	  x0:0x00000000  x1:0x0000000c  x6=0x0000000c
       13955000	      1296	800032c8	811a	c.mv	x2,x6	  x0:0x00000000  x6:0x0000000c  x2=0x0000000c
       13965000	      1297	800032ca	4101	c.li	x2,0	  x2=0x00000000
       13975000	      1298	800032cc	04230f63	beq	x6,x2,8000332a	  x6:0x0000000c  x2:0x00000000
       13985000	      1299	800032d0	4105	c.li	x2,1	  x2=0x00000001
       13995000	      1300	800032d2	06230163	beq	x6,x2,80003334	  x6:0x0000000c  x2:0x00000001
       14005000	      1301	800032d6	4109	c.li	x2,2	  x2=0x00000002
       14015000	      1302	800032d8	06230363	beq	x6,x2,8000333e	  x6:0x0000000c  x2:0x00000002
       14025000	      1303	800032dc	410d	c.li	x2,3	  x2=0x00000003
       14035000	      1304	800032de	06230563	beq	x6,x2,80003348	  x6:0x0000000c  x2:0x00000003
       14045000	      1305	800032e2	4111	c.li	x2,4	  x2=0x00000004
       14055000	      1306	800032e4	06230763	beq	x6,x2,80003352	  x6:0x0000000c  x2:0x00000004
       14065000	      1307	800032e8	4115	c.li	x2,5	  x2=0x00000005
       14075000	      1308	800032ea	06230963	beq	x6,x2,8000335c	  x6:0x0000000c  x2:0x00000005
       14085000	      1309	800032ee	4119	c.li	x2,6	  x2=0x00000006
       14095000	      1310	800032f0	06230b63	beq	x6,x2,80003366	  x6:0x0000000c  x2:0x00000006
       14105000	      1311	800032f4	411d	c.li	x2,7	  x2=0x00000007
       14115000	      1312	800032f6	06230d63	beq	x6,x2,80003370	  x6:0x0000000c  x2:0x00000007
       14125000	      1313	800032fa	4121	c.li	x2,8	  x2=0x00000008
       14135000	      1314	800032fc	06230f63	beq	x6,x2,8000337a	  x6:0x0000000c  x2:0x00000008
       14145000	      1315	80003300	4125	c.li	x2,9	  x2=0x00000009
       14155000	      1316	80003302	08230163	beq	x6,x2,80003384	  x6:0x0000000c  x2:0x00000009
       14165000	      1317	80003306	4129	c.li	x2,10	  x2=0x0000000a
       14175000	      1318	80003308	08230363	beq	x6,x2,8000338e	  x6:0x0000000c  x2:0x0000000a
       14185000	      1319	8000330c	412d	c.li	x2,11	  x2=0x0000000b
       14195000	      1320	8000330e	08230563	beq	x6,x2,80003398	  x6:0x0000000c  x2:0x0000000b
       14205000	      1321	80003312	4131	c.li	x2,12	  x2=0x0000000c
       14215000	      1322	80003314	08230763	beq	x6,x2,800033a2	  x6:0x0000000c  x2:0x0000000c
       14245000	      1325	800033a2	3bc02a73	csrrs	x20,pmpaddr12,x0	  x0:0x00000000 x20=0x2000809b
       14255000	      1326	800033a6	3a3023f3	csrrs	x7,pmpcfg3,x0	  x0:0x00000000  x7=0x0f0f0f0f
       14265000	      1327	800033aa	a005	c.j	800033ca	
       14285000	      1329	800033ca	4991	c.li	x19,4	 x19=0x00000004
       14295000	      1330	800033cc	01e09313	slli	x6,x1,0x1e	  x1:0x0000000c  x6=0x00000000
       14305000	      1331	800033d0	01e35313	srli	x6,x6,0x1e	  x6:0x00000000  x6=0x00000000
       14315000	      1332	800033d4	40698133	sub	x2,x19,x6	 x19:0x00000004  x6:0x00000000  x2=0x00000004
       14325000	      1333	800033d8	117d	c.addi	x2,-1	  x2:0x00000004  x2=0x00000003
       14335000	      1334	800033da	010e	c.slli	x2,0x3	  x2:0x00000003  x2=0x00000018
       14345000	      1335	800033dc	002399b3	sll	x19,x7,x2	  x7:0x0f0f0f0f  x2:0x00000018 x19=0x0f000000
       14355000	      1336	800033e0	030e	c.slli	x6,0x3	  x6:0x00000000  x6=0x00000000
       14365000	      1337	800033e2	911a	c.add	x2,x6	  x2:0x00000018  x6:0x00000000  x2=0x00000018
       14375000	      1338	800033e4	0029d9b3	srl	x19,x19,x2	 x19:0x0f000000  x2:0x00000018 x19=0x0000000f
       14385000	      1339	800033e8	01b99113	slli	x2,x19,0x1b	 x19:0x0000000f  x2=0x78000000
       14395000	      1340	800033ec	01e15113	srli	x2,x2,0x1e	  x2:0x78000000  x2=0x00000001
       14405000	      1341	800033f0	04010563	beq	x2,x0,8000343a	  x2:0x00000001  x0:0x00000000
       14415000	      1342	800033f4	4305	c.li	x6,1	  x6=0x00000001
       14425000	      1343	800033f6	04610363	beq	x2,x6,8000343c	  x2:0x00000001  x6:0x00000001
       14445000	      1345	8000343c	8306	c.mv	x6,x1	  x0:0x00000000  x1:0x0000000c  x6=0x0000000c
       14455000	      1346	8000343e	34302173	csrrs	x2,mtval,x0	  x0:0x00000000  x2=0x8ffffffc
       14465000	      1347	80003442	00215113	srli	x2,x2,0x2	  x2:0x8ffffffc  x2=0x23ffffff
       14475000	      1348	80003446	00031563	bne	x6,x0,80003450	  x6:0x0000000c  x0:0x00000000
       14495000	      1350	80003450	fd1161e3	bltu	x2,x17,80003412	  x2:0x23ffffff x17:0x20007701
       14505000	      1351	80003454	fb417fe3	bgeu	x2,x20,80003412	  x2:0x23ffffff x20:0x2000809b
       14525000	      1353	80003412	8306	c.mv	x6,x1	  x0:0x00000000  x1:0x0000000c  x6=0x0000000c
       14535000	      1354	80003414	88d2	c.mv	x17,x20	  x0:0x00000000 x20:0x2000809b x17=0x2000809b
       14545000	      1355	80003416	0305	c.addi	x6,1	  x6:0x0000000c  x6=0x0000000d
       14555000	      1356	80003418	809a	c.mv	x1,x6	  x0:0x00000000  x6:0x0000000d  x1=0x0000000d
       14565000	      1357	8000341a	4a41	c.li	x20,16	 x20=0x00000010
       14575000	      1358	8000341c	01435363	bge	x6,x20,80003422	  x6:0x0000000d x20:0x00000010
       14585000	      1359	80003420	b55d	c.j	800032c6	
       14605000	      1361	800032c6	8306	c.mv	x6,x1	  x0:0x00000000  x1:0x0000000d  x6=0x0000000d
       14615000	      1362	800032c8	811a	c.mv	x2,x6	  x0:0x00000000  x6:0x0000000d  x2=0x0000000d
       14625000	      1363	800032ca	4101	c.li	x2,0	  x2=0x00000000
       14635000	      1364	800032cc	04230f63	beq	x6,x2,8000332a	  x6:0x0000000d  x2:0x00000000
       14645000	      1365	800032d0	4105	c.li	x2,1	  x2=0x00000001
       14655000	      1366	800032d2	06230163	beq	x6,x2,80003334	  x6:0x0000000d  x2:0x00000001
       14665000	      1367	800032d6	4109	c.li	x2,2	  x2=0x00000002
       14675000	      1368	800032d8	06230363	beq	x6,x2,8000333e	  x6:0x0000000d  x2:0x00000002
       14685000	      1369	800032dc	410d	c.li	x2,3	  x2=0x00000003
       14695000	      1370	800032de	06230563	beq	x6,x2,80003348	  x6:0x0000000d  x2:0x00000003
       14705000	      1371	800032e2	4111	c.li	x2,4	  x2=0x00000004
       14715000	      1372	800032e4	06230763	beq	x6,x2,80003352	  x6:0x0000000d  x2:0x00000004
       14725000	      1373	800032e8	4115	c.li	x2,5	  x2=0x00000005
       14735000	      1374	800032ea	06230963	beq	x6,x2,8000335c	  x6:0x0000000d  x2:0x00000005
       14745000	      1375	800032ee	4119	c.li	x2,6	  x2=0x00000006
       14755000	      1376	800032f0	06230b63	beq	x6,x2,80003366	  x6:0x0000000d  x2:0x00000006
       14765000	      1377	800032f4	411d	c.li	x2,7	  x2=0x00000007
       14775000	      1378	800032f6	06230d63	beq	x6,x2,80003370	  x6:0x0000000d  x2:0x00000007
       14785000	      1379	800032fa	4121	c.li	x2,8	  x2=0x00000008
       14795000	      1380	800032fc	06230f63	beq	x6,x2,8000337a	  x6:0x0000000d  x2:0x00000008
       14805000	      1381	80003300	4125	c.li	x2,9	  x2=0x00000009
       14815000	      1382	80003302	08230163	beq	x6,x2,80003384	  x6:0x0000000d  x2:0x00000009
       14825000	      1383	80003306	4129	c.li	x2,10	  x2=0x0000000a
       14835000	      1384	80003308	08230363	beq	x6,x2,8000338e	  x6:0x0000000d  x2:0x0000000a
       14845000	      1385	8000330c	412d	c.li	x2,11	  x2=0x0000000b
       14855000	      1386	8000330e	08230563	beq	x6,x2,80003398	  x6:0x0000000d  x2:0x0000000b
       14865000	      1387	80003312	4131	c.li	x2,12	  x2=0x0000000c
       14875000	      1388	80003314	08230763	beq	x6,x2,800033a2	  x6:0x0000000d  x2:0x0000000c
       14885000	      1389	80003318	4135	c.li	x2,13	  x2=0x0000000d
       14895000	      1390	8000331a	08230963	beq	x6,x2,800033ac	  x6:0x0000000d  x2:0x0000000d
       14915000	      1392	800033ac	3bd02a73	csrrs	x20,pmpaddr13,x0	  x0:0x00000000 x20=0x20008a34
       14925000	      1393	800033b0	3a3023f3	csrrs	x7,pmpcfg3,x0	  x0:0x00000000  x7=0x0f0f0f0f
       14935000	      1394	800033b4	a819	c.j	800033ca	
       14955000	      1396	800033ca	4991	c.li	x19,4	 x19=0x00000004
       14965000	      1397	800033cc	01e09313	slli	x6,x1,0x1e	  x1:0x0000000d  x6=0x40000000
       14975000	      1398	800033d0	01e35313	srli	x6,x6,0x1e	  x6:0x40000000  x6=0x00000001
       14985000	      1399	800033d4	40698133	sub	x2,x19,x6	 x19:0x00000004  x6:0x00000001  x2=0x00000003
       14995000	      1400	800033d8	117d	c.addi	x2,-1	  x2:0x00000003  x2=0x00000002
       15005000	      1401	800033da	010e	c.slli	x2,0x3	  x2:0x00000002  x2=0x00000010
       15015000	      1402	800033dc	002399b3	sll	x19,x7,x2	  x7:0x0f0f0f0f  x2:0x00000010 x19=0x0f0f0000
       15025000	      1403	800033e0	030e	c.slli	x6,0x3	  x6:0x00000001  x6=0x00000008
       15035000	      1404	800033e2	911a	c.add	x2,x6	  x2:0x00000010  x6:0x00000008  x2=0x00000018
       15045000	      1405	800033e4	0029d9b3	srl	x19,x19,x2	 x19:0x0f0f0000  x2:0x00000018 x19=0x0000000f
       15055000	      1406	800033e8	01b99113	slli	x2,x19,0x1b	 x19:0x0000000f  x2=0x78000000
       15065000	      1407	800033ec	01e15113	srli	x2,x2,0x1e	  x2:0x78000000  x2=0x00000001
       15075000	      1408	800033f0	04010563	beq	x2,x0,8000343a	  x2:0x00000001  x0:0x00000000
       15085000	      1409	800033f4	4305	c.li	x6,1	  x6=0x00000001
       15095000	      1410	800033f6	04610363	beq	x2,x6,8000343c	  x2:0x00000001  x6:0x00000001
       15115000	      1412	8000343c	8306	c.mv	x6,x1	  x0:0x00000000  x1:0x0000000d  x6=0x0000000d
       15125000	      1413	8000343e	34302173	csrrs	x2,mtval,x0	  x0:0x00000000  x2=0x8ffffffc
       15135000	      1414	80003442	00215113	srli	x2,x2,0x2	  x2:0x8ffffffc  x2=0x23ffffff
       15145000	      1415	80003446	00031563	bne	x6,x0,80003450	  x6:0x0000000d  x0:0x00000000
       15165000	      1417	80003450	fd1161e3	bltu	x2,x17,80003412	  x2:0x23ffffff x17:0x2000809b
       15175000	      1418	80003454	fb417fe3	bgeu	x2,x20,80003412	  x2:0x23ffffff x20:0x20008a34
       15195000	      1420	80003412	8306	c.mv	x6,x1	  x0:0x00000000  x1:0x0000000d  x6=0x0000000d
       15205000	      1421	80003414	88d2	c.mv	x17,x20	  x0:0x00000000 x20:0x20008a34 x17=0x20008a34
       15215000	      1422	80003416	0305	c.addi	x6,1	  x6:0x0000000d  x6=0x0000000e
       15225000	      1423	80003418	809a	c.mv	x1,x6	  x0:0x00000000  x6:0x0000000e  x1=0x0000000e
       15235000	      1424	8000341a	4a41	c.li	x20,16	 x20=0x00000010
       15245000	      1425	8000341c	01435363	bge	x6,x20,80003422	  x6:0x0000000e x20:0x00000010
       15255000	      1426	80003420	b55d	c.j	800032c6	
       15275000	      1428	800032c6	8306	c.mv	x6,x1	  x0:0x00000000  x1:0x0000000e  x6=0x0000000e
       15285000	      1429	800032c8	811a	c.mv	x2,x6	  x0:0x00000000  x6:0x0000000e  x2=0x0000000e
       15295000	      1430	800032ca	4101	c.li	x2,0	  x2=0x00000000
       15305000	      1431	800032cc	04230f63	beq	x6,x2,8000332a	  x6:0x0000000e  x2:0x00000000
       15315000	      1432	800032d0	4105	c.li	x2,1	  x2=0x00000001
       15325000	      1433	800032d2	06230163	beq	x6,x2,80003334	  x6:0x0000000e  x2:0x00000001
       15335000	      1434	800032d6	4109	c.li	x2,2	  x2=0x00000002
       15345000	      1435	800032d8	06230363	beq	x6,x2,8000333e	  x6:0x0000000e  x2:0x00000002
       15355000	      1436	800032dc	410d	c.li	x2,3	  x2=0x00000003
       15365000	      1437	800032de	06230563	beq	x6,x2,80003348	  x6:0x0000000e  x2:0x00000003
       15375000	      1438	800032e2	4111	c.li	x2,4	  x2=0x00000004
       15385000	      1439	800032e4	06230763	beq	x6,x2,80003352	  x6:0x0000000e  x2:0x00000004
       15395000	      1440	800032e8	4115	c.li	x2,5	  x2=0x00000005
       15405000	      1441	800032ea	06230963	beq	x6,x2,8000335c	  x6:0x0000000e  x2:0x00000005
       15415000	      1442	800032ee	4119	c.li	x2,6	  x2=0x00000006
       15425000	      1443	800032f0	06230b63	beq	x6,x2,80003366	  x6:0x0000000e  x2:0x00000006
       15435000	      1444	800032f4	411d	c.li	x2,7	  x2=0x00000007
       15445000	      1445	800032f6	06230d63	beq	x6,x2,80003370	  x6:0x0000000e  x2:0x00000007
       15455000	      1446	800032fa	4121	c.li	x2,8	  x2=0x00000008
       15465000	      1447	800032fc	06230f63	beq	x6,x2,8000337a	  x6:0x0000000e  x2:0x00000008
       15475000	      1448	80003300	4125	c.li	x2,9	  x2=0x00000009
       15485000	      1449	80003302	08230163	beq	x6,x2,80003384	  x6:0x0000000e  x2:0x00000009
       15495000	      1450	80003306	4129	c.li	x2,10	  x2=0x0000000a
       15505000	      1451	80003308	08230363	beq	x6,x2,8000338e	  x6:0x0000000e  x2:0x0000000a
       15515000	      1452	8000330c	412d	c.li	x2,11	  x2=0x0000000b
       15525000	      1453	8000330e	08230563	beq	x6,x2,80003398	  x6:0x0000000e  x2:0x0000000b
       15535000	      1454	80003312	4131	c.li	x2,12	  x2=0x0000000c
       15545000	      1455	80003314	08230763	beq	x6,x2,800033a2	  x6:0x0000000e  x2:0x0000000c
       15555000	      1456	80003318	4135	c.li	x2,13	  x2=0x0000000d
       15565000	      1457	8000331a	08230963	beq	x6,x2,800033ac	  x6:0x0000000e  x2:0x0000000d
       15575000	      1458	8000331e	4139	c.li	x2,14	  x2=0x0000000e
       15585000	      1459	80003320	08230b63	beq	x6,x2,800033b6	  x6:0x0000000e  x2:0x0000000e
       15615000	      1462	800033b6	3be02a73	csrrs	x20,pmpaddr14,x0	  x0:0x00000000 x20=0x200093ce
       15625000	      1463	800033ba	3a3023f3	csrrs	x7,pmpcfg3,x0	  x0:0x00000000  x7=0x0f0f0f0f
       15635000	      1464	800033be	a031	c.j	800033ca	
       15655000	      1466	800033ca	4991	c.li	x19,4	 x19=0x00000004
       15665000	      1467	800033cc	01e09313	slli	x6,x1,0x1e	  x1:0x0000000e  x6=0x80000000
       15675000	      1468	800033d0	01e35313	srli	x6,x6,0x1e	  x6:0x80000000  x6=0x00000002
       15685000	      1469	800033d4	40698133	sub	x2,x19,x6	 x19:0x00000004  x6:0x00000002  x2=0x00000002
       15695000	      1470	800033d8	117d	c.addi	x2,-1	  x2:0x00000002  x2=0x00000001
       15705000	      1471	800033da	010e	c.slli	x2,0x3	  x2:0x00000001  x2=0x00000008
       15715000	      1472	800033dc	002399b3	sll	x19,x7,x2	  x7:0x0f0f0f0f  x2:0x00000008 x19=0x0f0f0f00
       15725000	      1473	800033e0	030e	c.slli	x6,0x3	  x6:0x00000002  x6=0x00000010
       15735000	      1474	800033e2	911a	c.add	x2,x6	  x2:0x00000008  x6:0x00000010  x2=0x00000018
       15745000	      1475	800033e4	0029d9b3	srl	x19,x19,x2	 x19:0x0f0f0f00  x2:0x00000018 x19=0x0000000f
       15755000	      1476	800033e8	01b99113	slli	x2,x19,0x1b	 x19:0x0000000f  x2=0x78000000
       15765000	      1477	800033ec	01e15113	srli	x2,x2,0x1e	  x2:0x78000000  x2=0x00000001
       15775000	      1478	800033f0	04010563	beq	x2,x0,8000343a	  x2:0x00000001  x0:0x00000000
       15785000	      1479	800033f4	4305	c.li	x6,1	  x6=0x00000001
       15795000	      1480	800033f6	04610363	beq	x2,x6,8000343c	  x2:0x00000001  x6:0x00000001
       15815000	      1482	8000343c	8306	c.mv	x6,x1	  x0:0x00000000  x1:0x0000000e  x6=0x0000000e
       15825000	      1483	8000343e	34302173	csrrs	x2,mtval,x0	  x0:0x00000000  x2=0x8ffffffc
       15835000	      1484	80003442	00215113	srli	x2,x2,0x2	  x2:0x8ffffffc  x2=0x23ffffff
       15845000	      1485	80003446	00031563	bne	x6,x0,80003450	  x6:0x0000000e  x0:0x00000000
       15865000	      1487	80003450	fd1161e3	bltu	x2,x17,80003412	  x2:0x23ffffff x17:0x20008a34
       15875000	      1488	80003454	fb417fe3	bgeu	x2,x20,80003412	  x2:0x23ffffff x20:0x200093ce
       15895000	      1490	80003412	8306	c.mv	x6,x1	  x0:0x00000000  x1:0x0000000e  x6=0x0000000e
       15905000	      1491	80003414	88d2	c.mv	x17,x20	  x0:0x00000000 x20:0x200093ce x17=0x200093ce
       15915000	      1492	80003416	0305	c.addi	x6,1	  x6:0x0000000e  x6=0x0000000f
       15925000	      1493	80003418	809a	c.mv	x1,x6	  x0:0x00000000  x6:0x0000000f  x1=0x0000000f
       15935000	      1494	8000341a	4a41	c.li	x20,16	 x20=0x00000010
       15945000	      1495	8000341c	01435363	bge	x6,x20,80003422	  x6:0x0000000f x20:0x00000010
       15955000	      1496	80003420	b55d	c.j	800032c6	
       15975000	      1498	800032c6	8306	c.mv	x6,x1	  x0:0x00000000  x1:0x0000000f  x6=0x0000000f
       15985000	      1499	800032c8	811a	c.mv	x2,x6	  x0:0x00000000  x6:0x0000000f  x2=0x0000000f
       15995000	      1500	800032ca	4101	c.li	x2,0	  x2=0x00000000
       16005000	      1501	800032cc	04230f63	beq	x6,x2,8000332a	  x6:0x0000000f  x2:0x00000000
       16015000	      1502	800032d0	4105	c.li	x2,1	  x2=0x00000001
       16025000	      1503	800032d2	06230163	beq	x6,x2,80003334	  x6:0x0000000f  x2:0x00000001
       16035000	      1504	800032d6	4109	c.li	x2,2	  x2=0x00000002
       16045000	      1505	800032d8	06230363	beq	x6,x2,8000333e	  x6:0x0000000f  x2:0x00000002
       16055000	      1506	800032dc	410d	c.li	x2,3	  x2=0x00000003
       16065000	      1507	800032de	06230563	beq	x6,x2,80003348	  x6:0x0000000f  x2:0x00000003
       16075000	      1508	800032e2	4111	c.li	x2,4	  x2=0x00000004
       16085000	      1509	800032e4	06230763	beq	x6,x2,80003352	  x6:0x0000000f  x2:0x00000004
       16095000	      1510	800032e8	4115	c.li	x2,5	  x2=0x00000005
       16105000	      1511	800032ea	06230963	beq	x6,x2,8000335c	  x6:0x0000000f  x2:0x00000005
       16115000	      1512	800032ee	4119	c.li	x2,6	  x2=0x00000006
       16125000	      1513	800032f0	06230b63	beq	x6,x2,80003366	  x6:0x0000000f  x2:0x00000006
       16135000	      1514	800032f4	411d	c.li	x2,7	  x2=0x00000007
       16145000	      1515	800032f6	06230d63	beq	x6,x2,80003370	  x6:0x0000000f  x2:0x00000007
       16155000	      1516	800032fa	4121	c.li	x2,8	  x2=0x00000008
       16165000	      1517	800032fc	06230f63	beq	x6,x2,8000337a	  x6:0x0000000f  x2:0x00000008
       16175000	      1518	80003300	4125	c.li	x2,9	  x2=0x00000009
       16185000	      1519	80003302	08230163	beq	x6,x2,80003384	  x6:0x0000000f  x2:0x00000009
       16195000	      1520	80003306	4129	c.li	x2,10	  x2=0x0000000a
       16205000	      1521	80003308	08230363	beq	x6,x2,8000338e	  x6:0x0000000f  x2:0x0000000a
       16215000	      1522	8000330c	412d	c.li	x2,11	  x2=0x0000000b
       16225000	      1523	8000330e	08230563	beq	x6,x2,80003398	  x6:0x0000000f  x2:0x0000000b
       16235000	      1524	80003312	4131	c.li	x2,12	  x2=0x0000000c
       16245000	      1525	80003314	08230763	beq	x6,x2,800033a2	  x6:0x0000000f  x2:0x0000000c
       16255000	      1526	80003318	4135	c.li	x2,13	  x2=0x0000000d
       16265000	      1527	8000331a	08230963	beq	x6,x2,800033ac	  x6:0x0000000f  x2:0x0000000d
       16275000	      1528	8000331e	4139	c.li	x2,14	  x2=0x0000000e
       16285000	      1529	80003320	08230b63	beq	x6,x2,800033b6	  x6:0x0000000f  x2:0x0000000e
       16295000	      1530	80003324	413d	c.li	x2,15	  x2=0x0000000f
       16305000	      1531	80003326	08230d63	beq	x6,x2,800033c0	  x6:0x0000000f  x2:0x0000000f
       16325000	      1533	800033c0	3bf02a73	csrrs	x20,pmpaddr15,x0	  x0:0x00000000 x20=0x20009d67
       16335000	      1534	800033c4	3a3023f3	csrrs	x7,pmpcfg3,x0	  x0:0x00000000  x7=0x0f0f0f0f
       16345000	      1535	800033c8	a009	c.j	800033ca	
       16365000	      1537	800033ca	4991	c.li	x19,4	 x19=0x00000004
       16375000	      1538	800033cc	01e09313	slli	x6,x1,0x1e	  x1:0x0000000f  x6=0xc0000000
       16385000	      1539	800033d0	01e35313	srli	x6,x6,0x1e	  x6:0xc0000000  x6=0x00000003
       16395000	      1540	800033d4	40698133	sub	x2,x19,x6	 x19:0x00000004  x6:0x00000003  x2=0x00000001
       16405000	      1541	800033d8	117d	c.addi	x2,-1	  x2:0x00000001  x2=0x00000000
       16415000	      1542	800033da	010e	c.slli	x2,0x3	  x2:0x00000000  x2=0x00000000
       16425000	      1543	800033dc	002399b3	sll	x19,x7,x2	  x7:0x0f0f0f0f  x2:0x00000000 x19=0x0f0f0f0f
       16435000	      1544	800033e0	030e	c.slli	x6,0x3	  x6:0x00000003  x6=0x00000018
       16445000	      1545	800033e2	911a	c.add	x2,x6	  x2:0x00000000  x6:0x00000018  x2=0x00000018
       16455000	      1546	800033e4	0029d9b3	srl	x19,x19,x2	 x19:0x0f0f0f0f  x2:0x00000018 x19=0x0000000f
       16465000	      1547	800033e8	01b99113	slli	x2,x19,0x1b	 x19:0x0000000f  x2=0x78000000
       16475000	      1548	800033ec	01e15113	srli	x2,x2,0x1e	  x2:0x78000000  x2=0x00000001
       16485000	      1549	800033f0	04010563	beq	x2,x0,8000343a	  x2:0x00000001  x0:0x00000000
       16495000	      1550	800033f4	4305	c.li	x6,1	  x6=0x00000001
       16505000	      1551	800033f6	04610363	beq	x2,x6,8000343c	  x2:0x00000001  x6:0x00000001
       16525000	      1553	8000343c	8306	c.mv	x6,x1	  x0:0x00000000  x1:0x0000000f  x6=0x0000000f
       16535000	      1554	8000343e	34302173	csrrs	x2,mtval,x0	  x0:0x00000000  x2=0x8ffffffc
       16545000	      1555	80003442	00215113	srli	x2,x2,0x2	  x2:0x8ffffffc  x2=0x23ffffff
       16555000	      1556	80003446	00031563	bne	x6,x0,80003450	  x6:0x0000000f  x0:0x00000000
       16575000	      1558	80003450	fd1161e3	bltu	x2,x17,80003412	  x2:0x23ffffff x17:0x200093ce
       16585000	      1559	80003454	fb417fe3	bgeu	x2,x20,80003412	  x2:0x23ffffff x20:0x20009d67
       16605000	      1561	80003412	8306	c.mv	x6,x1	  x0:0x00000000  x1:0x0000000f  x6=0x0000000f
       16615000	      1562	80003414	88d2	c.mv	x17,x20	  x0:0x00000000 x20:0x20009d67 x17=0x20009d67
       16625000	      1563	80003416	0305	c.addi	x6,1	  x6:0x0000000f  x6=0x00000010
       16635000	      1564	80003418	809a	c.mv	x1,x6	  x0:0x00000000  x6:0x00000010  x1=0x00000010
       16645000	      1565	8000341a	4a41	c.li	x20,16	 x20=0x00000010
       16655000	      1566	8000341c	01435363	bge	x6,x20,80003422	  x6:0x00000010 x20:0x00000010
       16685000	      1569	80003422	74702373	csrrs	x6,0x747,x0	  x0:0x00000000  x6=0x00000000
       16695000	      1570	80003426	00237313	andi	x6,x6,2	  x6:0x00000000  x6=0x00000000
       16705000	      1571	8000342a	08031163	bne	x6,x0,800034ac	  x6:0x00000000  x0:0x00000000
       16715000	      1572	8000342e	ffffd317	auipc	x6,0xffffd	  x6=0x8000042e
       16725000	      1573	80003432	1d230313	addi	x6,x6,466	  x6:0x8000042e  x6=0x80000600
       16735000	      1574	80003436	00030067	jalr	x0,0(x6)	  x6:0x80000600  x0=0x00000000
       16755000	      1576	80000600	90000a37	lui	x20,0x90000	 x20=0x90000000
       16765000	      1577	80000604	1a61	c.addi	x20,-8	 x20:0x90000000 x20=0x8ffffff8
       16775000	      1578	80000606	4301	c.li	x6,0	  x6=0x00000000
       16785000	      1579	80000608	0322	c.slli	x6,0x8	  x6:0x00000000  x6=0x00000000
       16795000	      1580	8000060a	0305	c.addi	x6,1	  x6:0x00000000  x6=0x00000001
       16805000	      1581	8000060c	006a2023	sw	x6,0(x20)	 x20:0x8ffffff8  x6:0x00000001 PA:0x8ffffff8 store:0x00000001 load:0x00000000
       16815000	      1582	80000610	00000073	ecall	
       16845000	      1585	80002800	0800006f	jal	x0,80002880	  x0=0x00000000
       16865000	      1587	80002880	1771	c.addi	x14,-4	 x14:0x8002cc60 x14=0x8002cc5c
       16875000	      1588	80002882	c310	c.sw	x12,0(x14)	 x14:0x8002cc5c x12:0x8002cc60 PA:0x8002cc5c store:0x8002cc60 load:0x00000000
