core   0: 0x80000080 (0x40001cb7) lui     s9, 0x40001
core   0: 3 0x80000080 (0x40001cb7) x25 0x40001000
core   0: 0x80000084 (0x106c8c93) addi    s9, s9, 262
core   0: 3 0x80000084 (0x106c8c93) x25 0x40001106
core   0: 0x80000088 (0x301c9073) csrw    misa, s9
core   0: 3 0x80000088 (0x301c9073) c769_misa 0x40901104
core   0: 0x8000008c (0x00026797) auipc   a5, 0x26
core   0: 3 0x8000008c (0x00026797) x15 0x8002608c
core   0: 0x80000090 (0xc5878793) addi    a5, a5, -936
core   0: 3 0x80000090 (0xc5878793) x15 0x80025ce4
core   0: 0x80000094 (0x00002c97) auipc   s9, 0x2
core   0: 3 0x80000094 (0x00002c97) x25 0x80002094
core   0: 0x80000098 (0xf6cc8c93) addi    s9, s9, -148
core   0: 3 0x80000098 (0xf6cc8c93) x25 0x80002000
core   0: 0x8000009c (0x001cec93) ori     s9, s9, 1
core   0: 3 0x8000009c (0x001cec93) x25 0x80002001
core   0: 0x800000a0 (0x305c9073) csrw    mtvec, s9
core   0: 3 0x800000a0 (0x305c9073) c773_mtvec 0x80002001
core   0: 0x800000a4 (0x74725073) csrwi   mseccfg, 4
core   0: 3 0x800000a4 (0x74725073) c1863_mseccfg 0x00000004
core   0: 0x800000a8 (0x00003a97) auipc   s5, 0x3
core   0: 3 0x800000a8 (0x00003a97) x21 0x800030a8
core   0: 0x800000ac (0xc44a8a93) addi    s5, s5, -956
core   0: 3 0x800000ac (0xc44a8a93) x21 0x80002cec
core   0: 0x800000b0 (0x00004c81) c.li    s9, 0
core   0: 3 0x800000b0 (0x4c81) x25 0x00000000
core   0: 0x800000b2 (0x00009ae6) c.add   s5, s9
core   0: 3 0x800000b2 (0x9ae6) x21 0x80002cec
core   0: 0x800000b4 (0x002ada93) srli    s5, s5, 2
core   0: 3 0x800000b4 (0x002ada93) x21 0x20000b3b
core   0: 0x800000b8 (0x3b0a9073) csrw    pmpaddr0, s5
core   0: 3 0x800000b8 (0x3b0a9073) c944_pmpaddr0 0x20000b3b
core   0: 0x800000bc (0x00003a97) auipc   s5, 0x3
core   0: 3 0x800000bc (0x00003a97) x21 0x800030bc
core   0: 0x800000c0 (0xc30a8a93) addi    s5, s5, -976
core   0: 3 0x800000c0 (0xc30a8a93) x21 0x80002cec
core   0: 0x800000c4 (0x11111cb7) lui     s9, 0x11111
core   0: 3 0x800000c4 (0x11111cb7) x25 0x11111000
core   0: 0x800000c8 (0x111c8c93) addi    s9, s9, 273
core   0: 3 0x800000c8 (0x111c8c93) x25 0x11111111
core   0: 0x800000cc (0x00009ae6) c.add   s5, s9
core   0: 3 0x800000cc (0x9ae6) x21 0x91113dfd
core   0: 0x800000ce (0x002ada93) srli    s5, s5, 2
core   0: 3 0x800000ce (0x002ada93) x21 0x24444f7f
core   0: 0x800000d2 (0x3b1a9073) csrw    pmpaddr1, s5
core   0: 3 0x800000d2 (0x3b1a9073) c945_pmpaddr1 0x24444f7f
core   0: 0x800000d6 (0x00003a97) auipc   s5, 0x3
core   0: 3 0x800000d6 (0x00003a97) x21 0x800030d6
core   0: 0x800000da (0xc16a8a93) addi    s5, s5, -1002
core   0: 3 0x800000da (0xc16a8a93) x21 0x80002cec
core   0: 0x800000de (0x22222cb7) lui     s9, 0x22222
core   0: 3 0x800000de (0x22222cb7) x25 0x22222000
core   0: 0x800000e2 (0x222c8c93) addi    s9, s9, 546
core   0: 3 0x800000e2 (0x222c8c93) x25 0x22222222
core   0: 0x800000e6 (0x00009ae6) c.add   s5, s9
core   0: 3 0x800000e6 (0x9ae6) x21 0xa2224f0e
core   0: 0x800000e8 (0x002ada93) srli    s5, s5, 2
core   0: 3 0x800000e8 (0x002ada93) x21 0x288893c3
core   0: 0x800000ec (0x3b2a9073) csrw    pmpaddr2, s5
core   0: 3 0x800000ec (0x3b2a9073) c946_pmpaddr2 0x288893c3
core   0: 0x800000f0 (0x00003a97) auipc   s5, 0x3
core   0: 3 0x800000f0 (0x00003a97) x21 0x800030f0
core   0: 0x800000f4 (0xbfca8a93) addi    s5, s5, -1028
core   0: 3 0x800000f4 (0xbfca8a93) x21 0x80002cec
core   0: 0x800000f8 (0x33333cb7) lui     s9, 0x33333
core   0: 3 0x800000f8 (0x33333cb7) x25 0x33333000
core   0: 0x800000fc (0x333c8c93) addi    s9, s9, 819
core   0: 3 0x800000fc (0x333c8c93) x25 0x33333333
core   0: 0x80000100 (0x00009ae6) c.add   s5, s9
core   0: 3 0x80000100 (0x9ae6) x21 0xb333601f
core   0: 0x80000102 (0x002ada93) srli    s5, s5, 2
core   0: 3 0x80000102 (0x002ada93) x21 0x2cccd807
core   0: 0x80000106 (0x3b3a9073) csrw    pmpaddr3, s5
core   0: 3 0x80000106 (0x3b3a9073) c947_pmpaddr3 0x2cccd807
core   0: 0x8000010a (0x0f0f1ab7) lui     s5, 0xf0f1
core   0: 3 0x8000010a (0x0f0f1ab7) x21 0x0f0f1000
core   0: 0x8000010e (0xf0fa8a93) addi    s5, s5, -241
core   0: 3 0x8000010e (0xf0fa8a93) x21 0x0f0f0f0f
core   0: 0x80000112 (0x3a0a9073) csrw    pmpcfg0, s5
core   0: 3 0x80000112 (0x3a0a9073) c928_pmpcfg0 0x0f0f0f0f
core   0: 0x80000116 (0x00003a97) auipc   s5, 0x3
core   0: 3 0x80000116 (0x00003a97) x21 0x80003116
core   0: 0x8000011a (0xbd6a8a93) addi    s5, s5, -1066
core   0: 3 0x8000011a (0xbd6a8a93) x21 0x80002cec
core   0: 0x8000011e (0x44444cb7) lui     s9, 0x44444
core   0: 3 0x8000011e (0x44444cb7) x25 0x44444000
core   0: 0x80000122 (0x444c8c93) addi    s9, s9, 1092
core   0: 3 0x80000122 (0x444c8c93) x25 0x44444444
core   0: 0x80000126 (0x00009ae6) c.add   s5, s9
core   0: 3 0x80000126 (0x9ae6) x21 0xc4447130
core   0: 0x80000128 (0x002ada93) srli    s5, s5, 2
core   0: 3 0x80000128 (0x002ada93) x21 0x31111c4c
core   0: 0x8000012c (0x3b4a9073) csrw    pmpaddr4, s5
core   0: 3 0x8000012c (0x3b4a9073) c948_pmpaddr4 0x31111c4c
core   0: 0x80000130 (0x00003a97) auipc   s5, 0x3
core   0: 3 0x80000130 (0x00003a97) x21 0x80003130
core   0: 0x80000134 (0xbbca8a93) addi    s5, s5, -1092
core   0: 3 0x80000134 (0xbbca8a93) x21 0x80002cec
core   0: 0x80000138 (0x55555cb7) lui     s9, 0x55555
core   0: 3 0x80000138 (0x55555cb7) x25 0x55555000
core   0: 0x8000013c (0x555c8c93) addi    s9, s9, 1365
core   0: 3 0x8000013c (0x555c8c93) x25 0x55555555
core   0: 0x80000140 (0x00009ae6) c.add   s5, s9
core   0: 3 0x80000140 (0x9ae6) x21 0xd5558241
core   0: 0x80000142 (0x002ada93) srli    s5, s5, 2
core   0: 3 0x80000142 (0x002ada93) x21 0x35556090
core   0: 0x80000146 (0x3b5a9073) csrw    pmpaddr5, s5
core   0: 3 0x80000146 (0x3b5a9073) c949_pmpaddr5 0x35556090
core   0: 0x8000014a (0x00003a97) auipc   s5, 0x3
core   0: 3 0x8000014a (0x00003a97) x21 0x8000314a
core   0: 0x8000014e (0xba2a8a93) addi    s5, s5, -1118
core   0: 3 0x8000014e (0xba2a8a93) x21 0x80002cec
core   0: 0x80000152 (0x66666cb7) lui     s9, 0x66666
core   0: 3 0x80000152 (0x66666cb7) x25 0x66666000
core   0: 0x80000156 (0x666c8c93) addi    s9, s9, 1638
core   0: 3 0x80000156 (0x666c8c93) x25 0x66666666
core   0: 0x8000015a (0x00009ae6) c.add   s5, s9
core   0: 3 0x8000015a (0x9ae6) x21 0xe6669352
core   0: 0x8000015c (0x002ada93) srli    s5, s5, 2
core   0: 3 0x8000015c (0x002ada93) x21 0x3999a4d4
core   0: 0x80000160 (0x3b6a9073) csrw    pmpaddr6, s5
core   0: 3 0x80000160 (0x3b6a9073) c950_pmpaddr6 0x3999a4d4
core   0: 0x80000164 (0x00003a97) auipc   s5, 0x3
core   0: 3 0x80000164 (0x00003a97) x21 0x80003164
core   0: 0x80000168 (0xb88a8a93) addi    s5, s5, -1144
core   0: 3 0x80000168 (0xb88a8a93) x21 0x80002cec
core   0: 0x8000016c (0x77777cb7) lui     s9, 0x77777
core   0: 3 0x8000016c (0x77777cb7) x25 0x77777000
core   0: 0x80000170 (0x777c8c93) addi    s9, s9, 1911
core   0: 3 0x80000170 (0x777c8c93) x25 0x77777777
core   0: 0x80000174 (0x00009ae6) c.add   s5, s9
core   0: 3 0x80000174 (0x9ae6) x21 0xf777a463
core   0: 0x80000176 (0x002ada93) srli    s5, s5, 2
core   0: 3 0x80000176 (0x002ada93) x21 0x3ddde918
core   0: 0x8000017a (0x3b7a9073) csrw    pmpaddr7, s5
core   0: 3 0x8000017a (0x3b7a9073) c951_pmpaddr7 0x3ddde918
core   0: 0x8000017e (0x0f0f1ab7) lui     s5, 0xf0f1
core   0: 3 0x8000017e (0x0f0f1ab7) x21 0x0f0f1000
core   0: 0x80000182 (0xf0fa8a93) addi    s5, s5, -241
core   0: 3 0x80000182 (0xf0fa8a93) x21 0x0f0f0f0f
core   0: 0x80000186 (0x3a1a9073) csrw    pmpcfg1, s5
core   0: 3 0x80000186 (0x3a1a9073) c929_pmpcfg1 0x0f0f0f0f
core   0: 0x8000018a (0x00003a97) auipc   s5, 0x3
core   0: 3 0x8000018a (0x00003a97) x21 0x8000318a
core   0: 0x8000018e (0xb62a8a93) addi    s5, s5, -1182
core   0: 3 0x8000018e (0xb62a8a93) x21 0x80002cec
core   0: 0x80000192 (0x88889cb7) lui     s9, 0x88889
core   0: 3 0x80000192 (0x88889cb7) x25 0x88889000
core   0: 0x80000196 (0x888c8c93) addi    s9, s9, -1912
core   0: 3 0x80000196 (0x888c8c93) x25 0x88888888
core   0: 0x8000019a (0x00009ae6) c.add   s5, s9
core   0: 3 0x8000019a (0x9ae6) x21 0x0888b574
core   0: 0x8000019c (0x002ada93) srli    s5, s5, 2
core   0: 3 0x8000019c (0x002ada93) x21 0x02222d5d
core   0: 0x800001a0 (0x3b8a9073) csrw    pmpaddr8, s5
core   0: 3 0x800001a0 (0x3b8a9073) c952_pmpaddr8 0x02222d5d
core   0: 0x800001a4 (0x00003a97) auipc   s5, 0x3
core   0: 3 0x800001a4 (0x00003a97) x21 0x800031a4
core   0: 0x800001a8 (0xb48a8a93) addi    s5, s5, -1208
core   0: 3 0x800001a8 (0xb48a8a93) x21 0x80002cec
core   0: 0x800001ac (0x9999acb7) lui     s9, 0x9999a
core   0: 3 0x800001ac (0x9999acb7) x25 0x9999a000
core   0: 0x800001b0 (0x999c8c93) addi    s9, s9, -1639
core   0: 3 0x800001b0 (0x999c8c93) x25 0x99999999
core   0: 0x800001b4 (0x00009ae6) c.add   s5, s9
core   0: 3 0x800001b4 (0x9ae6) x21 0x1999c685
core   0: 0x800001b6 (0x002ada93) srli    s5, s5, 2
core   0: 3 0x800001b6 (0x002ada93) x21 0x066671a1
core   0: 0x800001ba (0x3b9a9073) csrw    pmpaddr9, s5
core   0: 3 0x800001ba (0x3b9a9073) c953_pmpaddr9 0x066671a1
core   0: 0x800001be (0x00003a97) auipc   s5, 0x3
core   0: 3 0x800001be (0x00003a97) x21 0x800031be
core   0: 0x800001c2 (0xb2ea8a93) addi    s5, s5, -1234
core   0: 3 0x800001c2 (0xb2ea8a93) x21 0x80002cec
core   0: 0x800001c6 (0xaaaabcb7) lui     s9, 0xaaaab
core   0: 3 0x800001c6 (0xaaaabcb7) x25 0xaaaab000
core   0: 0x800001ca (0xaaac8c93) addi    s9, s9, -1366
core   0: 3 0x800001ca (0xaaac8c93) x25 0xaaaaaaaa
core   0: 0x800001ce (0x00009ae6) c.add   s5, s9
core   0: 3 0x800001ce (0x9ae6) x21 0x2aaad796
core   0: 0x800001d0 (0x002ada93) srli    s5, s5, 2
core   0: 3 0x800001d0 (0x002ada93) x21 0x0aaab5e5
core   0: 0x800001d4 (0x3baa9073) csrw    pmpaddr10, s5
core   0: 3 0x800001d4 (0x3baa9073) c954_pmpaddr10 0x0aaab5e5
core   0: 0x800001d8 (0x00003a97) auipc   s5, 0x3
core   0: 3 0x800001d8 (0x00003a97) x21 0x800031d8
core   0: 0x800001dc (0xb14a8a93) addi    s5, s5, -1260
core   0: 3 0x800001dc (0xb14a8a93) x21 0x80002cec
core   0: 0x800001e0 (0xbbbbccb7) lui     s9, 0xbbbbc
core   0: 3 0x800001e0 (0xbbbbccb7) x25 0xbbbbc000
core   0: 0x800001e4 (0xbbbc8c93) addi    s9, s9, -1093
core   0: 3 0x800001e4 (0xbbbc8c93) x25 0xbbbbbbbb
core   0: 0x800001e8 (0x00009ae6) c.add   s5, s9
core   0: 3 0x800001e8 (0x9ae6) x21 0x3bbbe8a7
core   0: 0x800001ea (0x002ada93) srli    s5, s5, 2
core   0: 3 0x800001ea (0x002ada93) x21 0x0eeefa29
core   0: 0x800001ee (0x3bba9073) csrw    pmpaddr11, s5
core   0: 3 0x800001ee (0x3bba9073) c955_pmpaddr11 0x0eeefa29
core   0: 0x800001f2 (0x0f0f1ab7) lui     s5, 0xf0f1
core   0: 3 0x800001f2 (0x0f0f1ab7) x21 0x0f0f1000
core   0: 0x800001f6 (0xf0fa8a93) addi    s5, s5, -241
core   0: 3 0x800001f6 (0xf0fa8a93) x21 0x0f0f0f0f
core   0: 0x800001fa (0x3a2a9073) csrw    pmpcfg2, s5
core   0: 3 0x800001fa (0x3a2a9073) c930_pmpcfg2 0x0f0f0f0f
core   0: 0x800001fe (0x00003a97) auipc   s5, 0x3
core   0: 3 0x800001fe (0x00003a97) x21 0x800031fe
core   0: 0x80000202 (0xaeea8a93) addi    s5, s5, -1298
core   0: 3 0x80000202 (0xaeea8a93) x21 0x80002cec
core   0: 0x80000206 (0xccccdcb7) lui     s9, 0xccccd
core   0: 3 0x80000206 (0xccccdcb7) x25 0xccccd000
core   0: 0x8000020a (0xcccc8c93) addi    s9, s9, -820
core   0: 3 0x8000020a (0xcccc8c93) x25 0xcccccccc
core   0: 0x8000020e (0x00009ae6) c.add   s5, s9
core   0: 3 0x8000020e (0x9ae6) x21 0x4cccf9b8
core   0: 0x80000210 (0x002ada93) srli    s5, s5, 2
core   0: 3 0x80000210 (0x002ada93) x21 0x13333e6e
core   0: 0x80000214 (0x3bca9073) csrw    pmpaddr12, s5
core   0: 3 0x80000214 (0x3bca9073) c956_pmpaddr12 0x13333e6e
core   0: 0x80000218 (0x00003a97) auipc   s5, 0x3
core   0: 3 0x80000218 (0x00003a97) x21 0x80003218
core   0: 0x8000021c (0xad4a8a93) addi    s5, s5, -1324
core   0: 3 0x8000021c (0xad4a8a93) x21 0x80002cec
core   0: 0x80000220 (0xddddecb7) lui     s9, 0xdddde
core   0: 3 0x80000220 (0xddddecb7) x25 0xdddde000
core   0: 0x80000224 (0xdddc8c93) addi    s9, s9, -547
core   0: 3 0x80000224 (0xdddc8c93) x25 0xdddddddd
core   0: 0x80000228 (0x00009ae6) c.add   s5, s9
core   0: 3 0x80000228 (0x9ae6) x21 0x5dde0ac9
core   0: 0x8000022a (0x002ada93) srli    s5, s5, 2
core   0: 3 0x8000022a (0x002ada93) x21 0x177782b2
core   0: 0x8000022e (0x3bda9073) csrw    pmpaddr13, s5
core   0: 3 0x8000022e (0x3bda9073) c957_pmpaddr13 0x177782b2
core   0: 0x80000232 (0x00003a97) auipc   s5, 0x3
core   0: 3 0x80000232 (0x00003a97) x21 0x80003232
core   0: 0x80000236 (0xabaa8a93) addi    s5, s5, -1350
core   0: 3 0x80000236 (0xabaa8a93) x21 0x80002cec
core   0: 0x8000023a (0xeeeefcb7) lui     s9, 0xeeeef
core   0: 3 0x8000023a (0xeeeefcb7) x25 0xeeeef000
core   0: 0x8000023e (0xeeec8c93) addi    s9, s9, -274
core   0: 3 0x8000023e (0xeeec8c93) x25 0xeeeeeeee
core   0: 0x80000242 (0x00009ae6) c.add   s5, s9
core   0: 3 0x80000242 (0x9ae6) x21 0x6eef1bda
core   0: 0x80000244 (0x002ada93) srli    s5, s5, 2
core   0: 3 0x80000244 (0x002ada93) x21 0x1bbbc6f6
core   0: 0x80000248 (0x3bea9073) csrw    pmpaddr14, s5
core   0: 3 0x80000248 (0x3bea9073) c958_pmpaddr14 0x1bbbc6f6
core   0: 0x8000024c (0x00003a97) auipc   s5, 0x3
core   0: 3 0x8000024c (0x00003a97) x21 0x8000324c
core   0: 0x80000250 (0xaa0a8a93) addi    s5, s5, -1376
core   0: 3 0x80000250 (0xaa0a8a93) x21 0x80002cec
core   0: 0x80000254 (0xfff00c93) li      s9, -1
core   0: 3 0x80000254 (0xfff00c93) x25 0xffffffff
core   0: 0x80000258 (0x00009ae6) c.add   s5, s9
core   0: 3 0x80000258 (0x9ae6) x21 0x80002ceb
core   0: 0x8000025a (0x002ada93) srli    s5, s5, 2
core   0: 3 0x8000025a (0x002ada93) x21 0x20000b3a
core   0: 0x8000025e (0x3bfa9073) csrw    pmpaddr15, s5
core   0: 3 0x8000025e (0x3bfa9073) c959_pmpaddr15 0x20000b3a
core   0: 0x80000262 (0x0f0f1ab7) lui     s5, 0xf0f1
core   0: 3 0x80000262 (0x0f0f1ab7) x21 0x0f0f1000
core   0: 0x80000266 (0xf0fa8a93) addi    s5, s5, -241
core   0: 3 0x80000266 (0xf0fa8a93) x21 0x0f0f0f0f
core   0: 0x8000026a (0x3a3a9073) csrw    pmpcfg3, s5
core   0: 3 0x8000026a (0x3a3a9073) c931_pmpcfg3 0x0f0f0f0f
core   0: 0x8000026e (0x00000c97) auipc   s9, 0x0
core   0: 3 0x8000026e (0x00000c97) x25 0x8000026e
core   0: 0x80000272 (0x058c8c93) addi    s9, s9, 88
core   0: 3 0x80000272 (0x058c8c93) x25 0x800002c6
core   0: 0x80000276 (0x341c9073) csrw    mepc, s9
core   0: 3 0x80000276 (0x341c9073) c833_mepc 0x800002c6
core   0: 0x8000027a (0x7c00d073) csrwi   cpuctrlsts, 1
core   0: 3 0x8000027a (0x7c00d073) c1984_cpuctrlsts 0x00000101
core   0: 0x8000027e (0x00006c89) c.lui   s9, 0x2
core   0: 3 0x8000027e (0x6c89) x25 0x00002000
core   0: 0x80000280 (0x800c8c93) addi    s9, s9, -2048
core   0: 3 0x80000280 (0x800c8c93) x25 0x00001800
core   0: 0x80000284 (0x300c9073) csrw    mstatus, s9
core   0: 3 0x80000284 (0x300c9073) c768_mstatus 0x00001800
core   0: 0x80000288 (0x00004c81) c.li    s9, 0
core   0: 3 0x80000288 (0x4c81) x25 0x00000000
core   0: 0x8000028a (0x304c9073) csrw    mie, s9
core   0: 3 0x8000028a (0x304c9073) c772_mie 0x00000000
core   0: 0x8000028e (0x90000537) lui     a0, 0x90000
core   0: 3 0x8000028e (0x90000537) x10 0x90000000
core   0: 0x80000292 (0x00001571) c.addi  a0, -4
core   0: 3 0x80000292 (0x1571) x10 0x8ffffffc
core   0: 0x80000294 (0x30000c93) li      s9, 768
core   0: 3 0x80000294 (0x30000c93) x25 0x00000300
core   0: 0x80000298 (0x00000ca2) c.slli  s9, 8
core   0: 3 0x80000298 (0x0ca2) x25 0x00030000
core   0: 0x8000029a (0x00000c8d) c.addi  s9, 3
core   0: 3 0x8000029a (0x0c8d) x25 0x00030003
core   0: 0x8000029c (0x01952023) sw      s9, 0(a0)
core   0: 3 0x8000029c (0x01952023) mem 0x8ffffffc 0x00030003
core   0: 0x800002a0 (0x30002cf3) csrr    s9, mstatus
core   0: 3 0x800002a0 (0x30002cf3) x25 0x00001800
core   0: 0x800002a4 (0x01952023) sw      s9, 0(a0)
core   0: 3 0x800002a4 (0x01952023) mem 0x8ffffffc 0x00001800
core   0: 0x800002a8 (0x90000537) lui     a0, 0x90000
core   0: 3 0x800002a8 (0x90000537) x10 0x90000000
core   0: 0x800002ac (0x00001571) c.addi  a0, -4
core   0: 3 0x800002ac (0x1571) x10 0x8ffffffc
core   0: 0x800002ae (0x30400c93) li      s9, 772
core   0: 3 0x800002ae (0x30400c93) x25 0x00000304
core   0: 0x800002b2 (0x00000ca2) c.slli  s9, 8
core   0: 3 0x800002b2 (0x0ca2) x25 0x00030400
core   0: 0x800002b4 (0x00000c8d) c.addi  s9, 3
core   0: 3 0x800002b4 (0x0c8d) x25 0x00030403
core   0: 0x800002b6 (0x01952023) sw      s9, 0(a0)
core   0: 3 0x800002b6 (0x01952023) mem 0x8ffffffc 0x00030403
core   0: 0x800002ba (0x30402cf3) csrr    s9, mie
core   0: 3 0x800002ba (0x30402cf3) x25 0x00000000
core   0: 0x800002be (0x01952023) sw      s9, 0(a0)
core   0: 3 0x800002be (0x01952023) mem 0x8ffffffc 0x00000000
core   0: 0x800002c2 (0x30200073) mret
core   0: 3 0x800002c2 (0x30200073) c768_mstatus 0x00000080
core   0: 0x800002c6 (0x00000013) nop
core   0: 3 0x800002c6 (0x00000013)
core   0: 0x800002ca (0x92efa0b7) lui     ra, 0x92efa
core   0: 3 0x800002ca (0x92efa0b7) x1  0x92efa000
core   0: 0x800002ce (0xac408093) addi    ra, ra, -1340
core   0: 3 0x800002ce (0xac408093) x1  0x92ef9ac4
core   0: 0x800002d2 (0x800001b7) lui     gp, 0x80000
core   0: 3 0x800002d2 (0x800001b7) x3  0x80000000
core   0: 0x800002d6 (0x80000237) lui     tp, 0x80000
core   0: 3 0x800002d6 (0x80000237) x4  0x80000000
core   0: 0x800002da (0x000042b9) c.li    t0, 14
core   0: 3 0x800002da (0x42b9) x5  0x0000000e
core   0: 0x800002dc (0xf1b2a337) lui     t1, 0xf1b2a
core   0: 3 0x800002dc (0xf1b2a337) x6  0xf1b2a000
core   0: 0x800002e0 (0xf3f30313) addi    t1, t1, -193
core   0: 3 0x800002e0 (0xf3f30313) x6  0xf1b29f3f
core   0: 0x800002e4 (0x00004381) c.li    t2, 0
core   0: 3 0x800002e4 (0x4381) x7  0x00000000
core   0: 0x800002e6 (0x4a55b437) lui     s0, 0x4a55b
core   0: 3 0x800002e6 (0x4a55b437) x8  0x4a55b000
core   0: 0x800002ea (0xa2240413) addi    s0, s0, -1502
core   0: 3 0x800002ea (0xa2240413) x8  0x4a55aa22
core   0: 0x800002ee (0x800004b7) lui     s1, 0x80000
core   0: 3 0x800002ee (0x800004b7) x9  0x80000000
core   0: 0x800002f2 (0x00004535) c.li    a0, 13
core   0: 3 0x800002f2 (0x4535) x10 0x0000000d
core   0: 0x800002f4 (0xf1f2f5b7) lui     a1, 0xf1f2f
core   0: 3 0x800002f4 (0xf1f2f5b7) x11 0xf1f2f000
core   0: 0x800002f8 (0x2c958593) addi    a1, a1, 713
core   0: 3 0x800002f8 (0x2c958593) x11 0xf1f2f2c9
core   0: 0x800002fc (0xf4560637) lui     a2, 0xf4560
core   0: 3 0x800002fc (0xf4560637) x12 0xf4560000
core   0: 0x80000300 (0xfdc60613) addi    a2, a2, -36
core   0: 3 0x80000300 (0xfdc60613) x12 0xf455ffdc
core   0: 0x80000304 (0xf82256b7) lui     a3, 0xf8225
core   0: 3 0x80000304 (0xf82256b7) x13 0xf8225000
core   0: 0x80000308 (0x26468693) addi    a3, a3, 612
core   0: 3 0x80000308 (0x26468693) x13 0xf8225264
core   0: 0x8000030c (0xfe5f1737) lui     a4, 0xfe5f1
core   0: 3 0x8000030c (0xfe5f1737) x14 0xfe5f1000
core   0: 0x80000310 (0x95370713) addi    a4, a4, -1709
core   0: 3 0x80000310 (0x95370713) x14 0xfe5f0953
core   0: 0x80000314 (0x66a5e837) lui     a6, 0x66a5e
core   0: 3 0x80000314 (0x66a5e837) x16 0x66a5e000
core   0: 0x80000318 (0xaa780813) addi    a6, a6, -1369
core   0: 3 0x80000318 (0xaa780813) x16 0x66a5daa7
core   0: 0x8000031c (0xf9d1c8b7) lui     a7, 0xf9d1c
core   0: 3 0x8000031c (0xf9d1c8b7) x17 0xf9d1c000
core   0: 0x80000320 (0x75888893) addi    a7, a7, 1880
core   0: 3 0x80000320 (0x75888893) x17 0xf9d1c758
core   0: 0x80000324 (0x00004901) c.li    s2, 0
core   0: 3 0x80000324 (0x4901) x18 0x00000000
core   0: 0x80000326 (0x910059b7) lui     s3, 0x91005
core   0: 3 0x80000326 (0x910059b7) x19 0x91005000
core   0: 0x8000032a (0xefb98993) addi    s3, s3, -261
core   0: 3 0x8000032a (0xefb98993) x19 0x91004efb
core   0: 0x8000032e (0x00004a01) c.li    s4, 0
core   0: 3 0x8000032e (0x4a01) x20 0x00000000
core   0: 0x80000330 (0x00004aa5) c.li    s5, 9
core   0: 3 0x80000330 (0x4aa5) x21 0x00000009
core   0: 0x80000332 (0x91795b37) lui     s6, 0x91795
core   0: 3 0x80000332 (0x91795b37) x22 0x91795000
core   0: 0x80000336 (0x00001b29) c.addi  s6, -22
core   0: 3 0x80000336 (0x1b29) x22 0x91794fea
core   0: 0x80000338 (0x80000bb7) lui     s7, 0x80000
core   0: 3 0x80000338 (0x80000bb7) x23 0x80000000
core   0: 0x8000033c (0xdb26ec37) lui     s8, 0xdb26e
core   0: 3 0x8000033c (0xdb26ec37) x24 0xdb26e000
core   0: 0x80000340 (0x39fc0c13) addi    s8, s8, 927
core   0: 3 0x80000340 (0x39fc0c13) x24 0xdb26e39f
core   0: 0x80000344 (0x00004cb1) c.li    s9, 12
core   0: 3 0x80000344 (0x4cb1) x25 0x0000000c
core   0: 0x80000346 (0xbde66d37) lui     s10, 0xbde66
core   0: 3 0x80000346 (0xbde66d37) x26 0xbde66000
core   0: 0x8000034a (0x303d0d13) addi    s10, s10, 771
core   0: 3 0x8000034a (0x303d0d13) x26 0xbde66303
core   0: 0x8000034e (0xf6359db7) lui     s11, 0xf6359
core   0: 3 0x8000034e (0xf6359db7) x27 0xf6359000
core   0: 0x80000352 (0xb8bd8d93) addi    s11, s11, -1141
core   0: 3 0x80000352 (0xb8bd8d93) x27 0xf6358b8b
core   0: 0x80000356 (0x00004e01) c.li    t3, 0
core   0: 3 0x80000356 (0x4e01) x28 0x00000000
core   0: 0x80000358 (0x47c42eb7) lui     t4, 0x47c42
core   0: 3 0x80000358 (0x47c42eb7) x29 0x47c42000
core   0: 0x8000035c (0x4cae8e93) addi    t4, t4, 1226
core   0: 3 0x8000035c (0x4cae8e93) x29 0x47c424ca
core   0: 0x80000360 (0xc20d3f37) lui     t5, 0xc20d3
core   0: 3 0x80000360 (0xc20d3f37) x30 0xc20d3000
core   0: 0x80000364 (0x73df0f13) addi    t5, t5, 1853
core   0: 3 0x80000364 (0x73df0f13) x30 0xc20d373d
core   0: 0x80000368 (0x00004f81) c.li    t6, 0
core   0: 3 0x80000368 (0x4f81) x31 0x00000000
core   0: 0x8000036a (0x00022117) auipc   sp, 0x22
core   0: 3 0x8000036a (0x00022117) x2  0x8002236a
core   0: 0x8000036e (0xafa10113) addi    sp, sp, -1286
core   0: 3 0x8000036e (0xafa10113) x2  0x80021e64
core   0: 0x80000372 (0x90000537) lui     a0, 0x90000
core   0: 3 0x80000372 (0x90000537) x10 0x90000000
core   0: 0x80000376 (0x00001571) c.addi  a0, -4
core   0: 3 0x80000376 (0x1571) x10 0x8ffffffc
core   0: 0x80000378 (0x00004c81) c.li    s9, 0
core   0: 3 0x80000378 (0x4c81) x25 0x00000000
core   0: 0x8000037a (0x00000ca2) c.slli  s9, 8
core   0: 3 0x8000037a (0x0ca2) x25 0x00000000
core   0: 0x8000037c (0x000c8c93) mv      s9, s9
core   0: 3 0x8000037c (0x000c8c93) x25 0x00000000
core   0: 0x80000380 (0x01952023) sw      s9, 0(a0)
core   0: 3 0x80000380 (0x01952023) mem 0x8ffffffc 0x00000000
core   0: 0x80000384 (0x1690206f) j       pc + 0x2968
core   0: 3 0x80000384 (0x1690206f)
core   0: 0x80002cec (0x41d9db93) srai    s7, s3, 29
core   0: 3 0x80002cec (0x41d9db93) x23 0xfffffffc
core   0: 0x80002cf0 (0x00008556) c.mv    a0, s5
core   0: 3 0x80002cf0 (0x8556) x10 0x00000009
core   0: 0x80002cf2 (0x00000897) auipc   a7, 0x0
core   0: 3 0x80002cf2 (0x00000897) x17 0x80002cf2
core   0: 0x80002cf6 (0x2da88893) addi    a7, a7, 730
core   0: 3 0x80002cf6 (0x2da88893) x17 0x80002fcc
core   0: 0x80002cfa (0x0ff0000f) fence   iorw,iorw
core   0: 3 0x80002cfa (0x0ff0000f)
core   0: 0x80002cfe (0xc2788893) addi    a7, a7, -985
core   0: 3 0x80002cfe (0xc2788893) x17 0x80002bf3
core   0: 0x80002d02 (0x40b75933) sra     s2, a4, a1
core   0: 3 0x80002d02 (0x40b75933) x18 0xffff2f84
core   0: 0x80002d06 (0x015edbb3) srl     s7, t4, s5
core   0: 3 0x80002d06 (0x015edbb3) x23 0x0023e212
core   0: 0x80002d0a (0x0ff0000f) fence   iorw,iorw
core   0: 3 0x80002d0a (0x0ff0000f)
core   0: 0x80002d0e (0x3da88267) jalr    tp, a7, 986
core   0: 3 0x80002d0e (0x3da88267) x4  0x80002d12
core   0: 0x80002fcc (0x00000906) c.slli  s2, 1
core   0: 3 0x80002fcc (0x0906) x18 0xfffe5f08
core   0: 0x80002fce (0x009bf263) bgeu    s7, s1, pc + 4
core   0: 3 0x80002fce (0x009bf263)
core   0: 0x80002fd2 (0x00001101) c.addi  sp, -32
core   0: 3 0x80002fd2 (0x1101) x2  0x80021e44
core   0: 0x80002fd4 (0x340a7673) csrrci  a2, mscratch, 20
core   0: 3 0x80002fd4 (0x340a7673) x12 0x00000000 c832_mscratch 0x00000000
core   0: 0x80002fd8 (0x0000c212) c.swsp  tp, 4(sp)
core   0: 3 0x80002fd8 (0xc212) mem 0x80021e48 0x80002d12
core   0: 0x80002fda (0x03b0d1b3) divu    gp, ra, s11
core   0: 3 0x80002fda (0x03b0d1b3) x3  0x00000000
core   0: 0x80002fde (0x02454a33) div     s4, a0, tp
core   0: 3 0x80002fde (0x02454a33) x20 0x00000000
core   0: 0x80002fe2 (0x00008d31) c.xor   a0, a2
core   0: 3 0x80002fe2 (0x8d31) x10 0x00000009
core   0: 0x80002fe4 (0x01b78033) add     zero, a5, s11
core   0: 3 0x80002fe4 (0x01b78033)
core   0: 0x80002fe8 (0x00008771) c.srai  a4, 28
core   0: 3 0x80002fe8 (0x8771) x14 0xffffffff
core   0: 0x80002fea (0x01ce9563) bne     t4, t3, pc + 10
core   0: 3 0x80002fea (0x01ce9563)
core   0: 0x80002ff4 (0x1a60626f) jal     tp, pc + 0x61a6
core   0: 3 0x80002ff4 (0x1a60626f) x4  0x80002ff8
core   0: 0x8000919a (0x00fec3b3) xor     t2, t4, a5
core   0: 3 0x8000919a (0x00fec3b3) x7  0xc7c6782e
core   0: 0x8000919e (0x340e34f3) csrrc   s1, mscratch, t3
core   0: 3 0x8000919e (0x340e34f3) x9  0x00000000 c832_mscratch 0x00000000
core   0: 0x800091a2 (0x00046363) bltu    s0, zero, pc + 6
core   0: 3 0x800091a2 (0x00046363)
core   0: 0x800091a6 (0x00000001) c.nop
core   0: 3 0x800091a6 (0x0001)
core   0: 0x800091a8 (0xfd810113) addi    sp, sp, -40
core   0: 3 0x800091a8 (0xfd810113) x2  0x80021e1c
core   0: 0x800091ac (0x0000c212) c.swsp  tp, 4(sp)
core   0: 3 0x800091ac (0xc212) mem 0x80021e20 0x80002ff8
core   0: 0x800091ae (0x34006573) csrrsi  a0, mscratch, 0
core   0: 3 0x800091ae (0x34006573) x10 0x00000000
core   0: 0x800091b2 (0x02b80063) beq     a6, a1, pc + 32
core   0: 3 0x800091b2 (0x02b80063)
core   0: 0x800091b6 (0x033b0f63) beq     s6, s3, pc + 62
core   0: 3 0x800091b6 (0x033b0f63)
core   0: 0x800091ba (0x34002373) csrr    t1, mscratch
core   0: 3 0x800091ba (0x34002373) x6  0x00000000
core   0: 0x800091be (0x00008c0d) c.sub   s0, a1
core   0: 3 0x800091be (0x8c0d) x8  0x5862b759
core   0: 0x800091c0 (0x01dfda33) srl     s4, t6, t4
core   0: 3 0x800091c0 (0x01dfda33) x20 0x00000000
core   0: 0x800091c4 (0x03a06863) bltu    zero, s10, pc + 48
core   0: 3 0x800091c4 (0x03a06863)
core   0: 0x800091f4 (0x411a5913) srai    s2, s4, 17
core   0: 3 0x800091f4 (0x411a5913) x18 0x00000000
core   0: 0x800091f8 (0x0000e321) c.bnez  a4, pc + 64
core   0: 3 0x800091f8 (0xe321)
core   0: 0x80009238 (0x01d98db3) add     s11, s3, t4
core   0: 3 0x80009238 (0x01d98db3) x27 0xd8c473c5
core   0: 0x8000923c (0x032e0b63) beq     t3, s2, pc + 54
core   0: 3 0x8000923c (0x032e0b63)
core   0: 0x80009272 (0x0137c3b3) xor     t2, a5, s3
core   0: 3 0x80009272 (0x0137c3b3) x7  0x1102121f
core   0: 0x80009276 (0x0000862d) c.srai  a2, 11
core   0: 3 0x80009276 (0x862d) x12 0x00000000
core   0: 0x80009278 (0x00000001) c.nop
core   0: 3 0x80009278 (0x0001)
core   0: 0x8000927a (0x0165e5b3) or      a1, a1, s6
core   0: 3 0x8000927a (0x0165e5b3) x11 0xf1fbffeb
core   0: 0x8000927e (0x395c4917) auipc   s2, 0x395c4
core   0: 3 0x8000927e (0x395c4917) x18 0xb95cd27e
core   0: 0x80009282 (0x00008efd) c.and   a3, a5
core   0: 3 0x80009282 (0x8efd) x13 0x80025064
core   0: 0x80009284 (0x02189963) bne     a7, ra, pc + 50
core   0: 3 0x80009284 (0x02189963)
core   0: 0x800092b6 (0x027e4433) div     s0, t3, t2
core   0: 3 0x800092b6 (0x027e4433) x8  0x00000000
core   0: 0x800092ba (0x34045873) csrrwi  a6, mscratch, 8
core   0: 3 0x800092ba (0x34045873) x16 0x00000000 c832_mscratch 0x00000008
core   0: 0x800092be (0x00009afd) c.andi  a3, -1
core   0: 3 0x800092be (0x9afd) x13 0x80025064
core   0: 0x800092c0 (0x03bcbf33) mulhu   t5, s9, s11
core   0: 3 0x800092c0 (0x03bcbf33) x30 0x00000000
core   0: 0x800092c4 (0x00459933) sll     s2, a1, tp
core   0: 3 0x800092c4 (0x00459933) x18 0xeb000000
core   0: 0x800092c8 (0x0137dc63) bge     a5, s3, pc + 24
core   0: 3 0x800092c8 (0x0137dc63)
core   0: 0x800092cc (0x04fb9263) bne     s7, a5, pc + 68
core   0: 3 0x800092cc (0x04fb9263)
core   0: 0x80009310 (0x00899c33) sll     s8, s3, s0
core   0: 3 0x80009310 (0x00899c33) x24 0x91004efb
core   0: 0x80009314 (0x03b97733) remu    a4, s2, s11
core   0: 3 0x80009314 (0x03b97733) x14 0x123b8c3b
core   0: 0x80009318 (0x00af60b3) or      ra, t5, a0
core   0: 3 0x80009318 (0x00af60b3) x1  0x00000000
core   0: 0x8000931c (0x000003da) c.slli  t2, 22
core   0: 3 0x8000931c (0x03da) x7  0x87c00000
core   0: 0x8000931e (0x34082b73) csrrs   s6, mscratch, a6
core   0: 3 0x8000931e (0x34082b73) x22 0x00000008 c832_mscratch 0x00000008
core   0: 0x80009322 (0x34069973) csrrw   s2, mscratch, a3
core   0: 3 0x80009322 (0x34069973) x18 0x00000008 c832_mscratch 0x80025064
core   0: 0x80009326 (0x0000ed89) c.bnez  a1, pc + 26
core   0: 3 0x80009326 (0xed89)
core   0: 0x80009340 (0x00008f55) c.or    a4, a3
core   0: 3 0x80009340 (0x8f55) x14 0x923bdc7f
core   0: 0x80009342 (0x89582613) slti    a2, a6, -1899
core   0: 3 0x80009342 (0x89582613) x12 0x00000000
core   0: 0x80009346 (0x00000001) c.nop
core   0: 3 0x80009346 (0x0001)
core   0: 0x80009348 (0x00008cad) c.xor   s1, a1
core   0: 3 0x80009348 (0x8cad) x9  0xf1fbffeb
core   0: 0x8000934a (0x03bb5063) bge     s6, s11, pc + 32
core   0: 3 0x8000934a (0x03bb5063)
core   0: 0x8000936a (0x030d1bb3) mulh    s7, s10, a6
core   0: 3 0x8000936a (0x030d1bb3) x23 0x00000000
core   0: 0x8000936e (0x0000e029) c.bnez  s0, pc + 66
core   0: 3 0x8000936e (0xe029)
core   0: 0x80009370 (0x340953f3) csrrwi  t2, mscratch, 18
core   0: 3 0x80009370 (0x340953f3) x7  0x80025064 c832_mscratch 0x00000012
core   0: 0x80009374 (0x032d1f33) mulh    t5, s10, s2
core   0: 3 0x80009374 (0x032d1f33) x30 0xfffffffd
core   0: 0x80009378 (0x3401d273) csrrwi  tp, mscratch, 3
core   0: 3 0x80009378 (0x3401d273) x4  0x00000012 c832_mscratch 0x00000003
core   0: 0x8000937c (0x34003673) csrrc   a2, mscratch, zero
core   0: 3 0x8000937c (0x34003673) x12 0x00000003
core   0: 0x80009380 (0x00001ffd) c.addi  t6, -1
core   0: 3 0x80009380 (0x1ffd) x31 0xffffffff
core   0: 0x80009382 (0x00008e71) c.and   a2, a2
core   0: 3 0x80009382 (0x8e71) x12 0x00000003
core   0: 0x80009384 (0x0000cc95) c.beqz  s1, pc + 60
core   0: 3 0x80009384 (0xcc95)
core   0: 0x80009386 (0x00a01513) slli    a0, zero, 10
core   0: 3 0x80009386 (0x00a01513) x10 0x00000000
core   0: 0x8000938a (0x852db897) auipc   a7, 0x852db
core   0: 3 0x8000938a (0x852db897) x17 0x052e438a
core   0: 0x8000938e (0x00008161) c.srli  a0, 24
core   0: 3 0x8000938e (0x8161) x10 0x00000000
core   0: 0x80009390 (0x41ce0233) sub     tp, t3, t3
core   0: 3 0x80009390 (0x41ce0233) x4  0x00000000
core   0: 0x80009394 (0x0000892e) c.mv    s2, a1
core   0: 3 0x80009394 (0x892e) x18 0xf1fbffeb
core   0: 0x80009396 (0x0345f163) bgeu    a1, s4, pc + 34
core   0: 3 0x80009396 (0x0345f163)
core   0: 0x800093b8 (0x3c97c193) xori    gp, a5, 969
core   0: 3 0x800093b8 (0x3c97c193) x3  0x80025f2d
core   0: 0x800093bc (0x00e31393) slli    t2, t1, 14
core   0: 3 0x800093bc (0x00e31393) x7  0x00000000
core   0: 0x800093c0 (0x7bb64097) auipc   ra, 0x7bb64
core   0: 3 0x800093c0 (0x7bb64097) x1  0xfbb6d3c0
core   0: 0x800093c4 (0xbb620437) lui     s0, 0xbb620
core   0: 3 0x800093c4 (0xbb620437) x8  0xbb620000
core   0: 0x800093c8 (0x05af0463) beq     t5, s10, pc + 72
core   0: 3 0x800093c8 (0x05af0463)
core   0: 0x800093cc (0x01759233) sll     tp, a1, s7
core   0: 3 0x800093cc (0x01759233) x4  0xf1fbffeb
core   0: 0x800093d0 (0x00235213) srli    tp, t1, 2
core   0: 3 0x800093d0 (0x00235213) x4  0x00000000
core   0: 0x800093d4 (0x340060f3) csrrsi  ra, mscratch, 0
core   0: 3 0x800093d4 (0x340060f3) x1  0x00000003
core   0: 0x800093d8 (0x20191017) auipc   zero, 0x20191
core   0: 3 0x800093d8 (0x20191017)
core   0: 0x800093dc (0x025b30b3) mulhu   ra, s6, t0
core   0: 3 0x800093dc (0x025b30b3) x1  0x00000000
core   0: 0x800093e0 (0x40b55713) srai    a4, a0, 11
core   0: 3 0x800093e0 (0x40b55713) x14 0x00000000
core   0: 0x800093e4 (0x0000e715) c.bnez  a4, pc + 44
core   0: 3 0x800093e4 (0xe715)
core   0: 0x800093e6 (0x0182d213) srli    tp, t0, 24
core   0: 3 0x800093e6 (0x0182d213) x4  0x00000000
core   0: 0x800093ea (0x02100b63) beq     zero, ra, pc + 54
core   0: 3 0x800093ea (0x02100b63)
core   0: 0x80009420 (0x0231e9b3) rem     s3, gp, gp
core   0: 3 0x80009420 (0x0231e9b3) x19 0x00000000
core   0: 0x80009424 (0x3436c437) lui     s0, 0x3436c
core   0: 3 0x80009424 (0x3436c437) x8  0x3436c000
core   0: 0x80009428 (0x00008ca1) c.xor   s1, s0
core   0: 3 0x80009428 (0x8ca1) x9  0xc5cd3feb
core   0: 0x8000942a (0x008b7463) bgeu    s6, s0, pc + 8
core   0: 3 0x8000942a (0x008b7463)
core   0: 0x8000942e (0x00000c8d) c.addi  s9, 3
core   0: 3 0x8000942e (0x0c8d) x25 0x00000003
core   0: 0x80009430 (0x0000ee8d) c.bnez  a3, pc + 58
core   0: 3 0x80009430 (0xee8d)
core   0: 0x8000946a (0x000096be) c.add   a3, a5
core   0: 3 0x8000946a (0x96be) x13 0x0004ad48
core   0: 0x8000946c (0x017d48b3) xor     a7, s10, s7
core   0: 3 0x8000946c (0x017d48b3) x17 0xbde66303
core   0: 0x80009470 (0x34099073) csrw    mscratch, s3
core   0: 3 0x80009470 (0x34099073) c832_mscratch 0x00000000
core   0: 0x80009474 (0x00360833) add     a6, a2, gp
core   0: 3 0x80009474 (0x00360833) x16 0x80025f30
core   0: 0x80009478 (0x8a389417) auipc   s0, 0x8a389
core   0: 3 0x80009478 (0x8a389417) x8  0x0a392478
core   0: 0x8000947c (0x00db9d13) slli    s10, s7, 13
core   0: 3 0x8000947c (0x00db9d13) x26 0x00000000
core   0: 0x80009480 (0x34003573) csrrc   a0, mscratch, zero
core   0: 3 0x80009480 (0x34003573) x10 0x00000000
core   0: 0x80009484 (0x03402cb3) mulhsu  s9, zero, s4
core   0: 3 0x80009484 (0x03402cb3) x25 0x00000000
core   0: 0x80009488 (0x41a05a13) srai    s4, zero, 26
core   0: 3 0x80009488 (0x41a05a13) x20 0x00000000
core   0: 0x8000948c (0xc3fdfe13) andi    t3, s11, -961
core   0: 3 0x8000948c (0xc3fdfe13) x28 0xd8c47005
core   0: 0x80009490 (0x03b6d763) bge     a3, s11, pc + 46
core   0: 3 0x80009490 (0x03b6d763)
core   0: 0x800094be (0x7e907593) andi    a1, zero, 2025
core   0: 3 0x800094be (0x7e907593) x11 0x00000000
core   0: 0x800094c2 (0x023f73b3) remu    t2, t5, gp
core   0: 3 0x800094c2 (0x023f73b3) x7  0x7ffda0d0
core   0: 0x800094c6 (0x34007df3) csrrci  s11, mscratch, 0
core   0: 3 0x800094c6 (0x34007df3) x27 0x00000000
core   0: 0x800094ca (0x34003773) csrrc   a4, mscratch, zero
core   0: 3 0x800094ca (0x34003773) x14 0x00000000
core   0: 0x800094ce (0x038ad463) bge     s5, s8, pc + 40
core   0: 3 0x800094ce (0x038ad463)
core   0: 0x800094f6 (0x00004fb9) c.li    t6, 14
core   0: 3 0x800094f6 (0x4fb9) x31 0x0000000e
core   0: 0x800094f8 (0x3405ae73) csrrs   t3, mscratch, a1
core   0: 3 0x800094f8 (0x3405ae73) x28 0x00000000 c832_mscratch 0x00000000
core   0: 0x800094fc (0x340bdf73) csrrwi  t5, mscratch, 23
core   0: 3 0x800094fc (0x340bdf73) x30 0x00000000 c832_mscratch 0x00000017
core   0: 0x80009500 (0x010868b3) or      a7, a6, a6
core   0: 3 0x80009500 (0x010868b3) x17 0x80025f30
core   0: 0x80009504 (0x0354b8b3) mulhu   a7, s1, s5
core   0: 3 0x80009504 (0x0354b8b3) x17 0x00000006
core   0: 0x80009508 (0x340a5a73) csrrwi  s4, mscratch, 20
core   0: 3 0x80009508 (0x340a5a73) x20 0x00000017 c832_mscratch 0x00000014
core   0: 0x8000950c (0x015b5a13) srli    s4, s6, 21
core   0: 3 0x8000950c (0x015b5a13) x20 0x00000000
core   0: 0x80009510 (0x03249f33) mulh    t5, s1, s2
core   0: 3 0x80009510 (0x03249f33) x30 0x032faf50
core   0: 0x80009514 (0x018c9f63) bne     s9, s8, pc + 30
core   0: 3 0x80009514 (0x018c9f63)
core   0: 0x80009532 (0xff60afb7) lui     t6, 0xff60a
core   0: 3 0x80009532 (0xff60afb7) x31 0xff60a000
core   0: 0x80009536 (0x1dce8913) addi    s2, t4, 476
core   0: 3 0x80009536 (0x1dce8913) x18 0x47c426a6
core   0: 0x8000953a (0x0000e205) c.bnez  a2, pc + 32
core   0: 3 0x8000953a (0xe205)
core   0: 0x8000955a (0x00cede63) bge     t4, a2, pc + 28
core   0: 3 0x8000955a (0x00cede63)
core   0: 0x80009576 (0x00000001) c.nop
core   0: 3 0x80009576 (0x0001)
core   0: 0x80009578 (0x41de5893) srai    a7, t3, 29
core   0: 3 0x80009578 (0x41de5893) x17 0x00000000
core   0: 0x8000957c (0x02768033) mul     zero, a3, t2
core   0: 3 0x8000957c (0x02768033)
core   0: 0x80009580 (0x0000074e) c.slli  a4, 19
core   0: 3 0x80009580 (0x074e) x14 0x00000000
core   0: 0x80009582 (0x0000eb1d) c.bnez  a4, pc + 54
core   0: 3 0x80009582 (0xeb1d)
core   0: 0x80009584 (0x0000874a) c.mv    a4, s2
core   0: 3 0x80009584 (0x874a) x14 0x47c426a6
core   0: 0x80009586 (0x3405d773) csrrwi  a4, mscratch, 11
core   0: 3 0x80009586 (0x3405d773) x14 0x00000014 c832_mscratch 0x0000000b
core   0: 0x8000958a (0x0ff0000f) fence   iorw,iorw
core   0: 3 0x8000958a (0x0ff0000f)
core   0: 0x8000958e (0x414351b3) sra     gp, t1, s4
core   0: 3 0x8000958e (0x414351b3) x3  0x00000000
core   0: 0x80009592 (0x00eac963) blt     s5, a4, pc + 18
core   0: 3 0x80009592 (0x00eac963)
core   0: 0x800095a4 (0x018b16b3) sll     a3, s6, s8
core   0: 3 0x800095a4 (0x018b16b3) x13 0x40000000
core   0: 0x800095a8 (0x02b91633) mulh    a2, s2, a1
core   0: 3 0x800095a8 (0x02b91633) x12 0x00000000
core   0: 0x800095ac (0x013451b3) srl     gp, s0, s3
core   0: 3 0x800095ac (0x013451b3) x3  0x0a392478
core   0: 0x800095b0 (0x00008cad) c.xor   s1, a1
core   0: 3 0x800095b0 (0x8cad) x9  0xc5cd3feb
core   0: 0x800095b2 (0x00008c89) c.sub   s1, a0
core   0: 3 0x800095b2 (0x8c89) x9  0xc5cd3feb
core   0: 0x800095b4 (0xb830b037) lui     zero, 0xb830b
core   0: 3 0x800095b4 (0xb830b037)
core   0: 0x800095b8 (0x000080fd) c.srli  s1, 31
core   0: 3 0x800095b8 (0x80fd) x9  0x00000001
core   0: 0x800095ba (0x0000e60d) c.bnez  a2, pc + 42
core   0: 3 0x800095ba (0xe60d)
core   0: 0x800095bc (0x00008e45) c.or    a2, s1
core   0: 3 0x800095bc (0x8e45) x12 0x00000001
core   0: 0x800095be (0x0ff0000f) fence   iorw,iorw
core   0: 3 0x800095be (0x0ff0000f)
core   0: 0x800095c2 (0x03a84163) blt     a6, s10, pc + 34
core   0: 3 0x800095c2 (0x03a84163)
core   0: 0x800095e4 (0x34002bf3) csrr    s7, mscratch
core   0: 3 0x800095e4 (0x34002bf3) x23 0x0000000b
core   0: 0x800095e8 (0x0000ca05) c.beqz  a2, pc + 48
core   0: 3 0x800095e8 (0xca05)
core   0: 0x800095ea (0x6ef22717) auipc   a4, 0x6ef22
core   0: 3 0x800095ea (0x6ef22717) x14 0xeef2b5ea
core   0: 0x800095ee (0x006535b3) sltu    a1, a0, t1
core   0: 3 0x800095ee (0x006535b3) x11 0x00000000
core   0: 0x800095f2 (0x0252b2b3) mulhu   t0, t0, t0
core   0: 3 0x800095f2 (0x0252b2b3) x5  0x00000000
core   0: 0x800095f6 (0x034fd163) bge     t6, s4, pc + 34
core   0: 3 0x800095f6 (0x034fd163)
core   0: 0x800095fa (0x01f6a4b3) slt     s1, a3, t6
core   0: 3 0x800095fa (0x01f6a4b3) x9  0x00000000
core   0: 0x800095fe (0x03e5f663) bgeu    a1, t5, pc + 44
core   0: 3 0x800095fe (0x03e5f663)
core   0: 0x80009602 (0x340d7cf3) csrrci  s9, mscratch, 26
core   0: 3 0x80009602 (0x340d7cf3) x25 0x0000000b c832_mscratch 0x00000001
core   0: 0x80009606 (0x00008cf9) c.and   s1, a4
core   0: 3 0x80009606 (0x8cf9) x9  0x00000000
core   0: 0x80009608 (0x01819013) slli    zero, gp, 24
core   0: 3 0x80009608 (0x01819013)
core   0: 0x8000960c (0x0447d263) bge     a5, tp, pc + 68
core   0: 3 0x8000960c (0x0447d263)
core   0: 0x80009610 (0x034069b3) rem     s3, zero, s4
core   0: 3 0x80009610 (0x034069b3) x19 0x00000000
core   0: 0x80009614 (0x31934f13) xori    t5, t1, 793
core   0: 3 0x80009614 (0x31934f13) x30 0x00000319
core   0: 0x80009618 (0x02a74233) div     tp, a4, a0
core   0: 3 0x80009618 (0x02a74233) x4  0xffffffff
core   0: 0x8000961c (0x00008ee1) c.and   a3, s0
core   0: 3 0x8000961c (0x8ee1) x13 0x00000000
core   0: 0x8000961e (0x00e92d33) slt     s10, s2, a4
core   0: 3 0x8000961e (0x00e92d33) x26 0x00000000
core   0: 0x80009622 (0x0030d593) srli    a1, ra, 3
core   0: 3 0x80009622 (0x0030d593) x11 0x00000000
core   0: 0x80009626 (0x41025433) sra     s0, tp, a6
core   0: 3 0x80009626 (0x41025433) x8  0xffffffff
core   0: 0x8000962a (0xf39b8837) lui     a6, 0xf39b8
core   0: 3 0x8000962a (0xf39b8837) x16 0xf39b8000
core   0: 0x8000962e (0x0000ee05) c.bnez  a2, pc + 56
core   0: 3 0x8000962e (0xee05)
core   0: 0x80009666 (0xbcbd7d13) andi    s10, s10, -1077
core   0: 3 0x80009666 (0xbcbd7d13) x26 0x00000000
core   0: 0x8000966a (0x009c1093) slli    ra, s8, 9
core   0: 3 0x8000966a (0x009c1093) x1  0x009df600
core   0: 0x8000966e (0x404c0a33) sub     s4, s8, tp
core   0: 3 0x8000966e (0x404c0a33) x20 0x91004efc
core   0: 0x80009672 (0x0386f963) bgeu    a3, s8, pc + 50
core   0: 3 0x80009672 (0x0386f963)
core   0: 0x80009676 (0x02a04433) div     s0, zero, a0
core   0: 3 0x80009676 (0x02a04433) x8  0xffffffff
core   0: 0x8000967a (0x0000956e) c.add   a0, s11
core   0: 3 0x8000967a (0x956e) x10 0x00000000
core   0: 0x8000967c (0x59b80093) addi    ra, a6, 1435
core   0: 3 0x8000967c (0x59b80093) x1  0xf39b859b
core   0: 0x80009680 (0x34049e73) csrrw   t3, mscratch, s1
core   0: 3 0x80009680 (0x34049e73) x28 0x00000001 c832_mscratch 0x00000000
core   0: 0x80009684 (0x02fa7463) bgeu    s4, a5, pc + 40
core   0: 3 0x80009684 (0x02fa7463)
core   0: 0x800096ac (0x00000001) c.nop
core   0: 3 0x800096ac (0x0001)
core   0: 0x800096ae (0x038b4033) div     zero, s6, s8
core   0: 3 0x800096ae (0x038b4033)
core   0: 0x800096b2 (0x032554b3) divu    s1, a0, s2
core   0: 3 0x800096b2 (0x032554b3) x9  0x00000000
core   0: 0x800096b6 (0x035355b3) divu    a1, t1, s5
core   0: 3 0x800096b6 (0x035355b3) x11 0x00000000
core   0: 0x800096ba (0x00004d25) c.li    s10, 9
core   0: 3 0x800096ba (0x4d25) x26 0x00000009
core   0: 0x800096bc (0x00008ced) c.and   s1, a1
core   0: 3 0x800096bc (0x8ced) x9  0x00000000
core   0: 0x800096be (0x0000e095) c.bnez  s1, pc + 36
core   0: 3 0x800096be (0xe095)
core   0: 0x800096c0 (0x00000001) c.nop
core   0: 3 0x800096c0 (0x0001)
core   0: 0x800096c2 (0x00008d61) c.and   a0, s0
core   0: 3 0x800096c2 (0x8d61) x10 0x00000000
core   0: 0x800096c4 (0x01aed863) bge     t4, s10, pc + 16
core   0: 3 0x800096c4 (0x01aed863)
core   0: 0x800096d4 (0xce658b13) addi    s6, a1, -794
core   0: 3 0x800096d4 (0xce658b13) x22 0xfffffce6
core   0: 0x800096d8 (0x000080b9) c.srli  s1, 14
core   0: 3 0x800096d8 (0x80b9) x9  0x00000000
core   0: 0x800096da (0x0375c063) blt     a1, s7, pc + 32
core   0: 3 0x800096da (0x0375c063)
core   0: 0x800096fa (0x01c2acb3) slt     s9, t0, t3
core   0: 3 0x800096fa (0x01c2acb3) x25 0x00000001
core   0: 0x800096fe (0xa823e093) ori     ra, t2, -1406
core   0: 3 0x800096fe (0xa823e093) x1  0xfffffad2
core   0: 0x80009702 (0x00008e95) c.sub   a3, a3
core   0: 3 0x80009702 (0x8e95) x13 0x00000000
core   0: 0x80009704 (0x02c8db33) divu    s6, a7, a2
core   0: 3 0x80009704 (0x02c8db33) x22 0x00000000
core   0: 0x80009708 (0x6c1b9437) lui     s0, 0x6c1b9
core   0: 3 0x80009708 (0x6c1b9437) x8  0x6c1b9000
core   0: 0x8000970c (0x0018e8b3) or      a7, a7, ra
core   0: 3 0x8000970c (0x0018e8b3) x17 0xfffffad2
core   0: 0x80009710 (0x340d79f3) csrrci  s3, mscratch, 26
core   0: 3 0x80009710 (0x340d79f3) x19 0x00000000 c832_mscratch 0x00000000
core   0: 0x80009714 (0x410e5eb3) sra     t4, t3, a6
core   0: 3 0x80009714 (0x410e5eb3) x29 0x00000001
core   0: 0x80009718 (0x0000c29d) c.beqz  a3, pc + 38
core   0: 3 0x80009718 (0xc29d)
core   0: 0x8000973e (0x00008d65) c.and   a0, s1
core   0: 3 0x8000973e (0x8d65) x10 0x00000000
core   0: 0x80009740 (0x3408dd73) csrrwi  s10, mscratch, 17
core   0: 3 0x80009740 (0x3408dd73) x26 0x00000000 c832_mscratch 0x00000011
core   0: 0x80009744 (0x00000b5e) c.slli  s6, 23
core   0: 3 0x80009744 (0x0b5e) x22 0x00000000
core   0: 0x80009746 (0x00000001) c.nop
core   0: 3 0x80009746 (0x0001)
core   0: 0x80009748 (0x3409b6f3) csrrc   a3, mscratch, s3
core   0: 3 0x80009748 (0x3409b6f3) x13 0x00000011 c832_mscratch 0x00000011
core   0: 0x8000974c (0x02365363) bge     a2, gp, pc + 38
core   0: 3 0x8000974c (0x02365363)
core   0: 0x80009750 (0x054d4363) blt     s10, s4, pc + 70
core   0: 3 0x80009750 (0x054d4363)
core   0: 0x80009754 (0x40fed713) srai    a4, t4, 15
core   0: 3 0x80009754 (0x40fed713) x14 0x00000000
core   0: 0x80009758 (0x01781a33) sll     s4, a6, s7
core   0: 3 0x80009758 (0x01781a33) x20 0xdc000000
core   0: 0x8000975c (0x0322cfb3) div     t6, t0, s2
core   0: 3 0x8000975c (0x0322cfb3) x31 0x00000000
core   0: 0x80009760 (0x005c7e33) and     t3, s8, t0
core   0: 3 0x80009760 (0x005c7e33) x28 0x00000000
core   0: 0x80009764 (0x00000001) c.nop
core   0: 3 0x80009764 (0x0001)
core   0: 0x80009766 (0x03529863) bne     t0, s5, pc + 48
core   0: 3 0x80009766 (0x03529863)
core   0: 0x80009796 (0x03bdb633) mulhu   a2, s11, s11
core   0: 3 0x80009796 (0x03bdb633) x12 0x00000000
core   0: 0x8000979a (0x00008771) c.srai  a4, 28
core   0: 3 0x8000979a (0x8771) x14 0x00000000
core   0: 0x8000979c (0x0000984e) c.add   a6, s3
core   0: 3 0x8000979c (0x984e) x16 0xf39b8000
core   0: 0x8000979e (0x00008c49) c.or    s0, a0
core   0: 3 0x8000979e (0x8c49) x8  0x6c1b9000
core   0: 0x800097a0 (0x0f8b3913) sltiu   s2, s6, 248
core   0: 3 0x800097a0 (0x0f8b3913) x18 0x00000001
core   0: 0x800097a4 (0x012514b3) sll     s1, a0, s2
core   0: 3 0x800097a4 (0x012514b3) x9  0x00000000
core   0: 0x800097a8 (0x00a4e9b3) or      s3, s1, a0
core   0: 3 0x800097a8 (0x00a4e9b3) x19 0x00000000
core   0: 0x800097ac (0x00008f19) c.sub   a4, a4
core   0: 3 0x800097ac (0x8f19) x14 0x00000000
core   0: 0x800097ae (0x02ee8163) beq     t4, a4, pc + 34
core   0: 3 0x800097ae (0x02ee8163)
core   0: 0x800097b2 (0x00008c6d) c.and   s0, a1
core   0: 3 0x800097b2 (0x8c6d) x8  0x00000000
core   0: 0x800097b4 (0x0332f1b3) remu    gp, t0, s3
core   0: 3 0x800097b4 (0x0332f1b3) x3  0x00000000
core   0: 0x800097b8 (0x00d293b3) sll     t2, t0, a3
core   0: 3 0x800097b8 (0x00d293b3) x7  0x00000000
core   0: 0x800097bc (0x020292b3) mulh    t0, t0, zero
core   0: 3 0x800097bc (0x020292b3) x5  0x00000000
core   0: 0x800097c0 (0x34002573) csrr    a0, mscratch
core   0: 3 0x800097c0 (0x34002573) x10 0x00000011
core   0: 0x800097c4 (0x037d0d33) mul     s10, s10, s7
core   0: 3 0x800097c4 (0x037d0d33) x26 0x00000000
core   0: 0x800097c8 (0x0248f563) bgeu    a7, tp, pc + 42
core   0: 3 0x800097c8 (0x0248f563)
core   0: 0x800097cc (0x3b6d3393) sltiu   t2, s10, 950
core   0: 3 0x800097cc (0x3b6d3393) x7  0x00000001
core   0: 0x800097d0 (0x0149d2b3) srl     t0, s3, s4
core   0: 3 0x800097d0 (0x0149d2b3) x5  0x00000000
core   0: 0x800097d4 (0x01a018b3) sll     a7, zero, s10
core   0: 3 0x800097d4 (0x01a018b3) x17 0x00000000
core   0: 0x800097d8 (0x00008ef9) c.and   a3, a4
core   0: 3 0x800097d8 (0x8ef9) x13 0x00000000
core   0: 0x800097da (0xd1362493) slti    s1, a2, -749
core   0: 3 0x800097da (0xd1362493) x9  0x00000000
core   0: 0x800097de (0x03a602b3) mul     t0, a2, s10
core   0: 3 0x800097de (0x03a602b3) x5  0x00000000
core   0: 0x800097e2 (0x01c87863) bgeu    a6, t3, pc + 16
core   0: 3 0x800097e2 (0x01c87863)
core   0: 0x800097f2 (0x00a368b3) or      a7, t1, a0
core   0: 3 0x800097f2 (0x00a368b3) x17 0x00000011
core   0: 0x800097f6 (0x000069dd) c.lui   s3, 0x17
core   0: 3 0x800097f6 (0x69dd) x19 0x00017000
core   0: 0x800097f8 (0x01017b33) and     s6, sp, a6
core   0: 3 0x800097f8 (0x01017b33) x22 0x80020000
core   0: 0x800097fc (0x00009ef6) c.add   t4, t4
core   0: 3 0x800097fc (0x9ef6) x29 0x00000002
core   0: 0x800097fe (0x34001cf3) csrrw   s9, mscratch, zero
core   0: 3 0x800097fe (0x34001cf3) x25 0x00000011 c832_mscratch 0x00000000
core   0: 0x80009802 (0x00329963) bne     t0, gp, pc + 18
core   0: 3 0x80009802 (0x00329963)
core   0: 0x80009806 (0x400ad713) srai    a4, s5, 0
core   0: 3 0x80009806 (0x400ad713) x14 0x00000009
core   0: 0x8000980a (0x417d8833) sub     a6, s11, s7
core   0: 3 0x8000980a (0x417d8833) x16 0xfffffff5
core   0: 0x8000980e (0x00000442) c.slli  s0, 16
core   0: 3 0x8000980e (0x0442) x8  0x00000000
core   0: 0x80009810 (0x16db7993) andi    s3, s6, 365
core   0: 3 0x80009810 (0x16db7993) x19 0x00000000
core   0: 0x80009814 (0x0000ec01) c.bnez  s0, pc + 24
core   0: 3 0x80009814 (0xec01)
core   0: 0x80009816 (0x00008c35) c.xor   s0, a3
core   0: 3 0x80009816 (0x8c35) x8  0x00000000
core   0: 0x80009818 (0x01d11e13) slli    t3, sp, 29
core   0: 3 0x80009818 (0x01d11e13) x28 0x80000000
core   0: 0x8000981c (0x34007e73) csrrci  t3, mscratch, 0
core   0: 3 0x8000981c (0x34007e73) x28 0x00000000
core   0: 0x80009820 (0x018d55b3) srl     a1, s10, s8
core   0: 3 0x80009820 (0x018d55b3) x11 0x00000000
core   0: 0x80009824 (0x0147b4b3) sltu    s1, a5, s4
core   0: 3 0x80009824 (0x0147b4b3) x9  0x00000001
core   0: 0x80009828 (0xf3d92813) slti    a6, s2, -195
core   0: 3 0x80009828 (0xf3d92813) x16 0x00000000
core   0: 0x8000982c (0x0000100f) fence.i
core   0: 3 0x8000982c (0x0000100f)
core   0: 0x80009830 (0x0000c80d) c.beqz  s0, pc + 50
core   0: 3 0x80009830 (0xc80d)
core   0: 0x80009862 (0x00008e85) c.sub   a3, s1
core   0: 3 0x80009862 (0x8e85) x13 0xffffffff
core   0: 0x80009864 (0x00008ec9) c.or    a3, a0
core   0: 3 0x80009864 (0x8ec9) x13 0xffffffff
core   0: 0x80009866 (0x0000100f) fence.i
core   0: 3 0x80009866 (0x0000100f)
core   0: 0x8000986a (0x011858b3) srl     a7, a6, a7
core   0: 3 0x8000986a (0x011858b3) x17 0x00000000
core   0: 0x8000986e (0x00008df9) c.and   a1, a4
core   0: 3 0x8000986e (0x8df9) x11 0x00000000
core   0: 0x80009870 (0x0000ed85) c.bnez  a1, pc + 56
core   0: 3 0x80009870 (0xed85)
core   0: 0x80009872 (0x340d51f3) csrrwi  gp, mscratch, 26
core   0: 3 0x80009872 (0x340d51f3) x3  0x00000000 c832_mscratch 0x0000001a
core   0: 0x80009876 (0x01177bb3) and     s7, a4, a7
core   0: 3 0x80009876 (0x01177bb3) x23 0x00000000
core   0: 0x8000987a (0x0206ae33) mulhsu  t3, a3, zero
core   0: 3 0x8000987a (0x0206ae33) x28 0x00000000
core   0: 0x8000987e (0x340074f3) csrrci  s1, mscratch, 0
core   0: 3 0x8000987e (0x340074f3) x9  0x0000001a
core   0: 0x80009882 (0x0026db63) bge     a3, sp, pc + 22
core   0: 3 0x80009882 (0x0026db63)
core   0: 0x80009898 (0x000014fd) c.addi  s1, -1
core   0: 3 0x80009898 (0x14fd) x9  0x00000019
core   0: 0x8000989a (0x008d13b3) sll     t2, s10, s0
core   0: 3 0x8000989a (0x008d13b3) x7  0x00000000
core   0: 0x8000989e (0x00001ffd) c.addi  t6, -1
core   0: 3 0x8000989e (0x1ffd) x31 0xffffffff
core   0: 0x800098a0 (0x0000966e) c.add   a2, s11
core   0: 3 0x800098a0 (0x966e) x12 0x00000000
core   0: 0x800098a2 (0x00008045) c.srli  s0, 17
core   0: 3 0x800098a2 (0x8045) x8  0x00000000
core   0: 0x800098a4 (0x03c714b3) mulh    s1, a4, t3
core   0: 3 0x800098a4 (0x03c714b3) x9  0x00000000
core   0: 0x800098a8 (0x0000100f) fence.i
core   0: 3 0x800098a8 (0x0000100f)
core   0: 0x800098ac (0x000090fe) c.add   ra, t6
core   0: 3 0x800098ac (0x90fe) x1  0xfffffad1
core   0: 0x800098ae (0x00000001) c.nop
core   0: 3 0x800098ae (0x0001)
core   0: 0x800098b0 (0x00000001) c.nop
core   0: 3 0x800098b0 (0x0001)
core   0: 0x800098b2 (0x0386f233) remu    tp, a3, s8
core   0: 3 0x800098b2 (0x0386f233) x4  0x6effb104
core   0: 0x800098b6 (0xea14b193) sltiu   gp, s1, -351
core   0: 3 0x800098b6 (0xea14b193) x3  0x00000001
core   0: 0x800098ba (0x031bce33) div     t3, s7, a7
core   0: 3 0x800098ba (0x031bce33) x28 0xffffffff
core   0: 0x800098be (0x34052973) csrrs   s2, mscratch, a0
core   0: 3 0x800098be (0x34052973) x18 0x0000001a c832_mscratch 0x0000001b
core   0: 0x800098c2 (0x0373e013) ori     zero, t2, 55
core   0: 3 0x800098c2 (0x0373e013)
core   0: 0x800098c6 (0x011783b3) add     t2, a5, a7
core   0: 3 0x800098c6 (0x011783b3) x7  0x80025ce4
core   0: 0x800098ca (0x73436193) ori     gp, t1, 1844
core   0: 3 0x800098ca (0x73436193) x3  0x00000734
core   0: 0x800098ce (0x005d3db3) sltu    s11, s10, t0
core   0: 3 0x800098ce (0x005d3db3) x27 0x00000000
core   0: 0x800098d2 (0x00008622) c.mv    a2, s0
core   0: 3 0x800098d2 (0x8622) x12 0x00000000
core   0: 0x800098d4 (0x00000b26) c.slli  s6, 9
core   0: 3 0x800098d4 (0x0b26) x22 0x04000000
core   0: 0x800098d6 (0x340b3973) csrrc   s2, mscratch, s6
core   0: 3 0x800098d6 (0x340b3973) x18 0x0000001b c832_mscratch 0x0000001b
core   0: 0x800098da (0x02619eb3) mulh    t4, gp, t1
core   0: 3 0x800098da (0x02619eb3) x29 0x00000000
core   0: 0x800098de (0x031a3833) mulhu   a6, s4, a7
core   0: 3 0x800098de (0x031a3833) x16 0x00000000
core   0: 0x800098e2 (0x340ff1f3) csrrci  gp, mscratch, 31
core   0: 3 0x800098e2 (0x340ff1f3) x3  0x0000001b c832_mscratch 0x00000000
core   0: 0x800098e6 (0x016fc433) xor     s0, t6, s6
core   0: 3 0x800098e6 (0x016fc433) x8  0xfbffffff
core   0: 0x800098ea (0x00a54033) xor     zero, a0, a0
core   0: 3 0x800098ea (0x00a54033)
core   0: 0x800098ee (0x000b1f13) slli    t5, s6, 0
core   0: 3 0x800098ee (0x000b1f13) x30 0x04000000
core   0: 0x800098f2 (0x0000077d) c.addi  a4, 31
core   0: 3 0x800098f2 (0x077d) x14 0x00000028
core   0: 0x800098f4 (0x02eaf6b3) remu    a3, s5, a4
core   0: 3 0x800098f4 (0x02eaf6b3) x13 0x00000009
core   0: 0x800098f8 (0x00008145) c.srli  a0, 17
core   0: 3 0x800098f8 (0x8145) x10 0x00000000
core   0: 0x800098fa (0x02871db3) mulh    s11, a4, s0
core   0: 3 0x800098fa (0x02871db3) x27 0xffffffff
core   0: 0x800098fe (0x02fecf33) div     t5, t4, a5
core   0: 3 0x800098fe (0x02fecf33) x30 0x00000000
core   0: 0x80009902 (0x417480b3) sub     ra, s1, s7
core   0: 3 0x80009902 (0x417480b3) x1  0x00000000
core   0: 0x80009906 (0x000002d6) c.slli  t0, 21
core   0: 3 0x80009906 (0x02d6) x5  0x00000000
core   0: 0x80009908 (0x340071f3) csrrci  gp, mscratch, 0
core   0: 3 0x80009908 (0x340071f3) x3  0x00000000
core   0: 0x8000990c (0x01461993) slli    s3, a2, 20
core   0: 3 0x8000990c (0x01461993) x19 0x00000000
core   0: 0x80009910 (0x025c88b3) mul     a7, s9, t0
core   0: 3 0x80009910 (0x025c88b3) x17 0x00000000
core   0: 0x80009914 (0x0000c1a9) c.beqz  a1, pc + 66
core   0: 3 0x80009914 (0xc1a9)
core   0: 0x80009956 (0x41dd5e93) srai    t4, s10, 29
core   0: 3 0x80009956 (0x41dd5e93) x29 0x00000000
core   0: 0x8000995a (0x00ed1313) slli    t1, s10, 14
core   0: 3 0x8000995a (0x00ed1313) x6  0x00000000
core   0: 0x8000995e (0xcae17193) andi    gp, sp, -850
core   0: 3 0x8000995e (0xcae17193) x3  0x80021c0c
core   0: 0x80009962 (0x005a8633) add     a2, s5, t0
core   0: 3 0x80009962 (0x005a8633) x12 0x00000009
core   0: 0x80009966 (0x032ca1b3) mulhsu  gp, s9, s2
core   0: 3 0x80009966 (0x032ca1b3) x3  0x00000000
core   0: 0x8000996a (0x340030f3) csrrc   ra, mscratch, zero
core   0: 3 0x8000996a (0x340030f3) x1  0x00000000
core   0: 0x8000996e (0x408d0233) sub     tp, s10, s0
core   0: 3 0x8000996e (0x408d0233) x4  0x04000001
core   0: 0x80009972 (0x01045213) srli    tp, s0, 16
core   0: 3 0x80009972 (0x01045213) x4  0x0000fbff
core   0: 0x80009976 (0x340c7d73) csrrci  s10, mscratch, 24
core   0: 3 0x80009976 (0x340c7d73) x26 0x00000000 c832_mscratch 0x00000000
core   0: 0x8000997a (0x41815593) srai    a1, sp, 24
core   0: 3 0x8000997a (0x41815593) x11 0xffffff80
core   0: 0x8000997e (0xa62b3413) sltiu   s0, s6, -1438
core   0: 3 0x8000997e (0xa62b3413) x8  0x00000001
core   0: 0x80009982 (0x000085bd) c.srai  a1, 15
core   0: 3 0x80009982 (0x85bd) x11 0xffffffff
core   0: 0x80009984 (0x015a5213) srli    tp, s4, 21
core   0: 3 0x80009984 (0x015a5213) x4  0x000006e0
core   0: 0x80009988 (0x00775533) srl     a0, a4, t2
core   0: 3 0x80009988 (0x00775533) x10 0x00000002
core   0: 0x8000998c (0x00000001) c.nop
core   0: 3 0x8000998c (0x0001)
core   0: 0x8000998e (0xdde0b013) sltiu   zero, ra, -546
core   0: 3 0x8000998e (0xdde0b013)
core   0: 0x80009992 (0x00008039) c.srli  s0, 14
core   0: 3 0x80009992 (0x8039) x8  0x00000000
core   0: 0x80009994 (0x027eefb3) rem     t6, t4, t2
core   0: 3 0x80009994 (0x027eefb3) x31 0x00000000
core   0: 0x80009998 (0x000016fd) c.addi  a3, -1
core   0: 3 0x80009998 (0x16fd) x13 0x00000008
core   0: 0x8000999a (0x00008f7d) c.and   a4, a5
core   0: 3 0x8000999a (0x8f7d) x14 0x00000020
core   0: 0x8000999c (0xf4206f13) ori     t5, zero, -190
core   0: 3 0x8000999c (0xf4206f13) x30 0xffffff42
core   0: 0x800099a0 (0x03008563) beq     ra, a6, pc + 42
core   0: 3 0x800099a0 (0x03008563)
core   0: 0x800099ca (0x03685a63) bge     a6, s6, pc + 52
core   0: 3 0x800099ca (0x03685a63)
core   0: 0x800099ce (0x02f75d63) bge     a4, a5, pc + 58
core   0: 3 0x800099ce (0x02f75d63)
core   0: 0x80009a08 (0x0000100f) fence.i
core   0: 3 0x80009a08 (0x0000100f)
core   0: 0x80009a0c (0x0000464d) c.li    a2, 19
core   0: 3 0x80009a0c (0x464d) x12 0x00000013
core   0: 0x80009a0e (0x004fdf93) srli    t6, t6, 4
core   0: 3 0x80009a0e (0x004fdf93) x31 0x00000000
core   0: 0x80009a12 (0x7c443b13) sltiu   s6, s0, 1988
core   0: 3 0x80009a12 (0x7c443b13) x22 0x00000001
core   0: 0x80009a16 (0x026d23b3) mulhsu  t2, s10, t1
core   0: 3 0x80009a16 (0x026d23b3) x7  0x00000000
core   0: 0x80009a1a (0x34006373) csrrsi  t1, mscratch, 0
core   0: 3 0x80009a1a (0x34006373) x6  0x00000000
core   0: 0x80009a1e (0x00008dc1) c.or    a1, s0
core   0: 3 0x80009a1e (0x8dc1) x11 0xffffffff
core   0: 0x80009a20 (0x02b79663) bne     a5, a1, pc + 44
core   0: 3 0x80009a20 (0x02b79663)
core   0: 0x80009a4c (0x00241493) slli    s1, s0, 2
core   0: 3 0x80009a4c (0x00241493) x9  0x00000000
core   0: 0x80009a50 (0x407fde93) srai    t4, t6, 7
core   0: 3 0x80009a50 (0x407fde93) x29 0x00000000
core   0: 0x80009a54 (0x01ab8c33) add     s8, s7, s10
core   0: 3 0x80009a54 (0x01ab8c33) x24 0x00000000
core   0: 0x80009a58 (0x00008efd) c.and   a3, a5
core   0: 3 0x80009a58 (0x8efd) x13 0x00000000
core   0: 0x80009a5a (0xb792fc13) andi    s8, t0, -1159
core   0: 3 0x80009a5a (0xb792fc13) x24 0x00000000
core   0: 0x80009a5e (0x01163333) sltu    t1, a2, a7
core   0: 3 0x80009a5e (0x01163333) x6  0x00000000
core   0: 0x80009a62 (0x0000567d) c.li    a2, -1
core   0: 3 0x80009a62 (0x567d) x12 0xffffffff
core   0: 0x80009a64 (0x00d15433) srl     s0, sp, a3
core   0: 3 0x80009a64 (0x00d15433) x8  0x80021e1c
core   0: 0x80009a68 (0x00008ced) c.and   s1, a1
core   0: 3 0x80009a68 (0x8ced) x9  0x00000000
core   0: 0x80009a6a (0x00000001) c.nop
core   0: 3 0x80009a6a (0x0001)
core   0: 0x80009a6c (0x026ae463) bltu    s5, t1, pc + 40
core   0: 3 0x80009a6c (0x026ae463)
core   0: 0x80009a70 (0x035d74b3) remu    s1, s10, s5
core   0: 3 0x80009a70 (0x035d74b3) x9  0x00000000
core   0: 0x80009a74 (0x0000100f) fence.i
core   0: 3 0x80009a74 (0x0000100f)
core   0: 0x80009a78 (0x006b43b3) xor     t2, s6, t1
core   0: 3 0x80009a78 (0x006b43b3) x7  0x00000001
core   0: 0x80009a7c (0x00cd9e33) sll     t3, s11, a2
core   0: 3 0x80009a7c (0x00cd9e33) x28 0x80000000
core   0: 0x80009a80 (0x01674533) xor     a0, a4, s6
core   0: 3 0x80009a80 (0x01674533) x10 0x00000021
core   0: 0x80009a84 (0x0000100f) fence.i
core   0: 3 0x80009a84 (0x0000100f)
core   0: 0x80009a88 (0x34002ff3) csrr    t6, mscratch
core   0: 3 0x80009a88 (0x34002ff3) x31 0x00000000
core   0: 0x80009a8c (0x6d98c813) xori    a6, a7, 1753
core   0: 3 0x80009a8c (0x6d98c813) x16 0x000006d9
core   0: 0x80009a90 (0x9656efb7) lui     t6, 0x9656e
core   0: 3 0x80009a90 (0x9656efb7) x31 0x9656e000
core   0: 0x80009a94 (0x6197c693) xori    a3, a5, 1561
core   0: 3 0x80009a94 (0x6197c693) x13 0x80025afd
core   0: 0x80009a98 (0x340d7773) csrrci  a4, mscratch, 26
core   0: 3 0x80009a98 (0x340d7773) x14 0x00000000 c832_mscratch 0x00000000
core   0: 0x80009a9c (0x03441433) mulh    s0, s0, s4
core   0: 3 0x80009a9c (0x03441433) x8  0x11ffb3c4
core   0: 0x80009aa0 (0x00065693) srli    a3, a2, 0
core   0: 3 0x80009aa0 (0x00065693) x13 0xffffffff
core   0: 0x80009aa4 (0x02431cb3) mulh    s9, t1, tp
core   0: 3 0x80009aa4 (0x02431cb3) x25 0x00000000
core   0: 0x80009aa8 (0x03893a33) mulhu   s4, s2, s8
core   0: 3 0x80009aa8 (0x03893a33) x20 0x00000000
core   0: 0x80009aac (0x0185dd33) srl     s10, a1, s8
core   0: 3 0x80009aac (0x0185dd33) x26 0xffffffff
core   0: 0x80009ab0 (0x027a7833) remu    a6, s4, t2
core   0: 3 0x80009ab0 (0x027a7833) x16 0x00000000
core   0: 0x80009ab4 (0x01f39193) slli    gp, t2, 31
core   0: 3 0x80009ab4 (0x01f39193) x3  0x80000000
core   0: 0x80009ab8 (0x00008dc5) c.or    a1, s1
core   0: 3 0x80009ab8 (0x8dc5) x11 0xffffffff
core   0: 0x80009aba (0x00de78b3) and     a7, t3, a3
core   0: 3 0x80009aba (0x00de78b3) x17 0x80000000
core   0: 0x80009abe (0x000098b2) c.add   a7, a2
core   0: 3 0x80009abe (0x98b2) x17 0x7fffffff
core   0: 0x80009ac0 (0x01e40a33) add     s4, s0, t5
core   0: 3 0x80009ac0 (0x01e40a33) x20 0x11ffb306
core   0: 0x80009ac4 (0x41155c13) srai    s8, a0, 17
core   0: 3 0x80009ac4 (0x41155c13) x24 0x00000000
core   0: 0x80009ac8 (0x34007d73) csrrci  s10, mscratch, 0
core   0: 3 0x80009ac8 (0x34007d73) x26 0x00000000
core   0: 0x80009acc (0x020116b3) mulh    a3, sp, zero
core   0: 3 0x80009acc (0x020116b3) x13 0x00000000
core   0: 0x80009ad0 (0x340a9f73) csrrw   t5, mscratch, s5
core   0: 3 0x80009ad0 (0x340a9f73) x30 0x00000000 c832_mscratch 0x00000009
core   0: 0x80009ad4 (0x051c0263) beq     s8, a7, pc + 68
core   0: 3 0x80009ad4 (0x051c0263)
core   0: 0x80009ad8 (0x02b1eb33) rem     s6, gp, a1
core   0: 3 0x80009ad8 (0x02b1eb33) x22 0x00000000
core   0: 0x80009adc (0x408ddc93) srai    s9, s11, 8
core   0: 3 0x80009adc (0x408ddc93) x25 0xffffffff
core   0: 0x80009ae0 (0xc3567613) andi    a2, a2, -971
core   0: 3 0x80009ae0 (0xc3567613) x12 0xfffffc35
core   0: 0x80009ae4 (0x01ce80b3) add     ra, t4, t3
core   0: 3 0x80009ae4 (0x01ce80b3) x1  0x80000000
core   0: 0x80009ae8 (0x035f2bb3) mulhsu  s7, t5, s5
core   0: 3 0x80009ae8 (0x035f2bb3) x23 0x00000000
core   0: 0x80009aec (0x03061e33) mulh    t3, a2, a6
core   0: 3 0x80009aec (0x03061e33) x28 0x00000000
core   0: 0x80009af0 (0x00008edd) c.or    a3, a5
core   0: 3 0x80009af0 (0x8edd) x13 0x80025ce4
core   0: 0x80009af2 (0x0304d163) bge     s1, a6, pc + 34
core   0: 3 0x80009af2 (0x0304d163)
core   0: 0x80009b14 (0x0271ae33) mulhsu  t3, gp, t2
core   0: 3 0x80009b14 (0x0271ae33) x28 0xffffffff
core   0: 0x80009b18 (0x00000001) c.nop
core   0: 3 0x80009b18 (0x0001)
core   0: 0x80009b1a (0x34085573) csrrwi  a0, mscratch, 16
core   0: 3 0x80009b1a (0x34085573) x10 0x00000009 c832_mscratch 0x00000010
core   0: 0x80009b1e (0x02da4bb3) div     s7, s4, a3
core   0: 3 0x80009b1e (0x02da4bb3) x23 0x00000000
core   0: 0x80009b22 (0x00008f2d) c.xor   a4, a1
core   0: 3 0x80009b22 (0x8f2d) x14 0xffffffff
core   0: 0x80009b24 (0x408dd933) sra     s2, s11, s0
core   0: 3 0x80009b24 (0x408dd933) x18 0xffffffff
core   0: 0x80009b28 (0x4164d593) srai    a1, s1, 22
core   0: 3 0x80009b28 (0x4164d593) x11 0x00000000
core   0: 0x80009b2c (0x02a5f963) bgeu    a1, a0, pc + 50
core   0: 3 0x80009b2c (0x02a5f963)
core   0: 0x80009b30 (0x00008425) c.srai  s0, 9
core   0: 3 0x80009b30 (0x8425) x8  0x0008ffd9
core   0: 0x80009b32 (0x93964f17) auipc   t5, 0x93964
core   0: 3 0x80009b32 (0x93964f17) x30 0x1396db32
core   0: 0x80009b36 (0x02d9e4b3) rem     s1, s3, a3
core   0: 3 0x80009b36 (0x02d9e4b3) x9  0x00000000
core   0: 0x80009b3a (0x41f1de33) sra     t3, gp, t6
core   0: 3 0x80009b3a (0x41f1de33) x28 0x80000000
core   0: 0x80009b3e (0x000058fd) c.li    a7, -1
core   0: 3 0x80009b3e (0x58fd) x17 0xffffffff
core   0: 0x80009b40 (0x00428533) add     a0, t0, tp
core   0: 3 0x80009b40 (0x00428533) x10 0x000006e0
core   0: 0x80009b44 (0x01c76f63) bltu    a4, t3, pc + 30
core   0: 3 0x80009b44 (0x01c76f63)
core   0: 0x80009b48 (0x0000e129) c.bnez  a0, pc + 66
core   0: 3 0x80009b48 (0xe129)
core   0: 0x80009b8a (0x01747bb3) and     s7, s0, s7
core   0: 3 0x80009b8a (0x01747bb3) x23 0x00000000
core   0: 0x80009b8e (0x022b6363) bltu    s6, sp, pc + 38
core   0: 3 0x80009b8e (0x022b6363)
core   0: 0x80009bb4 (0x4d90b313) sltiu   t1, ra, 1241
core   0: 3 0x80009bb4 (0x4d90b313) x6  0x00000000
core   0: 0x80009bb8 (0x0000e515) c.bnez  a0, pc + 44
core   0: 3 0x80009bb8 (0xe515)
core   0: 0x80009be4 (0x34002373) csrr    t1, mscratch
core   0: 3 0x80009be4 (0x34002373) x6  0x00000010
core   0: 0x80009be8 (0x02f3de63) bge     t2, a5, pc + 60
core   0: 3 0x80009be8 (0x02f3de63)
core   0: 0x80009c24 (0x00000001) c.nop
core   0: 3 0x80009c24 (0x0001)
core   0: 0x80009c26 (0x00008d61) c.and   a0, s0
core   0: 3 0x80009c26 (0x8d61) x10 0x000006c0
core   0: 0x80009c28 (0x0000177d) c.addi  a4, -1
core   0: 3 0x80009c28 (0x177d) x14 0xfffffffe
core   0: 0x80009c2a (0x022e9233) mulh    tp, t4, sp
core   0: 3 0x80009c2a (0x022e9233) x4  0x00000000
core   0: 0x80009c2e (0x340c9773) csrrw   a4, mscratch, s9
core   0: 3 0x80009c2e (0x340c9773) x14 0x00000010 c832_mscratch 0xffffffff
core   0: 0x80009c32 (0x00008d01) c.sub   a0, s0
core   0: 3 0x80009c32 (0x8d01) x10 0xfff706e7
core   0: 0x80009c34 (0x01bf8f33) add     t5, t6, s11
core   0: 3 0x80009c34 (0x01bf8f33) x30 0x9656dfff
core   0: 0x80009c38 (0x00189c13) slli    s8, a7, 1
core   0: 3 0x80009c38 (0x00189c13) x24 0xfffffffe
core   0: 0x80009c3c (0x011c8663) beq     s9, a7, pc + 12
core   0: 3 0x80009c3c (0x011c8663)
core   0: 0x80009c48 (0x860c4613) xori    a2, s8, -1952
core   0: 3 0x80009c48 (0x860c4613) x12 0x0000079e
core   0: 0x80009c4c (0x0000100f) fence.i
core   0: 3 0x80009c4c (0x0000100f)
core   0: 0x80009c50 (0x0072e9b3) or      s3, t0, t2
core   0: 3 0x80009c50 (0x0072e9b3) x19 0x00000001
core   0: 0x80009c54 (0x7a24f713) andi    a4, s1, 1954
core   0: 3 0x80009c54 (0x7a24f713) x14 0x00000000
core   0: 0x80009c58 (0x000000a2) c.slli  ra, 8
core   0: 3 0x80009c58 (0x00a2) x1  0x00000000
core   0: 0x80009c5a (0x0328fa63) bgeu    a7, s2, pc + 52
core   0: 3 0x80009c5a (0x0328fa63)
core   0: 0x80009c8e (0x01c46433) or      s0, s0, t3
core   0: 3 0x80009c8e (0x01c46433) x8  0x8008ffd9
core   0: 0x80009c92 (0x01b39833) sll     a6, t2, s11
core   0: 3 0x80009c92 (0x01b39833) x16 0x80000000
core   0: 0x80009c96 (0x03ccf6b3) remu    a3, s9, t3
core   0: 3 0x80009c96 (0x03ccf6b3) x13 0x7fffffff
core   0: 0x80009c9a (0x00bf8013) addi    zero, t6, 11
core   0: 3 0x80009c9a (0x00bf8013)
core   0: 0x80009c9e (0x000096be) c.add   a3, a5
core   0: 3 0x80009c9e (0x96be) x13 0x00025ce3
core   0: 0x80009ca0 (0x03816763) bltu    sp, s8, pc + 46
core   0: 3 0x80009ca0 (0x03816763)
core   0: 0x80009cce (0x34022bf3) csrrs   s7, mscratch, tp
core   0: 3 0x80009cce (0x34022bf3) x23 0xffffffff c832_mscratch 0xffffffff
core   0: 0x80009cd2 (0x0399adb3) mulhsu  s11, s3, s9
core   0: 3 0x80009cd2 (0x0399adb3) x27 0x00000000
core   0: 0x80009cd6 (0x01357b63) bgeu    a0, s3, pc + 22
core   0: 3 0x80009cd6 (0x01357b63)
core   0: 0x80009cec (0x05ee4c63) blt     t3, t5, pc + 88
core   0: 3 0x80009cec (0x05ee4c63)
core   0: 0x80009d44 (0x00a77f33) and     t5, a4, a0
core   0: 3 0x80009d44 (0x00a77f33) x30 0x00000000
core   0: 0x80009d48 (0x00008039) c.srli  s0, 14
core   0: 3 0x80009d48 (0x8039) x8  0x00020023
core   0: 0x80009d4a (0x010a5d93) srli    s11, s4, 16
core   0: 3 0x80009d4a (0x010a5d93) x27 0x000011ff
core   0: 0x80009d4e (0x03c2f363) bgeu    t0, t3, pc + 38
core   0: 3 0x80009d4e (0x03c2f363)
core   0: 0x80009d52 (0x34035973) csrrwi  s2, mscratch, 6
core   0: 3 0x80009d52 (0x34035973) x18 0xffffffff c832_mscratch 0x00000006
core   0: 0x80009d56 (0x41cddf33) sra     t5, s11, t3
core   0: 3 0x80009d56 (0x41cddf33) x30 0x000011ff
core   0: 0x80009d5a (0x340393f3) csrrw   t2, mscratch, t2
core   0: 3 0x80009d5a (0x340393f3) x7  0x00000006 c832_mscratch 0x00000001
core   0: 0x80009d5e (0x00859a13) slli    s4, a1, 8
core   0: 3 0x80009d5e (0x00859a13) x20 0x00000000
core   0: 0x80009d62 (0x00009a7d) c.andi  a2, -1
core   0: 3 0x80009d62 (0x9a7d) x12 0x0000079e
core   0: 0x80009d64 (0x00008eb9) c.xor   a3, a4
core   0: 3 0x80009d64 (0x8eb9) x13 0x00025ce3
core   0: 0x80009d66 (0x34086cf3) csrrsi  s9, mscratch, 16
core   0: 3 0x80009d66 (0x34086cf3) x25 0x00000001 c832_mscratch 0x00000011
core   0: 0x80009d6a (0x02e673b3) remu    t2, a2, a4
core   0: 3 0x80009d6a (0x02e673b3) x7  0x0000079e
core   0: 0x80009d6e (0x00791533) sll     a0, s2, t2
core   0: 3 0x80009d6e (0x00791533) x10 0xc0000000
core   0: 0x80009d72 (0x0000ec0d) c.bnez  s0, pc + 58
core   0: 3 0x80009d72 (0xec0d)
core   0: 0x80009dac (0x00008d01) c.sub   a0, s0
core   0: 3 0x80009dac (0x8d01) x10 0xbffdffdd
core   0: 0x80009dae (0x34002c73) csrr    s8, mscratch
core   0: 3 0x80009dae (0x34002c73) x24 0x00000011
core   0: 0x80009db2 (0x00008da5) c.xor   a1, s1
core   0: 3 0x80009db2 (0x8da5) x11 0x00000000
core   0: 0x80009db4 (0x00008d41) c.or    a0, s0
core   0: 3 0x80009db4 (0x8d41) x10 0xbfffffff
core   0: 0x80009db6 (0x0285ffb3) remu    t6, a1, s0
core   0: 3 0x80009db6 (0x0285ffb3) x31 0x00000000
core   0: 0x80009dba (0x34002cf3) csrr    s9, mscratch
core   0: 3 0x80009dba (0x34002cf3) x25 0x00000011
core   0: 0x80009dbe (0x010bdf93) srli    t6, s7, 16
core   0: 3 0x80009dbe (0x010bdf93) x31 0x0000ffff
core   0: 0x80009dc2 (0x00008595) c.srai  a1, 5
core   0: 3 0x80009dc2 (0x8595) x11 0x00000000
core   0: 0x80009dc4 (0x02fbf533) remu    a0, s7, a5
core   0: 3 0x80009dc4 (0x02fbf533) x10 0x7ffda31b
core   0: 0x80009dc8 (0x0058b6b3) sltu    a3, a7, t0
core   0: 3 0x80009dc8 (0x0058b6b3) x13 0x00000000
core   0: 0x80009dcc (0x0000167d) c.addi  a2, -1
core   0: 3 0x80009dcc (0x167d) x12 0x0000079d
core   0: 0x80009dce (0x002dc3b3) xor     t2, s11, sp
core   0: 3 0x80009dce (0x002dc3b3) x7  0x80020fe3
core   0: 0x80009dd2 (0x010f6b33) or      s6, t5, a6
core   0: 3 0x80009dd2 (0x010f6b33) x22 0x800011ff
core   0: 0x80009dd6 (0x414954b3) sra     s1, s2, s4
core   0: 3 0x80009dd6 (0x414954b3) x9  0xffffffff
core   0: 0x80009dda (0x00e79433) sll     s0, a5, a4
core   0: 3 0x80009dda (0x00e79433) x8  0x80025ce4
core   0: 0x80009dde (0x0000100f) fence.i
core   0: 3 0x80009dde (0x0000100f)
core   0: 0x80009de2 (0x00000001) c.nop
core   0: 3 0x80009de2 (0x0001)
core   0: 0x80009de4 (0xe4167937) lui     s2, 0xe4167
core   0: 3 0x80009de4 (0xe4167937) x18 0xe4167000
core   0: 0x80009de8 (0x9d243093) sltiu   ra, s0, -1582
core   0: 3 0x80009de8 (0x9d243093) x1  0x00000001
core   0: 0x80009dec (0x00000001) c.nop
core   0: 3 0x80009dec (0x0001)
core   0: 0x80009dee (0x40895cb3) sra     s9, s2, s0
core   0: 3 0x80009dee (0x40895cb3) x25 0xfe416700
core   0: 0x80009df2 (0x340072f3) csrrci  t0, mscratch, 0
core   0: 3 0x80009df2 (0x340072f3) x5  0x00000011
core   0: 0x80009df6 (0x40145833) sra     a6, s0, ra
core   0: 3 0x80009df6 (0x40145833) x16 0xc0012e72
core   0: 0x80009dfa (0x03c0db33) divu    s6, ra, t3
core   0: 3 0x80009dfa (0x03c0db33) x22 0x00000000
core   0: 0x80009dfe (0x0000840a) c.mv    s0, sp
core   0: 3 0x80009dfe (0x840a) x8  0x80021e1c
core   0: 0x80009e00 (0x00526bb3) or      s7, tp, t0
core   0: 3 0x80009e00 (0x00526bb3) x23 0x00000011
core   0: 0x80009e04 (0x012dcc63) blt     s11, s2, pc + 24
core   0: 3 0x80009e04 (0x012dcc63)
core   0: 0x80009e08 (0x0ff0000f) fence   iorw,iorw
core   0: 3 0x80009e08 (0x0ff0000f)
core   0: 0x80009e0c (0x340dfef3) csrrci  t4, mscratch, 27
core   0: 3 0x80009e0c (0x340dfef3) x29 0x00000011 c832_mscratch 0x00000000
core   0: 0x80009e10 (0x00000ed6) c.slli  t4, 21
core   0: 3 0x80009e10 (0x0ed6) x29 0x02200000
core   0: 0x80009e12 (0x0046cd33) xor     s10, a3, tp
core   0: 3 0x80009e12 (0x0046cd33) x26 0x00000000
core   0: 0x80009e16 (0x0387e313) ori     t1, a5, 56
core   0: 3 0x80009e16 (0x0387e313) x6  0x80025cfc
core   0: 0x80009e1a (0x00008c71) c.and   s0, a2
core   0: 3 0x80009e1a (0x8c71) x8  0x0000061c
core   0: 0x80009e1c (0x01cc5db3) srl     s11, s8, t3
core   0: 3 0x80009e1c (0x01cc5db3) x27 0x00000011
core   0: 0x80009e20 (0x018d9533) sll     a0, s11, s8
core   0: 3 0x80009e20 (0x018d9533) x10 0x00220000
core   0: 0x80009e24 (0x0000843d) c.srai  s0, 15
core   0: 3 0x80009e24 (0x843d) x8  0x00000000
core   0: 0x80009e26 (0x00008231) c.srli  a2, 12
core   0: 3 0x80009e26 (0x8231) x12 0x00000000
core   0: 0x80009e28 (0x00e29513) slli    a0, t0, 14
core   0: 3 0x80009e28 (0x00e29513) x10 0x00044000
core   0: 0x80009e2c (0x006dc763) blt     s11, t1, pc + 14
core   0: 3 0x80009e2c (0x006dc763)
core   0: 0x80009e30 (0x00000001) c.nop
core   0: 3 0x80009e30 (0x0001)
core   0: 0x80009e32 (0x340e3ff3) csrrc   t6, mscratch, t3
core   0: 3 0x80009e32 (0x340e3ff3) x31 0x00000000 c832_mscratch 0x00000000
core   0: 0x80009e36 (0x00008f19) c.sub   a4, a4
core   0: 3 0x80009e36 (0x8f19) x14 0x00000000
core   0: 0x80009e38 (0x00006191) c.lui   gp, 0x4
core   0: 3 0x80009e38 (0x6191) x3  0x00004000
core   0: 0x80009e3a (0x0000870d) c.srai  a4, 3
core   0: 3 0x80009e3a (0x870d) x14 0x00000000
core   0: 0x80009e3c (0x0000ca81) c.beqz  a3, pc + 16
core   0: 3 0x80009e3c (0xca81)
core   0: 0x80009e4c (0x34007a73) csrrci  s4, mscratch, 0
core   0: 3 0x80009e4c (0x34007a73) x20 0x00000000
core   0: 0x80009e50 (0x013c9993) slli    s3, s9, 19
core   0: 3 0x80009e50 (0x013c9993) x19 0x38000000
core   0: 0x80009e54 (0x008994b3) sll     s1, s3, s0
core   0: 3 0x80009e54 (0x008994b3) x9  0x38000000
core   0: 0x80009e58 (0x00008725) c.srai  a4, 9
core   0: 3 0x80009e58 (0x8725) x14 0x00000000
core   0: 0x80009e5a (0x0000100f) fence.i
core   0: 3 0x80009e5a (0x0000100f)
core   0: 0x80009e5e (0x00a40233) add     tp, s0, a0
core   0: 3 0x80009e5e (0x00a40233) x4  0x00044000
core   0: 0x80009e62 (0x00008f2d) c.xor   a4, a1
core   0: 3 0x80009e62 (0x8f2d) x14 0x00000000
core   0: 0x80009e64 (0x3406d873) csrrwi  a6, mscratch, 13
core   0: 3 0x80009e64 (0x3406d873) x16 0x00000000 c832_mscratch 0x0000000d
core   0: 0x80009e68 (0x340664f3) csrrsi  s1, mscratch, 12
core   0: 3 0x80009e68 (0x340664f3) x9  0x0000000d c832_mscratch 0x0000000d
core   0: 0x80009e6c (0x0351e6b3) rem     a3, gp, s5
core   0: 3 0x80009e6c (0x0351e6b3) x13 0x00000004
core   0: 0x80009e70 (0x40d481b3) sub     gp, s1, a3
core   0: 3 0x80009e70 (0x40d481b3) x3  0x00000009
core   0: 0x80009e74 (0x010890b3) sll     ra, a7, a6
core   0: 3 0x80009e74 (0x010890b3) x1  0xffffffff
core   0: 0x80009e78 (0xb3c28893) addi    a7, t0, -1220
core   0: 3 0x80009e78 (0xb3c28893) x17 0xfffffb4d
core   0: 0x80009e7c (0x3405b973) csrrc   s2, mscratch, a1
core   0: 3 0x80009e7c (0x3405b973) x18 0x0000000d c832_mscratch 0x0000000d
core   0: 0x80009e80 (0x030895b3) mulh    a1, a7, a6
core   0: 3 0x80009e80 (0x030895b3) x11 0x00000000
core   0: 0x80009e84 (0x00008049) c.srli  s0, 18
core   0: 3 0x80009e84 (0x8049) x8  0x00000000
core   0: 0x80009e86 (0x0313a933) mulhsu  s2, t2, a7
core   0: 3 0x80009e86 (0x0313a933) x18 0x8002123c
core   0: 0x80009e8a (0x00009f46) c.add   t5, a7
core   0: 3 0x80009e8a (0x9f46) x30 0x00000d4c
core   0: 0x80009e8c (0x03f60333) mul     t1, a2, t6
core   0: 3 0x80009e8c (0x03f60333) x6  0x00000000
core   0: 0x80009e90 (0x0153fc33) and     s8, t2, s5
core   0: 3 0x80009e90 (0x0153fc33) x24 0x00000001
core   0: 0x80009e94 (0x01ab1233) sll     tp, s6, s10
core   0: 3 0x80009e94 (0x01ab1233) x4  0x00000000
core   0: 0x80009e98 (0x85f37037) lui     zero, 0x85f37
core   0: 3 0x80009e98 (0x85f37037)
core   0: 0x80009e9c (0x0223d663) bge     t2, sp, pc + 44
core   0: 3 0x80009e9c (0x0223d663)
core   0: 0x80009ea0 (0x00000001) c.nop
core   0: 3 0x80009ea0 (0x0001)
core   0: 0x80009ea2 (0x037b35b3) mulhu   a1, s6, s7
core   0: 3 0x80009ea2 (0x037b35b3) x11 0x00000000
core   0: 0x80009ea6 (0x0000e321) c.bnez  a4, pc + 64
core   0: 3 0x80009ea6 (0xe321)
core   0: 0x80009ea8 (0xd22d4e97) auipc   t4, 0xd22d4
core   0: 3 0x80009ea8 (0xd22d4e97) x29 0x522ddea8
core   0: 0x80009eac (0x000098a6) c.add   a7, s1
core   0: 3 0x80009eac (0x98a6) x17 0xfffffb5a
core   0: 0x80009eae (0x00000bee) c.slli  s7, 27
core   0: 3 0x80009eae (0x0bee) x23 0x88000000
core   0: 0x80009eb0 (0x024bceb3) div     t4, s7, tp
core   0: 3 0x80009eb0 (0x024bceb3) x29 0xffffffff
core   0: 0x80009eb4 (0xbb757093) andi    ra, a0, -1097
core   0: 3 0x80009eb4 (0xbb757093) x1  0x00044000
core   0: 0x80009eb8 (0x47be0c93) addi    s9, t3, 1147
core   0: 3 0x80009eb8 (0x47be0c93) x25 0x8000047b
core   0: 0x80009ebc (0x34019773) csrrw   a4, mscratch, gp
core   0: 3 0x80009ebc (0x34019773) x14 0x0000000d c832_mscratch 0x00000009
core   0: 0x80009ec0 (0x00a1ec33) or      s8, gp, a0
core   0: 3 0x80009ec0 (0x00a1ec33) x24 0x00044009
core   0: 0x80009ec4 (0x340062f3) csrrsi  t0, mscratch, 0
core   0: 3 0x80009ec4 (0x340062f3) x5  0x00000009
core   0: 0x80009ec8 (0x0000690d) c.lui   s2, 0x3
core   0: 3 0x80009ec8 (0x690d) x18 0x00003000
core   0: 0x80009eca (0x00008351) c.srli  a4, 20
core   0: 3 0x80009eca (0x8351) x14 0x00000000
core   0: 0x80009ecc (0x40865d93) srai    s11, a2, 8
core   0: 3 0x80009ecc (0x40865d93) x27 0x00000000
core   0: 0x80009ed0 (0x00008e6d) c.and   a2, a1
core   0: 3 0x80009ed0 (0x8e6d) x12 0x00000000
core   0: 0x80009ed2 (0x0000872d) c.srai  a4, 11
core   0: 3 0x80009ed2 (0x872d) x14 0x00000000
core   0: 0x80009ed4 (0x01b28f63) beq     t0, s11, pc + 30
core   0: 3 0x80009ed4 (0x01b28f63)
core   0: 0x80009ed8 (0x0075cbb3) xor     s7, a1, t2
core   0: 3 0x80009ed8 (0x0075cbb3) x23 0x80020fe3
core   0: 0x80009edc (0x014df033) and     zero, s11, s4
core   0: 3 0x80009edc (0x014df033)
core   0: 0x80009ee0 (0x033cfa33) remu    s4, s9, s3
core   0: 3 0x80009ee0 (0x033cfa33) x20 0x1000047b
core   0: 0x80009ee4 (0x0000686d) c.lui   a6, 0x1b
core   0: 3 0x80009ee4 (0x686d) x16 0x0001b000
core   0: 0x80009ee6 (0x00009b7d) c.andi  a4, -1
core   0: 3 0x80009ee6 (0x9b7d) x14 0x00000000
core   0: 0x80009ee8 (0x00008c41) c.or    s0, s0
core   0: 3 0x80009ee8 (0x8c41) x8  0x00000000
core   0: 0x80009eea (0xfcd88193) addi    gp, a7, -51
core   0: 3 0x80009eea (0xfcd88193) x3  0xfffffb27
core   0: 0x80009eee (0x55584493) xori    s1, a6, 1365
core   0: 3 0x80009eee (0x55584493) x9  0x0001b555
core   0: 0x80009ef2 (0x02cf5d33) divu    s10, t5, a2
core   0: 3 0x80009ef2 (0x02cf5d33) x26 0xffffffff
core   0: 0x80009ef6 (0x017b1193) slli    gp, s6, 23
core   0: 3 0x80009ef6 (0x017b1193) x3  0x00000000
core   0: 0x80009efa (0x034a7433) remu    s0, s4, s4
core   0: 3 0x80009efa (0x034a7433) x8  0x00000000
core   0: 0x80009efe (0x00008505) c.srai  a0, 1
core   0: 3 0x80009efe (0x8505) x10 0x00022000
core   0: 0x80009f00 (0x048e1463) bne     t3, s0, pc + 72
core   0: 3 0x80009f00 (0x048e1463)
core   0: 0x80009f48 (0x0cb53993) sltiu   s3, a0, 203
core   0: 3 0x80009f48 (0x0cb53993) x19 0x00000000
core   0: 0x80009f4c (0x34085473) csrrwi  s0, mscratch, 16
core   0: 3 0x80009f4c (0x34085473) x8  0x00000009 c832_mscratch 0x00000010
core   0: 0x80009f50 (0x031c65b3) rem     a1, s8, a7
core   0: 3 0x80009f50 (0x031c65b3) x11 0x0000004d
core   0: 0x80009f54 (0x00001dfd) c.addi  s11, -1
core   0: 3 0x80009f54 (0x1dfd) x27 0xffffffff
core   0: 0x80009f56 (0x01cd3b93) sltiu   s7, s10, 28
core   0: 3 0x80009f56 (0x01cd3b93) x23 0x00000000
core   0: 0x80009f5a (0x00009c1a) c.add   s8, t1
core   0: 3 0x80009f5a (0x9c1a) x24 0x00044009
core   0: 0x80009f5c (0x02ecfe63) bgeu    s9, a4, pc + 60
core   0: 3 0x80009f5c (0x02ecfe63)
core   0: 0x80009f98 (0x012858b3) srl     a7, a6, s2
core   0: 3 0x80009f98 (0x012858b3) x17 0x0001b000
core   0: 0x80009f9c (0x044f9463) bne     t6, tp, pc + 72
core   0: 3 0x80009f9c (0x044f9463)
core   0: 0x80009fa0 (0x03050eb3) mul     t4, a0, a6
core   0: 3 0x80009fa0 (0x03050eb3) x29 0x96000000
core   0: 0x80009fa4 (0x340028f3) csrr    a7, mscratch
core   0: 3 0x80009fa4 (0x340028f3) x17 0x00000010
core   0: 0x80009fa8 (0x01324bb3) xor     s7, tp, s3
core   0: 3 0x80009fa8 (0x01324bb3) x23 0x00000000
core   0: 0x80009fac (0x03c390b3) mulh    ra, t2, t3
core   0: 3 0x80009fac (0x03c390b3) x1  0x3ffef80e
core   0: 0x80009fb0 (0x0000100f) fence.i
core   0: 3 0x80009fb0 (0x0000100f)
core   0: 0x80009fb4 (0x00641963) bne     s0, t1, pc + 18
core   0: 3 0x80009fb4 (0x00641963)
core   0: 0x80009fc6 (0xaabb7717) auipc   a4, 0xaabb7
core   0: 3 0x80009fc6 (0xaabb7717) x14 0x2abc0fc6
core   0: 0x80009fca (0x0205d433) divu    s0, a1, zero
core   0: 3 0x80009fca (0x0205d433) x8  0xffffffff
core   0: 0x80009fce (0x0000073e) c.slli  a4, 15
core   0: 3 0x80009fce (0x073e) x14 0x07e30000
core   0: 0x80009fd0 (0x000062d1) c.lui   t0, 0x14
core   0: 3 0x80009fd0 (0x62d1) x5  0x00014000
core   0: 0x80009fd2 (0x0ff0000f) fence   iorw,iorw
core   0: 3 0x80009fd2 (0x0ff0000f)
core   0: 0x80009fd6 (0x01897933) and     s2, s2, s8
core   0: 3 0x80009fd6 (0x01897933) x18 0x00000000
core   0: 0x80009fda (0x01c97563) bgeu    s2, t3, pc + 10
core   0: 3 0x80009fda (0x01c97563)
core   0: 0x80009fde (0x03854d63) blt     a0, s8, pc + 58
core   0: 3 0x80009fde (0x03854d63)
core   0: 0x8000a018 (0x00001bfd) c.addi  s7, -1
core   0: 3 0x8000a018 (0x1bfd) x23 0xffffffff
core   0: 0x8000a01a (0x000086fe) c.mv    a3, t6
core   0: 3 0x8000a01a (0x86fe) x13 0x00000000
core   0: 0x8000a01c (0x02574563) blt     a4, t0, pc + 42
core   0: 3 0x8000a01c (0x02574563)
core   0: 0x8000a020 (0x02857163) bgeu    a0, s0, pc + 34
core   0: 3 0x8000a020 (0x02857163)
core   0: 0x8000a024 (0x00001cfd) c.addi  s9, -1
core   0: 3 0x8000a024 (0x1cfd) x25 0x8000047a
core   0: 0x8000a026 (0x023fe463) bltu    t6, gp, pc + 40
core   0: 3 0x8000a026 (0x023fe463)
core   0: 0x8000a02a (0xbef7f993) andi    s3, a5, -1041
core   0: 3 0x8000a02a (0xbef7f993) x19 0x800258e4
core   0: 0x8000a02e (0x0000100f) fence.i
core   0: 3 0x8000a02e (0x0000100f)
core   0: 0x8000a032 (0x00004b25) c.li    s6, 9
core   0: 3 0x8000a032 (0x4b25) x22 0x00000009
core   0: 0x8000a034 (0x016a5f13) srli    t5, s4, 22
core   0: 3 0x8000a034 (0x016a5f13) x30 0x00000040
core   0: 0x8000a038 (0x000012fd) c.addi  t0, -1
core   0: 3 0x8000a038 (0x12fd) x5  0x00013fff
core   0: 0x8000a03a (0x34006f73) csrrsi  t5, mscratch, 0
core   0: 3 0x8000a03a (0x34006f73) x30 0x00000010
core   0: 0x8000a03e (0x00acfa63) bgeu    s9, a0, pc + 20
core   0: 3 0x8000a03e (0x00acfa63)
core   0: 0x8000a052 (0x0000c221) c.beqz  a2, pc + 64
core   0: 3 0x8000a052 (0xc221)
core   0: 0x8000a092 (0x00008e11) c.sub   a2, a2
core   0: 3 0x8000a092 (0x8e11) x12 0x00000000
core   0: 0x8000a094 (0x02bfc6b3) div     a3, t6, a1
core   0: 3 0x8000a094 (0x02bfc6b3) x13 0x00000000
core   0: 0x8000a098 (0x00361c13) slli    s8, a2, 3
core   0: 3 0x8000a098 (0x00361c13) x24 0x00000000
core   0: 0x8000a09c (0x010fc333) xor     t1, t6, a6
core   0: 3 0x8000a09c (0x010fc333) x6  0x0001b000
core   0: 0x8000a0a0 (0x00e88c33) add     s8, a7, a4
core   0: 3 0x8000a0a0 (0x00e88c33) x24 0x07e30010
core   0: 0x8000a0a4 (0x00008621) c.srai  a2, 8
core   0: 3 0x8000a0a4 (0x8621) x12 0x00000000
core   0: 0x8000a0a6 (0x01de02b3) add     t0, t3, t4
core   0: 3 0x8000a0a6 (0x01de02b3) x5  0x16000000
core   0: 0x8000a0aa (0x01995633) srl     a2, s2, s9
core   0: 3 0x8000a0aa (0x01995633) x12 0x00000000
core   0: 0x8000a0ae (0x00008b1d) c.andi  a4, 7
core   0: 3 0x8000a0ae (0x8b1d) x14 0x00000000
core   0: 0x8000a0b0 (0x1c1d8013) addi    zero, s11, 449
core   0: 3 0x8000a0b0 (0x1c1d8013)
core   0: 0x8000a0b4 (0x030a3bb3) mulhu   s7, s4, a6
core   0: 3 0x8000a0b4 (0x030a3bb3) x23 0x00001b00
core   0: 0x8000a0b8 (0x0ff0000f) fence   iorw,iorw
core   0: 3 0x8000a0b8 (0x0ff0000f)
core   0: 0x8000a0bc (0x0000021a) c.slli  tp, 6
core   0: 3 0x8000a0bc (0x021a) x4  0x00000000
core   0: 0x8000a0be (0xd30a8b93) addi    s7, s5, -720
core   0: 3 0x8000a0be (0xd30a8b93) x23 0xfffffd39
core   0: 0x8000a0c2 (0x011730b3) sltu    ra, a4, a7
core   0: 3 0x8000a0c2 (0x011730b3) x1  0x00000001
core   0: 0x8000a0c6 (0x0000100f) fence.i
core   0: 3 0x8000a0c6 (0x0000100f)
core   0: 0x8000a0ca (0x00f91b13) slli    s6, s2, 15
core   0: 3 0x8000a0ca (0x00f91b13) x22 0x00000000
core   0: 0x8000a0ce (0x02256863) bltu    a0, sp, pc + 48
core   0: 3 0x8000a0ce (0x02256863)
core   0: 0x8000a0fe (0x0000e315) c.bnez  a4, pc + 36
core   0: 3 0x8000a0fe (0xe315)
core   0: 0x8000a100 (0x0000cf05) c.beqz  a4, pc + 56
core   0: 3 0x8000a100 (0xcf05)
core   0: 0x8000a138 (0x02345a63) bge     s0, gp, pc + 52
core   0: 3 0x8000a138 (0x02345a63)
core   0: 0x8000a13c (0x962026b7) lui     a3, 0x96202
core   0: 3 0x8000a13c (0x962026b7) x13 0x96202000
core   0: 0x8000a140 (0x038a5833) divu    a6, s4, s8
core   0: 3 0x8000a140 (0x038a5833) x16 0x00000002
core   0: 0x8000a144 (0x0f278413) addi    s0, a5, 242
core   0: 3 0x8000a144 (0x0f278413) x8  0x80025dd6
core   0: 0x8000a148 (0x031c5433) divu    s0, s8, a7
core   0: 3 0x8000a148 (0x031c5433) x8  0x007e3001
core   0: 0x8000a14c (0x003e1513) slli    a0, t3, 3
core   0: 3 0x8000a14c (0x003e1513) x10 0x00000000
core   0: 0x8000a150 (0x03747963) bgeu    s0, s7, pc + 50
core   0: 3 0x8000a150 (0x03747963)
core   0: 0x8000a154 (0x00ca0fb3) add     t6, s4, a2
core   0: 3 0x8000a154 (0x00ca0fb3) x31 0x1000047b
core   0: 0x8000a158 (0x34039373) csrrw   t1, mscratch, t2
core   0: 3 0x8000a158 (0x34039373) x6  0x00000010 c832_mscratch 0x80020fe3
core   0: 0x8000a15c (0x0000157d) c.addi  a0, -1
core   0: 3 0x8000a15c (0x157d) x10 0xffffffff
core   0: 0x8000a15e (0x20f88397) auipc   t2, 0x20f88
core   0: 3 0x8000a15e (0x20f88397) x7  0xa0f9215e
core   0: 0x8000a162 (0x009c3fb3) sltu    t6, s8, s1
core   0: 3 0x8000a162 (0x009c3fb3) x31 0x00000000
core   0: 0x8000a166 (0x000005ea) c.slli  a1, 26
core   0: 3 0x8000a166 (0x05ea) x11 0x34000000
core   0: 0x8000a168 (0x340b5a73) csrrwi  s4, mscratch, 22
core   0: 3 0x8000a168 (0x340b5a73) x20 0x80020fe3 c832_mscratch 0x00000016
core   0: 0x8000a16c (0x3f13ed17) auipc   s10, 0x3f13e
core   0: 3 0x8000a16c (0x3f13ed17) x26 0xbf14816c
core   0: 0x8000a170 (0x340022f3) csrr    t0, mscratch
core   0: 3 0x8000a170 (0x340022f3) x5  0x00000016
core   0: 0x8000a174 (0x022a1233) mulh    tp, s4, sp
core   0: 3 0x8000a174 (0x022a1233) x4  0x3ffde904
core   0: 0x8000a178 (0x00008ed1) c.or    a3, a2
core   0: 3 0x8000a178 (0x8ed1) x13 0x96202000
core   0: 0x8000a17a (0x0cc4e213) ori     tp, s1, 204
core   0: 3 0x8000a17a (0x0cc4e213) x4  0x0001b5dd
core   0: 0x8000a17e (0x0000608d) c.lui   ra, 0x3
core   0: 3 0x8000a17e (0x608d) x1  0x00003000
core   0: 0x8000a180 (0x00000001) c.nop
core   0: 3 0x8000a180 (0x0001)
core   0: 0x8000a182 (0x00000a65) c.addi  s4, 25
core   0: 3 0x8000a182 (0x0a65) x20 0x80020ffc
core   0: 0x8000a184 (0x01ff9733) sll     a4, t6, t6
core   0: 3 0x8000a184 (0x01ff9733) x14 0x00000000
core   0: 0x8000a188 (0x00e7df13) srli    t5, a5, 14
core   0: 3 0x8000a188 (0x00e7df13) x30 0x00020009
core   0: 0x8000a18c (0x009401b3) add     gp, s0, s1
core   0: 3 0x8000a18c (0x009401b3) x3  0x007fe556
core   0: 0x8000a190 (0x00da88b3) add     a7, s5, a3
core   0: 3 0x8000a190 (0x00da88b3) x17 0x96202009
core   0: 0x8000a194 (0x01141813) slli    a6, s0, 17
core   0: 3 0x8000a194 (0x01141813) x16 0x60020000
core   0: 0x8000a198 (0x35a68a13) addi    s4, a3, 858
core   0: 3 0x8000a198 (0x35a68a13) x20 0x9620235a
core   0: 0x8000a19c (0x00008cdd) c.or    s1, a5
core   0: 3 0x8000a19c (0x8cdd) x9  0x8003fdf5
core   0: 0x8000a19e (0x0206c8b3) div     a7, a3, zero
core   0: 3 0x8000a19e (0x0206c8b3) x17 0xffffffff
core   0: 0x8000a1a2 (0x00008d4d) c.or    a0, a1
core   0: 3 0x8000a1a2 (0x8d4d) x10 0xffffffff
core   0: 0x8000a1a4 (0x61e5f9b7) lui     s3, 0x61e5f
core   0: 3 0x8000a1a4 (0x61e5f9b7) x19 0x61e5f000
core   0: 0x8000a1a8 (0x0012f933) and     s2, t0, ra
core   0: 3 0x8000a1a8 (0x0012f933) x18 0x00000000
core   0: 0x8000a1ac (0x000096d2) c.add   a3, s4
core   0: 3 0x8000a1ac (0x96d2) x13 0x2c40435a
core   0: 0x8000a1ae (0x00000001) c.nop
core   0: 3 0x8000a1ae (0x0001)
core   0: 0x8000a1b0 (0x0000100f) fence.i
core   0: 3 0x8000a1b0 (0x0000100f)
core   0: 0x8000a1b4 (0x02d8cb63) blt     a7, a3, pc + 54
core   0: 3 0x8000a1b4 (0x02d8cb63)
core   0: 0x8000a1ea (0x00008b6e) c.mv    s6, s11
core   0: 3 0x8000a1ea (0x8b6e) x22 0xffffffff
core   0: 0x8000a1ec (0x0090d5b3) srl     a1, ra, s1
core   0: 3 0x8000a1ec (0x0090d5b3) x11 0x00000000
core   0: 0x8000a1f0 (0x038b8c63) beq     s7, s8, pc + 56
core   0: 3 0x8000a1f0 (0x038b8c63)
core   0: 0x8000a1f4 (0x00008271) c.srli  a2, 28
core   0: 3 0x8000a1f4 (0x8271) x12 0x00000000
core   0: 0x8000a1f6 (0x340572f3) csrrci  t0, mscratch, 10
core   0: 3 0x8000a1f6 (0x340572f3) x5  0x00000016 c832_mscratch 0x00000014
core   0: 0x8000a1fa (0x0000892a) c.mv    s2, a0
core   0: 3 0x8000a1fa (0x892a) x18 0xffffffff
core   0: 0x8000a1fc (0x4106d9b3) sra     s3, a3, a6
core   0: 3 0x8000a1fc (0x4106d9b3) x19 0x2c40435a
core   0: 0x8000a200 (0x00008429) c.srai  s0, 10
core   0: 3 0x8000a200 (0x8429) x8  0x00001f8c
core   0: 0x8000a202 (0x0000887a) c.mv    a6, t5
core   0: 3 0x8000a202 (0x887a) x16 0x00020009
core   0: 0x8000a204 (0x0371f5b3) remu    a1, gp, s7
core   0: 3 0x8000a204 (0x0371f5b3) x11 0x007fe556
core   0: 0x8000a208 (0x03cecf63) blt     t4, t3, pc + 62
core   0: 3 0x8000a208 (0x03cecf63)
core   0: 0x8000a20c (0x0ff0000f) fence   iorw,iorw
core   0: 3 0x8000a20c (0x0ff0000f)
core   0: 0x8000a210 (0x00008e1d) c.sub   a2, a5
core   0: 3 0x8000a210 (0x8e1d) x12 0x7ffda31c
core   0: 0x8000a212 (0x01521033) sll     zero, tp, s5
core   0: 3 0x8000a212 (0x01521033)
core   0: 0x8000a216 (0x023a7f63) bgeu    s4, gp, pc + 62
core   0: 3 0x8000a216 (0x023a7f63)
core   0: 0x8000a254 (0x0000100f) fence.i
core   0: 3 0x8000a254 (0x0000100f)
core   0: 0x8000a258 (0x02d5a2b3) mulhsu  t0, a1, a3
core   0: 3 0x8000a258 (0x02d5a2b3) x5  0x00161b85
core   0: 0x8000a25c (0x340652f3) csrrwi  t0, mscratch, 12
core   0: 3 0x8000a25c (0x340652f3) x5  0x00000014 c832_mscratch 0x0000000c
core   0: 0x8000a260 (0x00000a5e) c.slli  s4, 23
core   0: 3 0x8000a260 (0x0a5e) x20 0xad000000
core   0: 0x8000a262 (0x03196d33) rem     s10, s2, a7
core   0: 3 0x8000a262 (0x03196d33) x26 0x00000000
core   0: 0x8000a266 (0x4a3c3b93) sltiu   s7, s8, 1187
core   0: 3 0x8000a266 (0x4a3c3b93) x23 0x00000000
core   0: 0x8000a26a (0x00008e79) c.and   a2, a4
core   0: 3 0x8000a26a (0x8e79) x12 0x00000000
core   0: 0x8000a26c (0x01bd4bb3) xor     s7, s10, s11
core   0: 3 0x8000a26c (0x01bd4bb3) x23 0xffffffff
core   0: 0x8000a270 (0x00000001) c.nop
core   0: 3 0x8000a270 (0x0001)
core   0: 0x8000a272 (0x00008ccd) c.or    s1, a1
core   0: 3 0x8000a272 (0x8ccd) x9  0x807ffdf7
core   0: 0x8000a274 (0x00e406b3) add     a3, s0, a4
core   0: 3 0x8000a274 (0x00e406b3) x13 0x00001f8c
core   0: 0x8000a278 (0x00ba5333) srl     t1, s4, a1
core   0: 3 0x8000a278 (0x00ba5333) x6  0x000002b4
core   0: 0x8000a27c (0x025ab4b3) mulhu   s1, s5, t0
core   0: 3 0x8000a27c (0x025ab4b3) x9  0x00000000
core   0: 0x8000a280 (0x00689d93) slli    s11, a7, 6
core   0: 3 0x8000a280 (0x00689d93) x27 0xffffffc0
core   0: 0x8000a284 (0x2f52b613) sltiu   a2, t0, 757
core   0: 3 0x8000a284 (0x2f52b613) x12 0x00000001
core   0: 0x8000a288 (0x02269963) bne     a3, sp, pc + 50
core   0: 3 0x8000a288 (0x02269963)
core   0: 0x8000a2ba (0x000041a9) c.li    gp, 10
core   0: 3 0x8000a2ba (0x41a9) x3  0x0000000a
core   0: 0x8000a2bc (0x3407d773) csrrwi  a4, mscratch, 15
core   0: 3 0x8000a2bc (0x3407d773) x14 0x0000000c c832_mscratch 0x0000000f
core   0: 0x8000a2c0 (0x000081b2) c.mv    gp, a2
core   0: 3 0x8000a2c0 (0x81b2) x3  0x00000001
core   0: 0x8000a2c2 (0x0000100f) fence.i
core   0: 3 0x8000a2c2 (0x0000100f)
core   0: 0x8000a2c6 (0x01415d33) srl     s10, sp, s4
core   0: 3 0x8000a2c6 (0x01415d33) x26 0x80021e1c
core   0: 0x8000a2ca (0x0f9f0b93) addi    s7, t5, 249
core   0: 3 0x8000a2ca (0x0f9f0b93) x23 0x00020102
core   0: 0x8000a2ce (0x021f5fb3) divu    t6, t5, ra
core   0: 3 0x8000a2ce (0x021f5fb3) x31 0x0000000a
core   0: 0x8000a2d2 (0xdf64c217) auipc   tp, 0xdf64c
core   0: 3 0x8000a2d2 (0xdf64c217) x4  0x5f6562d2
core   0: 0x8000a2d6 (0x02eeebb3) rem     s7, t4, a4
core   0: 3 0x8000a2d6 (0x02eeebb3) x23 0xfffffffc
core   0: 0x8000a2da (0x019b9c63) bne     s7, s9, pc + 24
core   0: 3 0x8000a2da (0x019b9c63)
core   0: 0x8000a2f2 (0x025b1933) mulh    s2, s6, t0
core   0: 3 0x8000a2f2 (0x025b1933) x18 0xffffffff
core   0: 0x8000a2f6 (0x419b00b3) sub     ra, s6, s9
core   0: 3 0x8000a2f6 (0x419b00b3) x1  0x7ffffb85
core   0: 0x8000a2fa (0x00000001) c.nop
core   0: 3 0x8000a2fa (0x0001)
core   0: 0x8000a2fc (0x00577863) bgeu    a4, t0, pc + 16
core   0: 3 0x8000a2fc (0x00577863)
core   0: 0x8000a300 (0x00000001) c.nop
core   0: 3 0x8000a300 (0x0001)
core   0: 0x8000a302 (0x00008dbd) c.xor   a1, a5
core   0: 3 0x8000a302 (0x8dbd) x11 0x807db9b2
core   0: 0x8000a304 (0x03428d33) mul     s10, t0, s4
core   0: 3 0x8000a304 (0x03428d33) x26 0x84000000
core   0: 0x8000a308 (0x00c6a3b3) slt     t2, a3, a2
core   0: 3 0x8000a308 (0x00c6a3b3) x7  0x00000000
core   0: 0x8000a30c (0x00c7b433) sltu    s0, a5, a2
core   0: 3 0x8000a30c (0x00c7b433) x8  0x00000000
core   0: 0x8000a310 (0x04b3d363) bge     t2, a1, pc + 70
core   0: 3 0x8000a310 (0x04b3d363)
core   0: 0x8000a356 (0x34007c73) csrrci  s8, mscratch, 0
core   0: 3 0x8000a356 (0x34007c73) x24 0x0000000f
core   0: 0x8000a35a (0x0000c239) c.beqz  a2, pc + 70
core   0: 3 0x8000a35a (0xc239)
core   0: 0x8000a35c (0x00000f3a) c.slli  t5, 14
core   0: 3 0x8000a35c (0x0f3a) x30 0x80024000
core   0: 0x8000a35e (0x007fc933) xor     s2, t6, t2
core   0: 3 0x8000a35e (0x007fc933) x18 0x0000000a
core   0: 0x8000a362 (0x0263c433) div     s0, t2, t1
core   0: 3 0x8000a362 (0x0263c433) x8  0x00000000
core   0: 0x8000a366 (0x03e05f33) divu    t5, zero, t5
core   0: 3 0x8000a366 (0x03e05f33) x30 0x00000000
core   0: 0x8000a36a (0x000084b2) c.mv    s1, a2
core   0: 3 0x8000a36a (0x84b2) x9  0x00000001
core   0: 0x8000a36c (0x00be1a33) sll     s4, t3, a1
core   0: 3 0x8000a36c (0x00be1a33) x20 0x00000000
core   0: 0x8000a370 (0x00421893) slli    a7, tp, 4
core   0: 3 0x8000a370 (0x00421893) x17 0xf6562d20
core   0: 0x8000a374 (0x00a13d33) sltu    s10, sp, a0
core   0: 3 0x8000a374 (0x00a13d33) x26 0x00000001
core   0: 0x8000a378 (0x03d7a533) mulhsu  a0, a5, t4
core   0: 3 0x8000a378 (0x03d7a533) x10 0xb501626d
core   0: 0x8000a37c (0x92866093) ori     ra, a2, -1752
core   0: 3 0x8000a37c (0x92866093) x1  0xfffff929
core   0: 0x8000a380 (0x0ff0000f) fence   iorw,iorw
core   0: 3 0x8000a380 (0x0ff0000f)
core   0: 0x8000a384 (0x00009a7d) c.andi  a2, -1
core   0: 3 0x8000a384 (0x9a7d) x12 0x00000001
core   0: 0x8000a386 (0x026a3db3) mulhu   s11, s4, t1
core   0: 3 0x8000a386 (0x026a3db3) x27 0x00000000
core   0: 0x8000a38a (0x00d2efb3) or      t6, t0, a3
core   0: 3 0x8000a38a (0x00d2efb3) x31 0x00001f9c
core   0: 0x8000a38e (0x01c97bb3) and     s7, s2, t3
core   0: 3 0x8000a38e (0x01c97bb3) x23 0x00000000
core   0: 0x8000a392 (0x00008e45) c.or    a2, s1
core   0: 3 0x8000a392 (0x8e45) x12 0x00000001
core   0: 0x8000a394 (0x34037773) csrrci  a4, mscratch, 6
core   0: 3 0x8000a394 (0x34037773) x14 0x0000000f c832_mscratch 0x00000009
core   0: 0x8000a398 (0x40cb5e13) srai    t3, s6, 12
core   0: 3 0x8000a398 (0x40cb5e13) x28 0xffffffff
core   0: 0x8000a39c (0x0165f013) andi    zero, a1, 22
core   0: 3 0x8000a39c (0x0165f013)
core   0: 0x8000a3a0 (0x01bcbdb3) sltu    s11, s9, s11
core   0: 3 0x8000a3a0 (0x01bcbdb3) x27 0x00000000
core   0: 0x8000a3a4 (0xd7026bb7) lui     s7, 0xd7026
core   0: 3 0x8000a3a4 (0xd7026bb7) x23 0xd7026000
core   0: 0x8000a3a8 (0xf8eb8693) addi    a3, s7, -114
core   0: 3 0x8000a3a8 (0xf8eb8693) x13 0xd7025f8e
core   0: 0x8000a3ac (0x0ff0000f) fence   iorw,iorw
core   0: 3 0x8000a3ac (0x0ff0000f)
core   0: 0x8000a3b0 (0x431a3713) sltiu   a4, s4, 1073
core   0: 3 0x8000a3b0 (0x431a3713) x14 0x00000001
core   0: 0x8000a3b4 (0x02122cb3) mulhsu  s9, tp, ra
core   0: 3 0x8000a3b4 (0x02122cb3) x25 0x5f656045
core   0: 0x8000a3b8 (0x41985f33) sra     t5, a6, s9
core   0: 3 0x8000a3b8 (0x41985f33) x30 0x00001000
core   0: 0x8000a3bc (0x00008eb5) c.xor   a3, a3
core   0: 3 0x8000a3bc (0x8eb5) x13 0x00000000
core   0: 0x8000a3be (0x6f15e193) ori     gp, a1, 1777
core   0: 3 0x8000a3be (0x6f15e193) x3  0x807dbff3
core   0: 0x8000a3c2 (0x00000001) c.nop
core   0: 3 0x8000a3c2 (0x0001)
core   0: 0x8000a3c4 (0x414ad733) sra     a4, s5, s4
core   0: 3 0x8000a3c4 (0x414ad733) x14 0x00000009
core   0: 0x8000a3c8 (0x00008d25) c.xor   a0, s1
core   0: 3 0x8000a3c8 (0x8d25) x10 0xb501626c
core   0: 0x8000a3ca (0x40035b13) srai    s6, t1, 0
core   0: 3 0x8000a3ca (0x40035b13) x22 0x000002b4
core   0: 0x8000a3ce (0x03b4b1b3) mulhu   gp, s1, s11
core   0: 3 0x8000a3ce (0x03b4b1b3) x3  0x00000000
core   0: 0x8000a3d2 (0x34002bf3) csrr    s7, mscratch
core   0: 3 0x8000a3d2 (0x34002bf3) x23 0x00000009
core   0: 0x8000a3d6 (0x035dd863) bge     s11, s5, pc + 48
core   0: 3 0x8000a3d6 (0x035dd863)
core   0: 0x8000a3da (0x007b1e13) slli    t3, s6, 7
core   0: 3 0x8000a3da (0x007b1e13) x28 0x00015a00
core   0: 0x8000a3de (0x00009dd6) c.add   s11, s5
core   0: 3 0x8000a3de (0x9dd6) x27 0x00000009
core   0: 0x8000a3e0 (0x00418e63) beq     gp, tp, pc + 28
core   0: 3 0x8000a3e0 (0x00418e63)
core   0: 0x8000a3e4 (0x00008739) c.srai  a4, 14
core   0: 3 0x8000a3e4 (0x8739) x14 0x00000000
core   0: 0x8000a3e6 (0x000006ed) c.addi  a3, 27
core   0: 3 0x8000a3e6 (0x06ed) x13 0x0000001b
core   0: 0x8000a3e8 (0x34002873) csrr    a6, mscratch
core   0: 3 0x8000a3e8 (0x34002873) x16 0x00000009
core   0: 0x8000a3ec (0x014d7f33) and     t5, s10, s4
core   0: 3 0x8000a3ec (0x014d7f33) x30 0x00000000
core   0: 0x8000a3f0 (0x00000001) c.nop
core   0: 3 0x8000a3f0 (0x0001)
core   0: 0x8000a3f2 (0x004f2733) slt     a4, t5, tp
core   0: 3 0x8000a3f2 (0x004f2733) x14 0x00000001
core   0: 0x8000a3f6 (0x00008836) c.mv    a6, a3
core   0: 3 0x8000a3f6 (0x8836) x16 0x0000001b
core   0: 0x8000a3f8 (0x00855963) bge     a0, s0, pc + 18
core   0: 3 0x8000a3f8 (0x00855963)
core   0: 0x8000a3fc (0x00004d8d) c.li    s11, 3
core   0: 3 0x8000a3fc (0x4d8d) x27 0x00000003
core   0: 0x8000a3fe (0xe9242293) slti    t0, s0, -366
core   0: 3 0x8000a3fe (0xe9242293) x5  0x00000000
core   0: 0x8000a402 (0x0296e563) bltu    a3, s1, pc + 42
core   0: 3 0x8000a402 (0x0296e563)
core   0: 0x8000a406 (0x03fd4763) blt     s10, t6, pc + 46
core   0: 3 0x8000a406 (0x03fd4763)
core   0: 0x8000a434 (0x56debb13) sltiu   s6, t4, 1389
core   0: 3 0x8000a434 (0x56debb13) x22 0x00000000
core   0: 0x8000a438 (0x3407d673) csrrwi  a2, mscratch, 15
core   0: 3 0x8000a438 (0x3407d673) x12 0x00000009 c832_mscratch 0x0000000f
core   0: 0x8000a43c (0x0392cb33) div     s6, t0, s9
core   0: 3 0x8000a43c (0x0392cb33) x22 0x00000000
core   0: 0x8000a440 (0x0196c233) xor     tp, a3, s9
core   0: 3 0x8000a440 (0x0196c233) x4  0x5f65605e
core   0: 0x8000a444 (0x029cdfb3) divu    t6, s9, s1
core   0: 3 0x8000a444 (0x029cdfb3) x31 0x5f656045
core   0: 0x8000a448 (0x03a7e233) rem     tp, a5, s10
core   0: 3 0x8000a448 (0x03a7e233) x4  0x00000000
core   0: 0x8000a44c (0x00009e86) c.add   t4, ra
core   0: 3 0x8000a44c (0x9e86) x29 0x95fff929
core   0: 0x8000a44e (0x2aff2c93) slti    s9, t5, 687
core   0: 3 0x8000a44e (0x2aff2c93) x25 0x00000001
core   0: 0x8000a452 (0x019a6833) or      a6, s4, s9
core   0: 3 0x8000a452 (0x019a6833) x16 0x00000001
core   0: 0x8000a456 (0x0ff0000f) fence   iorw,iorw
core   0: 3 0x8000a456 (0x0ff0000f)
core   0: 0x8000a45a (0x7d27a2b7) lui     t0, 0x7d27a
core   0: 3 0x8000a45a (0x7d27a2b7) x5  0x7d27a000
core   0: 0x8000a45e (0x5d31de37) lui     t3, 0x5d31d
core   0: 3 0x8000a45e (0x5d31de37) x28 0x5d31d000
core   0: 0x8000a462 (0x340bdb73) csrrwi  s6, mscratch, 23
core   0: 3 0x8000a462 (0x340bdb73) x22 0x0000000f c832_mscratch 0x00000017
core   0: 0x8000a466 (0x0000527d) c.li    tp, -1
core   0: 3 0x8000a466 (0x527d) x4  0xffffffff
core   0: 0x8000a468 (0x00008e91) c.sub   a3, a2
core   0: 3 0x8000a468 (0x8e91) x13 0x00000012
core   0: 0x8000a46a (0x000095b2) c.add   a1, a2
core   0: 3 0x8000a46a (0x95b2) x11 0x807db9bb
core   0: 0x8000a46c (0xf6980593) addi    a1, a6, -151
core   0: 3 0x8000a46c (0xf6980593) x11 0xffffff6a
core   0: 0x8000a470 (0x01694e33) xor     t3, s2, s6
core   0: 3 0x8000a470 (0x01694e33) x28 0x00000005
core   0: 0x8000a474 (0x402fdf93) srai    t6, t6, 2
core   0: 3 0x8000a474 (0x402fdf93) x31 0x17d95811
core   0: 0x8000a478 (0x01f4d413) srli    s0, s1, 31
core   0: 3 0x8000a478 (0x01f4d413) x8  0x00000000
core   0: 0x8000a47c (0x002cbcb3) sltu    s9, s9, sp
core   0: 3 0x8000a47c (0x002cbcb3) x25 0x00000001
core   0: 0x8000a480 (0x8d066e13) ori     t3, a2, -1840
core   0: 3 0x8000a480 (0x8d066e13) x28 0xfffff8d9
core   0: 0x8000a484 (0xe5ea1f97) auipc   t6, 0xe5ea1
core   0: 3 0x8000a484 (0xe5ea1f97) x31 0x65eab484
core   0: 0x8000a488 (0x00ac34b3) sltu    s1, s8, a0
core   0: 3 0x8000a488 (0x00ac34b3) x9  0x00000001
core   0: 0x8000a48c (0x40c75913) srai    s2, a4, 12
core   0: 3 0x8000a48c (0x40c75913) x18 0x00000000
core   0: 0x8000a490 (0x7c978b93) addi    s7, a5, 1993
core   0: 3 0x8000a490 (0x7c978b93) x23 0x800264ad
core   0: 0x8000a494 (0x0291a0b3) mulhsu  ra, gp, s1
core   0: 3 0x8000a494 (0x0291a0b3) x1  0x00000000
core   0: 0x8000a498 (0x340f7973) csrrci  s2, mscratch, 30
core   0: 3 0x8000a498 (0x340f7973) x18 0x00000017 c832_mscratch 0x00000001
core   0: 0x8000a49c (0x03ac0033) mul     zero, s8, s10
core   0: 3 0x8000a49c (0x03ac0033)
core   0: 0x8000a4a0 (0x34085673) csrrwi  a2, mscratch, 16
core   0: 3 0x8000a4a0 (0x34085673) x12 0x00000001 c832_mscratch 0x00000010
core   0: 0x8000a4a4 (0x00006e91) c.lui   t4, 0x4
core   0: 3 0x8000a4a4 (0x6e91) x29 0x00004000
core   0: 0x8000a4a6 (0x012f0bb3) add     s7, t5, s2
core   0: 3 0x8000a4a6 (0x012f0bb3) x23 0x00000017
core   0: 0x8000a4aa (0x029242b3) div     t0, tp, s1
core   0: 3 0x8000a4aa (0x029242b3) x5  0xffffffff
core   0: 0x8000a4ae (0x036e5733) divu    a4, t3, s6
core   0: 3 0x8000a4ae (0x036e5733) x14 0x11111097
core   0: 0x8000a4b2 (0x00000001) c.nop
core   0: 3 0x8000a4b2 (0x0001)
core   0: 0x8000a4b4 (0x00008d61) c.and   a0, s0
core   0: 3 0x8000a4b4 (0x8d61) x10 0x00000000
core   0: 0x8000a4b6 (0x01b12633) slt     a2, sp, s11
core   0: 3 0x8000a4b6 (0x01b12633) x12 0x00000001
core   0: 0x8000a4ba (0x00000001) c.nop
core   0: 3 0x8000a4ba (0x0001)
core   0: 0x8000a4bc (0x0000ee19) c.bnez  a2, pc + 30
core   0: 3 0x8000a4bc (0xee19)
core   0: 0x8000a4da (0x09cd7f93) andi    t6, s10, 156
core   0: 3 0x8000a4da (0x09cd7f93) x31 0x00000000
core   0: 0x8000a4de (0x0256d3b3) divu    t2, a3, t0
core   0: 3 0x8000a4de (0x0256d3b3) x7  0x00000000
core   0: 0x8000a4e2 (0x00857933) and     s2, a0, s0
core   0: 3 0x8000a4e2 (0x00857933) x18 0x00000000
core   0: 0x8000a4e6 (0x4b5c7f97) auipc   t6, 0x4b5c7
core   0: 3 0x8000a4e6 (0x4b5c7f97) x31 0xcb5d14e6
core   0: 0x8000a4ea (0x00008951) c.andi  a0, 20
core   0: 3 0x8000a4ea (0x8951) x10 0x00000000
core   0: 0x8000a4ec (0x02298733) mul     a4, s3, sp
core   0: 3 0x8000a4ec (0x02298733) x14 0xe59fe9d8
core   0: 0x8000a4f0 (0x00000001) c.nop
core   0: 3 0x8000a4f0 (0x0001)
core   0: 0x8000a4f2 (0x000082d6) c.mv    t0, s5
core   0: 3 0x8000a4f2 (0x82d6) x5  0x00000009
core   0: 0x8000a4f4 (0x027d74b3) remu    s1, s10, t2
core   0: 3 0x8000a4f4 (0x027d74b3) x9  0x00000001
core   0: 0x8000a4f8 (0x03f79763) bne     a5, t6, pc + 46
core   0: 3 0x8000a4f8 (0x03f79763)
core   0: 0x8000a526 (0x02c56863) bltu    a0, a2, pc + 48
core   0: 3 0x8000a526 (0x02c56863)
core   0: 0x8000a556 (0x01aeaa33) slt     s4, t4, s10
core   0: 3 0x8000a556 (0x01aeaa33) x20 0x00000000
core   0: 0x8000a55a (0x0092e5b3) or      a1, t0, s1
core   0: 3 0x8000a55a (0x0092e5b3) x11 0x00000009
core   0: 0x8000a55e (0x025be333) rem     t1, s7, t0
core   0: 3 0x8000a55e (0x025be333) x6  0x00000005
core   0: 0x8000a562 (0x00008e96) c.mv    t4, t0
core   0: 3 0x8000a562 (0x8e96) x29 0x00000009
core   0: 0x8000a564 (0x340d3c73) csrrc   s8, mscratch, s10
core   0: 3 0x8000a564 (0x340d3c73) x24 0x00000010 c832_mscratch 0x00000010
core   0: 0x8000a568 (0x01a37333) and     t1, t1, s10
core   0: 3 0x8000a568 (0x01a37333) x6  0x00000001
core   0: 0x8000a56c (0x34002ff3) csrr    t6, mscratch
core   0: 3 0x8000a56c (0x34002ff3) x31 0x00000010
core   0: 0x8000a570 (0x033189b3) mul     s3, gp, s3
core   0: 3 0x8000a570 (0x033189b3) x19 0x00000000
core   0: 0x8000a574 (0x3400d6f3) csrrwi  a3, mscratch, 1
core   0: 3 0x8000a574 (0x3400d6f3) x13 0x00000010 c832_mscratch 0x00000001
core   0: 0x8000a578 (0x01399663) bne     s3, s3, pc + 12
core   0: 3 0x8000a578 (0x01399663)
core   0: 0x8000a57c (0x1b802393) slti    t2, zero, 440
core   0: 3 0x8000a57c (0x1b802393) x7  0x00000001
core   0: 0x8000a580 (0x03e92933) mulhsu  s2, s2, t5
core   0: 3 0x8000a580 (0x03e92933) x18 0x00000000
core   0: 0x8000a584 (0x016e9213) slli    tp, t4, 22
core   0: 3 0x8000a584 (0x016e9213) x4  0x02400000
core   0: 0x8000a588 (0x03276363) bltu    a4, s2, pc + 38
core   0: 3 0x8000a588 (0x03276363)
core   0: 0x8000a58c (0x026c1cb3) mulh    s9, s8, t1
core   0: 3 0x8000a58c (0x026c1cb3) x25 0x00000000
core   0: 0x8000a590 (0x00008756) c.mv    a4, s5
core   0: 3 0x8000a590 (0x8756) x14 0x00000009
core   0: 0x8000a592 (0x340e9673) csrrw   a2, mscratch, t4
core   0: 3 0x8000a592 (0x340e9673) x12 0x00000001 c832_mscratch 0x00000009
core   0: 0x8000a596 (0x00000a1d) c.addi  s4, 7
core   0: 3 0x8000a596 (0x0a1d) x20 0x00000007
core   0: 0x8000a598 (0x03613533) mulhu   a0, sp, s6
core   0: 3 0x8000a598 (0x03613533) x10 0x00000007
core   0: 0x8000a59c (0x010cf6b3) and     a3, s9, a6
core   0: 3 0x8000a59c (0x010cf6b3) x13 0x00000000
core   0: 0x8000a5a0 (0x59d30493) addi    s1, t1, 1437
core   0: 3 0x8000a5a0 (0x59d30493) x9  0x0000059e
core   0: 0x8000a5a4 (0x000086f2) c.mv    a3, t3
core   0: 3 0x8000a5a4 (0x86f2) x13 0xfffff8d9
core   0: 0x8000a5a6 (0x035ba933) mulhsu  s2, s7, s5
core   0: 3 0x8000a5a6 (0x035ba933) x18 0x00000000
core   0: 0x8000a5aa (0x98a38d17) auipc   s10, 0x98a38
core   0: 3 0x8000a5aa (0x98a38d17) x26 0x18a425aa
core   0: 0x8000a5ae (0x01780863) beq     a6, s7, pc + 16
core   0: 3 0x8000a5ae (0x01780863)
core   0: 0x8000a5b2 (0xcdabb213) sltiu   tp, s7, -806
core   0: 3 0x8000a5b2 (0xcdabb213) x4  0x00000001
core   0: 0x8000a5b6 (0x00008926) c.mv    s2, s1
core   0: 3 0x8000a5b6 (0x8926) x18 0x0000059e
core   0: 0x8000a5b8 (0x00008d61) c.and   a0, s0
core   0: 3 0x8000a5b8 (0x8d61) x10 0x00000000
core   0: 0x8000a5ba (0x02fbca63) blt     s7, a5, pc + 52
core   0: 3 0x8000a5ba (0x02fbca63)
core   0: 0x8000a5be (0x91070813) addi    a6, a4, -1776
core   0: 3 0x8000a5be (0x91070813) x16 0xfffff919
core   0: 0x8000a5c2 (0x000004a2) c.slli  s1, 8
core   0: 3 0x8000a5c2 (0x04a2) x9  0x00059e00
core   0: 0x8000a5c4 (0x02698763) beq     s3, t1, pc + 46
core   0: 3 0x8000a5c4 (0x02698763)
core   0: 0x8000a5c8 (0x025ce163) bltu    s9, t0, pc + 34
core   0: 3 0x8000a5c8 (0x025ce163)
core   0: 0x8000a5ea (0x7ddf6c13) ori     s8, t5, 2013
core   0: 3 0x8000a5ea (0x7ddf6c13) x24 0x000007dd
core   0: 0x8000a5ee (0x340baa73) csrrs   s4, mscratch, s7
core   0: 3 0x8000a5ee (0x340baa73) x20 0x00000009 c832_mscratch 0x0000001f
core   0: 0x8000a5f2 (0x0069ca63) blt     s3, t1, pc + 20
core   0: 3 0x8000a5f2 (0x0069ca63)
core   0: 0x8000a606 (0x340f9ef3) csrrw   t4, mscratch, t6
core   0: 3 0x8000a606 (0x340f9ef3) x29 0x0000001f c832_mscratch 0x00000010
core   0: 0x8000a60a (0x340ae973) csrrsi  s2, mscratch, 21
core   0: 3 0x8000a60a (0x340ae973) x18 0x00000010 c832_mscratch 0x00000015
core   0: 0x8000a60e (0x01bf1813) slli    a6, t5, 27
core   0: 3 0x8000a60e (0x01bf1813) x16 0x00000000
core   0: 0x8000a612 (0xc4d8db37) lui     s6, 0xc4d8d
core   0: 3 0x8000a612 (0xc4d8db37) x22 0xc4d8d000
core   0: 0x8000a616 (0x01aaadb3) slt     s11, s5, s10
core   0: 3 0x8000a616 (0x01aaadb3) x27 0x00000001
core   0: 0x8000a61a (0x76fd0893) addi    a7, s10, 1903
core   0: 3 0x8000a61a (0x76fd0893) x17 0x18a42d19
core   0: 0x8000a61e (0x02e50c63) beq     a0, a4, pc + 56
core   0: 3 0x8000a61e (0x02e50c63)
core   0: 0x8000a622 (0x00d5d3b3) srl     t2, a1, a3
core   0: 3 0x8000a622 (0x00d5d3b3) x7  0x00000000
core   0: 0x8000a626 (0x02d37b63) bgeu    t1, a3, pc + 54
core   0: 3 0x8000a626 (0x02d37b63)
core   0: 0x8000a62a (0x00000001) c.nop
core   0: 3 0x8000a62a (0x0001)
core   0: 0x8000a62c (0x01971433) sll     s0, a4, s9
core   0: 3 0x8000a62c (0x01971433) x8  0x00000009
core   0: 0x8000a630 (0x00009bf2) c.add   s7, t3
core   0: 3 0x8000a630 (0x9bf2) x23 0xfffff8f0
core   0: 0x8000a632 (0x0000100f) fence.i
core   0: 3 0x8000a632 (0x0000100f)
core   0: 0x8000a636 (0x41b7d293) srai    t0, a5, 27
core   0: 3 0x8000a636 (0x41b7d293) x5  0xfffffff0
core   0: 0x8000a63a (0x0000098e) c.slli  s3, 3
core   0: 3 0x8000a63a (0x098e) x19 0x00000000
core   0: 0x8000a63c (0x00006b25) c.lui   s6, 0x9
core   0: 3 0x8000a63c (0x6b25) x22 0x00009000
core   0: 0x8000a63e (0x000012fd) c.addi  t0, -1
core   0: 3 0x8000a63e (0x12fd) x5  0xffffffef
core   0: 0x8000a640 (0x340cd573) csrrwi  a0, mscratch, 25
core   0: 3 0x8000a640 (0x340cd573) x10 0x00000015 c832_mscratch 0x00000019
core   0: 0x8000a644 (0x00008ca6) c.mv    s9, s1
core   0: 3 0x8000a644 (0x8ca6) x25 0x00059e00
core   0: 0x8000a646 (0x40145693) srai    a3, s0, 1
core   0: 3 0x8000a646 (0x40145693) x13 0x00000004
core   0: 0x8000a64a (0x41b85413) srai    s0, a6, 27
core   0: 3 0x8000a64a (0x41b85413) x8  0x00000000
core   0: 0x8000a64e (0x01128c63) beq     t0, a7, pc + 24
core   0: 3 0x8000a64e (0x01128c63)
core   0: 0x8000a652 (0x03317863) bgeu    sp, s3, pc + 48
core   0: 3 0x8000a652 (0x03317863)
core   0: 0x8000a682 (0x03190163) beq     s2, a7, pc + 34
core   0: 3 0x8000a682 (0x03190163)
core   0: 0x8000a686 (0x00391993) slli    s3, s2, 3
core   0: 3 0x8000a686 (0x00391993) x19 0x00000080
core   0: 0x8000a68a (0x00008225) c.srli  a2, 9
core   0: 3 0x8000a68a (0x8225) x12 0x00000000
core   0: 0x8000a68c (0x023ded33) rem     s10, s11, gp
core   0: 3 0x8000a68c (0x023ded33) x26 0x00000001
core   0: 0x8000a690 (0x017592b3) sll     t0, a1, s7
core   0: 3 0x8000a690 (0x017592b3) x5  0x00090000
core   0: 0x8000a694 (0x033de263) bltu    s11, s3, pc + 36
core   0: 3 0x8000a694 (0x033de263)
core   0: 0x8000a6b8 (0x020d2533) mulhsu  a0, s10, zero
core   0: 3 0x8000a6b8 (0x020d2533) x10 0x00000000
core   0: 0x8000a6bc (0x0208f163) bgeu    a7, zero, pc + 34
core   0: 3 0x8000a6bc (0x0208f163)
core   0: 0x8000a6de (0x03b93933) mulhu   s2, s2, s11
core   0: 3 0x8000a6de (0x03b93933) x18 0x00000000
core   0: 0x8000a6e2 (0x83dbb713) sltiu   a4, s7, -1987
core   0: 3 0x8000a6e2 (0x83dbb713) x14 0x00000000
core   0: 0x8000a6e6 (0x00000a42) c.slli  s4, 16
core   0: 3 0x8000a6e6 (0x0a42) x20 0x00090000
core   0: 0x8000a6e8 (0x340715f3) csrrw   a1, mscratch, a4
core   0: 3 0x8000a6e8 (0x340715f3) x11 0x00000019 c832_mscratch 0x00000000
core   0: 0x8000a6ec (0x013e9fb3) sll     t6, t4, s3
core   0: 3 0x8000a6ec (0x013e9fb3) x31 0x0000001f
core   0: 0x8000a6f0 (0x007f2d33) slt     s10, t5, t2
core   0: 3 0x8000a6f0 (0x007f2d33) x26 0x00000000
core   0: 0x8000a6f4 (0x52750b37) lui     s6, 0x52750
core   0: 3 0x8000a6f4 (0x52750b37) x22 0x52750000
core   0: 0x8000a6f8 (0x41348033) sub     zero, s1, s3
core   0: 3 0x8000a6f8 (0x41348033)
core   0: 0x8000a6fc (0x340e56f3) csrrwi  a3, mscratch, 28
core   0: 3 0x8000a6fc (0x340e56f3) x13 0x00000000 c832_mscratch 0x0000001c
core   0: 0x8000a700 (0x4061deb3) sra     t4, gp, t1
core   0: 3 0x8000a700 (0x4061deb3) x29 0x00000000
core   0: 0x8000a704 (0x00008ecd) c.or    a3, a1
core   0: 3 0x8000a704 (0x8ecd) x13 0x00000019
core   0: 0x8000a706 (0x02988763) beq     a7, s1, pc + 46
core   0: 3 0x8000a706 (0x02988763)
core   0: 0x8000a70a (0x00fbc8b3) xor     a7, s7, a5
core   0: 3 0x8000a70a (0x00fbc8b3) x17 0x7ffda414
core   0: 0x8000a70e (0x712cb513) sltiu   a0, s9, 1810
core   0: 3 0x8000a70e (0x712cb513) x10 0x00000000
core   0: 0x8000a712 (0x00000001) c.nop
core   0: 3 0x8000a712 (0x0001)
core   0: 0x8000a714 (0x039c6763) bltu    s8, s9, pc + 46
core   0: 3 0x8000a714 (0x039c6763)
core   0: 0x8000a742 (0x65100e13) li      t3, 1617
core   0: 3 0x8000a742 (0x65100e13) x28 0x00000651
core   0: 0x8000a746 (0x16b22617) auipc   a2, 0x16b22
core   0: 3 0x8000a746 (0x16b22617) x12 0x96b2c746
core   0: 0x8000a74a (0x00000bf1) c.addi  s7, 28
core   0: 3 0x8000a74a (0x0bf1) x23 0xfffff90c
core   0: 0x8000a74c (0x340cd0f3) csrrwi  ra, mscratch, 25
core   0: 3 0x8000a74c (0x340cd0f3) x1  0x0000001c c832_mscratch 0x00000019
core   0: 0x8000a750 (0x000082f1) c.srli  a3, 28
core   0: 3 0x8000a750 (0x82f1) x13 0x00000000
core   0: 0x8000a752 (0x0ff0000f) fence   iorw,iorw
core   0: 3 0x8000a752 (0x0ff0000f)
core   0: 0x8000a756 (0x340036f3) csrrc   a3, mscratch, zero
core   0: 3 0x8000a756 (0x340036f3) x13 0x00000019
core   0: 0x8000a75a (0x340fadf3) csrrs   s11, mscratch, t6
core   0: 3 0x8000a75a (0x340fadf3) x27 0x00000019 c832_mscratch 0x0000001f
core   0: 0x8000a75e (0x03f44333) div     t1, s0, t6
core   0: 3 0x8000a75e (0x03f44333) x6  0x00000000
core   0: 0x8000a762 (0x0000884d) c.andi  s0, 19
core   0: 3 0x8000a762 (0x884d) x8  0x00000000
core   0: 0x8000a764 (0x419dd493) srai    s1, s11, 25
core   0: 3 0x8000a764 (0x419dd493) x9  0x00000000
core   0: 0x8000a768 (0x0000888e) c.mv    a7, gp
core   0: 3 0x8000a768 (0x888e) x17 0x00000000
core   0: 0x8000a76a (0x00009506) c.add   a0, ra
core   0: 3 0x8000a76a (0x9506) x10 0x0000001c
core   0: 0x8000a76c (0x0000e725) c.bnez  a4, pc + 104
core   0: 3 0x8000a76c (0xe725)
core   0: 0x8000a76e (0x034021b3) mulhsu  gp, zero, s4
core   0: 3 0x8000a76e (0x034021b3) x3  0x00000000
core   0: 0x8000a772 (0xf9760e93) addi    t4, a2, -105
core   0: 3 0x8000a772 (0xf9760e93) x29 0x96b2c6dd
core   0: 0x8000a776 (0x000058fd) c.li    a7, -1
core   0: 3 0x8000a776 (0x58fd) x17 0xffffffff
core   0: 0x8000a778 (0x022c9833) mulh    a6, s9, sp
core   0: 3 0x8000a778 (0x022c9833) x16 0xfffd310b
core   0: 0x8000a77c (0x04baed63) bltu    s5, a1, pc + 90
core   0: 3 0x8000a77c (0x04baed63)
core   0: 0x8000a7d6 (0xd003ba13) sltiu   s4, t2, -768
core   0: 3 0x8000a7d6 (0xd003ba13) x20 0x00000001
core   0: 0x8000a7da (0x9ffa3b13) sltiu   s6, s4, -1537
core   0: 3 0x8000a7da (0x9ffa3b13) x22 0x00000001
core   0: 0x8000a7de (0x00008ef5) c.and   a3, a3
core   0: 3 0x8000a7de (0x8ef5) x13 0x00000019
core   0: 0x8000a7e0 (0x02899633) mulh    a2, s3, s0
core   0: 3 0x8000a7e0 (0x02899633) x12 0x00000000
core   0: 0x8000a7e4 (0x00006321) c.lui   t1, 0x8
core   0: 3 0x8000a7e4 (0x6321) x6  0x00008000
core   0: 0x8000a7e6 (0x0000c609) c.beqz  a2, pc + 10
core   0: 3 0x8000a7e6 (0xc609)
core   0: 0x8000a7f0 (0x66498e93) addi    t4, s3, 1636
core   0: 3 0x8000a7f0 (0x66498e93) x29 0x000006e4
core   0: 0x8000a7f4 (0x00000676) c.slli  a2, 29
core   0: 3 0x8000a7f4 (0x0676) x12 0x00000000
core   0: 0x8000a7f6 (0x00000001) c.nop
core   0: 3 0x8000a7f6 (0x0001)
core   0: 0x8000a7f8 (0x01849693) slli    a3, s1, 24
core   0: 3 0x8000a7f8 (0x01849693) x13 0x00000000
core   0: 0x8000a7fc (0x02532333) mulhsu  t1, t1, t0
core   0: 3 0x8000a7fc (0x02532333) x6  0x00000004
core   0: 0x8000a800 (0x037dad33) mulhsu  s10, s11, s7
core   0: 3 0x8000a800 (0x037dad33) x26 0x00000018
core   0: 0x8000a804 (0x669e3193) sltiu   gp, t3, 1641
core   0: 3 0x8000a804 (0x669e3193) x3  0x00000001
core   0: 0x8000a808 (0x0000e2a1) c.bnez  a3, pc + 64
core   0: 3 0x8000a808 (0xe2a1)
core   0: 0x8000a80a (0x000006da) c.slli  a3, 22
core   0: 3 0x8000a80a (0x06da) x13 0x00000000
core   0: 0x8000a80c (0x00625eb3) srl     t4, tp, t1
core   0: 3 0x8000a80c (0x00625eb3) x29 0x00000000
core   0: 0x8000a810 (0x00e2e433) or      s0, t0, a4
core   0: 3 0x8000a810 (0x00e2e433) x8  0x00090000
core   0: 0x8000a814 (0x0000c115) c.beqz  a0, pc + 36
core   0: 3 0x8000a814 (0xc115)
core   0: 0x8000a816 (0x0ff0000f) fence   iorw,iorw
core   0: 3 0x8000a816 (0x0ff0000f)
core   0: 0x8000a81a (0x340be2f3) csrrsi  t0, mscratch, 23
core   0: 3 0x8000a81a (0x340be2f3) x5  0x0000001f c832_mscratch 0x0000001f
core   0: 0x8000a81e (0xe677f513) andi    a0, a5, -409
core   0: 3 0x8000a81e (0xe677f513) x10 0x80025c64
core   0: 0x8000a822 (0x03c9c163) blt     s3, t3, pc + 34
core   0: 3 0x8000a822 (0x03c9c163)
core   0: 0x8000a844 (0x018ad593) srli    a1, s5, 24
core   0: 3 0x8000a844 (0x018ad593) x11 0x00000000
core   0: 0x8000a848 (0x1399ad13) slti    s10, s3, 313
core   0: 3 0x8000a848 (0x1399ad13) x26 0x00000001
core   0: 0x8000a84c (0x0148aeb3) slt     t4, a7, s4
core   0: 3 0x8000a84c (0x0148aeb3) x29 0x00000001
core   0: 0x8000a850 (0x020f1b33) mulh    s6, t5, zero
core   0: 3 0x8000a850 (0x020f1b33) x22 0x00000000
core   0: 0x8000a854 (0x036c89b3) mul     s3, s9, s6
core   0: 3 0x8000a854 (0x036c89b3) x19 0x00000000
core   0: 0x8000a858 (0x03951033) mulh    zero, a0, s9
core   0: 3 0x8000a858 (0x03951033)
core   0: 0x8000a85c (0x0272b633) mulhu   a2, t0, t2
core   0: 3 0x8000a85c (0x0272b633) x12 0x00000000
core   0: 0x8000a860 (0x410fd293) srai    t0, t6, 16
core   0: 3 0x8000a860 (0x410fd293) x5  0x00000000
core   0: 0x8000a864 (0x02282933) mulhsu  s2, a6, sp
core   0: 3 0x8000a864 (0x02282933) x18 0xfffe987f
core   0: 0x8000a868 (0xbaf8ff93) andi    t6, a7, -1105
core   0: 3 0x8000a868 (0xbaf8ff93) x31 0xfffffbaf
core   0: 0x8000a86c (0x02829763) bne     t0, s0, pc + 46
core   0: 3 0x8000a86c (0x02829763)
core   0: 0x8000a89a (0x05b9c063) blt     s3, s11, pc + 64
core   0: 3 0x8000a89a (0x05b9c063)
core   0: 0x8000a8da (0x00008f01) c.sub   a4, s0
core   0: 3 0x8000a8da (0x8f01) x14 0xfff70000
core   0: 0x8000a8dc (0x3403df73) csrrwi  t5, mscratch, 7
core   0: 3 0x8000a8dc (0x3403df73) x30 0x0000001f c832_mscratch 0x00000007
core   0: 0x8000a8e0 (0x340078f3) csrrci  a7, mscratch, 0
core   0: 3 0x8000a8e0 (0x340078f3) x17 0x00000007
core   0: 0x8000a8e4 (0x03fc91b3) mulh    gp, s9, t6
core   0: 3 0x8000a8e4 (0x03fc91b3) x3  0xffffffff
core   0: 0x8000a8e8 (0x00000001) c.nop
core   0: 3 0x8000a8e8 (0x0001)
core   0: 0x8000a8ea (0x413105b3) sub     a1, sp, s3
core   0: 3 0x8000a8ea (0x413105b3) x11 0x80021e1c
core   0: 0x8000a8ee (0x00d75913) srli    s2, a4, 13
core   0: 3 0x8000a8ee (0x00d75913) x18 0x0007ffb8
core   0: 0x8000a8f2 (0x0130c963) blt     ra, s3, pc + 18
core   0: 3 0x8000a8f2 (0x0130c963)
core   0: 0x8000a8f6 (0x01b89433) sll     s0, a7, s11
core   0: 3 0x8000a8f6 (0x01b89433) x8  0x0e000000
core   0: 0x8000a8fa (0x02070c33) mul     s8, a4, zero
core   0: 3 0x8000a8fa (0x02070c33) x24 0x00000000
core   0: 0x8000a8fe (0x01ca3933) sltu    s2, s4, t3
core   0: 3 0x8000a8fe (0x01ca3933) x18 0x00000001
core   0: 0x8000a902 (0x00004b1d) c.li    s6, 7
core   0: 3 0x8000a902 (0x4b1d) x22 0x00000007
core   0: 0x8000a904 (0x340256f3) csrrwi  a3, mscratch, 4
core   0: 3 0x8000a904 (0x340256f3) x13 0x00000007 c832_mscratch 0x00000004
core   0: 0x8000a908 (0x00be0693) addi    a3, t3, 11
core   0: 3 0x8000a908 (0x00be0693) x13 0x0000065c
core   0: 0x8000a90c (0x0000100f) fence.i
core   0: 3 0x8000a90c (0x0000100f)
core   0: 0x8000a910 (0x0000021e) c.slli  tp, 7
core   0: 3 0x8000a910 (0x021e) x4  0x00000080
core   0: 0x8000a912 (0xd6916b93) ori     s7, sp, -663
core   0: 3 0x8000a912 (0xd6916b93) x23 0xffffff7d
core   0: 0x8000a916 (0x340fb4f3) csrrc   s1, mscratch, t6
core   0: 3 0x8000a916 (0x340fb4f3) x9  0x00000004 c832_mscratch 0x00000000
core   0: 0x8000a91a (0xdb947613) andi    a2, s0, -583
core   0: 3 0x8000a91a (0xdb947613) x12 0x0e000000
core   0: 0x8000a91e (0x00000001) c.nop
core   0: 3 0x8000a91e (0x0001)
core   0: 0x8000a920 (0x00000001) c.nop
core   0: 3 0x8000a920 (0x0001)
core   0: 0x8000a922 (0x022a8033) mul     zero, s5, sp
core   0: 3 0x8000a922 (0x022a8033)
core   0: 0x8000a926 (0xc2497f93) andi    t6, s2, -988
core   0: 3 0x8000a926 (0xc2497f93) x31 0x00000000
core   0: 0x8000a92a (0x01c09493) slli    s1, ra, 28
core   0: 3 0x8000a92a (0x01c09493) x9  0xc0000000
core   0: 0x8000a92e (0x00b74d33) xor     s10, a4, a1
core   0: 3 0x8000a92e (0x00b74d33) x26 0x7ff51e1c
core   0: 0x8000a932 (0xa08ebb93) sltiu   s7, t4, -1528
core   0: 3 0x8000a932 (0xa08ebb93) x23 0x00000001
core   0: 0x8000a936 (0x03414663) blt     sp, s4, pc + 44
core   0: 3 0x8000a936 (0x03414663)
core   0: 0x8000a962 (0x00008cf9) c.and   s1, a4
core   0: 3 0x8000a962 (0x8cf9) x9  0xc0000000
core   0: 0x8000a964 (0x34032df3) csrrs   s11, mscratch, t1
core   0: 3 0x8000a964 (0x34032df3) x27 0x00000000 c832_mscratch 0x00000004
core   0: 0x8000a968 (0x00009c72) c.add   s8, t3
core   0: 3 0x8000a968 (0x9c72) x24 0x00000651
core   0: 0x8000a96a (0x00409513) slli    a0, ra, 4
core   0: 3 0x8000a96a (0x00409513) x10 0x000001c0
core   0: 0x8000a96e (0x08fce313) ori     t1, s9, 143
core   0: 3 0x8000a96e (0x08fce313) x6  0x00059e8f
core   0: 0x8000a972 (0x00008e69) c.and   a2, a0
core   0: 3 0x8000a972 (0x8e69) x12 0x00000000
core   0: 0x8000a974 (0x00008c71) c.and   s0, a2
core   0: 3 0x8000a974 (0x8c71) x8  0x00000000
core   0: 0x8000a976 (0x0ff0000f) fence   iorw,iorw
core   0: 3 0x8000a976 (0x0ff0000f)
core   0: 0x8000a97a (0x0000100f) fence.i
core   0: 3 0x8000a97a (0x0000100f)
core   0: 0x8000a97e (0x02e4f363) bgeu    s1, a4, pc + 38
core   0: 3 0x8000a97e (0x02e4f363)
core   0: 0x8000a982 (0x022fd963) bge     t6, sp, pc + 50
core   0: 3 0x8000a982 (0x022fd963)
core   0: 0x8000a9b4 (0x02ab96b3) mulh    a3, s7, a0
core   0: 3 0x8000a9b4 (0x02ab96b3) x13 0x00000000
core   0: 0x8000a9b8 (0x01ddd893) srli    a7, s11, 29
core   0: 3 0x8000a9b8 (0x01ddd893) x17 0x00000000
core   0: 0x8000a9bc (0x03511bb3) mulh    s7, sp, s5
core   0: 3 0x8000a9bc (0x03511bb3) x23 0xfffffffb
core   0: 0x8000a9c0 (0xdc393337) lui     t1, 0xdc393
core   0: 3 0x8000a9c0 (0xdc393337) x6  0xdc393000
core   0: 0x8000a9c4 (0x0252fe63) bgeu    t0, t0, pc + 60
core   0: 3 0x8000a9c4 (0x0252fe63)
core   0: 0x8000aa00 (0x0299fb33) remu    s6, s3, s1
core   0: 3 0x8000aa00 (0x0299fb33) x22 0x00000000
core   0: 0x8000aa04 (0x0352b233) mulhu   tp, t0, s5
core   0: 3 0x8000aa04 (0x0352b233) x4  0x00000000
core   0: 0x8000aa08 (0x00006c6d) c.lui   s8, 0x1b
core   0: 3 0x8000aa08 (0x6c6d) x24 0x0001b000
core   0: 0x8000aa0a (0x00008d31) c.xor   a0, a2
core   0: 3 0x8000aa0a (0x8d31) x10 0x000001c0
core   0: 0x8000aa0c (0x46274993) xori    s3, a4, 1122
core   0: 3 0x8000aa0c (0x46274993) x19 0xfff70462
core   0: 0x8000aa10 (0xe0f36e37) lui     t3, 0xe0f36
core   0: 3 0x8000aa10 (0xe0f36e37) x28 0xe0f36000
core   0: 0x8000aa14 (0x01aa4c63) blt     s4, s10, pc + 24
core   0: 3 0x8000aa14 (0x01aa4c63)
core   0: 0x8000aa2c (0xdfa1c2b7) lui     t0, 0xdfa1c
core   0: 3 0x8000aa2c (0xdfa1c2b7) x5  0xdfa1c000
core   0: 0x8000aa30 (0x00e18f33) add     t5, gp, a4
core   0: 3 0x8000aa30 (0x00e18f33) x30 0xfff6ffff
core   0: 0x8000aa34 (0xa00a8093) addi    ra, s5, -1536
core   0: 3 0x8000aa34 (0xa00a8093) x1  0xfffffa09
core   0: 0x8000aa38 (0x60320013) addi    zero, tp, 1539
core   0: 3 0x8000aa38 (0x60320013)
core   0: 0x8000aa3c (0x0000c695) c.beqz  a3, pc + 44
core   0: 3 0x8000aa3c (0xc695)
core   0: 0x8000aa68 (0x022d5b33) divu    s6, s10, sp
core   0: 3 0x8000aa68 (0x022d5b33) x22 0x00000000
core   0: 0x8000aa6c (0x00008c29) c.xor   s0, a0
core   0: 3 0x8000aa6c (0x8c29) x8  0x000001c0
core   0: 0x8000aa6e (0x00008f09) c.sub   a4, a0
core   0: 3 0x8000aa6e (0x8f09) x14 0xfff6fe40
core   0: 0x8000aa70 (0x00008079) c.srli  s0, 30
core   0: 3 0x8000aa70 (0x8079) x8  0x00000000
core   0: 0x8000aa72 (0x3405d1f3) csrrwi  gp, mscratch, 11
core   0: 3 0x8000aa72 (0x3405d1f3) x3  0x00000004 c832_mscratch 0x0000000b
core   0: 0x8000aa76 (0x00000c11) c.addi  s8, 4
core   0: 3 0x8000aa76 (0x0c11) x24 0x0001b004
core   0: 0x8000aa78 (0x34002673) csrr    a2, mscratch
core   0: 3 0x8000aa78 (0x34002673) x12 0x0000000b
core   0: 0x8000aa7c (0x00000bbe) c.slli  s7, 15
core   0: 3 0x8000aa7c (0x0bbe) x23 0xfffd8000
core   0: 0x8000aa7e (0x020ca6b3) mulhsu  a3, s9, zero
core   0: 3 0x8000aa7e (0x020ca6b3) x13 0x00000000
core   0: 0x8000aa82 (0x9e39f517) auipc   a0, 0x9e39f
core   0: 3 0x8000aa82 (0x9e39f517) x10 0x1e3a9a82
core   0: 0x8000aa86 (0xe5149fb7) lui     t6, 0xe5149
core   0: 3 0x8000aa86 (0xe5149fb7) x31 0xe5149000
core   0: 0x8000aa8a (0x03f3f063) bgeu    t2, t6, pc + 32
core   0: 3 0x8000aa8a (0x03f3f063)
core   0: 0x8000aa8e (0x01d803b3) add     t2, a6, t4
core   0: 3 0x8000aa8e (0x01d803b3) x7  0xfffd310c
core   0: 0x8000aa92 (0x00008e39) c.xor   a2, a4
core   0: 3 0x8000aa92 (0x8e39) x12 0xfff6fe4b
core   0: 0x8000aa94 (0x009ef933) and     s2, t4, s1
core   0: 3 0x8000aa94 (0x009ef933) x18 0x00000000
core   0: 0x8000aa98 (0x053f8163) beq     t6, s3, pc + 66
core   0: 3 0x8000aa98 (0x053f8163)
core   0: 0x8000aa9c (0x00000606) c.slli  a2, 1
core   0: 3 0x8000aa9c (0x0606) x12 0xffedfc96
core   0: 0x8000aa9e (0x41735293) srai    t0, t1, 23
core   0: 3 0x8000aa9e (0x41735293) x5  0xffffffb8
core   0: 0x8000aaa2 (0x03520a33) mul     s4, tp, s5
core   0: 3 0x8000aaa2 (0x03520a33) x20 0x00000000
core   0: 0x8000aaa6 (0x01560433) add     s0, a2, s5
core   0: 3 0x8000aaa6 (0x01560433) x8  0xffedfc9f
core   0: 0x8000aaaa (0x00008e1d) c.sub   a2, a5
core   0: 3 0x8000aaaa (0x8e1d) x12 0x7feb9fb2
core   0: 0x8000aaac (0x00000001) c.nop
core   0: 3 0x8000aaac (0x0001)
core   0: 0x8000aaae (0x019f3a33) sltu    s4, t5, s9
core   0: 3 0x8000aaae (0x019f3a33) x20 0x00000000
core   0: 0x8000aab2 (0x00000001) c.nop
core   0: 3 0x8000aab2 (0x0001)
core   0: 0x8000aab4 (0x00ea5433) srl     s0, s4, a4
core   0: 3 0x8000aab4 (0x00ea5433) x8  0x00000000
core   0: 0x8000aab8 (0x0000100f) fence.i
core   0: 3 0x8000aab8 (0x0000100f)
core   0: 0x8000aabc (0x34007ef3) csrrci  t4, mscratch, 0
core   0: 3 0x8000aabc (0x34007ef3) x29 0x0000000b
core   0: 0x8000aac0 (0x0323ee63) bltu    t2, s2, pc + 60
core   0: 3 0x8000aac0 (0x0323ee63)
core   0: 0x8000aac4 (0x2ac77393) andi    t2, a4, 684
core   0: 3 0x8000aac4 (0x2ac77393) x7  0x00000200
core   0: 0x8000aac8 (0x00000001) c.nop
core   0: 3 0x8000aac8 (0x0001)
core   0: 0x8000aaca (0x01607a63) bgeu    zero, s6, pc + 20
core   0: 3 0x8000aaca (0x01607a63)
core   0: 0x8000aade (0x02ef6eb3) rem     t4, t5, a4
core   0: 3 0x8000aade (0x02ef6eb3) x29 0xfff6ffff
core   0: 0x8000aae2 (0x000009f9) c.addi  s3, 30
core   0: 3 0x8000aae2 (0x09f9) x19 0xfff70480
core   0: 0x8000aae4 (0x02d1dfb3) divu    t6, gp, a3
core   0: 3 0x8000aae4 (0x02d1dfb3) x31 0xffffffff
core   0: 0x8000aae8 (0x413b5eb3) sra     t4, s6, s3
core   0: 3 0x8000aae8 (0x413b5eb3) x29 0x00000000
core   0: 0x8000aaec (0x34011d73) csrrw   s10, mscratch, sp
core   0: 3 0x8000aaec (0x34011d73) x26 0x0000000b c832_mscratch 0x80021e1c
core   0: 0x8000aaf0 (0x188eee13) ori     t3, t4, 392
core   0: 3 0x8000aaf0 (0x188eee13) x28 0x00000188
core   0: 0x8000aaf4 (0x00e5b333) sltu    t1, a1, a4
core   0: 3 0x8000aaf4 (0x00e5b333) x6  0x00000001
core   0: 0x8000aaf8 (0x0149df13) srli    t5, s3, 20
core   0: 3 0x8000aaf8 (0x0149df13) x30 0x00000fff
core   0: 0x8000aafc (0x00008635) c.srai  a2, 13
core   0: 3 0x8000aafc (0x8635) x12 0x0003ff5c
core   0: 0x8000aafe (0x00eade63) bge     s5, a4, pc + 28
core   0: 3 0x8000aafe (0x00eade63)
core   0: 0x8000ab1a (0x002cfdb3) and     s11, s9, sp
core   0: 3 0x8000ab1a (0x002cfdb3) x27 0x00001e00
core   0: 0x8000ab1e (0x00006d6d) c.lui   s10, 0x1b
core   0: 3 0x8000ab1e (0x6d6d) x26 0x0001b000
core   0: 0x8000ab20 (0x00000001) c.nop
core   0: 3 0x8000ab20 (0x0001)
core   0: 0x8000ab22 (0x47957393) andi    t2, a0, 1145
core   0: 3 0x8000ab22 (0x47957393) x7  0x00000000
core   0: 0x8000ab26 (0x0003a933) slt     s2, t2, zero
core   0: 3 0x8000ab26 (0x0003a933) x18 0x00000000
core   0: 0x8000ab2a (0x340265f3) csrrsi  a1, mscratch, 4
core   0: 3 0x8000ab2a (0x340265f3) x11 0x80021e1c c832_mscratch 0x80021e1c
core   0: 0x8000ab2e (0x03f1cbb3) div     s7, gp, t6
core   0: 3 0x8000ab2e (0x03f1cbb3) x23 0xfffffffc
core   0: 0x8000ab32 (0x0000987d) c.andi  s0, -1
core   0: 3 0x8000ab32 (0x987d) x8  0x00000000
core   0: 0x8000ab34 (0x019df6b3) and     a3, s11, s9
core   0: 3 0x8000ab34 (0x019df6b3) x13 0x00001e00
core   0: 0x8000ab38 (0x011652b3) srl     t0, a2, a7
core   0: 3 0x8000ab38 (0x011652b3) x5  0x0003ff5c
core   0: 0x8000ab3c (0x024f2833) mulhsu  a6, t5, tp
core   0: 3 0x8000ab3c (0x024f2833) x16 0x00000000
core   0: 0x8000ab40 (0x4056da13) srai    s4, a3, 5
core   0: 3 0x8000ab40 (0x4056da13) x20 0x000000f0
core   0: 0x8000ab44 (0x039b0cb3) mul     s9, s6, s9
core   0: 3 0x8000ab44 (0x039b0cb3) x25 0x00000000
core   0: 0x8000ab48 (0x00008dad) c.xor   a1, a1
core   0: 3 0x8000ab48 (0x8dad) x11 0x00000000
core   0: 0x8000ab4a (0xa0dc4693) xori    a3, s8, -1523
core   0: 3 0x8000ab4a (0xa0dc4693) x13 0xfffe4a09
core   0: 0x8000ab4e (0x00008f35) c.xor   a4, a3
core   0: 3 0x8000ab4e (0x8f35) x14 0x0008b449
core   0: 0x8000ab50 (0x03586db3) rem     s11, a6, s5
core   0: 3 0x8000ab50 (0x03586db3) x27 0x00000000
core   0: 0x8000ab54 (0x340510f3) csrrw   ra, mscratch, a0
core   0: 3 0x8000ab54 (0x340510f3) x1  0x80021e1c c832_mscratch 0x1e3a9a82
core   0: 0x8000ab58 (0x00006de9) c.lui   s11, 0x1a
core   0: 3 0x8000ab58 (0x6de9) x27 0x0001a000
core   0: 0x8000ab5a (0x34003cf3) csrrc   s9, mscratch, zero
core   0: 3 0x8000ab5a (0x34003cf3) x25 0x1e3a9a82
core   0: 0x8000ab5e (0x340fd8f3) csrrwi  a7, mscratch, 31
core   0: 3 0x8000ab5e (0x340fd8f3) x17 0x1e3a9a82 c832_mscratch 0x0000001f
core   0: 0x8000ab62 (0x0211c6b3) div     a3, gp, ra
core   0: 3 0x8000ab62 (0x0211c6b3) x13 0x00000000
core   0: 0x8000ab66 (0x0247ab33) mulhsu  s6, a5, tp
core   0: 3 0x8000ab66 (0x0247ab33) x22 0x00000000
core   0: 0x8000ab6a (0x34011273) csrrw   tp, mscratch, sp
core   0: 3 0x8000ab6a (0x34011273) x4  0x0000001f c832_mscratch 0x80021e1c
core   0: 0x8000ab6e (0x465dc537) lui     a0, 0x465dc
core   0: 3 0x8000ab6e (0x465dc537) x10 0x465dc000
core   0: 0x8000ab72 (0x0ff0000f) fence   iorw,iorw
core   0: 3 0x8000ab72 (0x0ff0000f)
core   0: 0x8000ab76 (0x88454293) xori    t0, a0, -1916
core   0: 3 0x8000ab76 (0x88454293) x5  0xb9a23884
core   0: 0x8000ab7a (0x00008ec1) c.or    a3, s0
core   0: 3 0x8000ab7a (0x8ec1) x13 0x00000000
core   0: 0x8000ab7c (0x05fd7937) lui     s2, 0x5fd7
core   0: 3 0x8000ab7c (0x05fd7937) x18 0x05fd7000
core   0: 0x8000ab80 (0x00008dc5) c.or    a1, s1
core   0: 3 0x8000ab80 (0x8dc5) x11 0xc0000000
core   0: 0x8000ab82 (0x00008ecd) c.or    a3, a1
core   0: 3 0x8000ab82 (0x8ecd) x13 0xc0000000
core   0: 0x8000ab84 (0x0205d033) divu    zero, a1, zero
core   0: 3 0x8000ab84 (0x0205d033)
core   0: 0x8000ab88 (0x01b15b33) srl     s6, sp, s11
core   0: 3 0x8000ab88 (0x01b15b33) x22 0x80021e1c
core   0: 0x8000ab8c (0x02dd4833) div     a6, s10, a3
core   0: 3 0x8000ab8c (0x02dd4833) x16 0x00000000
core   0: 0x8000ab90 (0x0000cf15) c.beqz  a4, pc + 60
core   0: 3 0x8000ab90 (0xcf15)
core   0: 0x8000ab92 (0x03f1c763) blt     gp, t6, pc + 46
core   0: 3 0x8000ab92 (0x03f1c763)
core   0: 0x8000ab96 (0x00000001) c.nop
core   0: 3 0x8000ab96 (0x0001)
core   0: 0x8000ab98 (0x036c1433) mulh    s0, s8, s6
core   0: 3 0x8000ab98 (0x036c1433) x8  0xffff2801
core   0: 0x8000ab9c (0x0341ed33) rem     s10, gp, s4
core   0: 3 0x8000ab9c (0x0341ed33) x26 0x00000004
core   0: 0x8000aba0 (0x81b97513) andi    a0, s2, -2021
core   0: 3 0x8000aba0 (0x81b97513) x10 0x05fd7000
core   0: 0x8000aba4 (0x037801b3) mul     gp, a6, s7
core   0: 3 0x8000aba4 (0x037801b3) x3  0x00000000
core   0: 0x8000aba8 (0x00000001) c.nop
core   0: 3 0x8000aba8 (0x0001)
core   0: 0x8000abaa (0x02cfbb33) mulhu   s6, t6, a2
core   0: 3 0x8000abaa (0x02cfbb33) x22 0x0003ff5b
core   0: 0x8000abae (0x7db6af13) slti    t5, a3, 2011
core   0: 3 0x8000abae (0x7db6af13) x30 0x00000001
core   0: 0x8000abb2 (0x049b3313) sltiu   t1, s6, 73
core   0: 3 0x8000abb2 (0x049b3313) x6  0x00000000
core   0: 0x8000abb6 (0x00008469) c.srai  s0, 26
core   0: 3 0x8000abb6 (0x8469) x8  0xffffffff
core   0: 0x8000abb8 (0x01558a63) beq     a1, s5, pc + 20
core   0: 3 0x8000abb8 (0x01558a63)
core   0: 0x8000abbc (0x0f235217) auipc   tp, 0xf235
core   0: 3 0x8000abbc (0x0f235217) x4  0x8f23fbbc
core   0: 0x8000abc0 (0x3402e773) csrrsi  a4, mscratch, 5
core   0: 3 0x8000abc0 (0x3402e773) x14 0x80021e1c c832_mscratch 0x80021e1d
core   0: 0x8000abc4 (0x8b93e613) ori     a2, t2, -1863
core   0: 3 0x8000abc4 (0x8b93e613) x12 0xfffff8b9
core   0: 0x8000abc8 (0x0194a533) slt     a0, s1, s9
core   0: 3 0x8000abc8 (0x0194a533) x10 0x00000001
core   0: 0x8000abcc (0x00000001) c.nop
core   0: 3 0x8000abcc (0x0001)
core   0: 0x8000abce (0x027e0e33) mul     t3, t3, t2
core   0: 3 0x8000abce (0x027e0e33) x28 0x00000000
core   0: 0x8000abd2 (0x01fe3f33) sltu    t5, t3, t6
core   0: 3 0x8000abd2 (0x01fe3f33) x30 0x00000001
core   0: 0x8000abd6 (0x00008d45) c.or    a0, s1
core   0: 3 0x8000abd6 (0x8d45) x10 0xc0000001
core   0: 0x8000abd8 (0x00d79f93) slli    t6, a5, 13
core   0: 3 0x8000abd8 (0x00d79f93) x31 0x4b9c8000
core   0: 0x8000abdc (0x03496f63) bltu    s2, s4, pc + 62
core   0: 3 0x8000abdc (0x03496f63)
core   0: 0x8000abe0 (0x00008cb1) c.xor   s1, a2
core   0: 3 0x8000abe0 (0x8cb1) x9  0x3ffff8b9
core   0: 0x8000abe2 (0x00000316) c.slli  t1, 5
core   0: 3 0x8000abe2 (0x0316) x6  0x00000000
core   0: 0x8000abe4 (0x011f84b3) add     s1, t6, a7
core   0: 3 0x8000abe4 (0x011f84b3) x9  0x69d71a82
core   0: 0x8000abe8 (0xde7f8c97) auipc   s9, 0xde7f8
core   0: 3 0x8000abe8 (0xde7f8c97) x25 0x5e802be8
core   0: 0x8000abec (0xfec2f393) andi    t2, t0, -20
core   0: 3 0x8000abec (0xfec2f393) x7  0xb9a23884
core   0: 0x8000abf0 (0x0000e28d) c.bnez  a3, pc + 34
core   0: 3 0x8000abf0 (0xe28d)
core   0: 0x8000ac12 (0x03fd26b3) mulhsu  a3, s10, t6
core   0: 3 0x8000ac12 (0x03fd26b3) x13 0x00000001
core   0: 0x8000ac16 (0x03a5d663) bge     a1, s10, pc + 44
core   0: 3 0x8000ac16 (0x03a5d663)
core   0: 0x8000ac1a (0x0188ffb3) and     t6, a7, s8
core   0: 3 0x8000ac1a (0x0188ffb3) x31 0x00009000
core   0: 0x8000ac1e (0x0a61b993) sltiu   s3, gp, 166
core   0: 3 0x8000ac1e (0x0a61b993) x19 0x00000001
core   0: 0x8000ac22 (0x0389a433) mulhsu  s0, s3, s8
core   0: 3 0x8000ac22 (0x0389a433) x8  0x00000000
core   0: 0x8000ac26 (0x00d82433) slt     s0, a6, a3
core   0: 3 0x8000ac26 (0x00d82433) x8  0x00000001
core   0: 0x8000ac2a (0x01118a33) add     s4, gp, a7
core   0: 3 0x8000ac2a (0x01118a33) x20 0x1e3a9a82
core   0: 0x8000ac2e (0x01024f33) xor     t5, tp, a6
core   0: 3 0x8000ac2e (0x01024f33) x30 0x8f23fbbc
core   0: 0x8000ac32 (0x019606b3) add     a3, a2, s9
core   0: 3 0x8000ac32 (0x019606b3) x13 0x5e8024a1
core   0: 0x8000ac36 (0x34093f73) csrrc   t5, mscratch, s2
core   0: 3 0x8000ac36 (0x34093f73) x30 0x80021e1d c832_mscratch 0x80020e1d
core   0: 0x8000ac3a (0x41598f33) sub     t5, s3, s5
core   0: 3 0x8000ac3a (0x41598f33) x30 0xfffffff8
core   0: 0x8000ac3e (0x0000100f) fence.i
core   0: 3 0x8000ac3e (0x0000100f)
core   0: 0x8000ac42 (0x0000100f) fence.i
core   0: 3 0x8000ac42 (0x0000100f)
core   0: 0x8000ac46 (0x00d91eb3) sll     t4, s2, a3
core   0: 3 0x8000ac46 (0x00d91eb3) x29 0x0bfae000
core   0: 0x8000ac4a (0x406bd6b3) sra     a3, s7, t1
core   0: 3 0x8000ac4a (0x406bd6b3) x13 0xfffffffc
core   0: 0x8000ac4e (0x038e0533) mul     a0, t3, s8
core   0: 3 0x8000ac4e (0x038e0533) x10 0x00000000
core   0: 0x8000ac52 (0x02ea9963) bne     s5, a4, pc + 50
core   0: 3 0x8000ac52 (0x02ea9963)
core   0: 0x8000ac84 (0x015755b3) srl     a1, a4, s5
core   0: 3 0x8000ac84 (0x015755b3) x11 0x0040010f
core   0: 0x8000ac88 (0x00004195) c.li    gp, 5
core   0: 3 0x8000ac88 (0x4195) x3  0x00000005
core   0: 0x8000ac8a (0x00928033) add     zero, t0, s1
core   0: 3 0x8000ac8a (0x00928033)
core   0: 0x8000ac8e (0x000083aa) c.mv    t2, a0
core   0: 3 0x8000ac8e (0x83aa) x7  0x00000000
core   0: 0x8000ac90 (0x34059ef3) csrrw   t4, mscratch, a1
core   0: 3 0x8000ac90 (0x34059ef3) x29 0x80020e1d c832_mscratch 0x0040010f
core   0: 0x8000ac94 (0x0000e49d) c.bnez  s1, pc + 46
core   0: 3 0x8000ac94 (0xe49d)
core   0: 0x8000acc2 (0x0269b0b3) mulhu   ra, s3, t1
core   0: 3 0x8000acc2 (0x0269b0b3) x1  0x00000000
core   0: 0x8000acc6 (0x34006ff3) csrrsi  t6, mscratch, 0
core   0: 3 0x8000acc6 (0x34006ff3) x31 0x0040010f
core   0: 0x8000acca (0x015b0563) beq     s6, s5, pc + 10
core   0: 3 0x8000acca (0x015b0563)
core   0: 0x8000acce (0x00008ca5) c.xor   s1, s1
core   0: 3 0x8000acce (0x8ca5) x9  0x00000000
core   0: 0x8000acd0 (0x007acbb3) xor     s7, s5, t2
core   0: 3 0x8000acd0 (0x007acbb3) x23 0x00000009
core   0: 0x8000acd4 (0xd1f61c37) lui     s8, 0xd1f61
core   0: 3 0x8000acd4 (0xd1f61c37) x24 0xd1f61000
core   0: 0x8000acd8 (0x00009a7d) c.andi  a2, -1
core   0: 3 0x8000acd8 (0x9a7d) x12 0xfffff8b9
core   0: 0x8000acda (0x0099b9b3) sltu    s3, s3, s1
core   0: 3 0x8000acda (0x0099b9b3) x19 0x00000000
core   0: 0x8000acde (0x00000001) c.nop
core   0: 3 0x8000acde (0x0001)
core   0: 0x8000ace0 (0x40e251b3) sra     gp, tp, a4
core   0: 3 0x8000ace0 (0x40e251b3) x3  0xfffffff8
core   0: 0x8000ace4 (0x00009fa2) c.add   t6, s0
core   0: 3 0x8000ace4 (0x9fa2) x31 0x00400110
core   0: 0x8000ace6 (0xf44d6b93) ori     s7, s10, -188
core   0: 3 0x8000ace6 (0xf44d6b93) x23 0xffffff44
core   0: 0x8000acea (0x89ac7a13) andi    s4, s8, -1894
core   0: 3 0x8000acea (0x89ac7a13) x20 0xd1f61000
core   0: 0x8000acee (0x41c5de13) srai    t3, a1, 28
core   0: 3 0x8000acee (0x41c5de13) x28 0x00000000
core   0: 0x8000acf2 (0x00008db5) c.xor   a1, a3
core   0: 3 0x8000acf2 (0x8db5) x11 0xffbffef3
core   0: 0x8000acf4 (0x340123f3) csrrs   t2, mscratch, sp
core   0: 3 0x8000acf4 (0x340123f3) x7  0x0040010f c832_mscratch 0x80421f1f
core   0: 0x8000acf8 (0x00719f63) bne     gp, t2, pc + 30
core   0: 3 0x8000acf8 (0x00719f63)
core   0: 0x8000ad16 (0x03920963) beq     tp, s9, pc + 50
core   0: 3 0x8000ad16 (0x03920963)
core   0: 0x8000ad1a (0x0333a733) mulhsu  a4, t2, s3
core   0: 3 0x8000ad1a (0x0333a733) x14 0x00000000
core   0: 0x8000ad1e (0x03c5f963) bgeu    a1, t3, pc + 50
core   0: 3 0x8000ad1e (0x03c5f963)
core   0: 0x8000ad50 (0x4202ac93) slti    s9, t0, 1056
core   0: 3 0x8000ad50 (0x4202ac93) x25 0x00000001
core   0: 0x8000ad54 (0x0000ef05) c.bnez  a4, pc + 56
core   0: 3 0x8000ad54 (0xef05)
core   0: 0x8000ad56 (0x40e550b3) sra     ra, a0, a4
core   0: 3 0x8000ad56 (0x40e550b3) x1  0x00000000
core   0: 0x8000ad5a (0x051f4363) blt     t5, a7, pc + 70
core   0: 3 0x8000ad5a (0x051f4363)
core   0: 0x8000ada0 (0xce0cab93) slti    s7, s9, -800
core   0: 3 0x8000ada0 (0xce0cab93) x23 0x00000000
core   0: 0x8000ada4 (0x02b2ef33) rem     t5, t0, a1
core   0: 3 0x8000ada4 (0x02b2ef33) x30 0xffe35fc9
core   0: 0x8000ada8 (0x01cf9cb3) sll     s9, t6, t3
core   0: 3 0x8000ada8 (0x01cf9cb3) x25 0x00400110
core   0: 0x8000adac (0x02a85b33) divu    s6, a6, a0
core   0: 3 0x8000adac (0x02a85b33) x22 0xffffffff
core   0: 0x8000adb0 (0x03c8f963) bgeu    a7, t3, pc + 50
core   0: 3 0x8000adb0 (0x03c8f963)
core   0: 0x8000ade2 (0x000099fd) c.andi  a1, -1
core   0: 3 0x8000ade2 (0x99fd) x11 0xffbffef3
core   0: 0x8000ade4 (0x000084f1) c.srai  s1, 28
core   0: 3 0x8000ade4 (0x84f1) x9  0x00000000
core   0: 0x8000ade6 (0x00008cb5) c.xor   s1, a3
core   0: 3 0x8000ade6 (0x8cb5) x9  0xfffffffc
core   0: 0x8000ade8 (0x00000e32) c.slli  t3, 12
core   0: 3 0x8000ade8 (0x0e32) x28 0x00000000
core   0: 0x8000adea (0x00006599) c.lui   a1, 0x6
core   0: 3 0x8000adea (0x6599) x11 0x00006000
core   0: 0x8000adec (0x03a6f5b3) remu    a1, a3, s10
core   0: 3 0x8000adec (0x03a6f5b3) x11 0x00000000
core   0: 0x8000adf0 (0x03e5f433) remu    s0, a1, t5
core   0: 3 0x8000adf0 (0x03e5f433) x8  0x00000000
core   0: 0x8000adf4 (0x01691e93) slli    t4, s2, 22
core   0: 3 0x8000adf4 (0x01691e93) x29 0x00000000
core   0: 0x8000adf8 (0x41e35e13) srai    t3, t1, 30
core   0: 3 0x8000adf8 (0x41e35e13) x28 0x00000000
core   0: 0x8000adfc (0x036b6563) bltu    s6, s6, pc + 42
core   0: 3 0x8000adfc (0x036b6563)
core   0: 0x8000ae00 (0x0ff0000f) fence   iorw,iorw
core   0: 3 0x8000ae00 (0x0ff0000f)
core   0: 0x8000ae04 (0x4042d393) srai    t2, t0, 4
core   0: 3 0x8000ae04 (0x4042d393) x7  0xfb9a2388
core   0: 0x8000ae08 (0x0000660d) c.lui   a2, 0x3
core   0: 3 0x8000ae08 (0x660d) x12 0x00003000
core   0: 0x8000ae0a (0xb92cab93) slti    s7, s9, -1134
core   0: 3 0x8000ae0a (0xb92cab93) x23 0x00000000
core   0: 0x8000ae0e (0x050fe363) bltu    t6, a6, pc + 70
core   0: 3 0x8000ae0e (0x050fe363)
core   0: 0x8000ae12 (0x021535b3) mulhu   a1, a0, ra
core   0: 3 0x8000ae12 (0x021535b3) x11 0x00000000
core   0: 0x8000ae16 (0x340ca373) csrrs   t1, mscratch, s9
core   0: 3 0x8000ae16 (0x340ca373) x6  0x80421f1f c832_mscratch 0x80421f1f
core   0: 0x8000ae1a (0xd61f8d13) addi    s10, t6, -671
core   0: 3 0x8000ae1a (0xd61f8d13) x26 0x003ffe71
core   0: 0x8000ae1e (0x02f5d663) bge     a1, a5, pc + 44
core   0: 3 0x8000ae1e (0x02f5d663)
core   0: 0x8000ae4a (0x01045513) srli    a0, s0, 16
core   0: 3 0x8000ae4a (0x01045513) x10 0x00000000
core   0: 0x8000ae4e (0x00008f2d) c.xor   a4, a1
core   0: 3 0x8000ae4e (0x8f2d) x14 0x00000000
core   0: 0x8000ae50 (0x0388ca33) div     s4, a7, s8
core   0: 3 0x8000ae50 (0x0388ca33) x20 0x00000000
core   0: 0x8000ae54 (0x00008f6d) c.and   a4, a1
core   0: 3 0x8000ae54 (0x8f6d) x14 0x00000000
core   0: 0x8000ae56 (0x413a5393) srai    t2, s4, 19
core   0: 3 0x8000ae56 (0x413a5393) x7  0x00000000
core   0: 0x8000ae5a (0x34001ef3) csrrw   t4, mscratch, zero
core   0: 3 0x8000ae5a (0x34001ef3) x29 0x80421f1f c832_mscratch 0x00000000
core   0: 0x8000ae5e (0x000081b1) c.srli  a1, 12
core   0: 3 0x8000ae5e (0x81b1) x11 0x00000000
core   0: 0x8000ae60 (0x00000eba) c.slli  t4, 14
core   0: 3 0x8000ae60 (0x0eba) x29 0x87c7c000
core   0: 0x8000ae62 (0x01121393) slli    t2, tp, 17
core   0: 3 0x8000ae62 (0x01121393) x7  0xf7780000
core   0: 0x8000ae66 (0x0259b9b3) mulhu   s3, s3, t0
core   0: 3 0x8000ae66 (0x0259b9b3) x19 0x00000000
core   0: 0x8000ae6a (0x415ed313) srai    t1, t4, 21
core   0: 3 0x8000ae6a (0x415ed313) x6  0xfffffc3e
core   0: 0x8000ae6e (0x00001f7d) c.addi  t5, -1
core   0: 3 0x8000ae6e (0x1f7d) x30 0xffe35fc8
core   0: 0x8000ae70 (0x00008f01) c.sub   a4, s0
core   0: 3 0x8000ae70 (0x8f01) x14 0x00000000
core   0: 0x8000ae72 (0x025b04b3) mul     s1, s6, t0
core   0: 3 0x8000ae72 (0x025b04b3) x9  0x465dc77c
core   0: 0x8000ae76 (0x41de5913) srai    s2, t3, 29
core   0: 3 0x8000ae76 (0x41de5913) x18 0x00000000
core   0: 0x8000ae7a (0xa5810f93) addi    t6, sp, -1448
core   0: 3 0x8000ae7a (0xa5810f93) x31 0x80021874
core   0: 0x8000ae7e (0x3407d373) csrrwi  t1, mscratch, 15
core   0: 3 0x8000ae7e (0x3407d373) x6  0x00000000 c832_mscratch 0x0000000f
core   0: 0x8000ae82 (0x00000291) c.addi  t0, 4
core   0: 3 0x8000ae82 (0x0291) x5  0xb9a23888
core   0: 0x8000ae84 (0x0000ef0d) c.bnez  a4, pc + 58
core   0: 3 0x8000ae84 (0xef0d)
core   0: 0x8000ae86 (0x013c9663) bne     s9, s3, pc + 12
core   0: 3 0x8000ae86 (0x013c9663)
core   0: 0x8000ae92 (0xebb67f93) andi    t6, a2, -325
core   0: 3 0x8000ae92 (0xebb67f93) x31 0x00003000
core   0: 0x8000ae96 (0x011f9333) sll     t1, t6, a7
core   0: 3 0x8000ae96 (0x011f9333) x6  0x0000c000
core   0: 0x8000ae9a (0x00000d6e) c.slli  s10, 27
core   0: 3 0x8000ae9a (0x0d6e) x26 0x88000000
core   0: 0x8000ae9c (0x00000001) c.nop
core   0: 3 0x8000ae9c (0x0001)
core   0: 0x8000ae9e (0x0029d4b3) srl     s1, s3, sp
core   0: 3 0x8000ae9e (0x0029d4b3) x9  0x00000000
core   0: 0x8000aea2 (0x000089b1) c.andi  a1, 12
core   0: 3 0x8000aea2 (0x89b1) x11 0x00000000
core   0: 0x8000aea4 (0x0000828e) c.mv    t0, gp
core   0: 3 0x8000aea4 (0x828e) x5  0xfffffff8
core   0: 0x8000aea6 (0x00008461) c.srai  s0, 24
core   0: 3 0x8000aea6 (0x8461) x8  0x00000000
core   0: 0x8000aea8 (0x34089bf3) csrrw   s7, mscratch, a7
core   0: 3 0x8000aea8 (0x34089bf3) x23 0x0000000f c832_mscratch 0x1e3a9a82
core   0: 0x8000aeac (0x41018433) sub     s0, gp, a6
core   0: 3 0x8000aeac (0x41018433) x8  0xfffffff8
core   0: 0x8000aeb0 (0x0ff0000f) fence   iorw,iorw
core   0: 3 0x8000aeb0 (0x0ff0000f)
core   0: 0x8000aeb4 (0x9cb7ee13) ori     t3, a5, -1589
core   0: 3 0x8000aeb4 (0x9cb7ee13) x28 0xfffffdef
core   0: 0x8000aeb8 (0x03c14e33) div     t3, sp, t3
core   0: 3 0x8000aeb8 (0x03c14e33) x28 0x003df075
core   0: 0x8000aebc (0x000064f9) c.lui   s1, 0x1e
core   0: 3 0x8000aebc (0x64f9) x9  0x0001e000
core   0: 0x8000aebe (0x00e39593) slli    a1, t2, 14
core   0: 3 0x8000aebe (0x00e39593) x11 0x00000000
core   0: 0x8000aec2 (0x02efa2b3) mulhsu  t0, t6, a4
core   0: 3 0x8000aec2 (0x02efa2b3) x5  0x00000000
core   0: 0x8000aec6 (0x00000001) c.nop
core   0: 3 0x8000aec6 (0x0001)
core   0: 0x8000aec8 (0x0000577d) c.li    a4, -1
core   0: 3 0x8000aec8 (0x577d) x14 0xffffffff
core   0: 0x8000aeca (0x0000c70d) c.beqz  a4, pc + 42
core   0: 3 0x8000aeca (0xc70d)
core   0: 0x8000aecc (0x000931b3) sltu    gp, s2, zero
core   0: 3 0x8000aecc (0x000931b3) x3  0x00000000
core   0: 0x8000aed0 (0x340032f3) csrrc   t0, mscratch, zero
core   0: 3 0x8000aed0 (0x340032f3) x5  0x1e3a9a82
core   0: 0x8000aed4 (0x00008ea1) c.xor   a3, s0
core   0: 3 0x8000aed4 (0x8ea1) x13 0x00000004
core   0: 0x8000aed6 (0x000099e2) c.add   s3, s8
core   0: 3 0x8000aed6 (0x99e2) x19 0xd1f61000
core   0: 0x8000aed8 (0x0000997d) c.andi  a0, -1
core   0: 3 0x8000aed8 (0x997d) x10 0x00000000
core   0: 0x8000aeda (0x340a1b73) csrrw   s6, mscratch, s4
core   0: 3 0x8000aeda (0x340a1b73) x22 0x1e3a9a82 c832_mscratch 0x00000000
core   0: 0x8000aede (0x55c03c13) sltiu   s8, zero, 1372
core   0: 3 0x8000aede (0x55c03c13) x24 0x00000001
core   0: 0x8000aee2 (0x00ee0f63) beq     t3, a4, pc + 30
core   0: 3 0x8000aee2 (0x00ee0f63)
core   0: 0x8000aee6 (0x00f28bb3) add     s7, t0, a5
core   0: 3 0x8000aee6 (0x00f28bb3) x23 0x9e3cf766
core   0: 0x8000aeea (0x000092e2) c.add   t0, s8
core   0: 3 0x8000aeea (0x92e2) x5  0x1e3a9a83
core   0: 0x8000aeec (0x0000e899) c.bnez  s1, pc + 22
core   0: 3 0x8000aeec (0xe899)
core   0: 0x8000af02 (0x00008ee1) c.and   a3, s0
core   0: 3 0x8000af02 (0x8ee1) x13 0x00000000
core   0: 0x8000af04 (0x03e3cf33) div     t5, t2, t5
core   0: 3 0x8000af04 (0x03e3cf33) x30 0x0000004c
core   0: 0x8000af08 (0x01d6d213) srli    tp, a3, 29
core   0: 3 0x8000af08 (0x01d6d213) x4  0x00000000
core   0: 0x8000af0c (0x0000832d) c.srli  a4, 11
core   0: 3 0x8000af0c (0x832d) x14 0x001fffff
core   0: 0x8000af0e (0x014e0533) add     a0, t3, s4
core   0: 3 0x8000af0e (0x014e0533) x10 0x003df075
core   0: 0x8000af12 (0x00000001) c.nop
core   0: 3 0x8000af12 (0x0001)
core   0: 0x8000af14 (0x00006655) c.lui   a2, 0x15
core   0: 3 0x8000af14 (0x6655) x12 0x00015000
core   0: 0x8000af16 (0x34041873) csrrw   a6, mscratch, s0
core   0: 3 0x8000af16 (0x34041873) x16 0x00000000 c832_mscratch 0xfffffff8
core   0: 0x8000af1a (0x00008ccd) c.or    s1, a1
core   0: 3 0x8000af1a (0x8ccd) x9  0x0001e000
core   0: 0x8000af1c (0x031ecd63) blt     t4, a7, pc + 58
core   0: 3 0x8000af1c (0x031ecd63)
core   0: 0x8000af56 (0x00008c8d) c.sub   s1, a1
core   0: 3 0x8000af56 (0x8c8d) x9  0x0001e000
core   0: 0x8000af58 (0x7593a713) slti    a4, t2, 1881
core   0: 3 0x8000af58 (0x7593a713) x14 0x00000001
core   0: 0x8000af5c (0x00c8f1b3) and     gp, a7, a2
core   0: 3 0x8000af5c (0x00c8f1b3) x3  0x00001000
core   0: 0x8000af60 (0x02b3e963) bltu    t2, a1, pc + 50
core   0: 3 0x8000af60 (0x02b3e963)
core   0: 0x8000af64 (0x05897163) bgeu    s2, s8, pc + 66
core   0: 3 0x8000af64 (0x05897163)
core   0: 0x8000af68 (0x00000891) c.addi  a7, 4
core   0: 3 0x8000af68 (0x0891) x17 0x1e3a9a86
core   0: 0x8000af6a (0x41f1d0b3) sra     ra, gp, t6
core   0: 3 0x8000af6a (0x41f1d0b3) x1  0x00001000
core   0: 0x8000af6e (0x00000912) c.slli  s2, 4
core   0: 3 0x8000af6e (0x0912) x18 0x00000000
core   0: 0x8000af70 (0x02727163) bgeu    tp, t2, pc + 34
core   0: 3 0x8000af70 (0x02727163)
core   0: 0x8000af74 (0x02891c63) bne     s2, s0, pc + 56
core   0: 3 0x8000af74 (0x02891c63)
core   0: 0x8000afac (0x00008e62) c.mv    t3, s8
core   0: 3 0x8000afac (0x8e62) x28 0x00000001
core   0: 0x8000afae (0x340615f3) csrrw   a1, mscratch, a2
core   0: 3 0x8000afae (0x340615f3) x11 0xfffffff8 c832_mscratch 0x00015000
core   0: 0x8000afb2 (0x017123b3) slt     t2, sp, s7
core   0: 3 0x8000afb2 (0x017123b3) x7  0x00000001
core   0: 0x8000afb6 (0x0013d863) bge     t2, ra, pc + 16
core   0: 3 0x8000afb6 (0x0013d863)
core   0: 0x8000afba (0x4e94fb93) andi    s7, s1, 1257
core   0: 3 0x8000afba (0x4e94fb93) x23 0x00000000
core   0: 0x8000afbe (0x00008f61) c.and   a4, s0
core   0: 3 0x8000afbe (0x8f61) x14 0x00000000
core   0: 0x8000afc0 (0x000086e5) c.srai  a3, 25
core   0: 3 0x8000afc0 (0x86e5) x13 0x00000000
core   0: 0x8000afc2 (0x004b46b3) xor     a3, s6, tp
core   0: 3 0x8000afc2 (0x004b46b3) x13 0x1e3a9a82
core   0: 0x8000afc6 (0x340cf0f3) csrrci  ra, mscratch, 25
core   0: 3 0x8000afc6 (0x340cf0f3) x1  0x00015000 c832_mscratch 0x00015000
core   0: 0x8000afca (0x00006bf5) c.lui   s7, 0x1d
core   0: 3 0x8000afca (0x6bf5) x23 0x0001d000
core   0: 0x8000afcc (0x0241d5b3) divu    a1, gp, tp
core   0: 3 0x8000afcc (0x0241d5b3) x11 0xffffffff
core   0: 0x8000afd0 (0x0ff0000f) fence   iorw,iorw
core   0: 3 0x8000afd0 (0x0ff0000f)
core   0: 0x8000afd4 (0x340a5873) csrrwi  a6, mscratch, 20
core   0: 3 0x8000afd4 (0x340a5873) x16 0x00015000 c832_mscratch 0x00000014
core   0: 0x8000afd8 (0x3403a773) csrrs   a4, mscratch, t2
core   0: 3 0x8000afd8 (0x3403a773) x14 0x00000014 c832_mscratch 0x00000015
core   0: 0x8000afdc (0x02f66663) bltu    a2, a5, pc + 44
core   0: 3 0x8000afdc (0x02f66663)
core   0: 0x8000b008 (0x3554fe93) andi    t4, s1, 853
core   0: 3 0x8000b008 (0x3554fe93) x29 0x00000000
core   0: 0x8000b00c (0x01aa88b3) add     a7, s5, s10
core   0: 3 0x8000b00c (0x01aa88b3) x17 0x88000009
core   0: 0x8000b010 (0x010ccb63) blt     s9, a6, pc + 22
core   0: 3 0x8000b010 (0x010ccb63)
core   0: 0x8000b014 (0x34007f73) csrrci  t5, mscratch, 0
core   0: 3 0x8000b014 (0x34007f73) x30 0x00000015
core   0: 0x8000b018 (0x00008801) c.andi  s0, 0
core   0: 3 0x8000b018 (0x8801) x8  0x00000000
core   0: 0x8000b01a (0x019f6db3) or      s11, t5, s9
core   0: 3 0x8000b01a (0x019f6db3) x27 0x00400115
core   0: 0x8000b01e (0x01e9d293) srli    t0, s3, 30
core   0: 3 0x8000b01e (0x01e9d293) x5  0x00000003
core   0: 0x8000b022 (0x03bd7763) bgeu    s10, s11, pc + 46
core   0: 3 0x8000b022 (0x03bd7763)
core   0: 0x8000b050 (0x00008f0e) c.mv    t5, gp
core   0: 3 0x8000b050 (0x8f0e) x30 0x00001000
core   0: 0x8000b052 (0x00c2e4b3) or      s1, t0, a2
core   0: 3 0x8000b052 (0x00c2e4b3) x9  0x00015003
core   0: 0x8000b056 (0x007b21b3) slt     gp, s6, t2
core   0: 3 0x8000b056 (0x007b21b3) x3  0x00000000
core   0: 0x8000b05a (0x03126db3) rem     s11, tp, a7
core   0: 3 0x8000b05a (0x03126db3) x27 0x00000000
core   0: 0x8000b05e (0x0000034a) c.slli  t1, 18
core   0: 3 0x8000b05e (0x034a) x6  0x00000000
core   0: 0x8000b060 (0x01d51213) slli    tp, a0, 29
core   0: 3 0x8000b060 (0x01d51213) x4  0xa0000000
core   0: 0x8000b064 (0x03c06833) rem     a6, zero, t3
core   0: 3 0x8000b064 (0x03c06833) x16 0x00000000
core   0: 0x8000b068 (0x00008921) c.andi  a0, 8
core   0: 3 0x8000b068 (0x8921) x10 0x00000000
core   0: 0x8000b06a (0x00008d9d) c.sub   a1, a5
core   0: 3 0x8000b06a (0x8d9d) x11 0x7ffda31b
core   0: 0x8000b06c (0x0031ee33) or      t3, gp, gp
core   0: 3 0x8000b06c (0x0031ee33) x28 0x00000000
core   0: 0x8000b070 (0x00008ef1) c.and   a3, a2
core   0: 3 0x8000b070 (0x8ef1) x13 0x00001000
core   0: 0x8000b072 (0x0354e033) rem     zero, s1, s5
core   0: 3 0x8000b072 (0x0354e033)
core   0: 0x8000b076 (0x00008dd1) c.or    a1, a2
core   0: 3 0x8000b076 (0x8dd1) x11 0x7ffdf31b
core   0: 0x8000b078 (0x340b5cf3) csrrwi  s9, mscratch, 22
core   0: 3 0x8000b078 (0x340b5cf3) x25 0x00000015 c832_mscratch 0x00000016
core   0: 0x8000b07c (0x9befe413) ori     s0, t6, -1602
core   0: 3 0x8000b07c (0x9befe413) x8  0xfffff9be
core   0: 0x8000b080 (0x005df5b3) and     a1, s11, t0
core   0: 3 0x8000b080 (0x005df5b3) x11 0x00000000
core   0: 0x8000b084 (0x0000c105) c.beqz  a0, pc + 32
core   0: 3 0x8000b084 (0xc105)
core   0: 0x8000b0a4 (0x02fde833) rem     a6, s11, a5
core   0: 3 0x8000b0a4 (0x02fde833) x16 0x00000000
core   0: 0x8000b0a8 (0x03039563) bne     t2, a6, pc + 42
core   0: 3 0x8000b0a8 (0x03039563)
core   0: 0x8000b0d2 (0x41f9dd93) srai    s11, s3, 31
core   0: 3 0x8000b0d2 (0x41f9dd93) x27 0xffffffff
core   0: 0x8000b0d6 (0x02848db3) mul     s11, s1, s0
core   0: 3 0x8000b0d6 (0x02848db3) x27 0xf7c94d3a
core   0: 0x8000b0da (0x340331f3) csrrc   gp, mscratch, t1
core   0: 3 0x8000b0da (0x340331f3) x3  0x00000016 c832_mscratch 0x00000016
core   0: 0x8000b0de (0x5db1ae13) slti    t3, gp, 1499
core   0: 3 0x8000b0de (0x5db1ae13) x28 0x00000001
core   0: 0x8000b0e2 (0x0548c063) blt     a7, s4, pc + 64
core   0: 3 0x8000b0e2 (0x0548c063)
core   0: 0x8000b122 (0x023a59b3) divu    s3, s4, gp
core   0: 3 0x8000b122 (0x023a59b3) x19 0x00000000
core   0: 0x8000b126 (0x0000100f) fence.i
core   0: 3 0x8000b126 (0x0000100f)
core   0: 0x8000b12a (0x00006ed5) c.lui   t4, 0x15
core   0: 3 0x8000b12a (0x6ed5) x29 0x00015000
core   0: 0x8000b12c (0x0000927e) c.add   tp, t6
core   0: 3 0x8000b12c (0x927e) x4  0xa0003000
core   0: 0x8000b12e (0x340b54f3) csrrwi  s1, mscratch, 22
core   0: 3 0x8000b12e (0x340b54f3) x9  0x00000016 c832_mscratch 0x00000016
core   0: 0x8000b132 (0x04dc8163) beq     s9, a3, pc + 66
core   0: 3 0x8000b132 (0x04dc8163)
core   0: 0x8000b136 (0x00008f61) c.and   a4, s0
core   0: 3 0x8000b136 (0x8f61) x14 0x00000014
core   0: 0x8000b138 (0x0433f163) bgeu    t2, gp, pc + 66
core   0: 3 0x8000b138 (0x0433f163)
core   0: 0x8000b13c (0x000000f2) c.slli  ra, 28
core   0: 3 0x8000b13c (0x00f2) x1  0x00000000
core   0: 0x8000b13e (0x0000ca0d) c.beqz  a2, pc + 50
core   0: 3 0x8000b13e (0xca0d)
core   0: 0x8000b140 (0x001948b3) xor     a7, s2, ra
core   0: 3 0x8000b140 (0x001948b3) x17 0x00000000
core   0: 0x8000b144 (0x009cc8b3) xor     a7, s9, s1
core   0: 3 0x8000b144 (0x009cc8b3) x17 0x00000003
core   0: 0x8000b148 (0x011038b3) snez    a7, a7
core   0: 3 0x8000b148 (0x011038b3) x17 0x00000001
core   0: 0x8000b14c (0x00301493) slli    s1, zero, 3
core   0: 3 0x8000b14c (0x00301493) x9  0x00000000
core   0: 0x8000b150 (0x41a4d033) sra     zero, s1, s10
core   0: 3 0x8000b150 (0x41a4d033)
core   0: 0x8000b154 (0x3405a073) csrs    mscratch, a1
core   0: 3 0x8000b154 (0x3405a073) c832_mscratch 0x00000016
core   0: 0x8000b158 (0x34002873) csrr    a6, mscratch
core   0: 3 0x8000b158 (0x34002873) x16 0x00000016
core   0: 0x8000b15c (0x021986b3) mul     a3, s3, ra
core   0: 3 0x8000b15c (0x021986b3) x13 0x00000000
core   0: 0x8000b160 (0x032b1963) bne     s6, s2, pc + 50
core   0: 3 0x8000b160 (0x032b1963)
core   0: 0x8000b192 (0x340d3a73) csrrc   s4, mscratch, s10
core   0: 3 0x8000b192 (0x340d3a73) x20 0x00000016 c832_mscratch 0x00000016
core   0: 0x8000b196 (0x16702c93) slti    s9, zero, 359
core   0: 3 0x8000b196 (0x16702c93) x25 0x00000001
core   0: 0x8000b19a (0x3401d273) csrrwi  tp, mscratch, 3
core   0: 3 0x8000b19a (0x3401d273) x4  0x00000016 c832_mscratch 0x00000003
core   0: 0x8000b19e (0x67be5cb7) lui     s9, 0x67be5
core   0: 3 0x8000b19e (0x67be5cb7) x25 0x67be5000
core   0: 0x8000b1a2 (0xc6bfab93) slti    s7, t6, -917
core   0: 3 0x8000b1a2 (0xc6bfab93) x23 0x00000000
core   0: 0x8000b1a6 (0x029f1a33) mulh    s4, t5, s1
core   0: 3 0x8000b1a6 (0x029f1a33) x20 0x00000000
core   0: 0x8000b1aa (0x8d536617) auipc   a2, 0x8d536
core   0: 3 0x8000b1aa (0x8d536617) x12 0x0d5411aa
core   0: 0x8000b1ae (0xf69c0b93) addi    s7, s8, -151
core   0: 3 0x8000b1ae (0xf69c0b93) x23 0xffffff6a
core   0: 0x8000b1b2 (0x340d16f3) csrrw   a3, mscratch, s10
core   0: 3 0x8000b1b2 (0x340d16f3) x13 0x00000003 c832_mscratch 0x88000000
core   0: 0x8000b1b6 (0x017098b3) sll     a7, ra, s7
core   0: 3 0x8000b1b6 (0x017098b3) x17 0x00000000
core   0: 0x8000b1ba (0x00000001) c.nop
core   0: 3 0x8000b1ba (0x0001)
core   0: 0x8000b1bc (0x01199193) slli    gp, s3, 17
core   0: 3 0x8000b1bc (0x01199193) x3  0x00000000
core   0: 0x8000b1c0 (0x340016f3) csrrw   a3, mscratch, zero
core   0: 3 0x8000b1c0 (0x340016f3) x13 0x88000000 c832_mscratch 0x00000000
core   0: 0x8000b1c4 (0x01957c33) and     s8, a0, s9
core   0: 3 0x8000b1c4 (0x01957c33) x24 0x00000000
core   0: 0x8000b1c8 (0x03ce2933) mulhsu  s2, t3, t3
core   0: 3 0x8000b1c8 (0x03ce2933) x18 0x00000000
core   0: 0x8000b1cc (0x0000048e) c.slli  s1, 3
core   0: 3 0x8000b1cc (0x048e) x9  0x00000000
core   0: 0x8000b1ce (0x406b80b3) sub     ra, s7, t1
core   0: 3 0x8000b1ce (0x406b80b3) x1  0xffffff6a
core   0: 0x8000b1d2 (0x76ea3017) auipc   zero, 0x76ea3
core   0: 3 0x8000b1d2 (0x76ea3017)
core   0: 0x8000b1d6 (0x01e66f33) or      t5, a2, t5
core   0: 3 0x8000b1d6 (0x01e66f33) x30 0x0d5411aa
core   0: 0x8000b1da (0x00006f95) c.lui   t6, 0x5
core   0: 3 0x8000b1da (0x6f95) x31 0x00005000
core   0: 0x8000b1dc (0x000098ce) c.add   a7, s3
core   0: 3 0x8000b1dc (0x98ce) x17 0x00000000
core   0: 0x8000b1de (0x40f75f93) srai    t6, a4, 15
core   0: 3 0x8000b1de (0x40f75f93) x31 0x00000000
core   0: 0x8000b1e2 (0x0368f8b3) remu    a7, a7, s6
core   0: 3 0x8000b1e2 (0x0368f8b3) x17 0x00000000
core   0: 0x8000b1e6 (0x00674db3) xor     s11, a4, t1
core   0: 3 0x8000b1e6 (0x00674db3) x27 0x00000014
core   0: 0x8000b1ea (0x00008c3d) c.xor   s0, a5
core   0: 3 0x8000b1ea (0x8c3d) x8  0x7ffda55a
core   0: 0x8000b1ec (0xc861ec93) ori     s9, gp, -890
core   0: 3 0x8000b1ec (0xc861ec93) x25 0xfffffc86
core   0: 0x8000b1f0 (0x41ab8633) sub     a2, s7, s10
core   0: 3 0x8000b1f0 (0x41ab8633) x12 0x77ffff6a
core   0: 0x8000b1f4 (0x404bddb3) sra     s11, s7, tp
core   0: 3 0x8000b1f4 (0x404bddb3) x27 0xffffffff
core   0: 0x8000b1f8 (0x000000a6) c.slli  ra, 9
core   0: 3 0x8000b1f8 (0x00a6) x1  0xfffed400
core   0: 0x8000b1fa (0x01a3c4b3) xor     s1, t2, s10
core   0: 3 0x8000b1fa (0x01a3c4b3) x9  0x88000001
core   0: 0x8000b1fe (0x00217663) bgeu    sp, sp, pc + 12
core   0: 3 0x8000b1fe (0x00217663)
core   0: 0x8000b20a (0x03bf4933) div     s2, t5, s11
core   0: 3 0x8000b20a (0x03bf4933) x18 0xf2abee56
core   0: 0x8000b20e (0x40f25333) sra     t1, tp, a5
core   0: 3 0x8000b20e (0x40f25333) x6  0x00000001
core   0: 0x8000b212 (0xcb97c2b7) lui     t0, 0xcb97c
core   0: 3 0x8000b212 (0xcb97c2b7) x5  0xcb97c000
core   0: 0x8000b216 (0x03b466b3) rem     a3, s0, s11
core   0: 3 0x8000b216 (0x03b466b3) x13 0x00000000
core   0: 0x8000b21a (0x00004212) c.lwsp  tp, 4(sp)
core   0: 3 0x8000b21a (0x4212) x4  0x80002ff8 mem 0x80021e20
core   0: 0x8000b21c (0x02810113) addi    sp, sp, 40
core   0: 3 0x8000b21c (0x02810113) x2  0x80021e44
core   0: 0x8000b220 (0x0000807d) c.srli  s0, 31
core   0: 3 0x8000b220 (0x807d) x8  0x00000000
core   0: 0x8000b222 (0x00120d93) addi    s11, tp, 1
core   0: 3 0x8000b222 (0x00120d93) x27 0x80002ff9
core   0: 0x8000b226 (0x00008d82) c.jr    s11
core   0: 3 0x8000b226 (0x8d82)
core   0: 0x80002ff8 (0x00000e22) c.slli  t3, 8
core   0: 3 0x80002ff8 (0x0e22) x28 0x00000100
core   0: 0x80002ffa (0x95ecb013) sltiu   zero, s9, -1698
core   0: 3 0x80002ffa (0x95ecb013)
core   0: 0x80002ffe (0x0000547d) c.li    s0, -1
core   0: 3 0x80002ffe (0x547d) x8  0xffffffff
core   0: 0x80003000 (0x02fbf5b3) remu    a1, s7, a5
core   0: 3 0x80003000 (0x02fbf5b3) x11 0x7ffda286
core   0: 0x80003004 (0x016d0033) add     zero, s10, s6
core   0: 3 0x80003004 (0x016d0033)
core   0: 0x80003008 (0x030aef63) bltu    s5, a6, pc + 62
core   0: 3 0x80003008 (0x030aef63)
core   0: 0x80003046 (0x416881b3) sub     gp, a7, s6
core   0: 3 0x80003046 (0x416881b3) x3  0xe1c5657e
core   0: 0x8000304a (0x3403b873) csrrc   a6, mscratch, t2
core   0: 3 0x8000304a (0x3403b873) x16 0x00000000 c832_mscratch 0x00000000
core   0: 0x8000304e (0x400fd493) srai    s1, t6, 0
core   0: 3 0x8000304e (0x400fd493) x9  0x00000000
core   0: 0x80003052 (0x0000100f) fence.i
core   0: 3 0x80003052 (0x0000100f)
core   0: 0x80003056 (0x00008cdd) c.or    s1, a5
core   0: 3 0x80003056 (0x8cdd) x9  0x80025ce4
core   0: 0x80003058 (0x00056f33) or      t5, a0, zero
core   0: 3 0x80003058 (0x00056f33) x30 0x00000000
core   0: 0x8000305c (0x00000001) c.nop
core   0: 3 0x8000305c (0x0001)
core   0: 0x8000305e (0x03bd8fb3) mul     t6, s11, s11
core   0: 3 0x8000305e (0x03bd8fb3) x31 0x08fd6031
core   0: 0x80003062 (0x00009c96) c.add   s9, t0
core   0: 3 0x80003062 (0x9c96) x25 0xcb97bc86
core   0: 0x80003064 (0x01d71293) slli    t0, a4, 29
core   0: 3 0x80003064 (0x01d71293) x5  0x80000000
core   0: 0x80003068 (0x00008f29) c.xor   a4, a0
core   0: 3 0x80003068 (0x8f29) x14 0x00000014
core   0: 0x8000306a (0x340038f3) csrrc   a7, mscratch, zero
core   0: 3 0x8000306a (0x340038f3) x17 0x00000000
core   0: 0x8000306e (0x405fd9b3) sra     s3, t6, t0
core   0: 3 0x8000306e (0x405fd9b3) x19 0x08fd6031
core   0: 0x80003072 (0x3400a2f3) csrrs   t0, mscratch, ra
core   0: 3 0x80003072 (0x3400a2f3) x5  0x00000000 c832_mscratch 0xfffed400
core   0: 0x80003076 (0x01272b33) slt     s6, a4, s2
core   0: 3 0x80003076 (0x01272b33) x22 0x00000000
core   0: 0x8000307a (0x00051813) slli    a6, a0, 0
core   0: 3 0x8000307a (0x00051813) x16 0x00000000
core   0: 0x8000307e (0x0000e415) c.bnez  s0, pc + 44
core   0: 3 0x8000307e (0xe415)
core   0: 0x800030aa (0x340c5df3) csrrwi  s11, mscratch, 24
core   0: 3 0x800030aa (0x340c5df3) x27 0xfffed400 c832_mscratch 0x00000018
core   0: 0x800030ae (0x34075573) csrrwi  a0, mscratch, 14
core   0: 3 0x800030ae (0x34075573) x10 0x00000018 c832_mscratch 0x0000000e
core   0: 0x800030b2 (0x00008955) c.andi  a0, 21
core   0: 3 0x800030b2 (0x8955) x10 0x00000010
core   0: 0x800030b4 (0x40285833) sra     a6, a6, sp
core   0: 3 0x800030b4 (0x40285833) x16 0x00000000
core   0: 0x800030b8 (0x38c3f613) andi    a2, t2, 908
core   0: 3 0x800030b8 (0x38c3f613) x12 0x00000000
core   0: 0x800030bc (0x01df0d33) add     s10, t5, t4
core   0: 3 0x800030bc (0x01df0d33) x26 0x00015000
core   0: 0x800030c0 (0x00afd693) srli    a3, t6, 10
core   0: 3 0x800030c0 (0x00afd693) x13 0x00023f58
core   0: 0x800030c4 (0x00008f51) c.or    a4, a2
core   0: 3 0x800030c4 (0x8f51) x14 0x00000014
core   0: 0x800030c6 (0xee257513) andi    a0, a0, -286
core   0: 3 0x800030c6 (0xee257513) x10 0x00000000
core   0: 0x800030ca (0x03f69d33) mulh    s10, a3, t6
core   0: 3 0x800030ca (0x03f69d33) x26 0x00001434
core   0: 0x800030ce (0x01f079b3) and     s3, zero, t6
core   0: 3 0x800030ce (0x01f079b3) x19 0x00000000
core   0: 0x800030d2 (0x025f9c63) bne     t6, t0, pc + 56
core   0: 3 0x800030d2 (0x025f9c63)
core   0: 0x8000310a (0x00008fa2) c.mv    t6, s0
core   0: 3 0x8000310a (0x8fa2) x31 0xffffffff
core   0: 0x8000310c (0x03ac8233) mul     tp, s9, s10
core   0: 3 0x8000310c (0x03ac8233) x4  0x358cc338
core   0: 0x80003110 (0x40678d33) sub     s10, a5, t1
core   0: 3 0x80003110 (0x40678d33) x26 0x80025ce3
core   0: 0x80003114 (0x00008cbd) c.xor   s1, a5
core   0: 3 0x80003114 (0x8cbd) x9  0x00000000
core   0: 0x80003116 (0x0000100f) fence.i
core   0: 3 0x80003116 (0x0000100f)
core   0: 0x8000311a (0x01c5ef63) bltu    a1, t3, pc + 30
core   0: 3 0x8000311a (0x01c5ef63)
core   0: 0x8000311e (0x00f746b3) xor     a3, a4, a5
core   0: 3 0x8000311e (0x00f746b3) x13 0x80025cf0
core   0: 0x80003122 (0xe67ff713) andi    a4, t6, -409
core   0: 3 0x80003122 (0xe67ff713) x14 0xfffffe67
core   0: 0x80003126 (0x0073e633) or      a2, t2, t2
core   0: 3 0x80003126 (0x0073e633) x12 0x00000001
core   0: 0x8000312a (0x00008d45) c.or    a0, s1
core   0: 3 0x8000312a (0x8d45) x10 0x00000000
core   0: 0x8000312c (0xfa590637) lui     a2, 0xfa590
core   0: 3 0x8000312c (0xfa590637) x12 0xfa590000
core   0: 0x80003130 (0x340d7773) csrrci  a4, mscratch, 26
core   0: 3 0x80003130 (0x340d7773) x14 0x0000000e c832_mscratch 0x00000004
core   0: 0x80003134 (0x340e5b73) csrrwi  s6, mscratch, 28
core   0: 3 0x80003134 (0x340e5b73) x22 0x00000004 c832_mscratch 0x0000001c
core   0: 0x80003138 (0x0ff0000f) fence   iorw,iorw
core   0: 3 0x80003138 (0x0ff0000f)
core   0: 0x8000313c (0x0062d593) srli    a1, t0, 6
core   0: 3 0x8000313c (0x0062d593) x11 0x00000000
core   0: 0x80003140 (0x3400f0f3) csrrci  ra, mscratch, 1
core   0: 3 0x80003140 (0x3400f0f3) x1  0x0000001c c832_mscratch 0x0000001c
core   0: 0x80003144 (0x00e64cb3) xor     s9, a2, a4
core   0: 3 0x80003144 (0x00e64cb3) x25 0xfa59000e
core   0: 0x80003148 (0x000089b1) c.andi  a1, 12
core   0: 3 0x80003148 (0x89b1) x11 0x00000000
core   0: 0x8000314a (0x002d0563) beq     s10, sp, pc + 10
core   0: 3 0x8000314a (0x002d0563)
core   0: 0x8000314e (0x0000547d) c.li    s0, -1
core   0: 3 0x8000314e (0x547d) x8  0xffffffff
core   0: 0x80003150 (0x0111dbb3) srl     s7, gp, a7
core   0: 3 0x80003150 (0x0111dbb3) x23 0xe1c5657e
core   0: 0x80003154 (0x340f1e73) csrrw   t3, mscratch, t5
core   0: 3 0x80003154 (0x340f1e73) x28 0x0000001c c832_mscratch 0x00000000
core   0: 0x80003158 (0x408950b3) sra     ra, s2, s0
core   0: 3 0x80003158 (0x408950b3) x1  0xffffffff
core   0: 0x8000315c (0x340b50f3) csrrwi  ra, mscratch, 22
core   0: 3 0x8000315c (0x340b50f3) x1  0x00000000 c832_mscratch 0x00000016
core   0: 0x80003160 (0x038d0563) beq     s10, s8, pc + 42
core   0: 3 0x80003160 (0x038d0563)
core   0: 0x80003164 (0x00981633) sll     a2, a6, s1
core   0: 3 0x80003164 (0x00981633) x12 0x00000000
core   0: 0x80003168 (0x4078d513) srai    a0, a7, 7
core   0: 3 0x80003168 (0x4078d513) x10 0x00000000
core   0: 0x8000316c (0x0024c6b3) xor     a3, s1, sp
core   0: 3 0x8000316c (0x0024c6b3) x13 0x80021e44
core   0: 0x80003170 (0x0000ed99) c.bnez  a1, pc + 30
core   0: 3 0x80003170 (0xed99)
core   0: 0x80003172 (0x340ba6f3) csrrs   a3, mscratch, s7
core   0: 3 0x80003172 (0x340ba6f3) x13 0x00000016 c832_mscratch 0xe1c5657e
core   0: 0x80003176 (0x03905e33) divu    t3, zero, s9
core   0: 3 0x80003176 (0x03905e33) x28 0x00000000
core   0: 0x8000317a (0x02a73233) mulhu   tp, a4, a0
core   0: 3 0x8000317a (0x02a73233) x4  0x00000000
core   0: 0x8000317e (0x01caa1b3) slt     gp, s5, t3
core   0: 3 0x8000317e (0x01caa1b3) x3  0x00000000
core   0: 0x80003182 (0x41c204b3) sub     s1, tp, t3
core   0: 3 0x80003182 (0x41c204b3) x9  0x00000000
core   0: 0x80003186 (0x340d6f73) csrrsi  t5, mscratch, 26
core   0: 3 0x80003186 (0x340d6f73) x30 0xe1c5657e c832_mscratch 0xe1c5657e
core   0: 0x8000318a (0x01ce2cb3) slt     s9, t3, t3
core   0: 3 0x8000318a (0x01ce2cb3) x25 0x00000000
core   0: 0x8000318e (0x000089ce) c.mv    s3, s3
core   0: 3 0x8000318e (0x89ce) x19 0x00000000
core   0: 0x80003190 (0x00008fc6) c.mv    t6, a7
core   0: 3 0x80003190 (0x8fc6) x31 0x00000000
core   0: 0x80003192 (0x000090e6) c.add   ra, s9
core   0: 3 0x80003192 (0x90e6) x1  0x00000000
core   0: 0x80003194 (0x00008755) c.srai  a4, 21
core   0: 3 0x80003194 (0x8755) x14 0x00000000
core   0: 0x80003196 (0x03f7c663) blt     a5, t6, pc + 44
core   0: 3 0x80003196 (0x03f7c663)
core   0: 0x800031c2 (0x0019e8b3) or      a7, s3, ra
core   0: 3 0x800031c2 (0x0019e8b3) x17 0x00000000
core   0: 0x800031c6 (0x00000001) c.nop
core   0: 3 0x800031c6 (0x0001)
core   0: 0x800031c8 (0x00000932) c.slli  s2, 12
core   0: 3 0x800031c8 (0x0932) x18 0xbee56000
core   0: 0x800031ca (0x0000100f) fence.i
core   0: 3 0x800031ca (0x0000100f)
core   0: 0x800031ce (0x00001c7d) c.addi  s8, -1
core   0: 3 0x800031ce (0x1c7d) x24 0xffffffff
core   0: 0x800031d0 (0x34002573) csrr    a0, mscratch
core   0: 3 0x800031d0 (0x34002573) x10 0xe1c5657e
core   0: 0x800031d4 (0x00008a29) c.andi  a2, 10
core   0: 3 0x800031d4 (0x8a29) x12 0x00000000
core   0: 0x800031d6 (0x000084d6) c.mv    s1, s5
core   0: 3 0x800031d6 (0x84d6) x9  0x00000009
core   0: 0x800031d8 (0x00cf1813) slli    a6, t5, 12
core   0: 3 0x800031d8 (0x00cf1813) x16 0x5657e000
core   0: 0x800031dc (0x0ff0000f) fence   iorw,iorw
core   0: 3 0x800031dc (0x0ff0000f)
core   0: 0x800031e0 (0x0351c863) blt     gp, s5, pc + 48
core   0: 3 0x800031e0 (0x0351c863)
core   0: 0x80003210 (0x00000001) c.nop
core   0: 3 0x80003210 (0x0001)
core   0: 0x80003212 (0x0000cb05) c.beqz  a4, pc + 48
core   0: 3 0x80003212 (0xcb05)
core   0: 0x80003242 (0x00000001) c.nop
core   0: 3 0x80003242 (0x0001)
core   0: 0x80003244 (0xf1ca6013) ori     zero, s4, -228
core   0: 3 0x80003244 (0xf1ca6013)
core   0: 0x80003248 (0x00ec5e13) srli    t3, s8, 14
core   0: 3 0x80003248 (0x00ec5e13) x28 0x0003ffff
core   0: 0x8000324c (0x0000960e) c.add   a2, gp
core   0: 3 0x8000324c (0x960e) x12 0x00000000
core   0: 0x8000324e (0x0000ef19) c.bnez  a4, pc + 30
core   0: 3 0x8000324e (0xef19)
core   0: 0x80003250 (0x00000001) c.nop
core   0: 3 0x80003250 (0x0001)
core   0: 0x80003252 (0xe73fb913) sltiu   s2, t6, -397
core   0: 3 0x80003252 (0xe73fb913) x18 0x00000001
core   0: 0x80003256 (0x03161e33) mulh    t3, a2, a7
core   0: 3 0x80003256 (0x03161e33) x28 0x00000000
core   0: 0x8000325a (0xce34ec93) ori     s9, s1, -797
core   0: 3 0x8000325a (0xce34ec93) x25 0xfffffceb
core   0: 0x8000325e (0x00241d13) slli    s10, s0, 2
core   0: 3 0x8000325e (0x00241d13) x26 0xfffffffc
core   0: 0x80003262 (0x012b49b3) xor     s3, s6, s2
core   0: 3 0x80003262 (0x012b49b3) x19 0x00000005
core   0: 0x80003266 (0x00335c63) bge     t1, gp, pc + 24
core   0: 3 0x80003266 (0x00335c63)
core   0: 0x8000327e (0x02edbb33) mulhu   s6, s11, a4
core   0: 3 0x8000327e (0x02edbb33) x22 0x00000000
core   0: 0x80003282 (0x340a2d73) csrrs   s10, mscratch, s4
core   0: 3 0x80003282 (0x340a2d73) x26 0xe1c5657e c832_mscratch 0xe1c5657e
core   0: 0x80003286 (0x040dc893) xori    a7, s11, 64
core   0: 3 0x80003286 (0x040dc893) x17 0xfffed440
core   0: 0x8000328a (0x1bb5f393) andi    t2, a1, 443
core   0: 3 0x8000328a (0x1bb5f393) x7  0x00000000
core   0: 0x8000328e (0x00000001) c.nop
core   0: 3 0x8000328e (0x0001)
core   0: 0x80003290 (0x00004212) c.lwsp  tp, 4(sp)
core   0: 3 0x80003290 (0x4212) x4  0x80002d12 mem 0x80021e48
core   0: 0x80003292 (0x01db44b3) xor     s1, s6, t4
core   0: 3 0x80003292 (0x01db44b3) x9  0x00015000
core   0: 0x80003296 (0x037b8d33) mul     s10, s7, s7
core   0: 3 0x80003296 (0x037b8d33) x26 0xd828aa04
core   0: 0x8000329a (0xa8ec0597) auipc   a1, 0xa8ec0
core   0: 3 0x8000329a (0xa8ec0597) x11 0x28ec329a
core   0: 0x8000329e (0x34091773) csrrw   a4, mscratch, s2
core   0: 3 0x8000329e (0x34091773) x14 0xe1c5657e c832_mscratch 0x00000001
core   0: 0x800032a2 (0x00006105) c.addi16sp sp, 32
core   0: 3 0x800032a2 (0x6105) x2  0x80021e64
core   0: 0x800032a4 (0x00008dd1) c.or    a1, a2
core   0: 3 0x800032a4 (0x8dd1) x11 0x28ec329a
core   0: 0x800032a6 (0x0000885e) c.mv    a6, s7
core   0: 3 0x800032a6 (0x885e) x16 0xe1c5657e
core   0: 0x800032a8 (0x00120e13) addi    t3, tp, 1
core   0: 3 0x800032a8 (0x00120e13) x28 0x80002d13
core   0: 0x800032ac (0x00008e02) c.jr    t3
core   0: 3 0x800032ac (0x8e02)
core   0: 0x80002d12 (0x0000100f) fence.i
core   0: 3 0x80002d12 (0x0000100f)
core   0: 0x80002d16 (0x00008c89) c.sub   s1, a0
core   0: 3 0x80002d16 (0x8c89) x9  0x1e3bea82
core   0: 0x80002d18 (0xddeab993) sltiu   s3, s5, -546
core   0: 3 0x80002d18 (0xddeab993) x19 0x00000001
core   0: 0x80002d1c (0xf258cc93) xori    s9, a7, -219
core   0: 3 0x80002d1c (0xf258cc93) x25 0x00012b65
core   0: 0x80002d20 (0x0288c8b3) div     a7, a7, s0
core   0: 3 0x80002d20 (0x0288c8b3) x17 0x00012bc0
core   0: 0x80002d24 (0x7c9e2317) auipc   t1, 0x7c9e2
core   0: 3 0x80002d24 (0x7c9e2317) x6  0xfc9e4d24
core   0: 0x80002d28 (0x01e01513) slli    a0, zero, 30
core   0: 3 0x80002d28 (0x01e01513) x10 0x00000000
core   0: 0x80002d2c (0x00001bfd) c.addi  s7, -1
core   0: 3 0x80002d2c (0x1bfd) x23 0xe1c5657d
core   0: 0x80002d2e (0x00f04eb3) xor     t4, zero, a5
core   0: 3 0x80002d2e (0x00f04eb3) x29 0x80025ce4
core   0: 0x80002d32 (0x3400d1f3) csrrwi  gp, mscratch, 1
core   0: 3 0x80002d32 (0x3400d1f3) x3  0x00000001 c832_mscratch 0x00000001
core   0: 0x80002d36 (0x00006ded) c.lui   s11, 0x1b
core   0: 3 0x80002d36 (0x6ded) x27 0x0001b000
core   0: 0x80002d38 (0x000080a9) c.srli  s1, 10
core   0: 3 0x80002d38 (0x80a9) x9  0x00078efa
core   0: 0x80002d3a (0x04306263) bltu    zero, gp, pc + 68
core   0: 3 0x80002d3a (0x04306263)
core   0: 0x80002d7e (0x012a1e33) sll     t3, s4, s2
core   0: 3 0x80002d7e (0x012a1e33) x28 0x00000000
core   0: 0x80002d82 (0x00000001) c.nop
core   0: 3 0x80002d82 (0x0001)
core   0: 0x80002d84 (0x00009afd) c.andi  a3, -1
core   0: 3 0x80002d84 (0x9afd) x13 0x00000016
core   0: 0x80002d86 (0x340c1373) csrrw   t1, mscratch, s8
core   0: 3 0x80002d86 (0x340c1373) x6  0x00000001 c832_mscratch 0xffffffff
core   0: 0x80002d8a (0x038fed33) rem     s10, t6, s8
core   0: 3 0x80002d8a (0x038fed33) x26 0x00000000
core   0: 0x80002d8e (0xd061c893) xori    a7, gp, -762
core   0: 3 0x80002d8e (0xd061c893) x17 0xfffffd07
core   0: 0x80002d92 (0x506c2d93) slti    s11, s8, 1286
core   0: 3 0x80002d92 (0x506c2d93) x27 0x00000001
core   0: 0x80002d96 (0x00000217) auipc   tp, 0x0
core   0: 3 0x80002d96 (0x00000217) x4  0x80002d96
core   0: 0x80002d9a (0x23620213) addi    tp, tp, 566
core   0: 3 0x80002d9a (0x23620213) x4  0x80002fcc
core   0: 0x80002d9e (0x00c91eb3) sll     t4, s2, a2
core   0: 3 0x80002d9e (0x00c91eb3) x29 0x00000001
core   0: 0x80002da2 (0x000066bd) c.lui   a3, 0xf
core   0: 3 0x80002da2 (0x66bd) x13 0x0000f000
core   0: 0x80002da4 (0xc5620213) addi    tp, tp, -938
core   0: 3 0x80002da4 (0xc5620213) x4  0x80002c22
core   0: 0x80002da8 (0x0ff0000f) fence   iorw,iorw
core   0: 3 0x80002da8 (0x0ff0000f)
core   0: 0x80002dac (0x3aa20267) jalr    tp, tp, 938
core   0: 3 0x80002dac (0x3aa20267) x4  0x80002db0
core   0: 0x80002fcc (0x00000906) c.slli  s2, 1
core   0: 3 0x80002fcc (0x0906) x18 0x00000002
core   0: 0x80002fce (0x009bf263) bgeu    s7, s1, pc + 4
core   0: 3 0x80002fce (0x009bf263)
core   0: 0x80002fd2 (0x00001101) c.addi  sp, -32
core   0: 3 0x80002fd2 (0x1101) x2  0x80021e44
core   0: 0x80002fd4 (0x340a7673) csrrci  a2, mscratch, 20
core   0: 3 0x80002fd4 (0x340a7673) x12 0xffffffff c832_mscratch 0xffffffeb
core   0: 0x80002fd8 (0x0000c212) c.swsp  tp, 4(sp)
core   0: 3 0x80002fd8 (0xc212) mem 0x80021e48 0x80002db0
core   0: 0x80002fda (0x03b0d1b3) divu    gp, ra, s11
core   0: 3 0x80002fda (0x03b0d1b3) x3  0x00000000
core   0: 0x80002fde (0x02454a33) div     s4, a0, tp
core   0: 3 0x80002fde (0x02454a33) x20 0x00000000
core   0: 0x80002fe2 (0x00008d31) c.xor   a0, a2
core   0: 3 0x80002fe2 (0x8d31) x10 0xffffffff
core   0: 0x80002fe4 (0x01b78033) add     zero, a5, s11
core   0: 3 0x80002fe4 (0x01b78033)
core   0: 0x80002fe8 (0x00008771) c.srai  a4, 28
core   0: 3 0x80002fe8 (0x8771) x14 0xfffffffe
core   0: 0x80002fea (0x01ce9563) bne     t4, t3, pc + 10
core   0: 3 0x80002fea (0x01ce9563)
core   0: 0x80002ff4 (0x1a60626f) jal     tp, pc + 0x61a6
core   0: 3 0x80002ff4 (0x1a60626f) x4  0x80002ff8
core   0: 0x8000919a (0x00fec3b3) xor     t2, t4, a5
core   0: 3 0x8000919a (0x00fec3b3) x7  0x80025ce5
core   0: 0x8000919e (0x340e34f3) csrrc   s1, mscratch, t3
core   0: 3 0x8000919e (0x340e34f3) x9  0xffffffeb c832_mscratch 0xffffffeb
core   0: 0x800091a2 (0x00046363) bltu    s0, zero, pc + 6
core   0: 3 0x800091a2 (0x00046363)
core   0: 0x800091a6 (0x00000001) c.nop
core   0: 3 0x800091a6 (0x0001)
core   0: 0x800091a8 (0xfd810113) addi    sp, sp, -40
core   0: 3 0x800091a8 (0xfd810113) x2  0x80021e1c
core   0: 0x800091ac (0x0000c212) c.swsp  tp, 4(sp)
core   0: 3 0x800091ac (0xc212) mem 0x80021e20 0x80002ff8
core   0: 0x800091ae (0x34006573) csrrsi  a0, mscratch, 0
core   0: 3 0x800091ae (0x34006573) x10 0xffffffeb
core   0: 0x800091b2 (0x02b80063) beq     a6, a1, pc + 32
core   0: 3 0x800091b2 (0x02b80063)
core   0: 0x800091b6 (0x033b0f63) beq     s6, s3, pc + 62
core   0: 3 0x800091b6 (0x033b0f63)
core   0: 0x800091ba (0x34002373) csrr    t1, mscratch
core   0: 3 0x800091ba (0x34002373) x6  0xffffffeb
core   0: 0x800091be (0x00008c0d) c.sub   s0, a1
core   0: 3 0x800091be (0x8c0d) x8  0xd713cd65
core   0: 0x800091c0 (0x01dfda33) srl     s4, t6, t4
core   0: 3 0x800091c0 (0x01dfda33) x20 0x00000000
core   0: 0x800091c4 (0x03a06863) bltu    zero, s10, pc + 48
core   0: 3 0x800091c4 (0x03a06863)
core   0: 0x800091c8 (0xa94ba813) slti    a6, s7, -1388
core   0: 3 0x800091c8 (0xa94ba813) x16 0x00000001
core   0: 0x800091cc (0x03bf8cb3) mul     s9, t6, s11
core   0: 3 0x800091cc (0x03bf8cb3) x25 0x00000000
core   0: 0x800091d0 (0x0000ca01) c.beqz  a2, pc + 16
core   0: 3 0x800091d0 (0xca01)
core   0: 0x800091d2 (0x01b5d213) srli    tp, a1, 27
core   0: 3 0x800091d2 (0x01b5d213) x4  0x00000005
core   0: 0x800091d6 (0x340a10f3) csrrw   ra, mscratch, s4
core   0: 3 0x800091d6 (0x340a10f3) x1  0xffffffeb c832_mscratch 0x00000000
core   0: 0x800091da (0x0287abb3) mulhsu  s7, a5, s0
core   0: 3 0x800091da (0x0287abb3) x23 0x9478157f
core   0: 0x800091de (0x00008c5d) c.or    s0, a5
core   0: 3 0x800091de (0x8c5d) x8  0xd713dde5
core   0: 0x800091e0 (0x02e80633) mul     a2, a6, a4
core   0: 3 0x800091e0 (0x02e80633) x12 0xfffffffe
core   0: 0x800091e4 (0x41648533) sub     a0, s1, s6
core   0: 3 0x800091e4 (0x41648533) x10 0xffffffeb
core   0: 0x800091e8 (0x34002cf3) csrr    s9, mscratch
core   0: 3 0x800091e8 (0x34002cf3) x25 0x00000000
core   0: 0x800091ec (0x02be7433) remu    s0, t3, a1
core   0: 3 0x800091ec (0x02be7433) x8  0x00000000
core   0: 0x800091f0 (0x47ab6193) ori     gp, s6, 1146
core   0: 3 0x800091f0 (0x47ab6193) x3  0x0000047a
core   0: 0x800091f4 (0x411a5913) srai    s2, s4, 17
core   0: 3 0x800091f4 (0x411a5913) x18 0x00000000
core   0: 0x800091f8 (0x0000e321) c.bnez  a4, pc + 64
core   0: 3 0x800091f8 (0xe321)
core   0: 0x80009238 (0x01d98db3) add     s11, s3, t4
core   0: 3 0x80009238 (0x01d98db3) x27 0x00000002
core   0: 0x8000923c (0x032e0b63) beq     t3, s2, pc + 54
core   0: 3 0x8000923c (0x032e0b63)
core   0: 0x80009272 (0x0137c3b3) xor     t2, a5, s3
core   0: 3 0x80009272 (0x0137c3b3) x7  0x80025ce5
core   0: 0x80009276 (0x0000862d) c.srai  a2, 11
core   0: 3 0x80009276 (0x862d) x12 0xffffffff
core   0: 0x80009278 (0x00000001) c.nop
core   0: 3 0x80009278 (0x0001)
core   0: 0x8000927a (0x0165e5b3) or      a1, a1, s6
core   0: 3 0x8000927a (0x0165e5b3) x11 0x28ec329a
core   0: 0x8000927e (0x395c4917) auipc   s2, 0x395c4
core   0: 3 0x8000927e (0x395c4917) x18 0xb95cd27e
core   0: 0x80009282 (0x00008efd) c.and   a3, a5
core   0: 3 0x80009282 (0x8efd) x13 0x00005000
core   0: 0x80009284 (0x02189963) bne     a7, ra, pc + 50
core   0: 3 0x80009284 (0x02189963)
core   0: 0x800092b6 (0x027e4433) div     s0, t3, t2
core   0: 3 0x800092b6 (0x027e4433) x8  0x00000000
core   0: 0x800092ba (0x34045873) csrrwi  a6, mscratch, 8
core   0: 3 0x800092ba (0x34045873) x16 0x00000000 c832_mscratch 0x00000008
core   0: 0x800092be (0x00009afd) c.andi  a3, -1
core   0: 3 0x800092be (0x9afd) x13 0x00005000
core   0: 0x800092c0 (0x03bcbf33) mulhu   t5, s9, s11
core   0: 3 0x800092c0 (0x03bcbf33) x30 0x00000000
core   0: 0x800092c4 (0x00459933) sll     s2, a1, tp
core   0: 3 0x800092c4 (0x00459933) x18 0x1d865340
core   0: 0x800092c8 (0x0137dc63) bge     a5, s3, pc + 24
core   0: 3 0x800092c8 (0x0137dc63)
core   0: 0x800092cc (0x04fb9263) bne     s7, a5, pc + 68
core   0: 3 0x800092cc (0x04fb9263)
core   0: 0x80009310 (0x00899c33) sll     s8, s3, s0
core   0: 3 0x80009310 (0x00899c33) x24 0x00000001
core   0: 0x80009314 (0x03b97733) remu    a4, s2, s11
core   0: 3 0x80009314 (0x03b97733) x14 0x00000000
core   0: 0x80009318 (0x00af60b3) or      ra, t5, a0
core   0: 3 0x80009318 (0x00af60b3) x1  0xffffffeb
core   0: 0x8000931c (0x000003da) c.slli  t2, 22
core   0: 3 0x8000931c (0x03da) x7  0x39400000
core   0: 0x8000931e (0x34082b73) csrrs   s6, mscratch, a6
core   0: 3 0x8000931e (0x34082b73) x22 0x00000008 c832_mscratch 0x00000008
core   0: 0x80009322 (0x34069973) csrrw   s2, mscratch, a3
core   0: 3 0x80009322 (0x34069973) x18 0x00000008 c832_mscratch 0x00005000
core   0: 0x80009326 (0x0000ed89) c.bnez  a1, pc + 26
core   0: 3 0x80009326 (0xed89)
core   0: 0x80009340 (0x00008f55) c.or    a4, a3
core   0: 3 0x80009340 (0x8f55) x14 0x00005000
core   0: 0x80009342 (0x89582613) slti    a2, a6, -1899
core   0: 3 0x80009342 (0x89582613) x12 0x00000000
core   0: 0x80009346 (0x00000001) c.nop
core   0: 3 0x80009346 (0x0001)
core   0: 0x80009348 (0x00008cad) c.xor   s1, a1
core   0: 3 0x80009348 (0x8cad) x9  0xd713cd71
core   0: 0x8000934a (0x03bb5063) bge     s6, s11, pc + 32
core   0: 3 0x8000934a (0x03bb5063)
core   0: 0x8000936a (0x030d1bb3) mulh    s7, s10, a6
core   0: 3 0x8000936a (0x030d1bb3) x23 0x00000000
core   0: 0x8000936e (0x0000e029) c.bnez  s0, pc + 66
core   0: 3 0x8000936e (0xe029)
core   0: 0x80009370 (0x340953f3) csrrwi  t2, mscratch, 18
core   0: 3 0x80009370 (0x340953f3) x7  0x00005000 c832_mscratch 0x00000012
core   0: 0x80009374 (0x032d1f33) mulh    t5, s10, s2
core   0: 3 0x80009374 (0x032d1f33) x30 0x00000000
core   0: 0x80009378 (0x3401d273) csrrwi  tp, mscratch, 3
core   0: 3 0x80009378 (0x3401d273) x4  0x00000012 c832_mscratch 0x00000003
core   0: 0x8000937c (0x34003673) csrrc   a2, mscratch, zero
core   0: 3 0x8000937c (0x34003673) x12 0x00000003
core   0: 0x80009380 (0x00001ffd) c.addi  t6, -1
core   0: 3 0x80009380 (0x1ffd) x31 0xffffffff
core   0: 0x80009382 (0x00008e71) c.and   a2, a2
core   0: 3 0x80009382 (0x8e71) x12 0x00000003
core   0: 0x80009384 (0x0000cc95) c.beqz  s1, pc + 60
core   0: 3 0x80009384 (0xcc95)
core   0: 0x80009386 (0x00a01513) slli    a0, zero, 10
core   0: 3 0x80009386 (0x00a01513) x10 0x00000000
core   0: 0x8000938a (0x852db897) auipc   a7, 0x852db
core   0: 3 0x8000938a (0x852db897) x17 0x052e438a
core   0: 0x8000938e (0x00008161) c.srli  a0, 24
core   0: 3 0x8000938e (0x8161) x10 0x00000000
core   0: 0x80009390 (0x41ce0233) sub     tp, t3, t3
core   0: 3 0x80009390 (0x41ce0233) x4  0x00000000
core   0: 0x80009394 (0x0000892e) c.mv    s2, a1
core   0: 3 0x80009394 (0x892e) x18 0x28ec329a
core   0: 0x80009396 (0x0345f163) bgeu    a1, s4, pc + 34
core   0: 3 0x80009396 (0x0345f163)
core   0: 0x800093b8 (0x3c97c193) xori    gp, a5, 969
core   0: 3 0x800093b8 (0x3c97c193) x3  0x80025f2d
core   0: 0x800093bc (0x00e31393) slli    t2, t1, 14
core   0: 3 0x800093bc (0x00e31393) x7  0xfffac000
core   0: 0x800093c0 (0x7bb64097) auipc   ra, 0x7bb64
core   0: 3 0x800093c0 (0x7bb64097) x1  0xfbb6d3c0
core   0: 0x800093c4 (0xbb620437) lui     s0, 0xbb620
core   0: 3 0x800093c4 (0xbb620437) x8  0xbb620000
core   0: 0x800093c8 (0x05af0463) beq     t5, s10, pc + 72
core   0: 3 0x800093c8 (0x05af0463)
core   0: 0x80009410 (0x017bf233) and     tp, s7, s7
core   0: 3 0x80009410 (0x017bf233) x4  0x00000000
core   0: 0x80009414 (0x340e7073) csrci   mscratch, 28
core   0: 3 0x80009414 (0x340e7073) c832_mscratch 0x00000003
core   0: 0x80009418 (0x039fa3b3) mulhsu  t2, t6, s9
core   0: 3 0x80009418 (0x039fa3b3) x7  0x00000000
core   0: 0x8000941c (0x00fbe2b3) or      t0, s7, a5
core   0: 3 0x8000941c (0x00fbe2b3) x5  0x80025ce4
core   0: 0x80009420 (0x0231e9b3) rem     s3, gp, gp
core   0: 3 0x80009420 (0x0231e9b3) x19 0x00000000
core   0: 0x80009424 (0x3436c437) lui     s0, 0x3436c
core   0: 3 0x80009424 (0x3436c437) x8  0x3436c000
core   0: 0x80009428 (0x00008ca1) c.xor   s1, s0
core   0: 3 0x80009428 (0x8ca1) x9  0xe3250d71
core   0: 0x8000942a (0x008b7463) bgeu    s6, s0, pc + 8
core   0: 3 0x8000942a (0x008b7463)
core   0: 0x8000942e (0x00000c8d) c.addi  s9, 3
core   0: 3 0x8000942e (0x0c8d) x25 0x00000003
core   0: 0x80009430 (0x0000ee8d) c.bnez  a3, pc + 58
core   0: 3 0x80009430 (0xee8d)
core   0: 0x8000946a (0x000096be) c.add   a3, a5
core   0: 3 0x8000946a (0x96be) x13 0x8002ace4
core   0: 0x8000946c (0x017d48b3) xor     a7, s10, s7
core   0: 3 0x8000946c (0x017d48b3) x17 0x00000000
core   0: 0x80009470 (0x34099073) csrw    mscratch, s3
core   0: 3 0x80009470 (0x34099073) c832_mscratch 0x00000000
core   0: 0x80009474 (0x00360833) add     a6, a2, gp
core   0: 3 0x80009474 (0x00360833) x16 0x80025f30
core   0: 0x80009478 (0x8a389417) auipc   s0, 0x8a389
core   0: 3 0x80009478 (0x8a389417) x8  0x0a392478
core   0: 0x8000947c (0x00db9d13) slli    s10, s7, 13
core   0: 3 0x8000947c (0x00db9d13) x26 0x00000000
core   0: 0x80009480 (0x34003573) csrrc   a0, mscratch, zero
core   0: 3 0x80009480 (0x34003573) x10 0x00000000
core   0: 0x80009484 (0x03402cb3) mulhsu  s9, zero, s4
core   0: 3 0x80009484 (0x03402cb3) x25 0x00000000
core   0: 0x80009488 (0x41a05a13) srai    s4, zero, 26
core   0: 3 0x80009488 (0x41a05a13) x20 0x00000000
core   0: 0x8000948c (0xc3fdfe13) andi    t3, s11, -961
core   0: 3 0x8000948c (0xc3fdfe13) x28 0x00000002
core   0: 0x80009490 (0x03b6d763) bge     a3, s11, pc + 46
core   0: 3 0x80009490 (0x03b6d763)
core   0: 0x80009494 (0x00e23e33) sltu    t3, tp, a4
core   0: 3 0x80009494 (0x00e23e33) x28 0x00000001
core   0: 0x80009498 (0xe0867593) andi    a1, a2, -504
core   0: 3 0x80009498 (0xe0867593) x11 0x00000000
core   0: 0x8000949c (0x02a8f433) remu    s0, a7, a0
core   0: 3 0x8000949c (0x02a8f433) x8  0x00000000
core   0: 0x800094a0 (0x01a0a8b3) slt     a7, ra, s10
core   0: 3 0x800094a0 (0x01a0a8b3) x17 0x00000001
core   0: 0x800094a4 (0x006c5033) srl     zero, s8, t1
core   0: 3 0x800094a4 (0x006c5033)
core   0: 0x800094a8 (0x34085bf3) csrrwi  s7, mscratch, 16
core   0: 3 0x800094a8 (0x34085bf3) x23 0x00000000 c832_mscratch 0x00000010
core   0: 0x800094ac (0x340025f3) csrr    a1, mscratch
core   0: 3 0x800094ac (0x340025f3) x11 0x00000010
core   0: 0x800094b0 (0x0101b2b3) sltu    t0, gp, a6
core   0: 3 0x800094b0 (0x0101b2b3) x5  0x00000001
core   0: 0x800094b4 (0x3409ddf3) csrrwi  s11, mscratch, 19
core   0: 3 0x800094b4 (0x3409ddf3) x27 0x00000010 c832_mscratch 0x00000013
core   0: 0x800094b8 (0x00008491) c.srai  s1, 4
core   0: 3 0x800094b8 (0x8491) x9  0xfe3250d7
core   0: 0x800094ba (0x0000100f) fence.i
core   0: 3 0x800094ba (0x0000100f)
core   0: 0x800094be (0x7e907593) andi    a1, zero, 2025
core   0: 3 0x800094be (0x7e907593) x11 0x00000000
core   0: 0x800094c2 (0x023f73b3) remu    t2, t5, gp
core   0: 3 0x800094c2 (0x023f73b3) x7  0x00000000
core   0: 0x800094c6 (0x34007df3) csrrci  s11, mscratch, 0
core   0: 3 0x800094c6 (0x34007df3) x27 0x00000013
core   0: 0x800094ca (0x34003773) csrrc   a4, mscratch, zero
core   0: 3 0x800094ca (0x34003773) x14 0x00000013
core   0: 0x800094ce (0x038ad463) bge     s5, s8, pc + 40
core   0: 3 0x800094ce (0x038ad463)
core   0: 0x800094f6 (0x00004fb9) c.li    t6, 14
core   0: 3 0x800094f6 (0x4fb9) x31 0x0000000e
core   0: 0x800094f8 (0x3405ae73) csrrs   t3, mscratch, a1
core   0: 3 0x800094f8 (0x3405ae73) x28 0x00000013 c832_mscratch 0x00000013
core   0: 0x800094fc (0x340bdf73) csrrwi  t5, mscratch, 23
core   0: 3 0x800094fc (0x340bdf73) x30 0x00000013 c832_mscratch 0x00000017
core   0: 0x80009500 (0x010868b3) or      a7, a6, a6
core   0: 3 0x80009500 (0x010868b3) x17 0x80025f30
core   0: 0x80009504 (0x0354b8b3) mulhu   a7, s1, s5
core   0: 3 0x80009504 (0x0354b8b3) x17 0x00000008
core   0: 0x80009508 (0x340a5a73) csrrwi  s4, mscratch, 20
core   0: 3 0x80009508 (0x340a5a73) x20 0x00000017 c832_mscratch 0x00000014
core   0: 0x8000950c (0x015b5a13) srli    s4, s6, 21
core   0: 3 0x8000950c (0x015b5a13) x20 0x00000000
core   0: 0x80009510 (0x03249f33) mulh    t5, s1, s2
core   0: 3 0x80009510 (0x03249f33) x30 0xffb632a8
core   0: 0x80009514 (0x018c9f63) bne     s9, s8, pc + 30
core   0: 3 0x80009514 (0x018c9f63)
core   0: 0x80009532 (0xff60afb7) lui     t6, 0xff60a
core   0: 3 0x80009532 (0xff60afb7) x31 0xff60a000
core   0: 0x80009536 (0x1dce8913) addi    s2, t4, 476
core   0: 3 0x80009536 (0x1dce8913) x18 0x000001dd
core   0: 0x8000953a (0x0000e205) c.bnez  a2, pc + 32
core   0: 3 0x8000953a (0xe205)
core   0: 0x8000955a (0x00cede63) bge     t4, a2, pc + 28
core   0: 3 0x8000955a (0x00cede63)
core   0: 0x8000955e (0x0527c163) blt     a5, s2, pc + 66
core   0: 3 0x8000955e (0x0527c163)
core   0: 0x800095a0 (0x7a35e413) ori     s0, a1, 1955
core   0: 3 0x800095a0 (0x7a35e413) x8  0x000007a3
core   0: 0x800095a4 (0x018b16b3) sll     a3, s6, s8
core   0: 3 0x800095a4 (0x018b16b3) x13 0x00000010
core   0: 0x800095a8 (0x02b91633) mulh    a2, s2, a1
core   0: 3 0x800095a8 (0x02b91633) x12 0x00000000
core   0: 0x800095ac (0x013451b3) srl     gp, s0, s3
core   0: 3 0x800095ac (0x013451b3) x3  0x000007a3
core   0: 0x800095b0 (0x00008cad) c.xor   s1, a1
core   0: 3 0x800095b0 (0x8cad) x9  0xfe3250d7
core   0: 0x800095b2 (0x00008c89) c.sub   s1, a0
core   0: 3 0x800095b2 (0x8c89) x9  0xfe3250d7
core   0: 0x800095b4 (0xb830b037) lui     zero, 0xb830b
core   0: 3 0x800095b4 (0xb830b037)
core   0: 0x800095b8 (0x000080fd) c.srli  s1, 31
core   0: 3 0x800095b8 (0x80fd) x9  0x00000001
core   0: 0x800095ba (0x0000e60d) c.bnez  a2, pc + 42
core   0: 3 0x800095ba (0xe60d)
core   0: 0x800095bc (0x00008e45) c.or    a2, s1
core   0: 3 0x800095bc (0x8e45) x12 0x00000001
core   0: 0x800095be (0x0ff0000f) fence   iorw,iorw
core   0: 3 0x800095be (0x0ff0000f)
core   0: 0x800095c2 (0x03a84163) blt     a6, s10, pc + 34
core   0: 3 0x800095c2 (0x03a84163)
core   0: 0x800095e4 (0x34002bf3) csrr    s7, mscratch
core   0: 3 0x800095e4 (0x34002bf3) x23 0x00000014
core   0: 0x800095e8 (0x0000ca05) c.beqz  a2, pc + 48
core   0: 3 0x800095e8 (0xca05)
core   0: 0x800095ea (0x6ef22717) auipc   a4, 0x6ef22
core   0: 3 0x800095ea (0x6ef22717) x14 0xeef2b5ea
core   0: 0x800095ee (0x006535b3) sltu    a1, a0, t1
core   0: 3 0x800095ee (0x006535b3) x11 0x00000001
core   0: 0x800095f2 (0x0252b2b3) mulhu   t0, t0, t0
core   0: 3 0x800095f2 (0x0252b2b3) x5  0x00000000
core   0: 0x800095f6 (0x034fd163) bge     t6, s4, pc + 34
core   0: 3 0x800095f6 (0x034fd163)
core   0: 0x800095fa (0x01f6a4b3) slt     s1, a3, t6
core   0: 3 0x800095fa (0x01f6a4b3) x9  0x00000000
core   0: 0x800095fe (0x03e5f663) bgeu    a1, t5, pc + 44
core   0: 3 0x800095fe (0x03e5f663)
core   0: 0x80009602 (0x340d7cf3) csrrci  s9, mscratch, 26
core   0: 3 0x80009602 (0x340d7cf3) x25 0x00000014 c832_mscratch 0x00000004
core   0: 0x80009606 (0x00008cf9) c.and   s1, a4
core   0: 3 0x80009606 (0x8cf9) x9  0x00000000
core   0: 0x80009608 (0x01819013) slli    zero, gp, 24
core   0: 3 0x80009608 (0x01819013)
core   0: 0x8000960c (0x0447d263) bge     a5, tp, pc + 68
core   0: 3 0x8000960c (0x0447d263)
core   0: 0x80009610 (0x034069b3) rem     s3, zero, s4
core   0: 3 0x80009610 (0x034069b3) x19 0x00000000
core   0: 0x80009614 (0x31934f13) xori    t5, t1, 793
core   0: 3 0x80009614 (0x31934f13) x30 0xfffffcf2
core   0: 0x80009618 (0x02a74233) div     tp, a4, a0
core   0: 3 0x80009618 (0x02a74233) x4  0xffffffff
core   0: 0x8000961c (0x00008ee1) c.and   a3, s0
core   0: 3 0x8000961c (0x8ee1) x13 0x00000000
core   0: 0x8000961e (0x00e92d33) slt     s10, s2, a4
core   0: 3 0x8000961e (0x00e92d33) x26 0x00000000
core   0: 0x80009622 (0x0030d593) srli    a1, ra, 3
core   0: 3 0x80009622 (0x0030d593) x11 0x1f76da78
core   0: 0x80009626 (0x41025433) sra     s0, tp, a6
core   0: 3 0x80009626 (0x41025433) x8  0xffffffff
core   0: 0x8000962a (0xf39b8837) lui     a6, 0xf39b8
core   0: 3 0x8000962a (0xf39b8837) x16 0xf39b8000
core   0: 0x8000962e (0x0000ee05) c.bnez  a2, pc + 56
core   0: 3 0x8000962e (0xee05)
core   0: 0x80009666 (0xbcbd7d13) andi    s10, s10, -1077
core   0: 3 0x80009666 (0xbcbd7d13) x26 0x00000000
core   0: 0x8000966a (0x009c1093) slli    ra, s8, 9
core   0: 3 0x8000966a (0x009c1093) x1  0x00000200
core   0: 0x8000966e (0x404c0a33) sub     s4, s8, tp
core   0: 3 0x8000966e (0x404c0a33) x20 0x00000002
core   0: 0x80009672 (0x0386f963) bgeu    a3, s8, pc + 50
core   0: 3 0x80009672 (0x0386f963)
core   0: 0x80009676 (0x02a04433) div     s0, zero, a0
core   0: 3 0x80009676 (0x02a04433) x8  0xffffffff
core   0: 0x8000967a (0x0000956e) c.add   a0, s11
core   0: 3 0x8000967a (0x956e) x10 0x00000013
core   0: 0x8000967c (0x59b80093) addi    ra, a6, 1435
core   0: 3 0x8000967c (0x59b80093) x1  0xf39b859b
core   0: 0x80009680 (0x34049e73) csrrw   t3, mscratch, s1
core   0: 3 0x80009680 (0x34049e73) x28 0x00000004 c832_mscratch 0x00000000
core   0: 0x80009684 (0x02fa7463) bgeu    s4, a5, pc + 40
core   0: 3 0x80009684 (0x02fa7463)
core   0: 0x80009688 (0x027bde63) bge     s7, t2, pc + 60
core   0: 3 0x80009688 (0x027bde63)
core   0: 0x800096c4 (0x01aed863) bge     t4, s10, pc + 16
core   0: 3 0x800096c4 (0x01aed863)
core   0: 0x800096d4 (0xce658b13) addi    s6, a1, -794
core   0: 3 0x800096d4 (0xce658b13) x22 0x1f76d75e
core   0: 0x800096d8 (0x000080b9) c.srli  s1, 14
core   0: 3 0x800096d8 (0x80b9) x9  0x00000000
core   0: 0x800096da (0x0375c063) blt     a1, s7, pc + 32
core   0: 3 0x800096da (0x0375c063)
core   0: 0x800096de (0x039af263) bgeu    s5, s9, pc + 36
core   0: 3 0x800096de (0x039af263)
core   0: 0x800096e2 (0x00008862) c.mv    a6, s8
core   0: 3 0x800096e2 (0x8862) x16 0x00000001
core   0: 0x800096e4 (0x34029773) csrrw   a4, mscratch, t0
core   0: 3 0x800096e4 (0x34029773) x14 0x00000000 c832_mscratch 0x00000000
core   0: 0x800096e8 (0x00009c46) c.add   s8, a7
core   0: 3 0x800096e8 (0x9c46) x24 0x00000009
core   0: 0x800096ea (0x05d57163) bgeu    a0, t4, pc + 66
core   0: 3 0x800096ea (0x05d57163)
core   0: 0x8000972c (0x0069d333) srl     t1, s3, t1
core   0: 3 0x8000972c (0x0069d333) x6  0x00000000
core   0: 0x80009730 (0x0186e633) or      a2, a3, s8
core   0: 3 0x80009730 (0x0186e633) x12 0x00000009
core   0: 0x80009734 (0x02b2cfb3) div     t6, t0, a1
core   0: 3 0x80009734 (0x02b2cfb3) x31 0x00000000
core   0: 0x80009738 (0x34002773) csrr    a4, mscratch
core   0: 3 0x80009738 (0x34002773) x14 0x00000000
core   0: 0x8000973c (0x00008cf9) c.and   s1, a4
core   0: 3 0x8000973c (0x8cf9) x9  0x00000000
core   0: 0x8000973e (0x00008d65) c.and   a0, s1
core   0: 3 0x8000973e (0x8d65) x10 0x00000000
core   0: 0x80009740 (0x3408dd73) csrrwi  s10, mscratch, 17
core   0: 3 0x80009740 (0x3408dd73) x26 0x00000000 c832_mscratch 0x00000011
core   0: 0x80009744 (0x00000b5e) c.slli  s6, 23
core   0: 3 0x80009744 (0x0b5e) x22 0xaf000000
core   0: 0x80009746 (0x00000001) c.nop
core   0: 3 0x80009746 (0x0001)
core   0: 0x80009748 (0x3409b6f3) csrrc   a3, mscratch, s3
core   0: 3 0x80009748 (0x3409b6f3) x13 0x00000011 c832_mscratch 0x00000011
core   0: 0x8000974c (0x02365363) bge     a2, gp, pc + 38
core   0: 3 0x8000974c (0x02365363)
core   0: 0x80009750 (0x054d4363) blt     s10, s4, pc + 70
core   0: 3 0x80009750 (0x054d4363)
core   0: 0x80009796 (0x03bdb633) mulhu   a2, s11, s11
core   0: 3 0x80009796 (0x03bdb633) x12 0x00000000
core   0: 0x8000979a (0x00008771) c.srai  a4, 28
core   0: 3 0x8000979a (0x8771) x14 0x00000000
core   0: 0x8000979c (0x0000984e) c.add   a6, s3
core   0: 3 0x8000979c (0x984e) x16 0x00000001
core   0: 0x8000979e (0x00008c49) c.or    s0, a0
core   0: 3 0x8000979e (0x8c49) x8  0xffffffff
core   0: 0x800097a0 (0x0f8b3913) sltiu   s2, s6, 248
core   0: 3 0x800097a0 (0x0f8b3913) x18 0x00000000
core   0: 0x800097a4 (0x012514b3) sll     s1, a0, s2
core   0: 3 0x800097a4 (0x012514b3) x9  0x00000000
core   0: 0x800097a8 (0x00a4e9b3) or      s3, s1, a0
core   0: 3 0x800097a8 (0x00a4e9b3) x19 0x00000000
core   0: 0x800097ac (0x00008f19) c.sub   a4, a4
core   0: 3 0x800097ac (0x8f19) x14 0x00000000
core   0: 0x800097ae (0x02ee8163) beq     t4, a4, pc + 34
core   0: 3 0x800097ae (0x02ee8163)
core   0: 0x800097b2 (0x00008c6d) c.and   s0, a1
core   0: 3 0x800097b2 (0x8c6d) x8  0x1f76da78
core   0: 0x800097b4 (0x0332f1b3) remu    gp, t0, s3
core   0: 3 0x800097b4 (0x0332f1b3) x3  0x00000000
core   0: 0x800097b8 (0x00d293b3) sll     t2, t0, a3
core   0: 3 0x800097b8 (0x00d293b3) x7  0x00000000
core   0: 0x800097bc (0x020292b3) mulh    t0, t0, zero
core   0: 3 0x800097bc (0x020292b3) x5  0x00000000
core   0: 0x800097c0 (0x34002573) csrr    a0, mscratch
core   0: 3 0x800097c0 (0x34002573) x10 0x00000011
core   0: 0x800097c4 (0x037d0d33) mul     s10, s10, s7
core   0: 3 0x800097c4 (0x037d0d33) x26 0x00000000
core   0: 0x800097c8 (0x0248f563) bgeu    a7, tp, pc + 42
core   0: 3 0x800097c8 (0x0248f563)
core   0: 0x800097cc (0x3b6d3393) sltiu   t2, s10, 950
core   0: 3 0x800097cc (0x3b6d3393) x7  0x00000001
core   0: 0x800097d0 (0x0149d2b3) srl     t0, s3, s4
core   0: 3 0x800097d0 (0x0149d2b3) x5  0x00000000
core   0: 0x800097d4 (0x01a018b3) sll     a7, zero, s10
core   0: 3 0x800097d4 (0x01a018b3) x17 0x00000000
core   0: 0x800097d8 (0x00008ef9) c.and   a3, a4
core   0: 3 0x800097d8 (0x8ef9) x13 0x00000000
core   0: 0x800097da (0xd1362493) slti    s1, a2, -749
core   0: 3 0x800097da (0xd1362493) x9  0x00000000
core   0: 0x800097de (0x03a602b3) mul     t0, a2, s10
core   0: 3 0x800097de (0x03a602b3) x5  0x00000000
core   0: 0x800097e2 (0x01c87863) bgeu    a6, t3, pc + 16
core   0: 3 0x800097e2 (0x01c87863)
core   0: 0x800097e6 (0x02cb1d63) bne     s6, a2, pc + 58
core   0: 3 0x800097e6 (0x02cb1d63)
core   0: 0x80009820 (0x018d55b3) srl     a1, s10, s8
core   0: 3 0x80009820 (0x018d55b3) x11 0x00000000
core   0: 0x80009824 (0x0147b4b3) sltu    s1, a5, s4
core   0: 3 0x80009824 (0x0147b4b3) x9  0x00000000
core   0: 0x80009828 (0xf3d92813) slti    a6, s2, -195
core   0: 3 0x80009828 (0xf3d92813) x16 0x00000000
core   0: 0x8000982c (0x0000100f) fence.i
core   0: 3 0x8000982c (0x0000100f)
core   0: 0x80009830 (0x0000c80d) c.beqz  s0, pc + 50
core   0: 3 0x80009830 (0xc80d)
core   0: 0x80009832 (0x00004e09) c.li    t3, 2
core   0: 3 0x80009832 (0x4e09) x28 0x00000002
core   0: 0x80009834 (0x14b07c13) andi    s8, zero, 331
core   0: 3 0x80009834 (0x14b07c13) x24 0x00000000
core   0: 0x80009838 (0x0000969e) c.add   a3, t2
core   0: 3 0x80009838 (0x969e) x13 0x00000001
core   0: 0x8000983a (0x00000001) c.nop
core   0: 3 0x8000983a (0x0001)
core   0: 0x8000983c (0x00008d29) c.xor   a0, a0
core   0: 3 0x8000983c (0x8d29) x10 0x00000000
core   0: 0x8000983e (0x0328c863) blt     a7, s2, pc + 48
core   0: 3 0x8000983e (0x0328c863)
core   0: 0x80009842 (0x0127ddb3) srl     s11, a5, s2
core   0: 3 0x80009842 (0x0127ddb3) x27 0x80025ce4
core   0: 0x80009846 (0x21727093) andi    ra, tp, 535
core   0: 3 0x80009846 (0x21727093) x1  0x00000217
core   0: 0x8000984a (0x340395f3) csrrw   a1, mscratch, t2
core   0: 3 0x8000984a (0x340395f3) x11 0x00000011 c832_mscratch 0x00000001
core   0: 0x8000984e (0x01ac9eb3) sll     t4, s9, s10
core   0: 3 0x8000984e (0x01ac9eb3) x29 0x00000014
core   0: 0x80009852 (0x02984f63) blt     a6, s1, pc + 62
core   0: 3 0x80009852 (0x02984f63)
core   0: 0x80009856 (0x006712b3) sll     t0, a4, t1
core   0: 3 0x80009856 (0x006712b3) x5  0x00000000
core   0: 0x8000985a (0x02568033) mul     zero, a3, t0
core   0: 3 0x8000985a (0x02568033)
core   0: 0x8000985e (0x340066f3) csrrsi  a3, mscratch, 0
core   0: 3 0x8000985e (0x340066f3) x13 0x00000001
core   0: 0x80009862 (0x00008e85) c.sub   a3, s1
core   0: 3 0x80009862 (0x8e85) x13 0x00000001
core   0: 0x80009864 (0x00008ec9) c.or    a3, a0
core   0: 3 0x80009864 (0x8ec9) x13 0x00000001
core   0: 0x80009866 (0x0000100f) fence.i
core   0: 3 0x80009866 (0x0000100f)
core   0: 0x8000986a (0x011858b3) srl     a7, a6, a7
core   0: 3 0x8000986a (0x011858b3) x17 0x00000000
core   0: 0x8000986e (0x00008df9) c.and   a1, a4
core   0: 3 0x8000986e (0x8df9) x11 0x00000000
core   0: 0x80009870 (0x0000ed85) c.bnez  a1, pc + 56
core   0: 3 0x80009870 (0xed85)
core   0: 0x80009872 (0x340d51f3) csrrwi  gp, mscratch, 26
core   0: 3 0x80009872 (0x340d51f3) x3  0x00000001 c832_mscratch 0x0000001a
core   0: 0x80009876 (0x01177bb3) and     s7, a4, a7
core   0: 3 0x80009876 (0x01177bb3) x23 0x00000000
core   0: 0x8000987a (0x0206ae33) mulhsu  t3, a3, zero
core   0: 3 0x8000987a (0x0206ae33) x28 0x00000000
core   0: 0x8000987e (0x340074f3) csrrci  s1, mscratch, 0
core   0: 3 0x8000987e (0x340074f3) x9  0x0000001a
core   0: 0x80009882 (0x0026db63) bge     a3, sp, pc + 22
core   0: 3 0x80009882 (0x0026db63)
core   0: 0x80009898 (0x000014fd) c.addi  s1, -1
core   0: 3 0x80009898 (0x14fd) x9  0x00000019
core   0: 0x8000989a (0x008d13b3) sll     t2, s10, s0
core   0: 3 0x8000989a (0x008d13b3) x7  0x00000000
core   0: 0x8000989e (0x00001ffd) c.addi  t6, -1
core   0: 3 0x8000989e (0x1ffd) x31 0xffffffff
core   0: 0x800098a0 (0x0000966e) c.add   a2, s11
core   0: 3 0x800098a0 (0x966e) x12 0x80025ce4
core   0: 0x800098a2 (0x00008045) c.srli  s0, 17
core   0: 3 0x800098a2 (0x8045) x8  0x00000fbb
core   0: 0x800098a4 (0x03c714b3) mulh    s1, a4, t3
core   0: 3 0x800098a4 (0x03c714b3) x9  0x00000000
core   0: 0x800098a8 (0x0000100f) fence.i
core   0: 3 0x800098a8 (0x0000100f)
core   0: 0x800098ac (0x000090fe) c.add   ra, t6
core   0: 3 0x800098ac (0x90fe) x1  0x00000216
core   0: 0x800098ae (0x00000001) c.nop
core   0: 3 0x800098ae (0x0001)
core   0: 0x800098b0 (0x00000001) c.nop
core   0: 3 0x800098b0 (0x0001)
core   0: 0x800098b2 (0x0386f233) remu    tp, a3, s8
core   0: 3 0x800098b2 (0x0386f233) x4  0x00000001
core   0: 0x800098b6 (0xea14b193) sltiu   gp, s1, -351
core   0: 3 0x800098b6 (0xea14b193) x3  0x00000001
core   0: 0x800098ba (0x031bce33) div     t3, s7, a7
core   0: 3 0x800098ba (0x031bce33) x28 0xffffffff
core   0: 0x800098be (0x34052973) csrrs   s2, mscratch, a0
core   0: 3 0x800098be (0x34052973) x18 0x0000001a c832_mscratch 0x0000001a
core   0: 0x800098c2 (0x0373e013) ori     zero, t2, 55
core   0: 3 0x800098c2 (0x0373e013)
core   0: 0x800098c6 (0x011783b3) add     t2, a5, a7
core   0: 3 0x800098c6 (0x011783b3) x7  0x80025ce4
core   0: 0x800098ca (0x73436193) ori     gp, t1, 1844
core   0: 3 0x800098ca (0x73436193) x3  0x00000734
core   0: 0x800098ce (0x005d3db3) sltu    s11, s10, t0
core   0: 3 0x800098ce (0x005d3db3) x27 0x00000000
core   0: 0x800098d2 (0x00008622) c.mv    a2, s0
core   0: 3 0x800098d2 (0x8622) x12 0x00000fbb
core   0: 0x800098d4 (0x00000b26) c.slli  s6, 9
core   0: 3 0x800098d4 (0x0b26) x22 0x00000000
core   0: 0x800098d6 (0x340b3973) csrrc   s2, mscratch, s6
core   0: 3 0x800098d6 (0x340b3973) x18 0x0000001a c832_mscratch 0x0000001a
core   0: 0x800098da (0x02619eb3) mulh    t4, gp, t1
core   0: 3 0x800098da (0x02619eb3) x29 0x00000000
core   0: 0x800098de (0x031a3833) mulhu   a6, s4, a7
core   0: 3 0x800098de (0x031a3833) x16 0x00000000
core   0: 0x800098e2 (0x340ff1f3) csrrci  gp, mscratch, 31
core   0: 3 0x800098e2 (0x340ff1f3) x3  0x0000001a c832_mscratch 0x00000000
core   0: 0x800098e6 (0x016fc433) xor     s0, t6, s6
core   0: 3 0x800098e6 (0x016fc433) x8  0xffffffff
core   0: 0x800098ea (0x00a54033) xor     zero, a0, a0
core   0: 3 0x800098ea (0x00a54033)
core   0: 0x800098ee (0x000b1f13) slli    t5, s6, 0
core   0: 3 0x800098ee (0x000b1f13) x30 0x00000000
core   0: 0x800098f2 (0x0000077d) c.addi  a4, 31
core   0: 3 0x800098f2 (0x077d) x14 0x0000001f
core   0: 0x800098f4 (0x02eaf6b3) remu    a3, s5, a4
core   0: 3 0x800098f4 (0x02eaf6b3) x13 0x00000009
core   0: 0x800098f8 (0x00008145) c.srli  a0, 17
core   0: 3 0x800098f8 (0x8145) x10 0x00000000
core   0: 0x800098fa (0x02871db3) mulh    s11, a4, s0
core   0: 3 0x800098fa (0x02871db3) x27 0xffffffff
core   0: 0x800098fe (0x02fecf33) div     t5, t4, a5
core   0: 3 0x800098fe (0x02fecf33) x30 0x00000000
core   0: 0x80009902 (0x417480b3) sub     ra, s1, s7
core   0: 3 0x80009902 (0x417480b3) x1  0x00000000
core   0: 0x80009906 (0x000002d6) c.slli  t0, 21
core   0: 3 0x80009906 (0x02d6) x5  0x00000000
core   0: 0x80009908 (0x340071f3) csrrci  gp, mscratch, 0
core   0: 3 0x80009908 (0x340071f3) x3  0x00000000
core   0: 0x8000990c (0x01461993) slli    s3, a2, 20
core   0: 3 0x8000990c (0x01461993) x19 0xfbb00000
core   0: 0x80009910 (0x025c88b3) mul     a7, s9, t0
core   0: 3 0x80009910 (0x025c88b3) x17 0x00000000
core   0: 0x80009914 (0x0000c1a9) c.beqz  a1, pc + 66
core   0: 3 0x80009914 (0xc1a9)
core   0: 0x80009956 (0x41dd5e93) srai    t4, s10, 29
core   0: 3 0x80009956 (0x41dd5e93) x29 0x00000000
core   0: 0x8000995a (0x00ed1313) slli    t1, s10, 14
core   0: 3 0x8000995a (0x00ed1313) x6  0x00000000
core   0: 0x8000995e (0xcae17193) andi    gp, sp, -850
core   0: 3 0x8000995e (0xcae17193) x3  0x80021c0c
core   0: 0x80009962 (0x005a8633) add     a2, s5, t0
core   0: 3 0x80009962 (0x005a8633) x12 0x00000009
core   0: 0x80009966 (0x032ca1b3) mulhsu  gp, s9, s2
core   0: 3 0x80009966 (0x032ca1b3) x3  0x00000000
core   0: 0x8000996a (0x340030f3) csrrc   ra, mscratch, zero
core   0: 3 0x8000996a (0x340030f3) x1  0x00000000
core   0: 0x8000996e (0x408d0233) sub     tp, s10, s0
core   0: 3 0x8000996e (0x408d0233) x4  0x00000001
core   0: 0x80009972 (0x01045213) srli    tp, s0, 16
core   0: 3 0x80009972 (0x01045213) x4  0x0000ffff
core   0: 0x80009976 (0x340c7d73) csrrci  s10, mscratch, 24
core   0: 3 0x80009976 (0x340c7d73) x26 0x00000000 c832_mscratch 0x00000000
core   0: 0x8000997a (0x41815593) srai    a1, sp, 24
core   0: 3 0x8000997a (0x41815593) x11 0xffffff80
core   0: 0x8000997e (0xa62b3413) sltiu   s0, s6, -1438
core   0: 3 0x8000997e (0xa62b3413) x8  0x00000001
core   0: 0x80009982 (0x000085bd) c.srai  a1, 15
core   0: 3 0x80009982 (0x85bd) x11 0xffffffff
core   0: 0x80009984 (0x015a5213) srli    tp, s4, 21
core   0: 3 0x80009984 (0x015a5213) x4  0x00000000
core   0: 0x80009988 (0x00775533) srl     a0, a4, t2
core   0: 3 0x80009988 (0x00775533) x10 0x00000001
core   0: 0x8000998c (0x00000001) c.nop
core   0: 3 0x8000998c (0x0001)
core   0: 0x8000998e (0xdde0b013) sltiu   zero, ra, -546
core   0: 3 0x8000998e (0xdde0b013)
core   0: 0x80009992 (0x00008039) c.srli  s0, 14
core   0: 3 0x80009992 (0x8039) x8  0x00000000
core   0: 0x80009994 (0x027eefb3) rem     t6, t4, t2
core   0: 3 0x80009994 (0x027eefb3) x31 0x00000000
core   0: 0x80009998 (0x000016fd) c.addi  a3, -1
core   0: 3 0x80009998 (0x16fd) x13 0x00000008
core   0: 0x8000999a (0x00008f7d) c.and   a4, a5
core   0: 3 0x8000999a (0x8f7d) x14 0x00000004
core   0: 0x8000999c (0xf4206f13) ori     t5, zero, -190
core   0: 3 0x8000999c (0xf4206f13) x30 0xffffff42
core   0: 0x800099a0 (0x03008563) beq     ra, a6, pc + 42
core   0: 3 0x800099a0 (0x03008563)
core   0: 0x800099ca (0x03685a63) bge     a6, s6, pc + 52
core   0: 3 0x800099ca (0x03685a63)
core   0: 0x800099fe (0x00008e45) c.or    a2, s1
core   0: 3 0x800099fe (0x8e45) x12 0x00000009
core   0: 0x80009a00 (0x0000100f) fence.i
core   0: 3 0x80009a00 (0x0000100f)
core   0: 0x80009a04 (0x41a7ddb3) sra     s11, a5, s10
core   0: 3 0x80009a04 (0x41a7ddb3) x27 0x80025ce4
core   0: 0x80009a08 (0x0000100f) fence.i
core   0: 3 0x80009a08 (0x0000100f)
core   0: 0x80009a0c (0x0000464d) c.li    a2, 19
core   0: 3 0x80009a0c (0x464d) x12 0x00000013
core   0: 0x80009a0e (0x004fdf93) srli    t6, t6, 4
core   0: 3 0x80009a0e (0x004fdf93) x31 0x00000000
core   0: 0x80009a12 (0x7c443b13) sltiu   s6, s0, 1988
core   0: 3 0x80009a12 (0x7c443b13) x22 0x00000001
core   0: 0x80009a16 (0x026d23b3) mulhsu  t2, s10, t1
core   0: 3 0x80009a16 (0x026d23b3) x7  0x00000000
core   0: 0x80009a1a (0x34006373) csrrsi  t1, mscratch, 0
core   0: 3 0x80009a1a (0x34006373) x6  0x00000000
core   0: 0x80009a1e (0x00008dc1) c.or    a1, s0
core   0: 3 0x80009a1e (0x8dc1) x11 0xffffffff
core   0: 0x80009a20 (0x02b79663) bne     a5, a1, pc + 44
core   0: 3 0x80009a20 (0x02b79663)
core   0: 0x80009a4c (0x00241493) slli    s1, s0, 2
core   0: 3 0x80009a4c (0x00241493) x9  0x00000000
core   0: 0x80009a50 (0x407fde93) srai    t4, t6, 7
core   0: 3 0x80009a50 (0x407fde93) x29 0x00000000
core   0: 0x80009a54 (0x01ab8c33) add     s8, s7, s10
core   0: 3 0x80009a54 (0x01ab8c33) x24 0x00000000
core   0: 0x80009a58 (0x00008efd) c.and   a3, a5
core   0: 3 0x80009a58 (0x8efd) x13 0x00000000
core   0: 0x80009a5a (0xb792fc13) andi    s8, t0, -1159
core   0: 3 0x80009a5a (0xb792fc13) x24 0x00000000
core   0: 0x80009a5e (0x01163333) sltu    t1, a2, a7
core   0: 3 0x80009a5e (0x01163333) x6  0x00000000
core   0: 0x80009a62 (0x0000567d) c.li    a2, -1
core   0: 3 0x80009a62 (0x567d) x12 0xffffffff
core   0: 0x80009a64 (0x00d15433) srl     s0, sp, a3
core   0: 3 0x80009a64 (0x00d15433) x8  0x80021e1c
core   0: 0x80009a68 (0x00008ced) c.and   s1, a1
core   0: 3 0x80009a68 (0x8ced) x9  0x00000000
core   0: 0x80009a6a (0x00000001) c.nop
core   0: 3 0x80009a6a (0x0001)
core   0: 0x80009a6c (0x026ae463) bltu    s5, t1, pc + 40
core   0: 3 0x80009a6c (0x026ae463)
core   0: 0x80009a70 (0x035d74b3) remu    s1, s10, s5
core   0: 3 0x80009a70 (0x035d74b3) x9  0x00000000
core   0: 0x80009a74 (0x0000100f) fence.i
core   0: 3 0x80009a74 (0x0000100f)
core   0: 0x80009a78 (0x006b43b3) xor     t2, s6, t1
core   0: 3 0x80009a78 (0x006b43b3) x7  0x00000001
core   0: 0x80009a7c (0x00cd9e33) sll     t3, s11, a2
core   0: 3 0x80009a7c (0x00cd9e33) x28 0x00000000
core   0: 0x80009a80 (0x01674533) xor     a0, a4, s6
core   0: 3 0x80009a80 (0x01674533) x10 0x00000005
core   0: 0x80009a84 (0x0000100f) fence.i
core   0: 3 0x80009a84 (0x0000100f)
core   0: 0x80009a88 (0x34002ff3) csrr    t6, mscratch
core   0: 3 0x80009a88 (0x34002ff3) x31 0x00000000
core   0: 0x80009a8c (0x6d98c813) xori    a6, a7, 1753
core   0: 3 0x80009a8c (0x6d98c813) x16 0x000006d9
core   0: 0x80009a90 (0x9656efb7) lui     t6, 0x9656e
core   0: 3 0x80009a90 (0x9656efb7) x31 0x9656e000
core   0: 0x80009a94 (0x6197c693) xori    a3, a5, 1561
core   0: 3 0x80009a94 (0x6197c693) x13 0x80025afd
core   0: 0x80009a98 (0x340d7773) csrrci  a4, mscratch, 26
core   0: 3 0x80009a98 (0x340d7773) x14 0x00000000 c832_mscratch 0x00000000
core   0: 0x80009a9c (0x03441433) mulh    s0, s0, s4
core   0: 3 0x80009a9c (0x03441433) x8  0xffffffff
core   0: 0x80009aa0 (0x00065693) srli    a3, a2, 0
core   0: 3 0x80009aa0 (0x00065693) x13 0xffffffff
core   0: 0x80009aa4 (0x02431cb3) mulh    s9, t1, tp
core   0: 3 0x80009aa4 (0x02431cb3) x25 0x00000000
core   0: 0x80009aa8 (0x03893a33) mulhu   s4, s2, s8
core   0: 3 0x80009aa8 (0x03893a33) x20 0x00000000
core   0: 0x80009aac (0x0185dd33) srl     s10, a1, s8
core   0: 3 0x80009aac (0x0185dd33) x26 0xffffffff
core   0: 0x80009ab0 (0x027a7833) remu    a6, s4, t2
core   0: 3 0x80009ab0 (0x027a7833) x16 0x00000000
core   0: 0x80009ab4 (0x01f39193) slli    gp, t2, 31
core   0: 3 0x80009ab4 (0x01f39193) x3  0x80000000
core   0: 0x80009ab8 (0x00008dc5) c.or    a1, s1
core   0: 3 0x80009ab8 (0x8dc5) x11 0xffffffff
core   0: 0x80009aba (0x00de78b3) and     a7, t3, a3
core   0: 3 0x80009aba (0x00de78b3) x17 0x00000000
core   0: 0x80009abe (0x000098b2) c.add   a7, a2
core   0: 3 0x80009abe (0x98b2) x17 0xffffffff
core   0: 0x80009ac0 (0x01e40a33) add     s4, s0, t5
core   0: 3 0x80009ac0 (0x01e40a33) x20 0xffffff41
core   0: 0x80009ac4 (0x41155c13) srai    s8, a0, 17
core   0: 3 0x80009ac4 (0x41155c13) x24 0x00000000
core   0: 0x80009ac8 (0x34007d73) csrrci  s10, mscratch, 0
core   0: 3 0x80009ac8 (0x34007d73) x26 0x00000000
core   0: 0x80009acc (0x020116b3) mulh    a3, sp, zero
core   0: 3 0x80009acc (0x020116b3) x13 0x00000000
core   0: 0x80009ad0 (0x340a9f73) csrrw   t5, mscratch, s5
core   0: 3 0x80009ad0 (0x340a9f73) x30 0x00000000 c832_mscratch 0x00000009
core   0: 0x80009ad4 (0x051c0263) beq     s8, a7, pc + 68
core   0: 3 0x80009ad4 (0x051c0263)
core   0: 0x80009ad8 (0x02b1eb33) rem     s6, gp, a1
core   0: 3 0x80009ad8 (0x02b1eb33) x22 0x00000000
core   0: 0x80009adc (0x408ddc93) srai    s9, s11, 8
core   0: 3 0x80009adc (0x408ddc93) x25 0xff80025c
core   0: 0x80009ae0 (0xc3567613) andi    a2, a2, -971
core   0: 3 0x80009ae0 (0xc3567613) x12 0xfffffc35
core   0: 0x80009ae4 (0x01ce80b3) add     ra, t4, t3
core   0: 3 0x80009ae4 (0x01ce80b3) x1  0x00000000
core   0: 0x80009ae8 (0x035f2bb3) mulhsu  s7, t5, s5
core   0: 3 0x80009ae8 (0x035f2bb3) x23 0x00000000
core   0: 0x80009aec (0x03061e33) mulh    t3, a2, a6
core   0: 3 0x80009aec (0x03061e33) x28 0x00000000
core   0: 0x80009af0 (0x00008edd) c.or    a3, a5
core   0: 3 0x80009af0 (0x8edd) x13 0x80025ce4
core   0: 0x80009af2 (0x0304d163) bge     s1, a6, pc + 34
core   0: 3 0x80009af2 (0x0304d163)
core   0: 0x80009b14 (0x0271ae33) mulhsu  t3, gp, t2
core   0: 3 0x80009b14 (0x0271ae33) x28 0xffffffff
core   0: 0x80009b18 (0x00000001) c.nop
core   0: 3 0x80009b18 (0x0001)
core   0: 0x80009b1a (0x34085573) csrrwi  a0, mscratch, 16
core   0: 3 0x80009b1a (0x34085573) x10 0x00000009 c832_mscratch 0x00000010
core   0: 0x80009b1e (0x02da4bb3) div     s7, s4, a3
core   0: 3 0x80009b1e (0x02da4bb3) x23 0x00000000
core   0: 0x80009b22 (0x00008f2d) c.xor   a4, a1
core   0: 3 0x80009b22 (0x8f2d) x14 0xffffffff
core   0: 0x80009b24 (0x408dd933) sra     s2, s11, s0
core   0: 3 0x80009b24 (0x408dd933) x18 0xffffffff
core   0: 0x80009b28 (0x4164d593) srai    a1, s1, 22
core   0: 3 0x80009b28 (0x4164d593) x11 0x00000000
core   0: 0x80009b2c (0x02a5f963) bgeu    a1, a0, pc + 50
core   0: 3 0x80009b2c (0x02a5f963)
core   0: 0x80009b30 (0x00008425) c.srai  s0, 9
core   0: 3 0x80009b30 (0x8425) x8  0xffffffff
core   0: 0x80009b32 (0x93964f17) auipc   t5, 0x93964
core   0: 3 0x80009b32 (0x93964f17) x30 0x1396db32
core   0: 0x80009b36 (0x02d9e4b3) rem     s1, s3, a3
core   0: 3 0x80009b36 (0x02d9e4b3) x9  0xfbb00000
core   0: 0x80009b3a (0x41f1de33) sra     t3, gp, t6
core   0: 3 0x80009b3a (0x41f1de33) x28 0x80000000
core   0: 0x80009b3e (0x000058fd) c.li    a7, -1
core   0: 3 0x80009b3e (0x58fd) x17 0xffffffff
core   0: 0x80009b40 (0x00428533) add     a0, t0, tp
core   0: 3 0x80009b40 (0x00428533) x10 0x00000000
core   0: 0x80009b44 (0x01c76f63) bltu    a4, t3, pc + 30
core   0: 3 0x80009b44 (0x01c76f63)
core   0: 0x80009b48 (0x0000e129) c.bnez  a0, pc + 66
core   0: 3 0x80009b48 (0xe129)
core   0: 0x80009b4a (0x340022f3) csrr    t0, mscratch
core   0: 3 0x80009b4a (0x340022f3) x5  0x00000010
core   0: 0x80009b4e (0x00008705) c.srai  a4, 1
core   0: 3 0x80009b4e (0x8705) x14 0xffffffff
core   0: 0x80009b50 (0x00004f71) c.li    t5, 28
core   0: 3 0x80009b50 (0x4f71) x30 0x0000001c
core   0: 0x80009b52 (0x02287f33) remu    t5, a6, sp
core   0: 3 0x80009b52 (0x02287f33) x30 0x00000000
core   0: 0x80009b56 (0x5b760513) addi    a0, a2, 1463
core   0: 3 0x80009b56 (0x5b760513) x10 0x000001ec
core   0: 0x80009b5a (0x02ccdd63) bge     s9, a2, pc + 58
core   0: 3 0x80009b5a (0x02ccdd63)
core   0: 0x80009b5e (0x340b6ef3) csrrsi  t4, mscratch, 22
core   0: 3 0x80009b5e (0x340b6ef3) x29 0x00000010 c832_mscratch 0x00000016
core   0: 0x80009b62 (0x00000001) c.nop
core   0: 3 0x80009b62 (0x0001)
core   0: 0x80009b64 (0x2dd813b7) lui     t2, 0x2dd81
core   0: 3 0x80009b64 (0x2dd813b7) x7  0x2dd81000
core   0: 0x80009b68 (0x3407e373) csrrsi  t1, mscratch, 15
core   0: 3 0x80009b68 (0x3407e373) x6  0x00000016 c832_mscratch 0x0000001f
core   0: 0x80009b6c (0x00c1d213) srli    tp, gp, 12
core   0: 3 0x80009b6c (0x00c1d213) x4  0x00080000
core   0: 0x80009b70 (0x000064f9) c.lui   s1, 0x1e
core   0: 3 0x80009b70 (0x64f9) x9  0x0001e000
core   0: 0x80009b72 (0x340616f3) csrrw   a3, mscratch, a2
core   0: 3 0x80009b72 (0x340616f3) x13 0x0000001f c832_mscratch 0xfffffc35
core   0: 0x80009b76 (0x00006305) c.lui   t1, 0x1
core   0: 3 0x80009b76 (0x6305) x6  0x00001000
core   0: 0x80009b78 (0x00000001) c.nop
core   0: 3 0x80009b78 (0x0001)
core   0: 0x80009b7a (0x143b6e13) ori     t3, s6, 323
core   0: 3 0x80009b7a (0x143b6e13) x28 0x00000143
core   0: 0x80009b7e (0x27ed7b93) andi    s7, s10, 638
core   0: 3 0x80009b7e (0x27ed7b93) x23 0x00000000
core   0: 0x80009b82 (0x0029d993) srli    s3, s3, 2
core   0: 3 0x80009b82 (0x0029d993) x19 0x3eec0000
core   0: 0x80009b86 (0x0ff0000f) fence   iorw,iorw
core   0: 3 0x80009b86 (0x0ff0000f)
core   0: 0x80009b8a (0x01747bb3) and     s7, s0, s7
core   0: 3 0x80009b8a (0x01747bb3) x23 0x00000000
core   0: 0x80009b8e (0x022b6363) bltu    s6, sp, pc + 38
core   0: 3 0x80009b8e (0x022b6363)
core   0: 0x80009bb4 (0x4d90b313) sltiu   t1, ra, 1241
core   0: 3 0x80009bb4 (0x4d90b313) x6  0x00000001
core   0: 0x80009bb8 (0x0000e515) c.bnez  a0, pc + 44
core   0: 3 0x80009bb8 (0xe515)
core   0: 0x80009be4 (0x34002373) csrr    t1, mscratch
core   0: 3 0x80009be4 (0x34002373) x6  0xfffffc35
core   0: 0x80009be8 (0x02f3de63) bge     t2, a5, pc + 60
core   0: 3 0x80009be8 (0x02f3de63)
core   0: 0x80009c24 (0x00000001) c.nop
core   0: 3 0x80009c24 (0x0001)
core   0: 0x80009c26 (0x00008d61) c.and   a0, s0
core   0: 3 0x80009c26 (0x8d61) x10 0x000001ec
core   0: 0x80009c28 (0x0000177d) c.addi  a4, -1
core   0: 3 0x80009c28 (0x177d) x14 0xfffffffe
core   0: 0x80009c2a (0x022e9233) mulh    tp, t4, sp
core   0: 3 0x80009c2a (0x022e9233) x4  0xfffffff8
core   0: 0x80009c2e (0x340c9773) csrrw   a4, mscratch, s9
core   0: 3 0x80009c2e (0x340c9773) x14 0xfffffc35 c832_mscratch 0xff80025c
core   0: 0x80009c32 (0x00008d01) c.sub   a0, s0
core   0: 3 0x80009c32 (0x8d01) x10 0x000001ed
core   0: 0x80009c34 (0x01bf8f33) add     t5, t6, s11
core   0: 3 0x80009c34 (0x01bf8f33) x30 0x16593ce4
core   0: 0x80009c38 (0x00189c13) slli    s8, a7, 1
core   0: 3 0x80009c38 (0x00189c13) x24 0xfffffffe
core   0: 0x80009c3c (0x011c8663) beq     s9, a7, pc + 12
core   0: 3 0x80009c3c (0x011c8663)
core   0: 0x80009c40 (0x41170eb3) sub     t4, a4, a7
core   0: 3 0x80009c40 (0x41170eb3) x29 0xfffffc36
core   0: 0x80009c44 (0x1a87b413) sltiu   s0, a5, 424
core   0: 3 0x80009c44 (0x1a87b413) x8  0x00000000
core   0: 0x80009c48 (0x860c4613) xori    a2, s8, -1952
core   0: 3 0x80009c48 (0x860c4613) x12 0x0000079e
core   0: 0x80009c4c (0x0000100f) fence.i
core   0: 3 0x80009c4c (0x0000100f)
core   0: 0x80009c50 (0x0072e9b3) or      s3, t0, t2
core   0: 3 0x80009c50 (0x0072e9b3) x19 0x2dd81010
core   0: 0x80009c54 (0x7a24f713) andi    a4, s1, 1954
core   0: 3 0x80009c54 (0x7a24f713) x14 0x00000000
core   0: 0x80009c58 (0x000000a2) c.slli  ra, 8
core   0: 3 0x80009c58 (0x00a2) x1  0x00000000
core   0: 0x80009c5a (0x0328fa63) bgeu    a7, s2, pc + 52
core   0: 3 0x80009c5a (0x0328fa63)
core   0: 0x80009c8e (0x01c46433) or      s0, s0, t3
core   0: 3 0x80009c8e (0x01c46433) x8  0x00000143
core   0: 0x80009c92 (0x01b39833) sll     a6, t2, s11
core   0: 3 0x80009c92 (0x01b39833) x16 0xdd810000
core   0: 0x80009c96 (0x03ccf6b3) remu    a3, s9, t3
core   0: 3 0x80009c96 (0x03ccf6b3) x13 0x00000067
core   0: 0x80009c9a (0x00bf8013) addi    zero, t6, 11
core   0: 3 0x80009c9a (0x00bf8013)
core   0: 0x80009c9e (0x000096be) c.add   a3, a5
core   0: 3 0x80009c9e (0x96be) x13 0x80025d4b
core   0: 0x80009ca0 (0x03816763) bltu    sp, s8, pc + 46
core   0: 3 0x80009ca0 (0x03816763)
core   0: 0x80009cce (0x34022bf3) csrrs   s7, mscratch, tp
core   0: 3 0x80009cce (0x34022bf3) x23 0xff80025c c832_mscratch 0xfffffffc
core   0: 0x80009cd2 (0x0399adb3) mulhsu  s11, s3, s9
core   0: 3 0x80009cd2 (0x0399adb3) x27 0x2dc12474
core   0: 0x80009cd6 (0x01357b63) bgeu    a0, s3, pc + 22
core   0: 3 0x80009cd6 (0x01357b63)
core   0: 0x80009cda (0x01981fb3) sll     t6, a6, s9
core   0: 3 0x80009cda (0x01981fb3) x31 0x00000000
core   0: 0x80009cde (0x00a7b833) sltu    a6, a5, a0
core   0: 3 0x80009cde (0x00a7b833) x16 0x00000000
core   0: 0x80009ce2 (0x00000001) c.nop
core   0: 3 0x80009ce2 (0x0001)
core   0: 0x80009ce4 (0x4d9c8093) addi    ra, s9, 1241
core   0: 3 0x80009ce4 (0x4d9c8093) x1  0xff800735
core   0: 0x80009ce8 (0x011990b3) sll     ra, s3, a7
core   0: 3 0x80009ce8 (0x011990b3) x1  0x00000000
core   0: 0x80009cec (0x05ee4c63) blt     t3, t5, pc + 88
core   0: 3 0x80009cec (0x05ee4c63)
core   0: 0x80009d44 (0x00a77f33) and     t5, a4, a0
core   0: 3 0x80009d44 (0x00a77f33) x30 0x00000000
core   0: 0x80009d48 (0x00008039) c.srli  s0, 14
core   0: 3 0x80009d48 (0x8039) x8  0x00000000
core   0: 0x80009d4a (0x010a5d93) srli    s11, s4, 16
core   0: 3 0x80009d4a (0x010a5d93) x27 0x0000ffff
core   0: 0x80009d4e (0x03c2f363) bgeu    t0, t3, pc + 38
core   0: 3 0x80009d4e (0x03c2f363)
core   0: 0x80009d52 (0x34035973) csrrwi  s2, mscratch, 6
core   0: 3 0x80009d52 (0x34035973) x18 0xfffffffc c832_mscratch 0x00000006
core   0: 0x80009d56 (0x41cddf33) sra     t5, s11, t3
core   0: 3 0x80009d56 (0x41cddf33) x30 0x00001fff
core   0: 0x80009d5a (0x340393f3) csrrw   t2, mscratch, t2
core   0: 3 0x80009d5a (0x340393f3) x7  0x00000006 c832_mscratch 0x2dd81000
core   0: 0x80009d5e (0x00859a13) slli    s4, a1, 8
core   0: 3 0x80009d5e (0x00859a13) x20 0x00000000
core   0: 0x80009d62 (0x00009a7d) c.andi  a2, -1
core   0: 3 0x80009d62 (0x9a7d) x12 0x0000079e
core   0: 0x80009d64 (0x00008eb9) c.xor   a3, a4
core   0: 3 0x80009d64 (0x8eb9) x13 0x80025d4b
core   0: 0x80009d66 (0x34086cf3) csrrsi  s9, mscratch, 16
core   0: 3 0x80009d66 (0x34086cf3) x25 0x2dd81000 c832_mscratch 0x2dd81010
core   0: 0x80009d6a (0x02e673b3) remu    t2, a2, a4
core   0: 3 0x80009d6a (0x02e673b3) x7  0x0000079e
core   0: 0x80009d6e (0x00791533) sll     a0, s2, t2
core   0: 3 0x80009d6e (0x00791533) x10 0x00000000
core   0: 0x80009d72 (0x0000ec0d) c.bnez  s0, pc + 58
core   0: 3 0x80009d72 (0xec0d)
core   0: 0x80009d74 (0x04a71163) bne     a4, a0, pc + 66
core   0: 3 0x80009d74 (0x04a71163)
core   0: 0x80009d78 (0x00008ed9) c.or    a3, a4
core   0: 3 0x80009d78 (0x8ed9) x13 0x80025d4b
core   0: 0x80009d7a (0xf4077e93) andi    t4, a4, -192
core   0: 3 0x80009d7a (0xf4077e93) x29 0x00000000
core   0: 0x80009d7e (0x00000001) c.nop
core   0: 3 0x80009d7e (0x0001)
core   0: 0x80009d80 (0x0217c733) div     a4, a5, ra
core   0: 3 0x80009d80 (0x0217c733) x14 0xffffffff
core   0: 0x80009d84 (0xbee215b7) lui     a1, 0xbee21
core   0: 3 0x80009d84 (0xbee215b7) x11 0xbee21000
core   0: 0x80009d88 (0x03013eb3) mulhu   t4, sp, a6
core   0: 3 0x80009d88 (0x03013eb3) x29 0x00000000
core   0: 0x80009d8c (0x00d6b533) sltu    a0, a3, a3
core   0: 3 0x80009d8c (0x00d6b533) x10 0x00000000
core   0: 0x80009d90 (0x00000ec6) c.slli  t4, 17
core   0: 3 0x80009d90 (0x0ec6) x29 0x00000000
core   0: 0x80009d92 (0x0387b4b3) mulhu   s1, a5, s8
core   0: 3 0x80009d92 (0x0387b4b3) x9  0x80025ce2
core   0: 0x80009d96 (0x03e72e33) mulhsu  t3, a4, t5
core   0: 3 0x80009d96 (0x03e72e33) x28 0xffffffff
core   0: 0x80009d9a (0x340819f3) csrrw   s3, mscratch, a6
core   0: 3 0x80009d9a (0x340819f3) x19 0x2dd81010 c832_mscratch 0x00000000
core   0: 0x80009d9e (0x0165e433) or      s0, a1, s6
core   0: 3 0x80009d9e (0x0165e433) x8  0xbee21000
core   0: 0x80009da2 (0x0000597d) c.li    s2, -1
core   0: 3 0x80009da2 (0x597d) x18 0xffffffff
core   0: 0x80009da4 (0x40498fb3) sub     t6, s3, tp
core   0: 3 0x80009da4 (0x40498fb3) x31 0x2dd81018
core   0: 0x80009da8 (0x03c1ffb3) remu    t6, gp, t3
core   0: 3 0x80009da8 (0x03c1ffb3) x31 0x80000000
core   0: 0x80009dac (0x00008d01) c.sub   a0, s0
core   0: 3 0x80009dac (0x8d01) x10 0x411df000
core   0: 0x80009dae (0x34002c73) csrr    s8, mscratch
core   0: 3 0x80009dae (0x34002c73) x24 0x00000000
core   0: 0x80009db2 (0x00008da5) c.xor   a1, s1
core   0: 3 0x80009db2 (0x8da5) x11 0x3ee04ce2
core   0: 0x80009db4 (0x00008d41) c.or    a0, s0
core   0: 3 0x80009db4 (0x8d41) x10 0xfffff000
core   0: 0x80009db6 (0x0285ffb3) remu    t6, a1, s0
core   0: 3 0x80009db6 (0x0285ffb3) x31 0x3ee04ce2
core   0: 0x80009dba (0x34002cf3) csrr    s9, mscratch
core   0: 3 0x80009dba (0x34002cf3) x25 0x00000000
core   0: 0x80009dbe (0x010bdf93) srli    t6, s7, 16
core   0: 3 0x80009dbe (0x010bdf93) x31 0x0000ff80
core   0: 0x80009dc2 (0x00008595) c.srai  a1, 5
core   0: 3 0x80009dc2 (0x8595) x11 0x01f70267
core   0: 0x80009dc4 (0x02fbf533) remu    a0, s7, a5
core   0: 3 0x80009dc4 (0x02fbf533) x10 0x7f7da578
core   0: 0x80009dc8 (0x0058b6b3) sltu    a3, a7, t0
core   0: 3 0x80009dc8 (0x0058b6b3) x13 0x00000000
core   0: 0x80009dcc (0x0000167d) c.addi  a2, -1
core   0: 3 0x80009dcc (0x167d) x12 0x0000079d
core   0: 0x80009dce (0x002dc3b3) xor     t2, s11, sp
core   0: 3 0x80009dce (0x002dc3b3) x7  0x8002e1e3
core   0: 0x80009dd2 (0x010f6b33) or      s6, t5, a6
core   0: 3 0x80009dd2 (0x010f6b33) x22 0x00001fff
core   0: 0x80009dd6 (0x414954b3) sra     s1, s2, s4
core   0: 3 0x80009dd6 (0x414954b3) x9  0xffffffff
core   0: 0x80009dda (0x00e79433) sll     s0, a5, a4
core   0: 3 0x80009dda (0x00e79433) x8  0x00000000
core   0: 0x80009dde (0x0000100f) fence.i
core   0: 3 0x80009dde (0x0000100f)
core   0: 0x80009de2 (0x00000001) c.nop
core   0: 3 0x80009de2 (0x0001)
core   0: 0x80009de4 (0xe4167937) lui     s2, 0xe4167
core   0: 3 0x80009de4 (0xe4167937) x18 0xe4167000
core   0: 0x80009de8 (0x9d243093) sltiu   ra, s0, -1582
core   0: 3 0x80009de8 (0x9d243093) x1  0x00000001
core   0: 0x80009dec (0x00000001) c.nop
core   0: 3 0x80009dec (0x0001)
core   0: 0x80009dee (0x40895cb3) sra     s9, s2, s0
core   0: 3 0x80009dee (0x40895cb3) x25 0xe4167000
core   0: 0x80009df2 (0x340072f3) csrrci  t0, mscratch, 0
core   0: 3 0x80009df2 (0x340072f3) x5  0x00000000
core   0: 0x80009df6 (0x40145833) sra     a6, s0, ra
core   0: 3 0x80009df6 (0x40145833) x16 0x00000000
core   0: 0x80009dfa (0x03c0db33) divu    s6, ra, t3
core   0: 3 0x80009dfa (0x03c0db33) x22 0x00000000
core   0: 0x80009dfe (0x0000840a) c.mv    s0, sp
core   0: 3 0x80009dfe (0x840a) x8  0x80021e1c
core   0: 0x80009e00 (0x00526bb3) or      s7, tp, t0
core   0: 3 0x80009e00 (0x00526bb3) x23 0xfffffff8
core   0: 0x80009e04 (0x012dcc63) blt     s11, s2, pc + 24
core   0: 3 0x80009e04 (0x012dcc63)
core   0: 0x80009e08 (0x0ff0000f) fence   iorw,iorw
core   0: 3 0x80009e08 (0x0ff0000f)
core   0: 0x80009e0c (0x340dfef3) csrrci  t4, mscratch, 27
core   0: 3 0x80009e0c (0x340dfef3) x29 0x00000000 c832_mscratch 0x00000000
core   0: 0x80009e10 (0x00000ed6) c.slli  t4, 21
core   0: 3 0x80009e10 (0x0ed6) x29 0x00000000
core   0: 0x80009e12 (0x0046cd33) xor     s10, a3, tp
core   0: 3 0x80009e12 (0x0046cd33) x26 0xfffffff8
core   0: 0x80009e16 (0x0387e313) ori     t1, a5, 56
core   0: 3 0x80009e16 (0x0387e313) x6  0x80025cfc
core   0: 0x80009e1a (0x00008c71) c.and   s0, a2
core   0: 3 0x80009e1a (0x8c71) x8  0x0000061c
core   0: 0x80009e1c (0x01cc5db3) srl     s11, s8, t3
core   0: 3 0x80009e1c (0x01cc5db3) x27 0x00000000
core   0: 0x80009e20 (0x018d9533) sll     a0, s11, s8
core   0: 3 0x80009e20 (0x018d9533) x10 0x00000000
core   0: 0x80009e24 (0x0000843d) c.srai  s0, 15
core   0: 3 0x80009e24 (0x843d) x8  0x00000000
core   0: 0x80009e26 (0x00008231) c.srli  a2, 12
core   0: 3 0x80009e26 (0x8231) x12 0x00000000
core   0: 0x80009e28 (0x00e29513) slli    a0, t0, 14
core   0: 3 0x80009e28 (0x00e29513) x10 0x00000000
core   0: 0x80009e2c (0x006dc763) blt     s11, t1, pc + 14
core   0: 3 0x80009e2c (0x006dc763)
core   0: 0x80009e30 (0x00000001) c.nop
core   0: 3 0x80009e30 (0x0001)
core   0: 0x80009e32 (0x340e3ff3) csrrc   t6, mscratch, t3
core   0: 3 0x80009e32 (0x340e3ff3) x31 0x00000000 c832_mscratch 0x00000000
core   0: 0x80009e36 (0x00008f19) c.sub   a4, a4
core   0: 3 0x80009e36 (0x8f19) x14 0x00000000
core   0: 0x80009e38 (0x00006191) c.lui   gp, 0x4
core   0: 3 0x80009e38 (0x6191) x3  0x00004000
core   0: 0x80009e3a (0x0000870d) c.srai  a4, 3
core   0: 3 0x80009e3a (0x870d) x14 0x00000000
core   0: 0x80009e3c (0x0000ca81) c.beqz  a3, pc + 16
core   0: 3 0x80009e3c (0xca81)
core   0: 0x80009e4c (0x34007a73) csrrci  s4, mscratch, 0
core   0: 3 0x80009e4c (0x34007a73) x20 0x00000000
core   0: 0x80009e50 (0x013c9993) slli    s3, s9, 19
core   0: 3 0x80009e50 (0x013c9993) x19 0x80000000
core   0: 0x80009e54 (0x008994b3) sll     s1, s3, s0
core   0: 3 0x80009e54 (0x008994b3) x9  0x80000000
core   0: 0x80009e58 (0x00008725) c.srai  a4, 9
core   0: 3 0x80009e58 (0x8725) x14 0x00000000
core   0: 0x80009e5a (0x0000100f) fence.i
core   0: 3 0x80009e5a (0x0000100f)
core   0: 0x80009e5e (0x00a40233) add     tp, s0, a0
core   0: 3 0x80009e5e (0x00a40233) x4  0x00000000
core   0: 0x80009e62 (0x00008f2d) c.xor   a4, a1
core   0: 3 0x80009e62 (0x8f2d) x14 0x01f70267
core   0: 0x80009e64 (0x3406d873) csrrwi  a6, mscratch, 13
core   0: 3 0x80009e64 (0x3406d873) x16 0x00000000 c832_mscratch 0x0000000d
core   0: 0x80009e68 (0x340664f3) csrrsi  s1, mscratch, 12
core   0: 3 0x80009e68 (0x340664f3) x9  0x0000000d c832_mscratch 0x0000000d
core   0: 0x80009e6c (0x0351e6b3) rem     a3, gp, s5
core   0: 3 0x80009e6c (0x0351e6b3) x13 0x00000004
core   0: 0x80009e70 (0x40d481b3) sub     gp, s1, a3
core   0: 3 0x80009e70 (0x40d481b3) x3  0x00000009
core   0: 0x80009e74 (0x010890b3) sll     ra, a7, a6
core   0: 3 0x80009e74 (0x010890b3) x1  0xffffffff
core   0: 0x80009e78 (0xb3c28893) addi    a7, t0, -1220
core   0: 3 0x80009e78 (0xb3c28893) x17 0xfffffb3c
core   0: 0x80009e7c (0x3405b973) csrrc   s2, mscratch, a1
core   0: 3 0x80009e7c (0x3405b973) x18 0x0000000d c832_mscratch 0x00000008
core   0: 0x80009e80 (0x030895b3) mulh    a1, a7, a6
core   0: 3 0x80009e80 (0x030895b3) x11 0x00000000
core   0: 0x80009e84 (0x00008049) c.srli  s0, 18
core   0: 3 0x80009e84 (0x8049) x8  0x00000000
core   0: 0x80009e86 (0x0313a933) mulhsu  s2, t2, a7
core   0: 3 0x80009e86 (0x0313a933) x18 0x8002e444
core   0: 0x80009e8a (0x00009f46) c.add   t5, a7
core   0: 3 0x80009e8a (0x9f46) x30 0x00001b3b
core   0: 0x80009e8c (0x03f60333) mul     t1, a2, t6
core   0: 3 0x80009e8c (0x03f60333) x6  0x00000000
core   0: 0x80009e90 (0x0153fc33) and     s8, t2, s5
core   0: 3 0x80009e90 (0x0153fc33) x24 0x00000001
core   0: 0x80009e94 (0x01ab1233) sll     tp, s6, s10
core   0: 3 0x80009e94 (0x01ab1233) x4  0x00000000
core   0: 0x80009e98 (0x85f37037) lui     zero, 0x85f37
core   0: 3 0x80009e98 (0x85f37037)
core   0: 0x80009e9c (0x0223d663) bge     t2, sp, pc + 44
core   0: 3 0x80009e9c (0x0223d663)
core   0: 0x80009ec8 (0x0000690d) c.lui   s2, 0x3
core   0: 3 0x80009ec8 (0x690d) x18 0x00003000
core   0: 0x80009eca (0x00008351) c.srli  a4, 20
core   0: 3 0x80009eca (0x8351) x14 0x0000001f
core   0: 0x80009ecc (0x40865d93) srai    s11, a2, 8
core   0: 3 0x80009ecc (0x40865d93) x27 0x00000000
core   0: 0x80009ed0 (0x00008e6d) c.and   a2, a1
core   0: 3 0x80009ed0 (0x8e6d) x12 0x00000000
core   0: 0x80009ed2 (0x0000872d) c.srai  a4, 11
core   0: 3 0x80009ed2 (0x872d) x14 0x00000000
core   0: 0x80009ed4 (0x01b28f63) beq     t0, s11, pc + 30
core   0: 3 0x80009ed4 (0x01b28f63)
core   0: 0x80009ef2 (0x02cf5d33) divu    s10, t5, a2
core   0: 3 0x80009ef2 (0x02cf5d33) x26 0xffffffff
core   0: 0x80009ef6 (0x017b1193) slli    gp, s6, 23
core   0: 3 0x80009ef6 (0x017b1193) x3  0x00000000
core   0: 0x80009efa (0x034a7433) remu    s0, s4, s4
core   0: 3 0x80009efa (0x034a7433) x8  0x00000000
core   0: 0x80009efe (0x00008505) c.srai  a0, 1
core   0: 3 0x80009efe (0x8505) x10 0x00000000
core   0: 0x80009f00 (0x048e1463) bne     t3, s0, pc + 72
core   0: 3 0x80009f00 (0x048e1463)
core   0: 0x80009f48 (0x0cb53993) sltiu   s3, a0, 203
core   0: 3 0x80009f48 (0x0cb53993) x19 0x00000001
core   0: 0x80009f4c (0x34085473) csrrwi  s0, mscratch, 16
core   0: 3 0x80009f4c (0x34085473) x8  0x00000008 c832_mscratch 0x00000010
core   0: 0x80009f50 (0x031c65b3) rem     a1, s8, a7
core   0: 3 0x80009f50 (0x031c65b3) x11 0x00000001
core   0: 0x80009f54 (0x00001dfd) c.addi  s11, -1
core   0: 3 0x80009f54 (0x1dfd) x27 0xffffffff
core   0: 0x80009f56 (0x01cd3b93) sltiu   s7, s10, 28
core   0: 3 0x80009f56 (0x01cd3b93) x23 0x00000000
core   0: 0x80009f5a (0x00009c1a) c.add   s8, t1
core   0: 3 0x80009f5a (0x9c1a) x24 0x00000001
core   0: 0x80009f5c (0x02ecfe63) bgeu    s9, a4, pc + 60
core   0: 3 0x80009f5c (0x02ecfe63)
core   0: 0x80009f98 (0x012858b3) srl     a7, a6, s2
core   0: 3 0x80009f98 (0x012858b3) x17 0x00000000
core   0: 0x80009f9c (0x044f9463) bne     t6, tp, pc + 72
core   0: 3 0x80009f9c (0x044f9463)
core   0: 0x80009fa0 (0x03050eb3) mul     t4, a0, a6
core   0: 3 0x80009fa0 (0x03050eb3) x29 0x00000000
core   0: 0x80009fa4 (0x340028f3) csrr    a7, mscratch
core   0: 3 0x80009fa4 (0x340028f3) x17 0x00000010
core   0: 0x80009fa8 (0x01324bb3) xor     s7, tp, s3
core   0: 3 0x80009fa8 (0x01324bb3) x23 0x00000001
core   0: 0x80009fac (0x03c390b3) mulh    ra, t2, t3
core   0: 3 0x80009fac (0x03c390b3) x1  0x00000000
core   0: 0x80009fb0 (0x0000100f) fence.i
core   0: 3 0x80009fb0 (0x0000100f)
core   0: 0x80009fb4 (0x00641963) bne     s0, t1, pc + 18
core   0: 3 0x80009fb4 (0x00641963)
core   0: 0x80009fc6 (0xaabb7717) auipc   a4, 0xaabb7
core   0: 3 0x80009fc6 (0xaabb7717) x14 0x2abc0fc6
core   0: 0x80009fca (0x0205d433) divu    s0, a1, zero
core   0: 3 0x80009fca (0x0205d433) x8  0xffffffff
core   0: 0x80009fce (0x0000073e) c.slli  a4, 15
core   0: 3 0x80009fce (0x073e) x14 0x07e30000
core   0: 0x80009fd0 (0x000062d1) c.lui   t0, 0x14
core   0: 3 0x80009fd0 (0x62d1) x5  0x00014000
core   0: 0x80009fd2 (0x0ff0000f) fence   iorw,iorw
core   0: 3 0x80009fd2 (0x0ff0000f)
core   0: 0x80009fd6 (0x01897933) and     s2, s2, s8
core   0: 3 0x80009fd6 (0x01897933) x18 0x00000000
core   0: 0x80009fda (0x01c97563) bgeu    s2, t3, pc + 10
core   0: 3 0x80009fda (0x01c97563)
core   0: 0x80009fde (0x03854d63) blt     a0, s8, pc + 58
core   0: 3 0x80009fde (0x03854d63)
core   0: 0x8000a018 (0x00001bfd) c.addi  s7, -1
core   0: 3 0x8000a018 (0x1bfd) x23 0x00000000
core   0: 0x8000a01a (0x000086fe) c.mv    a3, t6
core   0: 3 0x8000a01a (0x86fe) x13 0x00000000
core   0: 0x8000a01c (0x02574563) blt     a4, t0, pc + 42
core   0: 3 0x8000a01c (0x02574563)
core   0: 0x8000a020 (0x02857163) bgeu    a0, s0, pc + 34
core   0: 3 0x8000a020 (0x02857163)
core   0: 0x8000a024 (0x00001cfd) c.addi  s9, -1
core   0: 3 0x8000a024 (0x1cfd) x25 0xe4166fff
core   0: 0x8000a026 (0x023fe463) bltu    t6, gp, pc + 40
core   0: 3 0x8000a026 (0x023fe463)
core   0: 0x8000a02a (0xbef7f993) andi    s3, a5, -1041
core   0: 3 0x8000a02a (0xbef7f993) x19 0x800258e4
core   0: 0x8000a02e (0x0000100f) fence.i
core   0: 3 0x8000a02e (0x0000100f)
core   0: 0x8000a032 (0x00004b25) c.li    s6, 9
core   0: 3 0x8000a032 (0x4b25) x22 0x00000009
core   0: 0x8000a034 (0x016a5f13) srli    t5, s4, 22
core   0: 3 0x8000a034 (0x016a5f13) x30 0x00000000
core   0: 0x8000a038 (0x000012fd) c.addi  t0, -1
core   0: 3 0x8000a038 (0x12fd) x5  0x00013fff
core   0: 0x8000a03a (0x34006f73) csrrsi  t5, mscratch, 0
core   0: 3 0x8000a03a (0x34006f73) x30 0x00000010
core   0: 0x8000a03e (0x00acfa63) bgeu    s9, a0, pc + 20
core   0: 3 0x8000a03e (0x00acfa63)
core   0: 0x8000a052 (0x0000c221) c.beqz  a2, pc + 64
core   0: 3 0x8000a052 (0xc221)
core   0: 0x8000a092 (0x00008e11) c.sub   a2, a2
core   0: 3 0x8000a092 (0x8e11) x12 0x00000000
core   0: 0x8000a094 (0x02bfc6b3) div     a3, t6, a1
core   0: 3 0x8000a094 (0x02bfc6b3) x13 0x00000000
core   0: 0x8000a098 (0x00361c13) slli    s8, a2, 3
core   0: 3 0x8000a098 (0x00361c13) x24 0x00000000
core   0: 0x8000a09c (0x010fc333) xor     t1, t6, a6
core   0: 3 0x8000a09c (0x010fc333) x6  0x00000000
core   0: 0x8000a0a0 (0x00e88c33) add     s8, a7, a4
core   0: 3 0x8000a0a0 (0x00e88c33) x24 0x07e30010
core   0: 0x8000a0a4 (0x00008621) c.srai  a2, 8
core   0: 3 0x8000a0a4 (0x8621) x12 0x00000000
core   0: 0x8000a0a6 (0x01de02b3) add     t0, t3, t4
core   0: 3 0x8000a0a6 (0x01de02b3) x5  0xffffffff
core   0: 0x8000a0aa (0x01995633) srl     a2, s2, s9
core   0: 3 0x8000a0aa (0x01995633) x12 0x00000000
core   0: 0x8000a0ae (0x00008b1d) c.andi  a4, 7
core   0: 3 0x8000a0ae (0x8b1d) x14 0x00000000
core   0: 0x8000a0b0 (0x1c1d8013) addi    zero, s11, 449
core   0: 3 0x8000a0b0 (0x1c1d8013)
core   0: 0x8000a0b4 (0x030a3bb3) mulhu   s7, s4, a6
core   0: 3 0x8000a0b4 (0x030a3bb3) x23 0x00000000
core   0: 0x8000a0b8 (0x0ff0000f) fence   iorw,iorw
core   0: 3 0x8000a0b8 (0x0ff0000f)
core   0: 0x8000a0bc (0x0000021a) c.slli  tp, 6
core   0: 3 0x8000a0bc (0x021a) x4  0x00000000
core   0: 0x8000a0be (0xd30a8b93) addi    s7, s5, -720
core   0: 3 0x8000a0be (0xd30a8b93) x23 0xfffffd39
core   0: 0x8000a0c2 (0x011730b3) sltu    ra, a4, a7
core   0: 3 0x8000a0c2 (0x011730b3) x1  0x00000001
core   0: 0x8000a0c6 (0x0000100f) fence.i
core   0: 3 0x8000a0c6 (0x0000100f)
core   0: 0x8000a0ca (0x00f91b13) slli    s6, s2, 15
core   0: 3 0x8000a0ca (0x00f91b13) x22 0x00000000
core   0: 0x8000a0ce (0x02256863) bltu    a0, sp, pc + 48
core   0: 3 0x8000a0ce (0x02256863)
core   0: 0x8000a0fe (0x0000e315) c.bnez  a4, pc + 36
core   0: 3 0x8000a0fe (0xe315)
core   0: 0x8000a100 (0x0000cf05) c.beqz  a4, pc + 56
core   0: 3 0x8000a100 (0xcf05)
core   0: 0x8000a138 (0x02345a63) bge     s0, gp, pc + 52
core   0: 3 0x8000a138 (0x02345a63)
core   0: 0x8000a13c (0x962026b7) lui     a3, 0x96202
core   0: 3 0x8000a13c (0x962026b7) x13 0x96202000
core   0: 0x8000a140 (0x038a5833) divu    a6, s4, s8
core   0: 3 0x8000a140 (0x038a5833) x16 0x00000000
core   0: 0x8000a144 (0x0f278413) addi    s0, a5, 242
core   0: 3 0x8000a144 (0x0f278413) x8  0x80025dd6
core   0: 0x8000a148 (0x031c5433) divu    s0, s8, a7
core   0: 3 0x8000a148 (0x031c5433) x8  0x007e3001
core   0: 0x8000a14c (0x003e1513) slli    a0, t3, 3
core   0: 3 0x8000a14c (0x003e1513) x10 0xfffffff8
core   0: 0x8000a150 (0x03747963) bgeu    s0, s7, pc + 50
core   0: 3 0x8000a150 (0x03747963)
core   0: 0x8000a154 (0x00ca0fb3) add     t6, s4, a2
core   0: 3 0x8000a154 (0x00ca0fb3) x31 0x00000000
core   0: 0x8000a158 (0x34039373) csrrw   t1, mscratch, t2
core   0: 3 0x8000a158 (0x34039373) x6  0x00000010 c832_mscratch 0x8002e1e3
core   0: 0x8000a15c (0x0000157d) c.addi  a0, -1
core   0: 3 0x8000a15c (0x157d) x10 0xfffffff7
core   0: 0x8000a15e (0x20f88397) auipc   t2, 0x20f88
core   0: 3 0x8000a15e (0x20f88397) x7  0xa0f9215e
core   0: 0x8000a162 (0x009c3fb3) sltu    t6, s8, s1
core   0: 3 0x8000a162 (0x009c3fb3) x31 0x00000000
core   0: 0x8000a166 (0x000005ea) c.slli  a1, 26
core   0: 3 0x8000a166 (0x05ea) x11 0x04000000
core   0: 0x8000a168 (0x340b5a73) csrrwi  s4, mscratch, 22
core   0: 3 0x8000a168 (0x340b5a73) x20 0x8002e1e3 c832_mscratch 0x00000016
core   0: 0x8000a16c (0x3f13ed17) auipc   s10, 0x3f13e
core   0: 3 0x8000a16c (0x3f13ed17) x26 0xbf14816c
core   0: 0x8000a170 (0x340022f3) csrr    t0, mscratch
core   0: 3 0x8000a170 (0x340022f3) x5  0x00000016
core   0: 0x8000a174 (0x022a1233) mulh    tp, s4, sp
core   0: 3 0x8000a174 (0x022a1233) x4  0x3ffd8006
core   0: 0x8000a178 (0x00008ed1) c.or    a3, a2
core   0: 3 0x8000a178 (0x8ed1) x13 0x96202000
core   0: 0x8000a17a (0x0cc4e213) ori     tp, s1, 204
core   0: 3 0x8000a17a (0x0cc4e213) x4  0x000000cd
core   0: 0x8000a17e (0x0000608d) c.lui   ra, 0x3
core   0: 3 0x8000a17e (0x608d) x1  0x00003000
core   0: 0x8000a180 (0x00000001) c.nop
core   0: 3 0x8000a180 (0x0001)
core   0: 0x8000a182 (0x00000a65) c.addi  s4, 25
core   0: 3 0x8000a182 (0x0a65) x20 0x8002e1fc
core   0: 0x8000a184 (0x01ff9733) sll     a4, t6, t6
core   0: 3 0x8000a184 (0x01ff9733) x14 0x00000000
core   0: 0x8000a188 (0x00e7df13) srli    t5, a5, 14
core   0: 3 0x8000a188 (0x00e7df13) x30 0x00020009
core   0: 0x8000a18c (0x009401b3) add     gp, s0, s1
core   0: 3 0x8000a18c (0x009401b3) x3  0x007e300e
core   0: 0x8000a190 (0x00da88b3) add     a7, s5, a3
core   0: 3 0x8000a190 (0x00da88b3) x17 0x96202009
core   0: 0x8000a194 (0x01141813) slli    a6, s0, 17
core   0: 3 0x8000a194 (0x01141813) x16 0x60020000
core   0: 0x8000a198 (0x35a68a13) addi    s4, a3, 858
core   0: 3 0x8000a198 (0x35a68a13) x20 0x9620235a
core   0: 0x8000a19c (0x00008cdd) c.or    s1, a5
core   0: 3 0x8000a19c (0x8cdd) x9  0x80025ced
core   0: 0x8000a19e (0x0206c8b3) div     a7, a3, zero
core   0: 3 0x8000a19e (0x0206c8b3) x17 0xffffffff
core   0: 0x8000a1a2 (0x00008d4d) c.or    a0, a1
core   0: 3 0x8000a1a2 (0x8d4d) x10 0xfffffff7
core   0: 0x8000a1a4 (0x61e5f9b7) lui     s3, 0x61e5f
core   0: 3 0x8000a1a4 (0x61e5f9b7) x19 0x61e5f000
core   0: 0x8000a1a8 (0x0012f933) and     s2, t0, ra
core   0: 3 0x8000a1a8 (0x0012f933) x18 0x00000000
core   0: 0x8000a1ac (0x000096d2) c.add   a3, s4
core   0: 3 0x8000a1ac (0x96d2) x13 0x2c40435a
core   0: 0x8000a1ae (0x00000001) c.nop
core   0: 3 0x8000a1ae (0x0001)
core   0: 0x8000a1b0 (0x0000100f) fence.i
core   0: 3 0x8000a1b0 (0x0000100f)
core   0: 0x8000a1b4 (0x02d8cb63) blt     a7, a3, pc + 54
core   0: 3 0x8000a1b4 (0x02d8cb63)
core   0: 0x8000a1ea (0x00008b6e) c.mv    s6, s11
core   0: 3 0x8000a1ea (0x8b6e) x22 0xffffffff
core   0: 0x8000a1ec (0x0090d5b3) srl     a1, ra, s1
core   0: 3 0x8000a1ec (0x0090d5b3) x11 0x00000001
core   0: 0x8000a1f0 (0x038b8c63) beq     s7, s8, pc + 56
core   0: 3 0x8000a1f0 (0x038b8c63)
core   0: 0x8000a1f4 (0x00008271) c.srli  a2, 28
core   0: 3 0x8000a1f4 (0x8271) x12 0x00000000
core   0: 0x8000a1f6 (0x340572f3) csrrci  t0, mscratch, 10
core   0: 3 0x8000a1f6 (0x340572f3) x5  0x00000016 c832_mscratch 0x00000014
core   0: 0x8000a1fa (0x0000892a) c.mv    s2, a0
core   0: 3 0x8000a1fa (0x892a) x18 0xfffffff7
core   0: 0x8000a1fc (0x4106d9b3) sra     s3, a3, a6
core   0: 3 0x8000a1fc (0x4106d9b3) x19 0x2c40435a
core   0: 0x8000a200 (0x00008429) c.srai  s0, 10
core   0: 3 0x8000a200 (0x8429) x8  0x00001f8c
core   0: 0x8000a202 (0x0000887a) c.mv    a6, t5
core   0: 3 0x8000a202 (0x887a) x16 0x00020009
core   0: 0x8000a204 (0x0371f5b3) remu    a1, gp, s7
core   0: 3 0x8000a204 (0x0371f5b3) x11 0x007e300e
core   0: 0x8000a208 (0x03cecf63) blt     t4, t3, pc + 62
core   0: 3 0x8000a208 (0x03cecf63)
core   0: 0x8000a20c (0x0ff0000f) fence   iorw,iorw
core   0: 3 0x8000a20c (0x0ff0000f)
core   0: 0x8000a210 (0x00008e1d) c.sub   a2, a5
core   0: 3 0x8000a210 (0x8e1d) x12 0x7ffda31c
core   0: 0x8000a212 (0x01521033) sll     zero, tp, s5
core   0: 3 0x8000a212 (0x01521033)
core   0: 0x8000a216 (0x023a7f63) bgeu    s4, gp, pc + 62
core   0: 3 0x8000a216 (0x023a7f63)
core   0: 0x8000a254 (0x0000100f) fence.i
core   0: 3 0x8000a254 (0x0000100f)
core   0: 0x8000a258 (0x02d5a2b3) mulhsu  t0, a1, a3
core   0: 3 0x8000a258 (0x02d5a2b3) x5  0x0015cfef
core   0: 0x8000a25c (0x340652f3) csrrwi  t0, mscratch, 12
core   0: 3 0x8000a25c (0x340652f3) x5  0x00000014 c832_mscratch 0x0000000c
core   0: 0x8000a260 (0x00000a5e) c.slli  s4, 23
core   0: 3 0x8000a260 (0x0a5e) x20 0xad000000
core   0: 0x8000a262 (0x03196d33) rem     s10, s2, a7
core   0: 3 0x8000a262 (0x03196d33) x26 0x00000000
core   0: 0x8000a266 (0x4a3c3b93) sltiu   s7, s8, 1187
core   0: 3 0x8000a266 (0x4a3c3b93) x23 0x00000000
core   0: 0x8000a26a (0x00008e79) c.and   a2, a4
core   0: 3 0x8000a26a (0x8e79) x12 0x00000000
core   0: 0x8000a26c (0x01bd4bb3) xor     s7, s10, s11
core   0: 3 0x8000a26c (0x01bd4bb3) x23 0xffffffff
core   0: 0x8000a270 (0x00000001) c.nop
core   0: 3 0x8000a270 (0x0001)
core   0: 0x8000a272 (0x00008ccd) c.or    s1, a1
core   0: 3 0x8000a272 (0x8ccd) x9  0x807e7cef
core   0: 0x8000a274 (0x00e406b3) add     a3, s0, a4
core   0: 3 0x8000a274 (0x00e406b3) x13 0x00001f8c
core   0: 0x8000a278 (0x00ba5333) srl     t1, s4, a1
core   0: 3 0x8000a278 (0x00ba5333) x6  0x0002b400
core   0: 0x8000a27c (0x025ab4b3) mulhu   s1, s5, t0
core   0: 3 0x8000a27c (0x025ab4b3) x9  0x00000000
core   0: 0x8000a280 (0x00689d93) slli    s11, a7, 6
core   0: 3 0x8000a280 (0x00689d93) x27 0xffffffc0
core   0: 0x8000a284 (0x2f52b613) sltiu   a2, t0, 757
core   0: 3 0x8000a284 (0x2f52b613) x12 0x00000001
core   0: 0x8000a288 (0x02269963) bne     a3, sp, pc + 50
core   0: 3 0x8000a288 (0x02269963)
core   0: 0x8000a2ba (0x000041a9) c.li    gp, 10
core   0: 3 0x8000a2ba (0x41a9) x3  0x0000000a
core   0: 0x8000a2bc (0x3407d773) csrrwi  a4, mscratch, 15
core   0: 3 0x8000a2bc (0x3407d773) x14 0x0000000c c832_mscratch 0x0000000f
core   0: 0x8000a2c0 (0x000081b2) c.mv    gp, a2
core   0: 3 0x8000a2c0 (0x81b2) x3  0x00000001
core   0: 0x8000a2c2 (0x0000100f) fence.i
core   0: 3 0x8000a2c2 (0x0000100f)
core   0: 0x8000a2c6 (0x01415d33) srl     s10, sp, s4
core   0: 3 0x8000a2c6 (0x01415d33) x26 0x80021e1c
core   0: 0x8000a2ca (0x0f9f0b93) addi    s7, t5, 249
core   0: 3 0x8000a2ca (0x0f9f0b93) x23 0x00020102
core   0: 0x8000a2ce (0x021f5fb3) divu    t6, t5, ra
core   0: 3 0x8000a2ce (0x021f5fb3) x31 0x0000000a
core   0: 0x8000a2d2 (0xdf64c217) auipc   tp, 0xdf64c
core   0: 3 0x8000a2d2 (0xdf64c217) x4  0x5f6562d2
core   0: 0x8000a2d6 (0x02eeebb3) rem     s7, t4, a4
core   0: 3 0x8000a2d6 (0x02eeebb3) x23 0x00000000
core   0: 0x8000a2da (0x019b9c63) bne     s7, s9, pc + 24
core   0: 3 0x8000a2da (0x019b9c63)
core   0: 0x8000a2f2 (0x025b1933) mulh    s2, s6, t0
core   0: 3 0x8000a2f2 (0x025b1933) x18 0xffffffff
core   0: 0x8000a2f6 (0x419b00b3) sub     ra, s6, s9
core   0: 3 0x8000a2f6 (0x419b00b3) x1  0x1be99000
core   0: 0x8000a2fa (0x00000001) c.nop
core   0: 3 0x8000a2fa (0x0001)
core   0: 0x8000a2fc (0x00577863) bgeu    a4, t0, pc + 16
core   0: 3 0x8000a2fc (0x00577863)
core   0: 0x8000a300 (0x00000001) c.nop
core   0: 3 0x8000a300 (0x0001)
core   0: 0x8000a302 (0x00008dbd) c.xor   a1, a5
core   0: 3 0x8000a302 (0x8dbd) x11 0x807c6cea
core   0: 0x8000a304 (0x03428d33) mul     s10, t0, s4
core   0: 3 0x8000a304 (0x03428d33) x26 0x84000000
core   0: 0x8000a308 (0x00c6a3b3) slt     t2, a3, a2
core   0: 3 0x8000a308 (0x00c6a3b3) x7  0x00000000
core   0: 0x8000a30c (0x00c7b433) sltu    s0, a5, a2
core   0: 3 0x8000a30c (0x00c7b433) x8  0x00000000
core   0: 0x8000a310 (0x04b3d363) bge     t2, a1, pc + 70
core   0: 3 0x8000a310 (0x04b3d363)
core   0: 0x8000a356 (0x34007c73) csrrci  s8, mscratch, 0
core   0: 3 0x8000a356 (0x34007c73) x24 0x0000000f
core   0: 0x8000a35a (0x0000c239) c.beqz  a2, pc + 70
core   0: 3 0x8000a35a (0xc239)
core   0: 0x8000a35c (0x00000f3a) c.slli  t5, 14
core   0: 3 0x8000a35c (0x0f3a) x30 0x80024000
core   0: 0x8000a35e (0x007fc933) xor     s2, t6, t2
core   0: 3 0x8000a35e (0x007fc933) x18 0x0000000a
core   0: 0x8000a362 (0x0263c433) div     s0, t2, t1
core   0: 3 0x8000a362 (0x0263c433) x8  0x00000000
core   0: 0x8000a366 (0x03e05f33) divu    t5, zero, t5
core   0: 3 0x8000a366 (0x03e05f33) x30 0x00000000
core   0: 0x8000a36a (0x000084b2) c.mv    s1, a2
core   0: 3 0x8000a36a (0x84b2) x9  0x00000001
core   0: 0x8000a36c (0x00be1a33) sll     s4, t3, a1
core   0: 3 0x8000a36c (0x00be1a33) x20 0xfffffc00
core   0: 0x8000a370 (0x00421893) slli    a7, tp, 4
core   0: 3 0x8000a370 (0x00421893) x17 0xf6562d20
core   0: 0x8000a374 (0x00a13d33) sltu    s10, sp, a0
core   0: 3 0x8000a374 (0x00a13d33) x26 0x00000001
core   0: 0x8000a378 (0x03d7a533) mulhsu  a0, a5, t4
core   0: 3 0x8000a378 (0x03d7a533) x10 0x00000000
core   0: 0x8000a37c (0x92866093) ori     ra, a2, -1752
core   0: 3 0x8000a37c (0x92866093) x1  0xfffff929
core   0: 0x8000a380 (0x0ff0000f) fence   iorw,iorw
core   0: 3 0x8000a380 (0x0ff0000f)
core   0: 0x8000a384 (0x00009a7d) c.andi  a2, -1
core   0: 3 0x8000a384 (0x9a7d) x12 0x00000001
core   0: 0x8000a386 (0x026a3db3) mulhu   s11, s4, t1
core   0: 3 0x8000a386 (0x026a3db3) x27 0x0002b3ff
core   0: 0x8000a38a (0x00d2efb3) or      t6, t0, a3
core   0: 3 0x8000a38a (0x00d2efb3) x31 0x00001f9c
core   0: 0x8000a38e (0x01c97bb3) and     s7, s2, t3
core   0: 3 0x8000a38e (0x01c97bb3) x23 0x0000000a
core   0: 0x8000a392 (0x00008e45) c.or    a2, s1
core   0: 3 0x8000a392 (0x8e45) x12 0x00000001
core   0: 0x8000a394 (0x34037773) csrrci  a4, mscratch, 6
core   0: 3 0x8000a394 (0x34037773) x14 0x0000000f c832_mscratch 0x00000009
core   0: 0x8000a398 (0x40cb5e13) srai    t3, s6, 12
core   0: 3 0x8000a398 (0x40cb5e13) x28 0xffffffff
core   0: 0x8000a39c (0x0165f013) andi    zero, a1, 22
core   0: 3 0x8000a39c (0x0165f013)
core   0: 0x8000a3a0 (0x01bcbdb3) sltu    s11, s9, s11
core   0: 3 0x8000a3a0 (0x01bcbdb3) x27 0x00000000
core   0: 0x8000a3a4 (0xd7026bb7) lui     s7, 0xd7026
core   0: 3 0x8000a3a4 (0xd7026bb7) x23 0xd7026000
core   0: 0x8000a3a8 (0xf8eb8693) addi    a3, s7, -114
core   0: 3 0x8000a3a8 (0xf8eb8693) x13 0xd7025f8e
core   0: 0x8000a3ac (0x0ff0000f) fence   iorw,iorw
core   0: 3 0x8000a3ac (0x0ff0000f)
core   0: 0x8000a3b0 (0x431a3713) sltiu   a4, s4, 1073
core   0: 3 0x8000a3b0 (0x431a3713) x14 0x00000000
core   0: 0x8000a3b4 (0x02122cb3) mulhsu  s9, tp, ra
core   0: 3 0x8000a3b4 (0x02122cb3) x25 0x5f656045
core   0: 0x8000a3b8 (0x41985f33) sra     t5, a6, s9
core   0: 3 0x8000a3b8 (0x41985f33) x30 0x00001000
core   0: 0x8000a3bc (0x00008eb5) c.xor   a3, a3
core   0: 3 0x8000a3bc (0x8eb5) x13 0x00000000
core   0: 0x8000a3be (0x6f15e193) ori     gp, a1, 1777
core   0: 3 0x8000a3be (0x6f15e193) x3  0x807c6efb
core   0: 0x8000a3c2 (0x00000001) c.nop
core   0: 3 0x8000a3c2 (0x0001)
core   0: 0x8000a3c4 (0x414ad733) sra     a4, s5, s4
core   0: 3 0x8000a3c4 (0x414ad733) x14 0x00000009
core   0: 0x8000a3c8 (0x00008d25) c.xor   a0, s1
core   0: 3 0x8000a3c8 (0x8d25) x10 0x00000001
core   0: 0x8000a3ca (0x40035b13) srai    s6, t1, 0
core   0: 3 0x8000a3ca (0x40035b13) x22 0x0002b400
core   0: 0x8000a3ce (0x03b4b1b3) mulhu   gp, s1, s11
core   0: 3 0x8000a3ce (0x03b4b1b3) x3  0x00000000
core   0: 0x8000a3d2 (0x34002bf3) csrr    s7, mscratch
core   0: 3 0x8000a3d2 (0x34002bf3) x23 0x00000009
core   0: 0x8000a3d6 (0x035dd863) bge     s11, s5, pc + 48
core   0: 3 0x8000a3d6 (0x035dd863)
core   0: 0x8000a3da (0x007b1e13) slli    t3, s6, 7
core   0: 3 0x8000a3da (0x007b1e13) x28 0x015a0000
core   0: 0x8000a3de (0x00009dd6) c.add   s11, s5
core   0: 3 0x8000a3de (0x9dd6) x27 0x00000009
core   0: 0x8000a3e0 (0x00418e63) beq     gp, tp, pc + 28
core   0: 3 0x8000a3e0 (0x00418e63)
core   0: 0x8000a3e4 (0x00008739) c.srai  a4, 14
core   0: 3 0x8000a3e4 (0x8739) x14 0x00000000
core   0: 0x8000a3e6 (0x000006ed) c.addi  a3, 27
core   0: 3 0x8000a3e6 (0x06ed) x13 0x0000001b
core   0: 0x8000a3e8 (0x34002873) csrr    a6, mscratch
core   0: 3 0x8000a3e8 (0x34002873) x16 0x00000009
core   0: 0x8000a3ec (0x014d7f33) and     t5, s10, s4
core   0: 3 0x8000a3ec (0x014d7f33) x30 0x00000000
core   0: 0x8000a3f0 (0x00000001) c.nop
core   0: 3 0x8000a3f0 (0x0001)
core   0: 0x8000a3f2 (0x004f2733) slt     a4, t5, tp
core   0: 3 0x8000a3f2 (0x004f2733) x14 0x00000001
core   0: 0x8000a3f6 (0x00008836) c.mv    a6, a3
core   0: 3 0x8000a3f6 (0x8836) x16 0x0000001b
core   0: 0x8000a3f8 (0x00855963) bge     a0, s0, pc + 18
core   0: 3 0x8000a3f8 (0x00855963)
core   0: 0x8000a40a (0x00a91e13) slli    t3, s2, 10
core   0: 3 0x8000a40a (0x00a91e13) x28 0x00002800
core   0: 0x8000a40e (0x00cd3833) sltu    a6, s10, a2
core   0: 3 0x8000a40e (0x00cd3833) x16 0x00000000
core   0: 0x8000a412 (0x000012fd) c.addi  t0, -1
core   0: 3 0x8000a412 (0x12fd) x5  0x00000013
core   0: 0x8000a414 (0x051b1563) bne     s6, a7, pc + 74
core   0: 3 0x8000a414 (0x051b1563)
core   0: 0x8000a45e (0x5d31de37) lui     t3, 0x5d31d
core   0: 3 0x8000a45e (0x5d31de37) x28 0x5d31d000
core   0: 0x8000a462 (0x340bdb73) csrrwi  s6, mscratch, 23
core   0: 3 0x8000a462 (0x340bdb73) x22 0x00000009 c832_mscratch 0x00000017
core   0: 0x8000a466 (0x0000527d) c.li    tp, -1
core   0: 3 0x8000a466 (0x527d) x4  0xffffffff
core   0: 0x8000a468 (0x00008e91) c.sub   a3, a2
core   0: 3 0x8000a468 (0x8e91) x13 0x0000001a
core   0: 0x8000a46a (0x000095b2) c.add   a1, a2
core   0: 3 0x8000a46a (0x95b2) x11 0x807c6ceb
core   0: 0x8000a46c (0xf6980593) addi    a1, a6, -151
core   0: 3 0x8000a46c (0xf6980593) x11 0xffffff69
core   0: 0x8000a470 (0x01694e33) xor     t3, s2, s6
core   0: 3 0x8000a470 (0x01694e33) x28 0x00000003
core   0: 0x8000a474 (0x402fdf93) srai    t6, t6, 2
core   0: 3 0x8000a474 (0x402fdf93) x31 0x000007e7
core   0: 0x8000a478 (0x01f4d413) srli    s0, s1, 31
core   0: 3 0x8000a478 (0x01f4d413) x8  0x00000000
core   0: 0x8000a47c (0x002cbcb3) sltu    s9, s9, sp
core   0: 3 0x8000a47c (0x002cbcb3) x25 0x00000001
core   0: 0x8000a480 (0x8d066e13) ori     t3, a2, -1840
core   0: 3 0x8000a480 (0x8d066e13) x28 0xfffff8d1
core   0: 0x8000a484 (0xe5ea1f97) auipc   t6, 0xe5ea1
core   0: 3 0x8000a484 (0xe5ea1f97) x31 0x65eab484
core   0: 0x8000a488 (0x00ac34b3) sltu    s1, s8, a0
core   0: 3 0x8000a488 (0x00ac34b3) x9  0x00000000
core   0: 0x8000a48c (0x40c75913) srai    s2, a4, 12
core   0: 3 0x8000a48c (0x40c75913) x18 0x00000000
core   0: 0x8000a490 (0x7c978b93) addi    s7, a5, 1993
core   0: 3 0x8000a490 (0x7c978b93) x23 0x800264ad
core   0: 0x8000a494 (0x0291a0b3) mulhsu  ra, gp, s1
core   0: 3 0x8000a494 (0x0291a0b3) x1  0x00000000
core   0: 0x8000a498 (0x340f7973) csrrci  s2, mscratch, 30
core   0: 3 0x8000a498 (0x340f7973) x18 0x00000017 c832_mscratch 0x00000001
core   0: 0x8000a49c (0x03ac0033) mul     zero, s8, s10
core   0: 3 0x8000a49c (0x03ac0033)
core   0: 0x8000a4a0 (0x34085673) csrrwi  a2, mscratch, 16
core   0: 3 0x8000a4a0 (0x34085673) x12 0x00000001 c832_mscratch 0x00000010
core   0: 0x8000a4a4 (0x00006e91) c.lui   t4, 0x4
core   0: 3 0x8000a4a4 (0x6e91) x29 0x00004000
core   0: 0x8000a4a6 (0x012f0bb3) add     s7, t5, s2
core   0: 3 0x8000a4a6 (0x012f0bb3) x23 0x00000017
core   0: 0x8000a4aa (0x029242b3) div     t0, tp, s1
core   0: 3 0x8000a4aa (0x029242b3) x5  0xffffffff
core   0: 0x8000a4ae (0x036e5733) divu    a4, t3, s6
core   0: 3 0x8000a4ae (0x036e5733) x14 0x1c71c650
core   0: 0x8000a4b2 (0x00000001) c.nop
core   0: 3 0x8000a4b2 (0x0001)
core   0: 0x8000a4b4 (0x00008d61) c.and   a0, s0
core   0: 3 0x8000a4b4 (0x8d61) x10 0x00000000
core   0: 0x8000a4b6 (0x01b12633) slt     a2, sp, s11
core   0: 3 0x8000a4b6 (0x01b12633) x12 0x00000001
core   0: 0x8000a4ba (0x00000001) c.nop
core   0: 3 0x8000a4ba (0x0001)
core   0: 0x8000a4bc (0x0000ee19) c.bnez  a2, pc + 30
core   0: 3 0x8000a4bc (0xee19)
core   0: 0x8000a4da (0x09cd7f93) andi    t6, s10, 156
core   0: 3 0x8000a4da (0x09cd7f93) x31 0x00000000
core   0: 0x8000a4de (0x0256d3b3) divu    t2, a3, t0
core   0: 3 0x8000a4de (0x0256d3b3) x7  0x00000000
core   0: 0x8000a4e2 (0x00857933) and     s2, a0, s0
core   0: 3 0x8000a4e2 (0x00857933) x18 0x00000000
core   0: 0x8000a4e6 (0x4b5c7f97) auipc   t6, 0x4b5c7
core   0: 3 0x8000a4e6 (0x4b5c7f97) x31 0xcb5d14e6
core   0: 0x8000a4ea (0x00008951) c.andi  a0, 20
core   0: 3 0x8000a4ea (0x8951) x10 0x00000000
core   0: 0x8000a4ec (0x02298733) mul     a4, s3, sp
core   0: 3 0x8000a4ec (0x02298733) x14 0xe59fe9d8
core   0: 0x8000a4f0 (0x00000001) c.nop
core   0: 3 0x8000a4f0 (0x0001)
core   0: 0x8000a4f2 (0x000082d6) c.mv    t0, s5
core   0: 3 0x8000a4f2 (0x82d6) x5  0x00000009
core   0: 0x8000a4f4 (0x027d74b3) remu    s1, s10, t2
core   0: 3 0x8000a4f4 (0x027d74b3) x9  0x00000001
core   0: 0x8000a4f8 (0x03f79763) bne     a5, t6, pc + 46
core   0: 3 0x8000a4f8 (0x03f79763)
core   0: 0x8000a526 (0x02c56863) bltu    a0, a2, pc + 48
core   0: 3 0x8000a526 (0x02c56863)
core   0: 0x8000a556 (0x01aeaa33) slt     s4, t4, s10
core   0: 3 0x8000a556 (0x01aeaa33) x20 0x00000000
core   0: 0x8000a55a (0x0092e5b3) or      a1, t0, s1
core   0: 3 0x8000a55a (0x0092e5b3) x11 0x00000009
core   0: 0x8000a55e (0x025be333) rem     t1, s7, t0
core   0: 3 0x8000a55e (0x025be333) x6  0x00000005
core   0: 0x8000a562 (0x00008e96) c.mv    t4, t0
core   0: 3 0x8000a562 (0x8e96) x29 0x00000009
core   0: 0x8000a564 (0x340d3c73) csrrc   s8, mscratch, s10
core   0: 3 0x8000a564 (0x340d3c73) x24 0x00000010 c832_mscratch 0x00000010
core   0: 0x8000a568 (0x01a37333) and     t1, t1, s10
core   0: 3 0x8000a568 (0x01a37333) x6  0x00000001
core   0: 0x8000a56c (0x34002ff3) csrr    t6, mscratch
core   0: 3 0x8000a56c (0x34002ff3) x31 0x00000010
core   0: 0x8000a570 (0x033189b3) mul     s3, gp, s3
core   0: 3 0x8000a570 (0x033189b3) x19 0x00000000
core   0: 0x8000a574 (0x3400d6f3) csrrwi  a3, mscratch, 1
core   0: 3 0x8000a574 (0x3400d6f3) x13 0x00000010 c832_mscratch 0x00000001
core   0: 0x8000a578 (0x01399663) bne     s3, s3, pc + 12
core   0: 3 0x8000a578 (0x01399663)
core   0: 0x8000a57c (0x1b802393) slti    t2, zero, 440
core   0: 3 0x8000a57c (0x1b802393) x7  0x00000001
core   0: 0x8000a580 (0x03e92933) mulhsu  s2, s2, t5
core   0: 3 0x8000a580 (0x03e92933) x18 0x00000000
core   0: 0x8000a584 (0x016e9213) slli    tp, t4, 22
core   0: 3 0x8000a584 (0x016e9213) x4  0x02400000
core   0: 0x8000a588 (0x03276363) bltu    a4, s2, pc + 38
core   0: 3 0x8000a588 (0x03276363)
core   0: 0x8000a58c (0x026c1cb3) mulh    s9, s8, t1
core   0: 3 0x8000a58c (0x026c1cb3) x25 0x00000000
core   0: 0x8000a590 (0x00008756) c.mv    a4, s5
core   0: 3 0x8000a590 (0x8756) x14 0x00000009
core   0: 0x8000a592 (0x340e9673) csrrw   a2, mscratch, t4
core   0: 3 0x8000a592 (0x340e9673) x12 0x00000001 c832_mscratch 0x00000009
core   0: 0x8000a596 (0x00000a1d) c.addi  s4, 7
core   0: 3 0x8000a596 (0x0a1d) x20 0x00000007
core   0: 0x8000a598 (0x03613533) mulhu   a0, sp, s6
core   0: 3 0x8000a598 (0x03613533) x10 0x00000004
core   0: 0x8000a59c (0x010cf6b3) and     a3, s9, a6
core   0: 3 0x8000a59c (0x010cf6b3) x13 0x00000000
core   0: 0x8000a5a0 (0x59d30493) addi    s1, t1, 1437
core   0: 3 0x8000a5a0 (0x59d30493) x9  0x0000059e
core   0: 0x8000a5a4 (0x000086f2) c.mv    a3, t3
core   0: 3 0x8000a5a4 (0x86f2) x13 0xfffff8d1
core   0: 0x8000a5a6 (0x035ba933) mulhsu  s2, s7, s5
core   0: 3 0x8000a5a6 (0x035ba933) x18 0x00000000
core   0: 0x8000a5aa (0x98a38d17) auipc   s10, 0x98a38
core   0: 3 0x8000a5aa (0x98a38d17) x26 0x18a425aa
core   0: 0x8000a5ae (0x01780863) beq     a6, s7, pc + 16
core   0: 3 0x8000a5ae (0x01780863)
core   0: 0x8000a5b2 (0xcdabb213) sltiu   tp, s7, -806
core   0: 3 0x8000a5b2 (0xcdabb213) x4  0x00000001
core   0: 0x8000a5b6 (0x00008926) c.mv    s2, s1
core   0: 3 0x8000a5b6 (0x8926) x18 0x0000059e
core   0: 0x8000a5b8 (0x00008d61) c.and   a0, s0
core   0: 3 0x8000a5b8 (0x8d61) x10 0x00000000
core   0: 0x8000a5ba (0x02fbca63) blt     s7, a5, pc + 52
core   0: 3 0x8000a5ba (0x02fbca63)
core   0: 0x8000a5be (0x91070813) addi    a6, a4, -1776
core   0: 3 0x8000a5be (0x91070813) x16 0xfffff919
core   0: 0x8000a5c2 (0x000004a2) c.slli  s1, 8
core   0: 3 0x8000a5c2 (0x04a2) x9  0x00059e00
core   0: 0x8000a5c4 (0x02698763) beq     s3, t1, pc + 46
core   0: 3 0x8000a5c4 (0x02698763)
core   0: 0x8000a5c8 (0x025ce163) bltu    s9, t0, pc + 34
core   0: 3 0x8000a5c8 (0x025ce163)
core   0: 0x8000a5ea (0x7ddf6c13) ori     s8, t5, 2013
core   0: 3 0x8000a5ea (0x7ddf6c13) x24 0x000007dd
core   0: 0x8000a5ee (0x340baa73) csrrs   s4, mscratch, s7
core   0: 3 0x8000a5ee (0x340baa73) x20 0x00000009 c832_mscratch 0x0000001f
core   0: 0x8000a5f2 (0x0069ca63) blt     s3, t1, pc + 20
core   0: 3 0x8000a5f2 (0x0069ca63)
core   0: 0x8000a606 (0x340f9ef3) csrrw   t4, mscratch, t6
core   0: 3 0x8000a606 (0x340f9ef3) x29 0x0000001f c832_mscratch 0x00000010
core   0: 0x8000a60a (0x340ae973) csrrsi  s2, mscratch, 21
core   0: 3 0x8000a60a (0x340ae973) x18 0x00000010 c832_mscratch 0x00000015
core   0: 0x8000a60e (0x01bf1813) slli    a6, t5, 27
core   0: 3 0x8000a60e (0x01bf1813) x16 0x00000000
core   0: 0x8000a612 (0xc4d8db37) lui     s6, 0xc4d8d
core   0: 3 0x8000a612 (0xc4d8db37) x22 0xc4d8d000
core   0: 0x8000a616 (0x01aaadb3) slt     s11, s5, s10
core   0: 3 0x8000a616 (0x01aaadb3) x27 0x00000001
core   0: 0x8000a61a (0x76fd0893) addi    a7, s10, 1903
core   0: 3 0x8000a61a (0x76fd0893) x17 0x18a42d19
core   0: 0x8000a61e (0x02e50c63) beq     a0, a4, pc + 56
core   0: 3 0x8000a61e (0x02e50c63)
core   0: 0x8000a622 (0x00d5d3b3) srl     t2, a1, a3
core   0: 3 0x8000a622 (0x00d5d3b3) x7  0x00000000
core   0: 0x8000a626 (0x02d37b63) bgeu    t1, a3, pc + 54
core   0: 3 0x8000a626 (0x02d37b63)
core   0: 0x8000a62a (0x00000001) c.nop
core   0: 3 0x8000a62a (0x0001)
core   0: 0x8000a62c (0x01971433) sll     s0, a4, s9
core   0: 3 0x8000a62c (0x01971433) x8  0x00000009
core   0: 0x8000a630 (0x00009bf2) c.add   s7, t3
core   0: 3 0x8000a630 (0x9bf2) x23 0xfffff8e8
core   0: 0x8000a632 (0x0000100f) fence.i
core   0: 3 0x8000a632 (0x0000100f)
core   0: 0x8000a636 (0x41b7d293) srai    t0, a5, 27
core   0: 3 0x8000a636 (0x41b7d293) x5  0xfffffff0
core   0: 0x8000a63a (0x0000098e) c.slli  s3, 3
core   0: 3 0x8000a63a (0x098e) x19 0x00000000
core   0: 0x8000a63c (0x00006b25) c.lui   s6, 0x9
core   0: 3 0x8000a63c (0x6b25) x22 0x00009000
core   0: 0x8000a63e (0x000012fd) c.addi  t0, -1
core   0: 3 0x8000a63e (0x12fd) x5  0xffffffef
core   0: 0x8000a640 (0x340cd573) csrrwi  a0, mscratch, 25
core   0: 3 0x8000a640 (0x340cd573) x10 0x00000015 c832_mscratch 0x00000019
core   0: 0x8000a644 (0x00008ca6) c.mv    s9, s1
core   0: 3 0x8000a644 (0x8ca6) x25 0x00059e00
core   0: 0x8000a646 (0x40145693) srai    a3, s0, 1
core   0: 3 0x8000a646 (0x40145693) x13 0x00000004
core   0: 0x8000a64a (0x41b85413) srai    s0, a6, 27
core   0: 3 0x8000a64a (0x41b85413) x8  0x00000000
core   0: 0x8000a64e (0x01128c63) beq     t0, a7, pc + 24
core   0: 3 0x8000a64e (0x01128c63)
core   0: 0x8000a652 (0x03317863) bgeu    sp, s3, pc + 48
core   0: 3 0x8000a652 (0x03317863)
core   0: 0x8000a682 (0x03190163) beq     s2, a7, pc + 34
core   0: 3 0x8000a682 (0x03190163)
core   0: 0x8000a686 (0x00391993) slli    s3, s2, 3
core   0: 3 0x8000a686 (0x00391993) x19 0x00000080
core   0: 0x8000a68a (0x00008225) c.srli  a2, 9
core   0: 3 0x8000a68a (0x8225) x12 0x00000000
core   0: 0x8000a68c (0x023ded33) rem     s10, s11, gp
core   0: 3 0x8000a68c (0x023ded33) x26 0x00000001
core   0: 0x8000a690 (0x017592b3) sll     t0, a1, s7
core   0: 3 0x8000a690 (0x017592b3) x5  0x00000900
core   0: 0x8000a694 (0x033de263) bltu    s11, s3, pc + 36
core   0: 3 0x8000a694 (0x033de263)
core   0: 0x8000a6b8 (0x020d2533) mulhsu  a0, s10, zero
core   0: 3 0x8000a6b8 (0x020d2533) x10 0x00000000
core   0: 0x8000a6bc (0x0208f163) bgeu    a7, zero, pc + 34
core   0: 3 0x8000a6bc (0x0208f163)
core   0: 0x8000a6de (0x03b93933) mulhu   s2, s2, s11
core   0: 3 0x8000a6de (0x03b93933) x18 0x00000000
core   0: 0x8000a6e2 (0x83dbb713) sltiu   a4, s7, -1987
core   0: 3 0x8000a6e2 (0x83dbb713) x14 0x00000000
core   0: 0x8000a6e6 (0x00000a42) c.slli  s4, 16
core   0: 3 0x8000a6e6 (0x0a42) x20 0x00090000
core   0: 0x8000a6e8 (0x340715f3) csrrw   a1, mscratch, a4
core   0: 3 0x8000a6e8 (0x340715f3) x11 0x00000019 c832_mscratch 0x00000000
core   0: 0x8000a6ec (0x013e9fb3) sll     t6, t4, s3
core   0: 3 0x8000a6ec (0x013e9fb3) x31 0x0000001f
core   0: 0x8000a6f0 (0x007f2d33) slt     s10, t5, t2
core   0: 3 0x8000a6f0 (0x007f2d33) x26 0x00000000
core   0: 0x8000a6f4 (0x52750b37) lui     s6, 0x52750
core   0: 3 0x8000a6f4 (0x52750b37) x22 0x52750000
core   0: 0x8000a6f8 (0x41348033) sub     zero, s1, s3
core   0: 3 0x8000a6f8 (0x41348033)
core   0: 0x8000a6fc (0x340e56f3) csrrwi  a3, mscratch, 28
core   0: 3 0x8000a6fc (0x340e56f3) x13 0x00000000 c832_mscratch 0x0000001c
core   0: 0x8000a700 (0x4061deb3) sra     t4, gp, t1
core   0: 3 0x8000a700 (0x4061deb3) x29 0x00000000
core   0: 0x8000a704 (0x00008ecd) c.or    a3, a1
core   0: 3 0x8000a704 (0x8ecd) x13 0x00000019
core   0: 0x8000a706 (0x02988763) beq     a7, s1, pc + 46
core   0: 3 0x8000a706 (0x02988763)
core   0: 0x8000a70a (0x00fbc8b3) xor     a7, s7, a5
core   0: 3 0x8000a70a (0x00fbc8b3) x17 0x7ffda40c
core   0: 0x8000a70e (0x712cb513) sltiu   a0, s9, 1810
core   0: 3 0x8000a70e (0x712cb513) x10 0x00000000
core   0: 0x8000a712 (0x00000001) c.nop
core   0: 3 0x8000a712 (0x0001)
core   0: 0x8000a714 (0x039c6763) bltu    s8, s9, pc + 46
core   0: 3 0x8000a714 (0x039c6763)
core   0: 0x8000a742 (0x65100e13) li      t3, 1617
core   0: 3 0x8000a742 (0x65100e13) x28 0x00000651
core   0: 0x8000a746 (0x16b22617) auipc   a2, 0x16b22
core   0: 3 0x8000a746 (0x16b22617) x12 0x96b2c746
core   0: 0x8000a74a (0x00000bf1) c.addi  s7, 28
core   0: 3 0x8000a74a (0x0bf1) x23 0xfffff904
core   0: 0x8000a74c (0x340cd0f3) csrrwi  ra, mscratch, 25
core   0: 3 0x8000a74c (0x340cd0f3) x1  0x0000001c c832_mscratch 0x00000019
core   0: 0x8000a750 (0x000082f1) c.srli  a3, 28
core   0: 3 0x8000a750 (0x82f1) x13 0x00000000
core   0: 0x8000a752 (0x0ff0000f) fence   iorw,iorw
core   0: 3 0x8000a752 (0x0ff0000f)
core   0: 0x8000a756 (0x340036f3) csrrc   a3, mscratch, zero
core   0: 3 0x8000a756 (0x340036f3) x13 0x00000019
core   0: 0x8000a75a (0x340fadf3) csrrs   s11, mscratch, t6
core   0: 3 0x8000a75a (0x340fadf3) x27 0x00000019 c832_mscratch 0x0000001f
core   0: 0x8000a75e (0x03f44333) div     t1, s0, t6
core   0: 3 0x8000a75e (0x03f44333) x6  0x00000000
core   0: 0x8000a762 (0x0000884d) c.andi  s0, 19
core   0: 3 0x8000a762 (0x884d) x8  0x00000000
core   0: 0x8000a764 (0x419dd493) srai    s1, s11, 25
core   0: 3 0x8000a764 (0x419dd493) x9  0x00000000
core   0: 0x8000a768 (0x0000888e) c.mv    a7, gp
core   0: 3 0x8000a768 (0x888e) x17 0x00000000
core   0: 0x8000a76a (0x00009506) c.add   a0, ra
core   0: 3 0x8000a76a (0x9506) x10 0x0000001c
core   0: 0x8000a76c (0x0000e725) c.bnez  a4, pc + 104
core   0: 3 0x8000a76c (0xe725)
core   0: 0x8000a76e (0x034021b3) mulhsu  gp, zero, s4
core   0: 3 0x8000a76e (0x034021b3) x3  0x00000000
core   0: 0x8000a772 (0xf9760e93) addi    t4, a2, -105
core   0: 3 0x8000a772 (0xf9760e93) x29 0x96b2c6dd
core   0: 0x8000a776 (0x000058fd) c.li    a7, -1
core   0: 3 0x8000a776 (0x58fd) x17 0xffffffff
core   0: 0x8000a778 (0x022c9833) mulh    a6, s9, sp
core   0: 3 0x8000a778 (0x022c9833) x16 0xfffd310b
core   0: 0x8000a77c (0x04baed63) bltu    s5, a1, pc + 90
core   0: 3 0x8000a77c (0x04baed63)
core   0: 0x8000a7d6 (0xd003ba13) sltiu   s4, t2, -768
core   0: 3 0x8000a7d6 (0xd003ba13) x20 0x00000001
core   0: 0x8000a7da (0x9ffa3b13) sltiu   s6, s4, -1537
core   0: 3 0x8000a7da (0x9ffa3b13) x22 0x00000001
core   0: 0x8000a7de (0x00008ef5) c.and   a3, a3
core   0: 3 0x8000a7de (0x8ef5) x13 0x00000019
core   0: 0x8000a7e0 (0x02899633) mulh    a2, s3, s0
core   0: 3 0x8000a7e0 (0x02899633) x12 0x00000000
core   0: 0x8000a7e4 (0x00006321) c.lui   t1, 0x8
core   0: 3 0x8000a7e4 (0x6321) x6  0x00008000
core   0: 0x8000a7e6 (0x0000c609) c.beqz  a2, pc + 10
core   0: 3 0x8000a7e6 (0xc609)
core   0: 0x8000a7f0 (0x66498e93) addi    t4, s3, 1636
core   0: 3 0x8000a7f0 (0x66498e93) x29 0x000006e4
core   0: 0x8000a7f4 (0x00000676) c.slli  a2, 29
core   0: 3 0x8000a7f4 (0x0676) x12 0x00000000
core   0: 0x8000a7f6 (0x00000001) c.nop
core   0: 3 0x8000a7f6 (0x0001)
core   0: 0x8000a7f8 (0x01849693) slli    a3, s1, 24
core   0: 3 0x8000a7f8 (0x01849693) x13 0x00000000
core   0: 0x8000a7fc (0x02532333) mulhsu  t1, t1, t0
core   0: 3 0x8000a7fc (0x02532333) x6  0x00000000
core   0: 0x8000a800 (0x037dad33) mulhsu  s10, s11, s7
core   0: 3 0x8000a800 (0x037dad33) x26 0x00000018
core   0: 0x8000a804 (0x669e3193) sltiu   gp, t3, 1641
core   0: 3 0x8000a804 (0x669e3193) x3  0x00000001
core   0: 0x8000a808 (0x0000e2a1) c.bnez  a3, pc + 64
core   0: 3 0x8000a808 (0xe2a1)
core   0: 0x8000a80a (0x000006da) c.slli  a3, 22
core   0: 3 0x8000a80a (0x06da) x13 0x00000000
core   0: 0x8000a80c (0x00625eb3) srl     t4, tp, t1
core   0: 3 0x8000a80c (0x00625eb3) x29 0x00000001
core   0: 0x8000a810 (0x00e2e433) or      s0, t0, a4
core   0: 3 0x8000a810 (0x00e2e433) x8  0x00000900
core   0: 0x8000a814 (0x0000c115) c.beqz  a0, pc + 36
core   0: 3 0x8000a814 (0xc115)
core   0: 0x8000a816 (0x0ff0000f) fence   iorw,iorw
core   0: 3 0x8000a816 (0x0ff0000f)
core   0: 0x8000a81a (0x340be2f3) csrrsi  t0, mscratch, 23
core   0: 3 0x8000a81a (0x340be2f3) x5  0x0000001f c832_mscratch 0x0000001f
core   0: 0x8000a81e (0xe677f513) andi    a0, a5, -409
core   0: 3 0x8000a81e (0xe677f513) x10 0x80025c64
core   0: 0x8000a822 (0x03c9c163) blt     s3, t3, pc + 34
core   0: 3 0x8000a822 (0x03c9c163)
core   0: 0x8000a844 (0x018ad593) srli    a1, s5, 24
core   0: 3 0x8000a844 (0x018ad593) x11 0x00000000
core   0: 0x8000a848 (0x1399ad13) slti    s10, s3, 313
core   0: 3 0x8000a848 (0x1399ad13) x26 0x00000001
core   0: 0x8000a84c (0x0148aeb3) slt     t4, a7, s4
core   0: 3 0x8000a84c (0x0148aeb3) x29 0x00000001
core   0: 0x8000a850 (0x020f1b33) mulh    s6, t5, zero
core   0: 3 0x8000a850 (0x020f1b33) x22 0x00000000
core   0: 0x8000a854 (0x036c89b3) mul     s3, s9, s6
core   0: 3 0x8000a854 (0x036c89b3) x19 0x00000000
core   0: 0x8000a858 (0x03951033) mulh    zero, a0, s9
core   0: 3 0x8000a858 (0x03951033)
core   0: 0x8000a85c (0x0272b633) mulhu   a2, t0, t2
core   0: 3 0x8000a85c (0x0272b633) x12 0x00000000
core   0: 0x8000a860 (0x410fd293) srai    t0, t6, 16
core   0: 3 0x8000a860 (0x410fd293) x5  0x00000000
core   0: 0x8000a864 (0x02282933) mulhsu  s2, a6, sp
core   0: 3 0x8000a864 (0x02282933) x18 0xfffe987f
core   0: 0x8000a868 (0xbaf8ff93) andi    t6, a7, -1105
core   0: 3 0x8000a868 (0xbaf8ff93) x31 0xfffffbaf
core   0: 0x8000a86c (0x02829763) bne     t0, s0, pc + 46
core   0: 3 0x8000a86c (0x02829763)
core   0: 0x8000a89a (0x05b9c063) blt     s3, s11, pc + 64
core   0: 3 0x8000a89a (0x05b9c063)
core   0: 0x8000a8da (0x00008f01) c.sub   a4, s0
core   0: 3 0x8000a8da (0x8f01) x14 0xfffff700
core   0: 0x8000a8dc (0x3403df73) csrrwi  t5, mscratch, 7
core   0: 3 0x8000a8dc (0x3403df73) x30 0x0000001f c832_mscratch 0x00000007
core   0: 0x8000a8e0 (0x340078f3) csrrci  a7, mscratch, 0
core   0: 3 0x8000a8e0 (0x340078f3) x17 0x00000007
core   0: 0x8000a8e4 (0x03fc91b3) mulh    gp, s9, t6
core   0: 3 0x8000a8e4 (0x03fc91b3) x3  0xffffffff
core   0: 0x8000a8e8 (0x00000001) c.nop
core   0: 3 0x8000a8e8 (0x0001)
core   0: 0x8000a8ea (0x413105b3) sub     a1, sp, s3
core   0: 3 0x8000a8ea (0x413105b3) x11 0x80021e1c
core   0: 0x8000a8ee (0x00d75913) srli    s2, a4, 13
core   0: 3 0x8000a8ee (0x00d75913) x18 0x0007ffff
core   0: 0x8000a8f2 (0x0130c963) blt     ra, s3, pc + 18
core   0: 3 0x8000a8f2 (0x0130c963)
core   0: 0x8000a8f6 (0x01b89433) sll     s0, a7, s11
core   0: 3 0x8000a8f6 (0x01b89433) x8  0x0e000000
core   0: 0x8000a8fa (0x02070c33) mul     s8, a4, zero
core   0: 3 0x8000a8fa (0x02070c33) x24 0x00000000
core   0: 0x8000a8fe (0x01ca3933) sltu    s2, s4, t3
core   0: 3 0x8000a8fe (0x01ca3933) x18 0x00000001
core   0: 0x8000a902 (0x00004b1d) c.li    s6, 7
core   0: 3 0x8000a902 (0x4b1d) x22 0x00000007
core   0: 0x8000a904 (0x340256f3) csrrwi  a3, mscratch, 4
core   0: 3 0x8000a904 (0x340256f3) x13 0x00000007 c832_mscratch 0x00000004
core   0: 0x8000a908 (0x00be0693) addi    a3, t3, 11
core   0: 3 0x8000a908 (0x00be0693) x13 0x0000065c
core   0: 0x8000a90c (0x0000100f) fence.i
core   0: 3 0x8000a90c (0x0000100f)
core   0: 0x8000a910 (0x0000021e) c.slli  tp, 7
core   0: 3 0x8000a910 (0x021e) x4  0x00000080
core   0: 0x8000a912 (0xd6916b93) ori     s7, sp, -663
core   0: 3 0x8000a912 (0xd6916b93) x23 0xffffff7d
core   0: 0x8000a916 (0x340fb4f3) csrrc   s1, mscratch, t6
core   0: 3 0x8000a916 (0x340fb4f3) x9  0x00000004 c832_mscratch 0x00000000
core   0: 0x8000a91a (0xdb947613) andi    a2, s0, -583
core   0: 3 0x8000a91a (0xdb947613) x12 0x0e000000
core   0: 0x8000a91e (0x00000001) c.nop
core   0: 3 0x8000a91e (0x0001)
core   0: 0x8000a920 (0x00000001) c.nop
core   0: 3 0x8000a920 (0x0001)
core   0: 0x8000a922 (0x022a8033) mul     zero, s5, sp
core   0: 3 0x8000a922 (0x022a8033)
core   0: 0x8000a926 (0xc2497f93) andi    t6, s2, -988
core   0: 3 0x8000a926 (0xc2497f93) x31 0x00000000
core   0: 0x8000a92a (0x01c09493) slli    s1, ra, 28
core   0: 3 0x8000a92a (0x01c09493) x9  0xc0000000
core   0: 0x8000a92e (0x00b74d33) xor     s10, a4, a1
core   0: 3 0x8000a92e (0x00b74d33) x26 0x7ffde91c
core   0: 0x8000a932 (0xa08ebb93) sltiu   s7, t4, -1528
core   0: 3 0x8000a932 (0xa08ebb93) x23 0x00000001
core   0: 0x8000a936 (0x03414663) blt     sp, s4, pc + 44
core   0: 3 0x8000a936 (0x03414663)
core   0: 0x8000a962 (0x00008cf9) c.and   s1, a4
core   0: 3 0x8000a962 (0x8cf9) x9  0xc0000000
core   0: 0x8000a964 (0x34032df3) csrrs   s11, mscratch, t1
core   0: 3 0x8000a964 (0x34032df3) x27 0x00000000 c832_mscratch 0x00000000
core   0: 0x8000a968 (0x00009c72) c.add   s8, t3
core   0: 3 0x8000a968 (0x9c72) x24 0x00000651
core   0: 0x8000a96a (0x00409513) slli    a0, ra, 4
core   0: 3 0x8000a96a (0x00409513) x10 0x000001c0
core   0: 0x8000a96e (0x08fce313) ori     t1, s9, 143
core   0: 3 0x8000a96e (0x08fce313) x6  0x00059e8f
core   0: 0x8000a972 (0x00008e69) c.and   a2, a0
core   0: 3 0x8000a972 (0x8e69) x12 0x00000000
core   0: 0x8000a974 (0x00008c71) c.and   s0, a2
core   0: 3 0x8000a974 (0x8c71) x8  0x00000000
core   0: 0x8000a976 (0x0ff0000f) fence   iorw,iorw
core   0: 3 0x8000a976 (0x0ff0000f)
core   0: 0x8000a97a (0x0000100f) fence.i
core   0: 3 0x8000a97a (0x0000100f)
core   0: 0x8000a97e (0x02e4f363) bgeu    s1, a4, pc + 38
core   0: 3 0x8000a97e (0x02e4f363)
core   0: 0x8000a982 (0x022fd963) bge     t6, sp, pc + 50
core   0: 3 0x8000a982 (0x022fd963)
core   0: 0x8000a9b4 (0x02ab96b3) mulh    a3, s7, a0
core   0: 3 0x8000a9b4 (0x02ab96b3) x13 0x00000000
core   0: 0x8000a9b8 (0x01ddd893) srli    a7, s11, 29
core   0: 3 0x8000a9b8 (0x01ddd893) x17 0x00000000
core   0: 0x8000a9bc (0x03511bb3) mulh    s7, sp, s5
core   0: 3 0x8000a9bc (0x03511bb3) x23 0xfffffffb
core   0: 0x8000a9c0 (0xdc393337) lui     t1, 0xdc393
core   0: 3 0x8000a9c0 (0xdc393337) x6  0xdc393000
core   0: 0x8000a9c4 (0x0252fe63) bgeu    t0, t0, pc + 60
core   0: 3 0x8000a9c4 (0x0252fe63)
core   0: 0x8000aa00 (0x0299fb33) remu    s6, s3, s1
core   0: 3 0x8000aa00 (0x0299fb33) x22 0x00000000
core   0: 0x8000aa04 (0x0352b233) mulhu   tp, t0, s5
core   0: 3 0x8000aa04 (0x0352b233) x4  0x00000000
core   0: 0x8000aa08 (0x00006c6d) c.lui   s8, 0x1b
core   0: 3 0x8000aa08 (0x6c6d) x24 0x0001b000
core   0: 0x8000aa0a (0x00008d31) c.xor   a0, a2
core   0: 3 0x8000aa0a (0x8d31) x10 0x000001c0
core   0: 0x8000aa0c (0x46274993) xori    s3, a4, 1122
core   0: 3 0x8000aa0c (0x46274993) x19 0xfffff362
core   0: 0x8000aa10 (0xe0f36e37) lui     t3, 0xe0f36
core   0: 3 0x8000aa10 (0xe0f36e37) x28 0xe0f36000
core   0: 0x8000aa14 (0x01aa4c63) blt     s4, s10, pc + 24
core   0: 3 0x8000aa14 (0x01aa4c63)
core   0: 0x8000aa2c (0xdfa1c2b7) lui     t0, 0xdfa1c
core   0: 3 0x8000aa2c (0xdfa1c2b7) x5  0xdfa1c000
core   0: 0x8000aa30 (0x00e18f33) add     t5, gp, a4
core   0: 3 0x8000aa30 (0x00e18f33) x30 0xfffff6ff
core   0: 0x8000aa34 (0xa00a8093) addi    ra, s5, -1536
core   0: 3 0x8000aa34 (0xa00a8093) x1  0xfffffa09
core   0: 0x8000aa38 (0x60320013) addi    zero, tp, 1539
core   0: 3 0x8000aa38 (0x60320013)
core   0: 0x8000aa3c (0x0000c695) c.beqz  a3, pc + 44
core   0: 3 0x8000aa3c (0xc695)
core   0: 0x8000aa68 (0x022d5b33) divu    s6, s10, sp
core   0: 3 0x8000aa68 (0x022d5b33) x22 0x00000000
core   0: 0x8000aa6c (0x00008c29) c.xor   s0, a0
core   0: 3 0x8000aa6c (0x8c29) x8  0x000001c0
core   0: 0x8000aa6e (0x00008f09) c.sub   a4, a0
core   0: 3 0x8000aa6e (0x8f09) x14 0xfffff540
core   0: 0x8000aa70 (0x00008079) c.srli  s0, 30
core   0: 3 0x8000aa70 (0x8079) x8  0x00000000
core   0: 0x8000aa72 (0x3405d1f3) csrrwi  gp, mscratch, 11
core   0: 3 0x8000aa72 (0x3405d1f3) x3  0x00000000 c832_mscratch 0x0000000b
core   0: 0x8000aa76 (0x00000c11) c.addi  s8, 4
core   0: 3 0x8000aa76 (0x0c11) x24 0x0001b004
core   0: 0x8000aa78 (0x34002673) csrr    a2, mscratch
core   0: 3 0x8000aa78 (0x34002673) x12 0x0000000b
core   0: 0x8000aa7c (0x00000bbe) c.slli  s7, 15
core   0: 3 0x8000aa7c (0x0bbe) x23 0xfffd8000
core   0: 0x8000aa7e (0x020ca6b3) mulhsu  a3, s9, zero
core   0: 3 0x8000aa7e (0x020ca6b3) x13 0x00000000
core   0: 0x8000aa82 (0x9e39f517) auipc   a0, 0x9e39f
core   0: 3 0x8000aa82 (0x9e39f517) x10 0x1e3a9a82
core   0: 0x8000aa86 (0xe5149fb7) lui     t6, 0xe5149
core   0: 3 0x8000aa86 (0xe5149fb7) x31 0xe5149000
core   0: 0x8000aa8a (0x03f3f063) bgeu    t2, t6, pc + 32
core   0: 3 0x8000aa8a (0x03f3f063)
core   0: 0x8000aa8e (0x01d803b3) add     t2, a6, t4
core   0: 3 0x8000aa8e (0x01d803b3) x7  0xfffd310c
core   0: 0x8000aa92 (0x00008e39) c.xor   a2, a4
core   0: 3 0x8000aa92 (0x8e39) x12 0xfffff54b
core   0: 0x8000aa94 (0x009ef933) and     s2, t4, s1
core   0: 3 0x8000aa94 (0x009ef933) x18 0x00000000
core   0: 0x8000aa98 (0x053f8163) beq     t6, s3, pc + 66
core   0: 3 0x8000aa98 (0x053f8163)
core   0: 0x8000aa9c (0x00000606) c.slli  a2, 1
core   0: 3 0x8000aa9c (0x0606) x12 0xffffea96
core   0: 0x8000aa9e (0x41735293) srai    t0, t1, 23
core   0: 3 0x8000aa9e (0x41735293) x5  0xffffffb8
core   0: 0x8000aaa2 (0x03520a33) mul     s4, tp, s5
core   0: 3 0x8000aaa2 (0x03520a33) x20 0x00000000
core   0: 0x8000aaa6 (0x01560433) add     s0, a2, s5
core   0: 3 0x8000aaa6 (0x01560433) x8  0xffffea9f
core   0: 0x8000aaaa (0x00008e1d) c.sub   a2, a5
core   0: 3 0x8000aaaa (0x8e1d) x12 0x7ffd8db2
core   0: 0x8000aaac (0x00000001) c.nop
core   0: 3 0x8000aaac (0x0001)
core   0: 0x8000aaae (0x019f3a33) sltu    s4, t5, s9
core   0: 3 0x8000aaae (0x019f3a33) x20 0x00000000
core   0: 0x8000aab2 (0x00000001) c.nop
core   0: 3 0x8000aab2 (0x0001)
core   0: 0x8000aab4 (0x00ea5433) srl     s0, s4, a4
core   0: 3 0x8000aab4 (0x00ea5433) x8  0x00000000
core   0: 0x8000aab8 (0x0000100f) fence.i
core   0: 3 0x8000aab8 (0x0000100f)
core   0: 0x8000aabc (0x34007ef3) csrrci  t4, mscratch, 0
core   0: 3 0x8000aabc (0x34007ef3) x29 0x0000000b
core   0: 0x8000aac0 (0x0323ee63) bltu    t2, s2, pc + 60
core   0: 3 0x8000aac0 (0x0323ee63)
core   0: 0x8000aac4 (0x2ac77393) andi    t2, a4, 684
core   0: 3 0x8000aac4 (0x2ac77393) x7  0x00000000
core   0: 0x8000aac8 (0x00000001) c.nop
core   0: 3 0x8000aac8 (0x0001)
core   0: 0x8000aaca (0x01607a63) bgeu    zero, s6, pc + 20
core   0: 3 0x8000aaca (0x01607a63)
core   0: 0x8000aade (0x02ef6eb3) rem     t4, t5, a4
core   0: 3 0x8000aade (0x02ef6eb3) x29 0xfffff6ff
core   0: 0x8000aae2 (0x000009f9) c.addi  s3, 30
core   0: 3 0x8000aae2 (0x09f9) x19 0xfffff380
core   0: 0x8000aae4 (0x02d1dfb3) divu    t6, gp, a3
core   0: 3 0x8000aae4 (0x02d1dfb3) x31 0xffffffff
core   0: 0x8000aae8 (0x413b5eb3) sra     t4, s6, s3
core   0: 3 0x8000aae8 (0x413b5eb3) x29 0x00000000
core   0: 0x8000aaec (0x34011d73) csrrw   s10, mscratch, sp
core   0: 3 0x8000aaec (0x34011d73) x26 0x0000000b c832_mscratch 0x80021e1c
core   0: 0x8000aaf0 (0x188eee13) ori     t3, t4, 392
core   0: 3 0x8000aaf0 (0x188eee13) x28 0x00000188
core   0: 0x8000aaf4 (0x00e5b333) sltu    t1, a1, a4
core   0: 3 0x8000aaf4 (0x00e5b333) x6  0x00000001
core   0: 0x8000aaf8 (0x0149df13) srli    t5, s3, 20
core   0: 3 0x8000aaf8 (0x0149df13) x30 0x00000fff
core   0: 0x8000aafc (0x00008635) c.srai  a2, 13
core   0: 3 0x8000aafc (0x8635) x12 0x0003ffec
core   0: 0x8000aafe (0x00eade63) bge     s5, a4, pc + 28
core   0: 3 0x8000aafe (0x00eade63)
core   0: 0x8000ab1a (0x002cfdb3) and     s11, s9, sp
core   0: 3 0x8000ab1a (0x002cfdb3) x27 0x00001e00
core   0: 0x8000ab1e (0x00006d6d) c.lui   s10, 0x1b
core   0: 3 0x8000ab1e (0x6d6d) x26 0x0001b000
core   0: 0x8000ab20 (0x00000001) c.nop
core   0: 3 0x8000ab20 (0x0001)
core   0: 0x8000ab22 (0x47957393) andi    t2, a0, 1145
core   0: 3 0x8000ab22 (0x47957393) x7  0x00000000
core   0: 0x8000ab26 (0x0003a933) slt     s2, t2, zero
core   0: 3 0x8000ab26 (0x0003a933) x18 0x00000000
core   0: 0x8000ab2a (0x340265f3) csrrsi  a1, mscratch, 4
core   0: 3 0x8000ab2a (0x340265f3) x11 0x80021e1c c832_mscratch 0x80021e1c
core   0: 0x8000ab2e (0x03f1cbb3) div     s7, gp, t6
core   0: 3 0x8000ab2e (0x03f1cbb3) x23 0x00000000
core   0: 0x8000ab32 (0x0000987d) c.andi  s0, -1
core   0: 3 0x8000ab32 (0x987d) x8  0x00000000
core   0: 0x8000ab34 (0x019df6b3) and     a3, s11, s9
core   0: 3 0x8000ab34 (0x019df6b3) x13 0x00001e00
core   0: 0x8000ab38 (0x011652b3) srl     t0, a2, a7
core   0: 3 0x8000ab38 (0x011652b3) x5  0x0003ffec
core   0: 0x8000ab3c (0x024f2833) mulhsu  a6, t5, tp
core   0: 3 0x8000ab3c (0x024f2833) x16 0x00000000
core   0: 0x8000ab40 (0x4056da13) srai    s4, a3, 5
core   0: 3 0x8000ab40 (0x4056da13) x20 0x000000f0
core   0: 0x8000ab44 (0x039b0cb3) mul     s9, s6, s9
core   0: 3 0x8000ab44 (0x039b0cb3) x25 0x00000000
core   0: 0x8000ab48 (0x00008dad) c.xor   a1, a1
core   0: 3 0x8000ab48 (0x8dad) x11 0x00000000
core   0: 0x8000ab4a (0xa0dc4693) xori    a3, s8, -1523
core   0: 3 0x8000ab4a (0xa0dc4693) x13 0xfffe4a09
core   0: 0x8000ab4e (0x00008f35) c.xor   a4, a3
core   0: 3 0x8000ab4e (0x8f35) x14 0x0001bf49
core   0: 0x8000ab50 (0x03586db3) rem     s11, a6, s5
core   0: 3 0x8000ab50 (0x03586db3) x27 0x00000000
core   0: 0x8000ab54 (0x340510f3) csrrw   ra, mscratch, a0
core   0: 3 0x8000ab54 (0x340510f3) x1  0x80021e1c c832_mscratch 0x1e3a9a82
core   0: 0x8000ab58 (0x00006de9) c.lui   s11, 0x1a
core   0: 3 0x8000ab58 (0x6de9) x27 0x0001a000
core   0: 0x8000ab5a (0x34003cf3) csrrc   s9, mscratch, zero
core   0: 3 0x8000ab5a (0x34003cf3) x25 0x1e3a9a82
core   0: 0x8000ab5e (0x340fd8f3) csrrwi  a7, mscratch, 31
core   0: 3 0x8000ab5e (0x340fd8f3) x17 0x1e3a9a82 c832_mscratch 0x0000001f
core   0: 0x8000ab62 (0x0211c6b3) div     a3, gp, ra
core   0: 3 0x8000ab62 (0x0211c6b3) x13 0x00000000
core   0: 0x8000ab66 (0x0247ab33) mulhsu  s6, a5, tp
core   0: 3 0x8000ab66 (0x0247ab33) x22 0x00000000
core   0: 0x8000ab6a (0x34011273) csrrw   tp, mscratch, sp
core   0: 3 0x8000ab6a (0x34011273) x4  0x0000001f c832_mscratch 0x80021e1c
core   0: 0x8000ab6e (0x465dc537) lui     a0, 0x465dc
core   0: 3 0x8000ab6e (0x465dc537) x10 0x465dc000
core   0: 0x8000ab72 (0x0ff0000f) fence   iorw,iorw
core   0: 3 0x8000ab72 (0x0ff0000f)
core   0: 0x8000ab76 (0x88454293) xori    t0, a0, -1916
core   0: 3 0x8000ab76 (0x88454293) x5  0xb9a23884
core   0: 0x8000ab7a (0x00008ec1) c.or    a3, s0
core   0: 3 0x8000ab7a (0x8ec1) x13 0x00000000
core   0: 0x8000ab7c (0x05fd7937) lui     s2, 0x5fd7
core   0: 3 0x8000ab7c (0x05fd7937) x18 0x05fd7000
core   0: 0x8000ab80 (0x00008dc5) c.or    a1, s1
core   0: 3 0x8000ab80 (0x8dc5) x11 0xc0000000
core   0: 0x8000ab82 (0x00008ecd) c.or    a3, a1
core   0: 3 0x8000ab82 (0x8ecd) x13 0xc0000000
core   0: 0x8000ab84 (0x0205d033) divu    zero, a1, zero
core   0: 3 0x8000ab84 (0x0205d033)
core   0: 0x8000ab88 (0x01b15b33) srl     s6, sp, s11
core   0: 3 0x8000ab88 (0x01b15b33) x22 0x80021e1c
core   0: 0x8000ab8c (0x02dd4833) div     a6, s10, a3
core   0: 3 0x8000ab8c (0x02dd4833) x16 0x00000000
core   0: 0x8000ab90 (0x0000cf15) c.beqz  a4, pc + 60
core   0: 3 0x8000ab90 (0xcf15)
core   0: 0x8000ab92 (0x03f1c763) blt     gp, t6, pc + 46
core   0: 3 0x8000ab92 (0x03f1c763)
core   0: 0x8000ab96 (0x00000001) c.nop
core   0: 3 0x8000ab96 (0x0001)
core   0: 0x8000ab98 (0x036c1433) mulh    s0, s8, s6
core   0: 3 0x8000ab98 (0x036c1433) x8  0xffff2801
core   0: 0x8000ab9c (0x0341ed33) rem     s10, gp, s4
core   0: 3 0x8000ab9c (0x0341ed33) x26 0x00000000
core   0: 0x8000aba0 (0x81b97513) andi    a0, s2, -2021
core   0: 3 0x8000aba0 (0x81b97513) x10 0x05fd7000
core   0: 0x8000aba4 (0x037801b3) mul     gp, a6, s7
core   0: 3 0x8000aba4 (0x037801b3) x3  0x00000000
core   0: 0x8000aba8 (0x00000001) c.nop
core   0: 3 0x8000aba8 (0x0001)
core   0: 0x8000abaa (0x02cfbb33) mulhu   s6, t6, a2
core   0: 3 0x8000abaa (0x02cfbb33) x22 0x0003ffeb
core   0: 0x8000abae (0x7db6af13) slti    t5, a3, 2011
core   0: 3 0x8000abae (0x7db6af13) x30 0x00000001
core   0: 0x8000abb2 (0x049b3313) sltiu   t1, s6, 73
core   0: 3 0x8000abb2 (0x049b3313) x6  0x00000000
core   0: 0x8000abb6 (0x00008469) c.srai  s0, 26
core   0: 3 0x8000abb6 (0x8469) x8  0xffffffff
core   0: 0x8000abb8 (0x01558a63) beq     a1, s5, pc + 20
core   0: 3 0x8000abb8 (0x01558a63)
core   0: 0x8000abbc (0x0f235217) auipc   tp, 0xf235
core   0: 3 0x8000abbc (0x0f235217) x4  0x8f23fbbc
core   0: 0x8000abc0 (0x3402e773) csrrsi  a4, mscratch, 5
core   0: 3 0x8000abc0 (0x3402e773) x14 0x80021e1c c832_mscratch 0x80021e1d
core   0: 0x8000abc4 (0x8b93e613) ori     a2, t2, -1863
core   0: 3 0x8000abc4 (0x8b93e613) x12 0xfffff8b9
core   0: 0x8000abc8 (0x0194a533) slt     a0, s1, s9
core   0: 3 0x8000abc8 (0x0194a533) x10 0x00000001
core   0: 0x8000abcc (0x00000001) c.nop
core   0: 3 0x8000abcc (0x0001)
core   0: 0x8000abce (0x027e0e33) mul     t3, t3, t2
core   0: 3 0x8000abce (0x027e0e33) x28 0x00000000
core   0: 0x8000abd2 (0x01fe3f33) sltu    t5, t3, t6
core   0: 3 0x8000abd2 (0x01fe3f33) x30 0x00000001
core   0: 0x8000abd6 (0x00008d45) c.or    a0, s1
core   0: 3 0x8000abd6 (0x8d45) x10 0xc0000001
core   0: 0x8000abd8 (0x00d79f93) slli    t6, a5, 13
core   0: 3 0x8000abd8 (0x00d79f93) x31 0x4b9c8000
core   0: 0x8000abdc (0x03496f63) bltu    s2, s4, pc + 62
core   0: 3 0x8000abdc (0x03496f63)
core   0: 0x8000abe0 (0x00008cb1) c.xor   s1, a2
core   0: 3 0x8000abe0 (0x8cb1) x9  0x3ffff8b9
core   0: 0x8000abe2 (0x00000316) c.slli  t1, 5
core   0: 3 0x8000abe2 (0x0316) x6  0x00000000
core   0: 0x8000abe4 (0x011f84b3) add     s1, t6, a7
core   0: 3 0x8000abe4 (0x011f84b3) x9  0x69d71a82
core   0: 0x8000abe8 (0xde7f8c97) auipc   s9, 0xde7f8
core   0: 3 0x8000abe8 (0xde7f8c97) x25 0x5e802be8
core   0: 0x8000abec (0xfec2f393) andi    t2, t0, -20
core   0: 3 0x8000abec (0xfec2f393) x7  0xb9a23884
core   0: 0x8000abf0 (0x0000e28d) c.bnez  a3, pc + 34
core   0: 3 0x8000abf0 (0xe28d)
core   0: 0x8000ac12 (0x03fd26b3) mulhsu  a3, s10, t6
core   0: 3 0x8000ac12 (0x03fd26b3) x13 0x00000000
core   0: 0x8000ac16 (0x03a5d663) bge     a1, s10, pc + 44
core   0: 3 0x8000ac16 (0x03a5d663)
core   0: 0x8000ac1a (0x0188ffb3) and     t6, a7, s8
core   0: 3 0x8000ac1a (0x0188ffb3) x31 0x00009000
core   0: 0x8000ac1e (0x0a61b993) sltiu   s3, gp, 166
core   0: 3 0x8000ac1e (0x0a61b993) x19 0x00000001
core   0: 0x8000ac22 (0x0389a433) mulhsu  s0, s3, s8
core   0: 3 0x8000ac22 (0x0389a433) x8  0x00000000
core   0: 0x8000ac26 (0x00d82433) slt     s0, a6, a3
core   0: 3 0x8000ac26 (0x00d82433) x8  0x00000000
core   0: 0x8000ac2a (0x01118a33) add     s4, gp, a7
core   0: 3 0x8000ac2a (0x01118a33) x20 0x1e3a9a82
core   0: 0x8000ac2e (0x01024f33) xor     t5, tp, a6
core   0: 3 0x8000ac2e (0x01024f33) x30 0x8f23fbbc
core   0: 0x8000ac32 (0x019606b3) add     a3, a2, s9
core   0: 3 0x8000ac32 (0x019606b3) x13 0x5e8024a1
core   0: 0x8000ac36 (0x34093f73) csrrc   t5, mscratch, s2
core   0: 3 0x8000ac36 (0x34093f73) x30 0x80021e1d c832_mscratch 0x80020e1d
core   0: 0x8000ac3a (0x41598f33) sub     t5, s3, s5
core   0: 3 0x8000ac3a (0x41598f33) x30 0xfffffff8
core   0: 0x8000ac3e (0x0000100f) fence.i
core   0: 3 0x8000ac3e (0x0000100f)
core   0: 0x8000ac42 (0x0000100f) fence.i
core   0: 3 0x8000ac42 (0x0000100f)
core   0: 0x8000ac46 (0x00d91eb3) sll     t4, s2, a3
core   0: 3 0x8000ac46 (0x00d91eb3) x29 0x0bfae000
core   0: 0x8000ac4a (0x406bd6b3) sra     a3, s7, t1
core   0: 3 0x8000ac4a (0x406bd6b3) x13 0x00000000
core   0: 0x8000ac4e (0x038e0533) mul     a0, t3, s8
core   0: 3 0x8000ac4e (0x038e0533) x10 0x00000000
core   0: 0x8000ac52 (0x02ea9963) bne     s5, a4, pc + 50
core   0: 3 0x8000ac52 (0x02ea9963)
core   0: 0x8000ac84 (0x015755b3) srl     a1, a4, s5
core   0: 3 0x8000ac84 (0x015755b3) x11 0x0040010f
core   0: 0x8000ac88 (0x00004195) c.li    gp, 5
core   0: 3 0x8000ac88 (0x4195) x3  0x00000005
core   0: 0x8000ac8a (0x00928033) add     zero, t0, s1
core   0: 3 0x8000ac8a (0x00928033)
core   0: 0x8000ac8e (0x000083aa) c.mv    t2, a0
core   0: 3 0x8000ac8e (0x83aa) x7  0x00000000
core   0: 0x8000ac90 (0x34059ef3) csrrw   t4, mscratch, a1
core   0: 3 0x8000ac90 (0x34059ef3) x29 0x80020e1d c832_mscratch 0x0040010f
core   0: 0x8000ac94 (0x0000e49d) c.bnez  s1, pc + 46
core   0: 3 0x8000ac94 (0xe49d)
core   0: 0x8000acc2 (0x0269b0b3) mulhu   ra, s3, t1
core   0: 3 0x8000acc2 (0x0269b0b3) x1  0x00000000
core   0: 0x8000acc6 (0x34006ff3) csrrsi  t6, mscratch, 0
core   0: 3 0x8000acc6 (0x34006ff3) x31 0x0040010f
core   0: 0x8000acca (0x015b0563) beq     s6, s5, pc + 10
core   0: 3 0x8000acca (0x015b0563)
core   0: 0x8000acce (0x00008ca5) c.xor   s1, s1
core   0: 3 0x8000acce (0x8ca5) x9  0x00000000
core   0: 0x8000acd0 (0x007acbb3) xor     s7, s5, t2
core   0: 3 0x8000acd0 (0x007acbb3) x23 0x00000009
core   0: 0x8000acd4 (0xd1f61c37) lui     s8, 0xd1f61
core   0: 3 0x8000acd4 (0xd1f61c37) x24 0xd1f61000
core   0: 0x8000acd8 (0x00009a7d) c.andi  a2, -1
core   0: 3 0x8000acd8 (0x9a7d) x12 0xfffff8b9
core   0: 0x8000acda (0x0099b9b3) sltu    s3, s3, s1
core   0: 3 0x8000acda (0x0099b9b3) x19 0x00000000
core   0: 0x8000acde (0x00000001) c.nop
core   0: 3 0x8000acde (0x0001)
core   0: 0x8000ace0 (0x40e251b3) sra     gp, tp, a4
core   0: 3 0x8000ace0 (0x40e251b3) x3  0xfffffff8
core   0: 0x8000ace4 (0x00009fa2) c.add   t6, s0
core   0: 3 0x8000ace4 (0x9fa2) x31 0x0040010f
core   0: 0x8000ace6 (0xf44d6b93) ori     s7, s10, -188
core   0: 3 0x8000ace6 (0xf44d6b93) x23 0xffffff44
core   0: 0x8000acea (0x89ac7a13) andi    s4, s8, -1894
core   0: 3 0x8000acea (0x89ac7a13) x20 0xd1f61000
core   0: 0x8000acee (0x41c5de13) srai    t3, a1, 28
core   0: 3 0x8000acee (0x41c5de13) x28 0x00000000
core   0: 0x8000acf2 (0x00008db5) c.xor   a1, a3
core   0: 3 0x8000acf2 (0x8db5) x11 0x0040010f
core   0: 0x8000acf4 (0x340123f3) csrrs   t2, mscratch, sp
core   0: 3 0x8000acf4 (0x340123f3) x7  0x0040010f c832_mscratch 0x80421f1f
core   0: 0x8000acf8 (0x00719f63) bne     gp, t2, pc + 30
core   0: 3 0x8000acf8 (0x00719f63)
core   0: 0x8000ad16 (0x03920963) beq     tp, s9, pc + 50
core   0: 3 0x8000ad16 (0x03920963)
core   0: 0x8000ad1a (0x0333a733) mulhsu  a4, t2, s3
core   0: 3 0x8000ad1a (0x0333a733) x14 0x00000000
core   0: 0x8000ad1e (0x03c5f963) bgeu    a1, t3, pc + 50
core   0: 3 0x8000ad1e (0x03c5f963)
core   0: 0x8000ad50 (0x4202ac93) slti    s9, t0, 1056
core   0: 3 0x8000ad50 (0x4202ac93) x25 0x00000001
core   0: 0x8000ad54 (0x0000ef05) c.bnez  a4, pc + 56
core   0: 3 0x8000ad54 (0xef05)
core   0: 0x8000ad56 (0x40e550b3) sra     ra, a0, a4
core   0: 3 0x8000ad56 (0x40e550b3) x1  0x00000000
core   0: 0x8000ad5a (0x051f4363) blt     t5, a7, pc + 70
core   0: 3 0x8000ad5a (0x051f4363)
core   0: 0x8000ada0 (0xce0cab93) slti    s7, s9, -800
core   0: 3 0x8000ada0 (0xce0cab93) x23 0x00000000
core   0: 0x8000ada4 (0x02b2ef33) rem     t5, t0, a1
core   0: 3 0x8000ada4 (0x02b2ef33) x30 0xffe361fb
core   0: 0x8000ada8 (0x01cf9cb3) sll     s9, t6, t3
core   0: 3 0x8000ada8 (0x01cf9cb3) x25 0x0040010f
core   0: 0x8000adac (0x02a85b33) divu    s6, a6, a0
core   0: 3 0x8000adac (0x02a85b33) x22 0xffffffff
core   0: 0x8000adb0 (0x03c8f963) bgeu    a7, t3, pc + 50
core   0: 3 0x8000adb0 (0x03c8f963)
core   0: 0x8000ade2 (0x000099fd) c.andi  a1, -1
core   0: 3 0x8000ade2 (0x99fd) x11 0x0040010f
core   0: 0x8000ade4 (0x000084f1) c.srai  s1, 28
core   0: 3 0x8000ade4 (0x84f1) x9  0x00000000
core   0: 0x8000ade6 (0x00008cb5) c.xor   s1, a3
core   0: 3 0x8000ade6 (0x8cb5) x9  0x00000000
core   0: 0x8000ade8 (0x00000e32) c.slli  t3, 12
core   0: 3 0x8000ade8 (0x0e32) x28 0x00000000
core   0: 0x8000adea (0x00006599) c.lui   a1, 0x6
core   0: 3 0x8000adea (0x6599) x11 0x00006000
core   0: 0x8000adec (0x03a6f5b3) remu    a1, a3, s10
core   0: 3 0x8000adec (0x03a6f5b3) x11 0x00000000
core   0: 0x8000adf0 (0x03e5f433) remu    s0, a1, t5
core   0: 3 0x8000adf0 (0x03e5f433) x8  0x00000000
core   0: 0x8000adf4 (0x01691e93) slli    t4, s2, 22
core   0: 3 0x8000adf4 (0x01691e93) x29 0x00000000
core   0: 0x8000adf8 (0x41e35e13) srai    t3, t1, 30
core   0: 3 0x8000adf8 (0x41e35e13) x28 0x00000000
core   0: 0x8000adfc (0x036b6563) bltu    s6, s6, pc + 42
core   0: 3 0x8000adfc (0x036b6563)
core   0: 0x8000ae00 (0x0ff0000f) fence   iorw,iorw
core   0: 3 0x8000ae00 (0x0ff0000f)
core   0: 0x8000ae04 (0x4042d393) srai    t2, t0, 4
core   0: 3 0x8000ae04 (0x4042d393) x7  0xfb9a2388
core   0: 0x8000ae08 (0x0000660d) c.lui   a2, 0x3
core   0: 3 0x8000ae08 (0x660d) x12 0x00003000
core   0: 0x8000ae0a (0xb92cab93) slti    s7, s9, -1134
core   0: 3 0x8000ae0a (0xb92cab93) x23 0x00000000
core   0: 0x8000ae0e (0x050fe363) bltu    t6, a6, pc + 70
core   0: 3 0x8000ae0e (0x050fe363)
core   0: 0x8000ae12 (0x021535b3) mulhu   a1, a0, ra
core   0: 3 0x8000ae12 (0x021535b3) x11 0x00000000
core   0: 0x8000ae16 (0x340ca373) csrrs   t1, mscratch, s9
core   0: 3 0x8000ae16 (0x340ca373) x6  0x80421f1f c832_mscratch 0x80421f1f
core   0: 0x8000ae1a (0xd61f8d13) addi    s10, t6, -671
core   0: 3 0x8000ae1a (0xd61f8d13) x26 0x003ffe70
core   0: 0x8000ae1e (0x02f5d663) bge     a1, a5, pc + 44
core   0: 3 0x8000ae1e (0x02f5d663)
core   0: 0x8000ae4a (0x01045513) srli    a0, s0, 16
core   0: 3 0x8000ae4a (0x01045513) x10 0x00000000
core   0: 0x8000ae4e (0x00008f2d) c.xor   a4, a1
core   0: 3 0x8000ae4e (0x8f2d) x14 0x00000000
core   0: 0x8000ae50 (0x0388ca33) div     s4, a7, s8
core   0: 3 0x8000ae50 (0x0388ca33) x20 0x00000000
core   0: 0x8000ae54 (0x00008f6d) c.and   a4, a1
core   0: 3 0x8000ae54 (0x8f6d) x14 0x00000000
core   0: 0x8000ae56 (0x413a5393) srai    t2, s4, 19
core   0: 3 0x8000ae56 (0x413a5393) x7  0x00000000
core   0: 0x8000ae5a (0x34001ef3) csrrw   t4, mscratch, zero
core   0: 3 0x8000ae5a (0x34001ef3) x29 0x80421f1f c832_mscratch 0x00000000
core   0: 0x8000ae5e (0x000081b1) c.srli  a1, 12
core   0: 3 0x8000ae5e (0x81b1) x11 0x00000000
core   0: 0x8000ae60 (0x00000eba) c.slli  t4, 14
core   0: 3 0x8000ae60 (0x0eba) x29 0x87c7c000
core   0: 0x8000ae62 (0x01121393) slli    t2, tp, 17
core   0: 3 0x8000ae62 (0x01121393) x7  0xf7780000
core   0: 0x8000ae66 (0x0259b9b3) mulhu   s3, s3, t0
core   0: 3 0x8000ae66 (0x0259b9b3) x19 0x00000000
core   0: 0x8000ae6a (0x415ed313) srai    t1, t4, 21
core   0: 3 0x8000ae6a (0x415ed313) x6  0xfffffc3e
core   0: 0x8000ae6e (0x00001f7d) c.addi  t5, -1
core   0: 3 0x8000ae6e (0x1f7d) x30 0xffe361fa
core   0: 0x8000ae70 (0x00008f01) c.sub   a4, s0
core   0: 3 0x8000ae70 (0x8f01) x14 0x00000000
core   0: 0x8000ae72 (0x025b04b3) mul     s1, s6, t0
core   0: 3 0x8000ae72 (0x025b04b3) x9  0x465dc77c
core   0: 0x8000ae76 (0x41de5913) srai    s2, t3, 29
core   0: 3 0x8000ae76 (0x41de5913) x18 0x00000000
core   0: 0x8000ae7a (0xa5810f93) addi    t6, sp, -1448
core   0: 3 0x8000ae7a (0xa5810f93) x31 0x80021874
core   0: 0x8000ae7e (0x3407d373) csrrwi  t1, mscratch, 15
core   0: 3 0x8000ae7e (0x3407d373) x6  0x00000000 c832_mscratch 0x0000000f
core   0: 0x8000ae82 (0x00000291) c.addi  t0, 4
core   0: 3 0x8000ae82 (0x0291) x5  0xb9a23888
core   0: 0x8000ae84 (0x0000ef0d) c.bnez  a4, pc + 58
core   0: 3 0x8000ae84 (0xef0d)
core   0: 0x8000ae86 (0x013c9663) bne     s9, s3, pc + 12
core   0: 3 0x8000ae86 (0x013c9663)
core   0: 0x8000ae92 (0xebb67f93) andi    t6, a2, -325
core   0: 3 0x8000ae92 (0xebb67f93) x31 0x00003000
core   0: 0x8000ae96 (0x011f9333) sll     t1, t6, a7
core   0: 3 0x8000ae96 (0x011f9333) x6  0x0000c000
core   0: 0x8000ae9a (0x00000d6e) c.slli  s10, 27
core   0: 3 0x8000ae9a (0x0d6e) x26 0x80000000
core   0: 0x8000ae9c (0x00000001) c.nop
core   0: 3 0x8000ae9c (0x0001)
core   0: 0x8000ae9e (0x0029d4b3) srl     s1, s3, sp
core   0: 3 0x8000ae9e (0x0029d4b3) x9  0x00000000
core   0: 0x8000aea2 (0x000089b1) c.andi  a1, 12
core   0: 3 0x8000aea2 (0x89b1) x11 0x00000000
core   0: 0x8000aea4 (0x0000828e) c.mv    t0, gp
core   0: 3 0x8000aea4 (0x828e) x5  0xfffffff8
core   0: 0x8000aea6 (0x00008461) c.srai  s0, 24
core   0: 3 0x8000aea6 (0x8461) x8  0x00000000
core   0: 0x8000aea8 (0x34089bf3) csrrw   s7, mscratch, a7
core   0: 3 0x8000aea8 (0x34089bf3) x23 0x0000000f c832_mscratch 0x1e3a9a82
core   0: 0x8000aeac (0x41018433) sub     s0, gp, a6
core   0: 3 0x8000aeac (0x41018433) x8  0xfffffff8
core   0: 0x8000aeb0 (0x0ff0000f) fence   iorw,iorw
core   0: 3 0x8000aeb0 (0x0ff0000f)
core   0: 0x8000aeb4 (0x9cb7ee13) ori     t3, a5, -1589
core   0: 3 0x8000aeb4 (0x9cb7ee13) x28 0xfffffdef
core   0: 0x8000aeb8 (0x03c14e33) div     t3, sp, t3
core   0: 3 0x8000aeb8 (0x03c14e33) x28 0x003df075
core   0: 0x8000aebc (0x000064f9) c.lui   s1, 0x1e
core   0: 3 0x8000aebc (0x64f9) x9  0x0001e000
core   0: 0x8000aebe (0x00e39593) slli    a1, t2, 14
core   0: 3 0x8000aebe (0x00e39593) x11 0x00000000
core   0: 0x8000aec2 (0x02efa2b3) mulhsu  t0, t6, a4
core   0: 3 0x8000aec2 (0x02efa2b3) x5  0x00000000
core   0: 0x8000aec6 (0x00000001) c.nop
core   0: 3 0x8000aec6 (0x0001)
core   0: 0x8000aec8 (0x0000577d) c.li    a4, -1
core   0: 3 0x8000aec8 (0x577d) x14 0xffffffff
core   0: 0x8000aeca (0x0000c70d) c.beqz  a4, pc + 42
core   0: 3 0x8000aeca (0xc70d)
core   0: 0x8000aecc (0x000931b3) sltu    gp, s2, zero
core   0: 3 0x8000aecc (0x000931b3) x3  0x00000000
core   0: 0x8000aed0 (0x340032f3) csrrc   t0, mscratch, zero
core   0: 3 0x8000aed0 (0x340032f3) x5  0x1e3a9a82
core   0: 0x8000aed4 (0x00008ea1) c.xor   a3, s0
core   0: 3 0x8000aed4 (0x8ea1) x13 0xfffffff8
core   0: 0x8000aed6 (0x000099e2) c.add   s3, s8
core   0: 3 0x8000aed6 (0x99e2) x19 0xd1f61000
core   0: 0x8000aed8 (0x0000997d) c.andi  a0, -1
core   0: 3 0x8000aed8 (0x997d) x10 0x00000000
core   0: 0x8000aeda (0x340a1b73) csrrw   s6, mscratch, s4
core   0: 3 0x8000aeda (0x340a1b73) x22 0x1e3a9a82 c832_mscratch 0x00000000
core   0: 0x8000aede (0x55c03c13) sltiu   s8, zero, 1372
core   0: 3 0x8000aede (0x55c03c13) x24 0x00000001
core   0: 0x8000aee2 (0x00ee0f63) beq     t3, a4, pc + 30
core   0: 3 0x8000aee2 (0x00ee0f63)
core   0: 0x8000aee6 (0x00f28bb3) add     s7, t0, a5
core   0: 3 0x8000aee6 (0x00f28bb3) x23 0x9e3cf766
core   0: 0x8000aeea (0x000092e2) c.add   t0, s8
core   0: 3 0x8000aeea (0x92e2) x5  0x1e3a9a83
core   0: 0x8000aeec (0x0000e899) c.bnez  s1, pc + 22
core   0: 3 0x8000aeec (0xe899)
core   0: 0x8000af02 (0x00008ee1) c.and   a3, s0
core   0: 3 0x8000af02 (0x8ee1) x13 0xfffffff8
core   0: 0x8000af04 (0x03e3cf33) div     t5, t2, t5
core   0: 3 0x8000af04 (0x03e3cf33) x30 0x0000004c
core   0: 0x8000af08 (0x01d6d213) srli    tp, a3, 29
core   0: 3 0x8000af08 (0x01d6d213) x4  0x00000007
core   0: 0x8000af0c (0x0000832d) c.srli  a4, 11
core   0: 3 0x8000af0c (0x832d) x14 0x001fffff
core   0: 0x8000af0e (0x014e0533) add     a0, t3, s4
core   0: 3 0x8000af0e (0x014e0533) x10 0x003df075
core   0: 0x8000af12 (0x00000001) c.nop
core   0: 3 0x8000af12 (0x0001)
core   0: 0x8000af14 (0x00006655) c.lui   a2, 0x15
core   0: 3 0x8000af14 (0x6655) x12 0x00015000
core   0: 0x8000af16 (0x34041873) csrrw   a6, mscratch, s0
core   0: 3 0x8000af16 (0x34041873) x16 0x00000000 c832_mscratch 0xfffffff8
core   0: 0x8000af1a (0x00008ccd) c.or    s1, a1
core   0: 3 0x8000af1a (0x8ccd) x9  0x0001e000
core   0: 0x8000af1c (0x031ecd63) blt     t4, a7, pc + 58
core   0: 3 0x8000af1c (0x031ecd63)
core   0: 0x8000af56 (0x00008c8d) c.sub   s1, a1
core   0: 3 0x8000af56 (0x8c8d) x9  0x0001e000
core   0: 0x8000af58 (0x7593a713) slti    a4, t2, 1881
core   0: 3 0x8000af58 (0x7593a713) x14 0x00000001
core   0: 0x8000af5c (0x00c8f1b3) and     gp, a7, a2
core   0: 3 0x8000af5c (0x00c8f1b3) x3  0x00001000
core   0: 0x8000af60 (0x02b3e963) bltu    t2, a1, pc + 50
core   0: 3 0x8000af60 (0x02b3e963)
core   0: 0x8000af64 (0x05897163) bgeu    s2, s8, pc + 66
core   0: 3 0x8000af64 (0x05897163)
core   0: 0x8000af68 (0x00000891) c.addi  a7, 4
core   0: 3 0x8000af68 (0x0891) x17 0x1e3a9a86
core   0: 0x8000af6a (0x41f1d0b3) sra     ra, gp, t6
core   0: 3 0x8000af6a (0x41f1d0b3) x1  0x00001000
core   0: 0x8000af6e (0x00000912) c.slli  s2, 4
core   0: 3 0x8000af6e (0x0912) x18 0x00000000
core   0: 0x8000af70 (0x02727163) bgeu    tp, t2, pc + 34
core   0: 3 0x8000af70 (0x02727163)
core   0: 0x8000af74 (0x02891c63) bne     s2, s0, pc + 56
core   0: 3 0x8000af74 (0x02891c63)
core   0: 0x8000afac (0x00008e62) c.mv    t3, s8
core   0: 3 0x8000afac (0x8e62) x28 0x00000001
core   0: 0x8000afae (0x340615f3) csrrw   a1, mscratch, a2
core   0: 3 0x8000afae (0x340615f3) x11 0xfffffff8 c832_mscratch 0x00015000
core   0: 0x8000afb2 (0x017123b3) slt     t2, sp, s7
core   0: 3 0x8000afb2 (0x017123b3) x7  0x00000001
core   0: 0x8000afb6 (0x0013d863) bge     t2, ra, pc + 16
core   0: 3 0x8000afb6 (0x0013d863)
core   0: 0x8000afba (0x4e94fb93) andi    s7, s1, 1257
core   0: 3 0x8000afba (0x4e94fb93) x23 0x00000000
core   0: 0x8000afbe (0x00008f61) c.and   a4, s0
core   0: 3 0x8000afbe (0x8f61) x14 0x00000000
core   0: 0x8000afc0 (0x000086e5) c.srai  a3, 25
core   0: 3 0x8000afc0 (0x86e5) x13 0xffffffff
core   0: 0x8000afc2 (0x004b46b3) xor     a3, s6, tp
core   0: 3 0x8000afc2 (0x004b46b3) x13 0x1e3a9a85
core   0: 0x8000afc6 (0x340cf0f3) csrrci  ra, mscratch, 25
core   0: 3 0x8000afc6 (0x340cf0f3) x1  0x00015000 c832_mscratch 0x00015000
core   0: 0x8000afca (0x00006bf5) c.lui   s7, 0x1d
core   0: 3 0x8000afca (0x6bf5) x23 0x0001d000
core   0: 0x8000afcc (0x0241d5b3) divu    a1, gp, tp
core   0: 3 0x8000afcc (0x0241d5b3) x11 0x00000249
core   0: 0x8000afd0 (0x0ff0000f) fence   iorw,iorw
core   0: 3 0x8000afd0 (0x0ff0000f)
core   0: 0x8000afd4 (0x340a5873) csrrwi  a6, mscratch, 20
core   0: 3 0x8000afd4 (0x340a5873) x16 0x00015000 c832_mscratch 0x00000014
core   0: 0x8000afd8 (0x3403a773) csrrs   a4, mscratch, t2
core   0: 3 0x8000afd8 (0x3403a773) x14 0x00000014 c832_mscratch 0x00000015
core   0: 0x8000afdc (0x02f66663) bltu    a2, a5, pc + 44
core   0: 3 0x8000afdc (0x02f66663)
core   0: 0x8000b008 (0x3554fe93) andi    t4, s1, 853
core   0: 3 0x8000b008 (0x3554fe93) x29 0x00000000
core   0: 0x8000b00c (0x01aa88b3) add     a7, s5, s10
core   0: 3 0x8000b00c (0x01aa88b3) x17 0x80000009
core   0: 0x8000b010 (0x010ccb63) blt     s9, a6, pc + 22
core   0: 3 0x8000b010 (0x010ccb63)
core   0: 0x8000b014 (0x34007f73) csrrci  t5, mscratch, 0
core   0: 3 0x8000b014 (0x34007f73) x30 0x00000015
core   0: 0x8000b018 (0x00008801) c.andi  s0, 0
core   0: 3 0x8000b018 (0x8801) x8  0x00000000
core   0: 0x8000b01a (0x019f6db3) or      s11, t5, s9
core   0: 3 0x8000b01a (0x019f6db3) x27 0x0040011f
core   0: 0x8000b01e (0x01e9d293) srli    t0, s3, 30
core   0: 3 0x8000b01e (0x01e9d293) x5  0x00000003
core   0: 0x8000b022 (0x03bd7763) bgeu    s10, s11, pc + 46
core   0: 3 0x8000b022 (0x03bd7763)
core   0: 0x8000b050 (0x00008f0e) c.mv    t5, gp
core   0: 3 0x8000b050 (0x8f0e) x30 0x00001000
core   0: 0x8000b052 (0x00c2e4b3) or      s1, t0, a2
core   0: 3 0x8000b052 (0x00c2e4b3) x9  0x00015003
core   0: 0x8000b056 (0x007b21b3) slt     gp, s6, t2
core   0: 3 0x8000b056 (0x007b21b3) x3  0x00000000
core   0: 0x8000b05a (0x03126db3) rem     s11, tp, a7
core   0: 3 0x8000b05a (0x03126db3) x27 0x00000007
core   0: 0x8000b05e (0x0000034a) c.slli  t1, 18
core   0: 3 0x8000b05e (0x034a) x6  0x00000000
core   0: 0x8000b060 (0x01d51213) slli    tp, a0, 29
core   0: 3 0x8000b060 (0x01d51213) x4  0xa0000000
core   0: 0x8000b064 (0x03c06833) rem     a6, zero, t3
core   0: 3 0x8000b064 (0x03c06833) x16 0x00000000
core   0: 0x8000b068 (0x00008921) c.andi  a0, 8
core   0: 3 0x8000b068 (0x8921) x10 0x00000000
core   0: 0x8000b06a (0x00008d9d) c.sub   a1, a5
core   0: 3 0x8000b06a (0x8d9d) x11 0x7ffda565
core   0: 0x8000b06c (0x0031ee33) or      t3, gp, gp
core   0: 3 0x8000b06c (0x0031ee33) x28 0x00000000
core   0: 0x8000b070 (0x00008ef1) c.and   a3, a2
core   0: 3 0x8000b070 (0x8ef1) x13 0x00001000
core   0: 0x8000b072 (0x0354e033) rem     zero, s1, s5
core   0: 3 0x8000b072 (0x0354e033)
core   0: 0x8000b076 (0x00008dd1) c.or    a1, a2
core   0: 3 0x8000b076 (0x8dd1) x11 0x7ffdf565
core   0: 0x8000b078 (0x340b5cf3) csrrwi  s9, mscratch, 22
core   0: 3 0x8000b078 (0x340b5cf3) x25 0x00000015 c832_mscratch 0x00000016
core   0: 0x8000b07c (0x9befe413) ori     s0, t6, -1602
core   0: 3 0x8000b07c (0x9befe413) x8  0xfffff9be
core   0: 0x8000b080 (0x005df5b3) and     a1, s11, t0
core   0: 3 0x8000b080 (0x005df5b3) x11 0x00000003
core   0: 0x8000b084 (0x0000c105) c.beqz  a0, pc + 32
core   0: 3 0x8000b084 (0xc105)
core   0: 0x8000b0a4 (0x02fde833) rem     a6, s11, a5
core   0: 3 0x8000b0a4 (0x02fde833) x16 0x00000007
core   0: 0x8000b0a8 (0x03039563) bne     t2, a6, pc + 42
core   0: 3 0x8000b0a8 (0x03039563)
core   0: 0x8000b0d2 (0x41f9dd93) srai    s11, s3, 31
core   0: 3 0x8000b0d2 (0x41f9dd93) x27 0xffffffff
core   0: 0x8000b0d6 (0x02848db3) mul     s11, s1, s0
core   0: 3 0x8000b0d6 (0x02848db3) x27 0xf7c94d3a
core   0: 0x8000b0da (0x340331f3) csrrc   gp, mscratch, t1
core   0: 3 0x8000b0da (0x340331f3) x3  0x00000016 c832_mscratch 0x00000016
core   0: 0x8000b0de (0x5db1ae13) slti    t3, gp, 1499
core   0: 3 0x8000b0de (0x5db1ae13) x28 0x00000001
core   0: 0x8000b0e2 (0x0548c063) blt     a7, s4, pc + 64
core   0: 3 0x8000b0e2 (0x0548c063)
core   0: 0x8000b122 (0x023a59b3) divu    s3, s4, gp
core   0: 3 0x8000b122 (0x023a59b3) x19 0x00000000
core   0: 0x8000b126 (0x0000100f) fence.i
core   0: 3 0x8000b126 (0x0000100f)
core   0: 0x8000b12a (0x00006ed5) c.lui   t4, 0x15
core   0: 3 0x8000b12a (0x6ed5) x29 0x00015000
core   0: 0x8000b12c (0x0000927e) c.add   tp, t6
core   0: 3 0x8000b12c (0x927e) x4  0xa0003000
core   0: 0x8000b12e (0x340b54f3) csrrwi  s1, mscratch, 22
core   0: 3 0x8000b12e (0x340b54f3) x9  0x00000016 c832_mscratch 0x00000016
core   0: 0x8000b132 (0x04dc8163) beq     s9, a3, pc + 66
core   0: 3 0x8000b132 (0x04dc8163)
core   0: 0x8000b136 (0x00008f61) c.and   a4, s0
core   0: 3 0x8000b136 (0x8f61) x14 0x00000014
core   0: 0x8000b138 (0x0433f163) bgeu    t2, gp, pc + 66
core   0: 3 0x8000b138 (0x0433f163)
core   0: 0x8000b13c (0x000000f2) c.slli  ra, 28
core   0: 3 0x8000b13c (0x00f2) x1  0x00000000
core   0: 0x8000b13e (0x0000ca0d) c.beqz  a2, pc + 50
core   0: 3 0x8000b13e (0xca0d)
core   0: 0x8000b140 (0x001948b3) xor     a7, s2, ra
core   0: 3 0x8000b140 (0x001948b3) x17 0x00000000
core   0: 0x8000b144 (0x009cc8b3) xor     a7, s9, s1
core   0: 3 0x8000b144 (0x009cc8b3) x17 0x00000003
core   0: 0x8000b148 (0x011038b3) snez    a7, a7
core   0: 3 0x8000b148 (0x011038b3) x17 0x00000001
core   0: 0x8000b14c (0x00301493) slli    s1, zero, 3
core   0: 3 0x8000b14c (0x00301493) x9  0x00000000
core   0: 0x8000b150 (0x41a4d033) sra     zero, s1, s10
core   0: 3 0x8000b150 (0x41a4d033)
core   0: 0x8000b154 (0x3405a073) csrs    mscratch, a1
core   0: 3 0x8000b154 (0x3405a073) c832_mscratch 0x00000017
core   0: 0x8000b158 (0x34002873) csrr    a6, mscratch
core   0: 3 0x8000b158 (0x34002873) x16 0x00000017
core   0: 0x8000b15c (0x021986b3) mul     a3, s3, ra
core   0: 3 0x8000b15c (0x021986b3) x13 0x00000000
core   0: 0x8000b160 (0x032b1963) bne     s6, s2, pc + 50
core   0: 3 0x8000b160 (0x032b1963)
core   0: 0x8000b192 (0x340d3a73) csrrc   s4, mscratch, s10
core   0: 3 0x8000b192 (0x340d3a73) x20 0x00000017 c832_mscratch 0x00000017
core   0: 0x8000b196 (0x16702c93) slti    s9, zero, 359
core   0: 3 0x8000b196 (0x16702c93) x25 0x00000001
core   0: 0x8000b19a (0x3401d273) csrrwi  tp, mscratch, 3
core   0: 3 0x8000b19a (0x3401d273) x4  0x00000017 c832_mscratch 0x00000003
core   0: 0x8000b19e (0x67be5cb7) lui     s9, 0x67be5
core   0: 3 0x8000b19e (0x67be5cb7) x25 0x67be5000
core   0: 0x8000b1a2 (0xc6bfab93) slti    s7, t6, -917
core   0: 3 0x8000b1a2 (0xc6bfab93) x23 0x00000000
core   0: 0x8000b1a6 (0x029f1a33) mulh    s4, t5, s1
core   0: 3 0x8000b1a6 (0x029f1a33) x20 0x00000000
core   0: 0x8000b1aa (0x8d536617) auipc   a2, 0x8d536
core   0: 3 0x8000b1aa (0x8d536617) x12 0x0d5411aa
core   0: 0x8000b1ae (0xf69c0b93) addi    s7, s8, -151
core   0: 3 0x8000b1ae (0xf69c0b93) x23 0xffffff6a
core   0: 0x8000b1b2 (0x340d16f3) csrrw   a3, mscratch, s10
core   0: 3 0x8000b1b2 (0x340d16f3) x13 0x00000003 c832_mscratch 0x80000000
core   0: 0x8000b1b6 (0x017098b3) sll     a7, ra, s7
core   0: 3 0x8000b1b6 (0x017098b3) x17 0x00000000
core   0: 0x8000b1ba (0x00000001) c.nop
core   0: 3 0x8000b1ba (0x0001)
core   0: 0x8000b1bc (0x01199193) slli    gp, s3, 17
core   0: 3 0x8000b1bc (0x01199193) x3  0x00000000
core   0: 0x8000b1c0 (0x340016f3) csrrw   a3, mscratch, zero
core   0: 3 0x8000b1c0 (0x340016f3) x13 0x80000000 c832_mscratch 0x00000000
core   0: 0x8000b1c4 (0x01957c33) and     s8, a0, s9
core   0: 3 0x8000b1c4 (0x01957c33) x24 0x00000000
core   0: 0x8000b1c8 (0x03ce2933) mulhsu  s2, t3, t3
core   0: 3 0x8000b1c8 (0x03ce2933) x18 0x00000000
core   0: 0x8000b1cc (0x0000048e) c.slli  s1, 3
core   0: 3 0x8000b1cc (0x048e) x9  0x00000000
core   0: 0x8000b1ce (0x406b80b3) sub     ra, s7, t1
core   0: 3 0x8000b1ce (0x406b80b3) x1  0xffffff6a
core   0: 0x8000b1d2 (0x76ea3017) auipc   zero, 0x76ea3
core   0: 3 0x8000b1d2 (0x76ea3017)
core   0: 0x8000b1d6 (0x01e66f33) or      t5, a2, t5
core   0: 3 0x8000b1d6 (0x01e66f33) x30 0x0d5411aa
core   0: 0x8000b1da (0x00006f95) c.lui   t6, 0x5
core   0: 3 0x8000b1da (0x6f95) x31 0x00005000
core   0: 0x8000b1dc (0x000098ce) c.add   a7, s3
core   0: 3 0x8000b1dc (0x98ce) x17 0x00000000
core   0: 0x8000b1de (0x40f75f93) srai    t6, a4, 15
core   0: 3 0x8000b1de (0x40f75f93) x31 0x00000000
core   0: 0x8000b1e2 (0x0368f8b3) remu    a7, a7, s6
core   0: 3 0x8000b1e2 (0x0368f8b3) x17 0x00000000
core   0: 0x8000b1e6 (0x00674db3) xor     s11, a4, t1
core   0: 3 0x8000b1e6 (0x00674db3) x27 0x00000014
core   0: 0x8000b1ea (0x00008c3d) c.xor   s0, a5
core   0: 3 0x8000b1ea (0x8c3d) x8  0x7ffda55a
core   0: 0x8000b1ec (0xc861ec93) ori     s9, gp, -890
core   0: 3 0x8000b1ec (0xc861ec93) x25 0xfffffc86
core   0: 0x8000b1f0 (0x41ab8633) sub     a2, s7, s10
core   0: 3 0x8000b1f0 (0x41ab8633) x12 0x7fffff6a
core   0: 0x8000b1f4 (0x404bddb3) sra     s11, s7, tp
core   0: 3 0x8000b1f4 (0x404bddb3) x27 0xffffffff
core   0: 0x8000b1f8 (0x000000a6) c.slli  ra, 9
core   0: 3 0x8000b1f8 (0x00a6) x1  0xfffed400
core   0: 0x8000b1fa (0x01a3c4b3) xor     s1, t2, s10
core   0: 3 0x8000b1fa (0x01a3c4b3) x9  0x80000001
core   0: 0x8000b1fe (0x00217663) bgeu    sp, sp, pc + 12
core   0: 3 0x8000b1fe (0x00217663)
core   0: 0x8000b20a (0x03bf4933) div     s2, t5, s11
core   0: 3 0x8000b20a (0x03bf4933) x18 0xf2abee56
core   0: 0x8000b20e (0x40f25333) sra     t1, tp, a5
core   0: 3 0x8000b20e (0x40f25333) x6  0x00000001
core   0: 0x8000b212 (0xcb97c2b7) lui     t0, 0xcb97c
core   0: 3 0x8000b212 (0xcb97c2b7) x5  0xcb97c000
core   0: 0x8000b216 (0x03b466b3) rem     a3, s0, s11
core   0: 3 0x8000b216 (0x03b466b3) x13 0x00000000
core   0: 0x8000b21a (0x00004212) c.lwsp  tp, 4(sp)
core   0: 3 0x8000b21a (0x4212) x4  0x80002ff8 mem 0x80021e20
core   0: 0x8000b21c (0x02810113) addi    sp, sp, 40
core   0: 3 0x8000b21c (0x02810113) x2  0x80021e44
core   0: 0x8000b220 (0x0000807d) c.srli  s0, 31
core   0: 3 0x8000b220 (0x807d) x8  0x00000000
core   0: 0x8000b222 (0x00120d93) addi    s11, tp, 1
core   0: 3 0x8000b222 (0x00120d93) x27 0x80002ff9
core   0: 0x8000b226 (0x00008d82) c.jr    s11
core   0: 3 0x8000b226 (0x8d82)
core   0: 0x80002ff8 (0x00000e22) c.slli  t3, 8
core   0: 3 0x80002ff8 (0x0e22) x28 0x00000100
core   0: 0x80002ffa (0x95ecb013) sltiu   zero, s9, -1698
core   0: 3 0x80002ffa (0x95ecb013)
core   0: 0x80002ffe (0x0000547d) c.li    s0, -1
core   0: 3 0x80002ffe (0x547d) x8  0xffffffff
core   0: 0x80003000 (0x02fbf5b3) remu    a1, s7, a5
core   0: 3 0x80003000 (0x02fbf5b3) x11 0x7ffda286
core   0: 0x80003004 (0x016d0033) add     zero, s10, s6
core   0: 3 0x80003004 (0x016d0033)
core   0: 0x80003008 (0x030aef63) bltu    s5, a6, pc + 62
core   0: 3 0x80003008 (0x030aef63)
core   0: 0x80003046 (0x416881b3) sub     gp, a7, s6
core   0: 3 0x80003046 (0x416881b3) x3  0xe1c5657e
core   0: 0x8000304a (0x3403b873) csrrc   a6, mscratch, t2
core   0: 3 0x8000304a (0x3403b873) x16 0x00000000 c832_mscratch 0x00000000
core   0: 0x8000304e (0x400fd493) srai    s1, t6, 0
core   0: 3 0x8000304e (0x400fd493) x9  0x00000000
core   0: 0x80003052 (0x0000100f) fence.i
core   0: 3 0x80003052 (0x0000100f)
core   0: 0x80003056 (0x00008cdd) c.or    s1, a5
core   0: 3 0x80003056 (0x8cdd) x9  0x80025ce4
core   0: 0x80003058 (0x00056f33) or      t5, a0, zero
core   0: 3 0x80003058 (0x00056f33) x30 0x00000000
core   0: 0x8000305c (0x00000001) c.nop
core   0: 3 0x8000305c (0x0001)
core   0: 0x8000305e (0x03bd8fb3) mul     t6, s11, s11
core   0: 3 0x8000305e (0x03bd8fb3) x31 0x08fd6031
core   0: 0x80003062 (0x00009c96) c.add   s9, t0
core   0: 3 0x80003062 (0x9c96) x25 0xcb97bc86
core   0: 0x80003064 (0x01d71293) slli    t0, a4, 29
core   0: 3 0x80003064 (0x01d71293) x5  0x80000000
core   0: 0x80003068 (0x00008f29) c.xor   a4, a0
core   0: 3 0x80003068 (0x8f29) x14 0x00000014
core   0: 0x8000306a (0x340038f3) csrrc   a7, mscratch, zero
core   0: 3 0x8000306a (0x340038f3) x17 0x00000000
core   0: 0x8000306e (0x405fd9b3) sra     s3, t6, t0
core   0: 3 0x8000306e (0x405fd9b3) x19 0x08fd6031
core   0: 0x80003072 (0x3400a2f3) csrrs   t0, mscratch, ra
core   0: 3 0x80003072 (0x3400a2f3) x5  0x00000000 c832_mscratch 0xfffed400
core   0: 0x80003076 (0x01272b33) slt     s6, a4, s2
core   0: 3 0x80003076 (0x01272b33) x22 0x00000000
core   0: 0x8000307a (0x00051813) slli    a6, a0, 0
core   0: 3 0x8000307a (0x00051813) x16 0x00000000
core   0: 0x8000307e (0x0000e415) c.bnez  s0, pc + 44
core   0: 3 0x8000307e (0xe415)
core   0: 0x800030aa (0x340c5df3) csrrwi  s11, mscratch, 24
core   0: 3 0x800030aa (0x340c5df3) x27 0xfffed400 c832_mscratch 0x00000018
core   0: 0x800030ae (0x34075573) csrrwi  a0, mscratch, 14
core   0: 3 0x800030ae (0x34075573) x10 0x00000018 c832_mscratch 0x0000000e
core   0: 0x800030b2 (0x00008955) c.andi  a0, 21
core   0: 3 0x800030b2 (0x8955) x10 0x00000010
core   0: 0x800030b4 (0x40285833) sra     a6, a6, sp
core   0: 3 0x800030b4 (0x40285833) x16 0x00000000
core   0: 0x800030b8 (0x38c3f613) andi    a2, t2, 908
core   0: 3 0x800030b8 (0x38c3f613) x12 0x00000000
core   0: 0x800030bc (0x01df0d33) add     s10, t5, t4
core   0: 3 0x800030bc (0x01df0d33) x26 0x00015000
core   0: 0x800030c0 (0x00afd693) srli    a3, t6, 10
core   0: 3 0x800030c0 (0x00afd693) x13 0x00023f58
core   0: 0x800030c4 (0x00008f51) c.or    a4, a2
core   0: 3 0x800030c4 (0x8f51) x14 0x00000014
core   0: 0x800030c6 (0xee257513) andi    a0, a0, -286
core   0: 3 0x800030c6 (0xee257513) x10 0x00000000
core   0: 0x800030ca (0x03f69d33) mulh    s10, a3, t6
core   0: 3 0x800030ca (0x03f69d33) x26 0x00001434
core   0: 0x800030ce (0x01f079b3) and     s3, zero, t6
core   0: 3 0x800030ce (0x01f079b3) x19 0x00000000
core   0: 0x800030d2 (0x025f9c63) bne     t6, t0, pc + 56
core   0: 3 0x800030d2 (0x025f9c63)
core   0: 0x8000310a (0x00008fa2) c.mv    t6, s0
core   0: 3 0x8000310a (0x8fa2) x31 0xffffffff
core   0: 0x8000310c (0x03ac8233) mul     tp, s9, s10
core   0: 3 0x8000310c (0x03ac8233) x4  0x358cc338
core   0: 0x80003110 (0x40678d33) sub     s10, a5, t1
core   0: 3 0x80003110 (0x40678d33) x26 0x80025ce3
core   0: 0x80003114 (0x00008cbd) c.xor   s1, a5
core   0: 3 0x80003114 (0x8cbd) x9  0x00000000
core   0: 0x80003116 (0x0000100f) fence.i
core   0: 3 0x80003116 (0x0000100f)
core   0: 0x8000311a (0x01c5ef63) bltu    a1, t3, pc + 30
core   0: 3 0x8000311a (0x01c5ef63)
core   0: 0x8000311e (0x00f746b3) xor     a3, a4, a5
core   0: 3 0x8000311e (0x00f746b3) x13 0x80025cf0
core   0: 0x80003122 (0xe67ff713) andi    a4, t6, -409
core   0: 3 0x80003122 (0xe67ff713) x14 0xfffffe67
core   0: 0x80003126 (0x0073e633) or      a2, t2, t2
core   0: 3 0x80003126 (0x0073e633) x12 0x00000001
core   0: 0x8000312a (0x00008d45) c.or    a0, s1
core   0: 3 0x8000312a (0x8d45) x10 0x00000000
core   0: 0x8000312c (0xfa590637) lui     a2, 0xfa590
core   0: 3 0x8000312c (0xfa590637) x12 0xfa590000
core   0: 0x80003130 (0x340d7773) csrrci  a4, mscratch, 26
core   0: 3 0x80003130 (0x340d7773) x14 0x0000000e c832_mscratch 0x00000004
core   0: 0x80003134 (0x340e5b73) csrrwi  s6, mscratch, 28
core   0: 3 0x80003134 (0x340e5b73) x22 0x00000004 c832_mscratch 0x0000001c
core   0: 0x80003138 (0x0ff0000f) fence   iorw,iorw
core   0: 3 0x80003138 (0x0ff0000f)
core   0: 0x8000313c (0x0062d593) srli    a1, t0, 6
core   0: 3 0x8000313c (0x0062d593) x11 0x00000000
core   0: 0x80003140 (0x3400f0f3) csrrci  ra, mscratch, 1
core   0: 3 0x80003140 (0x3400f0f3) x1  0x0000001c c832_mscratch 0x0000001c
core   0: 0x80003144 (0x00e64cb3) xor     s9, a2, a4
core   0: 3 0x80003144 (0x00e64cb3) x25 0xfa59000e
core   0: 0x80003148 (0x000089b1) c.andi  a1, 12
core   0: 3 0x80003148 (0x89b1) x11 0x00000000
core   0: 0x8000314a (0x002d0563) beq     s10, sp, pc + 10
core   0: 3 0x8000314a (0x002d0563)
core   0: 0x8000314e (0x0000547d) c.li    s0, -1
core   0: 3 0x8000314e (0x547d) x8  0xffffffff
core   0: 0x80003150 (0x0111dbb3) srl     s7, gp, a7
core   0: 3 0x80003150 (0x0111dbb3) x23 0xe1c5657e
core   0: 0x80003154 (0x340f1e73) csrrw   t3, mscratch, t5
core   0: 3 0x80003154 (0x340f1e73) x28 0x0000001c c832_mscratch 0x00000000
core   0: 0x80003158 (0x408950b3) sra     ra, s2, s0
core   0: 3 0x80003158 (0x408950b3) x1  0xffffffff
core   0: 0x8000315c (0x340b50f3) csrrwi  ra, mscratch, 22
core   0: 3 0x8000315c (0x340b50f3) x1  0x00000000 c832_mscratch 0x00000016
core   0: 0x80003160 (0x038d0563) beq     s10, s8, pc + 42
core   0: 3 0x80003160 (0x038d0563)
core   0: 0x80003164 (0x00981633) sll     a2, a6, s1
core   0: 3 0x80003164 (0x00981633) x12 0x00000000
core   0: 0x80003168 (0x4078d513) srai    a0, a7, 7
core   0: 3 0x80003168 (0x4078d513) x10 0x00000000
core   0: 0x8000316c (0x0024c6b3) xor     a3, s1, sp
core   0: 3 0x8000316c (0x0024c6b3) x13 0x80021e44
core   0: 0x80003170 (0x0000ed99) c.bnez  a1, pc + 30
core   0: 3 0x80003170 (0xed99)
core   0: 0x80003172 (0x340ba6f3) csrrs   a3, mscratch, s7
core   0: 3 0x80003172 (0x340ba6f3) x13 0x00000016 c832_mscratch 0xe1c5657e
core   0: 0x80003176 (0x03905e33) divu    t3, zero, s9
core   0: 3 0x80003176 (0x03905e33) x28 0x00000000
core   0: 0x8000317a (0x02a73233) mulhu   tp, a4, a0
core   0: 3 0x8000317a (0x02a73233) x4  0x00000000
core   0: 0x8000317e (0x01caa1b3) slt     gp, s5, t3
core   0: 3 0x8000317e (0x01caa1b3) x3  0x00000000
core   0: 0x80003182 (0x41c204b3) sub     s1, tp, t3
core   0: 3 0x80003182 (0x41c204b3) x9  0x00000000
core   0: 0x80003186 (0x340d6f73) csrrsi  t5, mscratch, 26
core   0: 3 0x80003186 (0x340d6f73) x30 0xe1c5657e c832_mscratch 0xe1c5657e
core   0: 0x8000318a (0x01ce2cb3) slt     s9, t3, t3
core   0: 3 0x8000318a (0x01ce2cb3) x25 0x00000000
core   0: 0x8000318e (0x000089ce) c.mv    s3, s3
core   0: 3 0x8000318e (0x89ce) x19 0x00000000
core   0: 0x80003190 (0x00008fc6) c.mv    t6, a7
core   0: 3 0x80003190 (0x8fc6) x31 0x00000000
core   0: 0x80003192 (0x000090e6) c.add   ra, s9
core   0: 3 0x80003192 (0x90e6) x1  0x00000000
core   0: 0x80003194 (0x00008755) c.srai  a4, 21
core   0: 3 0x80003194 (0x8755) x14 0x00000000
core   0: 0x80003196 (0x03f7c663) blt     a5, t6, pc + 44
core   0: 3 0x80003196 (0x03f7c663)
core   0: 0x800031c2 (0x0019e8b3) or      a7, s3, ra
core   0: 3 0x800031c2 (0x0019e8b3) x17 0x00000000
core   0: 0x800031c6 (0x00000001) c.nop
core   0: 3 0x800031c6 (0x0001)
core   0: 0x800031c8 (0x00000932) c.slli  s2, 12
core   0: 3 0x800031c8 (0x0932) x18 0xbee56000
core   0: 0x800031ca (0x0000100f) fence.i
core   0: 3 0x800031ca (0x0000100f)
core   0: 0x800031ce (0x00001c7d) c.addi  s8, -1
core   0: 3 0x800031ce (0x1c7d) x24 0xffffffff
core   0: 0x800031d0 (0x34002573) csrr    a0, mscratch
core   0: 3 0x800031d0 (0x34002573) x10 0xe1c5657e
core   0: 0x800031d4 (0x00008a29) c.andi  a2, 10
core   0: 3 0x800031d4 (0x8a29) x12 0x00000000
core   0: 0x800031d6 (0x000084d6) c.mv    s1, s5
core   0: 3 0x800031d6 (0x84d6) x9  0x00000009
core   0: 0x800031d8 (0x00cf1813) slli    a6, t5, 12
core   0: 3 0x800031d8 (0x00cf1813) x16 0x5657e000
core   0: 0x800031dc (0x0ff0000f) fence   iorw,iorw
core   0: 3 0x800031dc (0x0ff0000f)
core   0: 0x800031e0 (0x0351c863) blt     gp, s5, pc + 48
core   0: 3 0x800031e0 (0x0351c863)
core   0: 0x80003210 (0x00000001) c.nop
core   0: 3 0x80003210 (0x0001)
core   0: 0x80003212 (0x0000cb05) c.beqz  a4, pc + 48
core   0: 3 0x80003212 (0xcb05)
core   0: 0x80003242 (0x00000001) c.nop
core   0: 3 0x80003242 (0x0001)
core   0: 0x80003244 (0xf1ca6013) ori     zero, s4, -228
core   0: 3 0x80003244 (0xf1ca6013)
core   0: 0x80003248 (0x00ec5e13) srli    t3, s8, 14
core   0: 3 0x80003248 (0x00ec5e13) x28 0x0003ffff
core   0: 0x8000324c (0x0000960e) c.add   a2, gp
core   0: 3 0x8000324c (0x960e) x12 0x00000000
core   0: 0x8000324e (0x0000ef19) c.bnez  a4, pc + 30
core   0: 3 0x8000324e (0xef19)
core   0: 0x80003250 (0x00000001) c.nop
core   0: 3 0x80003250 (0x0001)
core   0: 0x80003252 (0xe73fb913) sltiu   s2, t6, -397
core   0: 3 0x80003252 (0xe73fb913) x18 0x00000001
core   0: 0x80003256 (0x03161e33) mulh    t3, a2, a7
core   0: 3 0x80003256 (0x03161e33) x28 0x00000000
core   0: 0x8000325a (0xce34ec93) ori     s9, s1, -797
core   0: 3 0x8000325a (0xce34ec93) x25 0xfffffceb
core   0: 0x8000325e (0x00241d13) slli    s10, s0, 2
core   0: 3 0x8000325e (0x00241d13) x26 0xfffffffc
core   0: 0x80003262 (0x012b49b3) xor     s3, s6, s2
core   0: 3 0x80003262 (0x012b49b3) x19 0x00000005
core   0: 0x80003266 (0x00335c63) bge     t1, gp, pc + 24
core   0: 3 0x80003266 (0x00335c63)
core   0: 0x8000327e (0x02edbb33) mulhu   s6, s11, a4
core   0: 3 0x8000327e (0x02edbb33) x22 0x00000000
core   0: 0x80003282 (0x340a2d73) csrrs   s10, mscratch, s4
core   0: 3 0x80003282 (0x340a2d73) x26 0xe1c5657e c832_mscratch 0xe1c5657e
core   0: 0x80003286 (0x040dc893) xori    a7, s11, 64
core   0: 3 0x80003286 (0x040dc893) x17 0xfffed440
core   0: 0x8000328a (0x1bb5f393) andi    t2, a1, 443
core   0: 3 0x8000328a (0x1bb5f393) x7  0x00000000
core   0: 0x8000328e (0x00000001) c.nop
core   0: 3 0x8000328e (0x0001)
core   0: 0x80003290 (0x00004212) c.lwsp  tp, 4(sp)
core   0: 3 0x80003290 (0x4212) x4  0x80002db0 mem 0x80021e48
core   0: 0x80003292 (0x01db44b3) xor     s1, s6, t4
core   0: 3 0x80003292 (0x01db44b3) x9  0x00015000
core   0: 0x80003296 (0x037b8d33) mul     s10, s7, s7
core   0: 3 0x80003296 (0x037b8d33) x26 0xd828aa04
core   0: 0x8000329a (0xa8ec0597) auipc   a1, 0xa8ec0
core   0: 3 0x8000329a (0xa8ec0597) x11 0x28ec329a
core   0: 0x8000329e (0x34091773) csrrw   a4, mscratch, s2
core   0: 3 0x8000329e (0x34091773) x14 0xe1c5657e c832_mscratch 0x00000001
core   0: 0x800032a2 (0x00006105) c.addi16sp sp, 32
core   0: 3 0x800032a2 (0x6105) x2  0x80021e64
core   0: 0x800032a4 (0x00008dd1) c.or    a1, a2
core   0: 3 0x800032a4 (0x8dd1) x11 0x28ec329a
core   0: 0x800032a6 (0x0000885e) c.mv    a6, s7
core   0: 3 0x800032a6 (0x885e) x16 0xe1c5657e
core   0: 0x800032a8 (0x00120e13) addi    t3, tp, 1
core   0: 3 0x800032a8 (0x00120e13) x28 0x80002db1
core   0: 0x800032ac (0x00008e02) c.jr    t3
core   0: 3 0x800032ac (0x8e02)
core   0: 0x80002db0 (0x0169b633) sltu    a2, s3, s6
core   0: 3 0x80002db0 (0x0169b633) x12 0x00000000
core   0: 0x80002db4 (0x02325c33) divu    s8, tp, gp
core   0: 3 0x80002db4 (0x02325c33) x24 0xffffffff
core   0: 0x80002db8 (0x00008f7d) c.and   a4, a5
core   0: 3 0x80002db8 (0x8f7d) x14 0x80004464
core   0: 0x80002dba (0x022f98b3) mulh    a7, t6, sp
core   0: 3 0x80002dba (0x022f98b3) x17 0x00000000
core   0: 0x80002dbe (0x000099ce) c.add   s3, s3
core   0: 3 0x80002dbe (0x99ce) x19 0x0000000a
core   0: 0x80002dc0 (0x01446db3) or      s11, s0, s4
core   0: 3 0x80002dc0 (0x01446db3) x27 0xffffffff
core   0: 0x80002dc4 (0x2fb8fb17) auipc   s6, 0x2fb8f
core   0: 3 0x80002dc4 (0x2fb8fb17) x22 0xafb91dc4
core   0: 0x80002dc8 (0x473f4513) xori    a0, t5, 1139
core   0: 3 0x80002dc8 (0x473f4513) x10 0xe1c5610d
core   0: 0x80002dcc (0x4059d833) sra     a6, s3, t0
core   0: 3 0x80002dcc (0x4059d833) x16 0x0000000a
core   0: 0x80002dd0 (0x0000c49d) c.beqz  s1, pc + 46
core   0: 3 0x80002dd0 (0xc49d)
core   0: 0x80002dd2 (0x023712b3) mulh    t0, a4, gp
core   0: 3 0x80002dd2 (0x023712b3) x5  0x00000000
core   0: 0x80002dd6 (0x000001ad) c.addi  gp, 11
core   0: 3 0x80002dd6 (0x01ad) x3  0x0000000b
core   0: 0x80002dd8 (0x0000cc91) c.beqz  s1, pc + 28
core   0: 3 0x80002dd8 (0xcc91)
core   0: 0x80002dda (0x41e286b3) sub     a3, t0, t5
core   0: 3 0x80002dda (0x41e286b3) x13 0x1e3a9a82
core   0: 0x80002dde (0x001f8833) add     a6, t6, ra
core   0: 3 0x80002dde (0x001f8833) x16 0x00000000
core   0: 0x80002de2 (0x03f31633) mulh    a2, t1, t6
core   0: 3 0x80002de2 (0x03f31633) x12 0x00000000
core   0: 0x80002de6 (0x00000001) c.nop
core   0: 3 0x80002de6 (0x0001)
core   0: 0x80002de8 (0x4106dbb3) sra     s7, a3, a6
core   0: 3 0x80002de8 (0x4106dbb3) x23 0x1e3a9a82
core   0: 0x80002dec (0x00008dc5) c.or    a1, s1
core   0: 3 0x80002dec (0x8dc5) x11 0x28ed729a
core   0: 0x80002dee (0x41b55833) sra     a6, a0, s11
core   0: 3 0x80002dee (0x41b55833) x16 0xffffffff
core   0: 0x80002df2 (0x0000e189) c.bnez  a1, pc + 2
core   0: 3 0x80002df2 (0xe189)
core   0: 0x80002df4 (0x000000ea) c.slli  ra, 26
core   0: 3 0x80002df4 (0x00ea) x1  0x00000000
core   0: 0x80002df6 (0x00008609) c.srai  a2, 2
core   0: 3 0x80002df6 (0x8609) x12 0x00000000
core   0: 0x80002df8 (0x340066f3) csrrsi  a3, mscratch, 0
core   0: 3 0x80002df8 (0x340066f3) x13 0x00000001
core   0: 0x80002dfc (0x0000059e) c.slli  a1, 7
core   0: 3 0x80002dfc (0x059e) x11 0x76b94d00
core   0: 0x80002dfe (0x00008e49) c.or    a2, a0
core   0: 3 0x80002dfe (0x8e49) x12 0xe1c5610d
core   0: 0x80002e00 (0x00a67333) and     t1, a2, a0
core   0: 3 0x80002e00 (0x00a67333) x6  0xe1c5610d
core   0: 0x80002e04 (0x34006c73) csrrsi  s8, mscratch, 0
core   0: 3 0x80002e04 (0x34006c73) x24 0x00000001
core   0: 0x80002e08 (0x00fa9893) slli    a7, s5, 15
core   0: 3 0x80002e08 (0x00fa9893) x17 0x00048000
core   0: 0x80002e0c (0x0089f663) bgeu    s3, s0, pc + 12
core   0: 3 0x80002e0c (0x0089f663)
core   0: 0x80002e10 (0x00000001) c.nop
core   0: 3 0x80002e10 (0x0001)
core   0: 0x80002e12 (0x0000055e) c.slli  a0, 23
core   0: 3 0x80002e12 (0x055e) x10 0x86800000
core   0: 0x80002e14 (0x01816863) bltu    sp, s8, pc + 16
core   0: 3 0x80002e14 (0x01816863)
core   0: 0x80002e18 (0x0106f663) bgeu    a3, a6, pc + 12
core   0: 3 0x80002e18 (0x0106f663)
core   0: 0x80002e1c (0x01315193) srli    gp, sp, 19
core   0: 3 0x80002e1c (0x01315193) x3  0x00001000
core   0: 0x80002e20 (0x021e0f63) beq     t3, ra, pc + 62
core   0: 3 0x80002e20 (0x021e0f63)
core   0: 0x80002e24 (0x0000987d) c.andi  s0, -1
core   0: 3 0x80002e24 (0x987d) x8  0xffffffff
core   0: 0x80002e26 (0x00008c3d) c.xor   s0, a5
core   0: 3 0x80002e26 (0x8c3d) x8  0x7ffda31b
core   0: 0x80002e28 (0x03194463) blt     s2, a7, pc + 40
core   0: 3 0x80002e28 (0x03194463)
core   0: 0x80002e50 (0x00008f6d) c.and   a4, a1
core   0: 3 0x80002e50 (0x8f6d) x14 0x00004400
core   0: 0x80002e52 (0x02b95963) bge     s2, a1, pc + 50
core   0: 3 0x80002e52 (0x02b95963)
core   0: 0x80002e56 (0x03998c33) mul     s8, s3, s9
core   0: 3 0x80002e56 (0x03998c33) x24 0xffffe12e
core   0: 0x80002e5a (0x00cc1fb3) sll     t6, s8, a2
core   0: 3 0x80002e5a (0x00cc1fb3) x31 0xfc25c000
core   0: 0x80002e5e (0x72278593) addi    a1, a5, 1826
core   0: 3 0x80002e5e (0x72278593) x11 0x80026406
core   0: 0x80002e62 (0x412a5233) sra     tp, s4, s2
core   0: 3 0x80002e62 (0x412a5233) x4  0x00000000
core   0: 0x80002e66 (0x0327e263) bltu    a5, s2, pc + 36
core   0: 3 0x80002e66 (0x0327e263)
core   0: 0x80002e6a (0x0094d763) bge     s1, s1, pc + 14
core   0: 3 0x80002e6a (0x0094d763)
core   0: 0x80002e78 (0x4177d533) sra     a0, a5, s7
core   0: 3 0x80002e78 (0x4177d533) x10 0xe0009739
core   0: 0x80002e7c (0x340fb3f3) csrrc   t2, mscratch, t6
core   0: 3 0x80002e7c (0x340fb3f3) x7  0x00000001 c832_mscratch 0x00000001
core   0: 0x80002e80 (0x41e50db3) sub     s11, a0, t5
core   0: 3 0x80002e80 (0x41e50db3) x27 0xfe3b31bb
core   0: 0x80002e84 (0x00008f5d) c.or    a4, a5
core   0: 3 0x80002e84 (0x8f5d) x14 0x80025ce4
core   0: 0x80002e86 (0x03f9f363) bgeu    s3, t6, pc + 38
core   0: 3 0x80002e86 (0x03f9f363)
core   0: 0x80002e8a (0x02300933) mul     s2, zero, gp
core   0: 3 0x80002e8a (0x02300933) x18 0x00000000
core   0: 0x80002e8e (0x003854b3) srl     s1, a6, gp
core   0: 3 0x80002e8e (0x003854b3) x9  0xffffffff
core   0: 0x80002e92 (0x00008f7d) c.and   a4, a5
core   0: 3 0x80002e92 (0x8f7d) x14 0x80025ce4
core   0: 0x80002e94 (0x340aacf3) csrrs   s9, mscratch, s5
core   0: 3 0x80002e94 (0x340aacf3) x25 0x00000001 c832_mscratch 0x00000009
core   0: 0x80002e98 (0x2bb76993) ori     s3, a4, 699
core   0: 3 0x80002e98 (0x2bb76993) x19 0x80025eff
core   0: 0x80002e9c (0x0000e501) c.bnez  a0, pc + 8
core   0: 3 0x80002e9c (0xe501)
core   0: 0x80002ea4 (0x011353b3) srl     t2, t1, a7
core   0: 3 0x80002ea4 (0x011353b3) x7  0xe1c5610d
core   0: 0x80002ea8 (0x34002bf3) csrr    s7, mscratch
core   0: 3 0x80002ea8 (0x34002bf3) x23 0x00000009
core   0: 0x80002eac (0x009fa9b3) slt     s3, t6, s1
core   0: 3 0x80002eac (0x009fa9b3) x19 0x00000001
core   0: 0x80002eb0 (0xf76acd13) xori    s10, s5, -138
core   0: 3 0x80002eb0 (0xf76acd13) x26 0xffffff7f
core   0: 0x80002eb4 (0x01064263) blt     a2, a6, pc + 4
core   0: 3 0x80002eb4 (0x01064263)
core   0: 0x80002eb8 (0x00008359) c.srli  a4, 22
core   0: 3 0x80002eb8 (0x8359) x14 0x00000200
core   0: 0x80002eba (0x0000100f) fence.i
core   0: 3 0x80002eba (0x0000100f)
core   0: 0x80002ebe (0xce777293) andi    t0, a4, -793
core   0: 3 0x80002ebe (0xce777293) x5  0x00000000
core   0: 0x80002ec2 (0x405b85b3) sub     a1, s7, t0
core   0: 3 0x80002ec2 (0x405b85b3) x11 0x00000009
core   0: 0x80002ec6 (0x01165663) bge     a2, a7, pc + 12
core   0: 3 0x80002ec6 (0x01165663)
core   0: 0x80002eca (0x010bd013) srli    zero, s7, 16
core   0: 3 0x80002eca (0x010bd013)
core   0: 0x80002ece (0x001d2fb3) slt     t6, s10, ra
core   0: 3 0x80002ece (0x001d2fb3) x31 0x00000001
core   0: 0x80002ed2 (0x6f1c11b7) lui     gp, 0x6f1c1
core   0: 3 0x80002ed2 (0x6f1c11b7) x3  0x6f1c1000
core   0: 0x80002ed6 (0x3402da73) csrrwi  s4, mscratch, 5
core   0: 3 0x80002ed6 (0x3402da73) x20 0x00000009 c832_mscratch 0x00000005
core   0: 0x80002eda (0xbfd82393) slti    t2, a6, -1027
core   0: 3 0x80002eda (0xbfd82393) x7  0x00000000
core   0: 0x80002ede (0x34025b73) csrrwi  s6, mscratch, 4
core   0: 3 0x80002ede (0x34025b73) x22 0x00000005 c832_mscratch 0x00000004
core   0: 0x80002ee2 (0x11a27413) andi    s0, tp, 282
core   0: 3 0x80002ee2 (0x11a27413) x8  0x00000000
core   0: 0x80002ee6 (0x00571663) bne     a4, t0, pc + 12
core   0: 3 0x80002ee6 (0x00571663)
core   0: 0x80002ef2 (0x00265533) srl     a0, a2, sp
core   0: 3 0x80002ef2 (0x00265533) x10 0x0e1c5610
core   0: 0x80002ef6 (0x01e15393) srli    t2, sp, 30
core   0: 3 0x80002ef6 (0x01e15393) x7  0x00000002
core   0: 0x80002efa (0x009a4433) xor     s0, s4, s1
core   0: 3 0x80002efa (0x009a4433) x8  0xfffffff6
core   0: 0x80002efe (0x52f70db7) lui     s11, 0x52f70
core   0: 3 0x80002efe (0x52f70db7) x27 0x52f70000
core   0: 0x80002f02 (0x01d85b13) srli    s6, a6, 29
core   0: 3 0x80002f02 (0x01d85b13) x22 0x00000007
core   0: 0x80002f06 (0x0080ebb3) or      s7, ra, s0
core   0: 3 0x80002f06 (0x0080ebb3) x23 0xfffffff6
core   0: 0x80002f0a (0x0000100f) fence.i
core   0: 3 0x80002f0a (0x0000100f)
core   0: 0x80002f0e (0x340df373) csrrci  t1, mscratch, 27
core   0: 3 0x80002f0e (0x340df373) x6  0x00000004 c832_mscratch 0x00000004
core   0: 0x80002f12 (0x4095dcb3) sra     s9, a1, s1
core   0: 3 0x80002f12 (0x4095dcb3) x25 0x00000000
core   0: 0x80002f16 (0x0292ac33) mulhsu  s8, t0, s1
core   0: 3 0x80002f16 (0x0292ac33) x24 0x00000000
core   0: 0x80002f1a (0x0012ba33) sltu    s4, t0, ra
core   0: 3 0x80002f1a (0x0012ba33) x20 0x00000000
core   0: 0x80002f1e (0x340066f3) csrrsi  a3, mscratch, 0
core   0: 3 0x80002f1e (0x340066f3) x13 0x00000004
core   0: 0x80002f22 (0x34056cf3) csrrsi  s9, mscratch, 10
core   0: 3 0x80002f22 (0x34056cf3) x25 0x00000004 c832_mscratch 0x0000000e
core   0: 0x80002f26 (0x00ee4d33) xor     s10, t3, a4
core   0: 3 0x80002f26 (0x00ee4d33) x26 0x80002fb1
core   0: 0x80002f2a (0x29d97193) andi    gp, s2, 669
core   0: 3 0x80002f2a (0x29d97193) x3  0x00000000
core   0: 0x80002f2e (0x00000001) c.nop
core   0: 3 0x80002f2e (0x0001)
core   0: 0x80002f30 (0x0ff0000f) fence   iorw,iorw
core   0: 3 0x80002f30 (0x0ff0000f)
core   0: 0x80002f34 (0xd18b0a13) addi    s4, s6, -744
core   0: 3 0x80002f34 (0xd18b0a13) x20 0xfffffd1f
core   0: 0x80002f38 (0x0072a433) slt     s0, t0, t2
core   0: 3 0x80002f38 (0x0072a433) x8  0x00000001
core   0: 0x80002f3c (0x00005dfd) c.li    s11, -1
core   0: 3 0x80002f3c (0x5dfd) x27 0xffffffff
core   0: 0x80002f3e (0x00008d5d) c.or    a0, a5
core   0: 3 0x80002f3e (0x8d5d) x10 0x8e1e5ef4
core   0: 0x80002f40 (0x00eef533) and     a0, t4, a4
core   0: 3 0x80002f40 (0x00eef533) x10 0x00000000
core   0: 0x80002f44 (0x00008a32) c.mv    s4, a2
core   0: 3 0x80002f44 (0x8a32) x20 0xe1c5610d
core   0: 0x80002f46 (0x0000e099) c.bnez  s1, pc + 6
core   0: 3 0x80002f46 (0xe099)
core   0: 0x80002f4c (0x02c47333) remu    t1, s0, a2
core   0: 3 0x80002f4c (0x02c47333) x6  0x00000001
core   0: 0x80002f50 (0x507cee93) ori     t4, s9, 1287
core   0: 3 0x80002f50 (0x507cee93) x29 0x00000507
core   0: 0x80002f54 (0x41615eb3) sra     t4, sp, s6
core   0: 3 0x80002f54 (0x41615eb3) x29 0xff00043c
core   0: 0x80002f58 (0x340ba273) csrrs   tp, mscratch, s7
core   0: 3 0x80002f58 (0x340ba273) x4  0x0000000e c832_mscratch 0xfffffffe
core   0: 0x80002f5c (0x00000001) c.nop
core   0: 3 0x80002f5c (0x0001)
core   0: 0x80002f5e (0x00000001) c.nop
core   0: 3 0x80002f5e (0x0001)
core   0: 0x80002f60 (0x00ed5213) srli    tp, s10, 14
core   0: 3 0x80002f60 (0x00ed5213) x4  0x00020000
core   0: 0x80002f64 (0x4bd5ec13) ori     s8, a1, 1213
core   0: 3 0x80002f64 (0x4bd5ec13) x24 0x000004bd
core   0: 0x80002f68 (0xcc198913) addi    s2, s3, -831
core   0: 3 0x80002f68 (0xcc198913) x18 0xfffffcc2
core   0: 0x80002f6c (0x00008d61) c.and   a0, s0
core   0: 3 0x80002f6c (0x8d61) x10 0x00000000
core   0: 0x80002f6e (0x00107b33) and     s6, zero, ra
core   0: 3 0x80002f6e (0x00107b33) x22 0x00000000
core   0: 0x80002f72 (0x00008e69) c.and   a2, a0
core   0: 3 0x80002f72 (0x8e69) x12 0x00000000
core   0: 0x80002f74 (0x418206b3) sub     a3, tp, s8
core   0: 3 0x80002f74 (0x418206b3) x13 0x0001fb43
core   0: 0x80002f78 (0x03d7d733) divu    a4, a5, t4
core   0: 3 0x80002f78 (0x03d7d733) x14 0x00000000
core   0: 0x80002f7c (0x0000938a) c.add   t2, sp
core   0: 3 0x80002f7c (0x938a) x7  0x80021e66
core   0: 0x80002f7e (0x021f43b3) div     t2, t5, ra
core   0: 3 0x80002f7e (0x021f43b3) x7  0xffffffff
core   0: 0x80002f82 (0x41625c33) sra     s8, tp, s6
core   0: 3 0x80002f82 (0x41625c33) x24 0x00020000
core   0: 0x80002f86 (0x0211f063) bgeu    gp, ra, pc + 32
core   0: 3 0x80002f86 (0x0211f063)
core   0: 0x80002fa6 (0x40c38fb3) sub     t6, t2, a2
core   0: 3 0x80002fa6 (0x40c38fb3) x31 0xffffffff
core   0: 0x80002faa (0x01ae9963) bne     t4, s10, pc + 18
core   0: 3 0x80002faa (0x01ae9963)
core   0: 0x80002fbc (0x34006cf3) csrrsi  s9, mscratch, 0
core   0: 3 0x80002fbc (0x34006cf3) x25 0xfffffffe
core   0: 0x80002fc0 (0xffffda97) auipc   s5, 0xffffd
core   0: 3 0x80002fc0 (0xffffda97) x21 0x7fffffc0
core   0: 0x80002fc4 (0x3c8a8a93) addi    s5, s5, 968
core   0: 3 0x80002fc4 (0x3c8a8a93) x21 0x80000388
core   0: 0x80002fc8 (0x000a8067) jr      s5
core   0: 3 0x80002fc8 (0x000a8067)
core   0: 0x80000388 (0x90000537) lui     a0, 0x90000
core   0: 3 0x80000388 (0x90000537) x10 0x90000000
core   0: 0x8000038c (0x00001561) c.addi  a0, -8
core   0: 3 0x8000038c (0x1561) x10 0x8ffffff8
core   0: 0x8000038e (0x00004c81) c.li    s9, 0
core   0: 3 0x8000038e (0x4c81) x25 0x00000000
core   0: 0x80000390 (0x00000ca2) c.slli  s9, 8
core   0: 3 0x80000390 (0x0ca2) x25 0x00000000
core   0: 0x80000392 (0x00000c85) c.addi  s9, 1
core   0: 3 0x80000392 (0x0c85) x25 0x00000001
core   0: 0x80000394 (0x01952023) sw      s9, 0(a0)
core   0: 3 0x80000394 (0x01952023) mem 0x8ffffff8 0x00000001
core   0: 0x80000398 (0x00000073) ecall
core   0: exception trap_machine_ecall, epc 0x80000398
core   0: 0x80002000 (0x0800006f) j       pc + 0x80
core   0: 3 0x80002000 (0x0800006f)
core   0: 0x80002080 (0x000017f1) c.addi  a5, -4
core   0: 3 0x80002080 (0x17f1) x15 0x80025ce0
core   0: 0x80002082 (0x0027a023) sw      sp, 0(a5)
core   0: 3 0x80002082 (0x0027a023) mem 0x80025ce0 0x80021e64
core   0: 0x80002086 (0x00078133) add     sp, a5, zero
core   0: 3 0x80002086 (0x00078133) x2  0x80025ce0
core   0: 0x8000208a (0x00007119) c.addi16sp sp, -128
core   0: 3 0x8000208a (0x7119) x2  0x80025c60
core   0: 0x8000208c (0x0000c206) c.swsp  ra, 4(sp)
core   0: 3 0x8000208c (0xc206) mem 0x80025c64 0x00000000
core   0: 0x8000208e (0x0000c40a) c.swsp  sp, 8(sp)
core   0: 3 0x8000208e (0xc40a) mem 0x80025c68 0x80025c60
core   0: 0x80002090 (0x0000c60e) c.swsp  gp, 12(sp)
core   0: 3 0x80002090 (0xc60e) mem 0x80025c6c 0x00000000
core   0: 0x80002092 (0x0000c812) c.swsp  tp, 16(sp)
core   0: 3 0x80002092 (0xc812) mem 0x80025c70 0x00020000
core   0: 0x80002094 (0x0000ca16) c.swsp  t0, 20(sp)
core   0: 3 0x80002094 (0xca16) mem 0x80025c74 0x00000000
core   0: 0x80002096 (0x0000cc1a) c.swsp  t1, 24(sp)
core   0: 3 0x80002096 (0xcc1a) mem 0x80025c78 0x00000001
core   0: 0x80002098 (0x0000ce1e) c.swsp  t2, 28(sp)
core   0: 3 0x80002098 (0xce1e) mem 0x80025c7c 0xffffffff
core   0: 0x8000209a (0x0000d022) c.swsp  s0, 32(sp)
core   0: 3 0x8000209a (0xd022) mem 0x80025c80 0x00000001
core   0: 0x8000209c (0x0000d226) c.swsp  s1, 36(sp)
core   0: 3 0x8000209c (0xd226) mem 0x80025c84 0xffffffff
core   0: 0x8000209e (0x0000d42a) c.swsp  a0, 40(sp)
core   0: 3 0x8000209e (0xd42a) mem 0x80025c88 0x8ffffff8
core   0: 0x800020a0 (0x0000d62e) c.swsp  a1, 44(sp)
core   0: 3 0x800020a0 (0xd62e) mem 0x80025c8c 0x00000009
core   0: 0x800020a2 (0x0000d832) c.swsp  a2, 48(sp)
core   0: 3 0x800020a2 (0xd832) mem 0x80025c90 0x00000000
core   0: 0x800020a4 (0x0000da36) c.swsp  a3, 52(sp)
core   0: 3 0x800020a4 (0xda36) mem 0x80025c94 0x0001fb43
core   0: 0x800020a6 (0x0000dc3a) c.swsp  a4, 56(sp)
core   0: 3 0x800020a6 (0xdc3a) mem 0x80025c98 0x00000000
core   0: 0x800020a8 (0x0000de3e) c.swsp  a5, 60(sp)
core   0: 3 0x800020a8 (0xde3e) mem 0x80025c9c 0x80025ce0
core   0: 0x800020aa (0x0000c0c2) c.swsp  a6, 64(sp)
core   0: 3 0x800020aa (0xc0c2) mem 0x80025ca0 0xffffffff
core   0: 0x800020ac (0x0000c2c6) c.swsp  a7, 68(sp)
core   0: 3 0x800020ac (0xc2c6) mem 0x80025ca4 0x00048000
core   0: 0x800020ae (0x0000c4ca) c.swsp  s2, 72(sp)
core   0: 3 0x800020ae (0xc4ca) mem 0x80025ca8 0xfffffcc2
core   0: 0x800020b0 (0x0000c6ce) c.swsp  s3, 76(sp)
core   0: 3 0x800020b0 (0xc6ce) mem 0x80025cac 0x00000001
core   0: 0x800020b2 (0x0000c8d2) c.swsp  s4, 80(sp)
core   0: 3 0x800020b2 (0xc8d2) mem 0x80025cb0 0xe1c5610d
core   0: 0x800020b4 (0x0000cad6) c.swsp  s5, 84(sp)
core   0: 3 0x800020b4 (0xcad6) mem 0x80025cb4 0x80000388
core   0: 0x800020b6 (0x0000ccda) c.swsp  s6, 88(sp)
core   0: 3 0x800020b6 (0xccda) mem 0x80025cb8 0x00000000
core   0: 0x800020b8 (0x0000cede) c.swsp  s7, 92(sp)
core   0: 3 0x800020b8 (0xcede) mem 0x80025cbc 0xfffffff6
core   0: 0x800020ba (0x0000d0e2) c.swsp  s8, 96(sp)
core   0: 3 0x800020ba (0xd0e2) mem 0x80025cc0 0x00020000
core   0: 0x800020bc (0x0000d2e6) c.swsp  s9, 100(sp)
core   0: 3 0x800020bc (0xd2e6) mem 0x80025cc4 0x00000001
core   0: 0x800020be (0x0000d4ea) c.swsp  s10, 104(sp)
core   0: 3 0x800020be (0xd4ea) mem 0x80025cc8 0x80002fb1
core   0: 0x800020c0 (0x0000d6ee) c.swsp  s11, 108(sp)
core   0: 3 0x800020c0 (0xd6ee) mem 0x80025ccc 0xffffffff
core   0: 0x800020c2 (0x0000d8f2) c.swsp  t3, 112(sp)
core   0: 3 0x800020c2 (0xd8f2) mem 0x80025cd0 0x80002db1
core   0: 0x800020c4 (0x0000daf6) c.swsp  t4, 116(sp)
core   0: 3 0x800020c4 (0xdaf6) mem 0x80025cd4 0xff00043c
core   0: 0x800020c6 (0x0000dcfa) c.swsp  t5, 120(sp)
core   0: 3 0x800020c6 (0xdcfa) mem 0x80025cd8 0xe1c5657e
core   0: 0x800020c8 (0x0000defe) c.swsp  t6, 124(sp)
core   0: 3 0x800020c8 (0xdefe) mem 0x80025cdc 0xffffffff
core   0: 0x800020ca (0x000107b3) add     a5, sp, zero
core   0: 3 0x800020ca (0x000107b3) x15 0x80025c60
core   0: 0x800020ce (0x90000537) lui     a0, 0x90000
core   0: 3 0x800020ce (0x90000537) x10 0x90000000
core   0: 0x800020d2 (0x00001571) c.addi  a0, -4
core   0: 3 0x800020d2 (0x1571) x10 0x8ffffffc
core   0: 0x800020d4 (0x00004ca1) c.li    s9, 8
core   0: 3 0x800020d4 (0x4ca1) x25 0x00000008
core   0: 0x800020d6 (0x00000ca2) c.slli  s9, 8
core   0: 3 0x800020d6 (0x0ca2) x25 0x00000800
core   0: 0x800020d8 (0x000c8c93) mv      s9, s9
core   0: 3 0x800020d8 (0x000c8c93) x25 0x00000800
core   0: 0x800020dc (0x01952023) sw      s9, 0(a0)
core   0: 3 0x800020dc (0x01952023) mem 0x8ffffffc 0x00000800
core   0: 0x800020e0 (0x34102cf3) csrr    s9, mepc
core   0: 3 0x800020e0 (0x34102cf3) x25 0x80000398
core   0: 0x800020e4 (0x34202cf3) csrr    s9, mcause
core   0: 3 0x800020e4 (0x34202cf3) x25 0x0000000b
core   0: 0x800020e8 (0x0000450d) c.li    a0, 3
core   0: 3 0x800020e8 (0x450d) x10 0x00000003
core   0: 0x800020ea (0x00ac9463) bne     s9, a0, pc + 8
core   0: 3 0x800020ea (0x00ac9463)
core   0: 0x800020f2 (0x00004521) c.li    a0, 8
core   0: 3 0x800020f2 (0x4521) x10 0x00000008
core   0: 0x800020f4 (0x04ac8d63) beq     s9, a0, pc + 90
core   0: 3 0x800020f4 (0x04ac8d63)
core   0: 0x800020f8 (0x00004525) c.li    a0, 9
core   0: 3 0x800020f8 (0x4525) x10 0x00000009
core   0: 0x800020fa (0x04ac8a63) beq     s9, a0, pc + 84
core   0: 3 0x800020fa (0x04ac8a63)
core   0: 0x800020fe (0x0000452d) c.li    a0, 11
core   0: 3 0x800020fe (0x452d) x10 0x0000000b
core   0: 0x80002100 (0x04ac8763) beq     s9, a0, pc + 78
core   0: 3 0x80002100 (0x04ac8763)
core   0: 0x8000214e (0x90000537) lui     a0, 0x90000
core   0: 3 0x8000214e (0x90000537) x10 0x90000000
core   0: 0x80002152 (0x00001571) c.addi  a0, -4
core   0: 3 0x80002152 (0x1571) x10 0x8ffffffc
core   0: 0x80002154 (0x00006c85) c.lui   s9, 0x1
core   0: 3 0x80002154 (0x6c85) x25 0x00001000
core   0: 0x80002156 (0xb00c8c93) addi    s9, s9, -1280
core   0: 3 0x80002156 (0xb00c8c93) x25 0x00000b00
core   0: 0x8000215a (0x00000ca2) c.slli  s9, 8
core   0: 3 0x8000215a (0x0ca2) x25 0x000b0000
core   0: 0x8000215c (0x00000c8d) c.addi  s9, 3
core   0: 3 0x8000215c (0x0c8d) x25 0x000b0003
core   0: 0x8000215e (0x01952023) sw      s9, 0(a0)
core   0: 3 0x8000215e (0x01952023) mem 0x8ffffffc 0x000b0003
core   0: 0x80002162 (0xb0002cf3) csrr    s9, mcycle
core   0: 3 0x80002162 (0xb0002cf3) x25 0x0000881e
core   0: 0x80002166 (0x01952023) sw      s9, 0(a0)
core   0: 3 0x80002166 (0x01952023) mem 0x8ffffffc 0x0000881e
core   0: 0x8000216a (0x90000537) lui     a0, 0x90000
core   0: 3 0x8000216a (0x90000537) x10 0x90000000
core   0: 0x8000216e (0x00001571) c.addi  a0, -4
core   0: 3 0x8000216e (0x1571) x10 0x8ffffffc
core   0: 0x80002170 (0x00006c85) c.lui   s9, 0x1
core   0: 3 0x80002170 (0x6c85) x25 0x00001000
core   0: 0x80002172 (0xb80c8c93) addi    s9, s9, -1152
core   0: 3 0x80002172 (0xb80c8c93) x25 0x00000b80
core   0: 0x80002176 (0x00000ca2) c.slli  s9, 8
core   0: 3 0x80002176 (0x0ca2) x25 0x000b8000
core   0: 0x80002178 (0x00000c8d) c.addi  s9, 3
core   0: 3 0x80002178 (0x0c8d) x25 0x000b8003
core   0: 0x8000217a (0x01952023) sw      s9, 0(a0)
core   0: 3 0x8000217a (0x01952023) mem 0x8ffffffc 0x000b8003
core   0: 0x8000217e (0xb8002cf3) csrr    s9, mcycleh
core   0: 3 0x8000217e (0xb8002cf3) x25 0x00000000
core   0: 0x80002182 (0x01952023) sw      s9, 0(a0)
core   0: 3 0x80002182 (0x01952023) mem 0x8ffffffc 0x00000000
core   0: 0x80002186 (0x90000537) lui     a0, 0x90000
core   0: 3 0x80002186 (0x90000537) x10 0x90000000
core   0: 0x8000218a (0x00001571) c.addi  a0, -4
core   0: 3 0x8000218a (0x1571) x10 0x8ffffffc
core   0: 0x8000218c (0x00006c85) c.lui   s9, 0x1
core   0: 3 0x8000218c (0x6c85) x25 0x00001000
core   0: 0x8000218e (0xb03c8c93) addi    s9, s9, -1277
core   0: 3 0x8000218e (0xb03c8c93) x25 0x00000b03
core   0: 0x80002192 (0x00000ca2) c.slli  s9, 8
core   0: 3 0x80002192 (0x0ca2) x25 0x000b0300
core   0: 0x80002194 (0x00000c8d) c.addi  s9, 3
core   0: 3 0x80002194 (0x0c8d) x25 0x000b0303
core   0: 0x80002196 (0x01952023) sw      s9, 0(a0)
core   0: 3 0x80002196 (0x01952023) mem 0x8ffffffc 0x000b0303
core   0: 0x8000219a (0xb0302cf3) csrr    s9, mhpmcounter3
core   0: 3 0x8000219a (0xb0302cf3) x25 0x0000010c
core   0: 0x8000219e (0x01952023) sw      s9, 0(a0)
core   0: 3 0x8000219e (0x01952023) mem 0x8ffffffc 0x0000010c
core   0: 0x800021a2 (0x90000537) lui     a0, 0x90000
core   0: 3 0x800021a2 (0x90000537) x10 0x90000000
core   0: 0x800021a6 (0x00001571) c.addi  a0, -4
core   0: 3 0x800021a6 (0x1571) x10 0x8ffffffc
core   0: 0x800021a8 (0x00006c85) c.lui   s9, 0x1
core   0: 3 0x800021a8 (0x6c85) x25 0x00001000
core   0: 0x800021aa (0xb83c8c93) addi    s9, s9, -1149
core   0: 3 0x800021aa (0xb83c8c93) x25 0x00000b83
core   0: 0x800021ae (0x00000ca2) c.slli  s9, 8
core   0: 3 0x800021ae (0x0ca2) x25 0x000b8300
core   0: 0x800021b0 (0x00000c8d) c.addi  s9, 3
core   0: 3 0x800021b0 (0x0c8d) x25 0x000b8303
core   0: 0x800021b2 (0x01952023) sw      s9, 0(a0)
core   0: 3 0x800021b2 (0x01952023) mem 0x8ffffffc 0x000b8303
core   0: 0x800021b6 (0xb8302cf3) csrr    s9, mhpmcounter3h
core   0: 3 0x800021b6 (0xb8302cf3) x25 0x00000000
core   0: 0x800021ba (0x01952023) sw      s9, 0(a0)
core   0: 3 0x800021ba (0x01952023) mem 0x8ffffffc 0x00000000
core   0: 0x800021be (0x90000537) lui     a0, 0x90000
core   0: 3 0x800021be (0x90000537) x10 0x90000000
core   0: 0x800021c2 (0x00001571) c.addi  a0, -4
core   0: 3 0x800021c2 (0x1571) x10 0x8ffffffc
core   0: 0x800021c4 (0x00006c85) c.lui   s9, 0x1
core   0: 3 0x800021c4 (0x6c85) x25 0x00001000
core   0: 0x800021c6 (0xb04c8c93) addi    s9, s9, -1276
core   0: 3 0x800021c6 (0xb04c8c93) x25 0x00000b04
core   0: 0x800021ca (0x00000ca2) c.slli  s9, 8
core   0: 3 0x800021ca (0x0ca2) x25 0x000b0400
core   0: 0x800021cc (0x00000c8d) c.addi  s9, 3
core   0: 3 0x800021cc (0x0c8d) x25 0x000b0403
core   0: 0x800021ce (0x01952023) sw      s9, 0(a0)
core   0: 3 0x800021ce (0x01952023) mem 0x8ffffffc 0x000b0403
core   0: 0x800021d2 (0xb0402cf3) csrr    s9, mhpmcounter4
core   0: 3 0x800021d2 (0xb0402cf3) x25 0x0000461f
core   0: 0x800021d6 (0x01952023) sw      s9, 0(a0)
core   0: 3 0x800021d6 (0x01952023) mem 0x8ffffffc 0x0000461f
core   0: 0x800021da (0x90000537) lui     a0, 0x90000
core   0: 3 0x800021da (0x90000537) x10 0x90000000
core   0: 0x800021de (0x00001571) c.addi  a0, -4
core   0: 3 0x800021de (0x1571) x10 0x8ffffffc
core   0: 0x800021e0 (0x00006c85) c.lui   s9, 0x1
core   0: 3 0x800021e0 (0x6c85) x25 0x00001000
core   0: 0x800021e2 (0xb84c8c93) addi    s9, s9, -1148
core   0: 3 0x800021e2 (0xb84c8c93) x25 0x00000b84
core   0: 0x800021e6 (0x00000ca2) c.slli  s9, 8
core   0: 3 0x800021e6 (0x0ca2) x25 0x000b8400
core   0: 0x800021e8 (0x00000c8d) c.addi  s9, 3
core   0: 3 0x800021e8 (0x0c8d) x25 0x000b8403
core   0: 0x800021ea (0x01952023) sw      s9, 0(a0)
core   0: 3 0x800021ea (0x01952023) mem 0x8ffffffc 0x000b8403
core   0: 0x800021ee (0xb8402cf3) csrr    s9, mhpmcounter4h
core   0: 3 0x800021ee (0xb8402cf3) x25 0x00000000
core   0: 0x800021f2 (0x01952023) sw      s9, 0(a0)
core   0: 3 0x800021f2 (0x01952023) mem 0x8ffffffc 0x00000000
core   0: 0x800021f6 (0x90000537) lui     a0, 0x90000
core   0: 3 0x800021f6 (0x90000537) x10 0x90000000
core   0: 0x800021fa (0x00001571) c.addi  a0, -4
core   0: 3 0x800021fa (0x1571) x10 0x8ffffffc
core   0: 0x800021fc (0x00006c85) c.lui   s9, 0x1
core   0: 3 0x800021fc (0x6c85) x25 0x00001000
core   0: 0x800021fe (0xb05c8c93) addi    s9, s9, -1275
core   0: 3 0x800021fe (0xb05c8c93) x25 0x00000b05
core   0: 0x80002202 (0x00000ca2) c.slli  s9, 8
core   0: 3 0x80002202 (0x0ca2) x25 0x000b0500
core   0: 0x80002204 (0x00000c8d) c.addi  s9, 3
core   0: 3 0x80002204 (0x0c8d) x25 0x000b0503
core   0: 0x80002206 (0x01952023) sw      s9, 0(a0)
core   0: 3 0x80002206 (0x01952023) mem 0x8ffffffc 0x000b0503
core   0: 0x8000220a (0xb0502cf3) csrr    s9, mhpmcounter5
core   0: 3 0x8000220a (0xb0502cf3) x25 0x00000004
core   0: 0x8000220e (0x01952023) sw      s9, 0(a0)
core   0: 3 0x8000220e (0x01952023) mem 0x8ffffffc 0x00000004
core   0: 0x80002212 (0x90000537) lui     a0, 0x90000
core   0: 3 0x80002212 (0x90000537) x10 0x90000000
core   0: 0x80002216 (0x00001571) c.addi  a0, -4
core   0: 3 0x80002216 (0x1571) x10 0x8ffffffc
core   0: 0x80002218 (0x00006c85) c.lui   s9, 0x1
core   0: 3 0x80002218 (0x6c85) x25 0x00001000
core   0: 0x8000221a (0xb85c8c93) addi    s9, s9, -1147
core   0: 3 0x8000221a (0xb85c8c93) x25 0x00000b85
core   0: 0x8000221e (0x00000ca2) c.slli  s9, 8
core   0: 3 0x8000221e (0x0ca2) x25 0x000b8500
core   0: 0x80002220 (0x00000c8d) c.addi  s9, 3
core   0: 3 0x80002220 (0x0c8d) x25 0x000b8503
core   0: 0x80002222 (0x01952023) sw      s9, 0(a0)
core   0: 3 0x80002222 (0x01952023) mem 0x8ffffffc 0x000b8503
core   0: 0x80002226 (0xb8502cf3) csrr    s9, mhpmcounter5h
core   0: 3 0x80002226 (0xb8502cf3) x25 0x00000000
core   0: 0x8000222a (0x01952023) sw      s9, 0(a0)
core   0: 3 0x8000222a (0x01952023) mem 0x8ffffffc 0x00000000
core   0: 0x8000222e (0x90000537) lui     a0, 0x90000
core   0: 3 0x8000222e (0x90000537) x10 0x90000000
core   0: 0x80002232 (0x00001571) c.addi  a0, -4
core   0: 3 0x80002232 (0x1571) x10 0x8ffffffc
core   0: 0x80002234 (0x00006c85) c.lui   s9, 0x1
core   0: 3 0x80002234 (0x6c85) x25 0x00001000
core   0: 0x80002236 (0xb06c8c93) addi    s9, s9, -1274
core   0: 3 0x80002236 (0xb06c8c93) x25 0x00000b06
core   0: 0x8000223a (0x00000ca2) c.slli  s9, 8
core   0: 3 0x8000223a (0x0ca2) x25 0x000b0600
core   0: 0x8000223c (0x00000c8d) c.addi  s9, 3
core   0: 3 0x8000223c (0x0c8d) x25 0x000b0603
core   0: 0x8000223e (0x01952023) sw      s9, 0(a0)
core   0: 3 0x8000223e (0x01952023) mem 0x8ffffffc 0x000b0603
core   0: 0x80002242 (0xb0602cf3) csrr    s9, mhpmcounter6
core   0: 3 0x80002242 (0xb0602cf3) x25 0x0000003c
core   0: 0x80002246 (0x01952023) sw      s9, 0(a0)
core   0: 3 0x80002246 (0x01952023) mem 0x8ffffffc 0x0000003c
core   0: 0x8000224a (0x90000537) lui     a0, 0x90000
core   0: 3 0x8000224a (0x90000537) x10 0x90000000
core   0: 0x8000224e (0x00001571) c.addi  a0, -4
core   0: 3 0x8000224e (0x1571) x10 0x8ffffffc
core   0: 0x80002250 (0x00006c85) c.lui   s9, 0x1
core   0: 3 0x80002250 (0x6c85) x25 0x00001000
core   0: 0x80002252 (0xb86c8c93) addi    s9, s9, -1146
core   0: 3 0x80002252 (0xb86c8c93) x25 0x00000b86
core   0: 0x80002256 (0x00000ca2) c.slli  s9, 8
core   0: 3 0x80002256 (0x0ca2) x25 0x000b8600
core   0: 0x80002258 (0x00000c8d) c.addi  s9, 3
core   0: 3 0x80002258 (0x0c8d) x25 0x000b8603
core   0: 0x8000225a (0x01952023) sw      s9, 0(a0)
core   0: 3 0x8000225a (0x01952023) mem 0x8ffffffc 0x000b8603
core   0: 0x8000225e (0xb8602cf3) csrr    s9, mhpmcounter6h
core   0: 3 0x8000225e (0xb8602cf3) x25 0x00000000
core   0: 0x80002262 (0x01952023) sw      s9, 0(a0)
core   0: 3 0x80002262 (0x01952023) mem 0x8ffffffc 0x00000000
core   0: 0x80002266 (0x90000537) lui     a0, 0x90000
core   0: 3 0x80002266 (0x90000537) x10 0x90000000
core   0: 0x8000226a (0x00001571) c.addi  a0, -4
core   0: 3 0x8000226a (0x1571) x10 0x8ffffffc
core   0: 0x8000226c (0x00006c85) c.lui   s9, 0x1
core   0: 3 0x8000226c (0x6c85) x25 0x00001000
core   0: 0x8000226e (0xb07c8c93) addi    s9, s9, -1273
core   0: 3 0x8000226e (0xb07c8c93) x25 0x00000b07
core   0: 0x80002272 (0x00000ca2) c.slli  s9, 8
core   0: 3 0x80002272 (0x0ca2) x25 0x000b0700
core   0: 0x80002274 (0x00000c8d) c.addi  s9, 3
core   0: 3 0x80002274 (0x0c8d) x25 0x000b0703
core   0: 0x80002276 (0x01952023) sw      s9, 0(a0)
core   0: 3 0x80002276 (0x01952023) mem 0x8ffffffc 0x000b0703
core   0: 0x8000227a (0xb0702cf3) csrr    s9, mhpmcounter7
core   0: 3 0x8000227a (0xb0702cf3) x25 0x00000042
core   0: 0x8000227e (0x01952023) sw      s9, 0(a0)
core   0: 3 0x8000227e (0x01952023) mem 0x8ffffffc 0x00000042
core   0: 0x80002282 (0x90000537) lui     a0, 0x90000
core   0: 3 0x80002282 (0x90000537) x10 0x90000000
core   0: 0x80002286 (0x00001571) c.addi  a0, -4
core   0: 3 0x80002286 (0x1571) x10 0x8ffffffc
core   0: 0x80002288 (0x00006c85) c.lui   s9, 0x1
core   0: 3 0x80002288 (0x6c85) x25 0x00001000
core   0: 0x8000228a (0xb87c8c93) addi    s9, s9, -1145
core   0: 3 0x8000228a (0xb87c8c93) x25 0x00000b87
core   0: 0x8000228e (0x00000ca2) c.slli  s9, 8
core   0: 3 0x8000228e (0x0ca2) x25 0x000b8700
core   0: 0x80002290 (0x00000c8d) c.addi  s9, 3
core   0: 3 0x80002290 (0x0c8d) x25 0x000b8703
core   0: 0x80002292 (0x01952023) sw      s9, 0(a0)
core   0: 3 0x80002292 (0x01952023) mem 0x8ffffffc 0x000b8703
core   0: 0x80002296 (0xb8702cf3) csrr    s9, mhpmcounter7h
core   0: 3 0x80002296 (0xb8702cf3) x25 0x00000000
core   0: 0x8000229a (0x01952023) sw      s9, 0(a0)
core   0: 3 0x8000229a (0x01952023) mem 0x8ffffffc 0x00000000
core   0: 0x8000229e (0x90000537) lui     a0, 0x90000
core   0: 3 0x8000229e (0x90000537) x10 0x90000000
core   0: 0x800022a2 (0x00001571) c.addi  a0, -4
core   0: 3 0x800022a2 (0x1571) x10 0x8ffffffc
core   0: 0x800022a4 (0x00006c85) c.lui   s9, 0x1
core   0: 3 0x800022a4 (0x6c85) x25 0x00001000
core   0: 0x800022a6 (0xb08c8c93) addi    s9, s9, -1272
core   0: 3 0x800022a6 (0xb08c8c93) x25 0x00000b08
core   0: 0x800022aa (0x00000ca2) c.slli  s9, 8
core   0: 3 0x800022aa (0x0ca2) x25 0x000b0800
core   0: 0x800022ac (0x00000c8d) c.addi  s9, 3
core   0: 3 0x800022ac (0x0c8d) x25 0x000b0803
core   0: 0x800022ae (0x01952023) sw      s9, 0(a0)
core   0: 3 0x800022ae (0x01952023) mem 0x8ffffffc 0x000b0803
core   0: 0x800022b2 (0xb0802cf3) csrr    s9, mhpmcounter8
core   0: 3 0x800022b2 (0xb0802cf3) x25 0x000001a6
core   0: 0x800022b6 (0x01952023) sw      s9, 0(a0)
core   0: 3 0x800022b6 (0x01952023) mem 0x8ffffffc 0x000001a6
core   0: 0x800022ba (0x90000537) lui     a0, 0x90000
core   0: 3 0x800022ba (0x90000537) x10 0x90000000
core   0: 0x800022be (0x00001571) c.addi  a0, -4
core   0: 3 0x800022be (0x1571) x10 0x8ffffffc
core   0: 0x800022c0 (0x00006c85) c.lui   s9, 0x1
core   0: 3 0x800022c0 (0x6c85) x25 0x00001000
core   0: 0x800022c2 (0xb88c8c93) addi    s9, s9, -1144
core   0: 3 0x800022c2 (0xb88c8c93) x25 0x00000b88
core   0: 0x800022c6 (0x00000ca2) c.slli  s9, 8
core   0: 3 0x800022c6 (0x0ca2) x25 0x000b8800
core   0: 0x800022c8 (0x00000c8d) c.addi  s9, 3
core   0: 3 0x800022c8 (0x0c8d) x25 0x000b8803
core   0: 0x800022ca (0x01952023) sw      s9, 0(a0)
core   0: 3 0x800022ca (0x01952023) mem 0x8ffffffc 0x000b8803
core   0: 0x800022ce (0xb8802cf3) csrr    s9, mhpmcounter8h
core   0: 3 0x800022ce (0xb8802cf3) x25 0x00000000
core   0: 0x800022d2 (0x01952023) sw      s9, 0(a0)
core   0: 3 0x800022d2 (0x01952023) mem 0x8ffffffc 0x00000000
core   0: 0x800022d6 (0x90000537) lui     a0, 0x90000
core   0: 3 0x800022d6 (0x90000537) x10 0x90000000
core   0: 0x800022da (0x00001571) c.addi  a0, -4
core   0: 3 0x800022da (0x1571) x10 0x8ffffffc
core   0: 0x800022dc (0x00006c85) c.lui   s9, 0x1
core   0: 3 0x800022dc (0x6c85) x25 0x00001000
core   0: 0x800022de (0xb09c8c93) addi    s9, s9, -1271
core   0: 3 0x800022de (0xb09c8c93) x25 0x00000b09
core   0: 0x800022e2 (0x00000ca2) c.slli  s9, 8
core   0: 3 0x800022e2 (0x0ca2) x25 0x000b0900
core   0: 0x800022e4 (0x00000c8d) c.addi  s9, 3
core   0: 3 0x800022e4 (0x0c8d) x25 0x000b0903
core   0: 0x800022e6 (0x01952023) sw      s9, 0(a0)
core   0: 3 0x800022e6 (0x01952023) mem 0x8ffffffc 0x000b0903
core   0: 0x800022ea (0xb0902cf3) csrr    s9, mhpmcounter9
core   0: 3 0x800022ea (0xb0902cf3) x25 0x000000d7
core   0: 0x800022ee (0x01952023) sw      s9, 0(a0)
core   0: 3 0x800022ee (0x01952023) mem 0x8ffffffc 0x000000d7
core   0: 0x800022f2 (0x90000537) lui     a0, 0x90000
core   0: 3 0x800022f2 (0x90000537) x10 0x90000000
core   0: 0x800022f6 (0x00001571) c.addi  a0, -4
core   0: 3 0x800022f6 (0x1571) x10 0x8ffffffc
core   0: 0x800022f8 (0x00006c85) c.lui   s9, 0x1
core   0: 3 0x800022f8 (0x6c85) x25 0x00001000
core   0: 0x800022fa (0xb89c8c93) addi    s9, s9, -1143
core   0: 3 0x800022fa (0xb89c8c93) x25 0x00000b89
core   0: 0x800022fe (0x00000ca2) c.slli  s9, 8
core   0: 3 0x800022fe (0x0ca2) x25 0x000b8900
core   0: 0x80002300 (0x00000c8d) c.addi  s9, 3
core   0: 3 0x80002300 (0x0c8d) x25 0x000b8903
core   0: 0x80002302 (0x01952023) sw      s9, 0(a0)
core   0: 3 0x80002302 (0x01952023) mem 0x8ffffffc 0x000b8903
core   0: 0x80002306 (0xb8902cf3) csrr    s9, mhpmcounter9h
core   0: 3 0x80002306 (0xb8902cf3) x25 0x00000000
core   0: 0x8000230a (0x01952023) sw      s9, 0(a0)
core   0: 3 0x8000230a (0x01952023) mem 0x8ffffffc 0x00000000
core   0: 0x8000230e (0x90000537) lui     a0, 0x90000
core   0: 3 0x8000230e (0x90000537) x10 0x90000000
core   0: 0x80002312 (0x00001571) c.addi  a0, -4
core   0: 3 0x80002312 (0x1571) x10 0x8ffffffc
core   0: 0x80002314 (0x00006c85) c.lui   s9, 0x1
core   0: 3 0x80002314 (0x6c85) x25 0x00001000
core   0: 0x80002316 (0xb0ac8c93) addi    s9, s9, -1270
core   0: 3 0x80002316 (0xb0ac8c93) x25 0x00000b0a
core   0: 0x8000231a (0x00000ca2) c.slli  s9, 8
core   0: 3 0x8000231a (0x0ca2) x25 0x000b0a00
core   0: 0x8000231c (0x00000c8d) c.addi  s9, 3
core   0: 3 0x8000231c (0x0c8d) x25 0x000b0a03
core   0: 0x8000231e (0x01952023) sw      s9, 0(a0)
core   0: 3 0x8000231e (0x01952023) mem 0x8ffffffc 0x000b0a03
core   0: 0x80002322 (0xb0a02cf3) csrr    s9, mhpmcounter10
core   0: 3 0x80002322 (0xb0a02cf3) x25 0x000003d8
core   0: 0x80002326 (0x01952023) sw      s9, 0(a0)
core   0: 3 0x80002326 (0x01952023) mem 0x8ffffffc 0x000003d8
core   0: 0x8000232a (0x90000537) lui     a0, 0x90000
core   0: 3 0x8000232a (0x90000537) x10 0x90000000
core   0: 0x8000232e (0x00001571) c.addi  a0, -4
core   0: 3 0x8000232e (0x1571) x10 0x8ffffffc
core   0: 0x80002330 (0x00006c85) c.lui   s9, 0x1
core   0: 3 0x80002330 (0x6c85) x25 0x00001000
core   0: 0x80002332 (0xb8ac8c93) addi    s9, s9, -1142
core   0: 3 0x80002332 (0xb8ac8c93) x25 0x00000b8a
core   0: 0x80002336 (0x00000ca2) c.slli  s9, 8
core   0: 3 0x80002336 (0x0ca2) x25 0x000b8a00
core   0: 0x80002338 (0x00000c8d) c.addi  s9, 3
core   0: 3 0x80002338 (0x0c8d) x25 0x000b8a03
core   0: 0x8000233a (0x01952023) sw      s9, 0(a0)
core   0: 3 0x8000233a (0x01952023) mem 0x8ffffffc 0x000b8a03
core   0: 0x8000233e (0xb8a02cf3) csrr    s9, mhpmcounter10h
core   0: 3 0x8000233e (0xb8a02cf3) x25 0x00000000
core   0: 0x80002342 (0x01952023) sw      s9, 0(a0)
core   0: 3 0x80002342 (0x01952023) mem 0x8ffffffc 0x00000000
core   0: 0x80002346 (0x90000537) lui     a0, 0x90000
core   0: 3 0x80002346 (0x90000537) x10 0x90000000
core   0: 0x8000234a (0x00001571) c.addi  a0, -4
core   0: 3 0x8000234a (0x1571) x10 0x8ffffffc
core   0: 0x8000234c (0x00006c85) c.lui   s9, 0x1
core   0: 3 0x8000234c (0x6c85) x25 0x00001000
core   0: 0x8000234e (0xb0bc8c93) addi    s9, s9, -1269
core   0: 3 0x8000234e (0xb0bc8c93) x25 0x00000b0b
core   0: 0x80002352 (0x00000ca2) c.slli  s9, 8
core   0: 3 0x80002352 (0x0ca2) x25 0x000b0b00
core   0: 0x80002354 (0x00000c8d) c.addi  s9, 3
core   0: 3 0x80002354 (0x0c8d) x25 0x000b0b03
core   0: 0x80002356 (0x01952023) sw      s9, 0(a0)
core   0: 3 0x80002356 (0x01952023) mem 0x8ffffffc 0x000b0b03
core   0: 0x8000235a (0xb0b02cf3) csrr    s9, mhpmcounter11
core   0: 3 0x8000235a (0xb0b02cf3) x25 0x000000a3
core   0: 0x8000235e (0x01952023) sw      s9, 0(a0)
core   0: 3 0x8000235e (0x01952023) mem 0x8ffffffc 0x000000a3
core   0: 0x80002362 (0x90000537) lui     a0, 0x90000
core   0: 3 0x80002362 (0x90000537) x10 0x90000000
core   0: 0x80002366 (0x00001571) c.addi  a0, -4
core   0: 3 0x80002366 (0x1571) x10 0x8ffffffc
core   0: 0x80002368 (0x00006c85) c.lui   s9, 0x1
core   0: 3 0x80002368 (0x6c85) x25 0x00001000
core   0: 0x8000236a (0xb8bc8c93) addi    s9, s9, -1141
core   0: 3 0x8000236a (0xb8bc8c93) x25 0x00000b8b
core   0: 0x8000236e (0x00000ca2) c.slli  s9, 8
core   0: 3 0x8000236e (0x0ca2) x25 0x000b8b00
core   0: 0x80002370 (0x00000c8d) c.addi  s9, 3
core   0: 3 0x80002370 (0x0c8d) x25 0x000b8b03
core   0: 0x80002372 (0x01952023) sw      s9, 0(a0)
core   0: 3 0x80002372 (0x01952023) mem 0x8ffffffc 0x000b8b03
core   0: 0x80002376 (0xb8b02cf3) csrr    s9, mhpmcounter11h
core   0: 3 0x80002376 (0xb8b02cf3) x25 0x00000000
core   0: 0x8000237a (0x01952023) sw      s9, 0(a0)
core   0: 3 0x8000237a (0x01952023) mem 0x8ffffffc 0x00000000
core   0: 0x8000237e (0x90000537) lui     a0, 0x90000
core   0: 3 0x8000237e (0x90000537) x10 0x90000000
core   0: 0x80002382 (0x00001571) c.addi  a0, -4
core   0: 3 0x80002382 (0x1571) x10 0x8ffffffc
core   0: 0x80002384 (0x00006c85) c.lui   s9, 0x1
core   0: 3 0x80002384 (0x6c85) x25 0x00001000
core   0: 0x80002386 (0xb0cc8c93) addi    s9, s9, -1268
core   0: 3 0x80002386 (0xb0cc8c93) x25 0x00000b0c
core   0: 0x8000238a (0x00000ca2) c.slli  s9, 8
core   0: 3 0x8000238a (0x0ca2) x25 0x000b0c00
core   0: 0x8000238c (0x00000c8d) c.addi  s9, 3
core   0: 3 0x8000238c (0x0c8d) x25 0x000b0c03
core   0: 0x8000238e (0x01952023) sw      s9, 0(a0)
core   0: 3 0x8000238e (0x01952023) mem 0x8ffffffc 0x000b0c03
core   0: 0x80002392 (0xb0c02cf3) csrr    s9, mhpmcounter12
core   0: 3 0x80002392 (0xb0c02cf3) x25 0x000012fe
core   0: 0x80002396 (0x01952023) sw      s9, 0(a0)
core   0: 3 0x80002396 (0x01952023) mem 0x8ffffffc 0x000012fe
core   0: 0x8000239a (0x90000537) lui     a0, 0x90000
core   0: 3 0x8000239a (0x90000537) x10 0x90000000
core   0: 0x8000239e (0x00001571) c.addi  a0, -4
core   0: 3 0x8000239e (0x1571) x10 0x8ffffffc
core   0: 0x800023a0 (0x00006c85) c.lui   s9, 0x1
core   0: 3 0x800023a0 (0x6c85) x25 0x00001000
core   0: 0x800023a2 (0xb8cc8c93) addi    s9, s9, -1140
core   0: 3 0x800023a2 (0xb8cc8c93) x25 0x00000b8c
core   0: 0x800023a6 (0x00000ca2) c.slli  s9, 8
core   0: 3 0x800023a6 (0x0ca2) x25 0x000b8c00
core   0: 0x800023a8 (0x00000c8d) c.addi  s9, 3
core   0: 3 0x800023a8 (0x0c8d) x25 0x000b8c03
core   0: 0x800023aa (0x01952023) sw      s9, 0(a0)
core   0: 3 0x800023aa (0x01952023) mem 0x8ffffffc 0x000b8c03
core   0: 0x800023ae (0xb8c02cf3) csrr    s9, mhpmcounter12h
core   0: 3 0x800023ae (0xb8c02cf3) x25 0x00000000
core   0: 0x800023b2 (0x01952023) sw      s9, 0(a0)
core   0: 3 0x800023b2 (0x01952023) mem 0x8ffffffc 0x00000000
core   0: 0x800023b6 (0xffffec97) auipc   s9, 0xffffe
core   0: 3 0x800023b6 (0xffffec97) x25 0x800003b6
core   0: 0x800023ba (0xccac8c93) addi    s9, s9, -822
core   0: 3 0x800023ba (0xccac8c93) x25 0x80000080
core   0: 0x800023be (0x000ca023) sw      zero, 0(s9)
core   0: 3 0x800023be (0x000ca023) mem 0x80000080 0x00000000
core   0: 0x800023c2 (0x001ca223) sw      ra, 4(s9)
core   0: 3 0x800023c2 (0x001ca223) mem 0x80000084 0x00000000
core   0: 0x800023c6 (0x002ca423) sw      sp, 8(s9)
core   0: 3 0x800023c6 (0x002ca423) mem 0x80000088 0x80025c60
core   0: 0x800023ca (0x003ca623) sw      gp, 12(s9)
core   0: 3 0x800023ca (0x003ca623) mem 0x8000008c 0x00000000
core   0: 0x800023ce (0x004ca823) sw      tp, 16(s9)
core   0: 3 0x800023ce (0x004ca823) mem 0x80000090 0x00020000
core   0: 0x800023d2 (0x005caa23) sw      t0, 20(s9)
core   0: 3 0x800023d2 (0x005caa23) mem 0x80000094 0x00000000
core   0: 0x800023d6 (0x006cac23) sw      t1, 24(s9)
core   0: 3 0x800023d6 (0x006cac23) mem 0x80000098 0x00000001
core   0: 0x800023da (0x007cae23) sw      t2, 28(s9)
core   0: 3 0x800023da (0x007cae23) mem 0x8000009c 0xffffffff
core   0: 0x800023de (0x028ca023) sw      s0, 32(s9)
core   0: 3 0x800023de (0x028ca023) mem 0x800000a0 0x00000001
core   0: 0x800023e2 (0x029ca223) sw      s1, 36(s9)
core   0: 3 0x800023e2 (0x029ca223) mem 0x800000a4 0xffffffff
core   0: 0x800023e6 (0x02aca423) sw      a0, 40(s9)
core   0: 3 0x800023e6 (0x02aca423) mem 0x800000a8 0x8ffffffc
core   0: 0x800023ea (0x02bca623) sw      a1, 44(s9)
core   0: 3 0x800023ea (0x02bca623) mem 0x800000ac 0x00000009
core   0: 0x800023ee (0x02cca823) sw      a2, 48(s9)
core   0: 3 0x800023ee (0x02cca823) mem 0x800000b0 0x00000000
core   0: 0x800023f2 (0x02dcaa23) sw      a3, 52(s9)
core   0: 3 0x800023f2 (0x02dcaa23) mem 0x800000b4 0x0001fb43
core   0: 0x800023f6 (0x02ecac23) sw      a4, 56(s9)
core   0: 3 0x800023f6 (0x02ecac23) mem 0x800000b8 0x00000000
core   0: 0x800023fa (0x02fcae23) sw      a5, 60(s9)
core   0: 3 0x800023fa (0x02fcae23) mem 0x800000bc 0x80025c60
core   0: 0x800023fe (0x050ca023) sw      a6, 64(s9)
core   0: 3 0x800023fe (0x050ca023) mem 0x800000c0 0xffffffff
core   0: 0x80002402 (0x051ca223) sw      a7, 68(s9)
core   0: 3 0x80002402 (0x051ca223) mem 0x800000c4 0x00048000
core   0: 0x80002406 (0x052ca423) sw      s2, 72(s9)
core   0: 3 0x80002406 (0x052ca423) mem 0x800000c8 0xfffffcc2
core   0: 0x8000240a (0x053ca623) sw      s3, 76(s9)
core   0: 3 0x8000240a (0x053ca623) mem 0x800000cc 0x00000001
core   0: 0x8000240e (0x054ca823) sw      s4, 80(s9)
core   0: 3 0x8000240e (0x054ca823) mem 0x800000d0 0xe1c5610d
core   0: 0x80002412 (0x055caa23) sw      s5, 84(s9)
core   0: 3 0x80002412 (0x055caa23) mem 0x800000d4 0x80000388
core   0: 0x80002416 (0x056cac23) sw      s6, 88(s9)
core   0: 3 0x80002416 (0x056cac23) mem 0x800000d8 0x00000000
core   0: 0x8000241a (0x057cae23) sw      s7, 92(s9)
core   0: 3 0x8000241a (0x057cae23) mem 0x800000dc 0xfffffff6
core   0: 0x8000241e (0x078ca023) sw      s8, 96(s9)
core   0: 3 0x8000241e (0x078ca023) mem 0x800000e0 0x00020000
core   0: 0x80002422 (0x079ca223) sw      s9, 100(s9)
core   0: 3 0x80002422 (0x079ca223) mem 0x800000e4 0x80000080
core   0: 0x80002426 (0x07aca423) sw      s10, 104(s9)
core   0: 3 0x80002426 (0x07aca423) mem 0x800000e8 0x80002fb1
core   0: 0x8000242a (0x07bca623) sw      s11, 108(s9)
core   0: 3 0x8000242a (0x07bca623) mem 0x800000ec 0xffffffff
core   0: 0x8000242e (0x07cca823) sw      t3, 112(s9)
core   0: 3 0x8000242e (0x07cca823) mem 0x800000f0 0x80002db1
core   0: 0x80002432 (0x07dcaa23) sw      t4, 116(s9)
core   0: 3 0x80002432 (0x07dcaa23) mem 0x800000f4 0xff00043c
core   0: 0x80002436 (0x07ecac23) sw      t5, 120(s9)
core   0: 3 0x80002436 (0x07ecac23) mem 0x800000f8 0xe1c5657e
core   0: 0x8000243a (0x07fcae23) sw      t6, 124(s9)
core   0: 3 0x8000243a (0x07fcae23) mem 0x800000fc 0xffffffff
core   0: 0x8000243e (0x34102cf3) csrr    s9, mepc
core   0: 3 0x8000243e (0x34102cf3) x25 0x80000398
core   0: 0x80002442 (0x00000c91) c.addi  s9, 4
core   0: 3 0x80002442 (0x0c91) x25 0x8000039c
core   0: 0x80002444 (0x341c9073) csrw    mepc, s9
core   0: 3 0x80002444 (0x341c9073) c833_mepc 0x8000039c
core   0: 0x80002448 (0x30200073) mret
core   0: 3 0x80002448 (0x30200073) c768_mstatus 0x00000080
core   0: 0x8000039c (0x90000537) lui     a0, 0x90000
core   0: 3 0x8000039c (0x90000537) x10 0x90000000
core   0: 0x800003a0 (0x00001561) c.addi  a0, -8
core   0: 3 0x800003a0 (0x1561) x10 0x8ffffff8
core   0: 0x800003a2 (0x00004c85) c.li    s9, 1
core   0: 3 0x800003a2 (0x4c85) x25 0x00000001
core   0: 0x800003a4 (0x00000ca2) c.slli  s9, 8
core   0: 3 0x800003a4 (0x0ca2) x25 0x00000100
core   0: 0x800003a6 (0x00000c85) c.addi  s9, 1
core   0: 3 0x800003a6 (0x0c85) x25 0x00000101
core   0: 0x800003a8 (0x01952023) sw      s9, 0(a0)
core   0: 3 0x800003a8 (0x01952023) mem 0x8ffffff8 0x00000101
core   0: 0x800003ac (0x00000073) ecall
core   0: exception trap_machine_ecall, epc 0x800003ac
core   0: 0x80002000 (0x0800006f) j       pc + 0x80
core   0: 3 0x80002000 (0x0800006f)
core   0: 0x80002080 (0x000017f1) c.addi  a5, -4
core   0: 3 0x80002080 (0x17f1) x15 0x80025c5c
core   0: 0x80002082 (0x0027a023) sw      sp, 0(a5)
core   0: 3 0x80002082 (0x0027a023) mem 0x80025c5c 0x80025c60
core   0: 0x80002086 (0x00078133) add     sp, a5, zero
core   0: 3 0x80002086 (0x00078133) x2  0x80025c5c
core   0: 0x8000208a (0x00007119) c.addi16sp sp, -128
core   0: 3 0x8000208a (0x7119) x2  0x80025bdc
core   0: 0x8000208c (0x0000c206) c.swsp  ra, 4(sp)
core   0: 3 0x8000208c (0xc206) mem 0x80025be0 0x00000000
core   0: 0x8000208e (0x0000c40a) c.swsp  sp, 8(sp)
core   0: 3 0x8000208e (0xc40a) mem 0x80025be4 0x80025bdc
core   0: 0x80002090 (0x0000c60e) c.swsp  gp, 12(sp)
core   0: 3 0x80002090 (0xc60e) mem 0x80025be8 0x00000000
core   0: 0x80002092 (0x0000c812) c.swsp  tp, 16(sp)
core   0: 3 0x80002092 (0xc812) mem 0x80025bec 0x00020000
core   0: 0x80002094 (0x0000ca16) c.swsp  t0, 20(sp)
core   0: 3 0x80002094 (0xca16) mem 0x80025bf0 0x00000000
core   0: 0x80002096 (0x0000cc1a) c.swsp  t1, 24(sp)
core   0: 3 0x80002096 (0xcc1a) mem 0x80025bf4 0x00000001
core   0: 0x80002098 (0x0000ce1e) c.swsp  t2, 28(sp)
core   0: 3 0x80002098 (0xce1e) mem 0x80025bf8 0xffffffff
core   0: 0x8000209a (0x0000d022) c.swsp  s0, 32(sp)
core   0: 3 0x8000209a (0xd022) mem 0x80025bfc 0x00000001
core   0: 0x8000209c (0x0000d226) c.swsp  s1, 36(sp)
core   0: 3 0x8000209c (0xd226) mem 0x80025c00 0xffffffff
core   0: 0x8000209e (0x0000d42a) c.swsp  a0, 40(sp)
core   0: 3 0x8000209e (0xd42a) mem 0x80025c04 0x8ffffff8
core   0: 0x800020a0 (0x0000d62e) c.swsp  a1, 44(sp)
core   0: 3 0x800020a0 (0xd62e) mem 0x80025c08 0x00000009
core   0: 0x800020a2 (0x0000d832) c.swsp  a2, 48(sp)
core   0: 3 0x800020a2 (0xd832) mem 0x80025c0c 0x00000000
core   0: 0x800020a4 (0x0000da36) c.swsp  a3, 52(sp)
core   0: 3 0x800020a4 (0xda36) mem 0x80025c10 0x0001fb43
core   0: 0x800020a6 (0x0000dc3a) c.swsp  a4, 56(sp)
core   0: 3 0x800020a6 (0xdc3a) mem 0x80025c14 0x00000000
core   0: 0x800020a8 (0x0000de3e) c.swsp  a5, 60(sp)
core   0: 3 0x800020a8 (0xde3e) mem 0x80025c18 0x80025c5c
core   0: 0x800020aa (0x0000c0c2) c.swsp  a6, 64(sp)
core   0: 3 0x800020aa (0xc0c2) mem 0x80025c1c 0xffffffff
core   0: 0x800020ac (0x0000c2c6) c.swsp  a7, 68(sp)
core   0: 3 0x800020ac (0xc2c6) mem 0x80025c20 0x00048000
core   0: 0x800020ae (0x0000c4ca) c.swsp  s2, 72(sp)
core   0: 3 0x800020ae (0xc4ca) mem 0x80025c24 0xfffffcc2
core   0: 0x800020b0 (0x0000c6ce) c.swsp  s3, 76(sp)
core   0: 3 0x800020b0 (0xc6ce) mem 0x80025c28 0x00000001
core   0: 0x800020b2 (0x0000c8d2) c.swsp  s4, 80(sp)
core   0: 3 0x800020b2 (0xc8d2) mem 0x80025c2c 0xe1c5610d
core   0: 0x800020b4 (0x0000cad6) c.swsp  s5, 84(sp)
core   0: 3 0x800020b4 (0xcad6) mem 0x80025c30 0x80000388
core   0: 0x800020b6 (0x0000ccda) c.swsp  s6, 88(sp)
core   0: 3 0x800020b6 (0xccda) mem 0x80025c34 0x00000000
core   0: 0x800020b8 (0x0000cede) c.swsp  s7, 92(sp)
core   0: 3 0x800020b8 (0xcede) mem 0x80025c38 0xfffffff6
core   0: 0x800020ba (0x0000d0e2) c.swsp  s8, 96(sp)
core   0: 3 0x800020ba (0xd0e2) mem 0x80025c3c 0x00020000
core   0: 0x800020bc (0x0000d2e6) c.swsp  s9, 100(sp)
core   0: 3 0x800020bc (0xd2e6) mem 0x80025c40 0x00000101
core   0: 0x800020be (0x0000d4ea) c.swsp  s10, 104(sp)
core   0: 3 0x800020be (0xd4ea) mem 0x80025c44 0x80002fb1
core   0: 0x800020c0 (0x0000d6ee) c.swsp  s11, 108(sp)
core   0: 3 0x800020c0 (0xd6ee) mem 0x80025c48 0xffffffff
core   0: 0x800020c2 (0x0000d8f2) c.swsp  t3, 112(sp)
core   0: 3 0x800020c2 (0xd8f2) mem 0x80025c4c 0x80002db1
core   0: 0x800020c4 (0x0000daf6) c.swsp  t4, 116(sp)
core   0: 3 0x800020c4 (0xdaf6) mem 0x80025c50 0xff00043c
core   0: 0x800020c6 (0x0000dcfa) c.swsp  t5, 120(sp)
core   0: 3 0x800020c6 (0xdcfa) mem 0x80025c54 0xe1c5657e
core   0: 0x800020c8 (0x0000defe) c.swsp  t6, 124(sp)
core   0: 3 0x800020c8 (0xdefe) mem 0x80025c58 0xffffffff
core   0: 0x800020ca (0x000107b3) add     a5, sp, zero
core   0: 3 0x800020ca (0x000107b3) x15 0x80025bdc
core   0: 0x800020ce (0x90000537) lui     a0, 0x90000
core   0: 3 0x800020ce (0x90000537) x10 0x90000000
core   0: 0x800020d2 (0x00001571) c.addi  a0, -4
core   0: 3 0x800020d2 (0x1571) x10 0x8ffffffc
core   0: 0x800020d4 (0x00004ca1) c.li    s9, 8
core   0: 3 0x800020d4 (0x4ca1) x25 0x00000008
core   0: 0x800020d6 (0x00000ca2) c.slli  s9, 8
core   0: 3 0x800020d6 (0x0ca2) x25 0x00000800
core   0: 0x800020d8 (0x000c8c93) mv      s9, s9
core   0: 3 0x800020d8 (0x000c8c93) x25 0x00000800
core   0: 0x800020dc (0x01952023) sw      s9, 0(a0)
core   0: 3 0x800020dc (0x01952023) mem 0x8ffffffc 0x00000800
core   0: 0x800020e0 (0x34102cf3) csrr    s9, mepc
core   0: 3 0x800020e0 (0x34102cf3) x25 0x800003ac
core   0: 0x800020e4 (0x34202cf3) csrr    s9, mcause
core   0: 3 0x800020e4 (0x34202cf3) x25 0x0000000b
core   0: 0x800020e8 (0x0000450d) c.li    a0, 3
core   0: 3 0x800020e8 (0x450d) x10 0x00000003
core   0: 0x800020ea (0x00ac9463) bne     s9, a0, pc + 8
core   0: 3 0x800020ea (0x00ac9463)
core   0: 0x800020f2 (0x00004521) c.li    a0, 8
core   0: 3 0x800020f2 (0x4521) x10 0x00000008
core   0: 0x800020f4 (0x04ac8d63) beq     s9, a0, pc + 90
core   0: 3 0x800020f4 (0x04ac8d63)
core   0: 0x800020f8 (0x00004525) c.li    a0, 9
core   0: 3 0x800020f8 (0x4525) x10 0x00000009
core   0: 0x800020fa (0x04ac8a63) beq     s9, a0, pc + 84
core   0: 3 0x800020fa (0x04ac8a63)
core   0: 0x800020fe (0x0000452d) c.li    a0, 11
core   0: 3 0x800020fe (0x452d) x10 0x0000000b
core   0: 0x80002100 (0x04ac8763) beq     s9, a0, pc + 78
core   0: 3 0x80002100 (0x04ac8763)
core   0: 0x8000214e (0x90000537) lui     a0, 0x90000
core   0: 3 0x8000214e (0x90000537) x10 0x90000000
core   0: 0x80002152 (0x00001571) c.addi  a0, -4
core   0: 3 0x80002152 (0x1571) x10 0x8ffffffc
core   0: 0x80002154 (0x00006c85) c.lui   s9, 0x1
core   0: 3 0x80002154 (0x6c85) x25 0x00001000
core   0: 0x80002156 (0xb00c8c93) addi    s9, s9, -1280
core   0: 3 0x80002156 (0xb00c8c93) x25 0x00000b00
core   0: 0x8000215a (0x00000ca2) c.slli  s9, 8
core   0: 3 0x8000215a (0x0ca2) x25 0x000b0000
core   0: 0x8000215c (0x00000c8d) c.addi  s9, 3
core   0: 3 0x8000215c (0x0c8d) x25 0x000b0003
core   0: 0x8000215e (0x01952023) sw      s9, 0(a0)
core   0: 3 0x8000215e (0x01952023) mem 0x8ffffffc 0x000b0003
core   0: 0x80002162 (0xb0002cf3) csrr    s9, mcycle
core   0: 3 0x80002162 (0xb0002cf3) x25 0x00008f7a
core   0: 0x80002166 (0x01952023) sw      s9, 0(a0)
core   0: 3 0x80002166 (0x01952023) mem 0x8ffffffc 0x00008f7a
core   0: 0x8000216a (0x90000537) lui     a0, 0x90000
core   0: 3 0x8000216a (0x90000537) x10 0x90000000
core   0: 0x8000216e (0x00001571) c.addi  a0, -4
core   0: 3 0x8000216e (0x1571) x10 0x8ffffffc
core   0: 0x80002170 (0x00006c85) c.lui   s9, 0x1
core   0: 3 0x80002170 (0x6c85) x25 0x00001000
core   0: 0x80002172 (0xb80c8c93) addi    s9, s9, -1152
core   0: 3 0x80002172 (0xb80c8c93) x25 0x00000b80
core   0: 0x80002176 (0x00000ca2) c.slli  s9, 8
core   0: 3 0x80002176 (0x0ca2) x25 0x000b8000
core   0: 0x80002178 (0x00000c8d) c.addi  s9, 3
core   0: 3 0x80002178 (0x0c8d) x25 0x000b8003
core   0: 0x8000217a (0x01952023) sw      s9, 0(a0)
core   0: 3 0x8000217a (0x01952023) mem 0x8ffffffc 0x000b8003
core   0: 0x8000217e (0xb8002cf3) csrr    s9, mcycleh
core   0: 3 0x8000217e (0xb8002cf3) x25 0x00000000
core   0: 0x80002182 (0x01952023) sw      s9, 0(a0)
core   0: 3 0x80002182 (0x01952023) mem 0x8ffffffc 0x00000000
core   0: 0x80002186 (0x90000537) lui     a0, 0x90000
core   0: 3 0x80002186 (0x90000537) x10 0x90000000
core   0: 0x8000218a (0x00001571) c.addi  a0, -4
core   0: 3 0x8000218a (0x1571) x10 0x8ffffffc
core   0: 0x8000218c (0x00006c85) c.lui   s9, 0x1
core   0: 3 0x8000218c (0x6c85) x25 0x00001000
core   0: 0x8000218e (0xb03c8c93) addi    s9, s9, -1277
core   0: 3 0x8000218e (0xb03c8c93) x25 0x00000b03
core   0: 0x80002192 (0x00000ca2) c.slli  s9, 8
core   0: 3 0x80002192 (0x0ca2) x25 0x000b0300
core   0: 0x80002194 (0x00000c8d) c.addi  s9, 3
core   0: 3 0x80002194 (0x0c8d) x25 0x000b0303
core   0: 0x80002196 (0x01952023) sw      s9, 0(a0)
core   0: 3 0x80002196 (0x01952023) mem 0x8ffffffc 0x000b0303
core   0: 0x8000219a (0xb0302cf3) csrr    s9, mhpmcounter3
core   0: 3 0x8000219a (0xb0302cf3) x25 0x00000338
core   0: 0x8000219e (0x01952023) sw      s9, 0(a0)
core   0: 3 0x8000219e (0x01952023) mem 0x8ffffffc 0x00000338
core   0: 0x800021a2 (0x90000537) lui     a0, 0x90000
core   0: 3 0x800021a2 (0x90000537) x10 0x90000000
core   0: 0x800021a6 (0x00001571) c.addi  a0, -4
core   0: 3 0x800021a6 (0x1571) x10 0x8ffffffc
core   0: 0x800021a8 (0x00006c85) c.lui   s9, 0x1
core   0: 3 0x800021a8 (0x6c85) x25 0x00001000
core   0: 0x800021aa (0xb83c8c93) addi    s9, s9, -1149
core   0: 3 0x800021aa (0xb83c8c93) x25 0x00000b83
core   0: 0x800021ae (0x00000ca2) c.slli  s9, 8
core   0: 3 0x800021ae (0x0ca2) x25 0x000b8300
core   0: 0x800021b0 (0x00000c8d) c.addi  s9, 3
core   0: 3 0x800021b0 (0x0c8d) x25 0x000b8303
