Time	Cycle	PC	Insn	Decoded instruction	Register and memory contents
        1055000	         6	80000080	40001cb7	lui	x25,0x40001	 x25=0x40001000
        1065000	         7	80000084	106c8c93	addi	x25,x25,262	 x25:0x40001000 x25=0x40001106
        1075000	         8	80000088	301c9073	csrrw	x0,misa,x25	 x25:0x40001106  x0=0x00000000
        1105000	        11	8000008c	00026797	auipc	x15,0x26	 x15=0x8002608c
        1115000	        12	80000090	c5878793	addi	x15,x15,-936	 x15:0x8002608c x15=0x80025ce4
        1125000	        13	80000094	00002c97	auipc	x25,0x2	 x25=0x80002094
        1135000	        14	80000098	f6cc8c93	addi	x25,x25,-148	 x25:0x80002094 x25=0x80002000
        1145000	        15	8000009c	001cec93	ori	x25,x25,1	 x25:0x80002000 x25=0x80002001
        1155000	        16	800000a0	305c9073	csrrw	x0,mtvec,x25	 x25:0x80002001  x0=0x00000000
        1185000	        19	800000a4	74725073	csrrwi	x0,0x747,4	  x0=0x00000000
        1215000	        22	800000a8	00003a97	auipc	x21,0x3	 x21=0x800030a8
        1225000	        23	800000ac	c44a8a93	addi	x21,x21,-956	 x21:0x800030a8 x21=0x80002cec
        1235000	        24	800000b0	4c81	c.li	x25,0	 x25=0x00000000
        1245000	        25	800000b2	9ae6	c.add	x21,x25	 x21:0x80002cec x25:0x00000000 x21=0x80002cec
        1255000	        26	800000b4	002ada93	srli	x21,x21,0x2	 x21:0x80002cec x21=0x20000b3b
        1265000	        27	800000b8	3b0a9073	csrrw	x0,pmpaddr0,x21	 x21:0x20000b3b  x0=0x00000000
        1295000	        30	800000bc	00003a97	auipc	x21,0x3	 x21=0x800030bc
        1305000	        31	800000c0	c30a8a93	addi	x21,x21,-976	 x21:0x800030bc x21=0x80002cec
        1315000	        32	800000c4	11111cb7	lui	x25,0x11111	 x25=0x11111000
        1325000	        33	800000c8	111c8c93	addi	x25,x25,273	 x25:0x11111000 x25=0x11111111
        1335000	        34	800000cc	9ae6	c.add	x21,x25	 x21:0x80002cec x25:0x11111111 x21=0x91113dfd
        1345000	        35	800000ce	002ada93	srli	x21,x21,0x2	 x21:0x91113dfd x21=0x24444f7f
        1355000	        36	800000d2	3b1a9073	csrrw	x0,pmpaddr1,x21	 x21:0x24444f7f  x0=0x00000000
        1385000	        39	800000d6	00003a97	auipc	x21,0x3	 x21=0x800030d6
        1395000	        40	800000da	c16a8a93	addi	x21,x21,-1002	 x21:0x800030d6 x21=0x80002cec
        1405000	        41	800000de	22222cb7	lui	x25,0x22222	 x25=0x22222000
        1415000	        42	800000e2	222c8c93	addi	x25,x25,546	 x25:0x22222000 x25=0x22222222
        1425000	        43	800000e6	9ae6	c.add	x21,x25	 x21:0x80002cec x25:0x22222222 x21=0xa2224f0e
        1435000	        44	800000e8	002ada93	srli	x21,x21,0x2	 x21:0xa2224f0e x21=0x288893c3
        1445000	        45	800000ec	3b2a9073	csrrw	x0,pmpaddr2,x21	 x21:0x288893c3  x0=0x00000000
        1475000	        48	800000f0	00003a97	auipc	x21,0x3	 x21=0x800030f0
        1485000	        49	800000f4	bfca8a93	addi	x21,x21,-1028	 x21:0x800030f0 x21=0x80002cec
        1495000	        50	800000f8	33333cb7	lui	x25,0x33333	 x25=0x33333000
        1505000	        51	800000fc	333c8c93	addi	x25,x25,819	 x25:0x33333000 x25=0x33333333
        1515000	        52	80000100	9ae6	c.add	x21,x25	 x21:0x80002cec x25:0x33333333 x21=0xb333601f
        1525000	        53	80000102	002ada93	srli	x21,x21,0x2	 x21:0xb333601f x21=0x2cccd807
        1535000	        54	80000106	3b3a9073	csrrw	x0,pmpaddr3,x21	 x21:0x2cccd807  x0=0x00000000
        1565000	        57	8000010a	0f0f1ab7	lui	x21,0xf0f1	 x21=0x0f0f1000
        1575000	        58	8000010e	f0fa8a93	addi	x21,x21,-241	 x21:0x0f0f1000 x21=0x0f0f0f0f
        1585000	        59	80000112	3a0a9073	csrrw	x0,pmpcfg0,x21	 x21:0x0f0f0f0f  x0=0x00000000
        1615000	        62	80000116	00003a97	auipc	x21,0x3	 x21=0x80003116
        1625000	        63	8000011a	bd6a8a93	addi	x21,x21,-1066	 x21:0x80003116 x21=0x80002cec
        1635000	        64	8000011e	44444cb7	lui	x25,0x44444	 x25=0x44444000
        1645000	        65	80000122	444c8c93	addi	x25,x25,1092	 x25:0x44444000 x25=0x44444444
        1655000	        66	80000126	9ae6	c.add	x21,x25	 x21:0x80002cec x25:0x44444444 x21=0xc4447130
        1665000	        67	80000128	002ada93	srli	x21,x21,0x2	 x21:0xc4447130 x21=0x31111c4c
        1675000	        68	8000012c	3b4a9073	csrrw	x0,pmpaddr4,x21	 x21:0x31111c4c  x0=0x00000000
        1705000	        71	80000130	00003a97	auipc	x21,0x3	 x21=0x80003130
        1715000	        72	80000134	bbca8a93	addi	x21,x21,-1092	 x21:0x80003130 x21=0x80002cec
        1725000	        73	80000138	55555cb7	lui	x25,0x55555	 x25=0x55555000
        1735000	        74	8000013c	555c8c93	addi	x25,x25,1365	 x25:0x55555000 x25=0x55555555
        1745000	        75	80000140	9ae6	c.add	x21,x25	 x21:0x80002cec x25:0x55555555 x21=0xd5558241
        1755000	        76	80000142	002ada93	srli	x21,x21,0x2	 x21:0xd5558241 x21=0x35556090
        1765000	        77	80000146	3b5a9073	csrrw	x0,pmpaddr5,x21	 x21:0x35556090  x0=0x00000000
        1795000	        80	8000014a	00003a97	auipc	x21,0x3	 x21=0x8000314a
        1805000	        81	8000014e	ba2a8a93	addi	x21,x21,-1118	 x21:0x8000314a x21=0x80002cec
        1815000	        82	80000152	66666cb7	lui	x25,0x66666	 x25=0x66666000
        1825000	        83	80000156	666c8c93	addi	x25,x25,1638	 x25:0x66666000 x25=0x66666666
        1835000	        84	8000015a	9ae6	c.add	x21,x25	 x21:0x80002cec x25:0x66666666 x21=0xe6669352
        1845000	        85	8000015c	002ada93	srli	x21,x21,0x2	 x21:0xe6669352 x21=0x3999a4d4
        1855000	        86	80000160	3b6a9073	csrrw	x0,pmpaddr6,x21	 x21:0x3999a4d4  x0=0x00000000
        1885000	        89	80000164	00003a97	auipc	x21,0x3	 x21=0x80003164
        1895000	        90	80000168	b88a8a93	addi	x21,x21,-1144	 x21:0x80003164 x21=0x80002cec
        1905000	        91	8000016c	77777cb7	lui	x25,0x77777	 x25=0x77777000
        1915000	        92	80000170	777c8c93	addi	x25,x25,1911	 x25:0x77777000 x25=0x77777777
        1925000	        93	80000174	9ae6	c.add	x21,x25	 x21:0x80002cec x25:0x77777777 x21=0xf777a463
        1935000	        94	80000176	002ada93	srli	x21,x21,0x2	 x21:0xf777a463 x21=0x3ddde918
        1945000	        95	8000017a	3b7a9073	csrrw	x0,pmpaddr7,x21	 x21:0x3ddde918  x0=0x00000000
        1975000	        98	8000017e	0f0f1ab7	lui	x21,0xf0f1	 x21=0x0f0f1000
        1985000	        99	80000182	f0fa8a93	addi	x21,x21,-241	 x21:0x0f0f1000 x21=0x0f0f0f0f
        1995000	       100	80000186	3a1a9073	csrrw	x0,pmpcfg1,x21	 x21:0x0f0f0f0f  x0=0x00000000
        2025000	       103	8000018a	00003a97	auipc	x21,0x3	 x21=0x8000318a
        2035000	       104	8000018e	b62a8a93	addi	x21,x21,-1182	 x21:0x8000318a x21=0x80002cec
        2045000	       105	80000192	88889cb7	lui	x25,0x88889	 x25=0x88889000
        2055000	       106	80000196	888c8c93	addi	x25,x25,-1912	 x25:0x88889000 x25=0x88888888
        2065000	       107	8000019a	9ae6	c.add	x21,x25	 x21:0x80002cec x25:0x88888888 x21=0x0888b574
        2075000	       108	8000019c	002ada93	srli	x21,x21,0x2	 x21:0x0888b574 x21=0x02222d5d
        2085000	       109	800001a0	3b8a9073	csrrw	x0,pmpaddr8,x21	 x21:0x02222d5d  x0=0x00000000
        2115000	       112	800001a4	00003a97	auipc	x21,0x3	 x21=0x800031a4
        2125000	       113	800001a8	b48a8a93	addi	x21,x21,-1208	 x21:0x800031a4 x21=0x80002cec
        2135000	       114	800001ac	9999acb7	lui	x25,0x9999a	 x25=0x9999a000
        2145000	       115	800001b0	999c8c93	addi	x25,x25,-1639	 x25:0x9999a000 x25=0x99999999
        2155000	       116	800001b4	9ae6	c.add	x21,x25	 x21:0x80002cec x25:0x99999999 x21=0x1999c685
        2165000	       117	800001b6	002ada93	srli	x21,x21,0x2	 x21:0x1999c685 x21=0x066671a1
        2175000	       118	800001ba	3b9a9073	csrrw	x0,pmpaddr9,x21	 x21:0x066671a1  x0=0x00000000
        2205000	       121	800001be	00003a97	auipc	x21,0x3	 x21=0x800031be
        2215000	       122	800001c2	b2ea8a93	addi	x21,x21,-1234	 x21:0x800031be x21=0x80002cec
        2225000	       123	800001c6	aaaabcb7	lui	x25,0xaaaab	 x25=0xaaaab000
        2235000	       124	800001ca	aaac8c93	addi	x25,x25,-1366	 x25:0xaaaab000 x25=0xaaaaaaaa
        2245000	       125	800001ce	9ae6	c.add	x21,x25	 x21:0x80002cec x25:0xaaaaaaaa x21=0x2aaad796
        2255000	       126	800001d0	002ada93	srli	x21,x21,0x2	 x21:0x2aaad796 x21=0x0aaab5e5
        2265000	       127	800001d4	3baa9073	csrrw	x0,pmpaddr10,x21	 x21:0x0aaab5e5  x0=0x00000000
        2295000	       130	800001d8	00003a97	auipc	x21,0x3	 x21=0x800031d8
        2305000	       131	800001dc	b14a8a93	addi	x21,x21,-1260	 x21:0x800031d8 x21=0x80002cec
        2315000	       132	800001e0	bbbbccb7	lui	x25,0xbbbbc	 x25=0xbbbbc000
        2325000	       133	800001e4	bbbc8c93	addi	x25,x25,-1093	 x25:0xbbbbc000 x25=0xbbbbbbbb
        2335000	       134	800001e8	9ae6	c.add	x21,x25	 x21:0x80002cec x25:0xbbbbbbbb x21=0x3bbbe8a7
        2345000	       135	800001ea	002ada93	srli	x21,x21,0x2	 x21:0x3bbbe8a7 x21=0x0eeefa29
        2355000	       136	800001ee	3bba9073	csrrw	x0,pmpaddr11,x21	 x21:0x0eeefa29  x0=0x00000000
        2385000	       139	800001f2	0f0f1ab7	lui	x21,0xf0f1	 x21=0x0f0f1000
        2395000	       140	800001f6	f0fa8a93	addi	x21,x21,-241	 x21:0x0f0f1000 x21=0x0f0f0f0f
        2405000	       141	800001fa	3a2a9073	csrrw	x0,pmpcfg2,x21	 x21:0x0f0f0f0f  x0=0x00000000
        2435000	       144	800001fe	00003a97	auipc	x21,0x3	 x21=0x800031fe
        2445000	       145	80000202	aeea8a93	addi	x21,x21,-1298	 x21:0x800031fe x21=0x80002cec
        2455000	       146	80000206	ccccdcb7	lui	x25,0xccccd	 x25=0xccccd000
        2465000	       147	8000020a	cccc8c93	addi	x25,x25,-820	 x25:0xccccd000 x25=0xcccccccc
        2475000	       148	8000020e	9ae6	c.add	x21,x25	 x21:0x80002cec x25:0xcccccccc x21=0x4cccf9b8
        2485000	       149	80000210	002ada93	srli	x21,x21,0x2	 x21:0x4cccf9b8 x21=0x13333e6e
        2495000	       150	80000214	3bca9073	csrrw	x0,pmpaddr12,x21	 x21:0x13333e6e  x0=0x00000000
        2525000	       153	80000218	00003a97	auipc	x21,0x3	 x21=0x80003218
        2535000	       154	8000021c	ad4a8a93	addi	x21,x21,-1324	 x21:0x80003218 x21=0x80002cec
        2545000	       155	80000220	ddddecb7	lui	x25,0xdddde	 x25=0xdddde000
        2555000	       156	80000224	dddc8c93	addi	x25,x25,-547	 x25:0xdddde000 x25=0xdddddddd
        2565000	       157	80000228	9ae6	c.add	x21,x25	 x21:0x80002cec x25:0xdddddddd x21=0x5dde0ac9
        2575000	       158	8000022a	002ada93	srli	x21,x21,0x2	 x21:0x5dde0ac9 x21=0x177782b2
        2585000	       159	8000022e	3bda9073	csrrw	x0,pmpaddr13,x21	 x21:0x177782b2  x0=0x00000000
        2615000	       162	80000232	00003a97	auipc	x21,0x3	 x21=0x80003232
        2625000	       163	80000236	abaa8a93	addi	x21,x21,-1350	 x21:0x80003232 x21=0x80002cec
        2635000	       164	8000023a	eeeefcb7	lui	x25,0xeeeef	 x25=0xeeeef000
        2645000	       165	8000023e	eeec8c93	addi	x25,x25,-274	 x25:0xeeeef000 x25=0xeeeeeeee
        2655000	       166	80000242	9ae6	c.add	x21,x25	 x21:0x80002cec x25:0xeeeeeeee x21=0x6eef1bda
        2665000	       167	80000244	002ada93	srli	x21,x21,0x2	 x21:0x6eef1bda x21=0x1bbbc6f6
        2675000	       168	80000248	3bea9073	csrrw	x0,pmpaddr14,x21	 x21:0x1bbbc6f6  x0=0x00000000
        2705000	       171	8000024c	00003a97	auipc	x21,0x3	 x21=0x8000324c
        2715000	       172	80000250	aa0a8a93	addi	x21,x21,-1376	 x21:0x8000324c x21=0x80002cec
        2725000	       173	80000254	fff00c93	addi	x25,x0,-1	  x0:0x00000000 x25=0xffffffff
        2735000	       174	80000258	9ae6	c.add	x21,x25	 x21:0x80002cec x25:0xffffffff x21=0x80002ceb
        2745000	       175	8000025a	002ada93	srli	x21,x21,0x2	 x21:0x80002ceb x21=0x20000b3a
        2755000	       176	8000025e	3bfa9073	csrrw	x0,pmpaddr15,x21	 x21:0x20000b3a  x0=0x00000000
        2785000	       179	80000262	0f0f1ab7	lui	x21,0xf0f1	 x21=0x0f0f1000
        2795000	       180	80000266	f0fa8a93	addi	x21,x21,-241	 x21:0x0f0f1000 x21=0x0f0f0f0f
        2805000	       181	8000026a	3a3a9073	csrrw	x0,pmpcfg3,x21	 x21:0x0f0f0f0f  x0=0x00000000
        2835000	       184	8000026e	00000c97	auipc	x25,0x0	 x25=0x8000026e
        2845000	       185	80000272	058c8c93	addi	x25,x25,88	 x25:0x8000026e x25=0x800002c6
        2855000	       186	80000276	341c9073	csrrw	x0,mepc,x25	 x25:0x800002c6  x0=0x00000000
        2865000	       187	8000027a	7c00d073	csrrwi	x0,0x7c0,1	  x0=0x00000000
        2895000	       190	8000027e	6c89	c.lui	x25,0x2	 x25=0x00002000
        2905000	       191	80000280	800c8c93	addi	x25,x25,-2048	 x25:0x00002000 x25=0x00001800
        2915000	       192	80000284	300c9073	csrrw	x0,mstatus,x25	 x25:0x00001800  x0=0x00000000
        2945000	       195	80000288	4c81	c.li	x25,0	 x25=0x00000000
        2955000	       196	8000028a	304c9073	csrrw	x0,mie,x25	 x25:0x00000000  x0=0x00000000
        2985000	       199	8000028e	90000537	lui	x10,0x90000	 x10=0x90000000
        2995000	       200	80000292	1571	c.addi	x10,-4	 x10:0x90000000 x10=0x8ffffffc
        3005000	       201	80000294	30000c93	addi	x25,x0,768	  x0:0x00000000 x25=0x00000300
        3015000	       202	80000298	0ca2	c.slli	x25,0x8	 x25:0x00000300 x25=0x00030000
        3025000	       203	8000029a	0c8d	c.addi	x25,3	 x25:0x00030000 x25=0x00030003
        3035000	       204	8000029c	01952023	sw	x25,0(x10)	 x10:0x8ffffffc x25:0x00030003 PA:0x8ffffffc store:0x00030003 load:0x00000000
        3045000	       205	800002a0	30002cf3	csrrs	x25,mstatus,x0	  x0:0x00000000 x25=0x00001800
        3055000	       206	800002a4	01952023	sw	x25,0(x10)	 x10:0x8ffffffc x25:0x00001800 PA:0x8ffffffc store:0x00001800 load:0x00000000
        3065000	       207	800002a8	90000537	lui	x10,0x90000	 x10=0x90000000
        3075000	       208	800002ac	1571	c.addi	x10,-4	 x10:0x90000000 x10=0x8ffffffc
        3085000	       209	800002ae	30400c93	addi	x25,x0,772	  x0:0x00000000 x25=0x00000304
        3095000	       210	800002b2	0ca2	c.slli	x25,0x8	 x25:0x00000304 x25=0x00030400
        3105000	       211	800002b4	0c8d	c.addi	x25,3	 x25:0x00030400 x25=0x00030403
        3115000	       212	800002b6	01952023	sw	x25,0(x10)	 x10:0x8ffffffc x25:0x00030403 PA:0x8ffffffc store:0x00030403 load:0x00000000
        3125000	       213	800002ba	30402cf3	csrrs	x25,mie,x0	  x0:0x00000000 x25=0x00000000
        3135000	       214	800002be	01952023	sw	x25,0(x10)	 x10:0x8ffffffc x25:0x00000000 PA:0x8ffffffc store:0x00000000 load:0x00000000
        3145000	       215	800002c2	30200073	mret	
        3185000	       219	800002c6	00000013	addi	x0,x0,0	  x0:0x00000000  x0=0x00000000
        3195000	       220	800002ca	92efa0b7	lui	x1,0x92efa	  x1=0x92efa000
        3205000	       221	800002ce	ac408093	addi	x1,x1,-1340	  x1:0x92efa000  x1=0x92ef9ac4
        3215000	       222	800002d2	800001b7	lui	x3,0x80000	  x3=0x80000000
        3225000	       223	800002d6	80000237	lui	x4,0x80000	  x4=0x80000000
        3235000	       224	800002da	42b9	c.li	x5,14	  x5=0x0000000e
        3245000	       225	800002dc	f1b2a337	lui	x6,0xf1b2a	  x6=0xf1b2a000
        3255000	       226	800002e0	f3f30313	addi	x6,x6,-193	  x6:0xf1b2a000  x6=0xf1b29f3f
        3265000	       227	800002e4	4381	c.li	x7,0	  x7=0x00000000
        3275000	       228	800002e6	4a55b437	lui	x8,0x4a55b	  x8=0x4a55b000
        3285000	       229	800002ea	a2240413	addi	x8,x8,-1502	  x8:0x4a55b000  x8=0x4a55aa22
        3295000	       230	800002ee	800004b7	lui	x9,0x80000	  x9=0x80000000
        3305000	       231	800002f2	4535	c.li	x10,13	 x10=0x0000000d
        3315000	       232	800002f4	f1f2f5b7	lui	x11,0xf1f2f	 x11=0xf1f2f000
        3325000	       233	800002f8	2c958593	addi	x11,x11,713	 x11:0xf1f2f000 x11=0xf1f2f2c9
        3335000	       234	800002fc	f4560637	lui	x12,0xf4560	 x12=0xf4560000
        3345000	       235	80000300	fdc60613	addi	x12,x12,-36	 x12:0xf4560000 x12=0xf455ffdc
        3355000	       236	80000304	f82256b7	lui	x13,0xf8225	 x13=0xf8225000
        3365000	       237	80000308	26468693	addi	x13,x13,612	 x13:0xf8225000 x13=0xf8225264
        3375000	       238	8000030c	fe5f1737	lui	x14,0xfe5f1	 x14=0xfe5f1000
        3385000	       239	80000310	95370713	addi	x14,x14,-1709	 x14:0xfe5f1000 x14=0xfe5f0953
        3395000	       240	80000314	66a5e837	lui	x16,0x66a5e	 x16=0x66a5e000
        3405000	       241	80000318	aa780813	addi	x16,x16,-1369	 x16:0x66a5e000 x16=0x66a5daa7
        3415000	       242	8000031c	f9d1c8b7	lui	x17,0xf9d1c	 x17=0xf9d1c000
        3425000	       243	80000320	75888893	addi	x17,x17,1880	 x17:0xf9d1c000 x17=0xf9d1c758
        3435000	       244	80000324	4901	c.li	x18,0	 x18=0x00000000
        3445000	       245	80000326	910059b7	lui	x19,0x91005	 x19=0x91005000
        3455000	       246	8000032a	efb98993	addi	x19,x19,-261	 x19:0x91005000 x19=0x91004efb
        3465000	       247	8000032e	4a01	c.li	x20,0	 x20=0x00000000
        3475000	       248	80000330	4aa5	c.li	x21,9	 x21=0x00000009
        3485000	       249	80000332	91795b37	lui	x22,0x91795	 x22=0x91795000
        3495000	       250	80000336	1b29	c.addi	x22,-22	 x22:0x91795000 x22=0x91794fea
        3505000	       251	80000338	80000bb7	lui	x23,0x80000	 x23=0x80000000
        3515000	       252	8000033c	db26ec37	lui	x24,0xdb26e	 x24=0xdb26e000
        3525000	       253	80000340	39fc0c13	addi	x24,x24,927	 x24:0xdb26e000 x24=0xdb26e39f
        3535000	       254	80000344	4cb1	c.li	x25,12	 x25=0x0000000c
        3545000	       255	80000346	bde66d37	lui	x26,0xbde66	 x26=0xbde66000
        3555000	       256	8000034a	303d0d13	addi	x26,x26,771	 x26:0xbde66000 x26=0xbde66303
        3565000	       257	8000034e	f6359db7	lui	x27,0xf6359	 x27=0xf6359000
        3575000	       258	80000352	b8bd8d93	addi	x27,x27,-1141	 x27:0xf6359000 x27=0xf6358b8b
        3585000	       259	80000356	4e01	c.li	x28,0	 x28=0x00000000
        3595000	       260	80000358	47c42eb7	lui	x29,0x47c42	 x29=0x47c42000
        3605000	       261	8000035c	4cae8e93	addi	x29,x29,1226	 x29:0x47c42000 x29=0x47c424ca
        3615000	       262	80000360	c20d3f37	lui	x30,0xc20d3	 x30=0xc20d3000
        3625000	       263	80000364	73df0f13	addi	x30,x30,1853	 x30:0xc20d3000 x30=0xc20d373d
        3635000	       264	80000368	4f81	c.li	x31,0	 x31=0x00000000
        3645000	       265	8000036a	00022117	auipc	x2,0x22	  x2=0x8002236a
        3655000	       266	8000036e	afa10113	addi	x2,x2,-1286	  x2:0x8002236a  x2=0x80021e64
        3665000	       267	80000372	90000537	lui	x10,0x90000	 x10=0x90000000
        3675000	       268	80000376	1571	c.addi	x10,-4	 x10:0x90000000 x10=0x8ffffffc
        3685000	       269	80000378	4c81	c.li	x25,0	 x25=0x00000000
        3695000	       270	8000037a	0ca2	c.slli	x25,0x8	 x25:0x00000000 x25=0x00000000
        3705000	       271	8000037c	000c8c93	addi	x25,x25,0	 x25:0x00000000 x25=0x00000000
        3715000	       272	80000380	01952023	sw	x25,0(x10)	 x10:0x8ffffffc x25:0x00000000 PA:0x8ffffffc store:0x00000000 load:0x00000000
        3725000	       273	80000384	1690206f	jal	x0,80002cec	  x0=0x00000000
        3745000	       275	80002cec	41d9db93	srai	x23,x19,0x1d	 x19:0x91004efb x23=0xfffffffc
        3755000	       276	80002cf0	8556	c.mv	x10,x21	  x0:0x00000000 x21:0x00000009 x10=0x00000009
        3765000	       277	80002cf2	00000897	auipc	x17,0x0	 x17=0x80002cf2
        3775000	       278	80002cf6	2da88893	addi	x17,x17,730	 x17:0x80002cf2 x17=0x80002fcc
        3785000	       279	80002cfa	0ff0000f	fence	iorw,iorw	
        3795000	       280	80002cfe	c2788893	addi	x17,x17,-985	 x17:0x80002fcc x17=0x80002bf3
        3805000	       281	80002d02	40b75933	sra	x18,x14,x11	 x14:0xfe5f0953 x11:0xf1f2f2c9 x18=0xffff2f84
        3815000	       282	80002d06	015edbb3	srl	x23,x29,x21	 x29:0x47c424ca x21:0x00000009 x23=0x0023e212
        3825000	       283	80002d0a	0ff0000f	fence	iorw,iorw	
        3835000	       284	80002d0e	3da88267	jalr	x4,986(x17)	 x17:0x80002bf3  x4=0x80002d12
        3855000	       286	80002fcc	0906	c.slli	x18,0x1	 x18:0xffff2f84 x18=0xfffe5f08
        3865000	       287	80002fce	009bf263	bgeu	x23,x9,80002fd2	 x23:0x0023e212  x9:0x80000000
        3875000	       288	80002fd2	1101	c.addi	x2,-32	  x2:0x80021e64  x2=0x80021e44
        3885000	       289	80002fd4	340a7673	csrrci	x12,mscratch,20	 x12=0x00000000
        3895000	       290	80002fd8	c212	c.swsp	x4,4(x2)	  x2:0x80021e44  x4:0x80002d12 PA:0x80021e48 store:0x80002d12 load:0x00000000
        4265000	       327	80002fda	03b0d1b3	divu	x3,x1,x27	  x1:0x92ef9ac4 x27:0xf6358b8b  x3=0x00000000
        4635000	       364	80002fde	02454a33	div	x20,x10,x4	 x10:0x00000009  x4:0x80002d12 x20=0x00000000
        4645000	       365	80002fe2	8d31	c.xor	x10,x12	 x10:0x00000009 x12:0x00000000 x10=0x00000009
        4655000	       366	80002fe4	01b78033	add	x0,x15,x27	 x15:0x80025ce4 x27:0xf6358b8b  x0=0x00000000
        4665000	       367	80002fe8	8771	c.srai	x14,0x1c	 x14:0xfe5f0953 x14=0xffffffff
        4675000	       368	80002fea	01ce9563	bne	x29,x28,80002ff4	 x29:0x47c424ca x28:0x00000000
        4695000	       370	80002ff4	1a60626f	jal	x4,8000919a	  x4=0x80002ff8
        4725000	       373	8000919a	00fec3b3	xor	x7,x29,x15	 x29:0x47c424ca x15:0x80025ce4  x7=0xc7c6782e
        4735000	       374	8000919e	340e34f3	csrrc	x9,mscratch,x28	 x28:0x00000000  x9=0x00000000
        4745000	       375	800091a2	00046363	bltu	x8,x0,800091a8	  x8:0x4a55aa22  x0:0x00000000
        4755000	       376	800091a6	0001	c.addi	x0,0	  x0:0x00000000  x0=0x00000000
        4765000	       377	800091a8	fd810113	addi	x2,x2,-40	  x2:0x80021e44  x2=0x80021e1c
        4775000	       378	800091ac	c212	c.swsp	x4,4(x2)	  x2:0x80021e1c  x4:0x80002ff8 PA:0x80021e20 store:0x80002ff8 load:0x00000000
        4785000	       379	800091ae	34006573	csrrsi	x10,mscratch,0	 x10=0x00000000
        4795000	       380	800091b2	02b80063	beq	x16,x11,800091d2	 x16:0x66a5daa7 x11:0xf1f2f2c9
        4805000	       381	800091b6	033b0f63	beq	x22,x19,800091f4	 x22:0x91794fea x19:0x91004efb
        4815000	       382	800091ba	34002373	csrrs	x6,mscratch,x0	  x0:0x00000000  x6=0x00000000
        4825000	       383	800091be	8c0d	c.sub	x8,x11	  x8:0x4a55aa22 x11:0xf1f2f2c9  x8=0x5862b759
        4835000	       384	800091c0	01dfda33	srl	x20,x31,x29	 x31:0x00000000 x29:0x47c424ca x20=0x00000000
        4845000	       385	800091c4	03a06863	bltu	x0,x26,800091f4	  x0:0x00000000 x26:0xbde66303
        4865000	       387	800091f4	411a5913	srai	x18,x20,0x11	 x20:0x00000000 x18=0x00000000
        4875000	       388	800091f8	e321	c.bnez	x14,80009238	 x14:0xffffffff
        4895000	       390	80009238	01d98db3	add	x27,x19,x29	 x19:0x91004efb x29:0x47c424ca x27=0xd8c473c5
        4905000	       391	8000923c	032e0b63	beq	x28,x18,80009272	 x28:0x00000000 x18:0x00000000
        4935000	       394	80009272	0137c3b3	xor	x7,x15,x19	 x15:0x80025ce4 x19:0x91004efb  x7=0x1102121f
        4945000	       395	80009276	862d	c.srai	x12,0xb	 x12:0x00000000 x12=0x00000000
        4955000	       396	80009278	0001	c.addi	x0,0	  x0:0x00000000  x0=0x00000000
        4965000	       397	8000927a	0165e5b3	or	x11,x11,x22	 x11:0xf1f2f2c9 x22:0x91794fea x11=0xf1fbffeb
        4975000	       398	8000927e	395c4917	auipc	x18,0x395c4	 x18=0xb95cd27e
        4985000	       399	80009282	8efd	c.and	x13,x15	 x13:0xf8225264 x15:0x80025ce4 x13=0x80025064
        4995000	       400	80009284	02189963	bne	x17,x1,800092b6	 x17:0x80002bf3  x1:0x92ef9ac4
        5385000	       439	800092b6	027e4433	div	x8,x28,x7	 x28:0x00000000  x7:0x1102121f  x8=0x00000000
        5395000	       440	800092ba	34045873	csrrwi	x16,mscratch,8	 x16=0x00000000
        5405000	       441	800092be	9afd	c.andi	x13,-1	 x13:0x80025064 x13=0x80025064
        5445000	       445	800092c0	03bcbf33	mulhu	x30,x25,x27	 x25:0x00000000 x27:0xd8c473c5 x30=0x00000000
        5455000	       446	800092c4	00459933	sll	x18,x11,x4	 x11:0xf1fbffeb  x4:0x80002ff8 x18=0xeb000000
        5465000	       447	800092c8	0137dc63	bge	x15,x19,800092e0	 x15:0x80025ce4 x19:0x91004efb
        5475000	       448	800092cc	04fb9263	bne	x23,x15,80009310	 x23:0x0023e212 x15:0x80025ce4
        5495000	       450	80009310	00899c33	sll	x24,x19,x8	 x19:0x91004efb  x8:0x00000000 x24=0x91004efb
        5865000	       487	80009314	03b97733	remu	x14,x18,x27	 x18:0xeb000000 x27:0xd8c473c5 x14=0x123b8c3b
        5875000	       488	80009318	00af60b3	or	x1,x30,x10	 x30:0x00000000 x10:0x00000000  x1=0x00000000
        5885000	       489	8000931c	03da	c.slli	x7,0x16	  x7:0x1102121f  x7=0x87c00000
        5895000	       490	8000931e	34082b73	csrrs	x22,mscratch,x16	 x16:0x00000000 x22=0x00000008
        5905000	       491	80009322	34069973	csrrw	x18,mscratch,x13	 x13:0x80025064 x18=0x00000008
        5915000	       492	80009326	ed89	c.bnez	x11,80009340	 x11:0xf1fbffeb
        5935000	       494	80009340	8f55	c.or	x14,x13	 x14:0x123b8c3b x13:0x80025064 x14=0x923bdc7f
        5945000	       495	80009342	89582613	slti	x12,x16,-1899	 x16:0x00000000 x12=0x00000000
        5955000	       496	80009346	0001	c.addi	x0,0	  x0:0x00000000  x0=0x00000000
        5965000	       497	80009348	8cad	c.xor	x9,x11	  x9:0x00000000 x11:0xf1fbffeb  x9=0xf1fbffeb
        5975000	       498	8000934a	03bb5063	bge	x22,x27,8000936a	 x22:0x00000008 x27:0xd8c473c5
        6035000	       504	8000936a	030d1bb3	mulh	x23,x26,x16	 x26:0xbde66303 x16:0x00000000 x23=0x00000000
        6045000	       505	8000936e	e029	c.bnez	x8,800093b0	  x8:0x00000000
        6055000	       506	80009370	340953f3	csrrwi	x7,mscratch,18	  x7=0x80025064
        6095000	       510	80009374	032d1f33	mulh	x30,x26,x18	 x26:0xbde66303 x18:0x00000008 x30=0xfffffffd
        6105000	       511	80009378	3401d273	csrrwi	x4,mscratch,3	  x4=0x00000012
        6115000	       512	8000937c	34003673	csrrc	x12,mscratch,x0	  x0:0x00000000 x12=0x00000003
        6125000	       513	80009380	1ffd	c.addi	x31,-1	 x31:0x00000000 x31=0xffffffff
        6135000	       514	80009382	8e71	c.and	x12,x12	 x12:0x00000003 x12:0x00000003 x12=0x00000003
        6145000	       515	80009384	cc95	c.beqz	x9,800093c0	  x9:0xf1fbffeb
        6155000	       516	80009386	00a01513	slli	x10,x0,0xa	  x0:0x00000000 x10=0x00000000
        6165000	       517	8000938a	852db897	auipc	x17,0x852db	 x17=0x052e438a
        6175000	       518	8000938e	8161	c.srli	x10,0x18	 x10:0x00000000 x10=0x00000000
        6185000	       519	80009390	41ce0233	sub	x4,x28,x28	 x28:0x00000000 x28:0x00000000  x4=0x00000000
        6195000	       520	80009394	892e	c.mv	x18,x11	  x0:0x00000000 x11:0xf1fbffeb x18=0xf1fbffeb
        6205000	       521	80009396	0345f163	bgeu	x11,x20,800093b8	 x11:0xf1fbffeb x20:0x00000000
        6225000	       523	800093b8	3c97c193	xori	x3,x15,969	 x15:0x80025ce4  x3=0x80025f2d
        6235000	       524	800093bc	00e31393	slli	x7,x6,0xe	  x6:0x00000000  x7=0x00000000
        6245000	       525	800093c0	7bb64097	auipc	x1,0x7bb64	  x1=0xfbb6d3c0
        6255000	       526	800093c4	bb620437	lui	x8,0xbb620	  x8=0xbb620000
        6265000	       527	800093c8	05af0463	beq	x30,x26,80009410	 x30:0xfffffffd x26:0xbde66303
        6275000	       528	800093cc	01759233	sll	x4,x11,x23	 x11:0xf1fbffeb x23:0x00000000  x4=0xf1fbffeb
        6285000	       529	800093d0	00235213	srli	x4,x6,0x2	  x6:0x00000000  x4=0x00000000
        6295000	       530	800093d4	340060f3	csrrsi	x1,mscratch,0	  x1=0x00000003
        6305000	       531	800093d8	20191017	auipc	x0,0x20191	  x0=0x00000000
        6345000	       535	800093dc	025b30b3	mulhu	x1,x22,x5	 x22:0x00000008  x5:0x0000000e  x1=0x00000000
        6355000	       536	800093e0	40b55713	srai	x14,x10,0xb	 x10:0x00000000 x14=0x00000000
        6365000	       537	800093e4	e715	c.bnez	x14,80009410	 x14:0x00000000
        6375000	       538	800093e6	0182d213	srli	x4,x5,0x18	  x5:0x0000000e  x4=0x00000000
        6385000	       539	800093ea	02100b63	beq	x0,x1,80009420	  x0:0x00000000  x1:0x00000000
        6765000	       577	80009420	0231e9b3	rem	x19,x3,x3	  x3:0x80025f2d  x3:0x80025f2d x19=0x00000000
        6775000	       578	80009424	3436c437	lui	x8,0x3436c	  x8=0x3436c000
        6785000	       579	80009428	8ca1	c.xor	x9,x8	  x9:0xf1fbffeb  x8:0x3436c000  x9=0xc5cd3feb
        6795000	       580	8000942a	008b7463	bgeu	x22,x8,80009432	 x22:0x00000008  x8:0x3436c000
        6805000	       581	8000942e	0c8d	c.addi	x25,3	 x25:0x00000000 x25=0x00000003
        6815000	       582	80009430	ee8d	c.bnez	x13,8000946a	 x13:0x80025064
        6835000	       584	8000946a	96be	c.add	x13,x15	 x13:0x80025064 x15:0x80025ce4 x13=0x0004ad48
        6845000	       585	8000946c	017d48b3	xor	x17,x26,x23	 x26:0xbde66303 x23:0x00000000 x17=0xbde66303
        6855000	       586	80009470	34099073	csrrw	x0,mscratch,x19	 x19:0x00000000  x0=0x00000000
        6865000	       587	80009474	00360833	add	x16,x12,x3	 x12:0x00000003  x3:0x80025f2d x16=0x80025f30
        6875000	       588	80009478	8a389417	auipc	x8,0x8a389	  x8=0x0a392478
        6885000	       589	8000947c	00db9d13	slli	x26,x23,0xd	 x23:0x00000000 x26=0x00000000
        6895000	       590	80009480	34003573	csrrc	x10,mscratch,x0	  x0:0x00000000 x10=0x00000000
        6935000	       594	80009484	03402cb3	mulhsu	x25,x0,x20	  x0:0x00000000 x20:0x00000000 x25=0x00000000
        6945000	       595	80009488	41a05a13	srai	x20,x0,0x1a	  x0:0x00000000 x20=0x00000000
        6955000	       596	8000948c	c3fdfe13	andi	x28,x27,-961	 x27:0xd8c473c5 x28=0xd8c47005
        6965000	       597	80009490	03b6d763	bge	x13,x27,800094be	 x13:0x0004ad48 x27:0xd8c473c5
        6995000	       600	800094be	7e907593	andi	x11,x0,2025	  x0:0x00000000 x11=0x00000000
        7365000	       637	800094c2	023f73b3	remu	x7,x30,x3	 x30:0xfffffffd  x3:0x80025f2d  x7=0x7ffda0d0
        7375000	       638	800094c6	34007df3	csrrci	x27,mscratch,0	 x27=0x00000000
        7385000	       639	800094ca	34003773	csrrc	x14,mscratch,x0	  x0:0x00000000 x14=0x00000000
        7395000	       640	800094ce	038ad463	bge	x21,x24,800094f6	 x21:0x00000009 x24:0x91004efb
        7415000	       642	800094f6	4fb9	c.li	x31,14	 x31=0x0000000e
        7425000	       643	800094f8	3405ae73	csrrs	x28,mscratch,x11	 x11:0x00000000 x28=0x00000000
        7435000	       644	800094fc	340bdf73	csrrwi	x30,mscratch,23	 x30=0x00000000
        7445000	       645	80009500	010868b3	or	x17,x16,x16	 x16:0x80025f30 x16:0x80025f30 x17=0x80025f30
        7485000	       649	80009504	0354b8b3	mulhu	x17,x9,x21	  x9:0xc5cd3feb x21:0x00000009 x17=0x00000006
        7495000	       650	80009508	340a5a73	csrrwi	x20,mscratch,20	 x20=0x00000017
        7505000	       651	8000950c	015b5a13	srli	x20,x22,0x15	 x22:0x00000008 x20=0x00000000
        7545000	       655	80009510	03249f33	mulh	x30,x9,x18	  x9:0xc5cd3feb x18:0xf1fbffeb x30=0x032faf50
        7555000	       656	80009514	018c9f63	bne	x25,x24,80009532	 x25:0x00000000 x24:0x91004efb
        7585000	       659	80009532	ff60afb7	lui	x31,0xff60a	 x31=0xff60a000
        7595000	       660	80009536	1dce8913	addi	x18,x29,476	 x29:0x47c424ca x18=0x47c426a6
        7605000	       661	8000953a	e205	c.bnez	x12,8000955a	 x12:0x00000003
        7635000	       664	8000955a	00cede63	bge	x29,x12,80009576	 x29:0x47c424ca x12:0x00000003
        7655000	       666	80009576	0001	c.addi	x0,0	  x0:0x00000000  x0=0x00000000
        7665000	       667	80009578	41de5893	srai	x17,x28,0x1d	 x28:0x00000000 x17=0x00000000
        7695000	       670	8000957c	02768033	mul	x0,x13,x7	 x13:0x0004ad48  x7:0x7ffda0d0  x0=0x00000000
        7705000	       671	80009580	074e	c.slli	x14,0x13	 x14:0x00000000 x14=0x00000000
        7715000	       672	80009582	eb1d	c.bnez	x14,800095b8	 x14:0x00000000
        7725000	       673	80009584	874a	c.mv	x14,x18	  x0:0x00000000 x18:0x47c426a6 x14=0x47c426a6
        7735000	       674	80009586	3405d773	csrrwi	x14,mscratch,11	 x14=0x00000014
        7745000	       675	8000958a	0ff0000f	fence	iorw,iorw	
        7755000	       676	8000958e	414351b3	sra	x3,x6,x20	  x6:0x00000000 x20:0x00000000  x3=0x00000000
        7765000	       677	80009592	00eac963	blt	x21,x14,800095a4	 x21:0x00000009 x14:0x00000014
        7785000	       679	800095a4	018b16b3	sll	x13,x22,x24	 x22:0x00000008 x24:0x91004efb x13=0x40000000
        7825000	       683	800095a8	02b91633	mulh	x12,x18,x11	 x18:0x47c426a6 x11:0x00000000 x12=0x00000000
        7835000	       684	800095ac	013451b3	srl	x3,x8,x19	  x8:0x0a392478 x19:0x00000000  x3=0x0a392478
        7845000	       685	800095b0	8cad	c.xor	x9,x11	  x9:0xc5cd3feb x11:0x00000000  x9=0xc5cd3feb
        7855000	       686	800095b2	8c89	c.sub	x9,x10	  x9:0xc5cd3feb x10:0x00000000  x9=0xc5cd3feb
        7865000	       687	800095b4	b830b037	lui	x0,0xb830b	  x0=0x00000000
        7875000	       688	800095b8	80fd	c.srli	x9,0x1f	  x9:0xc5cd3feb  x9=0x00000001
        7885000	       689	800095ba	e60d	c.bnez	x12,800095e4	 x12:0x00000000
        7895000	       690	800095bc	8e45	c.or	x12,x9	 x12:0x00000000  x9:0x00000001 x12=0x00000001
        7905000	       691	800095be	0ff0000f	fence	iorw,iorw	
        7915000	       692	800095c2	03a84163	blt	x16,x26,800095e4	 x16:0x80025f30 x26:0x00000000
        7935000	       694	800095e4	34002bf3	csrrs	x23,mscratch,x0	  x0:0x00000000 x23=0x0000000b
        7945000	       695	800095e8	ca05	c.beqz	x12,80009618	 x12:0x00000001
        7955000	       696	800095ea	6ef22717	auipc	x14,0x6ef22	 x14=0xeef2b5ea
        7965000	       697	800095ee	006535b3	sltu	x11,x10,x6	 x10:0x00000000  x6:0x00000000 x11=0x00000000
        8005000	       701	800095f2	0252b2b3	mulhu	x5,x5,x5	  x5:0x0000000e  x5:0x0000000e  x5=0x00000000
        8015000	       702	800095f6	034fd163	bge	x31,x20,80009618	 x31:0xff60a000 x20:0x00000000
        8025000	       703	800095fa	01f6a4b3	slt	x9,x13,x31	 x13:0x40000000 x31:0xff60a000  x9=0x00000000
        8035000	       704	800095fe	03e5f663	bgeu	x11,x30,8000962a	 x11:0x00000000 x30:0x032faf50
        8045000	       705	80009602	340d7cf3	csrrci	x25,mscratch,26	 x25=0x0000000b
        8055000	       706	80009606	8cf9	c.and	x9,x14	  x9:0x00000000 x14:0xeef2b5ea  x9=0x00000000
        8065000	       707	80009608	01819013	slli	x0,x3,0x18	  x3:0x0a392478  x0=0x00000000
        8075000	       708	8000960c	0447d263	bge	x15,x4,80009650	 x15:0x80025ce4  x4:0x00000000
        8095000	       710	80009610	034069b3	rem	x19,x0,x20	  x0:0x00000000 x20:0x00000000 x19=0x00000000
        8105000	       711	80009614	31934f13	xori	x30,x6,793	  x6:0x00000000 x30=0x00000319
        8125000	       713	80009618	02a74233	div	x4,x14,x10	 x14:0xeef2b5ea x10:0x00000000  x4=0xffffffff
        8135000	       714	8000961c	8ee1	c.and	x13,x8	 x13:0x40000000  x8:0x0a392478 x13=0x00000000
        8145000	       715	8000961e	00e92d33	slt	x26,x18,x14	 x18:0x47c426a6 x14:0xeef2b5ea x26=0x00000000
        8155000	       716	80009622	0030d593	srli	x11,x1,0x3	  x1:0x00000000 x11=0x00000000
        8165000	       717	80009626	41025433	sra	x8,x4,x16	  x4:0xffffffff x16:0x80025f30  x8=0xffffffff
        8175000	       718	8000962a	f39b8837	lui	x16,0xf39b8	 x16=0xf39b8000
        8185000	       719	8000962e	ee05	c.bnez	x12,80009666	 x12:0x00000001
        8215000	       722	80009666	bcbd7d13	andi	x26,x26,-1077	 x26:0x00000000 x26=0x00000000
        8225000	       723	8000966a	009c1093	slli	x1,x24,0x9	 x24:0x91004efb  x1=0x009df600
        8235000	       724	8000966e	404c0a33	sub	x20,x24,x4	 x24:0x91004efb  x4:0xffffffff x20=0x91004efc
        8245000	       725	80009672	0386f963	bgeu	x13,x24,800096a4	 x13:0x00000000 x24:0x91004efb
        8265000	       727	80009676	02a04433	div	x8,x0,x10	  x0:0x00000000 x10:0x00000000  x8=0xffffffff
        8275000	       728	8000967a	956e	c.add	x10,x27	 x10:0x00000000 x27:0x00000000 x10=0x00000000
        8285000	       729	8000967c	59b80093	addi	x1,x16,1435	 x16:0xf39b8000  x1=0xf39b859b
        8295000	       730	80009680	34049e73	csrrw	x28,mscratch,x9	  x9:0x00000000 x28=0x00000001
        8305000	       731	80009684	02fa7463	bgeu	x20,x15,800096ac	 x20:0x91004efc x15:0x80025ce4
        8325000	       733	800096ac	0001	c.addi	x0,0	  x0:0x00000000  x0=0x00000000
        8695000	       770	800096ae	038b4033	div	x0,x22,x24	 x22:0x00000008 x24:0x91004efb  x0=0x00000000
        9065000	       807	800096b2	032554b3	divu	x9,x10,x18	 x10:0x00000000 x18:0x47c426a6  x9=0x00000000
        9435000	       844	800096b6	035355b3	divu	x11,x6,x21	  x6:0x00000000 x21:0x00000009 x11=0x00000000
        9445000	       845	800096ba	4d25	c.li	x26,9	 x26=0x00000009
        9455000	       846	800096bc	8ced	c.and	x9,x11	  x9:0x00000000 x11:0x00000000  x9=0x00000000
        9465000	       847	800096be	e095	c.bnez	x9,800096e2	  x9:0x00000000
        9475000	       848	800096c0	0001	c.addi	x0,0	  x0:0x00000000  x0=0x00000000
        9485000	       849	800096c2	8d61	c.and	x10,x8	 x10:0x00000000  x8:0xffffffff x10=0x00000000
        9495000	       850	800096c4	01aed863	bge	x29,x26,800096d4	 x29:0x47c424ca x26:0x00000009
        9515000	       852	800096d4	ce658b13	addi	x22,x11,-794	 x11:0x00000000 x22=0xfffffce6
        9525000	       853	800096d8	80b9	c.srli	x9,0xe	  x9:0x00000000  x9=0x00000000
        9535000	       854	800096da	0375c063	blt	x11,x23,800096fa	 x11:0x00000000 x23:0x0000000b
        9565000	       857	800096fa	01c2acb3	slt	x25,x5,x28	  x5:0x00000000 x28:0x00000001 x25=0x00000001
        9575000	       858	800096fe	a823e093	ori	x1,x7,-1406	  x7:0x7ffda0d0  x1=0xfffffad2
        9585000	       859	80009702	8e95	c.sub	x13,x13	 x13:0x00000000 x13:0x00000000 x13=0x00000000
        9955000	       896	80009704	02c8db33	divu	x22,x17,x12	 x17:0x00000000 x12:0x00000001 x22=0x00000000
        9965000	       897	80009708	6c1b9437	lui	x8,0x6c1b9	  x8=0x6c1b9000
        9975000	       898	8000970c	0018e8b3	or	x17,x17,x1	 x17:0x00000000  x1:0xfffffad2 x17=0xfffffad2
        9985000	       899	80009710	340d79f3	csrrci	x19,mscratch,26	 x19=0x00000000
        9995000	       900	80009714	410e5eb3	sra	x29,x28,x16	 x28:0x00000001 x16:0xf39b8000 x29=0x00000001
       10005000	       901	80009718	c29d	c.beqz	x13,8000973e	 x13:0x00000000
       10025000	       903	8000973e	8d65	c.and	x10,x9	 x10:0x00000000  x9:0x00000000 x10=0x00000000
       10035000	       904	80009740	3408dd73	csrrwi	x26,mscratch,17	 x26=0x00000000
       10045000	       905	80009744	0b5e	c.slli	x22,0x17	 x22:0x00000000 x22=0x00000000
       10055000	       906	80009746	0001	c.addi	x0,0	  x0:0x00000000  x0=0x00000000
       10065000	       907	80009748	3409b6f3	csrrc	x13,mscratch,x19	 x19:0x00000000 x13=0x00000011
       10075000	       908	8000974c	02365363	bge	x12,x3,80009772	 x12:0x00000001  x3:0x0a392478
       10085000	       909	80009750	054d4363	blt	x26,x20,80009796	 x26:0x00000000 x20:0x91004efc
       10095000	       910	80009754	40fed713	srai	x14,x29,0xf	 x29:0x00000001 x14=0x00000000
       10105000	       911	80009758	01781a33	sll	x20,x16,x23	 x16:0xf39b8000 x23:0x0000000b x20=0xdc000000
       10475000	       948	8000975c	0322cfb3	div	x31,x5,x18	  x5:0x00000000 x18:0x47c426a6 x31=0x00000000
       10485000	       949	80009760	005c7e33	and	x28,x24,x5	 x24:0x91004efb  x5:0x00000000 x28=0x00000000
       10495000	       950	80009764	0001	c.addi	x0,0	  x0:0x00000000  x0=0x00000000
       10505000	       951	80009766	03529863	bne	x5,x21,80009796	  x5:0x00000000 x21:0x00000009
       10565000	       957	80009796	03bdb633	mulhu	x12,x27,x27	 x27:0x00000000 x27:0x00000000 x12=0x00000000
       10575000	       958	8000979a	8771	c.srai	x14,0x1c	 x14:0x00000000 x14=0x00000000
       10585000	       959	8000979c	984e	c.add	x16,x19	 x16:0xf39b8000 x19:0x00000000 x16=0xf39b8000
       10595000	       960	8000979e	8c49	c.or	x8,x10	  x8:0x6c1b9000 x10:0x00000000  x8=0x6c1b9000
       10605000	       961	800097a0	0f8b3913	sltiu	x18,x22,248	 x22:0x00000000 x18=0x00000001
       10615000	       962	800097a4	012514b3	sll	x9,x10,x18	 x10:0x00000000 x18:0x00000001  x9=0x00000000
       10625000	       963	800097a8	00a4e9b3	or	x19,x9,x10	  x9:0x00000000 x10:0x00000000 x19=0x00000000
       10635000	       964	800097ac	8f19	c.sub	x14,x14	 x14:0x00000000 x14:0x00000000 x14=0x00000000
       10645000	       965	800097ae	02ee8163	beq	x29,x14,800097d0	 x29:0x00000001 x14:0x00000000
       10655000	       966	800097b2	8c6d	c.and	x8,x11	  x8:0x6c1b9000 x11:0x00000000  x8=0x00000000
       10675000	       968	800097b4	0332f1b3	remu	x3,x5,x19	  x5:0x00000000 x19:0x00000000  x3=0x00000000
       10685000	       969	800097b8	00d293b3	sll	x7,x5,x13	  x5:0x00000000 x13:0x00000011  x7=0x00000000
       10725000	       973	800097bc	020292b3	mulh	x5,x5,x0	  x5:0x00000000  x0:0x00000000  x5=0x00000000
       10735000	       974	800097c0	34002573	csrrs	x10,mscratch,x0	  x0:0x00000000 x10=0x00000011
       10765000	       977	800097c4	037d0d33	mul	x26,x26,x23	 x26:0x00000000 x23:0x0000000b x26=0x00000000
       10775000	       978	800097c8	0248f563	bgeu	x17,x4,800097f2	 x17:0xfffffad2  x4:0xffffffff
       10785000	       979	800097cc	3b6d3393	sltiu	x7,x26,950	 x26:0x00000000  x7=0x00000001
       10795000	       980	800097d0	0149d2b3	srl	x5,x19,x20	 x19:0x00000000 x20:0xdc000000  x5=0x00000000
       10805000	       981	800097d4	01a018b3	sll	x17,x0,x26	  x0:0x00000000 x26:0x00000000 x17=0x00000000
       10815000	       982	800097d8	8ef9	c.and	x13,x14	 x13:0x00000011 x14:0x00000000 x13=0x00000000
       10825000	       983	800097da	d1362493	slti	x9,x12,-749	 x12:0x00000000  x9=0x00000000
       10855000	       986	800097de	03a602b3	mul	x5,x12,x26	 x12:0x00000000 x26:0x00000000  x5=0x00000000
       10865000	       987	800097e2	01c87863	bgeu	x16,x28,800097f2	 x16:0xf39b8000 x28:0x00000000
       10895000	       990	800097f2	00a368b3	or	x17,x6,x10	  x6:0x00000000 x10:0x00000011 x17=0x00000011
       10905000	       991	800097f6	69dd	c.lui	x19,0x17	 x19=0x00017000
       10915000	       992	800097f8	01017b33	and	x22,x2,x16	  x2:0x80021e1c x16:0xf39b8000 x22=0x80020000
       10925000	       993	800097fc	9ef6	c.add	x29,x29	 x29:0x00000001 x29:0x00000001 x29=0x00000002
       10935000	       994	800097fe	34001cf3	csrrw	x25,mscratch,x0	  x0:0x00000000 x25=0x00000011
       10945000	       995	80009802	00329963	bne	x5,x3,80009814	  x5:0x00000000  x3:0x00000000
       10955000	       996	80009806	400ad713	srai	x14,x21,0x0	 x21:0x00000009 x14=0x00000009
       10965000	       997	8000980a	417d8833	sub	x16,x27,x23	 x27:0x00000000 x23:0x0000000b x16=0xfffffff5
       10975000	       998	8000980e	0442	c.slli	x8,0x10	  x8:0x00000000  x8=0x00000000
       10985000	       999	80009810	16db7993	andi	x19,x22,365	 x22:0x80020000 x19=0x00000000
       10995000	      1000	80009814	ec01	c.bnez	x8,8000982c	  x8:0x00000000
       11005000	      1001	80009816	8c35	c.xor	x8,x13	  x8:0x00000000 x13:0x00000000  x8=0x00000000
       11015000	      1002	80009818	01d11e13	slli	x28,x2,0x1d	  x2:0x80021e1c x28=0x80000000
       11025000	      1003	8000981c	34007e73	csrrci	x28,mscratch,0	 x28=0x00000000
       11035000	      1004	80009820	018d55b3	srl	x11,x26,x24	 x26:0x00000000 x24:0x91004efb x11=0x00000000
       11045000	      1005	80009824	0147b4b3	sltu	x9,x15,x20	 x15:0x80025ce4 x20:0xdc000000  x9=0x00000001
       11055000	      1006	80009828	f3d92813	slti	x16,x18,-195	 x18:0x00000001 x16=0x00000000
       11065000	      1007	8000982c	0000100f	fence.i	
       11085000	      1009	80009830	c80d	c.beqz	x8,80009862	  x8:0x00000000
       11105000	      1011	80009862	8e85	c.sub	x13,x9	 x13:0x00000000  x9:0x00000001 x13=0xffffffff
       11115000	      1012	80009864	8ec9	c.or	x13,x10	 x13:0xffffffff x10:0x00000011 x13=0xffffffff
       11125000	      1013	80009866	0000100f	fence.i	
       11155000	      1016	8000986a	011858b3	srl	x17,x16,x17	 x16:0x00000000 x17:0x00000011 x17=0x00000000
       11165000	      1017	8000986e	8df9	c.and	x11,x14	 x11:0x00000000 x14:0x00000009 x11=0x00000000
       11175000	      1018	80009870	ed85	c.bnez	x11,800098a8	 x11:0x00000000
       11185000	      1019	80009872	340d51f3	csrrwi	x3,mscratch,26	  x3=0x00000000
       11195000	      1020	80009876	01177bb3	and	x23,x14,x17	 x14:0x00000009 x17:0x00000000 x23=0x00000000
       11235000	      1024	8000987a	0206ae33	mulhsu	x28,x13,x0	 x13:0xffffffff  x0:0x00000000 x28=0x00000000
       11245000	      1025	8000987e	340074f3	csrrci	x9,mscratch,0	  x9=0x0000001a
       11255000	      1026	80009882	0026db63	bge	x13,x2,80009898	 x13:0xffffffff  x2:0x80021e1c
       11275000	      1028	80009898	14fd	c.addi	x9,-1	  x9:0x0000001a  x9=0x00000019
       11285000	      1029	8000989a	008d13b3	sll	x7,x26,x8	 x26:0x00000000  x8:0x00000000  x7=0x00000000
       11295000	      1030	8000989e	1ffd	c.addi	x31,-1	 x31:0x00000000 x31=0xffffffff
       11305000	      1031	800098a0	966e	c.add	x12,x27	 x12:0x00000000 x27:0x00000000 x12=0x00000000
       11315000	      1032	800098a2	8045	c.srli	x8,0x11	  x8:0x00000000  x8=0x00000000
       11355000	      1036	800098a4	03c714b3	mulh	x9,x14,x28	 x14:0x00000009 x28:0x00000000  x9=0x00000000
       11365000	      1037	800098a8	0000100f	fence.i	
       11385000	      1039	800098ac	90fe	c.add	x1,x31	  x1:0xfffffad2 x31:0xffffffff  x1=0xfffffad1
       11395000	      1040	800098ae	0001	c.addi	x0,0	  x0:0x00000000  x0=0x00000000
       11405000	      1041	800098b0	0001	c.addi	x0,0	  x0:0x00000000  x0=0x00000000
       11775000	      1078	800098b2	0386f233	remu	x4,x13,x24	 x13:0xffffffff x24:0x91004efb  x4=0x6effb104
       11785000	      1079	800098b6	ea14b193	sltiu	x3,x9,-351	  x9:0x00000000  x3=0x00000001
       11805000	      1081	800098ba	031bce33	div	x28,x23,x17	 x23:0x00000000 x17:0x00000000 x28=0xffffffff
       11815000	      1082	800098be	34052973	csrrs	x18,mscratch,x10	 x10:0x00000011 x18=0x0000001a
       11825000	      1083	800098c2	0373e013	ori	x0,x7,55	  x7:0x00000000  x0=0x00000000
       11835000	      1084	800098c6	011783b3	add	x7,x15,x17	 x15:0x80025ce4 x17:0x00000000  x7=0x80025ce4
       11845000	      1085	800098ca	73436193	ori	x3,x6,1844	  x6:0x00000000  x3=0x00000734
       11855000	      1086	800098ce	005d3db3	sltu	x27,x26,x5	 x26:0x00000000  x5:0x00000000 x27=0x00000000
       11865000	      1087	800098d2	8622	c.mv	x12,x8	  x0:0x00000000  x8:0x00000000 x12=0x00000000
       11875000	      1088	800098d4	0b26	c.slli	x22,0x9	 x22:0x80020000 x22=0x04000000
       11885000	      1089	800098d6	340b3973	csrrc	x18,mscratch,x22	 x22:0x04000000 x18=0x0000001b
       11925000	      1093	800098da	02619eb3	mulh	x29,x3,x6	  x3:0x00000734  x6:0x00000000 x29=0x00000000
       11965000	      1097	800098de	031a3833	mulhu	x16,x20,x17	 x20:0xdc000000 x17:0x00000000 x16=0x00000000
       11975000	      1098	800098e2	340ff1f3	csrrci	x3,mscratch,31	  x3=0x0000001b
       11985000	      1099	800098e6	016fc433	xor	x8,x31,x22	 x31:0xffffffff x22:0x04000000  x8=0xfbffffff
       11995000	      1100	800098ea	00a54033	xor	x0,x10,x10	 x10:0x00000011 x10:0x00000011  x0=0x00000000
       12005000	      1101	800098ee	000b1f13	slli	x30,x22,0x0	 x22:0x04000000 x30=0x04000000
       12015000	      1102	800098f2	077d	c.addi	x14,31	 x14:0x00000009 x14=0x00000028
       12385000	      1139	800098f4	02eaf6b3	remu	x13,x21,x14	 x21:0x00000009 x14:0x00000028 x13=0x00000009
       12395000	      1140	800098f8	8145	c.srli	x10,0x11	 x10:0x00000011 x10=0x00000000
       12435000	      1144	800098fa	02871db3	mulh	x27,x14,x8	 x14:0x00000028  x8:0xfbffffff x27=0xffffffff
       12805000	      1181	800098fe	02fecf33	div	x30,x29,x15	 x29:0x00000000 x15:0x80025ce4 x30=0x00000000
       12815000	      1182	80009902	417480b3	sub	x1,x9,x23	  x9:0x00000000 x23:0x00000000  x1=0x00000000
       12825000	      1183	80009906	02d6	c.slli	x5,0x15	  x5:0x00000000  x5=0x00000000
       12835000	      1184	80009908	340071f3	csrrci	x3,mscratch,0	  x3=0x00000000
       12845000	      1185	8000990c	01461993	slli	x19,x12,0x14	 x12:0x00000000 x19=0x00000000
       12875000	      1188	80009910	025c88b3	mul	x17,x25,x5	 x25:0x00000011  x5:0x00000000 x17=0x00000000
       12885000	      1189	80009914	c1a9	c.beqz	x11,80009956	 x11:0x00000000
       12915000	      1192	80009956	41dd5e93	srai	x29,x26,0x1d	 x26:0x00000000 x29=0x00000000
       12925000	      1193	8000995a	00ed1313	slli	x6,x26,0xe	 x26:0x00000000  x6=0x00000000
       12935000	      1194	8000995e	cae17193	andi	x3,x2,-850	  x2:0x80021e1c  x3=0x80021c0c
       12945000	      1195	80009962	005a8633	add	x12,x21,x5	 x21:0x00000009  x5:0x00000000 x12=0x00000009
       12985000	      1199	80009966	032ca1b3	mulhsu	x3,x25,x18	 x25:0x00000011 x18:0x0000001b  x3=0x00000000
       12995000	      1200	8000996a	340030f3	csrrc	x1,mscratch,x0	  x0:0x00000000  x1=0x00000000
       13005000	      1201	8000996e	408d0233	sub	x4,x26,x8	 x26:0x00000000  x8:0xfbffffff  x4=0x04000001
       13015000	      1202	80009972	01045213	srli	x4,x8,0x10	  x8:0xfbffffff  x4=0x0000fbff
       13025000	      1203	80009976	340c7d73	csrrci	x26,mscratch,24	 x26=0x00000000
       13035000	      1204	8000997a	41815593	srai	x11,x2,0x18	  x2:0x80021e1c x11=0xffffff80
       13045000	      1205	8000997e	a62b3413	sltiu	x8,x22,-1438	 x22:0x04000000  x8=0x00000001
       13055000	      1206	80009982	85bd	c.srai	x11,0xf	 x11:0xffffff80 x11=0xffffffff
       13065000	      1207	80009984	015a5213	srli	x4,x20,0x15	 x20:0xdc000000  x4=0x000006e0
       13075000	      1208	80009988	00775533	srl	x10,x14,x7	 x14:0x00000028  x7:0x80025ce4 x10=0x00000002
       13085000	      1209	8000998c	0001	c.addi	x0,0	  x0:0x00000000  x0=0x00000000
       13095000	      1210	8000998e	dde0b013	sltiu	x0,x1,-546	  x1:0x00000000  x0=0x00000000
       13105000	      1211	80009992	8039	c.srli	x8,0xe	  x8:0x00000001  x8=0x00000000
       13475000	      1248	80009994	027eefb3	rem	x31,x29,x7	 x29:0x00000000  x7:0x80025ce4 x31=0x00000000
       13485000	      1249	80009998	16fd	c.addi	x13,-1	 x13:0x00000009 x13=0x00000008
       13495000	      1250	8000999a	8f7d	c.and	x14,x15	 x14:0x00000028 x15:0x80025ce4 x14=0x00000020
       13505000	      1251	8000999c	f4206f13	ori	x30,x0,-190	  x0:0x00000000 x30=0xffffff42
       13515000	      1252	800099a0	03008563	beq	x1,x16,800099ca	  x1:0x00000000 x16:0x00000000
       13545000	      1255	800099ca	03685a63	bge	x16,x22,800099fe	 x16:0x00000000 x22:0x04000000
       13555000	      1256	800099ce	02f75d63	bge	x14,x15,80009a08	 x14:0x00000020 x15:0x80025ce4
       13575000	      1258	80009a08	0000100f	fence.i	
       13595000	      1260	80009a0c	464d	c.li	x12,19	 x12=0x00000013
       13605000	      1261	80009a0e	004fdf93	srli	x31,x31,0x4	 x31:0x00000000 x31=0x00000000
       13615000	      1262	80009a12	7c443b13	sltiu	x22,x8,1988	  x8:0x00000000 x22=0x00000001
       13655000	      1266	80009a16	026d23b3	mulhsu	x7,x26,x6	 x26:0x00000000  x6:0x00000000  x7=0x00000000
       13665000	      1267	80009a1a	34006373	csrrsi	x6,mscratch,0	  x6=0x00000000
       13675000	      1268	80009a1e	8dc1	c.or	x11,x8	 x11:0xffffffff  x8:0x00000000 x11=0xffffffff
       13685000	      1269	80009a20	02b79663	bne	x15,x11,80009a4c	 x15:0x80025ce4 x11:0xffffffff
       13705000	      1271	80009a4c	00241493	slli	x9,x8,0x2	  x8:0x00000000  x9=0x00000000
       13715000	      1272	80009a50	407fde93	srai	x29,x31,0x7	 x31:0x00000000 x29=0x00000000
       13725000	      1273	80009a54	01ab8c33	add	x24,x23,x26	 x23:0x00000000 x26:0x00000000 x24=0x00000000
       13735000	      1274	80009a58	8efd	c.and	x13,x15	 x13:0x00000008 x15:0x80025ce4 x13=0x00000000
       13745000	      1275	80009a5a	b792fc13	andi	x24,x5,-1159	  x5:0x00000000 x24=0x00000000
       13755000	      1276	80009a5e	01163333	sltu	x6,x12,x17	 x12:0x00000013 x17:0x00000000  x6=0x00000000
       13765000	      1277	80009a62	567d	c.li	x12,-1	 x12=0xffffffff
       13775000	      1278	80009a64	00d15433	srl	x8,x2,x13	  x2:0x80021e1c x13:0x00000000  x8=0x80021e1c
       13785000	      1279	80009a68	8ced	c.and	x9,x11	  x9:0x00000000 x11:0xffffffff  x9=0x00000000
       13795000	      1280	80009a6a	0001	c.addi	x0,0	  x0:0x00000000  x0=0x00000000
       13805000	      1281	80009a6c	026ae463	bltu	x21,x6,80009a94	 x21:0x00000009  x6:0x00000000
       14175000	      1318	80009a70	035d74b3	remu	x9,x26,x21	 x26:0x00000000 x21:0x00000009  x9=0x00000000
       14185000	      1319	80009a74	0000100f	fence.i	
       14205000	      1321	80009a78	006b43b3	xor	x7,x22,x6	 x22:0x00000001  x6:0x00000000  x7=0x00000001
       14215000	      1322	80009a7c	00cd9e33	sll	x28,x27,x12	 x27:0xffffffff x12:0xffffffff x28=0x80000000
       14225000	      1323	80009a80	01674533	xor	x10,x14,x22	 x14:0x00000020 x22:0x00000001 x10=0x00000021
       14235000	      1324	80009a84	0000100f	fence.i	
       14255000	      1326	80009a88	34002ff3	csrrs	x31,mscratch,x0	  x0:0x00000000 x31=0x00000000
       14265000	      1327	80009a8c	6d98c813	xori	x16,x17,1753	 x17:0x00000000 x16=0x000006d9
       14275000	      1328	80009a90	9656efb7	lui	x31,0x9656e	 x31=0x9656e000
       14285000	      1329	80009a94	6197c693	xori	x13,x15,1561	 x15:0x80025ce4 x13=0x80025afd
       14295000	      1330	80009a98	340d7773	csrrci	x14,mscratch,26	 x14=0x00000000
       14335000	      1334	80009a9c	03441433	mulh	x8,x8,x20	  x8:0x80021e1c x20:0xdc000000  x8=0x11ffb3c4
       14345000	      1335	80009aa0	00065693	srli	x13,x12,0x0	 x12:0xffffffff x13=0xffffffff
       14385000	      1339	80009aa4	02431cb3	mulh	x25,x6,x4	  x6:0x00000000  x4:0x000006e0 x25=0x00000000
       14425000	      1343	80009aa8	03893a33	mulhu	x20,x18,x24	 x18:0x0000001b x24:0x00000000 x20=0x00000000
       14435000	      1344	80009aac	0185dd33	srl	x26,x11,x24	 x11:0xffffffff x24:0x00000000 x26=0xffffffff
       14805000	      1381	80009ab0	027a7833	remu	x16,x20,x7	 x20:0x00000000  x7:0x00000001 x16=0x00000000
       14815000	      1382	80009ab4	01f39193	slli	x3,x7,0x1f	  x7:0x00000001  x3=0x80000000
       14825000	      1383	80009ab8	8dc5	c.or	x11,x9	 x11:0xffffffff  x9:0x00000000 x11=0xffffffff
       14835000	      1384	80009aba	00de78b3	and	x17,x28,x13	 x28:0x80000000 x13:0xffffffff x17=0x80000000
       14845000	      1385	80009abe	98b2	c.add	x17,x12	 x17:0x80000000 x12:0xffffffff x17=0x7fffffff
       14855000	      1386	80009ac0	01e40a33	add	x20,x8,x30	  x8:0x11ffb3c4 x30:0xffffff42 x20=0x11ffb306
       14865000	      1387	80009ac4	41155c13	srai	x24,x10,0x11	 x10:0x00000021 x24=0x00000000
       14875000	      1388	80009ac8	34007d73	csrrci	x26,mscratch,0	 x26=0x00000000
       14915000	      1392	80009acc	020116b3	mulh	x13,x2,x0	  x2:0x80021e1c  x0:0x00000000 x13=0x00000000
       14925000	      1393	80009ad0	340a9f73	csrrw	x30,mscratch,x21	 x21:0x00000009 x30=0x00000000
       14935000	      1394	80009ad4	051c0263	beq	x24,x17,80009b18	 x24:0x00000000 x17:0x7fffffff
       15305000	      1431	80009ad8	02b1eb33	rem	x22,x3,x11	  x3:0x80000000 x11:0xffffffff x22=0x00000000
       15315000	      1432	80009adc	408ddc93	srai	x25,x27,0x8	 x27:0xffffffff x25=0xffffffff
       15325000	      1433	80009ae0	c3567613	andi	x12,x12,-971	 x12:0xffffffff x12=0xfffffc35
       15335000	      1434	80009ae4	01ce80b3	add	x1,x29,x28	 x29:0x00000000 x28:0x80000000  x1=0x80000000
       15375000	      1438	80009ae8	035f2bb3	mulhsu	x23,x30,x21	 x30:0x00000000 x21:0x00000009 x23=0x00000000
       15415000	      1442	80009aec	03061e33	mulh	x28,x12,x16	 x12:0xfffffc35 x16:0x00000000 x28=0x00000000
       15425000	      1443	80009af0	8edd	c.or	x13,x15	 x13:0x00000000 x15:0x80025ce4 x13=0x80025ce4
       15435000	      1444	80009af2	0304d163	bge	x9,x16,80009b14	  x9:0x00000000 x16:0x00000000
       15485000	      1449	80009b14	0271ae33	mulhsu	x28,x3,x7	  x3:0x80000000  x7:0x00000001 x28=0xffffffff
       15495000	      1450	80009b18	0001	c.addi	x0,0	  x0:0x00000000  x0=0x00000000
       15505000	      1451	80009b1a	34085573	csrrwi	x10,mscratch,16	 x10=0x00000009
       15875000	      1488	80009b1e	02da4bb3	div	x23,x20,x13	 x20:0x11ffb306 x13:0x80025ce4 x23=0x00000000
       15885000	      1489	80009b22	8f2d	c.xor	x14,x11	 x14:0x00000000 x11:0xffffffff x14=0xffffffff
       15895000	      1490	80009b24	408dd933	sra	x18,x27,x8	 x27:0xffffffff  x8:0x11ffb3c4 x18=0xffffffff
       15905000	      1491	80009b28	4164d593	srai	x11,x9,0x16	  x9:0x00000000 x11=0x00000000
       15915000	      1492	80009b2c	02a5f963	bgeu	x11,x10,80009b5e	 x11:0x00000000 x10:0x00000009
       15925000	      1493	80009b30	8425	c.srai	x8,0x9	  x8:0x11ffb3c4  x8=0x0008ffd9
       15935000	      1494	80009b32	93964f17	auipc	x30,0x93964	 x30=0x1396db32
       16305000	      1531	80009b36	02d9e4b3	rem	x9,x19,x13	 x19:0x00000000 x13:0x80025ce4  x9=0x00000000
       16315000	      1532	80009b3a	41f1de33	sra	x28,x3,x31	  x3:0x80000000 x31:0x9656e000 x28=0x80000000
       16325000	      1533	80009b3e	58fd	c.li	x17,-1	 x17=0xffffffff
       16335000	      1534	80009b40	00428533	add	x10,x5,x4	  x5:0x00000000  x4:0x000006e0 x10=0x000006e0
       16345000	      1535	80009b44	01c76f63	bltu	x14,x28,80009b62	 x14:0xffffffff x28:0x80000000
       16355000	      1536	80009b48	e129	c.bnez	x10,80009b8a	 x10:0x000006e0
       16385000	      1539	80009b8a	01747bb3	and	x23,x8,x23	  x8:0x0008ffd9 x23:0x00000000 x23=0x00000000
       16395000	      1540	80009b8e	022b6363	bltu	x22,x2,80009bb4	 x22:0x00000000  x2:0x80021e1c
       16415000	      1542	80009bb4	4d90b313	sltiu	x6,x1,1241	  x1:0x80000000  x6=0x00000000
       16425000	      1543	80009bb8	e515	c.bnez	x10,80009be4	 x10:0x000006e0
       16445000	      1545	80009be4	34002373	csrrs	x6,mscratch,x0	  x0:0x00000000  x6=0x00000010
       16455000	      1546	80009be8	02f3de63	bge	x7,x15,80009c24	  x7:0x00000001 x15:0x80025ce4
       16475000	      1548	80009c24	0001	c.addi	x0,0	  x0:0x00000000  x0=0x00000000
       16485000	      1549	80009c26	8d61	c.and	x10,x8	 x10:0x000006e0  x8:0x0008ffd9 x10=0x000006c0
       16495000	      1550	80009c28	177d	c.addi	x14,-1	 x14:0xffffffff x14=0xfffffffe
       16535000	      1554	80009c2a	022e9233	mulh	x4,x29,x2	 x29:0x00000000  x2:0x80021e1c  x4=0x00000000
       16545000	      1555	80009c2e	340c9773	csrrw	x14,mscratch,x25	 x25:0xffffffff x14=0x00000010
       16555000	      1556	80009c32	8d01	c.sub	x10,x8	 x10:0x000006c0  x8:0x0008ffd9 x10=0xfff706e7
       16565000	      1557	80009c34	01bf8f33	add	x30,x31,x27	 x31:0x9656e000 x27:0xffffffff x30=0x9656dfff
       16575000	      1558	80009c38	00189c13	slli	x24,x17,0x1	 x17:0xffffffff x24=0xfffffffe
       16585000	      1559	80009c3c	011c8663	beq	x25,x17,80009c48	 x25:0xffffffff x17:0xffffffff
       16605000	      1561	80009c48	860c4613	xori	x12,x24,-1952	 x24:0xfffffffe x12=0x0000079e
       16615000	      1562	80009c4c	0000100f	fence.i	
       16635000	      1564	80009c50	0072e9b3	or	x19,x5,x7	  x5:0x00000000  x7:0x00000001 x19=0x00000001
       16645000	      1565	80009c54	7a24f713	andi	x14,x9,1954	  x9:0x00000000 x14=0x00000000
       16655000	      1566	80009c58	00a2	c.slli	x1,0x8	  x1:0x80000000  x1=0x00000000
       16665000	      1567	80009c5a	0328fa63	bgeu	x17,x18,80009c8e	 x17:0xffffffff x18:0xffffffff
       16695000	      1570	80009c8e	01c46433	or	x8,x8,x28	  x8:0x0008ffd9 x28:0x80000000  x8=0x8008ffd9
       16705000	      1571	80009c92	01b39833	sll	x16,x7,x27	  x7:0x00000001 x27:0xffffffff x16=0x80000000
       17075000	      1608	80009c96	03ccf6b3	remu	x13,x25,x28	 x25:0xffffffff x28:0x80000000 x13=0x7fffffff
       17085000	      1609	80009c9a	00bf8013	addi	x0,x31,11	 x31:0x9656e000  x0=0x00000000
       17095000	      1610	80009c9e	96be	c.add	x13,x15	 x13:0x7fffffff x15:0x80025ce4 x13=0x00025ce3
       17105000	      1611	80009ca0	03816763	bltu	x2,x24,80009cce	  x2:0x80021e1c x24:0xfffffffe
       17135000	      1614	80009cce	34022bf3	csrrs	x23,mscratch,x4	  x4:0x00000000 x23=0xffffffff
       17175000	      1618	80009cd2	0399adb3	mulhsu	x27,x19,x25	 x19:0x00000001 x25:0xffffffff x27=0x00000000
       17185000	      1619	80009cd6	01357b63	bgeu	x10,x19,80009cec	 x10:0xfff706e7 x19:0x00000001
       17205000	      1621	80009cec	05ee4c63	blt	x28,x30,80009d44	 x28:0x80000000 x30:0x9656dfff
       17225000	      1623	80009d44	00a77f33	and	x30,x14,x10	 x14:0x00000000 x10:0xfff706e7 x30=0x00000000
       17235000	      1624	80009d48	8039	c.srli	x8,0xe	  x8:0x8008ffd9  x8=0x00020023
       17245000	      1625	80009d4a	010a5d93	srli	x27,x20,0x10	 x20:0x11ffb306 x27=0x000011ff
       17255000	      1626	80009d4e	03c2f363	bgeu	x5,x28,80009d74	  x5:0x00000000 x28:0x80000000
       17265000	      1627	80009d52	34035973	csrrwi	x18,mscratch,6	 x18=0xffffffff
       17275000	      1628	80009d56	41cddf33	sra	x30,x27,x28	 x27:0x000011ff x28:0x80000000 x30=0x000011ff
       17285000	      1629	80009d5a	340393f3	csrrw	x7,mscratch,x7	  x7:0x00000001  x7=0x00000006
       17295000	      1630	80009d5e	00859a13	slli	x20,x11,0x8	 x11:0x00000000 x20=0x00000000
       17305000	      1631	80009d62	9a7d	c.andi	x12,-1	 x12:0x0000079e x12=0x0000079e
       17315000	      1632	80009d64	8eb9	c.xor	x13,x14	 x13:0x00025ce3 x14:0x00000000 x13=0x00025ce3
       17325000	      1633	80009d66	34086cf3	csrrsi	x25,mscratch,16	 x25=0x00000001
       17345000	      1635	80009d6a	02e673b3	remu	x7,x12,x14	 x12:0x0000079e x14:0x00000000  x7=0x0000079e
       17355000	      1636	80009d6e	00791533	sll	x10,x18,x7	 x18:0xffffffff  x7:0x0000079e x10=0xc0000000
       17365000	      1637	80009d72	ec0d	c.bnez	x8,80009dac	  x8:0x00020023
       17385000	      1639	80009dac	8d01	c.sub	x10,x8	 x10:0xc0000000  x8:0x00020023 x10=0xbffdffdd
       17395000	      1640	80009dae	34002c73	csrrs	x24,mscratch,x0	  x0:0x00000000 x24=0x00000011
       17405000	      1641	80009db2	8da5	c.xor	x11,x9	 x11:0x00000000  x9:0x00000000 x11=0x00000000
       17415000	      1642	80009db4	8d41	c.or	x10,x8	 x10:0xbffdffdd  x8:0x00020023 x10=0xbfffffff
       17785000	      1679	80009db6	0285ffb3	remu	x31,x11,x8	 x11:0x00000000  x8:0x00020023 x31=0x00000000
       17795000	      1680	80009dba	34002cf3	csrrs	x25,mscratch,x0	  x0:0x00000000 x25=0x00000011
       17805000	      1681	80009dbe	010bdf93	srli	x31,x23,0x10	 x23:0xffffffff x31=0x0000ffff
       17815000	      1682	80009dc2	8595	c.srai	x11,0x5	 x11:0x00000000 x11=0x00000000
       18185000	      1719	80009dc4	02fbf533	remu	x10,x23,x15	 x23:0xffffffff x15:0x80025ce4 x10=0x7ffda31b
       18195000	      1720	80009dc8	0058b6b3	sltu	x13,x17,x5	 x17:0xffffffff  x5:0x00000000 x13=0x00000000
       18205000	      1721	80009dcc	167d	c.addi	x12,-1	 x12:0x0000079e x12=0x0000079d
       18215000	      1722	80009dce	002dc3b3	xor	x7,x27,x2	 x27:0x000011ff  x2:0x80021e1c  x7=0x80020fe3
       18225000	      1723	80009dd2	010f6b33	or	x22,x30,x16	 x30:0x000011ff x16:0x80000000 x22=0x800011ff
       18235000	      1724	80009dd6	414954b3	sra	x9,x18,x20	 x18:0xffffffff x20:0x00000000  x9=0xffffffff
       18245000	      1725	80009dda	00e79433	sll	x8,x15,x14	 x15:0x80025ce4 x14:0x00000000  x8=0x80025ce4
       18255000	      1726	80009dde	0000100f	fence.i	
       18275000	      1728	80009de2	0001	c.addi	x0,0	  x0:0x00000000  x0=0x00000000
       18285000	      1729	80009de4	e4167937	lui	x18,0xe4167	 x18=0xe4167000
       18295000	      1730	80009de8	9d243093	sltiu	x1,x8,-1582	  x8:0x80025ce4  x1=0x00000001
       18305000	      1731	80009dec	0001	c.addi	x0,0	  x0:0x00000000  x0=0x00000000
       18315000	      1732	80009dee	40895cb3	sra	x25,x18,x8	 x18:0xe4167000  x8:0x80025ce4 x25=0xfe416700
       18325000	      1733	80009df2	340072f3	csrrci	x5,mscratch,0	  x5=0x00000011
       18335000	      1734	80009df6	40145833	sra	x16,x8,x1	  x8:0x80025ce4  x1:0x00000001 x16=0xc0012e72
       18705000	      1771	80009dfa	03c0db33	divu	x22,x1,x28	  x1:0x00000001 x28:0x80000000 x22=0x00000000
       18715000	      1772	80009dfe	840a	c.mv	x8,x2	  x0:0x00000000  x2:0x80021e1c  x8=0x80021e1c
       18725000	      1773	80009e00	00526bb3	or	x23,x4,x5	  x4:0x00000000  x5:0x00000011 x23=0x00000011
       18735000	      1774	80009e04	012dcc63	blt	x27,x18,80009e1c	 x27:0x000011ff x18:0xe4167000
       18745000	      1775	80009e08	0ff0000f	fence	iorw,iorw	
       18755000	      1776	80009e0c	340dfef3	csrrci	x29,mscratch,27	 x29=0x00000011
       18765000	      1777	80009e10	0ed6	c.slli	x29,0x15	 x29:0x00000011 x29=0x02200000
       18775000	      1778	80009e12	0046cd33	xor	x26,x13,x4	 x13:0x00000000  x4:0x00000000 x26=0x00000000
       18785000	      1779	80009e16	0387e313	ori	x6,x15,56	 x15:0x80025ce4  x6=0x80025cfc
       18795000	      1780	80009e1a	8c71	c.and	x8,x12	  x8:0x80021e1c x12:0x0000079d  x8=0x0000061c
       18805000	      1781	80009e1c	01cc5db3	srl	x27,x24,x28	 x24:0x00000011 x28:0x80000000 x27=0x00000011
       18815000	      1782	80009e20	018d9533	sll	x10,x27,x24	 x27:0x00000011 x24:0x00000011 x10=0x00220000
       18825000	      1783	80009e24	843d	c.srai	x8,0xf	  x8:0x0000061c  x8=0x00000000
       18835000	      1784	80009e26	8231	c.srli	x12,0xc	 x12:0x0000079d x12=0x00000000
       18845000	      1785	80009e28	00e29513	slli	x10,x5,0xe	  x5:0x00000011 x10=0x00044000
       18855000	      1786	80009e2c	006dc763	blt	x27,x6,80009e3a	 x27:0x00000011  x6:0x80025cfc
       18865000	      1787	80009e30	0001	c.addi	x0,0	  x0:0x00000000  x0=0x00000000
       18875000	      1788	80009e32	340e3ff3	csrrc	x31,mscratch,x28	 x28:0x80000000 x31=0x00000000
       18885000	      1789	80009e36	8f19	c.sub	x14,x14	 x14:0x00000000 x14:0x00000000 x14=0x00000000
       18895000	      1790	80009e38	6191	c.lui	x3,0x4	  x3=0x00004000
       18905000	      1791	80009e3a	870d	c.srai	x14,0x3	 x14:0x00000000 x14=0x00000000
       18915000	      1792	80009e3c	ca81	c.beqz	x13,80009e4c	 x13:0x00000000
       18935000	      1794	80009e4c	34007a73	csrrci	x20,mscratch,0	 x20=0x00000000
       18945000	      1795	80009e50	013c9993	slli	x19,x25,0x13	 x25:0xfe416700 x19=0x38000000
       18955000	      1796	80009e54	008994b3	sll	x9,x19,x8	 x19:0x38000000  x8:0x00000000  x9=0x38000000
       18965000	      1797	80009e58	8725	c.srai	x14,0x9	 x14:0x00000000 x14=0x00000000
       18975000	      1798	80009e5a	0000100f	fence.i	
       19005000	      1801	80009e5e	00a40233	add	x4,x8,x10	  x8:0x00000000 x10:0x00044000  x4=0x00044000
       19015000	      1802	80009e62	8f2d	c.xor	x14,x11	 x14:0x00000000 x11:0x00000000 x14=0x00000000
       19025000	      1803	80009e64	3406d873	csrrwi	x16,mscratch,13	 x16=0x00000000
       19035000	      1804	80009e68	340664f3	csrrsi	x9,mscratch,12	  x9=0x0000000d
       19405000	      1841	80009e6c	0351e6b3	rem	x13,x3,x21	  x3:0x00004000 x21:0x00000009 x13=0x00000004
       19415000	      1842	80009e70	40d481b3	sub	x3,x9,x13	  x9:0x0000000d x13:0x00000004  x3=0x00000009
       19425000	      1843	80009e74	010890b3	sll	x1,x17,x16	 x17:0xffffffff x16:0x00000000  x1=0xffffffff
       19435000	      1844	80009e78	b3c28893	addi	x17,x5,-1220	  x5:0x00000011 x17=0xfffffb4d
       19445000	      1845	80009e7c	3405b973	csrrc	x18,mscratch,x11	 x11:0x00000000 x18=0x0000000d
       19485000	      1849	80009e80	030895b3	mulh	x11,x17,x16	 x17:0xfffffb4d x16:0x00000000 x11=0x00000000
       19495000	      1850	80009e84	8049	c.srli	x8,0x12	  x8:0x00000000  x8=0x00000000
       19535000	      1854	80009e86	0313a933	mulhsu	x18,x7,x17	  x7:0x80020fe3 x17:0xfffffb4d x18=0x8002123c
       19545000	      1855	80009e8a	9f46	c.add	x30,x17	 x30:0x000011ff x17:0xfffffb4d x30=0x00000d4c
       19575000	      1858	80009e8c	03f60333	mul	x6,x12,x31	 x12:0x00000000 x31:0x00000000  x6=0x00000000
       19585000	      1859	80009e90	0153fc33	and	x24,x7,x21	  x7:0x80020fe3 x21:0x00000009 x24=0x00000001
       19595000	      1860	80009e94	01ab1233	sll	x4,x22,x26	 x22:0x00000000 x26:0x00000000  x4=0x00000000
       19605000	      1861	80009e98	85f37037	lui	x0,0x85f37	  x0=0x00000000
       19615000	      1862	80009e9c	0223d663	bge	x7,x2,80009ec8	  x7:0x80020fe3  x2:0x80021e1c
       19625000	      1863	80009ea0	0001	c.addi	x0,0	  x0:0x00000000  x0=0x00000000
       19665000	      1867	80009ea2	037b35b3	mulhu	x11,x22,x23	 x22:0x00000000 x23:0x00000011 x11=0x00000000
       19675000	      1868	80009ea6	e321	c.bnez	x14,80009ee6	 x14:0x00000000
       19685000	      1869	80009ea8	d22d4e97	auipc	x29,0xd22d4	 x29=0x522ddea8
       19695000	      1870	80009eac	98a6	c.add	x17,x9	 x17:0xfffffb4d  x9:0x0000000d x17=0xfffffb5a
       19705000	      1871	80009eae	0bee	c.slli	x23,0x1b	 x23:0x00000011 x23=0x88000000
       19725000	      1873	80009eb0	024bceb3	div	x29,x23,x4	 x23:0x88000000  x4:0x00000000 x29=0xffffffff
       19735000	      1874	80009eb4	bb757093	andi	x1,x10,-1097	 x10:0x00044000  x1=0x00044000
       19745000	      1875	80009eb8	47be0c93	addi	x25,x28,1147	 x28:0x80000000 x25=0x8000047b
       19755000	      1876	80009ebc	34019773	csrrw	x14,mscratch,x3	  x3:0x00000009 x14=0x0000000d
       19765000	      1877	80009ec0	00a1ec33	or	x24,x3,x10	  x3:0x00000009 x10:0x00044000 x24=0x00044009
       19775000	      1878	80009ec4	340062f3	csrrsi	x5,mscratch,0	  x5=0x00000009
       19785000	      1879	80009ec8	690d	c.lui	x18,0x3	 x18=0x00003000
       19795000	      1880	80009eca	8351	c.srli	x14,0x14	 x14:0x0000000d x14=0x00000000
       19805000	      1881	80009ecc	40865d93	srai	x27,x12,0x8	 x12:0x00000000 x27=0x00000000
       19815000	      1882	80009ed0	8e6d	c.and	x12,x11	 x12:0x00000000 x11:0x00000000 x12=0x00000000
       19825000	      1883	80009ed2	872d	c.srai	x14,0xb	 x14:0x00000000 x14=0x00000000
       19835000	      1884	80009ed4	01b28f63	beq	x5,x27,80009ef2	  x5:0x00000009 x27:0x00000000
       19845000	      1885	80009ed8	0075cbb3	xor	x23,x11,x7	 x11:0x00000000  x7:0x80020fe3 x23=0x80020fe3
       19855000	      1886	80009edc	014df033	and	x0,x27,x20	 x27:0x00000000 x20:0x00000000  x0=0x00000000
       20225000	      1923	80009ee0	033cfa33	remu	x20,x25,x19	 x25:0x8000047b x19:0x38000000 x20=0x1000047b
       20235000	      1924	80009ee4	686d	c.lui	x16,0x1b	 x16=0x0001b000
       20245000	      1925	80009ee6	9b7d	c.andi	x14,-1	 x14:0x00000000 x14=0x00000000
       20255000	      1926	80009ee8	8c41	c.or	x8,x8	  x8:0x00000000  x8:0x00000000  x8=0x00000000
       20265000	      1927	80009eea	fcd88193	addi	x3,x17,-51	 x17:0xfffffb5a  x3=0xfffffb27
       20275000	      1928	80009eee	55584493	xori	x9,x16,1365	 x16:0x0001b000  x9=0x0001b555
       20295000	      1930	80009ef2	02cf5d33	divu	x26,x30,x12	 x30:0x00000d4c x12:0x00000000 x26=0xffffffff
       20305000	      1931	80009ef6	017b1193	slli	x3,x22,0x17	 x22:0x00000000  x3=0x00000000
       20675000	      1968	80009efa	034a7433	remu	x8,x20,x20	 x20:0x1000047b x20:0x1000047b  x8=0x00000000
       20685000	      1969	80009efe	8505	c.srai	x10,0x1	 x10:0x00044000 x10=0x00022000
       20695000	      1970	80009f00	048e1463	bne	x28,x8,80009f48	 x28:0x80000000  x8:0x00000000
       20715000	      1972	80009f48	0cb53993	sltiu	x19,x10,203	 x10:0x00022000 x19=0x00000000
       20725000	      1973	80009f4c	34085473	csrrwi	x8,mscratch,16	  x8=0x00000009
       21095000	      2010	80009f50	031c65b3	rem	x11,x24,x17	 x24:0x00044009 x17:0xfffffb5a x11=0x0000004d
       21105000	      2011	80009f54	1dfd	c.addi	x27,-1	 x27:0x00000000 x27=0xffffffff
       21115000	      2012	80009f56	01cd3b93	sltiu	x23,x26,28	 x26:0xffffffff x23=0x00000000
       21125000	      2013	80009f5a	9c1a	c.add	x24,x6	 x24:0x00044009  x6:0x00000000 x24=0x00044009
       21135000	      2014	80009f5c	02ecfe63	bgeu	x25,x14,80009f98	 x25:0x8000047b x14:0x00000000
       21155000	      2016	80009f98	012858b3	srl	x17,x16,x18	 x16:0x0001b000 x18:0x00003000 x17=0x0001b000
       21165000	      2017	80009f9c	044f9463	bne	x31,x4,80009fe4	 x31:0x00000000  x4:0x00000000
       21195000	      2020	80009fa0	03050eb3	mul	x29,x10,x16	 x10:0x00022000 x16:0x0001b000 x29=0x96000000
       21205000	      2021	80009fa4	340028f3	csrrs	x17,mscratch,x0	  x0:0x00000000 x17=0x00000010
       21215000	      2022	80009fa8	01324bb3	xor	x23,x4,x19	  x4:0x00000000 x19:0x00000000 x23=0x00000000
       21255000	      2026	80009fac	03c390b3	mulh	x1,x7,x28	  x7:0x80020fe3 x28:0x80000000  x1=0x3ffef80e
       21265000	      2027	80009fb0	0000100f	fence.i	
       21285000	      2029	80009fb4	00641963	bne	x8,x6,80009fc6	  x8:0x00000009  x6:0x00000000
       21315000	      2032	80009fc6	aabb7717	auipc	x14,0xaabb7	 x14=0x2abc0fc6
       21335000	      2034	80009fca	0205d433	divu	x8,x11,x0	 x11:0x0000004d  x0:0x00000000  x8=0xffffffff
       21345000	      2035	80009fce	073e	c.slli	x14,0xf	 x14:0x2abc0fc6 x14=0x07e30000
       21355000	      2036	80009fd0	62d1	c.lui	x5,0x14	  x5=0x00014000
       21365000	      2037	80009fd2	0ff0000f	fence	iorw,iorw	
       21375000	      2038	80009fd6	01897933	and	x18,x18,x24	 x18:0x00003000 x24:0x00044009 x18=0x00000000
       21385000	      2039	80009fda	01c97563	bgeu	x18,x28,80009fe4	 x18:0x00000000 x28:0x80000000
       21395000	      2040	80009fde	03854d63	blt	x10,x24,8000a018	 x10:0x00022000 x24:0x00044009
       21415000	      2042	8000a018	1bfd	c.addi	x23,-1	 x23:0x00000000 x23=0xffffffff
       21425000	      2043	8000a01a	86fe	c.mv	x13,x31	  x0:0x00000000 x31:0x00000000 x13=0x00000000
       21435000	      2044	8000a01c	02574563	blt	x14,x5,8000a046	 x14:0x07e30000  x5:0x00014000
       21445000	      2045	8000a020	02857163	bgeu	x10,x8,8000a042	 x10:0x00022000  x8:0xffffffff
       21455000	      2046	8000a024	1cfd	c.addi	x25,-1	 x25:0x8000047b x25=0x8000047a
       21465000	      2047	8000a026	023fe463	bltu	x31,x3,8000a04e	 x31:0x00000000  x3:0x00000000
       21475000	      2048	8000a02a	bef7f993	andi	x19,x15,-1041	 x15:0x80025ce4 x19=0x800258e4
       21485000	      2049	8000a02e	0000100f	fence.i	
       21505000	      2051	8000a032	4b25	c.li	x22,9	 x22=0x00000009
       21515000	      2052	8000a034	016a5f13	srli	x30,x20,0x16	 x20:0x1000047b x30=0x00000040
       21525000	      2053	8000a038	12fd	c.addi	x5,-1	  x5:0x00014000  x5=0x00013fff
       21535000	      2054	8000a03a	34006f73	csrrsi	x30,mscratch,0	 x30=0x00000010
       21545000	      2055	8000a03e	00acfa63	bgeu	x25,x10,8000a052	 x25:0x8000047a x10:0x00022000
       21565000	      2057	8000a052	c221	c.beqz	x12,8000a092	 x12:0x00000000
       21585000	      2059	8000a092	8e11	c.sub	x12,x12	 x12:0x00000000 x12:0x00000000 x12=0x00000000
       21955000	      2096	8000a094	02bfc6b3	div	x13,x31,x11	 x31:0x00000000 x11:0x0000004d x13=0x00000000
       21965000	      2097	8000a098	00361c13	slli	x24,x12,0x3	 x12:0x00000000 x24=0x00000000
       21975000	      2098	8000a09c	010fc333	xor	x6,x31,x16	 x31:0x00000000 x16:0x0001b000  x6=0x0001b000
       21985000	      2099	8000a0a0	00e88c33	add	x24,x17,x14	 x17:0x00000010 x14:0x07e30000 x24=0x07e30010
       21995000	      2100	8000a0a4	8621	c.srai	x12,0x8	 x12:0x00000000 x12=0x00000000
       22005000	      2101	8000a0a6	01de02b3	add	x5,x28,x29	 x28:0x80000000 x29:0x96000000  x5=0x16000000
       22015000	      2102	8000a0aa	01995633	srl	x12,x18,x25	 x18:0x00000000 x25:0x8000047a x12=0x00000000
       22025000	      2103	8000a0ae	8b1d	c.andi	x14,7	 x14:0x07e30000 x14=0x00000000
       22035000	      2104	8000a0b0	1c1d8013	addi	x0,x27,449	 x27:0xffffffff  x0=0x00000000
       22075000	      2108	8000a0b4	030a3bb3	mulhu	x23,x20,x16	 x20:0x1000047b x16:0x0001b000 x23=0x00001b00
       22085000	      2109	8000a0b8	0ff0000f	fence	iorw,iorw	
       22095000	      2110	8000a0bc	021a	c.slli	x4,0x6	  x4:0x00000000  x4=0x00000000
       22105000	      2111	8000a0be	d30a8b93	addi	x23,x21,-720	 x21:0x00000009 x23=0xfffffd39
       22115000	      2112	8000a0c2	011730b3	sltu	x1,x14,x17	 x14:0x00000000 x17:0x00000010  x1=0x00000001
       22125000	      2113	8000a0c6	0000100f	fence.i	
       22155000	      2116	8000a0ca	00f91b13	slli	x22,x18,0xf	 x18:0x00000000 x22=0x00000000
       22165000	      2117	8000a0ce	02256863	bltu	x10,x2,8000a0fe	 x10:0x00022000  x2:0x80021e1c
       22185000	      2119	8000a0fe	e315	c.bnez	x14,8000a122	 x14:0x00000000
       22195000	      2120	8000a100	cf05	c.beqz	x14,8000a138	 x14:0x00000000
       22215000	      2122	8000a138	02345a63	bge	x8,x3,8000a16c	  x8:0xffffffff  x3:0x00000000
       22225000	      2123	8000a13c	962026b7	lui	x13,0x96202	 x13=0x96202000
       22595000	      2160	8000a140	038a5833	divu	x16,x20,x24	 x20:0x1000047b x24:0x07e30010 x16=0x00000002
       22605000	      2161	8000a144	0f278413	addi	x8,x15,242	 x15:0x80025ce4  x8=0x80025dd6
       22975000	      2198	8000a148	031c5433	divu	x8,x24,x17	 x24:0x07e30010 x17:0x00000010  x8=0x007e3001
       22985000	      2199	8000a14c	003e1513	slli	x10,x28,0x3	 x28:0x80000000 x10=0x00000000
       22995000	      2200	8000a150	03747963	bgeu	x8,x23,8000a182	  x8:0x007e3001 x23:0xfffffd39
       23005000	      2201	8000a154	00ca0fb3	add	x31,x20,x12	 x20:0x1000047b x12:0x00000000 x31=0x1000047b
       23015000	      2202	8000a158	34039373	csrrw	x6,mscratch,x7	  x7:0x80020fe3  x6=0x00000010
       23025000	      2203	8000a15c	157d	c.addi	x10,-1	 x10:0x00000000 x10=0xffffffff
       23035000	      2204	8000a15e	20f88397	auipc	x7,0x20f88	  x7=0xa0f9215e
       23045000	      2205	8000a162	009c3fb3	sltu	x31,x24,x9	 x24:0x07e30010  x9:0x0001b555 x31=0x00000000
       23055000	      2206	8000a166	05ea	c.slli	x11,0x1a	 x11:0x0000004d x11=0x34000000
       23065000	      2207	8000a168	340b5a73	csrrwi	x20,mscratch,22	 x20=0x80020fe3
       23075000	      2208	8000a16c	3f13ed17	auipc	x26,0x3f13e	 x26=0xbf14816c
       23085000	      2209	8000a170	340022f3	csrrs	x5,mscratch,x0	  x0:0x00000000  x5=0x00000016
       23125000	      2213	8000a174	022a1233	mulh	x4,x20,x2	 x20:0x80020fe3  x2:0x80021e1c  x4=0x3ffde904
       23135000	      2214	8000a178	8ed1	c.or	x13,x12	 x13:0x96202000 x12:0x00000000 x13=0x96202000
       23145000	      2215	8000a17a	0cc4e213	ori	x4,x9,204	  x9:0x0001b555  x4=0x0001b5dd
       23155000	      2216	8000a17e	608d	c.lui	x1,0x3	  x1=0x00003000
       23165000	      2217	8000a180	0001	c.addi	x0,0	  x0:0x00000000  x0=0x00000000
       23175000	      2218	8000a182	0a65	c.addi	x20,25	 x20:0x80020fe3 x20=0x80020ffc
       23185000	      2219	8000a184	01ff9733	sll	x14,x31,x31	 x31:0x00000000 x31:0x00000000 x14=0x00000000
       23195000	      2220	8000a188	00e7df13	srli	x30,x15,0xe	 x15:0x80025ce4 x30=0x00020009
       23205000	      2221	8000a18c	009401b3	add	x3,x8,x9	  x8:0x007e3001  x9:0x0001b555  x3=0x007fe556
       23215000	      2222	8000a190	00da88b3	add	x17,x21,x13	 x21:0x00000009 x13:0x96202000 x17=0x96202009
       23225000	      2223	8000a194	01141813	slli	x16,x8,0x11	  x8:0x007e3001 x16=0x60020000
       23235000	      2224	8000a198	35a68a13	addi	x20,x13,858	 x13:0x96202000 x20=0x9620235a
       23245000	      2225	8000a19c	8cdd	c.or	x9,x15	  x9:0x0001b555 x15:0x80025ce4  x9=0x8003fdf5
       23265000	      2227	8000a19e	0206c8b3	div	x17,x13,x0	 x13:0x96202000  x0:0x00000000 x17=0xffffffff
       23275000	      2228	8000a1a2	8d4d	c.or	x10,x11	 x10:0xffffffff x11:0x34000000 x10=0xffffffff
       23285000	      2229	8000a1a4	61e5f9b7	lui	x19,0x61e5f	 x19=0x61e5f000
       23295000	      2230	8000a1a8	0012f933	and	x18,x5,x1	  x5:0x00000016  x1:0x00003000 x18=0x00000000
       23305000	      2231	8000a1ac	96d2	c.add	x13,x20	 x13:0x96202000 x20:0x9620235a x13=0x2c40435a
       23315000	      2232	8000a1ae	0001	c.addi	x0,0	  x0:0x00000000  x0=0x00000000
       23325000	      2233	8000a1b0	0000100f	fence.i	
       23345000	      2235	8000a1b4	02d8cb63	blt	x17,x13,8000a1ea	 x17:0xffffffff x13:0x2c40435a
       23365000	      2237	8000a1ea	8b6e	c.mv	x22,x27	  x0:0x00000000 x27:0xffffffff x22=0xffffffff
       23375000	      2238	8000a1ec	0090d5b3	srl	x11,x1,x9	  x1:0x00003000  x9:0x8003fdf5 x11=0x00000000
       23385000	      2239	8000a1f0	038b8c63	beq	x23,x24,8000a228	 x23:0xfffffd39 x24:0x07e30010
       23395000	      2240	8000a1f4	8271	c.srli	x12,0x1c	 x12:0x00000000 x12=0x00000000
       23405000	      2241	8000a1f6	340572f3	csrrci	x5,mscratch,10	  x5=0x00000016
       23415000	      2242	8000a1fa	892a	c.mv	x18,x10	  x0:0x00000000 x10:0xffffffff x18=0xffffffff
       23425000	      2243	8000a1fc	4106d9b3	sra	x19,x13,x16	 x13:0x2c40435a x16:0x60020000 x19=0x2c40435a
       23435000	      2244	8000a200	8429	c.srai	x8,0xa	  x8:0x007e3001  x8=0x00001f8c
       23445000	      2245	8000a202	887a	c.mv	x16,x30	  x0:0x00000000 x30:0x00020009 x16=0x00020009
       23815000	      2282	8000a204	0371f5b3	remu	x11,x3,x23	  x3:0x007fe556 x23:0xfffffd39 x11=0x007fe556
       23825000	      2283	8000a208	03cecf63	blt	x29,x28,8000a246	 x29:0x96000000 x28:0x80000000
       23835000	      2284	8000a20c	0ff0000f	fence	iorw,iorw	
       23845000	      2285	8000a210	8e1d	c.sub	x12,x15	 x12:0x00000000 x15:0x80025ce4 x12=0x7ffda31c
       23855000	      2286	8000a212	01521033	sll	x0,x4,x21	  x4:0x0001b5dd x21:0x00000009  x0=0x00000000
       23865000	      2287	8000a216	023a7f63	bgeu	x20,x3,8000a254	 x20:0x9620235a  x3:0x007fe556
       23885000	      2289	8000a254	0000100f	fence.i	
       23935000	      2294	8000a258	02d5a2b3	mulhsu	x5,x11,x13	 x11:0x007fe556 x13:0x2c40435a  x5=0x00161b85
       23945000	      2295	8000a25c	340652f3	csrrwi	x5,mscratch,12	  x5=0x00000014
       23955000	      2296	8000a260	0a5e	c.slli	x20,0x17	 x20:0x9620235a x20=0xad000000
       24325000	      2333	8000a262	03196d33	rem	x26,x18,x17	 x18:0xffffffff x17:0xffffffff x26=0x00000000
       24335000	      2334	8000a266	4a3c3b93	sltiu	x23,x24,1187	 x24:0x07e30010 x23=0x00000000
       24345000	      2335	8000a26a	8e79	c.and	x12,x14	 x12:0x7ffda31c x14:0x00000000 x12=0x00000000
       24355000	      2336	8000a26c	01bd4bb3	xor	x23,x26,x27	 x26:0x00000000 x27:0xffffffff x23=0xffffffff
       24365000	      2337	8000a270	0001	c.addi	x0,0	  x0:0x00000000  x0=0x00000000
       24375000	      2338	8000a272	8ccd	c.or	x9,x11	  x9:0x8003fdf5 x11:0x007fe556  x9=0x807ffdf7
       24385000	      2339	8000a274	00e406b3	add	x13,x8,x14	  x8:0x00001f8c x14:0x00000000 x13=0x00001f8c
       24395000	      2340	8000a278	00ba5333	srl	x6,x20,x11	 x20:0xad000000 x11:0x007fe556  x6=0x000002b4
       24435000	      2344	8000a27c	025ab4b3	mulhu	x9,x21,x5	 x21:0x00000009  x5:0x00000014  x9=0x00000000
       24445000	      2345	8000a280	00689d93	slli	x27,x17,0x6	 x17:0xffffffff x27=0xffffffc0
       24455000	      2346	8000a284	2f52b613	sltiu	x12,x5,757	  x5:0x00000014 x12=0x00000001
       24465000	      2347	8000a288	02269963	bne	x13,x2,8000a2ba	 x13:0x00001f8c  x2:0x80021e1c
       24485000	      2349	8000a2ba	41a9	c.li	x3,10	  x3=0x0000000a
       24495000	      2350	8000a2bc	3407d773	csrrwi	x14,mscratch,15	 x14=0x0000000c
       24505000	      2351	8000a2c0	81b2	c.mv	x3,x12	  x0:0x00000000 x12:0x00000001  x3=0x00000001
       24515000	      2352	8000a2c2	0000100f	fence.i	
       24545000	      2355	8000a2c6	01415d33	srl	x26,x2,x20	  x2:0x80021e1c x20:0xad000000 x26=0x80021e1c
       24555000	      2356	8000a2ca	0f9f0b93	addi	x23,x30,249	 x30:0x00020009 x23=0x00020102
       24925000	      2393	8000a2ce	021f5fb3	divu	x31,x30,x1	 x30:0x00020009  x1:0x00003000 x31=0x0000000a
       24935000	      2394	8000a2d2	df64c217	auipc	x4,0xdf64c	  x4=0x5f6562d2
       25305000	      2431	8000a2d6	02eeebb3	rem	x23,x29,x14	 x29:0x96000000 x14:0x0000000c x23=0xfffffffc
       25315000	      2432	8000a2da	019b9c63	bne	x23,x25,8000a2f2	 x23:0xfffffffc x25:0x8000047a
       25375000	      2438	8000a2f2	025b1933	mulh	x18,x22,x5	 x22:0xffffffff  x5:0x00000014 x18=0xffffffff
       25385000	      2439	8000a2f6	419b00b3	sub	x1,x22,x25	 x22:0xffffffff x25:0x8000047a  x1=0x7ffffb85
       25395000	      2440	8000a2fa	0001	c.addi	x0,0	  x0:0x00000000  x0=0x00000000
       25405000	      2441	8000a2fc	00577863	bgeu	x14,x5,8000a30c	 x14:0x0000000c  x5:0x00000014
       25415000	      2442	8000a300	0001	c.addi	x0,0	  x0:0x00000000  x0=0x00000000
       25425000	      2443	8000a302	8dbd	c.xor	x11,x15	 x11:0x007fe556 x15:0x80025ce4 x11=0x807db9b2
       25455000	      2446	8000a304	03428d33	mul	x26,x5,x20	  x5:0x00000014 x20:0xad000000 x26=0x84000000
       25465000	      2447	8000a308	00c6a3b3	slt	x7,x13,x12	 x13:0x00001f8c x12:0x00000001  x7=0x00000000
       25475000	      2448	8000a30c	00c7b433	sltu	x8,x15,x12	 x15:0x80025ce4 x12:0x00000001  x8=0x00000000
       25485000	      2449	8000a310	04b3d363	bge	x7,x11,8000a356	  x7:0x00000000 x11:0x807db9b2
       25515000	      2452	8000a356	34007c73	csrrci	x24,mscratch,0	 x24=0x0000000f
       25525000	      2453	8000a35a	c239	c.beqz	x12,8000a3a0	 x12:0x00000001
       25535000	      2454	8000a35c	0f3a	c.slli	x30,0xe	 x30:0x00020009 x30=0x80024000
       25545000	      2455	8000a35e	007fc933	xor	x18,x31,x7	 x31:0x0000000a  x7:0x00000000 x18=0x0000000a
       25915000	      2492	8000a362	0263c433	div	x8,x7,x6	  x7:0x00000000  x6:0x000002b4  x8=0x00000000
       26285000	      2529	8000a366	03e05f33	divu	x30,x0,x30	  x0:0x00000000 x30:0x80024000 x30=0x00000000
       26295000	      2530	8000a36a	84b2	c.mv	x9,x12	  x0:0x00000000 x12:0x00000001  x9=0x00000001
       26305000	      2531	8000a36c	00be1a33	sll	x20,x28,x11	 x28:0x80000000 x11:0x807db9b2 x20=0x00000000
       26315000	      2532	8000a370	00421893	slli	x17,x4,0x4	  x4:0x5f6562d2 x17=0xf6562d20
       26325000	      2533	8000a374	00a13d33	sltu	x26,x2,x10	  x2:0x80021e1c x10:0xffffffff x26=0x00000001
       26365000	      2537	8000a378	03d7a533	mulhsu	x10,x15,x29	 x15:0x80025ce4 x29:0x96000000 x10=0xb501626d
       26375000	      2538	8000a37c	92866093	ori	x1,x12,-1752	 x12:0x00000001  x1=0xfffff929
       26385000	      2539	8000a380	0ff0000f	fence	iorw,iorw	
       26395000	      2540	8000a384	9a7d	c.andi	x12,-1	 x12:0x00000001 x12=0x00000001
       26435000	      2544	8000a386	026a3db3	mulhu	x27,x20,x6	 x20:0x00000000  x6:0x000002b4 x27=0x00000000
       26445000	      2545	8000a38a	00d2efb3	or	x31,x5,x13	  x5:0x00000014 x13:0x00001f8c x31=0x00001f9c
       26455000	      2546	8000a38e	01c97bb3	and	x23,x18,x28	 x18:0x0000000a x28:0x80000000 x23=0x00000000
       26465000	      2547	8000a392	8e45	c.or	x12,x9	 x12:0x00000001  x9:0x00000001 x12=0x00000001
       26475000	      2548	8000a394	34037773	csrrci	x14,mscratch,6	 x14=0x0000000f
       26485000	      2549	8000a398	40cb5e13	srai	x28,x22,0xc	 x22:0xffffffff x28=0xffffffff
       26495000	      2550	8000a39c	0165f013	andi	x0,x11,22	 x11:0x807db9b2  x0=0x00000000
       26505000	      2551	8000a3a0	01bcbdb3	sltu	x27,x25,x27	 x25:0x8000047a x27:0x00000000 x27=0x00000000
       26515000	      2552	8000a3a4	d7026bb7	lui	x23,0xd7026	 x23=0xd7026000
       26525000	      2553	8000a3a8	f8eb8693	addi	x13,x23,-114	 x23:0xd7026000 x13=0xd7025f8e
       26535000	      2554	8000a3ac	0ff0000f	fence	iorw,iorw	
       26545000	      2555	8000a3b0	431a3713	sltiu	x14,x20,1073	 x20:0x00000000 x14=0x00000001
       26585000	      2559	8000a3b4	02122cb3	mulhsu	x25,x4,x1	  x4:0x5f6562d2  x1:0xfffff929 x25=0x5f656045
       26595000	      2560	8000a3b8	41985f33	sra	x30,x16,x25	 x16:0x00020009 x25:0x5f656045 x30=0x00001000
       26605000	      2561	8000a3bc	8eb5	c.xor	x13,x13	 x13:0xd7025f8e x13:0xd7025f8e x13=0x00000000
       26615000	      2562	8000a3be	6f15e193	ori	x3,x11,1777	 x11:0x807db9b2  x3=0x807dbff3
       26625000	      2563	8000a3c2	0001	c.addi	x0,0	  x0:0x00000000  x0=0x00000000
       26635000	      2564	8000a3c4	414ad733	sra	x14,x21,x20	 x21:0x00000009 x20:0x00000000 x14=0x00000009
       26645000	      2565	8000a3c8	8d25	c.xor	x10,x9	 x10:0xb501626d  x9:0x00000001 x10=0xb501626c
       26655000	      2566	8000a3ca	40035b13	srai	x22,x6,0x0	  x6:0x000002b4 x22=0x000002b4
       26695000	      2570	8000a3ce	03b4b1b3	mulhu	x3,x9,x27	  x9:0x00000001 x27:0x00000000  x3=0x00000000
       26705000	      2571	8000a3d2	34002bf3	csrrs	x23,mscratch,x0	  x0:0x00000000 x23=0x00000009
       26715000	      2572	8000a3d6	035dd863	bge	x27,x21,8000a406	 x27:0x00000000 x21:0x00000009
       26725000	      2573	8000a3da	007b1e13	slli	x28,x22,0x7	 x22:0x000002b4 x28=0x00015a00
       26735000	      2574	8000a3de	9dd6	c.add	x27,x21	 x27:0x00000000 x21:0x00000009 x27=0x00000009
       26745000	      2575	8000a3e0	00418e63	beq	x3,x4,8000a3fc	  x3:0x00000000  x4:0x5f6562d2
       26755000	      2576	8000a3e4	8739	c.srai	x14,0xe	 x14:0x00000009 x14=0x00000000
       26765000	      2577	8000a3e6	06ed	c.addi	x13,27	 x13:0x00000000 x13=0x0000001b
       26775000	      2578	8000a3e8	34002873	csrrs	x16,mscratch,x0	  x0:0x00000000 x16=0x00000009
       26785000	      2579	8000a3ec	014d7f33	and	x30,x26,x20	 x26:0x00000001 x20:0x00000000 x30=0x00000000
       26795000	      2580	8000a3f0	0001	c.addi	x0,0	  x0:0x00000000  x0=0x00000000
       26805000	      2581	8000a3f2	004f2733	slt	x14,x30,x4	 x30:0x00000000  x4:0x5f6562d2 x14=0x00000001
       26815000	      2582	8000a3f6	8836	c.mv	x16,x13	  x0:0x00000000 x13:0x0000001b x16=0x0000001b
       26825000	      2583	8000a3f8	00855963	bge	x10,x8,8000a40a	 x10:0xb501626c  x8:0x00000000
       26835000	      2584	8000a3fc	4d8d	c.li	x27,3	 x27=0x00000003
       26845000	      2585	8000a3fe	e9242293	slti	x5,x8,-366	  x8:0x00000000  x5=0x00000000
       26855000	      2586	8000a402	0296e563	bltu	x13,x9,8000a42c	 x13:0x0000001b  x9:0x00000001
       26865000	      2587	8000a406	03fd4763	blt	x26,x31,8000a434	 x26:0x00000001 x31:0x00001f9c
       26885000	      2589	8000a434	56debb13	sltiu	x22,x29,1389	 x29:0x96000000 x22=0x00000000
       26895000	      2590	8000a438	3407d673	csrrwi	x12,mscratch,15	 x12=0x00000009
       27265000	      2627	8000a43c	0392cb33	div	x22,x5,x25	  x5:0x00000000 x25:0x5f656045 x22=0x00000000
       27275000	      2628	8000a440	0196c233	xor	x4,x13,x25	 x13:0x0000001b x25:0x5f656045  x4=0x5f65605e
       27645000	      2665	8000a444	029cdfb3	divu	x31,x25,x9	 x25:0x5f656045  x9:0x00000001 x31=0x5f656045
       28015000	      2702	8000a448	03a7e233	rem	x4,x15,x26	 x15:0x80025ce4 x26:0x00000001  x4=0x00000000
       28025000	      2703	8000a44c	9e86	c.add	x29,x1	 x29:0x96000000  x1:0xfffff929 x29=0x95fff929
       28035000	      2704	8000a44e	2aff2c93	slti	x25,x30,687	 x30:0x00000000 x25=0x00000001
       28045000	      2705	8000a452	019a6833	or	x16,x20,x25	 x20:0x00000000 x25:0x00000001 x16=0x00000001
       28055000	      2706	8000a456	0ff0000f	fence	iorw,iorw	
       28065000	      2707	8000a45a	7d27a2b7	lui	x5,0x7d27a	  x5=0x7d27a000
       28075000	      2708	8000a45e	5d31de37	lui	x28,0x5d31d	 x28=0x5d31d000
       28085000	      2709	8000a462	340bdb73	csrrwi	x22,mscratch,23	 x22=0x0000000f
       28095000	      2710	8000a466	527d	c.li	x4,-1	  x4=0xffffffff
       28105000	      2711	8000a468	8e91	c.sub	x13,x12	 x13:0x0000001b x12:0x00000009 x13=0x00000012
       28115000	      2712	8000a46a	95b2	c.add	x11,x12	 x11:0x807db9b2 x12:0x00000009 x11=0x807db9bb
       28125000	      2713	8000a46c	f6980593	addi	x11,x16,-151	 x16:0x00000001 x11=0xffffff6a
       28135000	      2714	8000a470	01694e33	xor	x28,x18,x22	 x18:0x0000000a x22:0x0000000f x28=0x00000005
       28145000	      2715	8000a474	402fdf93	srai	x31,x31,0x2	 x31:0x5f656045 x31=0x17d95811
       28155000	      2716	8000a478	01f4d413	srli	x8,x9,0x1f	  x9:0x00000001  x8=0x00000000
       28165000	      2717	8000a47c	002cbcb3	sltu	x25,x25,x2	 x25:0x00000001  x2:0x80021e1c x25=0x00000001
       28175000	      2718	8000a480	8d066e13	ori	x28,x12,-1840	 x12:0x00000009 x28=0xfffff8d9
       28185000	      2719	8000a484	e5ea1f97	auipc	x31,0xe5ea1	 x31=0x65eab484
       28195000	      2720	8000a488	00ac34b3	sltu	x9,x24,x10	 x24:0x0000000f x10:0xb501626c  x9=0x00000001
       28205000	      2721	8000a48c	40c75913	srai	x18,x14,0xc	 x14:0x00000001 x18=0x00000000
       28215000	      2722	8000a490	7c978b93	addi	x23,x15,1993	 x15:0x80025ce4 x23=0x800264ad
       28255000	      2726	8000a494	0291a0b3	mulhsu	x1,x3,x9	  x3:0x00000000  x9:0x00000001  x1=0x00000000
       28265000	      2727	8000a498	340f7973	csrrci	x18,mscratch,30	 x18=0x00000017
       28295000	      2730	8000a49c	03ac0033	mul	x0,x24,x26	 x24:0x0000000f x26:0x00000001  x0=0x00000000
       28305000	      2731	8000a4a0	34085673	csrrwi	x12,mscratch,16	 x12=0x00000001
       28315000	      2732	8000a4a4	6e91	c.lui	x29,0x4	 x29=0x00004000
       28325000	      2733	8000a4a6	012f0bb3	add	x23,x30,x18	 x30:0x00000000 x18:0x00000017 x23=0x00000017
       28695000	      2770	8000a4aa	029242b3	div	x5,x4,x9	  x4:0xffffffff  x9:0x00000001  x5=0xffffffff
       29065000	      2807	8000a4ae	036e5733	divu	x14,x28,x22	 x28:0xfffff8d9 x22:0x0000000f x14=0x11111097
       29075000	      2808	8000a4b2	0001	c.addi	x0,0	  x0:0x00000000  x0=0x00000000
       29085000	      2809	8000a4b4	8d61	c.and	x10,x8	 x10:0xb501626c  x8:0x00000000 x10=0x00000000
       29095000	      2810	8000a4b6	01b12633	slt	x12,x2,x27	  x2:0x80021e1c x27:0x00000003 x12=0x00000001
       29105000	      2811	8000a4ba	0001	c.addi	x0,0	  x0:0x00000000  x0=0x00000000
       29115000	      2812	8000a4bc	ee19	c.bnez	x12,8000a4da	 x12:0x00000001
       29145000	      2815	8000a4da	09cd7f93	andi	x31,x26,156	 x26:0x00000001 x31=0x00000000
       29515000	      2852	8000a4de	0256d3b3	divu	x7,x13,x5	 x13:0x00000012  x5:0xffffffff  x7=0x00000000
       29525000	      2853	8000a4e2	00857933	and	x18,x10,x8	 x10:0x00000000  x8:0x00000000 x18=0x00000000
       29535000	      2854	8000a4e6	4b5c7f97	auipc	x31,0x4b5c7	 x31=0xcb5d14e6
       29545000	      2855	8000a4ea	8951	c.andi	x10,20	 x10:0x00000000 x10=0x00000000
       29575000	      2858	8000a4ec	02298733	mul	x14,x19,x2	 x19:0x2c40435a  x2:0x80021e1c x14=0xe59fe9d8
       29585000	      2859	8000a4f0	0001	c.addi	x0,0	  x0:0x00000000  x0=0x00000000
       29595000	      2860	8000a4f2	82d6	c.mv	x5,x21	  x0:0x00000000 x21:0x00000009  x5=0x00000009
       29615000	      2862	8000a4f4	027d74b3	remu	x9,x26,x7	 x26:0x00000001  x7:0x00000000  x9=0x00000001
       29625000	      2863	8000a4f8	03f79763	bne	x15,x31,8000a526	 x15:0x80025ce4 x31:0xcb5d14e6
       29655000	      2866	8000a526	02c56863	bltu	x10,x12,8000a556	 x10:0x00000000 x12:0x00000001
       29685000	      2869	8000a556	01aeaa33	slt	x20,x29,x26	 x29:0x00004000 x26:0x00000001 x20=0x00000000
       29695000	      2870	8000a55a	0092e5b3	or	x11,x5,x9	  x5:0x00000009  x9:0x00000001 x11=0x00000009
       30065000	      2907	8000a55e	025be333	rem	x6,x23,x5	 x23:0x00000017  x5:0x00000009  x6=0x00000005
       30075000	      2908	8000a562	8e96	c.mv	x29,x5	  x0:0x00000000  x5:0x00000009 x29=0x00000009
       30085000	      2909	8000a564	340d3c73	csrrc	x24,mscratch,x26	 x26:0x00000001 x24=0x00000010
       30095000	      2910	8000a568	01a37333	and	x6,x6,x26	  x6:0x00000005 x26:0x00000001  x6=0x00000001
       30105000	      2911	8000a56c	34002ff3	csrrs	x31,mscratch,x0	  x0:0x00000000 x31=0x00000010
       30135000	      2914	8000a570	033189b3	mul	x19,x3,x19	  x3:0x00000000 x19:0x2c40435a x19=0x00000000
       30145000	      2915	8000a574	3400d6f3	csrrwi	x13,mscratch,1	 x13=0x00000010
       30155000	      2916	8000a578	01399663	bne	x19,x19,8000a584	 x19:0x00000000 x19:0x00000000
       30165000	      2917	8000a57c	1b802393	slti	x7,x0,440	  x0:0x00000000  x7=0x00000001
       30205000	      2921	8000a580	03e92933	mulhsu	x18,x18,x30	 x18:0x00000000 x30:0x00000000 x18=0x00000000
       30215000	      2922	8000a584	016e9213	slli	x4,x29,0x16	 x29:0x00000009  x4=0x02400000
       30225000	      2923	8000a588	03276363	bltu	x14,x18,8000a5ae	 x14:0xe59fe9d8 x18:0x00000000
       30265000	      2927	8000a58c	026c1cb3	mulh	x25,x24,x6	 x24:0x00000010  x6:0x00000001 x25=0x00000000
       30275000	      2928	8000a590	8756	c.mv	x14,x21	  x0:0x00000000 x21:0x00000009 x14=0x00000009
       30285000	      2929	8000a592	340e9673	csrrw	x12,mscratch,x29	 x29:0x00000009 x12=0x00000001
       30295000	      2930	8000a596	0a1d	c.addi	x20,7	 x20:0x00000000 x20=0x00000007
       30335000	      2934	8000a598	03613533	mulhu	x10,x2,x22	  x2:0x80021e1c x22:0x0000000f x10=0x00000007
       30345000	      2935	8000a59c	010cf6b3	and	x13,x25,x16	 x25:0x00000000 x16:0x00000001 x13=0x00000000
       30355000	      2936	8000a5a0	59d30493	addi	x9,x6,1437	  x6:0x00000001  x9=0x0000059e
       30365000	      2937	8000a5a4	86f2	c.mv	x13,x28	  x0:0x00000000 x28:0xfffff8d9 x13=0xfffff8d9
       30405000	      2941	8000a5a6	035ba933	mulhsu	x18,x23,x21	 x23:0x00000017 x21:0x00000009 x18=0x00000000
       30415000	      2942	8000a5aa	98a38d17	auipc	x26,0x98a38	 x26=0x18a425aa
       30425000	      2943	8000a5ae	01780863	beq	x16,x23,8000a5be	 x16:0x00000001 x23:0x00000017
       30435000	      2944	8000a5b2	cdabb213	sltiu	x4,x23,-806	 x23:0x00000017  x4=0x00000001
       30445000	      2945	8000a5b6	8926	c.mv	x18,x9	  x0:0x00000000  x9:0x0000059e x18=0x0000059e
       30455000	      2946	8000a5b8	8d61	c.and	x10,x8	 x10:0x00000007  x8:0x00000000 x10=0x00000000
       30465000	      2947	8000a5ba	02fbca63	blt	x23,x15,8000a5ee	 x23:0x00000017 x15:0x80025ce4
       30475000	      2948	8000a5be	91070813	addi	x16,x14,-1776	 x14:0x00000009 x16=0xfffff919
       30485000	      2949	8000a5c2	04a2	c.slli	x9,0x8	  x9:0x0000059e  x9=0x00059e00
       30495000	      2950	8000a5c4	02698763	beq	x19,x6,8000a5f2	 x19:0x00000000  x6:0x00000001
       30505000	      2951	8000a5c8	025ce163	bltu	x25,x5,8000a5ea	 x25:0x00000000  x5:0x00000009
       30535000	      2954	8000a5ea	7ddf6c13	ori	x24,x30,2013	 x30:0x00000000 x24=0x000007dd
       30545000	      2955	8000a5ee	340baa73	csrrs	x20,mscratch,x23	 x23:0x00000017 x20=0x00000009
       30555000	      2956	8000a5f2	0069ca63	blt	x19,x6,8000a606	 x19:0x00000000  x6:0x00000001
       30585000	      2959	8000a606	340f9ef3	csrrw	x29,mscratch,x31	 x31:0x00000010 x29=0x0000001f
       30595000	      2960	8000a60a	340ae973	csrrsi	x18,mscratch,21	 x18=0x00000010
       30605000	      2961	8000a60e	01bf1813	slli	x16,x30,0x1b	 x30:0x00000000 x16=0x00000000
       30615000	      2962	8000a612	c4d8db37	lui	x22,0xc4d8d	 x22=0xc4d8d000
       30625000	      2963	8000a616	01aaadb3	slt	x27,x21,x26	 x21:0x00000009 x26:0x18a425aa x27=0x00000001
       30635000	      2964	8000a61a	76fd0893	addi	x17,x26,1903	 x26:0x18a425aa x17=0x18a42d19
       30645000	      2965	8000a61e	02e50c63	beq	x10,x14,8000a656	 x10:0x00000000 x14:0x00000009
       30655000	      2966	8000a622	00d5d3b3	srl	x7,x11,x13	 x11:0x00000009 x13:0xfffff8d9  x7=0x00000000
       30665000	      2967	8000a626	02d37b63	bgeu	x6,x13,8000a65c	  x6:0x00000001 x13:0xfffff8d9
       30675000	      2968	8000a62a	0001	c.addi	x0,0	  x0:0x00000000  x0=0x00000000
       30685000	      2969	8000a62c	01971433	sll	x8,x14,x25	 x14:0x00000009 x25:0x00000000  x8=0x00000009
       30695000	      2970	8000a630	9bf2	c.add	x23,x28	 x23:0x00000017 x28:0xfffff8d9 x23=0xfffff8f0
       30705000	      2971	8000a632	0000100f	fence.i	
       30735000	      2974	8000a636	41b7d293	srai	x5,x15,0x1b	 x15:0x80025ce4  x5=0xfffffff0
       30745000	      2975	8000a63a	098e	c.slli	x19,0x3	 x19:0x00000000 x19=0x00000000
       30755000	      2976	8000a63c	6b25	c.lui	x22,0x9	 x22=0x00009000
       30765000	      2977	8000a63e	12fd	c.addi	x5,-1	  x5:0xfffffff0  x5=0xffffffef
       30775000	      2978	8000a640	340cd573	csrrwi	x10,mscratch,25	 x10=0x00000015
       30785000	      2979	8000a644	8ca6	c.mv	x25,x9	  x0:0x00000000  x9:0x00059e00 x25=0x00059e00
       30795000	      2980	8000a646	40145693	srai	x13,x8,0x1	  x8:0x00000009 x13=0x00000004
       30805000	      2981	8000a64a	41b85413	srai	x8,x16,0x1b	 x16:0x00000000  x8=0x00000000
       30815000	      2982	8000a64e	01128c63	beq	x5,x17,8000a666	  x5:0xffffffef x17:0x18a42d19
       30825000	      2983	8000a652	03317863	bgeu	x2,x19,8000a682	  x2:0x80021e1c x19:0x00000000
       30855000	      2986	8000a682	03190163	beq	x18,x17,8000a6a4	 x18:0x00000010 x17:0x18a42d19
       30865000	      2987	8000a686	00391993	slli	x19,x18,0x3	 x18:0x00000010 x19=0x00000080
       30875000	      2988	8000a68a	8225	c.srli	x12,0x9	 x12:0x00000001 x12=0x00000000
       30895000	      2990	8000a68c	023ded33	rem	x26,x27,x3	 x27:0x00000001  x3:0x00000000 x26=0x00000001
       30905000	      2991	8000a690	017592b3	sll	x5,x11,x23	 x11:0x00000009 x23:0xfffff8f0  x5=0x00090000
       30915000	      2992	8000a694	033de263	bltu	x27,x19,8000a6b8	 x27:0x00000001 x19:0x00000080
       30965000	      2997	8000a6b8	020d2533	mulhsu	x10,x26,x0	 x26:0x00000001  x0:0x00000000 x10=0x00000000
       30975000	      2998	8000a6bc	0208f163	bgeu	x17,x0,8000a6de	 x17:0x18a42d19  x0:0x00000000
       31035000	      3004	8000a6de	03b93933	mulhu	x18,x18,x27	 x18:0x00000010 x27:0x00000001 x18=0x00000000
       31045000	      3005	8000a6e2	83dbb713	sltiu	x14,x23,-1987	 x23:0xfffff8f0 x14=0x00000000
       31055000	      3006	8000a6e6	0a42	c.slli	x20,0x10	 x20:0x00000009 x20=0x00090000
       31065000	      3007	8000a6e8	340715f3	csrrw	x11,mscratch,x14	 x14:0x00000000 x11=0x00000019
       31075000	      3008	8000a6ec	013e9fb3	sll	x31,x29,x19	 x29:0x0000001f x19:0x00000080 x31=0x0000001f
       31085000	      3009	8000a6f0	007f2d33	slt	x26,x30,x7	 x30:0x00000000  x7:0x00000000 x26=0x00000000
       31095000	      3010	8000a6f4	52750b37	lui	x22,0x52750	 x22=0x52750000
       31105000	      3011	8000a6f8	41348033	sub	x0,x9,x19	  x9:0x00059e00 x19:0x00000080  x0=0x00000000
       31115000	      3012	8000a6fc	340e56f3	csrrwi	x13,mscratch,28	 x13=0x00000000
       31125000	      3013	8000a700	4061deb3	sra	x29,x3,x6	  x3:0x00000000  x6:0x00000001 x29=0x00000000
       31135000	      3014	8000a704	8ecd	c.or	x13,x11	 x13:0x00000000 x11:0x00000019 x13=0x00000019
       31145000	      3015	8000a706	02988763	beq	x17,x9,8000a734	 x17:0x18a42d19  x9:0x00059e00
       31155000	      3016	8000a70a	00fbc8b3	xor	x17,x23,x15	 x23:0xfffff8f0 x15:0x80025ce4 x17=0x7ffda414
       31165000	      3017	8000a70e	712cb513	sltiu	x10,x25,1810	 x25:0x00059e00 x10=0x00000000
       31175000	      3018	8000a712	0001	c.addi	x0,0	  x0:0x00000000  x0=0x00000000
       31185000	      3019	8000a714	039c6763	bltu	x24,x25,8000a742	 x24:0x000007dd x25:0x00059e00
       31215000	      3022	8000a742	65100e13	addi	x28,x0,1617	  x0:0x00000000 x28=0x00000651
       31225000	      3023	8000a746	16b22617	auipc	x12,0x16b22	 x12=0x96b2c746
       31235000	      3024	8000a74a	0bf1	c.addi	x23,28	 x23:0xfffff8f0 x23=0xfffff90c
       31245000	      3025	8000a74c	340cd0f3	csrrwi	x1,mscratch,25	  x1=0x0000001c
       31255000	      3026	8000a750	82f1	c.srli	x13,0x1c	 x13:0x00000019 x13=0x00000000
       31265000	      3027	8000a752	0ff0000f	fence	iorw,iorw	
       31275000	      3028	8000a756	340036f3	csrrc	x13,mscratch,x0	  x0:0x00000000 x13=0x00000019
       31285000	      3029	8000a75a	340fadf3	csrrs	x27,mscratch,x31	 x31:0x0000001f x27=0x00000019
       31655000	      3066	8000a75e	03f44333	div	x6,x8,x31	  x8:0x00000000 x31:0x0000001f  x6=0x00000000
       31665000	      3067	8000a762	884d	c.andi	x8,19	  x8:0x00000000  x8=0x00000000
       31675000	      3068	8000a764	419dd493	srai	x9,x27,0x19	 x27:0x00000019  x9=0x00000000
       31685000	      3069	8000a768	888e	c.mv	x17,x3	  x0:0x00000000  x3:0x00000000 x17=0x00000000
       31695000	      3070	8000a76a	9506	c.add	x10,x1	 x10:0x00000000  x1:0x0000001c x10=0x0000001c
       31705000	      3071	8000a76c	e725	c.bnez	x14,8000a7d4	 x14:0x00000000
       31745000	      3075	8000a76e	034021b3	mulhsu	x3,x0,x20	  x0:0x00000000 x20:0x00090000  x3=0x00000000
       31755000	      3076	8000a772	f9760e93	addi	x29,x12,-105	 x12:0x96b2c746 x29=0x96b2c6dd
       31765000	      3077	8000a776	58fd	c.li	x17,-1	 x17=0xffffffff
       31805000	      3081	8000a778	022c9833	mulh	x16,x25,x2	 x25:0x00059e00  x2:0x80021e1c x16=0xfffd310b
       31815000	      3082	8000a77c	04baed63	bltu	x21,x11,8000a7d6	 x21:0x00000009 x11:0x00000019
       31845000	      3085	8000a7d6	d003ba13	sltiu	x20,x7,-768	  x7:0x00000000 x20=0x00000001
       31855000	      3086	8000a7da	9ffa3b13	sltiu	x22,x20,-1537	 x20:0x00000001 x22=0x00000001
       31865000	      3087	8000a7de	8ef5	c.and	x13,x13	 x13:0x00000019 x13:0x00000019 x13=0x00000019
       31905000	      3091	8000a7e0	02899633	mulh	x12,x19,x8	 x19:0x00000080  x8:0x00000000 x12=0x00000000
       31915000	      3092	8000a7e4	6321	c.lui	x6,0x8	  x6=0x00008000
       31925000	      3093	8000a7e6	c609	c.beqz	x12,8000a7f0	 x12:0x00000000
       31945000	      3095	8000a7f0	66498e93	addi	x29,x19,1636	 x19:0x00000080 x29=0x000006e4
       31955000	      3096	8000a7f4	0676	c.slli	x12,0x1d	 x12:0x00000000 x12=0x00000000
       31965000	      3097	8000a7f6	0001	c.addi	x0,0	  x0:0x00000000  x0=0x00000000
       31975000	      3098	8000a7f8	01849693	slli	x13,x9,0x18	  x9:0x00000000 x13=0x00000000
       32015000	      3102	8000a7fc	02532333	mulhsu	x6,x6,x5	  x6:0x00008000  x5:0x00090000  x6=0x00000004
       32055000	      3106	8000a800	037dad33	mulhsu	x26,x27,x23	 x27:0x00000019 x23:0xfffff90c x26=0x00000018
       32065000	      3107	8000a804	669e3193	sltiu	x3,x28,1641	 x28:0x00000651  x3=0x00000001
       32075000	      3108	8000a808	e2a1	c.bnez	x13,8000a848	 x13:0x00000000
       32085000	      3109	8000a80a	06da	c.slli	x13,0x16	 x13:0x00000000 x13=0x00000000
       32095000	      3110	8000a80c	00625eb3	srl	x29,x4,x6	  x4:0x00000001  x6:0x00000004 x29=0x00000000
       32105000	      3111	8000a810	00e2e433	or	x8,x5,x14	  x5:0x00090000 x14:0x00000000  x8=0x00090000
       32115000	      3112	8000a814	c115	c.beqz	x10,8000a838	 x10:0x0000001c
       32125000	      3113	8000a816	0ff0000f	fence	iorw,iorw	
       32135000	      3114	8000a81a	340be2f3	csrrsi	x5,mscratch,23	  x5=0x0000001f
       32145000	      3115	8000a81e	e677f513	andi	x10,x15,-409	 x15:0x80025ce4 x10=0x80025c64
       32155000	      3116	8000a822	03c9c163	blt	x19,x28,8000a844	 x19:0x00000080 x28:0x00000651
       32175000	      3118	8000a844	018ad593	srli	x11,x21,0x18	 x21:0x00000009 x11=0x00000000
       32185000	      3119	8000a848	1399ad13	slti	x26,x19,313	 x19:0x00000080 x26=0x00000001
       32195000	      3120	8000a84c	0148aeb3	slt	x29,x17,x20	 x17:0xffffffff x20:0x00000001 x29=0x00000001
       32235000	      3124	8000a850	020f1b33	mulh	x22,x30,x0	 x30:0x00000000  x0:0x00000000 x22=0x00000000
       32265000	      3127	8000a854	036c89b3	mul	x19,x25,x22	 x25:0x00059e00 x22:0x00000000 x19=0x00000000
       32305000	      3131	8000a858	03951033	mulh	x0,x10,x25	 x10:0x80025c64 x25:0x00059e00  x0=0x00000000
       32345000	      3135	8000a85c	0272b633	mulhu	x12,x5,x7	  x5:0x0000001f  x7:0x00000000 x12=0x00000000
       32355000	      3136	8000a860	410fd293	srai	x5,x31,0x10	 x31:0x0000001f  x5=0x00000000
       32395000	      3140	8000a864	02282933	mulhsu	x18,x16,x2	 x16:0xfffd310b  x2:0x80021e1c x18=0xfffe987f
       32405000	      3141	8000a868	baf8ff93	andi	x31,x17,-1105	 x17:0xffffffff x31=0xfffffbaf
       32415000	      3142	8000a86c	02829763	bne	x5,x8,8000a89a	  x5:0x00000000  x8:0x00090000
       32445000	      3145	8000a89a	05b9c063	blt	x19,x27,8000a8da	 x19:0x00000000 x27:0x00000019
       32465000	      3147	8000a8da	8f01	c.sub	x14,x8	 x14:0x00000000  x8:0x00090000 x14=0xfff70000
       32475000	      3148	8000a8dc	3403df73	csrrwi	x30,mscratch,7	 x30=0x0000001f
       32485000	      3149	8000a8e0	340078f3	csrrci	x17,mscratch,0	 x17=0x00000007
       32525000	      3153	8000a8e4	03fc91b3	mulh	x3,x25,x31	 x25:0x00059e00 x31:0xfffffbaf  x3=0xffffffff
       32535000	      3154	8000a8e8	0001	c.addi	x0,0	  x0:0x00000000  x0=0x00000000
       32545000	      3155	8000a8ea	413105b3	sub	x11,x2,x19	  x2:0x80021e1c x19:0x00000000 x11=0x80021e1c
       32555000	      3156	8000a8ee	00d75913	srli	x18,x14,0xd	 x14:0xfff70000 x18=0x0007ffb8
       32565000	      3157	8000a8f2	0130c963	blt	x1,x19,8000a904	  x1:0x0000001c x19:0x00000000
       32575000	      3158	8000a8f6	01b89433	sll	x8,x17,x27	 x17:0x00000007 x27:0x00000019  x8=0x0e000000
       32605000	      3161	8000a8fa	02070c33	mul	x24,x14,x0	 x14:0xfff70000  x0:0x00000000 x24=0x00000000
       32615000	      3162	8000a8fe	01ca3933	sltu	x18,x20,x28	 x20:0x00000001 x28:0x00000651 x18=0x00000001
       32625000	      3163	8000a902	4b1d	c.li	x22,7	 x22=0x00000007
       32635000	      3164	8000a904	340256f3	csrrwi	x13,mscratch,4	 x13=0x00000007
       32645000	      3165	8000a908	00be0693	addi	x13,x28,11	 x28:0x00000651 x13=0x0000065c
       32655000	      3166	8000a90c	0000100f	fence.i	
       32675000	      3168	8000a910	021e	c.slli	x4,0x7	  x4:0x00000001  x4=0x00000080
       32685000	      3169	8000a912	d6916b93	ori	x23,x2,-663	  x2:0x80021e1c x23=0xffffff7d
       32695000	      3170	8000a916	340fb4f3	csrrc	x9,mscratch,x31	 x31:0xfffffbaf  x9=0x00000004
       32705000	      3171	8000a91a	db947613	andi	x12,x8,-583	  x8:0x0e000000 x12=0x0e000000
       32715000	      3172	8000a91e	0001	c.addi	x0,0	  x0:0x00000000  x0=0x00000000
       32725000	      3173	8000a920	0001	c.addi	x0,0	  x0:0x00000000  x0=0x00000000
       32755000	      3176	8000a922	022a8033	mul	x0,x21,x2	 x21:0x00000009  x2:0x80021e1c  x0=0x00000000
       32765000	      3177	8000a926	c2497f93	andi	x31,x18,-988	 x18:0x00000001 x31=0x00000000
       32775000	      3178	8000a92a	01c09493	slli	x9,x1,0x1c	  x1:0x0000001c  x9=0xc0000000
       32785000	      3179	8000a92e	00b74d33	xor	x26,x14,x11	 x14:0xfff70000 x11:0x80021e1c x26=0x7ff51e1c
       32795000	      3180	8000a932	a08ebb93	sltiu	x23,x29,-1528	 x29:0x00000001 x23=0x00000001
       32805000	      3181	8000a936	03414663	blt	x2,x20,8000a962	  x2:0x80021e1c x20:0x00000001
       32825000	      3183	8000a962	8cf9	c.and	x9,x14	  x9:0xc0000000 x14:0xfff70000  x9=0xc0000000
       32835000	      3184	8000a964	34032df3	csrrs	x27,mscratch,x6	  x6:0x00000004 x27=0x00000000
       32845000	      3185	8000a968	9c72	c.add	x24,x28	 x24:0x00000000 x28:0x00000651 x24=0x00000651
       32855000	      3186	8000a96a	00409513	slli	x10,x1,0x4	  x1:0x0000001c x10=0x000001c0
       32865000	      3187	8000a96e	08fce313	ori	x6,x25,143	 x25:0x00059e00  x6=0x00059e8f
       32875000	      3188	8000a972	8e69	c.and	x12,x10	 x12:0x0e000000 x10:0x000001c0 x12=0x00000000
       32885000	      3189	8000a974	8c71	c.and	x8,x12	  x8:0x0e000000 x12:0x00000000  x8=0x00000000
       32895000	      3190	8000a976	0ff0000f	fence	iorw,iorw	
       32905000	      3191	8000a97a	0000100f	fence.i	
       32935000	      3194	8000a97e	02e4f363	bgeu	x9,x14,8000a9a4	  x9:0xc0000000 x14:0xfff70000
       32945000	      3195	8000a982	022fd963	bge	x31,x2,8000a9b4	 x31:0x00000000  x2:0x80021e1c
       32995000	      3200	8000a9b4	02ab96b3	mulh	x13,x23,x10	 x23:0x00000001 x10:0x000001c0 x13=0x00000000
       33005000	      3201	8000a9b8	01ddd893	srli	x17,x27,0x1d	 x27:0x00000000 x17=0x00000000
       33045000	      3205	8000a9bc	03511bb3	mulh	x23,x2,x21	  x2:0x80021e1c x21:0x00000009 x23=0xfffffffb
       33055000	      3206	8000a9c0	dc393337	lui	x6,0xdc393	  x6=0xdc393000
       33065000	      3207	8000a9c4	0252fe63	bgeu	x5,x5,8000aa00	  x5:0x00000000  x5:0x00000000
       33445000	      3245	8000aa00	0299fb33	remu	x22,x19,x9	 x19:0x00000000  x9:0xc0000000 x22=0x00000000
       33485000	      3249	8000aa04	0352b233	mulhu	x4,x5,x21	  x5:0x00000000 x21:0x00000009  x4=0x00000000
       33495000	      3250	8000aa08	6c6d	c.lui	x24,0x1b	 x24=0x0001b000
       33505000	      3251	8000aa0a	8d31	c.xor	x10,x12	 x10:0x000001c0 x12:0x00000000 x10=0x000001c0
       33515000	      3252	8000aa0c	46274993	xori	x19,x14,1122	 x14:0xfff70000 x19=0xfff70462
       33525000	      3253	8000aa10	e0f36e37	lui	x28,0xe0f36	 x28=0xe0f36000
       33535000	      3254	8000aa14	01aa4c63	blt	x20,x26,8000aa2c	 x20:0x00000001 x26:0x7ff51e1c
       33555000	      3256	8000aa2c	dfa1c2b7	lui	x5,0xdfa1c	  x5=0xdfa1c000
       33565000	      3257	8000aa30	00e18f33	add	x30,x3,x14	  x3:0xffffffff x14:0xfff70000 x30=0xfff6ffff
       33575000	      3258	8000aa34	a00a8093	addi	x1,x21,-1536	 x21:0x00000009  x1=0xfffffa09
       33585000	      3259	8000aa38	60320013	addi	x0,x4,1539	  x4:0x00000000  x0=0x00000000
       33595000	      3260	8000aa3c	c695	c.beqz	x13,8000aa68	 x13:0x00000000
       33975000	      3298	8000aa68	022d5b33	divu	x22,x26,x2	 x26:0x7ff51e1c  x2:0x80021e1c x22=0x00000000
       33985000	      3299	8000aa6c	8c29	c.xor	x8,x10	  x8:0x00000000 x10:0x000001c0  x8=0x000001c0
       33995000	      3300	8000aa6e	8f09	c.sub	x14,x10	 x14:0xfff70000 x10:0x000001c0 x14=0xfff6fe40
       34005000	      3301	8000aa70	8079	c.srli	x8,0x1e	  x8:0x000001c0  x8=0x00000000
       34015000	      3302	8000aa72	3405d1f3	csrrwi	x3,mscratch,11	  x3=0x00000004
       34025000	      3303	8000aa76	0c11	c.addi	x24,4	 x24:0x0001b000 x24=0x0001b004
       34035000	      3304	8000aa78	34002673	csrrs	x12,mscratch,x0	  x0:0x00000000 x12=0x0000000b
       34045000	      3305	8000aa7c	0bbe	c.slli	x23,0xf	 x23:0xfffffffb x23=0xfffd8000
       34085000	      3309	8000aa7e	020ca6b3	mulhsu	x13,x25,x0	 x25:0x00059e00  x0:0x00000000 x13=0x00000000
       34095000	      3310	8000aa82	9e39f517	auipc	x10,0x9e39f	 x10=0x1e3a9a82
       34105000	      3311	8000aa86	e5149fb7	lui	x31,0xe5149	 x31=0xe5149000
       34115000	      3312	8000aa8a	03f3f063	bgeu	x7,x31,8000aaaa	  x7:0x00000000 x31:0xe5149000
       34125000	      3313	8000aa8e	01d803b3	add	x7,x16,x29	 x16:0xfffd310b x29:0x00000001  x7=0xfffd310c
       34135000	      3314	8000aa92	8e39	c.xor	x12,x14	 x12:0x0000000b x14:0xfff6fe40 x12=0xfff6fe4b
       34145000	      3315	8000aa94	009ef933	and	x18,x29,x9	 x29:0x00000001  x9:0xc0000000 x18=0x00000000
       34155000	      3316	8000aa98	053f8163	beq	x31,x19,8000aada	 x31:0xe5149000 x19:0xfff70462
       34165000	      3317	8000aa9c	0606	c.slli	x12,0x1	 x12:0xfff6fe4b x12=0xffedfc96
       34175000	      3318	8000aa9e	41735293	srai	x5,x6,0x17	  x6:0xdc393000  x5=0xffffffb8
       34205000	      3321	8000aaa2	03520a33	mul	x20,x4,x21	  x4:0x00000000 x21:0x00000009 x20=0x00000000
       34215000	      3322	8000aaa6	01560433	add	x8,x12,x21	 x12:0xffedfc96 x21:0x00000009  x8=0xffedfc9f
       34225000	      3323	8000aaaa	8e1d	c.sub	x12,x15	 x12:0xffedfc96 x15:0x80025ce4 x12=0x7feb9fb2
       34235000	      3324	8000aaac	0001	c.addi	x0,0	  x0:0x00000000  x0=0x00000000
       34245000	      3325	8000aaae	019f3a33	sltu	x20,x30,x25	 x30:0xfff6ffff x25:0x00059e00 x20=0x00000000
       34255000	      3326	8000aab2	0001	c.addi	x0,0	  x0:0x00000000  x0=0x00000000
       34265000	      3327	8000aab4	00ea5433	srl	x8,x20,x14	 x20:0x00000000 x14:0xfff6fe40  x8=0x00000000
       34275000	      3328	8000aab8	0000100f	fence.i	
       34295000	      3330	8000aabc	34007ef3	csrrci	x29,mscratch,0	 x29=0x0000000b
       34305000	      3331	8000aac0	0323ee63	bltu	x7,x18,8000aafc	  x7:0xfffd310c x18:0x00000000
       34315000	      3332	8000aac4	2ac77393	andi	x7,x14,684	 x14:0xfff6fe40  x7=0x00000200
       34325000	      3333	8000aac8	0001	c.addi	x0,0	  x0:0x00000000  x0=0x00000000
       34335000	      3334	8000aaca	01607a63	bgeu	x0,x22,8000aade	  x0:0x00000000 x22:0x00000000
       34725000	      3373	8000aade	02ef6eb3	rem	x29,x30,x14	 x30:0xfff6ffff x14:0xfff6fe40 x29=0xfff6ffff
       34735000	      3374	8000aae2	09f9	c.addi	x19,30	 x19:0xfff70462 x19=0xfff70480
       34755000	      3376	8000aae4	02d1dfb3	divu	x31,x3,x13	  x3:0x00000004 x13:0x00000000 x31=0xffffffff
       34765000	      3377	8000aae8	413b5eb3	sra	x29,x22,x19	 x22:0x00000000 x19:0xfff70480 x29=0x00000000
       34775000	      3378	8000aaec	34011d73	csrrw	x26,mscratch,x2	  x2:0x80021e1c x26=0x0000000b
       34785000	      3379	8000aaf0	188eee13	ori	x28,x29,392	 x29:0x00000000 x28=0x00000188
       34795000	      3380	8000aaf4	00e5b333	sltu	x6,x11,x14	 x11:0x80021e1c x14:0xfff6fe40  x6=0x00000001
       34805000	      3381	8000aaf8	0149df13	srli	x30,x19,0x14	 x19:0xfff70480 x30=0x00000fff
       34815000	      3382	8000aafc	8635	c.srai	x12,0xd	 x12:0x7feb9fb2 x12=0x0003ff5c
       34825000	      3383	8000aafe	00eade63	bge	x21,x14,8000ab1a	 x21:0x00000009 x14:0xfff6fe40
       34855000	      3386	8000ab1a	002cfdb3	and	x27,x25,x2	 x25:0x00059e00  x2:0x80021e1c x27=0x00001e00
       34865000	      3387	8000ab1e	6d6d	c.lui	x26,0x1b	 x26=0x0001b000
       34875000	      3388	8000ab20	0001	c.addi	x0,0	  x0:0x00000000  x0=0x00000000
       34885000	      3389	8000ab22	47957393	andi	x7,x10,1145	 x10:0x1e3a9a82  x7=0x00000000
       34895000	      3390	8000ab26	0003a933	slt	x18,x7,x0	  x7:0x00000000  x0:0x00000000 x18=0x00000000
       34905000	      3391	8000ab2a	340265f3	csrrsi	x11,mscratch,4	 x11=0x80021e1c
       35275000	      3428	8000ab2e	03f1cbb3	div	x23,x3,x31	  x3:0x00000004 x31:0xffffffff x23=0xfffffffc
       35285000	      3429	8000ab32	987d	c.andi	x8,-1	  x8:0x00000000  x8=0x00000000
       35295000	      3430	8000ab34	019df6b3	and	x13,x27,x25	 x27:0x00001e00 x25:0x00059e00 x13=0x00001e00
       35305000	      3431	8000ab38	011652b3	srl	x5,x12,x17	 x12:0x0003ff5c x17:0x00000000  x5=0x0003ff5c
       35345000	      3435	8000ab3c	024f2833	mulhsu	x16,x30,x4	 x30:0x00000fff  x4:0x00000000 x16=0x00000000
       35355000	      3436	8000ab40	4056da13	srai	x20,x13,0x5	 x13:0x00001e00 x20=0x000000f0
       35385000	      3439	8000ab44	039b0cb3	mul	x25,x22,x25	 x22:0x00000000 x25:0x00059e00 x25=0x00000000
       35395000	      3440	8000ab48	8dad	c.xor	x11,x11	 x11:0x80021e1c x11:0x80021e1c x11=0x00000000
       35405000	      3441	8000ab4a	a0dc4693	xori	x13,x24,-1523	 x24:0x0001b004 x13=0xfffe4a09
       35415000	      3442	8000ab4e	8f35	c.xor	x14,x13	 x14:0xfff6fe40 x13:0xfffe4a09 x14=0x0008b449
       35785000	      3479	8000ab50	03586db3	rem	x27,x16,x21	 x16:0x00000000 x21:0x00000009 x27=0x00000000
       35795000	      3480	8000ab54	340510f3	csrrw	x1,mscratch,x10	 x10:0x1e3a9a82  x1=0x80021e1c
       35805000	      3481	8000ab58	6de9	c.lui	x27,0x1a	 x27=0x0001a000
       35815000	      3482	8000ab5a	34003cf3	csrrc	x25,mscratch,x0	  x0:0x00000000 x25=0x1e3a9a82
       35825000	      3483	8000ab5e	340fd8f3	csrrwi	x17,mscratch,31	 x17=0x1e3a9a82
       36195000	      3520	8000ab62	0211c6b3	div	x13,x3,x1	  x3:0x00000004  x1:0x80021e1c x13=0x00000000
       36235000	      3524	8000ab66	0247ab33	mulhsu	x22,x15,x4	 x15:0x80025ce4  x4:0x00000000 x22=0x00000000
       36245000	      3525	8000ab6a	34011273	csrrw	x4,mscratch,x2	  x2:0x80021e1c  x4=0x0000001f
       36255000	      3526	8000ab6e	465dc537	lui	x10,0x465dc	 x10=0x465dc000
       36265000	      3527	8000ab72	0ff0000f	fence	iorw,iorw	
       36275000	      3528	8000ab76	88454293	xori	x5,x10,-1916	 x10:0x465dc000  x5=0xb9a23884
       36285000	      3529	8000ab7a	8ec1	c.or	x13,x8	 x13:0x00000000  x8:0x00000000 x13=0x00000000
       36295000	      3530	8000ab7c	05fd7937	lui	x18,0x5fd7	 x18=0x05fd7000
       36305000	      3531	8000ab80	8dc5	c.or	x11,x9	 x11:0x00000000  x9:0xc0000000 x11=0xc0000000
       36315000	      3532	8000ab82	8ecd	c.or	x13,x11	 x13:0x00000000 x11:0xc0000000 x13=0xc0000000
       36335000	      3534	8000ab84	0205d033	divu	x0,x11,x0	 x11:0xc0000000  x0:0x00000000  x0=0x00000000
       36345000	      3535	8000ab88	01b15b33	srl	x22,x2,x27	  x2:0x80021e1c x27:0x0001a000 x22=0x80021e1c
       36715000	      3572	8000ab8c	02dd4833	div	x16,x26,x13	 x26:0x0001b000 x13:0xc0000000 x16=0x00000000
       36725000	      3573	8000ab90	cf15	c.beqz	x14,8000abcc	 x14:0x0008b449
       36735000	      3574	8000ab92	03f1c763	blt	x3,x31,8000abc0	  x3:0x00000004 x31:0xffffffff
       36745000	      3575	8000ab96	0001	c.addi	x0,0	  x0:0x00000000  x0=0x00000000
       36785000	      3579	8000ab98	036c1433	mulh	x8,x24,x22	 x24:0x0001b004 x22:0x80021e1c  x8=0xffff2801
       37155000	      3616	8000ab9c	0341ed33	rem	x26,x3,x20	  x3:0x00000004 x20:0x000000f0 x26=0x00000004
       37165000	      3617	8000aba0	81b97513	andi	x10,x18,-2021	 x18:0x05fd7000 x10=0x05fd7000
       37195000	      3620	8000aba4	037801b3	mul	x3,x16,x23	 x16:0x00000000 x23:0xfffffffc  x3=0x00000000
       37205000	      3621	8000aba8	0001	c.addi	x0,0	  x0:0x00000000  x0=0x00000000
       37245000	      3625	8000abaa	02cfbb33	mulhu	x22,x31,x12	 x31:0xffffffff x12:0x0003ff5c x22=0x0003ff5b
       37255000	      3626	8000abae	7db6af13	slti	x30,x13,2011	 x13:0xc0000000 x30=0x00000001
       37265000	      3627	8000abb2	049b3313	sltiu	x6,x22,73	 x22:0x0003ff5b  x6=0x00000000
       37275000	      3628	8000abb6	8469	c.srai	x8,0x1a	  x8:0xffff2801  x8=0xffffffff
       37285000	      3629	8000abb8	01558a63	beq	x11,x21,8000abcc	 x11:0xc0000000 x21:0x00000009
       37295000	      3630	8000abbc	0f235217	auipc	x4,0xf235	  x4=0x8f23fbbc
       37305000	      3631	8000abc0	3402e773	csrrsi	x14,mscratch,5	 x14=0x80021e1c
       37315000	      3632	8000abc4	8b93e613	ori	x12,x7,-1863	  x7:0x00000000 x12=0xfffff8b9
       37325000	      3633	8000abc8	0194a533	slt	x10,x9,x25	  x9:0xc0000000 x25:0x1e3a9a82 x10=0x00000001
       37335000	      3634	8000abcc	0001	c.addi	x0,0	  x0:0x00000000  x0=0x00000000
       37365000	      3637	8000abce	027e0e33	mul	x28,x28,x7	 x28:0x00000188  x7:0x00000000 x28=0x00000000
       37375000	      3638	8000abd2	01fe3f33	sltu	x30,x28,x31	 x28:0x00000000 x31:0xffffffff x30=0x00000001
       37385000	      3639	8000abd6	8d45	c.or	x10,x9	 x10:0x00000001  x9:0xc0000000 x10=0xc0000001
       37395000	      3640	8000abd8	00d79f93	slli	x31,x15,0xd	 x15:0x80025ce4 x31=0x4b9c8000
       37405000	      3641	8000abdc	03496f63	bltu	x18,x20,8000ac1a	 x18:0x05fd7000 x20:0x000000f0
       37415000	      3642	8000abe0	8cb1	c.xor	x9,x12	  x9:0xc0000000 x12:0xfffff8b9  x9=0x3ffff8b9
       37425000	      3643	8000abe2	0316	c.slli	x6,0x5	  x6:0x00000000  x6=0x00000000
       37435000	      3644	8000abe4	011f84b3	add	x9,x31,x17	 x31:0x4b9c8000 x17:0x1e3a9a82  x9=0x69d71a82
       37445000	      3645	8000abe8	de7f8c97	auipc	x25,0xde7f8	 x25=0x5e802be8
       37455000	      3646	8000abec	fec2f393	andi	x7,x5,-20	  x5:0xb9a23884  x7=0xb9a23884
       37465000	      3647	8000abf0	e28d	c.bnez	x13,8000ac12	 x13:0xc0000000
       37525000	      3653	8000ac12	03fd26b3	mulhsu	x13,x26,x31	 x26:0x00000004 x31:0x4b9c8000 x13=0x00000001
       37535000	      3654	8000ac16	03a5d663	bge	x11,x26,8000ac42	 x11:0xc0000000 x26:0x00000004
       37545000	      3655	8000ac1a	0188ffb3	and	x31,x17,x24	 x17:0x1e3a9a82 x24:0x0001b004 x31=0x00009000
       37555000	      3656	8000ac1e	0a61b993	sltiu	x19,x3,166	  x3:0x00000000 x19=0x00000001
       37595000	      3660	8000ac22	0389a433	mulhsu	x8,x19,x24	 x19:0x00000001 x24:0x0001b004  x8=0x00000000
       37605000	      3661	8000ac26	00d82433	slt	x8,x16,x13	 x16:0x00000000 x13:0x00000001  x8=0x00000001
       37615000	      3662	8000ac2a	01118a33	add	x20,x3,x17	  x3:0x00000000 x17:0x1e3a9a82 x20=0x1e3a9a82
       37625000	      3663	8000ac2e	01024f33	xor	x30,x4,x16	  x4:0x8f23fbbc x16:0x00000000 x30=0x8f23fbbc
       37635000	      3664	8000ac32	019606b3	add	x13,x12,x25	 x12:0xfffff8b9 x25:0x5e802be8 x13=0x5e8024a1
       37645000	      3665	8000ac36	34093f73	csrrc	x30,mscratch,x18	 x18:0x05fd7000 x30=0x80021e1d
       37655000	      3666	8000ac3a	41598f33	sub	x30,x19,x21	 x19:0x00000001 x21:0x00000009 x30=0xfffffff8
       37665000	      3667	8000ac3e	0000100f	fence.i	
       37695000	      3670	8000ac42	0000100f	fence.i	
       37725000	      3673	8000ac46	00d91eb3	sll	x29,x18,x13	 x18:0x05fd7000 x13:0x5e8024a1 x29=0x0bfae000
       37735000	      3674	8000ac4a	406bd6b3	sra	x13,x23,x6	 x23:0xfffffffc  x6:0x00000000 x13=0xfffffffc
       37765000	      3677	8000ac4e	038e0533	mul	x10,x28,x24	 x28:0x00000000 x24:0x0001b004 x10=0x00000000
       37775000	      3678	8000ac52	02ea9963	bne	x21,x14,8000ac84	 x21:0x00000009 x14:0x80021e1c
       37795000	      3680	8000ac84	015755b3	srl	x11,x14,x21	 x14:0x80021e1c x21:0x00000009 x11=0x0040010f
       37805000	      3681	8000ac88	4195	c.li	x3,5	  x3=0x00000005
       37815000	      3682	8000ac8a	00928033	add	x0,x5,x9	  x5:0xb9a23884  x9:0x69d71a82  x0=0x00000000
       37825000	      3683	8000ac8e	83aa	c.mv	x7,x10	  x0:0x00000000 x10:0x00000000  x7=0x00000000
       37835000	      3684	8000ac90	34059ef3	csrrw	x29,mscratch,x11	 x11:0x0040010f x29=0x80020e1d
       37845000	      3685	8000ac94	e49d	c.bnez	x9,8000acc2	  x9:0x69d71a82
       37905000	      3691	8000acc2	0269b0b3	mulhu	x1,x19,x6	 x19:0x00000001  x6:0x00000000  x1=0x00000000
       37915000	      3692	8000acc6	34006ff3	csrrsi	x31,mscratch,0	 x31=0x0040010f
       37925000	      3693	8000acca	015b0563	beq	x22,x21,8000acd4	 x22:0x0003ff5b x21:0x00000009
       37935000	      3694	8000acce	8ca5	c.xor	x9,x9	  x9:0x69d71a82  x9:0x69d71a82  x9=0x00000000
       37945000	      3695	8000acd0	007acbb3	xor	x23,x21,x7	 x21:0x00000009  x7:0x00000000 x23=0x00000009
       37955000	      3696	8000acd4	d1f61c37	lui	x24,0xd1f61	 x24=0xd1f61000
       37965000	      3697	8000acd8	9a7d	c.andi	x12,-1	 x12:0xfffff8b9 x12=0xfffff8b9
       37975000	      3698	8000acda	0099b9b3	sltu	x19,x19,x9	 x19:0x00000001  x9:0x00000000 x19=0x00000000
       37985000	      3699	8000acde	0001	c.addi	x0,0	  x0:0x00000000  x0=0x00000000
       37995000	      3700	8000ace0	40e251b3	sra	x3,x4,x14	  x4:0x8f23fbbc x14:0x80021e1c  x3=0xfffffff8
       38005000	      3701	8000ace4	9fa2	c.add	x31,x8	 x31:0x0040010f  x8:0x00000001 x31=0x00400110
       38015000	      3702	8000ace6	f44d6b93	ori	x23,x26,-188	 x26:0x00000004 x23=0xffffff44
       38025000	      3703	8000acea	89ac7a13	andi	x20,x24,-1894	 x24:0xd1f61000 x20=0xd1f61000
       38035000	      3704	8000acee	41c5de13	srai	x28,x11,0x1c	 x11:0x0040010f x28=0x00000000
       38045000	      3705	8000acf2	8db5	c.xor	x11,x13	 x11:0x0040010f x13:0xfffffffc x11=0xffbffef3
       38055000	      3706	8000acf4	340123f3	csrrs	x7,mscratch,x2	  x2:0x80021e1c  x7=0x0040010f
       38065000	      3707	8000acf8	00719f63	bne	x3,x7,8000ad16	  x3:0xfffffff8  x7:0x0040010f
       38095000	      3710	8000ad16	03920963	beq	x4,x25,8000ad48	  x4:0x8f23fbbc x25:0x5e802be8
       38135000	      3714	8000ad1a	0333a733	mulhsu	x14,x7,x19	  x7:0x0040010f x19:0x00000000 x14=0x00000000
       38145000	      3715	8000ad1e	03c5f963	bgeu	x11,x28,8000ad50	 x11:0xffbffef3 x28:0x00000000
       38165000	      3717	8000ad50	4202ac93	slti	x25,x5,1056	  x5:0xb9a23884 x25=0x00000001
       38175000	      3718	8000ad54	ef05	c.bnez	x14,8000ad8c	 x14:0x00000000
       38185000	      3719	8000ad56	40e550b3	sra	x1,x10,x14	 x10:0x00000000 x14:0x00000000  x1=0x00000000
       38195000	      3720	8000ad5a	051f4363	blt	x30,x17,8000ada0	 x30:0xfffffff8 x17:0x1e3a9a82
       38215000	      3722	8000ada0	ce0cab93	slti	x23,x25,-800	 x25:0x00000001 x23=0x00000000
       38585000	      3759	8000ada4	02b2ef33	rem	x30,x5,x11	  x5:0xb9a23884 x11:0xffbffef3 x30=0xffe35fc9
       38595000	      3760	8000ada8	01cf9cb3	sll	x25,x31,x28	 x31:0x00400110 x28:0x00000000 x25=0x00400110
       38615000	      3762	8000adac	02a85b33	divu	x22,x16,x10	 x16:0x00000000 x10:0x00000000 x22=0xffffffff
       38625000	      3763	8000adb0	03c8f963	bgeu	x17,x28,8000ade2	 x17:0x1e3a9a82 x28:0x00000000
       38645000	      3765	8000ade2	99fd	c.andi	x11,-1	 x11:0xffbffef3 x11=0xffbffef3
       38655000	      3766	8000ade4	84f1	c.srai	x9,0x1c	  x9:0x00000000  x9=0x00000000
       38665000	      3767	8000ade6	8cb5	c.xor	x9,x13	  x9:0x00000000 x13:0xfffffffc  x9=0xfffffffc
       38675000	      3768	8000ade8	0e32	c.slli	x28,0xc	 x28:0x00000000 x28=0x00000000
       38685000	      3769	8000adea	6599	c.lui	x11,0x6	 x11=0x00006000
       39055000	      3806	8000adec	03a6f5b3	remu	x11,x13,x26	 x13:0xfffffffc x26:0x00000004 x11=0x00000000
       39425000	      3843	8000adf0	03e5f433	remu	x8,x11,x30	 x11:0x00000000 x30:0xffe35fc9  x8=0x00000000
       39435000	      3844	8000adf4	01691e93	slli	x29,x18,0x16	 x18:0x05fd7000 x29=0x00000000
       39445000	      3845	8000adf8	41e35e13	srai	x28,x6,0x1e	  x6:0x00000000 x28=0x00000000
       39455000	      3846	8000adfc	036b6563	bltu	x22,x22,8000ae26	 x22:0xffffffff x22:0xffffffff
       39465000	      3847	8000ae00	0ff0000f	fence	iorw,iorw	
       39475000	      3848	8000ae04	4042d393	srai	x7,x5,0x4	  x5:0xb9a23884  x7=0xfb9a2388
       39485000	      3849	8000ae08	660d	c.lui	x12,0x3	 x12=0x00003000
       39495000	      3850	8000ae0a	b92cab93	slti	x23,x25,-1134	 x25:0x00400110 x23=0x00000000
       39505000	      3851	8000ae0e	050fe363	bltu	x31,x16,8000ae54	 x31:0x00400110 x16:0x00000000
       39545000	      3855	8000ae12	021535b3	mulhu	x11,x10,x1	 x10:0x00000000  x1:0x00000000 x11=0x00000000
       39555000	      3856	8000ae16	340ca373	csrrs	x6,mscratch,x25	 x25:0x00400110  x6=0x80421f1f
       39565000	      3857	8000ae1a	d61f8d13	addi	x26,x31,-671	 x31:0x00400110 x26=0x003ffe71
       39575000	      3858	8000ae1e	02f5d663	bge	x11,x15,8000ae4a	 x11:0x00000000 x15:0x80025ce4
       39605000	      3861	8000ae4a	01045513	srli	x10,x8,0x10	  x8:0x00000000 x10=0x00000000
       39615000	      3862	8000ae4e	8f2d	c.xor	x14,x11	 x14:0x00000000 x11:0x00000000 x14=0x00000000
       39985000	      3899	8000ae50	0388ca33	div	x20,x17,x24	 x17:0x1e3a9a82 x24:0xd1f61000 x20=0x00000000
       39995000	      3900	8000ae54	8f6d	c.and	x14,x11	 x14:0x00000000 x11:0x00000000 x14=0x00000000
       40005000	      3901	8000ae56	413a5393	srai	x7,x20,0x13	 x20:0x00000000  x7=0x00000000
       40015000	      3902	8000ae5a	34001ef3	csrrw	x29,mscratch,x0	  x0:0x00000000 x29=0x80421f1f
       40025000	      3903	8000ae5e	81b1	c.srli	x11,0xc	 x11:0x00000000 x11=0x00000000
       40035000	      3904	8000ae60	0eba	c.slli	x29,0xe	 x29:0x80421f1f x29=0x87c7c000
       40045000	      3905	8000ae62	01121393	slli	x7,x4,0x11	  x4:0x8f23fbbc  x7=0xf7780000
       40085000	      3909	8000ae66	0259b9b3	mulhu	x19,x19,x5	 x19:0x00000000  x5:0xb9a23884 x19=0x00000000
       40095000	      3910	8000ae6a	415ed313	srai	x6,x29,0x15	 x29:0x87c7c000  x6=0xfffffc3e
       40105000	      3911	8000ae6e	1f7d	c.addi	x30,-1	 x30:0xffe35fc9 x30=0xffe35fc8
       40115000	      3912	8000ae70	8f01	c.sub	x14,x8	 x14:0x00000000  x8:0x00000000 x14=0x00000000
       40145000	      3915	8000ae72	025b04b3	mul	x9,x22,x5	 x22:0xffffffff  x5:0xb9a23884  x9=0x465dc77c
       40155000	      3916	8000ae76	41de5913	srai	x18,x28,0x1d	 x28:0x00000000 x18=0x00000000
       40165000	      3917	8000ae7a	a5810f93	addi	x31,x2,-1448	  x2:0x80021e1c x31=0x80021874
       40175000	      3918	8000ae7e	3407d373	csrrwi	x6,mscratch,15	  x6=0x00000000
       40185000	      3919	8000ae82	0291	c.addi	x5,4	  x5:0xb9a23884  x5=0xb9a23888
       40195000	      3920	8000ae84	ef0d	c.bnez	x14,8000aebe	 x14:0x00000000
       40205000	      3921	8000ae86	013c9663	bne	x25,x19,8000ae92	 x25:0x00400110 x19:0x00000000
       40235000	      3924	8000ae92	ebb67f93	andi	x31,x12,-325	 x12:0x00003000 x31=0x00003000
       40245000	      3925	8000ae96	011f9333	sll	x6,x31,x17	 x31:0x00003000 x17:0x1e3a9a82  x6=0x0000c000
       40255000	      3926	8000ae9a	0d6e	c.slli	x26,0x1b	 x26:0x003ffe71 x26=0x88000000
       40265000	      3927	8000ae9c	0001	c.addi	x0,0	  x0:0x00000000  x0=0x00000000
       40275000	      3928	8000ae9e	0029d4b3	srl	x9,x19,x2	 x19:0x00000000  x2:0x80021e1c  x9=0x00000000
       40285000	      3929	8000aea2	89b1	c.andi	x11,12	 x11:0x00000000 x11=0x00000000
       40295000	      3930	8000aea4	828e	c.mv	x5,x3	  x0:0x00000000  x3:0xfffffff8  x5=0xfffffff8
       40305000	      3931	8000aea6	8461	c.srai	x8,0x18	  x8:0x00000000  x8=0x00000000
       40315000	      3932	8000aea8	34089bf3	csrrw	x23,mscratch,x17	 x17:0x1e3a9a82 x23=0x0000000f
       40325000	      3933	8000aeac	41018433	sub	x8,x3,x16	  x3:0xfffffff8 x16:0x00000000  x8=0xfffffff8
       40335000	      3934	8000aeb0	0ff0000f	fence	iorw,iorw	
       40345000	      3935	8000aeb4	9cb7ee13	ori	x28,x15,-1589	 x15:0x80025ce4 x28=0xfffffdef
       40715000	      3972	8000aeb8	03c14e33	div	x28,x2,x28	  x2:0x80021e1c x28:0xfffffdef x28=0x003df075
       40725000	      3973	8000aebc	64f9	c.lui	x9,0x1e	  x9=0x0001e000
       40735000	      3974	8000aebe	00e39593	slli	x11,x7,0xe	  x7:0xf7780000 x11=0x00000000
       40775000	      3978	8000aec2	02efa2b3	mulhsu	x5,x31,x14	 x31:0x00003000 x14:0x00000000  x5=0x00000000
       40785000	      3979	8000aec6	0001	c.addi	x0,0	  x0:0x00000000  x0=0x00000000
       40795000	      3980	8000aec8	577d	c.li	x14,-1	 x14=0xffffffff
       40805000	      3981	8000aeca	c70d	c.beqz	x14,8000aef4	 x14:0xffffffff
       40815000	      3982	8000aecc	000931b3	sltu	x3,x18,x0	 x18:0x00000000  x0:0x00000000  x3=0x00000000
       40825000	      3983	8000aed0	340032f3	csrrc	x5,mscratch,x0	  x0:0x00000000  x5=0x1e3a9a82
       40835000	      3984	8000aed4	8ea1	c.xor	x13,x8	 x13:0xfffffffc  x8:0xfffffff8 x13=0x00000004
       40845000	      3985	8000aed6	99e2	c.add	x19,x24	 x19:0x00000000 x24:0xd1f61000 x19=0xd1f61000
       40855000	      3986	8000aed8	997d	c.andi	x10,-1	 x10:0x00000000 x10=0x00000000
       40865000	      3987	8000aeda	340a1b73	csrrw	x22,mscratch,x20	 x20:0x00000000 x22=0x1e3a9a82
       40875000	      3988	8000aede	55c03c13	sltiu	x24,x0,1372	  x0:0x00000000 x24=0x00000001
       40885000	      3989	8000aee2	00ee0f63	beq	x28,x14,8000af00	 x28:0x003df075 x14:0xffffffff
       40895000	      3990	8000aee6	00f28bb3	add	x23,x5,x15	  x5:0x1e3a9a82 x15:0x80025ce4 x23=0x9e3cf766
       40905000	      3991	8000aeea	92e2	c.add	x5,x24	  x5:0x1e3a9a82 x24:0x00000001  x5=0x1e3a9a83
       40915000	      3992	8000aeec	e899	c.bnez	x9,8000af02	  x9:0x0001e000
       40935000	      3994	8000af02	8ee1	c.and	x13,x8	 x13:0x00000004  x8:0xfffffff8 x13=0x00000000
       41305000	      4031	8000af04	03e3cf33	div	x30,x7,x30	  x7:0xf7780000 x30:0xffe35fc8 x30=0x0000004c
       41315000	      4032	8000af08	01d6d213	srli	x4,x13,0x1d	 x13:0x00000000  x4=0x00000000
       41325000	      4033	8000af0c	832d	c.srli	x14,0xb	 x14:0xffffffff x14=0x001fffff
       41335000	      4034	8000af0e	014e0533	add	x10,x28,x20	 x28:0x003df075 x20:0x00000000 x10=0x003df075
       41345000	      4035	8000af12	0001	c.addi	x0,0	  x0:0x00000000  x0=0x00000000
       41355000	      4036	8000af14	6655	c.lui	x12,0x15	 x12=0x00015000
       41365000	      4037	8000af16	34041873	csrrw	x16,mscratch,x8	  x8:0xfffffff8 x16=0x00000000
       41375000	      4038	8000af1a	8ccd	c.or	x9,x11	  x9:0x0001e000 x11:0x00000000  x9=0x0001e000
       41385000	      4039	8000af1c	031ecd63	blt	x29,x17,8000af56	 x29:0x87c7c000 x17:0x1e3a9a82
       41405000	      4041	8000af56	8c8d	c.sub	x9,x11	  x9:0x0001e000 x11:0x00000000  x9=0x0001e000
       41415000	      4042	8000af58	7593a713	slti	x14,x7,1881	  x7:0xf7780000 x14=0x00000001
       41425000	      4043	8000af5c	00c8f1b3	and	x3,x17,x12	 x17:0x1e3a9a82 x12:0x00015000  x3=0x00001000
       41435000	      4044	8000af60	02b3e963	bltu	x7,x11,8000af92	  x7:0xf7780000 x11:0x00000000
       41445000	      4045	8000af64	05897163	bgeu	x18,x24,8000afa6	 x18:0x00000000 x24:0x00000001
       41455000	      4046	8000af68	0891	c.addi	x17,4	 x17:0x1e3a9a82 x17=0x1e3a9a86
       41465000	      4047	8000af6a	41f1d0b3	sra	x1,x3,x31	  x3:0x00001000 x31:0x00003000  x1=0x00001000
       41475000	      4048	8000af6e	0912	c.slli	x18,0x4	 x18:0x00000000 x18=0x00000000
       41485000	      4049	8000af70	02727163	bgeu	x4,x7,8000af92	  x4:0x00000000  x7:0xf7780000
       41495000	      4050	8000af74	02891c63	bne	x18,x8,8000afac	 x18:0x00000000  x8:0xfffffff8
       41515000	      4052	8000afac	8e62	c.mv	x28,x24	  x0:0x00000000 x24:0x00000001 x28=0x00000001
       41525000	      4053	8000afae	340615f3	csrrw	x11,mscratch,x12	 x12:0x00015000 x11=0xfffffff8
       41535000	      4054	8000afb2	017123b3	slt	x7,x2,x23	  x2:0x80021e1c x23:0x9e3cf766  x7=0x00000001
       41545000	      4055	8000afb6	0013d863	bge	x7,x1,8000afc6	  x7:0x00000001  x1:0x00001000
       41555000	      4056	8000afba	4e94fb93	andi	x23,x9,1257	  x9:0x0001e000 x23=0x00000000
       41565000	      4057	8000afbe	8f61	c.and	x14,x8	 x14:0x00000001  x8:0xfffffff8 x14=0x00000000
       41575000	      4058	8000afc0	86e5	c.srai	x13,0x19	 x13:0x00000000 x13=0x00000000
       41585000	      4059	8000afc2	004b46b3	xor	x13,x22,x4	 x22:0x1e3a9a82  x4:0x00000000 x13=0x1e3a9a82
       41595000	      4060	8000afc6	340cf0f3	csrrci	x1,mscratch,25	  x1=0x00015000
       41605000	      4061	8000afca	6bf5	c.lui	x23,0x1d	 x23=0x0001d000
       41625000	      4063	8000afcc	0241d5b3	divu	x11,x3,x4	  x3:0x00001000  x4:0x00000000 x11=0xffffffff
       41635000	      4064	8000afd0	0ff0000f	fence	iorw,iorw	
       41645000	      4065	8000afd4	340a5873	csrrwi	x16,mscratch,20	 x16=0x00015000
       41655000	      4066	8000afd8	3403a773	csrrs	x14,mscratch,x7	  x7:0x00000001 x14=0x00000014
       41665000	      4067	8000afdc	02f66663	bltu	x12,x15,8000b008	 x12:0x00015000 x15:0x80025ce4
       41685000	      4069	8000b008	3554fe93	andi	x29,x9,853	  x9:0x0001e000 x29=0x00000000
       41695000	      4070	8000b00c	01aa88b3	add	x17,x21,x26	 x21:0x00000009 x26:0x88000000 x17=0x88000009
       41705000	      4071	8000b010	010ccb63	blt	x25,x16,8000b026	 x25:0x00400110 x16:0x00015000
       41715000	      4072	8000b014	34007f73	csrrci	x30,mscratch,0	 x30=0x00000015
       41725000	      4073	8000b018	8801	c.andi	x8,0	  x8:0xfffffff8  x8=0x00000000
       41735000	      4074	8000b01a	019f6db3	or	x27,x30,x25	 x30:0x00000015 x25:0x00400110 x27=0x00400115
       41745000	      4075	8000b01e	01e9d293	srli	x5,x19,0x1e	 x19:0xd1f61000  x5=0x00000003
       41755000	      4076	8000b022	03bd7763	bgeu	x26,x27,8000b050	 x26:0x88000000 x27:0x00400115
       41775000	      4078	8000b050	8f0e	c.mv	x30,x3	  x0:0x00000000  x3:0x00001000 x30=0x00001000
       41785000	      4079	8000b052	00c2e4b3	or	x9,x5,x12	  x5:0x00000003 x12:0x00015000  x9=0x00015003
       41795000	      4080	8000b056	007b21b3	slt	x3,x22,x7	 x22:0x1e3a9a82  x7:0x00000001  x3=0x00000000
       42165000	      4117	8000b05a	03126db3	rem	x27,x4,x17	  x4:0x00000000 x17:0x88000009 x27=0x00000000
       42175000	      4118	8000b05e	034a	c.slli	x6,0x12	  x6:0x0000c000  x6=0x00000000
       42185000	      4119	8000b060	01d51213	slli	x4,x10,0x1d	 x10:0x003df075  x4=0xa0000000
       42555000	      4156	8000b064	03c06833	rem	x16,x0,x28	  x0:0x00000000 x28:0x00000001 x16=0x00000000
       42565000	      4157	8000b068	8921	c.andi	x10,8	 x10:0x003df075 x10=0x00000000
       42575000	      4158	8000b06a	8d9d	c.sub	x11,x15	 x11:0xffffffff x15:0x80025ce4 x11=0x7ffda31b
       42585000	      4159	8000b06c	0031ee33	or	x28,x3,x3	  x3:0x00000000  x3:0x00000000 x28=0x00000000
       42595000	      4160	8000b070	8ef1	c.and	x13,x12	 x13:0x1e3a9a82 x12:0x00015000 x13=0x00001000
       42965000	      4197	8000b072	0354e033	rem	x0,x9,x21	  x9:0x00015003 x21:0x00000009  x0=0x00000000
       42975000	      4198	8000b076	8dd1	c.or	x11,x12	 x11:0x7ffda31b x12:0x00015000 x11=0x7ffdf31b
       42985000	      4199	8000b078	340b5cf3	csrrwi	x25,mscratch,22	 x25=0x00000015
       42995000	      4200	8000b07c	9befe413	ori	x8,x31,-1602	 x31:0x00003000  x8=0xfffff9be
       43005000	      4201	8000b080	005df5b3	and	x11,x27,x5	 x27:0x00000000  x5:0x00000003 x11=0x00000000
       43015000	      4202	8000b084	c105	c.beqz	x10,8000b0a4	 x10:0x00000000
       43395000	      4240	8000b0a4	02fde833	rem	x16,x27,x15	 x27:0x00000000 x15:0x80025ce4 x16=0x00000000
       43405000	      4241	8000b0a8	03039563	bne	x7,x16,8000b0d2	  x7:0x00000001 x16:0x00000000
       43435000	      4244	8000b0d2	41f9dd93	srai	x27,x19,0x1f	 x19:0xd1f61000 x27=0xffffffff
       43465000	      4247	8000b0d6	02848db3	mul	x27,x9,x8	  x9:0x00015003  x8:0xfffff9be x27=0xf7c94d3a
       43475000	      4248	8000b0da	340331f3	csrrc	x3,mscratch,x6	  x6:0x00000000  x3=0x00000016
       43485000	      4249	8000b0de	5db1ae13	slti	x28,x3,1499	  x3:0x00000016 x28=0x00000001
       43495000	      4250	8000b0e2	0548c063	blt	x17,x20,8000b122	 x17:0x88000009 x20:0x00000000
       43885000	      4289	8000b122	023a59b3	divu	x19,x20,x3	 x20:0x00000000  x3:0x00000016 x19=0x00000000
       43895000	      4290	8000b126	0000100f	fence.i	
       43915000	      4292	8000b12a	6ed5	c.lui	x29,0x15	 x29=0x00015000
       43925000	      4293	8000b12c	927e	c.add	x4,x31	  x4:0xa0000000 x31:0x00003000  x4=0xa0003000
       43935000	      4294	8000b12e	340b54f3	csrrwi	x9,mscratch,22	  x9=0x00000016
       43945000	      4295	8000b132	04dc8163	beq	x25,x13,8000b174	 x25:0x00000015 x13:0x00001000
       43955000	      4296	8000b136	8f61	c.and	x14,x8	 x14:0x00000014  x8:0xfffff9be x14=0x00000014
       43965000	      4297	8000b138	0433f163	bgeu	x7,x3,8000b17a	  x7:0x00000001  x3:0x00000016
       43975000	      4298	8000b13c	00f2	c.slli	x1,0x1c	  x1:0x00015000  x1=0x00000000
       43985000	      4299	8000b13e	ca0d	c.beqz	x12,8000b170	 x12:0x00015000
       43995000	      4300	8000b140	001948b3	xor	x17,x18,x1	 x18:0x00000000  x1:0x00000000 x17=0x00000000
       44005000	      4301	8000b144	009cc8b3	xor	x17,x25,x9	 x25:0x00000015  x9:0x00000016 x17=0x00000003
       44015000	      4302	8000b148	011038b3	sltu	x17,x0,x17	  x0:0x00000000 x17:0x00000003 x17=0x00000001
       44025000	      4303	8000b14c	00301493	slli	x9,x0,0x3	  x0:0x00000000  x9=0x00000000
       44035000	      4304	8000b150	41a4d033	sra	x0,x9,x26	  x9:0x00000000 x26:0x88000000  x0=0x00000000
       44045000	      4305	8000b154	3405a073	csrrs	x0,mscratch,x11	 x11:0x00000000  x0=0x00000000
       44055000	      4306	8000b158	34002873	csrrs	x16,mscratch,x0	  x0:0x00000000 x16=0x00000016
       44085000	      4309	8000b15c	021986b3	mul	x13,x19,x1	 x19:0x00000000  x1:0x00000000 x13=0x00000000
       44095000	      4310	8000b160	032b1963	bne	x22,x18,8000b192	 x22:0x1e3a9a82 x18:0x00000000
       44125000	      4313	8000b192	340d3a73	csrrc	x20,mscratch,x26	 x26:0x88000000 x20=0x00000016
       44135000	      4314	8000b196	16702c93	slti	x25,x0,359	  x0:0x00000000 x25=0x00000001
       44145000	      4315	8000b19a	3401d273	csrrwi	x4,mscratch,3	  x4=0x00000016
       44155000	      4316	8000b19e	67be5cb7	lui	x25,0x67be5	 x25=0x67be5000
       44165000	      4317	8000b1a2	c6bfab93	slti	x23,x31,-917	 x31:0x00003000 x23=0x00000000
       44205000	      4321	8000b1a6	029f1a33	mulh	x20,x30,x9	 x30:0x00001000  x9:0x00000000 x20=0x00000000
       44215000	      4322	8000b1aa	8d536617	auipc	x12,0x8d536	 x12=0x0d5411aa
       44225000	      4323	8000b1ae	f69c0b93	addi	x23,x24,-151	 x24:0x00000001 x23=0xffffff6a
       44235000	      4324	8000b1b2	340d16f3	csrrw	x13,mscratch,x26	 x26:0x88000000 x13=0x00000003
       44245000	      4325	8000b1b6	017098b3	sll	x17,x1,x23	  x1:0x00000000 x23:0xffffff6a x17=0x00000000
       44255000	      4326	8000b1ba	0001	c.addi	x0,0	  x0:0x00000000  x0=0x00000000
       44265000	      4327	8000b1bc	01199193	slli	x3,x19,0x11	 x19:0x00000000  x3=0x00000000
       44275000	      4328	8000b1c0	340016f3	csrrw	x13,mscratch,x0	  x0:0x00000000 x13=0x88000000
       44285000	      4329	8000b1c4	01957c33	and	x24,x10,x25	 x10:0x00000000 x25:0x67be5000 x24=0x00000000
       44325000	      4333	8000b1c8	03ce2933	mulhsu	x18,x28,x28	 x28:0x00000001 x28:0x00000001 x18=0x00000000
       44335000	      4334	8000b1cc	048e	c.slli	x9,0x3	  x9:0x00000000  x9=0x00000000
       44345000	      4335	8000b1ce	406b80b3	sub	x1,x23,x6	 x23:0xffffff6a  x6:0x00000000  x1=0xffffff6a
       44355000	      4336	8000b1d2	76ea3017	auipc	x0,0x76ea3	  x0=0x00000000
       44365000	      4337	8000b1d6	01e66f33	or	x30,x12,x30	 x12:0x0d5411aa x30:0x00001000 x30=0x0d5411aa
       44375000	      4338	8000b1da	6f95	c.lui	x31,0x5	 x31=0x00005000
       44385000	      4339	8000b1dc	98ce	c.add	x17,x19	 x17:0x00000000 x19:0x00000000 x17=0x00000000
       44395000	      4340	8000b1de	40f75f93	srai	x31,x14,0xf	 x14:0x00000014 x31=0x00000000
       44765000	      4377	8000b1e2	0368f8b3	remu	x17,x17,x22	 x17:0x00000000 x22:0x1e3a9a82 x17=0x00000000
       44775000	      4378	8000b1e6	00674db3	xor	x27,x14,x6	 x14:0x00000014  x6:0x00000000 x27=0x00000014
       44785000	      4379	8000b1ea	8c3d	c.xor	x8,x15	  x8:0xfffff9be x15:0x80025ce4  x8=0x7ffda55a
       44795000	      4380	8000b1ec	c861ec93	ori	x25,x3,-890	  x3:0x00000000 x25=0xfffffc86
       44805000	      4381	8000b1f0	41ab8633	sub	x12,x23,x26	 x23:0xffffff6a x26:0x88000000 x12=0x77ffff6a
       44815000	      4382	8000b1f4	404bddb3	sra	x27,x23,x4	 x23:0xffffff6a  x4:0x00000016 x27=0xffffffff
       44825000	      4383	8000b1f8	00a6	c.slli	x1,0x9	  x1:0xffffff6a  x1=0xfffed400
       44835000	      4384	8000b1fa	01a3c4b3	xor	x9,x7,x26	  x7:0x00000001 x26:0x88000000  x9=0x88000001
       44845000	      4385	8000b1fe	00217663	bgeu	x2,x2,8000b20a	  x2:0x80021e1c  x2:0x80021e1c
       45235000	      4424	8000b20a	03bf4933	div	x18,x30,x27	 x30:0x0d5411aa x27:0xffffffff x18=0xf2abee56
       45245000	      4425	8000b20e	40f25333	sra	x6,x4,x15	  x4:0x00000016 x15:0x80025ce4  x6=0x00000001
       45255000	      4426	8000b212	cb97c2b7	lui	x5,0xcb97c	  x5=0xcb97c000
       45625000	      4463	8000b216	03b466b3	rem	x13,x8,x27	  x8:0x7ffda55a x27:0xffffffff x13=0x00000000
       45635000	      4464	8000b21a	4212	c.lwsp	x4,4(x2)	  x2:0x80021e1c  x4=0x80002ff8 PA:0x80021e20 load:0x80002ff8
       45645000	      4465	8000b21c	02810113	addi	x2,x2,40	  x2:0x80021e1c  x2=0x80021e44
       45655000	      4466	8000b220	807d	c.srli	x8,0x1f	  x8:0x7ffda55a  x8=0x00000000
       45665000	      4467	8000b222	00120d93	addi	x27,x4,1	  x4:0x80002ff8 x27=0x80002ff9
       45675000	      4468	8000b226	8d82	c.jr	x27	 x27:0x80002ff9
       45695000	      4470	80002ff8	0e22	c.slli	x28,0x8	 x28:0x00000001 x28=0x00000100
       45705000	      4471	80002ffa	95ecb013	sltiu	x0,x25,-1698	 x25:0xfffffc86  x0=0x00000000
       45715000	      4472	80002ffe	547d	c.li	x8,-1	  x8=0xffffffff
       46085000	      4509	80003000	02fbf5b3	remu	x11,x23,x15	 x23:0xffffff6a x15:0x80025ce4 x11=0x7ffda286
       46095000	      4510	80003004	016d0033	add	x0,x26,x22	 x26:0x88000000 x22:0x1e3a9a82  x0=0x00000000
       46105000	      4511	80003008	030aef63	bltu	x21,x16,80003046	 x21:0x00000009 x16:0x00000016
       46135000	      4514	80003046	416881b3	sub	x3,x17,x22	 x17:0x00000000 x22:0x1e3a9a82  x3=0xe1c5657e
       46145000	      4515	8000304a	3403b873	csrrc	x16,mscratch,x7	  x7:0x00000001 x16=0x00000000
       46155000	      4516	8000304e	400fd493	srai	x9,x31,0x0	 x31:0x00000000  x9=0x00000000
       46165000	      4517	80003052	0000100f	fence.i	
       46185000	      4519	80003056	8cdd	c.or	x9,x15	  x9:0x00000000 x15:0x80025ce4  x9=0x80025ce4
       46195000	      4520	80003058	00056f33	or	x30,x10,x0	 x10:0x00000000  x0:0x00000000 x30=0x00000000
       46205000	      4521	8000305c	0001	c.addi	x0,0	  x0:0x00000000  x0=0x00000000
       46235000	      4524	8000305e	03bd8fb3	mul	x31,x27,x27	 x27:0x80002ff9 x27:0x80002ff9 x31=0x08fd6031
       46245000	      4525	80003062	9c96	c.add	x25,x5	 x25:0xfffffc86  x5:0xcb97c000 x25=0xcb97bc86
       46255000	      4526	80003064	01d71293	slli	x5,x14,0x1d	 x14:0x00000014  x5=0x80000000
       46265000	      4527	80003068	8f29	c.xor	x14,x10	 x14:0x00000014 x10:0x00000000 x14=0x00000014
       46275000	      4528	8000306a	340038f3	csrrc	x17,mscratch,x0	  x0:0x00000000 x17=0x00000000
       46285000	      4529	8000306e	405fd9b3	sra	x19,x31,x5	 x31:0x08fd6031  x5:0x80000000 x19=0x08fd6031
       46295000	      4530	80003072	3400a2f3	csrrs	x5,mscratch,x1	  x1:0xfffed400  x5=0x00000000
       46305000	      4531	80003076	01272b33	slt	x22,x14,x18	 x14:0x00000014 x18:0xf2abee56 x22=0x00000000
       46315000	      4532	8000307a	00051813	slli	x16,x10,0x0	 x10:0x00000000 x16=0x00000000
       46325000	      4533	8000307e	e415	c.bnez	x8,800030aa	  x8:0xffffffff
       46355000	      4536	800030aa	340c5df3	csrrwi	x27,mscratch,24	 x27=0xfffed400
       46365000	      4537	800030ae	34075573	csrrwi	x10,mscratch,14	 x10=0x00000018
       46375000	      4538	800030b2	8955	c.andi	x10,21	 x10:0x00000018 x10=0x00000010
       46385000	      4539	800030b4	40285833	sra	x16,x16,x2	 x16:0x00000000  x2:0x80021e44 x16=0x00000000
       46395000	      4540	800030b8	38c3f613	andi	x12,x7,908	  x7:0x00000001 x12=0x00000000
       46405000	      4541	800030bc	01df0d33	add	x26,x30,x29	 x30:0x00000000 x29:0x00015000 x26=0x00015000
       46415000	      4542	800030c0	00afd693	srli	x13,x31,0xa	 x31:0x08fd6031 x13=0x00023f58
       46425000	      4543	800030c4	8f51	c.or	x14,x12	 x14:0x00000014 x12:0x00000000 x14=0x00000014
       46435000	      4544	800030c6	ee257513	andi	x10,x10,-286	 x10:0x00000010 x10=0x00000000
       46475000	      4548	800030ca	03f69d33	mulh	x26,x13,x31	 x13:0x00023f58 x31:0x08fd6031 x26=0x00001434
       46485000	      4549	800030ce	01f079b3	and	x19,x0,x31	  x0:0x00000000 x31:0x08fd6031 x19=0x00000000
       46495000	      4550	800030d2	025f9c63	bne	x31,x5,8000310a	 x31:0x08fd6031  x5:0x00000000
       46515000	      4552	8000310a	8fa2	c.mv	x31,x8	  x0:0x00000000  x8:0xffffffff x31=0xffffffff
       46545000	      4555	8000310c	03ac8233	mul	x4,x25,x26	 x25:0xcb97bc86 x26:0x00001434  x4=0x358cc338
       46555000	      4556	80003110	40678d33	sub	x26,x15,x6	 x15:0x80025ce4  x6:0x00000001 x26=0x80025ce3
       46565000	      4557	80003114	8cbd	c.xor	x9,x15	  x9:0x80025ce4 x15:0x80025ce4  x9=0x00000000
       46575000	      4558	80003116	0000100f	fence.i	
       46605000	      4561	8000311a	01c5ef63	bltu	x11,x28,80003138	 x11:0x7ffda286 x28:0x00000100
       46615000	      4562	8000311e	00f746b3	xor	x13,x14,x15	 x14:0x00000014 x15:0x80025ce4 x13=0x80025cf0
       46625000	      4563	80003122	e67ff713	andi	x14,x31,-409	 x31:0xffffffff x14=0xfffffe67
       46635000	      4564	80003126	0073e633	or	x12,x7,x7	  x7:0x00000001  x7:0x00000001 x12=0x00000001
       46645000	      4565	8000312a	8d45	c.or	x10,x9	 x10:0x00000000  x9:0x00000000 x10=0x00000000
       46655000	      4566	8000312c	fa590637	lui	x12,0xfa590	 x12=0xfa590000
       46665000	      4567	80003130	340d7773	csrrci	x14,mscratch,26	 x14=0x0000000e
       46675000	      4568	80003134	340e5b73	csrrwi	x22,mscratch,28	 x22=0x00000004
       46685000	      4569	80003138	0ff0000f	fence	iorw,iorw	
       46695000	      4570	8000313c	0062d593	srli	x11,x5,0x6	  x5:0x00000000 x11=0x00000000
       46705000	      4571	80003140	3400f0f3	csrrci	x1,mscratch,1	  x1=0x0000001c
       46715000	      4572	80003144	00e64cb3	xor	x25,x12,x14	 x12:0xfa590000 x14:0x0000000e x25=0xfa59000e
       46725000	      4573	80003148	89b1	c.andi	x11,12	 x11:0x00000000 x11=0x00000000
       46735000	      4574	8000314a	002d0563	beq	x26,x2,80003154	 x26:0x80025ce3  x2:0x80021e44
       46745000	      4575	8000314e	547d	c.li	x8,-1	  x8=0xffffffff
       46755000	      4576	80003150	0111dbb3	srl	x23,x3,x17	  x3:0xe1c5657e x17:0x00000000 x23=0xe1c5657e
       46765000	      4577	80003154	340f1e73	csrrw	x28,mscratch,x30	 x30:0x00000000 x28=0x0000001c
       46775000	      4578	80003158	408950b3	sra	x1,x18,x8	 x18:0xf2abee56  x8:0xffffffff  x1=0xffffffff
       46785000	      4579	8000315c	340b50f3	csrrwi	x1,mscratch,22	  x1=0x00000000
       46795000	      4580	80003160	038d0563	beq	x26,x24,8000318a	 x26:0x80025ce3 x24:0x00000000
       46805000	      4581	80003164	00981633	sll	x12,x16,x9	 x16:0x00000000  x9:0x00000000 x12=0x00000000
       46815000	      4582	80003168	4078d513	srai	x10,x17,0x7	 x17:0x00000000 x10=0x00000000
       46825000	      4583	8000316c	0024c6b3	xor	x13,x9,x2	  x9:0x00000000  x2:0x80021e44 x13=0x80021e44
       46835000	      4584	80003170	ed99	c.bnez	x11,8000318e	 x11:0x00000000
       46845000	      4585	80003172	340ba6f3	csrrs	x13,mscratch,x23	 x23:0xe1c5657e x13=0x00000016
       47215000	      4622	80003176	03905e33	divu	x28,x0,x25	  x0:0x00000000 x25:0xfa59000e x28=0x00000000
       47255000	      4626	8000317a	02a73233	mulhu	x4,x14,x10	 x14:0x0000000e x10:0x00000000  x4=0x00000000
       47265000	      4627	8000317e	01caa1b3	slt	x3,x21,x28	 x21:0x00000009 x28:0x00000000  x3=0x00000000
       47275000	      4628	80003182	41c204b3	sub	x9,x4,x28	  x4:0x00000000 x28:0x00000000  x9=0x00000000
       47285000	      4629	80003186	340d6f73	csrrsi	x30,mscratch,26	 x30=0xe1c5657e
       47295000	      4630	8000318a	01ce2cb3	slt	x25,x28,x28	 x28:0x00000000 x28:0x00000000 x25=0x00000000
       47305000	      4631	8000318e	89ce	c.mv	x19,x19	  x0:0x00000000 x19:0x00000000 x19=0x00000000
       47315000	      4632	80003190	8fc6	c.mv	x31,x17	  x0:0x00000000 x17:0x00000000 x31=0x00000000
       47325000	      4633	80003192	90e6	c.add	x1,x25	  x1:0x00000000 x25:0x00000000  x1=0x00000000
       47335000	      4634	80003194	8755	c.srai	x14,0x15	 x14:0x0000000e x14=0x00000000
       47345000	      4635	80003196	03f7c663	blt	x15,x31,800031c2	 x15:0x80025ce4 x31:0x00000000
       47375000	      4638	800031c2	0019e8b3	or	x17,x19,x1	 x19:0x00000000  x1:0x00000000 x17=0x00000000
       47385000	      4639	800031c6	0001	c.addi	x0,0	  x0:0x00000000  x0=0x00000000
       47395000	      4640	800031c8	0932	c.slli	x18,0xc	 x18:0xf2abee56 x18=0xbee56000
       47405000	      4641	800031ca	0000100f	fence.i	
       47425000	      4643	800031ce	1c7d	c.addi	x24,-1	 x24:0x00000000 x24=0xffffffff
       47435000	      4644	800031d0	34002573	csrrs	x10,mscratch,x0	  x0:0x00000000 x10=0xe1c5657e
       47445000	      4645	800031d4	8a29	c.andi	x12,10	 x12:0x00000000 x12=0x00000000
       47455000	      4646	800031d6	84d6	c.mv	x9,x21	  x0:0x00000000 x21:0x00000009  x9=0x00000009
       47465000	      4647	800031d8	00cf1813	slli	x16,x30,0xc	 x30:0xe1c5657e x16=0x5657e000
       47475000	      4648	800031dc	0ff0000f	fence	iorw,iorw	
       47485000	      4649	800031e0	0351c863	blt	x3,x21,80003210	  x3:0x00000000 x21:0x00000009
       47505000	      4651	80003210	0001	c.addi	x0,0	  x0:0x00000000  x0=0x00000000
       47515000	      4652	80003212	cb05	c.beqz	x14,80003242	 x14:0x00000000
       47535000	      4654	80003242	0001	c.addi	x0,0	  x0:0x00000000  x0=0x00000000
       47545000	      4655	80003244	f1ca6013	ori	x0,x20,-228	 x20:0x00000000  x0=0x00000000
       47555000	      4656	80003248	00ec5e13	srli	x28,x24,0xe	 x24:0xffffffff x28=0x0003ffff
       47565000	      4657	8000324c	960e	c.add	x12,x3	 x12:0x00000000  x3:0x00000000 x12=0x00000000
       47575000	      4658	8000324e	ef19	c.bnez	x14,8000326c	 x14:0x00000000
       47585000	      4659	80003250	0001	c.addi	x0,0	  x0:0x00000000  x0=0x00000000
       47595000	      4660	80003252	e73fb913	sltiu	x18,x31,-397	 x31:0x00000000 x18=0x00000001
       47635000	      4664	80003256	03161e33	mulh	x28,x12,x17	 x12:0x00000000 x17:0x00000000 x28=0x00000000
       47645000	      4665	8000325a	ce34ec93	ori	x25,x9,-797	  x9:0x00000009 x25=0xfffffceb
       47655000	      4666	8000325e	00241d13	slli	x26,x8,0x2	  x8:0xffffffff x26=0xfffffffc
       47665000	      4667	80003262	012b49b3	xor	x19,x22,x18	 x22:0x00000004 x18:0x00000001 x19=0x00000005
       47675000	      4668	80003266	00335c63	bge	x6,x3,8000327e	  x6:0x00000001  x3:0x00000000
       47735000	      4674	8000327e	02edbb33	mulhu	x22,x27,x14	 x27:0xfffed400 x14:0x00000000 x22=0x00000000
       47745000	      4675	80003282	340a2d73	csrrs	x26,mscratch,x20	 x20:0x00000000 x26=0xe1c5657e
       47755000	      4676	80003286	040dc893	xori	x17,x27,64	 x27:0xfffed400 x17=0xfffed440
       47765000	      4677	8000328a	1bb5f393	andi	x7,x11,443	 x11:0x00000000  x7=0x00000000
       47775000	      4678	8000328e	0001	c.addi	x0,0	  x0:0x00000000  x0=0x00000000
       47785000	      4679	80003290	4212	c.lwsp	x4,4(x2)	  x2:0x80021e44  x4=0x80002d12 PA:0x80021e48 load:0x80002d12
       47795000	      4680	80003292	01db44b3	xor	x9,x22,x29	 x22:0x00000000 x29:0x00015000  x9=0x00015000
       47825000	      4683	80003296	037b8d33	mul	x26,x23,x23	 x23:0xe1c5657e x23:0xe1c5657e x26=0xd828aa04
       47835000	      4684	8000329a	a8ec0597	auipc	x11,0xa8ec0	 x11=0x28ec329a
       47845000	      4685	8000329e	34091773	csrrw	x14,mscratch,x18	 x18:0x00000001 x14=0xe1c5657e
       47855000	      4686	800032a2	6105	c.addi16sp	x2,32	  x2:0x80021e44  x2=0x80021e64
       47865000	      4687	800032a4	8dd1	c.or	x11,x12	 x11:0x28ec329a x12:0x00000000 x11=0x28ec329a
       47875000	      4688	800032a6	885e	c.mv	x16,x23	  x0:0x00000000 x23:0xe1c5657e x16=0xe1c5657e
       47885000	      4689	800032a8	00120e13	addi	x28,x4,1	  x4:0x80002d12 x28=0x80002d13
       47895000	      4690	800032ac	8e02	c.jr	x28	 x28:0x80002d13
       47925000	      4693	80002d12	0000100f	fence.i	
       47945000	      4695	80002d16	8c89	c.sub	x9,x10	  x9:0x00015000 x10:0xe1c5657e  x9=0x1e3bea82
       47955000	      4696	80002d18	ddeab993	sltiu	x19,x21,-546	 x21:0x00000009 x19=0x00000001
       47965000	      4697	80002d1c	f258cc93	xori	x25,x17,-219	 x17:0xfffed440 x25=0x00012b65
       48335000	      4734	80002d20	0288c8b3	div	x17,x17,x8	 x17:0xfffed440  x8:0xffffffff x17=0x00012bc0
       48345000	      4735	80002d24	7c9e2317	auipc	x6,0x7c9e2	  x6=0xfc9e4d24
       48355000	      4736	80002d28	01e01513	slli	x10,x0,0x1e	  x0:0x00000000 x10=0x00000000
       48365000	      4737	80002d2c	1bfd	c.addi	x23,-1	 x23:0xe1c5657e x23=0xe1c5657d
       48375000	      4738	80002d2e	00f04eb3	xor	x29,x0,x15	  x0:0x00000000 x15:0x80025ce4 x29=0x80025ce4
       48385000	      4739	80002d32	3400d1f3	csrrwi	x3,mscratch,1	  x3=0x00000001
       48395000	      4740	80002d36	6ded	c.lui	x27,0x1b	 x27=0x0001b000
       48405000	      4741	80002d38	80a9	c.srli	x9,0xa	  x9:0x1e3bea82  x9=0x00078efa
       48415000	      4742	80002d3a	04306263	bltu	x0,x3,80002d7e	  x0:0x00000000  x3:0x00000001
       48445000	      4745	80002d7e	012a1e33	sll	x28,x20,x18	 x20:0x00000000 x18:0x00000001 x28=0x00000000
       48455000	      4746	80002d82	0001	c.addi	x0,0	  x0:0x00000000  x0=0x00000000
       48465000	      4747	80002d84	9afd	c.andi	x13,-1	 x13:0x00000016 x13=0x00000016
       48475000	      4748	80002d86	340c1373	csrrw	x6,mscratch,x24	 x24:0xffffffff  x6=0x00000001
       48845000	      4785	80002d8a	038fed33	rem	x26,x31,x24	 x31:0x00000000 x24:0xffffffff x26=0x00000000
       48855000	      4786	80002d8e	d061c893	xori	x17,x3,-762	  x3:0x00000001 x17=0xfffffd07
       48865000	      4787	80002d92	506c2d93	slti	x27,x24,1286	 x24:0xffffffff x27=0x00000001
       48875000	      4788	80002d96	00000217	auipc	x4,0x0	  x4=0x80002d96
       48885000	      4789	80002d9a	23620213	addi	x4,x4,566	  x4:0x80002d96  x4=0x80002fcc
       48895000	      4790	80002d9e	00c91eb3	sll	x29,x18,x12	 x18:0x00000001 x12:0x00000000 x29=0x00000001
       48905000	      4791	80002da2	66bd	c.lui	x13,0xf	 x13=0x0000f000
       48915000	      4792	80002da4	c5620213	addi	x4,x4,-938	  x4:0x80002fcc  x4=0x80002c22
       48925000	      4793	80002da8	0ff0000f	fence	iorw,iorw	
       48935000	      4794	80002dac	3aa20267	jalr	x4,938(x4)	  x4:0x80002c22  x4=0x80002db0
       48955000	      4796	80002fcc	0906	c.slli	x18,0x1	 x18:0x00000001 x18=0x00000002
       48965000	      4797	80002fce	009bf263	bgeu	x23,x9,80002fd2	 x23:0xe1c5657d  x9:0x00078efa
       48985000	      4799	80002fd2	1101	c.addi	x2,-32	  x2:0x80021e64  x2=0x80021e44
       48995000	      4800	80002fd4	340a7673	csrrci	x12,mscratch,20	 x12=0xffffffff
       49005000	      4801	80002fd8	c212	c.swsp	x4,4(x2)	  x2:0x80021e44  x4:0x80002db0 PA:0x80021e48 store:0x80002db0 load:0x00000000
       49375000	      4838	80002fda	03b0d1b3	divu	x3,x1,x27	  x1:0x00000000 x27:0x00000001  x3=0x00000000
       49745000	      4875	80002fde	02454a33	div	x20,x10,x4	 x10:0x00000000  x4:0x80002db0 x20=0x00000000
       49755000	      4876	80002fe2	8d31	c.xor	x10,x12	 x10:0x00000000 x12:0xffffffff x10=0xffffffff
       49765000	      4877	80002fe4	01b78033	add	x0,x15,x27	 x15:0x80025ce4 x27:0x00000001  x0=0x00000000
       49775000	      4878	80002fe8	8771	c.srai	x14,0x1c	 x14:0xe1c5657e x14=0xfffffffe
       49785000	      4879	80002fea	01ce9563	bne	x29,x28,80002ff4	 x29:0x00000001 x28:0x00000000
       49805000	      4881	80002ff4	1a60626f	jal	x4,8000919a	  x4=0x80002ff8
       49835000	      4884	8000919a	00fec3b3	xor	x7,x29,x15	 x29:0x00000001 x15:0x80025ce4  x7=0x80025ce5
       49845000	      4885	8000919e	340e34f3	csrrc	x9,mscratch,x28	 x28:0x00000000  x9=0xffffffeb
       49855000	      4886	800091a2	00046363	bltu	x8,x0,800091a8	  x8:0xffffffff  x0:0x00000000
       49865000	      4887	800091a6	0001	c.addi	x0,0	  x0:0x00000000  x0=0x00000000
       49875000	      4888	800091a8	fd810113	addi	x2,x2,-40	  x2:0x80021e44  x2=0x80021e1c
       49885000	      4889	800091ac	c212	c.swsp	x4,4(x2)	  x2:0x80021e1c  x4:0x80002ff8 PA:0x80021e20 store:0x80002ff8 load:0x00000000
       49895000	      4890	800091ae	34006573	csrrsi	x10,mscratch,0	 x10=0xffffffeb
       49905000	      4891	800091b2	02b80063	beq	x16,x11,800091d2	 x16:0xe1c5657e x11:0x28ec329a
       49915000	      4892	800091b6	033b0f63	beq	x22,x19,800091f4	 x22:0x00000000 x19:0x00000001
       49925000	      4893	800091ba	34002373	csrrs	x6,mscratch,x0	  x0:0x00000000  x6=0xffffffeb
       49935000	      4894	800091be	8c0d	c.sub	x8,x11	  x8:0xffffffff x11:0x28ec329a  x8=0xd713cd65
       49945000	      4895	800091c0	01dfda33	srl	x20,x31,x29	 x31:0x00000000 x29:0x00000001 x20=0x00000000
       49955000	      4896	800091c4	03a06863	bltu	x0,x26,800091f4	  x0:0x00000000 x26:0x00000000
       49965000	      4897	800091c8	a94ba813	slti	x16,x23,-1388	 x23:0xe1c5657d x16=0x00000001
       49995000	      4900	800091cc	03bf8cb3	mul	x25,x31,x27	 x31:0x00000000 x27:0x00000001 x25=0x00000000
       50005000	      4901	800091d0	ca01	c.beqz	x12,800091e0	 x12:0xffffffff
       50015000	      4902	800091d2	01b5d213	srli	x4,x11,0x1b	 x11:0x28ec329a  x4=0x00000005
       50025000	      4903	800091d6	340a10f3	csrrw	x1,mscratch,x20	 x20:0x00000000  x1=0xffffffeb
       50065000	      4907	800091da	0287abb3	mulhsu	x23,x15,x8	 x15:0x80025ce4  x8:0xd713cd65 x23=0x9478157f
       50075000	      4908	800091de	8c5d	c.or	x8,x15	  x8:0xd713cd65 x15:0x80025ce4  x8=0xd713dde5
       50105000	      4911	800091e0	02e80633	mul	x12,x16,x14	 x16:0x00000001 x14:0xfffffffe x12=0xfffffffe
       50115000	      4912	800091e4	41648533	sub	x10,x9,x22	  x9:0xffffffeb x22:0x00000000 x10=0xffffffeb
       50125000	      4913	800091e8	34002cf3	csrrs	x25,mscratch,x0	  x0:0x00000000 x25=0x00000000
       50495000	      4950	800091ec	02be7433	remu	x8,x28,x11	 x28:0x00000000 x11:0x28ec329a  x8=0x00000000
       50505000	      4951	800091f0	47ab6193	ori	x3,x22,1146	 x22:0x00000000  x3=0x0000047a
       50515000	      4952	800091f4	411a5913	srai	x18,x20,0x11	 x20:0x00000000 x18=0x00000000
       50525000	      4953	800091f8	e321	c.bnez	x14,80009238	 x14:0xfffffffe
       50545000	      4955	80009238	01d98db3	add	x27,x19,x29	 x19:0x00000001 x29:0x00000001 x27=0x00000002
       50555000	      4956	8000923c	032e0b63	beq	x28,x18,80009272	 x28:0x00000000 x18:0x00000000
       50585000	      4959	80009272	0137c3b3	xor	x7,x15,x19	 x15:0x80025ce4 x19:0x00000001  x7=0x80025ce5
       50595000	      4960	80009276	862d	c.srai	x12,0xb	 x12:0xfffffffe x12=0xffffffff
       50605000	      4961	80009278	0001	c.addi	x0,0	  x0:0x00000000  x0=0x00000000
       50615000	      4962	8000927a	0165e5b3	or	x11,x11,x22	 x11:0x28ec329a x22:0x00000000 x11=0x28ec329a
       50625000	      4963	8000927e	395c4917	auipc	x18,0x395c4	 x18=0xb95cd27e
       50635000	      4964	80009282	8efd	c.and	x13,x15	 x13:0x0000f000 x15:0x80025ce4 x13=0x00005000
       50645000	      4965	80009284	02189963	bne	x17,x1,800092b6	 x17:0xfffffd07  x1:0xffffffeb
       51035000	      5004	800092b6	027e4433	div	x8,x28,x7	 x28:0x00000000  x7:0x80025ce5  x8=0x00000000
       51045000	      5005	800092ba	34045873	csrrwi	x16,mscratch,8	 x16=0x00000000
       51055000	      5006	800092be	9afd	c.andi	x13,-1	 x13:0x00005000 x13=0x00005000
       51095000	      5010	800092c0	03bcbf33	mulhu	x30,x25,x27	 x25:0x00000000 x27:0x00000002 x30=0x00000000
       51105000	      5011	800092c4	00459933	sll	x18,x11,x4	 x11:0x28ec329a  x4:0x00000005 x18=0x1d865340
       51115000	      5012	800092c8	0137dc63	bge	x15,x19,800092e0	 x15:0x80025ce4 x19:0x00000001
       51125000	      5013	800092cc	04fb9263	bne	x23,x15,80009310	 x23:0x9478157f x15:0x80025ce4
       51145000	      5015	80009310	00899c33	sll	x24,x19,x8	 x19:0x00000001  x8:0x00000000 x24=0x00000001
       51515000	      5052	80009314	03b97733	remu	x14,x18,x27	 x18:0x1d865340 x27:0x00000002 x14=0x00000000
       51525000	      5053	80009318	00af60b3	or	x1,x30,x10	 x30:0x00000000 x10:0xffffffeb  x1=0xffffffeb
       51535000	      5054	8000931c	03da	c.slli	x7,0x16	  x7:0x80025ce5  x7=0x39400000
       51545000	      5055	8000931e	34082b73	csrrs	x22,mscratch,x16	 x16:0x00000000 x22=0x00000008
       51555000	      5056	80009322	34069973	csrrw	x18,mscratch,x13	 x13:0x00005000 x18=0x00000008
       51565000	      5057	80009326	ed89	c.bnez	x11,80009340	 x11:0x28ec329a
       51585000	      5059	80009340	8f55	c.or	x14,x13	 x14:0x00000000 x13:0x00005000 x14=0x00005000
       51595000	      5060	80009342	89582613	slti	x12,x16,-1899	 x16:0x00000000 x12=0x00000000
       51605000	      5061	80009346	0001	c.addi	x0,0	  x0:0x00000000  x0=0x00000000
       51615000	      5062	80009348	8cad	c.xor	x9,x11	  x9:0xffffffeb x11:0x28ec329a  x9=0xd713cd71
       51625000	      5063	8000934a	03bb5063	bge	x22,x27,8000936a	 x22:0x00000008 x27:0x00000002
       51685000	      5069	8000936a	030d1bb3	mulh	x23,x26,x16	 x26:0x00000000 x16:0x00000000 x23=0x00000000
       51695000	      5070	8000936e	e029	c.bnez	x8,800093b0	  x8:0x00000000
       51705000	      5071	80009370	340953f3	csrrwi	x7,mscratch,18	  x7=0x00005000
       51745000	      5075	80009374	032d1f33	mulh	x30,x26,x18	 x26:0x00000000 x18:0x00000008 x30=0x00000000
       51755000	      5076	80009378	3401d273	csrrwi	x4,mscratch,3	  x4=0x00000012
       51765000	      5077	8000937c	34003673	csrrc	x12,mscratch,x0	  x0:0x00000000 x12=0x00000003
       51775000	      5078	80009380	1ffd	c.addi	x31,-1	 x31:0x00000000 x31=0xffffffff
       51785000	      5079	80009382	8e71	c.and	x12,x12	 x12:0x00000003 x12:0x00000003 x12=0x00000003
       51795000	      5080	80009384	cc95	c.beqz	x9,800093c0	  x9:0xd713cd71
       51805000	      5081	80009386	00a01513	slli	x10,x0,0xa	  x0:0x00000000 x10=0x00000000
       51815000	      5082	8000938a	852db897	auipc	x17,0x852db	 x17=0x052e438a
       51825000	      5083	8000938e	8161	c.srli	x10,0x18	 x10:0x00000000 x10=0x00000000
       51835000	      5084	80009390	41ce0233	sub	x4,x28,x28	 x28:0x00000000 x28:0x00000000  x4=0x00000000
       51845000	      5085	80009394	892e	c.mv	x18,x11	  x0:0x00000000 x11:0x28ec329a x18=0x28ec329a
       51855000	      5086	80009396	0345f163	bgeu	x11,x20,800093b8	 x11:0x28ec329a x20:0x00000000
       51875000	      5088	800093b8	3c97c193	xori	x3,x15,969	 x15:0x80025ce4  x3=0x80025f2d
       51885000	      5089	800093bc	00e31393	slli	x7,x6,0xe	  x6:0xffffffeb  x7=0xfffac000
       51895000	      5090	800093c0	7bb64097	auipc	x1,0x7bb64	  x1=0xfbb6d3c0
       51905000	      5091	800093c4	bb620437	lui	x8,0xbb620	  x8=0xbb620000
       51915000	      5092	800093c8	05af0463	beq	x30,x26,80009410	 x30:0x00000000 x26:0x00000000
       51935000	      5094	80009410	017bf233	and	x4,x23,x23	 x23:0x00000000 x23:0x00000000  x4=0x00000000
       51945000	      5095	80009414	340e7073	csrrci	x0,mscratch,28	  x0=0x00000000
       51985000	      5099	80009418	039fa3b3	mulhsu	x7,x31,x25	 x31:0xffffffff x25:0x00000000  x7=0x00000000
       51995000	      5100	8000941c	00fbe2b3	or	x5,x23,x15	 x23:0x00000000 x15:0x80025ce4  x5=0x80025ce4
       52365000	      5137	80009420	0231e9b3	rem	x19,x3,x3	  x3:0x80025f2d  x3:0x80025f2d x19=0x00000000
       52375000	      5138	80009424	3436c437	lui	x8,0x3436c	  x8=0x3436c000
       52385000	      5139	80009428	8ca1	c.xor	x9,x8	  x9:0xd713cd71  x8:0x3436c000  x9=0xe3250d71
       52395000	      5140	8000942a	008b7463	bgeu	x22,x8,80009432	 x22:0x00000008  x8:0x3436c000
       52405000	      5141	8000942e	0c8d	c.addi	x25,3	 x25:0x00000000 x25=0x00000003
       52415000	      5142	80009430	ee8d	c.bnez	x13,8000946a	 x13:0x00005000
       52435000	      5144	8000946a	96be	c.add	x13,x15	 x13:0x00005000 x15:0x80025ce4 x13=0x8002ace4
       52445000	      5145	8000946c	017d48b3	xor	x17,x26,x23	 x26:0x00000000 x23:0x00000000 x17=0x00000000
       52455000	      5146	80009470	34099073	csrrw	x0,mscratch,x19	 x19:0x00000000  x0=0x00000000
       52465000	      5147	80009474	00360833	add	x16,x12,x3	 x12:0x00000003  x3:0x80025f2d x16=0x80025f30
       52475000	      5148	80009478	8a389417	auipc	x8,0x8a389	  x8=0x0a392478
       52485000	      5149	8000947c	00db9d13	slli	x26,x23,0xd	 x23:0x00000000 x26=0x00000000
       52495000	      5150	80009480	34003573	csrrc	x10,mscratch,x0	  x0:0x00000000 x10=0x00000000
       52535000	      5154	80009484	03402cb3	mulhsu	x25,x0,x20	  x0:0x00000000 x20:0x00000000 x25=0x00000000
       52545000	      5155	80009488	41a05a13	srai	x20,x0,0x1a	  x0:0x00000000 x20=0x00000000
       52555000	      5156	8000948c	c3fdfe13	andi	x28,x27,-961	 x27:0x00000002 x28=0x00000002
       52565000	      5157	80009490	03b6d763	bge	x13,x27,800094be	 x13:0x8002ace4 x27:0x00000002
       52575000	      5158	80009494	00e23e33	sltu	x28,x4,x14	  x4:0x00000000 x14:0x00005000 x28=0x00000001
       52585000	      5159	80009498	e0867593	andi	x11,x12,-504	 x12:0x00000003 x11=0x00000000
       52605000	      5161	8000949c	02a8f433	remu	x8,x17,x10	 x17:0x00000000 x10:0x00000000  x8=0x00000000
       52615000	      5162	800094a0	01a0a8b3	slt	x17,x1,x26	  x1:0xfbb6d3c0 x26:0x00000000 x17=0x00000001
       52625000	      5163	800094a4	006c5033	srl	x0,x24,x6	 x24:0x00000001  x6:0xffffffeb  x0=0x00000000
       52635000	      5164	800094a8	34085bf3	csrrwi	x23,mscratch,16	 x23=0x00000000
       52645000	      5165	800094ac	340025f3	csrrs	x11,mscratch,x0	  x0:0x00000000 x11=0x00000010
       52655000	      5166	800094b0	0101b2b3	sltu	x5,x3,x16	  x3:0x80025f2d x16:0x80025f30  x5=0x00000001
       52665000	      5167	800094b4	3409ddf3	csrrwi	x27,mscratch,19	 x27=0x00000010
       52675000	      5168	800094b8	8491	c.srai	x9,0x4	  x9:0xe3250d71  x9=0xfe3250d7
       52685000	      5169	800094ba	0000100f	fence.i	
       52715000	      5172	800094be	7e907593	andi	x11,x0,2025	  x0:0x00000000 x11=0x00000000
       53085000	      5209	800094c2	023f73b3	remu	x7,x30,x3	 x30:0x00000000  x3:0x80025f2d  x7=0x00000000
       53095000	      5210	800094c6	34007df3	csrrci	x27,mscratch,0	 x27=0x00000013
       53105000	      5211	800094ca	34003773	csrrc	x14,mscratch,x0	  x0:0x00000000 x14=0x00000013
       53115000	      5212	800094ce	038ad463	bge	x21,x24,800094f6	 x21:0x00000009 x24:0x00000001
       53135000	      5214	800094f6	4fb9	c.li	x31,14	 x31=0x0000000e
       53145000	      5215	800094f8	3405ae73	csrrs	x28,mscratch,x11	 x11:0x00000000 x28=0x00000013
       53155000	      5216	800094fc	340bdf73	csrrwi	x30,mscratch,23	 x30=0x00000013
       53165000	      5217	80009500	010868b3	or	x17,x16,x16	 x16:0x80025f30 x16:0x80025f30 x17=0x80025f30
       53205000	      5221	80009504	0354b8b3	mulhu	x17,x9,x21	  x9:0xfe3250d7 x21:0x00000009 x17=0x00000008
       53215000	      5222	80009508	340a5a73	csrrwi	x20,mscratch,20	 x20=0x00000017
       53225000	      5223	8000950c	015b5a13	srli	x20,x22,0x15	 x22:0x00000008 x20=0x00000000
       53265000	      5227	80009510	03249f33	mulh	x30,x9,x18	  x9:0xfe3250d7 x18:0x28ec329a x30=0xffb632a8
       53275000	      5228	80009514	018c9f63	bne	x25,x24,80009532	 x25:0x00000000 x24:0x00000001
       53305000	      5231	80009532	ff60afb7	lui	x31,0xff60a	 x31=0xff60a000
       53315000	      5232	80009536	1dce8913	addi	x18,x29,476	 x29:0x00000001 x18=0x000001dd
       53325000	      5233	8000953a	e205	c.bnez	x12,8000955a	 x12:0x00000003
       53355000	      5236	8000955a	00cede63	bge	x29,x12,80009576	 x29:0x00000001 x12:0x00000003
       53365000	      5237	8000955e	0527c163	blt	x15,x18,800095a0	 x15:0x80025ce4 x18:0x000001dd
       53385000	      5239	800095a0	7a35e413	ori	x8,x11,1955	 x11:0x00000000  x8=0x000007a3
       53395000	      5240	800095a4	018b16b3	sll	x13,x22,x24	 x22:0x00000008 x24:0x00000001 x13=0x00000010
       53435000	      5244	800095a8	02b91633	mulh	x12,x18,x11	 x18:0x000001dd x11:0x00000000 x12=0x00000000
       53445000	      5245	800095ac	013451b3	srl	x3,x8,x19	  x8:0x000007a3 x19:0x00000000  x3=0x000007a3
       53455000	      5246	800095b0	8cad	c.xor	x9,x11	  x9:0xfe3250d7 x11:0x00000000  x9=0xfe3250d7
       53465000	      5247	800095b2	8c89	c.sub	x9,x10	  x9:0xfe3250d7 x10:0x00000000  x9=0xfe3250d7
       53475000	      5248	800095b4	b830b037	lui	x0,0xb830b	  x0=0x00000000
       53485000	      5249	800095b8	80fd	c.srli	x9,0x1f	  x9:0xfe3250d7  x9=0x00000001
       53495000	      5250	800095ba	e60d	c.bnez	x12,800095e4	 x12:0x00000000
       53505000	      5251	800095bc	8e45	c.or	x12,x9	 x12:0x00000000  x9:0x00000001 x12=0x00000001
       53515000	      5252	800095be	0ff0000f	fence	iorw,iorw	
       53525000	      5253	800095c2	03a84163	blt	x16,x26,800095e4	 x16:0x80025f30 x26:0x00000000
       53545000	      5255	800095e4	34002bf3	csrrs	x23,mscratch,x0	  x0:0x00000000 x23=0x00000014
       53555000	      5256	800095e8	ca05	c.beqz	x12,80009618	 x12:0x00000001
       53565000	      5257	800095ea	6ef22717	auipc	x14,0x6ef22	 x14=0xeef2b5ea
       53575000	      5258	800095ee	006535b3	sltu	x11,x10,x6	 x10:0x00000000  x6:0xffffffeb x11=0x00000001
       53615000	      5262	800095f2	0252b2b3	mulhu	x5,x5,x5	  x5:0x00000001  x5:0x00000001  x5=0x00000000
       53625000	      5263	800095f6	034fd163	bge	x31,x20,80009618	 x31:0xff60a000 x20:0x00000000
       53635000	      5264	800095fa	01f6a4b3	slt	x9,x13,x31	 x13:0x00000010 x31:0xff60a000  x9=0x00000000
       53645000	      5265	800095fe	03e5f663	bgeu	x11,x30,8000962a	 x11:0x00000001 x30:0xffb632a8
       53655000	      5266	80009602	340d7cf3	csrrci	x25,mscratch,26	 x25=0x00000014
       53665000	      5267	80009606	8cf9	c.and	x9,x14	  x9:0x00000000 x14:0xeef2b5ea  x9=0x00000000
       53675000	      5268	80009608	01819013	slli	x0,x3,0x18	  x3:0x000007a3  x0=0x00000000
       53685000	      5269	8000960c	0447d263	bge	x15,x4,80009650	 x15:0x80025ce4  x4:0x00000000
       53705000	      5271	80009610	034069b3	rem	x19,x0,x20	  x0:0x00000000 x20:0x00000000 x19=0x00000000
       53715000	      5272	80009614	31934f13	xori	x30,x6,793	  x6:0xffffffeb x30=0xfffffcf2
       53735000	      5274	80009618	02a74233	div	x4,x14,x10	 x14:0xeef2b5ea x10:0x00000000  x4=0xffffffff
       53745000	      5275	8000961c	8ee1	c.and	x13,x8	 x13:0x00000010  x8:0x000007a3 x13=0x00000000
       53755000	      5276	8000961e	00e92d33	slt	x26,x18,x14	 x18:0x000001dd x14:0xeef2b5ea x26=0x00000000
       53765000	      5277	80009622	0030d593	srli	x11,x1,0x3	  x1:0xfbb6d3c0 x11=0x1f76da78
       53775000	      5278	80009626	41025433	sra	x8,x4,x16	  x4:0xffffffff x16:0x80025f30  x8=0xffffffff
       53785000	      5279	8000962a	f39b8837	lui	x16,0xf39b8	 x16=0xf39b8000
       53795000	      5280	8000962e	ee05	c.bnez	x12,80009666	 x12:0x00000001
       53825000	      5283	80009666	bcbd7d13	andi	x26,x26,-1077	 x26:0x00000000 x26=0x00000000
       53835000	      5284	8000966a	009c1093	slli	x1,x24,0x9	 x24:0x00000001  x1=0x00000200
       53845000	      5285	8000966e	404c0a33	sub	x20,x24,x4	 x24:0x00000001  x4:0xffffffff x20=0x00000002
       53855000	      5286	80009672	0386f963	bgeu	x13,x24,800096a4	 x13:0x00000000 x24:0x00000001
       53875000	      5288	80009676	02a04433	div	x8,x0,x10	  x0:0x00000000 x10:0x00000000  x8=0xffffffff
       53885000	      5289	8000967a	956e	c.add	x10,x27	 x10:0x00000000 x27:0x00000013 x10=0x00000013
       53895000	      5290	8000967c	59b80093	addi	x1,x16,1435	 x16:0xf39b8000  x1=0xf39b859b
       53905000	      5291	80009680	34049e73	csrrw	x28,mscratch,x9	  x9:0x00000000 x28=0x00000004
       53915000	      5292	80009684	02fa7463	bgeu	x20,x15,800096ac	 x20:0x00000002 x15:0x80025ce4
       53925000	      5293	80009688	027bde63	bge	x23,x7,800096c4	 x23:0x00000014  x7:0x00000000
       53945000	      5295	800096c4	01aed863	bge	x29,x26,800096d4	 x29:0x00000001 x26:0x00000000
       53965000	      5297	800096d4	ce658b13	addi	x22,x11,-794	 x11:0x1f76da78 x22=0x1f76d75e
       53975000	      5298	800096d8	80b9	c.srli	x9,0xe	  x9:0x00000000  x9=0x00000000
       53985000	      5299	800096da	0375c063	blt	x11,x23,800096fa	 x11:0x1f76da78 x23:0x00000014
       53995000	      5300	800096de	039af263	bgeu	x21,x25,80009702	 x21:0x00000009 x25:0x00000014
       54005000	      5301	800096e2	8862	c.mv	x16,x24	  x0:0x00000000 x24:0x00000001 x16=0x00000001
       54015000	      5302	800096e4	34029773	csrrw	x14,mscratch,x5	  x5:0x00000000 x14=0x00000000
       54025000	      5303	800096e8	9c46	c.add	x24,x17	 x24:0x00000001 x17:0x00000008 x24=0x00000009
       54035000	      5304	800096ea	05d57163	bgeu	x10,x29,8000972c	 x10:0x00000013 x29:0x00000001
       54055000	      5306	8000972c	0069d333	srl	x6,x19,x6	 x19:0x00000000  x6:0xffffffeb  x6=0x00000000
       54065000	      5307	80009730	0186e633	or	x12,x13,x24	 x13:0x00000000 x24:0x00000009 x12=0x00000009
       54435000	      5344	80009734	02b2cfb3	div	x31,x5,x11	  x5:0x00000000 x11:0x1f76da78 x31=0x00000000
       54445000	      5345	80009738	34002773	csrrs	x14,mscratch,x0	  x0:0x00000000 x14=0x00000000
       54455000	      5346	8000973c	8cf9	c.and	x9,x14	  x9:0x00000000 x14:0x00000000  x9=0x00000000
       54465000	      5347	8000973e	8d65	c.and	x10,x9	 x10:0x00000013  x9:0x00000000 x10=0x00000000
       54475000	      5348	80009740	3408dd73	csrrwi	x26,mscratch,17	 x26=0x00000000
       54485000	      5349	80009744	0b5e	c.slli	x22,0x17	 x22:0x1f76d75e x22=0xaf000000
       54495000	      5350	80009746	0001	c.addi	x0,0	  x0:0x00000000  x0=0x00000000
       54505000	      5351	80009748	3409b6f3	csrrc	x13,mscratch,x19	 x19:0x00000000 x13=0x00000011
       54515000	      5352	8000974c	02365363	bge	x12,x3,80009772	 x12:0x00000009  x3:0x000007a3
       54525000	      5353	80009750	054d4363	blt	x26,x20,80009796	 x26:0x00000000 x20:0x00000002
       54585000	      5359	80009796	03bdb633	mulhu	x12,x27,x27	 x27:0x00000013 x27:0x00000013 x12=0x00000000
       54595000	      5360	8000979a	8771	c.srai	x14,0x1c	 x14:0x00000000 x14=0x00000000
       54605000	      5361	8000979c	984e	c.add	x16,x19	 x16:0x00000001 x19:0x00000000 x16=0x00000001
       54615000	      5362	8000979e	8c49	c.or	x8,x10	  x8:0xffffffff x10:0x00000000  x8=0xffffffff
       54625000	      5363	800097a0	0f8b3913	sltiu	x18,x22,248	 x22:0xaf000000 x18=0x00000000
       54635000	      5364	800097a4	012514b3	sll	x9,x10,x18	 x10:0x00000000 x18:0x00000000  x9=0x00000000
       54645000	      5365	800097a8	00a4e9b3	or	x19,x9,x10	  x9:0x00000000 x10:0x00000000 x19=0x00000000
       54655000	      5366	800097ac	8f19	c.sub	x14,x14	 x14:0x00000000 x14:0x00000000 x14=0x00000000
       54665000	      5367	800097ae	02ee8163	beq	x29,x14,800097d0	 x29:0x00000001 x14:0x00000000
       54675000	      5368	800097b2	8c6d	c.and	x8,x11	  x8:0xffffffff x11:0x1f76da78  x8=0x1f76da78
       54695000	      5370	800097b4	0332f1b3	remu	x3,x5,x19	  x5:0x00000000 x19:0x00000000  x3=0x00000000
       54705000	      5371	800097b8	00d293b3	sll	x7,x5,x13	  x5:0x00000000 x13:0x00000011  x7=0x00000000
       54745000	      5375	800097bc	020292b3	mulh	x5,x5,x0	  x5:0x00000000  x0:0x00000000  x5=0x00000000
       54755000	      5376	800097c0	34002573	csrrs	x10,mscratch,x0	  x0:0x00000000 x10=0x00000011
       54785000	      5379	800097c4	037d0d33	mul	x26,x26,x23	 x26:0x00000000 x23:0x00000014 x26=0x00000000
       54795000	      5380	800097c8	0248f563	bgeu	x17,x4,800097f2	 x17:0x00000008  x4:0xffffffff
       54805000	      5381	800097cc	3b6d3393	sltiu	x7,x26,950	 x26:0x00000000  x7=0x00000001
       54815000	      5382	800097d0	0149d2b3	srl	x5,x19,x20	 x19:0x00000000 x20:0x00000002  x5=0x00000000
       54825000	      5383	800097d4	01a018b3	sll	x17,x0,x26	  x0:0x00000000 x26:0x00000000 x17=0x00000000
       54835000	      5384	800097d8	8ef9	c.and	x13,x14	 x13:0x00000011 x14:0x00000000 x13=0x00000000
       54845000	      5385	800097da	d1362493	slti	x9,x12,-749	 x12:0x00000000  x9=0x00000000
       54875000	      5388	800097de	03a602b3	mul	x5,x12,x26	 x12:0x00000000 x26:0x00000000  x5=0x00000000
       54885000	      5389	800097e2	01c87863	bgeu	x16,x28,800097f2	 x16:0x00000001 x28:0x00000004
       54895000	      5390	800097e6	02cb1d63	bne	x22,x12,80009820	 x22:0xaf000000 x12:0x00000000
       54915000	      5392	80009820	018d55b3	srl	x11,x26,x24	 x26:0x00000000 x24:0x00000009 x11=0x00000000
       54925000	      5393	80009824	0147b4b3	sltu	x9,x15,x20	 x15:0x80025ce4 x20:0x00000002  x9=0x00000000
       54935000	      5394	80009828	f3d92813	slti	x16,x18,-195	 x18:0x00000000 x16=0x00000000
       54945000	      5395	8000982c	0000100f	fence.i	
       54965000	      5397	80009830	c80d	c.beqz	x8,80009862	  x8:0x1f76da78
       54975000	      5398	80009832	4e09	c.li	x28,2	 x28=0x00000002
       54985000	      5399	80009834	14b07c13	andi	x24,x0,331	  x0:0x00000000 x24=0x00000000
       54995000	      5400	80009838	969e	c.add	x13,x7	 x13:0x00000000  x7:0x00000001 x13=0x00000001
       55005000	      5401	8000983a	0001	c.addi	x0,0	  x0:0x00000000  x0=0x00000000
       55015000	      5402	8000983c	8d29	c.xor	x10,x10	 x10:0x00000011 x10:0x00000011 x10=0x00000000
       55025000	      5403	8000983e	0328c863	blt	x17,x18,8000986e	 x17:0x00000000 x18:0x00000000
       55035000	      5404	80009842	0127ddb3	srl	x27,x15,x18	 x15:0x80025ce4 x18:0x00000000 x27=0x80025ce4
       55045000	      5405	80009846	21727093	andi	x1,x4,535	  x4:0xffffffff  x1=0x00000217
       55055000	      5406	8000984a	340395f3	csrrw	x11,mscratch,x7	  x7:0x00000001 x11=0x00000011
       55065000	      5407	8000984e	01ac9eb3	sll	x29,x25,x26	 x25:0x00000014 x26:0x00000000 x29=0x00000014
       55075000	      5408	80009852	02984f63	blt	x16,x9,80009890	 x16:0x00000000  x9:0x00000000
       55085000	      5409	80009856	006712b3	sll	x5,x14,x6	 x14:0x00000000  x6:0x00000000  x5=0x00000000
       55115000	      5412	8000985a	02568033	mul	x0,x13,x5	 x13:0x00000001  x5:0x00000000  x0=0x00000000
       55125000	      5413	8000985e	340066f3	csrrsi	x13,mscratch,0	 x13=0x00000001
       55135000	      5414	80009862	8e85	c.sub	x13,x9	 x13:0x00000001  x9:0x00000000 x13=0x00000001
       55145000	      5415	80009864	8ec9	c.or	x13,x10	 x13:0x00000001 x10:0x00000000 x13=0x00000001
       55155000	      5416	80009866	0000100f	fence.i	
       55185000	      5419	8000986a	011858b3	srl	x17,x16,x17	 x16:0x00000000 x17:0x00000000 x17=0x00000000
       55195000	      5420	8000986e	8df9	c.and	x11,x14	 x11:0x00000011 x14:0x00000000 x11=0x00000000
       55205000	      5421	80009870	ed85	c.bnez	x11,800098a8	 x11:0x00000000
       55215000	      5422	80009872	340d51f3	csrrwi	x3,mscratch,26	  x3=0x00000001
       55225000	      5423	80009876	01177bb3	and	x23,x14,x17	 x14:0x00000000 x17:0x00000000 x23=0x00000000
       55265000	      5427	8000987a	0206ae33	mulhsu	x28,x13,x0	 x13:0x00000001  x0:0x00000000 x28=0x00000000
       55275000	      5428	8000987e	340074f3	csrrci	x9,mscratch,0	  x9=0x0000001a
       55285000	      5429	80009882	0026db63	bge	x13,x2,80009898	 x13:0x00000001  x2:0x80021e1c
       55305000	      5431	80009898	14fd	c.addi	x9,-1	  x9:0x0000001a  x9=0x00000019
       55315000	      5432	8000989a	008d13b3	sll	x7,x26,x8	 x26:0x00000000  x8:0x1f76da78  x7=0x00000000
       55325000	      5433	8000989e	1ffd	c.addi	x31,-1	 x31:0x00000000 x31=0xffffffff
       55335000	      5434	800098a0	966e	c.add	x12,x27	 x12:0x00000000 x27:0x80025ce4 x12=0x80025ce4
       55345000	      5435	800098a2	8045	c.srli	x8,0x11	  x8:0x1f76da78  x8=0x00000fbb
       55385000	      5439	800098a4	03c714b3	mulh	x9,x14,x28	 x14:0x00000000 x28:0x00000000  x9=0x00000000
       55395000	      5440	800098a8	0000100f	fence.i	
       55415000	      5442	800098ac	90fe	c.add	x1,x31	  x1:0x00000217 x31:0xffffffff  x1=0x00000216
       55425000	      5443	800098ae	0001	c.addi	x0,0	  x0:0x00000000  x0=0x00000000
       55435000	      5444	800098b0	0001	c.addi	x0,0	  x0:0x00000000  x0=0x00000000
       55455000	      5446	800098b2	0386f233	remu	x4,x13,x24	 x13:0x00000001 x24:0x00000000  x4=0x00000001
       55465000	      5447	800098b6	ea14b193	sltiu	x3,x9,-351	  x9:0x00000000  x3=0x00000001
       55485000	      5449	800098ba	031bce33	div	x28,x23,x17	 x23:0x00000000 x17:0x00000000 x28=0xffffffff
       55495000	      5450	800098be	34052973	csrrs	x18,mscratch,x10	 x10:0x00000000 x18=0x0000001a
       55505000	      5451	800098c2	0373e013	ori	x0,x7,55	  x7:0x00000000  x0=0x00000000
       55515000	      5452	800098c6	011783b3	add	x7,x15,x17	 x15:0x80025ce4 x17:0x00000000  x7=0x80025ce4
       55525000	      5453	800098ca	73436193	ori	x3,x6,1844	  x6:0x00000000  x3=0x00000734
       55535000	      5454	800098ce	005d3db3	sltu	x27,x26,x5	 x26:0x00000000  x5:0x00000000 x27=0x00000000
       55545000	      5455	800098d2	8622	c.mv	x12,x8	  x0:0x00000000  x8:0x00000fbb x12=0x00000fbb
       55555000	      5456	800098d4	0b26	c.slli	x22,0x9	 x22:0xaf000000 x22=0x00000000
       55565000	      5457	800098d6	340b3973	csrrc	x18,mscratch,x22	 x22:0x00000000 x18=0x0000001a
       55605000	      5461	800098da	02619eb3	mulh	x29,x3,x6	  x3:0x00000734  x6:0x00000000 x29=0x00000000
       55645000	      5465	800098de	031a3833	mulhu	x16,x20,x17	 x20:0x00000002 x17:0x00000000 x16=0x00000000
       55655000	      5466	800098e2	340ff1f3	csrrci	x3,mscratch,31	  x3=0x0000001a
       55665000	      5467	800098e6	016fc433	xor	x8,x31,x22	 x31:0xffffffff x22:0x00000000  x8=0xffffffff
       55675000	      5468	800098ea	00a54033	xor	x0,x10,x10	 x10:0x00000000 x10:0x00000000  x0=0x00000000
       55685000	      5469	800098ee	000b1f13	slli	x30,x22,0x0	 x22:0x00000000 x30=0x00000000
       55695000	      5470	800098f2	077d	c.addi	x14,31	 x14:0x00000000 x14=0x0000001f
       56065000	      5507	800098f4	02eaf6b3	remu	x13,x21,x14	 x21:0x00000009 x14:0x0000001f x13=0x00000009
       56075000	      5508	800098f8	8145	c.srli	x10,0x11	 x10:0x00000000 x10=0x00000000
       56115000	      5512	800098fa	02871db3	mulh	x27,x14,x8	 x14:0x0000001f  x8:0xffffffff x27=0xffffffff
       56485000	      5549	800098fe	02fecf33	div	x30,x29,x15	 x29:0x00000000 x15:0x80025ce4 x30=0x00000000
       56495000	      5550	80009902	417480b3	sub	x1,x9,x23	  x9:0x00000000 x23:0x00000000  x1=0x00000000
       56505000	      5551	80009906	02d6	c.slli	x5,0x15	  x5:0x00000000  x5=0x00000000
       56515000	      5552	80009908	340071f3	csrrci	x3,mscratch,0	  x3=0x00000000
       56525000	      5553	8000990c	01461993	slli	x19,x12,0x14	 x12:0x00000fbb x19=0xfbb00000
       56555000	      5556	80009910	025c88b3	mul	x17,x25,x5	 x25:0x00000014  x5:0x00000000 x17=0x00000000
       56565000	      5557	80009914	c1a9	c.beqz	x11,80009956	 x11:0x00000000
       56595000	      5560	80009956	41dd5e93	srai	x29,x26,0x1d	 x26:0x00000000 x29=0x00000000
       56605000	      5561	8000995a	00ed1313	slli	x6,x26,0xe	 x26:0x00000000  x6=0x00000000
       56615000	      5562	8000995e	cae17193	andi	x3,x2,-850	  x2:0x80021e1c  x3=0x80021c0c
       56625000	      5563	80009962	005a8633	add	x12,x21,x5	 x21:0x00000009  x5:0x00000000 x12=0x00000009
       56665000	      5567	80009966	032ca1b3	mulhsu	x3,x25,x18	 x25:0x00000014 x18:0x0000001a  x3=0x00000000
       56675000	      5568	8000996a	340030f3	csrrc	x1,mscratch,x0	  x0:0x00000000  x1=0x00000000
       56685000	      5569	8000996e	408d0233	sub	x4,x26,x8	 x26:0x00000000  x8:0xffffffff  x4=0x00000001
       56695000	      5570	80009972	01045213	srli	x4,x8,0x10	  x8:0xffffffff  x4=0x0000ffff
       56705000	      5571	80009976	340c7d73	csrrci	x26,mscratch,24	 x26=0x00000000
       56715000	      5572	8000997a	41815593	srai	x11,x2,0x18	  x2:0x80021e1c x11=0xffffff80
       56725000	      5573	8000997e	a62b3413	sltiu	x8,x22,-1438	 x22:0x00000000  x8=0x00000001
       56735000	      5574	80009982	85bd	c.srai	x11,0xf	 x11:0xffffff80 x11=0xffffffff
       56745000	      5575	80009984	015a5213	srli	x4,x20,0x15	 x20:0x00000002  x4=0x00000000
       56755000	      5576	80009988	00775533	srl	x10,x14,x7	 x14:0x0000001f  x7:0x80025ce4 x10=0x00000001
       56765000	      5577	8000998c	0001	c.addi	x0,0	  x0:0x00000000  x0=0x00000000
       56775000	      5578	8000998e	dde0b013	sltiu	x0,x1,-546	  x1:0x00000000  x0=0x00000000
       56785000	      5579	80009992	8039	c.srli	x8,0xe	  x8:0x00000001  x8=0x00000000
       57155000	      5616	80009994	027eefb3	rem	x31,x29,x7	 x29:0x00000000  x7:0x80025ce4 x31=0x00000000
       57165000	      5617	80009998	16fd	c.addi	x13,-1	 x13:0x00000009 x13=0x00000008
       57175000	      5618	8000999a	8f7d	c.and	x14,x15	 x14:0x0000001f x15:0x80025ce4 x14=0x00000004
       57185000	      5619	8000999c	f4206f13	ori	x30,x0,-190	  x0:0x00000000 x30=0xffffff42
       57195000	      5620	800099a0	03008563	beq	x1,x16,800099ca	  x1:0x00000000 x16:0x00000000
       57225000	      5623	800099ca	03685a63	bge	x16,x22,800099fe	 x16:0x00000000 x22:0x00000000
       57245000	      5625	800099fe	8e45	c.or	x12,x9	 x12:0x00000009  x9:0x00000000 x12=0x00000009
       57255000	      5626	80009a00	0000100f	fence.i	
       57275000	      5628	80009a04	41a7ddb3	sra	x27,x15,x26	 x15:0x80025ce4 x26:0x00000000 x27=0x80025ce4
       57285000	      5629	80009a08	0000100f	fence.i	
       57305000	      5631	80009a0c	464d	c.li	x12,19	 x12=0x00000013
       57315000	      5632	80009a0e	004fdf93	srli	x31,x31,0x4	 x31:0x00000000 x31=0x00000000
       57325000	      5633	80009a12	7c443b13	sltiu	x22,x8,1988	  x8:0x00000000 x22=0x00000001
       57365000	      5637	80009a16	026d23b3	mulhsu	x7,x26,x6	 x26:0x00000000  x6:0x00000000  x7=0x00000000
       57375000	      5638	80009a1a	34006373	csrrsi	x6,mscratch,0	  x6=0x00000000
       57385000	      5639	80009a1e	8dc1	c.or	x11,x8	 x11:0xffffffff  x8:0x00000000 x11=0xffffffff
       57395000	      5640	80009a20	02b79663	bne	x15,x11,80009a4c	 x15:0x80025ce4 x11:0xffffffff
       57415000	      5642	80009a4c	00241493	slli	x9,x8,0x2	  x8:0x00000000  x9=0x00000000
       57425000	      5643	80009a50	407fde93	srai	x29,x31,0x7	 x31:0x00000000 x29=0x00000000
       57435000	      5644	80009a54	01ab8c33	add	x24,x23,x26	 x23:0x00000000 x26:0x00000000 x24=0x00000000
       57445000	      5645	80009a58	8efd	c.and	x13,x15	 x13:0x00000008 x15:0x80025ce4 x13=0x00000000
       57455000	      5646	80009a5a	b792fc13	andi	x24,x5,-1159	  x5:0x00000000 x24=0x00000000
       57465000	      5647	80009a5e	01163333	sltu	x6,x12,x17	 x12:0x00000013 x17:0x00000000  x6=0x00000000
       57475000	      5648	80009a62	567d	c.li	x12,-1	 x12=0xffffffff
       57485000	      5649	80009a64	00d15433	srl	x8,x2,x13	  x2:0x80021e1c x13:0x00000000  x8=0x80021e1c
       57495000	      5650	80009a68	8ced	c.and	x9,x11	  x9:0x00000000 x11:0xffffffff  x9=0x00000000
       57505000	      5651	80009a6a	0001	c.addi	x0,0	  x0:0x00000000  x0=0x00000000
       57515000	      5652	80009a6c	026ae463	bltu	x21,x6,80009a94	 x21:0x00000009  x6:0x00000000
       57885000	      5689	80009a70	035d74b3	remu	x9,x26,x21	 x26:0x00000000 x21:0x00000009  x9=0x00000000
       57895000	      5690	80009a74	0000100f	fence.i	
       57915000	      5692	80009a78	006b43b3	xor	x7,x22,x6	 x22:0x00000001  x6:0x00000000  x7=0x00000001
       57925000	      5693	80009a7c	00cd9e33	sll	x28,x27,x12	 x27:0x80025ce4 x12:0xffffffff x28=0x00000000
       57935000	      5694	80009a80	01674533	xor	x10,x14,x22	 x14:0x00000004 x22:0x00000001 x10=0x00000005
       57945000	      5695	80009a84	0000100f	fence.i	
       57965000	      5697	80009a88	34002ff3	csrrs	x31,mscratch,x0	  x0:0x00000000 x31=0x00000000
       57975000	      5698	80009a8c	6d98c813	xori	x16,x17,1753	 x17:0x00000000 x16=0x000006d9
       57985000	      5699	80009a90	9656efb7	lui	x31,0x9656e	 x31=0x9656e000
       57995000	      5700	80009a94	6197c693	xori	x13,x15,1561	 x15:0x80025ce4 x13=0x80025afd
       58005000	      5701	80009a98	340d7773	csrrci	x14,mscratch,26	 x14=0x00000000
       58045000	      5705	80009a9c	03441433	mulh	x8,x8,x20	  x8:0x80021e1c x20:0x00000002  x8=0xffffffff
       58055000	      5706	80009aa0	00065693	srli	x13,x12,0x0	 x12:0xffffffff x13=0xffffffff
       58095000	      5710	80009aa4	02431cb3	mulh	x25,x6,x4	  x6:0x00000000  x4:0x00000000 x25=0x00000000
       58135000	      5714	80009aa8	03893a33	mulhu	x20,x18,x24	 x18:0x0000001a x24:0x00000000 x20=0x00000000
       58145000	      5715	80009aac	0185dd33	srl	x26,x11,x24	 x11:0xffffffff x24:0x00000000 x26=0xffffffff
       58515000	      5752	80009ab0	027a7833	remu	x16,x20,x7	 x20:0x00000000  x7:0x00000001 x16=0x00000000
       58525000	      5753	80009ab4	01f39193	slli	x3,x7,0x1f	  x7:0x00000001  x3=0x80000000
       58535000	      5754	80009ab8	8dc5	c.or	x11,x9	 x11:0xffffffff  x9:0x00000000 x11=0xffffffff
       58545000	      5755	80009aba	00de78b3	and	x17,x28,x13	 x28:0x00000000 x13:0xffffffff x17=0x00000000
       58555000	      5756	80009abe	98b2	c.add	x17,x12	 x17:0x00000000 x12:0xffffffff x17=0xffffffff
       58565000	      5757	80009ac0	01e40a33	add	x20,x8,x30	  x8:0xffffffff x30:0xffffff42 x20=0xffffff41
       58575000	      5758	80009ac4	41155c13	srai	x24,x10,0x11	 x10:0x00000005 x24=0x00000000
       58585000	      5759	80009ac8	34007d73	csrrci	x26,mscratch,0	 x26=0x00000000
       58625000	      5763	80009acc	020116b3	mulh	x13,x2,x0	  x2:0x80021e1c  x0:0x00000000 x13=0x00000000
       58635000	      5764	80009ad0	340a9f73	csrrw	x30,mscratch,x21	 x21:0x00000009 x30=0x00000000
       58645000	      5765	80009ad4	051c0263	beq	x24,x17,80009b18	 x24:0x00000000 x17:0xffffffff
       59015000	      5802	80009ad8	02b1eb33	rem	x22,x3,x11	  x3:0x80000000 x11:0xffffffff x22=0x00000000
       59025000	      5803	80009adc	408ddc93	srai	x25,x27,0x8	 x27:0x80025ce4 x25=0xff80025c
       59035000	      5804	80009ae0	c3567613	andi	x12,x12,-971	 x12:0xffffffff x12=0xfffffc35
       59045000	      5805	80009ae4	01ce80b3	add	x1,x29,x28	 x29:0x00000000 x28:0x00000000  x1=0x00000000
       59085000	      5809	80009ae8	035f2bb3	mulhsu	x23,x30,x21	 x30:0x00000000 x21:0x00000009 x23=0x00000000
       59125000	      5813	80009aec	03061e33	mulh	x28,x12,x16	 x12:0xfffffc35 x16:0x00000000 x28=0x00000000
       59135000	      5814	80009af0	8edd	c.or	x13,x15	 x13:0x00000000 x15:0x80025ce4 x13=0x80025ce4
       59145000	      5815	80009af2	0304d163	bge	x9,x16,80009b14	  x9:0x00000000 x16:0x00000000
       59195000	      5820	80009b14	0271ae33	mulhsu	x28,x3,x7	  x3:0x80000000  x7:0x00000001 x28=0xffffffff
       59205000	      5821	80009b18	0001	c.addi	x0,0	  x0:0x00000000  x0=0x00000000
       59215000	      5822	80009b1a	34085573	csrrwi	x10,mscratch,16	 x10=0x00000009
       59585000	      5859	80009b1e	02da4bb3	div	x23,x20,x13	 x20:0xffffff41 x13:0x80025ce4 x23=0x00000000
       59595000	      5860	80009b22	8f2d	c.xor	x14,x11	 x14:0x00000000 x11:0xffffffff x14=0xffffffff
       59605000	      5861	80009b24	408dd933	sra	x18,x27,x8	 x27:0x80025ce4  x8:0xffffffff x18=0xffffffff
       59615000	      5862	80009b28	4164d593	srai	x11,x9,0x16	  x9:0x00000000 x11=0x00000000
       59625000	      5863	80009b2c	02a5f963	bgeu	x11,x10,80009b5e	 x11:0x00000000 x10:0x00000009
       59635000	      5864	80009b30	8425	c.srai	x8,0x9	  x8:0xffffffff  x8=0xffffffff
       59645000	      5865	80009b32	93964f17	auipc	x30,0x93964	 x30=0x1396db32
       60015000	      5902	80009b36	02d9e4b3	rem	x9,x19,x13	 x19:0xfbb00000 x13:0x80025ce4  x9=0xfbb00000
       60025000	      5903	80009b3a	41f1de33	sra	x28,x3,x31	  x3:0x80000000 x31:0x9656e000 x28=0x80000000
       60035000	      5904	80009b3e	58fd	c.li	x17,-1	 x17=0xffffffff
       60045000	      5905	80009b40	00428533	add	x10,x5,x4	  x5:0x00000000  x4:0x00000000 x10=0x00000000
       60055000	      5906	80009b44	01c76f63	bltu	x14,x28,80009b62	 x14:0xffffffff x28:0x80000000
       60065000	      5907	80009b48	e129	c.bnez	x10,80009b8a	 x10:0x00000000
       60075000	      5908	80009b4a	340022f3	csrrs	x5,mscratch,x0	  x0:0x00000000  x5=0x00000010
       60085000	      5909	80009b4e	8705	c.srai	x14,0x1	 x14:0xffffffff x14=0xffffffff
       60095000	      5910	80009b50	4f71	c.li	x30,28	 x30=0x0000001c
       60465000	      5947	80009b52	02287f33	remu	x30,x16,x2	 x16:0x00000000  x2:0x80021e1c x30=0x00000000
       60475000	      5948	80009b56	5b760513	addi	x10,x12,1463	 x12:0xfffffc35 x10=0x000001ec
       60485000	      5949	80009b5a	02ccdd63	bge	x25,x12,80009b94	 x25:0xff80025c x12:0xfffffc35
       60495000	      5950	80009b5e	340b6ef3	csrrsi	x29,mscratch,22	 x29=0x00000010
       60505000	      5951	80009b62	0001	c.addi	x0,0	  x0:0x00000000  x0=0x00000000
       60515000	      5952	80009b64	2dd813b7	lui	x7,0x2dd81	  x7=0x2dd81000
       60525000	      5953	80009b68	3407e373	csrrsi	x6,mscratch,15	  x6=0x00000016
       60535000	      5954	80009b6c	00c1d213	srli	x4,x3,0xc	  x3:0x80000000  x4=0x00080000
       60545000	      5955	80009b70	64f9	c.lui	x9,0x1e	  x9=0x0001e000
       60555000	      5956	80009b72	340616f3	csrrw	x13,mscratch,x12	 x12:0xfffffc35 x13=0x0000001f
       60565000	      5957	80009b76	6305	c.lui	x6,0x1	  x6=0x00001000
       60575000	      5958	80009b78	0001	c.addi	x0,0	  x0:0x00000000  x0=0x00000000
       60585000	      5959	80009b7a	143b6e13	ori	x28,x22,323	 x22:0x00000000 x28=0x00000143
       60595000	      5960	80009b7e	27ed7b93	andi	x23,x26,638	 x26:0x00000000 x23=0x00000000
       60605000	      5961	80009b82	0029d993	srli	x19,x19,0x2	 x19:0xfbb00000 x19=0x3eec0000
       60615000	      5962	80009b86	0ff0000f	fence	iorw,iorw	
       60625000	      5963	80009b8a	01747bb3	and	x23,x8,x23	  x8:0xffffffff x23:0x00000000 x23=0x00000000
       60635000	      5964	80009b8e	022b6363	bltu	x22,x2,80009bb4	 x22:0x00000000  x2:0x80021e1c
       60655000	      5966	80009bb4	4d90b313	sltiu	x6,x1,1241	  x1:0x00000000  x6=0x00000001
       60665000	      5967	80009bb8	e515	c.bnez	x10,80009be4	 x10:0x000001ec
       60685000	      5969	80009be4	34002373	csrrs	x6,mscratch,x0	  x0:0x00000000  x6=0xfffffc35
       60695000	      5970	80009be8	02f3de63	bge	x7,x15,80009c24	  x7:0x2dd81000 x15:0x80025ce4
       60715000	      5972	80009c24	0001	c.addi	x0,0	  x0:0x00000000  x0=0x00000000
       60725000	      5973	80009c26	8d61	c.and	x10,x8	 x10:0x000001ec  x8:0xffffffff x10=0x000001ec
       60735000	      5974	80009c28	177d	c.addi	x14,-1	 x14:0xffffffff x14=0xfffffffe
       60775000	      5978	80009c2a	022e9233	mulh	x4,x29,x2	 x29:0x00000010  x2:0x80021e1c  x4=0xfffffff8
       60785000	      5979	80009c2e	340c9773	csrrw	x14,mscratch,x25	 x25:0xff80025c x14=0xfffffc35
       60795000	      5980	80009c32	8d01	c.sub	x10,x8	 x10:0x000001ec  x8:0xffffffff x10=0x000001ed
       60805000	      5981	80009c34	01bf8f33	add	x30,x31,x27	 x31:0x9656e000 x27:0x80025ce4 x30=0x16593ce4
       60815000	      5982	80009c38	00189c13	slli	x24,x17,0x1	 x17:0xffffffff x24=0xfffffffe
       60825000	      5983	80009c3c	011c8663	beq	x25,x17,80009c48	 x25:0xff80025c x17:0xffffffff
       60835000	      5984	80009c40	41170eb3	sub	x29,x14,x17	 x14:0xfffffc35 x17:0xffffffff x29=0xfffffc36
       60845000	      5985	80009c44	1a87b413	sltiu	x8,x15,424	 x15:0x80025ce4  x8=0x00000000
       60855000	      5986	80009c48	860c4613	xori	x12,x24,-1952	 x24:0xfffffffe x12=0x0000079e
       60865000	      5987	80009c4c	0000100f	fence.i	
       60885000	      5989	80009c50	0072e9b3	or	x19,x5,x7	  x5:0x00000010  x7:0x2dd81000 x19=0x2dd81010
       60895000	      5990	80009c54	7a24f713	andi	x14,x9,1954	  x9:0x0001e000 x14=0x00000000
       60905000	      5991	80009c58	00a2	c.slli	x1,0x8	  x1:0x00000000  x1=0x00000000
       60915000	      5992	80009c5a	0328fa63	bgeu	x17,x18,80009c8e	 x17:0xffffffff x18:0xffffffff
       60945000	      5995	80009c8e	01c46433	or	x8,x8,x28	  x8:0x00000000 x28:0x00000143  x8=0x00000143
       60955000	      5996	80009c92	01b39833	sll	x16,x7,x27	  x7:0x2dd81000 x27:0x80025ce4 x16=0xdd810000
       61325000	      6033	80009c96	03ccf6b3	remu	x13,x25,x28	 x25:0xff80025c x28:0x00000143 x13=0x00000067
       61335000	      6034	80009c9a	00bf8013	addi	x0,x31,11	 x31:0x9656e000  x0=0x00000000
       61345000	      6035	80009c9e	96be	c.add	x13,x15	 x13:0x00000067 x15:0x80025ce4 x13=0x80025d4b
       61355000	      6036	80009ca0	03816763	bltu	x2,x24,80009cce	  x2:0x80021e1c x24:0xfffffffe
       61385000	      6039	80009cce	34022bf3	csrrs	x23,mscratch,x4	  x4:0xfffffff8 x23=0xff80025c
       61425000	      6043	80009cd2	0399adb3	mulhsu	x27,x19,x25	 x19:0x2dd81010 x25:0xff80025c x27=0x2dc12474
       61435000	      6044	80009cd6	01357b63	bgeu	x10,x19,80009cec	 x10:0x000001ed x19:0x2dd81010
       61445000	      6045	80009cda	01981fb3	sll	x31,x16,x25	 x16:0xdd810000 x25:0xff80025c x31=0x00000000
       61455000	      6046	80009cde	00a7b833	sltu	x16,x15,x10	 x15:0x80025ce4 x10:0x000001ed x16=0x00000000
       61465000	      6047	80009ce2	0001	c.addi	x0,0	  x0:0x00000000  x0=0x00000000
       61475000	      6048	80009ce4	4d9c8093	addi	x1,x25,1241	 x25:0xff80025c  x1=0xff800735
       61485000	      6049	80009ce8	011990b3	sll	x1,x19,x17	 x19:0x2dd81010 x17:0xffffffff  x1=0x00000000
       61495000	      6050	80009cec	05ee4c63	blt	x28,x30,80009d44	 x28:0x00000143 x30:0x16593ce4
       61515000	      6052	80009d44	00a77f33	and	x30,x14,x10	 x14:0x00000000 x10:0x000001ed x30=0x00000000
       61525000	      6053	80009d48	8039	c.srli	x8,0xe	  x8:0x00000143  x8=0x00000000
       61535000	      6054	80009d4a	010a5d93	srli	x27,x20,0x10	 x20:0xffffff41 x27=0x0000ffff
       61545000	      6055	80009d4e	03c2f363	bgeu	x5,x28,80009d74	  x5:0x00000010 x28:0x00000143
       61555000	      6056	80009d52	34035973	csrrwi	x18,mscratch,6	 x18=0xfffffffc
       61565000	      6057	80009d56	41cddf33	sra	x30,x27,x28	 x27:0x0000ffff x28:0x00000143 x30=0x00001fff
       61575000	      6058	80009d5a	340393f3	csrrw	x7,mscratch,x7	  x7:0x2dd81000  x7=0x00000006
       61585000	      6059	80009d5e	00859a13	slli	x20,x11,0x8	 x11:0x00000000 x20=0x00000000
       61595000	      6060	80009d62	9a7d	c.andi	x12,-1	 x12:0x0000079e x12=0x0000079e
       61605000	      6061	80009d64	8eb9	c.xor	x13,x14	 x13:0x80025d4b x14:0x00000000 x13=0x80025d4b
       61615000	      6062	80009d66	34086cf3	csrrsi	x25,mscratch,16	 x25=0x2dd81000
       61635000	      6064	80009d6a	02e673b3	remu	x7,x12,x14	 x12:0x0000079e x14:0x00000000  x7=0x0000079e
       61645000	      6065	80009d6e	00791533	sll	x10,x18,x7	 x18:0xfffffffc  x7:0x0000079e x10=0x00000000
       61655000	      6066	80009d72	ec0d	c.bnez	x8,80009dac	  x8:0x00000000
       61665000	      6067	80009d74	04a71163	bne	x14,x10,80009db6	 x14:0x00000000 x10:0x00000000
       61675000	      6068	80009d78	8ed9	c.or	x13,x14	 x13:0x80025d4b x14:0x00000000 x13=0x80025d4b
       61685000	      6069	80009d7a	f4077e93	andi	x29,x14,-192	 x14:0x00000000 x29=0x00000000
       61695000	      6070	80009d7e	0001	c.addi	x0,0	  x0:0x00000000  x0=0x00000000
       61715000	      6072	80009d80	0217c733	div	x14,x15,x1	 x15:0x80025ce4  x1:0x00000000 x14=0xffffffff
       61725000	      6073	80009d84	bee215b7	lui	x11,0xbee21	 x11=0xbee21000
       61765000	      6077	80009d88	03013eb3	mulhu	x29,x2,x16	  x2:0x80021e1c x16:0x00000000 x29=0x00000000
       61775000	      6078	80009d8c	00d6b533	sltu	x10,x13,x13	 x13:0x80025d4b x13:0x80025d4b x10=0x00000000
       61785000	      6079	80009d90	0ec6	c.slli	x29,0x11	 x29:0x00000000 x29=0x00000000
       61825000	      6083	80009d92	0387b4b3	mulhu	x9,x15,x24	 x15:0x80025ce4 x24:0xfffffffe  x9=0x80025ce2
       61865000	      6087	80009d96	03e72e33	mulhsu	x28,x14,x30	 x14:0xffffffff x30:0x00001fff x28=0xffffffff
       61875000	      6088	80009d9a	340819f3	csrrw	x19,mscratch,x16	 x16:0x00000000 x19=0x2dd81010
       61885000	      6089	80009d9e	0165e433	or	x8,x11,x22	 x11:0xbee21000 x22:0x00000000  x8=0xbee21000
       61895000	      6090	80009da2	597d	c.li	x18,-1	 x18=0xffffffff
       61905000	      6091	80009da4	40498fb3	sub	x31,x19,x4	 x19:0x2dd81010  x4:0xfffffff8 x31=0x2dd81018
       62275000	      6128	80009da8	03c1ffb3	remu	x31,x3,x28	  x3:0x80000000 x28:0xffffffff x31=0x80000000
       62285000	      6129	80009dac	8d01	c.sub	x10,x8	 x10:0x00000000  x8:0xbee21000 x10=0x411df000
       62295000	      6130	80009dae	34002c73	csrrs	x24,mscratch,x0	  x0:0x00000000 x24=0x00000000
       62305000	      6131	80009db2	8da5	c.xor	x11,x9	 x11:0xbee21000  x9:0x80025ce2 x11=0x3ee04ce2
       62315000	      6132	80009db4	8d41	c.or	x10,x8	 x10:0x411df000  x8:0xbee21000 x10=0xfffff000
       62685000	      6169	80009db6	0285ffb3	remu	x31,x11,x8	 x11:0x3ee04ce2  x8:0xbee21000 x31=0x3ee04ce2
       62695000	      6170	80009dba	34002cf3	csrrs	x25,mscratch,x0	  x0:0x00000000 x25=0x00000000
       62705000	      6171	80009dbe	010bdf93	srli	x31,x23,0x10	 x23:0xff80025c x31=0x0000ff80
       62715000	      6172	80009dc2	8595	c.srai	x11,0x5	 x11:0x3ee04ce2 x11=0x01f70267
       63085000	      6209	80009dc4	02fbf533	remu	x10,x23,x15	 x23:0xff80025c x15:0x80025ce4 x10=0x7f7da578
       63095000	      6210	80009dc8	0058b6b3	sltu	x13,x17,x5	 x17:0xffffffff  x5:0x00000010 x13=0x00000000
       63105000	      6211	80009dcc	167d	c.addi	x12,-1	 x12:0x0000079e x12=0x0000079d
       63115000	      6212	80009dce	002dc3b3	xor	x7,x27,x2	 x27:0x0000ffff  x2:0x80021e1c  x7=0x8002e1e3
       63125000	      6213	80009dd2	010f6b33	or	x22,x30,x16	 x30:0x00001fff x16:0x00000000 x22=0x00001fff
       63135000	      6214	80009dd6	414954b3	sra	x9,x18,x20	 x18:0xffffffff x20:0x00000000  x9=0xffffffff
       63145000	      6215	80009dda	00e79433	sll	x8,x15,x14	 x15:0x80025ce4 x14:0xffffffff  x8=0x00000000
       63155000	      6216	80009dde	0000100f	fence.i	
       63175000	      6218	80009de2	0001	c.addi	x0,0	  x0:0x00000000  x0=0x00000000
       63185000	      6219	80009de4	e4167937	lui	x18,0xe4167	 x18=0xe4167000
       63195000	      6220	80009de8	9d243093	sltiu	x1,x8,-1582	  x8:0x00000000  x1=0x00000001
       63205000	      6221	80009dec	0001	c.addi	x0,0	  x0:0x00000000  x0=0x00000000
       63215000	      6222	80009dee	40895cb3	sra	x25,x18,x8	 x18:0xe4167000  x8:0x00000000 x25=0xe4167000
       63225000	      6223	80009df2	340072f3	csrrci	x5,mscratch,0	  x5=0x00000000
       63235000	      6224	80009df6	40145833	sra	x16,x8,x1	  x8:0x00000000  x1:0x00000001 x16=0x00000000
       63605000	      6261	80009dfa	03c0db33	divu	x22,x1,x28	  x1:0x00000001 x28:0xffffffff x22=0x00000000
       63615000	      6262	80009dfe	840a	c.mv	x8,x2	  x0:0x00000000  x2:0x80021e1c  x8=0x80021e1c
       63625000	      6263	80009e00	00526bb3	or	x23,x4,x5	  x4:0xfffffff8  x5:0x00000000 x23=0xfffffff8
       63635000	      6264	80009e04	012dcc63	blt	x27,x18,80009e1c	 x27:0x0000ffff x18:0xe4167000
       63645000	      6265	80009e08	0ff0000f	fence	iorw,iorw	
       63655000	      6266	80009e0c	340dfef3	csrrci	x29,mscratch,27	 x29=0x00000000
       63665000	      6267	80009e10	0ed6	c.slli	x29,0x15	 x29:0x00000000 x29=0x00000000
       63675000	      6268	80009e12	0046cd33	xor	x26,x13,x4	 x13:0x00000000  x4:0xfffffff8 x26=0xfffffff8
       63685000	      6269	80009e16	0387e313	ori	x6,x15,56	 x15:0x80025ce4  x6=0x80025cfc
       63695000	      6270	80009e1a	8c71	c.and	x8,x12	  x8:0x80021e1c x12:0x0000079d  x8=0x0000061c
       63705000	      6271	80009e1c	01cc5db3	srl	x27,x24,x28	 x24:0x00000000 x28:0xffffffff x27=0x00000000
       63715000	      6272	80009e20	018d9533	sll	x10,x27,x24	 x27:0x00000000 x24:0x00000000 x10=0x00000000
       63725000	      6273	80009e24	843d	c.srai	x8,0xf	  x8:0x0000061c  x8=0x00000000
       63735000	      6274	80009e26	8231	c.srli	x12,0xc	 x12:0x0000079d x12=0x00000000
       63745000	      6275	80009e28	00e29513	slli	x10,x5,0xe	  x5:0x00000000 x10=0x00000000
       63755000	      6276	80009e2c	006dc763	blt	x27,x6,80009e3a	 x27:0x00000000  x6:0x80025cfc
       63765000	      6277	80009e30	0001	c.addi	x0,0	  x0:0x00000000  x0=0x00000000
       63775000	      6278	80009e32	340e3ff3	csrrc	x31,mscratch,x28	 x28:0xffffffff x31=0x00000000
       63785000	      6279	80009e36	8f19	c.sub	x14,x14	 x14:0xffffffff x14:0xffffffff x14=0x00000000
       63795000	      6280	80009e38	6191	c.lui	x3,0x4	  x3=0x00004000
       63805000	      6281	80009e3a	870d	c.srai	x14,0x3	 x14:0x00000000 x14=0x00000000
       63815000	      6282	80009e3c	ca81	c.beqz	x13,80009e4c	 x13:0x00000000
       63835000	      6284	80009e4c	34007a73	csrrci	x20,mscratch,0	 x20=0x00000000
       63845000	      6285	80009e50	013c9993	slli	x19,x25,0x13	 x25:0xe4167000 x19=0x80000000
       63855000	      6286	80009e54	008994b3	sll	x9,x19,x8	 x19:0x80000000  x8:0x00000000  x9=0x80000000
       63865000	      6287	80009e58	8725	c.srai	x14,0x9	 x14:0x00000000 x14=0x00000000
       63875000	      6288	80009e5a	0000100f	fence.i	
       63905000	      6291	80009e5e	00a40233	add	x4,x8,x10	  x8:0x00000000 x10:0x00000000  x4=0x00000000
       63915000	      6292	80009e62	8f2d	c.xor	x14,x11	 x14:0x00000000 x11:0x01f70267 x14=0x01f70267
       63925000	      6293	80009e64	3406d873	csrrwi	x16,mscratch,13	 x16=0x00000000
       63935000	      6294	80009e68	340664f3	csrrsi	x9,mscratch,12	  x9=0x0000000d
       64305000	      6331	80009e6c	0351e6b3	rem	x13,x3,x21	  x3:0x00004000 x21:0x00000009 x13=0x00000004
       64315000	      6332	80009e70	40d481b3	sub	x3,x9,x13	  x9:0x0000000d x13:0x00000004  x3=0x00000009
       64325000	      6333	80009e74	010890b3	sll	x1,x17,x16	 x17:0xffffffff x16:0x00000000  x1=0xffffffff
       64335000	      6334	80009e78	b3c28893	addi	x17,x5,-1220	  x5:0x00000000 x17=0xfffffb3c
       64345000	      6335	80009e7c	3405b973	csrrc	x18,mscratch,x11	 x11:0x01f70267 x18=0x0000000d
       64385000	      6339	80009e80	030895b3	mulh	x11,x17,x16	 x17:0xfffffb3c x16:0x00000000 x11=0x00000000
       64395000	      6340	80009e84	8049	c.srli	x8,0x12	  x8:0x00000000  x8=0x00000000
       64435000	      6344	80009e86	0313a933	mulhsu	x18,x7,x17	  x7:0x8002e1e3 x17:0xfffffb3c x18=0x8002e444
       64445000	      6345	80009e8a	9f46	c.add	x30,x17	 x30:0x00001fff x17:0xfffffb3c x30=0x00001b3b
       64475000	      6348	80009e8c	03f60333	mul	x6,x12,x31	 x12:0x00000000 x31:0x00000000  x6=0x00000000
       64485000	      6349	80009e90	0153fc33	and	x24,x7,x21	  x7:0x8002e1e3 x21:0x00000009 x24=0x00000001
       64495000	      6350	80009e94	01ab1233	sll	x4,x22,x26	 x22:0x00000000 x26:0xfffffff8  x4=0x00000000
       64505000	      6351	80009e98	85f37037	lui	x0,0x85f37	  x0=0x00000000
       64515000	      6352	80009e9c	0223d663	bge	x7,x2,80009ec8	  x7:0x8002e1e3  x2:0x80021e1c
       64535000	      6354	80009ec8	690d	c.lui	x18,0x3	 x18=0x00003000
       64545000	      6355	80009eca	8351	c.srli	x14,0x14	 x14:0x01f70267 x14=0x0000001f
       64555000	      6356	80009ecc	40865d93	srai	x27,x12,0x8	 x12:0x00000000 x27=0x00000000
       64565000	      6357	80009ed0	8e6d	c.and	x12,x11	 x12:0x00000000 x11:0x00000000 x12=0x00000000
       64575000	      6358	80009ed2	872d	c.srai	x14,0xb	 x14:0x0000001f x14=0x00000000
       64585000	      6359	80009ed4	01b28f63	beq	x5,x27,80009ef2	  x5:0x00000000 x27:0x00000000
       64625000	      6363	80009ef2	02cf5d33	divu	x26,x30,x12	 x30:0x00001b3b x12:0x00000000 x26=0xffffffff
       64635000	      6364	80009ef6	017b1193	slli	x3,x22,0x17	 x22:0x00000000  x3=0x00000000
       64655000	      6366	80009efa	034a7433	remu	x8,x20,x20	 x20:0x00000000 x20:0x00000000  x8=0x00000000
       64665000	      6367	80009efe	8505	c.srai	x10,0x1	 x10:0x00000000 x10=0x00000000
       64675000	      6368	80009f00	048e1463	bne	x28,x8,80009f48	 x28:0xffffffff  x8:0x00000000
       64695000	      6370	80009f48	0cb53993	sltiu	x19,x10,203	 x10:0x00000000 x19=0x00000001
       64705000	      6371	80009f4c	34085473	csrrwi	x8,mscratch,16	  x8=0x00000008
       65075000	      6408	80009f50	031c65b3	rem	x11,x24,x17	 x24:0x00000001 x17:0xfffffb3c x11=0x00000001
       65085000	      6409	80009f54	1dfd	c.addi	x27,-1	 x27:0x00000000 x27=0xffffffff
       65095000	      6410	80009f56	01cd3b93	sltiu	x23,x26,28	 x26:0xffffffff x23=0x00000000
       65105000	      6411	80009f5a	9c1a	c.add	x24,x6	 x24:0x00000001  x6:0x00000000 x24=0x00000001
       65115000	      6412	80009f5c	02ecfe63	bgeu	x25,x14,80009f98	 x25:0xe4167000 x14:0x00000000
       65135000	      6414	80009f98	012858b3	srl	x17,x16,x18	 x16:0x00000000 x18:0x00003000 x17=0x00000000
       65145000	      6415	80009f9c	044f9463	bne	x31,x4,80009fe4	 x31:0x00000000  x4:0x00000000
       65175000	      6418	80009fa0	03050eb3	mul	x29,x10,x16	 x10:0x00000000 x16:0x00000000 x29=0x00000000
       65185000	      6419	80009fa4	340028f3	csrrs	x17,mscratch,x0	  x0:0x00000000 x17=0x00000010
       65195000	      6420	80009fa8	01324bb3	xor	x23,x4,x19	  x4:0x00000000 x19:0x00000001 x23=0x00000001
       65235000	      6424	80009fac	03c390b3	mulh	x1,x7,x28	  x7:0x8002e1e3 x28:0xffffffff  x1=0x00000000
       65245000	      6425	80009fb0	0000100f	fence.i	
       65265000	      6427	80009fb4	00641963	bne	x8,x6,80009fc6	  x8:0x00000008  x6:0x00000000
       65295000	      6430	80009fc6	aabb7717	auipc	x14,0xaabb7	 x14=0x2abc0fc6
       65315000	      6432	80009fca	0205d433	divu	x8,x11,x0	 x11:0x00000001  x0:0x00000000  x8=0xffffffff
       65325000	      6433	80009fce	073e	c.slli	x14,0xf	 x14:0x2abc0fc6 x14=0x07e30000
       65335000	      6434	80009fd0	62d1	c.lui	x5,0x14	  x5=0x00014000
       65345000	      6435	80009fd2	0ff0000f	fence	iorw,iorw	
       65355000	      6436	80009fd6	01897933	and	x18,x18,x24	 x18:0x00003000 x24:0x00000001 x18=0x00000000
       65365000	      6437	80009fda	01c97563	bgeu	x18,x28,80009fe4	 x18:0x00000000 x28:0xffffffff
       65375000	      6438	80009fde	03854d63	blt	x10,x24,8000a018	 x10:0x00000000 x24:0x00000001
       65395000	      6440	8000a018	1bfd	c.addi	x23,-1	 x23:0x00000001 x23=0x00000000
       65405000	      6441	8000a01a	86fe	c.mv	x13,x31	  x0:0x00000000 x31:0x00000000 x13=0x00000000
       65415000	      6442	8000a01c	02574563	blt	x14,x5,8000a046	 x14:0x07e30000  x5:0x00014000
       65425000	      6443	8000a020	02857163	bgeu	x10,x8,8000a042	 x10:0x00000000  x8:0xffffffff
       65435000	      6444	8000a024	1cfd	c.addi	x25,-1	 x25:0xe4167000 x25=0xe4166fff
       65445000	      6445	8000a026	023fe463	bltu	x31,x3,8000a04e	 x31:0x00000000  x3:0x00000000
       65455000	      6446	8000a02a	bef7f993	andi	x19,x15,-1041	 x15:0x80025ce4 x19=0x800258e4
       65465000	      6447	8000a02e	0000100f	fence.i	
       65485000	      6449	8000a032	4b25	c.li	x22,9	 x22=0x00000009
       65495000	      6450	8000a034	016a5f13	srli	x30,x20,0x16	 x20:0x00000000 x30=0x00000000
       65505000	      6451	8000a038	12fd	c.addi	x5,-1	  x5:0x00014000  x5=0x00013fff
       65515000	      6452	8000a03a	34006f73	csrrsi	x30,mscratch,0	 x30=0x00000010
       65525000	      6453	8000a03e	00acfa63	bgeu	x25,x10,8000a052	 x25:0xe4166fff x10:0x00000000
       65545000	      6455	8000a052	c221	c.beqz	x12,8000a092	 x12:0x00000000
       65565000	      6457	8000a092	8e11	c.sub	x12,x12	 x12:0x00000000 x12:0x00000000 x12=0x00000000
       65935000	      6494	8000a094	02bfc6b3	div	x13,x31,x11	 x31:0x00000000 x11:0x00000001 x13=0x00000000
       65945000	      6495	8000a098	00361c13	slli	x24,x12,0x3	 x12:0x00000000 x24=0x00000000
       65955000	      6496	8000a09c	010fc333	xor	x6,x31,x16	 x31:0x00000000 x16:0x00000000  x6=0x00000000
       65965000	      6497	8000a0a0	00e88c33	add	x24,x17,x14	 x17:0x00000010 x14:0x07e30000 x24=0x07e30010
       65975000	      6498	8000a0a4	8621	c.srai	x12,0x8	 x12:0x00000000 x12=0x00000000
       65985000	      6499	8000a0a6	01de02b3	add	x5,x28,x29	 x28:0xffffffff x29:0x00000000  x5=0xffffffff
       65995000	      6500	8000a0aa	01995633	srl	x12,x18,x25	 x18:0x00000000 x25:0xe4166fff x12=0x00000000
       66005000	      6501	8000a0ae	8b1d	c.andi	x14,7	 x14:0x07e30000 x14=0x00000000
       66015000	      6502	8000a0b0	1c1d8013	addi	x0,x27,449	 x27:0xffffffff  x0=0x00000000
       66055000	      6506	8000a0b4	030a3bb3	mulhu	x23,x20,x16	 x20:0x00000000 x16:0x00000000 x23=0x00000000
       66065000	      6507	8000a0b8	0ff0000f	fence	iorw,iorw	
       66075000	      6508	8000a0bc	021a	c.slli	x4,0x6	  x4:0x00000000  x4=0x00000000
       66085000	      6509	8000a0be	d30a8b93	addi	x23,x21,-720	 x21:0x00000009 x23=0xfffffd39
       66095000	      6510	8000a0c2	011730b3	sltu	x1,x14,x17	 x14:0x00000000 x17:0x00000010  x1=0x00000001
       66105000	      6511	8000a0c6	0000100f	fence.i	
       66135000	      6514	8000a0ca	00f91b13	slli	x22,x18,0xf	 x18:0x00000000 x22=0x00000000
       66145000	      6515	8000a0ce	02256863	bltu	x10,x2,8000a0fe	 x10:0x00000000  x2:0x80021e1c
       66165000	      6517	8000a0fe	e315	c.bnez	x14,8000a122	 x14:0x00000000
       66175000	      6518	8000a100	cf05	c.beqz	x14,8000a138	 x14:0x00000000
       66195000	      6520	8000a138	02345a63	bge	x8,x3,8000a16c	  x8:0xffffffff  x3:0x00000000
       66205000	      6521	8000a13c	962026b7	lui	x13,0x96202	 x13=0x96202000
       66575000	      6558	8000a140	038a5833	divu	x16,x20,x24	 x20:0x00000000 x24:0x07e30010 x16=0x00000000
       66585000	      6559	8000a144	0f278413	addi	x8,x15,242	 x15:0x80025ce4  x8=0x80025dd6
       66955000	      6596	8000a148	031c5433	divu	x8,x24,x17	 x24:0x07e30010 x17:0x00000010  x8=0x007e3001
       66965000	      6597	8000a14c	003e1513	slli	x10,x28,0x3	 x28:0xffffffff x10=0xfffffff8
       66975000	      6598	8000a150	03747963	bgeu	x8,x23,8000a182	  x8:0x007e3001 x23:0xfffffd39
       66985000	      6599	8000a154	00ca0fb3	add	x31,x20,x12	 x20:0x00000000 x12:0x00000000 x31=0x00000000
       66995000	      6600	8000a158	34039373	csrrw	x6,mscratch,x7	  x7:0x8002e1e3  x6=0x00000010
       67005000	      6601	8000a15c	157d	c.addi	x10,-1	 x10:0xfffffff8 x10=0xfffffff7
       67015000	      6602	8000a15e	20f88397	auipc	x7,0x20f88	  x7=0xa0f9215e
       67025000	      6603	8000a162	009c3fb3	sltu	x31,x24,x9	 x24:0x07e30010  x9:0x0000000d x31=0x00000000
       67035000	      6604	8000a166	05ea	c.slli	x11,0x1a	 x11:0x00000001 x11=0x04000000
       67045000	      6605	8000a168	340b5a73	csrrwi	x20,mscratch,22	 x20=0x8002e1e3
       67055000	      6606	8000a16c	3f13ed17	auipc	x26,0x3f13e	 x26=0xbf14816c
       67065000	      6607	8000a170	340022f3	csrrs	x5,mscratch,x0	  x0:0x00000000  x5=0x00000016
       67105000	      6611	8000a174	022a1233	mulh	x4,x20,x2	 x20:0x8002e1e3  x2:0x80021e1c  x4=0x3ffd8006
       67115000	      6612	8000a178	8ed1	c.or	x13,x12	 x13:0x96202000 x12:0x00000000 x13=0x96202000
       67125000	      6613	8000a17a	0cc4e213	ori	x4,x9,204	  x9:0x0000000d  x4=0x000000cd
       67135000	      6614	8000a17e	608d	c.lui	x1,0x3	  x1=0x00003000
       67145000	      6615	8000a180	0001	c.addi	x0,0	  x0:0x00000000  x0=0x00000000
       67155000	      6616	8000a182	0a65	c.addi	x20,25	 x20:0x8002e1e3 x20=0x8002e1fc
       67165000	      6617	8000a184	01ff9733	sll	x14,x31,x31	 x31:0x00000000 x31:0x00000000 x14=0x00000000
       67175000	      6618	8000a188	00e7df13	srli	x30,x15,0xe	 x15:0x80025ce4 x30=0x00020009
       67185000	      6619	8000a18c	009401b3	add	x3,x8,x9	  x8:0x007e3001  x9:0x0000000d  x3=0x007e300e
       67195000	      6620	8000a190	00da88b3	add	x17,x21,x13	 x21:0x00000009 x13:0x96202000 x17=0x96202009
       67205000	      6621	8000a194	01141813	slli	x16,x8,0x11	  x8:0x007e3001 x16=0x60020000
       67215000	      6622	8000a198	35a68a13	addi	x20,x13,858	 x13:0x96202000 x20=0x9620235a
       67225000	      6623	8000a19c	8cdd	c.or	x9,x15	  x9:0x0000000d x15:0x80025ce4  x9=0x80025ced
       67245000	      6625	8000a19e	0206c8b3	div	x17,x13,x0	 x13:0x96202000  x0:0x00000000 x17=0xffffffff
       67255000	      6626	8000a1a2	8d4d	c.or	x10,x11	 x10:0xfffffff7 x11:0x04000000 x10=0xfffffff7
       67265000	      6627	8000a1a4	61e5f9b7	lui	x19,0x61e5f	 x19=0x61e5f000
       67275000	      6628	8000a1a8	0012f933	and	x18,x5,x1	  x5:0x00000016  x1:0x00003000 x18=0x00000000
       67285000	      6629	8000a1ac	96d2	c.add	x13,x20	 x13:0x96202000 x20:0x9620235a x13=0x2c40435a
       67295000	      6630	8000a1ae	0001	c.addi	x0,0	  x0:0x00000000  x0=0x00000000
       67305000	      6631	8000a1b0	0000100f	fence.i	
       67325000	      6633	8000a1b4	02d8cb63	blt	x17,x13,8000a1ea	 x17:0xffffffff x13:0x2c40435a
       67345000	      6635	8000a1ea	8b6e	c.mv	x22,x27	  x0:0x00000000 x27:0xffffffff x22=0xffffffff
       67355000	      6636	8000a1ec	0090d5b3	srl	x11,x1,x9	  x1:0x00003000  x9:0x80025ced x11=0x00000001
       67365000	      6637	8000a1f0	038b8c63	beq	x23,x24,8000a228	 x23:0xfffffd39 x24:0x07e30010
       67375000	      6638	8000a1f4	8271	c.srli	x12,0x1c	 x12:0x00000000 x12=0x00000000
       67385000	      6639	8000a1f6	340572f3	csrrci	x5,mscratch,10	  x5=0x00000016
       67395000	      6640	8000a1fa	892a	c.mv	x18,x10	  x0:0x00000000 x10:0xfffffff7 x18=0xfffffff7
       67405000	      6641	8000a1fc	4106d9b3	sra	x19,x13,x16	 x13:0x2c40435a x16:0x60020000 x19=0x2c40435a
       67415000	      6642	8000a200	8429	c.srai	x8,0xa	  x8:0x007e3001  x8=0x00001f8c
       67425000	      6643	8000a202	887a	c.mv	x16,x30	  x0:0x00000000 x30:0x00020009 x16=0x00020009
       67795000	      6680	8000a204	0371f5b3	remu	x11,x3,x23	  x3:0x007e300e x23:0xfffffd39 x11=0x007e300e
       67805000	      6681	8000a208	03cecf63	blt	x29,x28,8000a246	 x29:0x00000000 x28:0xffffffff
       67815000	      6682	8000a20c	0ff0000f	fence	iorw,iorw	
       67825000	      6683	8000a210	8e1d	c.sub	x12,x15	 x12:0x00000000 x15:0x80025ce4 x12=0x7ffda31c
       67835000	      6684	8000a212	01521033	sll	x0,x4,x21	  x4:0x000000cd x21:0x00000009  x0=0x00000000
       67845000	      6685	8000a216	023a7f63	bgeu	x20,x3,8000a254	 x20:0x9620235a  x3:0x007e300e
       67865000	      6687	8000a254	0000100f	fence.i	
       67915000	      6692	8000a258	02d5a2b3	mulhsu	x5,x11,x13	 x11:0x007e300e x13:0x2c40435a  x5=0x0015cfef
       67925000	      6693	8000a25c	340652f3	csrrwi	x5,mscratch,12	  x5=0x00000014
       67935000	      6694	8000a260	0a5e	c.slli	x20,0x17	 x20:0x9620235a x20=0xad000000
       68305000	      6731	8000a262	03196d33	rem	x26,x18,x17	 x18:0xfffffff7 x17:0xffffffff x26=0x00000000
       68315000	      6732	8000a266	4a3c3b93	sltiu	x23,x24,1187	 x24:0x07e30010 x23=0x00000000
       68325000	      6733	8000a26a	8e79	c.and	x12,x14	 x12:0x7ffda31c x14:0x00000000 x12=0x00000000
       68335000	      6734	8000a26c	01bd4bb3	xor	x23,x26,x27	 x26:0x00000000 x27:0xffffffff x23=0xffffffff
       68345000	      6735	8000a270	0001	c.addi	x0,0	  x0:0x00000000  x0=0x00000000
       68355000	      6736	8000a272	8ccd	c.or	x9,x11	  x9:0x80025ced x11:0x007e300e  x9=0x807e7cef
       68365000	      6737	8000a274	00e406b3	add	x13,x8,x14	  x8:0x00001f8c x14:0x00000000 x13=0x00001f8c
       68375000	      6738	8000a278	00ba5333	srl	x6,x20,x11	 x20:0xad000000 x11:0x007e300e  x6=0x0002b400
       68415000	      6742	8000a27c	025ab4b3	mulhu	x9,x21,x5	 x21:0x00000009  x5:0x00000014  x9=0x00000000
       68425000	      6743	8000a280	00689d93	slli	x27,x17,0x6	 x17:0xffffffff x27=0xffffffc0
       68435000	      6744	8000a284	2f52b613	sltiu	x12,x5,757	  x5:0x00000014 x12=0x00000001
       68445000	      6745	8000a288	02269963	bne	x13,x2,8000a2ba	 x13:0x00001f8c  x2:0x80021e1c
       68465000	      6747	8000a2ba	41a9	c.li	x3,10	  x3=0x0000000a
       68475000	      6748	8000a2bc	3407d773	csrrwi	x14,mscratch,15	 x14=0x0000000c
       68485000	      6749	8000a2c0	81b2	c.mv	x3,x12	  x0:0x00000000 x12:0x00000001  x3=0x00000001
       68495000	      6750	8000a2c2	0000100f	fence.i	
       68525000	      6753	8000a2c6	01415d33	srl	x26,x2,x20	  x2:0x80021e1c x20:0xad000000 x26=0x80021e1c
       68535000	      6754	8000a2ca	0f9f0b93	addi	x23,x30,249	 x30:0x00020009 x23=0x00020102
       68905000	      6791	8000a2ce	021f5fb3	divu	x31,x30,x1	 x30:0x00020009  x1:0x00003000 x31=0x0000000a
       68915000	      6792	8000a2d2	df64c217	auipc	x4,0xdf64c	  x4=0x5f6562d2
       69285000	      6829	8000a2d6	02eeebb3	rem	x23,x29,x14	 x29:0x00000000 x14:0x0000000c x23=0x00000000
       69295000	      6830	8000a2da	019b9c63	bne	x23,x25,8000a2f2	 x23:0x00000000 x25:0xe4166fff
       69355000	      6836	8000a2f2	025b1933	mulh	x18,x22,x5	 x22:0xffffffff  x5:0x00000014 x18=0xffffffff
       69365000	      6837	8000a2f6	419b00b3	sub	x1,x22,x25	 x22:0xffffffff x25:0xe4166fff  x1=0x1be99000
       69375000	      6838	8000a2fa	0001	c.addi	x0,0	  x0:0x00000000  x0=0x00000000
       69385000	      6839	8000a2fc	00577863	bgeu	x14,x5,8000a30c	 x14:0x0000000c  x5:0x00000014
       69395000	      6840	8000a300	0001	c.addi	x0,0	  x0:0x00000000  x0=0x00000000
       69405000	      6841	8000a302	8dbd	c.xor	x11,x15	 x11:0x007e300e x15:0x80025ce4 x11=0x807c6cea
       69435000	      6844	8000a304	03428d33	mul	x26,x5,x20	  x5:0x00000014 x20:0xad000000 x26=0x84000000
       69445000	      6845	8000a308	00c6a3b3	slt	x7,x13,x12	 x13:0x00001f8c x12:0x00000001  x7=0x00000000
       69455000	      6846	8000a30c	00c7b433	sltu	x8,x15,x12	 x15:0x80025ce4 x12:0x00000001  x8=0x00000000
       69465000	      6847	8000a310	04b3d363	bge	x7,x11,8000a356	  x7:0x00000000 x11:0x807c6cea
       69495000	      6850	8000a356	34007c73	csrrci	x24,mscratch,0	 x24=0x0000000f
       69505000	      6851	8000a35a	c239	c.beqz	x12,8000a3a0	 x12:0x00000001
       69515000	      6852	8000a35c	0f3a	c.slli	x30,0xe	 x30:0x00020009 x30=0x80024000
       69525000	      6853	8000a35e	007fc933	xor	x18,x31,x7	 x31:0x0000000a  x7:0x00000000 x18=0x0000000a
       69895000	      6890	8000a362	0263c433	div	x8,x7,x6	  x7:0x00000000  x6:0x0002b400  x8=0x00000000
       70265000	      6927	8000a366	03e05f33	divu	x30,x0,x30	  x0:0x00000000 x30:0x80024000 x30=0x00000000
       70275000	      6928	8000a36a	84b2	c.mv	x9,x12	  x0:0x00000000 x12:0x00000001  x9=0x00000001
       70285000	      6929	8000a36c	00be1a33	sll	x20,x28,x11	 x28:0xffffffff x11:0x807c6cea x20=0xfffffc00
       70295000	      6930	8000a370	00421893	slli	x17,x4,0x4	  x4:0x5f6562d2 x17=0xf6562d20
       70305000	      6931	8000a374	00a13d33	sltu	x26,x2,x10	  x2:0x80021e1c x10:0xfffffff7 x26=0x00000001
       70345000	      6935	8000a378	03d7a533	mulhsu	x10,x15,x29	 x15:0x80025ce4 x29:0x00000000 x10=0x00000000
       70355000	      6936	8000a37c	92866093	ori	x1,x12,-1752	 x12:0x00000001  x1=0xfffff929
       70365000	      6937	8000a380	0ff0000f	fence	iorw,iorw	
       70375000	      6938	8000a384	9a7d	c.andi	x12,-1	 x12:0x00000001 x12=0x00000001
       70415000	      6942	8000a386	026a3db3	mulhu	x27,x20,x6	 x20:0xfffffc00  x6:0x0002b400 x27=0x0002b3ff
       70425000	      6943	8000a38a	00d2efb3	or	x31,x5,x13	  x5:0x00000014 x13:0x00001f8c x31=0x00001f9c
       70435000	      6944	8000a38e	01c97bb3	and	x23,x18,x28	 x18:0x0000000a x28:0xffffffff x23=0x0000000a
       70445000	      6945	8000a392	8e45	c.or	x12,x9	 x12:0x00000001  x9:0x00000001 x12=0x00000001
       70455000	      6946	8000a394	34037773	csrrci	x14,mscratch,6	 x14=0x0000000f
       70465000	      6947	8000a398	40cb5e13	srai	x28,x22,0xc	 x22:0xffffffff x28=0xffffffff
       70475000	      6948	8000a39c	0165f013	andi	x0,x11,22	 x11:0x807c6cea  x0=0x00000000
       70485000	      6949	8000a3a0	01bcbdb3	sltu	x27,x25,x27	 x25:0xe4166fff x27:0x0002b3ff x27=0x00000000
       70495000	      6950	8000a3a4	d7026bb7	lui	x23,0xd7026	 x23=0xd7026000
       70505000	      6951	8000a3a8	f8eb8693	addi	x13,x23,-114	 x23:0xd7026000 x13=0xd7025f8e
       70515000	      6952	8000a3ac	0ff0000f	fence	iorw,iorw	
       70525000	      6953	8000a3b0	431a3713	sltiu	x14,x20,1073	 x20:0xfffffc00 x14=0x00000000
       70565000	      6957	8000a3b4	02122cb3	mulhsu	x25,x4,x1	  x4:0x5f6562d2  x1:0xfffff929 x25=0x5f656045
       70575000	      6958	8000a3b8	41985f33	sra	x30,x16,x25	 x16:0x00020009 x25:0x5f656045 x30=0x00001000
       70585000	      6959	8000a3bc	8eb5	c.xor	x13,x13	 x13:0xd7025f8e x13:0xd7025f8e x13=0x00000000
       70595000	      6960	8000a3be	6f15e193	ori	x3,x11,1777	 x11:0x807c6cea  x3=0x807c6efb
       70605000	      6961	8000a3c2	0001	c.addi	x0,0	  x0:0x00000000  x0=0x00000000
       70615000	      6962	8000a3c4	414ad733	sra	x14,x21,x20	 x21:0x00000009 x20:0xfffffc00 x14=0x00000009
       70625000	      6963	8000a3c8	8d25	c.xor	x10,x9	 x10:0x00000000  x9:0x00000001 x10=0x00000001
       70635000	      6964	8000a3ca	40035b13	srai	x22,x6,0x0	  x6:0x0002b400 x22=0x0002b400
       70675000	      6968	8000a3ce	03b4b1b3	mulhu	x3,x9,x27	  x9:0x00000001 x27:0x00000000  x3=0x00000000
       70685000	      6969	8000a3d2	34002bf3	csrrs	x23,mscratch,x0	  x0:0x00000000 x23=0x00000009
       70695000	      6970	8000a3d6	035dd863	bge	x27,x21,8000a406	 x27:0x00000000 x21:0x00000009
       70705000	      6971	8000a3da	007b1e13	slli	x28,x22,0x7	 x22:0x0002b400 x28=0x015a0000
       70715000	      6972	8000a3de	9dd6	c.add	x27,x21	 x27:0x00000000 x21:0x00000009 x27=0x00000009
       70725000	      6973	8000a3e0	00418e63	beq	x3,x4,8000a3fc	  x3:0x00000000  x4:0x5f6562d2
       70735000	      6974	8000a3e4	8739	c.srai	x14,0xe	 x14:0x00000009 x14=0x00000000
       70745000	      6975	8000a3e6	06ed	c.addi	x13,27	 x13:0x00000000 x13=0x0000001b
       70755000	      6976	8000a3e8	34002873	csrrs	x16,mscratch,x0	  x0:0x00000000 x16=0x00000009
       70765000	      6977	8000a3ec	014d7f33	and	x30,x26,x20	 x26:0x00000001 x20:0xfffffc00 x30=0x00000000
       70775000	      6978	8000a3f0	0001	c.addi	x0,0	  x0:0x00000000  x0=0x00000000
       70785000	      6979	8000a3f2	004f2733	slt	x14,x30,x4	 x30:0x00000000  x4:0x5f6562d2 x14=0x00000001
       70795000	      6980	8000a3f6	8836	c.mv	x16,x13	  x0:0x00000000 x13:0x0000001b x16=0x0000001b
       70805000	      6981	8000a3f8	00855963	bge	x10,x8,8000a40a	 x10:0x00000001  x8:0x00000000
       70835000	      6984	8000a40a	00a91e13	slli	x28,x18,0xa	 x18:0x0000000a x28=0x00002800
       70845000	      6985	8000a40e	00cd3833	sltu	x16,x26,x12	 x26:0x00000001 x12:0x00000001 x16=0x00000000
       70855000	      6986	8000a412	12fd	c.addi	x5,-1	  x5:0x00000014  x5=0x00000013
       70865000	      6987	8000a414	051b1563	bne	x22,x17,8000a45e	 x22:0x0002b400 x17:0xf6562d20
       70895000	      6990	8000a45e	5d31de37	lui	x28,0x5d31d	 x28=0x5d31d000
       70905000	      6991	8000a462	340bdb73	csrrwi	x22,mscratch,23	 x22=0x00000009
       70915000	      6992	8000a466	527d	c.li	x4,-1	  x4=0xffffffff
       70925000	      6993	8000a468	8e91	c.sub	x13,x12	 x13:0x0000001b x12:0x00000001 x13=0x0000001a
       70935000	      6994	8000a46a	95b2	c.add	x11,x12	 x11:0x807c6cea x12:0x00000001 x11=0x807c6ceb
       70945000	      6995	8000a46c	f6980593	addi	x11,x16,-151	 x16:0x00000000 x11=0xffffff69
       70955000	      6996	8000a470	01694e33	xor	x28,x18,x22	 x18:0x0000000a x22:0x00000009 x28=0x00000003
       70965000	      6997	8000a474	402fdf93	srai	x31,x31,0x2	 x31:0x00001f9c x31=0x000007e7
       70975000	      6998	8000a478	01f4d413	srli	x8,x9,0x1f	  x9:0x00000001  x8=0x00000000
       70985000	      6999	8000a47c	002cbcb3	sltu	x25,x25,x2	 x25:0x5f656045  x2:0x80021e1c x25=0x00000001
       70995000	      7000	8000a480	8d066e13	ori	x28,x12,-1840	 x12:0x00000001 x28=0xfffff8d1
       71005000	      7001	8000a484	e5ea1f97	auipc	x31,0xe5ea1	 x31=0x65eab484
       71015000	      7002	8000a488	00ac34b3	sltu	x9,x24,x10	 x24:0x0000000f x10:0x00000001  x9=0x00000000
       71025000	      7003	8000a48c	40c75913	srai	x18,x14,0xc	 x14:0x00000001 x18=0x00000000
       71035000	      7004	8000a490	7c978b93	addi	x23,x15,1993	 x15:0x80025ce4 x23=0x800264ad
       71075000	      7008	8000a494	0291a0b3	mulhsu	x1,x3,x9	  x3:0x00000000  x9:0x00000000  x1=0x00000000
       71085000	      7009	8000a498	340f7973	csrrci	x18,mscratch,30	 x18=0x00000017
       71115000	      7012	8000a49c	03ac0033	mul	x0,x24,x26	 x24:0x0000000f x26:0x00000001  x0=0x00000000
       71125000	      7013	8000a4a0	34085673	csrrwi	x12,mscratch,16	 x12=0x00000001
       71135000	      7014	8000a4a4	6e91	c.lui	x29,0x4	 x29=0x00004000
       71145000	      7015	8000a4a6	012f0bb3	add	x23,x30,x18	 x30:0x00000000 x18:0x00000017 x23=0x00000017
       71165000	      7017	8000a4aa	029242b3	div	x5,x4,x9	  x4:0xffffffff  x9:0x00000000  x5=0xffffffff
       71535000	      7054	8000a4ae	036e5733	divu	x14,x28,x22	 x28:0xfffff8d1 x22:0x00000009 x14=0x1c71c650
       71545000	      7055	8000a4b2	0001	c.addi	x0,0	  x0:0x00000000  x0=0x00000000
       71555000	      7056	8000a4b4	8d61	c.and	x10,x8	 x10:0x00000001  x8:0x00000000 x10=0x00000000
       71565000	      7057	8000a4b6	01b12633	slt	x12,x2,x27	  x2:0x80021e1c x27:0x00000009 x12=0x00000001
       71575000	      7058	8000a4ba	0001	c.addi	x0,0	  x0:0x00000000  x0=0x00000000
       71585000	      7059	8000a4bc	ee19	c.bnez	x12,8000a4da	 x12:0x00000001
       71615000	      7062	8000a4da	09cd7f93	andi	x31,x26,156	 x26:0x00000001 x31=0x00000000
       71985000	      7099	8000a4de	0256d3b3	divu	x7,x13,x5	 x13:0x0000001a  x5:0xffffffff  x7=0x00000000
       71995000	      7100	8000a4e2	00857933	and	x18,x10,x8	 x10:0x00000000  x8:0x00000000 x18=0x00000000
       72005000	      7101	8000a4e6	4b5c7f97	auipc	x31,0x4b5c7	 x31=0xcb5d14e6
       72015000	      7102	8000a4ea	8951	c.andi	x10,20	 x10:0x00000000 x10=0x00000000
       72045000	      7105	8000a4ec	02298733	mul	x14,x19,x2	 x19:0x2c40435a  x2:0x80021e1c x14=0xe59fe9d8
       72055000	      7106	8000a4f0	0001	c.addi	x0,0	  x0:0x00000000  x0=0x00000000
       72065000	      7107	8000a4f2	82d6	c.mv	x5,x21	  x0:0x00000000 x21:0x00000009  x5=0x00000009
       72085000	      7109	8000a4f4	027d74b3	remu	x9,x26,x7	 x26:0x00000001  x7:0x00000000  x9=0x00000001
       72095000	      7110	8000a4f8	03f79763	bne	x15,x31,8000a526	 x15:0x80025ce4 x31:0xcb5d14e6
       72125000	      7113	8000a526	02c56863	bltu	x10,x12,8000a556	 x10:0x00000000 x12:0x00000001
       72155000	      7116	8000a556	01aeaa33	slt	x20,x29,x26	 x29:0x00004000 x26:0x00000001 x20=0x00000000
       72165000	      7117	8000a55a	0092e5b3	or	x11,x5,x9	  x5:0x00000009  x9:0x00000001 x11=0x00000009
       72535000	      7154	8000a55e	025be333	rem	x6,x23,x5	 x23:0x00000017  x5:0x00000009  x6=0x00000005
       72545000	      7155	8000a562	8e96	c.mv	x29,x5	  x0:0x00000000  x5:0x00000009 x29=0x00000009
       72555000	      7156	8000a564	340d3c73	csrrc	x24,mscratch,x26	 x26:0x00000001 x24=0x00000010
       72565000	      7157	8000a568	01a37333	and	x6,x6,x26	  x6:0x00000005 x26:0x00000001  x6=0x00000001
       72575000	      7158	8000a56c	34002ff3	csrrs	x31,mscratch,x0	  x0:0x00000000 x31=0x00000010
       72605000	      7161	8000a570	033189b3	mul	x19,x3,x19	  x3:0x00000000 x19:0x2c40435a x19=0x00000000
       72615000	      7162	8000a574	3400d6f3	csrrwi	x13,mscratch,1	 x13=0x00000010
       72625000	      7163	8000a578	01399663	bne	x19,x19,8000a584	 x19:0x00000000 x19:0x00000000
       72635000	      7164	8000a57c	1b802393	slti	x7,x0,440	  x0:0x00000000  x7=0x00000001
       72675000	      7168	8000a580	03e92933	mulhsu	x18,x18,x30	 x18:0x00000000 x30:0x00000000 x18=0x00000000
       72685000	      7169	8000a584	016e9213	slli	x4,x29,0x16	 x29:0x00000009  x4=0x02400000
       72695000	      7170	8000a588	03276363	bltu	x14,x18,8000a5ae	 x14:0xe59fe9d8 x18:0x00000000
       72735000	      7174	8000a58c	026c1cb3	mulh	x25,x24,x6	 x24:0x00000010  x6:0x00000001 x25=0x00000000
       72745000	      7175	8000a590	8756	c.mv	x14,x21	  x0:0x00000000 x21:0x00000009 x14=0x00000009
       72755000	      7176	8000a592	340e9673	csrrw	x12,mscratch,x29	 x29:0x00000009 x12=0x00000001
       72765000	      7177	8000a596	0a1d	c.addi	x20,7	 x20:0x00000000 x20=0x00000007
       72805000	      7181	8000a598	03613533	mulhu	x10,x2,x22	  x2:0x80021e1c x22:0x00000009 x10=0x00000004
       72815000	      7182	8000a59c	010cf6b3	and	x13,x25,x16	 x25:0x00000000 x16:0x00000000 x13=0x00000000
       72825000	      7183	8000a5a0	59d30493	addi	x9,x6,1437	  x6:0x00000001  x9=0x0000059e
       72835000	      7184	8000a5a4	86f2	c.mv	x13,x28	  x0:0x00000000 x28:0xfffff8d1 x13=0xfffff8d1
       72875000	      7188	8000a5a6	035ba933	mulhsu	x18,x23,x21	 x23:0x00000017 x21:0x00000009 x18=0x00000000
       72885000	      7189	8000a5aa	98a38d17	auipc	x26,0x98a38	 x26=0x18a425aa
       72895000	      7190	8000a5ae	01780863	beq	x16,x23,8000a5be	 x16:0x00000000 x23:0x00000017
       72905000	      7191	8000a5b2	cdabb213	sltiu	x4,x23,-806	 x23:0x00000017  x4=0x00000001
       72915000	      7192	8000a5b6	8926	c.mv	x18,x9	  x0:0x00000000  x9:0x0000059e x18=0x0000059e
       72925000	      7193	8000a5b8	8d61	c.and	x10,x8	 x10:0x00000004  x8:0x00000000 x10=0x00000000
       72935000	      7194	8000a5ba	02fbca63	blt	x23,x15,8000a5ee	 x23:0x00000017 x15:0x80025ce4
       72945000	      7195	8000a5be	91070813	addi	x16,x14,-1776	 x14:0x00000009 x16=0xfffff919
       72955000	      7196	8000a5c2	04a2	c.slli	x9,0x8	  x9:0x0000059e  x9=0x00059e00
       72965000	      7197	8000a5c4	02698763	beq	x19,x6,8000a5f2	 x19:0x00000000  x6:0x00000001
       72975000	      7198	8000a5c8	025ce163	bltu	x25,x5,8000a5ea	 x25:0x00000000  x5:0x00000009
       73005000	      7201	8000a5ea	7ddf6c13	ori	x24,x30,2013	 x30:0x00000000 x24=0x000007dd
       73015000	      7202	8000a5ee	340baa73	csrrs	x20,mscratch,x23	 x23:0x00000017 x20=0x00000009
       73025000	      7203	8000a5f2	0069ca63	blt	x19,x6,8000a606	 x19:0x00000000  x6:0x00000001
       73055000	      7206	8000a606	340f9ef3	csrrw	x29,mscratch,x31	 x31:0x00000010 x29=0x0000001f
       73065000	      7207	8000a60a	340ae973	csrrsi	x18,mscratch,21	 x18=0x00000010
       73075000	      7208	8000a60e	01bf1813	slli	x16,x30,0x1b	 x30:0x00000000 x16=0x00000000
       73085000	      7209	8000a612	c4d8db37	lui	x22,0xc4d8d	 x22=0xc4d8d000
       73095000	      7210	8000a616	01aaadb3	slt	x27,x21,x26	 x21:0x00000009 x26:0x18a425aa x27=0x00000001
       73105000	      7211	8000a61a	76fd0893	addi	x17,x26,1903	 x26:0x18a425aa x17=0x18a42d19
       73115000	      7212	8000a61e	02e50c63	beq	x10,x14,8000a656	 x10:0x00000000 x14:0x00000009
       73125000	      7213	8000a622	00d5d3b3	srl	x7,x11,x13	 x11:0x00000009 x13:0xfffff8d1  x7=0x00000000
       73135000	      7214	8000a626	02d37b63	bgeu	x6,x13,8000a65c	  x6:0x00000001 x13:0xfffff8d1
       73145000	      7215	8000a62a	0001	c.addi	x0,0	  x0:0x00000000  x0=0x00000000
       73155000	      7216	8000a62c	01971433	sll	x8,x14,x25	 x14:0x00000009 x25:0x00000000  x8=0x00000009
       73165000	      7217	8000a630	9bf2	c.add	x23,x28	 x23:0x00000017 x28:0xfffff8d1 x23=0xfffff8e8
       73175000	      7218	8000a632	0000100f	fence.i	
       73205000	      7221	8000a636	41b7d293	srai	x5,x15,0x1b	 x15:0x80025ce4  x5=0xfffffff0
       73215000	      7222	8000a63a	098e	c.slli	x19,0x3	 x19:0x00000000 x19=0x00000000
       73225000	      7223	8000a63c	6b25	c.lui	x22,0x9	 x22=0x00009000
       73235000	      7224	8000a63e	12fd	c.addi	x5,-1	  x5:0xfffffff0  x5=0xffffffef
       73245000	      7225	8000a640	340cd573	csrrwi	x10,mscratch,25	 x10=0x00000015
       73255000	      7226	8000a644	8ca6	c.mv	x25,x9	  x0:0x00000000  x9:0x00059e00 x25=0x00059e00
       73265000	      7227	8000a646	40145693	srai	x13,x8,0x1	  x8:0x00000009 x13=0x00000004
       73275000	      7228	8000a64a	41b85413	srai	x8,x16,0x1b	 x16:0x00000000  x8=0x00000000
       73285000	      7229	8000a64e	01128c63	beq	x5,x17,8000a666	  x5:0xffffffef x17:0x18a42d19
       73295000	      7230	8000a652	03317863	bgeu	x2,x19,8000a682	  x2:0x80021e1c x19:0x00000000
       73325000	      7233	8000a682	03190163	beq	x18,x17,8000a6a4	 x18:0x00000010 x17:0x18a42d19
       73335000	      7234	8000a686	00391993	slli	x19,x18,0x3	 x18:0x00000010 x19=0x00000080
       73345000	      7235	8000a68a	8225	c.srli	x12,0x9	 x12:0x00000001 x12=0x00000000
       73365000	      7237	8000a68c	023ded33	rem	x26,x27,x3	 x27:0x00000001  x3:0x00000000 x26=0x00000001
       73375000	      7238	8000a690	017592b3	sll	x5,x11,x23	 x11:0x00000009 x23:0xfffff8e8  x5=0x00000900
       73385000	      7239	8000a694	033de263	bltu	x27,x19,8000a6b8	 x27:0x00000001 x19:0x00000080
       73435000	      7244	8000a6b8	020d2533	mulhsu	x10,x26,x0	 x26:0x00000001  x0:0x00000000 x10=0x00000000
       73445000	      7245	8000a6bc	0208f163	bgeu	x17,x0,8000a6de	 x17:0x18a42d19  x0:0x00000000
       73505000	      7251	8000a6de	03b93933	mulhu	x18,x18,x27	 x18:0x00000010 x27:0x00000001 x18=0x00000000
       73515000	      7252	8000a6e2	83dbb713	sltiu	x14,x23,-1987	 x23:0xfffff8e8 x14=0x00000000
       73525000	      7253	8000a6e6	0a42	c.slli	x20,0x10	 x20:0x00000009 x20=0x00090000
       73535000	      7254	8000a6e8	340715f3	csrrw	x11,mscratch,x14	 x14:0x00000000 x11=0x00000019
       73545000	      7255	8000a6ec	013e9fb3	sll	x31,x29,x19	 x29:0x0000001f x19:0x00000080 x31=0x0000001f
       73555000	      7256	8000a6f0	007f2d33	slt	x26,x30,x7	 x30:0x00000000  x7:0x00000000 x26=0x00000000
       73565000	      7257	8000a6f4	52750b37	lui	x22,0x52750	 x22=0x52750000
       73575000	      7258	8000a6f8	41348033	sub	x0,x9,x19	  x9:0x00059e00 x19:0x00000080  x0=0x00000000
       73585000	      7259	8000a6fc	340e56f3	csrrwi	x13,mscratch,28	 x13=0x00000000
       73595000	      7260	8000a700	4061deb3	sra	x29,x3,x6	  x3:0x00000000  x6:0x00000001 x29=0x00000000
       73605000	      7261	8000a704	8ecd	c.or	x13,x11	 x13:0x00000000 x11:0x00000019 x13=0x00000019
       73615000	      7262	8000a706	02988763	beq	x17,x9,8000a734	 x17:0x18a42d19  x9:0x00059e00
       73625000	      7263	8000a70a	00fbc8b3	xor	x17,x23,x15	 x23:0xfffff8e8 x15:0x80025ce4 x17=0x7ffda40c
       73635000	      7264	8000a70e	712cb513	sltiu	x10,x25,1810	 x25:0x00059e00 x10=0x00000000
       73645000	      7265	8000a712	0001	c.addi	x0,0	  x0:0x00000000  x0=0x00000000
       73655000	      7266	8000a714	039c6763	bltu	x24,x25,8000a742	 x24:0x000007dd x25:0x00059e00
       73685000	      7269	8000a742	65100e13	addi	x28,x0,1617	  x0:0x00000000 x28=0x00000651
       73695000	      7270	8000a746	16b22617	auipc	x12,0x16b22	 x12=0x96b2c746
       73705000	      7271	8000a74a	0bf1	c.addi	x23,28	 x23:0xfffff8e8 x23=0xfffff904
       73715000	      7272	8000a74c	340cd0f3	csrrwi	x1,mscratch,25	  x1=0x0000001c
       73725000	      7273	8000a750	82f1	c.srli	x13,0x1c	 x13:0x00000019 x13=0x00000000
       73735000	      7274	8000a752	0ff0000f	fence	iorw,iorw	
       73745000	      7275	8000a756	340036f3	csrrc	x13,mscratch,x0	  x0:0x00000000 x13=0x00000019
       73755000	      7276	8000a75a	340fadf3	csrrs	x27,mscratch,x31	 x31:0x0000001f x27=0x00000019
       74125000	      7313	8000a75e	03f44333	div	x6,x8,x31	  x8:0x00000000 x31:0x0000001f  x6=0x00000000
       74135000	      7314	8000a762	884d	c.andi	x8,19	  x8:0x00000000  x8=0x00000000
       74145000	      7315	8000a764	419dd493	srai	x9,x27,0x19	 x27:0x00000019  x9=0x00000000
       74155000	      7316	8000a768	888e	c.mv	x17,x3	  x0:0x00000000  x3:0x00000000 x17=0x00000000
       74165000	      7317	8000a76a	9506	c.add	x10,x1	 x10:0x00000000  x1:0x0000001c x10=0x0000001c
       74175000	      7318	8000a76c	e725	c.bnez	x14,8000a7d4	 x14:0x00000000
       74215000	      7322	8000a76e	034021b3	mulhsu	x3,x0,x20	  x0:0x00000000 x20:0x00090000  x3=0x00000000
       74225000	      7323	8000a772	f9760e93	addi	x29,x12,-105	 x12:0x96b2c746 x29=0x96b2c6dd
       74235000	      7324	8000a776	58fd	c.li	x17,-1	 x17=0xffffffff
       74275000	      7328	8000a778	022c9833	mulh	x16,x25,x2	 x25:0x00059e00  x2:0x80021e1c x16=0xfffd310b
       74285000	      7329	8000a77c	04baed63	bltu	x21,x11,8000a7d6	 x21:0x00000009 x11:0x00000019
       74315000	      7332	8000a7d6	d003ba13	sltiu	x20,x7,-768	  x7:0x00000000 x20=0x00000001
       74325000	      7333	8000a7da	9ffa3b13	sltiu	x22,x20,-1537	 x20:0x00000001 x22=0x00000001
       74335000	      7334	8000a7de	8ef5	c.and	x13,x13	 x13:0x00000019 x13:0x00000019 x13=0x00000019
       74375000	      7338	8000a7e0	02899633	mulh	x12,x19,x8	 x19:0x00000080  x8:0x00000000 x12=0x00000000
       74385000	      7339	8000a7e4	6321	c.lui	x6,0x8	  x6=0x00008000
       74395000	      7340	8000a7e6	c609	c.beqz	x12,8000a7f0	 x12:0x00000000
       74415000	      7342	8000a7f0	66498e93	addi	x29,x19,1636	 x19:0x00000080 x29=0x000006e4
       74425000	      7343	8000a7f4	0676	c.slli	x12,0x1d	 x12:0x00000000 x12=0x00000000
       74435000	      7344	8000a7f6	0001	c.addi	x0,0	  x0:0x00000000  x0=0x00000000
       74445000	      7345	8000a7f8	01849693	slli	x13,x9,0x18	  x9:0x00000000 x13=0x00000000
       74485000	      7349	8000a7fc	02532333	mulhsu	x6,x6,x5	  x6:0x00008000  x5:0x00000900  x6=0x00000000
       74525000	      7353	8000a800	037dad33	mulhsu	x26,x27,x23	 x27:0x00000019 x23:0xfffff904 x26=0x00000018
       74535000	      7354	8000a804	669e3193	sltiu	x3,x28,1641	 x28:0x00000651  x3=0x00000001
       74545000	      7355	8000a808	e2a1	c.bnez	x13,8000a848	 x13:0x00000000
       74555000	      7356	8000a80a	06da	c.slli	x13,0x16	 x13:0x00000000 x13=0x00000000
       74565000	      7357	8000a80c	00625eb3	srl	x29,x4,x6	  x4:0x00000001  x6:0x00000000 x29=0x00000001
       74575000	      7358	8000a810	00e2e433	or	x8,x5,x14	  x5:0x00000900 x14:0x00000000  x8=0x00000900
       74585000	      7359	8000a814	c115	c.beqz	x10,8000a838	 x10:0x0000001c
       74595000	      7360	8000a816	0ff0000f	fence	iorw,iorw	
       74605000	      7361	8000a81a	340be2f3	csrrsi	x5,mscratch,23	  x5=0x0000001f
       74615000	      7362	8000a81e	e677f513	andi	x10,x15,-409	 x15:0x80025ce4 x10=0x80025c64
       74625000	      7363	8000a822	03c9c163	blt	x19,x28,8000a844	 x19:0x00000080 x28:0x00000651
       74645000	      7365	8000a844	018ad593	srli	x11,x21,0x18	 x21:0x00000009 x11=0x00000000
       74655000	      7366	8000a848	1399ad13	slti	x26,x19,313	 x19:0x00000080 x26=0x00000001
       74665000	      7367	8000a84c	0148aeb3	slt	x29,x17,x20	 x17:0xffffffff x20:0x00000001 x29=0x00000001
       74705000	      7371	8000a850	020f1b33	mulh	x22,x30,x0	 x30:0x00000000  x0:0x00000000 x22=0x00000000
       74735000	      7374	8000a854	036c89b3	mul	x19,x25,x22	 x25:0x00059e00 x22:0x00000000 x19=0x00000000
       74775000	      7378	8000a858	03951033	mulh	x0,x10,x25	 x10:0x80025c64 x25:0x00059e00  x0=0x00000000
       74815000	      7382	8000a85c	0272b633	mulhu	x12,x5,x7	  x5:0x0000001f  x7:0x00000000 x12=0x00000000
       74825000	      7383	8000a860	410fd293	srai	x5,x31,0x10	 x31:0x0000001f  x5=0x00000000
       74865000	      7387	8000a864	02282933	mulhsu	x18,x16,x2	 x16:0xfffd310b  x2:0x80021e1c x18=0xfffe987f
       74875000	      7388	8000a868	baf8ff93	andi	x31,x17,-1105	 x17:0xffffffff x31=0xfffffbaf
       74885000	      7389	8000a86c	02829763	bne	x5,x8,8000a89a	  x5:0x00000000  x8:0x00000900
       74915000	      7392	8000a89a	05b9c063	blt	x19,x27,8000a8da	 x19:0x00000000 x27:0x00000019
       74935000	      7394	8000a8da	8f01	c.sub	x14,x8	 x14:0x00000000  x8:0x00000900 x14=0xfffff700
       74945000	      7395	8000a8dc	3403df73	csrrwi	x30,mscratch,7	 x30=0x0000001f
       74955000	      7396	8000a8e0	340078f3	csrrci	x17,mscratch,0	 x17=0x00000007
       74995000	      7400	8000a8e4	03fc91b3	mulh	x3,x25,x31	 x25:0x00059e00 x31:0xfffffbaf  x3=0xffffffff
       75005000	      7401	8000a8e8	0001	c.addi	x0,0	  x0:0x00000000  x0=0x00000000
       75015000	      7402	8000a8ea	413105b3	sub	x11,x2,x19	  x2:0x80021e1c x19:0x00000000 x11=0x80021e1c
       75025000	      7403	8000a8ee	00d75913	srli	x18,x14,0xd	 x14:0xfffff700 x18=0x0007ffff
       75035000	      7404	8000a8f2	0130c963	blt	x1,x19,8000a904	  x1:0x0000001c x19:0x00000000
       75045000	      7405	8000a8f6	01b89433	sll	x8,x17,x27	 x17:0x00000007 x27:0x00000019  x8=0x0e000000
       75075000	      7408	8000a8fa	02070c33	mul	x24,x14,x0	 x14:0xfffff700  x0:0x00000000 x24=0x00000000
       75085000	      7409	8000a8fe	01ca3933	sltu	x18,x20,x28	 x20:0x00000001 x28:0x00000651 x18=0x00000001
       75095000	      7410	8000a902	4b1d	c.li	x22,7	 x22=0x00000007
       75105000	      7411	8000a904	340256f3	csrrwi	x13,mscratch,4	 x13=0x00000007
       75115000	      7412	8000a908	00be0693	addi	x13,x28,11	 x28:0x00000651 x13=0x0000065c
       75125000	      7413	8000a90c	0000100f	fence.i	
       75145000	      7415	8000a910	021e	c.slli	x4,0x7	  x4:0x00000001  x4=0x00000080
       75155000	      7416	8000a912	d6916b93	ori	x23,x2,-663	  x2:0x80021e1c x23=0xffffff7d
       75165000	      7417	8000a916	340fb4f3	csrrc	x9,mscratch,x31	 x31:0xfffffbaf  x9=0x00000004
       75175000	      7418	8000a91a	db947613	andi	x12,x8,-583	  x8:0x0e000000 x12=0x0e000000
       75185000	      7419	8000a91e	0001	c.addi	x0,0	  x0:0x00000000  x0=0x00000000
       75195000	      7420	8000a920	0001	c.addi	x0,0	  x0:0x00000000  x0=0x00000000
       75225000	      7423	8000a922	022a8033	mul	x0,x21,x2	 x21:0x00000009  x2:0x80021e1c  x0=0x00000000
       75235000	      7424	8000a926	c2497f93	andi	x31,x18,-988	 x18:0x00000001 x31=0x00000000
       75245000	      7425	8000a92a	01c09493	slli	x9,x1,0x1c	  x1:0x0000001c  x9=0xc0000000
       75255000	      7426	8000a92e	00b74d33	xor	x26,x14,x11	 x14:0xfffff700 x11:0x80021e1c x26=0x7ffde91c
       75265000	      7427	8000a932	a08ebb93	sltiu	x23,x29,-1528	 x29:0x00000001 x23=0x00000001
       75275000	      7428	8000a936	03414663	blt	x2,x20,8000a962	  x2:0x80021e1c x20:0x00000001
       75295000	      7430	8000a962	8cf9	c.and	x9,x14	  x9:0xc0000000 x14:0xfffff700  x9=0xc0000000
       75305000	      7431	8000a964	34032df3	csrrs	x27,mscratch,x6	  x6:0x00000000 x27=0x00000000
       75315000	      7432	8000a968	9c72	c.add	x24,x28	 x24:0x00000000 x28:0x00000651 x24=0x00000651
       75325000	      7433	8000a96a	00409513	slli	x10,x1,0x4	  x1:0x0000001c x10=0x000001c0
       75335000	      7434	8000a96e	08fce313	ori	x6,x25,143	 x25:0x00059e00  x6=0x00059e8f
       75345000	      7435	8000a972	8e69	c.and	x12,x10	 x12:0x0e000000 x10:0x000001c0 x12=0x00000000
       75355000	      7436	8000a974	8c71	c.and	x8,x12	  x8:0x0e000000 x12:0x00000000  x8=0x00000000
       75365000	      7437	8000a976	0ff0000f	fence	iorw,iorw	
       75375000	      7438	8000a97a	0000100f	fence.i	
       75405000	      7441	8000a97e	02e4f363	bgeu	x9,x14,8000a9a4	  x9:0xc0000000 x14:0xfffff700
       75415000	      7442	8000a982	022fd963	bge	x31,x2,8000a9b4	 x31:0x00000000  x2:0x80021e1c
       75465000	      7447	8000a9b4	02ab96b3	mulh	x13,x23,x10	 x23:0x00000001 x10:0x000001c0 x13=0x00000000
       75475000	      7448	8000a9b8	01ddd893	srli	x17,x27,0x1d	 x27:0x00000000 x17=0x00000000
       75515000	      7452	8000a9bc	03511bb3	mulh	x23,x2,x21	  x2:0x80021e1c x21:0x00000009 x23=0xfffffffb
       75525000	      7453	8000a9c0	dc393337	lui	x6,0xdc393	  x6=0xdc393000
       75535000	      7454	8000a9c4	0252fe63	bgeu	x5,x5,8000aa00	  x5:0x00000000  x5:0x00000000
       75915000	      7492	8000aa00	0299fb33	remu	x22,x19,x9	 x19:0x00000000  x9:0xc0000000 x22=0x00000000
       75955000	      7496	8000aa04	0352b233	mulhu	x4,x5,x21	  x5:0x00000000 x21:0x00000009  x4=0x00000000
       75965000	      7497	8000aa08	6c6d	c.lui	x24,0x1b	 x24=0x0001b000
       75975000	      7498	8000aa0a	8d31	c.xor	x10,x12	 x10:0x000001c0 x12:0x00000000 x10=0x000001c0
       75985000	      7499	8000aa0c	46274993	xori	x19,x14,1122	 x14:0xfffff700 x19=0xfffff362
       75995000	      7500	8000aa10	e0f36e37	lui	x28,0xe0f36	 x28=0xe0f36000
       76005000	      7501	8000aa14	01aa4c63	blt	x20,x26,8000aa2c	 x20:0x00000001 x26:0x7ffde91c
       76025000	      7503	8000aa2c	dfa1c2b7	lui	x5,0xdfa1c	  x5=0xdfa1c000
       76035000	      7504	8000aa30	00e18f33	add	x30,x3,x14	  x3:0xffffffff x14:0xfffff700 x30=0xfffff6ff
       76045000	      7505	8000aa34	a00a8093	addi	x1,x21,-1536	 x21:0x00000009  x1=0xfffffa09
       76055000	      7506	8000aa38	60320013	addi	x0,x4,1539	  x4:0x00000000  x0=0x00000000
       76065000	      7507	8000aa3c	c695	c.beqz	x13,8000aa68	 x13:0x00000000
       76445000	      7545	8000aa68	022d5b33	divu	x22,x26,x2	 x26:0x7ffde91c  x2:0x80021e1c x22=0x00000000
       76455000	      7546	8000aa6c	8c29	c.xor	x8,x10	  x8:0x00000000 x10:0x000001c0  x8=0x000001c0
       76465000	      7547	8000aa6e	8f09	c.sub	x14,x10	 x14:0xfffff700 x10:0x000001c0 x14=0xfffff540
       76475000	      7548	8000aa70	8079	c.srli	x8,0x1e	  x8:0x000001c0  x8=0x00000000
       76485000	      7549	8000aa72	3405d1f3	csrrwi	x3,mscratch,11	  x3=0x00000000
       76495000	      7550	8000aa76	0c11	c.addi	x24,4	 x24:0x0001b000 x24=0x0001b004
       76505000	      7551	8000aa78	34002673	csrrs	x12,mscratch,x0	  x0:0x00000000 x12=0x0000000b
       76515000	      7552	8000aa7c	0bbe	c.slli	x23,0xf	 x23:0xfffffffb x23=0xfffd8000
       76555000	      7556	8000aa7e	020ca6b3	mulhsu	x13,x25,x0	 x25:0x00059e00  x0:0x00000000 x13=0x00000000
       76565000	      7557	8000aa82	9e39f517	auipc	x10,0x9e39f	 x10=0x1e3a9a82
       76575000	      7558	8000aa86	e5149fb7	lui	x31,0xe5149	 x31=0xe5149000
       76585000	      7559	8000aa8a	03f3f063	bgeu	x7,x31,8000aaaa	  x7:0x00000000 x31:0xe5149000
       76595000	      7560	8000aa8e	01d803b3	add	x7,x16,x29	 x16:0xfffd310b x29:0x00000001  x7=0xfffd310c
       76605000	      7561	8000aa92	8e39	c.xor	x12,x14	 x12:0x0000000b x14:0xfffff540 x12=0xfffff54b
       76615000	      7562	8000aa94	009ef933	and	x18,x29,x9	 x29:0x00000001  x9:0xc0000000 x18=0x00000000
       76625000	      7563	8000aa98	053f8163	beq	x31,x19,8000aada	 x31:0xe5149000 x19:0xfffff362
       76635000	      7564	8000aa9c	0606	c.slli	x12,0x1	 x12:0xfffff54b x12=0xffffea96
       76645000	      7565	8000aa9e	41735293	srai	x5,x6,0x17	  x6:0xdc393000  x5=0xffffffb8
       76675000	      7568	8000aaa2	03520a33	mul	x20,x4,x21	  x4:0x00000000 x21:0x00000009 x20=0x00000000
       76685000	      7569	8000aaa6	01560433	add	x8,x12,x21	 x12:0xffffea96 x21:0x00000009  x8=0xffffea9f
       76695000	      7570	8000aaaa	8e1d	c.sub	x12,x15	 x12:0xffffea96 x15:0x80025ce4 x12=0x7ffd8db2
       76705000	      7571	8000aaac	0001	c.addi	x0,0	  x0:0x00000000  x0=0x00000000
       76715000	      7572	8000aaae	019f3a33	sltu	x20,x30,x25	 x30:0xfffff6ff x25:0x00059e00 x20=0x00000000
       76725000	      7573	8000aab2	0001	c.addi	x0,0	  x0:0x00000000  x0=0x00000000
       76735000	      7574	8000aab4	00ea5433	srl	x8,x20,x14	 x20:0x00000000 x14:0xfffff540  x8=0x00000000
       76745000	      7575	8000aab8	0000100f	fence.i	
       76765000	      7577	8000aabc	34007ef3	csrrci	x29,mscratch,0	 x29=0x0000000b
       76775000	      7578	8000aac0	0323ee63	bltu	x7,x18,8000aafc	  x7:0xfffd310c x18:0x00000000
       76785000	      7579	8000aac4	2ac77393	andi	x7,x14,684	 x14:0xfffff540  x7=0x00000000
       76795000	      7580	8000aac8	0001	c.addi	x0,0	  x0:0x00000000  x0=0x00000000
       76805000	      7581	8000aaca	01607a63	bgeu	x0,x22,8000aade	  x0:0x00000000 x22:0x00000000
       77195000	      7620	8000aade	02ef6eb3	rem	x29,x30,x14	 x30:0xfffff6ff x14:0xfffff540 x29=0xfffff6ff
       77205000	      7621	8000aae2	09f9	c.addi	x19,30	 x19:0xfffff362 x19=0xfffff380
       77225000	      7623	8000aae4	02d1dfb3	divu	x31,x3,x13	  x3:0x00000000 x13:0x00000000 x31=0xffffffff
       77235000	      7624	8000aae8	413b5eb3	sra	x29,x22,x19	 x22:0x00000000 x19:0xfffff380 x29=0x00000000
       77245000	      7625	8000aaec	34011d73	csrrw	x26,mscratch,x2	  x2:0x80021e1c x26=0x0000000b
       77255000	      7626	8000aaf0	188eee13	ori	x28,x29,392	 x29:0x00000000 x28=0x00000188
       77265000	      7627	8000aaf4	00e5b333	sltu	x6,x11,x14	 x11:0x80021e1c x14:0xfffff540  x6=0x00000001
       77275000	      7628	8000aaf8	0149df13	srli	x30,x19,0x14	 x19:0xfffff380 x30=0x00000fff
       77285000	      7629	8000aafc	8635	c.srai	x12,0xd	 x12:0x7ffd8db2 x12=0x0003ffec
       77295000	      7630	8000aafe	00eade63	bge	x21,x14,8000ab1a	 x21:0x00000009 x14:0xfffff540
       77325000	      7633	8000ab1a	002cfdb3	and	x27,x25,x2	 x25:0x00059e00  x2:0x80021e1c x27=0x00001e00
       77335000	      7634	8000ab1e	6d6d	c.lui	x26,0x1b	 x26=0x0001b000
       77345000	      7635	8000ab20	0001	c.addi	x0,0	  x0:0x00000000  x0=0x00000000
       77355000	      7636	8000ab22	47957393	andi	x7,x10,1145	 x10:0x1e3a9a82  x7=0x00000000
       77365000	      7637	8000ab26	0003a933	slt	x18,x7,x0	  x7:0x00000000  x0:0x00000000 x18=0x00000000
       77375000	      7638	8000ab2a	340265f3	csrrsi	x11,mscratch,4	 x11=0x80021e1c
       77745000	      7675	8000ab2e	03f1cbb3	div	x23,x3,x31	  x3:0x00000000 x31:0xffffffff x23=0x00000000
       77755000	      7676	8000ab32	987d	c.andi	x8,-1	  x8:0x00000000  x8=0x00000000
       77765000	      7677	8000ab34	019df6b3	and	x13,x27,x25	 x27:0x00001e00 x25:0x00059e00 x13=0x00001e00
       77775000	      7678	8000ab38	011652b3	srl	x5,x12,x17	 x12:0x0003ffec x17:0x00000000  x5=0x0003ffec
       77815000	      7682	8000ab3c	024f2833	mulhsu	x16,x30,x4	 x30:0x00000fff  x4:0x00000000 x16=0x00000000
       77825000	      7683	8000ab40	4056da13	srai	x20,x13,0x5	 x13:0x00001e00 x20=0x000000f0
       77855000	      7686	8000ab44	039b0cb3	mul	x25,x22,x25	 x22:0x00000000 x25:0x00059e00 x25=0x00000000
       77865000	      7687	8000ab48	8dad	c.xor	x11,x11	 x11:0x80021e1c x11:0x80021e1c x11=0x00000000
       77875000	      7688	8000ab4a	a0dc4693	xori	x13,x24,-1523	 x24:0x0001b004 x13=0xfffe4a09
       77885000	      7689	8000ab4e	8f35	c.xor	x14,x13	 x14:0xfffff540 x13:0xfffe4a09 x14=0x0001bf49
       78255000	      7726	8000ab50	03586db3	rem	x27,x16,x21	 x16:0x00000000 x21:0x00000009 x27=0x00000000
       78265000	      7727	8000ab54	340510f3	csrrw	x1,mscratch,x10	 x10:0x1e3a9a82  x1=0x80021e1c
       78275000	      7728	8000ab58	6de9	c.lui	x27,0x1a	 x27=0x0001a000
       78285000	      7729	8000ab5a	34003cf3	csrrc	x25,mscratch,x0	  x0:0x00000000 x25=0x1e3a9a82
       78295000	      7730	8000ab5e	340fd8f3	csrrwi	x17,mscratch,31	 x17=0x1e3a9a82
       78665000	      7767	8000ab62	0211c6b3	div	x13,x3,x1	  x3:0x00000000  x1:0x80021e1c x13=0x00000000
       78705000	      7771	8000ab66	0247ab33	mulhsu	x22,x15,x4	 x15:0x80025ce4  x4:0x00000000 x22=0x00000000
       78715000	      7772	8000ab6a	34011273	csrrw	x4,mscratch,x2	  x2:0x80021e1c  x4=0x0000001f
       78725000	      7773	8000ab6e	465dc537	lui	x10,0x465dc	 x10=0x465dc000
       78735000	      7774	8000ab72	0ff0000f	fence	iorw,iorw	
       78745000	      7775	8000ab76	88454293	xori	x5,x10,-1916	 x10:0x465dc000  x5=0xb9a23884
       78755000	      7776	8000ab7a	8ec1	c.or	x13,x8	 x13:0x00000000  x8:0x00000000 x13=0x00000000
       78765000	      7777	8000ab7c	05fd7937	lui	x18,0x5fd7	 x18=0x05fd7000
       78775000	      7778	8000ab80	8dc5	c.or	x11,x9	 x11:0x00000000  x9:0xc0000000 x11=0xc0000000
       78785000	      7779	8000ab82	8ecd	c.or	x13,x11	 x13:0x00000000 x11:0xc0000000 x13=0xc0000000
       78805000	      7781	8000ab84	0205d033	divu	x0,x11,x0	 x11:0xc0000000  x0:0x00000000  x0=0x00000000
       78815000	      7782	8000ab88	01b15b33	srl	x22,x2,x27	  x2:0x80021e1c x27:0x0001a000 x22=0x80021e1c
       79185000	      7819	8000ab8c	02dd4833	div	x16,x26,x13	 x26:0x0001b000 x13:0xc0000000 x16=0x00000000
       79195000	      7820	8000ab90	cf15	c.beqz	x14,8000abcc	 x14:0x0001bf49
       79205000	      7821	8000ab92	03f1c763	blt	x3,x31,8000abc0	  x3:0x00000000 x31:0xffffffff
       79215000	      7822	8000ab96	0001	c.addi	x0,0	  x0:0x00000000  x0=0x00000000
       79255000	      7826	8000ab98	036c1433	mulh	x8,x24,x22	 x24:0x0001b004 x22:0x80021e1c  x8=0xffff2801
       79625000	      7863	8000ab9c	0341ed33	rem	x26,x3,x20	  x3:0x00000000 x20:0x000000f0 x26=0x00000000
       79635000	      7864	8000aba0	81b97513	andi	x10,x18,-2021	 x18:0x05fd7000 x10=0x05fd7000
       79665000	      7867	8000aba4	037801b3	mul	x3,x16,x23	 x16:0x00000000 x23:0x00000000  x3=0x00000000
       79675000	      7868	8000aba8	0001	c.addi	x0,0	  x0:0x00000000  x0=0x00000000
       79715000	      7872	8000abaa	02cfbb33	mulhu	x22,x31,x12	 x31:0xffffffff x12:0x0003ffec x22=0x0003ffeb
       79725000	      7873	8000abae	7db6af13	slti	x30,x13,2011	 x13:0xc0000000 x30=0x00000001
       79735000	      7874	8000abb2	049b3313	sltiu	x6,x22,73	 x22:0x0003ffeb  x6=0x00000000
       79745000	      7875	8000abb6	8469	c.srai	x8,0x1a	  x8:0xffff2801  x8=0xffffffff
       79755000	      7876	8000abb8	01558a63	beq	x11,x21,8000abcc	 x11:0xc0000000 x21:0x00000009
       79765000	      7877	8000abbc	0f235217	auipc	x4,0xf235	  x4=0x8f23fbbc
       79775000	      7878	8000abc0	3402e773	csrrsi	x14,mscratch,5	 x14=0x80021e1c
       79785000	      7879	8000abc4	8b93e613	ori	x12,x7,-1863	  x7:0x00000000 x12=0xfffff8b9
       79795000	      7880	8000abc8	0194a533	slt	x10,x9,x25	  x9:0xc0000000 x25:0x1e3a9a82 x10=0x00000001
       79805000	      7881	8000abcc	0001	c.addi	x0,0	  x0:0x00000000  x0=0x00000000
       79835000	      7884	8000abce	027e0e33	mul	x28,x28,x7	 x28:0x00000188  x7:0x00000000 x28=0x00000000
       79845000	      7885	8000abd2	01fe3f33	sltu	x30,x28,x31	 x28:0x00000000 x31:0xffffffff x30=0x00000001
       79855000	      7886	8000abd6	8d45	c.or	x10,x9	 x10:0x00000001  x9:0xc0000000 x10=0xc0000001
       79865000	      7887	8000abd8	00d79f93	slli	x31,x15,0xd	 x15:0x80025ce4 x31=0x4b9c8000
       79875000	      7888	8000abdc	03496f63	bltu	x18,x20,8000ac1a	 x18:0x05fd7000 x20:0x000000f0
       79885000	      7889	8000abe0	8cb1	c.xor	x9,x12	  x9:0xc0000000 x12:0xfffff8b9  x9=0x3ffff8b9
       79895000	      7890	8000abe2	0316	c.slli	x6,0x5	  x6:0x00000000  x6=0x00000000
       79905000	      7891	8000abe4	011f84b3	add	x9,x31,x17	 x31:0x4b9c8000 x17:0x1e3a9a82  x9=0x69d71a82
       79915000	      7892	8000abe8	de7f8c97	auipc	x25,0xde7f8	 x25=0x5e802be8
       79925000	      7893	8000abec	fec2f393	andi	x7,x5,-20	  x5:0xb9a23884  x7=0xb9a23884
       79935000	      7894	8000abf0	e28d	c.bnez	x13,8000ac12	 x13:0xc0000000
       79995000	      7900	8000ac12	03fd26b3	mulhsu	x13,x26,x31	 x26:0x00000000 x31:0x4b9c8000 x13=0x00000000
       80005000	      7901	8000ac16	03a5d663	bge	x11,x26,8000ac42	 x11:0xc0000000 x26:0x00000000
       80015000	      7902	8000ac1a	0188ffb3	and	x31,x17,x24	 x17:0x1e3a9a82 x24:0x0001b004 x31=0x00009000
       80025000	      7903	8000ac1e	0a61b993	sltiu	x19,x3,166	  x3:0x00000000 x19=0x00000001
       80065000	      7907	8000ac22	0389a433	mulhsu	x8,x19,x24	 x19:0x00000001 x24:0x0001b004  x8=0x00000000
       80075000	      7908	8000ac26	00d82433	slt	x8,x16,x13	 x16:0x00000000 x13:0x00000000  x8=0x00000000
       80085000	      7909	8000ac2a	01118a33	add	x20,x3,x17	  x3:0x00000000 x17:0x1e3a9a82 x20=0x1e3a9a82
       80095000	      7910	8000ac2e	01024f33	xor	x30,x4,x16	  x4:0x8f23fbbc x16:0x00000000 x30=0x8f23fbbc
       80105000	      7911	8000ac32	019606b3	add	x13,x12,x25	 x12:0xfffff8b9 x25:0x5e802be8 x13=0x5e8024a1
       80115000	      7912	8000ac36	34093f73	csrrc	x30,mscratch,x18	 x18:0x05fd7000 x30=0x80021e1d
       80125000	      7913	8000ac3a	41598f33	sub	x30,x19,x21	 x19:0x00000001 x21:0x00000009 x30=0xfffffff8
       80135000	      7914	8000ac3e	0000100f	fence.i	
       80165000	      7917	8000ac42	0000100f	fence.i	
       80195000	      7920	8000ac46	00d91eb3	sll	x29,x18,x13	 x18:0x05fd7000 x13:0x5e8024a1 x29=0x0bfae000
       80205000	      7921	8000ac4a	406bd6b3	sra	x13,x23,x6	 x23:0x00000000  x6:0x00000000 x13=0x00000000
       80235000	      7924	8000ac4e	038e0533	mul	x10,x28,x24	 x28:0x00000000 x24:0x0001b004 x10=0x00000000
       80245000	      7925	8000ac52	02ea9963	bne	x21,x14,8000ac84	 x21:0x00000009 x14:0x80021e1c
       80265000	      7927	8000ac84	015755b3	srl	x11,x14,x21	 x14:0x80021e1c x21:0x00000009 x11=0x0040010f
       80275000	      7928	8000ac88	4195	c.li	x3,5	  x3=0x00000005
       80285000	      7929	8000ac8a	00928033	add	x0,x5,x9	  x5:0xb9a23884  x9:0x69d71a82  x0=0x00000000
       80295000	      7930	8000ac8e	83aa	c.mv	x7,x10	  x0:0x00000000 x10:0x00000000  x7=0x00000000
       80305000	      7931	8000ac90	34059ef3	csrrw	x29,mscratch,x11	 x11:0x0040010f x29=0x80020e1d
       80315000	      7932	8000ac94	e49d	c.bnez	x9,8000acc2	  x9:0x69d71a82
       80375000	      7938	8000acc2	0269b0b3	mulhu	x1,x19,x6	 x19:0x00000001  x6:0x00000000  x1=0x00000000
       80385000	      7939	8000acc6	34006ff3	csrrsi	x31,mscratch,0	 x31=0x0040010f
       80395000	      7940	8000acca	015b0563	beq	x22,x21,8000acd4	 x22:0x0003ffeb x21:0x00000009
       80405000	      7941	8000acce	8ca5	c.xor	x9,x9	  x9:0x69d71a82  x9:0x69d71a82  x9=0x00000000
       80415000	      7942	8000acd0	007acbb3	xor	x23,x21,x7	 x21:0x00000009  x7:0x00000000 x23=0x00000009
       80425000	      7943	8000acd4	d1f61c37	lui	x24,0xd1f61	 x24=0xd1f61000
       80435000	      7944	8000acd8	9a7d	c.andi	x12,-1	 x12:0xfffff8b9 x12=0xfffff8b9
       80445000	      7945	8000acda	0099b9b3	sltu	x19,x19,x9	 x19:0x00000001  x9:0x00000000 x19=0x00000000
       80455000	      7946	8000acde	0001	c.addi	x0,0	  x0:0x00000000  x0=0x00000000
       80465000	      7947	8000ace0	40e251b3	sra	x3,x4,x14	  x4:0x8f23fbbc x14:0x80021e1c  x3=0xfffffff8
       80475000	      7948	8000ace4	9fa2	c.add	x31,x8	 x31:0x0040010f  x8:0x00000000 x31=0x0040010f
       80485000	      7949	8000ace6	f44d6b93	ori	x23,x26,-188	 x26:0x00000000 x23=0xffffff44
       80495000	      7950	8000acea	89ac7a13	andi	x20,x24,-1894	 x24:0xd1f61000 x20=0xd1f61000
       80505000	      7951	8000acee	41c5de13	srai	x28,x11,0x1c	 x11:0x0040010f x28=0x00000000
       80515000	      7952	8000acf2	8db5	c.xor	x11,x13	 x11:0x0040010f x13:0x00000000 x11=0x0040010f
       80525000	      7953	8000acf4	340123f3	csrrs	x7,mscratch,x2	  x2:0x80021e1c  x7=0x0040010f
       80535000	      7954	8000acf8	00719f63	bne	x3,x7,8000ad16	  x3:0xfffffff8  x7:0x0040010f
       80565000	      7957	8000ad16	03920963	beq	x4,x25,8000ad48	  x4:0x8f23fbbc x25:0x5e802be8
       80605000	      7961	8000ad1a	0333a733	mulhsu	x14,x7,x19	  x7:0x0040010f x19:0x00000000 x14=0x00000000
       80615000	      7962	8000ad1e	03c5f963	bgeu	x11,x28,8000ad50	 x11:0x0040010f x28:0x00000000
       80635000	      7964	8000ad50	4202ac93	slti	x25,x5,1056	  x5:0xb9a23884 x25=0x00000001
       80645000	      7965	8000ad54	ef05	c.bnez	x14,8000ad8c	 x14:0x00000000
       80655000	      7966	8000ad56	40e550b3	sra	x1,x10,x14	 x10:0x00000000 x14:0x00000000  x1=0x00000000
       80665000	      7967	8000ad5a	051f4363	blt	x30,x17,8000ada0	 x30:0xfffffff8 x17:0x1e3a9a82
       80685000	      7969	8000ada0	ce0cab93	slti	x23,x25,-800	 x25:0x00000001 x23=0x00000000
       81055000	      8006	8000ada4	02b2ef33	rem	x30,x5,x11	  x5:0xb9a23884 x11:0x0040010f x30=0xffe361fb
       81065000	      8007	8000ada8	01cf9cb3	sll	x25,x31,x28	 x31:0x0040010f x28:0x00000000 x25=0x0040010f
       81085000	      8009	8000adac	02a85b33	divu	x22,x16,x10	 x16:0x00000000 x10:0x00000000 x22=0xffffffff
       81095000	      8010	8000adb0	03c8f963	bgeu	x17,x28,8000ade2	 x17:0x1e3a9a82 x28:0x00000000
       81115000	      8012	8000ade2	99fd	c.andi	x11,-1	 x11:0x0040010f x11=0x0040010f
       81125000	      8013	8000ade4	84f1	c.srai	x9,0x1c	  x9:0x00000000  x9=0x00000000
       81135000	      8014	8000ade6	8cb5	c.xor	x9,x13	  x9:0x00000000 x13:0x00000000  x9=0x00000000
       81145000	      8015	8000ade8	0e32	c.slli	x28,0xc	 x28:0x00000000 x28=0x00000000
       81155000	      8016	8000adea	6599	c.lui	x11,0x6	 x11=0x00006000
       81175000	      8018	8000adec	03a6f5b3	remu	x11,x13,x26	 x13:0x00000000 x26:0x00000000 x11=0x00000000
       81545000	      8055	8000adf0	03e5f433	remu	x8,x11,x30	 x11:0x00000000 x30:0xffe361fb  x8=0x00000000
       81555000	      8056	8000adf4	01691e93	slli	x29,x18,0x16	 x18:0x05fd7000 x29=0x00000000
       81565000	      8057	8000adf8	41e35e13	srai	x28,x6,0x1e	  x6:0x00000000 x28=0x00000000
       81575000	      8058	8000adfc	036b6563	bltu	x22,x22,8000ae26	 x22:0xffffffff x22:0xffffffff
       81585000	      8059	8000ae00	0ff0000f	fence	iorw,iorw	
       81595000	      8060	8000ae04	4042d393	srai	x7,x5,0x4	  x5:0xb9a23884  x7=0xfb9a2388
       81605000	      8061	8000ae08	660d	c.lui	x12,0x3	 x12=0x00003000
       81615000	      8062	8000ae0a	b92cab93	slti	x23,x25,-1134	 x25:0x0040010f x23=0x00000000
       81625000	      8063	8000ae0e	050fe363	bltu	x31,x16,8000ae54	 x31:0x0040010f x16:0x00000000
       81665000	      8067	8000ae12	021535b3	mulhu	x11,x10,x1	 x10:0x00000000  x1:0x00000000 x11=0x00000000
       81675000	      8068	8000ae16	340ca373	csrrs	x6,mscratch,x25	 x25:0x0040010f  x6=0x80421f1f
       81685000	      8069	8000ae1a	d61f8d13	addi	x26,x31,-671	 x31:0x0040010f x26=0x003ffe70
       81695000	      8070	8000ae1e	02f5d663	bge	x11,x15,8000ae4a	 x11:0x00000000 x15:0x80025ce4
       81725000	      8073	8000ae4a	01045513	srli	x10,x8,0x10	  x8:0x00000000 x10=0x00000000
       81735000	      8074	8000ae4e	8f2d	c.xor	x14,x11	 x14:0x00000000 x11:0x00000000 x14=0x00000000
       82105000	      8111	8000ae50	0388ca33	div	x20,x17,x24	 x17:0x1e3a9a82 x24:0xd1f61000 x20=0x00000000
       82115000	      8112	8000ae54	8f6d	c.and	x14,x11	 x14:0x00000000 x11:0x00000000 x14=0x00000000
       82125000	      8113	8000ae56	413a5393	srai	x7,x20,0x13	 x20:0x00000000  x7=0x00000000
       82135000	      8114	8000ae5a	34001ef3	csrrw	x29,mscratch,x0	  x0:0x00000000 x29=0x80421f1f
       82145000	      8115	8000ae5e	81b1	c.srli	x11,0xc	 x11:0x00000000 x11=0x00000000
       82155000	      8116	8000ae60	0eba	c.slli	x29,0xe	 x29:0x80421f1f x29=0x87c7c000
       82165000	      8117	8000ae62	01121393	slli	x7,x4,0x11	  x4:0x8f23fbbc  x7=0xf7780000
       82205000	      8121	8000ae66	0259b9b3	mulhu	x19,x19,x5	 x19:0x00000000  x5:0xb9a23884 x19=0x00000000
       82215000	      8122	8000ae6a	415ed313	srai	x6,x29,0x15	 x29:0x87c7c000  x6=0xfffffc3e
       82225000	      8123	8000ae6e	1f7d	c.addi	x30,-1	 x30:0xffe361fb x30=0xffe361fa
       82235000	      8124	8000ae70	8f01	c.sub	x14,x8	 x14:0x00000000  x8:0x00000000 x14=0x00000000
       82265000	      8127	8000ae72	025b04b3	mul	x9,x22,x5	 x22:0xffffffff  x5:0xb9a23884  x9=0x465dc77c
       82275000	      8128	8000ae76	41de5913	srai	x18,x28,0x1d	 x28:0x00000000 x18=0x00000000
       82285000	      8129	8000ae7a	a5810f93	addi	x31,x2,-1448	  x2:0x80021e1c x31=0x80021874
       82295000	      8130	8000ae7e	3407d373	csrrwi	x6,mscratch,15	  x6=0x00000000
       82305000	      8131	8000ae82	0291	c.addi	x5,4	  x5:0xb9a23884  x5=0xb9a23888
       82315000	      8132	8000ae84	ef0d	c.bnez	x14,8000aebe	 x14:0x00000000
       82325000	      8133	8000ae86	013c9663	bne	x25,x19,8000ae92	 x25:0x0040010f x19:0x00000000
       82355000	      8136	8000ae92	ebb67f93	andi	x31,x12,-325	 x12:0x00003000 x31=0x00003000
       82365000	      8137	8000ae96	011f9333	sll	x6,x31,x17	 x31:0x00003000 x17:0x1e3a9a82  x6=0x0000c000
       82375000	      8138	8000ae9a	0d6e	c.slli	x26,0x1b	 x26:0x003ffe70 x26=0x80000000
       82385000	      8139	8000ae9c	0001	c.addi	x0,0	  x0:0x00000000  x0=0x00000000
       82395000	      8140	8000ae9e	0029d4b3	srl	x9,x19,x2	 x19:0x00000000  x2:0x80021e1c  x9=0x00000000
       82405000	      8141	8000aea2	89b1	c.andi	x11,12	 x11:0x00000000 x11=0x00000000
       82415000	      8142	8000aea4	828e	c.mv	x5,x3	  x0:0x00000000  x3:0xfffffff8  x5=0xfffffff8
       82425000	      8143	8000aea6	8461	c.srai	x8,0x18	  x8:0x00000000  x8=0x00000000
       82435000	      8144	8000aea8	34089bf3	csrrw	x23,mscratch,x17	 x17:0x1e3a9a82 x23=0x0000000f
       82445000	      8145	8000aeac	41018433	sub	x8,x3,x16	  x3:0xfffffff8 x16:0x00000000  x8=0xfffffff8
       82455000	      8146	8000aeb0	0ff0000f	fence	iorw,iorw	
       82465000	      8147	8000aeb4	9cb7ee13	ori	x28,x15,-1589	 x15:0x80025ce4 x28=0xfffffdef
       82835000	      8184	8000aeb8	03c14e33	div	x28,x2,x28	  x2:0x80021e1c x28:0xfffffdef x28=0x003df075
       82845000	      8185	8000aebc	64f9	c.lui	x9,0x1e	  x9=0x0001e000
       82855000	      8186	8000aebe	00e39593	slli	x11,x7,0xe	  x7:0xf7780000 x11=0x00000000
       82895000	      8190	8000aec2	02efa2b3	mulhsu	x5,x31,x14	 x31:0x00003000 x14:0x00000000  x5=0x00000000
       82905000	      8191	8000aec6	0001	c.addi	x0,0	  x0:0x00000000  x0=0x00000000
       82915000	      8192	8000aec8	577d	c.li	x14,-1	 x14=0xffffffff
       82925000	      8193	8000aeca	c70d	c.beqz	x14,8000aef4	 x14:0xffffffff
       82935000	      8194	8000aecc	000931b3	sltu	x3,x18,x0	 x18:0x00000000  x0:0x00000000  x3=0x00000000
       82945000	      8195	8000aed0	340032f3	csrrc	x5,mscratch,x0	  x0:0x00000000  x5=0x1e3a9a82
       82955000	      8196	8000aed4	8ea1	c.xor	x13,x8	 x13:0x00000000  x8:0xfffffff8 x13=0xfffffff8
       82965000	      8197	8000aed6	99e2	c.add	x19,x24	 x19:0x00000000 x24:0xd1f61000 x19=0xd1f61000
       82975000	      8198	8000aed8	997d	c.andi	x10,-1	 x10:0x00000000 x10=0x00000000
       82985000	      8199	8000aeda	340a1b73	csrrw	x22,mscratch,x20	 x20:0x00000000 x22=0x1e3a9a82
       82995000	      8200	8000aede	55c03c13	sltiu	x24,x0,1372	  x0:0x00000000 x24=0x00000001
       83005000	      8201	8000aee2	00ee0f63	beq	x28,x14,8000af00	 x28:0x003df075 x14:0xffffffff
       83015000	      8202	8000aee6	00f28bb3	add	x23,x5,x15	  x5:0x1e3a9a82 x15:0x80025ce4 x23=0x9e3cf766
       83025000	      8203	8000aeea	92e2	c.add	x5,x24	  x5:0x1e3a9a82 x24:0x00000001  x5=0x1e3a9a83
       83035000	      8204	8000aeec	e899	c.bnez	x9,8000af02	  x9:0x0001e000
       83055000	      8206	8000af02	8ee1	c.and	x13,x8	 x13:0xfffffff8  x8:0xfffffff8 x13=0xfffffff8
       83425000	      8243	8000af04	03e3cf33	div	x30,x7,x30	  x7:0xf7780000 x30:0xffe361fa x30=0x0000004c
       83435000	      8244	8000af08	01d6d213	srli	x4,x13,0x1d	 x13:0xfffffff8  x4=0x00000007
       83445000	      8245	8000af0c	832d	c.srli	x14,0xb	 x14:0xffffffff x14=0x001fffff
       83455000	      8246	8000af0e	014e0533	add	x10,x28,x20	 x28:0x003df075 x20:0x00000000 x10=0x003df075
       83465000	      8247	8000af12	0001	c.addi	x0,0	  x0:0x00000000  x0=0x00000000
       83475000	      8248	8000af14	6655	c.lui	x12,0x15	 x12=0x00015000
       83485000	      8249	8000af16	34041873	csrrw	x16,mscratch,x8	  x8:0xfffffff8 x16=0x00000000
       83495000	      8250	8000af1a	8ccd	c.or	x9,x11	  x9:0x0001e000 x11:0x00000000  x9=0x0001e000
       83505000	      8251	8000af1c	031ecd63	blt	x29,x17,8000af56	 x29:0x87c7c000 x17:0x1e3a9a82
       83525000	      8253	8000af56	8c8d	c.sub	x9,x11	  x9:0x0001e000 x11:0x00000000  x9=0x0001e000
       83535000	      8254	8000af58	7593a713	slti	x14,x7,1881	  x7:0xf7780000 x14=0x00000001
       83545000	      8255	8000af5c	00c8f1b3	and	x3,x17,x12	 x17:0x1e3a9a82 x12:0x00015000  x3=0x00001000
       83555000	      8256	8000af60	02b3e963	bltu	x7,x11,8000af92	  x7:0xf7780000 x11:0x00000000
       83565000	      8257	8000af64	05897163	bgeu	x18,x24,8000afa6	 x18:0x00000000 x24:0x00000001
       83575000	      8258	8000af68	0891	c.addi	x17,4	 x17:0x1e3a9a82 x17=0x1e3a9a86
       83585000	      8259	8000af6a	41f1d0b3	sra	x1,x3,x31	  x3:0x00001000 x31:0x00003000  x1=0x00001000
       83595000	      8260	8000af6e	0912	c.slli	x18,0x4	 x18:0x00000000 x18=0x00000000
       83605000	      8261	8000af70	02727163	bgeu	x4,x7,8000af92	  x4:0x00000007  x7:0xf7780000
       83615000	      8262	8000af74	02891c63	bne	x18,x8,8000afac	 x18:0x00000000  x8:0xfffffff8
       83635000	      8264	8000afac	8e62	c.mv	x28,x24	  x0:0x00000000 x24:0x00000001 x28=0x00000001
       83645000	      8265	8000afae	340615f3	csrrw	x11,mscratch,x12	 x12:0x00015000 x11=0xfffffff8
       83655000	      8266	8000afb2	017123b3	slt	x7,x2,x23	  x2:0x80021e1c x23:0x9e3cf766  x7=0x00000001
       83665000	      8267	8000afb6	0013d863	bge	x7,x1,8000afc6	  x7:0x00000001  x1:0x00001000
       83675000	      8268	8000afba	4e94fb93	andi	x23,x9,1257	  x9:0x0001e000 x23=0x00000000
       83685000	      8269	8000afbe	8f61	c.and	x14,x8	 x14:0x00000001  x8:0xfffffff8 x14=0x00000000
       83695000	      8270	8000afc0	86e5	c.srai	x13,0x19	 x13:0xfffffff8 x13=0xffffffff
       83705000	      8271	8000afc2	004b46b3	xor	x13,x22,x4	 x22:0x1e3a9a82  x4:0x00000007 x13=0x1e3a9a85
       83715000	      8272	8000afc6	340cf0f3	csrrci	x1,mscratch,25	  x1=0x00015000
       83725000	      8273	8000afca	6bf5	c.lui	x23,0x1d	 x23=0x0001d000
       84095000	      8310	8000afcc	0241d5b3	divu	x11,x3,x4	  x3:0x00001000  x4:0x00000007 x11=0x00000249
       84105000	      8311	8000afd0	0ff0000f	fence	iorw,iorw	
       84115000	      8312	8000afd4	340a5873	csrrwi	x16,mscratch,20	 x16=0x00015000
       84125000	      8313	8000afd8	3403a773	csrrs	x14,mscratch,x7	  x7:0x00000001 x14=0x00000014
       84135000	      8314	8000afdc	02f66663	bltu	x12,x15,8000b008	 x12:0x00015000 x15:0x80025ce4
       84155000	      8316	8000b008	3554fe93	andi	x29,x9,853	  x9:0x0001e000 x29=0x00000000
       84165000	      8317	8000b00c	01aa88b3	add	x17,x21,x26	 x21:0x00000009 x26:0x80000000 x17=0x80000009
       84175000	      8318	8000b010	010ccb63	blt	x25,x16,8000b026	 x25:0x0040010f x16:0x00015000
       84185000	      8319	8000b014	34007f73	csrrci	x30,mscratch,0	 x30=0x00000015
       84195000	      8320	8000b018	8801	c.andi	x8,0	  x8:0xfffffff8  x8=0x00000000
       84205000	      8321	8000b01a	019f6db3	or	x27,x30,x25	 x30:0x00000015 x25:0x0040010f x27=0x0040011f
       84215000	      8322	8000b01e	01e9d293	srli	x5,x19,0x1e	 x19:0xd1f61000  x5=0x00000003
       84225000	      8323	8000b022	03bd7763	bgeu	x26,x27,8000b050	 x26:0x80000000 x27:0x0040011f
       84245000	      8325	8000b050	8f0e	c.mv	x30,x3	  x0:0x00000000  x3:0x00001000 x30=0x00001000
       84255000	      8326	8000b052	00c2e4b3	or	x9,x5,x12	  x5:0x00000003 x12:0x00015000  x9=0x00015003
       84265000	      8327	8000b056	007b21b3	slt	x3,x22,x7	 x22:0x1e3a9a82  x7:0x00000001  x3=0x00000000
       84635000	      8364	8000b05a	03126db3	rem	x27,x4,x17	  x4:0x00000007 x17:0x80000009 x27=0x00000007
       84645000	      8365	8000b05e	034a	c.slli	x6,0x12	  x6:0x0000c000  x6=0x00000000
       84655000	      8366	8000b060	01d51213	slli	x4,x10,0x1d	 x10:0x003df075  x4=0xa0000000
       85025000	      8403	8000b064	03c06833	rem	x16,x0,x28	  x0:0x00000000 x28:0x00000001 x16=0x00000000
       85035000	      8404	8000b068	8921	c.andi	x10,8	 x10:0x003df075 x10=0x00000000
       85045000	      8405	8000b06a	8d9d	c.sub	x11,x15	 x11:0x00000249 x15:0x80025ce4 x11=0x7ffda565
       85055000	      8406	8000b06c	0031ee33	or	x28,x3,x3	  x3:0x00000000  x3:0x00000000 x28=0x00000000
       85065000	      8407	8000b070	8ef1	c.and	x13,x12	 x13:0x1e3a9a85 x12:0x00015000 x13=0x00001000
       85435000	      8444	8000b072	0354e033	rem	x0,x9,x21	  x9:0x00015003 x21:0x00000009  x0=0x00000000
       85445000	      8445	8000b076	8dd1	c.or	x11,x12	 x11:0x7ffda565 x12:0x00015000 x11=0x7ffdf565
       85455000	      8446	8000b078	340b5cf3	csrrwi	x25,mscratch,22	 x25=0x00000015
       85465000	      8447	8000b07c	9befe413	ori	x8,x31,-1602	 x31:0x00003000  x8=0xfffff9be
       85475000	      8448	8000b080	005df5b3	and	x11,x27,x5	 x27:0x00000007  x5:0x00000003 x11=0x00000003
       85485000	      8449	8000b084	c105	c.beqz	x10,8000b0a4	 x10:0x00000000
       85865000	      8487	8000b0a4	02fde833	rem	x16,x27,x15	 x27:0x00000007 x15:0x80025ce4 x16=0x00000007
       85875000	      8488	8000b0a8	03039563	bne	x7,x16,8000b0d2	  x7:0x00000001 x16:0x00000007
       85905000	      8491	8000b0d2	41f9dd93	srai	x27,x19,0x1f	 x19:0xd1f61000 x27=0xffffffff
       85935000	      8494	8000b0d6	02848db3	mul	x27,x9,x8	  x9:0x00015003  x8:0xfffff9be x27=0xf7c94d3a
       85945000	      8495	8000b0da	340331f3	csrrc	x3,mscratch,x6	  x6:0x00000000  x3=0x00000016
       85955000	      8496	8000b0de	5db1ae13	slti	x28,x3,1499	  x3:0x00000016 x28=0x00000001
       85965000	      8497	8000b0e2	0548c063	blt	x17,x20,8000b122	 x17:0x80000009 x20:0x00000000
       86355000	      8536	8000b122	023a59b3	divu	x19,x20,x3	 x20:0x00000000  x3:0x00000016 x19=0x00000000
       86365000	      8537	8000b126	0000100f	fence.i	
       86385000	      8539	8000b12a	6ed5	c.lui	x29,0x15	 x29=0x00015000
       86395000	      8540	8000b12c	927e	c.add	x4,x31	  x4:0xa0000000 x31:0x00003000  x4=0xa0003000
       86405000	      8541	8000b12e	340b54f3	csrrwi	x9,mscratch,22	  x9=0x00000016
       86415000	      8542	8000b132	04dc8163	beq	x25,x13,8000b174	 x25:0x00000015 x13:0x00001000
       86425000	      8543	8000b136	8f61	c.and	x14,x8	 x14:0x00000014  x8:0xfffff9be x14=0x00000014
       86435000	      8544	8000b138	0433f163	bgeu	x7,x3,8000b17a	  x7:0x00000001  x3:0x00000016
       86445000	      8545	8000b13c	00f2	c.slli	x1,0x1c	  x1:0x00015000  x1=0x00000000
       86455000	      8546	8000b13e	ca0d	c.beqz	x12,8000b170	 x12:0x00015000
       86465000	      8547	8000b140	001948b3	xor	x17,x18,x1	 x18:0x00000000  x1:0x00000000 x17=0x00000000
       86475000	      8548	8000b144	009cc8b3	xor	x17,x25,x9	 x25:0x00000015  x9:0x00000016 x17=0x00000003
       86485000	      8549	8000b148	011038b3	sltu	x17,x0,x17	  x0:0x00000000 x17:0x00000003 x17=0x00000001
       86495000	      8550	8000b14c	00301493	slli	x9,x0,0x3	  x0:0x00000000  x9=0x00000000
       86505000	      8551	8000b150	41a4d033	sra	x0,x9,x26	  x9:0x00000000 x26:0x80000000  x0=0x00000000
       86515000	      8552	8000b154	3405a073	csrrs	x0,mscratch,x11	 x11:0x00000003  x0=0x00000000
       86525000	      8553	8000b158	34002873	csrrs	x16,mscratch,x0	  x0:0x00000000 x16=0x00000017
       86555000	      8556	8000b15c	021986b3	mul	x13,x19,x1	 x19:0x00000000  x1:0x00000000 x13=0x00000000
       86565000	      8557	8000b160	032b1963	bne	x22,x18,8000b192	 x22:0x1e3a9a82 x18:0x00000000
       86595000	      8560	8000b192	340d3a73	csrrc	x20,mscratch,x26	 x26:0x80000000 x20=0x00000017
       86605000	      8561	8000b196	16702c93	slti	x25,x0,359	  x0:0x00000000 x25=0x00000001
       86615000	      8562	8000b19a	3401d273	csrrwi	x4,mscratch,3	  x4=0x00000017
       86625000	      8563	8000b19e	67be5cb7	lui	x25,0x67be5	 x25=0x67be5000
       86635000	      8564	8000b1a2	c6bfab93	slti	x23,x31,-917	 x31:0x00003000 x23=0x00000000
       86675000	      8568	8000b1a6	029f1a33	mulh	x20,x30,x9	 x30:0x00001000  x9:0x00000000 x20=0x00000000
       86685000	      8569	8000b1aa	8d536617	auipc	x12,0x8d536	 x12=0x0d5411aa
       86695000	      8570	8000b1ae	f69c0b93	addi	x23,x24,-151	 x24:0x00000001 x23=0xffffff6a
       86705000	      8571	8000b1b2	340d16f3	csrrw	x13,mscratch,x26	 x26:0x80000000 x13=0x00000003
       86715000	      8572	8000b1b6	017098b3	sll	x17,x1,x23	  x1:0x00000000 x23:0xffffff6a x17=0x00000000
       86725000	      8573	8000b1ba	0001	c.addi	x0,0	  x0:0x00000000  x0=0x00000000
       86735000	      8574	8000b1bc	01199193	slli	x3,x19,0x11	 x19:0x00000000  x3=0x00000000
       86745000	      8575	8000b1c0	340016f3	csrrw	x13,mscratch,x0	  x0:0x00000000 x13=0x80000000
       86755000	      8576	8000b1c4	01957c33	and	x24,x10,x25	 x10:0x00000000 x25:0x67be5000 x24=0x00000000
       86795000	      8580	8000b1c8	03ce2933	mulhsu	x18,x28,x28	 x28:0x00000001 x28:0x00000001 x18=0x00000000
       86805000	      8581	8000b1cc	048e	c.slli	x9,0x3	  x9:0x00000000  x9=0x00000000
       86815000	      8582	8000b1ce	406b80b3	sub	x1,x23,x6	 x23:0xffffff6a  x6:0x00000000  x1=0xffffff6a
       86825000	      8583	8000b1d2	76ea3017	auipc	x0,0x76ea3	  x0=0x00000000
       86835000	      8584	8000b1d6	01e66f33	or	x30,x12,x30	 x12:0x0d5411aa x30:0x00001000 x30=0x0d5411aa
       86845000	      8585	8000b1da	6f95	c.lui	x31,0x5	 x31=0x00005000
       86855000	      8586	8000b1dc	98ce	c.add	x17,x19	 x17:0x00000000 x19:0x00000000 x17=0x00000000
       86865000	      8587	8000b1de	40f75f93	srai	x31,x14,0xf	 x14:0x00000014 x31=0x00000000
       87235000	      8624	8000b1e2	0368f8b3	remu	x17,x17,x22	 x17:0x00000000 x22:0x1e3a9a82 x17=0x00000000
       87245000	      8625	8000b1e6	00674db3	xor	x27,x14,x6	 x14:0x00000014  x6:0x00000000 x27=0x00000014
       87255000	      8626	8000b1ea	8c3d	c.xor	x8,x15	  x8:0xfffff9be x15:0x80025ce4  x8=0x7ffda55a
       87265000	      8627	8000b1ec	c861ec93	ori	x25,x3,-890	  x3:0x00000000 x25=0xfffffc86
       87275000	      8628	8000b1f0	41ab8633	sub	x12,x23,x26	 x23:0xffffff6a x26:0x80000000 x12=0x7fffff6a
       87285000	      8629	8000b1f4	404bddb3	sra	x27,x23,x4	 x23:0xffffff6a  x4:0x00000017 x27=0xffffffff
       87295000	      8630	8000b1f8	00a6	c.slli	x1,0x9	  x1:0xffffff6a  x1=0xfffed400
       87305000	      8631	8000b1fa	01a3c4b3	xor	x9,x7,x26	  x7:0x00000001 x26:0x80000000  x9=0x80000001
       87315000	      8632	8000b1fe	00217663	bgeu	x2,x2,8000b20a	  x2:0x80021e1c  x2:0x80021e1c
       87705000	      8671	8000b20a	03bf4933	div	x18,x30,x27	 x30:0x0d5411aa x27:0xffffffff x18=0xf2abee56
       87715000	      8672	8000b20e	40f25333	sra	x6,x4,x15	  x4:0x00000017 x15:0x80025ce4  x6=0x00000001
       87725000	      8673	8000b212	cb97c2b7	lui	x5,0xcb97c	  x5=0xcb97c000
       88095000	      8710	8000b216	03b466b3	rem	x13,x8,x27	  x8:0x7ffda55a x27:0xffffffff x13=0x00000000
       88105000	      8711	8000b21a	4212	c.lwsp	x4,4(x2)	  x2:0x80021e1c  x4=0x80002ff8 PA:0x80021e20 load:0x80002ff8
       88115000	      8712	8000b21c	02810113	addi	x2,x2,40	  x2:0x80021e1c  x2=0x80021e44
       88125000	      8713	8000b220	807d	c.srli	x8,0x1f	  x8:0x7ffda55a  x8=0x00000000
       88135000	      8714	8000b222	00120d93	addi	x27,x4,1	  x4:0x80002ff8 x27=0x80002ff9
       88145000	      8715	8000b226	8d82	c.jr	x27	 x27:0x80002ff9
       88165000	      8717	80002ff8	0e22	c.slli	x28,0x8	 x28:0x00000001 x28=0x00000100
       88175000	      8718	80002ffa	95ecb013	sltiu	x0,x25,-1698	 x25:0xfffffc86  x0=0x00000000
       88185000	      8719	80002ffe	547d	c.li	x8,-1	  x8=0xffffffff
       88555000	      8756	80003000	02fbf5b3	remu	x11,x23,x15	 x23:0xffffff6a x15:0x80025ce4 x11=0x7ffda286
       88565000	      8757	80003004	016d0033	add	x0,x26,x22	 x26:0x80000000 x22:0x1e3a9a82  x0=0x00000000
       88575000	      8758	80003008	030aef63	bltu	x21,x16,80003046	 x21:0x00000009 x16:0x00000017
       88605000	      8761	80003046	416881b3	sub	x3,x17,x22	 x17:0x00000000 x22:0x1e3a9a82  x3=0xe1c5657e
       88615000	      8762	8000304a	3403b873	csrrc	x16,mscratch,x7	  x7:0x00000001 x16=0x00000000
       88625000	      8763	8000304e	400fd493	srai	x9,x31,0x0	 x31:0x00000000  x9=0x00000000
       88635000	      8764	80003052	0000100f	fence.i	
       88655000	      8766	80003056	8cdd	c.or	x9,x15	  x9:0x00000000 x15:0x80025ce4  x9=0x80025ce4
       88665000	      8767	80003058	00056f33	or	x30,x10,x0	 x10:0x00000000  x0:0x00000000 x30=0x00000000
       88675000	      8768	8000305c	0001	c.addi	x0,0	  x0:0x00000000  x0=0x00000000
       88705000	      8771	8000305e	03bd8fb3	mul	x31,x27,x27	 x27:0x80002ff9 x27:0x80002ff9 x31=0x08fd6031
       88715000	      8772	80003062	9c96	c.add	x25,x5	 x25:0xfffffc86  x5:0xcb97c000 x25=0xcb97bc86
       88725000	      8773	80003064	01d71293	slli	x5,x14,0x1d	 x14:0x00000014  x5=0x80000000
       88735000	      8774	80003068	8f29	c.xor	x14,x10	 x14:0x00000014 x10:0x00000000 x14=0x00000014
       88745000	      8775	8000306a	340038f3	csrrc	x17,mscratch,x0	  x0:0x00000000 x17=0x00000000
       88755000	      8776	8000306e	405fd9b3	sra	x19,x31,x5	 x31:0x08fd6031  x5:0x80000000 x19=0x08fd6031
       88765000	      8777	80003072	3400a2f3	csrrs	x5,mscratch,x1	  x1:0xfffed400  x5=0x00000000
       88775000	      8778	80003076	01272b33	slt	x22,x14,x18	 x14:0x00000014 x18:0xf2abee56 x22=0x00000000
       88785000	      8779	8000307a	00051813	slli	x16,x10,0x0	 x10:0x00000000 x16=0x00000000
       88795000	      8780	8000307e	e415	c.bnez	x8,800030aa	  x8:0xffffffff
       88825000	      8783	800030aa	340c5df3	csrrwi	x27,mscratch,24	 x27=0xfffed400
       88835000	      8784	800030ae	34075573	csrrwi	x10,mscratch,14	 x10=0x00000018
       88845000	      8785	800030b2	8955	c.andi	x10,21	 x10:0x00000018 x10=0x00000010
       88855000	      8786	800030b4	40285833	sra	x16,x16,x2	 x16:0x00000000  x2:0x80021e44 x16=0x00000000
       88865000	      8787	800030b8	38c3f613	andi	x12,x7,908	  x7:0x00000001 x12=0x00000000
       88875000	      8788	800030bc	01df0d33	add	x26,x30,x29	 x30:0x00000000 x29:0x00015000 x26=0x00015000
       88885000	      8789	800030c0	00afd693	srli	x13,x31,0xa	 x31:0x08fd6031 x13=0x00023f58
       88895000	      8790	800030c4	8f51	c.or	x14,x12	 x14:0x00000014 x12:0x00000000 x14=0x00000014
       88905000	      8791	800030c6	ee257513	andi	x10,x10,-286	 x10:0x00000010 x10=0x00000000
       88945000	      8795	800030ca	03f69d33	mulh	x26,x13,x31	 x13:0x00023f58 x31:0x08fd6031 x26=0x00001434
       88955000	      8796	800030ce	01f079b3	and	x19,x0,x31	  x0:0x00000000 x31:0x08fd6031 x19=0x00000000
       88965000	      8797	800030d2	025f9c63	bne	x31,x5,8000310a	 x31:0x08fd6031  x5:0x00000000
       88985000	      8799	8000310a	8fa2	c.mv	x31,x8	  x0:0x00000000  x8:0xffffffff x31=0xffffffff
       89015000	      8802	8000310c	03ac8233	mul	x4,x25,x26	 x25:0xcb97bc86 x26:0x00001434  x4=0x358cc338
       89025000	      8803	80003110	40678d33	sub	x26,x15,x6	 x15:0x80025ce4  x6:0x00000001 x26=0x80025ce3
       89035000	      8804	80003114	8cbd	c.xor	x9,x15	  x9:0x80025ce4 x15:0x80025ce4  x9=0x00000000
       89045000	      8805	80003116	0000100f	fence.i	
       89075000	      8808	8000311a	01c5ef63	bltu	x11,x28,80003138	 x11:0x7ffda286 x28:0x00000100
       89085000	      8809	8000311e	00f746b3	xor	x13,x14,x15	 x14:0x00000014 x15:0x80025ce4 x13=0x80025cf0
       89095000	      8810	80003122	e67ff713	andi	x14,x31,-409	 x31:0xffffffff x14=0xfffffe67
       89105000	      8811	80003126	0073e633	or	x12,x7,x7	  x7:0x00000001  x7:0x00000001 x12=0x00000001
       89115000	      8812	8000312a	8d45	c.or	x10,x9	 x10:0x00000000  x9:0x00000000 x10=0x00000000
       89125000	      8813	8000312c	fa590637	lui	x12,0xfa590	 x12=0xfa590000
       89135000	      8814	80003130	340d7773	csrrci	x14,mscratch,26	 x14=0x0000000e
       89145000	      8815	80003134	340e5b73	csrrwi	x22,mscratch,28	 x22=0x00000004
       89155000	      8816	80003138	0ff0000f	fence	iorw,iorw	
       89165000	      8817	8000313c	0062d593	srli	x11,x5,0x6	  x5:0x00000000 x11=0x00000000
       89175000	      8818	80003140	3400f0f3	csrrci	x1,mscratch,1	  x1=0x0000001c
       89185000	      8819	80003144	00e64cb3	xor	x25,x12,x14	 x12:0xfa590000 x14:0x0000000e x25=0xfa59000e
       89195000	      8820	80003148	89b1	c.andi	x11,12	 x11:0x00000000 x11=0x00000000
       89205000	      8821	8000314a	002d0563	beq	x26,x2,80003154	 x26:0x80025ce3  x2:0x80021e44
       89215000	      8822	8000314e	547d	c.li	x8,-1	  x8=0xffffffff
       89225000	      8823	80003150	0111dbb3	srl	x23,x3,x17	  x3:0xe1c5657e x17:0x00000000 x23=0xe1c5657e
       89235000	      8824	80003154	340f1e73	csrrw	x28,mscratch,x30	 x30:0x00000000 x28=0x0000001c
       89245000	      8825	80003158	408950b3	sra	x1,x18,x8	 x18:0xf2abee56  x8:0xffffffff  x1=0xffffffff
       89255000	      8826	8000315c	340b50f3	csrrwi	x1,mscratch,22	  x1=0x00000000
       89265000	      8827	80003160	038d0563	beq	x26,x24,8000318a	 x26:0x80025ce3 x24:0x00000000
       89275000	      8828	80003164	00981633	sll	x12,x16,x9	 x16:0x00000000  x9:0x00000000 x12=0x00000000
       89285000	      8829	80003168	4078d513	srai	x10,x17,0x7	 x17:0x00000000 x10=0x00000000
       89295000	      8830	8000316c	0024c6b3	xor	x13,x9,x2	  x9:0x00000000  x2:0x80021e44 x13=0x80021e44
       89305000	      8831	80003170	ed99	c.bnez	x11,8000318e	 x11:0x00000000
       89315000	      8832	80003172	340ba6f3	csrrs	x13,mscratch,x23	 x23:0xe1c5657e x13=0x00000016
       89685000	      8869	80003176	03905e33	divu	x28,x0,x25	  x0:0x00000000 x25:0xfa59000e x28=0x00000000
       89725000	      8873	8000317a	02a73233	mulhu	x4,x14,x10	 x14:0x0000000e x10:0x00000000  x4=0x00000000
       89735000	      8874	8000317e	01caa1b3	slt	x3,x21,x28	 x21:0x00000009 x28:0x00000000  x3=0x00000000
       89745000	      8875	80003182	41c204b3	sub	x9,x4,x28	  x4:0x00000000 x28:0x00000000  x9=0x00000000
       89755000	      8876	80003186	340d6f73	csrrsi	x30,mscratch,26	 x30=0xe1c5657e
       89765000	      8877	8000318a	01ce2cb3	slt	x25,x28,x28	 x28:0x00000000 x28:0x00000000 x25=0x00000000
       89775000	      8878	8000318e	89ce	c.mv	x19,x19	  x0:0x00000000 x19:0x00000000 x19=0x00000000
       89785000	      8879	80003190	8fc6	c.mv	x31,x17	  x0:0x00000000 x17:0x00000000 x31=0x00000000
       89795000	      8880	80003192	90e6	c.add	x1,x25	  x1:0x00000000 x25:0x00000000  x1=0x00000000
       89805000	      8881	80003194	8755	c.srai	x14,0x15	 x14:0x0000000e x14=0x00000000
       89815000	      8882	80003196	03f7c663	blt	x15,x31,800031c2	 x15:0x80025ce4 x31:0x00000000
       89845000	      8885	800031c2	0019e8b3	or	x17,x19,x1	 x19:0x00000000  x1:0x00000000 x17=0x00000000
       89855000	      8886	800031c6	0001	c.addi	x0,0	  x0:0x00000000  x0=0x00000000
       89865000	      8887	800031c8	0932	c.slli	x18,0xc	 x18:0xf2abee56 x18=0xbee56000
       89875000	      8888	800031ca	0000100f	fence.i	
       89895000	      8890	800031ce	1c7d	c.addi	x24,-1	 x24:0x00000000 x24=0xffffffff
       89905000	      8891	800031d0	34002573	csrrs	x10,mscratch,x0	  x0:0x00000000 x10=0xe1c5657e
       89915000	      8892	800031d4	8a29	c.andi	x12,10	 x12:0x00000000 x12=0x00000000
       89925000	      8893	800031d6	84d6	c.mv	x9,x21	  x0:0x00000000 x21:0x00000009  x9=0x00000009
       89935000	      8894	800031d8	00cf1813	slli	x16,x30,0xc	 x30:0xe1c5657e x16=0x5657e000
       89945000	      8895	800031dc	0ff0000f	fence	iorw,iorw	
       89955000	      8896	800031e0	0351c863	blt	x3,x21,80003210	  x3:0x00000000 x21:0x00000009
       89975000	      8898	80003210	0001	c.addi	x0,0	  x0:0x00000000  x0=0x00000000
       89985000	      8899	80003212	cb05	c.beqz	x14,80003242	 x14:0x00000000
       90005000	      8901	80003242	0001	c.addi	x0,0	  x0:0x00000000  x0=0x00000000
       90015000	      8902	80003244	f1ca6013	ori	x0,x20,-228	 x20:0x00000000  x0=0x00000000
       90025000	      8903	80003248	00ec5e13	srli	x28,x24,0xe	 x24:0xffffffff x28=0x0003ffff
       90035000	      8904	8000324c	960e	c.add	x12,x3	 x12:0x00000000  x3:0x00000000 x12=0x00000000
       90045000	      8905	8000324e	ef19	c.bnez	x14,8000326c	 x14:0x00000000
       90055000	      8906	80003250	0001	c.addi	x0,0	  x0:0x00000000  x0=0x00000000
       90065000	      8907	80003252	e73fb913	sltiu	x18,x31,-397	 x31:0x00000000 x18=0x00000001
       90105000	      8911	80003256	03161e33	mulh	x28,x12,x17	 x12:0x00000000 x17:0x00000000 x28=0x00000000
       90115000	      8912	8000325a	ce34ec93	ori	x25,x9,-797	  x9:0x00000009 x25=0xfffffceb
       90125000	      8913	8000325e	00241d13	slli	x26,x8,0x2	  x8:0xffffffff x26=0xfffffffc
       90135000	      8914	80003262	012b49b3	xor	x19,x22,x18	 x22:0x00000004 x18:0x00000001 x19=0x00000005
       90145000	      8915	80003266	00335c63	bge	x6,x3,8000327e	  x6:0x00000001  x3:0x00000000
       90205000	      8921	8000327e	02edbb33	mulhu	x22,x27,x14	 x27:0xfffed400 x14:0x00000000 x22=0x00000000
       90215000	      8922	80003282	340a2d73	csrrs	x26,mscratch,x20	 x20:0x00000000 x26=0xe1c5657e
       90225000	      8923	80003286	040dc893	xori	x17,x27,64	 x27:0xfffed400 x17=0xfffed440
       90235000	      8924	8000328a	1bb5f393	andi	x7,x11,443	 x11:0x00000000  x7=0x00000000
       90245000	      8925	8000328e	0001	c.addi	x0,0	  x0:0x00000000  x0=0x00000000
       90255000	      8926	80003290	4212	c.lwsp	x4,4(x2)	  x2:0x80021e44  x4=0x80002db0 PA:0x80021e48 load:0x80002db0
       90265000	      8927	80003292	01db44b3	xor	x9,x22,x29	 x22:0x00000000 x29:0x00015000  x9=0x00015000
       90295000	      8930	80003296	037b8d33	mul	x26,x23,x23	 x23:0xe1c5657e x23:0xe1c5657e x26=0xd828aa04
       90305000	      8931	8000329a	a8ec0597	auipc	x11,0xa8ec0	 x11=0x28ec329a
       90315000	      8932	8000329e	34091773	csrrw	x14,mscratch,x18	 x18:0x00000001 x14=0xe1c5657e
       90325000	      8933	800032a2	6105	c.addi16sp	x2,32	  x2:0x80021e44  x2=0x80021e64
       90335000	      8934	800032a4	8dd1	c.or	x11,x12	 x11:0x28ec329a x12:0x00000000 x11=0x28ec329a
       90345000	      8935	800032a6	885e	c.mv	x16,x23	  x0:0x00000000 x23:0xe1c5657e x16=0xe1c5657e
       90355000	      8936	800032a8	00120e13	addi	x28,x4,1	  x4:0x80002db0 x28=0x80002db1
       90365000	      8937	800032ac	8e02	c.jr	x28	 x28:0x80002db1
       90385000	      8939	80002db0	0169b633	sltu	x12,x19,x22	 x19:0x00000005 x22:0x00000000 x12=0x00000000
       90405000	      8941	80002db4	02325c33	divu	x24,x4,x3	  x4:0x80002db0  x3:0x00000000 x24=0xffffffff
       90415000	      8942	80002db8	8f7d	c.and	x14,x15	 x14:0xe1c5657e x15:0x80025ce4 x14=0x80004464
       90455000	      8946	80002dba	022f98b3	mulh	x17,x31,x2	 x31:0x00000000  x2:0x80021e64 x17=0x00000000
       90465000	      8947	80002dbe	99ce	c.add	x19,x19	 x19:0x00000005 x19:0x00000005 x19=0x0000000a
       90475000	      8948	80002dc0	01446db3	or	x27,x8,x20	  x8:0xffffffff x20:0x00000000 x27=0xffffffff
       90485000	      8949	80002dc4	2fb8fb17	auipc	x22,0x2fb8f	 x22=0xafb91dc4
       90495000	      8950	80002dc8	473f4513	xori	x10,x30,1139	 x30:0xe1c5657e x10=0xe1c5610d
       90505000	      8951	80002dcc	4059d833	sra	x16,x19,x5	 x19:0x0000000a  x5:0x00000000 x16=0x0000000a
       90515000	      8952	80002dd0	c49d	c.beqz	x9,80002dfe	  x9:0x00015000
       90555000	      8956	80002dd2	023712b3	mulh	x5,x14,x3	 x14:0x80004464  x3:0x00000000  x5=0x00000000
       90565000	      8957	80002dd6	01ad	c.addi	x3,11	  x3:0x00000000  x3=0x0000000b
       90575000	      8958	80002dd8	cc91	c.beqz	x9,80002df4	  x9:0x00015000
       90585000	      8959	80002dda	41e286b3	sub	x13,x5,x30	  x5:0x00000000 x30:0xe1c5657e x13=0x1e3a9a82
       90595000	      8960	80002dde	001f8833	add	x16,x31,x1	 x31:0x00000000  x1:0x00000000 x16=0x00000000
       90635000	      8964	80002de2	03f31633	mulh	x12,x6,x31	  x6:0x00000001 x31:0x00000000 x12=0x00000000
       90645000	      8965	80002de6	0001	c.addi	x0,0	  x0:0x00000000  x0=0x00000000
       90655000	      8966	80002de8	4106dbb3	sra	x23,x13,x16	 x13:0x1e3a9a82 x16:0x00000000 x23=0x1e3a9a82
       90665000	      8967	80002dec	8dc5	c.or	x11,x9	 x11:0x28ec329a  x9:0x00015000 x11=0x28ed729a
       90675000	      8968	80002dee	41b55833	sra	x16,x10,x27	 x10:0xe1c5610d x27:0xffffffff x16=0xffffffff
       90685000	      8969	80002df2	e189	c.bnez	x11,80002df4	 x11:0x28ed729a
       90705000	      8971	80002df4	00ea	c.slli	x1,0x1a	  x1:0x00000000  x1=0x00000000
       90715000	      8972	80002df6	8609	c.srai	x12,0x2	 x12:0x00000000 x12=0x00000000
       90725000	      8973	80002df8	340066f3	csrrsi	x13,mscratch,0	 x13=0x00000001
       90735000	      8974	80002dfc	059e	c.slli	x11,0x7	 x11:0x28ed729a x11=0x76b94d00
       90745000	      8975	80002dfe	8e49	c.or	x12,x10	 x12:0x00000000 x10:0xe1c5610d x12=0xe1c5610d
       90755000	      8976	80002e00	00a67333	and	x6,x12,x10	 x12:0xe1c5610d x10:0xe1c5610d  x6=0xe1c5610d
       90765000	      8977	80002e04	34006c73	csrrsi	x24,mscratch,0	 x24=0x00000001
       90775000	      8978	80002e08	00fa9893	slli	x17,x21,0xf	 x21:0x00000009 x17=0x00048000
       90785000	      8979	80002e0c	0089f663	bgeu	x19,x8,80002e18	 x19:0x0000000a  x8:0xffffffff
       90795000	      8980	80002e10	0001	c.addi	x0,0	  x0:0x00000000  x0=0x00000000
       90805000	      8981	80002e12	055e	c.slli	x10,0x17	 x10:0xe1c5610d x10=0x86800000
       90815000	      8982	80002e14	01816863	bltu	x2,x24,80002e24	  x2:0x80021e64 x24:0x00000001
       90825000	      8983	80002e18	0106f663	bgeu	x13,x16,80002e24	 x13:0x00000001 x16:0xffffffff
       90835000	      8984	80002e1c	01315193	srli	x3,x2,0x13	  x2:0x80021e64  x3=0x00001000
       90845000	      8985	80002e20	021e0f63	beq	x28,x1,80002e5e	 x28:0x80002db1  x1:0x00000000
       90855000	      8986	80002e24	987d	c.andi	x8,-1	  x8:0xffffffff  x8=0xffffffff
       90865000	      8987	80002e26	8c3d	c.xor	x8,x15	  x8:0xffffffff x15:0x80025ce4  x8=0x7ffda31b
       90875000	      8988	80002e28	03194463	blt	x18,x17,80002e50	 x18:0x00000001 x17:0x00048000
       90895000	      8990	80002e50	8f6d	c.and	x14,x11	 x14:0x80004464 x11:0x76b94d00 x14=0x00004400
       90905000	      8991	80002e52	02b95963	bge	x18,x11,80002e84	 x18:0x00000001 x11:0x76b94d00
       90935000	      8994	80002e56	03998c33	mul	x24,x19,x25	 x19:0x0000000a x25:0xfffffceb x24=0xffffe12e
       90945000	      8995	80002e5a	00cc1fb3	sll	x31,x24,x12	 x24:0xffffe12e x12:0xe1c5610d x31=0xfc25c000
       90955000	      8996	80002e5e	72278593	addi	x11,x15,1826	 x15:0x80025ce4 x11=0x80026406
       90965000	      8997	80002e62	412a5233	sra	x4,x20,x18	 x20:0x00000000 x18:0x00000001  x4=0x00000000
       90975000	      8998	80002e66	0327e263	bltu	x15,x18,80002e8a	 x15:0x80025ce4 x18:0x00000001
       90985000	      8999	80002e6a	0094d763	bge	x9,x9,80002e78	  x9:0x00015000  x9:0x00015000
       91005000	      9001	80002e78	4177d533	sra	x10,x15,x23	 x15:0x80025ce4 x23:0x1e3a9a82 x10=0xe0009739
       91015000	      9002	80002e7c	340fb3f3	csrrc	x7,mscratch,x31	 x31:0xfc25c000  x7=0x00000001
       91025000	      9003	80002e80	41e50db3	sub	x27,x10,x30	 x10:0xe0009739 x30:0xe1c5657e x27=0xfe3b31bb
       91035000	      9004	80002e84	8f5d	c.or	x14,x15	 x14:0x00004400 x15:0x80025ce4 x14=0x80025ce4
       91045000	      9005	80002e86	03f9f363	bgeu	x19,x31,80002eac	 x19:0x0000000a x31:0xfc25c000
       91075000	      9008	80002e8a	02300933	mul	x18,x0,x3	  x0:0x00000000  x3:0x00001000 x18=0x00000000
       91085000	      9009	80002e8e	003854b3	srl	x9,x16,x3	 x16:0xffffffff  x3:0x00001000  x9=0xffffffff
       91095000	      9010	80002e92	8f7d	c.and	x14,x15	 x14:0x80025ce4 x15:0x80025ce4 x14=0x80025ce4
       91105000	      9011	80002e94	340aacf3	csrrs	x25,mscratch,x21	 x21:0x00000009 x25=0x00000001
       91115000	      9012	80002e98	2bb76993	ori	x19,x14,699	 x14:0x80025ce4 x19=0x80025eff
       91125000	      9013	80002e9c	e501	c.bnez	x10,80002ea4	 x10:0xe0009739
       91145000	      9015	80002ea4	011353b3	srl	x7,x6,x17	  x6:0xe1c5610d x17:0x00048000  x7=0xe1c5610d
       91155000	      9016	80002ea8	34002bf3	csrrs	x23,mscratch,x0	  x0:0x00000000 x23=0x00000009
       91165000	      9017	80002eac	009fa9b3	slt	x19,x31,x9	 x31:0xfc25c000  x9:0xffffffff x19=0x00000001
       91175000	      9018	80002eb0	f76acd13	xori	x26,x21,-138	 x21:0x00000009 x26=0xffffff7f
       91185000	      9019	80002eb4	01064263	blt	x12,x16,80002eb8	 x12:0xe1c5610d x16:0xffffffff
       91205000	      9021	80002eb8	8359	c.srli	x14,0x16	 x14:0x80025ce4 x14=0x00000200
       91215000	      9022	80002eba	0000100f	fence.i	
       91245000	      9025	80002ebe	ce777293	andi	x5,x14,-793	 x14:0x00000200  x5=0x00000000
       91255000	      9026	80002ec2	405b85b3	sub	x11,x23,x5	 x23:0x00000009  x5:0x00000000 x11=0x00000009
       91265000	      9027	80002ec6	01165663	bge	x12,x17,80002ed2	 x12:0xe1c5610d x17:0x00048000
       91275000	      9028	80002eca	010bd013	srli	x0,x23,0x10	 x23:0x00000009  x0=0x00000000
       91285000	      9029	80002ece	001d2fb3	slt	x31,x26,x1	 x26:0xffffff7f  x1:0x00000000 x31=0x00000001
       91295000	      9030	80002ed2	6f1c11b7	lui	x3,0x6f1c1	  x3=0x6f1c1000
       91305000	      9031	80002ed6	3402da73	csrrwi	x20,mscratch,5	 x20=0x00000009
       91315000	      9032	80002eda	bfd82393	slti	x7,x16,-1027	 x16:0xffffffff  x7=0x00000000
       91325000	      9033	80002ede	34025b73	csrrwi	x22,mscratch,4	 x22=0x00000005
       91335000	      9034	80002ee2	11a27413	andi	x8,x4,282	  x4:0x00000000  x8=0x00000000
       91345000	      9035	80002ee6	00571663	bne	x14,x5,80002ef2	 x14:0x00000200  x5:0x00000000
       91375000	      9038	80002ef2	00265533	srl	x10,x12,x2	 x12:0xe1c5610d  x2:0x80021e64 x10=0x0e1c5610
       91385000	      9039	80002ef6	01e15393	srli	x7,x2,0x1e	  x2:0x80021e64  x7=0x00000002
       91395000	      9040	80002efa	009a4433	xor	x8,x20,x9	 x20:0x00000009  x9:0xffffffff  x8=0xfffffff6
       91405000	      9041	80002efe	52f70db7	lui	x27,0x52f70	 x27=0x52f70000
       91415000	      9042	80002f02	01d85b13	srli	x22,x16,0x1d	 x16:0xffffffff x22=0x00000007
       91425000	      9043	80002f06	0080ebb3	or	x23,x1,x8	  x1:0x00000000  x8:0xfffffff6 x23=0xfffffff6
       91435000	      9044	80002f0a	0000100f	fence.i	
       91465000	      9047	80002f0e	340df373	csrrci	x6,mscratch,27	  x6=0x00000004
       91475000	      9048	80002f12	4095dcb3	sra	x25,x11,x9	 x11:0x00000009  x9:0xffffffff x25=0x00000000
       91515000	      9052	80002f16	0292ac33	mulhsu	x24,x5,x9	  x5:0x00000000  x9:0xffffffff x24=0x00000000
       91525000	      9053	80002f1a	0012ba33	sltu	x20,x5,x1	  x5:0x00000000  x1:0x00000000 x20=0x00000000
       91535000	      9054	80002f1e	340066f3	csrrsi	x13,mscratch,0	 x13=0x00000004
       91545000	      9055	80002f22	34056cf3	csrrsi	x25,mscratch,10	 x25=0x00000004
       91555000	      9056	80002f26	00ee4d33	xor	x26,x28,x14	 x28:0x80002db1 x14:0x00000200 x26=0x80002fb1
       91565000	      9057	80002f2a	29d97193	andi	x3,x18,669	 x18:0x00000000  x3=0x00000000
       91575000	      9058	80002f2e	0001	c.addi	x0,0	  x0:0x00000000  x0=0x00000000
       91585000	      9059	80002f30	0ff0000f	fence	iorw,iorw	
       91595000	      9060	80002f34	d18b0a13	addi	x20,x22,-744	 x22:0x00000007 x20=0xfffffd1f
       91605000	      9061	80002f38	0072a433	slt	x8,x5,x7	  x5:0x00000000  x7:0x00000002  x8=0x00000001
       91615000	      9062	80002f3c	5dfd	c.li	x27,-1	 x27=0xffffffff
       91625000	      9063	80002f3e	8d5d	c.or	x10,x15	 x10:0x0e1c5610 x15:0x80025ce4 x10=0x8e1e5ef4
       91635000	      9064	80002f40	00eef533	and	x10,x29,x14	 x29:0x00015000 x14:0x00000200 x10=0x00000000
       91645000	      9065	80002f44	8a32	c.mv	x20,x12	  x0:0x00000000 x12:0xe1c5610d x20=0xe1c5610d
       91655000	      9066	80002f46	e099	c.bnez	x9,80002f4c	  x9:0xffffffff
       92035000	      9104	80002f4c	02c47333	remu	x6,x8,x12	  x8:0x00000001 x12:0xe1c5610d  x6=0x00000001
       92045000	      9105	80002f50	507cee93	ori	x29,x25,1287	 x25:0x00000004 x29=0x00000507
       92055000	      9106	80002f54	41615eb3	sra	x29,x2,x22	  x2:0x80021e64 x22:0x00000007 x29=0xff00043c
       92065000	      9107	80002f58	340ba273	csrrs	x4,mscratch,x23	 x23:0xfffffff6  x4=0x0000000e
       92075000	      9108	80002f5c	0001	c.addi	x0,0	  x0:0x00000000  x0=0x00000000
       92085000	      9109	80002f5e	0001	c.addi	x0,0	  x0:0x00000000  x0=0x00000000
       92095000	      9110	80002f60	00ed5213	srli	x4,x26,0xe	 x26:0x80002fb1  x4=0x00020000
       92105000	      9111	80002f64	4bd5ec13	ori	x24,x11,1213	 x11:0x00000009 x24=0x000004bd
       92115000	      9112	80002f68	cc198913	addi	x18,x19,-831	 x19:0x00000001 x18=0xfffffcc2
       92125000	      9113	80002f6c	8d61	c.and	x10,x8	 x10:0x00000000  x8:0x00000001 x10=0x00000000
       92135000	      9114	80002f6e	00107b33	and	x22,x0,x1	  x0:0x00000000  x1:0x00000000 x22=0x00000000
       92145000	      9115	80002f72	8e69	c.and	x12,x10	 x12:0xe1c5610d x10:0x00000000 x12=0x00000000
       92155000	      9116	80002f74	418206b3	sub	x13,x4,x24	  x4:0x00020000 x24:0x000004bd x13=0x0001fb43
       92525000	      9153	80002f78	03d7d733	divu	x14,x15,x29	 x15:0x80025ce4 x29:0xff00043c x14=0x00000000
       92535000	      9154	80002f7c	938a	c.add	x7,x2	  x7:0x00000002  x2:0x80021e64  x7=0x80021e66
       92555000	      9156	80002f7e	021f43b3	div	x7,x30,x1	 x30:0xe1c5657e  x1:0x00000000  x7=0xffffffff
       92565000	      9157	80002f82	41625c33	sra	x24,x4,x22	  x4:0x00020000 x22:0x00000000 x24=0x00020000
       92575000	      9158	80002f86	0211f063	bgeu	x3,x1,80002fa6	  x3:0x00000000  x1:0x00000000
       92605000	      9161	80002fa6	40c38fb3	sub	x31,x7,x12	  x7:0xffffffff x12:0x00000000 x31=0xffffffff
       92615000	      9162	80002faa	01ae9963	bne	x29,x26,80002fbc	 x29:0xff00043c x26:0x80002fb1
       92635000	      9164	80002fbc	34006cf3	csrrsi	x25,mscratch,0	 x25=0xfffffffe
       92645000	      9165	80002fc0	ffffda97	auipc	x21,0xffffd	 x21=0x7fffffc0
       92655000	      9166	80002fc4	3c8a8a93	addi	x21,x21,968	 x21:0x7fffffc0 x21=0x80000388
       92665000	      9167	80002fc8	000a8067	jalr	x0,0(x21)	 x21:0x80000388  x0=0x00000000
       92685000	      9169	80000388	90000537	lui	x10,0x90000	 x10=0x90000000
       92695000	      9170	8000038c	1561	c.addi	x10,-8	 x10:0x90000000 x10=0x8ffffff8
       92705000	      9171	8000038e	4c81	c.li	x25,0	 x25=0x00000000
       92715000	      9172	80000390	0ca2	c.slli	x25,0x8	 x25:0x00000000 x25=0x00000000
       92725000	      9173	80000392	0c85	c.addi	x25,1	 x25:0x00000000 x25=0x00000001
       92735000	      9174	80000394	01952023	sw	x25,0(x10)	 x10:0x8ffffff8 x25:0x00000001 PA:0x8ffffff8 store:0x00000001 load:0x00000000
       92745000	      9175	80000398	00000073	ecall	
       92775000	      9178	80002000	0800006f	jal	x0,80002080	  x0=0x00000000
       92795000	      9180	80002080	17f1	c.addi	x15,-4	 x15:0x80025ce4 x15=0x80025ce0
       92805000	      9181	80002082	0027a023	sw	x2,0(x15)	 x15:0x80025ce0  x2:0x80021e64 PA:0x80025ce0 store:0x80021e64 load:0x00000000
