Time	Cycle	PC	Insn	Decoded instruction	Register and memory contents
        8342000	       315	80000080	40001cb7	lui	x25,0x40001	 x25=0x40001000
        8482000	       322	80000084	106c8c93	addi	x25,x25,262	 x25:0x40001000 x25=0x40001106
        8602000	       328	80000088	301c9073	csrrw	x0,misa,x25	 x25:0x40001106  x0=0x00000000
        8802000	       338	8000008c	00026797	auipc	x15,0x26	 x15=0x8002608c
        8822000	       339	80000090	c5878793	addi	x15,x15,-936	 x15:0x8002608c x15=0x80025ce4
        9242000	       360	80000094	00002c97	auipc	x25,0x2	 x25=0x80002094
        9262000	       361	80000098	f6cc8c93	addi	x25,x25,-148	 x25:0x80002094 x25=0x80002000
        9282000	       362	8000009c	001cec93	ori	x25,x25,1	 x25:0x80002000 x25=0x80002001
        9302000	       363	800000a0	305c9073	csrrw	x0,mtvec,x25	 x25:0x80002001  x0=0x00000000
        9482000	       372	800000a4	74725073	csrrwi	x0,0x747,4	  x0=0x00000000
        9542000	       375	800000a8	00003a97	auipc	x21,0x3	 x21=0x800030a8
        9562000	       376	800000ac	c44a8a93	addi	x21,x21,-956	 x21:0x800030a8 x21=0x80002cec
        9962000	       396	800000b0	4c81	c.li	x25,0	 x25=0x00000000
        9982000	       397	800000b2	9ae6	c.add	x21,x25	 x21:0x80002cec x25:0x00000000 x21=0x80002cec
       10142000	       405	800000b4	002ada93	srli	x21,x21,0x2	 x21:0x80002cec x21=0x20000b3b
       10262000	       411	800000b8	3b0a9073	csrrw	x0,pmpaddr0,x21	 x21:0x20000b3b  x0=0x00000000
       10322000	       414	800000bc	00003a97	auipc	x21,0x3	 x21=0x800030bc
       10342000	       415	800000c0	c30a8a93	addi	x21,x21,-976	 x21:0x800030bc x21=0x80002cec
       10722000	       434	800000c4	11111cb7	lui	x25,0x11111	 x25=0x11111000
       10742000	       435	800000c8	111c8c93	addi	x25,x25,273	 x25:0x11111000 x25=0x11111111
       10762000	       436	800000cc	9ae6	c.add	x21,x25	 x21:0x80002cec x25:0x11111111 x21=0x91113dfd
       10782000	       437	800000ce	002ada93	srli	x21,x21,0x2	 x21:0x91113dfd x21=0x24444f7f
       11202000	       458	800000d2	3b1a9073	csrrw	x0,pmpaddr1,x21	 x21:0x24444f7f  x0=0x00000000
       11262000	       461	800000d6	00003a97	auipc	x21,0x3	 x21=0x800030d6
       11282000	       462	800000da	c16a8a93	addi	x21,x21,-1002	 x21:0x800030d6 x21=0x80002cec
       11342000	       465	800000de	22222cb7	lui	x25,0x22222	 x25=0x22222000
       11382000	       467	800000e2	222c8c93	addi	x25,x25,546	 x25:0x22222000 x25=0x22222222
       11402000	       468	800000e6	9ae6	c.add	x21,x25	 x21:0x80002cec x25:0x22222222 x21=0xa2224f0e
       11902000	       493	800000e8	002ada93	srli	x21,x21,0x2	 x21:0xa2224f0e x21=0x288893c3
       12322000	       514	800000ec	3b2a9073	csrrw	x0,pmpaddr2,x21	 x21:0x288893c3  x0=0x00000000
       12382000	       517	800000f0	00003a97	auipc	x21,0x3	 x21=0x800030f0
       12402000	       518	800000f4	bfca8a93	addi	x21,x21,-1028	 x21:0x800030f0 x21=0x80002cec
       12422000	       519	800000f8	33333cb7	lui	x25,0x33333	 x25=0x33333000
       12802000	       538	800000fc	333c8c93	addi	x25,x25,819	 x25:0x33333000 x25=0x33333333
       13202000	       558	80000100	9ae6	c.add	x21,x25	 x21:0x80002cec x25:0x33333333 x21=0xb333601f
       13262000	       561	80000102	002ada93	srli	x21,x21,0x2	 x21:0xb333601f x21=0x2cccd807
       13282000	       562	80000106	3b3a9073	csrrw	x0,pmpaddr3,x21	 x21:0x2cccd807  x0=0x00000000
       13402000	       568	8000010a	0f0f1ab7	lui	x21,0xf0f1	 x21=0x0f0f1000
       13462000	       571	8000010e	f0fa8a93	addi	x21,x21,-241	 x21:0x0f0f1000 x21=0x0f0f0f0f
       13482000	       572	80000112	3a0a9073	csrrw	x0,pmpcfg0,x21	 x21:0x0f0f0f0f  x0=0x00000000
       13622000	       579	80000116	00003a97	auipc	x21,0x3	 x21=0x80003116
       13642000	       580	8000011a	bd6a8a93	addi	x21,x21,-1066	 x21:0x80003116 x21=0x80002cec
       13862000	       591	8000011e	44444cb7	lui	x25,0x44444	 x25=0x44444000
       13882000	       592	80000122	444c8c93	addi	x25,x25,1092	 x25:0x44444000 x25=0x44444444
       13902000	       593	80000126	9ae6	c.add	x21,x25	 x21:0x80002cec x25:0x44444444 x21=0xc4447130
       13922000	       594	80000128	002ada93	srli	x21,x21,0x2	 x21:0xc4447130 x21=0x31111c4c
       13962000	       596	8000012c	3b4a9073	csrrw	x0,pmpaddr4,x21	 x21:0x31111c4c  x0=0x00000000
       14382000	       617	80000130	00003a97	auipc	x21,0x3	 x21=0x80003130
       14402000	       618	80000134	bbca8a93	addi	x21,x21,-1092	 x21:0x80003130 x21=0x80002cec
       14422000	       619	80000138	55555cb7	lui	x25,0x55555	 x25=0x55555000
       14502000	       623	8000013c	555c8c93	addi	x25,x25,1365	 x25:0x55555000 x25=0x55555555
       14522000	       624	80000140	9ae6	c.add	x21,x25	 x21:0x80002cec x25:0x55555555 x21=0xd5558241
       14542000	       625	80000142	002ada93	srli	x21,x21,0x2	 x21:0xd5558241 x21=0x35556090
       14742000	       635	80000146	3b5a9073	csrrw	x0,pmpaddr5,x21	 x21:0x35556090  x0=0x00000000
       15002000	       648	8000014a	00003a97	auipc	x21,0x3	 x21=0x8000314a
       15022000	       649	8000014e	ba2a8a93	addi	x21,x21,-1118	 x21:0x8000314a x21=0x80002cec
       15242000	       660	80000152	66666cb7	lui	x25,0x66666	 x25=0x66666000
       15482000	       672	80000156	666c8c93	addi	x25,x25,1638	 x25:0x66666000 x25=0x66666666
       15502000	       673	8000015a	9ae6	c.add	x21,x25	 x21:0x80002cec x25:0x66666666 x21=0xe6669352
       15522000	       674	8000015c	002ada93	srli	x21,x21,0x2	 x21:0xe6669352 x21=0x3999a4d4
       15542000	       675	80000160	3b6a9073	csrrw	x0,pmpaddr6,x21	 x21:0x3999a4d4  x0=0x00000000
       15602000	       678	80000164	00003a97	auipc	x21,0x3	 x21=0x80003164
       15622000	       679	80000168	b88a8a93	addi	x21,x21,-1144	 x21:0x80003164 x21=0x80002cec
       15642000	       680	8000016c	77777cb7	lui	x25,0x77777	 x25=0x77777000
       15722000	       684	80000170	777c8c93	addi	x25,x25,1911	 x25:0x77777000 x25=0x77777777
       15742000	       685	80000174	9ae6	c.add	x21,x25	 x21:0x80002cec x25:0x77777777 x21=0xf777a463
       15842000	       690	80000176	002ada93	srli	x21,x21,0x2	 x21:0xf777a463 x21=0x3ddde918
       15862000	       691	8000017a	3b7a9073	csrrw	x0,pmpaddr7,x21	 x21:0x3ddde918  x0=0x00000000
       15922000	       694	8000017e	0f0f1ab7	lui	x21,0xf0f1	 x21=0x0f0f1000
       15942000	       695	80000182	f0fa8a93	addi	x21,x21,-241	 x21:0x0f0f1000 x21=0x0f0f0f0f
       16082000	       702	80000186	3a1a9073	csrrw	x0,pmpcfg1,x21	 x21:0x0f0f0f0f  x0=0x00000000
       16222000	       709	8000018a	00003a97	auipc	x21,0x3	 x21=0x8000318a
       16242000	       710	8000018e	b62a8a93	addi	x21,x21,-1182	 x21:0x8000318a x21=0x80002cec
       16302000	       713	80000192	88889cb7	lui	x25,0x88889	 x25=0x88889000
       16322000	       714	80000196	888c8c93	addi	x25,x25,-1912	 x25:0x88889000 x25=0x88888888
       16342000	       715	8000019a	9ae6	c.add	x21,x25	 x21:0x80002cec x25:0x88888888 x21=0x0888b574
       16742000	       735	8000019c	002ada93	srli	x21,x21,0x2	 x21:0x0888b574 x21=0x02222d5d
       16762000	       736	800001a0	3b8a9073	csrrw	x0,pmpaddr8,x21	 x21:0x02222d5d  x0=0x00000000
       17142000	       755	800001a4	00003a97	auipc	x21,0x3	 x21=0x800031a4
       17562000	       776	800001a8	b48a8a93	addi	x21,x21,-1208	 x21:0x800031a4 x21=0x80002cec
       17582000	       777	800001ac	9999acb7	lui	x25,0x9999a	 x25=0x9999a000
       17762000	       786	800001b0	999c8c93	addi	x25,x25,-1639	 x25:0x9999a000 x25=0x99999999
       17802000	       788	800001b4	9ae6	c.add	x21,x25	 x21:0x80002cec x25:0x99999999 x21=0x1999c685
       17962000	       796	800001b6	002ada93	srli	x21,x21,0x2	 x21:0x1999c685 x21=0x066671a1
       18042000	       800	800001ba	3b9a9073	csrrw	x0,pmpaddr9,x21	 x21:0x066671a1  x0=0x00000000
       18342000	       815	800001be	00003a97	auipc	x21,0x3	 x21=0x800031be
       18762000	       836	800001c2	b2ea8a93	addi	x21,x21,-1234	 x21:0x800031be x21=0x80002cec
       18782000	       837	800001c6	aaaabcb7	lui	x25,0xaaaab	 x25=0xaaaab000
       18802000	       838	800001ca	aaac8c93	addi	x25,x25,-1366	 x25:0xaaaab000 x25=0xaaaaaaaa
       18822000	       839	800001ce	9ae6	c.add	x21,x25	 x21:0x80002cec x25:0xaaaaaaaa x21=0x2aaad796
       19122000	       854	800001d0	002ada93	srli	x21,x21,0x2	 x21:0x2aaad796 x21=0x0aaab5e5
       19142000	       855	800001d4	3baa9073	csrrw	x0,pmpaddr10,x21	 x21:0x0aaab5e5  x0=0x00000000
       19562000	       876	800001d8	00003a97	auipc	x21,0x3	 x21=0x800031d8
       19582000	       877	800001dc	b14a8a93	addi	x21,x21,-1260	 x21:0x800031d8 x21=0x80002cec
       19602000	       878	800001e0	bbbbccb7	lui	x25,0xbbbbc	 x25=0xbbbbc000
       19622000	       879	800001e4	bbbc8c93	addi	x25,x25,-1093	 x25:0xbbbbc000 x25=0xbbbbbbbb
       19782000	       887	800001e8	9ae6	c.add	x21,x25	 x21:0x80002cec x25:0xbbbbbbbb x21=0x3bbbe8a7
       19942000	       895	800001ea	002ada93	srli	x21,x21,0x2	 x21:0x3bbbe8a7 x21=0x0eeefa29
       20342000	       915	800001ee	3bba9073	csrrw	x0,pmpaddr11,x21	 x21:0x0eeefa29  x0=0x00000000
       20482000	       922	800001f2	0f0f1ab7	lui	x21,0xf0f1	 x21=0x0f0f1000
       20602000	       928	800001f6	f0fa8a93	addi	x21,x21,-241	 x21:0x0f0f1000 x21=0x0f0f0f0f
       20782000	       937	800001fa	3a2a9073	csrrw	x0,pmpcfg2,x21	 x21:0x0f0f0f0f  x0=0x00000000
       20842000	       940	800001fe	00003a97	auipc	x21,0x3	 x21=0x800031fe
       21082000	       952	80000202	aeea8a93	addi	x21,x21,-1298	 x21:0x800031fe x21=0x80002cec
       21162000	       956	80000206	ccccdcb7	lui	x25,0xccccd	 x25=0xccccd000
       21242000	       960	8000020a	cccc8c93	addi	x25,x25,-820	 x25:0xccccd000 x25=0xcccccccc
       21262000	       961	8000020e	9ae6	c.add	x21,x25	 x21:0x80002cec x25:0xcccccccc x21=0x4cccf9b8
       21282000	       962	80000210	002ada93	srli	x21,x21,0x2	 x21:0x4cccf9b8 x21=0x13333e6e
       21642000	       980	80000214	3bca9073	csrrw	x0,pmpaddr12,x21	 x21:0x13333e6e  x0=0x00000000
       21782000	       987	80000218	00003a97	auipc	x21,0x3	 x21=0x80003218
       21802000	       988	8000021c	ad4a8a93	addi	x21,x21,-1324	 x21:0x80003218 x21=0x80002cec
       22122000	      1004	80000220	ddddecb7	lui	x25,0xdddde	 x25=0xdddde000
       22142000	      1005	80000224	dddc8c93	addi	x25,x25,-547	 x25:0xdddde000 x25=0xdddddddd
       22162000	      1006	80000228	9ae6	c.add	x21,x25	 x21:0x80002cec x25:0xdddddddd x21=0x5dde0ac9
       22542000	      1025	8000022a	002ada93	srli	x21,x21,0x2	 x21:0x5dde0ac9 x21=0x177782b2
       22562000	      1026	8000022e	3bda9073	csrrw	x0,pmpaddr13,x21	 x21:0x177782b2  x0=0x00000000
       22622000	      1029	80000232	00003a97	auipc	x21,0x3	 x21=0x80003232
       22642000	      1030	80000236	abaa8a93	addi	x21,x21,-1350	 x21:0x80003232 x21=0x80002cec
       23002000	      1048	8000023a	eeeefcb7	lui	x25,0xeeeef	 x25=0xeeeef000
       23022000	      1049	8000023e	eeec8c93	addi	x25,x25,-274	 x25:0xeeeef000 x25=0xeeeeeeee
       23042000	      1050	80000242	9ae6	c.add	x21,x25	 x21:0x80002cec x25:0xeeeeeeee x21=0x6eef1bda
       23442000	      1070	80000244	002ada93	srli	x21,x21,0x2	 x21:0x6eef1bda x21=0x1bbbc6f6
       23462000	      1071	80000248	3bea9073	csrrw	x0,pmpaddr14,x21	 x21:0x1bbbc6f6  x0=0x00000000
       23522000	      1074	8000024c	00003a97	auipc	x21,0x3	 x21=0x8000324c
       23902000	      1093	80000250	aa0a8a93	addi	x21,x21,-1376	 x21:0x8000324c x21=0x80002cec
       23922000	      1094	80000254	fff00c93	addi	x25,x0,-1	  x0:0x00000000 x25=0xffffffff
       24122000	      1104	80000258	9ae6	c.add	x21,x25	 x21:0x80002cec x25:0xffffffff x21=0x80002ceb
       24142000	      1105	8000025a	002ada93	srli	x21,x21,0x2	 x21:0x80002ceb x21=0x20000b3a
       24542000	      1125	8000025e	3bfa9073	csrrw	x0,pmpaddr15,x21	 x21:0x20000b3a  x0=0x00000000
       24602000	      1128	80000262	0f0f1ab7	lui	x21,0xf0f1	 x21=0x0f0f1000
       24622000	      1129	80000266	f0fa8a93	addi	x21,x21,-241	 x21:0x0f0f1000 x21=0x0f0f0f0f
       24642000	      1130	8000026a	3a3a9073	csrrw	x0,pmpcfg3,x21	 x21:0x0f0f0f0f  x0=0x00000000
       24962000	      1146	8000026e	00000c97	auipc	x25,0x0	 x25=0x8000026e
       25002000	      1148	80000272	058c8c93	addi	x25,x25,88	 x25:0x8000026e x25=0x800002c6
       25022000	      1149	80000276	341c9073	csrrw	x0,mepc,x25	 x25:0x800002c6  x0=0x00000000
       25102000	      1153	8000027a	7c00d073	csrrwi	x0,0x7c0,1	  x0=0x00000000
       25162000	      1156	8000027e	6c89	c.lui	x25,0x2	 x25=0x00002000
       25182000	      1157	80000280	800c8c93	addi	x25,x25,-2048	 x25:0x00002000 x25=0x00001800
       25542000	      1175	80000284	300c9073	csrrw	x0,mstatus,x25	 x25:0x00001800  x0=0x00000000
       25602000	      1178	80000288	4c81	c.li	x25,0	 x25=0x00000000
       25622000	      1179	8000028a	304c9073	csrrw	x0,mie,x25	 x25:0x00000000  x0=0x00000000
       25722000	      1184	8000028e	90000537	lui	x10,0x90000	 x10=0x90000000
       25742000	      1185	80000292	1571	c.addi	x10,-4	 x10:0x90000000 x10=0x8ffffffc
       26102000	      1203	80000294	30000c93	addi	x25,x0,768	  x0:0x00000000 x25=0x00000300
       26122000	      1204	80000298	0ca2	c.slli	x25,0x8	 x25:0x00000300 x25=0x00030000
       26142000	      1205	8000029a	0c8d	c.addi	x25,3	 x25:0x00030000 x25=0x00030003
       26462000	      1221	8000029c	01952023	sw	x25,0(x10)	 x10:0x8ffffffc x25:0x00030003 PA:0x8ffffffc store:0x00030003 load:0xffffffff
       26642000	      1230	800002a0	30002cf3	csrrs	x25,mstatus,x0	  x0:0x00000000 x25=0x00001800
       27102000	      1253	800002a4	01952023	sw	x25,0(x10)	 x10:0x8ffffffc x25:0x00001800 PA:0x8ffffffc store:0x00001800 load:0xffffffff
       27122000	      1254	800002a8	90000537	lui	x10,0x90000	 x10=0x90000000
       27142000	      1255	800002ac	1571	c.addi	x10,-4	 x10:0x90000000 x10=0x8ffffffc
       27162000	      1256	800002ae	30400c93	addi	x25,x0,772	  x0:0x00000000 x25=0x00000304
       27182000	      1257	800002b2	0ca2	c.slli	x25,0x8	 x25:0x00000304 x25=0x00030400
       27202000	      1258	800002b4	0c8d	c.addi	x25,3	 x25:0x00030400 x25=0x00030403
       27262000	      1261	800002b6	01952023	sw	x25,0(x10)	 x10:0x8ffffffc x25:0x00030403 PA:0x8ffffffc store:0x00030403 load:0xffffffff
       27282000	      1262	800002ba	30402cf3	csrrs	x25,mie,x0	  x0:0x00000000 x25=0x00000000
       27862000	      1291	800002be	01952023	sw	x25,0(x10)	 x10:0x8ffffffc x25:0x00000000 PA:0x8ffffffc store:0x00000000 load:0xffffffff
       27882000	      1292	800002c2	30200073	mret	
       27962000	      1296	800002c6	00000013	addi	x0,x0,0	  x0:0x00000000  x0=0x00000000
       27982000	      1297	800002ca	92efa0b7	lui	x1,0x92efa	  x1=0x92efa000
       28542000	      1325	800002ce	ac408093	addi	x1,x1,-1340	  x1:0x92efa000  x1=0x92ef9ac4
       28642000	      1330	800002d2	800001b7	lui	x3,0x80000	  x3=0x80000000
       28662000	      1331	800002d6	80000237	lui	x4,0x80000	  x4=0x80000000
       28682000	      1332	800002da	42b9	c.li	x5,14	  x5=0x0000000e
       28702000	      1333	800002dc	f1b2a337	lui	x6,0xf1b2a	  x6=0xf1b2a000
       28722000	      1334	800002e0	f3f30313	addi	x6,x6,-193	  x6:0xf1b2a000  x6=0xf1b29f3f
       28742000	      1335	800002e4	4381	c.li	x7,0	  x7=0x00000000
       28782000	      1337	800002e6	4a55b437	lui	x8,0x4a55b	  x8=0x4a55b000
       29182000	      1357	800002ea	a2240413	addi	x8,x8,-1502	  x8:0x4a55b000  x8=0x4a55aa22
       29202000	      1358	800002ee	800004b7	lui	x9,0x80000	  x9=0x80000000
       29222000	      1359	800002f2	4535	c.li	x10,13	 x10=0x0000000d
       29242000	      1360	800002f4	f1f2f5b7	lui	x11,0xf1f2f	 x11=0xf1f2f000
       29262000	      1361	800002f8	2c958593	addi	x11,x11,713	 x11:0xf1f2f000 x11=0xf1f2f2c9
       29662000	      1381	800002fc	f4560637	lui	x12,0xf4560	 x12=0xf4560000
       29762000	      1386	80000300	fdc60613	addi	x12,x12,-36	 x12:0xf4560000 x12=0xf455ffdc
       29782000	      1387	80000304	f82256b7	lui	x13,0xf8225	 x13=0xf8225000
       29802000	      1388	80000308	26468693	addi	x13,x13,612	 x13:0xf8225000 x13=0xf8225264
       29822000	      1389	8000030c	fe5f1737	lui	x14,0xfe5f1	 x14=0xfe5f1000
       30062000	      1401	80000310	95370713	addi	x14,x14,-1709	 x14:0xfe5f1000 x14=0xfe5f0953
       30082000	      1402	80000314	66a5e837	lui	x16,0x66a5e	 x16=0x66a5e000
       30102000	      1403	80000318	aa780813	addi	x16,x16,-1369	 x16:0x66a5e000 x16=0x66a5daa7
       30662000	      1431	8000031c	f9d1c8b7	lui	x17,0xf9d1c	 x17=0xf9d1c000
       30682000	      1432	80000320	75888893	addi	x17,x17,1880	 x17:0xf9d1c000 x17=0xf9d1c758
       30782000	      1437	80000324	4901	c.li	x18,0	 x18=0x00000000
       31002000	      1448	80000326	910059b7	lui	x19,0x91005	 x19=0x91005000
       31022000	      1449	8000032a	efb98993	addi	x19,x19,-261	 x19:0x91005000 x19=0x91004efb
       31042000	      1450	8000032e	4a01	c.li	x20,0	 x20=0x00000000
       31062000	      1451	80000330	4aa5	c.li	x21,9	 x21=0x00000009
       31082000	      1452	80000332	91795b37	lui	x22,0x91795	 x22=0x91795000
       31102000	      1453	80000336	1b29	c.addi	x22,-22	 x22:0x91795000 x22=0x91794fea
       31122000	      1454	80000338	80000bb7	lui	x23,0x80000	 x23=0x80000000
       31142000	      1455	8000033c	db26ec37	lui	x24,0xdb26e	 x24=0xdb26e000
       31262000	      1461	80000340	39fc0c13	addi	x24,x24,927	 x24:0xdb26e000 x24=0xdb26e39f
       31362000	      1466	80000344	4cb1	c.li	x25,12	 x25=0x0000000c
       31782000	      1487	80000346	bde66d37	lui	x26,0xbde66	 x26=0xbde66000
       31802000	      1488	8000034a	303d0d13	addi	x26,x26,771	 x26:0xbde66000 x26=0xbde66303
       31842000	      1490	8000034e	f6359db7	lui	x27,0xf6359	 x27=0xf6359000
       31862000	      1491	80000352	b8bd8d93	addi	x27,x27,-1141	 x27:0xf6359000 x27=0xf6358b8b
       31882000	      1492	80000356	4e01	c.li	x28,0	 x28=0x00000000
       31902000	      1493	80000358	47c42eb7	lui	x29,0x47c42	 x29=0x47c42000
       31922000	      1494	8000035c	4cae8e93	addi	x29,x29,1226	 x29:0x47c42000 x29=0x47c424ca
       31942000	      1495	80000360	c20d3f37	lui	x30,0xc20d3	 x30=0xc20d3000
       31962000	      1496	80000364	73df0f13	addi	x30,x30,1853	 x30:0xc20d3000 x30=0xc20d373d
       31982000	      1497	80000368	4f81	c.li	x31,0	 x31=0x00000000
       32362000	      1516	8000036a	00022117	auipc	x2,0x22	  x2=0x8002236a
       32382000	      1517	8000036e	afa10113	addi	x2,x2,-1286	  x2:0x8002236a  x2=0x80021e64
       32402000	      1518	80000372	90000537	lui	x10,0x90000	 x10=0x90000000
       32422000	      1519	80000376	1571	c.addi	x10,-4	 x10:0x90000000 x10=0x8ffffffc
       32822000	      1539	80000378	4c81	c.li	x25,0	 x25=0x00000000
       32842000	      1540	8000037a	0ca2	c.slli	x25,0x8	 x25:0x00000000 x25=0x00000000
       32862000	      1541	8000037c	000c8c93	addi	x25,x25,0	 x25:0x00000000 x25=0x00000000
       33322000	      1564	80000380	01952023	sw	x25,0(x10)	 x10:0x8ffffffc x25:0x00000000 PA:0x8ffffffc store:0x00000000 load:0xffffffff
       33342000	      1565	80000384	1690206f	jal	x0,80002cec	  x0=0x00000000
       33522000	      1574	80002cec	41d9db93	srai	x23,x19,0x1d	 x19:0x91004efb x23=0xfffffffc
       33622000	      1579	80002cf0	8556	c.mv	x10,x21	  x0:0x00000000 x21:0x00000009 x10=0x00000009
       33642000	      1580	80002cf2	00000897	auipc	x17,0x0	 x17=0x80002cf2
       33962000	      1596	80002cf6	2da88893	addi	x17,x17,730	 x17:0x80002cf2 x17=0x80002fcc
       34162000	      1606	80002cfa	0ff0000f	fence	iorw,iorw	
       34522000	      1624	80002cfe	c2788893	addi	x17,x17,-985	 x17:0x80002fcc x17=0x80002bf3
       34542000	      1625	80002d02	40b75933	sra	x18,x14,x11	 x14:0xfe5f0953 x11:0xf1f2f2c9 x18=0xffff2f84
       34562000	      1626	80002d06	015edbb3	srl	x23,x29,x21	 x29:0x47c424ca x21:0x00000009 x23=0x0023e212
       34662000	      1631	80002d0a	0ff0000f	fence	iorw,iorw	
       34882000	      1642	80002d0e	3da88267	jalr	x4,986(x17)	 x17:0x80002bf3  x4=0x80002d12
       46342000	      2215	80002fcc	0906	c.slli	x18,0x1	 x18:0xffff2f84 x18=0xfffe5f08
       46362000	      2216	80002fce	009bf263	bgeu	x23,x9,80002fd2	 x23:0x0023e212  x9:0x80000000
       46382000	      2217	80002fd2	1101	c.addi	x2,-32	  x2:0x80021e64  x2=0x80021e44
       46402000	      2218	80002fd4	340a7673	csrrci	x12,mscratch,20	 x12=0x00000000
       46582000	      2227	80002fd8	c212	c.swsp	x4,4(x2)	  x2:0x80021e44  x4:0x80002d12 PA:0x80021e48 store:0x80002d12 load:0xffffffff
       47602000	      2278	80002fda	03b0d1b3	divu	x3,x1,x27	  x1:0x92ef9ac4 x27:0xf6358b8b  x3=0x00000000
       48342000	      2315	80002fde	02454a33	div	x20,x10,x4	 x10:0x00000009  x4:0x80002d12 x20=0x00000000
       48362000	      2316	80002fe2	8d31	c.xor	x10,x12	 x10:0x00000009 x12:0x00000000 x10=0x00000009
       48382000	      2317	80002fe4	01b78033	add	x0,x15,x27	 x15:0x80025ce4 x27:0xf6358b8b  x0=0x00000000
       48402000	      2318	80002fe8	8771	c.srai	x14,0x1c	 x14:0xfe5f0953 x14=0xffffffff
       48422000	      2319	80002fea	01ce9563	bne	x29,x28,80002ff4	 x29:0x47c424ca x28:0x00000000
       48462000	      2321	80002ff4	1a60626f	jal	x4,8000919a	  x4=0x80002ff8
       49082000	      2352	8000919a	00fec3b3	xor	x7,x29,x15	 x29:0x47c424ca x15:0x80025ce4  x7=0xc7c6782e
       49102000	      2353	8000919e	340e34f3	csrrc	x9,mscratch,x28	 x28:0x00000000  x9=0x00000000
       49522000	      2374	800091a2	00046363	bltu	x8,x0,800091a8	  x8:0x4a55aa22  x0:0x00000000
       49542000	      2375	800091a6	0001	c.addi	x0,0	  x0:0x00000000  x0=0x00000000
       49562000	      2376	800091a8	fd810113	addi	x2,x2,-40	  x2:0x80021e44  x2=0x80021e1c
       49742000	      2385	800091ac	c212	c.swsp	x4,4(x2)	  x2:0x80021e1c  x4:0x80002ff8 PA:0x80021e20 store:0x80002ff8 load:0xffffffff
       49762000	      2386	800091ae	34006573	csrrsi	x10,mscratch,0	 x10=0x00000000
       50002000	      2398	800091b2	02b80063	beq	x16,x11,800091d2	 x16:0x66a5daa7 x11:0xf1f2f2c9
       50022000	      2399	800091b6	033b0f63	beq	x22,x19,800091f4	 x22:0x91794fea x19:0x91004efb
       50042000	      2400	800091ba	34002373	csrrs	x6,mscratch,x0	  x0:0x00000000  x6=0x00000000
       50062000	      2401	800091be	8c0d	c.sub	x8,x11	  x8:0x4a55aa22 x11:0xf1f2f2c9  x8=0x5862b759
       50102000	      2403	800091c0	01dfda33	srl	x20,x31,x29	 x31:0x00000000 x29:0x47c424ca x20=0x00000000
       50262000	      2411	800091c4	03a06863	bltu	x0,x26,800091f4	  x0:0x00000000 x26:0xbde66303
       50962000	      2446	800091f4	411a5913	srai	x18,x20,0x11	 x20:0x00000000 x18=0x00000000
       51002000	      2448	800091f8	e321	c.bnez	x14,80009238	 x14:0xffffffff
       51522000	      2474	80009238	01d98db3	add	x27,x19,x29	 x19:0x91004efb x29:0x47c424ca x27=0xd8c473c5
       51542000	      2475	8000923c	032e0b63	beq	x28,x18,80009272	 x28:0x00000000 x18:0x00000000
       52282000	      2512	80009272	0137c3b3	xor	x7,x15,x19	 x15:0x80025ce4 x19:0x91004efb  x7=0x1102121f
       52302000	      2513	80009276	862d	c.srai	x12,0xb	 x12:0x00000000 x12=0x00000000
       52422000	      2519	80009278	0001	c.addi	x0,0	  x0:0x00000000  x0=0x00000000
       52562000	      2526	8000927a	0165e5b3	or	x11,x11,x22	 x11:0xf1f2f2c9 x22:0x91794fea x11=0xf1fbffeb
       52662000	      2531	8000927e	395c4917	auipc	x18,0x395c4	 x18=0xb95cd27e
       52682000	      2532	80009282	8efd	c.and	x13,x15	 x13:0xf8225264 x15:0x80025ce4 x13=0x80025064
       52702000	      2533	80009284	02189963	bne	x17,x1,800092b6	 x17:0x80002bf3  x1:0x92ef9ac4
       53982000	      2597	800092b6	027e4433	div	x8,x28,x7	 x28:0x00000000  x7:0x1102121f  x8=0x00000000
       54002000	      2598	800092ba	34045873	csrrwi	x16,mscratch,8	 x16=0x00000000
       54022000	      2599	800092be	9afd	c.andi	x13,-1	 x13:0x80025064 x13=0x80025064
       54062000	      2601	800092c0	03bcbf33	mulhu	x30,x25,x27	 x25:0x00000000 x27:0xd8c473c5 x30=0x00000000
       54082000	      2602	800092c4	00459933	sll	x18,x11,x4	 x11:0xf1fbffeb  x4:0x80002ff8 x18=0xeb000000
       54102000	      2603	800092c8	0137dc63	bge	x15,x19,800092e0	 x15:0x80025ce4 x19:0x91004efb
       54122000	      2604	800092cc	04fb9263	bne	x23,x15,80009310	 x23:0x0023e212 x15:0x80025ce4
       54582000	      2627	80009310	00899c33	sll	x24,x19,x8	 x19:0x91004efb  x8:0x00000000 x24=0x91004efb
       55322000	      2664	80009314	03b97733	remu	x14,x18,x27	 x18:0xeb000000 x27:0xd8c473c5 x14=0x123b8c3b
       55342000	      2665	80009318	00af60b3	or	x1,x30,x10	 x30:0x00000000 x10:0x00000000  x1=0x00000000
       55362000	      2666	8000931c	03da	c.slli	x7,0x16	  x7:0x1102121f  x7=0x87c00000
       55382000	      2667	8000931e	34082b73	csrrs	x22,mscratch,x16	 x16:0x00000000 x22=0x00000008
       55402000	      2668	80009322	34069973	csrrw	x18,mscratch,x13	 x13:0x80025064 x18=0x00000008
       55422000	      2669	80009326	ed89	c.bnez	x11,80009340	 x11:0xf1fbffeb
       55642000	      2680	80009340	8f55	c.or	x14,x13	 x14:0x123b8c3b x13:0x80025064 x14=0x923bdc7f
       55662000	      2681	80009342	89582613	slti	x12,x16,-1899	 x16:0x00000000 x12=0x00000000
       55682000	      2682	80009346	0001	c.addi	x0,0	  x0:0x00000000  x0=0x00000000
       55822000	      2689	80009348	8cad	c.xor	x9,x11	  x9:0x00000000 x11:0xf1fbffeb  x9=0xf1fbffeb
       56042000	      2700	8000934a	03bb5063	bge	x22,x27,8000936a	 x22:0x00000008 x27:0xd8c473c5
       57422000	      2769	8000936a	030d1bb3	mulh	x23,x26,x16	 x26:0xbde66303 x16:0x00000000 x23=0x00000000
       57442000	      2770	8000936e	e029	c.bnez	x8,800093b0	  x8:0x00000000
       57762000	      2786	80009370	340953f3	csrrwi	x7,mscratch,18	  x7=0x80025064
       57942000	      2795	80009374	032d1f33	mulh	x30,x26,x18	 x26:0xbde66303 x18:0x00000008 x30=0xfffffffd
       58042000	      2800	80009378	3401d273	csrrwi	x4,mscratch,3	  x4=0x00000012
       58422000	      2819	8000937c	34003673	csrrc	x12,mscratch,x0	  x0:0x00000000 x12=0x00000003
       58842000	      2840	80009380	1ffd	c.addi	x31,-1	 x31:0x00000000 x31=0xffffffff
       58862000	      2841	80009382	8e71	c.and	x12,x12	 x12:0x00000003 x12:0x00000003 x12=0x00000003
       58882000	      2842	80009384	cc95	c.beqz	x9,800093c0	  x9:0xf1fbffeb
       58902000	      2843	80009386	00a01513	slli	x10,x0,0xa	  x0:0x00000000 x10=0x00000000
       58922000	      2844	8000938a	852db897	auipc	x17,0x852db	 x17=0x052e438a
       58942000	      2845	8000938e	8161	c.srli	x10,0x18	 x10:0x00000000 x10=0x00000000
       59102000	      2853	80009390	41ce0233	sub	x4,x28,x28	 x28:0x00000000 x28:0x00000000  x4=0x00000000
       59222000	      2859	80009394	892e	c.mv	x18,x11	  x0:0x00000000 x11:0xf1fbffeb x18=0xf1fbffeb
       59242000	      2860	80009396	0345f163	bgeu	x11,x20,800093b8	 x11:0xf1fbffeb x20:0x00000000
       59462000	      2871	800093b8	3c97c193	xori	x3,x15,969	 x15:0x80025ce4  x3=0x80025f2d
       59482000	      2872	800093bc	00e31393	slli	x7,x6,0xe	  x6:0x00000000  x7=0x00000000
       59662000	      2881	800093c0	7bb64097	auipc	x1,0x7bb64	  x1=0xfbb6d3c0
       59942000	      2895	800093c4	bb620437	lui	x8,0xbb620	  x8=0xbb620000
       59962000	      2896	800093c8	05af0463	beq	x30,x26,80009410	 x30:0xfffffffd x26:0xbde66303
       60162000	      2906	800093cc	01759233	sll	x4,x11,x23	 x11:0xf1fbffeb x23:0x00000000  x4=0xf1fbffeb
       60182000	      2907	800093d0	00235213	srli	x4,x6,0x2	  x6:0x00000000  x4=0x00000000
       60202000	      2908	800093d4	340060f3	csrrsi	x1,mscratch,0	  x1=0x00000003
       60282000	      2912	800093d8	20191017	auipc	x0,0x20191	  x0=0x00000000
       60362000	      2916	800093dc	025b30b3	mulhu	x1,x22,x5	 x22:0x00000008  x5:0x0000000e  x1=0x00000000
       60382000	      2917	800093e0	40b55713	srai	x14,x10,0xb	 x10:0x00000000 x14=0x00000000
       60402000	      2918	800093e4	e715	c.bnez	x14,80009410	 x14:0x00000000
       60542000	      2925	800093e6	0182d213	srli	x4,x5,0x18	  x5:0x0000000e  x4=0x00000000
       60962000	      2946	800093ea	02100b63	beq	x0,x1,80009420	  x0:0x00000000  x1:0x00000000
       61782000	      2987	80009420	0231e9b3	rem	x19,x3,x3	  x3:0x80025f2d  x3:0x80025f2d x19=0x00000000
       61802000	      2988	80009424	3436c437	lui	x8,0x3436c	  x8=0x3436c000
       61822000	      2989	80009428	8ca1	c.xor	x9,x8	  x9:0xf1fbffeb  x8:0x3436c000  x9=0xc5cd3feb
       61842000	      2990	8000942a	008b7463	bgeu	x22,x8,80009432	 x22:0x00000008  x8:0x3436c000
       61862000	      2991	8000942e	0c8d	c.addi	x25,3	 x25:0x00000000 x25=0x00000003
       62002000	      2998	80009430	ee8d	c.bnez	x13,8000946a	 x13:0x80025064
       62682000	      3032	8000946a	96be	c.add	x13,x15	 x13:0x80025064 x15:0x80025ce4 x13=0x0004ad48
       63002000	      3048	8000946c	017d48b3	xor	x17,x26,x23	 x26:0xbde66303 x23:0x00000000 x17=0xbde66303
       63022000	      3049	80009470	34099073	csrrw	x0,mscratch,x19	 x19:0x00000000  x0=0x00000000
       63162000	      3056	80009474	00360833	add	x16,x12,x3	 x12:0x00000003  x3:0x80025f2d x16=0x80025f30
       63182000	      3057	80009478	8a389417	auipc	x8,0x8a389	  x8=0x0a392478
       63202000	      3058	8000947c	00db9d13	slli	x26,x23,0xd	 x23:0x00000000 x26=0x00000000
       63222000	      3059	80009480	34003573	csrrc	x10,mscratch,x0	  x0:0x00000000 x10=0x00000000
       63362000	      3066	80009484	03402cb3	mulhsu	x25,x0,x20	  x0:0x00000000 x20:0x00000000 x25=0x00000000
       63382000	      3067	80009488	41a05a13	srai	x20,x0,0x1a	  x0:0x00000000 x20=0x00000000
       63782000	      3087	8000948c	c3fdfe13	andi	x28,x27,-961	 x27:0xd8c473c5 x28=0xd8c47005
       64022000	      3099	80009490	03b6d763	bge	x13,x27,800094be	 x13:0x0004ad48 x27:0xd8c473c5
       65522000	      3174	800094be	7e907593	andi	x11,x0,2025	  x0:0x00000000 x11=0x00000000
       66262000	      3211	800094c2	023f73b3	remu	x7,x30,x3	 x30:0xfffffffd  x3:0x80025f2d  x7=0x7ffda0d0
       66282000	      3212	800094c6	34007df3	csrrci	x27,mscratch,0	 x27=0x00000000
       66302000	      3213	800094ca	34003773	csrrc	x14,mscratch,x0	  x0:0x00000000 x14=0x00000000
       66322000	      3214	800094ce	038ad463	bge	x21,x24,800094f6	 x21:0x00000009 x24:0x91004efb
       66402000	      3218	800094f6	4fb9	c.li	x31,14	 x31=0x0000000e
       66442000	      3220	800094f8	3405ae73	csrrs	x28,mscratch,x11	 x11:0x00000000 x28=0x00000000
       66662000	      3231	800094fc	340bdf73	csrrwi	x30,mscratch,23	 x30=0x00000000
       82782000	      4037	80009500	010868b3	or	x17,x16,x16	 x16:0x80025f30 x16:0x80025f30 x17=0x80025f30
       82822000	      4039	80009504	0354b8b3	mulhu	x17,x9,x21	  x9:0xc5cd3feb x21:0x00000009 x17=0x00000006
       82842000	      4040	80009508	340a5a73	csrrwi	x20,mscratch,20	 x20=0x00000017
       82862000	      4041	8000950c	015b5a13	srli	x20,x22,0x15	 x22:0x00000008 x20=0x00000000
       82902000	      4043	80009510	03249f33	mulh	x30,x9,x18	  x9:0xc5cd3feb x18:0xf1fbffeb x30=0x032faf50
       82922000	      4044	80009514	018c9f63	bne	x25,x24,80009532	 x25:0x00000000 x24:0x91004efb
       83642000	      4080	80009532	ff60afb7	lui	x31,0xff60a	 x31=0xff60a000
       83682000	      4082	80009536	1dce8913	addi	x18,x29,476	 x29:0x47c424ca x18=0x47c426a6
       83702000	      4083	8000953a	e205	c.bnez	x12,8000955a	 x12:0x00000003
       84042000	      4100	8000955a	00cede63	bge	x29,x12,80009576	 x29:0x47c424ca x12:0x00000003
       84702000	      4133	80009576	0001	c.addi	x0,0	  x0:0x00000000  x0=0x00000000
       84802000	      4138	80009578	41de5893	srai	x17,x28,0x1d	 x28:0x00000000 x17=0x00000000
       85162000	      4156	8000957c	02768033	mul	x0,x13,x7	 x13:0x0004ad48  x7:0x7ffda0d0  x0=0x00000000
       85282000	      4162	80009580	074e	c.slli	x14,0x13	 x14:0x00000000 x14=0x00000000
       85302000	      4163	80009582	eb1d	c.bnez	x14,800095b8	 x14:0x00000000
       85322000	      4164	80009584	874a	c.mv	x14,x18	  x0:0x00000000 x18:0x47c426a6 x14=0x47c426a6
       85542000	      4175	80009586	3405d773	csrrwi	x14,mscratch,11	 x14=0x00000014
       85562000	      4176	8000958a	0ff0000f	fence	iorw,iorw	
       85622000	      4179	8000958e	414351b3	sra	x3,x6,x20	  x6:0x00000000 x20:0x00000000  x3=0x00000000
       85642000	      4180	80009592	00eac963	blt	x21,x14,800095a4	 x21:0x00000009 x14:0x00000014
       85902000	      4193	800095a4	018b16b3	sll	x13,x22,x24	 x22:0x00000008 x24:0x91004efb x13=0x40000000
       86562000	      4226	800095a8	02b91633	mulh	x12,x18,x11	 x18:0x47c426a6 x11:0x00000000 x12=0x00000000
       86942000	      4245	800095ac	013451b3	srl	x3,x8,x19	  x8:0x0a392478 x19:0x00000000  x3=0x0a392478
       87022000	      4249	800095b0	8cad	c.xor	x9,x11	  x9:0xc5cd3feb x11:0x00000000  x9=0xc5cd3feb
       87042000	      4250	800095b2	8c89	c.sub	x9,x10	  x9:0xc5cd3feb x10:0x00000000  x9=0xc5cd3feb
       87262000	      4261	800095b4	b830b037	lui	x0,0xb830b	  x0=0x00000000
       87282000	      4262	800095b8	80fd	c.srli	x9,0x1f	  x9:0xc5cd3feb  x9=0x00000001
       87302000	      4263	800095ba	e60d	c.bnez	x12,800095e4	 x12:0x00000000
       87522000	      4274	800095bc	8e45	c.or	x12,x9	 x12:0x00000000  x9:0x00000001 x12=0x00000001
       87542000	      4275	800095be	0ff0000f	fence	iorw,iorw	
       87562000	      4276	800095c2	03a84163	blt	x16,x26,800095e4	 x16:0x80025f30 x26:0x00000000
       88482000	      4322	800095e4	34002bf3	csrrs	x23,mscratch,x0	  x0:0x00000000 x23=0x0000000b
       88522000	      4324	800095e8	ca05	c.beqz	x12,80009618	 x12:0x00000001
       88542000	      4325	800095ea	6ef22717	auipc	x14,0x6ef22	 x14=0xeef2b5ea
       88642000	      4330	800095ee	006535b3	sltu	x11,x10,x6	 x10:0x00000000  x6:0x00000000 x11=0x00000000
       88682000	      4332	800095f2	0252b2b3	mulhu	x5,x5,x5	  x5:0x0000000e  x5:0x0000000e  x5=0x00000000
       88902000	      4343	800095f6	034fd163	bge	x31,x20,80009618	 x31:0xff60a000 x20:0x00000000
       88922000	      4344	800095fa	01f6a4b3	slt	x9,x13,x31	 x13:0x40000000 x31:0xff60a000  x9=0x00000000
       88942000	      4345	800095fe	03e5f663	bgeu	x11,x30,8000962a	 x11:0x00000000 x30:0x032faf50
       89022000	      4349	80009602	340d7cf3	csrrci	x25,mscratch,26	 x25=0x0000000b
       89042000	      4350	80009606	8cf9	c.and	x9,x14	  x9:0x00000000 x14:0xeef2b5ea  x9=0x00000000
       89102000	      4353	80009608	01819013	slli	x0,x3,0x18	  x3:0x0a392478  x0=0x00000000
       89122000	      4354	8000960c	0447d263	bge	x15,x4,80009650	 x15:0x80025ce4  x4:0x00000000
       89282000	      4362	80009610	034069b3	rem	x19,x0,x20	  x0:0x00000000 x20:0x00000000 x19=0x00000000
       89402000	      4368	80009614	31934f13	xori	x30,x6,793	  x6:0x00000000 x30=0x00000319
       89442000	      4370	80009618	02a74233	div	x4,x14,x10	 x14:0xeef2b5ea x10:0x00000000  x4=0xffffffff
       89462000	      4371	8000961c	8ee1	c.and	x13,x8	 x13:0x40000000  x8:0x0a392478 x13=0x00000000
       89682000	      4382	8000961e	00e92d33	slt	x26,x18,x14	 x18:0x47c426a6 x14:0xeef2b5ea x26=0x00000000
       89702000	      4383	80009622	0030d593	srli	x11,x1,0x3	  x1:0x00000000 x11=0x00000000
       89722000	      4384	80009626	41025433	sra	x8,x4,x16	  x4:0xffffffff x16:0x80025f30  x8=0xffffffff
       90142000	      4405	8000962a	f39b8837	lui	x16,0xf39b8	 x16=0xf39b8000
       90162000	      4406	8000962e	ee05	c.bnez	x12,80009666	 x12:0x00000001
       91322000	      4464	80009666	bcbd7d13	andi	x26,x26,-1077	 x26:0x00000000 x26=0x00000000
       91342000	      4465	8000966a	009c1093	slli	x1,x24,0x9	 x24:0x91004efb  x1=0x009df600
       91662000	      4481	8000966e	404c0a33	sub	x20,x24,x4	 x24:0x91004efb  x4:0xffffffff x20=0x91004efc
       91942000	      4495	80009672	0386f963	bgeu	x13,x24,800096a4	 x13:0x00000000 x24:0x91004efb
       92302000	      4513	80009676	02a04433	div	x8,x0,x10	  x0:0x00000000 x10:0x00000000  x8=0xffffffff
       92322000	      4514	8000967a	956e	c.add	x10,x27	 x10:0x00000000 x27:0x00000000 x10=0x00000000
       92342000	      4515	8000967c	59b80093	addi	x1,x16,1435	 x16:0xf39b8000  x1=0xf39b859b
       92382000	      4517	80009680	34049e73	csrrw	x28,mscratch,x9	  x9:0x00000000 x28=0x00000001
       92402000	      4518	80009684	02fa7463	bgeu	x20,x15,800096ac	 x20:0x91004efc x15:0x80025ce4
       93162000	      4556	800096ac	0001	c.addi	x0,0	  x0:0x00000000  x0=0x00000000
       94002000	      4598	800096ae	038b4033	div	x0,x22,x24	 x22:0x00000008 x24:0x91004efb  x0=0x00000000
       94742000	      4635	800096b2	032554b3	divu	x9,x10,x18	 x10:0x00000000 x18:0x47c426a6  x9=0x00000000
       95482000	      4672	800096b6	035355b3	divu	x11,x6,x21	  x6:0x00000000 x21:0x00000009 x11=0x00000000
       95502000	      4673	800096ba	4d25	c.li	x26,9	 x26=0x00000009
       95522000	      4674	800096bc	8ced	c.and	x9,x11	  x9:0x00000000 x11:0x00000000  x9=0x00000000
       95542000	      4675	800096be	e095	c.bnez	x9,800096e2	  x9:0x00000000
       95562000	      4676	800096c0	0001	c.addi	x0,0	  x0:0x00000000  x0=0x00000000
       95582000	      4677	800096c2	8d61	c.and	x10,x8	 x10:0x00000000  x8:0xffffffff x10=0x00000000
       95602000	      4678	800096c4	01aed863	bge	x29,x26,800096d4	 x29:0x47c424ca x26:0x00000009
       96482000	      4722	800096d4	ce658b13	addi	x22,x11,-794	 x11:0x00000000 x22=0xfffffce6
       96642000	      4730	800096d8	80b9	c.srli	x9,0xe	  x9:0x00000000  x9=0x00000000
       96662000	      4731	800096da	0375c063	blt	x11,x23,800096fa	 x11:0x00000000 x23:0x0000000b
       97162000	      4756	800096fa	01c2acb3	slt	x25,x5,x28	  x5:0x00000000 x28:0x00000001 x25=0x00000001
       97182000	      4757	800096fe	a823e093	ori	x1,x7,-1406	  x7:0x7ffda0d0  x1=0xfffffad2
       97202000	      4758	80009702	8e95	c.sub	x13,x13	 x13:0x00000000 x13:0x00000000 x13=0x00000000
       98002000	      4798	80009704	02c8db33	divu	x22,x17,x12	 x17:0x00000000 x12:0x00000001 x22=0x00000000
       98022000	      4799	80009708	6c1b9437	lui	x8,0x6c1b9	  x8=0x6c1b9000
       98042000	      4800	8000970c	0018e8b3	or	x17,x17,x1	 x17:0x00000000  x1:0xfffffad2 x17=0xfffffad2
       98062000	      4801	80009710	340d79f3	csrrci	x19,mscratch,26	 x19=0x00000000
       98082000	      4802	80009714	410e5eb3	sra	x29,x28,x16	 x28:0x00000001 x16:0xf39b8000 x29=0x00000001
       98102000	      4803	80009718	c29d	c.beqz	x13,8000973e	 x13:0x00000000
       98222000	      4809	8000973e	8d65	c.and	x10,x9	 x10:0x00000000  x9:0x00000000 x10=0x00000000
       98602000	      4828	80009740	3408dd73	csrrwi	x26,mscratch,17	 x26=0x00000000
       98622000	      4829	80009744	0b5e	c.slli	x22,0x17	 x22:0x00000000 x22=0x00000000
       98642000	      4830	80009746	0001	c.addi	x0,0	  x0:0x00000000  x0=0x00000000
       98662000	      4831	80009748	3409b6f3	csrrc	x13,mscratch,x19	 x19:0x00000000 x13=0x00000011
       98682000	      4832	8000974c	02365363	bge	x12,x3,80009772	 x12:0x00000001  x3:0x0a392478
       99002000	      4848	80009750	054d4363	blt	x26,x20,80009796	 x26:0x00000000 x20:0x91004efc
       99302000	      4863	80009754	40fed713	srai	x14,x29,0xf	 x29:0x00000001 x14=0x00000000
       99422000	      4869	80009758	01781a33	sll	x20,x16,x23	 x16:0xf39b8000 x23:0x0000000b x20=0xdc000000
      100162000	      4906	8000975c	0322cfb3	div	x31,x5,x18	  x5:0x00000000 x18:0x47c426a6 x31=0x00000000
      100182000	      4907	80009760	005c7e33	and	x28,x24,x5	 x24:0x91004efb  x5:0x00000000 x28=0x00000000
      100202000	      4908	80009764	0001	c.addi	x0,0	  x0:0x00000000  x0=0x00000000
      100222000	      4909	80009766	03529863	bne	x5,x21,80009796	  x5:0x00000000 x21:0x00000009
      100442000	      4920	80009796	03bdb633	mulhu	x12,x27,x27	 x27:0x00000000 x27:0x00000000 x12=0x00000000
      100462000	      4921	8000979a	8771	c.srai	x14,0x1c	 x14:0x00000000 x14=0x00000000
      100842000	      4940	8000979c	984e	c.add	x16,x19	 x16:0xf39b8000 x19:0x00000000 x16=0xf39b8000
      100862000	      4941	8000979e	8c49	c.or	x8,x10	  x8:0x6c1b9000 x10:0x00000000  x8=0x6c1b9000
      100882000	      4942	800097a0	0f8b3913	sltiu	x18,x22,248	 x22:0x00000000 x18=0x00000001
      101282000	      4962	800097a4	012514b3	sll	x9,x10,x18	 x10:0x00000000 x18:0x00000001  x9=0x00000000
      101302000	      4963	800097a8	00a4e9b3	or	x19,x9,x10	  x9:0x00000000 x10:0x00000000 x19=0x00000000
      101322000	      4964	800097ac	8f19	c.sub	x14,x14	 x14:0x00000000 x14:0x00000000 x14=0x00000000
      101402000	      4968	800097ae	02ee8163	beq	x29,x14,800097d0	 x29:0x00000001 x14:0x00000000
      101422000	      4969	800097b2	8c6d	c.and	x8,x11	  x8:0x6c1b9000 x11:0x00000000  x8=0x00000000
      101662000	      4981	800097b4	0332f1b3	remu	x3,x5,x19	  x5:0x00000000 x19:0x00000000  x3=0x00000000
      101822000	      4989	800097b8	00d293b3	sll	x7,x5,x13	  x5:0x00000000 x13:0x00000011  x7=0x00000000
      101922000	      4994	800097bc	020292b3	mulh	x5,x5,x0	  x5:0x00000000  x0:0x00000000  x5=0x00000000
      102042000	      5000	800097c0	34002573	csrrs	x10,mscratch,x0	  x0:0x00000000 x10=0x00000011
      102062000	      5001	800097c4	037d0d33	mul	x26,x26,x23	 x26:0x00000000 x23:0x0000000b x26=0x00000000
      102082000	      5002	800097c8	0248f563	bgeu	x17,x4,800097f2	 x17:0xfffffad2  x4:0xffffffff
      102102000	      5003	800097cc	3b6d3393	sltiu	x7,x26,950	 x26:0x00000000  x7=0x00000001
      102122000	      5004	800097d0	0149d2b3	srl	x5,x19,x20	 x19:0x00000000 x20:0xdc000000  x5=0x00000000
      102542000	      5025	800097d4	01a018b3	sll	x17,x0,x26	  x0:0x00000000 x26:0x00000000 x17=0x00000000
      102562000	      5026	800097d8	8ef9	c.and	x13,x14	 x13:0x00000011 x14:0x00000000 x13=0x00000000
      102602000	      5028	800097da	d1362493	slti	x9,x12,-749	 x12:0x00000000  x9=0x00000000
      103022000	      5049	800097de	03a602b3	mul	x5,x12,x26	 x12:0x00000000 x26:0x00000000  x5=0x00000000
      103322000	      5064	800097e2	01c87863	bgeu	x16,x28,800097f2	 x16:0xf39b8000 x28:0x00000000
      103962000	      5096	800097f2	00a368b3	or	x17,x6,x10	  x6:0x00000000 x10:0x00000011 x17=0x00000011
      103982000	      5097	800097f6	69dd	c.lui	x19,0x17	 x19=0x00017000
      104002000	      5098	800097f8	01017b33	and	x22,x2,x16	  x2:0x80021e1c x16:0xf39b8000 x22=0x80020000
      104402000	      5118	800097fc	9ef6	c.add	x29,x29	 x29:0x00000001 x29:0x00000001 x29=0x00000002
      104422000	      5119	800097fe	34001cf3	csrrw	x25,mscratch,x0	  x0:0x00000000 x25=0x00000011
      104442000	      5120	80009802	00329963	bne	x5,x3,80009814	  x5:0x00000000  x3:0x00000000
      104462000	      5121	80009806	400ad713	srai	x14,x21,0x0	 x21:0x00000009 x14=0x00000009
      104482000	      5122	8000980a	417d8833	sub	x16,x27,x23	 x27:0x00000000 x23:0x0000000b x16=0xfffffff5
      104502000	      5123	8000980e	0442	c.slli	x8,0x10	  x8:0x00000000  x8=0x00000000
      104542000	      5125	80009810	16db7993	andi	x19,x22,365	 x22:0x80020000 x19=0x00000000
      104622000	      5129	80009814	ec01	c.bnez	x8,8000982c	  x8:0x00000000
      104642000	      5130	80009816	8c35	c.xor	x8,x13	  x8:0x00000000 x13:0x00000000  x8=0x00000000
      104662000	      5131	80009818	01d11e13	slli	x28,x2,0x1d	  x2:0x80021e1c x28=0x80000000
      104802000	      5138	8000981c	34007e73	csrrci	x28,mscratch,0	 x28=0x00000000
      104922000	      5144	80009820	018d55b3	srl	x11,x26,x24	 x26:0x00000000 x24:0x91004efb x11=0x00000000
      105082000	      5152	80009824	0147b4b3	sltu	x9,x15,x20	 x15:0x80025ce4 x20:0xdc000000  x9=0x00000001
      105102000	      5153	80009828	f3d92813	slti	x16,x18,-195	 x18:0x00000001 x16=0x00000000
      105122000	      5154	8000982c	0000100f	fence.i	
      105402000	      5168	80009830	c80d	c.beqz	x8,80009862	  x8:0x00000000
      105442000	      5170	80009862	8e85	c.sub	x13,x9	 x13:0x00000000  x9:0x00000001 x13=0xffffffff
      105462000	      5171	80009864	8ec9	c.or	x13,x10	 x13:0xffffffff x10:0x00000011 x13=0xffffffff
      105562000	      5176	80009866	0000100f	fence.i	
      106142000	      5205	8000986a	011858b3	srl	x17,x16,x17	 x16:0x00000000 x17:0x00000011 x17=0x00000000
      106162000	      5206	8000986e	8df9	c.and	x11,x14	 x11:0x00000000 x14:0x00000009 x11=0x00000000
      106262000	      5211	80009870	ed85	c.bnez	x11,800098a8	 x11:0x00000000
      106282000	      5212	80009872	340d51f3	csrrwi	x3,mscratch,26	  x3=0x00000000
      106662000	      5231	80009876	01177bb3	and	x23,x14,x17	 x14:0x00000009 x17:0x00000000 x23=0x00000000
      107042000	      5250	8000987a	0206ae33	mulhsu	x28,x13,x0	 x13:0xffffffff  x0:0x00000000 x28=0x00000000
      107062000	      5251	8000987e	340074f3	csrrci	x9,mscratch,0	  x9=0x0000001a
      107082000	      5252	80009882	0026db63	bge	x13,x2,80009898	 x13:0xffffffff  x2:0x80021e1c
      107242000	      5260	80009898	14fd	c.addi	x9,-1	  x9:0x0000001a  x9=0x00000019
      107282000	      5262	8000989a	008d13b3	sll	x7,x26,x8	 x26:0x00000000  x8:0x00000000  x7=0x00000000
      107302000	      5263	8000989e	1ffd	c.addi	x31,-1	 x31:0x00000000 x31=0xffffffff
      107322000	      5264	800098a0	966e	c.add	x12,x27	 x12:0x00000000 x27:0x00000000 x12=0x00000000
      107342000	      5265	800098a2	8045	c.srli	x8,0x11	  x8:0x00000000  x8=0x00000000
      107522000	      5274	800098a4	03c714b3	mulh	x9,x14,x28	 x14:0x00000009 x28:0x00000000  x9=0x00000000
      107542000	      5275	800098a8	0000100f	fence.i	
      108082000	      5302	800098ac	90fe	c.add	x1,x31	  x1:0xfffffad2 x31:0xffffffff  x1=0xfffffad1
      108102000	      5303	800098ae	0001	c.addi	x0,0	  x0:0x00000000  x0=0x00000000
      108382000	      5317	800098b0	0001	c.addi	x0,0	  x0:0x00000000  x0=0x00000000
      109122000	      5354	800098b2	0386f233	remu	x4,x13,x24	 x13:0xffffffff x24:0x91004efb  x4=0x6effb104
      109142000	      5355	800098b6	ea14b193	sltiu	x3,x9,-351	  x9:0x00000000  x3=0x00000001
      109182000	      5357	800098ba	031bce33	div	x28,x23,x17	 x23:0x00000000 x17:0x00000000 x28=0xffffffff
      109202000	      5358	800098be	34052973	csrrs	x18,mscratch,x10	 x10:0x00000011 x18=0x0000001a
      109222000	      5359	800098c2	0373e013	ori	x0,x7,55	  x7:0x00000000  x0=0x00000000
      109242000	      5360	800098c6	011783b3	add	x7,x15,x17	 x15:0x80025ce4 x17:0x00000000  x7=0x80025ce4
      109262000	      5361	800098ca	73436193	ori	x3,x6,1844	  x6:0x00000000  x3=0x00000734
      109382000	      5367	800098ce	005d3db3	sltu	x27,x26,x5	 x26:0x00000000  x5:0x00000000 x27=0x00000000
      109402000	      5368	800098d2	8622	c.mv	x12,x8	  x0:0x00000000  x8:0x00000000 x12=0x00000000
      109642000	      5380	800098d4	0b26	c.slli	x22,0x9	 x22:0x80020000 x22=0x04000000
      109822000	      5389	800098d6	340b3973	csrrc	x18,mscratch,x22	 x22:0x04000000 x18=0x0000001b
      109862000	      5391	800098da	02619eb3	mulh	x29,x3,x6	  x3:0x00000734  x6:0x00000000 x29=0x00000000
      109962000	      5396	800098de	031a3833	mulhu	x16,x20,x17	 x20:0xdc000000 x17:0x00000000 x16=0x00000000
      110142000	      5405	800098e2	340ff1f3	csrrci	x3,mscratch,31	  x3=0x0000001b
      110162000	      5406	800098e6	016fc433	xor	x8,x31,x22	 x31:0xffffffff x22:0x04000000  x8=0xfbffffff
      110362000	      5416	800098ea	00a54033	xor	x0,x10,x10	 x10:0x00000011 x10:0x00000011  x0=0x00000000
      110382000	      5417	800098ee	000b1f13	slli	x30,x22,0x0	 x22:0x04000000 x30=0x04000000
      110402000	      5418	800098f2	077d	c.addi	x14,31	 x14:0x00000009 x14=0x00000028
      111142000	      5455	800098f4	02eaf6b3	remu	x13,x21,x14	 x21:0x00000009 x14:0x00000028 x13=0x00000009
      111162000	      5456	800098f8	8145	c.srli	x10,0x11	 x10:0x00000011 x10=0x00000000
      111202000	      5458	800098fa	02871db3	mulh	x27,x14,x8	 x14:0x00000028  x8:0xfbffffff x27=0xffffffff
      111942000	      5495	800098fe	02fecf33	div	x30,x29,x15	 x29:0x00000000 x15:0x80025ce4 x30=0x00000000
      120842000	      5940	80009902	417480b3	sub	x1,x9,x23	  x9:0x00000000 x23:0x00000000  x1=0x00000000
      120862000	      5941	80009906	02d6	c.slli	x5,0x15	  x5:0x00000000  x5=0x00000000
      120882000	      5942	80009908	340071f3	csrrci	x3,mscratch,0	  x3=0x00000000
      120902000	      5943	8000990c	01461993	slli	x19,x12,0x14	 x12:0x00000000 x19=0x00000000
      120922000	      5944	80009910	025c88b3	mul	x17,x25,x5	 x25:0x00000011  x5:0x00000000 x17=0x00000000
      120942000	      5945	80009914	c1a9	c.beqz	x11,80009956	 x11:0x00000000
      121362000	      5966	80009956	41dd5e93	srai	x29,x26,0x1d	 x26:0x00000000 x29=0x00000000
      121382000	      5967	8000995a	00ed1313	slli	x6,x26,0xe	 x26:0x00000000  x6=0x00000000
      121462000	      5971	8000995e	cae17193	andi	x3,x2,-850	  x2:0x80021e1c  x3=0x80021c0c
      121482000	      5972	80009962	005a8633	add	x12,x21,x5	 x21:0x00000009  x5:0x00000000 x12=0x00000009
      121662000	      5981	80009966	032ca1b3	mulhsu	x3,x25,x18	 x25:0x00000011 x18:0x0000001b  x3=0x00000000
      121682000	      5982	8000996a	340030f3	csrrc	x1,mscratch,x0	  x0:0x00000000  x1=0x00000000
      121882000	      5992	8000996e	408d0233	sub	x4,x26,x8	 x26:0x00000000  x8:0xfbffffff  x4=0x04000001
      121902000	      5993	80009972	01045213	srli	x4,x8,0x10	  x8:0xfbffffff  x4=0x0000fbff
      121922000	      5994	80009976	340c7d73	csrrci	x26,mscratch,24	 x26=0x00000000
      121942000	      5995	8000997a	41815593	srai	x11,x2,0x18	  x2:0x80021e1c x11=0xffffff80
      122362000	      6016	8000997e	a62b3413	sltiu	x8,x22,-1438	 x22:0x04000000  x8=0x00000001
      122382000	      6017	80009982	85bd	c.srai	x11,0xf	 x11:0xffffff80 x11=0xffffffff
      122402000	      6018	80009984	015a5213	srli	x4,x20,0x15	 x20:0xdc000000  x4=0x000006e0
      122422000	      6019	80009988	00775533	srl	x10,x14,x7	 x14:0x00000028  x7:0x80025ce4 x10=0x00000002
      122442000	      6020	8000998c	0001	c.addi	x0,0	  x0:0x00000000  x0=0x00000000
      122842000	      6040	8000998e	dde0b013	sltiu	x0,x1,-546	  x1:0x00000000  x0=0x00000000
      122862000	      6041	80009992	8039	c.srli	x8,0xe	  x8:0x00000001  x8=0x00000000
      123842000	      6090	80009994	027eefb3	rem	x31,x29,x7	 x29:0x00000000  x7:0x80025ce4 x31=0x00000000
      123862000	      6091	80009998	16fd	c.addi	x13,-1	 x13:0x00000009 x13=0x00000008
      123882000	      6092	8000999a	8f7d	c.and	x14,x15	 x14:0x00000028 x15:0x80025ce4 x14=0x00000020
      123902000	      6093	8000999c	f4206f13	ori	x30,x0,-190	  x0:0x00000000 x30=0xffffff42
      123922000	      6094	800099a0	03008563	beq	x1,x16,800099ca	  x1:0x00000000 x16:0x00000000
      124122000	      6104	800099ca	03685a63	bge	x16,x22,800099fe	 x16:0x00000000 x22:0x04000000
      124142000	      6105	800099ce	02f75d63	bge	x14,x15,80009a08	 x14:0x00000020 x15:0x80025ce4
      124962000	      6146	80009a08	0000100f	fence.i	
      125542000	      6175	80009a0c	464d	c.li	x12,19	 x12=0x00000013
      125562000	      6176	80009a0e	004fdf93	srli	x31,x31,0x4	 x31:0x00000000 x31=0x00000000
      125582000	      6177	80009a12	7c443b13	sltiu	x22,x8,1988	  x8:0x00000000 x22=0x00000001
      125622000	      6179	80009a16	026d23b3	mulhsu	x7,x26,x6	 x26:0x00000000  x6:0x00000000  x7=0x00000000
      125702000	      6183	80009a1a	34006373	csrrsi	x6,mscratch,0	  x6=0x00000000
      125722000	      6184	80009a1e	8dc1	c.or	x11,x8	 x11:0xffffffff  x8:0x00000000 x11=0xffffffff
      125742000	      6185	80009a20	02b79663	bne	x15,x11,80009a4c	 x15:0x80025ce4 x11:0xffffffff
      125982000	      6197	80009a4c	00241493	slli	x9,x8,0x2	  x8:0x00000000  x9=0x00000000
      126082000	      6202	80009a50	407fde93	srai	x29,x31,0x7	 x31:0x00000000 x29=0x00000000
      126262000	      6211	80009a54	01ab8c33	add	x24,x23,x26	 x23:0x00000000 x26:0x00000000 x24=0x00000000
      126422000	      6219	80009a58	8efd	c.and	x13,x15	 x13:0x00000008 x15:0x80025ce4 x13=0x00000000
      126442000	      6220	80009a5a	b792fc13	andi	x24,x5,-1159	  x5:0x00000000 x24=0x00000000
      126862000	      6241	80009a5e	01163333	sltu	x6,x12,x17	 x12:0x00000013 x17:0x00000000  x6=0x00000000
      126882000	      6242	80009a62	567d	c.li	x12,-1	 x12=0xffffffff
      127242000	      6260	80009a64	00d15433	srl	x8,x2,x13	  x2:0x80021e1c x13:0x00000000  x8=0x80021e1c
      127262000	      6261	80009a68	8ced	c.and	x9,x11	  x9:0x00000000 x11:0xffffffff  x9=0x00000000
      127282000	      6262	80009a6a	0001	c.addi	x0,0	  x0:0x00000000  x0=0x00000000
      127422000	      6269	80009a6c	026ae463	bltu	x21,x6,80009a94	 x21:0x00000009  x6:0x00000000
      128162000	      6306	80009a70	035d74b3	remu	x9,x26,x21	 x26:0x00000000 x21:0x00000009  x9=0x00000000
      128182000	      6307	80009a74	0000100f	fence.i	
      128662000	      6331	80009a78	006b43b3	xor	x7,x22,x6	 x22:0x00000001  x6:0x00000000  x7=0x00000001
      128682000	      6332	80009a7c	00cd9e33	sll	x28,x27,x12	 x27:0xffffffff x12:0xffffffff x28=0x80000000
      128702000	      6333	80009a80	01674533	xor	x10,x14,x22	 x14:0x00000020 x22:0x00000001 x10=0x00000021
      128822000	      6339	80009a84	0000100f	fence.i	
      129722000	      6384	80009a88	34002ff3	csrrs	x31,mscratch,x0	  x0:0x00000000 x31=0x00000000
      130142000	      6405	80009a8c	6d98c813	xori	x16,x17,1753	 x17:0x00000000 x16=0x000006d9
      130222000	      6409	80009a90	9656efb7	lui	x31,0x9656e	 x31=0x9656e000
      130302000	      6413	80009a94	6197c693	xori	x13,x15,1561	 x15:0x80025ce4 x13=0x80025afd
      130722000	      6434	80009a98	340d7773	csrrci	x14,mscratch,26	 x14=0x00000000
      130842000	      6440	80009a9c	03441433	mulh	x8,x8,x20	  x8:0x80021e1c x20:0xdc000000  x8=0x11ffb3c4
      130862000	      6441	80009aa0	00065693	srli	x13,x12,0x0	 x12:0xffffffff x13=0xffffffff
      130902000	      6443	80009aa4	02431cb3	mulh	x25,x6,x4	  x6:0x00000000  x4:0x000006e0 x25=0x00000000
      131062000	      6451	80009aa8	03893a33	mulhu	x20,x18,x24	 x18:0x0000001b x24:0x00000000 x20=0x00000000
      131462000	      6471	80009aac	0185dd33	srl	x26,x11,x24	 x11:0xffffffff x24:0x00000000 x26=0xffffffff
      132602000	      6528	80009ab0	027a7833	remu	x16,x20,x7	 x20:0x00000000  x7:0x00000001 x16=0x00000000
      132622000	      6529	80009ab4	01f39193	slli	x3,x7,0x1f	  x7:0x00000001  x3=0x80000000
      132642000	      6530	80009ab8	8dc5	c.or	x11,x9	 x11:0xffffffff  x9:0x00000000 x11=0xffffffff
      132662000	      6531	80009aba	00de78b3	and	x17,x28,x13	 x28:0x80000000 x13:0xffffffff x17=0x80000000
      132682000	      6532	80009abe	98b2	c.add	x17,x12	 x17:0x80000000 x12:0xffffffff x17=0x7fffffff
      132702000	      6533	80009ac0	01e40a33	add	x20,x8,x30	  x8:0x11ffb3c4 x30:0xffffff42 x20=0x11ffb306
      133002000	      6548	80009ac4	41155c13	srai	x24,x10,0x11	 x10:0x00000021 x24=0x00000000
      133322000	      6564	80009ac8	34007d73	csrrci	x26,mscratch,0	 x26=0x00000000
      133762000	      6586	80009acc	020116b3	mulh	x13,x2,x0	  x2:0x80021e1c  x0:0x00000000 x13=0x00000000
      133782000	      6587	80009ad0	340a9f73	csrrw	x30,mscratch,x21	 x21:0x00000009 x30=0x00000000
      133802000	      6588	80009ad4	051c0263	beq	x24,x17,80009b18	 x24:0x00000000 x17:0x7fffffff
      134542000	      6625	80009ad8	02b1eb33	rem	x22,x3,x11	  x3:0x80000000 x11:0xffffffff x22=0x00000000
      134562000	      6626	80009adc	408ddc93	srai	x25,x27,0x8	 x27:0xffffffff x25=0xffffffff
      134582000	      6627	80009ae0	c3567613	andi	x12,x12,-971	 x12:0xffffffff x12=0xfffffc35
      134602000	      6628	80009ae4	01ce80b3	add	x1,x29,x28	 x29:0x00000000 x28:0x80000000  x1=0x80000000
      134642000	      6630	80009ae8	035f2bb3	mulhsu	x23,x30,x21	 x30:0x00000000 x21:0x00000009 x23=0x00000000
      134682000	      6632	80009aec	03061e33	mulh	x28,x12,x16	 x12:0xfffffc35 x16:0x00000000 x28=0x00000000
      134702000	      6633	80009af0	8edd	c.or	x13,x15	 x13:0x00000000 x15:0x80025ce4 x13=0x80025ce4
      134882000	      6642	80009af2	0304d163	bge	x9,x16,80009b14	  x9:0x00000000 x16:0x00000000
      135902000	      6693	80009b14	0271ae33	mulhsu	x28,x3,x7	  x3:0x80000000  x7:0x00000001 x28=0xffffffff
      135922000	      6694	80009b18	0001	c.addi	x0,0	  x0:0x00000000  x0=0x00000000
      136182000	      6707	80009b1a	34085573	csrrwi	x10,mscratch,16	 x10=0x00000009
      136922000	      6744	80009b1e	02da4bb3	div	x23,x20,x13	 x20:0x11ffb306 x13:0x80025ce4 x23=0x00000000
      136942000	      6745	80009b22	8f2d	c.xor	x14,x11	 x14:0x00000000 x11:0xffffffff x14=0xffffffff
      136962000	      6746	80009b24	408dd933	sra	x18,x27,x8	 x27:0xffffffff  x8:0x11ffb3c4 x18=0xffffffff
      136982000	      6747	80009b28	4164d593	srai	x11,x9,0x16	  x9:0x00000000 x11=0x00000000
      137002000	      6748	80009b2c	02a5f963	bgeu	x11,x10,80009b5e	 x11:0x00000000 x10:0x00000009
      137022000	      6749	80009b30	8425	c.srai	x8,0x9	  x8:0x11ffb3c4  x8=0x0008ffd9
      137042000	      6750	80009b32	93964f17	auipc	x30,0x93964	 x30=0x1396db32
      137862000	      6791	80009b36	02d9e4b3	rem	x9,x19,x13	 x19:0x00000000 x13:0x80025ce4  x9=0x00000000
      137882000	      6792	80009b3a	41f1de33	sra	x28,x3,x31	  x3:0x80000000 x31:0x9656e000 x28=0x80000000
      137902000	      6793	80009b3e	58fd	c.li	x17,-1	 x17=0xffffffff
      137922000	      6794	80009b40	00428533	add	x10,x5,x4	  x5:0x00000000  x4:0x000006e0 x10=0x000006e0
      137942000	      6795	80009b44	01c76f63	bltu	x14,x28,80009b62	 x14:0xffffffff x28:0x80000000
      137962000	      6796	80009b48	e129	c.bnez	x10,80009b8a	 x10:0x000006e0
      138162000	      6806	80009b8a	01747bb3	and	x23,x8,x23	  x8:0x0008ffd9 x23:0x00000000 x23=0x00000000
      138182000	      6807	80009b8e	022b6363	bltu	x22,x2,80009bb4	 x22:0x00000000  x2:0x80021e1c
      138622000	      6829	80009bb4	4d90b313	sltiu	x6,x1,1241	  x1:0x80000000  x6=0x00000000
      138842000	      6840	80009bb8	e515	c.bnez	x10,80009be4	 x10:0x000006e0
      139362000	      6866	80009be4	34002373	csrrs	x6,mscratch,x0	  x0:0x00000000  x6=0x00000010
      139402000	      6868	80009be8	02f3de63	bge	x7,x15,80009c24	  x7:0x00000001 x15:0x80025ce4
      139722000	      6884	80009c24	0001	c.addi	x0,0	  x0:0x00000000  x0=0x00000000
      139742000	      6885	80009c26	8d61	c.and	x10,x8	 x10:0x000006e0  x8:0x0008ffd9 x10=0x000006c0
      139882000	      6892	80009c28	177d	c.addi	x14,-1	 x14:0xffffffff x14=0xfffffffe
      140062000	      6901	80009c2a	022e9233	mulh	x4,x29,x2	 x29:0x00000000  x2:0x80021e1c  x4=0x00000000
      140082000	      6902	80009c2e	340c9773	csrrw	x14,mscratch,x25	 x25:0xffffffff x14=0x00000010
      140102000	      6903	80009c32	8d01	c.sub	x10,x8	 x10:0x000006c0  x8:0x0008ffd9 x10=0xfff706e7
      140142000	      6905	80009c34	01bf8f33	add	x30,x31,x27	 x31:0x9656e000 x27:0xffffffff x30=0x9656dfff
      140562000	      6926	80009c38	00189c13	slli	x24,x17,0x1	 x17:0xffffffff x24=0xfffffffe
      140682000	      6932	80009c3c	011c8663	beq	x25,x17,80009c48	 x25:0xffffffff x17:0xffffffff
      141242000	      6960	80009c48	860c4613	xori	x12,x24,-1952	 x24:0xfffffffe x12=0x0000079e
      141442000	      6970	80009c4c	0000100f	fence.i	
      142102000	      7003	80009c50	0072e9b3	or	x19,x5,x7	  x5:0x00000000  x7:0x00000001 x19=0x00000001
      142282000	      7012	80009c54	7a24f713	andi	x14,x9,1954	  x9:0x00000000 x14=0x00000000
      142482000	      7022	80009c58	00a2	c.slli	x1,0x8	  x1:0x80000000  x1=0x00000000
      142502000	      7023	80009c5a	0328fa63	bgeu	x17,x18,80009c8e	 x17:0xffffffff x18:0xffffffff
      143482000	      7072	80009c8e	01c46433	or	x8,x8,x28	  x8:0x0008ffd9 x28:0x80000000  x8=0x8008ffd9
      143642000	      7080	80009c92	01b39833	sll	x16,x7,x27	  x7:0x00000001 x27:0xffffffff x16=0x80000000
      144642000	      7130	80009c96	03ccf6b3	remu	x13,x25,x28	 x25:0xffffffff x28:0x80000000 x13=0x7fffffff
      144662000	      7131	80009c9a	00bf8013	addi	x0,x31,11	 x31:0x9656e000  x0=0x00000000
      144682000	      7132	80009c9e	96be	c.add	x13,x15	 x13:0x7fffffff x15:0x80025ce4 x13=0x00025ce3
      144702000	      7133	80009ca0	03816763	bltu	x2,x24,80009cce	  x2:0x80021e1c x24:0xfffffffe
      145602000	      7178	80009cce	34022bf3	csrrs	x23,mscratch,x4	  x4:0x00000000 x23=0xffffffff
      145642000	      7180	80009cd2	0399adb3	mulhsu	x27,x19,x25	 x19:0x00000001 x25:0xffffffff x27=0x00000000
      145662000	      7181	80009cd6	01357b63	bgeu	x10,x19,80009cec	 x10:0xfff706e7 x19:0x00000001
      153182000	      7557	80009cec	05ee4c63	blt	x28,x30,80009d44	 x28:0x80000000 x30:0x9656dfff
      153562000	      7576	80009d44	00a77f33	and	x30,x14,x10	 x14:0x00000000 x10:0xfff706e7 x30=0x00000000
      153862000	      7591	80009d48	8039	c.srli	x8,0xe	  x8:0x8008ffd9  x8=0x00020023
      153882000	      7592	80009d4a	010a5d93	srli	x27,x20,0x10	 x20:0x11ffb306 x27=0x000011ff
      153962000	      7596	80009d4e	03c2f363	bgeu	x5,x28,80009d74	  x5:0x00000000 x28:0x80000000
      154082000	      7602	80009d52	34035973	csrrwi	x18,mscratch,6	 x18=0xffffffff
      154102000	      7603	80009d56	41cddf33	sra	x30,x27,x28	 x27:0x000011ff x28:0x80000000 x30=0x000011ff
      154242000	      7610	80009d5a	340393f3	csrrw	x7,mscratch,x7	  x7:0x00000001  x7=0x00000006
      154262000	      7611	80009d5e	00859a13	slli	x20,x11,0x8	 x11:0x00000000 x20=0x00000000
      154282000	      7612	80009d62	9a7d	c.andi	x12,-1	 x12:0x0000079e x12=0x0000079e
      154362000	      7616	80009d64	8eb9	c.xor	x13,x14	 x13:0x00025ce3 x14:0x00000000 x13=0x00025ce3
      154502000	      7623	80009d66	34086cf3	csrrsi	x25,mscratch,16	 x25=0x00000001
      154642000	      7630	80009d6a	02e673b3	remu	x7,x12,x14	 x12:0x0000079e x14:0x00000000  x7=0x0000079e
      154662000	      7631	80009d6e	00791533	sll	x10,x18,x7	 x18:0xffffffff  x7:0x0000079e x10=0xc0000000
      154682000	      7632	80009d72	ec0d	c.bnez	x8,80009dac	  x8:0x00020023
      155462000	      7671	80009dac	8d01	c.sub	x10,x8	 x10:0xc0000000  x8:0x00020023 x10=0xbffdffdd
      155502000	      7673	80009dae	34002c73	csrrs	x24,mscratch,x0	  x0:0x00000000 x24=0x00000011
      155522000	      7674	80009db2	8da5	c.xor	x11,x9	 x11:0x00000000  x9:0x00000000 x11=0x00000000
      155542000	      7675	80009db4	8d41	c.or	x10,x8	 x10:0xbffdffdd  x8:0x00020023 x10=0xbfffffff
      156282000	      7712	80009db6	0285ffb3	remu	x31,x11,x8	 x11:0x00000000  x8:0x00020023 x31=0x00000000
      156302000	      7713	80009dba	34002cf3	csrrs	x25,mscratch,x0	  x0:0x00000000 x25=0x00000011
      156322000	      7714	80009dbe	010bdf93	srli	x31,x23,0x10	 x23:0xffffffff x31=0x0000ffff
      156342000	      7715	80009dc2	8595	c.srai	x11,0x5	 x11:0x00000000 x11=0x00000000
      157082000	      7752	80009dc4	02fbf533	remu	x10,x23,x15	 x23:0xffffffff x15:0x80025ce4 x10=0x7ffda31b
      157102000	      7753	80009dc8	0058b6b3	sltu	x13,x17,x5	 x17:0xffffffff  x5:0x00000000 x13=0x00000000
      157122000	      7754	80009dcc	167d	c.addi	x12,-1	 x12:0x0000079e x12=0x0000079d
      157142000	      7755	80009dce	002dc3b3	xor	x7,x27,x2	 x27:0x000011ff  x2:0x80021e1c  x7=0x80020fe3
      157162000	      7756	80009dd2	010f6b33	or	x22,x30,x16	 x30:0x000011ff x16:0x80000000 x22=0x800011ff
      157182000	      7757	80009dd6	414954b3	sra	x9,x18,x20	 x18:0xffffffff x20:0x00000000  x9=0xffffffff
      157202000	      7758	80009dda	00e79433	sll	x8,x15,x14	 x15:0x80025ce4 x14:0x00000000  x8=0x80025ce4
      157242000	      7760	80009dde	0000100f	fence.i	
      157702000	      7783	80009de2	0001	c.addi	x0,0	  x0:0x00000000  x0=0x00000000
      158122000	      7804	80009de4	e4167937	lui	x18,0xe4167	 x18=0xe4167000
      158142000	      7805	80009de8	9d243093	sltiu	x1,x8,-1582	  x8:0x80025ce4  x1=0x00000001
      158162000	      7806	80009dec	0001	c.addi	x0,0	  x0:0x00000000  x0=0x00000000
      158182000	      7807	80009dee	40895cb3	sra	x25,x18,x8	 x18:0xe4167000  x8:0x80025ce4 x25=0xfe416700
      158202000	      7808	80009df2	340072f3	csrrci	x5,mscratch,0	  x5=0x00000011
      158422000	      7819	80009df6	40145833	sra	x16,x8,x1	  x8:0x80025ce4  x1:0x00000001 x16=0xc0012e72
      159562000	      7876	80009dfa	03c0db33	divu	x22,x1,x28	  x1:0x00000001 x28:0x80000000 x22=0x00000000
      159582000	      7877	80009dfe	840a	c.mv	x8,x2	  x0:0x00000000  x2:0x80021e1c  x8=0x80021e1c
      159602000	      7878	80009e00	00526bb3	or	x23,x4,x5	  x4:0x00000000  x5:0x00000011 x23=0x00000011
      159622000	      7879	80009e04	012dcc63	blt	x27,x18,80009e1c	 x27:0x000011ff x18:0xe4167000
      159642000	      7880	80009e08	0ff0000f	fence	iorw,iorw	
      159662000	      7881	80009e0c	340dfef3	csrrci	x29,mscratch,27	 x29=0x00000011
      159682000	      7882	80009e10	0ed6	c.slli	x29,0x15	 x29:0x00000011 x29=0x02200000
      159782000	      7887	80009e12	0046cd33	xor	x26,x13,x4	 x13:0x00000000  x4:0x00000000 x26=0x00000000
      159802000	      7888	80009e16	0387e313	ori	x6,x15,56	 x15:0x80025ce4  x6=0x80025cfc
      159822000	      7889	80009e1a	8c71	c.and	x8,x12	  x8:0x80021e1c x12:0x0000079d  x8=0x0000061c
      159842000	      7890	80009e1c	01cc5db3	srl	x27,x24,x28	 x24:0x00000011 x28:0x80000000 x27=0x00000011
      160022000	      7899	80009e20	018d9533	sll	x10,x27,x24	 x27:0x00000011 x24:0x00000011 x10=0x00220000
      160442000	      7920	80009e24	843d	c.srai	x8,0xf	  x8:0x0000061c  x8=0x00000000
      160462000	      7921	80009e26	8231	c.srli	x12,0xc	 x12:0x0000079d x12=0x00000000
      160602000	      7928	80009e28	00e29513	slli	x10,x5,0xe	  x5:0x00000011 x10=0x00044000
      160622000	      7929	80009e2c	006dc763	blt	x27,x6,80009e3a	 x27:0x00000011  x6:0x80025cfc
      160742000	      7935	80009e30	0001	c.addi	x0,0	  x0:0x00000000  x0=0x00000000
      160762000	      7936	80009e32	340e3ff3	csrrc	x31,mscratch,x28	 x28:0x80000000 x31=0x00000000
      160782000	      7937	80009e36	8f19	c.sub	x14,x14	 x14:0x00000000 x14:0x00000000 x14=0x00000000
      160802000	      7938	80009e38	6191	c.lui	x3,0x4	  x3=0x00004000
      160822000	      7939	80009e3a	870d	c.srai	x14,0x3	 x14:0x00000000 x14=0x00000000
      160842000	      7940	80009e3c	ca81	c.beqz	x13,80009e4c	 x13:0x00000000
      161122000	      7954	80009e4c	34007a73	csrrci	x20,mscratch,0	 x20=0x00000000
      161142000	      7955	80009e50	013c9993	slli	x19,x25,0x13	 x25:0xfe416700 x19=0x38000000
      161162000	      7956	80009e54	008994b3	sll	x9,x19,x8	 x19:0x38000000  x8:0x00000000  x9=0x38000000
      161322000	      7964	80009e58	8725	c.srai	x14,0x9	 x14:0x00000000 x14=0x00000000
      161342000	      7965	80009e5a	0000100f	fence.i	
      161942000	      7995	80009e5e	00a40233	add	x4,x8,x10	  x8:0x00000000 x10:0x00044000  x4=0x00044000
      161962000	      7996	80009e62	8f2d	c.xor	x14,x11	 x14:0x00000000 x11:0x00000000 x14=0x00000000
      162122000	      8004	80009e64	3406d873	csrrwi	x16,mscratch,13	 x16=0x00000000
      162142000	      8005	80009e68	340664f3	csrrsi	x9,mscratch,12	  x9=0x0000000d
      162982000	      8047	80009e6c	0351e6b3	rem	x13,x3,x21	  x3:0x00004000 x21:0x00000009 x13=0x00000004
      163002000	      8048	80009e70	40d481b3	sub	x3,x9,x13	  x9:0x0000000d x13:0x00000004  x3=0x00000009
      163022000	      8049	80009e74	010890b3	sll	x1,x17,x16	 x17:0xffffffff x16:0x00000000  x1=0xffffffff
      163042000	      8050	80009e78	b3c28893	addi	x17,x5,-1220	  x5:0x00000011 x17=0xfffffb4d
      163062000	      8051	80009e7c	3405b973	csrrc	x18,mscratch,x11	 x11:0x00000000 x18=0x0000000d
      163102000	      8053	80009e80	030895b3	mulh	x11,x17,x16	 x17:0xfffffb4d x16:0x00000000 x11=0x00000000
      163122000	      8054	80009e84	8049	c.srli	x8,0x12	  x8:0x00000000  x8=0x00000000
      163162000	      8056	80009e86	0313a933	mulhsu	x18,x7,x17	  x7:0x80020fe3 x17:0xfffffb4d x18=0x8002123c
      163182000	      8057	80009e8a	9f46	c.add	x30,x17	 x30:0x000011ff x17:0xfffffb4d x30=0x00000d4c
      163482000	      8072	80009e8c	03f60333	mul	x6,x12,x31	 x12:0x00000000 x31:0x00000000  x6=0x00000000
      163502000	      8073	80009e90	0153fc33	and	x24,x7,x21	  x7:0x80020fe3 x21:0x00000009 x24=0x00000001
      163522000	      8074	80009e94	01ab1233	sll	x4,x22,x26	 x22:0x00000000 x26:0x00000000  x4=0x00000000
      163802000	      8088	80009e98	85f37037	lui	x0,0x85f37	  x0=0x00000000
      163822000	      8089	80009e9c	0223d663	bge	x7,x2,80009ec8	  x7:0x80020fe3  x2:0x80021e1c
      163842000	      8090	80009ea0	0001	c.addi	x0,0	  x0:0x00000000  x0=0x00000000
      164222000	      8109	80009ea2	037b35b3	mulhu	x11,x22,x23	 x22:0x00000000 x23:0x00000011 x11=0x00000000
      164242000	      8110	80009ea6	e321	c.bnez	x14,80009ee6	 x14:0x00000000
      164622000	      8129	80009ea8	d22d4e97	auipc	x29,0xd22d4	 x29=0x522ddea8
      164742000	      8135	80009eac	98a6	c.add	x17,x9	 x17:0xfffffb4d  x9:0x0000000d x17=0xfffffb5a
      164762000	      8136	80009eae	0bee	c.slli	x23,0x1b	 x23:0x00000011 x23=0x88000000
      164882000	      8142	80009eb0	024bceb3	div	x29,x23,x4	 x23:0x88000000  x4:0x00000000 x29=0xffffffff
      164902000	      8143	80009eb4	bb757093	andi	x1,x10,-1097	 x10:0x00044000  x1=0x00044000
      164942000	      8145	80009eb8	47be0c93	addi	x25,x28,1147	 x28:0x80000000 x25=0x8000047b
      165082000	      8152	80009ebc	34019773	csrrw	x14,mscratch,x3	  x3:0x00000009 x14=0x0000000d
      165202000	      8158	80009ec0	00a1ec33	or	x24,x3,x10	  x3:0x00000009 x10:0x00044000 x24=0x00044009
      165222000	      8159	80009ec4	340062f3	csrrsi	x5,mscratch,0	  x5=0x00000009
      165642000	      8180	80009ec8	690d	c.lui	x18,0x3	 x18=0x00003000
      165662000	      8181	80009eca	8351	c.srli	x14,0x14	 x14:0x0000000d x14=0x00000000
      165682000	      8182	80009ecc	40865d93	srai	x27,x12,0x8	 x12:0x00000000 x27=0x00000000
      165702000	      8183	80009ed0	8e6d	c.and	x12,x11	 x12:0x00000000 x11:0x00000000 x12=0x00000000
      165722000	      8184	80009ed2	872d	c.srai	x14,0xb	 x14:0x00000000 x14=0x00000000
      165742000	      8185	80009ed4	01b28f63	beq	x5,x27,80009ef2	  x5:0x00000009 x27:0x00000000
      165842000	      8190	80009ed8	0075cbb3	xor	x23,x11,x7	 x11:0x00000000  x7:0x80020fe3 x23=0x80020fe3
      165942000	      8195	80009edc	014df033	and	x0,x27,x20	 x27:0x00000000 x20:0x00000000  x0=0x00000000
      166882000	      8242	80009ee0	033cfa33	remu	x20,x25,x19	 x25:0x8000047b x19:0x38000000 x20=0x1000047b
      166902000	      8243	80009ee4	686d	c.lui	x16,0x1b	 x16=0x0001b000
      166922000	      8244	80009ee6	9b7d	c.andi	x14,-1	 x14:0x00000000 x14=0x00000000
      166942000	      8245	80009ee8	8c41	c.or	x8,x8	  x8:0x00000000  x8:0x00000000  x8=0x00000000
      166962000	      8246	80009eea	fcd88193	addi	x3,x17,-51	 x17:0xfffffb5a  x3=0xfffffb27
      166982000	      8247	80009eee	55584493	xori	x9,x16,1365	 x16:0x0001b000  x9=0x0001b555
      167022000	      8249	80009ef2	02cf5d33	divu	x26,x30,x12	 x30:0x00000d4c x12:0x00000000 x26=0xffffffff
      167162000	      8256	80009ef6	017b1193	slli	x3,x22,0x17	 x22:0x00000000  x3=0x00000000
      168202000	      8308	80009efa	034a7433	remu	x8,x20,x20	 x20:0x1000047b x20:0x1000047b  x8=0x00000000
      168222000	      8309	80009efe	8505	c.srai	x10,0x1	 x10:0x00044000 x10=0x00022000
      168242000	      8310	80009f00	048e1463	bne	x28,x8,80009f48	 x28:0x80000000  x8:0x00000000
      168322000	      8314	80009f48	0cb53993	sltiu	x19,x10,203	 x10:0x00022000 x19=0x00000000
      168342000	      8315	80009f4c	34085473	csrrwi	x8,mscratch,16	  x8=0x00000009
      169082000	      8352	80009f50	031c65b3	rem	x11,x24,x17	 x24:0x00044009 x17:0xfffffb5a x11=0x0000004d
      169102000	      8353	80009f54	1dfd	c.addi	x27,-1	 x27:0x00000000 x27=0xffffffff
      169122000	      8354	80009f56	01cd3b93	sltiu	x23,x26,28	 x26:0xffffffff x23=0x00000000
      169142000	      8355	80009f5a	9c1a	c.add	x24,x6	 x24:0x00044009  x6:0x00000000 x24=0x00044009
      169162000	      8356	80009f5c	02ecfe63	bgeu	x25,x14,80009f98	 x25:0x8000047b x14:0x00000000
      169342000	      8365	80009f98	012858b3	srl	x17,x16,x18	 x16:0x0001b000 x18:0x00003000 x17=0x0001b000
      169402000	      8368	80009f9c	044f9463	bne	x31,x4,80009fe4	 x31:0x00000000  x4:0x00000000
      169422000	      8369	80009fa0	03050eb3	mul	x29,x10,x16	 x10:0x00022000 x16:0x0001b000 x29=0x96000000
      169442000	      8370	80009fa4	340028f3	csrrs	x17,mscratch,x0	  x0:0x00000000 x17=0x00000010
      169482000	      8372	80009fa8	01324bb3	xor	x23,x4,x19	  x4:0x00000000 x19:0x00000000 x23=0x00000000
      169522000	      8374	80009fac	03c390b3	mulh	x1,x7,x28	  x7:0x80020fe3 x28:0x80000000  x1=0x3ffef80e
      169642000	      8380	80009fb0	0000100f	fence.i	
      170142000	      8405	80009fb4	00641963	bne	x8,x6,80009fc6	  x8:0x00000009  x6:0x00000000
      170842000	      8440	80009fc6	aabb7717	auipc	x14,0xaabb7	 x14=0x2abc0fc6
      171082000	      8452	80009fca	0205d433	divu	x8,x11,x0	 x11:0x0000004d  x0:0x00000000  x8=0xffffffff
      171102000	      8453	80009fce	073e	c.slli	x14,0xf	 x14:0x2abc0fc6 x14=0x07e30000
      171122000	      8454	80009fd0	62d1	c.lui	x5,0x14	  x5=0x00014000
      171282000	      8462	80009fd2	0ff0000f	fence	iorw,iorw	
      171442000	      8470	80009fd6	01897933	and	x18,x18,x24	 x18:0x00003000 x24:0x00044009 x18=0x00000000
      171462000	      8471	80009fda	01c97563	bgeu	x18,x28,80009fe4	 x18:0x00000000 x28:0x80000000
      171482000	      8472	80009fde	03854d63	blt	x10,x24,8000a018	 x10:0x00022000 x24:0x00044009
      172102000	      8503	8000a018	1bfd	c.addi	x23,-1	 x23:0x00000000 x23=0xffffffff
      172122000	      8504	8000a01a	86fe	c.mv	x13,x31	  x0:0x00000000 x31:0x00000000 x13=0x00000000
      172142000	      8505	8000a01c	02574563	blt	x14,x5,8000a046	 x14:0x07e30000  x5:0x00014000
      172502000	      8523	8000a020	02857163	bgeu	x10,x8,8000a042	 x10:0x00022000  x8:0xffffffff
      172522000	      8524	8000a024	1cfd	c.addi	x25,-1	 x25:0x8000047b x25=0x8000047a
      172722000	      8534	8000a026	023fe463	bltu	x31,x3,8000a04e	 x31:0x00000000  x3:0x00000000
      172982000	      8547	8000a02a	bef7f993	andi	x19,x15,-1041	 x15:0x80025ce4 x19=0x800258e4
      173302000	      8563	8000a02e	0000100f	fence.i	
      174082000	      8602	8000a032	4b25	c.li	x22,9	 x22=0x00000009
      174102000	      8603	8000a034	016a5f13	srli	x30,x20,0x16	 x20:0x1000047b x30=0x00000040
      174522000	      8624	8000a038	12fd	c.addi	x5,-1	  x5:0x00014000  x5=0x00013fff
      174722000	      8634	8000a03a	34006f73	csrrsi	x30,mscratch,0	 x30=0x00000010
      175082000	      8652	8000a03e	00acfa63	bgeu	x25,x10,8000a052	 x25:0x8000047a x10:0x00022000
      175602000	      8678	8000a052	c221	c.beqz	x12,8000a092	 x12:0x00000000
      176002000	      8698	8000a092	8e11	c.sub	x12,x12	 x12:0x00000000 x12:0x00000000 x12=0x00000000
      176742000	      8735	8000a094	02bfc6b3	div	x13,x31,x11	 x31:0x00000000 x11:0x0000004d x13=0x00000000
      176762000	      8736	8000a098	00361c13	slli	x24,x12,0x3	 x12:0x00000000 x24=0x00000000
      176782000	      8737	8000a09c	010fc333	xor	x6,x31,x16	 x31:0x00000000 x16:0x0001b000  x6=0x0001b000
      176802000	      8738	8000a0a0	00e88c33	add	x24,x17,x14	 x17:0x00000010 x14:0x07e30000 x24=0x07e30010
      176822000	      8739	8000a0a4	8621	c.srai	x12,0x8	 x12:0x00000000 x12=0x00000000
      176842000	      8740	8000a0a6	01de02b3	add	x5,x28,x29	 x28:0x80000000 x29:0x96000000  x5=0x16000000
      176862000	      8741	8000a0aa	01995633	srl	x12,x18,x25	 x18:0x00000000 x25:0x8000047a x12=0x00000000
      176882000	      8742	8000a0ae	8b1d	c.andi	x14,7	 x14:0x07e30000 x14=0x00000000
      176902000	      8743	8000a0b0	1c1d8013	addi	x0,x27,449	 x27:0xffffffff  x0=0x00000000
      176962000	      8746	8000a0b4	030a3bb3	mulhu	x23,x20,x16	 x20:0x1000047b x16:0x0001b000 x23=0x00001b00
      177362000	      8766	8000a0b8	0ff0000f	fence	iorw,iorw	
      177782000	      8787	8000a0bc	021a	c.slli	x4,0x6	  x4:0x00000000  x4=0x00000000
      178162000	      8806	8000a0be	d30a8b93	addi	x23,x21,-720	 x21:0x00000009 x23=0xfffffd39
      178582000	      8827	8000a0c2	011730b3	sltu	x1,x14,x17	 x14:0x00000000 x17:0x00000010  x1=0x00000001
      178602000	      8828	8000a0c6	0000100f	fence.i	
      179222000	      8859	8000a0ca	00f91b13	slli	x22,x18,0xf	 x18:0x00000000 x22=0x00000000
      179242000	      8860	8000a0ce	02256863	bltu	x10,x2,8000a0fe	 x10:0x00022000  x2:0x80021e1c
      193442000	      9570	8000a0fe	e315	c.bnez	x14,8000a122	 x14:0x00000000
      193462000	      9571	8000a100	cf05	c.beqz	x14,8000a138	 x14:0x00000000
      193762000	      9586	8000a138	02345a63	bge	x8,x3,8000a16c	  x8:0xffffffff  x3:0x00000000
      194102000	      9603	8000a13c	962026b7	lui	x13,0x96202	 x13=0x96202000
      194842000	      9640	8000a140	038a5833	divu	x16,x20,x24	 x20:0x1000047b x24:0x07e30010 x16=0x00000002
      194862000	      9641	8000a144	0f278413	addi	x8,x15,242	 x15:0x80025ce4  x8=0x80025dd6
      195602000	      9678	8000a148	031c5433	divu	x8,x24,x17	 x24:0x07e30010 x17:0x00000010  x8=0x007e3001
      195622000	      9679	8000a14c	003e1513	slli	x10,x28,0x3	 x28:0x80000000 x10=0x00000000
      195642000	      9680	8000a150	03747963	bgeu	x8,x23,8000a182	  x8:0x007e3001 x23:0xfffffd39
      195662000	      9681	8000a154	00ca0fb3	add	x31,x20,x12	 x20:0x1000047b x12:0x00000000 x31=0x1000047b
      195682000	      9682	8000a158	34039373	csrrw	x6,mscratch,x7	  x7:0x80020fe3  x6=0x00000010
      195702000	      9683	8000a15c	157d	c.addi	x10,-1	 x10:0x00000000 x10=0xffffffff
      196102000	      9703	8000a15e	20f88397	auipc	x7,0x20f88	  x7=0xa0f9215e
      196122000	      9704	8000a162	009c3fb3	sltu	x31,x24,x9	 x24:0x07e30010  x9:0x0001b555 x31=0x00000000
      196142000	      9705	8000a166	05ea	c.slli	x11,0x1a	 x11:0x0000004d x11=0x34000000
      196162000	      9706	8000a168	340b5a73	csrrwi	x20,mscratch,22	 x20=0x80020fe3
      196302000	      9713	8000a16c	3f13ed17	auipc	x26,0x3f13e	 x26=0xbf14816c
      196442000	      9720	8000a170	340022f3	csrrs	x5,mscratch,x0	  x0:0x00000000  x5=0x00000016
      196482000	      9722	8000a174	022a1233	mulh	x4,x20,x2	 x20:0x80020fe3  x2:0x80021e1c  x4=0x3ffde904
      196642000	      9730	8000a178	8ed1	c.or	x13,x12	 x13:0x96202000 x12:0x00000000 x13=0x96202000
      196842000	      9740	8000a17a	0cc4e213	ori	x4,x9,204	  x9:0x0001b555  x4=0x0001b5dd
      196862000	      9741	8000a17e	608d	c.lui	x1,0x3	  x1=0x00003000
      197262000	      9761	8000a180	0001	c.addi	x0,0	  x0:0x00000000  x0=0x00000000
      197282000	      9762	8000a182	0a65	c.addi	x20,25	 x20:0x80020fe3 x20=0x80020ffc
      197682000	      9782	8000a184	01ff9733	sll	x14,x31,x31	 x31:0x00000000 x31:0x00000000 x14=0x00000000
      198102000	      9803	8000a188	00e7df13	srli	x30,x15,0xe	 x15:0x80025ce4 x30=0x00020009
      198302000	      9813	8000a18c	009401b3	add	x3,x8,x9	  x8:0x007e3001  x9:0x0001b555  x3=0x007fe556
      198322000	      9814	8000a190	00da88b3	add	x17,x21,x13	 x21:0x00000009 x13:0x96202000 x17=0x96202009
      198342000	      9815	8000a194	01141813	slli	x16,x8,0x11	  x8:0x007e3001 x16=0x60020000
      198362000	      9816	8000a198	35a68a13	addi	x20,x13,858	 x13:0x96202000 x20=0x9620235a
      198662000	      9831	8000a19c	8cdd	c.or	x9,x15	  x9:0x0001b555 x15:0x80025ce4  x9=0x8003fdf5
      198702000	      9833	8000a19e	0206c8b3	div	x17,x13,x0	 x13:0x96202000  x0:0x00000000 x17=0xffffffff
      198722000	      9834	8000a1a2	8d4d	c.or	x10,x11	 x10:0xffffffff x11:0x34000000 x10=0xffffffff
      198982000	      9847	8000a1a4	61e5f9b7	lui	x19,0x61e5f	 x19=0x61e5f000
      199402000	      9868	8000a1a8	0012f933	and	x18,x5,x1	  x5:0x00000016  x1:0x00003000 x18=0x00000000
      199422000	      9869	8000a1ac	96d2	c.add	x13,x20	 x13:0x96202000 x20:0x9620235a x13=0x2c40435a
      199442000	      9870	8000a1ae	0001	c.addi	x0,0	  x0:0x00000000  x0=0x00000000
      199462000	      9871	8000a1b0	0000100f	fence.i	
      199622000	      9879	8000a1b4	02d8cb63	blt	x17,x13,8000a1ea	 x17:0xffffffff x13:0x2c40435a
      199722000	      9884	8000a1ea	8b6e	c.mv	x22,x27	  x0:0x00000000 x27:0xffffffff x22=0xffffffff
      199762000	      9886	8000a1ec	0090d5b3	srl	x11,x1,x9	  x1:0x00003000  x9:0x8003fdf5 x11=0x00000000
      199782000	      9887	8000a1f0	038b8c63	beq	x23,x24,8000a228	 x23:0xfffffd39 x24:0x07e30010
      199802000	      9888	8000a1f4	8271	c.srli	x12,0x1c	 x12:0x00000000 x12=0x00000000
      199822000	      9889	8000a1f6	340572f3	csrrci	x5,mscratch,10	  x5=0x00000016
      199842000	      9890	8000a1fa	892a	c.mv	x18,x10	  x0:0x00000000 x10:0xffffffff x18=0xffffffff
      199862000	      9891	8000a1fc	4106d9b3	sra	x19,x13,x16	 x13:0x2c40435a x16:0x60020000 x19=0x2c40435a
      199882000	      9892	8000a200	8429	c.srai	x8,0xa	  x8:0x007e3001  x8=0x00001f8c
      199902000	      9893	8000a202	887a	c.mv	x16,x30	  x0:0x00000000 x30:0x00020009 x16=0x00020009
      201022000	      9949	8000a204	0371f5b3	remu	x11,x3,x23	  x3:0x007fe556 x23:0xfffffd39 x11=0x007fe556
      201042000	      9950	8000a208	03cecf63	blt	x29,x28,8000a246	 x29:0x96000000 x28:0x80000000
      201062000	      9951	8000a20c	0ff0000f	fence	iorw,iorw	
      201082000	      9952	8000a210	8e1d	c.sub	x12,x15	 x12:0x00000000 x15:0x80025ce4 x12=0x7ffda31c
      201102000	      9953	8000a212	01521033	sll	x0,x4,x21	  x4:0x0001b5dd x21:0x00000009  x0=0x00000000
      201122000	      9954	8000a216	023a7f63	bgeu	x20,x3,8000a254	 x20:0x9620235a  x3:0x007fe556
      201682000	      9982	8000a254	0000100f	fence.i	
      202262000	     10011	8000a258	02d5a2b3	mulhsu	x5,x11,x13	 x11:0x007fe556 x13:0x2c40435a  x5=0x00161b85
      202282000	     10012	8000a25c	340652f3	csrrwi	x5,mscratch,12	  x5=0x00000014
      202422000	     10019	8000a260	0a5e	c.slli	x20,0x17	 x20:0x9620235a x20=0xad000000
      203202000	     10058	8000a262	03196d33	rem	x26,x18,x17	 x18:0xffffffff x17:0xffffffff x26=0x00000000
      203222000	     10059	8000a266	4a3c3b93	sltiu	x23,x24,1187	 x24:0x07e30010 x23=0x00000000
      203242000	     10060	8000a26a	8e79	c.and	x12,x14	 x12:0x7ffda31c x14:0x00000000 x12=0x00000000
      203262000	     10061	8000a26c	01bd4bb3	xor	x23,x26,x27	 x26:0x00000000 x27:0xffffffff x23=0xffffffff
      203282000	     10062	8000a270	0001	c.addi	x0,0	  x0:0x00000000  x0=0x00000000
      203302000	     10063	8000a272	8ccd	c.or	x9,x11	  x9:0x8003fdf5 x11:0x007fe556  x9=0x807ffdf7
      203322000	     10064	8000a274	00e406b3	add	x13,x8,x14	  x8:0x00001f8c x14:0x00000000 x13=0x00001f8c
      203342000	     10065	8000a278	00ba5333	srl	x6,x20,x11	 x20:0xad000000 x11:0x007fe556  x6=0x000002b4
      203382000	     10067	8000a27c	025ab4b3	mulhu	x9,x21,x5	 x21:0x00000009  x5:0x00000014  x9=0x00000000
      203402000	     10068	8000a280	00689d93	slli	x27,x17,0x6	 x17:0xffffffff x27=0xffffffc0
      203622000	     10079	8000a284	2f52b613	sltiu	x12,x5,757	  x5:0x00000014 x12=0x00000001
      203642000	     10080	8000a288	02269963	bne	x13,x2,8000a2ba	 x13:0x00001f8c  x2:0x80021e1c
      204402000	     10118	8000a2ba	41a9	c.li	x3,10	  x3=0x0000000a
      204582000	     10127	8000a2bc	3407d773	csrrwi	x14,mscratch,15	 x14=0x0000000c
      204762000	     10136	8000a2c0	81b2	c.mv	x3,x12	  x0:0x00000000 x12:0x00000001  x3=0x00000001
      204782000	     10137	8000a2c2	0000100f	fence.i	
      205182000	     10157	8000a2c6	01415d33	srl	x26,x2,x20	  x2:0x80021e1c x20:0xad000000 x26=0x80021e1c
      205202000	     10158	8000a2ca	0f9f0b93	addi	x23,x30,249	 x30:0x00020009 x23=0x00020102
      206302000	     10213	8000a2ce	021f5fb3	divu	x31,x30,x1	 x30:0x00020009  x1:0x00003000 x31=0x0000000a
      206322000	     10214	8000a2d2	df64c217	auipc	x4,0xdf64c	  x4=0x5f6562d2
      207062000	     10251	8000a2d6	02eeebb3	rem	x23,x29,x14	 x29:0x96000000 x14:0x0000000c x23=0xfffffffc
      207082000	     10252	8000a2da	019b9c63	bne	x23,x25,8000a2f2	 x23:0xfffffffc x25:0x8000047a
      207602000	     10278	8000a2f2	025b1933	mulh	x18,x22,x5	 x22:0xffffffff  x5:0x00000014 x18=0xffffffff
      207622000	     10279	8000a2f6	419b00b3	sub	x1,x22,x25	 x22:0xffffffff x25:0x8000047a  x1=0x7ffffb85
      207642000	     10280	8000a2fa	0001	c.addi	x0,0	  x0:0x00000000  x0=0x00000000
      207902000	     10293	8000a2fc	00577863	bgeu	x14,x5,8000a30c	 x14:0x0000000c  x5:0x00000014
      207922000	     10294	8000a300	0001	c.addi	x0,0	  x0:0x00000000  x0=0x00000000
      207942000	     10295	8000a302	8dbd	c.xor	x11,x15	 x11:0x007fe556 x15:0x80025ce4 x11=0x807db9b2
      208022000	     10299	8000a304	03428d33	mul	x26,x5,x20	  x5:0x00000014 x20:0xad000000 x26=0x84000000
      208062000	     10301	8000a308	00c6a3b3	slt	x7,x13,x12	 x13:0x00001f8c x12:0x00000001  x7=0x00000000
      208182000	     10307	8000a30c	00c7b433	sltu	x8,x15,x12	 x15:0x80025ce4 x12:0x00000001  x8=0x00000000
      208262000	     10311	8000a310	04b3d363	bge	x7,x11,8000a356	  x7:0x00000000 x11:0x807db9b2
      209482000	     10372	8000a356	34007c73	csrrci	x24,mscratch,0	 x24=0x0000000f
      209502000	     10373	8000a35a	c239	c.beqz	x12,8000a3a0	 x12:0x00000001
      209522000	     10374	8000a35c	0f3a	c.slli	x30,0xe	 x30:0x00020009 x30=0x80024000
      209542000	     10375	8000a35e	007fc933	xor	x18,x31,x7	 x31:0x0000000a  x7:0x00000000 x18=0x0000000a
      210282000	     10412	8000a362	0263c433	div	x8,x7,x6	  x7:0x00000000  x6:0x000002b4  x8=0x00000000
      211022000	     10449	8000a366	03e05f33	divu	x30,x0,x30	  x0:0x00000000 x30:0x80024000 x30=0x00000000
      211042000	     10450	8000a36a	84b2	c.mv	x9,x12	  x0:0x00000000 x12:0x00000001  x9=0x00000001
      211062000	     10451	8000a36c	00be1a33	sll	x20,x28,x11	 x28:0x80000000 x11:0x807db9b2 x20=0x00000000
      211082000	     10452	8000a370	00421893	slli	x17,x4,0x4	  x4:0x5f6562d2 x17=0xf6562d20
      211102000	     10453	8000a374	00a13d33	sltu	x26,x2,x10	  x2:0x80021e1c x10:0xffffffff x26=0x00000001
      211142000	     10455	8000a378	03d7a533	mulhsu	x10,x15,x29	 x15:0x80025ce4 x29:0x96000000 x10=0xb501626d
      211162000	     10456	8000a37c	92866093	ori	x1,x12,-1752	 x12:0x00000001  x1=0xfffff929
      211422000	     10469	8000a380	0ff0000f	fence	iorw,iorw	
      211462000	     10471	8000a384	9a7d	c.andi	x12,-1	 x12:0x00000001 x12=0x00000001
      211502000	     10473	8000a386	026a3db3	mulhu	x27,x20,x6	 x20:0x00000000  x6:0x000002b4 x27=0x00000000
      211522000	     10474	8000a38a	00d2efb3	or	x31,x5,x13	  x5:0x00000014 x13:0x00001f8c x31=0x00001f9c
      211782000	     10487	8000a38e	01c97bb3	and	x23,x18,x28	 x18:0x0000000a x28:0x80000000 x23=0x00000000
      211802000	     10488	8000a392	8e45	c.or	x12,x9	 x12:0x00000001  x9:0x00000001 x12=0x00000001
      211822000	     10489	8000a394	34037773	csrrci	x14,mscratch,6	 x14=0x0000000f
      211842000	     10490	8000a398	40cb5e13	srai	x28,x22,0xc	 x22:0xffffffff x28=0xffffffff
      212222000	     10509	8000a39c	0165f013	andi	x0,x11,22	 x11:0x807db9b2  x0=0x00000000
      212242000	     10510	8000a3a0	01bcbdb3	sltu	x27,x25,x27	 x25:0x8000047a x27:0x00000000 x27=0x00000000
      212262000	     10511	8000a3a4	d7026bb7	lui	x23,0xd7026	 x23=0xd7026000
      212282000	     10512	8000a3a8	f8eb8693	addi	x13,x23,-114	 x23:0xd7026000 x13=0xd7025f8e
      212682000	     10532	8000a3ac	0ff0000f	fence	iorw,iorw	
      212702000	     10533	8000a3b0	431a3713	sltiu	x14,x20,1073	 x20:0x00000000 x14=0x00000001
      212742000	     10535	8000a3b4	02122cb3	mulhsu	x25,x4,x1	  x4:0x5f6562d2  x1:0xfffff929 x25=0x5f656045
      212842000	     10540	8000a3b8	41985f33	sra	x30,x16,x25	 x16:0x00020009 x25:0x5f656045 x30=0x00001000
      213022000	     10549	8000a3bc	8eb5	c.xor	x13,x13	 x13:0xd7025f8e x13:0xd7025f8e x13=0x00000000
      213042000	     10550	8000a3be	6f15e193	ori	x3,x11,1777	 x11:0x807db9b2  x3=0x807dbff3
      213062000	     10551	8000a3c2	0001	c.addi	x0,0	  x0:0x00000000  x0=0x00000000
      213082000	     10552	8000a3c4	414ad733	sra	x14,x21,x20	 x21:0x00000009 x20:0x00000000 x14=0x00000009
      213422000	     10569	8000a3c8	8d25	c.xor	x10,x9	 x10:0xb501626d  x9:0x00000001 x10=0xb501626c
      213622000	     10579	8000a3ca	40035b13	srai	x22,x6,0x0	  x6:0x000002b4 x22=0x000002b4
      213822000	     10589	8000a3ce	03b4b1b3	mulhu	x3,x9,x27	  x9:0x00000001 x27:0x00000000  x3=0x00000000
      214122000	     10604	8000a3d2	34002bf3	csrrs	x23,mscratch,x0	  x0:0x00000000 x23=0x00000009
      214142000	     10605	8000a3d6	035dd863	bge	x27,x21,8000a406	 x27:0x00000000 x21:0x00000009
      214322000	     10614	8000a3da	007b1e13	slli	x28,x22,0x7	 x22:0x000002b4 x28=0x00015a00
      214342000	     10615	8000a3de	9dd6	c.add	x27,x21	 x27:0x00000000 x21:0x00000009 x27=0x00000009
      214362000	     10616	8000a3e0	00418e63	beq	x3,x4,8000a3fc	  x3:0x00000000  x4:0x5f6562d2
      214382000	     10617	8000a3e4	8739	c.srai	x14,0xe	 x14:0x00000009 x14=0x00000000
      214402000	     10618	8000a3e6	06ed	c.addi	x13,27	 x13:0x00000000 x13=0x0000001b
      214422000	     10619	8000a3e8	34002873	csrrs	x16,mscratch,x0	  x0:0x00000000 x16=0x00000009
      214482000	     10622	8000a3ec	014d7f33	and	x30,x26,x20	 x26:0x00000001 x20:0x00000000 x30=0x00000000
      214502000	     10623	8000a3f0	0001	c.addi	x0,0	  x0:0x00000000  x0=0x00000000
      214522000	     10624	8000a3f2	004f2733	slt	x14,x30,x4	 x30:0x00000000  x4:0x5f6562d2 x14=0x00000001
      214542000	     10625	8000a3f6	8836	c.mv	x16,x13	  x0:0x00000000 x13:0x0000001b x16=0x0000001b
      214702000	     10633	8000a3f8	00855963	bge	x10,x8,8000a40a	 x10:0xb501626c  x8:0x00000000
      214722000	     10634	8000a3fc	4d8d	c.li	x27,3	 x27=0x00000003
      214742000	     10635	8000a3fe	e9242293	slti	x5,x8,-366	  x8:0x00000000  x5=0x00000000
      214882000	     10642	8000a402	0296e563	bltu	x13,x9,8000a42c	 x13:0x0000001b  x9:0x00000001
      214902000	     10643	8000a406	03fd4763	blt	x26,x31,8000a434	 x26:0x00000001 x31:0x00001f9c
      215862000	     10691	8000a434	56debb13	sltiu	x22,x29,1389	 x29:0x96000000 x22=0x00000000
      215902000	     10693	8000a438	3407d673	csrrwi	x12,mscratch,15	 x12=0x00000009
      216642000	     10730	8000a43c	0392cb33	div	x22,x5,x25	  x5:0x00000000 x25:0x5f656045 x22=0x00000000
      216662000	     10731	8000a440	0196c233	xor	x4,x13,x25	 x13:0x0000001b x25:0x5f656045  x4=0x5f65605e
      217402000	     10768	8000a444	029cdfb3	divu	x31,x25,x9	 x25:0x5f656045  x9:0x00000001 x31=0x5f656045
      218142000	     10805	8000a448	03a7e233	rem	x4,x15,x26	 x15:0x80025ce4 x26:0x00000001  x4=0x00000000
      218162000	     10806	8000a44c	9e86	c.add	x29,x1	 x29:0x96000000  x1:0xfffff929 x29=0x95fff929
      218182000	     10807	8000a44e	2aff2c93	slti	x25,x30,687	 x30:0x00000000 x25=0x00000001
      218202000	     10808	8000a452	019a6833	or	x16,x20,x25	 x20:0x00000000 x25:0x00000001 x16=0x00000001
      218222000	     10809	8000a456	0ff0000f	fence	iorw,iorw	
      218242000	     10810	8000a45a	7d27a2b7	lui	x5,0x7d27a	  x5=0x7d27a000
      218402000	     10818	8000a45e	5d31de37	lui	x28,0x5d31d	 x28=0x5d31d000
      218682000	     10832	8000a462	340bdb73	csrrwi	x22,mscratch,23	 x22=0x0000000f
      218702000	     10833	8000a466	527d	c.li	x4,-1	  x4=0xffffffff
      219102000	     10853	8000a468	8e91	c.sub	x13,x12	 x13:0x0000001b x12:0x00000009 x13=0x00000012
      219122000	     10854	8000a46a	95b2	c.add	x11,x12	 x11:0x807db9b2 x12:0x00000009 x11=0x807db9bb
      219142000	     10855	8000a46c	f6980593	addi	x11,x16,-151	 x16:0x00000001 x11=0xffffff6a
      219242000	     10860	8000a470	01694e33	xor	x28,x18,x22	 x18:0x0000000a x22:0x0000000f x28=0x00000005
      219362000	     10866	8000a474	402fdf93	srai	x31,x31,0x2	 x31:0x5f656045 x31=0x17d95811
      219782000	     10887	8000a478	01f4d413	srli	x8,x9,0x1f	  x9:0x00000001  x8=0x00000000
      219802000	     10888	8000a47c	002cbcb3	sltu	x25,x25,x2	 x25:0x00000001  x2:0x80021e1c x25=0x00000001
      219842000	     10890	8000a480	8d066e13	ori	x28,x12,-1840	 x12:0x00000009 x28=0xfffff8d9
      220002000	     10898	8000a484	e5ea1f97	auipc	x31,0xe5ea1	 x31=0x65eab484
      220022000	     10899	8000a488	00ac34b3	sltu	x9,x24,x10	 x24:0x0000000f x10:0xb501626c  x9=0x00000001
      220042000	     10900	8000a48c	40c75913	srai	x18,x14,0xc	 x14:0x00000001 x18=0x00000000
      220062000	     10901	8000a490	7c978b93	addi	x23,x15,1993	 x15:0x80025ce4 x23=0x800264ad
      220342000	     10915	8000a494	0291a0b3	mulhsu	x1,x3,x9	  x3:0x00000000  x9:0x00000001  x1=0x00000000
      220362000	     10916	8000a498	340f7973	csrrci	x18,mscratch,30	 x18=0x00000017
      220522000	     10924	8000a49c	03ac0033	mul	x0,x24,x26	 x24:0x0000000f x26:0x00000001  x0=0x00000000
      220942000	     10945	8000a4a0	34085673	csrrwi	x12,mscratch,16	 x12=0x00000001
      220962000	     10946	8000a4a4	6e91	c.lui	x29,0x4	 x29=0x00004000
      220982000	     10947	8000a4a6	012f0bb3	add	x23,x30,x18	 x30:0x00000000 x18:0x00000017 x23=0x00000017
      221722000	     10984	8000a4aa	029242b3	div	x5,x4,x9	  x4:0xffffffff  x9:0x00000001  x5=0xffffffff
      222462000	     11021	8000a4ae	036e5733	divu	x14,x28,x22	 x28:0xfffff8d9 x22:0x0000000f x14=0x11111097
      222482000	     11022	8000a4b2	0001	c.addi	x0,0	  x0:0x00000000  x0=0x00000000
      222502000	     11023	8000a4b4	8d61	c.and	x10,x8	 x10:0xb501626c  x8:0x00000000 x10=0x00000000
      222522000	     11024	8000a4b6	01b12633	slt	x12,x2,x27	  x2:0x80021e1c x27:0x00000003 x12=0x00000001
      222542000	     11025	8000a4ba	0001	c.addi	x0,0	  x0:0x00000000  x0=0x00000000
      222562000	     11026	8000a4bc	ee19	c.bnez	x12,8000a4da	 x12:0x00000001
      223302000	     11063	8000a4da	09cd7f93	andi	x31,x26,156	 x26:0x00000001 x31=0x00000000
      224182000	     11107	8000a4de	0256d3b3	divu	x7,x13,x5	 x13:0x00000012  x5:0xffffffff  x7=0x00000000
      224202000	     11108	8000a4e2	00857933	and	x18,x10,x8	 x10:0x00000000  x8:0x00000000 x18=0x00000000
      224222000	     11109	8000a4e6	4b5c7f97	auipc	x31,0x4b5c7	 x31=0xcb5d14e6
      224242000	     11110	8000a4ea	8951	c.andi	x10,20	 x10:0x00000000 x10=0x00000000
      224262000	     11111	8000a4ec	02298733	mul	x14,x19,x2	 x19:0x2c40435a  x2:0x80021e1c x14=0xe59fe9d8
      224282000	     11112	8000a4f0	0001	c.addi	x0,0	  x0:0x00000000  x0=0x00000000
      224302000	     11113	8000a4f2	82d6	c.mv	x5,x21	  x0:0x00000000 x21:0x00000009  x5=0x00000009
      224342000	     11115	8000a4f4	027d74b3	remu	x9,x26,x7	 x26:0x00000001  x7:0x00000000  x9=0x00000001
      224442000	     11120	8000a4f8	03f79763	bne	x15,x31,8000a526	 x15:0x80025ce4 x31:0xcb5d14e6
      225182000	     11157	8000a526	02c56863	bltu	x10,x12,8000a556	 x10:0x00000000 x12:0x00000001
      226122000	     11204	8000a556	01aeaa33	slt	x20,x29,x26	 x29:0x00004000 x26:0x00000001 x20=0x00000000
      226142000	     11205	8000a55a	0092e5b3	or	x11,x5,x9	  x5:0x00000009  x9:0x00000001 x11=0x00000009
      227242000	     11260	8000a55e	025be333	rem	x6,x23,x5	 x23:0x00000017  x5:0x00000009  x6=0x00000005
      227262000	     11261	8000a562	8e96	c.mv	x29,x5	  x0:0x00000000  x5:0x00000009 x29=0x00000009
      227282000	     11262	8000a564	340d3c73	csrrc	x24,mscratch,x26	 x26:0x00000001 x24=0x00000010
      227302000	     11263	8000a568	01a37333	and	x6,x6,x26	  x6:0x00000005 x26:0x00000001  x6=0x00000001
      227322000	     11264	8000a56c	34002ff3	csrrs	x31,mscratch,x0	  x0:0x00000000 x31=0x00000010
      227342000	     11265	8000a570	033189b3	mul	x19,x3,x19	  x3:0x00000000 x19:0x2c40435a x19=0x00000000
      227362000	     11266	8000a574	3400d6f3	csrrwi	x13,mscratch,1	 x13=0x00000010
      227482000	     11272	8000a578	01399663	bne	x19,x19,8000a584	 x19:0x00000000 x19:0x00000000
      227582000	     11277	8000a57c	1b802393	slti	x7,x0,440	  x0:0x00000000  x7=0x00000001
      227622000	     11279	8000a580	03e92933	mulhsu	x18,x18,x30	 x18:0x00000000 x30:0x00000000 x18=0x00000000
      227922000	     11294	8000a584	016e9213	slli	x4,x29,0x16	 x29:0x00000009  x4=0x02400000
      227942000	     11295	8000a588	03276363	bltu	x14,x18,8000a5ae	 x14:0xe59fe9d8 x18:0x00000000
      228122000	     11304	8000a58c	026c1cb3	mulh	x25,x24,x6	 x24:0x00000010  x6:0x00000001 x25=0x00000000
      228142000	     11305	8000a590	8756	c.mv	x14,x21	  x0:0x00000000 x21:0x00000009 x14=0x00000009
      228162000	     11306	8000a592	340e9673	csrrw	x12,mscratch,x29	 x29:0x00000009 x12=0x00000001
      228182000	     11307	8000a596	0a1d	c.addi	x20,7	 x20:0x00000000 x20=0x00000007
      228222000	     11309	8000a598	03613533	mulhu	x10,x2,x22	  x2:0x80021e1c x22:0x0000000f x10=0x00000007
      228442000	     11320	8000a59c	010cf6b3	and	x13,x25,x16	 x25:0x00000000 x16:0x00000001 x13=0x00000000
      228522000	     11324	8000a5a0	59d30493	addi	x9,x6,1437	  x6:0x00000001  x9=0x0000059e
      228942000	     11345	8000a5a4	86f2	c.mv	x13,x28	  x0:0x00000000 x28:0xfffff8d9 x13=0xfffff8d9
      228982000	     11347	8000a5a6	035ba933	mulhsu	x18,x23,x21	 x23:0x00000017 x21:0x00000009 x18=0x00000000
      229002000	     11348	8000a5aa	98a38d17	auipc	x26,0x98a38	 x26=0x18a425aa
      229022000	     11349	8000a5ae	01780863	beq	x16,x23,8000a5be	 x16:0x00000001 x23:0x00000017
      229042000	     11350	8000a5b2	cdabb213	sltiu	x4,x23,-806	 x23:0x00000017  x4=0x00000001
      229062000	     11351	8000a5b6	8926	c.mv	x18,x9	  x0:0x00000000  x9:0x0000059e x18=0x0000059e
      229162000	     11356	8000a5b8	8d61	c.and	x10,x8	 x10:0x00000007  x8:0x00000000 x10=0x00000000
      229182000	     11357	8000a5ba	02fbca63	blt	x23,x15,8000a5ee	 x23:0x00000017 x15:0x80025ce4
      229762000	     11386	8000a5be	91070813	addi	x16,x14,-1776	 x14:0x00000009 x16=0xfffff919
      229782000	     11387	8000a5c2	04a2	c.slli	x9,0x8	  x9:0x0000059e  x9=0x00059e00
      229882000	     11392	8000a5c4	02698763	beq	x19,x6,8000a5f2	 x19:0x00000000  x6:0x00000001
      229902000	     11393	8000a5c8	025ce163	bltu	x25,x5,8000a5ea	 x25:0x00000000  x5:0x00000009
      230402000	     11418	8000a5ea	7ddf6c13	ori	x24,x30,2013	 x30:0x00000000 x24=0x000007dd
      230582000	     11427	8000a5ee	340baa73	csrrs	x20,mscratch,x23	 x23:0x00000017 x20=0x00000009
      230602000	     11428	8000a5f2	0069ca63	blt	x19,x6,8000a606	 x19:0x00000000  x6:0x00000001
      231182000	     11457	8000a606	340f9ef3	csrrw	x29,mscratch,x31	 x31:0x00000010 x29=0x0000001f
      231202000	     11458	8000a60a	340ae973	csrrsi	x18,mscratch,21	 x18=0x00000010
      231282000	     11462	8000a60e	01bf1813	slli	x16,x30,0x1b	 x30:0x00000000 x16=0x00000000
      231322000	     11464	8000a612	c4d8db37	lui	x22,0xc4d8d	 x22=0xc4d8d000
      231542000	     11475	8000a616	01aaadb3	slt	x27,x21,x26	 x21:0x00000009 x26:0x18a425aa x27=0x00000001
      231622000	     11479	8000a61a	76fd0893	addi	x17,x26,1903	 x26:0x18a425aa x17=0x18a42d19
      231682000	     11482	8000a61e	02e50c63	beq	x10,x14,8000a656	 x10:0x00000000 x14:0x00000009
      231762000	     11486	8000a622	00d5d3b3	srl	x7,x11,x13	 x11:0x00000009 x13:0xfffff8d9  x7=0x00000000
      231842000	     11490	8000a626	02d37b63	bgeu	x6,x13,8000a65c	  x6:0x00000001 x13:0xfffff8d9
      231862000	     11491	8000a62a	0001	c.addi	x0,0	  x0:0x00000000  x0=0x00000000
      231902000	     11493	8000a62c	01971433	sll	x8,x14,x25	 x14:0x00000009 x25:0x00000000  x8=0x00000009
      231922000	     11494	8000a630	9bf2	c.add	x23,x28	 x23:0x00000017 x28:0xfffff8d9 x23=0xfffff8f0
      231942000	     11495	8000a632	0000100f	fence.i	
      232482000	     11522	8000a636	41b7d293	srai	x5,x15,0x1b	 x15:0x80025ce4  x5=0xfffffff0
      232502000	     11523	8000a63a	098e	c.slli	x19,0x3	 x19:0x00000000 x19=0x00000000
      232522000	     11524	8000a63c	6b25	c.lui	x22,0x9	 x22=0x00009000
      232542000	     11525	8000a63e	12fd	c.addi	x5,-1	  x5:0xfffffff0  x5=0xffffffef
      232562000	     11526	8000a640	340cd573	csrrwi	x10,mscratch,25	 x10=0x00000015
      232662000	     11531	8000a644	8ca6	c.mv	x25,x9	  x0:0x00000000  x9:0x00059e00 x25=0x00059e00
      232842000	     11540	8000a646	40145693	srai	x13,x8,0x1	  x8:0x00000009 x13=0x00000004
      233022000	     11549	8000a64a	41b85413	srai	x8,x16,0x1b	 x16:0x00000000  x8=0x00000000
      233042000	     11550	8000a64e	01128c63	beq	x5,x17,8000a666	  x5:0xffffffef x17:0x18a42d19
      233062000	     11551	8000a652	03317863	bgeu	x2,x19,8000a682	  x2:0x80021e1c x19:0x00000000
      238182000	     11807	8000a682	03190163	beq	x18,x17,8000a6a4	 x18:0x00000010 x17:0x18a42d19
      238202000	     11808	8000a686	00391993	slli	x19,x18,0x3	 x18:0x00000010 x19=0x00000080
      238222000	     11809	8000a68a	8225	c.srli	x12,0x9	 x12:0x00000001 x12=0x00000000
      238262000	     11811	8000a68c	023ded33	rem	x26,x27,x3	 x27:0x00000001  x3:0x00000000 x26=0x00000001
      238282000	     11812	8000a690	017592b3	sll	x5,x11,x23	 x11:0x00000009 x23:0xfffff8f0  x5=0x00090000
      238302000	     11813	8000a694	033de263	bltu	x27,x19,8000a6b8	 x27:0x00000001 x19:0x00000080
      239222000	     11859	8000a6b8	020d2533	mulhsu	x10,x26,x0	 x26:0x00000001  x0:0x00000000 x10=0x00000000
      239622000	     11879	8000a6bc	0208f163	bgeu	x17,x0,8000a6de	 x17:0x18a42d19  x0:0x00000000
      240142000	     11905	8000a6de	03b93933	mulhu	x18,x18,x27	 x18:0x00000010 x27:0x00000001 x18=0x00000000
      240162000	     11906	8000a6e2	83dbb713	sltiu	x14,x23,-1987	 x23:0xfffff8f0 x14=0x00000000
      240182000	     11907	8000a6e6	0a42	c.slli	x20,0x10	 x20:0x00000009 x20=0x00090000
      240722000	     11934	8000a6e8	340715f3	csrrw	x11,mscratch,x14	 x14:0x00000000 x11=0x00000019
      240742000	     11935	8000a6ec	013e9fb3	sll	x31,x29,x19	 x29:0x0000001f x19:0x00000080 x31=0x0000001f
      240762000	     11936	8000a6f0	007f2d33	slt	x26,x30,x7	 x30:0x00000000  x7:0x00000000 x26=0x00000000
      240842000	     11940	8000a6f4	52750b37	lui	x22,0x52750	 x22=0x52750000
      240862000	     11941	8000a6f8	41348033	sub	x0,x9,x19	  x9:0x00059e00 x19:0x00000080  x0=0x00000000
      241202000	     11958	8000a6fc	340e56f3	csrrwi	x13,mscratch,28	 x13=0x00000000
      241222000	     11959	8000a700	4061deb3	sra	x29,x3,x6	  x3:0x00000000  x6:0x00000001 x29=0x00000000
      241282000	     11962	8000a704	8ecd	c.or	x13,x11	 x13:0x00000000 x11:0x00000019 x13=0x00000019
      241302000	     11963	8000a706	02988763	beq	x17,x9,8000a734	 x17:0x18a42d19  x9:0x00059e00
      241322000	     11964	8000a70a	00fbc8b3	xor	x17,x23,x15	 x23:0xfffff8f0 x15:0x80025ce4 x17=0x7ffda414
      241342000	     11965	8000a70e	712cb513	sltiu	x10,x25,1810	 x25:0x00059e00 x10=0x00000000
      241362000	     11966	8000a712	0001	c.addi	x0,0	  x0:0x00000000  x0=0x00000000
      241762000	     11986	8000a714	039c6763	bltu	x24,x25,8000a742	 x24:0x000007dd x25:0x00059e00
      242482000	     12022	8000a742	65100e13	addi	x28,x0,1617	  x0:0x00000000 x28=0x00000651
      242502000	     12023	8000a746	16b22617	auipc	x12,0x16b22	 x12=0x96b2c746
      242522000	     12024	8000a74a	0bf1	c.addi	x23,28	 x23:0xfffff8f0 x23=0xfffff90c
      242542000	     12025	8000a74c	340cd0f3	csrrwi	x1,mscratch,25	  x1=0x0000001c
      242562000	     12026	8000a750	82f1	c.srli	x13,0x1c	 x13:0x00000019 x13=0x00000000
      242582000	     12027	8000a752	0ff0000f	fence	iorw,iorw	
      242602000	     12028	8000a756	340036f3	csrrc	x13,mscratch,x0	  x0:0x00000000 x13=0x00000019
      242622000	     12029	8000a75a	340fadf3	csrrs	x27,mscratch,x31	 x31:0x0000001f x27=0x00000019
      243362000	     12066	8000a75e	03f44333	div	x6,x8,x31	  x8:0x00000000 x31:0x0000001f  x6=0x00000000
      243382000	     12067	8000a762	884d	c.andi	x8,19	  x8:0x00000000  x8=0x00000000
      243402000	     12068	8000a764	419dd493	srai	x9,x27,0x19	 x27:0x00000019  x9=0x00000000
      243422000	     12069	8000a768	888e	c.mv	x17,x3	  x0:0x00000000  x3:0x00000000 x17=0x00000000
      243442000	     12070	8000a76a	9506	c.add	x10,x1	 x10:0x00000000  x1:0x0000001c x10=0x0000001c
      243462000	     12071	8000a76c	e725	c.bnez	x14,8000a7d4	 x14:0x00000000
      243502000	     12073	8000a76e	034021b3	mulhsu	x3,x0,x20	  x0:0x00000000 x20:0x00090000  x3=0x00000000
      243522000	     12074	8000a772	f9760e93	addi	x29,x12,-105	 x12:0x96b2c746 x29=0x96b2c6dd
      243542000	     12075	8000a776	58fd	c.li	x17,-1	 x17=0xffffffff
      243582000	     12077	8000a778	022c9833	mulh	x16,x25,x2	 x25:0x00059e00  x2:0x80021e1c x16=0xfffd310b
      243602000	     12078	8000a77c	04baed63	bltu	x21,x11,8000a7d6	 x21:0x00000009 x11:0x00000019
      245042000	     12150	8000a7d6	d003ba13	sltiu	x20,x7,-768	  x7:0x00000000 x20=0x00000001
      245102000	     12153	8000a7da	9ffa3b13	sltiu	x22,x20,-1537	 x20:0x00000001 x22=0x00000001
      245122000	     12154	8000a7de	8ef5	c.and	x13,x13	 x13:0x00000019 x13:0x00000019 x13=0x00000019
      245162000	     12156	8000a7e0	02899633	mulh	x12,x19,x8	 x19:0x00000080  x8:0x00000000 x12=0x00000000
      245182000	     12157	8000a7e4	6321	c.lui	x6,0x8	  x6=0x00008000
      245202000	     12158	8000a7e6	c609	c.beqz	x12,8000a7f0	 x12:0x00000000
      245562000	     12176	8000a7f0	66498e93	addi	x29,x19,1636	 x19:0x00000080 x29=0x000006e4
      245702000	     12183	8000a7f4	0676	c.slli	x12,0x1d	 x12:0x00000000 x12=0x00000000
      245722000	     12184	8000a7f6	0001	c.addi	x0,0	  x0:0x00000000  x0=0x00000000
      245742000	     12185	8000a7f8	01849693	slli	x13,x9,0x18	  x9:0x00000000 x13=0x00000000
      245902000	     12193	8000a7fc	02532333	mulhsu	x6,x6,x5	  x6:0x00008000  x5:0x00090000  x6=0x00000004
      245942000	     12195	8000a800	037dad33	mulhsu	x26,x27,x23	 x27:0x00000019 x23:0xfffff90c x26=0x00000018
      245962000	     12196	8000a804	669e3193	sltiu	x3,x28,1641	 x28:0x00000651  x3=0x00000001
      246002000	     12198	8000a808	e2a1	c.bnez	x13,8000a848	 x13:0x00000000
      246022000	     12199	8000a80a	06da	c.slli	x13,0x16	 x13:0x00000000 x13=0x00000000
      246042000	     12200	8000a80c	00625eb3	srl	x29,x4,x6	  x4:0x00000001  x6:0x00000004 x29=0x00000000
      246062000	     12201	8000a810	00e2e433	or	x8,x5,x14	  x5:0x00090000 x14:0x00000000  x8=0x00090000
      246362000	     12216	8000a814	c115	c.beqz	x10,8000a838	 x10:0x0000001c
      246462000	     12221	8000a816	0ff0000f	fence	iorw,iorw	
      246482000	     12222	8000a81a	340be2f3	csrrsi	x5,mscratch,23	  x5=0x0000001f
      246502000	     12223	8000a81e	e677f513	andi	x10,x15,-409	 x15:0x80025ce4 x10=0x80025c64
      246642000	     12230	8000a822	03c9c163	blt	x19,x28,8000a844	 x19:0x00000080 x28:0x00000651
      247022000	     12249	8000a844	018ad593	srli	x11,x21,0x18	 x21:0x00000009 x11=0x00000000
      247062000	     12251	8000a848	1399ad13	slti	x26,x19,313	 x19:0x00000080 x26=0x00000001
      247082000	     12252	8000a84c	0148aeb3	slt	x29,x17,x20	 x17:0xffffffff x20:0x00000001 x29=0x00000001
      247122000	     12254	8000a850	020f1b33	mulh	x22,x30,x0	 x30:0x00000000  x0:0x00000000 x22=0x00000000
      247142000	     12255	8000a854	036c89b3	mul	x19,x25,x22	 x25:0x00059e00 x22:0x00000000 x19=0x00000000
      247562000	     12276	8000a858	03951033	mulh	x0,x10,x25	 x10:0x80025c64 x25:0x00059e00  x0=0x00000000
      247602000	     12278	8000a85c	0272b633	mulhu	x12,x5,x7	  x5:0x0000001f  x7:0x00000000 x12=0x00000000
      247802000	     12288	8000a860	410fd293	srai	x5,x31,0x10	 x31:0x0000001f  x5=0x00000000
      247942000	     12295	8000a864	02282933	mulhsu	x18,x16,x2	 x16:0xfffd310b  x2:0x80021e1c x18=0xfffe987f
      248342000	     12315	8000a868	baf8ff93	andi	x31,x17,-1105	 x17:0xffffffff x31=0xfffffbaf
      248762000	     12336	8000a86c	02829763	bne	x5,x8,8000a89a	  x5:0x00000000  x8:0x00090000
      249022000	     12349	8000a89a	05b9c063	blt	x19,x27,8000a8da	 x19:0x00000000 x27:0x00000019
      249322000	     12364	8000a8da	8f01	c.sub	x14,x8	 x14:0x00000000  x8:0x00090000 x14=0xfff70000
      249342000	     12365	8000a8dc	3403df73	csrrwi	x30,mscratch,7	 x30=0x0000001f
      249362000	     12366	8000a8e0	340078f3	csrrci	x17,mscratch,0	 x17=0x00000007
      249622000	     12379	8000a8e4	03fc91b3	mulh	x3,x25,x31	 x25:0x00059e00 x31:0xfffffbaf  x3=0xffffffff
      249642000	     12380	8000a8e8	0001	c.addi	x0,0	  x0:0x00000000  x0=0x00000000
      249942000	     12395	8000a8ea	413105b3	sub	x11,x2,x19	  x2:0x80021e1c x19:0x00000000 x11=0x80021e1c
      249962000	     12396	8000a8ee	00d75913	srli	x18,x14,0xd	 x14:0xfff70000 x18=0x0007ffb8
      250122000	     12404	8000a8f2	0130c963	blt	x1,x19,8000a904	  x1:0x0000001c x19:0x00000000
      250142000	     12405	8000a8f6	01b89433	sll	x8,x17,x27	 x17:0x00000007 x27:0x00000019  x8=0x0e000000
      250162000	     12406	8000a8fa	02070c33	mul	x24,x14,x0	 x14:0xfff70000  x0:0x00000000 x24=0x00000000
      250462000	     12421	8000a8fe	01ca3933	sltu	x18,x20,x28	 x20:0x00000001 x28:0x00000651 x18=0x00000001
      250482000	     12422	8000a902	4b1d	c.li	x22,7	 x22=0x00000007
      250502000	     12423	8000a904	340256f3	csrrwi	x13,mscratch,4	 x13=0x00000007
      250522000	     12424	8000a908	00be0693	addi	x13,x28,11	 x28:0x00000651 x13=0x0000065c
      250902000	     12443	8000a90c	0000100f	fence.i	
      251282000	     12462	8000a910	021e	c.slli	x4,0x7	  x4:0x00000001  x4=0x00000080
      251302000	     12463	8000a912	d6916b93	ori	x23,x2,-663	  x2:0x80021e1c x23=0xffffff7d
      251322000	     12464	8000a916	340fb4f3	csrrc	x9,mscratch,x31	 x31:0xfffffbaf  x9=0x00000004
      251342000	     12465	8000a91a	db947613	andi	x12,x8,-583	  x8:0x0e000000 x12=0x0e000000
      251362000	     12466	8000a91e	0001	c.addi	x0,0	  x0:0x00000000  x0=0x00000000
      251382000	     12467	8000a920	0001	c.addi	x0,0	  x0:0x00000000  x0=0x00000000
      251502000	     12473	8000a922	022a8033	mul	x0,x21,x2	 x21:0x00000009  x2:0x80021e1c  x0=0x00000000
      251702000	     12483	8000a926	c2497f93	andi	x31,x18,-988	 x18:0x00000001 x31=0x00000000
      252142000	     12505	8000a92a	01c09493	slli	x9,x1,0x1c	  x1:0x0000001c  x9=0xc0000000
      252162000	     12506	8000a92e	00b74d33	xor	x26,x14,x11	 x14:0xfff70000 x11:0x80021e1c x26=0x7ff51e1c
      252342000	     12515	8000a932	a08ebb93	sltiu	x23,x29,-1528	 x29:0x00000001 x23=0x00000001
      252522000	     12524	8000a936	03414663	blt	x2,x20,8000a962	  x2:0x80021e1c x20:0x00000001
      253162000	     12556	8000a962	8cf9	c.and	x9,x14	  x9:0xc0000000 x14:0xfff70000  x9=0xc0000000
      253582000	     12577	8000a964	34032df3	csrrs	x27,mscratch,x6	  x6:0x00000004 x27=0x00000000
      254002000	     12598	8000a968	9c72	c.add	x24,x28	 x24:0x00000000 x28:0x00000651 x24=0x00000651
      254182000	     12607	8000a96a	00409513	slli	x10,x1,0x4	  x1:0x0000001c x10=0x000001c0
      254202000	     12608	8000a96e	08fce313	ori	x6,x25,143	 x25:0x00059e00  x6=0x00059e8f
      254222000	     12609	8000a972	8e69	c.and	x12,x10	 x12:0x0e000000 x10:0x000001c0 x12=0x00000000
      254242000	     12610	8000a974	8c71	c.and	x8,x12	  x8:0x0e000000 x12:0x00000000  x8=0x00000000
      254342000	     12615	8000a976	0ff0000f	fence	iorw,iorw	
      254542000	     12625	8000a97a	0000100f	fence.i	
      255422000	     12669	8000a97e	02e4f363	bgeu	x9,x14,8000a9a4	  x9:0xc0000000 x14:0xfff70000
      255502000	     12673	8000a982	022fd963	bge	x31,x2,8000a9b4	 x31:0x00000000  x2:0x80021e1c
      255782000	     12687	8000a9b4	02ab96b3	mulh	x13,x23,x10	 x23:0x00000001 x10:0x000001c0 x13=0x00000000
      255802000	     12688	8000a9b8	01ddd893	srli	x17,x27,0x1d	 x27:0x00000000 x17=0x00000000
      255842000	     12690	8000a9bc	03511bb3	mulh	x23,x2,x21	  x2:0x80021e1c x21:0x00000009 x23=0xfffffffb
      255962000	     12696	8000a9c0	dc393337	lui	x6,0xdc393	  x6=0xdc393000
      255982000	     12697	8000a9c4	0252fe63	bgeu	x5,x5,8000aa00	  x5:0x00000000  x5:0x00000000
      256962000	     12746	8000aa00	0299fb33	remu	x22,x19,x9	 x19:0x00000000  x9:0xc0000000 x22=0x00000000
      257002000	     12748	8000aa04	0352b233	mulhu	x4,x5,x21	  x5:0x00000000 x21:0x00000009  x4=0x00000000
      257022000	     12749	8000aa08	6c6d	c.lui	x24,0x1b	 x24=0x0001b000
      257042000	     12750	8000aa0a	8d31	c.xor	x10,x12	 x10:0x000001c0 x12:0x00000000 x10=0x000001c0
      257062000	     12751	8000aa0c	46274993	xori	x19,x14,1122	 x14:0xfff70000 x19=0xfff70462
      257082000	     12752	8000aa10	e0f36e37	lui	x28,0xe0f36	 x28=0xe0f36000
      257102000	     12753	8000aa14	01aa4c63	blt	x20,x26,8000aa2c	 x20:0x00000001 x26:0x7ff51e1c
      257182000	     12757	8000aa2c	dfa1c2b7	lui	x5,0xdfa1c	  x5=0xdfa1c000
      257202000	     12758	8000aa30	00e18f33	add	x30,x3,x14	  x3:0xffffffff x14:0xfff70000 x30=0xfff6ffff
      257222000	     12759	8000aa34	a00a8093	addi	x1,x21,-1536	 x21:0x00000009  x1=0xfffffa09
      257482000	     12772	8000aa38	60320013	addi	x0,x4,1539	  x4:0x00000000  x0=0x00000000
      257662000	     12781	8000aa3c	c695	c.beqz	x13,8000aa68	 x13:0x00000000
      258422000	     12819	8000aa68	022d5b33	divu	x22,x26,x2	 x26:0x7ff51e1c  x2:0x80021e1c x22=0x00000000
      258442000	     12820	8000aa6c	8c29	c.xor	x8,x10	  x8:0x00000000 x10:0x000001c0  x8=0x000001c0
      258462000	     12821	8000aa6e	8f09	c.sub	x14,x10	 x14:0xfff70000 x10:0x000001c0 x14=0xfff6fe40
      258482000	     12822	8000aa70	8079	c.srli	x8,0x1e	  x8:0x000001c0  x8=0x00000000
      258502000	     12823	8000aa72	3405d1f3	csrrwi	x3,mscratch,11	  x3=0x00000004
      258522000	     12824	8000aa76	0c11	c.addi	x24,4	 x24:0x0001b000 x24=0x0001b004
      258542000	     12825	8000aa78	34002673	csrrs	x12,mscratch,x0	  x0:0x00000000 x12=0x0000000b
      258562000	     12826	8000aa7c	0bbe	c.slli	x23,0xf	 x23:0xfffffffb x23=0xfffd8000
      258602000	     12828	8000aa7e	020ca6b3	mulhsu	x13,x25,x0	 x25:0x00059e00  x0:0x00000000 x13=0x00000000
      258622000	     12829	8000aa82	9e39f517	auipc	x10,0x9e39f	 x10=0x1e3a9a82
      258802000	     12838	8000aa86	e5149fb7	lui	x31,0xe5149	 x31=0xe5149000
      258942000	     12845	8000aa8a	03f3f063	bgeu	x7,x31,8000aaaa	  x7:0x00000000 x31:0xe5149000
      259082000	     12852	8000aa8e	01d803b3	add	x7,x16,x29	 x16:0xfffd310b x29:0x00000001  x7=0xfffd310c
      259102000	     12853	8000aa92	8e39	c.xor	x12,x14	 x12:0x0000000b x14:0xfff6fe40 x12=0xfff6fe4b
      259122000	     12854	8000aa94	009ef933	and	x18,x29,x9	 x29:0x00000001  x9:0xc0000000 x18=0x00000000
      259322000	     12864	8000aa98	053f8163	beq	x31,x19,8000aada	 x31:0xe5149000 x19:0xfff70462
      259462000	     12871	8000aa9c	0606	c.slli	x12,0x1	 x12:0xfff6fe4b x12=0xffedfc96
      259562000	     12876	8000aa9e	41735293	srai	x5,x6,0x17	  x6:0xdc393000  x5=0xffffffb8
      259582000	     12877	8000aaa2	03520a33	mul	x20,x4,x21	  x4:0x00000000 x21:0x00000009 x20=0x00000000
      259602000	     12878	8000aaa6	01560433	add	x8,x12,x21	 x12:0xffedfc96 x21:0x00000009  x8=0xffedfc9f
      259622000	     12879	8000aaaa	8e1d	c.sub	x12,x15	 x12:0xffedfc96 x15:0x80025ce4 x12=0x7feb9fb2
      259642000	     12880	8000aaac	0001	c.addi	x0,0	  x0:0x00000000  x0=0x00000000
      260042000	     12900	8000aaae	019f3a33	sltu	x20,x30,x25	 x30:0xfff6ffff x25:0x00059e00 x20=0x00000000
      260062000	     12901	8000aab2	0001	c.addi	x0,0	  x0:0x00000000  x0=0x00000000
      260082000	     12902	8000aab4	00ea5433	srl	x8,x20,x14	 x20:0x00000000 x14:0xfff6fe40  x8=0x00000000
      260142000	     12905	8000aab8	0000100f	fence.i	
      260782000	     12937	8000aabc	34007ef3	csrrci	x29,mscratch,0	 x29=0x0000000b
      260802000	     12938	8000aac0	0323ee63	bltu	x7,x18,8000aafc	  x7:0xfffd310c x18:0x00000000
      261222000	     12959	8000aac4	2ac77393	andi	x7,x14,684	 x14:0xfff6fe40  x7=0x00000200
      261422000	     12969	8000aac8	0001	c.addi	x0,0	  x0:0x00000000  x0=0x00000000
      261502000	     12973	8000aaca	01607a63	bgeu	x0,x22,8000aade	  x0:0x00000000 x22:0x00000000
      262782000	     13037	8000aade	02ef6eb3	rem	x29,x30,x14	 x30:0xfff6ffff x14:0xfff6fe40 x29=0xfff6ffff
      262802000	     13038	8000aae2	09f9	c.addi	x19,30	 x19:0xfff70462 x19=0xfff70480
      262842000	     13040	8000aae4	02d1dfb3	divu	x31,x3,x13	  x3:0x00000004 x13:0x00000000 x31=0xffffffff
      262862000	     13041	8000aae8	413b5eb3	sra	x29,x22,x19	 x22:0x00000000 x19:0xfff70480 x29=0x00000000
      262882000	     13042	8000aaec	34011d73	csrrw	x26,mscratch,x2	  x2:0x80021e1c x26=0x0000000b
      262902000	     13043	8000aaf0	188eee13	ori	x28,x29,392	 x29:0x00000000 x28=0x00000188
      262922000	     13044	8000aaf4	00e5b333	sltu	x6,x11,x14	 x11:0x80021e1c x14:0xfff6fe40  x6=0x00000001
      263082000	     13052	8000aaf8	0149df13	srli	x30,x19,0x14	 x19:0xfff70480 x30=0x00000fff
      263262000	     13061	8000aafc	8635	c.srai	x12,0xd	 x12:0x7feb9fb2 x12=0x0003ff5c
      263422000	     13069	8000aafe	00eade63	bge	x21,x14,8000ab1a	 x21:0x00000009 x14:0xfff6fe40
      263882000	     13092	8000ab1a	002cfdb3	and	x27,x25,x2	 x25:0x00059e00  x2:0x80021e1c x27=0x00001e00
      263902000	     13093	8000ab1e	6d6d	c.lui	x26,0x1b	 x26=0x0001b000
      263922000	     13094	8000ab20	0001	c.addi	x0,0	  x0:0x00000000  x0=0x00000000
      264322000	     13114	8000ab22	47957393	andi	x7,x10,1145	 x10:0x1e3a9a82  x7=0x00000000
      264622000	     13129	8000ab26	0003a933	slt	x18,x7,x0	  x7:0x00000000  x0:0x00000000 x18=0x00000000
      264682000	     13132	8000ab2a	340265f3	csrrsi	x11,mscratch,4	 x11=0x80021e1c
      265422000	     13169	8000ab2e	03f1cbb3	div	x23,x3,x31	  x3:0x00000004 x31:0xffffffff x23=0xfffffffc
      265442000	     13170	8000ab32	987d	c.andi	x8,-1	  x8:0x00000000  x8=0x00000000
      265462000	     13171	8000ab34	019df6b3	and	x13,x27,x25	 x27:0x00001e00 x25:0x00059e00 x13=0x00001e00
      265482000	     13172	8000ab38	011652b3	srl	x5,x12,x17	 x12:0x0003ff5c x17:0x00000000  x5=0x0003ff5c
      265522000	     13174	8000ab3c	024f2833	mulhsu	x16,x30,x4	 x30:0x00000fff  x4:0x00000000 x16=0x00000000
      265542000	     13175	8000ab40	4056da13	srai	x20,x13,0x5	 x13:0x00001e00 x20=0x000000f0
      265562000	     13176	8000ab44	039b0cb3	mul	x25,x22,x25	 x22:0x00000000 x25:0x00059e00 x25=0x00000000
      265782000	     13187	8000ab48	8dad	c.xor	x11,x11	 x11:0x80021e1c x11:0x80021e1c x11=0x00000000
      265802000	     13188	8000ab4a	a0dc4693	xori	x13,x24,-1523	 x24:0x0001b004 x13=0xfffe4a09
      265822000	     13189	8000ab4e	8f35	c.xor	x14,x13	 x14:0xfff6fe40 x13:0xfffe4a09 x14=0x0008b449
      266562000	     13226	8000ab50	03586db3	rem	x27,x16,x21	 x16:0x00000000 x21:0x00000009 x27=0x00000000
      266582000	     13227	8000ab54	340510f3	csrrw	x1,mscratch,x10	 x10:0x1e3a9a82  x1=0x80021e1c
      266602000	     13228	8000ab58	6de9	c.lui	x27,0x1a	 x27=0x0001a000
      266622000	     13229	8000ab5a	34003cf3	csrrc	x25,mscratch,x0	  x0:0x00000000 x25=0x1e3a9a82
      266642000	     13230	8000ab5e	340fd8f3	csrrwi	x17,mscratch,31	 x17=0x1e3a9a82
      267582000	     13277	8000ab62	0211c6b3	div	x13,x3,x1	  x3:0x00000004  x1:0x80021e1c x13=0x00000000
      267622000	     13279	8000ab66	0247ab33	mulhsu	x22,x15,x4	 x15:0x80025ce4  x4:0x00000000 x22=0x00000000
      267642000	     13280	8000ab6a	34011273	csrrw	x4,mscratch,x2	  x2:0x80021e1c  x4=0x0000001f
      267662000	     13281	8000ab6e	465dc537	lui	x10,0x465dc	 x10=0x465dc000
      267682000	     13282	8000ab72	0ff0000f	fence	iorw,iorw	
      267702000	     13283	8000ab76	88454293	xori	x5,x10,-1916	 x10:0x465dc000  x5=0xb9a23884
      267722000	     13284	8000ab7a	8ec1	c.or	x13,x8	 x13:0x00000000  x8:0x00000000 x13=0x00000000
      267982000	     13297	8000ab7c	05fd7937	lui	x18,0x5fd7	 x18=0x05fd7000
      268002000	     13298	8000ab80	8dc5	c.or	x11,x9	 x11:0x00000000  x9:0xc0000000 x11=0xc0000000
      268022000	     13299	8000ab82	8ecd	c.or	x13,x11	 x13:0x00000000 x11:0xc0000000 x13=0xc0000000
      268062000	     13301	8000ab84	0205d033	divu	x0,x11,x0	 x11:0xc0000000  x0:0x00000000  x0=0x00000000
      268102000	     13303	8000ab88	01b15b33	srl	x22,x2,x27	  x2:0x80021e1c x27:0x0001a000 x22=0x80021e1c
      268882000	     13342	8000ab8c	02dd4833	div	x16,x26,x13	 x26:0x0001b000 x13:0xc0000000 x16=0x00000000
      268902000	     13343	8000ab90	cf15	c.beqz	x14,8000abcc	 x14:0x0008b449
      268922000	     13344	8000ab92	03f1c763	blt	x3,x31,8000abc0	  x3:0x00000004 x31:0xffffffff
      268942000	     13345	8000ab96	0001	c.addi	x0,0	  x0:0x00000000  x0=0x00000000
      268982000	     13347	8000ab98	036c1433	mulh	x8,x24,x22	 x24:0x0001b004 x22:0x80021e1c  x8=0xffff2801
      269722000	     13384	8000ab9c	0341ed33	rem	x26,x3,x20	  x3:0x00000004 x20:0x000000f0 x26=0x00000004
      269742000	     13385	8000aba0	81b97513	andi	x10,x18,-2021	 x18:0x05fd7000 x10=0x05fd7000
      269762000	     13386	8000aba4	037801b3	mul	x3,x16,x23	 x16:0x00000000 x23:0xfffffffc  x3=0x00000000
      269782000	     13387	8000aba8	0001	c.addi	x0,0	  x0:0x00000000  x0=0x00000000
      269822000	     13389	8000abaa	02cfbb33	mulhu	x22,x31,x12	 x31:0xffffffff x12:0x0003ff5c x22=0x0003ff5b
      270022000	     13399	8000abae	7db6af13	slti	x30,x13,2011	 x13:0xc0000000 x30=0x00000001
      270262000	     13411	8000abb2	049b3313	sltiu	x6,x22,73	 x22:0x0003ff5b  x6=0x00000000
      270282000	     13412	8000abb6	8469	c.srai	x8,0x1a	  x8:0xffff2801  x8=0xffffffff
      270302000	     13413	8000abb8	01558a63	beq	x11,x21,8000abcc	 x11:0xc0000000 x21:0x00000009
      270322000	     13414	8000abbc	0f235217	auipc	x4,0xf235	  x4=0x8f23fbbc
      270342000	     13415	8000abc0	3402e773	csrrsi	x14,mscratch,5	 x14=0x80021e1c
      270362000	     13416	8000abc4	8b93e613	ori	x12,x7,-1863	  x7:0x00000000 x12=0xfffff8b9
      270442000	     13420	8000abc8	0194a533	slt	x10,x9,x25	  x9:0xc0000000 x25:0x1e3a9a82 x10=0x00000001
      270462000	     13421	8000abcc	0001	c.addi	x0,0	  x0:0x00000000  x0=0x00000000
      270882000	     13442	8000abce	027e0e33	mul	x28,x28,x7	 x28:0x00000188  x7:0x00000000 x28=0x00000000
      271002000	     13448	8000abd2	01fe3f33	sltu	x30,x28,x31	 x28:0x00000000 x31:0xffffffff x30=0x00000001
      271022000	     13449	8000abd6	8d45	c.or	x10,x9	 x10:0x00000001  x9:0xc0000000 x10=0xc0000001
      271042000	     13450	8000abd8	00d79f93	slli	x31,x15,0xd	 x15:0x80025ce4 x31=0x4b9c8000
      271062000	     13451	8000abdc	03496f63	bltu	x18,x20,8000ac1a	 x18:0x05fd7000 x20:0x000000f0
      271082000	     13452	8000abe0	8cb1	c.xor	x9,x12	  x9:0xc0000000 x12:0xfffff8b9  x9=0x3ffff8b9
      271102000	     13453	8000abe2	0316	c.slli	x6,0x5	  x6:0x00000000  x6=0x00000000
      271122000	     13454	8000abe4	011f84b3	add	x9,x31,x17	 x31:0x4b9c8000 x17:0x1e3a9a82  x9=0x69d71a82
      271302000	     13463	8000abe8	de7f8c97	auipc	x25,0xde7f8	 x25=0x5e802be8
      271402000	     13468	8000abec	fec2f393	andi	x7,x5,-20	  x5:0xb9a23884  x7=0xb9a23884
      271422000	     13469	8000abf0	e28d	c.bnez	x13,8000ac12	 x13:0xc0000000
      271762000	     13486	8000ac12	03fd26b3	mulhsu	x13,x26,x31	 x26:0x00000004 x31:0x4b9c8000 x13=0x00000001
      271822000	     13489	8000ac16	03a5d663	bge	x11,x26,8000ac42	 x11:0xc0000000 x26:0x00000004
      271842000	     13490	8000ac1a	0188ffb3	and	x31,x17,x24	 x17:0x1e3a9a82 x24:0x0001b004 x31=0x00009000
      271862000	     13491	8000ac1e	0a61b993	sltiu	x19,x3,166	  x3:0x00000000 x19=0x00000001
      272182000	     13507	8000ac22	0389a433	mulhsu	x8,x19,x24	 x19:0x00000001 x24:0x0001b004  x8=0x00000000
      272202000	     13508	8000ac26	00d82433	slt	x8,x16,x13	 x16:0x00000000 x13:0x00000001  x8=0x00000001
      272222000	     13509	8000ac2a	01118a33	add	x20,x3,x17	  x3:0x00000000 x17:0x1e3a9a82 x20=0x1e3a9a82
      272402000	     13518	8000ac2e	01024f33	xor	x30,x4,x16	  x4:0x8f23fbbc x16:0x00000000 x30=0x8f23fbbc
      272422000	     13519	8000ac32	019606b3	add	x13,x12,x25	 x12:0xfffff8b9 x25:0x5e802be8 x13=0x5e8024a1
      272502000	     13523	8000ac36	34093f73	csrrc	x30,mscratch,x18	 x18:0x05fd7000 x30=0x80021e1d
      272522000	     13524	8000ac3a	41598f33	sub	x30,x19,x21	 x19:0x00000001 x21:0x00000009 x30=0xfffffff8
      272542000	     13525	8000ac3e	0000100f	fence.i	
      272922000	     13544	8000ac42	0000100f	fence.i	
      273422000	     13569	8000ac46	00d91eb3	sll	x29,x18,x13	 x18:0x05fd7000 x13:0x5e8024a1 x29=0x0bfae000
      273442000	     13570	8000ac4a	406bd6b3	sra	x13,x23,x6	 x23:0xfffffffc  x6:0x00000000 x13=0xfffffffc
      273682000	     13582	8000ac4e	038e0533	mul	x10,x28,x24	 x28:0x00000000 x24:0x0001b004 x10=0x00000000
      273702000	     13583	8000ac52	02ea9963	bne	x21,x14,8000ac84	 x21:0x00000009 x14:0x80021e1c
      273862000	     13591	8000ac84	015755b3	srl	x11,x14,x21	 x14:0x80021e1c x21:0x00000009 x11=0x0040010f
      279302000	     13863	8000ac88	4195	c.li	x3,5	  x3=0x00000005
      279322000	     13864	8000ac8a	00928033	add	x0,x5,x9	  x5:0xb9a23884  x9:0x69d71a82  x0=0x00000000
      279342000	     13865	8000ac8e	83aa	c.mv	x7,x10	  x0:0x00000000 x10:0x00000000  x7=0x00000000
      279362000	     13866	8000ac90	34059ef3	csrrw	x29,mscratch,x11	 x11:0x0040010f x29=0x80020e1d
      279382000	     13867	8000ac94	e49d	c.bnez	x9,8000acc2	  x9:0x69d71a82
      280022000	     13899	8000acc2	0269b0b3	mulhu	x1,x19,x6	 x19:0x00000001  x6:0x00000000  x1=0x00000000
      280362000	     13916	8000acc6	34006ff3	csrrsi	x31,mscratch,0	 x31=0x0040010f
      280642000	     13930	8000acca	015b0563	beq	x22,x21,8000acd4	 x22:0x0003ff5b x21:0x00000009
      280662000	     13931	8000acce	8ca5	c.xor	x9,x9	  x9:0x69d71a82  x9:0x69d71a82  x9=0x00000000
      280802000	     13938	8000acd0	007acbb3	xor	x23,x21,x7	 x21:0x00000009  x7:0x00000000 x23=0x00000009
      280922000	     13944	8000acd4	d1f61c37	lui	x24,0xd1f61	 x24=0xd1f61000
      280942000	     13945	8000acd8	9a7d	c.andi	x12,-1	 x12:0xfffff8b9 x12=0xfffff8b9
      280962000	     13946	8000acda	0099b9b3	sltu	x19,x19,x9	 x19:0x00000001  x9:0x00000000 x19=0x00000000
      280982000	     13947	8000acde	0001	c.addi	x0,0	  x0:0x00000000  x0=0x00000000
      281122000	     13954	8000ace0	40e251b3	sra	x3,x4,x14	  x4:0x8f23fbbc x14:0x80021e1c  x3=0xfffffff8
      281142000	     13955	8000ace4	9fa2	c.add	x31,x8	 x31:0x0040010f  x8:0x00000001 x31=0x00400110
      281222000	     13959	8000ace6	f44d6b93	ori	x23,x26,-188	 x26:0x00000004 x23=0xffffff44
      281322000	     13964	8000acea	89ac7a13	andi	x20,x24,-1894	 x24:0xd1f61000 x20=0xd1f61000
      281522000	     13974	8000acee	41c5de13	srai	x28,x11,0x1c	 x11:0x0040010f x28=0x00000000
      281542000	     13975	8000acf2	8db5	c.xor	x11,x13	 x11:0x0040010f x13:0xfffffffc x11=0xffbffef3
      281842000	     13990	8000acf4	340123f3	csrrs	x7,mscratch,x2	  x2:0x80021e1c  x7=0x0040010f
      282122000	     14004	8000acf8	00719f63	bne	x3,x7,8000ad16	  x3:0xfffffff8  x7:0x0040010f
      282642000	     14030	8000ad16	03920963	beq	x4,x25,8000ad48	  x4:0x8f23fbbc x25:0x5e802be8
      282742000	     14035	8000ad1a	0333a733	mulhsu	x14,x7,x19	  x7:0x0040010f x19:0x00000000 x14=0x00000000
      283142000	     14055	8000ad1e	03c5f963	bgeu	x11,x28,8000ad50	 x11:0xffbffef3 x28:0x00000000
      284422000	     14119	8000ad50	4202ac93	slti	x25,x5,1056	  x5:0xb9a23884 x25=0x00000001
      284562000	     14126	8000ad54	ef05	c.bnez	x14,8000ad8c	 x14:0x00000000
      284582000	     14127	8000ad56	40e550b3	sra	x1,x10,x14	 x10:0x00000000 x14:0x00000000  x1=0x00000000
      284602000	     14128	8000ad5a	051f4363	blt	x30,x17,8000ada0	 x30:0xfffffff8 x17:0x1e3a9a82
      284842000	     14140	8000ada0	ce0cab93	slti	x23,x25,-800	 x25:0x00000001 x23=0x00000000
      285942000	     14195	8000ada4	02b2ef33	rem	x30,x5,x11	  x5:0xb9a23884 x11:0xffbffef3 x30=0xffe35fc9
      285962000	     14196	8000ada8	01cf9cb3	sll	x25,x31,x28	 x31:0x00400110 x28:0x00000000 x25=0x00400110
      286002000	     14198	8000adac	02a85b33	divu	x22,x16,x10	 x16:0x00000000 x10:0x00000000 x22=0xffffffff
      286022000	     14199	8000adb0	03c8f963	bgeu	x17,x28,8000ade2	 x17:0x1e3a9a82 x28:0x00000000
      287322000	     14264	8000ade2	99fd	c.andi	x11,-1	 x11:0xffbffef3 x11=0xffbffef3
      287342000	     14265	8000ade4	84f1	c.srai	x9,0x1c	  x9:0x00000000  x9=0x00000000
      287362000	     14266	8000ade6	8cb5	c.xor	x9,x13	  x9:0x00000000 x13:0xfffffffc  x9=0xfffffffc
      287382000	     14267	8000ade8	0e32	c.slli	x28,0xc	 x28:0x00000000 x28=0x00000000
      287402000	     14268	8000adea	6599	c.lui	x11,0x6	 x11=0x00006000
      288142000	     14305	8000adec	03a6f5b3	remu	x11,x13,x26	 x13:0xfffffffc x26:0x00000004 x11=0x00000000
      288882000	     14342	8000adf0	03e5f433	remu	x8,x11,x30	 x11:0x00000000 x30:0xffe35fc9  x8=0x00000000
      288902000	     14343	8000adf4	01691e93	slli	x29,x18,0x16	 x18:0x05fd7000 x29=0x00000000
      288922000	     14344	8000adf8	41e35e13	srai	x28,x6,0x1e	  x6:0x00000000 x28=0x00000000
      288942000	     14345	8000adfc	036b6563	bltu	x22,x22,8000ae26	 x22:0xffffffff x22:0xffffffff
      288962000	     14346	8000ae00	0ff0000f	fence	iorw,iorw	
      288982000	     14347	8000ae04	4042d393	srai	x7,x5,0x4	  x5:0xb9a23884  x7=0xfb9a2388
      289182000	     14357	8000ae08	660d	c.lui	x12,0x3	 x12=0x00003000
      289202000	     14358	8000ae0a	b92cab93	slti	x23,x25,-1134	 x25:0x00400110 x23=0x00000000
      289222000	     14359	8000ae0e	050fe363	bltu	x31,x16,8000ae54	 x31:0x00400110 x16:0x00000000
      289362000	     14366	8000ae12	021535b3	mulhu	x11,x10,x1	 x10:0x00000000  x1:0x00000000 x11=0x00000000
      289462000	     14371	8000ae16	340ca373	csrrs	x6,mscratch,x25	 x25:0x00400110  x6=0x80421f1f
      289482000	     14372	8000ae1a	d61f8d13	addi	x26,x31,-671	 x31:0x00400110 x26=0x003ffe71
      289642000	     14380	8000ae1e	02f5d663	bge	x11,x15,8000ae4a	 x11:0x00000000 x15:0x80025ce4
      290562000	     14426	8000ae4a	01045513	srli	x10,x8,0x10	  x8:0x00000000 x10=0x00000000
      290582000	     14427	8000ae4e	8f2d	c.xor	x14,x11	 x14:0x00000000 x11:0x00000000 x14=0x00000000
      291342000	     14465	8000ae50	0388ca33	div	x20,x17,x24	 x17:0x1e3a9a82 x24:0xd1f61000 x20=0x00000000
      291362000	     14466	8000ae54	8f6d	c.and	x14,x11	 x14:0x00000000 x11:0x00000000 x14=0x00000000
      291382000	     14467	8000ae56	413a5393	srai	x7,x20,0x13	 x20:0x00000000  x7=0x00000000
      291402000	     14468	8000ae5a	34001ef3	csrrw	x29,mscratch,x0	  x0:0x00000000 x29=0x80421f1f
      291422000	     14469	8000ae5e	81b1	c.srli	x11,0xc	 x11:0x00000000 x11=0x00000000
      291442000	     14470	8000ae60	0eba	c.slli	x29,0xe	 x29:0x80421f1f x29=0x87c7c000
      291462000	     14471	8000ae62	01121393	slli	x7,x4,0x11	  x4:0x8f23fbbc  x7=0xf7780000
      291502000	     14473	8000ae66	0259b9b3	mulhu	x19,x19,x5	 x19:0x00000000  x5:0xb9a23884 x19=0x00000000
      291522000	     14474	8000ae6a	415ed313	srai	x6,x29,0x15	 x29:0x87c7c000  x6=0xfffffc3e
      291542000	     14475	8000ae6e	1f7d	c.addi	x30,-1	 x30:0xffe35fc9 x30=0xffe35fc8
      291602000	     14478	8000ae70	8f01	c.sub	x14,x8	 x14:0x00000000  x8:0x00000000 x14=0x00000000
      292022000	     14499	8000ae72	025b04b3	mul	x9,x22,x5	 x22:0xffffffff  x5:0xb9a23884  x9=0x465dc77c
      292042000	     14500	8000ae76	41de5913	srai	x18,x28,0x1d	 x28:0x00000000 x18=0x00000000
      292062000	     14501	8000ae7a	a5810f93	addi	x31,x2,-1448	  x2:0x80021e1c x31=0x80021874
      292482000	     14522	8000ae7e	3407d373	csrrwi	x6,mscratch,15	  x6=0x00000000
      292502000	     14523	8000ae82	0291	c.addi	x5,4	  x5:0xb9a23884  x5=0xb9a23888
      292522000	     14524	8000ae84	ef0d	c.bnez	x14,8000aebe	 x14:0x00000000
      292542000	     14525	8000ae86	013c9663	bne	x25,x19,8000ae92	 x25:0x00400110 x19:0x00000000
      293162000	     14556	8000ae92	ebb67f93	andi	x31,x12,-325	 x12:0x00003000 x31=0x00003000
      293182000	     14557	8000ae96	011f9333	sll	x6,x31,x17	 x31:0x00003000 x17:0x1e3a9a82  x6=0x0000c000
      293202000	     14558	8000ae9a	0d6e	c.slli	x26,0x1b	 x26:0x003ffe71 x26=0x88000000
      293222000	     14559	8000ae9c	0001	c.addi	x0,0	  x0:0x00000000  x0=0x00000000
      293242000	     14560	8000ae9e	0029d4b3	srl	x9,x19,x2	 x19:0x00000000  x2:0x80021e1c  x9=0x00000000
      293262000	     14561	8000aea2	89b1	c.andi	x11,12	 x11:0x00000000 x11=0x00000000
      293282000	     14562	8000aea4	828e	c.mv	x5,x3	  x0:0x00000000  x3:0xfffffff8  x5=0xfffffff8
      293302000	     14563	8000aea6	8461	c.srai	x8,0x18	  x8:0x00000000  x8=0x00000000
      293322000	     14564	8000aea8	34089bf3	csrrw	x23,mscratch,x17	 x17:0x1e3a9a82 x23=0x0000000f
      293342000	     14565	8000aeac	41018433	sub	x8,x3,x16	  x3:0xfffffff8 x16:0x00000000  x8=0xfffffff8
      293362000	     14566	8000aeb0	0ff0000f	fence	iorw,iorw	
      293382000	     14567	8000aeb4	9cb7ee13	ori	x28,x15,-1589	 x15:0x80025ce4 x28=0xfffffdef
      294482000	     14622	8000aeb8	03c14e33	div	x28,x2,x28	  x2:0x80021e1c x28:0xfffffdef x28=0x003df075
      294502000	     14623	8000aebc	64f9	c.lui	x9,0x1e	  x9=0x0001e000
      294522000	     14624	8000aebe	00e39593	slli	x11,x7,0xe	  x7:0xf7780000 x11=0x00000000
      294562000	     14626	8000aec2	02efa2b3	mulhsu	x5,x31,x14	 x31:0x00003000 x14:0x00000000  x5=0x00000000
      294582000	     14627	8000aec6	0001	c.addi	x0,0	  x0:0x00000000  x0=0x00000000
      294602000	     14628	8000aec8	577d	c.li	x14,-1	 x14=0xffffffff
      294622000	     14629	8000aeca	c70d	c.beqz	x14,8000aef4	 x14:0xffffffff
      294642000	     14630	8000aecc	000931b3	sltu	x3,x18,x0	 x18:0x00000000  x0:0x00000000  x3=0x00000000
      294662000	     14631	8000aed0	340032f3	csrrc	x5,mscratch,x0	  x0:0x00000000  x5=0x1e3a9a82
      294722000	     14634	8000aed4	8ea1	c.xor	x13,x8	 x13:0xfffffffc  x8:0xfffffff8 x13=0x00000004
      294742000	     14635	8000aed6	99e2	c.add	x19,x24	 x19:0x00000000 x24:0xd1f61000 x19=0xd1f61000
      295022000	     14649	8000aed8	997d	c.andi	x10,-1	 x10:0x00000000 x10=0x00000000
      295042000	     14650	8000aeda	340a1b73	csrrw	x22,mscratch,x20	 x20:0x00000000 x22=0x1e3a9a82
      295062000	     14651	8000aede	55c03c13	sltiu	x24,x0,1372	  x0:0x00000000 x24=0x00000001
      295082000	     14652	8000aee2	00ee0f63	beq	x28,x14,8000af00	 x28:0x003df075 x14:0xffffffff
      295302000	     14663	8000aee6	00f28bb3	add	x23,x5,x15	  x5:0x1e3a9a82 x15:0x80025ce4 x23=0x9e3cf766
      295322000	     14664	8000aeea	92e2	c.add	x5,x24	  x5:0x1e3a9a82 x24:0x00000001  x5=0x1e3a9a83
      295722000	     14684	8000aeec	e899	c.bnez	x9,8000af02	  x9:0x0001e000
      296902000	     14743	8000af02	8ee1	c.and	x13,x8	 x13:0x00000004  x8:0xfffffff8 x13=0x00000000
      297642000	     14780	8000af04	03e3cf33	div	x30,x7,x30	  x7:0xf7780000 x30:0xffe35fc8 x30=0x0000004c
      297662000	     14781	8000af08	01d6d213	srli	x4,x13,0x1d	 x13:0x00000000  x4=0x00000000
      297682000	     14782	8000af0c	832d	c.srli	x14,0xb	 x14:0xffffffff x14=0x001fffff
      297702000	     14783	8000af0e	014e0533	add	x10,x28,x20	 x28:0x003df075 x20:0x00000000 x10=0x003df075
      297722000	     14784	8000af12	0001	c.addi	x0,0	  x0:0x00000000  x0=0x00000000
      297742000	     14785	8000af14	6655	c.lui	x12,0x15	 x12=0x00015000
      297762000	     14786	8000af16	34041873	csrrw	x16,mscratch,x8	  x8:0xfffffff8 x16=0x00000000
      297782000	     14787	8000af1a	8ccd	c.or	x9,x11	  x9:0x0001e000 x11:0x00000000  x9=0x0001e000
      297802000	     14788	8000af1c	031ecd63	blt	x29,x17,8000af56	 x29:0x87c7c000 x17:0x1e3a9a82
      298662000	     14831	8000af56	8c8d	c.sub	x9,x11	  x9:0x0001e000 x11:0x00000000  x9=0x0001e000
      298862000	     14841	8000af58	7593a713	slti	x14,x7,1881	  x7:0xf7780000 x14=0x00000001
      298882000	     14842	8000af5c	00c8f1b3	and	x3,x17,x12	 x17:0x1e3a9a82 x12:0x00015000  x3=0x00001000
      298902000	     14843	8000af60	02b3e963	bltu	x7,x11,8000af92	  x7:0xf7780000 x11:0x00000000
      299062000	     14851	8000af64	05897163	bgeu	x18,x24,8000afa6	 x18:0x00000000 x24:0x00000001
      299122000	     14854	8000af68	0891	c.addi	x17,4	 x17:0x1e3a9a82 x17=0x1e3a9a86
      299142000	     14855	8000af6a	41f1d0b3	sra	x1,x3,x31	  x3:0x00001000 x31:0x00003000  x1=0x00001000
      299162000	     14856	8000af6e	0912	c.slli	x18,0x4	 x18:0x00000000 x18=0x00000000
      299442000	     14870	8000af70	02727163	bgeu	x4,x7,8000af92	  x4:0x00000000  x7:0xf7780000
      299462000	     14871	8000af74	02891c63	bne	x18,x8,8000afac	 x18:0x00000000  x8:0xfffffff8
      299622000	     14879	8000afac	8e62	c.mv	x28,x24	  x0:0x00000000 x24:0x00000001 x28=0x00000001
      299662000	     14881	8000afae	340615f3	csrrw	x11,mscratch,x12	 x12:0x00015000 x11=0xfffffff8
      299922000	     14894	8000afb2	017123b3	slt	x7,x2,x23	  x2:0x80021e1c x23:0x9e3cf766  x7=0x00000001
      299942000	     14895	8000afb6	0013d863	bge	x7,x1,8000afc6	  x7:0x00000001  x1:0x00001000
      300182000	     14907	8000afba	4e94fb93	andi	x23,x9,1257	  x9:0x0001e000 x23=0x00000000
      300202000	     14908	8000afbe	8f61	c.and	x14,x8	 x14:0x00000001  x8:0xfffffff8 x14=0x00000000
      300282000	     14912	8000afc0	86e5	c.srai	x13,0x19	 x13:0x00000000 x13=0x00000000
      300342000	     14915	8000afc2	004b46b3	xor	x13,x22,x4	 x22:0x1e3a9a82  x4:0x00000000 x13=0x1e3a9a82
      300382000	     14917	8000afc6	340cf0f3	csrrci	x1,mscratch,25	  x1=0x00015000
      300402000	     14918	8000afca	6bf5	c.lui	x23,0x1d	 x23=0x0001d000
      300442000	     14920	8000afcc	0241d5b3	divu	x11,x3,x4	  x3:0x00001000  x4:0x00000000 x11=0xffffffff
      300542000	     14925	8000afd0	0ff0000f	fence	iorw,iorw	
      300602000	     14928	8000afd4	340a5873	csrrwi	x16,mscratch,20	 x16=0x00015000
      300642000	     14930	8000afd8	3403a773	csrrs	x14,mscratch,x7	  x7:0x00000001 x14=0x00000014
      300862000	     14941	8000afdc	02f66663	bltu	x12,x15,8000b008	 x12:0x00015000 x15:0x80025ce4
      301482000	     14972	8000b008	3554fe93	andi	x29,x9,853	  x9:0x0001e000 x29=0x00000000
      301502000	     14973	8000b00c	01aa88b3	add	x17,x21,x26	 x21:0x00000009 x26:0x88000000 x17=0x88000009
      301602000	     14978	8000b010	010ccb63	blt	x25,x16,8000b026	 x25:0x00400110 x16:0x00015000
      301642000	     14980	8000b014	34007f73	csrrci	x30,mscratch,0	 x30=0x00000015
      302002000	     14998	8000b018	8801	c.andi	x8,0	  x8:0xfffffff8  x8=0x00000000
      302342000	     15015	8000b01a	019f6db3	or	x27,x30,x25	 x30:0x00000015 x25:0x00400110 x27=0x00400115
      302362000	     15016	8000b01e	01e9d293	srli	x5,x19,0x1e	 x19:0xd1f61000  x5=0x00000003
      302482000	     15022	8000b022	03bd7763	bgeu	x26,x27,8000b050	 x26:0x88000000 x27:0x00400115
      302762000	     15036	8000b050	8f0e	c.mv	x30,x3	  x0:0x00000000  x3:0x00001000 x30=0x00001000
      302782000	     15037	8000b052	00c2e4b3	or	x9,x5,x12	  x5:0x00000003 x12:0x00015000  x9=0x00015003
      302922000	     15044	8000b056	007b21b3	slt	x3,x22,x7	 x22:0x1e3a9a82  x7:0x00000001  x3=0x00000000
      304182000	     15107	8000b05a	03126db3	rem	x27,x4,x17	  x4:0x00000000 x17:0x88000009 x27=0x00000000
      304202000	     15108	8000b05e	034a	c.slli	x6,0x12	  x6:0x0000c000  x6=0x00000000
      304222000	     15109	8000b060	01d51213	slli	x4,x10,0x1d	 x10:0x003df075  x4=0xa0000000
      304962000	     15146	8000b064	03c06833	rem	x16,x0,x28	  x0:0x00000000 x28:0x00000001 x16=0x00000000
      304982000	     15147	8000b068	8921	c.andi	x10,8	 x10:0x003df075 x10=0x00000000
      305002000	     15148	8000b06a	8d9d	c.sub	x11,x15	 x11:0xffffffff x15:0x80025ce4 x11=0x7ffda31b
      305022000	     15149	8000b06c	0031ee33	or	x28,x3,x3	  x3:0x00000000  x3:0x00000000 x28=0x00000000
      305042000	     15150	8000b070	8ef1	c.and	x13,x12	 x13:0x1e3a9a82 x12:0x00015000 x13=0x00001000
      305782000	     15187	8000b072	0354e033	rem	x0,x9,x21	  x9:0x00015003 x21:0x00000009  x0=0x00000000
      305802000	     15188	8000b076	8dd1	c.or	x11,x12	 x11:0x7ffda31b x12:0x00015000 x11=0x7ffdf31b
      305822000	     15189	8000b078	340b5cf3	csrrwi	x25,mscratch,22	 x25=0x00000015
      305842000	     15190	8000b07c	9befe413	ori	x8,x31,-1602	 x31:0x00003000  x8=0xfffff9be
      305862000	     15191	8000b080	005df5b3	and	x11,x27,x5	 x27:0x00000000  x5:0x00000003 x11=0x00000000
      305882000	     15192	8000b084	c105	c.beqz	x10,8000b0a4	 x10:0x00000000
      307082000	     15252	8000b0a4	02fde833	rem	x16,x27,x15	 x27:0x00000000 x15:0x80025ce4 x16=0x00000000
      307102000	     15253	8000b0a8	03039563	bne	x7,x16,8000b0d2	  x7:0x00000001 x16:0x00000000
      307942000	     15295	8000b0d2	41f9dd93	srai	x27,x19,0x1f	 x19:0xd1f61000 x27=0xffffffff
      308042000	     15300	8000b0d6	02848db3	mul	x27,x9,x8	  x9:0x00015003  x8:0xfffff9be x27=0xf7c94d3a
      308302000	     15313	8000b0da	340331f3	csrrc	x3,mscratch,x6	  x6:0x00000000  x3=0x00000016
      308622000	     15329	8000b0de	5db1ae13	slti	x28,x3,1499	  x3:0x00000016 x28=0x00000001
      308642000	     15330	8000b0e2	0548c063	blt	x17,x20,8000b122	 x17:0x88000009 x20:0x00000000
      310162000	     15406	8000b122	023a59b3	divu	x19,x20,x3	 x20:0x00000000  x3:0x00000016 x19=0x00000000
      311142000	     15455	8000b126	0000100f	fence.i	
      311802000	     15488	8000b12a	6ed5	c.lui	x29,0x15	 x29=0x00015000
      311962000	     15496	8000b12c	927e	c.add	x4,x31	  x4:0xa0000000 x31:0x00003000  x4=0xa0003000
      312102000	     15503	8000b12e	340b54f3	csrrwi	x9,mscratch,22	  x9=0x00000016
      312382000	     15517	8000b132	04dc8163	beq	x25,x13,8000b174	 x25:0x00000015 x13:0x00001000
      312402000	     15518	8000b136	8f61	c.and	x14,x8	 x14:0x00000014  x8:0xfffff9be x14=0x00000014
      312802000	     15538	8000b138	0433f163	bgeu	x7,x3,8000b17a	  x7:0x00000001  x3:0x00000016
      312882000	     15542	8000b13c	00f2	c.slli	x1,0x1c	  x1:0x00015000  x1=0x00000000
      312902000	     15543	8000b13e	ca0d	c.beqz	x12,8000b170	 x12:0x00015000
      312922000	     15544	8000b140	001948b3	xor	x17,x18,x1	 x18:0x00000000  x1:0x00000000 x17=0x00000000
      312982000	     15547	8000b144	009cc8b3	xor	x17,x25,x9	 x25:0x00000015  x9:0x00000016 x17=0x00000003
      313002000	     15548	8000b148	011038b3	sltu	x17,x0,x17	  x0:0x00000000 x17:0x00000003 x17=0x00000001
      313262000	     15561	8000b14c	00301493	slli	x9,x0,0x3	  x0:0x00000000  x9=0x00000000
      313282000	     15562	8000b150	41a4d033	sra	x0,x9,x26	  x9:0x00000000 x26:0x88000000  x0=0x00000000
      313702000	     15583	8000b154	3405a073	csrrs	x0,mscratch,x11	 x11:0x00000000  x0=0x00000000
      313722000	     15584	8000b158	34002873	csrrs	x16,mscratch,x0	  x0:0x00000000 x16=0x00000016
      313742000	     15585	8000b15c	021986b3	mul	x13,x19,x1	 x19:0x00000000  x1:0x00000000 x13=0x00000000
      313762000	     15586	8000b160	032b1963	bne	x22,x18,8000b192	 x22:0x1e3a9a82 x18:0x00000000
      314142000	     15605	8000b192	340d3a73	csrrc	x20,mscratch,x26	 x26:0x88000000 x20=0x00000016
      314562000	     15626	8000b196	16702c93	slti	x25,x0,359	  x0:0x00000000 x25=0x00000001
      314662000	     15631	8000b19a	3401d273	csrrwi	x4,mscratch,3	  x4=0x00000016
      314682000	     15632	8000b19e	67be5cb7	lui	x25,0x67be5	 x25=0x67be5000
      314702000	     15633	8000b1a2	c6bfab93	slti	x23,x31,-917	 x31:0x00003000 x23=0x00000000
      315142000	     15655	8000b1a6	029f1a33	mulh	x20,x30,x9	 x30:0x00001000  x9:0x00000000 x20=0x00000000
      315162000	     15656	8000b1aa	8d536617	auipc	x12,0x8d536	 x12=0x0d5411aa
      315182000	     15657	8000b1ae	f69c0b93	addi	x23,x24,-151	 x24:0x00000001 x23=0xffffff6a
      315262000	     15661	8000b1b2	340d16f3	csrrw	x13,mscratch,x26	 x26:0x88000000 x13=0x00000003
      315542000	     15675	8000b1b6	017098b3	sll	x17,x1,x23	  x1:0x00000000 x23:0xffffff6a x17=0x00000000
      315562000	     15676	8000b1ba	0001	c.addi	x0,0	  x0:0x00000000  x0=0x00000000
      315582000	     15677	8000b1bc	01199193	slli	x3,x19,0x11	 x19:0x00000000  x3=0x00000000
      315982000	     15697	8000b1c0	340016f3	csrrw	x13,mscratch,x0	  x0:0x00000000 x13=0x88000000
      316002000	     15698	8000b1c4	01957c33	and	x24,x10,x25	 x10:0x00000000 x25:0x67be5000 x24=0x00000000
      316042000	     15700	8000b1c8	03ce2933	mulhsu	x18,x28,x28	 x28:0x00000001 x28:0x00000001 x18=0x00000000
      316062000	     15701	8000b1cc	048e	c.slli	x9,0x3	  x9:0x00000000  x9=0x00000000
      316082000	     15702	8000b1ce	406b80b3	sub	x1,x23,x6	 x23:0xffffff6a  x6:0x00000000  x1=0xffffff6a
      316102000	     15703	8000b1d2	76ea3017	auipc	x0,0x76ea3	  x0=0x00000000
      316522000	     15724	8000b1d6	01e66f33	or	x30,x12,x30	 x12:0x0d5411aa x30:0x00001000 x30=0x0d5411aa
      316542000	     15725	8000b1da	6f95	c.lui	x31,0x5	 x31=0x00005000
      316562000	     15726	8000b1dc	98ce	c.add	x17,x19	 x17:0x00000000 x19:0x00000000 x17=0x00000000
      316582000	     15727	8000b1de	40f75f93	srai	x31,x14,0xf	 x14:0x00000014 x31=0x00000000
      317722000	     15784	8000b1e2	0368f8b3	remu	x17,x17,x22	 x17:0x00000000 x22:0x1e3a9a82 x17=0x00000000
      317742000	     15785	8000b1e6	00674db3	xor	x27,x14,x6	 x14:0x00000014  x6:0x00000000 x27=0x00000014
      317762000	     15786	8000b1ea	8c3d	c.xor	x8,x15	  x8:0xfffff9be x15:0x80025ce4  x8=0x7ffda55a
      317782000	     15787	8000b1ec	c861ec93	ori	x25,x3,-890	  x3:0x00000000 x25=0xfffffc86
      317802000	     15788	8000b1f0	41ab8633	sub	x12,x23,x26	 x23:0xffffff6a x26:0x88000000 x12=0x77ffff6a
      317822000	     15789	8000b1f4	404bddb3	sra	x27,x23,x4	 x23:0xffffff6a  x4:0x00000016 x27=0xffffffff
      317842000	     15790	8000b1f8	00a6	c.slli	x1,0x9	  x1:0xffffff6a  x1=0xfffed400
      317862000	     15791	8000b1fa	01a3c4b3	xor	x9,x7,x26	  x7:0x00000001 x26:0x88000000  x9=0x88000001
      317902000	     15793	8000b1fe	00217663	bgeu	x2,x2,8000b20a	  x2:0x80021e1c  x2:0x80021e1c
      318982000	     15847	8000b20a	03bf4933	div	x18,x30,x27	 x30:0x0d5411aa x27:0xffffffff x18=0xf2abee56
      319002000	     15848	8000b20e	40f25333	sra	x6,x4,x15	  x4:0x00000016 x15:0x80025ce4  x6=0x00000001
      319022000	     15849	8000b212	cb97c2b7	lui	x5,0xcb97c	  x5=0xcb97c000
      319762000	     15886	8000b216	03b466b3	rem	x13,x8,x27	  x8:0x7ffda55a x27:0xffffffff x13=0x00000000
      319822000	     15889	8000b21a	4212	c.lwsp	x4,4(x2)	  x2:0x80021e1c  x4=0x80002ff8 PA:0x80021e20 load:0x80002ff8
      319842000	     15890	8000b21c	02810113	addi	x2,x2,40	  x2:0x80021e1c  x2=0x80021e44
      319862000	     15891	8000b220	807d	c.srli	x8,0x1f	  x8:0x7ffda55a  x8=0x00000000
      319882000	     15892	8000b222	00120d93	addi	x27,x4,1	  x4:0x80002ff8 x27=0x80002ff9
      319902000	     15893	8000b226	8d82	c.jr	x27	 x27:0x80002ff9
      320322000	     15914	80002ff8	0e22	c.slli	x28,0x8	 x28:0x00000001 x28=0x00000100
      320342000	     15915	80002ffa	95ecb013	sltiu	x0,x25,-1698	 x25:0xfffffc86  x0=0x00000000
      320362000	     15916	80002ffe	547d	c.li	x8,-1	  x8=0xffffffff
      321222000	     15959	80003000	02fbf5b3	remu	x11,x23,x15	 x23:0xffffff6a x15:0x80025ce4 x11=0x7ffda286
      321242000	     15960	80003004	016d0033	add	x0,x26,x22	 x26:0x88000000 x22:0x1e3a9a82  x0=0x00000000
      321262000	     15961	80003008	030aef63	bltu	x21,x16,80003046	 x21:0x00000009 x16:0x00000016
      321702000	     15983	80003046	416881b3	sub	x3,x17,x22	 x17:0x00000000 x22:0x1e3a9a82  x3=0xe1c5657e
      321722000	     15984	8000304a	3403b873	csrrc	x16,mscratch,x7	  x7:0x00000001 x16=0x00000000
      322142000	     16005	8000304e	400fd493	srai	x9,x31,0x0	 x31:0x00000000  x9=0x00000000
      322162000	     16006	80003052	0000100f	fence.i	
      322742000	     16035	80003056	8cdd	c.or	x9,x15	  x9:0x00000000 x15:0x80025ce4  x9=0x80025ce4
      322762000	     16036	80003058	00056f33	or	x30,x10,x0	 x10:0x00000000  x0:0x00000000 x30=0x00000000
      322782000	     16037	8000305c	0001	c.addi	x0,0	  x0:0x00000000  x0=0x00000000
      322922000	     16044	8000305e	03bd8fb3	mul	x31,x27,x27	 x27:0x80002ff9 x27:0x80002ff9 x31=0x08fd6031
      322942000	     16045	80003062	9c96	c.add	x25,x5	 x25:0xfffffc86  x5:0xcb97c000 x25=0xcb97bc86
      323342000	     16065	80003064	01d71293	slli	x5,x14,0x1d	 x14:0x00000014  x5=0x80000000
      323362000	     16066	80003068	8f29	c.xor	x14,x10	 x14:0x00000014 x10:0x00000000 x14=0x00000014
      323382000	     16067	8000306a	340038f3	csrrc	x17,mscratch,x0	  x0:0x00000000 x17=0x00000000
      323482000	     16072	8000306e	405fd9b3	sra	x19,x31,x5	 x31:0x08fd6031  x5:0x80000000 x19=0x08fd6031
      323502000	     16073	80003072	3400a2f3	csrrs	x5,mscratch,x1	  x1:0xfffed400  x5=0x00000000
      323582000	     16077	80003076	01272b33	slt	x22,x14,x18	 x14:0x00000014 x18:0xf2abee56 x22=0x00000000
      323602000	     16078	8000307a	00051813	slli	x16,x10,0x0	 x10:0x00000000 x16=0x00000000
      323622000	     16079	8000307e	e415	c.bnez	x8,800030aa	  x8:0xffffffff
      324222000	     16109	800030aa	340c5df3	csrrwi	x27,mscratch,24	 x27=0xfffed400
      324242000	     16110	800030ae	34075573	csrrwi	x10,mscratch,14	 x10=0x00000018
      324262000	     16111	800030b2	8955	c.andi	x10,21	 x10:0x00000018 x10=0x00000010
      324282000	     16112	800030b4	40285833	sra	x16,x16,x2	 x16:0x00000000  x2:0x80021e44 x16=0x00000000
      324382000	     16117	800030b8	38c3f613	andi	x12,x7,908	  x7:0x00000001 x12=0x00000000
      324402000	     16118	800030bc	01df0d33	add	x26,x30,x29	 x30:0x00000000 x29:0x00015000 x26=0x00015000
      324702000	     16133	800030c0	00afd693	srli	x13,x31,0xa	 x31:0x08fd6031 x13=0x00023f58
      324822000	     16139	800030c4	8f51	c.or	x14,x12	 x14:0x00000014 x12:0x00000000 x14=0x00000014
      325082000	     16152	800030c6	ee257513	andi	x10,x10,-286	 x10:0x00000010 x10=0x00000000
      325522000	     16174	800030ca	03f69d33	mulh	x26,x13,x31	 x13:0x00023f58 x31:0x08fd6031 x26=0x00001434
      325602000	     16178	800030ce	01f079b3	and	x19,x0,x31	  x0:0x00000000 x31:0x08fd6031 x19=0x00000000
      326022000	     16199	800030d2	025f9c63	bne	x31,x5,8000310a	 x31:0x08fd6031  x5:0x00000000
      326782000	     16237	8000310a	8fa2	c.mv	x31,x8	  x0:0x00000000  x8:0xffffffff x31=0xffffffff
      326802000	     16238	8000310c	03ac8233	mul	x4,x25,x26	 x25:0xcb97bc86 x26:0x00001434  x4=0x358cc338
      327222000	     16259	80003110	40678d33	sub	x26,x15,x6	 x15:0x80025ce4  x6:0x00000001 x26=0x80025ce3
      327242000	     16260	80003114	8cbd	c.xor	x9,x15	  x9:0x80025ce4 x15:0x80025ce4  x9=0x00000000
      327362000	     16266	80003116	0000100f	fence.i	
      328102000	     16303	8000311a	01c5ef63	bltu	x11,x28,80003138	 x11:0x7ffda286 x28:0x00000100
      328122000	     16304	8000311e	00f746b3	xor	x13,x14,x15	 x14:0x00000014 x15:0x80025ce4 x13=0x80025cf0
      328242000	     16310	80003122	e67ff713	andi	x14,x31,-409	 x31:0xffffffff x14=0xfffffe67
      328602000	     16328	80003126	0073e633	or	x12,x7,x7	  x7:0x00000001  x7:0x00000001 x12=0x00000001
      328622000	     16329	8000312a	8d45	c.or	x10,x9	 x10:0x00000000  x9:0x00000000 x10=0x00000000
      328702000	     16333	8000312c	fa590637	lui	x12,0xfa590	 x12=0xfa590000
      328782000	     16337	80003130	340d7773	csrrci	x14,mscratch,26	 x14=0x0000000e
      328822000	     16339	80003134	340e5b73	csrrwi	x22,mscratch,28	 x22=0x00000004
      329122000	     16354	80003138	0ff0000f	fence	iorw,iorw	
      329322000	     16364	8000313c	0062d593	srli	x11,x5,0x6	  x5:0x00000000 x11=0x00000000
      329342000	     16365	80003140	3400f0f3	csrrci	x1,mscratch,1	  x1=0x0000001c
      329362000	     16366	80003144	00e64cb3	xor	x25,x12,x14	 x12:0xfa590000 x14:0x0000000e x25=0xfa59000e
      329402000	     16368	80003148	89b1	c.andi	x11,12	 x11:0x00000000 x11=0x00000000
      329822000	     16389	8000314a	002d0563	beq	x26,x2,80003154	 x26:0x80025ce3  x2:0x80021e44
      329842000	     16390	8000314e	547d	c.li	x8,-1	  x8=0xffffffff
      330162000	     16406	80003150	0111dbb3	srl	x23,x3,x17	  x3:0xe1c5657e x17:0x00000000 x23=0xe1c5657e
      330582000	     16427	80003154	340f1e73	csrrw	x28,mscratch,x30	 x30:0x00000000 x28=0x0000001c
      330602000	     16428	80003158	408950b3	sra	x1,x18,x8	 x18:0xf2abee56  x8:0xffffffff  x1=0xffffffff
      330622000	     16429	8000315c	340b50f3	csrrwi	x1,mscratch,22	  x1=0x00000000
      330642000	     16430	80003160	038d0563	beq	x26,x24,8000318a	 x26:0x80025ce3 x24:0x00000000
      330802000	     16438	80003164	00981633	sll	x12,x16,x9	 x16:0x00000000  x9:0x00000000 x12=0x00000000
      330822000	     16439	80003168	4078d513	srai	x10,x17,0x7	 x17:0x00000000 x10=0x00000000
      331242000	     16460	8000316c	0024c6b3	xor	x13,x9,x2	  x9:0x00000000  x2:0x80021e44 x13=0x80021e44
      331262000	     16461	80003170	ed99	c.bnez	x11,8000318e	 x11:0x00000000
      331282000	     16462	80003172	340ba6f3	csrrs	x13,mscratch,x23	 x23:0xe1c5657e x13=0x00000016
      332142000	     16505	80003176	03905e33	divu	x28,x0,x25	  x0:0x00000000 x25:0xfa59000e x28=0x00000000
      332182000	     16507	8000317a	02a73233	mulhu	x4,x14,x10	 x14:0x0000000e x10:0x00000000  x4=0x00000000
      332202000	     16508	8000317e	01caa1b3	slt	x3,x21,x28	 x21:0x00000009 x28:0x00000000  x3=0x00000000
      332222000	     16509	80003182	41c204b3	sub	x9,x4,x28	  x4:0x00000000 x28:0x00000000  x9=0x00000000
      332462000	     16521	80003186	340d6f73	csrrsi	x30,mscratch,26	 x30=0xe1c5657e
      332482000	     16522	8000318a	01ce2cb3	slt	x25,x28,x28	 x28:0x00000000 x28:0x00000000 x25=0x00000000
      332502000	     16523	8000318e	89ce	c.mv	x19,x19	  x0:0x00000000 x19:0x00000000 x19=0x00000000
      332522000	     16524	80003190	8fc6	c.mv	x31,x17	  x0:0x00000000 x17:0x00000000 x31=0x00000000
      332542000	     16525	80003192	90e6	c.add	x1,x25	  x1:0x00000000 x25:0x00000000  x1=0x00000000
      332562000	     16526	80003194	8755	c.srai	x14,0x15	 x14:0x0000000e x14=0x00000000
      332722000	     16534	80003196	03f7c663	blt	x15,x31,800031c2	 x15:0x80025ce4 x31:0x00000000
      333522000	     16574	800031c2	0019e8b3	or	x17,x19,x1	 x19:0x00000000  x1:0x00000000 x17=0x00000000
      333542000	     16575	800031c6	0001	c.addi	x0,0	  x0:0x00000000  x0=0x00000000
      333562000	     16576	800031c8	0932	c.slli	x18,0xc	 x18:0xf2abee56 x18=0xbee56000
      333702000	     16583	800031ca	0000100f	fence.i	
      334202000	     16608	800031ce	1c7d	c.addi	x24,-1	 x24:0x00000000 x24=0xffffffff
      334362000	     16616	800031d0	34002573	csrrs	x10,mscratch,x0	  x0:0x00000000 x10=0xe1c5657e
      334382000	     16617	800031d4	8a29	c.andi	x12,10	 x12:0x00000000 x12=0x00000000
      334402000	     16618	800031d6	84d6	c.mv	x9,x21	  x0:0x00000000 x21:0x00000009  x9=0x00000009
      334422000	     16619	800031d8	00cf1813	slli	x16,x30,0xc	 x30:0xe1c5657e x16=0x5657e000
      334442000	     16620	800031dc	0ff0000f	fence	iorw,iorw	
      334462000	     16621	800031e0	0351c863	blt	x3,x21,80003210	  x3:0x00000000 x21:0x00000009
      334522000	     16624	80003210	0001	c.addi	x0,0	  x0:0x00000000  x0=0x00000000
      334542000	     16625	80003212	cb05	c.beqz	x14,80003242	 x14:0x00000000
      334642000	     16630	80003242	0001	c.addi	x0,0	  x0:0x00000000  x0=0x00000000
      334802000	     16638	80003244	f1ca6013	ori	x0,x20,-228	 x20:0x00000000  x0=0x00000000
      334822000	     16639	80003248	00ec5e13	srli	x28,x24,0xe	 x24:0xffffffff x28=0x0003ffff
      334842000	     16640	8000324c	960e	c.add	x12,x3	 x12:0x00000000  x3:0x00000000 x12=0x00000000
      334862000	     16641	8000324e	ef19	c.bnez	x14,8000326c	 x14:0x00000000
      335002000	     16648	80003250	0001	c.addi	x0,0	  x0:0x00000000  x0=0x00000000
      335022000	     16649	80003252	e73fb913	sltiu	x18,x31,-397	 x31:0x00000000 x18=0x00000001
      335062000	     16651	80003256	03161e33	mulh	x28,x12,x17	 x12:0x00000000 x17:0x00000000 x28=0x00000000
      335082000	     16652	8000325a	ce34ec93	ori	x25,x9,-797	  x9:0x00000009 x25=0xfffffceb
      335102000	     16653	8000325e	00241d13	slli	x26,x8,0x2	  x8:0xffffffff x26=0xfffffffc
      335522000	     16674	80003262	012b49b3	xor	x19,x22,x18	 x22:0x00000004 x18:0x00000001 x19=0x00000005
      335542000	     16675	80003266	00335c63	bge	x6,x3,8000327e	  x6:0x00000001  x3:0x00000000
      336082000	     16702	8000327e	02edbb33	mulhu	x22,x27,x14	 x27:0xfffed400 x14:0x00000000 x22=0x00000000
      336262000	     16711	80003282	340a2d73	csrrs	x26,mscratch,x20	 x20:0x00000000 x26=0xe1c5657e
      336682000	     16732	80003286	040dc893	xori	x17,x27,64	 x27:0xfffed400 x17=0xfffed440
      336702000	     16733	8000328a	1bb5f393	andi	x7,x11,443	 x11:0x00000000  x7=0x00000000
      336722000	     16734	8000328e	0001	c.addi	x0,0	  x0:0x00000000  x0=0x00000000
      337062000	     16751	80003290	4212	c.lwsp	x4,4(x2)	  x2:0x80021e44  x4=0x80002d12 PA:0x80021e48 load:0x80002d12
      337082000	     16752	80003292	01db44b3	xor	x9,x22,x29	 x22:0x00000000 x29:0x00015000  x9=0x00015000
      337102000	     16753	80003296	037b8d33	mul	x26,x23,x23	 x23:0xe1c5657e x23:0xe1c5657e x26=0xd828aa04
      337122000	     16754	8000329a	a8ec0597	auipc	x11,0xa8ec0	 x11=0x28ec329a
      337162000	     16756	8000329e	34091773	csrrw	x14,mscratch,x18	 x18:0x00000001 x14=0xe1c5657e
      337182000	     16757	800032a2	6105	c.addi16sp	x2,32	  x2:0x80021e44  x2=0x80021e64
      337242000	     16760	800032a4	8dd1	c.or	x11,x12	 x11:0x28ec329a x12:0x00000000 x11=0x28ec329a
      337262000	     16761	800032a6	885e	c.mv	x16,x23	  x0:0x00000000 x23:0xe1c5657e x16=0xe1c5657e
      337662000	     16781	800032a8	00120e13	addi	x28,x4,1	  x4:0x80002d12 x28=0x80002d13
      338082000	     16802	800032ac	8e02	c.jr	x28	 x28:0x80002d13
      338842000	     16840	80002d12	0000100f	fence.i	
      339842000	     16890	80002d16	8c89	c.sub	x9,x10	  x9:0x00015000 x10:0xe1c5657e  x9=0x1e3bea82
      339862000	     16891	80002d18	ddeab993	sltiu	x19,x21,-546	 x21:0x00000009 x19=0x00000001
      340162000	     16906	80002d1c	f258cc93	xori	x25,x17,-219	 x17:0xfffed440 x25=0x00012b65
      341262000	     16961	80002d20	0288c8b3	div	x17,x17,x8	 x17:0xfffed440  x8:0xffffffff x17=0x00012bc0
      341282000	     16962	80002d24	7c9e2317	auipc	x6,0x7c9e2	  x6=0xfc9e4d24
      341302000	     16963	80002d28	01e01513	slli	x10,x0,0x1e	  x0:0x00000000 x10=0x00000000
      341322000	     16964	80002d2c	1bfd	c.addi	x23,-1	 x23:0xe1c5657e x23=0xe1c5657d
      341342000	     16965	80002d2e	00f04eb3	xor	x29,x0,x15	  x0:0x00000000 x15:0x80025ce4 x29=0x80025ce4
      341362000	     16966	80002d32	3400d1f3	csrrwi	x3,mscratch,1	  x3=0x00000001
      341382000	     16967	80002d36	6ded	c.lui	x27,0x1b	 x27=0x0001b000
      341422000	     16969	80002d38	80a9	c.srli	x9,0xa	  x9:0x1e3bea82  x9=0x00078efa
      341642000	     16980	80002d3a	04306263	bltu	x0,x3,80002d7e	  x0:0x00000000  x3:0x00000001
      341962000	     16996	80002d7e	012a1e33	sll	x28,x20,x18	 x20:0x00000000 x18:0x00000001 x28=0x00000000
      341982000	     16997	80002d82	0001	c.addi	x0,0	  x0:0x00000000  x0=0x00000000
      342002000	     16998	80002d84	9afd	c.andi	x13,-1	 x13:0x00000016 x13=0x00000016
      342082000	     17002	80002d86	340c1373	csrrw	x6,mscratch,x24	 x24:0xffffffff  x6=0x00000001
      343202000	     17058	80002d8a	038fed33	rem	x26,x31,x24	 x31:0x00000000 x24:0xffffffff x26=0x00000000
      343222000	     17059	80002d8e	d061c893	xori	x17,x3,-762	  x3:0x00000001 x17=0xfffffd07
      343242000	     17060	80002d92	506c2d93	slti	x27,x24,1286	 x24:0xffffffff x27=0x00000001
      343262000	     17061	80002d96	00000217	auipc	x4,0x0	  x4=0x80002d96
      343282000	     17062	80002d9a	23620213	addi	x4,x4,566	  x4:0x80002d96  x4=0x80002fcc
      343302000	     17063	80002d9e	00c91eb3	sll	x29,x18,x12	 x18:0x00000001 x12:0x00000000 x29=0x00000001
      343322000	     17064	80002da2	66bd	c.lui	x13,0xf	 x13=0x0000f000
      343342000	     17065	80002da4	c5620213	addi	x4,x4,-938	  x4:0x80002fcc  x4=0x80002c22
      343562000	     17076	80002da8	0ff0000f	fence	iorw,iorw	
      363482000	     18072	80002dac	3aa20267	jalr	x4,938(x4)	  x4:0x80002c22  x4=0x80002db0
      363562000	     18076	80002fcc	0906	c.slli	x18,0x1	 x18:0x00000001 x18=0x00000002
      364402000	     18118	80002fce	009bf263	bgeu	x23,x9,80002fd2	 x23:0xe1c5657d  x9:0x00078efa
      365282000	     18162	80002fd2	1101	c.addi	x2,-32	  x2:0x80021e64  x2=0x80021e44
      365302000	     18163	80002fd4	340a7673	csrrci	x12,mscratch,20	 x12=0xffffffff
      365522000	     18174	80002fd8	c212	c.swsp	x4,4(x2)	  x2:0x80021e44  x4:0x80002db0 PA:0x80021e48 store:0x80002db0 load:0xffffffff
      366262000	     18211	80002fda	03b0d1b3	divu	x3,x1,x27	  x1:0x00000000 x27:0x00000001  x3=0x00000000
      367002000	     18248	80002fde	02454a33	div	x20,x10,x4	 x10:0x00000000  x4:0x80002db0 x20=0x00000000
      367022000	     18249	80002fe2	8d31	c.xor	x10,x12	 x10:0x00000000 x12:0xffffffff x10=0xffffffff
      367042000	     18250	80002fe4	01b78033	add	x0,x15,x27	 x15:0x80025ce4 x27:0x00000001  x0=0x00000000
      367062000	     18251	80002fe8	8771	c.srai	x14,0x1c	 x14:0xe1c5657e x14=0xfffffffe
      367082000	     18252	80002fea	01ce9563	bne	x29,x28,80002ff4	 x29:0x00000001 x28:0x00000000
      367122000	     18254	80002ff4	1a60626f	jal	x4,8000919a	  x4=0x80002ff8
      367522000	     18274	8000919a	00fec3b3	xor	x7,x29,x15	 x29:0x00000001 x15:0x80025ce4  x7=0x80025ce5
      367542000	     18275	8000919e	340e34f3	csrrc	x9,mscratch,x28	 x28:0x00000000  x9=0xffffffeb
      367962000	     18296	800091a2	00046363	bltu	x8,x0,800091a8	  x8:0xffffffff  x0:0x00000000
      367982000	     18297	800091a6	0001	c.addi	x0,0	  x0:0x00000000  x0=0x00000000
      368102000	     18303	800091a8	fd810113	addi	x2,x2,-40	  x2:0x80021e44  x2=0x80021e1c
      368882000	     18342	800091ac	c212	c.swsp	x4,4(x2)	  x2:0x80021e1c  x4:0x80002ff8 PA:0x80021e20 store:0x80002ff8 load:0xffffffff
      368902000	     18343	800091ae	34006573	csrrsi	x10,mscratch,0	 x10=0xffffffeb
      368922000	     18344	800091b2	02b80063	beq	x16,x11,800091d2	 x16:0xe1c5657e x11:0x28ec329a
      368942000	     18345	800091b6	033b0f63	beq	x22,x19,800091f4	 x22:0x00000000 x19:0x00000001
      368962000	     18346	800091ba	34002373	csrrs	x6,mscratch,x0	  x0:0x00000000  x6=0xffffffeb
      368982000	     18347	800091be	8c0d	c.sub	x8,x11	  x8:0xffffffff x11:0x28ec329a  x8=0xd713cd65
      369002000	     18348	800091c0	01dfda33	srl	x20,x31,x29	 x31:0x00000000 x29:0x00000001 x20=0x00000000
      369022000	     18349	800091c4	03a06863	bltu	x0,x26,800091f4	  x0:0x00000000 x26:0x00000000
      369122000	     18354	800091c8	a94ba813	slti	x16,x23,-1388	 x23:0xe1c5657d x16=0x00000001
      369382000	     18367	800091cc	03bf8cb3	mul	x25,x31,x27	 x31:0x00000000 x27:0x00000001 x25=0x00000000
      369402000	     18368	800091d0	ca01	c.beqz	x12,800091e0	 x12:0xffffffff
      369542000	     18375	800091d2	01b5d213	srli	x4,x11,0x1b	 x11:0x28ec329a  x4=0x00000005
      369562000	     18376	800091d6	340a10f3	csrrw	x1,mscratch,x20	 x20:0x00000000  x1=0xffffffeb
      369602000	     18378	800091da	0287abb3	mulhsu	x23,x15,x8	 x15:0x80025ce4  x8:0xd713cd65 x23=0x9478157f
      369622000	     18379	800091de	8c5d	c.or	x8,x15	  x8:0xd713cd65 x15:0x80025ce4  x8=0xd713dde5
      369642000	     18380	800091e0	02e80633	mul	x12,x16,x14	 x16:0x00000001 x14:0xfffffffe x12=0xfffffffe
      369662000	     18381	800091e4	41648533	sub	x10,x9,x22	  x9:0xffffffeb x22:0x00000000 x10=0xffffffeb
      369682000	     18382	800091e8	34002cf3	csrrs	x25,mscratch,x0	  x0:0x00000000 x25=0x00000000
      370802000	     18438	800091ec	02be7433	remu	x8,x28,x11	 x28:0x00000000 x11:0x28ec329a  x8=0x00000000
      370822000	     18439	800091f0	47ab6193	ori	x3,x22,1146	 x22:0x00000000  x3=0x0000047a
      370842000	     18440	800091f4	411a5913	srai	x18,x20,0x11	 x20:0x00000000 x18=0x00000000
      370862000	     18441	800091f8	e321	c.bnez	x14,80009238	 x14:0xfffffffe
      370942000	     18445	80009238	01d98db3	add	x27,x19,x29	 x19:0x00000001 x29:0x00000001 x27=0x00000002
      371102000	     18453	8000923c	032e0b63	beq	x28,x18,80009272	 x28:0x00000000 x18:0x00000000
      371342000	     18465	80009272	0137c3b3	xor	x7,x15,x19	 x15:0x80025ce4 x19:0x00000001  x7=0x80025ce5
      371362000	     18466	80009276	862d	c.srai	x12,0xb	 x12:0xfffffffe x12=0xffffffff
      371762000	     18486	80009278	0001	c.addi	x0,0	  x0:0x00000000  x0=0x00000000
      371782000	     18487	8000927a	0165e5b3	or	x11,x11,x22	 x11:0x28ec329a x22:0x00000000 x11=0x28ec329a
      371802000	     18488	8000927e	395c4917	auipc	x18,0x395c4	 x18=0xb95cd27e
      371822000	     18489	80009282	8efd	c.and	x13,x15	 x13:0x0000f000 x15:0x80025ce4 x13=0x00005000
      371902000	     18493	80009284	02189963	bne	x17,x1,800092b6	 x17:0xfffffd07  x1:0xffffffeb
      373422000	     18569	800092b6	027e4433	div	x8,x28,x7	 x28:0x00000000  x7:0x80025ce5  x8=0x00000000
      373442000	     18570	800092ba	34045873	csrrwi	x16,mscratch,8	 x16=0x00000000
      373462000	     18571	800092be	9afd	c.andi	x13,-1	 x13:0x00005000 x13=0x00005000
      373502000	     18573	800092c0	03bcbf33	mulhu	x30,x25,x27	 x25:0x00000000 x27:0x00000002 x30=0x00000000
      373522000	     18574	800092c4	00459933	sll	x18,x11,x4	 x11:0x28ec329a  x4:0x00000005 x18=0x1d865340
      373542000	     18575	800092c8	0137dc63	bge	x15,x19,800092e0	 x15:0x80025ce4 x19:0x00000001
      373562000	     18576	800092cc	04fb9263	bne	x23,x15,80009310	 x23:0x9478157f x15:0x80025ce4
      374322000	     18614	80009310	00899c33	sll	x24,x19,x8	 x19:0x00000001  x8:0x00000000 x24=0x00000001
      375082000	     18652	80009314	03b97733	remu	x14,x18,x27	 x18:0x1d865340 x27:0x00000002 x14=0x00000000
      375102000	     18653	80009318	00af60b3	or	x1,x30,x10	 x30:0x00000000 x10:0xffffffeb  x1=0xffffffeb
      375122000	     18654	8000931c	03da	c.slli	x7,0x16	  x7:0x80025ce5  x7=0x39400000
      375142000	     18655	8000931e	34082b73	csrrs	x22,mscratch,x16	 x16:0x00000000 x22=0x00000008
      375162000	     18656	80009322	34069973	csrrw	x18,mscratch,x13	 x13:0x00005000 x18=0x00000008
      375182000	     18657	80009326	ed89	c.bnez	x11,80009340	 x11:0x28ec329a
      375842000	     18690	80009340	8f55	c.or	x14,x13	 x14:0x00000000 x13:0x00005000 x14=0x00005000
      375882000	     18692	80009342	89582613	slti	x12,x16,-1899	 x16:0x00000000 x12=0x00000000
      375902000	     18693	80009346	0001	c.addi	x0,0	  x0:0x00000000  x0=0x00000000
      375922000	     18694	80009348	8cad	c.xor	x9,x11	  x9:0xffffffeb x11:0x28ec329a  x9=0xd713cd71
      376042000	     18700	8000934a	03bb5063	bge	x22,x27,8000936a	 x22:0x00000008 x27:0x00000002
      376442000	     18720	8000936a	030d1bb3	mulh	x23,x26,x16	 x26:0x00000000 x16:0x00000000 x23=0x00000000
      376462000	     18721	8000936e	e029	c.bnez	x8,800093b0	  x8:0x00000000
      376482000	     18722	80009370	340953f3	csrrwi	x7,mscratch,18	  x7=0x00005000
      376522000	     18724	80009374	032d1f33	mulh	x30,x26,x18	 x26:0x00000000 x18:0x00000008 x30=0x00000000
      376922000	     18744	80009378	3401d273	csrrwi	x4,mscratch,3	  x4=0x00000012
      376942000	     18745	8000937c	34003673	csrrc	x12,mscratch,x0	  x0:0x00000000 x12=0x00000003
      376962000	     18746	80009380	1ffd	c.addi	x31,-1	 x31:0x00000000 x31=0xffffffff
      376982000	     18747	80009382	8e71	c.and	x12,x12	 x12:0x00000003 x12:0x00000003 x12=0x00000003
      377002000	     18748	80009384	cc95	c.beqz	x9,800093c0	  x9:0xd713cd71
      377082000	     18752	80009386	00a01513	slli	x10,x0,0xa	  x0:0x00000000 x10=0x00000000
      377102000	     18753	8000938a	852db897	auipc	x17,0x852db	 x17=0x052e438a
      377122000	     18754	8000938e	8161	c.srli	x10,0x18	 x10:0x00000000 x10=0x00000000
      377282000	     18762	80009390	41ce0233	sub	x4,x28,x28	 x28:0x00000000 x28:0x00000000  x4=0x00000000
      377422000	     18769	80009394	892e	c.mv	x18,x11	  x0:0x00000000 x11:0x28ec329a x18=0x28ec329a
      377862000	     18791	80009396	0345f163	bgeu	x11,x20,800093b8	 x11:0x28ec329a x20:0x00000000
      378742000	     18835	800093b8	3c97c193	xori	x3,x15,969	 x15:0x80025ce4  x3=0x80025f2d
      379062000	     18851	800093bc	00e31393	slli	x7,x6,0xe	  x6:0xffffffeb  x7=0xfffac000
      379082000	     18852	800093c0	7bb64097	auipc	x1,0x7bb64	  x1=0xfbb6d3c0
      379102000	     18853	800093c4	bb620437	lui	x8,0xbb620	  x8=0xbb620000
      379122000	     18854	800093c8	05af0463	beq	x30,x26,80009410	 x30:0x00000000 x26:0x00000000
      379402000	     18868	80009410	017bf233	and	x4,x23,x23	 x23:0x00000000 x23:0x00000000  x4=0x00000000
      379542000	     18875	80009414	340e7073	csrrci	x0,mscratch,28	  x0=0x00000000
      379722000	     18884	80009418	039fa3b3	mulhsu	x7,x31,x25	 x31:0xffffffff x25:0x00000000  x7=0x00000000
      379742000	     18885	8000941c	00fbe2b3	or	x5,x23,x15	 x23:0x00000000 x15:0x80025ce4  x5=0x80025ce4
      380482000	     18922	80009420	0231e9b3	rem	x19,x3,x3	  x3:0x80025f2d  x3:0x80025f2d x19=0x00000000
      380502000	     18923	80009424	3436c437	lui	x8,0x3436c	  x8=0x3436c000
      380522000	     18924	80009428	8ca1	c.xor	x9,x8	  x9:0xd713cd71  x8:0x3436c000  x9=0xe3250d71
      380542000	     18925	8000942a	008b7463	bgeu	x22,x8,80009432	 x22:0x00000008  x8:0x3436c000
      380562000	     18926	8000942e	0c8d	c.addi	x25,3	 x25:0x00000000 x25=0x00000003
      380582000	     18927	80009430	ee8d	c.bnez	x13,8000946a	 x13:0x00005000
      381202000	     18958	8000946a	96be	c.add	x13,x15	 x13:0x00005000 x15:0x80025ce4 x13=0x8002ace4
      381522000	     18974	8000946c	017d48b3	xor	x17,x26,x23	 x26:0x00000000 x23:0x00000000 x17=0x00000000
      381542000	     18975	80009470	34099073	csrrw	x0,mscratch,x19	 x19:0x00000000  x0=0x00000000
      381562000	     18976	80009474	00360833	add	x16,x12,x3	 x12:0x00000003  x3:0x80025f2d x16=0x80025f30
      381582000	     18977	80009478	8a389417	auipc	x8,0x8a389	  x8=0x0a392478
      381762000	     18986	8000947c	00db9d13	slli	x26,x23,0xd	 x23:0x00000000 x26=0x00000000
      381782000	     18987	80009480	34003573	csrrc	x10,mscratch,x0	  x0:0x00000000 x10=0x00000000
      381822000	     18989	80009484	03402cb3	mulhsu	x25,x0,x20	  x0:0x00000000 x20:0x00000000 x25=0x00000000
      381842000	     18990	80009488	41a05a13	srai	x20,x0,0x1a	  x0:0x00000000 x20=0x00000000
      381862000	     18991	8000948c	c3fdfe13	andi	x28,x27,-961	 x27:0x00000002 x28=0x00000002
      381902000	     18993	80009490	03b6d763	bge	x13,x27,800094be	 x13:0x8002ace4 x27:0x00000002
      381922000	     18994	80009494	00e23e33	sltu	x28,x4,x14	  x4:0x00000000 x14:0x00005000 x28=0x00000001
      382002000	     18998	80009498	e0867593	andi	x11,x12,-504	 x12:0x00000003 x11=0x00000000
      382122000	     19004	8000949c	02a8f433	remu	x8,x17,x10	 x17:0x00000000 x10:0x00000000  x8=0x00000000
      382182000	     19007	800094a0	01a0a8b3	slt	x17,x1,x26	  x1:0xfbb6d3c0 x26:0x00000000 x17=0x00000001
      382282000	     19012	800094a4	006c5033	srl	x0,x24,x6	 x24:0x00000001  x6:0xffffffeb  x0=0x00000000
      382302000	     19013	800094a8	34085bf3	csrrwi	x23,mscratch,16	 x23=0x00000000
      382722000	     19034	800094ac	340025f3	csrrs	x11,mscratch,x0	  x0:0x00000000 x11=0x00000010
      382742000	     19035	800094b0	0101b2b3	sltu	x5,x3,x16	  x3:0x80025f2d x16:0x80025f30  x5=0x00000001
      382762000	     19036	800094b4	3409ddf3	csrrwi	x27,mscratch,19	 x27=0x00000010
      382802000	     19038	800094b8	8491	c.srai	x9,0x4	  x9:0xe3250d71  x9=0xfe3250d7
      382822000	     19039	800094ba	0000100f	fence.i	
      383342000	     19065	800094be	7e907593	andi	x11,x0,2025	  x0:0x00000000 x11=0x00000000
      384082000	     19102	800094c2	023f73b3	remu	x7,x30,x3	 x30:0x00000000  x3:0x80025f2d  x7=0x00000000
      384102000	     19103	800094c6	34007df3	csrrci	x27,mscratch,0	 x27=0x00000013
      384122000	     19104	800094ca	34003773	csrrc	x14,mscratch,x0	  x0:0x00000000 x14=0x00000013
      384142000	     19105	800094ce	038ad463	bge	x21,x24,800094f6	 x21:0x00000009 x24:0x00000001
      384802000	     19138	800094f6	4fb9	c.li	x31,14	 x31=0x0000000e
      385222000	     19159	800094f8	3405ae73	csrrs	x28,mscratch,x11	 x11:0x00000000 x28=0x00000013
      385242000	     19160	800094fc	340bdf73	csrrwi	x30,mscratch,23	 x30=0x00000013
      385522000	     19174	80009500	010868b3	or	x17,x16,x16	 x16:0x80025f30 x16:0x80025f30 x17=0x80025f30
      385962000	     19196	80009504	0354b8b3	mulhu	x17,x9,x21	  x9:0xfe3250d7 x21:0x00000009 x17=0x00000008
      385982000	     19197	80009508	340a5a73	csrrwi	x20,mscratch,20	 x20=0x00000017
      386002000	     19198	8000950c	015b5a13	srli	x20,x22,0x15	 x22:0x00000008 x20=0x00000000
      386042000	     19200	80009510	03249f33	mulh	x30,x9,x18	  x9:0xfe3250d7 x18:0x28ec329a x30=0xffb632a8
      386062000	     19201	80009514	018c9f63	bne	x25,x24,80009532	 x25:0x00000000 x24:0x00000001
      401422000	     19969	80009532	ff60afb7	lui	x31,0xff60a	 x31=0xff60a000
      401442000	     19970	80009536	1dce8913	addi	x18,x29,476	 x29:0x00000001 x18=0x000001dd
      401462000	     19971	8000953a	e205	c.bnez	x12,8000955a	 x12:0x00000003
      401882000	     19992	8000955a	00cede63	bge	x29,x12,80009576	 x29:0x00000001 x12:0x00000003
      401902000	     19993	8000955e	0527c163	blt	x15,x18,800095a0	 x15:0x80025ce4 x18:0x000001dd
      402462000	     20021	800095a0	7a35e413	ori	x8,x11,1955	 x11:0x00000000  x8=0x000007a3
      402482000	     20022	800095a4	018b16b3	sll	x13,x22,x24	 x22:0x00000008 x24:0x00000001 x13=0x00000010
      402522000	     20024	800095a8	02b91633	mulh	x12,x18,x11	 x18:0x000001dd x11:0x00000000 x12=0x00000000
      402702000	     20033	800095ac	013451b3	srl	x3,x8,x19	  x8:0x000007a3 x19:0x00000000  x3=0x000007a3
      402722000	     20034	800095b0	8cad	c.xor	x9,x11	  x9:0xfe3250d7 x11:0x00000000  x9=0xfe3250d7
      402742000	     20035	800095b2	8c89	c.sub	x9,x10	  x9:0xfe3250d7 x10:0x00000000  x9=0xfe3250d7
      402762000	     20036	800095b4	b830b037	lui	x0,0xb830b	  x0=0x00000000
      403022000	     20049	800095b8	80fd	c.srli	x9,0x1f	  x9:0xfe3250d7  x9=0x00000001
      403042000	     20050	800095ba	e60d	c.bnez	x12,800095e4	 x12:0x00000000
      403062000	     20051	800095bc	8e45	c.or	x12,x9	 x12:0x00000000  x9:0x00000001 x12=0x00000001
      403082000	     20052	800095be	0ff0000f	fence	iorw,iorw	
      403102000	     20053	800095c2	03a84163	blt	x16,x26,800095e4	 x16:0x80025f30 x26:0x00000000
      403862000	     20091	800095e4	34002bf3	csrrs	x23,mscratch,x0	  x0:0x00000000 x23=0x00000014
      404382000	     20117	800095e8	ca05	c.beqz	x12,80009618	 x12:0x00000001
      404402000	     20118	800095ea	6ef22717	auipc	x14,0x6ef22	 x14=0xeef2b5ea
      404822000	     20139	800095ee	006535b3	sltu	x11,x10,x6	 x10:0x00000000  x6:0xffffffeb x11=0x00000001
      405262000	     20161	800095f2	0252b2b3	mulhu	x5,x5,x5	  x5:0x00000001  x5:0x00000001  x5=0x00000000
      405662000	     20181	800095f6	034fd163	bge	x31,x20,80009618	 x31:0xff60a000 x20:0x00000000
      405862000	     20191	800095fa	01f6a4b3	slt	x9,x13,x31	 x13:0x00000010 x31:0xff60a000  x9=0x00000000
      405882000	     20192	800095fe	03e5f663	bgeu	x11,x30,8000962a	 x11:0x00000001 x30:0xffb632a8
      405902000	     20193	80009602	340d7cf3	csrrci	x25,mscratch,26	 x25=0x00000014
      405922000	     20194	80009606	8cf9	c.and	x9,x14	  x9:0x00000000 x14:0xeef2b5ea  x9=0x00000000
      406002000	     20198	80009608	01819013	slli	x0,x3,0x18	  x3:0x000007a3  x0=0x00000000
      406022000	     20199	8000960c	0447d263	bge	x15,x4,80009650	 x15:0x80025ce4  x4:0x00000000
      406062000	     20201	80009610	034069b3	rem	x19,x0,x20	  x0:0x00000000 x20:0x00000000 x19=0x00000000
      406082000	     20202	80009614	31934f13	xori	x30,x6,793	  x6:0xffffffeb x30=0xfffffcf2
      406122000	     20204	80009618	02a74233	div	x4,x14,x10	 x14:0xeef2b5ea x10:0x00000000  x4=0xffffffff
      406142000	     20205	8000961c	8ee1	c.and	x13,x8	 x13:0x00000010  x8:0x000007a3 x13=0x00000000
      406162000	     20206	8000961e	00e92d33	slt	x26,x18,x14	 x18:0x000001dd x14:0xeef2b5ea x26=0x00000000
      406582000	     20227	80009622	0030d593	srli	x11,x1,0x3	  x1:0xfbb6d3c0 x11=0x1f76da78
      406702000	     20233	80009626	41025433	sra	x8,x4,x16	  x4:0xffffffff x16:0x80025f30  x8=0xffffffff
      406842000	     20240	8000962a	f39b8837	lui	x16,0xf39b8	 x16=0xf39b8000
      406862000	     20241	8000962e	ee05	c.bnez	x12,80009666	 x12:0x00000001
      407262000	     20261	80009666	bcbd7d13	andi	x26,x26,-1077	 x26:0x00000000 x26=0x00000000
      407282000	     20262	8000966a	009c1093	slli	x1,x24,0x9	 x24:0x00000001  x1=0x00000200
      407302000	     20263	8000966e	404c0a33	sub	x20,x24,x4	 x24:0x00000001  x4:0xffffffff x20=0x00000002
      407322000	     20264	80009672	0386f963	bgeu	x13,x24,800096a4	 x13:0x00000000 x24:0x00000001
      407402000	     20268	80009676	02a04433	div	x8,x0,x10	  x0:0x00000000 x10:0x00000000  x8=0xffffffff
      407422000	     20269	8000967a	956e	c.add	x10,x27	 x10:0x00000000 x27:0x00000013 x10=0x00000013
      407442000	     20270	8000967c	59b80093	addi	x1,x16,1435	 x16:0xf39b8000  x1=0xf39b859b
      407822000	     20289	80009680	34049e73	csrrw	x28,mscratch,x9	  x9:0x00000000 x28=0x00000004
      408242000	     20310	80009684	02fa7463	bgeu	x20,x15,800096ac	 x20:0x00000002 x15:0x80025ce4
      408642000	     20330	80009688	027bde63	bge	x23,x7,800096c4	 x23:0x00000014  x7:0x00000000
      409802000	     20388	800096c4	01aed863	bge	x29,x26,800096d4	 x29:0x00000001 x26:0x00000000
      410822000	     20439	800096d4	ce658b13	addi	x22,x11,-794	 x11:0x1f76da78 x22=0x1f76d75e
      410862000	     20441	800096d8	80b9	c.srli	x9,0xe	  x9:0x00000000  x9=0x00000000
      410882000	     20442	800096da	0375c063	blt	x11,x23,800096fa	 x11:0x1f76da78 x23:0x00000014
      411302000	     20463	800096de	039af263	bgeu	x21,x25,80009702	 x21:0x00000009 x25:0x00000014
      411322000	     20464	800096e2	8862	c.mv	x16,x24	  x0:0x00000000 x24:0x00000001 x16=0x00000001
      411722000	     20484	800096e4	34029773	csrrw	x14,mscratch,x5	  x5:0x00000000 x14=0x00000000
      411742000	     20485	800096e8	9c46	c.add	x24,x17	 x24:0x00000001 x17:0x00000008 x24=0x00000009
      411782000	     20487	800096ea	05d57163	bgeu	x10,x29,8000972c	 x10:0x00000013 x29:0x00000001
      412142000	     20505	8000972c	0069d333	srl	x6,x19,x6	 x19:0x00000000  x6:0xffffffeb  x6=0x00000000
      412182000	     20507	80009730	0186e633	or	x12,x13,x24	 x13:0x00000000 x24:0x00000009 x12=0x00000009
      413142000	     20555	80009734	02b2cfb3	div	x31,x5,x11	  x5:0x00000000 x11:0x1f76da78 x31=0x00000000
      413162000	     20556	80009738	34002773	csrrs	x14,mscratch,x0	  x0:0x00000000 x14=0x00000000
      413182000	     20557	8000973c	8cf9	c.and	x9,x14	  x9:0x00000000 x14:0x00000000  x9=0x00000000
      413202000	     20558	8000973e	8d65	c.and	x10,x9	 x10:0x00000013  x9:0x00000000 x10=0x00000000
      413222000	     20559	80009740	3408dd73	csrrwi	x26,mscratch,17	 x26=0x00000000
      413242000	     20560	80009744	0b5e	c.slli	x22,0x17	 x22:0x1f76d75e x22=0xaf000000
      413262000	     20561	80009746	0001	c.addi	x0,0	  x0:0x00000000  x0=0x00000000
      413282000	     20562	80009748	3409b6f3	csrrc	x13,mscratch,x19	 x19:0x00000000 x13=0x00000011
      413302000	     20563	8000974c	02365363	bge	x12,x3,80009772	 x12:0x00000009  x3:0x000007a3
      413322000	     20564	80009750	054d4363	blt	x26,x20,80009796	 x26:0x00000000 x20:0x00000002
      414882000	     20642	80009796	03bdb633	mulhu	x12,x27,x27	 x27:0x00000013 x27:0x00000013 x12=0x00000000
      414902000	     20643	8000979a	8771	c.srai	x14,0x1c	 x14:0x00000000 x14=0x00000000
      414922000	     20644	8000979c	984e	c.add	x16,x19	 x16:0x00000001 x19:0x00000000 x16=0x00000001
      414942000	     20645	8000979e	8c49	c.or	x8,x10	  x8:0xffffffff x10:0x00000000  x8=0xffffffff
      415042000	     20650	800097a0	0f8b3913	sltiu	x18,x22,248	 x22:0xaf000000 x18=0x00000000
      415222000	     20659	800097a4	012514b3	sll	x9,x10,x18	 x10:0x00000000 x18:0x00000000  x9=0x00000000
      415242000	     20660	800097a8	00a4e9b3	or	x19,x9,x10	  x9:0x00000000 x10:0x00000000 x19=0x00000000
      415402000	     20668	800097ac	8f19	c.sub	x14,x14	 x14:0x00000000 x14:0x00000000 x14=0x00000000
      415422000	     20669	800097ae	02ee8163	beq	x29,x14,800097d0	 x29:0x00000001 x14:0x00000000
      415442000	     20670	800097b2	8c6d	c.and	x8,x11	  x8:0xffffffff x11:0x1f76da78  x8=0x1f76da78
      415482000	     20672	800097b4	0332f1b3	remu	x3,x5,x19	  x5:0x00000000 x19:0x00000000  x3=0x00000000
      415582000	     20677	800097b8	00d293b3	sll	x7,x5,x13	  x5:0x00000000 x13:0x00000011  x7=0x00000000
      415802000	     20688	800097bc	020292b3	mulh	x5,x5,x0	  x5:0x00000000  x0:0x00000000  x5=0x00000000
      415822000	     20689	800097c0	34002573	csrrs	x10,mscratch,x0	  x0:0x00000000 x10=0x00000011
      415962000	     20696	800097c4	037d0d33	mul	x26,x26,x23	 x26:0x00000000 x23:0x00000014 x26=0x00000000
      415982000	     20697	800097c8	0248f563	bgeu	x17,x4,800097f2	 x17:0x00000008  x4:0xffffffff
      416002000	     20698	800097cc	3b6d3393	sltiu	x7,x26,950	 x26:0x00000000  x7=0x00000001
      416422000	     20719	800097d0	0149d2b3	srl	x5,x19,x20	 x19:0x00000000 x20:0x00000002  x5=0x00000000
      416442000	     20720	800097d4	01a018b3	sll	x17,x0,x26	  x0:0x00000000 x26:0x00000000 x17=0x00000000
      416862000	     20741	800097d8	8ef9	c.and	x13,x14	 x13:0x00000011 x14:0x00000000 x13=0x00000000
      416882000	     20742	800097da	d1362493	slti	x9,x12,-749	 x12:0x00000000  x9=0x00000000
      416902000	     20743	800097de	03a602b3	mul	x5,x12,x26	 x12:0x00000000 x26:0x00000000  x5=0x00000000
      417322000	     20764	800097e2	01c87863	bgeu	x16,x28,800097f2	 x16:0x00000001 x28:0x00000004
      417742000	     20785	800097e6	02cb1d63	bne	x22,x12,80009820	 x22:0xaf000000 x12:0x00000000
      418282000	     20812	80009820	018d55b3	srl	x11,x26,x24	 x26:0x00000000 x24:0x00000009 x11=0x00000000
      418302000	     20813	80009824	0147b4b3	sltu	x9,x15,x20	 x15:0x80025ce4 x20:0x00000002  x9=0x00000000
      418562000	     20826	80009828	f3d92813	slti	x16,x18,-195	 x18:0x00000000 x16=0x00000000
      418582000	     20827	8000982c	0000100f	fence.i	
      418782000	     20837	80009830	c80d	c.beqz	x8,80009862	  x8:0x1f76da78
      418802000	     20838	80009832	4e09	c.li	x28,2	 x28=0x00000002
      418822000	     20839	80009834	14b07c13	andi	x24,x0,331	  x0:0x00000000 x24=0x00000000
      418982000	     20847	80009838	969e	c.add	x13,x7	 x13:0x00000000  x7:0x00000001 x13=0x00000001
      419002000	     20848	8000983a	0001	c.addi	x0,0	  x0:0x00000000  x0=0x00000000
      419402000	     20868	8000983c	8d29	c.xor	x10,x10	 x10:0x00000011 x10:0x00000011 x10=0x00000000
      419422000	     20869	8000983e	0328c863	blt	x17,x18,8000986e	 x17:0x00000000 x18:0x00000000
      419442000	     20870	80009842	0127ddb3	srl	x27,x15,x18	 x15:0x80025ce4 x18:0x00000000 x27=0x80025ce4
      419622000	     20879	80009846	21727093	andi	x1,x4,535	  x4:0xffffffff  x1=0x00000217
      419642000	     20880	8000984a	340395f3	csrrw	x11,mscratch,x7	  x7:0x00000001 x11=0x00000011
      419662000	     20881	8000984e	01ac9eb3	sll	x29,x25,x26	 x25:0x00000014 x26:0x00000000 x29=0x00000014
      419702000	     20883	80009852	02984f63	blt	x16,x9,80009890	 x16:0x00000000  x9:0x00000000
      419722000	     20884	80009856	006712b3	sll	x5,x14,x6	 x14:0x00000000  x6:0x00000000  x5=0x00000000
      419742000	     20885	8000985a	02568033	mul	x0,x13,x5	 x13:0x00000001  x5:0x00000000  x0=0x00000000
      419802000	     20888	8000985e	340066f3	csrrsi	x13,mscratch,0	 x13=0x00000001
      419822000	     20889	80009862	8e85	c.sub	x13,x9	 x13:0x00000001  x9:0x00000000 x13=0x00000001
      420262000	     20911	80009864	8ec9	c.or	x13,x10	 x13:0x00000001 x10:0x00000000 x13=0x00000001
      420422000	     20919	80009866	0000100f	fence.i	
      420962000	     20946	8000986a	011858b3	srl	x17,x16,x17	 x16:0x00000000 x17:0x00000000 x17=0x00000000
      420982000	     20947	8000986e	8df9	c.and	x11,x14	 x11:0x00000011 x14:0x00000000 x11=0x00000000
      421302000	     20963	80009870	ed85	c.bnez	x11,800098a8	 x11:0x00000000
      421322000	     20964	80009872	340d51f3	csrrwi	x3,mscratch,26	  x3=0x00000001
      421342000	     20965	80009876	01177bb3	and	x23,x14,x17	 x14:0x00000000 x17:0x00000000 x23=0x00000000
      421542000	     20975	8000987a	0206ae33	mulhsu	x28,x13,x0	 x13:0x00000001  x0:0x00000000 x28=0x00000000
      421582000	     20977	8000987e	340074f3	csrrci	x9,mscratch,0	  x9=0x0000001a
      421602000	     20978	80009882	0026db63	bge	x13,x2,80009898	 x13:0x00000001  x2:0x80021e1c
      422622000	     21029	80009898	14fd	c.addi	x9,-1	  x9:0x0000001a  x9=0x00000019
      422662000	     21031	8000989a	008d13b3	sll	x7,x26,x8	 x26:0x00000000  x8:0x1f76da78  x7=0x00000000
      422682000	     21032	8000989e	1ffd	c.addi	x31,-1	 x31:0x00000000 x31=0xffffffff
      422702000	     21033	800098a0	966e	c.add	x12,x27	 x12:0x00000000 x27:0x80025ce4 x12=0x80025ce4
      422722000	     21034	800098a2	8045	c.srli	x8,0x11	  x8:0x1f76da78  x8=0x00000fbb
      422762000	     21036	800098a4	03c714b3	mulh	x9,x14,x28	 x14:0x00000000 x28:0x00000000  x9=0x00000000
      422782000	     21037	800098a8	0000100f	fence.i	
      422982000	     21047	800098ac	90fe	c.add	x1,x31	  x1:0x00000217 x31:0xffffffff  x1=0x00000216
      423002000	     21048	800098ae	0001	c.addi	x0,0	  x0:0x00000000  x0=0x00000000
      423142000	     21055	800098b0	0001	c.addi	x0,0	  x0:0x00000000  x0=0x00000000
      423582000	     21077	800098b2	0386f233	remu	x4,x13,x24	 x13:0x00000001 x24:0x00000000  x4=0x00000001
      423622000	     21079	800098b6	ea14b193	sltiu	x3,x9,-351	  x9:0x00000000  x3=0x00000001
      423762000	     21086	800098ba	031bce33	div	x28,x23,x17	 x23:0x00000000 x17:0x00000000 x28=0xffffffff
      423942000	     21095	800098be	34052973	csrrs	x18,mscratch,x10	 x10:0x00000000 x18=0x0000001a
      424002000	     21098	800098c2	0373e013	ori	x0,x7,55	  x7:0x00000000  x0=0x00000000
      424102000	     21103	800098c6	011783b3	add	x7,x15,x17	 x15:0x80025ce4 x17:0x00000000  x7=0x80025ce4
      424122000	     21104	800098ca	73436193	ori	x3,x6,1844	  x6:0x00000000  x3=0x00000734
      424142000	     21105	800098ce	005d3db3	sltu	x27,x26,x5	 x26:0x00000000  x5:0x00000000 x27=0x00000000
      424162000	     21106	800098d2	8622	c.mv	x12,x8	  x0:0x00000000  x8:0x00000fbb x12=0x00000fbb
      424182000	     21107	800098d4	0b26	c.slli	x22,0x9	 x22:0xaf000000 x22=0x00000000
      424202000	     21108	800098d6	340b3973	csrrc	x18,mscratch,x22	 x22:0x00000000 x18=0x0000001a
      424282000	     21112	800098da	02619eb3	mulh	x29,x3,x6	  x3:0x00000734  x6:0x00000000 x29=0x00000000
      424322000	     21114	800098de	031a3833	mulhu	x16,x20,x17	 x20:0x00000002 x17:0x00000000 x16=0x00000000
      424342000	     21115	800098e2	340ff1f3	csrrci	x3,mscratch,31	  x3=0x0000001a
      424542000	     21125	800098e6	016fc433	xor	x8,x31,x22	 x31:0xffffffff x22:0x00000000  x8=0xffffffff
      424562000	     21126	800098ea	00a54033	xor	x0,x10,x10	 x10:0x00000000 x10:0x00000000  x0=0x00000000
      424582000	     21127	800098ee	000b1f13	slli	x30,x22,0x0	 x22:0x00000000 x30=0x00000000
      424602000	     21128	800098f2	077d	c.addi	x14,31	 x14:0x00000000 x14=0x0000001f
      425342000	     21165	800098f4	02eaf6b3	remu	x13,x21,x14	 x21:0x00000009 x14:0x0000001f x13=0x00000009
      425362000	     21166	800098f8	8145	c.srli	x10,0x11	 x10:0x00000000 x10=0x00000000
      425402000	     21168	800098fa	02871db3	mulh	x27,x14,x8	 x14:0x0000001f  x8:0xffffffff x27=0xffffffff
      426142000	     21205	800098fe	02fecf33	div	x30,x29,x15	 x29:0x00000000 x15:0x80025ce4 x30=0x00000000
      432462000	     21521	80009902	417480b3	sub	x1,x9,x23	  x9:0x00000000 x23:0x00000000  x1=0x00000000
      432482000	     21522	80009906	02d6	c.slli	x5,0x15	  x5:0x00000000  x5=0x00000000
      432502000	     21523	80009908	340071f3	csrrci	x3,mscratch,0	  x3=0x00000000
      432522000	     21524	8000990c	01461993	slli	x19,x12,0x14	 x12:0x00000fbb x19=0xfbb00000
      432542000	     21525	80009910	025c88b3	mul	x17,x25,x5	 x25:0x00000014  x5:0x00000000 x17=0x00000000
      432562000	     21526	80009914	c1a9	c.beqz	x11,80009956	 x11:0x00000000
      433942000	     21595	80009956	41dd5e93	srai	x29,x26,0x1d	 x26:0x00000000 x29=0x00000000
      434042000	     21600	8000995a	00ed1313	slli	x6,x26,0xe	 x26:0x00000000  x6=0x00000000
      434062000	     21601	8000995e	cae17193	andi	x3,x2,-850	  x2:0x80021e1c  x3=0x80021c0c
      434082000	     21602	80009962	005a8633	add	x12,x21,x5	 x21:0x00000009  x5:0x00000000 x12=0x00000009
      434262000	     21611	80009966	032ca1b3	mulhsu	x3,x25,x18	 x25:0x00000014 x18:0x0000001a  x3=0x00000000
      434282000	     21612	8000996a	340030f3	csrrc	x1,mscratch,x0	  x0:0x00000000  x1=0x00000000
      434302000	     21613	8000996e	408d0233	sub	x4,x26,x8	 x26:0x00000000  x8:0xffffffff  x4=0x00000001
      434402000	     21618	80009972	01045213	srli	x4,x8,0x10	  x8:0xffffffff  x4=0x0000ffff
      434822000	     21639	80009976	340c7d73	csrrci	x26,mscratch,24	 x26=0x00000000
      435242000	     21660	8000997a	41815593	srai	x11,x2,0x18	  x2:0x80021e1c x11=0xffffff80
      435262000	     21661	8000997e	a62b3413	sltiu	x8,x22,-1438	 x22:0x00000000  x8=0x00000001
      435282000	     21662	80009982	85bd	c.srai	x11,0xf	 x11:0xffffff80 x11=0xffffffff
      435302000	     21663	80009984	015a5213	srli	x4,x20,0x15	 x20:0x00000002  x4=0x00000000
      435562000	     21676	80009988	00775533	srl	x10,x14,x7	 x14:0x0000001f  x7:0x80025ce4 x10=0x00000001
      435582000	     21677	8000998c	0001	c.addi	x0,0	  x0:0x00000000  x0=0x00000000
      435602000	     21678	8000998e	dde0b013	sltiu	x0,x1,-546	  x1:0x00000000  x0=0x00000000
      435622000	     21679	80009992	8039	c.srli	x8,0xe	  x8:0x00000001  x8=0x00000000
      436362000	     21716	80009994	027eefb3	rem	x31,x29,x7	 x29:0x00000000  x7:0x80025ce4 x31=0x00000000
      436382000	     21717	80009998	16fd	c.addi	x13,-1	 x13:0x00000009 x13=0x00000008
      436402000	     21718	8000999a	8f7d	c.and	x14,x15	 x14:0x0000001f x15:0x80025ce4 x14=0x00000004
      436422000	     21719	8000999c	f4206f13	ori	x30,x0,-190	  x0:0x00000000 x30=0xffffff42
      436442000	     21720	800099a0	03008563	beq	x1,x16,800099ca	  x1:0x00000000 x16:0x00000000
      436782000	     21737	800099ca	03685a63	bge	x16,x22,800099fe	 x16:0x00000000 x22:0x00000000
      437382000	     21767	800099fe	8e45	c.or	x12,x9	 x12:0x00000009  x9:0x00000000 x12=0x00000009
      437802000	     21788	80009a00	0000100f	fence.i	
      438362000	     21816	80009a04	41a7ddb3	sra	x27,x15,x26	 x15:0x80025ce4 x26:0x00000000 x27=0x80025ce4
      438382000	     21817	80009a08	0000100f	fence.i	
      438462000	     21821	80009a0c	464d	c.li	x12,19	 x12=0x00000013
      438662000	     21831	80009a0e	004fdf93	srli	x31,x31,0x4	 x31:0x00000000 x31=0x00000000
      438682000	     21832	80009a12	7c443b13	sltiu	x22,x8,1988	  x8:0x00000000 x22=0x00000001
      439022000	     21849	80009a16	026d23b3	mulhsu	x7,x26,x6	 x26:0x00000000  x6:0x00000000  x7=0x00000000
      439422000	     21869	80009a1a	34006373	csrrsi	x6,mscratch,0	  x6=0x00000000
      439442000	     21870	80009a1e	8dc1	c.or	x11,x8	 x11:0xffffffff  x8:0x00000000 x11=0xffffffff
      439462000	     21871	80009a20	02b79663	bne	x15,x11,80009a4c	 x15:0x80025ce4 x11:0xffffffff
      440442000	     21920	80009a4c	00241493	slli	x9,x8,0x2	  x8:0x00000000  x9=0x00000000
      440462000	     21921	80009a50	407fde93	srai	x29,x31,0x7	 x31:0x00000000 x29=0x00000000
      440482000	     21922	80009a54	01ab8c33	add	x24,x23,x26	 x23:0x00000000 x26:0x00000000 x24=0x00000000
      440682000	     21932	80009a58	8efd	c.and	x13,x15	 x13:0x00000008 x15:0x80025ce4 x13=0x00000000
      440702000	     21933	80009a5a	b792fc13	andi	x24,x5,-1159	  x5:0x00000000 x24=0x00000000
      440722000	     21934	80009a5e	01163333	sltu	x6,x12,x17	 x12:0x00000013 x17:0x00000000  x6=0x00000000
      440742000	     21935	80009a62	567d	c.li	x12,-1	 x12=0xffffffff
      440762000	     21936	80009a64	00d15433	srl	x8,x2,x13	  x2:0x80021e1c x13:0x00000000  x8=0x80021e1c
      440782000	     21937	80009a68	8ced	c.and	x9,x11	  x9:0x00000000 x11:0xffffffff  x9=0x00000000
      440802000	     21938	80009a6a	0001	c.addi	x0,0	  x0:0x00000000  x0=0x00000000
      440862000	     21941	80009a6c	026ae463	bltu	x21,x6,80009a94	 x21:0x00000009  x6:0x00000000
      441602000	     21978	80009a70	035d74b3	remu	x9,x26,x21	 x26:0x00000000 x21:0x00000009  x9=0x00000000
      441622000	     21979	80009a74	0000100f	fence.i	
      441822000	     21989	80009a78	006b43b3	xor	x7,x22,x6	 x22:0x00000001  x6:0x00000000  x7=0x00000001
      441842000	     21990	80009a7c	00cd9e33	sll	x28,x27,x12	 x27:0x80025ce4 x12:0xffffffff x28=0x00000000
      442022000	     21999	80009a80	01674533	xor	x10,x14,x22	 x14:0x00000004 x22:0x00000001 x10=0x00000005
      442142000	     22005	80009a84	0000100f	fence.i	
      443002000	     22048	80009a88	34002ff3	csrrs	x31,mscratch,x0	  x0:0x00000000 x31=0x00000000
      443042000	     22050	80009a8c	6d98c813	xori	x16,x17,1753	 x17:0x00000000 x16=0x000006d9
      443202000	     22058	80009a90	9656efb7	lui	x31,0x9656e	 x31=0x9656e000
      443222000	     22059	80009a94	6197c693	xori	x13,x15,1561	 x15:0x80025ce4 x13=0x80025afd
      443282000	     22062	80009a98	340d7773	csrrci	x14,mscratch,26	 x14=0x00000000
      443582000	     22077	80009a9c	03441433	mulh	x8,x8,x20	  x8:0x80021e1c x20:0x00000002  x8=0xffffffff
      443742000	     22085	80009aa0	00065693	srli	x13,x12,0x0	 x12:0xffffffff x13=0xffffffff
      443782000	     22087	80009aa4	02431cb3	mulh	x25,x6,x4	  x6:0x00000000  x4:0x00000000 x25=0x00000000
      443822000	     22089	80009aa8	03893a33	mulhu	x20,x18,x24	 x18:0x0000001a x24:0x00000000 x20=0x00000000
      443842000	     22090	80009aac	0185dd33	srl	x26,x11,x24	 x11:0xffffffff x24:0x00000000 x26=0xffffffff
      444582000	     22127	80009ab0	027a7833	remu	x16,x20,x7	 x20:0x00000000  x7:0x00000001 x16=0x00000000
      444602000	     22128	80009ab4	01f39193	slli	x3,x7,0x1f	  x7:0x00000001  x3=0x80000000
      444622000	     22129	80009ab8	8dc5	c.or	x11,x9	 x11:0xffffffff  x9:0x00000000 x11=0xffffffff
      444642000	     22130	80009aba	00de78b3	and	x17,x28,x13	 x28:0x00000000 x13:0xffffffff x17=0x00000000
      444662000	     22131	80009abe	98b2	c.add	x17,x12	 x17:0x00000000 x12:0xffffffff x17=0xffffffff
      444682000	     22132	80009ac0	01e40a33	add	x20,x8,x30	  x8:0xffffffff x30:0xffffff42 x20=0xffffff41
      444702000	     22133	80009ac4	41155c13	srai	x24,x10,0x11	 x10:0x00000005 x24=0x00000000
      444722000	     22134	80009ac8	34007d73	csrrci	x26,mscratch,0	 x26=0x00000000
      444782000	     22137	80009acc	020116b3	mulh	x13,x2,x0	  x2:0x80021e1c  x0:0x00000000 x13=0x00000000
      445182000	     22157	80009ad0	340a9f73	csrrw	x30,mscratch,x21	 x21:0x00000009 x30=0x00000000
      445342000	     22165	80009ad4	051c0263	beq	x24,x17,80009b18	 x24:0x00000000 x17:0xffffffff
      446222000	     22209	80009ad8	02b1eb33	rem	x22,x3,x11	  x3:0x80000000 x11:0xffffffff x22=0x00000000
      446242000	     22210	80009adc	408ddc93	srai	x25,x27,0x8	 x27:0x80025ce4 x25=0xff80025c
      446262000	     22211	80009ae0	c3567613	andi	x12,x12,-971	 x12:0xffffffff x12=0xfffffc35
      446282000	     22212	80009ae4	01ce80b3	add	x1,x29,x28	 x29:0x00000000 x28:0x00000000  x1=0x00000000
      446322000	     22214	80009ae8	035f2bb3	mulhsu	x23,x30,x21	 x30:0x00000000 x21:0x00000009 x23=0x00000000
      446362000	     22216	80009aec	03061e33	mulh	x28,x12,x16	 x12:0xfffffc35 x16:0x00000000 x28=0x00000000
      446382000	     22217	80009af0	8edd	c.or	x13,x15	 x13:0x00000000 x15:0x80025ce4 x13=0x80025ce4
      446402000	     22218	80009af2	0304d163	bge	x9,x16,80009b14	  x9:0x00000000 x16:0x00000000
      446782000	     22237	80009b14	0271ae33	mulhsu	x28,x3,x7	  x3:0x80000000  x7:0x00000001 x28=0xffffffff
      446862000	     22241	80009b18	0001	c.addi	x0,0	  x0:0x00000000  x0=0x00000000
      446882000	     22242	80009b1a	34085573	csrrwi	x10,mscratch,16	 x10=0x00000009
      447622000	     22279	80009b1e	02da4bb3	div	x23,x20,x13	 x20:0xffffff41 x13:0x80025ce4 x23=0x00000000
      447642000	     22280	80009b22	8f2d	c.xor	x14,x11	 x14:0x00000000 x11:0xffffffff x14=0xffffffff
      447662000	     22281	80009b24	408dd933	sra	x18,x27,x8	 x27:0x80025ce4  x8:0xffffffff x18=0xffffffff
      447682000	     22282	80009b28	4164d593	srai	x11,x9,0x16	  x9:0x00000000 x11=0x00000000
      447702000	     22283	80009b2c	02a5f963	bgeu	x11,x10,80009b5e	 x11:0x00000000 x10:0x00000009
      447722000	     22284	80009b30	8425	c.srai	x8,0x9	  x8:0xffffffff  x8=0xffffffff
      447742000	     22285	80009b32	93964f17	auipc	x30,0x93964	 x30=0x1396db32
      448622000	     22329	80009b36	02d9e4b3	rem	x9,x19,x13	 x19:0xfbb00000 x13:0x80025ce4  x9=0xfbb00000
      448642000	     22330	80009b3a	41f1de33	sra	x28,x3,x31	  x3:0x80000000 x31:0x9656e000 x28=0x80000000
      448662000	     22331	80009b3e	58fd	c.li	x17,-1	 x17=0xffffffff
      448682000	     22332	80009b40	00428533	add	x10,x5,x4	  x5:0x00000000  x4:0x00000000 x10=0x00000000
      448742000	     22335	80009b44	01c76f63	bltu	x14,x28,80009b62	 x14:0xffffffff x28:0x80000000
      448762000	     22336	80009b48	e129	c.bnez	x10,80009b8a	 x10:0x00000000
      448782000	     22337	80009b4a	340022f3	csrrs	x5,mscratch,x0	  x0:0x00000000  x5=0x00000010
      448802000	     22338	80009b4e	8705	c.srai	x14,0x1	 x14:0xffffffff x14=0xffffffff
      448962000	     22346	80009b50	4f71	c.li	x30,28	 x30=0x0000001c
      449702000	     22383	80009b52	02287f33	remu	x30,x16,x2	 x16:0x00000000  x2:0x80021e1c x30=0x00000000
      449722000	     22384	80009b56	5b760513	addi	x10,x12,1463	 x12:0xfffffc35 x10=0x000001ec
      449742000	     22385	80009b5a	02ccdd63	bge	x25,x12,80009b94	 x25:0xff80025c x12:0xfffffc35
      449762000	     22386	80009b5e	340b6ef3	csrrsi	x29,mscratch,22	 x29=0x00000010
      449782000	     22387	80009b62	0001	c.addi	x0,0	  x0:0x00000000  x0=0x00000000
      449802000	     22388	80009b64	2dd813b7	lui	x7,0x2dd81	  x7=0x2dd81000
      449822000	     22389	80009b68	3407e373	csrrsi	x6,mscratch,15	  x6=0x00000016
      449842000	     22390	80009b6c	00c1d213	srli	x4,x3,0xc	  x3:0x80000000  x4=0x00080000
      449922000	     22394	80009b70	64f9	c.lui	x9,0x1e	  x9=0x0001e000
      450082000	     22402	80009b72	340616f3	csrrw	x13,mscratch,x12	 x12:0xfffffc35 x13=0x0000001f
      450102000	     22403	80009b76	6305	c.lui	x6,0x1	  x6=0x00001000
      450142000	     22405	80009b78	0001	c.addi	x0,0	  x0:0x00000000  x0=0x00000000
      450482000	     22422	80009b7a	143b6e13	ori	x28,x22,323	 x22:0x00000000 x28=0x00000143
      450502000	     22423	80009b7e	27ed7b93	andi	x23,x26,638	 x26:0x00000000 x23=0x00000000
      450922000	     22444	80009b82	0029d993	srli	x19,x19,0x2	 x19:0xfbb00000 x19=0x3eec0000
      451002000	     22448	80009b86	0ff0000f	fence	iorw,iorw	
      451022000	     22449	80009b8a	01747bb3	and	x23,x8,x23	  x8:0xffffffff x23:0x00000000 x23=0x00000000
      451042000	     22450	80009b8e	022b6363	bltu	x22,x2,80009bb4	 x22:0x00000000  x2:0x80021e1c
      451562000	     22476	80009bb4	4d90b313	sltiu	x6,x1,1241	  x1:0x00000000  x6=0x00000001
      451762000	     22486	80009bb8	e515	c.bnez	x10,80009be4	 x10:0x000001ec
      452462000	     22521	80009be4	34002373	csrrs	x6,mscratch,x0	  x0:0x00000000  x6=0xfffffc35
      452902000	     22543	80009be8	02f3de63	bge	x7,x15,80009c24	  x7:0x2dd81000 x15:0x80025ce4
      453862000	     22591	80009c24	0001	c.addi	x0,0	  x0:0x00000000  x0=0x00000000
      453882000	     22592	80009c26	8d61	c.and	x10,x8	 x10:0x000001ec  x8:0xffffffff x10=0x000001ec
      454282000	     22612	80009c28	177d	c.addi	x14,-1	 x14:0xffffffff x14=0xfffffffe
      454342000	     22615	80009c2a	022e9233	mulh	x4,x29,x2	 x29:0x00000010  x2:0x80021e1c  x4=0xfffffff8
      454362000	     22616	80009c2e	340c9773	csrrw	x14,mscratch,x25	 x25:0xff80025c x14=0xfffffc35
      454382000	     22617	80009c32	8d01	c.sub	x10,x8	 x10:0x000001ec  x8:0xffffffff x10=0x000001ed
      454762000	     22636	80009c34	01bf8f33	add	x30,x31,x27	 x31:0x9656e000 x27:0x80025ce4 x30=0x16593ce4
      454782000	     22637	80009c38	00189c13	slli	x24,x17,0x1	 x17:0xffffffff x24=0xfffffffe
      454802000	     22638	80009c3c	011c8663	beq	x25,x17,80009c48	 x25:0xff80025c x17:0xffffffff
      455222000	     22659	80009c40	41170eb3	sub	x29,x14,x17	 x14:0xfffffc35 x17:0xffffffff x29=0xfffffc36
      455362000	     22666	80009c44	1a87b413	sltiu	x8,x15,424	 x15:0x80025ce4  x8=0x00000000
      455382000	     22667	80009c48	860c4613	xori	x12,x24,-1952	 x24:0xfffffffe x12=0x0000079e
      455742000	     22685	80009c4c	0000100f	fence.i	
      456442000	     22720	80009c50	0072e9b3	or	x19,x5,x7	  x5:0x00000010  x7:0x2dd81000 x19=0x2dd81010
      456462000	     22721	80009c54	7a24f713	andi	x14,x9,1954	  x9:0x0001e000 x14=0x00000000
      456482000	     22722	80009c58	00a2	c.slli	x1,0x8	  x1:0x00000000  x1=0x00000000
      456542000	     22725	80009c5a	0328fa63	bgeu	x17,x18,80009c8e	 x17:0xffffffff x18:0xffffffff
      457822000	     22789	80009c8e	01c46433	or	x8,x8,x28	  x8:0x00000000 x28:0x00000143  x8=0x00000143
      457842000	     22790	80009c92	01b39833	sll	x16,x7,x27	  x7:0x2dd81000 x27:0x80025ce4 x16=0xdd810000
      458622000	     22829	80009c96	03ccf6b3	remu	x13,x25,x28	 x25:0xff80025c x28:0x00000143 x13=0x00000067
      458642000	     22830	80009c9a	00bf8013	addi	x0,x31,11	 x31:0x9656e000  x0=0x00000000
      458662000	     22831	80009c9e	96be	c.add	x13,x15	 x13:0x00000067 x15:0x80025ce4 x13=0x80025d4b
      458682000	     22832	80009ca0	03816763	bltu	x2,x24,80009cce	  x2:0x80021e1c x24:0xfffffffe
      458982000	     22847	80009cce	34022bf3	csrrs	x23,mscratch,x4	  x4:0xfffffff8 x23=0xff80025c
      459162000	     22856	80009cd2	0399adb3	mulhsu	x27,x19,x25	 x19:0x2dd81010 x25:0xff80025c x27=0x2dc12474
      459182000	     22857	80009cd6	01357b63	bgeu	x10,x19,80009cec	 x10:0x000001ed x19:0x2dd81010
      459782000	     22887	80009cda	01981fb3	sll	x31,x16,x25	 x16:0xdd810000 x25:0xff80025c x31=0x00000000
      459862000	     22891	80009cde	00a7b833	sltu	x16,x15,x10	 x15:0x80025ce4 x10:0x000001ed x16=0x00000000
      459882000	     22892	80009ce2	0001	c.addi	x0,0	  x0:0x00000000  x0=0x00000000
      459902000	     22893	80009ce4	4d9c8093	addi	x1,x25,1241	 x25:0xff80025c  x1=0xff800735
      459922000	     22894	80009ce8	011990b3	sll	x1,x19,x17	 x19:0x2dd81010 x17:0xffffffff  x1=0x00000000
      459942000	     22895	80009cec	05ee4c63	blt	x28,x30,80009d44	 x28:0x00000143 x30:0x16593ce4
      460762000	     22936	80009d44	00a77f33	and	x30,x14,x10	 x14:0x00000000 x10:0x000001ed x30=0x00000000
      460782000	     22937	80009d48	8039	c.srli	x8,0xe	  x8:0x00000143  x8=0x00000000
      461142000	     22955	80009d4a	010a5d93	srli	x27,x20,0x10	 x20:0xffffff41 x27=0x0000ffff
      461562000	     22976	80009d4e	03c2f363	bgeu	x5,x28,80009d74	  x5:0x00000010 x28:0x00000143
      461582000	     22977	80009d52	34035973	csrrwi	x18,mscratch,6	 x18=0xfffffffc
      461602000	     22978	80009d56	41cddf33	sra	x30,x27,x28	 x27:0x0000ffff x28:0x00000143 x30=0x00001fff
      461702000	     22983	80009d5a	340393f3	csrrw	x7,mscratch,x7	  x7:0x2dd81000  x7=0x00000006
      461722000	     22984	80009d5e	00859a13	slli	x20,x11,0x8	 x11:0x00000000 x20=0x00000000
      461742000	     22985	80009d62	9a7d	c.andi	x12,-1	 x12:0x0000079e x12=0x0000079e
      461762000	     22986	80009d64	8eb9	c.xor	x13,x14	 x13:0x80025d4b x14:0x00000000 x13=0x80025d4b
      461862000	     22991	80009d66	34086cf3	csrrsi	x25,mscratch,16	 x25=0x2dd81000
      462082000	     23002	80009d6a	02e673b3	remu	x7,x12,x14	 x12:0x0000079e x14:0x00000000  x7=0x0000079e
      462102000	     23003	80009d6e	00791533	sll	x10,x18,x7	 x18:0xfffffffc  x7:0x0000079e x10=0x00000000
      462122000	     23004	80009d72	ec0d	c.bnez	x8,80009dac	  x8:0x00000000
      462142000	     23005	80009d74	04a71163	bne	x14,x10,80009db6	 x14:0x00000000 x10:0x00000000
      462162000	     23006	80009d78	8ed9	c.or	x13,x14	 x13:0x80025d4b x14:0x00000000 x13=0x80025d4b
      462182000	     23007	80009d7a	f4077e93	andi	x29,x14,-192	 x14:0x00000000 x29=0x00000000
      462202000	     23008	80009d7e	0001	c.addi	x0,0	  x0:0x00000000  x0=0x00000000
      462622000	     23029	80009d80	0217c733	div	x14,x15,x1	 x15:0x80025ce4  x1:0x00000000 x14=0xffffffff
      462742000	     23035	80009d84	bee215b7	lui	x11,0xbee21	 x11=0xbee21000
      463182000	     23057	80009d88	03013eb3	mulhu	x29,x2,x16	  x2:0x80021e1c x16:0x00000000 x29=0x00000000
      463562000	     23076	80009d8c	00d6b533	sltu	x10,x13,x13	 x13:0x80025d4b x13:0x80025d4b x10=0x00000000
      463982000	     23097	80009d90	0ec6	c.slli	x29,0x11	 x29:0x00000000 x29=0x00000000
      464242000	     23110	80009d92	0387b4b3	mulhu	x9,x15,x24	 x15:0x80025ce4 x24:0xfffffffe  x9=0x80025ce2
      464662000	     23131	80009d96	03e72e33	mulhsu	x28,x14,x30	 x14:0xffffffff x30:0x00001fff x28=0xffffffff
      464702000	     23133	80009d9a	340819f3	csrrw	x19,mscratch,x16	 x16:0x00000000 x19=0x2dd81010
      464722000	     23134	80009d9e	0165e433	or	x8,x11,x22	 x11:0xbee21000 x22:0x00000000  x8=0xbee21000
      464742000	     23135	80009da2	597d	c.li	x18,-1	 x18=0xffffffff
      464762000	     23136	80009da4	40498fb3	sub	x31,x19,x4	 x19:0x2dd81010  x4:0xfffffff8 x31=0x2dd81018
      465502000	     23173	80009da8	03c1ffb3	remu	x31,x3,x28	  x3:0x80000000 x28:0xffffffff x31=0x80000000
      465522000	     23174	80009dac	8d01	c.sub	x10,x8	 x10:0x00000000  x8:0xbee21000 x10=0x411df000
      465542000	     23175	80009dae	34002c73	csrrs	x24,mscratch,x0	  x0:0x00000000 x24=0x00000000
      465562000	     23176	80009db2	8da5	c.xor	x11,x9	 x11:0xbee21000  x9:0x80025ce2 x11=0x3ee04ce2
      465582000	     23177	80009db4	8d41	c.or	x10,x8	 x10:0x411df000  x8:0xbee21000 x10=0xfffff000
      466322000	     23214	80009db6	0285ffb3	remu	x31,x11,x8	 x11:0x3ee04ce2  x8:0xbee21000 x31=0x3ee04ce2
      466342000	     23215	80009dba	34002cf3	csrrs	x25,mscratch,x0	  x0:0x00000000 x25=0x00000000
      466362000	     23216	80009dbe	010bdf93	srli	x31,x23,0x10	 x23:0xff80025c x31=0x0000ff80
      466382000	     23217	80009dc2	8595	c.srai	x11,0x5	 x11:0x3ee04ce2 x11=0x01f70267
      467122000	     23254	80009dc4	02fbf533	remu	x10,x23,x15	 x23:0xff80025c x15:0x80025ce4 x10=0x7f7da578
      467142000	     23255	80009dc8	0058b6b3	sltu	x13,x17,x5	 x17:0xffffffff  x5:0x00000010 x13=0x00000000
      467162000	     23256	80009dcc	167d	c.addi	x12,-1	 x12:0x0000079e x12=0x0000079d
      467182000	     23257	80009dce	002dc3b3	xor	x7,x27,x2	 x27:0x0000ffff  x2:0x80021e1c  x7=0x8002e1e3
      467202000	     23258	80009dd2	010f6b33	or	x22,x30,x16	 x30:0x00001fff x16:0x00000000 x22=0x00001fff
      467222000	     23259	80009dd6	414954b3	sra	x9,x18,x20	 x18:0xffffffff x20:0x00000000  x9=0xffffffff
      467302000	     23263	80009dda	00e79433	sll	x8,x15,x14	 x15:0x80025ce4 x14:0xffffffff  x8=0x00000000
      467322000	     23264	80009dde	0000100f	fence.i	
      467802000	     23288	80009de2	0001	c.addi	x0,0	  x0:0x00000000  x0=0x00000000
      467822000	     23289	80009de4	e4167937	lui	x18,0xe4167	 x18=0xe4167000
      468002000	     23298	80009de8	9d243093	sltiu	x1,x8,-1582	  x8:0x00000000  x1=0x00000001
      468022000	     23299	80009dec	0001	c.addi	x0,0	  x0:0x00000000  x0=0x00000000
      468042000	     23300	80009dee	40895cb3	sra	x25,x18,x8	 x18:0xe4167000  x8:0x00000000 x25=0xe4167000
      468162000	     23306	80009df2	340072f3	csrrci	x5,mscratch,0	  x5=0x00000000
      468502000	     23323	80009df6	40145833	sra	x16,x8,x1	  x8:0x00000000  x1:0x00000001 x16=0x00000000
      469642000	     23380	80009dfa	03c0db33	divu	x22,x1,x28	  x1:0x00000001 x28:0xffffffff x22=0x00000000
      469662000	     23381	80009dfe	840a	c.mv	x8,x2	  x0:0x00000000  x2:0x80021e1c  x8=0x80021e1c
      469682000	     23382	80009e00	00526bb3	or	x23,x4,x5	  x4:0xfffffff8  x5:0x00000000 x23=0xfffffff8
      469702000	     23383	80009e04	012dcc63	blt	x27,x18,80009e1c	 x27:0x0000ffff x18:0xe4167000
      469722000	     23384	80009e08	0ff0000f	fence	iorw,iorw	
      469742000	     23385	80009e0c	340dfef3	csrrci	x29,mscratch,27	 x29=0x00000000
      469762000	     23386	80009e10	0ed6	c.slli	x29,0x15	 x29:0x00000000 x29=0x00000000
      469862000	     23391	80009e12	0046cd33	xor	x26,x13,x4	 x13:0x00000000  x4:0xfffffff8 x26=0xfffffff8
      470022000	     23399	80009e16	0387e313	ori	x6,x15,56	 x15:0x80025ce4  x6=0x80025cfc
      470042000	     23400	80009e1a	8c71	c.and	x8,x12	  x8:0x80021e1c x12:0x0000079d  x8=0x0000061c
      470442000	     23420	80009e1c	01cc5db3	srl	x27,x24,x28	 x24:0x00000000 x28:0xffffffff x27=0x00000000
      470622000	     23429	80009e20	018d9533	sll	x10,x27,x24	 x27:0x00000000 x24:0x00000000 x10=0x00000000
      470642000	     23430	80009e24	843d	c.srai	x8,0xf	  x8:0x0000061c  x8=0x00000000
      470662000	     23431	80009e26	8231	c.srli	x12,0xc	 x12:0x0000079d x12=0x00000000
      470682000	     23432	80009e28	00e29513	slli	x10,x5,0xe	  x5:0x00000000 x10=0x00000000
      470702000	     23433	80009e2c	006dc763	blt	x27,x6,80009e3a	 x27:0x00000000  x6:0x80025cfc
      470842000	     23440	80009e30	0001	c.addi	x0,0	  x0:0x00000000  x0=0x00000000
      470862000	     23441	80009e32	340e3ff3	csrrc	x31,mscratch,x28	 x28:0xffffffff x31=0x00000000
      470882000	     23442	80009e36	8f19	c.sub	x14,x14	 x14:0xffffffff x14:0xffffffff x14=0x00000000
      470902000	     23443	80009e38	6191	c.lui	x3,0x4	  x3=0x00004000
      470922000	     23444	80009e3a	870d	c.srai	x14,0x3	 x14:0x00000000 x14=0x00000000
      470942000	     23445	80009e3c	ca81	c.beqz	x13,80009e4c	 x13:0x00000000
      471502000	     23473	80009e4c	34007a73	csrrci	x20,mscratch,0	 x20=0x00000000
      471522000	     23474	80009e50	013c9993	slli	x19,x25,0x13	 x25:0xe4167000 x19=0x80000000
      471602000	     23478	80009e54	008994b3	sll	x9,x19,x8	 x19:0x80000000  x8:0x00000000  x9=0x80000000
      471682000	     23482	80009e58	8725	c.srai	x14,0x9	 x14:0x00000000 x14=0x00000000
      472102000	     23503	80009e5a	0000100f	fence.i	
      473382000	     23567	80009e5e	00a40233	add	x4,x8,x10	  x8:0x00000000 x10:0x00000000  x4=0x00000000
      473402000	     23568	80009e62	8f2d	c.xor	x14,x11	 x14:0x00000000 x11:0x01f70267 x14=0x01f70267
      473422000	     23569	80009e64	3406d873	csrrwi	x16,mscratch,13	 x16=0x00000000
      473442000	     23570	80009e68	340664f3	csrrsi	x9,mscratch,12	  x9=0x0000000d
      474182000	     23607	80009e6c	0351e6b3	rem	x13,x3,x21	  x3:0x00004000 x21:0x00000009 x13=0x00000004
      474202000	     23608	80009e70	40d481b3	sub	x3,x9,x13	  x9:0x0000000d x13:0x00000004  x3=0x00000009
      474222000	     23609	80009e74	010890b3	sll	x1,x17,x16	 x17:0xffffffff x16:0x00000000  x1=0xffffffff
      474242000	     23610	80009e78	b3c28893	addi	x17,x5,-1220	  x5:0x00000000 x17=0xfffffb3c
      474262000	     23611	80009e7c	3405b973	csrrc	x18,mscratch,x11	 x11:0x01f70267 x18=0x0000000d
      474302000	     23613	80009e80	030895b3	mulh	x11,x17,x16	 x17:0xfffffb3c x16:0x00000000 x11=0x00000000
      474322000	     23614	80009e84	8049	c.srli	x8,0x12	  x8:0x00000000  x8=0x00000000
      474362000	     23616	80009e86	0313a933	mulhsu	x18,x7,x17	  x7:0x8002e1e3 x17:0xfffffb3c x18=0x8002e444
      474382000	     23617	80009e8a	9f46	c.add	x30,x17	 x30:0x00001fff x17:0xfffffb3c x30=0x00001b3b
      474522000	     23624	80009e8c	03f60333	mul	x6,x12,x31	 x12:0x00000000 x31:0x00000000  x6=0x00000000
      474542000	     23625	80009e90	0153fc33	and	x24,x7,x21	  x7:0x8002e1e3 x21:0x00000009 x24=0x00000001
      474562000	     23626	80009e94	01ab1233	sll	x4,x22,x26	 x22:0x00000000 x26:0xfffffff8  x4=0x00000000
      474582000	     23627	80009e98	85f37037	lui	x0,0x85f37	  x0=0x00000000
      474602000	     23628	80009e9c	0223d663	bge	x7,x2,80009ec8	  x7:0x8002e1e3  x2:0x80021e1c
      474682000	     23632	80009ec8	690d	c.lui	x18,0x3	 x18=0x00003000
      474702000	     23633	80009eca	8351	c.srli	x14,0x14	 x14:0x01f70267 x14=0x0000001f
      474722000	     23634	80009ecc	40865d93	srai	x27,x12,0x8	 x12:0x00000000 x27=0x00000000
      474742000	     23635	80009ed0	8e6d	c.and	x12,x11	 x12:0x00000000 x11:0x00000000 x12=0x00000000
      474762000	     23636	80009ed2	872d	c.srai	x14,0xb	 x14:0x0000001f x14=0x00000000
      474782000	     23637	80009ed4	01b28f63	beq	x5,x27,80009ef2	  x5:0x00000000 x27:0x00000000
      475062000	     23651	80009ef2	02cf5d33	divu	x26,x30,x12	 x30:0x00001b3b x12:0x00000000 x26=0xffffffff
      475162000	     23656	80009ef6	017b1193	slli	x3,x22,0x17	 x22:0x00000000  x3=0x00000000
      475202000	     23658	80009efa	034a7433	remu	x8,x20,x20	 x20:0x00000000 x20:0x00000000  x8=0x00000000
      475222000	     23659	80009efe	8505	c.srai	x10,0x1	 x10:0x00000000 x10=0x00000000
      475242000	     23660	80009f00	048e1463	bne	x28,x8,80009f48	 x28:0xffffffff  x8:0x00000000
      475842000	     23690	80009f48	0cb53993	sltiu	x19,x10,203	 x10:0x00000000 x19=0x00000001
      475862000	     23691	80009f4c	34085473	csrrwi	x8,mscratch,16	  x8=0x00000008
      476942000	     23745	80009f50	031c65b3	rem	x11,x24,x17	 x24:0x00000001 x17:0xfffffb3c x11=0x00000001
      476962000	     23746	80009f54	1dfd	c.addi	x27,-1	 x27:0x00000000 x27=0xffffffff
      476982000	     23747	80009f56	01cd3b93	sltiu	x23,x26,28	 x26:0xffffffff x23=0x00000000
      477002000	     23748	80009f5a	9c1a	c.add	x24,x6	 x24:0x00000001  x6:0x00000000 x24=0x00000001
      477022000	     23749	80009f5c	02ecfe63	bgeu	x25,x14,80009f98	 x25:0xe4167000 x14:0x00000000
      477922000	     23794	80009f98	012858b3	srl	x17,x16,x18	 x16:0x00000000 x18:0x00003000 x17=0x00000000
      477942000	     23795	80009f9c	044f9463	bne	x31,x4,80009fe4	 x31:0x00000000  x4:0x00000000
      477962000	     23796	80009fa0	03050eb3	mul	x29,x10,x16	 x10:0x00000000 x16:0x00000000 x29=0x00000000
      478382000	     23817	80009fa4	340028f3	csrrs	x17,mscratch,x0	  x0:0x00000000 x17=0x00000010
      478802000	     23838	80009fa8	01324bb3	xor	x23,x4,x19	  x4:0x00000000 x19:0x00000001 x23=0x00000001
      478842000	     23840	80009fac	03c390b3	mulh	x1,x7,x28	  x7:0x8002e1e3 x28:0xffffffff  x1=0x00000000
      478862000	     23841	80009fb0	0000100f	fence.i	
      479942000	     23895	80009fb4	00641963	bne	x8,x6,80009fc6	  x8:0x00000008  x6:0x00000000
      480982000	     23947	80009fc6	aabb7717	auipc	x14,0xaabb7	 x14=0x2abc0fc6
      481022000	     23949	80009fca	0205d433	divu	x8,x11,x0	 x11:0x00000001  x0:0x00000000  x8=0xffffffff
      481042000	     23950	80009fce	073e	c.slli	x14,0xf	 x14:0x2abc0fc6 x14=0x07e30000
      481422000	     23969	80009fd0	62d1	c.lui	x5,0x14	  x5=0x00014000
      481562000	     23976	80009fd2	0ff0000f	fence	iorw,iorw	
      481582000	     23977	80009fd6	01897933	and	x18,x18,x24	 x18:0x00003000 x24:0x00000001 x18=0x00000000
      481862000	     23991	80009fda	01c97563	bgeu	x18,x28,80009fe4	 x18:0x00000000 x28:0xffffffff
      481882000	     23992	80009fde	03854d63	blt	x10,x24,8000a018	 x10:0x00000000 x24:0x00000001
      482862000	     24041	8000a018	1bfd	c.addi	x23,-1	 x23:0x00000001 x23=0x00000000
      482882000	     24042	8000a01a	86fe	c.mv	x13,x31	  x0:0x00000000 x31:0x00000000 x13=0x00000000
      482902000	     24043	8000a01c	02574563	blt	x14,x5,8000a046	 x14:0x07e30000  x5:0x00014000
      482922000	     24044	8000a020	02857163	bgeu	x10,x8,8000a042	 x10:0x00000000  x8:0xffffffff
      483322000	     24064	8000a024	1cfd	c.addi	x25,-1	 x25:0xe4167000 x25=0xe4166fff
      483522000	     24074	8000a026	023fe463	bltu	x31,x3,8000a04e	 x31:0x00000000  x3:0x00000000
      483542000	     24075	8000a02a	bef7f993	andi	x19,x15,-1041	 x15:0x80025ce4 x19=0x800258e4
      483562000	     24076	8000a02e	0000100f	fence.i	
      484042000	     24100	8000a032	4b25	c.li	x22,9	 x22=0x00000009
      484062000	     24101	8000a034	016a5f13	srli	x30,x20,0x16	 x20:0x00000000 x30=0x00000000
      484082000	     24102	8000a038	12fd	c.addi	x5,-1	  x5:0x00014000  x5=0x00013fff
      484282000	     24112	8000a03a	34006f73	csrrsi	x30,mscratch,0	 x30=0x00000010
      484462000	     24121	8000a03e	00acfa63	bgeu	x25,x10,8000a052	 x25:0xe4166fff x10:0x00000000
      484662000	     24131	8000a052	c221	c.beqz	x12,8000a092	 x12:0x00000000
      485022000	     24149	8000a092	8e11	c.sub	x12,x12	 x12:0x00000000 x12:0x00000000 x12=0x00000000
      485962000	     24196	8000a094	02bfc6b3	div	x13,x31,x11	 x31:0x00000000 x11:0x00000001 x13=0x00000000
      485982000	     24197	8000a098	00361c13	slli	x24,x12,0x3	 x12:0x00000000 x24=0x00000000
      486002000	     24198	8000a09c	010fc333	xor	x6,x31,x16	 x31:0x00000000 x16:0x00000000  x6=0x00000000
      486022000	     24199	8000a0a0	00e88c33	add	x24,x17,x14	 x17:0x00000010 x14:0x07e30000 x24=0x07e30010
      486042000	     24200	8000a0a4	8621	c.srai	x12,0x8	 x12:0x00000000 x12=0x00000000
      486342000	     24215	8000a0a6	01de02b3	add	x5,x28,x29	 x28:0xffffffff x29:0x00000000  x5=0xffffffff
      486362000	     24216	8000a0aa	01995633	srl	x12,x18,x25	 x18:0x00000000 x25:0xe4166fff x12=0x00000000
      486382000	     24217	8000a0ae	8b1d	c.andi	x14,7	 x14:0x07e30000 x14=0x00000000
      486402000	     24218	8000a0b0	1c1d8013	addi	x0,x27,449	 x27:0xffffffff  x0=0x00000000
      486542000	     24225	8000a0b4	030a3bb3	mulhu	x23,x20,x16	 x20:0x00000000 x16:0x00000000 x23=0x00000000
      486562000	     24226	8000a0b8	0ff0000f	fence	iorw,iorw	
      486662000	     24231	8000a0bc	021a	c.slli	x4,0x6	  x4:0x00000000  x4=0x00000000
      487042000	     24250	8000a0be	d30a8b93	addi	x23,x21,-720	 x21:0x00000009 x23=0xfffffd39
      487062000	     24251	8000a0c2	011730b3	sltu	x1,x14,x17	 x14:0x00000000 x17:0x00000010  x1=0x00000001
      487082000	     24252	8000a0c6	0000100f	fence.i	
      487802000	     24288	8000a0ca	00f91b13	slli	x22,x18,0xf	 x18:0x00000000 x22=0x00000000
      487982000	     24297	8000a0ce	02256863	bltu	x10,x2,8000a0fe	 x10:0x00000000  x2:0x80021e1c
      488262000	     24311	8000a0fe	e315	c.bnez	x14,8000a122	 x14:0x00000000
      488282000	     24312	8000a100	cf05	c.beqz	x14,8000a138	 x14:0x00000000
      488322000	     24314	8000a138	02345a63	bge	x8,x3,8000a16c	  x8:0xffffffff  x3:0x00000000
      488702000	     24333	8000a13c	962026b7	lui	x13,0x96202	 x13=0x96202000
      489442000	     24370	8000a140	038a5833	divu	x16,x20,x24	 x20:0x00000000 x24:0x07e30010 x16=0x00000000
      489462000	     24371	8000a144	0f278413	addi	x8,x15,242	 x15:0x80025ce4  x8=0x80025dd6
      490202000	     24408	8000a148	031c5433	divu	x8,x24,x17	 x24:0x07e30010 x17:0x00000010  x8=0x007e3001
      490222000	     24409	8000a14c	003e1513	slli	x10,x28,0x3	 x28:0xffffffff x10=0xfffffff8
      490242000	     24410	8000a150	03747963	bgeu	x8,x23,8000a182	  x8:0x007e3001 x23:0xfffffd39
      490262000	     24411	8000a154	00ca0fb3	add	x31,x20,x12	 x20:0x00000000 x12:0x00000000 x31=0x00000000
      490282000	     24412	8000a158	34039373	csrrw	x6,mscratch,x7	  x7:0x8002e1e3  x6=0x00000010
      490302000	     24413	8000a15c	157d	c.addi	x10,-1	 x10:0xfffffff8 x10=0xfffffff7
      490342000	     24415	8000a15e	20f88397	auipc	x7,0x20f88	  x7=0xa0f9215e
      490362000	     24416	8000a162	009c3fb3	sltu	x31,x24,x9	 x24:0x07e30010  x9:0x0000000d x31=0x00000000
      490382000	     24417	8000a166	05ea	c.slli	x11,0x1a	 x11:0x00000001 x11=0x04000000
      490402000	     24418	8000a168	340b5a73	csrrwi	x20,mscratch,22	 x20=0x8002e1e3
      490422000	     24419	8000a16c	3f13ed17	auipc	x26,0x3f13e	 x26=0xbf14816c
      490442000	     24420	8000a170	340022f3	csrrs	x5,mscratch,x0	  x0:0x00000000  x5=0x00000016
      490582000	     24427	8000a174	022a1233	mulh	x4,x20,x2	 x20:0x8002e1e3  x2:0x80021e1c  x4=0x3ffd8006
      490762000	     24436	8000a178	8ed1	c.or	x13,x12	 x13:0x96202000 x12:0x00000000 x13=0x96202000
      491002000	     24448	8000a17a	0cc4e213	ori	x4,x9,204	  x9:0x0000000d  x4=0x000000cd
      491022000	     24449	8000a17e	608d	c.lui	x1,0x3	  x1=0x00003000
      491082000	     24452	8000a180	0001	c.addi	x0,0	  x0:0x00000000  x0=0x00000000
      491102000	     24453	8000a182	0a65	c.addi	x20,25	 x20:0x8002e1e3 x20=0x8002e1fc
      491122000	     24454	8000a184	01ff9733	sll	x14,x31,x31	 x31:0x00000000 x31:0x00000000 x14=0x00000000
      491302000	     24463	8000a188	00e7df13	srli	x30,x15,0xe	 x15:0x80025ce4 x30=0x00020009
      491322000	     24464	8000a18c	009401b3	add	x3,x8,x9	  x8:0x007e3001  x9:0x0000000d  x3=0x007e300e
      491462000	     24471	8000a190	00da88b3	add	x17,x21,x13	 x21:0x00000009 x13:0x96202000 x17=0x96202009
      491662000	     24481	8000a194	01141813	slli	x16,x8,0x11	  x8:0x007e3001 x16=0x60020000
      491982000	     24497	8000a198	35a68a13	addi	x20,x13,858	 x13:0x96202000 x20=0x9620235a
      492002000	     24498	8000a19c	8cdd	c.or	x9,x15	  x9:0x0000000d x15:0x80025ce4  x9=0x80025ced
      492142000	     24505	8000a19e	0206c8b3	div	x17,x13,x0	 x13:0x96202000  x0:0x00000000 x17=0xffffffff
      492162000	     24506	8000a1a2	8d4d	c.or	x10,x11	 x10:0xfffffff7 x11:0x04000000 x10=0xfffffff7
      492542000	     24525	8000a1a4	61e5f9b7	lui	x19,0x61e5f	 x19=0x61e5f000
      492742000	     24535	8000a1a8	0012f933	and	x18,x5,x1	  x5:0x00000016  x1:0x00003000 x18=0x00000000
      492762000	     24536	8000a1ac	96d2	c.add	x13,x20	 x13:0x96202000 x20:0x9620235a x13=0x2c40435a
      492782000	     24537	8000a1ae	0001	c.addi	x0,0	  x0:0x00000000  x0=0x00000000
      492942000	     24545	8000a1b0	0000100f	fence.i	
      493742000	     24585	8000a1b4	02d8cb63	blt	x17,x13,8000a1ea	 x17:0xffffffff x13:0x2c40435a
      494162000	     24606	8000a1ea	8b6e	c.mv	x22,x27	  x0:0x00000000 x27:0xffffffff x22=0xffffffff
      494182000	     24607	8000a1ec	0090d5b3	srl	x11,x1,x9	  x1:0x00003000  x9:0x80025ced x11=0x00000001
      494202000	     24608	8000a1f0	038b8c63	beq	x23,x24,8000a228	 x23:0xfffffd39 x24:0x07e30010
      494222000	     24609	8000a1f4	8271	c.srli	x12,0x1c	 x12:0x00000000 x12=0x00000000
      494382000	     24617	8000a1f6	340572f3	csrrci	x5,mscratch,10	  x5=0x00000016
      494402000	     24618	8000a1fa	892a	c.mv	x18,x10	  x0:0x00000000 x10:0xfffffff7 x18=0xfffffff7
      494422000	     24619	8000a1fc	4106d9b3	sra	x19,x13,x16	 x13:0x2c40435a x16:0x60020000 x19=0x2c40435a
      494442000	     24620	8000a200	8429	c.srai	x8,0xa	  x8:0x007e3001  x8=0x00001f8c
      494462000	     24621	8000a202	887a	c.mv	x16,x30	  x0:0x00000000 x30:0x00020009 x16=0x00020009
      495202000	     24658	8000a204	0371f5b3	remu	x11,x3,x23	  x3:0x007e300e x23:0xfffffd39 x11=0x007e300e
      495222000	     24659	8000a208	03cecf63	blt	x29,x28,8000a246	 x29:0x00000000 x28:0xffffffff
      495242000	     24660	8000a20c	0ff0000f	fence	iorw,iorw	
      495322000	     24664	8000a210	8e1d	c.sub	x12,x15	 x12:0x00000000 x15:0x80025ce4 x12=0x7ffda31c
      495542000	     24675	8000a212	01521033	sll	x0,x4,x21	  x4:0x000000cd x21:0x00000009  x0=0x00000000
      495562000	     24676	8000a216	023a7f63	bgeu	x20,x3,8000a254	 x20:0x9620235a  x3:0x007e300e
      495762000	     24686	8000a254	0000100f	fence.i	
      496122000	     24704	8000a258	02d5a2b3	mulhsu	x5,x11,x13	 x11:0x007e300e x13:0x2c40435a  x5=0x0015cfef
      503022000	     25049	8000a25c	340652f3	csrrwi	x5,mscratch,12	  x5=0x00000014
      503042000	     25050	8000a260	0a5e	c.slli	x20,0x17	 x20:0x9620235a x20=0xad000000
      503782000	     25087	8000a262	03196d33	rem	x26,x18,x17	 x18:0xfffffff7 x17:0xffffffff x26=0x00000000
      503802000	     25088	8000a266	4a3c3b93	sltiu	x23,x24,1187	 x24:0x07e30010 x23=0x00000000
      503822000	     25089	8000a26a	8e79	c.and	x12,x14	 x12:0x7ffda31c x14:0x00000000 x12=0x00000000
      503842000	     25090	8000a26c	01bd4bb3	xor	x23,x26,x27	 x26:0x00000000 x27:0xffffffff x23=0xffffffff
      503862000	     25091	8000a270	0001	c.addi	x0,0	  x0:0x00000000  x0=0x00000000
      503882000	     25092	8000a272	8ccd	c.or	x9,x11	  x9:0x80025ced x11:0x007e300e  x9=0x807e7cef
      503902000	     25093	8000a274	00e406b3	add	x13,x8,x14	  x8:0x00001f8c x14:0x00000000 x13=0x00001f8c
      503922000	     25094	8000a278	00ba5333	srl	x6,x20,x11	 x20:0xad000000 x11:0x007e300e  x6=0x0002b400
      504102000	     25103	8000a27c	025ab4b3	mulhu	x9,x21,x5	 x21:0x00000009  x5:0x00000014  x9=0x00000000
      504422000	     25119	8000a280	00689d93	slli	x27,x17,0x6	 x17:0xffffffff x27=0xffffffc0
      504442000	     25120	8000a284	2f52b613	sltiu	x12,x5,757	  x5:0x00000014 x12=0x00000001
      504482000	     25122	8000a288	02269963	bne	x13,x2,8000a2ba	 x13:0x00001f8c  x2:0x80021e1c
      504902000	     25143	8000a2ba	41a9	c.li	x3,10	  x3=0x0000000a
      504982000	     25147	8000a2bc	3407d773	csrrwi	x14,mscratch,15	 x14=0x0000000c
      505002000	     25148	8000a2c0	81b2	c.mv	x3,x12	  x0:0x00000000 x12:0x00000001  x3=0x00000001
      505082000	     25152	8000a2c2	0000100f	fence.i	
      506022000	     25199	8000a2c6	01415d33	srl	x26,x2,x20	  x2:0x80021e1c x20:0xad000000 x26=0x80021e1c
      506042000	     25200	8000a2ca	0f9f0b93	addi	x23,x30,249	 x30:0x00020009 x23=0x00020102
      506882000	     25242	8000a2ce	021f5fb3	divu	x31,x30,x1	 x30:0x00020009  x1:0x00003000 x31=0x0000000a
      506902000	     25243	8000a2d2	df64c217	auipc	x4,0xdf64c	  x4=0x5f6562d2
      507642000	     25280	8000a2d6	02eeebb3	rem	x23,x29,x14	 x29:0x00000000 x14:0x0000000c x23=0x00000000
      507662000	     25281	8000a2da	019b9c63	bne	x23,x25,8000a2f2	 x23:0x00000000 x25:0xe4166fff
      509042000	     25350	8000a2f2	025b1933	mulh	x18,x22,x5	 x22:0xffffffff  x5:0x00000014 x18=0xffffffff
      509142000	     25355	8000a2f6	419b00b3	sub	x1,x22,x25	 x22:0xffffffff x25:0xe4166fff  x1=0x1be99000
      509162000	     25356	8000a2fa	0001	c.addi	x0,0	  x0:0x00000000  x0=0x00000000
      509242000	     25360	8000a2fc	00577863	bgeu	x14,x5,8000a30c	 x14:0x0000000c  x5:0x00000014
      509662000	     25381	8000a300	0001	c.addi	x0,0	  x0:0x00000000  x0=0x00000000
      509682000	     25382	8000a302	8dbd	c.xor	x11,x15	 x11:0x007e300e x15:0x80025ce4 x11=0x807c6cea
      509782000	     25387	8000a304	03428d33	mul	x26,x5,x20	  x5:0x00000014 x20:0xad000000 x26=0x84000000
      509802000	     25388	8000a308	00c6a3b3	slt	x7,x13,x12	 x13:0x00001f8c x12:0x00000001  x7=0x00000000
      510002000	     25398	8000a30c	00c7b433	sltu	x8,x15,x12	 x15:0x80025ce4 x12:0x00000001  x8=0x00000000
      510022000	     25399	8000a310	04b3d363	bge	x7,x11,8000a356	  x7:0x00000000 x11:0x807c6cea
      510522000	     25424	8000a356	34007c73	csrrci	x24,mscratch,0	 x24=0x0000000f
      510542000	     25425	8000a35a	c239	c.beqz	x12,8000a3a0	 x12:0x00000001
      510562000	     25426	8000a35c	0f3a	c.slli	x30,0xe	 x30:0x00020009 x30=0x80024000
      510582000	     25427	8000a35e	007fc933	xor	x18,x31,x7	 x31:0x0000000a  x7:0x00000000 x18=0x0000000a
      511322000	     25464	8000a362	0263c433	div	x8,x7,x6	  x7:0x00000000  x6:0x0002b400  x8=0x00000000
      512062000	     25501	8000a366	03e05f33	divu	x30,x0,x30	  x0:0x00000000 x30:0x80024000 x30=0x00000000
      512082000	     25502	8000a36a	84b2	c.mv	x9,x12	  x0:0x00000000 x12:0x00000001  x9=0x00000001
      512102000	     25503	8000a36c	00be1a33	sll	x20,x28,x11	 x28:0xffffffff x11:0x807c6cea x20=0xfffffc00
      512122000	     25504	8000a370	00421893	slli	x17,x4,0x4	  x4:0x5f6562d2 x17=0xf6562d20
      512142000	     25505	8000a374	00a13d33	sltu	x26,x2,x10	  x2:0x80021e1c x10:0xfffffff7 x26=0x00000001
      512182000	     25507	8000a378	03d7a533	mulhsu	x10,x15,x29	 x15:0x80025ce4 x29:0x00000000 x10=0x00000000
      512202000	     25508	8000a37c	92866093	ori	x1,x12,-1752	 x12:0x00000001  x1=0xfffff929
      512382000	     25517	8000a380	0ff0000f	fence	iorw,iorw	
      512742000	     25535	8000a384	9a7d	c.andi	x12,-1	 x12:0x00000001 x12=0x00000001
      513162000	     25556	8000a386	026a3db3	mulhu	x27,x20,x6	 x20:0xfffffc00  x6:0x0002b400 x27=0x0002b3ff
      513182000	     25557	8000a38a	00d2efb3	or	x31,x5,x13	  x5:0x00000014 x13:0x00001f8c x31=0x00001f9c
      513362000	     25566	8000a38e	01c97bb3	and	x23,x18,x28	 x18:0x0000000a x28:0xffffffff x23=0x0000000a
      513382000	     25567	8000a392	8e45	c.or	x12,x9	 x12:0x00000001  x9:0x00000001 x12=0x00000001
      513722000	     25584	8000a394	34037773	csrrci	x14,mscratch,6	 x14=0x0000000f
      513742000	     25585	8000a398	40cb5e13	srai	x28,x22,0xc	 x22:0xffffffff x28=0xffffffff
      514142000	     25605	8000a39c	0165f013	andi	x0,x11,22	 x11:0x807c6cea  x0=0x00000000
      514302000	     25613	8000a3a0	01bcbdb3	sltu	x27,x25,x27	 x25:0xe4166fff x27:0x0002b3ff x27=0x00000000
      514322000	     25614	8000a3a4	d7026bb7	lui	x23,0xd7026	 x23=0xd7026000
      514342000	     25615	8000a3a8	f8eb8693	addi	x13,x23,-114	 x23:0xd7026000 x13=0xd7025f8e
      514402000	     25618	8000a3ac	0ff0000f	fence	iorw,iorw	
      514422000	     25619	8000a3b0	431a3713	sltiu	x14,x20,1073	 x20:0xfffffc00 x14=0x00000000
      514462000	     25621	8000a3b4	02122cb3	mulhsu	x25,x4,x1	  x4:0x5f6562d2  x1:0xfffff929 x25=0x5f656045
      514662000	     25631	8000a3b8	41985f33	sra	x30,x16,x25	 x16:0x00020009 x25:0x5f656045 x30=0x00001000
      514882000	     25642	8000a3bc	8eb5	c.xor	x13,x13	 x13:0xd7025f8e x13:0xd7025f8e x13=0x00000000
      515062000	     25651	8000a3be	6f15e193	ori	x3,x11,1777	 x11:0x807c6cea  x3=0x807c6efb
      515082000	     25652	8000a3c2	0001	c.addi	x0,0	  x0:0x00000000  x0=0x00000000
      515242000	     25660	8000a3c4	414ad733	sra	x14,x21,x20	 x21:0x00000009 x20:0xfffffc00 x14=0x00000009
      515342000	     25665	8000a3c8	8d25	c.xor	x10,x9	 x10:0x00000000  x9:0x00000001 x10=0x00000001
      515542000	     25675	8000a3ca	40035b13	srai	x22,x6,0x0	  x6:0x0002b400 x22=0x0002b400
      515982000	     25697	8000a3ce	03b4b1b3	mulhu	x3,x9,x27	  x9:0x00000001 x27:0x00000000  x3=0x00000000
      516382000	     25717	8000a3d2	34002bf3	csrrs	x23,mscratch,x0	  x0:0x00000000 x23=0x00000009
      516402000	     25718	8000a3d6	035dd863	bge	x27,x21,8000a406	 x27:0x00000000 x21:0x00000009
      516422000	     25719	8000a3da	007b1e13	slli	x28,x22,0x7	 x22:0x0002b400 x28=0x015a0000
      516442000	     25720	8000a3de	9dd6	c.add	x27,x21	 x27:0x00000000 x21:0x00000009 x27=0x00000009
      516762000	     25736	8000a3e0	00418e63	beq	x3,x4,8000a3fc	  x3:0x00000000  x4:0x5f6562d2
      516842000	     25740	8000a3e4	8739	c.srai	x14,0xe	 x14:0x00000009 x14=0x00000000
      516862000	     25741	8000a3e6	06ed	c.addi	x13,27	 x13:0x00000000 x13=0x0000001b
      517142000	     25755	8000a3e8	34002873	csrrs	x16,mscratch,x0	  x0:0x00000000 x16=0x00000009
      517162000	     25756	8000a3ec	014d7f33	and	x30,x26,x20	 x26:0x00000001 x20:0xfffffc00 x30=0x00000000
      517182000	     25757	8000a3f0	0001	c.addi	x0,0	  x0:0x00000000  x0=0x00000000
      517202000	     25758	8000a3f2	004f2733	slt	x14,x30,x4	 x30:0x00000000  x4:0x5f6562d2 x14=0x00000001
      517222000	     25759	8000a3f6	8836	c.mv	x16,x13	  x0:0x00000000 x13:0x0000001b x16=0x0000001b
      517242000	     25760	8000a3f8	00855963	bge	x10,x8,8000a40a	 x10:0x00000001  x8:0x00000000
      517722000	     25784	8000a40a	00a91e13	slli	x28,x18,0xa	 x18:0x0000000a x28=0x00002800
      517742000	     25785	8000a40e	00cd3833	sltu	x16,x26,x12	 x26:0x00000001 x12:0x00000001 x16=0x00000000
      517762000	     25786	8000a412	12fd	c.addi	x5,-1	  x5:0x00000014  x5=0x00000013
      517782000	     25787	8000a414	051b1563	bne	x22,x17,8000a45e	 x22:0x0002b400 x17:0xf6562d20
      518722000	     25834	8000a45e	5d31de37	lui	x28,0x5d31d	 x28=0x5d31d000
      518742000	     25835	8000a462	340bdb73	csrrwi	x22,mscratch,23	 x22=0x00000009
      518762000	     25836	8000a466	527d	c.li	x4,-1	  x4=0xffffffff
      518782000	     25837	8000a468	8e91	c.sub	x13,x12	 x13:0x0000001b x12:0x00000001 x13=0x0000001a
      518802000	     25838	8000a46a	95b2	c.add	x11,x12	 x11:0x807c6cea x12:0x00000001 x11=0x807c6ceb
      518822000	     25839	8000a46c	f6980593	addi	x11,x16,-151	 x16:0x00000000 x11=0xffffff69
      518842000	     25840	8000a470	01694e33	xor	x28,x18,x22	 x18:0x0000000a x22:0x00000009 x28=0x00000003
      518862000	     25841	8000a474	402fdf93	srai	x31,x31,0x2	 x31:0x00001f9c x31=0x000007e7
      518882000	     25842	8000a478	01f4d413	srli	x8,x9,0x1f	  x9:0x00000001  x8=0x00000000
      519042000	     25850	8000a47c	002cbcb3	sltu	x25,x25,x2	 x25:0x5f656045  x2:0x80021e1c x25=0x00000001
      519142000	     25855	8000a480	8d066e13	ori	x28,x12,-1840	 x12:0x00000001 x28=0xfffff8d1
      519162000	     25856	8000a484	e5ea1f97	auipc	x31,0xe5ea1	 x31=0x65eab484
      519242000	     25860	8000a488	00ac34b3	sltu	x9,x24,x10	 x24:0x0000000f x10:0x00000001  x9=0x00000000
      519442000	     25870	8000a48c	40c75913	srai	x18,x14,0xc	 x14:0x00000001 x18=0x00000000
      519862000	     25891	8000a490	7c978b93	addi	x23,x15,1993	 x15:0x80025ce4 x23=0x800264ad
      520302000	     25913	8000a494	0291a0b3	mulhsu	x1,x3,x9	  x3:0x00000000  x9:0x00000000  x1=0x00000000
      520702000	     25933	8000a498	340f7973	csrrci	x18,mscratch,30	 x18=0x00000017
      520762000	     25936	8000a49c	03ac0033	mul	x0,x24,x26	 x24:0x0000000f x26:0x00000001  x0=0x00000000
      520822000	     25939	8000a4a0	34085673	csrrwi	x12,mscratch,16	 x12=0x00000001
      520842000	     25940	8000a4a4	6e91	c.lui	x29,0x4	 x29=0x00004000
      520862000	     25941	8000a4a6	012f0bb3	add	x23,x30,x18	 x30:0x00000000 x18:0x00000017 x23=0x00000017
      520902000	     25943	8000a4aa	029242b3	div	x5,x4,x9	  x4:0xffffffff  x9:0x00000000  x5=0xffffffff
      521642000	     25980	8000a4ae	036e5733	divu	x14,x28,x22	 x28:0xfffff8d1 x22:0x00000009 x14=0x1c71c650
      521662000	     25981	8000a4b2	0001	c.addi	x0,0	  x0:0x00000000  x0=0x00000000
      521682000	     25982	8000a4b4	8d61	c.and	x10,x8	 x10:0x00000001  x8:0x00000000 x10=0x00000000
      521702000	     25983	8000a4b6	01b12633	slt	x12,x2,x27	  x2:0x80021e1c x27:0x00000009 x12=0x00000001
      521722000	     25984	8000a4ba	0001	c.addi	x0,0	  x0:0x00000000  x0=0x00000000
      521742000	     25985	8000a4bc	ee19	c.bnez	x12,8000a4da	 x12:0x00000001
      522182000	     26007	8000a4da	09cd7f93	andi	x31,x26,156	 x26:0x00000001 x31=0x00000000
      522922000	     26044	8000a4de	0256d3b3	divu	x7,x13,x5	 x13:0x0000001a  x5:0xffffffff  x7=0x00000000
      522942000	     26045	8000a4e2	00857933	and	x18,x10,x8	 x10:0x00000000  x8:0x00000000 x18=0x00000000
      522962000	     26046	8000a4e6	4b5c7f97	auipc	x31,0x4b5c7	 x31=0xcb5d14e6
      522982000	     26047	8000a4ea	8951	c.andi	x10,20	 x10:0x00000000 x10=0x00000000
      523002000	     26048	8000a4ec	02298733	mul	x14,x19,x2	 x19:0x2c40435a  x2:0x80021e1c x14=0xe59fe9d8
      523022000	     26049	8000a4f0	0001	c.addi	x0,0	  x0:0x00000000  x0=0x00000000
      523042000	     26050	8000a4f2	82d6	c.mv	x5,x21	  x0:0x00000000 x21:0x00000009  x5=0x00000009
      523082000	     26052	8000a4f4	027d74b3	remu	x9,x26,x7	 x26:0x00000001  x7:0x00000000  x9=0x00000001
      523182000	     26057	8000a4f8	03f79763	bne	x15,x31,8000a526	 x15:0x80025ce4 x31:0xcb5d14e6
      523962000	     26096	8000a526	02c56863	bltu	x10,x12,8000a556	 x10:0x00000000 x12:0x00000001
      524342000	     26115	8000a556	01aeaa33	slt	x20,x29,x26	 x29:0x00004000 x26:0x00000001 x20=0x00000000
      524402000	     26118	8000a55a	0092e5b3	or	x11,x5,x9	  x5:0x00000009  x9:0x00000001 x11=0x00000009
      525542000	     26175	8000a55e	025be333	rem	x6,x23,x5	 x23:0x00000017  x5:0x00000009  x6=0x00000005
      525562000	     26176	8000a562	8e96	c.mv	x29,x5	  x0:0x00000000  x5:0x00000009 x29=0x00000009
      525582000	     26177	8000a564	340d3c73	csrrc	x24,mscratch,x26	 x26:0x00000001 x24=0x00000010
      525602000	     26178	8000a568	01a37333	and	x6,x6,x26	  x6:0x00000005 x26:0x00000001  x6=0x00000001
      525682000	     26182	8000a56c	34002ff3	csrrs	x31,mscratch,x0	  x0:0x00000000 x31=0x00000010
      525702000	     26183	8000a570	033189b3	mul	x19,x3,x19	  x3:0x00000000 x19:0x2c40435a x19=0x00000000
      525722000	     26184	8000a574	3400d6f3	csrrwi	x13,mscratch,1	 x13=0x00000010
      525882000	     26192	8000a578	01399663	bne	x19,x19,8000a584	 x19:0x00000000 x19:0x00000000
      526202000	     26208	8000a57c	1b802393	slti	x7,x0,440	  x0:0x00000000  x7=0x00000001
      526282000	     26212	8000a580	03e92933	mulhsu	x18,x18,x30	 x18:0x00000000 x30:0x00000000 x18=0x00000000
      526402000	     26218	8000a584	016e9213	slli	x4,x29,0x16	 x29:0x00000009  x4=0x02400000
      526462000	     26221	8000a588	03276363	bltu	x14,x18,8000a5ae	 x14:0xe59fe9d8 x18:0x00000000
      526502000	     26223	8000a58c	026c1cb3	mulh	x25,x24,x6	 x24:0x00000010  x6:0x00000001 x25=0x00000000
      526522000	     26224	8000a590	8756	c.mv	x14,x21	  x0:0x00000000 x21:0x00000009 x14=0x00000009
      526922000	     26244	8000a592	340e9673	csrrw	x12,mscratch,x29	 x29:0x00000009 x12=0x00000001
      526942000	     26245	8000a596	0a1d	c.addi	x20,7	 x20:0x00000000 x20=0x00000007
      527122000	     26254	8000a598	03613533	mulhu	x10,x2,x22	  x2:0x80021e1c x22:0x00000009 x10=0x00000004
      527142000	     26255	8000a59c	010cf6b3	and	x13,x25,x16	 x25:0x00000000 x16:0x00000000 x13=0x00000000
      527422000	     26269	8000a5a0	59d30493	addi	x9,x6,1437	  x6:0x00000001  x9=0x0000059e
      527582000	     26277	8000a5a4	86f2	c.mv	x13,x28	  x0:0x00000000 x28:0xfffff8d1 x13=0xfffff8d1
      527662000	     26281	8000a5a6	035ba933	mulhsu	x18,x23,x21	 x23:0x00000017 x21:0x00000009 x18=0x00000000
      527682000	     26282	8000a5aa	98a38d17	auipc	x26,0x98a38	 x26=0x18a425aa
      527702000	     26283	8000a5ae	01780863	beq	x16,x23,8000a5be	 x16:0x00000000 x23:0x00000017
      527722000	     26284	8000a5b2	cdabb213	sltiu	x4,x23,-806	 x23:0x00000017  x4=0x00000001
      527742000	     26285	8000a5b6	8926	c.mv	x18,x9	  x0:0x00000000  x9:0x0000059e x18=0x0000059e
      528322000	     26314	8000a5b8	8d61	c.and	x10,x8	 x10:0x00000004  x8:0x00000000 x10=0x00000000
      528502000	     26323	8000a5ba	02fbca63	blt	x23,x15,8000a5ee	 x23:0x00000017 x15:0x80025ce4
      528522000	     26324	8000a5be	91070813	addi	x16,x14,-1776	 x14:0x00000009 x16=0xfffff919
      528542000	     26325	8000a5c2	04a2	c.slli	x9,0x8	  x9:0x0000059e  x9=0x00059e00
      528562000	     26326	8000a5c4	02698763	beq	x19,x6,8000a5f2	 x19:0x00000000  x6:0x00000001
      528582000	     26327	8000a5c8	025ce163	bltu	x25,x5,8000a5ea	 x25:0x00000000  x5:0x00000009
      535962000	     26696	8000a5ea	7ddf6c13	ori	x24,x30,2013	 x30:0x00000000 x24=0x000007dd
      535982000	     26697	8000a5ee	340baa73	csrrs	x20,mscratch,x23	 x23:0x00000017 x20=0x00000009
      536002000	     26698	8000a5f2	0069ca63	blt	x19,x6,8000a606	 x19:0x00000000  x6:0x00000001
      536802000	     26738	8000a606	340f9ef3	csrrw	x29,mscratch,x31	 x31:0x00000010 x29=0x0000001f
      537002000	     26748	8000a60a	340ae973	csrrsi	x18,mscratch,21	 x18=0x00000010
      537022000	     26749	8000a60e	01bf1813	slli	x16,x30,0x1b	 x30:0x00000000 x16=0x00000000
      537162000	     26756	8000a612	c4d8db37	lui	x22,0xc4d8d	 x22=0xc4d8d000
      537582000	     26777	8000a616	01aaadb3	slt	x27,x21,x26	 x21:0x00000009 x26:0x18a425aa x27=0x00000001
      538002000	     26798	8000a61a	76fd0893	addi	x17,x26,1903	 x26:0x18a425aa x17=0x18a42d19
      538382000	     26817	8000a61e	02e50c63	beq	x10,x14,8000a656	 x10:0x00000000 x14:0x00000009
      538462000	     26821	8000a622	00d5d3b3	srl	x7,x11,x13	 x11:0x00000009 x13:0xfffff8d1  x7=0x00000000
      538482000	     26822	8000a626	02d37b63	bgeu	x6,x13,8000a65c	  x6:0x00000001 x13:0xfffff8d1
      538502000	     26823	8000a62a	0001	c.addi	x0,0	  x0:0x00000000  x0=0x00000000
      538522000	     26824	8000a62c	01971433	sll	x8,x14,x25	 x14:0x00000009 x25:0x00000000  x8=0x00000009
      538682000	     26832	8000a630	9bf2	c.add	x23,x28	 x23:0x00000017 x28:0xfffff8d1 x23=0xfffff8e8
      538702000	     26833	8000a632	0000100f	fence.i	
      539122000	     26854	8000a636	41b7d293	srai	x5,x15,0x1b	 x15:0x80025ce4  x5=0xfffffff0
      539142000	     26855	8000a63a	098e	c.slli	x19,0x3	 x19:0x00000000 x19=0x00000000
      539162000	     26856	8000a63c	6b25	c.lui	x22,0x9	 x22=0x00009000
      539182000	     26857	8000a63e	12fd	c.addi	x5,-1	  x5:0xfffffff0  x5=0xffffffef
      539242000	     26860	8000a640	340cd573	csrrwi	x10,mscratch,25	 x10=0x00000015
      539262000	     26861	8000a644	8ca6	c.mv	x25,x9	  x0:0x00000000  x9:0x00059e00 x25=0x00059e00
      539362000	     26866	8000a646	40145693	srai	x13,x8,0x1	  x8:0x00000009 x13=0x00000004
      539782000	     26887	8000a64a	41b85413	srai	x8,x16,0x1b	 x16:0x00000000  x8=0x00000000
      539802000	     26888	8000a64e	01128c63	beq	x5,x17,8000a666	  x5:0xffffffef x17:0x18a42d19
      539822000	     26889	8000a652	03317863	bgeu	x2,x19,8000a682	  x2:0x80021e1c x19:0x00000000
      540122000	     26904	8000a682	03190163	beq	x18,x17,8000a6a4	 x18:0x00000010 x17:0x18a42d19
      540262000	     26911	8000a686	00391993	slli	x19,x18,0x3	 x18:0x00000010 x19=0x00000080
      540282000	     26912	8000a68a	8225	c.srli	x12,0x9	 x12:0x00000001 x12=0x00000000
      540342000	     26915	8000a68c	023ded33	rem	x26,x27,x3	 x27:0x00000001  x3:0x00000000 x26=0x00000001
      540382000	     26917	8000a690	017592b3	sll	x5,x11,x23	 x11:0x00000009 x23:0xfffff8e8  x5=0x00000900
      540482000	     26922	8000a694	033de263	bltu	x27,x19,8000a6b8	 x27:0x00000001 x19:0x00000080
      541342000	     26965	8000a6b8	020d2533	mulhsu	x10,x26,x0	 x26:0x00000001  x0:0x00000000 x10=0x00000000
      541362000	     26966	8000a6bc	0208f163	bgeu	x17,x0,8000a6de	 x17:0x18a42d19  x0:0x00000000
      542122000	     27004	8000a6de	03b93933	mulhu	x18,x18,x27	 x18:0x00000010 x27:0x00000001 x18=0x00000000
      542142000	     27005	8000a6e2	83dbb713	sltiu	x14,x23,-1987	 x23:0xfffff8e8 x14=0x00000000
      542162000	     27006	8000a6e6	0a42	c.slli	x20,0x10	 x20:0x00000009 x20=0x00090000
      542182000	     27007	8000a6e8	340715f3	csrrw	x11,mscratch,x14	 x14:0x00000000 x11=0x00000019
      542202000	     27008	8000a6ec	013e9fb3	sll	x31,x29,x19	 x29:0x0000001f x19:0x00000080 x31=0x0000001f
      542222000	     27009	8000a6f0	007f2d33	slt	x26,x30,x7	 x30:0x00000000  x7:0x00000000 x26=0x00000000
      542242000	     27010	8000a6f4	52750b37	lui	x22,0x52750	 x22=0x52750000
      542262000	     27011	8000a6f8	41348033	sub	x0,x9,x19	  x9:0x00059e00 x19:0x00000080  x0=0x00000000
      542642000	     27030	8000a6fc	340e56f3	csrrwi	x13,mscratch,28	 x13=0x00000000
      542662000	     27031	8000a700	4061deb3	sra	x29,x3,x6	  x3:0x00000000  x6:0x00000001 x29=0x00000000
      542962000	     27046	8000a704	8ecd	c.or	x13,x11	 x13:0x00000000 x11:0x00000019 x13=0x00000019
      542982000	     27047	8000a706	02988763	beq	x17,x9,8000a734	 x17:0x18a42d19  x9:0x00059e00
      543062000	     27051	8000a70a	00fbc8b3	xor	x17,x23,x15	 x23:0xfffff8e8 x15:0x80025ce4 x17=0x7ffda40c
      543162000	     27056	8000a70e	712cb513	sltiu	x10,x25,1810	 x25:0x00059e00 x10=0x00000000
      543182000	     27057	8000a712	0001	c.addi	x0,0	  x0:0x00000000  x0=0x00000000
      543582000	     27077	8000a714	039c6763	bltu	x24,x25,8000a742	 x24:0x000007dd x25:0x00059e00
      544342000	     27115	8000a742	65100e13	addi	x28,x0,1617	  x0:0x00000000 x28=0x00000651
      544682000	     27132	8000a746	16b22617	auipc	x12,0x16b22	 x12=0x96b2c746
      544702000	     27133	8000a74a	0bf1	c.addi	x23,28	 x23:0xfffff8e8 x23=0xfffff904
      544722000	     27134	8000a74c	340cd0f3	csrrwi	x1,mscratch,25	  x1=0x0000001c
      544742000	     27135	8000a750	82f1	c.srli	x13,0x1c	 x13:0x00000019 x13=0x00000000
      544762000	     27136	8000a752	0ff0000f	fence	iorw,iorw	
      545022000	     27149	8000a756	340036f3	csrrc	x13,mscratch,x0	  x0:0x00000000 x13=0x00000019
      545202000	     27158	8000a75a	340fadf3	csrrs	x27,mscratch,x31	 x31:0x0000001f x27=0x00000019
      545942000	     27195	8000a75e	03f44333	div	x6,x8,x31	  x8:0x00000000 x31:0x0000001f  x6=0x00000000
      545962000	     27196	8000a762	884d	c.andi	x8,19	  x8:0x00000000  x8=0x00000000
      545982000	     27197	8000a764	419dd493	srai	x9,x27,0x19	 x27:0x00000019  x9=0x00000000
      546002000	     27198	8000a768	888e	c.mv	x17,x3	  x0:0x00000000  x3:0x00000000 x17=0x00000000
      546022000	     27199	8000a76a	9506	c.add	x10,x1	 x10:0x00000000  x1:0x0000001c x10=0x0000001c
      546042000	     27200	8000a76c	e725	c.bnez	x14,8000a7d4	 x14:0x00000000
      546082000	     27202	8000a76e	034021b3	mulhsu	x3,x0,x20	  x0:0x00000000 x20:0x00090000  x3=0x00000000
      546102000	     27203	8000a772	f9760e93	addi	x29,x12,-105	 x12:0x96b2c746 x29=0x96b2c6dd
      546122000	     27204	8000a776	58fd	c.li	x17,-1	 x17=0xffffffff
      546162000	     27206	8000a778	022c9833	mulh	x16,x25,x2	 x25:0x00059e00  x2:0x80021e1c x16=0xfffd310b
      546202000	     27208	8000a77c	04baed63	bltu	x21,x11,8000a7d6	 x21:0x00000009 x11:0x00000019
      547222000	     27259	8000a7d6	d003ba13	sltiu	x20,x7,-768	  x7:0x00000000 x20=0x00000001
      547242000	     27260	8000a7da	9ffa3b13	sltiu	x22,x20,-1537	 x20:0x00000001 x22=0x00000001
      547262000	     27261	8000a7de	8ef5	c.and	x13,x13	 x13:0x00000019 x13:0x00000019 x13=0x00000019
      547302000	     27263	8000a7e0	02899633	mulh	x12,x19,x8	 x19:0x00000080  x8:0x00000000 x12=0x00000000
      547322000	     27264	8000a7e4	6321	c.lui	x6,0x8	  x6=0x00008000
      547342000	     27265	8000a7e6	c609	c.beqz	x12,8000a7f0	 x12:0x00000000
      547662000	     27281	8000a7f0	66498e93	addi	x29,x19,1636	 x19:0x00000080 x29=0x000006e4
      547682000	     27282	8000a7f4	0676	c.slli	x12,0x1d	 x12:0x00000000 x12=0x00000000
      547702000	     27283	8000a7f6	0001	c.addi	x0,0	  x0:0x00000000  x0=0x00000000
      547782000	     27287	8000a7f8	01849693	slli	x13,x9,0x18	  x9:0x00000000 x13=0x00000000
      547822000	     27289	8000a7fc	02532333	mulhsu	x6,x6,x5	  x6:0x00008000  x5:0x00000900  x6=0x00000000
      548042000	     27300	8000a800	037dad33	mulhsu	x26,x27,x23	 x27:0x00000019 x23:0xfffff904 x26=0x00000018
      548062000	     27301	8000a804	669e3193	sltiu	x3,x28,1641	 x28:0x00000651  x3=0x00000001
      548462000	     27321	8000a808	e2a1	c.bnez	x13,8000a848	 x13:0x00000000
      548482000	     27322	8000a80a	06da	c.slli	x13,0x16	 x13:0x00000000 x13=0x00000000
      548502000	     27323	8000a80c	00625eb3	srl	x29,x4,x6	  x4:0x00000001  x6:0x00000000 x29=0x00000001
      548522000	     27324	8000a810	00e2e433	or	x8,x5,x14	  x5:0x00000900 x14:0x00000000  x8=0x00000900
      548542000	     27325	8000a814	c115	c.beqz	x10,8000a838	 x10:0x0000001c
      548942000	     27345	8000a816	0ff0000f	fence	iorw,iorw	
      548962000	     27346	8000a81a	340be2f3	csrrsi	x5,mscratch,23	  x5=0x0000001f
      548982000	     27347	8000a81e	e677f513	andi	x10,x15,-409	 x15:0x80025ce4 x10=0x80025c64
      549082000	     27352	8000a822	03c9c163	blt	x19,x28,8000a844	 x19:0x00000080 x28:0x00000651
      549622000	     27379	8000a844	018ad593	srli	x11,x21,0x18	 x21:0x00000009 x11=0x00000000
      549782000	     27387	8000a848	1399ad13	slti	x26,x19,313	 x19:0x00000080 x26=0x00000001
      550142000	     27405	8000a84c	0148aeb3	slt	x29,x17,x20	 x17:0xffffffff x20:0x00000001 x29=0x00000001
      550302000	     27413	8000a850	020f1b33	mulh	x22,x30,x0	 x30:0x00000000  x0:0x00000000 x22=0x00000000
      550322000	     27414	8000a854	036c89b3	mul	x19,x25,x22	 x25:0x00059e00 x22:0x00000000 x19=0x00000000
      550362000	     27416	8000a858	03951033	mulh	x0,x10,x25	 x10:0x80025c64 x25:0x00059e00  x0=0x00000000
      550402000	     27418	8000a85c	0272b633	mulhu	x12,x5,x7	  x5:0x0000001f  x7:0x00000000 x12=0x00000000
      550542000	     27425	8000a860	410fd293	srai	x5,x31,0x10	 x31:0x0000001f  x5=0x00000000
      550582000	     27427	8000a864	02282933	mulhsu	x18,x16,x2	 x16:0xfffd310b  x2:0x80021e1c x18=0xfffe987f
      550602000	     27428	8000a868	baf8ff93	andi	x31,x17,-1105	 x17:0xffffffff x31=0xfffffbaf
      550622000	     27429	8000a86c	02829763	bne	x5,x8,8000a89a	  x5:0x00000000  x8:0x00000900
      552122000	     27504	8000a89a	05b9c063	blt	x19,x27,8000a8da	 x19:0x00000000 x27:0x00000019
      552402000	     27518	8000a8da	8f01	c.sub	x14,x8	 x14:0x00000000  x8:0x00000900 x14=0xfffff700
      552422000	     27519	8000a8dc	3403df73	csrrwi	x30,mscratch,7	 x30=0x0000001f
      552842000	     27540	8000a8e0	340078f3	csrrci	x17,mscratch,0	 x17=0x00000007
      552922000	     27544	8000a8e4	03fc91b3	mulh	x3,x25,x31	 x25:0x00059e00 x31:0xfffffbaf  x3=0xffffffff
      552942000	     27545	8000a8e8	0001	c.addi	x0,0	  x0:0x00000000  x0=0x00000000
      553002000	     27548	8000a8ea	413105b3	sub	x11,x2,x19	  x2:0x80021e1c x19:0x00000000 x11=0x80021e1c
      553242000	     27560	8000a8ee	00d75913	srli	x18,x14,0xd	 x14:0xfffff700 x18=0x0007ffff
      553262000	     27561	8000a8f2	0130c963	blt	x1,x19,8000a904	  x1:0x0000001c x19:0x00000000
      553282000	     27562	8000a8f6	01b89433	sll	x8,x17,x27	 x17:0x00000007 x27:0x00000019  x8=0x0e000000
      553302000	     27563	8000a8fa	02070c33	mul	x24,x14,x0	 x14:0xfffff700  x0:0x00000000 x24=0x00000000
      553722000	     27584	8000a8fe	01ca3933	sltu	x18,x20,x28	 x20:0x00000001 x28:0x00000651 x18=0x00000001
      553742000	     27585	8000a902	4b1d	c.li	x22,7	 x22=0x00000007
      553762000	     27586	8000a904	340256f3	csrrwi	x13,mscratch,4	 x13=0x00000007
      554162000	     27606	8000a908	00be0693	addi	x13,x28,11	 x28:0x00000651 x13=0x0000065c
      554182000	     27607	8000a90c	0000100f	fence.i	
      554522000	     27624	8000a910	021e	c.slli	x4,0x7	  x4:0x00000001  x4=0x00000080
      554942000	     27645	8000a912	d6916b93	ori	x23,x2,-663	  x2:0x80021e1c x23=0xffffff7d
      554962000	     27646	8000a916	340fb4f3	csrrc	x9,mscratch,x31	 x31:0xfffffbaf  x9=0x00000004
      555382000	     27667	8000a91a	db947613	andi	x12,x8,-583	  x8:0x0e000000 x12=0x0e000000
      555402000	     27668	8000a91e	0001	c.addi	x0,0	  x0:0x00000000  x0=0x00000000
      555422000	     27669	8000a920	0001	c.addi	x0,0	  x0:0x00000000  x0=0x00000000
      555442000	     27670	8000a922	022a8033	mul	x0,x21,x2	 x21:0x00000009  x2:0x80021e1c  x0=0x00000000
      555582000	     27677	8000a926	c2497f93	andi	x31,x18,-988	 x18:0x00000001 x31=0x00000000
      555602000	     27678	8000a92a	01c09493	slli	x9,x1,0x1c	  x1:0x0000001c  x9=0xc0000000
      555622000	     27679	8000a92e	00b74d33	xor	x26,x14,x11	 x14:0xfffff700 x11:0x80021e1c x26=0x7ffde91c
      555882000	     27692	8000a932	a08ebb93	sltiu	x23,x29,-1528	 x29:0x00000001 x23=0x00000001
      555902000	     27693	8000a936	03414663	blt	x2,x20,8000a962	  x2:0x80021e1c x20:0x00000001
      556142000	     27705	8000a962	8cf9	c.and	x9,x14	  x9:0xc0000000 x14:0xfffff700  x9=0xc0000000
      556562000	     27726	8000a964	34032df3	csrrs	x27,mscratch,x6	  x6:0x00000000 x27=0x00000000
      556582000	     27727	8000a968	9c72	c.add	x24,x28	 x24:0x00000000 x28:0x00000651 x24=0x00000651
      556942000	     27745	8000a96a	00409513	slli	x10,x1,0x4	  x1:0x0000001c x10=0x000001c0
      556962000	     27746	8000a96e	08fce313	ori	x6,x25,143	 x25:0x00059e00  x6=0x00059e8f
      556982000	     27747	8000a972	8e69	c.and	x12,x10	 x12:0x0e000000 x10:0x000001c0 x12=0x00000000
      557062000	     27751	8000a974	8c71	c.and	x8,x12	  x8:0x0e000000 x12:0x00000000  x8=0x00000000
      557082000	     27752	8000a976	0ff0000f	fence	iorw,iorw	
      557222000	     27759	8000a97a	0000100f	fence.i	
      557802000	     27788	8000a97e	02e4f363	bgeu	x9,x14,8000a9a4	  x9:0xc0000000 x14:0xfffff700
      557822000	     27789	8000a982	022fd963	bge	x31,x2,8000a9b4	 x31:0x00000000  x2:0x80021e1c
      558462000	     27821	8000a9b4	02ab96b3	mulh	x13,x23,x10	 x23:0x00000001 x10:0x000001c0 x13=0x00000000
      558862000	     27841	8000a9b8	01ddd893	srli	x17,x27,0x1d	 x27:0x00000000 x17=0x00000000
      558902000	     27843	8000a9bc	03511bb3	mulh	x23,x2,x21	  x2:0x80021e1c x21:0x00000009 x23=0xfffffffb
      558922000	     27844	8000a9c0	dc393337	lui	x6,0xdc393	  x6=0xdc393000
      559162000	     27856	8000a9c4	0252fe63	bgeu	x5,x5,8000aa00	  x5:0x00000000  x5:0x00000000
      560882000	     27942	8000aa00	0299fb33	remu	x22,x19,x9	 x19:0x00000000  x9:0xc0000000 x22=0x00000000
      560922000	     27944	8000aa04	0352b233	mulhu	x4,x5,x21	  x5:0x00000000 x21:0x00000009  x4=0x00000000
      560942000	     27945	8000aa08	6c6d	c.lui	x24,0x1b	 x24=0x0001b000
      560962000	     27946	8000aa0a	8d31	c.xor	x10,x12	 x10:0x000001c0 x12:0x00000000 x10=0x000001c0
      560982000	     27947	8000aa0c	46274993	xori	x19,x14,1122	 x14:0xfffff700 x19=0xfffff362
      561002000	     27948	8000aa10	e0f36e37	lui	x28,0xe0f36	 x28=0xe0f36000
      561062000	     27951	8000aa14	01aa4c63	blt	x20,x26,8000aa2c	 x20:0x00000001 x26:0x7ffde91c
      561822000	     27989	8000aa2c	dfa1c2b7	lui	x5,0xdfa1c	  x5=0xdfa1c000
      561842000	     27990	8000aa30	00e18f33	add	x30,x3,x14	  x3:0xffffffff x14:0xfffff700 x30=0xfffff6ff
      561862000	     27991	8000aa34	a00a8093	addi	x1,x21,-1536	 x21:0x00000009  x1=0xfffffa09
      562182000	     28007	8000aa38	60320013	addi	x0,x4,1539	  x4:0x00000000  x0=0x00000000
      562202000	     28008	8000aa3c	c695	c.beqz	x13,8000aa68	 x13:0x00000000
      563862000	     28091	8000aa68	022d5b33	divu	x22,x26,x2	 x26:0x7ffde91c  x2:0x80021e1c x22=0x00000000
      563882000	     28092	8000aa6c	8c29	c.xor	x8,x10	  x8:0x00000000 x10:0x000001c0  x8=0x000001c0
      563902000	     28093	8000aa6e	8f09	c.sub	x14,x10	 x14:0xfffff700 x10:0x000001c0 x14=0xfffff540
      563922000	     28094	8000aa70	8079	c.srli	x8,0x1e	  x8:0x000001c0  x8=0x00000000
      563942000	     28095	8000aa72	3405d1f3	csrrwi	x3,mscratch,11	  x3=0x00000000
      563962000	     28096	8000aa76	0c11	c.addi	x24,4	 x24:0x0001b000 x24=0x0001b004
      563982000	     28097	8000aa78	34002673	csrrs	x12,mscratch,x0	  x0:0x00000000 x12=0x0000000b
      564062000	     28101	8000aa7c	0bbe	c.slli	x23,0xf	 x23:0xfffffffb x23=0xfffd8000
      564382000	     28117	8000aa7e	020ca6b3	mulhsu	x13,x25,x0	 x25:0x00059e00  x0:0x00000000 x13=0x00000000
      564482000	     28122	8000aa82	9e39f517	auipc	x10,0x9e39f	 x10=0x1e3a9a82
      564582000	     28127	8000aa86	e5149fb7	lui	x31,0xe5149	 x31=0xe5149000
      564922000	     28144	8000aa8a	03f3f063	bgeu	x7,x31,8000aaaa	  x7:0x00000000 x31:0xe5149000
      564942000	     28145	8000aa8e	01d803b3	add	x7,x16,x29	 x16:0xfffd310b x29:0x00000001  x7=0xfffd310c
      564962000	     28146	8000aa92	8e39	c.xor	x12,x14	 x12:0x0000000b x14:0xfffff540 x12=0xfffff54b
      565022000	     28149	8000aa94	009ef933	and	x18,x29,x9	 x29:0x00000001  x9:0xc0000000 x18=0x00000000
      565142000	     28155	8000aa98	053f8163	beq	x31,x19,8000aada	 x31:0xe5149000 x19:0xfffff362
      565182000	     28157	8000aa9c	0606	c.slli	x12,0x1	 x12:0xfffff54b x12=0xffffea96
      565382000	     28167	8000aa9e	41735293	srai	x5,x6,0x17	  x6:0xdc393000  x5=0xffffffb8
      565462000	     28171	8000aaa2	03520a33	mul	x20,x4,x21	  x4:0x00000000 x21:0x00000009 x20=0x00000000
      565662000	     28181	8000aaa6	01560433	add	x8,x12,x21	 x12:0xffffea96 x21:0x00000009  x8=0xffffea9f
      565682000	     28182	8000aaaa	8e1d	c.sub	x12,x15	 x12:0xffffea96 x15:0x80025ce4 x12=0x7ffd8db2
      565942000	     28195	8000aaac	0001	c.addi	x0,0	  x0:0x00000000  x0=0x00000000
      565962000	     28196	8000aaae	019f3a33	sltu	x20,x30,x25	 x30:0xfffff6ff x25:0x00059e00 x20=0x00000000
      565982000	     28197	8000aab2	0001	c.addi	x0,0	  x0:0x00000000  x0=0x00000000
      566002000	     28198	8000aab4	00ea5433	srl	x8,x20,x14	 x20:0x00000000 x14:0xfffff540  x8=0x00000000
      566022000	     28199	8000aab8	0000100f	fence.i	
      566862000	     28241	8000aabc	34007ef3	csrrci	x29,mscratch,0	 x29=0x0000000b
      566882000	     28242	8000aac0	0323ee63	bltu	x7,x18,8000aafc	  x7:0xfffd310c x18:0x00000000
      566902000	     28243	8000aac4	2ac77393	andi	x7,x14,684	 x14:0xfffff540  x7=0x00000000
      566942000	     28245	8000aac8	0001	c.addi	x0,0	  x0:0x00000000  x0=0x00000000
      566962000	     28246	8000aaca	01607a63	bgeu	x0,x22,8000aade	  x0:0x00000000 x22:0x00000000
      568102000	     28303	8000aade	02ef6eb3	rem	x29,x30,x14	 x30:0xfffff6ff x14:0xfffff540 x29=0xfffff6ff
      568122000	     28304	8000aae2	09f9	c.addi	x19,30	 x19:0xfffff362 x19=0xfffff380
      568162000	     28306	8000aae4	02d1dfb3	divu	x31,x3,x13	  x3:0x00000000 x13:0x00000000 x31=0xffffffff
      568182000	     28307	8000aae8	413b5eb3	sra	x29,x22,x19	 x22:0x00000000 x19:0xfffff380 x29=0x00000000
      568202000	     28308	8000aaec	34011d73	csrrw	x26,mscratch,x2	  x2:0x80021e1c x26=0x0000000b
      568222000	     28309	8000aaf0	188eee13	ori	x28,x29,392	 x29:0x00000000 x28=0x00000188
      568242000	     28310	8000aaf4	00e5b333	sltu	x6,x11,x14	 x11:0x80021e1c x14:0xfffff540  x6=0x00000001
      568662000	     28331	8000aaf8	0149df13	srli	x30,x19,0x14	 x19:0xfffff380 x30=0x00000fff
      568682000	     28332	8000aafc	8635	c.srai	x12,0xd	 x12:0x7ffd8db2 x12=0x0003ffec
      568702000	     28333	8000aafe	00eade63	bge	x21,x14,8000ab1a	 x21:0x00000009 x14:0xfffff540
      569162000	     28356	8000ab1a	002cfdb3	and	x27,x25,x2	 x25:0x00059e00  x2:0x80021e1c x27=0x00001e00
      569182000	     28357	8000ab1e	6d6d	c.lui	x26,0x1b	 x26=0x0001b000
      569202000	     28358	8000ab20	0001	c.addi	x0,0	  x0:0x00000000  x0=0x00000000
      569602000	     28378	8000ab22	47957393	andi	x7,x10,1145	 x10:0x1e3a9a82  x7=0x00000000
      569622000	     28379	8000ab26	0003a933	slt	x18,x7,x0	  x7:0x00000000  x0:0x00000000 x18=0x00000000
      569642000	     28380	8000ab2a	340265f3	csrrsi	x11,mscratch,4	 x11=0x80021e1c
      570382000	     28417	8000ab2e	03f1cbb3	div	x23,x3,x31	  x3:0x00000000 x31:0xffffffff x23=0x00000000
      570402000	     28418	8000ab32	987d	c.andi	x8,-1	  x8:0x00000000  x8=0x00000000
      570422000	     28419	8000ab34	019df6b3	and	x13,x27,x25	 x27:0x00001e00 x25:0x00059e00 x13=0x00001e00
      570442000	     28420	8000ab38	011652b3	srl	x5,x12,x17	 x12:0x0003ffec x17:0x00000000  x5=0x0003ffec
      570482000	     28422	8000ab3c	024f2833	mulhsu	x16,x30,x4	 x30:0x00000fff  x4:0x00000000 x16=0x00000000
      570502000	     28423	8000ab40	4056da13	srai	x20,x13,0x5	 x13:0x00001e00 x20=0x000000f0
      570522000	     28424	8000ab44	039b0cb3	mul	x25,x22,x25	 x22:0x00000000 x25:0x00059e00 x25=0x00000000
      570742000	     28435	8000ab48	8dad	c.xor	x11,x11	 x11:0x80021e1c x11:0x80021e1c x11=0x00000000
      571162000	     28456	8000ab4a	a0dc4693	xori	x13,x24,-1523	 x24:0x0001b004 x13=0xfffe4a09
      571182000	     28457	8000ab4e	8f35	c.xor	x14,x13	 x14:0xfffff540 x13:0xfffe4a09 x14=0x0001bf49
      571922000	     28494	8000ab50	03586db3	rem	x27,x16,x21	 x16:0x00000000 x21:0x00000009 x27=0x00000000
      571942000	     28495	8000ab54	340510f3	csrrw	x1,mscratch,x10	 x10:0x1e3a9a82  x1=0x80021e1c
      571962000	     28496	8000ab58	6de9	c.lui	x27,0x1a	 x27=0x0001a000
      571982000	     28497	8000ab5a	34003cf3	csrrc	x25,mscratch,x0	  x0:0x00000000 x25=0x1e3a9a82
      572062000	     28501	8000ab5e	340fd8f3	csrrwi	x17,mscratch,31	 x17=0x1e3a9a82
      572802000	     28538	8000ab62	0211c6b3	div	x13,x3,x1	  x3:0x00000000  x1:0x80021e1c x13=0x00000000
      578262000	     28811	8000ab66	0247ab33	mulhsu	x22,x15,x4	 x15:0x80025ce4  x4:0x00000000 x22=0x00000000
      578282000	     28812	8000ab6a	34011273	csrrw	x4,mscratch,x2	  x2:0x80021e1c  x4=0x0000001f
      578302000	     28813	8000ab6e	465dc537	lui	x10,0x465dc	 x10=0x465dc000
      578322000	     28814	8000ab72	0ff0000f	fence	iorw,iorw	
      578342000	     28815	8000ab76	88454293	xori	x5,x10,-1916	 x10:0x465dc000  x5=0xb9a23884
      578362000	     28816	8000ab7a	8ec1	c.or	x13,x8	 x13:0x00000000  x8:0x00000000 x13=0x00000000
      578382000	     28817	8000ab7c	05fd7937	lui	x18,0x5fd7	 x18=0x05fd7000
      578802000	     28838	8000ab80	8dc5	c.or	x11,x9	 x11:0x00000000  x9:0xc0000000 x11=0xc0000000
      578822000	     28839	8000ab82	8ecd	c.or	x13,x11	 x13:0x00000000 x11:0xc0000000 x13=0xc0000000
      578862000	     28841	8000ab84	0205d033	divu	x0,x11,x0	 x11:0xc0000000  x0:0x00000000  x0=0x00000000
      578882000	     28842	8000ab88	01b15b33	srl	x22,x2,x27	  x2:0x80021e1c x27:0x0001a000 x22=0x80021e1c
      579622000	     28879	8000ab8c	02dd4833	div	x16,x26,x13	 x26:0x0001b000 x13:0xc0000000 x16=0x00000000
      579642000	     28880	8000ab90	cf15	c.beqz	x14,8000abcc	 x14:0x0001bf49
      579662000	     28881	8000ab92	03f1c763	blt	x3,x31,8000abc0	  x3:0x00000000 x31:0xffffffff
      579682000	     28882	8000ab96	0001	c.addi	x0,0	  x0:0x00000000  x0=0x00000000
      579722000	     28884	8000ab98	036c1433	mulh	x8,x24,x22	 x24:0x0001b004 x22:0x80021e1c  x8=0xffff2801
      580462000	     28921	8000ab9c	0341ed33	rem	x26,x3,x20	  x3:0x00000000 x20:0x000000f0 x26=0x00000000
      580482000	     28922	8000aba0	81b97513	andi	x10,x18,-2021	 x18:0x05fd7000 x10=0x05fd7000
      580502000	     28923	8000aba4	037801b3	mul	x3,x16,x23	 x16:0x00000000 x23:0x00000000  x3=0x00000000
      580522000	     28924	8000aba8	0001	c.addi	x0,0	  x0:0x00000000  x0=0x00000000
      580562000	     28926	8000abaa	02cfbb33	mulhu	x22,x31,x12	 x31:0xffffffff x12:0x0003ffec x22=0x0003ffeb
      580582000	     28927	8000abae	7db6af13	slti	x30,x13,2011	 x13:0xc0000000 x30=0x00000001
      580602000	     28928	8000abb2	049b3313	sltiu	x6,x22,73	 x22:0x0003ffeb  x6=0x00000000
      580622000	     28929	8000abb6	8469	c.srai	x8,0x1a	  x8:0xffff2801  x8=0xffffffff
      580802000	     28938	8000abb8	01558a63	beq	x11,x21,8000abcc	 x11:0xc0000000 x21:0x00000009
      580822000	     28939	8000abbc	0f235217	auipc	x4,0xf235	  x4=0x8f23fbbc
      581022000	     28949	8000abc0	3402e773	csrrsi	x14,mscratch,5	 x14=0x80021e1c
      581382000	     28967	8000abc4	8b93e613	ori	x12,x7,-1863	  x7:0x00000000 x12=0xfffff8b9
      581402000	     28968	8000abc8	0194a533	slt	x10,x9,x25	  x9:0xc0000000 x25:0x1e3a9a82 x10=0x00000001
      581542000	     28975	8000abcc	0001	c.addi	x0,0	  x0:0x00000000  x0=0x00000000
      581642000	     28980	8000abce	027e0e33	mul	x28,x28,x7	 x28:0x00000188  x7:0x00000000 x28=0x00000000
      581662000	     28981	8000abd2	01fe3f33	sltu	x30,x28,x31	 x28:0x00000000 x31:0xffffffff x30=0x00000001
      581682000	     28982	8000abd6	8d45	c.or	x10,x9	 x10:0x00000001  x9:0xc0000000 x10=0xc0000001
      581702000	     28983	8000abd8	00d79f93	slli	x31,x15,0xd	 x15:0x80025ce4 x31=0x4b9c8000
      581722000	     28984	8000abdc	03496f63	bltu	x18,x20,8000ac1a	 x18:0x05fd7000 x20:0x000000f0
      582102000	     29003	8000abe0	8cb1	c.xor	x9,x12	  x9:0xc0000000 x12:0xfffff8b9  x9=0x3ffff8b9
      582122000	     29004	8000abe2	0316	c.slli	x6,0x5	  x6:0x00000000  x6=0x00000000
      582142000	     29005	8000abe4	011f84b3	add	x9,x31,x17	 x31:0x4b9c8000 x17:0x1e3a9a82  x9=0x69d71a82
      582162000	     29006	8000abe8	de7f8c97	auipc	x25,0xde7f8	 x25=0x5e802be8
      582222000	     29009	8000abec	fec2f393	andi	x7,x5,-20	  x5:0xb9a23884  x7=0xb9a23884
      582242000	     29010	8000abf0	e28d	c.bnez	x13,8000ac12	 x13:0xc0000000
      582562000	     29026	8000ac12	03fd26b3	mulhsu	x13,x26,x31	 x26:0x00000000 x31:0x4b9c8000 x13=0x00000000
      582662000	     29031	8000ac16	03a5d663	bge	x11,x26,8000ac42	 x11:0xc0000000 x26:0x00000000
      582822000	     29039	8000ac1a	0188ffb3	and	x31,x17,x24	 x17:0x1e3a9a82 x24:0x0001b004 x31=0x00009000
      582842000	     29040	8000ac1e	0a61b993	sltiu	x19,x3,166	  x3:0x00000000 x19=0x00000001
      582882000	     29042	8000ac22	0389a433	mulhsu	x8,x19,x24	 x19:0x00000001 x24:0x0001b004  x8=0x00000000
      582902000	     29043	8000ac26	00d82433	slt	x8,x16,x13	 x16:0x00000000 x13:0x00000000  x8=0x00000000
      582922000	     29044	8000ac2a	01118a33	add	x20,x3,x17	  x3:0x00000000 x17:0x1e3a9a82 x20=0x1e3a9a82
      583062000	     29051	8000ac2e	01024f33	xor	x30,x4,x16	  x4:0x8f23fbbc x16:0x00000000 x30=0x8f23fbbc
      583182000	     29057	8000ac32	019606b3	add	x13,x12,x25	 x12:0xfffff8b9 x25:0x5e802be8 x13=0x5e8024a1
      583202000	     29058	8000ac36	34093f73	csrrc	x30,mscratch,x18	 x18:0x05fd7000 x30=0x80021e1d
      583302000	     29063	8000ac3a	41598f33	sub	x30,x19,x21	 x19:0x00000001 x21:0x00000009 x30=0xfffffff8
      583442000	     29070	8000ac3e	0000100f	fence.i	
      584262000	     29111	8000ac42	0000100f	fence.i	
      584442000	     29120	8000ac46	00d91eb3	sll	x29,x18,x13	 x18:0x05fd7000 x13:0x5e8024a1 x29=0x0bfae000
      584462000	     29121	8000ac4a	406bd6b3	sra	x13,x23,x6	 x23:0x00000000  x6:0x00000000 x13=0x00000000
      584482000	     29122	8000ac4e	038e0533	mul	x10,x28,x24	 x28:0x00000000 x24:0x0001b004 x10=0x00000000
      584502000	     29123	8000ac52	02ea9963	bne	x21,x14,8000ac84	 x21:0x00000009 x14:0x80021e1c
      584542000	     29125	8000ac84	015755b3	srl	x11,x14,x21	 x14:0x80021e1c x21:0x00000009 x11=0x0040010f
      584662000	     29131	8000ac88	4195	c.li	x3,5	  x3=0x00000005
      585202000	     29158	8000ac8a	00928033	add	x0,x5,x9	  x5:0xb9a23884  x9:0x69d71a82  x0=0x00000000
      585222000	     29159	8000ac8e	83aa	c.mv	x7,x10	  x0:0x00000000 x10:0x00000000  x7=0x00000000
      585242000	     29160	8000ac90	34059ef3	csrrw	x29,mscratch,x11	 x11:0x0040010f x29=0x80020e1d
      585262000	     29161	8000ac94	e49d	c.bnez	x9,8000acc2	  x9:0x69d71a82
      585502000	     29173	8000acc2	0269b0b3	mulhu	x1,x19,x6	 x19:0x00000001  x6:0x00000000  x1=0x00000000
      585902000	     29193	8000acc6	34006ff3	csrrsi	x31,mscratch,0	 x31=0x0040010f
      585922000	     29194	8000acca	015b0563	beq	x22,x21,8000acd4	 x22:0x0003ffeb x21:0x00000009
      585942000	     29195	8000acce	8ca5	c.xor	x9,x9	  x9:0x69d71a82  x9:0x69d71a82  x9=0x00000000
      585982000	     29197	8000acd0	007acbb3	xor	x23,x21,x7	 x21:0x00000009  x7:0x00000000 x23=0x00000009
      586042000	     29200	8000acd4	d1f61c37	lui	x24,0xd1f61	 x24=0xd1f61000
      586062000	     29201	8000acd8	9a7d	c.andi	x12,-1	 x12:0xfffff8b9 x12=0xfffff8b9
      586102000	     29203	8000acda	0099b9b3	sltu	x19,x19,x9	 x19:0x00000001  x9:0x00000000 x19=0x00000000
      586122000	     29204	8000acde	0001	c.addi	x0,0	  x0:0x00000000  x0=0x00000000
      586142000	     29205	8000ace0	40e251b3	sra	x3,x4,x14	  x4:0x8f23fbbc x14:0x80021e1c  x3=0xfffffff8
      586542000	     29225	8000ace4	9fa2	c.add	x31,x8	 x31:0x0040010f  x8:0x00000000 x31=0x0040010f
      586962000	     29246	8000ace6	f44d6b93	ori	x23,x26,-188	 x26:0x00000000 x23=0xffffff44
      586982000	     29247	8000acea	89ac7a13	andi	x20,x24,-1894	 x24:0xd1f61000 x20=0xd1f61000
      587002000	     29248	8000acee	41c5de13	srai	x28,x11,0x1c	 x11:0x0040010f x28=0x00000000
      587022000	     29249	8000acf2	8db5	c.xor	x11,x13	 x11:0x0040010f x13:0x00000000 x11=0x0040010f
      587042000	     29250	8000acf4	340123f3	csrrs	x7,mscratch,x2	  x2:0x80021e1c  x7=0x0040010f
      587062000	     29251	8000acf8	00719f63	bne	x3,x7,8000ad16	  x3:0xfffffff8  x7:0x0040010f
      587462000	     29271	8000ad16	03920963	beq	x4,x25,8000ad48	  x4:0x8f23fbbc x25:0x5e802be8
      587582000	     29277	8000ad1a	0333a733	mulhsu	x14,x7,x19	  x7:0x0040010f x19:0x00000000 x14=0x00000000
      587602000	     29278	8000ad1e	03c5f963	bgeu	x11,x28,8000ad50	 x11:0x0040010f x28:0x00000000
      587762000	     29286	8000ad50	4202ac93	slti	x25,x5,1056	  x5:0xb9a23884 x25=0x00000001
      587782000	     29287	8000ad54	ef05	c.bnez	x14,8000ad8c	 x14:0x00000000
      587802000	     29288	8000ad56	40e550b3	sra	x1,x10,x14	 x10:0x00000000 x14:0x00000000  x1=0x00000000
      587842000	     29290	8000ad5a	051f4363	blt	x30,x17,8000ada0	 x30:0xfffffff8 x17:0x1e3a9a82
      587982000	     29297	8000ada0	ce0cab93	slti	x23,x25,-800	 x25:0x00000001 x23=0x00000000
      588802000	     29338	8000ada4	02b2ef33	rem	x30,x5,x11	  x5:0xb9a23884 x11:0x0040010f x30=0xffe361fb
      588822000	     29339	8000ada8	01cf9cb3	sll	x25,x31,x28	 x31:0x0040010f x28:0x00000000 x25=0x0040010f
      588862000	     29341	8000adac	02a85b33	divu	x22,x16,x10	 x16:0x00000000 x10:0x00000000 x22=0xffffffff
      588882000	     29342	8000adb0	03c8f963	bgeu	x17,x28,8000ade2	 x17:0x1e3a9a82 x28:0x00000000
      589142000	     29355	8000ade2	99fd	c.andi	x11,-1	 x11:0x0040010f x11=0x0040010f
      589162000	     29356	8000ade4	84f1	c.srai	x9,0x1c	  x9:0x00000000  x9=0x00000000
      589182000	     29357	8000ade6	8cb5	c.xor	x9,x13	  x9:0x00000000 x13:0x00000000  x9=0x00000000
      589202000	     29358	8000ade8	0e32	c.slli	x28,0xc	 x28:0x00000000 x28=0x00000000
      589222000	     29359	8000adea	6599	c.lui	x11,0x6	 x11=0x00006000
      589262000	     29361	8000adec	03a6f5b3	remu	x11,x13,x26	 x13:0x00000000 x26:0x00000000 x11=0x00000000
      590362000	     29416	8000adf0	03e5f433	remu	x8,x11,x30	 x11:0x00000000 x30:0xffe361fb  x8=0x00000000
      590382000	     29417	8000adf4	01691e93	slli	x29,x18,0x16	 x18:0x05fd7000 x29=0x00000000
      590402000	     29418	8000adf8	41e35e13	srai	x28,x6,0x1e	  x6:0x00000000 x28=0x00000000
      590422000	     29419	8000adfc	036b6563	bltu	x22,x22,8000ae26	 x22:0xffffffff x22:0xffffffff
      590442000	     29420	8000ae00	0ff0000f	fence	iorw,iorw	
      590462000	     29421	8000ae04	4042d393	srai	x7,x5,0x4	  x5:0xb9a23884  x7=0xfb9a2388
      590762000	     29436	8000ae08	660d	c.lui	x12,0x3	 x12=0x00003000
      590782000	     29437	8000ae0a	b92cab93	slti	x23,x25,-1134	 x25:0x0040010f x23=0x00000000
      590942000	     29445	8000ae0e	050fe363	bltu	x31,x16,8000ae54	 x31:0x0040010f x16:0x00000000
      590982000	     29447	8000ae12	021535b3	mulhu	x11,x10,x1	 x10:0x00000000  x1:0x00000000 x11=0x00000000
      591002000	     29448	8000ae16	340ca373	csrrs	x6,mscratch,x25	 x25:0x0040010f  x6=0x80421f1f
      591102000	     29453	8000ae1a	d61f8d13	addi	x26,x31,-671	 x31:0x0040010f x26=0x003ffe70
      591122000	     29454	8000ae1e	02f5d663	bge	x11,x15,8000ae4a	 x11:0x00000000 x15:0x80025ce4
      591642000	     29480	8000ae4a	01045513	srli	x10,x8,0x10	  x8:0x00000000 x10=0x00000000
      591662000	     29481	8000ae4e	8f2d	c.xor	x14,x11	 x14:0x00000000 x11:0x00000000 x14=0x00000000
      592402000	     29518	8000ae50	0388ca33	div	x20,x17,x24	 x17:0x1e3a9a82 x24:0xd1f61000 x20=0x00000000
      592422000	     29519	8000ae54	8f6d	c.and	x14,x11	 x14:0x00000000 x11:0x00000000 x14=0x00000000
      592442000	     29520	8000ae56	413a5393	srai	x7,x20,0x13	 x20:0x00000000  x7=0x00000000
      592462000	     29521	8000ae5a	34001ef3	csrrw	x29,mscratch,x0	  x0:0x00000000 x29=0x80421f1f
      592482000	     29522	8000ae5e	81b1	c.srli	x11,0xc	 x11:0x00000000 x11=0x00000000
      592502000	     29523	8000ae60	0eba	c.slli	x29,0xe	 x29:0x80421f1f x29=0x87c7c000
      592802000	     29538	8000ae62	01121393	slli	x7,x4,0x11	  x4:0x8f23fbbc  x7=0xf7780000
      592842000	     29540	8000ae66	0259b9b3	mulhu	x19,x19,x5	 x19:0x00000000  x5:0xb9a23884 x19=0x00000000
      592862000	     29541	8000ae6a	415ed313	srai	x6,x29,0x15	 x29:0x87c7c000  x6=0xfffffc3e
      592882000	     29542	8000ae6e	1f7d	c.addi	x30,-1	 x30:0xffe361fb x30=0xffe361fa
      592902000	     29543	8000ae70	8f01	c.sub	x14,x8	 x14:0x00000000  x8:0x00000000 x14=0x00000000
      593002000	     29548	8000ae72	025b04b3	mul	x9,x22,x5	 x22:0xffffffff  x5:0xb9a23884  x9=0x465dc77c
      593022000	     29549	8000ae76	41de5913	srai	x18,x28,0x1d	 x28:0x00000000 x18=0x00000000
      593042000	     29550	8000ae7a	a5810f93	addi	x31,x2,-1448	  x2:0x80021e1c x31=0x80021874
      593082000	     29552	8000ae7e	3407d373	csrrwi	x6,mscratch,15	  x6=0x00000000
      593102000	     29553	8000ae82	0291	c.addi	x5,4	  x5:0xb9a23884  x5=0xb9a23888
      593182000	     29557	8000ae84	ef0d	c.bnez	x14,8000aebe	 x14:0x00000000
      593242000	     29560	8000ae86	013c9663	bne	x25,x19,8000ae92	 x25:0x0040010f x19:0x00000000
      594662000	     29631	8000ae92	ebb67f93	andi	x31,x12,-325	 x12:0x00003000 x31=0x00003000
      595082000	     29652	8000ae96	011f9333	sll	x6,x31,x17	 x31:0x00003000 x17:0x1e3a9a82  x6=0x0000c000
      595102000	     29653	8000ae9a	0d6e	c.slli	x26,0x1b	 x26:0x003ffe70 x26=0x80000000
      595262000	     29661	8000ae9c	0001	c.addi	x0,0	  x0:0x00000000  x0=0x00000000
      595342000	     29665	8000ae9e	0029d4b3	srl	x9,x19,x2	 x19:0x00000000  x2:0x80021e1c  x9=0x00000000
      595362000	     29666	8000aea2	89b1	c.andi	x11,12	 x11:0x00000000 x11=0x00000000
      595382000	     29667	8000aea4	828e	c.mv	x5,x3	  x0:0x00000000  x3:0xfffffff8  x5=0xfffffff8
      595402000	     29668	8000aea6	8461	c.srai	x8,0x18	  x8:0x00000000  x8=0x00000000
      595422000	     29669	8000aea8	34089bf3	csrrw	x23,mscratch,x17	 x17:0x1e3a9a82 x23=0x0000000f
      595442000	     29670	8000aeac	41018433	sub	x8,x3,x16	  x3:0xfffffff8 x16:0x00000000  x8=0xfffffff8
      595462000	     29671	8000aeb0	0ff0000f	fence	iorw,iorw	
      595862000	     29691	8000aeb4	9cb7ee13	ori	x28,x15,-1589	 x15:0x80025ce4 x28=0xfffffdef
      596602000	     29728	8000aeb8	03c14e33	div	x28,x2,x28	  x2:0x80021e1c x28:0xfffffdef x28=0x003df075
      596622000	     29729	8000aebc	64f9	c.lui	x9,0x1e	  x9=0x0001e000
      596642000	     29730	8000aebe	00e39593	slli	x11,x7,0xe	  x7:0xf7780000 x11=0x00000000
      596682000	     29732	8000aec2	02efa2b3	mulhsu	x5,x31,x14	 x31:0x00003000 x14:0x00000000  x5=0x00000000
      596702000	     29733	8000aec6	0001	c.addi	x0,0	  x0:0x00000000  x0=0x00000000
      596722000	     29734	8000aec8	577d	c.li	x14,-1	 x14=0xffffffff
      596742000	     29735	8000aeca	c70d	c.beqz	x14,8000aef4	 x14:0xffffffff
      596762000	     29736	8000aecc	000931b3	sltu	x3,x18,x0	 x18:0x00000000  x0:0x00000000  x3=0x00000000
      596922000	     29744	8000aed0	340032f3	csrrc	x5,mscratch,x0	  x0:0x00000000  x5=0x1e3a9a82
      597002000	     29748	8000aed4	8ea1	c.xor	x13,x8	 x13:0x00000000  x8:0xfffffff8 x13=0xfffffff8
      597022000	     29749	8000aed6	99e2	c.add	x19,x24	 x19:0x00000000 x24:0xd1f61000 x19=0xd1f61000
      597042000	     29750	8000aed8	997d	c.andi	x10,-1	 x10:0x00000000 x10=0x00000000
      597442000	     29770	8000aeda	340a1b73	csrrw	x22,mscratch,x20	 x20:0x00000000 x22=0x1e3a9a82
      597622000	     29779	8000aede	55c03c13	sltiu	x24,x0,1372	  x0:0x00000000 x24=0x00000001
      597642000	     29780	8000aee2	00ee0f63	beq	x28,x14,8000af00	 x28:0x003df075 x14:0xffffffff
      597742000	     29785	8000aee6	00f28bb3	add	x23,x5,x15	  x5:0x1e3a9a82 x15:0x80025ce4 x23=0x9e3cf766
      597762000	     29786	8000aeea	92e2	c.add	x5,x24	  x5:0x1e3a9a82 x24:0x00000001  x5=0x1e3a9a83
      598122000	     29804	8000aeec	e899	c.bnez	x9,8000af02	  x9:0x0001e000
      598662000	     29831	8000af02	8ee1	c.and	x13,x8	 x13:0xfffffff8  x8:0xfffffff8 x13=0xfffffff8
      599402000	     29868	8000af04	03e3cf33	div	x30,x7,x30	  x7:0xf7780000 x30:0xffe361fa x30=0x0000004c
      599422000	     29869	8000af08	01d6d213	srli	x4,x13,0x1d	 x13:0xfffffff8  x4=0x00000007
      599442000	     29870	8000af0c	832d	c.srli	x14,0xb	 x14:0xffffffff x14=0x001fffff
      599462000	     29871	8000af0e	014e0533	add	x10,x28,x20	 x28:0x003df075 x20:0x00000000 x10=0x003df075
      599482000	     29872	8000af12	0001	c.addi	x0,0	  x0:0x00000000  x0=0x00000000
      599502000	     29873	8000af14	6655	c.lui	x12,0x15	 x12=0x00015000
      599522000	     29874	8000af16	34041873	csrrw	x16,mscratch,x8	  x8:0xfffffff8 x16=0x00000000
      599542000	     29875	8000af1a	8ccd	c.or	x9,x11	  x9:0x0001e000 x11:0x00000000  x9=0x0001e000
      599562000	     29876	8000af1c	031ecd63	blt	x29,x17,8000af56	 x29:0x87c7c000 x17:0x1e3a9a82
      599902000	     29893	8000af56	8c8d	c.sub	x9,x11	  x9:0x0001e000 x11:0x00000000  x9=0x0001e000
      599962000	     29896	8000af58	7593a713	slti	x14,x7,1881	  x7:0xf7780000 x14=0x00000001
      599982000	     29897	8000af5c	00c8f1b3	and	x3,x17,x12	 x17:0x1e3a9a82 x12:0x00015000  x3=0x00001000
      600062000	     29901	8000af60	02b3e963	bltu	x7,x11,8000af92	  x7:0xf7780000 x11:0x00000000
      600202000	     29908	8000af64	05897163	bgeu	x18,x24,8000afa6	 x18:0x00000000 x24:0x00000001
      600222000	     29909	8000af68	0891	c.addi	x17,4	 x17:0x1e3a9a82 x17=0x1e3a9a86
      600402000	     29918	8000af6a	41f1d0b3	sra	x1,x3,x31	  x3:0x00001000 x31:0x00003000  x1=0x00001000
      600422000	     29919	8000af6e	0912	c.slli	x18,0x4	 x18:0x00000000 x18=0x00000000
      600582000	     29927	8000af70	02727163	bgeu	x4,x7,8000af92	  x4:0x00000007  x7:0xf7780000
      600602000	     29928	8000af74	02891c63	bne	x18,x8,8000afac	 x18:0x00000000  x8:0xfffffff8
      601302000	     29963	8000afac	8e62	c.mv	x28,x24	  x0:0x00000000 x24:0x00000001 x28=0x00000001
      601442000	     29970	8000afae	340615f3	csrrw	x11,mscratch,x12	 x12:0x00015000 x11=0xfffffff8
      601862000	     29991	8000afb2	017123b3	slt	x7,x2,x23	  x2:0x80021e1c x23:0x9e3cf766  x7=0x00000001
      601882000	     29992	8000afb6	0013d863	bge	x7,x1,8000afc6	  x7:0x00000001  x1:0x00001000
      602302000	     30013	8000afba	4e94fb93	andi	x23,x9,1257	  x9:0x0001e000 x23=0x00000000
      602322000	     30014	8000afbe	8f61	c.and	x14,x8	 x14:0x00000001  x8:0xfffffff8 x14=0x00000000
      602502000	     30023	8000afc0	86e5	c.srai	x13,0x19	 x13:0xfffffff8 x13=0xffffffff
      602522000	     30024	8000afc2	004b46b3	xor	x13,x22,x4	 x22:0x1e3a9a82  x4:0x00000007 x13=0x1e3a9a85
      602542000	     30025	8000afc6	340cf0f3	csrrci	x1,mscratch,25	  x1=0x00015000
      602562000	     30026	8000afca	6bf5	c.lui	x23,0x1d	 x23=0x0001d000
      603342000	     30065	8000afcc	0241d5b3	divu	x11,x3,x4	  x3:0x00001000  x4:0x00000007 x11=0x00000249
      603362000	     30066	8000afd0	0ff0000f	fence	iorw,iorw	
      603382000	     30067	8000afd4	340a5873	csrrwi	x16,mscratch,20	 x16=0x00015000
      603402000	     30068	8000afd8	3403a773	csrrs	x14,mscratch,x7	  x7:0x00000001 x14=0x00000014
      603422000	     30069	8000afdc	02f66663	bltu	x12,x15,8000b008	 x12:0x00015000 x15:0x80025ce4
      603542000	     30075	8000b008	3554fe93	andi	x29,x9,853	  x9:0x0001e000 x29=0x00000000
      603682000	     30082	8000b00c	01aa88b3	add	x17,x21,x26	 x21:0x00000009 x26:0x80000000 x17=0x80000009
      603902000	     30093	8000b010	010ccb63	blt	x25,x16,8000b026	 x25:0x0040010f x16:0x00015000
      603922000	     30094	8000b014	34007f73	csrrci	x30,mscratch,0	 x30=0x00000015
      604062000	     30101	8000b018	8801	c.andi	x8,0	  x8:0xfffffff8  x8=0x00000000
      604222000	     30109	8000b01a	019f6db3	or	x27,x30,x25	 x30:0x00000015 x25:0x0040010f x27=0x0040011f
      604442000	     30120	8000b01e	01e9d293	srli	x5,x19,0x1e	 x19:0xd1f61000  x5=0x00000003
      604482000	     30122	8000b022	03bd7763	bgeu	x26,x27,8000b050	 x26:0x80000000 x27:0x0040011f
      604842000	     30140	8000b050	8f0e	c.mv	x30,x3	  x0:0x00000000  x3:0x00001000 x30=0x00001000
      605002000	     30148	8000b052	00c2e4b3	or	x9,x5,x12	  x5:0x00000003 x12:0x00015000  x9=0x00015003
      605062000	     30151	8000b056	007b21b3	slt	x3,x22,x7	 x22:0x1e3a9a82  x7:0x00000001  x3=0x00000000
      605922000	     30194	8000b05a	03126db3	rem	x27,x4,x17	  x4:0x00000007 x17:0x80000009 x27=0x00000007
      605942000	     30195	8000b05e	034a	c.slli	x6,0x12	  x6:0x0000c000  x6=0x00000000
      605962000	     30196	8000b060	01d51213	slli	x4,x10,0x1d	 x10:0x003df075  x4=0xa0000000
      606702000	     30233	8000b064	03c06833	rem	x16,x0,x28	  x0:0x00000000 x28:0x00000001 x16=0x00000000
      606722000	     30234	8000b068	8921	c.andi	x10,8	 x10:0x003df075 x10=0x00000000
      606742000	     30235	8000b06a	8d9d	c.sub	x11,x15	 x11:0x00000249 x15:0x80025ce4 x11=0x7ffda565
      606762000	     30236	8000b06c	0031ee33	or	x28,x3,x3	  x3:0x00000000  x3:0x00000000 x28=0x00000000
      606782000	     30237	8000b070	8ef1	c.and	x13,x12	 x13:0x1e3a9a85 x12:0x00015000 x13=0x00001000
      607522000	     30274	8000b072	0354e033	rem	x0,x9,x21	  x9:0x00015003 x21:0x00000009  x0=0x00000000
      607542000	     30275	8000b076	8dd1	c.or	x11,x12	 x11:0x7ffda565 x12:0x00015000 x11=0x7ffdf565
      607562000	     30276	8000b078	340b5cf3	csrrwi	x25,mscratch,22	 x25=0x00000015
      607582000	     30277	8000b07c	9befe413	ori	x8,x31,-1602	 x31:0x00003000  x8=0xfffff9be
      607602000	     30278	8000b080	005df5b3	and	x11,x27,x5	 x27:0x00000007  x5:0x00000003 x11=0x00000003
      607622000	     30279	8000b084	c105	c.beqz	x10,8000b0a4	 x10:0x00000000
      608882000	     30342	8000b0a4	02fde833	rem	x16,x27,x15	 x27:0x00000007 x15:0x80025ce4 x16=0x00000007
      608902000	     30343	8000b0a8	03039563	bne	x7,x16,8000b0d2	  x7:0x00000001 x16:0x00000007
      609342000	     30365	8000b0d2	41f9dd93	srai	x27,x19,0x1f	 x19:0xd1f61000 x27=0xffffffff
      609462000	     30371	8000b0d6	02848db3	mul	x27,x9,x8	  x9:0x00015003  x8:0xfffff9be x27=0xf7c94d3a
      609482000	     30372	8000b0da	340331f3	csrrc	x3,mscratch,x6	  x6:0x00000000  x3=0x00000016
      609902000	     30393	8000b0de	5db1ae13	slti	x28,x3,1499	  x3:0x00000016 x28=0x00000001
      626982000	     31247	8000b0e2	0548c063	blt	x17,x20,8000b122	 x17:0x80000009 x20:0x00000000
      627802000	     31288	8000b122	023a59b3	divu	x19,x20,x3	 x20:0x00000000  x3:0x00000016 x19=0x00000000
      627822000	     31289	8000b126	0000100f	fence.i	
      627902000	     31293	8000b12a	6ed5	c.lui	x29,0x15	 x29=0x00015000
      628222000	     31309	8000b12c	927e	c.add	x4,x31	  x4:0xa0000000 x31:0x00003000  x4=0xa0003000
      628242000	     31310	8000b12e	340b54f3	csrrwi	x9,mscratch,22	  x9=0x00000016
      628662000	     31331	8000b132	04dc8163	beq	x25,x13,8000b174	 x25:0x00000015 x13:0x00001000
      628682000	     31332	8000b136	8f61	c.and	x14,x8	 x14:0x00000014  x8:0xfffff9be x14=0x00000014
      628702000	     31333	8000b138	0433f163	bgeu	x7,x3,8000b17a	  x7:0x00000001  x3:0x00000016
      628722000	     31334	8000b13c	00f2	c.slli	x1,0x1c	  x1:0x00015000  x1=0x00000000
      628742000	     31335	8000b13e	ca0d	c.beqz	x12,8000b170	 x12:0x00015000
      628762000	     31336	8000b140	001948b3	xor	x17,x18,x1	 x18:0x00000000  x1:0x00000000 x17=0x00000000
      628782000	     31337	8000b144	009cc8b3	xor	x17,x25,x9	 x25:0x00000015  x9:0x00000016 x17=0x00000003
      629182000	     31357	8000b148	011038b3	sltu	x17,x0,x17	  x0:0x00000000 x17:0x00000003 x17=0x00000001
      629442000	     31370	8000b14c	00301493	slli	x9,x0,0x3	  x0:0x00000000  x9=0x00000000
      629602000	     31378	8000b150	41a4d033	sra	x0,x9,x26	  x9:0x00000000 x26:0x80000000  x0=0x00000000
      630022000	     31399	8000b154	3405a073	csrrs	x0,mscratch,x11	 x11:0x00000003  x0=0x00000000
      630042000	     31400	8000b158	34002873	csrrs	x16,mscratch,x0	  x0:0x00000000 x16=0x00000017
      630062000	     31401	8000b15c	021986b3	mul	x13,x19,x1	 x19:0x00000000  x1:0x00000000 x13=0x00000000
      630242000	     31410	8000b160	032b1963	bne	x22,x18,8000b192	 x22:0x1e3a9a82 x18:0x00000000
      630822000	     31439	8000b192	340d3a73	csrrc	x20,mscratch,x26	 x26:0x80000000 x20=0x00000017
      630842000	     31440	8000b196	16702c93	slti	x25,x0,359	  x0:0x00000000 x25=0x00000001
      631262000	     31461	8000b19a	3401d273	csrrwi	x4,mscratch,3	  x4=0x00000017
      631282000	     31462	8000b19e	67be5cb7	lui	x25,0x67be5	 x25=0x67be5000
      631302000	     31463	8000b1a2	c6bfab93	slti	x23,x31,-917	 x31:0x00003000 x23=0x00000000
      631342000	     31465	8000b1a6	029f1a33	mulh	x20,x30,x9	 x30:0x00001000  x9:0x00000000 x20=0x00000000
      631422000	     31469	8000b1aa	8d536617	auipc	x12,0x8d536	 x12=0x0d5411aa
      631502000	     31473	8000b1ae	f69c0b93	addi	x23,x24,-151	 x24:0x00000001 x23=0xffffff6a
      631802000	     31488	8000b1b2	340d16f3	csrrw	x13,mscratch,x26	 x26:0x80000000 x13=0x00000003
      631822000	     31489	8000b1b6	017098b3	sll	x17,x1,x23	  x1:0x00000000 x23:0xffffff6a x17=0x00000000
      631842000	     31490	8000b1ba	0001	c.addi	x0,0	  x0:0x00000000  x0=0x00000000
      631982000	     31497	8000b1bc	01199193	slli	x3,x19,0x11	 x19:0x00000000  x3=0x00000000
      632402000	     31518	8000b1c0	340016f3	csrrw	x13,mscratch,x0	  x0:0x00000000 x13=0x80000000
      632462000	     31521	8000b1c4	01957c33	and	x24,x10,x25	 x10:0x00000000 x25:0x67be5000 x24=0x00000000
      632782000	     31537	8000b1c8	03ce2933	mulhsu	x18,x28,x28	 x28:0x00000001 x28:0x00000001 x18=0x00000000
      632942000	     31545	8000b1cc	048e	c.slli	x9,0x3	  x9:0x00000000  x9=0x00000000
      632982000	     31547	8000b1ce	406b80b3	sub	x1,x23,x6	 x23:0xffffff6a  x6:0x00000000  x1=0xffffff6a
      633142000	     31555	8000b1d2	76ea3017	auipc	x0,0x76ea3	  x0=0x00000000
      633242000	     31560	8000b1d6	01e66f33	or	x30,x12,x30	 x12:0x0d5411aa x30:0x00001000 x30=0x0d5411aa
      633262000	     31561	8000b1da	6f95	c.lui	x31,0x5	 x31=0x00005000
      633282000	     31562	8000b1dc	98ce	c.add	x17,x19	 x17:0x00000000 x19:0x00000000 x17=0x00000000
      633302000	     31563	8000b1de	40f75f93	srai	x31,x14,0xf	 x14:0x00000014 x31=0x00000000
      634202000	     31608	8000b1e2	0368f8b3	remu	x17,x17,x22	 x17:0x00000000 x22:0x1e3a9a82 x17=0x00000000
      634222000	     31609	8000b1e6	00674db3	xor	x27,x14,x6	 x14:0x00000014  x6:0x00000000 x27=0x00000014
      634242000	     31610	8000b1ea	8c3d	c.xor	x8,x15	  x8:0xfffff9be x15:0x80025ce4  x8=0x7ffda55a
      634262000	     31611	8000b1ec	c861ec93	ori	x25,x3,-890	  x3:0x00000000 x25=0xfffffc86
      634282000	     31612	8000b1f0	41ab8633	sub	x12,x23,x26	 x23:0xffffff6a x26:0x80000000 x12=0x7fffff6a
      634302000	     31613	8000b1f4	404bddb3	sra	x27,x23,x4	 x23:0xffffff6a  x4:0x00000017 x27=0xffffffff
      634322000	     31614	8000b1f8	00a6	c.slli	x1,0x9	  x1:0xffffff6a  x1=0xfffed400
      634342000	     31615	8000b1fa	01a3c4b3	xor	x9,x7,x26	  x7:0x00000001 x26:0x80000000  x9=0x80000001
      634762000	     31636	8000b1fe	00217663	bgeu	x2,x2,8000b20a	  x2:0x80021e1c  x2:0x80021e1c
      636182000	     31707	8000b20a	03bf4933	div	x18,x30,x27	 x30:0x0d5411aa x27:0xffffffff x18=0xf2abee56
      636202000	     31708	8000b20e	40f25333	sra	x6,x4,x15	  x4:0x00000017 x15:0x80025ce4  x6=0x00000001
      636222000	     31709	8000b212	cb97c2b7	lui	x5,0xcb97c	  x5=0xcb97c000
      636962000	     31746	8000b216	03b466b3	rem	x13,x8,x27	  x8:0x7ffda55a x27:0xffffffff x13=0x00000000
      637022000	     31749	8000b21a	4212	c.lwsp	x4,4(x2)	  x2:0x80021e1c  x4=0x80002ff8 PA:0x80021e20 load:0x80002ff8
      637042000	     31750	8000b21c	02810113	addi	x2,x2,40	  x2:0x80021e1c  x2=0x80021e44
      637062000	     31751	8000b220	807d	c.srli	x8,0x1f	  x8:0x7ffda55a  x8=0x00000000
      637082000	     31752	8000b222	00120d93	addi	x27,x4,1	  x4:0x80002ff8 x27=0x80002ff9
      637102000	     31753	8000b226	8d82	c.jr	x27	 x27:0x80002ff9
      637342000	     31765	80002ff8	0e22	c.slli	x28,0x8	 x28:0x00000001 x28=0x00000100
      637502000	     31773	80002ffa	95ecb013	sltiu	x0,x25,-1698	 x25:0xfffffc86  x0=0x00000000
      637522000	     31774	80002ffe	547d	c.li	x8,-1	  x8=0xffffffff
      638642000	     31830	80003000	02fbf5b3	remu	x11,x23,x15	 x23:0xffffff6a x15:0x80025ce4 x11=0x7ffda286
      638662000	     31831	80003004	016d0033	add	x0,x26,x22	 x26:0x80000000 x22:0x1e3a9a82  x0=0x00000000
      638682000	     31832	80003008	030aef63	bltu	x21,x16,80003046	 x21:0x00000009 x16:0x00000017
      639102000	     31853	80003046	416881b3	sub	x3,x17,x22	 x17:0x00000000 x22:0x1e3a9a82  x3=0xe1c5657e
      639202000	     31858	8000304a	3403b873	csrrc	x16,mscratch,x7	  x7:0x00000001 x16=0x00000000
      639342000	     31865	8000304e	400fd493	srai	x9,x31,0x0	 x31:0x00000000  x9=0x00000000
      639362000	     31866	80003052	0000100f	fence.i	
      639862000	     31891	80003056	8cdd	c.or	x9,x15	  x9:0x00000000 x15:0x80025ce4  x9=0x80025ce4
      639882000	     31892	80003058	00056f33	or	x30,x10,x0	 x10:0x00000000  x0:0x00000000 x30=0x00000000
      639902000	     31893	8000305c	0001	c.addi	x0,0	  x0:0x00000000  x0=0x00000000
      639922000	     31894	8000305e	03bd8fb3	mul	x31,x27,x27	 x27:0x80002ff9 x27:0x80002ff9 x31=0x08fd6031
      639942000	     31895	80003062	9c96	c.add	x25,x5	 x25:0xfffffc86  x5:0xcb97c000 x25=0xcb97bc86
      640122000	     31904	80003064	01d71293	slli	x5,x14,0x1d	 x14:0x00000014  x5=0x80000000
      640142000	     31905	80003068	8f29	c.xor	x14,x10	 x14:0x00000014 x10:0x00000000 x14=0x00000014
      640202000	     31908	8000306a	340038f3	csrrc	x17,mscratch,x0	  x0:0x00000000 x17=0x00000000
      640222000	     31909	8000306e	405fd9b3	sra	x19,x31,x5	 x31:0x08fd6031  x5:0x80000000 x19=0x08fd6031
      640642000	     31930	80003072	3400a2f3	csrrs	x5,mscratch,x1	  x1:0xfffed400  x5=0x00000000
      640662000	     31931	80003076	01272b33	slt	x22,x14,x18	 x14:0x00000014 x18:0xf2abee56 x22=0x00000000
      640802000	     31938	8000307a	00051813	slli	x16,x10,0x0	 x10:0x00000000 x16=0x00000000
      640822000	     31939	8000307e	e415	c.bnez	x8,800030aa	  x8:0xffffffff
      641222000	     31959	800030aa	340c5df3	csrrwi	x27,mscratch,24	 x27=0xfffed400
      641642000	     31980	800030ae	34075573	csrrwi	x10,mscratch,14	 x10=0x00000018
      641662000	     31981	800030b2	8955	c.andi	x10,21	 x10:0x00000018 x10=0x00000010
      641682000	     31982	800030b4	40285833	sra	x16,x16,x2	 x16:0x00000000  x2:0x80021e44 x16=0x00000000
      641942000	     31995	800030b8	38c3f613	andi	x12,x7,908	  x7:0x00000001 x12=0x00000000
      641982000	     31997	800030bc	01df0d33	add	x26,x30,x29	 x30:0x00000000 x29:0x00015000 x26=0x00015000
      642182000	     32007	800030c0	00afd693	srli	x13,x31,0xa	 x31:0x08fd6031 x13=0x00023f58
      642482000	     32022	800030c4	8f51	c.or	x14,x12	 x14:0x00000014 x12:0x00000000 x14=0x00000014
      642502000	     32023	800030c6	ee257513	andi	x10,x10,-286	 x10:0x00000010 x10=0x00000000
      642542000	     32025	800030ca	03f69d33	mulh	x26,x13,x31	 x13:0x00023f58 x31:0x08fd6031 x26=0x00001434
      642662000	     32031	800030ce	01f079b3	and	x19,x0,x31	  x0:0x00000000 x31:0x08fd6031 x19=0x00000000
      642682000	     32032	800030d2	025f9c63	bne	x31,x5,8000310a	 x31:0x08fd6031  x5:0x00000000
      643962000	     32096	8000310a	8fa2	c.mv	x31,x8	  x0:0x00000000  x8:0xffffffff x31=0xffffffff
      643982000	     32097	8000310c	03ac8233	mul	x4,x25,x26	 x25:0xcb97bc86 x26:0x00001434  x4=0x358cc338
      644002000	     32098	80003110	40678d33	sub	x26,x15,x6	 x15:0x80025ce4  x6:0x00000001 x26=0x80025ce3
      644222000	     32109	80003114	8cbd	c.xor	x9,x15	  x9:0x80025ce4 x15:0x80025ce4  x9=0x00000000
      644342000	     32115	80003116	0000100f	fence.i	
      645302000	     32163	8000311a	01c5ef63	bltu	x11,x28,80003138	 x11:0x7ffda286 x28:0x00000100
      645322000	     32164	8000311e	00f746b3	xor	x13,x14,x15	 x14:0x00000014 x15:0x80025ce4 x13=0x80025cf0
      645742000	     32185	80003122	e67ff713	andi	x14,x31,-409	 x31:0xffffffff x14=0xfffffe67
      645762000	     32186	80003126	0073e633	or	x12,x7,x7	  x7:0x00000001  x7:0x00000001 x12=0x00000001
      645782000	     32187	8000312a	8d45	c.or	x10,x9	 x10:0x00000000  x9:0x00000000 x10=0x00000000
      645802000	     32188	8000312c	fa590637	lui	x12,0xfa590	 x12=0xfa590000
      646062000	     32201	80003130	340d7773	csrrci	x14,mscratch,26	 x14=0x0000000e
      646082000	     32202	80003134	340e5b73	csrrwi	x22,mscratch,28	 x22=0x00000004
      646382000	     32217	80003138	0ff0000f	fence	iorw,iorw	
      646402000	     32218	8000313c	0062d593	srli	x11,x5,0x6	  x5:0x00000000 x11=0x00000000
      646582000	     32227	80003140	3400f0f3	csrrci	x1,mscratch,1	  x1=0x0000001c
      646742000	     32235	80003144	00e64cb3	xor	x25,x12,x14	 x12:0xfa590000 x14:0x0000000e x25=0xfa59000e
      647062000	     32251	80003148	89b1	c.andi	x11,12	 x11:0x00000000 x11=0x00000000
      647202000	     32258	8000314a	002d0563	beq	x26,x2,80003154	 x26:0x80025ce3  x2:0x80021e44
      647222000	     32259	8000314e	547d	c.li	x8,-1	  x8=0xffffffff
      647282000	     32262	80003150	0111dbb3	srl	x23,x3,x17	  x3:0xe1c5657e x17:0x00000000 x23=0xe1c5657e
      647302000	     32263	80003154	340f1e73	csrrw	x28,mscratch,x30	 x30:0x00000000 x28=0x0000001c
      647322000	     32264	80003158	408950b3	sra	x1,x18,x8	 x18:0xf2abee56  x8:0xffffffff  x1=0xffffffff
      647742000	     32285	8000315c	340b50f3	csrrwi	x1,mscratch,22	  x1=0x00000000
      647762000	     32286	80003160	038d0563	beq	x26,x24,8000318a	 x26:0x80025ce3 x24:0x00000000
      647942000	     32295	80003164	00981633	sll	x12,x16,x9	 x16:0x00000000  x9:0x00000000 x12=0x00000000
      648362000	     32316	80003168	4078d513	srai	x10,x17,0x7	 x17:0x00000000 x10=0x00000000
      648382000	     32317	8000316c	0024c6b3	xor	x13,x9,x2	  x9:0x00000000  x2:0x80021e44 x13=0x80021e44
      648402000	     32318	80003170	ed99	c.bnez	x11,8000318e	 x11:0x00000000
      648542000	     32325	80003172	340ba6f3	csrrs	x13,mscratch,x23	 x23:0xe1c5657e x13=0x00000016
      649282000	     32362	80003176	03905e33	divu	x28,x0,x25	  x0:0x00000000 x25:0xfa59000e x28=0x00000000
      649322000	     32364	8000317a	02a73233	mulhu	x4,x14,x10	 x14:0x0000000e x10:0x00000000  x4=0x00000000
      649342000	     32365	8000317e	01caa1b3	slt	x3,x21,x28	 x21:0x00000009 x28:0x00000000  x3=0x00000000
      649362000	     32366	80003182	41c204b3	sub	x9,x4,x28	  x4:0x00000000 x28:0x00000000  x9=0x00000000
      649382000	     32367	80003186	340d6f73	csrrsi	x30,mscratch,26	 x30=0xe1c5657e
      649402000	     32368	8000318a	01ce2cb3	slt	x25,x28,x28	 x28:0x00000000 x28:0x00000000 x25=0x00000000
      649422000	     32369	8000318e	89ce	c.mv	x19,x19	  x0:0x00000000 x19:0x00000000 x19=0x00000000
      649822000	     32389	80003190	8fc6	c.mv	x31,x17	  x0:0x00000000 x17:0x00000000 x31=0x00000000
      649842000	     32390	80003192	90e6	c.add	x1,x25	  x1:0x00000000 x25:0x00000000  x1=0x00000000
      650242000	     32410	80003194	8755	c.srai	x14,0x15	 x14:0x0000000e x14=0x00000000
      650422000	     32419	80003196	03f7c663	blt	x15,x31,800031c2	 x15:0x80025ce4 x31:0x00000000
      651542000	     32475	800031c2	0019e8b3	or	x17,x19,x1	 x19:0x00000000  x1:0x00000000 x17=0x00000000
      651562000	     32476	800031c6	0001	c.addi	x0,0	  x0:0x00000000  x0=0x00000000
      651702000	     32483	800031c8	0932	c.slli	x18,0xc	 x18:0xf2abee56 x18=0xbee56000
      651722000	     32484	800031ca	0000100f	fence.i	
      652762000	     32536	800031ce	1c7d	c.addi	x24,-1	 x24:0x00000000 x24=0xffffffff
      652782000	     32537	800031d0	34002573	csrrs	x10,mscratch,x0	  x0:0x00000000 x10=0xe1c5657e
      652842000	     32540	800031d4	8a29	c.andi	x12,10	 x12:0x00000000 x12=0x00000000
      652862000	     32541	800031d6	84d6	c.mv	x9,x21	  x0:0x00000000 x21:0x00000009  x9=0x00000009
      652962000	     32546	800031d8	00cf1813	slli	x16,x30,0xc	 x30:0xe1c5657e x16=0x5657e000
      652982000	     32547	800031dc	0ff0000f	fence	iorw,iorw	
      653002000	     32548	800031e0	0351c863	blt	x3,x21,80003210	  x3:0x00000000 x21:0x00000009
      653442000	     32570	80003210	0001	c.addi	x0,0	  x0:0x00000000  x0=0x00000000
      653462000	     32571	80003212	cb05	c.beqz	x14,80003242	 x14:0x00000000
      653722000	     32584	80003242	0001	c.addi	x0,0	  x0:0x00000000  x0=0x00000000
      653842000	     32590	80003244	f1ca6013	ori	x0,x20,-228	 x20:0x00000000  x0=0x00000000
      654262000	     32611	80003248	00ec5e13	srli	x28,x24,0xe	 x24:0xffffffff x28=0x0003ffff
      654682000	     32632	8000324c	960e	c.add	x12,x3	 x12:0x00000000  x3:0x00000000 x12=0x00000000
      654702000	     32633	8000324e	ef19	c.bnez	x14,8000326c	 x14:0x00000000
      654722000	     32634	80003250	0001	c.addi	x0,0	  x0:0x00000000  x0=0x00000000
      655062000	     32651	80003252	e73fb913	sltiu	x18,x31,-397	 x31:0x00000000 x18=0x00000001
      655282000	     32662	80003256	03161e33	mulh	x28,x12,x17	 x12:0x00000000 x17:0x00000000 x28=0x00000000
      655302000	     32663	8000325a	ce34ec93	ori	x25,x9,-797	  x9:0x00000009 x25=0xfffffceb
      655362000	     32666	8000325e	00241d13	slli	x26,x8,0x2	  x8:0xffffffff x26=0xfffffffc
      655382000	     32667	80003262	012b49b3	xor	x19,x22,x18	 x22:0x00000004 x18:0x00000001 x19=0x00000005
      655682000	     32682	80003266	00335c63	bge	x6,x3,8000327e	  x6:0x00000001  x3:0x00000000
      656562000	     32726	8000327e	02edbb33	mulhu	x22,x27,x14	 x27:0xfffed400 x14:0x00000000 x22=0x00000000
      656582000	     32727	80003282	340a2d73	csrrs	x26,mscratch,x20	 x20:0x00000000 x26=0xe1c5657e
      656602000	     32728	80003286	040dc893	xori	x17,x27,64	 x27:0xfffed400 x17=0xfffed440
      656702000	     32733	8000328a	1bb5f393	andi	x7,x11,443	 x11:0x00000000  x7=0x00000000
      656722000	     32734	8000328e	0001	c.addi	x0,0	  x0:0x00000000  x0=0x00000000
      657102000	     32753	80003290	4212	c.lwsp	x4,4(x2)	  x2:0x80021e44  x4=0x80002db0 PA:0x80021e48 load:0x80002db0
      657222000	     32759	80003292	01db44b3	xor	x9,x22,x29	 x22:0x00000000 x29:0x00015000  x9=0x00015000
      657582000	     32777	80003296	037b8d33	mul	x26,x23,x23	 x23:0xe1c5657e x23:0xe1c5657e x26=0xd828aa04
      657602000	     32778	8000329a	a8ec0597	auipc	x11,0xa8ec0	 x11=0x28ec329a
      657802000	     32788	8000329e	34091773	csrrw	x14,mscratch,x18	 x18:0x00000001 x14=0xe1c5657e
      657822000	     32789	800032a2	6105	c.addi16sp	x2,32	  x2:0x80021e44  x2=0x80021e64
      658022000	     32799	800032a4	8dd1	c.or	x11,x12	 x11:0x28ec329a x12:0x00000000 x11=0x28ec329a
      658042000	     32800	800032a6	885e	c.mv	x16,x23	  x0:0x00000000 x23:0xe1c5657e x16=0xe1c5657e
      658062000	     32801	800032a8	00120e13	addi	x28,x4,1	  x4:0x80002db0 x28=0x80002db1
      658082000	     32802	800032ac	8e02	c.jr	x28	 x28:0x80002db1
      658542000	     32825	80002db0	0169b633	sltu	x12,x19,x22	 x19:0x00000005 x22:0x00000000 x12=0x00000000
      658582000	     32827	80002db4	02325c33	divu	x24,x4,x3	  x4:0x80002db0  x3:0x00000000 x24=0xffffffff
      658982000	     32847	80002db8	8f7d	c.and	x14,x15	 x14:0xe1c5657e x15:0x80025ce4 x14=0x80004464
      659022000	     32849	80002dba	022f98b3	mulh	x17,x31,x2	 x31:0x00000000  x2:0x80021e64 x17=0x00000000
      659042000	     32850	80002dbe	99ce	c.add	x19,x19	 x19:0x00000005 x19:0x00000005 x19=0x0000000a
      659062000	     32851	80002dc0	01446db3	or	x27,x8,x20	  x8:0xffffffff x20:0x00000000 x27=0xffffffff
      659082000	     32852	80002dc4	2fb8fb17	auipc	x22,0x2fb8f	 x22=0xafb91dc4
      659102000	     32853	80002dc8	473f4513	xori	x10,x30,1139	 x30:0xe1c5657e x10=0xe1c5610d
      659122000	     32854	80002dcc	4059d833	sra	x16,x19,x5	 x19:0x0000000a  x5:0x00000000 x16=0x0000000a
      659562000	     32876	80002dd0	c49d	c.beqz	x9,80002dfe	  x9:0x00015000
      659642000	     32880	80002dd2	023712b3	mulh	x5,x14,x3	 x14:0x80004464  x3:0x00000000  x5=0x00000000
      659662000	     32881	80002dd6	01ad	c.addi	x3,11	  x3:0x00000000  x3=0x0000000b
      659682000	     32882	80002dd8	cc91	c.beqz	x9,80002df4	  x9:0x00015000
      659702000	     32883	80002dda	41e286b3	sub	x13,x5,x30	  x5:0x00000000 x30:0xe1c5657e x13=0x1e3a9a82
      659762000	     32886	80002dde	001f8833	add	x16,x31,x1	 x31:0x00000000  x1:0x00000000 x16=0x00000000
      659802000	     32888	80002de2	03f31633	mulh	x12,x6,x31	  x6:0x00000001 x31:0x00000000 x12=0x00000000
      659822000	     32889	80002de6	0001	c.addi	x0,0	  x0:0x00000000  x0=0x00000000
      659842000	     32890	80002de8	4106dbb3	sra	x23,x13,x16	 x13:0x1e3a9a82 x16:0x00000000 x23=0x1e3a9a82
      659862000	     32891	80002dec	8dc5	c.or	x11,x9	 x11:0x28ec329a  x9:0x00015000 x11=0x28ed729a
      659922000	     32894	80002dee	41b55833	sra	x16,x10,x27	 x10:0xe1c5610d x27:0xffffffff x16=0xffffffff
      659942000	     32895	80002df2	e189	c.bnez	x11,80002df4	 x11:0x28ed729a
      660722000	     32934	80002df4	00ea	c.slli	x1,0x1a	  x1:0x00000000  x1=0x00000000
      660742000	     32935	80002df6	8609	c.srai	x12,0x2	 x12:0x00000000 x12=0x00000000
      660762000	     32936	80002df8	340066f3	csrrsi	x13,mscratch,0	 x13=0x00000001
      660782000	     32937	80002dfc	059e	c.slli	x11,0x7	 x11:0x28ed729a x11=0x76b94d00
      660802000	     32938	80002dfe	8e49	c.or	x12,x10	 x12:0x00000000 x10:0xe1c5610d x12=0xe1c5610d
      660862000	     32941	80002e00	00a67333	and	x6,x12,x10	 x12:0xe1c5610d x10:0xe1c5610d  x6=0xe1c5610d
      661942000	     32995	80002e04	34006c73	csrrsi	x24,mscratch,0	 x24=0x00000001
      661962000	     32996	80002e08	00fa9893	slli	x17,x21,0xf	 x21:0x00000009 x17=0x00048000
      661982000	     32997	80002e0c	0089f663	bgeu	x19,x8,80002e18	 x19:0x0000000a  x8:0xffffffff
      662002000	     32998	80002e10	0001	c.addi	x0,0	  x0:0x00000000  x0=0x00000000
      662022000	     32999	80002e12	055e	c.slli	x10,0x17	 x10:0xe1c5610d x10=0x86800000
      662042000	     33000	80002e14	01816863	bltu	x2,x24,80002e24	  x2:0x80021e64 x24:0x00000001
      662262000	     33011	80002e18	0106f663	bgeu	x13,x16,80002e24	 x13:0x00000001 x16:0xffffffff
      662282000	     33012	80002e1c	01315193	srli	x3,x2,0x13	  x2:0x80021e64  x3=0x00001000
      662362000	     33016	80002e20	021e0f63	beq	x28,x1,80002e5e	 x28:0x80002db1  x1:0x00000000
      662382000	     33017	80002e24	987d	c.andi	x8,-1	  x8:0xffffffff  x8=0xffffffff
      662402000	     33018	80002e26	8c3d	c.xor	x8,x15	  x8:0xffffffff x15:0x80025ce4  x8=0x7ffda31b
      662442000	     33020	80002e28	03194463	blt	x18,x17,80002e50	 x18:0x00000001 x17:0x00048000
      663022000	     33049	80002e50	8f6d	c.and	x14,x11	 x14:0x80004464 x11:0x76b94d00 x14=0x00004400
      663442000	     33070	80002e52	02b95963	bge	x18,x11,80002e84	 x18:0x00000001 x11:0x76b94d00
      663542000	     33075	80002e56	03998c33	mul	x24,x19,x25	 x19:0x0000000a x25:0xfffffceb x24=0xffffe12e
      663562000	     33076	80002e5a	00cc1fb3	sll	x31,x24,x12	 x24:0xffffe12e x12:0xe1c5610d x31=0xfc25c000
      663642000	     33080	80002e5e	72278593	addi	x11,x15,1826	 x15:0x80025ce4 x11=0x80026406
      663702000	     33083	80002e62	412a5233	sra	x4,x20,x18	 x20:0x00000000 x18:0x00000001  x4=0x00000000
      663782000	     33087	80002e66	0327e263	bltu	x15,x18,80002e8a	 x15:0x80025ce4 x18:0x00000001
      663862000	     33091	80002e6a	0094d763	bge	x9,x9,80002e78	  x9:0x00015000  x9:0x00015000
      664882000	     33142	80002e78	4177d533	sra	x10,x15,x23	 x15:0x80025ce4 x23:0x1e3a9a82 x10=0xe0009739
      664962000	     33146	80002e7c	340fb3f3	csrrc	x7,mscratch,x31	 x31:0xfc25c000  x7=0x00000001
      665002000	     33148	80002e80	41e50db3	sub	x27,x10,x30	 x10:0xe0009739 x30:0xe1c5657e x27=0xfe3b31bb
      665022000	     33149	80002e84	8f5d	c.or	x14,x15	 x14:0x00004400 x15:0x80025ce4 x14=0x80025ce4
      665382000	     33167	80002e86	03f9f363	bgeu	x19,x31,80002eac	 x19:0x0000000a x31:0xfc25c000
      665402000	     33168	80002e8a	02300933	mul	x18,x0,x3	  x0:0x00000000  x3:0x00001000 x18=0x00000000
      665822000	     33189	80002e8e	003854b3	srl	x9,x16,x3	 x16:0xffffffff  x3:0x00001000  x9=0xffffffff
      665842000	     33190	80002e92	8f7d	c.and	x14,x15	 x14:0x80025ce4 x15:0x80025ce4 x14=0x80025ce4
      665862000	     33191	80002e94	340aacf3	csrrs	x25,mscratch,x21	 x21:0x00000009 x25=0x00000001
      666262000	     33211	80002e98	2bb76993	ori	x19,x14,699	 x14:0x80025ce4 x19=0x80025eff
      666282000	     33212	80002e9c	e501	c.bnez	x10,80002ea4	 x10:0xe0009739
      666642000	     33230	80002ea4	011353b3	srl	x7,x6,x17	  x6:0xe1c5610d x17:0x00048000  x7=0xe1c5610d
      666682000	     33232	80002ea8	34002bf3	csrrs	x23,mscratch,x0	  x0:0x00000000 x23=0x00000009
      666742000	     33235	80002eac	009fa9b3	slt	x19,x31,x9	 x31:0xfc25c000  x9:0xffffffff x19=0x00000001
      666802000	     33238	80002eb0	f76acd13	xori	x26,x21,-138	 x21:0x00000009 x26=0xffffff7f
      666982000	     33247	80002eb4	01064263	blt	x12,x16,80002eb8	 x12:0xe1c5610d x16:0xffffffff
      667322000	     33264	80002eb8	8359	c.srli	x14,0x16	 x14:0x80025ce4 x14=0x00000200
      667342000	     33265	80002eba	0000100f	fence.i	
      667922000	     33294	80002ebe	ce777293	andi	x5,x14,-793	 x14:0x00000200  x5=0x00000000
      667942000	     33295	80002ec2	405b85b3	sub	x11,x23,x5	 x23:0x00000009  x5:0x00000000 x11=0x00000009
      667962000	     33296	80002ec6	01165663	bge	x12,x17,80002ed2	 x12:0xe1c5610d x17:0x00048000
      668062000	     33301	80002eca	010bd013	srli	x0,x23,0x10	 x23:0x00000009  x0=0x00000000
      668162000	     33306	80002ece	001d2fb3	slt	x31,x26,x1	 x26:0xffffff7f  x1:0x00000000 x31=0x00000001
      668362000	     33316	80002ed2	6f1c11b7	lui	x3,0x6f1c1	  x3=0x6f1c1000
      668382000	     33317	80002ed6	3402da73	csrrwi	x20,mscratch,5	 x20=0x00000009
      668402000	     33318	80002eda	bfd82393	slti	x7,x16,-1027	 x16:0xffffffff  x7=0x00000000
      668582000	     33327	80002ede	34025b73	csrrwi	x22,mscratch,4	 x22=0x00000005
      668742000	     33335	80002ee2	11a27413	andi	x8,x4,282	  x4:0x00000000  x8=0x00000000
      669102000	     33353	80002ee6	00571663	bne	x14,x5,80002ef2	 x14:0x00000200  x5:0x00000000
      669402000	     33368	80002ef2	00265533	srl	x10,x12,x2	 x12:0xe1c5610d  x2:0x80021e64 x10=0x0e1c5610
      669582000	     33377	80002ef6	01e15393	srli	x7,x2,0x1e	  x2:0x80021e64  x7=0x00000002
      669602000	     33378	80002efa	009a4433	xor	x8,x20,x9	 x20:0x00000009  x9:0xffffffff  x8=0xfffffff6
      669622000	     33379	80002efe	52f70db7	lui	x27,0x52f70	 x27=0x52f70000
      669882000	     33392	80002f02	01d85b13	srli	x22,x16,0x1d	 x16:0xffffffff x22=0x00000007
      669902000	     33393	80002f06	0080ebb3	or	x23,x1,x8	  x1:0x00000000  x8:0xfffffff6 x23=0xfffffff6
      669922000	     33394	80002f0a	0000100f	fence.i	
      670262000	     33411	80002f0e	340df373	csrrci	x6,mscratch,27	  x6=0x00000004
      670442000	     33420	80002f12	4095dcb3	sra	x25,x11,x9	 x11:0x00000009  x9:0xffffffff x25=0x00000000
      670522000	     33424	80002f16	0292ac33	mulhsu	x24,x5,x9	  x5:0x00000000  x9:0xffffffff x24=0x00000000
      670542000	     33425	80002f1a	0012ba33	sltu	x20,x5,x1	  x5:0x00000000  x1:0x00000000 x20=0x00000000
      670562000	     33426	80002f1e	340066f3	csrrsi	x13,mscratch,0	 x13=0x00000004
      670582000	     33427	80002f22	34056cf3	csrrsi	x25,mscratch,10	 x25=0x00000004
      670742000	     33435	80002f26	00ee4d33	xor	x26,x28,x14	 x28:0x80002db1 x14:0x00000200 x26=0x80002fb1
      670942000	     33445	80002f2a	29d97193	andi	x3,x18,669	 x18:0x00000000  x3=0x00000000
      670962000	     33446	80002f2e	0001	c.addi	x0,0	  x0:0x00000000  x0=0x00000000
      671362000	     33466	80002f30	0ff0000f	fence	iorw,iorw	
      671382000	     33467	80002f34	d18b0a13	addi	x20,x22,-744	 x22:0x00000007 x20=0xfffffd1f
      671402000	     33468	80002f38	0072a433	slt	x8,x5,x7	  x5:0x00000000  x7:0x00000002  x8=0x00000001
      671822000	     33489	80002f3c	5dfd	c.li	x27,-1	 x27=0xffffffff
      671842000	     33490	80002f3e	8d5d	c.or	x10,x15	 x10:0x0e1c5610 x15:0x80025ce4 x10=0x8e1e5ef4
      671862000	     33491	80002f40	00eef533	and	x10,x29,x14	 x29:0x00015000 x14:0x00000200 x10=0x00000000
      671882000	     33492	80002f44	8a32	c.mv	x20,x12	  x0:0x00000000 x12:0xe1c5610d x20=0xe1c5610d
      671902000	     33493	80002f46	e099	c.bnez	x9,80002f4c	  x9:0xffffffff
      672922000	     33544	80002f4c	02c47333	remu	x6,x8,x12	  x8:0x00000001 x12:0xe1c5610d  x6=0x00000001
      672942000	     33545	80002f50	507cee93	ori	x29,x25,1287	 x25:0x00000004 x29=0x00000507
      672962000	     33546	80002f54	41615eb3	sra	x29,x2,x22	  x2:0x80021e64 x22:0x00000007 x29=0xff00043c
      672982000	     33547	80002f58	340ba273	csrrs	x4,mscratch,x23	 x23:0xfffffff6  x4=0x0000000e
      673002000	     33548	80002f5c	0001	c.addi	x0,0	  x0:0x00000000  x0=0x00000000
      673022000	     33549	80002f5e	0001	c.addi	x0,0	  x0:0x00000000  x0=0x00000000
      673262000	     33561	80002f60	00ed5213	srli	x4,x26,0xe	 x26:0x80002fb1  x4=0x00020000
      673682000	     33582	80002f64	4bd5ec13	ori	x24,x11,1213	 x11:0x00000009 x24=0x000004bd
      673702000	     33583	80002f68	cc198913	addi	x18,x19,-831	 x19:0x00000001 x18=0xfffffcc2
      673722000	     33584	80002f6c	8d61	c.and	x10,x8	 x10:0x00000000  x8:0x00000001 x10=0x00000000
      673742000	     33585	80002f6e	00107b33	and	x22,x0,x1	  x0:0x00000000  x1:0x00000000 x22=0x00000000
      673762000	     33586	80002f72	8e69	c.and	x12,x10	 x12:0xe1c5610d x10:0x00000000 x12=0x00000000
      673782000	     33587	80002f74	418206b3	sub	x13,x4,x24	  x4:0x00020000 x24:0x000004bd x13=0x0001fb43
      674762000	     33636	80002f78	03d7d733	divu	x14,x15,x29	 x15:0x80025ce4 x29:0xff00043c x14=0x00000000
      674782000	     33637	80002f7c	938a	c.add	x7,x2	  x7:0x00000002  x2:0x80021e64  x7=0x80021e66
      674822000	     33639	80002f7e	021f43b3	div	x7,x30,x1	 x30:0xe1c5657e  x1:0x00000000  x7=0xffffffff
      674842000	     33640	80002f82	41625c33	sra	x24,x4,x22	  x4:0x00020000 x22:0x00000000 x24=0x00020000
      674862000	     33641	80002f86	0211f063	bgeu	x3,x1,80002fa6	  x3:0x00000000  x1:0x00000000
      675022000	     33649	80002fa6	40c38fb3	sub	x31,x7,x12	  x7:0xffffffff x12:0x00000000 x31=0xffffffff
      675162000	     33656	80002faa	01ae9963	bne	x29,x26,80002fbc	 x29:0xff00043c x26:0x80002fb1
      676042000	     33700	80002fbc	34006cf3	csrrsi	x25,mscratch,0	 x25=0xfffffffe
      676162000	     33706	80002fc0	ffffda97	auipc	x21,0xffffd	 x21=0x7fffffc0
      676182000	     33707	80002fc4	3c8a8a93	addi	x21,x21,968	 x21:0x7fffffc0 x21=0x80000388
      676262000	     33711	80002fc8	000a8067	jalr	x0,0(x21)	 x21:0x80000388  x0=0x00000000
      676562000	     33726	80000388	90000537	lui	x10,0x90000	 x10=0x90000000
      676782000	     33737	8000038c	1561	c.addi	x10,-8	 x10:0x90000000 x10=0x8ffffff8
      676802000	     33738	8000038e	4c81	c.li	x25,0	 x25=0x00000000
      676942000	     33745	80000390	0ca2	c.slli	x25,0x8	 x25:0x00000000 x25=0x00000000
      676962000	     33746	80000392	0c85	c.addi	x25,1	 x25:0x00000000 x25=0x00000001
      677022000	     33749	80000394	01952023	sw	x25,0(x10)	 x10:0x8ffffff8 x25:0x00000001 PA:0x8ffffff8 store:0x00000001 load:0xffffffff
      677262000	     33761	80000398	00000073	ecall	
      688982000	     34347	80002000	0800006f	jal	x0,80002080	  x0=0x00000000
      689682000	     34382	80002080	17f1	c.addi	x15,-4	 x15:0x80025ce4 x15=0x80025ce0
      690142000	     34405	80002082	0027a023	sw	x2,0(x15)	 x15:0x80025ce0  x2:0x80021e64 PA:0x80025ce0 store:0x80021e64 load:0xffffffff
      690162000	     34406	80002086	00078133	add	x2,x15,x0	 x15:0x80025ce0  x0:0x00000000  x2=0x80025ce0
      690182000	     34407	8000208a	7119	c.addi16sp	x2,-128	  x2:0x80025ce0  x2=0x80025c60
      690302000	     34413	8000208c	c206	c.swsp	x1,4(x2)	  x2:0x80025c60  x1:0x00000000 PA:0x80025c64 store:0x00000000 load:0xffffffff
      690322000	     34414	8000208e	c40a	c.swsp	x2,8(x2)	  x2:0x80025c60  x2:0x80025c60 PA:0x80025c68 store:0x80025c60 load:0xffffffff
      690462000	     34421	80002090	c60e	c.swsp	x3,12(x2)	  x2:0x80025c60  x3:0x00000000 PA:0x80025c6c store:0x00000000 load:0xffffffff
      690522000	     34424	80002092	c812	c.swsp	x4,16(x2)	  x2:0x80025c60  x4:0x00020000 PA:0x80025c70 store:0x00020000 load:0xffffffff
      690702000	     34433	80002094	ca16	c.swsp	x5,20(x2)	  x2:0x80025c60  x5:0x00000000 PA:0x80025c74 store:0x00000000 load:0xffffffff
      690922000	     34444	80002096	cc1a	c.swsp	x6,24(x2)	  x2:0x80025c60  x6:0x00000001 PA:0x80025c78 store:0x00000001 load:0xffffffff
      690982000	     34447	80002098	ce1e	c.swsp	x7,28(x2)	  x2:0x80025c60  x7:0xffffffff PA:0x80025c7c store:0xffffffff load:0xffffffff
      691002000	     34448	8000209a	d022	c.swsp	x8,32(x2)	  x2:0x80025c60  x8:0x00000001 PA:0x80025c80 store:0x00000001 load:0xffffffff
      691022000	     34449	8000209c	d226	c.swsp	x9,36(x2)	  x2:0x80025c60  x9:0xffffffff PA:0x80025c84 store:0xffffffff load:0xffffffff
      691062000	     34451	8000209e	d42a	c.swsp	x10,40(x2)	  x2:0x80025c60 x10:0x8ffffff8 PA:0x80025c88 store:0x8ffffff8 load:0xffffffff
      691182000	     34457	800020a0	d62e	c.swsp	x11,44(x2)	  x2:0x80025c60 x11:0x00000009 PA:0x80025c8c store:0x00000009 load:0xffffffff
      691242000	     34460	800020a2	d832	c.swsp	x12,48(x2)	  x2:0x80025c60 x12:0x00000000 PA:0x80025c90 store:0x00000000 load:0xffffffff
      691542000	     34475	800020a4	da36	c.swsp	x13,52(x2)	  x2:0x80025c60 x13:0x0001fb43 PA:0x80025c94 store:0x0001fb43 load:0xffffffff
      692062000	     34501	800020a6	dc3a	c.swsp	x14,56(x2)	  x2:0x80025c60 x14:0x00000000 PA:0x80025c98 store:0x00000000 load:0xffffffff
      692482000	     34522	800020a8	de3e	c.swsp	x15,60(x2)	  x2:0x80025c60 x15:0x80025ce0 PA:0x80025c9c store:0x80025ce0 load:0xffffffff
      692562000	     34526	800020aa	c0c2	c.swsp	x16,64(x2)	  x2:0x80025c60 x16:0xffffffff PA:0x80025ca0 store:0xffffffff load:0xffffffff
      692582000	     34527	800020ac	c2c6	c.swsp	x17,68(x2)	  x2:0x80025c60 x17:0x00048000 PA:0x80025ca4 store:0x00048000 load:0xffffffff
      693022000	     34549	800020ae	c4ca	c.swsp	x18,72(x2)	  x2:0x80025c60 x18:0xfffffcc2 PA:0x80025ca8 store:0xfffffcc2 load:0xffffffff
      693482000	     34572	800020b0	c6ce	c.swsp	x19,76(x2)	  x2:0x80025c60 x19:0x00000001 PA:0x80025cac store:0x00000001 load:0xffffffff
      693722000	     34584	800020b2	c8d2	c.swsp	x20,80(x2)	  x2:0x80025c60 x20:0xe1c5610d PA:0x80025cb0 store:0xe1c5610d load:0xffffffff
      693782000	     34587	800020b4	cad6	c.swsp	x21,84(x2)	  x2:0x80025c60 x21:0x80000388 PA:0x80025cb4 store:0x80000388 load:0xffffffff
      693982000	     34597	800020b6	ccda	c.swsp	x22,88(x2)	  x2:0x80025c60 x22:0x00000000 PA:0x80025cb8 store:0x00000000 load:0xffffffff
      694042000	     34600	800020b8	cede	c.swsp	x23,92(x2)	  x2:0x80025c60 x23:0xfffffff6 PA:0x80025cbc store:0xfffffff6 load:0xffffffff
      694462000	     34621	800020ba	d0e2	c.swsp	x24,96(x2)	  x2:0x80025c60 x24:0x00020000 PA:0x80025cc0 store:0x00020000 load:0xffffffff
      694522000	     34624	800020bc	d2e6	c.swsp	x25,100(x2)	  x2:0x80025c60 x25:0x00000001 PA:0x80025cc4 store:0x00000001 load:0xffffffff
      694542000	     34625	800020be	d4ea	c.swsp	x26,104(x2)	  x2:0x80025c60 x26:0x80002fb1 PA:0x80025cc8 store:0x80002fb1 load:0xffffffff
      694562000	     34626	800020c0	d6ee	c.swsp	x27,108(x2)	  x2:0x80025c60 x27:0xffffffff PA:0x80025ccc store:0xffffffff load:0xffffffff
      694582000	     34627	800020c2	d8f2	c.swsp	x28,112(x2)	  x2:0x80025c60 x28:0x80002db1 PA:0x80025cd0 store:0x80002db1 load:0xffffffff
      694782000	     34637	800020c4	daf6	c.swsp	x29,116(x2)	  x2:0x80025c60 x29:0xff00043c PA:0x80025cd4 store:0xff00043c load:0xffffffff
      695242000	     34660	800020c6	dcfa	c.swsp	x30,120(x2)	  x2:0x80025c60 x30:0xe1c5657e PA:0x80025cd8 store:0xe1c5657e load:0xffffffff
      695302000	     34663	800020c8	defe	c.swsp	x31,124(x2)	  x2:0x80025c60 x31:0xffffffff PA:0x80025cdc store:0xffffffff load:0xffffffff
      695322000	     34664	800020ca	000107b3	add	x15,x2,x0	  x2:0x80025c60  x0:0x00000000 x15=0x80025c60
      695342000	     34665	800020ce	90000537	lui	x10,0x90000	 x10=0x90000000
      695362000	     34666	800020d2	1571	c.addi	x10,-4	 x10:0x90000000 x10=0x8ffffffc
      695382000	     34667	800020d4	4ca1	c.li	x25,8	 x25=0x00000008
      695402000	     34668	800020d6	0ca2	c.slli	x25,0x8	 x25:0x00000008 x25=0x00000800
      695422000	     34669	800020d8	000c8c93	addi	x25,x25,0	 x25:0x00000800 x25=0x00000800
      695482000	     34672	800020dc	01952023	sw	x25,0(x10)	 x10:0x8ffffffc x25:0x00000800 PA:0x8ffffffc store:0x00000800 load:0xffffffff
      695582000	     34677	800020e0	34102cf3	csrrs	x25,mepc,x0	  x0:0x00000000 x25=0x80000398
      696002000	     34698	800020e4	34202cf3	csrrs	x25,mcause,x0	  x0:0x00000000 x25=0x0000000b
      696422000	     34719	800020e8	450d	c.li	x10,3	 x10=0x00000003
      696442000	     34720	800020ea	00ac9463	bne	x25,x10,800020f2	 x25:0x0000000b x10:0x00000003
      697142000	     34755	800020f2	4521	c.li	x10,8	 x10=0x00000008
      697162000	     34756	800020f4	04ac8d63	beq	x25,x10,8000214e	 x25:0x0000000b x10:0x00000008
      697182000	     34757	800020f8	4525	c.li	x10,9	 x10=0x00000009
      697202000	     34758	800020fa	04ac8a63	beq	x25,x10,8000214e	 x25:0x0000000b x10:0x00000009
      697222000	     34759	800020fe	452d	c.li	x10,11	 x10=0x0000000b
      697242000	     34760	80002100	04ac8763	beq	x25,x10,8000214e	 x25:0x0000000b x10:0x0000000b
      698302000	     34813	8000214e	90000537	lui	x10,0x90000	 x10=0x90000000
      698322000	     34814	80002152	1571	c.addi	x10,-4	 x10:0x90000000 x10=0x8ffffffc
      698342000	     34815	80002154	6c85	c.lui	x25,0x1	 x25=0x00001000
      698362000	     34816	80002156	b00c8c93	addi	x25,x25,-1280	 x25:0x00001000 x25=0x00000b00
      698382000	     34817	8000215a	0ca2	c.slli	x25,0x8	 x25:0x00000b00 x25=0x000b0000
      698402000	     34818	8000215c	0c8d	c.addi	x25,3	 x25:0x000b0000 x25=0x000b0003
      698642000	     34830	8000215e	01952023	sw	x25,0(x10)	 x10:0x8ffffffc x25:0x000b0003 PA:0x8ffffffc store:0x000b0003 load:0xffffffff
      699022000	     34849	80002162	b0002cf3	csrrs	x25,mcycle,x0	  x0:0x00000000 x25=0x0000881e
      699562000	     34876	80002166	01952023	sw	x25,0(x10)	 x10:0x8ffffffc x25:0x0000881e PA:0x8ffffffc store:0x0000881e load:0xffffffff
      699862000	     34891	8000216a	90000537	lui	x10,0x90000	 x10=0x90000000
      699882000	     34892	8000216e	1571	c.addi	x10,-4	 x10:0x90000000 x10=0x8ffffffc
      699902000	     34893	80002170	6c85	c.lui	x25,0x1	 x25=0x00001000
      699942000	     34895	80002172	b80c8c93	addi	x25,x25,-1152	 x25:0x00001000 x25=0x00000b80
      699962000	     34896	80002176	0ca2	c.slli	x25,0x8	 x25:0x00000b80 x25=0x000b8000
      699982000	     34897	80002178	0c8d	c.addi	x25,3	 x25:0x000b8000 x25=0x000b8003
      700382000	     34917	8000217a	01952023	sw	x25,0(x10)	 x10:0x8ffffffc x25:0x000b8003 PA:0x8ffffffc store:0x000b8003 load:0xffffffff
      700402000	     34918	8000217e	b8002cf3	csrrs	x25,mcycleh,x0	  x0:0x00000000 x25=0x00000000
      700462000	     34921	80002182	01952023	sw	x25,0(x10)	 x10:0x8ffffffc x25:0x00000000 PA:0x8ffffffc store:0x00000000 load:0xffffffff
      700822000	     34939	80002186	90000537	lui	x10,0x90000	 x10=0x90000000
      700842000	     34940	8000218a	1571	c.addi	x10,-4	 x10:0x90000000 x10=0x8ffffffc
      700862000	     34941	8000218c	6c85	c.lui	x25,0x1	 x25=0x00001000
      700982000	     34947	8000218e	b03c8c93	addi	x25,x25,-1277	 x25:0x00001000 x25=0x00000b03
      701002000	     34948	80002192	0ca2	c.slli	x25,0x8	 x25:0x00000b03 x25=0x000b0300
      701022000	     34949	80002194	0c8d	c.addi	x25,3	 x25:0x000b0300 x25=0x000b0303
      701082000	     34952	80002196	01952023	sw	x25,0(x10)	 x10:0x8ffffffc x25:0x000b0303 PA:0x8ffffffc store:0x000b0303 load:0xffffffff
      701102000	     34953	8000219a	b0302cf3	csrrs	x25,mhpmcounter3,x0	  x0:0x00000000 x25=0x0000010c
      701122000	     34954	8000219e	01952023	sw	x25,0(x10)	 x10:0x8ffffffc x25:0x0000010c PA:0x8ffffffc store:0x0000010c load:0xffffffff
      701142000	     34955	800021a2	90000537	lui	x10,0x90000	 x10=0x90000000
      701162000	     34956	800021a6	1571	c.addi	x10,-4	 x10:0x90000000 x10=0x8ffffffc
      701442000	     34970	800021a8	6c85	c.lui	x25,0x1	 x25=0x00001000
      701462000	     34971	800021aa	b83c8c93	addi	x25,x25,-1149	 x25:0x00001000 x25=0x00000b83
      701482000	     34972	800021ae	0ca2	c.slli	x25,0x8	 x25:0x00000b83 x25=0x000b8300
      701502000	     34973	800021b0	0c8d	c.addi	x25,3	 x25:0x000b8300 x25=0x000b8303
      702102000	     35003	800021b2	01952023	sw	x25,0(x10)	 x10:0x8ffffffc x25:0x000b8303 PA:0x8ffffffc store:0x000b8303 load:0xffffffff
      702122000	     35004	800021b6	b8302cf3	csrrs	x25,mhpmcounter3h,x0	  x0:0x00000000 x25=0x00000000
      702442000	     35020	800021ba	01952023	sw	x25,0(x10)	 x10:0x8ffffffc x25:0x00000000 PA:0x8ffffffc store:0x00000000 load:0xffffffff
      702462000	     35021	800021be	90000537	lui	x10,0x90000	 x10=0x90000000
      702482000	     35022	800021c2	1571	c.addi	x10,-4	 x10:0x90000000 x10=0x8ffffffc
      702502000	     35023	800021c4	6c85	c.lui	x25,0x1	 x25=0x00001000
      702822000	     35039	800021c6	b04c8c93	addi	x25,x25,-1276	 x25:0x00001000 x25=0x00000b04
      702842000	     35040	800021ca	0ca2	c.slli	x25,0x8	 x25:0x00000b04 x25=0x000b0400
      702862000	     35041	800021cc	0c8d	c.addi	x25,3	 x25:0x000b0400 x25=0x000b0403
      703322000	     35064	800021ce	01952023	sw	x25,0(x10)	 x10:0x8ffffffc x25:0x000b0403 PA:0x8ffffffc store:0x000b0403 load:0xffffffff
      703342000	     35065	800021d2	b0402cf3	csrrs	x25,mhpmcounter4,x0	  x0:0x00000000 x25=0x0000461f
      703402000	     35068	800021d6	01952023	sw	x25,0(x10)	 x10:0x8ffffffc x25:0x0000461f PA:0x8ffffffc store:0x0000461f load:0xffffffff
      703422000	     35069	800021da	90000537	lui	x10,0x90000	 x10=0x90000000
      703442000	     35070	800021de	1571	c.addi	x10,-4	 x10:0x90000000 x10=0x8ffffffc
      703462000	     35071	800021e0	6c85	c.lui	x25,0x1	 x25=0x00001000
      703482000	     35072	800021e2	b84c8c93	addi	x25,x25,-1148	 x25:0x00001000 x25=0x00000b84
      703502000	     35073	800021e6	0ca2	c.slli	x25,0x8	 x25:0x00000b84 x25=0x000b8400
      703522000	     35074	800021e8	0c8d	c.addi	x25,3	 x25:0x000b8400 x25=0x000b8403
      703822000	     35089	800021ea	01952023	sw	x25,0(x10)	 x10:0x8ffffffc x25:0x000b8403 PA:0x8ffffffc store:0x000b8403 load:0xffffffff
      703842000	     35090	800021ee	b8402cf3	csrrs	x25,mhpmcounter4h,x0	  x0:0x00000000 x25=0x00000000
      703982000	     35097	800021f2	01952023	sw	x25,0(x10)	 x10:0x8ffffffc x25:0x00000000 PA:0x8ffffffc store:0x00000000 load:0xffffffff
      704002000	     35098	800021f6	90000537	lui	x10,0x90000	 x10=0x90000000
      704022000	     35099	800021fa	1571	c.addi	x10,-4	 x10:0x90000000 x10=0x8ffffffc
      704042000	     35100	800021fc	6c85	c.lui	x25,0x1	 x25=0x00001000
      704062000	     35101	800021fe	b05c8c93	addi	x25,x25,-1275	 x25:0x00001000 x25=0x00000b05
      704082000	     35102	80002202	0ca2	c.slli	x25,0x8	 x25:0x00000b05 x25=0x000b0500
      704102000	     35103	80002204	0c8d	c.addi	x25,3	 x25:0x000b0500 x25=0x000b0503
      704762000	     35136	80002206	01952023	sw	x25,0(x10)	 x10:0x8ffffffc x25:0x000b0503 PA:0x8ffffffc store:0x000b0503 load:0xffffffff
      704782000	     35137	8000220a	b0502cf3	csrrs	x25,mhpmcounter5,x0	  x0:0x00000000 x25=0x00000004
      705162000	     35156	8000220e	01952023	sw	x25,0(x10)	 x10:0x8ffffffc x25:0x00000004 PA:0x8ffffffc store:0x00000004 load:0xffffffff
      705182000	     35157	80002212	90000537	lui	x10,0x90000	 x10=0x90000000
      705202000	     35158	80002216	1571	c.addi	x10,-4	 x10:0x90000000 x10=0x8ffffffc
      705222000	     35159	80002218	6c85	c.lui	x25,0x1	 x25=0x00001000
      705242000	     35160	8000221a	b85c8c93	addi	x25,x25,-1147	 x25:0x00001000 x25=0x00000b85
      705262000	     35161	8000221e	0ca2	c.slli	x25,0x8	 x25:0x00000b85 x25=0x000b8500
      705282000	     35162	80002220	0c8d	c.addi	x25,3	 x25:0x000b8500 x25=0x000b8503
      705442000	     35170	80002222	01952023	sw	x25,0(x10)	 x10:0x8ffffffc x25:0x000b8503 PA:0x8ffffffc store:0x000b8503 load:0xffffffff
      705462000	     35171	80002226	b8502cf3	csrrs	x25,mhpmcounter5h,x0	  x0:0x00000000 x25=0x00000000
      705602000	     35178	8000222a	01952023	sw	x25,0(x10)	 x10:0x8ffffffc x25:0x00000000 PA:0x8ffffffc store:0x00000000 load:0xffffffff
      705622000	     35179	8000222e	90000537	lui	x10,0x90000	 x10=0x90000000
      705642000	     35180	80002232	1571	c.addi	x10,-4	 x10:0x90000000 x10=0x8ffffffc
      705662000	     35181	80002234	6c85	c.lui	x25,0x1	 x25=0x00001000
      705682000	     35182	80002236	b06c8c93	addi	x25,x25,-1274	 x25:0x00001000 x25=0x00000b06
      705702000	     35183	8000223a	0ca2	c.slli	x25,0x8	 x25:0x00000b06 x25=0x000b0600
      705742000	     35185	8000223c	0c8d	c.addi	x25,3	 x25:0x000b0600 x25=0x000b0603
      705962000	     35196	8000223e	01952023	sw	x25,0(x10)	 x10:0x8ffffffc x25:0x000b0603 PA:0x8ffffffc store:0x000b0603 load:0xffffffff
      706082000	     35202	80002242	b0602cf3	csrrs	x25,mhpmcounter6,x0	  x0:0x00000000 x25=0x0000003c
      706542000	     35225	80002246	01952023	sw	x25,0(x10)	 x10:0x8ffffffc x25:0x0000003c PA:0x8ffffffc store:0x0000003c load:0xffffffff
      706562000	     35226	8000224a	90000537	lui	x10,0x90000	 x10=0x90000000
      706582000	     35227	8000224e	1571	c.addi	x10,-4	 x10:0x90000000 x10=0x8ffffffc
      706642000	     35230	80002250	6c85	c.lui	x25,0x1	 x25=0x00001000
      706662000	     35231	80002252	b86c8c93	addi	x25,x25,-1146	 x25:0x00001000 x25=0x00000b86
      706682000	     35232	80002256	0ca2	c.slli	x25,0x8	 x25:0x00000b86 x25=0x000b8600
      706762000	     35236	80002258	0c8d	c.addi	x25,3	 x25:0x000b8600 x25=0x000b8603
      707062000	     35251	8000225a	01952023	sw	x25,0(x10)	 x10:0x8ffffffc x25:0x000b8603 PA:0x8ffffffc store:0x000b8603 load:0xffffffff
      707082000	     35252	8000225e	b8602cf3	csrrs	x25,mhpmcounter6h,x0	  x0:0x00000000 x25=0x00000000
      707482000	     35272	80002262	01952023	sw	x25,0(x10)	 x10:0x8ffffffc x25:0x00000000 PA:0x8ffffffc store:0x00000000 load:0xffffffff
      707502000	     35273	80002266	90000537	lui	x10,0x90000	 x10=0x90000000
      707522000	     35274	8000226a	1571	c.addi	x10,-4	 x10:0x90000000 x10=0x8ffffffc
      707542000	     35275	8000226c	6c85	c.lui	x25,0x1	 x25=0x00001000
      707562000	     35276	8000226e	b07c8c93	addi	x25,x25,-1273	 x25:0x00001000 x25=0x00000b07
      707582000	     35277	80002272	0ca2	c.slli	x25,0x8	 x25:0x00000b07 x25=0x000b0700
      707762000	     35286	80002274	0c8d	c.addi	x25,3	 x25:0x000b0700 x25=0x000b0703
      707822000	     35289	80002276	01952023	sw	x25,0(x10)	 x10:0x8ffffffc x25:0x000b0703 PA:0x8ffffffc store:0x000b0703 load:0xffffffff
      708142000	     35305	8000227a	b0702cf3	csrrs	x25,mhpmcounter7,x0	  x0:0x00000000 x25=0x00000042
      708602000	     35328	8000227e	01952023	sw	x25,0(x10)	 x10:0x8ffffffc x25:0x00000042 PA:0x8ffffffc store:0x00000042 load:0xffffffff
      708622000	     35329	80002282	90000537	lui	x10,0x90000	 x10=0x90000000
      708642000	     35330	80002286	1571	c.addi	x10,-4	 x10:0x90000000 x10=0x8ffffffc
      708702000	     35333	80002288	6c85	c.lui	x25,0x1	 x25=0x00001000
      708762000	     35336	8000228a	b87c8c93	addi	x25,x25,-1145	 x25:0x00001000 x25=0x00000b87
      708782000	     35337	8000228e	0ca2	c.slli	x25,0x8	 x25:0x00000b87 x25=0x000b8700
      708802000	     35338	80002290	0c8d	c.addi	x25,3	 x25:0x000b8700 x25=0x000b8703
      709402000	     35368	80002292	01952023	sw	x25,0(x10)	 x10:0x8ffffffc x25:0x000b8703 PA:0x8ffffffc store:0x000b8703 load:0xffffffff
      709422000	     35369	80002296	b8702cf3	csrrs	x25,mhpmcounter7h,x0	  x0:0x00000000 x25=0x00000000
      709842000	     35390	8000229a	01952023	sw	x25,0(x10)	 x10:0x8ffffffc x25:0x00000000 PA:0x8ffffffc store:0x00000000 load:0xffffffff
      709862000	     35391	8000229e	90000537	lui	x10,0x90000	 x10=0x90000000
      709882000	     35392	800022a2	1571	c.addi	x10,-4	 x10:0x90000000 x10=0x8ffffffc
      710042000	     35400	800022a4	6c85	c.lui	x25,0x1	 x25=0x00001000
      710062000	     35401	800022a6	b08c8c93	addi	x25,x25,-1272	 x25:0x00001000 x25=0x00000b08
      710082000	     35402	800022aa	0ca2	c.slli	x25,0x8	 x25:0x00000b08 x25=0x000b0800
      710482000	     35422	800022ac	0c8d	c.addi	x25,3	 x25:0x000b0800 x25=0x000b0803
      710662000	     35431	800022ae	01952023	sw	x25,0(x10)	 x10:0x8ffffffc x25:0x000b0803 PA:0x8ffffffc store:0x000b0803 load:0xffffffff
      710682000	     35432	800022b2	b0802cf3	csrrs	x25,mhpmcounter8,x0	  x0:0x00000000 x25=0x000001a6
      710762000	     35436	800022b6	01952023	sw	x25,0(x10)	 x10:0x8ffffffc x25:0x000001a6 PA:0x8ffffffc store:0x000001a6 load:0xffffffff
      710782000	     35437	800022ba	90000537	lui	x10,0x90000	 x10=0x90000000
      710802000	     35438	800022be	1571	c.addi	x10,-4	 x10:0x90000000 x10=0x8ffffffc
      711162000	     35456	800022c0	6c85	c.lui	x25,0x1	 x25=0x00001000
      711182000	     35457	800022c2	b88c8c93	addi	x25,x25,-1144	 x25:0x00001000 x25=0x00000b88
      711202000	     35458	800022c6	0ca2	c.slli	x25,0x8	 x25:0x00000b88 x25=0x000b8800
      711222000	     35459	800022c8	0c8d	c.addi	x25,3	 x25:0x000b8800 x25=0x000b8803
      711662000	     35481	800022ca	01952023	sw	x25,0(x10)	 x10:0x8ffffffc x25:0x000b8803 PA:0x8ffffffc store:0x000b8803 load:0xffffffff
      711682000	     35482	800022ce	b8802cf3	csrrs	x25,mhpmcounter8h,x0	  x0:0x00000000 x25=0x00000000
      712102000	     35503	800022d2	01952023	sw	x25,0(x10)	 x10:0x8ffffffc x25:0x00000000 PA:0x8ffffffc store:0x00000000 load:0xffffffff
      712122000	     35504	800022d6	90000537	lui	x10,0x90000	 x10=0x90000000
      712142000	     35505	800022da	1571	c.addi	x10,-4	 x10:0x90000000 x10=0x8ffffffc
      712162000	     35506	800022dc	6c85	c.lui	x25,0x1	 x25=0x00001000
      712182000	     35507	800022de	b09c8c93	addi	x25,x25,-1271	 x25:0x00001000 x25=0x00000b09
      712202000	     35508	800022e2	0ca2	c.slli	x25,0x8	 x25:0x00000b09 x25=0x000b0900
      712222000	     35509	800022e4	0c8d	c.addi	x25,3	 x25:0x000b0900 x25=0x000b0903
      712382000	     35517	800022e6	01952023	sw	x25,0(x10)	 x10:0x8ffffffc x25:0x000b0903 PA:0x8ffffffc store:0x000b0903 load:0xffffffff
      712402000	     35518	800022ea	b0902cf3	csrrs	x25,mhpmcounter9,x0	  x0:0x00000000 x25=0x000000d7
      712442000	     35520	800022ee	01952023	sw	x25,0(x10)	 x10:0x8ffffffc x25:0x000000d7 PA:0x8ffffffc store:0x000000d7 load:0xffffffff
      712862000	     35541	800022f2	90000537	lui	x10,0x90000	 x10=0x90000000
      712882000	     35542	800022f6	1571	c.addi	x10,-4	 x10:0x90000000 x10=0x8ffffffc
      713022000	     35549	800022f8	6c85	c.lui	x25,0x1	 x25=0x00001000
      713082000	     35552	800022fa	b89c8c93	addi	x25,x25,-1143	 x25:0x00001000 x25=0x00000b89
      713102000	     35553	800022fe	0ca2	c.slli	x25,0x8	 x25:0x00000b89 x25=0x000b8900
      713122000	     35554	80002300	0c8d	c.addi	x25,3	 x25:0x000b8900 x25=0x000b8903
      713662000	     35581	80002302	01952023	sw	x25,0(x10)	 x10:0x8ffffffc x25:0x000b8903 PA:0x8ffffffc store:0x000b8903 load:0xffffffff
      713682000	     35582	80002306	b8902cf3	csrrs	x25,mhpmcounter9h,x0	  x0:0x00000000 x25=0x00000000
      713742000	     35585	8000230a	01952023	sw	x25,0(x10)	 x10:0x8ffffffc x25:0x00000000 PA:0x8ffffffc store:0x00000000 load:0xffffffff
      713862000	     35591	8000230e	90000537	lui	x10,0x90000	 x10=0x90000000
      713882000	     35592	80002312	1571	c.addi	x10,-4	 x10:0x90000000 x10=0x8ffffffc
      714042000	     35600	80002314	6c85	c.lui	x25,0x1	 x25=0x00001000
      714062000	     35601	80002316	b0ac8c93	addi	x25,x25,-1270	 x25:0x00001000 x25=0x00000b0a
      714082000	     35602	8000231a	0ca2	c.slli	x25,0x8	 x25:0x00000b0a x25=0x000b0a00
      714262000	     35611	8000231c	0c8d	c.addi	x25,3	 x25:0x000b0a00 x25=0x000b0a03
      714322000	     35614	8000231e	01952023	sw	x25,0(x10)	 x10:0x8ffffffc x25:0x000b0a03 PA:0x8ffffffc store:0x000b0a03 load:0xffffffff
      714342000	     35615	80002322	b0a02cf3	csrrs	x25,mhpmcounter10,x0	  x0:0x00000000 x25=0x000003d8
      714362000	     35616	80002326	01952023	sw	x25,0(x10)	 x10:0x8ffffffc x25:0x000003d8 PA:0x8ffffffc store:0x000003d8 load:0xffffffff
      714662000	     35631	8000232a	90000537	lui	x10,0x90000	 x10=0x90000000
      714682000	     35632	8000232e	1571	c.addi	x10,-4	 x10:0x90000000 x10=0x8ffffffc
      714702000	     35633	80002330	6c85	c.lui	x25,0x1	 x25=0x00001000
      714722000	     35634	80002332	b8ac8c93	addi	x25,x25,-1142	 x25:0x00001000 x25=0x00000b8a
      714742000	     35635	80002336	0ca2	c.slli	x25,0x8	 x25:0x00000b8a x25=0x000b8a00
      714762000	     35636	80002338	0c8d	c.addi	x25,3	 x25:0x000b8a00 x25=0x000b8a03
      714922000	     35644	8000233a	01952023	sw	x25,0(x10)	 x10:0x8ffffffc x25:0x000b8a03 PA:0x8ffffffc store:0x000b8a03 load:0xffffffff
      714942000	     35645	8000233e	b8a02cf3	csrrs	x25,mhpmcounter10h,x0	  x0:0x00000000 x25=0x00000000
      715402000	     35668	80002342	01952023	sw	x25,0(x10)	 x10:0x8ffffffc x25:0x00000000 PA:0x8ffffffc store:0x00000000 load:0xffffffff
      715422000	     35669	80002346	90000537	lui	x10,0x90000	 x10=0x90000000
      715442000	     35670	8000234a	1571	c.addi	x10,-4	 x10:0x90000000 x10=0x8ffffffc
      715462000	     35671	8000234c	6c85	c.lui	x25,0x1	 x25=0x00001000
      715482000	     35672	8000234e	b0bc8c93	addi	x25,x25,-1269	 x25:0x00001000 x25=0x00000b0b
      715502000	     35673	80002352	0ca2	c.slli	x25,0x8	 x25:0x00000b0b x25=0x000b0b00
      715522000	     35674	80002354	0c8d	c.addi	x25,3	 x25:0x000b0b00 x25=0x000b0b03
      716082000	     35702	80002356	01952023	sw	x25,0(x10)	 x10:0x8ffffffc x25:0x000b0b03 PA:0x8ffffffc store:0x000b0b03 load:0xffffffff
      716102000	     35703	8000235a	b0b02cf3	csrrs	x25,mhpmcounter11,x0	  x0:0x00000000 x25=0x000000a3
      716522000	     35724	8000235e	01952023	sw	x25,0(x10)	 x10:0x8ffffffc x25:0x000000a3 PA:0x8ffffffc store:0x000000a3 load:0xffffffff
      716542000	     35725	80002362	90000537	lui	x10,0x90000	 x10=0x90000000
      716562000	     35726	80002366	1571	c.addi	x10,-4	 x10:0x90000000 x10=0x8ffffffc
      716582000	     35727	80002368	6c85	c.lui	x25,0x1	 x25=0x00001000
      716682000	     35732	8000236a	b8bc8c93	addi	x25,x25,-1141	 x25:0x00001000 x25=0x00000b8b
      716702000	     35733	8000236e	0ca2	c.slli	x25,0x8	 x25:0x00000b8b x25=0x000b8b00
      716802000	     35738	80002370	0c8d	c.addi	x25,3	 x25:0x000b8b00 x25=0x000b8b03
      717062000	     35751	80002372	01952023	sw	x25,0(x10)	 x10:0x8ffffffc x25:0x000b8b03 PA:0x8ffffffc store:0x000b8b03 load:0xffffffff
      717082000	     35752	80002376	b8b02cf3	csrrs	x25,mhpmcounter11h,x0	  x0:0x00000000 x25=0x00000000
      717142000	     35755	8000237a	01952023	sw	x25,0(x10)	 x10:0x8ffffffc x25:0x00000000 PA:0x8ffffffc store:0x00000000 load:0xffffffff
      717182000	     35757	8000237e	90000537	lui	x10,0x90000	 x10=0x90000000
      717202000	     35758	80002382	1571	c.addi	x10,-4	 x10:0x90000000 x10=0x8ffffffc
      717222000	     35759	80002384	6c85	c.lui	x25,0x1	 x25=0x00001000
      717242000	     35760	80002386	b0cc8c93	addi	x25,x25,-1268	 x25:0x00001000 x25=0x00000b0c
      717262000	     35761	8000238a	0ca2	c.slli	x25,0x8	 x25:0x00000b0c x25=0x000b0c00
      717422000	     35769	8000238c	0c8d	c.addi	x25,3	 x25:0x000b0c00 x25=0x000b0c03
      717482000	     35772	8000238e	01952023	sw	x25,0(x10)	 x10:0x8ffffffc x25:0x000b0c03 PA:0x8ffffffc store:0x000b0c03 load:0xffffffff
      717502000	     35773	80002392	b0c02cf3	csrrs	x25,mhpmcounter12,x0	  x0:0x00000000 x25=0x000012fe
      717802000	     35788	80002396	01952023	sw	x25,0(x10)	 x10:0x8ffffffc x25:0x000012fe PA:0x8ffffffc store:0x000012fe load:0xffffffff
      717822000	     35789	8000239a	90000537	lui	x10,0x90000	 x10=0x90000000
      717842000	     35790	8000239e	1571	c.addi	x10,-4	 x10:0x90000000 x10=0x8ffffffc
      717862000	     35791	800023a0	6c85	c.lui	x25,0x1	 x25=0x00001000
      717882000	     35792	800023a2	b8cc8c93	addi	x25,x25,-1140	 x25:0x00001000 x25=0x00000b8c
      717902000	     35793	800023a6	0ca2	c.slli	x25,0x8	 x25:0x00000b8c x25=0x000b8c00
      718102000	     35803	800023a8	0c8d	c.addi	x25,3	 x25:0x000b8c00 x25=0x000b8c03
      718602000	     35828	800023aa	01952023	sw	x25,0(x10)	 x10:0x8ffffffc x25:0x000b8c03 PA:0x8ffffffc store:0x000b8c03 load:0xffffffff
      718622000	     35829	800023ae	b8c02cf3	csrrs	x25,mhpmcounter12h,x0	  x0:0x00000000 x25=0x00000000
      718682000	     35832	800023b2	01952023	sw	x25,0(x10)	 x10:0x8ffffffc x25:0x00000000 PA:0x8ffffffc store:0x00000000 load:0xffffffff
      718702000	     35833	800023b6	ffffec97	auipc	x25,0xffffe	 x25=0x800003b6
      718842000	     35840	800023ba	ccac8c93	addi	x25,x25,-822	 x25:0x800003b6 x25=0x80000080
      719102000	     35853	800023be	000ca023	sw	x0,0(x25)	 x25:0x80000080  x0:0x00000000 PA:0x80000080 store:0x00000000 load:0xffffffff
      719182000	     35857	800023c2	001ca223	sw	x1,4(x25)	 x25:0x80000080  x1:0x00000000 PA:0x80000084 store:0x00000000 load:0xffffffff
      719242000	     35860	800023c6	002ca423	sw	x2,8(x25)	 x25:0x80000080  x2:0x80025c60 PA:0x80000088 store:0x80025c60 load:0xffffffff
      719322000	     35864	800023ca	003ca623	sw	x3,12(x25)	 x25:0x80000080  x3:0x00000000 PA:0x8000008c store:0x00000000 load:0xffffffff
      719482000	     35872	800023ce	004ca823	sw	x4,16(x25)	 x25:0x80000080  x4:0x00020000 PA:0x80000090 store:0x00020000 load:0xffffffff
      719622000	     35879	800023d2	005caa23	sw	x5,20(x25)	 x25:0x80000080  x5:0x00000000 PA:0x80000094 store:0x00000000 load:0xffffffff
      720362000	     35916	800023d6	006cac23	sw	x6,24(x25)	 x25:0x80000080  x6:0x00000001 PA:0x80000098 store:0x00000001 load:0xffffffff
      720602000	     35928	800023da	007cae23	sw	x7,28(x25)	 x25:0x80000080  x7:0xffffffff PA:0x8000009c store:0xffffffff load:0xffffffff
      720842000	     35940	800023de	028ca023	sw	x8,32(x25)	 x25:0x80000080  x8:0x00000001 PA:0x800000a0 store:0x00000001 load:0xffffffff
      720902000	     35943	800023e2	029ca223	sw	x9,36(x25)	 x25:0x80000080  x9:0xffffffff PA:0x800000a4 store:0xffffffff load:0xffffffff
      720922000	     35944	800023e6	02aca423	sw	x10,40(x25)	 x25:0x80000080 x10:0x8ffffffc PA:0x800000a8 store:0x8ffffffc load:0xffffffff
      720942000	     35945	800023ea	02bca623	sw	x11,44(x25)	 x25:0x80000080 x11:0x00000009 PA:0x800000ac store:0x00000009 load:0xffffffff
      721382000	     35967	800023ee	02cca823	sw	x12,48(x25)	 x25:0x80000080 x12:0x00000000 PA:0x800000b0 store:0x00000000 load:0xffffffff
      721602000	     35978	800023f2	02dcaa23	sw	x13,52(x25)	 x25:0x80000080 x13:0x0001fb43 PA:0x800000b4 store:0x0001fb43 load:0xffffffff
      721822000	     35989	800023f6	02ecac23	sw	x14,56(x25)	 x25:0x80000080 x14:0x00000000 PA:0x800000b8 store:0x00000000 load:0xffffffff
      721842000	     35990	800023fa	02fcae23	sw	x15,60(x25)	 x25:0x80000080 x15:0x80025c60 PA:0x800000bc store:0x80025c60 load:0xffffffff
      721862000	     35991	800023fe	050ca023	sw	x16,64(x25)	 x25:0x80000080 x16:0xffffffff PA:0x800000c0 store:0xffffffff load:0xffffffff
      722082000	     36002	80002402	051ca223	sw	x17,68(x25)	 x25:0x80000080 x17:0x00048000 PA:0x800000c4 store:0x00048000 load:0xffffffff
      722402000	     36018	80002406	052ca423	sw	x18,72(x25)	 x25:0x80000080 x18:0xfffffcc2 PA:0x800000c8 store:0xfffffcc2 load:0xffffffff
      722482000	     36022	8000240a	053ca623	sw	x19,76(x25)	 x25:0x80000080 x19:0x00000001 PA:0x800000cc store:0x00000001 load:0xffffffff
      722642000	     36030	8000240e	054ca823	sw	x20,80(x25)	 x25:0x80000080 x20:0xe1c5610d PA:0x800000d0 store:0xe1c5610d load:0xffffffff
      722902000	     36043	80002412	055caa23	sw	x21,84(x25)	 x25:0x80000080 x21:0x80000388 PA:0x800000d4 store:0x80000388 load:0xffffffff
      723122000	     36054	80002416	056cac23	sw	x22,88(x25)	 x25:0x80000080 x22:0x00000000 PA:0x800000d8 store:0x00000000 load:0xffffffff
      723182000	     36057	8000241a	057cae23	sw	x23,92(x25)	 x25:0x80000080 x23:0xfffffff6 PA:0x800000dc store:0xfffffff6 load:0xffffffff
      723282000	     36062	8000241e	078ca023	sw	x24,96(x25)	 x25:0x80000080 x24:0x00020000 PA:0x800000e0 store:0x00020000 load:0xffffffff
      723642000	     36080	80002422	079ca223	sw	x25,100(x25)	 x25:0x80000080 x25:0x80000080 PA:0x800000e4 store:0x80000080 load:0xffffffff
      724002000	     36098	80002426	07aca423	sw	x26,104(x25)	 x25:0x80000080 x26:0x80002fb1 PA:0x800000e8 store:0x80002fb1 load:0xffffffff
      724202000	     36108	8000242a	07bca623	sw	x27,108(x25)	 x25:0x80000080 x27:0xffffffff PA:0x800000ec store:0xffffffff load:0xffffffff
      724262000	     36111	8000242e	07cca823	sw	x28,112(x25)	 x25:0x80000080 x28:0x80002db1 PA:0x800000f0 store:0x80002db1 load:0xffffffff
      724282000	     36112	80002432	07dcaa23	sw	x29,116(x25)	 x25:0x80000080 x29:0xff00043c PA:0x800000f4 store:0xff00043c load:0xffffffff
      724302000	     36113	80002436	07ecac23	sw	x30,120(x25)	 x25:0x80000080 x30:0xe1c5657e PA:0x800000f8 store:0xe1c5657e load:0xffffffff
      724382000	     36117	8000243a	07fcae23	sw	x31,124(x25)	 x25:0x80000080 x31:0xffffffff PA:0x800000fc store:0xffffffff load:0xffffffff
      724402000	     36118	8000243e	34102cf3	csrrs	x25,mepc,x0	  x0:0x00000000 x25=0x80000398
      724422000	     36119	80002442	0c91	c.addi	x25,4	 x25:0x80000398 x25=0x8000039c
      724442000	     36120	80002444	341c9073	csrrw	x0,mepc,x25	 x25:0x8000039c  x0=0x00000000
      724522000	     36124	80002448	30200073	mret	
      724582000	     36127	8000039c	90000537	lui	x10,0x90000	 x10=0x90000000
      724642000	     36130	800003a0	1561	c.addi	x10,-8	 x10:0x90000000 x10=0x8ffffff8
      724662000	     36131	800003a2	4c85	c.li	x25,1	 x25=0x00000001
      724682000	     36132	800003a4	0ca2	c.slli	x25,0x8	 x25:0x00000001 x25=0x00000100
      724702000	     36133	800003a6	0c85	c.addi	x25,1	 x25:0x00000100 x25=0x00000101
      724982000	     36147	800003a8	01952023	sw	x25,0(x10)	 x10:0x8ffffff8 x25:0x00000101 PA:0x8ffffff8 store:0x00000101 load:0xffffffff
      725002000	     36148	800003ac	00000073	ecall	
      725062000	     36151	80002000	0800006f	jal	x0,80002080	  x0=0x00000000
      725122000	     36154	80002080	17f1	c.addi	x15,-4	 x15:0x80025c60 x15=0x80025c5c
      725402000	     36168	80002082	0027a023	sw	x2,0(x15)	 x15:0x80025c5c  x2:0x80025c60 PA:0x80025c5c store:0x80025c60 load:0xffffffff
      725422000	     36169	80002086	00078133	add	x2,x15,x0	 x15:0x80025c5c  x0:0x00000000  x2=0x80025c5c
      725442000	     36170	8000208a	7119	c.addi16sp	x2,-128	  x2:0x80025c5c  x2=0x80025bdc
      725662000	     36181	8000208c	c206	c.swsp	x1,4(x2)	  x2:0x80025bdc  x1:0x00000000 PA:0x80025be0 store:0x00000000 load:0xffffffff
      725722000	     36184	8000208e	c40a	c.swsp	x2,8(x2)	  x2:0x80025bdc  x2:0x80025bdc PA:0x80025be4 store:0x80025bdc load:0xffffffff
      725922000	     36194	80002090	c60e	c.swsp	x3,12(x2)	  x2:0x80025bdc  x3:0x00000000 PA:0x80025be8 store:0x00000000 load:0xffffffff
      725982000	     36197	80002092	c812	c.swsp	x4,16(x2)	  x2:0x80025bdc  x4:0x00020000 PA:0x80025bec store:0x00020000 load:0xffffffff
      726142000	     36205	80002094	ca16	c.swsp	x5,20(x2)	  x2:0x80025bdc  x5:0x00000000 PA:0x80025bf0 store:0x00000000 load:0xffffffff
      726202000	     36208	80002096	cc1a	c.swsp	x6,24(x2)	  x2:0x80025bdc  x6:0x00000001 PA:0x80025bf4 store:0x00000001 load:0xffffffff
      726222000	     36209	80002098	ce1e	c.swsp	x7,28(x2)	  x2:0x80025bdc  x7:0xffffffff PA:0x80025bf8 store:0xffffffff load:0xffffffff
      726342000	     36215	8000209a	d022	c.swsp	x8,32(x2)	  x2:0x80025bdc  x8:0x00000001 PA:0x80025bfc store:0x00000001 load:0xffffffff
      726402000	     36218	8000209c	d226	c.swsp	x9,36(x2)	  x2:0x80025bdc  x9:0xffffffff PA:0x80025c00 store:0xffffffff load:0xffffffff
      726522000	     36224	8000209e	d42a	c.swsp	x10,40(x2)	  x2:0x80025bdc x10:0x8ffffff8 PA:0x80025c04 store:0x8ffffff8 load:0xffffffff
      726902000	     36243	800020a0	d62e	c.swsp	x11,44(x2)	  x2:0x80025bdc x11:0x00000009 PA:0x80025c08 store:0x00000009 load:0xffffffff
      731182000	     36457	800020a2	d832	c.swsp	x12,48(x2)	  x2:0x80025bdc x12:0x00000000 PA:0x80025c0c store:0x00000000 load:0xffffffff
      731642000	     36480	800020a4	da36	c.swsp	x13,52(x2)	  x2:0x80025bdc x13:0x0001fb43 PA:0x80025c10 store:0x0001fb43 load:0xffffffff
      732202000	     36508	800020a6	dc3a	c.swsp	x14,56(x2)	  x2:0x80025bdc x14:0x00000000 PA:0x80025c14 store:0x00000000 load:0xffffffff
      732262000	     36511	800020a8	de3e	c.swsp	x15,60(x2)	  x2:0x80025bdc x15:0x80025c5c PA:0x80025c18 store:0x80025c5c load:0xffffffff
      732342000	     36515	800020aa	c0c2	c.swsp	x16,64(x2)	  x2:0x80025bdc x16:0xffffffff PA:0x80025c1c store:0xffffffff load:0xffffffff
      732802000	     36538	800020ac	c2c6	c.swsp	x17,68(x2)	  x2:0x80025bdc x17:0x00048000 PA:0x80025c20 store:0x00048000 load:0xffffffff
      732862000	     36541	800020ae	c4ca	c.swsp	x18,72(x2)	  x2:0x80025bdc x18:0xfffffcc2 PA:0x80025c24 store:0xfffffcc2 load:0xffffffff
      732882000	     36542	800020b0	c6ce	c.swsp	x19,76(x2)	  x2:0x80025bdc x19:0x00000001 PA:0x80025c28 store:0x00000001 load:0xffffffff
      733302000	     36563	800020b2	c8d2	c.swsp	x20,80(x2)	  x2:0x80025bdc x20:0xe1c5610d PA:0x80025c2c store:0xe1c5610d load:0xffffffff
      733522000	     36574	800020b4	cad6	c.swsp	x21,84(x2)	  x2:0x80025bdc x21:0x80000388 PA:0x80025c30 store:0x80000388 load:0xffffffff
      733602000	     36578	800020b6	ccda	c.swsp	x22,88(x2)	  x2:0x80025bdc x22:0x00000000 PA:0x80025c34 store:0x00000000 load:0xffffffff
      734022000	     36599	800020b8	cede	c.swsp	x23,92(x2)	  x2:0x80025bdc x23:0xfffffff6 PA:0x80025c38 store:0xfffffff6 load:0xffffffff
      734202000	     36608	800020ba	d0e2	c.swsp	x24,96(x2)	  x2:0x80025bdc x24:0x00020000 PA:0x80025c3c store:0x00020000 load:0xffffffff
      734482000	     36622	800020bc	d2e6	c.swsp	x25,100(x2)	  x2:0x80025bdc x25:0x00000101 PA:0x80025c40 store:0x00000101 load:0xffffffff
      734942000	     36645	800020be	d4ea	c.swsp	x26,104(x2)	  x2:0x80025bdc x26:0x80002fb1 PA:0x80025c44 store:0x80002fb1 load:0xffffffff
      735002000	     36648	800020c0	d6ee	c.swsp	x27,108(x2)	  x2:0x80025bdc x27:0xffffffff PA:0x80025c48 store:0xffffffff load:0xffffffff
      735022000	     36649	800020c2	d8f2	c.swsp	x28,112(x2)	  x2:0x80025bdc x28:0x80002db1 PA:0x80025c4c store:0x80002db1 load:0xffffffff
      735062000	     36651	800020c4	daf6	c.swsp	x29,116(x2)	  x2:0x80025bdc x29:0xff00043c PA:0x80025c50 store:0xff00043c load:0xffffffff
      735502000	     36673	800020c6	dcfa	c.swsp	x30,120(x2)	  x2:0x80025bdc x30:0xe1c5657e PA:0x80025c54 store:0xe1c5657e load:0xffffffff
      735562000	     36676	800020c8	defe	c.swsp	x31,124(x2)	  x2:0x80025bdc x31:0xffffffff PA:0x80025c58 store:0xffffffff load:0xffffffff
      735582000	     36677	800020ca	000107b3	add	x15,x2,x0	  x2:0x80025bdc  x0:0x00000000 x15=0x80025bdc
      735602000	     36678	800020ce	90000537	lui	x10,0x90000	 x10=0x90000000
      735622000	     36679	800020d2	1571	c.addi	x10,-4	 x10:0x90000000 x10=0x8ffffffc
      735642000	     36680	800020d4	4ca1	c.li	x25,8	 x25=0x00000008
      735662000	     36681	800020d6	0ca2	c.slli	x25,0x8	 x25:0x00000008 x25=0x00000800
      735682000	     36682	800020d8	000c8c93	addi	x25,x25,0	 x25:0x00000800 x25=0x00000800
      735742000	     36685	800020dc	01952023	sw	x25,0(x10)	 x10:0x8ffffffc x25:0x00000800 PA:0x8ffffffc store:0x00000800 load:0xffffffff
      735762000	     36686	800020e0	34102cf3	csrrs	x25,mepc,x0	  x0:0x00000000 x25=0x800003ac
      735782000	     36687	800020e4	34202cf3	csrrs	x25,mcause,x0	  x0:0x00000000 x25=0x0000000b
      735802000	     36688	800020e8	450d	c.li	x10,3	 x10=0x00000003
      735822000	     36689	800020ea	00ac9463	bne	x25,x10,800020f2	 x25:0x0000000b x10:0x00000003
      735862000	     36691	800020f2	4521	c.li	x10,8	 x10=0x00000008
      735882000	     36692	800020f4	04ac8d63	beq	x25,x10,8000214e	 x25:0x0000000b x10:0x00000008
      735902000	     36693	800020f8	4525	c.li	x10,9	 x10=0x00000009
      735922000	     36694	800020fa	04ac8a63	beq	x25,x10,8000214e	 x25:0x0000000b x10:0x00000009
      735942000	     36695	800020fe	452d	c.li	x10,11	 x10=0x0000000b
      735962000	     36696	80002100	04ac8763	beq	x25,x10,8000214e	 x25:0x0000000b x10:0x0000000b
      736022000	     36699	8000214e	90000537	lui	x10,0x90000	 x10=0x90000000
      736042000	     36700	80002152	1571	c.addi	x10,-4	 x10:0x90000000 x10=0x8ffffffc
      736062000	     36701	80002154	6c85	c.lui	x25,0x1	 x25=0x00001000
      736082000	     36702	80002156	b00c8c93	addi	x25,x25,-1280	 x25:0x00001000 x25=0x00000b00
      736102000	     36703	8000215a	0ca2	c.slli	x25,0x8	 x25:0x00000b00 x25=0x000b0000
      736122000	     36704	8000215c	0c8d	c.addi	x25,3	 x25:0x000b0000 x25=0x000b0003
      736682000	     36732	8000215e	01952023	sw	x25,0(x10)	 x10:0x8ffffffc x25:0x000b0003 PA:0x8ffffffc store:0x000b0003 load:0xffffffff
      736702000	     36733	80002162	b0002cf3	csrrs	x25,mcycle,x0	  x0:0x00000000 x25=0x00008f7a
      736762000	     36736	80002166	01952023	sw	x25,0(x10)	 x10:0x8ffffffc x25:0x00008f7a PA:0x8ffffffc store:0x00008f7a load:0xffffffff
      736782000	     36737	8000216a	90000537	lui	x10,0x90000	 x10=0x90000000
      736802000	     36738	8000216e	1571	c.addi	x10,-4	 x10:0x90000000 x10=0x8ffffffc
      736822000	     36739	80002170	6c85	c.lui	x25,0x1	 x25=0x00001000
      736842000	     36740	80002172	b80c8c93	addi	x25,x25,-1152	 x25:0x00001000 x25=0x00000b80
      736862000	     36741	80002176	0ca2	c.slli	x25,0x8	 x25:0x00000b80 x25=0x000b8000
      736882000	     36742	80002178	0c8d	c.addi	x25,3	 x25:0x000b8000 x25=0x000b8003
      737302000	     36763	8000217a	01952023	sw	x25,0(x10)	 x10:0x8ffffffc x25:0x000b8003 PA:0x8ffffffc store:0x000b8003 load:0xffffffff
      737322000	     36764	8000217e	b8002cf3	csrrs	x25,mcycleh,x0	  x0:0x00000000 x25=0x00000000
      737402000	     36768	80002182	01952023	sw	x25,0(x10)	 x10:0x8ffffffc x25:0x00000000 PA:0x8ffffffc store:0x00000000 load:0xffffffff
      737422000	     36769	80002186	90000537	lui	x10,0x90000	 x10=0x90000000
      737442000	     36770	8000218a	1571	c.addi	x10,-4	 x10:0x90000000 x10=0x8ffffffc
      737462000	     36771	8000218c	6c85	c.lui	x25,0x1	 x25=0x00001000
      737482000	     36772	8000218e	b03c8c93	addi	x25,x25,-1277	 x25:0x00001000 x25=0x00000b03
      737502000	     36773	80002192	0ca2	c.slli	x25,0x8	 x25:0x00000b03 x25=0x000b0300
      737522000	     36774	80002194	0c8d	c.addi	x25,3	 x25:0x000b0300 x25=0x000b0303
      737582000	     36777	80002196	01952023	sw	x25,0(x10)	 x10:0x8ffffffc x25:0x000b0303 PA:0x8ffffffc store:0x000b0303 load:0xffffffff
      737602000	     36778	8000219a	b0302cf3	csrrs	x25,mhpmcounter3,x0	  x0:0x00000000 x25=0x00000338
      737942000	     36795	8000219e	01952023	sw	x25,0(x10)	 x10:0x8ffffffc x25:0x00000338 PA:0x8ffffffc store:0x00000338 load:0xffffffff
      737962000	     36796	800021a2	90000537	lui	x10,0x90000	 x10=0x90000000
      737982000	     36797	800021a6	1571	c.addi	x10,-4	 x10:0x90000000 x10=0x8ffffffc
      738002000	     36798	800021a8	6c85	c.lui	x25,0x1	 x25=0x00001000
      738022000	     36799	800021aa	b83c8c93	addi	x25,x25,-1149	 x25:0x00001000 x25=0x00000b83
      738042000	     36800	800021ae	0ca2	c.slli	x25,0x8	 x25:0x00000b83 x25=0x000b8300
      738062000	     36801	800021b0	0c8d	c.addi	x25,3	 x25:0x000b8300 x25=0x000b8303
