Time	Cycle	PC	Insn	Decoded instruction	Register and memory contents
        1055000	         6	80000080	40001db7	lui	x27,0x40001	 x27=0x40001000
        1065000	         7	80000084	106d8d93	addi	x27,x27,262	 x27:0x40001000 x27=0x40001106
        1075000	         8	80000088	301d9073	csrrw	x0,misa,x27	 x27:0x40001106  x0=0x00000000
        1105000	        11	8000008c	0002d697	auipc	x13,0x2d	 x13=0x8002d08c
        1115000	        12	80000090	c5868693	addi	x13,x13,-936	 x13:0x8002d08c x13=0x8002cce4
        1125000	        13	80000094	00002d97	auipc	x27,0x2	 x27=0x80002094
        1135000	        14	80000098	66cd8d93	addi	x27,x27,1644	 x27:0x80002094 x27=0x80002700
        1145000	        15	8000009c	001ded93	ori	x27,x27,1	 x27:0x80002700 x27=0x80002701
        1155000	        16	800000a0	305d9073	csrrw	x0,mtvec,x27	 x27:0x80002701  x0=0x00000000
        1185000	        19	800000a4	74725073	csrrwi	x0,0x747,4	  x0=0x00000000
        1215000	        22	800000a8	00003597	auipc	x11,0x3	 x11=0x800030a8
        1225000	        23	800000ac	41458593	addi	x11,x11,1044	 x11:0x800030a8 x11=0x800034bc
        1235000	        24	800000b0	4d81	c.li	x27,0	 x27=0x00000000
        1245000	        25	800000b2	95ee	c.add	x11,x27	 x11:0x800034bc x27:0x00000000 x11=0x800034bc
        1255000	        26	800000b4	8189	c.srli	x11,0x2	 x11:0x800034bc x11=0x20000d2f
        1265000	        27	800000b6	3b059073	csrrw	x0,pmpaddr0,x11	 x11:0x20000d2f  x0=0x00000000
        1295000	        30	800000ba	00003597	auipc	x11,0x3	 x11=0x800030ba
        1305000	        31	800000be	40258593	addi	x11,x11,1026	 x11:0x800030ba x11=0x800034bc
        1315000	        32	800000c2	11111db7	lui	x27,0x11111	 x27=0x11111000
        1325000	        33	800000c6	111d8d93	addi	x27,x27,273	 x27:0x11111000 x27=0x11111111
        1335000	        34	800000ca	95ee	c.add	x11,x27	 x11:0x800034bc x27:0x11111111 x11=0x911145cd
        1345000	        35	800000cc	8189	c.srli	x11,0x2	 x11:0x911145cd x11=0x24445173
        1355000	        36	800000ce	3b159073	csrrw	x0,pmpaddr1,x11	 x11:0x24445173  x0=0x00000000
        1385000	        39	800000d2	00003597	auipc	x11,0x3	 x11=0x800030d2
        1395000	        40	800000d6	3ea58593	addi	x11,x11,1002	 x11:0x800030d2 x11=0x800034bc
        1405000	        41	800000da	22222db7	lui	x27,0x22222	 x27=0x22222000
        1415000	        42	800000de	222d8d93	addi	x27,x27,546	 x27:0x22222000 x27=0x22222222
        1425000	        43	800000e2	95ee	c.add	x11,x27	 x11:0x800034bc x27:0x22222222 x11=0xa22256de
        1435000	        44	800000e4	8189	c.srli	x11,0x2	 x11:0xa22256de x11=0x288895b7
        1445000	        45	800000e6	3b259073	csrrw	x0,pmpaddr2,x11	 x11:0x288895b7  x0=0x00000000
        1475000	        48	800000ea	00003597	auipc	x11,0x3	 x11=0x800030ea
        1485000	        49	800000ee	3d258593	addi	x11,x11,978	 x11:0x800030ea x11=0x800034bc
        1495000	        50	800000f2	33333db7	lui	x27,0x33333	 x27=0x33333000
        1505000	        51	800000f6	333d8d93	addi	x27,x27,819	 x27:0x33333000 x27=0x33333333
        1515000	        52	800000fa	95ee	c.add	x11,x27	 x11:0x800034bc x27:0x33333333 x11=0xb33367ef
        1525000	        53	800000fc	8189	c.srli	x11,0x2	 x11:0xb33367ef x11=0x2cccd9fb
        1535000	        54	800000fe	3b359073	csrrw	x0,pmpaddr3,x11	 x11:0x2cccd9fb  x0=0x00000000
        1565000	        57	80000102	0f0f15b7	lui	x11,0xf0f1	 x11=0x0f0f1000
        1575000	        58	80000106	f0f58593	addi	x11,x11,-241	 x11:0x0f0f1000 x11=0x0f0f0f0f
        1585000	        59	8000010a	3a059073	csrrw	x0,pmpcfg0,x11	 x11:0x0f0f0f0f  x0=0x00000000
        1615000	        62	8000010e	00003597	auipc	x11,0x3	 x11=0x8000310e
        1625000	        63	80000112	3ae58593	addi	x11,x11,942	 x11:0x8000310e x11=0x800034bc
        1635000	        64	80000116	44444db7	lui	x27,0x44444	 x27=0x44444000
        1645000	        65	8000011a	444d8d93	addi	x27,x27,1092	 x27:0x44444000 x27=0x44444444
        1655000	        66	8000011e	95ee	c.add	x11,x27	 x11:0x800034bc x27:0x44444444 x11=0xc4447900
        1665000	        67	80000120	8189	c.srli	x11,0x2	 x11:0xc4447900 x11=0x31111e40
        1675000	        68	80000122	3b459073	csrrw	x0,pmpaddr4,x11	 x11:0x31111e40  x0=0x00000000
        1705000	        71	80000126	00003597	auipc	x11,0x3	 x11=0x80003126
        1715000	        72	8000012a	39658593	addi	x11,x11,918	 x11:0x80003126 x11=0x800034bc
        1725000	        73	8000012e	55555db7	lui	x27,0x55555	 x27=0x55555000
        1735000	        74	80000132	555d8d93	addi	x27,x27,1365	 x27:0x55555000 x27=0x55555555
        1745000	        75	80000136	95ee	c.add	x11,x27	 x11:0x800034bc x27:0x55555555 x11=0xd5558a11
        1755000	        76	80000138	8189	c.srli	x11,0x2	 x11:0xd5558a11 x11=0x35556284
        1765000	        77	8000013a	3b559073	csrrw	x0,pmpaddr5,x11	 x11:0x35556284  x0=0x00000000
        1795000	        80	8000013e	00003597	auipc	x11,0x3	 x11=0x8000313e
        1805000	        81	80000142	37e58593	addi	x11,x11,894	 x11:0x8000313e x11=0x800034bc
        1815000	        82	80000146	66666db7	lui	x27,0x66666	 x27=0x66666000
        1825000	        83	8000014a	666d8d93	addi	x27,x27,1638	 x27:0x66666000 x27=0x66666666
        1835000	        84	8000014e	95ee	c.add	x11,x27	 x11:0x800034bc x27:0x66666666 x11=0xe6669b22
        1845000	        85	80000150	8189	c.srli	x11,0x2	 x11:0xe6669b22 x11=0x3999a6c8
        1855000	        86	80000152	3b659073	csrrw	x0,pmpaddr6,x11	 x11:0x3999a6c8  x0=0x00000000
        1885000	        89	80000156	00003597	auipc	x11,0x3	 x11=0x80003156
        1895000	        90	8000015a	36658593	addi	x11,x11,870	 x11:0x80003156 x11=0x800034bc
        1905000	        91	8000015e	77777db7	lui	x27,0x77777	 x27=0x77777000
        1915000	        92	80000162	777d8d93	addi	x27,x27,1911	 x27:0x77777000 x27=0x77777777
        1925000	        93	80000166	95ee	c.add	x11,x27	 x11:0x800034bc x27:0x77777777 x11=0xf777ac33
        1935000	        94	80000168	8189	c.srli	x11,0x2	 x11:0xf777ac33 x11=0x3dddeb0c
        1945000	        95	8000016a	3b759073	csrrw	x0,pmpaddr7,x11	 x11:0x3dddeb0c  x0=0x00000000
        1975000	        98	8000016e	0f0f15b7	lui	x11,0xf0f1	 x11=0x0f0f1000
        1985000	        99	80000172	f0f58593	addi	x11,x11,-241	 x11:0x0f0f1000 x11=0x0f0f0f0f
        1995000	       100	80000176	3a159073	csrrw	x0,pmpcfg1,x11	 x11:0x0f0f0f0f  x0=0x00000000
        2025000	       103	8000017a	00003597	auipc	x11,0x3	 x11=0x8000317a
        2035000	       104	8000017e	34258593	addi	x11,x11,834	 x11:0x8000317a x11=0x800034bc
        2045000	       105	80000182	88889db7	lui	x27,0x88889	 x27=0x88889000
        2055000	       106	80000186	888d8d93	addi	x27,x27,-1912	 x27:0x88889000 x27=0x88888888
        2065000	       107	8000018a	95ee	c.add	x11,x27	 x11:0x800034bc x27:0x88888888 x11=0x0888bd44
        2075000	       108	8000018c	8189	c.srli	x11,0x2	 x11:0x0888bd44 x11=0x02222f51
        2085000	       109	8000018e	3b859073	csrrw	x0,pmpaddr8,x11	 x11:0x02222f51  x0=0x00000000
        2115000	       112	80000192	00003597	auipc	x11,0x3	 x11=0x80003192
        2125000	       113	80000196	32a58593	addi	x11,x11,810	 x11:0x80003192 x11=0x800034bc
        2135000	       114	8000019a	9999adb7	lui	x27,0x9999a	 x27=0x9999a000
        2145000	       115	8000019e	999d8d93	addi	x27,x27,-1639	 x27:0x9999a000 x27=0x99999999
        2155000	       116	800001a2	95ee	c.add	x11,x27	 x11:0x800034bc x27:0x99999999 x11=0x1999ce55
        2165000	       117	800001a4	8189	c.srli	x11,0x2	 x11:0x1999ce55 x11=0x06667395
        2175000	       118	800001a6	3b959073	csrrw	x0,pmpaddr9,x11	 x11:0x06667395  x0=0x00000000
        2205000	       121	800001aa	00003597	auipc	x11,0x3	 x11=0x800031aa
        2215000	       122	800001ae	31258593	addi	x11,x11,786	 x11:0x800031aa x11=0x800034bc
        2225000	       123	800001b2	aaaabdb7	lui	x27,0xaaaab	 x27=0xaaaab000
        2235000	       124	800001b6	aaad8d93	addi	x27,x27,-1366	 x27:0xaaaab000 x27=0xaaaaaaaa
        2245000	       125	800001ba	95ee	c.add	x11,x27	 x11:0x800034bc x27:0xaaaaaaaa x11=0x2aaadf66
        2255000	       126	800001bc	8189	c.srli	x11,0x2	 x11:0x2aaadf66 x11=0x0aaab7d9
        2265000	       127	800001be	3ba59073	csrrw	x0,pmpaddr10,x11	 x11:0x0aaab7d9  x0=0x00000000
        2295000	       130	800001c2	00003597	auipc	x11,0x3	 x11=0x800031c2
        2305000	       131	800001c6	2fa58593	addi	x11,x11,762	 x11:0x800031c2 x11=0x800034bc
        2315000	       132	800001ca	bbbbcdb7	lui	x27,0xbbbbc	 x27=0xbbbbc000
        2325000	       133	800001ce	bbbd8d93	addi	x27,x27,-1093	 x27:0xbbbbc000 x27=0xbbbbbbbb
        2335000	       134	800001d2	95ee	c.add	x11,x27	 x11:0x800034bc x27:0xbbbbbbbb x11=0x3bbbf077
        2345000	       135	800001d4	8189	c.srli	x11,0x2	 x11:0x3bbbf077 x11=0x0eeefc1d
        2355000	       136	800001d6	3bb59073	csrrw	x0,pmpaddr11,x11	 x11:0x0eeefc1d  x0=0x00000000
        2385000	       139	800001da	0f0f15b7	lui	x11,0xf0f1	 x11=0x0f0f1000
        2395000	       140	800001de	f0f58593	addi	x11,x11,-241	 x11:0x0f0f1000 x11=0x0f0f0f0f
        2405000	       141	800001e2	3a259073	csrrw	x0,pmpcfg2,x11	 x11:0x0f0f0f0f  x0=0x00000000
        2435000	       144	800001e6	00003597	auipc	x11,0x3	 x11=0x800031e6
        2445000	       145	800001ea	2d658593	addi	x11,x11,726	 x11:0x800031e6 x11=0x800034bc
        2455000	       146	800001ee	ccccddb7	lui	x27,0xccccd	 x27=0xccccd000
        2465000	       147	800001f2	cccd8d93	addi	x27,x27,-820	 x27:0xccccd000 x27=0xcccccccc
        2475000	       148	800001f6	95ee	c.add	x11,x27	 x11:0x800034bc x27:0xcccccccc x11=0x4ccd0188
        2485000	       149	800001f8	8189	c.srli	x11,0x2	 x11:0x4ccd0188 x11=0x13334062
        2495000	       150	800001fa	3bc59073	csrrw	x0,pmpaddr12,x11	 x11:0x13334062  x0=0x00000000
        2525000	       153	800001fe	00003597	auipc	x11,0x3	 x11=0x800031fe
        2535000	       154	80000202	2be58593	addi	x11,x11,702	 x11:0x800031fe x11=0x800034bc
        2545000	       155	80000206	ddddedb7	lui	x27,0xdddde	 x27=0xdddde000
        2555000	       156	8000020a	dddd8d93	addi	x27,x27,-547	 x27:0xdddde000 x27=0xdddddddd
        2565000	       157	8000020e	95ee	c.add	x11,x27	 x11:0x800034bc x27:0xdddddddd x11=0x5dde1299
        2575000	       158	80000210	8189	c.srli	x11,0x2	 x11:0x5dde1299 x11=0x177784a6
        2585000	       159	80000212	3bd59073	csrrw	x0,pmpaddr13,x11	 x11:0x177784a6  x0=0x00000000
        2615000	       162	80000216	00003597	auipc	x11,0x3	 x11=0x80003216
        2625000	       163	8000021a	2a658593	addi	x11,x11,678	 x11:0x80003216 x11=0x800034bc
        2635000	       164	8000021e	eeeefdb7	lui	x27,0xeeeef	 x27=0xeeeef000
        2645000	       165	80000222	eeed8d93	addi	x27,x27,-274	 x27:0xeeeef000 x27=0xeeeeeeee
        2655000	       166	80000226	95ee	c.add	x11,x27	 x11:0x800034bc x27:0xeeeeeeee x11=0x6eef23aa
        2665000	       167	80000228	8189	c.srli	x11,0x2	 x11:0x6eef23aa x11=0x1bbbc8ea
        2675000	       168	8000022a	3be59073	csrrw	x0,pmpaddr14,x11	 x11:0x1bbbc8ea  x0=0x00000000
        2705000	       171	8000022e	00003597	auipc	x11,0x3	 x11=0x8000322e
        2715000	       172	80000232	28e58593	addi	x11,x11,654	 x11:0x8000322e x11=0x800034bc
        2725000	       173	80000236	fff00d93	addi	x27,x0,-1	  x0:0x00000000 x27=0xffffffff
        2735000	       174	8000023a	95ee	c.add	x11,x27	 x11:0x800034bc x27:0xffffffff x11=0x800034bb
        2745000	       175	8000023c	8189	c.srli	x11,0x2	 x11:0x800034bb x11=0x20000d2e
        2755000	       176	8000023e	3bf59073	csrrw	x0,pmpaddr15,x11	 x11:0x20000d2e  x0=0x00000000
        2785000	       179	80000242	0f0f15b7	lui	x11,0xf0f1	 x11=0x0f0f1000
        2795000	       180	80000246	f0f58593	addi	x11,x11,-241	 x11:0x0f0f1000 x11=0x0f0f0f0f
        2805000	       181	8000024a	3a359073	csrrw	x0,pmpcfg3,x11	 x11:0x0f0f0f0f  x0=0x00000000
        2835000	       184	8000024e	00000d97	auipc	x27,0x0	 x27=0x8000024e
        2845000	       185	80000252	06ad8d93	addi	x27,x27,106	 x27:0x8000024e x27=0x800002b8
        2855000	       186	80000256	341d9073	csrrw	x0,mepc,x27	 x27:0x800002b8  x0=0x00000000
        2865000	       187	8000025a	7c00d073	csrrwi	x0,0x7c0,1	  x0=0x00000000
        2895000	       190	8000025e	6ac00db7	lui	x27,0x6ac00	 x27=0x6ac00000
        2905000	       191	80000262	0b6d8d93	addi	x27,x27,182	 x27:0x6ac00000 x27=0x6ac000b6
        2915000	       192	80000266	300d9073	csrrw	x0,mstatus,x27	 x27:0x6ac000b6  x0=0x00000000
        2945000	       195	8000026a	80369db7	lui	x27,0x80369	 x27=0x80369000
        2955000	       196	8000026e	1dfd	c.addi	x27,-1	 x27:0x80369000 x27=0x80368fff
        2965000	       197	80000270	304d9073	csrrw	x0,mie,x27	 x27:0x80368fff  x0=0x00000000
        2995000	       200	80000274	90000d37	lui	x26,0x90000	 x26=0x90000000
        3005000	       201	80000278	1d71	c.addi	x26,-4	 x26:0x90000000 x26=0x8ffffffc
        3015000	       202	8000027a	90000d37	lui	x26,0x90000	 x26=0x90000000
        3025000	       203	8000027e	1d71	c.addi	x26,-4	 x26:0x90000000 x26=0x8ffffffc
        3035000	       204	80000280	90000d37	lui	x26,0x90000	 x26=0x90000000
        3045000	       205	80000284	1d71	c.addi	x26,-4	 x26:0x90000000 x26=0x8ffffffc
        3055000	       206	80000286	30000d93	addi	x27,x0,768	  x0:0x00000000 x27=0x00000300
        3065000	       207	8000028a	0da2	c.slli	x27,0x8	 x27:0x00000300 x27=0x00030000
        3075000	       208	8000028c	0d8d	c.addi	x27,3	 x27:0x00030000 x27=0x00030003
        3085000	       209	8000028e	01bd2023	sw	x27,0(x26)	 x26:0x8ffffffc x27:0x00030003 PA:0x8ffffffc store:0x00030003 load:0x00000000
        3095000	       210	80000292	30002df3	csrrs	x27,mstatus,x0	  x0:0x00000000 x27=0x00000080
        3105000	       211	80000296	01bd2023	sw	x27,0(x26)	 x26:0x8ffffffc x27:0x00000080 PA:0x8ffffffc store:0x00000080 load:0x00000000
        3115000	       212	8000029a	90000d37	lui	x26,0x90000	 x26=0x90000000
        3125000	       213	8000029e	1d71	c.addi	x26,-4	 x26:0x90000000 x26=0x8ffffffc
        3135000	       214	800002a0	30400d93	addi	x27,x0,772	  x0:0x00000000 x27=0x00000304
        3145000	       215	800002a4	0da2	c.slli	x27,0x8	 x27:0x00000304 x27=0x00030400
        3155000	       216	800002a6	0d8d	c.addi	x27,3	 x27:0x00030400 x27=0x00030403
        3165000	       217	800002a8	01bd2023	sw	x27,0(x26)	 x26:0x8ffffffc x27:0x00030403 PA:0x8ffffffc store:0x00030403 load:0x00000000
        3175000	       218	800002ac	30402df3	csrrs	x27,mie,x0	  x0:0x00000000 x27=0x00360888
        3185000	       219	800002b0	01bd2023	sw	x27,0(x26)	 x26:0x8ffffffc x27:0x00360888 PA:0x8ffffffc store:0x00360888 load:0x00000000
        3195000	       220	800002b4	30200073	mret	
        3225000	       223	800002b8	00100013	addi	x0,x0,1	  x0:0x00000000  x0=0x00000000
        3235000	       224	800002bc	49ecc0b7	lui	x1,0x49ecc	  x1=0x49ecc000
        3245000	       225	800002c0	08708093	addi	x1,x1,135	  x1:0x49ecc000  x1=0x49ecc087
        3255000	       226	800002c4	4101	c.li	x2,0	  x2=0x00000000
        3265000	       227	800002c6	800001b7	lui	x3,0x80000	  x3=0x80000000
        3275000	       228	800002ca	80000237	lui	x4,0x80000	  x4=0x80000000
        3285000	       229	800002ce	4281	c.li	x5,0	  x5=0x00000000
        3295000	       230	800002d0	80000337	lui	x6,0x80000	  x6=0x80000000
        3305000	       231	800002d4	800003b7	lui	x7,0x80000	  x7=0x80000000
        3315000	       232	800002d8	4435	c.li	x8,13	  x8=0x0000000d
        3325000	       233	800002da	f3c464b7	lui	x9,0xf3c46	  x9=0xf3c46000
        3335000	       234	800002de	49248493	addi	x9,x9,1170	  x9:0xf3c46000  x9=0xf3c46492
        3345000	       235	800002e2	7db24537	lui	x10,0x7db24	 x10=0x7db24000
        3355000	       236	800002e6	02d50513	addi	x10,x10,45	 x10:0x7db24000 x10=0x7db2402d
        3365000	       237	800002ea	f1e8b5b7	lui	x11,0xf1e8b	 x11=0xf1e8b000
        3375000	       238	800002ee	1fd58593	addi	x11,x11,509	 x11:0xf1e8b000 x11=0xf1e8b1fd
        3385000	       239	800002f2	ea41f637	lui	x12,0xea41f	 x12=0xea41f000
        3395000	       240	800002f6	80f60613	addi	x12,x12,-2033	 x12:0xea41f000 x12=0xea41e80f
        3405000	       241	800002fa	4715	c.li	x14,5	 x14=0x00000005
        3415000	       242	800002fc	4781	c.li	x15,0	 x15=0x00000000
        3425000	       243	800002fe	80000837	lui	x16,0x80000	 x16=0x80000000
        3435000	       244	80000302	800008b7	lui	x17,0x80000	 x17=0x80000000
        3445000	       245	80000306	80000937	lui	x18,0x80000	 x18=0x80000000
        3455000	       246	8000030a	247fa9b7	lui	x19,0x247fa	 x19=0x247fa000
        3465000	       247	8000030e	13498993	addi	x19,x19,308	 x19:0x247fa000 x19=0x247fa134
        3475000	       248	80000312	80000a37	lui	x20,0x80000	 x20=0x80000000
        3485000	       249	80000316	3377aab7	lui	x21,0x3377a	 x21=0x3377a000
        3495000	       250	8000031a	6b3a8a93	addi	x21,x21,1715	 x21:0x3377a000 x21=0x3377a6b3
        3505000	       251	8000031e	4b39	c.li	x22,14	 x22=0x0000000e
        3515000	       252	80000320	80000c37	lui	x24,0x80000	 x24=0x80000000
        3525000	       253	80000324	e4118cb7	lui	x25,0xe4118	 x25=0xe4118000
        3535000	       254	80000328	4b0c8c93	addi	x25,x25,1200	 x25:0xe4118000 x25=0xe41184b0
        3545000	       255	8000032c	ff8e3d37	lui	x26,0xff8e3	 x26=0xff8e3000
        3555000	       256	80000330	42dd0d13	addi	x26,x26,1069	 x26:0xff8e3000 x26=0xff8e342d
        3565000	       257	80000334	4d81	c.li	x27,0	 x27=0x00000000
        3575000	       258	80000336	f756ee37	lui	x28,0xf756e	 x28=0xf756e000
        3585000	       259	8000033a	58be0e13	addi	x28,x28,1419	 x28:0xf756e000 x28=0xf756e58b
        3595000	       260	8000033e	b0c56eb7	lui	x29,0xb0c56	 x29=0xb0c56000
        3605000	       261	80000342	673e8e93	addi	x29,x29,1651	 x29:0xb0c56000 x29=0xb0c56673
        3615000	       262	80000346	f208df37	lui	x30,0xf208d	 x30=0xf208d000
        3625000	       263	8000034a	d6cf0f13	addi	x30,x30,-660	 x30:0xf208d000 x30=0xf208cd6c
        3635000	       264	8000034e	09249fb7	lui	x31,0x9249	 x31=0x09249000
        3645000	       265	80000352	2b6f8f93	addi	x31,x31,694	 x31:0x09249000 x31=0x092492b6
        3655000	       266	80000356	00029b97	auipc	x23,0x29	 x23=0x80029356
        3665000	       267	8000035a	b0eb8b93	addi	x23,x23,-1266	 x23:0x80029356 x23=0x80028e64
        3675000	       268	8000035e	90000d37	lui	x26,0x90000	 x26=0x90000000
        3685000	       269	80000362	1d71	c.addi	x26,-4	 x26:0x90000000 x26=0x8ffffffc
        3695000	       270	80000364	4d81	c.li	x27,0	 x27=0x00000000
        3705000	       271	80000366	0da2	c.slli	x27,0x8	 x27:0x00000000 x27=0x00000000
        3715000	       272	80000368	000d8d93	addi	x27,x27,0	 x27:0x00000000 x27=0x00000000
        3725000	       273	8000036c	01bd2023	sw	x27,0(x26)	 x26:0x8ffffffc x27:0x00000000 PA:0x8ffffffc store:0x00000000 load:0x00000000
        3735000	       274	80000370	14c0306f	jal	x0,800034bc	  x0=0x00000000
        3755000	       276	800034bc	00012997	auipc	x19,0x12	 x19=0x800154bc
        3765000	       277	800034c0	21e98993	addi	x19,x19,542	 x19:0x800154bc x19=0x800156da
        3775000	       278	800034c4	0001a897	auipc	x17,0x1a	 x17=0x8001d4c4
        3785000	       279	800034c8	f9888893	addi	x17,x17,-104	 x17:0x8001d4c4 x17=0x8001d45c
        3795000	       280	800034cc	00988003	lb	x0,9(x17)	 x17:0x8001d45c  x0=0x00000000 PA:0x8001d465 load:0x0000002e
        3805000	       281	800034d0	fc48cf83	lbu	x31,-60(x17)	 x17:0x8001d45c x31=0x000000ff PA:0x8001d420 load:0x000000ff
        3815000	       282	800034d4	ff29de83	lhu	x29,-14(x19)	 x19:0x800156da x29=0x0000b234 PA:0x800156cc load:0x0000b234
        3825000	       283	800034d8	ff88db03	lhu	x22,-8(x17)	 x17:0x8001d45c x22=0x0000138d PA:0x8001d454 load:0x0000138d
        3835000	       284	800034dc	ff0880a3	sb	x16,-31(x17)	 x17:0x8001d45c x16:0x80000000 PA:0x8001d43d store:0x80000000 load:0x00000000
        3845000	       285	800034e0	0188d303	lhu	x6,24(x17)	 x17:0x8001d45c  x6=0x0000e7ed PA:0x8001d474 load:0x0000e7ed
        3855000	       286	800034e4	0069ad83	lw	x27,6(x19)	 x19:0x800156da x27=0xa4c7c7c3 PA:0x800156e0 load:0xa4c7c7c3
        3865000	       287	800034e8	03e89083	lh	x1,62(x17)	 x17:0x8001d45c  x1=0x00000dee PA:0x8001d49a load:0x00000dee
        3875000	       288	800034ec	00898003	lb	x0,8(x19)	 x19:0x800156da  x0=0x00000000 PA:0x800156e2 load:0xffffffc7
        3885000	       289	800034f0	0049c303	lbu	x6,4(x19)	 x19:0x800156da  x6=0x00000092 PA:0x800156de load:0x00000092
        3895000	       290	800034f4	0398c303	lbu	x6,57(x17)	 x17:0x8001d45c  x6=0x00000091 PA:0x8001d495 load:0x00000091
        3905000	       291	800034f8	fed8c183	lbu	x3,-19(x17)	 x17:0x8001d45c  x3=0x00000046 PA:0x8001d449 load:0x00000046
        3915000	       292	800034fc	fed89523	sh	x13,-22(x17)	 x17:0x8001d45c x13:0x8002cce4 PA:0x8001d446 store:0x8002cce4 load:0x00000000
        3925000	       293	80003500	ffa9dc03	lhu	x24,-6(x19)	 x19:0x800156da x24=0x00008a26 PA:0x800156d4 load:0x00008a26
        3935000	       294	80003504	ff498f03	lb	x30,-12(x19)	 x19:0x800156da x30=0x00000071 PA:0x800156ce load:0x00000071
        3945000	       295	80003508	03f89e23	sh	x31,60(x17)	 x17:0x8001d45c x31:0x000000ff PA:0x8001d498 store:0x000000ff load:0x00000000
        3955000	       296	8000350c	00010297	auipc	x5,0x10	  x5=0x8001350c
        3965000	       297	80003510	4d728293	addi	x5,x5,1239	  x5:0x8001350c  x5=0x800139e3
        3975000	       298	80003514	44d1	c.li	x9,20	  x9=0x00000014
        3985000	       299	80003516	0a92aa03	lw	x20,169(x5)	  x5:0x800139e3 x20=0x7d2f1f95 PA:0x80013a8c load:0x7d2f1f95
        3995000	       300	8000351a	0a92d883	lhu	x17,169(x5)	  x5:0x800139e3 x17=0x00001f95 PA:0x80013a8c load:0x00001f95
        4005000	       301	8000351e	0a32a4a3	sw	x3,169(x5)	  x5:0x800139e3  x3:0x00000046 PA:0x80013a8c store:0x00000046 load:0x00000000
        4015000	       302	80003522	0a92a103	lw	x2,169(x5)	  x5:0x800139e3  x2=0x00000046 PA:0x80013a8c load:0x00000046
        4025000	       303	80003526	0a92aa03	lw	x20,169(x5)	  x5:0x800139e3 x20=0x00000046 PA:0x80013a8c load:0x00000046
        4035000	       304	8000352a	0b3284a3	sb	x19,169(x5)	  x5:0x800139e3 x19:0x800156da PA:0x80013a8c store:0x800156da load:0x00000000
        4045000	       305	8000352e	0a92d783	lhu	x15,169(x5)	  x5:0x800139e3 x15=0x000000da PA:0x80013a8c load:0x000000da
        4055000	       306	80003532	004f3233	sltu	x4,x30,x4	 x30:0x00000071  x4:0x80000000  x4=0x00000001
        4065000	       307	80003536	3f833737	lui	x14,0x3f833	 x14=0x3f833000
        4075000	       308	8000353a	0a929c83	lh	x25,169(x5)	  x5:0x800139e3 x25=0x000000da PA:0x80013a8c load:0x000000da
        4085000	       309	8000353e	8411	c.srai	x8,0x4	  x8:0x0000000d  x8=0x00000000
        4095000	       310	80003540	0be294a3	sh	x30,169(x5)	  x5:0x800139e3 x30:0x00000071 PA:0x80013a8c store:0x00000071 load:0x00000000
        4105000	       311	80003544	0ff0000f	fence	iorw,iorw	
        4115000	       312	80003548	f372dd03	lhu	x26,-201(x5)	  x5:0x800139e3 x26=0x00008e83 PA:0x8001391a load:0x00008e83
        4125000	       313	8000354c	f3729383	lh	x7,-201(x5)	  x5:0x800139e3  x7=0xffff8e83 PA:0x8001391a load:0xffff8e83
        4135000	       314	80003550	402cd393	srai	x7,x25,0x2	 x25:0x000000da  x7=0x00000036
        4145000	       315	80003554	f3c29ba3	sh	x28,-201(x5)	  x5:0x800139e3 x28:0xf756e58b PA:0x8001391a store:0xf756e58b load:0x00000000
        4155000	       316	80003558	f2d29ba3	sh	x13,-201(x5)	  x5:0x800139e3 x13:0x8002cce4 PA:0x8001391a store:0x8002cce4 load:0x00000000
        4165000	       317	8000355c	0c1292a3	sh	x1,197(x5)	  x5:0x800139e3  x1:0x00000dee PA:0x80013aa8 store:0x00000dee load:0x00000000
        4175000	       318	80003560	0d5282a3	sb	x21,197(x5)	  x5:0x800139e3 x21:0x3377a6b3 PA:0x80013aa8 store:0x3377a6b3 load:0x00000000
        4185000	       319	80003564	0c528e03	lb	x28,197(x5)	  x5:0x800139e3 x28=0xffffffb3 PA:0x80013aa8 load:0xffffffb3
        4195000	       320	80003568	0da292a3	sh	x26,197(x5)	  x5:0x800139e3 x26:0x00008e83 PA:0x80013aa8 store:0x00008e83 load:0x00000000
        4205000	       321	8000356c	00010117	auipc	x2,0x10	  x2=0x8001356c
        4215000	       322	80003570	05910113	addi	x2,x2,89	  x2:0x8001356c  x2=0x800135c5
        4225000	       323	80003574	1303a393	slti	x7,x7,304	  x7:0x00000036  x7=0x00000001
        4235000	       324	80003578	997d	c.andi	x10,-1	 x10:0x7db2402d x10=0x7db2402d
        4245000	       325	8000357a	01614503	lbu	x10,22(x2)	  x2:0x800135c5 x10=0x000000c9 PA:0x800135db load:0x000000c9
        4255000	       326	8000357e	24a241b7	lui	x3,0x24a24	  x3=0x24a24000
        4265000	       327	80003582	00191193	slli	x3,x18,0x1	 x18:0x80000000  x3=0x00000000
        4275000	       328	80003586	01010383	lb	x7,16(x2)	  x2:0x800135c5  x7=0x00000046 PA:0x800135d5 load:0x00000046
        4285000	       329	8000358a	00a1d733	srl	x14,x3,x10	  x3:0x00000000 x10:0x000000c9 x14=0x00000000
        4295000	       330	8000358e	02f14703	lbu	x14,47(x2)	  x2:0x800135c5 x14=0x00000043 PA:0x800135f4 load:0x00000043
        4305000	       331	80003592	00e89913	slli	x18,x17,0xe	 x17:0x00001f95 x18=0x07e54000
        4315000	       332	80003596	01110923	sb	x17,18(x2)	  x2:0x800135c5 x17:0x00001f95 PA:0x800135d7 store:0x00001f95 load:0x00000000
        4325000	       333	8000359a	8769	c.srai	x14,0x1a	 x14:0x00000043 x14=0x00000000
        4335000	       334	8000359c	0ff0000f	fence	iorw,iorw	
        4345000	       335	800035a0	18fd	c.addi	x17,-1	 x17:0x00001f95 x17=0x00001f94
        4355000	       336	800035a2	ff211ea3	sh	x18,-3(x2)	  x2:0x800135c5 x18:0x07e54000 PA:0x800135c2 store:0x07e54000 load:0x00000000
        4365000	       337	800035a6	df257537	lui	x10,0xdf257	 x10=0xdf257000
        4375000	       338	800035aa	fed11883	lh	x17,-19(x2)	  x2:0x800135c5 x17=0xffff9123 PA:0x800135b2 load:0xffff9123
        4385000	       339	800035ae	fc111883	lh	x17,-63(x2)	  x2:0x800135c5 x17=0x00001fb2 PA:0x80013586 load:0x00001fb2
        4395000	       340	800035b2	01210023	sb	x18,0(x2)	  x2:0x800135c5 x18:0x07e54000 PA:0x800135c5 store:0x07e54000 load:0x00000000
        4405000	       341	800035b6	8779	c.srai	x14,0x1e	 x14:0x00000000 x14=0x00000000
        4415000	       342	800035b8	01014183	lbu	x3,16(x2)	  x2:0x800135c5  x3=0x00000046 PA:0x800135d5 load:0x00000046
        4425000	       343	800035bc	834d	c.srli	x14,0x13	 x14:0x00000000 x14=0x00000000
        4435000	       344	800035be	d0bc6517	auipc	x10,0xd0bc6	 x10=0x50bc95be
        4445000	       345	800035c2	03210523	sb	x18,42(x2)	  x2:0x800135c5 x18:0x07e54000 PA:0x800135ef store:0x07e54000 load:0x00000000
        4455000	       346	800035c6	8d09	c.sub	x10,x10	 x10:0x50bc95be x10:0x50bc95be x10=0x00000000
        4465000	       347	800035c8	40a95533	sra	x10,x18,x10	 x18:0x07e54000 x10:0x00000000 x10=0x07e54000
        4475000	       348	800035cc	fee10623	sb	x14,-20(x2)	  x2:0x800135c5 x14:0x00000000 PA:0x800135b1 store:0x00000000 load:0x00000000
        4485000	       349	800035d0	871d	c.srai	x14,0x7	 x14:0x00000000 x14=0x00000000
        4495000	       350	800035d2	10500073	wfi	
        6075000	       508	8000272c	fd8fe06f	jal	x0,80000f04	  x0=0x00000000
        6095000	       510	80000f04	16f1	c.addi	x13,-4	 x13:0x8002cce4 x13=0x8002cce0
        6105000	       511	80000f06	0176a023	sw	x23,0(x13)	 x13:0x8002cce0 x23:0x80028e64 PA:0x8002cce0 store:0x80028e64 load:0x00000000
        6115000	       512	80000f0a	00068bb3	add	x23,x13,x0	 x13:0x8002cce0  x0:0x00000000 x23=0x8002cce0
        6125000	       513	80000f0e	f80b8b93	addi	x23,x23,-128	 x23:0x8002cce0 x23=0x8002cc60
        6135000	       514	80000f12	001ba223	sw	x1,4(x23)	 x23:0x8002cc60  x1:0x00000dee PA:0x8002cc64 store:0x00000dee load:0x00000000
        6145000	       515	80000f16	002ba423	sw	x2,8(x23)	 x23:0x8002cc60  x2:0x800135c5 PA:0x8002cc68 store:0x800135c5 load:0x00000000
        6155000	       516	80000f1a	003ba623	sw	x3,12(x23)	 x23:0x8002cc60  x3:0x00000046 PA:0x8002cc6c store:0x00000046 load:0x00000000
        6165000	       517	80000f1e	004ba823	sw	x4,16(x23)	 x23:0x8002cc60  x4:0x00000001 PA:0x8002cc70 store:0x00000001 load:0x00000000
        6175000	       518	80000f22	005baa23	sw	x5,20(x23)	 x23:0x8002cc60  x5:0x800139e3 PA:0x8002cc74 store:0x800139e3 load:0x00000000
        6185000	       519	80000f26	006bac23	sw	x6,24(x23)	 x23:0x8002cc60  x6:0x00000091 PA:0x8002cc78 store:0x00000091 load:0x00000000
        6195000	       520	80000f2a	007bae23	sw	x7,28(x23)	 x23:0x8002cc60  x7:0x00000046 PA:0x8002cc7c store:0x00000046 load:0x00000000
        6205000	       521	80000f2e	028ba023	sw	x8,32(x23)	 x23:0x8002cc60  x8:0x00000000 PA:0x8002cc80 store:0x00000000 load:0x00000000
        6215000	       522	80000f32	029ba223	sw	x9,36(x23)	 x23:0x8002cc60  x9:0x00000014 PA:0x8002cc84 store:0x00000014 load:0x00000000
        6225000	       523	80000f36	02aba423	sw	x10,40(x23)	 x23:0x8002cc60 x10:0x07e54000 PA:0x8002cc88 store:0x07e54000 load:0x00000000
        6235000	       524	80000f3a	02bba623	sw	x11,44(x23)	 x23:0x8002cc60 x11:0xf1e8b1fd PA:0x8002cc8c store:0xf1e8b1fd load:0x00000000
        6245000	       525	80000f3e	02cba823	sw	x12,48(x23)	 x23:0x8002cc60 x12:0xea41e80f PA:0x8002cc90 store:0xea41e80f load:0x00000000
        6255000	       526	80000f42	02dbaa23	sw	x13,52(x23)	 x23:0x8002cc60 x13:0x8002cce0 PA:0x8002cc94 store:0x8002cce0 load:0x00000000
        6265000	       527	80000f46	02ebac23	sw	x14,56(x23)	 x23:0x8002cc60 x14:0x00000000 PA:0x8002cc98 store:0x00000000 load:0x00000000
        6275000	       528	80000f4a	02fbae23	sw	x15,60(x23)	 x23:0x8002cc60 x15:0x000000da PA:0x8002cc9c store:0x000000da load:0x00000000
        6285000	       529	80000f4e	050ba023	sw	x16,64(x23)	 x23:0x8002cc60 x16:0x80000000 PA:0x8002cca0 store:0x80000000 load:0x00000000
        6295000	       530	80000f52	051ba223	sw	x17,68(x23)	 x23:0x8002cc60 x17:0x00001fb2 PA:0x8002cca4 store:0x00001fb2 load:0x00000000
        6305000	       531	80000f56	052ba423	sw	x18,72(x23)	 x23:0x8002cc60 x18:0x07e54000 PA:0x8002cca8 store:0x07e54000 load:0x00000000
        6315000	       532	80000f5a	053ba623	sw	x19,76(x23)	 x23:0x8002cc60 x19:0x800156da PA:0x8002ccac store:0x800156da load:0x00000000
        6325000	       533	80000f5e	054ba823	sw	x20,80(x23)	 x23:0x8002cc60 x20:0x00000046 PA:0x8002ccb0 store:0x00000046 load:0x00000000
        6335000	       534	80000f62	055baa23	sw	x21,84(x23)	 x23:0x8002cc60 x21:0x3377a6b3 PA:0x8002ccb4 store:0x3377a6b3 load:0x00000000
        6345000	       535	80000f66	056bac23	sw	x22,88(x23)	 x23:0x8002cc60 x22:0x0000138d PA:0x8002ccb8 store:0x0000138d load:0x00000000
        6355000	       536	80000f6a	057bae23	sw	x23,92(x23)	 x23:0x8002cc60 x23:0x8002cc60 PA:0x8002ccbc store:0x8002cc60 load:0x00000000
        6365000	       537	80000f6e	078ba023	sw	x24,96(x23)	 x23:0x8002cc60 x24:0x00008a26 PA:0x8002ccc0 store:0x00008a26 load:0x00000000
        6375000	       538	80000f72	079ba223	sw	x25,100(x23)	 x23:0x8002cc60 x25:0x000000da PA:0x8002ccc4 store:0x000000da load:0x00000000
        6385000	       539	80000f76	07aba423	sw	x26,104(x23)	 x23:0x8002cc60 x26:0x00008e83 PA:0x8002ccc8 store:0x00008e83 load:0x00000000
        6395000	       540	80000f7a	07bba623	sw	x27,108(x23)	 x23:0x8002cc60 x27:0xa4c7c7c3 PA:0x8002cccc store:0xa4c7c7c3 load:0x00000000
        6405000	       541	80000f7e	07cba823	sw	x28,112(x23)	 x23:0x8002cc60 x28:0xffffffb3 PA:0x8002ccd0 store:0xffffffb3 load:0x00000000
        6415000	       542	80000f82	07dbaa23	sw	x29,116(x23)	 x23:0x8002cc60 x29:0x0000b234 PA:0x8002ccd4 store:0x0000b234 load:0x00000000
        6425000	       543	80000f86	07ebac23	sw	x30,120(x23)	 x23:0x8002cc60 x30:0x00000071 PA:0x8002ccd8 store:0x00000071 load:0x00000000
        6435000	       544	80000f8a	07fbae23	sw	x31,124(x23)	 x23:0x8002cc60 x31:0x000000ff PA:0x8002ccdc store:0x000000ff load:0x00000000
        6445000	       545	80000f8e	000b86b3	add	x13,x23,x0	 x23:0x8002cc60  x0:0x00000000 x13=0x8002cc60
        6455000	       546	80000f92	90000d37	lui	x26,0x90000	 x26=0x90000000
        6465000	       547	80000f96	1d71	c.addi	x26,-4	 x26:0x90000000 x26=0x8ffffffc
        6475000	       548	80000f98	4d99	c.li	x27,6	 x27=0x00000006
        6485000	       549	80000f9a	0da2	c.slli	x27,0x8	 x27:0x00000006 x27=0x00000600
        6495000	       550	80000f9c	000d8d93	addi	x27,x27,0	 x27:0x00000600 x27=0x00000600
        6505000	       551	80000fa0	01bd2023	sw	x27,0(x26)	 x26:0x8ffffffc x27:0x00000600 PA:0x8ffffffc store:0x00000600 load:0x00000000
        6515000	       552	80000fa4	34202df3	csrrs	x27,mcause,x0	  x0:0x00000000 x27=0x8000000b
        6525000	       553	80000fa8	01fddd93	srli	x27,x27,0x1f	 x27:0x8000000b x27=0x00000001
        6535000	       554	80000fac	060d8863	beq	x27,x0,8000101c	 x27:0x00000001  x0:0x00000000
        6545000	       555	80000fb0	90000d37	lui	x26,0x90000	 x26=0x90000000
        6555000	       556	80000fb4	1d71	c.addi	x26,-4	 x26:0x90000000 x26=0x8ffffffc
        6565000	       557	80000fb6	30000d93	addi	x27,x0,768	  x0:0x00000000 x27=0x00000300
        6575000	       558	80000fba	0da2	c.slli	x27,0x8	 x27:0x00000300 x27=0x00030000
        6585000	       559	80000fbc	0d8d	c.addi	x27,3	 x27:0x00030000 x27=0x00030003
        6595000	       560	80000fbe	01bd2023	sw	x27,0(x26)	 x26:0x8ffffffc x27:0x00030003 PA:0x8ffffffc store:0x00030003 load:0x00000000
        6605000	       561	80000fc2	30002df3	csrrs	x27,mstatus,x0	  x0:0x00000000 x27=0x00000080
        6615000	       562	80000fc6	01bd2023	sw	x27,0(x26)	 x26:0x8ffffffc x27:0x00000080 PA:0x8ffffffc store:0x00000080 load:0x00000000
        6625000	       563	80000fca	90000d37	lui	x26,0x90000	 x26=0x90000000
        6635000	       564	80000fce	1d71	c.addi	x26,-4	 x26:0x90000000 x26=0x8ffffffc
        6645000	       565	80000fd0	34200d93	addi	x27,x0,834	  x0:0x00000000 x27=0x00000342
        6655000	       566	80000fd4	0da2	c.slli	x27,0x8	 x27:0x00000342 x27=0x00034200
        6665000	       567	80000fd6	0d8d	c.addi	x27,3	 x27:0x00034200 x27=0x00034203
        6675000	       568	80000fd8	01bd2023	sw	x27,0(x26)	 x26:0x8ffffffc x27:0x00034203 PA:0x8ffffffc store:0x00034203 load:0x00000000
        6685000	       569	80000fdc	34202df3	csrrs	x27,mcause,x0	  x0:0x00000000 x27=0x8000000b
        6695000	       570	80000fe0	01bd2023	sw	x27,0(x26)	 x26:0x8ffffffc x27:0x8000000b PA:0x8ffffffc store:0x8000000b load:0x00000000
        6705000	       571	80000fe4	90000d37	lui	x26,0x90000	 x26=0x90000000
        6715000	       572	80000fe8	1d71	c.addi	x26,-4	 x26:0x90000000 x26=0x8ffffffc
        6725000	       573	80000fea	30400d93	addi	x27,x0,772	  x0:0x00000000 x27=0x00000304
        6735000	       574	80000fee	0da2	c.slli	x27,0x8	 x27:0x00000304 x27=0x00030400
        6745000	       575	80000ff0	0d8d	c.addi	x27,3	 x27:0x00030400 x27=0x00030403
        6755000	       576	80000ff2	01bd2023	sw	x27,0(x26)	 x26:0x8ffffffc x27:0x00030403 PA:0x8ffffffc store:0x00030403 load:0x00000000
        6765000	       577	80000ff6	30402df3	csrrs	x27,mie,x0	  x0:0x00000000 x27=0x00360888
        6775000	       578	80000ffa	01bd2023	sw	x27,0(x26)	 x26:0x8ffffffc x27:0x00360888 PA:0x8ffffffc store:0x00360888 load:0x00000000
        6785000	       579	80000ffe	90000d37	lui	x26,0x90000	 x26=0x90000000
        6795000	       580	80001002	1d71	c.addi	x26,-4	 x26:0x90000000 x26=0x8ffffffc
        6805000	       581	80001004	34400d93	addi	x27,x0,836	  x0:0x00000000 x27=0x00000344
        6815000	       582	80001008	0da2	c.slli	x27,0x8	 x27:0x00000344 x27=0x00034400
        6825000	       583	8000100a	0d8d	c.addi	x27,3	 x27:0x00034400 x27=0x00034403
        6835000	       584	8000100c	01bd2023	sw	x27,0(x26)	 x26:0x8ffffffc x27:0x00034403 PA:0x8ffffffc store:0x00034403 load:0x00000000
        6845000	       585	80001010	34402df3	csrrs	x27,mip,x0	  x0:0x00000000 x27=0x00000000
        6855000	       586	80001014	01bd2023	sw	x27,0(x26)	 x26:0x8ffffffc x27:0x00000000 PA:0x8ffffffc store:0x00000000 load:0x00000000
        6865000	       587	80001018	3141106f	jal	x0,8001232c	  x0=0x00000000
        6885000	       589	8001232c	30002df3	csrrs	x27,mstatus,x0	  x0:0x00000000 x27=0x00000080
        6895000	       590	80012330	30402df3	csrrs	x27,mie,x0	  x0:0x00000000 x27=0x00360888
        6905000	       591	80012334	34402df3	csrrs	x27,mip,x0	  x0:0x00000000 x27=0x00000000
        6915000	       592	80012338	344dbdf3	csrrc	x27,mip,x27	 x27:0x00000000 x27=0x00000000
        6945000	       595	8001233c	90000d37	lui	x26,0x90000	 x26=0x90000000
        6955000	       596	80012340	1d71	c.addi	x26,-4	 x26:0x90000000 x26=0x8ffffffc
        6965000	       597	80012342	4d9d	c.li	x27,7	 x27=0x00000007
        6975000	       598	80012344	0da2	c.slli	x27,0x8	 x27:0x00000007 x27=0x00000700
        6985000	       599	80012346	000d8d93	addi	x27,x27,0	 x27:0x00000700 x27=0x00000700
        6995000	       600	8001234a	01bd2023	sw	x27,0(x26)	 x26:0x8ffffffc x27:0x00000700 PA:0x8ffffffc store:0x00000700 load:0x00000000
        7005000	       601	8001234e	00068bb3	add	x23,x13,x0	 x13:0x8002cc60  x0:0x00000000 x23=0x8002cc60
        7015000	       602	80012352	004ba083	lw	x1,4(x23)	 x23:0x8002cc60  x1=0x00000dee PA:0x8002cc64 load:0x00000dee
        7025000	       603	80012356	008ba103	lw	x2,8(x23)	 x23:0x8002cc60  x2=0x800135c5 PA:0x8002cc68 load:0x800135c5
        7035000	       604	8001235a	00cba183	lw	x3,12(x23)	 x23:0x8002cc60  x3=0x00000046 PA:0x8002cc6c load:0x00000046
        7045000	       605	8001235e	010ba203	lw	x4,16(x23)	 x23:0x8002cc60  x4=0x00000001 PA:0x8002cc70 load:0x00000001
        7055000	       606	80012362	014ba283	lw	x5,20(x23)	 x23:0x8002cc60  x5=0x800139e3 PA:0x8002cc74 load:0x800139e3
        7065000	       607	80012366	018ba303	lw	x6,24(x23)	 x23:0x8002cc60  x6=0x00000091 PA:0x8002cc78 load:0x00000091
        7075000	       608	8001236a	01cba383	lw	x7,28(x23)	 x23:0x8002cc60  x7=0x00000046 PA:0x8002cc7c load:0x00000046
        7085000	       609	8001236e	020ba403	lw	x8,32(x23)	 x23:0x8002cc60  x8=0x00000000 PA:0x8002cc80 load:0x00000000
        7095000	       610	80012372	024ba483	lw	x9,36(x23)	 x23:0x8002cc60  x9=0x00000014 PA:0x8002cc84 load:0x00000014
        7105000	       611	80012376	028ba503	lw	x10,40(x23)	 x23:0x8002cc60 x10=0x07e54000 PA:0x8002cc88 load:0x07e54000
        7115000	       612	8001237a	02cba583	lw	x11,44(x23)	 x23:0x8002cc60 x11=0xf1e8b1fd PA:0x8002cc8c load:0xf1e8b1fd
        7125000	       613	8001237e	030ba603	lw	x12,48(x23)	 x23:0x8002cc60 x12=0xea41e80f PA:0x8002cc90 load:0xea41e80f
        7135000	       614	80012382	034ba683	lw	x13,52(x23)	 x23:0x8002cc60 x13=0x8002cce0 PA:0x8002cc94 load:0x8002cce0
        7145000	       615	80012386	038ba703	lw	x14,56(x23)	 x23:0x8002cc60 x14=0x00000000 PA:0x8002cc98 load:0x00000000
        7155000	       616	8001238a	03cba783	lw	x15,60(x23)	 x23:0x8002cc60 x15=0x000000da PA:0x8002cc9c load:0x000000da
        7165000	       617	8001238e	040ba803	lw	x16,64(x23)	 x23:0x8002cc60 x16=0x80000000 PA:0x8002cca0 load:0x80000000
        7175000	       618	80012392	044ba883	lw	x17,68(x23)	 x23:0x8002cc60 x17=0x00001fb2 PA:0x8002cca4 load:0x00001fb2
        7185000	       619	80012396	048ba903	lw	x18,72(x23)	 x23:0x8002cc60 x18=0x07e54000 PA:0x8002cca8 load:0x07e54000
        7195000	       620	8001239a	04cba983	lw	x19,76(x23)	 x23:0x8002cc60 x19=0x800156da PA:0x8002ccac load:0x800156da
        7205000	       621	8001239e	050baa03	lw	x20,80(x23)	 x23:0x8002cc60 x20=0x00000046 PA:0x8002ccb0 load:0x00000046
        7215000	       622	800123a2	054baa83	lw	x21,84(x23)	 x23:0x8002cc60 x21=0x3377a6b3 PA:0x8002ccb4 load:0x3377a6b3
        7225000	       623	800123a6	058bab03	lw	x22,88(x23)	 x23:0x8002cc60 x22=0x0000138d PA:0x8002ccb8 load:0x0000138d
        7235000	       624	800123aa	05cbab83	lw	x23,92(x23)	 x23:0x8002cc60 x23=0x8002cc60 PA:0x8002ccbc load:0x8002cc60
        7255000	       626	800123ae	060bac03	lw	x24,96(x23)	 x23:0x8002cc60 x24=0x00008a26 PA:0x8002ccc0 load:0x00008a26
        7265000	       627	800123b2	064bac83	lw	x25,100(x23)	 x23:0x8002cc60 x25=0x000000da PA:0x8002ccc4 load:0x000000da
        7275000	       628	800123b6	068bad03	lw	x26,104(x23)	 x23:0x8002cc60 x26=0x00008e83 PA:0x8002ccc8 load:0x00008e83
        7285000	       629	800123ba	06cbad83	lw	x27,108(x23)	 x23:0x8002cc60 x27=0xa4c7c7c3 PA:0x8002cccc load:0xa4c7c7c3
        7295000	       630	800123be	070bae03	lw	x28,112(x23)	 x23:0x8002cc60 x28=0xffffffb3 PA:0x8002ccd0 load:0xffffffb3
        7305000	       631	800123c2	074bae83	lw	x29,116(x23)	 x23:0x8002cc60 x29=0x0000b234 PA:0x8002ccd4 load:0x0000b234
        7315000	       632	800123c6	078baf03	lw	x30,120(x23)	 x23:0x8002cc60 x30=0x00000071 PA:0x8002ccd8 load:0x00000071
        7325000	       633	800123ca	07cbaf83	lw	x31,124(x23)	 x23:0x8002cc60 x31=0x000000ff PA:0x8002ccdc load:0x000000ff
        7335000	       634	800123ce	080b8b93	addi	x23,x23,128	 x23:0x8002cc60 x23=0x8002cce0
        7345000	       635	800123d2	000b86b3	add	x13,x23,x0	 x23:0x8002cce0  x0:0x00000000 x13=0x8002cce0
        7355000	       636	800123d6	0006ab83	lw	x23,0(x13)	 x13:0x8002cce0 x23=0x80028e64 PA:0x8002cce0 load:0x80028e64
        7365000	       637	800123da	0691	c.addi	x13,4	 x13:0x8002cce0 x13=0x8002cce4
        7375000	       638	800123dc	30200073	mret	
        7415000	       642	800035d6	01e14383	lbu	x7,30(x2)	  x2:0x800135c5  x7=0x000000d8 PA:0x800135e3 load:0x000000d8
        7425000	       643	800035da	01190733	add	x14,x18,x17	 x18:0x07e54000 x17:0x00001fb2 x14=0x07e55fb2
        7435000	       644	800035de	a7d1e513	ori	x10,x3,-1411	  x3:0x00000046 x10=0xfffffa7f
        7445000	       645	800035e2	0000100f	fence.i	
        7465000	       647	800035e6	68ad	c.lui	x17,0xb	 x17=0x0000b000
        7475000	       648	800035e8	01914383	lbu	x7,25(x2)	  x2:0x800135c5  x7=0x000000e0 PA:0x800135de load:0x000000e0
        7845000	       685	800035ec	02374533	div	x10,x14,x3	 x14:0x07e55fb2  x3:0x00000046 x10=0x001ce073
        7855000	       686	800035f0	fd1104a3	sb	x17,-55(x2)	  x2:0x800135c5 x17:0x0000b000 PA:0x8001358e store:0x0000b000 load:0x00000000
        7865000	       687	800035f4	fd114503	lbu	x10,-47(x2)	  x2:0x800135c5 x10=0x00000033 PA:0x80013596 load:0x00000033
        7875000	       688	800035f8	8b55	c.andi	x14,21	 x14:0x07e55fb2 x14=0x00000010
        7885000	       689	800035fa	b4d56917	auipc	x18,0xb4d56	 x18=0x34d595fa
        7895000	       690	800035fe	01d5	c.addi	x3,21	  x3:0x00000046  x3=0x0000005b
        7905000	       691	80003600	40a95533	sra	x10,x18,x10	 x18:0x34d595fa x10:0x00000033 x10=0x0000069a
        7915000	       692	80003604	10500073	wfi	
        9145000	       815	8000272c	fd8fe06f	jal	x0,80000f04	  x0=0x00000000
        9165000	       817	80000f04	16f1	c.addi	x13,-4	 x13:0x8002cce4 x13=0x8002cce0
        9175000	       818	80000f06	0176a023	sw	x23,0(x13)	 x13:0x8002cce0 x23:0x80028e64 PA:0x8002cce0 store:0x80028e64 load:0x00000000
        9185000	       819	80000f0a	00068bb3	add	x23,x13,x0	 x13:0x8002cce0  x0:0x00000000 x23=0x8002cce0
        9195000	       820	80000f0e	f80b8b93	addi	x23,x23,-128	 x23:0x8002cce0 x23=0x8002cc60
        9205000	       821	80000f12	001ba223	sw	x1,4(x23)	 x23:0x8002cc60  x1:0x00000dee PA:0x8002cc64 store:0x00000dee load:0x00000000
        9215000	       822	80000f16	002ba423	sw	x2,8(x23)	 x23:0x8002cc60  x2:0x800135c5 PA:0x8002cc68 store:0x800135c5 load:0x00000000
        9225000	       823	80000f1a	003ba623	sw	x3,12(x23)	 x23:0x8002cc60  x3:0x0000005b PA:0x8002cc6c store:0x0000005b load:0x00000000
        9235000	       824	80000f1e	004ba823	sw	x4,16(x23)	 x23:0x8002cc60  x4:0x00000001 PA:0x8002cc70 store:0x00000001 load:0x00000000
        9245000	       825	80000f22	005baa23	sw	x5,20(x23)	 x23:0x8002cc60  x5:0x800139e3 PA:0x8002cc74 store:0x800139e3 load:0x00000000
        9255000	       826	80000f26	006bac23	sw	x6,24(x23)	 x23:0x8002cc60  x6:0x00000091 PA:0x8002cc78 store:0x00000091 load:0x00000000
        9265000	       827	80000f2a	007bae23	sw	x7,28(x23)	 x23:0x8002cc60  x7:0x000000e0 PA:0x8002cc7c store:0x000000e0 load:0x00000000
        9275000	       828	80000f2e	028ba023	sw	x8,32(x23)	 x23:0x8002cc60  x8:0x00000000 PA:0x8002cc80 store:0x00000000 load:0x00000000
        9285000	       829	80000f32	029ba223	sw	x9,36(x23)	 x23:0x8002cc60  x9:0x00000014 PA:0x8002cc84 store:0x00000014 load:0x00000000
        9295000	       830	80000f36	02aba423	sw	x10,40(x23)	 x23:0x8002cc60 x10:0x0000069a PA:0x8002cc88 store:0x0000069a load:0x00000000
        9305000	       831	80000f3a	02bba623	sw	x11,44(x23)	 x23:0x8002cc60 x11:0xf1e8b1fd PA:0x8002cc8c store:0xf1e8b1fd load:0x00000000
        9315000	       832	80000f3e	02cba823	sw	x12,48(x23)	 x23:0x8002cc60 x12:0xea41e80f PA:0x8002cc90 store:0xea41e80f load:0x00000000
        9325000	       833	80000f42	02dbaa23	sw	x13,52(x23)	 x23:0x8002cc60 x13:0x8002cce0 PA:0x8002cc94 store:0x8002cce0 load:0x00000000
        9335000	       834	80000f46	02ebac23	sw	x14,56(x23)	 x23:0x8002cc60 x14:0x00000010 PA:0x8002cc98 store:0x00000010 load:0x00000000
        9345000	       835	80000f4a	02fbae23	sw	x15,60(x23)	 x23:0x8002cc60 x15:0x000000da PA:0x8002cc9c store:0x000000da load:0x00000000
        9355000	       836	80000f4e	050ba023	sw	x16,64(x23)	 x23:0x8002cc60 x16:0x80000000 PA:0x8002cca0 store:0x80000000 load:0x00000000
        9365000	       837	80000f52	051ba223	sw	x17,68(x23)	 x23:0x8002cc60 x17:0x0000b000 PA:0x8002cca4 store:0x0000b000 load:0x00000000
        9375000	       838	80000f56	052ba423	sw	x18,72(x23)	 x23:0x8002cc60 x18:0x34d595fa PA:0x8002cca8 store:0x34d595fa load:0x00000000
        9385000	       839	80000f5a	053ba623	sw	x19,76(x23)	 x23:0x8002cc60 x19:0x800156da PA:0x8002ccac store:0x800156da load:0x00000000
        9395000	       840	80000f5e	054ba823	sw	x20,80(x23)	 x23:0x8002cc60 x20:0x00000046 PA:0x8002ccb0 store:0x00000046 load:0x00000000
        9405000	       841	80000f62	055baa23	sw	x21,84(x23)	 x23:0x8002cc60 x21:0x3377a6b3 PA:0x8002ccb4 store:0x3377a6b3 load:0x00000000
        9415000	       842	80000f66	056bac23	sw	x22,88(x23)	 x23:0x8002cc60 x22:0x0000138d PA:0x8002ccb8 store:0x0000138d load:0x00000000
        9425000	       843	80000f6a	057bae23	sw	x23,92(x23)	 x23:0x8002cc60 x23:0x8002cc60 PA:0x8002ccbc store:0x8002cc60 load:0x00000000
        9435000	       844	80000f6e	078ba023	sw	x24,96(x23)	 x23:0x8002cc60 x24:0x00008a26 PA:0x8002ccc0 store:0x00008a26 load:0x00000000
        9445000	       845	80000f72	079ba223	sw	x25,100(x23)	 x23:0x8002cc60 x25:0x000000da PA:0x8002ccc4 store:0x000000da load:0x00000000
        9455000	       846	80000f76	07aba423	sw	x26,104(x23)	 x23:0x8002cc60 x26:0x00008e83 PA:0x8002ccc8 store:0x00008e83 load:0x00000000
        9465000	       847	80000f7a	07bba623	sw	x27,108(x23)	 x23:0x8002cc60 x27:0xa4c7c7c3 PA:0x8002cccc store:0xa4c7c7c3 load:0x00000000
        9475000	       848	80000f7e	07cba823	sw	x28,112(x23)	 x23:0x8002cc60 x28:0xffffffb3 PA:0x8002ccd0 store:0xffffffb3 load:0x00000000
        9485000	       849	80000f82	07dbaa23	sw	x29,116(x23)	 x23:0x8002cc60 x29:0x0000b234 PA:0x8002ccd4 store:0x0000b234 load:0x00000000
        9495000	       850	80000f86	07ebac23	sw	x30,120(x23)	 x23:0x8002cc60 x30:0x00000071 PA:0x8002ccd8 store:0x00000071 load:0x00000000
        9505000	       851	80000f8a	07fbae23	sw	x31,124(x23)	 x23:0x8002cc60 x31:0x000000ff PA:0x8002ccdc store:0x000000ff load:0x00000000
        9515000	       852	80000f8e	000b86b3	add	x13,x23,x0	 x23:0x8002cc60  x0:0x00000000 x13=0x8002cc60
        9525000	       853	80000f92	90000d37	lui	x26,0x90000	 x26=0x90000000
        9535000	       854	80000f96	1d71	c.addi	x26,-4	 x26:0x90000000 x26=0x8ffffffc
        9545000	       855	80000f98	4d99	c.li	x27,6	 x27=0x00000006
        9555000	       856	80000f9a	0da2	c.slli	x27,0x8	 x27:0x00000006 x27=0x00000600
        9565000	       857	80000f9c	000d8d93	addi	x27,x27,0	 x27:0x00000600 x27=0x00000600
        9575000	       858	80000fa0	01bd2023	sw	x27,0(x26)	 x26:0x8ffffffc x27:0x00000600 PA:0x8ffffffc store:0x00000600 load:0x00000000
        9585000	       859	80000fa4	34202df3	csrrs	x27,mcause,x0	  x0:0x00000000 x27=0x8000000b
        9595000	       860	80000fa8	01fddd93	srli	x27,x27,0x1f	 x27:0x8000000b x27=0x00000001
        9605000	       861	80000fac	060d8863	beq	x27,x0,8000101c	 x27:0x00000001  x0:0x00000000
        9615000	       862	80000fb0	90000d37	lui	x26,0x90000	 x26=0x90000000
        9625000	       863	80000fb4	1d71	c.addi	x26,-4	 x26:0x90000000 x26=0x8ffffffc
        9635000	       864	80000fb6	30000d93	addi	x27,x0,768	  x0:0x00000000 x27=0x00000300
        9645000	       865	80000fba	0da2	c.slli	x27,0x8	 x27:0x00000300 x27=0x00030000
        9655000	       866	80000fbc	0d8d	c.addi	x27,3	 x27:0x00030000 x27=0x00030003
        9665000	       867	80000fbe	01bd2023	sw	x27,0(x26)	 x26:0x8ffffffc x27:0x00030003 PA:0x8ffffffc store:0x00030003 load:0x00000000
        9675000	       868	80000fc2	30002df3	csrrs	x27,mstatus,x0	  x0:0x00000000 x27=0x00000080
        9685000	       869	80000fc6	01bd2023	sw	x27,0(x26)	 x26:0x8ffffffc x27:0x00000080 PA:0x8ffffffc store:0x00000080 load:0x00000000
        9695000	       870	80000fca	90000d37	lui	x26,0x90000	 x26=0x90000000
        9705000	       871	80000fce	1d71	c.addi	x26,-4	 x26:0x90000000 x26=0x8ffffffc
        9715000	       872	80000fd0	34200d93	addi	x27,x0,834	  x0:0x00000000 x27=0x00000342
        9725000	       873	80000fd4	0da2	c.slli	x27,0x8	 x27:0x00000342 x27=0x00034200
        9735000	       874	80000fd6	0d8d	c.addi	x27,3	 x27:0x00034200 x27=0x00034203
        9745000	       875	80000fd8	01bd2023	sw	x27,0(x26)	 x26:0x8ffffffc x27:0x00034203 PA:0x8ffffffc store:0x00034203 load:0x00000000
        9755000	       876	80000fdc	34202df3	csrrs	x27,mcause,x0	  x0:0x00000000 x27=0x8000000b
        9765000	       877	80000fe0	01bd2023	sw	x27,0(x26)	 x26:0x8ffffffc x27:0x8000000b PA:0x8ffffffc store:0x8000000b load:0x00000000
        9775000	       878	80000fe4	90000d37	lui	x26,0x90000	 x26=0x90000000
        9785000	       879	80000fe8	1d71	c.addi	x26,-4	 x26:0x90000000 x26=0x8ffffffc
        9795000	       880	80000fea	30400d93	addi	x27,x0,772	  x0:0x00000000 x27=0x00000304
        9805000	       881	80000fee	0da2	c.slli	x27,0x8	 x27:0x00000304 x27=0x00030400
        9815000	       882	80000ff0	0d8d	c.addi	x27,3	 x27:0x00030400 x27=0x00030403
        9825000	       883	80000ff2	01bd2023	sw	x27,0(x26)	 x26:0x8ffffffc x27:0x00030403 PA:0x8ffffffc store:0x00030403 load:0x00000000
        9835000	       884	80000ff6	30402df3	csrrs	x27,mie,x0	  x0:0x00000000 x27=0x00360888
        9845000	       885	80000ffa	01bd2023	sw	x27,0(x26)	 x26:0x8ffffffc x27:0x00360888 PA:0x8ffffffc store:0x00360888 load:0x00000000
        9855000	       886	80000ffe	90000d37	lui	x26,0x90000	 x26=0x90000000
        9865000	       887	80001002	1d71	c.addi	x26,-4	 x26:0x90000000 x26=0x8ffffffc
        9875000	       888	80001004	34400d93	addi	x27,x0,836	  x0:0x00000000 x27=0x00000344
        9885000	       889	80001008	0da2	c.slli	x27,0x8	 x27:0x00000344 x27=0x00034400
        9895000	       890	8000100a	0d8d	c.addi	x27,3	 x27:0x00034400 x27=0x00034403
        9905000	       891	8000100c	01bd2023	sw	x27,0(x26)	 x26:0x8ffffffc x27:0x00034403 PA:0x8ffffffc store:0x00034403 load:0x00000000
        9915000	       892	80001010	34402df3	csrrs	x27,mip,x0	  x0:0x00000000 x27=0x00000000
        9925000	       893	80001014	01bd2023	sw	x27,0(x26)	 x26:0x8ffffffc x27:0x00000000 PA:0x8ffffffc store:0x00000000 load:0x00000000
        9935000	       894	80001018	3141106f	jal	x0,8001232c	  x0=0x00000000
        9955000	       896	8001232c	30002df3	csrrs	x27,mstatus,x0	  x0:0x00000000 x27=0x00000080
        9965000	       897	80012330	30402df3	csrrs	x27,mie,x0	  x0:0x00000000 x27=0x00360888
        9975000	       898	80012334	34402df3	csrrs	x27,mip,x0	  x0:0x00000000 x27=0x00000000
        9985000	       899	80012338	344dbdf3	csrrc	x27,mip,x27	 x27:0x00000000 x27=0x00000000
       10015000	       902	8001233c	90000d37	lui	x26,0x90000	 x26=0x90000000
       10025000	       903	80012340	1d71	c.addi	x26,-4	 x26:0x90000000 x26=0x8ffffffc
       10035000	       904	80012342	4d9d	c.li	x27,7	 x27=0x00000007
       10045000	       905	80012344	0da2	c.slli	x27,0x8	 x27:0x00000007 x27=0x00000700
       10055000	       906	80012346	000d8d93	addi	x27,x27,0	 x27:0x00000700 x27=0x00000700
       10065000	       907	8001234a	01bd2023	sw	x27,0(x26)	 x26:0x8ffffffc x27:0x00000700 PA:0x8ffffffc store:0x00000700 load:0x00000000
       10075000	       908	8001234e	00068bb3	add	x23,x13,x0	 x13:0x8002cc60  x0:0x00000000 x23=0x8002cc60
       10085000	       909	80012352	004ba083	lw	x1,4(x23)	 x23:0x8002cc60  x1=0x00000dee PA:0x8002cc64 load:0x00000dee
       10095000	       910	80012356	008ba103	lw	x2,8(x23)	 x23:0x8002cc60  x2=0x800135c5 PA:0x8002cc68 load:0x800135c5
       10105000	       911	8001235a	00cba183	lw	x3,12(x23)	 x23:0x8002cc60  x3=0x0000005b PA:0x8002cc6c load:0x0000005b
       10115000	       912	8001235e	010ba203	lw	x4,16(x23)	 x23:0x8002cc60  x4=0x00000001 PA:0x8002cc70 load:0x00000001
       10125000	       913	80012362	014ba283	lw	x5,20(x23)	 x23:0x8002cc60  x5=0x800139e3 PA:0x8002cc74 load:0x800139e3
       10135000	       914	80012366	018ba303	lw	x6,24(x23)	 x23:0x8002cc60  x6=0x00000091 PA:0x8002cc78 load:0x00000091
       10145000	       915	8001236a	01cba383	lw	x7,28(x23)	 x23:0x8002cc60  x7=0x000000e0 PA:0x8002cc7c load:0x000000e0
       10155000	       916	8001236e	020ba403	lw	x8,32(x23)	 x23:0x8002cc60  x8=0x00000000 PA:0x8002cc80 load:0x00000000
       10165000	       917	80012372	024ba483	lw	x9,36(x23)	 x23:0x8002cc60  x9=0x00000014 PA:0x8002cc84 load:0x00000014
       10175000	       918	80012376	028ba503	lw	x10,40(x23)	 x23:0x8002cc60 x10=0x0000069a PA:0x8002cc88 load:0x0000069a
       10185000	       919	8001237a	02cba583	lw	x11,44(x23)	 x23:0x8002cc60 x11=0xf1e8b1fd PA:0x8002cc8c load:0xf1e8b1fd
       10195000	       920	8001237e	030ba603	lw	x12,48(x23)	 x23:0x8002cc60 x12=0xea41e80f PA:0x8002cc90 load:0xea41e80f
       10205000	       921	80012382	034ba683	lw	x13,52(x23)	 x23:0x8002cc60 x13=0x8002cce0 PA:0x8002cc94 load:0x8002cce0
       10215000	       922	80012386	038ba703	lw	x14,56(x23)	 x23:0x8002cc60 x14=0x00000010 PA:0x8002cc98 load:0x00000010
       10225000	       923	8001238a	03cba783	lw	x15,60(x23)	 x23:0x8002cc60 x15=0x000000da PA:0x8002cc9c load:0x000000da
       10235000	       924	8001238e	040ba803	lw	x16,64(x23)	 x23:0x8002cc60 x16=0x80000000 PA:0x8002cca0 load:0x80000000
       10245000	       925	80012392	044ba883	lw	x17,68(x23)	 x23:0x8002cc60 x17=0x0000b000 PA:0x8002cca4 load:0x0000b000
       10255000	       926	80012396	048ba903	lw	x18,72(x23)	 x23:0x8002cc60 x18=0x34d595fa PA:0x8002cca8 load:0x34d595fa
       10265000	       927	8001239a	04cba983	lw	x19,76(x23)	 x23:0x8002cc60 x19=0x800156da PA:0x8002ccac load:0x800156da
       10275000	       928	8001239e	050baa03	lw	x20,80(x23)	 x23:0x8002cc60 x20=0x00000046 PA:0x8002ccb0 load:0x00000046
       10285000	       929	800123a2	054baa83	lw	x21,84(x23)	 x23:0x8002cc60 x21=0x3377a6b3 PA:0x8002ccb4 load:0x3377a6b3
       10295000	       930	800123a6	058bab03	lw	x22,88(x23)	 x23:0x8002cc60 x22=0x0000138d PA:0x8002ccb8 load:0x0000138d
       10305000	       931	800123aa	05cbab83	lw	x23,92(x23)	 x23:0x8002cc60 x23=0x8002cc60 PA:0x8002ccbc load:0x8002cc60
       10325000	       933	800123ae	060bac03	lw	x24,96(x23)	 x23:0x8002cc60 x24=0x00008a26 PA:0x8002ccc0 load:0x00008a26
       10335000	       934	800123b2	064bac83	lw	x25,100(x23)	 x23:0x8002cc60 x25=0x000000da PA:0x8002ccc4 load:0x000000da
       10345000	       935	800123b6	068bad03	lw	x26,104(x23)	 x23:0x8002cc60 x26=0x00008e83 PA:0x8002ccc8 load:0x00008e83
       10355000	       936	800123ba	06cbad83	lw	x27,108(x23)	 x23:0x8002cc60 x27=0xa4c7c7c3 PA:0x8002cccc load:0xa4c7c7c3
       10365000	       937	800123be	070bae03	lw	x28,112(x23)	 x23:0x8002cc60 x28=0xffffffb3 PA:0x8002ccd0 load:0xffffffb3
       10375000	       938	800123c2	074bae83	lw	x29,116(x23)	 x23:0x8002cc60 x29=0x0000b234 PA:0x8002ccd4 load:0x0000b234
       10385000	       939	800123c6	078baf03	lw	x30,120(x23)	 x23:0x8002cc60 x30=0x00000071 PA:0x8002ccd8 load:0x00000071
       10395000	       940	800123ca	07cbaf83	lw	x31,124(x23)	 x23:0x8002cc60 x31=0x000000ff PA:0x8002ccdc load:0x000000ff
       10405000	       941	800123ce	080b8b93	addi	x23,x23,128	 x23:0x8002cc60 x23=0x8002cce0
       10415000	       942	800123d2	000b86b3	add	x13,x23,x0	 x23:0x8002cce0  x0:0x00000000 x13=0x8002cce0
       10425000	       943	800123d6	0006ab83	lw	x23,0(x13)	 x13:0x8002cce0 x23=0x80028e64 PA:0x8002cce0 load:0x80028e64
       10435000	       944	800123da	0691	c.addi	x13,4	 x13:0x8002cce0 x13=0x8002cce4
       10445000	       945	800123dc	30200073	mret	
       10475000	       948	80003608	003123a3	sw	x3,7(x2)	  x2:0x800135c5  x3:0x0000005b PA:0x800135cc store:0x0000005b load:0x00000000
       10485000	       949	8000360c	42a1	c.li	x5,8	  x5=0x00000008
       10495000	       950	8000360e	1cfd	c.addi	x25,-1	 x25:0x000000da x25=0x000000d9
       10505000	       951	80003610	016fe933	or	x18,x31,x22	 x31:0x000000ff x22:0x0000138d x18=0x000013ff
       10515000	       952	80003614	d79c6913	ori	x18,x24,-647	 x24:0x00008a26 x18=0xffffff7f
       10525000	       953	80003618	8375	c.srli	x14,0x1d	 x14:0x00000010 x14=0x00000000
       10535000	       954	8000361a	8c91	c.sub	x9,x12	  x9:0x00000014 x12:0xea41e80f  x9=0x15be1805
       10545000	       955	8000361c	012e	c.slli	x2,0xb	  x2:0x800135c5  x2=0x09ae2800
       10555000	       956	8000361e	0001	c.addi	x0,0	  x0:0x00000000  x0=0x00000000
       10565000	       957	80003620	b6f97113	andi	x2,x18,-1169	 x18:0xffffff7f  x2=0xfffffb6f
       10575000	       958	80003624	4c5c7e13	andi	x28,x24,1221	 x24:0x00008a26 x28=0x00000004
       10585000	       959	80003628	ca24b213	sltiu	x4,x9,-862	  x9:0x15be1805  x4=0x00000001
       10595000	       960	8000362c	409d	c.li	x1,7	  x1=0x00000007
       10605000	       961	8000362e	0ff0000f	fence	iorw,iorw	
       10645000	       965	80003632	0348a833	mulhsu	x16,x17,x20	 x17:0x0000b000 x20:0x00000046 x16=0x00000000
       10655000	       966	80003636	0a25	c.addi	x20,9	 x20:0x00000046 x20=0x0000004f
       10665000	       967	80003638	01b4b4b3	sltu	x9,x9,x27	  x9:0x15be1805 x27:0xa4c7c7c3  x9=0x00000001
       10675000	       968	8000363c	12ed	c.addi	x5,-5	  x5:0x00000008  x5=0x00000003
       11045000	      1005	8000363e	03744f33	div	x30,x8,x23	  x8:0x00000000 x23:0x80028e64 x30=0x00000000
       11055000	      1006	80003642	8f65	c.and	x14,x9	 x14:0x00000000  x9:0x00000001 x14=0x00000000
       11065000	      1007	80003644	8d25	c.xor	x10,x9	 x10:0x0000069a  x9:0x00000001 x10=0x0000069b
       11075000	      1008	80003646	fe12f8e3	bgeu	x5,x1,80003636	  x5:0x00000003  x1:0x00000007
       11085000	      1009	8000364a	00889833	sll	x16,x17,x8	 x17:0x0000b000  x8:0x00000000 x16=0x0000b000
       11095000	      1010	8000364e	01c000ef	jal	x1,8000366a	  x1=0x80003652
       11125000	      1013	8000366a	ff1ff36f	jal	x6,8000365a	  x6=0x8000366e
       11145000	      1015	8000365a	a00d	c.j	8000367c	
       11165000	      1017	8000367c	bff5	c.j	80003678	
       11185000	      1019	80003678	b7f5	c.j	80003664	
       11205000	      1021	80003664	ff9ff8ef	jal	x17,8000365c	 x17=0x80003668
       11225000	      1023	8000365c	3fdd	c.jal	80003652	  x1=0x8000365e
       11255000	      1026	80003652	02c000ef	jal	x1,8000367e	  x1=0x80003656
       11285000	      1029	8000367e	fe1ff0ef	jal	x1,8000365e	  x1=0x80003682
       11305000	      1031	8000365e	2811	c.jal	80003672	  x1=0x80003660
       11325000	      1033	80003672	2811	c.jal	80003686	  x1=0x80003674
       11355000	      1036	80003686	fdbff0ef	jal	x1,80003660	  x1=0x8000368a
       11375000	      1038	80003660	008004ef	jal	x9,80003668	  x9=0x80003664
       11395000	      1040	80003668	a031	c.j	80003674	
       11415000	      1042	80003674	006007ef	jal	x15,8000367a	 x15=0x80003678
       11435000	      1044	8000367a	a029	c.j	80003684	
       11455000	      1046	80003684	bffd	c.j	80003682	
       11475000	      1048	80003682	37f5	c.jal	8000366e	  x1=0x80003684
       11505000	      1051	8000366e	fe9ff36f	jal	x6,80003656	  x6=0x80003672
       11535000	      1054	80003656	0340036f	jal	x6,8000368a	  x6=0x8000365a
       11565000	      1057	8000368a	10500073	wfi	
       12215000	      1122	8000272c	fd8fe06f	jal	x0,80000f04	  x0=0x00000000
       12235000	      1124	80000f04	16f1	c.addi	x13,-4	 x13:0x8002cce4 x13=0x8002cce0
       12245000	      1125	80000f06	0176a023	sw	x23,0(x13)	 x13:0x8002cce0 x23:0x80028e64 PA:0x8002cce0 store:0x80028e64 load:0x00000000
       12255000	      1126	80000f0a	00068bb3	add	x23,x13,x0	 x13:0x8002cce0  x0:0x00000000 x23=0x8002cce0
       12265000	      1127	80000f0e	f80b8b93	addi	x23,x23,-128	 x23:0x8002cce0 x23=0x8002cc60
       12275000	      1128	80000f12	001ba223	sw	x1,4(x23)	 x23:0x8002cc60  x1:0x80003684 PA:0x8002cc64 store:0x80003684 load:0x00000000
       12285000	      1129	80000f16	002ba423	sw	x2,8(x23)	 x23:0x8002cc60  x2:0xfffffb6f PA:0x8002cc68 store:0xfffffb6f load:0x00000000
       12295000	      1130	80000f1a	003ba623	sw	x3,12(x23)	 x23:0x8002cc60  x3:0x0000005b PA:0x8002cc6c store:0x0000005b load:0x00000000
       12305000	      1131	80000f1e	004ba823	sw	x4,16(x23)	 x23:0x8002cc60  x4:0x00000001 PA:0x8002cc70 store:0x00000001 load:0x00000000
       12315000	      1132	80000f22	005baa23	sw	x5,20(x23)	 x23:0x8002cc60  x5:0x00000003 PA:0x8002cc74 store:0x00000003 load:0x00000000
       12325000	      1133	80000f26	006bac23	sw	x6,24(x23)	 x23:0x8002cc60  x6:0x8000365a PA:0x8002cc78 store:0x8000365a load:0x00000000
       12335000	      1134	80000f2a	007bae23	sw	x7,28(x23)	 x23:0x8002cc60  x7:0x000000e0 PA:0x8002cc7c store:0x000000e0 load:0x00000000
       12345000	      1135	80000f2e	028ba023	sw	x8,32(x23)	 x23:0x8002cc60  x8:0x00000000 PA:0x8002cc80 store:0x00000000 load:0x00000000
       12355000	      1136	80000f32	029ba223	sw	x9,36(x23)	 x23:0x8002cc60  x9:0x80003664 PA:0x8002cc84 store:0x80003664 load:0x00000000
       12365000	      1137	80000f36	02aba423	sw	x10,40(x23)	 x23:0x8002cc60 x10:0x0000069b PA:0x8002cc88 store:0x0000069b load:0x00000000
       12375000	      1138	80000f3a	02bba623	sw	x11,44(x23)	 x23:0x8002cc60 x11:0xf1e8b1fd PA:0x8002cc8c store:0xf1e8b1fd load:0x00000000
       12385000	      1139	80000f3e	02cba823	sw	x12,48(x23)	 x23:0x8002cc60 x12:0xea41e80f PA:0x8002cc90 store:0xea41e80f load:0x00000000
       12395000	      1140	80000f42	02dbaa23	sw	x13,52(x23)	 x23:0x8002cc60 x13:0x8002cce0 PA:0x8002cc94 store:0x8002cce0 load:0x00000000
       12405000	      1141	80000f46	02ebac23	sw	x14,56(x23)	 x23:0x8002cc60 x14:0x00000000 PA:0x8002cc98 store:0x00000000 load:0x00000000
       12415000	      1142	80000f4a	02fbae23	sw	x15,60(x23)	 x23:0x8002cc60 x15:0x80003678 PA:0x8002cc9c store:0x80003678 load:0x00000000
       12425000	      1143	80000f4e	050ba023	sw	x16,64(x23)	 x23:0x8002cc60 x16:0x0000b000 PA:0x8002cca0 store:0x0000b000 load:0x00000000
       12435000	      1144	80000f52	051ba223	sw	x17,68(x23)	 x23:0x8002cc60 x17:0x80003668 PA:0x8002cca4 store:0x80003668 load:0x00000000
       12445000	      1145	80000f56	052ba423	sw	x18,72(x23)	 x23:0x8002cc60 x18:0xffffff7f PA:0x8002cca8 store:0xffffff7f load:0x00000000
       12455000	      1146	80000f5a	053ba623	sw	x19,76(x23)	 x23:0x8002cc60 x19:0x800156da PA:0x8002ccac store:0x800156da load:0x00000000
       12465000	      1147	80000f5e	054ba823	sw	x20,80(x23)	 x23:0x8002cc60 x20:0x0000004f PA:0x8002ccb0 store:0x0000004f load:0x00000000
       12475000	      1148	80000f62	055baa23	sw	x21,84(x23)	 x23:0x8002cc60 x21:0x3377a6b3 PA:0x8002ccb4 store:0x3377a6b3 load:0x00000000
       12485000	      1149	80000f66	056bac23	sw	x22,88(x23)	 x23:0x8002cc60 x22:0x0000138d PA:0x8002ccb8 store:0x0000138d load:0x00000000
       12495000	      1150	80000f6a	057bae23	sw	x23,92(x23)	 x23:0x8002cc60 x23:0x8002cc60 PA:0x8002ccbc store:0x8002cc60 load:0x00000000
       12505000	      1151	80000f6e	078ba023	sw	x24,96(x23)	 x23:0x8002cc60 x24:0x00008a26 PA:0x8002ccc0 store:0x00008a26 load:0x00000000
       12515000	      1152	80000f72	079ba223	sw	x25,100(x23)	 x23:0x8002cc60 x25:0x000000d9 PA:0x8002ccc4 store:0x000000d9 load:0x00000000
       12525000	      1153	80000f76	07aba423	sw	x26,104(x23)	 x23:0x8002cc60 x26:0x00008e83 PA:0x8002ccc8 store:0x00008e83 load:0x00000000
       12535000	      1154	80000f7a	07bba623	sw	x27,108(x23)	 x23:0x8002cc60 x27:0xa4c7c7c3 PA:0x8002cccc store:0xa4c7c7c3 load:0x00000000
       12545000	      1155	80000f7e	07cba823	sw	x28,112(x23)	 x23:0x8002cc60 x28:0x00000004 PA:0x8002ccd0 store:0x00000004 load:0x00000000
       12555000	      1156	80000f82	07dbaa23	sw	x29,116(x23)	 x23:0x8002cc60 x29:0x0000b234 PA:0x8002ccd4 store:0x0000b234 load:0x00000000
       12565000	      1157	80000f86	07ebac23	sw	x30,120(x23)	 x23:0x8002cc60 x30:0x00000000 PA:0x8002ccd8 store:0x00000000 load:0x00000000
       12575000	      1158	80000f8a	07fbae23	sw	x31,124(x23)	 x23:0x8002cc60 x31:0x000000ff PA:0x8002ccdc store:0x000000ff load:0x00000000
       12585000	      1159	80000f8e	000b86b3	add	x13,x23,x0	 x23:0x8002cc60  x0:0x00000000 x13=0x8002cc60
       12595000	      1160	80000f92	90000d37	lui	x26,0x90000	 x26=0x90000000
       12605000	      1161	80000f96	1d71	c.addi	x26,-4	 x26:0x90000000 x26=0x8ffffffc
       12615000	      1162	80000f98	4d99	c.li	x27,6	 x27=0x00000006
       12625000	      1163	80000f9a	0da2	c.slli	x27,0x8	 x27:0x00000006 x27=0x00000600
       12635000	      1164	80000f9c	000d8d93	addi	x27,x27,0	 x27:0x00000600 x27=0x00000600
       12645000	      1165	80000fa0	01bd2023	sw	x27,0(x26)	 x26:0x8ffffffc x27:0x00000600 PA:0x8ffffffc store:0x00000600 load:0x00000000
       12655000	      1166	80000fa4	34202df3	csrrs	x27,mcause,x0	  x0:0x00000000 x27=0x8000000b
       12665000	      1167	80000fa8	01fddd93	srli	x27,x27,0x1f	 x27:0x8000000b x27=0x00000001
       12675000	      1168	80000fac	060d8863	beq	x27,x0,8000101c	 x27:0x00000001  x0:0x00000000
       12685000	      1169	80000fb0	90000d37	lui	x26,0x90000	 x26=0x90000000
       12695000	      1170	80000fb4	1d71	c.addi	x26,-4	 x26:0x90000000 x26=0x8ffffffc
       12705000	      1171	80000fb6	30000d93	addi	x27,x0,768	  x0:0x00000000 x27=0x00000300
       12715000	      1172	80000fba	0da2	c.slli	x27,0x8	 x27:0x00000300 x27=0x00030000
       12725000	      1173	80000fbc	0d8d	c.addi	x27,3	 x27:0x00030000 x27=0x00030003
       12735000	      1174	80000fbe	01bd2023	sw	x27,0(x26)	 x26:0x8ffffffc x27:0x00030003 PA:0x8ffffffc store:0x00030003 load:0x00000000
       12745000	      1175	80000fc2	30002df3	csrrs	x27,mstatus,x0	  x0:0x00000000 x27=0x00000080
       12755000	      1176	80000fc6	01bd2023	sw	x27,0(x26)	 x26:0x8ffffffc x27:0x00000080 PA:0x8ffffffc store:0x00000080 load:0x00000000
       12765000	      1177	80000fca	90000d37	lui	x26,0x90000	 x26=0x90000000
       12775000	      1178	80000fce	1d71	c.addi	x26,-4	 x26:0x90000000 x26=0x8ffffffc
       12785000	      1179	80000fd0	34200d93	addi	x27,x0,834	  x0:0x00000000 x27=0x00000342
       12795000	      1180	80000fd4	0da2	c.slli	x27,0x8	 x27:0x00000342 x27=0x00034200
       12805000	      1181	80000fd6	0d8d	c.addi	x27,3	 x27:0x00034200 x27=0x00034203
       12815000	      1182	80000fd8	01bd2023	sw	x27,0(x26)	 x26:0x8ffffffc x27:0x00034203 PA:0x8ffffffc store:0x00034203 load:0x00000000
       12825000	      1183	80000fdc	34202df3	csrrs	x27,mcause,x0	  x0:0x00000000 x27=0x8000000b
       12835000	      1184	80000fe0	01bd2023	sw	x27,0(x26)	 x26:0x8ffffffc x27:0x8000000b PA:0x8ffffffc store:0x8000000b load:0x00000000
       12845000	      1185	80000fe4	90000d37	lui	x26,0x90000	 x26=0x90000000
       12855000	      1186	80000fe8	1d71	c.addi	x26,-4	 x26:0x90000000 x26=0x8ffffffc
       12865000	      1187	80000fea	30400d93	addi	x27,x0,772	  x0:0x00000000 x27=0x00000304
       12875000	      1188	80000fee	0da2	c.slli	x27,0x8	 x27:0x00000304 x27=0x00030400
       12885000	      1189	80000ff0	0d8d	c.addi	x27,3	 x27:0x00030400 x27=0x00030403
       12895000	      1190	80000ff2	01bd2023	sw	x27,0(x26)	 x26:0x8ffffffc x27:0x00030403 PA:0x8ffffffc store:0x00030403 load:0x00000000
       12905000	      1191	80000ff6	30402df3	csrrs	x27,mie,x0	  x0:0x00000000 x27=0x00360888
       12915000	      1192	80000ffa	01bd2023	sw	x27,0(x26)	 x26:0x8ffffffc x27:0x00360888 PA:0x8ffffffc store:0x00360888 load:0x00000000
       12925000	      1193	80000ffe	90000d37	lui	x26,0x90000	 x26=0x90000000
       12935000	      1194	80001002	1d71	c.addi	x26,-4	 x26:0x90000000 x26=0x8ffffffc
       12945000	      1195	80001004	34400d93	addi	x27,x0,836	  x0:0x00000000 x27=0x00000344
       12955000	      1196	80001008	0da2	c.slli	x27,0x8	 x27:0x00000344 x27=0x00034400
       12965000	      1197	8000100a	0d8d	c.addi	x27,3	 x27:0x00034400 x27=0x00034403
       12975000	      1198	8000100c	01bd2023	sw	x27,0(x26)	 x26:0x8ffffffc x27:0x00034403 PA:0x8ffffffc store:0x00034403 load:0x00000000
       12985000	      1199	80001010	34402df3	csrrs	x27,mip,x0	  x0:0x00000000 x27=0x00000000
       12995000	      1200	80001014	01bd2023	sw	x27,0(x26)	 x26:0x8ffffffc x27:0x00000000 PA:0x8ffffffc store:0x00000000 load:0x00000000
       13005000	      1201	80001018	3141106f	jal	x0,8001232c	  x0=0x00000000
       13025000	      1203	8001232c	30002df3	csrrs	x27,mstatus,x0	  x0:0x00000000 x27=0x00000080
       13035000	      1204	80012330	30402df3	csrrs	x27,mie,x0	  x0:0x00000000 x27=0x00360888
       13045000	      1205	80012334	34402df3	csrrs	x27,mip,x0	  x0:0x00000000 x27=0x00000000
       13055000	      1206	80012338	344dbdf3	csrrc	x27,mip,x27	 x27:0x00000000 x27=0x00000000
       13085000	      1209	8001233c	90000d37	lui	x26,0x90000	 x26=0x90000000
       13095000	      1210	80012340	1d71	c.addi	x26,-4	 x26:0x90000000 x26=0x8ffffffc
       13105000	      1211	80012342	4d9d	c.li	x27,7	 x27=0x00000007
       13115000	      1212	80012344	0da2	c.slli	x27,0x8	 x27:0x00000007 x27=0x00000700
       13125000	      1213	80012346	000d8d93	addi	x27,x27,0	 x27:0x00000700 x27=0x00000700
       13135000	      1214	8001234a	01bd2023	sw	x27,0(x26)	 x26:0x8ffffffc x27:0x00000700 PA:0x8ffffffc store:0x00000700 load:0x00000000
       13145000	      1215	8001234e	00068bb3	add	x23,x13,x0	 x13:0x8002cc60  x0:0x00000000 x23=0x8002cc60
       13155000	      1216	80012352	004ba083	lw	x1,4(x23)	 x23:0x8002cc60  x1=0x80003684 PA:0x8002cc64 load:0x80003684
       13165000	      1217	80012356	008ba103	lw	x2,8(x23)	 x23:0x8002cc60  x2=0xfffffb6f PA:0x8002cc68 load:0xfffffb6f
       13175000	      1218	8001235a	00cba183	lw	x3,12(x23)	 x23:0x8002cc60  x3=0x0000005b PA:0x8002cc6c load:0x0000005b
       13185000	      1219	8001235e	010ba203	lw	x4,16(x23)	 x23:0x8002cc60  x4=0x00000001 PA:0x8002cc70 load:0x00000001
       13195000	      1220	80012362	014ba283	lw	x5,20(x23)	 x23:0x8002cc60  x5=0x00000003 PA:0x8002cc74 load:0x00000003
       13205000	      1221	80012366	018ba303	lw	x6,24(x23)	 x23:0x8002cc60  x6=0x8000365a PA:0x8002cc78 load:0x8000365a
       13215000	      1222	8001236a	01cba383	lw	x7,28(x23)	 x23:0x8002cc60  x7=0x000000e0 PA:0x8002cc7c load:0x000000e0
       13225000	      1223	8001236e	020ba403	lw	x8,32(x23)	 x23:0x8002cc60  x8=0x00000000 PA:0x8002cc80 load:0x00000000
       13235000	      1224	80012372	024ba483	lw	x9,36(x23)	 x23:0x8002cc60  x9=0x80003664 PA:0x8002cc84 load:0x80003664
       13245000	      1225	80012376	028ba503	lw	x10,40(x23)	 x23:0x8002cc60 x10=0x0000069b PA:0x8002cc88 load:0x0000069b
       13255000	      1226	8001237a	02cba583	lw	x11,44(x23)	 x23:0x8002cc60 x11=0xf1e8b1fd PA:0x8002cc8c load:0xf1e8b1fd
       13265000	      1227	8001237e	030ba603	lw	x12,48(x23)	 x23:0x8002cc60 x12=0xea41e80f PA:0x8002cc90 load:0xea41e80f
       13275000	      1228	80012382	034ba683	lw	x13,52(x23)	 x23:0x8002cc60 x13=0x8002cce0 PA:0x8002cc94 load:0x8002cce0
       13285000	      1229	80012386	038ba703	lw	x14,56(x23)	 x23:0x8002cc60 x14=0x00000000 PA:0x8002cc98 load:0x00000000
       13295000	      1230	8001238a	03cba783	lw	x15,60(x23)	 x23:0x8002cc60 x15=0x80003678 PA:0x8002cc9c load:0x80003678
       13305000	      1231	8001238e	040ba803	lw	x16,64(x23)	 x23:0x8002cc60 x16=0x0000b000 PA:0x8002cca0 load:0x0000b000
       13315000	      1232	80012392	044ba883	lw	x17,68(x23)	 x23:0x8002cc60 x17=0x80003668 PA:0x8002cca4 load:0x80003668
       13325000	      1233	80012396	048ba903	lw	x18,72(x23)	 x23:0x8002cc60 x18=0xffffff7f PA:0x8002cca8 load:0xffffff7f
       13335000	      1234	8001239a	04cba983	lw	x19,76(x23)	 x23:0x8002cc60 x19=0x800156da PA:0x8002ccac load:0x800156da
       13345000	      1235	8001239e	050baa03	lw	x20,80(x23)	 x23:0x8002cc60 x20=0x0000004f PA:0x8002ccb0 load:0x0000004f
       13355000	      1236	800123a2	054baa83	lw	x21,84(x23)	 x23:0x8002cc60 x21=0x3377a6b3 PA:0x8002ccb4 load:0x3377a6b3
       13365000	      1237	800123a6	058bab03	lw	x22,88(x23)	 x23:0x8002cc60 x22=0x0000138d PA:0x8002ccb8 load:0x0000138d
       13375000	      1238	800123aa	05cbab83	lw	x23,92(x23)	 x23:0x8002cc60 x23=0x8002cc60 PA:0x8002ccbc load:0x8002cc60
       13395000	      1240	800123ae	060bac03	lw	x24,96(x23)	 x23:0x8002cc60 x24=0x00008a26 PA:0x8002ccc0 load:0x00008a26
       13405000	      1241	800123b2	064bac83	lw	x25,100(x23)	 x23:0x8002cc60 x25=0x000000d9 PA:0x8002ccc4 load:0x000000d9
       13415000	      1242	800123b6	068bad03	lw	x26,104(x23)	 x23:0x8002cc60 x26=0x00008e83 PA:0x8002ccc8 load:0x00008e83
       13425000	      1243	800123ba	06cbad83	lw	x27,108(x23)	 x23:0x8002cc60 x27=0xa4c7c7c3 PA:0x8002cccc load:0xa4c7c7c3
       13435000	      1244	800123be	070bae03	lw	x28,112(x23)	 x23:0x8002cc60 x28=0x00000004 PA:0x8002ccd0 load:0x00000004
       13445000	      1245	800123c2	074bae83	lw	x29,116(x23)	 x23:0x8002cc60 x29=0x0000b234 PA:0x8002ccd4 load:0x0000b234
       13455000	      1246	800123c6	078baf03	lw	x30,120(x23)	 x23:0x8002cc60 x30=0x00000000 PA:0x8002ccd8 load:0x00000000
       13465000	      1247	800123ca	07cbaf83	lw	x31,124(x23)	 x23:0x8002cc60 x31=0x000000ff PA:0x8002ccdc load:0x000000ff
       13475000	      1248	800123ce	080b8b93	addi	x23,x23,128	 x23:0x8002cc60 x23=0x8002cce0
       13485000	      1249	800123d2	000b86b3	add	x13,x23,x0	 x23:0x8002cce0  x0:0x00000000 x13=0x8002cce0
       13495000	      1250	800123d6	0006ab83	lw	x23,0(x13)	 x13:0x8002cce0 x23=0x80028e64 PA:0x8002cce0 load:0x80028e64
       13505000	      1251	800123da	0691	c.addi	x13,4	 x13:0x8002cce0 x13=0x8002cce4
       13515000	      1252	800123dc	30200073	mret	
       13555000	      1256	8000368e	00018d17	auipc	x26,0x18	 x26=0x8001b68e
       13565000	      1257	80003692	b9bd0d13	addi	x26,x26,-1125	 x26:0x8001b68e x26=0x8001b229
       13575000	      1258	80003696	f62d4c83	lbu	x25,-158(x26)	 x26:0x8001b229 x25=0x000000bd PA:0x8001b18b load:0x000000bd
       13585000	      1259	8000369a	35fc30b7	lui	x1,0x35fc3	  x1=0x35fc3000
       13595000	      1260	8000369e	0ff0000f	fence	iorw,iorw	
       13605000	      1261	800036a2	80bd	c.srli	x9,0xf	  x9:0x80003664  x9=0x00010000
       13615000	      1262	800036a4	fa7d0da3	sb	x7,-69(x26)	 x26:0x8001b229  x7:0x000000e0 PA:0x8001b1e4 store:0x000000e0 load:0x00000000
       13625000	      1263	800036a8	7e5bc313	xori	x6,x23,2021	 x23:0x80028e64  x6=0x80028981
       13645000	      1265	800036ac	03e1db33	divu	x22,x3,x30	  x3:0x0000005b x30:0x00000000 x22=0xffffffff
       13655000	      1266	800036b0	36e93e17	auipc	x28,0x36e93	 x28=0xb6e966b0
       13665000	      1267	800036b4	0d6d0b03	lb	x22,214(x26)	 x26:0x8001b229 x22=0x00000064 PA:0x8001b2ff load:0x00000064
       13705000	      1271	800036b8	035c37b3	mulhu	x15,x24,x21	 x24:0x00008a26 x21:0x3377a6b3 x15=0x00001bc6
       13715000	      1272	800036bc	010d0f83	lb	x31,16(x26)	 x26:0x8001b229 x31=0xffffffdd PA:0x8001b239 load:0xffffffdd
       13725000	      1273	800036c0	6d99	c.lui	x27,0x6	 x27=0x00006000
       13765000	      1277	800036c2	0277a533	mulhsu	x10,x15,x7	 x15:0x00001bc6  x7:0x000000e0 x10=0x00000000
       13775000	      1278	800036c6	613d	c.addi16sp	x2,480	  x2:0xfffffb6f  x2=0xfffffd4f
       13785000	      1279	800036c8	cecfe893	ori	x17,x31,-788	 x31:0xffffffdd x17=0xfffffffd
       13795000	      1280	800036cc	fa3d0023	sb	x3,-96(x26)	 x26:0x8001b229  x3:0x0000005b PA:0x8001b1c9 store:0x0000005b load:0x00000000
       13805000	      1281	800036d0	00f2	c.slli	x1,0x1c	  x1:0x35fc3000  x1=0x00000000
       13815000	      1282	800036d2	6b408e97	auipc	x29,0x6b408	 x29=0xeb40b6d2
       13825000	      1283	800036d6	0001	c.addi	x0,0	  x0:0x00000000  x0=0x00000000
       14195000	      1320	800036d8	032b7ab3	remu	x21,x22,x18	 x22:0x00000064 x18:0xffffff7f x21=0x00000064
       14205000	      1321	800036dc	014fb8b3	sltu	x17,x31,x20	 x31:0xffffffdd x20:0x0000004f x17=0x00000000
       14215000	      1322	800036e0	f54d4f03	lbu	x30,-172(x26)	 x26:0x8001b229 x30=0x00000019 PA:0x8001b17d load:0x00000019
       14225000	      1323	800036e4	4875	c.li	x16,29	 x16=0x0000001d
       14235000	      1324	800036e6	01352833	slt	x16,x10,x19	 x10:0x00000000 x19:0x800156da x16=0x00000000
       14245000	      1325	800036ea	00ccc4b3	xor	x9,x25,x12	 x25:0x000000bd x12:0xea41e80f  x9=0xea41e8b2
       14255000	      1326	800036ee	005c32b3	sltu	x5,x24,x5	 x24:0x00008a26  x5:0x00000003  x5=0x00000000
       14265000	      1327	800036f2	023d0ca3	sb	x3,57(x26)	 x26:0x8001b229  x3:0x0000005b PA:0x8001b262 store:0x0000005b load:0x00000000
       14275000	      1328	800036f6	0f8d0203	lb	x4,248(x26)	 x26:0x8001b229  x4=0xfffffff7 PA:0x8001b321 load:0xfffffff7
       14285000	      1329	800036fa	0000100f	fence.i	
       14315000	      1332	800036fe	fa6d11a3	sh	x6,-93(x26)	 x26:0x8001b229  x6:0x80028981 PA:0x8001b1cc store:0x80028981 load:0x00000000
       14325000	      1333	80003702	06ed0283	lb	x5,110(x26)	 x26:0x8001b229  x5=0x00000053 PA:0x8001b297 load:0x00000053
       14345000	      1335	80003706	9b16	c.add	x22,x5	 x22:0x00000064  x5:0x00000053 x22=0x000000b7
       14355000	      1336	80003708	f72d4003	lbu	x0,-142(x26)	 x26:0x8001b229  x0=0x00000000 PA:0x8001b19b load:0x00000024
       14365000	      1337	8000370c	08ad4703	lbu	x14,138(x26)	 x26:0x8001b229 x14=0x000000ec PA:0x8001b2b3 load:0x000000ec
       14375000	      1338	80003710	ffcd0b23	sb	x28,-10(x26)	 x26:0x8001b229 x28:0xb6e966b0 PA:0x8001b21f store:0xb6e966b0 load:0x00000000
       14415000	      1342	80003714	03e594b3	mulh	x9,x11,x30	 x11:0xf1e8b1fd x30:0x00000019  x9=0xfffffffe
       14425000	      1343	80003718	8e45	c.or	x12,x9	 x12:0xea41e80f  x9:0xfffffffe x12=0xffffffff
       14435000	      1344	8000371a	c93b3213	sltiu	x4,x22,-877	 x22:0x000000b7  x4=0x00000001
       14445000	      1345	8000371e	41705733	sra	x14,x0,x23	  x0:0x00000000 x23:0x80028e64 x14=0x00000000
       14455000	      1346	80003722	0fed0303	lb	x6,254(x26)	 x26:0x8001b229  x6=0xffffffeb PA:0x8001b327 load:0xffffffeb
       14465000	      1347	80003726	10500073	wfi	
       15285000	      1429	8000272c	fd8fe06f	jal	x0,80000f04	  x0=0x00000000
       15305000	      1431	80000f04	16f1	c.addi	x13,-4	 x13:0x8002cce4 x13=0x8002cce0
       15315000	      1432	80000f06	0176a023	sw	x23,0(x13)	 x13:0x8002cce0 x23:0x80028e64 PA:0x8002cce0 store:0x80028e64 load:0x00000000
       15325000	      1433	80000f0a	00068bb3	add	x23,x13,x0	 x13:0x8002cce0  x0:0x00000000 x23=0x8002cce0
       15335000	      1434	80000f0e	f80b8b93	addi	x23,x23,-128	 x23:0x8002cce0 x23=0x8002cc60
       15345000	      1435	80000f12	001ba223	sw	x1,4(x23)	 x23:0x8002cc60  x1:0x00000000 PA:0x8002cc64 store:0x00000000 load:0x00000000
       15355000	      1436	80000f16	002ba423	sw	x2,8(x23)	 x23:0x8002cc60  x2:0xfffffd4f PA:0x8002cc68 store:0xfffffd4f load:0x00000000
       15365000	      1437	80000f1a	003ba623	sw	x3,12(x23)	 x23:0x8002cc60  x3:0x0000005b PA:0x8002cc6c store:0x0000005b load:0x00000000
       15375000	      1438	80000f1e	004ba823	sw	x4,16(x23)	 x23:0x8002cc60  x4:0x00000001 PA:0x8002cc70 store:0x00000001 load:0x00000000
       15385000	      1439	80000f22	005baa23	sw	x5,20(x23)	 x23:0x8002cc60  x5:0x00000053 PA:0x8002cc74 store:0x00000053 load:0x00000000
       15395000	      1440	80000f26	006bac23	sw	x6,24(x23)	 x23:0x8002cc60  x6:0xffffffeb PA:0x8002cc78 store:0xffffffeb load:0x00000000
       15405000	      1441	80000f2a	007bae23	sw	x7,28(x23)	 x23:0x8002cc60  x7:0x000000e0 PA:0x8002cc7c store:0x000000e0 load:0x00000000
       15415000	      1442	80000f2e	028ba023	sw	x8,32(x23)	 x23:0x8002cc60  x8:0x00000000 PA:0x8002cc80 store:0x00000000 load:0x00000000
       15425000	      1443	80000f32	029ba223	sw	x9,36(x23)	 x23:0x8002cc60  x9:0xfffffffe PA:0x8002cc84 store:0xfffffffe load:0x00000000
       15435000	      1444	80000f36	02aba423	sw	x10,40(x23)	 x23:0x8002cc60 x10:0x00000000 PA:0x8002cc88 store:0x00000000 load:0x00000000
       15445000	      1445	80000f3a	02bba623	sw	x11,44(x23)	 x23:0x8002cc60 x11:0xf1e8b1fd PA:0x8002cc8c store:0xf1e8b1fd load:0x00000000
       15455000	      1446	80000f3e	02cba823	sw	x12,48(x23)	 x23:0x8002cc60 x12:0xffffffff PA:0x8002cc90 store:0xffffffff load:0x00000000
       15465000	      1447	80000f42	02dbaa23	sw	x13,52(x23)	 x23:0x8002cc60 x13:0x8002cce0 PA:0x8002cc94 store:0x8002cce0 load:0x00000000
       15475000	      1448	80000f46	02ebac23	sw	x14,56(x23)	 x23:0x8002cc60 x14:0x00000000 PA:0x8002cc98 store:0x00000000 load:0x00000000
       15485000	      1449	80000f4a	02fbae23	sw	x15,60(x23)	 x23:0x8002cc60 x15:0x00001bc6 PA:0x8002cc9c store:0x00001bc6 load:0x00000000
       15495000	      1450	80000f4e	050ba023	sw	x16,64(x23)	 x23:0x8002cc60 x16:0x00000000 PA:0x8002cca0 store:0x00000000 load:0x00000000
       15505000	      1451	80000f52	051ba223	sw	x17,68(x23)	 x23:0x8002cc60 x17:0x00000000 PA:0x8002cca4 store:0x00000000 load:0x00000000
       15515000	      1452	80000f56	052ba423	sw	x18,72(x23)	 x23:0x8002cc60 x18:0xffffff7f PA:0x8002cca8 store:0xffffff7f load:0x00000000
       15525000	      1453	80000f5a	053ba623	sw	x19,76(x23)	 x23:0x8002cc60 x19:0x800156da PA:0x8002ccac store:0x800156da load:0x00000000
       15535000	      1454	80000f5e	054ba823	sw	x20,80(x23)	 x23:0x8002cc60 x20:0x0000004f PA:0x8002ccb0 store:0x0000004f load:0x00000000
       15545000	      1455	80000f62	055baa23	sw	x21,84(x23)	 x23:0x8002cc60 x21:0x00000064 PA:0x8002ccb4 store:0x00000064 load:0x00000000
       15555000	      1456	80000f66	056bac23	sw	x22,88(x23)	 x23:0x8002cc60 x22:0x000000b7 PA:0x8002ccb8 store:0x000000b7 load:0x00000000
       15565000	      1457	80000f6a	057bae23	sw	x23,92(x23)	 x23:0x8002cc60 x23:0x8002cc60 PA:0x8002ccbc store:0x8002cc60 load:0x00000000
       15575000	      1458	80000f6e	078ba023	sw	x24,96(x23)	 x23:0x8002cc60 x24:0x00008a26 PA:0x8002ccc0 store:0x00008a26 load:0x00000000
       15585000	      1459	80000f72	079ba223	sw	x25,100(x23)	 x23:0x8002cc60 x25:0x000000bd PA:0x8002ccc4 store:0x000000bd load:0x00000000
       15595000	      1460	80000f76	07aba423	sw	x26,104(x23)	 x23:0x8002cc60 x26:0x8001b229 PA:0x8002ccc8 store:0x8001b229 load:0x00000000
       15605000	      1461	80000f7a	07bba623	sw	x27,108(x23)	 x23:0x8002cc60 x27:0x00006000 PA:0x8002cccc store:0x00006000 load:0x00000000
       15615000	      1462	80000f7e	07cba823	sw	x28,112(x23)	 x23:0x8002cc60 x28:0xb6e966b0 PA:0x8002ccd0 store:0xb6e966b0 load:0x00000000
       15625000	      1463	80000f82	07dbaa23	sw	x29,116(x23)	 x23:0x8002cc60 x29:0xeb40b6d2 PA:0x8002ccd4 store:0xeb40b6d2 load:0x00000000
       15635000	      1464	80000f86	07ebac23	sw	x30,120(x23)	 x23:0x8002cc60 x30:0x00000019 PA:0x8002ccd8 store:0x00000019 load:0x00000000
       15645000	      1465	80000f8a	07fbae23	sw	x31,124(x23)	 x23:0x8002cc60 x31:0xffffffdd PA:0x8002ccdc store:0xffffffdd load:0x00000000
       15655000	      1466	80000f8e	000b86b3	add	x13,x23,x0	 x23:0x8002cc60  x0:0x00000000 x13=0x8002cc60
       15665000	      1467	80000f92	90000d37	lui	x26,0x90000	 x26=0x90000000
       15675000	      1468	80000f96	1d71	c.addi	x26,-4	 x26:0x90000000 x26=0x8ffffffc
       15685000	      1469	80000f98	4d99	c.li	x27,6	 x27=0x00000006
       15695000	      1470	80000f9a	0da2	c.slli	x27,0x8	 x27:0x00000006 x27=0x00000600
       15705000	      1471	80000f9c	000d8d93	addi	x27,x27,0	 x27:0x00000600 x27=0x00000600
       15715000	      1472	80000fa0	01bd2023	sw	x27,0(x26)	 x26:0x8ffffffc x27:0x00000600 PA:0x8ffffffc store:0x00000600 load:0x00000000
       15725000	      1473	80000fa4	34202df3	csrrs	x27,mcause,x0	  x0:0x00000000 x27=0x8000000b
       15735000	      1474	80000fa8	01fddd93	srli	x27,x27,0x1f	 x27:0x8000000b x27=0x00000001
       15745000	      1475	80000fac	060d8863	beq	x27,x0,8000101c	 x27:0x00000001  x0:0x00000000
       15755000	      1476	80000fb0	90000d37	lui	x26,0x90000	 x26=0x90000000
       15765000	      1477	80000fb4	1d71	c.addi	x26,-4	 x26:0x90000000 x26=0x8ffffffc
       15775000	      1478	80000fb6	30000d93	addi	x27,x0,768	  x0:0x00000000 x27=0x00000300
       15785000	      1479	80000fba	0da2	c.slli	x27,0x8	 x27:0x00000300 x27=0x00030000
       15795000	      1480	80000fbc	0d8d	c.addi	x27,3	 x27:0x00030000 x27=0x00030003
       15805000	      1481	80000fbe	01bd2023	sw	x27,0(x26)	 x26:0x8ffffffc x27:0x00030003 PA:0x8ffffffc store:0x00030003 load:0x00000000
       15815000	      1482	80000fc2	30002df3	csrrs	x27,mstatus,x0	  x0:0x00000000 x27=0x00000080
       15825000	      1483	80000fc6	01bd2023	sw	x27,0(x26)	 x26:0x8ffffffc x27:0x00000080 PA:0x8ffffffc store:0x00000080 load:0x00000000
       15835000	      1484	80000fca	90000d37	lui	x26,0x90000	 x26=0x90000000
       15845000	      1485	80000fce	1d71	c.addi	x26,-4	 x26:0x90000000 x26=0x8ffffffc
       15855000	      1486	80000fd0	34200d93	addi	x27,x0,834	  x0:0x00000000 x27=0x00000342
       15865000	      1487	80000fd4	0da2	c.slli	x27,0x8	 x27:0x00000342 x27=0x00034200
       15875000	      1488	80000fd6	0d8d	c.addi	x27,3	 x27:0x00034200 x27=0x00034203
       15885000	      1489	80000fd8	01bd2023	sw	x27,0(x26)	 x26:0x8ffffffc x27:0x00034203 PA:0x8ffffffc store:0x00034203 load:0x00000000
       15895000	      1490	80000fdc	34202df3	csrrs	x27,mcause,x0	  x0:0x00000000 x27=0x8000000b
       15905000	      1491	80000fe0	01bd2023	sw	x27,0(x26)	 x26:0x8ffffffc x27:0x8000000b PA:0x8ffffffc store:0x8000000b load:0x00000000
       15915000	      1492	80000fe4	90000d37	lui	x26,0x90000	 x26=0x90000000
       15925000	      1493	80000fe8	1d71	c.addi	x26,-4	 x26:0x90000000 x26=0x8ffffffc
       15935000	      1494	80000fea	30400d93	addi	x27,x0,772	  x0:0x00000000 x27=0x00000304
       15945000	      1495	80000fee	0da2	c.slli	x27,0x8	 x27:0x00000304 x27=0x00030400
       15955000	      1496	80000ff0	0d8d	c.addi	x27,3	 x27:0x00030400 x27=0x00030403
       15965000	      1497	80000ff2	01bd2023	sw	x27,0(x26)	 x26:0x8ffffffc x27:0x00030403 PA:0x8ffffffc store:0x00030403 load:0x00000000
       15975000	      1498	80000ff6	30402df3	csrrs	x27,mie,x0	  x0:0x00000000 x27=0x00360888
       15985000	      1499	80000ffa	01bd2023	sw	x27,0(x26)	 x26:0x8ffffffc x27:0x00360888 PA:0x8ffffffc store:0x00360888 load:0x00000000
       15995000	      1500	80000ffe	90000d37	lui	x26,0x90000	 x26=0x90000000
       16005000	      1501	80001002	1d71	c.addi	x26,-4	 x26:0x90000000 x26=0x8ffffffc
       16015000	      1502	80001004	34400d93	addi	x27,x0,836	  x0:0x00000000 x27=0x00000344
       16025000	      1503	80001008	0da2	c.slli	x27,0x8	 x27:0x00000344 x27=0x00034400
       16035000	      1504	8000100a	0d8d	c.addi	x27,3	 x27:0x00034400 x27=0x00034403
       16045000	      1505	8000100c	01bd2023	sw	x27,0(x26)	 x26:0x8ffffffc x27:0x00034403 PA:0x8ffffffc store:0x00034403 load:0x00000000
       16055000	      1506	80001010	34402df3	csrrs	x27,mip,x0	  x0:0x00000000 x27=0x00000000
       16065000	      1507	80001014	01bd2023	sw	x27,0(x26)	 x26:0x8ffffffc x27:0x00000000 PA:0x8ffffffc store:0x00000000 load:0x00000000
       16075000	      1508	80001018	3141106f	jal	x0,8001232c	  x0=0x00000000
       16095000	      1510	8001232c	30002df3	csrrs	x27,mstatus,x0	  x0:0x00000000 x27=0x00000080
       16105000	      1511	80012330	30402df3	csrrs	x27,mie,x0	  x0:0x00000000 x27=0x00360888
       16115000	      1512	80012334	34402df3	csrrs	x27,mip,x0	  x0:0x00000000 x27=0x00000000
       16125000	      1513	80012338	344dbdf3	csrrc	x27,mip,x27	 x27:0x00000000 x27=0x00000000
       16155000	      1516	8001233c	90000d37	lui	x26,0x90000	 x26=0x90000000
       16165000	      1517	80012340	1d71	c.addi	x26,-4	 x26:0x90000000 x26=0x8ffffffc
       16175000	      1518	80012342	4d9d	c.li	x27,7	 x27=0x00000007
       16185000	      1519	80012344	0da2	c.slli	x27,0x8	 x27:0x00000007 x27=0x00000700
       16195000	      1520	80012346	000d8d93	addi	x27,x27,0	 x27:0x00000700 x27=0x00000700
       16205000	      1521	8001234a	01bd2023	sw	x27,0(x26)	 x26:0x8ffffffc x27:0x00000700 PA:0x8ffffffc store:0x00000700 load:0x00000000
       16215000	      1522	8001234e	00068bb3	add	x23,x13,x0	 x13:0x8002cc60  x0:0x00000000 x23=0x8002cc60
       16225000	      1523	80012352	004ba083	lw	x1,4(x23)	 x23:0x8002cc60  x1=0x00000000 PA:0x8002cc64 load:0x00000000
       16235000	      1524	80012356	008ba103	lw	x2,8(x23)	 x23:0x8002cc60  x2=0xfffffd4f PA:0x8002cc68 load:0xfffffd4f
       16245000	      1525	8001235a	00cba183	lw	x3,12(x23)	 x23:0x8002cc60  x3=0x0000005b PA:0x8002cc6c load:0x0000005b
       16255000	      1526	8001235e	010ba203	lw	x4,16(x23)	 x23:0x8002cc60  x4=0x00000001 PA:0x8002cc70 load:0x00000001
       16265000	      1527	80012362	014ba283	lw	x5,20(x23)	 x23:0x8002cc60  x5=0x00000053 PA:0x8002cc74 load:0x00000053
       16275000	      1528	80012366	018ba303	lw	x6,24(x23)	 x23:0x8002cc60  x6=0xffffffeb PA:0x8002cc78 load:0xffffffeb
       16285000	      1529	8001236a	01cba383	lw	x7,28(x23)	 x23:0x8002cc60  x7=0x000000e0 PA:0x8002cc7c load:0x000000e0
       16295000	      1530	8001236e	020ba403	lw	x8,32(x23)	 x23:0x8002cc60  x8=0x00000000 PA:0x8002cc80 load:0x00000000
       16305000	      1531	80012372	024ba483	lw	x9,36(x23)	 x23:0x8002cc60  x9=0xfffffffe PA:0x8002cc84 load:0xfffffffe
       16315000	      1532	80012376	028ba503	lw	x10,40(x23)	 x23:0x8002cc60 x10=0x00000000 PA:0x8002cc88 load:0x00000000
       16325000	      1533	8001237a	02cba583	lw	x11,44(x23)	 x23:0x8002cc60 x11=0xf1e8b1fd PA:0x8002cc8c load:0xf1e8b1fd
       16335000	      1534	8001237e	030ba603	lw	x12,48(x23)	 x23:0x8002cc60 x12=0xffffffff PA:0x8002cc90 load:0xffffffff
       16345000	      1535	80012382	034ba683	lw	x13,52(x23)	 x23:0x8002cc60 x13=0x8002cce0 PA:0x8002cc94 load:0x8002cce0
       16355000	      1536	80012386	038ba703	lw	x14,56(x23)	 x23:0x8002cc60 x14=0x00000000 PA:0x8002cc98 load:0x00000000
       16365000	      1537	8001238a	03cba783	lw	x15,60(x23)	 x23:0x8002cc60 x15=0x00001bc6 PA:0x8002cc9c load:0x00001bc6
       16375000	      1538	8001238e	040ba803	lw	x16,64(x23)	 x23:0x8002cc60 x16=0x00000000 PA:0x8002cca0 load:0x00000000
       16385000	      1539	80012392	044ba883	lw	x17,68(x23)	 x23:0x8002cc60 x17=0x00000000 PA:0x8002cca4 load:0x00000000
       16395000	      1540	80012396	048ba903	lw	x18,72(x23)	 x23:0x8002cc60 x18=0xffffff7f PA:0x8002cca8 load:0xffffff7f
       16405000	      1541	8001239a	04cba983	lw	x19,76(x23)	 x23:0x8002cc60 x19=0x800156da PA:0x8002ccac load:0x800156da
       16415000	      1542	8001239e	050baa03	lw	x20,80(x23)	 x23:0x8002cc60 x20=0x0000004f PA:0x8002ccb0 load:0x0000004f
       16425000	      1543	800123a2	054baa83	lw	x21,84(x23)	 x23:0x8002cc60 x21=0x00000064 PA:0x8002ccb4 load:0x00000064
       16435000	      1544	800123a6	058bab03	lw	x22,88(x23)	 x23:0x8002cc60 x22=0x000000b7 PA:0x8002ccb8 load:0x000000b7
       16445000	      1545	800123aa	05cbab83	lw	x23,92(x23)	 x23:0x8002cc60 x23=0x8002cc60 PA:0x8002ccbc load:0x8002cc60
       16465000	      1547	800123ae	060bac03	lw	x24,96(x23)	 x23:0x8002cc60 x24=0x00008a26 PA:0x8002ccc0 load:0x00008a26
       16475000	      1548	800123b2	064bac83	lw	x25,100(x23)	 x23:0x8002cc60 x25=0x000000bd PA:0x8002ccc4 load:0x000000bd
       16485000	      1549	800123b6	068bad03	lw	x26,104(x23)	 x23:0x8002cc60 x26=0x8001b229 PA:0x8002ccc8 load:0x8001b229
       16495000	      1550	800123ba	06cbad83	lw	x27,108(x23)	 x23:0x8002cc60 x27=0x00006000 PA:0x8002cccc load:0x00006000
       16505000	      1551	800123be	070bae03	lw	x28,112(x23)	 x23:0x8002cc60 x28=0xb6e966b0 PA:0x8002ccd0 load:0xb6e966b0
       16515000	      1552	800123c2	074bae83	lw	x29,116(x23)	 x23:0x8002cc60 x29=0xeb40b6d2 PA:0x8002ccd4 load:0xeb40b6d2
       16525000	      1553	800123c6	078baf03	lw	x30,120(x23)	 x23:0x8002cc60 x30=0x00000019 PA:0x8002ccd8 load:0x00000019
       16535000	      1554	800123ca	07cbaf83	lw	x31,124(x23)	 x23:0x8002cc60 x31=0xffffffdd PA:0x8002ccdc load:0xffffffdd
       16545000	      1555	800123ce	080b8b93	addi	x23,x23,128	 x23:0x8002cc60 x23=0x8002cce0
       16555000	      1556	800123d2	000b86b3	add	x13,x23,x0	 x23:0x8002cce0  x0:0x00000000 x13=0x8002cce0
       16565000	      1557	800123d6	0006ab83	lw	x23,0(x13)	 x13:0x8002cce0 x23=0x80028e64 PA:0x8002cce0 load:0x80028e64
       16575000	      1558	800123da	0691	c.addi	x13,4	 x13:0x8002cce0 x13=0x8002cce4
       16585000	      1559	800123dc	30200073	mret	
       16625000	      1563	8000372a	f30d0323	sb	x16,-218(x26)	 x26:0x8001b229 x16:0x00000000 PA:0x8001b14f store:0x00000000 load:0x00000000
       16635000	      1564	8000372e	01cd0a23	sb	x28,20(x26)	 x26:0x8001b229 x28:0xb6e966b0 PA:0x8001b23d store:0xb6e966b0 load:0x00000000
       16645000	      1565	80003732	03ad0a83	lb	x21,58(x26)	 x26:0x8001b229 x21=0xffffffc2 PA:0x8001b263 load:0xffffffc2
       16655000	      1566	80003736	7f715337	lui	x6,0x7f715	  x6=0x7f715000
       16665000	      1567	8000373a	8031	c.srli	x8,0xc	  x8:0x00000000  x8=0x00000000
       16675000	      1568	8000373c	f8ad0803	lb	x16,-118(x26)	 x26:0x8001b229 x16=0x0000001c PA:0x8001b1b3 load:0x0000001c
       16685000	      1569	80003740	0001df17	auipc	x30,0x1d	 x30=0x80020740
       16695000	      1570	80003744	dcdf0f13	addi	x30,x30,-563	 x30:0x80020740 x30=0x8002050d
       16705000	      1571	80003748	00010617	auipc	x12,0x10	 x12=0x80013748
       16715000	      1572	8000374c	df960613	addi	x12,x12,-519	 x12:0x80013748 x12=0x80013541
       16725000	      1573	80003750	774f27a3	sw	x20,1903(x30)	 x30:0x8002050d x20:0x0000004f PA:0x80020c7c store:0x0000004f load:0x00000000
       16735000	      1574	80003754	02c64003	lbu	x0,44(x12)	 x12:0x80013541  x0=0x00000000 PA:0x8001356d load:0x000000cd
       16745000	      1575	80003758	6b1f0a23	sb	x17,1716(x30)	 x30:0x8002050d x17:0x00000000 PA:0x80020bc1 store:0x00000000 load:0x00000000
       16755000	      1576	8000375c	820f2ba3	sw	x0,-1993(x30)	 x30:0x8002050d  x0:0x00000000 PA:0x8001fd44 store:0x00000000 load:0x00000000
       16765000	      1577	80003760	01564303	lbu	x6,21(x12)	 x12:0x80013541  x6=0x00000015 PA:0x80013556 load:0x00000015
       16775000	      1578	80003764	17cf0903	lb	x18,380(x30)	 x30:0x8002050d x18=0xffffff8a PA:0x80020689 load:0xffffff8a
       16785000	      1579	80003768	fe761883	lh	x17,-25(x12)	 x12:0x80013541 x17=0x00005124 PA:0x80013528 load:0x00005124
       16795000	      1580	8000376c	746f10a3	sh	x6,1857(x30)	 x30:0x8002050d  x6:0x00000015 PA:0x80020c4e store:0x00000015 load:0x00000000
       16805000	      1581	80003770	03e60403	lb	x8,62(x12)	 x12:0x80013541  x8=0xffffffcb PA:0x8001357f load:0xffffffcb
       16815000	      1582	80003774	fca60423	sb	x10,-56(x12)	 x12:0x80013541 x10:0x00000000 PA:0x80013509 store:0x00000000 load:0x00000000
       16825000	      1583	80003778	61cf0e83	lb	x29,1564(x30)	 x30:0x8002050d x29=0x0000004d PA:0x80020b29 load:0x0000004d
       16835000	      1584	8000377c	ccef18a3	sh	x14,-815(x30)	 x30:0x8002050d x14:0x00000000 PA:0x800201de store:0x00000000 load:0x00000000
       16845000	      1585	80003780	fdb64b03	lbu	x22,-37(x12)	 x12:0x80013541 x22=0x00000056 PA:0x8001351c load:0x00000056
       16855000	      1586	80003784	ab7f0023	sb	x23,-1376(x30)	 x30:0x8002050d x23:0x80028e64 PA:0x8001ffad store:0x80028e64 load:0x00000000
       16865000	      1587	80003788	fd761ca3	sh	x23,-39(x12)	 x12:0x80013541 x23:0x80028e64 PA:0x8001351a store:0x80028e64 load:0x00000000
       16875000	      1588	8000378c	0001	c.addi	x0,0	  x0:0x00000000  x0=0x00000000
       16885000	      1589	8000378e	0221	c.addi	x4,8	  x4:0x00000001  x4=0x00000009
       17255000	      1626	80003790	03826a33	rem	x20,x4,x24	  x4:0x00000009 x24:0x00008a26 x20=0x00000009
       17265000	      1627	80003794	1698	c.addi4spn	x14,x2,864	 x14=0x000000af
       17275000	      1628	80003796	01710863	beq	x2,x23,800037a6	  x2:0xfffffd4f x23:0x80028e64
       17315000	      1632	8000379a	034e3933	mulhu	x18,x28,x20	 x28:0xb6e966b0 x20:0x00000009 x18=0x00000006
       17325000	      1633	8000379e	8e15	c.sub	x12,x13	 x12:0x80013541 x13:0x8002cce4 x12=0xfffe685d
       17335000	      1634	800037a0	8d1fb413	sltiu	x8,x31,-1839	 x31:0xffffffdd  x8=0x00000000
       17345000	      1635	800037a4	1e88	c.addi4spn	x10,x2,880	 x10=0x000000bf
       17355000	      1636	800037a6	7d1cba93	sltiu	x21,x25,2001	 x25:0x000000bd x21=0x00000001
       17365000	      1637	800037aa	0013ca33	xor	x20,x7,x1	  x7:0x000000e0  x1:0x00000000 x20=0x000000e0
       17735000	      1674	800037ae	03a77b33	remu	x22,x14,x26	 x14:0x000000af x26:0x8001b229 x22=0x000000af
       17745000	      1675	800037b2	00332433	slt	x8,x6,x3	  x6:0x00000015  x3:0x0000005b  x8=0x00000001
       17785000	      1679	800037b6	02232733	mulhsu	x14,x6,x2	  x6:0x00000015  x2:0xfffffd4f x14=0x00000014
       17795000	      1680	800037ba	00510f33	add	x30,x2,x5	  x2:0xfffffd4f  x5:0x00000053 x30=0xfffffda2
       17805000	      1681	800037be	009661b3	or	x3,x12,x9	 x12:0xfffe685d  x9:0xfffffffe  x3=0xffffffff
       17815000	      1682	800037c2	72307a93	andi	x21,x0,1827	  x0:0x00000000 x21=0x00000000
       17825000	      1683	800037c6	e39e8f13	addi	x30,x29,-455	 x29:0x0000004d x30=0xfffffe86
       17835000	      1684	800037ca	02d1ee63	bltu	x3,x13,80003806	  x3:0xffffffff x13:0x8002cce4
       18205000	      1721	800037ce	024842b3	div	x5,x16,x4	 x16:0x0000001c  x4:0x00000009  x5=0x00000003
       18215000	      1722	800037d2	8725	c.srai	x14,0x9	 x14:0x00000014 x14=0x00000000
       18225000	      1723	800037d4	00d91a93	slli	x21,x18,0xd	 x18:0x00000006 x21=0x0000c000
       18255000	      1726	800037d8	028109b3	mul	x19,x2,x8	  x2:0xfffffd4f  x8:0x00000001 x19=0xfffffd4f
       18265000	      1727	800037dc	008a1233	sll	x4,x20,x8	 x20:0x000000e0  x8:0x00000001  x4=0x000001c0
       18275000	      1728	800037e0	bd328b13	addi	x22,x5,-1069	  x5:0x00000003 x22=0xfffffbd6
       18285000	      1729	800037e4	013f1433	sll	x8,x30,x19	 x30:0xfffffe86 x19:0xfffffd4f  x8=0xff430000
       18295000	      1730	800037e8	557d	c.li	x10,-1	 x10=0xffffffff
       18305000	      1731	800037ea	40d8d0b3	sra	x1,x17,x13	 x17:0x00005124 x13:0x8002cce4  x1=0x00000512
       18315000	      1732	800037ee	00c0d713	srli	x14,x1,0xc	  x1:0x00000512 x14=0x00000000
       18355000	      1736	8000272c	fd8fe06f	jal	x0,80000f04	  x0=0x00000000
       18375000	      1738	80000f04	16f1	c.addi	x13,-4	 x13:0x8002cce4 x13=0x8002cce0
       18385000	      1739	80000f06	0176a023	sw	x23,0(x13)	 x13:0x8002cce0 x23:0x80028e64 PA:0x8002cce0 store:0x80028e64 load:0x00000000
       18395000	      1740	80000f0a	00068bb3	add	x23,x13,x0	 x13:0x8002cce0  x0:0x00000000 x23=0x8002cce0
       18405000	      1741	80000f0e	f80b8b93	addi	x23,x23,-128	 x23:0x8002cce0 x23=0x8002cc60
       18415000	      1742	80000f12	001ba223	sw	x1,4(x23)	 x23:0x8002cc60  x1:0x00000512 PA:0x8002cc64 store:0x00000512 load:0x00000000
       18425000	      1743	80000f16	002ba423	sw	x2,8(x23)	 x23:0x8002cc60  x2:0xfffffd4f PA:0x8002cc68 store:0xfffffd4f load:0x00000000
       18435000	      1744	80000f1a	003ba623	sw	x3,12(x23)	 x23:0x8002cc60  x3:0xffffffff PA:0x8002cc6c store:0xffffffff load:0x00000000
       18445000	      1745	80000f1e	004ba823	sw	x4,16(x23)	 x23:0x8002cc60  x4:0x000001c0 PA:0x8002cc70 store:0x000001c0 load:0x00000000
       18455000	      1746	80000f22	005baa23	sw	x5,20(x23)	 x23:0x8002cc60  x5:0x00000003 PA:0x8002cc74 store:0x00000003 load:0x00000000
       18465000	      1747	80000f26	006bac23	sw	x6,24(x23)	 x23:0x8002cc60  x6:0x00000015 PA:0x8002cc78 store:0x00000015 load:0x00000000
       18475000	      1748	80000f2a	007bae23	sw	x7,28(x23)	 x23:0x8002cc60  x7:0x000000e0 PA:0x8002cc7c store:0x000000e0 load:0x00000000
       18485000	      1749	80000f2e	028ba023	sw	x8,32(x23)	 x23:0x8002cc60  x8:0xff430000 PA:0x8002cc80 store:0xff430000 load:0x00000000
       18495000	      1750	80000f32	029ba223	sw	x9,36(x23)	 x23:0x8002cc60  x9:0xfffffffe PA:0x8002cc84 store:0xfffffffe load:0x00000000
       18505000	      1751	80000f36	02aba423	sw	x10,40(x23)	 x23:0x8002cc60 x10:0xffffffff PA:0x8002cc88 store:0xffffffff load:0x00000000
       18515000	      1752	80000f3a	02bba623	sw	x11,44(x23)	 x23:0x8002cc60 x11:0xf1e8b1fd PA:0x8002cc8c store:0xf1e8b1fd load:0x00000000
       18525000	      1753	80000f3e	02cba823	sw	x12,48(x23)	 x23:0x8002cc60 x12:0xfffe685d PA:0x8002cc90 store:0xfffe685d load:0x00000000
       18535000	      1754	80000f42	02dbaa23	sw	x13,52(x23)	 x23:0x8002cc60 x13:0x8002cce0 PA:0x8002cc94 store:0x8002cce0 load:0x00000000
       18545000	      1755	80000f46	02ebac23	sw	x14,56(x23)	 x23:0x8002cc60 x14:0x00000000 PA:0x8002cc98 store:0x00000000 load:0x00000000
       18555000	      1756	80000f4a	02fbae23	sw	x15,60(x23)	 x23:0x8002cc60 x15:0x00001bc6 PA:0x8002cc9c store:0x00001bc6 load:0x00000000
       18565000	      1757	80000f4e	050ba023	sw	x16,64(x23)	 x23:0x8002cc60 x16:0x0000001c PA:0x8002cca0 store:0x0000001c load:0x00000000
       18575000	      1758	80000f52	051ba223	sw	x17,68(x23)	 x23:0x8002cc60 x17:0x00005124 PA:0x8002cca4 store:0x00005124 load:0x00000000
       18585000	      1759	80000f56	052ba423	sw	x18,72(x23)	 x23:0x8002cc60 x18:0x00000006 PA:0x8002cca8 store:0x00000006 load:0x00000000
       18595000	      1760	80000f5a	053ba623	sw	x19,76(x23)	 x23:0x8002cc60 x19:0xfffffd4f PA:0x8002ccac store:0xfffffd4f load:0x00000000
       18605000	      1761	80000f5e	054ba823	sw	x20,80(x23)	 x23:0x8002cc60 x20:0x000000e0 PA:0x8002ccb0 store:0x000000e0 load:0x00000000
       18615000	      1762	80000f62	055baa23	sw	x21,84(x23)	 x23:0x8002cc60 x21:0x0000c000 PA:0x8002ccb4 store:0x0000c000 load:0x00000000
       18625000	      1763	80000f66	056bac23	sw	x22,88(x23)	 x23:0x8002cc60 x22:0xfffffbd6 PA:0x8002ccb8 store:0xfffffbd6 load:0x00000000
       18635000	      1764	80000f6a	057bae23	sw	x23,92(x23)	 x23:0x8002cc60 x23:0x8002cc60 PA:0x8002ccbc store:0x8002cc60 load:0x00000000
       18645000	      1765	80000f6e	078ba023	sw	x24,96(x23)	 x23:0x8002cc60 x24:0x00008a26 PA:0x8002ccc0 store:0x00008a26 load:0x00000000
       18655000	      1766	80000f72	079ba223	sw	x25,100(x23)	 x23:0x8002cc60 x25:0x000000bd PA:0x8002ccc4 store:0x000000bd load:0x00000000
       18665000	      1767	80000f76	07aba423	sw	x26,104(x23)	 x23:0x8002cc60 x26:0x8001b229 PA:0x8002ccc8 store:0x8001b229 load:0x00000000
       18675000	      1768	80000f7a	07bba623	sw	x27,108(x23)	 x23:0x8002cc60 x27:0x00006000 PA:0x8002cccc store:0x00006000 load:0x00000000
       18685000	      1769	80000f7e	07cba823	sw	x28,112(x23)	 x23:0x8002cc60 x28:0xb6e966b0 PA:0x8002ccd0 store:0xb6e966b0 load:0x00000000
       18695000	      1770	80000f82	07dbaa23	sw	x29,116(x23)	 x23:0x8002cc60 x29:0x0000004d PA:0x8002ccd4 store:0x0000004d load:0x00000000
       18705000	      1771	80000f86	07ebac23	sw	x30,120(x23)	 x23:0x8002cc60 x30:0xfffffe86 PA:0x8002ccd8 store:0xfffffe86 load:0x00000000
       18715000	      1772	80000f8a	07fbae23	sw	x31,124(x23)	 x23:0x8002cc60 x31:0xffffffdd PA:0x8002ccdc store:0xffffffdd load:0x00000000
       18725000	      1773	80000f8e	000b86b3	add	x13,x23,x0	 x23:0x8002cc60  x0:0x00000000 x13=0x8002cc60
       18735000	      1774	80000f92	90000d37	lui	x26,0x90000	 x26=0x90000000
       18745000	      1775	80000f96	1d71	c.addi	x26,-4	 x26:0x90000000 x26=0x8ffffffc
       18755000	      1776	80000f98	4d99	c.li	x27,6	 x27=0x00000006
       18765000	      1777	80000f9a	0da2	c.slli	x27,0x8	 x27:0x00000006 x27=0x00000600
       18775000	      1778	80000f9c	000d8d93	addi	x27,x27,0	 x27:0x00000600 x27=0x00000600
       18785000	      1779	80000fa0	01bd2023	sw	x27,0(x26)	 x26:0x8ffffffc x27:0x00000600 PA:0x8ffffffc store:0x00000600 load:0x00000000
       18795000	      1780	80000fa4	34202df3	csrrs	x27,mcause,x0	  x0:0x00000000 x27=0x8000000b
       18805000	      1781	80000fa8	01fddd93	srli	x27,x27,0x1f	 x27:0x8000000b x27=0x00000001
       18815000	      1782	80000fac	060d8863	beq	x27,x0,8000101c	 x27:0x00000001  x0:0x00000000
       18825000	      1783	80000fb0	90000d37	lui	x26,0x90000	 x26=0x90000000
       18835000	      1784	80000fb4	1d71	c.addi	x26,-4	 x26:0x90000000 x26=0x8ffffffc
       18845000	      1785	80000fb6	30000d93	addi	x27,x0,768	  x0:0x00000000 x27=0x00000300
       18855000	      1786	80000fba	0da2	c.slli	x27,0x8	 x27:0x00000300 x27=0x00030000
       18865000	      1787	80000fbc	0d8d	c.addi	x27,3	 x27:0x00030000 x27=0x00030003
       18875000	      1788	80000fbe	01bd2023	sw	x27,0(x26)	 x26:0x8ffffffc x27:0x00030003 PA:0x8ffffffc store:0x00030003 load:0x00000000
       18885000	      1789	80000fc2	30002df3	csrrs	x27,mstatus,x0	  x0:0x00000000 x27=0x00000080
       18895000	      1790	80000fc6	01bd2023	sw	x27,0(x26)	 x26:0x8ffffffc x27:0x00000080 PA:0x8ffffffc store:0x00000080 load:0x00000000
       18905000	      1791	80000fca	90000d37	lui	x26,0x90000	 x26=0x90000000
       18915000	      1792	80000fce	1d71	c.addi	x26,-4	 x26:0x90000000 x26=0x8ffffffc
       18925000	      1793	80000fd0	34200d93	addi	x27,x0,834	  x0:0x00000000 x27=0x00000342
       18935000	      1794	80000fd4	0da2	c.slli	x27,0x8	 x27:0x00000342 x27=0x00034200
       18945000	      1795	80000fd6	0d8d	c.addi	x27,3	 x27:0x00034200 x27=0x00034203
       18955000	      1796	80000fd8	01bd2023	sw	x27,0(x26)	 x26:0x8ffffffc x27:0x00034203 PA:0x8ffffffc store:0x00034203 load:0x00000000
       18965000	      1797	80000fdc	34202df3	csrrs	x27,mcause,x0	  x0:0x00000000 x27=0x8000000b
       18975000	      1798	80000fe0	01bd2023	sw	x27,0(x26)	 x26:0x8ffffffc x27:0x8000000b PA:0x8ffffffc store:0x8000000b load:0x00000000
       18985000	      1799	80000fe4	90000d37	lui	x26,0x90000	 x26=0x90000000
       18995000	      1800	80000fe8	1d71	c.addi	x26,-4	 x26:0x90000000 x26=0x8ffffffc
       19005000	      1801	80000fea	30400d93	addi	x27,x0,772	  x0:0x00000000 x27=0x00000304
       19015000	      1802	80000fee	0da2	c.slli	x27,0x8	 x27:0x00000304 x27=0x00030400
       19025000	      1803	80000ff0	0d8d	c.addi	x27,3	 x27:0x00030400 x27=0x00030403
       19035000	      1804	80000ff2	01bd2023	sw	x27,0(x26)	 x26:0x8ffffffc x27:0x00030403 PA:0x8ffffffc store:0x00030403 load:0x00000000
       19045000	      1805	80000ff6	30402df3	csrrs	x27,mie,x0	  x0:0x00000000 x27=0x00360888
       19055000	      1806	80000ffa	01bd2023	sw	x27,0(x26)	 x26:0x8ffffffc x27:0x00360888 PA:0x8ffffffc store:0x00360888 load:0x00000000
       19065000	      1807	80000ffe	90000d37	lui	x26,0x90000	 x26=0x90000000
       19075000	      1808	80001002	1d71	c.addi	x26,-4	 x26:0x90000000 x26=0x8ffffffc
       19085000	      1809	80001004	34400d93	addi	x27,x0,836	  x0:0x00000000 x27=0x00000344
       19095000	      1810	80001008	0da2	c.slli	x27,0x8	 x27:0x00000344 x27=0x00034400
       19105000	      1811	8000100a	0d8d	c.addi	x27,3	 x27:0x00034400 x27=0x00034403
       19115000	      1812	8000100c	01bd2023	sw	x27,0(x26)	 x26:0x8ffffffc x27:0x00034403 PA:0x8ffffffc store:0x00034403 load:0x00000000
       19125000	      1813	80001010	34402df3	csrrs	x27,mip,x0	  x0:0x00000000 x27=0x00000000
       19135000	      1814	80001014	01bd2023	sw	x27,0(x26)	 x26:0x8ffffffc x27:0x00000000 PA:0x8ffffffc store:0x00000000 load:0x00000000
       19145000	      1815	80001018	3141106f	jal	x0,8001232c	  x0=0x00000000
       19165000	      1817	8001232c	30002df3	csrrs	x27,mstatus,x0	  x0:0x00000000 x27=0x00000080
       19175000	      1818	80012330	30402df3	csrrs	x27,mie,x0	  x0:0x00000000 x27=0x00360888
       19185000	      1819	80012334	34402df3	csrrs	x27,mip,x0	  x0:0x00000000 x27=0x00000000
       19195000	      1820	80012338	344dbdf3	csrrc	x27,mip,x27	 x27:0x00000000 x27=0x00000000
       19225000	      1823	8001233c	90000d37	lui	x26,0x90000	 x26=0x90000000
       19235000	      1824	80012340	1d71	c.addi	x26,-4	 x26:0x90000000 x26=0x8ffffffc
       19245000	      1825	80012342	4d9d	c.li	x27,7	 x27=0x00000007
       19255000	      1826	80012344	0da2	c.slli	x27,0x8	 x27:0x00000007 x27=0x00000700
       19265000	      1827	80012346	000d8d93	addi	x27,x27,0	 x27:0x00000700 x27=0x00000700
       19275000	      1828	8001234a	01bd2023	sw	x27,0(x26)	 x26:0x8ffffffc x27:0x00000700 PA:0x8ffffffc store:0x00000700 load:0x00000000
       19285000	      1829	8001234e	00068bb3	add	x23,x13,x0	 x13:0x8002cc60  x0:0x00000000 x23=0x8002cc60
       19295000	      1830	80012352	004ba083	lw	x1,4(x23)	 x23:0x8002cc60  x1=0x00000512 PA:0x8002cc64 load:0x00000512
       19305000	      1831	80012356	008ba103	lw	x2,8(x23)	 x23:0x8002cc60  x2=0xfffffd4f PA:0x8002cc68 load:0xfffffd4f
       19315000	      1832	8001235a	00cba183	lw	x3,12(x23)	 x23:0x8002cc60  x3=0xffffffff PA:0x8002cc6c load:0xffffffff
       19325000	      1833	8001235e	010ba203	lw	x4,16(x23)	 x23:0x8002cc60  x4=0x000001c0 PA:0x8002cc70 load:0x000001c0
       19335000	      1834	80012362	014ba283	lw	x5,20(x23)	 x23:0x8002cc60  x5=0x00000003 PA:0x8002cc74 load:0x00000003
       19345000	      1835	80012366	018ba303	lw	x6,24(x23)	 x23:0x8002cc60  x6=0x00000015 PA:0x8002cc78 load:0x00000015
       19355000	      1836	8001236a	01cba383	lw	x7,28(x23)	 x23:0x8002cc60  x7=0x000000e0 PA:0x8002cc7c load:0x000000e0
       19365000	      1837	8001236e	020ba403	lw	x8,32(x23)	 x23:0x8002cc60  x8=0xff430000 PA:0x8002cc80 load:0xff430000
       19375000	      1838	80012372	024ba483	lw	x9,36(x23)	 x23:0x8002cc60  x9=0xfffffffe PA:0x8002cc84 load:0xfffffffe
       19385000	      1839	80012376	028ba503	lw	x10,40(x23)	 x23:0x8002cc60 x10=0xffffffff PA:0x8002cc88 load:0xffffffff
       19395000	      1840	8001237a	02cba583	lw	x11,44(x23)	 x23:0x8002cc60 x11=0xf1e8b1fd PA:0x8002cc8c load:0xf1e8b1fd
       19405000	      1841	8001237e	030ba603	lw	x12,48(x23)	 x23:0x8002cc60 x12=0xfffe685d PA:0x8002cc90 load:0xfffe685d
       19415000	      1842	80012382	034ba683	lw	x13,52(x23)	 x23:0x8002cc60 x13=0x8002cce0 PA:0x8002cc94 load:0x8002cce0
       19425000	      1843	80012386	038ba703	lw	x14,56(x23)	 x23:0x8002cc60 x14=0x00000000 PA:0x8002cc98 load:0x00000000
       19435000	      1844	8001238a	03cba783	lw	x15,60(x23)	 x23:0x8002cc60 x15=0x00001bc6 PA:0x8002cc9c load:0x00001bc6
       19445000	      1845	8001238e	040ba803	lw	x16,64(x23)	 x23:0x8002cc60 x16=0x0000001c PA:0x8002cca0 load:0x0000001c
       19455000	      1846	80012392	044ba883	lw	x17,68(x23)	 x23:0x8002cc60 x17=0x00005124 PA:0x8002cca4 load:0x00005124
       19465000	      1847	80012396	048ba903	lw	x18,72(x23)	 x23:0x8002cc60 x18=0x00000006 PA:0x8002cca8 load:0x00000006
       19475000	      1848	8001239a	04cba983	lw	x19,76(x23)	 x23:0x8002cc60 x19=0xfffffd4f PA:0x8002ccac load:0xfffffd4f
       19485000	      1849	8001239e	050baa03	lw	x20,80(x23)	 x23:0x8002cc60 x20=0x000000e0 PA:0x8002ccb0 load:0x000000e0
       19495000	      1850	800123a2	054baa83	lw	x21,84(x23)	 x23:0x8002cc60 x21=0x0000c000 PA:0x8002ccb4 load:0x0000c000
       19505000	      1851	800123a6	058bab03	lw	x22,88(x23)	 x23:0x8002cc60 x22=0xfffffbd6 PA:0x8002ccb8 load:0xfffffbd6
       19515000	      1852	800123aa	05cbab83	lw	x23,92(x23)	 x23:0x8002cc60 x23=0x8002cc60 PA:0x8002ccbc load:0x8002cc60
       19535000	      1854	800123ae	060bac03	lw	x24,96(x23)	 x23:0x8002cc60 x24=0x00008a26 PA:0x8002ccc0 load:0x00008a26
       19545000	      1855	800123b2	064bac83	lw	x25,100(x23)	 x23:0x8002cc60 x25=0x000000bd PA:0x8002ccc4 load:0x000000bd
       19555000	      1856	800123b6	068bad03	lw	x26,104(x23)	 x23:0x8002cc60 x26=0x8001b229 PA:0x8002ccc8 load:0x8001b229
       19565000	      1857	800123ba	06cbad83	lw	x27,108(x23)	 x23:0x8002cc60 x27=0x00006000 PA:0x8002cccc load:0x00006000
       19575000	      1858	800123be	070bae03	lw	x28,112(x23)	 x23:0x8002cc60 x28=0xb6e966b0 PA:0x8002ccd0 load:0xb6e966b0
       19585000	      1859	800123c2	074bae83	lw	x29,116(x23)	 x23:0x8002cc60 x29=0x0000004d PA:0x8002ccd4 load:0x0000004d
       19595000	      1860	800123c6	078baf03	lw	x30,120(x23)	 x23:0x8002cc60 x30=0xfffffe86 PA:0x8002ccd8 load:0xfffffe86
       19605000	      1861	800123ca	07cbaf83	lw	x31,124(x23)	 x23:0x8002cc60 x31=0xffffffdd PA:0x8002ccdc load:0xffffffdd
       19615000	      1862	800123ce	080b8b93	addi	x23,x23,128	 x23:0x8002cc60 x23=0x8002cce0
       19625000	      1863	800123d2	000b86b3	add	x13,x23,x0	 x23:0x8002cce0  x0:0x00000000 x13=0x8002cce0
       19635000	      1864	800123d6	0006ab83	lw	x23,0(x13)	 x13:0x8002cce0 x23=0x80028e64 PA:0x8002cce0 load:0x80028e64
       19645000	      1865	800123da	0691	c.addi	x13,4	 x13:0x8002cce0 x13=0x8002cce4
       19655000	      1866	800123dc	30200073	mret	
       19695000	      1870	800037f2	0ff0000f	fence	iorw,iorw	
       19705000	      1871	800037f6	03237a63	bgeu	x6,x18,8000382a	  x6:0x00000015 x18:0x00000006
       19735000	      1874	8000382a	10500073	wfi	
       21425000	      2043	8000272c	fd8fe06f	jal	x0,80000f04	  x0=0x00000000
       21445000	      2045	80000f04	16f1	c.addi	x13,-4	 x13:0x8002cce4 x13=0x8002cce0
       21455000	      2046	80000f06	0176a023	sw	x23,0(x13)	 x13:0x8002cce0 x23:0x80028e64 PA:0x8002cce0 store:0x80028e64 load:0x00000000
       21465000	      2047	80000f0a	00068bb3	add	x23,x13,x0	 x13:0x8002cce0  x0:0x00000000 x23=0x8002cce0
       21475000	      2048	80000f0e	f80b8b93	addi	x23,x23,-128	 x23:0x8002cce0 x23=0x8002cc60
       21485000	      2049	80000f12	001ba223	sw	x1,4(x23)	 x23:0x8002cc60  x1:0x00000512 PA:0x8002cc64 store:0x00000512 load:0x00000000
       21495000	      2050	80000f16	002ba423	sw	x2,8(x23)	 x23:0x8002cc60  x2:0xfffffd4f PA:0x8002cc68 store:0xfffffd4f load:0x00000000
       21505000	      2051	80000f1a	003ba623	sw	x3,12(x23)	 x23:0x8002cc60  x3:0xffffffff PA:0x8002cc6c store:0xffffffff load:0x00000000
       21515000	      2052	80000f1e	004ba823	sw	x4,16(x23)	 x23:0x8002cc60  x4:0x000001c0 PA:0x8002cc70 store:0x000001c0 load:0x00000000
       21525000	      2053	80000f22	005baa23	sw	x5,20(x23)	 x23:0x8002cc60  x5:0x00000003 PA:0x8002cc74 store:0x00000003 load:0x00000000
       21535000	      2054	80000f26	006bac23	sw	x6,24(x23)	 x23:0x8002cc60  x6:0x00000015 PA:0x8002cc78 store:0x00000015 load:0x00000000
       21545000	      2055	80000f2a	007bae23	sw	x7,28(x23)	 x23:0x8002cc60  x7:0x000000e0 PA:0x8002cc7c store:0x000000e0 load:0x00000000
       21555000	      2056	80000f2e	028ba023	sw	x8,32(x23)	 x23:0x8002cc60  x8:0xff430000 PA:0x8002cc80 store:0xff430000 load:0x00000000
       21565000	      2057	80000f32	029ba223	sw	x9,36(x23)	 x23:0x8002cc60  x9:0xfffffffe PA:0x8002cc84 store:0xfffffffe load:0x00000000
       21575000	      2058	80000f36	02aba423	sw	x10,40(x23)	 x23:0x8002cc60 x10:0xffffffff PA:0x8002cc88 store:0xffffffff load:0x00000000
       21585000	      2059	80000f3a	02bba623	sw	x11,44(x23)	 x23:0x8002cc60 x11:0xf1e8b1fd PA:0x8002cc8c store:0xf1e8b1fd load:0x00000000
       21595000	      2060	80000f3e	02cba823	sw	x12,48(x23)	 x23:0x8002cc60 x12:0xfffe685d PA:0x8002cc90 store:0xfffe685d load:0x00000000
       21605000	      2061	80000f42	02dbaa23	sw	x13,52(x23)	 x23:0x8002cc60 x13:0x8002cce0 PA:0x8002cc94 store:0x8002cce0 load:0x00000000
       21615000	      2062	80000f46	02ebac23	sw	x14,56(x23)	 x23:0x8002cc60 x14:0x00000000 PA:0x8002cc98 store:0x00000000 load:0x00000000
       21625000	      2063	80000f4a	02fbae23	sw	x15,60(x23)	 x23:0x8002cc60 x15:0x00001bc6 PA:0x8002cc9c store:0x00001bc6 load:0x00000000
       21635000	      2064	80000f4e	050ba023	sw	x16,64(x23)	 x23:0x8002cc60 x16:0x0000001c PA:0x8002cca0 store:0x0000001c load:0x00000000
       21645000	      2065	80000f52	051ba223	sw	x17,68(x23)	 x23:0x8002cc60 x17:0x00005124 PA:0x8002cca4 store:0x00005124 load:0x00000000
       21655000	      2066	80000f56	052ba423	sw	x18,72(x23)	 x23:0x8002cc60 x18:0x00000006 PA:0x8002cca8 store:0x00000006 load:0x00000000
       21665000	      2067	80000f5a	053ba623	sw	x19,76(x23)	 x23:0x8002cc60 x19:0xfffffd4f PA:0x8002ccac store:0xfffffd4f load:0x00000000
       21675000	      2068	80000f5e	054ba823	sw	x20,80(x23)	 x23:0x8002cc60 x20:0x000000e0 PA:0x8002ccb0 store:0x000000e0 load:0x00000000
       21685000	      2069	80000f62	055baa23	sw	x21,84(x23)	 x23:0x8002cc60 x21:0x0000c000 PA:0x8002ccb4 store:0x0000c000 load:0x00000000
       21695000	      2070	80000f66	056bac23	sw	x22,88(x23)	 x23:0x8002cc60 x22:0xfffffbd6 PA:0x8002ccb8 store:0xfffffbd6 load:0x00000000
       21705000	      2071	80000f6a	057bae23	sw	x23,92(x23)	 x23:0x8002cc60 x23:0x8002cc60 PA:0x8002ccbc store:0x8002cc60 load:0x00000000
       21715000	      2072	80000f6e	078ba023	sw	x24,96(x23)	 x23:0x8002cc60 x24:0x00008a26 PA:0x8002ccc0 store:0x00008a26 load:0x00000000
       21725000	      2073	80000f72	079ba223	sw	x25,100(x23)	 x23:0x8002cc60 x25:0x000000bd PA:0x8002ccc4 store:0x000000bd load:0x00000000
       21735000	      2074	80000f76	07aba423	sw	x26,104(x23)	 x23:0x8002cc60 x26:0x8001b229 PA:0x8002ccc8 store:0x8001b229 load:0x00000000
       21745000	      2075	80000f7a	07bba623	sw	x27,108(x23)	 x23:0x8002cc60 x27:0x00006000 PA:0x8002cccc store:0x00006000 load:0x00000000
       21755000	      2076	80000f7e	07cba823	sw	x28,112(x23)	 x23:0x8002cc60 x28:0xb6e966b0 PA:0x8002ccd0 store:0xb6e966b0 load:0x00000000
       21765000	      2077	80000f82	07dbaa23	sw	x29,116(x23)	 x23:0x8002cc60 x29:0x0000004d PA:0x8002ccd4 store:0x0000004d load:0x00000000
       21775000	      2078	80000f86	07ebac23	sw	x30,120(x23)	 x23:0x8002cc60 x30:0xfffffe86 PA:0x8002ccd8 store:0xfffffe86 load:0x00000000
       21785000	      2079	80000f8a	07fbae23	sw	x31,124(x23)	 x23:0x8002cc60 x31:0xffffffdd PA:0x8002ccdc store:0xffffffdd load:0x00000000
       21795000	      2080	80000f8e	000b86b3	add	x13,x23,x0	 x23:0x8002cc60  x0:0x00000000 x13=0x8002cc60
       21805000	      2081	80000f92	90000d37	lui	x26,0x90000	 x26=0x90000000
       21815000	      2082	80000f96	1d71	c.addi	x26,-4	 x26:0x90000000 x26=0x8ffffffc
       21825000	      2083	80000f98	4d99	c.li	x27,6	 x27=0x00000006
       21835000	      2084	80000f9a	0da2	c.slli	x27,0x8	 x27:0x00000006 x27=0x00000600
       21845000	      2085	80000f9c	000d8d93	addi	x27,x27,0	 x27:0x00000600 x27=0x00000600
       21855000	      2086	80000fa0	01bd2023	sw	x27,0(x26)	 x26:0x8ffffffc x27:0x00000600 PA:0x8ffffffc store:0x00000600 load:0x00000000
       21865000	      2087	80000fa4	34202df3	csrrs	x27,mcause,x0	  x0:0x00000000 x27=0x8000000b
       21875000	      2088	80000fa8	01fddd93	srli	x27,x27,0x1f	 x27:0x8000000b x27=0x00000001
       21885000	      2089	80000fac	060d8863	beq	x27,x0,8000101c	 x27:0x00000001  x0:0x00000000
       21895000	      2090	80000fb0	90000d37	lui	x26,0x90000	 x26=0x90000000
       21905000	      2091	80000fb4	1d71	c.addi	x26,-4	 x26:0x90000000 x26=0x8ffffffc
       21915000	      2092	80000fb6	30000d93	addi	x27,x0,768	  x0:0x00000000 x27=0x00000300
       21925000	      2093	80000fba	0da2	c.slli	x27,0x8	 x27:0x00000300 x27=0x00030000
       21935000	      2094	80000fbc	0d8d	c.addi	x27,3	 x27:0x00030000 x27=0x00030003
       21945000	      2095	80000fbe	01bd2023	sw	x27,0(x26)	 x26:0x8ffffffc x27:0x00030003 PA:0x8ffffffc store:0x00030003 load:0x00000000
       21955000	      2096	80000fc2	30002df3	csrrs	x27,mstatus,x0	  x0:0x00000000 x27=0x00000080
       21965000	      2097	80000fc6	01bd2023	sw	x27,0(x26)	 x26:0x8ffffffc x27:0x00000080 PA:0x8ffffffc store:0x00000080 load:0x00000000
       21975000	      2098	80000fca	90000d37	lui	x26,0x90000	 x26=0x90000000
       21985000	      2099	80000fce	1d71	c.addi	x26,-4	 x26:0x90000000 x26=0x8ffffffc
       21995000	      2100	80000fd0	34200d93	addi	x27,x0,834	  x0:0x00000000 x27=0x00000342
       22005000	      2101	80000fd4	0da2	c.slli	x27,0x8	 x27:0x00000342 x27=0x00034200
       22015000	      2102	80000fd6	0d8d	c.addi	x27,3	 x27:0x00034200 x27=0x00034203
       22025000	      2103	80000fd8	01bd2023	sw	x27,0(x26)	 x26:0x8ffffffc x27:0x00034203 PA:0x8ffffffc store:0x00034203 load:0x00000000
       22035000	      2104	80000fdc	34202df3	csrrs	x27,mcause,x0	  x0:0x00000000 x27=0x8000000b
       22045000	      2105	80000fe0	01bd2023	sw	x27,0(x26)	 x26:0x8ffffffc x27:0x8000000b PA:0x8ffffffc store:0x8000000b load:0x00000000
       22055000	      2106	80000fe4	90000d37	lui	x26,0x90000	 x26=0x90000000
       22065000	      2107	80000fe8	1d71	c.addi	x26,-4	 x26:0x90000000 x26=0x8ffffffc
       22075000	      2108	80000fea	30400d93	addi	x27,x0,772	  x0:0x00000000 x27=0x00000304
       22085000	      2109	80000fee	0da2	c.slli	x27,0x8	 x27:0x00000304 x27=0x00030400
       22095000	      2110	80000ff0	0d8d	c.addi	x27,3	 x27:0x00030400 x27=0x00030403
       22105000	      2111	80000ff2	01bd2023	sw	x27,0(x26)	 x26:0x8ffffffc x27:0x00030403 PA:0x8ffffffc store:0x00030403 load:0x00000000
       22115000	      2112	80000ff6	30402df3	csrrs	x27,mie,x0	  x0:0x00000000 x27=0x00360888
       22125000	      2113	80000ffa	01bd2023	sw	x27,0(x26)	 x26:0x8ffffffc x27:0x00360888 PA:0x8ffffffc store:0x00360888 load:0x00000000
       22135000	      2114	80000ffe	90000d37	lui	x26,0x90000	 x26=0x90000000
       22145000	      2115	80001002	1d71	c.addi	x26,-4	 x26:0x90000000 x26=0x8ffffffc
       22155000	      2116	80001004	34400d93	addi	x27,x0,836	  x0:0x00000000 x27=0x00000344
       22165000	      2117	80001008	0da2	c.slli	x27,0x8	 x27:0x00000344 x27=0x00034400
       22175000	      2118	8000100a	0d8d	c.addi	x27,3	 x27:0x00034400 x27=0x00034403
       22185000	      2119	8000100c	01bd2023	sw	x27,0(x26)	 x26:0x8ffffffc x27:0x00034403 PA:0x8ffffffc store:0x00034403 load:0x00000000
       22195000	      2120	80001010	34402df3	csrrs	x27,mip,x0	  x0:0x00000000 x27=0x00000000
       22205000	      2121	80001014	01bd2023	sw	x27,0(x26)	 x26:0x8ffffffc x27:0x00000000 PA:0x8ffffffc store:0x00000000 load:0x00000000
       22215000	      2122	80001018	3141106f	jal	x0,8001232c	  x0=0x00000000
       22235000	      2124	8001232c	30002df3	csrrs	x27,mstatus,x0	  x0:0x00000000 x27=0x00000080
       22245000	      2125	80012330	30402df3	csrrs	x27,mie,x0	  x0:0x00000000 x27=0x00360888
       22255000	      2126	80012334	34402df3	csrrs	x27,mip,x0	  x0:0x00000000 x27=0x00000000
       22265000	      2127	80012338	344dbdf3	csrrc	x27,mip,x27	 x27:0x00000000 x27=0x00000000
       22295000	      2130	8001233c	90000d37	lui	x26,0x90000	 x26=0x90000000
       22305000	      2131	80012340	1d71	c.addi	x26,-4	 x26:0x90000000 x26=0x8ffffffc
       22315000	      2132	80012342	4d9d	c.li	x27,7	 x27=0x00000007
       22325000	      2133	80012344	0da2	c.slli	x27,0x8	 x27:0x00000007 x27=0x00000700
       22335000	      2134	80012346	000d8d93	addi	x27,x27,0	 x27:0x00000700 x27=0x00000700
       22345000	      2135	8001234a	01bd2023	sw	x27,0(x26)	 x26:0x8ffffffc x27:0x00000700 PA:0x8ffffffc store:0x00000700 load:0x00000000
       22355000	      2136	8001234e	00068bb3	add	x23,x13,x0	 x13:0x8002cc60  x0:0x00000000 x23=0x8002cc60
       22365000	      2137	80012352	004ba083	lw	x1,4(x23)	 x23:0x8002cc60  x1=0x00000512 PA:0x8002cc64 load:0x00000512
       22375000	      2138	80012356	008ba103	lw	x2,8(x23)	 x23:0x8002cc60  x2=0xfffffd4f PA:0x8002cc68 load:0xfffffd4f
       22385000	      2139	8001235a	00cba183	lw	x3,12(x23)	 x23:0x8002cc60  x3=0xffffffff PA:0x8002cc6c load:0xffffffff
       22395000	      2140	8001235e	010ba203	lw	x4,16(x23)	 x23:0x8002cc60  x4=0x000001c0 PA:0x8002cc70 load:0x000001c0
       22405000	      2141	80012362	014ba283	lw	x5,20(x23)	 x23:0x8002cc60  x5=0x00000003 PA:0x8002cc74 load:0x00000003
       22415000	      2142	80012366	018ba303	lw	x6,24(x23)	 x23:0x8002cc60  x6=0x00000015 PA:0x8002cc78 load:0x00000015
       22425000	      2143	8001236a	01cba383	lw	x7,28(x23)	 x23:0x8002cc60  x7=0x000000e0 PA:0x8002cc7c load:0x000000e0
       22435000	      2144	8001236e	020ba403	lw	x8,32(x23)	 x23:0x8002cc60  x8=0xff430000 PA:0x8002cc80 load:0xff430000
       22445000	      2145	80012372	024ba483	lw	x9,36(x23)	 x23:0x8002cc60  x9=0xfffffffe PA:0x8002cc84 load:0xfffffffe
       22455000	      2146	80012376	028ba503	lw	x10,40(x23)	 x23:0x8002cc60 x10=0xffffffff PA:0x8002cc88 load:0xffffffff
       22465000	      2147	8001237a	02cba583	lw	x11,44(x23)	 x23:0x8002cc60 x11=0xf1e8b1fd PA:0x8002cc8c load:0xf1e8b1fd
       22475000	      2148	8001237e	030ba603	lw	x12,48(x23)	 x23:0x8002cc60 x12=0xfffe685d PA:0x8002cc90 load:0xfffe685d
       22485000	      2149	80012382	034ba683	lw	x13,52(x23)	 x23:0x8002cc60 x13=0x8002cce0 PA:0x8002cc94 load:0x8002cce0
       22495000	      2150	80012386	038ba703	lw	x14,56(x23)	 x23:0x8002cc60 x14=0x00000000 PA:0x8002cc98 load:0x00000000
       22505000	      2151	8001238a	03cba783	lw	x15,60(x23)	 x23:0x8002cc60 x15=0x00001bc6 PA:0x8002cc9c load:0x00001bc6
       22515000	      2152	8001238e	040ba803	lw	x16,64(x23)	 x23:0x8002cc60 x16=0x0000001c PA:0x8002cca0 load:0x0000001c
       22525000	      2153	80012392	044ba883	lw	x17,68(x23)	 x23:0x8002cc60 x17=0x00005124 PA:0x8002cca4 load:0x00005124
       22535000	      2154	80012396	048ba903	lw	x18,72(x23)	 x23:0x8002cc60 x18=0x00000006 PA:0x8002cca8 load:0x00000006
       22545000	      2155	8001239a	04cba983	lw	x19,76(x23)	 x23:0x8002cc60 x19=0xfffffd4f PA:0x8002ccac load:0xfffffd4f
       22555000	      2156	8001239e	050baa03	lw	x20,80(x23)	 x23:0x8002cc60 x20=0x000000e0 PA:0x8002ccb0 load:0x000000e0
       22565000	      2157	800123a2	054baa83	lw	x21,84(x23)	 x23:0x8002cc60 x21=0x0000c000 PA:0x8002ccb4 load:0x0000c000
       22575000	      2158	800123a6	058bab03	lw	x22,88(x23)	 x23:0x8002cc60 x22=0xfffffbd6 PA:0x8002ccb8 load:0xfffffbd6
       22585000	      2159	800123aa	05cbab83	lw	x23,92(x23)	 x23:0x8002cc60 x23=0x8002cc60 PA:0x8002ccbc load:0x8002cc60
       22605000	      2161	800123ae	060bac03	lw	x24,96(x23)	 x23:0x8002cc60 x24=0x00008a26 PA:0x8002ccc0 load:0x00008a26
       22615000	      2162	800123b2	064bac83	lw	x25,100(x23)	 x23:0x8002cc60 x25=0x000000bd PA:0x8002ccc4 load:0x000000bd
       22625000	      2163	800123b6	068bad03	lw	x26,104(x23)	 x23:0x8002cc60 x26=0x8001b229 PA:0x8002ccc8 load:0x8001b229
       22635000	      2164	800123ba	06cbad83	lw	x27,108(x23)	 x23:0x8002cc60 x27=0x00006000 PA:0x8002cccc load:0x00006000
       22645000	      2165	800123be	070bae03	lw	x28,112(x23)	 x23:0x8002cc60 x28=0xb6e966b0 PA:0x8002ccd0 load:0xb6e966b0
       22655000	      2166	800123c2	074bae83	lw	x29,116(x23)	 x23:0x8002cc60 x29=0x0000004d PA:0x8002ccd4 load:0x0000004d
       22665000	      2167	800123c6	078baf03	lw	x30,120(x23)	 x23:0x8002cc60 x30=0xfffffe86 PA:0x8002ccd8 load:0xfffffe86
       22675000	      2168	800123ca	07cbaf83	lw	x31,124(x23)	 x23:0x8002cc60 x31=0xffffffdd PA:0x8002ccdc load:0xffffffdd
       22685000	      2169	800123ce	080b8b93	addi	x23,x23,128	 x23:0x8002cc60 x23=0x8002cce0
       22695000	      2170	800123d2	000b86b3	add	x13,x23,x0	 x23:0x8002cce0  x0:0x00000000 x13=0x8002cce0
       22705000	      2171	800123d6	0006ab83	lw	x23,0(x13)	 x13:0x8002cce0 x23=0x80028e64 PA:0x8002cce0 load:0x80028e64
       22715000	      2172	800123da	0691	c.addi	x13,4	 x13:0x8002cce0 x13=0x8002cce4
       22725000	      2173	800123dc	30200073	mret	
       22755000	      2176	8000382e	0001	c.addi	x0,0	  x0:0x00000000  x0=0x00000000
       22765000	      2177	80003830	8aaa	c.mv	x21,x10	  x0:0x00000000 x10:0xffffffff x21=0xffffffff
       22775000	      2178	80003832	8e49	c.or	x12,x10	 x12:0xfffe685d x10:0xffffffff x12=0xffffffff
       22785000	      2179	80003834	8325	c.srli	x14,0x9	 x14:0x00000000 x14=0x00000000
       22795000	      2180	80003836	00243a33	sltu	x20,x8,x2	  x8:0xff430000  x2:0xfffffd4f x20=0x00000001
       22805000	      2181	8000383a	8b2d	c.andi	x14,11	 x14:0x00000000 x14=0x00000000
       22815000	      2182	8000383c	10500073	wfi	
       24495000	      2350	8000272c	fd8fe06f	jal	x0,80000f04	  x0=0x00000000
       24515000	      2352	80000f04	16f1	c.addi	x13,-4	 x13:0x8002cce4 x13=0x8002cce0
       24525000	      2353	80000f06	0176a023	sw	x23,0(x13)	 x13:0x8002cce0 x23:0x80028e64 PA:0x8002cce0 store:0x80028e64 load:0x00000000
       24535000	      2354	80000f0a	00068bb3	add	x23,x13,x0	 x13:0x8002cce0  x0:0x00000000 x23=0x8002cce0
       24545000	      2355	80000f0e	f80b8b93	addi	x23,x23,-128	 x23:0x8002cce0 x23=0x8002cc60
       24555000	      2356	80000f12	001ba223	sw	x1,4(x23)	 x23:0x8002cc60  x1:0x00000512 PA:0x8002cc64 store:0x00000512 load:0x00000000
       24565000	      2357	80000f16	002ba423	sw	x2,8(x23)	 x23:0x8002cc60  x2:0xfffffd4f PA:0x8002cc68 store:0xfffffd4f load:0x00000000
       24575000	      2358	80000f1a	003ba623	sw	x3,12(x23)	 x23:0x8002cc60  x3:0xffffffff PA:0x8002cc6c store:0xffffffff load:0x00000000
       24585000	      2359	80000f1e	004ba823	sw	x4,16(x23)	 x23:0x8002cc60  x4:0x000001c0 PA:0x8002cc70 store:0x000001c0 load:0x00000000
       24595000	      2360	80000f22	005baa23	sw	x5,20(x23)	 x23:0x8002cc60  x5:0x00000003 PA:0x8002cc74 store:0x00000003 load:0x00000000
       24605000	      2361	80000f26	006bac23	sw	x6,24(x23)	 x23:0x8002cc60  x6:0x00000015 PA:0x8002cc78 store:0x00000015 load:0x00000000
       24615000	      2362	80000f2a	007bae23	sw	x7,28(x23)	 x23:0x8002cc60  x7:0x000000e0 PA:0x8002cc7c store:0x000000e0 load:0x00000000
       24625000	      2363	80000f2e	028ba023	sw	x8,32(x23)	 x23:0x8002cc60  x8:0xff430000 PA:0x8002cc80 store:0xff430000 load:0x00000000
       24635000	      2364	80000f32	029ba223	sw	x9,36(x23)	 x23:0x8002cc60  x9:0xfffffffe PA:0x8002cc84 store:0xfffffffe load:0x00000000
       24645000	      2365	80000f36	02aba423	sw	x10,40(x23)	 x23:0x8002cc60 x10:0xffffffff PA:0x8002cc88 store:0xffffffff load:0x00000000
       24655000	      2366	80000f3a	02bba623	sw	x11,44(x23)	 x23:0x8002cc60 x11:0xf1e8b1fd PA:0x8002cc8c store:0xf1e8b1fd load:0x00000000
       24665000	      2367	80000f3e	02cba823	sw	x12,48(x23)	 x23:0x8002cc60 x12:0xffffffff PA:0x8002cc90 store:0xffffffff load:0x00000000
       24675000	      2368	80000f42	02dbaa23	sw	x13,52(x23)	 x23:0x8002cc60 x13:0x8002cce0 PA:0x8002cc94 store:0x8002cce0 load:0x00000000
       24685000	      2369	80000f46	02ebac23	sw	x14,56(x23)	 x23:0x8002cc60 x14:0x00000000 PA:0x8002cc98 store:0x00000000 load:0x00000000
       24695000	      2370	80000f4a	02fbae23	sw	x15,60(x23)	 x23:0x8002cc60 x15:0x00001bc6 PA:0x8002cc9c store:0x00001bc6 load:0x00000000
       24705000	      2371	80000f4e	050ba023	sw	x16,64(x23)	 x23:0x8002cc60 x16:0x0000001c PA:0x8002cca0 store:0x0000001c load:0x00000000
       24715000	      2372	80000f52	051ba223	sw	x17,68(x23)	 x23:0x8002cc60 x17:0x00005124 PA:0x8002cca4 store:0x00005124 load:0x00000000
       24725000	      2373	80000f56	052ba423	sw	x18,72(x23)	 x23:0x8002cc60 x18:0x00000006 PA:0x8002cca8 store:0x00000006 load:0x00000000
       24735000	      2374	80000f5a	053ba623	sw	x19,76(x23)	 x23:0x8002cc60 x19:0xfffffd4f PA:0x8002ccac store:0xfffffd4f load:0x00000000
       24745000	      2375	80000f5e	054ba823	sw	x20,80(x23)	 x23:0x8002cc60 x20:0x00000001 PA:0x8002ccb0 store:0x00000001 load:0x00000000
       24755000	      2376	80000f62	055baa23	sw	x21,84(x23)	 x23:0x8002cc60 x21:0xffffffff PA:0x8002ccb4 store:0xffffffff load:0x00000000
       24765000	      2377	80000f66	056bac23	sw	x22,88(x23)	 x23:0x8002cc60 x22:0xfffffbd6 PA:0x8002ccb8 store:0xfffffbd6 load:0x00000000
       24775000	      2378	80000f6a	057bae23	sw	x23,92(x23)	 x23:0x8002cc60 x23:0x8002cc60 PA:0x8002ccbc store:0x8002cc60 load:0x00000000
       24785000	      2379	80000f6e	078ba023	sw	x24,96(x23)	 x23:0x8002cc60 x24:0x00008a26 PA:0x8002ccc0 store:0x00008a26 load:0x00000000
       24795000	      2380	80000f72	079ba223	sw	x25,100(x23)	 x23:0x8002cc60 x25:0x000000bd PA:0x8002ccc4 store:0x000000bd load:0x00000000
       24805000	      2381	80000f76	07aba423	sw	x26,104(x23)	 x23:0x8002cc60 x26:0x8001b229 PA:0x8002ccc8 store:0x8001b229 load:0x00000000
       24815000	      2382	80000f7a	07bba623	sw	x27,108(x23)	 x23:0x8002cc60 x27:0x00006000 PA:0x8002cccc store:0x00006000 load:0x00000000
       24825000	      2383	80000f7e	07cba823	sw	x28,112(x23)	 x23:0x8002cc60 x28:0xb6e966b0 PA:0x8002ccd0 store:0xb6e966b0 load:0x00000000
       24835000	      2384	80000f82	07dbaa23	sw	x29,116(x23)	 x23:0x8002cc60 x29:0x0000004d PA:0x8002ccd4 store:0x0000004d load:0x00000000
       24845000	      2385	80000f86	07ebac23	sw	x30,120(x23)	 x23:0x8002cc60 x30:0xfffffe86 PA:0x8002ccd8 store:0xfffffe86 load:0x00000000
       24855000	      2386	80000f8a	07fbae23	sw	x31,124(x23)	 x23:0x8002cc60 x31:0xffffffdd PA:0x8002ccdc store:0xffffffdd load:0x00000000
       24865000	      2387	80000f8e	000b86b3	add	x13,x23,x0	 x23:0x8002cc60  x0:0x00000000 x13=0x8002cc60
       24875000	      2388	80000f92	90000d37	lui	x26,0x90000	 x26=0x90000000
       24885000	      2389	80000f96	1d71	c.addi	x26,-4	 x26:0x90000000 x26=0x8ffffffc
       24895000	      2390	80000f98	4d99	c.li	x27,6	 x27=0x00000006
       24905000	      2391	80000f9a	0da2	c.slli	x27,0x8	 x27:0x00000006 x27=0x00000600
       24915000	      2392	80000f9c	000d8d93	addi	x27,x27,0	 x27:0x00000600 x27=0x00000600
       24925000	      2393	80000fa0	01bd2023	sw	x27,0(x26)	 x26:0x8ffffffc x27:0x00000600 PA:0x8ffffffc store:0x00000600 load:0x00000000
       24935000	      2394	80000fa4	34202df3	csrrs	x27,mcause,x0	  x0:0x00000000 x27=0x8000000b
       24945000	      2395	80000fa8	01fddd93	srli	x27,x27,0x1f	 x27:0x8000000b x27=0x00000001
       24955000	      2396	80000fac	060d8863	beq	x27,x0,8000101c	 x27:0x00000001  x0:0x00000000
       24965000	      2397	80000fb0	90000d37	lui	x26,0x90000	 x26=0x90000000
       24975000	      2398	80000fb4	1d71	c.addi	x26,-4	 x26:0x90000000 x26=0x8ffffffc
       24985000	      2399	80000fb6	30000d93	addi	x27,x0,768	  x0:0x00000000 x27=0x00000300
       24995000	      2400	80000fba	0da2	c.slli	x27,0x8	 x27:0x00000300 x27=0x00030000
       25005000	      2401	80000fbc	0d8d	c.addi	x27,3	 x27:0x00030000 x27=0x00030003
       25015000	      2402	80000fbe	01bd2023	sw	x27,0(x26)	 x26:0x8ffffffc x27:0x00030003 PA:0x8ffffffc store:0x00030003 load:0x00000000
       25025000	      2403	80000fc2	30002df3	csrrs	x27,mstatus,x0	  x0:0x00000000 x27=0x00000080
       25035000	      2404	80000fc6	01bd2023	sw	x27,0(x26)	 x26:0x8ffffffc x27:0x00000080 PA:0x8ffffffc store:0x00000080 load:0x00000000
       25045000	      2405	80000fca	90000d37	lui	x26,0x90000	 x26=0x90000000
       25055000	      2406	80000fce	1d71	c.addi	x26,-4	 x26:0x90000000 x26=0x8ffffffc
       25065000	      2407	80000fd0	34200d93	addi	x27,x0,834	  x0:0x00000000 x27=0x00000342
       25075000	      2408	80000fd4	0da2	c.slli	x27,0x8	 x27:0x00000342 x27=0x00034200
       25085000	      2409	80000fd6	0d8d	c.addi	x27,3	 x27:0x00034200 x27=0x00034203
       25095000	      2410	80000fd8	01bd2023	sw	x27,0(x26)	 x26:0x8ffffffc x27:0x00034203 PA:0x8ffffffc store:0x00034203 load:0x00000000
       25105000	      2411	80000fdc	34202df3	csrrs	x27,mcause,x0	  x0:0x00000000 x27=0x8000000b
       25115000	      2412	80000fe0	01bd2023	sw	x27,0(x26)	 x26:0x8ffffffc x27:0x8000000b PA:0x8ffffffc store:0x8000000b load:0x00000000
       25125000	      2413	80000fe4	90000d37	lui	x26,0x90000	 x26=0x90000000
       25135000	      2414	80000fe8	1d71	c.addi	x26,-4	 x26:0x90000000 x26=0x8ffffffc
       25145000	      2415	80000fea	30400d93	addi	x27,x0,772	  x0:0x00000000 x27=0x00000304
       25155000	      2416	80000fee	0da2	c.slli	x27,0x8	 x27:0x00000304 x27=0x00030400
       25165000	      2417	80000ff0	0d8d	c.addi	x27,3	 x27:0x00030400 x27=0x00030403
       25175000	      2418	80000ff2	01bd2023	sw	x27,0(x26)	 x26:0x8ffffffc x27:0x00030403 PA:0x8ffffffc store:0x00030403 load:0x00000000
       25185000	      2419	80000ff6	30402df3	csrrs	x27,mie,x0	  x0:0x00000000 x27=0x00360888
       25195000	      2420	80000ffa	01bd2023	sw	x27,0(x26)	 x26:0x8ffffffc x27:0x00360888 PA:0x8ffffffc store:0x00360888 load:0x00000000
       25205000	      2421	80000ffe	90000d37	lui	x26,0x90000	 x26=0x90000000
       25215000	      2422	80001002	1d71	c.addi	x26,-4	 x26:0x90000000 x26=0x8ffffffc
       25225000	      2423	80001004	34400d93	addi	x27,x0,836	  x0:0x00000000 x27=0x00000344
       25235000	      2424	80001008	0da2	c.slli	x27,0x8	 x27:0x00000344 x27=0x00034400
       25245000	      2425	8000100a	0d8d	c.addi	x27,3	 x27:0x00034400 x27=0x00034403
       25255000	      2426	8000100c	01bd2023	sw	x27,0(x26)	 x26:0x8ffffffc x27:0x00034403 PA:0x8ffffffc store:0x00034403 load:0x00000000
       25265000	      2427	80001010	34402df3	csrrs	x27,mip,x0	  x0:0x00000000 x27=0x00000000
       25275000	      2428	80001014	01bd2023	sw	x27,0(x26)	 x26:0x8ffffffc x27:0x00000000 PA:0x8ffffffc store:0x00000000 load:0x00000000
       25285000	      2429	80001018	3141106f	jal	x0,8001232c	  x0=0x00000000
       25305000	      2431	8001232c	30002df3	csrrs	x27,mstatus,x0	  x0:0x00000000 x27=0x00000080
       25315000	      2432	80012330	30402df3	csrrs	x27,mie,x0	  x0:0x00000000 x27=0x00360888
       25325000	      2433	80012334	34402df3	csrrs	x27,mip,x0	  x0:0x00000000 x27=0x00000000
       25335000	      2434	80012338	344dbdf3	csrrc	x27,mip,x27	 x27:0x00000000 x27=0x00000000
       25365000	      2437	8001233c	90000d37	lui	x26,0x90000	 x26=0x90000000
       25375000	      2438	80012340	1d71	c.addi	x26,-4	 x26:0x90000000 x26=0x8ffffffc
       25385000	      2439	80012342	4d9d	c.li	x27,7	 x27=0x00000007
       25395000	      2440	80012344	0da2	c.slli	x27,0x8	 x27:0x00000007 x27=0x00000700
       25405000	      2441	80012346	000d8d93	addi	x27,x27,0	 x27:0x00000700 x27=0x00000700
       25415000	      2442	8001234a	01bd2023	sw	x27,0(x26)	 x26:0x8ffffffc x27:0x00000700 PA:0x8ffffffc store:0x00000700 load:0x00000000
       25425000	      2443	8001234e	00068bb3	add	x23,x13,x0	 x13:0x8002cc60  x0:0x00000000 x23=0x8002cc60
       25435000	      2444	80012352	004ba083	lw	x1,4(x23)	 x23:0x8002cc60  x1=0x00000512 PA:0x8002cc64 load:0x00000512
       25445000	      2445	80012356	008ba103	lw	x2,8(x23)	 x23:0x8002cc60  x2=0xfffffd4f PA:0x8002cc68 load:0xfffffd4f
       25455000	      2446	8001235a	00cba183	lw	x3,12(x23)	 x23:0x8002cc60  x3=0xffffffff PA:0x8002cc6c load:0xffffffff
       25465000	      2447	8001235e	010ba203	lw	x4,16(x23)	 x23:0x8002cc60  x4=0x000001c0 PA:0x8002cc70 load:0x000001c0
       25475000	      2448	80012362	014ba283	lw	x5,20(x23)	 x23:0x8002cc60  x5=0x00000003 PA:0x8002cc74 load:0x00000003
       25485000	      2449	80012366	018ba303	lw	x6,24(x23)	 x23:0x8002cc60  x6=0x00000015 PA:0x8002cc78 load:0x00000015
       25495000	      2450	8001236a	01cba383	lw	x7,28(x23)	 x23:0x8002cc60  x7=0x000000e0 PA:0x8002cc7c load:0x000000e0
       25505000	      2451	8001236e	020ba403	lw	x8,32(x23)	 x23:0x8002cc60  x8=0xff430000 PA:0x8002cc80 load:0xff430000
       25515000	      2452	80012372	024ba483	lw	x9,36(x23)	 x23:0x8002cc60  x9=0xfffffffe PA:0x8002cc84 load:0xfffffffe
       25525000	      2453	80012376	028ba503	lw	x10,40(x23)	 x23:0x8002cc60 x10=0xffffffff PA:0x8002cc88 load:0xffffffff
       25535000	      2454	8001237a	02cba583	lw	x11,44(x23)	 x23:0x8002cc60 x11=0xf1e8b1fd PA:0x8002cc8c load:0xf1e8b1fd
       25545000	      2455	8001237e	030ba603	lw	x12,48(x23)	 x23:0x8002cc60 x12=0xffffffff PA:0x8002cc90 load:0xffffffff
       25555000	      2456	80012382	034ba683	lw	x13,52(x23)	 x23:0x8002cc60 x13=0x8002cce0 PA:0x8002cc94 load:0x8002cce0
       25565000	      2457	80012386	038ba703	lw	x14,56(x23)	 x23:0x8002cc60 x14=0x00000000 PA:0x8002cc98 load:0x00000000
       25575000	      2458	8001238a	03cba783	lw	x15,60(x23)	 x23:0x8002cc60 x15=0x00001bc6 PA:0x8002cc9c load:0x00001bc6
       25585000	      2459	8001238e	040ba803	lw	x16,64(x23)	 x23:0x8002cc60 x16=0x0000001c PA:0x8002cca0 load:0x0000001c
       25595000	      2460	80012392	044ba883	lw	x17,68(x23)	 x23:0x8002cc60 x17=0x00005124 PA:0x8002cca4 load:0x00005124
       25605000	      2461	80012396	048ba903	lw	x18,72(x23)	 x23:0x8002cc60 x18=0x00000006 PA:0x8002cca8 load:0x00000006
       25615000	      2462	8001239a	04cba983	lw	x19,76(x23)	 x23:0x8002cc60 x19=0xfffffd4f PA:0x8002ccac load:0xfffffd4f
       25625000	      2463	8001239e	050baa03	lw	x20,80(x23)	 x23:0x8002cc60 x20=0x00000001 PA:0x8002ccb0 load:0x00000001
       25635000	      2464	800123a2	054baa83	lw	x21,84(x23)	 x23:0x8002cc60 x21=0xffffffff PA:0x8002ccb4 load:0xffffffff
       25645000	      2465	800123a6	058bab03	lw	x22,88(x23)	 x23:0x8002cc60 x22=0xfffffbd6 PA:0x8002ccb8 load:0xfffffbd6
       25655000	      2466	800123aa	05cbab83	lw	x23,92(x23)	 x23:0x8002cc60 x23=0x8002cc60 PA:0x8002ccbc load:0x8002cc60
       25675000	      2468	800123ae	060bac03	lw	x24,96(x23)	 x23:0x8002cc60 x24=0x00008a26 PA:0x8002ccc0 load:0x00008a26
       25685000	      2469	800123b2	064bac83	lw	x25,100(x23)	 x23:0x8002cc60 x25=0x000000bd PA:0x8002ccc4 load:0x000000bd
       25695000	      2470	800123b6	068bad03	lw	x26,104(x23)	 x23:0x8002cc60 x26=0x8001b229 PA:0x8002ccc8 load:0x8001b229
       25705000	      2471	800123ba	06cbad83	lw	x27,108(x23)	 x23:0x8002cc60 x27=0x00006000 PA:0x8002cccc load:0x00006000
       25715000	      2472	800123be	070bae03	lw	x28,112(x23)	 x23:0x8002cc60 x28=0xb6e966b0 PA:0x8002ccd0 load:0xb6e966b0
       25725000	      2473	800123c2	074bae83	lw	x29,116(x23)	 x23:0x8002cc60 x29=0x0000004d PA:0x8002ccd4 load:0x0000004d
       25735000	      2474	800123c6	078baf03	lw	x30,120(x23)	 x23:0x8002cc60 x30=0xfffffe86 PA:0x8002ccd8 load:0xfffffe86
       25745000	      2475	800123ca	07cbaf83	lw	x31,124(x23)	 x23:0x8002cc60 x31=0xffffffdd PA:0x8002ccdc load:0xffffffdd
       25755000	      2476	800123ce	080b8b93	addi	x23,x23,128	 x23:0x8002cc60 x23=0x8002cce0
       25765000	      2477	800123d2	000b86b3	add	x13,x23,x0	 x23:0x8002cce0  x0:0x00000000 x13=0x8002cce0
       25775000	      2478	800123d6	0006ab83	lw	x23,0(x13)	 x13:0x8002cce0 x23=0x80028e64 PA:0x8002cce0 load:0x80028e64
       25785000	      2479	800123da	0691	c.addi	x13,4	 x13:0x8002cce0 x13=0x8002cce4
       25795000	      2480	800123dc	30200073	mret	
       25855000	      2486	80003840	03dab733	mulhu	x14,x21,x29	 x21:0xffffffff x29:0x0000004d x14=0x0000004c
       26225000	      2523	80003844	03cced33	rem	x26,x25,x28	 x25:0x000000bd x28:0xb6e966b0 x26=0x000000bd
       26235000	      2524	80003848	77b1f897	auipc	x17,0x77b1f	 x17=0xf7b22848
       26245000	      2525	8000384c	0059c763	blt	x19,x5,8000385a	 x19:0xfffffd4f  x5:0x00000003
       26275000	      2528	8000385a	0234e663	bltu	x9,x3,80003886	  x9:0xfffffffe  x3:0xffffffff
       26295000	      2530	80003886	8f92	c.mv	x31,x4	  x0:0x00000000  x4:0x000001c0 x31=0x000001c0
       26305000	      2531	80003888	8c05	c.sub	x8,x9	  x8:0xff430000  x9:0xfffffffe  x8=0xff430002
       26315000	      2532	8000388a	08d2	c.slli	x17,0x14	 x17:0xf7b22848 x17=0x84800000
       26325000	      2533	8000388c	347f4813	xori	x16,x30,839	 x30:0xfffffe86 x16=0xfffffdc1
       26335000	      2534	80003890	157d	c.addi	x10,-1	 x10:0xffffffff x10=0xfffffffe
       26345000	      2535	80003892	019fba33	sltu	x20,x31,x25	 x31:0x000001c0 x25:0x000000bd x20=0x00000000
       26715000	      2572	80003896	0238ed33	rem	x26,x17,x3	 x17:0x84800000  x3:0xffffffff x26=0x00000000
       26755000	      2576	8000389a	02471233	mulh	x4,x14,x4	 x14:0x0000004c  x4:0x000001c0  x4=0x00000000
       26765000	      2577	8000389e	82ca	c.mv	x5,x18	  x0:0x00000000 x18:0x00000006  x5=0x00000006
       26805000	      2581	800038a0	02afa433	mulhsu	x8,x31,x10	 x31:0x000001c0 x10:0xfffffffe  x8=0x000001bf
       27175000	      2618	800038a4	0295e733	rem	x14,x11,x9	 x11:0xf1e8b1fd  x9:0xfffffffe x14=0xffffffff
       27185000	      2619	800038a8	01a50033	add	x0,x10,x26	 x10:0xfffffffe x26:0x00000000  x0=0x00000000
       27195000	      2620	800038ac	00a16c33	or	x24,x2,x10	  x2:0xfffffd4f x10:0xfffffffe x24=0xffffffff
       27205000	      2621	800038b0	405f54b3	sra	x9,x30,x5	 x30:0xfffffe86  x5:0x00000006  x9=0xfffffffa
       27215000	      2622	800038b4	0131fc33	and	x24,x3,x19	  x3:0xffffffff x19:0xfffffd4f x24=0xfffffd4f
       27225000	      2623	800038b8	717d	c.addi16sp	x2,-16	  x2:0xfffffd4f  x2=0xfffffd3f
       27235000	      2624	800038ba	009d59b3	srl	x19,x26,x9	 x26:0x00000000  x9:0xfffffffa x19=0x00000000
       27245000	      2625	800038be	8e41	c.or	x12,x8	 x12:0xffffffff  x8:0x000001bf x12=0xffffffff
       27255000	      2626	800038c0	5b9f3937	lui	x18,0x5b9f3	 x18=0x5b9f3000
       27265000	      2627	800038c4	9186f393	andi	x7,x13,-1768	 x13:0x8002cce4  x7=0x8002c800
       27275000	      2628	800038c8	4c11	c.li	x24,4	 x24=0x00000004
       27285000	      2629	800038ca	078dc063	blt	x27,x24,8000392a	 x27:0x00006000 x24:0x00000004
       27295000	      2630	800038ce	01a1b833	sltu	x16,x3,x26	  x3:0xffffffff x26:0x00000000 x16=0x00000000
       27665000	      2667	800038d2	031cc1b3	div	x3,x25,x17	 x25:0x000000bd x17:0x84800000  x3=0x00000000
       27705000	      2671	8000272c	fd8fe06f	jal	x0,80000f04	  x0=0x00000000
       27725000	      2673	80000f04	16f1	c.addi	x13,-4	 x13:0x8002cce4 x13=0x8002cce0
       27735000	      2674	80000f06	0176a023	sw	x23,0(x13)	 x13:0x8002cce0 x23:0x80028e64 PA:0x8002cce0 store:0x80028e64 load:0x00000000
       27745000	      2675	80000f0a	00068bb3	add	x23,x13,x0	 x13:0x8002cce0  x0:0x00000000 x23=0x8002cce0
       27755000	      2676	80000f0e	f80b8b93	addi	x23,x23,-128	 x23:0x8002cce0 x23=0x8002cc60
       27765000	      2677	80000f12	001ba223	sw	x1,4(x23)	 x23:0x8002cc60  x1:0x00000512 PA:0x8002cc64 store:0x00000512 load:0x00000000
       27775000	      2678	80000f16	002ba423	sw	x2,8(x23)	 x23:0x8002cc60  x2:0xfffffd3f PA:0x8002cc68 store:0xfffffd3f load:0x00000000
       27785000	      2679	80000f1a	003ba623	sw	x3,12(x23)	 x23:0x8002cc60  x3:0x00000000 PA:0x8002cc6c store:0x00000000 load:0x00000000
       27795000	      2680	80000f1e	004ba823	sw	x4,16(x23)	 x23:0x8002cc60  x4:0x00000000 PA:0x8002cc70 store:0x00000000 load:0x00000000
       27805000	      2681	80000f22	005baa23	sw	x5,20(x23)	 x23:0x8002cc60  x5:0x00000006 PA:0x8002cc74 store:0x00000006 load:0x00000000
       27815000	      2682	80000f26	006bac23	sw	x6,24(x23)	 x23:0x8002cc60  x6:0x00000015 PA:0x8002cc78 store:0x00000015 load:0x00000000
       27825000	      2683	80000f2a	007bae23	sw	x7,28(x23)	 x23:0x8002cc60  x7:0x8002c800 PA:0x8002cc7c store:0x8002c800 load:0x00000000
       27835000	      2684	80000f2e	028ba023	sw	x8,32(x23)	 x23:0x8002cc60  x8:0x000001bf PA:0x8002cc80 store:0x000001bf load:0x00000000
       27845000	      2685	80000f32	029ba223	sw	x9,36(x23)	 x23:0x8002cc60  x9:0xfffffffa PA:0x8002cc84 store:0xfffffffa load:0x00000000
       27855000	      2686	80000f36	02aba423	sw	x10,40(x23)	 x23:0x8002cc60 x10:0xfffffffe PA:0x8002cc88 store:0xfffffffe load:0x00000000
       27865000	      2687	80000f3a	02bba623	sw	x11,44(x23)	 x23:0x8002cc60 x11:0xf1e8b1fd PA:0x8002cc8c store:0xf1e8b1fd load:0x00000000
       27875000	      2688	80000f3e	02cba823	sw	x12,48(x23)	 x23:0x8002cc60 x12:0xffffffff PA:0x8002cc90 store:0xffffffff load:0x00000000
       27885000	      2689	80000f42	02dbaa23	sw	x13,52(x23)	 x23:0x8002cc60 x13:0x8002cce0 PA:0x8002cc94 store:0x8002cce0 load:0x00000000
       27895000	      2690	80000f46	02ebac23	sw	x14,56(x23)	 x23:0x8002cc60 x14:0xffffffff PA:0x8002cc98 store:0xffffffff load:0x00000000
       27905000	      2691	80000f4a	02fbae23	sw	x15,60(x23)	 x23:0x8002cc60 x15:0x00001bc6 PA:0x8002cc9c store:0x00001bc6 load:0x00000000
       27915000	      2692	80000f4e	050ba023	sw	x16,64(x23)	 x23:0x8002cc60 x16:0x00000000 PA:0x8002cca0 store:0x00000000 load:0x00000000
       27925000	      2693	80000f52	051ba223	sw	x17,68(x23)	 x23:0x8002cc60 x17:0x84800000 PA:0x8002cca4 store:0x84800000 load:0x00000000
       27935000	      2694	80000f56	052ba423	sw	x18,72(x23)	 x23:0x8002cc60 x18:0x5b9f3000 PA:0x8002cca8 store:0x5b9f3000 load:0x00000000
       27945000	      2695	80000f5a	053ba623	sw	x19,76(x23)	 x23:0x8002cc60 x19:0x00000000 PA:0x8002ccac store:0x00000000 load:0x00000000
       27955000	      2696	80000f5e	054ba823	sw	x20,80(x23)	 x23:0x8002cc60 x20:0x00000000 PA:0x8002ccb0 store:0x00000000 load:0x00000000
       27965000	      2697	80000f62	055baa23	sw	x21,84(x23)	 x23:0x8002cc60 x21:0xffffffff PA:0x8002ccb4 store:0xffffffff load:0x00000000
       27975000	      2698	80000f66	056bac23	sw	x22,88(x23)	 x23:0x8002cc60 x22:0xfffffbd6 PA:0x8002ccb8 store:0xfffffbd6 load:0x00000000
       27985000	      2699	80000f6a	057bae23	sw	x23,92(x23)	 x23:0x8002cc60 x23:0x8002cc60 PA:0x8002ccbc store:0x8002cc60 load:0x00000000
       27995000	      2700	80000f6e	078ba023	sw	x24,96(x23)	 x23:0x8002cc60 x24:0x00000004 PA:0x8002ccc0 store:0x00000004 load:0x00000000
       28005000	      2701	80000f72	079ba223	sw	x25,100(x23)	 x23:0x8002cc60 x25:0x000000bd PA:0x8002ccc4 store:0x000000bd load:0x00000000
       28015000	      2702	80000f76	07aba423	sw	x26,104(x23)	 x23:0x8002cc60 x26:0x00000000 PA:0x8002ccc8 store:0x00000000 load:0x00000000
       28025000	      2703	80000f7a	07bba623	sw	x27,108(x23)	 x23:0x8002cc60 x27:0x00006000 PA:0x8002cccc store:0x00006000 load:0x00000000
       28035000	      2704	80000f7e	07cba823	sw	x28,112(x23)	 x23:0x8002cc60 x28:0xb6e966b0 PA:0x8002ccd0 store:0xb6e966b0 load:0x00000000
       28045000	      2705	80000f82	07dbaa23	sw	x29,116(x23)	 x23:0x8002cc60 x29:0x0000004d PA:0x8002ccd4 store:0x0000004d load:0x00000000
       28055000	      2706	80000f86	07ebac23	sw	x30,120(x23)	 x23:0x8002cc60 x30:0xfffffe86 PA:0x8002ccd8 store:0xfffffe86 load:0x00000000
       28065000	      2707	80000f8a	07fbae23	sw	x31,124(x23)	 x23:0x8002cc60 x31:0x000001c0 PA:0x8002ccdc store:0x000001c0 load:0x00000000
       28075000	      2708	80000f8e	000b86b3	add	x13,x23,x0	 x23:0x8002cc60  x0:0x00000000 x13=0x8002cc60
       28085000	      2709	80000f92	90000d37	lui	x26,0x90000	 x26=0x90000000
       28095000	      2710	80000f96	1d71	c.addi	x26,-4	 x26:0x90000000 x26=0x8ffffffc
       28105000	      2711	80000f98	4d99	c.li	x27,6	 x27=0x00000006
       28115000	      2712	80000f9a	0da2	c.slli	x27,0x8	 x27:0x00000006 x27=0x00000600
       28125000	      2713	80000f9c	000d8d93	addi	x27,x27,0	 x27:0x00000600 x27=0x00000600
       28135000	      2714	80000fa0	01bd2023	sw	x27,0(x26)	 x26:0x8ffffffc x27:0x00000600 PA:0x8ffffffc store:0x00000600 load:0x00000000
       28145000	      2715	80000fa4	34202df3	csrrs	x27,mcause,x0	  x0:0x00000000 x27=0x8000000b
       28155000	      2716	80000fa8	01fddd93	srli	x27,x27,0x1f	 x27:0x8000000b x27=0x00000001
       28165000	      2717	80000fac	060d8863	beq	x27,x0,8000101c	 x27:0x00000001  x0:0x00000000
       28175000	      2718	80000fb0	90000d37	lui	x26,0x90000	 x26=0x90000000
       28185000	      2719	80000fb4	1d71	c.addi	x26,-4	 x26:0x90000000 x26=0x8ffffffc
       28195000	      2720	80000fb6	30000d93	addi	x27,x0,768	  x0:0x00000000 x27=0x00000300
       28205000	      2721	80000fba	0da2	c.slli	x27,0x8	 x27:0x00000300 x27=0x00030000
       28215000	      2722	80000fbc	0d8d	c.addi	x27,3	 x27:0x00030000 x27=0x00030003
       28225000	      2723	80000fbe	01bd2023	sw	x27,0(x26)	 x26:0x8ffffffc x27:0x00030003 PA:0x8ffffffc store:0x00030003 load:0x00000000
       28235000	      2724	80000fc2	30002df3	csrrs	x27,mstatus,x0	  x0:0x00000000 x27=0x00000080
       28245000	      2725	80000fc6	01bd2023	sw	x27,0(x26)	 x26:0x8ffffffc x27:0x00000080 PA:0x8ffffffc store:0x00000080 load:0x00000000
       28255000	      2726	80000fca	90000d37	lui	x26,0x90000	 x26=0x90000000
       28265000	      2727	80000fce	1d71	c.addi	x26,-4	 x26:0x90000000 x26=0x8ffffffc
       28275000	      2728	80000fd0	34200d93	addi	x27,x0,834	  x0:0x00000000 x27=0x00000342
       28285000	      2729	80000fd4	0da2	c.slli	x27,0x8	 x27:0x00000342 x27=0x00034200
       28295000	      2730	80000fd6	0d8d	c.addi	x27,3	 x27:0x00034200 x27=0x00034203
       28305000	      2731	80000fd8	01bd2023	sw	x27,0(x26)	 x26:0x8ffffffc x27:0x00034203 PA:0x8ffffffc store:0x00034203 load:0x00000000
       28315000	      2732	80000fdc	34202df3	csrrs	x27,mcause,x0	  x0:0x00000000 x27=0x8000000b
       28325000	      2733	80000fe0	01bd2023	sw	x27,0(x26)	 x26:0x8ffffffc x27:0x8000000b PA:0x8ffffffc store:0x8000000b load:0x00000000
       28335000	      2734	80000fe4	90000d37	lui	x26,0x90000	 x26=0x90000000
       28345000	      2735	80000fe8	1d71	c.addi	x26,-4	 x26:0x90000000 x26=0x8ffffffc
       28355000	      2736	80000fea	30400d93	addi	x27,x0,772	  x0:0x00000000 x27=0x00000304
       28365000	      2737	80000fee	0da2	c.slli	x27,0x8	 x27:0x00000304 x27=0x00030400
       28375000	      2738	80000ff0	0d8d	c.addi	x27,3	 x27:0x00030400 x27=0x00030403
       28385000	      2739	80000ff2	01bd2023	sw	x27,0(x26)	 x26:0x8ffffffc x27:0x00030403 PA:0x8ffffffc store:0x00030403 load:0x00000000
       28395000	      2740	80000ff6	30402df3	csrrs	x27,mie,x0	  x0:0x00000000 x27=0x00360888
       28405000	      2741	80000ffa	01bd2023	sw	x27,0(x26)	 x26:0x8ffffffc x27:0x00360888 PA:0x8ffffffc store:0x00360888 load:0x00000000
       28415000	      2742	80000ffe	90000d37	lui	x26,0x90000	 x26=0x90000000
       28425000	      2743	80001002	1d71	c.addi	x26,-4	 x26:0x90000000 x26=0x8ffffffc
       28435000	      2744	80001004	34400d93	addi	x27,x0,836	  x0:0x00000000 x27=0x00000344
       28445000	      2745	80001008	0da2	c.slli	x27,0x8	 x27:0x00000344 x27=0x00034400
       28455000	      2746	8000100a	0d8d	c.addi	x27,3	 x27:0x00034400 x27=0x00034403
       28465000	      2747	8000100c	01bd2023	sw	x27,0(x26)	 x26:0x8ffffffc x27:0x00034403 PA:0x8ffffffc store:0x00034403 load:0x00000000
       28475000	      2748	80001010	34402df3	csrrs	x27,mip,x0	  x0:0x00000000 x27=0x00000000
       28485000	      2749	80001014	01bd2023	sw	x27,0(x26)	 x26:0x8ffffffc x27:0x00000000 PA:0x8ffffffc store:0x00000000 load:0x00000000
       28495000	      2750	80001018	3141106f	jal	x0,8001232c	  x0=0x00000000
       28515000	      2752	8001232c	30002df3	csrrs	x27,mstatus,x0	  x0:0x00000000 x27=0x00000080
       28525000	      2753	80012330	30402df3	csrrs	x27,mie,x0	  x0:0x00000000 x27=0x00360888
       28535000	      2754	80012334	34402df3	csrrs	x27,mip,x0	  x0:0x00000000 x27=0x00000000
       28545000	      2755	80012338	344dbdf3	csrrc	x27,mip,x27	 x27:0x00000000 x27=0x00000000
       28575000	      2758	8001233c	90000d37	lui	x26,0x90000	 x26=0x90000000
       28585000	      2759	80012340	1d71	c.addi	x26,-4	 x26:0x90000000 x26=0x8ffffffc
       28595000	      2760	80012342	4d9d	c.li	x27,7	 x27=0x00000007
       28605000	      2761	80012344	0da2	c.slli	x27,0x8	 x27:0x00000007 x27=0x00000700
       28615000	      2762	80012346	000d8d93	addi	x27,x27,0	 x27:0x00000700 x27=0x00000700
       28625000	      2763	8001234a	01bd2023	sw	x27,0(x26)	 x26:0x8ffffffc x27:0x00000700 PA:0x8ffffffc store:0x00000700 load:0x00000000
       28635000	      2764	8001234e	00068bb3	add	x23,x13,x0	 x13:0x8002cc60  x0:0x00000000 x23=0x8002cc60
       28645000	      2765	80012352	004ba083	lw	x1,4(x23)	 x23:0x8002cc60  x1=0x00000512 PA:0x8002cc64 load:0x00000512
       28655000	      2766	80012356	008ba103	lw	x2,8(x23)	 x23:0x8002cc60  x2=0xfffffd3f PA:0x8002cc68 load:0xfffffd3f
       28665000	      2767	8001235a	00cba183	lw	x3,12(x23)	 x23:0x8002cc60  x3=0x00000000 PA:0x8002cc6c load:0x00000000
       28675000	      2768	8001235e	010ba203	lw	x4,16(x23)	 x23:0x8002cc60  x4=0x00000000 PA:0x8002cc70 load:0x00000000
       28685000	      2769	80012362	014ba283	lw	x5,20(x23)	 x23:0x8002cc60  x5=0x00000006 PA:0x8002cc74 load:0x00000006
       28695000	      2770	80012366	018ba303	lw	x6,24(x23)	 x23:0x8002cc60  x6=0x00000015 PA:0x8002cc78 load:0x00000015
       28705000	      2771	8001236a	01cba383	lw	x7,28(x23)	 x23:0x8002cc60  x7=0x8002c800 PA:0x8002cc7c load:0x8002c800
       28715000	      2772	8001236e	020ba403	lw	x8,32(x23)	 x23:0x8002cc60  x8=0x000001bf PA:0x8002cc80 load:0x000001bf
       28725000	      2773	80012372	024ba483	lw	x9,36(x23)	 x23:0x8002cc60  x9=0xfffffffa PA:0x8002cc84 load:0xfffffffa
       28735000	      2774	80012376	028ba503	lw	x10,40(x23)	 x23:0x8002cc60 x10=0xfffffffe PA:0x8002cc88 load:0xfffffffe
       28745000	      2775	8001237a	02cba583	lw	x11,44(x23)	 x23:0x8002cc60 x11=0xf1e8b1fd PA:0x8002cc8c load:0xf1e8b1fd
       28755000	      2776	8001237e	030ba603	lw	x12,48(x23)	 x23:0x8002cc60 x12=0xffffffff PA:0x8002cc90 load:0xffffffff
       28765000	      2777	80012382	034ba683	lw	x13,52(x23)	 x23:0x8002cc60 x13=0x8002cce0 PA:0x8002cc94 load:0x8002cce0
       28775000	      2778	80012386	038ba703	lw	x14,56(x23)	 x23:0x8002cc60 x14=0xffffffff PA:0x8002cc98 load:0xffffffff
       28785000	      2779	8001238a	03cba783	lw	x15,60(x23)	 x23:0x8002cc60 x15=0x00001bc6 PA:0x8002cc9c load:0x00001bc6
       28795000	      2780	8001238e	040ba803	lw	x16,64(x23)	 x23:0x8002cc60 x16=0x00000000 PA:0x8002cca0 load:0x00000000
       28805000	      2781	80012392	044ba883	lw	x17,68(x23)	 x23:0x8002cc60 x17=0x84800000 PA:0x8002cca4 load:0x84800000
       28815000	      2782	80012396	048ba903	lw	x18,72(x23)	 x23:0x8002cc60 x18=0x5b9f3000 PA:0x8002cca8 load:0x5b9f3000
       28825000	      2783	8001239a	04cba983	lw	x19,76(x23)	 x23:0x8002cc60 x19=0x00000000 PA:0x8002ccac load:0x00000000
       28835000	      2784	8001239e	050baa03	lw	x20,80(x23)	 x23:0x8002cc60 x20=0x00000000 PA:0x8002ccb0 load:0x00000000
       28845000	      2785	800123a2	054baa83	lw	x21,84(x23)	 x23:0x8002cc60 x21=0xffffffff PA:0x8002ccb4 load:0xffffffff
       28855000	      2786	800123a6	058bab03	lw	x22,88(x23)	 x23:0x8002cc60 x22=0xfffffbd6 PA:0x8002ccb8 load:0xfffffbd6
       28865000	      2787	800123aa	05cbab83	lw	x23,92(x23)	 x23:0x8002cc60 x23=0x8002cc60 PA:0x8002ccbc load:0x8002cc60
       28885000	      2789	800123ae	060bac03	lw	x24,96(x23)	 x23:0x8002cc60 x24=0x00000004 PA:0x8002ccc0 load:0x00000004
       28895000	      2790	800123b2	064bac83	lw	x25,100(x23)	 x23:0x8002cc60 x25=0x000000bd PA:0x8002ccc4 load:0x000000bd
       28905000	      2791	800123b6	068bad03	lw	x26,104(x23)	 x23:0x8002cc60 x26=0x00000000 PA:0x8002ccc8 load:0x00000000
       28915000	      2792	800123ba	06cbad83	lw	x27,108(x23)	 x23:0x8002cc60 x27=0x00006000 PA:0x8002cccc load:0x00006000
       28925000	      2793	800123be	070bae03	lw	x28,112(x23)	 x23:0x8002cc60 x28=0xb6e966b0 PA:0x8002ccd0 load:0xb6e966b0
       28935000	      2794	800123c2	074bae83	lw	x29,116(x23)	 x23:0x8002cc60 x29=0x0000004d PA:0x8002ccd4 load:0x0000004d
       28945000	      2795	800123c6	078baf03	lw	x30,120(x23)	 x23:0x8002cc60 x30=0xfffffe86 PA:0x8002ccd8 load:0xfffffe86
       28955000	      2796	800123ca	07cbaf83	lw	x31,124(x23)	 x23:0x8002cc60 x31=0x000001c0 PA:0x8002ccdc load:0x000001c0
       28965000	      2797	800123ce	080b8b93	addi	x23,x23,128	 x23:0x8002cc60 x23=0x8002cce0
       28975000	      2798	800123d2	000b86b3	add	x13,x23,x0	 x23:0x8002cce0  x0:0x00000000 x13=0x8002cce0
       28985000	      2799	800123d6	0006ab83	lw	x23,0(x13)	 x13:0x8002cce0 x23=0x80028e64 PA:0x8002cce0 load:0x80028e64
       28995000	      2800	800123da	0691	c.addi	x13,4	 x13:0x8002cce0 x13=0x8002cce4
       29005000	      2801	800123dc	30200073	mret	
       29405000	      2841	800038d6	0275d3b3	divu	x7,x11,x7	 x11:0xf1e8b1fd  x7:0x8002c800  x7=0x00000001
       29415000	      2842	800038da	01d3e033	or	x0,x7,x29	  x7:0x00000001 x29:0x0000004d  x0=0x00000000
       29425000	      2843	800038de	00005317	auipc	x6,0x5	  x6=0x800088de
       29435000	      2844	800038e2	65230313	addi	x6,x6,1618	  x6:0x800088de  x6=0x80008f30
       29445000	      2845	800038e6	0c230313	addi	x6,x6,194	  x6:0x80008f30  x6=0x80008ff2
       29455000	      2846	800038ea	01555e13	srli	x28,x10,0x15	 x10:0xfffffffe x28=0x000007ff
       29465000	      2847	800038ee	547d	c.li	x8,-1	  x8=0xffffffff
       29495000	      2850	800038f0	03a801b3	mul	x3,x16,x26	 x16:0x00000000 x26:0x00000000  x3=0x00000000
       29535000	      2854	800038f4	0265ab33	mulhsu	x22,x11,x6	 x11:0xf1e8b1fd  x6:0x80008ff2 x22=0xf8f45112
       29545000	      2855	800038f8	f3f300e7	jalr	x1,-193(x6)	  x6:0x80008ff2  x1=0x800038fc
       29565000	      2857	80008f30	10500073	wfi	
       30775000	      2978	8000272c	fd8fe06f	jal	x0,80000f04	  x0=0x00000000
       30795000	      2980	80000f04	16f1	c.addi	x13,-4	 x13:0x8002cce4 x13=0x8002cce0
       30805000	      2981	80000f06	0176a023	sw	x23,0(x13)	 x13:0x8002cce0 x23:0x80028e64 PA:0x8002cce0 store:0x80028e64 load:0x00000000
       30815000	      2982	80000f0a	00068bb3	add	x23,x13,x0	 x13:0x8002cce0  x0:0x00000000 x23=0x8002cce0
       30825000	      2983	80000f0e	f80b8b93	addi	x23,x23,-128	 x23:0x8002cce0 x23=0x8002cc60
       30835000	      2984	80000f12	001ba223	sw	x1,4(x23)	 x23:0x8002cc60  x1:0x800038fc PA:0x8002cc64 store:0x800038fc load:0x00000000
       30845000	      2985	80000f16	002ba423	sw	x2,8(x23)	 x23:0x8002cc60  x2:0xfffffd3f PA:0x8002cc68 store:0xfffffd3f load:0x00000000
       30855000	      2986	80000f1a	003ba623	sw	x3,12(x23)	 x23:0x8002cc60  x3:0x00000000 PA:0x8002cc6c store:0x00000000 load:0x00000000
       30865000	      2987	80000f1e	004ba823	sw	x4,16(x23)	 x23:0x8002cc60  x4:0x00000000 PA:0x8002cc70 store:0x00000000 load:0x00000000
       30875000	      2988	80000f22	005baa23	sw	x5,20(x23)	 x23:0x8002cc60  x5:0x00000006 PA:0x8002cc74 store:0x00000006 load:0x00000000
       30885000	      2989	80000f26	006bac23	sw	x6,24(x23)	 x23:0x8002cc60  x6:0x80008ff2 PA:0x8002cc78 store:0x80008ff2 load:0x00000000
       30895000	      2990	80000f2a	007bae23	sw	x7,28(x23)	 x23:0x8002cc60  x7:0x00000001 PA:0x8002cc7c store:0x00000001 load:0x00000000
       30905000	      2991	80000f2e	028ba023	sw	x8,32(x23)	 x23:0x8002cc60  x8:0xffffffff PA:0x8002cc80 store:0xffffffff load:0x00000000
       30915000	      2992	80000f32	029ba223	sw	x9,36(x23)	 x23:0x8002cc60  x9:0xfffffffa PA:0x8002cc84 store:0xfffffffa load:0x00000000
       30925000	      2993	80000f36	02aba423	sw	x10,40(x23)	 x23:0x8002cc60 x10:0xfffffffe PA:0x8002cc88 store:0xfffffffe load:0x00000000
       30935000	      2994	80000f3a	02bba623	sw	x11,44(x23)	 x23:0x8002cc60 x11:0xf1e8b1fd PA:0x8002cc8c store:0xf1e8b1fd load:0x00000000
       30945000	      2995	80000f3e	02cba823	sw	x12,48(x23)	 x23:0x8002cc60 x12:0xffffffff PA:0x8002cc90 store:0xffffffff load:0x00000000
       30955000	      2996	80000f42	02dbaa23	sw	x13,52(x23)	 x23:0x8002cc60 x13:0x8002cce0 PA:0x8002cc94 store:0x8002cce0 load:0x00000000
       30965000	      2997	80000f46	02ebac23	sw	x14,56(x23)	 x23:0x8002cc60 x14:0xffffffff PA:0x8002cc98 store:0xffffffff load:0x00000000
       30975000	      2998	80000f4a	02fbae23	sw	x15,60(x23)	 x23:0x8002cc60 x15:0x00001bc6 PA:0x8002cc9c store:0x00001bc6 load:0x00000000
       30985000	      2999	80000f4e	050ba023	sw	x16,64(x23)	 x23:0x8002cc60 x16:0x00000000 PA:0x8002cca0 store:0x00000000 load:0x00000000
       30995000	      3000	80000f52	051ba223	sw	x17,68(x23)	 x23:0x8002cc60 x17:0x84800000 PA:0x8002cca4 store:0x84800000 load:0x00000000
       31005000	      3001	80000f56	052ba423	sw	x18,72(x23)	 x23:0x8002cc60 x18:0x5b9f3000 PA:0x8002cca8 store:0x5b9f3000 load:0x00000000
       31015000	      3002	80000f5a	053ba623	sw	x19,76(x23)	 x23:0x8002cc60 x19:0x00000000 PA:0x8002ccac store:0x00000000 load:0x00000000
       31025000	      3003	80000f5e	054ba823	sw	x20,80(x23)	 x23:0x8002cc60 x20:0x00000000 PA:0x8002ccb0 store:0x00000000 load:0x00000000
       31035000	      3004	80000f62	055baa23	sw	x21,84(x23)	 x23:0x8002cc60 x21:0xffffffff PA:0x8002ccb4 store:0xffffffff load:0x00000000
       31045000	      3005	80000f66	056bac23	sw	x22,88(x23)	 x23:0x8002cc60 x22:0xf8f45112 PA:0x8002ccb8 store:0xf8f45112 load:0x00000000
       31055000	      3006	80000f6a	057bae23	sw	x23,92(x23)	 x23:0x8002cc60 x23:0x8002cc60 PA:0x8002ccbc store:0x8002cc60 load:0x00000000
       31065000	      3007	80000f6e	078ba023	sw	x24,96(x23)	 x23:0x8002cc60 x24:0x00000004 PA:0x8002ccc0 store:0x00000004 load:0x00000000
       31075000	      3008	80000f72	079ba223	sw	x25,100(x23)	 x23:0x8002cc60 x25:0x000000bd PA:0x8002ccc4 store:0x000000bd load:0x00000000
       31085000	      3009	80000f76	07aba423	sw	x26,104(x23)	 x23:0x8002cc60 x26:0x00000000 PA:0x8002ccc8 store:0x00000000 load:0x00000000
       31095000	      3010	80000f7a	07bba623	sw	x27,108(x23)	 x23:0x8002cc60 x27:0x00006000 PA:0x8002cccc store:0x00006000 load:0x00000000
       31105000	      3011	80000f7e	07cba823	sw	x28,112(x23)	 x23:0x8002cc60 x28:0x000007ff PA:0x8002ccd0 store:0x000007ff load:0x00000000
       31115000	      3012	80000f82	07dbaa23	sw	x29,116(x23)	 x23:0x8002cc60 x29:0x0000004d PA:0x8002ccd4 store:0x0000004d load:0x00000000
       31125000	      3013	80000f86	07ebac23	sw	x30,120(x23)	 x23:0x8002cc60 x30:0xfffffe86 PA:0x8002ccd8 store:0xfffffe86 load:0x00000000
       31135000	      3014	80000f8a	07fbae23	sw	x31,124(x23)	 x23:0x8002cc60 x31:0x000001c0 PA:0x8002ccdc store:0x000001c0 load:0x00000000
       31145000	      3015	80000f8e	000b86b3	add	x13,x23,x0	 x23:0x8002cc60  x0:0x00000000 x13=0x8002cc60
       31155000	      3016	80000f92	90000d37	lui	x26,0x90000	 x26=0x90000000
       31165000	      3017	80000f96	1d71	c.addi	x26,-4	 x26:0x90000000 x26=0x8ffffffc
       31175000	      3018	80000f98	4d99	c.li	x27,6	 x27=0x00000006
       31185000	      3019	80000f9a	0da2	c.slli	x27,0x8	 x27:0x00000006 x27=0x00000600
       31195000	      3020	80000f9c	000d8d93	addi	x27,x27,0	 x27:0x00000600 x27=0x00000600
       31205000	      3021	80000fa0	01bd2023	sw	x27,0(x26)	 x26:0x8ffffffc x27:0x00000600 PA:0x8ffffffc store:0x00000600 load:0x00000000
       31215000	      3022	80000fa4	34202df3	csrrs	x27,mcause,x0	  x0:0x00000000 x27=0x8000000b
       31225000	      3023	80000fa8	01fddd93	srli	x27,x27,0x1f	 x27:0x8000000b x27=0x00000001
       31235000	      3024	80000fac	060d8863	beq	x27,x0,8000101c	 x27:0x00000001  x0:0x00000000
       31245000	      3025	80000fb0	90000d37	lui	x26,0x90000	 x26=0x90000000
       31255000	      3026	80000fb4	1d71	c.addi	x26,-4	 x26:0x90000000 x26=0x8ffffffc
       31265000	      3027	80000fb6	30000d93	addi	x27,x0,768	  x0:0x00000000 x27=0x00000300
       31275000	      3028	80000fba	0da2	c.slli	x27,0x8	 x27:0x00000300 x27=0x00030000
       31285000	      3029	80000fbc	0d8d	c.addi	x27,3	 x27:0x00030000 x27=0x00030003
       31295000	      3030	80000fbe	01bd2023	sw	x27,0(x26)	 x26:0x8ffffffc x27:0x00030003 PA:0x8ffffffc store:0x00030003 load:0x00000000
       31305000	      3031	80000fc2	30002df3	csrrs	x27,mstatus,x0	  x0:0x00000000 x27=0x00000080
       31315000	      3032	80000fc6	01bd2023	sw	x27,0(x26)	 x26:0x8ffffffc x27:0x00000080 PA:0x8ffffffc store:0x00000080 load:0x00000000
       31325000	      3033	80000fca	90000d37	lui	x26,0x90000	 x26=0x90000000
       31335000	      3034	80000fce	1d71	c.addi	x26,-4	 x26:0x90000000 x26=0x8ffffffc
       31345000	      3035	80000fd0	34200d93	addi	x27,x0,834	  x0:0x00000000 x27=0x00000342
       31355000	      3036	80000fd4	0da2	c.slli	x27,0x8	 x27:0x00000342 x27=0x00034200
       31365000	      3037	80000fd6	0d8d	c.addi	x27,3	 x27:0x00034200 x27=0x00034203
       31375000	      3038	80000fd8	01bd2023	sw	x27,0(x26)	 x26:0x8ffffffc x27:0x00034203 PA:0x8ffffffc store:0x00034203 load:0x00000000
       31385000	      3039	80000fdc	34202df3	csrrs	x27,mcause,x0	  x0:0x00000000 x27=0x8000000b
       31395000	      3040	80000fe0	01bd2023	sw	x27,0(x26)	 x26:0x8ffffffc x27:0x8000000b PA:0x8ffffffc store:0x8000000b load:0x00000000
       31405000	      3041	80000fe4	90000d37	lui	x26,0x90000	 x26=0x90000000
       31415000	      3042	80000fe8	1d71	c.addi	x26,-4	 x26:0x90000000 x26=0x8ffffffc
       31425000	      3043	80000fea	30400d93	addi	x27,x0,772	  x0:0x00000000 x27=0x00000304
       31435000	      3044	80000fee	0da2	c.slli	x27,0x8	 x27:0x00000304 x27=0x00030400
       31445000	      3045	80000ff0	0d8d	c.addi	x27,3	 x27:0x00030400 x27=0x00030403
       31455000	      3046	80000ff2	01bd2023	sw	x27,0(x26)	 x26:0x8ffffffc x27:0x00030403 PA:0x8ffffffc store:0x00030403 load:0x00000000
       31465000	      3047	80000ff6	30402df3	csrrs	x27,mie,x0	  x0:0x00000000 x27=0x00360888
       31475000	      3048	80000ffa	01bd2023	sw	x27,0(x26)	 x26:0x8ffffffc x27:0x00360888 PA:0x8ffffffc store:0x00360888 load:0x00000000
       31485000	      3049	80000ffe	90000d37	lui	x26,0x90000	 x26=0x90000000
       31495000	      3050	80001002	1d71	c.addi	x26,-4	 x26:0x90000000 x26=0x8ffffffc
       31505000	      3051	80001004	34400d93	addi	x27,x0,836	  x0:0x00000000 x27=0x00000344
       31515000	      3052	80001008	0da2	c.slli	x27,0x8	 x27:0x00000344 x27=0x00034400
       31525000	      3053	8000100a	0d8d	c.addi	x27,3	 x27:0x00034400 x27=0x00034403
       31535000	      3054	8000100c	01bd2023	sw	x27,0(x26)	 x26:0x8ffffffc x27:0x00034403 PA:0x8ffffffc store:0x00034403 load:0x00000000
       31545000	      3055	80001010	34402df3	csrrs	x27,mip,x0	  x0:0x00000000 x27=0x00000000
       31555000	      3056	80001014	01bd2023	sw	x27,0(x26)	 x26:0x8ffffffc x27:0x00000000 PA:0x8ffffffc store:0x00000000 load:0x00000000
       31565000	      3057	80001018	3141106f	jal	x0,8001232c	  x0=0x00000000
       31585000	      3059	8001232c	30002df3	csrrs	x27,mstatus,x0	  x0:0x00000000 x27=0x00000080
       31595000	      3060	80012330	30402df3	csrrs	x27,mie,x0	  x0:0x00000000 x27=0x00360888
       31605000	      3061	80012334	34402df3	csrrs	x27,mip,x0	  x0:0x00000000 x27=0x00000000
       31615000	      3062	80012338	344dbdf3	csrrc	x27,mip,x27	 x27:0x00000000 x27=0x00000000
       31645000	      3065	8001233c	90000d37	lui	x26,0x90000	 x26=0x90000000
       31655000	      3066	80012340	1d71	c.addi	x26,-4	 x26:0x90000000 x26=0x8ffffffc
       31665000	      3067	80012342	4d9d	c.li	x27,7	 x27=0x00000007
       31675000	      3068	80012344	0da2	c.slli	x27,0x8	 x27:0x00000007 x27=0x00000700
       31685000	      3069	80012346	000d8d93	addi	x27,x27,0	 x27:0x00000700 x27=0x00000700
       31695000	      3070	8001234a	01bd2023	sw	x27,0(x26)	 x26:0x8ffffffc x27:0x00000700 PA:0x8ffffffc store:0x00000700 load:0x00000000
       31705000	      3071	8001234e	00068bb3	add	x23,x13,x0	 x13:0x8002cc60  x0:0x00000000 x23=0x8002cc60
       31715000	      3072	80012352	004ba083	lw	x1,4(x23)	 x23:0x8002cc60  x1=0x800038fc PA:0x8002cc64 load:0x800038fc
       31725000	      3073	80012356	008ba103	lw	x2,8(x23)	 x23:0x8002cc60  x2=0xfffffd3f PA:0x8002cc68 load:0xfffffd3f
       31735000	      3074	8001235a	00cba183	lw	x3,12(x23)	 x23:0x8002cc60  x3=0x00000000 PA:0x8002cc6c load:0x00000000
       31745000	      3075	8001235e	010ba203	lw	x4,16(x23)	 x23:0x8002cc60  x4=0x00000000 PA:0x8002cc70 load:0x00000000
       31755000	      3076	80012362	014ba283	lw	x5,20(x23)	 x23:0x8002cc60  x5=0x00000006 PA:0x8002cc74 load:0x00000006
       31765000	      3077	80012366	018ba303	lw	x6,24(x23)	 x23:0x8002cc60  x6=0x80008ff2 PA:0x8002cc78 load:0x80008ff2
       31775000	      3078	8001236a	01cba383	lw	x7,28(x23)	 x23:0x8002cc60  x7=0x00000001 PA:0x8002cc7c load:0x00000001
       31785000	      3079	8001236e	020ba403	lw	x8,32(x23)	 x23:0x8002cc60  x8=0xffffffff PA:0x8002cc80 load:0xffffffff
       31795000	      3080	80012372	024ba483	lw	x9,36(x23)	 x23:0x8002cc60  x9=0xfffffffa PA:0x8002cc84 load:0xfffffffa
       31805000	      3081	80012376	028ba503	lw	x10,40(x23)	 x23:0x8002cc60 x10=0xfffffffe PA:0x8002cc88 load:0xfffffffe
       31815000	      3082	8001237a	02cba583	lw	x11,44(x23)	 x23:0x8002cc60 x11=0xf1e8b1fd PA:0x8002cc8c load:0xf1e8b1fd
       31825000	      3083	8001237e	030ba603	lw	x12,48(x23)	 x23:0x8002cc60 x12=0xffffffff PA:0x8002cc90 load:0xffffffff
       31835000	      3084	80012382	034ba683	lw	x13,52(x23)	 x23:0x8002cc60 x13=0x8002cce0 PA:0x8002cc94 load:0x8002cce0
       31845000	      3085	80012386	038ba703	lw	x14,56(x23)	 x23:0x8002cc60 x14=0xffffffff PA:0x8002cc98 load:0xffffffff
       31855000	      3086	8001238a	03cba783	lw	x15,60(x23)	 x23:0x8002cc60 x15=0x00001bc6 PA:0x8002cc9c load:0x00001bc6
       31865000	      3087	8001238e	040ba803	lw	x16,64(x23)	 x23:0x8002cc60 x16=0x00000000 PA:0x8002cca0 load:0x00000000
       31875000	      3088	80012392	044ba883	lw	x17,68(x23)	 x23:0x8002cc60 x17=0x84800000 PA:0x8002cca4 load:0x84800000
       31885000	      3089	80012396	048ba903	lw	x18,72(x23)	 x23:0x8002cc60 x18=0x5b9f3000 PA:0x8002cca8 load:0x5b9f3000
       31895000	      3090	8001239a	04cba983	lw	x19,76(x23)	 x23:0x8002cc60 x19=0x00000000 PA:0x8002ccac load:0x00000000
       31905000	      3091	8001239e	050baa03	lw	x20,80(x23)	 x23:0x8002cc60 x20=0x00000000 PA:0x8002ccb0 load:0x00000000
       31915000	      3092	800123a2	054baa83	lw	x21,84(x23)	 x23:0x8002cc60 x21=0xffffffff PA:0x8002ccb4 load:0xffffffff
       31925000	      3093	800123a6	058bab03	lw	x22,88(x23)	 x23:0x8002cc60 x22=0xf8f45112 PA:0x8002ccb8 load:0xf8f45112
       31935000	      3094	800123aa	05cbab83	lw	x23,92(x23)	 x23:0x8002cc60 x23=0x8002cc60 PA:0x8002ccbc load:0x8002cc60
       31955000	      3096	800123ae	060bac03	lw	x24,96(x23)	 x23:0x8002cc60 x24=0x00000004 PA:0x8002ccc0 load:0x00000004
       31965000	      3097	800123b2	064bac83	lw	x25,100(x23)	 x23:0x8002cc60 x25=0x000000bd PA:0x8002ccc4 load:0x000000bd
       31975000	      3098	800123b6	068bad03	lw	x26,104(x23)	 x23:0x8002cc60 x26=0x00000000 PA:0x8002ccc8 load:0x00000000
       31985000	      3099	800123ba	06cbad83	lw	x27,108(x23)	 x23:0x8002cc60 x27=0x00006000 PA:0x8002cccc load:0x00006000
       31995000	      3100	800123be	070bae03	lw	x28,112(x23)	 x23:0x8002cc60 x28=0x000007ff PA:0x8002ccd0 load:0x000007ff
       32005000	      3101	800123c2	074bae83	lw	x29,116(x23)	 x23:0x8002cc60 x29=0x0000004d PA:0x8002ccd4 load:0x0000004d
       32015000	      3102	800123c6	078baf03	lw	x30,120(x23)	 x23:0x8002cc60 x30=0xfffffe86 PA:0x8002ccd8 load:0xfffffe86
       32025000	      3103	800123ca	07cbaf83	lw	x31,124(x23)	 x23:0x8002cc60 x31=0x000001c0 PA:0x8002ccdc load:0x000001c0
       32035000	      3104	800123ce	080b8b93	addi	x23,x23,128	 x23:0x8002cc60 x23=0x8002cce0
       32045000	      3105	800123d2	000b86b3	add	x13,x23,x0	 x23:0x8002cce0  x0:0x00000000 x13=0x8002cce0
       32055000	      3106	800123d6	0006ab83	lw	x23,0(x13)	 x13:0x8002cce0 x23=0x80028e64 PA:0x8002cce0 load:0x80028e64
       32065000	      3107	800123da	0691	c.addi	x13,4	 x13:0x8002cce0 x13=0x8002cce4
       32075000	      3108	800123dc	30200073	mret	
       32105000	      3111	80008f34	9f90c893	xori	x17,x1,-1543	  x1:0x800038fc x17=0x7fffc105
       32115000	      3112	80008f38	87ee	c.mv	x15,x27	  x0:0x00000000 x27:0x00006000 x15=0x00006000
       32155000	      3116	80008f3a	03099a33	mulh	x20,x19,x16	 x19:0x00000000 x16:0x00000000 x20=0x00000000
       32195000	      3120	80008f3e	037e9533	mulh	x10,x29,x23	 x29:0x0000004d x23:0x80028e64 x10=0xffffffd9
       32205000	      3121	80008f42	0001	c.addi	x0,0	  x0:0x00000000  x0=0x00000000
       32215000	      3122	80008f44	a52be113	ori	x2,x23,-1454	 x23:0x80028e64  x2=0xfffffe76
       32225000	      3123	80008f48	1bc1	c.addi	x23,-16	 x23:0x80028e64 x23=0x80028e54
       32235000	      3124	80008f4a	011d8233	add	x4,x27,x17	 x27:0x00006000 x17:0x7fffc105  x4=0x80002105
       32245000	      3125	80008f4e	001ba223	sw	x1,4(x23)	 x23:0x80028e54  x1:0x800038fc PA:0x80028e58 store:0x800038fc load:0x00000000
       32615000	      3162	80008f52	03f661b3	rem	x3,x12,x31	 x12:0xffffffff x31:0x000001c0  x3=0xffffffff
       32625000	      3163	80008f56	00016e97	auipc	x29,0x16	 x29=0x8001ef56
       32635000	      3164	80008f5a	49ee8e93	addi	x29,x29,1182	 x29:0x8001ef56 x29=0x8001f3f4
       32645000	      3165	80008f5e	00019297	auipc	x5,0x19	  x5=0x80021f5e
       32655000	      3166	80008f62	fcf28293	addi	x5,x5,-49	  x5:0x80021f5e  x5=0x80021f2d
       32665000	      3167	80008f66	f87290a3	sh	x7,-127(x5)	  x5:0x80021f2d  x7:0x00000001 PA:0x80021eae store:0x00000001 load:0x00000000
       32675000	      3168	80008f6a	00017a97	auipc	x21,0x17	 x21=0x8001ff6a
       32685000	      3169	80008f6e	0d8a8a93	addi	x21,x21,216	 x21:0x8001ff6a x21=0x80020042
       32695000	      3170	80008f72	0162c703	lbu	x14,22(x5)	  x5:0x80021f2d x14=0x000000b3 PA:0x80021f43 load:0x000000b3
       32705000	      3171	80008f76	f64a8b03	lb	x22,-156(x21)	 x21:0x80020042 x22=0x0000005c PA:0x8001ffa6 load:0x0000005c
       32715000	      3172	80008f7a	b9be81a3	sb	x27,-1149(x29)	 x29:0x8001f3f4 x27:0x00006000 PA:0x8001ef77 store:0x00006000 load:0x00000000
       32725000	      3173	80008f7e	f10ac503	lbu	x10,-240(x21)	 x21:0x80020042 x10=0x00000014 PA:0x8001ff52 load:0x00000014
       32735000	      3174	80008f82	c9de8623	sb	x29,-884(x29)	 x29:0x8001f3f4 x29:0x8001f3f4 PA:0x8001f080 store:0x8001f3f4 load:0x00000000
       32745000	      3175	80008f86	f9bac703	lbu	x14,-101(x21)	 x21:0x80020042 x14=0x00000023 PA:0x8001ffdd load:0x00000023
       32755000	      3176	80008f8a	00028783	lb	x15,0(x5)	  x5:0x80021f2d x15=0x00000025 PA:0x80021f2d load:0x00000025
       32765000	      3177	80008f8e	025a8ba3	sb	x5,55(x21)	 x21:0x80020042  x5:0x80021f2d PA:0x80020079 store:0x80021f2d load:0x00000000
       32775000	      3178	80008f92	51bec383	lbu	x7,1307(x29)	 x29:0x8001f3f4  x7=0x000000c3 PA:0x8001f90f load:0x000000c3
       32785000	      3179	80008f96	f8f28203	lb	x4,-113(x5)	  x5:0x80021f2d  x4=0x0000005d PA:0x80021ebc load:0x0000005d
       32795000	      3180	80008f9a	0392cd83	lbu	x27,57(x5)	  x5:0x80021f2d x27=0x0000007f PA:0x80021f66 load:0x0000007f
       32805000	      3181	80008f9e	05cadf83	lhu	x31,92(x21)	 x21:0x80020042 x31=0x0000b2d8 PA:0x8002009e load:0x0000b2d8
       32815000	      3182	80008fa2	0cda9223	sh	x13,196(x21)	 x21:0x80020042 x13:0x8002cce4 PA:0x80020106 store:0x8002cce4 load:0x00000000
       32825000	      3183	80008fa6	fa0ac983	lbu	x19,-96(x21)	 x21:0x80020042 x19=0x000000cb PA:0x8001ffe2 load:0x000000cb
       32835000	      3184	80008faa	032eae23	sw	x18,60(x29)	 x29:0x8001f3f4 x18:0x5b9f3000 PA:0x8001f430 store:0x5b9f3000 load:0x00000000
       32845000	      3185	80008fae	fbda8003	lb	x0,-67(x21)	 x21:0x80020042  x0=0x00000000 PA:0x8001ffff load:0x0000005b
       32855000	      3186	80008fb2	0772a603	lw	x12,119(x5)	  x5:0x80021f2d x12=0x3e3d0cd6 PA:0x80021fa4 load:0x3e3d0cd6
       32865000	      3187	80008fb6	0f1a8fa3	sb	x17,255(x21)	 x21:0x80020042 x17:0x7fffc105 PA:0x80020141 store:0x7fffc105 load:0x00000000
       32875000	      3188	80008fba	859e9323	sh	x25,-1978(x29)	 x29:0x8001f3f4 x25:0x000000bd PA:0x8001ec3a store:0x000000bd load:0x00000000
       32885000	      3189	80008fbe	cffe8ba3	sb	x31,-777(x29)	 x29:0x8001f3f4 x31:0x0000b2d8 PA:0x8001f0eb store:0x0000b2d8 load:0x00000000
       32895000	      3190	80008fc2	ee2e9803	lh	x16,-286(x29)	 x29:0x8001f3f4 x16=0xffffcab8 PA:0x8001f2d6 load:0xffffcab8
       32905000	      3191	80008fc6	0d1a83a3	sb	x17,199(x21)	 x21:0x80020042 x17:0x7fffc105 PA:0x80020109 store:0x7fffc105 load:0x00000000
       32915000	      3192	80008fca	09e28103	lb	x2,158(x5)	  x5:0x80021f2d  x2=0x00000062 PA:0x80021fcb load:0x00000062
       32925000	      3193	80008fce	08928a03	lb	x20,137(x5)	  x5:0x80021f2d x20=0x00000070 PA:0x80021fb6 load:0x00000070
       32935000	      3194	80008fd2	7dee9303	lh	x6,2014(x29)	 x29:0x8001f3f4  x6=0x0000045e PA:0x8001fbd2 load:0x0000045e
       32945000	      3195	80008fd6	0000b197	auipc	x3,0xb	  x3=0x80013fd6
       32955000	      3196	80008fda	cfc18193	addi	x3,x3,-772	  x3:0x80013fd6  x3=0x80013cd2
       32965000	      3197	80008fde	bef18203	lb	x4,-1041(x3)	  x3:0x80013cd2  x4=0x0000006c PA:0x800138c1 load:0x0000006c
       32975000	      3198	80008fe2	ef918e03	lb	x28,-263(x3)	  x3:0x80013cd2 x28=0xffffffb6 PA:0x80013bcb load:0xffffffb6
       32985000	      3199	80008fe6	ef91ca03	lbu	x20,-263(x3)	  x3:0x80013cd2 x20=0x000000b6 PA:0x80013bcb load:0x000000b6
       32995000	      3200	80008fea	ef918403	lb	x8,-263(x3)	  x3:0x80013cd2  x8=0xffffffb6 PA:0x80013bcb load:0xffffffb6
       33005000	      3201	80008fee	ef91c903	lbu	x18,-263(x3)	  x3:0x80013cd2 x18=0x000000b6 PA:0x80013bcb load:0x000000b6
       33015000	      3202	80008ff2	9b21ac03	lw	x24,-1614(x3)	  x3:0x80013cd2 x24=0x0de3e7b8 PA:0x80013684 load:0x0de3e7b8
       33025000	      3203	80008ff6	bfe18fa3	sb	x30,-1025(x3)	  x3:0x80013cd2 x30:0xfffffe86 PA:0x800138d1 store:0xfffffe86 load:0x00000000
       33035000	      3204	80008ffa	c8f18e83	lb	x29,-881(x3)	  x3:0x80013cd2 x29=0x00000007 PA:0x80013961 load:0x00000007
       33045000	      3205	80008ffe	b931cd83	lbu	x27,-1133(x3)	  x3:0x80013cd2 x27=0x00000034 PA:0x80013865 load:0x00000034
       33055000	      3206	80009002	92d18e03	lb	x28,-1747(x3)	  x3:0x80013cd2 x28=0x00000019 PA:0x800135ff load:0x00000019
       33065000	      3207	80009006	00745633	srl	x12,x8,x7	  x8:0xffffffb6  x7:0x000000c3 x12=0x1ffffff6
       33075000	      3208	8000900a	92d18883	lb	x17,-1747(x3)	  x3:0x80013cd2 x17=0x00000019 PA:0x800135ff load:0x00000019
       33445000	      3245	8000900e	02ab7e33	remu	x28,x22,x10	 x22:0x0000005c x10:0x00000014 x28=0x0000000c
       33455000	      3246	80009012	92d18483	lb	x9,-1747(x3)	  x3:0x80013cd2  x9=0x00000019 PA:0x800135ff load:0x00000019
       33465000	      3247	80009016	2cc188a3	sb	x12,721(x3)	  x3:0x80013cd2 x12:0x1ffffff6 PA:0x80013fa3 store:0x1ffffff6 load:0x00000000
       33475000	      3248	8000901a	05319a23	sh	x19,84(x3)	  x3:0x80013cd2 x19:0x000000cb PA:0x80013d26 store:0x000000cb load:0x00000000
       33485000	      3249	8000901e	00018117	auipc	x2,0x18	  x2=0x8002101e
       33495000	      3250	80009022	79310113	addi	x2,x2,1939	  x2:0x8002101e  x2=0x800217b1
       33505000	      3251	80009026	8fd9	c.or	x15,x14	 x15:0x00000025 x14:0x00000023 x15=0x00000027
       33515000	      3252	80009028	8ff1	c.and	x15,x12	 x15:0x00000027 x12:0x1ffffff6 x15=0x00000026
       33525000	      3253	8000902a	0000100f	fence.i	
       33555000	      3256	8000902e	4191df93	srai	x31,x3,0x19	  x3:0x80013cd2 x31=0xffffffc0
       33565000	      3257	80009032	009bddb3	srl	x27,x23,x9	 x23:0x80028e54  x9:0x00000019 x27=0x00000040
       33575000	      3258	80009036	87b9	c.srai	x15,0xe	 x15:0x00000026 x15=0x00000000
       33585000	      3259	80009038	f5410aa3	sb	x20,-171(x2)	  x2:0x800217b1 x20:0x000000b6 PA:0x80021706 store:0x000000b6 load:0x00000000
       33625000	      3263	8000903c	0201a633	mulhsu	x12,x3,x0	  x3:0x80013cd2  x0:0x00000000 x12=0x00000000
       33635000	      3264	80009040	fbd11283	lh	x5,-67(x2)	  x2:0x800217b1  x5=0xffffd515 PA:0x8002176e load:0xffffd515
       33645000	      3265	80009044	8f0d	c.sub	x14,x11	 x14:0x00000023 x11:0xf1e8b1fd x14=0x0e174e26
       33675000	      3268	80009046	02d28d33	mul	x26,x5,x13	  x5:0xffffd515 x13:0x8002cce4 x26=0x07d082b4
       33685000	      3269	8000904a	0001	c.addi	x0,0	  x0:0x00000000  x0=0x00000000
       33695000	      3270	8000904c	05712a03	lw	x20,87(x2)	  x2:0x800217b1 x20=0x831ee1a0 PA:0x80021808 load:0x831ee1a0
       33705000	      3271	80009050	02f10923	sb	x15,50(x2)	  x2:0x800217b1 x15:0x00000000 PA:0x800217e3 store:0x00000000 load:0x00000000
       33745000	      3275	80009054	038d22b3	mulhsu	x5,x26,x24	 x26:0x07d082b4 x24:0x0de3e7b8  x5=0x006c8b99
       33755000	      3276	80009058	01d11c83	lh	x25,29(x2)	  x2:0x800217b1 x25=0xffff9b25 PA:0x800217ce load:0xffff9b25
       33765000	      3277	8000905c	f0b12d03	lw	x26,-245(x2)	  x2:0x800217b1 x26=0x8498c486 PA:0x800216bc load:0x8498c486
       33775000	      3278	80009060	886ea513	slti	x10,x29,-1914	 x29:0x00000007 x10=0x00000000
       33785000	      3279	80009064	40385d93	srai	x27,x16,0x3	 x16:0xffffcab8 x27=0xfffff957
       33795000	      3280	80009068	0000100f	fence.i	
       33835000	      3284	8000272c	fd8fe06f	jal	x0,80000f04	  x0=0x00000000
       33855000	      3286	80000f04	16f1	c.addi	x13,-4	 x13:0x8002cce4 x13=0x8002cce0
       33865000	      3287	80000f06	0176a023	sw	x23,0(x13)	 x13:0x8002cce0 x23:0x80028e54 PA:0x8002cce0 store:0x80028e54 load:0x00000000
       33875000	      3288	80000f0a	00068bb3	add	x23,x13,x0	 x13:0x8002cce0  x0:0x00000000 x23=0x8002cce0
       33885000	      3289	80000f0e	f80b8b93	addi	x23,x23,-128	 x23:0x8002cce0 x23=0x8002cc60
       33895000	      3290	80000f12	001ba223	sw	x1,4(x23)	 x23:0x8002cc60  x1:0x800038fc PA:0x8002cc64 store:0x800038fc load:0x00000000
       33905000	      3291	80000f16	002ba423	sw	x2,8(x23)	 x23:0x8002cc60  x2:0x800217b1 PA:0x8002cc68 store:0x800217b1 load:0x00000000
       33915000	      3292	80000f1a	003ba623	sw	x3,12(x23)	 x23:0x8002cc60  x3:0x80013cd2 PA:0x8002cc6c store:0x80013cd2 load:0x00000000
       33925000	      3293	80000f1e	004ba823	sw	x4,16(x23)	 x23:0x8002cc60  x4:0x0000006c PA:0x8002cc70 store:0x0000006c load:0x00000000
       33935000	      3294	80000f22	005baa23	sw	x5,20(x23)	 x23:0x8002cc60  x5:0x006c8b99 PA:0x8002cc74 store:0x006c8b99 load:0x00000000
       33945000	      3295	80000f26	006bac23	sw	x6,24(x23)	 x23:0x8002cc60  x6:0x0000045e PA:0x8002cc78 store:0x0000045e load:0x00000000
       33955000	      3296	80000f2a	007bae23	sw	x7,28(x23)	 x23:0x8002cc60  x7:0x000000c3 PA:0x8002cc7c store:0x000000c3 load:0x00000000
       33965000	      3297	80000f2e	028ba023	sw	x8,32(x23)	 x23:0x8002cc60  x8:0xffffffb6 PA:0x8002cc80 store:0xffffffb6 load:0x00000000
       33975000	      3298	80000f32	029ba223	sw	x9,36(x23)	 x23:0x8002cc60  x9:0x00000019 PA:0x8002cc84 store:0x00000019 load:0x00000000
       33985000	      3299	80000f36	02aba423	sw	x10,40(x23)	 x23:0x8002cc60 x10:0x00000000 PA:0x8002cc88 store:0x00000000 load:0x00000000
       33995000	      3300	80000f3a	02bba623	sw	x11,44(x23)	 x23:0x8002cc60 x11:0xf1e8b1fd PA:0x8002cc8c store:0xf1e8b1fd load:0x00000000
       34005000	      3301	80000f3e	02cba823	sw	x12,48(x23)	 x23:0x8002cc60 x12:0x00000000 PA:0x8002cc90 store:0x00000000 load:0x00000000
       34015000	      3302	80000f42	02dbaa23	sw	x13,52(x23)	 x23:0x8002cc60 x13:0x8002cce0 PA:0x8002cc94 store:0x8002cce0 load:0x00000000
       34025000	      3303	80000f46	02ebac23	sw	x14,56(x23)	 x23:0x8002cc60 x14:0x0e174e26 PA:0x8002cc98 store:0x0e174e26 load:0x00000000
       34035000	      3304	80000f4a	02fbae23	sw	x15,60(x23)	 x23:0x8002cc60 x15:0x00000000 PA:0x8002cc9c store:0x00000000 load:0x00000000
       34045000	      3305	80000f4e	050ba023	sw	x16,64(x23)	 x23:0x8002cc60 x16:0xffffcab8 PA:0x8002cca0 store:0xffffcab8 load:0x00000000
       34055000	      3306	80000f52	051ba223	sw	x17,68(x23)	 x23:0x8002cc60 x17:0x00000019 PA:0x8002cca4 store:0x00000019 load:0x00000000
       34065000	      3307	80000f56	052ba423	sw	x18,72(x23)	 x23:0x8002cc60 x18:0x000000b6 PA:0x8002cca8 store:0x000000b6 load:0x00000000
       34075000	      3308	80000f5a	053ba623	sw	x19,76(x23)	 x23:0x8002cc60 x19:0x000000cb PA:0x8002ccac store:0x000000cb load:0x00000000
       34085000	      3309	80000f5e	054ba823	sw	x20,80(x23)	 x23:0x8002cc60 x20:0x831ee1a0 PA:0x8002ccb0 store:0x831ee1a0 load:0x00000000
       34095000	      3310	80000f62	055baa23	sw	x21,84(x23)	 x23:0x8002cc60 x21:0x80020042 PA:0x8002ccb4 store:0x80020042 load:0x00000000
       34105000	      3311	80000f66	056bac23	sw	x22,88(x23)	 x23:0x8002cc60 x22:0x0000005c PA:0x8002ccb8 store:0x0000005c load:0x00000000
       34115000	      3312	80000f6a	057bae23	sw	x23,92(x23)	 x23:0x8002cc60 x23:0x8002cc60 PA:0x8002ccbc store:0x8002cc60 load:0x00000000
       34125000	      3313	80000f6e	078ba023	sw	x24,96(x23)	 x23:0x8002cc60 x24:0x0de3e7b8 PA:0x8002ccc0 store:0x0de3e7b8 load:0x00000000
       34135000	      3314	80000f72	079ba223	sw	x25,100(x23)	 x23:0x8002cc60 x25:0xffff9b25 PA:0x8002ccc4 store:0xffff9b25 load:0x00000000
       34145000	      3315	80000f76	07aba423	sw	x26,104(x23)	 x23:0x8002cc60 x26:0x8498c486 PA:0x8002ccc8 store:0x8498c486 load:0x00000000
       34155000	      3316	80000f7a	07bba623	sw	x27,108(x23)	 x23:0x8002cc60 x27:0xfffff957 PA:0x8002cccc store:0xfffff957 load:0x00000000
       34165000	      3317	80000f7e	07cba823	sw	x28,112(x23)	 x23:0x8002cc60 x28:0x0000000c PA:0x8002ccd0 store:0x0000000c load:0x00000000
       34175000	      3318	80000f82	07dbaa23	sw	x29,116(x23)	 x23:0x8002cc60 x29:0x00000007 PA:0x8002ccd4 store:0x00000007 load:0x00000000
       34185000	      3319	80000f86	07ebac23	sw	x30,120(x23)	 x23:0x8002cc60 x30:0xfffffe86 PA:0x8002ccd8 store:0xfffffe86 load:0x00000000
       34195000	      3320	80000f8a	07fbae23	sw	x31,124(x23)	 x23:0x8002cc60 x31:0xffffffc0 PA:0x8002ccdc store:0xffffffc0 load:0x00000000
       34205000	      3321	80000f8e	000b86b3	add	x13,x23,x0	 x23:0x8002cc60  x0:0x00000000 x13=0x8002cc60
       34215000	      3322	80000f92	90000d37	lui	x26,0x90000	 x26=0x90000000
       34225000	      3323	80000f96	1d71	c.addi	x26,-4	 x26:0x90000000 x26=0x8ffffffc
       34235000	      3324	80000f98	4d99	c.li	x27,6	 x27=0x00000006
       34245000	      3325	80000f9a	0da2	c.slli	x27,0x8	 x27:0x00000006 x27=0x00000600
       34255000	      3326	80000f9c	000d8d93	addi	x27,x27,0	 x27:0x00000600 x27=0x00000600
       34265000	      3327	80000fa0	01bd2023	sw	x27,0(x26)	 x26:0x8ffffffc x27:0x00000600 PA:0x8ffffffc store:0x00000600 load:0x00000000
       34275000	      3328	80000fa4	34202df3	csrrs	x27,mcause,x0	  x0:0x00000000 x27=0x8000000b
       34285000	      3329	80000fa8	01fddd93	srli	x27,x27,0x1f	 x27:0x8000000b x27=0x00000001
       34295000	      3330	80000fac	060d8863	beq	x27,x0,8000101c	 x27:0x00000001  x0:0x00000000
       34305000	      3331	80000fb0	90000d37	lui	x26,0x90000	 x26=0x90000000
       34315000	      3332	80000fb4	1d71	c.addi	x26,-4	 x26:0x90000000 x26=0x8ffffffc
       34325000	      3333	80000fb6	30000d93	addi	x27,x0,768	  x0:0x00000000 x27=0x00000300
       34335000	      3334	80000fba	0da2	c.slli	x27,0x8	 x27:0x00000300 x27=0x00030000
       34345000	      3335	80000fbc	0d8d	c.addi	x27,3	 x27:0x00030000 x27=0x00030003
       34355000	      3336	80000fbe	01bd2023	sw	x27,0(x26)	 x26:0x8ffffffc x27:0x00030003 PA:0x8ffffffc store:0x00030003 load:0x00000000
       34365000	      3337	80000fc2	30002df3	csrrs	x27,mstatus,x0	  x0:0x00000000 x27=0x00000080
       34375000	      3338	80000fc6	01bd2023	sw	x27,0(x26)	 x26:0x8ffffffc x27:0x00000080 PA:0x8ffffffc store:0x00000080 load:0x00000000
       34385000	      3339	80000fca	90000d37	lui	x26,0x90000	 x26=0x90000000
       34395000	      3340	80000fce	1d71	c.addi	x26,-4	 x26:0x90000000 x26=0x8ffffffc
       34405000	      3341	80000fd0	34200d93	addi	x27,x0,834	  x0:0x00000000 x27=0x00000342
       34415000	      3342	80000fd4	0da2	c.slli	x27,0x8	 x27:0x00000342 x27=0x00034200
       34425000	      3343	80000fd6	0d8d	c.addi	x27,3	 x27:0x00034200 x27=0x00034203
       34435000	      3344	80000fd8	01bd2023	sw	x27,0(x26)	 x26:0x8ffffffc x27:0x00034203 PA:0x8ffffffc store:0x00034203 load:0x00000000
       34445000	      3345	80000fdc	34202df3	csrrs	x27,mcause,x0	  x0:0x00000000 x27=0x8000000b
       34455000	      3346	80000fe0	01bd2023	sw	x27,0(x26)	 x26:0x8ffffffc x27:0x8000000b PA:0x8ffffffc store:0x8000000b load:0x00000000
       34465000	      3347	80000fe4	90000d37	lui	x26,0x90000	 x26=0x90000000
       34475000	      3348	80000fe8	1d71	c.addi	x26,-4	 x26:0x90000000 x26=0x8ffffffc
       34485000	      3349	80000fea	30400d93	addi	x27,x0,772	  x0:0x00000000 x27=0x00000304
       34495000	      3350	80000fee	0da2	c.slli	x27,0x8	 x27:0x00000304 x27=0x00030400
       34505000	      3351	80000ff0	0d8d	c.addi	x27,3	 x27:0x00030400 x27=0x00030403
       34515000	      3352	80000ff2	01bd2023	sw	x27,0(x26)	 x26:0x8ffffffc x27:0x00030403 PA:0x8ffffffc store:0x00030403 load:0x00000000
       34525000	      3353	80000ff6	30402df3	csrrs	x27,mie,x0	  x0:0x00000000 x27=0x00360888
       34535000	      3354	80000ffa	01bd2023	sw	x27,0(x26)	 x26:0x8ffffffc x27:0x00360888 PA:0x8ffffffc store:0x00360888 load:0x00000000
       34545000	      3355	80000ffe	90000d37	lui	x26,0x90000	 x26=0x90000000
       34555000	      3356	80001002	1d71	c.addi	x26,-4	 x26:0x90000000 x26=0x8ffffffc
       34565000	      3357	80001004	34400d93	addi	x27,x0,836	  x0:0x00000000 x27=0x00000344
       34575000	      3358	80001008	0da2	c.slli	x27,0x8	 x27:0x00000344 x27=0x00034400
       34585000	      3359	8000100a	0d8d	c.addi	x27,3	 x27:0x00034400 x27=0x00034403
       34595000	      3360	8000100c	01bd2023	sw	x27,0(x26)	 x26:0x8ffffffc x27:0x00034403 PA:0x8ffffffc store:0x00034403 load:0x00000000
       34605000	      3361	80001010	34402df3	csrrs	x27,mip,x0	  x0:0x00000000 x27=0x00000000
       34615000	      3362	80001014	01bd2023	sw	x27,0(x26)	 x26:0x8ffffffc x27:0x00000000 PA:0x8ffffffc store:0x00000000 load:0x00000000
       34625000	      3363	80001018	3141106f	jal	x0,8001232c	  x0=0x00000000
       34645000	      3365	8001232c	30002df3	csrrs	x27,mstatus,x0	  x0:0x00000000 x27=0x00000080
       34655000	      3366	80012330	30402df3	csrrs	x27,mie,x0	  x0:0x00000000 x27=0x00360888
       34665000	      3367	80012334	34402df3	csrrs	x27,mip,x0	  x0:0x00000000 x27=0x00000000
       34675000	      3368	80012338	344dbdf3	csrrc	x27,mip,x27	 x27:0x00000000 x27=0x00000000
       34705000	      3371	8001233c	90000d37	lui	x26,0x90000	 x26=0x90000000
       34715000	      3372	80012340	1d71	c.addi	x26,-4	 x26:0x90000000 x26=0x8ffffffc
       34725000	      3373	80012342	4d9d	c.li	x27,7	 x27=0x00000007
       34735000	      3374	80012344	0da2	c.slli	x27,0x8	 x27:0x00000007 x27=0x00000700
       34745000	      3375	80012346	000d8d93	addi	x27,x27,0	 x27:0x00000700 x27=0x00000700
       34755000	      3376	8001234a	01bd2023	sw	x27,0(x26)	 x26:0x8ffffffc x27:0x00000700 PA:0x8ffffffc store:0x00000700 load:0x00000000
       34765000	      3377	8001234e	00068bb3	add	x23,x13,x0	 x13:0x8002cc60  x0:0x00000000 x23=0x8002cc60
       34775000	      3378	80012352	004ba083	lw	x1,4(x23)	 x23:0x8002cc60  x1=0x800038fc PA:0x8002cc64 load:0x800038fc
       34785000	      3379	80012356	008ba103	lw	x2,8(x23)	 x23:0x8002cc60  x2=0x800217b1 PA:0x8002cc68 load:0x800217b1
       34795000	      3380	8001235a	00cba183	lw	x3,12(x23)	 x23:0x8002cc60  x3=0x80013cd2 PA:0x8002cc6c load:0x80013cd2
       34805000	      3381	8001235e	010ba203	lw	x4,16(x23)	 x23:0x8002cc60  x4=0x0000006c PA:0x8002cc70 load:0x0000006c
       34815000	      3382	80012362	014ba283	lw	x5,20(x23)	 x23:0x8002cc60  x5=0x006c8b99 PA:0x8002cc74 load:0x006c8b99
       34825000	      3383	80012366	018ba303	lw	x6,24(x23)	 x23:0x8002cc60  x6=0x0000045e PA:0x8002cc78 load:0x0000045e
       34835000	      3384	8001236a	01cba383	lw	x7,28(x23)	 x23:0x8002cc60  x7=0x000000c3 PA:0x8002cc7c load:0x000000c3
       34845000	      3385	8001236e	020ba403	lw	x8,32(x23)	 x23:0x8002cc60  x8=0xffffffb6 PA:0x8002cc80 load:0xffffffb6
       34855000	      3386	80012372	024ba483	lw	x9,36(x23)	 x23:0x8002cc60  x9=0x00000019 PA:0x8002cc84 load:0x00000019
       34865000	      3387	80012376	028ba503	lw	x10,40(x23)	 x23:0x8002cc60 x10=0x00000000 PA:0x8002cc88 load:0x00000000
       34875000	      3388	8001237a	02cba583	lw	x11,44(x23)	 x23:0x8002cc60 x11=0xf1e8b1fd PA:0x8002cc8c load:0xf1e8b1fd
       34885000	      3389	8001237e	030ba603	lw	x12,48(x23)	 x23:0x8002cc60 x12=0x00000000 PA:0x8002cc90 load:0x00000000
       34895000	      3390	80012382	034ba683	lw	x13,52(x23)	 x23:0x8002cc60 x13=0x8002cce0 PA:0x8002cc94 load:0x8002cce0
       34905000	      3391	80012386	038ba703	lw	x14,56(x23)	 x23:0x8002cc60 x14=0x0e174e26 PA:0x8002cc98 load:0x0e174e26
       34915000	      3392	8001238a	03cba783	lw	x15,60(x23)	 x23:0x8002cc60 x15=0x00000000 PA:0x8002cc9c load:0x00000000
       34925000	      3393	8001238e	040ba803	lw	x16,64(x23)	 x23:0x8002cc60 x16=0xffffcab8 PA:0x8002cca0 load:0xffffcab8
       34935000	      3394	80012392	044ba883	lw	x17,68(x23)	 x23:0x8002cc60 x17=0x00000019 PA:0x8002cca4 load:0x00000019
       34945000	      3395	80012396	048ba903	lw	x18,72(x23)	 x23:0x8002cc60 x18=0x000000b6 PA:0x8002cca8 load:0x000000b6
       34955000	      3396	8001239a	04cba983	lw	x19,76(x23)	 x23:0x8002cc60 x19=0x000000cb PA:0x8002ccac load:0x000000cb
       34965000	      3397	8001239e	050baa03	lw	x20,80(x23)	 x23:0x8002cc60 x20=0x831ee1a0 PA:0x8002ccb0 load:0x831ee1a0
       34975000	      3398	800123a2	054baa83	lw	x21,84(x23)	 x23:0x8002cc60 x21=0x80020042 PA:0x8002ccb4 load:0x80020042
       34985000	      3399	800123a6	058bab03	lw	x22,88(x23)	 x23:0x8002cc60 x22=0x0000005c PA:0x8002ccb8 load:0x0000005c
       34995000	      3400	800123aa	05cbab83	lw	x23,92(x23)	 x23:0x8002cc60 x23=0x8002cc60 PA:0x8002ccbc load:0x8002cc60
       35015000	      3402	800123ae	060bac03	lw	x24,96(x23)	 x23:0x8002cc60 x24=0x0de3e7b8 PA:0x8002ccc0 load:0x0de3e7b8
       35025000	      3403	800123b2	064bac83	lw	x25,100(x23)	 x23:0x8002cc60 x25=0xffff9b25 PA:0x8002ccc4 load:0xffff9b25
       35035000	      3404	800123b6	068bad03	lw	x26,104(x23)	 x23:0x8002cc60 x26=0x8498c486 PA:0x8002ccc8 load:0x8498c486
       35045000	      3405	800123ba	06cbad83	lw	x27,108(x23)	 x23:0x8002cc60 x27=0xfffff957 PA:0x8002cccc load:0xfffff957
       35055000	      3406	800123be	070bae03	lw	x28,112(x23)	 x23:0x8002cc60 x28=0x0000000c PA:0x8002ccd0 load:0x0000000c
       35065000	      3407	800123c2	074bae83	lw	x29,116(x23)	 x23:0x8002cc60 x29=0x00000007 PA:0x8002ccd4 load:0x00000007
       35075000	      3408	800123c6	078baf03	lw	x30,120(x23)	 x23:0x8002cc60 x30=0xfffffe86 PA:0x8002ccd8 load:0xfffffe86
       35085000	      3409	800123ca	07cbaf83	lw	x31,124(x23)	 x23:0x8002cc60 x31=0xffffffc0 PA:0x8002ccdc load:0xffffffc0
       35095000	      3410	800123ce	080b8b93	addi	x23,x23,128	 x23:0x8002cc60 x23=0x8002cce0
       35105000	      3411	800123d2	000b86b3	add	x13,x23,x0	 x23:0x8002cce0  x0:0x00000000 x13=0x8002cce0
       35115000	      3412	800123d6	0006ab83	lw	x23,0(x13)	 x13:0x8002cce0 x23=0x80028e54 PA:0x8002cce0 load:0x80028e54
       35125000	      3413	800123da	0691	c.addi	x13,4	 x13:0x8002cce0 x13=0x8002cce4
       35135000	      3414	800123dc	30200073	mret	
       35165000	      3417	8000906c	f7111203	lh	x4,-143(x2)	  x2:0x800217b1  x4=0xffffacc0 PA:0x80021722 load:0xffffacc0
       35175000	      3418	80009070	01114983	lbu	x19,17(x2)	  x2:0x800217b1 x19=0x0000009a PA:0x800217c2 load:0x0000009a
       35185000	      3419	80009074	06f15503	lhu	x10,111(x2)	  x2:0x800217b1 x10=0x000022df PA:0x80021820 load:0x000022df
       35195000	      3420	80009078	0ac14e03	lbu	x28,172(x2)	  x2:0x800217b1 x28=0x000000d9 PA:0x8002185d load:0x000000d9
       35205000	      3421	8000907c	01a14203	lbu	x4,26(x2)	  x2:0x800217b1  x4=0x000000a0 PA:0x800217cb load:0x000000a0
       35215000	      3422	80009080	8b36	c.mv	x22,x13	  x0:0x00000000 x13:0x8002cce4 x22=0x8002cce4
       35235000	      3424	80009082	02067333	remu	x6,x12,x0	 x12:0x00000000  x0:0x00000000  x6=0x00000000
       35245000	      3425	80009086	0c710c23	sb	x7,216(x2)	  x2:0x800217b1  x7:0x000000c3 PA:0x80021889 store:0x000000c3 load:0x00000000
       35255000	      3426	8000908a	f0810383	lb	x7,-248(x2)	  x2:0x800217b1  x7=0xffffff97 PA:0x800216b9 load:0xffffff97
       35265000	      3427	8000908e	08b11983	lh	x19,139(x2)	  x2:0x800217b1 x19=0xffffe0b4 PA:0x8002183c load:0xffffe0b4
       35635000	      3464	80009092	0364e833	rem	x16,x9,x22	  x9:0x00000019 x22:0x8002cce4 x16=0x00000019
       35645000	      3465	80009096	00414703	lbu	x14,4(x2)	  x2:0x800217b1 x14=0x0000005d PA:0x800217b5 load:0x0000005d
       35655000	      3466	8000909a	f9c10e83	lb	x29,-100(x2)	  x2:0x800217b1 x29=0x00000000 PA:0x8002174d load:0x00000000
       35665000	      3467	8000909e	0a214883	lbu	x17,162(x2)	  x2:0x800217b1 x17=0x00000035 PA:0x80021853 load:0x00000035
       35675000	      3468	800090a2	fa511803	lh	x16,-91(x2)	  x2:0x800217b1 x16=0xffffd4da PA:0x80021756 load:0xffffd4da
       35685000	      3469	800090a6	f0715b03	lhu	x22,-249(x2)	  x2:0x800217b1 x22=0x000097c2 PA:0x800216b8 load:0x000097c2
       35695000	      3470	800090aa	0fb14e03	lbu	x28,251(x2)	  x2:0x800217b1 x28=0x000000c1 PA:0x800218ac load:0x000000c1
       35705000	      3471	800090ae	f9820813	addi	x16,x4,-104	  x4:0x000000a0 x16=0x00000038
       35715000	      3472	800090b2	d0100937	lui	x18,0xd0100	 x18=0xd0100000
       35725000	      3473	800090b6	e8e46993	ori	x19,x8,-370	  x8:0xffffffb6 x19=0xffffffbe
       35735000	      3474	800090ba	8535	c.srai	x10,0xd	 x10:0x000022df x10=0x00000001
       35745000	      3475	800090bc	0bd100a3	sb	x29,161(x2)	  x2:0x800217b1 x29:0x00000000 PA:0x80021852 store:0x00000000 load:0x00000000
       35755000	      3476	800090c0	e63ecd93	xori	x27,x29,-413	 x29:0x00000000 x27=0xfffffe63
       35765000	      3477	800090c4	01ad09b3	add	x19,x26,x26	 x26:0x8498c486 x26:0x8498c486 x19=0x0931890c
       35805000	      3481	800090c8	03a4b433	mulhu	x8,x9,x26	  x9:0x00000019 x26:0x8498c486  x8=0x0000000c
       35815000	      3482	800090cc	5172f893	andi	x17,x5,1303	  x5:0x006c8b99 x17=0x00000111
       35825000	      3483	800090d0	8009	c.srli	x8,0x2	  x8:0x0000000c  x8=0x00000003
       35835000	      3484	800090d2	f3f107a3	sb	x31,-209(x2)	  x2:0x800217b1 x31:0xffffffc0 PA:0x800216e0 store:0xffffffc0 load:0x00000000
       35845000	      3485	800090d6	001b0e33	add	x28,x22,x1	 x22:0x000097c2  x1:0x800038fc x28=0x8000d0be
       35855000	      3486	800090da	f5714e03	lbu	x28,-169(x2)	  x2:0x800217b1 x28=0x00000097 PA:0x80021708 load:0x00000097
       35865000	      3487	800090de	0000a197	auipc	x3,0xa	  x3=0x800130de
       35875000	      3488	800090e2	56d18193	addi	x3,x3,1389	  x3:0x800130de  x3=0x8001364b
       35885000	      3489	800090e6	fc91c403	lbu	x8,-55(x3)	  x3:0x8001364b  x8=0x00000001 PA:0x80013614 load:0x00000001
       35895000	      3490	800090ea	0000a297	auipc	x5,0xa	  x5=0x800130ea
       35905000	      3491	800090ee	7b228293	addi	x5,x5,1970	  x5:0x800130ea  x5=0x8001389c
       35915000	      3492	800090f2	0000a617	auipc	x12,0xa	 x12=0x800130f2
       35925000	      3493	800090f6	46560613	addi	x12,x12,1125	 x12:0x800130f2 x12=0x80013557
       35935000	      3494	800090fa	ff060c83	lb	x25,-16(x12)	 x12:0x80013557 x25=0xffffff8f PA:0x80013547 load:0xffffff8f
       35945000	      3495	800090fe	fe765903	lhu	x18,-25(x12)	 x12:0x80013557 x18=0x000085fb PA:0x8001353e load:0x000085fb
       35955000	      3496	80009102	0be2a823	sw	x30,176(x5)	  x5:0x8001389c x30:0xfffffe86 PA:0x8001394c store:0xfffffe86 load:0x00000000
       35965000	      3497	80009106	04064303	lbu	x6,64(x12)	 x12:0x80013557  x6=0x000000f2 PA:0x80013597 load:0x000000f2
       35975000	      3498	8000910a	fc260f83	lb	x31,-62(x12)	 x12:0x80013557 x31=0xffffffc6 PA:0x80013519 load:0xffffffc6
       35985000	      3499	8000910e	ffc60203	lb	x4,-4(x12)	 x12:0x80013557  x4=0xffffffa0 PA:0x80013553 load:0xffffffa0
       35995000	      3500	80009112	fc71d303	lhu	x6,-57(x3)	  x3:0x8001364b  x6=0x00000a8e PA:0x80013612 load:0x00000a8e
       36005000	      3501	80009116	f5928083	lb	x1,-167(x5)	  x5:0x8001389c  x1=0x00000051 PA:0x800137f5 load:0x00000051
       36015000	      3502	8000911a	03119c83	lh	x25,49(x3)	  x3:0x8001364b x25=0x00006197 PA:0x8001367c load:0x00006197
       36025000	      3503	8000911e	fd018ca3	sb	x16,-39(x3)	  x3:0x8001364b x16:0x00000038 PA:0x80013624 store:0x00000038 load:0x00000000
       36035000	      3504	80009122	f41280a3	sb	x1,-191(x5)	  x5:0x8001389c  x1:0x00000051 PA:0x800137dd store:0x00000051 load:0x00000000
       36045000	      3505	80009126	03464503	lbu	x10,52(x12)	 x12:0x80013557 x10=0x000000c3 PA:0x8001358b load:0x000000c3
       36055000	      3506	8000912a	0cf2c483	lbu	x9,207(x5)	  x5:0x8001389c  x9=0x000000c0 PA:0x8001396b load:0x000000c0
       36065000	      3507	8000912e	fe360803	lb	x16,-29(x12)	 x12:0x80013557 x16=0xffffff86 PA:0x8001353a load:0xffffff86
       36075000	      3508	80009132	00f185a3	sb	x15,11(x3)	  x3:0x8001364b x15:0x00000000 PA:0x80013656 store:0x00000000 load:0x00000000
       36085000	      3509	80009136	f1629083	lh	x1,-234(x5)	  x5:0x8001389c  x1=0x000060ad PA:0x800137b2 load:0x000060ad
       36095000	      3510	8000913a	049284a3	sb	x9,73(x5)	  x5:0x8001389c  x9:0x000000c0 PA:0x800138e5 store:0x000000c0 load:0x00000000
       36105000	      3511	8000913e	00011397	auipc	x7,0x11	  x7=0x8001a13e
       36115000	      3512	80009142	96938393	addi	x7,x7,-1687	  x7:0x8001a13e  x7=0x80019aa7
       36125000	      3513	80009146	0000e097	auipc	x1,0xe	  x1=0x80017146
       36135000	      3514	8000914a	bc808093	addi	x1,x1,-1080	  x1:0x80017146  x1=0x80016d0e
       36145000	      3515	8000914e	001396a3	sh	x1,13(x7)	  x7:0x80019aa7  x1:0x80016d0e PA:0x80019ab4 store:0x80016d0e load:0x00000000
       36155000	      3516	80009152	00e0a003	lw	x0,14(x1)	  x1:0x80016d0e  x0=0x00000000 PA:0x80016d1c load:0x0fe3e529
       36165000	      3517	80009156	fec08da3	sb	x12,-5(x1)	  x1:0x80016d0e x12:0x80013557 PA:0x80016d09 store:0x80013557 load:0x00000000
       36175000	      3518	8000915a	00c391a3	sh	x12,3(x7)	  x7:0x80019aa7 x12:0x80013557 PA:0x80019aaa store:0x80013557 load:0x00000000
       36185000	      3519	8000915e	00d09123	sh	x13,2(x1)	  x1:0x80016d0e x13:0x8002cce4 PA:0x80016d10 store:0x8002cce4 load:0x00000000
       36195000	      3520	80009162	01b084a3	sb	x27,9(x1)	  x1:0x80016d0e x27:0xfffffe63 PA:0x80016d17 store:0xfffffe63 load:0x00000000
       36205000	      3521	80009166	00f38423	sb	x15,8(x7)	  x7:0x80019aa7 x15:0x00000000 PA:0x80019aaf store:0x00000000 load:0x00000000
       36215000	      3522	8000916a	00208c83	lb	x25,2(x1)	  x1:0x80016d0e x25=0xffffffe4 PA:0x80016d10 load:0xffffffe4
       36225000	      3523	8000916e	ffe0dd83	lhu	x27,-2(x1)	  x1:0x80016d0e x27=0x0000dc8a PA:0x80016d0c load:0x0000dc8a
       36235000	      3524	80009172	ff73dc83	lhu	x25,-9(x7)	  x7:0x80019aa7 x25=0x0000c595 PA:0x80019a9e load:0x0000c595
       36245000	      3525	80009176	00838323	sb	x8,6(x7)	  x7:0x80019aa7  x8:0x00000001 PA:0x80019aad store:0x00000001 load:0x00000000
       36255000	      3526	8000917a	00738f03	lb	x30,7(x7)	  x7:0x80019aa7 x30=0x00000063 PA:0x80019aae load:0x00000063
       36265000	      3527	8000917e	fe908fa3	sb	x9,-1(x1)	  x1:0x80016d0e  x9:0x000000c0 PA:0x80016d0d store:0x000000c0 load:0x00000000
       36275000	      3528	80009182	00838a83	lb	x21,8(x7)	  x7:0x80019aa7 x21=0x00000000 PA:0x80019aaf load:0x00000000
       36285000	      3529	80009186	0000ad97	auipc	x27,0xa	 x27=0x80013186
       36295000	      3530	8000918a	3eed8d93	addi	x27,x27,1006	 x27:0x80013186 x27=0x80013574
       36305000	      3531	8000918e	0001b397	auipc	x7,0x1b	  x7=0x8002418e
       36315000	      3532	80009192	e9238393	addi	x7,x7,-366	  x7:0x8002418e  x7=0x80024020
       36325000	      3533	80009196	f783af83	lw	x31,-136(x7)	  x7:0x80024020 x31=0xb5887d2c PA:0x80023f98 load:0xb5887d2c
       36335000	      3534	8000919a	fa638e23	sb	x6,-68(x7)	  x7:0x80024020  x6:0x00000a8e PA:0x80023fdc store:0x00000a8e load:0x00000000
       36345000	      3535	8000919e	f1938b23	sb	x25,-234(x7)	  x7:0x80024020 x25:0x0000c595 PA:0x80023f36 store:0x0000c595 load:0x00000000
       36355000	      3536	800091a2	fcedd803	lhu	x16,-50(x27)	 x27:0x80013574 x16=0x0000ab66 PA:0x80013542 load:0x0000ab66
       36365000	      3537	800091a6	f1b3c883	lbu	x17,-229(x7)	  x7:0x80024020 x17=0x000000f9 PA:0x80023f3b load:0x000000f9
       36375000	      3538	800091aa	03cdcb03	lbu	x22,60(x27)	 x27:0x80013574 x22=0x00000014 PA:0x800135b0 load:0x00000014
       36385000	      3539	800091ae	01b38c03	lb	x24,27(x7)	  x7:0x80024020 x24=0xffffffa6 PA:0x8002403b load:0xffffffa6
       36395000	      3540	800091b2	03ed9a03	lh	x20,62(x27)	 x27:0x80013574 x20=0xffff9123 PA:0x800135b2 load:0xffff9123
       36405000	      3541	800091b6	01cd8fa3	sb	x28,31(x27)	 x27:0x80013574 x28:0x00000097 PA:0x80013593 store:0x00000097 load:0x00000000
       36415000	      3542	800091ba	ff5da623	sw	x21,-20(x27)	 x27:0x80013574 x21:0x00000000 PA:0x80013560 store:0x00000000 load:0x00000000
       36425000	      3543	800091be	ffe3d703	lhu	x14,-2(x7)	  x7:0x80024020 x14=0x00006309 PA:0x8002401e load:0x00006309
       36435000	      3544	800091c2	fc4d8b03	lb	x22,-60(x27)	 x27:0x80013574 x22=0x0000000b PA:0x80013538 load:0x0000000b
       36445000	      3545	800091c6	fd8dac83	lw	x25,-40(x27)	 x27:0x80013574 x25=0xad052a58 PA:0x8001354c load:0xad052a58
       36455000	      3546	800091ca	00015817	auipc	x16,0x15	 x16=0x8001e1ca
       36465000	      3547	800091ce	05080813	addi	x16,x16,80	 x16:0x8001e1ca x16=0x8001e21a
       36475000	      3548	800091d2	ffb80083	lb	x1,-5(x16)	 x16:0x8001e21a  x1=0x0000002c PA:0x8001e215 load:0x0000002c
       36485000	      3549	800091d6	01681723	sh	x22,14(x16)	 x16:0x8001e21a x22:0x0000000b PA:0x8001e228 store:0x0000000b load:0x00000000
       36495000	      3550	800091da	078aea93	ori	x21,x21,120	 x21:0x00000000 x21=0x00000078
       36505000	      3551	800091de	0001	c.addi	x0,0	  x0:0x00000000  x0=0x00000000
       36515000	      3552	800091e0	00681b03	lh	x22,6(x16)	 x16:0x8001e21a x22=0xffffd0be PA:0x8001e220 load:0xffffd0be
       36525000	      3553	800091e4	ff485a83	lhu	x21,-12(x16)	 x16:0x8001e21a x21=0x00005427 PA:0x8001e20e load:0x00005427
       36535000	      3554	800091e8	01aeaab3	slt	x21,x29,x26	 x29:0x00000000 x26:0x8498c486 x21=0x00000000
       36545000	      3555	800091ec	0001	c.addi	x0,0	  x0:0x00000000  x0=0x00000000
       36555000	      3556	800091ee	ff680ba3	sb	x22,-9(x16)	 x16:0x8001e21a x22:0xffffd0be PA:0x8001e211 store:0xffffd0be load:0x00000000
       36565000	      3557	800091f2	10500073	wfi	
       36905000	      3591	8000272c	fd8fe06f	jal	x0,80000f04	  x0=0x00000000
       36925000	      3593	80000f04	16f1	c.addi	x13,-4	 x13:0x8002cce4 x13=0x8002cce0
       36935000	      3594	80000f06	0176a023	sw	x23,0(x13)	 x13:0x8002cce0 x23:0x80028e54 PA:0x8002cce0 store:0x80028e54 load:0x00000000
       36945000	      3595	80000f0a	00068bb3	add	x23,x13,x0	 x13:0x8002cce0  x0:0x00000000 x23=0x8002cce0
       36955000	      3596	80000f0e	f80b8b93	addi	x23,x23,-128	 x23:0x8002cce0 x23=0x8002cc60
       36965000	      3597	80000f12	001ba223	sw	x1,4(x23)	 x23:0x8002cc60  x1:0x0000002c PA:0x8002cc64 store:0x0000002c load:0x00000000
       36975000	      3598	80000f16	002ba423	sw	x2,8(x23)	 x23:0x8002cc60  x2:0x800217b1 PA:0x8002cc68 store:0x800217b1 load:0x00000000
       36985000	      3599	80000f1a	003ba623	sw	x3,12(x23)	 x23:0x8002cc60  x3:0x8001364b PA:0x8002cc6c store:0x8001364b load:0x00000000
       36995000	      3600	80000f1e	004ba823	sw	x4,16(x23)	 x23:0x8002cc60  x4:0xffffffa0 PA:0x8002cc70 store:0xffffffa0 load:0x00000000
       37005000	      3601	80000f22	005baa23	sw	x5,20(x23)	 x23:0x8002cc60  x5:0x8001389c PA:0x8002cc74 store:0x8001389c load:0x00000000
       37015000	      3602	80000f26	006bac23	sw	x6,24(x23)	 x23:0x8002cc60  x6:0x00000a8e PA:0x8002cc78 store:0x00000a8e load:0x00000000
       37025000	      3603	80000f2a	007bae23	sw	x7,28(x23)	 x23:0x8002cc60  x7:0x80024020 PA:0x8002cc7c store:0x80024020 load:0x00000000
       37035000	      3604	80000f2e	028ba023	sw	x8,32(x23)	 x23:0x8002cc60  x8:0x00000001 PA:0x8002cc80 store:0x00000001 load:0x00000000
       37045000	      3605	80000f32	029ba223	sw	x9,36(x23)	 x23:0x8002cc60  x9:0x000000c0 PA:0x8002cc84 store:0x000000c0 load:0x00000000
       37055000	      3606	80000f36	02aba423	sw	x10,40(x23)	 x23:0x8002cc60 x10:0x000000c3 PA:0x8002cc88 store:0x000000c3 load:0x00000000
       37065000	      3607	80000f3a	02bba623	sw	x11,44(x23)	 x23:0x8002cc60 x11:0xf1e8b1fd PA:0x8002cc8c store:0xf1e8b1fd load:0x00000000
       37075000	      3608	80000f3e	02cba823	sw	x12,48(x23)	 x23:0x8002cc60 x12:0x80013557 PA:0x8002cc90 store:0x80013557 load:0x00000000
       37085000	      3609	80000f42	02dbaa23	sw	x13,52(x23)	 x23:0x8002cc60 x13:0x8002cce0 PA:0x8002cc94 store:0x8002cce0 load:0x00000000
       37095000	      3610	80000f46	02ebac23	sw	x14,56(x23)	 x23:0x8002cc60 x14:0x00006309 PA:0x8002cc98 store:0x00006309 load:0x00000000
       37105000	      3611	80000f4a	02fbae23	sw	x15,60(x23)	 x23:0x8002cc60 x15:0x00000000 PA:0x8002cc9c store:0x00000000 load:0x00000000
       37115000	      3612	80000f4e	050ba023	sw	x16,64(x23)	 x23:0x8002cc60 x16:0x8001e21a PA:0x8002cca0 store:0x8001e21a load:0x00000000
       37125000	      3613	80000f52	051ba223	sw	x17,68(x23)	 x23:0x8002cc60 x17:0x000000f9 PA:0x8002cca4 store:0x000000f9 load:0x00000000
       37135000	      3614	80000f56	052ba423	sw	x18,72(x23)	 x23:0x8002cc60 x18:0x000085fb PA:0x8002cca8 store:0x000085fb load:0x00000000
       37145000	      3615	80000f5a	053ba623	sw	x19,76(x23)	 x23:0x8002cc60 x19:0x0931890c PA:0x8002ccac store:0x0931890c load:0x00000000
       37155000	      3616	80000f5e	054ba823	sw	x20,80(x23)	 x23:0x8002cc60 x20:0xffff9123 PA:0x8002ccb0 store:0xffff9123 load:0x00000000
       37165000	      3617	80000f62	055baa23	sw	x21,84(x23)	 x23:0x8002cc60 x21:0x00000000 PA:0x8002ccb4 store:0x00000000 load:0x00000000
       37175000	      3618	80000f66	056bac23	sw	x22,88(x23)	 x23:0x8002cc60 x22:0xffffd0be PA:0x8002ccb8 store:0xffffd0be load:0x00000000
       37185000	      3619	80000f6a	057bae23	sw	x23,92(x23)	 x23:0x8002cc60 x23:0x8002cc60 PA:0x8002ccbc store:0x8002cc60 load:0x00000000
       37195000	      3620	80000f6e	078ba023	sw	x24,96(x23)	 x23:0x8002cc60 x24:0xffffffa6 PA:0x8002ccc0 store:0xffffffa6 load:0x00000000
       37205000	      3621	80000f72	079ba223	sw	x25,100(x23)	 x23:0x8002cc60 x25:0xad052a58 PA:0x8002ccc4 store:0xad052a58 load:0x00000000
       37215000	      3622	80000f76	07aba423	sw	x26,104(x23)	 x23:0x8002cc60 x26:0x8498c486 PA:0x8002ccc8 store:0x8498c486 load:0x00000000
       37225000	      3623	80000f7a	07bba623	sw	x27,108(x23)	 x23:0x8002cc60 x27:0x80013574 PA:0x8002cccc store:0x80013574 load:0x00000000
       37235000	      3624	80000f7e	07cba823	sw	x28,112(x23)	 x23:0x8002cc60 x28:0x00000097 PA:0x8002ccd0 store:0x00000097 load:0x00000000
       37245000	      3625	80000f82	07dbaa23	sw	x29,116(x23)	 x23:0x8002cc60 x29:0x00000000 PA:0x8002ccd4 store:0x00000000 load:0x00000000
       37255000	      3626	80000f86	07ebac23	sw	x30,120(x23)	 x23:0x8002cc60 x30:0x00000063 PA:0x8002ccd8 store:0x00000063 load:0x00000000
       37265000	      3627	80000f8a	07fbae23	sw	x31,124(x23)	 x23:0x8002cc60 x31:0xb5887d2c PA:0x8002ccdc store:0xb5887d2c load:0x00000000
       37275000	      3628	80000f8e	000b86b3	add	x13,x23,x0	 x23:0x8002cc60  x0:0x00000000 x13=0x8002cc60
       37285000	      3629	80000f92	90000d37	lui	x26,0x90000	 x26=0x90000000
       37295000	      3630	80000f96	1d71	c.addi	x26,-4	 x26:0x90000000 x26=0x8ffffffc
       37305000	      3631	80000f98	4d99	c.li	x27,6	 x27=0x00000006
       37315000	      3632	80000f9a	0da2	c.slli	x27,0x8	 x27:0x00000006 x27=0x00000600
       37325000	      3633	80000f9c	000d8d93	addi	x27,x27,0	 x27:0x00000600 x27=0x00000600
       37335000	      3634	80000fa0	01bd2023	sw	x27,0(x26)	 x26:0x8ffffffc x27:0x00000600 PA:0x8ffffffc store:0x00000600 load:0x00000000
       37345000	      3635	80000fa4	34202df3	csrrs	x27,mcause,x0	  x0:0x00000000 x27=0x8000000b
       37355000	      3636	80000fa8	01fddd93	srli	x27,x27,0x1f	 x27:0x8000000b x27=0x00000001
       37365000	      3637	80000fac	060d8863	beq	x27,x0,8000101c	 x27:0x00000001  x0:0x00000000
       37375000	      3638	80000fb0	90000d37	lui	x26,0x90000	 x26=0x90000000
       37385000	      3639	80000fb4	1d71	c.addi	x26,-4	 x26:0x90000000 x26=0x8ffffffc
       37395000	      3640	80000fb6	30000d93	addi	x27,x0,768	  x0:0x00000000 x27=0x00000300
       37405000	      3641	80000fba	0da2	c.slli	x27,0x8	 x27:0x00000300 x27=0x00030000
       37415000	      3642	80000fbc	0d8d	c.addi	x27,3	 x27:0x00030000 x27=0x00030003
       37425000	      3643	80000fbe	01bd2023	sw	x27,0(x26)	 x26:0x8ffffffc x27:0x00030003 PA:0x8ffffffc store:0x00030003 load:0x00000000
       37435000	      3644	80000fc2	30002df3	csrrs	x27,mstatus,x0	  x0:0x00000000 x27=0x00000080
       37445000	      3645	80000fc6	01bd2023	sw	x27,0(x26)	 x26:0x8ffffffc x27:0x00000080 PA:0x8ffffffc store:0x00000080 load:0x00000000
       37455000	      3646	80000fca	90000d37	lui	x26,0x90000	 x26=0x90000000
       37465000	      3647	80000fce	1d71	c.addi	x26,-4	 x26:0x90000000 x26=0x8ffffffc
       37475000	      3648	80000fd0	34200d93	addi	x27,x0,834	  x0:0x00000000 x27=0x00000342
       37485000	      3649	80000fd4	0da2	c.slli	x27,0x8	 x27:0x00000342 x27=0x00034200
       37495000	      3650	80000fd6	0d8d	c.addi	x27,3	 x27:0x00034200 x27=0x00034203
       37505000	      3651	80000fd8	01bd2023	sw	x27,0(x26)	 x26:0x8ffffffc x27:0x00034203 PA:0x8ffffffc store:0x00034203 load:0x00000000
       37515000	      3652	80000fdc	34202df3	csrrs	x27,mcause,x0	  x0:0x00000000 x27=0x8000000b
       37525000	      3653	80000fe0	01bd2023	sw	x27,0(x26)	 x26:0x8ffffffc x27:0x8000000b PA:0x8ffffffc store:0x8000000b load:0x00000000
       37535000	      3654	80000fe4	90000d37	lui	x26,0x90000	 x26=0x90000000
       37545000	      3655	80000fe8	1d71	c.addi	x26,-4	 x26:0x90000000 x26=0x8ffffffc
       37555000	      3656	80000fea	30400d93	addi	x27,x0,772	  x0:0x00000000 x27=0x00000304
       37565000	      3657	80000fee	0da2	c.slli	x27,0x8	 x27:0x00000304 x27=0x00030400
       37575000	      3658	80000ff0	0d8d	c.addi	x27,3	 x27:0x00030400 x27=0x00030403
       37585000	      3659	80000ff2	01bd2023	sw	x27,0(x26)	 x26:0x8ffffffc x27:0x00030403 PA:0x8ffffffc store:0x00030403 load:0x00000000
       37595000	      3660	80000ff6	30402df3	csrrs	x27,mie,x0	  x0:0x00000000 x27=0x00360888
       37605000	      3661	80000ffa	01bd2023	sw	x27,0(x26)	 x26:0x8ffffffc x27:0x00360888 PA:0x8ffffffc store:0x00360888 load:0x00000000
       37615000	      3662	80000ffe	90000d37	lui	x26,0x90000	 x26=0x90000000
       37625000	      3663	80001002	1d71	c.addi	x26,-4	 x26:0x90000000 x26=0x8ffffffc
       37635000	      3664	80001004	34400d93	addi	x27,x0,836	  x0:0x00000000 x27=0x00000344
       37645000	      3665	80001008	0da2	c.slli	x27,0x8	 x27:0x00000344 x27=0x00034400
       37655000	      3666	8000100a	0d8d	c.addi	x27,3	 x27:0x00034400 x27=0x00034403
       37665000	      3667	8000100c	01bd2023	sw	x27,0(x26)	 x26:0x8ffffffc x27:0x00034403 PA:0x8ffffffc store:0x00034403 load:0x00000000
       37675000	      3668	80001010	34402df3	csrrs	x27,mip,x0	  x0:0x00000000 x27=0x00000000
       37685000	      3669	80001014	01bd2023	sw	x27,0(x26)	 x26:0x8ffffffc x27:0x00000000 PA:0x8ffffffc store:0x00000000 load:0x00000000
       37695000	      3670	80001018	3141106f	jal	x0,8001232c	  x0=0x00000000
       37715000	      3672	8001232c	30002df3	csrrs	x27,mstatus,x0	  x0:0x00000000 x27=0x00000080
       37725000	      3673	80012330	30402df3	csrrs	x27,mie,x0	  x0:0x00000000 x27=0x00360888
       37735000	      3674	80012334	34402df3	csrrs	x27,mip,x0	  x0:0x00000000 x27=0x00000000
       37745000	      3675	80012338	344dbdf3	csrrc	x27,mip,x27	 x27:0x00000000 x27=0x00000000
       37775000	      3678	8001233c	90000d37	lui	x26,0x90000	 x26=0x90000000
       37785000	      3679	80012340	1d71	c.addi	x26,-4	 x26:0x90000000 x26=0x8ffffffc
       37795000	      3680	80012342	4d9d	c.li	x27,7	 x27=0x00000007
       37805000	      3681	80012344	0da2	c.slli	x27,0x8	 x27:0x00000007 x27=0x00000700
       37815000	      3682	80012346	000d8d93	addi	x27,x27,0	 x27:0x00000700 x27=0x00000700
       37825000	      3683	8001234a	01bd2023	sw	x27,0(x26)	 x26:0x8ffffffc x27:0x00000700 PA:0x8ffffffc store:0x00000700 load:0x00000000
       37835000	      3684	8001234e	00068bb3	add	x23,x13,x0	 x13:0x8002cc60  x0:0x00000000 x23=0x8002cc60
       37845000	      3685	80012352	004ba083	lw	x1,4(x23)	 x23:0x8002cc60  x1=0x0000002c PA:0x8002cc64 load:0x0000002c
       37855000	      3686	80012356	008ba103	lw	x2,8(x23)	 x23:0x8002cc60  x2=0x800217b1 PA:0x8002cc68 load:0x800217b1
       37865000	      3687	8001235a	00cba183	lw	x3,12(x23)	 x23:0x8002cc60  x3=0x8001364b PA:0x8002cc6c load:0x8001364b
       37875000	      3688	8001235e	010ba203	lw	x4,16(x23)	 x23:0x8002cc60  x4=0xffffffa0 PA:0x8002cc70 load:0xffffffa0
       37885000	      3689	80012362	014ba283	lw	x5,20(x23)	 x23:0x8002cc60  x5=0x8001389c PA:0x8002cc74 load:0x8001389c
       37895000	      3690	80012366	018ba303	lw	x6,24(x23)	 x23:0x8002cc60  x6=0x00000a8e PA:0x8002cc78 load:0x00000a8e
       37905000	      3691	8001236a	01cba383	lw	x7,28(x23)	 x23:0x8002cc60  x7=0x80024020 PA:0x8002cc7c load:0x80024020
       37915000	      3692	8001236e	020ba403	lw	x8,32(x23)	 x23:0x8002cc60  x8=0x00000001 PA:0x8002cc80 load:0x00000001
       37925000	      3693	80012372	024ba483	lw	x9,36(x23)	 x23:0x8002cc60  x9=0x000000c0 PA:0x8002cc84 load:0x000000c0
       37935000	      3694	80012376	028ba503	lw	x10,40(x23)	 x23:0x8002cc60 x10=0x000000c3 PA:0x8002cc88 load:0x000000c3
       37945000	      3695	8001237a	02cba583	lw	x11,44(x23)	 x23:0x8002cc60 x11=0xf1e8b1fd PA:0x8002cc8c load:0xf1e8b1fd
       37955000	      3696	8001237e	030ba603	lw	x12,48(x23)	 x23:0x8002cc60 x12=0x80013557 PA:0x8002cc90 load:0x80013557
       37965000	      3697	80012382	034ba683	lw	x13,52(x23)	 x23:0x8002cc60 x13=0x8002cce0 PA:0x8002cc94 load:0x8002cce0
       37975000	      3698	80012386	038ba703	lw	x14,56(x23)	 x23:0x8002cc60 x14=0x00006309 PA:0x8002cc98 load:0x00006309
       37985000	      3699	8001238a	03cba783	lw	x15,60(x23)	 x23:0x8002cc60 x15=0x00000000 PA:0x8002cc9c load:0x00000000
       37995000	      3700	8001238e	040ba803	lw	x16,64(x23)	 x23:0x8002cc60 x16=0x8001e21a PA:0x8002cca0 load:0x8001e21a
       38005000	      3701	80012392	044ba883	lw	x17,68(x23)	 x23:0x8002cc60 x17=0x000000f9 PA:0x8002cca4 load:0x000000f9
       38015000	      3702	80012396	048ba903	lw	x18,72(x23)	 x23:0x8002cc60 x18=0x000085fb PA:0x8002cca8 load:0x000085fb
       38025000	      3703	8001239a	04cba983	lw	x19,76(x23)	 x23:0x8002cc60 x19=0x0931890c PA:0x8002ccac load:0x0931890c
       38035000	      3704	8001239e	050baa03	lw	x20,80(x23)	 x23:0x8002cc60 x20=0xffff9123 PA:0x8002ccb0 load:0xffff9123
       38045000	      3705	800123a2	054baa83	lw	x21,84(x23)	 x23:0x8002cc60 x21=0x00000000 PA:0x8002ccb4 load:0x00000000
       38055000	      3706	800123a6	058bab03	lw	x22,88(x23)	 x23:0x8002cc60 x22=0xffffd0be PA:0x8002ccb8 load:0xffffd0be
       38065000	      3707	800123aa	05cbab83	lw	x23,92(x23)	 x23:0x8002cc60 x23=0x8002cc60 PA:0x8002ccbc load:0x8002cc60
       38085000	      3709	800123ae	060bac03	lw	x24,96(x23)	 x23:0x8002cc60 x24=0xffffffa6 PA:0x8002ccc0 load:0xffffffa6
       38095000	      3710	800123b2	064bac83	lw	x25,100(x23)	 x23:0x8002cc60 x25=0xad052a58 PA:0x8002ccc4 load:0xad052a58
       38105000	      3711	800123b6	068bad03	lw	x26,104(x23)	 x23:0x8002cc60 x26=0x8498c486 PA:0x8002ccc8 load:0x8498c486
       38115000	      3712	800123ba	06cbad83	lw	x27,108(x23)	 x23:0x8002cc60 x27=0x80013574 PA:0x8002cccc load:0x80013574
       38125000	      3713	800123be	070bae03	lw	x28,112(x23)	 x23:0x8002cc60 x28=0x00000097 PA:0x8002ccd0 load:0x00000097
       38135000	      3714	800123c2	074bae83	lw	x29,116(x23)	 x23:0x8002cc60 x29=0x00000000 PA:0x8002ccd4 load:0x00000000
       38145000	      3715	800123c6	078baf03	lw	x30,120(x23)	 x23:0x8002cc60 x30=0x00000063 PA:0x8002ccd8 load:0x00000063
       38155000	      3716	800123ca	07cbaf83	lw	x31,124(x23)	 x23:0x8002cc60 x31=0xb5887d2c PA:0x8002ccdc load:0xb5887d2c
       38165000	      3717	800123ce	080b8b93	addi	x23,x23,128	 x23:0x8002cc60 x23=0x8002cce0
       38175000	      3718	800123d2	000b86b3	add	x13,x23,x0	 x23:0x8002cce0  x0:0x00000000 x13=0x8002cce0
       38185000	      3719	800123d6	0006ab83	lw	x23,0(x13)	 x13:0x8002cce0 x23=0x80028e54 PA:0x8002cce0 load:0x80028e54
       38195000	      3720	800123da	0691	c.addi	x13,4	 x13:0x8002cce0 x13=0x8002cce4
       38205000	      3721	800123dc	30200073	mret	
       38245000	      3725	800091f6	00a800a3	sb	x10,1(x16)	 x16:0x8001e21a x10:0x000000c3 PA:0x8001e21b store:0x000000c3 load:0x00000000
       38265000	      3727	800091fa	03ded533	divu	x10,x29,x29	 x29:0x00000000 x29:0x00000000 x10=0xffffffff
       38635000	      3764	800091fe	02ad5b33	divu	x22,x26,x10	 x26:0x8498c486 x10:0xffffffff x22=0x00000000
       38645000	      3765	80009202	ff380503	lb	x10,-13(x16)	 x16:0x8001e21a x10=0xffffffb1 PA:0x8001e20d load:0xffffffb1
       38655000	      3766	80009206	ff880e83	lb	x29,-8(x16)	 x16:0x8001e21a x29=0x00000071 PA:0x8001e212 load:0x00000071
       38665000	      3767	8000920a	ffd80503	lb	x10,-3(x16)	 x16:0x8001e21a x10=0xffffffcd PA:0x8001e217 load:0xffffffcd
       38705000	      3771	8000920e	03509d33	mulh	x26,x1,x21	  x1:0x0000002c x21:0x00000000 x26=0x00000000
       38715000	      3772	80009212	0001	c.addi	x0,0	  x0:0x00000000  x0=0x00000000
       38725000	      3773	80009214	01d80523	sb	x29,10(x16)	 x16:0x8001e21a x29:0x00000071 PA:0x8001e224 store:0x00000071 load:0x00000000
       38735000	      3774	80009218	ff680ba3	sb	x22,-9(x16)	 x16:0x8001e21a x22:0x00000000 PA:0x8001e211 store:0x00000000 load:0x00000000
       38745000	      3775	8000921c	ffb80a83	lb	x21,-5(x16)	 x16:0x8001e21a x21=0x0000002c PA:0x8001e215 load:0x0000002c
       38755000	      3776	80009220	c4663517	auipc	x10,0xc4663	 x10=0x4466c220
       38765000	      3777	80009224	015adeb3	srl	x29,x21,x21	 x21:0x0000002c x21:0x0000002c x29=0x00000000
       38775000	      3778	80009228	40fd5093	srai	x1,x26,0xf	 x26:0x00000000  x1=0x00000000
       38785000	      3779	8000922c	00880083	lb	x1,8(x16)	 x16:0x8001e21a  x1=0xffffffa8 PA:0x8001e222 load:0xffffffa8
       38795000	      3780	80009230	00a82123	sw	x10,2(x16)	 x16:0x8001e21a x10:0x4466c220 PA:0x8001e21c store:0x4466c220 load:0x00000000
       38805000	      3781	80009234	00a80503	lb	x10,10(x16)	 x16:0x8001e21a x10=0x00000071 PA:0x8001e224 load:0x00000071
       38835000	      3784	80009238	021e8d33	mul	x26,x29,x1	 x29:0x00000000  x1:0xffffffa8 x26=0x00000000
       38845000	      3785	8000923c	00b80503	lb	x10,11(x16)	 x16:0x8001e21a x10=0xffffffbb PA:0x8001e225 load:0xffffffbb
       38855000	      3786	80009240	00181523	sh	x1,10(x16)	 x16:0x8001e21a  x1:0xffffffa8 PA:0x8001e224 store:0xffffffa8 load:0x00000000
       38865000	      3787	80009244	fe181a23	sh	x1,-12(x16)	 x16:0x8001e21a  x1:0xffffffa8 PA:0x8001e20e store:0xffffffa8 load:0x00000000
       38875000	      3788	80009248	01a55d33	srl	x26,x10,x26	 x10:0xffffffbb x26:0x00000000 x26=0xffffffbb
       38885000	      3789	8000924c	6d51	c.lui	x26,0x14	 x26=0x00014000
       38895000	      3790	8000924e	fea81b23	sh	x10,-10(x16)	 x16:0x8001e21a x10:0xffffffbb PA:0x8001e210 store:0xffffffbb load:0x00000000
       38905000	      3791	80009252	ffa82b03	lw	x22,-6(x16)	 x16:0x8001e21a x22=0xcd0b2cca PA:0x8001e214 load:0xcd0b2cca
       38915000	      3792	80009256	00a53eb3	sltu	x29,x10,x10	 x10:0xffffffbb x10:0xffffffbb x29=0x00000000
       38925000	      3793	8000925a	f3f63ab7	lui	x21,0xf3f63	 x21=0xf3f63000
       38935000	      3794	8000925e	00380503	lb	x10,3(x16)	 x16:0x8001e21a x10=0xffffffc2 PA:0x8001e21d load:0xffffffc2
       38945000	      3795	80009262	fe180a23	sb	x1,-12(x16)	 x16:0x8001e21a  x1:0xffffffa8 PA:0x8001e20e store:0xffffffa8 load:0x00000000
       38955000	      3796	80009266	ff784a83	lbu	x21,-9(x16)	 x16:0x8001e21a x21=0x000000ff PA:0x8001e211 load:0x000000ff
       38965000	      3797	8000926a	ffd80c23	sb	x29,-8(x16)	 x16:0x8001e21a x29:0x00000000 PA:0x8001e212 store:0x00000000 load:0x00000000
       38975000	      3798	8000926e	5761	c.li	x14,-8	 x14=0xfffffff8
       38985000	      3799	80009270	0151af33	slt	x30,x3,x21	  x3:0x8001364b x21:0x000000ff x30=0x00000001
       38995000	      3800	80009274	6431e613	ori	x12,x3,1603	  x3:0x8001364b x12=0x8001364b
       39005000	      3801	80009278	8679	c.srai	x12,0x1e	 x12:0x8001364b x12=0xfffffffe
       39015000	      3802	8000927a	01f30433	add	x8,x6,x31	  x6:0x00000a8e x31:0xb5887d2c  x8=0xb58887ba
       39025000	      3803	8000927e	00b85e33	srl	x28,x16,x11	 x16:0x8001e21a x11:0xf1e8b1fd x28=0x00000004
       39035000	      3804	80009282	962a	c.add	x12,x10	 x12:0xfffffffe x10:0xffffffc2 x12=0xffffffc0
       39045000	      3805	80009284	000733b3	sltu	x7,x14,x0	 x14:0xfffffff8  x0:0x00000000  x7=0x00000000
       39055000	      3806	80009288	401d5213	srai	x4,x26,0x1	 x26:0x00014000  x4=0x0000a000
       39065000	      3807	8000928c	57d1	c.li	x15,-12	 x15=0xfffffff4
       39075000	      3808	8000928e	0044ff33	and	x30,x9,x4	  x9:0x000000c0  x4:0x0000a000 x30=0x00000000
       39085000	      3809	80009292	417f5ab3	sra	x21,x30,x23	 x30:0x00000000 x23:0x80028e54 x21=0x00000000
       39095000	      3810	80009296	b19a6db7	lui	x27,0xb19a6	 x27=0xb19a6000
       39105000	      3811	8000929a	09c9	c.addi	x19,18	 x19:0x0931890c x19=0x0931891e
       39115000	      3812	8000929c	88bc4c93	xori	x25,x24,-1909	 x24:0xffffffa6 x25=0x0000072d
       39125000	      3813	800092a0	8e09	c.sub	x12,x10	 x12:0xffffffc0 x10:0xffffffc2 x12=0xfffffffe
       39135000	      3814	800092a2	10500073	wfi	
       39975000	      3898	8000272c	fd8fe06f	jal	x0,80000f04	  x0=0x00000000
       39995000	      3900	80000f04	16f1	c.addi	x13,-4	 x13:0x8002cce4 x13=0x8002cce0
       40005000	      3901	80000f06	0176a023	sw	x23,0(x13)	 x13:0x8002cce0 x23:0x80028e54 PA:0x8002cce0 store:0x80028e54 load:0x00000000
       40015000	      3902	80000f0a	00068bb3	add	x23,x13,x0	 x13:0x8002cce0  x0:0x00000000 x23=0x8002cce0
       40025000	      3903	80000f0e	f80b8b93	addi	x23,x23,-128	 x23:0x8002cce0 x23=0x8002cc60
       40035000	      3904	80000f12	001ba223	sw	x1,4(x23)	 x23:0x8002cc60  x1:0xffffffa8 PA:0x8002cc64 store:0xffffffa8 load:0x00000000
       40045000	      3905	80000f16	002ba423	sw	x2,8(x23)	 x23:0x8002cc60  x2:0x800217b1 PA:0x8002cc68 store:0x800217b1 load:0x00000000
       40055000	      3906	80000f1a	003ba623	sw	x3,12(x23)	 x23:0x8002cc60  x3:0x8001364b PA:0x8002cc6c store:0x8001364b load:0x00000000
       40065000	      3907	80000f1e	004ba823	sw	x4,16(x23)	 x23:0x8002cc60  x4:0x0000a000 PA:0x8002cc70 store:0x0000a000 load:0x00000000
       40075000	      3908	80000f22	005baa23	sw	x5,20(x23)	 x23:0x8002cc60  x5:0x8001389c PA:0x8002cc74 store:0x8001389c load:0x00000000
       40085000	      3909	80000f26	006bac23	sw	x6,24(x23)	 x23:0x8002cc60  x6:0x00000a8e PA:0x8002cc78 store:0x00000a8e load:0x00000000
       40095000	      3910	80000f2a	007bae23	sw	x7,28(x23)	 x23:0x8002cc60  x7:0x00000000 PA:0x8002cc7c store:0x00000000 load:0x00000000
       40105000	      3911	80000f2e	028ba023	sw	x8,32(x23)	 x23:0x8002cc60  x8:0xb58887ba PA:0x8002cc80 store:0xb58887ba load:0x00000000
       40115000	      3912	80000f32	029ba223	sw	x9,36(x23)	 x23:0x8002cc60  x9:0x000000c0 PA:0x8002cc84 store:0x000000c0 load:0x00000000
       40125000	      3913	80000f36	02aba423	sw	x10,40(x23)	 x23:0x8002cc60 x10:0xffffffc2 PA:0x8002cc88 store:0xffffffc2 load:0x00000000
       40135000	      3914	80000f3a	02bba623	sw	x11,44(x23)	 x23:0x8002cc60 x11:0xf1e8b1fd PA:0x8002cc8c store:0xf1e8b1fd load:0x00000000
       40145000	      3915	80000f3e	02cba823	sw	x12,48(x23)	 x23:0x8002cc60 x12:0xfffffffe PA:0x8002cc90 store:0xfffffffe load:0x00000000
       40155000	      3916	80000f42	02dbaa23	sw	x13,52(x23)	 x23:0x8002cc60 x13:0x8002cce0 PA:0x8002cc94 store:0x8002cce0 load:0x00000000
       40165000	      3917	80000f46	02ebac23	sw	x14,56(x23)	 x23:0x8002cc60 x14:0xfffffff8 PA:0x8002cc98 store:0xfffffff8 load:0x00000000
       40175000	      3918	80000f4a	02fbae23	sw	x15,60(x23)	 x23:0x8002cc60 x15:0xfffffff4 PA:0x8002cc9c store:0xfffffff4 load:0x00000000
       40185000	      3919	80000f4e	050ba023	sw	x16,64(x23)	 x23:0x8002cc60 x16:0x8001e21a PA:0x8002cca0 store:0x8001e21a load:0x00000000
       40195000	      3920	80000f52	051ba223	sw	x17,68(x23)	 x23:0x8002cc60 x17:0x000000f9 PA:0x8002cca4 store:0x000000f9 load:0x00000000
       40205000	      3921	80000f56	052ba423	sw	x18,72(x23)	 x23:0x8002cc60 x18:0x000085fb PA:0x8002cca8 store:0x000085fb load:0x00000000
       40215000	      3922	80000f5a	053ba623	sw	x19,76(x23)	 x23:0x8002cc60 x19:0x0931891e PA:0x8002ccac store:0x0931891e load:0x00000000
       40225000	      3923	80000f5e	054ba823	sw	x20,80(x23)	 x23:0x8002cc60 x20:0xffff9123 PA:0x8002ccb0 store:0xffff9123 load:0x00000000
       40235000	      3924	80000f62	055baa23	sw	x21,84(x23)	 x23:0x8002cc60 x21:0x00000000 PA:0x8002ccb4 store:0x00000000 load:0x00000000
       40245000	      3925	80000f66	056bac23	sw	x22,88(x23)	 x23:0x8002cc60 x22:0xcd0b2cca PA:0x8002ccb8 store:0xcd0b2cca load:0x00000000
       40255000	      3926	80000f6a	057bae23	sw	x23,92(x23)	 x23:0x8002cc60 x23:0x8002cc60 PA:0x8002ccbc store:0x8002cc60 load:0x00000000
       40265000	      3927	80000f6e	078ba023	sw	x24,96(x23)	 x23:0x8002cc60 x24:0xffffffa6 PA:0x8002ccc0 store:0xffffffa6 load:0x00000000
       40275000	      3928	80000f72	079ba223	sw	x25,100(x23)	 x23:0x8002cc60 x25:0x0000072d PA:0x8002ccc4 store:0x0000072d load:0x00000000
       40285000	      3929	80000f76	07aba423	sw	x26,104(x23)	 x23:0x8002cc60 x26:0x00014000 PA:0x8002ccc8 store:0x00014000 load:0x00000000
       40295000	      3930	80000f7a	07bba623	sw	x27,108(x23)	 x23:0x8002cc60 x27:0xb19a6000 PA:0x8002cccc store:0xb19a6000 load:0x00000000
       40305000	      3931	80000f7e	07cba823	sw	x28,112(x23)	 x23:0x8002cc60 x28:0x00000004 PA:0x8002ccd0 store:0x00000004 load:0x00000000
       40315000	      3932	80000f82	07dbaa23	sw	x29,116(x23)	 x23:0x8002cc60 x29:0x00000000 PA:0x8002ccd4 store:0x00000000 load:0x00000000
       40325000	      3933	80000f86	07ebac23	sw	x30,120(x23)	 x23:0x8002cc60 x30:0x00000000 PA:0x8002ccd8 store:0x00000000 load:0x00000000
       40335000	      3934	80000f8a	07fbae23	sw	x31,124(x23)	 x23:0x8002cc60 x31:0xb5887d2c PA:0x8002ccdc store:0xb5887d2c load:0x00000000
       40345000	      3935	80000f8e	000b86b3	add	x13,x23,x0	 x23:0x8002cc60  x0:0x00000000 x13=0x8002cc60
       40355000	      3936	80000f92	90000d37	lui	x26,0x90000	 x26=0x90000000
       40365000	      3937	80000f96	1d71	c.addi	x26,-4	 x26:0x90000000 x26=0x8ffffffc
       40375000	      3938	80000f98	4d99	c.li	x27,6	 x27=0x00000006
       40385000	      3939	80000f9a	0da2	c.slli	x27,0x8	 x27:0x00000006 x27=0x00000600
       40395000	      3940	80000f9c	000d8d93	addi	x27,x27,0	 x27:0x00000600 x27=0x00000600
       40405000	      3941	80000fa0	01bd2023	sw	x27,0(x26)	 x26:0x8ffffffc x27:0x00000600 PA:0x8ffffffc store:0x00000600 load:0x00000000
       40415000	      3942	80000fa4	34202df3	csrrs	x27,mcause,x0	  x0:0x00000000 x27=0x8000000b
       40425000	      3943	80000fa8	01fddd93	srli	x27,x27,0x1f	 x27:0x8000000b x27=0x00000001
       40435000	      3944	80000fac	060d8863	beq	x27,x0,8000101c	 x27:0x00000001  x0:0x00000000
       40445000	      3945	80000fb0	90000d37	lui	x26,0x90000	 x26=0x90000000
       40455000	      3946	80000fb4	1d71	c.addi	x26,-4	 x26:0x90000000 x26=0x8ffffffc
       40465000	      3947	80000fb6	30000d93	addi	x27,x0,768	  x0:0x00000000 x27=0x00000300
       40475000	      3948	80000fba	0da2	c.slli	x27,0x8	 x27:0x00000300 x27=0x00030000
       40485000	      3949	80000fbc	0d8d	c.addi	x27,3	 x27:0x00030000 x27=0x00030003
       40495000	      3950	80000fbe	01bd2023	sw	x27,0(x26)	 x26:0x8ffffffc x27:0x00030003 PA:0x8ffffffc store:0x00030003 load:0x00000000
       40505000	      3951	80000fc2	30002df3	csrrs	x27,mstatus,x0	  x0:0x00000000 x27=0x00000080
       40515000	      3952	80000fc6	01bd2023	sw	x27,0(x26)	 x26:0x8ffffffc x27:0x00000080 PA:0x8ffffffc store:0x00000080 load:0x00000000
       40525000	      3953	80000fca	90000d37	lui	x26,0x90000	 x26=0x90000000
       40535000	      3954	80000fce	1d71	c.addi	x26,-4	 x26:0x90000000 x26=0x8ffffffc
       40545000	      3955	80000fd0	34200d93	addi	x27,x0,834	  x0:0x00000000 x27=0x00000342
       40555000	      3956	80000fd4	0da2	c.slli	x27,0x8	 x27:0x00000342 x27=0x00034200
       40565000	      3957	80000fd6	0d8d	c.addi	x27,3	 x27:0x00034200 x27=0x00034203
       40575000	      3958	80000fd8	01bd2023	sw	x27,0(x26)	 x26:0x8ffffffc x27:0x00034203 PA:0x8ffffffc store:0x00034203 load:0x00000000
       40585000	      3959	80000fdc	34202df3	csrrs	x27,mcause,x0	  x0:0x00000000 x27=0x8000000b
       40595000	      3960	80000fe0	01bd2023	sw	x27,0(x26)	 x26:0x8ffffffc x27:0x8000000b PA:0x8ffffffc store:0x8000000b load:0x00000000
       40605000	      3961	80000fe4	90000d37	lui	x26,0x90000	 x26=0x90000000
       40615000	      3962	80000fe8	1d71	c.addi	x26,-4	 x26:0x90000000 x26=0x8ffffffc
       40625000	      3963	80000fea	30400d93	addi	x27,x0,772	  x0:0x00000000 x27=0x00000304
       40635000	      3964	80000fee	0da2	c.slli	x27,0x8	 x27:0x00000304 x27=0x00030400
       40645000	      3965	80000ff0	0d8d	c.addi	x27,3	 x27:0x00030400 x27=0x00030403
       40655000	      3966	80000ff2	01bd2023	sw	x27,0(x26)	 x26:0x8ffffffc x27:0x00030403 PA:0x8ffffffc store:0x00030403 load:0x00000000
       40665000	      3967	80000ff6	30402df3	csrrs	x27,mie,x0	  x0:0x00000000 x27=0x00360888
       40675000	      3968	80000ffa	01bd2023	sw	x27,0(x26)	 x26:0x8ffffffc x27:0x00360888 PA:0x8ffffffc store:0x00360888 load:0x00000000
       40685000	      3969	80000ffe	90000d37	lui	x26,0x90000	 x26=0x90000000
       40695000	      3970	80001002	1d71	c.addi	x26,-4	 x26:0x90000000 x26=0x8ffffffc
       40705000	      3971	80001004	34400d93	addi	x27,x0,836	  x0:0x00000000 x27=0x00000344
       40715000	      3972	80001008	0da2	c.slli	x27,0x8	 x27:0x00000344 x27=0x00034400
       40725000	      3973	8000100a	0d8d	c.addi	x27,3	 x27:0x00034400 x27=0x00034403
       40735000	      3974	8000100c	01bd2023	sw	x27,0(x26)	 x26:0x8ffffffc x27:0x00034403 PA:0x8ffffffc store:0x00034403 load:0x00000000
       40745000	      3975	80001010	34402df3	csrrs	x27,mip,x0	  x0:0x00000000 x27=0x00000000
       40755000	      3976	80001014	01bd2023	sw	x27,0(x26)	 x26:0x8ffffffc x27:0x00000000 PA:0x8ffffffc store:0x00000000 load:0x00000000
       40765000	      3977	80001018	3141106f	jal	x0,8001232c	  x0=0x00000000
       40785000	      3979	8001232c	30002df3	csrrs	x27,mstatus,x0	  x0:0x00000000 x27=0x00000080
       40795000	      3980	80012330	30402df3	csrrs	x27,mie,x0	  x0:0x00000000 x27=0x00360888
       40805000	      3981	80012334	34402df3	csrrs	x27,mip,x0	  x0:0x00000000 x27=0x00000000
       40815000	      3982	80012338	344dbdf3	csrrc	x27,mip,x27	 x27:0x00000000 x27=0x00000000
       40845000	      3985	8001233c	90000d37	lui	x26,0x90000	 x26=0x90000000
       40855000	      3986	80012340	1d71	c.addi	x26,-4	 x26:0x90000000 x26=0x8ffffffc
       40865000	      3987	80012342	4d9d	c.li	x27,7	 x27=0x00000007
       40875000	      3988	80012344	0da2	c.slli	x27,0x8	 x27:0x00000007 x27=0x00000700
       40885000	      3989	80012346	000d8d93	addi	x27,x27,0	 x27:0x00000700 x27=0x00000700
       40895000	      3990	8001234a	01bd2023	sw	x27,0(x26)	 x26:0x8ffffffc x27:0x00000700 PA:0x8ffffffc store:0x00000700 load:0x00000000
       40905000	      3991	8001234e	00068bb3	add	x23,x13,x0	 x13:0x8002cc60  x0:0x00000000 x23=0x8002cc60
       40915000	      3992	80012352	004ba083	lw	x1,4(x23)	 x23:0x8002cc60  x1=0xffffffa8 PA:0x8002cc64 load:0xffffffa8
       40925000	      3993	80012356	008ba103	lw	x2,8(x23)	 x23:0x8002cc60  x2=0x800217b1 PA:0x8002cc68 load:0x800217b1
       40935000	      3994	8001235a	00cba183	lw	x3,12(x23)	 x23:0x8002cc60  x3=0x8001364b PA:0x8002cc6c load:0x8001364b
       40945000	      3995	8001235e	010ba203	lw	x4,16(x23)	 x23:0x8002cc60  x4=0x0000a000 PA:0x8002cc70 load:0x0000a000
       40955000	      3996	80012362	014ba283	lw	x5,20(x23)	 x23:0x8002cc60  x5=0x8001389c PA:0x8002cc74 load:0x8001389c
       40965000	      3997	80012366	018ba303	lw	x6,24(x23)	 x23:0x8002cc60  x6=0x00000a8e PA:0x8002cc78 load:0x00000a8e
       40975000	      3998	8001236a	01cba383	lw	x7,28(x23)	 x23:0x8002cc60  x7=0x00000000 PA:0x8002cc7c load:0x00000000
       40985000	      3999	8001236e	020ba403	lw	x8,32(x23)	 x23:0x8002cc60  x8=0xb58887ba PA:0x8002cc80 load:0xb58887ba
       40995000	      4000	80012372	024ba483	lw	x9,36(x23)	 x23:0x8002cc60  x9=0x000000c0 PA:0x8002cc84 load:0x000000c0
       41005000	      4001	80012376	028ba503	lw	x10,40(x23)	 x23:0x8002cc60 x10=0xffffffc2 PA:0x8002cc88 load:0xffffffc2
       41015000	      4002	8001237a	02cba583	lw	x11,44(x23)	 x23:0x8002cc60 x11=0xf1e8b1fd PA:0x8002cc8c load:0xf1e8b1fd
       41025000	      4003	8001237e	030ba603	lw	x12,48(x23)	 x23:0x8002cc60 x12=0xfffffffe PA:0x8002cc90 load:0xfffffffe
       41035000	      4004	80012382	034ba683	lw	x13,52(x23)	 x23:0x8002cc60 x13=0x8002cce0 PA:0x8002cc94 load:0x8002cce0
       41045000	      4005	80012386	038ba703	lw	x14,56(x23)	 x23:0x8002cc60 x14=0xfffffff8 PA:0x8002cc98 load:0xfffffff8
       41055000	      4006	8001238a	03cba783	lw	x15,60(x23)	 x23:0x8002cc60 x15=0xfffffff4 PA:0x8002cc9c load:0xfffffff4
       41065000	      4007	8001238e	040ba803	lw	x16,64(x23)	 x23:0x8002cc60 x16=0x8001e21a PA:0x8002cca0 load:0x8001e21a
       41075000	      4008	80012392	044ba883	lw	x17,68(x23)	 x23:0x8002cc60 x17=0x000000f9 PA:0x8002cca4 load:0x000000f9
       41085000	      4009	80012396	048ba903	lw	x18,72(x23)	 x23:0x8002cc60 x18=0x000085fb PA:0x8002cca8 load:0x000085fb
       41095000	      4010	8001239a	04cba983	lw	x19,76(x23)	 x23:0x8002cc60 x19=0x0931891e PA:0x8002ccac load:0x0931891e
       41105000	      4011	8001239e	050baa03	lw	x20,80(x23)	 x23:0x8002cc60 x20=0xffff9123 PA:0x8002ccb0 load:0xffff9123
       41115000	      4012	800123a2	054baa83	lw	x21,84(x23)	 x23:0x8002cc60 x21=0x00000000 PA:0x8002ccb4 load:0x00000000
       41125000	      4013	800123a6	058bab03	lw	x22,88(x23)	 x23:0x8002cc60 x22=0xcd0b2cca PA:0x8002ccb8 load:0xcd0b2cca
       41135000	      4014	800123aa	05cbab83	lw	x23,92(x23)	 x23:0x8002cc60 x23=0x8002cc60 PA:0x8002ccbc load:0x8002cc60
       41155000	      4016	800123ae	060bac03	lw	x24,96(x23)	 x23:0x8002cc60 x24=0xffffffa6 PA:0x8002ccc0 load:0xffffffa6
       41165000	      4017	800123b2	064bac83	lw	x25,100(x23)	 x23:0x8002cc60 x25=0x0000072d PA:0x8002ccc4 load:0x0000072d
       41175000	      4018	800123b6	068bad03	lw	x26,104(x23)	 x23:0x8002cc60 x26=0x00014000 PA:0x8002ccc8 load:0x00014000
       41185000	      4019	800123ba	06cbad83	lw	x27,108(x23)	 x23:0x8002cc60 x27=0xb19a6000 PA:0x8002cccc load:0xb19a6000
       41195000	      4020	800123be	070bae03	lw	x28,112(x23)	 x23:0x8002cc60 x28=0x00000004 PA:0x8002ccd0 load:0x00000004
       41205000	      4021	800123c2	074bae83	lw	x29,116(x23)	 x23:0x8002cc60 x29=0x00000000 PA:0x8002ccd4 load:0x00000000
       41215000	      4022	800123c6	078baf03	lw	x30,120(x23)	 x23:0x8002cc60 x30=0x00000000 PA:0x8002ccd8 load:0x00000000
       41225000	      4023	800123ca	07cbaf83	lw	x31,124(x23)	 x23:0x8002cc60 x31=0xb5887d2c PA:0x8002ccdc load:0xb5887d2c
       41235000	      4024	800123ce	080b8b93	addi	x23,x23,128	 x23:0x8002cc60 x23=0x8002cce0
       41245000	      4025	800123d2	000b86b3	add	x13,x23,x0	 x23:0x8002cce0  x0:0x00000000 x13=0x8002cce0
       41255000	      4026	800123d6	0006ab83	lw	x23,0(x13)	 x13:0x8002cce0 x23=0x80028e54 PA:0x8002cce0 load:0x80028e54
       41265000	      4027	800123da	0691	c.addi	x13,4	 x13:0x8002cce0 x13=0x8002cce4
       41275000	      4028	800123dc	30200073	mret	
       41305000	      4031	800092a6	0001	c.addi	x0,0	  x0:0x00000000  x0=0x00000000
       41315000	      4032	800092a8	1769	c.addi	x14,-6	 x14:0xfffffff8 x14=0xfffffff2
       41325000	      4033	800092aa	5569	c.li	x10,-6	 x10=0xfffffffa
       41695000	      4070	800092ac	03064d33	div	x26,x12,x16	 x12:0xfffffffe x16:0x8001e21a x26=0x00000000
       41705000	      4071	800092b0	865a	c.mv	x12,x22	  x0:0x00000000 x22:0xcd0b2cca x12=0xcd0b2cca
       41715000	      4072	800092b2	5141	c.li	x2,-16	  x2=0xfffffff0
       41725000	      4073	800092b4	0000100f	fence.i	
       41745000	      4075	800092b8	01159993	slli	x19,x11,0x11	 x11:0xf1e8b1fd x19=0x63fa0000
       41755000	      4076	800092bc	9a7d	c.andi	x12,-1	 x12:0xcd0b2cca x12=0xcd0b2cca
       41765000	      4077	800092be	7b457813	andi	x16,x10,1972	 x10:0xfffffffa x16=0x000007b0
       41775000	      4078	800092c2	749fee13	ori	x28,x31,1865	 x31:0xb5887d2c x28=0xb5887f6d
       41785000	      4079	800092c6	195c4e93	xori	x29,x24,405	 x24:0xffffffa6 x29=0xfffffe33
       41795000	      4080	800092ca	b3eb8eb7	lui	x29,0xb3eb8	 x29=0xb3eb8000
       41805000	      4081	800092ce	1559	c.addi	x10,-10	 x10:0xfffffffa x10=0xfffffff0
       41815000	      4082	800092d0	fe2516e3	bne	x10,x2,800092bc	 x10:0xfffffff0  x2:0xfffffff0
       41825000	      4083	800092d4	fcf759e3	bge	x14,x15,800092a6	 x14:0xfffffff2 x15:0xfffffff4
       41835000	      4084	800092d8	00a35c93	srli	x25,x6,0xa	  x6:0x00000a8e x25=0x00000002
       41845000	      4085	800092dc	0000a897	auipc	x17,0xa	 x17=0x800132dc
       41855000	      4086	800092e0	64b88893	addi	x17,x17,1611	 x17:0x800132dc x17=0x80013927
       41865000	      4087	800092e4	ff389a03	lh	x20,-13(x17)	 x17:0x80013927 x20=0xffffcce4 PA:0x8001391a load:0xffffcce4
       41875000	      4088	800092e8	0ff0000f	fence	iorw,iorw	
       41885000	      4089	800092ec	ff38de03	lhu	x28,-13(x17)	 x17:0x80013927 x28=0x0000cce4 PA:0x8001391a load:0x0000cce4
       41895000	      4090	800092f0	00d434b3	sltu	x9,x8,x13	  x8:0xb58887ba x13:0x8002cce4  x9=0x00000000
       41905000	      4091	800092f4	ff389383	lh	x7,-13(x17)	 x17:0x80013927  x7=0xffffcce4 PA:0x8001391a load:0xffffcce4
       41915000	      4092	800092f8	ff6899a3	sh	x22,-13(x17)	 x17:0x80013927 x22:0xcd0b2cca PA:0x8001391a store:0xcd0b2cca load:0x00000000
       41925000	      4093	800092fc	ffa88a83	lb	x21,-6(x17)	 x17:0x80013927 x21=0x00000014 PA:0x80013921 load:0x00000014
       41935000	      4094	80009300	01b88023	sb	x27,0(x17)	 x17:0x80013927 x27:0xb19a6000 PA:0x80013927 store:0xb19a6000 load:0x00000000
       41945000	      4095	80009304	ff68c983	lbu	x19,-10(x17)	 x17:0x80013927 x19=0x00000095 PA:0x8001391d load:0x00000095
       41955000	      4096	80009308	ff68cc03	lbu	x24,-10(x17)	 x17:0x80013927 x24=0x00000095 PA:0x8001391d load:0x00000095
       41965000	      4097	8000930c	ff688f03	lb	x30,-10(x17)	 x17:0x80013927 x30=0xffffff95 PA:0x8001391d load:0xffffff95
       41975000	      4098	80009310	00488523	sb	x4,10(x17)	 x17:0x80013927  x4:0x0000a000 PA:0x80013931 store:0x0000a000 load:0x00000000
       41985000	      4099	80009314	00e8c703	lbu	x14,14(x17)	 x17:0x80013927 x14=0x000000de PA:0x80013935 load:0x000000de
       41995000	      4100	80009318	00e8c283	lbu	x5,14(x17)	 x17:0x80013927  x5=0x000000de PA:0x80013935 load:0x000000de
       42035000	      4104	8000931c	0330a0b3	mulhsu	x1,x1,x19	  x1:0xffffffa8 x19:0x00000095  x1=0xffffffff
       42045000	      4105	80009320	01488723	sb	x20,14(x17)	 x17:0x80013927 x20:0xffffcce4 PA:0x80013935 store:0xffffcce4 load:0x00000000
       42055000	      4106	80009324	8e4d	c.or	x12,x11	 x12:0xcd0b2cca x11:0xf1e8b1fd x12=0xfdebbdff
       42065000	      4107	80009326	00e88903	lb	x18,14(x17)	 x17:0x80013927 x18=0xffffffe4 PA:0x80013935 load:0xffffffe4
       42075000	      4108	8000932a	0008c903	lbu	x18,0(x17)	 x17:0x80013927 x18=0x00000000 PA:0x80013927 load:0x00000000
       42085000	      4109	8000932e	013a7fb3	and	x31,x20,x19	 x20:0xffffcce4 x19:0x00000095 x31=0x00000084
       42095000	      4110	80009332	01288023	sb	x18,0(x17)	 x17:0x80013927 x18:0x00000000 PA:0x80013927 store:0x00000000 load:0x00000000
       42105000	      4111	80009336	01688023	sb	x22,0(x17)	 x17:0x80013927 x22:0xcd0b2cca PA:0x80013927 store:0xcd0b2cca load:0x00000000
       42115000	      4112	8000933a	01c88023	sb	x28,0(x17)	 x17:0x80013927 x28:0x0000cce4 PA:0x80013927 store:0x0000cce4 load:0x00000000
       42125000	      4113	8000933e	0000f497	auipc	x9,0xf	  x9=0x8001833e
       42135000	      4114	80009342	3fe48493	addi	x9,x9,1022	  x9:0x8001833e  x9=0x8001873c
       42145000	      4115	80009346	0dd48983	lb	x19,221(x9)	  x9:0x8001873c x19=0xffffffaa PA:0x80018819 load:0xffffffaa
       42155000	      4116	8000934a	0e34cf03	lbu	x30,227(x9)	  x9:0x8001873c x30=0x000000c3 PA:0x8001881f load:0x000000c3
       42165000	      4117	8000934e	0e1481a3	sb	x1,227(x9)	  x9:0x8001873c  x1:0xffffffff PA:0x8001881f store:0xffffffff load:0x00000000
       42175000	      4118	80009352	2b9a7d13	andi	x26,x20,697	 x20:0xffffcce4 x26=0x000000a0
       42185000	      4119	80009356	0524a623	sw	x18,76(x9)	  x9:0x8001873c x18:0x00000000 PA:0x80018788 store:0x00000000 load:0x00000000
       42195000	      4120	8000935a	05348503	lb	x10,83(x9)	  x9:0x8001873c x10=0xffffffeb PA:0x8001878f load:0xffffffeb
       42205000	      4121	8000935e	fee48023	sb	x14,-32(x9)	  x9:0x8001873c x14:0x000000de PA:0x8001871c store:0x000000de load:0x00000000
       42215000	      4122	80009362	f8849623	sh	x8,-116(x9)	  x9:0x8001873c  x8:0xb58887ba PA:0x800186c8 store:0xb58887ba load:0x00000000
       42225000	      4123	80009366	f2b488a3	sb	x11,-207(x9)	  x9:0x8001873c x11:0xf1e8b1fd PA:0x8001866d store:0xf1e8b1fd load:0x00000000
       42235000	      4124	8000936a	f35487a3	sb	x21,-209(x9)	  x9:0x8001873c x21:0x00000014 PA:0x8001866b store:0x00000014 load:0x00000000
       42245000	      4125	8000936e	f2f48d03	lb	x26,-209(x9)	  x9:0x8001873c x26=0x00000014 PA:0x8001866b load:0x00000014
       42255000	      4126	80009372	0584c303	lbu	x6,88(x9)	  x9:0x8001873c  x6=0x0000002c PA:0x80018794 load:0x0000002c
       42265000	      4127	80009376	0f6486a3	sb	x22,237(x9)	  x9:0x8001873c x22:0xcd0b2cca PA:0x80018829 store:0xcd0b2cca load:0x00000000
       42275000	      4128	8000937a	1088	c.addi4spn	x10,x2,96	 x10=0x00000050
       42285000	      4129	8000937c	0b948e03	lb	x28,185(x9)	  x9:0x8001873c x28=0x0000003e PA:0x800187f5 load:0x0000003e
       42295000	      4130	80009380	014483a3	sb	x20,7(x9)	  x9:0x8001873c x20:0xffffcce4 PA:0x80018743 store:0xffffcce4 load:0x00000000
       42305000	      4131	80009384	0000af17	auipc	x30,0xa	 x30=0x80013384
       42315000	      4132	80009388	456f0f13	addi	x30,x30,1110	 x30:0x80013384 x30=0x800137da
       42325000	      4133	8000938c	0000a717	auipc	x14,0xa	 x14=0x8001338c
       42335000	      4134	80009390	1d570713	addi	x14,x14,469	 x14:0x8001338c x14=0x80013561
       42345000	      4135	80009394	b7b700a3	sb	x27,-1183(x14)	 x14:0x80013561 x27:0xb19a6000 PA:0x800130c2 store:0xb19a6000 load:0x00000000
       42355000	      4136	80009398	00cf1c03	lh	x24,12(x30)	 x30:0x800137da x24=0xffffe761 PA:0x800137e6 load:0xffffe761
       42365000	      4137	8000939c	d9a70883	lb	x17,-614(x14)	 x14:0x80013561 x17=0x00000023 PA:0x800132fb load:0x00000023
       42375000	      4138	800093a0	ffff0403	lb	x8,-1(x30)	 x30:0x800137da  x8=0xfffffff8 PA:0x800137d9 load:0xfffffff8
       42385000	      4139	800093a4	ff5f0ba3	sb	x21,-9(x30)	 x30:0x800137da x21:0x00000014 PA:0x800137d1 store:0x00000014 load:0x00000000
       42395000	      4140	800093a8	44170f23	sb	x1,1118(x14)	 x14:0x80013561  x1:0xffffffff PA:0x800139bf store:0xffffffff load:0x00000000
       42405000	      4141	800093ac	7e5704a3	sb	x5,2025(x14)	 x14:0x80013561  x5:0x000000de PA:0x80013d4a store:0x000000de load:0x00000000
       42415000	      4142	800093b0	000f0623	sb	x0,12(x30)	 x30:0x800137da  x0:0x00000000 PA:0x800137e6 store:0x00000000 load:0x00000000
       42425000	      4143	800093b4	009f0d03	lb	x26,9(x30)	 x30:0x800137da x26=0xffffffea PA:0x800137e3 load:0xffffffea
       42435000	      4144	800093b8	3b270903	lb	x18,946(x14)	 x14:0x80013561 x18=0x0000000f PA:0x80013913 load:0x0000000f
       42445000	      4145	800093bc	ff6f4d03	lbu	x26,-10(x30)	 x30:0x800137da x26=0x00000096 PA:0x800137d0 load:0x00000096
       42455000	      4146	800093c0	0000a117	auipc	x2,0xa	  x2=0x800133c0
       42465000	      4147	800093c4	44e10113	addi	x2,x2,1102	  x2:0x800133c0  x2=0x8001380e
       42475000	      4148	800093c8	0f811083	lh	x1,248(x2)	  x2:0x8001380e  x1=0x000021f0 PA:0x80013906 load:0x000021f0
       42485000	      4149	800093cc	0000100f	fence.i	
       42535000	      4154	800093d0	020d92b3	mulh	x5,x27,x0	 x27:0xb19a6000  x0:0x00000000  x5=0x00000000
       42545000	      4155	800093d4	49e9	c.li	x19,26	 x19=0x0000001a
       42555000	      4156	800093d6	002106a3	sb	x2,13(x2)	  x2:0x8001380e  x2:0x8001380e PA:0x8001381b store:0x8001380e load:0x00000000
       42565000	      4157	800093da	8721	c.srai	x14,0x8	 x14:0x80013561 x14=0xff800135
       42935000	      4194	800093dc	02b8e2b3	rem	x5,x17,x11	 x17:0x00000023 x11:0xf1e8b1fd  x5=0x00000023
       42945000	      4195	800093e0	011eed33	or	x26,x29,x17	 x29:0xb3eb8000 x17:0x00000023 x26=0xb3eb8023
       42955000	      4196	800093e4	01c964b3	or	x9,x18,x28	 x18:0x0000000f x28:0x0000003e  x9=0x0000003f
       42965000	      4197	800093e8	fe412323	sw	x4,-26(x2)	  x2:0x8001380e  x4:0x0000a000 PA:0x800137f4 store:0x0000a000 load:0x00000000
       42975000	      4198	800093ec	00f10c83	lb	x25,15(x2)	  x2:0x8001380e x25=0x00000047 PA:0x8001381d load:0x00000047
       42985000	      4199	800093f0	7401e913	ori	x18,x3,1856	  x3:0x8001364b x18=0x8001374b
       42995000	      4200	800093f4	f3a10fa3	sb	x26,-193(x2)	  x2:0x8001380e x26:0xb3eb8023 PA:0x8001374d store:0xb3eb8023 load:0x00000000
       43005000	      4201	800093f8	06e15983	lhu	x19,110(x2)	  x2:0x8001380e x19=0x000032d5 PA:0x8001387c load:0x000032d5
       43045000	      4205	8000272c	fd8fe06f	jal	x0,80000f04	  x0=0x00000000
       43065000	      4207	80000f04	16f1	c.addi	x13,-4	 x13:0x8002cce4 x13=0x8002cce0
       43075000	      4208	80000f06	0176a023	sw	x23,0(x13)	 x13:0x8002cce0 x23:0x80028e54 PA:0x8002cce0 store:0x80028e54 load:0x00000000
       43085000	      4209	80000f0a	00068bb3	add	x23,x13,x0	 x13:0x8002cce0  x0:0x00000000 x23=0x8002cce0
       43095000	      4210	80000f0e	f80b8b93	addi	x23,x23,-128	 x23:0x8002cce0 x23=0x8002cc60
       43105000	      4211	80000f12	001ba223	sw	x1,4(x23)	 x23:0x8002cc60  x1:0x000021f0 PA:0x8002cc64 store:0x000021f0 load:0x00000000
       43115000	      4212	80000f16	002ba423	sw	x2,8(x23)	 x23:0x8002cc60  x2:0x8001380e PA:0x8002cc68 store:0x8001380e load:0x00000000
       43125000	      4213	80000f1a	003ba623	sw	x3,12(x23)	 x23:0x8002cc60  x3:0x8001364b PA:0x8002cc6c store:0x8001364b load:0x00000000
       43135000	      4214	80000f1e	004ba823	sw	x4,16(x23)	 x23:0x8002cc60  x4:0x0000a000 PA:0x8002cc70 store:0x0000a000 load:0x00000000
       43145000	      4215	80000f22	005baa23	sw	x5,20(x23)	 x23:0x8002cc60  x5:0x00000023 PA:0x8002cc74 store:0x00000023 load:0x00000000
       43155000	      4216	80000f26	006bac23	sw	x6,24(x23)	 x23:0x8002cc60  x6:0x0000002c PA:0x8002cc78 store:0x0000002c load:0x00000000
       43165000	      4217	80000f2a	007bae23	sw	x7,28(x23)	 x23:0x8002cc60  x7:0xffffcce4 PA:0x8002cc7c store:0xffffcce4 load:0x00000000
       43175000	      4218	80000f2e	028ba023	sw	x8,32(x23)	 x23:0x8002cc60  x8:0xfffffff8 PA:0x8002cc80 store:0xfffffff8 load:0x00000000
       43185000	      4219	80000f32	029ba223	sw	x9,36(x23)	 x23:0x8002cc60  x9:0x0000003f PA:0x8002cc84 store:0x0000003f load:0x00000000
       43195000	      4220	80000f36	02aba423	sw	x10,40(x23)	 x23:0x8002cc60 x10:0x00000050 PA:0x8002cc88 store:0x00000050 load:0x00000000
       43205000	      4221	80000f3a	02bba623	sw	x11,44(x23)	 x23:0x8002cc60 x11:0xf1e8b1fd PA:0x8002cc8c store:0xf1e8b1fd load:0x00000000
       43215000	      4222	80000f3e	02cba823	sw	x12,48(x23)	 x23:0x8002cc60 x12:0xfdebbdff PA:0x8002cc90 store:0xfdebbdff load:0x00000000
       43225000	      4223	80000f42	02dbaa23	sw	x13,52(x23)	 x23:0x8002cc60 x13:0x8002cce0 PA:0x8002cc94 store:0x8002cce0 load:0x00000000
       43235000	      4224	80000f46	02ebac23	sw	x14,56(x23)	 x23:0x8002cc60 x14:0xff800135 PA:0x8002cc98 store:0xff800135 load:0x00000000
       43245000	      4225	80000f4a	02fbae23	sw	x15,60(x23)	 x23:0x8002cc60 x15:0xfffffff4 PA:0x8002cc9c store:0xfffffff4 load:0x00000000
       43255000	      4226	80000f4e	050ba023	sw	x16,64(x23)	 x23:0x8002cc60 x16:0x000007b0 PA:0x8002cca0 store:0x000007b0 load:0x00000000
       43265000	      4227	80000f52	051ba223	sw	x17,68(x23)	 x23:0x8002cc60 x17:0x00000023 PA:0x8002cca4 store:0x00000023 load:0x00000000
       43275000	      4228	80000f56	052ba423	sw	x18,72(x23)	 x23:0x8002cc60 x18:0x8001374b PA:0x8002cca8 store:0x8001374b load:0x00000000
       43285000	      4229	80000f5a	053ba623	sw	x19,76(x23)	 x23:0x8002cc60 x19:0x000032d5 PA:0x8002ccac store:0x000032d5 load:0x00000000
       43295000	      4230	80000f5e	054ba823	sw	x20,80(x23)	 x23:0x8002cc60 x20:0xffffcce4 PA:0x8002ccb0 store:0xffffcce4 load:0x00000000
       43305000	      4231	80000f62	055baa23	sw	x21,84(x23)	 x23:0x8002cc60 x21:0x00000014 PA:0x8002ccb4 store:0x00000014 load:0x00000000
       43315000	      4232	80000f66	056bac23	sw	x22,88(x23)	 x23:0x8002cc60 x22:0xcd0b2cca PA:0x8002ccb8 store:0xcd0b2cca load:0x00000000
       43325000	      4233	80000f6a	057bae23	sw	x23,92(x23)	 x23:0x8002cc60 x23:0x8002cc60 PA:0x8002ccbc store:0x8002cc60 load:0x00000000
       43335000	      4234	80000f6e	078ba023	sw	x24,96(x23)	 x23:0x8002cc60 x24:0xffffe761 PA:0x8002ccc0 store:0xffffe761 load:0x00000000
       43345000	      4235	80000f72	079ba223	sw	x25,100(x23)	 x23:0x8002cc60 x25:0x00000047 PA:0x8002ccc4 store:0x00000047 load:0x00000000
       43355000	      4236	80000f76	07aba423	sw	x26,104(x23)	 x23:0x8002cc60 x26:0xb3eb8023 PA:0x8002ccc8 store:0xb3eb8023 load:0x00000000
       43365000	      4237	80000f7a	07bba623	sw	x27,108(x23)	 x23:0x8002cc60 x27:0xb19a6000 PA:0x8002cccc store:0xb19a6000 load:0x00000000
       43375000	      4238	80000f7e	07cba823	sw	x28,112(x23)	 x23:0x8002cc60 x28:0x0000003e PA:0x8002ccd0 store:0x0000003e load:0x00000000
       43385000	      4239	80000f82	07dbaa23	sw	x29,116(x23)	 x23:0x8002cc60 x29:0xb3eb8000 PA:0x8002ccd4 store:0xb3eb8000 load:0x00000000
       43395000	      4240	80000f86	07ebac23	sw	x30,120(x23)	 x23:0x8002cc60 x30:0x800137da PA:0x8002ccd8 store:0x800137da load:0x00000000
       43405000	      4241	80000f8a	07fbae23	sw	x31,124(x23)	 x23:0x8002cc60 x31:0x00000084 PA:0x8002ccdc store:0x00000084 load:0x00000000
       43415000	      4242	80000f8e	000b86b3	add	x13,x23,x0	 x23:0x8002cc60  x0:0x00000000 x13=0x8002cc60
       43425000	      4243	80000f92	90000d37	lui	x26,0x90000	 x26=0x90000000
       43435000	      4244	80000f96	1d71	c.addi	x26,-4	 x26:0x90000000 x26=0x8ffffffc
       43445000	      4245	80000f98	4d99	c.li	x27,6	 x27=0x00000006
       43455000	      4246	80000f9a	0da2	c.slli	x27,0x8	 x27:0x00000006 x27=0x00000600
       43465000	      4247	80000f9c	000d8d93	addi	x27,x27,0	 x27:0x00000600 x27=0x00000600
       43475000	      4248	80000fa0	01bd2023	sw	x27,0(x26)	 x26:0x8ffffffc x27:0x00000600 PA:0x8ffffffc store:0x00000600 load:0x00000000
       43485000	      4249	80000fa4	34202df3	csrrs	x27,mcause,x0	  x0:0x00000000 x27=0x8000000b
       43495000	      4250	80000fa8	01fddd93	srli	x27,x27,0x1f	 x27:0x8000000b x27=0x00000001
       43505000	      4251	80000fac	060d8863	beq	x27,x0,8000101c	 x27:0x00000001  x0:0x00000000
       43515000	      4252	80000fb0	90000d37	lui	x26,0x90000	 x26=0x90000000
       43525000	      4253	80000fb4	1d71	c.addi	x26,-4	 x26:0x90000000 x26=0x8ffffffc
       43535000	      4254	80000fb6	30000d93	addi	x27,x0,768	  x0:0x00000000 x27=0x00000300
       43545000	      4255	80000fba	0da2	c.slli	x27,0x8	 x27:0x00000300 x27=0x00030000
       43555000	      4256	80000fbc	0d8d	c.addi	x27,3	 x27:0x00030000 x27=0x00030003
       43565000	      4257	80000fbe	01bd2023	sw	x27,0(x26)	 x26:0x8ffffffc x27:0x00030003 PA:0x8ffffffc store:0x00030003 load:0x00000000
       43575000	      4258	80000fc2	30002df3	csrrs	x27,mstatus,x0	  x0:0x00000000 x27=0x00000080
       43585000	      4259	80000fc6	01bd2023	sw	x27,0(x26)	 x26:0x8ffffffc x27:0x00000080 PA:0x8ffffffc store:0x00000080 load:0x00000000
       43595000	      4260	80000fca	90000d37	lui	x26,0x90000	 x26=0x90000000
       43605000	      4261	80000fce	1d71	c.addi	x26,-4	 x26:0x90000000 x26=0x8ffffffc
       43615000	      4262	80000fd0	34200d93	addi	x27,x0,834	  x0:0x00000000 x27=0x00000342
       43625000	      4263	80000fd4	0da2	c.slli	x27,0x8	 x27:0x00000342 x27=0x00034200
       43635000	      4264	80000fd6	0d8d	c.addi	x27,3	 x27:0x00034200 x27=0x00034203
       43645000	      4265	80000fd8	01bd2023	sw	x27,0(x26)	 x26:0x8ffffffc x27:0x00034203 PA:0x8ffffffc store:0x00034203 load:0x00000000
       43655000	      4266	80000fdc	34202df3	csrrs	x27,mcause,x0	  x0:0x00000000 x27=0x8000000b
       43665000	      4267	80000fe0	01bd2023	sw	x27,0(x26)	 x26:0x8ffffffc x27:0x8000000b PA:0x8ffffffc store:0x8000000b load:0x00000000
       43675000	      4268	80000fe4	90000d37	lui	x26,0x90000	 x26=0x90000000
       43685000	      4269	80000fe8	1d71	c.addi	x26,-4	 x26:0x90000000 x26=0x8ffffffc
       43695000	      4270	80000fea	30400d93	addi	x27,x0,772	  x0:0x00000000 x27=0x00000304
       43705000	      4271	80000fee	0da2	c.slli	x27,0x8	 x27:0x00000304 x27=0x00030400
       43715000	      4272	80000ff0	0d8d	c.addi	x27,3	 x27:0x00030400 x27=0x00030403
       43725000	      4273	80000ff2	01bd2023	sw	x27,0(x26)	 x26:0x8ffffffc x27:0x00030403 PA:0x8ffffffc store:0x00030403 load:0x00000000
       43735000	      4274	80000ff6	30402df3	csrrs	x27,mie,x0	  x0:0x00000000 x27=0x00360888
       43745000	      4275	80000ffa	01bd2023	sw	x27,0(x26)	 x26:0x8ffffffc x27:0x00360888 PA:0x8ffffffc store:0x00360888 load:0x00000000
       43755000	      4276	80000ffe	90000d37	lui	x26,0x90000	 x26=0x90000000
       43765000	      4277	80001002	1d71	c.addi	x26,-4	 x26:0x90000000 x26=0x8ffffffc
       43775000	      4278	80001004	34400d93	addi	x27,x0,836	  x0:0x00000000 x27=0x00000344
       43785000	      4279	80001008	0da2	c.slli	x27,0x8	 x27:0x00000344 x27=0x00034400
       43795000	      4280	8000100a	0d8d	c.addi	x27,3	 x27:0x00034400 x27=0x00034403
       43805000	      4281	8000100c	01bd2023	sw	x27,0(x26)	 x26:0x8ffffffc x27:0x00034403 PA:0x8ffffffc store:0x00034403 load:0x00000000
       43815000	      4282	80001010	34402df3	csrrs	x27,mip,x0	  x0:0x00000000 x27=0x00000000
       43825000	      4283	80001014	01bd2023	sw	x27,0(x26)	 x26:0x8ffffffc x27:0x00000000 PA:0x8ffffffc store:0x00000000 load:0x00000000
       43835000	      4284	80001018	3141106f	jal	x0,8001232c	  x0=0x00000000
       43855000	      4286	8001232c	30002df3	csrrs	x27,mstatus,x0	  x0:0x00000000 x27=0x00000080
       43865000	      4287	80012330	30402df3	csrrs	x27,mie,x0	  x0:0x00000000 x27=0x00360888
       43875000	      4288	80012334	34402df3	csrrs	x27,mip,x0	  x0:0x00000000 x27=0x00000000
       43885000	      4289	80012338	344dbdf3	csrrc	x27,mip,x27	 x27:0x00000000 x27=0x00000000
       43915000	      4292	8001233c	90000d37	lui	x26,0x90000	 x26=0x90000000
       43925000	      4293	80012340	1d71	c.addi	x26,-4	 x26:0x90000000 x26=0x8ffffffc
       43935000	      4294	80012342	4d9d	c.li	x27,7	 x27=0x00000007
       43945000	      4295	80012344	0da2	c.slli	x27,0x8	 x27:0x00000007 x27=0x00000700
       43955000	      4296	80012346	000d8d93	addi	x27,x27,0	 x27:0x00000700 x27=0x00000700
       43965000	      4297	8001234a	01bd2023	sw	x27,0(x26)	 x26:0x8ffffffc x27:0x00000700 PA:0x8ffffffc store:0x00000700 load:0x00000000
       43975000	      4298	8001234e	00068bb3	add	x23,x13,x0	 x13:0x8002cc60  x0:0x00000000 x23=0x8002cc60
       43985000	      4299	80012352	004ba083	lw	x1,4(x23)	 x23:0x8002cc60  x1=0x000021f0 PA:0x8002cc64 load:0x000021f0
       43995000	      4300	80012356	008ba103	lw	x2,8(x23)	 x23:0x8002cc60  x2=0x8001380e PA:0x8002cc68 load:0x8001380e
       44005000	      4301	8001235a	00cba183	lw	x3,12(x23)	 x23:0x8002cc60  x3=0x8001364b PA:0x8002cc6c load:0x8001364b
       44015000	      4302	8001235e	010ba203	lw	x4,16(x23)	 x23:0x8002cc60  x4=0x0000a000 PA:0x8002cc70 load:0x0000a000
       44025000	      4303	80012362	014ba283	lw	x5,20(x23)	 x23:0x8002cc60  x5=0x00000023 PA:0x8002cc74 load:0x00000023
       44035000	      4304	80012366	018ba303	lw	x6,24(x23)	 x23:0x8002cc60  x6=0x0000002c PA:0x8002cc78 load:0x0000002c
       44045000	      4305	8001236a	01cba383	lw	x7,28(x23)	 x23:0x8002cc60  x7=0xffffcce4 PA:0x8002cc7c load:0xffffcce4
       44055000	      4306	8001236e	020ba403	lw	x8,32(x23)	 x23:0x8002cc60  x8=0xfffffff8 PA:0x8002cc80 load:0xfffffff8
       44065000	      4307	80012372	024ba483	lw	x9,36(x23)	 x23:0x8002cc60  x9=0x0000003f PA:0x8002cc84 load:0x0000003f
       44075000	      4308	80012376	028ba503	lw	x10,40(x23)	 x23:0x8002cc60 x10=0x00000050 PA:0x8002cc88 load:0x00000050
       44085000	      4309	8001237a	02cba583	lw	x11,44(x23)	 x23:0x8002cc60 x11=0xf1e8b1fd PA:0x8002cc8c load:0xf1e8b1fd
       44095000	      4310	8001237e	030ba603	lw	x12,48(x23)	 x23:0x8002cc60 x12=0xfdebbdff PA:0x8002cc90 load:0xfdebbdff
       44105000	      4311	80012382	034ba683	lw	x13,52(x23)	 x23:0x8002cc60 x13=0x8002cce0 PA:0x8002cc94 load:0x8002cce0
       44115000	      4312	80012386	038ba703	lw	x14,56(x23)	 x23:0x8002cc60 x14=0xff800135 PA:0x8002cc98 load:0xff800135
       44125000	      4313	8001238a	03cba783	lw	x15,60(x23)	 x23:0x8002cc60 x15=0xfffffff4 PA:0x8002cc9c load:0xfffffff4
       44135000	      4314	8001238e	040ba803	lw	x16,64(x23)	 x23:0x8002cc60 x16=0x000007b0 PA:0x8002cca0 load:0x000007b0
       44145000	      4315	80012392	044ba883	lw	x17,68(x23)	 x23:0x8002cc60 x17=0x00000023 PA:0x8002cca4 load:0x00000023
       44155000	      4316	80012396	048ba903	lw	x18,72(x23)	 x23:0x8002cc60 x18=0x8001374b PA:0x8002cca8 load:0x8001374b
       44165000	      4317	8001239a	04cba983	lw	x19,76(x23)	 x23:0x8002cc60 x19=0x000032d5 PA:0x8002ccac load:0x000032d5
       44175000	      4318	8001239e	050baa03	lw	x20,80(x23)	 x23:0x8002cc60 x20=0xffffcce4 PA:0x8002ccb0 load:0xffffcce4
       44185000	      4319	800123a2	054baa83	lw	x21,84(x23)	 x23:0x8002cc60 x21=0x00000014 PA:0x8002ccb4 load:0x00000014
       44195000	      4320	800123a6	058bab03	lw	x22,88(x23)	 x23:0x8002cc60 x22=0xcd0b2cca PA:0x8002ccb8 load:0xcd0b2cca
       44205000	      4321	800123aa	05cbab83	lw	x23,92(x23)	 x23:0x8002cc60 x23=0x8002cc60 PA:0x8002ccbc load:0x8002cc60
       44225000	      4323	800123ae	060bac03	lw	x24,96(x23)	 x23:0x8002cc60 x24=0xffffe761 PA:0x8002ccc0 load:0xffffe761
       44235000	      4324	800123b2	064bac83	lw	x25,100(x23)	 x23:0x8002cc60 x25=0x00000047 PA:0x8002ccc4 load:0x00000047
       44245000	      4325	800123b6	068bad03	lw	x26,104(x23)	 x23:0x8002cc60 x26=0xb3eb8023 PA:0x8002ccc8 load:0xb3eb8023
       44255000	      4326	800123ba	06cbad83	lw	x27,108(x23)	 x23:0x8002cc60 x27=0xb19a6000 PA:0x8002cccc load:0xb19a6000
       44265000	      4327	800123be	070bae03	lw	x28,112(x23)	 x23:0x8002cc60 x28=0x0000003e PA:0x8002ccd0 load:0x0000003e
       44275000	      4328	800123c2	074bae83	lw	x29,116(x23)	 x23:0x8002cc60 x29=0xb3eb8000 PA:0x8002ccd4 load:0xb3eb8000
       44285000	      4329	800123c6	078baf03	lw	x30,120(x23)	 x23:0x8002cc60 x30=0x800137da PA:0x8002ccd8 load:0x800137da
       44295000	      4330	800123ca	07cbaf83	lw	x31,124(x23)	 x23:0x8002cc60 x31=0x00000084 PA:0x8002ccdc load:0x00000084
       44305000	      4331	800123ce	080b8b93	addi	x23,x23,128	 x23:0x8002cc60 x23=0x8002cce0
       44315000	      4332	800123d2	000b86b3	add	x13,x23,x0	 x23:0x8002cce0  x0:0x00000000 x13=0x8002cce0
       44325000	      4333	800123d6	0006ab83	lw	x23,0(x13)	 x13:0x8002cce0 x23=0x80028e54 PA:0x8002cce0 load:0x80028e54
       44335000	      4334	800123da	0691	c.addi	x13,4	 x13:0x8002cce0 x13=0x8002cce4
       44345000	      4335	800123dc	30200073	mret	
       44375000	      4338	800093fc	f6b10123	sb	x11,-158(x2)	  x2:0x8001380e x11:0xf1e8b1fd PA:0x80013770 store:0xf1e8b1fd load:0x00000000
       44385000	      4339	80009400	f6914e03	lbu	x28,-151(x2)	  x2:0x8001380e x28=0x0000006c PA:0x80013777 load:0x0000006c
       44395000	      4340	80009404	0d22	c.slli	x26,0x8	 x26:0xb3eb8023 x26=0xeb802300
       44405000	      4341	80009406	0001	c.addi	x0,0	  x0:0x00000000  x0=0x00000000
       44415000	      4342	80009408	8e52	c.mv	x28,x20	  x0:0x00000000 x20:0xffffcce4 x28=0xffffcce4
       44425000	      4343	8000940a	00db3233	sltu	x4,x22,x13	 x22:0xcd0b2cca x13:0x8002cce4  x4=0x00000000
       44435000	      4344	8000940e	406c8233	sub	x4,x25,x6	 x25:0x00000047  x6:0x0000002c  x4=0x0000001b
       44445000	      4345	80009412	293b7d13	andi	x26,x22,659	 x22:0xcd0b2cca x26=0x00000082
       44455000	      4346	80009416	0ec10883	lb	x17,236(x2)	  x2:0x8001380e x17=0x00000017 PA:0x800138fa load:0x00000017
       44495000	      4350	8000941a	0390b7b3	mulhu	x15,x1,x25	  x1:0x000021f0 x25:0x00000047 x15=0x00000000
       44505000	      4351	8000941e	f1510783	lb	x15,-235(x2)	  x2:0x8001380e x15=0x00000071 PA:0x80013723 load:0x00000071
       44515000	      4352	80009422	0be10383	lb	x7,190(x2)	  x2:0x8001380e  x7=0x00000073 PA:0x800138cc load:0x00000073
       44525000	      4353	80009426	f3012123	sw	x16,-222(x2)	  x2:0x8001380e x16:0x000007b0 PA:0x80013730 store:0x000007b0 load:0x00000000
       44535000	      4354	8000942a	0e914a03	lbu	x20,233(x2)	  x2:0x8001380e x20=0x00000002 PA:0x800138f7 load:0x00000002
       44545000	      4355	8000942e	f3808f13	addi	x30,x1,-200	  x1:0x000021f0 x30=0x00002128
       44555000	      4356	80009432	0000100f	fence.i	
       44585000	      4359	80009436	0e3107a3	sb	x3,239(x2)	  x2:0x8001380e  x3:0x8001364b PA:0x800138fd store:0x8001364b load:0x00000000
       44595000	      4360	8000943a	fdd14983	lbu	x19,-35(x2)	  x2:0x8001380e x19=0x00000025 PA:0x800137eb load:0x00000025
       44965000	      4397	8000943e	03577733	remu	x14,x14,x21	 x14:0xff800135 x21:0x00000014 x14=0x00000011
       44975000	      4398	80009442	f5010aa3	sb	x16,-171(x2)	  x2:0x8001380e x16:0x000007b0 PA:0x80013763 store:0x000007b0 load:0x00000000
       44985000	      4399	80009446	61e9	c.lui	x3,0x1a	  x3=0x0001a000
       44995000	      4400	80009448	f5a11423	sh	x26,-184(x2)	  x2:0x8001380e x26:0x00000082 PA:0x80013756 store:0x00000082 load:0x00000000
       45005000	      4401	8000944c	01eb9c33	sll	x24,x23,x30	 x23:0x80028e54 x30:0x00002128 x24=0x028e5400
       45015000	      4402	80009450	79850db7	lui	x27,0x79850	 x27=0x79850000
       45025000	      4403	80009454	09310503	lb	x10,147(x2)	  x2:0x8001380e x10=0xffffff9d PA:0x800138a1 load:0xffffff9d
       45065000	      4407	80009458	03bd1833	mulh	x16,x26,x27	 x26:0x00000082 x27:0x79850000 x16=0x0000003d
       45075000	      4408	8000945c	fa612883	lw	x17,-90(x2)	  x2:0x8001380e x17=0x459b4638 PA:0x800137b4 load:0x459b4638
       45085000	      4409	80009460	0f811603	lh	x12,248(x2)	  x2:0x8001380e x12=0x000021f0 PA:0x80013906 load:0x000021f0
       45095000	      4410	80009464	fe611003	lh	x0,-26(x2)	  x2:0x8001380e  x0=0x00000000 PA:0x800137f4 load:0xffffa000
       45105000	      4411	80009468	46cb4c13	xori	x24,x22,1132	 x22:0xcd0b2cca x24=0xcd0b28a6
       45115000	      4412	8000946c	03815983	lhu	x19,56(x2)	  x2:0x8001380e x19=0x0000645c PA:0x80013846 load:0x0000645c
       45125000	      4413	80009470	ed77b913	sltiu	x18,x15,-297	 x15:0x00000071 x18=0x00000001
       45135000	      4414	80009474	5a7d	c.li	x20,-1	 x20=0xffffffff
       45145000	      4415	80009476	0df10d23	sb	x31,218(x2)	  x2:0x8001380e x31:0x00000084 PA:0x800138e8 store:0x00000084 load:0x00000000
       45155000	      4416	8000947a	04e10ba3	sb	x14,87(x2)	  x2:0x8001380e x14:0x00000011 PA:0x80013865 store:0x00000011 load:0x00000000
       45525000	      4453	8000947e	02925233	divu	x4,x4,x9	  x4:0x0000001b  x9:0x0000003f  x4=0x00000000
       45535000	      4454	80009482	0001	c.addi	x0,0	  x0:0x00000000  x0=0x00000000
       45545000	      4455	80009484	0f912523	sw	x25,234(x2)	  x2:0x8001380e x25:0x00000047 PA:0x800138f8 store:0x00000047 load:0x00000000
       45555000	      4456	80009488	03310283	lb	x5,51(x2)	  x2:0x8001380e  x5=0xffffffe7 PA:0x80013841 load:0xffffffe7
       45565000	      4457	8000948c	6fc1	c.lui	x31,0x10	 x31=0x00010000
       45575000	      4458	8000948e	01359933	sll	x18,x11,x19	 x11:0xf1e8b1fd x19:0x0000645c x18=0xd0000000
       45585000	      4459	80009492	fc610083	lb	x1,-58(x2)	  x2:0x8001380e  x1=0x00000039 PA:0x800137d4 load:0x00000039
       45595000	      4460	80009496	f8c15403	lhu	x8,-116(x2)	  x2:0x8001380e  x8=0x0000a5bc PA:0x8001379a load:0x0000a5bc
       45605000	      4461	8000949a	0aa10ca3	sb	x10,185(x2)	  x2:0x8001380e x10:0xffffff9d PA:0x800138c7 store:0xffffff9d load:0x00000000
       45615000	      4462	8000949e	09c14783	lbu	x15,156(x2)	  x2:0x8001380e x15=0x0000000c PA:0x800138aa load:0x0000000c
       45625000	      4463	800094a2	01a000ef	jal	x1,800094bc	  x1=0x800094a6
       45645000	      4465	800094bc	fefff0ef	jal	x1,800094aa	  x1=0x800094c0
       45675000	      4468	800094aa	01e000ef	jal	x1,800094c8	  x1=0x800094ae
       45695000	      4470	800094c8	a009	c.j	800094ca	
       45715000	      4472	800094ca	b7e5	c.j	800094b2	
       45745000	      4475	800094b2	01c0036f	jal	x6,800094ce	  x6=0x800094b6
       45765000	      4477	800094ce	2801	c.jal	800094de	  x1=0x800094d0
       45795000	      4480	800094de	fe5ff36f	jal	x6,800094c2	  x6=0x800094e2
       45815000	      4482	800094c2	2801	c.jal	800094d2	  x1=0x800094c4
       45835000	      4484	800094d2	37fd	c.jal	800094c0	  x1=0x800094d4
       45855000	      4486	800094c0	2031	c.jal	800094cc	  x1=0x800094c2
       45875000	      4488	800094cc	3fe5	c.jal	800094c4	  x1=0x800094ce
       45895000	      4490	800094c4	0180016f	jal	x2,800094dc	  x2=0x800094c8
       45915000	      4492	800094dc	3ff9	c.jal	800094ba	  x1=0x800094de
       45935000	      4494	800094ba	bfdd	c.j	800094b0	
       45955000	      4496	800094b0	3ffd	c.jal	800094ae	  x1=0x800094b2
       45975000	      4498	800094ae	a81d	c.j	800094e4	
       45995000	      4500	800094e4	fd3ff0ef	jal	x1,800094b6	  x1=0x800094e8
       46025000	      4503	800094b6	01e00eef	jal	x29,800094d4	 x29=0x800094ba
       46045000	      4505	800094d4	a019	c.j	800094da	
       46065000	      4507	800094da	3ff5	c.jal	800094d6	  x1=0x800094dc
       46105000	      4511	8000272c	fd8fe06f	jal	x0,80000f04	  x0=0x00000000
       46125000	      4513	80000f04	16f1	c.addi	x13,-4	 x13:0x8002cce4 x13=0x8002cce0
       46135000	      4514	80000f06	0176a023	sw	x23,0(x13)	 x13:0x8002cce0 x23:0x80028e54 PA:0x8002cce0 store:0x80028e54 load:0x00000000
       46145000	      4515	80000f0a	00068bb3	add	x23,x13,x0	 x13:0x8002cce0  x0:0x00000000 x23=0x8002cce0
       46155000	      4516	80000f0e	f80b8b93	addi	x23,x23,-128	 x23:0x8002cce0 x23=0x8002cc60
       46165000	      4517	80000f12	001ba223	sw	x1,4(x23)	 x23:0x8002cc60  x1:0x800094dc PA:0x8002cc64 store:0x800094dc load:0x00000000
       46175000	      4518	80000f16	002ba423	sw	x2,8(x23)	 x23:0x8002cc60  x2:0x800094c8 PA:0x8002cc68 store:0x800094c8 load:0x00000000
       46185000	      4519	80000f1a	003ba623	sw	x3,12(x23)	 x23:0x8002cc60  x3:0x0001a000 PA:0x8002cc6c store:0x0001a000 load:0x00000000
       46195000	      4520	80000f1e	004ba823	sw	x4,16(x23)	 x23:0x8002cc60  x4:0x00000000 PA:0x8002cc70 store:0x00000000 load:0x00000000
       46205000	      4521	80000f22	005baa23	sw	x5,20(x23)	 x23:0x8002cc60  x5:0xffffffe7 PA:0x8002cc74 store:0xffffffe7 load:0x00000000
       46215000	      4522	80000f26	006bac23	sw	x6,24(x23)	 x23:0x8002cc60  x6:0x800094e2 PA:0x8002cc78 store:0x800094e2 load:0x00000000
       46225000	      4523	80000f2a	007bae23	sw	x7,28(x23)	 x23:0x8002cc60  x7:0x00000073 PA:0x8002cc7c store:0x00000073 load:0x00000000
       46235000	      4524	80000f2e	028ba023	sw	x8,32(x23)	 x23:0x8002cc60  x8:0x0000a5bc PA:0x8002cc80 store:0x0000a5bc load:0x00000000
       46245000	      4525	80000f32	029ba223	sw	x9,36(x23)	 x23:0x8002cc60  x9:0x0000003f PA:0x8002cc84 store:0x0000003f load:0x00000000
       46255000	      4526	80000f36	02aba423	sw	x10,40(x23)	 x23:0x8002cc60 x10:0xffffff9d PA:0x8002cc88 store:0xffffff9d load:0x00000000
       46265000	      4527	80000f3a	02bba623	sw	x11,44(x23)	 x23:0x8002cc60 x11:0xf1e8b1fd PA:0x8002cc8c store:0xf1e8b1fd load:0x00000000
       46275000	      4528	80000f3e	02cba823	sw	x12,48(x23)	 x23:0x8002cc60 x12:0x000021f0 PA:0x8002cc90 store:0x000021f0 load:0x00000000
       46285000	      4529	80000f42	02dbaa23	sw	x13,52(x23)	 x23:0x8002cc60 x13:0x8002cce0 PA:0x8002cc94 store:0x8002cce0 load:0x00000000
       46295000	      4530	80000f46	02ebac23	sw	x14,56(x23)	 x23:0x8002cc60 x14:0x00000011 PA:0x8002cc98 store:0x00000011 load:0x00000000
       46305000	      4531	80000f4a	02fbae23	sw	x15,60(x23)	 x23:0x8002cc60 x15:0x0000000c PA:0x8002cc9c store:0x0000000c load:0x00000000
       46315000	      4532	80000f4e	050ba023	sw	x16,64(x23)	 x23:0x8002cc60 x16:0x0000003d PA:0x8002cca0 store:0x0000003d load:0x00000000
       46325000	      4533	80000f52	051ba223	sw	x17,68(x23)	 x23:0x8002cc60 x17:0x459b4638 PA:0x8002cca4 store:0x459b4638 load:0x00000000
       46335000	      4534	80000f56	052ba423	sw	x18,72(x23)	 x23:0x8002cc60 x18:0xd0000000 PA:0x8002cca8 store:0xd0000000 load:0x00000000
       46345000	      4535	80000f5a	053ba623	sw	x19,76(x23)	 x23:0x8002cc60 x19:0x0000645c PA:0x8002ccac store:0x0000645c load:0x00000000
       46355000	      4536	80000f5e	054ba823	sw	x20,80(x23)	 x23:0x8002cc60 x20:0xffffffff PA:0x8002ccb0 store:0xffffffff load:0x00000000
       46365000	      4537	80000f62	055baa23	sw	x21,84(x23)	 x23:0x8002cc60 x21:0x00000014 PA:0x8002ccb4 store:0x00000014 load:0x00000000
       46375000	      4538	80000f66	056bac23	sw	x22,88(x23)	 x23:0x8002cc60 x22:0xcd0b2cca PA:0x8002ccb8 store:0xcd0b2cca load:0x00000000
       46385000	      4539	80000f6a	057bae23	sw	x23,92(x23)	 x23:0x8002cc60 x23:0x8002cc60 PA:0x8002ccbc store:0x8002cc60 load:0x00000000
       46395000	      4540	80000f6e	078ba023	sw	x24,96(x23)	 x23:0x8002cc60 x24:0xcd0b28a6 PA:0x8002ccc0 store:0xcd0b28a6 load:0x00000000
       46405000	      4541	80000f72	079ba223	sw	x25,100(x23)	 x23:0x8002cc60 x25:0x00000047 PA:0x8002ccc4 store:0x00000047 load:0x00000000
       46415000	      4542	80000f76	07aba423	sw	x26,104(x23)	 x23:0x8002cc60 x26:0x00000082 PA:0x8002ccc8 store:0x00000082 load:0x00000000
       46425000	      4543	80000f7a	07bba623	sw	x27,108(x23)	 x23:0x8002cc60 x27:0x79850000 PA:0x8002cccc store:0x79850000 load:0x00000000
       46435000	      4544	80000f7e	07cba823	sw	x28,112(x23)	 x23:0x8002cc60 x28:0xffffcce4 PA:0x8002ccd0 store:0xffffcce4 load:0x00000000
       46445000	      4545	80000f82	07dbaa23	sw	x29,116(x23)	 x23:0x8002cc60 x29:0x800094ba PA:0x8002ccd4 store:0x800094ba load:0x00000000
       46455000	      4546	80000f86	07ebac23	sw	x30,120(x23)	 x23:0x8002cc60 x30:0x00002128 PA:0x8002ccd8 store:0x00002128 load:0x00000000
       46465000	      4547	80000f8a	07fbae23	sw	x31,124(x23)	 x23:0x8002cc60 x31:0x00010000 PA:0x8002ccdc store:0x00010000 load:0x00000000
       46475000	      4548	80000f8e	000b86b3	add	x13,x23,x0	 x23:0x8002cc60  x0:0x00000000 x13=0x8002cc60
       46485000	      4549	80000f92	90000d37	lui	x26,0x90000	 x26=0x90000000
       46495000	      4550	80000f96	1d71	c.addi	x26,-4	 x26:0x90000000 x26=0x8ffffffc
       46505000	      4551	80000f98	4d99	c.li	x27,6	 x27=0x00000006
       46515000	      4552	80000f9a	0da2	c.slli	x27,0x8	 x27:0x00000006 x27=0x00000600
       46525000	      4553	80000f9c	000d8d93	addi	x27,x27,0	 x27:0x00000600 x27=0x00000600
       46535000	      4554	80000fa0	01bd2023	sw	x27,0(x26)	 x26:0x8ffffffc x27:0x00000600 PA:0x8ffffffc store:0x00000600 load:0x00000000
       46545000	      4555	80000fa4	34202df3	csrrs	x27,mcause,x0	  x0:0x00000000 x27=0x8000000b
       46555000	      4556	80000fa8	01fddd93	srli	x27,x27,0x1f	 x27:0x8000000b x27=0x00000001
       46565000	      4557	80000fac	060d8863	beq	x27,x0,8000101c	 x27:0x00000001  x0:0x00000000
       46575000	      4558	80000fb0	90000d37	lui	x26,0x90000	 x26=0x90000000
       46585000	      4559	80000fb4	1d71	c.addi	x26,-4	 x26:0x90000000 x26=0x8ffffffc
       46595000	      4560	80000fb6	30000d93	addi	x27,x0,768	  x0:0x00000000 x27=0x00000300
       46605000	      4561	80000fba	0da2	c.slli	x27,0x8	 x27:0x00000300 x27=0x00030000
       46615000	      4562	80000fbc	0d8d	c.addi	x27,3	 x27:0x00030000 x27=0x00030003
       46625000	      4563	80000fbe	01bd2023	sw	x27,0(x26)	 x26:0x8ffffffc x27:0x00030003 PA:0x8ffffffc store:0x00030003 load:0x00000000
       46635000	      4564	80000fc2	30002df3	csrrs	x27,mstatus,x0	  x0:0x00000000 x27=0x00000080
       46645000	      4565	80000fc6	01bd2023	sw	x27,0(x26)	 x26:0x8ffffffc x27:0x00000080 PA:0x8ffffffc store:0x00000080 load:0x00000000
       46655000	      4566	80000fca	90000d37	lui	x26,0x90000	 x26=0x90000000
       46665000	      4567	80000fce	1d71	c.addi	x26,-4	 x26:0x90000000 x26=0x8ffffffc
       46675000	      4568	80000fd0	34200d93	addi	x27,x0,834	  x0:0x00000000 x27=0x00000342
       46685000	      4569	80000fd4	0da2	c.slli	x27,0x8	 x27:0x00000342 x27=0x00034200
       46695000	      4570	80000fd6	0d8d	c.addi	x27,3	 x27:0x00034200 x27=0x00034203
       46705000	      4571	80000fd8	01bd2023	sw	x27,0(x26)	 x26:0x8ffffffc x27:0x00034203 PA:0x8ffffffc store:0x00034203 load:0x00000000
       46715000	      4572	80000fdc	34202df3	csrrs	x27,mcause,x0	  x0:0x00000000 x27=0x8000000b
       46725000	      4573	80000fe0	01bd2023	sw	x27,0(x26)	 x26:0x8ffffffc x27:0x8000000b PA:0x8ffffffc store:0x8000000b load:0x00000000
       46735000	      4574	80000fe4	90000d37	lui	x26,0x90000	 x26=0x90000000
       46745000	      4575	80000fe8	1d71	c.addi	x26,-4	 x26:0x90000000 x26=0x8ffffffc
       46755000	      4576	80000fea	30400d93	addi	x27,x0,772	  x0:0x00000000 x27=0x00000304
       46765000	      4577	80000fee	0da2	c.slli	x27,0x8	 x27:0x00000304 x27=0x00030400
       46775000	      4578	80000ff0	0d8d	c.addi	x27,3	 x27:0x00030400 x27=0x00030403
       46785000	      4579	80000ff2	01bd2023	sw	x27,0(x26)	 x26:0x8ffffffc x27:0x00030403 PA:0x8ffffffc store:0x00030403 load:0x00000000
       46795000	      4580	80000ff6	30402df3	csrrs	x27,mie,x0	  x0:0x00000000 x27=0x00360888
       46805000	      4581	80000ffa	01bd2023	sw	x27,0(x26)	 x26:0x8ffffffc x27:0x00360888 PA:0x8ffffffc store:0x00360888 load:0x00000000
       46815000	      4582	80000ffe	90000d37	lui	x26,0x90000	 x26=0x90000000
       46825000	      4583	80001002	1d71	c.addi	x26,-4	 x26:0x90000000 x26=0x8ffffffc
       46835000	      4584	80001004	34400d93	addi	x27,x0,836	  x0:0x00000000 x27=0x00000344
       46845000	      4585	80001008	0da2	c.slli	x27,0x8	 x27:0x00000344 x27=0x00034400
       46855000	      4586	8000100a	0d8d	c.addi	x27,3	 x27:0x00034400 x27=0x00034403
       46865000	      4587	8000100c	01bd2023	sw	x27,0(x26)	 x26:0x8ffffffc x27:0x00034403 PA:0x8ffffffc store:0x00034403 load:0x00000000
       46875000	      4588	80001010	34402df3	csrrs	x27,mip,x0	  x0:0x00000000 x27=0x00000000
       46885000	      4589	80001014	01bd2023	sw	x27,0(x26)	 x26:0x8ffffffc x27:0x00000000 PA:0x8ffffffc store:0x00000000 load:0x00000000
       46895000	      4590	80001018	3141106f	jal	x0,8001232c	  x0=0x00000000
       46915000	      4592	8001232c	30002df3	csrrs	x27,mstatus,x0	  x0:0x00000000 x27=0x00000080
       46925000	      4593	80012330	30402df3	csrrs	x27,mie,x0	  x0:0x00000000 x27=0x00360888
       46935000	      4594	80012334	34402df3	csrrs	x27,mip,x0	  x0:0x00000000 x27=0x00000000
       46945000	      4595	80012338	344dbdf3	csrrc	x27,mip,x27	 x27:0x00000000 x27=0x00000000
       46975000	      4598	8001233c	90000d37	lui	x26,0x90000	 x26=0x90000000
       46985000	      4599	80012340	1d71	c.addi	x26,-4	 x26:0x90000000 x26=0x8ffffffc
       46995000	      4600	80012342	4d9d	c.li	x27,7	 x27=0x00000007
       47005000	      4601	80012344	0da2	c.slli	x27,0x8	 x27:0x00000007 x27=0x00000700
       47015000	      4602	80012346	000d8d93	addi	x27,x27,0	 x27:0x00000700 x27=0x00000700
       47025000	      4603	8001234a	01bd2023	sw	x27,0(x26)	 x26:0x8ffffffc x27:0x00000700 PA:0x8ffffffc store:0x00000700 load:0x00000000
       47035000	      4604	8001234e	00068bb3	add	x23,x13,x0	 x13:0x8002cc60  x0:0x00000000 x23=0x8002cc60
       47045000	      4605	80012352	004ba083	lw	x1,4(x23)	 x23:0x8002cc60  x1=0x800094dc PA:0x8002cc64 load:0x800094dc
       47055000	      4606	80012356	008ba103	lw	x2,8(x23)	 x23:0x8002cc60  x2=0x800094c8 PA:0x8002cc68 load:0x800094c8
       47065000	      4607	8001235a	00cba183	lw	x3,12(x23)	 x23:0x8002cc60  x3=0x0001a000 PA:0x8002cc6c load:0x0001a000
       47075000	      4608	8001235e	010ba203	lw	x4,16(x23)	 x23:0x8002cc60  x4=0x00000000 PA:0x8002cc70 load:0x00000000
       47085000	      4609	80012362	014ba283	lw	x5,20(x23)	 x23:0x8002cc60  x5=0xffffffe7 PA:0x8002cc74 load:0xffffffe7
       47095000	      4610	80012366	018ba303	lw	x6,24(x23)	 x23:0x8002cc60  x6=0x800094e2 PA:0x8002cc78 load:0x800094e2
       47105000	      4611	8001236a	01cba383	lw	x7,28(x23)	 x23:0x8002cc60  x7=0x00000073 PA:0x8002cc7c load:0x00000073
       47115000	      4612	8001236e	020ba403	lw	x8,32(x23)	 x23:0x8002cc60  x8=0x0000a5bc PA:0x8002cc80 load:0x0000a5bc
       47125000	      4613	80012372	024ba483	lw	x9,36(x23)	 x23:0x8002cc60  x9=0x0000003f PA:0x8002cc84 load:0x0000003f
       47135000	      4614	80012376	028ba503	lw	x10,40(x23)	 x23:0x8002cc60 x10=0xffffff9d PA:0x8002cc88 load:0xffffff9d
       47145000	      4615	8001237a	02cba583	lw	x11,44(x23)	 x23:0x8002cc60 x11=0xf1e8b1fd PA:0x8002cc8c load:0xf1e8b1fd
       47155000	      4616	8001237e	030ba603	lw	x12,48(x23)	 x23:0x8002cc60 x12=0x000021f0 PA:0x8002cc90 load:0x000021f0
       47165000	      4617	80012382	034ba683	lw	x13,52(x23)	 x23:0x8002cc60 x13=0x8002cce0 PA:0x8002cc94 load:0x8002cce0
       47175000	      4618	80012386	038ba703	lw	x14,56(x23)	 x23:0x8002cc60 x14=0x00000011 PA:0x8002cc98 load:0x00000011
       47185000	      4619	8001238a	03cba783	lw	x15,60(x23)	 x23:0x8002cc60 x15=0x0000000c PA:0x8002cc9c load:0x0000000c
       47195000	      4620	8001238e	040ba803	lw	x16,64(x23)	 x23:0x8002cc60 x16=0x0000003d PA:0x8002cca0 load:0x0000003d
       47205000	      4621	80012392	044ba883	lw	x17,68(x23)	 x23:0x8002cc60 x17=0x459b4638 PA:0x8002cca4 load:0x459b4638
       47215000	      4622	80012396	048ba903	lw	x18,72(x23)	 x23:0x8002cc60 x18=0xd0000000 PA:0x8002cca8 load:0xd0000000
       47225000	      4623	8001239a	04cba983	lw	x19,76(x23)	 x23:0x8002cc60 x19=0x0000645c PA:0x8002ccac load:0x0000645c
       47235000	      4624	8001239e	050baa03	lw	x20,80(x23)	 x23:0x8002cc60 x20=0xffffffff PA:0x8002ccb0 load:0xffffffff
       47245000	      4625	800123a2	054baa83	lw	x21,84(x23)	 x23:0x8002cc60 x21=0x00000014 PA:0x8002ccb4 load:0x00000014
       47255000	      4626	800123a6	058bab03	lw	x22,88(x23)	 x23:0x8002cc60 x22=0xcd0b2cca PA:0x8002ccb8 load:0xcd0b2cca
       47265000	      4627	800123aa	05cbab83	lw	x23,92(x23)	 x23:0x8002cc60 x23=0x8002cc60 PA:0x8002ccbc load:0x8002cc60
       47285000	      4629	800123ae	060bac03	lw	x24,96(x23)	 x23:0x8002cc60 x24=0xcd0b28a6 PA:0x8002ccc0 load:0xcd0b28a6
       47295000	      4630	800123b2	064bac83	lw	x25,100(x23)	 x23:0x8002cc60 x25=0x00000047 PA:0x8002ccc4 load:0x00000047
       47305000	      4631	800123b6	068bad03	lw	x26,104(x23)	 x23:0x8002cc60 x26=0x00000082 PA:0x8002ccc8 load:0x00000082
       47315000	      4632	800123ba	06cbad83	lw	x27,108(x23)	 x23:0x8002cc60 x27=0x79850000 PA:0x8002cccc load:0x79850000
       47325000	      4633	800123be	070bae03	lw	x28,112(x23)	 x23:0x8002cc60 x28=0xffffcce4 PA:0x8002ccd0 load:0xffffcce4
       47335000	      4634	800123c2	074bae83	lw	x29,116(x23)	 x23:0x8002cc60 x29=0x800094ba PA:0x8002ccd4 load:0x800094ba
       47345000	      4635	800123c6	078baf03	lw	x30,120(x23)	 x23:0x8002cc60 x30=0x00002128 PA:0x8002ccd8 load:0x00002128
       47355000	      4636	800123ca	07cbaf83	lw	x31,124(x23)	 x23:0x8002cc60 x31=0x00010000 PA:0x8002ccdc load:0x00010000
       47365000	      4637	800123ce	080b8b93	addi	x23,x23,128	 x23:0x8002cc60 x23=0x8002cce0
       47375000	      4638	800123d2	000b86b3	add	x13,x23,x0	 x23:0x8002cce0  x0:0x00000000 x13=0x8002cce0
       47385000	      4639	800123d6	0006ab83	lw	x23,0(x13)	 x13:0x8002cce0 x23=0x80028e54 PA:0x8002cce0 load:0x80028e54
       47395000	      4640	800123da	0691	c.addi	x13,4	 x13:0x8002cce0 x13=0x8002cce4
       47405000	      4641	800123dc	30200073	mret	
       47445000	      4645	800094d6	fd3ff0ef	jal	x1,800094a8	  x1=0x800094da
       47465000	      4647	800094a8	2025	c.jal	800094d0	  x1=0x800094aa
       47485000	      4649	800094d0	2809	c.jal	800094e2	  x1=0x800094d2
       47505000	      4651	800094e2	a019	c.j	800094e8	
       47525000	      4653	800094e8	bf7d	c.j	800094a6	
       47545000	      4655	800094a6	a091	c.j	800094ea	
       47565000	      4657	800094ea	8d15	c.sub	x10,x13	 x10:0xffffff9d x13:0x8002cce4 x10=0x7ffd32b9
       47575000	      4658	800094ec	0000a117	auipc	x2,0xa	  x2=0x800134ec
       47585000	      4659	800094f0	b9510113	addi	x2,x2,-1131	  x2:0x800134ec  x2=0x80013081
       47595000	      4660	800094f4	147d	c.addi	x8,-1	  x8:0x0000a5bc  x8=0x0000a5bb
       47965000	      4697	800094f6	02176233	rem	x4,x14,x1	 x14:0x00000011  x1:0x800094d2  x4=0x00000011
       47975000	      4698	800094fa	00312903	lw	x18,3(x2)	  x2:0x80013081 x18=0xcb8d8366 PA:0x80013084 load:0xcb8d8366
       47985000	      4699	800094fe	8e39	c.xor	x12,x14	 x12:0x000021f0 x14:0x00000011 x12=0x000021e1
       47995000	      4700	80009500	42e5f513	andi	x10,x11,1070	 x11:0xf1e8b1fd x10=0x0000002c
       48005000	      4701	80009504	feb11ca3	sh	x11,-7(x2)	  x2:0x80013081 x11:0xf1e8b1fd PA:0x8001307a store:0xf1e8b1fd load:0x00000000
       48015000	      4702	80009508	00515803	lhu	x16,5(x2)	  x2:0x80013081 x16=0x0000cb8d PA:0x80013086 load:0x0000cb8d
       48025000	      4703	8000950c	01510623	sb	x21,12(x2)	  x2:0x80013081 x21:0x00000014 PA:0x8001308d store:0x00000014 load:0x00000000
       48035000	      4704	80009510	ff910a23	sb	x25,-12(x2)	  x2:0x80013081 x25:0x00000047 PA:0x80013075 store:0x00000047 load:0x00000000
       48045000	      4705	80009514	00614183	lbu	x3,6(x2)	  x2:0x80013081  x3=0x000000cb PA:0x80013087 load:0x000000cb
       48055000	      4706	80009518	00110423	sb	x1,8(x2)	  x2:0x80013081  x1:0x800094d2 PA:0x80013089 store:0x800094d2 load:0x00000000
       48065000	      4707	8000951c	00310223	sb	x3,4(x2)	  x2:0x80013081  x3:0x000000cb PA:0x80013085 store:0x000000cb load:0x00000000
       48075000	      4708	80009520	01014003	lbu	x0,16(x2)	  x2:0x80013081  x0=0x00000000 PA:0x80013091 load:0x0000004b
       48085000	      4709	80009524	0001	c.addi	x0,0	  x0:0x00000000  x0=0x00000000
       48095000	      4710	80009526	01c8ceb3	xor	x29,x17,x28	 x17:0x459b4638 x28:0xffffcce4 x29=0xba648adc
       48135000	      4714	8000952a	02502733	mulhsu	x14,x0,x5	  x0:0x00000000  x5:0xffffffe7 x14=0x00000000
       48145000	      4715	8000952e	80a5	c.srli	x9,0x9	  x9:0x0000003f  x9=0x00000000
       48155000	      4716	80009530	016102a3	sb	x22,5(x2)	  x2:0x80013081 x22:0xcd0b2cca PA:0x80013086 store:0xcd0b2cca load:0x00000000
       48525000	      4753	80009534	022dfe33	remu	x28,x27,x2	 x27:0x79850000  x2:0x80013081 x28=0x79850000
       48535000	      4754	80009538	00511d03	lh	x26,5(x2)	  x2:0x80013081 x26=0xffffcbca PA:0x80013086 load:0xffffcbca
       48545000	      4755	8000953c	8e0d	c.sub	x12,x11	 x12:0x000021e1 x11:0xf1e8b1fd x12=0x0e176fe4
       48555000	      4756	8000953e	00b10023	sb	x11,0(x2)	  x2:0x80013081 x11:0xf1e8b1fd PA:0x80013081 store:0xf1e8b1fd load:0x00000000
       48565000	      4757	80009542	00014f83	lbu	x31,0(x2)	  x2:0x80013081 x31=0x000000fd PA:0x80013081 load:0x000000fd
       48575000	      4758	80009546	ff110983	lb	x19,-15(x2)	  x2:0x80013081 x19=0xffffffa9 PA:0x80013072 load:0xffffffa9
       48585000	      4759	8000954a	011820b3	slt	x1,x16,x17	 x16:0x0000cb8d x17:0x459b4638  x1=0x00000001
       48595000	      4760	8000954e	ff610e23	sb	x22,-4(x2)	  x2:0x80013081 x22:0xcd0b2cca PA:0x8001307d store:0xcd0b2cca load:0x00000000
       48605000	      4761	80009552	0de6	c.slli	x27,0x19	 x27:0x79850000 x27=0x00000000
       48615000	      4762	80009554	01a04433	xor	x8,x0,x26	  x0:0x00000000 x26:0xffffcbca  x8=0xffffcbca
       48625000	      4763	80009558	00514803	lbu	x16,5(x2)	  x2:0x80013081 x16=0x000000ca PA:0x80013086 load:0x000000ca
       48635000	      4764	8000955c	00311083	lh	x1,3(x2)	  x2:0x80013081  x1=0xffffcb66 PA:0x80013084 load:0xffffcb66
       48645000	      4765	80009560	6751	c.lui	x14,0x14	 x14=0x00014000
       48655000	      4766	80009562	00414083	lbu	x1,4(x2)	  x2:0x80013081  x1=0x000000cb PA:0x80013085 load:0x000000cb
       48665000	      4767	80009566	10500073	wfi	
       49175000	      4818	8000272c	fd8fe06f	jal	x0,80000f04	  x0=0x00000000
       49195000	      4820	80000f04	16f1	c.addi	x13,-4	 x13:0x8002cce4 x13=0x8002cce0
       49205000	      4821	80000f06	0176a023	sw	x23,0(x13)	 x13:0x8002cce0 x23:0x80028e54 PA:0x8002cce0 store:0x80028e54 load:0x00000000
       49215000	      4822	80000f0a	00068bb3	add	x23,x13,x0	 x13:0x8002cce0  x0:0x00000000 x23=0x8002cce0
       49225000	      4823	80000f0e	f80b8b93	addi	x23,x23,-128	 x23:0x8002cce0 x23=0x8002cc60
       49235000	      4824	80000f12	001ba223	sw	x1,4(x23)	 x23:0x8002cc60  x1:0x000000cb PA:0x8002cc64 store:0x000000cb load:0x00000000
       49245000	      4825	80000f16	002ba423	sw	x2,8(x23)	 x23:0x8002cc60  x2:0x80013081 PA:0x8002cc68 store:0x80013081 load:0x00000000
       49255000	      4826	80000f1a	003ba623	sw	x3,12(x23)	 x23:0x8002cc60  x3:0x000000cb PA:0x8002cc6c store:0x000000cb load:0x00000000
       49265000	      4827	80000f1e	004ba823	sw	x4,16(x23)	 x23:0x8002cc60  x4:0x00000011 PA:0x8002cc70 store:0x00000011 load:0x00000000
       49275000	      4828	80000f22	005baa23	sw	x5,20(x23)	 x23:0x8002cc60  x5:0xffffffe7 PA:0x8002cc74 store:0xffffffe7 load:0x00000000
       49285000	      4829	80000f26	006bac23	sw	x6,24(x23)	 x23:0x8002cc60  x6:0x800094e2 PA:0x8002cc78 store:0x800094e2 load:0x00000000
       49295000	      4830	80000f2a	007bae23	sw	x7,28(x23)	 x23:0x8002cc60  x7:0x00000073 PA:0x8002cc7c store:0x00000073 load:0x00000000
       49305000	      4831	80000f2e	028ba023	sw	x8,32(x23)	 x23:0x8002cc60  x8:0xffffcbca PA:0x8002cc80 store:0xffffcbca load:0x00000000
       49315000	      4832	80000f32	029ba223	sw	x9,36(x23)	 x23:0x8002cc60  x9:0x00000000 PA:0x8002cc84 store:0x00000000 load:0x00000000
       49325000	      4833	80000f36	02aba423	sw	x10,40(x23)	 x23:0x8002cc60 x10:0x0000002c PA:0x8002cc88 store:0x0000002c load:0x00000000
       49335000	      4834	80000f3a	02bba623	sw	x11,44(x23)	 x23:0x8002cc60 x11:0xf1e8b1fd PA:0x8002cc8c store:0xf1e8b1fd load:0x00000000
       49345000	      4835	80000f3e	02cba823	sw	x12,48(x23)	 x23:0x8002cc60 x12:0x0e176fe4 PA:0x8002cc90 store:0x0e176fe4 load:0x00000000
       49355000	      4836	80000f42	02dbaa23	sw	x13,52(x23)	 x23:0x8002cc60 x13:0x8002cce0 PA:0x8002cc94 store:0x8002cce0 load:0x00000000
       49365000	      4837	80000f46	02ebac23	sw	x14,56(x23)	 x23:0x8002cc60 x14:0x00014000 PA:0x8002cc98 store:0x00014000 load:0x00000000
       49375000	      4838	80000f4a	02fbae23	sw	x15,60(x23)	 x23:0x8002cc60 x15:0x0000000c PA:0x8002cc9c store:0x0000000c load:0x00000000
       49385000	      4839	80000f4e	050ba023	sw	x16,64(x23)	 x23:0x8002cc60 x16:0x000000ca PA:0x8002cca0 store:0x000000ca load:0x00000000
       49395000	      4840	80000f52	051ba223	sw	x17,68(x23)	 x23:0x8002cc60 x17:0x459b4638 PA:0x8002cca4 store:0x459b4638 load:0x00000000
       49405000	      4841	80000f56	052ba423	sw	x18,72(x23)	 x23:0x8002cc60 x18:0xcb8d8366 PA:0x8002cca8 store:0xcb8d8366 load:0x00000000
       49415000	      4842	80000f5a	053ba623	sw	x19,76(x23)	 x23:0x8002cc60 x19:0xffffffa9 PA:0x8002ccac store:0xffffffa9 load:0x00000000
       49425000	      4843	80000f5e	054ba823	sw	x20,80(x23)	 x23:0x8002cc60 x20:0xffffffff PA:0x8002ccb0 store:0xffffffff load:0x00000000
       49435000	      4844	80000f62	055baa23	sw	x21,84(x23)	 x23:0x8002cc60 x21:0x00000014 PA:0x8002ccb4 store:0x00000014 load:0x00000000
       49445000	      4845	80000f66	056bac23	sw	x22,88(x23)	 x23:0x8002cc60 x22:0xcd0b2cca PA:0x8002ccb8 store:0xcd0b2cca load:0x00000000
       49455000	      4846	80000f6a	057bae23	sw	x23,92(x23)	 x23:0x8002cc60 x23:0x8002cc60 PA:0x8002ccbc store:0x8002cc60 load:0x00000000
       49465000	      4847	80000f6e	078ba023	sw	x24,96(x23)	 x23:0x8002cc60 x24:0xcd0b28a6 PA:0x8002ccc0 store:0xcd0b28a6 load:0x00000000
       49475000	      4848	80000f72	079ba223	sw	x25,100(x23)	 x23:0x8002cc60 x25:0x00000047 PA:0x8002ccc4 store:0x00000047 load:0x00000000
       49485000	      4849	80000f76	07aba423	sw	x26,104(x23)	 x23:0x8002cc60 x26:0xffffcbca PA:0x8002ccc8 store:0xffffcbca load:0x00000000
       49495000	      4850	80000f7a	07bba623	sw	x27,108(x23)	 x23:0x8002cc60 x27:0x00000000 PA:0x8002cccc store:0x00000000 load:0x00000000
       49505000	      4851	80000f7e	07cba823	sw	x28,112(x23)	 x23:0x8002cc60 x28:0x79850000 PA:0x8002ccd0 store:0x79850000 load:0x00000000
       49515000	      4852	80000f82	07dbaa23	sw	x29,116(x23)	 x23:0x8002cc60 x29:0xba648adc PA:0x8002ccd4 store:0xba648adc load:0x00000000
       49525000	      4853	80000f86	07ebac23	sw	x30,120(x23)	 x23:0x8002cc60 x30:0x00002128 PA:0x8002ccd8 store:0x00002128 load:0x00000000
       49535000	      4854	80000f8a	07fbae23	sw	x31,124(x23)	 x23:0x8002cc60 x31:0x000000fd PA:0x8002ccdc store:0x000000fd load:0x00000000
       49545000	      4855	80000f8e	000b86b3	add	x13,x23,x0	 x23:0x8002cc60  x0:0x00000000 x13=0x8002cc60
       49555000	      4856	80000f92	90000d37	lui	x26,0x90000	 x26=0x90000000
       49565000	      4857	80000f96	1d71	c.addi	x26,-4	 x26:0x90000000 x26=0x8ffffffc
       49575000	      4858	80000f98	4d99	c.li	x27,6	 x27=0x00000006
       49585000	      4859	80000f9a	0da2	c.slli	x27,0x8	 x27:0x00000006 x27=0x00000600
       49595000	      4860	80000f9c	000d8d93	addi	x27,x27,0	 x27:0x00000600 x27=0x00000600
       49605000	      4861	80000fa0	01bd2023	sw	x27,0(x26)	 x26:0x8ffffffc x27:0x00000600 PA:0x8ffffffc store:0x00000600 load:0x00000000
       49615000	      4862	80000fa4	34202df3	csrrs	x27,mcause,x0	  x0:0x00000000 x27=0x8000000b
       49625000	      4863	80000fa8	01fddd93	srli	x27,x27,0x1f	 x27:0x8000000b x27=0x00000001
       49635000	      4864	80000fac	060d8863	beq	x27,x0,8000101c	 x27:0x00000001  x0:0x00000000
       49645000	      4865	80000fb0	90000d37	lui	x26,0x90000	 x26=0x90000000
       49655000	      4866	80000fb4	1d71	c.addi	x26,-4	 x26:0x90000000 x26=0x8ffffffc
       49665000	      4867	80000fb6	30000d93	addi	x27,x0,768	  x0:0x00000000 x27=0x00000300
       49675000	      4868	80000fba	0da2	c.slli	x27,0x8	 x27:0x00000300 x27=0x00030000
       49685000	      4869	80000fbc	0d8d	c.addi	x27,3	 x27:0x00030000 x27=0x00030003
       49695000	      4870	80000fbe	01bd2023	sw	x27,0(x26)	 x26:0x8ffffffc x27:0x00030003 PA:0x8ffffffc store:0x00030003 load:0x00000000
       49705000	      4871	80000fc2	30002df3	csrrs	x27,mstatus,x0	  x0:0x00000000 x27=0x00000080
       49715000	      4872	80000fc6	01bd2023	sw	x27,0(x26)	 x26:0x8ffffffc x27:0x00000080 PA:0x8ffffffc store:0x00000080 load:0x00000000
       49725000	      4873	80000fca	90000d37	lui	x26,0x90000	 x26=0x90000000
       49735000	      4874	80000fce	1d71	c.addi	x26,-4	 x26:0x90000000 x26=0x8ffffffc
       49745000	      4875	80000fd0	34200d93	addi	x27,x0,834	  x0:0x00000000 x27=0x00000342
       49755000	      4876	80000fd4	0da2	c.slli	x27,0x8	 x27:0x00000342 x27=0x00034200
       49765000	      4877	80000fd6	0d8d	c.addi	x27,3	 x27:0x00034200 x27=0x00034203
       49775000	      4878	80000fd8	01bd2023	sw	x27,0(x26)	 x26:0x8ffffffc x27:0x00034203 PA:0x8ffffffc store:0x00034203 load:0x00000000
       49785000	      4879	80000fdc	34202df3	csrrs	x27,mcause,x0	  x0:0x00000000 x27=0x8000000b
       49795000	      4880	80000fe0	01bd2023	sw	x27,0(x26)	 x26:0x8ffffffc x27:0x8000000b PA:0x8ffffffc store:0x8000000b load:0x00000000
       49805000	      4881	80000fe4	90000d37	lui	x26,0x90000	 x26=0x90000000
       49815000	      4882	80000fe8	1d71	c.addi	x26,-4	 x26:0x90000000 x26=0x8ffffffc
       49825000	      4883	80000fea	30400d93	addi	x27,x0,772	  x0:0x00000000 x27=0x00000304
       49835000	      4884	80000fee	0da2	c.slli	x27,0x8	 x27:0x00000304 x27=0x00030400
       49845000	      4885	80000ff0	0d8d	c.addi	x27,3	 x27:0x00030400 x27=0x00030403
       49855000	      4886	80000ff2	01bd2023	sw	x27,0(x26)	 x26:0x8ffffffc x27:0x00030403 PA:0x8ffffffc store:0x00030403 load:0x00000000
       49865000	      4887	80000ff6	30402df3	csrrs	x27,mie,x0	  x0:0x00000000 x27=0x00360888
       49875000	      4888	80000ffa	01bd2023	sw	x27,0(x26)	 x26:0x8ffffffc x27:0x00360888 PA:0x8ffffffc store:0x00360888 load:0x00000000
       49885000	      4889	80000ffe	90000d37	lui	x26,0x90000	 x26=0x90000000
       49895000	      4890	80001002	1d71	c.addi	x26,-4	 x26:0x90000000 x26=0x8ffffffc
       49905000	      4891	80001004	34400d93	addi	x27,x0,836	  x0:0x00000000 x27=0x00000344
       49915000	      4892	80001008	0da2	c.slli	x27,0x8	 x27:0x00000344 x27=0x00034400
       49925000	      4893	8000100a	0d8d	c.addi	x27,3	 x27:0x00034400 x27=0x00034403
       49935000	      4894	8000100c	01bd2023	sw	x27,0(x26)	 x26:0x8ffffffc x27:0x00034403 PA:0x8ffffffc store:0x00034403 load:0x00000000
       49945000	      4895	80001010	34402df3	csrrs	x27,mip,x0	  x0:0x00000000 x27=0x00000000
       49955000	      4896	80001014	01bd2023	sw	x27,0(x26)	 x26:0x8ffffffc x27:0x00000000 PA:0x8ffffffc store:0x00000000 load:0x00000000
       49965000	      4897	80001018	3141106f	jal	x0,8001232c	  x0=0x00000000
       49985000	      4899	8001232c	30002df3	csrrs	x27,mstatus,x0	  x0:0x00000000 x27=0x00000080
       49995000	      4900	80012330	30402df3	csrrs	x27,mie,x0	  x0:0x00000000 x27=0x00360888
       50005000	      4901	80012334	34402df3	csrrs	x27,mip,x0	  x0:0x00000000 x27=0x00000000
       50015000	      4902	80012338	344dbdf3	csrrc	x27,mip,x27	 x27:0x00000000 x27=0x00000000
       50045000	      4905	8001233c	90000d37	lui	x26,0x90000	 x26=0x90000000
       50055000	      4906	80012340	1d71	c.addi	x26,-4	 x26:0x90000000 x26=0x8ffffffc
       50065000	      4907	80012342	4d9d	c.li	x27,7	 x27=0x00000007
       50075000	      4908	80012344	0da2	c.slli	x27,0x8	 x27:0x00000007 x27=0x00000700
       50085000	      4909	80012346	000d8d93	addi	x27,x27,0	 x27:0x00000700 x27=0x00000700
       50095000	      4910	8001234a	01bd2023	sw	x27,0(x26)	 x26:0x8ffffffc x27:0x00000700 PA:0x8ffffffc store:0x00000700 load:0x00000000
       50105000	      4911	8001234e	00068bb3	add	x23,x13,x0	 x13:0x8002cc60  x0:0x00000000 x23=0x8002cc60
       50115000	      4912	80012352	004ba083	lw	x1,4(x23)	 x23:0x8002cc60  x1=0x000000cb PA:0x8002cc64 load:0x000000cb
       50125000	      4913	80012356	008ba103	lw	x2,8(x23)	 x23:0x8002cc60  x2=0x80013081 PA:0x8002cc68 load:0x80013081
       50135000	      4914	8001235a	00cba183	lw	x3,12(x23)	 x23:0x8002cc60  x3=0x000000cb PA:0x8002cc6c load:0x000000cb
       50145000	      4915	8001235e	010ba203	lw	x4,16(x23)	 x23:0x8002cc60  x4=0x00000011 PA:0x8002cc70 load:0x00000011
       50155000	      4916	80012362	014ba283	lw	x5,20(x23)	 x23:0x8002cc60  x5=0xffffffe7 PA:0x8002cc74 load:0xffffffe7
       50165000	      4917	80012366	018ba303	lw	x6,24(x23)	 x23:0x8002cc60  x6=0x800094e2 PA:0x8002cc78 load:0x800094e2
       50175000	      4918	8001236a	01cba383	lw	x7,28(x23)	 x23:0x8002cc60  x7=0x00000073 PA:0x8002cc7c load:0x00000073
       50185000	      4919	8001236e	020ba403	lw	x8,32(x23)	 x23:0x8002cc60  x8=0xffffcbca PA:0x8002cc80 load:0xffffcbca
       50195000	      4920	80012372	024ba483	lw	x9,36(x23)	 x23:0x8002cc60  x9=0x00000000 PA:0x8002cc84 load:0x00000000
       50205000	      4921	80012376	028ba503	lw	x10,40(x23)	 x23:0x8002cc60 x10=0x0000002c PA:0x8002cc88 load:0x0000002c
       50215000	      4922	8001237a	02cba583	lw	x11,44(x23)	 x23:0x8002cc60 x11=0xf1e8b1fd PA:0x8002cc8c load:0xf1e8b1fd
       50225000	      4923	8001237e	030ba603	lw	x12,48(x23)	 x23:0x8002cc60 x12=0x0e176fe4 PA:0x8002cc90 load:0x0e176fe4
       50235000	      4924	80012382	034ba683	lw	x13,52(x23)	 x23:0x8002cc60 x13=0x8002cce0 PA:0x8002cc94 load:0x8002cce0
       50245000	      4925	80012386	038ba703	lw	x14,56(x23)	 x23:0x8002cc60 x14=0x00014000 PA:0x8002cc98 load:0x00014000
       50255000	      4926	8001238a	03cba783	lw	x15,60(x23)	 x23:0x8002cc60 x15=0x0000000c PA:0x8002cc9c load:0x0000000c
       50265000	      4927	8001238e	040ba803	lw	x16,64(x23)	 x23:0x8002cc60 x16=0x000000ca PA:0x8002cca0 load:0x000000ca
       50275000	      4928	80012392	044ba883	lw	x17,68(x23)	 x23:0x8002cc60 x17=0x459b4638 PA:0x8002cca4 load:0x459b4638
       50285000	      4929	80012396	048ba903	lw	x18,72(x23)	 x23:0x8002cc60 x18=0xcb8d8366 PA:0x8002cca8 load:0xcb8d8366
       50295000	      4930	8001239a	04cba983	lw	x19,76(x23)	 x23:0x8002cc60 x19=0xffffffa9 PA:0x8002ccac load:0xffffffa9
       50305000	      4931	8001239e	050baa03	lw	x20,80(x23)	 x23:0x8002cc60 x20=0xffffffff PA:0x8002ccb0 load:0xffffffff
       50315000	      4932	800123a2	054baa83	lw	x21,84(x23)	 x23:0x8002cc60 x21=0x00000014 PA:0x8002ccb4 load:0x00000014
       50325000	      4933	800123a6	058bab03	lw	x22,88(x23)	 x23:0x8002cc60 x22=0xcd0b2cca PA:0x8002ccb8 load:0xcd0b2cca
       50335000	      4934	800123aa	05cbab83	lw	x23,92(x23)	 x23:0x8002cc60 x23=0x8002cc60 PA:0x8002ccbc load:0x8002cc60
       50355000	      4936	800123ae	060bac03	lw	x24,96(x23)	 x23:0x8002cc60 x24=0xcd0b28a6 PA:0x8002ccc0 load:0xcd0b28a6
       50365000	      4937	800123b2	064bac83	lw	x25,100(x23)	 x23:0x8002cc60 x25=0x00000047 PA:0x8002ccc4 load:0x00000047
       50375000	      4938	800123b6	068bad03	lw	x26,104(x23)	 x23:0x8002cc60 x26=0xffffcbca PA:0x8002ccc8 load:0xffffcbca
       50385000	      4939	800123ba	06cbad83	lw	x27,108(x23)	 x23:0x8002cc60 x27=0x00000000 PA:0x8002cccc load:0x00000000
       50395000	      4940	800123be	070bae03	lw	x28,112(x23)	 x23:0x8002cc60 x28=0x79850000 PA:0x8002ccd0 load:0x79850000
       50405000	      4941	800123c2	074bae83	lw	x29,116(x23)	 x23:0x8002cc60 x29=0xba648adc PA:0x8002ccd4 load:0xba648adc
       50415000	      4942	800123c6	078baf03	lw	x30,120(x23)	 x23:0x8002cc60 x30=0x00002128 PA:0x8002ccd8 load:0x00002128
       50425000	      4943	800123ca	07cbaf83	lw	x31,124(x23)	 x23:0x8002cc60 x31=0x000000fd PA:0x8002ccdc load:0x000000fd
       50435000	      4944	800123ce	080b8b93	addi	x23,x23,128	 x23:0x8002cc60 x23=0x8002cce0
       50445000	      4945	800123d2	000b86b3	add	x13,x23,x0	 x23:0x8002cce0  x0:0x00000000 x13=0x8002cce0
       50455000	      4946	800123d6	0006ab83	lw	x23,0(x13)	 x13:0x8002cce0 x23=0x80028e54 PA:0x8002cce0 load:0x80028e54
       50465000	      4947	800123da	0691	c.addi	x13,4	 x13:0x8002cce0 x13=0x8002cce4
       50475000	      4948	800123dc	30200073	mret	
       50505000	      4951	8000956a	8c85	c.sub	x9,x9	  x9:0x00000000  x9:0x00000000  x9=0x00000000
       50515000	      4952	8000956c	9a0e	c.add	x20,x3	 x20:0xffffffff  x3:0x000000cb x20=0x000000ca
       50525000	      4953	8000956e	6579	c.lui	x10,0x1e	 x10=0x0001e000
       50535000	      4954	80009570	00a14803	lbu	x16,10(x2)	  x2:0x80013081 x16=0x000000bd PA:0x8001308b load:0x000000bd
       50545000	      4955	80009574	00114b03	lbu	x22,1(x2)	  x2:0x80013081 x22=0x000000b2 PA:0x80013082 load:0x000000b2
       50555000	      4956	80009578	40105ab3	sra	x21,x0,x1	  x0:0x00000000  x1:0x000000cb x21=0x00000000
       50565000	      4957	8000957c	ff810f83	lb	x31,-8(x2)	  x2:0x80013081 x31=0x00000001 PA:0x80013079 load:0x00000001
       50585000	      4959	80009580	01f62f33	slt	x30,x12,x31	 x12:0x0e176fe4 x31:0x00000001 x30=0x00000000
       50595000	      4960	80009584	8f8d	c.sub	x15,x11	 x15:0x0000000c x11:0xf1e8b1fd x15=0x0e174e0f
       50605000	      4961	80009586	0db9	c.addi	x27,14	 x27:0x00000000 x27=0x0000000e
       50975000	      4998	80009588	02a85633	divu	x12,x16,x10	 x16:0x000000bd x10:0x0001e000 x12=0x00000000
       50985000	      4999	8000958c	8e25	c.xor	x12,x9	 x12:0x00000000  x9:0x00000000 x12=0x00000000
       50995000	      5000	8000958e	ff914783	lbu	x15,-7(x2)	  x2:0x80013081 x15=0x000000fd PA:0x8001307a load:0x000000fd
       51005000	      5001	80009592	ff914903	lbu	x18,-7(x2)	  x2:0x80013081 x18=0x000000fd PA:0x8001307a load:0x000000fd
       51015000	      5002	80009596	0000a997	auipc	x19,0xa	 x19=0x80013596
       51025000	      5003	8000959a	43998993	addi	x19,x19,1081	 x19:0x80013596 x19=0x800139cf
       51035000	      5004	8000959e	6279c503	lbu	x10,1575(x19)	 x19:0x800139cf x10=0x000000d5 PA:0x80013ff6 load:0x000000d5
       51045000	      5005	800095a2	39998303	lb	x6,921(x19)	 x19:0x800139cf  x6=0x00000075 PA:0x80013d68 load:0x00000075
       51055000	      5006	800095a6	11f9de03	lhu	x28,287(x19)	 x19:0x800139cf x28=0x00005a4e PA:0x80013aee load:0x00005a4e
       51065000	      5007	800095aa	1ffd	c.addi	x31,-1	 x31:0x00000001 x31=0x00000000
       51075000	      5008	800095ac	c6a98903	lb	x18,-918(x19)	 x19:0x800139cf x18=0x00000049 PA:0x80013639 load:0x00000049
       51085000	      5009	800095b0	f1e98e23	sb	x30,-228(x19)	 x19:0x800139cf x30:0x00000000 PA:0x800138eb store:0x00000000 load:0x00000000
       51095000	      5010	800095b4	e1298803	lb	x16,-494(x19)	 x19:0x800139cf x16=0xffffff86 PA:0x800137e1 load:0xffffff86
       51105000	      5011	800095b8	faed4e93	xori	x29,x26,-82	 x26:0xffffcbca x29=0x00003464
       51115000	      5012	800095bc	8f49cf83	lbu	x31,-1804(x19)	 x19:0x800139cf x31=0x00000046 PA:0x800132c3 load:0x00000046
       51125000	      5013	800095c0	66f98523	sb	x15,1642(x19)	 x19:0x800139cf x15:0x000000fd PA:0x80014039 store:0x000000fd load:0x00000000
       51135000	      5014	800095c4	07a98723	sb	x26,110(x19)	 x19:0x800139cf x26:0xffffcbca PA:0x80013a3d store:0xffffcbca load:0x00000000
       51145000	      5015	800095c8	df09ce03	lbu	x28,-528(x19)	 x19:0x800139cf x28=0x00000095 PA:0x800137bf load:0x00000095
       51155000	      5016	800095cc	cfb9df83	lhu	x31,-773(x19)	 x19:0x800139cf x31=0x00003463 PA:0x800136ca load:0x00003463
       51165000	      5017	800095d0	909e	c.add	x1,x7	  x1:0x000000cb  x7:0x00000073  x1=0x0000013e
       51175000	      5018	800095d2	3b098883	lb	x17,944(x19)	 x19:0x800139cf x17=0x0000004c PA:0x80013d7f load:0x0000004c
       51185000	      5019	800095d6	016980b3	add	x1,x19,x22	 x19:0x800139cf x22:0x000000b2  x1=0x80013a81
       51195000	      5020	800095da	00e85fb3	srl	x31,x16,x14	 x16:0xffffff86 x14:0x00014000 x31=0xffffff86
       51205000	      5021	800095de	81799b03	lh	x22,-2025(x19)	 x19:0x800139cf x22=0x000079ff PA:0x800131e6 load:0x000079ff
       51215000	      5022	800095e2	1104	c.addi4spn	x9,x2,160	  x9=0x80013121
       51225000	      5023	800095e4	21599a83	lh	x21,533(x19)	 x19:0x800139cf x21=0xfffffaa5 PA:0x80013be4 load:0xfffffaa5
       51235000	      5024	800095e8	011bb4b3	sltu	x9,x23,x17	 x23:0x80028e54 x17:0x0000004c  x9=0x00000000
       51245000	      5025	800095ec	63c9cf03	lbu	x30,1596(x19)	 x19:0x800139cf x30=0x000000db PA:0x8001400b load:0x000000db
       51255000	      5026	800095f0	0001	c.addi	x0,0	  x0:0x00000000  x0=0x00000000
       51265000	      5027	800095f2	df09c303	lbu	x6,-528(x19)	 x19:0x800139cf  x6=0x00000095 PA:0x800137bf load:0x00000095
       51305000	      5031	800095f6	02411433	mulh	x8,x2,x4	  x2:0x80013081  x4:0x00000011  x8=0xfffffff7
       51315000	      5032	800095fa	a239c283	lbu	x5,-1501(x19)	 x19:0x800139cf  x5=0x000000e7 PA:0x800133f2 load:0x000000e7
       51325000	      5033	800095fe	50b9c203	lbu	x4,1291(x19)	 x19:0x800139cf  x4=0x000000c7 PA:0x80013eda load:0x000000c7
       51335000	      5034	80009602	717d	c.addi16sp	x2,-16	  x2:0x80013081  x2=0x80013071
       51345000	      5035	80009604	62b99c83	lh	x25,1579(x19)	 x19:0x800139cf x25=0x000015a2 PA:0x80013ffa load:0x000015a2
       51355000	      5036	80009608	c8c9c103	lbu	x2,-884(x19)	 x19:0x800139cf  x2=0x00000051 PA:0x8001365b load:0x00000051
       51365000	      5037	8000960c	fc298a03	lb	x20,-62(x19)	 x19:0x800139cf x20=0xffffff9b PA:0x80013991 load:0xffffff9b
       51375000	      5038	80009610	fc399503	lh	x10,-61(x19)	 x19:0x800139cf x10=0xffffaa7e PA:0x80013992 load:0xffffaa7e
       51385000	      5039	80009614	d77982a3	sb	x23,-667(x19)	 x19:0x800139cf x23:0x80028e54 PA:0x80013734 store:0x80028e54 load:0x00000000
       51395000	      5040	80009618	4329	c.li	x6,10	  x6=0x0000000a
       51405000	      5041	8000961a	0e42	c.slli	x28,0x10	 x28:0x00000095 x28=0x00950000
       51415000	      5042	8000961c	41a5	c.li	x3,9	  x3=0x00000009
       51425000	      5043	8000961e	e4d6c913	xori	x18,x13,-435	 x13:0x8002cce4 x18=0x7ffd32a9
       51435000	      5044	80009622	00df1093	slli	x1,x30,0xd	 x30:0x000000db  x1=0x001b6000
       51445000	      5045	80009626	0642	c.slli	x12,0x10	 x12:0x00000000 x12=0x00000000
       51455000	      5046	80009628	1361	c.addi	x6,-8	  x6:0x0000000a  x6=0x00000002
       51465000	      5047	8000962a	54e1	c.li	x9,-8	  x9=0xfffffff8
       51475000	      5048	8000962c	9a42	c.add	x20,x16	 x20:0xffffff9b x16:0xffffff86 x20=0xffffff21
       51485000	      5049	8000962e	0001	c.addi	x0,0	  x0:0x00000000  x0=0x00000000
       51495000	      5050	80009630	41b90233	sub	x4,x18,x27	 x18:0x7ffd32a9 x27:0x0000000e  x4=0x7ffd329b
       51865000	      5087	80009634	0258f2b3	remu	x5,x17,x5	 x17:0x0000004c  x5:0x000000e7  x5=0x0000004c
       52235000	      5124	80009638	033adfb3	divu	x31,x21,x19	 x21:0xfffffaa5 x19:0x800139cf x31=0x00000001
       52275000	      5128	8000272c	fd8fe06f	jal	x0,80000f04	  x0=0x00000000
       52295000	      5130	80000f04	16f1	c.addi	x13,-4	 x13:0x8002cce4 x13=0x8002cce0
       52305000	      5131	80000f06	0176a023	sw	x23,0(x13)	 x13:0x8002cce0 x23:0x80028e54 PA:0x8002cce0 store:0x80028e54 load:0x00000000
       52315000	      5132	80000f0a	00068bb3	add	x23,x13,x0	 x13:0x8002cce0  x0:0x00000000 x23=0x8002cce0
       52325000	      5133	80000f0e	f80b8b93	addi	x23,x23,-128	 x23:0x8002cce0 x23=0x8002cc60
       52335000	      5134	80000f12	001ba223	sw	x1,4(x23)	 x23:0x8002cc60  x1:0x001b6000 PA:0x8002cc64 store:0x001b6000 load:0x00000000
       52345000	      5135	80000f16	002ba423	sw	x2,8(x23)	 x23:0x8002cc60  x2:0x00000051 PA:0x8002cc68 store:0x00000051 load:0x00000000
       52355000	      5136	80000f1a	003ba623	sw	x3,12(x23)	 x23:0x8002cc60  x3:0x00000009 PA:0x8002cc6c store:0x00000009 load:0x00000000
       52365000	      5137	80000f1e	004ba823	sw	x4,16(x23)	 x23:0x8002cc60  x4:0x7ffd329b PA:0x8002cc70 store:0x7ffd329b load:0x00000000
       52375000	      5138	80000f22	005baa23	sw	x5,20(x23)	 x23:0x8002cc60  x5:0x0000004c PA:0x8002cc74 store:0x0000004c load:0x00000000
       52385000	      5139	80000f26	006bac23	sw	x6,24(x23)	 x23:0x8002cc60  x6:0x00000002 PA:0x8002cc78 store:0x00000002 load:0x00000000
       52395000	      5140	80000f2a	007bae23	sw	x7,28(x23)	 x23:0x8002cc60  x7:0x00000073 PA:0x8002cc7c store:0x00000073 load:0x00000000
       52405000	      5141	80000f2e	028ba023	sw	x8,32(x23)	 x23:0x8002cc60  x8:0xfffffff7 PA:0x8002cc80 store:0xfffffff7 load:0x00000000
       52415000	      5142	80000f32	029ba223	sw	x9,36(x23)	 x23:0x8002cc60  x9:0xfffffff8 PA:0x8002cc84 store:0xfffffff8 load:0x00000000
       52425000	      5143	80000f36	02aba423	sw	x10,40(x23)	 x23:0x8002cc60 x10:0xffffaa7e PA:0x8002cc88 store:0xffffaa7e load:0x00000000
       52435000	      5144	80000f3a	02bba623	sw	x11,44(x23)	 x23:0x8002cc60 x11:0xf1e8b1fd PA:0x8002cc8c store:0xf1e8b1fd load:0x00000000
       52445000	      5145	80000f3e	02cba823	sw	x12,48(x23)	 x23:0x8002cc60 x12:0x00000000 PA:0x8002cc90 store:0x00000000 load:0x00000000
       52455000	      5146	80000f42	02dbaa23	sw	x13,52(x23)	 x23:0x8002cc60 x13:0x8002cce0 PA:0x8002cc94 store:0x8002cce0 load:0x00000000
       52465000	      5147	80000f46	02ebac23	sw	x14,56(x23)	 x23:0x8002cc60 x14:0x00014000 PA:0x8002cc98 store:0x00014000 load:0x00000000
       52475000	      5148	80000f4a	02fbae23	sw	x15,60(x23)	 x23:0x8002cc60 x15:0x000000fd PA:0x8002cc9c store:0x000000fd load:0x00000000
       52485000	      5149	80000f4e	050ba023	sw	x16,64(x23)	 x23:0x8002cc60 x16:0xffffff86 PA:0x8002cca0 store:0xffffff86 load:0x00000000
       52495000	      5150	80000f52	051ba223	sw	x17,68(x23)	 x23:0x8002cc60 x17:0x0000004c PA:0x8002cca4 store:0x0000004c load:0x00000000
       52505000	      5151	80000f56	052ba423	sw	x18,72(x23)	 x23:0x8002cc60 x18:0x7ffd32a9 PA:0x8002cca8 store:0x7ffd32a9 load:0x00000000
       52515000	      5152	80000f5a	053ba623	sw	x19,76(x23)	 x23:0x8002cc60 x19:0x800139cf PA:0x8002ccac store:0x800139cf load:0x00000000
       52525000	      5153	80000f5e	054ba823	sw	x20,80(x23)	 x23:0x8002cc60 x20:0xffffff21 PA:0x8002ccb0 store:0xffffff21 load:0x00000000
       52535000	      5154	80000f62	055baa23	sw	x21,84(x23)	 x23:0x8002cc60 x21:0xfffffaa5 PA:0x8002ccb4 store:0xfffffaa5 load:0x00000000
       52545000	      5155	80000f66	056bac23	sw	x22,88(x23)	 x23:0x8002cc60 x22:0x000079ff PA:0x8002ccb8 store:0x000079ff load:0x00000000
       52555000	      5156	80000f6a	057bae23	sw	x23,92(x23)	 x23:0x8002cc60 x23:0x8002cc60 PA:0x8002ccbc store:0x8002cc60 load:0x00000000
       52565000	      5157	80000f6e	078ba023	sw	x24,96(x23)	 x23:0x8002cc60 x24:0xcd0b28a6 PA:0x8002ccc0 store:0xcd0b28a6 load:0x00000000
       52575000	      5158	80000f72	079ba223	sw	x25,100(x23)	 x23:0x8002cc60 x25:0x000015a2 PA:0x8002ccc4 store:0x000015a2 load:0x00000000
       52585000	      5159	80000f76	07aba423	sw	x26,104(x23)	 x23:0x8002cc60 x26:0xffffcbca PA:0x8002ccc8 store:0xffffcbca load:0x00000000
       52595000	      5160	80000f7a	07bba623	sw	x27,108(x23)	 x23:0x8002cc60 x27:0x0000000e PA:0x8002cccc store:0x0000000e load:0x00000000
       52605000	      5161	80000f7e	07cba823	sw	x28,112(x23)	 x23:0x8002cc60 x28:0x00950000 PA:0x8002ccd0 store:0x00950000 load:0x00000000
       52615000	      5162	80000f82	07dbaa23	sw	x29,116(x23)	 x23:0x8002cc60 x29:0x00003464 PA:0x8002ccd4 store:0x00003464 load:0x00000000
       52625000	      5163	80000f86	07ebac23	sw	x30,120(x23)	 x23:0x8002cc60 x30:0x000000db PA:0x8002ccd8 store:0x000000db load:0x00000000
       52635000	      5164	80000f8a	07fbae23	sw	x31,124(x23)	 x23:0x8002cc60 x31:0x00000001 PA:0x8002ccdc store:0x00000001 load:0x00000000
       52645000	      5165	80000f8e	000b86b3	add	x13,x23,x0	 x23:0x8002cc60  x0:0x00000000 x13=0x8002cc60
       52655000	      5166	80000f92	90000d37	lui	x26,0x90000	 x26=0x90000000
       52665000	      5167	80000f96	1d71	c.addi	x26,-4	 x26:0x90000000 x26=0x8ffffffc
       52675000	      5168	80000f98	4d99	c.li	x27,6	 x27=0x00000006
       52685000	      5169	80000f9a	0da2	c.slli	x27,0x8	 x27:0x00000006 x27=0x00000600
       52695000	      5170	80000f9c	000d8d93	addi	x27,x27,0	 x27:0x00000600 x27=0x00000600
       52705000	      5171	80000fa0	01bd2023	sw	x27,0(x26)	 x26:0x8ffffffc x27:0x00000600 PA:0x8ffffffc store:0x00000600 load:0x00000000
       52715000	      5172	80000fa4	34202df3	csrrs	x27,mcause,x0	  x0:0x00000000 x27=0x8000000b
       52725000	      5173	80000fa8	01fddd93	srli	x27,x27,0x1f	 x27:0x8000000b x27=0x00000001
       52735000	      5174	80000fac	060d8863	beq	x27,x0,8000101c	 x27:0x00000001  x0:0x00000000
       52745000	      5175	80000fb0	90000d37	lui	x26,0x90000	 x26=0x90000000
       52755000	      5176	80000fb4	1d71	c.addi	x26,-4	 x26:0x90000000 x26=0x8ffffffc
       52765000	      5177	80000fb6	30000d93	addi	x27,x0,768	  x0:0x00000000 x27=0x00000300
       52775000	      5178	80000fba	0da2	c.slli	x27,0x8	 x27:0x00000300 x27=0x00030000
       52785000	      5179	80000fbc	0d8d	c.addi	x27,3	 x27:0x00030000 x27=0x00030003
       52795000	      5180	80000fbe	01bd2023	sw	x27,0(x26)	 x26:0x8ffffffc x27:0x00030003 PA:0x8ffffffc store:0x00030003 load:0x00000000
       52805000	      5181	80000fc2	30002df3	csrrs	x27,mstatus,x0	  x0:0x00000000 x27=0x00000080
       52815000	      5182	80000fc6	01bd2023	sw	x27,0(x26)	 x26:0x8ffffffc x27:0x00000080 PA:0x8ffffffc store:0x00000080 load:0x00000000
       52825000	      5183	80000fca	90000d37	lui	x26,0x90000	 x26=0x90000000
       52835000	      5184	80000fce	1d71	c.addi	x26,-4	 x26:0x90000000 x26=0x8ffffffc
       52845000	      5185	80000fd0	34200d93	addi	x27,x0,834	  x0:0x00000000 x27=0x00000342
       52855000	      5186	80000fd4	0da2	c.slli	x27,0x8	 x27:0x00000342 x27=0x00034200
       52865000	      5187	80000fd6	0d8d	c.addi	x27,3	 x27:0x00034200 x27=0x00034203
       52875000	      5188	80000fd8	01bd2023	sw	x27,0(x26)	 x26:0x8ffffffc x27:0x00034203 PA:0x8ffffffc store:0x00034203 load:0x00000000
       52885000	      5189	80000fdc	34202df3	csrrs	x27,mcause,x0	  x0:0x00000000 x27=0x8000000b
       52895000	      5190	80000fe0	01bd2023	sw	x27,0(x26)	 x26:0x8ffffffc x27:0x8000000b PA:0x8ffffffc store:0x8000000b load:0x00000000
       52905000	      5191	80000fe4	90000d37	lui	x26,0x90000	 x26=0x90000000
       52915000	      5192	80000fe8	1d71	c.addi	x26,-4	 x26:0x90000000 x26=0x8ffffffc
       52925000	      5193	80000fea	30400d93	addi	x27,x0,772	  x0:0x00000000 x27=0x00000304
       52935000	      5194	80000fee	0da2	c.slli	x27,0x8	 x27:0x00000304 x27=0x00030400
       52945000	      5195	80000ff0	0d8d	c.addi	x27,3	 x27:0x00030400 x27=0x00030403
       52955000	      5196	80000ff2	01bd2023	sw	x27,0(x26)	 x26:0x8ffffffc x27:0x00030403 PA:0x8ffffffc store:0x00030403 load:0x00000000
       52965000	      5197	80000ff6	30402df3	csrrs	x27,mie,x0	  x0:0x00000000 x27=0x00360888
       52975000	      5198	80000ffa	01bd2023	sw	x27,0(x26)	 x26:0x8ffffffc x27:0x00360888 PA:0x8ffffffc store:0x00360888 load:0x00000000
       52985000	      5199	80000ffe	90000d37	lui	x26,0x90000	 x26=0x90000000
       52995000	      5200	80001002	1d71	c.addi	x26,-4	 x26:0x90000000 x26=0x8ffffffc
       53005000	      5201	80001004	34400d93	addi	x27,x0,836	  x0:0x00000000 x27=0x00000344
       53015000	      5202	80001008	0da2	c.slli	x27,0x8	 x27:0x00000344 x27=0x00034400
       53025000	      5203	8000100a	0d8d	c.addi	x27,3	 x27:0x00034400 x27=0x00034403
       53035000	      5204	8000100c	01bd2023	sw	x27,0(x26)	 x26:0x8ffffffc x27:0x00034403 PA:0x8ffffffc store:0x00034403 load:0x00000000
       53045000	      5205	80001010	34402df3	csrrs	x27,mip,x0	  x0:0x00000000 x27=0x00000000
       53055000	      5206	80001014	01bd2023	sw	x27,0(x26)	 x26:0x8ffffffc x27:0x00000000 PA:0x8ffffffc store:0x00000000 load:0x00000000
       53065000	      5207	80001018	3141106f	jal	x0,8001232c	  x0=0x00000000
       53085000	      5209	8001232c	30002df3	csrrs	x27,mstatus,x0	  x0:0x00000000 x27=0x00000080
       53095000	      5210	80012330	30402df3	csrrs	x27,mie,x0	  x0:0x00000000 x27=0x00360888
       53105000	      5211	80012334	34402df3	csrrs	x27,mip,x0	  x0:0x00000000 x27=0x00000000
       53115000	      5212	80012338	344dbdf3	csrrc	x27,mip,x27	 x27:0x00000000 x27=0x00000000
       53145000	      5215	8001233c	90000d37	lui	x26,0x90000	 x26=0x90000000
       53155000	      5216	80012340	1d71	c.addi	x26,-4	 x26:0x90000000 x26=0x8ffffffc
       53165000	      5217	80012342	4d9d	c.li	x27,7	 x27=0x00000007
       53175000	      5218	80012344	0da2	c.slli	x27,0x8	 x27:0x00000007 x27=0x00000700
       53185000	      5219	80012346	000d8d93	addi	x27,x27,0	 x27:0x00000700 x27=0x00000700
       53195000	      5220	8001234a	01bd2023	sw	x27,0(x26)	 x26:0x8ffffffc x27:0x00000700 PA:0x8ffffffc store:0x00000700 load:0x00000000
       53205000	      5221	8001234e	00068bb3	add	x23,x13,x0	 x13:0x8002cc60  x0:0x00000000 x23=0x8002cc60
       53215000	      5222	80012352	004ba083	lw	x1,4(x23)	 x23:0x8002cc60  x1=0x001b6000 PA:0x8002cc64 load:0x001b6000
       53225000	      5223	80012356	008ba103	lw	x2,8(x23)	 x23:0x8002cc60  x2=0x00000051 PA:0x8002cc68 load:0x00000051
       53235000	      5224	8001235a	00cba183	lw	x3,12(x23)	 x23:0x8002cc60  x3=0x00000009 PA:0x8002cc6c load:0x00000009
       53245000	      5225	8001235e	010ba203	lw	x4,16(x23)	 x23:0x8002cc60  x4=0x7ffd329b PA:0x8002cc70 load:0x7ffd329b
       53255000	      5226	80012362	014ba283	lw	x5,20(x23)	 x23:0x8002cc60  x5=0x0000004c PA:0x8002cc74 load:0x0000004c
       53265000	      5227	80012366	018ba303	lw	x6,24(x23)	 x23:0x8002cc60  x6=0x00000002 PA:0x8002cc78 load:0x00000002
       53275000	      5228	8001236a	01cba383	lw	x7,28(x23)	 x23:0x8002cc60  x7=0x00000073 PA:0x8002cc7c load:0x00000073
       53285000	      5229	8001236e	020ba403	lw	x8,32(x23)	 x23:0x8002cc60  x8=0xfffffff7 PA:0x8002cc80 load:0xfffffff7
       53295000	      5230	80012372	024ba483	lw	x9,36(x23)	 x23:0x8002cc60  x9=0xfffffff8 PA:0x8002cc84 load:0xfffffff8
       53305000	      5231	80012376	028ba503	lw	x10,40(x23)	 x23:0x8002cc60 x10=0xffffaa7e PA:0x8002cc88 load:0xffffaa7e
       53315000	      5232	8001237a	02cba583	lw	x11,44(x23)	 x23:0x8002cc60 x11=0xf1e8b1fd PA:0x8002cc8c load:0xf1e8b1fd
       53325000	      5233	8001237e	030ba603	lw	x12,48(x23)	 x23:0x8002cc60 x12=0x00000000 PA:0x8002cc90 load:0x00000000
       53335000	      5234	80012382	034ba683	lw	x13,52(x23)	 x23:0x8002cc60 x13=0x8002cce0 PA:0x8002cc94 load:0x8002cce0
       53345000	      5235	80012386	038ba703	lw	x14,56(x23)	 x23:0x8002cc60 x14=0x00014000 PA:0x8002cc98 load:0x00014000
       53355000	      5236	8001238a	03cba783	lw	x15,60(x23)	 x23:0x8002cc60 x15=0x000000fd PA:0x8002cc9c load:0x000000fd
       53365000	      5237	8001238e	040ba803	lw	x16,64(x23)	 x23:0x8002cc60 x16=0xffffff86 PA:0x8002cca0 load:0xffffff86
       53375000	      5238	80012392	044ba883	lw	x17,68(x23)	 x23:0x8002cc60 x17=0x0000004c PA:0x8002cca4 load:0x0000004c
       53385000	      5239	80012396	048ba903	lw	x18,72(x23)	 x23:0x8002cc60 x18=0x7ffd32a9 PA:0x8002cca8 load:0x7ffd32a9
       53395000	      5240	8001239a	04cba983	lw	x19,76(x23)	 x23:0x8002cc60 x19=0x800139cf PA:0x8002ccac load:0x800139cf
       53405000	      5241	8001239e	050baa03	lw	x20,80(x23)	 x23:0x8002cc60 x20=0xffffff21 PA:0x8002ccb0 load:0xffffff21
       53415000	      5242	800123a2	054baa83	lw	x21,84(x23)	 x23:0x8002cc60 x21=0xfffffaa5 PA:0x8002ccb4 load:0xfffffaa5
       53425000	      5243	800123a6	058bab03	lw	x22,88(x23)	 x23:0x8002cc60 x22=0x000079ff PA:0x8002ccb8 load:0x000079ff
       53435000	      5244	800123aa	05cbab83	lw	x23,92(x23)	 x23:0x8002cc60 x23=0x8002cc60 PA:0x8002ccbc load:0x8002cc60
       53455000	      5246	800123ae	060bac03	lw	x24,96(x23)	 x23:0x8002cc60 x24=0xcd0b28a6 PA:0x8002ccc0 load:0xcd0b28a6
       53465000	      5247	800123b2	064bac83	lw	x25,100(x23)	 x23:0x8002cc60 x25=0x000015a2 PA:0x8002ccc4 load:0x000015a2
       53475000	      5248	800123b6	068bad03	lw	x26,104(x23)	 x23:0x8002cc60 x26=0xffffcbca PA:0x8002ccc8 load:0xffffcbca
       53485000	      5249	800123ba	06cbad83	lw	x27,108(x23)	 x23:0x8002cc60 x27=0x0000000e PA:0x8002cccc load:0x0000000e
       53495000	      5250	800123be	070bae03	lw	x28,112(x23)	 x23:0x8002cc60 x28=0x00950000 PA:0x8002ccd0 load:0x00950000
       53505000	      5251	800123c2	074bae83	lw	x29,116(x23)	 x23:0x8002cc60 x29=0x00003464 PA:0x8002ccd4 load:0x00003464
       53515000	      5252	800123c6	078baf03	lw	x30,120(x23)	 x23:0x8002cc60 x30=0x000000db PA:0x8002ccd8 load:0x000000db
       53525000	      5253	800123ca	07cbaf83	lw	x31,124(x23)	 x23:0x8002cc60 x31=0x00000001 PA:0x8002ccdc load:0x00000001
       53535000	      5254	800123ce	080b8b93	addi	x23,x23,128	 x23:0x8002cc60 x23=0x8002cce0
       53545000	      5255	800123d2	000b86b3	add	x13,x23,x0	 x23:0x8002cce0  x0:0x00000000 x13=0x8002cce0
       53555000	      5256	800123d6	0006ab83	lw	x23,0(x13)	 x13:0x8002cce0 x23=0x80028e54 PA:0x8002cce0 load:0x80028e54
       53565000	      5257	800123da	0691	c.addi	x13,4	 x13:0x8002cce0 x13=0x8002cce4
       53575000	      5258	800123dc	30200073	mret	
       53605000	      5261	8000963c	002a30b3	sltu	x1,x20,x2	 x20:0xffffff21  x2:0x00000051  x1=0x00000000
       53615000	      5262	80009640	04a1	c.addi	x9,8	  x9:0xfffffff8  x9=0x00000000
       53625000	      5263	80009642	f8fd	c.bnez	x9,80009638	  x9:0x00000000
       53635000	      5264	80009644	0001	c.addi	x0,0	  x0:0x00000000  x0=0x00000000
       53655000	      5266	80009646	0214ee33	rem	x28,x9,x1	  x9:0x00000000  x1:0x00000000 x28=0x00000000
       53665000	      5267	8000964a	00c6b7b3	sltu	x15,x13,x12	 x13:0x8002cce4 x12:0x00000000 x15=0x00000000
       53675000	      5268	8000964e	fc3378e3	bgeu	x6,x3,8000961e	  x6:0x00000002  x3:0x00000009
       53685000	      5269	80009652	0d7e1c17	auipc	x24,0xd7e1	 x24=0x8d7ea652
       53695000	      5270	80009656	0000bd97	auipc	x27,0xb	 x27=0x80014656
       53705000	      5271	8000965a	9b3d8d93	addi	x27,x27,-1613	 x27:0x80014656 x27=0x80014009
       54075000	      5308	8000965e	03a070b3	remu	x1,x0,x26	  x0:0x00000000 x26:0xffffcbca  x1=0x00000000
       54085000	      5309	80009662	419d5d33	sra	x26,x26,x25	 x26:0xffffcbca x25:0x000015a2 x26=0xfffff2f2
       54095000	      5310	80009666	b3fd84a3	sb	x31,-1239(x27)	 x27:0x80014009 x31:0x00000001 PA:0x80013b32 store:0x00000001 load:0x00000000
       54135000	      5314	8000966a	028cb3b3	mulhu	x7,x25,x8	 x25:0x000015a2  x8:0xfffffff7  x7=0x000015a1
       54145000	      5315	8000966e	02eda3a3	sw	x14,39(x27)	 x27:0x80014009 x14:0x00014000 PA:0x80014030 store:0x00014000 load:0x00000000
       54155000	      5316	80009672	f85d8aa3	sb	x5,-107(x27)	 x27:0x80014009  x5:0x0000004c PA:0x80013f9e store:0x0000004c load:0x00000000
       54165000	      5317	80009676	c7cd8223	sb	x28,-924(x27)	 x27:0x80014009 x28:0x00000000 PA:0x80013c6d store:0x00000000 load:0x00000000
       54175000	      5318	8000967a	8d51	c.or	x10,x12	 x10:0xffffaa7e x12:0x00000000 x10=0xffffaa7e
       54185000	      5319	8000967c	d73d8e23	sb	x19,-644(x27)	 x27:0x80014009 x19:0x800139cf PA:0x80013d85 store:0x800139cf load:0x00000000
       54195000	      5320	80009680	01f409b3	add	x19,x8,x31	  x8:0xfffffff7 x31:0x00000001 x19=0xfffffff8
       54205000	      5321	80009684	8b7d82a3	sb	x23,-1883(x27)	 x27:0x80014009 x23:0x80028e54 PA:0x800138ae store:0x80028e54 load:0x00000000
       54215000	      5322	80009688	bfad8503	lb	x10,-1030(x27)	 x27:0x80014009 x10=0x00000046 PA:0x80013c03 load:0x00000046
       54225000	      5323	8000968c	012a	c.slli	x2,0xa	  x2:0x00000051  x2=0x00014400
       54235000	      5324	8000968e	412e0033	sub	x0,x28,x18	 x28:0x00000000 x18:0x7ffd32a9  x0=0x00000000
       54245000	      5325	80009692	567d	c.li	x12,-1	 x12=0xffffffff
       54255000	      5326	80009694	10500073	wfi	
       55345000	      5435	8000272c	fd8fe06f	jal	x0,80000f04	  x0=0x00000000
       55365000	      5437	80000f04	16f1	c.addi	x13,-4	 x13:0x8002cce4 x13=0x8002cce0
       55375000	      5438	80000f06	0176a023	sw	x23,0(x13)	 x13:0x8002cce0 x23:0x80028e54 PA:0x8002cce0 store:0x80028e54 load:0x00000000
       55385000	      5439	80000f0a	00068bb3	add	x23,x13,x0	 x13:0x8002cce0  x0:0x00000000 x23=0x8002cce0
       55395000	      5440	80000f0e	f80b8b93	addi	x23,x23,-128	 x23:0x8002cce0 x23=0x8002cc60
       55405000	      5441	80000f12	001ba223	sw	x1,4(x23)	 x23:0x8002cc60  x1:0x00000000 PA:0x8002cc64 store:0x00000000 load:0x00000000
       55415000	      5442	80000f16	002ba423	sw	x2,8(x23)	 x23:0x8002cc60  x2:0x00014400 PA:0x8002cc68 store:0x00014400 load:0x00000000
       55425000	      5443	80000f1a	003ba623	sw	x3,12(x23)	 x23:0x8002cc60  x3:0x00000009 PA:0x8002cc6c store:0x00000009 load:0x00000000
       55435000	      5444	80000f1e	004ba823	sw	x4,16(x23)	 x23:0x8002cc60  x4:0x7ffd329b PA:0x8002cc70 store:0x7ffd329b load:0x00000000
       55445000	      5445	80000f22	005baa23	sw	x5,20(x23)	 x23:0x8002cc60  x5:0x0000004c PA:0x8002cc74 store:0x0000004c load:0x00000000
       55455000	      5446	80000f26	006bac23	sw	x6,24(x23)	 x23:0x8002cc60  x6:0x00000002 PA:0x8002cc78 store:0x00000002 load:0x00000000
       55465000	      5447	80000f2a	007bae23	sw	x7,28(x23)	 x23:0x8002cc60  x7:0x000015a1 PA:0x8002cc7c store:0x000015a1 load:0x00000000
       55475000	      5448	80000f2e	028ba023	sw	x8,32(x23)	 x23:0x8002cc60  x8:0xfffffff7 PA:0x8002cc80 store:0xfffffff7 load:0x00000000
       55485000	      5449	80000f32	029ba223	sw	x9,36(x23)	 x23:0x8002cc60  x9:0x00000000 PA:0x8002cc84 store:0x00000000 load:0x00000000
       55495000	      5450	80000f36	02aba423	sw	x10,40(x23)	 x23:0x8002cc60 x10:0x00000046 PA:0x8002cc88 store:0x00000046 load:0x00000000
       55505000	      5451	80000f3a	02bba623	sw	x11,44(x23)	 x23:0x8002cc60 x11:0xf1e8b1fd PA:0x8002cc8c store:0xf1e8b1fd load:0x00000000
       55515000	      5452	80000f3e	02cba823	sw	x12,48(x23)	 x23:0x8002cc60 x12:0xffffffff PA:0x8002cc90 store:0xffffffff load:0x00000000
       55525000	      5453	80000f42	02dbaa23	sw	x13,52(x23)	 x23:0x8002cc60 x13:0x8002cce0 PA:0x8002cc94 store:0x8002cce0 load:0x00000000
       55535000	      5454	80000f46	02ebac23	sw	x14,56(x23)	 x23:0x8002cc60 x14:0x00014000 PA:0x8002cc98 store:0x00014000 load:0x00000000
       55545000	      5455	80000f4a	02fbae23	sw	x15,60(x23)	 x23:0x8002cc60 x15:0x00000000 PA:0x8002cc9c store:0x00000000 load:0x00000000
       55555000	      5456	80000f4e	050ba023	sw	x16,64(x23)	 x23:0x8002cc60 x16:0xffffff86 PA:0x8002cca0 store:0xffffff86 load:0x00000000
       55565000	      5457	80000f52	051ba223	sw	x17,68(x23)	 x23:0x8002cc60 x17:0x0000004c PA:0x8002cca4 store:0x0000004c load:0x00000000
       55575000	      5458	80000f56	052ba423	sw	x18,72(x23)	 x23:0x8002cc60 x18:0x7ffd32a9 PA:0x8002cca8 store:0x7ffd32a9 load:0x00000000
       55585000	      5459	80000f5a	053ba623	sw	x19,76(x23)	 x23:0x8002cc60 x19:0xfffffff8 PA:0x8002ccac store:0xfffffff8 load:0x00000000
       55595000	      5460	80000f5e	054ba823	sw	x20,80(x23)	 x23:0x8002cc60 x20:0xffffff21 PA:0x8002ccb0 store:0xffffff21 load:0x00000000
       55605000	      5461	80000f62	055baa23	sw	x21,84(x23)	 x23:0x8002cc60 x21:0xfffffaa5 PA:0x8002ccb4 store:0xfffffaa5 load:0x00000000
       55615000	      5462	80000f66	056bac23	sw	x22,88(x23)	 x23:0x8002cc60 x22:0x000079ff PA:0x8002ccb8 store:0x000079ff load:0x00000000
       55625000	      5463	80000f6a	057bae23	sw	x23,92(x23)	 x23:0x8002cc60 x23:0x8002cc60 PA:0x8002ccbc store:0x8002cc60 load:0x00000000
       55635000	      5464	80000f6e	078ba023	sw	x24,96(x23)	 x23:0x8002cc60 x24:0x8d7ea652 PA:0x8002ccc0 store:0x8d7ea652 load:0x00000000
       55645000	      5465	80000f72	079ba223	sw	x25,100(x23)	 x23:0x8002cc60 x25:0x000015a2 PA:0x8002ccc4 store:0x000015a2 load:0x00000000
       55655000	      5466	80000f76	07aba423	sw	x26,104(x23)	 x23:0x8002cc60 x26:0xfffff2f2 PA:0x8002ccc8 store:0xfffff2f2 load:0x00000000
       55665000	      5467	80000f7a	07bba623	sw	x27,108(x23)	 x23:0x8002cc60 x27:0x80014009 PA:0x8002cccc store:0x80014009 load:0x00000000
       55675000	      5468	80000f7e	07cba823	sw	x28,112(x23)	 x23:0x8002cc60 x28:0x00000000 PA:0x8002ccd0 store:0x00000000 load:0x00000000
       55685000	      5469	80000f82	07dbaa23	sw	x29,116(x23)	 x23:0x8002cc60 x29:0x00003464 PA:0x8002ccd4 store:0x00003464 load:0x00000000
       55695000	      5470	80000f86	07ebac23	sw	x30,120(x23)	 x23:0x8002cc60 x30:0x000000db PA:0x8002ccd8 store:0x000000db load:0x00000000
       55705000	      5471	80000f8a	07fbae23	sw	x31,124(x23)	 x23:0x8002cc60 x31:0x00000001 PA:0x8002ccdc store:0x00000001 load:0x00000000
       55715000	      5472	80000f8e	000b86b3	add	x13,x23,x0	 x23:0x8002cc60  x0:0x00000000 x13=0x8002cc60
       55725000	      5473	80000f92	90000d37	lui	x26,0x90000	 x26=0x90000000
       55735000	      5474	80000f96	1d71	c.addi	x26,-4	 x26:0x90000000 x26=0x8ffffffc
       55745000	      5475	80000f98	4d99	c.li	x27,6	 x27=0x00000006
       55755000	      5476	80000f9a	0da2	c.slli	x27,0x8	 x27:0x00000006 x27=0x00000600
       55765000	      5477	80000f9c	000d8d93	addi	x27,x27,0	 x27:0x00000600 x27=0x00000600
       55775000	      5478	80000fa0	01bd2023	sw	x27,0(x26)	 x26:0x8ffffffc x27:0x00000600 PA:0x8ffffffc store:0x00000600 load:0x00000000
       55785000	      5479	80000fa4	34202df3	csrrs	x27,mcause,x0	  x0:0x00000000 x27=0x8000000b
       55795000	      5480	80000fa8	01fddd93	srli	x27,x27,0x1f	 x27:0x8000000b x27=0x00000001
       55805000	      5481	80000fac	060d8863	beq	x27,x0,8000101c	 x27:0x00000001  x0:0x00000000
       55815000	      5482	80000fb0	90000d37	lui	x26,0x90000	 x26=0x90000000
       55825000	      5483	80000fb4	1d71	c.addi	x26,-4	 x26:0x90000000 x26=0x8ffffffc
       55835000	      5484	80000fb6	30000d93	addi	x27,x0,768	  x0:0x00000000 x27=0x00000300
       55845000	      5485	80000fba	0da2	c.slli	x27,0x8	 x27:0x00000300 x27=0x00030000
       55855000	      5486	80000fbc	0d8d	c.addi	x27,3	 x27:0x00030000 x27=0x00030003
       55865000	      5487	80000fbe	01bd2023	sw	x27,0(x26)	 x26:0x8ffffffc x27:0x00030003 PA:0x8ffffffc store:0x00030003 load:0x00000000
       55875000	      5488	80000fc2	30002df3	csrrs	x27,mstatus,x0	  x0:0x00000000 x27=0x00000080
       55885000	      5489	80000fc6	01bd2023	sw	x27,0(x26)	 x26:0x8ffffffc x27:0x00000080 PA:0x8ffffffc store:0x00000080 load:0x00000000
       55895000	      5490	80000fca	90000d37	lui	x26,0x90000	 x26=0x90000000
       55905000	      5491	80000fce	1d71	c.addi	x26,-4	 x26:0x90000000 x26=0x8ffffffc
       55915000	      5492	80000fd0	34200d93	addi	x27,x0,834	  x0:0x00000000 x27=0x00000342
       55925000	      5493	80000fd4	0da2	c.slli	x27,0x8	 x27:0x00000342 x27=0x00034200
       55935000	      5494	80000fd6	0d8d	c.addi	x27,3	 x27:0x00034200 x27=0x00034203
       55945000	      5495	80000fd8	01bd2023	sw	x27,0(x26)	 x26:0x8ffffffc x27:0x00034203 PA:0x8ffffffc store:0x00034203 load:0x00000000
       55955000	      5496	80000fdc	34202df3	csrrs	x27,mcause,x0	  x0:0x00000000 x27=0x8000000b
       55965000	      5497	80000fe0	01bd2023	sw	x27,0(x26)	 x26:0x8ffffffc x27:0x8000000b PA:0x8ffffffc store:0x8000000b load:0x00000000
       55975000	      5498	80000fe4	90000d37	lui	x26,0x90000	 x26=0x90000000
       55985000	      5499	80000fe8	1d71	c.addi	x26,-4	 x26:0x90000000 x26=0x8ffffffc
       55995000	      5500	80000fea	30400d93	addi	x27,x0,772	  x0:0x00000000 x27=0x00000304
       56005000	      5501	80000fee	0da2	c.slli	x27,0x8	 x27:0x00000304 x27=0x00030400
       56015000	      5502	80000ff0	0d8d	c.addi	x27,3	 x27:0x00030400 x27=0x00030403
       56025000	      5503	80000ff2	01bd2023	sw	x27,0(x26)	 x26:0x8ffffffc x27:0x00030403 PA:0x8ffffffc store:0x00030403 load:0x00000000
       56035000	      5504	80000ff6	30402df3	csrrs	x27,mie,x0	  x0:0x00000000 x27=0x00360888
       56045000	      5505	80000ffa	01bd2023	sw	x27,0(x26)	 x26:0x8ffffffc x27:0x00360888 PA:0x8ffffffc store:0x00360888 load:0x00000000
       56055000	      5506	80000ffe	90000d37	lui	x26,0x90000	 x26=0x90000000
       56065000	      5507	80001002	1d71	c.addi	x26,-4	 x26:0x90000000 x26=0x8ffffffc
       56075000	      5508	80001004	34400d93	addi	x27,x0,836	  x0:0x00000000 x27=0x00000344
       56085000	      5509	80001008	0da2	c.slli	x27,0x8	 x27:0x00000344 x27=0x00034400
       56095000	      5510	8000100a	0d8d	c.addi	x27,3	 x27:0x00034400 x27=0x00034403
       56105000	      5511	8000100c	01bd2023	sw	x27,0(x26)	 x26:0x8ffffffc x27:0x00034403 PA:0x8ffffffc store:0x00034403 load:0x00000000
       56115000	      5512	80001010	34402df3	csrrs	x27,mip,x0	  x0:0x00000000 x27=0x00000000
       56125000	      5513	80001014	01bd2023	sw	x27,0(x26)	 x26:0x8ffffffc x27:0x00000000 PA:0x8ffffffc store:0x00000000 load:0x00000000
       56135000	      5514	80001018	3141106f	jal	x0,8001232c	  x0=0x00000000
       56155000	      5516	8001232c	30002df3	csrrs	x27,mstatus,x0	  x0:0x00000000 x27=0x00000080
       56165000	      5517	80012330	30402df3	csrrs	x27,mie,x0	  x0:0x00000000 x27=0x00360888
       56175000	      5518	80012334	34402df3	csrrs	x27,mip,x0	  x0:0x00000000 x27=0x00000000
       56185000	      5519	80012338	344dbdf3	csrrc	x27,mip,x27	 x27:0x00000000 x27=0x00000000
       56215000	      5522	8001233c	90000d37	lui	x26,0x90000	 x26=0x90000000
       56225000	      5523	80012340	1d71	c.addi	x26,-4	 x26:0x90000000 x26=0x8ffffffc
       56235000	      5524	80012342	4d9d	c.li	x27,7	 x27=0x00000007
       56245000	      5525	80012344	0da2	c.slli	x27,0x8	 x27:0x00000007 x27=0x00000700
       56255000	      5526	80012346	000d8d93	addi	x27,x27,0	 x27:0x00000700 x27=0x00000700
       56265000	      5527	8001234a	01bd2023	sw	x27,0(x26)	 x26:0x8ffffffc x27:0x00000700 PA:0x8ffffffc store:0x00000700 load:0x00000000
       56275000	      5528	8001234e	00068bb3	add	x23,x13,x0	 x13:0x8002cc60  x0:0x00000000 x23=0x8002cc60
       56285000	      5529	80012352	004ba083	lw	x1,4(x23)	 x23:0x8002cc60  x1=0x00000000 PA:0x8002cc64 load:0x00000000
       56295000	      5530	80012356	008ba103	lw	x2,8(x23)	 x23:0x8002cc60  x2=0x00014400 PA:0x8002cc68 load:0x00014400
       56305000	      5531	8001235a	00cba183	lw	x3,12(x23)	 x23:0x8002cc60  x3=0x00000009 PA:0x8002cc6c load:0x00000009
       56315000	      5532	8001235e	010ba203	lw	x4,16(x23)	 x23:0x8002cc60  x4=0x7ffd329b PA:0x8002cc70 load:0x7ffd329b
       56325000	      5533	80012362	014ba283	lw	x5,20(x23)	 x23:0x8002cc60  x5=0x0000004c PA:0x8002cc74 load:0x0000004c
       56335000	      5534	80012366	018ba303	lw	x6,24(x23)	 x23:0x8002cc60  x6=0x00000002 PA:0x8002cc78 load:0x00000002
       56345000	      5535	8001236a	01cba383	lw	x7,28(x23)	 x23:0x8002cc60  x7=0x000015a1 PA:0x8002cc7c load:0x000015a1
       56355000	      5536	8001236e	020ba403	lw	x8,32(x23)	 x23:0x8002cc60  x8=0xfffffff7 PA:0x8002cc80 load:0xfffffff7
       56365000	      5537	80012372	024ba483	lw	x9,36(x23)	 x23:0x8002cc60  x9=0x00000000 PA:0x8002cc84 load:0x00000000
       56375000	      5538	80012376	028ba503	lw	x10,40(x23)	 x23:0x8002cc60 x10=0x00000046 PA:0x8002cc88 load:0x00000046
       56385000	      5539	8001237a	02cba583	lw	x11,44(x23)	 x23:0x8002cc60 x11=0xf1e8b1fd PA:0x8002cc8c load:0xf1e8b1fd
       56395000	      5540	8001237e	030ba603	lw	x12,48(x23)	 x23:0x8002cc60 x12=0xffffffff PA:0x8002cc90 load:0xffffffff
       56405000	      5541	80012382	034ba683	lw	x13,52(x23)	 x23:0x8002cc60 x13=0x8002cce0 PA:0x8002cc94 load:0x8002cce0
       56415000	      5542	80012386	038ba703	lw	x14,56(x23)	 x23:0x8002cc60 x14=0x00014000 PA:0x8002cc98 load:0x00014000
       56425000	      5543	8001238a	03cba783	lw	x15,60(x23)	 x23:0x8002cc60 x15=0x00000000 PA:0x8002cc9c load:0x00000000
       56435000	      5544	8001238e	040ba803	lw	x16,64(x23)	 x23:0x8002cc60 x16=0xffffff86 PA:0x8002cca0 load:0xffffff86
       56445000	      5545	80012392	044ba883	lw	x17,68(x23)	 x23:0x8002cc60 x17=0x0000004c PA:0x8002cca4 load:0x0000004c
       56455000	      5546	80012396	048ba903	lw	x18,72(x23)	 x23:0x8002cc60 x18=0x7ffd32a9 PA:0x8002cca8 load:0x7ffd32a9
       56465000	      5547	8001239a	04cba983	lw	x19,76(x23)	 x23:0x8002cc60 x19=0xfffffff8 PA:0x8002ccac load:0xfffffff8
       56475000	      5548	8001239e	050baa03	lw	x20,80(x23)	 x23:0x8002cc60 x20=0xffffff21 PA:0x8002ccb0 load:0xffffff21
       56485000	      5549	800123a2	054baa83	lw	x21,84(x23)	 x23:0x8002cc60 x21=0xfffffaa5 PA:0x8002ccb4 load:0xfffffaa5
       56495000	      5550	800123a6	058bab03	lw	x22,88(x23)	 x23:0x8002cc60 x22=0x000079ff PA:0x8002ccb8 load:0x000079ff
       56505000	      5551	800123aa	05cbab83	lw	x23,92(x23)	 x23:0x8002cc60 x23=0x8002cc60 PA:0x8002ccbc load:0x8002cc60
       56525000	      5553	800123ae	060bac03	lw	x24,96(x23)	 x23:0x8002cc60 x24=0x8d7ea652 PA:0x8002ccc0 load:0x8d7ea652
       56535000	      5554	800123b2	064bac83	lw	x25,100(x23)	 x23:0x8002cc60 x25=0x000015a2 PA:0x8002ccc4 load:0x000015a2
       56545000	      5555	800123b6	068bad03	lw	x26,104(x23)	 x23:0x8002cc60 x26=0xfffff2f2 PA:0x8002ccc8 load:0xfffff2f2
       56555000	      5556	800123ba	06cbad83	lw	x27,108(x23)	 x23:0x8002cc60 x27=0x80014009 PA:0x8002cccc load:0x80014009
       56565000	      5557	800123be	070bae03	lw	x28,112(x23)	 x23:0x8002cc60 x28=0x00000000 PA:0x8002ccd0 load:0x00000000
       56575000	      5558	800123c2	074bae83	lw	x29,116(x23)	 x23:0x8002cc60 x29=0x00003464 PA:0x8002ccd4 load:0x00003464
       56585000	      5559	800123c6	078baf03	lw	x30,120(x23)	 x23:0x8002cc60 x30=0x000000db PA:0x8002ccd8 load:0x000000db
       56595000	      5560	800123ca	07cbaf83	lw	x31,124(x23)	 x23:0x8002cc60 x31=0x00000001 PA:0x8002ccdc load:0x00000001
       56605000	      5561	800123ce	080b8b93	addi	x23,x23,128	 x23:0x8002cc60 x23=0x8002cce0
       56615000	      5562	800123d2	000b86b3	add	x13,x23,x0	 x23:0x8002cce0  x0:0x00000000 x13=0x8002cce0
       56625000	      5563	800123d6	0006ab83	lw	x23,0(x13)	 x13:0x8002cce0 x23=0x80028e54 PA:0x8002cce0 load:0x80028e54
       56635000	      5564	800123da	0691	c.addi	x13,4	 x13:0x8002cce0 x13=0x8002cce4
       56645000	      5565	800123dc	30200073	mret	
       56675000	      5568	80009698	96cdca03	lbu	x20,-1684(x27)	 x27:0x80014009 x20=0x0000000c PA:0x80013975 load:0x0000000c
       56685000	      5569	8000969c	819d9903	lh	x18,-2023(x27)	 x27:0x80014009 x18=0xfffffef5 PA:0x80013822 load:0xfffffef5
       56695000	      5570	800096a0	8d1d9c83	lh	x25,-1839(x27)	 x27:0x80014009 x25=0xffff8bbb PA:0x800138da load:0xffff8bbb
       56735000	      5574	800096a4	032c1cb3	mulh	x25,x24,x18	 x24:0x8d7ea652 x18:0xfffffef5 x25=0x00000077
       56745000	      5575	800096a8	d64d8923	sb	x4,-654(x27)	 x27:0x80014009  x4:0x7ffd329b PA:0x80013d7b store:0x7ffd329b load:0x00000000
       56755000	      5576	800096ac	02fdc283	lbu	x5,47(x27)	 x27:0x80014009  x5=0x000000b3 PA:0x80014038 load:0x000000b3
       56765000	      5577	800096b0	4529	c.li	x10,10	 x10=0x0000000a
       56775000	      5578	800096b2	0001	c.addi	x0,0	  x0:0x00000000  x0=0x00000000
       57145000	      5615	800096b4	0337cfb3	div	x31,x15,x19	 x15:0x00000000 x19:0xfffffff8 x31=0x00000000
       57155000	      5616	800096b8	1559	c.addi	x10,-10	 x10:0x0000000a x10=0x00000000
       57165000	      5617	800096ba	01ec43b3	xor	x7,x24,x30	 x24:0x8d7ea652 x30:0x000000db  x7=0x8d7ea689
       57175000	      5618	800096be	4115	c.li	x2,5	  x2=0x00000005
       57185000	      5619	800096c0	4c15	c.li	x24,5	 x24=0x00000005
       57195000	      5620	800096c2	4950e413	ori	x8,x1,1173	  x1:0x00000000  x8=0x00000495
       57205000	      5621	800096c6	9a96	c.add	x21,x5	 x21:0xfffffaa5  x5:0x000000b3 x21=0xfffffb58
       57215000	      5622	800096c8	1175	c.addi	x2,-3	  x2:0x00000005  x2=0x00000002
       57225000	      5623	800096ca	ff817ce3	bgeu	x2,x24,800096c2	  x2:0x00000002 x24:0x00000005
       57235000	      5624	800096ce	f17d	c.bnez	x10,800096b4	 x10:0x00000000
       57245000	      5625	800096d0	8f01	c.sub	x14,x8	 x14:0x00014000  x8:0x00000495 x14=0x00013b6b
       57255000	      5626	800096d2	00017e97	auipc	x29,0x17	 x29=0x800206d2
       57265000	      5627	800096d6	17ae8e93	addi	x29,x29,378	 x29:0x800206d2 x29=0x8002084c
       57275000	      5628	800096da	ff5e8c83	lb	x25,-11(x29)	 x29:0x8002084c x25=0x00000043 PA:0x80020841 load:0x00000043
       57285000	      5629	800096de	ffbe8d83	lb	x27,-5(x29)	 x29:0x8002084c x27=0x0000002e PA:0x80020847 load:0x0000002e
       57295000	      5630	800096e2	fe9e9e23	sh	x9,-4(x29)	 x29:0x8002084c  x9:0x00000000 PA:0x80020848 store:0x00000000 load:0x00000000
       57305000	      5631	800096e6	ffcea783	lw	x15,-4(x29)	 x29:0x8002084c x15=0x6c210000 PA:0x80020848 load:0x6c210000
       57315000	      5632	800096ea	ffce8083	lb	x1,-4(x29)	 x29:0x8002084c  x1=0x00000000 PA:0x80020848 load:0x00000000
       57325000	      5633	800096ee	feae9b23	sh	x10,-10(x29)	 x29:0x8002084c x10:0x00000000 PA:0x80020842 store:0x00000000 load:0x00000000
       57335000	      5634	800096f2	ff6ed803	lhu	x16,-10(x29)	 x29:0x8002084c x16=0x00000000 PA:0x80020842 load:0x00000000
       57345000	      5635	800096f6	009ec483	lbu	x9,9(x29)	 x29:0x8002084c  x9=0x00000094 PA:0x80020855 load:0x00000094
       57355000	      5636	800096fa	009ec783	lbu	x15,9(x29)	 x29:0x8002084c x15=0x00000094 PA:0x80020855 load:0x00000094
       57365000	      5637	800096fe	008ed603	lhu	x12,8(x29)	 x29:0x8002084c x12=0x000094ae PA:0x80020854 load:0x000094ae
       57375000	      5638	80009702	008ed103	lhu	x2,8(x29)	 x29:0x8002084c  x2=0x000094ae PA:0x80020854 load:0x000094ae
       57385000	      5639	80009706	008e8423	sb	x8,8(x29)	 x29:0x8002084c  x8:0x00000495 PA:0x80020854 store:0x00000495 load:0x00000000
       57395000	      5640	8000970a	008eac83	lw	x25,8(x29)	 x29:0x8002084c x25=0x97029495 PA:0x80020854 load:0x97029495
       57405000	      5641	8000970e	0075b733	sltu	x14,x11,x7	 x11:0xf1e8b1fd  x7:0x8d7ea689 x14=0x00000000
       57415000	      5642	80009712	ff3e8703	lb	x14,-13(x29)	 x29:0x8002084c x14=0xffffffbb PA:0x8002083f load:0xffffffbb
       57425000	      5643	80009716	003e8d03	lb	x26,3(x29)	 x29:0x8002084c x26=0xffffffd4 PA:0x8002084f load:0xffffffd4
       57435000	      5644	8000971a	00fec703	lbu	x14,15(x29)	 x29:0x8002084c x14=0x0000005e PA:0x8002085b load:0x0000005e
       57445000	      5645	8000971e	00fe8d03	lb	x26,15(x29)	 x29:0x8002084c x26=0x0000005e PA:0x8002085b load:0x0000005e
       57455000	      5646	80009722	00fec383	lbu	x7,15(x29)	 x29:0x8002084c  x7=0x0000005e PA:0x8002085b load:0x0000005e
       57465000	      5647	80009726	00be87a3	sb	x11,15(x29)	 x29:0x8002084c x11:0xf1e8b1fd PA:0x8002085b store:0xf1e8b1fd load:0x00000000
       57475000	      5648	8000972a	0000aa17	auipc	x20,0xa	 x20=0x8001372a
       57485000	      5649	8000972e	119a0a13	addi	x20,x20,281	 x20:0x8001372a x20=0x80013843
       57495000	      5650	80009732	00017717	auipc	x14,0x17	 x14=0x80020732
       57505000	      5651	80009736	9c970713	addi	x14,x14,-1591	 x14:0x80020732 x14=0x800200fb
       57515000	      5652	8000973a	008a0a83	lb	x21,8(x20)	 x20:0x80013843 x21=0x00000026 PA:0x8001384b load:0x00000026
       57525000	      5653	8000973e	00ba4783	lbu	x15,11(x20)	 x20:0x80013843 x15=0x00000029 PA:0x8001384e load:0x00000029
       57535000	      5654	80009742	00e70603	lb	x12,14(x14)	 x14:0x800200fb x12=0x00000005 PA:0x80020109 load:0x00000005
       57545000	      5655	80009746	ffaa0883	lb	x17,-6(x20)	 x20:0x80013843 x17=0xfffffff9 PA:0x8001383d load:0xfffffff9
       57555000	      5656	8000974a	f9c714a3	sh	x28,-119(x14)	 x14:0x800200fb x28:0x00000000 PA:0x80020084 store:0x00000000 load:0x00000000
       57565000	      5657	8000974e	0cd71c83	lh	x25,205(x14)	 x14:0x800200fb x25=0xffffaf00 PA:0x800201c8 load:0xffffaf00
       57575000	      5658	80009752	00ca0183	lb	x3,12(x20)	 x20:0x80013843  x3=0xffffff92 PA:0x8001384f load:0xffffff92
       57585000	      5659	80009756	fd371083	lh	x1,-45(x14)	 x14:0x800200fb  x1=0x00007006 PA:0x800200ce load:0x00007006
       57595000	      5660	8000975a	f0670083	lb	x1,-250(x14)	 x14:0x800200fb  x1=0xffffffdf PA:0x80020001 load:0xffffffdf
       57605000	      5661	8000975e	012a26a3	sw	x18,13(x20)	 x20:0x80013843 x18:0xfffffef5 PA:0x80013850 store:0xfffffef5 load:0x00000000
       57615000	      5662	80009762	094726a3	sw	x20,141(x14)	 x14:0x800200fb x20:0x80013843 PA:0x80020188 store:0x80013843 load:0x00000000
       57625000	      5663	80009766	003a5803	lhu	x16,3(x20)	 x20:0x80013843 x16=0x0000645c PA:0x80013846 load:0x0000645c
       57635000	      5664	8000976a	fe5a0a23	sb	x5,-12(x20)	 x20:0x80013843  x5:0x000000b3 PA:0x80013837 store:0x000000b3 load:0x00000000
       57645000	      5665	8000976e	00ea4403	lbu	x8,14(x20)	 x20:0x80013843  x8=0x000000fe PA:0x80013851 load:0x000000fe
       57655000	      5666	80009772	0d874083	lbu	x1,216(x14)	 x14:0x800200fb  x1=0x000000f7 PA:0x800201d3 load:0x000000f7
       57665000	      5667	80009776	ff6a0a83	lb	x21,-10(x20)	 x20:0x80013843 x21=0x0000000c PA:0x80013839 load:0x0000000c
       57675000	      5668	8000977a	011a04a3	sb	x17,9(x20)	 x20:0x80013843 x17:0xfffffff9 PA:0x8001384c store:0xfffffff9 load:0x00000000
       57685000	      5669	8000977e	fa6714a3	sh	x6,-87(x14)	 x14:0x800200fb  x6:0x00000002 PA:0x800200a4 store:0x00000002 load:0x00000000
       57695000	      5670	80009782	00c000ef	jal	x1,8000978e	  x1=0x80009786
       57715000	      5672	8000978e	a021	c.j	80009796	
       57735000	      5674	80009796	bfd5	c.j	8000978a	
       57765000	      5677	8000978a	024000ef	jal	x1,800097ae	  x1=0x8000978e
       57795000	      5680	800097ae	febff2ef	jal	x5,80009798	  x5=0x800097b2
       57815000	      5682	80009798	a039	c.j	800097a6	
       57845000	      5685	800097a6	fefff0ef	jal	x1,80009794	  x1=0x800097aa
       57865000	      5687	80009794	a815	c.j	800097c8	
       57885000	      5689	800097c8	b7c1	c.j	80009788	
       57905000	      5691	80009788	a82d	c.j	800097c2	
       57935000	      5694	800097c2	fdfff0ef	jal	x1,800097a0	  x1=0x800097c6
       57955000	      5696	800097a0	a809	c.j	800097b2	
       57985000	      5699	800097b2	ff3ff0ef	jal	x1,800097a4	  x1=0x800097b6
       58005000	      5701	800097a4	a00d	c.j	800097c6	
       58025000	      5703	800097c6	37d5	c.jal	800097aa	  x1=0x800097c8
       58045000	      5705	800097aa	3fe5	c.jal	800097a2	  x1=0x800097ac
       58065000	      5707	800097a2	2831	c.jal	800097be	  x1=0x800097a4
       58085000	      5709	800097be	b7e1	c.j	80009786	
       58105000	      5711	80009786	2811	c.jal	8000979a	  x1=0x80009788
       58125000	      5713	8000979a	a809	c.j	800097ac	
       58145000	      5715	800097ac	3fc5	c.jal	8000979c	  x1=0x800097ae
       58165000	      5717	8000979c	ff7ff36f	jal	x6,80009792	  x6=0x800097a0
       58185000	      5719	80009792	a03d	c.j	800097c0	
       58205000	      5721	800097c0	bfed	c.j	800097ba	
       58235000	      5724	800097ba	ffdff36f	jal	x6,800097b6	  x6=0x800097be
       58265000	      5727	800097b6	fdbff0ef	jal	x1,80009790	  x1=0x800097ba
       58285000	      5729	80009790	282d	c.jal	800097ca	  x1=0x80009792
       58315000	      5732	800097ca	00d79ab3	sll	x21,x15,x13	 x15:0x00000029 x13:0x8002cce4 x21=0x00000290
       58325000	      5733	800097ce	01a000ef	jal	x1,800097e8	  x1=0x800097d2
       58345000	      5735	800097e8	008000ef	jal	x1,800097f0	  x1=0x800097ec
       58365000	      5737	800097f0	febff0ef	jal	x1,800097da	  x1=0x800097f4
       58405000	      5741	8000272c	fd8fe06f	jal	x0,80000f04	  x0=0x00000000
       58425000	      5743	80000f04	16f1	c.addi	x13,-4	 x13:0x8002cce4 x13=0x8002cce0
       58435000	      5744	80000f06	0176a023	sw	x23,0(x13)	 x13:0x8002cce0 x23:0x80028e54 PA:0x8002cce0 store:0x80028e54 load:0x00000000
       58445000	      5745	80000f0a	00068bb3	add	x23,x13,x0	 x13:0x8002cce0  x0:0x00000000 x23=0x8002cce0
       58455000	      5746	80000f0e	f80b8b93	addi	x23,x23,-128	 x23:0x8002cce0 x23=0x8002cc60
       58465000	      5747	80000f12	001ba223	sw	x1,4(x23)	 x23:0x8002cc60  x1:0x800097f4 PA:0x8002cc64 store:0x800097f4 load:0x00000000
       58475000	      5748	80000f16	002ba423	sw	x2,8(x23)	 x23:0x8002cc60  x2:0x000094ae PA:0x8002cc68 store:0x000094ae load:0x00000000
       58485000	      5749	80000f1a	003ba623	sw	x3,12(x23)	 x23:0x8002cc60  x3:0xffffff92 PA:0x8002cc6c store:0xffffff92 load:0x00000000
       58495000	      5750	80000f1e	004ba823	sw	x4,16(x23)	 x23:0x8002cc60  x4:0x7ffd329b PA:0x8002cc70 store:0x7ffd329b load:0x00000000
       58505000	      5751	80000f22	005baa23	sw	x5,20(x23)	 x23:0x8002cc60  x5:0x800097b2 PA:0x8002cc74 store:0x800097b2 load:0x00000000
       58515000	      5752	80000f26	006bac23	sw	x6,24(x23)	 x23:0x8002cc60  x6:0x800097be PA:0x8002cc78 store:0x800097be load:0x00000000
       58525000	      5753	80000f2a	007bae23	sw	x7,28(x23)	 x23:0x8002cc60  x7:0x0000005e PA:0x8002cc7c store:0x0000005e load:0x00000000
       58535000	      5754	80000f2e	028ba023	sw	x8,32(x23)	 x23:0x8002cc60  x8:0x000000fe PA:0x8002cc80 store:0x000000fe load:0x00000000
       58545000	      5755	80000f32	029ba223	sw	x9,36(x23)	 x23:0x8002cc60  x9:0x00000094 PA:0x8002cc84 store:0x00000094 load:0x00000000
       58555000	      5756	80000f36	02aba423	sw	x10,40(x23)	 x23:0x8002cc60 x10:0x00000000 PA:0x8002cc88 store:0x00000000 load:0x00000000
       58565000	      5757	80000f3a	02bba623	sw	x11,44(x23)	 x23:0x8002cc60 x11:0xf1e8b1fd PA:0x8002cc8c store:0xf1e8b1fd load:0x00000000
       58575000	      5758	80000f3e	02cba823	sw	x12,48(x23)	 x23:0x8002cc60 x12:0x00000005 PA:0x8002cc90 store:0x00000005 load:0x00000000
       58585000	      5759	80000f42	02dbaa23	sw	x13,52(x23)	 x23:0x8002cc60 x13:0x8002cce0 PA:0x8002cc94 store:0x8002cce0 load:0x00000000
       58595000	      5760	80000f46	02ebac23	sw	x14,56(x23)	 x23:0x8002cc60 x14:0x800200fb PA:0x8002cc98 store:0x800200fb load:0x00000000
       58605000	      5761	80000f4a	02fbae23	sw	x15,60(x23)	 x23:0x8002cc60 x15:0x00000029 PA:0x8002cc9c store:0x00000029 load:0x00000000
       58615000	      5762	80000f4e	050ba023	sw	x16,64(x23)	 x23:0x8002cc60 x16:0x0000645c PA:0x8002cca0 store:0x0000645c load:0x00000000
       58625000	      5763	80000f52	051ba223	sw	x17,68(x23)	 x23:0x8002cc60 x17:0xfffffff9 PA:0x8002cca4 store:0xfffffff9 load:0x00000000
       58635000	      5764	80000f56	052ba423	sw	x18,72(x23)	 x23:0x8002cc60 x18:0xfffffef5 PA:0x8002cca8 store:0xfffffef5 load:0x00000000
       58645000	      5765	80000f5a	053ba623	sw	x19,76(x23)	 x23:0x8002cc60 x19:0xfffffff8 PA:0x8002ccac store:0xfffffff8 load:0x00000000
       58655000	      5766	80000f5e	054ba823	sw	x20,80(x23)	 x23:0x8002cc60 x20:0x80013843 PA:0x8002ccb0 store:0x80013843 load:0x00000000
       58665000	      5767	80000f62	055baa23	sw	x21,84(x23)	 x23:0x8002cc60 x21:0x00000290 PA:0x8002ccb4 store:0x00000290 load:0x00000000
       58675000	      5768	80000f66	056bac23	sw	x22,88(x23)	 x23:0x8002cc60 x22:0x000079ff PA:0x8002ccb8 store:0x000079ff load:0x00000000
       58685000	      5769	80000f6a	057bae23	sw	x23,92(x23)	 x23:0x8002cc60 x23:0x8002cc60 PA:0x8002ccbc store:0x8002cc60 load:0x00000000
       58695000	      5770	80000f6e	078ba023	sw	x24,96(x23)	 x23:0x8002cc60 x24:0x00000005 PA:0x8002ccc0 store:0x00000005 load:0x00000000
       58705000	      5771	80000f72	079ba223	sw	x25,100(x23)	 x23:0x8002cc60 x25:0xffffaf00 PA:0x8002ccc4 store:0xffffaf00 load:0x00000000
       58715000	      5772	80000f76	07aba423	sw	x26,104(x23)	 x23:0x8002cc60 x26:0x0000005e PA:0x8002ccc8 store:0x0000005e load:0x00000000
       58725000	      5773	80000f7a	07bba623	sw	x27,108(x23)	 x23:0x8002cc60 x27:0x0000002e PA:0x8002cccc store:0x0000002e load:0x00000000
       58735000	      5774	80000f7e	07cba823	sw	x28,112(x23)	 x23:0x8002cc60 x28:0x00000000 PA:0x8002ccd0 store:0x00000000 load:0x00000000
       58745000	      5775	80000f82	07dbaa23	sw	x29,116(x23)	 x23:0x8002cc60 x29:0x8002084c PA:0x8002ccd4 store:0x8002084c load:0x00000000
       58755000	      5776	80000f86	07ebac23	sw	x30,120(x23)	 x23:0x8002cc60 x30:0x000000db PA:0x8002ccd8 store:0x000000db load:0x00000000
       58765000	      5777	80000f8a	07fbae23	sw	x31,124(x23)	 x23:0x8002cc60 x31:0x00000000 PA:0x8002ccdc store:0x00000000 load:0x00000000
       58775000	      5778	80000f8e	000b86b3	add	x13,x23,x0	 x23:0x8002cc60  x0:0x00000000 x13=0x8002cc60
       58785000	      5779	80000f92	90000d37	lui	x26,0x90000	 x26=0x90000000
       58795000	      5780	80000f96	1d71	c.addi	x26,-4	 x26:0x90000000 x26=0x8ffffffc
       58805000	      5781	80000f98	4d99	c.li	x27,6	 x27=0x00000006
       58815000	      5782	80000f9a	0da2	c.slli	x27,0x8	 x27:0x00000006 x27=0x00000600
       58825000	      5783	80000f9c	000d8d93	addi	x27,x27,0	 x27:0x00000600 x27=0x00000600
       58835000	      5784	80000fa0	01bd2023	sw	x27,0(x26)	 x26:0x8ffffffc x27:0x00000600 PA:0x8ffffffc store:0x00000600 load:0x00000000
       58845000	      5785	80000fa4	34202df3	csrrs	x27,mcause,x0	  x0:0x00000000 x27=0x8000000b
       58855000	      5786	80000fa8	01fddd93	srli	x27,x27,0x1f	 x27:0x8000000b x27=0x00000001
       58865000	      5787	80000fac	060d8863	beq	x27,x0,8000101c	 x27:0x00000001  x0:0x00000000
       58875000	      5788	80000fb0	90000d37	lui	x26,0x90000	 x26=0x90000000
       58885000	      5789	80000fb4	1d71	c.addi	x26,-4	 x26:0x90000000 x26=0x8ffffffc
       58895000	      5790	80000fb6	30000d93	addi	x27,x0,768	  x0:0x00000000 x27=0x00000300
       58905000	      5791	80000fba	0da2	c.slli	x27,0x8	 x27:0x00000300 x27=0x00030000
       58915000	      5792	80000fbc	0d8d	c.addi	x27,3	 x27:0x00030000 x27=0x00030003
       58925000	      5793	80000fbe	01bd2023	sw	x27,0(x26)	 x26:0x8ffffffc x27:0x00030003 PA:0x8ffffffc store:0x00030003 load:0x00000000
       58935000	      5794	80000fc2	30002df3	csrrs	x27,mstatus,x0	  x0:0x00000000 x27=0x00000080
       58945000	      5795	80000fc6	01bd2023	sw	x27,0(x26)	 x26:0x8ffffffc x27:0x00000080 PA:0x8ffffffc store:0x00000080 load:0x00000000
       58955000	      5796	80000fca	90000d37	lui	x26,0x90000	 x26=0x90000000
       58965000	      5797	80000fce	1d71	c.addi	x26,-4	 x26:0x90000000 x26=0x8ffffffc
       58975000	      5798	80000fd0	34200d93	addi	x27,x0,834	  x0:0x00000000 x27=0x00000342
       58985000	      5799	80000fd4	0da2	c.slli	x27,0x8	 x27:0x00000342 x27=0x00034200
       58995000	      5800	80000fd6	0d8d	c.addi	x27,3	 x27:0x00034200 x27=0x00034203
       59005000	      5801	80000fd8	01bd2023	sw	x27,0(x26)	 x26:0x8ffffffc x27:0x00034203 PA:0x8ffffffc store:0x00034203 load:0x00000000
       59015000	      5802	80000fdc	34202df3	csrrs	x27,mcause,x0	  x0:0x00000000 x27=0x8000000b
       59025000	      5803	80000fe0	01bd2023	sw	x27,0(x26)	 x26:0x8ffffffc x27:0x8000000b PA:0x8ffffffc store:0x8000000b load:0x00000000
       59035000	      5804	80000fe4	90000d37	lui	x26,0x90000	 x26=0x90000000
       59045000	      5805	80000fe8	1d71	c.addi	x26,-4	 x26:0x90000000 x26=0x8ffffffc
       59055000	      5806	80000fea	30400d93	addi	x27,x0,772	  x0:0x00000000 x27=0x00000304
       59065000	      5807	80000fee	0da2	c.slli	x27,0x8	 x27:0x00000304 x27=0x00030400
       59075000	      5808	80000ff0	0d8d	c.addi	x27,3	 x27:0x00030400 x27=0x00030403
       59085000	      5809	80000ff2	01bd2023	sw	x27,0(x26)	 x26:0x8ffffffc x27:0x00030403 PA:0x8ffffffc store:0x00030403 load:0x00000000
       59095000	      5810	80000ff6	30402df3	csrrs	x27,mie,x0	  x0:0x00000000 x27=0x00360888
       59105000	      5811	80000ffa	01bd2023	sw	x27,0(x26)	 x26:0x8ffffffc x27:0x00360888 PA:0x8ffffffc store:0x00360888 load:0x00000000
       59115000	      5812	80000ffe	90000d37	lui	x26,0x90000	 x26=0x90000000
       59125000	      5813	80001002	1d71	c.addi	x26,-4	 x26:0x90000000 x26=0x8ffffffc
       59135000	      5814	80001004	34400d93	addi	x27,x0,836	  x0:0x00000000 x27=0x00000344
       59145000	      5815	80001008	0da2	c.slli	x27,0x8	 x27:0x00000344 x27=0x00034400
       59155000	      5816	8000100a	0d8d	c.addi	x27,3	 x27:0x00034400 x27=0x00034403
       59165000	      5817	8000100c	01bd2023	sw	x27,0(x26)	 x26:0x8ffffffc x27:0x00034403 PA:0x8ffffffc store:0x00034403 load:0x00000000
       59175000	      5818	80001010	34402df3	csrrs	x27,mip,x0	  x0:0x00000000 x27=0x00000000
       59185000	      5819	80001014	01bd2023	sw	x27,0(x26)	 x26:0x8ffffffc x27:0x00000000 PA:0x8ffffffc store:0x00000000 load:0x00000000
       59195000	      5820	80001018	3141106f	jal	x0,8001232c	  x0=0x00000000
       59215000	      5822	8001232c	30002df3	csrrs	x27,mstatus,x0	  x0:0x00000000 x27=0x00000080
       59225000	      5823	80012330	30402df3	csrrs	x27,mie,x0	  x0:0x00000000 x27=0x00360888
       59235000	      5824	80012334	34402df3	csrrs	x27,mip,x0	  x0:0x00000000 x27=0x00000000
       59245000	      5825	80012338	344dbdf3	csrrc	x27,mip,x27	 x27:0x00000000 x27=0x00000000
       59275000	      5828	8001233c	90000d37	lui	x26,0x90000	 x26=0x90000000
       59285000	      5829	80012340	1d71	c.addi	x26,-4	 x26:0x90000000 x26=0x8ffffffc
       59295000	      5830	80012342	4d9d	c.li	x27,7	 x27=0x00000007
       59305000	      5831	80012344	0da2	c.slli	x27,0x8	 x27:0x00000007 x27=0x00000700
       59315000	      5832	80012346	000d8d93	addi	x27,x27,0	 x27:0x00000700 x27=0x00000700
       59325000	      5833	8001234a	01bd2023	sw	x27,0(x26)	 x26:0x8ffffffc x27:0x00000700 PA:0x8ffffffc store:0x00000700 load:0x00000000
       59335000	      5834	8001234e	00068bb3	add	x23,x13,x0	 x13:0x8002cc60  x0:0x00000000 x23=0x8002cc60
       59345000	      5835	80012352	004ba083	lw	x1,4(x23)	 x23:0x8002cc60  x1=0x800097f4 PA:0x8002cc64 load:0x800097f4
       59355000	      5836	80012356	008ba103	lw	x2,8(x23)	 x23:0x8002cc60  x2=0x000094ae PA:0x8002cc68 load:0x000094ae
       59365000	      5837	8001235a	00cba183	lw	x3,12(x23)	 x23:0x8002cc60  x3=0xffffff92 PA:0x8002cc6c load:0xffffff92
       59375000	      5838	8001235e	010ba203	lw	x4,16(x23)	 x23:0x8002cc60  x4=0x7ffd329b PA:0x8002cc70 load:0x7ffd329b
       59385000	      5839	80012362	014ba283	lw	x5,20(x23)	 x23:0x8002cc60  x5=0x800097b2 PA:0x8002cc74 load:0x800097b2
       59395000	      5840	80012366	018ba303	lw	x6,24(x23)	 x23:0x8002cc60  x6=0x800097be PA:0x8002cc78 load:0x800097be
       59405000	      5841	8001236a	01cba383	lw	x7,28(x23)	 x23:0x8002cc60  x7=0x0000005e PA:0x8002cc7c load:0x0000005e
       59415000	      5842	8001236e	020ba403	lw	x8,32(x23)	 x23:0x8002cc60  x8=0x000000fe PA:0x8002cc80 load:0x000000fe
       59425000	      5843	80012372	024ba483	lw	x9,36(x23)	 x23:0x8002cc60  x9=0x00000094 PA:0x8002cc84 load:0x00000094
       59435000	      5844	80012376	028ba503	lw	x10,40(x23)	 x23:0x8002cc60 x10=0x00000000 PA:0x8002cc88 load:0x00000000
       59445000	      5845	8001237a	02cba583	lw	x11,44(x23)	 x23:0x8002cc60 x11=0xf1e8b1fd PA:0x8002cc8c load:0xf1e8b1fd
       59455000	      5846	8001237e	030ba603	lw	x12,48(x23)	 x23:0x8002cc60 x12=0x00000005 PA:0x8002cc90 load:0x00000005
       59465000	      5847	80012382	034ba683	lw	x13,52(x23)	 x23:0x8002cc60 x13=0x8002cce0 PA:0x8002cc94 load:0x8002cce0
       59475000	      5848	80012386	038ba703	lw	x14,56(x23)	 x23:0x8002cc60 x14=0x800200fb PA:0x8002cc98 load:0x800200fb
       59485000	      5849	8001238a	03cba783	lw	x15,60(x23)	 x23:0x8002cc60 x15=0x00000029 PA:0x8002cc9c load:0x00000029
       59495000	      5850	8001238e	040ba803	lw	x16,64(x23)	 x23:0x8002cc60 x16=0x0000645c PA:0x8002cca0 load:0x0000645c
       59505000	      5851	80012392	044ba883	lw	x17,68(x23)	 x23:0x8002cc60 x17=0xfffffff9 PA:0x8002cca4 load:0xfffffff9
       59515000	      5852	80012396	048ba903	lw	x18,72(x23)	 x23:0x8002cc60 x18=0xfffffef5 PA:0x8002cca8 load:0xfffffef5
       59525000	      5853	8001239a	04cba983	lw	x19,76(x23)	 x23:0x8002cc60 x19=0xfffffff8 PA:0x8002ccac load:0xfffffff8
       59535000	      5854	8001239e	050baa03	lw	x20,80(x23)	 x23:0x8002cc60 x20=0x80013843 PA:0x8002ccb0 load:0x80013843
       59545000	      5855	800123a2	054baa83	lw	x21,84(x23)	 x23:0x8002cc60 x21=0x00000290 PA:0x8002ccb4 load:0x00000290
       59555000	      5856	800123a6	058bab03	lw	x22,88(x23)	 x23:0x8002cc60 x22=0x000079ff PA:0x8002ccb8 load:0x000079ff
       59565000	      5857	800123aa	05cbab83	lw	x23,92(x23)	 x23:0x8002cc60 x23=0x8002cc60 PA:0x8002ccbc load:0x8002cc60
       59585000	      5859	800123ae	060bac03	lw	x24,96(x23)	 x23:0x8002cc60 x24=0x00000005 PA:0x8002ccc0 load:0x00000005
       59595000	      5860	800123b2	064bac83	lw	x25,100(x23)	 x23:0x8002cc60 x25=0xffffaf00 PA:0x8002ccc4 load:0xffffaf00
       59605000	      5861	800123b6	068bad03	lw	x26,104(x23)	 x23:0x8002cc60 x26=0x0000005e PA:0x8002ccc8 load:0x0000005e
       59615000	      5862	800123ba	06cbad83	lw	x27,108(x23)	 x23:0x8002cc60 x27=0x0000002e PA:0x8002cccc load:0x0000002e
       59625000	      5863	800123be	070bae03	lw	x28,112(x23)	 x23:0x8002cc60 x28=0x00000000 PA:0x8002ccd0 load:0x00000000
       59635000	      5864	800123c2	074bae83	lw	x29,116(x23)	 x23:0x8002cc60 x29=0x8002084c PA:0x8002ccd4 load:0x8002084c
       59645000	      5865	800123c6	078baf03	lw	x30,120(x23)	 x23:0x8002cc60 x30=0x000000db PA:0x8002ccd8 load:0x000000db
       59655000	      5866	800123ca	07cbaf83	lw	x31,124(x23)	 x23:0x8002cc60 x31=0x00000000 PA:0x8002ccdc load:0x00000000
       59665000	      5867	800123ce	080b8b93	addi	x23,x23,128	 x23:0x8002cc60 x23=0x8002cce0
       59675000	      5868	800123d2	000b86b3	add	x13,x23,x0	 x23:0x8002cce0  x0:0x00000000 x13=0x8002cce0
       59685000	      5869	800123d6	0006ab83	lw	x23,0(x13)	 x13:0x8002cce0 x23=0x80028e54 PA:0x8002cce0 load:0x80028e54
       59695000	      5870	800123da	0691	c.addi	x13,4	 x13:0x8002cce0 x13=0x8002cce4
       59705000	      5871	800123dc	30200073	mret	
       59735000	      5874	800097da	3fed	c.jal	800097d4	  x1=0x800097dc
       59755000	      5876	800097d4	2021	c.jal	800097dc	  x1=0x800097d6
       59775000	      5878	800097dc	bfed	c.j	800097d6	
       59805000	      5881	800097d6	00c000ef	jal	x1,800097e2	  x1=0x800097da
       59825000	      5883	800097e2	2009	c.jal	800097e4	  x1=0x800097e4
       59845000	      5885	800097e4	00800e6f	jal	x28,800097ec	 x28=0x800097e8
       59865000	      5887	800097ec	fe7ffa6f	jal	x20,800097d2	 x20=0x800097f0
       59885000	      5889	800097d2	2031	c.jal	800097de	  x1=0x800097d4
       59915000	      5892	800097de	016000ef	jal	x1,800097f4	  x1=0x800097e2
       59935000	      5894	800097f4	03c9	c.addi	x7,18	  x7:0x0000005e  x7=0x00000070
       59945000	      5895	800097f6	024000ef	jal	x1,8000981a	  x1=0x800097fa
       59965000	      5897	8000981a	a021	c.j	80009822	
       59985000	      5899	80009822	bfd5	c.j	80009816	
       60005000	      5901	80009816	a811	c.j	8000982a	
       60025000	      5903	8000982a	2039	c.jal	80009838	  x1=0x8000982c
       60045000	      5905	80009838	3fed	c.jal	80009832	  x1=0x8000983a
       60065000	      5907	80009832	2011	c.jal	80009836	  x1=0x80009834
       60085000	      5909	80009836	2011	c.jal	8000983a	  x1=0x80009838
       60115000	      5912	8000983a	ff3ff96f	jal	x18,8000982c	 x18=0x8000983e
       60135000	      5914	8000982c	b7cd	c.j	8000980e	
       60155000	      5916	8000980e	2819	c.jal	80009824	  x1=0x80009810
       60175000	      5918	80009824	bff5	c.j	80009820	
       60195000	      5920	80009820	b7c5	c.j	80009800	
       60215000	      5922	80009800	a025	c.j	80009828	
       60235000	      5924	80009828	2019	c.jal	8000982e	  x1=0x8000982a
       60265000	      5927	8000982e	006002ef	jal	x5,80009834	  x5=0x80009832
       60285000	      5929	80009834	bff1	c.j	80009810	
       60305000	      5931	80009810	b7f5	c.j	800097fc	
       60325000	      5933	800097fc	00e001ef	jal	x3,8000980a	  x3=0x80009800
       60355000	      5936	8000980a	00e007ef	jal	x15,80009818	 x15=0x8000980e
       60375000	      5938	80009818	a039	c.j	80009826	
       60395000	      5940	80009826	bfe5	c.j	8000981e	
       60415000	      5942	8000981e	b7d5	c.j	80009802	
       60445000	      5945	80009802	ff9ff0ef	jal	x1,800097fa	  x1=0x80009806
       60465000	      5947	800097fa	2031	c.jal	80009806	  x1=0x800097fc
       60495000	      5950	80009806	00c0076f	jal	x14,80009812	 x14=0x8000980a
       60525000	      5953	80009812	00a000ef	jal	x1,8000981c	  x1=0x80009816
       60545000	      5955	8000981c	200d	c.jal	8000983e	  x1=0x8000981e
       60935000	      5994	8000983e	027deeb3	rem	x29,x27,x7	 x27:0x0000002e  x7:0x00000070 x29=0x0000002e
       60945000	      5995	80009842	4c89	c.li	x25,2	 x25=0x00000002
       60955000	      5996	80009844	4609	c.li	x12,2	 x12=0x00000002
       60965000	      5997	80009846	9e06	c.add	x28,x1	 x28:0x800097e8  x1:0x8000981e x28=0x00013006
       60975000	      5998	80009848	6c71	c.lui	x24,0x1c	 x24=0x0001c000
       60985000	      5999	8000984a	8f5d	c.or	x14,x15	 x14:0x8000980a x15:0x8000980e x14=0x8000980e
       60995000	      6000	8000984c	1cfd	c.addi	x25,-1	 x25:0x00000002 x25=0x00000001
       61005000	      6001	8000984e	0001	c.addi	x0,0	  x0:0x00000000  x0=0x00000000
       61015000	      6002	80009850	feccfce3	bgeu	x25,x12,80009848	 x25:0x00000001 x12:0x00000002
       61025000	      6003	80009854	c042f713	andi	x14,x5,-1020	  x5:0x80009832 x14=0x80009800
       61035000	      6004	80009858	0000a997	auipc	x19,0xa	 x19=0x80013858
       61045000	      6005	8000985c	bc098993	addi	x19,x19,-1088	 x19:0x80013858 x19=0x80013418
       61055000	      6006	80009860	f4a99e83	lh	x29,-182(x19)	 x19:0x80013418 x29=0xffffa072 PA:0x80013362 load:0xffffa072
       61065000	      6007	80009864	0d99c903	lbu	x18,217(x19)	 x19:0x80013418 x18=0x00000091 PA:0x800134f1 load:0x00000091
       61075000	      6008	80009868	06398f03	lb	x30,99(x19)	 x19:0x80013418 x30=0x00000047 PA:0x8001347b load:0x00000047
       61085000	      6009	8000986c	0652	c.slli	x12,0x14	 x12:0x00000002 x12=0x00200000
       61095000	      6010	8000986e	f2d99623	sh	x13,-212(x19)	 x19:0x80013418 x13:0x8002cce4 PA:0x80013344 store:0x8002cce4 load:0x00000000
       61105000	      6011	80009872	02198203	lb	x4,33(x19)	 x19:0x80013418  x4=0x00000045 PA:0x80013439 load:0x00000045
       61115000	      6012	80009876	0609d883	lhu	x17,96(x19)	 x19:0x80013418 x17=0x000077f1 PA:0x80013478 load:0x000077f1
       61125000	      6013	8000987a	0029da03	lhu	x20,2(x19)	 x19:0x80013418 x20=0x0000898f PA:0x8001341a load:0x0000898f
       61135000	      6014	8000987e	5d9f4793	xori	x15,x30,1497	 x30:0x00000047 x15=0x0000059e
       61145000	      6015	80009882	f7299f23	sh	x18,-130(x19)	 x19:0x80013418 x18:0x00000091 PA:0x80013396 store:0x00000091 load:0x00000000
       61155000	      6016	80009886	016b84b3	add	x9,x23,x22	 x23:0x80028e54 x22:0x000079ff  x9=0x80030853
       61165000	      6017	8000988a	f5b98023	sb	x27,-192(x19)	 x19:0x80013418 x27:0x0000002e PA:0x80013358 store:0x0000002e load:0x00000000
       61175000	      6018	8000988e	00499883	lh	x17,4(x19)	 x19:0x80013418 x17=0xffffed21 PA:0x8001341c load:0xffffed21
       61185000	      6019	80009892	fe099383	lh	x7,-32(x19)	 x19:0x80013418  x7=0xffffcff4 PA:0x800133f8 load:0xffffcff4
       61195000	      6020	80009896	8fad	c.xor	x15,x11	 x15:0x0000059e x11:0xf1e8b1fd x15=0xf1e8b463
       61205000	      6021	80009898	f2098203	lb	x4,-224(x19)	 x19:0x80013418  x4=0x00000017 PA:0x80013338 load:0x00000017
       61215000	      6022	8000989c	0071edb3	or	x27,x3,x7	  x3:0x80009800  x7:0xffffcff4 x27=0xffffdff4
       61225000	      6023	800098a0	0033c013	xori	x0,x7,3	  x7:0xffffcff4  x0=0x00000000
       61235000	      6024	800098a4	afca8d93	addi	x27,x21,-1284	 x21:0x00000290 x27=0xfffffd8c
       61245000	      6025	800098a8	f4a9d003	lhu	x0,-182(x19)	 x19:0x80013418  x0=0x00000000 PA:0x80013362 load:0x0000a072
       61255000	      6026	800098ac	9b42	c.add	x22,x16	 x22:0x000079ff x16:0x0000645c x22=0x0000de5b
       61265000	      6027	800098ae	fee99003	lh	x0,-18(x19)	 x19:0x80013418  x0=0x00000000 PA:0x80013406 load:0xffffc582
       61305000	      6031	800098b2	021f1433	mulh	x8,x30,x1	 x30:0x00000047  x1:0x8000981e  x8=0xffffffdc
       61315000	      6032	800098b6	08899603	lh	x12,136(x19)	 x19:0x80013418 x12=0x000018bc PA:0x800134a0 load:0x000018bc
       61325000	      6033	800098ba	01d2	c.slli	x3,0x14	  x3:0x80009800  x3=0x80000000
       61335000	      6034	800098bc	fd89c303	lbu	x6,-40(x19)	 x19:0x80013418  x6=0x000000c2 PA:0x800133f0 load:0x000000c2
       61345000	      6035	800098c0	8e59	c.or	x12,x14	 x12:0x000018bc x14:0x80009800 x12=0x800098bc
       61355000	      6036	800098c2	fc598403	lb	x8,-59(x19)	 x19:0x80013418  x8=0x0000004d PA:0x800133dd load:0x0000004d
       61365000	      6037	800098c6	0000100f	fence.i	
       61755000	      6076	800098ca	03b76cb3	rem	x25,x14,x27	 x14:0x80009800 x27:0xfffffd8c x25=0xfffffd94
       61795000	      6080	8000272c	fd8fe06f	jal	x0,80000f04	  x0=0x00000000
       61815000	      6082	80000f04	16f1	c.addi	x13,-4	 x13:0x8002cce4 x13=0x8002cce0
       61825000	      6083	80000f06	0176a023	sw	x23,0(x13)	 x13:0x8002cce0 x23:0x80028e54 PA:0x8002cce0 store:0x80028e54 load:0x00000000
       61835000	      6084	80000f0a	00068bb3	add	x23,x13,x0	 x13:0x8002cce0  x0:0x00000000 x23=0x8002cce0
       61845000	      6085	80000f0e	f80b8b93	addi	x23,x23,-128	 x23:0x8002cce0 x23=0x8002cc60
       61855000	      6086	80000f12	001ba223	sw	x1,4(x23)	 x23:0x8002cc60  x1:0x8000981e PA:0x8002cc64 store:0x8000981e load:0x00000000
       61865000	      6087	80000f16	002ba423	sw	x2,8(x23)	 x23:0x8002cc60  x2:0x000094ae PA:0x8002cc68 store:0x000094ae load:0x00000000
       61875000	      6088	80000f1a	003ba623	sw	x3,12(x23)	 x23:0x8002cc60  x3:0x80000000 PA:0x8002cc6c store:0x80000000 load:0x00000000
       61885000	      6089	80000f1e	004ba823	sw	x4,16(x23)	 x23:0x8002cc60  x4:0x00000017 PA:0x8002cc70 store:0x00000017 load:0x00000000
       61895000	      6090	80000f22	005baa23	sw	x5,20(x23)	 x23:0x8002cc60  x5:0x80009832 PA:0x8002cc74 store:0x80009832 load:0x00000000
       61905000	      6091	80000f26	006bac23	sw	x6,24(x23)	 x23:0x8002cc60  x6:0x000000c2 PA:0x8002cc78 store:0x000000c2 load:0x00000000
       61915000	      6092	80000f2a	007bae23	sw	x7,28(x23)	 x23:0x8002cc60  x7:0xffffcff4 PA:0x8002cc7c store:0xffffcff4 load:0x00000000
       61925000	      6093	80000f2e	028ba023	sw	x8,32(x23)	 x23:0x8002cc60  x8:0x0000004d PA:0x8002cc80 store:0x0000004d load:0x00000000
       61935000	      6094	80000f32	029ba223	sw	x9,36(x23)	 x23:0x8002cc60  x9:0x80030853 PA:0x8002cc84 store:0x80030853 load:0x00000000
       61945000	      6095	80000f36	02aba423	sw	x10,40(x23)	 x23:0x8002cc60 x10:0x00000000 PA:0x8002cc88 store:0x00000000 load:0x00000000
       61955000	      6096	80000f3a	02bba623	sw	x11,44(x23)	 x23:0x8002cc60 x11:0xf1e8b1fd PA:0x8002cc8c store:0xf1e8b1fd load:0x00000000
       61965000	      6097	80000f3e	02cba823	sw	x12,48(x23)	 x23:0x8002cc60 x12:0x800098bc PA:0x8002cc90 store:0x800098bc load:0x00000000
       61975000	      6098	80000f42	02dbaa23	sw	x13,52(x23)	 x23:0x8002cc60 x13:0x8002cce0 PA:0x8002cc94 store:0x8002cce0 load:0x00000000
       61985000	      6099	80000f46	02ebac23	sw	x14,56(x23)	 x23:0x8002cc60 x14:0x80009800 PA:0x8002cc98 store:0x80009800 load:0x00000000
       61995000	      6100	80000f4a	02fbae23	sw	x15,60(x23)	 x23:0x8002cc60 x15:0xf1e8b463 PA:0x8002cc9c store:0xf1e8b463 load:0x00000000
       62005000	      6101	80000f4e	050ba023	sw	x16,64(x23)	 x23:0x8002cc60 x16:0x0000645c PA:0x8002cca0 store:0x0000645c load:0x00000000
       62015000	      6102	80000f52	051ba223	sw	x17,68(x23)	 x23:0x8002cc60 x17:0xffffed21 PA:0x8002cca4 store:0xffffed21 load:0x00000000
       62025000	      6103	80000f56	052ba423	sw	x18,72(x23)	 x23:0x8002cc60 x18:0x00000091 PA:0x8002cca8 store:0x00000091 load:0x00000000
       62035000	      6104	80000f5a	053ba623	sw	x19,76(x23)	 x23:0x8002cc60 x19:0x80013418 PA:0x8002ccac store:0x80013418 load:0x00000000
       62045000	      6105	80000f5e	054ba823	sw	x20,80(x23)	 x23:0x8002cc60 x20:0x0000898f PA:0x8002ccb0 store:0x0000898f load:0x00000000
       62055000	      6106	80000f62	055baa23	sw	x21,84(x23)	 x23:0x8002cc60 x21:0x00000290 PA:0x8002ccb4 store:0x00000290 load:0x00000000
       62065000	      6107	80000f66	056bac23	sw	x22,88(x23)	 x23:0x8002cc60 x22:0x0000de5b PA:0x8002ccb8 store:0x0000de5b load:0x00000000
       62075000	      6108	80000f6a	057bae23	sw	x23,92(x23)	 x23:0x8002cc60 x23:0x8002cc60 PA:0x8002ccbc store:0x8002cc60 load:0x00000000
       62085000	      6109	80000f6e	078ba023	sw	x24,96(x23)	 x23:0x8002cc60 x24:0x0001c000 PA:0x8002ccc0 store:0x0001c000 load:0x00000000
       62095000	      6110	80000f72	079ba223	sw	x25,100(x23)	 x23:0x8002cc60 x25:0xfffffd94 PA:0x8002ccc4 store:0xfffffd94 load:0x00000000
       62105000	      6111	80000f76	07aba423	sw	x26,104(x23)	 x23:0x8002cc60 x26:0x0000005e PA:0x8002ccc8 store:0x0000005e load:0x00000000
       62115000	      6112	80000f7a	07bba623	sw	x27,108(x23)	 x23:0x8002cc60 x27:0xfffffd8c PA:0x8002cccc store:0xfffffd8c load:0x00000000
       62125000	      6113	80000f7e	07cba823	sw	x28,112(x23)	 x23:0x8002cc60 x28:0x00013006 PA:0x8002ccd0 store:0x00013006 load:0x00000000
       62135000	      6114	80000f82	07dbaa23	sw	x29,116(x23)	 x23:0x8002cc60 x29:0xffffa072 PA:0x8002ccd4 store:0xffffa072 load:0x00000000
       62145000	      6115	80000f86	07ebac23	sw	x30,120(x23)	 x23:0x8002cc60 x30:0x00000047 PA:0x8002ccd8 store:0x00000047 load:0x00000000
       62155000	      6116	80000f8a	07fbae23	sw	x31,124(x23)	 x23:0x8002cc60 x31:0x00000000 PA:0x8002ccdc store:0x00000000 load:0x00000000
       62165000	      6117	80000f8e	000b86b3	add	x13,x23,x0	 x23:0x8002cc60  x0:0x00000000 x13=0x8002cc60
       62175000	      6118	80000f92	90000d37	lui	x26,0x90000	 x26=0x90000000
       62185000	      6119	80000f96	1d71	c.addi	x26,-4	 x26:0x90000000 x26=0x8ffffffc
       62195000	      6120	80000f98	4d99	c.li	x27,6	 x27=0x00000006
       62205000	      6121	80000f9a	0da2	c.slli	x27,0x8	 x27:0x00000006 x27=0x00000600
       62215000	      6122	80000f9c	000d8d93	addi	x27,x27,0	 x27:0x00000600 x27=0x00000600
       62225000	      6123	80000fa0	01bd2023	sw	x27,0(x26)	 x26:0x8ffffffc x27:0x00000600 PA:0x8ffffffc store:0x00000600 load:0x00000000
       62235000	      6124	80000fa4	34202df3	csrrs	x27,mcause,x0	  x0:0x00000000 x27=0x8000000b
       62245000	      6125	80000fa8	01fddd93	srli	x27,x27,0x1f	 x27:0x8000000b x27=0x00000001
       62255000	      6126	80000fac	060d8863	beq	x27,x0,8000101c	 x27:0x00000001  x0:0x00000000
       62265000	      6127	80000fb0	90000d37	lui	x26,0x90000	 x26=0x90000000
       62275000	      6128	80000fb4	1d71	c.addi	x26,-4	 x26:0x90000000 x26=0x8ffffffc
       62285000	      6129	80000fb6	30000d93	addi	x27,x0,768	  x0:0x00000000 x27=0x00000300
       62295000	      6130	80000fba	0da2	c.slli	x27,0x8	 x27:0x00000300 x27=0x00030000
       62305000	      6131	80000fbc	0d8d	c.addi	x27,3	 x27:0x00030000 x27=0x00030003
       62315000	      6132	80000fbe	01bd2023	sw	x27,0(x26)	 x26:0x8ffffffc x27:0x00030003 PA:0x8ffffffc store:0x00030003 load:0x00000000
       62325000	      6133	80000fc2	30002df3	csrrs	x27,mstatus,x0	  x0:0x00000000 x27=0x00000080
       62335000	      6134	80000fc6	01bd2023	sw	x27,0(x26)	 x26:0x8ffffffc x27:0x00000080 PA:0x8ffffffc store:0x00000080 load:0x00000000
       62345000	      6135	80000fca	90000d37	lui	x26,0x90000	 x26=0x90000000
       62355000	      6136	80000fce	1d71	c.addi	x26,-4	 x26:0x90000000 x26=0x8ffffffc
       62365000	      6137	80000fd0	34200d93	addi	x27,x0,834	  x0:0x00000000 x27=0x00000342
       62375000	      6138	80000fd4	0da2	c.slli	x27,0x8	 x27:0x00000342 x27=0x00034200
       62385000	      6139	80000fd6	0d8d	c.addi	x27,3	 x27:0x00034200 x27=0x00034203
       62395000	      6140	80000fd8	01bd2023	sw	x27,0(x26)	 x26:0x8ffffffc x27:0x00034203 PA:0x8ffffffc store:0x00034203 load:0x00000000
       62405000	      6141	80000fdc	34202df3	csrrs	x27,mcause,x0	  x0:0x00000000 x27=0x8000000b
       62415000	      6142	80000fe0	01bd2023	sw	x27,0(x26)	 x26:0x8ffffffc x27:0x8000000b PA:0x8ffffffc store:0x8000000b load:0x00000000
       62425000	      6143	80000fe4	90000d37	lui	x26,0x90000	 x26=0x90000000
       62435000	      6144	80000fe8	1d71	c.addi	x26,-4	 x26:0x90000000 x26=0x8ffffffc
       62445000	      6145	80000fea	30400d93	addi	x27,x0,772	  x0:0x00000000 x27=0x00000304
       62455000	      6146	80000fee	0da2	c.slli	x27,0x8	 x27:0x00000304 x27=0x00030400
       62465000	      6147	80000ff0	0d8d	c.addi	x27,3	 x27:0x00030400 x27=0x00030403
       62475000	      6148	80000ff2	01bd2023	sw	x27,0(x26)	 x26:0x8ffffffc x27:0x00030403 PA:0x8ffffffc store:0x00030403 load:0x00000000
       62485000	      6149	80000ff6	30402df3	csrrs	x27,mie,x0	  x0:0x00000000 x27=0x00360888
       62495000	      6150	80000ffa	01bd2023	sw	x27,0(x26)	 x26:0x8ffffffc x27:0x00360888 PA:0x8ffffffc store:0x00360888 load:0x00000000
       62505000	      6151	80000ffe	90000d37	lui	x26,0x90000	 x26=0x90000000
       62515000	      6152	80001002	1d71	c.addi	x26,-4	 x26:0x90000000 x26=0x8ffffffc
       62525000	      6153	80001004	34400d93	addi	x27,x0,836	  x0:0x00000000 x27=0x00000344
       62535000	      6154	80001008	0da2	c.slli	x27,0x8	 x27:0x00000344 x27=0x00034400
       62545000	      6155	8000100a	0d8d	c.addi	x27,3	 x27:0x00034400 x27=0x00034403
       62555000	      6156	8000100c	01bd2023	sw	x27,0(x26)	 x26:0x8ffffffc x27:0x00034403 PA:0x8ffffffc store:0x00034403 load:0x00000000
       62565000	      6157	80001010	34402df3	csrrs	x27,mip,x0	  x0:0x00000000 x27=0x00000000
       62575000	      6158	80001014	01bd2023	sw	x27,0(x26)	 x26:0x8ffffffc x27:0x00000000 PA:0x8ffffffc store:0x00000000 load:0x00000000
       62585000	      6159	80001018	3141106f	jal	x0,8001232c	  x0=0x00000000
       62605000	      6161	8001232c	30002df3	csrrs	x27,mstatus,x0	  x0:0x00000000 x27=0x00000080
       62615000	      6162	80012330	30402df3	csrrs	x27,mie,x0	  x0:0x00000000 x27=0x00360888
       62625000	      6163	80012334	34402df3	csrrs	x27,mip,x0	  x0:0x00000000 x27=0x00000000
       62635000	      6164	80012338	344dbdf3	csrrc	x27,mip,x27	 x27:0x00000000 x27=0x00000000
       62665000	      6167	8001233c	90000d37	lui	x26,0x90000	 x26=0x90000000
       62675000	      6168	80012340	1d71	c.addi	x26,-4	 x26:0x90000000 x26=0x8ffffffc
       62685000	      6169	80012342	4d9d	c.li	x27,7	 x27=0x00000007
       62695000	      6170	80012344	0da2	c.slli	x27,0x8	 x27:0x00000007 x27=0x00000700
       62705000	      6171	80012346	000d8d93	addi	x27,x27,0	 x27:0x00000700 x27=0x00000700
       62715000	      6172	8001234a	01bd2023	sw	x27,0(x26)	 x26:0x8ffffffc x27:0x00000700 PA:0x8ffffffc store:0x00000700 load:0x00000000
       62725000	      6173	8001234e	00068bb3	add	x23,x13,x0	 x13:0x8002cc60  x0:0x00000000 x23=0x8002cc60
       62735000	      6174	80012352	004ba083	lw	x1,4(x23)	 x23:0x8002cc60  x1=0x8000981e PA:0x8002cc64 load:0x8000981e
       62745000	      6175	80012356	008ba103	lw	x2,8(x23)	 x23:0x8002cc60  x2=0x000094ae PA:0x8002cc68 load:0x000094ae
       62755000	      6176	8001235a	00cba183	lw	x3,12(x23)	 x23:0x8002cc60  x3=0x80000000 PA:0x8002cc6c load:0x80000000
       62765000	      6177	8001235e	010ba203	lw	x4,16(x23)	 x23:0x8002cc60  x4=0x00000017 PA:0x8002cc70 load:0x00000017
       62775000	      6178	80012362	014ba283	lw	x5,20(x23)	 x23:0x8002cc60  x5=0x80009832 PA:0x8002cc74 load:0x80009832
       62785000	      6179	80012366	018ba303	lw	x6,24(x23)	 x23:0x8002cc60  x6=0x000000c2 PA:0x8002cc78 load:0x000000c2
       62795000	      6180	8001236a	01cba383	lw	x7,28(x23)	 x23:0x8002cc60  x7=0xffffcff4 PA:0x8002cc7c load:0xffffcff4
       62805000	      6181	8001236e	020ba403	lw	x8,32(x23)	 x23:0x8002cc60  x8=0x0000004d PA:0x8002cc80 load:0x0000004d
       62815000	      6182	80012372	024ba483	lw	x9,36(x23)	 x23:0x8002cc60  x9=0x80030853 PA:0x8002cc84 load:0x80030853
       62825000	      6183	80012376	028ba503	lw	x10,40(x23)	 x23:0x8002cc60 x10=0x00000000 PA:0x8002cc88 load:0x00000000
       62835000	      6184	8001237a	02cba583	lw	x11,44(x23)	 x23:0x8002cc60 x11=0xf1e8b1fd PA:0x8002cc8c load:0xf1e8b1fd
       62845000	      6185	8001237e	030ba603	lw	x12,48(x23)	 x23:0x8002cc60 x12=0x800098bc PA:0x8002cc90 load:0x800098bc
       62855000	      6186	80012382	034ba683	lw	x13,52(x23)	 x23:0x8002cc60 x13=0x8002cce0 PA:0x8002cc94 load:0x8002cce0
       62865000	      6187	80012386	038ba703	lw	x14,56(x23)	 x23:0x8002cc60 x14=0x80009800 PA:0x8002cc98 load:0x80009800
       62875000	      6188	8001238a	03cba783	lw	x15,60(x23)	 x23:0x8002cc60 x15=0xf1e8b463 PA:0x8002cc9c load:0xf1e8b463
       62885000	      6189	8001238e	040ba803	lw	x16,64(x23)	 x23:0x8002cc60 x16=0x0000645c PA:0x8002cca0 load:0x0000645c
       62895000	      6190	80012392	044ba883	lw	x17,68(x23)	 x23:0x8002cc60 x17=0xffffed21 PA:0x8002cca4 load:0xffffed21
       62905000	      6191	80012396	048ba903	lw	x18,72(x23)	 x23:0x8002cc60 x18=0x00000091 PA:0x8002cca8 load:0x00000091
       62915000	      6192	8001239a	04cba983	lw	x19,76(x23)	 x23:0x8002cc60 x19=0x80013418 PA:0x8002ccac load:0x80013418
       62925000	      6193	8001239e	050baa03	lw	x20,80(x23)	 x23:0x8002cc60 x20=0x0000898f PA:0x8002ccb0 load:0x0000898f
       62935000	      6194	800123a2	054baa83	lw	x21,84(x23)	 x23:0x8002cc60 x21=0x00000290 PA:0x8002ccb4 load:0x00000290
       62945000	      6195	800123a6	058bab03	lw	x22,88(x23)	 x23:0x8002cc60 x22=0x0000de5b PA:0x8002ccb8 load:0x0000de5b
       62955000	      6196	800123aa	05cbab83	lw	x23,92(x23)	 x23:0x8002cc60 x23=0x8002cc60 PA:0x8002ccbc load:0x8002cc60
       62975000	      6198	800123ae	060bac03	lw	x24,96(x23)	 x23:0x8002cc60 x24=0x0001c000 PA:0x8002ccc0 load:0x0001c000
       62985000	      6199	800123b2	064bac83	lw	x25,100(x23)	 x23:0x8002cc60 x25=0xfffffd94 PA:0x8002ccc4 load:0xfffffd94
       62995000	      6200	800123b6	068bad03	lw	x26,104(x23)	 x23:0x8002cc60 x26=0x0000005e PA:0x8002ccc8 load:0x0000005e
       63005000	      6201	800123ba	06cbad83	lw	x27,108(x23)	 x23:0x8002cc60 x27=0xfffffd8c PA:0x8002cccc load:0xfffffd8c
       63015000	      6202	800123be	070bae03	lw	x28,112(x23)	 x23:0x8002cc60 x28=0x00013006 PA:0x8002ccd0 load:0x00013006
       63025000	      6203	800123c2	074bae83	lw	x29,116(x23)	 x23:0x8002cc60 x29=0xffffa072 PA:0x8002ccd4 load:0xffffa072
       63035000	      6204	800123c6	078baf03	lw	x30,120(x23)	 x23:0x8002cc60 x30=0x00000047 PA:0x8002ccd8 load:0x00000047
       63045000	      6205	800123ca	07cbaf83	lw	x31,124(x23)	 x23:0x8002cc60 x31=0x00000000 PA:0x8002ccdc load:0x00000000
       63055000	      6206	800123ce	080b8b93	addi	x23,x23,128	 x23:0x8002cc60 x23=0x8002cce0
       63065000	      6207	800123d2	000b86b3	add	x13,x23,x0	 x23:0x8002cce0  x0:0x00000000 x13=0x8002cce0
       63075000	      6208	800123d6	0006ab83	lw	x23,0(x13)	 x13:0x8002cce0 x23=0x80028e54 PA:0x8002cce0 load:0x80028e54
       63085000	      6209	800123da	0691	c.addi	x13,4	 x13:0x8002cce0 x13=0x8002cce4
       63095000	      6210	800123dc	30200073	mret	
       63135000	      6214	800098ce	f7298423	sb	x18,-152(x19)	 x19:0x80013418 x18:0x00000091 PA:0x80013380 store:0x00000091 load:0x00000000
       63145000	      6215	800098d2	cd93fc13	andi	x24,x7,-807	  x7:0xffffcff4 x24=0xffffccd0
       63155000	      6216	800098d6	8bc1	c.andi	x15,16	 x15:0xf1e8b463 x15=0x00000000
       63165000	      6217	800098d8	410b5f93	srai	x31,x22,0x10	 x22:0x0000de5b x31=0x00000000
       63175000	      6218	800098dc	f6598703	lb	x14,-155(x19)	 x19:0x80013418 x14=0xffffffcf PA:0x8001337d load:0xffffffcf
       63185000	      6219	800098e0	8fe5	c.and	x15,x9	 x15:0x00000000  x9:0x80030853 x15=0x00000000
       63195000	      6220	800098e2	f6c9d203	lhu	x4,-148(x19)	 x19:0x80013418  x4=0x00001d37 PA:0x80013384 load:0x00001d37
       63205000	      6221	800098e6	fca99123	sh	x10,-62(x19)	 x19:0x80013418 x10:0x00000000 PA:0x800133da store:0x00000000 load:0x00000000
       63215000	      6222	800098ea	0ff0000f	fence	iorw,iorw	
       63225000	      6223	800098ee	f8e98b03	lb	x22,-114(x19)	 x19:0x80013418 x22=0xffffffa3 PA:0x800133a6 load:0xffffffa3
       63235000	      6224	800098f2	01d69ab3	sll	x21,x13,x29	 x13:0x8002cce4 x29:0xffffa072 x21=0x33900000
       63605000	      6261	800098f6	026663b3	rem	x7,x12,x6	 x12:0x800098bc  x6:0x000000c2  x7=0xffffff66
       63615000	      6262	800098fa	0c698aa3	sb	x6,213(x19)	 x19:0x80013418  x6:0x000000c2 PA:0x800134ed store:0x000000c2 load:0x00000000
       63625000	      6263	800098fe	019d9733	sll	x14,x27,x25	 x27:0xfffffd8c x25:0xfffffd94 x14=0xd8c00000
       63635000	      6264	80009902	281fbd17	auipc	x26,0x281fb	 x26=0xa8204902
       63645000	      6265	80009906	01ff3b33	sltu	x22,x30,x31	 x30:0x00000047 x31:0x00000000 x22=0x00000000
       63655000	      6266	8000990a	94bd4393	xori	x7,x26,-1717	 x26:0xa8204902  x7=0x57dfb049
       63665000	      6267	8000990e	1504	c.addi4spn	x9,x2,672	  x9=0x0000974e
       63675000	      6268	80009910	04799c23	sh	x7,88(x19)	 x19:0x80013418  x7:0x57dfb049 PA:0x80013470 store:0x57dfb049 load:0x00000000
       63685000	      6269	80009914	ff798b03	lb	x22,-9(x19)	 x19:0x80013418 x22=0xfffffffb PA:0x8001340f load:0xfffffffb
       63695000	      6270	80009918	fb798a03	lb	x20,-73(x19)	 x19:0x80013418 x20=0x0000004c PA:0x800133cf load:0x0000004c
       63705000	      6271	8000991c	41860db3	sub	x27,x12,x24	 x12:0x800098bc x24:0xffffccd0 x27=0x8000cbec
       63715000	      6272	80009920	0f198ca3	sb	x17,249(x19)	 x19:0x80013418 x17:0xffffed21 PA:0x80013511 store:0xffffed21 load:0x00000000
       63725000	      6273	80009924	07299283	lh	x5,114(x19)	 x19:0x80013418  x5=0x00002f5b PA:0x8001348a load:0x00002f5b
       63735000	      6274	80009928	01a000ef	jal	x1,80009942	  x1=0x8000992c
       63755000	      6276	80009942	37ed	c.jal	8000992c	  x1=0x80009944
       63775000	      6278	8000992c	2019	c.jal	80009932	  x1=0x8000992e
       63805000	      6281	80009932	fffffb6f	jal	x22,80009930	 x22=0x80009936
       63825000	      6283	80009930	a039	c.j	8000993e	
       63845000	      6285	8000993e	2009	c.jal	80009940	  x1=0x80009940
       63865000	      6287	80009940	bfdd	c.j	80009936	
       63885000	      6289	80009936	a009	c.j	80009938	
       63905000	      6291	80009938	bfdd	c.j	8000992e	
       63925000	      6293	8000992e	2031	c.jal	8000993a	  x1=0x80009930
       63955000	      6296	8000993a	00a0036f	jal	x6,80009944	  x6=0x8000993e
       63985000	      6299	80009944	02adc833	div	x16,x27,x10	 x27:0x8000cbec x10:0x00000000 x16=0xffffffff
       63995000	      6300	80009948	0001a897	auipc	x17,0x1a	 x17=0x80023948
       64005000	      6301	8000994c	aa488893	addi	x17,x17,-1372	 x17:0x80023948 x17=0x800233ec
       64015000	      6302	80009950	54788e23	sb	x7,1372(x17)	 x17:0x800233ec  x7:0x57dfb049 PA:0x80023948 store:0x57dfb049 load:0x00000000
       64025000	      6303	80009954	db08d803	lhu	x16,-592(x17)	 x17:0x800233ec x16=0x0000e135 PA:0x8002319c load:0x0000e135
       64035000	      6304	80009958	fb443613	sltiu	x12,x8,-76	  x8:0x0000004d x12=0x00000001
       64045000	      6305	8000995c	99689603	lh	x12,-1642(x17)	 x17:0x800233ec x12=0x00000b3c PA:0x80022d82 load:0x00000b3c
       64055000	      6306	80009960	40b08e33	sub	x28,x1,x11	  x1:0x80009930 x11:0xf1e8b1fd x28=0x8e17e733
       64085000	      6309	80009964	03990033	mul	x0,x18,x25	 x18:0x00000091 x25:0xfffffd94  x0=0x00000000
       64095000	      6310	80009968	ed488503	lb	x10,-300(x17)	 x17:0x800233ec x10=0x0000000c PA:0x800232c0 load:0x0000000c
       64105000	      6311	8000996c	129c	c.addi4spn	x15,x2,352	 x15=0x0000960e
       64115000	      6312	8000996e	e6289223	sh	x2,-412(x17)	 x17:0x800233ec  x2:0x000094ae PA:0x80023250 store:0x000094ae load:0x00000000
       64125000	      6313	80009972	acf74413	xori	x8,x14,-1329	 x14:0xd8c00000  x8=0x273ffacf
       64135000	      6314	80009976	bea89a03	lh	x20,-1046(x17)	 x17:0x800233ec x20=0x000032e9 PA:0x80022fd6 load:0x000032e9
       64145000	      6315	8000997a	9d814613	xori	x12,x2,-1576	  x2:0x000094ae x12=0xffff6d76
       64155000	      6316	8000997e	810d	c.srli	x10,0x3	 x10:0x0000000c x10=0x00000001
       64165000	      6317	80009980	6a788f83	lb	x31,1703(x17)	 x17:0x800233ec x31=0x0000003a PA:0x80023a93 load:0x0000003a
       64175000	      6318	80009984	0001	c.addi	x0,0	  x0:0x00000000  x0=0x00000000
       64185000	      6319	80009986	8a31	c.andi	x12,12	 x12:0xffff6d76 x12=0x00000004
       64195000	      6320	80009988	8f39	c.xor	x14,x14	 x14:0xd8c00000 x14:0xd8c00000 x14=0x00000000
       64205000	      6321	8000998a	d4d37293	andi	x5,x6,-691	  x6:0x8000993e  x5=0x8000990c
       64215000	      6322	8000998e	013e6cb3	or	x25,x28,x19	 x28:0x8e17e733 x19:0x80013418 x25=0x8e17f73b
       64225000	      6323	80009992	8171	c.srli	x10,0x1c	 x10:0x00000001 x10=0x00000000
       64235000	      6324	80009994	84f8ca83	lbu	x21,-1969(x17)	 x17:0x800233ec x21=0x000000bc PA:0x80022c3b load:0x000000bc
       64245000	      6325	80009998	d7489923	sh	x20,-654(x17)	 x17:0x800233ec x20:0x000032e9 PA:0x8002315e store:0x000032e9 load:0x00000000
       64255000	      6326	8000999c	84f88b03	lb	x22,-1969(x17)	 x17:0x800233ec x22=0xffffffbc PA:0x80022c3b load:0xffffffbc
       64285000	      6329	800099a0	02b287b3	mul	x15,x5,x11	  x5:0x8000990c x11:0xf1e8b1fd x15=0xe9488cdc
       64295000	      6330	800099a4	8c41	c.or	x8,x8	  x8:0x273ffacf  x8:0x273ffacf  x8=0x273ffacf
       64305000	      6331	800099a6	a9588023	sb	x21,-1408(x17)	 x17:0x800233ec x21:0x000000bc PA:0x80022e6c store:0x000000bc load:0x00000000
       64315000	      6332	800099aa	1604	c.addi4spn	x9,x2,800	  x9=0x000097ce
       64355000	      6336	800099ac	03caac33	mulhsu	x24,x21,x28	 x21:0x000000bc x28:0x8e17e733 x24=0x00000068
       64365000	      6337	800099b0	8936	c.mv	x18,x13	  x0:0x00000000 x13:0x8002cce4 x18=0x8002cce4
       64375000	      6338	800099b2	c7388903	lb	x18,-909(x17)	 x17:0x800233ec x18=0xffffffb6 PA:0x8002305f load:0xffffffb6
       64385000	      6339	800099b6	b0888103	lb	x2,-1272(x17)	 x17:0x800233ec  x2=0x00000034 PA:0x80022ef4 load:0x00000034
       64405000	      6341	800099ba	a4288ea3	sb	x2,-1443(x17)	 x17:0x800233ec  x2:0x00000034 PA:0x80022e49 store:0x00000034 load:0x00000000
       64435000	      6344	800099be	027d8833	mul	x16,x27,x7	 x27:0x8000cbec  x7:0x57dfb049 x16=0xe300664c
       64445000	      6345	800099c2	d268da83	lhu	x21,-730(x17)	 x17:0x800233ec x21=0x000097e8 PA:0x80023112 load:0x000097e8
       64455000	      6346	800099c6	56288523	sb	x2,1386(x17)	 x17:0x800233ec  x2:0x00000034 PA:0x80023956 store:0x00000034 load:0x00000000
       64465000	      6347	800099ca	0001ad97	auipc	x27,0x1a	 x27=0x800239ca
       64475000	      6348	800099ce	af0d8d93	addi	x27,x27,-1296	 x27:0x800239ca x27=0x800234ba
       64485000	      6349	800099d2	fa7d8ca3	sb	x7,-71(x27)	 x27:0x800234ba  x7:0x57dfb049 PA:0x80023473 store:0x57dfb049 load:0x00000000
       64495000	      6350	800099d6	0000a797	auipc	x15,0xa	 x15=0x800139d6
       64505000	      6351	800099da	4fc78793	addi	x15,x15,1276	 x15:0x800139d6 x15=0x80013ed2
       64515000	      6352	800099de	f2379723	sh	x3,-210(x15)	 x15:0x80013ed2  x3:0x80000000 PA:0x80013e00 store:0x80000000 load:0x00000000
       64525000	      6353	800099e2	fdad82a3	sb	x26,-59(x27)	 x27:0x800234ba x26:0xa8204902 PA:0x8002347f store:0xa8204902 load:0x00000000
       64535000	      6354	800099e6	f4878c83	lb	x25,-184(x15)	 x15:0x80013ed2 x25=0x00000027 PA:0x80013e1a load:0x00000027
       64545000	      6355	800099ea	fedd8403	lb	x8,-19(x27)	 x27:0x800234ba  x8=0xffffff8a PA:0x800234a7 load:0xffffff8a
       64555000	      6356	800099ee	08078323	sb	x0,134(x15)	 x15:0x80013ed2  x0:0x00000000 PA:0x80013f58 store:0x00000000 load:0x00000000
       64565000	      6357	800099f2	097dc883	lbu	x17,151(x27)	 x27:0x800234ba x17=0x000000e8 PA:0x80023551 load:0x000000e8
       64575000	      6358	800099f6	09178a03	lb	x20,145(x15)	 x15:0x80013ed2 x20=0xffffffaa PA:0x80013f63 load:0xffffffaa
       64585000	      6359	800099fa	0927d083	lhu	x1,146(x15)	 x15:0x80013ed2  x1=0x00006bbf PA:0x80013f64 load:0x00006bbf
       64595000	      6360	800099fe	071d8e23	sb	x17,124(x27)	 x27:0x800234ba x17:0x000000e8 PA:0x80023536 store:0x000000e8 load:0x00000000
       64605000	      6361	80009a02	0000ac97	auipc	x25,0xa	 x25=0x80013a02
       64615000	      6362	80009a06	759c8c93	addi	x25,x25,1881	 x25:0x80013a02 x25=0x8001415b
       64625000	      6363	80009a0a	19ccc903	lbu	x18,412(x25)	 x25:0x8001415b x18=0x0000001c PA:0x800142f7 load:0x0000001c
       64635000	      6364	80009a0e	133c9703	lh	x14,307(x25)	 x25:0x8001415b x14=0xffffd683 PA:0x8001428e load:0xffffd683
       64645000	      6365	80009a12	122c89a3	sb	x2,307(x25)	 x25:0x8001415b  x2:0x00000034 PA:0x8001428e store:0x00000034 load:0x00000000
       64655000	      6366	80009a16	137c89a3	sb	x23,307(x25)	 x25:0x8001415b x23:0x80028e54 PA:0x8001428e store:0x80028e54 load:0x00000000
       64665000	      6367	80009a1a	781c9803	lh	x16,1921(x25)	 x25:0x8001415b x16=0xffff815f PA:0x800148dc load:0xffff815f
       64675000	      6368	80009a1e	31e12f13	slti	x30,x2,798	  x2:0x00000034 x30=0x00000001
       64685000	      6369	80009a22	2b9c8783	lb	x15,697(x25)	 x25:0x8001415b x15=0xffffff91 PA:0x80014414 load:0xffffff91
       64695000	      6370	80009a26	05acc183	lbu	x3,90(x25)	 x25:0x8001415b  x3=0x0000004b PA:0x800141b5 load:0x0000004b
       64705000	      6371	80009a2a	056c8d23	sb	x22,90(x25)	 x25:0x8001415b x22:0xffffffbc PA:0x800141b5 store:0xffffffbc load:0x00000000
       64715000	      6372	80009a2e	05acc183	lbu	x3,90(x25)	 x25:0x8001415b  x3=0x000000bc PA:0x800141b5 load:0x000000bc
       64725000	      6373	80009a32	05ac8883	lb	x17,90(x25)	 x25:0x8001415b x17=0xffffffbc PA:0x800141b5 load:0xffffffbc
       64735000	      6374	80009a36	40acc303	lbu	x6,1034(x25)	 x25:0x8001415b  x6=0x0000006b PA:0x80014565 load:0x0000006b
       64745000	      6375	80009a3a	7cdc8323	sb	x13,1990(x25)	 x25:0x8001415b x13:0x8002cce4 PA:0x80014921 store:0x8002cce4 load:0x00000000
       64755000	      6376	80009a3e	4abc8623	sb	x11,1196(x25)	 x25:0x8001415b x11:0xf1e8b1fd PA:0x80014607 store:0xf1e8b1fd load:0x00000000
       64765000	      6377	80009a42	33ec93a3	sh	x30,807(x25)	 x25:0x8001415b x30:0x00000001 PA:0x80014482 store:0x00000001 load:0x00000000
       64775000	      6378	80009a46	327c9d83	lh	x27,807(x25)	 x25:0x8001415b x27=0x00000001 PA:0x80014482 load:0x00000001
       64785000	      6379	80009a4a	789cc403	lbu	x8,1929(x25)	 x25:0x8001415b  x8=0x000000a4 PA:0x800148e4 load:0x000000a4
       64795000	      6380	80009a4e	683cde83	lhu	x29,1667(x25)	 x25:0x8001415b x29=0x0000d3ab PA:0x800147de load:0x0000d3ab
       64805000	      6381	80009a52	593c8523	sb	x19,1418(x25)	 x25:0x8001415b x19:0x80013418 PA:0x800146e5 store:0x80013418 load:0x00000000
       64815000	      6382	80009a56	423ccc03	lbu	x24,1059(x25)	 x25:0x8001415b x24=0x00000048 PA:0x8001457e load:0x00000048
       64825000	      6383	80009a5a	0abc81a3	sb	x11,163(x25)	 x25:0x8001415b x11:0xf1e8b1fd PA:0x800141fe store:0xf1e8b1fd load:0x00000000
       64865000	      6387	8000272c	fd8fe06f	jal	x0,80000f04	  x0=0x00000000
       64885000	      6389	80000f04	16f1	c.addi	x13,-4	 x13:0x8002cce4 x13=0x8002cce0
       64895000	      6390	80000f06	0176a023	sw	x23,0(x13)	 x13:0x8002cce0 x23:0x80028e54 PA:0x8002cce0 store:0x80028e54 load:0x00000000
       64905000	      6391	80000f0a	00068bb3	add	x23,x13,x0	 x13:0x8002cce0  x0:0x00000000 x23=0x8002cce0
       64915000	      6392	80000f0e	f80b8b93	addi	x23,x23,-128	 x23:0x8002cce0 x23=0x8002cc60
       64925000	      6393	80000f12	001ba223	sw	x1,4(x23)	 x23:0x8002cc60  x1:0x00006bbf PA:0x8002cc64 store:0x00006bbf load:0x00000000
       64935000	      6394	80000f16	002ba423	sw	x2,8(x23)	 x23:0x8002cc60  x2:0x00000034 PA:0x8002cc68 store:0x00000034 load:0x00000000
       64945000	      6395	80000f1a	003ba623	sw	x3,12(x23)	 x23:0x8002cc60  x3:0x000000bc PA:0x8002cc6c store:0x000000bc load:0x00000000
       64955000	      6396	80000f1e	004ba823	sw	x4,16(x23)	 x23:0x8002cc60  x4:0x00001d37 PA:0x8002cc70 store:0x00001d37 load:0x00000000
       64965000	      6397	80000f22	005baa23	sw	x5,20(x23)	 x23:0x8002cc60  x5:0x8000990c PA:0x8002cc74 store:0x8000990c load:0x00000000
       64975000	      6398	80000f26	006bac23	sw	x6,24(x23)	 x23:0x8002cc60  x6:0x0000006b PA:0x8002cc78 store:0x0000006b load:0x00000000
       64985000	      6399	80000f2a	007bae23	sw	x7,28(x23)	 x23:0x8002cc60  x7:0x57dfb049 PA:0x8002cc7c store:0x57dfb049 load:0x00000000
       64995000	      6400	80000f2e	028ba023	sw	x8,32(x23)	 x23:0x8002cc60  x8:0x000000a4 PA:0x8002cc80 store:0x000000a4 load:0x00000000
       65005000	      6401	80000f32	029ba223	sw	x9,36(x23)	 x23:0x8002cc60  x9:0x000097ce PA:0x8002cc84 store:0x000097ce load:0x00000000
       65015000	      6402	80000f36	02aba423	sw	x10,40(x23)	 x23:0x8002cc60 x10:0x00000000 PA:0x8002cc88 store:0x00000000 load:0x00000000
       65025000	      6403	80000f3a	02bba623	sw	x11,44(x23)	 x23:0x8002cc60 x11:0xf1e8b1fd PA:0x8002cc8c store:0xf1e8b1fd load:0x00000000
       65035000	      6404	80000f3e	02cba823	sw	x12,48(x23)	 x23:0x8002cc60 x12:0x00000004 PA:0x8002cc90 store:0x00000004 load:0x00000000
       65045000	      6405	80000f42	02dbaa23	sw	x13,52(x23)	 x23:0x8002cc60 x13:0x8002cce0 PA:0x8002cc94 store:0x8002cce0 load:0x00000000
       65055000	      6406	80000f46	02ebac23	sw	x14,56(x23)	 x23:0x8002cc60 x14:0xffffd683 PA:0x8002cc98 store:0xffffd683 load:0x00000000
       65065000	      6407	80000f4a	02fbae23	sw	x15,60(x23)	 x23:0x8002cc60 x15:0xffffff91 PA:0x8002cc9c store:0xffffff91 load:0x00000000
       65075000	      6408	80000f4e	050ba023	sw	x16,64(x23)	 x23:0x8002cc60 x16:0xffff815f PA:0x8002cca0 store:0xffff815f load:0x00000000
       65085000	      6409	80000f52	051ba223	sw	x17,68(x23)	 x23:0x8002cc60 x17:0xffffffbc PA:0x8002cca4 store:0xffffffbc load:0x00000000
       65095000	      6410	80000f56	052ba423	sw	x18,72(x23)	 x23:0x8002cc60 x18:0x0000001c PA:0x8002cca8 store:0x0000001c load:0x00000000
       65105000	      6411	80000f5a	053ba623	sw	x19,76(x23)	 x23:0x8002cc60 x19:0x80013418 PA:0x8002ccac store:0x80013418 load:0x00000000
       65115000	      6412	80000f5e	054ba823	sw	x20,80(x23)	 x23:0x8002cc60 x20:0xffffffaa PA:0x8002ccb0 store:0xffffffaa load:0x00000000
       65125000	      6413	80000f62	055baa23	sw	x21,84(x23)	 x23:0x8002cc60 x21:0x000097e8 PA:0x8002ccb4 store:0x000097e8 load:0x00000000
       65135000	      6414	80000f66	056bac23	sw	x22,88(x23)	 x23:0x8002cc60 x22:0xffffffbc PA:0x8002ccb8 store:0xffffffbc load:0x00000000
       65145000	      6415	80000f6a	057bae23	sw	x23,92(x23)	 x23:0x8002cc60 x23:0x8002cc60 PA:0x8002ccbc store:0x8002cc60 load:0x00000000
       65155000	      6416	80000f6e	078ba023	sw	x24,96(x23)	 x23:0x8002cc60 x24:0x00000048 PA:0x8002ccc0 store:0x00000048 load:0x00000000
       65165000	      6417	80000f72	079ba223	sw	x25,100(x23)	 x23:0x8002cc60 x25:0x8001415b PA:0x8002ccc4 store:0x8001415b load:0x00000000
       65175000	      6418	80000f76	07aba423	sw	x26,104(x23)	 x23:0x8002cc60 x26:0xa8204902 PA:0x8002ccc8 store:0xa8204902 load:0x00000000
       65185000	      6419	80000f7a	07bba623	sw	x27,108(x23)	 x23:0x8002cc60 x27:0x00000001 PA:0x8002cccc store:0x00000001 load:0x00000000
       65195000	      6420	80000f7e	07cba823	sw	x28,112(x23)	 x23:0x8002cc60 x28:0x8e17e733 PA:0x8002ccd0 store:0x8e17e733 load:0x00000000
       65205000	      6421	80000f82	07dbaa23	sw	x29,116(x23)	 x23:0x8002cc60 x29:0x0000d3ab PA:0x8002ccd4 store:0x0000d3ab load:0x00000000
       65215000	      6422	80000f86	07ebac23	sw	x30,120(x23)	 x23:0x8002cc60 x30:0x00000001 PA:0x8002ccd8 store:0x00000001 load:0x00000000
       65225000	      6423	80000f8a	07fbae23	sw	x31,124(x23)	 x23:0x8002cc60 x31:0x0000003a PA:0x8002ccdc store:0x0000003a load:0x00000000
       65235000	      6424	80000f8e	000b86b3	add	x13,x23,x0	 x23:0x8002cc60  x0:0x00000000 x13=0x8002cc60
       65245000	      6425	80000f92	90000d37	lui	x26,0x90000	 x26=0x90000000
       65255000	      6426	80000f96	1d71	c.addi	x26,-4	 x26:0x90000000 x26=0x8ffffffc
       65265000	      6427	80000f98	4d99	c.li	x27,6	 x27=0x00000006
       65275000	      6428	80000f9a	0da2	c.slli	x27,0x8	 x27:0x00000006 x27=0x00000600
       65285000	      6429	80000f9c	000d8d93	addi	x27,x27,0	 x27:0x00000600 x27=0x00000600
       65295000	      6430	80000fa0	01bd2023	sw	x27,0(x26)	 x26:0x8ffffffc x27:0x00000600 PA:0x8ffffffc store:0x00000600 load:0x00000000
       65305000	      6431	80000fa4	34202df3	csrrs	x27,mcause,x0	  x0:0x00000000 x27=0x8000000b
       65315000	      6432	80000fa8	01fddd93	srli	x27,x27,0x1f	 x27:0x8000000b x27=0x00000001
       65325000	      6433	80000fac	060d8863	beq	x27,x0,8000101c	 x27:0x00000001  x0:0x00000000
       65335000	      6434	80000fb0	90000d37	lui	x26,0x90000	 x26=0x90000000
       65345000	      6435	80000fb4	1d71	c.addi	x26,-4	 x26:0x90000000 x26=0x8ffffffc
       65355000	      6436	80000fb6	30000d93	addi	x27,x0,768	  x0:0x00000000 x27=0x00000300
       65365000	      6437	80000fba	0da2	c.slli	x27,0x8	 x27:0x00000300 x27=0x00030000
       65375000	      6438	80000fbc	0d8d	c.addi	x27,3	 x27:0x00030000 x27=0x00030003
       65385000	      6439	80000fbe	01bd2023	sw	x27,0(x26)	 x26:0x8ffffffc x27:0x00030003 PA:0x8ffffffc store:0x00030003 load:0x00000000
       65395000	      6440	80000fc2	30002df3	csrrs	x27,mstatus,x0	  x0:0x00000000 x27=0x00000080
       65405000	      6441	80000fc6	01bd2023	sw	x27,0(x26)	 x26:0x8ffffffc x27:0x00000080 PA:0x8ffffffc store:0x00000080 load:0x00000000
       65415000	      6442	80000fca	90000d37	lui	x26,0x90000	 x26=0x90000000
       65425000	      6443	80000fce	1d71	c.addi	x26,-4	 x26:0x90000000 x26=0x8ffffffc
       65435000	      6444	80000fd0	34200d93	addi	x27,x0,834	  x0:0x00000000 x27=0x00000342
       65445000	      6445	80000fd4	0da2	c.slli	x27,0x8	 x27:0x00000342 x27=0x00034200
       65455000	      6446	80000fd6	0d8d	c.addi	x27,3	 x27:0x00034200 x27=0x00034203
       65465000	      6447	80000fd8	01bd2023	sw	x27,0(x26)	 x26:0x8ffffffc x27:0x00034203 PA:0x8ffffffc store:0x00034203 load:0x00000000
       65475000	      6448	80000fdc	34202df3	csrrs	x27,mcause,x0	  x0:0x00000000 x27=0x8000000b
       65485000	      6449	80000fe0	01bd2023	sw	x27,0(x26)	 x26:0x8ffffffc x27:0x8000000b PA:0x8ffffffc store:0x8000000b load:0x00000000
       65495000	      6450	80000fe4	90000d37	lui	x26,0x90000	 x26=0x90000000
       65505000	      6451	80000fe8	1d71	c.addi	x26,-4	 x26:0x90000000 x26=0x8ffffffc
       65515000	      6452	80000fea	30400d93	addi	x27,x0,772	  x0:0x00000000 x27=0x00000304
       65525000	      6453	80000fee	0da2	c.slli	x27,0x8	 x27:0x00000304 x27=0x00030400
       65535000	      6454	80000ff0	0d8d	c.addi	x27,3	 x27:0x00030400 x27=0x00030403
       65545000	      6455	80000ff2	01bd2023	sw	x27,0(x26)	 x26:0x8ffffffc x27:0x00030403 PA:0x8ffffffc store:0x00030403 load:0x00000000
       65555000	      6456	80000ff6	30402df3	csrrs	x27,mie,x0	  x0:0x00000000 x27=0x00360888
       65565000	      6457	80000ffa	01bd2023	sw	x27,0(x26)	 x26:0x8ffffffc x27:0x00360888 PA:0x8ffffffc store:0x00360888 load:0x00000000
       65575000	      6458	80000ffe	90000d37	lui	x26,0x90000	 x26=0x90000000
       65585000	      6459	80001002	1d71	c.addi	x26,-4	 x26:0x90000000 x26=0x8ffffffc
       65595000	      6460	80001004	34400d93	addi	x27,x0,836	  x0:0x00000000 x27=0x00000344
       65605000	      6461	80001008	0da2	c.slli	x27,0x8	 x27:0x00000344 x27=0x00034400
       65615000	      6462	8000100a	0d8d	c.addi	x27,3	 x27:0x00034400 x27=0x00034403
       65625000	      6463	8000100c	01bd2023	sw	x27,0(x26)	 x26:0x8ffffffc x27:0x00034403 PA:0x8ffffffc store:0x00034403 load:0x00000000
       65635000	      6464	80001010	34402df3	csrrs	x27,mip,x0	  x0:0x00000000 x27=0x00000000
       65645000	      6465	80001014	01bd2023	sw	x27,0(x26)	 x26:0x8ffffffc x27:0x00000000 PA:0x8ffffffc store:0x00000000 load:0x00000000
       65655000	      6466	80001018	3141106f	jal	x0,8001232c	  x0=0x00000000
       65675000	      6468	8001232c	30002df3	csrrs	x27,mstatus,x0	  x0:0x00000000 x27=0x00000080
       65685000	      6469	80012330	30402df3	csrrs	x27,mie,x0	  x0:0x00000000 x27=0x00360888
       65695000	      6470	80012334	34402df3	csrrs	x27,mip,x0	  x0:0x00000000 x27=0x00000000
       65705000	      6471	80012338	344dbdf3	csrrc	x27,mip,x27	 x27:0x00000000 x27=0x00000000
       65735000	      6474	8001233c	90000d37	lui	x26,0x90000	 x26=0x90000000
       65745000	      6475	80012340	1d71	c.addi	x26,-4	 x26:0x90000000 x26=0x8ffffffc
       65755000	      6476	80012342	4d9d	c.li	x27,7	 x27=0x00000007
       65765000	      6477	80012344	0da2	c.slli	x27,0x8	 x27:0x00000007 x27=0x00000700
       65775000	      6478	80012346	000d8d93	addi	x27,x27,0	 x27:0x00000700 x27=0x00000700
       65785000	      6479	8001234a	01bd2023	sw	x27,0(x26)	 x26:0x8ffffffc x27:0x00000700 PA:0x8ffffffc store:0x00000700 load:0x00000000
       65795000	      6480	8001234e	00068bb3	add	x23,x13,x0	 x13:0x8002cc60  x0:0x00000000 x23=0x8002cc60
       65805000	      6481	80012352	004ba083	lw	x1,4(x23)	 x23:0x8002cc60  x1=0x00006bbf PA:0x8002cc64 load:0x00006bbf
       65815000	      6482	80012356	008ba103	lw	x2,8(x23)	 x23:0x8002cc60  x2=0x00000034 PA:0x8002cc68 load:0x00000034
       65825000	      6483	8001235a	00cba183	lw	x3,12(x23)	 x23:0x8002cc60  x3=0x000000bc PA:0x8002cc6c load:0x000000bc
       65835000	      6484	8001235e	010ba203	lw	x4,16(x23)	 x23:0x8002cc60  x4=0x00001d37 PA:0x8002cc70 load:0x00001d37
       65845000	      6485	80012362	014ba283	lw	x5,20(x23)	 x23:0x8002cc60  x5=0x8000990c PA:0x8002cc74 load:0x8000990c
       65855000	      6486	80012366	018ba303	lw	x6,24(x23)	 x23:0x8002cc60  x6=0x0000006b PA:0x8002cc78 load:0x0000006b
       65865000	      6487	8001236a	01cba383	lw	x7,28(x23)	 x23:0x8002cc60  x7=0x57dfb049 PA:0x8002cc7c load:0x57dfb049
       65875000	      6488	8001236e	020ba403	lw	x8,32(x23)	 x23:0x8002cc60  x8=0x000000a4 PA:0x8002cc80 load:0x000000a4
       65885000	      6489	80012372	024ba483	lw	x9,36(x23)	 x23:0x8002cc60  x9=0x000097ce PA:0x8002cc84 load:0x000097ce
       65895000	      6490	80012376	028ba503	lw	x10,40(x23)	 x23:0x8002cc60 x10=0x00000000 PA:0x8002cc88 load:0x00000000
       65905000	      6491	8001237a	02cba583	lw	x11,44(x23)	 x23:0x8002cc60 x11=0xf1e8b1fd PA:0x8002cc8c load:0xf1e8b1fd
       65915000	      6492	8001237e	030ba603	lw	x12,48(x23)	 x23:0x8002cc60 x12=0x00000004 PA:0x8002cc90 load:0x00000004
       65925000	      6493	80012382	034ba683	lw	x13,52(x23)	 x23:0x8002cc60 x13=0x8002cce0 PA:0x8002cc94 load:0x8002cce0
       65935000	      6494	80012386	038ba703	lw	x14,56(x23)	 x23:0x8002cc60 x14=0xffffd683 PA:0x8002cc98 load:0xffffd683
       65945000	      6495	8001238a	03cba783	lw	x15,60(x23)	 x23:0x8002cc60 x15=0xffffff91 PA:0x8002cc9c load:0xffffff91
       65955000	      6496	8001238e	040ba803	lw	x16,64(x23)	 x23:0x8002cc60 x16=0xffff815f PA:0x8002cca0 load:0xffff815f
       65965000	      6497	80012392	044ba883	lw	x17,68(x23)	 x23:0x8002cc60 x17=0xffffffbc PA:0x8002cca4 load:0xffffffbc
       65975000	      6498	80012396	048ba903	lw	x18,72(x23)	 x23:0x8002cc60 x18=0x0000001c PA:0x8002cca8 load:0x0000001c
       65985000	      6499	8001239a	04cba983	lw	x19,76(x23)	 x23:0x8002cc60 x19=0x80013418 PA:0x8002ccac load:0x80013418
       65995000	      6500	8001239e	050baa03	lw	x20,80(x23)	 x23:0x8002cc60 x20=0xffffffaa PA:0x8002ccb0 load:0xffffffaa
       66005000	      6501	800123a2	054baa83	lw	x21,84(x23)	 x23:0x8002cc60 x21=0x000097e8 PA:0x8002ccb4 load:0x000097e8
       66015000	      6502	800123a6	058bab03	lw	x22,88(x23)	 x23:0x8002cc60 x22=0xffffffbc PA:0x8002ccb8 load:0xffffffbc
       66025000	      6503	800123aa	05cbab83	lw	x23,92(x23)	 x23:0x8002cc60 x23=0x8002cc60 PA:0x8002ccbc load:0x8002cc60
       66045000	      6505	800123ae	060bac03	lw	x24,96(x23)	 x23:0x8002cc60 x24=0x00000048 PA:0x8002ccc0 load:0x00000048
       66055000	      6506	800123b2	064bac83	lw	x25,100(x23)	 x23:0x8002cc60 x25=0x8001415b PA:0x8002ccc4 load:0x8001415b
       66065000	      6507	800123b6	068bad03	lw	x26,104(x23)	 x23:0x8002cc60 x26=0xa8204902 PA:0x8002ccc8 load:0xa8204902
       66075000	      6508	800123ba	06cbad83	lw	x27,108(x23)	 x23:0x8002cc60 x27=0x00000001 PA:0x8002cccc load:0x00000001
       66085000	      6509	800123be	070bae03	lw	x28,112(x23)	 x23:0x8002cc60 x28=0x8e17e733 PA:0x8002ccd0 load:0x8e17e733
       66095000	      6510	800123c2	074bae83	lw	x29,116(x23)	 x23:0x8002cc60 x29=0x0000d3ab PA:0x8002ccd4 load:0x0000d3ab
       66105000	      6511	800123c6	078baf03	lw	x30,120(x23)	 x23:0x8002cc60 x30=0x00000001 PA:0x8002ccd8 load:0x00000001
       66115000	      6512	800123ca	07cbaf83	lw	x31,124(x23)	 x23:0x8002cc60 x31=0x0000003a PA:0x8002ccdc load:0x0000003a
       66125000	      6513	800123ce	080b8b93	addi	x23,x23,128	 x23:0x8002cc60 x23=0x8002cce0
       66135000	      6514	800123d2	000b86b3	add	x13,x23,x0	 x23:0x8002cce0  x0:0x00000000 x13=0x8002cce0
       66145000	      6515	800123d6	0006ab83	lw	x23,0(x13)	 x13:0x8002cce0 x23=0x80028e54 PA:0x8002cce0 load:0x80028e54
       66155000	      6516	800123da	0691	c.addi	x13,4	 x13:0x8002cce0 x13=0x8002cce4
       66165000	      6517	800123dc	30200073	mret	
       66205000	      6521	80009a5e	0000ab17	auipc	x22,0xa	 x22=0x80013a5e
       66215000	      6522	80009a62	c7bb0b13	addi	x22,x22,-901	 x22:0x80013a5e x22=0x800136d9
       66225000	      6523	80009a66	f17b1383	lh	x7,-233(x22)	 x22:0x800136d9  x7=0xffffd1eb PA:0x800135f0 load:0xffffd1eb
       66245000	      6525	80009a6a	6643aa13	slti	x20,x7,1636	  x7:0xffffd1eb x20=0x00000001
       66255000	      6526	80009a6e	a81f8a13	addi	x20,x31,-1407	 x31:0x0000003a x20=0xfffffabb
       66265000	      6527	80009a72	fd9b0903	lb	x18,-39(x22)	 x22:0x800136d9 x18=0xffffffd0 PA:0x800136b2 load:0xffffffd0
       66315000	      6532	80009a76	03221433	mulh	x8,x4,x18	  x4:0x00001d37 x18:0xffffffd0  x8=0xffffffff
       66325000	      6533	80009a7a	f03b2203	lw	x4,-253(x22)	 x22:0x800136d9  x4=0x6ee042e6 PA:0x800135dc load:0x6ee042e6
       66375000	      6538	80009a7e	024a13b3	mulh	x7,x20,x4	 x20:0xfffffabb  x4:0x6ee042e6  x7=0xfffffdb7
       66385000	      6539	80009a82	fb4b0aa3	sb	x20,-75(x22)	 x22:0x800136d9 x20:0xfffffabb PA:0x8001368e store:0xfffffabb load:0x00000000
       66755000	      6576	80009a86	02897933	remu	x18,x18,x8	 x18:0xffffffd0  x8:0xffffffff x18=0xffffffd0
       66765000	      6577	80009a8a	8c41	c.or	x8,x8	  x8:0xffffffff  x8:0xffffffff  x8=0xffffffff
       66775000	      6578	80009a8c	f05b4383	lbu	x7,-251(x22)	 x22:0x800136d9  x7=0x000000e0 PA:0x800135de load:0x000000e0
       66785000	      6579	80009a90	031b0903	lb	x18,49(x22)	 x22:0x800136d9 x18=0x00000033 PA:0x8001370a load:0x00000033
       66795000	      6580	80009a94	fe2b4403	lbu	x8,-30(x22)	 x22:0x800136d9  x8=0x00000024 PA:0x800136bb load:0x00000024
       66805000	      6581	80009a98	404a5a33	sra	x20,x20,x4	 x20:0xfffffabb  x4:0x6ee042e6 x20=0xffffffea
       67175000	      6618	80009a9c	032a43b3	div	x7,x20,x18	 x20:0xffffffea x18:0x00000033  x7=0x00000000
       67195000	      6620	80009aa0	027953b3	divu	x7,x18,x7	 x18:0x00000033  x7:0x00000000  x7=0xffffffff
       67205000	      6621	80009aa4	0bfb23a3	sw	x31,167(x22)	 x22:0x800136d9 x31:0x0000003a PA:0x80013780 store:0x0000003a load:0x00000000
       67215000	      6622	80009aa8	0073df93	srli	x31,x7,0x7	  x7:0xffffffff x31=0x01ffffff
       67225000	      6623	80009aac	014b0d23	sb	x20,26(x22)	 x22:0x800136d9 x20:0xffffffea PA:0x800136f3 store:0xffffffea load:0x00000000
       67235000	      6624	80009ab0	01f39433	sll	x8,x7,x31	  x7:0xffffffff x31:0x01ffffff  x8=0x80000000
       67245000	      6625	80009ab4	0acb4403	lbu	x8,172(x22)	 x22:0x800136d9  x8=0x00000035 PA:0x80013785 load:0x00000035
       67255000	      6626	80009ab8	fa4b0e23	sb	x4,-68(x22)	 x22:0x800136d9  x4:0x6ee042e6 PA:0x80013695 store:0x6ee042e6 load:0x00000000
       67265000	      6627	80009abc	067b0923	sb	x7,114(x22)	 x22:0x800136d9  x7:0xffffffff PA:0x8001374b store:0xffffffff load:0x00000000
       67275000	      6628	80009ac0	0000100f	fence.i	
       67295000	      6630	80009ac4	fa2b0203	lb	x4,-94(x22)	 x22:0x800136d9  x4=0xffffff8a PA:0x8001367b load:0xffffff8a
       67305000	      6631	80009ac8	03fb0a23	sb	x31,52(x22)	 x22:0x800136d9 x31:0x01ffffff PA:0x8001370d store:0x01ffffff load:0x00000000
       67315000	      6632	80009acc	004393b3	sll	x7,x7,x4	  x7:0xffffffff  x4:0xffffff8a  x7=0xfffffc00
       67325000	      6633	80009ad0	f4bb4903	lbu	x18,-181(x22)	 x22:0x800136d9 x18=0x00000038 PA:0x80013624 load:0x00000038
       67335000	      6634	80009ad4	8c61	c.and	x8,x8	  x8:0x00000035  x8:0x00000035  x8=0x00000035
       67345000	      6635	80009ad6	8c41	c.or	x8,x8	  x8:0x00000035  x8:0x00000035  x8=0x00000035
       67355000	      6636	80009ad8	b3a27413	andi	x8,x4,-1222	  x4:0xffffff8a  x8=0xfffffb0a
       67365000	      6637	80009adc	012fda33	srl	x20,x31,x18	 x31:0x01ffffff x18:0x00000038 x20=0x00000001
       67375000	      6638	80009ae0	420d	c.li	x4,3	  x4=0x00000003
       67385000	      6639	80009ae2	f88b4403	lbu	x8,-120(x22)	 x22:0x800136d9  x8=0x00000050 PA:0x80013661 load:0x00000050
       67395000	      6640	80009ae6	7b49da17	auipc	x20,0x7b49d	 x20=0xfb4a6ae6
       67405000	      6641	80009aea	f96b0383	lb	x7,-106(x22)	 x22:0x800136d9  x7=0xffffff95 PA:0x8001366f load:0xffffff95
       67415000	      6642	80009aee	097b2383	lw	x7,151(x22)	 x22:0x800136d9  x7=0x60721bfd PA:0x80013770 load:0x60721bfd
       67425000	      6643	80009af2	00015f17	auipc	x30,0x15	 x30=0x8001eaf2
       67435000	      6644	80009af6	8b2f0f13	addi	x30,x30,-1870	 x30:0x8001eaf2 x30=0x8001e3a4
       67445000	      6645	80009afa	00af4a83	lbu	x21,10(x30)	 x30:0x8001e3a4 x21=0x000000d1 PA:0x8001e3ae load:0x000000d1
       67455000	      6646	80009afe	0000a417	auipc	x8,0xa	  x8=0x80013afe
       67465000	      6647	80009b02	44c40413	addi	x8,x8,1100	  x8:0x80013afe  x8=0x80013f4a
       67475000	      6648	80009b06	02544e83	lbu	x29,37(x8)	  x8:0x80013f4a x29=0x0000008b PA:0x80013f6f load:0x0000008b
       67485000	      6649	80009b0a	00d40383	lb	x7,13(x8)	  x8:0x80013f4a  x7=0x00000075 PA:0x80013f57 load:0x00000075
       67495000	      6650	80009b0e	fe244903	lbu	x18,-30(x8)	  x8:0x80013f4a x18=0x00000021 PA:0x80013f2c load:0x00000021
       67505000	      6651	80009b12	fa9f2a23	sw	x9,-76(x30)	 x30:0x8001e3a4  x9:0x000097ce PA:0x8001e358 store:0x000097ce load:0x00000000
       67515000	      6652	80009b16	0eaf4383	lbu	x7,234(x30)	 x30:0x8001e3a4  x7=0x0000004c PA:0x8001e48e load:0x0000004c
       67525000	      6653	80009b1a	fde45183	lhu	x3,-34(x8)	  x8:0x80013f4a  x3=0x0000f42c PA:0x80013f28 load:0x0000f42c
       67535000	      6654	80009b1e	f9ff0923	sb	x31,-110(x30)	 x30:0x8001e3a4 x31:0x01ffffff PA:0x8001e336 store:0x01ffffff load:0x00000000
       67545000	      6655	80009b22	feb40a23	sb	x11,-12(x8)	  x8:0x80013f4a x11:0xf1e8b1fd PA:0x80013f3e store:0xf1e8b1fd load:0x00000000
       67555000	      6656	80009b26	005402a3	sb	x5,5(x8)	  x8:0x80013f4a  x5:0x8000990c PA:0x80013f4f store:0x8000990c load:0x00000000
       67565000	      6657	80009b2a	f2af1923	sh	x10,-206(x30)	 x30:0x8001e3a4 x10:0x00000000 PA:0x8001e2d6 store:0x00000000 load:0x00000000
       67575000	      6658	80009b2e	01c41b23	sh	x28,22(x8)	  x8:0x80013f4a x28:0x8e17e733 PA:0x80013f60 store:0x8e17e733 load:0x00000000
       67585000	      6659	80009b32	03340e83	lb	x29,51(x8)	  x8:0x80013f4a x29=0x00000035 PA:0x80013f7d load:0x00000035
       67595000	      6660	80009b36	022000ef	jal	x1,80009b58	  x1=0x80009b3a
       67615000	      6662	80009b58	bffd	c.j	80009b56	
       67635000	      6664	80009b56	37fd	c.jal	80009b44	  x1=0x80009b58
       67655000	      6666	80009b44	0100036f	jal	x6,80009b54	  x6=0x80009b48
       67675000	      6668	80009b54	37dd	c.jal	80009b3a	  x1=0x80009b56
       67695000	      6670	80009b3a	2005	c.jal	80009b5a	  x1=0x80009b3c
       67715000	      6672	80009b5a	3fcd	c.jal	80009b4c	  x1=0x80009b5c
       67735000	      6674	80009b4c	ffdff0ef	jal	x1,80009b48	  x1=0x80009b50
       67755000	      6676	80009b48	ff7ff36f	jal	x6,80009b3e	  x6=0x80009b4c
       67775000	      6678	80009b3e	2809	c.jal	80009b50	  x1=0x80009b40
       67795000	      6680	80009b50	fedff7ef	jal	x15,80009b3c	 x15=0x80009b54
       67815000	      6682	80009b3c	a011	c.j	80009b40	
       67835000	      6684	80009b40	01c000ef	jal	x1,80009b5c	  x1=0x80009b44
       67855000	      6686	80009b5c	00243ab3	sltu	x21,x8,x2	  x8:0x80013f4a  x2:0x00000034 x21=0x00000000
       67865000	      6687	80009b60	5afd	c.li	x21,-1	 x21=0xffffffff
       68235000	      6724	80009b62	03eb7eb3	remu	x29,x22,x30	 x22:0x800136d9 x30:0x8001e3a4 x29=0x800136d9
       68245000	      6725	80009b66	c136d137	lui	x2,0xc136d	  x2=0xc136d000
       68255000	      6726	80009b6a	4c11	c.li	x24,4	 x24=0x00000004
       68265000	      6727	80009b6c	9b7d	c.andi	x14,-1	 x14:0xffffd683 x14=0xffffd683
       68305000	      6731	80009b6e	02bc3433	mulhu	x8,x24,x11	 x24:0x00000004 x11:0xf1e8b1fd  x8=0x00000003
       68315000	      6732	80009b72	09b6	c.slli	x19,0xd	 x19:0x80013418 x19=0x26830000
       68325000	      6733	80009b74	40bd0e33	sub	x28,x26,x11	 x26:0xa8204902 x11:0xf1e8b1fd x28=0xb6379705
       68335000	      6734	80009b78	0ff0000f	fence	iorw,iorw	
       68345000	      6735	80009b7c	8149	c.srli	x10,0x12	 x10:0x00000000 x10=0x00000000
       68355000	      6736	80009b7e	0a08	c.addi4spn	x10,x2,272	 x10=0xc136d110
       68365000	      6737	80009b80	0aa1	c.addi	x21,8	 x21:0xffffffff x21=0x00000007
       68375000	      6738	80009b82	5671	c.li	x12,-4	 x12=0xfffffffc
       68385000	      6739	80009b84	0b6a	c.slli	x22,0x1a	 x22:0x800136d9 x22=0x64000000
       68395000	      6740	80009b86	0001	c.addi	x0,0	  x0:0x00000000  x0=0x00000000
       68425000	      6743	80009b88	02da84b3	mul	x9,x21,x13	 x21:0x00000007 x13:0x8002cce4  x9=0x80139a3c
       68795000	      6780	80009b8c	026440b3	div	x1,x8,x6	  x8:0x00000003  x6:0x80009b4c  x1=0x00000000
       68805000	      6781	80009b90	00adab33	slt	x22,x27,x10	 x27:0x00000001 x10:0xc136d110 x22=0x00000000
       68815000	      6782	80009b94	98fd	c.andi	x9,-1	  x9:0x80139a3c  x9=0x80139a3c
       68825000	      6783	80009b96	1b7d	c.addi	x22,-1	 x22:0x00000000 x22=0xffffffff
       68835000	      6784	80009b98	00b49e13	slli	x28,x9,0xb	  x9:0x80139a3c x28=0x9cd1e000
       68845000	      6785	80009b9c	e1fbb713	sltiu	x14,x23,-481	 x23:0x80028e54 x14=0x00000001
       68855000	      6786	80009ba0	0609	c.addi	x12,2	 x12:0xfffffffc x12=0xfffffffe
       68865000	      6787	80009ba2	0001	c.addi	x0,0	  x0:0x00000000  x0=0x00000000
       68875000	      6788	80009ba4	997d	c.andi	x10,-1	 x10:0xc136d110 x10=0xc136d110
       68885000	      6789	80009ba6	f11d6f93	ori	x31,x26,-239	 x26:0xa8204902 x31=0xffffff13
       68895000	      6790	80009baa	1ac3e897	auipc	x17,0x1ac3e	 x17=0x9ac47baa
       68905000	      6791	80009bae	8f0d	c.sub	x14,x11	 x14:0x00000001 x11:0xf1e8b1fd x14=0x0e174e04
       68915000	      6792	80009bb0	d27d	c.beqz	x12,80009b96	 x12:0xfffffffe
       68925000	      6793	80009bb2	117d	c.addi	x2,-1	  x2:0xc136d000  x2=0xc136cfff
       68935000	      6794	80009bb4	94d2	c.add	x9,x20	  x9:0x80139a3c x20:0xfb4a6ae6  x9=0x7b5e0522
       68945000	      6795	80009bb6	d56b8a17	auipc	x20,0xd56b8	 x20=0x556c1bb6
       68955000	      6796	80009bba	8ba1	c.andi	x15,8	 x15:0x80009b54 x15=0x00000000
       68965000	      6797	80009bbc	fb8acce3	blt	x21,x24,80009b74	 x21:0x00000007 x24:0x00000004
       68975000	      6798	80009bc0	0180	c.addi4spn	x8,x2,192	  x8=0xc136d0bf
       68985000	      6799	80009bc2	0000ca97	auipc	x21,0xc	 x21=0x80015bc2
       68995000	      6800	80009bc6	46ba8a93	addi	x21,x21,1131	 x21:0x80015bc2 x21=0x8001602d
       69005000	      6801	80009bca	f1baafa3	sw	x27,-225(x21)	 x21:0x8001602d x27:0x00000001 PA:0x80015f4c store:0x00000001 load:0x00000000
       69015000	      6802	80009bce	00009197	auipc	x3,0x9	  x3=0x80012bce
       69025000	      6803	80009bd2	53718193	addi	x3,x3,1335	  x3:0x80012bce  x3=0x80013105
       69035000	      6804	80009bd6	046aca03	lbu	x20,70(x21)	 x21:0x8001602d x20=0x0000007d PA:0x80016073 load:0x0000007d
       69045000	      6805	80009bda	ff318883	lb	x17,-13(x3)	  x3:0x80013105 x17=0xffffffc2 PA:0x800130f8 load:0xffffffc2
       69055000	      6806	80009bde	0041a1a3	sw	x4,3(x3)	  x3:0x80013105  x4:0x00000003 PA:0x80013108 store:0x00000003 load:0x00000000
       69065000	      6807	80009be2	08ea8ba3	sb	x14,151(x21)	 x21:0x8001602d x14:0x0e174e04 PA:0x800160c4 store:0x0e174e04 load:0x00000000
       69075000	      6808	80009be6	ff71ac83	lw	x25,-9(x3)	  x3:0x80013105 x25=0x494c70ec PA:0x800130fc load:0x494c70ec
       69085000	      6809	80009bea	051ac983	lbu	x19,81(x21)	 x21:0x8001602d x19=0x0000009b PA:0x8001607e load:0x0000009b
       69095000	      6810	80009bee	0091d883	lhu	x17,9(x3)	  x3:0x80013105 x17=0x00005a31 PA:0x8001310e load:0x00005a31
       69105000	      6811	80009bf2	fddade03	lhu	x28,-35(x21)	 x21:0x8001602d x28=0x00006578 PA:0x8001600a load:0x00006578
       69115000	      6812	80009bf6	fe219ba3	sh	x2,-9(x3)	  x3:0x80013105  x2:0xc136cfff PA:0x800130fc store:0xc136cfff load:0x00000000
       69125000	      6813	80009bfa	f90acd03	lbu	x26,-112(x21)	 x21:0x8001602d x26=0x0000000b PA:0x80015fbd load:0x0000000b
       69135000	      6814	80009bfe	068aafa3	sw	x8,127(x21)	 x21:0x8001602d  x8:0xc136d0bf PA:0x800160ac store:0xc136d0bf load:0x00000000
       69145000	      6815	80009c02	0b4a9da3	sh	x20,187(x21)	 x21:0x8001602d x20:0x0000007d PA:0x800160e8 store:0x0000007d load:0x00000000
       69155000	      6816	80009c06	00011097	auipc	x1,0x11	  x1=0x8001ac06
       69165000	      6817	80009c0a	67708093	addi	x1,x1,1655	  x1:0x8001ac06  x1=0x8001b27d
       69175000	      6818	80009c0e	8d71	c.and	x10,x12	 x10:0xc136d110 x12:0xfffffffe x10=0xc136d110
       69185000	      6819	80009c10	fca08503	lb	x10,-54(x1)	  x1:0x8001b27d x10=0xffffffb6 PA:0x8001b247 load:0xffffffb6
       69195000	      6820	80009c14	02d09203	lh	x4,45(x1)	  x1:0x8001b27d  x4=0x00005ed8 PA:0x8001b2aa load:0x00005ed8
       69205000	      6821	80009c18	ff108923	sb	x17,-14(x1)	  x1:0x8001b27d x17:0x00005a31 PA:0x8001b26f store:0x00005a31 load:0x00000000
       69215000	      6822	80009c1c	0108f633	and	x12,x17,x16	 x17:0x00005a31 x16:0xffff815f x12=0x00000011
       69225000	      6823	80009c20	ff40c883	lbu	x17,-12(x1)	  x1:0x8001b27d x17=0x0000002d PA:0x8001b271 load:0x0000002d
       69235000	      6824	80009c24	0000100f	fence.i	
       69255000	      6826	80009c28	0310c203	lbu	x4,49(x1)	  x1:0x8001b27d  x4=0x000000ef PA:0x8001b2ae load:0x000000ef
       69265000	      6827	80009c2c	02c08883	lb	x17,44(x1)	  x1:0x8001b27d x17=0xffffffa1 PA:0x8001b2a9 load:0xffffffa1
       69275000	      6828	80009c30	00408203	lb	x4,4(x1)	  x1:0x8001b27d  x4=0x00000024 PA:0x8001b281 load:0x00000024
       69285000	      6829	80009c34	8941	c.andi	x10,16	 x10:0xffffffb6 x10=0x00000010
       69295000	      6830	80009c36	6239	c.lui	x4,0xe	  x4=0x0000e000
       69305000	      6831	80009c38	00265533	srl	x10,x12,x2	 x12:0x00000011  x2:0xc136cfff x10=0x00000000
       69315000	      6832	80009c3c	00a24633	xor	x12,x4,x10	  x4:0x0000e000 x10:0x00000000 x12=0x0000e000
       69325000	      6833	80009c40	08ea	c.slli	x17,0x1a	 x17:0xffffffa1 x17=0x84000000
       69335000	      6834	80009c42	6235	c.lui	x4,0xd	  x4=0x0000d000
       69345000	      6835	80009c44	03a08603	lb	x12,58(x1)	  x1:0x8001b27d x12=0xffffff97 PA:0x8001b2b7 load:0xffffff97
       69355000	      6836	80009c48	fdc0c603	lbu	x12,-36(x1)	  x1:0x8001b27d x12=0x000000d3 PA:0x8001b259 load:0x000000d3
       69365000	      6837	80009c4c	02f08503	lb	x10,47(x1)	  x1:0x8001b27d x10=0xfffffffb PA:0x8001b2ac load:0xfffffffb
       69375000	      6838	80009c50	8212	c.mv	x4,x4	  x0:0x00000000  x4:0x0000d000  x4=0x0000d000
       69385000	      6839	80009c52	8165	c.srli	x10,0x19	 x10:0xfffffffb x10=0x0000007f
       69395000	      6840	80009c54	fdd0c103	lbu	x2,-35(x1)	  x1:0x8001b27d  x2=0x00000099 PA:0x8001b25a load:0x00000099
       69405000	      6841	80009c58	fe408883	lb	x17,-28(x1)	  x1:0x8001b27d x17=0xffffff96 PA:0x8001b261 load:0xffffff96
       69415000	      6842	80009c5c	fd00c103	lbu	x2,-48(x1)	  x1:0x8001b27d  x2=0x00000017 PA:0x8001b24d load:0x00000017
       69785000	      6879	80009c60	02a87133	remu	x2,x16,x10	 x16:0xffff815f x10:0x0000007f  x2=0x0000006f
       69795000	      6880	80009c64	8d71	c.and	x10,x12	 x10:0x0000007f x12:0x000000d3 x10=0x00000053
       69805000	      6881	80009c66	9612	c.add	x12,x4	 x12:0x000000d3  x4:0x0000d000 x12=0x0000d0d3
       69815000	      6882	80009c68	ffa0c103	lbu	x2,-6(x1)	  x1:0x8001b27d  x2=0x0000001b PA:0x8001b277 load:0x0000001b
       69825000	      6883	80009c6c	8a1d	c.andi	x12,7	 x12:0x0000d0d3 x12=0x00000003
       69835000	      6884	80009c6e	58c27113	andi	x2,x4,1420	  x4:0x0000d000  x2=0x00000000
       69845000	      6885	80009c72	9112	c.add	x2,x4	  x2:0x00000000  x4:0x0000d000  x2=0x0000d000
       69855000	      6886	80009c74	feb08203	lb	x4,-21(x1)	  x1:0x8001b27d  x4=0xfffffffd PA:0x8001b268 load:0xfffffffd
       69865000	      6887	80009c78	00b0a203	lw	x4,11(x1)	  x1:0x8001b27d  x4=0x4102eff2 PA:0x8001b288 load:0x4102eff2
       69875000	      6888	80009c7c	fec0c883	lbu	x17,-20(x1)	  x1:0x8001b27d x17=0x000000cb PA:0x8001b269 load:0x000000cb
       69925000	      6893	80009c80	03152633	mulhsu	x12,x10,x17	 x10:0x00000053 x17:0x000000cb x12=0x00000000
       69935000	      6894	80009c84	1210	c.addi4spn	x12,x2,288	 x12=0x0000d120
       69945000	      6895	80009c86	8d49	c.or	x10,x10	 x10:0x00000053 x10:0x00000053 x10=0x00000053
       69955000	      6896	80009c88	4158d813	srai	x16,x17,0x15	 x17:0x000000cb x16=0x00000000
       69965000	      6897	80009c8c	01062533	slt	x10,x12,x16	 x12:0x0000d120 x16:0x00000000 x10=0x00000000
       69975000	      6898	80009c90	fc60c883	lbu	x17,-58(x1)	  x1:0x8001b27d x17=0x000000ed PA:0x8001b243 load:0x000000ed
       69985000	      6899	80009c94	ffd09883	lh	x17,-3(x1)	  x1:0x8001b27d x17=0x0000700e PA:0x8001b27a load:0x0000700e
       69995000	      6900	80009c98	01f0d503	lhu	x10,31(x1)	  x1:0x8001b27d x10=0x0000fcff PA:0x8001b29c load:0x0000fcff
       70005000	      6901	80009c9c	02208803	lb	x16,34(x1)	  x1:0x8001b27d x16=0xffffffd8 PA:0x8001b29f load:0xffffffd8
       70015000	      6902	80009ca0	4225	c.li	x4,9	  x4=0x00000009
       70025000	      6903	80009ca2	0000100f	fence.i	
       70055000	      6906	80009ca6	fea0c803	lbu	x16,-22(x1)	  x1:0x8001b27d x16=0x00000086 PA:0x8001b267 load:0x00000086
       70075000	      6908	80009caa	01008023	sb	x16,0(x1)	  x1:0x8001b27d x16:0x00000086 PA:0x8001b27d store:0x00000086 load:0x00000000
       70085000	      6909	80009cae	00014f97	auipc	x31,0x14	 x31=0x8001dcae
       70095000	      6910	80009cb2	f24f8f93	addi	x31,x31,-220	 x31:0x8001dcae x31=0x8001dbd2
       70105000	      6911	80009cb6	0000ae97	auipc	x29,0xa	 x29=0x80013cb6
       70115000	      6912	80009cba	ed0e8e93	addi	x29,x29,-304	 x29:0x80013cb6 x29=0x80013b86
       70125000	      6913	80009cbe	fffec803	lbu	x16,-1(x29)	 x29:0x80013b86 x16=0x0000004d PA:0x80013b85 load:0x0000004d
       70135000	      6914	80009cc2	001fc083	lbu	x1,1(x31)	 x31:0x8001dbd2  x1=0x0000004a PA:0x8001dbd3 load:0x0000004a
       70145000	      6915	80009cc6	00ef87a3	sb	x14,15(x31)	 x31:0x8001dbd2 x14:0x0e174e04 PA:0x8001dbe1 store:0x0e174e04 load:0x00000000
       70155000	      6916	80009cca	029ecf03	lbu	x30,41(x29)	 x29:0x80013b86 x30=0x000000a5 PA:0x80013baf load:0x000000a5
       70165000	      6917	80009cce	ff4e8ca3	sb	x20,-7(x29)	 x29:0x80013b86 x20:0x0000007d PA:0x80013b7f store:0x0000007d load:0x00000000
       70175000	      6918	80009cd2	018f83a3	sb	x24,7(x31)	 x31:0x8001dbd2 x24:0x00000004 PA:0x8001dbd9 store:0x00000004 load:0x00000000
       70185000	      6919	80009cd6	026e8883	lb	x17,38(x29)	 x29:0x80013b86 x17=0x00000047 PA:0x80013bac load:0x00000047
       70195000	      6920	80009cda	003e8ca3	sb	x3,25(x29)	 x29:0x80013b86  x3:0x80013105 PA:0x80013b9f store:0x80013105 load:0x00000000
       70205000	      6921	80009cde	002f87a3	sb	x2,15(x31)	 x31:0x8001dbd2  x2:0x0000d000 PA:0x8001dbe1 store:0x0000d000 load:0x00000000
       70215000	      6922	80009ce2	ffffcc83	lbu	x25,-1(x31)	 x31:0x8001dbd2 x25=0x0000005c PA:0x8001dbd1 load:0x0000005c
       70225000	      6923	80009ce6	002fad03	lw	x26,2(x31)	 x31:0x8001dbd2 x26=0x91478eb6 PA:0x8001dbd4 load:0x91478eb6
       70235000	      6924	80009cea	fedf89a3	sb	x13,-13(x31)	 x31:0x8001dbd2 x13:0x8002cce4 PA:0x8001dbc5 store:0x8002cce4 load:0x00000000
       70245000	      6925	80009cee	007e8083	lb	x1,7(x29)	 x29:0x80013b86  x1=0x0000004a PA:0x80013b8d load:0x0000004a
       70255000	      6926	80009cf2	ff8ea123	sw	x24,-30(x29)	 x29:0x80013b86 x24:0x00000004 PA:0x80013b68 store:0x00000004 load:0x00000000
       70265000	      6927	80009cf6	fc7e8e03	lb	x28,-57(x29)	 x29:0x80013b86 x28=0x00000057 PA:0x80013b4d load:0x00000057
       70275000	      6928	80009cfa	0000af17	auipc	x30,0xa	 x30=0x80013cfa
       70285000	      6929	80009cfe	2fef0f13	addi	x30,x30,766	 x30:0x80013cfa x30=0x80013ff8
       70295000	      6930	80009d02	ffaf0f83	lb	x31,-6(x30)	 x30:0x80013ff8 x31=0x00000076 PA:0x80013ff2 load:0x00000076
       70305000	      6931	80009d06	ff4f2c03	lw	x24,-12(x30)	 x30:0x80013ff8 x24=0xb355f066 PA:0x80013fec load:0xb355f066
       70315000	      6932	80009d0a	003f0603	lb	x12,3(x30)	 x30:0x80013ff8 x12=0x00000015 PA:0x80013ffb load:0x00000015
       70325000	      6933	80009d0e	ff5f0d23	sb	x21,-6(x30)	 x30:0x80013ff8 x21:0x8001602d PA:0x80013ff2 store:0x8001602d load:0x00000000
       70335000	      6934	80009d12	009f0d03	lb	x26,9(x30)	 x30:0x80013ff8 x26=0x00000076 PA:0x80014001 load:0x00000076
       70345000	      6935	80009d16	003f0383	lb	x7,3(x30)	 x30:0x80013ff8  x7=0x00000015 PA:0x80013ffb load:0x00000015
       70355000	      6936	80009d1a	00ff0603	lb	x12,15(x30)	 x30:0x80013ff8 x12=0xffffffe8 PA:0x80014007 load:0xffffffe8
       70735000	      6974	80009d1e	03b649b3	div	x19,x12,x27	 x12:0xffffffe8 x27:0x00000001 x19=0xffffffe8
       70745000	      6975	80009d22	ff0f2183	lw	x3,-16(x30)	 x30:0x80013ff8  x3=0x97496b12 PA:0x80013fe8 load:0x97496b12
       70755000	      6976	80009d26	002f1703	lh	x14,2(x30)	 x30:0x80013ff8 x14=0x000015a2 PA:0x80013ffa load:0x000015a2
       70775000	      6978	80009d2a	8f39	c.xor	x14,x14	 x14:0x000015a2 x14:0x000015a2 x14=0x00000000
       70785000	      6979	80009d2c	ff9f0803	lb	x16,-7(x30)	 x30:0x80013ff8 x16=0x00000023 PA:0x80013ff1 load:0x00000023
       70795000	      6980	80009d30	8cf5	c.and	x9,x13	  x9:0x7b5e0522 x13:0x8002cce4  x9=0x00020420
       70805000	      6981	80009d32	011f1123	sh	x17,2(x30)	 x30:0x80013ff8 x17:0x00000047 PA:0x80013ffa store:0x00000047 load:0x00000000
       70845000	      6985	80009d36	021e9833	mulh	x16,x29,x1	 x29:0x80013b86  x1:0x0000004a x16=0xffffffdb
       70855000	      6986	80009d3a	0000100f	fence.i	
       70885000	      6989	80009d3e	2a02ca13	xori	x20,x5,672	  x5:0x8000990c x20=0x80009bac
       70895000	      6990	80009d42	00ff07a3	sb	x15,15(x30)	 x30:0x80013ff8 x15:0x00000000 PA:0x80014007 store:0x00000000 load:0x00000000
       70905000	      6991	80009d46	ffff4083	lbu	x1,-1(x30)	 x30:0x80013ff8  x1=0x0000005c PA:0x80013ff7 load:0x0000005c
       70915000	      6992	80009d4a	01f1ac33	slt	x24,x3,x31	  x3:0x97496b12 x31:0x00000076 x24=0x00000001
       70925000	      6993	80009d4e	547d	c.li	x8,-1	  x8=0xffffffff
       70935000	      6994	80009d50	015f1223	sh	x21,4(x30)	 x30:0x80013ff8 x21:0x8001602d PA:0x80013ffc store:0x8001602d load:0x00000000
       70945000	      6995	80009d54	ff0f0083	lb	x1,-16(x30)	 x30:0x80013ff8  x1=0x00000012 PA:0x80013fe8 load:0x00000012
       70955000	      6996	80009d58	ff0f2c03	lw	x24,-16(x30)	 x30:0x80013ff8 x24=0x97496b12 PA:0x80013fe8 load:0x97496b12
       70965000	      6997	80009d5c	01b23133	sltu	x2,x4,x27	  x4:0x00000009 x27:0x00000001  x2=0x00000000
       70995000	      7000	80009d60	03f60433	mul	x8,x12,x31	 x12:0xffffffe8 x31:0x00000076  x8=0xfffff4f0
       71005000	      7001	80009d64	00ef4803	lbu	x16,14(x30)	 x30:0x80013ff8 x16=0x000000cf PA:0x80014006 load:0x000000cf
       71015000	      7002	80009d68	8c61	c.and	x8,x8	  x8:0xfffff4f0  x8:0xfffff4f0  x8=0xfffff4f0
       71025000	      7003	80009d6a	006f0223	sb	x6,4(x30)	 x30:0x80013ff8  x6:0x80009b4c PA:0x80013ffc store:0x80009b4c load:0x00000000
       71065000	      7007	80009d6e	03e717b3	mulh	x15,x14,x30	 x14:0x00000000 x30:0x80013ff8 x15=0x00000000
       71075000	      7008	80009d72	10500073	wfi	
