core   0: 0x80000080 (0x400013b7) lui     t2, 0x40001
core   0: 3 0x80000080 (0x400013b7) x7  0x40001000
core   0: 0x80000084 (0x10638393) addi    t2, t2, 262
core   0: 3 0x80000084 (0x10638393) x7  0x40001106
core   0: 0x80000088 (0x30139073) csrw    misa, t2
core   0: 3 0x80000088 (0x30139073) c769_misa 0x40901104
core   0: 0x8000008c (0x00024617) auipc   a2, 0x24
core   0: 3 0x8000008c (0x00024617) x12 0x8002408c
core   0: 0x80000090 (0xc5860613) addi    a2, a2, -936
core   0: 3 0x80000090 (0xc5860613) x12 0x80023ce4
core   0: 0x80000094 (0x00002397) auipc   t2, 0x2
core   0: 3 0x80000094 (0x00002397) x7  0x80002094
core   0: 0x80000098 (0x66c38393) addi    t2, t2, 1644
core   0: 3 0x80000098 (0x66c38393) x7  0x80002700
core   0: 0x8000009c (0x0013e393) ori     t2, t2, 1
core   0: 3 0x8000009c (0x0013e393) x7  0x80002701
core   0: 0x800000a0 (0x30539073) csrw    mtvec, t2
core   0: 3 0x800000a0 (0x30539073) c773_mtvec 0x80002701
core   0: 0x800000a4 (0x74725073) csrwi   mseccfg, 4
core   0: 3 0x800000a4 (0x74725073) c1863_mseccfg 0x00000004
core   0: 0x800000a8 (0x00003417) auipc   s0, 0x3
core   0: 3 0x800000a8 (0x00003417) x8  0x800030a8
core   0: 0x800000ac (0x41440413) addi    s0, s0, 1044
core   0: 3 0x800000ac (0x41440413) x8  0x800034bc
core   0: 0x800000b0 (0x00004381) c.li    t2, 0
core   0: 3 0x800000b0 (0x4381) x7  0x00000000
core   0: 0x800000b2 (0x0000941e) c.add   s0, t2
core   0: 3 0x800000b2 (0x941e) x8  0x800034bc
core   0: 0x800000b4 (0x00008009) c.srli  s0, 2
core   0: 3 0x800000b4 (0x8009) x8  0x20000d2f
core   0: 0x800000b6 (0x3b041073) csrw    pmpaddr0, s0
core   0: 3 0x800000b6 (0x3b041073) c944_pmpaddr0 0x20000d2f
core   0: 0x800000ba (0x00003417) auipc   s0, 0x3
core   0: 3 0x800000ba (0x00003417) x8  0x800030ba
core   0: 0x800000be (0x40240413) addi    s0, s0, 1026
core   0: 3 0x800000be (0x40240413) x8  0x800034bc
core   0: 0x800000c2 (0x111113b7) lui     t2, 0x11111
core   0: 3 0x800000c2 (0x111113b7) x7  0x11111000
core   0: 0x800000c6 (0x11138393) addi    t2, t2, 273
core   0: 3 0x800000c6 (0x11138393) x7  0x11111111
core   0: 0x800000ca (0x0000941e) c.add   s0, t2
core   0: 3 0x800000ca (0x941e) x8  0x911145cd
core   0: 0x800000cc (0x00008009) c.srli  s0, 2
core   0: 3 0x800000cc (0x8009) x8  0x24445173
core   0: 0x800000ce (0x3b141073) csrw    pmpaddr1, s0
core   0: 3 0x800000ce (0x3b141073) c945_pmpaddr1 0x24445173
core   0: 0x800000d2 (0x00003417) auipc   s0, 0x3
core   0: 3 0x800000d2 (0x00003417) x8  0x800030d2
core   0: 0x800000d6 (0x3ea40413) addi    s0, s0, 1002
core   0: 3 0x800000d6 (0x3ea40413) x8  0x800034bc
core   0: 0x800000da (0x222223b7) lui     t2, 0x22222
core   0: 3 0x800000da (0x222223b7) x7  0x22222000
core   0: 0x800000de (0x22238393) addi    t2, t2, 546
core   0: 3 0x800000de (0x22238393) x7  0x22222222
core   0: 0x800000e2 (0x0000941e) c.add   s0, t2
core   0: 3 0x800000e2 (0x941e) x8  0xa22256de
core   0: 0x800000e4 (0x00008009) c.srli  s0, 2
core   0: 3 0x800000e4 (0x8009) x8  0x288895b7
core   0: 0x800000e6 (0x3b241073) csrw    pmpaddr2, s0
core   0: 3 0x800000e6 (0x3b241073) c946_pmpaddr2 0x288895b7
core   0: 0x800000ea (0x00003417) auipc   s0, 0x3
core   0: 3 0x800000ea (0x00003417) x8  0x800030ea
core   0: 0x800000ee (0x3d240413) addi    s0, s0, 978
core   0: 3 0x800000ee (0x3d240413) x8  0x800034bc
core   0: 0x800000f2 (0x333333b7) lui     t2, 0x33333
core   0: 3 0x800000f2 (0x333333b7) x7  0x33333000
core   0: 0x800000f6 (0x33338393) addi    t2, t2, 819
core   0: 3 0x800000f6 (0x33338393) x7  0x33333333
core   0: 0x800000fa (0x0000941e) c.add   s0, t2
core   0: 3 0x800000fa (0x941e) x8  0xb33367ef
core   0: 0x800000fc (0x00008009) c.srli  s0, 2
core   0: 3 0x800000fc (0x8009) x8  0x2cccd9fb
core   0: 0x800000fe (0x3b341073) csrw    pmpaddr3, s0
core   0: 3 0x800000fe (0x3b341073) c947_pmpaddr3 0x2cccd9fb
core   0: 0x80000102 (0x0f0f1437) lui     s0, 0xf0f1
core   0: 3 0x80000102 (0x0f0f1437) x8  0x0f0f1000
core   0: 0x80000106 (0xf0f40413) addi    s0, s0, -241
core   0: 3 0x80000106 (0xf0f40413) x8  0x0f0f0f0f
core   0: 0x8000010a (0x3a041073) csrw    pmpcfg0, s0
core   0: 3 0x8000010a (0x3a041073) c928_pmpcfg0 0x0f0f0f0f
core   0: 0x8000010e (0x00003417) auipc   s0, 0x3
core   0: 3 0x8000010e (0x00003417) x8  0x8000310e
core   0: 0x80000112 (0x3ae40413) addi    s0, s0, 942
core   0: 3 0x80000112 (0x3ae40413) x8  0x800034bc
core   0: 0x80000116 (0x444443b7) lui     t2, 0x44444
core   0: 3 0x80000116 (0x444443b7) x7  0x44444000
core   0: 0x8000011a (0x44438393) addi    t2, t2, 1092
core   0: 3 0x8000011a (0x44438393) x7  0x44444444
core   0: 0x8000011e (0x0000941e) c.add   s0, t2
core   0: 3 0x8000011e (0x941e) x8  0xc4447900
core   0: 0x80000120 (0x00008009) c.srli  s0, 2
core   0: 3 0x80000120 (0x8009) x8  0x31111e40
core   0: 0x80000122 (0x3b441073) csrw    pmpaddr4, s0
core   0: 3 0x80000122 (0x3b441073) c948_pmpaddr4 0x31111e40
core   0: 0x80000126 (0x00003417) auipc   s0, 0x3
core   0: 3 0x80000126 (0x00003417) x8  0x80003126
core   0: 0x8000012a (0x39640413) addi    s0, s0, 918
core   0: 3 0x8000012a (0x39640413) x8  0x800034bc
core   0: 0x8000012e (0x555553b7) lui     t2, 0x55555
core   0: 3 0x8000012e (0x555553b7) x7  0x55555000
core   0: 0x80000132 (0x55538393) addi    t2, t2, 1365
core   0: 3 0x80000132 (0x55538393) x7  0x55555555
core   0: 0x80000136 (0x0000941e) c.add   s0, t2
core   0: 3 0x80000136 (0x941e) x8  0xd5558a11
core   0: 0x80000138 (0x00008009) c.srli  s0, 2
core   0: 3 0x80000138 (0x8009) x8  0x35556284
core   0: 0x8000013a (0x3b541073) csrw    pmpaddr5, s0
core   0: 3 0x8000013a (0x3b541073) c949_pmpaddr5 0x35556284
core   0: 0x8000013e (0x00003417) auipc   s0, 0x3
core   0: 3 0x8000013e (0x00003417) x8  0x8000313e
core   0: 0x80000142 (0x37e40413) addi    s0, s0, 894
core   0: 3 0x80000142 (0x37e40413) x8  0x800034bc
core   0: 0x80000146 (0x666663b7) lui     t2, 0x66666
core   0: 3 0x80000146 (0x666663b7) x7  0x66666000
core   0: 0x8000014a (0x66638393) addi    t2, t2, 1638
core   0: 3 0x8000014a (0x66638393) x7  0x66666666
core   0: 0x8000014e (0x0000941e) c.add   s0, t2
core   0: 3 0x8000014e (0x941e) x8  0xe6669b22
core   0: 0x80000150 (0x00008009) c.srli  s0, 2
core   0: 3 0x80000150 (0x8009) x8  0x3999a6c8
core   0: 0x80000152 (0x3b641073) csrw    pmpaddr6, s0
core   0: 3 0x80000152 (0x3b641073) c950_pmpaddr6 0x3999a6c8
core   0: 0x80000156 (0x00003417) auipc   s0, 0x3
core   0: 3 0x80000156 (0x00003417) x8  0x80003156
core   0: 0x8000015a (0x36640413) addi    s0, s0, 870
core   0: 3 0x8000015a (0x36640413) x8  0x800034bc
core   0: 0x8000015e (0x777773b7) lui     t2, 0x77777
core   0: 3 0x8000015e (0x777773b7) x7  0x77777000
core   0: 0x80000162 (0x77738393) addi    t2, t2, 1911
core   0: 3 0x80000162 (0x77738393) x7  0x77777777
core   0: 0x80000166 (0x0000941e) c.add   s0, t2
core   0: 3 0x80000166 (0x941e) x8  0xf777ac33
core   0: 0x80000168 (0x00008009) c.srli  s0, 2
core   0: 3 0x80000168 (0x8009) x8  0x3dddeb0c
core   0: 0x8000016a (0x3b741073) csrw    pmpaddr7, s0
core   0: 3 0x8000016a (0x3b741073) c951_pmpaddr7 0x3dddeb0c
core   0: 0x8000016e (0x0f0f1437) lui     s0, 0xf0f1
core   0: 3 0x8000016e (0x0f0f1437) x8  0x0f0f1000
core   0: 0x80000172 (0xf0f40413) addi    s0, s0, -241
core   0: 3 0x80000172 (0xf0f40413) x8  0x0f0f0f0f
core   0: 0x80000176 (0x3a141073) csrw    pmpcfg1, s0
core   0: 3 0x80000176 (0x3a141073) c929_pmpcfg1 0x0f0f0f0f
core   0: 0x8000017a (0x00003417) auipc   s0, 0x3
core   0: 3 0x8000017a (0x00003417) x8  0x8000317a
core   0: 0x8000017e (0x34240413) addi    s0, s0, 834
core   0: 3 0x8000017e (0x34240413) x8  0x800034bc
core   0: 0x80000182 (0x888893b7) lui     t2, 0x88889
core   0: 3 0x80000182 (0x888893b7) x7  0x88889000
core   0: 0x80000186 (0x88838393) addi    t2, t2, -1912
core   0: 3 0x80000186 (0x88838393) x7  0x88888888
core   0: 0x8000018a (0x0000941e) c.add   s0, t2
core   0: 3 0x8000018a (0x941e) x8  0x0888bd44
core   0: 0x8000018c (0x00008009) c.srli  s0, 2
core   0: 3 0x8000018c (0x8009) x8  0x02222f51
core   0: 0x8000018e (0x3b841073) csrw    pmpaddr8, s0
core   0: 3 0x8000018e (0x3b841073) c952_pmpaddr8 0x02222f51
core   0: 0x80000192 (0x00003417) auipc   s0, 0x3
core   0: 3 0x80000192 (0x00003417) x8  0x80003192
core   0: 0x80000196 (0x32a40413) addi    s0, s0, 810
core   0: 3 0x80000196 (0x32a40413) x8  0x800034bc
core   0: 0x8000019a (0x9999a3b7) lui     t2, 0x9999a
core   0: 3 0x8000019a (0x9999a3b7) x7  0x9999a000
core   0: 0x8000019e (0x99938393) addi    t2, t2, -1639
core   0: 3 0x8000019e (0x99938393) x7  0x99999999
core   0: 0x800001a2 (0x0000941e) c.add   s0, t2
core   0: 3 0x800001a2 (0x941e) x8  0x1999ce55
core   0: 0x800001a4 (0x00008009) c.srli  s0, 2
core   0: 3 0x800001a4 (0x8009) x8  0x06667395
core   0: 0x800001a6 (0x3b941073) csrw    pmpaddr9, s0
core   0: 3 0x800001a6 (0x3b941073) c953_pmpaddr9 0x06667395
core   0: 0x800001aa (0x00003417) auipc   s0, 0x3
core   0: 3 0x800001aa (0x00003417) x8  0x800031aa
core   0: 0x800001ae (0x31240413) addi    s0, s0, 786
core   0: 3 0x800001ae (0x31240413) x8  0x800034bc
core   0: 0x800001b2 (0xaaaab3b7) lui     t2, 0xaaaab
core   0: 3 0x800001b2 (0xaaaab3b7) x7  0xaaaab000
core   0: 0x800001b6 (0xaaa38393) addi    t2, t2, -1366
core   0: 3 0x800001b6 (0xaaa38393) x7  0xaaaaaaaa
core   0: 0x800001ba (0x0000941e) c.add   s0, t2
core   0: 3 0x800001ba (0x941e) x8  0x2aaadf66
core   0: 0x800001bc (0x00008009) c.srli  s0, 2
core   0: 3 0x800001bc (0x8009) x8  0x0aaab7d9
core   0: 0x800001be (0x3ba41073) csrw    pmpaddr10, s0
core   0: 3 0x800001be (0x3ba41073) c954_pmpaddr10 0x0aaab7d9
core   0: 0x800001c2 (0x00003417) auipc   s0, 0x3
core   0: 3 0x800001c2 (0x00003417) x8  0x800031c2
core   0: 0x800001c6 (0x2fa40413) addi    s0, s0, 762
core   0: 3 0x800001c6 (0x2fa40413) x8  0x800034bc
core   0: 0x800001ca (0xbbbbc3b7) lui     t2, 0xbbbbc
core   0: 3 0x800001ca (0xbbbbc3b7) x7  0xbbbbc000
core   0: 0x800001ce (0xbbb38393) addi    t2, t2, -1093
core   0: 3 0x800001ce (0xbbb38393) x7  0xbbbbbbbb
core   0: 0x800001d2 (0x0000941e) c.add   s0, t2
core   0: 3 0x800001d2 (0x941e) x8  0x3bbbf077
core   0: 0x800001d4 (0x00008009) c.srli  s0, 2
core   0: 3 0x800001d4 (0x8009) x8  0x0eeefc1d
core   0: 0x800001d6 (0x3bb41073) csrw    pmpaddr11, s0
core   0: 3 0x800001d6 (0x3bb41073) c955_pmpaddr11 0x0eeefc1d
core   0: 0x800001da (0x0f0f1437) lui     s0, 0xf0f1
core   0: 3 0x800001da (0x0f0f1437) x8  0x0f0f1000
core   0: 0x800001de (0xf0f40413) addi    s0, s0, -241
core   0: 3 0x800001de (0xf0f40413) x8  0x0f0f0f0f
core   0: 0x800001e2 (0x3a241073) csrw    pmpcfg2, s0
core   0: 3 0x800001e2 (0x3a241073) c930_pmpcfg2 0x0f0f0f0f
core   0: 0x800001e6 (0x00003417) auipc   s0, 0x3
core   0: 3 0x800001e6 (0x00003417) x8  0x800031e6
core   0: 0x800001ea (0x2d640413) addi    s0, s0, 726
core   0: 3 0x800001ea (0x2d640413) x8  0x800034bc
core   0: 0x800001ee (0xccccd3b7) lui     t2, 0xccccd
core   0: 3 0x800001ee (0xccccd3b7) x7  0xccccd000
core   0: 0x800001f2 (0xccc38393) addi    t2, t2, -820
core   0: 3 0x800001f2 (0xccc38393) x7  0xcccccccc
core   0: 0x800001f6 (0x0000941e) c.add   s0, t2
core   0: 3 0x800001f6 (0x941e) x8  0x4ccd0188
core   0: 0x800001f8 (0x00008009) c.srli  s0, 2
core   0: 3 0x800001f8 (0x8009) x8  0x13334062
core   0: 0x800001fa (0x3bc41073) csrw    pmpaddr12, s0
core   0: 3 0x800001fa (0x3bc41073) c956_pmpaddr12 0x13334062
core   0: 0x800001fe (0x00003417) auipc   s0, 0x3
core   0: 3 0x800001fe (0x00003417) x8  0x800031fe
core   0: 0x80000202 (0x2be40413) addi    s0, s0, 702
core   0: 3 0x80000202 (0x2be40413) x8  0x800034bc
core   0: 0x80000206 (0xdddde3b7) lui     t2, 0xdddde
core   0: 3 0x80000206 (0xdddde3b7) x7  0xdddde000
core   0: 0x8000020a (0xddd38393) addi    t2, t2, -547
core   0: 3 0x8000020a (0xddd38393) x7  0xdddddddd
core   0: 0x8000020e (0x0000941e) c.add   s0, t2
core   0: 3 0x8000020e (0x941e) x8  0x5dde1299
core   0: 0x80000210 (0x00008009) c.srli  s0, 2
core   0: 3 0x80000210 (0x8009) x8  0x177784a6
core   0: 0x80000212 (0x3bd41073) csrw    pmpaddr13, s0
core   0: 3 0x80000212 (0x3bd41073) c957_pmpaddr13 0x177784a6
core   0: 0x80000216 (0x00003417) auipc   s0, 0x3
core   0: 3 0x80000216 (0x00003417) x8  0x80003216
core   0: 0x8000021a (0x2a640413) addi    s0, s0, 678
core   0: 3 0x8000021a (0x2a640413) x8  0x800034bc
core   0: 0x8000021e (0xeeeef3b7) lui     t2, 0xeeeef
core   0: 3 0x8000021e (0xeeeef3b7) x7  0xeeeef000
core   0: 0x80000222 (0xeee38393) addi    t2, t2, -274
core   0: 3 0x80000222 (0xeee38393) x7  0xeeeeeeee
core   0: 0x80000226 (0x0000941e) c.add   s0, t2
core   0: 3 0x80000226 (0x941e) x8  0x6eef23aa
core   0: 0x80000228 (0x00008009) c.srli  s0, 2
core   0: 3 0x80000228 (0x8009) x8  0x1bbbc8ea
core   0: 0x8000022a (0x3be41073) csrw    pmpaddr14, s0
core   0: 3 0x8000022a (0x3be41073) c958_pmpaddr14 0x1bbbc8ea
core   0: 0x8000022e (0x00003417) auipc   s0, 0x3
core   0: 3 0x8000022e (0x00003417) x8  0x8000322e
core   0: 0x80000232 (0x28e40413) addi    s0, s0, 654
core   0: 3 0x80000232 (0x28e40413) x8  0x800034bc
core   0: 0x80000236 (0xfff00393) li      t2, -1
core   0: 3 0x80000236 (0xfff00393) x7  0xffffffff
core   0: 0x8000023a (0x0000941e) c.add   s0, t2
core   0: 3 0x8000023a (0x941e) x8  0x800034bb
core   0: 0x8000023c (0x00008009) c.srli  s0, 2
core   0: 3 0x8000023c (0x8009) x8  0x20000d2e
core   0: 0x8000023e (0x3bf41073) csrw    pmpaddr15, s0
core   0: 3 0x8000023e (0x3bf41073) c959_pmpaddr15 0x20000d2e
core   0: 0x80000242 (0x0f0f1437) lui     s0, 0xf0f1
core   0: 3 0x80000242 (0x0f0f1437) x8  0x0f0f1000
core   0: 0x80000246 (0xf0f40413) addi    s0, s0, -241
core   0: 3 0x80000246 (0xf0f40413) x8  0x0f0f0f0f
core   0: 0x8000024a (0x3a341073) csrw    pmpcfg3, s0
core   0: 3 0x8000024a (0x3a341073) c931_pmpcfg3 0x0f0f0f0f
core   0: 0x8000024e (0x00000397) auipc   t2, 0x0
core   0: 3 0x8000024e (0x00000397) x7  0x8000024e
core   0: 0x80000252 (0x05838393) addi    t2, t2, 88
core   0: 3 0x80000252 (0x05838393) x7  0x800002a6
core   0: 0x80000256 (0x34139073) csrw    mepc, t2
core   0: 3 0x80000256 (0x34139073) c833_mepc 0x800002a6
core   0: 0x8000025a (0x7c00d073) csrwi   cpuctrlsts, 1
core   0: 3 0x8000025a (0x7c00d073) c1984_cpuctrlsts 0x00000101
core   0: 0x8000025e (0x00006389) c.lui   t2, 0x2
core   0: 3 0x8000025e (0x6389) x7  0x00002000
core   0: 0x80000260 (0x80038393) addi    t2, t2, -2048
core   0: 3 0x80000260 (0x80038393) x7  0x00001800
core   0: 0x80000264 (0x30039073) csrw    mstatus, t2
core   0: 3 0x80000264 (0x30039073) c768_mstatus 0x00001800
core   0: 0x80000268 (0x00004381) c.li    t2, 0
core   0: 3 0x80000268 (0x4381) x7  0x00000000
core   0: 0x8000026a (0x30439073) csrw    mie, t2
core   0: 3 0x8000026a (0x30439073) c772_mie 0x00000000
core   0: 0x8000026e (0x90000cb7) lui     s9, 0x90000
core   0: 3 0x8000026e (0x90000cb7) x25 0x90000000
core   0: 0x80000272 (0x00001cf1) c.addi  s9, -4
core   0: 3 0x80000272 (0x1cf1) x25 0x8ffffffc
core   0: 0x80000274 (0x30000393) li      t2, 768
core   0: 3 0x80000274 (0x30000393) x7  0x00000300
core   0: 0x80000278 (0x000003a2) c.slli  t2, 8
core   0: 3 0x80000278 (0x03a2) x7  0x00030000
core   0: 0x8000027a (0x0000038d) c.addi  t2, 3
core   0: 3 0x8000027a (0x038d) x7  0x00030003
core   0: 0x8000027c (0x007ca023) sw      t2, 0(s9)
core   0: 3 0x8000027c (0x007ca023) mem 0x8ffffffc 0x00030003
core   0: 0x80000280 (0x300023f3) csrr    t2, mstatus
core   0: 3 0x80000280 (0x300023f3) x7  0x00001800
core   0: 0x80000284 (0x007ca023) sw      t2, 0(s9)
core   0: 3 0x80000284 (0x007ca023) mem 0x8ffffffc 0x00001800
core   0: 0x80000288 (0x90000cb7) lui     s9, 0x90000
core   0: 3 0x80000288 (0x90000cb7) x25 0x90000000
core   0: 0x8000028c (0x00001cf1) c.addi  s9, -4
core   0: 3 0x8000028c (0x1cf1) x25 0x8ffffffc
core   0: 0x8000028e (0x30400393) li      t2, 772
core   0: 3 0x8000028e (0x30400393) x7  0x00000304
core   0: 0x80000292 (0x000003a2) c.slli  t2, 8
core   0: 3 0x80000292 (0x03a2) x7  0x00030400
core   0: 0x80000294 (0x0000038d) c.addi  t2, 3
core   0: 3 0x80000294 (0x038d) x7  0x00030403
core   0: 0x80000296 (0x007ca023) sw      t2, 0(s9)
core   0: 3 0x80000296 (0x007ca023) mem 0x8ffffffc 0x00030403
core   0: 0x8000029a (0x304023f3) csrr    t2, mie
core   0: 3 0x8000029a (0x304023f3) x7  0x00000000
core   0: 0x8000029e (0x007ca023) sw      t2, 0(s9)
core   0: 3 0x8000029e (0x007ca023) mem 0x8ffffffc 0x00000000
core   0: 0x800002a2 (0x30200073) mret
core   0: 3 0x800002a2 (0x30200073) c768_mstatus 0x00000080
core   0: 0x800002a6 (0x80000037) lui     zero, 0x80000
core   0: 3 0x800002a6 (0x80000037)
core   0: 0x800002aa (0x00000001) c.nop
core   0: 3 0x800002aa (0x0001)
core   0: 0x800002ac (0x800000b7) lui     ra, 0x80000
core   0: 3 0x800002ac (0x800000b7) x1  0x80000000
core   0: 0x800002b0 (0xf63cf137) lui     sp, 0xf63cf
core   0: 3 0x800002b0 (0xf63cf137) x2  0xf63cf000
core   0: 0x800002b4 (0x95a10113) addi    sp, sp, -1702
core   0: 3 0x800002b4 (0x95a10113) x2  0xf63ce95a
core   0: 0x800002b8 (0xf6f701b7) lui     gp, 0xf6f70
core   0: 3 0x800002b8 (0xf6f701b7) x3  0xf6f70000
core   0: 0x800002bc (0xb9218193) addi    gp, gp, -1134
core   0: 3 0x800002bc (0xb9218193) x3  0xf6f6fb92
core   0: 0x800002c0 (0xfcbe8237) lui     tp, 0xfcbe8
core   0: 3 0x800002c0 (0xfcbe8237) x4  0xfcbe8000
core   0: 0x800002c4 (0x87520213) addi    tp, tp, -1931
core   0: 3 0x800002c4 (0x87520213) x4  0xfcbe7875
core   0: 0x800002c8 (0xf13802b7) lui     t0, 0xf1380
core   0: 3 0x800002c8 (0xf13802b7) x5  0xf1380000
core   0: 0x800002cc (0x92928293) addi    t0, t0, -1751
core   0: 3 0x800002cc (0x92928293) x5  0xf137f929
core   0: 0x800002d0 (0x00004311) c.li    t1, 4
core   0: 3 0x800002d0 (0x4311) x6  0x00000004
core   0: 0x800002d2 (0x00004399) c.li    t2, 6
core   0: 3 0x800002d2 (0x4399) x7  0x00000006
core   0: 0x800002d4 (0x80000437) lui     s0, 0x80000
core   0: 3 0x800002d4 (0x80000437) x8  0x80000000
core   0: 0x800002d8 (0x00004481) c.li    s1, 0
core   0: 3 0x800002d8 (0x4481) x9  0x00000000
core   0: 0x800002da (0x80000537) lui     a0, 0x80000
core   0: 3 0x800002da (0x80000537) x10 0x80000000
core   0: 0x800002de (0x800005b7) lui     a1, 0x80000
core   0: 3 0x800002de (0x800005b7) x11 0x80000000
core   0: 0x800002e2 (0x00004681) c.li    a3, 0
core   0: 3 0x800002e2 (0x4681) x13 0x00000000
core   0: 0x800002e4 (0xc5d10737) lui     a4, 0xc5d10
core   0: 3 0x800002e4 (0xc5d10737) x14 0xc5d10000
core   0: 0x800002e8 (0xb9670713) addi    a4, a4, -1130
core   0: 3 0x800002e8 (0xb9670713) x14 0xc5d0fb96
core   0: 0x800002ec (0x08f4b7b7) lui     a5, 0x8f4b
core   0: 3 0x800002ec (0x08f4b7b7) x15 0x08f4b000
core   0: 0x800002f0 (0x000017a9) c.addi  a5, -22
core   0: 3 0x800002f0 (0x17a9) x15 0x08f4afea
core   0: 0x800002f2 (0x00004801) c.li    a6, 0
core   0: 3 0x800002f2 (0x4801) x16 0x00000000
core   0: 0x800002f4 (0xf2d268b7) lui     a7, 0xf2d26
core   0: 3 0x800002f4 (0xf2d268b7) x17 0xf2d26000
core   0: 0x800002f8 (0x99a88893) addi    a7, a7, -1638
core   0: 3 0x800002f8 (0x99a88893) x17 0xf2d2599a
core   0: 0x800002fc (0xf04f5937) lui     s2, 0xf04f5
core   0: 3 0x800002fc (0xf04f5937) x18 0xf04f5000
core   0: 0x80000300 (0x51590913) addi    s2, s2, 1301
core   0: 3 0x80000300 (0x51590913) x18 0xf04f5515
core   0: 0x80000304 (0x00004991) c.li    s3, 4
core   0: 3 0x80000304 (0x4991) x19 0x00000004
core   0: 0x80000306 (0x80000a37) lui     s4, 0x80000
core   0: 3 0x80000306 (0x80000a37) x20 0x80000000
core   0: 0x8000030a (0x00004a81) c.li    s5, 0
core   0: 3 0x8000030a (0x4a81) x21 0x00000000
core   0: 0x8000030c (0xf9d9fb37) lui     s6, 0xf9d9f
core   0: 3 0x8000030c (0xf9d9fb37) x22 0xf9d9f000
core   0: 0x80000310 (0x3d9b0b13) addi    s6, s6, 985
core   0: 3 0x80000310 (0x3d9b0b13) x22 0xf9d9f3d9
core   0: 0x80000314 (0x80000bb7) lui     s7, 0x80000
core   0: 3 0x80000314 (0x80000bb7) x23 0x80000000
core   0: 0x80000318 (0xf0a97c37) lui     s8, 0xf0a97
core   0: 3 0x80000318 (0xf0a97c37) x24 0xf0a97000
core   0: 0x8000031c (0xddfc0c13) addi    s8, s8, -545
core   0: 3 0x8000031c (0xddfc0c13) x24 0xf0a96ddf
core   0: 0x80000320 (0xf4cc3cb7) lui     s9, 0xf4cc3
core   0: 3 0x80000320 (0xf4cc3cb7) x25 0xf4cc3000
core   0: 0x80000324 (0xbcfc8c93) addi    s9, s9, -1073
core   0: 3 0x80000324 (0xbcfc8c93) x25 0xf4cc2bcf
core   0: 0x80000328 (0x00004d01) c.li    s10, 0
core   0: 3 0x80000328 (0x4d01) x26 0x00000000
core   0: 0x8000032a (0xf8832db7) lui     s11, 0xf8832
core   0: 3 0x8000032a (0xf8832db7) x27 0xf8832000
core   0: 0x8000032e (0xce3d8d93) addi    s11, s11, -797
core   0: 3 0x8000032e (0xce3d8d93) x27 0xf8831ce3
core   0: 0x80000332 (0x00004e81) c.li    t4, 0
core   0: 3 0x80000332 (0x4e81) x29 0x00000000
core   0: 0x80000334 (0xfc6dbf37) lui     t5, 0xfc6db
core   0: 3 0x80000334 (0xfc6dbf37) x30 0xfc6db000
core   0: 0x80000338 (0x9b3f0f13) addi    t5, t5, -1613
core   0: 3 0x80000338 (0x9b3f0f13) x30 0xfc6da9b3
core   0: 0x8000033c (0x80000fb7) lui     t6, 0x80000
core   0: 3 0x8000033c (0x80000fb7) x31 0x80000000
core   0: 0x80000340 (0x00020e17) auipc   t3, 0x20
core   0: 3 0x80000340 (0x00020e17) x28 0x80020340
core   0: 0x80000344 (0xb24e0e13) addi    t3, t3, -1244
core   0: 3 0x80000344 (0xb24e0e13) x28 0x8001fe64
core   0: 0x80000348 (0x90000cb7) lui     s9, 0x90000
core   0: 3 0x80000348 (0x90000cb7) x25 0x90000000
core   0: 0x8000034c (0x00001cf1) c.addi  s9, -4
core   0: 3 0x8000034c (0x1cf1) x25 0x8ffffffc
core   0: 0x8000034e (0x00004381) c.li    t2, 0
core   0: 3 0x8000034e (0x4381) x7  0x00000000
core   0: 0x80000350 (0x000003a2) c.slli  t2, 8
core   0: 3 0x80000350 (0x03a2) x7  0x00000000
core   0: 0x80000352 (0x00038393) mv      t2, t2
core   0: 3 0x80000352 (0x00038393) x7  0x00000000
core   0: 0x80000356 (0x007ca023) sw      t2, 0(s9)
core   0: 3 0x80000356 (0x007ca023) mem 0x8ffffffc 0x00000000
core   0: 0x8000035a (0x1620306f) j       pc + 0x3162
core   0: 3 0x8000035a (0x1620306f)
core   0: 0x800034bc (0x01e001ef) jal     gp, pc + 0x1e
core   0: 3 0x800034bc (0x01e001ef) x3  0x800034c0
core   0: 0x800034da (0x03000aef) jal     s5, pc + 0x30
core   0: 3 0x800034da (0x03000aef) x21 0x800034de
core   0: 0x8000350a (0x0000a019) c.j     pc + 6
core   0: 3 0x8000350a (0xa019)
core   0: 0x80003510 (0x000037cd) c.jal   pc - 30
core   0: 3 0x80003510 (0x37cd) x1  0x80003512
core   0: 0x800034f2 (0x00003ffd) c.jal   pc - 2
core   0: 3 0x800034f2 (0x3ffd) x1  0x800034f4
core   0: 0x800034f0 (0x0000bfd1) c.j     pc - 44
core   0: 3 0x800034f0 (0xbfd1)
core   0: 0x800034c4 (0x00002805) c.jal   pc + 48
core   0: 3 0x800034c4 (0x2805) x1  0x800034c6
core   0: 0x800034f4 (0xfd5ff1ef) jal     gp, pc - 0x2c
core   0: 3 0x800034f4 (0xfd5ff1ef) x3  0x800034f8
core   0: 0x800034c8 (0x0160036f) jal     t1, pc + 0x16
core   0: 3 0x800034c8 (0x0160036f) x6  0x800034cc
core   0: 0x800034de (0x00002829) c.jal   pc + 26
core   0: 3 0x800034de (0x2829) x1  0x800034e0
core   0: 0x800034f8 (0x00003fdd) c.jal   pc - 10
core   0: 3 0x800034f8 (0x3fdd) x1  0x800034fa
core   0: 0x800034ee (0x0000a829) c.j     pc + 26
core   0: 3 0x800034ee (0xa829)
core   0: 0x80003508 (0x0000b7e1) c.j     pc - 56
core   0: 3 0x80003508 (0xb7e1)
core   0: 0x800034d0 (0x004000ef) jal     pc + 0x4
core   0: 3 0x800034d0 (0x004000ef) x1  0x800034d4
core   0: 0x800034d4 (0x00002809) c.jal   pc + 18
core   0: 3 0x800034d4 (0x2809) x1  0x800034d6
core   0: 0x800034e6 (0xfffff36f) jal     t1, pc - 0x2
core   0: 3 0x800034e6 (0xfffff36f) x6  0x800034ea
core   0: 0x800034e4 (0x00002829) c.jal   pc + 26
core   0: 3 0x800034e4 (0x2829) x1  0x800034e6
core   0: 0x800034fe (0x0000b7e1) c.j     pc - 56
core   0: 3 0x800034fe (0xb7e1)
core   0: 0x800034c6 (0x00002015) c.jal   pc + 36
core   0: 3 0x800034c6 (0x2015) x1  0x800034c8
core   0: 0x800034ea (0xff9ff0ef) jal     pc - 0x8
core   0: 3 0x800034ea (0xff9ff0ef) x1  0x800034ee
core   0: 0x800034e2 (0x0000b7ed) c.j     pc - 22
core   0: 3 0x800034e2 (0xb7ed)
core   0: 0x800034cc (0x0400036f) jal     t1, pc + 0x40
core   0: 3 0x800034cc (0x0400036f) x6  0x800034d0
core   0: 0x8000350c (0xff5ff0ef) jal     pc - 0xc
core   0: 3 0x8000350c (0xff5ff0ef) x1  0x80003510
core   0: 0x80003500 (0x0040036f) jal     t1, pc + 0x4
core   0: 3 0x80003500 (0x0040036f) x6  0x80003504
core   0: 0x80003504 (0xfd5ff0ef) jal     pc - 0x2c
core   0: 3 0x80003504 (0xfd5ff0ef) x1  0x80003508
core   0: 0x800034d8 (0x0000a00d) c.j     pc + 34
core   0: 3 0x800034d8 (0xa00d)
core   0: 0x800034fa (0xfc7ffc6f) jal     s8, pc - 0x3a
core   0: 3 0x800034fa (0xfc7ffc6f) x24 0x800034fe
core   0: 0x800034c0 (0x020001ef) jal     gp, pc + 0x20
core   0: 3 0x800034c0 (0x020001ef) x3  0x800034c4
core   0: 0x800034e0 (0x00003fdd) c.jal   pc - 10
core   0: 3 0x800034e0 (0x3fdd) x1  0x800034e2
core   0: 0x800034d6 (0x00002835) c.jal   pc + 60
core   0: 3 0x800034d6 (0x2835) x1  0x800034d8
core   0: 0x80003512 (0x00008de5) c.and   a1, s1
core   0: 3 0x80003512 (0x8de5) x11 0x00000000
core   0: 0x80003514 (0x030001ef) jal     gp, pc + 0x30
core   0: 3 0x80003514 (0x030001ef) x3  0x80003518
core   0: 0x80003544 (0x00400fef) jal     t6, pc + 0x4
core   0: 3 0x80003544 (0x00400fef) x31 0x80003548
core   0: 0x80003548 (0x00003fc9) c.jal   pc - 46
core   0: 3 0x80003548 (0x3fc9) x1  0x8000354a
core   0: 0x8000351a (0x018000ef) jal     pc + 0x18
core   0: 3 0x8000351a (0x018000ef) x1  0x8000351e
core   0: 0x80003532 (0x0000bfe5) c.j     pc - 8
core   0: 3 0x80003532 (0xbfe5)
core   0: 0x8000352a (0x00002029) c.jal   pc + 10
core   0: 3 0x8000352a (0x2029) x1  0x8000352c
core   0: 0x80003534 (0x0000a819) c.j     pc + 22
core   0: 3 0x80003534 (0xa819)
core   0: 0x8000354a (0x00003fe9) c.jal   pc - 38
core   0: 3 0x8000354a (0x3fe9) x1  0x8000354c
core   0: 0x80003524 (0x00002029) c.jal   pc + 10
core   0: 3 0x80003524 (0x2029) x1  0x80003526
core   0: 0x8000352e (0xff5ffbef) jal     s7, pc - 0xc
core   0: 3 0x8000352e (0xff5ffbef) x23 0x80003532
core   0: 0x80003522 (0x0000a831) c.j     pc + 28
core   0: 3 0x80003522 (0xa831)
core   0: 0x8000353e (0x0000a039) c.j     pc + 14
core   0: 3 0x8000353e (0xa039)
core   0: 0x8000354c (0x00003fd5) c.jal   pc - 12
core   0: 3 0x8000354c (0x3fd5) x1  0x8000354e
core   0: 0x80003540 (0xffbffa6f) jal     s4, pc - 0x6
core   0: 3 0x80003540 (0xffbffa6f) x20 0x80003544
core   0: 0x8000353a (0xfe5ff0ef) jal     pc - 0x1c
core   0: 3 0x8000353a (0xfe5ff0ef) x1  0x8000353e
core   0: 0x8000351e (0x00e0036f) jal     t1, pc + 0xe
core   0: 3 0x8000351e (0x00e0036f) x6  0x80003522
core   0: 0x8000352c (0x0000bfed) c.j     pc - 6
core   0: 3 0x8000352c (0xbfed)
core   0: 0x80003526 (0x0100036f) jal     t1, pc + 0x10
core   0: 3 0x80003526 (0x0100036f) x6  0x8000352a
core   0: 0x80003536 (0xfe3ff36f) jal     t1, pc - 0x1e
core   0: 3 0x80003536 (0xfe3ff36f) x6  0x8000353a
core   0: 0x80003518 (0x0000a81d) c.j     pc + 54
core   0: 3 0x80003518 (0xa81d)
core   0: 0x8000354e (0x00000001) c.nop
core   0: 3 0x8000354e (0x0001)
core   0: 0x80003550 (0x006001ef) jal     gp, pc + 0x6
core   0: 3 0x80003550 (0x006001ef) x3  0x80003554
core   0: 0x80003556 (0x0000bffd) c.j     pc - 2
core   0: 3 0x80003556 (0xbffd)
core   0: 0x80003554 (0x0000a811) c.j     pc + 20
core   0: 3 0x80003554 (0xa811)
core   0: 0x80003568 (0x00003ff5) c.jal   pc - 4
core   0: 3 0x80003568 (0x3ff5) x1  0x8000356a
core   0: 0x80003564 (0x00002019) c.jal   pc + 6
core   0: 3 0x80003564 (0x2019) x1  0x80003566
core   0: 0x8000356a (0x0000a011) c.j     pc + 4
core   0: 3 0x8000356a (0xa011)
core   0: 0x8000356e (0xfebff56f) jal     a0, pc - 0x16
core   0: 3 0x8000356e (0xfebff56f) x10 0x80003572
core   0: 0x80003558 (0x00002019) c.jal   pc + 6
core   0: 3 0x80003558 (0x2019) x1  0x8000355a
core   0: 0x8000355e (0xffdff0ef) jal     pc - 0x4
core   0: 3 0x8000355e (0xffdff0ef) x1  0x80003562
core   0: 0x8000355a (0x00c0036f) jal     t1, pc + 0xc
core   0: 3 0x8000355a (0x00c0036f) x6  0x8000355e
core   0: 0x80003566 (0x0000a019) c.j     pc + 6
core   0: 3 0x80003566 (0xa019)
core   0: 0x8000356c (0x00003fdd) c.jal   pc - 10
core   0: 3 0x8000356c (0x3fdd) x1  0x8000356e
core   0: 0x80003562 (0x0000a801) c.j     pc + 16
core   0: 3 0x80003562 (0xa801)
core   0: 0x80003572 (0x6db6a1b7) lui     gp, 0x6db6a
core   0: 3 0x80003572 (0x6db6a1b7) x3  0x6db6a000
core   0: 0x80003576 (0x02e001ef) jal     gp, pc + 0x2e
core   0: 3 0x80003576 (0x02e001ef) x3  0x8000357a
core   0: 0x800035a4 (0x0000bfe9) c.j     pc - 38
core   0: 3 0x800035a4 (0xbfe9)
core   0: 0x8000357e (0x00002029) c.jal   pc + 10
core   0: 3 0x8000357e (0x2029) x1  0x80003580
core   0: 0x80003588 (0x0000a839) c.j     pc + 30
core   0: 3 0x80003588 (0xa839)
core   0: 0x800035a6 (0xff1ff0ef) jal     pc - 0x10
core   0: 3 0x800035a6 (0xff1ff0ef) x1  0x800035aa
core   0: 0x80003596 (0x0000a031) c.j     pc + 12
core   0: 3 0x80003596 (0xa031)
core   0: 0x800035a2 (0x0000b7e5) c.j     pc - 24
core   0: 3 0x800035a2 (0xb7e5)
core   0: 0x8000358a (0x0000a005) c.j     pc + 32
core   0: 3 0x8000358a (0xa005)
core   0: 0x800035aa (0x000037fd) c.jal   pc - 18
core   0: 3 0x800035aa (0x37fd) x1  0x800035ac
core   0: 0x80003598 (0x0000200d) c.jal   pc + 34
core   0: 3 0x80003598 (0x200d) x1  0x8000359a
core   0: 0x800035ba (0x00003fed) c.jal   pc - 6
core   0: 3 0x800035ba (0x3fed) x1  0x800035bc
core   0: 0x800035b4 (0xfc7ff0ef) jal     pc - 0x3a
core   0: 3 0x800035b4 (0xfc7ff0ef) x1  0x800035b8
core   0: 0x8000357a (0x0000200d) c.jal   pc + 34
core   0: 3 0x8000357a (0x200d) x1  0x8000357c
core   0: 0x8000359c (0x004000ef) jal     pc + 0x4
core   0: 3 0x8000359c (0x004000ef) x1  0x800035a0
core   0: 0x800035a0 (0x0000a031) c.j     pc + 12
core   0: 3 0x800035a0 (0xa031)
core   0: 0x800035ac (0x00c000ef) jal     pc + 0xc
core   0: 3 0x800035ac (0x00c000ef) x1  0x800035b0
core   0: 0x800035b8 (0x000037e1) c.jal   pc - 56
core   0: 3 0x800035b8 (0x37e1) x1  0x800035ba
core   0: 0x80003580 (0x00002805) c.jal   pc + 48
core   0: 3 0x80003580 (0x2805) x1  0x80003582
core   0: 0x800035b0 (0x0000bfc9) c.j     pc - 46
core   0: 3 0x800035b0 (0xbfc9)
core   0: 0x80003582 (0xffbff0ef) jal     pc - 0x6
core   0: 3 0x80003582 (0xffbff0ef) x1  0x80003586
core   0: 0x8000357c (0x0000a801) c.j     pc + 16
core   0: 3 0x8000357c (0xa801)
core   0: 0x8000358c (0x0260036f) jal     t1, pc + 0x26
core   0: 3 0x8000358c (0x0260036f) x6  0x80003590
core   0: 0x800035b2 (0x0000bff9) c.j     pc - 34
core   0: 3 0x800035b2 (0xbff9)
core   0: 0x80003590 (0xff7ff36f) jal     t1, pc - 0xa
core   0: 3 0x80003590 (0xff7ff36f) x6  0x80003594
core   0: 0x80003586 (0x00002811) c.jal   pc + 20
core   0: 3 0x80003586 (0x2811) x1  0x80003588
core   0: 0x8000359a (0x00003fed) c.jal   pc - 6
core   0: 3 0x8000359a (0x3fed) x1  0x8000359c
core   0: 0x80003594 (0x00002025) c.jal   pc + 40
core   0: 3 0x80003594 (0x2025) x1  0x80003596
core   0: 0x800035bc (0x340039f3) csrrc   s3, mscratch, zero
core   0: 3 0x800035bc (0x340039f3) x19 0x00000000
core   0: 0x800035c0 (0x006001ef) jal     gp, pc + 0x6
core   0: 3 0x800035c0 (0x006001ef) x3  0x800035c4
core   0: 0x800035c6 (0x0040036f) jal     t1, pc + 0x4
core   0: 3 0x800035c6 (0x0040036f) x6  0x800035ca
core   0: 0x800035ca (0x00003fed) c.jal   pc - 6
core   0: 3 0x800035ca (0x3fed) x1  0x800035cc
core   0: 0x800035c4 (0x00002039) c.jal   pc + 14
core   0: 3 0x800035c4 (0x2039) x1  0x800035c6
core   0: 0x800035d2 (0x016000ef) jal     pc + 0x16
core   0: 3 0x800035d2 (0x016000ef) x1  0x800035d6
core   0: 0x800035e8 (0x0000a019) c.j     pc + 6
core   0: 3 0x800035e8 (0xa019)
core   0: 0x800035ee (0x000037c5) c.jal   pc - 32
core   0: 3 0x800035ee (0x37c5) x1  0x800035f0
core   0: 0x800035ce (0x00002031) c.jal   pc + 12
core   0: 3 0x800035ce (0x2031) x1  0x800035d0
core   0: 0x800035da (0x00003fdd) c.jal   pc - 10
core   0: 3 0x800035da (0x3fdd) x1  0x800035dc
core   0: 0x800035d0 (0x0000a829) c.j     pc + 26
core   0: 3 0x800035d0 (0xa829)
core   0: 0x800035ea (0xff9ff0ef) jal     pc - 0x8
core   0: 3 0x800035ea (0xff9ff0ef) x1  0x800035ee
core   0: 0x800035e2 (0xffdffa6f) jal     s4, pc - 0x4
core   0: 3 0x800035e2 (0xffdffa6f) x20 0x800035e6
core   0: 0x800035de (0xfffff0ef) jal     pc - 0x2
core   0: 3 0x800035de (0xfffff0ef) x1  0x800035e2
core   0: 0x800035dc (0x0000a819) c.j     pc + 22
core   0: 3 0x800035dc (0xa819)
core   0: 0x800035f2 (0x0000b7d5) c.j     pc - 28
core   0: 3 0x800035f2 (0xb7d5)
core   0: 0x800035d6 (0xff7ff0ef) jal     pc - 0xa
core   0: 3 0x800035d6 (0xff7ff0ef) x1  0x800035da
core   0: 0x800035cc (0x00002015) c.jal   pc + 36
core   0: 3 0x800035cc (0x2015) x1  0x800035ce
core   0: 0x800035f0 (0x00002011) c.jal   pc + 4
core   0: 3 0x800035f0 (0x2011) x1  0x800035f2
core   0: 0x800035f4 (0xff3ff16f) jal     sp, pc - 0xe
core   0: 3 0x800035f4 (0xff3ff16f) x2  0x800035f8
core   0: 0x800035e6 (0x00002809) c.jal   pc + 18
core   0: 3 0x800035e6 (0x2809) x1  0x800035e8
core   0: 0x800035f8 (0x41238bb3) sub     s7, t2, s2
core   0: 3 0x800035f8 (0x41238bb3) x23 0x0fb0aaeb
core   0: 0x800035fc (0x028001ef) jal     gp, pc + 0x28
core   0: 3 0x800035fc (0x028001ef) x3  0x80003600
core   0: 0x80003624 (0x00003fd5) c.jal   pc - 12
core   0: 3 0x80003624 (0x3fd5) x1  0x80003626
core   0: 0x80003618 (0x00002809) c.jal   pc + 18
core   0: 3 0x80003618 (0x2809) x1  0x8000361a
core   0: 0x8000362a (0x00003ff5) c.jal   pc - 4
core   0: 3 0x8000362a (0x3ff5) x1  0x8000362c
core   0: 0x80003626 (0x0000bfe9) c.j     pc - 38
core   0: 3 0x80003626 (0xbfe9)
core   0: 0x80003600 (0x01e000ef) jal     pc + 0x1e
core   0: 3 0x80003600 (0x01e000ef) x1  0x80003604
core   0: 0x8000361e (0xfebff0ef) jal     pc - 0x16
core   0: 3 0x8000361e (0xfebff0ef) x1  0x80003622
core   0: 0x80003608 (0xffdff36f) jal     t1, pc - 0x4
core   0: 3 0x80003608 (0xffdff36f) x6  0x8000360c
core   0: 0x80003604 (0x0000a021) c.j     pc + 8
core   0: 3 0x80003604 (0xa021)
core   0: 0x8000360c (0x00002011) c.jal   pc + 4
core   0: 3 0x8000360c (0x2011) x1  0x8000360e
core   0: 0x80003610 (0x0000a831) c.j     pc + 28
core   0: 3 0x80003610 (0xa831)
core   0: 0x8000362c (0x0000b7ed) c.j     pc - 22
core   0: 3 0x8000362c (0xb7ed)
core   0: 0x80003616 (0x00002011) c.jal   pc + 4
core   0: 3 0x80003616 (0x2011) x1  0x80003618
core   0: 0x8000361a (0x00800def) jal     s11, pc + 0x8
core   0: 3 0x8000361a (0x00800def) x27 0x8000361e
core   0: 0x80003622 (0x000037f5) c.jal   pc - 20
core   0: 3 0x80003622 (0x37f5) x1  0x80003624
core   0: 0x8000360e (0x00002005) c.jal   pc + 32
core   0: 3 0x8000360e (0x2005) x1  0x80003610
core   0: 0x8000362e (0x0000b7d5) c.j     pc - 28
core   0: 3 0x8000362e (0xb7d5)
core   0: 0x80003612 (0x016000ef) jal     pc + 0x16
core   0: 3 0x80003612 (0x016000ef) x1  0x80003616
core   0: 0x80003628 (0x00003ff9) c.jal   pc - 34
core   0: 3 0x80003628 (0x3ff9) x1  0x8000362a
core   0: 0x80003606 (0x0000a02d) c.j     pc + 42
core   0: 3 0x80003606 (0xa02d)
core   0: 0x80003630 (0x004000ef) jal     pc + 0x4
core   0: 3 0x80003630 (0x004000ef) x1  0x80003634
core   0: 0x80003634 (0x00000001) c.nop
core   0: 3 0x80003634 (0x0001)
core   0: 0x80003636 (0x00a001ef) jal     gp, pc + 0xa
core   0: 3 0x80003636 (0x00a001ef) x3  0x8000363a
core   0: 0x80003640 (0x0000a821) c.j     pc + 24
core   0: 3 0x80003640 (0xa821)
core   0: 0x80003658 (0x0000a021) c.j     pc + 8
core   0: 3 0x80003658 (0xa021)
core   0: 0x80003660 (0xfddff0ef) jal     pc - 0x24
core   0: 3 0x80003660 (0xfddff0ef) x1  0x80003664
core   0: 0x8000363c (0x00002811) c.jal   pc + 20
core   0: 3 0x8000363c (0x2811) x1  0x8000363e
core   0: 0x80003650 (0x00003fd5) c.jal   pc - 12
core   0: 3 0x80003650 (0x3fd5) x1  0x80003652
core   0: 0x80003644 (0x020000ef) jal     pc + 0x20
core   0: 3 0x80003644 (0x020000ef) x1  0x80003648
core   0: 0x80003664 (0x0000bfe5) c.j     pc - 8
core   0: 3 0x80003664 (0xbfe5)
core   0: 0x8000365c (0x000037fd) c.jal   pc - 18
core   0: 3 0x8000365c (0x37fd) x1  0x8000365e
core   0: 0x8000364a (0x00002801) c.jal   pc + 16
core   0: 3 0x8000364a (0x2801) x1  0x8000364c
core   0: 0x8000365a (0x0000b7e5) c.j     pc - 24
core   0: 3 0x8000365a (0xb7e5)
core   0: 0x80003642 (0x00003ff5) c.jal   pc - 4
core   0: 3 0x80003642 (0x3ff5) x1  0x80003644
core   0: 0x8000363e (0x0000a025) c.j     pc + 40
core   0: 3 0x8000363e (0xa025)
core   0: 0x80003666 (0x00003fd1) c.jal   pc - 44
core   0: 3 0x80003666 (0x3fd1) x1  0x80003668
core   0: 0x8000363a (0x0000a809) c.j     pc + 18
core   0: 3 0x8000363a (0xa809)
core   0: 0x8000364c (0x0060036f) jal     t1, pc + 0x6
core   0: 3 0x8000364c (0x0060036f) x6  0x80003650
core   0: 0x80003652 (0x00002009) c.jal   pc + 2
core   0: 3 0x80003652 (0x2009) x1  0x80003654
core   0: 0x80003654 (0x00a0036f) jal     t1, pc + 0xa
core   0: 3 0x80003654 (0x00a0036f) x6  0x80003658
core   0: 0x8000365e (0x0000b7ed) c.j     pc - 22
core   0: 3 0x8000365e (0xb7ed)
core   0: 0x80003648 (0x0000a005) c.j     pc + 32
core   0: 3 0x80003648 (0xa005)
core   0: 0x80003668 (0x00008de5) c.and   a1, s1
core   0: 3 0x80003668 (0x8de5) x11 0x00000000
core   0: 0x8000366a (0x00a001ef) jal     gp, pc + 0xa
core   0: 3 0x8000366a (0x00a001ef) x3  0x8000366e
core   0: 0x80003674 (0x0000203d) c.jal   pc + 46
core   0: 3 0x80003674 (0x203d) x1  0x80003676
core   0: 0x800036a2 (0xfefff0ef) jal     pc - 0x12
core   0: 3 0x800036a2 (0xfefff0ef) x1  0x800036a6
core   0: 0x80003690 (0xfefff0ef) jal     pc - 0x12
core   0: 3 0x80003690 (0xfefff0ef) x1  0x80003694
core   0: 0x8000367e (0x0000bff5) c.j     pc - 4
core   0: 3 0x8000367e (0xbff5)
core   0: 0x8000367a (0x0000a019) c.j     pc + 6
core   0: 3 0x8000367a (0xa019)
core   0: 0x80003680 (0x01c0036f) jal     t1, pc + 0x1c
core   0: 3 0x80003680 (0x01c0036f) x6  0x80003684
core   0: 0x8000369c (0xfefff0ef) jal     pc - 0x12
core   0: 3 0x8000369c (0xfefff0ef) x1  0x800036a0
core   0: 0x8000368a (0x01e000ef) jal     pc + 0x1e
core   0: 3 0x8000368a (0x01e000ef) x1  0x8000368e
core   0: 0x800036a8 (0x0000bfe5) c.j     pc - 8
core   0: 3 0x800036a8 (0xbfe5)
core   0: 0x800036a0 (0x0000bfe1) c.j     pc - 40
core   0: 3 0x800036a0 (0xbfe1)
core   0: 0x80003678 (0x00002819) c.jal   pc + 22
core   0: 3 0x80003678 (0x2819) x1  0x8000367a
core   0: 0x8000368e (0x000037fd) c.jal   pc - 18
core   0: 3 0x8000368e (0x37fd) x1  0x80003690
core   0: 0x8000367c (0x00003fd5) c.jal   pc - 12
core   0: 3 0x8000367c (0x3fd5) x1  0x8000367e
core   0: 0x80003670 (0x0000a025) c.j     pc + 40
core   0: 3 0x80003670 (0xa025)
core   0: 0x80003698 (0xffdff36f) jal     t1, pc - 0x4
core   0: 3 0x80003698 (0xffdff36f) x6  0x8000369c
core   0: 0x80003694 (0x0000a809) c.j     pc + 18
core   0: 3 0x80003694 (0xa809)
core   0: 0x800036a6 (0x00003fc5) c.jal   pc - 16
core   0: 3 0x800036a6 (0x3fc5) x1  0x800036a8
core   0: 0x80003696 (0x00003ff1) c.jal   pc - 36
core   0: 3 0x80003696 (0x3ff1) x1  0x80003698
core   0: 0x80003672 (0x0000a011) c.j     pc + 4
core   0: 3 0x80003672 (0xa011)
core   0: 0x80003676 (0x00002801) c.jal   pc + 16
core   0: 3 0x80003676 (0x2801) x1  0x80003678
core   0: 0x80003686 (0xfffff0ef) jal     pc - 0x2
core   0: 3 0x80003686 (0xfffff0ef) x1  0x8000368a
core   0: 0x80003684 (0x0000b7ed) c.j     pc - 22
core   0: 3 0x80003684 (0xb7ed)
core   0: 0x8000366e (0x0000a835) c.j     pc + 60
core   0: 3 0x8000366e (0xa835)
core   0: 0x800036aa (0x017318b3) sll     a7, t1, s7
core   0: 3 0x800036aa (0x017318b3) x17 0x01b4e000
core   0: 0x800036ae (0x038001ef) jal     gp, pc + 0x38
core   0: 3 0x800036ae (0x038001ef) x3  0x800036b2
core   0: 0x800036e6 (0xfedff0ef) jal     pc - 0x14
core   0: 3 0x800036e6 (0xfedff0ef) x1  0x800036ea
core   0: 0x800036d2 (0x0000bfcd) c.j     pc - 14
core   0: 3 0x800036d2 (0xbfcd)
core   0: 0x800036c4 (0x020000ef) jal     pc + 0x20
core   0: 3 0x800036c4 (0x020000ef) x1  0x800036c8
core   0: 0x800036e4 (0x00003fdd) c.jal   pc - 10
core   0: 3 0x800036e4 (0x3fdd) x1  0x800036e6
core   0: 0x800036da (0xfdbff36f) jal     t1, pc - 0x26
core   0: 3 0x800036da (0xfdbff36f) x6  0x800036de
core   0: 0x800036b4 (0x0000a009) c.j     pc + 2
core   0: 3 0x800036b4 (0xa009)
core   0: 0x800036b6 (0x00002819) c.jal   pc + 22
core   0: 3 0x800036b6 (0x2819) x1  0x800036b8
core   0: 0x800036cc (0x0000a811) c.j     pc + 20
core   0: 3 0x800036cc (0xa811)
core   0: 0x800036e0 (0x00003fe1) c.jal   pc - 40
core   0: 3 0x800036e0 (0x3fe1) x1  0x800036e2
core   0: 0x800036b8 (0x010000ef) jal     pc + 0x10
core   0: 3 0x800036b8 (0x010000ef) x1  0x800036bc
core   0: 0x800036c8 (0x0000a039) c.j     pc + 14
core   0: 3 0x800036c8 (0xa039)
core   0: 0x800036d6 (0xfebff16f) jal     sp, pc - 0x16
core   0: 3 0x800036d6 (0xfebff16f) x2  0x800036da
core   0: 0x800036c0 (0x0000a029) c.j     pc + 10
core   0: 3 0x800036c0 (0xa029)
core   0: 0x800036ca (0x00002811) c.jal   pc + 20
core   0: 3 0x800036ca (0x2811) x1  0x800036cc
core   0: 0x800036de (0x00002011) c.jal   pc + 4
core   0: 3 0x800036de (0x2011) x1  0x800036e0
core   0: 0x800036e2 (0x0000b7f5) c.j     pc - 20
core   0: 3 0x800036e2 (0xb7f5)
core   0: 0x800036ce (0xff5ff0ef) jal     pc - 0xc
core   0: 3 0x800036ce (0xff5ff0ef) x1  0x800036d2
core   0: 0x800036c2 (0x00003fc5) c.jal   pc - 16
core   0: 3 0x800036c2 (0x3fc5) x1  0x800036c4
core   0: 0x800036b2 (0x0000a00d) c.j     pc + 34
core   0: 3 0x800036b2 (0xa00d)
core   0: 0x800036d4 (0x0000b7e5) c.j     pc - 24
core   0: 3 0x800036d4 (0xb7e5)
core   0: 0x800036bc (0x00002009) c.jal   pc + 2
core   0: 3 0x800036bc (0x2009) x1  0x800036be
core   0: 0x800036be (0x0000a035) c.j     pc + 44
core   0: 3 0x800036be (0xa035)
core   0: 0x800036ea (0x02115ab3) divu    s5, sp, ra
core   0: 3 0x800036ea (0x02115ab3) x21 0x00000001
core   0: 0x800036ee (0x008001ef) jal     gp, pc + 0x8
core   0: 3 0x800036ee (0x008001ef) x3  0x800036f2
core   0: 0x800036f6 (0x0000a809) c.j     pc + 18
core   0: 3 0x800036f6 (0xa809)
core   0: 0x80003708 (0x0000bfc5) c.j     pc - 16
core   0: 3 0x80003708 (0xbfc5)
core   0: 0x800036f8 (0x0000a809) c.j     pc + 18
core   0: 3 0x800036f8 (0xa809)
core   0: 0x8000370a (0x00002009) c.jal   pc + 2
core   0: 3 0x8000370a (0x2009) x1  0x8000370c
core   0: 0x8000370c (0x00002009) c.jal   pc + 2
core   0: 3 0x8000370c (0x2009) x1  0x8000370e
core   0: 0x8000370e (0x00003fdd) c.jal   pc - 10
core   0: 3 0x8000370e (0x3fdd) x1  0x80003710
core   0: 0x80003704 (0xff7ff0ef) jal     pc - 0xa
core   0: 3 0x80003704 (0xff7ff0ef) x1  0x80003708
core   0: 0x800036fa (0x0040036f) jal     t1, pc + 0x4
core   0: 3 0x800036fa (0x0040036f) x6  0x800036fe
core   0: 0x800036fe (0xff5ff36f) jal     t1, pc - 0xc
core   0: 3 0x800036fe (0xff5ff36f) x6  0x80003702
core   0: 0x800036f2 (0x01000aef) jal     s5, pc + 0x10
core   0: 3 0x800036f2 (0x01000aef) x21 0x800036f6
core   0: 0x80003702 (0x0000a039) c.j     pc + 14
core   0: 3 0x80003702 (0xa039)
core   0: 0x80003710 (0x00008cbd) c.xor   s1, a5
core   0: 3 0x80003710 (0x8cbd) x9  0x08f4afea
core   0: 0x80003712 (0x016001ef) jal     gp, pc + 0x16
core   0: 3 0x80003712 (0x016001ef) x3  0x80003716
core   0: 0x80003728 (0x0000b7fd) c.j     pc - 18
core   0: 3 0x80003728 (0xb7fd)
core   0: 0x80003716 (0x0000a029) c.j     pc + 10
core   0: 3 0x80003716 (0xa029)
core   0: 0x80003720 (0x00002031) c.jal   pc + 12
core   0: 3 0x80003720 (0x2031) x1  0x80003722
core   0: 0x8000372c (0x0000bfdd) c.j     pc - 10
core   0: 3 0x8000372c (0xbfdd)
core   0: 0x80003722 (0x00002021) c.jal   pc + 8
core   0: 3 0x80003722 (0x2021) x1  0x80003724
core   0: 0x8000372a (0x0000b7fd) c.j     pc - 18
core   0: 3 0x8000372a (0xb7fd)
core   0: 0x80003718 (0x00002009) c.jal   pc + 2
core   0: 3 0x80003718 (0x2009) x1  0x8000371a
core   0: 0x8000371a (0x00a0036f) jal     t1, pc + 0xa
core   0: 3 0x8000371a (0x00a0036f) x6  0x8000371e
core   0: 0x80003724 (0xffbff0ef) jal     pc - 0x6
core   0: 3 0x80003724 (0xffbff0ef) x1  0x80003728
core   0: 0x8000371e (0x00002801) c.jal   pc + 16
core   0: 3 0x8000371e (0x2801) x1  0x80003720
core   0: 0x8000372e (0x00008121) c.srli  a0, 8
core   0: 3 0x8000372e (0x8121) x10 0x00800035
core   0: 0x80003730 (0x04c001ef) jal     gp, pc + 0x4c
core   0: 3 0x80003730 (0x04c001ef) x3  0x80003734
core   0: 0x8000377c (0x00e000ef) jal     pc + 0xe
core   0: 3 0x8000377c (0x00e000ef) x1  0x80003780
core   0: 0x8000378a (0x0000b7d9) c.j     pc - 58
core   0: 3 0x8000378a (0xb7d9)
core   0: 0x80003750 (0x004000ef) jal     pc + 0x4
core   0: 3 0x80003750 (0x004000ef) x1  0x80003754
core   0: 0x80003754 (0x038000ef) jal     pc + 0x38
core   0: 3 0x80003754 (0x038000ef) x1  0x80003758
core   0: 0x8000378c (0x0000bfc9) c.j     pc - 46
core   0: 3 0x8000378c (0xbfc9)
core   0: 0x8000375e (0xfe3ff0ef) jal     pc - 0x1e
core   0: 3 0x8000375e (0xfe3ff0ef) x1  0x80003762
core   0: 0x80003740 (0x00002831) c.jal   pc + 28
core   0: 3 0x80003740 (0x2831) x1  0x80003742
core   0: 0x8000375c (0x000037dd) c.jal   pc - 26
core   0: 3 0x8000375c (0x37dd) x1  0x8000375e
core   0: 0x80003742 (0x0000281d) c.jal   pc + 54
core   0: 3 0x80003742 (0x281d) x1  0x80003744
core   0: 0x80003778 (0xfe1ff16f) jal     sp, pc - 0x20
core   0: 3 0x80003778 (0xfe1ff16f) x2  0x8000377c
core   0: 0x80003758 (0xfedff36f) jal     t1, pc - 0x14
core   0: 3 0x80003758 (0xfedff36f) x6  0x8000375c
core   0: 0x80003744 (0xff9fffef) jal     t6, pc - 0x8
core   0: 3 0x80003744 (0xff9fffef) x31 0x80003748
core   0: 0x8000373c (0x03000bef) jal     s7, pc + 0x30
core   0: 3 0x8000373c (0x03000bef) x23 0x80003740
core   0: 0x8000376c (0x0040016f) jal     sp, pc + 0x4
core   0: 3 0x8000376c (0x0040016f) x2  0x80003770
core   0: 0x80003770 (0x00002811) c.jal   pc + 20
core   0: 3 0x80003770 (0x2811) x1  0x80003772
core   0: 0x80003784 (0x00002009) c.jal   pc + 2
core   0: 3 0x80003784 (0x2009) x1  0x80003786
core   0: 0x80003786 (0x0000b7d9) c.j     pc - 58
core   0: 3 0x80003786 (0xb7d9)
core   0: 0x8000374c (0x00002835) c.jal   pc + 60
core   0: 3 0x8000374c (0x2835) x1  0x8000374e
core   0: 0x80003788 (0x0000b775) c.j     pc - 84
core   0: 3 0x80003788 (0xb775)
core   0: 0x80003734 (0x014000ef) jal     pc + 0x14
core   0: 3 0x80003734 (0x014000ef) x1  0x80003738
core   0: 0x80003748 (0x02e000ef) jal     pc + 0x2e
core   0: 3 0x80003748 (0x02e000ef) x1  0x8000374c
core   0: 0x80003776 (0x00003fd5) c.jal   pc - 12
core   0: 3 0x80003776 (0x3fd5) x1  0x80003778
core   0: 0x8000376a (0x00002819) c.jal   pc + 22
core   0: 3 0x8000376a (0x2819) x1  0x8000376c
core   0: 0x80003780 (0xff3ff36f) jal     t1, pc - 0xe
core   0: 3 0x80003780 (0xff3ff36f) x6  0x80003784
core   0: 0x80003772 (0xfc7ff36f) jal     t1, pc - 0x3a
core   0: 3 0x80003772 (0xfc7ff36f) x6  0x80003776
core   0: 0x80003738 (0x0300036f) jal     t1, pc + 0x30
core   0: 3 0x80003738 (0x0300036f) x6  0x8000373c
core   0: 0x80003768 (0x0000b7dd) c.j     pc - 26
core   0: 3 0x80003768 (0xb7dd)
core   0: 0x8000374e (0x00002811) c.jal   pc + 20
core   0: 3 0x8000374e (0x2811) x1  0x80003750
core   0: 0x80003762 (0x00002009) c.jal   pc + 2
core   0: 3 0x80003762 (0x2009) x1  0x80003764
core   0: 0x80003764 (0x02a008ef) jal     a7, pc + 0x2a
core   0: 3 0x80003764 (0x02a008ef) x17 0x80003768
core   0: 0x8000378e (0x0086f833) and     a6, a3, s0
core   0: 3 0x8000378e (0x0086f833) x16 0x00000000
core   0: 0x80003792 (0x032001ef) jal     gp, pc + 0x32
core   0: 3 0x80003792 (0x032001ef) x3  0x80003796
core   0: 0x800037c4 (0x0000bfcd) c.j     pc - 14
core   0: 3 0x800037c4 (0xbfcd)
core   0: 0x800037b6 (0x000037dd) c.jal   pc - 26
core   0: 3 0x800037b6 (0x37dd) x1  0x800037b8
core   0: 0x8000379c (0x00002801) c.jal   pc + 16
core   0: 3 0x8000379c (0x2801) x1  0x8000379e
core   0: 0x800037ac (0x0000a819) c.j     pc + 22
core   0: 3 0x800037ac (0xa819)
core   0: 0x800037c2 (0x0000b7c5) c.j     pc - 32
core   0: 3 0x800037c2 (0xb7c5)
core   0: 0x800037a2 (0xff5ff0ef) jal     pc - 0xc
core   0: 3 0x800037a2 (0xff5ff0ef) x1  0x800037a6
core   0: 0x80003796 (0x0000a015) c.j     pc + 36
core   0: 3 0x80003796 (0xa015)
core   0: 0x800037ba (0xfe5ff36f) jal     t1, pc - 0x1c
core   0: 3 0x800037ba (0xfe5ff36f) x6  0x800037be
core   0: 0x8000379e (0x010000ef) jal     pc + 0x10
core   0: 3 0x8000379e (0x010000ef) x1  0x800037a2
core   0: 0x800037ae (0x00002029) c.jal   pc + 10
core   0: 3 0x800037ae (0x2029) x1  0x800037b0
core   0: 0x800037b8 (0x0000a021) c.j     pc + 8
core   0: 3 0x800037b8 (0xa021)
core   0: 0x800037c0 (0x0000bffd) c.j     pc - 2
core   0: 3 0x800037c0 (0xbffd)
core   0: 0x800037be (0x00003fcd) c.jal   pc - 14
core   0: 3 0x800037be (0x3fcd) x1  0x800037c0
core   0: 0x800037b0 (0xffbff0ef) jal     pc - 0x6
core   0: 3 0x800037b0 (0xffbff0ef) x1  0x800037b4
core   0: 0x800037aa (0x000037fd) c.jal   pc - 18
core   0: 3 0x800037aa (0x37fd) x1  0x800037ac
core   0: 0x80003798 (0x00e001ef) jal     gp, pc + 0xe
core   0: 3 0x80003798 (0x00e001ef) x3  0x8000379c
core   0: 0x800037a6 (0x0200036f) jal     t1, pc + 0x20
core   0: 3 0x800037a6 (0x0200036f) x6  0x800037aa
core   0: 0x800037c6 (0x004002ef) jal     t0, pc + 0x4
core   0: 3 0x800037c6 (0x004002ef) x5  0x800037ca
core   0: 0x800037ca (0xfebff0ef) jal     pc - 0x16
core   0: 3 0x800037ca (0xfebff0ef) x1  0x800037ce
core   0: 0x800037b4 (0x00002829) c.jal   pc + 26
core   0: 3 0x800037b4 (0x2829) x1  0x800037b6
core   0: 0x800037ce (0x3403b3f3) csrrc   t2, mscratch, t2
core   0: 3 0x800037ce (0x3403b3f3) x7  0x00000000 c832_mscratch 0x00000000
core   0: 0x800037d2 (0x028001ef) jal     gp, pc + 0x28
core   0: 3 0x800037d2 (0x028001ef) x3  0x800037d6
core   0: 0x800037fa (0xfe7ff0ef) jal     pc - 0x1a
core   0: 3 0x800037fa (0xfe7ff0ef) x1  0x800037fe
core   0: 0x800037e0 (0x00c000ef) jal     pc + 0xc
core   0: 3 0x800037e0 (0x00c000ef) x1  0x800037e4
core   0: 0x800037ec (0xffbff0ef) jal     pc - 0x6
core   0: 3 0x800037ec (0xffbff0ef) x1  0x800037f0
core   0: 0x800037e6 (0x00002031) c.jal   pc + 12
core   0: 3 0x800037e6 (0x2031) x1  0x800037e8
core   0: 0x800037f2 (0xfe5ff0ef) jal     pc - 0x1c
core   0: 3 0x800037f2 (0xfe5ff0ef) x1  0x800037f6
core   0: 0x800037d6 (0x00e0036f) jal     t1, pc + 0xe
core   0: 3 0x800037d6 (0x00e0036f) x6  0x800037da
core   0: 0x800037e4 (0x0000bfe5) c.j     pc - 8
core   0: 3 0x800037e4 (0xbfe5)
core   0: 0x800037dc (0x0000a009) c.j     pc + 2
core   0: 3 0x800037dc (0xa009)
core   0: 0x800037de (0x00002829) c.jal   pc + 26
core   0: 3 0x800037de (0x2829) x1  0x800037e0
core   0: 0x800037f8 (0x00003fcd) c.jal   pc - 14
core   0: 3 0x800037f8 (0x3fcd) x1  0x800037fa
core   0: 0x800037ea (0x00002019) c.jal   pc + 6
core   0: 3 0x800037ea (0x2019) x1  0x800037ec
core   0: 0x800037f0 (0x0000bfe5) c.j     pc - 8
core   0: 3 0x800037f0 (0xbfe5)
core   0: 0x800037e8 (0x0000bfcd) c.j     pc - 14
core   0: 3 0x800037e8 (0xbfcd)
core   0: 0x800037da (0x0000a831) c.j     pc + 28
core   0: 3 0x800037da (0xa831)
core   0: 0x800037f6 (0x00002021) c.jal   pc + 8
core   0: 3 0x800037f6 (0x2021) x1  0x800037f8
core   0: 0x800037fe (0xc4542213) slti    tp, s0, -955
core   0: 3 0x800037fe (0xc4542213) x4  0x00000001
core   0: 0x80003802 (0x010001ef) jal     gp, pc + 0x10
core   0: 3 0x80003802 (0x010001ef) x3  0x80003806
core   0: 0x80003812 (0x010002ef) jal     t0, pc + 0x10
core   0: 3 0x80003812 (0x010002ef) x5  0x80003816
core   0: 0x80003822 (0x0000200d) c.jal   pc + 34
core   0: 3 0x80003822 (0x200d) x1  0x80003824
core   0: 0x80003844 (0x0000bffd) c.j     pc - 2
core   0: 3 0x80003844 (0xbffd)
core   0: 0x80003842 (0x00003fcd) c.jal   pc - 14
core   0: 3 0x80003842 (0x3fcd) x1  0x80003844
core   0: 0x80003834 (0x0000b7dd) c.j     pc - 26
core   0: 3 0x80003834 (0xb7dd)
core   0: 0x8000381a (0x00a000ef) jal     pc + 0xa
core   0: 3 0x8000381a (0x00a000ef) x1  0x8000381e
core   0: 0x80003824 (0x0000b7f5) c.j     pc - 20
core   0: 3 0x80003824 (0xb7f5)
core   0: 0x80003810 (0x00002831) c.jal   pc + 28
core   0: 3 0x80003810 (0x2831) x1  0x80003812
core   0: 0x8000382c (0x01000def) jal     s11, pc + 0x10
core   0: 3 0x8000382c (0x01000def) x27 0x80003830
core   0: 0x8000383c (0x00003fe9) c.jal   pc - 38
core   0: 3 0x8000383c (0x3fe9) x1  0x8000383e
core   0: 0x80003816 (0x02800bef) jal     s7, pc + 0x28
core   0: 3 0x80003816 (0x02800bef) x23 0x8000381a
core   0: 0x8000383e (0xfcdff0ef) jal     pc - 0x34
core   0: 3 0x8000383e (0xfcdff0ef) x1  0x80003842
core   0: 0x8000380a (0x00002089) c.jal   pc + 66
core   0: 3 0x8000380a (0x2089) x1  0x8000380c
core   0: 0x8000384c (0x0000b7f5) c.j     pc - 20
core   0: 3 0x8000384c (0xb7f5)
core   0: 0x80003838 (0x012002ef) jal     t0, pc + 0x12
core   0: 3 0x80003838 (0x012002ef) x5  0x8000383c
core   0: 0x8000384a (0x0000bfd1) c.j     pc - 44
core   0: 3 0x8000384a (0xbfd1)
core   0: 0x8000381e (0xfe9ffd6f) jal     s10, pc - 0x18
core   0: 3 0x8000381e (0xfe9ffd6f) x26 0x80003822
core   0: 0x80003806 (0x020000ef) jal     pc + 0x20
core   0: 3 0x80003806 (0x020000ef) x1  0x8000380a
core   0: 0x80003826 (0xfe9ff36f) jal     t1, pc - 0x18
core   0: 3 0x80003826 (0xfe9ff36f) x6  0x8000382a
core   0: 0x8000380e (0x0000bffd) c.j     pc - 2
core   0: 3 0x8000380e (0xbffd)
core   0: 0x8000380c (0x0000a82d) c.j     pc + 58
core   0: 3 0x8000380c (0xa82d)
core   0: 0x80003846 (0xfe5ff0ef) jal     pc - 0x1c
core   0: 3 0x80003846 (0xfe5ff0ef) x1  0x8000384a
core   0: 0x8000382a (0x00002019) c.jal   pc + 6
core   0: 3 0x8000382a (0x2019) x1  0x8000382c
core   0: 0x80003830 (0x0060036f) jal     t1, pc + 0x6
core   0: 3 0x80003830 (0x0060036f) x6  0x80003834
core   0: 0x80003836 (0x0000a821) c.j     pc + 24
core   0: 3 0x80003836 (0xa821)
core   0: 0x8000384e (0x340ea9f3) csrrs   s3, mscratch, t4
core   0: 3 0x8000384e (0x340ea9f3) x19 0x00000000 c832_mscratch 0x00000000
core   0: 0x80003852 (0x022001ef) jal     gp, pc + 0x22
core   0: 3 0x80003852 (0x022001ef) x3  0x80003856
core   0: 0x80003874 (0xfedff0ef) jal     pc - 0x14
core   0: 3 0x80003874 (0xfedff0ef) x1  0x80003878
core   0: 0x80003860 (0x00002009) c.jal   pc + 2
core   0: 3 0x80003860 (0x2009) x1  0x80003862
core   0: 0x80003862 (0x0000a029) c.j     pc + 10
core   0: 3 0x80003862 (0xa029)
core   0: 0x8000386c (0x00003ffd) c.jal   pc - 2
core   0: 3 0x8000386c (0x3ffd) x1  0x8000386e
core   0: 0x8000386a (0x0000a811) c.j     pc + 20
core   0: 3 0x8000386a (0xa811)
core   0: 0x8000387e (0x0000bff1) c.j     pc - 36
core   0: 3 0x8000387e (0xbff1)
core   0: 0x8000385a (0x0000bff5) c.j     pc - 4
core   0: 3 0x8000385a (0xbff5)
core   0: 0x80003856 (0x018000ef) jal     pc + 0x18
core   0: 3 0x80003856 (0x018000ef) x1  0x8000385a
core   0: 0x8000386e (0xff9ff0ef) jal     pc - 0x8
core   0: 3 0x8000386e (0xff9ff0ef) x1  0x80003872
core   0: 0x80003866 (0x014000ef) jal     pc + 0x14
core   0: 3 0x80003866 (0x014000ef) x1  0x8000386a
core   0: 0x8000387a (0x0000a009) c.j     pc + 2
core   0: 3 0x8000387a (0xa009)
core   0: 0x8000387c (0x000037cd) c.jal   pc - 30
core   0: 3 0x8000387c (0x37cd) x1  0x8000387e
core   0: 0x8000385e (0x0000200d) c.jal   pc + 34
core   0: 3 0x8000385e (0x200d) x1  0x80003860
core   0: 0x80003880 (0xff3ff0ef) jal     pc - 0xe
core   0: 3 0x80003880 (0xff3ff0ef) x1  0x80003884
core   0: 0x80003872 (0x00002019) c.jal   pc + 6
core   0: 3 0x80003872 (0x2019) x1  0x80003874
core   0: 0x80003878 (0x000037d5) c.jal   pc - 28
core   0: 3 0x80003878 (0x37d5) x1  0x8000387a
core   0: 0x8000385c (0x00002021) c.jal   pc + 8
core   0: 3 0x8000385c (0x2021) x1  0x8000385e
core   0: 0x80003864 (0x0000a005) c.j     pc + 32
core   0: 3 0x80003864 (0xa005)
core   0: 0x80003884 (0xc35d4d13) xori    s10, s10, -971
core   0: 3 0x80003884 (0xc35d4d13) x26 0x7fffc417
core   0: 0x80003888 (0x026001ef) jal     gp, pc + 0x26
core   0: 3 0x80003888 (0x026001ef) x3  0x8000388c
core   0: 0x800038ae (0xfe3ff0ef) jal     pc - 0x1e
core   0: 3 0x800038ae (0xfe3ff0ef) x1  0x800038b2
core   0: 0x80003890 (0x00002029) c.jal   pc + 10
core   0: 3 0x80003890 (0x2029) x1  0x80003892
core   0: 0x8000389a (0x0000a039) c.j     pc + 14
core   0: 3 0x8000389a (0xa039)
core   0: 0x800038a8 (0xff7ff36f) jal     t1, pc - 0xa
core   0: 3 0x800038a8 (0xff7ff36f) x6  0x800038ac
core   0: 0x8000389e (0x0000a011) c.j     pc + 4
core   0: 3 0x8000389e (0xa011)
core   0: 0x800038a2 (0x0000bfc5) c.j     pc - 16
core   0: 3 0x800038a2 (0xbfc5)
core   0: 0x80003892 (0x0240036f) jal     t1, pc + 0x24
core   0: 3 0x80003892 (0x0240036f) x6  0x80003896
core   0: 0x800038b6 (0x0000b7dd) c.j     pc - 26
core   0: 3 0x800038b6 (0xb7dd)
core   0: 0x8000389c (0x00003fed) c.jal   pc - 6
core   0: 3 0x8000389c (0x3fed) x1  0x8000389e
core   0: 0x80003896 (0x0000a009) c.j     pc + 2
core   0: 3 0x80003896 (0xa009)
core   0: 0x80003898 (0x00003fd5) c.jal   pc - 12
core   0: 3 0x80003898 (0x3fd5) x1  0x8000389a
core   0: 0x8000388c (0x0260086f) jal     a6, pc + 0x26
core   0: 3 0x8000388c (0x0260086f) x16 0x80003890
core   0: 0x800038b2 (0xff3ff0ef) jal     pc - 0xe
core   0: 3 0x800038b2 (0xff3ff0ef) x1  0x800038b6
core   0: 0x800038a4 (0x008000ef) jal     pc + 0x8
core   0: 3 0x800038a4 (0x008000ef) x1  0x800038a8
core   0: 0x800038ac (0x0000bfd5) c.j     pc - 12
core   0: 3 0x800038ac (0xbfd5)
core   0: 0x800038a0 (0x0000a821) c.j     pc + 24
core   0: 3 0x800038a0 (0xa821)
core   0: 0x800038b8 (0x03ae81b3) mul     gp, t4, s10
core   0: 3 0x800038b8 (0x03ae81b3) x3  0x00000000
core   0: 0x800038bc (0x022001ef) jal     gp, pc + 0x22
core   0: 3 0x800038bc (0x022001ef) x3  0x800038c0
core   0: 0x800038de (0x00002801) c.jal   pc + 16
core   0: 3 0x800038de (0x2801) x1  0x800038e0
core   0: 0x800038ee (0x0000a011) c.j     pc + 4
core   0: 3 0x800038ee (0xa011)
core   0: 0x800038f2 (0x00003fe9) c.jal   pc - 38
core   0: 3 0x800038f2 (0x3fe9) x1  0x800038f4
core   0: 0x800038cc (0x01800c6f) jal     s8, pc + 0x18
core   0: 3 0x800038cc (0x01800c6f) x24 0x800038d0
core   0: 0x800038e4 (0x0000b7dd) c.j     pc - 26
core   0: 3 0x800038e4 (0xb7dd)
core   0: 0x800038ca (0x0000a831) c.j     pc + 28
core   0: 3 0x800038ca (0xa831)
core   0: 0x800038e6 (0xffdff36f) jal     t1, pc - 0x4
core   0: 3 0x800038e6 (0xffdff36f) x6  0x800038ea
core   0: 0x800038e2 (0x00002839) c.jal   pc + 30
core   0: 3 0x800038e2 (0x2839) x1  0x800038e4
core   0: 0x80003900 (0xff7ff0ef) jal     pc - 0xa
core   0: 3 0x80003900 (0xff7ff0ef) x1  0x80003904
core   0: 0x800038f6 (0xfe1ff36f) jal     t1, pc - 0x20
core   0: 3 0x800038f6 (0xfe1ff36f) x6  0x800038fa
core   0: 0x800038d6 (0xfebffd6f) jal     s10, pc - 0x16
core   0: 3 0x800038d6 (0xfebffd6f) x26 0x800038da
core   0: 0x800038c0 (0x00002815) c.jal   pc + 52
core   0: 3 0x800038c0 (0x2815) x1  0x800038c2
core   0: 0x800038f4 (0x000037f5) c.jal   pc - 20
core   0: 3 0x800038f4 (0x37f5) x1  0x800038f6
core   0: 0x800038e0 (0x00003fc5) c.jal   pc - 16
core   0: 3 0x800038e0 (0x3fc5) x1  0x800038e2
core   0: 0x800038d0 (0x0360036f) jal     t1, pc + 0x36
core   0: 3 0x800038d0 (0x0360036f) x6  0x800038d4
core   0: 0x80003906 (0xfd5ff0ef) jal     pc - 0x2c
core   0: 3 0x80003906 (0xfd5ff0ef) x1  0x8000390a
core   0: 0x800038da (0x00002009) c.jal   pc + 2
core   0: 3 0x800038da (0x2009) x1  0x800038dc
core   0: 0x800038dc (0x00002039) c.jal   pc + 14
core   0: 3 0x800038dc (0x2039) x1  0x800038de
core   0: 0x800038ea (0x0000bfe1) c.j     pc - 40
core   0: 3 0x800038ea (0xbfe1)
core   0: 0x800038c2 (0x0000a82d) c.j     pc + 58
core   0: 3 0x800038c2 (0xa82d)
core   0: 0x800038fc (0xfc9ff0ef) jal     pc - 0x38
core   0: 3 0x800038fc (0xfc9ff0ef) x1  0x80003900
core   0: 0x800038c4 (0x0000281d) c.jal   pc + 54
core   0: 3 0x800038c4 (0x281d) x1  0x800038c6
core   0: 0x800038fa (0x0000b7f1) c.j     pc - 52
core   0: 3 0x800038fa (0xb7f1)
core   0: 0x800038c6 (0x0260036f) jal     t1, pc + 0x26
core   0: 3 0x800038c6 (0x0260036f) x6  0x800038ca
core   0: 0x800038ec (0x0000a821) c.j     pc + 24
core   0: 3 0x800038ec (0xa821)
core   0: 0x80003904 (0x000037f5) c.jal   pc - 20
core   0: 3 0x80003904 (0x37f5) x1  0x80003906
core   0: 0x800038f0 (0x000037d5) c.jal   pc - 28
core   0: 3 0x800038f0 (0x37d5) x1  0x800038f2
core   0: 0x800038d4 (0x0000281d) c.jal   pc + 54
core   0: 3 0x800038d4 (0x281d) x1  0x800038d6
core   0: 0x8000390a (0x00008ebd) c.xor   a3, a5
core   0: 3 0x8000390a (0x8ebd) x13 0x08f4afea
core   0: 0x8000390c (0x01a001ef) jal     gp, pc + 0x1a
core   0: 3 0x8000390c (0x01a001ef) x3  0x80003910
core   0: 0x80003926 (0x00003fed) c.jal   pc - 6
core   0: 3 0x80003926 (0x3fed) x1  0x80003928
core   0: 0x80003920 (0x00003ff5) c.jal   pc - 4
core   0: 3 0x80003920 (0x3ff5) x1  0x80003922
core   0: 0x8000391c (0x00002009) c.jal   pc + 2
core   0: 3 0x8000391c (0x2009) x1  0x8000391e
core   0: 0x8000391e (0x00002035) c.jal   pc + 44
core   0: 3 0x8000391e (0x2035) x1  0x80003920
core   0: 0x8000394a (0x0000bfed) c.j     pc - 6
core   0: 3 0x8000394a (0xbfed)
core   0: 0x80003944 (0x0000b7f1) c.j     pc - 52
core   0: 3 0x80003944 (0xb7f1)
core   0: 0x80003910 (0x00002821) c.jal   pc + 24
core   0: 3 0x80003910 (0x2821) x1  0x80003912
core   0: 0x80003928 (0x00c006ef) jal     a3, pc + 0xc
core   0: 3 0x80003928 (0x00c006ef) x13 0x8000392c
core   0: 0x80003934 (0x0000bff5) c.j     pc - 4
core   0: 3 0x80003934 (0xbff5)
core   0: 0x80003930 (0xff3ff0ef) jal     pc - 0xe
core   0: 3 0x80003930 (0xff3ff0ef) x1  0x80003934
core   0: 0x80003922 (0x01e000ef) jal     pc + 0x1e
core   0: 3 0x80003922 (0x01e000ef) x1  0x80003926
core   0: 0x80003940 (0x000037f5) c.jal   pc - 20
core   0: 3 0x80003940 (0x37f5) x1  0x80003942
core   0: 0x8000392c (0x020000ef) jal     pc + 0x20
core   0: 3 0x8000392c (0x020000ef) x1  0x80003930
core   0: 0x8000394c (0x0000bfed) c.j     pc - 6
core   0: 3 0x8000394c (0xbfed)
core   0: 0x80003946 (0xff1ff3ef) jal     t2, pc - 0x10
core   0: 3 0x80003946 (0xff1ff3ef) x7  0x8000394a
core   0: 0x80003936 (0xfddffb6f) jal     s6, pc - 0x24
core   0: 3 0x80003936 (0xfddffb6f) x22 0x8000393a
core   0: 0x80003912 (0x0000a009) c.j     pc + 2
core   0: 3 0x80003912 (0xa009)
core   0: 0x80003914 (0x004000ef) jal     pc + 0x4
core   0: 3 0x80003914 (0x004000ef) x1  0x80003918
core   0: 0x80003918 (0x022000ef) jal     pc + 0x22
core   0: 3 0x80003918 (0x022000ef) x1  0x8000391c
core   0: 0x8000393a (0x00002021) c.jal   pc + 8
core   0: 3 0x8000393a (0x2021) x1  0x8000393c
core   0: 0x80003942 (0x0000bfed) c.j     pc - 6
core   0: 3 0x80003942 (0xbfed)
core   0: 0x8000393c (0x01200f6f) jal     t5, pc + 0x12
core   0: 3 0x8000393c (0x01200f6f) x30 0x80003940
core   0: 0x8000394e (0x681d4713) xori    a4, s10, 1665
core   0: 3 0x8000394e (0x681d4713) x14 0x80003e5b
core   0: 0x80003952 (0x01e001ef) jal     gp, pc + 0x1e
core   0: 3 0x80003952 (0x01e001ef) x3  0x80003956
core   0: 0x80003970 (0x00002029) c.jal   pc + 10
core   0: 3 0x80003970 (0x2029) x1  0x80003972
core   0: 0x8000397a (0xfefff36f) jal     t1, pc - 0x12
core   0: 3 0x8000397a (0xfefff36f) x6  0x8000397e
core   0: 0x80003968 (0x016009ef) jal     s3, pc + 0x16
core   0: 3 0x80003968 (0x016009ef) x19 0x8000396c
core   0: 0x8000397e (0xfe7ff0ef) jal     pc - 0x1a
core   0: 3 0x8000397e (0xfe7ff0ef) x1  0x80003982
core   0: 0x80003964 (0x0000bffd) c.j     pc - 2
core   0: 3 0x80003964 (0xbffd)
core   0: 0x80003962 (0x00003fed) c.jal   pc - 6
core   0: 3 0x80003962 (0x3fed) x1  0x80003964
core   0: 0x8000395c (0x00002829) c.jal   pc + 26
core   0: 3 0x8000395c (0x2829) x1  0x8000395e
core   0: 0x80003976 (0x00003fe5) c.jal   pc - 8
core   0: 3 0x80003976 (0x3fe5) x1  0x80003978
core   0: 0x8000396e (0x000037ed) c.jal   pc - 22
core   0: 3 0x8000396e (0x37ed) x1  0x80003970
core   0: 0x80003958 (0x01c00cef) jal     s9, pc + 0x1c
core   0: 3 0x80003958 (0x01c00cef) x25 0x8000395c
core   0: 0x80003974 (0x0000a011) c.j     pc + 4
core   0: 3 0x80003974 (0xa011)
core   0: 0x80003978 (0x0000b7fd) c.j     pc - 18
core   0: 3 0x80003978 (0xb7fd)
core   0: 0x80003966 (0x00003fe5) c.jal   pc - 8
core   0: 3 0x80003966 (0x3fe5) x1  0x80003968
core   0: 0x8000395e (0x01400aef) jal     s5, pc + 0x14
core   0: 3 0x8000395e (0x01400aef) x21 0x80003962
core   0: 0x80003972 (0x0000b7d5) c.j     pc - 28
core   0: 3 0x80003972 (0xb7d5)
core   0: 0x80003956 (0x00002819) c.jal   pc + 22
core   0: 3 0x80003956 (0x2819) x1  0x80003958
core   0: 0x8000396c (0x0000a819) c.j     pc + 22
core   0: 3 0x8000396c (0xa819)
core   0: 0x80003982 (0x0000a009) c.j     pc + 2
core   0: 3 0x80003982 (0xa009)
core   0: 0x80003984 (0x021f0db3) mul     s11, t5, ra
core   0: 3 0x80003984 (0x021f0db3) x27 0x0cd2ee00
core   0: 0x80003988 (0x014001ef) jal     gp, pc + 0x14
core   0: 3 0x80003988 (0x014001ef) x3  0x8000398c
core   0: 0x8000399c (0x0000bfdd) c.j     pc - 10
core   0: 3 0x8000399c (0xbfdd)
core   0: 0x80003992 (0x00c0036f) jal     t1, pc + 0xc
core   0: 3 0x80003992 (0x00c0036f) x6  0x80003996
core   0: 0x8000399e (0x0000bfc5) c.j     pc - 16
core   0: 3 0x8000399e (0xbfc5)
core   0: 0x8000398e (0xfffff0ef) jal     pc - 0x2
core   0: 3 0x8000398e (0xfffff0ef) x1  0x80003992
core   0: 0x8000398c (0x00002821) c.jal   pc + 24
core   0: 3 0x8000398c (0x2821) x1  0x8000398e
core   0: 0x800039a4 (0x0000bfcd) c.j     pc - 14
core   0: 3 0x800039a4 (0xbfcd)
core   0: 0x80003996 (0x00c000ef) jal     pc + 0xc
core   0: 3 0x80003996 (0x00c000ef) x1  0x8000399a
core   0: 0x800039a2 (0x0000bfe5) c.j     pc - 8
core   0: 3 0x800039a2 (0xbfe5)
core   0: 0x8000399a (0x00002019) c.jal   pc + 6
core   0: 3 0x8000399a (0x2019) x1  0x8000399c
core   0: 0x800039a0 (0x0000a019) c.j     pc + 6
core   0: 3 0x800039a0 (0xa019)
core   0: 0x800039a6 (0x0000717d) c.addi16sp sp, -16
core   0: 3 0x800039a6 (0x717d) x2  0x80003760
core   0: 0x800039a8 (0x010001ef) jal     gp, pc + 0x10
core   0: 3 0x800039a8 (0x010001ef) x3  0x800039ac
core   0: 0x800039b8 (0x00003fed) c.jal   pc - 6
core   0: 3 0x800039b8 (0x3fed) x1  0x800039ba
core   0: 0x800039b2 (0x01c0036f) jal     t1, pc + 0x1c
core   0: 3 0x800039b2 (0x01c0036f) x6  0x800039b6
core   0: 0x800039ce (0x000037f5) c.jal   pc - 20
core   0: 3 0x800039ce (0x37f5) x1  0x800039d0
core   0: 0x800039ba (0x0000a021) c.j     pc + 8
core   0: 3 0x800039ba (0xa021)
core   0: 0x800039c2 (0xfebff36f) jal     t1, pc - 0x16
core   0: 3 0x800039c2 (0xfebff36f) x6  0x800039c6
core   0: 0x800039ac (0x00002009) c.jal   pc + 2
core   0: 3 0x800039ac (0x2009) x1  0x800039ae
core   0: 0x800039ae (0x00002039) c.jal   pc + 14
core   0: 3 0x800039ae (0x2039) x1  0x800039b0
core   0: 0x800039bc (0x00a00fef) jal     t6, pc + 0xa
core   0: 3 0x800039bc (0x00a00fef) x31 0x800039c0
core   0: 0x800039c6 (0x004004ef) jal     s1, pc + 0x4
core   0: 3 0x800039c6 (0x004004ef) x9  0x800039ca
core   0: 0x800039ca (0x0000b7f5) c.j     pc - 20
core   0: 3 0x800039ca (0xb7f5)
core   0: 0x800039b6 (0x0000200d) c.jal   pc + 34
core   0: 3 0x800039b6 (0x200d) x1  0x800039b8
core   0: 0x800039d8 (0x000037e5) c.jal   pc - 24
core   0: 3 0x800039d8 (0x37e5) x1  0x800039da
core   0: 0x800039c0 (0x00002819) c.jal   pc + 22
core   0: 3 0x800039c0 (0x2819) x1  0x800039c2
core   0: 0x800039d6 (0x00003fdd) c.jal   pc - 10
core   0: 3 0x800039d6 (0x3fdd) x1  0x800039d8
core   0: 0x800039cc (0x00002011) c.jal   pc + 4
core   0: 3 0x800039cc (0x2011) x1  0x800039ce
core   0: 0x800039d0 (0x00002009) c.jal   pc + 2
core   0: 3 0x800039d0 (0x2009) x1  0x800039d2
core   0: 0x800039d2 (0x00002009) c.jal   pc + 2
core   0: 3 0x800039d2 (0x2009) x1  0x800039d4
core   0: 0x800039d4 (0x00003ff1) c.jal   pc - 36
core   0: 3 0x800039d4 (0x3ff1) x1  0x800039d6
core   0: 0x800039b0 (0x0000a02d) c.j     pc + 42
core   0: 3 0x800039b0 (0xa02d)
core   0: 0x800039da (0x45744837) lui     a6, 0x45744
core   0: 3 0x800039da (0x45744837) x16 0x45744000
core   0: 0x800039de (0x030001ef) jal     gp, pc + 0x30
core   0: 3 0x800039de (0x030001ef) x3  0x800039e2
core   0: 0x80003a0e (0x00c00f6f) jal     t5, pc + 0xc
core   0: 3 0x80003a0e (0x00c00f6f) x30 0x80003a12
core   0: 0x80003a1a (0x0000bfe5) c.j     pc - 8
core   0: 3 0x80003a1a (0xbfe5)
core   0: 0x80003a12 (0x0000bfc5) c.j     pc - 16
core   0: 3 0x80003a12 (0xbfc5)
core   0: 0x80003a02 (0x0000a01d) c.j     pc + 38
core   0: 3 0x80003a02 (0xa01d)
core   0: 0x80003a28 (0x0000b7d5) c.j     pc - 28
core   0: 3 0x80003a28 (0xb7d5)
core   0: 0x80003a0c (0x0000b7dd) c.j     pc - 26
core   0: 3 0x80003a0c (0xb7dd)
core   0: 0x800039f2 (0x012007ef) jal     a5, pc + 0x12
core   0: 3 0x800039f2 (0x012007ef) x15 0x800039f6
core   0: 0x80003a04 (0x0000201d) c.jal   pc + 38
core   0: 3 0x80003a04 (0x201d) x1  0x80003a06
core   0: 0x80003a2a (0x0000bff1) c.j     pc - 36
core   0: 3 0x80003a2a (0xbff1)
core   0: 0x80003a06 (0xff5ff0ef) jal     pc - 0xc
core   0: 3 0x80003a06 (0xff5ff0ef) x1  0x80003a0a
core   0: 0x800039fa (0x02c000ef) jal     pc + 0x2c
core   0: 3 0x800039fa (0x02c000ef) x1  0x800039fe
core   0: 0x80003a26 (0x00003fe9) c.jal   pc - 38
core   0: 3 0x80003a26 (0x3fe9) x1  0x80003a28
core   0: 0x80003a00 (0x0000b7d5) c.j     pc - 28
core   0: 3 0x80003a00 (0xb7d5)
core   0: 0x800039e4 (0x0000a009) c.j     pc + 2
core   0: 3 0x800039e4 (0xa009)
core   0: 0x800039e6 (0x00600f6f) jal     t5, pc + 0x6
core   0: 3 0x800039e6 (0x00600f6f) x30 0x800039ea
core   0: 0x800039ec (0x0120036f) jal     t1, pc + 0x12
core   0: 3 0x800039ec (0x0120036f) x6  0x800039f0
core   0: 0x800039fe (0x0000a01d) c.j     pc + 38
core   0: 3 0x800039fe (0xa01d)
core   0: 0x80003a24 (0x0000bff5) c.j     pc - 4
core   0: 3 0x80003a24 (0xbff5)
core   0: 0x80003a20 (0xfcbff7ef) jal     a5, pc - 0x36
core   0: 3 0x80003a20 (0xfcbff7ef) x15 0x80003a24
core   0: 0x800039ea (0x00003fe5) c.jal   pc - 8
core   0: 3 0x800039ea (0x3fe5) x1  0x800039ec
core   0: 0x800039e2 (0x0000282d) c.jal   pc + 58
core   0: 3 0x800039e2 (0x282d) x1  0x800039e4
core   0: 0x80003a1c (0xfefff0ef) jal     pc - 0x12
core   0: 3 0x80003a1c (0xfefff0ef) x1  0x80003a20
core   0: 0x80003a0a (0x0000b7fd) c.j     pc - 18
core   0: 3 0x80003a0a (0xb7fd)
core   0: 0x800039f8 (0x0000a831) c.j     pc + 28
core   0: 3 0x800039f8 (0xa831)
core   0: 0x80003a14 (0x004000ef) jal     pc + 0x4
core   0: 3 0x80003a14 (0x004000ef) x1  0x80003a18
core   0: 0x80003a18 (0x0000bfe1) c.j     pc - 40
core   0: 3 0x80003a18 (0xbfe1)
core   0: 0x800039f0 (0x0000a019) c.j     pc + 6
core   0: 3 0x800039f0 (0xa019)
core   0: 0x800039f6 (0x0000281d) c.jal   pc + 54
core   0: 3 0x800039f6 (0x281d) x1  0x800039f8
core   0: 0x80003a2c (0x03852bb3) mulhsu  s7, a0, s8
core   0: 3 0x80003a2c (0x03852bb3) x23 0x00400036
core   0: 0x80003a30 (0x020001ef) jal     gp, pc + 0x20
core   0: 3 0x80003a30 (0x020001ef) x3  0x80003a34
core   0: 0x80003a50 (0x00003fc5) c.jal   pc - 16
core   0: 3 0x80003a50 (0x3fc5) x1  0x80003a52
core   0: 0x80003a40 (0x00002021) c.jal   pc + 8
core   0: 3 0x80003a40 (0x2021) x1  0x80003a42
core   0: 0x80003a48 (0x00600f6f) jal     t5, pc + 0x6
core   0: 3 0x80003a48 (0x00600f6f) x30 0x80003a4c
core   0: 0x80003a4e (0x00002029) c.jal   pc + 10
core   0: 3 0x80003a4e (0x2029) x1  0x80003a50
core   0: 0x80003a58 (0x000037f5) c.jal   pc - 20
core   0: 3 0x80003a58 (0x37f5) x1  0x80003a5a
core   0: 0x80003a44 (0x018000ef) jal     pc + 0x18
core   0: 3 0x80003a44 (0x018000ef) x1  0x80003a48
core   0: 0x80003a5c (0x00003fed) c.jal   pc - 6
core   0: 3 0x80003a5c (0x3fed) x1  0x80003a5e
core   0: 0x80003a56 (0x00003fdd) c.jal   pc - 10
core   0: 3 0x80003a56 (0x3fdd) x1  0x80003a58
core   0: 0x80003a4c (0x00003fc5) c.jal   pc - 16
core   0: 3 0x80003a4c (0x3fc5) x1  0x80003a4e
core   0: 0x80003a3c (0x016000ef) jal     pc + 0x16
core   0: 3 0x80003a3c (0x016000ef) x1  0x80003a40
core   0: 0x80003a52 (0x0000b7dd) c.j     pc - 26
core   0: 3 0x80003a52 (0xb7dd)
core   0: 0x80003a38 (0x00a000ef) jal     pc + 0xa
core   0: 3 0x80003a38 (0x00a000ef) x1  0x80003a3c
core   0: 0x80003a42 (0x0000a831) c.j     pc + 28
core   0: 3 0x80003a42 (0xa831)
core   0: 0x80003a5e (0xfd7ff0ef) jal     pc - 0x2a
core   0: 3 0x80003a5e (0xfd7ff0ef) x1  0x80003a62
core   0: 0x80003a34 (0x0000a01d) c.j     pc + 38
core   0: 3 0x80003a34 (0xa01d)
core   0: 0x80003a5a (0x0000a021) c.j     pc + 8
core   0: 3 0x80003a5a (0xa021)
core   0: 0x80003a62 (0x0000bfd1) c.j     pc - 44
core   0: 3 0x80003a62 (0xbfd1)
core   0: 0x80003a36 (0x00002839) c.jal   pc + 30
core   0: 3 0x80003a36 (0x2839) x1  0x80003a38
core   0: 0x80003a54 (0x0000a801) c.j     pc + 16
core   0: 3 0x80003a54 (0xa801)
core   0: 0x80003a64 (0x00008d05) c.sub   a0, s1
core   0: 3 0x80003a64 (0x8d05) x10 0x807fc66b
core   0: 0x80003a66 (0x00c001ef) jal     gp, pc + 0xc
core   0: 3 0x80003a66 (0x00c001ef) x3  0x80003a6a
core   0: 0x80003a72 (0x00003ffd) c.jal   pc - 2
core   0: 3 0x80003a72 (0x3ffd) x1  0x80003a74
core   0: 0x80003a70 (0x00002011) c.jal   pc + 4
core   0: 3 0x80003a70 (0x2011) x1  0x80003a72
core   0: 0x80003a74 (0x00800cef) jal     s9, pc + 0x8
core   0: 3 0x80003a74 (0x00800cef) x25 0x80003a78
core   0: 0x80003a7c (0x0000bffd) c.j     pc - 2
core   0: 3 0x80003a7c (0xbffd)
core   0: 0x80003a7a (0x00002809) c.jal   pc + 18
core   0: 3 0x80003a7a (0x2809) x1  0x80003a7c
core   0: 0x80003a8c (0xff3ff26f) jal     tp, pc - 0xe
core   0: 3 0x80003a8c (0xff3ff26f) x4  0x80003a90
core   0: 0x80003a7e (0x0000a009) c.j     pc + 2
core   0: 3 0x80003a7e (0xa009)
core   0: 0x80003a80 (0x0000a009) c.j     pc + 2
core   0: 3 0x80003a80 (0xa009)
core   0: 0x80003a82 (0x0040026f) jal     tp, pc + 0x4
core   0: 3 0x80003a82 (0x0040026f) x4  0x80003a86
core   0: 0x80003a86 (0x00003fcd) c.jal   pc - 14
core   0: 3 0x80003a86 (0x3fcd) x1  0x80003a88
core   0: 0x80003a78 (0x0000bfcd) c.j     pc - 14
core   0: 3 0x80003a78 (0xbfcd)
core   0: 0x80003a6a (0x01e00f6f) jal     t5, pc + 0x1e
core   0: 3 0x80003a6a (0x01e00f6f) x30 0x80003a6e
core   0: 0x80003a88 (0xfe7ff0ef) jal     pc - 0x1a
core   0: 3 0x80003a88 (0xfe7ff0ef) x1  0x80003a8c
core   0: 0x80003a6e (0x0000a00d) c.j     pc + 34
core   0: 3 0x80003a6e (0xa00d)
core   0: 0x80003a90 (0x0000997d) c.andi  a0, -1
core   0: 3 0x80003a90 (0x997d) x10 0x807fc66b
core   0: 0x80003a92 (0x048001ef) jal     gp, pc + 0x48
core   0: 3 0x80003a92 (0x048001ef) x3  0x80003a96
core   0: 0x80003ada (0x0000bff1) c.j     pc - 36
core   0: 3 0x80003ada (0xbff1)
core   0: 0x80003ab6 (0x0000a821) c.j     pc + 24
core   0: 3 0x80003ab6 (0xa821)
core   0: 0x80003ace (0x0000bfd5) c.j     pc - 12
core   0: 3 0x80003ace (0xbfd5)
core   0: 0x80003ac2 (0xfedff0ef) jal     pc - 0x14
core   0: 3 0x80003ac2 (0xfedff0ef) x1  0x80003ac6
core   0: 0x80003aae (0x0000bfe5) c.j     pc - 8
core   0: 3 0x80003aae (0xbfe5)
core   0: 0x80003aa6 (0x00003fed) c.jal   pc - 6
core   0: 3 0x80003aa6 (0x3fed) x1  0x80003aa8
core   0: 0x80003aa0 (0x0000a021) c.j     pc + 8
core   0: 3 0x80003aa0 (0xa021)
core   0: 0x80003aa8 (0x00002819) c.jal   pc + 22
core   0: 3 0x80003aa8 (0x2819) x1  0x80003aaa
core   0: 0x80003abe (0x008000ef) jal     pc + 0x8
core   0: 3 0x80003abe (0x008000ef) x1  0x80003ac2
core   0: 0x80003ac6 (0x0000bff1) c.j     pc - 36
core   0: 3 0x80003ac6 (0xbff1)
core   0: 0x80003aa2 (0x016001ef) jal     gp, pc + 0x16
core   0: 3 0x80003aa2 (0x016001ef) x3  0x80003aa6
core   0: 0x80003ab8 (0x0000a801) c.j     pc + 16
core   0: 3 0x80003ab8 (0xa801)
core   0: 0x80003ac8 (0xff3ff36f) jal     t1, pc - 0xe
core   0: 3 0x80003ac8 (0xff3ff36f) x6  0x80003acc
core   0: 0x80003aba (0x012000ef) jal     pc + 0x12
core   0: 3 0x80003aba (0x012000ef) x1  0x80003abe
core   0: 0x80003acc (0x000037f9) c.jal   pc - 50
core   0: 3 0x80003acc (0x37f9) x1  0x80003ace
core   0: 0x80003a9a (0x00003ff5) c.jal   pc - 4
core   0: 3 0x80003a9a (0x3ff5) x1  0x80003a9c
core   0: 0x80003a96 (0x00002811) c.jal   pc + 20
core   0: 3 0x80003a96 (0x2811) x1  0x80003a98
core   0: 0x80003aaa (0xfefff4ef) jal     s1, pc - 0x12
core   0: 3 0x80003aaa (0xfefff4ef) x9  0x80003aae
core   0: 0x80003a98 (0x00002821) c.jal   pc + 24
core   0: 3 0x80003a98 (0x2821) x1  0x80003a9a
core   0: 0x80003ab0 (0x0000b7f5) c.j     pc - 20
core   0: 3 0x80003ab0 (0xb7f5)
core   0: 0x80003a9c (0x0000a009) c.j     pc + 2
core   0: 3 0x80003a9c (0xa009)
core   0: 0x80003a9e (0x0000280d) c.jal   pc + 50
core   0: 3 0x80003a9e (0x280d) x1  0x80003aa0
core   0: 0x80003ad0 (0x0000a031) c.j     pc + 12
core   0: 3 0x80003ad0 (0xa031)
core   0: 0x80003adc (0x0000bff5) c.j     pc - 4
core   0: 3 0x80003adc (0xbff5)
core   0: 0x80003ad8 (0x00003fed) c.jal   pc - 6
core   0: 3 0x80003ad8 (0x3fed) x1  0x80003ada
core   0: 0x80003ad2 (0x004002ef) jal     t0, pc + 0x4
core   0: 3 0x80003ad2 (0x004002ef) x5  0x80003ad6
core   0: 0x80003ad6 (0x0000bff1) c.j     pc - 36
core   0: 3 0x80003ad6 (0xbff1)
core   0: 0x80003ab2 (0x02c003ef) jal     t2, pc + 0x2c
core   0: 3 0x80003ab2 (0x02c003ef) x7  0x80003ab6
core   0: 0x80003ade (0x913a4c13) xori    s8, s4, -1773
core   0: 3 0x80003ade (0x913a4c13) x24 0x7fffccf5
core   0: 0x80003ae2 (0x01a001ef) jal     gp, pc + 0x1a
core   0: 3 0x80003ae2 (0x01a001ef) x3  0x80003ae6
core   0: 0x80003afc (0x00002801) c.jal   pc + 16
core   0: 3 0x80003afc (0x2801) x1  0x80003afe
core   0: 0x80003b0c (0x0000a839) c.j     pc + 30
core   0: 3 0x80003b0c (0xa839)
core   0: 0x80003b2a (0x0000bfe5) c.j     pc - 8
core   0: 3 0x80003b2a (0xbfe5)
core   0: 0x80003b22 (0x00003fdd) c.jal   pc - 10
core   0: 3 0x80003b22 (0x3fdd) x1  0x80003b24
core   0: 0x80003b18 (0x0000bff9) c.j     pc - 34
core   0: 3 0x80003b18 (0xbff9)
core   0: 0x80003af6 (0xff1ff0ef) jal     pc - 0x10
core   0: 3 0x80003af6 (0xff1ff0ef) x1  0x80003afa
core   0: 0x80003ae6 (0x00002009) c.jal   pc + 2
core   0: 3 0x80003ae6 (0x2009) x1  0x80003ae8
core   0: 0x80003ae8 (0x0000a00d) c.j     pc + 34
core   0: 3 0x80003ae8 (0xa00d)
core   0: 0x80003b0a (0x00002801) c.jal   pc + 16
core   0: 3 0x80003b0a (0x2801) x1  0x80003b0c
core   0: 0x80003b1a (0x00003fd9) c.jal   pc - 42
core   0: 3 0x80003b1a (0x3fd9) x1  0x80003b1c
core   0: 0x80003af0 (0x00002005) c.jal   pc + 32
core   0: 3 0x80003af0 (0x2005) x1  0x80003af2
core   0: 0x80003b10 (0x0000bfe9) c.j     pc - 38
core   0: 3 0x80003b10 (0xbfe9)
core   0: 0x80003aea (0x00002801) c.jal   pc + 16
core   0: 3 0x80003aea (0x2801) x1  0x80003aec
core   0: 0x80003afa (0x0000a03d) c.j     pc + 46
core   0: 3 0x80003afa (0xa03d)
core   0: 0x80003b28 (0x00003fe9) c.jal   pc - 38
core   0: 3 0x80003b28 (0x3fe9) x1  0x80003b2a
core   0: 0x80003b02 (0x02a000ef) jal     pc + 0x2a
core   0: 3 0x80003b02 (0x02a000ef) x1  0x80003b06
core   0: 0x80003b2c (0x00003fe9) c.jal   pc - 38
core   0: 3 0x80003b2c (0x3fe9) x1  0x80003b2e
core   0: 0x80003b06 (0x000037dd) c.jal   pc - 26
core   0: 3 0x80003b06 (0x37dd) x1  0x80003b08
core   0: 0x80003aec (0x0380036f) jal     t1, pc + 0x38
core   0: 3 0x80003aec (0x0380036f) x6  0x80003af0
core   0: 0x80003b24 (0xff9ff36f) jal     t1, pc - 0x8
core   0: 3 0x80003b24 (0xff9ff36f) x6  0x80003b28
core   0: 0x80003b1c (0xfd7ff36f) jal     t1, pc - 0x2a
core   0: 3 0x80003b1c (0xfd7ff36f) x6  0x80003b20
core   0: 0x80003af2 (0x016000ef) jal     pc + 0x16
core   0: 3 0x80003af2 (0x016000ef) x1  0x80003af6
core   0: 0x80003b08 (0x0000a821) c.j     pc + 24
core   0: 3 0x80003b08 (0xa821)
core   0: 0x80003b20 (0x00003fcd) c.jal   pc - 14
core   0: 3 0x80003b20 (0x3fcd) x1  0x80003b22
core   0: 0x80003b12 (0x00002831) c.jal   pc + 28
core   0: 3 0x80003b12 (0x2831) x1  0x80003b14
core   0: 0x80003b2e (0x000037c5) c.jal   pc - 32
core   0: 3 0x80003b2e (0x37c5) x1  0x80003b30
core   0: 0x80003b0e (0x0000bfc5) c.j     pc - 16
core   0: 3 0x80003b0e (0xbfc5)
core   0: 0x80003afe (0x016000ef) jal     pc + 0x16
core   0: 3 0x80003afe (0x016000ef) x1  0x80003b02
core   0: 0x80003b14 (0x01c000ef) jal     pc + 0x1c
core   0: 3 0x80003b14 (0x01c000ef) x1  0x80003b18
core   0: 0x80003b30 (0x03f39533) mulh    a0, t2, t6
core   0: 3 0x80003b30 (0x03f39533) x10 0x3fffc5c5
core   0: 0x80003b34 (0x010001ef) jal     gp, pc + 0x10
core   0: 3 0x80003b34 (0x010001ef) x3  0x80003b38
core   0: 0x80003b44 (0x00e00c6f) jal     s8, pc + 0xe
core   0: 3 0x80003b44 (0x00e00c6f) x24 0x80003b48
core   0: 0x80003b52 (0xfedff0ef) jal     pc - 0x14
core   0: 3 0x80003b52 (0xfedff0ef) x1  0x80003b56
core   0: 0x80003b3e (0x0000a039) c.j     pc + 14
core   0: 3 0x80003b3e (0xa039)
core   0: 0x80003b4c (0x00003fc5) c.jal   pc - 16
core   0: 3 0x80003b4c (0x3fc5) x1  0x80003b4e
core   0: 0x80003b3c (0x00002011) c.jal   pc + 4
core   0: 3 0x80003b3c (0x2011) x1  0x80003b3e
core   0: 0x80003b40 (0x00e000ef) jal     pc + 0xe
core   0: 3 0x80003b40 (0x00e000ef) x1  0x80003b44
core   0: 0x80003b4e (0x0000a009) c.j     pc + 2
core   0: 3 0x80003b4e (0xa009)
core   0: 0x80003b50 (0x0000b7e5) c.j     pc - 24
core   0: 3 0x80003b50 (0xb7e5)
core   0: 0x80003b38 (0x012000ef) jal     pc + 0x12
core   0: 3 0x80003b38 (0x012000ef) x1  0x80003b3c
core   0: 0x80003b4a (0x0000bffd) c.j     pc - 2
core   0: 3 0x80003b4a (0xbffd)
core   0: 0x80003b48 (0x00002039) c.jal   pc + 14
core   0: 3 0x80003b48 (0x2039) x1  0x80003b4a
core   0: 0x80003b56 (0x0040036f) jal     t1, pc + 0x4
core   0: 3 0x80003b56 (0x0040036f) x6  0x80003b5a
core   0: 0x80003b5a (0x000081b9) c.srli  a1, 14
core   0: 3 0x80003b5a (0x81b9) x11 0x00000000
core   0: 0x80003b5c (0x038001ef) jal     gp, pc + 0x38
core   0: 3 0x80003b5c (0x038001ef) x3  0x80003b60
core   0: 0x80003b94 (0x0000b7f1) c.j     pc - 52
core   0: 3 0x80003b94 (0xb7f1)
core   0: 0x80003b60 (0x024000ef) jal     pc + 0x24
core   0: 3 0x80003b60 (0x024000ef) x1  0x80003b64
core   0: 0x80003b84 (0xff9ff2ef) jal     t0, pc - 0x8
core   0: 3 0x80003b84 (0xff9ff2ef) x5  0x80003b88
core   0: 0x80003b7c (0xfefff1ef) jal     gp, pc - 0x12
core   0: 3 0x80003b7c (0xfefff1ef) x3  0x80003b80
core   0: 0x80003b6a (0x00002019) c.jal   pc + 6
core   0: 3 0x80003b6a (0x2019) x1  0x80003b6c
core   0: 0x80003b70 (0xfffffd6f) jal     s10, pc - 0x2
core   0: 3 0x80003b70 (0xfffffd6f) x26 0x80003b74
core   0: 0x80003b6e (0x0000a829) c.j     pc + 26
core   0: 3 0x80003b6e (0xa829)
core   0: 0x80003b88 (0x0000bfc5) c.j     pc - 16
core   0: 3 0x80003b88 (0xbfc5)
core   0: 0x80003b78 (0xfedff36f) jal     t1, pc - 0x14
core   0: 3 0x80003b78 (0xfedff36f) x6  0x80003b7c
core   0: 0x80003b64 (0x00002035) c.jal   pc + 44
core   0: 3 0x80003b64 (0x2035) x1  0x80003b66
core   0: 0x80003b90 (0xfe5ff0ef) jal     pc - 0x1c
core   0: 3 0x80003b90 (0xfe5ff0ef) x1  0x80003b94
core   0: 0x80003b74 (0x016000ef) jal     pc + 0x16
core   0: 3 0x80003b74 (0x016000ef) x1  0x80003b78
core   0: 0x80003b8a (0x0000b7cd) c.j     pc - 30
core   0: 3 0x80003b8a (0xb7cd)
core   0: 0x80003b6c (0x00003fed) c.jal   pc - 6
core   0: 3 0x80003b6c (0x3fed) x1  0x80003b6e
core   0: 0x80003b66 (0x00002025) c.jal   pc + 40
core   0: 3 0x80003b66 (0x2025) x1  0x80003b68
core   0: 0x80003b8e (0x0000bffd) c.j     pc - 2
core   0: 3 0x80003b8e (0xbffd)
core   0: 0x80003b8c (0x0000a029) c.j     pc + 10
core   0: 3 0x80003b8c (0xa029)
core   0: 0x80003b96 (0xfebff0ef) jal     pc - 0x16
core   0: 3 0x80003b96 (0xfebff0ef) x1  0x80003b9a
core   0: 0x80003b80 (0xfe9ff0ef) jal     pc - 0x18
core   0: 3 0x80003b80 (0xfe9ff0ef) x1  0x80003b84
core   0: 0x80003b68 (0x0000280d) c.jal   pc + 50
core   0: 3 0x80003b68 (0x280d) x1  0x80003b6a
core   0: 0x80003b9a (0x0000a009) c.j     pc + 2
core   0: 3 0x80003b9a (0xa009)
core   0: 0x80003b9c (0x00000a85) c.addi  s5, 1
core   0: 3 0x80003b9c (0x0a85) x21 0x80003963
core   0: 0x80003b9e (0x048001ef) jal     gp, pc + 0x48
core   0: 3 0x80003b9e (0x048001ef) x3  0x80003ba2
core   0: 0x80003be6 (0x0000bfe1) c.j     pc - 40
core   0: 3 0x80003be6 (0xbfe1)
core   0: 0x80003bbe (0x0000bfe5) c.j     pc - 8
core   0: 3 0x80003bbe (0xbfe5)
core   0: 0x80003bb6 (0x004000ef) jal     pc + 0x4
core   0: 3 0x80003bb6 (0x004000ef) x1  0x80003bba
core   0: 0x80003bba (0x0000a039) c.j     pc + 14
core   0: 3 0x80003bba (0xa039)
core   0: 0x80003bc8 (0x00a000ef) jal     pc + 0xa
core   0: 3 0x80003bc8 (0x00a000ef) x1  0x80003bcc
core   0: 0x80003bd2 (0xfe3ff0ef) jal     pc - 0x1e
core   0: 3 0x80003bd2 (0xfe3ff0ef) x1  0x80003bd6
core   0: 0x80003bb4 (0x0000bff5) c.j     pc - 4
core   0: 3 0x80003bb4 (0xbff5)
core   0: 0x80003bb0 (0xff7ff0ef) jal     pc - 0xa
core   0: 3 0x80003bb0 (0xff7ff0ef) x1  0x80003bb4
core   0: 0x80003ba6 (0x0000202d) c.jal   pc + 42
core   0: 3 0x80003ba6 (0x202d) x1  0x80003ba8
core   0: 0x80003bd0 (0x00003ff5) c.jal   pc - 4
core   0: 3 0x80003bd0 (0x3ff5) x1  0x80003bd2
core   0: 0x80003bcc (0xff7ff36f) jal     t1, pc - 0xa
core   0: 3 0x80003bcc (0xff7ff36f) x6  0x80003bd0
core   0: 0x80003bc2 (0x018000ef) jal     pc + 0x18
core   0: 3 0x80003bc2 (0x018000ef) x1  0x80003bc6
core   0: 0x80003bda (0x00002011) c.jal   pc + 4
core   0: 3 0x80003bda (0x2011) x1  0x80003bdc
core   0: 0x80003bde (0xfcfff0ef) jal     pc - 0x32
core   0: 3 0x80003bde (0xfcfff0ef) x1  0x80003be2
core   0: 0x80003bac (0x030000ef) jal     pc + 0x30
core   0: 3 0x80003bac (0x030000ef) x1  0x80003bb0
core   0: 0x80003bdc (0x000037ed) c.jal   pc - 22
core   0: 3 0x80003bdc (0x37ed) x1  0x80003bde
core   0: 0x80003bc6 (0x0000bfdd) c.j     pc - 10
core   0: 3 0x80003bc6 (0xbfdd)
core   0: 0x80003bbc (0x000037dd) c.jal   pc - 26
core   0: 3 0x80003bbc (0x37dd) x1  0x80003bbe
core   0: 0x80003ba2 (0x0060036f) jal     t1, pc + 0x6
core   0: 3 0x80003ba2 (0x0060036f) x6  0x80003ba6
core   0: 0x80003ba8 (0x02e000ef) jal     pc + 0x2e
core   0: 3 0x80003ba8 (0x02e000ef) x1  0x80003bac
core   0: 0x80003bd6 (0xfebff0ef) jal     pc - 0x16
core   0: 3 0x80003bd6 (0xfebff0ef) x1  0x80003bda
core   0: 0x80003bc0 (0x0000a00d) c.j     pc + 34
core   0: 3 0x80003bc0 (0xa00d)
core   0: 0x80003be2 (0x006005ef) jal     a1, pc + 0x6
core   0: 3 0x80003be2 (0x006005ef) x11 0x80003be6
core   0: 0x80003be8 (0x34007df3) csrrci  s11, mscratch, 0
core   0: 3 0x80003be8 (0x34007df3) x27 0x00000000
core   0: 0x80003bec (0x028001ef) jal     gp, pc + 0x28
core   0: 3 0x80003bec (0x028001ef) x3  0x80003bf0
core   0: 0x80003c14 (0xff3ff0ef) jal     pc - 0xe
core   0: 3 0x80003c14 (0xff3ff0ef) x1  0x80003c18
core   0: 0x80003c06 (0xff9ff36f) jal     t1, pc - 0x8
core   0: 3 0x80003c06 (0xff9ff36f) x6  0x80003c0a
core   0: 0x80003bfe (0x012000ef) jal     pc + 0x12
core   0: 3 0x80003bfe (0x012000ef) x1  0x80003c02
core   0: 0x80003c10 (0x0000b7dd) c.j     pc - 26
core   0: 3 0x80003c10 (0xb7dd)
core   0: 0x80003bf6 (0x02800d6f) jal     s10, pc + 0x28
core   0: 3 0x80003bf6 (0x02800d6f) x26 0x80003bfa
core   0: 0x80003c1e (0x0000b7fd) c.j     pc - 18
core   0: 3 0x80003c1e (0xb7fd)
core   0: 0x80003c0c (0x00002019) c.jal   pc + 6
core   0: 3 0x80003c0c (0x2019) x1  0x80003c0e
core   0: 0x80003c12 (0x00003ff5) c.jal   pc - 4
core   0: 3 0x80003c12 (0x3ff5) x1  0x80003c14
core   0: 0x80003c0e (0x00003ff5) c.jal   pc - 4
core   0: 3 0x80003c0e (0x3ff5) x1  0x80003c10
core   0: 0x80003c0a (0x0000bfc5) c.j     pc - 16
core   0: 3 0x80003c0a (0xbfc5)
core   0: 0x80003bfa (0x01e000ef) jal     pc + 0x1e
core   0: 3 0x80003bfa (0x01e000ef) x1  0x80003bfe
core   0: 0x80003c18 (0x008000ef) jal     pc + 0x8
core   0: 3 0x80003c18 (0x008000ef) x1  0x80003c1c
core   0: 0x80003c20 (0x00003fc1) c.jal   pc - 48
core   0: 3 0x80003c20 (0x3fc1) x1  0x80003c22
core   0: 0x80003bf0 (0x00002811) c.jal   pc + 20
core   0: 3 0x80003bf0 (0x2811) x1  0x80003bf2
core   0: 0x80003c04 (0x00003ffd) c.jal   pc - 2
core   0: 3 0x80003c04 (0x3ffd) x1  0x80003c06
core   0: 0x80003c02 (0x00003fc5) c.jal   pc - 16
core   0: 3 0x80003c02 (0x3fc5) x1  0x80003c04
core   0: 0x80003bf2 (0x02a000ef) jal     pc + 0x2a
core   0: 3 0x80003bf2 (0x02a000ef) x1  0x80003bf6
core   0: 0x80003c1c (0x00002019) c.jal   pc + 6
core   0: 3 0x80003c1c (0x2019) x1  0x80003c1e
core   0: 0x80003c22 (0x41acdf13) srai    t5, s9, 26
core   0: 3 0x80003c22 (0x41acdf13) x30 0xffffffe0
core   0: 0x80003c26 (0x030001ef) jal     gp, pc + 0x30
core   0: 3 0x80003c26 (0x030001ef) x3  0x80003c2a
core   0: 0x80003c56 (0x00c006ef) jal     a3, pc + 0xc
core   0: 3 0x80003c56 (0x00c006ef) x13 0x80003c5a
core   0: 0x80003c62 (0x0000bfc5) c.j     pc - 16
core   0: 3 0x80003c62 (0xbfc5)
core   0: 0x80003c52 (0x0000bfe5) c.j     pc - 8
core   0: 3 0x80003c52 (0xbfe5)
core   0: 0x80003c4a (0xff1ff36f) jal     t1, pc - 0x10
core   0: 3 0x80003c4a (0xff1ff36f) x6  0x80003c4e
core   0: 0x80003c3a (0x0000a019) c.j     pc + 6
core   0: 3 0x80003c3a (0xa019)
core   0: 0x80003c40 (0xfedff0ef) jal     pc - 0x14
core   0: 3 0x80003c40 (0xfedff0ef) x1  0x80003c44
core   0: 0x80003c2c (0x04a000ef) jal     pc + 0x4a
core   0: 3 0x80003c2c (0x04a000ef) x1  0x80003c30
core   0: 0x80003c76 (0x00003ff5) c.jal   pc - 4
core   0: 3 0x80003c76 (0x3ff5) x1  0x80003c78
core   0: 0x80003c72 (0xfc5ff2ef) jal     t0, pc - 0x3c
core   0: 3 0x80003c72 (0xfc5ff2ef) x5  0x80003c76
core   0: 0x80003c36 (0x0000bff5) c.j     pc - 4
core   0: 3 0x80003c36 (0xbff5)
core   0: 0x80003c32 (0xff9ff0ef) jal     pc - 0x8
core   0: 3 0x80003c32 (0xff9ff0ef) x1  0x80003c36
core   0: 0x80003c2a (0x00002839) c.jal   pc + 30
core   0: 3 0x80003c2a (0x2839) x1  0x80003c2c
core   0: 0x80003c48 (0x00003fc5) c.jal   pc - 16
core   0: 3 0x80003c48 (0x3fc5) x1  0x80003c4a
core   0: 0x80003c38 (0x0000a80d) c.j     pc + 50
core   0: 3 0x80003c38 (0xa80d)
core   0: 0x80003c6a (0x0000a019) c.j     pc + 6
core   0: 3 0x80003c6a (0xa019)
core   0: 0x80003c70 (0x00003ff5) c.jal   pc - 4
core   0: 3 0x80003c70 (0x3ff5) x1  0x80003c72
core   0: 0x80003c6c (0xffbff0ef) jal     pc - 0x6
core   0: 3 0x80003c6c (0xffbff0ef) x1  0x80003c70
core   0: 0x80003c66 (0xff9ff0ef) jal     pc - 0x8
core   0: 3 0x80003c66 (0xff9ff0ef) x1  0x80003c6a
core   0: 0x80003c5e (0x0060026f) jal     tp, pc + 0x6
core   0: 3 0x80003c5e (0x0060026f) x4  0x80003c62
core   0: 0x80003c64 (0x0000a819) c.j     pc + 22
core   0: 3 0x80003c64 (0xa819)
core   0: 0x80003c7a (0xfc5ff0ef) jal     pc - 0x3c
core   0: 3 0x80003c7a (0xfc5ff0ef) x1  0x80003c7e
core   0: 0x80003c3e (0x0000a801) c.j     pc + 16
core   0: 3 0x80003c3e (0xa801)
core   0: 0x80003c4e (0x00c000ef) jal     pc + 0xc
core   0: 3 0x80003c4e (0x00c000ef) x1  0x80003c52
core   0: 0x80003c5a (0x01e000ef) jal     pc + 0x1e
core   0: 3 0x80003c5a (0x01e000ef) x1  0x80003c5e
core   0: 0x80003c78 (0x0000bff1) c.j     pc - 36
core   0: 3 0x80003c78 (0xbff1)
core   0: 0x80003c54 (0x0000bfc5) c.j     pc - 16
core   0: 3 0x80003c54 (0xbfc5)
core   0: 0x80003c44 (0xff9ff36f) jal     t1, pc - 0x8
core   0: 3 0x80003c44 (0xff9ff36f) x6  0x80003c48
core   0: 0x80003c3c (0x0000bfd5) c.j     pc - 12
core   0: 3 0x80003c3c (0xbfd5)
core   0: 0x80003c30 (0x0000a0b9) c.j     pc + 78
core   0: 3 0x80003c30 (0xa0b9)
core   0: 0x80003c7e (0x00008521) c.srai  a0, 8
core   0: 3 0x80003c7e (0x8521) x10 0x003fffc5
core   0: 0x80003c80 (0x006001ef) jal     gp, pc + 0x6
core   0: 3 0x80003c80 (0x006001ef) x3  0x80003c84
core   0: 0x80003c86 (0x018000ef) jal     pc + 0x18
core   0: 3 0x80003c86 (0x018000ef) x1  0x80003c8a
core   0: 0x80003c9e (0x0240036f) jal     t1, pc + 0x24
core   0: 3 0x80003c9e (0x0240036f) x6  0x80003ca2
core   0: 0x80003cc2 (0x0000bfcd) c.j     pc - 14
core   0: 3 0x80003cc2 (0xbfcd)
core   0: 0x80003cb4 (0x00002819) c.jal   pc + 22
core   0: 3 0x80003cb4 (0x2819) x1  0x80003cb6
core   0: 0x80003cca (0xfc9ff0ef) jal     pc - 0x38
core   0: 3 0x80003cca (0xfc9ff0ef) x1  0x80003cce
core   0: 0x80003c92 (0x0000a829) c.j     pc + 26
core   0: 3 0x80003c92 (0xa829)
core   0: 0x80003cac (0xfe3ff0ef) jal     pc - 0x1e
core   0: 3 0x80003cac (0xfe3ff0ef) x1  0x80003cb0
core   0: 0x80003c8e (0x0000a021) c.j     pc + 8
core   0: 3 0x80003c8e (0xa021)
core   0: 0x80003c96 (0x014000ef) jal     pc + 0x14
core   0: 3 0x80003c96 (0x014000ef) x1  0x80003c9a
core   0: 0x80003caa (0x0000bfe5) c.j     pc - 8
core   0: 3 0x80003caa (0xbfe5)
core   0: 0x80003ca2 (0x00002009) c.jal   pc + 2
core   0: 3 0x80003ca2 (0x2009) x1  0x80003ca4
core   0: 0x80003ca4 (0x0000b7e5) c.j     pc - 24
core   0: 3 0x80003ca4 (0xb7e5)
core   0: 0x80003c8c (0x0000a089) c.j     pc + 66
core   0: 3 0x80003c8c (0xa089)
core   0: 0x80003cce (0xfbdff0ef) jal     pc - 0x44
core   0: 3 0x80003cce (0xfbdff0ef) x1  0x80003cd2
core   0: 0x80003c8a (0x0000a0b1) c.j     pc + 76
core   0: 3 0x80003c8a (0xa0b1)
core   0: 0x80003cd6 (0x0000b7e5) c.j     pc - 24
core   0: 3 0x80003cd6 (0xb7e5)
core   0: 0x80003cbe (0x016000ef) jal     pc + 0x16
core   0: 3 0x80003cbe (0x016000ef) x1  0x80003cc2
core   0: 0x80003cd4 (0x000037dd) c.jal   pc - 26
core   0: 3 0x80003cd4 (0x37dd) x1  0x80003cd6
core   0: 0x80003cba (0x00a0036f) jal     t1, pc + 0xa
core   0: 3 0x80003cba (0x00a0036f) x6  0x80003cbe
core   0: 0x80003cc4 (0x000037c1) c.jal   pc - 64
core   0: 3 0x80003cc4 (0x37c1) x1  0x80003cc6
core   0: 0x80003c84 (0x0000a00d) c.j     pc + 34
core   0: 3 0x80003c84 (0xa00d)
core   0: 0x80003ca6 (0x00002801) c.jal   pc + 16
core   0: 3 0x80003ca6 (0x2801) x1  0x80003ca8
core   0: 0x80003cb6 (0x01c0076f) jal     a4, pc + 0x1c
core   0: 3 0x80003cb6 (0x01c0076f) x14 0x80003cba
core   0: 0x80003cd2 (0x0000b7c9) c.j     pc - 62
core   0: 3 0x80003cd2 (0xb7c9)
core   0: 0x80003c94 (0x0000a831) c.j     pc + 28
core   0: 3 0x80003c94 (0xa831)
core   0: 0x80003cb0 (0xfe1ff86f) jal     a6, pc - 0x20
core   0: 3 0x80003cb0 (0xfe1ff86f) x16 0x80003cb4
core   0: 0x80003c90 (0x0000281d) c.jal   pc + 54
core   0: 3 0x80003c90 (0x281d) x1  0x80003c92
core   0: 0x80003cc6 (0xfe3ff36f) jal     t1, pc - 0x1e
core   0: 3 0x80003cc6 (0xfe3ff36f) x6  0x80003cca
core   0: 0x80003ca8 (0x0000bfcd) c.j     pc - 14
core   0: 3 0x80003ca8 (0xbfcd)
core   0: 0x80003c9a (0x03e00bef) jal     s7, pc + 0x3e
core   0: 3 0x80003c9a (0x03e00bef) x23 0x80003c9e
core   0: 0x80003cd8 (0x00000f96) c.slli  t6, 5
core   0: 3 0x80003cd8 (0x0f96) x31 0x00073800
core   0: 0x80003cda (0x03e001ef) jal     gp, pc + 0x3e
core   0: 3 0x80003cda (0x03e001ef) x3  0x80003cde
core   0: 0x80003d18 (0x0000b7e1) c.j     pc - 56
core   0: 3 0x80003d18 (0xb7e1)
core   0: 0x80003ce0 (0x01000aef) jal     s5, pc + 0x10
core   0: 3 0x80003ce0 (0x01000aef) x21 0x80003ce4
core   0: 0x80003cf0 (0x0000a021) c.j     pc + 8
core   0: 3 0x80003cf0 (0xa021)
core   0: 0x80003cf8 (0xfefff36f) jal     t1, pc - 0x12
core   0: 3 0x80003cf8 (0xfefff36f) x6  0x80003cfc
core   0: 0x80003ce6 (0x00002021) c.jal   pc + 8
core   0: 3 0x80003ce6 (0x2021) x1  0x80003ce8
core   0: 0x80003cee (0x0000a011) c.j     pc + 4
core   0: 3 0x80003cee (0xa011)
core   0: 0x80003cf2 (0x0000a811) c.j     pc + 20
core   0: 3 0x80003cf2 (0xa811)
core   0: 0x80003d06 (0x000037fd) c.jal   pc - 18
core   0: 3 0x80003d06 (0x37fd) x1  0x80003d08
core   0: 0x80003cf4 (0xfebff0ef) jal     pc - 0x16
core   0: 3 0x80003cf4 (0xfebff0ef) x1  0x80003cf8
core   0: 0x80003cde (0x0000a019) c.j     pc + 6
core   0: 3 0x80003cde (0xa019)
core   0: 0x80003ce4 (0x00002005) c.jal   pc + 32
core   0: 3 0x80003ce4 (0x2005) x1  0x80003ce6
core   0: 0x80003d04 (0x00002019) c.jal   pc + 6
core   0: 3 0x80003d04 (0x2019) x1  0x80003d06
core   0: 0x80003d0a (0x00a0086f) jal     a6, pc + 0xa
core   0: 3 0x80003d0a (0x00a0086f) x16 0x80003d0e
core   0: 0x80003d14 (0xfebff0ef) jal     pc - 0x16
core   0: 3 0x80003d14 (0xfebff0ef) x1  0x80003d18
core   0: 0x80003cfe (0xfebff0ef) jal     pc - 0x16
core   0: 3 0x80003cfe (0xfebff0ef) x1  0x80003d02
core   0: 0x80003ce8 (0x0000a005) c.j     pc + 32
core   0: 3 0x80003ce8 (0xa005)
core   0: 0x80003d08 (0x00003fed) c.jal   pc - 6
core   0: 3 0x80003d08 (0x3fed) x1  0x80003d0a
core   0: 0x80003d02 (0x00002031) c.jal   pc + 12
core   0: 3 0x80003d02 (0x2031) x1  0x80003d04
core   0: 0x80003d0e (0xfefff0ef) jal     pc - 0x12
core   0: 3 0x80003d0e (0xfefff0ef) x1  0x80003d12
core   0: 0x80003cfc (0x0000b7fd) c.j     pc - 18
core   0: 3 0x80003cfc (0xb7fd)
core   0: 0x80003cea (0x034000ef) jal     pc + 0x34
core   0: 3 0x80003cea (0x034000ef) x1  0x80003cee
core   0: 0x80003d1e (0x00003ff5) c.jal   pc - 4
core   0: 3 0x80003d1e (0x3ff5) x1  0x80003d20
core   0: 0x80003d1a (0xff9ffdef) jal     s11, pc - 0x8
core   0: 3 0x80003d1a (0xff9ffdef) x27 0x80003d1e
core   0: 0x80003d12 (0x0000a039) c.j     pc + 14
core   0: 3 0x80003d12 (0xa039)
core   0: 0x80003d20 (0x00a6d933) srl     s2, a3, a0
core   0: 3 0x80003d20 (0x00a6d933) x18 0x040001e2
core   0: 0x80003d24 (0x741acf13) xori    t5, s5, 1857
core   0: 3 0x80003d24 (0x741acf13) x30 0x80003ba5
core   0: 0x80003d28 (0x04be1063) bne     t3, a1, pc + 64
core   0: 3 0x80003d28 (0x04be1063)
core   0: 0x80003d68 (0xfe7ff0ef) jal     pc - 0x1a
core   0: 3 0x80003d68 (0xfe7ff0ef) x1  0x80003d6c
core   0: 0x80003d4e (0x00002819) c.jal   pc + 22
core   0: 3 0x80003d4e (0x2819) x1  0x80003d50
core   0: 0x80003d64 (0x00002021) c.jal   pc + 8
core   0: 3 0x80003d64 (0x2021) x1  0x80003d66
core   0: 0x80003d6c (0x00003ff1) c.jal   pc - 36
core   0: 3 0x80003d6c (0x3ff1) x1  0x80003d6e
core   0: 0x80003d48 (0x010000ef) jal     pc + 0x10
core   0: 3 0x80003d48 (0x010000ef) x1  0x80003d4c
core   0: 0x80003d58 (0x0000a821) c.j     pc + 24
core   0: 3 0x80003d58 (0xa821)
core   0: 0x80003d70 (0x0040056f) jal     a0, pc + 0x4
core   0: 3 0x80003d70 (0x0040056f) x10 0x80003d74
core   0: 0x80003d74 (0x004002ef) jal     t0, pc + 0x4
core   0: 3 0x80003d74 (0x004002ef) x5  0x80003d78
core   0: 0x80003d78 (0x34055bf3) csrrwi  s7, mscratch, 10
core   0: 3 0x80003d78 (0x34055bf3) x23 0x00000000 c832_mscratch 0x0000000a
core   0: 0x80003d7c (0x0000cb11) c.beqz  a4, pc + 20
core   0: 3 0x80003d7c (0xcb11)
core   0: 0x80003d7e (0x026d08b3) mul     a7, s10, t1
core   0: 3 0x80003d7e (0x026d08b3) x17 0x0e49a218
core   0: 0x80003d82 (0x03a359b3) divu    s3, t1, s10
core   0: 3 0x80003d82 (0x03a359b3) x19 0x00000001
core   0: 0x80003d86 (0x00008fc1) c.or    a5, s0
core   0: 3 0x80003d86 (0x8fc1) x15 0x80003a24
core   0: 0x80003d88 (0x01eb1513) slli    a0, s6, 30
core   0: 3 0x80003d88 (0x01eb1513) x10 0x80000000
core   0: 0x80003d8c (0x02f62eb3) mulhsu  t4, a2, a5
core   0: 3 0x80003d8c (0x02f62eb3) x29 0xc0010160
core   0: 0x80003d90 (0x340f90f3) csrrw   ra, mscratch, t6
core   0: 3 0x80003d90 (0x340f90f3) x1  0x0000000a c832_mscratch 0x00073800
core   0: 0x80003d94 (0x0000c289) c.beqz  a3, pc + 2
core   0: 3 0x80003d94 (0xc289)
core   0: 0x80003d96 (0x02f49463) bne     s1, a5, pc + 40
core   0: 3 0x80003d96 (0x02f49463)
core   0: 0x80003dbe (0x009317b3) sll     a5, t1, s1
core   0: 3 0x80003dbe (0x009317b3) x15 0x0f3f0000
core   0: 0x80003dc2 (0x00008bc1) c.andi  a5, 16
core   0: 3 0x80003dc2 (0x8bc1) x15 0x00000000
core   0: 0x80003dc4 (0x0019d463) bge     s3, ra, pc + 8
core   0: 3 0x80003dc4 (0x0019d463)
core   0: 0x80003dc8 (0x00008b42) c.mv    s6, a6
core   0: 3 0x80003dc8 (0x8b42) x22 0x80003d0e
core   0: 0x80003dca (0x00006139) c.addi16sp sp, 448
core   0: 3 0x80003dca (0x6139) x2  0x80003920
core   0: 0x80003dcc (0x40075d13) srai    s10, a4, 0
core   0: 3 0x80003dcc (0x40075d13) x26 0x80003cba
core   0: 0x80003dd0 (0x028e4963) blt     t3, s0, pc + 50
core   0: 3 0x80003dd0 (0x028e4963)
core   0: 0x80003dd4 (0x00009a9e) c.add   s5, t2
core   0: 3 0x80003dd4 (0x9a9e) x21 0x0000779a
core   0: 0x80003dd6 (0x0000100f) fence.i
core   0: 3 0x80003dd6 (0x0000100f)
core   0: 0x80003dda (0xaf9a2b93) slti    s7, s4, -1287
core   0: 3 0x80003dda (0xaf9a2b93) x23 0x00000001
core   0: 0x80003dde (0x00000a52) c.slli  s4, 20
core   0: 3 0x80003dde (0x0a52) x20 0x5e600000
core   0: 0x80003de0 (0x028ae1b3) rem     gp, s5, s0
core   0: 3 0x80003de0 (0x028ae1b3) x3  0x0000779a
core   0: 0x80003de4 (0x00f7d513) srli    a0, a5, 15
core   0: 3 0x80003de4 (0x00f7d513) x10 0x00000000
core   0: 0x80003de8 (0x00bbe233) or      tp, s7, a1
core   0: 3 0x80003de8 (0x00bbe233) x4  0x80003be7
core   0: 0x80003dec (0x02bfd8b3) divu    a7, t6, a1
core   0: 3 0x80003dec (0x02bfd8b3) x17 0x00000000
core   0: 0x80003df0 (0x0000100f) fence.i
core   0: 3 0x80003df0 (0x0000100f)
core   0: 0x80003df4 (0x003a98b3) sll     a7, s5, gp
core   0: 3 0x80003df4 (0x003a98b3) x17 0x68000000
core   0: 0x80003df8 (0x914fa693) slti    a3, t6, -1772
core   0: 3 0x80003df8 (0x914fa693) x13 0x00000000
core   0: 0x80003dfc (0x0ff0000f) fence   iorw,iorw
core   0: 3 0x80003dfc (0x0ff0000f)
core   0: 0x80003e00 (0x000086e9) c.srai  a3, 26
core   0: 3 0x80003e00 (0x86e9) x13 0x00000000
core   0: 0x80003e02 (0x3407dbf3) csrrwi  s7, mscratch, 15
core   0: 3 0x80003e02 (0x3407dbf3) x23 0x00073800 c832_mscratch 0x0000000f
core   0: 0x80003e06 (0x039ed3b3) divu    t2, t4, s9
core   0: 3 0x80003e06 (0x039ed3b3) x7  0x00000001
core   0: 0x80003e0a (0xa1dbf493) andi    s1, s7, -1507
core   0: 3 0x80003e0a (0xa1dbf493) x9  0x00073800
core   0: 0x80003e0e (0x117e6d93) ori     s11, t3, 279
core   0: 3 0x80003e0e (0x117e6d93) x27 0x8001ff77
core   0: 0x80003e12 (0x0000717d) c.addi16sp sp, -16
core   0: 3 0x80003e12 (0x717d) x2  0x80003910
core   0: 0x80003e14 (0x003a45b3) xor     a1, s4, gp
core   0: 3 0x80003e14 (0x003a45b3) x11 0x5e60779a
core   0: 0x80003e18 (0x5c30f893) andi    a7, ra, 1475
core   0: 3 0x80003e18 (0x5c30f893) x17 0x00000002
core   0: 0x80003e1c (0x0109ce63) blt     s3, a6, pc + 28
core   0: 3 0x80003e1c (0x0109ce63)
core   0: 0x80003e20 (0x00867c63) bgeu    a2, s0, pc + 24
core   0: 3 0x80003e20 (0x00867c63)
core   0: 0x80003e38 (0x04e06263) bltu    zero, a4, pc + 68
core   0: 3 0x80003e38 (0x04e06263)
core   0: 0x80003e7c (0x02e758b3) divu    a7, a4, a4
core   0: 3 0x80003e7c (0x02e758b3) x17 0x00000001
core   0: 0x80003e80 (0x00fa0d33) add     s10, s4, a5
core   0: 3 0x80003e80 (0x00fa0d33) x26 0x5e600000
core   0: 0x80003e84 (0x7c263293) sltiu   t0, a2, 1986
core   0: 3 0x80003e84 (0x7c263293) x5  0x00000000
core   0: 0x80003e88 (0x03a9e8b3) rem     a7, s3, s10
core   0: 3 0x80003e88 (0x03a9e8b3) x17 0x00000001
core   0: 0x80003e8c (0x02f5d063) bge     a1, a5, pc + 32
core   0: 3 0x80003e8c (0x02f5d063)
core   0: 0x80003eac (0x031f9c33) mulh    s8, t6, a7
core   0: 3 0x80003eac (0x031f9c33) x24 0x00000000
core   0: 0x80003eb0 (0x00000d94) c.addi4spn a3, sp, 720
core   0: 3 0x80003eb0 (0x0d94) x13 0x80003be0
core   0: 0x80003eb2 (0x0070ed33) or      s10, ra, t2
core   0: 3 0x80003eb2 (0x0070ed33) x26 0x0000000b
core   0: 0x80003eb6 (0x000058fd) c.li    a7, -1
core   0: 3 0x80003eb6 (0x58fd) x17 0xffffffff
core   0: 0x80003eb8 (0x020e5a33) divu    s4, t3, zero
core   0: 3 0x80003eb8 (0x020e5a33) x20 0xffffffff
core   0: 0x80003ebc (0x40f3d793) srai    a5, t2, 15
core   0: 3 0x80003ebc (0x40f3d793) x15 0x00000000
core   0: 0x80003ec0 (0x0000c399) c.beqz  a5, pc + 6
core   0: 3 0x80003ec0 (0xc399)
core   0: 0x80003ec6 (0x8dc48897) auipc   a7, 0x8dc48
core   0: 3 0x80003ec6 (0x8dc48897) x17 0x0dc4bec6
core   0: 0x80003eca (0x016fce63) blt     t6, s6, pc + 28
core   0: 3 0x80003eca (0x016fce63)
core   0: 0x80003ece (0x02ba7ab3) remu    s5, s4, a1
core   0: 3 0x80003ece (0x02ba7ab3) x21 0x433f10cb
core   0: 0x80003ed2 (0x00005f7d) c.li    t5, -1
core   0: 3 0x80003ed2 (0x5f7d) x30 0xffffffff
core   0: 0x80003ed4 (0x039545b3) div     a1, a0, s9
core   0: 3 0x80003ed4 (0x039545b3) x11 0x00000000
core   0: 0x80003ed8 (0x000067d1) c.lui   a5, 0x14
core   0: 3 0x80003ed8 (0x67d1) x15 0x00014000
core   0: 0x80003eda (0x0378a5b3) mulhsu  a1, a7, s7
core   0: 3 0x80003eda (0x0378a5b3) x11 0x00006364
core   0: 0x80003ede (0x00fad1b3) srl     gp, s5, a5
core   0: 3 0x80003ede (0x00fad1b3) x3  0x433f10cb
core   0: 0x80003ee2 (0xdb33fc93) andi    s9, t2, -589
core   0: 3 0x80003ee2 (0xdb33fc93) x25 0x00000001
core   0: 0x80003ee6 (0x04fc8163) beq     s9, a5, pc + 66
core   0: 3 0x80003ee6 (0x04fc8163)
core   0: 0x80003eea (0x0293cd33) div     s10, t2, s1
core   0: 3 0x80003eea (0x0293cd33) x26 0x00000000
core   0: 0x80003eee (0x34047cf3) csrrci  s9, mscratch, 8
core   0: 3 0x80003eee (0x34047cf3) x25 0x0000000f c832_mscratch 0x00000007
core   0: 0x80003ef2 (0x03554f63) blt     a0, s5, pc + 62
core   0: 3 0x80003ef2 (0x03554f63)
core   0: 0x80003f30 (0x417a5db3) sra     s11, s4, s7
core   0: 3 0x80003f30 (0x417a5db3) x27 0xffffffff
core   0: 0x80003f34 (0x340e1bf3) csrrw   s7, mscratch, t3
core   0: 3 0x80003f34 (0x340e1bf3) x23 0x00000007 c832_mscratch 0x8001fe64
core   0: 0x80003f38 (0x00000001) c.nop
core   0: 3 0x80003f38 (0x0001)
core   0: 0x80003f3a (0x0067ac33) slt     s8, a5, t1
core   0: 3 0x80003f3a (0x0067ac33) x24 0x00000000
core   0: 0x80003f3e (0x03087533) remu    a0, a6, a6
core   0: 3 0x80003f3e (0x03087533) x10 0x00000000
core   0: 0x80003f42 (0x0000577d) c.li    a4, -1
core   0: 3 0x80003f42 (0x577d) x14 0xffffffff
core   0: 0x80003f44 (0x02c08933) mul     s2, ra, a2
core   0: 3 0x80003f44 (0x02c08933) x18 0x001660e8
core   0: 0x80003f48 (0x155c8393) addi    t2, s9, 341
core   0: 3 0x80003f48 (0x155c8393) x7  0x00000164
core   0: 0x80003f4c (0x031e87b3) mul     a5, t4, a7
core   0: 3 0x80003f4c (0x031e87b3) x15 0x2d4c5040
core   0: 0x80003f50 (0x00008e91) c.sub   a3, a2
core   0: 3 0x80003f50 (0x8e91) x13 0xfffdfefc
core   0: 0x80003f52 (0x00004ecd) c.li    t4, 19
core   0: 3 0x80003f52 (0x4ecd) x29 0x00000013
core   0: 0x80003f54 (0x332df313) andi    t1, s11, 818
core   0: 3 0x80003f54 (0x332df313) x6  0x00000332
core   0: 0x80003f58 (0x000068a5) c.lui   a7, 0x9
core   0: 3 0x80003f58 (0x68a5) x17 0x00009000
core   0: 0x80003f5a (0x00008ce5) c.and   s1, s1
core   0: 3 0x80003f5a (0x8ce5) x9  0x00073800
core   0: 0x80003f5c (0x3dbbb593) sltiu   a1, s7, 987
core   0: 3 0x80003f5c (0x3dbbb593) x11 0x00000001
core   0: 0x80003f60 (0x340f5373) csrrwi  t1, mscratch, 30
core   0: 3 0x80003f60 (0x340f5373) x6  0x8001fe64 c832_mscratch 0x0000001e
core   0: 0x80003f64 (0x00008796) c.mv    a5, t0
core   0: 3 0x80003f64 (0x8796) x15 0x00000000
core   0: 0x80003f66 (0x0338eeb3) rem     t4, a7, s3
core   0: 3 0x80003f66 (0x0338eeb3) x29 0x00000000
core   0: 0x80003f6a (0x00008a8a) c.mv    s5, sp
core   0: 3 0x80003f6a (0x8a8a) x21 0x80003910
core   0: 0x80003f6c (0x03a86db3) rem     s11, a6, s10
core   0: 3 0x80003f6c (0x03a86db3) x27 0x80003d0e
core   0: 0x80003f70 (0x00008dcd) c.or    a1, a1
core   0: 3 0x80003f70 (0x8dcd) x11 0x00000001
core   0: 0x80003f72 (0x000061c5) c.lui   gp, 0x11
core   0: 3 0x80003f72 (0x61c5) x3  0x00011000
core   0: 0x80003f74 (0x00008ffd) c.and   a5, a5
core   0: 3 0x80003f74 (0x8ffd) x15 0x00000000
core   0: 0x80003f76 (0x03281c63) bne     a6, s2, pc + 56
core   0: 3 0x80003f76 (0x03281c63)
core   0: 0x80003fae (0x00000996) c.slli  s3, 5
core   0: 3 0x80003fae (0x0996) x19 0x00000020
core   0: 0x80003fb0 (0x0000177d) c.addi  a4, -1
core   0: 3 0x80003fb0 (0x177d) x14 0xfffffffe
core   0: 0x80003fb2 (0x00008e85) c.sub   a3, s1
core   0: 3 0x80003fb2 (0x8e85) x13 0xfff6c6fc
core   0: 0x80003fb4 (0x00008ec1) c.or    a3, s0
core   0: 3 0x80003fb4 (0x8ec1) x13 0xfff6c6fc
core   0: 0x80003fb6 (0x02fef463) bgeu    t4, a5, pc + 40
core   0: 3 0x80003fb6 (0x02fef463)
core   0: 0x80003fde (0x0000100f) fence.i
core   0: 3 0x80003fde (0x0000100f)
core   0: 0x80003fe2 (0x00008c76) c.mv    s8, t4
core   0: 3 0x80003fe2 (0x8c76) x24 0x00000000
core   0: 0x80003fe4 (0x0ff0000f) fence   iorw,iorw
core   0: 3 0x80003fe4 (0x0ff0000f)
core   0: 0x80003fe8 (0x020f1d33) mulh    s10, t5, zero
core   0: 3 0x80003fe8 (0x020f1d33) x26 0x00000000
core   0: 0x80003fec (0x41418b33) sub     s6, gp, s4
core   0: 3 0x80003fec (0x41418b33) x22 0x00011001
core   0: 0x80003ff0 (0x0000cf81) c.beqz  a5, pc + 24
core   0: 3 0x80003ff0 (0xcf81)
core   0: 0x80004008 (0x019099b3) sll     s3, ra, s9
core   0: 3 0x80004008 (0x019099b3) x19 0x00050000
core   0: 0x8000400c (0x009e45b3) xor     a1, t3, s1
core   0: 3 0x8000400c (0x009e45b3) x11 0x8006c664
core   0: 0x80004010 (0x1e7b80b7) lui     ra, 0x1e7b8
core   0: 3 0x80004010 (0x1e7b80b7) x1  0x1e7b8000
core   0: 0x80004014 (0x0ff0000f) fence   iorw,iorw
core   0: 3 0x80004014 (0x0ff0000f)
core   0: 0x80004018 (0xdedb9317) auipc   t1, 0xdedb9
core   0: 3 0x80004018 (0xdedb9317) x6  0x5edbd018
core   0: 0x8000401c (0x34001773) csrrw   a4, mscratch, zero
core   0: 3 0x8000401c (0x34001773) x14 0x0000001e c832_mscratch 0x00000000
core   0: 0x80004020 (0x4129dd13) srai    s10, s3, 18
core   0: 3 0x80004020 (0x4129dd13) x26 0x00000001
core   0: 0x80004024 (0x0000cd11) c.beqz  a0, pc + 28
core   0: 3 0x80004024 (0xcd11)
core   0: 0x80004040 (0x0261fb33) remu    s6, gp, t1
core   0: 3 0x80004040 (0x0261fb33) x22 0x00011000
core   0: 0x80004044 (0x4119d113) srai    sp, s3, 17
core   0: 3 0x80004044 (0x4119d113) x2  0x00000002
core   0: 0x80004048 (0x2ce8b037) lui     zero, 0x2ce8b
core   0: 3 0x80004048 (0x2ce8b037)
core   0: 0x8000404c (0x00000001) c.nop
core   0: 3 0x8000404c (0x0001)
core   0: 0x8000404e (0x340d5ef3) csrrwi  t4, mscratch, 26
core   0: 3 0x8000404e (0x340d5ef3) x29 0x00000000 c832_mscratch 0x0000001a
core   0: 0x80004052 (0x03f05133) divu    sp, zero, t6
core   0: 3 0x80004052 (0x03f05133) x2  0x00000000
core   0: 0x80004056 (0x00773133) sltu    sp, a4, t2
core   0: 3 0x80004056 (0x00773133) x2  0x00000001
core   0: 0x8000405a (0x036d9cb3) mulh    s9, s11, s6
core   0: 3 0x8000405a (0x036d9cb3) x25 0xffff7800
core   0: 0x8000405e (0x01cac4b3) xor     s1, s5, t3
core   0: 3 0x8000405e (0x01cac4b3) x9  0x0001c774
core   0: 0x80004062 (0x0a1e8693) addi    a3, t4, 161
core   0: 3 0x80004062 (0x0a1e8693) x13 0x000000a1
core   0: 0x80004066 (0x00006245) c.lui   tp, 0x11
core   0: 3 0x80004066 (0x6245) x4  0x00011000
core   0: 0x80004068 (0x00008889) c.andi  s1, 2
core   0: 3 0x80004068 (0x8889) x9  0x00000000
core   0: 0x8000406a (0x00b14d63) blt     sp, a1, pc + 26
core   0: 3 0x8000406a (0x00b14d63)
core   0: 0x8000406e (0x00001108) c.addi4spn a0, sp, 160
core   0: 3 0x8000406e (0x1108) x10 0x000000a1
core   0: 0x80004070 (0x00008f49) c.or    a4, a0
core   0: 3 0x80004070 (0x8f49) x14 0x000000bf
core   0: 0x80004072 (0x340020f3) csrr    ra, mscratch
core   0: 3 0x80004072 (0x340020f3) x1  0x0000001a
core   0: 0x80004076 (0x0392eeb3) rem     t4, t0, s9
core   0: 3 0x80004076 (0x0392eeb3) x29 0x00000000
core   0: 0x8000407a (0x00006131) c.addi16sp sp, 320
core   0: 3 0x8000407a (0x6131) x2  0x00000141
core   0: 0x8000407c (0x0242beb3) mulhu   t4, t0, tp
core   0: 3 0x8000407c (0x0242beb3) x29 0x00000000
core   0: 0x80004080 (0x00000001) c.nop
core   0: 3 0x80004080 (0x0001)
core   0: 0x80004082 (0x0000717d) c.addi16sp sp, -16
core   0: 3 0x80004082 (0x717d) x2  0x00000131
core   0: 0x80004084 (0x016cac33) slt     s8, s9, s6
core   0: 3 0x80004084 (0x016cac33) x24 0x00000001
core   0: 0x80004088 (0x3408dbf3) csrrwi  s7, mscratch, 17
core   0: 3 0x80004088 (0x3408dbf3) x23 0x0000001a c832_mscratch 0x00000011
core   0: 0x8000408c (0x0000c9bd) c.beqz  a1, pc + 118
core   0: 3 0x8000408c (0xc9bd)
core   0: 0x8000408e (0x0239ca33) div     s4, s3, gp
core   0: 3 0x8000408e (0x0239ca33) x20 0x00000004
core   0: 0x80004092 (0x00008fa5) c.xor   a5, s1
core   0: 3 0x80004092 (0x8fa5) x15 0x00000000
core   0: 0x80004094 (0x340071f3) csrrci  gp, mscratch, 0
core   0: 3 0x80004094 (0x340071f3) x3  0x00000011
core   0: 0x80004098 (0x3401e4f3) csrrsi  s1, mscratch, 3
core   0: 3 0x80004098 (0x3401e4f3) x9  0x00000011 c832_mscratch 0x00000013
core   0: 0x8000409c (0x00008365) c.srli  a4, 25
core   0: 3 0x8000409c (0x8365) x14 0x00000000
core   0: 0x8000409e (0xab0bea93) ori     s5, s7, -1360
core   0: 3 0x8000409e (0xab0bea93) x21 0xfffffaba
core   0: 0x800040a2 (0x014001ef) jal     gp, pc + 0x14
core   0: 3 0x800040a2 (0x014001ef) x3  0x800040a6
core   0: 0x800040b6 (0x00002021) c.jal   pc + 8
core   0: 3 0x800040b6 (0x2021) x1  0x800040b8
core   0: 0x800040be (0x0000a829) c.j     pc + 26
core   0: 3 0x800040be (0xa829)
core   0: 0x800040d8 (0x008004ef) jal     s1, pc + 0x8
core   0: 3 0x800040d8 (0x008004ef) x9  0x800040dc
core   0: 0x800040e0 (0xfe1ff36f) jal     t1, pc - 0x20
core   0: 3 0x800040e0 (0xfe1ff36f) x6  0x800040e4
core   0: 0x800040c0 (0x0000bff5) c.j     pc - 4
core   0: 3 0x800040c0 (0xbff5)
core   0: 0x800040bc (0x0000a829) c.j     pc + 26
core   0: 3 0x800040bc (0xa829)
core   0: 0x800040d6 (0x0000bfd1) c.j     pc - 44
core   0: 3 0x800040d6 (0xbfd1)
core   0: 0x800040aa (0x0000a821) c.j     pc + 24
core   0: 3 0x800040aa (0xa821)
core   0: 0x800040c2 (0x0000b7f5) c.j     pc - 20
core   0: 3 0x800040c2 (0xb7f5)
core   0: 0x800040ae (0x03c006ef) jal     a3, pc + 0x3c
core   0: 3 0x800040ae (0x03c006ef) x13 0x800040b2
core   0: 0x800040ea (0x000037cd) c.jal   pc - 30
core   0: 3 0x800040ea (0x37cd) x1  0x800040ec
core   0: 0x800040cc (0x00002821) c.jal   pc + 24
core   0: 3 0x800040cc (0x2821) x1  0x800040ce
core   0: 0x800040e4 (0x0000b7f5) c.j     pc - 20
core   0: 3 0x800040e4 (0xb7f5)
core   0: 0x800040d0 (0x0000bfe5) c.j     pc - 8
core   0: 3 0x800040d0 (0xbfe5)
core   0: 0x800040c8 (0xfffff2ef) jal     t0, pc - 0x2
core   0: 3 0x800040c8 (0xfffff2ef) x5  0x800040cc
core   0: 0x800040c6 (0x00002819) c.jal   pc + 22
core   0: 3 0x800040c6 (0x2819) x1  0x800040c8
core   0: 0x800040dc (0xfddff0ef) jal     pc - 0x24
core   0: 3 0x800040dc (0xfddff0ef) x1  0x800040e0
core   0: 0x800040b8 (0xfefff0ef) jal     pc - 0x12
core   0: 3 0x800040b8 (0xfefff0ef) x1  0x800040bc
core   0: 0x800040a6 (0x0280036f) jal     t1, pc + 0x28
core   0: 3 0x800040a6 (0x0280036f) x6  0x800040aa
core   0: 0x800040ce (0x00002821) c.jal   pc + 24
core   0: 3 0x800040ce (0x2821) x1  0x800040d0
core   0: 0x800040e6 (0x006000ef) jal     pc + 0x6
core   0: 3 0x800040e6 (0x006000ef) x1  0x800040ea
core   0: 0x800040ec (0x0000bfe1) c.j     pc - 40
core   0: 3 0x800040ec (0xbfe1)
core   0: 0x800040c4 (0x0000b7fd) c.j     pc - 18
core   0: 3 0x800040c4 (0xb7fd)
core   0: 0x800040b2 (0x020006ef) jal     a3, pc + 0x20
core   0: 3 0x800040b2 (0x020006ef) x13 0x800040b6
core   0: 0x800040d2 (0xfdbff36f) jal     t1, pc - 0x26
core   0: 3 0x800040d2 (0xfdbff36f) x6  0x800040d6
core   0: 0x800040ac (0x00002089) c.jal   pc + 66
core   0: 3 0x800040ac (0x2089) x1  0x800040ae
core   0: 0x800040ee (0x8cc6ec93) ori     s9, a3, -1844
core   0: 3 0x800040ee (0x8cc6ec93) x25 0xfffff8fe
core   0: 0x800040f2 (0x03c50eb3) mul     t4, a0, t3
core   0: 3 0x800040f2 (0x03c50eb3) x29 0x8140fce4
core   0: 0x800040f6 (0x0343f533) remu    a0, t2, s4
core   0: 3 0x800040f6 (0x0343f533) x10 0x00000000
core   0: 0x800040fa (0x03989863) bne     a7, s9, pc + 48
core   0: 3 0x800040fa (0x03989863)
core   0: 0x8000412a (0x0000c595) c.beqz  a1, pc + 44
core   0: 3 0x8000412a (0xc595)
core   0: 0x8000412c (0x00009346) c.add   t1, a7
core   0: 3 0x8000412c (0x9346) x6  0x8000d0d6
core   0: 0x8000412e (0x0367dfb3) divu    t6, a5, s6
core   0: 3 0x8000412e (0x0367dfb3) x31 0x00000000
core   0: 0x80004132 (0x0210d3b3) divu    t2, ra, ra
core   0: 3 0x80004132 (0x0210d3b3) x7  0x00000001
core   0: 0x80004136 (0x01dedf13) srli    t5, t4, 29
core   0: 3 0x80004136 (0x01dedf13) x30 0x00000004
core   0: 0x8000413a (0x00266c33) or      s8, a2, sp
core   0: 3 0x8000413a (0x00266c33) x24 0x80023df5
core   0: 0x8000413e (0x0000cb99) c.beqz  a5, pc + 22
core   0: 3 0x8000413e (0xcb99)
core   0: 0x80004154 (0x0000ef81) c.bnez  a5, pc + 24
core   0: 3 0x80004154 (0xef81)
core   0: 0x80004156 (0x93fdcd93) xori    s11, s11, -1729
core   0: 3 0x80004156 (0x93fdcd93) x27 0x7fffc431
core   0: 0x8000415a (0x3c934193) xori    gp, t1, 969
core   0: 3 0x8000415a (0x3c934193) x3  0x8000d31f
core   0: 0x8000415e (0x02ebd033) divu    zero, s7, a4
core   0: 3 0x8000415e (0x02ebd033)
core   0: 0x80004162 (0x34062873) csrrs   a6, mscratch, a2
core   0: 3 0x80004162 (0x34062873) x16 0x00000013 c832_mscratch 0x80023cf7
core   0: 0x80004166 (0x0000cb1d) c.beqz  a4, pc + 54
core   0: 3 0x80004166 (0xcb1d)
core   0: 0x8000419c (0x01560963) beq     a2, s5, pc + 18
core   0: 3 0x8000419c (0x01560963)
core   0: 0x800041a0 (0x34011573) csrrw   a0, mscratch, sp
core   0: 3 0x800041a0 (0x34011573) x10 0x80023cf7 c832_mscratch 0x00000131
core   0: 0x800041a4 (0x0000913e) c.add   sp, a5
core   0: 3 0x800041a4 (0x913e) x2  0x00000131
core   0: 0x800041a6 (0x00bd0233) add     tp, s10, a1
core   0: 3 0x800041a6 (0x00bd0233) x4  0x8006c665
core   0: 0x800041aa (0x03f7f363) bgeu    a5, t6, pc + 38
core   0: 3 0x800041aa (0x03f7f363)
core   0: 0x800041d0 (0x00008111) c.srli  a0, 4
core   0: 3 0x800041d0 (0x8111) x10 0x080023cf
core   0: 0x800041d2 (0x0000c189) c.beqz  a1, pc + 2
core   0: 3 0x800041d2 (0xc189)
core   0: 0x800041d4 (0x2cf58593) addi    a1, a1, 719
core   0: 3 0x800041d4 (0x2cf58593) x11 0x8006c933
core   0: 0x800041d8 (0x02c909b3) mul     s3, s2, a2
core   0: 3 0x800041d8 (0x02c909b3) x19 0x1474aea0
core   0: 0x800041dc (0x00000d9c) c.addi4spn a5, sp, 720
core   0: 3 0x800041dc (0x0d9c) x15 0x00000401
core   0: 0x800041de (0x39f7ad93) slti    s11, a5, 927
core   0: 3 0x800041de (0x39f7ad93) x27 0x00000000
core   0: 0x800041e2 (0x1732e393) ori     t2, t0, 371
core   0: 3 0x800041e2 (0x1732e393) x7  0x800041ff
core   0: 0x800041e6 (0x00355793) srli    a5, a0, 3
core   0: 3 0x800041e6 (0x00355793) x15 0x01000479
core   0: 0x800041ea (0x01b69f33) sll     t5, a3, s11
core   0: 3 0x800041ea (0x01b69f33) x30 0x800040b6
core   0: 0x800041ee (0x00008729) c.srai  a4, 10
core   0: 3 0x800041ee (0x8729) x14 0x00000000
core   0: 0x800041f0 (0x41f206b3) sub     a3, tp, t6
core   0: 3 0x800041f0 (0x41f206b3) x13 0x8006c665
core   0: 0x800041f4 (0x001f8d33) add     s10, t6, ra
core   0: 3 0x800041f4 (0x001f8d33) x26 0x800040ae
core   0: 0x800041f8 (0x340074f3) csrrci  s1, mscratch, 0
core   0: 3 0x800041f8 (0x340074f3) x9  0x00000131
core   0: 0x800041fc (0x01763933) sltu    s2, a2, s7
core   0: 3 0x800041fc (0x01763933) x18 0x00000000
core   0: 0x80004200 (0x024685b3) mul     a1, a3, tp
core   0: 3 0x80004200 (0x024685b3) x11 0xe67c63d9
core   0: 0x80004204 (0x00000001) c.nop
core   0: 3 0x80004204 (0x0001)
core   0: 0x80004206 (0x5fc63017) auipc   zero, 0x5fc63
core   0: 3 0x80004206 (0x5fc63017)
core   0: 0x8000420a (0x025a0533) mul     a0, s4, t0
core   0: 3 0x8000420a (0x025a0533) x10 0x00010330
core   0: 0x8000420e (0x0215c0b3) div     ra, a1, ra
core   0: 3 0x8000420e (0x0215c0b3) x1  0x00000000
core   0: 0x80004212 (0x41abda93) srai    s5, s7, 26
core   0: 3 0x80004212 (0x41abda93) x21 0x00000000
core   0: 0x80004216 (0x01c49363) bne     s1, t3, pc + 6
core   0: 3 0x80004216 (0x01c49363)
core   0: 0x8000421c (0x017ddab3) srl     s5, s11, s7
core   0: 3 0x8000421c (0x017ddab3) x21 0x00000000
core   0: 0x80004220 (0x00000001) c.nop
core   0: 3 0x80004220 (0x0001)
core   0: 0x80004222 (0x340422f3) csrrs   t0, mscratch, s0
core   0: 3 0x80004222 (0x340422f3) x5  0x00000131 c832_mscratch 0x80000131
core   0: 0x80004226 (0x350ec493) xori    s1, t4, 848
core   0: 3 0x80004226 (0x350ec493) x9  0x8140ffb4
core   0: 0x8000422a (0x03940463) beq     s0, s9, pc + 40
core   0: 3 0x8000422a (0x03940463)
core   0: 0x8000422e (0x01719b33) sll     s6, gp, s7
core   0: 3 0x8000422e (0x01719b33) x22 0x7c000000
core   0: 0x80004232 (0x00006c65) c.lui   s8, 0x19
core   0: 3 0x80004232 (0x6c65) x24 0x00019000
core   0: 0x80004234 (0x340070f3) csrrci  ra, mscratch, 0
core   0: 3 0x80004234 (0x340070f3) x1  0x80000131
core   0: 0x80004238 (0x001c5893) srli    a7, s8, 1
core   0: 3 0x80004238 (0x001c5893) x17 0x0000c800
core   0: 0x8000423c (0x024a7063) bgeu    s4, tp, pc + 32
core   0: 3 0x8000423c (0x024a7063)
core   0: 0x80004240 (0x00816a33) or      s4, sp, s0
core   0: 3 0x80004240 (0x00816a33) x20 0x80000131
core   0: 0x80004244 (0x00004d39) c.li    s10, 14
core   0: 3 0x80004244 (0x4d39) x26 0x0000000e
core   0: 0x80004246 (0x340762f3) csrrsi  t0, mscratch, 14
core   0: 3 0x80004246 (0x340762f3) x5  0x80000131 c832_mscratch 0x8000013f
core   0: 0x8000424a (0x036c20b3) mulhsu  ra, s8, s6
core   0: 3 0x8000424a (0x036c20b3) x1  0x0000c1c0
core   0: 0x8000424e (0xa69e7013) andi    zero, t3, -1431
core   0: 3 0x8000424e (0xa69e7013)
core   0: 0x80004252 (0x34043573) csrrc   a0, mscratch, s0
core   0: 3 0x80004252 (0x34043573) x10 0x8000013f c832_mscratch 0x0000013f
core   0: 0x80004256 (0x016d5093) srli    ra, s10, 22
core   0: 3 0x80004256 (0x016d5093) x1  0x00000000
core   0: 0x8000425a (0x0000cb19) c.beqz  a4, pc + 22
core   0: 3 0x8000425a (0xcb19)
core   0: 0x80004270 (0x02be2833) mulhsu  a6, t3, a1
core   0: 3 0x80004270 (0x02be2833) x16 0x8cc39999
core   0: 0x80004274 (0x010cde93) srli    t4, s9, 16
core   0: 3 0x80004274 (0x010cde93) x29 0x0000ffff
core   0: 0x80004278 (0x3402ff73) csrrci  t5, mscratch, 5
core   0: 3 0x80004278 (0x3402ff73) x30 0x0000013f c832_mscratch 0x0000013a
core   0: 0x8000427c (0x023c8663) beq     s9, gp, pc + 44
core   0: 3 0x8000427c (0x023c8663)
core   0: 0x80004280 (0x41c8dfb3) sra     t6, a7, t3
core   0: 3 0x80004280 (0x41c8dfb3) x31 0x00000c80
core   0: 0x80004284 (0x340b1d73) csrrw   s10, mscratch, s6
core   0: 3 0x80004284 (0x340b1d73) x26 0x0000013a c832_mscratch 0x7c000000
core   0: 0x80004288 (0x0000717d) c.addi16sp sp, -16
core   0: 3 0x80004288 (0x717d) x2  0x00000121
core   0: 0x8000428a (0x00000001) c.nop
core   0: 3 0x8000428a (0x0001)
core   0: 0x8000428c (0x409d5113) srai    sp, s10, 9
core   0: 3 0x8000428c (0x409d5113) x2  0x00000000
core   0: 0x80004290 (0x4186df33) sra     t5, a3, s8
core   0: 3 0x80004290 (0x4186df33) x30 0x8006c665
core   0: 0x80004294 (0xcbb88793) addi    a5, a7, -837
core   0: 3 0x80004294 (0xcbb88793) x15 0x0000c4bb
core   0: 0x80004298 (0x03b46833) rem     a6, s0, s11
core   0: 3 0x80004298 (0x03b46833) x16 0x80000000
core   0: 0x8000429c (0x0000e3a9) c.bnez  a5, pc + 66
core   0: 3 0x8000429c (0xe3a9)
core   0: 0x800042de (0x0000597d) c.li    s2, -1
core   0: 3 0x800042de (0x597d) x18 0xffffffff
core   0: 0x800042e0 (0xcc9b3f37) lui     t5, 0xcc9b3
core   0: 3 0x800042e0 (0xcc9b3f37) x30 0xcc9b3000
core   0: 0x800042e4 (0x00008f1d) c.sub   a4, a5
core   0: 3 0x800042e4 (0x8f1d) x14 0xffff3b45
core   0: 0x800042e6 (0x00000504) c.addi4spn s1, sp, 640
core   0: 3 0x800042e6 (0x0504) x9  0x00000280
core   0: 0x800042e8 (0x00e4d333) srl     t1, s1, a4
core   0: 3 0x800042e8 (0x00e4d333) x6  0x00000014
core   0: 0x800042ec (0x016fba33) sltu    s4, t6, s6
core   0: 3 0x800042ec (0x016fba33) x20 0x00000001
core   0: 0x800042f0 (0x0000019e) c.slli  gp, 7
core   0: 3 0x800042f0 (0x019e) x3  0x00698f80
core   0: 0x800042f2 (0x03abdb33) divu    s6, s7, s10
core   0: 3 0x800042f2 (0x03abdb33) x22 0x00000000
core   0: 0x800042f6 (0x001545b3) xor     a1, a0, ra
core   0: 3 0x800042f6 (0x001545b3) x11 0x8000013f
core   0: 0x800042fa (0x340061f3) csrrsi  gp, mscratch, 0
core   0: 3 0x800042fa (0x340061f3) x3  0x7c000000
core   0: 0x800042fe (0x0243e163) bltu    t2, tp, pc + 34
core   0: 3 0x800042fe (0x0243e163)
core   0: 0x80004320 (0x05901363) bne     zero, s9, pc + 70
core   0: 3 0x80004320 (0x05901363)
core   0: 0x80004366 (0xee8ca913) slti    s2, s9, -280
core   0: 3 0x80004366 (0xee8ca913) x18 0x00000001
core   0: 0x8000436a (0x03c4c7b3) div     a5, s1, t3
core   0: 3 0x8000436a (0x03c4c7b3) x15 0x00000000
core   0: 0x8000436e (0x01238cb3) add     s9, t2, s2
core   0: 3 0x8000436e (0x01238cb3) x25 0x80004200
core   0: 0x80004372 (0x00008f11) c.sub   a4, a2
core   0: 3 0x80004372 (0x8f11) x14 0x7ffcfe61
core   0: 0x80004374 (0x0000812e) c.mv    sp, a1
core   0: 3 0x80004374 (0x812e) x2  0x8000013f
core   0: 0x80004376 (0x039c3233) mulhu   tp, s8, s9
core   0: 3 0x80004376 (0x039c3233) x4  0x0000c800
core   0: 0x8000437a (0x409cd993) srai    s3, s9, 9
core   0: 3 0x8000437a (0x409cd993) x19 0xffc00021
core   0: 0x8000437e (0x83682b93) slti    s7, a6, -1994
core   0: 3 0x8000437e (0x83682b93) x23 0x00000001
core   0: 0x80004382 (0x000015fd) c.addi  a1, -1
core   0: 3 0x80004382 (0x15fd) x11 0x8000013e
core   0: 0x80004384 (0x00008f41) c.or    a4, s0
core   0: 3 0x80004384 (0x8f41) x14 0xfffcfe61
core   0: 0x80004386 (0x00001cfd) c.addi  s9, -1
core   0: 3 0x80004386 (0x1cfd) x25 0x800041ff
core   0: 0x80004388 (0x0000c785) c.beqz  a5, pc + 40
core   0: 3 0x80004388 (0xc785)
core   0: 0x800043b0 (0x00000001) c.nop
core   0: 3 0x800043b0 (0x0001)
core   0: 0x800043b2 (0x00008329) c.srli  a4, 10
core   0: 3 0x800043b2 (0x8329) x14 0x003fff3f
core   0: 0x800043b4 (0x02e4cab3) div     s5, s1, a4
core   0: 3 0x800043b4 (0x02e4cab3) x21 0x00000000
core   0: 0x800043b8 (0x40cedbb3) sra     s7, t4, a2
core   0: 3 0x800043b8 (0x40cedbb3) x23 0x00000fff
core   0: 0x800043bc (0x00006129) c.addi16sp sp, 192
core   0: 3 0x800043bc (0x6129) x2  0x800001ff
core   0: 0x800043be (0x1b59c093) xori    ra, s3, 437
core   0: 3 0x800043be (0x1b59c093) x1  0xffc00194
core   0: 0x800043c2 (0x000085e6) c.mv    a1, s9
core   0: 3 0x800043c2 (0x85e6) x11 0x800041ff
core   0: 0x800043c4 (0x00bb6f63) bltu    s6, a1, pc + 30
core   0: 3 0x800043c4 (0x00bb6f63)
core   0: 0x800043e2 (0x00008d4d) c.or    a0, a1
core   0: 3 0x800043e2 (0x8d4d) x10 0x800041ff
core   0: 0x800043e4 (0x00008cf5) c.and   s1, a3
core   0: 3 0x800043e4 (0x8cf5) x9  0x00000200
core   0: 0x800043e6 (0x00009a4e) c.add   s4, s3
core   0: 3 0x800043e6 (0x9a4e) x20 0xffc00022
core   0: 0x800043e8 (0x4011ddb3) sra     s11, gp, ra
core   0: 3 0x800043e8 (0x4011ddb3) x27 0x000007c0
core   0: 0x800043ec (0x01271213) slli    tp, a4, 18
core   0: 3 0x800043ec (0x01271213) x4  0xfcfc0000
core   0: 0x800043f0 (0x01fdd313) srli    t1, s11, 31
core   0: 3 0x800043f0 (0x01fdd313) x6  0x00000000
core   0: 0x800043f4 (0x03d447b3) div     a5, s0, t4
core   0: 3 0x800043f4 (0x03d447b3) x15 0xffff8000
core   0: 0x800043f8 (0x00008d55) c.or    a0, a3
core   0: 3 0x800043f8 (0x8d55) x10 0x8006c7ff
core   0: 0x800043fa (0x000088a5) c.andi  s1, 9
core   0: 3 0x800043fa (0x88a5) x9  0x00000000
core   0: 0x800043fc (0x008012b3) sll     t0, zero, s0
core   0: 3 0x800043fc (0x008012b3) x5  0x00000000
core   0: 0x80004400 (0x00008166) c.mv    sp, s9
core   0: 3 0x80004400 (0x8166) x2  0x800041ff
core   0: 0x80004402 (0x00008361) c.srli  a4, 24
core   0: 3 0x80004402 (0x8361) x14 0x00000000
core   0: 0x80004404 (0x02b84933) div     s2, a6, a1
core   0: 3 0x80004404 (0x02b84933) x18 0x00000001
core   0: 0x80004408 (0x00008561) c.srai  a0, 24
core   0: 3 0x80004408 (0x8561) x10 0xffffff80
core   0: 0x8000440a (0x0000c509) c.beqz  a0, pc + 10
core   0: 3 0x8000440a (0xc509)
core   0: 0x8000440c (0x00037c33) and     s8, t1, zero
core   0: 3 0x8000440c (0x00037c33) x24 0x00000000
core   0: 0x80004410 (0x03271eb3) mulh    t4, a4, s2
core   0: 3 0x80004410 (0x03271eb3) x29 0x00000000
core   0: 0x80004414 (0x2faaba13) sltiu   s4, s5, 762
core   0: 3 0x80004414 (0x2faaba13) x20 0x00000001
core   0: 0x80004418 (0x030c4f63) blt     s8, a6, pc + 62
core   0: 3 0x80004418 (0x030c4f63)
core   0: 0x8000441c (0x00008d95) c.sub   a1, a3
core   0: 3 0x8000441c (0x8d95) x11 0xfff97b9a
core   0: 0x8000441e (0x8fb6d6b7) lui     a3, 0x8fb6d
core   0: 3 0x8000441e (0x8fb6d6b7) x13 0x8fb6d000
core   0: 0x80004422 (0x5d986717) auipc   a4, 0x5d986
core   0: 3 0x80004422 (0x5d986717) x14 0xdd98a422
core   0: 0x80004426 (0x0000100f) fence.i
core   0: 3 0x80004426 (0x0000100f)
core   0: 0x8000442a (0x8ef2a093) slti    ra, t0, -1809
core   0: 3 0x8000442a (0x8ef2a093) x1  0x00000000
core   0: 0x8000442e (0x0116a833) slt     a6, a3, a7
core   0: 3 0x8000442e (0x0116a833) x16 0x00000001
core   0: 0x80004432 (0x0119acb3) slt     s9, s3, a7
core   0: 3 0x80004432 (0x0119acb3) x25 0x00000001
core   0: 0x80004436 (0xb7383697) auipc   a3, 0xb7383
core   0: 3 0x80004436 (0xb7383697) x13 0x37387436
core   0: 0x8000443a (0x00000001) c.nop
core   0: 3 0x8000443a (0x0001)
core   0: 0x8000443c (0x022bbb33) mulhu   s6, s7, sp
core   0: 3 0x8000443c (0x022bbb33) x22 0x000007ff
core   0: 0x80004440 (0x00008db9) c.xor   a1, a4
core   0: 3 0x80004440 (0x8db9) x11 0x2261dfb8
core   0: 0x80004442 (0x0140b5b3) sltu    a1, ra, s4
core   0: 3 0x80004442 (0x0140b5b3) x11 0x00000001
core   0: 0x80004446 (0x00008eed) c.and   a3, a1
core   0: 3 0x80004446 (0x8eed) x13 0x00000000
core   0: 0x80004448 (0x014a4963) blt     s4, s4, pc + 18
core   0: 3 0x80004448 (0x014a4963)
core   0: 0x8000444c (0x0000717d) c.addi16sp sp, -16
core   0: 3 0x8000444c (0x717d) x2  0x800041ef
core   0: 0x8000444e (0x6903bb13) sltiu   s6, t2, 1680
core   0: 3 0x8000444e (0x6903bb13) x22 0x00000000
core   0: 0x80004452 (0x0000100f) fence.i
core   0: 3 0x80004452 (0x0000100f)
core   0: 0x80004456 (0x026e83b3) mul     t2, t4, t1
core   0: 3 0x80004456 (0x026e83b3) x7  0x00000000
core   0: 0x8000445a (0x00008d79) c.and   a0, a4
core   0: 3 0x8000445a (0x8d79) x10 0xdd98a400
core   0: 0x8000445c (0x00008f91) c.sub   a5, a2
core   0: 3 0x8000445c (0x8f91) x15 0x7ffd431c
core   0: 0x8000445e (0x02438d33) mul     s10, t2, tp
core   0: 3 0x8000445e (0x02438d33) x26 0x00000000
core   0: 0x80004462 (0xad4c6713) ori     a4, s8, -1324
core   0: 3 0x80004462 (0xad4c6713) x14 0xfffffad4
core   0: 0x80004466 (0x025f1663) bne     t5, t0, pc + 44
core   0: 3 0x80004466 (0x025f1663)
core   0: 0x80004492 (0x032c7163) bgeu    s8, s2, pc + 34
core   0: 3 0x80004492 (0x032c7163)
core   0: 0x80004496 (0x340794f3) csrrw   s1, mscratch, a5
core   0: 3 0x80004496 (0x340794f3) x9  0x7c000000 c832_mscratch 0x7ffd431c
core   0: 0x8000449a (0x014657b3) srl     a5, a2, s4
core   0: 3 0x8000449a (0x014657b3) x15 0x40011e72
core   0: 0x8000449e (0x34031df3) csrrw   s11, mscratch, t1
core   0: 3 0x8000449e (0x34031df3) x27 0x7ffd431c c832_mscratch 0x00000000
core   0: 0x800044a2 (0x0ff0000f) fence   iorw,iorw
core   0: 3 0x800044a2 (0x0ff0000f)
core   0: 0x800044a6 (0x01a41e63) bne     s0, s10, pc + 28
core   0: 3 0x800044a6 (0x01a41e63)
core   0: 0x800044c2 (0x02e06163) bltu    zero, a4, pc + 34
core   0: 3 0x800044c2 (0x02e06163)
core   0: 0x800044e4 (0x000043fd) c.li    t2, 31
core   0: 3 0x800044e4 (0x43fd) x7  0x0000001f
core   0: 0x800044e6 (0x01fdeb33) or      s6, s11, t6
core   0: 3 0x800044e6 (0x01fdeb33) x22 0x7ffd4f9c
core   0: 0x800044ea (0x03ef8833) mul     a6, t6, t5
core   0: 3 0x800044ea (0x03ef8833) x16 0x93d80000
core   0: 0x800044ee (0x015f5bb3) srl     s7, t5, s5
core   0: 3 0x800044ee (0x015f5bb3) x23 0xcc9b3000
core   0: 0x800044f2 (0x0000189c) c.addi4spn a5, sp, 112
core   0: 3 0x800044f2 (0x189c) x15 0x8000425f
core   0: 0x800044f4 (0x02a0dd33) divu    s10, ra, a0
core   0: 3 0x800044f4 (0x02a0dd33) x26 0x00000000
core   0: 0x800044f8 (0x00008efd) c.and   a3, a5
core   0: 3 0x800044f8 (0x8efd) x13 0x00000000
core   0: 0x800044fa (0x3400d773) csrrwi  a4, mscratch, 1
core   0: 3 0x800044fa (0x3400d773) x14 0x00000000 c832_mscratch 0x00000001
core   0: 0x800044fe (0x031db0b3) mulhu   ra, s11, a7
core   0: 3 0x800044fe (0x031db0b3) x1  0x000063fd
core   0: 0x80004502 (0x6a862537) lui     a0, 0x6a862
core   0: 3 0x80004502 (0x6a862537) x10 0x6a862000
core   0: 0x80004506 (0x0045e8b3) or      a7, a1, tp
core   0: 3 0x80004506 (0x0045e8b3) x17 0xfcfc0001
core   0: 0x8000450a (0x00008785) c.srai  a5, 1
core   0: 3 0x8000450a (0x8785) x15 0xc000212f
core   0: 0x8000450c (0x62353a97) auipc   s5, 0x62353
core   0: 3 0x8000450c (0x62353a97) x21 0xe235750c
core   0: 0x80004510 (0x01728263) beq     t0, s7, pc + 4
core   0: 3 0x80004510 (0x01728263)
core   0: 0x80004514 (0x03d87233) remu    tp, a6, t4
core   0: 3 0x80004514 (0x03d87233) x4  0x93d80000
core   0: 0x80004518 (0x3403ba73) csrrc   s4, mscratch, t2
core   0: 3 0x80004518 (0x3403ba73) x20 0x00000001 c832_mscratch 0x00000000
core   0: 0x8000451c (0x04a11263) bne     sp, a0, pc + 68
core   0: 3 0x8000451c (0x04a11263)
core   0: 0x80004560 (0xf4936b13) ori     s6, t1, -183
core   0: 3 0x80004560 (0xf4936b13) x22 0xffffff49
core   0: 0x80004564 (0x00121493) slli    s1, tp, 1
core   0: 3 0x80004564 (0x00121493) x9  0x27b00000
core   0: 0x80004568 (0xc8db6097) auipc   ra, 0xc8db6
core   0: 3 0x80004568 (0xc8db6097) x1  0x48dba568
core   0: 0x8000456c (0x01bed833) srl     a6, t4, s11
core   0: 3 0x8000456c (0x01bed833) x16 0x00000000
core   0: 0x80004570 (0x002cd733) srl     a4, s9, sp
core   0: 3 0x80004570 (0x002cd733) x14 0x00000000
core   0: 0x80004574 (0x00004abd) c.li    s5, 15
core   0: 3 0x80004574 (0x4abd) x21 0x0000000f
core   0: 0x80004576 (0x011e6963) bltu    t3, a7, pc + 18
core   0: 3 0x80004576 (0x011e6963)
core   0: 0x80004588 (0x00008fb1) c.xor   a5, a2
core   0: 3 0x80004588 (0x8fb1) x15 0x40021dcb
core   0: 0x8000458a (0x00ad9a33) sll     s4, s11, a0
core   0: 3 0x8000458a (0x00ad9a33) x20 0x7ffd431c
core   0: 0x8000458e (0x0000717d) c.addi16sp sp, -16
core   0: 3 0x8000458e (0x717d) x2  0x800041df
core   0: 0x80004590 (0x0000c385) c.beqz  a5, pc + 32
core   0: 3 0x80004590 (0xc385)
core   0: 0x80004592 (0x0374e6b3) rem     a3, s1, s7
core   0: 3 0x80004592 (0x0374e6b3) x13 0x27b00000
core   0: 0x80004596 (0x0000e131) c.bnez  a0, pc + 68
core   0: 3 0x80004596 (0xe131)
core   0: 0x800045da (0x41068cb3) sub     s9, a3, a6
core   0: 3 0x800045da (0x41068cb3) x25 0x27b00000
core   0: 0x800045de (0x00222d33) slt     s10, tp, sp
core   0: 3 0x800045de (0x00222d33) x26 0x00000000
core   0: 0x800045e2 (0x34003f73) csrrc   t5, mscratch, zero
core   0: 3 0x800045e2 (0x34003f73) x30 0x00000000
core   0: 0x800045e6 (0x03b4c733) div     a4, s1, s11
core   0: 3 0x800045e6 (0x03b4c733) x14 0x00000000
core   0: 0x800045ea (0x022001ef) jal     gp, pc + 0x22
core   0: 3 0x800045ea (0x022001ef) x3  0x800045ee
core   0: 0x8000460c (0x00003fd5) c.jal   pc - 12
core   0: 3 0x8000460c (0x3fd5) x1  0x8000460e
core   0: 0x80004600 (0x0000bfe5) c.j     pc - 8
core   0: 3 0x80004600 (0xbfe5)
core   0: 0x800045f8 (0x00003ff5) c.jal   pc - 4
core   0: 3 0x800045f8 (0x3ff5) x1  0x800045fa
core   0: 0x800045f4 (0x01e008ef) jal     a7, pc + 0x1e
core   0: 3 0x800045f4 (0x01e008ef) x17 0x800045f8
core   0: 0x80004612 (0xfe9ff0ef) jal     pc - 0x18
core   0: 3 0x80004612 (0xfe9ff0ef) x1  0x80004616
core   0: 0x800045fa (0x01000eef) jal     t4, pc + 0x10
core   0: 3 0x800045fa (0x01000eef) x29 0x800045fe
core   0: 0x8000460a (0x0000a019) c.j     pc + 6
core   0: 3 0x8000460a (0xa019)
core   0: 0x80004610 (0x0000bffd) c.j     pc - 2
core   0: 3 0x80004610 (0xbffd)
core   0: 0x8000460e (0x000037c5) c.jal   pc - 32
core   0: 3 0x8000460e (0x37c5) x1  0x80004610
core   0: 0x800045ee (0x028000ef) jal     pc + 0x28
core   0: 3 0x800045ee (0x028000ef) x1  0x800045f2
core   0: 0x80004616 (0x0000b7f5) c.j     pc - 20
core   0: 3 0x80004616 (0xb7f5)
core   0: 0x80004602 (0x00003fc5) c.jal   pc - 16
core   0: 3 0x80004602 (0x3fc5) x1  0x80004604
core   0: 0x800045f2 (0x0000a819) c.j     pc + 22
core   0: 3 0x800045f2 (0xa819)
core   0: 0x80004608 (0x00003fdd) c.jal   pc - 10
core   0: 3 0x80004608 (0x3fdd) x1  0x8000460a
core   0: 0x800045fe (0x00002019) c.jal   pc + 6
core   0: 3 0x800045fe (0x2019) x1  0x80004600
core   0: 0x80004604 (0x0000a009) c.j     pc + 2
core   0: 3 0x80004604 (0xa009)
core   0: 0x80004606 (0x0000a809) c.j     pc + 18
core   0: 3 0x80004606 (0xa809)
core   0: 0x80004618 (0x3d190f13) addi    t5, s2, 977
core   0: 3 0x80004618 (0x3d190f13) x30 0x000003d2
core   0: 0x8000461c (0xc41fc693) xori    a3, t6, -959
core   0: 3 0x8000461c (0xc41fc693) x13 0xfffff0c1
core   0: 0x80004620 (0x03e84563) blt     a6, t5, pc + 42
core   0: 3 0x80004620 (0x03e84563)
core   0: 0x8000464a (0x00008f3d) c.xor   a4, a5
core   0: 3 0x8000464a (0x8f3d) x14 0x40021dcb
core   0: 0x8000464c (0x0345da33) divu    s4, a1, s4
core   0: 3 0x8000464c (0x0345da33) x20 0x00000000
core   0: 0x80004650 (0x00009bf6) c.add   s7, t4
core   0: 3 0x80004650 (0x9bf6) x23 0x4c9b75fe
core   0: 0x80004652 (0x020b34b3) mulhu   s1, s6, zero
core   0: 3 0x80004652 (0x020b34b3) x9  0x00000000
core   0: 0x80004656 (0x009eee63) bltu    t4, s1, pc + 28
core   0: 3 0x80004656 (0x009eee63)
core   0: 0x8000465a (0x012e1833) sll     a6, t3, s2
core   0: 3 0x8000465a (0x012e1833) x16 0x0003fcc8
core   0: 0x8000465e (0x417e5813) srai    a6, t3, 23
core   0: 3 0x8000465e (0x417e5813) x16 0xffffff00
core   0: 0x80004662 (0x0000c315) c.beqz  a4, pc + 36
core   0: 3 0x80004662 (0xc315)
core   0: 0x80004664 (0xd23df913) andi    s2, s11, -733
core   0: 3 0x80004664 (0xd23df913) x18 0x7ffd4100
core   0: 0x80004668 (0x01cef833) and     a6, t4, t3
core   0: 3 0x80004668 (0x01cef833) x16 0x80004464
core   0: 0x8000466c (0xefcfe793) ori     a5, t6, -260
core   0: 3 0x8000466c (0xefcfe793) x15 0xfffffefc
core   0: 0x80004670 (0x0000188c) c.addi4spn a1, sp, 112
core   0: 3 0x80004670 (0x188c) x11 0x8000424f
core   0: 0x80004672 (0x46b7ba97) auipc   s5, 0x46b7b
core   0: 3 0x80004672 (0x46b7ba97) x21 0xc6b7f672
core   0: 0x80004676 (0x000084dd) c.srai  s1, 23
core   0: 3 0x80004676 (0x84dd) x9  0x00000000
core   0: 0x80004678 (0x000099fd) c.andi  a1, -1
core   0: 3 0x80004678 (0x99fd) x11 0x8000424f
core   0: 0x8000467a (0x3404a4f3) csrrs   s1, mscratch, s1
core   0: 3 0x8000467a (0x3404a4f3) x9  0x00000000 c832_mscratch 0x00000000
core   0: 0x8000467e (0x41008cb3) sub     s9, ra, a6
core   0: 3 0x8000467e (0x41008cb3) x25 0x0000019c
core   0: 0x80004682 (0x017a2ab3) slt     s5, s4, s7
core   0: 3 0x80004682 (0x017a2ab3) x21 0x00000001
core   0: 0x80004686 (0x000082f1) c.srli  a3, 28
core   0: 3 0x80004686 (0x82f1) x13 0x0000000f
core   0: 0x80004688 (0x0000717d) c.addi16sp sp, -16
core   0: 3 0x80004688 (0x717d) x2  0x800041cf
core   0: 0x8000468a (0x340a5ef3) csrrwi  t4, mscratch, 20
core   0: 3 0x8000468a (0x340a5ef3) x29 0x00000000 c832_mscratch 0x00000014
core   0: 0x8000468e (0x02d94163) blt     s2, a3, pc + 34
core   0: 3 0x8000468e (0x02d94163)
core   0: 0x80004692 (0x0000671d) c.lui   a4, 0x7
core   0: 3 0x80004692 (0x671d) x14 0x00007000
core   0: 0x80004694 (0x02049033) mulh    zero, s1, zero
core   0: 3 0x80004694 (0x02049033)
core   0: 0x80004698 (0x41265993) srai    s3, a2, 18
core   0: 3 0x80004698 (0x41265993) x19 0xffffe000
core   0: 0x8000469c (0x0020bdb3) sltu    s11, ra, sp
core   0: 3 0x8000469c (0x0020bdb3) x27 0x00000000
core   0: 0x800046a0 (0x00008cb9) c.xor   s1, a4
core   0: 3 0x800046a0 (0x8cb9) x9  0x00007000
core   0: 0x800046a2 (0x0000717d) c.addi16sp sp, -16
core   0: 3 0x800046a2 (0x717d) x2  0x800041bf
core   0: 0x800046a4 (0x3f206a13) ori     s4, zero, 1010
core   0: 3 0x800046a4 (0x3f206a13) x20 0x000003f2
core   0: 0x800046a8 (0x413d5093) srai    ra, s10, 19
core   0: 3 0x800046a8 (0x413d5093) x1  0x00000000
core   0: 0x800046ac (0x0000100f) fence.i
core   0: 3 0x800046ac (0x0000100f)
core   0: 0x800046b0 (0xe992a313) slti    t1, t0, -359
core   0: 3 0x800046b0 (0xe992a313) x6  0x00000000
core   0: 0x800046b4 (0x00000742) c.slli  a4, 16
core   0: 3 0x800046b4 (0x0742) x14 0x70000000
core   0: 0x800046b6 (0x01a06c63) bltu    zero, s10, pc + 24
core   0: 3 0x800046b6 (0x01a06c63)
core   0: 0x800046ba (0x0118ddb3) srl     s11, a7, a7
core   0: 3 0x800046ba (0x0118ddb3) x27 0x00000080
core   0: 0x800046be (0x0000100f) fence.i
core   0: 3 0x800046be (0x0000100f)
core   0: 0x800046c2 (0x5409a593) slti    a1, s3, 1344
core   0: 3 0x800046c2 (0x5409a593) x11 0x00000001
core   0: 0x800046c6 (0x41625313) srai    t1, tp, 22
core   0: 3 0x800046c6 (0x41625313) x6  0xfffffe4f
core   0: 0x800046ca (0x0189fd33) and     s10, s3, s8
core   0: 3 0x800046ca (0x0189fd33) x26 0x00000000
core   0: 0x800046ce (0x00009b4e) c.add   s6, s3
core   0: 3 0x800046ce (0x9b4e) x22 0xffffdf49
core   0: 0x800046d0 (0x00000001) c.nop
core   0: 3 0x800046d0 (0x0001)
core   0: 0x800046d2 (0x678c6193) ori     gp, s8, 1656
core   0: 3 0x800046d2 (0x678c6193) x3  0x00000678
core   0: 0x800046d6 (0x00004841) c.li    a6, 16
core   0: 3 0x800046d6 (0x4841) x16 0x00000010
core   0: 0x800046d8 (0x01535e93) srli    t4, t1, 21
core   0: 3 0x800046d8 (0x01535e93) x29 0x000007ff
core   0: 0x800046dc (0x00151093) slli    ra, a0, 1
core   0: 3 0x800046dc (0x00151093) x1  0xd50c4000
core   0: 0x800046e0 (0x415c8733) sub     a4, s9, s5
core   0: 3 0x800046e0 (0x415c8733) x14 0x0000019b
core   0: 0x800046e4 (0x02f94db3) div     s11, s2, a5
core   0: 3 0x800046e4 (0x02f94db3) x27 0xff81fad4
core   0: 0x800046e8 (0x4157d8b3) sra     a7, a5, s5
core   0: 3 0x800046e8 (0x4157d8b3) x17 0xffffff7e
core   0: 0x800046ec (0x001d5513) srli    a0, s10, 1
core   0: 3 0x800046ec (0x001d5513) x10 0x00000000
core   0: 0x800046f0 (0x000096ca) c.add   a3, s2
core   0: 3 0x800046f0 (0x96ca) x13 0x7ffd410f
core   0: 0x800046f2 (0x000007d5) c.addi  a5, 21
core   0: 3 0x800046f2 (0x07d5) x15 0xffffff11
core   0: 0x800046f4 (0x34007c73) csrrci  s8, mscratch, 0
core   0: 3 0x800046f4 (0x34007c73) x24 0x00000014
core   0: 0x800046f8 (0x00950733) add     a4, a0, s1
core   0: 3 0x800046f8 (0x00950733) x14 0x00007000
core   0: 0x800046fc (0x008d93b3) sll     t2, s11, s0
core   0: 3 0x800046fc (0x008d93b3) x7  0xff81fad4
core   0: 0x80004700 (0x000003c5) c.addi  t2, 17
core   0: 3 0x80004700 (0x03c5) x7  0xff81fae5
core   0: 0x80004702 (0x04329463) bne     t0, gp, pc + 72
core   0: 3 0x80004702 (0x04329463)
core   0: 0x8000474a (0x03b72833) mulhsu  a6, a4, s11
core   0: 3 0x8000474a (0x03b72833) x16 0x00006fc8
core   0: 0x8000474e (0x0030e133) or      sp, ra, gp
core   0: 3 0x8000474e (0x0030e133) x2  0xd50c4678
core   0: 0x80004752 (0x2b169017) auipc   zero, 0x2b169
core   0: 3 0x80004752 (0x2b169017)
core   0: 0x80004756 (0x0117ab33) slt     s6, a5, a7
core   0: 3 0x80004756 (0x0117ab33) x22 0x00000001
core   0: 0x8000475a (0x00008ebd) c.xor   a3, a5
core   0: 3 0x8000475a (0x8ebd) x13 0x8002be1e
core   0: 0x8000475c (0x01d9d133) srl     sp, s3, t4
core   0: 3 0x8000475c (0x01d9d133) x2  0x00000001
core   0: 0x80004760 (0x00fddd13) srli    s10, s11, 15
core   0: 3 0x80004760 (0x00fddd13) x26 0x0001ff03
core   0: 0x80004764 (0x02f66233) rem     tp, a2, a5
core   0: 3 0x80004764 (0x02f66233) x4  0xffffff73
core   0: 0x80004768 (0x029577b3) remu    a5, a0, s1
core   0: 3 0x80004768 (0x029577b3) x15 0x00000000
core   0: 0x8000476c (0x01ef9a33) sll     s4, t6, t5
core   0: 3 0x8000476c (0x01ef9a33) x20 0x32000000
core   0: 0x80004770 (0x08dcec13) ori     s8, s9, 141
core   0: 3 0x80004770 (0x08dcec13) x24 0x0000019d
core   0: 0x80004774 (0x0395e963) bltu    a1, s9, pc + 50
core   0: 3 0x80004774 (0x0395e963)
core   0: 0x800047a6 (0x033cdd33) divu    s10, s9, s3
core   0: 3 0x800047a6 (0x033cdd33) x26 0x00000000
core   0: 0x800047aa (0xf1693113) sltiu   sp, s2, -234
core   0: 3 0x800047aa (0xf1693113) x2  0x00000001
core   0: 0x800047ae (0x000052fd) c.li    t0, -1
core   0: 3 0x800047ae (0x52fd) x5  0xffffffff
core   0: 0x800047b0 (0x000087ed) c.srai  a5, 27
core   0: 3 0x800047b0 (0x87ed) x15 0x00000000
core   0: 0x800047b2 (0x00008d1d) c.sub   a0, a5
core   0: 3 0x800047b2 (0x8d1d) x10 0x00000000
core   0: 0x800047b4 (0x00001284) c.addi4spn s1, sp, 352
core   0: 3 0x800047b4 (0x1284) x9  0x00000161
core   0: 0x800047b6 (0x00008d9d) c.sub   a1, a5
core   0: 3 0x800047b6 (0x8d9d) x11 0x00000001
core   0: 0x800047b8 (0x00000001) c.nop
core   0: 3 0x800047b8 (0x0001)
core   0: 0x800047ba (0x61230a93) addi    s5, t1, 1554
core   0: 3 0x800047ba (0x61230a93) x21 0x00000461
core   0: 0x800047be (0x408c5313) srai    t1, s8, 8
core   0: 3 0x800047be (0x408c5313) x6  0x00000001
core   0: 0x800047c2 (0x66c21517) auipc   a0, 0x66c21
core   0: 3 0x800047c2 (0x66c21517) x10 0xe6c257c2
core   0: 0x800047c6 (0x01f48bb3) add     s7, s1, t6
core   0: 3 0x800047c6 (0x01f48bb3) x23 0x00000de1
core   0: 0x800047ca (0x02497fb3) remu    t6, s2, tp
core   0: 3 0x800047ca (0x02497fb3) x31 0x7ffd4100
core   0: 0x800047ce (0x005ba133) slt     sp, s7, t0
core   0: 3 0x800047ce (0x005ba133) x2  0x00000000
core   0: 0x800047d2 (0x00215e63) bge     sp, sp, pc + 28
core   0: 3 0x800047d2 (0x00215e63)
core   0: 0x800047ee (0x0143e1b3) or      gp, t2, s4
core   0: 3 0x800047ee (0x0143e1b3) x3  0xff81fae5
core   0: 0x800047f2 (0x0000ec85) c.bnez  s1, pc + 56
core   0: 3 0x800047f2 (0xec85)
core   0: 0x8000482a (0x02f73f33) mulhu   t5, a4, a5
core   0: 3 0x8000482a (0x02f73f33) x30 0x00000000
core   0: 0x8000482e (0x00fb81b3) add     gp, s7, a5
core   0: 3 0x8000482e (0x00fb81b3) x3  0x00000de1
core   0: 0x80004832 (0x005b8c93) addi    s9, s7, 5
core   0: 3 0x80004832 (0x005b8c93) x25 0x00000de6
core   0: 0x80004836 (0x019cd133) srl     sp, s9, s9
core   0: 3 0x80004836 (0x019cd133) x2  0x00000037
core   0: 0x8000483a (0x3406dff3) csrrwi  t6, mscratch, 13
core   0: 3 0x8000483a (0x3406dff3) x31 0x00000014 c832_mscratch 0x0000000d
core   0: 0x8000483e (0x269bb293) sltiu   t0, s7, 617
core   0: 3 0x8000483e (0x269bb293) x5  0x00000000
core   0: 0x80004842 (0x40a85a13) srai    s4, a6, 10
core   0: 3 0x80004842 (0x40a85a13) x20 0x0000001b
core   0: 0x80004846 (0x009affb3) and     t6, s5, s1
core   0: 3 0x80004846 (0x009affb3) x31 0x00000061
core   0: 0x8000484a (0x035bdeb3) divu    t4, s7, s5
core   0: 3 0x8000484a (0x035bdeb3) x29 0x00000003
core   0: 0x8000484e (0x00008d3d) c.xor   a0, a5
core   0: 3 0x8000484e (0x8d3d) x10 0xe6c257c2
core   0: 0x80004850 (0x403206b3) sub     a3, tp, gp
core   0: 3 0x80004850 (0x403206b3) x13 0xfffff192
core   0: 0x80004854 (0x017bb133) sltu    sp, s7, s7
core   0: 3 0x80004854 (0x017bb133) x2  0x00000000
core   0: 0x80004858 (0x00001d94) c.addi4spn a3, sp, 752
core   0: 3 0x80004858 (0x1d94) x13 0x000002f0
core   0: 0x8000485a (0x34062073) csrs    mscratch, a2
core   0: 3 0x8000485a (0x34062073) c832_mscratch 0x80023ced
core   0: 0x8000485e (0x00b70f63) beq     a4, a1, pc + 30
core   0: 3 0x8000485e (0x00b70f63)
core   0: 0x80004862 (0x27d3e693) ori     a3, t2, 637
core   0: 3 0x80004862 (0x27d3e693) x13 0xff81fafd
core   0: 0x80004866 (0x01181313) slli    t1, a6, 17
core   0: 3 0x80004866 (0x01181313) x6  0xdf900000
core   0: 0x8000486a (0x01fd47b3) xor     a5, s10, t6
core   0: 3 0x8000486a (0x01fd47b3) x15 0x00000061
core   0: 0x8000486e (0x0ff0000f) fence   iorw,iorw
core   0: 3 0x8000486e (0x0ff0000f)
core   0: 0x80004872 (0x00008db9) c.xor   a1, a4
core   0: 3 0x80004872 (0x8db9) x11 0x00007001
core   0: 0x80004874 (0x0ff0000f) fence   iorw,iorw
core   0: 3 0x80004874 (0x0ff0000f)
core   0: 0x80004878 (0x41b505b3) sub     a1, a0, s11
core   0: 3 0x80004878 (0x41b505b3) x11 0xe7405cee
core   0: 0x8000487c (0x018750b3) srl     ra, a4, s8
core   0: 3 0x8000487c (0x018750b3) x1  0x00000000
core   0: 0x80004880 (0x01d5dd63) bge     a1, t4, pc + 26
core   0: 3 0x80004880 (0x01d5dd63)
core   0: 0x80004884 (0x000093c2) c.add   t2, a6
core   0: 3 0x80004884 (0x93c2) x7  0xff826aad
core   0: 0x80004886 (0x01597363) bgeu    s2, s5, pc + 6
core   0: 3 0x80004886 (0x01597363)
core   0: 0x8000488c (0x00000288) c.addi4spn a0, sp, 320
core   0: 3 0x8000488c (0x0288) x10 0x00000140
core   0: 0x8000488e (0x5f47f893) andi    a7, a5, 1524
core   0: 3 0x8000488e (0x5f47f893) x17 0x00000060
core   0: 0x80004892 (0x021cafb3) mulhsu  t6, s9, ra
core   0: 3 0x80004892 (0x021cafb3) x31 0x00000000
core   0: 0x80004896 (0x0000100f) fence.i
core   0: 3 0x80004896 (0x0000100f)
core   0: 0x8000489a (0x3406faf3) csrrci  s5, mscratch, 13
core   0: 3 0x8000489a (0x3406faf3) x21 0x80023ced c832_mscratch 0x80023ce0
core   0: 0x8000489e (0x00000ec6) c.slli  t4, 17
core   0: 3 0x8000489e (0x0ec6) x29 0x00060000
core   0: 0x800048a0 (0x00000001) c.nop
core   0: 3 0x800048a0 (0x0001)
core   0: 0x800048a2 (0x34085bf3) csrrwi  s7, mscratch, 16
core   0: 3 0x800048a2 (0x34085bf3) x23 0x80023ce0 c832_mscratch 0x00000010
core   0: 0x800048a6 (0x04955263) bge     a0, s1, pc + 68
core   0: 3 0x800048a6 (0x04955263)
core   0: 0x800048aa (0x03a91533) mulh    a0, s2, s10
core   0: 3 0x800048aa (0x03a91533) x10 0x00000000
core   0: 0x800048ae (0x41e3d713) srai    a4, t2, 30
core   0: 3 0x800048ae (0x41e3d713) x14 0xffffffff
core   0: 0x800048b2 (0x01096733) or      a4, s2, a6
core   0: 3 0x800048b2 (0x01096733) x14 0x7ffd6fc8
core   0: 0x800048b6 (0x03321d33) mulh    s10, tp, s3
core   0: 3 0x800048b6 (0x03321d33) x26 0x00000000
core   0: 0x800048ba (0x00008f26) c.mv    t5, s1
core   0: 3 0x800048ba (0x8f26) x30 0x00000161
core   0: 0x800048bc (0x01a029b3) slt     s3, zero, s10
core   0: 3 0x800048bc (0x01a029b3) x19 0x00000000
core   0: 0x800048c0 (0x02268763) beq     a3, sp, pc + 46
core   0: 3 0x800048c0 (0x02268763)
core   0: 0x800048c4 (0x000084e5) c.srai  s1, 25
core   0: 3 0x800048c4 (0x84e5) x9  0x00000000
core   0: 0x800048c6 (0x000085f9) c.srai  a1, 30
core   0: 3 0x800048c6 (0x85f9) x11 0xffffffff
core   0: 0x800048c8 (0x001f1933) sll     s2, t5, ra
core   0: 3 0x800048c8 (0x001f1933) x18 0x00000161
core   0: 0x800048cc (0x02e1e663) bltu    gp, a4, pc + 44
core   0: 3 0x800048cc (0x02e1e663)
core   0: 0x800048f8 (0x0ff0000f) fence   iorw,iorw
core   0: 3 0x800048f8 (0x0ff0000f)
core   0: 0x800048fc (0x00005dfd) c.li    s11, -1
core   0: 3 0x800048fc (0x5dfd) x27 0xffffffff
core   0: 0x800048fe (0x01a62bb3) slt     s7, a2, s10
core   0: 3 0x800048fe (0x01a62bb3) x23 0x00000001
core   0: 0x80004902 (0x34002373) csrr    t1, mscratch
core   0: 3 0x80004902 (0x34002373) x6  0x00000010
core   0: 0x80004906 (0x0ff0000f) fence   iorw,iorw
core   0: 3 0x80004906 (0x0ff0000f)
core   0: 0x8000490a (0x108e7d13) andi    s10, t3, 264
core   0: 3 0x8000490a (0x108e7d13) x26 0x00000000
core   0: 0x8000490e (0x00006169) c.addi16sp sp, 208
core   0: 3 0x8000490e (0x6169) x2  0x000000d0
core   0: 0x80004910 (0x00008d29) c.xor   a0, a0
core   0: 3 0x80004910 (0x8d29) x10 0x00000000
core   0: 0x80004912 (0x01e2f4b3) and     s1, t0, t5
core   0: 3 0x80004912 (0x01e2f4b3) x9  0x00000000
core   0: 0x80004916 (0x03dc5263) bge     s8, t4, pc + 36
core   0: 3 0x80004916 (0x03dc5263)
core   0: 0x8000491a (0x0000e991) c.bnez  a1, pc + 20
core   0: 3 0x8000491a (0xe991)
core   0: 0x8000492e (0x00157b33) and     s6, a0, ra
core   0: 3 0x8000492e (0x00157b33) x22 0x00000000
core   0: 0x80004932 (0x340fe6f3) csrrsi  a3, mscratch, 31
core   0: 3 0x80004932 (0x340fe6f3) x13 0x00000010 c832_mscratch 0x0000001f
core   0: 0x80004936 (0x340811f3) csrrw   gp, mscratch, a6
core   0: 3 0x80004936 (0x340811f3) x3  0x0000001f c832_mscratch 0x00006fc8
core   0: 0x8000493a (0x34012573) csrrs   a0, mscratch, sp
core   0: 3 0x8000493a (0x34012573) x10 0x00006fc8 c832_mscratch 0x00006fd8
core   0: 0x8000493e (0x02db8c63) beq     s7, a3, pc + 56
core   0: 3 0x8000493e (0x02db8c63)
core   0: 0x80004942 (0x000091d2) c.add   gp, s4
core   0: 3 0x80004942 (0x91d2) x3  0x0000003a
core   0: 0x80004944 (0x01235663) bge     t1, s2, pc + 12
core   0: 3 0x80004944 (0x01235663)
core   0: 0x80004948 (0x03998733) mul     a4, s3, s9
core   0: 3 0x80004948 (0x03998733) x14 0x00000000
core   0: 0x8000494c (0x69196a97) auipc   s5, 0x69196
core   0: 3 0x8000494c (0x69196a97) x21 0xe919a94c
core   0: 0x80004950 (0x03395333) divu    t1, s2, s3
core   0: 3 0x80004950 (0x03395333) x6  0xffffffff
core   0: 0x80004954 (0x340860f3) csrrsi  ra, mscratch, 16
core   0: 3 0x80004954 (0x340860f3) x1  0x00006fd8 c832_mscratch 0x00006fd8
core   0: 0x80004958 (0x0000829d) c.srli  a3, 7
core   0: 3 0x80004958 (0x829d) x13 0x00000000
core   0: 0x8000495a (0x01bd9313) slli    t1, s11, 27
core   0: 3 0x8000495a (0x01bd9313) x6  0xf8000000
core   0: 0x8000495e (0x00008176) c.mv    sp, t4
core   0: 3 0x8000495e (0x8176) x2  0x00060000
core   0: 0x80004960 (0xf219b593) sltiu   a1, s3, -223
core   0: 3 0x80004960 (0xf219b593) x11 0x00000001
core   0: 0x80004964 (0x02e76763) bltu    a4, a4, pc + 46
core   0: 3 0x80004964 (0x02e76763)
core   0: 0x80004968 (0x02131a33) mulh    s4, t1, ra
core   0: 3 0x80004968 (0x02131a33) x20 0xfffffc81
core   0: 0x8000496c (0x0000920a) c.add   tp, sp
core   0: 3 0x8000496c (0x920a) x4  0x0005ff73
core   0: 0x8000496e (0x64027393) andi    t2, tp, 1600
core   0: 3 0x8000496e (0x64027393) x7  0x00000640
core   0: 0x80004972 (0xa8573313) sltiu   t1, a4, -1403
core   0: 3 0x80004972 (0xa8573313) x6  0x00000001
core   0: 0x80004976 (0x34061f73) csrrw   t5, mscratch, a2
core   0: 3 0x80004976 (0x34061f73) x30 0x00006fd8 c832_mscratch 0x80023ce4
core   0: 0x8000497a (0x0000473d) c.li    a4, 15
core   0: 3 0x8000497a (0x473d) x14 0x0000000f
core   0: 0x8000497c (0x022f71b3) remu    gp, t5, sp
core   0: 3 0x8000497c (0x022f71b3) x3  0x00006fd8
core   0: 0x80004980 (0x000084ad) c.srai  s1, 11
core   0: 3 0x80004980 (0x84ad) x9  0x00000000
core   0: 0x80004982 (0x0000086e) c.slli  a6, 27
core   0: 3 0x80004982 (0x086e) x16 0x40000000
core   0: 0x80004984 (0x0240bbb3) mulhu   s7, ra, tp
core   0: 3 0x80004984 (0x0240bbb3) x23 0x00000002
core   0: 0x80004988 (0x03fa22b3) mulhsu  t0, s4, t6
core   0: 3 0x80004988 (0x03fa22b3) x5  0x00000000
core   0: 0x8000498c (0x00008ebd) c.xor   a3, a5
core   0: 3 0x8000498c (0x8ebd) x13 0x00000061
core   0: 0x8000498e (0x1b686bb7) lui     s7, 0x1b686
core   0: 3 0x8000498e (0x1b686bb7) x23 0x1b686000
core   0: 0x80004992 (0x025a8333) mul     t1, s5, t0
core   0: 3 0x80004992 (0x025a8333) x6  0x00000000
core   0: 0x80004996 (0x010001ef) jal     gp, pc + 0x10
core   0: 3 0x80004996 (0x010001ef) x3  0x8000499a
core   0: 0x800049a6 (0x0000a831) c.j     pc + 28
core   0: 3 0x800049a6 (0xa831)
core   0: 0x800049c2 (0x0000b7dd) c.j     pc - 26
core   0: 3 0x800049c2 (0xb7dd)
core   0: 0x800049a8 (0x00003fcd) c.jal   pc - 14
core   0: 3 0x800049a8 (0x3fcd) x1  0x800049aa
core   0: 0x8000499a (0x00002801) c.jal   pc + 16
core   0: 3 0x8000499a (0x2801) x1  0x8000499c
core   0: 0x800049aa (0x01c001ef) jal     gp, pc + 0x1c
core   0: 3 0x800049aa (0x01c001ef) x3  0x800049ae
core   0: 0x800049c6 (0xfdbff0ef) jal     pc - 0x26
core   0: 3 0x800049c6 (0xfdbff0ef) x1  0x800049ca
core   0: 0x800049a0 (0x018000ef) jal     pc + 0x18
core   0: 3 0x800049a0 (0x018000ef) x1  0x800049a4
core   0: 0x800049b8 (0x00003fdd) c.jal   pc - 10
core   0: 3 0x800049b8 (0x3fdd) x1  0x800049ba
core   0: 0x800049ae (0x0000bfc5) c.j     pc - 16
core   0: 3 0x800049ae (0xbfc5)
core   0: 0x8000499e (0x0000a809) c.j     pc + 18
core   0: 3 0x8000499e (0xa809)
core   0: 0x800049b0 (0x0000a039) c.j     pc + 14
core   0: 3 0x800049b0 (0xa039)
core   0: 0x800049be (0x00002019) c.jal   pc + 6
core   0: 3 0x800049be (0x2019) x1  0x800049c0
core   0: 0x800049c4 (0x0000a811) c.j     pc + 20
core   0: 3 0x800049c4 (0xa811)
core   0: 0x800049d8 (0xfe9ff0ef) jal     pc - 0x18
core   0: 3 0x800049d8 (0xfe9ff0ef) x1  0x800049dc
core   0: 0x800049c0 (0x0000a029) c.j     pc + 10
core   0: 3 0x800049c0 (0xa029)
core   0: 0x800049ca (0x00002019) c.jal   pc + 6
core   0: 3 0x800049ca (0x2019) x1  0x800049cc
core   0: 0x800049d0 (0xfffff36f) jal     t1, pc - 0x2
core   0: 3 0x800049d0 (0xfffff36f) x6  0x800049d4
core   0: 0x800049ce (0x000037e5) c.jal   pc - 24
core   0: 3 0x800049ce (0x37e5) x1  0x800049d0
core   0: 0x800049b6 (0x0000bffd) c.j     pc - 2
core   0: 3 0x800049b6 (0xbffd)
core   0: 0x800049b4 (0x0000bfc5) c.j     pc - 16
core   0: 3 0x800049b4 (0xbfc5)
core   0: 0x800049a4 (0x0000a80d) c.j     pc + 50
core   0: 3 0x800049a4 (0xa80d)
core   0: 0x800049d6 (0x0000b7d5) c.j     pc - 28
core   0: 3 0x800049d6 (0xb7d5)
core   0: 0x800049ba (0x01a008ef) jal     a7, pc + 0x1a
core   0: 3 0x800049ba (0x01a008ef) x17 0x800049be
core   0: 0x800049d4 (0x00003ff9) c.jal   pc - 34
core   0: 3 0x800049d4 (0x3ff9) x1  0x800049d6
core   0: 0x800049b2 (0x000037ed) c.jal   pc - 22
core   0: 3 0x800049b2 (0x37ed) x1  0x800049b4
core   0: 0x8000499c (0x00002805) c.jal   pc + 48
core   0: 3 0x8000499c (0x2805) x1  0x8000499e
core   0: 0x800049cc (0x0000a801) c.j     pc + 16
core   0: 3 0x800049cc (0xa801)
core   0: 0x800049dc (0x34006573) csrrsi  a0, mscratch, 0
core   0: 3 0x800049dc (0x34006573) x10 0x80023ce4
core   0: 0x800049e0 (0x000046d5) c.li    a3, 21
core   0: 3 0x800049e0 (0x46d5) x13 0x00000015
core   0: 0x800049e2 (0x34007373) csrrci  t1, mscratch, 0
core   0: 3 0x800049e2 (0x34007373) x6  0x80023ce4
core   0: 0x800049e6 (0x0399dcb3) divu    s9, s3, s9
core   0: 3 0x800049e6 (0x0399dcb3) x25 0x00000000
core   0: 0x800049ea (0xcc018b13) addi    s6, gp, -832
core   0: 3 0x800049ea (0xcc018b13) x22 0x8000466e
core   0: 0x800049ee (0x02b90533) mul     a0, s2, a1
core   0: 3 0x800049ee (0x02b90533) x10 0x00000161
core   0: 0x800049f2 (0x01e1a933) slt     s2, gp, t5
core   0: 3 0x800049f2 (0x01e1a933) x18 0x00000001
core   0: 0x800049f6 (0x00a54cb3) xor     s9, a0, a0
core   0: 3 0x800049f6 (0x00a54cb3) x25 0x00000000
core   0: 0x800049fa (0x3403e8f3) csrrsi  a7, mscratch, 7
core   0: 3 0x800049fa (0x3403e8f3) x17 0x80023ce4 c832_mscratch 0x80023ce7
core   0: 0x800049fe (0x403d8cb3) sub     s9, s11, gp
core   0: 3 0x800049fe (0x403d8cb3) x25 0x7fffb651
core   0: 0x80004a02 (0x00008d31) c.xor   a0, a2
core   0: 3 0x80004a02 (0x8d31) x10 0x80023d85
core   0: 0x80004a04 (0xeea28c93) addi    s9, t0, -278
core   0: 3 0x80004a04 (0xeea28c93) x25 0xfffffeea
core   0: 0x80004a08 (0x40ad0f33) sub     t5, s10, a0
core   0: 3 0x80004a08 (0x40ad0f33) x30 0x7ffdc27b
core   0: 0x80004a0c (0x002992b3) sll     t0, s3, sp
core   0: 3 0x80004a0c (0x002992b3) x5  0x00000000
core   0: 0x80004a10 (0x00c40033) add     zero, s0, a2
core   0: 3 0x80004a10 (0x00c40033)
core   0: 0x80004a14 (0x03eaf733) remu    a4, s5, t5
core   0: 3 0x80004a14 (0x03eaf733) x14 0x691be6d1
core   0: 0x80004a18 (0x00000001) c.nop
core   0: 3 0x80004a18 (0x0001)
core   0: 0x80004a1a (0x02a647b3) div     a5, a2, a0
core   0: 3 0x80004a1a (0x02a647b3) x15 0x00000001
core   0: 0x80004a1e (0x00f6e8b3) or      a7, a3, a5
core   0: 3 0x80004a1e (0x00f6e8b3) x17 0x00000015
core   0: 0x80004a22 (0x00008585) c.srai  a1, 1
core   0: 3 0x80004a22 (0x8585) x11 0x00000000
core   0: 0x80004a24 (0x34002573) csrr    a0, mscratch
core   0: 3 0x80004a24 (0x34002573) x10 0x80023ce7
core   0: 0x80004a28 (0x01ac06b3) add     a3, s8, s10
core   0: 3 0x80004a28 (0x01ac06b3) x13 0x0000019d
core   0: 0x80004a2c (0x0000826e) c.mv    tp, s11
core   0: 3 0x80004a2c (0x826e) x4  0xffffffff
core   0: 0x80004a2e (0x031a7d63) bgeu    s4, a7, pc + 58
core   0: 3 0x80004a2e (0x031a7d63)
core   0: 0x80004a68 (0x0000e589) c.bnez  a1, pc + 10
core   0: 3 0x80004a68 (0xe589)
core   0: 0x80004a6a (0x00ae20b3) slt     ra, t3, a0
core   0: 3 0x80004a6a (0x00ae20b3) x1  0x00000001
core   0: 0x80004a6e (0x0342ecb3) rem     s9, t0, s4
core   0: 3 0x80004a6e (0x0342ecb3) x25 0x00000000
core   0: 0x80004a72 (0x40b589b3) sub     s3, a1, a1
core   0: 3 0x80004a72 (0x40b589b3) x19 0x00000000
core   0: 0x80004a76 (0x000062d9) c.lui   t0, 0x16
core   0: 3 0x80004a76 (0x62d9) x5  0x00016000
core   0: 0x80004a78 (0x000c6eb3) or      t4, s8, zero
core   0: 3 0x80004a78 (0x000c6eb3) x29 0x0000019d
core   0: 0x80004a7c (0x0000e139) c.bnez  a0, pc + 70
core   0: 3 0x80004a7c (0xe139)
core   0: 0x80004ac2 (0x00000e94) c.addi4spn a3, sp, 848
core   0: 3 0x80004ac2 (0x0e94) x13 0x00060350
core   0: 0x80004ac4 (0x4c600237) lui     tp, 0x4c600
core   0: 3 0x80004ac4 (0x4c600237) x4  0x4c600000
core   0: 0x80004ac8 (0x01ed1193) slli    gp, s10, 30
core   0: 3 0x80004ac8 (0x01ed1193) x3  0x00000000
core   0: 0x80004acc (0x00001c18) c.addi4spn a4, sp, 560
core   0: 3 0x80004acc (0x1c18) x14 0x00060230
core   0: 0x80004ace (0xbd520c93) addi    s9, tp, -1067
core   0: 3 0x80004ace (0xbd520c93) x25 0x4c5ffbd5
core   0: 0x80004ad2 (0x02d97eb3) remu    t4, s2, a3
core   0: 3 0x80004ad2 (0x02d97eb3) x29 0x00000001
core   0: 0x80004ad6 (0x026001ef) jal     gp, pc + 0x26
core   0: 3 0x80004ad6 (0x026001ef) x3  0x80004ada
core   0: 0x80004afc (0x0000a02d) c.j     pc + 42
core   0: 3 0x80004afc (0xa02d)
core   0: 0x80004b26 (0x0000b7c9) c.j     pc - 62
core   0: 3 0x80004b26 (0xb7c9)
core   0: 0x80004ae8 (0x0000a015) c.j     pc + 36
core   0: 3 0x80004ae8 (0xa015)
core   0: 0x80004b0c (0xfe3ff2ef) jal     t0, pc - 0x1e
core   0: 3 0x80004b0c (0xfe3ff2ef) x5  0x80004b10
core   0: 0x80004aee (0x03200fef) jal     t6, pc + 0x32
core   0: 3 0x80004aee (0x03200fef) x31 0x80004af2
core   0: 0x80004b20 (0x0000bfcd) c.j     pc - 14
core   0: 3 0x80004b20 (0xbfcd)
core   0: 0x80004b12 (0x00002809) c.jal   pc + 18
core   0: 3 0x80004b12 (0x2809) x1  0x80004b14
core   0: 0x80004b24 (0x00003fd5) c.jal   pc - 12
core   0: 3 0x80004b24 (0x3fd5) x1  0x80004b26
core   0: 0x80004b18 (0x0000b7fd) c.j     pc - 18
core   0: 3 0x80004b18 (0xb7fd)
core   0: 0x80004b06 (0x0000bfc5) c.j     pc - 16
core   0: 3 0x80004b06 (0xbfc5)
core   0: 0x80004af6 (0x00e000ef) jal     pc + 0xe
core   0: 3 0x80004af6 (0x00e000ef) x1  0x80004afa
core   0: 0x80004b04 (0x0000bfdd) c.j     pc - 10
core   0: 3 0x80004b04 (0xbfdd)
core   0: 0x80004afa (0x0000b7d5) c.j     pc - 28
core   0: 3 0x80004afa (0xb7d5)
core   0: 0x80004ade (0x04a0036f) jal     t1, pc + 0x4a
core   0: 3 0x80004ade (0x04a0036f) x6  0x80004ae2
core   0: 0x80004b28 (0x0000bfed) c.j     pc - 6
core   0: 3 0x80004b28 (0xbfed)
core   0: 0x80004b22 (0x0000bff1) c.j     pc - 36
core   0: 3 0x80004b22 (0xbff1)
core   0: 0x80004afe (0x004000ef) jal     pc + 0x4
core   0: 3 0x80004afe (0x004000ef) x1  0x80004b02
core   0: 0x80004b02 (0x0000a809) c.j     pc + 18
core   0: 3 0x80004b02 (0xa809)
core   0: 0x80004b14 (0xfc7ff1ef) jal     gp, pc - 0x3a
core   0: 3 0x80004b14 (0xfc7ff1ef) x3  0x80004b18
core   0: 0x80004ada (0x02e0016f) jal     sp, pc + 0x2e
core   0: 3 0x80004ada (0x02e0016f) x2  0x80004ade
core   0: 0x80004b08 (0x014000ef) jal     pc + 0x14
core   0: 3 0x80004b08 (0x014000ef) x1  0x80004b0c
core   0: 0x80004b1c (0x00002009) c.jal   pc + 2
core   0: 3 0x80004b1c (0x2009) x1  0x80004b1e
core   0: 0x80004b1e (0x000037f1) c.jal   pc - 52
core   0: 3 0x80004b1e (0x37f1) x1  0x80004b20
core   0: 0x80004aea (0x0000bff5) c.j     pc - 4
core   0: 3 0x80004aea (0xbff5)
core   0: 0x80004ae6 (0x00002019) c.jal   pc + 6
core   0: 3 0x80004ae6 (0x2019) x1  0x80004ae8
core   0: 0x80004aec (0x00002015) c.jal   pc + 36
core   0: 3 0x80004aec (0x2015) x1  0x80004aee
core   0: 0x80004b10 (0x0000a029) c.j     pc + 10
core   0: 3 0x80004b10 (0xa029)
core   0: 0x80004b1a (0x0000b7e1) c.j     pc - 56
core   0: 3 0x80004b1a (0xb7e1)
core   0: 0x80004ae2 (0x010000ef) jal     pc + 0x10
core   0: 3 0x80004ae2 (0x010000ef) x1  0x80004ae6
core   0: 0x80004af2 (0x0380036f) jal     t1, pc + 0x38
core   0: 3 0x80004af2 (0x0380036f) x6  0x80004af6
core   0: 0x80004b2a (0xf21dfa93) andi    s5, s11, -223
core   0: 3 0x80004b2a (0xf21dfa93) x21 0xffffff21
core   0: 0x80004b2e (0x03ee2b33) mulhsu  s6, t3, t5
core   0: 3 0x80004b2e (0x03ee2b33) x22 0xc0021df0
core   0: 0x80004b32 (0x6eefca37) lui     s4, 0x6eefc
core   0: 3 0x80004b32 (0x6eefca37) x20 0x6eefc000
core   0: 0x80004b36 (0x018f1f63) bne     t5, s8, pc + 30
core   0: 3 0x80004b36 (0x018f1f63)
core   0: 0x80004b54 (0x00009752) c.add   a4, s4
core   0: 3 0x80004b54 (0x9752) x14 0x6ef5c230
core   0: 0x80004b56 (0x0000cb89) c.beqz  a5, pc + 18
core   0: 3 0x80004b56 (0xcb89)
core   0: 0x80004b58 (0x019a7833) and     a6, s4, s9
core   0: 3 0x80004b58 (0x019a7833) x16 0x4c4fc000
core   0: 0x80004b5c (0x00009d7e) c.add   s10, t6
core   0: 3 0x80004b5c (0x9d7e) x26 0x80004af2
core   0: 0x80004b5e (0x618c51b7) lui     gp, 0x618c5
core   0: 3 0x80004b5e (0x618c51b7) x3  0x618c5000
core   0: 0x80004b62 (0x00008fc9) c.or    a5, a0
core   0: 3 0x80004b62 (0x8fc9) x15 0x80023ce7
core   0: 0x80004b64 (0x039833b3) mulhu   t2, a6, s9
core   0: 3 0x80004b64 (0x039833b3) x7  0x16c449a9
core   0: 0x80004b68 (0x00000001) c.nop
core   0: 3 0x80004b68 (0x0001)
core   0: 0x80004b6a (0x016cfbb3) and     s7, s9, s6
core   0: 3 0x80004b6a (0x016cfbb3) x23 0x400219d0
core   0: 0x80004b6e (0x34006873) csrrsi  a6, mscratch, 0
core   0: 3 0x80004b6e (0x34006873) x16 0x80023ce7
core   0: 0x80004b72 (0x022aa3b3) mulhsu  t2, s5, sp
core   0: 3 0x80004b72 (0x022aa3b3) x7  0xffffff90
core   0: 0x80004b76 (0xac39e113) ori     sp, s3, -1341
core   0: 3 0x80004b76 (0xac39e113) x2  0xfffffac3
core   0: 0x80004b7a (0xba770713) addi    a4, a4, -1113
core   0: 3 0x80004b7a (0xba770713) x14 0x6ef5bdd7
core   0: 0x80004b7e (0x00006c31) c.lui   s8, 0xc
core   0: 3 0x80004b7e (0x6c31) x24 0x0000c000
core   0: 0x80004b80 (0x01f112b3) sll     t0, sp, t6
core   0: 3 0x80004b80 (0x01f112b3) x5  0xeb0c0000
core   0: 0x80004b84 (0x05efc863) blt     t6, t5, pc + 80
core   0: 3 0x80004b84 (0x05efc863)
core   0: 0x80004bd4 (0x035b2033) mulhsu  zero, s6, s5
core   0: 3 0x80004bd4 (0x035b2033)
core   0: 0x80004bd8 (0x0352ef33) rem     t5, t0, s5
core   0: 3 0x80004bd8 (0x0352ef33) x30 0xffffff7a
core   0: 0x80004bdc (0x00009bfd) c.andi  a5, -1
core   0: 3 0x80004bdc (0x9bfd) x15 0x80023ce7
core   0: 0x80004bde (0x03c7d063) bge     a5, t3, pc + 32
core   0: 3 0x80004bde (0x03c7d063)
core   0: 0x80004bfe (0x00008359) c.srli  a4, 22
core   0: 3 0x80004bfe (0x8359) x14 0x000001bb
core   0: 0x80004c00 (0x340a28f3) csrrs   a7, mscratch, s4
core   0: 3 0x80004c00 (0x340a28f3) x17 0x80023ce7 c832_mscratch 0xeeeffce7
core   0: 0x80004c04 (0x005f0363) beq     t5, t0, pc + 6
core   0: 3 0x80004c04 (0x005f0363)
core   0: 0x80004c08 (0x000082b9) c.srli  a3, 14
core   0: 3 0x80004c08 (0x82b9) x13 0x00000018
core   0: 0x80004c0a (0x00008f79) c.and   a4, a4
core   0: 3 0x80004c0a (0x8f79) x14 0x000001bb
core   0: 0x80004c0c (0x000015fd) c.addi  a1, -1
core   0: 3 0x80004c0c (0x15fd) x11 0xffffffff
core   0: 0x80004c0e (0x026965b3) rem     a1, s2, t1
core   0: 3 0x80004c0e (0x026965b3) x11 0x00000001
core   0: 0x80004c12 (0x00008806) c.mv    a6, ra
core   0: 3 0x80004c12 (0x8806) x16 0x80004ae6
core   0: 0x80004c14 (0x340d7273) csrrci  tp, mscratch, 26
core   0: 3 0x80004c14 (0x340d7273) x4  0xeeeffce7 c832_mscratch 0xeeeffce5
core   0: 0x80004c18 (0x02673a33) mulhu   s4, a4, t1
core   0: 3 0x80004c18 (0x02673a33) x20 0x000000dd
core   0: 0x80004c1c (0x00006845) c.lui   a6, 0x11
core   0: 3 0x80004c1c (0x6845) x16 0x00011000
core   0: 0x80004c1e (0x020e13b3) mulh    t2, t3, zero
core   0: 3 0x80004c1e (0x020e13b3) x7  0x00000000
core   0: 0x80004c22 (0x039d9bb3) mulh    s7, s11, s9
core   0: 3 0x80004c22 (0x039d9bb3) x23 0xffffffff
core   0: 0x80004c26 (0x46644913) xori    s2, s0, 1126
core   0: 3 0x80004c26 (0x46644913) x18 0x80000466
core   0: 0x80004c2a (0x03481c33) mulh    s8, a6, s4
core   0: 3 0x80004c2a (0x03481c33) x24 0x00000000
core   0: 0x80004c2e (0x415504b3) sub     s1, a0, s5
core   0: 3 0x80004c2e (0x415504b3) x9  0x80023dc6
core   0: 0x80004c32 (0x010e48b3) xor     a7, t3, a6
core   0: 3 0x80004c32 (0x010e48b3) x17 0x8000ee64
core   0: 0x80004c36 (0x0000c1b5) c.beqz  a1, pc + 100
core   0: 3 0x80004c36 (0xc1b5)
core   0: 0x80004c38 (0x00abe8b3) or      a7, s7, a0
core   0: 3 0x80004c38 (0x00abe8b3) x17 0xffffffff
core   0: 0x80004c3c (0x06570363) beq     a4, t0, pc + 102
core   0: 3 0x80004c3c (0x06570363)
core   0: 0x80004c40 (0x04b6d163) bge     a3, a1, pc + 66
core   0: 3 0x80004c40 (0x04b6d163)
core   0: 0x80004c82 (0x34003cf3) csrrc   s9, mscratch, zero
core   0: 3 0x80004c82 (0x34003cf3) x25 0xeeeffce5
core   0: 0x80004c86 (0x02c73eb3) mulhu   t4, a4, a2
core   0: 3 0x80004c86 (0x02c73eb3) x29 0x000000dd
core   0: 0x80004c8a (0x0129d593) srli    a1, s3, 18
core   0: 3 0x80004c8a (0x0129d593) x11 0x00000000
core   0: 0x80004c8e (0x1f442f93) slti    t6, s0, 500
core   0: 3 0x80004c8e (0x1f442f93) x31 0x00000001
core   0: 0x80004c92 (0x033e1663) bne     t3, s3, pc + 44
core   0: 3 0x80004c92 (0x033e1663)
core   0: 0x80004cbe (0x0ff0000f) fence   iorw,iorw
core   0: 3 0x80004cbe (0x0ff0000f)
core   0: 0x80004cc2 (0x00008351) c.srli  a4, 20
core   0: 3 0x80004cc2 (0x8351) x14 0x00000000
core   0: 0x80004cc4 (0x01f7f663) bgeu    a5, t6, pc + 12
core   0: 3 0x80004cc4 (0x01f7f663)
core   0: 0x80004cd0 (0x006df0b3) and     ra, s11, t1
core   0: 3 0x80004cd0 (0x006df0b3) x1  0x80004af6
core   0: 0x80004cd4 (0x34002cf3) csrr    s9, mscratch
core   0: 3 0x80004cd4 (0x34002cf3) x25 0xeeeffce5
core   0: 0x80004cd8 (0x00008121) c.srli  a0, 8
core   0: 3 0x80004cd8 (0x8121) x10 0x0080023c
core   0: 0x80004cda (0x00008379) c.srli  a4, 30
core   0: 3 0x80004cda (0x8379) x14 0x00000000
core   0: 0x80004cdc (0xcf2f4f93) xori    t6, t5, -782
core   0: 3 0x80004cdc (0xcf2f4f93) x31 0x00000388
core   0: 0x80004ce0 (0x8699ee97) auipc   t4, 0x8699e
core   0: 3 0x80004ce0 (0x8699ee97) x29 0x069a2ce0
core   0: 0x80004ce4 (0x01839113) slli    sp, t2, 24
core   0: 3 0x80004ce4 (0x01839113) x2  0x00000000
core   0: 0x80004ce8 (0x021021b3) mulhsu  gp, zero, ra
core   0: 3 0x80004ce8 (0x021021b3) x3  0x00000000
core   0: 0x80004cec (0x0000100f) fence.i
core   0: 3 0x80004cec (0x0000100f)
core   0: 0x80004cf0 (0x02b3dab3) divu    s5, t2, a1
core   0: 3 0x80004cf0 (0x02b3dab3) x21 0xffffffff
core   0: 0x80004cf4 (0x40eadf33) sra     t5, s5, a4
core   0: 3 0x80004cf4 (0x40eadf33) x30 0xffffffff
core   0: 0x80004cf8 (0x00573933) sltu    s2, a4, t0
core   0: 3 0x80004cf8 (0x00573933) x18 0x00000001
core   0: 0x80004cfc (0x00b59ab3) sll     s5, a1, a1
core   0: 3 0x80004cfc (0x00b59ab3) x21 0x00000000
core   0: 0x80004d00 (0x0136ea33) or      s4, a3, s3
core   0: 3 0x80004d00 (0x0136ea33) x20 0x00000018
core   0: 0x80004d04 (0x017522b3) slt     t0, a0, s7
core   0: 3 0x80004d04 (0x017522b3) x5  0x00000000
core   0: 0x80004d08 (0x40948bb3) sub     s7, s1, s1
core   0: 3 0x80004d08 (0x40948bb3) x23 0x00000000
core   0: 0x80004d0c (0x037a5733) divu    a4, s4, s7
core   0: 3 0x80004d0c (0x037a5733) x14 0xffffffff
core   0: 0x80004d10 (0x34051bf3) csrrw   s7, mscratch, a0
core   0: 3 0x80004d10 (0x34051bf3) x23 0xeeeffce5 c832_mscratch 0x0080023c
core   0: 0x80004d14 (0x03471333) mulh    t1, a4, s4
core   0: 3 0x80004d14 (0x03471333) x6  0xffffffff
core   0: 0x80004d18 (0x039b47b3) div     a5, s6, s9
core   0: 3 0x80004d18 (0x039b47b3) x15 0x00000003
core   0: 0x80004d1c (0x03ee2ab3) mulhsu  s5, t3, t5
core   0: 3 0x80004d1c (0x03ee2ab3) x21 0x8001fe64
core   0: 0x80004d20 (0x00008cb5) c.xor   s1, a3
core   0: 3 0x80004d20 (0x8cb5) x9  0x80023dde
core   0: 0x80004d22 (0x340e9c73) csrrw   s8, mscratch, t4
core   0: 3 0x80004d22 (0x340e9c73) x24 0x0080023c c832_mscratch 0x069a2ce0
core   0: 0x80004d26 (0x01d406b3) add     a3, s0, t4
core   0: 3 0x80004d26 (0x01d406b3) x13 0x869a2ce0
core   0: 0x80004d2a (0x00000ca6) c.slli  s9, 9
core   0: 3 0x80004d2a (0x0ca6) x25 0xdff9ca00
core   0: 0x80004d2c (0x00008dfd) c.and   a1, a5
core   0: 3 0x80004d2c (0x8dfd) x11 0x00000000
core   0: 0x80004d2e (0x3409e373) csrrsi  t1, mscratch, 19
core   0: 3 0x80004d2e (0x3409e373) x6  0x069a2ce0 c832_mscratch 0x069a2cf3
core   0: 0x80004d32 (0x05b90563) beq     s2, s11, pc + 74
core   0: 3 0x80004d32 (0x05b90563)
core   0: 0x80004d36 (0x00763733) sltu    a4, a2, t2
core   0: 3 0x80004d36 (0x00763733) x14 0x00000000
core   0: 0x80004d3a (0x01e605b3) add     a1, a2, t5
core   0: 3 0x80004d3a (0x01e605b3) x11 0x80023ce3
core   0: 0x80004d3e (0x001ff733) and     a4, t6, ra
core   0: 3 0x80004d3e (0x001ff733) x14 0x00000280
core   0: 0x80004d42 (0x02cc1463) bne     s8, a2, pc + 40
core   0: 3 0x80004d42 (0x02cc1463)
core   0: 0x80004d6a (0x00000001) c.nop
core   0: 3 0x80004d6a (0x0001)
core   0: 0x80004d6c (0x032475b3) remu    a1, s0, s2
core   0: 3 0x80004d6c (0x032475b3) x11 0x00000000
core   0: 0x80004d70 (0xf1662c93) slti    s9, a2, -234
core   0: 3 0x80004d70 (0xf1662c93) x25 0x00000001
core   0: 0x80004d74 (0x004d36b3) sltu    a3, s10, tp
core   0: 3 0x80004d74 (0x004d36b3) x13 0x00000001
core   0: 0x80004d78 (0xfd0e75b7) lui     a1, 0xfd0e7
core   0: 3 0x80004d78 (0xfd0e75b7) x11 0xfd0e7000
core   0: 0x80004d7c (0x3401dcf3) csrrwi  s9, mscratch, 3
core   0: 3 0x80004d7c (0x3401dcf3) x25 0x069a2cf3 c832_mscratch 0x00000003
core   0: 0x80004d80 (0x34085bf3) csrrwi  s7, mscratch, 16
core   0: 3 0x80004d80 (0x34085bf3) x23 0x00000003 c832_mscratch 0x00000010
core   0: 0x80004d84 (0x00008fd5) c.or    a5, a3
core   0: 3 0x80004d84 (0x8fd5) x15 0x00000003
core   0: 0x80004d86 (0x03aa08b3) mul     a7, s4, s10
core   0: 3 0x80004d86 (0x03aa08b3) x17 0x000706b0
core   0: 0x80004d8a (0x004dc9b3) xor     s3, s11, tp
core   0: 3 0x80004d8a (0x004dc9b3) x19 0x11100318
core   0: 0x80004d8e (0x00000b88) c.addi4spn a0, sp, 464
core   0: 3 0x80004d8e (0x0b88) x10 0x000001d0
core   0: 0x80004d90 (0x03d6bdb3) mulhu   s11, a3, t4
core   0: 3 0x80004d90 (0x03d6bdb3) x27 0x00000000
core   0: 0x80004d94 (0x0000cf09) c.beqz  a4, pc + 26
core   0: 3 0x80004d94 (0xcf09)
core   0: 0x80004d96 (0x00009d86) c.add   s11, ra
core   0: 3 0x80004d96 (0x9d86) x27 0x80004af6
core   0: 0x80004d98 (0x5b58f213) andi    tp, a7, 1461
core   0: 3 0x80004d98 (0x5b58f213) x4  0x000004b0
core   0: 0x80004d9c (0x01691bb3) sll     s7, s2, s6
core   0: 3 0x80004d9c (0x01691bb3) x23 0x00010000
core   0: 0x80004da0 (0x006ef263) bgeu    t4, t1, pc + 4
core   0: 3 0x80004da0 (0x006ef263)
core   0: 0x80004da4 (0x00008936) c.mv    s2, a3
core   0: 3 0x80004da4 (0x8936) x18 0x00000001
core   0: 0x80004da6 (0xe00b3997) auipc   s3, 0xe00b3
core   0: 3 0x80004da6 (0xe00b3997) x19 0x600b7da6
core   0: 0x80004daa (0x014b1f33) sll     t5, s6, s4
core   0: 3 0x80004daa (0x014b1f33) x30 0xf0000000
core   0: 0x80004dae (0x031a4133) div     sp, s4, a7
core   0: 3 0x80004dae (0x031a4133) x2  0x00000000
core   0: 0x80004db2 (0xcbbe4a93) xori    s5, t3, -837
core   0: 3 0x80004db2 (0xcbbe4a93) x21 0x7ffe02df
core   0: 0x80004db6 (0x0000199c) c.addi4spn a5, sp, 240
core   0: 3 0x80004db6 (0x199c) x15 0x000000f0
core   0: 0x80004db8 (0x34007773) csrrci  a4, mscratch, 0
core   0: 3 0x80004db8 (0x34007773) x14 0x00000010
core   0: 0x80004dbc (0x70434993) xori    s3, t1, 1796
core   0: 3 0x80004dbc (0x70434993) x19 0x069a2be4
core   0: 0x80004dc0 (0x00000dd6) c.slli  s11, 21
core   0: 3 0x80004dc0 (0x0dd6) x27 0x5ec00000
core   0: 0x80004dc2 (0x00008cc5) c.or    s1, s1
core   0: 3 0x80004dc2 (0x8cc5) x9  0x80023dde
core   0: 0x80004dc4 (0x000099fd) c.andi  a1, -1
core   0: 3 0x80004dc4 (0x99fd) x11 0xfd0e7000
core   0: 0x80004dc6 (0x00e78b33) add     s6, a5, a4
core   0: 3 0x80004dc6 (0x00e78b33) x22 0x00000100
core   0: 0x80004dca (0x039796b3) mulh    a3, a5, s9
core   0: 3 0x80004dca (0x039796b3) x13 0x00000006
core   0: 0x80004dce (0x5463b913) sltiu   s2, t2, 1350
core   0: 3 0x80004dce (0x5463b913) x18 0x00000001
core   0: 0x80004dd2 (0x581f3c93) sltiu   s9, t5, 1409
core   0: 3 0x80004dd2 (0x581f3c93) x25 0x00000000
core   0: 0x80004dd6 (0x9ae08293) addi    t0, ra, -1618
core   0: 3 0x80004dd6 (0x9ae08293) x5  0x800044a4
core   0: 0x80004dda (0x84d34f13) xori    t5, t1, -1971
core   0: 3 0x80004dda (0x84d34f13) x30 0xf965d4ad
core   0: 0x80004dde (0x340fdd73) csrrwi  s10, mscratch, 31
core   0: 3 0x80004dde (0x340fdd73) x26 0x00000010 c832_mscratch 0x0000001f
core   0: 0x80004de2 (0x0000e899) c.bnez  s1, pc + 22
core   0: 3 0x80004de2 (0xe899)
core   0: 0x80004df8 (0x40d10cb3) sub     s9, sp, a3
core   0: 3 0x80004df8 (0x40d10cb3) x25 0xfffffffa
core   0: 0x80004dfc (0x00008e9d) c.sub   a3, a5
core   0: 3 0x80004dfc (0x8e9d) x13 0xffffff16
core   0: 0x80004dfe (0xdb203913) sltiu   s2, zero, -590
core   0: 3 0x80004dfe (0xdb203913) x18 0x00000001
core   0: 0x80004e02 (0xd1882693) slti    a3, a6, -744
core   0: 3 0x80004e02 (0xd1882693) x13 0x00000000
core   0: 0x80004e06 (0x01912233) slt     tp, sp, s9
core   0: 3 0x80004e06 (0x01912233) x4  0x00000000
core   0: 0x80004e0a (0x02f769b3) rem     s3, a4, a5
core   0: 3 0x80004e0a (0x02f769b3) x19 0x00000010
core   0: 0x80004e0e (0x00006a1d) c.lui   s4, 0x7
core   0: 3 0x80004e0e (0x6a1d) x20 0x00007000
core   0: 0x80004e10 (0x00c8fd33) and     s10, a7, a2
core   0: 3 0x80004e10 (0x00c8fd33) x26 0x000204a0
core   0: 0x80004e14 (0x340066f3) csrrsi  a3, mscratch, 0
core   0: 3 0x80004e14 (0x340066f3) x13 0x0000001f
core   0: 0x80004e18 (0x01c8dd33) srl     s10, a7, t3
core   0: 3 0x80004e18 (0x01c8dd33) x26 0x0000706b
core   0: 0x80004e1c (0x34002b73) csrr    s6, mscratch
core   0: 3 0x80004e1c (0x34002b73) x22 0x0000001f
core   0: 0x80004e20 (0x000080ed) c.srli  s1, 27
core   0: 3 0x80004e20 (0x80ed) x9  0x00000010
core   0: 0x80004e22 (0x00008d85) c.sub   a1, s1
core   0: 3 0x80004e22 (0x8d85) x11 0xfd0e6ff0
core   0: 0x80004e24 (0x34007df3) csrrci  s11, mscratch, 0
core   0: 3 0x80004e24 (0x34007df3) x27 0x0000001f
core   0: 0x80004e28 (0x0000168c) c.addi4spn a1, sp, 864
core   0: 3 0x80004e28 (0x168c) x11 0x00000360
core   0: 0x80004e2a (0x34007573) csrrci  a0, mscratch, 0
core   0: 3 0x80004e2a (0x34007573) x10 0x0000001f
core   0: 0x80004e2e (0x023d5363) bge     s10, gp, pc + 38
core   0: 3 0x80004e2e (0x023d5363)
core   0: 0x80004e54 (0x0ff0000f) fence   iorw,iorw
core   0: 3 0x80004e54 (0x0ff0000f)
core   0: 0x80004e58 (0x023ff333) remu    t1, t6, gp
core   0: 3 0x80004e58 (0x023ff333) x6  0x00000388
core   0: 0x80004e5c (0x34066ef3) csrrsi  t4, mscratch, 12
core   0: 3 0x80004e5c (0x34066ef3) x29 0x0000001f c832_mscratch 0x0000001f
core   0: 0x80004e60 (0x34003173) csrrc   sp, mscratch, zero
core   0: 3 0x80004e60 (0x34003173) x2  0x0000001f
core   0: 0x80004e64 (0x02dcda63) bge     s9, a3, pc + 52
core   0: 3 0x80004e64 (0x02dcda63)
core   0: 0x80004e68 (0x015305b3) add     a1, t1, s5
core   0: 3 0x80004e68 (0x015305b3) x11 0x7ffe0667
core   0: 0x80004e6c (0x0000959e) c.add   a1, t2
core   0: 3 0x80004e6c (0x959e) x11 0x7ffe0667
core   0: 0x80004e6e (0x00008db5) c.xor   a1, a3
core   0: 3 0x80004e6e (0x8db5) x11 0x7ffe0678
core   0: 0x80004e70 (0x03eb5263) bge     s6, t5, pc + 36
core   0: 3 0x80004e70 (0x03eb5263)
core   0: 0x80004e94 (0x408e8c33) sub     s8, t4, s0
core   0: 3 0x80004e94 (0x408e8c33) x24 0x8000001f
core   0: 0x80004e98 (0x0000100f) fence.i
core   0: 3 0x80004e98 (0x0000100f)
core   0: 0x80004e9c (0x03545ab3) divu    s5, s0, s5
core   0: 3 0x80004e9c (0x03545ab3) x21 0x00000001
core   0: 0x80004ea0 (0x95a92a93) slti    s5, s2, -1702
core   0: 3 0x80004ea0 (0x95a92a93) x21 0x00000000
core   0: 0x80004ea4 (0x0000890d) c.andi  a0, 3
core   0: 3 0x80004ea4 (0x890d) x10 0x00000003
core   0: 0x80004ea6 (0x408f03b3) sub     t2, t5, s0
core   0: 3 0x80004ea6 (0x408f03b3) x7  0x7965d4ad
core   0: 0x80004eaa (0x3406e0f3) csrrsi  ra, mscratch, 13
core   0: 3 0x80004eaa (0x3406e0f3) x1  0x0000001f c832_mscratch 0x0000001f
core   0: 0x80004eae (0x340d1af3) csrrw   s5, mscratch, s10
core   0: 3 0x80004eae (0x340d1af3) x21 0x0000001f c832_mscratch 0x0000706b
core   0: 0x80004eb2 (0x340e65f3) csrrsi  a1, mscratch, 28
core   0: 3 0x80004eb2 (0x340e65f3) x11 0x0000706b c832_mscratch 0x0000707f
core   0: 0x80004eb6 (0x0ff0000f) fence   iorw,iorw
core   0: 3 0x80004eb6 (0x0ff0000f)
core   0: 0x80004eba (0x01117d33) and     s10, sp, a7
core   0: 3 0x80004eba (0x01117d33) x26 0x00000010
core   0: 0x80004ebe (0x00008c9d) c.sub   s1, a5
core   0: 3 0x80004ebe (0x8c9d) x9  0xffffff20
core   0: 0x80004ec0 (0x003b98b3) sll     a7, s7, gp
core   0: 3 0x80004ec0 (0x003b98b3) x17 0x00010000
core   0: 0x80004ec4 (0x000043a9) c.li    t2, 10
core   0: 3 0x80004ec4 (0x43a9) x7  0x0000000a
core   0: 0x80004ec6 (0x41a85893) srai    a7, a6, 26
core   0: 3 0x80004ec6 (0x41a85893) x17 0x00000000
core   0: 0x80004eca (0x01e35313) srli    t1, t1, 30
core   0: 3 0x80004eca (0x01e35313) x6  0x00000000
core   0: 0x80004ece (0x00008fd1) c.or    a5, a2
core   0: 3 0x80004ece (0x8fd1) x15 0x80023cf4
core   0: 0x80004ed0 (0x00008e85) c.sub   a3, s1
core   0: 3 0x80004ed0 (0x8e85) x13 0x000000ff
core   0: 0x80004ed2 (0x2c37ff37) lui     t5, 0x2c37f
core   0: 3 0x80004ed2 (0x2c37ff37) x30 0x2c37f000
core   0: 0x80004ed6 (0x00000acd) c.addi  s5, 19
core   0: 3 0x80004ed6 (0x0acd) x21 0x00000032
core   0: 0x80004ed8 (0x00949233) sll     tp, s1, s1
core   0: 3 0x80004ed8 (0x00949233) x4  0xffffff20
core   0: 0x80004edc (0x00008ed2) c.mv    t4, s4
core   0: 3 0x80004edc (0x8ed2) x29 0x00007000
core   0: 0x80004ede (0x340039f3) csrrc   s3, mscratch, zero
core   0: 3 0x80004ede (0x340039f3) x19 0x0000707f
core   0: 0x80004ee2 (0x00008341) c.srli  a4, 16
core   0: 3 0x80004ee2 (0x8341) x14 0x00000000
core   0: 0x80004ee4 (0x417004b3) sub     s1, zero, s7
core   0: 3 0x80004ee4 (0x417004b3) x9  0xffff0000
core   0: 0x80004ee8 (0x40e2d493) srai    s1, t0, 14
core   0: 3 0x80004ee8 (0x40e2d493) x9  0xfffe0001
core   0: 0x80004eec (0x34007d73) csrrci  s10, mscratch, 0
core   0: 3 0x80004eec (0x34007d73) x26 0x0000707f
core   0: 0x80004ef0 (0x000098fd) c.andi  s1, -1
core   0: 3 0x80004ef0 (0x98fd) x9  0xfffe0001
core   0: 0x80004ef2 (0x01547233) and     tp, s0, s5
core   0: 3 0x80004ef2 (0x01547233) x4  0x00000000
core   0: 0x80004ef6 (0x400bd833) sra     a6, s7, zero
core   0: 3 0x80004ef6 (0x400bd833) x16 0x00010000
core   0: 0x80004efa (0x000099b2) c.add   s3, a2
core   0: 3 0x80004efa (0x99b2) x19 0x8002ad63
core   0: 0x80004efc (0x025ac0b3) div     ra, s5, t0
core   0: 3 0x80004efc (0x025ac0b3) x1  0x00000000
core   0: 0x80004f00 (0x401bd233) sra     tp, s7, ra
core   0: 3 0x80004f00 (0x401bd233) x4  0x00010000
core   0: 0x80004f04 (0x000080fd) c.srli  s1, 31
core   0: 3 0x80004f04 (0x80fd) x9  0x00000001
core   0: 0x80004f06 (0x0000cc89) c.beqz  s1, pc + 26
core   0: 3 0x80004f06 (0xcc89)
core   0: 0x80004f08 (0x65167193) andi    gp, a2, 1617
core   0: 3 0x80004f08 (0x65167193) x3  0x00000440
core   0: 0x80004f0c (0x40c05033) sra     zero, zero, a2
core   0: 3 0x80004f0c (0x40c05033)
core   0: 0x80004f10 (0x41b30ab3) sub     s5, t1, s11
core   0: 3 0x80004f10 (0x41b30ab3) x21 0xffffffe1
core   0: 0x80004f14 (0x02380bb3) mul     s7, a6, gp
core   0: 3 0x80004f14 (0x02380bb3) x23 0x04400000
core   0: 0x80004f18 (0x00006a35) c.lui   s4, 0xd
core   0: 3 0x80004f18 (0x6a35) x20 0x0000d000
core   0: 0x80004f1a (0x411a5733) sra     a4, s4, a7
core   0: 3 0x80004f1a (0x411a5733) x14 0x0000d000
core   0: 0x80004f1e (0x00008d0a) c.mv    s10, sp
core   0: 3 0x80004f1e (0x8d0a) x26 0x0000001f
core   0: 0x80004f20 (0x024312b3) mulh    t0, t1, tp
core   0: 3 0x80004f20 (0x024312b3) x5  0x00000000
core   0: 0x80004f24 (0xde83f693) andi    a3, t2, -536
core   0: 3 0x80004f24 (0xde83f693) x13 0x00000008
core   0: 0x80004f28 (0x0000100f) fence.i
core   0: 3 0x80004f28 (0x0000100f)
core   0: 0x80004f2c (0x000090d2) c.add   ra, s4
core   0: 3 0x80004f2c (0x90d2) x1  0x0000d000
core   0: 0x80004f2e (0x00001388) c.addi4spn a0, sp, 480
core   0: 3 0x80004f2e (0x1388) x10 0x000001ff
core   0: 0x80004f30 (0x01ee0fb3) add     t6, t3, t5
core   0: 3 0x80004f30 (0x01ee0fb3) x31 0xac39ee64
core   0: 0x80004f34 (0x0ff0000f) fence   iorw,iorw
core   0: 3 0x80004f34 (0x0ff0000f)
core   0: 0x80004f38 (0x4c0f3297) auipc   t0, 0x4c0f3
core   0: 3 0x80004f38 (0x4c0f3297) x5  0xcc0f7f38
core   0: 0x80004f3c (0x3402e273) csrrsi  tp, mscratch, 5
core   0: 3 0x80004f3c (0x3402e273) x4  0x0000707f c832_mscratch 0x0000707f
core   0: 0x80004f40 (0x03db7963) bgeu    s6, t4, pc + 50
core   0: 3 0x80004f40 (0x03db7963)
core   0: 0x80004f44 (0x000084d1) c.srai  s1, 20
core   0: 3 0x80004f44 (0x84d1) x9  0x00000000
core   0: 0x80004f46 (0x00a20663) beq     tp, a0, pc + 12
core   0: 3 0x80004f46 (0x00a20663)
core   0: 0x80004f4a (0x00d0af33) slt     t5, ra, a3
core   0: 3 0x80004f4a (0x00d0af33) x30 0x00000000
core   0: 0x80004f4e (0x34082573) csrrs   a0, mscratch, a6
core   0: 3 0x80004f4e (0x34082573) x10 0x0000707f c832_mscratch 0x0001707f
core   0: 0x80004f52 (0x0000869d) c.srai  a3, 7
core   0: 3 0x80004f52 (0x869d) x13 0x00000000
core   0: 0x80004f54 (0x0000c71d) c.beqz  a4, pc + 46
core   0: 3 0x80004f54 (0xc71d)
core   0: 0x80004f56 (0x00006fc9) c.lui   t6, 0x12
core   0: 3 0x80004f56 (0x6fc9) x31 0x00012000
core   0: 0x80004f58 (0x4028d013) srai    zero, a7, 2
core   0: 3 0x80004f58 (0x4028d013)
core   0: 0x80004f5c (0x00008fb9) c.xor   a5, a4
core   0: 3 0x80004f5c (0x8fb9) x15 0x8002ecf4
core   0: 0x80004f5e (0x018409b3) add     s3, s0, s8
core   0: 3 0x80004f5e (0x018409b3) x19 0x0000001f
core   0: 0x80004f62 (0x00009be2) c.add   s7, s8
core   0: 3 0x80004f62 (0x9be2) x23 0x8440001f
core   0: 0x80004f64 (0x0000e795) c.bnez  a5, pc + 44
core   0: 3 0x80004f64 (0xe795)
core   0: 0x80004f90 (0x6d270593) addi    a1, a4, 1746
core   0: 3 0x80004f90 (0x6d270593) x11 0x0000d6d2
core   0: 0x80004f94 (0x41615533) sra     a0, sp, s6
core   0: 3 0x80004f94 (0x41615533) x10 0x00000000
core   0: 0x80004f98 (0x01b373b3) and     t2, t1, s11
core   0: 3 0x80004f98 (0x01b373b3) x7  0x00000000
core   0: 0x80004f9c (0x00000836) c.slli  a6, 13
core   0: 3 0x80004f9c (0x0836) x16 0x20000000
core   0: 0x80004f9e (0x01b56363) bltu    a0, s11, pc + 6
core   0: 3 0x80004f9e (0x01b56363)
core   0: 0x80004fa4 (0x03734263) blt     t1, s7, pc + 36
core   0: 3 0x80004fa4 (0x03734263)
core   0: 0x80004fa8 (0x0000c9b1) c.beqz  a1, pc + 84
core   0: 3 0x80004fa8 (0xc9b1)
core   0: 0x80004faa (0x4b9cb713) sltiu   a4, s9, 1209
core   0: 3 0x80004faa (0x4b9cb713) x14 0x00000000
core   0: 0x80004fae (0x00006ead) c.lui   t4, 0xb
core   0: 3 0x80004fae (0x6ead) x29 0x0000b000
core   0: 0x80004fb0 (0xf4ebbc13) sltiu   s8, s7, -178
core   0: 3 0x80004fb0 (0xf4ebbc13) x24 0x00000001
core   0: 0x80004fb4 (0x34007173) csrrci  sp, mscratch, 0
core   0: 3 0x80004fb4 (0x34007173) x2  0x0001707f
core   0: 0x80004fb8 (0x009f4333) xor     t1, t5, s1
core   0: 3 0x80004fb8 (0x009f4333) x6  0x00000000
core   0: 0x80004fbc (0x3932b593) sltiu   a1, t0, 915
core   0: 3 0x80004fbc (0x3932b593) x11 0x00000000
core   0: 0x80004fc0 (0x00008cb9) c.xor   s1, a4
core   0: 3 0x80004fc0 (0x8cb9) x9  0x00000000
core   0: 0x80004fc2 (0x00000001) c.nop
core   0: 3 0x80004fc2 (0x0001)
core   0: 0x80004fc4 (0x0001f563) bgeu    gp, zero, pc + 10
core   0: 3 0x80004fc4 (0x0001f563)
core   0: 0x80004fce (0x00fbe233) or      tp, s7, a5
core   0: 3 0x80004fce (0x00fbe233) x4  0x8442ecff
core   0: 0x80004fd2 (0x00009f76) c.add   t5, t4
core   0: 3 0x80004fd2 (0x9f76) x30 0x0000b000
core   0: 0x80004fd4 (0x0100d293) srli    t0, ra, 16
core   0: 3 0x80004fd4 (0x0100d293) x5  0x00000000
core   0: 0x80004fd8 (0x00008b3d) c.andi  a4, 15
core   0: 3 0x80004fd8 (0x8b3d) x14 0x00000000
core   0: 0x80004fda (0x008001ef) jal     gp, pc + 0x8
core   0: 3 0x80004fda (0x008001ef) x3  0x80004fde
core   0: 0x80004fe2 (0x00002011) c.jal   pc + 4
core   0: 3 0x80004fe2 (0x2011) x1  0x80004fe4
core   0: 0x80004fe6 (0x0000a009) c.j     pc + 2
core   0: 3 0x80004fe6 (0xa009)
core   0: 0x80004fe8 (0x00002019) c.jal   pc + 6
core   0: 3 0x80004fe8 (0x2019) x1  0x80004fea
core   0: 0x80004fee (0xff1ffbef) jal     s7, pc - 0x10
core   0: 3 0x80004fee (0xff1ffbef) x23 0x80004ff2
core   0: 0x80004fde (0x00002019) c.jal   pc + 6
core   0: 3 0x80004fde (0x2019) x1  0x80004fe0
core   0: 0x80004fe4 (0x0000bff5) c.j     pc - 4
core   0: 3 0x80004fe4 (0xbff5)
core   0: 0x80004fe0 (0x0000a809) c.j     pc + 18
core   0: 3 0x80004fe0 (0xa809)
core   0: 0x80004ff2 (0x00003fe5) c.jal   pc - 8
core   0: 3 0x80004ff2 (0x3fe5) x1  0x80004ff4
core   0: 0x80004fea (0x00002009) c.jal   pc + 2
core   0: 3 0x80004fea (0x2009) x1  0x80004fec
core   0: 0x80004fec (0x0000a021) c.j     pc + 8
core   0: 3 0x80004fec (0xa021)
core   0: 0x80004ff4 (0x00008c8a) c.mv    s9, sp
core   0: 3 0x80004ff4 (0x8c8a) x25 0x0001707f
core   0: 0x80004ff6 (0x00686fb3) or      t6, a6, t1
core   0: 3 0x80004ff6 (0x00686fb3) x31 0x20000000
core   0: 0x80004ffa (0x00008119) c.srli  a0, 6
core   0: 3 0x80004ffa (0x8119) x10 0x00000000
core   0: 0x80004ffc (0x01dfd033) srl     zero, t6, t4
core   0: 3 0x80004ffc (0x01dfd033)
core   0: 0x80005000 (0x34007173) csrrci  sp, mscratch, 0
core   0: 3 0x80005000 (0x34007173) x2  0x0001707f
core   0: 0x80005004 (0x5b7cb093) sltiu   ra, s9, 1463
core   0: 3 0x80005004 (0x5b7cb093) x1  0x00000000
core   0: 0x80005008 (0x0223a333) mulhsu  t1, t2, sp
core   0: 3 0x80005008 (0x0223a333) x6  0x00000000
core   0: 0x8000500c (0x03266263) bltu    a2, s2, pc + 36
core   0: 3 0x8000500c (0x03266263)
core   0: 0x80005010 (0x34007d73) csrrci  s10, mscratch, 0
core   0: 3 0x80005010 (0x34007d73) x26 0x0001707f
core   0: 0x80005014 (0x8f6bbe93) sltiu   t4, s7, -1802
core   0: 3 0x80005014 (0x8f6bbe93) x29 0x00000001
core   0: 0x80005018 (0x0013e933) or      s2, t2, ra
core   0: 3 0x80005018 (0x0013e933) x18 0x00000000
core   0: 0x8000501c (0x8d293d13) sltiu   s10, s2, -1838
core   0: 3 0x8000501c (0x8d293d13) x26 0x00000001
core   0: 0x80005020 (0x0000cb15) c.beqz  a4, pc + 52
core   0: 3 0x80005020 (0xcb15)
core   0: 0x80005054 (0xa6a8ab13) slti    s6, a7, -1430
core   0: 3 0x80005054 (0xa6a8ab13) x22 0x00000000
core   0: 0x80005058 (0x0074e863) bltu    s1, t2, pc + 16
core   0: 3 0x80005058 (0x0074e863)
core   0: 0x8000505c (0x00008d3d) c.xor   a0, a5
core   0: 3 0x8000505c (0x8d3d) x10 0x8002ecf4
core   0: 0x8000505e (0x34002d73) csrr    s10, mscratch
core   0: 3 0x8000505e (0x34002d73) x26 0x0001707f
core   0: 0x80005062 (0xc3126797) auipc   a5, 0xc3126
core   0: 3 0x80005062 (0xc3126797) x15 0x4312b062
core   0: 0x80005066 (0x000082b5) c.srli  a3, 13
core   0: 3 0x80005066 (0x82b5) x13 0x00000000
core   0: 0x80005068 (0x00006e99) c.lui   t4, 0x6
core   0: 3 0x80005068 (0x6e99) x29 0x00006000
core   0: 0x8000506a (0x031d38b3) mulhu   a7, s10, a7
core   0: 3 0x8000506a (0x031d38b3) x17 0x00000000
core   0: 0x8000506e (0x00008145) c.srli  a0, 17
core   0: 3 0x8000506e (0x8145) x10 0x00004001
core   0: 0x80005070 (0x01751d33) sll     s10, a0, s7
core   0: 3 0x80005070 (0x01751d33) x26 0x00040000
core   0: 0x80005074 (0x57c43013) sltiu   zero, s0, 1404
core   0: 3 0x80005074 (0x57c43013)
core   0: 0x80005078 (0x0000c51d) c.beqz  a0, pc + 46
core   0: 3 0x80005078 (0xc51d)
core   0: 0x8000507a (0x000089ad) c.andi  a1, 11
core   0: 3 0x8000507a (0x89ad) x11 0x00000000
core   0: 0x8000507c (0x405d58b3) sra     a7, s10, t0
core   0: 3 0x8000507c (0x405d58b3) x17 0x00040000
core   0: 0x80005080 (0x34007273) csrrci  tp, mscratch, 0
core   0: 3 0x80005080 (0x34007273) x4  0x0001707f
core   0: 0x80005084 (0x000099ce) c.add   s3, s3
core   0: 3 0x80005084 (0x99ce) x19 0x0000003e
core   0: 0x80005086 (0x00008de1) c.and   a1, s0
core   0: 3 0x80005086 (0x8de1) x11 0x00000000
core   0: 0x80005088 (0x03524cb3) div     s9, tp, s5
core   0: 3 0x80005088 (0x03524cb3) x25 0xfffff41d
core   0: 0x8000508c (0xdbd80093) addi    ra, a6, -579
core   0: 3 0x8000508c (0xdbd80093) x1  0x1ffffdbd
core   0: 0x80005090 (0xd962dc37) lui     s8, 0xd962d
core   0: 3 0x80005090 (0xd962dc37) x24 0xd962d000
core   0: 0x80005094 (0xb112ed93) ori     s11, t0, -1263
core   0: 3 0x80005094 (0xb112ed93) x27 0xfffffb11
core   0: 0x80005098 (0x03e97bb3) remu    s7, s2, t5
core   0: 3 0x80005098 (0x03e97bb3) x23 0x00000000
core   0: 0x8000509c (0x417b0c33) sub     s8, s6, s7
core   0: 3 0x8000509c (0x417b0c33) x24 0x00000000
core   0: 0x800050a0 (0x0ff0000f) fence   iorw,iorw
core   0: 3 0x800050a0 (0x0ff0000f)
core   0: 0x800050a4 (0x00008dd5) c.or    a1, a3
core   0: 3 0x800050a4 (0x8dd5) x11 0x00000000
core   0: 0x800050a6 (0x000066d1) c.lui   a3, 0x14
core   0: 3 0x800050a6 (0x66d1) x13 0x00014000
core   0: 0x800050a8 (0x00000001) c.nop
core   0: 3 0x800050a8 (0x0001)
core   0: 0x800050aa (0x00d933b3) sltu    t2, s2, a3
core   0: 3 0x800050aa (0x00d933b3) x7  0x00000001
core   0: 0x800050ae (0x00000001) c.nop
core   0: 3 0x800050ae (0x0001)
core   0: 0x800050b0 (0x41400b33) sub     s6, zero, s4
core   0: 3 0x800050b0 (0x41400b33) x22 0xffff3000
core   0: 0x800050b4 (0x0166cb63) blt     a3, s6, pc + 22
core   0: 3 0x800050b4 (0x0166cb63)
core   0: 0x800050b8 (0x01ff05b3) add     a1, t5, t6
core   0: 3 0x800050b8 (0x01ff05b3) x11 0x2000b000
core   0: 0x800050bc (0x0804c137) lui     sp, 0x804c
core   0: 3 0x800050bc (0x0804c137) x2  0x0804c000
core   0: 0x800050c0 (0x3406f3f3) csrrci  t2, mscratch, 13
core   0: 3 0x800050c0 (0x3406f3f3) x7  0x0001707f c832_mscratch 0x00017072
core   0: 0x800050c4 (0x02a6a533) mulhsu  a0, a3, a0
core   0: 3 0x800050c4 (0x02a6a533) x10 0x00000000
core   0: 0x800050c8 (0x0000171c) c.addi4spn a5, sp, 928
core   0: 3 0x800050c8 (0x171c) x15 0x0804c3a0
core   0: 0x800050ca (0x0000100f) fence.i
core   0: 3 0x800050ca (0x0000100f)
core   0: 0x800050ce (0x82c23593) sltiu   a1, tp, -2004
core   0: 3 0x800050ce (0x82c23593) x11 0x00000001
core   0: 0x800050d2 (0x02808db3) mul     s11, ra, s0
core   0: 3 0x800050d2 (0x02808db3) x27 0x80000000
core   0: 0x800050d6 (0x00eb0663) beq     s6, a4, pc + 12
core   0: 3 0x800050d6 (0x00eb0663)
core   0: 0x800050da (0x340f5f73) csrrwi  t5, mscratch, 30
core   0: 3 0x800050da (0x340f5f73) x30 0x00017072 c832_mscratch 0x0000001e
core   0: 0x800050de (0x0191dc33) srl     s8, gp, s9
core   0: 3 0x800050de (0x0191dc33) x24 0x00000004
core   0: 0x800050e2 (0x03f12eb3) mulhsu  t4, sp, t6
core   0: 3 0x800050e2 (0x03f12eb3) x29 0x01009800
core   0: 0x800050e6 (0x0056c5b3) xor     a1, a3, t0
core   0: 3 0x800050e6 (0x0056c5b3) x11 0x00014000
core   0: 0x800050ea (0x340078f3) csrrci  a7, mscratch, 0
core   0: 3 0x800050ea (0x340078f3) x17 0x0000001e
core   0: 0x800050ee (0x8cab81b7) lui     gp, 0x8cab8
core   0: 3 0x800050ee (0x8cab81b7) x3  0x8cab8000
core   0: 0x800050f2 (0x34003d73) csrrc   s10, mscratch, zero
core   0: 3 0x800050f2 (0x34003d73) x26 0x0000001e
core   0: 0x800050f6 (0x0338e4b3) rem     s1, a7, s3
core   0: 3 0x800050f6 (0x0338e4b3) x9  0x0000001e
core   0: 0x800050fa (0x34006073) csrsi   mscratch, 0
core   0: 3 0x800050fa (0x34006073)
core   0: 0x800050fe (0x033897b3) mulh    a5, a7, s3
core   0: 3 0x800050fe (0x033897b3) x15 0x00000000
core   0: 0x80005102 (0x939c2193) slti    gp, s8, -1735
core   0: 3 0x80005102 (0x939c2193) x3  0x00000000
core   0: 0x80005106 (0x02b98263) beq     s3, a1, pc + 36
core   0: 3 0x80005106 (0x02b98263)
core   0: 0x8000510a (0x66b6fa13) andi    s4, a3, 1643
core   0: 3 0x8000510a (0x66b6fa13) x20 0x00000000
core   0: 0x8000510e (0x00000a12) c.slli  s4, 4
core   0: 3 0x8000510e (0x0a12) x20 0x00000000
core   0: 0x80005110 (0x00001f7d) c.addi  t5, -1
core   0: 3 0x80005110 (0x1f7d) x30 0x00017071
core   0: 0x80005112 (0x01715ab3) srl     s5, sp, s7
core   0: 3 0x80005112 (0x01715ab3) x21 0x0804c000
core   0: 0x80005116 (0x00008fad) c.xor   a5, a1
core   0: 3 0x80005116 (0x8fad) x15 0x00014000
core   0: 0x80005118 (0x00009eba) c.add   t4, a4
core   0: 3 0x80005118 (0x9eba) x29 0x01009800
core   0: 0x8000511a (0x02e29a33) mulh    s4, t0, a4
core   0: 3 0x8000511a (0x02e29a33) x20 0x00000000
core   0: 0x8000511e (0x40e55813) srai    a6, a0, 14
core   0: 3 0x8000511e (0x40e55813) x16 0x00000000
core   0: 0x80005122 (0xaabf7213) andi    tp, t5, -1365
core   0: 3 0x80005122 (0xaabf7213) x4  0x00017021
core   0: 0x80005126 (0xe5ad2837) lui     a6, 0xe5ad2
core   0: 3 0x80005126 (0xe5ad2837) x16 0xe5ad2000
core   0: 0x8000512a (0x0000ed81) c.bnez  a1, pc + 24
core   0: 3 0x8000512a (0xed81)
core   0: 0x80005142 (0x340221f3) csrrs   gp, mscratch, tp
core   0: 3 0x80005142 (0x340221f3) x3  0x0000001e c832_mscratch 0x0001703f
core   0: 0x80005146 (0x0000100f) fence.i
core   0: 3 0x80005146 (0x0000100f)
core   0: 0x8000514a (0x416857b3) sra     a5, a6, s6
core   0: 3 0x8000514a (0x416857b3) x15 0xe5ad2000
core   0: 0x8000514e (0x003d2733) slt     a4, s10, gp
core   0: 3 0x8000514e (0x003d2733) x14 0x00000000
core   0: 0x80005152 (0x0000100f) fence.i
core   0: 3 0x80005152 (0x0000100f)
core   0: 0x80005156 (0x00987bb3) and     s7, a6, s1
core   0: 3 0x80005156 (0x00987bb3) x23 0x00000000
core   0: 0x8000515a (0x6c70ed13) ori     s10, ra, 1735
core   0: 3 0x8000515a (0x6c70ed13) x26 0x1fffffff
core   0: 0x8000515e (0x024860b3) rem     ra, a6, tp
core   0: 3 0x8000515e (0x024860b3) x1  0xffff9c0e
core   0: 0x80005162 (0x00008b09) c.andi  a4, 2
core   0: 3 0x80005162 (0x8b09) x14 0x00000000
core   0: 0x80005164 (0x023a9c33) mulh    s8, s5, gp
core   0: 3 0x80005164 (0x023a9c33) x24 0x00000000
core   0: 0x80005168 (0x3400a4f3) csrrs   s1, mscratch, ra
core   0: 3 0x80005168 (0x3400a4f3) x9  0x0001703f c832_mscratch 0xfffffc3f
core   0: 0x8000516c (0x01b55fb3) srl     t6, a0, s11
core   0: 3 0x8000516c (0x01b55fb3) x31 0x00000000
core   0: 0x80005170 (0x01d48033) add     zero, s1, t4
core   0: 3 0x80005170 (0x01d48033)
core   0: 0x80005174 (0x00008f11) c.sub   a4, a2
core   0: 3 0x80005174 (0x8f11) x14 0x7ffdc31c
core   0: 0x80005176 (0x008f2fb3) slt     t6, t5, s0
core   0: 3 0x80005176 (0x008f2fb3) x31 0x00000000
core   0: 0x8000517a (0x0000cd05) c.beqz  a0, pc + 56
core   0: 3 0x8000517a (0xcd05)
core   0: 0x800051b2 (0xece9a813) slti    a6, s3, -306
core   0: 3 0x800051b2 (0xece9a813) x16 0x00000000
core   0: 0x800051b6 (0xb34c7f13) andi    t5, s8, -1228
core   0: 3 0x800051b6 (0xb34c7f13) x30 0x00000000
core   0: 0x800051ba (0x022c65b3) rem     a1, s8, sp
core   0: 3 0x800051ba (0x022c65b3) x11 0x00000000
core   0: 0x800051be (0x018271b3) and     gp, tp, s8
core   0: 3 0x800051be (0x018271b3) x3  0x00000000
core   0: 0x800051c2 (0x03e03833) mulhu   a6, zero, t5
core   0: 3 0x800051c2 (0x03e03833) x16 0x00000000
core   0: 0x800051c6 (0xcc303c93) sltiu   s9, zero, -829
core   0: 3 0x800051c6 (0xcc303c93) x25 0x00000001
core   0: 0x800051ca (0x00008efd) c.and   a3, a5
core   0: 3 0x800051ca (0x8efd) x13 0x00010000
core   0: 0x800051cc (0x0000e899) c.bnez  s1, pc + 22
core   0: 3 0x800051cc (0xe899)
core   0: 0x800051e2 (0x00008f11) c.sub   a4, a2
core   0: 3 0x800051e2 (0x8f11) x14 0xfffb8638
core   0: 0x800051e4 (0x029b8533) mul     a0, s7, s1
core   0: 3 0x800051e4 (0x029b8533) x10 0x00000000
core   0: 0x800051e8 (0x26fe7d13) andi    s10, t3, 623
core   0: 3 0x800051e8 (0x26fe7d13) x26 0x00000264
core   0: 0x800051ec (0x00b5e533) or      a0, a1, a1
core   0: 3 0x800051ec (0x00b5e533) x10 0x00000000
core   0: 0x800051f0 (0x07c0bc13) sltiu   s8, ra, 124
core   0: 3 0x800051f0 (0x07c0bc13) x24 0x00000000
core   0: 0x800051f4 (0x00000001) c.nop
core   0: 3 0x800051f4 (0x0001)
core   0: 0x800051f6 (0x4bf8ab93) slti    s7, a7, 1215
core   0: 3 0x800051f6 (0x4bf8ab93) x23 0x00000001
core   0: 0x800051fa (0x039dc333) div     t1, s11, s9
core   0: 3 0x800051fa (0x039dc333) x6  0x80000000
core   0: 0x800051fe (0x01eb5f63) bge     s6, t5, pc + 30
core   0: 3 0x800051fe (0x01eb5f63)
core   0: 0x80005202 (0x41825b13) srai    s6, tp, 24
core   0: 3 0x80005202 (0x41825b13) x22 0x00000000
core   0: 0x80005206 (0x340038f3) csrrc   a7, mscratch, zero
core   0: 3 0x80005206 (0x340038f3) x17 0xfffffc3f
core   0: 0x8000520a (0xa9f4b013) sltiu   zero, s1, -1377
core   0: 3 0x8000520a (0xa9f4b013)
core   0: 0x8000520e (0x00107933) and     s2, zero, ra
core   0: 3 0x8000520e (0x00107933) x18 0x00000000
core   0: 0x80005212 (0x052e8463) beq     t4, s2, pc + 72
core   0: 3 0x80005212 (0x052e8463)
core   0: 0x80005216 (0x00001018) c.addi4spn a4, sp, 32
core   0: 3 0x80005216 (0x1018) x14 0x0804c020
core   0: 0x80005218 (0x340659f3) csrrwi  s3, mscratch, 12
core   0: 3 0x80005218 (0x340659f3) x19 0xfffffc3f c832_mscratch 0x0000000c
core   0: 0x8000521c (0x01d090b3) sll     ra, ra, t4
core   0: 3 0x8000521c (0x01d090b3) x1  0xffff9c0e
core   0: 0x80005220 (0x00008ef9) c.and   a3, a4
core   0: 3 0x80005220 (0x8ef9) x13 0x00000000
core   0: 0x80005222 (0x34007cf3) csrrci  s9, mscratch, 0
core   0: 3 0x80005222 (0x34007cf3) x25 0x0000000c
core   0: 0x80005226 (0x0ff0000f) fence   iorw,iorw
core   0: 3 0x80005226 (0x0ff0000f)
core   0: 0x8000522a (0xaaffe713) ori     a4, t6, -1361
core   0: 3 0x8000522a (0xaaffe713) x14 0xfffffaaf
core   0: 0x8000522e (0x63def113) andi    sp, t4, 1597
core   0: 3 0x8000522e (0x63def113) x2  0x00000000
core   0: 0x80005232 (0x3405bbf3) csrrc   s7, mscratch, a1
core   0: 3 0x80005232 (0x3405bbf3) x23 0x0000000c c832_mscratch 0x0000000c
core   0: 0x80005236 (0x947cef93) ori     t6, s9, -1721
core   0: 3 0x80005236 (0x947cef93) x31 0xfffff94f
core   0: 0x8000523a (0xd8027793) andi    a5, tp, -640
core   0: 3 0x8000523a (0xd8027793) x15 0x00017000
core   0: 0x8000523e (0x0000089a) c.slli  a7, 6
core   0: 3 0x8000523e (0x089a) x17 0xffff0fc0
core   0: 0x80005240 (0x031979b3) remu    s3, s2, a7
core   0: 3 0x80005240 (0x031979b3) x19 0x00000000
core   0: 0x80005244 (0x00e91c13) slli    s8, s2, 14
core   0: 3 0x80005244 (0x00e91c13) x24 0x00000000
core   0: 0x80005248 (0x0000cf95) c.beqz  a5, pc + 60
core   0: 3 0x80005248 (0xcf95)
core   0: 0x8000524a (0x02031a33) mulh    s4, t1, zero
core   0: 3 0x8000524a (0x02031a33) x20 0x00000000
core   0: 0x8000524e (0x340fecf3) csrrsi  s9, mscratch, 31
core   0: 3 0x8000524e (0x340fecf3) x25 0x0000000c c832_mscratch 0x0000001f
core   0: 0x80005252 (0x0284f4b3) remu    s1, s1, s0
core   0: 3 0x80005252 (0x0284f4b3) x9  0x0001703f
core   0: 0x80005256 (0x41775c13) srai    s8, a4, 23
core   0: 3 0x80005256 (0x41775c13) x24 0xffffffff
core   0: 0x8000525a (0x41abdab3) sra     s5, s7, s10
core   0: 3 0x8000525a (0x41abdab3) x21 0x00000000
core   0: 0x8000525e (0x0000100f) fence.i
core   0: 3 0x8000525e (0x0000100f)
core   0: 0x80005262 (0x9a53e493) ori     s1, t2, -1627
core   0: 3 0x80005262 (0x9a53e493) x9  0xfffff9ff
core   0: 0x80005266 (0x00000001) c.nop
core   0: 3 0x80005266 (0x0001)
core   0: 0x80005268 (0x00008fbd) c.xor   a5, a5
core   0: 3 0x80005268 (0x8fbd) x15 0x00000000
core   0: 0x8000526a (0x0ff0000f) fence   iorw,iorw
core   0: 3 0x8000526a (0x0ff0000f)
core   0: 0x8000526e (0x03f70fb3) mul     t6, a4, t6
core   0: 3 0x8000526e (0x03f70fb3) x31 0x00239301
core   0: 0x80005272 (0x340b9ff3) csrrw   t6, mscratch, s7
core   0: 3 0x80005272 (0x340b9ff3) x31 0x0000001f c832_mscratch 0x0000000c
core   0: 0x80005276 (0x00000001) c.nop
core   0: 3 0x80005276 (0x0001)
core   0: 0x80005278 (0x0000717d) c.addi16sp sp, -16
core   0: 3 0x80005278 (0x717d) x2  0xfffffff0
core   0: 0x8000527a (0xe8f6e813) ori     a6, a3, -369
core   0: 3 0x8000527a (0xe8f6e813) x16 0xfffffe8f
core   0: 0x8000527e (0x000040e9) c.li    ra, 26
core   0: 3 0x8000527e (0x40e9) x1  0x0000001a
core   0: 0x80005280 (0x009693b3) sll     t2, a3, s1
core   0: 3 0x80005280 (0x009693b3) x7  0x00000000
core   0: 0x80005284 (0xc5098513) addi    a0, s3, -944
core   0: 3 0x80005284 (0xc5098513) x10 0xfffffc50
core   0: 0x80005288 (0x00008fb9) c.xor   a5, a4
core   0: 3 0x80005288 (0x8fb9) x15 0xfffffaaf
core   0: 0x8000528a (0x047f9463) bne     t6, t2, pc + 72
core   0: 3 0x8000528a (0x047f9463)
core   0: 0x800052d2 (0x000014fd) c.addi  s1, -1
core   0: 3 0x800052d2 (0x14fd) x9  0xfffff9fe
core   0: 0x800052d4 (0x00006169) c.addi16sp sp, 208
core   0: 3 0x800052d4 (0x6169) x2  0x000000c0
core   0: 0x800052d6 (0x00008945) c.andi  a0, 17
core   0: 3 0x800052d6 (0x8945) x10 0x00000010
core   0: 0x800052d8 (0x00008f2d) c.xor   a4, a1
core   0: 3 0x800052d8 (0x8f2d) x14 0xfffffaaf
core   0: 0x800052da (0x0000100f) fence.i
core   0: 3 0x800052da (0x0000100f)
core   0: 0x800052de (0x00d5ef63) bltu    a1, a3, pc + 30
core   0: 3 0x800052de (0x00d5ef63)
core   0: 0x800052e2 (0x01ea1db3) sll     s11, s4, t5
core   0: 3 0x800052e2 (0x01ea1db3) x27 0x00000000
core   0: 0x800052e6 (0x0377bf33) mulhu   t5, a5, s7
core   0: 3 0x800052e6 (0x0377bf33) x30 0x0000000b
core   0: 0x800052ea (0x60863d97) auipc   s11, 0x60863
core   0: 3 0x800052ea (0x60863d97) x27 0xe08682ea
core   0: 0x800052ee (0x02b5a733) mulhsu  a4, a1, a1
core   0: 3 0x800052ee (0x02b5a733) x14 0x00000000
core   0: 0x800052f2 (0x00000001) c.nop
core   0: 3 0x800052f2 (0x0001)
core   0: 0x800052f4 (0x011c8ab3) add     s5, s9, a7
core   0: 3 0x800052f4 (0x011c8ab3) x21 0xffff0fcc
core   0: 0x800052f8 (0x02eed9b3) divu    s3, t4, a4
core   0: 3 0x800052f8 (0x02eed9b3) x19 0xffffffff
core   0: 0x800052fc (0x03f7bbb3) mulhu   s7, a5, t6
core   0: 3 0x800052fc (0x03f7bbb3) x23 0x0000001e
core   0: 0x80005300 (0x000058fd) c.li    a7, -1
core   0: 3 0x80005300 (0x58fd) x17 0xffffffff
core   0: 0x80005302 (0x00423bb3) sltu    s7, tp, tp
core   0: 3 0x80005302 (0x00423bb3) x23 0x00000000
core   0: 0x80005306 (0x026c7533) remu    a0, s8, t1
core   0: 3 0x80005306 (0x026c7533) x10 0x7fffffff
core   0: 0x8000530a (0x00008f8d) c.sub   a5, a1
core   0: 3 0x8000530a (0x8f8d) x15 0xfffffaaf
core   0: 0x8000530c (0x00000a14) c.addi4spn a3, sp, 272
core   0: 3 0x8000530c (0x0a14) x13 0x000001d0
core   0: 0x8000530e (0x34045973) csrrwi  s2, mscratch, 8
core   0: 3 0x8000530e (0x34045973) x18 0x0000000c c832_mscratch 0x00000008
core   0: 0x80005312 (0x34007f73) csrrci  t5, mscratch, 0
core   0: 3 0x80005312 (0x34007f73) x30 0x00000008
core   0: 0x80005316 (0x0000ea9d) c.bnez  a3, pc + 54
core   0: 3 0x80005316 (0xea9d)
core   0: 0x8000534c (0x340179f3) csrrci  s3, mscratch, 2
core   0: 3 0x8000534c (0x340179f3) x19 0x00000008 c832_mscratch 0x00000008
core   0: 0x80005350 (0x002d9a33) sll     s4, s11, sp
core   0: 3 0x80005350 (0x002d9a33) x20 0xe08682ea
core   0: 0x80005354 (0x0000e29d) c.bnez  a3, pc + 38
core   0: 3 0x80005354 (0xe29d)
core   0: 0x8000537a (0x340851f3) csrrwi  gp, mscratch, 16
core   0: 3 0x8000537a (0x340851f3) x3  0x00000008 c832_mscratch 0x00000010
core   0: 0x8000537e (0x0214cb33) div     s6, s1, ra
core   0: 3 0x8000537e (0x0214cb33) x22 0xffffffc5
core   0: 0x80005382 (0x00008ae9) c.andi  a3, 26
core   0: 3 0x80005382 (0x8ae9) x13 0x00000010
core   0: 0x80005384 (0x000085a5) c.srai  a1, 9
core   0: 3 0x80005384 (0x85a5) x11 0x00000000
core   0: 0x80005386 (0x401f81b3) sub     gp, t6, ra
core   0: 3 0x80005386 (0x401f81b3) x3  0x00000005
core   0: 0x8000538a (0x00819693) slli    a3, gp, 8
core   0: 3 0x8000538a (0x00819693) x13 0x00000500
core   0: 0x8000538e (0x34007973) csrrci  s2, mscratch, 0
core   0: 3 0x8000538e (0x34007973) x18 0x00000010
core   0: 0x80005392 (0x01735d13) srli    s10, t1, 23
core   0: 3 0x80005392 (0x01735d13) x26 0x00000100
core   0: 0x80005396 (0x75763993) sltiu   s3, a2, 1879
core   0: 3 0x80005396 (0x75763993) x19 0x00000000
core   0: 0x8000539a (0x34093573) csrrc   a0, mscratch, s2
core   0: 3 0x8000539a (0x34093573) x10 0x00000010 c832_mscratch 0x00000000
core   0: 0x8000539e (0x01af1393) slli    t2, t5, 26
core   0: 3 0x8000539e (0x01af1393) x7  0x20000000
core   0: 0x800053a2 (0x34006d73) csrrsi  s10, mscratch, 0
core   0: 3 0x800053a2 (0x34006d73) x26 0x00000000
core   0: 0x800053a6 (0x02698533) mul     a0, s3, t1
core   0: 3 0x800053a6 (0x02698533) x10 0x00000000
core   0: 0x800053aa (0x02ef6533) rem     a0, t5, a4
core   0: 3 0x800053aa (0x02ef6533) x10 0x00000008
core   0: 0x800053ae (0x0358cf17) auipc   t5, 0x358c
core   0: 3 0x800053ae (0x0358cf17) x30 0x835913ae
core   0: 0x800053b2 (0x01e08963) beq     ra, t5, pc + 18
core   0: 3 0x800053b2 (0x01e08963)
core   0: 0x800053b6 (0x0108dcb3) srl     s9, a7, a6
core   0: 3 0x800053b6 (0x0108dcb3) x25 0x0001ffff
core   0: 0x800053ba (0x02b068b3) rem     a7, zero, a1
core   0: 3 0x800053ba (0x02b068b3) x17 0x00000000
core   0: 0x800053be (0x00000f72) c.slli  t5, 28
core   0: 3 0x800053be (0x0f72) x30 0xe0000000
core   0: 0x800053c0 (0xe38dcf93) xori    t6, s11, -456
core   0: 3 0x800053c0 (0xe38dcf93) x31 0x1f797cd2
core   0: 0x800053c4 (0x00008345) c.srli  a4, 17
core   0: 3 0x800053c4 (0x8345) x14 0x00000000
core   0: 0x800053c6 (0x0000c199) c.beqz  a1, pc + 6
core   0: 3 0x800053c6 (0xc199)
core   0: 0x800053cc (0x026789b3) mul     s3, a5, t1
core   0: 3 0x800053cc (0x026789b3) x19 0x80000000
core   0: 0x800053d0 (0x009be8b3) or      a7, s7, s1
core   0: 3 0x800053d0 (0x009be8b3) x17 0xfffff9fe
core   0: 0x800053d4 (0x0000100f) fence.i
core   0: 3 0x800053d4 (0x0000100f)
core   0: 0x800053d8 (0x85a42213) slti    tp, s0, -1958
core   0: 3 0x800053d8 (0x85a42213) x4  0x00000001
core   0: 0x800053dc (0x01d57533) and     a0, a0, t4
core   0: 3 0x800053dc (0x01d57533) x10 0x00000000
core   0: 0x800053e0 (0x00006aa1) c.lui   s5, 0x8
core   0: 3 0x800053e0 (0x6aa1) x21 0x00008000
core   0: 0x800053e2 (0x0000e709) c.bnez  a4, pc + 10
core   0: 3 0x800053e2 (0xe709)
core   0: 0x800053e4 (0x34007bf3) csrrci  s7, mscratch, 0
core   0: 3 0x800053e4 (0x34007bf3) x23 0x00000000
core   0: 0x800053e8 (0x0ff0000f) fence   iorw,iorw
core   0: 3 0x800053e8 (0x0ff0000f)
core   0: 0x800053ec (0x00000b4a) c.slli  s6, 18
core   0: 3 0x800053ec (0x0b4a) x22 0xff140000
core   0: 0x800053ee (0x419206b3) sub     a3, tp, s9
core   0: 3 0x800053ee (0x419206b3) x13 0xfffe0002
core   0: 0x800053f2 (0x03a02d33) mulhsu  s10, zero, s10
core   0: 3 0x800053f2 (0x03a02d33) x26 0x00000000
core   0: 0x800053f6 (0x0267d4b3) divu    s1, a5, t1
core   0: 3 0x800053f6 (0x0267d4b3) x9  0x00000001
core   0: 0x800053fa (0x01069793) slli    a5, a3, 16
core   0: 3 0x800053fa (0x01069793) x15 0x00020000
core   0: 0x800053fe (0x02849763) bne     s1, s0, pc + 46
core   0: 3 0x800053fe (0x02849763)
core   0: 0x8000542c (0x34007773) csrrci  a4, mscratch, 0
core   0: 3 0x8000542c (0x34007773) x14 0x00000000
core   0: 0x80005430 (0x003b5513) srli    a0, s6, 3
core   0: 3 0x80005430 (0x003b5513) x10 0x1fe28000
core   0: 0x80005434 (0x0ff0000f) fence   iorw,iorw
core   0: 3 0x80005434 (0x0ff0000f)
core   0: 0x80005438 (0x000017fd) c.addi  a5, -1
core   0: 3 0x80005438 (0x17fd) x15 0x0001ffff
core   0: 0x8000543a (0x00008e85) c.sub   a3, s1
core   0: 3 0x8000543a (0x8e85) x13 0xfffe0001
core   0: 0x8000543c (0x015c1e63) bne     s8, s5, pc + 28
core   0: 3 0x8000543c (0x015c1e63)
core   0: 0x80005458 (0x03232a33) mulhsu  s4, t1, s2
core   0: 3 0x80005458 (0x03232a33) x20 0xfffffff8
core   0: 0x8000545c (0x02bbcbb3) div     s7, s7, a1
core   0: 3 0x8000545c (0x02bbcbb3) x23 0xffffffff
core   0: 0x80005460 (0x00008d35) c.xor   a0, a3
core   0: 3 0x80005460 (0x8d35) x10 0xe01c8001
core   0: 0x80005462 (0xa633cf13) xori    t5, t2, -1437
core   0: 3 0x80005462 (0xa633cf13) x30 0xdffffa63
core   0: 0x80005466 (0x0000997d) c.andi  a0, -1
core   0: 3 0x80005466 (0x997d) x10 0xe01c8001
core   0: 0x80005468 (0x022a1a33) mulh    s4, s4, sp
core   0: 3 0x80005468 (0x022a1a33) x20 0xffffffff
core   0: 0x8000546c (0x0000c715) c.beqz  a4, pc + 44
core   0: 3 0x8000546c (0xc715)
core   0: 0x80005498 (0x340024f3) csrr    s1, mscratch
core   0: 3 0x80005498 (0x340024f3) x9  0x00000000
core   0: 0x8000549c (0xabd7cb93) xori    s7, a5, -1347
core   0: 3 0x8000549c (0xabd7cb93) x23 0xfffe0542
core   0: 0x800054a0 (0x017a50b3) srl     ra, s4, s7
core   0: 3 0x800054a0 (0x017a50b3) x1  0x3fffffff
core   0: 0x800054a4 (0x010fe463) bltu    t6, a6, pc + 8
core   0: 3 0x800054a4 (0x010fe463)
core   0: 0x800054ac (0x007f3bb3) sltu    s7, t5, t2
core   0: 3 0x800054ac (0x007f3bb3) x23 0x00000000
core   0: 0x800054b0 (0x00b976b3) and     a3, s2, a1
core   0: 3 0x800054b0 (0x00b976b3) x13 0x00000000
core   0: 0x800054b4 (0x038883b3) mul     t2, a7, s8
core   0: 3 0x800054b4 (0x038883b3) x7  0x00000602
core   0: 0x800054b8 (0x340fd3f3) csrrwi  t2, mscratch, 31
core   0: 3 0x800054b8 (0x340fd3f3) x7  0x00000000 c832_mscratch 0x0000001f
core   0: 0x800054bc (0x000066e9) c.lui   a3, 0x1a
core   0: 3 0x800054bc (0x66e9) x13 0x0001a000
core   0: 0x800054be (0x00006bb1) c.lui   s7, 0xc
core   0: 3 0x800054be (0x6bb1) x23 0x0000c000
core   0: 0x800054c0 (0x02eac963) blt     s5, a4, pc + 50
core   0: 3 0x800054c0 (0x02eac963)
core   0: 0x800054c4 (0x04b1c363) blt     gp, a1, pc + 70
core   0: 3 0x800054c4 (0x04b1c363)
core   0: 0x800054c8 (0xad53b393) sltiu   t2, t2, -1323
core   0: 3 0x800054c8 (0xad53b393) x7  0x00000001
core   0: 0x800054cc (0x011b26b3) slt     a3, s6, a7
core   0: 3 0x800054cc (0x011b26b3) x13 0x00000001
core   0: 0x800054d0 (0x000088a2) c.mv    a7, s0
core   0: 3 0x800054d0 (0x88a2) x17 0x80000000
core   0: 0x800054d2 (0x00000001) c.nop
core   0: 3 0x800054d2 (0x0001)
core   0: 0x800054d4 (0x03bd99b3) mulh    s3, s11, s11
core   0: 3 0x800054d4 (0x03bd99b3) x19 0x03dea5f2
core   0: 0x800054d8 (0x03239933) mulh    s2, t2, s2
core   0: 3 0x800054d8 (0x03239933) x18 0x00000000
core   0: 0x800054dc (0x65972893) slti    a7, a4, 1625
core   0: 3 0x800054dc (0x65972893) x17 0x00000001
core   0: 0x800054e0 (0x0ff0000f) fence   iorw,iorw
core   0: 3 0x800054e0 (0x0ff0000f)
core   0: 0x800054e4 (0x03e71e63) bne     a4, t5, pc + 60
core   0: 3 0x800054e4 (0x03e71e63)
core   0: 0x80005520 (0x01db5c63) bge     s6, t4, pc + 24
core   0: 3 0x80005520 (0x01db5c63)
core   0: 0x80005524 (0x014ca033) slt     zero, s9, s4
core   0: 3 0x80005524 (0x014ca033)
core   0: 0x80005528 (0x340bbff3) csrrc   t6, mscratch, s7
core   0: 3 0x80005528 (0x340bbff3) x31 0x0000001f c832_mscratch 0x0000001f
core   0: 0x8000552c (0x00262833) slt     a6, a2, sp
core   0: 3 0x8000552c (0x00262833) x16 0x00000001
core   0: 0x80005530 (0x03354863) blt     a0, s3, pc + 48
core   0: 3 0x80005530 (0x03354863)
core   0: 0x80005560 (0x0ff0000f) fence   iorw,iorw
core   0: 3 0x80005560 (0x0ff0000f)
core   0: 0x80005564 (0x00004b81) c.li    s7, 0
core   0: 3 0x80005564 (0x4b81) x23 0x00000000
core   0: 0x80005566 (0x00000a08) c.addi4spn a0, sp, 272
core   0: 3 0x80005566 (0x0a08) x10 0x000001d0
core   0: 0x80005568 (0x000083a1) c.srli  a5, 8
core   0: 3 0x80005568 (0x83a1) x15 0x000001ff
core   0: 0x8000556a (0x00000f85) c.addi  t6, 1
core   0: 3 0x8000556a (0x0f85) x31 0x00000020
core   0: 0x8000556c (0x00001318) c.addi4spn a4, sp, 416
core   0: 3 0x8000556c (0x1318) x14 0x00000260
core   0: 0x8000556e (0x3401f873) csrrci  a6, mscratch, 3
core   0: 3 0x8000556e (0x3401f873) x16 0x0000001f c832_mscratch 0x0000001c
core   0: 0x80005572 (0x340e51f3) csrrwi  gp, mscratch, 28
core   0: 3 0x80005572 (0x340e51f3) x3  0x0000001c c832_mscratch 0x0000001c
core   0: 0x80005576 (0x401d8833) sub     a6, s11, ra
core   0: 3 0x80005576 (0x401d8833) x16 0xa08682eb
core   0: 0x8000557a (0x34007273) csrrci  tp, mscratch, 0
core   0: 3 0x8000557a (0x34007273) x4  0x0000001c
core   0: 0x8000557e (0x0000ee91) c.bnez  a3, pc + 28
core   0: 3 0x8000557e (0xee91)
core   0: 0x8000559a (0x000084e5) c.srai  s1, 25
core   0: 3 0x8000559a (0x84e5) x9  0x00000000
core   0: 0x8000559c (0x01201033) sll     zero, zero, s2
core   0: 3 0x8000559c (0x01201033)
core   0: 0x800055a0 (0x00008d41) c.or    a0, s0
core   0: 3 0x800055a0 (0x8d41) x10 0x800001d0
core   0: 0x800055a2 (0x03c5e7b3) rem     a5, a1, t3
core   0: 3 0x800055a2 (0x03c5e7b3) x15 0x00000000
core   0: 0x800055a6 (0x015d6833) or      a6, s10, s5
core   0: 3 0x800055a6 (0x015d6833) x16 0x00008000
core   0: 0x800055aa (0x040f8463) beqz    t6, pc + 72
core   0: 3 0x800055aa (0x040f8463)
core   0: 0x800055ae (0x02ea52b3) divu    t0, s4, a4
core   0: 3 0x800055ae (0x02ea52b3) x5  0x006bca1a
core   0: 0x800055b2 (0x02c34463) blt     t1, a2, pc + 40
core   0: 3 0x800055b2 (0x02c34463)
core   0: 0x800055da (0x03f48533) mul     a0, s1, t6
core   0: 3 0x800055da (0x03f48533) x10 0x00000000
core   0: 0x800055de (0x0ba73f37) lui     t5, 0xba73
core   0: 3 0x800055de (0x0ba73f37) x30 0x0ba73000
core   0: 0x800055e2 (0x41795493) srai    s1, s2, 23
core   0: 3 0x800055e2 (0x41795493) x9  0x00000000
core   0: 0x800055e6 (0x00008ee1) c.and   a3, s0
core   0: 3 0x800055e6 (0x8ee1) x13 0x00000000
core   0: 0x800055e8 (0x41f15c93) srai    s9, sp, 31
core   0: 3 0x800055e8 (0x41f15c93) x25 0x00000000
core   0: 0x800055ec (0x340d11f3) csrrw   gp, mscratch, s10
core   0: 3 0x800055ec (0x340d11f3) x3  0x0000001c c832_mscratch 0x00000000
core   0: 0x800055f0 (0x0000717d) c.addi16sp sp, -16
core   0: 3 0x800055f0 (0x717d) x2  0x000000b0
core   0: 0x800055f2 (0x010b1cb3) sll     s9, s6, a6
core   0: 3 0x800055f2 (0x010b1cb3) x25 0xff140000
core   0: 0x800055f6 (0x05456563) bltu    a0, s4, pc + 74
core   0: 3 0x800055f6 (0x05456563)
core   0: 0x80005640 (0x0136df93) srli    t6, a3, 19
core   0: 3 0x80005640 (0x0136df93) x31 0x00000000
core   0: 0x80005644 (0x64d5aa13) slti    s4, a1, 1613
core   0: 3 0x80005644 (0x64d5aa13) x20 0x00000001
core   0: 0x80005648 (0x00000b84) c.addi4spn s1, sp, 464
core   0: 3 0x80005648 (0x0b84) x9  0x00000280
core   0: 0x8000564a (0x0ff0000f) fence   iorw,iorw
core   0: 3 0x8000564a (0x0ff0000f)
core   0: 0x8000564e (0x0df90d93) addi    s11, s2, 223
core   0: 3 0x8000564e (0x0df90d93) x27 0x000000df
core   0: 0x80005652 (0x15f0df17) auipc   t5, 0x15f0d
core   0: 3 0x80005652 (0x15f0df17) x30 0x95f12652
core   0: 0x80005656 (0x3405d7f3) csrrwi  a5, mscratch, 11
core   0: 3 0x80005656 (0x3405d7f3) x15 0x00000000 c832_mscratch 0x0000000b
core   0: 0x8000565a (0x0000717d) c.addi16sp sp, -16
core   0: 3 0x8000565a (0x717d) x2  0x000000a0
core   0: 0x8000565c (0x2d150493) addi    s1, a0, 721
core   0: 3 0x8000565c (0x2d150493) x9  0x000002d1
core   0: 0x80005660 (0x02159063) bne     a1, ra, pc + 32
core   0: 3 0x80005660 (0x02159063)
core   0: 0x80005680 (0x027511b3) mulh    gp, a0, t2
core   0: 3 0x80005680 (0x027511b3) x3  0x00000000
core   0: 0x80005684 (0x6574db97) auipc   s7, 0x6574d
core   0: 3 0x80005684 (0x6574db97) x23 0xe5752684
core   0: 0x80005688 (0x34002c73) csrr    s8, mscratch
core   0: 3 0x80005688 (0x34002c73) x24 0x0000000b
core   0: 0x8000568c (0xb8602f17) auipc   t5, 0xb8602
core   0: 3 0x8000568c (0xb8602f17) x30 0x3860768c
core   0: 0x80005690 (0x03505263) bge     zero, s5, pc + 36
core   0: 3 0x80005690 (0x03505263)
core   0: 0x80005694 (0x340afef3) csrrci  t4, mscratch, 21
core   0: 3 0x80005694 (0x340afef3) x29 0x0000000b c832_mscratch 0x0000000a
core   0: 0x80005698 (0x003c0b33) add     s6, s8, gp
core   0: 3 0x80005698 (0x003c0b33) x22 0x0000000b
core   0: 0x8000569c (0x015a10b3) sll     ra, s4, s5
core   0: 3 0x8000569c (0x015a10b3) x1  0x00000001
core   0: 0x800056a0 (0x41a2d4b3) sra     s1, t0, s10
core   0: 3 0x800056a0 (0x41a2d4b3) x9  0x006bca1a
core   0: 0x800056a4 (0x0255f8b3) remu    a7, a1, t0
core   0: 3 0x800056a4 (0x0255f8b3) x17 0x00000000
core   0: 0x800056a8 (0x02fd9f63) bne     s11, a5, pc + 62
core   0: 3 0x800056a8 (0x02fd9f63)
core   0: 0x800056e6 (0x340adf73) csrrwi  t5, mscratch, 21
core   0: 3 0x800056e6 (0x340adf73) x30 0x0000000a c832_mscratch 0x00000015
core   0: 0x800056ea (0x004a60b3) or      ra, s4, tp
core   0: 3 0x800056ea (0x004a60b3) x1  0x0000001d
core   0: 0x800056ee (0x0000cf09) c.beqz  a4, pc + 26
core   0: 3 0x800056ee (0xcf09)
core   0: 0x800056f0 (0x0000100f) fence.i
core   0: 3 0x800056f0 (0x0000100f)
core   0: 0x800056f4 (0x00dc99b3) sll     s3, s9, a3
core   0: 3 0x800056f4 (0x00dc99b3) x19 0xff140000
core   0: 0x800056f8 (0x00009dae) c.add   s11, a1
core   0: 3 0x800056f8 (0x9dae) x27 0x000000df
core   0: 0x800056fa (0x00e981b3) add     gp, s3, a4
core   0: 3 0x800056fa (0x00e981b3) x3  0xff140260
core   0: 0x800056fe (0x00008ff9) c.and   a5, a4
core   0: 3 0x800056fe (0x8ff9) x15 0x00000000
core   0: 0x80005700 (0x007c5013) srli    zero, s8, 7
core   0: 3 0x80005700 (0x007c5013)
core   0: 0x80005704 (0x4113dd33) sra     s10, t2, a7
core   0: 3 0x80005704 (0x4113dd33) x26 0x00000001
core   0: 0x80005708 (0x00000001) c.nop
core   0: 3 0x80005708 (0x0001)
core   0: 0x8000570a (0x52adc093) xori    ra, s11, 1322
core   0: 3 0x8000570a (0x52adc093) x1  0x000005f5
core   0: 0x8000570e (0x000082b6) c.mv    t0, a3
core   0: 3 0x8000570e (0x82b6) x5  0x00000000
core   0: 0x80005710 (0x01d8e9b3) or      s3, a7, t4
core   0: 3 0x80005710 (0x01d8e9b3) x19 0x0000000b
core   0: 0x80005714 (0x000003a9) c.addi  t2, 10
core   0: 3 0x80005714 (0x03a9) x7  0x0000000b
core   0: 0x80005716 (0x3408e373) csrrsi  t1, mscratch, 17
core   0: 3 0x80005716 (0x3408e373) x6  0x00000015 c832_mscratch 0x00000015
core   0: 0x8000571a (0x005113b3) sll     t2, sp, t0
core   0: 3 0x8000571a (0x005113b3) x7  0x000000a0
core   0: 0x8000571e (0x003dde93) srli    t4, s11, 3
core   0: 3 0x8000571e (0x003dde93) x29 0x0000001b
core   0: 0x80005722 (0x03351463) bne     a0, s3, pc + 40
core   0: 3 0x80005722 (0x03351463)
core   0: 0x8000574a (0x00008fb5) c.xor   a5, a3
core   0: 3 0x8000574a (0x8fb5) x15 0x00000000
core   0: 0x8000574c (0x40e0dd93) srai    s11, ra, 14
core   0: 3 0x8000574c (0x40e0dd93) x27 0x00000000
core   0: 0x80005750 (0x0000100f) fence.i
core   0: 3 0x80005750 (0x0000100f)
core   0: 0x80005754 (0x02e0e163) bltu    ra, a4, pc + 34
core   0: 3 0x80005754 (0x02e0e163)
core   0: 0x80005758 (0x0193b2b3) sltu    t0, t2, s9
core   0: 3 0x80005758 (0x0193b2b3) x5  0x00000001
core   0: 0x8000575c (0x00009bfd) c.andi  a5, -1
core   0: 3 0x8000575c (0x9bfd) x15 0x00000000
core   0: 0x8000575e (0x34007bf3) csrrci  s7, mscratch, 0
core   0: 3 0x8000575e (0x34007bf3) x23 0x00000015
core   0: 0x80005762 (0x0000100f) fence.i
core   0: 3 0x80005762 (0x0000100f)
core   0: 0x80005766 (0x037051b3) divu    gp, zero, s7
core   0: 3 0x80005766 (0x037051b3) x3  0x00000000
core   0: 0x8000576a (0x00008ca9) c.xor   s1, a0
core   0: 3 0x8000576a (0x8ca9) x9  0x006bca1a
core   0: 0x8000576c (0x00009afd) c.andi  a3, -1
core   0: 3 0x8000576c (0x9afd) x13 0x00000000
core   0: 0x8000576e (0x0364d563) bge     s1, s6, pc + 42
core   0: 3 0x8000576e (0x0364d563)
core   0: 0x80005798 (0x0231cb63) blt     gp, gp, pc + 54
core   0: 3 0x80005798 (0x0231cb63)
core   0: 0x8000579c (0x00000001) c.nop
core   0: 3 0x8000579c (0x0001)
core   0: 0x8000579e (0x012c1913) slli    s2, s8, 18
core   0: 3 0x8000579e (0x012c1913) x18 0x002c0000
core   0: 0x800057a2 (0x01a4d263) bge     s1, s10, pc + 4
core   0: 3 0x800057a2 (0x01a4d263)
core   0: 0x800057a6 (0x0001ea63) bltu    gp, zero, pc + 20
core   0: 3 0x800057a6 (0x0001ea63)
core   0: 0x800057aa (0x000084f1) c.srai  s1, 28
core   0: 3 0x800057aa (0x84f1) x9  0x00000000
core   0: 0x800057ac (0x340fe8f3) csrrsi  a7, mscratch, 31
core   0: 3 0x800057ac (0x340fe8f3) x17 0x00000015 c832_mscratch 0x0000001f
core   0: 0x800057b0 (0x00071d13) slli    s10, a4, 0
core   0: 3 0x800057b0 (0x00071d13) x26 0x00000260
core   0: 0x800057b4 (0x000089ae) c.mv    s3, a1
core   0: 3 0x800057b4 (0x89ae) x19 0x00000000
core   0: 0x800057b6 (0x340cb973) csrrc   s2, mscratch, s9
core   0: 3 0x800057b6 (0x340cb973) x18 0x0000001f c832_mscratch 0x0000001f
core   0: 0x800057ba (0x02ace833) rem     a6, s9, a0
core   0: 3 0x800057ba (0x02ace833) x16 0xff140000
core   0: 0x800057be (0x03f5c763) blt     a1, t6, pc + 46
core   0: 3 0x800057be (0x03f5c763)
core   0: 0x800057c2 (0xacf052b7) lui     t0, 0xacf05
core   0: 3 0x800057c2 (0xacf052b7) x5  0xacf05000
core   0: 0x800057c6 (0xb3b0b493) sltiu   s1, ra, -1221
core   0: 3 0x800057c6 (0xb3b0b493) x9  0x00000001
core   0: 0x800057ca (0x0000c191) c.beqz  a1, pc + 4
core   0: 3 0x800057ca (0xc191)
core   0: 0x800057ce (0x00008cc5) c.or    s1, s1
core   0: 3 0x800057ce (0x8cc5) x9  0x00000001
core   0: 0x800057d0 (0x01282733) slt     a4, a6, s2
core   0: 3 0x800057d0 (0x01282733) x14 0x00000001
core   0: 0x800057d4 (0x00000001) c.nop
core   0: 3 0x800057d4 (0x0001)
core   0: 0x800057d6 (0x0156fb33) and     s6, a3, s5
core   0: 3 0x800057d6 (0x0156fb33) x22 0x00000000
core   0: 0x800057da (0x01480e63) beq     a6, s4, pc + 28
core   0: 3 0x800057da (0x01480e63)
core   0: 0x800057de (0x03269c33) mulh    s8, a3, s2
core   0: 3 0x800057de (0x03269c33) x24 0x00000000
core   0: 0x800057e2 (0x00000001) c.nop
core   0: 3 0x800057e2 (0x0001)
core   0: 0x800057e4 (0x340ca973) csrrs   s2, mscratch, s9
core   0: 3 0x800057e4 (0x340ca973) x18 0x0000001f c832_mscratch 0xff14001f
core   0: 0x800057e8 (0x031ab233) mulhu   tp, s5, a7
core   0: 3 0x800057e8 (0x031ab233) x4  0x00000000
core   0: 0x800057ec (0x404c5d13) srai    s10, s8, 4
core   0: 3 0x800057ec (0x404c5d13) x26 0x00000000
core   0: 0x800057f0 (0x00008731) c.srai  a4, 12
core   0: 3 0x800057f0 (0x8731) x14 0x00000000
core   0: 0x800057f2 (0x02ec33b3) mulhu   t2, s8, a4
core   0: 3 0x800057f2 (0x02ec33b3) x7  0x00000000
core   0: 0x800057f6 (0x00000001) c.nop
core   0: 3 0x800057f6 (0x0001)
core   0: 0x800057f8 (0x40670fb3) sub     t6, a4, t1
core   0: 3 0x800057f8 (0x40670fb3) x31 0xffffffeb
core   0: 0x800057fc (0x000040dd) c.li    ra, 23
core   0: 3 0x800057fc (0x40dd) x1  0x00000017
core   0: 0x800057fe (0x00008dbd) c.xor   a1, a5
core   0: 3 0x800057fe (0x8dbd) x11 0x00000000
core   0: 0x80005800 (0x014d4a33) xor     s4, s10, s4
core   0: 3 0x80005800 (0x014d4a33) x20 0x00000001
core   0: 0x80005804 (0x01fa1793) slli    a5, s4, 31
core   0: 3 0x80005804 (0x01fa1793) x15 0x80000000
core   0: 0x80005808 (0x042e6263) bltu    t3, sp, pc + 68
core   0: 3 0x80005808 (0x042e6263)
core   0: 0x8000580c (0x0355f263) bgeu    a1, s5, pc + 36
core   0: 3 0x8000580c (0x0355f263)
core   0: 0x80005810 (0x00ea31b3) sltu    gp, s4, a4
core   0: 3 0x80005810 (0x00ea31b3) x3  0x00000000
core   0: 0x80005814 (0x0340bb33) mulhu   s6, ra, s4
core   0: 3 0x80005814 (0x0340bb33) x22 0x00000000
core   0: 0x80005818 (0x0000097a) c.slli  s2, 30
core   0: 3 0x80005818 (0x097a) x18 0xc0000000
core   0: 0x8000581a (0xf5d8a393) slti    t2, a7, -163
core   0: 3 0x8000581a (0xf5d8a393) x7  0x00000000
core   0: 0x8000581e (0x00000f88) c.addi4spn a0, sp, 976
core   0: 3 0x8000581e (0x0f88) x10 0x00000470
core   0: 0x80005820 (0x01c7e0b3) or      ra, a5, t3
core   0: 3 0x80005820 (0x01c7e0b3) x1  0x8001fe64
core   0: 0x80005824 (0xe927c493) xori    s1, a5, -366
core   0: 3 0x80005824 (0xe927c493) x9  0x7ffffe92
core   0: 0x80005828 (0x025fb4b3) mulhu   s1, t6, t0
core   0: 3 0x80005828 (0x025fb4b3) x9  0xacf04ff1
core   0: 0x8000582c (0x00001284) c.addi4spn s1, sp, 352
core   0: 3 0x8000582c (0x1284) x9  0x00000200
core   0: 0x8000582e (0x0000597d) c.li    s2, -1
core   0: 3 0x8000582e (0x597d) x18 0xffffffff
core   0: 0x80005830 (0x02844733) div     a4, s0, s0
core   0: 3 0x80005830 (0x02844733) x14 0x00000001
core   0: 0x80005834 (0x34051a73) csrrw   s4, mscratch, a0
core   0: 3 0x80005834 (0x34051a73) x20 0xff14001f c832_mscratch 0x00000470
core   0: 0x80005838 (0x001eb833) sltu    a6, t4, ra
core   0: 3 0x80005838 (0x001eb833) x16 0x00000001
core   0: 0x8000583c (0x016bc9b3) xor     s3, s7, s6
core   0: 3 0x8000583c (0x016bc9b3) x19 0x00000015
core   0: 0x80005840 (0x00008ea1) c.xor   a3, s0
core   0: 3 0x80005840 (0x8ea1) x13 0x80000000
core   0: 0x80005842 (0x34059af3) csrrw   s5, mscratch, a1
core   0: 3 0x80005842 (0x34059af3) x21 0x00000470 c832_mscratch 0x00000000
core   0: 0x80005846 (0x023d6663) bltu    s10, gp, pc + 44
core   0: 3 0x80005846 (0x023d6663)
core   0: 0x8000584a (0x0000717d) c.addi16sp sp, -16
core   0: 3 0x8000584a (0x717d) x2  0x00000090
core   0: 0x8000584c (0x063caf37) lui     t5, 0x63ca
core   0: 3 0x8000584c (0x063caf37) x30 0x063ca000
core   0: 0x80005850 (0x000082d5) c.srli  a3, 21
core   0: 3 0x80005850 (0x82d5) x13 0x00000400
core   0: 0x80005852 (0x00c84563) blt     a6, a2, pc + 10
core   0: 3 0x80005852 (0x00c84563)
core   0: 0x80005856 (0x00006f91) c.lui   t6, 0x4
core   0: 3 0x80005856 (0x6f91) x31 0x00004000
core   0: 0x80005858 (0x03f594b3) mulh    s1, a1, t6
core   0: 3 0x80005858 (0x03f594b3) x9  0x00000000
core   0: 0x8000585c (0x74f6c193) xori    gp, a3, 1871
core   0: 3 0x8000585c (0x74f6c193) x3  0x0000034f
core   0: 0x80005860 (0x0000078a) c.slli  a5, 2
core   0: 3 0x80005860 (0x078a) x15 0x00000000
core   0: 0x80005862 (0x0000831d) c.srli  a4, 7
core   0: 3 0x80005862 (0x831d) x14 0x00000000
core   0: 0x80005864 (0x00008d09) c.sub   a0, a0
core   0: 3 0x80005864 (0x8d09) x10 0x00000000
core   0: 0x80005866 (0x0192f7b3) and     a5, t0, s9
core   0: 3 0x80005866 (0x0192f7b3) x15 0xac100000
core   0: 0x8000586a (0x0004bdb3) sltu    s11, s1, zero
core   0: 3 0x8000586a (0x0004bdb3) x27 0x00000000
core   0: 0x8000586e (0x012c2133) slt     sp, s8, s2
core   0: 3 0x8000586e (0x012c2133) x2  0x00000000
core   0: 0x80005872 (0x0fd02293) slti    t0, zero, 253
core   0: 3 0x80005872 (0x0fd02293) x5  0x00000001
core   0: 0x80005876 (0x0109acb3) slt     s9, s3, a6
core   0: 3 0x80005876 (0x0109acb3) x25 0x00000000
core   0: 0x8000587a (0x00000001) c.nop
core   0: 3 0x8000587a (0x0001)
core   0: 0x8000587c (0x0000e89d) c.bnez  s1, pc + 54
core   0: 3 0x8000587c (0xe89d)
core   0: 0x8000587e (0x02e5bd33) mulhu   s10, a1, a4
core   0: 3 0x8000587e (0x02e5bd33) x26 0x00000000
core   0: 0x80005882 (0x03171363) bne     a4, a7, pc + 38
core   0: 3 0x80005882 (0x03171363)
core   0: 0x800058a8 (0x0230ddb3) divu    s11, ra, gp
core   0: 3 0x800058a8 (0x0230ddb3) x27 0x0026b082
core   0: 0x800058ac (0x34006b73) csrrsi  s6, mscratch, 0
core   0: 3 0x800058ac (0x34006b73) x22 0x00000000
core   0: 0x800058b0 (0x00000189) c.addi  gp, 2
core   0: 3 0x800058b0 (0x0189) x3  0x00000351
core   0: 0x800058b2 (0x019fc933) xor     s2, t6, s9
core   0: 3 0x800058b2 (0x019fc933) x18 0x00004000
core   0: 0x800058b6 (0x51322513) slti    a0, tp, 1299
core   0: 3 0x800058b6 (0x51322513) x10 0x00000001
core   0: 0x800058ba (0x026609b3) mul     s3, a2, t1
core   0: 3 0x800058ba (0x026609b3) x19 0x802efeb4
core   0: 0x800058be (0x00008771) c.srai  a4, 28
core   0: 3 0x800058be (0x8771) x14 0x00000000
core   0: 0x800058c0 (0x000052fd) c.li    t0, -1
core   0: 3 0x800058c0 (0x52fd) x5  0xffffffff
core   0: 0x800058c2 (0x00006cc9) c.lui   s9, 0x12
core   0: 3 0x800058c2 (0x6cc9) x25 0x00012000
core   0: 0x800058c4 (0x00008d19) c.sub   a0, a4
core   0: 3 0x800058c4 (0x8d19) x10 0x00000001
core   0: 0x800058c6 (0x340664f3) csrrsi  s1, mscratch, 12
core   0: 3 0x800058c6 (0x340664f3) x9  0x00000000 c832_mscratch 0x0000000c
core   0: 0x800058ca (0x4ed4bd93) sltiu   s11, s1, 1261
core   0: 3 0x800058ca (0x4ed4bd93) x27 0x00000001
core   0: 0x800058ce (0x0174df93) srli    t6, s1, 23
core   0: 3 0x800058ce (0x0174df93) x31 0x00000000
core   0: 0x800058d2 (0xdbea2713) slti    a4, s4, -578
core   0: 3 0x800058d2 (0xdbea2713) x14 0x00000001
core   0: 0x800058d6 (0x0ff0000f) fence   iorw,iorw
core   0: 3 0x800058d6 (0x0ff0000f)
core   0: 0x800058da (0x038c8833) mul     a6, s9, s8
core   0: 3 0x800058da (0x038c8833) x16 0x00000000
core   0: 0x800058de (0xe54aad13) slti    s10, s5, -428
core   0: 3 0x800058de (0xe54aad13) x26 0x00000000
core   0: 0x800058e2 (0x000084a1) c.srai  s1, 8
core   0: 3 0x800058e2 (0x84a1) x9  0x00000000
core   0: 0x800058e4 (0x5a72c113) xori    sp, t0, 1447
core   0: 3 0x800058e4 (0x5a72c113) x2  0xfffffa58
core   0: 0x800058e8 (0x0000517d) c.li    sp, -1
core   0: 3 0x800058e8 (0x517d) x2  0xffffffff
core   0: 0x800058ea (0x00008975) c.andi  a0, 29
core   0: 3 0x800058ea (0x8975) x10 0x00000001
core   0: 0x800058ec (0x000041cd) c.li    gp, 19
core   0: 3 0x800058ec (0x41cd) x3  0x00000013
core   0: 0x800058ee (0x01fecbb3) xor     s7, t4, t6
core   0: 3 0x800058ee (0x01fecbb3) x23 0x0000001b
core   0: 0x800058f2 (0x0000839d) c.srli  a5, 7
core   0: 3 0x800058f2 (0x839d) x15 0x01582000
core   0: 0x800058f4 (0x00000001) c.nop
core   0: 3 0x800058f4 (0x0001)
core   0: 0x800058f6 (0x01b9abb3) slt     s7, s3, s11
core   0: 3 0x800058f6 (0x01b9abb3) x23 0x00000001
core   0: 0x800058fa (0x00008cb9) c.xor   s1, a4
core   0: 3 0x800058fa (0x8cb9) x9  0x00000001
core   0: 0x800058fc (0x00000c88) c.addi4spn a0, sp, 592
core   0: 3 0x800058fc (0x0c88) x10 0x0000024f
core   0: 0x800058fe (0x01775f13) srli    t5, a4, 23
core   0: 3 0x800058fe (0x01775f13) x30 0x00000000
core   0: 0x80005902 (0x01215013) srli    zero, sp, 18
core   0: 3 0x80005902 (0x01215013)
core   0: 0x80005906 (0x011d0563) beq     s10, a7, pc + 10
core   0: 3 0x80005906 (0x011d0563)
core   0: 0x8000590a (0x00008ade) c.mv    s5, s7
core   0: 3 0x8000590a (0x8ade) x21 0x00000001
core   0: 0x8000590c (0x03a778b3) remu    a7, a4, s10
core   0: 3 0x8000590c (0x03a778b3) x17 0x00000001
core   0: 0x80005910 (0x01a11133) sll     sp, sp, s10
core   0: 3 0x80005910 (0x01a11133) x2  0xffffffff
core   0: 0x80005914 (0x03f0f333) remu    t1, ra, t6
core   0: 3 0x80005914 (0x03f0f333) x6  0x8001fe64
core   0: 0x80005918 (0x01baeab3) or      s5, s5, s11
core   0: 3 0x80005918 (0x01baeab3) x21 0x00000001
core   0: 0x8000591c (0x031bda33) divu    s4, s7, a7
core   0: 3 0x8000591c (0x031bda33) x20 0x00000001
core   0: 0x80005920 (0x000082f5) c.srli  a3, 29
core   0: 3 0x80005920 (0x82f5) x13 0x00000000
core   0: 0x80005922 (0x00008fd1) c.or    a5, a2
core   0: 3 0x80005922 (0x8fd1) x15 0x815a3ce4
core   0: 0x80005924 (0x34015a73) csrrwi  s4, mscratch, 2
core   0: 3 0x80005924 (0x34015a73) x20 0x0000000c c832_mscratch 0x00000002
core   0: 0x80005928 (0x000006ea) c.slli  a3, 26
core   0: 3 0x80005928 (0x06ea) x13 0x00000000
core   0: 0x8000592a (0x0232fab3) remu    s5, t0, gp
core   0: 3 0x8000592a (0x0232fab3) x21 0x00000005
core   0: 0x8000592e (0x018fdc33) srl     s8, t6, s8
core   0: 3 0x8000592e (0x018fdc33) x24 0x00000000
core   0: 0x80005932 (0x4aadf913) andi    s2, s11, 1194
core   0: 3 0x80005932 (0x4aadf913) x18 0x00000000
core   0: 0x80005936 (0x00008d29) c.xor   a0, a0
core   0: 3 0x80005936 (0x8d29) x10 0x00000000
core   0: 0x80005938 (0x0000058c) c.addi4spn a1, sp, 704
core   0: 3 0x80005938 (0x058c) x11 0x000002bf
core   0: 0x8000593a (0x02fd2033) mulhsu  zero, s10, a5
core   0: 3 0x8000593a (0x02fd2033)
core   0: 0x8000593e (0x0ff0000f) fence   iorw,iorw
core   0: 3 0x8000593e (0x0ff0000f)
core   0: 0x80005942 (0x00006685) c.lui   a3, 0x1
core   0: 3 0x80005942 (0x6685) x13 0x00001000
core   0: 0x80005944 (0x00000b94) c.addi4spn a3, sp, 464
core   0: 3 0x80005944 (0x0b94) x13 0x000001cf
core   0: 0x80005946 (0x00c60d33) add     s10, a2, a2
core   0: 3 0x80005946 (0x00c60d33) x26 0x000479c8
core   0: 0x8000594a (0x00008f29) c.xor   a4, a0
core   0: 3 0x8000594a (0x8f29) x14 0x00000001
core   0: 0x8000594c (0x7d0fb993) sltiu   s3, t6, 2000
core   0: 3 0x8000594c (0x7d0fb993) x19 0x00000001
core   0: 0x80005950 (0x0000050d) c.addi  a0, 3
core   0: 3 0x80005950 (0x050d) x10 0x00000003
core   0: 0x80005952 (0x02939e63) bne     t2, s1, pc + 60
core   0: 3 0x80005952 (0x02939e63)
core   0: 0x8000598e (0x000084b5) c.srai  s1, 13
core   0: 3 0x8000598e (0x84b5) x9  0x00000000
core   0: 0x80005990 (0x00009996) c.add   s3, t0
core   0: 3 0x80005990 (0x9996) x19 0x00000000
core   0: 0x80005992 (0x03fb0fb3) mul     t6, s6, t6
core   0: 3 0x80005992 (0x03fb0fb3) x31 0x00000000
core   0: 0x80005996 (0x0000e895) c.bnez  s1, pc + 52
core   0: 3 0x80005996 (0xe895)
core   0: 0x80005998 (0x02e4e233) rem     tp, s1, a4
core   0: 3 0x80005998 (0x02e4e233) x4  0x00000000
core   0: 0x8000599c (0x02149fb3) mulh    t6, s1, ra
core   0: 3 0x8000599c (0x02149fb3) x31 0x00000000
core   0: 0x800059a0 (0x00004289) c.li    t0, 2
core   0: 3 0x800059a0 (0x4289) x5  0x00000002
core   0: 0x800059a2 (0x0c5d2f13) slti    t5, s10, 197
core   0: 3 0x800059a2 (0x0c5d2f13) x30 0x00000000
core   0: 0x800059a6 (0x00008089) c.srli  s1, 2
core   0: 3 0x800059a6 (0x8089) x9  0x00000000
core   0: 0x800059a8 (0x02cd1a63) bne     s10, a2, pc + 52
core   0: 3 0x800059a8 (0x02cd1a63)
core   0: 0x800059dc (0x34007273) csrrci  tp, mscratch, 0
core   0: 3 0x800059dc (0x34007273) x4  0x00000002
core   0: 0x800059e0 (0x0000717d) c.addi16sp sp, -16
core   0: 3 0x800059e0 (0x717d) x2  0xffffffef
core   0: 0x800059e2 (0x01c46933) or      s2, s0, t3
core   0: 3 0x800059e2 (0x01c46933) x18 0x8001fe64
core   0: 0x800059e6 (0x00006105) c.addi16sp sp, 32
core   0: 3 0x800059e6 (0x6105) x2  0x0000000f
core   0: 0x800059e8 (0x00ad60b3) or      ra, s10, a0
core   0: 3 0x800059e8 (0x00ad60b3) x1  0x000479cb
core   0: 0x800059ec (0x003e1eb3) sll     t4, t3, gp
core   0: 3 0x800059ec (0x003e1eb3) x29 0xf3200000
core   0: 0x800059f0 (0x000049fd) c.li    s3, 31
core   0: 3 0x800059f0 (0x49fd) x19 0x0000001f
core   0: 0x800059f2 (0x000089f1) c.andi  a1, 28
core   0: 3 0x800059f2 (0x89f1) x11 0x0000001c
core   0: 0x800059f4 (0x0ff0000f) fence   iorw,iorw
core   0: 3 0x800059f4 (0x0ff0000f)
core   0: 0x800059f8 (0x01066833) or      a6, a2, a6
core   0: 3 0x800059f8 (0x01066833) x16 0x80023ce4
core   0: 0x800059fc (0x03b13533) mulhu   a0, sp, s11
core   0: 3 0x800059fc (0x03b13533) x10 0x00000000
core   0: 0x80005a00 (0x00d55c63) bge     a0, a3, pc + 24
core   0: 3 0x80005a00 (0x00d55c63)
core   0: 0x80005a04 (0x00008d09) c.sub   a0, a0
core   0: 3 0x80005a04 (0x8d09) x10 0x00000000
core   0: 0x80005a06 (0x40db8bb3) sub     s7, s7, a3
core   0: 3 0x80005a06 (0x40db8bb3) x23 0xfffffe32
core   0: 0x80005a0a (0x03131f63) bne     t1, a7, pc + 62
core   0: 3 0x80005a0a (0x03131f63)
core   0: 0x80005a48 (0x0ff0000f) fence   iorw,iorw
core   0: 3 0x80005a48 (0x0ff0000f)
core   0: 0x80005a4c (0x01349833) sll     a6, s1, s3
core   0: 3 0x80005a4c (0x01349833) x16 0x00000000
core   0: 0x80005a50 (0x41c4db93) srai    s7, s1, 28
core   0: 3 0x80005a50 (0x41c4db93) x23 0x00000000
core   0: 0x80005a54 (0x01524033) xor     zero, tp, s5
core   0: 3 0x80005a54 (0x01524033)
core   0: 0x80005a58 (0x00000001) c.nop
core   0: 3 0x80005a58 (0x0001)
core   0: 0x80005a5a (0x37e17213) andi    tp, sp, 894
core   0: 3 0x80005a5a (0x37e17213) x4  0x0000000e
core   0: 0x80005a5e (0x00206cb3) or      s9, zero, sp
core   0: 3 0x80005a5e (0x00206cb3) x25 0x0000000f
core   0: 0x80005a62 (0x000083b1) c.srli  a5, 12
core   0: 3 0x80005a62 (0x83b1) x15 0x000815a3
core   0: 0x80005a64 (0x031f4163) blt     t5, a7, pc + 34
core   0: 3 0x80005a64 (0x031f4163)
core   0: 0x80005a86 (0x03bd9e63) bne     s11, s11, pc + 60
core   0: 3 0x80005a86 (0x03bd9e63)
core   0: 0x80005a8a (0x00b89093) slli    ra, a7, 11
core   0: 3 0x80005a8a (0x00b89093) x1  0x00000800
core   0: 0x80005a8e (0x00008ed5) c.or    a3, a3
core   0: 3 0x80005a8e (0x8ed5) x13 0x000001cf
core   0: 0x80005a90 (0x000087f9) c.srai  a5, 30
core   0: 3 0x80005a90 (0x87f9) x15 0x00000000
core   0: 0x80005a92 (0x00000001) c.nop
core   0: 3 0x80005a92 (0x0001)
core   0: 0x80005a94 (0x037bb733) mulhu   a4, s7, s7
core   0: 3 0x80005a94 (0x037bb733) x14 0x00000000
core   0: 0x80005a98 (0x00008b09) c.andi  a4, 2
core   0: 3 0x80005a98 (0x8b09) x14 0x00000000
core   0: 0x80005a9a (0x00000001) c.nop
core   0: 3 0x80005a9a (0x0001)
core   0: 0x80005a9c (0x00d92db3) slt     s11, s2, a3
core   0: 3 0x80005a9c (0x00d92db3) x27 0x00000001
core   0: 0x80005aa0 (0x02f21b33) mulh    s6, tp, a5
core   0: 3 0x80005aa0 (0x02f21b33) x22 0x00000000
core   0: 0x80005aa4 (0x01ad62b3) or      t0, s10, s10
core   0: 3 0x80005aa4 (0x01ad62b3) x5  0x000479c8
core   0: 0x80005aa8 (0x024c7133) remu    sp, s8, tp
core   0: 3 0x80005aa8 (0x024c7133) x2  0x00000000
core   0: 0x80005aac (0x034df533) remu    a0, s11, s4
core   0: 3 0x80005aac (0x034df533) x10 0x00000001
core   0: 0x80005ab0 (0x0000e19d) c.bnez  a1, pc + 38
core   0: 3 0x80005ab0 (0xe19d)
core   0: 0x80005ad6 (0x026473b3) remu    t2, s0, t1
core   0: 3 0x80005ad6 (0x026473b3) x7  0x80000000
core   0: 0x80005ada (0x00009bfd) c.andi  a5, -1
core   0: 3 0x80005ada (0x9bfd) x15 0x00000000
core   0: 0x80005adc (0x340d96f3) csrrw   a3, mscratch, s11
core   0: 3 0x80005adc (0x340d96f3) x13 0x00000002 c832_mscratch 0x00000001
core   0: 0x80005ae0 (0x0ff0000f) fence   iorw,iorw
core   0: 3 0x80005ae0 (0x0ff0000f)
core   0: 0x80005ae4 (0x5640a213) slti    tp, ra, 1380
core   0: 3 0x80005ae4 (0x5640a213) x4  0x00000000
core   0: 0x80005ae8 (0x00009033) sll     zero, ra, zero
core   0: 3 0x80005ae8 (0x00009033)
core   0: 0x80005aec (0x0000100f) fence.i
core   0: 3 0x80005aec (0x0000100f)
core   0: 0x80005af0 (0x34007cf3) csrrci  s9, mscratch, 0
core   0: 3 0x80005af0 (0x34007cf3) x25 0x00000001
core   0: 0x80005af4 (0x01a36c63) bltu    t1, s10, pc + 24
core   0: 3 0x80005af4 (0x01a36c63)
core   0: 0x80005af8 (0x039e38b3) mulhu   a7, t3, s9
core   0: 3 0x80005af8 (0x039e38b3) x17 0x00000000
core   0: 0x80005afc (0x017a5093) srli    ra, s4, 23
core   0: 3 0x80005afc (0x017a5093) x1  0x00000000
core   0: 0x80005b00 (0x037188b3) mul     a7, gp, s7
core   0: 3 0x80005b00 (0x037188b3) x17 0x00000000
core   0: 0x80005b04 (0x00009afd) c.andi  a3, -1
core   0: 3 0x80005b04 (0x9afd) x13 0x00000002
core   0: 0x80005b06 (0x00000001) c.nop
core   0: 3 0x80005b06 (0x0001)
core   0: 0x80005b08 (0x000060b5) c.lui   ra, 0xd
core   0: 3 0x80005b08 (0x60b5) x1  0x0000d000
core   0: 0x80005b0a (0x00000e88) c.addi4spn a0, sp, 848
core   0: 3 0x80005b0a (0x0e88) x10 0x00000350
core   0: 0x80005b0c (0x03b18063) beq     gp, s11, pc + 32
core   0: 3 0x80005b0c (0x03b18063)
core   0: 0x80005b10 (0x000003b2) c.slli  t2, 12
core   0: 3 0x80005b10 (0x03b2) x7  0x00000000
core   0: 0x80005b12 (0x0000e701) c.bnez  a4, pc + 8
core   0: 3 0x80005b12 (0xe701)
core   0: 0x80005b14 (0x0000612d) c.addi16sp sp, 224
core   0: 3 0x80005b14 (0x612d) x2  0x000000e0
core   0: 0x80005b16 (0xd153da17) auipc   s4, 0xd153d
core   0: 3 0x80005b16 (0xd153da17) x20 0x51542b16
core   0: 0x80005b1a (0x00d30d33) add     s10, t1, a3
core   0: 3 0x80005b1a (0x00d30d33) x26 0x8001fe66
core   0: 0x80005b1e (0x0311e563) bltu    gp, a7, pc + 42
core   0: 3 0x80005b1e (0x0311e563)
core   0: 0x80005b22 (0x0246bb33) mulhu   s6, a3, tp
core   0: 3 0x80005b22 (0x0246bb33) x22 0x00000000
core   0: 0x80005b26 (0x00001a0c) c.addi4spn a1, sp, 304
core   0: 3 0x80005b26 (0x1a0c) x11 0x00000210
core   0: 0x80005b28 (0x340edf73) csrrwi  t5, mscratch, 29
core   0: 3 0x80005b28 (0x340edf73) x30 0x00000001 c832_mscratch 0x0000001d
core   0: 0x80005b2c (0x0393dcb3) divu    s9, t2, s9
core   0: 3 0x80005b2c (0x0393dcb3) x25 0x00000000
core   0: 0x80005b30 (0x34059ff3) csrrw   t6, mscratch, a1
core   0: 3 0x80005b30 (0x34059ff3) x31 0x0000001d c832_mscratch 0x00000210
core   0: 0x80005b34 (0x340467f3) csrrsi  a5, mscratch, 8
core   0: 3 0x80005b34 (0x340467f3) x15 0x00000210 c832_mscratch 0x00000218
core   0: 0x80005b38 (0x40435693) srai    a3, t1, 4
core   0: 3 0x80005b38 (0x40435693) x13 0xf8001fe6
core   0: 0x80005b3c (0x004a08b3) add     a7, s4, tp
core   0: 3 0x80005b3c (0x004a08b3) x17 0x51542b16
core   0: 0x80005b40 (0x02275863) bge     a4, sp, pc + 48
core   0: 3 0x80005b40 (0x02275863)
core   0: 0x80005b44 (0xffb0cd97) auipc   s11, 0xffb0c
core   0: 3 0x80005b44 (0xffb0cd97) x27 0x7fb11b44
core   0: 0x80005b48 (0x848a0213) addi    tp, s4, -1976
core   0: 3 0x80005b48 (0x848a0213) x4  0x5154235e
core   0: 0x80005b4c (0x00000001) c.nop
core   0: 3 0x80005b4c (0x0001)
core   0: 0x80005b4e (0x0ff0000f) fence   iorw,iorw
core   0: 3 0x80005b4e (0x0ff0000f)
core   0: 0x80005b52 (0x029a7c33) remu    s8, s4, s1
core   0: 3 0x80005b52 (0x029a7c33) x24 0x51542b16
core   0: 0x80005b56 (0x0000612d) c.addi16sp sp, 224
core   0: 3 0x80005b56 (0x612d) x2  0x000001c0
core   0: 0x80005b58 (0x02b03f33) mulhu   t5, zero, a1
core   0: 3 0x80005b58 (0x02b03f33) x30 0x00000000
core   0: 0x80005b5c (0x1b6fc113) xori    sp, t6, 438
core   0: 3 0x80005b5c (0x1b6fc113) x2  0x000001ab
core   0: 0x80005b60 (0x00b69b93) slli    s7, a3, 11
core   0: 3 0x80005b60 (0x00b69b93) x23 0x00ff3000
core   0: 0x80005b64 (0x00008f49) c.or    a4, a0
core   0: 3 0x80005b64 (0x8f49) x14 0x00000350
core   0: 0x80005b66 (0x0263aeb3) mulhsu  t4, t2, t1
core   0: 3 0x80005b66 (0x0263aeb3) x29 0x00000000
core   0: 0x80005b6a (0x000090a6) c.add   ra, s1
core   0: 3 0x80005b6a (0x90a6) x1  0x0000d000
core   0: 0x80005b6c (0x029b0e63) beq     s6, s1, pc + 60
core   0: 3 0x80005b6c (0x029b0e63)
core   0: 0x80005ba8 (0x00008d71) c.and   a0, a2
core   0: 3 0x80005ba8 (0x8d71) x10 0x00000040
core   0: 0x80005baa (0x00008129) c.srli  a0, 10
core   0: 3 0x80005baa (0x8129) x10 0x00000000
core   0: 0x80005bac (0x000082ce) c.mv    t0, s3
core   0: 3 0x80005bac (0x82ce) x5  0x0000001f
core   0: 0x80005bae (0x00008ff9) c.and   a5, a4
core   0: 3 0x80005bae (0x8ff9) x15 0x00000210
core   0: 0x80005bb0 (0x00316133) or      sp, sp, gp
core   0: 3 0x80005bb0 (0x00316133) x2  0x000001bb
core   0: 0x80005bb4 (0x34067d73) csrrci  s10, mscratch, 12
core   0: 3 0x80005bb4 (0x34067d73) x26 0x00000218 c832_mscratch 0x00000210
core   0: 0x80005bb8 (0x025bd7b3) divu    a5, s7, t0
core   0: 3 0x80005bb8 (0x025bd7b3) x15 0x00083b5a
core   0: 0x80005bbc (0x6b67cd93) xori    s11, a5, 1718
core   0: 3 0x80005bbc (0x6b67cd93) x27 0x00083dec
core   0: 0x80005bc0 (0x00008f79) c.and   a4, a4
core   0: 3 0x80005bc0 (0x8f79) x14 0x00000350
core   0: 0x80005bc2 (0x9709f093) andi    ra, s3, -1680
core   0: 3 0x80005bc2 (0x9709f093) x1  0x00000010
core   0: 0x80005bc6 (0x3d44e893) ori     a7, s1, 980
core   0: 3 0x80005bc6 (0x3d44e893) x17 0x000003d4
core   0: 0x80005bca (0x01035493) srli    s1, t1, 16
core   0: 3 0x80005bca (0x01035493) x9  0x00008001
core   0: 0x80005bce (0x00b39f33) sll     t5, t2, a1
core   0: 3 0x80005bce (0x00b39f33) x30 0x00000000
core   0: 0x80005bd2 (0x40835013) srai    zero, t1, 8
core   0: 3 0x80005bd2 (0x40835013)
core   0: 0x80005bd6 (0x02122fb3) mulhsu  t6, tp, ra
core   0: 3 0x80005bd6 (0x02122fb3) x31 0x00000005
core   0: 0x80005bda (0x340be1f3) csrrsi  gp, mscratch, 23
core   0: 3 0x80005bda (0x340be1f3) x3  0x00000210 c832_mscratch 0x00000217
core   0: 0x80005bde (0x01732d33) slt     s10, t1, s7
core   0: 3 0x80005bde (0x01732d33) x26 0x00000001
core   0: 0x80005be2 (0x340076f3) csrrci  a3, mscratch, 0
core   0: 3 0x80005be2 (0x340076f3) x13 0x00000217
core   0: 0x80005be6 (0x2962e693) ori     a3, t0, 662
core   0: 3 0x80005be6 (0x2962e693) x13 0x0000029f
core   0: 0x80005bea (0x41985c93) srai    s9, a6, 25
core   0: 3 0x80005bea (0x41985c93) x25 0x00000000
core   0: 0x80005bee (0x017e74b3) and     s1, t3, s7
core   0: 3 0x80005bee (0x017e74b3) x9  0x00013000
core   0: 0x80005bf2 (0x00009afd) c.andi  a3, -1
core   0: 3 0x80005bf2 (0x9afd) x13 0x0000029f
core   0: 0x80005bf4 (0x34007373) csrrci  t1, mscratch, 0
core   0: 3 0x80005bf4 (0x34007373) x6  0x00000217
core   0: 0x80005bf8 (0x00008ed1) c.or    a3, a2
core   0: 3 0x80005bf8 (0x8ed1) x13 0x80023eff
core   0: 0x80005bfa (0x00000098) c.addi4spn a4, sp, 64
core   0: 3 0x80005bfa (0x0098) x14 0x000001fb
core   0: 0x80005bfc (0x009676b3) and     a3, a2, s1
core   0: 3 0x80005bfc (0x009676b3) x13 0x00003000
core   0: 0x80005c00 (0x774f2f13) slti    t5, t5, 1908
core   0: 3 0x80005c00 (0x774f2f13) x30 0x00000001
core   0: 0x80005c04 (0x00001e1c) c.addi4spn a5, sp, 816
core   0: 3 0x80005c04 (0x1e1c) x15 0x000004eb
core   0: 0x80005c06 (0x59ac0093) addi    ra, s8, 1434
core   0: 3 0x80005c06 (0x59ac0093) x1  0x515430b0
core   0: 0x80005c0a (0x34003a73) csrrc   s4, mscratch, zero
core   0: 3 0x80005c0a (0x34003a73) x20 0x00000217
core   0: 0x80005c0e (0x000008e1) c.addi  a7, 24
core   0: 3 0x80005c0e (0x08e1) x17 0x000003ec
core   0: 0x80005c10 (0x00008dd5) c.or    a1, a3
core   0: 3 0x80005c10 (0x8dd5) x11 0x00003210
core   0: 0x80005c12 (0x00003c97) auipc   s9, 0x3
core   0: 3 0x80005c12 (0x00003c97) x25 0x80008c12
core   0: 0x80005c16 (0xe0ec8c93) addi    s9, s9, -498
core   0: 3 0x80005c16 (0xe0ec8c93) x25 0x80008a20
core   0: 0x80005c1a (0x2fac8c93) addi    s9, s9, 762
core   0: 3 0x80005c1a (0x2fac8c93) x25 0x80008d1a
core   0: 0x80005c1e (0x00001b84) c.addi4spn s1, sp, 496
core   0: 3 0x80005c1e (0x1b84) x9  0x000003ab
core   0: 0x80005c20 (0x00008df5) c.and   a1, a3
core   0: 3 0x80005c20 (0x8df5) x11 0x00003000
core   0: 0x80005c22 (0x017a7863) bgeu    s4, s7, pc + 16
core   0: 3 0x80005c22 (0x017a7863)
core   0: 0x80005c26 (0x8671a917) auipc   s2, 0x8671a
core   0: 3 0x80005c26 (0x8671a917) x18 0x0671fc26
core   0: 0x80005c2a (0x340031f3) csrrc   gp, mscratch, zero
core   0: 3 0x80005c2a (0x340031f3) x3  0x00000217
core   0: 0x80005c2e (0x016a8733) add     a4, s5, s6
core   0: 3 0x80005c2e (0x016a8733) x14 0x00000005
core   0: 0x80005c32 (0xd06c81e7) jalr    gp, s9, -762
core   0: 3 0x80005c32 (0xd06c81e7) x3  0x80005c36
core   0: 0x80008a20 (0x7411c913) xori    s2, gp, 1857
core   0: 3 0x80008a20 (0x7411c913) x18 0x80005b77
core   0: 0x80008a24 (0x00000f96) c.slli  t6, 5
core   0: 3 0x80008a24 (0x0f96) x31 0x000000a0
core   0: 0x80008a26 (0x340fbff3) csrrc   t6, mscratch, t6
core   0: 3 0x80008a26 (0x340fbff3) x31 0x00000217 c832_mscratch 0x00000217
core   0: 0x80008a2a (0xef627513) andi    a0, tp, -266
core   0: 3 0x80008a2a (0xef627513) x10 0x51542256
core   0: 0x80008a2e (0x00000001) c.nop
core   0: 3 0x80008a2e (0x0001)
core   0: 0x80008a30 (0x0000985e) c.add   a6, s7
core   0: 3 0x80008a30 (0x985e) x16 0x00ff3000
core   0: 0x80008a32 (0x34003c73) csrrc   s8, mscratch, zero
core   0: 3 0x80008a32 (0x34003c73) x24 0x00000217
core   0: 0x80008a36 (0x00008f5d) c.or    a4, a5
core   0: 3 0x80008a36 (0x8f5d) x14 0x000004ef
core   0: 0x80008a38 (0xfcce0e13) addi    t3, t3, -52
core   0: 3 0x80008a38 (0xfcce0e13) x28 0x8001fe30
core   0: 0x80008a3c (0x003e2223) sw      gp, 4(t3)
core   0: 3 0x80008a3c (0x003e2223) mem 0x8001fe34 0x80005c36
core   0: 0x80008a40 (0x000083e5) c.srli  a5, 25
core   0: 3 0x80008a40 (0x83e5) x15 0x00000000
core   0: 0x80008a42 (0x72137d13) andi    s10, t1, 1825
core   0: 3 0x80008a42 (0x72137d13) x26 0x00000201
core   0: 0x80008a46 (0x000014fd) c.addi  s1, -1
core   0: 3 0x80008a46 (0x14fd) x9  0x000003aa
core   0: 0x80008a48 (0x009d6733) or      a4, s10, s1
core   0: 3 0x80008a48 (0x009d6733) x14 0x000003ab
core   0: 0x80008a4c (0x01c3e333) or      t1, t2, t3
core   0: 3 0x80008a4c (0x01c3e333) x6  0x8001fe30
core   0: 0x80008a50 (0x00009bfd) c.andi  a5, -1
core   0: 3 0x80008a50 (0x9bfd) x15 0x00000000
core   0: 0x80008a52 (0x015bf463) bgeu    s7, s5, pc + 8
core   0: 3 0x80008a52 (0x015bf463)
core   0: 0x80008a5a (0xa1efd1ef) jal     gp, pc - 0x2de2
core   0: 3 0x80008a5a (0xa1efd1ef) x3  0x80008a5e
core   0: 0x80005c78 (0xfdce0e13) addi    t3, t3, -36
core   0: 3 0x80005c78 (0xfdce0e13) x28 0x8001fe0c
core   0: 0x80005c7c (0x39b0e237) lui     tp, 0x39b0e
core   0: 3 0x80005c7c (0x39b0e237) x4  0x39b0e000
core   0: 0x80005c80 (0x003e2223) sw      gp, 4(t3)
core   0: 3 0x80005c80 (0x003e2223) mem 0x8001fe10 0x80008a5e
core   0: 0x80005c84 (0xd961a513) slti    a0, gp, -618
core   0: 3 0x80005c84 (0xd961a513) x10 0x00000001
core   0: 0x80005c88 (0x40f4de93) srai    t4, s1, 15
core   0: 3 0x80005c88 (0x40f4de93) x29 0x00000000
core   0: 0x80005c8c (0x01a001ef) jal     gp, pc + 0x1a
core   0: 3 0x80005c8c (0x01a001ef) x3  0x80005c90
core   0: 0x80005ca6 (0x00003fdd) c.jal   pc - 10
core   0: 3 0x80005ca6 (0x3fdd) x1  0x80005ca8
core   0: 0x80005c9c (0x00003ffd) c.jal   pc - 2
core   0: 3 0x80005c9c (0x3ffd) x1  0x80005c9e
core   0: 0x80005c9a (0x0000bfed) c.j     pc - 6
core   0: 3 0x80005c9a (0xbfed)
core   0: 0x80005c94 (0x0000a811) c.j     pc + 20
core   0: 3 0x80005c94 (0xa811)
core   0: 0x80005ca8 (0x000037fd) c.jal   pc - 18
core   0: 3 0x80005ca8 (0x37fd) x1  0x80005caa
core   0: 0x80005c96 (0xffbffdef) jal     s11, pc - 0x6
core   0: 3 0x80005c96 (0xffbffdef) x27 0x80005c9a
core   0: 0x80005c90 (0x00002809) c.jal   pc + 18
core   0: 3 0x80005c90 (0x2809) x1  0x80005c92
core   0: 0x80005ca2 (0xffdff0ef) jal     pc - 0x4
core   0: 3 0x80005ca2 (0xffdff0ef) x1  0x80005ca6
core   0: 0x80005c9e (0xff5ff36f) jal     t1, pc - 0xc
core   0: 3 0x80005c9e (0xff5ff36f) x6  0x80005ca2
core   0: 0x80005c92 (0x0000a821) c.j     pc + 24
core   0: 3 0x80005c92 (0xa821)
core   0: 0x80005caa (0x0167c1b3) xor     gp, a5, s6
core   0: 3 0x80005caa (0x0167c1b3) x3  0x00000000
core   0: 0x80005cae (0x01a001ef) jal     gp, pc + 0x1a
core   0: 3 0x80005cae (0x01a001ef) x3  0x80005cb2
core   0: 0x80005cc8 (0x0000bfc5) c.j     pc - 16
core   0: 3 0x80005cc8 (0xbfc5)
core   0: 0x80005cb8 (0x00002809) c.jal   pc + 18
core   0: 3 0x80005cb8 (0x2809) x1  0x80005cba
core   0: 0x80005cca (0x0000b7e5) c.j     pc - 24
core   0: 3 0x80005cca (0xb7e5)
core   0: 0x80005cb2 (0x02a000ef) jal     pc + 0x2a
core   0: 3 0x80005cb2 (0x02a000ef) x1  0x80005cb6
core   0: 0x80005cdc (0xfe7ff0ef) jal     pc - 0x1a
core   0: 3 0x80005cdc (0xfe7ff0ef) x1  0x80005ce0
core   0: 0x80005cc2 (0x0000bfe5) c.j     pc - 8
core   0: 3 0x80005cc2 (0xbfe5)
core   0: 0x80005cba (0x02a001ef) jal     gp, pc + 0x2a
core   0: 3 0x80005cba (0x02a001ef) x3  0x80005cbe
core   0: 0x80005ce4 (0xfedff2ef) jal     t0, pc - 0x14
core   0: 3 0x80005ce4 (0xfedff2ef) x5  0x80005ce8
core   0: 0x80005cd0 (0x000037dd) c.jal   pc - 26
core   0: 3 0x80005cd0 (0x37dd) x1  0x80005cd2
core   0: 0x80005cb6 (0x0000a821) c.j     pc + 24
core   0: 3 0x80005cb6 (0xa821)
core   0: 0x80005cce (0x00003fc5) c.jal   pc - 16
core   0: 3 0x80005cce (0x3fc5) x1  0x80005cd0
core   0: 0x80005cbe (0x0000a009) c.j     pc + 2
core   0: 3 0x80005cbe (0xa009)
core   0: 0x80005cc0 (0x0000a821) c.j     pc + 24
core   0: 3 0x80005cc0 (0xa821)
core   0: 0x80005cd8 (0x00003fd5) c.jal   pc - 12
core   0: 3 0x80005cd8 (0x3fd5) x1  0x80005cda
core   0: 0x80005ccc (0x00003fe5) c.jal   pc - 8
core   0: 3 0x80005ccc (0x3fe5) x1  0x80005cce
core   0: 0x80005cc4 (0x0100036f) jal     t1, pc + 0x10
core   0: 3 0x80005cc4 (0x0100036f) x6  0x80005cc8
core   0: 0x80005cd4 (0x00e0016f) jal     sp, pc + 0xe
core   0: 3 0x80005cd4 (0x00e0016f) x2  0x80005cd8
core   0: 0x80005ce2 (0x00003ffd) c.jal   pc - 2
core   0: 3 0x80005ce2 (0x3ffd) x1  0x80005ce4
core   0: 0x80005ce0 (0x00003fed) c.jal   pc - 6
core   0: 3 0x80005ce0 (0x3fed) x1  0x80005ce2
core   0: 0x80005cda (0x00003fe5) c.jal   pc - 8
core   0: 3 0x80005cda (0x3fe5) x1  0x80005cdc
core   0: 0x80005cd2 (0x0000a819) c.j     pc + 22
core   0: 3 0x80005cd2 (0xa819)
core   0: 0x80005ce8 (0x0000a009) c.j     pc + 2
core   0: 3 0x80005ce8 (0xa009)
core   0: 0x80005cea (0x02ea1033) mulh    zero, s4, a4
core   0: 3 0x80005cea (0x02ea1033)
core   0: 0x80005cee (0x3409d3f3) csrrwi  t2, mscratch, 19
core   0: 3 0x80005cee (0x3409d3f3) x7  0x00000217 c832_mscratch 0x00000013
core   0: 0x80005cf2 (0x00008eb9) c.xor   a3, a4
core   0: 3 0x80005cf2 (0x8eb9) x13 0x000033ab
core   0: 0x80005cf4 (0x00008ced) c.and   s1, a1
core   0: 3 0x80005cf4 (0x8ced) x9  0x00000000
core   0: 0x80005cf6 (0x0131d893) srli    a7, gp, 19
core   0: 3 0x80005cf6 (0x0131d893) x17 0x00001000
core   0: 0x80005cfa (0x0000657d) c.lui   a0, 0x1f
core   0: 3 0x80005cfa (0x657d) x10 0x0001f000
core   0: 0x80005cfc (0x014c5a33) srl     s4, s8, s4
core   0: 3 0x80005cfc (0x014c5a33) x20 0x00000000
core   0: 0x80005d00 (0x00009ab6) c.add   s5, a3
core   0: 3 0x80005d00 (0x9ab6) x21 0x000033b0
core   0: 0x80005d02 (0x0394c733) div     a4, s1, s9
core   0: 3 0x80005d02 (0x0394c733) x14 0x00000000
core   0: 0x80005d06 (0x02969d33) mulh    s10, a3, s1
core   0: 3 0x80005d06 (0x02969d33) x26 0x00000000
core   0: 0x80005d0a (0x4aa93a13) sltiu   s4, s2, 1194
core   0: 3 0x80005d0a (0x4aa93a13) x20 0x00000000
core   0: 0x80005d0e (0x02fbd463) bge     s7, a5, pc + 40
core   0: 3 0x80005d0e (0x02fbd463)
core   0: 0x80005d36 (0x2acd3d17) auipc   s10, 0x2acd3
core   0: 3 0x80005d36 (0x2acd3d17) x26 0xaacd8d36
core   0: 0x80005d3a (0x00000001) c.nop
core   0: 3 0x80005d3a (0x0001)
core   0: 0x80005d3c (0x00000001) c.nop
core   0: 3 0x80005d3c (0x0001)
core   0: 0x80005d3e (0x0000c91d) c.beqz  a0, pc + 54
core   0: 3 0x80005d3e (0xc91d)
core   0: 0x80005d40 (0x6bcf3b93) sltiu   s7, t5, 1724
core   0: 3 0x80005d40 (0x6bcf3b93) x23 0x00000001
core   0: 0x80005d44 (0x0000100f) fence.i
core   0: 3 0x80005d44 (0x0000100f)
core   0: 0x80005d48 (0x02765b33) divu    s6, a2, t2
core   0: 3 0x80005d48 (0x02765b33) x22 0x003d40b6
core   0: 0x80005d4c (0x06918093) addi    ra, gp, 105
core   0: 3 0x80005d4c (0x06918093) x1  0x80005d27
core   0: 0x80005d50 (0x00005dfd) c.li    s11, -1
core   0: 3 0x80005d50 (0x5dfd) x27 0xffffffff
core   0: 0x80005d52 (0x403d09b3) sub     s3, s10, gp
core   0: 3 0x80005d52 (0x403d09b3) x19 0x2acd3078
core   0: 0x80005d56 (0x010889b3) add     s3, a7, a6
core   0: 3 0x80005d56 (0x010889b3) x19 0x00ff4000
core   0: 0x80005d5a (0x34011f73) csrrw   t5, mscratch, sp
core   0: 3 0x80005d5a (0x34011f73) x30 0x00000013 c832_mscratch 0x80005cd8
core   0: 0x80005d5e (0xb87d1817) auipc   a6, 0xb87d1
core   0: 3 0x80005d5e (0xb87d1817) x16 0x387d6d5e
core   0: 0x80005d62 (0x005d9463) bne     s11, t0, pc + 8
core   0: 3 0x80005d62 (0x005d9463)
core   0: 0x80005d6a (0x02a17133) remu    sp, sp, a0
core   0: 3 0x80005d6a (0x02a17133) x2  0x00015cd8
core   0: 0x80005d6e (0x000099fd) c.andi  a1, -1
core   0: 3 0x80005d6e (0x99fd) x11 0x00003000
core   0: 0x80005d70 (0x01180333) add     t1, a6, a7
core   0: 3 0x80005d70 (0x01180333) x6  0x387d7d5e
core   0: 0x80005d74 (0x03a384b3) mul     s1, t2, s10
core   0: 3 0x80005d74 (0x03a384b3) x9  0xf3921bda
core   0: 0x80005d78 (0x00008e8d) c.sub   a3, a1
core   0: 3 0x80005d78 (0x8e8d) x13 0x000003ab
core   0: 0x80005d7a (0x0bd64c37) lui     s8, 0xbd64
core   0: 3 0x80005d7a (0x0bd64c37) x24 0x0bd64000
core   0: 0x80005d7e (0x00000001) c.nop
core   0: 3 0x80005d7e (0x0001)
core   0: 0x80005d80 (0x340064f3) csrrsi  s1, mscratch, 0
core   0: 3 0x80005d80 (0x340064f3) x9  0x80005cd8
core   0: 0x80005d84 (0x00008d61) c.and   a0, s0
core   0: 3 0x80005d84 (0x8d61) x10 0x00000000
core   0: 0x80005d86 (0x000016fd) c.addi  a3, -1
core   0: 3 0x80005d86 (0x16fd) x13 0x000003aa
core   0: 0x80005d88 (0x34002f73) csrr    t5, mscratch
core   0: 3 0x80005d88 (0x34002f73) x30 0x80005cd8
core   0: 0x80005d8c (0x40688ab3) sub     s5, a7, t1
core   0: 3 0x80005d8c (0x40688ab3) x21 0xc78292a2
core   0: 0x80005d90 (0x01448333) add     t1, s1, s4
core   0: 3 0x80005d90 (0x01448333) x6  0x80005cd8
core   0: 0x80005d94 (0x34003873) csrrc   a6, mscratch, zero
core   0: 3 0x80005d94 (0x34003873) x16 0x80005cd8
core   0: 0x80005d98 (0x02607f33) remu    t5, zero, t1
core   0: 3 0x80005d98 (0x02607f33) x30 0x00000000
core   0: 0x80005d9c (0x03c19cb3) mulh    s9, gp, t3
core   0: 3 0x80005d9c (0x03c19cb3) x25 0x3ffed29b
core   0: 0x80005da0 (0xd752cd17) auipc   s10, 0xd752c
core   0: 3 0x80005da0 (0xd752cd17) x26 0x57531da0
core   0: 0x80005da4 (0x01341813) slli    a6, s0, 19
core   0: 3 0x80005da4 (0x01341813) x16 0x00000000
core   0: 0x80005da8 (0x0000100f) fence.i
core   0: 3 0x80005da8 (0x0000100f)
core   0: 0x80005dac (0x00008d9d) c.sub   a1, a5
core   0: 3 0x80005dac (0x8d9d) x11 0x00003000
core   0: 0x80005dae (0x040bd263) bgez    s7, pc + 68
core   0: 3 0x80005dae (0x040bd263)
core   0: 0x80005df2 (0x0247b933) mulhu   s2, a5, tp
core   0: 3 0x80005df2 (0x0247b933) x18 0x00000000
core   0: 0x80005df6 (0x00008ce1) c.and   s1, s0
core   0: 3 0x80005df6 (0x8ce1) x9  0x80000000
core   0: 0x80005df8 (0x0000100f) fence.i
core   0: 3 0x80005df8 (0x0000100f)
core   0: 0x80005dfc (0x01d58333) add     t1, a1, t4
core   0: 3 0x80005dfc (0x01d58333) x6  0x00003000
core   0: 0x80005e00 (0x34095bf3) csrrwi  s7, mscratch, 18
core   0: 3 0x80005e00 (0x34095bf3) x23 0x80005cd8 c832_mscratch 0x00000012
core   0: 0x80005e04 (0x00000001) c.nop
core   0: 3 0x80005e04 (0x0001)
core   0: 0x80005e06 (0x405c5033) sra     zero, s8, t0
core   0: 3 0x80005e06 (0x405c5033)
core   0: 0x80005e0a (0x019d71b3) and     gp, s10, s9
core   0: 3 0x80005e0a (0x019d71b3) x3  0x17521080
core   0: 0x80005e0e (0x018897b3) sll     a5, a7, s8
core   0: 3 0x80005e0e (0x018897b3) x15 0x00001000
core   0: 0x80005e12 (0x000018fd) c.addi  a7, -1
core   0: 3 0x80005e12 (0x18fd) x17 0x00000fff
core   0: 0x80005e14 (0x00008bb1) c.andi  a5, 12
core   0: 3 0x80005e14 (0x8bb1) x15 0x00000000
core   0: 0x80005e16 (0x00008531) c.srai  a0, 12
core   0: 3 0x80005e16 (0x8531) x10 0x00000000
core   0: 0x80005e18 (0x00001cfd) c.addi  s9, -1
core   0: 3 0x80005e18 (0x1cfd) x25 0x3ffed29a
core   0: 0x80005e1a (0x00000001) c.nop
core   0: 3 0x80005e1a (0x0001)
core   0: 0x80005e1c (0xd711e713) ori     a4, gp, -655
core   0: 3 0x80005e1c (0xd711e713) x14 0xfffffdf1
core   0: 0x80005e20 (0x01ad8bb3) add     s7, s11, s10
core   0: 3 0x80005e20 (0x01ad8bb3) x23 0x57531d9f
core   0: 0x80005e24 (0x57e07193) andi    gp, zero, 1406
core   0: 3 0x80005e24 (0x57e07193) x3  0x00000000
core   0: 0x80005e28 (0x029caeb3) mulhsu  t4, s9, s1
core   0: 3 0x80005e28 (0x029caeb3) x29 0x1fff694d
core   0: 0x80005e2c (0x03c31663) bne     t1, t3, pc + 44
core   0: 3 0x80005e2c (0x03c31663)
core   0: 0x80005e58 (0x03d2a8b3) mulhsu  a7, t0, t4
core   0: 3 0x80005e58 (0x03d2a8b3) x17 0xf00056f6
core   0: 0x80005e5c (0x0278c233) div     tp, a7, t2
core   0: 3 0x80005e5c (0x0278c233) x4  0xfff85836
core   0: 0x80005e60 (0x00b05c33) srl     s8, zero, a1
core   0: 3 0x80005e60 (0x00b05c33) x24 0x00000000
core   0: 0x80005e64 (0x00008fee) c.mv    t6, s11
core   0: 3 0x80005e64 (0x8fee) x31 0xffffffff
core   0: 0x80005e66 (0x022acd63) blt     s5, sp, pc + 58
core   0: 3 0x80005e66 (0x022acd63)
core   0: 0x80005ea0 (0x03ac0933) mul     s2, s8, s10
core   0: 3 0x80005ea0 (0x03ac0933) x18 0x00000000
core   0: 0x80005ea4 (0x02fd99b3) mulh    s3, s11, a5
core   0: 3 0x80005ea4 (0x02fd99b3) x19 0x00000000
core   0: 0x80005ea8 (0x00008f85) c.sub   a5, s1
core   0: 3 0x80005ea8 (0x8f85) x15 0x80000000
core   0: 0x80005eaa (0x00008dd5) c.or    a1, a3
core   0: 3 0x80005eaa (0x8dd5) x11 0x000033aa
core   0: 0x80005eac (0x00008ee5) c.and   a3, s1
core   0: 3 0x80005eac (0x8ee5) x13 0x00000000
core   0: 0x80005eae (0x3502b793) sltiu   a5, t0, 848
core   0: 3 0x80005eae (0x3502b793) x15 0x00000000
core   0: 0x80005eb2 (0x340c52f3) csrrwi  t0, mscratch, 24
core   0: 3 0x80005eb2 (0x340c52f3) x5  0x00000012 c832_mscratch 0x00000018
core   0: 0x80005eb6 (0x00008f45) c.or    a4, s1
core   0: 3 0x80005eb6 (0x8f45) x14 0xfffffdf1
core   0: 0x80005eb8 (0x0326e8b3) rem     a7, a3, s2
core   0: 3 0x80005eb8 (0x0326e8b3) x17 0x00000000
core   0: 0x80005ebc (0x340020f3) csrr    ra, mscratch
core   0: 3 0x80005ebc (0x340020f3) x1  0x00000018
core   0: 0x80005ec0 (0x20f9b493) sltiu   s1, s3, 527
core   0: 3 0x80005ec0 (0x20f9b493) x9  0x00000001
core   0: 0x80005ec4 (0x4052d913) srai    s2, t0, 5
core   0: 3 0x80005ec4 (0x4052d913) x18 0x00000000
core   0: 0x80005ec8 (0x0000edad) c.bnez  a1, pc + 122
core   0: 3 0x80005ec8 (0xedad)
core   0: 0x80005f42 (0x346c0537) lui     a0, 0x346c0
core   0: 3 0x80005f42 (0x346c0537) x10 0x346c0000
core   0: 0x80005f46 (0x00008ed1) c.or    a3, a2
core   0: 3 0x80005f46 (0x8ed1) x13 0x80023ce4
core   0: 0x80005f48 (0x00f4bab3) sltu    s5, s1, a5
core   0: 3 0x80005f48 (0x00f4bab3) x21 0x00000000
core   0: 0x80005f4c (0xfb3e9097) auipc   ra, 0xfb3e9
core   0: 3 0x80005f4c (0xfb3e9097) x1  0x7b3eef4c
core   0: 0x80005f50 (0x00006131) c.addi16sp sp, 320
core   0: 3 0x80005f50 (0x6131) x2  0x00015e18
core   0: 0x80005f52 (0x00008111) c.srli  a0, 4
core   0: 3 0x80005f52 (0x8111) x10 0x0346c000
core   0: 0x80005f54 (0x00008fd1) c.or    a5, a2
core   0: 3 0x80005f54 (0x8fd1) x15 0x80023ce4
core   0: 0x80005f56 (0x34007cf3) csrrci  s9, mscratch, 0
core   0: 3 0x80005f56 (0x34007cf3) x25 0x00000018
core   0: 0x80005f5a (0xb98ef313) andi    t1, t4, -1128
core   0: 3 0x80005f5a (0xb98ef313) x6  0x1fff6908
core   0: 0x80005f5e (0x000412b3) sll     t0, s0, zero
core   0: 3 0x80005f5e (0x000412b3) x5  0x80000000
core   0: 0x80005f62 (0xe9845c97) auipc   s9, 0xe9845
core   0: 3 0x80005f62 (0xe9845c97) x25 0x6984af62
core   0: 0x80005f66 (0x012ce5b3) or      a1, s9, s2
core   0: 3 0x80005f66 (0x012ce5b3) x11 0x6984af62
core   0: 0x80005f6a (0x00008fe1) c.and   a5, s0
core   0: 3 0x80005f6a (0x8fe1) x15 0x80000000
core   0: 0x80005f6c (0xfe3ea1b7) lui     gp, 0xfe3ea
core   0: 3 0x80005f6c (0xfe3ea1b7) x3  0xfe3ea000
core   0: 0x80005f70 (0x03c89263) bne     a7, t3, pc + 36
core   0: 3 0x80005f70 (0x03c89263)
core   0: 0x80005f94 (0x01f60f63) beq     a2, t6, pc + 30
core   0: 3 0x80005f94 (0x01f60f63)
core   0: 0x80005f98 (0x02222f33) mulhsu  t5, tp, sp
core   0: 3 0x80005f98 (0x02222f33) x30 0xfffffff5
core   0: 0x80005f9c (0x0ff0000f) fence   iorw,iorw
core   0: 3 0x80005f9c (0x0ff0000f)
core   0: 0x80005fa0 (0x0000071c) c.addi4spn a5, sp, 896
core   0: 3 0x80005fa0 (0x071c) x15 0x00016198
core   0: 0x80005fa2 (0x0078c863) blt     a7, t2, pc + 16
core   0: 3 0x80005fa2 (0x0078c863)
core   0: 0x80005fb2 (0xff29dbb7) lui     s7, 0xff29d
core   0: 3 0x80005fb2 (0xff29dbb7) x23 0xff29d000
core   0: 0x80005fb6 (0x340313f3) csrrw   t2, mscratch, t1
core   0: 3 0x80005fb6 (0x340313f3) x7  0x00000018 c832_mscratch 0x1fff6908
core   0: 0x80005fba (0x000098fd) c.andi  s1, -1
core   0: 3 0x80005fba (0x98fd) x9  0x00000001
core   0: 0x80005fbc (0x0000100f) fence.i
core   0: 3 0x80005fbc (0x0000100f)
core   0: 0x80005fc0 (0x00008e89) c.sub   a3, a0
core   0: 3 0x80005fc0 (0x8e89) x13 0x7cbb7ce4
core   0: 0x80005fc2 (0x000082c2) c.mv    t0, a6
core   0: 3 0x80005fc2 (0x82c2) x5  0x00000000
core   0: 0x80005fc4 (0x039877b3) remu    a5, a6, s9
core   0: 3 0x80005fc4 (0x039877b3) x15 0x00000000
core   0: 0x80005fc8 (0x004e2183) lw      gp, 4(t3)
core   0: 3 0x80005fc8 (0x004e2183) x3  0x80008a5e mem 0x8001fe10
core   0: 0x80005fcc (0x024e0e13) addi    t3, t3, 36
core   0: 3 0x80005fcc (0x024e0e13) x28 0x8001fe30
core   0: 0x80005fd0 (0x40a05013) srai    zero, zero, 10
core   0: 3 0x80005fd0 (0x40a05013)
core   0: 0x80005fd4 (0x02dd9933) mulh    s2, s11, a3
core   0: 3 0x80005fd4 (0x02dd9933) x18 0xffffffff
core   0: 0x80005fd8 (0x00000b14) c.addi4spn a3, sp, 400
core   0: 3 0x80005fd8 (0x0b14) x13 0x00015fa8
core   0: 0x80005fda (0x00118513) addi    a0, gp, 1
core   0: 3 0x80005fda (0x00118513) x10 0x80008a5f
core   0: 0x80005fde (0x00008502) c.jr    a0
core   0: 3 0x80005fde (0x8502)
core   0: 0x80008a5e (0x02274063) blt     a4, sp, pc + 32
core   0: 3 0x80008a5e (0x02274063)
core   0: 0x80008a7e (0xf76ff1ef) jal     gp, pc - 0x88a
core   0: 3 0x80008a7e (0xf76ff1ef) x3  0x80008a82
core   0: 0x800081f4 (0x000089c6) c.mv    s3, a7
core   0: 3 0x800081f4 (0x89c6) x19 0x00000000
core   0: 0x800081f6 (0x004ad233) srl     tp, s5, tp
core   0: 3 0x800081f6 (0x004ad233) x4  0x00000000
core   0: 0x800081fa (0x00000001) c.nop
core   0: 3 0x800081fa (0x0001)
core   0: 0x800081fc (0x01f0d533) srl     a0, ra, t6
core   0: 3 0x800081fc (0x01f0d533) x10 0x00000000
core   0: 0x80008200 (0x0126e463) bltu    a3, s2, pc + 8
core   0: 3 0x80008200 (0x0126e463)
core   0: 0x80008208 (0x00001e11) c.addi  t3, -28
core   0: 3 0x80008208 (0x1e11) x28 0x8001fe14
core   0: 0x8000820a (0x003e2223) sw      gp, 4(t3)
core   0: 3 0x8000820a (0x003e2223) mem 0x8001fe18 0x80008a82
core   0: 0x8000820e (0x41800933) sub     s2, zero, s8
core   0: 3 0x8000820e (0x41800933) x18 0x00000000
core   0: 0x80008212 (0x02ea90b3) mulh    ra, s5, a4
core   0: 3 0x80008212 (0x02ea90b3) x1  0x00000000
core   0: 0x80008216 (0x01a001ef) jal     gp, pc + 0x1a
core   0: 3 0x80008216 (0x01a001ef) x3  0x8000821a
core   0: 0x80008230 (0xfedff0ef) jal     pc - 0x14
core   0: 3 0x80008230 (0xfedff0ef) x1  0x80008234
core   0: 0x8000821c (0x00002021) c.jal   pc + 8
core   0: 3 0x8000821c (0x2021) x1  0x8000821e
core   0: 0x80008224 (0x02000b6f) jal     s6, pc + 0x20
core   0: 3 0x80008224 (0x02000b6f) x22 0x80008228
core   0: 0x80008244 (0x008000ef) jal     pc + 0x8
core   0: 3 0x80008244 (0x008000ef) x1  0x80008248
core   0: 0x8000824c (0x0040036f) jal     t1, pc + 0x4
core   0: 3 0x8000824c (0x0040036f) x6  0x80008250
core   0: 0x80008250 (0x000037f9) c.jal   pc - 50
core   0: 3 0x80008250 (0x37f9) x1  0x80008252
core   0: 0x8000821e (0x00002815) c.jal   pc + 52
core   0: 3 0x8000821e (0x2815) x1  0x80008220
core   0: 0x80008252 (0xfdbff1ef) jal     gp, pc - 0x26
core   0: 3 0x80008252 (0xfdbff1ef) x3  0x80008256
core   0: 0x8000822c (0x00002801) c.jal   pc + 16
core   0: 3 0x8000822c (0x2801) x1  0x8000822e
core   0: 0x8000823c (0x00002019) c.jal   pc + 6
core   0: 3 0x8000823c (0x2019) x1  0x8000823e
core   0: 0x80008242 (0x0000a019) c.j     pc + 6
core   0: 3 0x80008242 (0xa019)
core   0: 0x80008248 (0xff3ff0ef) jal     pc - 0xe
core   0: 3 0x80008248 (0xff3ff0ef) x1  0x8000824c
core   0: 0x8000823a (0x00002011) c.jal   pc + 4
core   0: 3 0x8000823a (0x2011) x1  0x8000823c
core   0: 0x8000823e (0x018000ef) jal     pc + 0x18
core   0: 3 0x8000823e (0x018000ef) x1  0x80008242
core   0: 0x80008256 (0xfd9ff0ef) jal     pc - 0x28
core   0: 3 0x80008256 (0xfd9ff0ef) x1  0x8000825a
core   0: 0x8000822e (0x000037f5) c.jal   pc - 20
core   0: 3 0x8000822e (0x37f5) x1  0x80008230
core   0: 0x8000821a (0x00002019) c.jal   pc + 6
core   0: 3 0x8000821a (0x2019) x1  0x8000821c
core   0: 0x80008220 (0x0000a009) c.j     pc + 2
core   0: 3 0x80008220 (0xa009)
core   0: 0x80008222 (0x0000a019) c.j     pc + 6
core   0: 3 0x80008222 (0xa019)
core   0: 0x80008228 (0x00e000ef) jal     pc + 0xe
core   0: 3 0x80008228 (0x00e000ef) x1  0x8000822c
core   0: 0x80008236 (0xfffff0ef) jal     pc - 0x2
core   0: 3 0x80008236 (0xfffff0ef) x1  0x8000823a
core   0: 0x80008234 (0x0000a01d) c.j     pc + 38
core   0: 3 0x80008234 (0xa01d)
core   0: 0x8000825a (0x340e7f73) csrrci  t5, mscratch, 28
core   0: 3 0x8000825a (0x340e7f73) x30 0x1fff6908 c832_mscratch 0x1fff6900
core   0: 0x8000825e (0x018001ef) jal     gp, pc + 0x18
core   0: 3 0x8000825e (0x018001ef) x3  0x80008262
core   0: 0x80008276 (0xfffff0ef) jal     pc - 0x2
core   0: 3 0x80008276 (0xfffff0ef) x1  0x8000827a
core   0: 0x80008274 (0x0000b7fd) c.j     pc - 18
core   0: 3 0x80008274 (0xb7fd)
core   0: 0x80008262 (0x0000a031) c.j     pc + 12
core   0: 3 0x80008262 (0xa031)
core   0: 0x8000826e (0x00002011) c.jal   pc + 4
core   0: 3 0x8000826e (0x2011) x1  0x80008270
core   0: 0x80008272 (0x0000bfd5) c.j     pc - 12
core   0: 3 0x80008272 (0xbfd5)
core   0: 0x80008266 (0x0040016f) jal     sp, pc + 0x4
core   0: 3 0x80008266 (0x0040016f) x2  0x8000826a
core   0: 0x8000826a (0x00003fed) c.jal   pc - 6
core   0: 3 0x8000826a (0x3fed) x1  0x8000826c
core   0: 0x80008264 (0x0000a031) c.j     pc + 12
core   0: 3 0x80008264 (0xa031)
core   0: 0x80008270 (0x00003ff5) c.jal   pc - 4
core   0: 3 0x80008270 (0x3ff5) x1  0x80008272
core   0: 0x8000826c (0x00002039) c.jal   pc + 14
core   0: 3 0x8000826c (0x2039) x1  0x8000826e
core   0: 0x8000827a (0x000004b6) c.slli  s1, 13
core   0: 3 0x8000827a (0x04b6) x9  0x00002000
core   0: 0x8000827c (0x032001ef) jal     gp, pc + 0x32
core   0: 3 0x8000827c (0x032001ef) x3  0x80008280
core   0: 0x800082ae (0x00003fe5) c.jal   pc - 8
core   0: 3 0x800082ae (0x3fe5) x1  0x800082b0
core   0: 0x800082a6 (0xfe5ff36f) jal     t1, pc - 0x1c
core   0: 3 0x800082a6 (0xfe5ff36f) x6  0x800082aa
core   0: 0x8000828a (0x0420056f) jal     a0, pc + 0x42
core   0: 3 0x8000828a (0x0420056f) x10 0x8000828e
core   0: 0x800082cc (0xfd1ff36f) jal     t1, pc - 0x30
core   0: 3 0x800082cc (0xfd1ff36f) x6  0x800082d0
core   0: 0x8000829c (0x0000a005) c.j     pc + 32
core   0: 3 0x8000829c (0xa005)
core   0: 0x800082bc (0xfe3ff0ef) jal     pc - 0x1e
core   0: 3 0x800082bc (0xfe3ff0ef) x1  0x800082c0
core   0: 0x8000829e (0x00002809) c.jal   pc + 18
core   0: 3 0x8000829e (0x2809) x1  0x800082a0
core   0: 0x800082b0 (0x00800def) jal     s11, pc + 0x8
core   0: 3 0x800082b0 (0x00800def) x27 0x800082b4
core   0: 0x800082b8 (0xfedff0ef) jal     pc - 0x14
core   0: 3 0x800082b8 (0xfedff0ef) x1  0x800082bc
core   0: 0x800082a4 (0x00003fcd) c.jal   pc - 14
core   0: 3 0x800082a4 (0x3fcd) x1  0x800082a6
core   0: 0x80008296 (0x0000a02d) c.j     pc + 42
core   0: 3 0x80008296 (0xa02d)
core   0: 0x800082c0 (0xfd9ff36f) jal     t1, pc - 0x28
core   0: 3 0x800082c0 (0xfd9ff36f) x6  0x800082c4
core   0: 0x80008298 (0x00002805) c.jal   pc + 48
core   0: 3 0x80008298 (0x2805) x1  0x8000829a
core   0: 0x800082c8 (0xfbfff0ef) jal     pc - 0x42
core   0: 3 0x800082c8 (0xfbfff0ef) x1  0x800082cc
core   0: 0x80008286 (0x014000ef) jal     pc + 0x14
core   0: 3 0x80008286 (0x014000ef) x1  0x8000828a
core   0: 0x8000829a (0x00003fd5) c.jal   pc - 12
core   0: 3 0x8000829a (0x3fd5) x1  0x8000829c
core   0: 0x8000828e (0x00002809) c.jal   pc + 18
core   0: 3 0x8000828e (0x2809) x1  0x80008290
core   0: 0x800082a0 (0x00a00fef) jal     t6, pc + 0xa
core   0: 3 0x800082a0 (0x00a00fef) x31 0x800082a4
core   0: 0x800082aa (0x00a000ef) jal     pc + 0xa
core   0: 3 0x800082aa (0x00a000ef) x1  0x800082ae
core   0: 0x800082b4 (0x0000a009) c.j     pc + 2
core   0: 3 0x800082b4 (0xa009)
core   0: 0x800082b6 (0x000037f9) c.jal   pc - 50
core   0: 3 0x800082b6 (0x37f9) x1  0x800082b8
core   0: 0x80008284 (0x0000a081) c.j     pc + 64
core   0: 3 0x80008284 (0xa081)
core   0: 0x800082c4 (0xfcdff5ef) jal     a1, pc - 0x34
core   0: 3 0x800082c4 (0xfcdff5ef) x11 0x800082c8
core   0: 0x80008290 (0xff1ff0ef) jal     pc - 0x10
core   0: 3 0x80008290 (0xff1ff0ef) x1  0x80008294
core   0: 0x80008280 (0x014000ef) jal     pc + 0x14
core   0: 3 0x80008280 (0x014000ef) x1  0x80008284
core   0: 0x80008294 (0x0000a835) c.j     pc + 60
core   0: 3 0x80008294 (0xa835)
core   0: 0x800082d0 (0x03261033) mulh    zero, a2, s2
core   0: 3 0x800082d0 (0x03261033)
core   0: 0x800082d4 (0x024001ef) jal     gp, pc + 0x24
core   0: 3 0x800082d4 (0x024001ef) x3  0x800082d8
core   0: 0x800082f8 (0xfebff0ef) jal     pc - 0x16
core   0: 3 0x800082f8 (0xfebff0ef) x1  0x800082fc
core   0: 0x800082e2 (0x00a0016f) jal     sp, pc + 0xa
core   0: 3 0x800082e2 (0x00a0016f) x2  0x800082e6
core   0: 0x800082ec (0x000037f5) c.jal   pc - 20
core   0: 3 0x800082ec (0x37f5) x1  0x800082ee
core   0: 0x800082d8 (0x00002021) c.jal   pc + 8
core   0: 3 0x800082d8 (0x2021) x1  0x800082da
core   0: 0x800082e0 (0x00003ffd) c.jal   pc - 2
core   0: 3 0x800082e0 (0x3ffd) x1  0x800082e2
core   0: 0x800082de (0x0000a801) c.j     pc + 16
core   0: 3 0x800082de (0xa801)
core   0: 0x800082ee (0x0000a019) c.j     pc + 6
core   0: 3 0x800082ee (0xa019)
core   0: 0x800082f4 (0xff5ff0ef) jal     pc - 0xc
core   0: 3 0x800082f4 (0xff5ff0ef) x1  0x800082f8
core   0: 0x800082e8 (0x00003fcd) c.jal   pc - 14
core   0: 3 0x800082e8 (0x3fcd) x1  0x800082ea
core   0: 0x800082da (0x022003ef) jal     t2, pc + 0x22
core   0: 3 0x800082da (0x022003ef) x7  0x800082de
core   0: 0x800082fc (0x0000b7ed) c.j     pc - 22
core   0: 3 0x800082fc (0xb7ed)
core   0: 0x800082e6 (0x0000a011) c.j     pc + 4
core   0: 3 0x800082e6 (0xa011)
core   0: 0x800082ea (0x00002019) c.jal   pc + 6
core   0: 3 0x800082ea (0x2019) x1  0x800082ec
core   0: 0x800082f0 (0x00e0026f) jal     tp, pc + 0xe
core   0: 3 0x800082f0 (0x00e0026f) x4  0x800082f4
core   0: 0x800082fe (0x406800b3) sub     ra, a6, t1
core   0: 3 0x800082fe (0x406800b3) x1  0x7fff7d3c
core   0: 0x80008302 (0x012001ef) jal     gp, pc + 0x12
core   0: 3 0x80008302 (0x012001ef) x3  0x80008306
core   0: 0x80008314 (0x00003fdd) c.jal   pc - 10
core   0: 3 0x80008314 (0x3fdd) x1  0x80008316
core   0: 0x8000830a (0x00e0036f) jal     t1, pc + 0xe
core   0: 3 0x8000830a (0x00e0036f) x6  0x8000830e
core   0: 0x80008318 (0x00002019) c.jal   pc + 6
core   0: 3 0x80008318 (0x2019) x1  0x8000831a
core   0: 0x8000831e (0xff1ff36f) jal     t1, pc - 0x10
core   0: 3 0x8000831e (0xff1ff36f) x6  0x80008322
core   0: 0x8000830e (0x0000a011) c.j     pc + 4
core   0: 3 0x8000830e (0xa011)
core   0: 0x80008312 (0x0000a821) c.j     pc + 24
core   0: 3 0x80008312 (0xa821)
core   0: 0x8000832a (0x000037f5) c.jal   pc - 20
core   0: 3 0x8000832a (0x37f5) x1  0x8000832c
core   0: 0x80008316 (0x00002831) c.jal   pc + 28
core   0: 3 0x80008316 (0x2831) x1  0x80008318
core   0: 0x80008332 (0x0000bfed) c.j     pc - 6
core   0: 3 0x80008332 (0xbfed)
core   0: 0x8000832c (0x000037fd) c.jal   pc - 18
core   0: 3 0x8000832c (0x37fd) x1  0x8000832e
core   0: 0x8000831a (0x00002829) c.jal   pc + 26
core   0: 3 0x8000831a (0x2829) x1  0x8000831c
core   0: 0x80008334 (0xfd5ff4ef) jal     s1, pc - 0x2c
core   0: 3 0x80008334 (0xfd5ff4ef) x9  0x80008338
core   0: 0x80008308 (0x0000a01d) c.j     pc + 38
core   0: 3 0x80008308 (0xa01d)
core   0: 0x8000832e (0x0000b7fd) c.j     pc - 18
core   0: 3 0x8000832e (0xb7fd)
core   0: 0x8000831c (0x0000a021) c.j     pc + 8
core   0: 3 0x8000831c (0xa021)
core   0: 0x80008324 (0xfffff9ef) jal     s3, pc - 0x2
core   0: 3 0x80008324 (0xfffff9ef) x19 0x80008328
core   0: 0x80008322 (0x000037fd) c.jal   pc - 18
core   0: 3 0x80008322 (0x37fd) x1  0x80008324
core   0: 0x80008310 (0x00003fdd) c.jal   pc - 10
core   0: 3 0x80008310 (0x3fdd) x1  0x80008312
core   0: 0x80008306 (0x0000200d) c.jal   pc + 34
core   0: 3 0x80008306 (0x200d) x1  0x80008308
core   0: 0x80008328 (0x00002021) c.jal   pc + 8
core   0: 3 0x80008328 (0x2021) x1  0x8000832a
core   0: 0x80008330 (0x0000a021) c.j     pc + 8
core   0: 3 0x80008330 (0xa021)
core   0: 0x80008338 (0x0157e2b3) or      t0, a5, s5
core   0: 3 0x80008338 (0x0157e2b3) x5  0x00000000
core   0: 0x8000833c (0x01c001ef) jal     gp, pc + 0x1c
core   0: 3 0x8000833c (0x01c001ef) x3  0x80008340
core   0: 0x80008358 (0xff1ff0ef) jal     pc - 0x10
core   0: 3 0x80008358 (0xff1ff0ef) x1  0x8000835c
core   0: 0x80008348 (0x00002011) c.jal   pc + 4
core   0: 3 0x80008348 (0x2011) x1  0x8000834a
core   0: 0x8000834c (0xfffff0ef) jal     pc - 0x2
core   0: 3 0x8000834c (0xfffff0ef) x1  0x80008350
core   0: 0x8000834a (0x00003fe5) c.jal   pc - 8
core   0: 3 0x8000834a (0x3fe5) x1  0x8000834c
core   0: 0x80008342 (0x00002815) c.jal   pc + 52
core   0: 3 0x80008342 (0x2815) x1  0x80008344
core   0: 0x80008376 (0x00002009) c.jal   pc + 2
core   0: 3 0x80008376 (0x2009) x1  0x80008378
core   0: 0x80008378 (0xfe7ff1ef) jal     gp, pc - 0x1a
core   0: 3 0x80008378 (0xfe7ff1ef) x3  0x8000837c
core   0: 0x8000835e (0xfe7ff36f) jal     t1, pc - 0x1a
core   0: 3 0x8000835e (0xfe7ff36f) x6  0x80008362
core   0: 0x80008344 (0x0240086f) jal     a6, pc + 0x24
core   0: 3 0x80008344 (0x0240086f) x16 0x80008348
core   0: 0x80008368 (0xfe9ff0ef) jal     pc - 0x18
core   0: 3 0x80008368 (0xfe9ff0ef) x1  0x8000836c
core   0: 0x80008350 (0xff1ff0ef) jal     pc - 0x10
core   0: 3 0x80008350 (0xff1ff0ef) x1  0x80008354
core   0: 0x80008340 (0x0000201d) c.jal   pc + 38
core   0: 3 0x80008340 (0x201d) x1  0x80008342
core   0: 0x80008366 (0x00003fdd) c.jal   pc - 10
core   0: 3 0x80008366 (0x3fdd) x1  0x80008368
core   0: 0x8000835c (0x0000a811) c.j     pc + 20
core   0: 3 0x8000835c (0xa811)
core   0: 0x80008370 (0x000037d5) c.jal   pc - 28
core   0: 3 0x80008370 (0x37d5) x1  0x80008372
core   0: 0x80008354 (0x01e000ef) jal     pc + 0x1e
core   0: 3 0x80008354 (0x01e000ef) x1  0x80008358
core   0: 0x80008372 (0xffbffcef) jal     s9, pc - 0x6
core   0: 3 0x80008372 (0xffbffcef) x25 0x80008376
core   0: 0x8000836c (0xff7ff36f) jal     t1, pc - 0xa
core   0: 3 0x8000836c (0xff7ff36f) x6  0x80008370
core   0: 0x80008362 (0x00002009) c.jal   pc + 2
core   0: 3 0x80008362 (0x2009) x1  0x80008364
core   0: 0x80008364 (0x0000a821) c.j     pc + 24
core   0: 3 0x80008364 (0xa821)
core   0: 0x8000837c (0x340996f3) csrrw   a3, mscratch, s3
core   0: 3 0x8000837c (0x340996f3) x13 0x1fff6900 c832_mscratch 0x80008328
core   0: 0x80008380 (0x022001ef) jal     gp, pc + 0x22
core   0: 3 0x80008380 (0x022001ef) x3  0x80008384
core   0: 0x800083a2 (0x00002011) c.jal   pc + 4
core   0: 3 0x800083a2 (0x2011) x1  0x800083a4
core   0: 0x800083a6 (0xfe7ff36f) jal     t1, pc - 0x1a
core   0: 3 0x800083a6 (0xfe7ff36f) x6  0x800083aa
core   0: 0x8000838c (0x004000ef) jal     pc + 0x4
core   0: 3 0x8000838c (0x004000ef) x1  0x80008390
core   0: 0x80008390 (0xff9ff36f) jal     t1, pc - 0x8
core   0: 3 0x80008390 (0xff9ff36f) x6  0x80008394
core   0: 0x80008388 (0x0000a039) c.j     pc + 14
core   0: 3 0x80008388 (0xa039)
core   0: 0x80008396 (0x00002819) c.jal   pc + 22
core   0: 3 0x80008396 (0x2819) x1  0x80008398
core   0: 0x800083ac (0xff1ff36f) jal     t1, pc - 0x10
core   0: 3 0x800083ac (0xff1ff36f) x6  0x800083b0
core   0: 0x8000839c (0xfefff0ef) jal     pc - 0x12
core   0: 3 0x8000839c (0xfefff0ef) x1  0x800083a0
core   0: 0x8000838a (0x0000a039) c.j     pc + 14
core   0: 3 0x8000838a (0xa039)
core   0: 0x80008398 (0x0000b7f5) c.j     pc - 20
core   0: 3 0x80008398 (0xb7f5)
core   0: 0x80008384 (0x0000a035) c.j     pc + 44
core   0: 3 0x80008384 (0xa035)
core   0: 0x800083b0 (0x0000b7d5) c.j     pc - 28
core   0: 3 0x800083b0 (0xb7d5)
core   0: 0x80008394 (0x00002005) c.jal   pc + 32
core   0: 3 0x80008394 (0x2005) x1  0x80008396
core   0: 0x800083b4 (0xfffff0ef) jal     pc - 0x2
core   0: 3 0x800083b4 (0xfffff0ef) x1  0x800083b8
core   0: 0x800083b2 (0x0000b7e5) c.j     pc - 24
core   0: 3 0x800083b2 (0xb7e5)
core   0: 0x8000839a (0x0000a029) c.j     pc + 10
core   0: 3 0x8000839a (0xa029)
core   0: 0x800083a4 (0x0000bff5) c.j     pc - 4
core   0: 3 0x800083a4 (0xbff5)
core   0: 0x800083a0 (0x0000a821) c.j     pc + 24
core   0: 3 0x800083a0 (0xa821)
core   0: 0x800083b8 (0x00002009) c.jal   pc + 2
core   0: 3 0x800083b8 (0x2009) x1  0x800083ba
core   0: 0x800083ba (0x0000bfc5) c.j     pc - 16
core   0: 3 0x800083ba (0xbfc5)
core   0: 0x800083aa (0x00003ff1) c.jal   pc - 36
core   0: 3 0x800083aa (0x3ff1) x1  0x800083ac
core   0: 0x80008386 (0x0000a81d) c.j     pc + 54
core   0: 3 0x80008386 (0xa81d)
core   0: 0x800083bc (0x0345d333) divu    t1, a1, s4
core   0: 3 0x800083bc (0x0345d333) x6  0xffffffff
core   0: 0x800083c0 (0x020001ef) jal     gp, pc + 0x20
core   0: 3 0x800083c0 (0x020001ef) x3  0x800083c4
core   0: 0x800083e0 (0x0000b7ed) c.j     pc - 22
core   0: 3 0x800083e0 (0xb7ed)
core   0: 0x800083ca (0x00002015) c.jal   pc + 36
core   0: 3 0x800083ca (0x2015) x1  0x800083cc
core   0: 0x800083ee (0x0000b7f5) c.j     pc - 20
core   0: 3 0x800083ee (0xb7f5)
core   0: 0x800083da (0x0000a831) c.j     pc + 28
core   0: 3 0x800083da (0xa831)
core   0: 0x800083f6 (0xfe9ff26f) jal     tp, pc - 0x18
core   0: 3 0x800083f6 (0xfe9ff26f) x4  0x800083fa
core   0: 0x800083de (0x00002819) c.jal   pc + 22
core   0: 3 0x800083de (0x2819) x1  0x800083e0
core   0: 0x800083f4 (0x00003fe1) c.jal   pc - 40
core   0: 3 0x800083f4 (0x3fe1) x1  0x800083f6
core   0: 0x800083cc (0x0000bff5) c.j     pc - 4
core   0: 3 0x800083cc (0xbff5)
core   0: 0x800083c8 (0x0000a839) c.j     pc + 30
core   0: 3 0x800083c8 (0xa839)
core   0: 0x800083e6 (0x00003ff5) c.jal   pc - 4
core   0: 3 0x800083e6 (0x3ff5) x1  0x800083e8
core   0: 0x800083e2 (0x006003ef) jal     t2, pc + 0x6
core   0: 3 0x800083e2 (0x006003ef) x7  0x800083e6
core   0: 0x800083e8 (0xfddff16f) jal     sp, pc - 0x24
core   0: 3 0x800083e8 (0xfddff16f) x2  0x800083ec
core   0: 0x800083c4 (0x0000a039) c.j     pc + 14
core   0: 3 0x800083c4 (0xa039)
core   0: 0x800083d2 (0x01a0076f) jal     a4, pc + 0x1a
core   0: 3 0x800083d2 (0x01a0076f) x14 0x800083d6
core   0: 0x800083ec (0x0000a809) c.j     pc + 18
core   0: 3 0x800083ec (0xa809)
core   0: 0x800083fe (0x000037e1) c.jal   pc - 56
core   0: 3 0x800083fe (0x37e1) x1  0x80008400
core   0: 0x800083c6 (0x0000a815) c.j     pc + 52
core   0: 3 0x800083c6 (0xa815)
core   0: 0x800083fa (0xfddff26f) jal     tp, pc - 0x24
core   0: 3 0x800083fa (0xfddff26f) x4  0x800083fe
core   0: 0x800083d6 (0x01a007ef) jal     a5, pc + 0x1a
core   0: 3 0x800083d6 (0x01a007ef) x15 0x800083da
core   0: 0x800083f0 (0xfdfff0ef) jal     pc - 0x22
core   0: 3 0x800083f0 (0xfdfff0ef) x1  0x800083f4
core   0: 0x800083ce (0x00e000ef) jal     pc + 0xe
core   0: 3 0x800083ce (0x00e000ef) x1  0x800083d2
core   0: 0x800083dc (0x00002015) c.jal   pc + 36
core   0: 3 0x800083dc (0x2015) x1  0x800083de
core   0: 0x80008400 (0x00000001) c.nop
core   0: 3 0x80008400 (0x0001)
core   0: 0x80008402 (0x0268f563) bgeu    a7, t1, pc + 42
core   0: 3 0x80008402 (0x0268f563)
core   0: 0x80008406 (0x011c68b3) or      a7, s8, a7
core   0: 3 0x80008406 (0x011c68b3) x17 0x00000000
core   0: 0x8000840a (0x00008da9) c.xor   a1, a0
core   0: 3 0x8000840a (0x8da9) x11 0x00000046
core   0: 0x8000840c (0x323d2d93) slti    s11, s10, 803
core   0: 3 0x8000840c (0x323d2d93) x27 0x00000000
core   0: 0x80008410 (0x00008db1) c.xor   a1, a2
core   0: 3 0x80008410 (0x8db1) x11 0x80023ca2
core   0: 0x80008412 (0x01ef0c63) beq     t5, t5, pc + 24
core   0: 3 0x80008412 (0x01ef0c63)
core   0: 0x8000842a (0x000086be) c.mv    a3, a5
core   0: 3 0x8000842a (0x86be) x13 0x800083da
core   0: 0x8000842c (0x00d6ef33) or      t5, a3, a3
core   0: 3 0x8000842c (0x00d6ef33) x30 0x800083da
core   0: 0x80008430 (0x028039b3) mulhu   s3, zero, s0
core   0: 3 0x80008430 (0x028039b3) x19 0x00000000
core   0: 0x80008434 (0x00008cdd) c.or    s1, a5
core   0: 3 0x80008434 (0x8cdd) x9  0x800083fa
core   0: 0x80008436 (0x00008dad) c.xor   a1, a1
core   0: 3 0x80008436 (0x8dad) x11 0x00000000
core   0: 0x80008438 (0x01fb7833) and     a6, s6, t6
core   0: 3 0x80008438 (0x01fb7833) x16 0x80008220
core   0: 0x8000843c (0xc0192d13) slti    s10, s2, -1023
core   0: 3 0x8000843c (0xc0192d13) x26 0x00000000
core   0: 0x80008440 (0x34002773) csrr    a4, mscratch
core   0: 3 0x80008440 (0x34002773) x14 0x80008328
core   0: 0x80008444 (0x04b10463) beq     sp, a1, pc + 72
core   0: 3 0x80008444 (0x04b10463)
core   0: 0x80008448 (0x00c79c33) sll     s8, a5, a2
core   0: 3 0x80008448 (0x00c79c33) x24 0x00083da0
core   0: 0x8000844c (0x00006751) c.lui   a4, 0x14
core   0: 3 0x8000844c (0x6751) x14 0x00014000
core   0: 0x8000844e (0x03d5e033) rem     zero, a1, t4
core   0: 3 0x8000844e (0x03d5e033)
core   0: 0x80008452 (0x000088f6) c.mv    a7, t4
core   0: 3 0x80008452 (0x88f6) x17 0x1fff694d
core   0: 0x80008454 (0x000065a1) c.lui   a1, 0x8
core   0: 3 0x80008454 (0x65a1) x11 0x00008000
core   0: 0x80008456 (0x0ff0000f) fence   iorw,iorw
core   0: 3 0x80008456 (0x0ff0000f)
core   0: 0x8000845a (0x01301733) sll     a4, zero, s3
core   0: 3 0x8000845a (0x01301733) x14 0x00000000
core   0: 0x8000845e (0x027e7963) bgeu    t3, t2, pc + 50
core   0: 3 0x8000845e (0x027e7963)
core   0: 0x80008490 (0x00000001) c.nop
core   0: 3 0x80008490 (0x0001)
core   0: 0x80008492 (0xc33fb093) sltiu   ra, t6, -973
core   0: 3 0x80008492 (0xc33fb093) x1  0x00000001
core   0: 0x80008496 (0x01931c63) bne     t1, s9, pc + 24
core   0: 3 0x80008496 (0x01931c63)
core   0: 0x800084ae (0x000083fd) c.srli  a5, 31
core   0: 3 0x800084ae (0x83fd) x15 0x00000001
core   0: 0x800084b0 (0x01964333) xor     t1, a2, s9
core   0: 3 0x800084b0 (0x01964333) x6  0x0002bf92
core   0: 0x800084b4 (0x0ffd8c97) auipc   s9, 0xffd8
core   0: 3 0x800084b4 (0x0ffd8c97) x25 0x8ffe04b4
core   0: 0x800084b8 (0x00008d3d) c.xor   a0, a5
core   0: 3 0x800084b8 (0x8d3d) x10 0x8000828f
core   0: 0x800084ba (0x0153adb3) slt     s11, t2, s5
core   0: 3 0x800084ba (0x0153adb3) x27 0x00000001
core   0: 0x800084be (0x017f69b3) or      s3, t5, s7
core   0: 3 0x800084be (0x017f69b3) x19 0xff29d3da
core   0: 0x800084c2 (0x01020b33) add     s6, tp, a6
core   0: 3 0x800084c2 (0x01020b33) x22 0x0001061e
core   0: 0x800084c6 (0x40010eb3) sub     t4, sp, zero
core   0: 3 0x800084c6 (0x40010eb3) x29 0x800083ec
core   0: 0x800084ca (0x0000100f) fence.i
core   0: 3 0x800084ca (0x0000100f)
core   0: 0x800084ce (0x00008f19) c.sub   a4, a4
core   0: 3 0x800084ce (0x8f19) x14 0x00000000
core   0: 0x800084d0 (0x039c85b3) mul     a1, s9, s9
core   0: 3 0x800084d0 (0x039c85b3) x11 0x6d461e90
core   0: 0x800084d4 (0x013f36b3) sltu    a3, t5, s3
core   0: 3 0x800084d4 (0x013f36b3) x13 0x00000001
core   0: 0x800084d8 (0x0000ed81) c.bnez  a1, pc + 24
core   0: 3 0x800084d8 (0xed81)
core   0: 0x800084f0 (0x00523cb3) sltu    s9, tp, t0
core   0: 3 0x800084f0 (0x00523cb3) x25 0x00000000
core   0: 0x800084f4 (0x71b06293) ori     t0, zero, 1819
core   0: 3 0x800084f4 (0x71b06293) x5  0x0000071b
core   0: 0x800084f8 (0x00dad263) bge     s5, a3, pc + 4
core   0: 3 0x800084f8 (0x00dad263)
core   0: 0x800084fc (0x340c5df3) csrrwi  s11, mscratch, 24
core   0: 3 0x800084fc (0x340c5df3) x27 0x80008328 c832_mscratch 0x00000018
core   0: 0x80008500 (0x01cb1513) slli    a0, s6, 28
core   0: 3 0x80008500 (0x01cb1513) x10 0xe0000000
core   0: 0x80008504 (0x011c34b3) sltu    s1, s8, a7
core   0: 3 0x80008504 (0x011c34b3) x9  0x00000001
core   0: 0x80008508 (0x0ff0000f) fence   iorw,iorw
core   0: 3 0x80008508 (0x0ff0000f)
core   0: 0x8000850c (0xfa3eba13) sltiu   s4, t4, -93
core   0: 3 0x8000850c (0xfa3eba13) x20 0x00000001
core   0: 0x80008510 (0x00000001) c.nop
core   0: 3 0x80008510 (0x0001)
core   0: 0x80008512 (0x00e360b3) or      ra, t1, a4
core   0: 3 0x80008512 (0x00e360b3) x1  0x0002bf92
core   0: 0x80008516 (0x340af173) csrrci  sp, mscratch, 21
core   0: 3 0x80008516 (0x340af173) x2  0x00000018 c832_mscratch 0x00000008
core   0: 0x8000851a (0x00008cb5) c.xor   s1, a3
core   0: 3 0x8000851a (0x8cb5) x9  0x00000000
core   0: 0x8000851c (0x00f5f863) bgeu    a1, a5, pc + 16
core   0: 3 0x8000851c (0x00f5f863)
core   0: 0x8000852c (0x0076c763) blt     a3, t2, pc + 14
core   0: 3 0x8000852c (0x0076c763)
core   0: 0x80008530 (0x03e0b0b3) mulhu   ra, ra, t5
core   0: 3 0x80008530 (0x03e0b0b3) x1  0x00015fca
core   0: 0x80008534 (0x41a00a33) sub     s4, zero, s10
core   0: 3 0x80008534 (0x41a00a33) x20 0x00000000
core   0: 0x80008538 (0x00009d3e) c.add   s10, a5
core   0: 3 0x80008538 (0x9d3e) x26 0x00000001
core   0: 0x8000853a (0x0000853e) c.mv    a0, a5
core   0: 3 0x8000853a (0x853e) x10 0x00000001
core   0: 0x8000853c (0x13cfbf93) sltiu   t6, t6, 316
core   0: 3 0x8000853c (0x13cfbf93) x31 0x00000000
core   0: 0x80008540 (0x0713f163) bgeu    t2, a7, pc + 98
core   0: 3 0x80008540 (0x0713f163)
core   0: 0x800085a2 (0x27958d13) addi    s10, a1, 633
core   0: 3 0x800085a2 (0x27958d13) x26 0x6d462109
core   0: 0x800085a6 (0x340e1af3) csrrw   s5, mscratch, t3
core   0: 3 0x800085a6 (0x340e1af3) x21 0x00000008 c832_mscratch 0x8001fe14
core   0: 0x800085aa (0x34036873) csrrsi  a6, mscratch, 6
core   0: 3 0x800085aa (0x34036873) x16 0x8001fe14 c832_mscratch 0x8001fe16
core   0: 0x800085ae (0x9d605d37) lui     s10, 0x9d605
core   0: 3 0x800085ae (0x9d605d37) x26 0x9d605000
core   0: 0x800085b2 (0x0000652d) c.lui   a0, 0xb
core   0: 3 0x800085b2 (0x652d) x10 0x0000b000
core   0: 0x800085b4 (0x00392533) slt     a0, s2, gp
core   0: 3 0x800085b4 (0x00392533) x10 0x00000000
core   0: 0x800085b8 (0x00008131) c.srli  a0, 12
core   0: 3 0x800085b8 (0x8131) x10 0x00000000
core   0: 0x800085ba (0x03b2b933) mulhu   s2, t0, s11
core   0: 3 0x800085ba (0x03b2b933) x18 0x0000038d
core   0: 0x800085be (0x00a3cb33) xor     s6, t2, a0
core   0: 3 0x800085be (0x00a3cb33) x22 0x800083e6
core   0: 0x800085c2 (0x340613f3) csrrw   t2, mscratch, a2
core   0: 3 0x800085c2 (0x340613f3) x7  0x8001fe16 c832_mscratch 0x80023ce4
core   0: 0x800085c6 (0x004077b3) and     a5, zero, tp
core   0: 3 0x800085c6 (0x004077b3) x15 0x00000000
core   0: 0x800085ca (0x0000c705) c.beqz  a4, pc + 40
core   0: 3 0x800085ca (0xc705)
core   0: 0x800085f2 (0x0000ef85) c.bnez  a5, pc + 56
core   0: 3 0x800085f2 (0xef85)
core   0: 0x800085f4 (0x0082e3b3) or      t2, t0, s0
core   0: 3 0x800085f4 (0x0082e3b3) x7  0x8000071b
core   0: 0x800085f8 (0xb0c93c37) lui     s8, 0xb0c93
core   0: 3 0x800085f8 (0xb0c93c37) x24 0xb0c93000
core   0: 0x800085fc (0x3ba5a293) slti    t0, a1, 954
core   0: 3 0x800085fc (0x3ba5a293) x5  0x00000000
core   0: 0x80008600 (0x34002173) csrr    sp, mscratch
core   0: 3 0x80008600 (0x34002173) x2  0x80023ce4
core   0: 0x80008604 (0x000080dd) c.srli  s1, 23
core   0: 3 0x80008604 (0x80dd) x9  0x00000000
core   0: 0x80008606 (0x039baa33) mulhsu  s4, s7, s9
core   0: 3 0x80008606 (0x039baa33) x20 0x00000000
core   0: 0x8000860a (0x00009b7d) c.andi  a4, -1
core   0: 3 0x8000860a (0x9b7d) x14 0x00000000
core   0: 0x8000860c (0x0000ef19) c.bnez  a4, pc + 30
core   0: 3 0x8000860c (0xef19)
core   0: 0x8000860e (0x00008ef5) c.and   a3, a3
core   0: 3 0x8000860e (0x8ef5) x13 0x00000001
core   0: 0x80008610 (0x0291d163) bge     gp, s1, pc + 34
core   0: 3 0x80008610 (0x0291d163)
core   0: 0x80008614 (0xc57cc313) xori    t1, s9, -937
core   0: 3 0x80008614 (0xc57cc313) x6  0xfffffc57
core   0: 0x80008618 (0x0000100f) fence.i
core   0: 3 0x80008618 (0x0000100f)
core   0: 0x8000861c (0x012f12b3) sll     t0, t5, s2
core   0: 3 0x8000861c (0x012f12b3) x5  0x107b4000
core   0: 0x80008620 (0x00008f01) c.sub   a4, s0
core   0: 3 0x80008620 (0x8f01) x14 0x80000000
core   0: 0x80008622 (0x035ca733) mulhsu  a4, s9, s5
core   0: 3 0x80008622 (0x035ca733) x14 0x00000000
core   0: 0x80008626 (0x340799f3) csrrw   s3, mscratch, a5
core   0: 3 0x80008626 (0x340799f3) x19 0x80023ce4 c832_mscratch 0x00000000
core   0: 0x8000862a (0x02ab9563) bne     s7, a0, pc + 42
core   0: 3 0x8000862a (0x02ab9563)
core   0: 0x80008654 (0x41b459b3) sra     s3, s0, s11
core   0: 3 0x80008654 (0x41b459b3) x19 0xff800000
core   0: 0x80008658 (0x000004ba) c.slli  s1, 14
core   0: 3 0x80008658 (0x04ba) x9  0x00000000
core   0: 0x8000865a (0x036008b3) mul     a7, zero, s6
core   0: 3 0x8000865a (0x036008b3) x17 0x00000000
core   0: 0x8000865e (0x0000717d) c.addi16sp sp, -16
core   0: 3 0x8000865e (0x717d) x2  0x80023cd4
core   0: 0x80008660 (0x34003373) csrrc   t1, mscratch, zero
core   0: 3 0x80008660 (0x34003373) x6  0x00000000
core   0: 0x80008664 (0x000015fd) c.addi  a1, -1
core   0: 3 0x80008664 (0x15fd) x11 0x6d461e8f
core   0: 0x80008666 (0x00001dfd) c.addi  s11, -1
core   0: 3 0x80008666 (0x1dfd) x27 0x80008327
core   0: 0x80008668 (0x02461063) bne     a2, tp, pc + 32
core   0: 3 0x80008668 (0x02461063)
core   0: 0x80008688 (0x01f4cb33) xor     s6, s1, t6
core   0: 3 0x80008688 (0x01f4cb33) x22 0x00000000
core   0: 0x8000868c (0x02527b33) remu    s6, tp, t0
core   0: 3 0x8000868c (0x02527b33) x22 0x0ca1c3fe
core   0: 0x80008690 (0x03de4533) div     a0, t3, t4
core   0: 3 0x80008690 (0x03de4533) x10 0x00000000
core   0: 0x80008694 (0xd1ef8c93) addi    s9, t6, -738
core   0: 3 0x80008694 (0xd1ef8c93) x25 0xfffffd1e
core   0: 0x80008698 (0x00cf1493) slli    s1, t5, 12
core   0: 3 0x80008698 (0x00cf1493) x9  0x083da000
core   0: 0x8000869c (0x02b0f863) bgeu    ra, a1, pc + 48
core   0: 3 0x8000869c (0x02b0f863)
core   0: 0x800086a0 (0x00009ada) c.add   s5, s6
core   0: 3 0x800086a0 (0x9ada) x21 0x0ca1c406
core   0: 0x800086a2 (0x812bea13) ori     s4, s7, -2030
core   0: 3 0x800086a2 (0x812bea13) x20 0xfffff812
core   0: 0x800086a6 (0x96d61197) auipc   gp, 0x96d61
core   0: 3 0x800086a6 (0x96d61197) x3  0x16d696a6
core   0: 0x800086aa (0x000082fe) c.mv    t0, t6
core   0: 3 0x800086aa (0x82fe) x5  0x00000000
core   0: 0x800086ac (0x0000c901) c.beqz  a0, pc + 16
core   0: 3 0x800086ac (0xc901)
core   0: 0x800086bc (0x0000717d) c.addi16sp sp, -16
core   0: 3 0x800086bc (0x717d) x2  0x80023cc4
core   0: 0x800086be (0x00008331) c.srli  a4, 12
core   0: 3 0x800086be (0x8331) x14 0x00000000
core   0: 0x800086c0 (0x00008d3a) c.mv    s10, a4
core   0: 3 0x800086c0 (0x8d3a) x26 0x00000000
core   0: 0x800086c2 (0x00994733) xor     a4, s2, s1
core   0: 3 0x800086c2 (0x00994733) x14 0x083da38d
core   0: 0x800086c6 (0x02114eb3) div     t4, sp, ra
core   0: 3 0x800086c6 (0x02114eb3) x29 0xffffa2dd
core   0: 0x800086ca (0x00008b69) c.andi  a4, 26
core   0: 3 0x800086ca (0x8b69) x14 0x00000008
core   0: 0x800086cc (0x00008fed) c.and   a5, a1
core   0: 3 0x800086cc (0x8fed) x15 0x00000000
core   0: 0x800086ce (0x0196ba33) sltu    s4, a3, s9
core   0: 3 0x800086ce (0x0196ba33) x20 0x00000001
core   0: 0x800086d2 (0x340a3a73) csrrc   s4, mscratch, s4
core   0: 3 0x800086d2 (0x340a3a73) x20 0x00000000 c832_mscratch 0x00000000
core   0: 0x800086d6 (0x40195133) sra     sp, s2, ra
core   0: 3 0x800086d6 (0x40195133) x2  0x00000000
core   0: 0x800086da (0x40d3db33) sra     s6, t2, a3
core   0: 3 0x800086da (0x40d3db33) x22 0xc000038d
core   0: 0x800086de (0x01aed593) srli    a1, t4, 26
core   0: 3 0x800086de (0x01aed593) x11 0x0000003f
core   0: 0x800086e2 (0x018adf33) srl     t5, s5, s8
core   0: 3 0x800086e2 (0x018adf33) x30 0x0ca1c406
core   0: 0x800086e6 (0x000085ee) c.mv    a1, s11
core   0: 3 0x800086e6 (0x85ee) x11 0x80008327
core   0: 0x800086e8 (0x340d9af3) csrrw   s5, mscratch, s11
core   0: 3 0x800086e8 (0x340d9af3) x21 0x00000000 c832_mscratch 0x80008327
core   0: 0x800086ec (0x0000100f) fence.i
core   0: 3 0x800086ec (0x0000100f)
core   0: 0x800086f0 (0x0009c1b3) xor     gp, s3, zero
core   0: 3 0x800086f0 (0x0009c1b3) x3  0xff800000
core   0: 0x800086f4 (0x00000001) c.nop
core   0: 3 0x800086f4 (0x0001)
core   0: 0x800086f6 (0x01531493) slli    s1, t1, 21
core   0: 3 0x800086f6 (0x01531493) x9  0x00000000
core   0: 0x800086fa (0x00006a31) c.lui   s4, 0xc
core   0: 3 0x800086fa (0x6a31) x20 0x0000c000
core   0: 0x800086fc (0x01dd9893) slli    a7, s11, 29
core   0: 3 0x800086fc (0x01dd9893) x17 0xe0000000
core   0: 0x80008700 (0x03ab2233) mulhsu  tp, s6, s10
core   0: 3 0x80008700 (0x03ab2233) x4  0x00000000
core   0: 0x80008704 (0x036c6f33) rem     t5, s8, s6
core   0: 3 0x80008704 (0x036c6f33) x30 0xf0c92c73
core   0: 0x80008708 (0x00000001) c.nop
core   0: 3 0x80008708 (0x0001)
core   0: 0x8000870a (0x02db1e63) bne     s6, a3, pc + 60
core   0: 3 0x8000870a (0x02db1e63)
core   0: 0x80008746 (0x000094fa) c.add   s1, t5
core   0: 3 0x80008746 (0x94fa) x9  0xf0c92c73
core   0: 0x80008748 (0x01c4dd13) srli    s10, s1, 28
core   0: 3 0x80008748 (0x01c4dd13) x26 0x0000000f
core   0: 0x8000874c (0x41135d33) sra     s10, t1, a7
core   0: 3 0x8000874c (0x41135d33) x26 0x00000000
core   0: 0x80008750 (0x00000849) c.addi  a6, 18
core   0: 3 0x80008750 (0x0849) x16 0x8001fe26
core   0: 0x80008752 (0x000080e1) c.srli  s1, 24
core   0: 3 0x80008752 (0x80e1) x9  0x000000f0
core   0: 0x80008754 (0x00008de1) c.and   a1, s0
core   0: 3 0x80008754 (0x8de1) x11 0x80000000
core   0: 0x80008756 (0x00000001) c.nop
core   0: 3 0x80008756 (0x0001)
core   0: 0x80008758 (0x00000001) c.nop
core   0: 3 0x80008758 (0x0001)
core   0: 0x8000875a (0x340cbff3) csrrc   t6, mscratch, s9
core   0: 3 0x8000875a (0x340cbff3) x31 0x80008327 c832_mscratch 0x00000221
core   0: 0x8000875e (0x0000137d) c.addi  t1, -1
core   0: 3 0x8000875e (0x137d) x6  0xffffffff
core   0: 0x80008760 (0x0ff0000f) fence   iorw,iorw
core   0: 3 0x80008760 (0x0ff0000f)
core   0: 0x80008764 (0x00008ab9) c.andi  a3, 14
core   0: 3 0x80008764 (0x8ab9) x13 0x00000000
core   0: 0x80008766 (0x02fce2b3) rem     t0, s9, a5
core   0: 3 0x80008766 (0x02fce2b3) x5  0xfffffd1e
core   0: 0x8000876a (0x02e74033) div     zero, a4, a4
core   0: 3 0x8000876a (0x02e74033)
core   0: 0x8000876e (0x03dbb0b3) mulhu   ra, s7, t4
core   0: 3 0x8000876e (0x03dbb0b3) x1  0xff29732a
core   0: 0x80008772 (0x01d8d5b3) srl     a1, a7, t4
core   0: 3 0x80008772 (0x01d8d5b3) x11 0x00000007
core   0: 0x80008776 (0x4047d933) sra     s2, a5, tp
core   0: 3 0x80008776 (0x4047d933) x18 0x00000000
core   0: 0x8000877a (0xe7fef293) andi    t0, t4, -385
core   0: 3 0x8000877a (0xe7fef293) x5  0xffffa25d
core   0: 0x8000877e (0x03032db3) mulhsu  s11, t1, a6
core   0: 3 0x8000877e (0x03032db3) x27 0xffffffff
core   0: 0x80008782 (0x00009d6a) c.add   s10, s10
core   0: 3 0x80008782 (0x9d6a) x26 0x00000000
core   0: 0x80008784 (0x00006105) c.addi16sp sp, 32
core   0: 3 0x80008784 (0x6105) x2  0x00000020
core   0: 0x80008786 (0x00008c89) c.sub   s1, a0
core   0: 3 0x80008786 (0x8c89) x9  0x000000f0
core   0: 0x80008788 (0x00bb0cb3) add     s9, s6, a1
core   0: 3 0x80008788 (0x00bb0cb3) x25 0xc0000394
core   0: 0x8000878c (0x0000817d) c.srli  a0, 31
core   0: 3 0x8000878c (0x817d) x10 0x00000000
core   0: 0x8000878e (0x415ed4b3) sra     s1, t4, s5
core   0: 3 0x8000878e (0x415ed4b3) x9  0xffffa2dd
core   0: 0x80008792 (0x340f5b73) csrrwi  s6, mscratch, 30
core   0: 3 0x80008792 (0x340f5b73) x22 0x00000221 c832_mscratch 0x0000001e
core   0: 0x80008796 (0xefee8793) addi    a5, t4, -258
core   0: 3 0x80008796 (0xefee8793) x15 0xffffa1db
core   0: 0x8000879a (0x00008cbd) c.xor   s1, a5
core   0: 3 0x8000879a (0x8cbd) x9  0x00000306
core   0: 0x8000879c (0x0000c885) c.beqz  s1, pc + 48
core   0: 3 0x8000879c (0xc885)
core   0: 0x8000879e (0x03046fb3) rem     t6, s0, a6
core   0: 3 0x8000879e (0x03046fb3) x31 0xfffe01da
core   0: 0x800087a2 (0x03018133) mul     sp, gp, a6
core   0: 3 0x800087a2 (0x03018133) x2  0xed000000
core   0: 0x800087a6 (0x037a6eb3) rem     t4, s4, s7
core   0: 3 0x800087a6 (0x037a6eb3) x29 0x0000c000
core   0: 0x800087aa (0xa6a7da17) auipc   s4, 0xa6a7d
core   0: 3 0x800087aa (0xa6a7da17) x20 0x26a857aa
core   0: 0x800087ae (0x00009b7d) c.andi  a4, -1
core   0: 3 0x800087ae (0x9b7d) x14 0x00000008
core   0: 0x800087b0 (0x00008f81) c.sub   a5, s0
core   0: 3 0x800087b0 (0x8f81) x15 0x7fffa1db
core   0: 0x800087b2 (0x01a034b3) snez    s1, s10
core   0: 3 0x800087b2 (0x01a034b3) x9  0x00000000
core   0: 0x800087b6 (0x00289033) sll     zero, a7, sp
core   0: 3 0x800087b6 (0x00289033)
core   0: 0x800087ba (0x00008ced) c.and   s1, a1
core   0: 3 0x800087ba (0x8ced) x9  0x00000000
core   0: 0x800087bc (0x00639363) bne     t2, t1, pc + 6
core   0: 3 0x800087bc (0x00639363)
core   0: 0x800087c2 (0x0309d333) divu    t1, s3, a6
core   0: 3 0x800087c2 (0x0309d333) x6  0x00000001
core   0: 0x800087c6 (0x005aeb33) or      s6, s5, t0
core   0: 3 0x800087c6 (0x005aeb33) x22 0xffffa25d
core   0: 0x800087ca (0x00008e99) c.sub   a3, a4
core   0: 3 0x800087ca (0x8e99) x13 0xfffffff8
core   0: 0x800087cc (0x030f6f63) bltu    t5, a6, pc + 62
core   0: 3 0x800087cc (0x030f6f63)
core   0: 0x800087d0 (0x16772713) slti    a4, a4, 359
core   0: 3 0x800087d0 (0x16772713) x14 0x00000001
core   0: 0x800087d4 (0x03bc8f33) mul     t5, s9, s11
core   0: 3 0x800087d4 (0x03bc8f33) x30 0x3ffffc6c
core   0: 0x800087d8 (0xb9166817) auipc   a6, 0xb9166
core   0: 3 0x800087d8 (0xb9166817) x16 0x3916e7d8
core   0: 0x800087dc (0x0000e499) c.bnez  s1, pc + 14
core   0: 3 0x800087dc (0xe499)
core   0: 0x800087de (0x00005ffd) c.li    t6, -1
core   0: 3 0x800087de (0x5ffd) x31 0xffffffff
core   0: 0x800087e0 (0x00c08b63) beq     ra, a2, pc + 22
core   0: 3 0x800087e0 (0x00c08b63)
core   0: 0x800087e4 (0x1d7ef197) auipc   gp, 0x1d7ef
core   0: 3 0x800087e4 (0x1d7ef197) x3  0x9d7f77e4
core   0: 0x800087e8 (0x00006b1d) c.lui   s6, 0x7
core   0: 3 0x800087e8 (0x6b1d) x22 0x00007000
core   0: 0x800087ea (0x41135093) srai    ra, t1, 17
core   0: 3 0x800087ea (0x41135093) x1  0x00000000
core   0: 0x800087ee (0x0000039c) c.addi4spn a5, sp, 448
core   0: 3 0x800087ee (0x039c) x15 0xed0001c0
core   0: 0x800087f0 (0x0000ed1d) c.bnez  a0, pc + 62
core   0: 3 0x800087f0 (0xed1d)
core   0: 0x800087f2 (0x01dcfc33) and     s8, s9, t4
core   0: 3 0x800087f2 (0x01dcfc33) x24 0x00000000
core   0: 0x800087f6 (0x000066e9) c.lui   a3, 0x1a
core   0: 3 0x800087f6 (0x66e9) x13 0x0001a000
core   0: 0x800087f8 (0x9adb6893) ori     a7, s6, -1619
core   0: 3 0x800087f8 (0x9adb6893) x17 0xfffff9ad
core   0: 0x800087fc (0x00004b85) c.li    s7, 1
core   0: 3 0x800087fc (0x4b85) x23 0x00000001
core   0: 0x800087fe (0x02dfe7b3) rem     a5, t6, a3
core   0: 3 0x800087fe (0x02dfe7b3) x15 0xffffffff
core   0: 0x80008802 (0x007a7033) and     zero, s4, t2
core   0: 3 0x80008802 (0x007a7033)
core   0: 0x80008806 (0x05e91163) bne     s2, t5, pc + 66
core   0: 3 0x80008806 (0x05e91163)
core   0: 0x80008848 (0x00008c95) c.sub   s1, a3
core   0: 3 0x80008848 (0x8c95) x9  0xfffe6000
core   0: 0x8000884a (0x025c31b3) mulhu   gp, s8, t0
core   0: 3 0x8000884a (0x025c31b3) x3  0x00000000
core   0: 0x8000884e (0x0381d3b3) divu    t2, gp, s8
core   0: 3 0x8000884e (0x0381d3b3) x7  0xffffffff
core   0: 0x80008852 (0x000080e6) c.mv    ra, s9
core   0: 3 0x80008852 (0x80e6) x1  0xc0000394
core   0: 0x80008854 (0x0000c481) c.beqz  s1, pc + 8
core   0: 3 0x80008854 (0xc481)
core   0: 0x80008856 (0x0000979a) c.add   a5, t1
core   0: 3 0x80008856 (0x979a) x15 0x00000000
core   0: 0x80008858 (0x035aa9b3) mulhsu  s3, s5, s5
core   0: 3 0x80008858 (0x035aa9b3) x19 0x00000000
core   0: 0x8000885c (0x00000aea) c.slli  s5, 26
core   0: 3 0x8000885c (0x0aea) x21 0x00000000
core   0: 0x8000885e (0x005d7363) bgeu    s10, t0, pc + 6
core   0: 3 0x8000885e (0x005d7363)
core   0: 0x80008862 (0x0000ec8d) c.bnez  s1, pc + 58
core   0: 3 0x80008862 (0xec8d)
core   0: 0x8000889c (0x7cbd0593) addi    a1, s10, 1995
core   0: 3 0x8000889c (0x7cbd0593) x11 0x000007cb
core   0: 0x800088a0 (0xed733137) lui     sp, 0xed733
core   0: 3 0x800088a0 (0xed733137) x2  0xed733000
core   0: 0x800088a4 (0x0160c733) xor     a4, ra, s6
core   0: 3 0x800088a4 (0x0160c733) x14 0xc0007394
core   0: 0x800088a8 (0x0ff0000f) fence   iorw,iorw
core   0: 3 0x800088a8 (0x0ff0000f)
core   0: 0x800088ac (0x00000001) c.nop
core   0: 3 0x800088ac (0x0001)
core   0: 0x800088ae (0x0000c689) c.beqz  a3, pc + 10
core   0: 3 0x800088ae (0xc689)
core   0: 0x800088b0 (0x00001c7d) c.addi  s8, -1
core   0: 3 0x800088b0 (0x1c7d) x24 0xffffffff
core   0: 0x800088b2 (0x0000e791) c.bnez  a5, pc + 12
core   0: 3 0x800088b2 (0xe791)
core   0: 0x800088b4 (0x00006131) c.addi16sp sp, 320
core   0: 3 0x800088b4 (0x6131) x2  0xed733140
core   0: 0x800088b6 (0x00008515) c.srai  a0, 5
core   0: 3 0x800088b6 (0x8515) x10 0x00000000
core   0: 0x800088b8 (0x00008f19) c.sub   a4, a4
core   0: 3 0x800088b8 (0x8f19) x14 0x00000000
core   0: 0x800088ba (0x003efc63) bgeu    t4, gp, pc + 24
core   0: 3 0x800088ba (0x003efc63)
core   0: 0x800088d2 (0x02f15c33) divu    s8, sp, a5
core   0: 3 0x800088d2 (0x02f15c33) x24 0xffffffff
core   0: 0x800088d6 (0x414f5493) srai    s1, t5, 20
core   0: 3 0x800088d6 (0x414f5493) x9  0x000003ff
core   0: 0x800088da (0x00001708) c.addi4spn a0, sp, 928
core   0: 3 0x800088da (0x1708) x10 0xed7334e0
core   0: 0x800088dc (0x03c49763) bne     s1, t3, pc + 46
core   0: 3 0x800088dc (0x03c49763)
core   0: 0x8000890a (0x00008349) c.srli  a4, 18
core   0: 3 0x8000890a (0x8349) x14 0x00000000
core   0: 0x8000890c (0x00318cb3) add     s9, gp, gp
core   0: 3 0x8000890c (0x00318cb3) x25 0x00000000
core   0: 0x80008910 (0x00000001) c.nop
core   0: 3 0x80008910 (0x0001)
core   0: 0x80008912 (0x0000717d) c.addi16sp sp, -16
core   0: 3 0x80008912 (0x717d) x2  0xed733130
core   0: 0x80008914 (0x02d50763) beq     a0, a3, pc + 46
core   0: 3 0x80008914 (0x02d50763)
core   0: 0x80008918 (0x340020f3) csrr    ra, mscratch
core   0: 3 0x80008918 (0x340020f3) x1  0x0000001e
core   0: 0x8000891c (0x00652fb3) slt     t6, a0, t1
core   0: 3 0x8000891c (0x00652fb3) x31 0x00000001
core   0: 0x80008920 (0x00008ecd) c.or    a3, a1
core   0: 3 0x80008920 (0x8ecd) x13 0x0001a7cb
core   0: 0x80008922 (0xefb06813) ori     a6, zero, -261
core   0: 3 0x80008922 (0xefb06813) x16 0xfffffefb
core   0: 0x80008926 (0x01e2c833) xor     a6, t0, t5
core   0: 3 0x80008926 (0x01e2c833) x16 0xc0005e31
core   0: 0x8000892a (0x3405bdf3) csrrc   s11, mscratch, a1
core   0: 3 0x8000892a (0x3405bdf3) x27 0x0000001e c832_mscratch 0x00000014
core   0: 0x8000892e (0x016a1793) slli    a5, s4, 22
core   0: 3 0x8000892e (0x016a1793) x15 0xea800000
core   0: 0x80008932 (0x096bb813) sltiu   a6, s7, 150
core   0: 3 0x80008932 (0x096bb813) x16 0x00000001
core   0: 0x80008936 (0x0262e6b3) rem     a3, t0, t1
core   0: 3 0x80008936 (0x0262e6b3) x13 0x00000000
core   0: 0x8000893a (0x01373733) sltu    a4, a4, s3
core   0: 3 0x8000893a (0x01373733) x14 0x00000000
core   0: 0x8000893e (0x006d34b3) sltu    s1, s10, t1
core   0: 3 0x8000893e (0x006d34b3) x9  0x00000001
core   0: 0x80008942 (0x0ff0000f) fence   iorw,iorw
core   0: 3 0x80008942 (0x0ff0000f)
core   0: 0x80008946 (0x34005973) csrrwi  s2, mscratch, 0
core   0: 3 0x80008946 (0x34005973) x18 0x00000014 c832_mscratch 0x00000000
core   0: 0x8000894a (0x02c70063) beq     a4, a2, pc + 32
core   0: 3 0x8000894a (0x02c70063)
core   0: 0x8000894e (0x417fd833) sra     a6, t6, s7
core   0: 3 0x8000894e (0x417fd833) x16 0x00000000
core   0: 0x80008952 (0x01de9f13) slli    t5, t4, 29
core   0: 3 0x80008952 (0x01de9f13) x30 0x00000000
core   0: 0x80008956 (0x000067c5) c.lui   a5, 0x11
core   0: 3 0x80008956 (0x67c5) x15 0x00011000
core   0: 0x80008958 (0x3400aff3) csrrs   t6, mscratch, ra
core   0: 3 0x80008958 (0x3400aff3) x31 0x00000000 c832_mscratch 0x0000001e
core   0: 0x8000895c (0x412884b3) sub     s1, a7, s2
core   0: 3 0x8000895c (0x412884b3) x9  0xfffff999
core   0: 0x80008960 (0x03ca00b3) mul     ra, s4, t3
core   0: 3 0x80008960 (0x03ca00b3) x1  0x63cb8548
core   0: 0x80008964 (0x00000788) c.addi4spn a0, sp, 960
core   0: 3 0x80008964 (0x0788) x10 0xed7334f0
core   0: 0x80008966 (0x0000100f) fence.i
core   0: 3 0x80008966 (0x0000100f)
core   0: 0x8000896a (0x23b7a737) lui     a4, 0x23b7a
core   0: 3 0x8000896a (0x23b7a737) x14 0x23b7a000
core   0: 0x8000896e (0x015830b3) sltu    ra, a6, s5
core   0: 3 0x8000896e (0x015830b3) x1  0x00000000
core   0: 0x80008972 (0x032366b3) rem     a3, t1, s2
core   0: 3 0x80008972 (0x032366b3) x13 0x00000001
core   0: 0x80008976 (0x020ff063) bgeu    t6, zero, pc + 32
core   0: 3 0x80008976 (0x020ff063)
core   0: 0x80008996 (0x03c95c33) divu    s8, s2, t3
core   0: 3 0x80008996 (0x03c95c33) x24 0x00000000
core   0: 0x8000899a (0x18a7ba93) sltiu   s5, a5, 394
core   0: 3 0x8000899a (0x18a7ba93) x21 0x00000000
core   0: 0x8000899e (0x000087c1) c.srai  a5, 16
core   0: 3 0x8000899e (0x87c1) x15 0x00000001
core   0: 0x800089a0 (0x0033a133) slt     sp, t2, gp
core   0: 3 0x800089a0 (0x0033a133) x2  0x00000001
core   0: 0x800089a4 (0x00008325) c.srli  a4, 9
core   0: 3 0x800089a4 (0x8325) x14 0x0011dbd0
core   0: 0x800089a6 (0x00a50bb3) add     s7, a0, a0
core   0: 3 0x800089a6 (0x00a50bb3) x23 0xdae669e0
core   0: 0x800089aa (0x40948f33) sub     t5, s1, s1
core   0: 3 0x800089aa (0x40948f33) x30 0x00000000
core   0: 0x800089ae (0x026a5333) divu    t1, s4, t1
core   0: 3 0x800089ae (0x026a5333) x6  0x26a857aa
core   0: 0x800089b2 (0xc6f2b593) sltiu   a1, t0, -913
core   0: 3 0x800089b2 (0xc6f2b593) x11 0x00000001
core   0: 0x800089b6 (0x00009b52) c.add   s6, s4
core   0: 3 0x800089b6 (0x9b52) x22 0x26a8c7aa
core   0: 0x800089b8 (0x00b19a13) slli    s4, gp, 11
core   0: 3 0x800089b8 (0x00b19a13) x20 0x00000000
core   0: 0x800089bc (0x0051ed63) bltu    gp, t0, pc + 26
core   0: 3 0x800089bc (0x0051ed63)
core   0: 0x800089d6 (0x00008f6d) c.and   a4, a1
core   0: 3 0x800089d6 (0x8f6d) x14 0x00000000
core   0: 0x800089d8 (0x005a4a63) blt     s4, t0, pc + 20
core   0: 3 0x800089d8 (0x005a4a63)
core   0: 0x800089dc (0x00509333) sll     t1, ra, t0
core   0: 3 0x800089dc (0x00509333) x6  0x00000000
core   0: 0x800089e0 (0x340f6bf3) csrrsi  s7, mscratch, 30
core   0: 3 0x800089e0 (0x340f6bf3) x23 0x0000001e c832_mscratch 0x0000001e
core   0: 0x800089e4 (0x340076f3) csrrci  a3, mscratch, 0
core   0: 3 0x800089e4 (0x340076f3) x13 0x0000001e
core   0: 0x800089e8 (0x3407d573) csrrwi  a0, mscratch, 15
core   0: 3 0x800089e8 (0x3407d573) x10 0x0000001e c832_mscratch 0x0000000f
core   0: 0x800089ec (0x00000001) c.nop
core   0: 3 0x800089ec (0x0001)
core   0: 0x800089ee (0x00008ef9) c.and   a3, a4
core   0: 3 0x800089ee (0x8ef9) x13 0x00000000
core   0: 0x800089f0 (0x40e28333) sub     t1, t0, a4
core   0: 3 0x800089f0 (0x40e28333) x6  0xffffa25d
core   0: 0x800089f4 (0x00008cf1) c.and   s1, a2
core   0: 3 0x800089f4 (0x8cf1) x9  0x80023880
core   0: 0x800089f6 (0x34006173) csrrsi  sp, mscratch, 0
core   0: 3 0x800089f6 (0x34006173) x2  0x0000000f
core   0: 0x800089fa (0x00f93bb3) sltu    s7, s2, a5
core   0: 3 0x800089fa (0x00f93bb3) x23 0x00000000
core   0: 0x800089fe (0x027f35b3) mulhu   a1, t5, t2
core   0: 3 0x800089fe (0x027f35b3) x11 0x00000000
core   0: 0x80008a02 (0x027b6eb3) rem     t4, s6, t2
core   0: 3 0x80008a02 (0x027b6eb3) x29 0x00000000
core   0: 0x80008a06 (0x000084fd) c.srai  s1, 31
core   0: 3 0x80008a06 (0x84fd) x9  0xffffffff
core   0: 0x80008a08 (0x018eda13) srli    s4, t4, 24
core   0: 3 0x80008a08 (0x018eda13) x20 0x00000000
core   0: 0x80008a0c (0x004e2183) lw      gp, 4(t3)
core   0: 3 0x80008a0c (0x004e2183) x3  0x80008a82 mem 0x8001fe18
core   0: 0x80008a10 (0x00000e71) c.addi  t3, 28
core   0: 3 0x80008a10 (0x0e71) x28 0x8001fe30
core   0: 0x80008a12 (0x03879933) mulh    s2, a5, s8
core   0: 3 0x80008a12 (0x03879933) x18 0x00000000
core   0: 0x80008a16 (0x575ff693) andi    a3, t6, 1397
core   0: 3 0x80008a16 (0x575ff693) x13 0x00000000
core   0: 0x80008a1a (0x00118b93) addi    s7, gp, 1
core   0: 3 0x80008a1a (0x00118b93) x23 0x80008a83
core   0: 0x80008a1e (0x00008b82) c.jr    s7
core   0: 3 0x80008a1e (0x8b82)
core   0: 0x80008a82 (0x012001ef) jal     gp, pc + 0x12
core   0: 3 0x80008a82 (0x012001ef) x3  0x80008a86
core   0: 0x80008a94 (0x0000bff5) c.j     pc - 4
core   0: 3 0x80008a94 (0xbff5)
core   0: 0x80008a90 (0x00002809) c.jal   pc + 18
core   0: 3 0x80008a90 (0x2809) x1  0x80008a92
core   0: 0x80008aa2 (0xff1ff0ef) jal     pc - 0x10
core   0: 3 0x80008aa2 (0xff1ff0ef) x1  0x80008aa6
core   0: 0x80008a92 (0x00003ff5) c.jal   pc - 4
core   0: 3 0x80008a92 (0x3ff5) x1  0x80008a94
core   0: 0x80008a8e (0x0000a021) c.j     pc + 8
core   0: 3 0x80008a8e (0xa021)
core   0: 0x80008a96 (0x004004ef) jal     s1, pc + 0x4
core   0: 3 0x80008a96 (0x004004ef) x9  0x80008a9a
core   0: 0x80008a9a (0xfedff0ef) jal     pc - 0x14
core   0: 3 0x80008a9a (0xfedff0ef) x1  0x80008a9e
core   0: 0x80008a86 (0x004000ef) jal     pc + 0x4
core   0: 3 0x80008a86 (0x004000ef) x1  0x80008a8a
core   0: 0x80008a8a (0x016000ef) jal     pc + 0x16
core   0: 3 0x80008a8a (0x016000ef) x1  0x80008a8e
core   0: 0x80008aa0 (0x0000bffd) c.j     pc - 2
core   0: 3 0x80008aa0 (0xbffd)
core   0: 0x80008a9e (0x0000a021) c.j     pc + 8
core   0: 3 0x80008a9e (0xa021)
core   0: 0x80008aa6 (0x00008291) c.srli  a3, 4
core   0: 3 0x80008aa6 (0x8291) x13 0x00000000
core   0: 0x80008aa8 (0x022001ef) jal     gp, pc + 0x22
core   0: 3 0x80008aa8 (0x022001ef) x3  0x80008aac
core   0: 0x80008aca (0x0000bff5) c.j     pc - 4
core   0: 3 0x80008aca (0xbff5)
core   0: 0x80008ac6 (0x00002809) c.jal   pc + 18
core   0: 3 0x80008ac6 (0x2809) x1  0x80008ac8
core   0: 0x80008ad8 (0x0000a011) c.j     pc + 4
core   0: 3 0x80008ad8 (0xa011)
core   0: 0x80008adc (0xff1ff0ef) jal     pc - 0x10
core   0: 3 0x80008adc (0xff1ff0ef) x1  0x80008ae0
core   0: 0x80008acc (0x00003fcd) c.jal   pc - 14
core   0: 3 0x80008acc (0x3fcd) x1  0x80008ace
core   0: 0x80008abe (0x0000200d) c.jal   pc + 34
core   0: 3 0x80008abe (0x200d) x1  0x80008ac0
core   0: 0x80008ae0 (0x0000bfc1) c.j     pc - 48
core   0: 3 0x80008ae0 (0xbfc1)
core   0: 0x80008ab0 (0x00002005) c.jal   pc + 32
core   0: 3 0x80008ab0 (0x2005) x1  0x80008ab2
core   0: 0x80008ad0 (0xff9ff0ef) jal     pc - 0x8
core   0: 3 0x80008ad0 (0xff9ff0ef) x1  0x80008ad4
core   0: 0x80008ac8 (0x0000b7d5) c.j     pc - 28
core   0: 3 0x80008ac8 (0xb7d5)
core   0: 0x80008aac (0x02800a6f) jal     s4, pc + 0x28
core   0: 3 0x80008aac (0x02800a6f) x20 0x80008ab0
core   0: 0x80008ad4 (0xfe5ff0ef) jal     pc - 0x1c
core   0: 3 0x80008ad4 (0xfe5ff0ef) x1  0x80008ad8
core   0: 0x80008ab8 (0x016000ef) jal     pc + 0x16
core   0: 3 0x80008ab8 (0x016000ef) x1  0x80008abc
core   0: 0x80008ace (0x0000bfcd) c.j     pc - 14
core   0: 3 0x80008ace (0xbfcd)
core   0: 0x80008ac0 (0x0000a009) c.j     pc + 2
core   0: 3 0x80008ac0 (0xa009)
core   0: 0x80008ac2 (0xff1ff0ef) jal     pc - 0x10
core   0: 3 0x80008ac2 (0xff1ff0ef) x1  0x80008ac6
core   0: 0x80008ab2 (0x028006ef) jal     a3, pc + 0x28
core   0: 3 0x80008ab2 (0x028006ef) x13 0x80008ab6
core   0: 0x80008ada (0x0000bff1) c.j     pc - 36
core   0: 3 0x80008ada (0xbff1)
core   0: 0x80008ab6 (0x00002019) c.jal   pc + 6
core   0: 3 0x80008ab6 (0x2019) x1  0x80008ab8
core   0: 0x80008abc (0x0000201d) c.jal   pc + 38
core   0: 3 0x80008abc (0x201d) x1  0x80008abe
core   0: 0x80008ae2 (0x40955293) srai    t0, a0, 9
core   0: 3 0x80008ae2 (0x40955293) x5  0x00000000
core   0: 0x80008ae6 (0x030001ef) jal     gp, pc + 0x30
core   0: 3 0x80008ae6 (0x030001ef) x3  0x80008aea
core   0: 0x80008b16 (0xfedff0ef) jal     pc - 0x14
core   0: 3 0x80008b16 (0xfedff0ef) x1  0x80008b1a
core   0: 0x80008b02 (0xfebff0ef) jal     pc - 0x16
core   0: 3 0x80008b02 (0xfebff0ef) x1  0x80008b06
core   0: 0x80008aec (0x0280016f) jal     sp, pc + 0x28
core   0: 3 0x80008aec (0x0280016f) x2  0x80008af0
core   0: 0x80008b14 (0x00003fd5) c.jal   pc - 12
core   0: 3 0x80008b14 (0x3fd5) x1  0x80008b16
core   0: 0x80008b08 (0x0220036f) jal     t1, pc + 0x22
core   0: 3 0x80008b08 (0x0220036f) x6  0x80008b0c
core   0: 0x80008b2a (0x0000b7e1) c.j     pc - 56
core   0: 3 0x80008b2a (0xb7e1)
core   0: 0x80008af2 (0x00002839) c.jal   pc + 30
core   0: 3 0x80008af2 (0x2839) x1  0x80008af4
core   0: 0x80008b10 (0x00003fdd) c.jal   pc - 10
core   0: 3 0x80008b10 (0x3fdd) x1  0x80008b12
core   0: 0x80008b06 (0x00002811) c.jal   pc + 20
core   0: 3 0x80008b06 (0x2811) x1  0x80008b08
core   0: 0x80008b1a (0xfe3ff36f) jal     t1, pc - 0x1e
core   0: 3 0x80008b1a (0xfe3ff36f) x6  0x80008b1e
core   0: 0x80008afc (0xffdff0ef) jal     pc - 0x4
core   0: 3 0x80008afc (0xffdff0ef) x1  0x80008b00
core   0: 0x80008af8 (0x026000ef) jal     pc + 0x26
core   0: 3 0x80008af8 (0x026000ef) x1  0x80008afc
core   0: 0x80008b1e (0x0000b7f1) c.j     pc - 52
core   0: 3 0x80008b1e (0xb7f1)
core   0: 0x80008aea (0x00002819) c.jal   pc + 22
core   0: 3 0x80008aea (0x2819) x1  0x80008aec
core   0: 0x80008b00 (0x00003fc5) c.jal   pc - 16
core   0: 3 0x80008b00 (0x3fc5) x1  0x80008b02
core   0: 0x80008af0 (0x0000a805) c.j     pc + 48
core   0: 3 0x80008af0 (0xa805)
core   0: 0x80008b20 (0xfd5ffbef) jal     s7, pc - 0x2c
core   0: 3 0x80008b20 (0xfd5ffbef) x23 0x80008b24
core   0: 0x80008af4 (0x01e000ef) jal     pc + 0x1e
core   0: 3 0x80008af4 (0x01e000ef) x1  0x80008af8
core   0: 0x80008b12 (0x0000bfed) c.j     pc - 6
core   0: 3 0x80008b12 (0xbfed)
core   0: 0x80008b0c (0x0000a821) c.j     pc + 24
core   0: 3 0x80008b0c (0xa821)
core   0: 0x80008b24 (0xfebff0ef) jal     pc - 0x16
core   0: 3 0x80008b24 (0xfebff0ef) x1  0x80008b28
core   0: 0x80008b0e (0x0000a829) c.j     pc + 26
core   0: 3 0x80008b0e (0xa829)
core   0: 0x80008b28 (0x0000a011) c.j     pc + 4
core   0: 3 0x80008b28 (0xa011)
core   0: 0x80008b2c (0x41045833) sra     a6, s0, a6
core   0: 3 0x80008b2c (0x41045833) x16 0x80000000
core   0: 0x80008b30 (0x026001ef) jal     gp, pc + 0x26
core   0: 3 0x80008b30 (0x026001ef) x3  0x80008b34
core   0: 0x80008b56 (0x0000a811) c.j     pc + 20
core   0: 3 0x80008b56 (0xa811)
core   0: 0x80008b6a (0xfe3ff0ef) jal     pc - 0x1e
core   0: 3 0x80008b6a (0xfe3ff0ef) x1  0x80008b6e
core   0: 0x80008b4c (0x0000b7f5) c.j     pc - 20
core   0: 3 0x80008b4c (0xb7f5)
core   0: 0x80008b38 (0x01a000ef) jal     pc + 0x1a
core   0: 3 0x80008b38 (0x01a000ef) x1  0x80008b3c
core   0: 0x80008b52 (0xfe3ff0ef) jal     pc - 0x1e
core   0: 3 0x80008b52 (0xfe3ff0ef) x1  0x80008b56
core   0: 0x80008b34 (0x01c000ef) jal     pc + 0x1c
core   0: 3 0x80008b34 (0x01c000ef) x1  0x80008b38
core   0: 0x80008b50 (0x0000bfed) c.j     pc - 6
core   0: 3 0x80008b50 (0xbfed)
core   0: 0x80008b4a (0x00002819) c.jal   pc + 22
core   0: 3 0x80008b4a (0x2819) x1  0x80008b4c
core   0: 0x80008b60 (0x0000bff1) c.j     pc - 36
core   0: 3 0x80008b60 (0xbff1)
core   0: 0x80008b3c (0x0000a029) c.j     pc + 10
core   0: 3 0x80008b3c (0xa029)
core   0: 0x80008b46 (0x012000ef) jal     pc + 0x12
core   0: 3 0x80008b46 (0x012000ef) x1  0x80008b4a
core   0: 0x80008b58 (0x0040036f) jal     t1, pc + 0x4
core   0: 3 0x80008b58 (0x0040036f) x6  0x80008b5c
core   0: 0x80008b5c (0x00c0036f) jal     t1, pc + 0xc
core   0: 3 0x80008b5c (0x00c0036f) x6  0x80008b60
core   0: 0x80008b68 (0x00003ffd) c.jal   pc - 2
core   0: 3 0x80008b68 (0x3ffd) x1  0x80008b6a
core   0: 0x80008b66 (0x00003ff5) c.jal   pc - 4
core   0: 3 0x80008b66 (0x3ff5) x1  0x80008b68
core   0: 0x80008b62 (0xfe1ff0ef) jal     pc - 0x20
core   0: 3 0x80008b62 (0xfe1ff0ef) x1  0x80008b66
core   0: 0x80008b42 (0x0000a009) c.j     pc + 2
core   0: 3 0x80008b42 (0xa009)
core   0: 0x80008b44 (0x0000a029) c.j     pc + 10
core   0: 3 0x80008b44 (0xa029)
core   0: 0x80008b4e (0x0000bfc5) c.j     pc - 16
core   0: 3 0x80008b4e (0xbfc5)
core   0: 0x80008b3e (0x030003ef) jal     t2, pc + 0x30
core   0: 3 0x80008b3e (0x030003ef) x7  0x80008b42
core   0: 0x80008b6e (0x00d38233) add     tp, t2, a3
core   0: 3 0x80008b6e (0x00d38233) x4  0x000115f8
core   0: 0x80008b72 (0x034001ef) jal     gp, pc + 0x34
core   0: 3 0x80008b72 (0x034001ef) x3  0x80008b76
core   0: 0x80008ba6 (0x00002021) c.jal   pc + 8
core   0: 3 0x80008ba6 (0x2021) x1  0x80008ba8
core   0: 0x80008bae (0x00003fe1) c.jal   pc - 40
core   0: 3 0x80008bae (0x3fe1) x1  0x80008bb0
core   0: 0x80008b86 (0x0000202d) c.jal   pc + 42
core   0: 3 0x80008b86 (0x202d) x1  0x80008b88
core   0: 0x80008bb0 (0x0000b7d9) c.j     pc - 58
core   0: 3 0x80008bb0 (0xb7d9)
core   0: 0x80008b76 (0x00002009) c.jal   pc + 2
core   0: 3 0x80008b76 (0x2009) x1  0x80008b78
core   0: 0x80008b78 (0x0000a019) c.j     pc + 6
core   0: 3 0x80008b78 (0xa019)
core   0: 0x80008b7e (0x0100036f) jal     t1, pc + 0x10
core   0: 3 0x80008b7e (0x0100036f) x6  0x80008b82
core   0: 0x80008b8e (0x00003fd5) c.jal   pc - 12
core   0: 3 0x80008b8e (0x3fd5) x1  0x80008b90
core   0: 0x80008b82 (0x0140036f) jal     t1, pc + 0x14
core   0: 3 0x80008b82 (0x0140036f) x6  0x80008b86
core   0: 0x80008b96 (0x0000a039) c.j     pc + 14
core   0: 3 0x80008b96 (0xa039)
core   0: 0x80008ba4 (0x0000a811) c.j     pc + 20
core   0: 3 0x80008ba4 (0xa811)
core   0: 0x80008bb8 (0x0000b7e5) c.j     pc - 24
core   0: 3 0x80008bb8 (0xb7e5)
core   0: 0x80008ba0 (0xfedff36f) jal     t1, pc - 0x14
core   0: 3 0x80008ba0 (0xfedff36f) x6  0x80008ba4
core   0: 0x80008b8c (0x00002031) c.jal   pc + 12
core   0: 3 0x80008b8c (0x2031) x1  0x80008b8e
core   0: 0x80008b98 (0x010000ef) jal     pc + 0x10
core   0: 3 0x80008b98 (0x010000ef) x1  0x80008b9c
core   0: 0x80008ba8 (0x0000bfd5) c.j     pc - 12
core   0: 3 0x80008ba8 (0xbfd5)
core   0: 0x80008b9c (0x0000bfd5) c.j     pc - 12
core   0: 3 0x80008b9c (0xbfd5)
core   0: 0x80008b90 (0x0000b7f5) c.j     pc - 20
core   0: 3 0x80008b90 (0xb7f5)
core   0: 0x80008b7c (0x0000281d) c.jal   pc + 54
core   0: 3 0x80008b7c (0x281d) x1  0x80008b7e
core   0: 0x80008bb2 (0xfd7ff36f) jal     t1, pc - 0x2a
core   0: 3 0x80008bb2 (0xfd7ff36f) x6  0x80008bb6
core   0: 0x80008b88 (0x016000ef) jal     pc + 0x16
core   0: 3 0x80008b88 (0x016000ef) x1  0x80008b8c
core   0: 0x80008b9e (0x0000a821) c.j     pc + 24
core   0: 3 0x80008b9e (0xa821)
core   0: 0x80008bb6 (0x00003ff1) c.jal   pc - 36
core   0: 3 0x80008bb6 (0x3ff1) x1  0x80008bb8
core   0: 0x80008b92 (0xfe9ff36f) jal     t1, pc - 0x18
core   0: 3 0x80008b92 (0xfe9ff36f) x6  0x80008b96
core   0: 0x80008b7a (0x0000a805) c.j     pc + 48
core   0: 3 0x80008b7a (0xa805)
core   0: 0x80008baa (0x010000ef) jal     pc + 0x10
core   0: 3 0x80008baa (0x010000ef) x1  0x80008bae
core   0: 0x80008bba (0x01c4c3b3) xor     t2, s1, t3
core   0: 3 0x80008bba (0x01c4c3b3) x7  0x000174aa
core   0: 0x80008bbe (0x010001ef) jal     gp, pc + 0x10
core   0: 3 0x80008bbe (0x010001ef) x3  0x80008bc2
core   0: 0x80008bce (0x0000a019) c.j     pc + 6
core   0: 3 0x80008bce (0xa019)
core   0: 0x80008bd4 (0x02e0036f) jal     t1, pc + 0x2e
core   0: 3 0x80008bd4 (0x02e0036f) x6  0x80008bd8
core   0: 0x80008c02 (0x000037dd) c.jal   pc - 26
core   0: 3 0x80008c02 (0x37dd) x1  0x80008c04
core   0: 0x80008be8 (0x0000bfc5) c.j     pc - 16
core   0: 3 0x80008be8 (0xbfc5)
core   0: 0x80008bd8 (0x0000200d) c.jal   pc + 34
core   0: 3 0x80008bd8 (0x200d) x1  0x80008bda
core   0: 0x80008bfa (0x00003fc5) c.jal   pc - 16
core   0: 3 0x80008bfa (0x3fc5) x1  0x80008bfc
core   0: 0x80008bea (0x0000bff1) c.j     pc - 36
core   0: 3 0x80008bea (0xbff1)
core   0: 0x80008bc6 (0x02a005ef) jal     a1, pc + 0x2a
core   0: 3 0x80008bc6 (0x02a005ef) x11 0x80008bca
core   0: 0x80008bf0 (0x006000ef) jal     pc + 0x6
core   0: 3 0x80008bf0 (0x006000ef) x1  0x80008bf4
core   0: 0x80008bf6 (0x00600c6f) jal     s8, pc + 0x6
core   0: 3 0x80008bf6 (0x00600c6f) x24 0x80008bfa
core   0: 0x80008bfc (0xfdfff1ef) jal     gp, pc - 0x22
core   0: 3 0x80008bfc (0xfdfff1ef) x3  0x80008c00
core   0: 0x80008bda (0x00002019) c.jal   pc + 6
core   0: 3 0x80008bda (0x2019) x1  0x80008bdc
core   0: 0x80008be0 (0xfedff7ef) jal     a5, pc - 0x14
core   0: 3 0x80008be0 (0xfedff7ef) x15 0x80008be4
core   0: 0x80008bcc (0x00002025) c.jal   pc + 40
core   0: 3 0x80008bcc (0x2025) x1  0x80008bce
core   0: 0x80008bf4 (0x00002031) c.jal   pc + 12
core   0: 3 0x80008bf4 (0x2031) x1  0x80008bf6
core   0: 0x80008c00 (0x0000b7f5) c.j     pc - 20
core   0: 3 0x80008c00 (0xb7f5)
core   0: 0x80008bec (0xfd7ff16f) jal     sp, pc - 0x2a
core   0: 3 0x80008bec (0xfd7ff16f) x2  0x80008bf0
core   0: 0x80008bc2 (0x022000ef) jal     pc + 0x22
core   0: 3 0x80008bc2 (0x022000ef) x1  0x80008bc6
core   0: 0x80008be4 (0xfe7ff56f) jal     a0, pc - 0x1a
core   0: 3 0x80008be4 (0xfe7ff56f) x10 0x80008be8
core   0: 0x80008bca (0x0000a019) c.j     pc + 6
core   0: 3 0x80008bca (0xa019)
core   0: 0x80008bd0 (0x00c000ef) jal     pc + 0xc
core   0: 3 0x80008bd0 (0x00c000ef) x1  0x80008bd4
core   0: 0x80008bdc (0x028000ef) jal     pc + 0x28
core   0: 3 0x80008bdc (0x028000ef) x1  0x80008be0
core   0: 0x80008c04 (0x00006ce9) c.lui   s9, 0x1a
core   0: 3 0x80008c04 (0x6ce9) x25 0x0001a000
core   0: 0x80008c06 (0x3400f2f3) csrrci  t0, mscratch, 1
core   0: 3 0x80008c06 (0x3400f2f3) x5  0x0000000f c832_mscratch 0x0000000e
core   0: 0x80008c0a (0x037ea5b3) mulhsu  a1, t4, s7
core   0: 3 0x80008c0a (0x037ea5b3) x11 0x00000000
core   0: 0x80008c0e (0x071b3397) auipc   t2, 0x71b3
core   0: 3 0x80008c0e (0x071b3397) x7  0x871bbc0e
core   0: 0x80008c12 (0x00af6263) bltu    t5, a0, pc + 4
core   0: 3 0x80008c12 (0x00af6263)
core   0: 0x80008c16 (0x029efab3) remu    s5, t4, s1
core   0: 3 0x80008c16 (0x029efab3) x21 0x00000000
core   0: 0x80008c1a (0x8fef41b7) lui     gp, 0x8fef4
core   0: 3 0x80008c1a (0x8fef41b7) x3  0x8fef4000
core   0: 0x80008c1e (0x02077f33) remu    t5, a4, zero
core   0: 3 0x80008c1e (0x02077f33) x30 0x00000000
core   0: 0x80008c22 (0x41aad693) srai    a3, s5, 26
core   0: 3 0x80008c22 (0x41aad693) x13 0x00000000
core   0: 0x80008c26 (0x0333fb33) remu    s6, t2, s3
core   0: 3 0x80008c26 (0x0333fb33) x22 0x871bbc0e
core   0: 0x80008c2a (0x0ff0000f) fence   iorw,iorw
core   0: 3 0x80008c2a (0x0ff0000f)
core   0: 0x80008c2e (0x000066f9) c.lui   a3, 0x1e
core   0: 3 0x80008c2e (0x66f9) x13 0x0001e000
core   0: 0x80008c30 (0x00008f75) c.and   a4, a3
core   0: 3 0x80008c30 (0x8f75) x14 0x00000000
core   0: 0x80008c32 (0x00f403b3) add     t2, s0, a5
core   0: 3 0x80008c32 (0x00f403b3) x7  0x00008be4
core   0: 0x80008c36 (0x405cd693) srai    a3, s9, 5
core   0: 3 0x80008c36 (0x405cd693) x13 0x00000d00
core   0: 0x80008c3a (0x00008db5) c.xor   a1, a3
core   0: 3 0x80008c3a (0x8db5) x11 0x00000d00
core   0: 0x80008c3c (0x0245f0b3) remu    ra, a1, tp
core   0: 3 0x80008c3c (0x0245f0b3) x1  0x00000d00
core   0: 0x80008c40 (0x035526b3) mulhsu  a3, a0, s5
core   0: 3 0x80008c40 (0x035526b3) x13 0x00000000
core   0: 0x80008c44 (0x00000001) c.nop
core   0: 3 0x80008c44 (0x0001)
core   0: 0x80008c46 (0x0ff0000f) fence   iorw,iorw
core   0: 3 0x80008c46 (0x0ff0000f)
core   0: 0x80008c4a (0x3e2fa113) slti    sp, t6, 994
core   0: 3 0x80008c4a (0x3e2fa113) x2  0x00000001
core   0: 0x80008c4e (0x031dcc63) blt     s11, a7, pc + 56
core   0: 3 0x80008c4e (0x031dcc63)
core   0: 0x80008c52 (0x34005f73) csrrwi  t5, mscratch, 0
core   0: 3 0x80008c52 (0x34005f73) x30 0x0000000e c832_mscratch 0x00000000
core   0: 0x80008c56 (0x01ae32b3) sltu    t0, t3, s10
core   0: 3 0x80008c56 (0x01ae32b3) x5  0x00000000
core   0: 0x80008c5a (0x00006151) c.addi16sp sp, 272
core   0: 3 0x80008c5a (0x6151) x2  0x00000111
core   0: 0x80008c5c (0x00d8ca63) blt     a7, a3, pc + 20
core   0: 3 0x80008c5c (0x00d8ca63)
core   0: 0x80008c70 (0x00000b75) c.addi  s6, 29
core   0: 3 0x80008c70 (0x0b75) x22 0x871bbc2b
core   0: 0x80008c72 (0x00006d51) c.lui   s10, 0x14
core   0: 3 0x80008c72 (0x6d51) x26 0x00014000
core   0: 0x80008c74 (0x01ea7eb3) and     t4, s4, t5
core   0: 3 0x80008c74 (0x01ea7eb3) x29 0x00000000
core   0: 0x80008c78 (0x0000815d) c.srli  a0, 23
core   0: 3 0x80008c78 (0x815d) x10 0x00000100
core   0: 0x80008c7a (0x029844b3) div     s1, a6, s1
core   0: 3 0x80008c7a (0x029844b3) x9  0x00000001
core   0: 0x80008c7e (0x038a68b3) rem     a7, s4, s8
core   0: 3 0x80008c7e (0x038a68b3) x17 0xfffffeb6
core   0: 0x80008c82 (0x340cd373) csrrwi  t1, mscratch, 25
core   0: 3 0x80008c82 (0x340cd373) x6  0x00000000 c832_mscratch 0x00000019
core   0: 0x80008c86 (0x000082b1) c.srli  a3, 12
core   0: 3 0x80008c86 (0x82b1) x13 0x00000000
core   0: 0x80008c88 (0x02aa8e63) beq     s5, a0, pc + 60
core   0: 3 0x80008c88 (0x02aa8e63)
core   0: 0x80008c8c (0x340fd8f3) csrrwi  a7, mscratch, 31
core   0: 3 0x80008c8c (0x340fd8f3) x17 0x00000019 c832_mscratch 0x0000001f
core   0: 0x80008c90 (0x00000001) c.nop
core   0: 3 0x80008c90 (0x0001)
core   0: 0x80008c92 (0x000009b6) c.slli  s3, 13
core   0: 3 0x80008c92 (0x09b6) x19 0x00000000
core   0: 0x80008c94 (0x7a799b97) auipc   s7, 0x7a799
core   0: 3 0x80008c94 (0x7a799b97) x23 0xfa7a1c94
core   0: 0x80008c98 (0x340815f3) csrrw   a1, mscratch, a6
core   0: 3 0x80008c98 (0x340815f3) x11 0x0000001f c832_mscratch 0x80000000
core   0: 0x80008c9c (0x00008862) c.mv    a6, s8
core   0: 3 0x80008c9c (0x8862) x16 0x80008bfa
core   0: 0x80008c9e (0x000b29b3) slt     s3, s6, zero
core   0: 3 0x80008c9e (0x000b29b3) x19 0x00000001
core   0: 0x80008ca2 (0x0000717d) c.addi16sp sp, -16
core   0: 3 0x80008ca2 (0x717d) x2  0x00000101
core   0: 0x80008ca4 (0x0000ed8d) c.bnez  a1, pc + 58
core   0: 3 0x80008ca4 (0xed8d)
core   0: 0x80008cde (0x0323c533) div     a0, t2, s2
core   0: 3 0x80008cde (0x0323c533) x10 0xffffffff
core   0: 0x80008ce2 (0x035c3bb3) mulhu   s7, s8, s5
core   0: 3 0x80008ce2 (0x035c3bb3) x23 0x00000000
core   0: 0x80008ce6 (0x34003773) csrrc   a4, mscratch, zero
core   0: 3 0x80008ce6 (0x34003773) x14 0x80000000
core   0: 0x80008cea (0x403cd733) sra     a4, s9, gp
core   0: 3 0x80008cea (0x403cd733) x14 0x0001a000
core   0: 0x80008cee (0x000067dd) c.lui   a5, 0x17
core   0: 3 0x80008cee (0x67dd) x15 0x00017000
core   0: 0x80008cf0 (0xbf24ac13) slti    s8, s1, -1038
core   0: 3 0x80008cf0 (0xbf24ac13) x24 0x00000000
core   0: 0x80008cf4 (0x000069ad) c.lui   s3, 0xb
core   0: 3 0x80008cf4 (0x69ad) x19 0x0000b000
core   0: 0x80008cf6 (0x007ba333) slt     t1, s7, t2
core   0: 3 0x80008cf6 (0x007ba333) x6  0x00000001
core   0: 0x80008cfa (0xfffff397) auipc   t2, 0xfffff
core   0: 3 0x80008cfa (0xfffff397) x7  0x80007cfa
core   0: 0x80008cfe (0x3c238393) addi    t2, t2, 962
core   0: 3 0x80008cfe (0x3c238393) x7  0x800080bc
core   0: 0x80008d02 (0x00000094) c.addi4spn a3, sp, 64
core   0: 3 0x80008d02 (0x0094) x13 0x00000141
core   0: 0x80008d04 (0x3fb38393) addi    t2, t2, 1019
core   0: 3 0x80008d04 (0x3fb38393) x7  0x800084b7
core   0: 0x80008d08 (0x01454b63) blt     a0, s4, pc + 22
core   0: 3 0x80008d08 (0x01454b63)
core   0: 0x80008d0c (0x0127bab3) sltu    s5, a5, s2
core   0: 3 0x80008d0c (0x0127bab3) x21 0x00000000
core   0: 0x80008d10 (0x41835c13) srai    s8, t1, 24
core   0: 3 0x80008d10 (0x41835c13) x24 0x00000000
core   0: 0x80008d14 (0x416c5a93) srai    s5, s8, 22
core   0: 3 0x80008d14 (0x416c5a93) x21 0x00000000
core   0: 0x80008d18 (0x00008fe5) c.and   a5, s1
core   0: 3 0x80008d18 (0x8fe5) x15 0x00000000
core   0: 0x80008d1a (0x007de2b3) or      t0, s11, t2
core   0: 3 0x80008d1a (0x007de2b3) x5  0x800084bf
core   0: 0x80008d1e (0xc05381e7) jalr    gp, t2, -1019
core   0: 3 0x80008d1e (0xc05381e7) x3  0x80008d22
core   0: 0x800080bc (0x3405dd73) csrrwi  s10, mscratch, 11
core   0: 3 0x800080bc (0x3405dd73) x26 0x80000000 c832_mscratch 0x0000000b
core   0: 0x800080c0 (0x000010fd) c.addi  ra, -1
core   0: 3 0x800080c0 (0x10fd) x1  0x00000cff
core   0: 0x800080c2 (0xfc0e0e13) addi    t3, t3, -64
core   0: 3 0x800080c2 (0xfc0e0e13) x28 0x8001fdf0
core   0: 0x800080c6 (0x00008fdd) c.or    a5, a5
core   0: 3 0x800080c6 (0x8fdd) x15 0x00000000
core   0: 0x800080c8 (0x000081b1) c.srli  a1, 12
core   0: 3 0x800080c8 (0x81b1) x11 0x00000000
core   0: 0x800080ca (0x64136397) auipc   t2, 0x64136
core   0: 3 0x800080ca (0x64136397) x7  0xe413e0ca
core   0: 0x800080ce (0x017ffb33) and     s6, t6, s7
core   0: 3 0x800080ce (0x017ffb33) x22 0x00000000
core   0: 0x800080d2 (0x00000c5e) c.slli  s8, 23
core   0: 3 0x800080d2 (0x0c5e) x24 0x00000000
core   0: 0x800080d4 (0x003e2223) sw      gp, 4(t3)
core   0: 3 0x800080d4 (0x003e2223) mem 0x8001fdf4 0x80008d22
core   0: 0x800080d8 (0x2d6d0b13) addi    s6, s10, 726
core   0: 3 0x800080d8 (0x2d6d0b13) x22 0x800002d6
core   0: 0x800080dc (0x00000001) c.nop
core   0: 3 0x800080dc (0x0001)
core   0: 0x800080de (0x02f93333) mulhu   t1, s2, a5
core   0: 3 0x800080de (0x02f93333) x6  0x00000000
core   0: 0x800080e2 (0x00c2e863) bltu    t0, a2, pc + 16
core   0: 3 0x800080e2 (0x00c2e863)
core   0: 0x800080f2 (0xeeffd1ef) jal     gp, pc - 0x2112
core   0: 3 0x800080f2 (0xeeffd1ef) x3  0x800080f6
core   0: 0x80005fe0 (0x01436463) bltu    t1, s4, pc + 8
core   0: 3 0x80005fe0 (0x01436463)
core   0: 0x80005fe8 (0xfc4e0e13) addi    t3, t3, -60
core   0: 3 0x80005fe8 (0xfc4e0e13) x28 0x8001fdb4
core   0: 0x80005fec (0xdf1ffcb7) lui     s9, 0xdf1ff
core   0: 3 0x80005fec (0xdf1ffcb7) x25 0xdf1ff000
core   0: 0x80005ff0 (0x404b53b3) sra     t2, s6, tp
core   0: 3 0x80005ff0 (0x404b53b3) x7  0xffffff80
core   0: 0x80005ff4 (0x41abd393) srai    t2, s7, 26
core   0: 3 0x80005ff4 (0x41abd393) x7  0x00000000
core   0: 0x80005ff8 (0x00009706) c.add   a4, ra
core   0: 3 0x80005ff8 (0x9706) x14 0x0001acff
core   0: 0x80005ffa (0x00008dbd) c.xor   a1, a5
core   0: 3 0x80005ffa (0x8dbd) x11 0x00000000
core   0: 0x80005ffc (0x003e2223) sw      gp, 4(t3)
core   0: 3 0x80005ffc (0x003e2223) mem 0x8001fdb8 0x800080f6
core   0: 0x80006000 (0x40fc5293) srai    t0, s8, 15
core   0: 3 0x80006000 (0x40fc5293) x5  0x00000000
core   0: 0x80006004 (0x00008515) c.srai  a0, 5
core   0: 3 0x80006004 (0x8515) x10 0xffffffff
core   0: 0x80006006 (0x01e4ceb3) xor     t4, s1, t5
core   0: 3 0x80006006 (0x01e4ceb3) x29 0x0000000f
core   0: 0x8000600a (0x00008d6d) c.and   a0, a1
core   0: 3 0x8000600a (0x8d6d) x10 0x00000000
core   0: 0x8000600c (0x012001ef) jal     gp, pc + 0x12
core   0: 3 0x8000600c (0x012001ef) x3  0x80006010
core   0: 0x8000601e (0x0000a011) c.j     pc + 4
core   0: 3 0x8000601e (0xa011)
core   0: 0x80006022 (0x00002009) c.jal   pc + 2
core   0: 3 0x80006022 (0x2009) x1  0x80006024
core   0: 0x80006024 (0x0000b7f5) c.j     pc - 20
core   0: 3 0x80006024 (0xb7f5)
core   0: 0x80006010 (0x008003ef) jal     t2, pc + 0x8
core   0: 3 0x80006010 (0x008003ef) x7  0x80006014
core   0: 0x80006018 (0x0000bff5) c.j     pc - 4
core   0: 3 0x80006018 (0xbff5)
core   0: 0x80006014 (0x00600fef) jal     t6, pc + 0x6
core   0: 3 0x80006014 (0x00600fef) x31 0x80006018
core   0: 0x8000601a (0x010000ef) jal     pc + 0x10
core   0: 3 0x8000601a (0x010000ef) x1  0x8000601e
core   0: 0x8000602a (0x00002011) c.jal   pc + 4
core   0: 3 0x8000602a (0x2011) x1  0x8000602c
core   0: 0x8000602e (0x0000bfe5) c.j     pc - 8
core   0: 3 0x8000602e (0xbfe5)
core   0: 0x80006026 (0xffbffbef) jal     s7, pc - 0x6
core   0: 3 0x80006026 (0xffbffbef) x23 0x8000602a
core   0: 0x80006020 (0x00002031) c.jal   pc + 12
core   0: 3 0x80006020 (0x2031) x1  0x80006022
core   0: 0x8000602c (0x00002011) c.jal   pc + 4
core   0: 3 0x8000602c (0x2011) x1  0x8000602e
core   0: 0x80006030 (0x34002c73) csrr    s8, mscratch
core   0: 3 0x80006030 (0x34002c73) x24 0x0000000b
core   0: 0x80006034 (0x01c001ef) jal     gp, pc + 0x1c
core   0: 3 0x80006034 (0x01c001ef) x3  0x80006038
core   0: 0x80006050 (0xfedff0ef) jal     pc - 0x14
core   0: 3 0x80006050 (0xfedff0ef) x1  0x80006054
core   0: 0x8000603c (0x00002821) c.jal   pc + 24
core   0: 3 0x8000603c (0x2821) x1  0x8000603e
core   0: 0x80006054 (0xfebff36f) jal     t1, pc - 0x16
core   0: 3 0x80006054 (0xfebff36f) x6  0x80006058
core   0: 0x8000603e (0x008004ef) jal     s1, pc + 0x8
core   0: 3 0x8000603e (0x008004ef) x9  0x80006042
core   0: 0x80006046 (0xffdff26f) jal     tp, pc - 0x4
core   0: 3 0x80006046 (0xffdff26f) x4  0x8000604a
core   0: 0x80006042 (0x0000a009) c.j     pc + 2
core   0: 3 0x80006042 (0xa009)
core   0: 0x80006044 (0x00002019) c.jal   pc + 6
core   0: 3 0x80006044 (0x2019) x1  0x80006046
core   0: 0x8000604a (0x00002009) c.jal   pc + 2
core   0: 3 0x8000604a (0x2009) x1  0x8000604c
core   0: 0x8000604c (0xfedff0ef) jal     pc - 0x14
core   0: 3 0x8000604c (0xfedff0ef) x1  0x80006050
core   0: 0x80006038 (0x00002009) c.jal   pc + 2
core   0: 3 0x80006038 (0x2009) x1  0x8000603a
core   0: 0x8000603a (0x0000a839) c.j     pc + 30
core   0: 3 0x8000603a (0xa839)
core   0: 0x80006058 (0x340b18f3) csrrw   a7, mscratch, s6
core   0: 3 0x80006058 (0x340b18f3) x17 0x0000000b c832_mscratch 0x800002d6
core   0: 0x8000605c (0x026001ef) jal     gp, pc + 0x26
core   0: 3 0x8000605c (0x026001ef) x3  0x80006060
core   0: 0x80006082 (0x008000ef) jal     pc + 0x8
core   0: 3 0x80006082 (0x008000ef) x1  0x80006086
core   0: 0x8000608a (0x00003ff9) c.jal   pc - 34
core   0: 3 0x8000608a (0x3ff9) x1  0x8000608c
core   0: 0x80006068 (0x0000a811) c.j     pc + 20
core   0: 3 0x80006068 (0xa811)
core   0: 0x8000607c (0x00003fd5) c.jal   pc - 12
core   0: 3 0x8000607c (0x3fd5) x1  0x8000607e
core   0: 0x80006070 (0x008005ef) jal     a1, pc + 0x8
core   0: 3 0x80006070 (0x008005ef) x11 0x80006074
core   0: 0x80006078 (0x0000a00d) c.j     pc + 34
core   0: 3 0x80006078 (0xa00d)
core   0: 0x8000609a (0x0000b7d9) c.j     pc - 58
core   0: 3 0x8000609a (0xb7d9)
core   0: 0x80006060 (0x030002ef) jal     t0, pc + 0x30
core   0: 3 0x80006060 (0x030002ef) x5  0x80006064
core   0: 0x80006090 (0x004000ef) jal     pc + 0x4
core   0: 3 0x80006090 (0x004000ef) x1  0x80006094
core   0: 0x80006094 (0xff9ff0ef) jal     pc - 0x8
core   0: 3 0x80006094 (0xff9ff0ef) x1  0x80006098
core   0: 0x8000608c (0x0000bfe1) c.j     pc - 40
core   0: 3 0x8000608c (0xbfe1)
core   0: 0x80006064 (0x00a0036f) jal     t1, pc + 0xa
core   0: 3 0x80006064 (0x00a0036f) x6  0x80006068
core   0: 0x8000606e (0x00002005) c.jal   pc + 32
core   0: 3 0x8000606e (0x2005) x1  0x80006070
core   0: 0x8000608e (0x00003ff1) c.jal   pc - 36
core   0: 3 0x8000608e (0x3ff1) x1  0x80006090
core   0: 0x8000606a (0x02e0036f) jal     t1, pc + 0x2e
core   0: 3 0x8000606a (0x02e0036f) x6  0x8000606e
core   0: 0x80006098 (0x00002011) c.jal   pc + 4
core   0: 3 0x80006098 (0x2011) x1  0x8000609a
core   0: 0x8000609c (0x0000b7cd) c.j     pc - 30
core   0: 3 0x8000609c (0xb7cd)
core   0: 0x8000607e (0xffdff0ef) jal     pc - 0x4
core   0: 3 0x8000607e (0xffdff0ef) x1  0x80006082
core   0: 0x8000607a (0x0000a031) c.j     pc + 12
core   0: 3 0x8000607a (0xa031)
core   0: 0x80006086 (0xfefff3ef) jal     t2, pc - 0x12
core   0: 3 0x80006086 (0xfefff3ef) x7  0x8000608a
core   0: 0x80006074 (0x02a000ef) jal     pc + 0x2a
core   0: 3 0x80006074 (0x02a000ef) x1  0x80006078
core   0: 0x8000609e (0x00868cb3) add     s9, a3, s0
core   0: 3 0x8000609e (0x00868cb3) x25 0x80000141
core   0: 0x800060a2 (0x006001ef) jal     gp, pc + 0x6
core   0: 3 0x800060a2 (0x006001ef) x3  0x800060a6
core   0: 0x800060a8 (0x0000a815) c.j     pc + 52
core   0: 3 0x800060a8 (0xa815)
core   0: 0x800060dc (0x0000bfe9) c.j     pc - 38
core   0: 3 0x800060dc (0xbfe9)
core   0: 0x800060b6 (0xfffff0ef) jal     pc - 0x2
core   0: 3 0x800060b6 (0xfffff0ef) x1  0x800060ba
core   0: 0x800060b4 (0x00002811) c.jal   pc + 20
core   0: 3 0x800060b4 (0x2811) x1  0x800060b6
core   0: 0x800060c8 (0x0000a031) c.j     pc + 12
core   0: 3 0x800060c8 (0xa031)
core   0: 0x800060d4 (0x0000bfc5) c.j     pc - 16
core   0: 3 0x800060d4 (0xbfc5)
core   0: 0x800060c4 (0x0000a811) c.j     pc + 20
core   0: 3 0x800060c4 (0xa811)
core   0: 0x800060d8 (0xfd7ffa6f) jal     s4, pc - 0x2a
core   0: 3 0x800060d8 (0xfd7ffa6f) x20 0x800060dc
core   0: 0x800060ae (0x028000ef) jal     pc + 0x28
core   0: 3 0x800060ae (0x028000ef) x1  0x800060b2
core   0: 0x800060d6 (0x0000bfed) c.j     pc - 6
core   0: 3 0x800060d6 (0xbfed)
core   0: 0x800060d0 (0xff7ff0ef) jal     pc - 0xa
core   0: 3 0x800060d0 (0xff7ff0ef) x1  0x800060d4
core   0: 0x800060c6 (0x0000b7d5) c.j     pc - 28
core   0: 3 0x800060c6 (0xb7d5)
core   0: 0x800060aa (0x00002801) c.jal   pc + 16
core   0: 3 0x800060aa (0x2801) x1  0x800060ac
core   0: 0x800060ba (0xff9ff16f) jal     sp, pc - 0x8
core   0: 3 0x800060ba (0xff9ff16f) x2  0x800060be
core   0: 0x800060b2 (0x00003fd5) c.jal   pc - 12
core   0: 3 0x800060b2 (0x3fd5) x1  0x800060b4
core   0: 0x800060a6 (0x0000a825) c.j     pc + 56
core   0: 3 0x800060a6 (0xa825)
core   0: 0x800060de (0x0000b7d5) c.j     pc - 28
core   0: 3 0x800060de (0xb7d5)
core   0: 0x800060c2 (0x00002021) c.jal   pc + 8
core   0: 3 0x800060c2 (0x2021) x1  0x800060c4
core   0: 0x800060ca (0xfe3ff0ef) jal     pc - 0x1e
core   0: 3 0x800060ca (0xfe3ff0ef) x1  0x800060ce
core   0: 0x800060ac (0x0000a809) c.j     pc + 18
core   0: 3 0x800060ac (0xa809)
core   0: 0x800060be (0x010008ef) jal     a7, pc + 0x10
core   0: 3 0x800060be (0x010008ef) x17 0x800060c2
core   0: 0x800060ce (0x00002809) c.jal   pc + 18
core   0: 3 0x800060ce (0x2809) x1  0x800060d0
core   0: 0x800060e0 (0x34069f73) csrrw   t5, mscratch, a3
core   0: 3 0x800060e0 (0x34069f73) x30 0x800002d6 c832_mscratch 0x00000141
core   0: 0x800060e4 (0x00e001ef) jal     gp, pc + 0xe
core   0: 3 0x800060e4 (0x00e001ef) x3  0x800060e8
core   0: 0x800060f2 (0x0000a839) c.j     pc + 30
core   0: 3 0x800060f2 (0xa839)
core   0: 0x80006110 (0x0000b7ed) c.j     pc - 22
core   0: 3 0x80006110 (0xb7ed)
core   0: 0x800060fa (0x008000ef) jal     pc + 0x8
core   0: 3 0x800060fa (0x008000ef) x1  0x800060fe
core   0: 0x80006102 (0x0000a019) c.j     pc + 6
core   0: 3 0x80006102 (0xa019)
core   0: 0x80006108 (0x00002031) c.jal   pc + 12
core   0: 3 0x80006108 (0x2031) x1  0x8000610a
core   0: 0x80006114 (0x0040036f) jal     t1, pc + 0x4
core   0: 3 0x80006114 (0x0040036f) x6  0x80006118
core   0: 0x80006118 (0x00003fdd) c.jal   pc - 10
core   0: 3 0x80006118 (0x3fdd) x1  0x8000611a
core   0: 0x8000610e (0x000037e5) c.jal   pc - 24
core   0: 3 0x8000610e (0x37e5) x1  0x80006110
core   0: 0x800060f6 (0x0000bfdd) c.j     pc - 10
core   0: 3 0x800060f6 (0xbfdd)
core   0: 0x800060ec (0x0000a009) c.j     pc + 2
core   0: 3 0x800060ec (0xa009)
core   0: 0x800060ee (0x016000ef) jal     pc + 0x16
core   0: 3 0x800060ee (0x016000ef) x1  0x800060f2
core   0: 0x80006104 (0xffbff36f) jal     t1, pc - 0x6
core   0: 3 0x80006104 (0xffbff36f) x6  0x80006108
core   0: 0x800060fe (0xffbff0ef) jal     pc - 0x6
core   0: 3 0x800060fe (0xffbff0ef) x1  0x80006102
core   0: 0x800060f8 (0x0000a809) c.j     pc + 18
core   0: 3 0x800060f8 (0xa809)
core   0: 0x8000610a (0x00002021) c.jal   pc + 8
core   0: 3 0x8000610a (0x2021) x1  0x8000610c
core   0: 0x80006112 (0x0000b7cd) c.j     pc - 30
core   0: 3 0x80006112 (0xb7cd)
core   0: 0x800060f4 (0x0000bfdd) c.j     pc - 10
core   0: 3 0x800060f4 (0xbfdd)
core   0: 0x800060ea (0x0000200d) c.jal   pc + 34
core   0: 3 0x800060ea (0x200d) x1  0x800060ec
core   0: 0x8000610c (0x00003ff1) c.jal   pc - 36
core   0: 3 0x8000610c (0x3ff1) x1  0x8000610e
core   0: 0x800060e8 (0x0000280d) c.jal   pc + 50
core   0: 3 0x800060e8 (0x280d) x1  0x800060ea
core   0: 0x8000611a (0x01efda93) srli    s5, t6, 30
core   0: 3 0x8000611a (0x01efda93) x21 0x00000002
core   0: 0x8000611e (0x012001ef) jal     gp, pc + 0x12
core   0: 3 0x8000611e (0x012001ef) x3  0x80006122
core   0: 0x80006130 (0x00002011) c.jal   pc + 4
core   0: 3 0x80006130 (0x2011) x1  0x80006132
core   0: 0x80006134 (0x00003fd5) c.jal   pc - 12
core   0: 3 0x80006134 (0x3fd5) x1  0x80006136
core   0: 0x80006128 (0x012000ef) jal     pc + 0x12
core   0: 3 0x80006128 (0x012000ef) x1  0x8000612c
core   0: 0x8000613a (0xff9ff0ef) jal     pc - 0x8
core   0: 3 0x8000613a (0xff9ff0ef) x1  0x8000613e
core   0: 0x80006132 (0x0000bfcd) c.j     pc - 14
core   0: 3 0x80006132 (0xbfcd)
core   0: 0x80006124 (0x00002029) c.jal   pc + 10
core   0: 3 0x80006124 (0x2029) x1  0x80006126
core   0: 0x8000612e (0x00002029) c.jal   pc + 10
core   0: 3 0x8000612e (0x2029) x1  0x80006130
core   0: 0x80006138 (0x0000bfd5) c.j     pc - 12
core   0: 3 0x80006138 (0xbfd5)
core   0: 0x8000612c (0x0000bfdd) c.j     pc - 10
core   0: 3 0x8000612c (0xbfdd)
core   0: 0x80006122 (0x00002011) c.jal   pc + 4
core   0: 3 0x80006122 (0x2011) x1  0x80006124
core   0: 0x80006126 (0x0000a801) c.j     pc + 16
core   0: 3 0x80006126 (0xa801)
core   0: 0x80006136 (0x0000a021) c.j     pc + 8
core   0: 3 0x80006136 (0xa021)
core   0: 0x8000613e (0x027e6333) rem     t1, t3, t2
core   0: 3 0x8000613e (0x027e6333) x6  0x8001fdb4
core   0: 0x80006142 (0x01a001ef) jal     gp, pc + 0x1a
core   0: 3 0x80006142 (0x01a001ef) x3  0x80006146
core   0: 0x8000615c (0x00003fe5) c.jal   pc - 8
core   0: 3 0x8000615c (0x3fe5) x1  0x8000615e
core   0: 0x80006154 (0x0000bfd5) c.j     pc - 12
core   0: 3 0x80006154 (0xbfd5)
core   0: 0x80006148 (0x010000ef) jal     pc + 0x10
core   0: 3 0x80006148 (0x010000ef) x1  0x8000614c
core   0: 0x80006158 (0x00002021) c.jal   pc + 8
core   0: 3 0x80006158 (0x2021) x1  0x8000615a
core   0: 0x80006160 (0x00002029) c.jal   pc + 10
core   0: 3 0x80006160 (0x2029) x1  0x80006162
core   0: 0x8000616a (0xfffff0ef) jal     pc - 0x2
core   0: 3 0x8000616a (0xfffff0ef) x1  0x8000616e
core   0: 0x80006168 (0x000037ed) c.jal   pc - 22
core   0: 3 0x80006168 (0x37ed) x1  0x8000616a
core   0: 0x80006152 (0x00002811) c.jal   pc + 20
core   0: 3 0x80006152 (0x2811) x1  0x80006154
core   0: 0x80006166 (0x0000bffd) c.j     pc - 2
core   0: 3 0x80006166 (0xbffd)
core   0: 0x80006164 (0x0000bfcd) c.j     pc - 14
core   0: 3 0x80006164 (0xbfcd)
core   0: 0x80006156 (0x0000a031) c.j     pc + 12
core   0: 3 0x80006156 (0xa031)
core   0: 0x80006162 (0x0000b7ed) c.j     pc - 22
core   0: 3 0x80006162 (0xb7ed)
core   0: 0x8000614c (0xffbff0ef) jal     pc - 0x6
core   0: 3 0x8000614c (0xffbff0ef) x1  0x80006150
core   0: 0x80006146 (0x00002811) c.jal   pc + 20
core   0: 3 0x80006146 (0x2811) x1  0x80006148
core   0: 0x8000615a (0x00003fdd) c.jal   pc - 10
core   0: 3 0x8000615a (0x3fdd) x1  0x8000615c
core   0: 0x80006150 (0x0000a039) c.j     pc + 14
core   0: 3 0x80006150 (0xa039)
core   0: 0x8000615e (0x00002801) c.jal   pc + 16
core   0: 3 0x8000615e (0x2801) x1  0x80006160
core   0: 0x8000616e (0x013c9793) slli    a5, s9, 19
core   0: 3 0x8000616e (0x013c9793) x15 0x0a080000
core   0: 0x80006172 (0x01e001ef) jal     gp, pc + 0x1e
core   0: 3 0x80006172 (0x01e001ef) x3  0x80006176
core   0: 0x80006190 (0xfffff0ef) jal     pc - 0x2
core   0: 3 0x80006190 (0xfffff0ef) x1  0x80006194
core   0: 0x8000618e (0x0000bfcd) c.j     pc - 14
core   0: 3 0x8000618e (0xbfcd)
core   0: 0x80006180 (0x00002829) c.jal   pc + 26
core   0: 3 0x80006180 (0x2829) x1  0x80006182
core   0: 0x8000619a (0x00003ff5) c.jal   pc - 4
core   0: 3 0x8000619a (0x3ff5) x1  0x8000619c
core   0: 0x80006196 (0x00003ffd) c.jal   pc - 2
core   0: 3 0x80006196 (0x3ffd) x1  0x80006198
core   0: 0x80006194 (0x0000bfd5) c.j     pc - 12
core   0: 3 0x80006194 (0xbfd5)
core   0: 0x80006188 (0x01e000ef) jal     pc + 0x1e
core   0: 3 0x80006188 (0x01e000ef) x1  0x8000618c
core   0: 0x800061a6 (0x00002011) c.jal   pc + 4
core   0: 3 0x800061a6 (0x2011) x1  0x800061a8
core   0: 0x800061aa (0x00003fe5) c.jal   pc - 8
core   0: 3 0x800061aa (0x3fe5) x1  0x800061ac
core   0: 0x800061a2 (0xfd9ff1ef) jal     gp, pc - 0x28
core   0: 3 0x800061a2 (0xfd9ff1ef) x3  0x800061a6
core   0: 0x8000617a (0x0000200d) c.jal   pc + 34
core   0: 3 0x8000617a (0x200d) x1  0x8000617c
core   0: 0x8000619c (0xfe3ff36f) jal     t1, pc - 0x1e
core   0: 3 0x8000619c (0xfe3ff36f) x6  0x800061a0
core   0: 0x8000617e (0x00002011) c.jal   pc + 4
core   0: 3 0x8000617e (0x2011) x1  0x80006180
core   0: 0x80006182 (0x0160026f) jal     tp, pc + 0x16
core   0: 3 0x80006182 (0x0160026f) x4  0x80006186
core   0: 0x80006198 (0x0000bfd5) c.j     pc - 12
core   0: 3 0x80006198 (0xbfd5)
core   0: 0x8000618c (0x000037f5) c.jal   pc - 20
core   0: 3 0x8000618c (0x37f5) x1  0x8000618e
core   0: 0x80006178 (0x00002815) c.jal   pc + 52
core   0: 3 0x80006178 (0x2815) x1  0x8000617a
core   0: 0x800061ac (0x0000b7e9) c.j     pc - 54
core   0: 3 0x800061ac (0xb7e9)
core   0: 0x80006176 (0x0000a801) c.j     pc + 16
core   0: 3 0x80006176 (0xa801)
core   0: 0x80006186 (0x0000a829) c.j     pc + 26
core   0: 3 0x80006186 (0xa829)
core   0: 0x800061a0 (0x00002021) c.jal   pc + 8
core   0: 3 0x800061a0 (0x2021) x1  0x800061a2
core   0: 0x800061a8 (0x0000bfd1) c.j     pc - 44
core   0: 3 0x800061a8 (0xbfd1)
core   0: 0x8000617c (0x0000280d) c.jal   pc + 50
core   0: 3 0x8000617c (0x280d) x1  0x8000617e
core   0: 0x800061ae (0x00000001) c.nop
core   0: 3 0x800061ae (0x0001)
core   0: 0x800061b0 (0x004001ef) jal     gp, pc + 0x4
core   0: 3 0x800061b0 (0x004001ef) x3  0x800061b4
core   0: 0x800061b4 (0x0000a011) c.j     pc + 4
core   0: 3 0x800061b4 (0xa011)
core   0: 0x800061b8 (0x004000ef) jal     pc + 0x4
core   0: 3 0x800061b8 (0x004000ef) x1  0x800061bc
core   0: 0x800061bc (0x0000a011) c.j     pc + 4
core   0: 3 0x800061bc (0xa011)
core   0: 0x800061c0 (0x00a002ef) jal     t0, pc + 0xa
core   0: 3 0x800061c0 (0x00a002ef) x5  0x800061c4
core   0: 0x800061ca (0xfedff0ef) jal     pc - 0x14
core   0: 3 0x800061ca (0xfedff0ef) x1  0x800061ce
core   0: 0x800061b6 (0x00002821) c.jal   pc + 24
core   0: 3 0x800061b6 (0x2821) x1  0x800061b8
core   0: 0x800061ce (0x00003fe5) c.jal   pc - 8
core   0: 3 0x800061ce (0x3fe5) x1  0x800061d0
core   0: 0x800061c6 (0xfffff86f) jal     a6, pc - 0x2
core   0: 3 0x800061c6 (0xfffff86f) x16 0x800061ca
core   0: 0x800061c4 (0x00003fed) c.jal   pc - 6
core   0: 3 0x800061c4 (0x3fed) x1  0x800061c6
core   0: 0x800061be (0x0000a809) c.j     pc + 18
core   0: 3 0x800061be (0xa809)
core   0: 0x800061d0 (0x3406b973) csrrc   s2, mscratch, a3
core   0: 3 0x800061d0 (0x3406b973) x18 0x00000141 c832_mscratch 0x00000000
core   0: 0x800061d4 (0x04c001ef) jal     gp, pc + 0x4c
core   0: 3 0x800061d4 (0x04c001ef) x3  0x800061d8
core   0: 0x80006220 (0x0000bfc9) c.j     pc - 46
core   0: 3 0x80006220 (0xbfc9)
core   0: 0x800061f2 (0x0000bfe5) c.j     pc - 8
core   0: 3 0x800061f2 (0xbfe5)
core   0: 0x800061ea (0x00002815) c.jal   pc + 52
core   0: 3 0x800061ea (0x2815) x1  0x800061ec
core   0: 0x8000621e (0x000037ed) c.jal   pc - 22
core   0: 3 0x8000621e (0x37ed) x1  0x80006220
core   0: 0x80006208 (0x00003fcd) c.jal   pc - 14
core   0: 3 0x80006208 (0x3fcd) x1  0x8000620a
core   0: 0x800061fa (0x000037d5) c.jal   pc - 28
core   0: 3 0x800061fa (0x37d5) x1  0x800061fc
core   0: 0x800061de (0x03e000ef) jal     pc + 0x3e
core   0: 3 0x800061de (0x03e000ef) x1  0x800061e2
core   0: 0x8000621c (0x0000bfd5) c.j     pc - 12
core   0: 3 0x8000621c (0xbfd5)
core   0: 0x80006210 (0xffbff0ef) jal     pc - 0x6
core   0: 3 0x80006210 (0xffbff0ef) x1  0x80006214
core   0: 0x8000620a (0x00003fe1) c.jal   pc - 40
core   0: 3 0x8000620a (0x3fe1) x1  0x8000620c
core   0: 0x800061e2 (0x00002009) c.jal   pc + 2
core   0: 3 0x800061e2 (0x2009) x1  0x800061e4
core   0: 0x800061e4 (0x0000bfdd) c.j     pc - 10
core   0: 3 0x800061e4 (0xbfdd)
core   0: 0x800061da (0x0000a815) c.j     pc + 52
core   0: 3 0x800061da (0xa815)
core   0: 0x8000620e (0x00003fcd) c.jal   pc - 14
core   0: 3 0x8000620e (0x3fcd) x1  0x80006210
core   0: 0x80006200 (0xff7ff0ef) jal     pc - 0xa
core   0: 3 0x80006200 (0xff7ff0ef) x1  0x80006204
core   0: 0x800061f6 (0x0000200d) c.jal   pc + 34
core   0: 3 0x800061f6 (0x200d) x1  0x800061f8
core   0: 0x80006218 (0xfe5ff0ef) jal     pc - 0x1c
core   0: 3 0x80006218 (0xfe5ff0ef) x1  0x8000621c
core   0: 0x800061fc (0xfddff0ef) jal     pc - 0x24
core   0: 3 0x800061fc (0xfddff0ef) x1  0x80006200
core   0: 0x800061d8 (0x0000a005) c.j     pc + 32
core   0: 3 0x800061d8 (0xa005)
core   0: 0x800061f8 (0x00003ff5) c.jal   pc - 4
core   0: 3 0x800061f8 (0x3ff5) x1  0x800061fa
core   0: 0x800061f4 (0x00002005) c.jal   pc + 32
core   0: 3 0x800061f4 (0x2005) x1  0x800061f6
core   0: 0x80006214 (0xfd3ff36f) jal     t1, pc - 0x2e
core   0: 3 0x80006214 (0xfd3ff36f) x6  0x80006218
core   0: 0x800061e6 (0xff7ff0ef) jal     pc - 0xa
core   0: 3 0x800061e6 (0xff7ff0ef) x1  0x800061ea
core   0: 0x800061dc (0x00002811) c.jal   pc + 20
core   0: 3 0x800061dc (0x2811) x1  0x800061de
core   0: 0x800061f0 (0x00002831) c.jal   pc + 28
core   0: 3 0x800061f0 (0x2831) x1  0x800061f2
core   0: 0x8000620c (0x00003fe5) c.jal   pc - 8
core   0: 3 0x8000620c (0x3fe5) x1  0x8000620e
core   0: 0x80006204 (0xfe9ff0ef) jal     pc - 0x18
core   0: 3 0x80006204 (0xfe9ff0ef) x1  0x80006208
core   0: 0x800061ec (0x036000ef) jal     pc + 0x36
core   0: 3 0x800061ec (0x036000ef) x1  0x800061f0
core   0: 0x80006222 (0x00006559) c.lui   a0, 0x16
core   0: 3 0x80006222 (0x6559) x10 0x00016000
core   0: 0x80006224 (0x014001ef) jal     gp, pc + 0x14
core   0: 3 0x80006224 (0x014001ef) x3  0x80006228
core   0: 0x80006238 (0x00c0036f) jal     t1, pc + 0xc
core   0: 3 0x80006238 (0x00c0036f) x6  0x8000623c
core   0: 0x80006244 (0xfe5ff36f) jal     t1, pc - 0x1c
core   0: 3 0x80006244 (0xfe5ff36f) x6  0x80006248
core   0: 0x80006228 (0x01a000ef) jal     pc + 0x1a
core   0: 3 0x80006228 (0x01a000ef) x1  0x8000622c
core   0: 0x80006242 (0x00003fc5) c.jal   pc - 16
core   0: 3 0x80006242 (0x3fc5) x1  0x80006244
core   0: 0x80006232 (0x0000a009) c.j     pc + 2
core   0: 3 0x80006232 (0xa009)
core   0: 0x80006234 (0x024000ef) jal     pc + 0x24
core   0: 3 0x80006234 (0x024000ef) x1  0x80006238
core   0: 0x80006258 (0x0040036f) jal     t1, pc + 0x4
core   0: 3 0x80006258 (0x0040036f) x6  0x8000625c
core   0: 0x8000625c (0x000037f5) c.jal   pc - 20
core   0: 3 0x8000625c (0x37f5) x1  0x8000625e
core   0: 0x80006248 (0x006001ef) jal     gp, pc + 0x6
core   0: 3 0x80006248 (0x006001ef) x3  0x8000624c
core   0: 0x8000624e (0x00003ffd) c.jal   pc - 2
core   0: 3 0x8000624e (0x3ffd) x1  0x80006250
core   0: 0x8000624c (0x0000bfcd) c.j     pc - 14
core   0: 3 0x8000624c (0xbfcd)
core   0: 0x8000623e (0x0120026f) jal     tp, pc + 0x12
core   0: 3 0x8000623e (0x0120026f) x4  0x80006242
core   0: 0x80006250 (0x00003ff1) c.jal   pc - 36
core   0: 3 0x80006250 (0x3ff1) x1  0x80006252
core   0: 0x8000622c (0x028002ef) jal     t0, pc + 0x28
core   0: 3 0x8000622c (0x028002ef) x5  0x80006230
core   0: 0x80006254 (0xfffff36f) jal     t1, pc - 0x2
core   0: 3 0x80006254 (0xfffff36f) x6  0x80006258
core   0: 0x80006252 (0x000037ed) c.jal   pc - 22
core   0: 3 0x80006252 (0x37ed) x1  0x80006254
core   0: 0x8000623c (0x0000bfd5) c.j     pc - 12
core   0: 3 0x8000623c (0xbfd5)
core   0: 0x80006230 (0x0000a03d) c.j     pc + 46
core   0: 3 0x80006230 (0xa03d)
core   0: 0x8000625e (0x34006ef3) csrrsi  t4, mscratch, 0
core   0: 3 0x8000625e (0x34006ef3) x29 0x00000000
core   0: 0x80006262 (0x008001ef) jal     gp, pc + 0x8
core   0: 3 0x80006262 (0x008001ef) x3  0x80006266
core   0: 0x8000626a (0x00002801) c.jal   pc + 16
core   0: 3 0x8000626a (0x2801) x1  0x8000626c
core   0: 0x8000627a (0x0000a821) c.j     pc + 24
core   0: 3 0x8000627a (0xa821)
core   0: 0x80006292 (0xfe3ff7ef) jal     a5, pc - 0x1e
core   0: 3 0x80006292 (0xfe3ff7ef) x15 0x80006296
core   0: 0x80006274 (0x0000bff5) c.j     pc - 4
core   0: 3 0x80006274 (0xbff5)
core   0: 0x80006270 (0x010000ef) jal     pc + 0x10
core   0: 3 0x80006270 (0x010000ef) x1  0x80006274
core   0: 0x80006280 (0x00002029) c.jal   pc + 10
core   0: 3 0x80006280 (0x2029) x1  0x80006282
core   0: 0x8000628a (0xfddff0ef) jal     pc - 0x24
core   0: 3 0x8000628a (0xfddff0ef) x1  0x8000628e
core   0: 0x80006266 (0x01c000ef) jal     pc + 0x1c
core   0: 3 0x80006266 (0x01c000ef) x1  0x8000626a
core   0: 0x80006282 (0xffdff36f) jal     t1, pc - 0x4
core   0: 3 0x80006282 (0xffdff36f) x6  0x80006286
core   0: 0x8000627e (0x0000a801) c.j     pc + 16
core   0: 3 0x8000627e (0xa801)
core   0: 0x8000628e (0x000037fd) c.jal   pc - 18
core   0: 3 0x8000628e (0x37fd) x1  0x80006290
core   0: 0x8000627c (0x00002031) c.jal   pc + 12
core   0: 3 0x8000627c (0x2031) x1  0x8000627e
core   0: 0x80006288 (0x0000a021) c.j     pc + 8
core   0: 3 0x80006288 (0xa021)
core   0: 0x80006290 (0x00003ff1) c.jal   pc - 36
core   0: 3 0x80006290 (0x3ff1) x1  0x80006292
core   0: 0x8000626c (0x01a000ef) jal     pc + 0x1a
core   0: 3 0x8000626c (0x01a000ef) x1  0x80006270
core   0: 0x80006286 (0x00003fc5) c.jal   pc - 16
core   0: 3 0x80006286 (0x3fc5) x1  0x80006288
core   0: 0x80006276 (0x020000ef) jal     pc + 0x20
core   0: 3 0x80006276 (0x020000ef) x1  0x8000627a
core   0: 0x80006296 (0x010e2ab3) slt     s5, t3, a6
core   0: 3 0x80006296 (0x010e2ab3) x21 0x00000000
core   0: 0x8000629a (0x040001ef) jal     gp, pc + 0x40
core   0: 3 0x8000629a (0x040001ef) x3  0x8000629e
core   0: 0x800062da (0xfd9ff0ef) jal     pc - 0x28
core   0: 3 0x800062da (0xfd9ff0ef) x1  0x800062de
core   0: 0x800062b2 (0x0200036f) jal     t1, pc + 0x20
core   0: 3 0x800062b2 (0x0200036f) x6  0x800062b6
core   0: 0x800062d2 (0x00c000ef) jal     pc + 0xc
core   0: 3 0x800062d2 (0x00c000ef) x1  0x800062d6
core   0: 0x800062de (0x0000b7d9) c.j     pc - 58
core   0: 3 0x800062de (0xb7d9)
core   0: 0x800062a4 (0x0000a831) c.j     pc + 28
core   0: 3 0x800062a4 (0xa831)
core   0: 0x800062c0 (0x0000bfed) c.j     pc - 6
core   0: 3 0x800062c0 (0xbfed)
core   0: 0x800062ba (0xff1ff0ef) jal     pc - 0x10
core   0: 3 0x800062ba (0xff1ff0ef) x1  0x800062be
core   0: 0x800062aa (0x0000a035) c.j     pc + 44
core   0: 3 0x800062aa (0xa035)
core   0: 0x800062d6 (0xff7ff36f) jal     t1, pc - 0xa
core   0: 3 0x800062d6 (0xff7ff36f) x6  0x800062da
core   0: 0x800062cc (0x0000b7c5) c.j     pc - 32
core   0: 3 0x800062cc (0xb7c5)
core   0: 0x800062ac (0xffdff0ef) jal     pc - 0x4
core   0: 3 0x800062ac (0xffdff0ef) x1  0x800062b0
core   0: 0x800062a8 (0x0000a01d) c.j     pc + 38
core   0: 3 0x800062a8 (0xa01d)
core   0: 0x800062ce (0x0000bfc9) c.j     pc - 46
core   0: 3 0x800062ce (0xbfc9)
core   0: 0x800062a0 (0x0280016f) jal     sp, pc + 0x28
core   0: 3 0x800062a0 (0x0280016f) x2  0x800062a4
core   0: 0x800062c8 (0x02200f6f) jal     t5, pc + 0x22
core   0: 3 0x800062c8 (0x02200f6f) x30 0x800062cc
core   0: 0x800062ea (0x0000bf75) c.j     pc - 68
core   0: 3 0x800062ea (0xbf75)
core   0: 0x800062a6 (0x0000283d) c.jal   pc + 62
core   0: 3 0x800062a6 (0x283d) x1  0x800062a8
core   0: 0x800062e4 (0xfcdff0ef) jal     pc - 0x34
core   0: 3 0x800062e4 (0xfcdff0ef) x1  0x800062e8
core   0: 0x800062b0 (0x0000a039) c.j     pc + 14
core   0: 3 0x800062b0 (0xa039)
core   0: 0x800062be (0x0000a019) c.j     pc + 6
core   0: 3 0x800062be (0xa019)
core   0: 0x800062c4 (0x00002831) c.jal   pc + 28
core   0: 3 0x800062c4 (0x2831) x1  0x800062c6
core   0: 0x800062e0 (0xfd9ff36f) jal     t1, pc - 0x28
core   0: 3 0x800062e0 (0xfd9ff36f) x6  0x800062e4
core   0: 0x800062b8 (0x0000a039) c.j     pc + 14
core   0: 3 0x800062b8 (0xa039)
core   0: 0x800062c6 (0x0000bfc5) c.j     pc - 16
core   0: 3 0x800062c6 (0xbfc5)
core   0: 0x800062b6 (0x000037e5) c.jal   pc - 24
core   0: 3 0x800062b6 (0x37e5) x1  0x800062b8
core   0: 0x8000629e (0x0000280d) c.jal   pc + 50
core   0: 3 0x8000629e (0x280d) x1  0x800062a0
core   0: 0x800062d0 (0x00002821) c.jal   pc + 24
core   0: 3 0x800062d0 (0x2821) x1  0x800062d2
core   0: 0x800062e8 (0x0000bfe9) c.j     pc - 38
core   0: 3 0x800062e8 (0xbfe9)
core   0: 0x800062c2 (0x0000a02d) c.j     pc + 42
core   0: 3 0x800062c2 (0xa02d)
core   0: 0x800062ec (0x00008ac1) c.andi  a3, 16
core   0: 3 0x800062ec (0x8ac1) x13 0x00000000
core   0: 0x800062ee (0x018001ef) jal     gp, pc + 0x18
core   0: 3 0x800062ee (0x018001ef) x3  0x800062f2
core   0: 0x80006306 (0x0000bfdd) c.j     pc - 10
core   0: 3 0x80006306 (0xbfdd)
core   0: 0x800062fc (0x0000a011) c.j     pc + 4
core   0: 3 0x800062fc (0xa011)
core   0: 0x80006300 (0x00003fdd) c.jal   pc - 10
core   0: 3 0x80006300 (0x3fdd) x1  0x80006302
core   0: 0x800062f6 (0x00002825) c.jal   pc + 56
core   0: 3 0x800062f6 (0x2825) x1  0x800062f8
core   0: 0x8000632e (0xff9ff36f) jal     t1, pc - 0x8
core   0: 3 0x8000632e (0xff9ff36f) x6  0x80006332
core   0: 0x80006326 (0x000037f5) c.jal   pc - 20
core   0: 3 0x80006326 (0x37f5) x1  0x80006328
core   0: 0x80006312 (0xfe9ff0ef) jal     pc - 0x18
core   0: 3 0x80006312 (0xfe9ff0ef) x1  0x80006316
core   0: 0x800062fa (0x0000a021) c.j     pc + 8
core   0: 3 0x800062fa (0xa021)
core   0: 0x80006302 (0x028000ef) jal     pc + 0x28
core   0: 3 0x80006302 (0x028000ef) x1  0x80006306
core   0: 0x8000632a (0xfd5ff36f) jal     t1, pc - 0x2c
core   0: 3 0x8000632a (0xfd5ff36f) x6  0x8000632e
core   0: 0x800062fe (0x0000a815) c.j     pc + 52
core   0: 3 0x800062fe (0xa815)
core   0: 0x80006332 (0x000037ed) c.jal   pc - 22
core   0: 3 0x80006332 (0x37ed) x1  0x80006334
core   0: 0x8000631c (0x01c004ef) jal     s1, pc + 0x1c
core   0: 3 0x8000631c (0x01c004ef) x9  0x80006320
core   0: 0x80006338 (0x00003fd1) c.jal   pc - 44
core   0: 3 0x80006338 (0x3fd1) x1  0x8000633a
core   0: 0x8000630c (0xfe7ff1ef) jal     gp, pc - 0x1a
core   0: 3 0x8000630c (0xfe7ff1ef) x3  0x80006310
core   0: 0x800062f2 (0x02e0036f) jal     t1, pc + 0x2e
core   0: 3 0x800062f2 (0x02e0036f) x6  0x800062f6
core   0: 0x80006320 (0x00003fe1) c.jal   pc - 40
core   0: 3 0x80006320 (0x3fe1) x1  0x80006322
core   0: 0x800062f8 (0x00002839) c.jal   pc + 30
core   0: 3 0x800062f8 (0x2839) x1  0x800062fa
core   0: 0x80006316 (0x0200036f) jal     t1, pc + 0x20
core   0: 3 0x80006316 (0x0200036f) x6  0x8000631a
core   0: 0x80006336 (0x00003ffd) c.jal   pc - 2
core   0: 3 0x80006336 (0x3ffd) x1  0x80006338
core   0: 0x80006334 (0x00003fd1) c.jal   pc - 44
core   0: 3 0x80006334 (0x3fd1) x1  0x80006336
core   0: 0x80006308 (0x0080056f) jal     a0, pc + 0x8
core   0: 3 0x80006308 (0x0080056f) x10 0x8000630c
core   0: 0x80006310 (0x0000a821) c.j     pc + 24
core   0: 3 0x80006310 (0xa821)
core   0: 0x80006328 (0x00003fed) c.jal   pc - 6
core   0: 3 0x80006328 (0x3fed) x1  0x8000632a
core   0: 0x80006322 (0xff9ff1ef) jal     gp, pc - 0x8
core   0: 3 0x80006322 (0xff9ff1ef) x3  0x80006326
core   0: 0x8000631a (0x0000a005) c.j     pc + 32
core   0: 3 0x8000631a (0xa005)
core   0: 0x8000633a (0x01f65193) srli    gp, a2, 31
core   0: 3 0x8000633a (0x01f65193) x3  0x00000001
core   0: 0x8000633e (0x024001ef) jal     gp, pc + 0x24
core   0: 3 0x8000633e (0x024001ef) x3  0x80006342
core   0: 0x80006362 (0xff3ff0ef) jal     pc - 0xe
core   0: 3 0x80006362 (0xff3ff0ef) x1  0x80006366
core   0: 0x80006354 (0x00002029) c.jal   pc + 10
core   0: 3 0x80006354 (0x2029) x1  0x80006356
core   0: 0x8000635e (0x0000bffd) c.j     pc - 2
core   0: 3 0x8000635e (0xbffd)
core   0: 0x8000635c (0x0000b7ed) c.j     pc - 22
core   0: 3 0x8000635c (0xb7ed)
core   0: 0x80006346 (0x0000a829) c.j     pc + 26
core   0: 3 0x80006346 (0xa829)
core   0: 0x80006360 (0x0000bfc5) c.j     pc - 16
core   0: 3 0x80006360 (0xbfc5)
core   0: 0x80006350 (0xffbff0ef) jal     pc - 0x6
core   0: 3 0x80006350 (0xffbff0ef) x1  0x80006354
core   0: 0x8000634a (0x00002831) c.jal   pc + 28
core   0: 3 0x8000634a (0x2831) x1  0x8000634c
core   0: 0x80006366 (0xfe7ff36f) jal     t1, pc - 0x1a
core   0: 3 0x80006366 (0xfe7ff36f) x6  0x8000636a
core   0: 0x8000634c (0x00003fdd) c.jal   pc - 10
core   0: 3 0x8000634c (0x3fdd) x1  0x8000634e
core   0: 0x80006342 (0x00c000ef) jal     pc + 0xc
core   0: 3 0x80006342 (0x00c000ef) x1  0x80006346
core   0: 0x8000634e (0x00003fed) c.jal   pc - 6
core   0: 3 0x8000634e (0x3fed) x1  0x80006350
core   0: 0x80006348 (0x00002809) c.jal   pc + 18
core   0: 3 0x80006348 (0x2809) x1  0x8000634a
core   0: 0x8000635a (0x00003ff5) c.jal   pc - 4
core   0: 3 0x8000635a (0x3ff5) x1  0x8000635c
core   0: 0x80006356 (0x014000ef) jal     pc + 0x14
core   0: 3 0x80006356 (0x014000ef) x1  0x8000635a
core   0: 0x8000636a (0x00008c89) c.sub   s1, a0
core   0: 3 0x8000636a (0x8c89) x9  0x00000014
core   0: 0x8000636c (0x016001ef) jal     gp, pc + 0x16
core   0: 3 0x8000636c (0x016001ef) x3  0x80006370
core   0: 0x80006382 (0x0000a019) c.j     pc + 6
core   0: 3 0x80006382 (0xa019)
core   0: 0x80006388 (0xfe9ff36f) jal     t1, pc - 0x18
core   0: 3 0x80006388 (0xfe9ff36f) x6  0x8000638c
core   0: 0x80006370 (0x00002801) c.jal   pc + 16
core   0: 3 0x80006370 (0x2801) x1  0x80006372
core   0: 0x80006380 (0x00003fed) c.jal   pc - 6
core   0: 3 0x80006380 (0x3fed) x1  0x80006382
core   0: 0x8000637a (0x0000a009) c.j     pc + 2
core   0: 3 0x8000637a (0xa009)
core   0: 0x8000637c (0x008000ef) jal     pc + 0x8
core   0: 3 0x8000637c (0x008000ef) x1  0x80006380
core   0: 0x80006384 (0x000037fd) c.jal   pc - 18
core   0: 3 0x80006384 (0x37fd) x1  0x80006386
core   0: 0x80006372 (0x020000ef) jal     pc + 0x20
core   0: 3 0x80006372 (0x020000ef) x1  0x80006376
core   0: 0x80006392 (0x00003fd5) c.jal   pc - 12
core   0: 3 0x80006392 (0x3fd5) x1  0x80006394
core   0: 0x80006386 (0x00002029) c.jal   pc + 10
core   0: 3 0x80006386 (0x2029) x1  0x80006388
core   0: 0x80006390 (0x0000a011) c.j     pc + 4
core   0: 3 0x80006390 (0xa011)
core   0: 0x80006394 (0xff9ff0ef) jal     pc - 0x8
core   0: 3 0x80006394 (0xff9ff0ef) x1  0x80006398
core   0: 0x8000638c (0xfedff0ef) jal     pc - 0x14
core   0: 3 0x8000638c (0xfedff0ef) x1  0x80006390
core   0: 0x80006378 (0x0000a015) c.j     pc + 36
core   0: 3 0x80006378 (0xa015)
core   0: 0x8000639c (0x00003ff5) c.jal   pc - 4
core   0: 3 0x8000639c (0x3ff5) x1  0x8000639e
core   0: 0x80006398 (0xfdffff6f) jal     t5, pc - 0x22
core   0: 3 0x80006398 (0xfdffff6f) x30 0x8000639c
core   0: 0x80006376 (0x00002025) c.jal   pc + 40
core   0: 3 0x80006376 (0x2025) x1  0x80006378
core   0: 0x8000639e (0x00009342) c.add   t1, a6
core   0: 3 0x8000639e (0x9342) x6  0x0000c556
core   0: 0x800063a0 (0x040001ef) jal     gp, pc + 0x40
core   0: 3 0x800063a0 (0x040001ef) x3  0x800063a4
core   0: 0x800063e0 (0x00a00eef) jal     t4, pc + 0xa
core   0: 3 0x800063e0 (0x00a00eef) x29 0x800063e4
core   0: 0x800063ea (0x000037f1) c.jal   pc - 52
core   0: 3 0x800063ea (0x37f1) x1  0x800063ec
core   0: 0x800063b6 (0x0000a029) c.j     pc + 10
core   0: 3 0x800063b6 (0xa029)
core   0: 0x800063c0 (0x00003fd5) c.jal   pc - 12
core   0: 3 0x800063c0 (0x3fd5) x1  0x800063c2
core   0: 0x800063b4 (0x00002019) c.jal   pc + 6
core   0: 3 0x800063b4 (0x2019) x1  0x800063b6
core   0: 0x800063ba (0x0000a839) c.j     pc + 30
core   0: 3 0x800063ba (0xa839)
core   0: 0x800063d8 (0x000037d5) c.jal   pc - 28
core   0: 3 0x800063d8 (0x37d5) x1  0x800063da
core   0: 0x800063bc (0x00a001ef) jal     gp, pc + 0xa
core   0: 3 0x800063bc (0x00a001ef) x3  0x800063c0
core   0: 0x800063c6 (0x0000b7dd) c.j     pc - 26
core   0: 3 0x800063c6 (0xb7dd)
core   0: 0x800063ac (0xffbffdef) jal     s11, pc - 0x6
core   0: 3 0x800063ac (0xffbffdef) x27 0x800063b0
core   0: 0x800063a6 (0x00002035) c.jal   pc + 44
core   0: 3 0x800063a6 (0x2035) x1  0x800063a8
core   0: 0x800063d2 (0xff9ff0ef) jal     pc - 0x8
core   0: 3 0x800063d2 (0xff9ff0ef) x1  0x800063d6
core   0: 0x800063ca (0x004000ef) jal     pc + 0x4
core   0: 3 0x800063ca (0x004000ef) x1  0x800063ce
core   0: 0x800063ce (0xffbff0ef) jal     pc - 0x6
core   0: 3 0x800063ce (0xffbff0ef) x1  0x800063d2
core   0: 0x800063c8 (0x0000a819) c.j     pc + 22
core   0: 3 0x800063c8 (0xa819)
core   0: 0x800063de (0x0000a019) c.j     pc + 6
core   0: 3 0x800063de (0xa019)
core   0: 0x800063e4 (0xff3ff0ef) jal     pc - 0xe
core   0: 3 0x800063e4 (0xff3ff0ef) x1  0x800063e8
core   0: 0x800063d6 (0x00002019) c.jal   pc + 6
core   0: 3 0x800063d6 (0x2019) x1  0x800063d8
core   0: 0x800063dc (0x00003ffd) c.jal   pc - 2
core   0: 3 0x800063dc (0x3ffd) x1  0x800063de
core   0: 0x800063da (0x0000bfd9) c.j     pc - 42
core   0: 3 0x800063da (0xbfd9)
core   0: 0x800063b0 (0x01200a6f) jal     s4, pc + 0x12
core   0: 3 0x800063b0 (0x01200a6f) x20 0x800063b4
core   0: 0x800063c2 (0xfe3ff0ef) jal     pc - 0x1e
core   0: 3 0x800063c2 (0xfe3ff0ef) x1  0x800063c6
core   0: 0x800063a4 (0x0000a811) c.j     pc + 20
core   0: 3 0x800063a4 (0xa811)
core   0: 0x800063b8 (0x0000a805) c.j     pc + 48
core   0: 3 0x800063b8 (0xa805)
core   0: 0x800063e8 (0x000037c1) c.jal   pc - 64
core   0: 3 0x800063e8 (0x37c1) x1  0x800063ea
core   0: 0x800063a8 (0x0440016f) jal     sp, pc + 0x44
core   0: 3 0x800063a8 (0x0440016f) x2  0x800063ac
core   0: 0x800063ec (0x00000998) c.addi4spn a4, sp, 208
core   0: 3 0x800063ec (0x0998) x14 0x8000647c
core   0: 0x800063ee (0x028001ef) jal     gp, pc + 0x28
core   0: 3 0x800063ee (0x028001ef) x3  0x800063f2
core   0: 0x80006416 (0x0000a829) c.j     pc + 26
core   0: 3 0x80006416 (0xa829)
core   0: 0x80006430 (0x0000b7e1) c.j     pc - 56
core   0: 3 0x80006430 (0xb7e1)
core   0: 0x800063f8 (0x0000a81d) c.j     pc + 54
core   0: 3 0x800063f8 (0xa81d)
core   0: 0x8000642e (0x0000b7cd) c.j     pc - 30
core   0: 3 0x8000642e (0xb7cd)
core   0: 0x80006410 (0x00003fdd) c.jal   pc - 10
core   0: 3 0x80006410 (0x3fdd) x1  0x80006412
core   0: 0x80006406 (0x004000ef) jal     pc + 0x4
core   0: 3 0x80006406 (0x004000ef) x1  0x8000640a
core   0: 0x8000640a (0xff1ff0ef) jal     pc - 0x10
core   0: 3 0x8000640a (0xff1ff0ef) x1  0x8000640e
core   0: 0x800063fa (0x0000a839) c.j     pc + 30
core   0: 3 0x800063fa (0xa839)
core   0: 0x80006418 (0x0000bfe9) c.j     pc - 38
core   0: 3 0x80006418 (0xbfe9)
core   0: 0x800063f2 (0x00002005) c.jal   pc + 32
core   0: 3 0x800063f2 (0x2005) x1  0x800063f4
core   0: 0x80006412 (0xfe3ff0ef) jal     pc - 0x1e
core   0: 3 0x80006412 (0xfe3ff0ef) x1  0x80006416
core   0: 0x800063f4 (0x010000ef) jal     pc + 0x10
core   0: 3 0x800063f4 (0x010000ef) x1  0x800063f8
core   0: 0x80006404 (0x00003fe5) c.jal   pc - 8
core   0: 3 0x80006404 (0x3fe5) x1  0x80006406
core   0: 0x800063fc (0x004000ef) jal     pc + 0x4
core   0: 3 0x800063fc (0x004000ef) x1  0x80006400
core   0: 0x80006400 (0x032000ef) jal     pc + 0x32
core   0: 3 0x80006400 (0x032000ef) x1  0x80006404
core   0: 0x80006432 (0xff1ff0ef) jal     pc - 0x10
core   0: 3 0x80006432 (0xff1ff0ef) x1  0x80006436
core   0: 0x80006422 (0x0000a009) c.j     pc + 2
core   0: 3 0x80006422 (0xa009)
core   0: 0x80006424 (0xfebff36f) jal     t1, pc - 0x16
core   0: 3 0x80006424 (0xfebff36f) x6  0x80006428
core   0: 0x8000640e (0x00002809) c.jal   pc + 18
core   0: 3 0x8000640e (0x2809) x1  0x80006410
core   0: 0x80006420 (0x0000bffd) c.j     pc - 2
core   0: 3 0x80006420 (0xbffd)
core   0: 0x8000641e (0x0000a039) c.j     pc + 14
core   0: 3 0x8000641e (0xa039)
core   0: 0x8000642c (0x00003ff5) c.jal   pc - 4
core   0: 3 0x8000642c (0x3ff5) x1  0x8000642e
core   0: 0x80006428 (0xff3ff0ef) jal     pc - 0xe
core   0: 3 0x80006428 (0xff3ff0ef) x1  0x8000642c
core   0: 0x8000641a (0x01c00f6f) jal     t5, pc + 0x1c
core   0: 3 0x8000641a (0x01c00f6f) x30 0x8000641e
core   0: 0x80006436 (0xb0bd3113) sltiu   sp, s10, -1269
core   0: 3 0x80006436 (0xb0bd3113) x2  0x00000001
core   0: 0x8000643a (0x032001ef) jal     gp, pc + 0x32
core   0: 3 0x8000643a (0x032001ef) x3  0x8000643e
core   0: 0x8000646c (0x0000b7e5) c.j     pc - 24
core   0: 3 0x8000646c (0xb7e5)
core   0: 0x80006454 (0xff9ff36f) jal     t1, pc - 0x8
core   0: 3 0x80006454 (0xff9ff36f) x6  0x80006458
core   0: 0x8000644c (0x00003fdd) c.jal   pc - 10
core   0: 3 0x8000644c (0x3fdd) x1  0x8000644e
core   0: 0x80006442 (0x0180026f) jal     tp, pc + 0x18
core   0: 3 0x80006442 (0x0180026f) x4  0x80006446
core   0: 0x8000645a (0x00e000ef) jal     pc + 0xe
core   0: 3 0x8000645a (0x00e000ef) x1  0x8000645e
core   0: 0x80006468 (0x000037dd) c.jal   pc - 26
core   0: 3 0x80006468 (0x37dd) x1  0x8000646a
core   0: 0x8000644e (0x0000a809) c.j     pc + 18
core   0: 3 0x8000644e (0xa809)
core   0: 0x80006460 (0x0000bff9) c.j     pc - 34
core   0: 3 0x80006460 (0xbff9)
core   0: 0x8000643e (0x00002809) c.jal   pc + 18
core   0: 3 0x8000643e (0x2809) x1  0x80006440
core   0: 0x80006450 (0x01e000ef) jal     pc + 0x1e
core   0: 3 0x80006450 (0x01e000ef) x1  0x80006454
core   0: 0x8000646e (0x0000bfe9) c.j     pc - 38
core   0: 3 0x8000646e (0xbfe9)
core   0: 0x80006448 (0x0000a801) c.j     pc + 16
core   0: 3 0x80006448 (0xa801)
core   0: 0x80006458 (0x00003fcd) c.jal   pc - 14
core   0: 3 0x80006458 (0x3fcd) x1  0x8000645a
core   0: 0x8000644a (0x00002025) c.jal   pc + 40
core   0: 3 0x8000644a (0x2025) x1  0x8000644c
core   0: 0x80006472 (0x000037f9) c.jal   pc - 50
core   0: 3 0x80006472 (0x37f9) x1  0x80006474
core   0: 0x80006440 (0x0000a839) c.j     pc + 30
core   0: 3 0x80006440 (0xa839)
core   0: 0x8000645e (0x0000a809) c.j     pc + 18
core   0: 3 0x8000645e (0xa809)
core   0: 0x80006470 (0x00003fd5) c.jal   pc - 12
core   0: 3 0x80006470 (0x3fd5) x1  0x80006472
core   0: 0x80006464 (0x010000ef) jal     pc + 0x10
core   0: 3 0x80006464 (0x010000ef) x1  0x80006468
core   0: 0x80006474 (0x00003fdd) c.jal   pc - 10
core   0: 3 0x80006474 (0x3fdd) x1  0x80006476
core   0: 0x8000646a (0x00003ff1) c.jal   pc - 36
core   0: 3 0x8000646a (0x3ff1) x1  0x8000646c
core   0: 0x80006446 (0x0000a831) c.j     pc + 28
core   0: 3 0x80006446 (0xa831)
core   0: 0x80006462 (0x0000a811) c.j     pc + 20
core   0: 3 0x80006462 (0xa811)
core   0: 0x80006476 (0x004000ef) jal     pc + 0x4
core   0: 3 0x80006476 (0x004000ef) x1  0x8000647a
core   0: 0x8000647a (0x2c8fe313) ori     t1, t6, 712
core   0: 3 0x8000647a (0x2c8fe313) x6  0x800062d8
core   0: 0x8000647e (0x01a001ef) jal     gp, pc + 0x1a
core   0: 3 0x8000647e (0x01a001ef) x3  0x80006482
core   0: 0x80006498 (0xffbff0ef) jal     pc - 0x6
core   0: 3 0x80006498 (0xffbff0ef) x1  0x8000649c
core   0: 0x80006492 (0xff9ff0ef) jal     pc - 0x8
core   0: 3 0x80006492 (0xff9ff0ef) x1  0x80006496
core   0: 0x8000648a (0x00002011) c.jal   pc + 4
core   0: 3 0x8000648a (0x2011) x1  0x8000648c
core   0: 0x8000648e (0xff5ff7ef) jal     a5, pc - 0xc
core   0: 3 0x8000648e (0xff5ff7ef) x15 0x80006492
core   0: 0x80006482 (0x0140036f) jal     t1, pc + 0x14
core   0: 3 0x80006482 (0x0140036f) x6  0x80006486
core   0: 0x80006496 (0x00002029) c.jal   pc + 10
core   0: 3 0x80006496 (0x2029) x1  0x80006498
core   0: 0x800064a0 (0xfe7ff36f) jal     t1, pc - 0x1a
core   0: 3 0x800064a0 (0xfe7ff36f) x6  0x800064a4
core   0: 0x80006486 (0x018000ef) jal     pc + 0x18
core   0: 3 0x80006486 (0x018000ef) x1  0x8000648a
core   0: 0x8000649e (0x0000bffd) c.j     pc - 2
core   0: 3 0x8000649e (0xbffd)
core   0: 0x8000649c (0x0000bfc5) c.j     pc - 16
core   0: 3 0x8000649c (0xbfc5)
core   0: 0x8000648c (0x00002821) c.jal   pc + 24
core   0: 3 0x8000648c (0x2821) x1  0x8000648e
core   0: 0x800064a4 (0x000083b1) c.srli  a5, 12
core   0: 3 0x800064a4 (0x83b1) x15 0x00080006
core   0: 0x800064a6 (0x00e001ef) jal     gp, pc + 0xe
core   0: 3 0x800064a6 (0x00e001ef) x3  0x800064aa
core   0: 0x800064b4 (0x008000ef) jal     pc + 0x8
core   0: 3 0x800064b4 (0x008000ef) x1  0x800064b8
core   0: 0x800064bc (0x0000a019) c.j     pc + 6
core   0: 3 0x800064bc (0xa019)
core   0: 0x800064c2 (0xfffff0ef) jal     pc - 0x2
core   0: 3 0x800064c2 (0xfffff0ef) x1  0x800064c6
core   0: 0x800064c0 (0x0000b7f5) c.j     pc - 20
core   0: 3 0x800064c0 (0xb7f5)
core   0: 0x800064ac (0x0000a829) c.j     pc + 26
core   0: 3 0x800064ac (0xa829)
core   0: 0x800064c6 (0xfe5ff0ef) jal     pc - 0x1c
core   0: 3 0x800064c6 (0xfe5ff0ef) x1  0x800064ca
core   0: 0x800064aa (0x00002811) c.jal   pc + 20
core   0: 3 0x800064aa (0x2811) x1  0x800064ac
core   0: 0x800064be (0x0000bfed) c.j     pc - 6
core   0: 3 0x800064be (0xbfed)
core   0: 0x800064b8 (0xff9ff0ef) jal     pc - 0x8
core   0: 3 0x800064b8 (0xff9ff0ef) x1  0x800064bc
core   0: 0x800064b0 (0x00002009) c.jal   pc + 2
core   0: 3 0x800064b0 (0x2009) x1  0x800064b2
core   0: 0x800064b2 (0x0000bff5) c.j     pc - 4
core   0: 3 0x800064b2 (0xbff5)
core   0: 0x800064ae (0x00002831) c.jal   pc + 28
core   0: 3 0x800064ae (0x2831) x1  0x800064b0
core   0: 0x800064ca (0x00009a1a) c.add   s4, t1
core   0: 3 0x800064ca (0x9a1a) x20 0x0000c858
core   0: 0x800064cc (0x032001ef) jal     gp, pc + 0x32
core   0: 3 0x800064cc (0x032001ef) x3  0x800064d0
core   0: 0x800064fe (0x008000ef) jal     pc + 0x8
core   0: 3 0x800064fe (0x008000ef) x1  0x80006502
core   0: 0x80006506 (0xfd5ff0ef) jal     pc - 0x2c
core   0: 3 0x80006506 (0xfd5ff0ef) x1  0x8000650a
core   0: 0x800064da (0x00003fdd) c.jal   pc - 10
core   0: 3 0x800064da (0x3fdd) x1  0x800064dc
core   0: 0x800064d0 (0x018002ef) jal     t0, pc + 0x18
core   0: 3 0x800064d0 (0x018002ef) x5  0x800064d4
core   0: 0x800064e8 (0x010000ef) jal     pc + 0x10
core   0: 3 0x800064e8 (0x010000ef) x1  0x800064ec
core   0: 0x800064f8 (0xffdff0ef) jal     pc - 0x4
core   0: 3 0x800064f8 (0xffdff0ef) x1  0x800064fc
core   0: 0x800064f4 (0x00e000ef) jal     pc + 0xe
core   0: 3 0x800064f4 (0x00e000ef) x1  0x800064f8
core   0: 0x80006502 (0xfe3ffd6f) jal     s10, pc - 0x1e
core   0: 3 0x80006502 (0xfe3ffd6f) x26 0x80006506
core   0: 0x800064e4 (0x00003ffd) c.jal   pc - 2
core   0: 3 0x800064e4 (0x3ffd) x1  0x800064e6
core   0: 0x800064e2 (0x0000a829) c.j     pc + 26
core   0: 3 0x800064e2 (0xa829)
core   0: 0x800064fc (0x000037cd) c.jal   pc - 30
core   0: 3 0x800064fc (0x37cd) x1  0x800064fe
core   0: 0x800064de (0x012000ef) jal     pc + 0x12
core   0: 3 0x800064de (0x012000ef) x1  0x800064e2
core   0: 0x800064f0 (0xfe5ff56f) jal     a0, pc - 0x1c
core   0: 3 0x800064f0 (0xfe5ff56f) x10 0x800064f4
core   0: 0x800064d4 (0x00002021) c.jal   pc + 8
core   0: 3 0x800064d4 (0x2021) x1  0x800064d6
core   0: 0x800064dc (0x00003fed) c.jal   pc - 6
core   0: 3 0x800064dc (0x3fed) x1  0x800064de
core   0: 0x800064d6 (0x0160056f) jal     a0, pc + 0x16
core   0: 3 0x800064d6 (0x0160056f) x10 0x800064da
core   0: 0x800064ec (0xffbff1ef) jal     gp, pc - 0x6
core   0: 3 0x800064ec (0xffbff1ef) x3  0x800064f0
core   0: 0x800064e6 (0x0000a015) c.j     pc + 36
core   0: 3 0x800064e6 (0xa015)
core   0: 0x8000650a (0x3ddf9eb7) lui     t4, 0x3ddf9
core   0: 3 0x8000650a (0x3ddf9eb7) x29 0x3ddf9000
core   0: 0x8000650e (0x010001ef) jal     gp, pc + 0x10
core   0: 3 0x8000650e (0x010001ef) x3  0x80006512
core   0: 0x8000651e (0xffdff0ef) jal     pc - 0x4
core   0: 3 0x8000651e (0xffdff0ef) x1  0x80006522
core   0: 0x8000651a (0x0000a801) c.j     pc + 16
core   0: 3 0x8000651a (0xa801)
core   0: 0x8000652a (0xff3ff0ef) jal     pc - 0xe
core   0: 3 0x8000652a (0xff3ff0ef) x1  0x8000652e
core   0: 0x8000651c (0x0000a809) c.j     pc + 18
core   0: 3 0x8000651c (0xa809)
core   0: 0x8000652e (0x0000bfed) c.j     pc - 6
core   0: 3 0x8000652e (0xbfed)
core   0: 0x80006528 (0x0000bffd) c.j     pc - 2
core   0: 3 0x80006528 (0xbffd)
core   0: 0x80006526 (0x00002831) c.jal   pc + 28
core   0: 3 0x80006526 (0x2831) x1  0x80006528
core   0: 0x80006542 (0xff3ffa6f) jal     s4, pc - 0xe
core   0: 3 0x80006542 (0xff3ffa6f) x20 0x80006546
core   0: 0x80006534 (0x000037d5) c.jal   pc - 28
core   0: 3 0x80006534 (0x37d5) x1  0x80006536
core   0: 0x80006518 (0x00002029) c.jal   pc + 10
core   0: 3 0x80006518 (0x2029) x1  0x8000651a
core   0: 0x80006522 (0x024000ef) jal     pc + 0x24
core   0: 3 0x80006522 (0x024000ef) x1  0x80006526
core   0: 0x80006546 (0x0000bfc5) c.j     pc - 16
core   0: 3 0x80006546 (0xbfc5)
core   0: 0x80006536 (0x00002019) c.jal   pc + 6
core   0: 3 0x80006536 (0x2019) x1  0x80006538
core   0: 0x8000653c (0x00003fd5) c.jal   pc - 12
core   0: 3 0x8000653c (0x3fd5) x1  0x8000653e
core   0: 0x80006530 (0xfe5ff0ef) jal     pc - 0x1c
core   0: 3 0x80006530 (0xfe5ff0ef) x1  0x80006534
core   0: 0x80006514 (0xfffff0ef) jal     pc - 0x2
core   0: 3 0x80006514 (0xfffff0ef) x1  0x80006518
core   0: 0x80006512 (0x0000201d) c.jal   pc + 38
core   0: 3 0x80006512 (0x201d) x1  0x80006514
core   0: 0x80006538 (0x010000ef) jal     pc + 0x10
core   0: 3 0x80006538 (0x010000ef) x1  0x8000653c
core   0: 0x80006548 (0x0000bfe5) c.j     pc - 8
core   0: 3 0x80006548 (0xbfe5)
core   0: 0x80006540 (0x00003ffd) c.jal   pc - 2
core   0: 3 0x80006540 (0x3ffd) x1  0x80006542
core   0: 0x8000653e (0x0000a031) c.j     pc + 12
core   0: 3 0x8000653e (0xa031)
core   0: 0x8000654a (0x00400fef) jal     t6, pc + 0x4
core   0: 3 0x8000654a (0x00400fef) x31 0x8000654e
core   0: 0x8000654e (0x0309fc33) remu    s8, s3, a6
core   0: 3 0x8000654e (0x0309fc33) x24 0x0000b000
core   0: 0x80006552 (0x030001ef) jal     gp, pc + 0x30
core   0: 3 0x80006552 (0x030001ef) x3  0x80006556
core   0: 0x80006582 (0x0000bfd9) c.j     pc - 42
core   0: 3 0x80006582 (0xbfd9)
core   0: 0x80006558 (0x03c000ef) jal     pc + 0x3c
core   0: 3 0x80006558 (0x03c000ef) x1  0x8000655c
core   0: 0x80006594 (0xfc3ff36f) jal     t1, pc - 0x3e
core   0: 3 0x80006594 (0xfc3ff36f) x6  0x80006598
core   0: 0x80006556 (0x0000a015) c.j     pc + 36
core   0: 3 0x80006556 (0xa015)
core   0: 0x8000657a (0x000037ed) c.jal   pc - 22
core   0: 3 0x8000657a (0x37ed) x1  0x8000657c
core   0: 0x80006564 (0x00e000ef) jal     pc + 0xe
core   0: 3 0x80006564 (0x00e000ef) x1  0x80006568
core   0: 0x80006572 (0x00e008ef) jal     a7, pc + 0xe
core   0: 3 0x80006572 (0x00e008ef) x17 0x80006576
core   0: 0x80006580 (0x00002821) c.jal   pc + 24
core   0: 3 0x80006580 (0x2821) x1  0x80006582
core   0: 0x80006598 (0x000037f5) c.jal   pc - 20
core   0: 3 0x80006598 (0x37f5) x1  0x8000659a
core   0: 0x80006584 (0x0000a009) c.j     pc + 2
core   0: 3 0x80006584 (0xa009)
core   0: 0x80006586 (0x0000a019) c.j     pc + 6
core   0: 3 0x80006586 (0xa019)
core   0: 0x8000658c (0x0000b7d5) c.j     pc - 28
core   0: 3 0x8000658c (0xb7d5)
core   0: 0x80006570 (0x00002005) c.jal   pc + 32
core   0: 3 0x80006570 (0x2005) x1  0x80006572
core   0: 0x80006590 (0xfe7ff36f) jal     t1, pc - 0x1a
core   0: 3 0x80006590 (0xfe7ff36f) x6  0x80006594
core   0: 0x80006576 (0xff7ff1ef) jal     gp, pc - 0xa
core   0: 3 0x80006576 (0xff7ff1ef) x3  0x8000657a
core   0: 0x8000656c (0x0000a831) c.j     pc + 28
core   0: 3 0x8000656c (0xa831)
core   0: 0x80006588 (0xff5ff56f) jal     a0, pc - 0xc
core   0: 3 0x80006588 (0xff5ff56f) x10 0x8000658c
core   0: 0x8000657c (0xfe7ff0ef) jal     pc - 0x1a
core   0: 3 0x8000657c (0xfe7ff0ef) x1  0x80006580
core   0: 0x80006562 (0x00003ff5) c.jal   pc - 4
core   0: 3 0x80006562 (0x3ff5) x1  0x80006564
core   0: 0x8000655e (0x010001ef) jal     gp, pc + 0x10
core   0: 3 0x8000655e (0x010001ef) x3  0x80006562
core   0: 0x8000656e (0x00003fed) c.jal   pc - 6
core   0: 3 0x8000656e (0x3fed) x1  0x80006570
core   0: 0x80006568 (0x0000bfd5) c.j     pc - 12
core   0: 3 0x80006568 (0xbfd5)
core   0: 0x8000655c (0x00002039) c.jal   pc + 14
core   0: 3 0x8000655c (0x2039) x1  0x8000655e
core   0: 0x8000656a (0x0000a015) c.j     pc + 36
core   0: 3 0x8000656a (0xa015)
core   0: 0x8000658e (0x0000a031) c.j     pc + 12
core   0: 3 0x8000658e (0xa031)
core   0: 0x8000659a (0x01bc5793) srli    a5, s8, 27
core   0: 3 0x8000659a (0x01bc5793) x15 0x00000000
core   0: 0x8000659e (0x016001ef) jal     gp, pc + 0x16
core   0: 3 0x8000659e (0x016001ef) x3  0x800065a2
core   0: 0x800065b4 (0x00002039) c.jal   pc + 14
core   0: 3 0x800065b4 (0x2039) x1  0x800065b6
core   0: 0x800065c2 (0x0000a009) c.j     pc + 2
core   0: 3 0x800065c2 (0xa009)
core   0: 0x800065c4 (0x0000bff9) c.j     pc - 34
core   0: 3 0x800065c4 (0xbff9)
core   0: 0x800065a2 (0x00002029) c.jal   pc + 10
core   0: 3 0x800065a2 (0x2029) x1  0x800065a4
core   0: 0x800065ac (0xfffff3ef) jal     t2, pc - 0x2
core   0: 3 0x800065ac (0xfffff3ef) x7  0x800065b0
core   0: 0x800065aa (0x00003ff5) c.jal   pc - 4
core   0: 3 0x800065aa (0x3ff5) x1  0x800065ac
core   0: 0x800065a6 (0x00003ffd) c.jal   pc - 2
core   0: 3 0x800065a6 (0x3ffd) x1  0x800065a8
core   0: 0x800065a4 (0x00002031) c.jal   pc + 12
core   0: 3 0x800065a4 (0x2031) x1  0x800065a6
core   0: 0x800065b0 (0x0000a031) c.j     pc + 12
core   0: 3 0x800065b0 (0xa031)
core   0: 0x800065bc (0x0000bffd) c.j     pc - 2
core   0: 3 0x800065bc (0xbffd)
core   0: 0x800065ba (0x00002031) c.jal   pc + 12
core   0: 3 0x800065ba (0x2031) x1  0x800065bc
core   0: 0x800065c6 (0x0000b7f5) c.j     pc - 20
core   0: 3 0x800065c6 (0xb7f5)
core   0: 0x800065b2 (0x0000a011) c.j     pc + 4
core   0: 3 0x800065b2 (0xa011)
core   0: 0x800065b6 (0x008005ef) jal     a1, pc + 0x8
core   0: 3 0x800065b6 (0x008005ef) x11 0x800065ba
core   0: 0x800065be (0xfebff26f) jal     tp, pc - 0x16
core   0: 3 0x800065be (0xfebff26f) x4  0x800065c2
core   0: 0x800065a8 (0x00002005) c.jal   pc + 32
core   0: 3 0x800065a8 (0x2005) x1  0x800065aa
core   0: 0x800065c8 (0x41c18133) sub     sp, gp, t3
core   0: 3 0x800065c8 (0x41c18133) x2  0xfffe67ee
core   0: 0x800065cc (0x04c001ef) jal     gp, pc + 0x4c
core   0: 3 0x800065cc (0x04c001ef) x3  0x800065d0
core   0: 0x80006618 (0x0000b7d9) c.j     pc - 58
core   0: 3 0x80006618 (0xb7d9)
core   0: 0x800065de (0x024000ef) jal     pc + 0x24
core   0: 3 0x800065de (0x024000ef) x1  0x800065e2
core   0: 0x80006602 (0x00003ffd) c.jal   pc - 2
core   0: 3 0x80006602 (0x3ffd) x1  0x80006604
core   0: 0x80006600 (0x00002011) c.jal   pc + 4
core   0: 3 0x80006600 (0x2011) x1  0x80006602
core   0: 0x80006604 (0x000037c5) c.jal   pc - 32
core   0: 3 0x80006604 (0x37c5) x1  0x80006606
core   0: 0x800065e4 (0x022000ef) jal     pc + 0x22
core   0: 3 0x800065e4 (0x022000ef) x1  0x800065e8
core   0: 0x80006606 (0x000037fd) c.jal   pc - 18
core   0: 3 0x80006606 (0x37fd) x1  0x80006608
core   0: 0x800065f4 (0xfddff5ef) jal     a1, pc - 0x24
core   0: 3 0x800065f4 (0xfddff5ef) x11 0x800065f8
core   0: 0x800065d0 (0x006000ef) jal     pc + 0x6
core   0: 3 0x800065d0 (0x006000ef) x1  0x800065d4
core   0: 0x800065d6 (0x032000ef) jal     pc + 0x32
core   0: 3 0x800065d6 (0x032000ef) x1  0x800065da
core   0: 0x80006608 (0xff7ff0ef) jal     pc - 0xa
core   0: 3 0x80006608 (0xff7ff0ef) x1  0x8000660c
core   0: 0x800065fe (0x00003fcd) c.jal   pc - 14
core   0: 3 0x800065fe (0x3fcd) x1  0x80006600
core   0: 0x800065f0 (0x00003ff5) c.jal   pc - 4
core   0: 3 0x800065f0 (0x3ff5) x1  0x800065f2
core   0: 0x800065ec (0x0000a005) c.j     pc + 32
core   0: 3 0x800065ec (0xa005)
core   0: 0x8000660c (0x00002019) c.jal   pc + 6
core   0: 3 0x8000660c (0x2019) x1  0x8000660e
core   0: 0x80006612 (0xfcbff9ef) jal     s3, pc - 0x36
core   0: 3 0x80006612 (0xfcbff9ef) x19 0x80006616
core   0: 0x800065dc (0x0000a839) c.j     pc + 30
core   0: 3 0x800065dc (0xa839)
core   0: 0x800065fa (0xfefff4ef) jal     s1, pc - 0x12
core   0: 3 0x800065fa (0xfefff4ef) x9  0x800065fe
core   0: 0x800065e8 (0x010000ef) jal     pc + 0x10
core   0: 3 0x800065e8 (0x010000ef) x1  0x800065ec
core   0: 0x800065f8 (0x0000bfdd) c.j     pc - 10
core   0: 3 0x800065f8 (0xbfdd)
core   0: 0x800065ee (0x00003fd5) c.jal   pc - 12
core   0: 3 0x800065ee (0x3fd5) x1  0x800065f0
core   0: 0x800065e2 (0x0000203d) c.jal   pc + 46
core   0: 3 0x800065e2 (0x203d) x1  0x800065e4
core   0: 0x80006610 (0x0000b7d1) c.j     pc - 60
core   0: 3 0x80006610 (0xb7d1)
core   0: 0x800065d4 (0x0000a839) c.j     pc + 30
core   0: 3 0x800065d4 (0xa839)
core   0: 0x800065f2 (0x000037e5) c.jal   pc - 24
core   0: 3 0x800065f2 (0x37e5) x1  0x800065f4
core   0: 0x800065da (0x00002835) c.jal   pc + 60
core   0: 3 0x800065da (0x2835) x1  0x800065dc
core   0: 0x80006616 (0x00003fe5) c.jal   pc - 8
core   0: 3 0x80006616 (0x3fe5) x1  0x80006618
core   0: 0x8000660e (0x0000a031) c.j     pc + 12
core   0: 3 0x8000660e (0xa031)
core   0: 0x8000661a (0x3400e9f3) csrrsi  s3, mscratch, 1
core   0: 3 0x8000661a (0x3400e9f3) x19 0x00000000 c832_mscratch 0x00000001
core   0: 0x8000661e (0x03a001ef) jal     gp, pc + 0x3a
core   0: 3 0x8000661e (0x03a001ef) x3  0x80006622
core   0: 0x80006658 (0x0000b7f9) c.j     pc - 50
core   0: 3 0x80006658 (0xb7f9)
core   0: 0x80006626 (0x00002009) c.jal   pc + 2
core   0: 3 0x80006626 (0x2009) x1  0x80006628
core   0: 0x80006628 (0x0000202d) c.jal   pc + 42
core   0: 3 0x80006628 (0x202d) x1  0x8000662a
core   0: 0x80006652 (0xfe3ff36f) jal     t1, pc - 0x1e
core   0: 3 0x80006652 (0xfe3ff36f) x6  0x80006656
core   0: 0x80006634 (0xff7ffdef) jal     s11, pc - 0xa
core   0: 3 0x80006634 (0xff7ffdef) x27 0x80006638
core   0: 0x8000662a (0x0000a809) c.j     pc + 18
core   0: 3 0x8000662a (0xa809)
core   0: 0x8000663c (0x00003ff5) c.jal   pc - 4
core   0: 3 0x8000663c (0x3ff5) x1  0x8000663e
core   0: 0x80006638 (0xfebff0ef) jal     pc - 0x16
core   0: 3 0x80006638 (0xfebff0ef) x1  0x8000663c
core   0: 0x80006622 (0x026000ef) jal     pc + 0x26
core   0: 3 0x80006622 (0x026000ef) x1  0x80006626
core   0: 0x80006648 (0x00e0036f) jal     t1, pc + 0xe
core   0: 3 0x80006648 (0x00e0036f) x6  0x8000664c
core   0: 0x80006656 (0x0000b7ed) c.j     pc - 22
core   0: 3 0x80006656 (0xb7ed)
core   0: 0x80006640 (0x00c000ef) jal     pc + 0xc
core   0: 3 0x80006640 (0x00c000ef) x1  0x80006644
core   0: 0x8000664c (0xff3ffbef) jal     s7, pc - 0xe
core   0: 3 0x8000664c (0xff3ffbef) x23 0x80006650
core   0: 0x8000663e (0x00002809) c.jal   pc + 18
core   0: 3 0x8000663e (0x2809) x1  0x80006640
core   0: 0x80006650 (0x00003fd5) c.jal   pc - 12
core   0: 3 0x80006650 (0x3fd5) x1  0x80006652
core   0: 0x80006644 (0xfe9ff5ef) jal     a1, pc - 0x18
core   0: 3 0x80006644 (0xfe9ff5ef) x11 0x80006648
core   0: 0x8000662c (0x004001ef) jal     gp, pc + 0x4
core   0: 3 0x8000662c (0x004001ef) x3  0x80006630
core   0: 0x80006630 (0x02a000ef) jal     pc + 0x2a
core   0: 3 0x80006630 (0x02a000ef) x1  0x80006634
core   0: 0x8000665a (0x02b3db33) divu    s6, t2, a1
core   0: 3 0x8000665a (0x02b3db33) x22 0x00000000
core   0: 0x8000665e (0x00c001ef) jal     gp, pc + 0xc
core   0: 3 0x8000665e (0x00c001ef) x3  0x80006662
core   0: 0x8000666a (0x00c0036f) jal     t1, pc + 0xc
core   0: 3 0x8000666a (0x00c0036f) x6  0x8000666e
core   0: 0x80006676 (0x00002029) c.jal   pc + 10
core   0: 3 0x80006676 (0x2029) x1  0x80006678
core   0: 0x80006680 (0x000037dd) c.jal   pc - 26
core   0: 3 0x80006680 (0x37dd) x1  0x80006682
core   0: 0x80006666 (0x01c000ef) jal     pc + 0x1c
core   0: 3 0x80006666 (0x01c000ef) x1  0x8000666a
core   0: 0x80006682 (0xfedff36f) jal     t1, pc - 0x14
core   0: 3 0x80006682 (0xfedff36f) x6  0x80006686
core   0: 0x8000666e (0x01000aef) jal     s5, pc + 0x10
core   0: 3 0x8000666e (0x01000aef) x21 0x80006672
core   0: 0x8000667e (0x0000b7dd) c.j     pc - 26
core   0: 3 0x8000667e (0xb7dd)
core   0: 0x80006664 (0x0000a819) c.j     pc + 22
core   0: 3 0x80006664 (0xa819)
core   0: 0x8000667a (0xfffff0ef) jal     pc - 0x2
core   0: 3 0x8000667a (0xfffff0ef) x1  0x8000667e
core   0: 0x80006678 (0x00003fed) c.jal   pc - 6
core   0: 3 0x80006678 (0x3fed) x1  0x8000667a
core   0: 0x80006672 (0xff1ffcef) jal     s9, pc - 0x10
core   0: 3 0x80006672 (0xff1ffcef) x25 0x80006676
core   0: 0x80006662 (0x0000a015) c.j     pc + 36
core   0: 3 0x80006662 (0xa015)
core   0: 0x80006686 (0x0000717d) c.addi16sp sp, -16
core   0: 3 0x80006686 (0x717d) x2  0xfffe67de
core   0: 0x80006688 (0x008001ef) jal     gp, pc + 0x8
core   0: 3 0x80006688 (0x008001ef) x3  0x8000668c
core   0: 0x80006690 (0x0000a801) c.j     pc + 16
core   0: 3 0x80006690 (0xa801)
core   0: 0x800066a0 (0x0000bfed) c.j     pc - 6
core   0: 3 0x800066a0 (0xbfed)
core   0: 0x8000669a (0x00e00cef) jal     s9, pc + 0xe
core   0: 3 0x8000669a (0x00e00cef) x25 0x8000669e
core   0: 0x800066a8 (0x00003ff5) c.jal   pc - 4
core   0: 3 0x800066a8 (0x3ff5) x1  0x800066aa
core   0: 0x800066a4 (0x00003fed) c.jal   pc - 6
core   0: 3 0x800066a4 (0x3fed) x1  0x800066a6
core   0: 0x8000669e (0x00002011) c.jal   pc + 4
core   0: 3 0x8000669e (0x2011) x1  0x800066a0
core   0: 0x800066a2 (0x00003fd5) c.jal   pc - 12
core   0: 3 0x800066a2 (0x3fd5) x1  0x800066a4
core   0: 0x80006696 (0xff9ffa6f) jal     s4, pc - 0x8
core   0: 3 0x80006696 (0xff9ffa6f) x20 0x8000669a
core   0: 0x8000668e (0x0000bffd) c.j     pc - 2
core   0: 3 0x8000668e (0xbffd)
core   0: 0x8000668c (0x0000a839) c.j     pc + 30
core   0: 3 0x8000668c (0xa839)
core   0: 0x800066aa (0x00002009) c.jal   pc + 2
core   0: 3 0x800066aa (0x2009) x1  0x800066ac
core   0: 0x800066ac (0x00002009) c.jal   pc + 2
core   0: 3 0x800066ac (0x2009) x1  0x800066ae
core   0: 0x800066ae (0x00003fe5) c.jal   pc - 8
core   0: 3 0x800066ae (0x3fe5) x1  0x800066b0
core   0: 0x800066a6 (0x000037f5) c.jal   pc - 20
core   0: 3 0x800066a6 (0x37f5) x1  0x800066a8
core   0: 0x80006692 (0x01e0036f) jal     t1, pc + 0x1e
core   0: 3 0x80006692 (0x01e0036f) x6  0x80006696
core   0: 0x800066b0 (0x0000100f) fence.i
core   0: 3 0x800066b0 (0x0000100f)
core   0: 0x800066b4 (0x024001ef) jal     gp, pc + 0x24
core   0: 3 0x800066b4 (0x024001ef) x3  0x800066b8
core   0: 0x800066d8 (0xfffff0ef) jal     pc - 0x2
core   0: 3 0x800066d8 (0xfffff0ef) x1  0x800066dc
core   0: 0x800066d6 (0x00003fcd) c.jal   pc - 14
core   0: 3 0x800066d6 (0x3fcd) x1  0x800066d8
core   0: 0x800066c8 (0x0000a019) c.j     pc + 6
core   0: 3 0x800066c8 (0xa019)
core   0: 0x800066ce (0xff7ff36f) jal     t1, pc - 0xa
core   0: 3 0x800066ce (0xff7ff36f) x6  0x800066d2
core   0: 0x800066c4 (0x00003fd5) c.jal   pc - 12
core   0: 3 0x800066c4 (0x3fd5) x1  0x800066c6
core   0: 0x800066b8 (0x008000ef) jal     pc + 0x8
core   0: 3 0x800066b8 (0x008000ef) x1  0x800066bc
core   0: 0x800066c0 (0x0000bff5) c.j     pc - 4
core   0: 3 0x800066c0 (0xbff5)
core   0: 0x800066bc (0x016000ef) jal     pc + 0x16
core   0: 3 0x800066bc (0x016000ef) x1  0x800066c0
core   0: 0x800066d2 (0xff9ff0ef) jal     pc - 0x8
core   0: 3 0x800066d2 (0xff9ff0ef) x1  0x800066d6
core   0: 0x800066ca (0xffdff0ef) jal     pc - 0x4
core   0: 3 0x800066ca (0xffdff0ef) x1  0x800066ce
core   0: 0x800066c6 (0x0000bff5) c.j     pc - 4
core   0: 3 0x800066c6 (0xbff5)
core   0: 0x800066c2 (0x0000a829) c.j     pc + 26
core   0: 3 0x800066c2 (0xa829)
core   0: 0x800066dc (0x02f8af33) mulhsu  t5, a7, a5
core   0: 3 0x800066dc (0x02f8af33) x30 0x00000000
core   0: 0x800066e0 (0x00631b93) slli    s7, t1, 6
core   0: 3 0x800066e0 (0x00631b93) x23 0x0019b480
core   0: 0x800066e4 (0x340076f3) csrrci  a3, mscratch, 0
core   0: 3 0x800066e4 (0x340076f3) x13 0x00000001
core   0: 0x800066e8 (0x4107dc13) srai    s8, a5, 16
core   0: 3 0x800066e8 (0x4107dc13) x24 0x00000000
core   0: 0x800066ec (0x000098fd) c.andi  s1, -1
core   0: 3 0x800066ec (0x98fd) x9  0x800065fe
core   0: 0x800066ee (0x02463a33) mulhu   s4, a2, tp
core   0: 3 0x800066ee (0x02463a33) x20 0x40015153
core   0: 0x800066f2 (0x41c55793) srai    a5, a0, 28
core   0: 3 0x800066f2 (0x41c55793) x15 0xfffffff8
core   0: 0x800066f6 (0x00e35793) srli    a5, t1, 14
core   0: 3 0x800066f6 (0x00e35793) x15 0x00020001
core   0: 0x800066fa (0x01d3a333) slt     t1, t2, t4
core   0: 3 0x800066fa (0x01d3a333) x6  0x00000001
core   0: 0x800066fe (0x59cc0693) addi    a3, s8, 1436
core   0: 3 0x800066fe (0x59cc0693) x13 0x0000059c
core   0: 0x80006702 (0x0140c233) xor     tp, ra, s4
core   0: 3 0x80006702 (0x0140c233) x4  0xc001379d
core   0: 0x80006706 (0x01488963) beq     a7, s4, pc + 18
core   0: 3 0x80006706 (0x01488963)
core   0: 0x8000670a (0x3403a6f3) csrrs   a3, mscratch, t2
core   0: 3 0x8000670a (0x3403a6f3) x13 0x00000001 c832_mscratch 0x800065b1
core   0: 0x8000670e (0x340be2f3) csrrsi  t0, mscratch, 23
core   0: 3 0x8000670e (0x340be2f3) x5  0x800065b1 c832_mscratch 0x800065b7
core   0: 0x80006712 (0x34007bf3) csrrci  s7, mscratch, 0
core   0: 3 0x80006712 (0x34007bf3) x23 0x800065b7
core   0: 0x80006716 (0x000080fd) c.srli  s1, 31
core   0: 3 0x80006716 (0x80fd) x9  0x00000001
core   0: 0x80006718 (0x00395ab3) srl     s5, s2, gp
core   0: 3 0x80006718 (0x00395ab3) x21 0x00000000
core   0: 0x8000671c (0x414d5233) sra     tp, s10, s4
core   0: 3 0x8000671c (0x414d5233) x4  0xfffff000
core   0: 0x80006720 (0xdcccb593) sltiu   a1, s9, -564
core   0: 3 0x80006720 (0xdcccb593) x11 0x00000001
core   0: 0x80006724 (0x00f0ff33) and     t5, ra, a5
core   0: 3 0x80006724 (0x00f0ff33) x30 0x00000000
core   0: 0x80006728 (0xb8e5e593) ori     a1, a1, -1138
core   0: 3 0x80006728 (0xb8e5e593) x11 0xfffffb8f
core   0: 0x8000672c (0xc04a6f93) ori     t6, s4, -1020
core   0: 3 0x8000672c (0xc04a6f93) x31 0xfffffd57
core   0: 0x80006730 (0x01d56463) bltu    a0, t4, pc + 8
core   0: 3 0x80006730 (0x01d56463)
core   0: 0x80006734 (0x03ff7b33) remu    s6, t5, t6
core   0: 3 0x80006734 (0x03ff7b33) x22 0x00000000
core   0: 0x80006738 (0xccf74f93) xori    t6, a4, -817
core   0: 3 0x80006738 (0xccf74f93) x31 0x7fff98b3
core   0: 0x8000673c (0x40ba5313) srai    t1, s4, 11
core   0: 3 0x8000673c (0x40ba5313) x6  0x0008002a
core   0: 0x80006740 (0x00009d16) c.add   s10, t0
core   0: 3 0x80006740 (0x9d16) x26 0x0000cab7
core   0: 0x80006742 (0x0000009e) c.slli  ra, 7
core   0: 3 0x80006742 (0x009e) x1  0x00336700
core   0: 0x80006744 (0x404a5333) sra     t1, s4, tp
core   0: 3 0x80006744 (0x404a5333) x6  0x40015153
core   0: 0x80006748 (0x025afe63) bgeu    s5, t0, pc + 60
core   0: 3 0x80006748 (0x025afe63)
core   0: 0x8000674c (0x0000e289) c.bnez  a3, pc + 2
core   0: 3 0x8000674c (0xe289)
core   0: 0x8000674e (0x9d6ce593) ori     a1, s9, -1578
core   0: 3 0x8000674e (0x9d6ce593) x11 0xffffffde
core   0: 0x80006752 (0x03bd1833) mulh    a6, s10, s11
core   0: 3 0x80006752 (0x03bd1833) x16 0xffff9aa4
core   0: 0x80006756 (0x00000f29) c.addi  t5, 10
core   0: 3 0x80006756 (0x0f29) x30 0x0000000a
core   0: 0x80006758 (0x340a6873) csrrsi  a6, mscratch, 20
core   0: 3 0x80006758 (0x340a6873) x16 0x800065b7 c832_mscratch 0x800065b7
core   0: 0x8000675c (0x00575363) bge     a4, t0, pc + 6
core   0: 3 0x8000675c (0x00575363)
core   0: 0x80006760 (0x0000031e) c.slli  t1, 7
core   0: 3 0x80006760 (0x031e) x6  0x00a8a980
core   0: 0x80006762 (0x403bd913) srai    s2, s7, 3
core   0: 3 0x80006762 (0x403bd913) x18 0xf0000cb6
core   0: 0x80006766 (0x0000c999) c.beqz  a1, pc + 22
core   0: 3 0x80006766 (0xc999)
core   0: 0x80006768 (0x00008dcd) c.or    a1, a1
core   0: 3 0x80006768 (0x8dcd) x11 0xffffffde
core   0: 0x8000676a (0x03085563) bge     a6, a6, pc + 42
core   0: 3 0x8000676a (0x03085563)
core   0: 0x80006794 (0x00008f15) c.sub   a4, a3
core   0: 3 0x80006794 (0x8f15) x14 0x8000647b
core   0: 0x80006796 (0x00008142) c.mv    sp, a6
core   0: 3 0x80006796 (0x8142) x2  0x800065b7
core   0: 0x80006798 (0x401a5593) srai    a1, s4, 1
core   0: 3 0x80006798 (0x401a5593) x11 0x2000a8a9
core   0: 0x8000679c (0x012e0cb3) add     s9, t3, s2
core   0: 3 0x8000679c (0x012e0cb3) x25 0x70020a6a
core   0: 0x800067a0 (0x0fb06d93) ori     s11, zero, 251
core   0: 3 0x800067a0 (0x0fb06d93) x27 0x000000fb
core   0: 0x800067a4 (0x032adf33) divu    t5, s5, s2
core   0: 3 0x800067a4 (0x032adf33) x30 0x00000000
core   0: 0x800067a8 (0x0000ed11) c.bnez  a0, pc + 28
core   0: 3 0x800067a8 (0xed11)
core   0: 0x800067c4 (0x006d9c13) slli    s8, s11, 6
core   0: 3 0x800067c4 (0x006d9c13) x24 0x00003ec0
core   0: 0x800067c8 (0x0000100f) fence.i
core   0: 3 0x800067c8 (0x0000100f)
core   0: 0x800067cc (0x000016fd) c.addi  a3, -1
core   0: 3 0x800067cc (0x16fd) x13 0x00000000
core   0: 0x800067ce (0x00000001) c.nop
core   0: 3 0x800067ce (0x0001)
core   0: 0x800067d0 (0x000080c5) c.srli  s1, 17
core   0: 3 0x800067d0 (0x80c5) x9  0x00000000
core   0: 0x800067d2 (0x00321f93) slli    t6, tp, 3
core   0: 3 0x800067d2 (0x00321f93) x31 0xffff8000
core   0: 0x800067d6 (0x03ec0db3) mul     s11, s8, t5
core   0: 3 0x800067d6 (0x03ec0db3) x27 0x00000000
core   0: 0x800067da (0x03b1d833) divu    a6, gp, s11
core   0: 3 0x800067da (0x03b1d833) x16 0xffffffff
core   0: 0x800067de (0x34003273) csrrc   tp, mscratch, zero
core   0: 3 0x800067de (0x34003273) x4  0x800065b7
core   0: 0x800067e2 (0x00b417b3) sll     a5, s0, a1
core   0: 3 0x800067e2 (0x00b417b3) x15 0x00000000
core   0: 0x800067e6 (0x0000e50d) c.bnez  a0, pc + 42
core   0: 3 0x800067e6 (0xe50d)
core   0: 0x80006810 (0x02322333) mulhsu  t1, tp, gp
core   0: 3 0x80006810 (0x02322333) x6  0xbfffff7f
core   0: 0x80006814 (0x01b374b3) and     s1, t1, s11
core   0: 3 0x80006814 (0x01b374b3) x9  0x00000000
core   0: 0x80006818 (0x03dfcfb3) div     t6, t6, t4
core   0: 3 0x80006818 (0x03dfcfb3) x31 0x00000000
core   0: 0x8000681c (0x10002813) slti    a6, zero, 256
core   0: 3 0x8000681c (0x10002813) x16 0x00000001
core   0: 0x80006820 (0x414880b3) sub     ra, a7, s4
core   0: 3 0x80006820 (0x414880b3) x1  0x3fff1423
core   0: 0x80006824 (0x00009b7d) c.andi  a4, -1
core   0: 3 0x80006824 (0x9b7d) x14 0x8000647b
core   0: 0x80006826 (0x00000001) c.nop
core   0: 3 0x80006826 (0x0001)
core   0: 0x80006828 (0x19628513) addi    a0, t0, 406
core   0: 3 0x80006828 (0x19628513) x10 0x80006747
core   0: 0x8000682c (0x034ed733) divu    a4, t4, s4
core   0: 3 0x8000682c (0x034ed733) x14 0x00000000
core   0: 0x80006830 (0x05324163) blt     tp, s3, pc + 66
core   0: 3 0x80006830 (0x05324163)
core   0: 0x80006872 (0x020b8963) beqz    s7, pc + 50
core   0: 3 0x80006872 (0x020b8963)
core   0: 0x80006876 (0x00959093) slli    ra, a1, 9
core   0: 3 0x80006876 (0x00959093) x1  0x01515200
core   0: 0x8000687a (0x0000c689) c.beqz  a3, pc + 10
core   0: 3 0x8000687a (0xc689)
core   0: 0x80006884 (0x00008db9) c.xor   a1, a4
core   0: 3 0x80006884 (0x8db9) x11 0x2000a8a9
core   0: 0x80006886 (0x5f293d13) sltiu   s10, s2, 1522
core   0: 3 0x80006886 (0x5f293d13) x26 0x00000000
core   0: 0x8000688a (0x023ce933) rem     s2, s9, gp
core   0: 3 0x8000688a (0x023ce933) x18 0x70020a6a
core   0: 0x8000688e (0x039a3c33) mulhu   s8, s4, s9
core   0: 3 0x8000688e (0x039a3c33) x24 0x1c011631
core   0: 0x80006892 (0x025a9f63) bne     s5, t0, pc + 62
core   0: 3 0x80006892 (0x025a9f63)
core   0: 0x800068d0 (0x406fd193) srai    gp, t6, 6
core   0: 3 0x800068d0 (0x406fd193) x3  0x00000000
core   0: 0x800068d4 (0x00008751) c.srai  a4, 20
core   0: 3 0x800068d4 (0x8751) x14 0x00000000
core   0: 0x800068d6 (0x02db8513) addi    a0, s7, 45
core   0: 3 0x800068d6 (0x02db8513) x10 0x800065e4
core   0: 0x800068da (0x0000891a) c.mv    s2, t1
core   0: 3 0x800068da (0x891a) x18 0xbfffff7f
core   0: 0x800068dc (0x00008491) c.srai  s1, 4
core   0: 3 0x800068dc (0x8491) x9  0x00000000
core   0: 0x800068de (0x01a7f863) bgeu    a5, s10, pc + 16
core   0: 3 0x800068de (0x01a7f863)
core   0: 0x800068ee (0x40bd5213) srai    tp, s10, 11
core   0: 3 0x800068ee (0x40bd5213) x4  0x00000000
core   0: 0x800068f2 (0x80c27513) andi    a0, tp, -2036
core   0: 3 0x800068f2 (0x80c27513) x10 0x00000000
core   0: 0x800068f6 (0x0153ec33) or      s8, t2, s5
core   0: 3 0x800068f6 (0x0153ec33) x24 0x800065b0
core   0: 0x800068fa (0x34021d73) csrrw   s10, mscratch, tp
core   0: 3 0x800068fa (0x34021d73) x26 0x800065b7 c832_mscratch 0x00000000
core   0: 0x800068fe (0x0196d213) srli    tp, a3, 25
core   0: 3 0x800068fe (0x0196d213) x4  0x00000000
core   0: 0x80006902 (0x00247fb3) and     t6, s0, sp
core   0: 3 0x80006902 (0x00247fb3) x31 0x80000000
core   0: 0x80006906 (0x00000bee) c.slli  s7, 27
core   0: 3 0x80006906 (0x0bee) x23 0xb8000000
core   0: 0x80006908 (0x0012cc63) blt     t0, ra, pc + 24
core   0: 3 0x80006908 (0x0012cc63)
core   0: 0x80006920 (0x03dc7333) remu    t1, s8, t4
core   0: 3 0x80006920 (0x03dc7333) x6  0x044145b0
core   0: 0x80006924 (0x00008762) c.mv    a4, s8
core   0: 3 0x80006924 (0x8762) x14 0x800065b0
core   0: 0x80006926 (0x00000eda) c.slli  t4, 22
core   0: 3 0x80006926 (0x0eda) x29 0x00000000
core   0: 0x80006928 (0x01f65693) srli    a3, a2, 31
core   0: 3 0x80006928 (0x01f65693) x13 0x00000001
core   0: 0x8000692c (0x0ff0000f) fence   iorw,iorw
core   0: 3 0x8000692c (0x0ff0000f)
core   0: 0x80006930 (0x0ff0000f) fence   iorw,iorw
core   0: 3 0x80006930 (0x0ff0000f)
core   0: 0x80006934 (0x40f1da13) srai    s4, gp, 15
core   0: 3 0x80006934 (0x40f1da13) x20 0x00000000
core   0: 0x80006938 (0x0000c481) c.beqz  s1, pc + 8
core   0: 3 0x80006938 (0xc481)
core   0: 0x80006940 (0x4135d793) srai    a5, a1, 19
core   0: 3 0x80006940 (0x4135d793) x15 0x00000400
core   0: 0x80006944 (0x00ad78b3) and     a7, s10, a0
core   0: 3 0x80006944 (0x00ad78b3) x17 0x00000000
core   0: 0x80006948 (0x009102b3) add     t0, sp, s1
core   0: 3 0x80006948 (0x009102b3) x5  0x800065b7
core   0: 0x8000694c (0x0000c58d) c.beqz  a1, pc + 42
core   0: 3 0x8000694c (0xc58d)
core   0: 0x8000694e (0x03ce65b3) rem     a1, t3, t3
core   0: 3 0x8000694e (0x03ce65b3) x11 0x00000000
core   0: 0x80006952 (0x0ff0000f) fence   iorw,iorw
core   0: 3 0x80006952 (0x0ff0000f)
core   0: 0x80006956 (0x00039763) bnez    t2, pc + 14
core   0: 3 0x80006956 (0x00039763)
core   0: 0x80006964 (0x036f7533) remu    a0, t5, s6
core   0: 3 0x80006964 (0x036f7533) x10 0x00000000
core   0: 0x80006968 (0x00006109) c.addi16sp sp, 128
core   0: 3 0x80006968 (0x6109) x2  0x80006637
core   0: 0x8000696a (0x03a871b3) remu    gp, a6, s10
core   0: 3 0x8000696a (0x03a871b3) x3  0x00000001
core   0: 0x8000696e (0x41f3dc33) sra     s8, t2, t6
core   0: 3 0x8000696e (0x41f3dc33) x24 0x800065b0
core   0: 0x80006972 (0x03665933) divu    s2, a2, s6
core   0: 3 0x80006972 (0x03665933) x18 0xffffffff
core   0: 0x80006976 (0x34076c73) csrrsi  s8, mscratch, 14
core   0: 3 0x80006976 (0x34076c73) x24 0x00000000 c832_mscratch 0x0000000e
core   0: 0x8000697a (0x1ee36313) ori     t1, t1, 494
core   0: 3 0x8000697a (0x1ee36313) x6  0x044145fe
core   0: 0x8000697e (0x4133deb3) sra     t4, t2, s3
core   0: 3 0x8000697e (0x4133deb3) x29 0x800065b0
core   0: 0x80006982 (0x01006db3) or      s11, zero, a6
core   0: 3 0x80006982 (0x01006db3) x27 0x00000001
core   0: 0x80006986 (0x00000001) c.nop
core   0: 3 0x80006986 (0x0001)
core   0: 0x80006988 (0x87762913) slti    s2, a2, -1929
core   0: 3 0x80006988 (0x87762913) x18 0x00000001
core   0: 0x8000698c (0x34049af3) csrrw   s5, mscratch, s1
core   0: 3 0x8000698c (0x34049af3) x21 0x0000000e c832_mscratch 0x00000000
core   0: 0x80006990 (0x34007d73) csrrci  s10, mscratch, 0
core   0: 3 0x80006990 (0x34007d73) x26 0x00000000
core   0: 0x80006994 (0x13b5e213) ori     tp, a1, 315
core   0: 3 0x80006994 (0x13b5e213) x4  0x0000013b
core   0: 0x80006998 (0x02ab7833) remu    a6, s6, a0
core   0: 3 0x80006998 (0x02ab7833) x16 0x00000000
core   0: 0x8000699c (0x01f75463) bge     a4, t6, pc + 8
core   0: 3 0x8000699c (0x01f75463)
core   0: 0x800069a4 (0x00000f86) c.slli  t6, 1
core   0: 3 0x800069a4 (0x0f86) x31 0x00000000
core   0: 0x800069a6 (0x03abd5b3) divu    a1, s7, s10
core   0: 3 0x800069a6 (0x03abd5b3) x11 0xffffffff
core   0: 0x800069aa (0x000084ce) c.mv    s1, s3
core   0: 3 0x800069aa (0x84ce) x9  0x00000000
core   0: 0x800069ac (0x40fc0c33) sub     s8, s8, a5
core   0: 3 0x800069ac (0x40fc0c33) x24 0xfffffc00
core   0: 0x800069b0 (0x648ec8b7) lui     a7, 0x648ec
core   0: 3 0x800069b0 (0x648ec8b7) x17 0x648ec000
core   0: 0x800069b4 (0x9f9da337) lui     t1, 0x9f9da
core   0: 3 0x800069b4 (0x9f9da337) x6  0x9f9da000
core   0: 0x800069b8 (0x0000121c) c.addi4spn a5, sp, 288
core   0: 3 0x800069b8 (0x121c) x15 0x80006757
core   0: 0x800069ba (0x00000001) c.nop
core   0: 3 0x800069ba (0x0001)
core   0: 0x800069bc (0x0000117d) c.addi  sp, -1
core   0: 3 0x800069bc (0x117d) x2  0x80006636
core   0: 0x800069be (0x629f5f37) lui     t5, 0x629f5
core   0: 3 0x800069be (0x629f5f37) x30 0x629f5000
core   0: 0x800069c2 (0x012c70b3) and     ra, s8, s2
core   0: 3 0x800069c2 (0x012c70b3) x1  0x00000000
core   0: 0x800069c6 (0x000088f9) c.andi  s1, 30
core   0: 3 0x800069c6 (0x88f9) x9  0x00000000
core   0: 0x800069c8 (0x00008ef5) c.and   a3, a3
core   0: 3 0x800069c8 (0x8ef5) x13 0x00000001
core   0: 0x800069ca (0x025a9963) bne     s5, t0, pc + 50
core   0: 3 0x800069ca (0x025a9963)
core   0: 0x800069fc (0x000084d6) c.mv    s1, s5
core   0: 3 0x800069fc (0x84d6) x9  0x0000000e
core   0: 0x800069fe (0x5bf32193) slti    gp, t1, 1471
core   0: 3 0x800069fe (0x5bf32193) x3  0x00000001
core   0: 0x80006a02 (0x00008719) c.srai  a4, 6
core   0: 3 0x80006a02 (0x8719) x14 0xfe000196
core   0: 0x80006a04 (0x00006139) c.addi16sp sp, 448
core   0: 3 0x80006a04 (0x6139) x2  0x800067f6
core   0: 0x80006a06 (0x3409d873) csrrwi  a6, mscratch, 19
core   0: 3 0x80006a06 (0x3409d873) x16 0x00000000 c832_mscratch 0x00000013
core   0: 0x80006a0a (0x03a1a0b3) mulhsu  ra, gp, s10
core   0: 3 0x80006a0a (0x03a1a0b3) x1  0x00000000
core   0: 0x80006a0e (0x03628fb3) mul     t6, t0, s6
core   0: 3 0x80006a0e (0x03628fb3) x31 0x00000000
core   0: 0x80006a12 (0x04788697) auipc   a3, 0x4788
core   0: 3 0x80006a12 (0x04788697) x13 0x8478ea12
core   0: 0x80006a16 (0x0127ef33) or      t5, a5, s2
core   0: 3 0x80006a16 (0x0127ef33) x30 0x80006757
core   0: 0x80006a1a (0x02c98c33) mul     s8, s3, a2
core   0: 3 0x80006a1a (0x02c98c33) x24 0x00000000
core   0: 0x80006a1e (0x00000001) c.nop
core   0: 3 0x80006a1e (0x0001)
core   0: 0x80006a20 (0x012ed263) bge     t4, s2, pc + 4
core   0: 3 0x80006a20 (0x012ed263)
core   0: 0x80006a24 (0x01bf0e63) beq     t5, s11, pc + 28
core   0: 3 0x80006a24 (0x01bf0e63)
core   0: 0x80006a28 (0xf24d4813) xori    a6, s10, -220
core   0: 3 0x80006a28 (0xf24d4813) x16 0xffffff24
core   0: 0x80006a2c (0xc7be9237) lui     tp, 0xc7be9
core   0: 3 0x80006a2c (0xc7be9237) x4  0xc7be9000
core   0: 0x80006a30 (0x03eb5533) divu    a0, s6, t5
core   0: 3 0x80006a30 (0x03eb5533) x10 0x00000000
core   0: 0x80006a34 (0x03a3b333) mulhu   t1, t2, s10
core   0: 3 0x80006a34 (0x03a3b333) x6  0x00000000
core   0: 0x80006a38 (0x01240f33) add     t5, s0, s2
core   0: 3 0x80006a38 (0x01240f33) x30 0x80000001
core   0: 0x80006a3c (0x00a65d33) srl     s10, a2, a0
core   0: 3 0x80006a3c (0x00a65d33) x26 0x80023ce4
core   0: 0x80006a40 (0x3403b873) csrrc   a6, mscratch, t2
core   0: 3 0x80006a40 (0x3403b873) x16 0x00000013 c832_mscratch 0x00000003
core   0: 0x80006a44 (0x0342df33) divu    t5, t0, s4
core   0: 3 0x80006a44 (0x0342df33) x30 0xffffffff
core   0: 0x80006a48 (0xf9fff593) andi    a1, t6, -97
core   0: 3 0x80006a48 (0xf9fff593) x11 0x00000000
core   0: 0x80006a4c (0x3401aaf3) csrrs   s5, mscratch, gp
core   0: 3 0x80006a4c (0x3401aaf3) x21 0x00000003 c832_mscratch 0x00000003
core   0: 0x80006a50 (0x020e9a33) mulh    s4, t4, zero
core   0: 3 0x80006a50 (0x020e9a33) x20 0x00000000
core   0: 0x80006a54 (0x00669533) sll     a0, a3, t1
core   0: 3 0x80006a54 (0x00669533) x10 0x8478ea12
core   0: 0x80006a58 (0x00000001) c.nop
core   0: 3 0x80006a58 (0x0001)
core   0: 0x80006a5a (0x00d9bbb3) sltu    s7, s3, a3
core   0: 3 0x80006a5a (0x00d9bbb3) x23 0x00000001
core   0: 0x80006a5e (0x01fa57b3) srl     a5, s4, t6
core   0: 3 0x80006a5e (0x01fa57b3) x15 0x00000000
core   0: 0x80006a62 (0x03d258b3) divu    a7, tp, t4
core   0: 3 0x80006a62 (0x03d258b3) x17 0x00000001
core   0: 0x80006a66 (0x022285b3) mul     a1, t0, sp
core   0: 3 0x80006a66 (0x022285b3) x11 0xa94e5eda
core   0: 0x80006a6a (0x02c1d4b3) divu    s1, gp, a2
core   0: 3 0x80006a6a (0x02c1d4b3) x9  0x00000000
core   0: 0x80006a6e (0x42aec993) xori    s3, t4, 1066
core   0: 3 0x80006a6e (0x42aec993) x19 0x8000619a
core   0: 0x80006a72 (0x00008fa1) c.xor   a5, s0
core   0: 3 0x80006a72 (0x8fa1) x15 0x80000000
core   0: 0x80006a74 (0x00573a33) sltu    s4, a4, t0
core   0: 3 0x80006a74 (0x00573a33) x20 0x00000000
core   0: 0x80006a78 (0x010045b3) xor     a1, zero, a6
core   0: 3 0x80006a78 (0x010045b3) x11 0x00000013
core   0: 0x80006a7c (0x00008d25) c.xor   a0, s1
core   0: 3 0x80006a7c (0x8d25) x10 0x8478ea12
core   0: 0x80006a7e (0x000002fa) c.slli  t0, 30
core   0: 3 0x80006a7e (0x02fa) x5  0xc0000000
core   0: 0x80006a80 (0x41c65333) sra     t1, a2, t3
core   0: 3 0x80006a80 (0x41c65333) x6  0xfffff800
core   0: 0x80006a84 (0x34007ff3) csrrci  t6, mscratch, 0
core   0: 3 0x80006a84 (0x34007ff3) x31 0x00000003
core   0: 0x80006a88 (0x03401363) bne     zero, s4, pc + 38
core   0: 3 0x80006a88 (0x03401363)
core   0: 0x80006a8c (0x10e56d17) auipc   s10, 0x10e56
core   0: 3 0x80006a8c (0x10e56d17) x26 0x90e5ca8c
core   0: 0x80006a90 (0x00000f9c) c.addi4spn a5, sp, 976
core   0: 3 0x80006a90 (0x0f9c) x15 0x80006bc6
core   0: 0x80006a92 (0x02e8b0b3) mulhu   ra, a7, a4
core   0: 3 0x80006a92 (0x02e8b0b3) x1  0x00000000
core   0: 0x80006a96 (0x691b3313) sltiu   t1, s6, 1681
core   0: 3 0x80006a96 (0x691b3313) x6  0x00000001
core   0: 0x80006a9a (0x407b5bb3) sra     s7, s6, t2
core   0: 3 0x80006a9a (0x407b5bb3) x23 0x00000000
core   0: 0x80006a9e (0x00006a51) c.lui   s4, 0x14
core   0: 3 0x80006a9e (0x6a51) x20 0x00014000
core   0: 0x80006aa0 (0x00009b7d) c.andi  a4, -1
core   0: 3 0x80006aa0 (0x9b7d) x14 0xfe000196
core   0: 0x80006aa2 (0xe1bc2e93) slti    t4, s8, -485
core   0: 3 0x80006aa2 (0xe1bc2e93) x29 0x00000000
core   0: 0x80006aa6 (0x41c95933) sra     s2, s2, t3
core   0: 3 0x80006aa6 (0x41c95933) x18 0x00000000
core   0: 0x80006aaa (0x9e1c0793) addi    a5, s8, -1567
core   0: 3 0x80006aaa (0x9e1c0793) x15 0xfffff9e1
core   0: 0x80006aae (0x07bcc563) blt     s9, s11, pc + 106
core   0: 3 0x80006aae (0x07bcc563)
core   0: 0x80006ab2 (0x007e4db3) xor     s11, t3, t2
core   0: 3 0x80006ab2 (0x007e4db3) x27 0x00019804
core   0: 0x80006ab6 (0x039945b3) div     a1, s2, s9
core   0: 3 0x80006ab6 (0x039945b3) x11 0x00000000
core   0: 0x80006aba (0x00008f61) c.and   a4, s0
core   0: 3 0x80006aba (0x8f61) x14 0x80000000
core   0: 0x80006abc (0x014b9233) sll     tp, s7, s4
core   0: 3 0x80006abc (0x014b9233) x4  0x00000000
core   0: 0x80006ac0 (0x004c5cb3) srl     s9, s8, tp
core   0: 3 0x80006ac0 (0x004c5cb3) x25 0x00000000
core   0: 0x80006ac4 (0x01d0ea33) or      s4, ra, t4
core   0: 3 0x80006ac4 (0x01d0ea33) x20 0x00000000
core   0: 0x80006ac8 (0x05a7d663) bge     a5, s10, pc + 76
core   0: 3 0x80006ac8 (0x05a7d663)
core   0: 0x80006b14 (0x01581533) sll     a0, a6, s5
core   0: 3 0x80006b14 (0x01581533) x10 0x00000098
core   0: 0x80006b18 (0x00009112) c.add   sp, tp
core   0: 3 0x80006b18 (0x9112) x2  0x800067f6
core   0: 0x80006b1a (0x00008ce9) c.and   s1, a0
core   0: 3 0x80006b1a (0x8ce9) x9  0x00000000
core   0: 0x80006b1c (0x027a5b63) bge     s4, t2, pc + 54
core   0: 3 0x80006b1c (0x027a5b63)
core   0: 0x80006b52 (0x000089d1) c.andi  a1, 20
core   0: 3 0x80006b52 (0x89d1) x11 0x00000000
core   0: 0x80006b54 (0x008e0733) add     a4, t3, s0
core   0: 3 0x80006b54 (0x008e0733) x14 0x0001fdb4
core   0: 0x80006b58 (0x34006ef3) csrrsi  t4, mscratch, 0
core   0: 3 0x80006b58 (0x34006ef3) x29 0x00000003
core   0: 0x80006b5c (0x3400b0f3) csrrc   ra, mscratch, ra
core   0: 3 0x80006b5c (0x3400b0f3) x1  0x00000003 c832_mscratch 0x00000003
core   0: 0x80006b60 (0x02ab23b3) mulhsu  t2, s6, a0
core   0: 3 0x80006b60 (0x02ab23b3) x7  0x00000000
core   0: 0x80006b64 (0x34069df3) csrrw   s11, mscratch, a3
core   0: 3 0x80006b64 (0x34069df3) x27 0x00000003 c832_mscratch 0x8478ea12
core   0: 0x80006b68 (0x01694c63) blt     s2, s6, pc + 24
core   0: 3 0x80006b68 (0x01694c63)
core   0: 0x80006b6c (0xc816b013) sltiu   zero, a3, -895
core   0: 3 0x80006b6c (0xc816b013)
core   0: 0x80006b70 (0xdf9778b7) lui     a7, 0xdf977
core   0: 3 0x80006b70 (0xdf9778b7) x17 0xdf977000
core   0: 0x80006b74 (0xc5d5b693) sltiu   a3, a1, -931
core   0: 3 0x80006b74 (0xc5d5b693) x13 0x00000001
core   0: 0x80006b78 (0x0319cb33) div     s6, s3, a7
core   0: 3 0x80006b78 (0x0319cb33) x22 0x00000003
core   0: 0x80006b7c (0x00c99793) slli    a5, s3, 12
core   0: 3 0x80006b7c (0x00c99793) x15 0x0619a000
core   0: 0x80006b80 (0x21837d37) lui     s10, 0x21837
core   0: 3 0x80006b80 (0x21837d37) x26 0x21837000
core   0: 0x80006b84 (0x0094ff63) bgeu    s1, s1, pc + 30
core   0: 3 0x80006b84 (0x0094ff63)
core   0: 0x80006ba2 (0x00009bfd) c.andi  a5, -1
core   0: 3 0x80006ba2 (0x9bfd) x15 0x0619a000
core   0: 0x80006ba4 (0x0222c1b3) div     gp, t0, sp
core   0: 3 0x80006ba4 (0x0222c1b3) x3  0x00000000
core   0: 0x80006ba8 (0x03c4bdb3) mulhu   s11, s1, t3
core   0: 3 0x80006ba8 (0x03c4bdb3) x27 0x00000000
core   0: 0x80006bac (0x027abfb3) mulhu   t6, s5, t2
core   0: 3 0x80006bac (0x027abfb3) x31 0x00000000
core   0: 0x80006bb0 (0xdff3f193) andi    gp, t2, -513
core   0: 3 0x80006bb0 (0xdff3f193) x3  0x00000000
core   0: 0x80006bb4 (0x03851763) bne     a0, s8, pc + 46
core   0: 3 0x80006bb4 (0x03851763)
core   0: 0x80006be2 (0x0000936e) c.add   t1, s11
core   0: 3 0x80006be2 (0x936e) x6  0x00000001
core   0: 0x80006be4 (0xd0a3ae93) slti    t4, t2, -758
core   0: 3 0x80006be4 (0xd0a3ae93) x29 0x00000000
core   0: 0x80006be8 (0x0000c2a9) c.beqz  a3, pc + 66
core   0: 3 0x80006be8 (0xc2a9)
core   0: 0x80006bea (0x00005c7d) c.li    s8, -1
core   0: 3 0x80006bea (0x5c7d) x24 0xffffffff
core   0: 0x80006bec (0x00000d26) c.slli  s10, 9
core   0: 3 0x80006bec (0x0d26) x26 0x06e00000
core   0: 0x80006bee (0x00000001) c.nop
core   0: 3 0x80006bee (0x0001)
core   0: 0x80006bf0 (0x01d2fc33) and     s8, t0, t4
core   0: 3 0x80006bf0 (0x01d2fc33) x24 0x00000000
core   0: 0x80006bf4 (0x016d08b3) add     a7, s10, s6
core   0: 3 0x80006bf4 (0x016d08b3) x17 0x06e00003
core   0: 0x80006bf8 (0xeccbeb93) ori     s7, s7, -308
core   0: 3 0x80006bf8 (0xeccbeb93) x23 0xfffffecc
core   0: 0x80006bfc (0x1994d997) auipc   s3, 0x1994d
core   0: 3 0x80006bfc (0x1994d997) x19 0x99953bfc
core   0: 0x80006c00 (0x00008de1) c.and   a1, s0
core   0: 3 0x80006c00 (0x8de1) x11 0x00000000
core   0: 0x80006c02 (0x03046c33) rem     s8, s0, a6
core   0: 3 0x80006c02 (0x03046c33) x24 0xfffffffd
core   0: 0x80006c06 (0x00e92133) slt     sp, s2, a4
core   0: 3 0x80006c06 (0x00e92133) x2  0x00000001
core   0: 0x80006c0a (0x03030333) mul     t1, t1, a6
core   0: 3 0x80006c0a (0x03030333) x6  0x00000013
core   0: 0x80006c0e (0x34056ff3) csrrsi  t6, mscratch, 10
core   0: 3 0x80006c0e (0x34056ff3) x31 0x8478ea12 c832_mscratch 0x8478ea1a
core   0: 0x80006c12 (0x400405b3) sub     a1, s0, zero
core   0: 3 0x80006c12 (0x400405b3) x11 0x80000000
core   0: 0x80006c16 (0x04ed8163) beq     s11, a4, pc + 66
core   0: 3 0x80006c16 (0x04ed8163)
core   0: 0x80006c1a (0x00c75c13) srli    s8, a4, 12
core   0: 3 0x80006c1a (0x00c75c13) x24 0x0000001f
core   0: 0x80006c1e (0x02aa9563) bne     s5, a0, pc + 42
core   0: 3 0x80006c1e (0x02aa9563)
core   0: 0x80006c48 (0x0000838d) c.srli  a5, 3
core   0: 3 0x80006c48 (0x838d) x15 0x00c33400
core   0: 0x80006c4a (0x00008d75) c.and   a0, a3
core   0: 3 0x80006c4a (0x8d75) x10 0x00000000
core   0: 0x80006c4c (0x03ce4863) blt     t3, t3, pc + 48
core   0: 3 0x80006c4c (0x03ce4863)
core   0: 0x80006c50 (0x04400263) beq     zero, tp, pc + 68
core   0: 3 0x80006c50 (0x04400263)
core   0: 0x80006c94 (0x93e84293) xori    t0, a6, -1730
core   0: 3 0x80006c94 (0x93e84293) x5  0xfffff92d
core   0: 0x80006c98 (0x01ec1463) bne     s8, t5, pc + 8
core   0: 3 0x80006c98 (0x01ec1463)
core   0: 0x80006ca0 (0x0ff0000f) fence   iorw,iorw
core   0: 3 0x80006ca0 (0x0ff0000f)
core   0: 0x80006ca4 (0x0000717d) c.addi16sp sp, -16
core   0: 3 0x80006ca4 (0x717d) x2  0xfffffff1
core   0: 0x80006ca6 (0x00008ec9) c.or    a3, a0
core   0: 3 0x80006ca6 (0x8ec9) x13 0x00000001
core   0: 0x80006ca8 (0x01fe5b33) srl     s6, t3, t6
core   0: 3 0x80006ca8 (0x01fe5b33) x22 0x00002000
core   0: 0x80006cac (0x340966f3) csrrsi  a3, mscratch, 18
core   0: 3 0x80006cac (0x340966f3) x13 0x8478ea1a c832_mscratch 0x8478ea1a
core   0: 0x80006cb0 (0x2b804313) xori    t1, zero, 696
core   0: 3 0x80006cb0 (0x2b804313) x6  0x000002b8
core   0: 0x80006cb4 (0x005ba533) slt     a0, s7, t0
core   0: 3 0x80006cb4 (0x005ba533) x10 0x00000000
core   0: 0x80006cb8 (0x005b93b3) sll     t2, s7, t0
core   0: 3 0x80006cb8 (0x005b93b3) x7  0xffd98000
core   0: 0x80006cbc (0x03ee6cb3) rem     s9, t3, t5
core   0: 3 0x80006cbc (0x03ee6cb3) x25 0x00000000
core   0: 0x80006cc0 (0x00008d2d) c.xor   a0, a1
core   0: 3 0x80006cc0 (0x8d2d) x10 0x80000000
core   0: 0x80006cc2 (0x018f6133) or      sp, t5, s8
core   0: 3 0x80006cc2 (0x018f6133) x2  0xffffffff
core   0: 0x80006cc6 (0x1378cc13) xori    s8, a7, 311
core   0: 3 0x80006cc6 (0x1378cc13) x24 0x06e00134
core   0: 0x80006cca (0x4d484313) xori    t1, a6, 1236
core   0: 3 0x80006cca (0x4d484313) x6  0x000004c7
core   0: 0x80006cce (0xd900bd93) sltiu   s11, ra, -624
core   0: 3 0x80006cce (0xd900bd93) x27 0x00000001
core   0: 0x80006cd2 (0x017f7463) bgeu    t5, s7, pc + 8
core   0: 3 0x80006cd2 (0x017f7463)
core   0: 0x80006cda (0xb80fc813) xori    a6, t6, -1152
core   0: 3 0x80006cda (0xb80fc813) x16 0x7b871192
core   0: 0x80006cde (0x03256933) rem     s2, a0, s2
core   0: 3 0x80006cde (0x03256933) x18 0x80000000
core   0: 0x80006ce2 (0x05c9d063) bge     s3, t3, pc + 64
core   0: 3 0x80006ce2 (0x05c9d063)
core   0: 0x80006d22 (0x01c7d893) srli    a7, a5, 28
core   0: 3 0x80006d22 (0x01c7d893) x17 0x00000000
core   0: 0x80006d26 (0x13398d93) addi    s11, s3, 307
core   0: 3 0x80006d26 (0x13398d93) x27 0x99953d2f
core   0: 0x80006d2a (0x0000ed8d) c.bnez  a1, pc + 58
core   0: 3 0x80006d2a (0xed8d)
core   0: 0x80006d64 (0x02fdc763) blt     s11, a5, pc + 46
core   0: 3 0x80006d64 (0x02fdc763)
core   0: 0x80006d92 (0x01ef08b3) add     a7, t5, t5
core   0: 3 0x80006d92 (0x01ef08b3) x17 0xfffffffe
core   0: 0x80006d96 (0x00008fbd) c.xor   a5, a5
core   0: 3 0x80006d96 (0x8fbd) x15 0x00000000
core   0: 0x80006d98 (0x0087dab3) srl     s5, a5, s0
core   0: 3 0x80006d98 (0x0087dab3) x21 0x00000000
core   0: 0x80006d9c (0x34065073) csrwi   mscratch, 12
core   0: 3 0x80006d9c (0x34065073) c832_mscratch 0x0000000c
core   0: 0x80006da0 (0xd99e4013) xori    zero, t3, -615
core   0: 3 0x80006da0 (0xd99e4013)
core   0: 0x80006da4 (0x340321f3) csrrs   gp, mscratch, t1
core   0: 3 0x80006da4 (0x340321f3) x3  0x0000000c c832_mscratch 0x000004cf
core   0: 0x80006da8 (0x0000100f) fence.i
core   0: 3 0x80006da8 (0x0000100f)
core   0: 0x80006dac (0x00008ee5) c.and   a3, s1
core   0: 3 0x80006dac (0x8ee5) x13 0x00000000
core   0: 0x80006dae (0xda84f813) andi    a6, s1, -600
core   0: 3 0x80006dae (0xda84f813) x16 0x00000000
core   0: 0x80006db2 (0x409101b3) sub     gp, sp, s1
core   0: 3 0x80006db2 (0x409101b3) x3  0xffffffff
core   0: 0x80006db6 (0x0000856d) c.srai  a0, 27
core   0: 3 0x80006db6 (0x856d) x10 0xfffffff0
core   0: 0x80006db8 (0x02b12cb3) mulhsu  s9, sp, a1
core   0: 3 0x80006db8 (0x02b12cb3) x25 0xffffffff
core   0: 0x80006dbc (0x00738f33) add     t5, t2, t2
core   0: 3 0x80006dbc (0x00738f33) x30 0xffb30000
core   0: 0x80006dc0 (0x340135f3) csrrc   a1, mscratch, sp
core   0: 3 0x80006dc0 (0x340135f3) x11 0x000004cf c832_mscratch 0x00000000
core   0: 0x80006dc4 (0x3404ea73) csrrsi  s4, mscratch, 9
core   0: 3 0x80006dc4 (0x3404ea73) x20 0x00000000 c832_mscratch 0x00000009
core   0: 0x80006dc8 (0x0000e095) c.bnez  s1, pc + 36
core   0: 3 0x80006dc8 (0xe095)
core   0: 0x80006dca (0x00560a63) beq     a2, t0, pc + 20
core   0: 3 0x80006dca (0x00560a63)
core   0: 0x80006dce (0x0000c71d) c.beqz  a4, pc + 46
core   0: 3 0x80006dce (0xc71d)
core   0: 0x80006dd0 (0x003cedb3) or      s11, s9, gp
core   0: 3 0x80006dd0 (0x003cedb3) x27 0xffffffff
core   0: 0x80006dd4 (0x0ff0000f) fence   iorw,iorw
core   0: 3 0x80006dd4 (0x0ff0000f)
core   0: 0x80006dd8 (0x00008956) c.mv    s2, s5
core   0: 3 0x80006dd8 (0x8956) x18 0x00000000
core   0: 0x80006dda (0x382ab817) auipc   a6, 0x382ab
core   0: 3 0x80006dda (0x382ab817) x16 0xb82b1dda
core   0: 0x80006dde (0x03f1f463) bgeu    gp, t6, pc + 40
core   0: 3 0x80006dde (0x03f1f463)
core   0: 0x80006e06 (0x0ff0000f) fence   iorw,iorw
core   0: 3 0x80006e06 (0x0ff0000f)
core   0: 0x80006e0a (0x0128fe63) bgeu    a7, s2, pc + 28
core   0: 3 0x80006e0a (0x0128fe63)
core   0: 0x80006e26 (0x0000118c) c.addi4spn a1, sp, 224
core   0: 3 0x80006e26 (0x118c) x11 0x000000df
core   0: 0x80006e28 (0x037ec7b3) div     a5, t4, s7
core   0: 3 0x80006e28 (0x037ec7b3) x15 0x00000000
core   0: 0x80006e2c (0x00008dad) c.xor   a1, a1
core   0: 3 0x80006e2c (0x8dad) x11 0x00000000
core   0: 0x80006e2e (0x000086e9) c.srai  a3, 26
core   0: 3 0x80006e2e (0x86e9) x13 0x00000000
core   0: 0x80006e30 (0x03e5b533) mulhu   a0, a1, t5
core   0: 3 0x80006e30 (0x03e5b533) x10 0x00000000
core   0: 0x80006e34 (0x00009362) c.add   t1, s8
core   0: 3 0x80006e34 (0x9362) x6  0x06e005fb
core   0: 0x80006e36 (0x000089b9) c.andi  a1, 14
core   0: 3 0x80006e36 (0x89b9) x11 0x00000000
core   0: 0x80006e38 (0x070f6e63) bltu    t5, a6, pc + 124
core   0: 3 0x80006e38 (0x070f6e63)
core   0: 0x80006e3c (0x35a93c13) sltiu   s8, s2, 858
core   0: 3 0x80006e3c (0x35a93c13) x24 0x00000001
core   0: 0x80006e40 (0x3409a6f3) csrrs   a3, mscratch, s3
core   0: 3 0x80006e40 (0x3409a6f3) x13 0x00000009 c832_mscratch 0x99953bfd
core   0: 0x80006e44 (0x3408daf3) csrrwi  s5, mscratch, 17
core   0: 3 0x80006e44 (0x3408daf3) x21 0x99953bfd c832_mscratch 0x00000011
core   0: 0x80006e48 (0x340adc73) csrrwi  s8, mscratch, 21
core   0: 3 0x80006e48 (0x340adc73) x24 0x00000011 c832_mscratch 0x00000015
core   0: 0x80006e4c (0x0ff0000f) fence   iorw,iorw
core   0: 3 0x80006e4c (0x0ff0000f)
core   0: 0x80006e50 (0x01f996b3) sll     a3, s3, t6
core   0: 3 0x80006e50 (0x01f996b3) x13 0xeff00000
core   0: 0x80006e54 (0x02c001ef) jal     gp, pc + 0x2c
core   0: 3 0x80006e54 (0x02c001ef) x3  0x80006e58
core   0: 0x80006e80 (0x000037d5) c.jal   pc - 28
core   0: 3 0x80006e80 (0x37d5) x1  0x80006e82
core   0: 0x80006e64 (0x00002811) c.jal   pc + 20
core   0: 3 0x80006e64 (0x2811) x1  0x80006e66
core   0: 0x80006e78 (0x0000bfcd) c.j     pc - 14
core   0: 3 0x80006e78 (0xbfcd)
core   0: 0x80006e6a (0x00002005) c.jal   pc + 32
core   0: 3 0x80006e6a (0x2005) x1  0x80006e6c
core   0: 0x80006e8a (0x0000a039) c.j     pc + 14
core   0: 3 0x80006e8a (0xa039)
core   0: 0x80006e98 (0x0000bfd9) c.j     pc - 42
core   0: 3 0x80006e98 (0xbfd9)
core   0: 0x80006e6e (0x0000a031) c.j     pc + 12
core   0: 3 0x80006e6e (0xa031)
core   0: 0x80006e7a (0x00002005) c.jal   pc + 32
core   0: 3 0x80006e7a (0x2005) x1  0x80006e7c
core   0: 0x80006e9a (0xff3ff36f) jal     t1, pc - 0xe
core   0: 3 0x80006e9a (0xff3ff36f) x6  0x80006e9e
core   0: 0x80006e8c (0x0000bfd9) c.j     pc - 42
core   0: 3 0x80006e8c (0xbfd9)
core   0: 0x80006e62 (0x0000a035) c.j     pc + 44
core   0: 3 0x80006e62 (0xa035)
core   0: 0x80006e8e (0x0000b7f1) c.j     pc - 52
core   0: 3 0x80006e8e (0xb7f1)
core   0: 0x80006e5a (0x0000200d) c.jal   pc + 34
core   0: 3 0x80006e5a (0x200d) x1  0x80006e5c
core   0: 0x80006e7c (0x0140036f) jal     t1, pc + 0x14
core   0: 3 0x80006e7c (0x0140036f) x6  0x80006e80
core   0: 0x80006e90 (0x0000b7c5) c.j     pc - 32
core   0: 3 0x80006e90 (0xb7c5)
core   0: 0x80006e70 (0x02400c6f) jal     s8, pc + 0x24
core   0: 3 0x80006e70 (0x02400c6f) x24 0x80006e74
core   0: 0x80006e94 (0x00003fc5) c.jal   pc - 16
core   0: 3 0x80006e94 (0x3fc5) x1  0x80006e96
core   0: 0x80006e84 (0xfd5ff0ef) jal     pc - 0x2c
core   0: 3 0x80006e84 (0xfd5ff0ef) x1  0x80006e88
core   0: 0x80006e58 (0x0000a811) c.j     pc + 20
core   0: 3 0x80006e58 (0xa811)
core   0: 0x80006e6c (0x00003fc5) c.jal   pc - 16
core   0: 3 0x80006e6c (0x3fc5) x1  0x80006e6e
core   0: 0x80006e5c (0x0000a011) c.j     pc + 4
core   0: 3 0x80006e5c (0xa011)
core   0: 0x80006e60 (0x00002025) c.jal   pc + 40
core   0: 3 0x80006e60 (0x2025) x1  0x80006e62
core   0: 0x80006e88 (0x00003fed) c.jal   pc - 6
core   0: 3 0x80006e88 (0x3fed) x1  0x80006e8a
core   0: 0x80006e82 (0x0000bff1) c.j     pc - 36
core   0: 3 0x80006e82 (0xbff1)
core   0: 0x80006e5e (0x0000a825) c.j     pc + 56
core   0: 3 0x80006e5e (0xa825)
core   0: 0x80006e96 (0x0000bfc1) c.j     pc - 48
core   0: 3 0x80006e96 (0xbfc1)
core   0: 0x80006e66 (0x02c000ef) jal     pc + 0x2c
core   0: 3 0x80006e66 (0x02c000ef) x1  0x80006e6a
core   0: 0x80006e92 (0x0000b7cd) c.j     pc - 30
core   0: 3 0x80006e92 (0xb7cd)
core   0: 0x80006e74 (0x02a00bef) jal     s7, pc + 0x2a
core   0: 3 0x80006e74 (0x02a00bef) x23 0x80006e78
core   0: 0x80006e9e (0x01ea6db3) or      s11, s4, t5
core   0: 3 0x80006e9e (0x01ea6db3) x27 0xffb30000
core   0: 0x80006ea2 (0x000057fd) c.li    a5, -1
core   0: 3 0x80006ea2 (0x57fd) x15 0xffffffff
core   0: 0x80006ea4 (0x0000c489) c.beqz  s1, pc + 10
core   0: 3 0x80006ea4 (0xc489)
core   0: 0x80006eae (0x0084d5b3) srl     a1, s1, s0
core   0: 3 0x80006eae (0x0084d5b3) x11 0x00000000
core   0: 0x80006eb2 (0x00008cbd) c.xor   s1, a5
core   0: 3 0x80006eb2 (0x8cbd) x9  0xffffffff
core   0: 0x80006eb4 (0x00008715) c.srai  a4, 5
core   0: 3 0x80006eb4 (0x8715) x14 0x00000fed
core   0: 0x80006eb6 (0x03570133) mul     sp, a4, s5
core   0: 3 0x80006eb6 (0x03570133) x2  0xedac5c39
core   0: 0x80006eba (0x011f1663) bne     t5, a7, pc + 12
core   0: 3 0x80006eba (0x011f1663)
core   0: 0x80006ec6 (0x0000cd91) c.beqz  a1, pc + 28
core   0: 3 0x80006ec6 (0xcd91)
core   0: 0x80006ee2 (0x3ca94a13) xori    s4, s2, 970
core   0: 3 0x80006ee2 (0x3ca94a13) x20 0x000003ca
core   0: 0x80006ee6 (0x00008cb9) c.xor   s1, a4
core   0: 3 0x80006ee6 (0x8cb9) x9  0xfffff012
core   0: 0x80006ee8 (0x00008d7d) c.and   a0, a5
core   0: 3 0x80006ee8 (0x8d7d) x10 0x00000000
core   0: 0x80006eea (0x01849a13) slli    s4, s1, 24
core   0: 3 0x80006eea (0x01849a13) x20 0x12000000
core   0: 0x80006eee (0x01ff5963) bge     t5, t6, pc + 18
core   0: 3 0x80006eee (0x01ff5963)
core   0: 0x80006f00 (0x00a3a7b3) slt     a5, t2, a0
core   0: 3 0x80006f00 (0x00a3a7b3) x15 0x00000001
core   0: 0x80006f04 (0x00000001) c.nop
core   0: 3 0x80006f04 (0x0001)
core   0: 0x80006f06 (0xb3e34693) xori    a3, t1, -1218
core   0: 3 0x80006f06 (0xb3e34693) x13 0x7fff95be
core   0: 0x80006f0a (0x64f4aa93) slti    s5, s1, 1615
core   0: 3 0x80006f0a (0x64f4aa93) x21 0x00000001
core   0: 0x80006f0e (0x0253b8b3) mulhu   a7, t2, t0
core   0: 3 0x80006f0e (0x0253b8b3) x17 0xffd9792e
core   0: 0x80006f12 (0x7b468213) addi    tp, a3, 1972
core   0: 3 0x80006f12 (0x7b468213) x4  0x7fff9d72
core   0: 0x80006f16 (0x40925013) srai    zero, tp, 9
core   0: 3 0x80006f16 (0x40925013)
core   0: 0x80006f1a (0x0306a533) mulhsu  a0, a3, a6
core   0: 3 0x80006f1a (0x0306a533) x10 0x5c15427b
core   0: 0x80006f1e (0x020aab33) mulhsu  s6, s5, zero
core   0: 3 0x80006f1e (0x020aab33) x22 0x00000000
core   0: 0x80006f22 (0x000096be) c.add   a3, a5
core   0: 3 0x80006f22 (0x96be) x13 0x7fff95bf
core   0: 0x80006f24 (0x00c29eb3) sll     t4, t0, a2
core   0: 3 0x80006f24 (0x00c29eb3) x29 0xffff92d0
core   0: 0x80006f28 (0x340bbcf3) csrrc   s9, mscratch, s7
core   0: 3 0x80006f28 (0x340bbcf3) x25 0x00000015 c832_mscratch 0x00000005
core   0: 0x80006f2c (0x34006273) csrrsi  tp, mscratch, 0
core   0: 3 0x80006f2c (0x34006273) x4  0x00000005
core   0: 0x80006f30 (0x340072f3) csrrci  t0, mscratch, 0
core   0: 3 0x80006f30 (0x340072f3) x5  0x00000005
core   0: 0x80006f34 (0x00006179) c.addi16sp sp, 464
core   0: 3 0x80006f34 (0x6179) x2  0xedac5e09
core   0: 0x80006f36 (0x34006df3) csrrsi  s11, mscratch, 0
core   0: 3 0x80006f36 (0x34006df3) x27 0x00000005
core   0: 0x80006f3a (0x00001a18) c.addi4spn a4, sp, 304
core   0: 3 0x80006f3a (0x1a18) x14 0xedac5f39
core   0: 0x80006f3c (0x03bc0f33) mul     t5, s8, s11
core   0: 3 0x80006f3c (0x03bc0f33) x30 0x80022844
core   0: 0x80006f40 (0x0000c51d) c.beqz  a0, pc + 46
core   0: 3 0x80006f40 (0xc51d)
core   0: 0x80006f42 (0x00000d2e) c.slli  s10, 11
core   0: 3 0x80006f42 (0x0d2e) x26 0x00000000
core   0: 0x80006f44 (0x0cd0ff93) andi    t6, ra, 205
core   0: 3 0x80006f44 (0x0cd0ff93) x31 0x00000048
core   0: 0x80006f48 (0x00008dc5) c.or    a1, s1
core   0: 3 0x80006f48 (0x8dc5) x11 0xfffff012
core   0: 0x80006f4a (0x0000c695) c.beqz  a3, pc + 44
core   0: 3 0x80006f4a (0xc695)
core   0: 0x80006f4c (0x000ecab3) xor     s5, t4, zero
core   0: 3 0x80006f4c (0x000ecab3) x21 0xffff92d0
core   0: 0x80006f50 (0x00008f4d) c.or    a4, a1
core   0: 3 0x80006f50 (0x8f4d) x14 0xffffff3b
core   0: 0x80006f52 (0x00d6a4b3) slt     s1, a3, a3
core   0: 3 0x80006f52 (0x00d6a4b3) x9  0x00000000
core   0: 0x80006f56 (0x009868b3) or      a7, a6, s1
core   0: 3 0x80006f56 (0x009868b3) x17 0xb82b1dda
core   0: 0x80006f5a (0x340099f3) csrrw   s3, mscratch, ra
core   0: 3 0x80006f5a (0x340099f3) x19 0x00000005 c832_mscratch 0x80006e6a
core   0: 0x80006f5e (0x34083173) csrrc   sp, mscratch, a6
core   0: 3 0x80006f5e (0x34083173) x2  0x80006e6a c832_mscratch 0x00006220
core   0: 0x80006f62 (0x0341eeb3) rem     t4, gp, s4
core   0: 3 0x80006f62 (0x0341eeb3) x29 0xfe006e58
core   0: 0x80006f66 (0x0000434d) c.li    t1, 19
core   0: 3 0x80006f66 (0x434d) x6  0x00000013
core   0: 0x80006f68 (0x0286f3b3) remu    t2, a3, s0
core   0: 3 0x80006f68 (0x0286f3b3) x7  0x7fff95bf
core   0: 0x80006f6c (0x0000997d) c.andi  a0, -1
core   0: 3 0x80006f6c (0x997d) x10 0x5c15427b
core   0: 0x80006f6e (0x00bd0833) add     a6, s10, a1
core   0: 3 0x80006f6e (0x00bd0833) x16 0xfffff012
core   0: 0x80006f72 (0x030197b3) mulh    a5, gp, a6
core   0: 3 0x80006f72 (0x030197b3) x15 0x000007f6
core   0: 0x80006f76 (0x00001b18) c.addi4spn a4, sp, 432
core   0: 3 0x80006f76 (0x1b18) x14 0x8000701a
core   0: 0x80006f78 (0x000083a5) c.srli  a5, 9
core   0: 3 0x80006f78 (0x83a5) x15 0x00000003
core   0: 0x80006f7a (0x41d25233) sra     tp, tp, t4
core   0: 3 0x80006f7a (0x41d25233) x4  0x00000000
core   0: 0x80006f7e (0x00004b61) c.li    s6, 24
core   0: 3 0x80006f7e (0x4b61) x22 0x00000018
core   0: 0x80006f80 (0x00846d63) bltu    s0, s0, pc + 26
core   0: 3 0x80006f80 (0x00846d63)
core   0: 0x80006f84 (0x000086a6) c.mv    a3, s1
core   0: 3 0x80006f84 (0x86a6) x13 0x00000000
core   0: 0x80006f86 (0x00f89c63) bne     a7, a5, pc + 24
core   0: 3 0x80006f86 (0x00f89c63)
core   0: 0x80006f9e (0x00008135) c.srli  a0, 13
core   0: 3 0x80006f9e (0x8135) x10 0x0002e0aa
core   0: 0x80006fa0 (0x340075f3) csrrci  a1, mscratch, 0
core   0: 3 0x80006fa0 (0x340075f3) x11 0x00006220
core   0: 0x80006fa4 (0x027a4bb3) div     s7, s4, t2
core   0: 3 0x80006fa4 (0x027a4bb3) x23 0x00000000
core   0: 0x80006fa8 (0x03414163) blt     sp, s4, pc + 34
core   0: 3 0x80006fa8 (0x03414163)
core   0: 0x80006fca (0xcc884697) auipc   a3, 0xcc884
core   0: 3 0x80006fca (0xcc884697) x13 0x4c88afca
core   0: 0x80006fce (0x09367d93) andi    s11, a2, 147
core   0: 3 0x80006fce (0x09367d93) x27 0x00000080
core   0: 0x80006fd2 (0x340ae7f3) csrrsi  a5, mscratch, 21
core   0: 3 0x80006fd2 (0x340ae7f3) x15 0x00006220 c832_mscratch 0x00006235
core   0: 0x80006fd6 (0x018fb5b3) sltu    a1, t6, s8
core   0: 3 0x80006fd6 (0x018fb5b3) x11 0x00000001
core   0: 0x80006fda (0x017d8f93) addi    t6, s11, 23
core   0: 3 0x80006fda (0x017d8f93) x31 0x00000097
core   0: 0x80006fde (0x00008386) c.mv    t2, ra
core   0: 3 0x80006fde (0x8386) x7  0x80006e6a
core   0: 0x80006fe0 (0x00a36f33) or      t5, t1, a0
core   0: 3 0x80006fe0 (0x00a36f33) x30 0x0002e0bb
core   0: 0x80006fe4 (0x4035df13) srai    t5, a1, 3
core   0: 3 0x80006fe4 (0x4035df13) x30 0x00000000
core   0: 0x80006fe8 (0x002c2f33) slt     t5, s8, sp
core   0: 3 0x80006fe8 (0x002c2f33) x30 0x00000000
core   0: 0x80006fec (0x5806d837) lui     a6, 0x5806d
core   0: 3 0x80006fec (0x5806d837) x16 0x5806d000
core   0: 0x80006ff0 (0x000041f9) c.li    gp, 30
core   0: 3 0x80006ff0 (0x41f9) x3  0x0000001e
core   0: 0x80006ff2 (0x03dd70b3) remu    ra, s10, t4
core   0: 3 0x80006ff2 (0x03dd70b3) x1  0x00000000
core   0: 0x80006ff6 (0x0278d163) bge     a7, t2, pc + 34
core   0: 3 0x80006ff6 (0x0278d163)
core   0: 0x80007018 (0x006448b3) xor     a7, s0, t1
core   0: 3 0x80007018 (0x006448b3) x17 0x80000013
core   0: 0x8000701c (0x00005c7d) c.li    s8, -1
core   0: 3 0x8000701c (0x5c7d) x24 0xffffffff
core   0: 0x8000701e (0x01c9ca33) xor     s4, s3, t3
core   0: 3 0x8000701e (0x01c9ca33) x20 0x8001fdb1
core   0: 0x80007022 (0x0125a833) slt     a6, a1, s2
core   0: 3 0x80007022 (0x0125a833) x16 0x00000000
core   0: 0x80007026 (0x00005f7d) c.li    t5, -1
core   0: 3 0x80007026 (0x5f7d) x30 0xffffffff
core   0: 0x80007028 (0x038bef33) rem     t5, s7, s8
core   0: 3 0x80007028 (0x038bef33) x30 0x00000000
core   0: 0x8000702c (0x41215493) srai    s1, sp, 18
core   0: 3 0x8000702c (0x41215493) x9  0xffffe000
core   0: 0x80007030 (0x340037f3) csrrc   a5, mscratch, zero
core   0: 3 0x80007030 (0x340037f3) x15 0x00006235
core   0: 0x80007034 (0x03da86b3) mul     a3, s5, t4
core   0: 3 0x80007034 (0x03da86b3) x13 0x30efd780
core   0: 0x80007038 (0x000009b2) c.slli  s3, 12
core   0: 3 0x80007038 (0x09b2) x19 0x00005000
core   0: 0x8000703a (0x03a458b3) divu    a7, s0, s10
core   0: 3 0x8000703a (0x03a458b3) x17 0xffffffff
core   0: 0x8000703e (0x02480d63) beq     a6, tp, pc + 58
core   0: 3 0x8000703e (0x02480d63)
core   0: 0x80007078 (0x00a491b3) sll     gp, s1, a0
core   0: 3 0x80007078 (0x00a491b3) x3  0xff800000
core   0: 0x8000707c (0x019ba7b3) slt     a5, s7, s9
core   0: 3 0x8000707c (0x019ba7b3) x15 0x00000001
core   0: 0x80007080 (0x0091e033) or      zero, gp, s1
core   0: 3 0x80007080 (0x0091e033)
core   0: 0x80007084 (0x340212f3) csrrw   t0, mscratch, tp
core   0: 3 0x80007084 (0x340212f3) x5  0x00006235 c832_mscratch 0x00000000
core   0: 0x80007088 (0x00008cad) c.xor   s1, a1
core   0: 3 0x80007088 (0x8cad) x9  0xffffe001
core   0: 0x8000708a (0x0013acb3) slt     s9, t2, ra
core   0: 3 0x8000708a (0x0013acb3) x25 0x00000001
core   0: 0x8000708e (0x024958b3) divu    a7, s2, tp
core   0: 3 0x8000708e (0x024958b3) x17 0xffffffff
core   0: 0x80007092 (0xa6073c93) sltiu   s9, a4, -1440
core   0: 3 0x80007092 (0xa6073c93) x25 0x00000001
core   0: 0x80007096 (0x001550b3) srl     ra, a0, ra
core   0: 3 0x80007096 (0x001550b3) x1  0x0002e0aa
core   0: 0x8000709a (0x0000ca95) c.beqz  a3, pc + 52
core   0: 3 0x8000709a (0xca95)
core   0: 0x8000709c (0x03dc82b3) mul     t0, s9, t4
core   0: 3 0x8000709c (0x03dc82b3) x5  0xfe006e58
core   0: 0x800070a0 (0x340078f3) csrrci  a7, mscratch, 0
core   0: 3 0x800070a0 (0x340078f3) x17 0x00000000
core   0: 0x800070a4 (0x00004f75) c.li    t5, 29
core   0: 3 0x800070a4 (0x4f75) x30 0x0000001d
core   0: 0x800070a6 (0x0039a7b3) slt     a5, s3, gp
core   0: 3 0x800070a6 (0x0039a7b3) x15 0x00000000
core   0: 0x800070aa (0x00006141) c.addi16sp sp, 16
core   0: 3 0x800070aa (0x6141) x2  0x80006e7a
core   0: 0x800070ac (0x02fdc033) div     zero, s11, a5
core   0: 3 0x800070ac (0x02fdc033)
core   0: 0x800070b0 (0x0ff0000f) fence   iorw,iorw
core   0: 3 0x800070b0 (0x0ff0000f)
core   0: 0x800070b4 (0x00006fad) c.lui   t6, 0xb
core   0: 3 0x800070b4 (0x6fad) x31 0x0000b000
core   0: 0x800070b6 (0x000087f9) c.srai  a5, 30
core   0: 3 0x800070b6 (0x87f9) x15 0x00000000
core   0: 0x800070b8 (0x03e5ca63) blt     a1, t5, pc + 52
core   0: 3 0x800070b8 (0x03e5ca63)
core   0: 0x800070ec (0xe6520793) addi    a5, tp, -411
core   0: 3 0x800070ec (0xe6520793) x15 0xfffffe65
core   0: 0x800070f0 (0x34002cf3) csrr    s9, mscratch
core   0: 3 0x800070f0 (0x34002cf3) x25 0x00000000
core   0: 0x800070f4 (0x00008c7e) c.mv    s8, t6
core   0: 3 0x800070f4 (0x8c7e) x24 0x0000b000
core   0: 0x800070f6 (0x34006bf3) csrrsi  s7, mscratch, 0
core   0: 3 0x800070f6 (0x34006bf3) x23 0x00000000
core   0: 0x800070fa (0x01bef363) bgeu    t4, s11, pc + 6
core   0: 3 0x800070fa (0x01bef363)
core   0: 0x80007100 (0x0092b2b3) sltu    t0, t0, s1
core   0: 3 0x80007100 (0x0092b2b3) x5  0x00000001
core   0: 0x80007104 (0xb276c193) xori    gp, a3, -1241
core   0: 3 0x80007104 (0xb276c193) x3  0xcf102ca7
core   0: 0x80007108 (0x3401d3f3) csrrwi  t2, mscratch, 3
core   0: 3 0x80007108 (0x3401d3f3) x7  0x00000000 c832_mscratch 0x00000003
core   0: 0x8000710c (0x012850b3) srl     ra, a6, s2
core   0: 3 0x8000710c (0x012850b3) x1  0x00000000
core   0: 0x80007110 (0x000006fa) c.slli  a3, 30
core   0: 3 0x80007110 (0x06fa) x13 0x00000000
core   0: 0x80007112 (0x00817b63) bgeu    sp, s0, pc + 22
core   0: 3 0x80007112 (0x00817b63)
core   0: 0x80007128 (0x00008de5) c.and   a1, s1
core   0: 3 0x80007128 (0x8de5) x11 0x00000001
core   0: 0x8000712a (0x01356863) bltu    a0, s3, pc + 16
core   0: 3 0x8000712a (0x01356863)
core   0: 0x8000712e (0x00326263) bltu    tp, gp, pc + 4
core   0: 3 0x8000712e (0x00326263)
core   0: 0x80007132 (0x01055ab3) srl     s5, a0, a6
core   0: 3 0x80007132 (0x01055ab3) x21 0x0002e0aa
core   0: 0x80007136 (0x030658b3) divu    a7, a2, a6
core   0: 3 0x80007136 (0x030658b3) x17 0xffffffff
core   0: 0x8000713a (0x00008f61) c.and   a4, s0
core   0: 3 0x8000713a (0x8f61) x14 0x80000000
core   0: 0x8000713c (0x0ff0000f) fence   iorw,iorw
core   0: 3 0x8000713c (0x0ff0000f)
core   0: 0x80007140 (0x03aec4b3) div     s1, t4, s10
core   0: 3 0x80007140 (0x03aec4b3) x9  0xffffffff
core   0: 0x80007144 (0x82daba13) sltiu   s4, s5, -2003
core   0: 3 0x80007144 (0x82daba13) x20 0x00000001
core   0: 0x80007148 (0x34003cf3) csrrc   s9, mscratch, zero
core   0: 3 0x80007148 (0x34003cf3) x25 0x00000003
core   0: 0x8000714c (0x86957993) andi    s3, a0, -1943
core   0: 3 0x8000714c (0x86957993) x19 0x0002e028
core   0: 0x80007150 (0x0037ff63) bgeu    a5, gp, pc + 30
core   0: 3 0x80007150 (0x0037ff63)
core   0: 0x8000716e (0x00001bfd) c.addi  s7, -1
core   0: 3 0x8000716e (0x1bfd) x23 0xffffffff
core   0: 0x80007170 (0x41570ab3) sub     s5, a4, s5
core   0: 3 0x80007170 (0x41570ab3) x21 0x7ffd1f56
core   0: 0x80007174 (0x00006379) c.lui   t1, 0x1e
core   0: 3 0x80007174 (0x6379) x6  0x0001e000
core   0: 0x80007176 (0x03f66863) bltu    a2, t6, pc + 48
core   0: 3 0x80007176 (0x03f66863)
core   0: 0x8000717a (0x022ac733) div     a4, s5, sp
core   0: 3 0x8000717a (0x022ac733) x14 0x00000000
core   0: 0x8000717e (0x00009a5e) c.add   s4, s7
core   0: 3 0x8000717e (0x9a5e) x20 0x00000000
core   0: 0x80007180 (0x037ceb33) rem     s6, s9, s7
core   0: 3 0x80007180 (0x037ceb33) x22 0x00000000
core   0: 0x80007184 (0x00009a42) c.add   s4, a6
core   0: 3 0x80007184 (0x9a42) x20 0x00000000
core   0: 0x80007186 (0x00008eb5) c.xor   a3, a3
core   0: 3 0x80007186 (0x8eb5) x13 0x00000000
core   0: 0x80007188 (0x3bea3f13) sltiu   t5, s4, 958
core   0: 3 0x80007188 (0x3bea3f13) x30 0x00000001
core   0: 0x8000718c (0x01be50b3) srl     ra, t3, s11
core   0: 3 0x8000718c (0x01be50b3) x1  0x8001fdb4
core   0: 0x80007190 (0x0e258593) addi    a1, a1, 226
core   0: 3 0x80007190 (0x0e258593) x11 0x000000e3
core   0: 0x80007194 (0x0058a333) slt     t1, a7, t0
core   0: 3 0x80007194 (0x0058a333) x6  0x00000001
core   0: 0x80007198 (0x7a6ae393) ori     t2, s5, 1958
core   0: 3 0x80007198 (0x7a6ae393) x7  0x7ffd1ff6
core   0: 0x8000719c (0x41bc0eb3) sub     t4, s8, s11
core   0: 3 0x8000719c (0x41bc0eb3) x29 0x0000af80
core   0: 0x800071a0 (0x000002be) c.slli  t0, 15
core   0: 3 0x800071a0 (0x02be) x5  0x00008000
core   0: 0x800071a2 (0x005d4963) blt     s10, t0, pc + 18
core   0: 3 0x800071a2 (0x005d4963)
core   0: 0x800071b4 (0x00000c45) c.addi  s8, 17
core   0: 3 0x800071b4 (0x0c45) x24 0x0000b011
core   0: 0x800071b6 (0x00000001) c.nop
core   0: 3 0x800071b6 (0x0001)
core   0: 0x800071b8 (0x000001f9) c.addi  gp, 30
core   0: 3 0x800071b8 (0x01f9) x3  0xcf102cc5
core   0: 0x800071ba (0x340463f3) csrrsi  t2, mscratch, 8
core   0: 3 0x800071ba (0x340463f3) x7  0x00000003 c832_mscratch 0x0000000b
core   0: 0x800071be (0x031c4fb3) div     t6, s8, a7
core   0: 3 0x800071be (0x031c4fb3) x31 0xffff4fef
core   0: 0x800071c2 (0x79ad6913) ori     s2, s10, 1946
core   0: 3 0x800071c2 (0x79ad6913) x18 0x0000079a
core   0: 0x800071c6 (0x00ee1b33) sll     s6, t3, a4
core   0: 3 0x800071c6 (0x00ee1b33) x22 0x8001fdb4
core   0: 0x800071ca (0x00000001) c.nop
core   0: 3 0x800071ca (0x0001)
core   0: 0x800071cc (0x340032f3) csrrc   t0, mscratch, zero
core   0: 3 0x800071cc (0x340032f3) x5  0x0000000b
core   0: 0x800071d0 (0x00004ac1) c.li    s5, 16
core   0: 3 0x800071d0 (0x4ac1) x21 0x00000010
core   0: 0x800071d2 (0x00569663) bne     a3, t0, pc + 12
core   0: 3 0x800071d2 (0x00569663)
core   0: 0x800071de (0x00008d41) c.or    a0, s0
core   0: 3 0x800071de (0x8d41) x10 0x8002e0aa
core   0: 0x800071e0 (0x02ccb1b3) mulhu   gp, s9, a2
core   0: 3 0x800071e0 (0x02ccb1b3) x3  0x00000001
core   0: 0x800071e4 (0x010ca6b3) slt     a3, s9, a6
core   0: 3 0x800071e4 (0x010ca6b3) x13 0x00000000
core   0: 0x800071e8 (0x000085c9) c.srai  a1, 18
core   0: 3 0x800071e8 (0x85c9) x11 0x00000000
core   0: 0x800071ea (0x340e1273) csrrw   tp, mscratch, t3
core   0: 3 0x800071ea (0x340e1273) x4  0x0000000b c832_mscratch 0x8001fdb4
core   0: 0x800071ee (0x00000001) c.nop
core   0: 3 0x800071ee (0x0001)
core   0: 0x800071f0 (0x00a8e933) or      s2, a7, a0
core   0: 3 0x800071f0 (0x00a8e933) x18 0xffffffff
core   0: 0x800071f4 (0x031b08b3) mul     a7, s6, a7
core   0: 3 0x800071f4 (0x031b08b3) x17 0x7ffe024c
core   0: 0x800071f8 (0x02c335b3) mulhu   a1, t1, a2
core   0: 3 0x800071f8 (0x02c335b3) x11 0x00000000
core   0: 0x800071fc (0x584afa97) auipc   s5, 0x584af
core   0: 3 0x800071fc (0x584afa97) x21 0xd84b61fc
core   0: 0x80007200 (0x34027073) csrci   mscratch, 4
core   0: 3 0x80007200 (0x34027073) c832_mscratch 0x8001fdb0
core   0: 0x80007204 (0x340b3973) csrrc   s2, mscratch, s6
core   0: 3 0x80007204 (0x340b3973) x18 0x8001fdb0 c832_mscratch 0x00000000
core   0: 0x80007208 (0x340ddb73) csrrwi  s6, mscratch, 27
core   0: 3 0x80007208 (0x340ddb73) x22 0x00000000 c832_mscratch 0x0000001b
core   0: 0x8000720c (0x5b1777b7) lui     a5, 0x5b177
core   0: 3 0x8000720c (0x5b1777b7) x15 0x5b177000
core   0: 0x80007210 (0x0000012e) c.slli  sp, 11
core   0: 3 0x80007210 (0x012e) x2  0x0373d000
core   0: 0x80007212 (0x41630f33) sub     t5, t1, s6
core   0: 3 0x80007212 (0x41630f33) x30 0x00000001
core   0: 0x80007216 (0x00006139) c.addi16sp sp, 448
core   0: 3 0x80007216 (0x6139) x2  0x0373d1c0
core   0: 0x80007218 (0x000091f2) c.add   gp, t3
core   0: 3 0x80007218 (0x91f2) x3  0x8001fdb5
core   0: 0x8000721a (0x02863eb3) mulhu   t4, a2, s0
core   0: 3 0x8000721a (0x02863eb3) x29 0x40011e72
core   0: 0x8000721e (0x0000848e) c.mv    s1, gp
core   0: 3 0x8000721e (0x848e) x9  0x8001fdb5
core   0: 0x80007220 (0x0000eb05) c.bnez  a4, pc + 48
core   0: 3 0x80007220 (0xeb05)
core   0: 0x80007222 (0x41ef5fb3) sra     t6, t5, t5
core   0: 3 0x80007222 (0x41ef5fb3) x31 0x00000000
core   0: 0x80007226 (0xd5d42697) auipc   a3, 0xd5d42
core   0: 3 0x80007226 (0xd5d42697) x13 0x55d49226
core   0: 0x8000722a (0x0000100f) fence.i
core   0: 3 0x8000722a (0x0000100f)
core   0: 0x8000722e (0x7acdf493) andi    s1, s11, 1964
core   0: 3 0x8000722e (0x7acdf493) x9  0x00000080
core   0: 0x80007232 (0x34061cf3) csrrw   s9, mscratch, a2
core   0: 3 0x80007232 (0x34061cf3) x25 0x0000001b c832_mscratch 0x80023ce4
core   0: 0x80007236 (0x00004741) c.li    a4, 16
core   0: 3 0x80007236 (0x4741) x14 0x00000010
core   0: 0x80007238 (0x03b8c863) blt     a7, s11, pc + 48
core   0: 3 0x80007238 (0x03b8c863)
core   0: 0x8000723c (0x002d7833) and     a6, s10, sp
core   0: 3 0x8000723c (0x002d7833) x16 0x00000000
core   0: 0x80007240 (0x02437133) remu    sp, t1, tp
core   0: 3 0x80007240 (0x02437133) x2  0x00000001
core   0: 0x80007244 (0x02635f63) bge     t1, t1, pc + 62
core   0: 3 0x80007244 (0x02635f63)
core   0: 0x80007282 (0x00c8b133) sltu    sp, a7, a2
core   0: 3 0x80007282 (0x00c8b133) x2  0x00000001
core   0: 0x80007286 (0x4960a693) slti    a3, ra, 1174
core   0: 3 0x80007286 (0x4960a693) x13 0x00000001
core   0: 0x8000728a (0x340119f3) csrrw   s3, mscratch, sp
core   0: 3 0x8000728a (0x340119f3) x19 0x80023ce4 c832_mscratch 0x00000001
core   0: 0x8000728e (0x7c72af13) slti    t5, t0, 1991
core   0: 3 0x8000728e (0x7c72af13) x30 0x00000001
core   0: 0x80007292 (0x02e61cb3) mulh    s9, a2, a4
core   0: 3 0x80007292 (0x02e61cb3) x25 0xfffffff8
core   0: 0x80007296 (0x0000ed15) c.bnez  a0, pc + 60
core   0: 3 0x80007296 (0xed15)
core   0: 0x800072d2 (0x00ad0c33) add     s8, s10, a0
core   0: 3 0x800072d2 (0x00ad0c33) x24 0x8002e0aa
core   0: 0x800072d6 (0x4050da93) srai    s5, ra, 5
core   0: 3 0x800072d6 (0x4050da93) x21 0xfc000fed
core   0: 0x800072da (0x00006e89) c.lui   t4, 0x2
core   0: 3 0x800072da (0x6e89) x29 0x00002000
core   0: 0x800072dc (0x00f80f63) beq     a6, a5, pc + 30
core   0: 3 0x800072dc (0x00f80f63)
core   0: 0x800072e0 (0x05f6c263) blt     a3, t6, pc + 68
core   0: 3 0x800072e0 (0x05f6c263)
core   0: 0x800072e4 (0x02630ab3) mul     s5, t1, t1
core   0: 3 0x800072e4 (0x02630ab3) x21 0x00000001
core   0: 0x800072e8 (0x00009f76) c.add   t5, t4
core   0: 3 0x800072e8 (0x9f76) x30 0x00002001
core   0: 0x800072ea (0x00855113) srli    sp, a0, 8
core   0: 3 0x800072ea (0x00855113) x2  0x008002e0
core   0: 0x800072ee (0x340656f3) csrrwi  a3, mscratch, 12
core   0: 3 0x800072ee (0x340656f3) x13 0x00000001 c832_mscratch 0x0000000c
core   0: 0x800072f2 (0x340021f3) csrr    gp, mscratch
core   0: 3 0x800072f2 (0x340021f3) x3  0x0000000c
core   0: 0x800072f6 (0x02542b33) mulhsu  s6, s0, t0
core   0: 3 0x800072f6 (0x02542b33) x22 0xfffffffa
core   0: 0x800072fa (0x0000839a) c.mv    t2, t1
core   0: 3 0x800072fa (0x839a) x7  0x00000001
core   0: 0x800072fc (0x008e2333) slt     t1, t3, s0
core   0: 3 0x800072fc (0x008e2333) x6  0x00000000
core   0: 0x80007300 (0x027fb9b3) mulhu   s3, t6, t2
core   0: 3 0x80007300 (0x027fb9b3) x19 0x00000000
core   0: 0x80007304 (0x00b65593) srli    a1, a2, 11
core   0: 3 0x80007304 (0x00b65593) x11 0x00100047
core   0: 0x80007308 (0x03918ab3) mul     s5, gp, s9
core   0: 3 0x80007308 (0x03918ab3) x21 0xffffffa0
core   0: 0x8000730c (0x340a5173) csrrwi  sp, mscratch, 20
core   0: 3 0x8000730c (0x340a5173) x2  0x0000000c c832_mscratch 0x00000014
core   0: 0x80007310 (0x0000c50d) c.beqz  a0, pc + 42
core   0: 3 0x80007310 (0xc50d)
core   0: 0x80007312 (0x00008775) c.srai  a4, 29
core   0: 3 0x80007312 (0x8775) x14 0x00000000
core   0: 0x80007314 (0x013406b3) add     a3, s0, s3
core   0: 3 0x80007314 (0x013406b3) x13 0x80000000
core   0: 0x80007318 (0x01db44b3) xor     s1, s6, t4
core   0: 3 0x80007318 (0x01db44b3) x9  0xffffdffa
core   0: 0x8000731c (0x02dbb9b3) mulhu   s3, s7, a3
core   0: 3 0x8000731c (0x02dbb9b3) x19 0x7fffffff
core   0: 0x80007320 (0x03854663) blt     a0, s8, pc + 44
core   0: 3 0x80007320 (0x03854663)
core   0: 0x80007324 (0x00000001) c.nop
core   0: 3 0x80007324 (0x0001)
core   0: 0x80007326 (0x02eb9863) bne     s7, a4, pc + 48
core   0: 3 0x80007326 (0x02eb9863)
core   0: 0x80007356 (0x023f7333) remu    t1, t5, gp
core   0: 3 0x80007356 (0x023f7333) x6  0x00000009
core   0: 0x8000735a (0x07e5e263) bltu    a1, t5, pc + 100
core   0: 3 0x8000735a (0x07e5e263)
core   0: 0x8000735e (0x00008ee9) c.and   a3, a0
core   0: 3 0x8000735e (0x8ee9) x13 0x80000000
core   0: 0x80007360 (0x01b35763) bge     t1, s11, pc + 14
core   0: 3 0x80007360 (0x01b35763)
core   0: 0x80007364 (0x001d0933) add     s2, s10, ra
core   0: 3 0x80007364 (0x001d0933) x18 0x8001fdb4
core   0: 0x80007368 (0x0f35ea13) ori     s4, a1, 243
core   0: 3 0x80007368 (0x0f35ea13) x20 0x001000f7
core   0: 0x8000736c (0x00008ca5) c.xor   s1, s1
core   0: 3 0x8000736c (0x8ca5) x9  0x00000000
core   0: 0x8000736e (0x012bc0b3) xor     ra, s7, s2
core   0: 3 0x8000736e (0x012bc0b3) x1  0x7ffe024b
core   0: 0x80007372 (0x036c6b33) rem     s6, s8, s6
core   0: 3 0x80007372 (0x036c6b33) x22 0xfffffffe
core   0: 0x80007376 (0x00008d81) c.sub   a1, s0
core   0: 3 0x80007376 (0x8d81) x11 0x80100047
core   0: 0x80007378 (0x0000e735) c.bnez  a4, pc + 108
core   0: 3 0x80007378 (0xe735)
core   0: 0x8000737a (0x016001ef) jal     gp, pc + 0x16
core   0: 3 0x8000737a (0x016001ef) x3  0x8000737e
core   0: 0x80007390 (0xff7ff0ef) jal     pc - 0xa
core   0: 3 0x80007390 (0xff7ff0ef) x1  0x80007394
core   0: 0x80007386 (0x0000a015) c.j     pc + 36
core   0: 3 0x80007386 (0xa015)
core   0: 0x800073aa (0x000037ed) c.jal   pc - 22
core   0: 3 0x800073aa (0x37ed) x1  0x800073ac
core   0: 0x80007394 (0x00e0036f) jal     t1, pc + 0xe
core   0: 3 0x80007394 (0x00e0036f) x6  0x80007398
core   0: 0x800073a2 (0x00003fe5) c.jal   pc - 8
core   0: 3 0x800073a2 (0x3fe5) x1  0x800073a4
core   0: 0x8000739a (0x0000bfd5) c.j     pc - 12
core   0: 3 0x8000739a (0xbfd5)
core   0: 0x8000738e (0x0000bfed) c.j     pc - 6
core   0: 3 0x8000738e (0xbfed)
core   0: 0x80007388 (0x00002821) c.jal   pc + 24
core   0: 3 0x80007388 (0x2821) x1  0x8000738a
core   0: 0x800073a0 (0x0000bff9) c.j     pc - 34
core   0: 3 0x800073a0 (0xbff9)
core   0: 0x8000737e (0x00002031) c.jal   pc + 12
core   0: 3 0x8000737e (0x2031) x1  0x80007380
core   0: 0x8000738a (0x0000200d) c.jal   pc + 34
core   0: 3 0x8000738a (0x200d) x1  0x8000738c
core   0: 0x800073ac (0x0000bfe5) c.j     pc - 8
core   0: 3 0x800073ac (0xbfe5)
core   0: 0x800073a4 (0xfe9ff0ef) jal     pc - 0x18
core   0: 3 0x800073a4 (0xfe9ff0ef) x1  0x800073a8
core   0: 0x8000738c (0x0000bfe5) c.j     pc - 8
core   0: 3 0x8000738c (0xbfe5)
core   0: 0x80007384 (0x00002811) c.jal   pc + 20
core   0: 3 0x80007384 (0x2811) x1  0x80007386
core   0: 0x80007398 (0x0000a011) c.j     pc + 4
core   0: 3 0x80007398 (0xa011)
core   0: 0x8000739c (0xfe5ff0ef) jal     pc - 0x1c
core   0: 3 0x8000739c (0xfe5ff0ef) x1  0x800073a0
core   0: 0x80007380 (0x02e000ef) jal     pc + 0x2e
core   0: 3 0x80007380 (0x02e000ef) x1  0x80007384
core   0: 0x800073ae (0x0000bfed) c.j     pc - 6
core   0: 3 0x800073ae (0xbfed)
core   0: 0x800073a8 (0x00002021) c.jal   pc + 8
core   0: 3 0x800073a8 (0x2021) x1  0x800073aa
core   0: 0x800073b0 (0x03ddb0b3) mulhu   ra, s11, t4
core   0: 3 0x800073b0 (0x03ddb0b3) x1  0x00000000
core   0: 0x800073b4 (0x03c26f33) rem     t5, tp, t3
core   0: 3 0x800073b4 (0x03c26f33) x30 0x0000000b
core   0: 0x800073b8 (0x00000001) c.nop
core   0: 3 0x800073b8 (0x0001)
core   0: 0x800073ba (0x3b017113) andi    sp, sp, 944
core   0: 3 0x800073ba (0x3b017113) x2  0x00000000
core   0: 0x800073be (0x010fe663) bltu    t6, a6, pc + 12
core   0: 3 0x800073be (0x010fe663)
core   0: 0x800073c2 (0x0ff0000f) fence   iorw,iorw
core   0: 3 0x800073c2 (0x0ff0000f)
core   0: 0x800073c6 (0x01e51913) slli    s2, a0, 30
core   0: 3 0x800073c6 (0x01e51913) x18 0x80000000
core   0: 0x800073ca (0x340ae0f3) csrrsi  ra, mscratch, 21
core   0: 3 0x800073ca (0x340ae0f3) x1  0x00000014 c832_mscratch 0x00000015
core   0: 0x800073ce (0x00a54233) xor     tp, a0, a0
core   0: 3 0x800073ce (0x00a54233) x4  0x00000000
core   0: 0x800073d2 (0x008ba4b3) slt     s1, s7, s0
core   0: 3 0x800073d2 (0x008ba4b3) x9  0x00000000
core   0: 0x800073d6 (0x006a9393) slli    t2, s5, 6
core   0: 3 0x800073d6 (0x006a9393) x7  0xffffe800
core   0: 0x800073da (0x2f06f237) lui     tp, 0x2f06f
core   0: 3 0x800073da (0x2f06f237) x4  0x2f06f000
core   0: 0x800073de (0x000056fd) c.li    a3, -1
core   0: 3 0x800073de (0x56fd) x13 0xffffffff
core   0: 0x800073e0 (0xc2cce693) ori     a3, s9, -980
core   0: 3 0x800073e0 (0xc2cce693) x13 0xfffffffc
core   0: 0x800073e4 (0x00000001) c.nop
core   0: 3 0x800073e4 (0x0001)
core   0: 0x800073e6 (0x000013fd) c.addi  t2, -1
core   0: 3 0x800073e6 (0x13fd) x7  0xffffe7ff
core   0: 0x800073e8 (0x00008d55) c.or    a0, a3
core   0: 3 0x800073e8 (0x8d55) x10 0xfffffffe
core   0: 0x800073ea (0x000082d1) c.srli  a3, 20
core   0: 3 0x800073ea (0x82d1) x13 0x00000fff
core   0: 0x800073ec (0x00008cbd) c.xor   s1, a5
core   0: 3 0x800073ec (0x8cbd) x9  0x5b177000
core   0: 0x800073ee (0x012f9fb3) sll     t6, t6, s2
core   0: 3 0x800073ee (0x012f9fb3) x31 0x00000000
core   0: 0x800073f2 (0x01357d63) bgeu    a0, s3, pc + 26
core   0: 3 0x800073f2 (0x01357d63)
core   0: 0x8000740c (0x00008da1) c.xor   a1, s0
core   0: 3 0x8000740c (0x8da1) x11 0x00100047
core   0: 0x8000740e (0x34029173) csrrw   sp, mscratch, t0
core   0: 3 0x8000740e (0x34029173) x2  0x00000015 c832_mscratch 0x0000000b
core   0: 0x80007412 (0x411b0b33) sub     s6, s6, a7
core   0: 3 0x80007412 (0x411b0b33) x22 0x8001fdb2
core   0: 0x80007416 (0x03060bb3) mul     s7, a2, a6
core   0: 3 0x80007416 (0x03060bb3) x23 0x00000000
core   0: 0x8000741a (0x000098fd) c.andi  s1, -1
core   0: 3 0x8000741a (0x98fd) x9  0x5b177000
core   0: 0x8000741c (0x0000cd89) c.beqz  a1, pc + 26
core   0: 3 0x8000741c (0xcd89)
core   0: 0x8000741e (0x00006c41) c.lui   s8, 0x10
core   0: 3 0x8000741e (0x6c41) x24 0x00010000
core   0: 0x80007420 (0x2b593913) sltiu   s2, s2, 693
core   0: 3 0x80007420 (0x2b593913) x18 0x00000000
core   0: 0x80007424 (0x34003073) csrc    mscratch, zero
core   0: 3 0x80007424 (0x34003073)
core   0: 0x80007428 (0x03038b33) mul     s6, t2, a6
core   0: 3 0x80007428 (0x03038b33) x22 0x00000000
core   0: 0x8000742c (0x01ede233) or      tp, s11, t5
core   0: 3 0x8000742c (0x01ede233) x4  0x0000008b
core   0: 0x80007430 (0x00399db3) sll     s11, s3, gp
core   0: 3 0x80007430 (0x00399db3) x27 0xc0000000
core   0: 0x80007434 (0x00008cf9) c.and   s1, a4
core   0: 3 0x80007434 (0x8cf9) x9  0x00000000
core   0: 0x80007436 (0x00000001) c.nop
core   0: 3 0x80007436 (0x0001)
core   0: 0x80007438 (0x00008fd5) c.or    a5, a3
core   0: 3 0x80007438 (0x8fd5) x15 0x5b177fff
core   0: 0x8000743a (0x03c7ad33) mulhsu  s10, a5, t3
core   0: 3 0x8000743a (0x03c7ad33) x26 0x2d8c755d
core   0: 0x8000743e (0x00008bd6) c.mv    s7, s5
core   0: 3 0x8000743e (0x8bd6) x23 0xffffffa0
core   0: 0x80007440 (0x000090be) c.add   ra, a5
core   0: 3 0x80007440 (0x90be) x1  0x5b178013
core   0: 0x80007442 (0x00afabb3) slt     s7, t6, a0
core   0: 3 0x80007442 (0x00afabb3) x23 0x00000000
core   0: 0x80007446 (0x01f25e93) srli    t4, tp, 31
core   0: 3 0x80007446 (0x01f25e93) x29 0x00000000
core   0: 0x8000744a (0x3409bcf3) csrrc   s9, mscratch, s3
core   0: 3 0x8000744a (0x3409bcf3) x25 0x0000000b c832_mscratch 0x00000000
core   0: 0x8000744e (0x0000717d) c.addi16sp sp, -16
core   0: 3 0x8000744e (0x717d) x2  0x00000005
core   0: 0x80007450 (0x000098fd) c.andi  s1, -1
core   0: 3 0x80007450 (0x98fd) x9  0x00000000
core   0: 0x80007452 (0x031055b3) divu    a1, zero, a7
core   0: 3 0x80007452 (0x031055b3) x11 0x00000000
core   0: 0x80007456 (0x03b1d863) bge     gp, s11, pc + 48
core   0: 3 0x80007456 (0x03b1d863)
core   0: 0x8000745a (0x805b2b93) slti    s7, s6, -2043
core   0: 3 0x8000745a (0x805b2b93) x23 0x00000000
core   0: 0x8000745e (0x34003073) csrc    mscratch, zero
core   0: 3 0x8000745e (0x34003073)
core   0: 0x80007462 (0xa0fca393) slti    t2, s9, -1521
core   0: 3 0x80007462 (0xa0fca393) x7  0x00000000
core   0: 0x80007466 (0x03edbeb3) mulhu   t4, s11, t5
core   0: 3 0x80007466 (0x03edbeb3) x29 0x00000008
core   0: 0x8000746a (0x02d411b3) mulh    gp, s0, a3
core   0: 3 0x8000746a (0x02d411b3) x3  0xfffff800
core   0: 0x8000746e (0x00008f85) c.sub   a5, s1
core   0: 3 0x8000746e (0x8f85) x15 0x5b177fff
core   0: 0x80007470 (0x00212133) slt     sp, sp, sp
core   0: 3 0x80007470 (0x00212133) x2  0x00000000
core   0: 0x80007474 (0x03b23c33) mulhu   s8, tp, s11
core   0: 3 0x80007474 (0x03b23c33) x24 0x00000068
core   0: 0x80007478 (0x00006131) c.addi16sp sp, 320
core   0: 3 0x80007478 (0x6131) x2  0x00000140
core   0: 0x8000747a (0x00008be2) c.mv    s7, s8
core   0: 3 0x8000747a (0x8be2) x23 0x00000068
core   0: 0x8000747c (0x00008d29) c.xor   a0, a0
core   0: 3 0x8000747c (0x8d29) x10 0x00000000
core   0: 0x8000747e (0x6587bd13) sltiu   s10, a5, 1624
core   0: 3 0x8000747e (0x6587bd13) x26 0x00000000
core   0: 0x80007482 (0x410d58b3) sra     a7, s10, a6
core   0: 3 0x80007482 (0x410d58b3) x17 0x00000000
core   0: 0x80007486 (0x0ff0000f) fence   iorw,iorw
core   0: 3 0x80007486 (0x0ff0000f)
core   0: 0x8000748a (0x029fc5b3) div     a1, t6, s1
core   0: 3 0x8000748a (0x029fc5b3) x11 0xffffffff
core   0: 0x8000748e (0xc5c60c13) addi    s8, a2, -932
core   0: 3 0x8000748e (0xc5c60c13) x24 0x80023940
core   0: 0x80007492 (0x016de863) bltu    s11, s6, pc + 16
core   0: 3 0x80007492 (0x016de863)
core   0: 0x80007496 (0x7eb26a93) ori     s5, tp, 2027
core   0: 3 0x80007496 (0x7eb26a93) x21 0x000007eb
core   0: 0x8000749a (0x000018fd) c.addi  a7, -1
core   0: 3 0x8000749a (0x18fd) x17 0xffffffff
core   0: 0x8000749c (0x03867763) bgeu    a2, s8, pc + 46
core   0: 3 0x8000749c (0x03867763)
core   0: 0x800074ca (0x26c68513) addi    a0, a3, 620
core   0: 3 0x800074ca (0x26c68513) x10 0x0000126b
core   0: 0x800074ce (0x34042173) csrrs   sp, mscratch, s0
core   0: 3 0x800074ce (0x34042173) x2  0x00000000 c832_mscratch 0x80000000
core   0: 0x800074d2 (0x00009586) c.add   a1, ra
core   0: 3 0x800074d2 (0x9586) x11 0x5b178012
core   0: 0x800074d4 (0x01a5a733) slt     a4, a1, s10
core   0: 3 0x800074d4 (0x01a5a733) x14 0x00000000
core   0: 0x800074d8 (0x00009a32) c.add   s4, a2
core   0: 3 0x800074d8 (0x9a32) x20 0x80123ddb
core   0: 0x800074da (0x019b6c63) bltu    s6, s9, pc + 24
core   0: 3 0x800074da (0x019b6c63)
core   0: 0x800074f2 (0x340dbbf3) csrrc   s7, mscratch, s11
core   0: 3 0x800074f2 (0x340dbbf3) x23 0x80000000 c832_mscratch 0x00000000
core   0: 0x800074f6 (0x40b78bb3) sub     s7, a5, a1
core   0: 3 0x800074f6 (0x40b78bb3) x23 0xffffffed
core   0: 0x800074fa (0x03817333) remu    t1, sp, s8
core   0: 3 0x800074fa (0x03817333) x6  0x00000000
core   0: 0x800074fe (0x0000653d) c.lui   a0, 0xf
core   0: 3 0x800074fe (0x653d) x10 0x0000f000
core   0: 0x80007500 (0x0000537d) c.li    t1, -1
core   0: 3 0x80007500 (0x537d) x6  0xffffffff
core   0: 0x80007502 (0x0000100f) fence.i
core   0: 3 0x80007502 (0x0000100f)
core   0: 0x80007506 (0x00008fa5) c.xor   a5, s1
core   0: 3 0x80007506 (0x8fa5) x15 0x5b177fff
core   0: 0x80007508 (0x022604b3) mul     s1, a2, sp
core   0: 3 0x80007508 (0x022604b3) x9  0x00000000
core   0: 0x8000750c (0x3402da73) csrrwi  s4, mscratch, 5
core   0: 3 0x8000750c (0x3402da73) x20 0x00000000 c832_mscratch 0x00000005
core   0: 0x80007510 (0x00ca9593) slli    a1, s5, 12
core   0: 3 0x80007510 (0x00ca9593) x11 0x007eb000
core   0: 0x80007514 (0x02cf4c33) div     s8, t5, a2
core   0: 3 0x80007514 (0x02cf4c33) x24 0x00000000
core   0: 0x80007518 (0x000089b1) c.andi  a1, 12
core   0: 3 0x80007518 (0x89b1) x11 0x00000000
core   0: 0x8000751a (0x01bd6cb3) or      s9, s10, s11
core   0: 3 0x8000751a (0x01bd6cb3) x25 0xc0000000
core   0: 0x8000751e (0x340073f3) csrrci  t2, mscratch, 0
core   0: 3 0x8000751e (0x340073f3) x7  0x00000005
core   0: 0x80007522 (0x0191b0b3) sltu    ra, gp, s9
core   0: 3 0x80007522 (0x0191b0b3) x1  0x00000000
core   0: 0x80007526 (0x340a9ff3) csrrw   t6, mscratch, s5
core   0: 3 0x80007526 (0x340a9ff3) x31 0x00000005 c832_mscratch 0x000007eb
core   0: 0x8000752a (0xb9833813) sltiu   a6, t1, -1128
core   0: 3 0x8000752a (0xb9833813) x16 0x00000000
core   0: 0x8000752e (0x00008cb5) c.xor   s1, a3
core   0: 3 0x8000752e (0x8cb5) x9  0x00000fff
core   0: 0x80007530 (0x3406baf3) csrrc   s5, mscratch, a3
core   0: 3 0x80007530 (0x3406baf3) x21 0x000007eb c832_mscratch 0x00000000
core   0: 0x80007534 (0x340066f3) csrrsi  a3, mscratch, 0
core   0: 3 0x80007534 (0x340066f3) x13 0x00000000
core   0: 0x80007538 (0x0000717d) c.addi16sp sp, -16
core   0: 3 0x80007538 (0x717d) x2  0xfffffff0
core   0: 0x8000753a (0x00008edd) c.or    a3, a5
core   0: 3 0x8000753a (0x8edd) x13 0x5b177fff
core   0: 0x8000753c (0x02ee5663) bge     t3, a4, pc + 44
core   0: 3 0x8000753c (0x02ee5663)
core   0: 0x80007540 (0x000084d9) c.srai  s1, 22
core   0: 3 0x80007540 (0x84d9) x9  0x00000000
core   0: 0x80007542 (0x00008be5) c.andi  a5, 25
core   0: 3 0x80007542 (0x8be5) x15 0x00000019
core   0: 0x80007544 (0x01fbc5b3) xor     a1, s7, t6
core   0: 3 0x80007544 (0x01fbc5b3) x11 0xffffffe8
core   0: 0x80007548 (0x00009cbe) c.add   s9, a5
core   0: 3 0x80007548 (0x9cbe) x25 0xc0000019
core   0: 0x8000754a (0x019e43b3) xor     t2, t3, s9
core   0: 3 0x8000754a (0x019e43b3) x7  0x4001fdad
core   0: 0x8000754e (0x025321b3) mulhsu  gp, t1, t0
core   0: 3 0x8000754e (0x025321b3) x3  0xffffffff
core   0: 0x80007552 (0x261f2037) lui     zero, 0x261f2
core   0: 3 0x80007552 (0x261f2037)
core   0: 0x80007556 (0x00000001) c.nop
core   0: 3 0x80007556 (0x0001)
core   0: 0x80007558 (0x4063d133) sra     sp, t2, t1
core   0: 3 0x80007558 (0x4063d133) x2  0x00000000
core   0: 0x8000755c (0x00006d65) c.lui   s10, 0x19
core   0: 3 0x8000755c (0x6d65) x26 0x00019000
core   0: 0x8000755e (0x12713493) sltiu   s1, sp, 295
core   0: 3 0x8000755e (0x12713493) x9  0x00000001
core   0: 0x80007562 (0x027ac033) div     zero, s5, t2
core   0: 3 0x80007562 (0x027ac033)
core   0: 0x80007566 (0x00008751) c.srai  a4, 20
core   0: 3 0x80007566 (0x8751) x14 0x00000000
core   0: 0x80007568 (0x340934f3) csrrc   s1, mscratch, s2
core   0: 3 0x80007568 (0x340934f3) x9  0x00000000 c832_mscratch 0x00000000
core   0: 0x8000756c (0x340e1573) csrrw   a0, mscratch, t3
core   0: 3 0x8000756c (0x340e1573) x10 0x00000000 c832_mscratch 0x8001fdb4
core   0: 0x80007570 (0x01715eb3) srl     t4, sp, s7
core   0: 3 0x80007570 (0x01715eb3) x29 0x00000000
core   0: 0x80007574 (0xe1e28f93) addi    t6, t0, -482
core   0: 3 0x80007574 (0xe1e28f93) x31 0xfffffe29
core   0: 0x80007578 (0x31596713) ori     a4, s2, 789
core   0: 3 0x80007578 (0x31596713) x14 0x00000315
core   0: 0x8000757c (0x00006a29) c.lui   s4, 0xa
core   0: 3 0x8000757c (0x6a29) x20 0x0000a000
core   0: 0x8000757e (0x00c7d513) srli    a0, a5, 12
core   0: 3 0x8000757e (0x00c7d513) x10 0x00000000
core   0: 0x80007582 (0x00008162) c.mv    sp, s8
core   0: 3 0x80007582 (0x8162) x2  0x00000000
core   0: 0x80007584 (0xc87d6213) ori     tp, s10, -889
core   0: 3 0x80007584 (0xc87d6213) x4  0xfffffc87
core   0: 0x80007588 (0x00008d59) c.or    a0, a4
core   0: 3 0x80007588 (0x8d59) x10 0x00000315
core   0: 0x8000758a (0x00006711) c.lui   a4, 0x4
core   0: 3 0x8000758a (0x6711) x14 0x00004000
core   0: 0x8000758c (0x0000100f) fence.i
core   0: 3 0x8000758c (0x0000100f)
core   0: 0x80007590 (0x00008da1) c.xor   a1, s0
core   0: 3 0x80007590 (0x8da1) x11 0x7fffffe8
core   0: 0x80007592 (0x00001e9c) c.addi4spn a5, sp, 880
core   0: 3 0x80007592 (0x1e9c) x15 0x00000370
core   0: 0x80007594 (0xdda5be93) sltiu   t4, a1, -550
core   0: 3 0x80007594 (0xdda5be93) x29 0x00000001
core   0: 0x80007598 (0x0163d863) bge     t2, s6, pc + 16
core   0: 3 0x80007598 (0x0163d863)
core   0: 0x800075a8 (0x03728e63) beq     t0, s7, pc + 60
core   0: 3 0x800075a8 (0x03728e63)
core   0: 0x800075ac (0x41325bb3) sra     s7, tp, s3
core   0: 3 0x800075ac (0x41325bb3) x23 0xffffffff
core   0: 0x800075b0 (0x02c16db3) rem     s11, sp, a2
core   0: 3 0x800075b0 (0x02c16db3) x27 0x00000000
core   0: 0x800075b4 (0x00659a33) sll     s4, a1, t1
core   0: 3 0x800075b4 (0x00659a33) x20 0x00000000
core   0: 0x800075b8 (0x0291a3b3) mulhsu  t2, gp, s1
core   0: 3 0x800075b8 (0x0291a3b3) x7  0x00000000
core   0: 0x800075bc (0x020fc063) bltz    t6, pc + 32
core   0: 3 0x800075bc (0x020fc063)
core   0: 0x800075dc (0x039f9b33) mulh    s6, t6, s9
core   0: 3 0x800075dc (0x039f9b33) x22 0x00000075
core   0: 0x800075e0 (0x025ce363) bltu    s9, t0, pc + 38
core   0: 3 0x800075e0 (0x025ce363)
core   0: 0x800075e4 (0x01d08463) beq     ra, t4, pc + 8
core   0: 3 0x800075e4 (0x01d08463)
core   0: 0x800075e8 (0x01a08733) add     a4, ra, s10
core   0: 3 0x800075e8 (0x01a08733) x14 0x00019000
core   0: 0x800075ec (0x021ac363) blt     s5, ra, pc + 38
core   0: 3 0x800075ec (0x021ac363)
core   0: 0x800075f0 (0x0493c163) blt     t2, s1, pc + 66
core   0: 3 0x800075f0 (0x0493c163)
core   0: 0x800075f4 (0x41e0ddb3) sra     s11, ra, t5
core   0: 3 0x800075f4 (0x41e0ddb3) x27 0x00000000
core   0: 0x800075f8 (0x0000ed15) c.bnez  a0, pc + 60
core   0: 3 0x800075f8 (0xed15)
core   0: 0x80007634 (0x00009556) c.add   a0, s5
core   0: 3 0x80007634 (0x9556) x10 0x00000b00
core   0: 0x80007636 (0x01efa0b3) slt     ra, t6, t5
core   0: 3 0x80007636 (0x01efa0b3) x1  0x00000001
core   0: 0x8000763a (0x54993793) sltiu   a5, s2, 1353
core   0: 3 0x8000763a (0x54993793) x15 0x00000001
core   0: 0x8000763e (0x006949b3) xor     s3, s2, t1
core   0: 3 0x8000763e (0x006949b3) x19 0xffffffff
core   0: 0x80007642 (0x000011fd) c.addi  gp, -1
core   0: 3 0x80007642 (0x11fd) x3  0xfffffffe
core   0: 0x80007644 (0x340ab073) csrc    mscratch, s5
core   0: 3 0x80007644 (0x340ab073) c832_mscratch 0x8001f814
core   0: 0x80007648 (0x017fc363) blt     t6, s7, pc + 6
core   0: 3 0x80007648 (0x017fc363)
core   0: 0x8000764e (0x00008fc5) c.or    a5, s1
core   0: 3 0x8000764e (0x8fc5) x15 0x00000001
core   0: 0x80007650 (0x0000eb19) c.bnez  a4, pc + 22
core   0: 3 0x80007650 (0xeb19)
core   0: 0x80007666 (0x413fd693) srai    a3, t6, 19
core   0: 3 0x80007666 (0x413fd693) x13 0xffffffff
core   0: 0x8000766a (0x34075df3) csrrwi  s11, mscratch, 14
core   0: 3 0x8000766a (0x34075df3) x27 0x8001f814 c832_mscratch 0x0000000e
core   0: 0x8000766e (0x403e07b3) sub     a5, t3, gp
core   0: 3 0x8000766e (0x403e07b3) x15 0x8001fdb6
core   0: 0x80007672 (0x012001ef) jal     gp, pc + 0x12
core   0: 3 0x80007672 (0x012001ef) x3  0x80007676
core   0: 0x80007684 (0x0000a025) c.j     pc + 40
core   0: 3 0x80007684 (0xa025)
core   0: 0x800076ac (0xfedff36f) jal     t1, pc - 0x14
core   0: 3 0x800076ac (0xfedff36f) x6  0x800076b0
core   0: 0x80007698 (0xfefffbef) jal     s7, pc - 0x12
core   0: 3 0x80007698 (0xfefffbef) x23 0x8000769c
core   0: 0x80007686 (0x0000a011) c.j     pc + 4
core   0: 3 0x80007686 (0xa011)
core   0: 0x8000768a (0x0000a019) c.j     pc + 6
core   0: 3 0x8000768a (0xa019)
core   0: 0x80007690 (0x00002829) c.jal   pc + 26
core   0: 3 0x80007690 (0x2829) x1  0x80007692
core   0: 0x800076aa (0x0000b7f9) c.j     pc - 50
core   0: 3 0x800076aa (0xb7f9)
core   0: 0x80007678 (0x0300036f) jal     t1, pc + 0x30
core   0: 3 0x80007678 (0x0300036f) x6  0x8000767c
core   0: 0x800076a8 (0x0000bffd) c.j     pc - 2
core   0: 3 0x800076a8 (0xbffd)
core   0: 0x800076a6 (0x0000b7e5) c.j     pc - 24
core   0: 3 0x800076a6 (0xb7e5)
core   0: 0x8000768e (0x00002019) c.jal   pc + 6
core   0: 3 0x8000768e (0x2019) x1  0x80007690
core   0: 0x80007694 (0xfebff0ef) jal     pc - 0x16
core   0: 3 0x80007694 (0xfebff0ef) x1  0x80007698
core   0: 0x8000767e (0x01e000ef) jal     pc + 0x1e
core   0: 3 0x8000767e (0x01e000ef) x1  0x80007682
core   0: 0x8000769c (0x00002019) c.jal   pc + 6
core   0: 3 0x8000769c (0x2019) x1  0x8000769e
core   0: 0x800076a2 (0x010000ef) jal     pc + 0x10
core   0: 3 0x800076a2 (0x010000ef) x1  0x800076a6
core   0: 0x800076b2 (0x0000b7c5) c.j     pc - 32
core   0: 3 0x800076b2 (0xb7c5)
core   0: 0x80007692 (0x000037d5) c.jal   pc - 28
core   0: 3 0x80007692 (0x37d5) x1  0x80007694
core   0: 0x80007676 (0x0000a819) c.j     pc + 22
core   0: 3 0x80007676 (0xa819)
core   0: 0x8000768c (0x0000a025) c.j     pc + 40
core   0: 3 0x8000768c (0xa025)
core   0: 0x800076b4 (0x0000b7f5) c.j     pc - 20
core   0: 3 0x800076b4 (0xb7f5)
core   0: 0x800076a0 (0x00002801) c.jal   pc + 16
core   0: 3 0x800076a0 (0x2801) x1  0x800076a2
core   0: 0x800076b0 (0x000037f1) c.jal   pc - 52
core   0: 3 0x800076b0 (0x37f1) x1  0x800076b2
core   0: 0x8000767c (0x0000200d) c.jal   pc + 34
core   0: 3 0x8000767c (0x200d) x1  0x8000767e
core   0: 0x8000769e (0x000037d5) c.jal   pc - 28
core   0: 3 0x8000769e (0x37d5) x1  0x800076a0
core   0: 0x80007682 (0x0000a019) c.j     pc + 6
core   0: 3 0x80007682 (0xa019)
core   0: 0x80007688 (0x0000a03d) c.j     pc + 46
core   0: 3 0x80007688 (0xa03d)
core   0: 0x800076b6 (0x1f6eca93) xori    s5, t4, 502
core   0: 3 0x800076b6 (0x1f6eca93) x21 0x000001f7
core   0: 0x800076ba (0x03219233) mulh    tp, gp, s2
core   0: 3 0x800076ba (0x03219233) x4  0x00000000
core   0: 0x800076be (0x00008ded) c.and   a1, a1
core   0: 3 0x800076be (0x8ded) x11 0x7fffffe8
core   0: 0x800076c0 (0x408c5fb3) sra     t6, s8, s0
core   0: 3 0x800076c0 (0x408c5fb3) x31 0x00000000
core   0: 0x800076c4 (0x340112f3) csrrw   t0, mscratch, sp
core   0: 3 0x800076c4 (0x340112f3) x5  0x0000000e c832_mscratch 0x00000000
core   0: 0x800076c8 (0x0000597d) c.li    s2, -1
core   0: 3 0x800076c8 (0x597d) x18 0xffffffff
core   0: 0x800076ca (0x02a4ed33) rem     s10, s1, a0
core   0: 3 0x800076ca (0x02a4ed33) x26 0x00000000
core   0: 0x800076ce (0x00008f8e) c.mv    t6, gp
core   0: 3 0x800076ce (0x8f8e) x31 0x80007676
core   0: 0x800076d0 (0x4da953b7) lui     t2, 0x4da95
core   0: 3 0x800076d0 (0x4da953b7) x7  0x4da95000
core   0: 0x800076d4 (0x0000158c) c.addi4spn a1, sp, 736
core   0: 3 0x800076d4 (0x158c) x11 0x000002e0
core   0: 0x800076d6 (0x014d1b13) slli    s6, s10, 20
core   0: 3 0x800076d6 (0x014d1b13) x22 0x00000000
core   0: 0x800076da (0x00008ec9) c.or    a3, a0
core   0: 3 0x800076da (0x8ec9) x13 0xffffffff
core   0: 0x800076dc (0x0ff0000f) fence   iorw,iorw
core   0: 3 0x800076dc (0x0ff0000f)
core   0: 0x800076e0 (0x01f3dd63) bge     t2, t6, pc + 26
core   0: 3 0x800076e0 (0x01f3dd63)
core   0: 0x800076fa (0x3409f8f3) csrrci  a7, mscratch, 19
core   0: 3 0x800076fa (0x3409f8f3) x17 0x00000000 c832_mscratch 0x00000000
core   0: 0x800076fe (0x039fbb33) mulhu   s6, t6, s9
core   0: 3 0x800076fe (0x039fbb33) x22 0x600058e5
core   0: 0x80007702 (0xd9f60c93) addi    s9, a2, -609
core   0: 3 0x80007702 (0xd9f60c93) x25 0x80023a83
core   0: 0x80007706 (0x0003e033) or      zero, t2, zero
core   0: 3 0x80007706 (0x0003e033)
core   0: 0x8000770a (0x45a63913) sltiu   s2, a2, 1114
core   0: 3 0x8000770a (0x45a63913) x18 0x00000000
core   0: 0x8000770e (0x0000896a) c.mv    s2, s10
core   0: 3 0x8000770e (0x896a) x18 0x00000000
core   0: 0x80007710 (0x027e8463) beq     t4, t2, pc + 40
core   0: 3 0x80007710 (0x027e8463)
core   0: 0x80007714 (0x019b0863) beq     s6, s9, pc + 16
core   0: 3 0x80007714 (0x019b0863)
core   0: 0x80007718 (0x0ff0000f) fence   iorw,iorw
core   0: 3 0x80007718 (0x0ff0000f)
core   0: 0x8000771c (0x034c1c33) mulh    s8, s8, s4
core   0: 3 0x8000771c (0x034c1c33) x24 0x00000000
core   0: 0x80007720 (0x00920733) add     a4, tp, s1
core   0: 3 0x80007720 (0x00920733) x14 0x00000000
core   0: 0x80007724 (0x00000001) c.nop
core   0: 3 0x80007724 (0x0001)
core   0: 0x80007726 (0x03fcf363) bgeu    s9, t6, pc + 38
core   0: 3 0x80007726 (0x03fcf363)
core   0: 0x8000774c (0x027ddd63) bge     s11, t2, pc + 58
core   0: 3 0x8000774c (0x027ddd63)
core   0: 0x80007750 (0x34095173) csrrwi  sp, mscratch, 18
core   0: 3 0x80007750 (0x34095173) x2  0x00000000 c832_mscratch 0x00000012
core   0: 0x80007754 (0x02192233) mulhsu  tp, s2, ra
core   0: 3 0x80007754 (0x02192233) x4  0x00000000
core   0: 0x80007758 (0x5965fa13) andi    s4, a1, 1430
core   0: 3 0x80007758 (0x5965fa13) x20 0x00000080
core   0: 0x8000775c (0x02fcbbb3) mulhu   s7, s9, a5
core   0: 3 0x8000775c (0x02fcbbb3) x23 0x40021c20
core   0: 0x80007760 (0x00194463) blt     s2, ra, pc + 8
core   0: 3 0x80007760 (0x00194463)
core   0: 0x80007764 (0x0ff0000f) fence   iorw,iorw
core   0: 3 0x80007764 (0x0ff0000f)
core   0: 0x80007768 (0xbab90293) addi    t0, s2, -1109
core   0: 3 0x80007768 (0xbab90293) x5  0xfffffbab
core   0: 0x8000776c (0x011e1a33) sll     s4, t3, a7
core   0: 3 0x8000776c (0x011e1a33) x20 0x8001fdb4
core   0: 0x80007770 (0x00008c81) c.sub   s1, s0
core   0: 3 0x80007770 (0x8c81) x9  0x80000000
core   0: 0x80007772 (0x00008f19) c.sub   a4, a4
core   0: 3 0x80007772 (0x8f19) x14 0x00000000
core   0: 0x80007774 (0xaecf3e93) sltiu   t4, t5, -1300
core   0: 3 0x80007774 (0xaecf3e93) x29 0x00000001
core   0: 0x80007778 (0x000083a1) c.srli  a5, 8
core   0: 3 0x80007778 (0x83a1) x15 0x008001fd
core   0: 0x8000777a (0x00226d63) bltu    tp, sp, pc + 26
core   0: 3 0x8000777a (0x00226d63)
core   0: 0x8000777e (0xda2df913) andi    s2, s11, -606
core   0: 3 0x8000777e (0xda2df913) x18 0x8001f800
core   0: 0x80007782 (0x03002533) mulhsu  a0, zero, a6
core   0: 3 0x80007782 (0x03002533) x10 0x00000000
core   0: 0x80007786 (0x000763b3) or      t2, a4, zero
core   0: 3 0x80007786 (0x000763b3) x7  0x00000000
core   0: 0x8000778a (0x00000ae1) c.addi  s5, 24
core   0: 3 0x8000778a (0x0ae1) x21 0x0000020f
core   0: 0x8000778c (0x0000157d) c.addi  a0, -1
core   0: 3 0x8000778c (0x157d) x10 0xffffffff
core   0: 0x8000778e (0xd5950e93) addi    t4, a0, -679
core   0: 3 0x8000778e (0xd5950e93) x29 0xfffffd58
core   0: 0x80007792 (0x0000117d) c.addi  sp, -1
core   0: 3 0x80007792 (0x117d) x2  0xffffffff
core   0: 0x80007794 (0x00004349) c.li    t1, 18
core   0: 3 0x80007794 (0x4349) x6  0x00000012
core   0: 0x80007796 (0x4107d8b3) sra     a7, a5, a6
core   0: 3 0x80007796 (0x4107d8b3) x17 0x008001fd
core   0: 0x8000779a (0x03f04233) div     tp, zero, t6
core   0: 3 0x8000779a (0x03f04233) x4  0x00000000
core   0: 0x8000779e (0x00001dfd) c.addi  s11, -1
core   0: 3 0x8000779e (0x1dfd) x27 0x8001f813
core   0: 0x800077a0 (0x02440533) mul     a0, s0, tp
core   0: 3 0x800077a0 (0x02440533) x10 0x00000000
core   0: 0x800077a4 (0x00008cf1) c.and   s1, a2
core   0: 3 0x800077a4 (0x8cf1) x9  0x80000000
core   0: 0x800077a6 (0x41538733) sub     a4, t2, s5
core   0: 3 0x800077a6 (0x41538733) x14 0xfffffdf1
core   0: 0x800077aa (0x003dbdb3) sltu    s11, s11, gp
core   0: 3 0x800077aa (0x003dbdb3) x27 0x00000000
core   0: 0x800077ae (0x0000c98d) c.beqz  a1, pc + 50
core   0: 3 0x800077ae (0xc98d)
core   0: 0x800077b0 (0x0194f263) bgeu    s1, s9, pc + 4
core   0: 3 0x800077b0 (0x0194f263)
core   0: 0x800077b4 (0x035e1833) mulh    a6, t3, s5
core   0: 3 0x800077b4 (0x035e1833) x16 0xfffffef8
core   0: 0x800077b8 (0x41ffd393) srai    t2, t6, 31
core   0: 3 0x800077b8 (0x41ffd393) x7  0xffffffff
core   0: 0x800077bc (0x418883b3) sub     t2, a7, s8
core   0: 3 0x800077bc (0x418883b3) x7  0x008001fd
core   0: 0x800077c0 (0x80d7ba93) sltiu   s5, a5, -2035
core   0: 3 0x800077c0 (0x80d7ba93) x21 0x00000001
core   0: 0x800077c4 (0x0ff0000f) fence   iorw,iorw
core   0: 3 0x800077c4 (0x0ff0000f)
core   0: 0x800077c8 (0x0000054a) c.slli  a0, 18
core   0: 3 0x800077c8 (0x054a) x10 0x00000000
core   0: 0x800077ca (0x0000613d) c.addi16sp sp, 480
core   0: 3 0x800077ca (0x613d) x2  0x000001df
core   0: 0x800077cc (0x05428263) beq     t0, s4, pc + 68
core   0: 3 0x800077cc (0x05428263)
core   0: 0x800077d0 (0xd257af13) slti    t5, a5, -731
core   0: 3 0x800077d0 (0xd257af13) x30 0x00000000
core   0: 0x800077d4 (0x4041dc13) srai    s8, gp, 4
core   0: 3 0x800077d4 (0x4041dc13) x24 0xf8000767
core   0: 0x800077d8 (0x7f0f54b7) lui     s1, 0x7f0f5
core   0: 3 0x800077d8 (0x7f0f54b7) x9  0x7f0f5000
core   0: 0x800077dc (0xdb15ca13) xori    s4, a1, -591
core   0: 3 0x800077dc (0xdb15ca13) x20 0xffffff51
core   0: 0x800077e0 (0x0000835d) c.srli  a4, 23
core   0: 3 0x800077e0 (0x835d) x14 0x000001ff
core   0: 0x800077e2 (0xcc3c8d17) auipc   s10, 0xcc3c8
core   0: 3 0x800077e2 (0xcc3c8d17) x26 0x4c3cf7e2
core   0: 0x800077e6 (0x000017fd) c.addi  a5, -1
core   0: 3 0x800077e6 (0x17fd) x15 0x008001fc
core   0: 0x800077e8 (0x024b8533) mul     a0, s7, tp
core   0: 3 0x800077e8 (0x024b8533) x10 0x00000000
core   0: 0x800077ec (0x0000100f) fence.i
core   0: 3 0x800077ec (0x0000100f)
core   0: 0x800077f0 (0x4123d293) srai    t0, t2, 18
core   0: 3 0x800077f0 (0x4123d293) x5  0x00000020
core   0: 0x800077f4 (0x000067ad) c.lui   a5, 0xb
core   0: 3 0x800077f4 (0x67ad) x15 0x0000b000
core   0: 0x800077f6 (0x34036073) csrsi   mscratch, 6
core   0: 3 0x800077f6 (0x34036073) c832_mscratch 0x00000016
core   0: 0x800077fa (0x025e1063) bne     t3, t0, pc + 32
core   0: 3 0x800077fa (0x025e1063)
core   0: 0x8000781a (0x00008125) c.srli  a0, 9
core   0: 3 0x8000781a (0x8125) x10 0x00000000
core   0: 0x8000781c (0x02aa4733) div     a4, s4, a0
core   0: 3 0x8000781c (0x02aa4733) x14 0xffffffff
core   0: 0x80007820 (0x00008349) c.srli  a4, 18
core   0: 3 0x80007820 (0x8349) x14 0x00003fff
core   0: 0x80007822 (0x000f8033) add     zero, t6, zero
core   0: 3 0x80007822 (0x000f8033)
core   0: 0x80007826 (0x0ff0000f) fence   iorw,iorw
core   0: 3 0x80007826 (0x0ff0000f)
core   0: 0x8000782a (0x66e98513) addi    a0, s3, 1646
core   0: 3 0x8000782a (0x66e98513) x10 0x0000066d
core   0: 0x8000782e (0x0000717d) c.addi16sp sp, -16
core   0: 3 0x8000782e (0x717d) x2  0x000001cf
core   0: 0x80007830 (0x000087d9) c.srai  a5, 22
core   0: 3 0x80007830 (0x87d9) x15 0x00000000
core   0: 0x80007832 (0x8454eeb7) lui     t4, 0x8454e
core   0: 3 0x80007832 (0x8454eeb7) x29 0x8454e000
core   0: 0x80007836 (0x005dbfb3) sltu    t6, s11, t0
core   0: 3 0x80007836 (0x005dbfb3) x31 0x00000001
core   0: 0x8000783a (0x00004311) c.li    t1, 4
core   0: 3 0x8000783a (0x4311) x6  0x00000004
core   0: 0x8000783c (0x00000e88) c.addi4spn a0, sp, 848
core   0: 3 0x8000783c (0x0e88) x10 0x0000051f
core   0: 0x8000783e (0x00822533) slt     a0, tp, s0
core   0: 3 0x8000783e (0x00822533) x10 0x00000000
core   0: 0x80007842 (0x024ecc63) blt     t4, tp, pc + 56
core   0: 3 0x80007842 (0x024ecc63)
core   0: 0x8000787a (0x03ff9933) mulh    s2, t6, t6
core   0: 3 0x8000787a (0x03ff9933) x18 0x00000000
core   0: 0x8000787e (0x01f15f13) srli    t5, sp, 31
core   0: 3 0x8000787e (0x01f15f13) x30 0x00000000
core   0: 0x80007882 (0x00008f99) c.sub   a5, a4
core   0: 3 0x80007882 (0x8f99) x15 0xffffc001
core   0: 0x80007884 (0x00000a94) c.addi4spn a3, sp, 336
core   0: 3 0x80007884 (0x0a94) x13 0x0000031f
core   0: 0x80007886 (0x83760913) addi    s2, a2, -1993
core   0: 3 0x80007886 (0x83760913) x18 0x8002351b
core   0: 0x8000788a (0x61c02113) slti    sp, zero, 1564
core   0: 3 0x8000788a (0x61c02113) x2  0x00000001
core   0: 0x8000788e (0x00374663) blt     a4, gp, pc + 12
core   0: 3 0x8000788e (0x00374663)
core   0: 0x80007892 (0x40c452b3) sra     t0, s0, a2
core   0: 3 0x80007892 (0x40c452b3) x5  0xf8000000
core   0: 0x80007896 (0x0296e2b3) rem     t0, a3, s1
core   0: 3 0x80007896 (0x0296e2b3) x5  0x0000031f
core   0: 0x8000789a (0x00009586) c.add   a1, ra
core   0: 3 0x8000789a (0x9586) x11 0x80007980
core   0: 0x8000789c (0x0075dab3) srl     s5, a1, t2
core   0: 3 0x8000789c (0x0075dab3) x21 0x00000004
core   0: 0x800078a0 (0x000084dd) c.srai  s1, 23
core   0: 3 0x800078a0 (0x84dd) x9  0x000000fe
core   0: 0x800078a2 (0x01bb93b3) sll     t2, s7, s11
core   0: 3 0x800078a2 (0x01bb93b3) x7  0x40021c20
core   0: 0x800078a6 (0x02daf8b3) remu    a7, s5, a3
core   0: 3 0x800078a6 (0x02daf8b3) x17 0x00000004
core   0: 0x800078aa (0x038e2db3) mulhsu  s11, t3, s8
core   0: 3 0x800078aa (0x038e2db3) x27 0x8401ea12
core   0: 0x800078ae (0x0000717d) c.addi16sp sp, -16
core   0: 3 0x800078ae (0x717d) x2  0xfffffff1
core   0: 0x800078b0 (0x008001ef) jal     gp, pc + 0x8
core   0: 3 0x800078b0 (0x008001ef) x3  0x800078b4
core   0: 0x800078b8 (0x00002811) c.jal   pc + 20
core   0: 3 0x800078b8 (0x2811) x1  0x800078ba
core   0: 0x800078cc (0xff5ff0ef) jal     pc - 0xc
core   0: 3 0x800078cc (0xff5ff0ef) x1  0x800078d0
core   0: 0x800078c0 (0x008000ef) jal     pc + 0x8
core   0: 3 0x800078c0 (0x008000ef) x1  0x800078c4
core   0: 0x800078c8 (0x0000a031) c.j     pc + 12
core   0: 3 0x800078c8 (0xa031)
core   0: 0x800078d4 (0x0000a021) c.j     pc + 8
core   0: 3 0x800078d4 (0xa021)
core   0: 0x800078dc (0x00002021) c.jal   pc + 8
core   0: 3 0x800078dc (0x2021) x1  0x800078de
core   0: 0x800078e4 (0xfd9ff2ef) jal     t0, pc - 0x28
core   0: 3 0x800078e4 (0xfd9ff2ef) x5  0x800078e8
core   0: 0x800078bc (0x0000a01d) c.j     pc + 38
core   0: 3 0x800078bc (0xa01d)
core   0: 0x800078e2 (0x0000a831) c.j     pc + 28
core   0: 3 0x800078e2 (0xa831)
core   0: 0x800078fe (0x0000bf5d) c.j     pc - 74
core   0: 3 0x800078fe (0xbf5d)
core   0: 0x800078b4 (0x0000a00d) c.j     pc + 34
core   0: 3 0x800078b4 (0xa00d)
core   0: 0x800078d6 (0x000037fd) c.jal   pc - 18
core   0: 3 0x800078d6 (0x37fd) x1  0x800078d8
core   0: 0x800078c4 (0x00002015) c.jal   pc + 36
core   0: 3 0x800078c4 (0x2015) x1  0x800078c6
core   0: 0x800078e8 (0x0000bfe5) c.j     pc - 8
core   0: 3 0x800078e8 (0xbfe5)
core   0: 0x800078e0 (0x0000a029) c.j     pc + 10
core   0: 3 0x800078e0 (0xa029)
core   0: 0x800078ea (0x0000bfc1) c.j     pc - 48
core   0: 3 0x800078ea (0xbfc1)
core   0: 0x800078ba (0x0000a815) c.j     pc + 52
core   0: 3 0x800078ba (0xa815)
core   0: 0x800078ee (0xff1ff36f) jal     t1, pc - 0x10
core   0: 3 0x800078ee (0xff1ff36f) x6  0x800078f2
core   0: 0x800078de (0x0000b7c5) c.j     pc - 32
core   0: 3 0x800078de (0xb7c5)
core   0: 0x800078be (0x00002829) c.jal   pc + 26
core   0: 3 0x800078be (0x2829) x1  0x800078c0
core   0: 0x800078d8 (0x014000ef) jal     pc + 0x14
core   0: 3 0x800078d8 (0x014000ef) x1  0x800078dc
core   0: 0x800078ec (0x00002801) c.jal   pc + 16
core   0: 3 0x800078ec (0x2801) x1  0x800078ee
core   0: 0x800078fc (0x0000bf6d) c.j     pc - 70
core   0: 3 0x800078fc (0xbf6d)
core   0: 0x800078b6 (0x0000a089) c.j     pc + 66
core   0: 3 0x800078b6 (0xa089)
core   0: 0x800078f8 (0xfd9ffbef) jal     s7, pc - 0x28
core   0: 3 0x800078f8 (0xfd9ffbef) x23 0x800078fc
core   0: 0x800078d0 (0x022002ef) jal     t0, pc + 0x22
core   0: 3 0x800078d0 (0x022002ef) x5  0x800078d4
core   0: 0x800078f2 (0xfd5ff0ef) jal     pc - 0x2c
core   0: 3 0x800078f2 (0xfd5ff0ef) x1  0x800078f6
core   0: 0x800078c6 (0x00002805) c.jal   pc + 48
core   0: 3 0x800078c6 (0x2805) x1  0x800078c8
core   0: 0x800078f6 (0x00003fd1) c.jal   pc - 44
core   0: 3 0x800078f6 (0x3fd1) x1  0x800078f8
core   0: 0x800078ca (0x0000a81d) c.j     pc + 54
core   0: 3 0x800078ca (0xa81d)
core   0: 0x80007900 (0x340ed373) csrrwi  t1, mscratch, 29
core   0: 3 0x80007900 (0x340ed373) x6  0x00000016 c832_mscratch 0x0000001d
core   0: 0x80007904 (0x0293e913) ori     s2, t2, 41
core   0: 3 0x80007904 (0x0293e913) x18 0x40021c29
core   0: 0x80007908 (0x00008ef1) c.and   a3, a2
core   0: 3 0x80007908 (0x8ef1) x13 0x00000004
core   0: 0x8000790a (0x083d0263) beq     s10, gp, pc + 132
core   0: 3 0x8000790a (0x083d0263)
core   0: 0x8000790e (0xcbf43013) sltiu   zero, s0, -833
core   0: 3 0x8000790e (0xcbf43013)
core   0: 0x80007912 (0x40c45533) sra     a0, s0, a2
core   0: 3 0x80007912 (0x40c45533) x10 0xf8000000
core   0: 0x80007916 (0x340060f3) csrrsi  ra, mscratch, 0
core   0: 3 0x80007916 (0x340060f3) x1  0x0000001d
core   0: 0x8000791a (0x00000114) c.addi4spn a3, sp, 128
core   0: 3 0x8000791a (0x0114) x13 0x00000071
core   0: 0x8000791c (0x016001ef) jal     gp, pc + 0x16
core   0: 3 0x8000791c (0x016001ef) x3  0x80007920
core   0: 0x80007932 (0x032000ef) jal     pc + 0x32
core   0: 3 0x80007932 (0x032000ef) x1  0x80007936
core   0: 0x80007964 (0x0000bfc5) c.j     pc - 16
core   0: 3 0x80007964 (0xbfc5)
core   0: 0x80007954 (0x0000bfe1) c.j     pc - 40
core   0: 3 0x80007954 (0xbfe1)
core   0: 0x8000792c (0x0000a005) c.j     pc + 32
core   0: 3 0x8000792c (0xa005)
core   0: 0x8000794c (0xfe3ffc6f) jal     s8, pc - 0x1e
core   0: 3 0x8000794c (0xfe3ffc6f) x24 0x80007950
core   0: 0x8000792e (0x00002805) c.jal   pc + 48
core   0: 3 0x8000792e (0x2805) x1  0x80007930
core   0: 0x8000795e (0xfcdff1ef) jal     gp, pc - 0x34
core   0: 3 0x8000795e (0xfcdff1ef) x3  0x80007962
core   0: 0x8000792a (0x00002801) c.jal   pc + 16
core   0: 3 0x8000792a (0x2801) x1  0x8000792c
core   0: 0x8000793a (0x0000b7e5) c.j     pc - 24
core   0: 3 0x8000793a (0xb7e5)
core   0: 0x80007922 (0x02400b6f) jal     s6, pc + 0x24
core   0: 3 0x80007922 (0x02400b6f) x22 0x80007926
core   0: 0x80007946 (0xff7ff36f) jal     t1, pc - 0xa
core   0: 3 0x80007946 (0xff7ff36f) x6  0x8000794a
core   0: 0x8000793c (0x01a0036f) jal     t1, pc + 0x1a
core   0: 3 0x8000793c (0x01a0036f) x6  0x80007940
core   0: 0x80007956 (0x0000a031) c.j     pc + 12
core   0: 3 0x80007956 (0xa031)
core   0: 0x80007962 (0x0000b7e5) c.j     pc - 24
core   0: 3 0x80007962 (0xb7e5)
core   0: 0x8000794a (0x0000b7dd) c.j     pc - 26
core   0: 3 0x8000794a (0xb7dd)
core   0: 0x80007930 (0x0000bfdd) c.j     pc - 10
core   0: 3 0x80007930 (0xbfdd)
core   0: 0x80007926 (0x01a0036f) jal     t1, pc + 0x1a
core   0: 3 0x80007926 (0x01a0036f) x6  0x8000792a
core   0: 0x80007940 (0x0000a821) c.j     pc + 24
core   0: 3 0x80007940 (0xa821)
core   0: 0x80007958 (0x004009ef) jal     s3, pc + 0x4
core   0: 3 0x80007958 (0x004009ef) x19 0x8000795c
core   0: 0x8000795c (0x000037d1) c.jal   pc - 60
core   0: 3 0x8000795c (0x37d1) x1  0x8000795e
core   0: 0x80007920 (0x00002819) c.jal   pc + 22
core   0: 3 0x80007920 (0x2819) x1  0x80007922
core   0: 0x80007936 (0x00c0026f) jal     tp, pc + 0xc
core   0: 3 0x80007936 (0x00c0026f) x4  0x8000793a
core   0: 0x80007942 (0x00e0036f) jal     t1, pc + 0xe
core   0: 3 0x80007942 (0x00e0036f) x6  0x80007946
core   0: 0x80007950 (0x0160086f) jal     a6, pc + 0x16
core   0: 3 0x80007950 (0x0160086f) x16 0x80007954
core   0: 0x80007966 (0x34075ff3) csrrwi  t6, mscratch, 14
core   0: 3 0x80007966 (0x34075ff3) x31 0x0000001d c832_mscratch 0x0000000e
core   0: 0x8000796a (0x00009c9e) c.add   s9, t2
core   0: 3 0x8000796a (0x9c9e) x25 0xc00456a3
core   0: 0x8000796c (0x02713a33) mulhu   s4, sp, t2
core   0: 3 0x8000796c (0x02713a33) x20 0x40021c1c
core   0: 0x80007970 (0xfe1c0d13) addi    s10, s8, -31
core   0: 3 0x80007970 (0xfe1c0d13) x26 0x80007931
core   0: 0x80007974 (0x41458933) sub     s2, a1, s4
core   0: 3 0x80007974 (0x41458933) x18 0x3ffe5d64
core   0: 0x80007978 (0x00006345) c.lui   t1, 0x11
core   0: 3 0x80007978 (0x6345) x6  0x00011000
core   0: 0x8000797a (0x001a3033) sltu    zero, s4, ra
core   0: 3 0x8000797a (0x001a3033)
core   0: 0x8000797e (0x340ef773) csrrci  a4, mscratch, 29
core   0: 3 0x8000797e (0x340ef773) x14 0x0000000e c832_mscratch 0x00000002
core   0: 0x80007982 (0x00008ded) c.and   a1, a1
core   0: 3 0x80007982 (0x8ded) x11 0x80007980
core   0: 0x80007984 (0x34095b73) csrrwi  s6, mscratch, 18
core   0: 3 0x80007984 (0x34095b73) x22 0x00000002 c832_mscratch 0x00000012
core   0: 0x80007988 (0x000099fd) c.andi  a1, -1
core   0: 3 0x80007988 (0x99fd) x11 0x80007980
core   0: 0x8000798a (0x0062e033) or      zero, t0, t1
core   0: 3 0x8000798a (0x0062e033)
core   0: 0x8000798e (0x41835933) sra     s2, t1, s8
core   0: 3 0x8000798e (0x41835933) x18 0x00000001
core   0: 0x80007992 (0x00008f9d) c.sub   a5, a5
core   0: 3 0x80007992 (0x8f9d) x15 0x00000000
core   0: 0x80007994 (0x00a86d33) or      s10, a6, a0
core   0: 3 0x80007994 (0x00a86d33) x26 0xf8007954
core   0: 0x80007998 (0x02fb6763) bltu    s6, a5, pc + 46
core   0: 3 0x80007998 (0x02fb6763)
core   0: 0x8000799c (0x02ab6963) bltu    s6, a0, pc + 50
core   0: 3 0x8000799c (0x02ab6963)
core   0: 0x800079ce (0x0371b8b3) mulhu   a7, gp, s7
core   0: 3 0x800079ce (0x0371b8b3) x17 0x4000792f
core   0: 0x800079d2 (0x01581193) slli    gp, a6, 21
core   0: 3 0x800079d2 (0x01581193) x3  0x2a800000
core   0: 0x800079d6 (0x34006cf3) csrrsi  s9, mscratch, 0
core   0: 3 0x800079d6 (0x34006cf3) x25 0x00000012
core   0: 0x800079da (0xd34f7f13) andi    t5, t5, -716
core   0: 3 0x800079da (0xd34f7f13) x30 0x00000000
core   0: 0x800079de (0x34036d73) csrrsi  s10, mscratch, 6
core   0: 3 0x800079de (0x34036d73) x26 0x00000012 c832_mscratch 0x00000016
core   0: 0x800079e2 (0x000d5c33) srl     s8, s10, zero
core   0: 3 0x800079e2 (0x000d5c33) x24 0x00000012
core   0: 0x800079e6 (0x3dc21917) auipc   s2, 0x3dc21
core   0: 3 0x800079e6 (0x3dc21917) x18 0xbdc289e6
core   0: 0x800079ea (0x0234b9b3) mulhu   s3, s1, gp
core   0: 3 0x800079ea (0x0234b9b3) x19 0x0000002a
core   0: 0x800079ee (0x00000ec2) c.slli  t4, 16
core   0: 3 0x800079ee (0x0ec2) x29 0xe0000000
core   0: 0x800079f0 (0x002c9813) slli    a6, s9, 2
core   0: 3 0x800079f0 (0x002c9813) x16 0x00000048
core   0: 0x800079f4 (0xf165c093) xori    ra, a1, -234
core   0: 3 0x800079f4 (0xf165c093) x1  0x7fff8696
core   0: 0x800079f8 (0x00008de5) c.and   a1, s1
core   0: 3 0x800079f8 (0x8de5) x11 0x00000080
core   0: 0x800079fa (0x00000001) c.nop
core   0: 3 0x800079fa (0x0001)
core   0: 0x800079fc (0x0361b033) mulhu   zero, gp, s6
core   0: 3 0x800079fc (0x0361b033)
core   0: 0x80007a00 (0x00a27db3) and     s11, tp, a0
core   0: 3 0x80007a00 (0x00a27db3) x27 0x80000000
core   0: 0x80007a04 (0x000002bd) c.addi  t0, 15
core   0: 3 0x80007a04 (0x02bd) x5  0x800078e3
core   0: 0x80007a06 (0x00001dfd) c.addi  s11, -1
core   0: 3 0x80007a06 (0x1dfd) x27 0x7fffffff
core   0: 0x80007a08 (0x000089b5) c.andi  a1, 13
core   0: 3 0x80007a08 (0x89b5) x11 0x00000000
core   0: 0x80007a0a (0xd605aab7) lui     s5, 0xd605a
core   0: 3 0x80007a0a (0xd605aab7) x21 0xd605a000
core   0: 0x80007a0e (0x00b6f833) and     a6, a3, a1
core   0: 3 0x80007a0e (0x00b6f833) x16 0x00000000
core   0: 0x80007a12 (0x340039f3) csrrc   s3, mscratch, zero
core   0: 3 0x80007a12 (0x340039f3) x19 0x00000016
core   0: 0x80007a16 (0x00008dd9) c.or    a1, a4
core   0: 3 0x80007a16 (0x8dd9) x11 0x0000000e
core   0: 0x80007a18 (0x00008b49) c.andi  a4, 18
core   0: 3 0x80007a18 (0x8b49) x14 0x00000002
core   0: 0x80007a1a (0x0000e395) c.bnez  a5, pc + 36
core   0: 3 0x80007a1a (0xe395)
core   0: 0x80007a1c (0x0000eb8d) c.bnez  a5, pc + 50
core   0: 3 0x80007a1c (0xeb8d)
core   0: 0x80007a1e (0x000080c2) c.mv    ra, a6
core   0: 3 0x80007a1e (0x80c2) x1  0x00000000
core   0: 0x80007a20 (0x03dcc2b3) div     t0, s9, t4
core   0: 3 0x80007a20 (0x03dcc2b3) x5  0x00000000
core   0: 0x80007a24 (0x0000ea89) c.bnez  a3, pc + 18
core   0: 3 0x80007a24 (0xea89)
core   0: 0x80007a36 (0x015f02b3) add     t0, t5, s5
core   0: 3 0x80007a36 (0x015f02b3) x5  0xd605a000
core   0: 0x80007a3a (0x0306b133) mulhu   sp, a3, a6
core   0: 3 0x80007a3a (0x0306b133) x2  0x00000000
core   0: 0x80007a3e (0x0ff0000f) fence   iorw,iorw
core   0: 3 0x80007a3e (0x0ff0000f)
core   0: 0x80007a42 (0x01e59913) slli    s2, a1, 30
core   0: 3 0x80007a42 (0x01e59913) x18 0x80000000
core   0: 0x80007a46 (0x02c54d63) blt     a0, a2, pc + 58
core   0: 3 0x80007a46 (0x02c54d63)
core   0: 0x80007a4a (0x009e2033) slt     zero, t3, s1
core   0: 3 0x80007a4a (0x009e2033)
core   0: 0x80007a4e (0x00000488) c.addi4spn a0, sp, 576
core   0: 3 0x80007a4e (0x0488) x10 0x00000240
core   0: 0x80007a50 (0x038cdc33) divu    s8, s9, s8
core   0: 3 0x80007a50 (0x038cdc33) x24 0x00000001
core   0: 0x80007a54 (0x03bed233) divu    tp, t4, s11
core   0: 3 0x80007a54 (0x03bed233) x4  0x00000001
core   0: 0x80007a58 (0x340f7073) csrci   mscratch, 30
core   0: 3 0x80007a58 (0x340f7073) c832_mscratch 0x00000000
core   0: 0x80007a5c (0x02142033) mulhsu  zero, s0, ra
core   0: 3 0x80007a5c (0x02142033)
core   0: 0x80007a60 (0x00008df9) c.and   a1, a4
core   0: 3 0x80007a60 (0x8df9) x11 0x00000002
core   0: 0x80007a62 (0x025e6033) rem     zero, t3, t0
core   0: 3 0x80007a62 (0x025e6033)
core   0: 0x80007a66 (0x340061f3) csrrsi  gp, mscratch, 0
core   0: 3 0x80007a66 (0x340061f3) x3  0x00000000
core   0: 0x80007a6a (0xf0928913) addi    s2, t0, -247
core   0: 3 0x80007a6a (0xf0928913) x18 0xd6059f09
core   0: 0x80007a6e (0x000081f9) c.srli  a1, 30
core   0: 3 0x80007a6e (0x81f9) x11 0x00000000
core   0: 0x80007a70 (0x305ef313) andi    t1, t4, 773
core   0: 3 0x80007a70 (0x305ef313) x6  0x00000000
core   0: 0x80007a74 (0x02f469b3) rem     s3, s0, a5
core   0: 3 0x80007a74 (0x02f469b3) x19 0x80000000
core   0: 0x80007a78 (0x0000611d) c.addi16sp sp, 416
core   0: 3 0x80007a78 (0x611d) x2  0x000001a0
core   0: 0x80007a7a (0x00000bbe) c.slli  s7, 15
core   0: 3 0x80007a7a (0x0bbe) x23 0x3c7e0000
core   0: 0x80007a7c (0x21210c93) addi    s9, sp, 530
core   0: 3 0x80007a7c (0x21210c93) x25 0x000003b2
core   0: 0x80007a80 (0x000088e5) c.andi  s1, 25
core   0: 3 0x80007a80 (0x88e5) x9  0x00000018
core   0: 0x80007a82 (0x0000100f) fence.i
core   0: 3 0x80007a82 (0x0000100f)
core   0: 0x80007a86 (0x0000100f) fence.i
core   0: 3 0x80007a86 (0x0000100f)
core   0: 0x80007a8a (0x0000e31d) c.bnez  a4, pc + 38
core   0: 3 0x80007a8a (0xe31d)
core   0: 0x80007ab0 (0x0ff0000f) fence   iorw,iorw
core   0: 3 0x80007ab0 (0x0ff0000f)
core   0: 0x80007ab4 (0x038f6063) bltu    t5, s8, pc + 32
core   0: 3 0x80007ab4 (0x038f6063)
core   0: 0x80007ad4 (0x000085ed) c.srai  a1, 27
core   0: 3 0x80007ad4 (0x85ed) x11 0x00000000
core   0: 0x80007ad6 (0x00baa933) slt     s2, s5, a1
core   0: 3 0x80007ad6 (0x00baa933) x18 0x00000001
core   0: 0x80007ada (0x00008f3d) c.xor   a4, a5
core   0: 3 0x80007ada (0x8f3d) x14 0x00000002
core   0: 0x80007adc (0x34006f73) csrrsi  t5, mscratch, 0
core   0: 3 0x80007adc (0x34006f73) x30 0x00000000
core   0: 0x80007ae0 (0x0ff0000f) fence   iorw,iorw
core   0: 3 0x80007ae0 (0x0ff0000f)
core   0: 0x80007ae4 (0x5f1e3013) sltiu   zero, t3, 1521
core   0: 3 0x80007ae4 (0x5f1e3013)
core   0: 0x80007ae8 (0x340066f3) csrrsi  a3, mscratch, 0
core   0: 3 0x80007ae8 (0x340066f3) x13 0x00000000
core   0: 0x80007aec (0x028075b3) remu    a1, zero, s0
core   0: 3 0x80007aec (0x028075b3) x11 0x00000000
core   0: 0x80007af0 (0x340065f3) csrrsi  a1, mscratch, 0
core   0: 3 0x80007af0 (0x340065f3) x11 0x00000000
core   0: 0x80007af4 (0x000082b1) c.srli  a3, 12
core   0: 3 0x80007af4 (0x82b1) x13 0x00000000
core   0: 0x80007af6 (0x02d28fb3) mul     t6, t0, a3
core   0: 3 0x80007af6 (0x02d28fb3) x31 0x00000000
core   0: 0x80007afa (0x00874f63) blt     a4, s0, pc + 30
core   0: 3 0x80007afa (0x00874f63)
core   0: 0x80007afe (0x00004f85) c.li    t6, 1
core   0: 3 0x80007afe (0x4f85) x31 0x00000001
core   0: 0x80007b00 (0x7ed17693) andi    a3, sp, 2029
core   0: 3 0x80007b00 (0x7ed17693) x13 0x000001a0
core   0: 0x80007b04 (0x41b65fb3) sra     t6, a2, s11
core   0: 3 0x80007b04 (0x41b65fb3) x31 0xffffffff
core   0: 0x80007b08 (0x01334933) xor     s2, t1, s3
core   0: 3 0x80007b08 (0x01334933) x18 0x80000000
core   0: 0x80007b0c (0x00137ab3) and     s5, t1, ra
core   0: 3 0x80007b0c (0x00137ab3) x21 0x00000000
core   0: 0x80007b10 (0x038484b3) mul     s1, s1, s8
core   0: 3 0x80007b10 (0x038484b3) x9  0x00000018
core   0: 0x80007b14 (0x039a1cb3) mulh    s9, s4, s9
core   0: 3 0x80007b14 (0x039a1cb3) x25 0x000000ec
core   0: 0x80007b18 (0x000083cd) c.srli  a5, 19
core   0: 3 0x80007b18 (0x83cd) x15 0x00000000
core   0: 0x80007b1a (0x00000001) c.nop
core   0: 3 0x80007b1a (0x0001)
core   0: 0x80007b1c (0x00001f18) c.addi4spn a4, sp, 944
core   0: 3 0x80007b1c (0x1f18) x14 0x00000550
core   0: 0x80007b1e (0x0000e199) c.bnez  a1, pc + 6
core   0: 3 0x80007b1e (0xe199)
core   0: 0x80007b20 (0x1f2c0a93) addi    s5, s8, 498
core   0: 3 0x80007b20 (0x1f2c0a93) x21 0x000001f3
core   0: 0x80007b24 (0x000080d1) c.srli  s1, 20
core   0: 3 0x80007b24 (0x80d1) x9  0x00000000
core   0: 0x80007b26 (0xd2791e97) auipc   t4, 0xd2791
core   0: 3 0x80007b26 (0xd2791e97) x29 0x52798b26
core   0: 0x80007b2a (0x404d5913) srai    s2, s10, 4
core   0: 3 0x80007b2a (0x404d5913) x18 0x00000001
core   0: 0x80007b2e (0x0440f063) bgeu    ra, tp, pc + 64
core   0: 3 0x80007b2e (0x0440f063)
core   0: 0x80007b32 (0x02a749b3) div     s3, a4, a0
core   0: 3 0x80007b32 (0x02a749b3) x19 0x00000002
core   0: 0x80007b36 (0x3409fd73) csrrci  s10, mscratch, 19
core   0: 3 0x80007b36 (0x3409fd73) x26 0x00000000 c832_mscratch 0x00000000
core   0: 0x80007b3a (0x013e85b3) add     a1, t4, s3
core   0: 3 0x80007b3a (0x013e85b3) x11 0x52798b28
core   0: 0x80007b3e (0x00001394) c.addi4spn a3, sp, 480
core   0: 3 0x80007b3e (0x1394) x13 0x00000380
core   0: 0x80007b40 (0x000048e5) c.li    a7, 25
core   0: 3 0x80007b40 (0x48e5) x17 0x00000019
core   0: 0x80007b42 (0x34069b73) csrrw   s6, mscratch, a3
core   0: 3 0x80007b42 (0x34069b73) x22 0x00000000 c832_mscratch 0x00000380
core   0: 0x80007b46 (0x0000e119) c.bnez  a0, pc + 6
core   0: 3 0x80007b46 (0xe119)
core   0: 0x80007b4c (0x000086e6) c.mv    a3, s9
core   0: 3 0x80007b4c (0x86e6) x13 0x000000ec
core   0: 0x80007b4e (0x014ca8b3) slt     a7, s9, s4
core   0: 3 0x80007b4e (0x014ca8b3) x17 0x00000001
core   0: 0x80007b52 (0x00008d71) c.and   a0, a2
core   0: 3 0x80007b52 (0x8d71) x10 0x00000040
core   0: 0x80007b54 (0x00009a2a) c.add   s4, a0
core   0: 3 0x80007b54 (0x9a2a) x20 0x40021c5c
core   0: 0x80007b56 (0x003a1263) bne     s4, gp, pc + 4
core   0: 3 0x80007b56 (0x003a1263)
core   0: 0x80007b5a (0x03a5ff33) remu    t5, a1, s10
core   0: 3 0x80007b5a (0x03a5ff33) x30 0x52798b28
core   0: 0x80007b5e (0x4046d113) srai    sp, a3, 4
core   0: 3 0x80007b5e (0x4046d113) x2  0x0000000e
core   0: 0x80007b62 (0x0255adb3) mulhsu  s11, a1, t0
core   0: 3 0x80007b62 (0x0255adb3) x27 0x44f36a3f
core   0: 0x80007b66 (0x34003173) csrrc   sp, mscratch, zero
core   0: 3 0x80007b66 (0x34003173) x2  0x00000380
core   0: 0x80007b6a (0x03da8763) beq     s5, t4, pc + 46
core   0: 3 0x80007b6a (0x03da8763)
core   0: 0x80007b6e (0x0000612d) c.addi16sp sp, 224
core   0: 3 0x80007b6e (0x612d) x2  0x00000460
core   0: 0x80007b70 (0x00000001) c.nop
core   0: 3 0x80007b70 (0x0001)
core   0: 0x80007b72 (0x01669f33) sll     t5, a3, s6
core   0: 3 0x80007b72 (0x01669f33) x30 0x000000ec
core   0: 0x80007b76 (0x8f132517) auipc   a0, 0x8f132
core   0: 3 0x80007b76 (0x8f132517) x10 0x0f139b76
core   0: 0x80007b7a (0x40525393) srai    t2, tp, 5
core   0: 3 0x80007b7a (0x40525393) x7  0x00000000
core   0: 0x80007b7e (0x63042393) slti    t2, s0, 1584
core   0: 3 0x80007b7e (0x63042393) x7  0x00000001
core   0: 0x80007b82 (0x00008cf5) c.and   s1, a3
core   0: 3 0x80007b82 (0x8cf5) x9  0x00000000
core   0: 0x80007b84 (0x03011963) bne     sp, a6, pc + 50
core   0: 3 0x80007b84 (0x03011963)
core   0: 0x80007bb6 (0x014d1f13) slli    t5, s10, 20
core   0: 3 0x80007bb6 (0x014d1f13) x30 0x00000000
core   0: 0x80007bba (0x0000151c) c.addi4spn a5, sp, 672
core   0: 3 0x80007bba (0x151c) x15 0x00000700
core   0: 0x80007bbc (0x34007ef3) csrrci  t4, mscratch, 0
core   0: 3 0x80007bbc (0x34007ef3) x29 0x00000380
core   0: 0x80007bc0 (0x028d2cb3) mulhsu  s9, s10, s0
core   0: 3 0x80007bc0 (0x028d2cb3) x25 0x00000000
core   0: 0x80007bc4 (0x0099f4b3) and     s1, s3, s1
core   0: 3 0x80007bc4 (0x0099f4b3) x9  0x00000000
core   0: 0x80007bc8 (0x021337b3) mulhu   a5, t1, ra
core   0: 3 0x80007bc8 (0x021337b3) x15 0x00000000
core   0: 0x80007bcc (0x0000832e) c.mv    t1, a1
core   0: 3 0x80007bcc (0x832e) x6  0x52798b28
core   0: 0x80007bce (0x000066f1) c.lui   a3, 0x1c
core   0: 3 0x80007bce (0x66f1) x13 0x0001c000
core   0: 0x80007bd0 (0x01f30a33) add     s4, t1, t6
core   0: 3 0x80007bd0 (0x01f30a33) x20 0x52798b27
core   0: 0x80007bd4 (0x03f8dcb3) divu    s9, a7, t6
core   0: 3 0x80007bd4 (0x03f8dcb3) x25 0x00000000
core   0: 0x80007bd8 (0x00008376) c.mv    t1, t4
core   0: 3 0x80007bd8 (0x8376) x6  0x00000380
core   0: 0x80007bda (0x01f41193) slli    gp, s0, 31
core   0: 3 0x80007bda (0x01f41193) x3  0x00000000
core   0: 0x80007bde (0x000536b3) sltu    a3, a0, zero
core   0: 3 0x80007bde (0x000536b3) x13 0x00000000
core   0: 0x80007be2 (0x000085a9) c.srai  a1, 10
core   0: 3 0x80007be2 (0x85a9) x11 0x00149e62
core   0: 0x80007be4 (0x000085a5) c.srai  a1, 9
core   0: 3 0x80007be4 (0x85a5) x11 0x00000a4f
core   0: 0x80007be6 (0x01892233) slt     tp, s2, s8
core   0: 3 0x80007be6 (0x01892233) x4  0x00000000
core   0: 0x80007bea (0x00008da9) c.xor   a1, a0
core   0: 3 0x80007bea (0x8da9) x11 0x0f139139
core   0: 0x80007bec (0x00000001) c.nop
core   0: 3 0x80007bec (0x0001)
core   0: 0x80007bee (0x041c0363) beq     s8, ra, pc + 70
core   0: 3 0x80007bee (0x041c0363)
core   0: 0x80007bf2 (0x00006cd9) c.lui   s9, 0x16
core   0: 3 0x80007bf2 (0x6cd9) x25 0x00016000
core   0: 0x80007bf4 (0x34062173) csrrs   sp, mscratch, a2
core   0: 3 0x80007bf4 (0x34062173) x2  0x00000380 c832_mscratch 0x80023fe4
core   0: 0x80007bf8 (0x340031f3) csrrc   gp, mscratch, zero
core   0: 3 0x80007bf8 (0x340031f3) x3  0x80023fe4
core   0: 0x80007bfc (0x0ff0000f) fence   iorw,iorw
core   0: 3 0x80007bfc (0x0ff0000f)
core   0: 0x80007c00 (0x00008cc1) c.or    s1, s0
core   0: 3 0x80007c00 (0x8cc1) x9  0x80000000
core   0: 0x80007c02 (0x340020f3) csrr    ra, mscratch
core   0: 3 0x80007c02 (0x340020f3) x1  0x80023fe4
core   0: 0x80007c06 (0x34003ef3) csrrc   t4, mscratch, zero
core   0: 3 0x80007c06 (0x34003ef3) x29 0x80023fe4
core   0: 0x80007c0a (0x5b0aa213) slti    tp, s5, 1456
core   0: 3 0x80007c0a (0x5b0aa213) x4  0x00000001
core   0: 0x80007c0e (0x1af03d13) sltiu   s10, zero, 431
core   0: 3 0x80007c0e (0x1af03d13) x26 0x00000001
core   0: 0x80007c12 (0x02e73533) mulhu   a0, a4, a4
core   0: 3 0x80007c12 (0x02e73533) x10 0x00000000
core   0: 0x80007c16 (0x80686f97) auipc   t6, 0x80686
core   0: 3 0x80007c16 (0x80686f97) x31 0x0068dc16
core   0: 0x80007c1a (0xbabb3f17) auipc   t5, 0xbabb3
core   0: 3 0x80007c1a (0xbabb3f17) x30 0x3abbac1a
core   0: 0x80007c1e (0x7ab18a93) addi    s5, gp, 1963
core   0: 3 0x80007c1e (0x7ab18a93) x21 0x8002478f
core   0: 0x80007c22 (0x0000100f) fence.i
core   0: 3 0x80007c22 (0x0000100f)
core   0: 0x80007c26 (0x401a8a33) sub     s4, s5, ra
core   0: 3 0x80007c26 (0x401a8a33) x20 0x000007ab
core   0: 0x80007c2a (0x0370ca33) div     s4, ra, s7
core   0: 3 0x80007c2a (0x0370ca33) x20 0xfffffffe
core   0: 0x80007c2e (0x00005ffd) c.li    t6, -1
core   0: 3 0x80007c2e (0x5ffd) x31 0xffffffff
core   0: 0x80007c30 (0x340d5c73) csrrwi  s8, mscratch, 26
core   0: 3 0x80007c30 (0x340d5c73) x24 0x80023fe4 c832_mscratch 0x0000001a
core   0: 0x80007c34 (0x00008c99) c.sub   s1, a4
core   0: 3 0x80007c34 (0x8c99) x9  0x7ffffab0
core   0: 0x80007c36 (0x031b43b3) div     t2, s6, a7
core   0: 3 0x80007c36 (0x031b43b3) x7  0x00000000
core   0: 0x80007c3a (0x9874fc37) lui     s8, 0x9874f
core   0: 3 0x80007c3a (0x9874fc37) x24 0x9874f000
core   0: 0x80007c3e (0x00008589) c.srai  a1, 2
core   0: 3 0x80007c3e (0x8589) x11 0x03c4e44e
core   0: 0x80007c40 (0x00008521) c.srai  a0, 8
core   0: 3 0x80007c40 (0x8521) x10 0x00000000
core   0: 0x80007c42 (0x039e13b3) mulh    t2, t3, s9
core   0: 3 0x80007c42 (0x039e13b3) x7  0xffff5002
core   0: 0x80007c46 (0xad42f393) andi    t2, t0, -1324
core   0: 3 0x80007c46 (0xad42f393) x7  0xd605a000
core   0: 0x80007c4a (0x00000001) c.nop
core   0: 3 0x80007c4a (0x0001)
core   0: 0x80007c4c (0x00008d39) c.xor   a0, a4
core   0: 3 0x80007c4c (0x8d39) x10 0x00000550
core   0: 0x80007c4e (0x00006cb5) c.lui   s9, 0xd
core   0: 3 0x80007c4e (0x6cb5) x25 0x0000d000
core   0: 0x80007c50 (0x000093b2) c.add   t2, a2
core   0: 3 0x80007c50 (0x93b2) x7  0x5607dce4
core   0: 0x80007c52 (0x03d1a6b3) mulhsu  a3, gp, t4
core   0: 3 0x80007c52 (0x03d1a6b3) x13 0xc0000005
core   0: 0x80007c56 (0xe2768393) addi    t2, a3, -473
core   0: 3 0x80007c56 (0xe2768393) x7  0xbffffe2c
core   0: 0x80007c5a (0x0ff0000f) fence   iorw,iorw
core   0: 3 0x80007c5a (0x0ff0000f)
core   0: 0x80007c5e (0x0000cd1d) c.beqz  a0, pc + 62
core   0: 3 0x80007c5e (0xcd1d)
core   0: 0x80007c60 (0x00004fc5) c.li    t6, 17
core   0: 3 0x80007c60 (0x4fc5) x31 0x00000011
core   0: 0x80007c62 (0x02f58933) mul     s2, a1, a5
core   0: 3 0x80007c62 (0x02f58933) x18 0x00000000
core   0: 0x80007c66 (0xbd67d8b7) lui     a7, 0xbd67d
core   0: 3 0x80007c66 (0xbd67d8b7) x17 0xbd67d000
core   0: 0x80007c6a (0x340623f3) csrrs   t2, mscratch, a2
core   0: 3 0x80007c6a (0x340623f3) x7  0x0000001a c832_mscratch 0x80023cfe
core   0: 0x80007c6e (0x0ff0000f) fence   iorw,iorw
core   0: 3 0x80007c6e (0x0ff0000f)
core   0: 0x80007c72 (0x007ff1b3) and     gp, t6, t2
core   0: 3 0x80007c72 (0x007ff1b3) x3  0x00000010
core   0: 0x80007c76 (0x003b8e63) beq     s7, gp, pc + 28
core   0: 3 0x80007c76 (0x003b8e63)
core   0: 0x80007c7a (0x00009c72) c.add   s8, t3
core   0: 3 0x80007c7a (0x9c72) x24 0x1876edb4
core   0: 0x80007c7c (0x0000ef11) c.bnez  a4, pc + 28
core   0: 3 0x80007c7c (0xef11)
core   0: 0x80007c98 (0x41178933) sub     s2, a5, a7
core   0: 3 0x80007c98 (0x41178933) x18 0x42983000
core   0: 0x80007c9c (0x0295df33) divu    t5, a1, s1
core   0: 3 0x80007c9c (0x0295df33) x30 0x00000000
core   0: 0x80007ca0 (0x03d450b3) divu    ra, s0, t4
core   0: 3 0x80007ca0 (0x03d450b3) x1  0x00000000
core   0: 0x80007ca4 (0x00000001) c.nop
core   0: 3 0x80007ca4 (0x0001)
core   0: 0x80007ca6 (0x0196c6b3) xor     a3, a3, s9
core   0: 3 0x80007ca6 (0x0196c6b3) x13 0xc000d005
core   0: 0x80007caa (0x00000001) c.nop
core   0: 3 0x80007caa (0x0001)
core   0: 0x80007cac (0x02764db3) div     s11, a2, t2
core   0: 3 0x80007cac (0x02764db3) x27 0xfb13c744
core   0: 0x80007cb0 (0x00871b13) slli    s6, a4, 8
core   0: 3 0x80007cb0 (0x00871b13) x22 0x00055000
core   0: 0x80007cb4 (0x006689b3) add     s3, a3, t1
core   0: 3 0x80007cb4 (0x006689b3) x19 0xc000d385
core   0: 0x80007cb8 (0xa67e4537) lui     a0, 0xa67e4
core   0: 3 0x80007cb8 (0xa67e4537) x10 0xa67e4000
core   0: 0x80007cbc (0x0389a933) mulhsu  s2, s3, s8
core   0: 3 0x80007cbc (0x0389a933) x18 0xf9e258c9
core   0: 0x80007cc0 (0x00000bf2) c.slli  s7, 28
core   0: 3 0x80007cc0 (0x0bf2) x23 0x00000000
core   0: 0x80007cc2 (0x217e3813) sltiu   a6, t3, 535
core   0: 3 0x80007cc2 (0x217e3813) x16 0x00000000
core   0: 0x80007cc6 (0x000085b9) c.srai  a1, 14
core   0: 3 0x80007cc6 (0x85b9) x11 0x00000f13
core   0: 0x80007cc8 (0x003fd863) bge     t6, gp, pc + 16
core   0: 3 0x80007cc8 (0x003fd863)
core   0: 0x80007cd8 (0x37be7713) andi    a4, t3, 891
core   0: 3 0x80007cd8 (0x37be7713) x14 0x00000130
core   0: 0x80007cdc (0x00008f85) c.sub   a5, s1
core   0: 3 0x80007cdc (0x8f85) x15 0x80000550
core   0: 0x80007cde (0x40fed233) sra     tp, t4, a5
core   0: 3 0x80007cde (0x40fed233) x4  0xffff8002
core   0: 0x80007ce2 (0x0ff0000f) fence   iorw,iorw
core   0: 3 0x80007ce2 (0x0ff0000f)
core   0: 0x80007ce6 (0x00008f89) c.sub   a5, a0
core   0: 3 0x80007ce6 (0x8f89) x15 0xd981c550
core   0: 0x80007ce8 (0x012bd093) srli    ra, s7, 18
core   0: 3 0x80007ce8 (0x012bd093) x1  0x00000000
core   0: 0x80007cec (0x403e59b3) sra     s3, t3, gp
core   0: 3 0x80007cec (0x403e59b3) x19 0xffff8001
core   0: 0x80007cf0 (0x00008e85) c.sub   a3, s1
core   0: 3 0x80007cf0 (0x8e85) x13 0x4000d555
core   0: 0x80007cf2 (0x032c33b3) mulhu   t2, s8, s2
core   0: 3 0x80007cf2 (0x032c33b3) x7  0x17e14eae
core   0: 0x80007cf6 (0xbed07693) andi    a3, zero, -1043
core   0: 3 0x80007cf6 (0xbed07693) x13 0x00000000
core   0: 0x80007cfa (0x00006be1) c.lui   s7, 0x18
core   0: 3 0x80007cfa (0x6be1) x23 0x00018000
core   0: 0x80007cfc (0x00009272) c.add   tp, t3
core   0: 3 0x80007cfc (0x9272) x4  0x80017db6
core   0: 0x80007cfe (0x008f19b3) sll     s3, t5, s0
core   0: 3 0x80007cfe (0x008f19b3) x19 0x00000000
core   0: 0x80007d02 (0x004f9193) slli    gp, t6, 4
core   0: 3 0x80007d02 (0x004f9193) x3  0x00000110
core   0: 0x80007d06 (0x0000833d) c.srli  a4, 15
core   0: 3 0x80007d06 (0x833d) x14 0x00000000
core   0: 0x80007d08 (0x340c5ff3) csrrwi  t6, mscratch, 24
core   0: 3 0x80007d08 (0x340c5ff3) x31 0x80023cfe c832_mscratch 0x00000018
core   0: 0x80007d0c (0x02a5f163) bgeu    a1, a0, pc + 34
core   0: 3 0x80007d0c (0x02a5f163)
core   0: 0x80007d10 (0x0000612d) c.addi16sp sp, 224
core   0: 3 0x80007d10 (0x612d) x2  0x00000460
core   0: 0x80007d12 (0x00008db9) c.xor   a1, a4
core   0: 3 0x80007d12 (0x8db9) x11 0x00000f13
core   0: 0x80007d14 (0x0000055d) c.addi  a0, 23
core   0: 3 0x80007d14 (0x055d) x10 0xa67e4017
core   0: 0x80007d16 (0x0000100f) fence.i
core   0: 3 0x80007d16 (0x0000100f)
core   0: 0x80007d1a (0x016e59b3) srl     s3, t3, s6
core   0: 3 0x80007d1a (0x016e59b3) x19 0x8001fdb4
core   0: 0x80007d1e (0x00244c33) xor     s8, s0, sp
core   0: 3 0x80007d1e (0x00244c33) x24 0x80000460
core   0: 0x80007d22 (0x0196a133) slt     sp, a3, s9
core   0: 3 0x80007d22 (0x0196a133) x2  0x00000001
core   0: 0x80007d26 (0x00008d51) c.or    a0, a2
core   0: 3 0x80007d26 (0x8d51) x10 0xa67e7cf7
core   0: 0x80007d28 (0x0ffaaa93) slti    s5, s5, 255
core   0: 3 0x80007d28 (0x0ffaaa93) x21 0x00000001
core   0: 0x80007d2c (0x00008fc1) c.or    a5, s0
core   0: 3 0x80007d2c (0x8fc1) x15 0xd981c550
core   0: 0x80007d2e (0x003e8833) add     a6, t4, gp
core   0: 3 0x80007d2e (0x003e8833) x16 0x800240f4
core   0: 0x80007d32 (0x0298f6b3) remu    a3, a7, s1
core   0: 3 0x80007d32 (0x0298f6b3) x13 0x3d67d550
core   0: 0x80007d36 (0x00008cd5) c.or    s1, a3
core   0: 3 0x80007d36 (0x8cd5) x9  0x7ffffff0
core   0: 0x80007d38 (0x00006315) c.lui   t1, 0x5
core   0: 3 0x80007d38 (0x6315) x6  0x00005000
core   0: 0x80007d3a (0x340079f3) csrrci  s3, mscratch, 0
core   0: 3 0x80007d3a (0x340079f3) x19 0x00000018
core   0: 0x80007d3e (0x02f11733) mulh    a4, sp, a5
core   0: 3 0x80007d3e (0x02f11733) x14 0xffffffff
core   0: 0x80007d42 (0x01b06763) bltu    zero, s11, pc + 14
core   0: 3 0x80007d42 (0x01b06763)
core   0: 0x80007d50 (0x0035c3b3) xor     t2, a1, gp
core   0: 3 0x80007d50 (0x0035c3b3) x7  0x00000e03
core   0: 0x80007d54 (0x00008975) c.andi  a0, 29
core   0: 3 0x80007d54 (0x8975) x10 0x00000015
core   0: 0x80007d56 (0x00008155) c.srli  a0, 21
core   0: 3 0x80007d56 (0x8155) x10 0x00000000
core   0: 0x80007d58 (0x00000001) c.nop
core   0: 3 0x80007d58 (0x0001)
core   0: 0x80007d5a (0x00008f51) c.or    a4, a2
core   0: 3 0x80007d5a (0x8f51) x14 0xffffffff
core   0: 0x80007d5c (0x9b113c13) sltiu   s8, sp, -1615
core   0: 3 0x80007d5c (0x9b113c13) x24 0x00000001
core   0: 0x80007d60 (0x01c5fb63) bgeu    a1, t3, pc + 22
core   0: 3 0x80007d60 (0x01c5fb63)
core   0: 0x80007d64 (0xa13bf313) andi    t1, s7, -1517
core   0: 3 0x80007d64 (0xa13bf313) x6  0x00018000
core   0: 0x80007d68 (0x0ff0000f) fence   iorw,iorw
core   0: 3 0x80007d68 (0x0ff0000f)
core   0: 0x80007d6c (0x4d9bbb13) sltiu   s6, s7, 1241
core   0: 3 0x80007d6c (0x4d9bbb13) x22 0x00000000
core   0: 0x80007d70 (0x0103cd63) blt     t2, a6, pc + 26
core   0: 3 0x80007d70 (0x0103cd63)
core   0: 0x80007d74 (0x00001398) c.addi4spn a4, sp, 480
core   0: 3 0x80007d74 (0x1398) x14 0x000001e1
core   0: 0x80007d76 (0x03c6c033) div     zero, a3, t3
core   0: 3 0x80007d76 (0x03c6c033)
core   0: 0x80007d7a (0x34002ef3) csrr    t4, mscratch
core   0: 3 0x80007d7a (0x34002ef3) x29 0x00000018
core   0: 0x80007d7e (0x34031af3) csrrw   s5, mscratch, t1
core   0: 3 0x80007d7e (0x34031af3) x21 0x00000018 c832_mscratch 0x00018000
core   0: 0x80007d82 (0xe601b793) sltiu   a5, gp, -416
core   0: 3 0x80007d82 (0xe601b793) x15 0x00000001
core   0: 0x80007d86 (0x1026f393) andi    t2, a3, 258
core   0: 3 0x80007d86 (0x1026f393) x7  0x00000100
core   0: 0x80007d8a (0x00000001) c.nop
core   0: 3 0x80007d8a (0x0001)
core   0: 0x80007d8c (0x024f5233) divu    tp, t5, tp
core   0: 3 0x80007d8c (0x024f5233) x4  0x00000000
core   0: 0x80007d90 (0x000099fd) c.andi  a1, -1
core   0: 3 0x80007d90 (0x99fd) x11 0x00000f13
core   0: 0x80007d92 (0x03b86ab3) rem     s5, a6, s11
core   0: 3 0x80007d92 (0x03b86ab3) x21 0xfb13cb50
core   0: 0x80007d96 (0x3cb36893) ori     a7, t1, 971
core   0: 3 0x80007d96 (0x3cb36893) x17 0x000183cb
core   0: 0x80007d9a (0x5df87b17) auipc   s6, 0x5df87
core   0: 3 0x80007d9a (0x5df87b17) x22 0xddf8ed9a
core   0: 0x80007d9e (0x03cd66b3) rem     a3, s10, t3
core   0: 3 0x80007d9e (0x03cd66b3) x13 0x00000001
core   0: 0x80007da2 (0x028a63b3) rem     t2, s4, s0
core   0: 3 0x80007da2 (0x028a63b3) x7  0xfffffffe
core   0: 0x80007da6 (0x34002af3) csrr    s5, mscratch
core   0: 3 0x80007da6 (0x34002af3) x21 0x00018000
core   0: 0x80007daa (0x02aa4cb3) div     s9, s4, a0
core   0: 3 0x80007daa (0x02aa4cb3) x25 0xffffffff
core   0: 0x80007dae (0x00006bad) c.lui   s7, 0xb
core   0: 3 0x80007dae (0x6bad) x23 0x0000b000
core   0: 0x80007db0 (0x7d7ebf13) sltiu   t5, t4, 2007
core   0: 3 0x80007db0 (0x7d7ebf13) x30 0x00000001
core   0: 0x80007db4 (0x340a2573) csrrs   a0, mscratch, s4
core   0: 3 0x80007db4 (0x340a2573) x10 0x00018000 c832_mscratch 0xfffffffe
core   0: 0x80007db8 (0x0000100f) fence.i
core   0: 3 0x80007db8 (0x0000100f)
core   0: 0x80007dbc (0x56f2e293) ori     t0, t0, 1391
core   0: 3 0x80007dbc (0x56f2e293) x5  0xd605a56f
core   0: 0x80007dc0 (0x00008fc1) c.or    a5, s0
core   0: 3 0x80007dc0 (0x8fc1) x15 0x80000001
core   0: 0x80007dc2 (0x34006f73) csrrsi  t5, mscratch, 0
core   0: 3 0x80007dc2 (0x34006f73) x30 0xfffffffe
core   0: 0x80007dc6 (0x3579f313) andi    t1, s3, 855
core   0: 3 0x80007dc6 (0x3579f313) x6  0x00000010
core   0: 0x80007dca (0x34002373) csrr    t1, mscratch
core   0: 3 0x80007dca (0x34002373) x6  0xfffffffe
core   0: 0x80007dce (0x0ff0000f) fence   iorw,iorw
core   0: 3 0x80007dce (0x0ff0000f)
core   0: 0x80007dd2 (0x34007073) csrci   mscratch, 0
core   0: 3 0x80007dd2 (0x34007073)
core   0: 0x80007dd6 (0x0ff0000f) fence   iorw,iorw
core   0: 3 0x80007dd6 (0x0ff0000f)
core   0: 0x80007dda (0xd62efc97) auipc   s9, 0xd62ef
core   0: 3 0x80007dda (0xd62efc97) x25 0x562f6dda
core   0: 0x80007dde (0x00008389) c.srli  a5, 2
core   0: 3 0x80007dde (0x8389) x15 0x20000000
core   0: 0x80007de0 (0x34039df3) csrrw   s11, mscratch, t2
core   0: 3 0x80007de0 (0x34039df3) x27 0xfffffffe c832_mscratch 0xfffffffe
core   0: 0x80007de4 (0x00008ee5) c.and   a3, s1
core   0: 3 0x80007de4 (0x8ee5) x13 0x00000000
core   0: 0x80007de6 (0x00008de9) c.and   a1, a0
core   0: 3 0x80007de6 (0x8de9) x11 0x00000000
core   0: 0x80007de8 (0x033c44b3) div     s1, s8, s3
core   0: 3 0x80007de8 (0x033c44b3) x9  0x00000000
core   0: 0x80007dec (0xad810913) addi    s2, sp, -1320
core   0: 3 0x80007dec (0xad810913) x18 0xfffffad9
core   0: 0x80007df0 (0x00077963) bgeu    a4, zero, pc + 18
core   0: 3 0x80007df0 (0x00077963)
core   0: 0x80007e02 (0x007fb533) sltu    a0, t6, t2
core   0: 3 0x80007e02 (0x007fb533) x10 0x00000001
core   0: 0x80007e06 (0x020844b3) div     s1, a6, zero
core   0: 3 0x80007e06 (0x020844b3) x9  0xffffffff
core   0: 0x80007e0a (0x01605813) srli    a6, zero, 22
core   0: 3 0x80007e0a (0x01605813) x16 0x00000000
core   0: 0x80007e0e (0x017ad4b3) srl     s1, s5, s7
core   0: 3 0x80007e0e (0x017ad4b3) x9  0x00018000
core   0: 0x80007e12 (0x00b1b5b3) sltu    a1, gp, a1
core   0: 3 0x80007e12 (0x00b1b5b3) x11 0x00000000
core   0: 0x80007e16 (0x34065ef3) csrrwi  t4, mscratch, 12
core   0: 3 0x80007e16 (0x34065ef3) x29 0xfffffffe c832_mscratch 0x0000000c
core   0: 0x80007e1a (0x00004c71) c.li    s8, 28
core   0: 3 0x80007e1a (0x4c71) x24 0x0000001c
core   0: 0x80007e1c (0x03db0863) beq     s6, t4, pc + 48
core   0: 3 0x80007e1c (0x03db0863)
core   0: 0x80007e20 (0x0000eb05) c.bnez  a4, pc + 48
core   0: 3 0x80007e20 (0xeb05)
core   0: 0x80007e50 (0x00000001) c.nop
core   0: 3 0x80007e50 (0x0001)
core   0: 0x80007e52 (0x02ff0863) beq     t5, a5, pc + 48
core   0: 3 0x80007e52 (0x02ff0863)
core   0: 0x80007e56 (0x0579c063) blt     s3, s7, pc + 64
core   0: 3 0x80007e56 (0x0579c063)
core   0: 0x80007e96 (0x01eec4b3) xor     s1, t4, t5
core   0: 3 0x80007e96 (0x01eec4b3) x9  0x00000000
core   0: 0x80007e9a (0x0000997d) c.andi  a0, -1
core   0: 3 0x80007e9a (0x997d) x10 0x00000001
core   0: 0x80007e9c (0x023cf0b3) remu    ra, s9, gp
core   0: 3 0x80007e9c (0x023cf0b3) x1  0x0000009a
core   0: 0x80007ea0 (0x036cbab3) mulhu   s5, s9, s6
core   0: 3 0x80007ea0 (0x036cbab3) x21 0x4ababfc5
core   0: 0x80007ea4 (0x340b74f3) csrrci  s1, mscratch, 22
core   0: 3 0x80007ea4 (0x340b74f3) x9  0x0000000c c832_mscratch 0x00000008
core   0: 0x80007ea8 (0x40c084b3) sub     s1, ra, a2
core   0: 3 0x80007ea8 (0x40c084b3) x9  0x7ffdc3b6
core   0: 0x80007eac (0xa2ad3697) auipc   a3, 0xa2ad3
core   0: 3 0x80007eac (0xa2ad3697) x13 0x22adaeac
core   0: 0x80007eb0 (0x00001c8c) c.addi4spn a1, sp, 624
core   0: 3 0x80007eb0 (0x1c8c) x11 0x00000271
core   0: 0x80007eb2 (0x0000100f) fence.i
core   0: 3 0x80007eb2 (0x0000100f)
core   0: 0x80007eb6 (0x01681833) sll     a6, a6, s6
core   0: 3 0x80007eb6 (0x01681833) x16 0x00000000
core   0: 0x80007eba (0x0141f733) and     a4, gp, s4
core   0: 3 0x80007eba (0x0141f733) x14 0x00000110
core   0: 0x80007ebe (0x40e28bb3) sub     s7, t0, a4
core   0: 3 0x80007ebe (0x40e28bb3) x23 0xd605a45f
core   0: 0x80007ec2 (0x0152e333) or      t1, t0, s5
core   0: 3 0x80007ec2 (0x0152e333) x6  0xdebfbfef
core   0: 0x80007ec6 (0x34007cf3) csrrci  s9, mscratch, 0
core   0: 3 0x80007ec6 (0x34007cf3) x25 0x00000008
core   0: 0x80007eca (0x0181c8b3) xor     a7, gp, s8
core   0: 3 0x80007eca (0x0181c8b3) x17 0x0000010c
core   0: 0x80007ece (0x00895b93) srli    s7, s2, 8
core   0: 3 0x80007ece (0x00895b93) x23 0x00fffffa
core   0: 0x80007ed2 (0x412604b3) sub     s1, a2, s2
core   0: 3 0x80007ed2 (0x412604b3) x9  0x8002420b
core   0: 0x80007ed6 (0x00dc1293) slli    t0, s8, 13
core   0: 3 0x80007ed6 (0x00dc1293) x5  0x00038000
core   0: 0x80007eda (0x399ceb93) ori     s7, s9, 921
core   0: 3 0x80007eda (0x399ceb93) x23 0x00000399
core   0: 0x80007ede (0x34061773) csrrw   a4, mscratch, a2
core   0: 3 0x80007ede (0x34061773) x14 0x00000008 c832_mscratch 0x80023ce4
core   0: 0x80007ee2 (0x010d9f63) bne     s11, a6, pc + 30
core   0: 3 0x80007ee2 (0x010d9f63)
core   0: 0x80007f00 (0x0052f333) and     t1, t0, t0
core   0: 3 0x80007f00 (0x0052f333) x6  0x00038000
core   0: 0x80007f04 (0x03c7a533) mulhsu  a0, a5, t3
core   0: 3 0x80007f04 (0x03c7a533) x10 0x10003fb6
core   0: 0x80007f08 (0x0397a6b3) mulhsu  a3, a5, s9
core   0: 3 0x80007f08 (0x0397a6b3) x13 0x00000001
core   0: 0x80007f0c (0x00000b3e) c.slli  s6, 15
core   0: 3 0x80007f0c (0x0b3e) x22 0x76cd0000
core   0: 0x80007f0e (0x01334533) xor     a0, t1, s3
core   0: 3 0x80007f0e (0x01334533) x10 0x00038018
core   0: 0x80007f12 (0x01265363) bge     a2, s2, pc + 6
core   0: 3 0x80007f12 (0x01265363)
core   0: 0x80007f16 (0x0000587d) c.li    a6, -1
core   0: 3 0x80007f16 (0x587d) x16 0xffffffff
core   0: 0x80007f18 (0x00008d81) c.sub   a1, s0
core   0: 3 0x80007f18 (0x8d81) x11 0x80000271
core   0: 0x80007f1a (0x03853033) mulhu   zero, a0, s8
core   0: 3 0x80007f1a (0x03853033)
core   0: 0x80007f1e (0x00000001) c.nop
core   0: 3 0x80007f1e (0x0001)
core   0: 0x80007f20 (0x03c187b3) mul     a5, gp, t3
core   0: 3 0x80007f20 (0x03c187b3) x15 0x021d8f40
core   0: 0x80007f24 (0x67ba6e93) ori     t4, s4, 1659
core   0: 3 0x80007f24 (0x67ba6e93) x29 0xffffffff
core   0: 0x80007f28 (0x017929b3) slt     s3, s2, s7
core   0: 3 0x80007f28 (0x017929b3) x19 0x00000001
core   0: 0x80007f2c (0x30efc593) xori    a1, t6, 782
core   0: 3 0x80007f2c (0x30efc593) x11 0x80023ff0
core   0: 0x80007f30 (0x0000051e) c.slli  a0, 7
core   0: 3 0x80007f30 (0x051e) x10 0x01c00c00
core   0: 0x80007f32 (0x3407f4f3) csrrci  s1, mscratch, 15
core   0: 3 0x80007f32 (0x3407f4f3) x9  0x80023ce4 c832_mscratch 0x80023ce0
core   0: 0x80007f36 (0xa2d64913) xori    s2, a2, -1491
core   0: 3 0x80007f36 (0xa2d64913) x18 0x7ffdc6c9
core   0: 0x80007f3a (0x000002ca) c.slli  t0, 18
core   0: 3 0x80007f3a (0x02ca) x5  0x00000000
core   0: 0x80007f3c (0x4077d7b3) sra     a5, a5, t2
core   0: 3 0x80007f3c (0x4077d7b3) x15 0x00000000
core   0: 0x80007f40 (0x0000877d) c.srai  a4, 31
core   0: 3 0x80007f40 (0x877d) x14 0x00000000
core   0: 0x80007f42 (0x01b4a9b3) slt     s3, s1, s11
core   0: 3 0x80007f42 (0x01b4a9b3) x19 0x00000001
core   0: 0x80007f46 (0x00009286) c.add   t0, ra
core   0: 3 0x80007f46 (0x9286) x5  0x0000009a
core   0: 0x80007f48 (0x34032ff3) csrrs   t6, mscratch, t1
core   0: 3 0x80007f48 (0x34032ff3) x31 0x80023ce0 c832_mscratch 0x8003bce0
core   0: 0x80007f4c (0x00aa1533) sll     a0, s4, a0
core   0: 3 0x80007f4c (0x00aa1533) x10 0xfffffffe
core   0: 0x80007f50 (0x01d630b3) sltu    ra, a2, t4
core   0: 3 0x80007f50 (0x01d630b3) x1  0x00000001
core   0: 0x80007f54 (0x00349733) sll     a4, s1, gp
core   0: 3 0x80007f54 (0x00349733) x14 0x3ce40000
core   0: 0x80007f58 (0x00c5b0b3) sltu    ra, a1, a2
core   0: 3 0x80007f58 (0x00c5b0b3) x1  0x00000000
core   0: 0x80007f5c (0x0183e033) or      zero, t2, s8
core   0: 3 0x80007f5c (0x0183e033)
core   0: 0x80007f60 (0x0ff0000f) fence   iorw,iorw
core   0: 3 0x80007f60 (0x0ff0000f)
core   0: 0x80007f64 (0x00000001) c.nop
core   0: 3 0x80007f64 (0x0001)
core   0: 0x80007f66 (0x00008d79) c.and   a0, a4
core   0: 3 0x80007f66 (0x8d79) x10 0x3ce40000
core   0: 0x80007f68 (0x03e644b3) div     s1, a2, t5
core   0: 3 0x80007f68 (0x03e644b3) x9  0x3ffee18e
core   0: 0x80007f6c (0x01835f93) srli    t6, t1, 24
core   0: 3 0x80007f6c (0x01835f93) x31 0x00000000
core   0: 0x80007f70 (0x0000ed19) c.bnez  a0, pc + 30
core   0: 3 0x80007f70 (0xed19)
core   0: 0x80007f8e (0x4195d213) srai    tp, a1, 25
core   0: 3 0x80007f8e (0x4195d213) x4  0xffffffc0
core   0: 0x80007f92 (0x00008d79) c.and   a0, a4
core   0: 3 0x80007f92 (0x8d79) x10 0x3ce40000
core   0: 0x80007f94 (0x00008e8d) c.sub   a3, a1
core   0: 3 0x80007f94 (0x8e8d) x13 0x7ffdc011
core   0: 0x80007f96 (0x0040f2b3) and     t0, ra, tp
core   0: 3 0x80007f96 (0x0040f2b3) x5  0x00000000
core   0: 0x80007f9a (0x038a1663) bne     s4, s8, pc + 44
core   0: 3 0x80007f9a (0x038a1663)
core   0: 0x80007fc6 (0x0ff0000f) fence   iorw,iorw
core   0: 3 0x80007fc6 (0x0ff0000f)
core   0: 0x80007fca (0x014edfb3) srl     t6, t4, s4
core   0: 3 0x80007fca (0x014edfb3) x31 0x00000003
core   0: 0x80007fce (0x00008cbd) c.xor   s1, a5
core   0: 3 0x80007fce (0x8cbd) x9  0x3ffee18e
core   0: 0x80007fd0 (0x00006e9d) c.lui   t4, 0x7
core   0: 3 0x80007fd0 (0x6e9d) x29 0x00007000
core   0: 0x80007fd2 (0x34006773) csrrsi  a4, mscratch, 0
core   0: 3 0x80007fd2 (0x34006773) x14 0x8003bce0
core   0: 0x80007fd6 (0x01cbaeb3) slt     t4, s7, t3
core   0: 3 0x80007fd6 (0x01cbaeb3) x29 0x00000000
core   0: 0x80007fda (0x00008cb5) c.xor   s1, a3
core   0: 3 0x80007fda (0x8cb5) x9  0x4003219f
core   0: 0x80007fdc (0x00000d66) c.slli  s10, 25
core   0: 3 0x80007fdc (0x0d66) x26 0x02000000
core   0: 0x80007fde (0x00008d29) c.xor   a0, a0
core   0: 3 0x80007fde (0x8d29) x10 0x00000000
core   0: 0x80007fe0 (0x0296a9b3) mulhsu  s3, a3, s1
core   0: 3 0x80007fe0 (0x0296a9b3) x19 0x200100cc
core   0: 0x80007fe4 (0x00000745) c.addi  a4, 17
core   0: 3 0x80007fe4 (0x0745) x14 0x8003bcf1
core   0: 0x80007fe6 (0x00008f6d) c.and   a4, a1
core   0: 3 0x80007fe6 (0x8f6d) x14 0x80023cf0
core   0: 0x80007fe8 (0x007bcf63) blt     s7, t2, pc + 30
core   0: 3 0x80007fe8 (0x007bcf63)
core   0: 0x80007fec (0x00000c0c) c.addi4spn a1, sp, 528
core   0: 3 0x80007fec (0x0c0c) x11 0x00000211
core   0: 0x80007fee (0x0000ed05) c.bnez  a0, pc + 56
core   0: 3 0x80007fee (0xed05)
core   0: 0x80007ff0 (0x00000236) c.slli  tp, 13
core   0: 3 0x80007ff0 (0x0236) x4  0xfff80000
core   0: 0x80007ff2 (0x5e55adb7) lui     s11, 0x5e55a
core   0: 3 0x80007ff2 (0x5e55adb7) x27 0x5e55a000
core   0: 0x80007ff6 (0x40d055b3) sra     a1, zero, a3
core   0: 3 0x80007ff6 (0x40d055b3) x11 0x00000000
core   0: 0x80007ffa (0x00000246) c.slli  tp, 17
core   0: 3 0x80007ffa (0x0246) x4  0x00000000
core   0: 0x80007ffc (0x00008bdd) c.andi  a5, 23
core   0: 3 0x80007ffc (0x8bdd) x15 0x00000000
core   0: 0x80007ffe (0x00293833) sltu    a6, s2, sp
core   0: 3 0x80007ffe (0x00293833) x16 0x00000000
core   0: 0x80008002 (0x012c5bb3) srl     s7, s8, s2
core   0: 3 0x80008002 (0x012c5bb3) x23 0x00000000
core   0: 0x80008006 (0x0153cc63) blt     t2, s5, pc + 24
core   0: 3 0x80008006 (0x0153cc63)
core   0: 0x8000801e (0x34007cf3) csrrci  s9, mscratch, 0
core   0: 3 0x8000801e (0x34007cf3) x25 0x8003bce0
core   0: 0x80008022 (0x028b94b3) mulh    s1, s7, s0
core   0: 3 0x80008022 (0x028b94b3) x9  0x00000000
core   0: 0x80008026 (0x41798933) sub     s2, s3, s7
core   0: 3 0x80008026 (0x41798933) x18 0x200100cc
core   0: 0x8000802a (0x0000100f) fence.i
core   0: 3 0x8000802a (0x0000100f)
core   0: 0x8000802e (0x000002c5) c.addi  t0, 17
core   0: 3 0x8000802e (0x02c5) x5  0x00000011
core   0: 0x80008030 (0x415e8db3) sub     s11, t4, s5
core   0: 3 0x80008030 (0x415e8db3) x27 0xb545403b
core   0: 0x80008034 (0x025df9b3) remu    s3, s11, t0
core   0: 3 0x80008034 (0x025df9b3) x19 0x00000010
core   0: 0x80008038 (0x00000001) c.nop
core   0: 3 0x80008038 (0x0001)
core   0: 0x8000803a (0x40125233) sra     tp, tp, ra
core   0: 3 0x8000803a (0x40125233) x4  0x00000000
core   0: 0x8000803e (0x00000114) c.addi4spn a3, sp, 128
core   0: 3 0x8000803e (0x0114) x13 0x00000081
core   0: 0x80008040 (0x591bcc97) auipc   s9, 0x591bc
core   0: 3 0x80008040 (0x591bcc97) x25 0xd91c4040
core   0: 0x80008044 (0x34001bf3) csrrw   s7, mscratch, zero
core   0: 3 0x80008044 (0x34001bf3) x23 0x8003bce0 c832_mscratch 0x00000000
core   0: 0x80008048 (0x340cb273) csrrc   tp, mscratch, s9
core   0: 3 0x80008048 (0x340cb273) x4  0x00000000 c832_mscratch 0x00000000
core   0: 0x8000804c (0x024a24b3) mulhsu  s1, s4, tp
core   0: 3 0x8000804c (0x024a24b3) x9  0x00000000
core   0: 0x80008050 (0xcb1066b7) lui     a3, 0xcb106
core   0: 3 0x80008050 (0xcb1066b7) x13 0xcb106000
core   0: 0x80008054 (0x209d0e93) addi    t4, s10, 521
core   0: 3 0x80008054 (0x209d0e93) x29 0x02000209
core   0: 0x80008058 (0x014eb833) sltu    a6, t4, s4
core   0: 3 0x80008058 (0x014eb833) x16 0x00000001
core   0: 0x8000805c (0x9bea5b37) lui     s6, 0x9bea5
core   0: 3 0x8000805c (0x9bea5b37) x22 0x9bea5000
core   0: 0x80008060 (0x035d0933) mul     s2, s10, s5
core   0: 3 0x80008060 (0x035d0933) x18 0x8a000000
core   0: 0x80008064 (0x34079bf3) csrrw   s7, mscratch, a5
core   0: 3 0x80008064 (0x34079bf3) x23 0x00000000 c832_mscratch 0x00000000
core   0: 0x80008068 (0x0000080c) c.addi4spn a1, sp, 16
core   0: 3 0x80008068 (0x080c) x11 0x00000011
core   0: 0x8000806a (0x022b0cb3) mul     s9, s6, sp
core   0: 3 0x8000806a (0x022b0cb3) x25 0x9bea5000
core   0: 0x8000806e (0x340ad273) csrrwi  tp, mscratch, 21
core   0: 3 0x8000806e (0x340ad273) x4  0x00000000 c832_mscratch 0x00000015
core   0: 0x80008072 (0x0033fc63) bgeu    t2, gp, pc + 24
core   0: 3 0x80008072 (0x0033fc63)
core   0: 0x8000808a (0x0000924e) c.add   tp, s3
core   0: 3 0x8000808a (0x924e) x4  0x00000010
core   0: 0x8000808c (0x0371e833) rem     a6, gp, s7
core   0: 3 0x8000808c (0x0371e833) x16 0x00000110
core   0: 0x80008090 (0x5fa3ed13) ori     s10, t2, 1530
core   0: 3 0x80008090 (0x5fa3ed13) x26 0xfffffffe
core   0: 0x80008094 (0x00008f95) c.sub   a5, a3
core   0: 3 0x80008094 (0x8f95) x15 0x34efa000
core   0: 0x80008096 (0x00b910b3) sll     ra, s2, a1
core   0: 3 0x80008096 (0x00b910b3) x1  0x00000000
core   0: 0x8000809a (0x340bd373) csrrwi  t1, mscratch, 23
core   0: 3 0x8000809a (0x340bd373) x6  0x00000015 c832_mscratch 0x00000017
core   0: 0x8000809e (0x0000087d) c.addi  a6, 31
core   0: 3 0x8000809e (0x087d) x16 0x0000012f
core   0: 0x800080a0 (0x0000100f) fence.i
core   0: 3 0x800080a0 (0x0000100f)
core   0: 0x800080a4 (0x0000119c) c.addi4spn a5, sp, 224
core   0: 3 0x800080a4 (0x119c) x15 0x000000e1
core   0: 0x800080a6 (0xa8cb6813) ori     a6, s6, -1396
core   0: 3 0x800080a6 (0xa8cb6813) x16 0xfffffa8c
core   0: 0x800080aa (0x00000001) c.nop
core   0: 3 0x800080aa (0x0001)
core   0: 0x800080ac (0x004e2183) lw      gp, 4(t3)
core   0: 3 0x800080ac (0x004e2183) x3  0x800080f6 mem 0x8001fdb8
core   0: 0x800080b0 (0x03ce0e13) addi    t3, t3, 60
core   0: 3 0x800080b0 (0x03ce0e13) x28 0x8001fdf0
core   0: 0x800080b4 (0x0000717d) c.addi16sp sp, -16
core   0: 3 0x800080b4 (0x717d) x2  0xfffffff1
core   0: 0x800080b6 (0x00018893) mv      a7, gp
core   0: 3 0x800080b6 (0x00018893) x17 0x800080f6
core   0: 0x800080ba (0x00009882) c.jalr  a7
core   0: 3 0x800080ba (0x9882) x1  0x800080bc
core   0: 0x800080f6 (0x010001ef) jal     gp, pc + 0x10
core   0: 3 0x800080f6 (0x010001ef) x3  0x800080fa
core   0: 0x80008106 (0xff5ff0ef) jal     pc - 0xc
core   0: 3 0x80008106 (0xff5ff0ef) x1  0x8000810a
core   0: 0x800080fa (0x00002019) c.jal   pc + 6
core   0: 3 0x800080fa (0x2019) x1  0x800080fc
core   0: 0x80008100 (0x0180036f) jal     t1, pc + 0x18
core   0: 3 0x80008100 (0x0180036f) x6  0x80008104
core   0: 0x80008118 (0xfe7ff0ef) jal     pc - 0x1a
core   0: 3 0x80008118 (0xfe7ff0ef) x1  0x8000811c
core   0: 0x800080fe (0x0000a031) c.j     pc + 12
core   0: 3 0x800080fe (0xa031)
core   0: 0x8000810a (0x00400d6f) jal     s10, pc + 0x4
core   0: 3 0x8000810a (0x00400d6f) x26 0x8000810e
core   0: 0x8000810e (0x0000a039) c.j     pc + 14
core   0: 3 0x8000810e (0xa039)
core   0: 0x8000811c (0x0000bfdd) c.j     pc - 10
core   0: 3 0x8000811c (0xbfdd)
core   0: 0x80008112 (0x0000b7ed) c.j     pc - 22
core   0: 3 0x80008112 (0xb7ed)
core   0: 0x800080fc (0x00002829) c.jal   pc + 26
core   0: 3 0x800080fc (0x2829) x1  0x800080fe
core   0: 0x80008116 (0x0000bffd) c.j     pc - 2
core   0: 3 0x80008116 (0xbffd)
core   0: 0x80008114 (0x0000bff5) c.j     pc - 4
core   0: 3 0x80008114 (0xbff5)
core   0: 0x80008110 (0x0000bfd5) c.j     pc - 12
core   0: 3 0x80008110 (0xbfd5)
core   0: 0x80008104 (0x00002829) c.jal   pc + 26
core   0: 3 0x80008104 (0x2829) x1  0x80008106
core   0: 0x8000811e (0x004000ef) jal     pc + 0x4
core   0: 3 0x8000811e (0x004000ef) x1  0x80008122
core   0: 0x80008122 (0x418cd833) sra     a6, s9, s8
core   0: 3 0x80008122 (0x418cd833) x16 0xfffffff9
core   0: 0x80008126 (0xae81cc13) xori    s8, gp, -1304
core   0: 3 0x80008126 (0xae81cc13) x24 0x7fff7a12
core   0: 0x8000812a (0x02c2b8b3) mulhu   a7, t0, a2
core   0: 3 0x8000812a (0x02c2b8b3) x17 0x00000008
core   0: 0x8000812e (0x02e24363) blt     tp, a4, pc + 38
core   0: 3 0x8000812e (0x02e24363)
core   0: 0x80008132 (0x00652eb3) slt     t4, a0, t1
core   0: 3 0x80008132 (0x00652eb3) x29 0x00000000
core   0: 0x80008136 (0x03ec2cb3) mulhsu  s9, s8, t5
core   0: 3 0x80008136 (0x03ec2cb3) x25 0x7fff7a11
core   0: 0x8000813a (0x00009afd) c.andi  a3, -1
core   0: 3 0x8000813a (0x9afd) x13 0xcb106000
core   0: 0x8000813c (0x008fb0b3) sltu    ra, t6, s0
core   0: 3 0x8000813c (0x008fb0b3) x1  0x00000001
core   0: 0x80008140 (0x034f3eb3) mulhu   t4, t5, s4
core   0: 3 0x80008140 (0x034f3eb3) x29 0xfffffffc
core   0: 0x80008144 (0x4bd4f393) andi    t2, s1, 1213
core   0: 3 0x80008144 (0x4bd4f393) x7  0x00000000
core   0: 0x80008148 (0x000055fd) c.li    a1, -1
core   0: 3 0x80008148 (0x55fd) x11 0xffffffff
core   0: 0x8000814a (0x00343233) sltu    tp, s0, gp
core   0: 3 0x8000814a (0x00343233) x4  0x00000001
core   0: 0x8000814e (0x00006f51) c.lui   t5, 0x14
core   0: 3 0x8000814e (0x6f51) x30 0x00014000
core   0: 0x80008150 (0x03520233) mul     tp, tp, s5
core   0: 3 0x80008150 (0x03520233) x4  0x4ababfc5
core   0: 0x80008154 (0x00008f01) c.sub   a4, s0
core   0: 3 0x80008154 (0x8f01) x14 0x00023cf0
core   0: 0x80008156 (0x02749cb3) mulh    s9, s1, t2
core   0: 3 0x80008156 (0x02749cb3) x25 0x00000000
core   0: 0x8000815a (0xa119d837) lui     a6, 0xa119d
core   0: 3 0x8000815a (0xa119d837) x16 0xa119d000
core   0: 0x8000815e (0x017912b3) sll     t0, s2, s7
core   0: 3 0x8000815e (0x017912b3) x5  0x8a000000
core   0: 0x80008162 (0x02f66d33) rem     s10, a2, a5
core   0: 3 0x80008162 (0x02f66d33) x26 0xffffff2b
core   0: 0x80008166 (0x01309813) slli    a6, ra, 19
core   0: 3 0x80008166 (0x01309813) x16 0x00080000
core   0: 0x8000816a (0x00008dfd) c.and   a1, a5
core   0: 3 0x8000816a (0x8dfd) x11 0x000000e1
core   0: 0x8000816c (0x00008f65) c.and   a4, s1
core   0: 3 0x8000816c (0x8f65) x14 0x00000000
core   0: 0x8000816e (0x0000ed9d) c.bnez  a1, pc + 62
core   0: 3 0x8000816e (0xed9d)
core   0: 0x800081ac (0x80b86113) ori     sp, a6, -2037
core   0: 3 0x800081ac (0x80b86113) x2  0xfffff80b
core   0: 0x800081b0 (0x34037873) csrrci  a6, mscratch, 6
core   0: 3 0x800081b0 (0x34037873) x16 0x00000017 c832_mscratch 0x00000011
core   0: 0x800081b4 (0x00000001) c.nop
core   0: 3 0x800081b4 (0x0001)
core   0: 0x800081b6 (0x01e88963) beq     a7, t5, pc + 18
core   0: 3 0x800081b6 (0x01e88963)
core   0: 0x800081ba (0x00008d81) c.sub   a1, s0
core   0: 3 0x800081ba (0x8d81) x11 0x800000e1
core   0: 0x800081bc (0x413cd513) srai    a0, s9, 19
core   0: 3 0x800081bc (0x413cd513) x10 0x00000000
core   0: 0x800081c0 (0xc0064693) xori    a3, a2, -1024
core   0: 3 0x800081c0 (0xc0064693) x13 0x7ffdc0e4
core   0: 0x800081c4 (0x000013fd) c.addi  t2, -1
core   0: 3 0x800081c4 (0x13fd) x7  0xffffffff
core   0: 0x800081c6 (0x00001f98) c.addi4spn a4, sp, 1008
core   0: 3 0x800081c6 (0x1f98) x14 0xfffffbfb
core   0: 0x800081c8 (0x409f5013) srai    zero, t5, 9
core   0: 3 0x800081c8 (0x409f5013)
core   0: 0x800081cc (0x00000d52) c.slli  s10, 20
core   0: 3 0x800081cc (0x0d52) x26 0xf2b00000
core   0: 0x800081ce (0x004e2183) lw      gp, 4(t3)
core   0: 3 0x800081ce (0x004e2183) x3  0x80008d22 mem 0x8001fdf4
core   0: 0x800081d2 (0x9ac2fd93) andi    s11, t0, -1620
core   0: 3 0x800081d2 (0x9ac2fd93) x27 0x8a000000
core   0: 0x800081d6 (0xb550ab93) slti    s7, ra, -1195
core   0: 3 0x800081d6 (0xb550ab93) x23 0x00000000
core   0: 0x800081da (0xa1eb8cb7) lui     s9, 0xa1eb8
core   0: 3 0x800081da (0xa1eb8cb7) x25 0xa1eb8000
core   0: 0x800081de (0x0139bc33) sltu    s8, s3, s3
core   0: 3 0x800081de (0x0139bc33) x24 0x00000000
core   0: 0x800081e2 (0xab42e893) ori     a7, t0, -1356
core   0: 3 0x800081e2 (0xab42e893) x17 0xfffffab4
core   0: 0x800081e6 (0x040e0e13) addi    t3, t3, 64
core   0: 3 0x800081e6 (0x040e0e13) x28 0x8001fe30
core   0: 0x800081ea (0x03338833) mul     a6, t2, s3
core   0: 3 0x800081ea (0x03338833) x16 0xfffffff0
core   0: 0x800081ee (0x00018a93) mv      s5, gp
core   0: 3 0x800081ee (0x00018a93) x21 0x80008d22
core   0: 0x800081f2 (0x00008a82) c.jr    s5
core   0: 3 0x800081f2 (0x8a82)
core   0: 0x80008d22 (0x00008d11) c.sub   a0, a2
core   0: 3 0x80008d22 (0x8d11) x10 0x7ffdc31c
core   0: 0x80008d24 (0x02f6ffb3) remu    t6, a3, a5
core   0: 3 0x80008d24 (0x02f6ffb3) x31 0x0000005f
core   0: 0x80008d28 (0x0ff0000f) fence   iorw,iorw
core   0: 3 0x80008d28 (0x0ff0000f)
core   0: 0x80008d2c (0x03540933) mul     s2, s0, s5
core   0: 3 0x80008d2c (0x03540933) x18 0x00000000
core   0: 0x80008d30 (0x03a1e9b3) rem     s3, gp, s10
core   0: 3 0x80008d30 (0x03a1e9b3) x19 0xf7d08d22
core   0: 0x80008d34 (0x0000717d) c.addi16sp sp, -16
core   0: 3 0x80008d34 (0x717d) x2  0xfffff7fb
core   0: 0x80008d36 (0x03be06b3) mul     a3, t3, s11
core   0: 3 0x80008d36 (0x03be06b3) x13 0xe0000000
core   0: 0x80008d3a (0xe62bbc93) sltiu   s9, s7, -414
core   0: 3 0x80008d3a (0xe62bbc93) x25 0x00000001
core   0: 0x80008d3e (0x00008fc1) c.or    a5, s0
core   0: 3 0x80008d3e (0x8fc1) x15 0x800000e1
core   0: 0x80008d40 (0x02be9563) bne     t4, a1, pc + 42
core   0: 3 0x80008d40 (0x02be9563)
core   0: 0x80008d6a (0x2a6a7c93) andi    s9, s4, 678
core   0: 3 0x80008d6a (0x2a6a7c93) x25 0x000002a6
core   0: 0x80008d6e (0x0181b4b3) sltu    s1, gp, s8
core   0: 3 0x80008d6e (0x0181b4b3) x9  0x00000000
core   0: 0x80008d72 (0x033378b3) remu    a7, t1, s3
core   0: 3 0x80008d72 (0x033378b3) x17 0x80008104
core   0: 0x80008d76 (0x009af233) and     tp, s5, s1
core   0: 3 0x80008d76 (0x009af233) x4  0x00000000
core   0: 0x80008d7a (0x02688063) beq     a7, t1, pc + 32
core   0: 3 0x80008d7a (0x02688063)
core   0: 0x80008d9a (0x0000825e) c.mv    tp, s7
core   0: 3 0x80008d9a (0x825e) x4  0x00000000
core   0: 0x80008d9c (0x41d70b33) sub     s6, a4, t4
core   0: 3 0x80008d9c (0x41d70b33) x22 0xfffffbff
core   0: 0x80008da0 (0x00af52b3) srl     t0, t5, a0
core   0: 3 0x80008da0 (0x00af52b3) x5  0x00000000
core   0: 0x80008da4 (0x00752333) slt     t1, a0, t2
core   0: 3 0x80008da4 (0x00752333) x6  0x00000000
core   0: 0x80008da8 (0x408d8a33) sub     s4, s11, s0
core   0: 3 0x80008da8 (0x408d8a33) x20 0x0a000000
core   0: 0x80008dac (0x01aa2c33) slt     s8, s4, s10
core   0: 3 0x80008dac (0x01aa2c33) x24 0x00000000
core   0: 0x80008db0 (0x008a2233) slt     tp, s4, s0
core   0: 3 0x80008db0 (0x008a2233) x4  0x00000000
core   0: 0x80008db4 (0x01b815b3) sll     a1, a6, s11
core   0: 3 0x80008db4 (0x01b815b3) x11 0xfffffff0
core   0: 0x80008db8 (0x0000ce8d) c.beqz  a3, pc + 58
core   0: 3 0x80008db8 (0xce8d)
core   0: 0x80008dba (0x0ff0000f) fence   iorw,iorw
core   0: 3 0x80008dba (0x0ff0000f)
core   0: 0x80008dbe (0x02927e63) bgeu    tp, s1, pc + 60
core   0: 3 0x80008dbe (0x02927e63)
core   0: 0x80008dfa (0x00008fed) c.and   a5, a1
core   0: 3 0x80008dfa (0x8fed) x15 0x800000e0
core   0: 0x80008dfc (0x6a2de293) ori     t0, s11, 1698
core   0: 3 0x80008dfc (0x6a2de293) x5  0x8a0006a2
core   0: 0x80008e00 (0x00004d35) c.li    s10, 13
core   0: 3 0x80008e00 (0x4d35) x26 0x0000000d
core   0: 0x80008e02 (0x41cd0a33) sub     s4, s10, t3
core   0: 3 0x80008e02 (0x41cd0a33) x20 0x7ffe01dd
core   0: 0x80008e06 (0x01321113) slli    sp, tp, 19
core   0: 3 0x80008e06 (0x01321113) x2  0x00000000
core   0: 0x80008e0a (0x012b01b3) add     gp, s6, s2
core   0: 3 0x80008e0a (0x012b01b3) x3  0xfffffbff
core   0: 0x80008e0e (0x0000717d) c.addi16sp sp, -16
core   0: 3 0x80008e0e (0x717d) x2  0xfffffff0
core   0: 0x80008e10 (0x00008ded) c.and   a1, a1
core   0: 3 0x80008e10 (0x8ded) x11 0xfffffff0
core   0: 0x80008e12 (0x0000eb99) c.bnez  a5, pc + 22
core   0: 3 0x80008e12 (0xeb99)
core   0: 0x80008e28 (0x3405d9f3) csrrwi  s3, mscratch, 11
core   0: 3 0x80008e28 (0x3405d9f3) x19 0x00000011 c832_mscratch 0x0000000b
core   0: 0x80008e2c (0x0000870d) c.srai  a4, 3
core   0: 3 0x80008e2c (0x870d) x14 0xffffff7f
core   0: 0x80008e2e (0x0000ef11) c.bnez  a4, pc + 28
core   0: 3 0x80008e2e (0xef11)
core   0: 0x80008e4a (0x40e3db13) srai    s6, t2, 14
core   0: 3 0x80008e4a (0x40e3db13) x22 0xffffffff
core   0: 0x80008e4e (0x00b6c333) xor     t1, a3, a1
core   0: 3 0x80008e4e (0x00b6c333) x6  0x1ffffff0
core   0: 0x80008e52 (0x34006df3) csrrsi  s11, mscratch, 0
core   0: 3 0x80008e52 (0x34006df3) x27 0x0000000b
core   0: 0x80008e56 (0x004f5d33) srl     s10, t5, tp
core   0: 3 0x80008e56 (0x004f5d33) x26 0x00014000
core   0: 0x80008e5a (0x0000100f) fence.i
core   0: 3 0x80008e5a (0x0000100f)
core   0: 0x80008e5e (0x03f3cd33) div     s10, t2, t6
core   0: 3 0x80008e5e (0x03f3cd33) x26 0x00000000
core   0: 0x80008e62 (0x13404917) auipc   s2, 0x13404
core   0: 3 0x80008e62 (0x13404917) x18 0x9340ce62
core   0: 0x80008e66 (0x05934063) blt     t1, s9, pc + 64
core   0: 3 0x80008e66 (0x05934063)
core   0: 0x80008e6a (0x44ce4b13) xori    s6, t3, 1100
core   0: 3 0x80008e6a (0x44ce4b13) x22 0x8001fa7c
core   0: 0x80008e6e (0x40cd5513) srai    a0, s10, 12
core   0: 3 0x80008e6e (0x40cd5513) x10 0x00000000
core   0: 0x80008e72 (0x00000001) c.nop
core   0: 3 0x80008e72 (0x0001)
core   0: 0x80008e74 (0x3403ddf3) csrrwi  s11, mscratch, 7
core   0: 3 0x80008e74 (0x3403ddf3) x27 0x0000000b c832_mscratch 0x00000007
core   0: 0x80008e78 (0x000051fd) c.li    gp, -1
core   0: 3 0x80008e78 (0x51fd) x3  0xffffffff
core   0: 0x80008e7a (0x40270133) sub     sp, a4, sp
core   0: 3 0x80008e7a (0x40270133) x2  0xffffff8f
core   0: 0x80008e7e (0x407bd333) sra     t1, s7, t2
core   0: 3 0x80008e7e (0x407bd333) x6  0x00000000
core   0: 0x80008e82 (0x3406adf3) csrrs   s11, mscratch, a3
core   0: 3 0x80008e82 (0x3406adf3) x27 0x00000007 c832_mscratch 0xe0000007
core   0: 0x80008e86 (0x014b24b3) slt     s1, s6, s4
core   0: 3 0x80008e86 (0x014b24b3) x9  0x00000001
core   0: 0x80008e8a (0x01ca20b3) slt     ra, s4, t3
core   0: 3 0x80008e8a (0x01ca20b3) x1  0x00000000
core   0: 0x80008e8e (0x022463b3) rem     t2, s0, sp
core   0: 3 0x80008e8e (0x022463b3) x7  0xfffffff8
core   0: 0x80008e92 (0x41558f33) sub     t5, a1, s5
core   0: 3 0x80008e92 (0x41558f33) x30 0x7fff72ce
core   0: 0x80008e96 (0xed054793) xori    a5, a0, -304
core   0: 3 0x80008e96 (0xed054793) x15 0xfffffed0
core   0: 0x80008e9a (0x025dd363) bge     s11, t0, pc + 38
core   0: 3 0x80008e9a (0x025dd363)
core   0: 0x80008ec0 (0x00006119) c.addi16sp sp, 384
core   0: 3 0x80008ec0 (0x6119) x2  0x0000010f
core   0: 0x80008ec2 (0x04f4da63) bge     s1, a5, pc + 84
core   0: 3 0x80008ec2 (0x04f4da63)
core   0: 0x80008f16 (0x4ba46d13) ori     s10, s0, 1210
core   0: 3 0x80008f16 (0x4ba46d13) x26 0x800004ba
core   0: 0x80008f1a (0x6c478d13) addi    s10, a5, 1732
core   0: 3 0x80008f1a (0x6c478d13) x26 0x00000594
core   0: 0x80008f1e (0x34005bf3) csrrwi  s7, mscratch, 0
core   0: 3 0x80008f1e (0x34005bf3) x23 0xe0000007 c832_mscratch 0x00000000
core   0: 0x80008f22 (0x340067f3) csrrsi  a5, mscratch, 0
core   0: 3 0x80008f22 (0x340067f3) x15 0x00000000
core   0: 0x80008f26 (0x009efa33) and     s4, t4, s1
core   0: 3 0x80008f26 (0x009efa33) x20 0x00000000
core   0: 0x80008f2a (0x375df713) andi    a4, s11, 885
core   0: 3 0x80008f2a (0x375df713) x14 0x00000005
core   0: 0x80008f2e (0x01831793) slli    a5, t1, 24
core   0: 3 0x80008f2e (0x01831793) x15 0x00000000
core   0: 0x80008f32 (0x000002e6) c.slli  t0, 25
core   0: 3 0x80008f32 (0x02e6) x5  0x44000000
core   0: 0x80008f34 (0x340079f3) csrrci  s3, mscratch, 0
core   0: 3 0x80008f34 (0x340079f3) x19 0x00000000
core   0: 0x80008f38 (0x03892d33) mulhsu  s10, s2, s8
core   0: 3 0x80008f38 (0x03892d33) x26 0x00000000
core   0: 0x80008f3c (0x00009da2) c.add   s11, s0
core   0: 3 0x80008f3c (0x9da2) x27 0x80000007
core   0: 0x80008f3e (0x000080fa) c.mv    ra, t5
core   0: 3 0x80008f3e (0x80fa) x1  0x7fff72ce
core   0: 0x80008f40 (0x42beca13) xori    s4, t4, 1067
core   0: 3 0x80008f40 (0x42beca13) x20 0xfffffbd7
core   0: 0x80008f44 (0x003ad233) srl     tp, s5, gp
core   0: 3 0x80008f44 (0x003ad233) x4  0x00000001
core   0: 0x80008f48 (0x016c05b3) add     a1, s8, s6
core   0: 3 0x80008f48 (0x016c05b3) x11 0x8001fa7c
core   0: 0x80008f4c (0x729e0c13) addi    s8, t3, 1833
core   0: 3 0x80008f4c (0x729e0c13) x24 0x80020559
core   0: 0x80008f50 (0x02f931b3) mulhu   gp, s2, a5
core   0: 3 0x80008f50 (0x02f931b3) x3  0x00000000
core   0: 0x80008f54 (0x00000001) c.nop
core   0: 3 0x80008f54 (0x0001)
core   0: 0x80008f56 (0x2c72ba13) sltiu   s4, t0, 711
core   0: 3 0x80008f56 (0x2c72ba13) x20 0x00000000
core   0: 0x80008f5a (0x004299b3) sll     s3, t0, tp
core   0: 3 0x80008f5a (0x004299b3) x19 0x88000000
core   0: 0x80008f5e (0x028f4db3) div     s11, t5, s0
core   0: 3 0x80008f5e (0x028f4db3) x27 0x00000000
core   0: 0x80008f62 (0x00008fcd) c.or    a5, a1
core   0: 3 0x80008f62 (0x8fcd) x15 0x8001fa7c
core   0: 0x80008f64 (0x0000100f) fence.i
core   0: 3 0x80008f64 (0x0000100f)
core   0: 0x80008f68 (0x00f03833) snez    a6, a5
core   0: 3 0x80008f68 (0x00f03833) x16 0x00000001
core   0: 0x80008f6c (0x34003ef3) csrrc   t4, mscratch, zero
core   0: 3 0x80008f6c (0x34003ef3) x29 0x00000000
core   0: 0x80008f70 (0x161de193) ori     gp, s11, 353
core   0: 3 0x80008f70 (0x161de193) x3  0x00000161
core   0: 0x80008f74 (0x0073cd33) xor     s10, t2, t2
core   0: 3 0x80008f74 (0x0073cd33) x26 0x00000000
core   0: 0x80008f78 (0x34051a73) csrrw   s4, mscratch, a0
core   0: 3 0x80008f78 (0x34051a73) x20 0x00000000 c832_mscratch 0x00000000
core   0: 0x80008f7c (0x880c2513) slti    a0, s8, -1920
core   0: 3 0x80008f7c (0x880c2513) x10 0x00000001
core   0: 0x80008f80 (0x03278ab3) mul     s5, a5, s2
core   0: 3 0x80008f80 (0x03278ab3) x21 0x6b51ab78
core   0: 0x80008f84 (0x00008d11) c.sub   a0, a2
core   0: 3 0x80008f84 (0x8d11) x10 0x7ffdc31d
core   0: 0x80008f86 (0x00000001) c.nop
core   0: 3 0x80008f86 (0x0001)
core   0: 0x80008f88 (0x0477f163) bgeu    a5, t2, pc + 66
core   0: 3 0x80008f88 (0x0477f163)
core   0: 0x80008f8c (0x4129dd33) sra     s10, s3, s2
core   0: 3 0x80008f8c (0x4129dd33) x26 0xe2000000
core   0: 0x80008f90 (0x01167833) and     a6, a2, a7
core   0: 3 0x80008f90 (0x01167833) x16 0x80000004
core   0: 0x80008f94 (0x340073f3) csrrci  t2, mscratch, 0
core   0: 3 0x80008f94 (0x340073f3) x7  0x00000000
core   0: 0x80008f98 (0x00008f25) c.xor   a4, s1
core   0: 3 0x80008f98 (0x8f25) x14 0x00000004
core   0: 0x80008f9a (0x00c51313) slli    t1, a0, 12
core   0: 3 0x80008f9a (0x00c51313) x6  0xdc31d000
core   0: 0x80008f9e (0x024538b3) mulhu   a7, a0, tp
core   0: 3 0x80008f9e (0x024538b3) x17 0x00000000
core   0: 0x80008fa2 (0x0000c915) c.beqz  a0, pc + 52
core   0: 3 0x80008fa2 (0xc915)
core   0: 0x80008fa4 (0x005caab3) slt     s5, s9, t0
core   0: 3 0x80008fa4 (0x005caab3) x21 0x00000001
core   0: 0x80008fa8 (0x00000001) c.nop
core   0: 3 0x80008fa8 (0x0001)
core   0: 0x80008faa (0x9071e493) ori     s1, gp, -1785
core   0: 3 0x80008faa (0x9071e493) x9  0xfffff967
core   0: 0x80008fae (0x03737d33) remu    s10, t1, s7
core   0: 3 0x80008fae (0x03737d33) x26 0xdc31d000
core   0: 0x80008fb2 (0x0000e911) c.bnez  a0, pc + 20
core   0: 3 0x80008fb2 (0xe911)
core   0: 0x80008fc6 (0x006cc7b3) xor     a5, s9, t1
core   0: 3 0x80008fc6 (0x006cc7b3) x15 0xdc31d2a6
core   0: 0x80008fca (0x4e50c493) xori    s1, ra, 1253
core   0: 3 0x80008fca (0x4e50c493) x9  0x7fff762b
core   0: 0x80008fce (0x411daa93) slti    s5, s11, 1041
core   0: 3 0x80008fce (0x411daa93) x21 0x00000001
core   0: 0x80008fd2 (0x34055873) csrrwi  a6, mscratch, 10
core   0: 3 0x80008fd2 (0x34055873) x16 0x00000000 c832_mscratch 0x0000000a
core   0: 0x80008fd6 (0x340ff9f3) csrrci  s3, mscratch, 31
core   0: 3 0x80008fd6 (0x340ff9f3) x19 0x0000000a c832_mscratch 0x00000000
core   0: 0x80008fda (0x34039bf3) csrrw   s7, mscratch, t2
core   0: 3 0x80008fda (0x34039bf3) x23 0x00000000 c832_mscratch 0x00000000
core   0: 0x80008fde (0x8646d917) auipc   s2, 0x8646d
core   0: 3 0x80008fde (0x8646d917) x18 0x06475fde
core   0: 0x80008fe2 (0x0000e901) c.bnez  a0, pc + 16
core   0: 3 0x80008fe2 (0xe901)
core   0: 0x80008ff2 (0x340c9af3) csrrw   s5, mscratch, s9
core   0: 3 0x80008ff2 (0x340c9af3) x21 0x00000000 c832_mscratch 0x000002a6
core   0: 0x80008ff6 (0x00008cb1) c.xor   s1, a2
core   0: 3 0x80008ff6 (0x8cb1) x9  0xfffd4acf
core   0: 0x80008ff8 (0x54b27b93) andi    s7, tp, 1355
core   0: 3 0x80008ff8 (0x54b27b93) x23 0x00000001
core   0: 0x80008ffc (0x03080d33) mul     s10, a6, a6
core   0: 3 0x80008ffc (0x03080d33) x26 0x00000000
core   0: 0x80009000 (0x34045af3) csrrwi  s5, mscratch, 8
core   0: 3 0x80009000 (0x34045af3) x21 0x000002a6 c832_mscratch 0x00000008
core   0: 0x80009004 (0x022a4f63) blt     s4, sp, pc + 62
core   0: 3 0x80009004 (0x022a4f63)
core   0: 0x80009042 (0x0ff0000f) fence   iorw,iorw
core   0: 3 0x80009042 (0x0ff0000f)
core   0: 0x80009046 (0x0000e891) c.bnez  s1, pc + 20
core   0: 3 0x80009046 (0xe891)
core   0: 0x8000905a (0x34002ef3) csrr    t4, mscratch
core   0: 3 0x8000905a (0x34002ef3) x29 0x00000008
core   0: 0x8000905e (0x0000029c) c.addi4spn a5, sp, 320
core   0: 3 0x8000905e (0x029c) x15 0x0000024f
core   0: 0x80009060 (0x028f96b3) mulh    a3, t6, s0
core   0: 3 0x80009060 (0x028f96b3) x13 0xffffffd0
core   0: 0x80009064 (0x3c2efa13) andi    s4, t4, 962
core   0: 3 0x80009064 (0x3c2efa13) x20 0x00000000
core   0: 0x80009068 (0x668ec013) xori    zero, t4, 1640
core   0: 3 0x80009068 (0x668ec013)
core   0: 0x8000906c (0x00006125) c.addi16sp sp, 96
core   0: 3 0x8000906c (0x6125) x2  0x0000016f
core   0: 0x8000906e (0x00008515) c.srai  a0, 5
core   0: 3 0x8000906e (0x8515) x10 0x03ffee18
core   0: 0x80009070 (0x290e3493) sltiu   s1, t3, 656
core   0: 3 0x80009070 (0x290e3493) x9  0x00000000
core   0: 0x80009074 (0x4c2b7913) andi    s2, s6, 1218
core   0: 3 0x80009074 (0x4c2b7913) x18 0x00000040
core   0: 0x80009078 (0x0000058e) c.slli  a1, 3
core   0: 3 0x80009078 (0x058e) x11 0x000fd3e0
core   0: 0x8000907a (0x004e2183) lw      gp, 4(t3)
core   0: 3 0x8000907a (0x004e2183) x3  0x80005c36 mem 0x8001fe34
core   0: 0x8000907e (0x00008f21) c.xor   a4, s0
core   0: 3 0x8000907e (0x8f21) x14 0x80000004
core   0: 0x80009080 (0x034e0e13) addi    t3, t3, 52
core   0: 3 0x80009080 (0x034e0e13) x28 0x8001fe64
core   0: 0x80009084 (0x00008d49) c.or    a0, a0
core   0: 3 0x80009084 (0x8d49) x10 0x03ffee18
core   0: 0x80009086 (0x0014d0b3) srl     ra, s1, ra
core   0: 3 0x80009086 (0x0014d0b3) x1  0x00000000
core   0: 0x8000908a (0x00018493) mv      s1, gp
core   0: 3 0x8000908a (0x00018493) x9  0x80005c36
core   0: 0x8000908e (0x000484e7) jalr    s1, s1, 0
core   0: 3 0x8000908e (0x000484e7) x9  0x80009092
core   0: 0x80005c36 (0x4375ca13) xori    s4, a1, 1079
core   0: 3 0x80005c36 (0x4375ca13) x20 0x000fd7d7
core   0: 0x80005c3a (0x031d8763) beq     s11, a7, pc + 46
core   0: 3 0x80005c3a (0x031d8763)
core   0: 0x80005c68 (0x01e451b3) srl     gp, s0, t5
core   0: 3 0x80005c68 (0x01e451b3) x3  0x00020000
core   0: 0x80005c6c (0xffffa417) auipc   s0, 0xffffa
core   0: 3 0x80005c6c (0xffffa417) x8  0x7ffffc6c
core   0: 0x80005c70 (0x6f240413) addi    s0, s0, 1778
core   0: 3 0x80005c70 (0x6f240413) x8  0x8000035e
core   0: 0x80005c74 (0x00040067) jr      s0
core   0: 3 0x80005c74 (0x00040067)
core   0: 0x8000035e (0x90000cb7) lui     s9, 0x90000
core   0: 3 0x8000035e (0x90000cb7) x25 0x90000000
core   0: 0x80000362 (0x00001ce1) c.addi  s9, -8
core   0: 3 0x80000362 (0x1ce1) x25 0x8ffffff8
core   0: 0x80000364 (0x00004381) c.li    t2, 0
core   0: 3 0x80000364 (0x4381) x7  0x00000000
core   0: 0x80000366 (0x000003a2) c.slli  t2, 8
core   0: 3 0x80000366 (0x03a2) x7  0x00000000
core   0: 0x80000368 (0x00000385) c.addi  t2, 1
core   0: 3 0x80000368 (0x0385) x7  0x00000001
core   0: 0x8000036a (0x007ca023) sw      t2, 0(s9)
core   0: 3 0x8000036a (0x007ca023) mem 0x8ffffff8 0x00000001
core   0: 0x8000036e (0x00000073) ecall
core   0: exception trap_machine_ecall, epc 0x8000036e
core   0: 0x80002700 (0x0800006f) j       pc + 0x80
core   0: 3 0x80002700 (0x0800006f)
core   0: 0x80002780 (0x00001671) c.addi  a2, -4
core   0: 3 0x80002780 (0x1671) x12 0x80023ce0
core   0: 0x80002782 (0x01c62023) sw      t3, 0(a2)
core   0: 3 0x80002782 (0x01c62023) mem 0x80023ce0 0x8001fe64
core   0: 0x80002786 (0x00060e33) add     t3, a2, zero
core   0: 3 0x80002786 (0x00060e33) x28 0x80023ce0
core   0: 0x8000278a (0xf80e0e13) addi    t3, t3, -128
core   0: 3 0x8000278a (0xf80e0e13) x28 0x80023c60
core   0: 0x8000278e (0x001e2223) sw      ra, 4(t3)
core   0: 3 0x8000278e (0x001e2223) mem 0x80023c64 0x00000000
core   0: 0x80002792 (0x002e2423) sw      sp, 8(t3)
core   0: 3 0x80002792 (0x002e2423) mem 0x80023c68 0x0000016f
core   0: 0x80002796 (0x003e2623) sw      gp, 12(t3)
core   0: 3 0x80002796 (0x003e2623) mem 0x80023c6c 0x00020000
core   0: 0x8000279a (0x004e2823) sw      tp, 16(t3)
core   0: 3 0x8000279a (0x004e2823) mem 0x80023c70 0x00000001
core   0: 0x8000279e (0x005e2a23) sw      t0, 20(t3)
core   0: 3 0x8000279e (0x005e2a23) mem 0x80023c74 0x44000000
core   0: 0x800027a2 (0x006e2c23) sw      t1, 24(t3)
core   0: 3 0x800027a2 (0x006e2c23) mem 0x80023c78 0xdc31d000
core   0: 0x800027a6 (0x007e2e23) sw      t2, 28(t3)
core   0: 3 0x800027a6 (0x007e2e23) mem 0x80023c7c 0x00000001
core   0: 0x800027aa (0x028e2023) sw      s0, 32(t3)
core   0: 3 0x800027aa (0x028e2023) mem 0x80023c80 0x8000035e
core   0: 0x800027ae (0x029e2223) sw      s1, 36(t3)
core   0: 3 0x800027ae (0x029e2223) mem 0x80023c84 0x80009092
core   0: 0x800027b2 (0x02ae2423) sw      a0, 40(t3)
core   0: 3 0x800027b2 (0x02ae2423) mem 0x80023c88 0x03ffee18
core   0: 0x800027b6 (0x02be2623) sw      a1, 44(t3)
core   0: 3 0x800027b6 (0x02be2623) mem 0x80023c8c 0x000fd3e0
core   0: 0x800027ba (0x02ce2823) sw      a2, 48(t3)
core   0: 3 0x800027ba (0x02ce2823) mem 0x80023c90 0x80023ce0
core   0: 0x800027be (0x02de2a23) sw      a3, 52(t3)
core   0: 3 0x800027be (0x02de2a23) mem 0x80023c94 0xffffffd0
core   0: 0x800027c2 (0x02ee2c23) sw      a4, 56(t3)
core   0: 3 0x800027c2 (0x02ee2c23) mem 0x80023c98 0x80000004
core   0: 0x800027c6 (0x02fe2e23) sw      a5, 60(t3)
core   0: 3 0x800027c6 (0x02fe2e23) mem 0x80023c9c 0x0000024f
core   0: 0x800027ca (0x050e2023) sw      a6, 64(t3)
core   0: 3 0x800027ca (0x050e2023) mem 0x80023ca0 0x00000000
core   0: 0x800027ce (0x051e2223) sw      a7, 68(t3)
core   0: 3 0x800027ce (0x051e2223) mem 0x80023ca4 0x00000000
core   0: 0x800027d2 (0x052e2423) sw      s2, 72(t3)
core   0: 3 0x800027d2 (0x052e2423) mem 0x80023ca8 0x00000040
core   0: 0x800027d6 (0x053e2623) sw      s3, 76(t3)
core   0: 3 0x800027d6 (0x053e2623) mem 0x80023cac 0x0000000a
core   0: 0x800027da (0x054e2823) sw      s4, 80(t3)
core   0: 3 0x800027da (0x054e2823) mem 0x80023cb0 0x000fd7d7
core   0: 0x800027de (0x055e2a23) sw      s5, 84(t3)
core   0: 3 0x800027de (0x055e2a23) mem 0x80023cb4 0x000002a6
core   0: 0x800027e2 (0x056e2c23) sw      s6, 88(t3)
core   0: 3 0x800027e2 (0x056e2c23) mem 0x80023cb8 0x8001fa7c
core   0: 0x800027e6 (0x057e2e23) sw      s7, 92(t3)
core   0: 3 0x800027e6 (0x057e2e23) mem 0x80023cbc 0x00000001
core   0: 0x800027ea (0x078e2023) sw      s8, 96(t3)
core   0: 3 0x800027ea (0x078e2023) mem 0x80023cc0 0x80020559
core   0: 0x800027ee (0x079e2223) sw      s9, 100(t3)
core   0: 3 0x800027ee (0x079e2223) mem 0x80023cc4 0x8ffffff8
core   0: 0x800027f2 (0x07ae2423) sw      s10, 104(t3)
core   0: 3 0x800027f2 (0x07ae2423) mem 0x80023cc8 0x00000000
core   0: 0x800027f6 (0x07be2623) sw      s11, 108(t3)
core   0: 3 0x800027f6 (0x07be2623) mem 0x80023ccc 0x00000000
core   0: 0x800027fa (0x07ce2823) sw      t3, 112(t3)
core   0: 3 0x800027fa (0x07ce2823) mem 0x80023cd0 0x80023c60
core   0: 0x800027fe (0x07de2a23) sw      t4, 116(t3)
core   0: 3 0x800027fe (0x07de2a23) mem 0x80023cd4 0x00000008
core   0: 0x80002802 (0x07ee2c23) sw      t5, 120(t3)
core   0: 3 0x80002802 (0x07ee2c23) mem 0x80023cd8 0x7fff72ce
core   0: 0x80002806 (0x07fe2e23) sw      t6, 124(t3)
core   0: 3 0x80002806 (0x07fe2e23) mem 0x80023cdc 0x0000005f
core   0: 0x8000280a (0x000e0633) add     a2, t3, zero
core   0: 3 0x8000280a (0x000e0633) x12 0x80023c60
core   0: 0x8000280e (0x90000cb7) lui     s9, 0x90000
core   0: 3 0x8000280e (0x90000cb7) x25 0x90000000
core   0: 0x80002812 (0x00001cf1) c.addi  s9, -4
core   0: 3 0x80002812 (0x1cf1) x25 0x8ffffffc
core   0: 0x80002814 (0x000043a1) c.li    t2, 8
core   0: 3 0x80002814 (0x43a1) x7  0x00000008
core   0: 0x80002816 (0x000003a2) c.slli  t2, 8
core   0: 3 0x80002816 (0x03a2) x7  0x00000800
core   0: 0x80002818 (0x00038393) mv      t2, t2
core   0: 3 0x80002818 (0x00038393) x7  0x00000800
core   0: 0x8000281c (0x007ca023) sw      t2, 0(s9)
core   0: 3 0x8000281c (0x007ca023) mem 0x8ffffffc 0x00000800
core   0: 0x80002820 (0x341023f3) csrr    t2, mepc
core   0: 3 0x80002820 (0x341023f3) x7  0x8000036e
core   0: 0x80002824 (0x342023f3) csrr    t2, mcause
core   0: 3 0x80002824 (0x342023f3) x7  0x0000000b
core   0: 0x80002828 (0x00004c8d) c.li    s9, 3
core   0: 3 0x80002828 (0x4c8d) x25 0x00000003
core   0: 0x8000282a (0x01939463) bne     t2, s9, pc + 8
core   0: 3 0x8000282a (0x01939463)
core   0: 0x80002832 (0x00004ca1) c.li    s9, 8
core   0: 3 0x80002832 (0x4ca1) x25 0x00000008
core   0: 0x80002834 (0x05938d63) beq     t2, s9, pc + 90
core   0: 3 0x80002834 (0x05938d63)
core   0: 0x80002838 (0x00004ca5) c.li    s9, 9
core   0: 3 0x80002838 (0x4ca5) x25 0x00000009
core   0: 0x8000283a (0x05938a63) beq     t2, s9, pc + 84
core   0: 3 0x8000283a (0x05938a63)
core   0: 0x8000283e (0x00004cad) c.li    s9, 11
core   0: 3 0x8000283e (0x4cad) x25 0x0000000b
core   0: 0x80002840 (0x05938763) beq     t2, s9, pc + 78
core   0: 3 0x80002840 (0x05938763)
core   0: 0x8000288e (0x90000cb7) lui     s9, 0x90000
core   0: 3 0x8000288e (0x90000cb7) x25 0x90000000
core   0: 0x80002892 (0x00001cf1) c.addi  s9, -4
core   0: 3 0x80002892 (0x1cf1) x25 0x8ffffffc
core   0: 0x80002894 (0x00006385) c.lui   t2, 0x1
core   0: 3 0x80002894 (0x6385) x7  0x00001000
core   0: 0x80002896 (0xb0038393) addi    t2, t2, -1280
core   0: 3 0x80002896 (0xb0038393) x7  0x00000b00
core   0: 0x8000289a (0x000003a2) c.slli  t2, 8
core   0: 3 0x8000289a (0x03a2) x7  0x000b0000
core   0: 0x8000289c (0x0000038d) c.addi  t2, 3
core   0: 3 0x8000289c (0x038d) x7  0x000b0003
core   0: 0x8000289e (0x007ca023) sw      t2, 0(s9)
core   0: 3 0x8000289e (0x007ca023) mem 0x8ffffffc 0x000b0003
core   0: 0x800028a2 (0xb00023f3) csrr    t2, mcycle
core   0: 3 0x800028a2 (0xb00023f3) x7  0x0000f0f5
core   0: 0x800028a6 (0x007ca023) sw      t2, 0(s9)
core   0: 3 0x800028a6 (0x007ca023) mem 0x8ffffffc 0x0000f0f5
core   0: 0x800028aa (0x90000cb7) lui     s9, 0x90000
core   0: 3 0x800028aa (0x90000cb7) x25 0x90000000
core   0: 0x800028ae (0x00001cf1) c.addi  s9, -4
core   0: 3 0x800028ae (0x1cf1) x25 0x8ffffffc
core   0: 0x800028b0 (0x00006385) c.lui   t2, 0x1
core   0: 3 0x800028b0 (0x6385) x7  0x00001000
core   0: 0x800028b2 (0xb8038393) addi    t2, t2, -1152
core   0: 3 0x800028b2 (0xb8038393) x7  0x00000b80
core   0: 0x800028b6 (0x000003a2) c.slli  t2, 8
core   0: 3 0x800028b6 (0x03a2) x7  0x000b8000
core   0: 0x800028b8 (0x0000038d) c.addi  t2, 3
core   0: 3 0x800028b8 (0x038d) x7  0x000b8003
core   0: 0x800028ba (0x007ca023) sw      t2, 0(s9)
core   0: 3 0x800028ba (0x007ca023) mem 0x8ffffffc 0x000b8003
core   0: 0x800028be (0xb80023f3) csrr    t2, mcycleh
core   0: 3 0x800028be (0xb80023f3) x7  0x00000000
core   0: 0x800028c2 (0x007ca023) sw      t2, 0(s9)
core   0: 3 0x800028c2 (0x007ca023) mem 0x8ffffffc 0x00000000
core   0: 0x800028c6 (0x90000cb7) lui     s9, 0x90000
core   0: 3 0x800028c6 (0x90000cb7) x25 0x90000000
core   0: 0x800028ca (0x00001cf1) c.addi  s9, -4
core   0: 3 0x800028ca (0x1cf1) x25 0x8ffffffc
core   0: 0x800028cc (0x00006385) c.lui   t2, 0x1
core   0: 3 0x800028cc (0x6385) x7  0x00001000
core   0: 0x800028ce (0xb0338393) addi    t2, t2, -1277
core   0: 3 0x800028ce (0xb0338393) x7  0x00000b03
core   0: 0x800028d2 (0x000003a2) c.slli  t2, 8
core   0: 3 0x800028d2 (0x03a2) x7  0x000b0300
core   0: 0x800028d4 (0x0000038d) c.addi  t2, 3
core   0: 3 0x800028d4 (0x038d) x7  0x000b0303
core   0: 0x800028d6 (0x007ca023) sw      t2, 0(s9)
core   0: 3 0x800028d6 (0x007ca023) mem 0x8ffffffc 0x000b0303
core   0: 0x800028da (0xb03023f3) csrr    t2, mhpmcounter3
core   0: 3 0x800028da (0xb03023f3) x7  0x000000ba
core   0: 0x800028de (0x007ca023) sw      t2, 0(s9)
core   0: 3 0x800028de (0x007ca023) mem 0x8ffffffc 0x000000ba
core   0: 0x800028e2 (0x90000cb7) lui     s9, 0x90000
core   0: 3 0x800028e2 (0x90000cb7) x25 0x90000000
core   0: 0x800028e6 (0x00001cf1) c.addi  s9, -4
core   0: 3 0x800028e6 (0x1cf1) x25 0x8ffffffc
core   0: 0x800028e8 (0x00006385) c.lui   t2, 0x1
core   0: 3 0x800028e8 (0x6385) x7  0x00001000
core   0: 0x800028ea (0xb8338393) addi    t2, t2, -1149
core   0: 3 0x800028ea (0xb8338393) x7  0x00000b83
core   0: 0x800028ee (0x000003a2) c.slli  t2, 8
core   0: 3 0x800028ee (0x03a2) x7  0x000b8300
core   0: 0x800028f0 (0x0000038d) c.addi  t2, 3
core   0: 3 0x800028f0 (0x038d) x7  0x000b8303
core   0: 0x800028f2 (0x007ca023) sw      t2, 0(s9)
core   0: 3 0x800028f2 (0x007ca023) mem 0x8ffffffc 0x000b8303
core   0: 0x800028f6 (0xb83023f3) csrr    t2, mhpmcounter3h
core   0: 3 0x800028f6 (0xb83023f3) x7  0x00000000
core   0: 0x800028fa (0x007ca023) sw      t2, 0(s9)
core   0: 3 0x800028fa (0x007ca023) mem 0x8ffffffc 0x00000000
core   0: 0x800028fe (0x90000cb7) lui     s9, 0x90000
core   0: 3 0x800028fe (0x90000cb7) x25 0x90000000
core   0: 0x80002902 (0x00001cf1) c.addi  s9, -4
core   0: 3 0x80002902 (0x1cf1) x25 0x8ffffffc
core   0: 0x80002904 (0x00006385) c.lui   t2, 0x1
core   0: 3 0x80002904 (0x6385) x7  0x00001000
core   0: 0x80002906 (0xb0438393) addi    t2, t2, -1276
core   0: 3 0x80002906 (0xb0438393) x7  0x00000b04
core   0: 0x8000290a (0x000003a2) c.slli  t2, 8
core   0: 3 0x8000290a (0x03a2) x7  0x000b0400
core   0: 0x8000290c (0x0000038d) c.addi  t2, 3
core   0: 3 0x8000290c (0x038d) x7  0x000b0403
core   0: 0x8000290e (0x007ca023) sw      t2, 0(s9)
core   0: 3 0x8000290e (0x007ca023) mem 0x8ffffffc 0x000b0403
core   0: 0x80002912 (0xb04023f3) csrr    t2, mhpmcounter4
core   0: 3 0x80002912 (0xb04023f3) x7  0x0000820e
core   0: 0x80002916 (0x007ca023) sw      t2, 0(s9)
core   0: 3 0x80002916 (0x007ca023) mem 0x8ffffffc 0x0000820e
core   0: 0x8000291a (0x90000cb7) lui     s9, 0x90000
core   0: 3 0x8000291a (0x90000cb7) x25 0x90000000
core   0: 0x8000291e (0x00001cf1) c.addi  s9, -4
core   0: 3 0x8000291e (0x1cf1) x25 0x8ffffffc
core   0: 0x80002920 (0x00006385) c.lui   t2, 0x1
core   0: 3 0x80002920 (0x6385) x7  0x00001000
core   0: 0x80002922 (0xb8438393) addi    t2, t2, -1148
core   0: 3 0x80002922 (0xb8438393) x7  0x00000b84
core   0: 0x80002926 (0x000003a2) c.slli  t2, 8
core   0: 3 0x80002926 (0x03a2) x7  0x000b8400
core   0: 0x80002928 (0x0000038d) c.addi  t2, 3
core   0: 3 0x80002928 (0x038d) x7  0x000b8403
core   0: 0x8000292a (0x007ca023) sw      t2, 0(s9)
core   0: 3 0x8000292a (0x007ca023) mem 0x8ffffffc 0x000b8403
core   0: 0x8000292e (0xb84023f3) csrr    t2, mhpmcounter4h
core   0: 3 0x8000292e (0xb84023f3) x7  0x00000000
core   0: 0x80002932 (0x007ca023) sw      t2, 0(s9)
core   0: 3 0x80002932 (0x007ca023) mem 0x8ffffffc 0x00000000
core   0: 0x80002936 (0x90000cb7) lui     s9, 0x90000
core   0: 3 0x80002936 (0x90000cb7) x25 0x90000000
core   0: 0x8000293a (0x00001cf1) c.addi  s9, -4
core   0: 3 0x8000293a (0x1cf1) x25 0x8ffffffc
core   0: 0x8000293c (0x00006385) c.lui   t2, 0x1
core   0: 3 0x8000293c (0x6385) x7  0x00001000
core   0: 0x8000293e (0xb0538393) addi    t2, t2, -1275
core   0: 3 0x8000293e (0xb0538393) x7  0x00000b05
core   0: 0x80002942 (0x000003a2) c.slli  t2, 8
core   0: 3 0x80002942 (0x03a2) x7  0x000b0500
core   0: 0x80002944 (0x0000038d) c.addi  t2, 3
core   0: 3 0x80002944 (0x038d) x7  0x000b0503
core   0: 0x80002946 (0x007ca023) sw      t2, 0(s9)
core   0: 3 0x80002946 (0x007ca023) mem 0x8ffffffc 0x000b0503
core   0: 0x8000294a (0xb05023f3) csrr    t2, mhpmcounter5
core   0: 3 0x8000294a (0xb05023f3) x7  0x00000005
core   0: 0x8000294e (0x007ca023) sw      t2, 0(s9)
core   0: 3 0x8000294e (0x007ca023) mem 0x8ffffffc 0x00000005
core   0: 0x80002952 (0x90000cb7) lui     s9, 0x90000
core   0: 3 0x80002952 (0x90000cb7) x25 0x90000000
core   0: 0x80002956 (0x00001cf1) c.addi  s9, -4
core   0: 3 0x80002956 (0x1cf1) x25 0x8ffffffc
core   0: 0x80002958 (0x00006385) c.lui   t2, 0x1
core   0: 3 0x80002958 (0x6385) x7  0x00001000
core   0: 0x8000295a (0xb8538393) addi    t2, t2, -1147
core   0: 3 0x8000295a (0xb8538393) x7  0x00000b85
core   0: 0x8000295e (0x000003a2) c.slli  t2, 8
core   0: 3 0x8000295e (0x03a2) x7  0x000b8500
core   0: 0x80002960 (0x0000038d) c.addi  t2, 3
core   0: 3 0x80002960 (0x038d) x7  0x000b8503
core   0: 0x80002962 (0x007ca023) sw      t2, 0(s9)
core   0: 3 0x80002962 (0x007ca023) mem 0x8ffffffc 0x000b8503
core   0: 0x80002966 (0xb85023f3) csrr    t2, mhpmcounter5h
core   0: 3 0x80002966 (0xb85023f3) x7  0x00000000
core   0: 0x8000296a (0x007ca023) sw      t2, 0(s9)
core   0: 3 0x8000296a (0x007ca023) mem 0x8ffffffc 0x00000000
core   0: 0x8000296e (0x90000cb7) lui     s9, 0x90000
core   0: 3 0x8000296e (0x90000cb7) x25 0x90000000
core   0: 0x80002972 (0x00001cf1) c.addi  s9, -4
core   0: 3 0x80002972 (0x1cf1) x25 0x8ffffffc
core   0: 0x80002974 (0x00006385) c.lui   t2, 0x1
core   0: 3 0x80002974 (0x6385) x7  0x00001000
core   0: 0x80002976 (0xb0638393) addi    t2, t2, -1274
core   0: 3 0x80002976 (0xb0638393) x7  0x00000b06
core   0: 0x8000297a (0x000003a2) c.slli  t2, 8
core   0: 3 0x8000297a (0x03a2) x7  0x000b0600
core   0: 0x8000297c (0x0000038d) c.addi  t2, 3
core   0: 3 0x8000297c (0x038d) x7  0x000b0603
core   0: 0x8000297e (0x007ca023) sw      t2, 0(s9)
core   0: 3 0x8000297e (0x007ca023) mem 0x8ffffffc 0x000b0603
core   0: 0x80002982 (0xb06023f3) csrr    t2, mhpmcounter6
core   0: 3 0x80002982 (0xb06023f3) x7  0x0000003d
core   0: 0x80002986 (0x007ca023) sw      t2, 0(s9)
core   0: 3 0x80002986 (0x007ca023) mem 0x8ffffffc 0x0000003d
core   0: 0x8000298a (0x90000cb7) lui     s9, 0x90000
core   0: 3 0x8000298a (0x90000cb7) x25 0x90000000
core   0: 0x8000298e (0x00001cf1) c.addi  s9, -4
core   0: 3 0x8000298e (0x1cf1) x25 0x8ffffffc
core   0: 0x80002990 (0x00006385) c.lui   t2, 0x1
core   0: 3 0x80002990 (0x6385) x7  0x00001000
core   0: 0x80002992 (0xb8638393) addi    t2, t2, -1146
core   0: 3 0x80002992 (0xb8638393) x7  0x00000b86
core   0: 0x80002996 (0x000003a2) c.slli  t2, 8
core   0: 3 0x80002996 (0x03a2) x7  0x000b8600
core   0: 0x80002998 (0x0000038d) c.addi  t2, 3
core   0: 3 0x80002998 (0x038d) x7  0x000b8603
core   0: 0x8000299a (0x007ca023) sw      t2, 0(s9)
core   0: 3 0x8000299a (0x007ca023) mem 0x8ffffffc 0x000b8603
core   0: 0x8000299e (0xb86023f3) csrr    t2, mhpmcounter6h
core   0: 3 0x8000299e (0xb86023f3) x7  0x00000000
core   0: 0x800029a2 (0x007ca023) sw      t2, 0(s9)
core   0: 3 0x800029a2 (0x007ca023) mem 0x8ffffffc 0x00000000
core   0: 0x800029a6 (0x90000cb7) lui     s9, 0x90000
core   0: 3 0x800029a6 (0x90000cb7) x25 0x90000000
core   0: 0x800029aa (0x00001cf1) c.addi  s9, -4
core   0: 3 0x800029aa (0x1cf1) x25 0x8ffffffc
core   0: 0x800029ac (0x00006385) c.lui   t2, 0x1
core   0: 3 0x800029ac (0x6385) x7  0x00001000
core   0: 0x800029ae (0xb0738393) addi    t2, t2, -1273
core   0: 3 0x800029ae (0xb0738393) x7  0x00000b07
core   0: 0x800029b2 (0x000003a2) c.slli  t2, 8
core   0: 3 0x800029b2 (0x03a2) x7  0x000b0700
core   0: 0x800029b4 (0x0000038d) c.addi  t2, 3
core   0: 3 0x800029b4 (0x038d) x7  0x000b0703
core   0: 0x800029b6 (0x007ca023) sw      t2, 0(s9)
core   0: 3 0x800029b6 (0x007ca023) mem 0x8ffffffc 0x000b0703
core   0: 0x800029ba (0xb07023f3) csrr    t2, mhpmcounter7
core   0: 3 0x800029ba (0xb07023f3) x7  0x000007c6
core   0: 0x800029be (0x007ca023) sw      t2, 0(s9)
core   0: 3 0x800029be (0x007ca023) mem 0x8ffffffc 0x000007c6
core   0: 0x800029c2 (0x90000cb7) lui     s9, 0x90000
core   0: 3 0x800029c2 (0x90000cb7) x25 0x90000000
core   0: 0x800029c6 (0x00001cf1) c.addi  s9, -4
core   0: 3 0x800029c6 (0x1cf1) x25 0x8ffffffc
core   0: 0x800029c8 (0x00006385) c.lui   t2, 0x1
core   0: 3 0x800029c8 (0x6385) x7  0x00001000
core   0: 0x800029ca (0xb8738393) addi    t2, t2, -1145
core   0: 3 0x800029ca (0xb8738393) x7  0x00000b87
core   0: 0x800029ce (0x000003a2) c.slli  t2, 8
core   0: 3 0x800029ce (0x03a2) x7  0x000b8700
core   0: 0x800029d0 (0x0000038d) c.addi  t2, 3
core   0: 3 0x800029d0 (0x038d) x7  0x000b8703
core   0: 0x800029d2 (0x007ca023) sw      t2, 0(s9)
core   0: 3 0x800029d2 (0x007ca023) mem 0x8ffffffc 0x000b8703
core   0: 0x800029d6 (0xb87023f3) csrr    t2, mhpmcounter7h
core   0: 3 0x800029d6 (0xb87023f3) x7  0x00000000
core   0: 0x800029da (0x007ca023) sw      t2, 0(s9)
core   0: 3 0x800029da (0x007ca023) mem 0x8ffffffc 0x00000000
core   0: 0x800029de (0x90000cb7) lui     s9, 0x90000
core   0: 3 0x800029de (0x90000cb7) x25 0x90000000
core   0: 0x800029e2 (0x00001cf1) c.addi  s9, -4
core   0: 3 0x800029e2 (0x1cf1) x25 0x8ffffffc
core   0: 0x800029e4 (0x00006385) c.lui   t2, 0x1
core   0: 3 0x800029e4 (0x6385) x7  0x00001000
core   0: 0x800029e6 (0xb0838393) addi    t2, t2, -1272
core   0: 3 0x800029e6 (0xb0838393) x7  0x00000b08
core   0: 0x800029ea (0x000003a2) c.slli  t2, 8
core   0: 3 0x800029ea (0x03a2) x7  0x000b0800
core   0: 0x800029ec (0x0000038d) c.addi  t2, 3
core   0: 3 0x800029ec (0x038d) x7  0x000b0803
core   0: 0x800029ee (0x007ca023) sw      t2, 0(s9)
core   0: 3 0x800029ee (0x007ca023) mem 0x8ffffffc 0x000b0803
core   0: 0x800029f2 (0xb08023f3) csrr    t2, mhpmcounter8
core   0: 3 0x800029f2 (0xb08023f3) x7  0x0000018d
core   0: 0x800029f6 (0x007ca023) sw      t2, 0(s9)
core   0: 3 0x800029f6 (0x007ca023) mem 0x8ffffffc 0x0000018d
core   0: 0x800029fa (0x90000cb7) lui     s9, 0x90000
core   0: 3 0x800029fa (0x90000cb7) x25 0x90000000
core   0: 0x800029fe (0x00001cf1) c.addi  s9, -4
core   0: 3 0x800029fe (0x1cf1) x25 0x8ffffffc
core   0: 0x80002a00 (0x00006385) c.lui   t2, 0x1
core   0: 3 0x80002a00 (0x6385) x7  0x00001000
core   0: 0x80002a02 (0xb8838393) addi    t2, t2, -1144
core   0: 3 0x80002a02 (0xb8838393) x7  0x00000b88
core   0: 0x80002a06 (0x000003a2) c.slli  t2, 8
core   0: 3 0x80002a06 (0x03a2) x7  0x000b8800
core   0: 0x80002a08 (0x0000038d) c.addi  t2, 3
core   0: 3 0x80002a08 (0x038d) x7  0x000b8803
core   0: 0x80002a0a (0x007ca023) sw      t2, 0(s9)
core   0: 3 0x80002a0a (0x007ca023) mem 0x8ffffffc 0x000b8803
core   0: 0x80002a0e (0xb88023f3) csrr    t2, mhpmcounter8h
core   0: 3 0x80002a0e (0xb88023f3) x7  0x00000000
core   0: 0x80002a12 (0x007ca023) sw      t2, 0(s9)
core   0: 3 0x80002a12 (0x007ca023) mem 0x8ffffffc 0x00000000
core   0: 0x80002a16 (0x90000cb7) lui     s9, 0x90000
core   0: 3 0x80002a16 (0x90000cb7) x25 0x90000000
core   0: 0x80002a1a (0x00001cf1) c.addi  s9, -4
core   0: 3 0x80002a1a (0x1cf1) x25 0x8ffffffc
core   0: 0x80002a1c (0x00006385) c.lui   t2, 0x1
core   0: 3 0x80002a1c (0x6385) x7  0x00001000
core   0: 0x80002a1e (0xb0938393) addi    t2, t2, -1271
core   0: 3 0x80002a1e (0xb0938393) x7  0x00000b09
core   0: 0x80002a22 (0x000003a2) c.slli  t2, 8
core   0: 3 0x80002a22 (0x03a2) x7  0x000b0900
core   0: 0x80002a24 (0x0000038d) c.addi  t2, 3
core   0: 3 0x80002a24 (0x038d) x7  0x000b0903
core   0: 0x80002a26 (0x007ca023) sw      t2, 0(s9)
core   0: 3 0x80002a26 (0x007ca023) mem 0x8ffffffc 0x000b0903
core   0: 0x80002a2a (0xb09023f3) csrr    t2, mhpmcounter9
core   0: 3 0x80002a2a (0xb09023f3) x7  0x000000cd
core   0: 0x80002a2e (0x007ca023) sw      t2, 0(s9)
core   0: 3 0x80002a2e (0x007ca023) mem 0x8ffffffc 0x000000cd
core   0: 0x80002a32 (0x90000cb7) lui     s9, 0x90000
core   0: 3 0x80002a32 (0x90000cb7) x25 0x90000000
core   0: 0x80002a36 (0x00001cf1) c.addi  s9, -4
core   0: 3 0x80002a36 (0x1cf1) x25 0x8ffffffc
core   0: 0x80002a38 (0x00006385) c.lui   t2, 0x1
core   0: 3 0x80002a38 (0x6385) x7  0x00001000
core   0: 0x80002a3a (0xb8938393) addi    t2, t2, -1143
core   0: 3 0x80002a3a (0xb8938393) x7  0x00000b89
core   0: 0x80002a3e (0x000003a2) c.slli  t2, 8
core   0: 3 0x80002a3e (0x03a2) x7  0x000b8900
core   0: 0x80002a40 (0x0000038d) c.addi  t2, 3
core   0: 3 0x80002a40 (0x038d) x7  0x000b8903
core   0: 0x80002a42 (0x007ca023) sw      t2, 0(s9)
core   0: 3 0x80002a42 (0x007ca023) mem 0x8ffffffc 0x000b8903
core   0: 0x80002a46 (0xb89023f3) csrr    t2, mhpmcounter9h
core   0: 3 0x80002a46 (0xb89023f3) x7  0x00000000
core   0: 0x80002a4a (0x007ca023) sw      t2, 0(s9)
core   0: 3 0x80002a4a (0x007ca023) mem 0x8ffffffc 0x00000000
core   0: 0x80002a4e (0x90000cb7) lui     s9, 0x90000
core   0: 3 0x80002a4e (0x90000cb7) x25 0x90000000
core   0: 0x80002a52 (0x00001cf1) c.addi  s9, -4
core   0: 3 0x80002a52 (0x1cf1) x25 0x8ffffffc
core   0: 0x80002a54 (0x00006385) c.lui   t2, 0x1
core   0: 3 0x80002a54 (0x6385) x7  0x00001000
core   0: 0x80002a56 (0xb0a38393) addi    t2, t2, -1270
core   0: 3 0x80002a56 (0xb0a38393) x7  0x00000b0a
core   0: 0x80002a5a (0x000003a2) c.slli  t2, 8
core   0: 3 0x80002a5a (0x03a2) x7  0x000b0a00
core   0: 0x80002a5c (0x0000038d) c.addi  t2, 3
core   0: 3 0x80002a5c (0x038d) x7  0x000b0a03
core   0: 0x80002a5e (0x007ca023) sw      t2, 0(s9)
core   0: 3 0x80002a5e (0x007ca023) mem 0x8ffffffc 0x000b0a03
core   0: 0x80002a62 (0xb0a023f3) csrr    t2, mhpmcounter10
core   0: 3 0x80002a62 (0xb0a023f3) x7  0x0000092a
core   0: 0x80002a66 (0x007ca023) sw      t2, 0(s9)
core   0: 3 0x80002a66 (0x007ca023) mem 0x8ffffffc 0x0000092a
core   0: 0x80002a6a (0x90000cb7) lui     s9, 0x90000
core   0: 3 0x80002a6a (0x90000cb7) x25 0x90000000
core   0: 0x80002a6e (0x00001cf1) c.addi  s9, -4
core   0: 3 0x80002a6e (0x1cf1) x25 0x8ffffffc
core   0: 0x80002a70 (0x00006385) c.lui   t2, 0x1
core   0: 3 0x80002a70 (0x6385) x7  0x00001000
core   0: 0x80002a72 (0xb8a38393) addi    t2, t2, -1142
core   0: 3 0x80002a72 (0xb8a38393) x7  0x00000b8a
core   0: 0x80002a76 (0x000003a2) c.slli  t2, 8
core   0: 3 0x80002a76 (0x03a2) x7  0x000b8a00
core   0: 0x80002a78 (0x0000038d) c.addi  t2, 3
core   0: 3 0x80002a78 (0x038d) x7  0x000b8a03
core   0: 0x80002a7a (0x007ca023) sw      t2, 0(s9)
core   0: 3 0x80002a7a (0x007ca023) mem 0x8ffffffc 0x000b8a03
core   0: 0x80002a7e (0xb8a023f3) csrr    t2, mhpmcounter10h
core   0: 3 0x80002a7e (0xb8a023f3) x7  0x00000000
core   0: 0x80002a82 (0x007ca023) sw      t2, 0(s9)
core   0: 3 0x80002a82 (0x007ca023) mem 0x8ffffffc 0x00000000
core   0: 0x80002a86 (0x90000cb7) lui     s9, 0x90000
core   0: 3 0x80002a86 (0x90000cb7) x25 0x90000000
core   0: 0x80002a8a (0x00001cf1) c.addi  s9, -4
core   0: 3 0x80002a8a (0x1cf1) x25 0x8ffffffc
core   0: 0x80002a8c (0x00006385) c.lui   t2, 0x1
core   0: 3 0x80002a8c (0x6385) x7  0x00001000
core   0: 0x80002a8e (0xb0b38393) addi    t2, t2, -1269
core   0: 3 0x80002a8e (0xb0b38393) x7  0x00000b0b
core   0: 0x80002a92 (0x000003a2) c.slli  t2, 8
core   0: 3 0x80002a92 (0x03a2) x7  0x000b0b00
core   0: 0x80002a94 (0x0000038d) c.addi  t2, 3
core   0: 3 0x80002a94 (0x038d) x7  0x000b0b03
core   0: 0x80002a96 (0x007ca023) sw      t2, 0(s9)
core   0: 3 0x80002a96 (0x007ca023) mem 0x8ffffffc 0x000b0b03
core   0: 0x80002a9a (0xb0b023f3) csrr    t2, mhpmcounter11
core   0: 3 0x80002a9a (0xb0b023f3) x7  0x000000ae
core   0: 0x80002a9e (0x007ca023) sw      t2, 0(s9)
core   0: 3 0x80002a9e (0x007ca023) mem 0x8ffffffc 0x000000ae
core   0: 0x80002aa2 (0x90000cb7) lui     s9, 0x90000
core   0: 3 0x80002aa2 (0x90000cb7) x25 0x90000000
core   0: 0x80002aa6 (0x00001cf1) c.addi  s9, -4
core   0: 3 0x80002aa6 (0x1cf1) x25 0x8ffffffc
core   0: 0x80002aa8 (0x00006385) c.lui   t2, 0x1
core   0: 3 0x80002aa8 (0x6385) x7  0x00001000
core   0: 0x80002aaa (0xb8b38393) addi    t2, t2, -1141
core   0: 3 0x80002aaa (0xb8b38393) x7  0x00000b8b
core   0: 0x80002aae (0x000003a2) c.slli  t2, 8
core   0: 3 0x80002aae (0x03a2) x7  0x000b8b00
core   0: 0x80002ab0 (0x0000038d) c.addi  t2, 3
core   0: 3 0x80002ab0 (0x038d) x7  0x000b8b03
core   0: 0x80002ab2 (0x007ca023) sw      t2, 0(s9)
core   0: 3 0x80002ab2 (0x007ca023) mem 0x8ffffffc 0x000b8b03
core   0: 0x80002ab6 (0xb8b023f3) csrr    t2, mhpmcounter11h
core   0: 3 0x80002ab6 (0xb8b023f3) x7  0x00000000
core   0: 0x80002aba (0x007ca023) sw      t2, 0(s9)
core   0: 3 0x80002aba (0x007ca023) mem 0x8ffffffc 0x00000000
core   0: 0x80002abe (0x90000cb7) lui     s9, 0x90000
core   0: 3 0x80002abe (0x90000cb7) x25 0x90000000
core   0: 0x80002ac2 (0x00001cf1) c.addi  s9, -4
core   0: 3 0x80002ac2 (0x1cf1) x25 0x8ffffffc
core   0: 0x80002ac4 (0x00006385) c.lui   t2, 0x1
core   0: 3 0x80002ac4 (0x6385) x7  0x00001000
core   0: 0x80002ac6 (0xb0c38393) addi    t2, t2, -1268
core   0: 3 0x80002ac6 (0xb0c38393) x7  0x00000b0c
core   0: 0x80002aca (0x000003a2) c.slli  t2, 8
core   0: 3 0x80002aca (0x03a2) x7  0x000b0c00
core   0: 0x80002acc (0x0000038d) c.addi  t2, 3
core   0: 3 0x80002acc (0x038d) x7  0x000b0c03
core   0: 0x80002ace (0x007ca023) sw      t2, 0(s9)
core   0: 3 0x80002ace (0x007ca023) mem 0x8ffffffc 0x000b0c03
core   0: 0x80002ad2 (0xb0c023f3) csrr    t2, mhpmcounter12
core   0: 3 0x80002ad2 (0xb0c023f3) x7  0x00001814
core   0: 0x80002ad6 (0x007ca023) sw      t2, 0(s9)
core   0: 3 0x80002ad6 (0x007ca023) mem 0x8ffffffc 0x00001814
core   0: 0x80002ada (0x90000cb7) lui     s9, 0x90000
core   0: 3 0x80002ada (0x90000cb7) x25 0x90000000
core   0: 0x80002ade (0x00001cf1) c.addi  s9, -4
core   0: 3 0x80002ade (0x1cf1) x25 0x8ffffffc
core   0: 0x80002ae0 (0x00006385) c.lui   t2, 0x1
core   0: 3 0x80002ae0 (0x6385) x7  0x00001000
core   0: 0x80002ae2 (0xb8c38393) addi    t2, t2, -1140
core   0: 3 0x80002ae2 (0xb8c38393) x7  0x00000b8c
core   0: 0x80002ae6 (0x000003a2) c.slli  t2, 8
core   0: 3 0x80002ae6 (0x03a2) x7  0x000b8c00
core   0: 0x80002ae8 (0x0000038d) c.addi  t2, 3
core   0: 3 0x80002ae8 (0x038d) x7  0x000b8c03
core   0: 0x80002aea (0x007ca023) sw      t2, 0(s9)
core   0: 3 0x80002aea (0x007ca023) mem 0x8ffffffc 0x000b8c03
core   0: 0x80002aee (0xb8c023f3) csrr    t2, mhpmcounter12h
core   0: 3 0x80002aee (0xb8c023f3) x7  0x00000000
core   0: 0x80002af2 (0x007ca023) sw      t2, 0(s9)
core   0: 3 0x80002af2 (0x007ca023) mem 0x8ffffffc 0x00000000
core   0: 0x80002af6 (0xffffd397) auipc   t2, 0xffffd
core   0: 3 0x80002af6 (0xffffd397) x7  0x7ffffaf6
core   0: 0x80002afa (0x58a38393) addi    t2, t2, 1418
core   0: 3 0x80002afa (0x58a38393) x7  0x80000080
core   0: 0x80002afe (0x0003a023) sw      zero, 0(t2)
core   0: 3 0x80002afe (0x0003a023) mem 0x80000080 0x00000000
core   0: 0x80002b02 (0x0013a223) sw      ra, 4(t2)
core   0: 3 0x80002b02 (0x0013a223) mem 0x80000084 0x00000000
core   0: 0x80002b06 (0x0023a423) sw      sp, 8(t2)
core   0: 3 0x80002b06 (0x0023a423) mem 0x80000088 0x0000016f
core   0: 0x80002b0a (0x0033a623) sw      gp, 12(t2)
core   0: 3 0x80002b0a (0x0033a623) mem 0x8000008c 0x00020000
core   0: 0x80002b0e (0x0043a823) sw      tp, 16(t2)
core   0: 3 0x80002b0e (0x0043a823) mem 0x80000090 0x00000001
core   0: 0x80002b12 (0x0053aa23) sw      t0, 20(t2)
core   0: 3 0x80002b12 (0x0053aa23) mem 0x80000094 0x44000000
core   0: 0x80002b16 (0x0063ac23) sw      t1, 24(t2)
core   0: 3 0x80002b16 (0x0063ac23) mem 0x80000098 0xdc31d000
core   0: 0x80002b1a (0x0073ae23) sw      t2, 28(t2)
core   0: 3 0x80002b1a (0x0073ae23) mem 0x8000009c 0x80000080
core   0: 0x80002b1e (0x0283a023) sw      s0, 32(t2)
core   0: 3 0x80002b1e (0x0283a023) mem 0x800000a0 0x8000035e
core   0: 0x80002b22 (0x0293a223) sw      s1, 36(t2)
core   0: 3 0x80002b22 (0x0293a223) mem 0x800000a4 0x80009092
core   0: 0x80002b26 (0x02a3a423) sw      a0, 40(t2)
core   0: 3 0x80002b26 (0x02a3a423) mem 0x800000a8 0x03ffee18
core   0: 0x80002b2a (0x02b3a623) sw      a1, 44(t2)
core   0: 3 0x80002b2a (0x02b3a623) mem 0x800000ac 0x000fd3e0
core   0: 0x80002b2e (0x02c3a823) sw      a2, 48(t2)
core   0: 3 0x80002b2e (0x02c3a823) mem 0x800000b0 0x80023c60
core   0: 0x80002b32 (0x02d3aa23) sw      a3, 52(t2)
core   0: 3 0x80002b32 (0x02d3aa23) mem 0x800000b4 0xffffffd0
core   0: 0x80002b36 (0x02e3ac23) sw      a4, 56(t2)
core   0: 3 0x80002b36 (0x02e3ac23) mem 0x800000b8 0x80000004
core   0: 0x80002b3a (0x02f3ae23) sw      a5, 60(t2)
core   0: 3 0x80002b3a (0x02f3ae23) mem 0x800000bc 0x0000024f
core   0: 0x80002b3e (0x0503a023) sw      a6, 64(t2)
core   0: 3 0x80002b3e (0x0503a023) mem 0x800000c0 0x00000000
core   0: 0x80002b42 (0x0513a223) sw      a7, 68(t2)
core   0: 3 0x80002b42 (0x0513a223) mem 0x800000c4 0x00000000
core   0: 0x80002b46 (0x0523a423) sw      s2, 72(t2)
core   0: 3 0x80002b46 (0x0523a423) mem 0x800000c8 0x00000040
core   0: 0x80002b4a (0x0533a623) sw      s3, 76(t2)
core   0: 3 0x80002b4a (0x0533a623) mem 0x800000cc 0x0000000a
core   0: 0x80002b4e (0x0543a823) sw      s4, 80(t2)
core   0: 3 0x80002b4e (0x0543a823) mem 0x800000d0 0x000fd7d7
core   0: 0x80002b52 (0x0553aa23) sw      s5, 84(t2)
core   0: 3 0x80002b52 (0x0553aa23) mem 0x800000d4 0x000002a6
core   0: 0x80002b56 (0x0563ac23) sw      s6, 88(t2)
core   0: 3 0x80002b56 (0x0563ac23) mem 0x800000d8 0x8001fa7c
core   0: 0x80002b5a (0x0573ae23) sw      s7, 92(t2)
core   0: 3 0x80002b5a (0x0573ae23) mem 0x800000dc 0x00000001
core   0: 0x80002b5e (0x0783a023) sw      s8, 96(t2)
core   0: 3 0x80002b5e (0x0783a023) mem 0x800000e0 0x80020559
core   0: 0x80002b62 (0x0793a223) sw      s9, 100(t2)
core   0: 3 0x80002b62 (0x0793a223) mem 0x800000e4 0x8ffffffc
core   0: 0x80002b66 (0x07a3a423) sw      s10, 104(t2)
core   0: 3 0x80002b66 (0x07a3a423) mem 0x800000e8 0x00000000
core   0: 0x80002b6a (0x07b3a623) sw      s11, 108(t2)
core   0: 3 0x80002b6a (0x07b3a623) mem 0x800000ec 0x00000000
core   0: 0x80002b6e (0x07c3a823) sw      t3, 112(t2)
core   0: 3 0x80002b6e (0x07c3a823) mem 0x800000f0 0x80023c60
core   0: 0x80002b72 (0x07d3aa23) sw      t4, 116(t2)
core   0: 3 0x80002b72 (0x07d3aa23) mem 0x800000f4 0x00000008
core   0: 0x80002b76 (0x07e3ac23) sw      t5, 120(t2)
core   0: 3 0x80002b76 (0x07e3ac23) mem 0x800000f8 0x7fff72ce
core   0: 0x80002b7a (0x07f3ae23) sw      t6, 124(t2)
core   0: 3 0x80002b7a (0x07f3ae23) mem 0x800000fc 0x0000005f
core   0: 0x80002b7e (0x341023f3) csrr    t2, mepc
core   0: 3 0x80002b7e (0x341023f3) x7  0x8000036e
core   0: 0x80002b82 (0x00000391) c.addi  t2, 4
core   0: 3 0x80002b82 (0x0391) x7  0x80000372
core   0: 0x80002b84 (0x34139073) csrw    mepc, t2
core   0: 3 0x80002b84 (0x34139073) c833_mepc 0x80000372
core   0: 0x80002b88 (0x30200073) mret
core   0: 3 0x80002b88 (0x30200073) c768_mstatus 0x00000080
core   0: 0x80000372 (0x90000cb7) lui     s9, 0x90000
core   0: 3 0x80000372 (0x90000cb7) x25 0x90000000
core   0: 0x80000376 (0x00001ce1) c.addi  s9, -8
core   0: 3 0x80000376 (0x1ce1) x25 0x8ffffff8
core   0: 0x80000378 (0x00004385) c.li    t2, 1
core   0: 3 0x80000378 (0x4385) x7  0x00000001
core   0: 0x8000037a (0x000003a2) c.slli  t2, 8
core   0: 3 0x8000037a (0x03a2) x7  0x00000100
core   0: 0x8000037c (0x00000385) c.addi  t2, 1
core   0: 3 0x8000037c (0x0385) x7  0x00000101
core   0: 0x8000037e (0x007ca023) sw      t2, 0(s9)
core   0: 3 0x8000037e (0x007ca023) mem 0x8ffffff8 0x00000101
core   0: 0x80000382 (0x00000073) ecall
core   0: exception trap_machine_ecall, epc 0x80000382
core   0: 0x80002700 (0x0800006f) j       pc + 0x80
core   0: 3 0x80002700 (0x0800006f)
core   0: 0x80002780 (0x00001671) c.addi  a2, -4
core   0: 3 0x80002780 (0x1671) x12 0x80023c5c
core   0: 0x80002782 (0x01c62023) sw      t3, 0(a2)
core   0: 3 0x80002782 (0x01c62023) mem 0x80023c5c 0x80023c60
core   0: 0x80002786 (0x00060e33) add     t3, a2, zero
core   0: 3 0x80002786 (0x00060e33) x28 0x80023c5c
core   0: 0x8000278a (0xf80e0e13) addi    t3, t3, -128
core   0: 3 0x8000278a (0xf80e0e13) x28 0x80023bdc
core   0: 0x8000278e (0x001e2223) sw      ra, 4(t3)
core   0: 3 0x8000278e (0x001e2223) mem 0x80023be0 0x00000000
core   0: 0x80002792 (0x002e2423) sw      sp, 8(t3)
core   0: 3 0x80002792 (0x002e2423) mem 0x80023be4 0x0000016f
core   0: 0x80002796 (0x003e2623) sw      gp, 12(t3)
core   0: 3 0x80002796 (0x003e2623) mem 0x80023be8 0x00020000
core   0: 0x8000279a (0x004e2823) sw      tp, 16(t3)
core   0: 3 0x8000279a (0x004e2823) mem 0x80023bec 0x00000001
core   0: 0x8000279e (0x005e2a23) sw      t0, 20(t3)
core   0: 3 0x8000279e (0x005e2a23) mem 0x80023bf0 0x44000000
core   0: 0x800027a2 (0x006e2c23) sw      t1, 24(t3)
core   0: 3 0x800027a2 (0x006e2c23) mem 0x80023bf4 0xdc31d000
core   0: 0x800027a6 (0x007e2e23) sw      t2, 28(t3)
core   0: 3 0x800027a6 (0x007e2e23) mem 0x80023bf8 0x00000101
core   0: 0x800027aa (0x028e2023) sw      s0, 32(t3)
core   0: 3 0x800027aa (0x028e2023) mem 0x80023bfc 0x8000035e
core   0: 0x800027ae (0x029e2223) sw      s1, 36(t3)
core   0: 3 0x800027ae (0x029e2223) mem 0x80023c00 0x80009092
core   0: 0x800027b2 (0x02ae2423) sw      a0, 40(t3)
core   0: 3 0x800027b2 (0x02ae2423) mem 0x80023c04 0x03ffee18
core   0: 0x800027b6 (0x02be2623) sw      a1, 44(t3)
core   0: 3 0x800027b6 (0x02be2623) mem 0x80023c08 0x000fd3e0
core   0: 0x800027ba (0x02ce2823) sw      a2, 48(t3)
core   0: 3 0x800027ba (0x02ce2823) mem 0x80023c0c 0x80023c5c
core   0: 0x800027be (0x02de2a23) sw      a3, 52(t3)
core   0: 3 0x800027be (0x02de2a23) mem 0x80023c10 0xffffffd0
core   0: 0x800027c2 (0x02ee2c23) sw      a4, 56(t3)
core   0: 3 0x800027c2 (0x02ee2c23) mem 0x80023c14 0x80000004
core   0: 0x800027c6 (0x02fe2e23) sw      a5, 60(t3)
core   0: 3 0x800027c6 (0x02fe2e23) mem 0x80023c18 0x0000024f
core   0: 0x800027ca (0x050e2023) sw      a6, 64(t3)
core   0: 3 0x800027ca (0x050e2023) mem 0x80023c1c 0x00000000
core   0: 0x800027ce (0x051e2223) sw      a7, 68(t3)
core   0: 3 0x800027ce (0x051e2223) mem 0x80023c20 0x00000000
core   0: 0x800027d2 (0x052e2423) sw      s2, 72(t3)
core   0: 3 0x800027d2 (0x052e2423) mem 0x80023c24 0x00000040
core   0: 0x800027d6 (0x053e2623) sw      s3, 76(t3)
core   0: 3 0x800027d6 (0x053e2623) mem 0x80023c28 0x0000000a
core   0: 0x800027da (0x054e2823) sw      s4, 80(t3)
core   0: 3 0x800027da (0x054e2823) mem 0x80023c2c 0x000fd7d7
core   0: 0x800027de (0x055e2a23) sw      s5, 84(t3)
core   0: 3 0x800027de (0x055e2a23) mem 0x80023c30 0x000002a6
core   0: 0x800027e2 (0x056e2c23) sw      s6, 88(t3)
core   0: 3 0x800027e2 (0x056e2c23) mem 0x80023c34 0x8001fa7c
