core   0: 0x80000080 (0x40001337) lui     t1, 0x40001
core   0: 3 0x80000080 (0x40001337) x6  0x40001000
core   0: 0x80000084 (0x10630313) addi    t1, t1, 262
core   0: 3 0x80000084 (0x10630313) x6  0x40001106
core   0: 0x80000088 (0x30131073) csrw    misa, t1
core   0: 3 0x80000088 (0x30131073) c769_misa 0x40901104
core   0: 0x8000008c (0x00035717) auipc   a4, 0x35
core   0: 3 0x8000008c (0x00035717) x14 0x8003508c
core   0: 0x80000090 (0xc5870713) addi    a4, a4, -936
core   0: 3 0x80000090 (0xc5870713) x14 0x80034ce4
core   0: 0x80000094 (0x00002317) auipc   t1, 0x2
core   0: 3 0x80000094 (0x00002317) x6  0x80002094
core   0: 0x80000098 (0x46c30313) addi    t1, t1, 1132
core   0: 3 0x80000098 (0x46c30313) x6  0x80002500
core   0: 0x8000009c (0x00136313) ori     t1, t1, 1
core   0: 3 0x8000009c (0x00136313) x6  0x80002501
core   0: 0x800000a0 (0x30531073) csrw    mtvec, t1
core   0: 3 0x800000a0 (0x30531073) c773_mtvec 0x80002501
core   0: 0x800000a4 (0x74725073) csrwi   mseccfg, 4
core   0: 3 0x800000a4 (0x74725073) c1863_mseccfg 0x00000004
core   0: 0x800000a8 (0x00003117) auipc   sp, 0x3
core   0: 3 0x800000a8 (0x00003117) x2  0x800030a8
core   0: 0x800000ac (0x1fc10113) addi    sp, sp, 508
core   0: 3 0x800000ac (0x1fc10113) x2  0x800032a4
core   0: 0x800000b0 (0x00004301) c.li    t1, 0
core   0: 3 0x800000b0 (0x4301) x6  0x00000000
core   0: 0x800000b2 (0x0000911a) c.add   sp, t1
core   0: 3 0x800000b2 (0x911a) x2  0x800032a4
core   0: 0x800000b4 (0x00215113) srli    sp, sp, 2
core   0: 3 0x800000b4 (0x00215113) x2  0x20000ca9
core   0: 0x800000b8 (0x3b011073) csrw    pmpaddr0, sp
core   0: 3 0x800000b8 (0x3b011073) c944_pmpaddr0 0x20000ca9
core   0: 0x800000bc (0x00003117) auipc   sp, 0x3
core   0: 3 0x800000bc (0x00003117) x2  0x800030bc
core   0: 0x800000c0 (0x1e810113) addi    sp, sp, 488
core   0: 3 0x800000c0 (0x1e810113) x2  0x800032a4
core   0: 0x800000c4 (0x11111337) lui     t1, 0x11111
core   0: 3 0x800000c4 (0x11111337) x6  0x11111000
core   0: 0x800000c8 (0x11130313) addi    t1, t1, 273
core   0: 3 0x800000c8 (0x11130313) x6  0x11111111
core   0: 0x800000cc (0x0000911a) c.add   sp, t1
core   0: 3 0x800000cc (0x911a) x2  0x911143b5
core   0: 0x800000ce (0x00215113) srli    sp, sp, 2
core   0: 3 0x800000ce (0x00215113) x2  0x244450ed
core   0: 0x800000d2 (0x3b111073) csrw    pmpaddr1, sp
core   0: 3 0x800000d2 (0x3b111073) c945_pmpaddr1 0x244450ed
core   0: 0x800000d6 (0x00003117) auipc   sp, 0x3
core   0: 3 0x800000d6 (0x00003117) x2  0x800030d6
core   0: 0x800000da (0x1ce10113) addi    sp, sp, 462
core   0: 3 0x800000da (0x1ce10113) x2  0x800032a4
core   0: 0x800000de (0x22222337) lui     t1, 0x22222
core   0: 3 0x800000de (0x22222337) x6  0x22222000
core   0: 0x800000e2 (0x22230313) addi    t1, t1, 546
core   0: 3 0x800000e2 (0x22230313) x6  0x22222222
core   0: 0x800000e6 (0x0000911a) c.add   sp, t1
core   0: 3 0x800000e6 (0x911a) x2  0xa22254c6
core   0: 0x800000e8 (0x00215113) srli    sp, sp, 2
core   0: 3 0x800000e8 (0x00215113) x2  0x28889531
core   0: 0x800000ec (0x3b211073) csrw    pmpaddr2, sp
core   0: 3 0x800000ec (0x3b211073) c946_pmpaddr2 0x28889531
core   0: 0x800000f0 (0x00003117) auipc   sp, 0x3
core   0: 3 0x800000f0 (0x00003117) x2  0x800030f0
core   0: 0x800000f4 (0x1b410113) addi    sp, sp, 436
core   0: 3 0x800000f4 (0x1b410113) x2  0x800032a4
core   0: 0x800000f8 (0x33333337) lui     t1, 0x33333
core   0: 3 0x800000f8 (0x33333337) x6  0x33333000
core   0: 0x800000fc (0x33330313) addi    t1, t1, 819
core   0: 3 0x800000fc (0x33330313) x6  0x33333333
core   0: 0x80000100 (0x0000911a) c.add   sp, t1
core   0: 3 0x80000100 (0x911a) x2  0xb33365d7
core   0: 0x80000102 (0x00215113) srli    sp, sp, 2
core   0: 3 0x80000102 (0x00215113) x2  0x2cccd975
core   0: 0x80000106 (0x3b311073) csrw    pmpaddr3, sp
core   0: 3 0x80000106 (0x3b311073) c947_pmpaddr3 0x2cccd975
core   0: 0x8000010a (0x0f0f1137) lui     sp, 0xf0f1
core   0: 3 0x8000010a (0x0f0f1137) x2  0x0f0f1000
core   0: 0x8000010e (0xf0f10113) addi    sp, sp, -241
core   0: 3 0x8000010e (0xf0f10113) x2  0x0f0f0f0f
core   0: 0x80000112 (0x3a011073) csrw    pmpcfg0, sp
core   0: 3 0x80000112 (0x3a011073) c928_pmpcfg0 0x0f0f0f0f
core   0: 0x80000116 (0x00003117) auipc   sp, 0x3
core   0: 3 0x80000116 (0x00003117) x2  0x80003116
core   0: 0x8000011a (0x18e10113) addi    sp, sp, 398
core   0: 3 0x8000011a (0x18e10113) x2  0x800032a4
core   0: 0x8000011e (0x44444337) lui     t1, 0x44444
core   0: 3 0x8000011e (0x44444337) x6  0x44444000
core   0: 0x80000122 (0x44430313) addi    t1, t1, 1092
core   0: 3 0x80000122 (0x44430313) x6  0x44444444
core   0: 0x80000126 (0x0000911a) c.add   sp, t1
core   0: 3 0x80000126 (0x911a) x2  0xc44476e8
core   0: 0x80000128 (0x00215113) srli    sp, sp, 2
core   0: 3 0x80000128 (0x00215113) x2  0x31111dba
core   0: 0x8000012c (0x3b411073) csrw    pmpaddr4, sp
core   0: 3 0x8000012c (0x3b411073) c948_pmpaddr4 0x31111dba
core   0: 0x80000130 (0x00003117) auipc   sp, 0x3
core   0: 3 0x80000130 (0x00003117) x2  0x80003130
core   0: 0x80000134 (0x17410113) addi    sp, sp, 372
core   0: 3 0x80000134 (0x17410113) x2  0x800032a4
core   0: 0x80000138 (0x55555337) lui     t1, 0x55555
core   0: 3 0x80000138 (0x55555337) x6  0x55555000
core   0: 0x8000013c (0x55530313) addi    t1, t1, 1365
core   0: 3 0x8000013c (0x55530313) x6  0x55555555
core   0: 0x80000140 (0x0000911a) c.add   sp, t1
core   0: 3 0x80000140 (0x911a) x2  0xd55587f9
core   0: 0x80000142 (0x00215113) srli    sp, sp, 2
core   0: 3 0x80000142 (0x00215113) x2  0x355561fe
core   0: 0x80000146 (0x3b511073) csrw    pmpaddr5, sp
core   0: 3 0x80000146 (0x3b511073) c949_pmpaddr5 0x355561fe
core   0: 0x8000014a (0x00003117) auipc   sp, 0x3
core   0: 3 0x8000014a (0x00003117) x2  0x8000314a
core   0: 0x8000014e (0x15a10113) addi    sp, sp, 346
core   0: 3 0x8000014e (0x15a10113) x2  0x800032a4
core   0: 0x80000152 (0x66666337) lui     t1, 0x66666
core   0: 3 0x80000152 (0x66666337) x6  0x66666000
core   0: 0x80000156 (0x66630313) addi    t1, t1, 1638
core   0: 3 0x80000156 (0x66630313) x6  0x66666666
core   0: 0x8000015a (0x0000911a) c.add   sp, t1
core   0: 3 0x8000015a (0x911a) x2  0xe666990a
core   0: 0x8000015c (0x00215113) srli    sp, sp, 2
core   0: 3 0x8000015c (0x00215113) x2  0x3999a642
core   0: 0x80000160 (0x3b611073) csrw    pmpaddr6, sp
core   0: 3 0x80000160 (0x3b611073) c950_pmpaddr6 0x3999a642
core   0: 0x80000164 (0x00003117) auipc   sp, 0x3
core   0: 3 0x80000164 (0x00003117) x2  0x80003164
core   0: 0x80000168 (0x14010113) addi    sp, sp, 320
core   0: 3 0x80000168 (0x14010113) x2  0x800032a4
core   0: 0x8000016c (0x77777337) lui     t1, 0x77777
core   0: 3 0x8000016c (0x77777337) x6  0x77777000
core   0: 0x80000170 (0x77730313) addi    t1, t1, 1911
core   0: 3 0x80000170 (0x77730313) x6  0x77777777
core   0: 0x80000174 (0x0000911a) c.add   sp, t1
core   0: 3 0x80000174 (0x911a) x2  0xf777aa1b
core   0: 0x80000176 (0x00215113) srli    sp, sp, 2
core   0: 3 0x80000176 (0x00215113) x2  0x3dddea86
core   0: 0x8000017a (0x3b711073) csrw    pmpaddr7, sp
core   0: 3 0x8000017a (0x3b711073) c951_pmpaddr7 0x3dddea86
core   0: 0x8000017e (0x0f0f1137) lui     sp, 0xf0f1
core   0: 3 0x8000017e (0x0f0f1137) x2  0x0f0f1000
core   0: 0x80000182 (0xf0f10113) addi    sp, sp, -241
core   0: 3 0x80000182 (0xf0f10113) x2  0x0f0f0f0f
core   0: 0x80000186 (0x3a111073) csrw    pmpcfg1, sp
core   0: 3 0x80000186 (0x3a111073) c929_pmpcfg1 0x0f0f0f0f
core   0: 0x8000018a (0x00003117) auipc   sp, 0x3
core   0: 3 0x8000018a (0x00003117) x2  0x8000318a
core   0: 0x8000018e (0x11a10113) addi    sp, sp, 282
core   0: 3 0x8000018e (0x11a10113) x2  0x800032a4
core   0: 0x80000192 (0x88889337) lui     t1, 0x88889
core   0: 3 0x80000192 (0x88889337) x6  0x88889000
core   0: 0x80000196 (0x88830313) addi    t1, t1, -1912
core   0: 3 0x80000196 (0x88830313) x6  0x88888888
core   0: 0x8000019a (0x0000911a) c.add   sp, t1
core   0: 3 0x8000019a (0x911a) x2  0x0888bb2c
core   0: 0x8000019c (0x00215113) srli    sp, sp, 2
core   0: 3 0x8000019c (0x00215113) x2  0x02222ecb
core   0: 0x800001a0 (0x3b811073) csrw    pmpaddr8, sp
core   0: 3 0x800001a0 (0x3b811073) c952_pmpaddr8 0x02222ecb
core   0: 0x800001a4 (0x00003117) auipc   sp, 0x3
core   0: 3 0x800001a4 (0x00003117) x2  0x800031a4
core   0: 0x800001a8 (0x10010113) addi    sp, sp, 256
core   0: 3 0x800001a8 (0x10010113) x2  0x800032a4
core   0: 0x800001ac (0x9999a337) lui     t1, 0x9999a
core   0: 3 0x800001ac (0x9999a337) x6  0x9999a000
core   0: 0x800001b0 (0x99930313) addi    t1, t1, -1639
core   0: 3 0x800001b0 (0x99930313) x6  0x99999999
core   0: 0x800001b4 (0x0000911a) c.add   sp, t1
core   0: 3 0x800001b4 (0x911a) x2  0x1999cc3d
core   0: 0x800001b6 (0x00215113) srli    sp, sp, 2
core   0: 3 0x800001b6 (0x00215113) x2  0x0666730f
core   0: 0x800001ba (0x3b911073) csrw    pmpaddr9, sp
core   0: 3 0x800001ba (0x3b911073) c953_pmpaddr9 0x0666730f
core   0: 0x800001be (0x00003117) auipc   sp, 0x3
core   0: 3 0x800001be (0x00003117) x2  0x800031be
core   0: 0x800001c2 (0x0e610113) addi    sp, sp, 230
core   0: 3 0x800001c2 (0x0e610113) x2  0x800032a4
core   0: 0x800001c6 (0xaaaab337) lui     t1, 0xaaaab
core   0: 3 0x800001c6 (0xaaaab337) x6  0xaaaab000
core   0: 0x800001ca (0xaaa30313) addi    t1, t1, -1366
core   0: 3 0x800001ca (0xaaa30313) x6  0xaaaaaaaa
core   0: 0x800001ce (0x0000911a) c.add   sp, t1
core   0: 3 0x800001ce (0x911a) x2  0x2aaadd4e
core   0: 0x800001d0 (0x00215113) srli    sp, sp, 2
core   0: 3 0x800001d0 (0x00215113) x2  0x0aaab753
core   0: 0x800001d4 (0x3ba11073) csrw    pmpaddr10, sp
core   0: 3 0x800001d4 (0x3ba11073) c954_pmpaddr10 0x0aaab753
core   0: 0x800001d8 (0x00003117) auipc   sp, 0x3
core   0: 3 0x800001d8 (0x00003117) x2  0x800031d8
core   0: 0x800001dc (0x0cc10113) addi    sp, sp, 204
core   0: 3 0x800001dc (0x0cc10113) x2  0x800032a4
core   0: 0x800001e0 (0xbbbbc337) lui     t1, 0xbbbbc
core   0: 3 0x800001e0 (0xbbbbc337) x6  0xbbbbc000
core   0: 0x800001e4 (0xbbb30313) addi    t1, t1, -1093
core   0: 3 0x800001e4 (0xbbb30313) x6  0xbbbbbbbb
core   0: 0x800001e8 (0x0000911a) c.add   sp, t1
core   0: 3 0x800001e8 (0x911a) x2  0x3bbbee5f
core   0: 0x800001ea (0x00215113) srli    sp, sp, 2
core   0: 3 0x800001ea (0x00215113) x2  0x0eeefb97
core   0: 0x800001ee (0x3bb11073) csrw    pmpaddr11, sp
core   0: 3 0x800001ee (0x3bb11073) c955_pmpaddr11 0x0eeefb97
core   0: 0x800001f2 (0x0f0f1137) lui     sp, 0xf0f1
core   0: 3 0x800001f2 (0x0f0f1137) x2  0x0f0f1000
core   0: 0x800001f6 (0xf0f10113) addi    sp, sp, -241
core   0: 3 0x800001f6 (0xf0f10113) x2  0x0f0f0f0f
core   0: 0x800001fa (0x3a211073) csrw    pmpcfg2, sp
core   0: 3 0x800001fa (0x3a211073) c930_pmpcfg2 0x0f0f0f0f
core   0: 0x800001fe (0x00003117) auipc   sp, 0x3
core   0: 3 0x800001fe (0x00003117) x2  0x800031fe
core   0: 0x80000202 (0x0a610113) addi    sp, sp, 166
core   0: 3 0x80000202 (0x0a610113) x2  0x800032a4
core   0: 0x80000206 (0xccccd337) lui     t1, 0xccccd
core   0: 3 0x80000206 (0xccccd337) x6  0xccccd000
core   0: 0x8000020a (0xccc30313) addi    t1, t1, -820
core   0: 3 0x8000020a (0xccc30313) x6  0xcccccccc
core   0: 0x8000020e (0x0000911a) c.add   sp, t1
core   0: 3 0x8000020e (0x911a) x2  0x4cccff70
core   0: 0x80000210 (0x00215113) srli    sp, sp, 2
core   0: 3 0x80000210 (0x00215113) x2  0x13333fdc
core   0: 0x80000214 (0x3bc11073) csrw    pmpaddr12, sp
core   0: 3 0x80000214 (0x3bc11073) c956_pmpaddr12 0x13333fdc
core   0: 0x80000218 (0x00003117) auipc   sp, 0x3
core   0: 3 0x80000218 (0x00003117) x2  0x80003218
core   0: 0x8000021c (0x08c10113) addi    sp, sp, 140
core   0: 3 0x8000021c (0x08c10113) x2  0x800032a4
core   0: 0x80000220 (0xdddde337) lui     t1, 0xdddde
core   0: 3 0x80000220 (0xdddde337) x6  0xdddde000
core   0: 0x80000224 (0xddd30313) addi    t1, t1, -547
core   0: 3 0x80000224 (0xddd30313) x6  0xdddddddd
core   0: 0x80000228 (0x0000911a) c.add   sp, t1
core   0: 3 0x80000228 (0x911a) x2  0x5dde1081
core   0: 0x8000022a (0x00215113) srli    sp, sp, 2
core   0: 3 0x8000022a (0x00215113) x2  0x17778420
core   0: 0x8000022e (0x3bd11073) csrw    pmpaddr13, sp
core   0: 3 0x8000022e (0x3bd11073) c957_pmpaddr13 0x17778420
core   0: 0x80000232 (0x00003117) auipc   sp, 0x3
core   0: 3 0x80000232 (0x00003117) x2  0x80003232
core   0: 0x80000236 (0x07210113) addi    sp, sp, 114
core   0: 3 0x80000236 (0x07210113) x2  0x800032a4
core   0: 0x8000023a (0xeeeef337) lui     t1, 0xeeeef
core   0: 3 0x8000023a (0xeeeef337) x6  0xeeeef000
core   0: 0x8000023e (0xeee30313) addi    t1, t1, -274
core   0: 3 0x8000023e (0xeee30313) x6  0xeeeeeeee
core   0: 0x80000242 (0x0000911a) c.add   sp, t1
core   0: 3 0x80000242 (0x911a) x2  0x6eef2192
core   0: 0x80000244 (0x00215113) srli    sp, sp, 2
core   0: 3 0x80000244 (0x00215113) x2  0x1bbbc864
core   0: 0x80000248 (0x3be11073) csrw    pmpaddr14, sp
core   0: 3 0x80000248 (0x3be11073) c958_pmpaddr14 0x1bbbc864
core   0: 0x8000024c (0x00003117) auipc   sp, 0x3
core   0: 3 0x8000024c (0x00003117) x2  0x8000324c
core   0: 0x80000250 (0x05810113) addi    sp, sp, 88
core   0: 3 0x80000250 (0x05810113) x2  0x800032a4
core   0: 0x80000254 (0xfff00313) li      t1, -1
core   0: 3 0x80000254 (0xfff00313) x6  0xffffffff
core   0: 0x80000258 (0x0000911a) c.add   sp, t1
core   0: 3 0x80000258 (0x911a) x2  0x800032a3
core   0: 0x8000025a (0x00215113) srli    sp, sp, 2
core   0: 3 0x8000025a (0x00215113) x2  0x20000ca8
core   0: 0x8000025e (0x3bf11073) csrw    pmpaddr15, sp
core   0: 3 0x8000025e (0x3bf11073) c959_pmpaddr15 0x20000ca8
core   0: 0x80000262 (0x0f0f1137) lui     sp, 0xf0f1
core   0: 3 0x80000262 (0x0f0f1137) x2  0x0f0f1000
core   0: 0x80000266 (0xf0f10113) addi    sp, sp, -241
core   0: 3 0x80000266 (0xf0f10113) x2  0x0f0f0f0f
core   0: 0x8000026a (0x3a311073) csrw    pmpcfg3, sp
core   0: 3 0x8000026a (0x3a311073) c931_pmpcfg3 0x0f0f0f0f
core   0: 0x8000026e (0x00000317) auipc   t1, 0x0
core   0: 3 0x8000026e (0x00000317) x6  0x8000026e
core   0: 0x80000272 (0x06030313) addi    t1, t1, 96
core   0: 3 0x80000272 (0x06030313) x6  0x800002ce
core   0: 0x80000276 (0x34131073) csrw    mepc, t1
core   0: 3 0x80000276 (0x34131073) c833_mepc 0x800002ce
core   0: 0x8000027a (0x7c00d073) csrwi   cpuctrlsts, 1
core   0: 3 0x8000027a (0x7c00d073) c1984_cpuctrlsts 0x00000101
core   0: 0x8000027e (0x00004301) c.li    t1, 0
core   0: 3 0x8000027e (0x4301) x6  0x00000000
core   0: 0x80000280 (0x30031073) csrw    mstatus, t1
core   0: 3 0x80000280 (0x30031073) c768_mstatus 0x00000000
core   0: 0x80000284 (0x00004301) c.li    t1, 0
core   0: 3 0x80000284 (0x4301) x6  0x00000000
core   0: 0x80000286 (0x30431073) csrw    mie, t1
core   0: 3 0x80000286 (0x30431073) c772_mie 0x00000000
core   0: 0x8000028a (0x90000a37) lui     s4, 0x90000
core   0: 3 0x8000028a (0x90000a37) x20 0x90000000
core   0: 0x8000028e (0x00001a71) c.addi  s4, -4
core   0: 3 0x8000028e (0x1a71) x20 0x8ffffffc
core   0: 0x80000290 (0x90000a37) lui     s4, 0x90000
core   0: 3 0x80000290 (0x90000a37) x20 0x90000000
core   0: 0x80000294 (0x00001a71) c.addi  s4, -4
core   0: 3 0x80000294 (0x1a71) x20 0x8ffffffc
core   0: 0x80000296 (0x90000a37) lui     s4, 0x90000
core   0: 3 0x80000296 (0x90000a37) x20 0x90000000
core   0: 0x8000029a (0x00001a71) c.addi  s4, -4
core   0: 3 0x8000029a (0x1a71) x20 0x8ffffffc
core   0: 0x8000029c (0x30000313) li      t1, 768
core   0: 3 0x8000029c (0x30000313) x6  0x00000300
core   0: 0x800002a0 (0x00000322) c.slli  t1, 8
core   0: 3 0x800002a0 (0x0322) x6  0x00030000
core   0: 0x800002a2 (0x0000030d) c.addi  t1, 3
core   0: 3 0x800002a2 (0x030d) x6  0x00030003
core   0: 0x800002a4 (0x006a2023) sw      t1, 0(s4)
core   0: 3 0x800002a4 (0x006a2023) mem 0x8ffffffc 0x00030003
core   0: 0x800002a8 (0x30002373) csrr    t1, mstatus
core   0: 3 0x800002a8 (0x30002373) x6  0x00000000
core   0: 0x800002ac (0x006a2023) sw      t1, 0(s4)
core   0: 3 0x800002ac (0x006a2023) mem 0x8ffffffc 0x00000000
core   0: 0x800002b0 (0x90000a37) lui     s4, 0x90000
core   0: 3 0x800002b0 (0x90000a37) x20 0x90000000
core   0: 0x800002b4 (0x00001a71) c.addi  s4, -4
core   0: 3 0x800002b4 (0x1a71) x20 0x8ffffffc
core   0: 0x800002b6 (0x30400313) li      t1, 772
core   0: 3 0x800002b6 (0x30400313) x6  0x00000304
core   0: 0x800002ba (0x00000322) c.slli  t1, 8
core   0: 3 0x800002ba (0x0322) x6  0x00030400
core   0: 0x800002bc (0x0000030d) c.addi  t1, 3
core   0: 3 0x800002bc (0x030d) x6  0x00030403
core   0: 0x800002be (0x006a2023) sw      t1, 0(s4)
core   0: 3 0x800002be (0x006a2023) mem 0x8ffffffc 0x00030403
core   0: 0x800002c2 (0x30402373) csrr    t1, mie
core   0: 3 0x800002c2 (0x30402373) x6  0x00000000
core   0: 0x800002c6 (0x006a2023) sw      t1, 0(s4)
core   0: 3 0x800002c6 (0x006a2023) mem 0x8ffffffc 0x00000000
core   0: 0x800002ca (0x30200073) mret
core   0: 3 0x800002ca (0x30200073) c768_mstatus 0x00000080
core   0: 0x800002ce (0xff8b8037) lui     zero, 0xff8b8
core   0: 0 0x800002ce (0xff8b8037)
core   0: 0x800002d2 (0x10e00013) li      zero, 270
core   0: 0 0x800002d2 (0x10e00013)
core   0: 0x800002d6 (0x7327d0b7) lui     ra, 0x7327d
core   0: 0 0x800002d6 (0x7327d0b7) x1  0x7327d000
core   0: 0x800002da (0xba008093) addi    ra, ra, -1120
core   0: 0 0x800002da (0xba008093) x1  0x7327cba0
core   0: 0x800002de (0xf5e3a137) lui     sp, 0xf5e3a
core   0: 0 0x800002de (0xf5e3a137) x2  0xf5e3a000
core   0: 0x800002e2 (0x89510113) addi    sp, sp, -1899
core   0: 0 0x800002e2 (0x89510113) x2  0xf5e39895
core   0: 0x800002e6 (0x00004181) c.li    gp, 0
core   0: 0 0x800002e6 (0x4181) x3  0x00000000
core   0: 0x800002e8 (0x6511b237) lui     tp, 0x6511b
core   0: 0 0x800002e8 (0x6511b237) x4  0x6511b000
core   0: 0x800002ec (0xbba20213) addi    tp, tp, -1094
core   0: 0 0x800002ec (0xbba20213) x4  0x6511abba
core   0: 0x800002f0 (0xe2e872b7) lui     t0, 0xe2e87
core   0: 0 0x800002f0 (0xe2e872b7) x5  0xe2e87000
core   0: 0x800002f4 (0x5c428293) addi    t0, t0, 1476
core   0: 0 0x800002f4 (0x5c428293) x5  0xe2e875c4
core   0: 0x800002f8 (0x00004301) c.li    t1, 0
core   0: 0 0x800002f8 (0x4301) x6  0x00000000
core   0: 0x800002fa (0x000043a5) c.li    t2, 9
core   0: 0 0x800002fa (0x43a5) x7  0x00000009
core   0: 0x800002fc (0x80000437) lui     s0, 0x80000
core   0: 0 0x800002fc (0x80000437) x8  0x80000000
core   0: 0x80000300 (0xf944e4b7) lui     s1, 0xf944e
core   0: 0 0x80000300 (0xf944e4b7) x9  0xf944e000
core   0: 0x80000304 (0x20f48493) addi    s1, s1, 527
core   0: 0 0x80000304 (0x20f48493) x9  0xf944e20f
core   0: 0x80000308 (0x00004501) c.li    a0, 0
core   0: 0 0x80000308 (0x4501) x10 0x00000000
core   0: 0x8000030a (0x000045a5) c.li    a1, 9
core   0: 0 0x8000030a (0x45a5) x11 0x00000009
core   0: 0x8000030c (0xf0c556b7) lui     a3, 0xf0c55
core   0: 0 0x8000030c (0xf0c556b7) x13 0xf0c55000
core   0: 0x80000310 (0xda468693) addi    a3, a3, -604
core   0: 0 0x80000310 (0xda468693) x13 0xf0c54da4
core   0: 0x80000314 (0xfd8fc7b7) lui     a5, 0xfd8fc
core   0: 0 0x80000314 (0xfd8fc7b7) x15 0xfd8fc000
core   0: 0x80000318 (0xe7e78793) addi    a5, a5, -386
core   0: 0 0x80000318 (0xe7e78793) x15 0xfd8fbe7e
core   0: 0x8000031c (0x00004801) c.li    a6, 0
core   0: 0 0x8000031c (0x4801) x16 0x00000000
core   0: 0x8000031e (0x651938b7) lui     a7, 0x65193
core   0: 0 0x8000031e (0x651938b7) x17 0x65193000
core   0: 0x80000322 (0x5eb88893) addi    a7, a7, 1515
core   0: 0 0x80000322 (0x5eb88893) x17 0x651935eb
core   0: 0x80000326 (0x00004911) c.li    s2, 4
core   0: 0 0x80000326 (0x4911) x18 0x00000004
core   0: 0x80000328 (0x800009b7) lui     s3, 0x80000
core   0: 0 0x80000328 (0x800009b7) x19 0x80000000
core   0: 0x8000032c (0x00004a29) c.li    s4, 10
core   0: 0 0x8000032c (0x4a29) x20 0x0000000a
core   0: 0x8000032e (0xff2dfab7) lui     s5, 0xff2df
core   0: 0 0x8000032e (0xff2dfab7) x21 0xff2df000
core   0: 0x80000332 (0x586a8a93) addi    s5, s5, 1414
core   0: 0 0x80000332 (0x586a8a93) x21 0xff2df586
core   0: 0x80000336 (0x80000b37) lui     s6, 0x80000
core   0: 0 0x80000336 (0x80000b37) x22 0x80000000
core   0: 0x8000033a (0xfa72bbb7) lui     s7, 0xfa72b
core   0: 0 0x8000033a (0xfa72bbb7) x23 0xfa72b000
core   0: 0x8000033e (0x098b8b93) addi    s7, s7, 152
core   0: 0 0x8000033e (0x098b8b93) x23 0xfa72b098
core   0: 0x80000342 (0x00004c09) c.li    s8, 2
core   0: 0 0x80000342 (0x4c09) x24 0x00000002
core   0: 0x80000344 (0x00004cb9) c.li    s9, 14
core   0: 0 0x80000344 (0x4cb9) x25 0x0000000e
core   0: 0x80000346 (0x00004d01) c.li    s10, 0
core   0: 0 0x80000346 (0x4d01) x26 0x00000000
core   0: 0x80000348 (0x00004d81) c.li    s11, 0
core   0: 0 0x80000348 (0x4d81) x27 0x00000000
core   0: 0x8000034a (0x00004e35) c.li    t3, 13
core   0: 0 0x8000034a (0x4e35) x28 0x0000000d
core   0: 0x8000034c (0x82ec1eb7) lui     t4, 0x82ec1
core   0: 0 0x8000034c (0x82ec1eb7) x29 0x82ec1000
core   0: 0x80000350 (0xcb0e8e93) addi    t4, t4, -848
core   0: 0 0x80000350 (0xcb0e8e93) x29 0x82ec0cb0
core   0: 0x80000354 (0xcac09f37) lui     t5, 0xcac09
core   0: 0 0x80000354 (0xcac09f37) x30 0xcac09000
core   0: 0x80000358 (0x9bdf0f13) addi    t5, t5, -1603
core   0: 0 0x80000358 (0x9bdf0f13) x30 0xcac089bd
core   0: 0x8000035c (0x80000fb7) lui     t6, 0x80000
core   0: 0 0x8000035c (0x80000fb7) x31 0x80000000
core   0: 0x80000360 (0x00031617) auipc   a2, 0x31
core   0: 0 0x80000360 (0x00031617) x12 0x80031360
core   0: 0x80000364 (0xb0460613) addi    a2, a2, -1276
core   0: 0 0x80000364 (0xb0460613) x12 0x80030e64
core   0: 0x80000368 (0x90000a37) lui     s4, 0x90000
core   0: 0 0x80000368 (0x90000a37) x20 0x90000000
core   0: 0x8000036c (0x00001a71) c.addi  s4, -4
core   0: 0 0x8000036c (0x1a71) x20 0x8ffffffc
core   0: 0x8000036e (0x00004301) c.li    t1, 0
core   0: 0 0x8000036e (0x4301) x6  0x00000000
core   0: 0x80000370 (0x00000322) c.slli  t1, 8
core   0: 0 0x80000370 (0x0322) x6  0x00000000
core   0: 0x80000372 (0x00030313) mv      t1, t1
core   0: 0 0x80000372 (0x00030313) x6  0x00000000
core   0: 0x80000376 (0x006a2023) sw      t1, 0(s4)
core   0: 0 0x80000376 (0x006a2023) mem 0x8ffffffc 0x00000000
core   0: 0x8000037a (0x72b0206f) j       pc + 0x2f2a
core   0: 0 0x8000037a (0x72b0206f)
core   0: 0x800032a4 (0x00009397) auipc   t2, 0x9
core   0: 0 0x800032a4 (0x00009397) x7  0x8000c2a4
core   0: 0x800032a8 (0x78438393) addi    t2, t2, 1924
core   0: 0 0x800032a8 (0x78438393) x7  0x8000ca28
core   0: 0x800032ac (0x00008db5) c.xor   a1, a3
core   0: 0 0x800032ac (0x8db5) x11 0xf0c54dad
core   0: 0x800032ae (0x05b38393) addi    t2, t2, 91
core   0: 0 0x800032ae (0x05b38393) x7  0x8000ca83
core   0: 0x800032b2 (0x00fe6c63) bltu    t3, a5, pc + 24
core   0: 0 0x800032b2 (0x00fe6c63)
core   0: 0x800032ca (0xfa6380e7) jalr    ra, t2, -90
core   0: 0 0x800032ca (0xfa6380e7) x1  0x800032ce
core   0: 0x8000ca28 (0x00f08263) beq     ra, a5, pc + 4
core   0: 0 0x8000ca28 (0x00f08263)
core   0: 0x8000ca2c (0xfdc60613) addi    a2, a2, -36
core   0: 0 0x8000ca2c (0xfdc60613) x12 0x80030e40
core   0: 0x8000ca30 (0x00008391) c.srli  a5, 4
core   0: 0 0x8000ca30 (0x8391) x15 0x0fd8fbe7
core   0: 0x8000ca32 (0x00211893) slli    a7, sp, 2
core   0: 0 0x8000ca32 (0x00211893) x17 0xd78e6254
core   0: 0x8000ca36 (0x00162223) sw      ra, 4(a2)
core   0: 0 0x8000ca36 (0x00162223) mem 0x80030e44 0x800032ce
core   0: 0x8000ca3a (0x0396f3b3) remu    t2, a3, s9
core   0: 0 0x8000ca3a (0x0396f3b3) x7  0x00000000
core   0: 0x8000ca3e (0x0ff0000f) fence   iorw,iorw
core   0: 0 0x8000ca3e (0x0ff0000f)
core   0: 0x8000ca42 (0x00016f17) auipc   t5, 0x16
core   0: 0 0x8000ca42 (0x00016f17) x30 0x80022a42
core   0: 0x8000ca46 (0x05ff0f13) addi    t5, t5, 95
core   0: 0 0x8000ca46 (0x05ff0f13) x30 0x80022aa1
core   0: 0x8000ca4a (0xfcef13a3) sh      a4, -57(t5)
core   0: 0 0x8000ca4a (0xfcef13a3) mem 0x80022a68 0x4ce4
core   0: 0x8000ca4e (0xfc7f0423) sb      t2, -56(t5)
core   0: 0 0x8000ca4e (0xfc7f0423) mem 0x80022a69 0x0
core   0: 0x8000ca52 (0x000082a2) c.mv    t0, s0
core   0: 0 0x8000ca52 (0x82a2) x5  0x80000000
core   0: 0x8000ca54 (0x003a56b3) srl     a3, s4, gp
core   0: 0 0x8000ca54 (0x003a56b3) x13 0x8ffffffc
core   0: 0x8000ca58 (0xfeaf07a3) sb      a0, -17(t5)
core   0: 0 0x8000ca58 (0xfeaf07a3) mem 0x80022a90 0x0
core   0: 0x8000ca5c (0xfebf07a3) sb      a1, -17(t5)
core   0: 0 0x8000ca5c (0xfebf07a3) mem 0x80022a90 0xad
core   0: 0x8000ca60 (0xfdcf1fa3) sh      t3, -33(t5)
core   0: 0 0x8000ca60 (0xfdcf1fa3) mem 0x80022a80 0x000d
core   0: 0x8000ca64 (0xfddf0923) sb      t4, -46(t5)
core   0: 0 0x8000ca64 (0xfddf0923) mem 0x80022a73 0xb0
core   0: 0x8000ca68 (0xfe5f2d03) lw      s10, -27(t5)
core   0: 0 0x8000ca68 (0xfe5f2d03) x26 0x42433c3d mem 0x80022a86 mem 0x80022a87 mem 0x80022a88 mem 0x80022a89
core   0: 0x8000ca6c (0x00000001) c.nop
core   0: 0 0x8000ca6c (0x0001)
core   0: 0x8000ca6e (0xfdef4283) lbu     t0, -34(t5)
core   0: 0 0x8000ca6e (0xfdef4283) x5  0x00000034 mem 0x80022a7f
core   0: 0x8000ca72 (0xfc5f0b03) lb      s6, -59(t5)
core   0: 0 0x8000ca72 (0xfc5f0b03) x22 0x0000001d mem 0x80022a66
core   0: 0x8000ca76 (0x020f2403) lw      s0, 32(t5)
core   0: 0 0x8000ca76 (0x020f2403) x8  0x7f78797a mem 0x80022ac1 mem 0x80022ac2 mem 0x80022ac3 mem 0x80022ac4
core   0: 0x8000ca7a (0x020f5803) lhu     a6, 32(t5)
core   0: 0 0x8000ca7a (0x020f5803) x16 0x0000797a mem 0x80022ac1 mem 0x80022ac2
core   0: 0x8000ca7e (0xffff4303) lbu     t1, -1(t5)
core   0: 0 0x8000ca7e (0xffff4303) x6  0x0000005b mem 0x80022aa0
core   0: 0x8000ca82 (0x0001b697) auipc   a3, 0x1b
core   0: 0 0x8000ca82 (0x0001b697) x13 0x80027a82
core   0: 0x8000ca86 (0xe5068693) addi    a3, a3, -432
core   0: 0 0x8000ca86 (0xe5068693) x13 0x800278d2
core   0: 0x8000ca8a (0x0000f397) auipc   t2, 0xf
core   0: 0 0x8000ca8a (0x0000f397) x7  0x8001ba8a
core   0: 0x8000ca8e (0x39838393) addi    t2, t2, 920
core   0: 0 0x8000ca8e (0x39838393) x7  0x8001be22
core   0: 0x8000ca92 (0xfd33aea3) sw      s3, -35(t2)
core   0: 0 0x8000ca92 (0xfd33aea3) mem 0x8001bdff 0x0 mem 0x8001be00 0x0 mem 0x8001be01 0x0 mem 0x8001be02 0x80
core   0: 0x8000ca96 (0xfc239d23) sh      sp, -38(t2)
core   0: 0 0x8000ca96 (0xfc239d23) mem 0x8001bdfc 0x9895
core   0: 0x8000ca9a (0xfcf689a3) sb      a5, -45(a3)
core   0: 0 0x8000ca9a (0xfcf689a3) mem 0x800278a5 0xe7
core   0: 0x8000ca9e (0x0143d003) lhu     zero, 20(t2)
core   0: 0 0x8000ca9e (0x0143d003) mem 0x8001be36
core   0: 0x8000caa2 (0xfc76aa83) lw      s5, -57(a3)
core   0: 0 0x8000caa2 (0xfc76aa83) x21 0x57505152 mem 0x80027899 mem 0x8002789a mem 0x8002789b mem 0x8002789c
core   0: 0x8000caa6 (0x00c68823) sb      a2, 16(a3)
core   0: 0 0x8000caa6 (0x00c68823) mem 0x800278e2 0x40
core   0: 0x8000caaa (0xfee3c283) lbu     t0, -18(t2)
core   0: 0 0x8000caaa (0xfee3c283) x5  0x000000cb mem 0x8001be10
core   0: 0x8000caae (0x03468003) lb      zero, 52(a3)
core   0: 0 0x8000caae (0x03468003) mem 0x80027906
core   0: 0x8000cab2 (0xff13c883) lbu     a7, -15(t2)
core   0: 0 0x8000cab2 (0xff13c883) x17 0x000000c8 mem 0x8001be13
core   0: 0x8000cab6 (0x02369c23) sh      gp, 56(a3)
core   0: 0 0x8000cab6 (0x02369c23) mem 0x8002790a 0x0000
core   0: 0x8000caba (0xff2399a3) sh      s2, -13(t2)
core   0: 0 0x8000caba (0xff2399a3) mem 0x8001be15 0x4 mem 0x8001be16 0x0
core   0: 0x8000cabe (0x03968183) lb      gp, 57(a3)
core   0: 0 0x8000cabe (0x03968183) x3  0x00000000 mem 0x8002790b
core   0: 0x8000cac2 (0x01b6a803) lw      a6, 27(a3)
core   0: 0 0x8000cac2 (0x01b6a803) x16 0xaba4a5a6 mem 0x800278ed mem 0x800278ee mem 0x800278ef mem 0x800278f0
core   0: 0x8000cac6 (0xfff3a223) sw      t6, -28(t2)
core   0: 0 0x8000cac6 (0xfff3a223) mem 0x8001be06 0x0 mem 0x8001be07 0x0 mem 0x8001be08 0x0 mem 0x8001be09 0x80
core   0: 0x8000caca (0xfc438803) lb      a6, -60(t2)
core   0: 0 0x8000caca (0xfc438803) x16 0xffffff9d mem 0x8001bde6
core   0: 0x8000cace (0x0000c2a4) c.sw    s1, 64(a3)
core   0: 0 0x8000cace (0xc2a4) mem 0x80027912 0xf mem 0x80027913 0xe2 mem 0x80027914 0x44 mem 0x80027915 0xf9
core   0: 0x8000cad0 (0x0000fa97) auipc   s5, 0xf
core   0: 0 0x8000cad0 (0x0000fa97) x21 0x8001bad0
core   0: 0x8000cad4 (0xbdfa8a93) addi    s5, s5, -1057
core   0: 0 0x8000cad4 (0xbdfa8a93) x21 0x8001b6af
core   0: 0x8000cad8 (0xeafad383) lhu     t2, -337(s5)
core   0: 0 0x8000cad8 (0xeafad383) x7  0x00001415 mem 0x8001b55e
core   0: 0x8000cadc (0x00000f86) c.slli  t6, 1
core   0: 0 0x8000cadc (0x0f86) x31 0x00000000
core   0: 0x8000cade (0x646a9a03) lh      s4, 1606(s5)
core   0: 0 0x8000cade (0x646a9a03) x20 0xffffadae mem 0x8001bcf5 mem 0x8001bcf6
core   0: 0x8000cae2 (0xedfaa203) lw      tp, -289(s5)
core   0: 0 0x8000cae2 (0xedfaa203) x4  0x4a4b4445 mem 0x8001b58e mem 0x8001b58f mem 0x8001b590 mem 0x8001b591
core   0: 0x8000cae6 (0x0000100f) fence.i
core   0: 0 0x8000cae6 (0x0000100f)
core   0: 0x8000caea (0xf23a8683) lb      a3, -221(s5)
core   0: 0 0x8000caea (0xf23a8683) x13 0xffffff89 mem 0x8001b5d2
core   0: 0x8000caee (0x03307e33) remu    t3, zero, s3
core   0: 0 0x8000caee (0x03307e33) x28 0x00000000
core   0: 0x8000caf2 (0x0052dd33) srl     s10, t0, t0
core   0: 0 0x8000caf2 (0x0052dd33) x26 0x00000000
core   0: 0x8000caf6 (0x03dad933) divu    s2, s5, t4
core   0: 0 0x8000caf6 (0x03dad933) x18 0x00000000
core   0: 0x8000cafa (0x00a21893) slli    a7, tp, 10
core   0: 0 0x8000cafa (0x00a21893) x17 0x2d111400
core   0: 0x8000cafe (0xcd3ade83) lhu     t4, -813(s5)
core   0: 0 0x8000cafe (0xcd3ade83) x29 0x00003839 mem 0x8001b382
core   0: 0x8000cb02 (0x001cf433) and     s0, s9, ra
core   0: 0 0x8000cb02 (0x001cf433) x8  0x0000000e
core   0: 0x8000cb06 (0x0000100f) fence.i
core   0: 0 0x8000cb06 (0x0000100f)
core   0: 0x8000cb0a (0x0fea9683) lh      a3, 254(s5)
core   0: 0 0x8000cb0a (0x0fea9683) x13 0x00006566 mem 0x8001b7ad mem 0x8001b7ae
core   0: 0x8000cb0e (0x40d9db13) srai    s6, s3, 13
core   0: 0 0x8000cb0e (0x40d9db13) x22 0xfffc0000
core   0: 0x8000cb12 (0x412c0333) sub     t1, s8, s2
core   0: 0 0x8000cb12 (0x412c0333) x6  0x00000002
core   0: 0x8000cb16 (0x01a849b3) xor     s3, a6, s10
core   0: 0 0x8000cb16 (0x01a849b3) x19 0xffffff9d
core   0: 0x8000cb1a (0x19a20eb7) lui     t4, 0x19a20
core   0: 0 0x8000cb1a (0x19a20eb7) x29 0x19a20000
core   0: 0x8000cb1e (0x6afac183) lbu     gp, 1711(s5)
core   0: 0 0x8000cb1e (0x6afac183) x3  0x00000015 mem 0x8001bd5e
core   0: 0x8000cb22 (0x140aa783) lw      a5, 320(s5)
core   0: 0 0x8000cb22 (0x140aa783) x15 0xa9aaaba4 mem 0x8001b7ef mem 0x8001b7f0 mem 0x8001b7f1 mem 0x8001b7f2
core   0: 0x8000cb26 (0xca0d8d13) addi    s10, s11, -864
core   0: 0 0x8000cb26 (0xca0d8d13) x26 0xfffffca0
core   0: 0x8000cb2a (0x00008c31) c.xor   s0, a2
core   0: 0 0x8000cb2a (0x8c31) x8  0x80030e4e
core   0: 0x8000cb2c (0x02e8ebb3) rem     s7, a7, a4
core   0: 0 0x8000cb2c (0x02e8ebb3) x23 0x2d111400
core   0: 0x8000cb30 (0x49ba80a3) sb      s11, 1153(s5)
core   0: 0 0x8000cb30 (0x49ba80a3) mem 0x8001bb30 0x0
core   0: 0x8000cb34 (0x066ad383) lhu     t2, 102(s5)
core   0: 0 0x8000cb34 (0x066ad383) x7  0x0000cdce mem 0x8001b715 mem 0x8001b716
core   0: 0x8000cb38 (0x0189a033) slt     zero, s3, s8
core   0: 0 0x8000cb38 (0x0189a033)
core   0: 0x8000cb3c (0x0000100f) fence.i
core   0: 0 0x8000cb3c (0x0000100f)
core   0: 0x8000cb40 (0x00008d69) c.and   a0, a0
core   0: 0 0x8000cb40 (0x8d69) x10 0x00000000
core   0: 0x8000cb42 (0x00000001) c.nop
core   0: 0 0x8000cb42 (0x0001)
core   0: 0x8000cb44 (0x00008599) c.srai  a1, 6
core   0: 0 0x8000cb44 (0x8599) x11 0xffc31536
core   0: 0x8000cb46 (0x3e5aa7a3) sw      t0, 1007(s5)
core   0: 0 0x8000cb46 (0x3e5aa7a3) mem 0x8001ba9e 0xcb mem 0x8001ba9f 0x0 mem 0x8001baa0 0x0 mem 0x8001baa1 0x0
core   0: 0x8000cb4a (0x000083b1) c.srli  a5, 12
core   0: 0 0x8000cb4a (0x83b1) x15 0x000a9aaa
core   0: 0x8000cb4c (0x000045dd) c.li    a1, 23
core   0: 0 0x8000cb4c (0x45dd) x11 0x00000017
core   0: 0x8000cb4e (0x01241c33) sll     s8, s0, s2
core   0: 0 0x8000cb4e (0x01241c33) x24 0x80030e4e
core   0: 0x8000cb52 (0xa6ca8003) lb      zero, -1428(s5)
core   0: 0 0x8000cb52 (0xa6ca8003) mem 0x8001b11b
core   0: 0x8000cb56 (0x00016a97) auipc   s5, 0x16
core   0: 0 0x8000cb56 (0x00016a97) x21 0x80022b56
core   0: 0x8000cb5a (0xb59a8a93) addi    s5, s5, -1191
core   0: 0 0x8000cb5a (0xb59a8a93) x21 0x800226af
core   0: 0x8000cb5e (0x000082d1) c.srli  a3, 20
core   0: 0 0x8000cb5e (0x82d1) x13 0x00000000
core   0: 0x8000cb60 (0x560aa583) lw      a1, 1376(s5)
core   0: 0 0x8000cb60 (0x560aa583) x11 0xc9cacbc4 mem 0x80022c0f mem 0x80022c10 mem 0x80022c11 mem 0x80022c12
core   0: 0x8000cb64 (0x009913b3) sll     t2, s2, s1
core   0: 0 0x8000cb64 (0x009913b3) x7  0x00000000
core   0: 0x8000cb68 (0x40365493) srai    s1, a2, 3
core   0: 0 0x8000cb68 (0x40365493) x9  0xf00061c8
core   0: 0x8000cb6c (0x00008e99) c.sub   a3, a4
core   0: 0 0x8000cb6c (0x8e99) x13 0x7ffcb31c
core   0: 0x8000cb6e (0x8cfadd03) lhu     s10, -1841(s5)
core   0: 0 0x8000cb6e (0x8cfadd03) x26 0x00003435 mem 0x80021f7e
core   0: 0x8000cb72 (0x79cacd83) lbu     s11, 1948(s5)
core   0: 0 0x8000cb72 (0x79cacd83) x27 0x00000000 mem 0x80022e4b
core   0: 0x8000cb76 (0x3f21b893) sltiu   a7, gp, 1010
core   0: 0 0x8000cb76 (0x3f21b893) x17 0x00000001
core   0: 0x8000cb7a (0xf50a8723) sb      a6, -178(s5)
core   0: 0 0x8000cb7a (0xf50a8723) mem 0x800225fd 0x9d
core   0: 0x8000cb7e (0x0302a7b3) mulhsu  a5, t0, a6
core   0: 0 0x8000cb7e (0x0302a7b3) x15 0x000000ca
core   0: 0x8000cb82 (0xcd4a84a3) sb      s4, -823(s5)
core   0: 0 0x8000cb82 (0xcd4a84a3) mem 0x80022378 0xae
core   0: 0x8000cb86 (0xa1aaaea3) sw      s10, -1507(s5)
core   0: 0 0x8000cb86 (0xa1aaaea3) mem 0x800220cc 0x00003435
core   0: 0x8000cb8a (0xc1fd5a37) lui     s4, 0xc1fd5
core   0: 0 0x8000cb8a (0xc1fd5a37) x20 0xc1fd5000
core   0: 0x8000cb8e (0x368ad883) lhu     a7, 872(s5)
core   0: 0 0x8000cb8e (0x368ad883) x17 0x0000d3cc mem 0x80022a17 mem 0x80022a18
core   0: 0x8000cb92 (0x000090de) c.add   ra, s7
core   0: 0 0x8000cb92 (0x90de) x1  0xad1146ce
core   0: 0x8000cb94 (0x337aa303) lw      t1, 823(s5)
core   0: 0 0x8000cb94 (0x337aa303) x6  0xa2a39c9d mem 0x800229e6 mem 0x800229e7 mem 0x800229e8 mem 0x800229e9
core   0: 0x8000cb98 (0x00000001) c.nop
core   0: 0 0x8000cb98 (0x0001)
core   0: 0x8000cb9a (0x00008dd5) c.or    a1, a3
core   0: 0 0x8000cb9a (0x8dd5) x11 0xfffefbdc
core   0: 0x8000cb9c (0x31314b13) xori    s6, sp, 787
core   0: 0 0x8000cb9c (0x31314b13) x22 0xf5e39b86
core   0: 0x8000cba0 (0xc41a9483) lh      s1, -959(s5)
core   0: 0 0x8000cba0 (0xc41a9483) x9  0xffffaaab mem 0x800222f0
core   0: 0x8000cba4 (0x003bd5b3) srl     a1, s7, gp
core   0: 0 0x8000cba4 (0x003bd5b3) x11 0x00000168
core   0: 0x8000cba8 (0x02f1aeb3) mulhsu  t4, gp, a5
core   0: 0 0x8000cba8 (0x02f1aeb3) x29 0x00000000
core   0: 0x8000cbac (0xce5a8e23) sb      t0, -772(s5)
core   0: 0 0x8000cbac (0xce5a8e23) mem 0x800223ab 0xcb
core   0: 0x8000cbb0 (0x00000e1e) c.slli  t3, 7
core   0: 0 0x8000cbb0 (0x0e1e) x28 0x00000000
core   0: 0x8000cbb2 (0x000010fd) c.addi  ra, -1
core   0: 0 0x8000cbb2 (0x10fd) x1  0xad1146cd
core   0: 0x8000cbb4 (0x3a7ac683) lbu     a3, 935(s5)
core   0: 0 0x8000cbb4 (0x3a7ac683) x13 0x0000000d mem 0x80022a56
core   0: 0x8000cbb8 (0x663acd83) lbu     s11, 1635(s5)
core   0: 0 0x8000cbb8 (0x663acd83) x27 0x000000c9 mem 0x80022d12
core   0: 0x8000cbbc (0x1f6aac23) sw      s6, 504(s5)
core   0: 0 0x8000cbbc (0x1f6aac23) mem 0x800228a7 0x86 mem 0x800228a8 0x9b mem 0x800228a9 0xe3 mem 0x800228aa 0xf5
core   0: 0x8000cbc0 (0x032bbd33) mulhu   s10, s7, s2
core   0: 0 0x8000cbc0 (0x032bbd33) x26 0x00000000
core   0: 0x8000cbc4 (0x2ada83a3) sb      a3, 679(s5)
core   0: 0 0x8000cbc4 (0x2ada83a3) mem 0x80022956 0xd
core   0: 0x8000cbc8 (0xa40a9ea3) sh      zero, -1443(s5)
core   0: 0 0x8000cbc8 (0xa40a9ea3) mem 0x8002210c 0x0000
core   0: 0x8000cbcc (0x008240b3) xor     ra, tp, s0
core   0: 0 0x8000cbcc (0x008240b3) x1  0xca484a0b
core   0: 0x8000cbd0 (0x353aac83) lw      s9, 851(s5)
core   0: 0 0x8000cbd0 (0x353aac83) x25 0xbebfb8b9 mem 0x80022a02 mem 0x80022a03 mem 0x80022a04 mem 0x80022a05
core   0: 0x8000cbd4 (0xf88a9323) sh      s0, -122(s5)
core   0: 0 0x8000cbd4 (0xf88a9323) mem 0x80022635 0x4e mem 0x80022636 0xe
core   0: 0x8000cbd8 (0x04aaa5a3) sw      a0, 75(s5)
core   0: 0 0x8000cbd8 (0x04aaa5a3) mem 0x800226fa 0x0 mem 0x800226fb 0x0 mem 0x800226fc 0x0 mem 0x800226fd 0x0
core   0: 0x8000cbdc (0x00000001) c.nop
core   0: 0 0x8000cbdc (0x0001)
core   0: 0x8000cbde (0xcf1aaa03) lw      s4, -783(s5)
core   0: 0 0x8000cbde (0xcf1aaa03) x20 0x58595a5b mem 0x800223a0
core   0: 0x8000cbe2 (0x000bd993) srli    s3, s7, 0
core   0: 0 0x8000cbe2 (0x000bd993) x19 0x2d111400
core   0: 0x8000cbe6 (0x01ab1313) slli    t1, s6, 26
core   0: 0 0x8000cbe6 (0x01ab1313) x6  0x18000000
core   0: 0x8000cbea (0x59ca8e83) lb      t4, 1436(s5)
core   0: 0 0x8000cbea (0x59ca8e83) x29 0x00000000 mem 0x80022c4b
core   0: 0x8000cbee (0x02193933) mulhu   s2, s2, ra
core   0: 0 0x8000cbee (0x02193933) x18 0x00000000
core   0: 0x8000cbf2 (0x21ba8ca3) sb      s11, 537(s5)
core   0: 0 0x8000cbf2 (0x21ba8ca3) mem 0x800228c8 0xc9
core   0: 0x8000cbf6 (0xae3a9f23) sh      gp, -1282(s5)
core   0: 0 0x8000cbf6 (0xae3a9f23) mem 0x800221ad 0x15 mem 0x800221ae 0x0
core   0: 0x8000cbfa (0x3dea8503) lb      a0, 990(s5)
core   0: 0 0x8000cbfa (0x3dea8503) x10 0x00000046 mem 0x80022a8d
core   0: 0x8000cbfe (0x00013497) auipc   s1, 0x13
core   0: 0 0x8000cbfe (0x00013497) x9  0x8001fbfe
core   0: 0x8000cc02 (0x3d948493) addi    s1, s1, 985
core   0: 0 0x8000cc02 (0x3d948493) x9  0x8001ffd7
core   0: 0x8000cc06 (0x033951b3) divu    gp, s2, s3
core   0: 0 0x8000cc06 (0x033951b3) x3  0x00000000
core   0: 0x8000cc0a (0x000099fd) c.andi  a1, -1
core   0: 0 0x8000cc0a (0x99fd) x11 0x00000168
core   0: 0x8000cc0c (0xe22e0593) addi    a1, t3, -478
core   0: 0 0x8000cc0c (0xe22e0593) x11 0xfffffe22
core   0: 0x8000cc10 (0x0044c303) lbu     t1, 4(s1)
core   0: 0 0x8000cc10 (0x0044c303) x6  0x00000090 mem 0x8001ffdb
core   0: 0x8000cc14 (0x0ff0000f) fence   iorw,iorw
core   0: 0 0x8000cc14 (0x0ff0000f)
core   0: 0x8000cc18 (0x00d4dc83) lhu     s9, 13(s1)
core   0: 0 0x8000cc18 (0x00d4dc83) x25 0x00009e9f mem 0x8001ffe4
core   0: 0x8000cc1c (0x00f4d003) lhu     zero, 15(s1)
core   0: 0 0x8000cc1c (0x00f4d003) mem 0x8001ffe6
core   0: 0x8000cc20 (0xffb4a783) lw      a5, -5(s1)
core   0: 0 0x8000cc20 (0xffb4a783) x15 0x8e8f8889 mem 0x8001ffd2 mem 0x8001ffd3 mem 0x8001ffd4 mem 0x8001ffd5
core   0: 0x8000cc24 (0xffb49b03) lh      s6, -5(s1)
core   0: 0 0x8000cc24 (0xffb49b03) x22 0xffff8889 mem 0x8001ffd2
core   0: 0x8000cc28 (0x00d4ca83) lbu     s5, 13(s1)
core   0: 0 0x8000cc28 (0x00d4ca83) x21 0x0000009f mem 0x8001ffe4
core   0: 0x8000cc2c (0x00008c69) c.and   s0, a0
core   0: 0 0x8000cc2c (0x8c69) x8  0x00000046
core   0: 0x8000cc2e (0xff44d203) lhu     tp, -12(s1)
core   0: 0 0x8000cc2e (0xff44d203) x4  0x00008780 mem 0x8001ffcb mem 0x8001ffcc
core   0: 0x8000cc32 (0x0014ad83) lw      s11, 1(s1)
core   0: 0 0x8000cc32 (0x0014ad83) x27 0x90919293 mem 0x8001ffd8
core   0: 0x8000cc36 (0x02e7cb33) div     s6, a5, a4
core   0: 0 0x8000cc36 (0x02e7cb33) x22 0x00000000
core   0: 0x8000cc3a (0x000009cd) c.addi  s3, 19
core   0: 0 0x8000cc3a (0x09cd) x19 0x2d111413
core   0: 0x8000cc3c (0x0ff0000f) fence   iorw,iorw
core   0: 0 0x8000cc3c (0x0ff0000f)
core   0: 0x8000cc40 (0xffb4cd83) lbu     s11, -5(s1)
core   0: 0 0x8000cc40 (0xffb4cd83) x27 0x00000089 mem 0x8001ffd2
core   0: 0x8000cc44 (0xff84cb03) lbu     s6, -8(s1)
core   0: 0 0x8000cc44 (0xff84cb03) x22 0x00000084 mem 0x8001ffcf
core   0: 0x8000cc48 (0x0004d083) lhu     ra, 0(s1)
core   0: 0 0x8000cc48 (0x0004d083) x1  0x0000938c mem 0x8001ffd7 mem 0x8001ffd8
core   0: 0x8000cc4c (0x00848883) lb      a7, 8(s1)
core   0: 0 0x8000cc4c (0x00848883) x17 0xffffff94 mem 0x8001ffdf
core   0: 0x8000cc50 (0x000051fd) c.li    gp, -1
core   0: 0 0x8000cc50 (0x51fd) x3  0xffffffff
core   0: 0x8000cc52 (0x00d49c83) lh      s9, 13(s1)
core   0: 0 0x8000cc52 (0x00d49c83) x25 0xffff9e9f mem 0x8001ffe4
core   0: 0x8000cc56 (0x1041f993) andi    s3, gp, 260
core   0: 0 0x8000cc56 (0x1041f993) x19 0x00000104
core   0: 0x8000cc5a (0xfff4d083) lhu     ra, -1(s1)
core   0: 0 0x8000cc5a (0xfff4d083) x1  0x00008c8d mem 0x8001ffd6
core   0: 0x8000cc5e (0x0000100f) fence.i
core   0: 0 0x8000cc5e (0x0000100f)
core   0: 0x8000cc62 (0x01a4a3a3) sw      s10, 7(s1)
core   0: 0 0x8000cc62 (0x01a4a3a3) mem 0x8001ffde 0x0 mem 0x8001ffdf 0x0 mem 0x8001ffe0 0x0 mem 0x8001ffe1 0x0
core   0: 0x8000cc66 (0x00e4aa83) lw      s5, 14(s1)
core   0: 0 0x8000cc66 (0x00e4aa83) x21 0xa39c9d9e mem 0x8001ffe5 mem 0x8001ffe6 mem 0x8001ffe7 mem 0x8001ffe8
core   0: 0x8000cc6a (0x01ccd193) srli    gp, s9, 28
core   0: 0 0x8000cc6a (0x01ccd193) x3  0x0000000f
core   0: 0x8000cc6e (0x000bc1b3) xor     gp, s7, zero
core   0: 0 0x8000cc6e (0x000bc1b3) x3  0x2d111400
core   0: 0x8000cc72 (0xff74d503) lhu     a0, -9(s1)
core   0: 0 0x8000cc72 (0xff74d503) x10 0x00008485 mem 0x8001ffce
core   0: 0x8000cc76 (0xff94de03) lhu     t3, -7(s1)
core   0: 0 0x8000cc76 (0xff94de03) x28 0x00008a8b mem 0x8001ffd0
core   0: 0x8000cc7a (0x40d55033) sra     zero, a0, a3
core   0: 0 0x8000cc7a (0x40d55033)
core   0: 0x8000cc7e (0xffd48ba3) sb      t4, -9(s1)
core   0: 0 0x8000cc7e (0xffd48ba3) mem 0x8001ffce 0x0
core   0: 0x8000cc82 (0x0001ef17) auipc   t5, 0x1e
core   0: 0 0x8000cc82 (0x0001ef17) x30 0x8002ac82
core   0: 0x8000cc86 (0x3edf0f13) addi    t5, t5, 1005
core   0: 0 0x8000cc86 (0x3edf0f13) x30 0x8002b06f
core   0: 0x8000cc8a (0xd6cf0723) sb      a2, -658(t5)
core   0: 0 0x8000cc8a (0xd6cf0723) mem 0x8002addd 0x40
core   0: 0x8000cc8e (0xd6ef1983) lh      s3, -658(t5)
core   0: 0 0x8000cc8e (0xd6ef1983) x19 0xffff9540 mem 0x8002addd mem 0x8002adde
core   0: 0x8000cc92 (0xd6ef5983) lhu     s3, -658(t5)
core   0: 0 0x8000cc92 (0xd6ef5983) x19 0x00009540 mem 0x8002addd mem 0x8002adde
core   0: 0x8000cc96 (0x00000eb9) c.addi  t4, 14
core   0: 0 0x8000cc96 (0x0eb9) x29 0x0000000e
core   0: 0x8000cc98 (0xd6ef1a03) lh      s4, -658(t5)
core   0: 0 0x8000cc98 (0xd6ef1a03) x20 0xffff9540 mem 0x8002addd mem 0x8002adde
core   0: 0x8000cc9c (0xd6ef0e83) lb      t4, -658(t5)
core   0: 0 0x8000cc9c (0xd6ef0e83) x29 0x00000040 mem 0x8002addd
core   0: 0x8000cca0 (0xaa9f12a3) sh      s1, -1371(t5)
core   0: 0 0x8000cca0 (0xaa9f12a3) mem 0x8002ab14 0xffd7
core   0: 0x8000cca4 (0xaa5f4883) lbu     a7, -1371(t5)
core   0: 0 0x8000cca4 (0xaa5f4883) x17 0x000000d7 mem 0x8002ab14
core   0: 0x8000cca8 (0xaa5f5c03) lhu     s8, -1371(t5)
core   0: 0 0x8000cca8 (0xaa5f5c03) x24 0x0000ffd7 mem 0x8002ab14
core   0: 0x8000ccac (0x000061f5) c.lui   gp, 0x1d
core   0: 0 0x8000ccac (0x61f5) x3  0x0001d000
core   0: 0x8000ccae (0x4bcf2a03) lw      s4, 1212(t5)
core   0: 0 0x8000ccae (0x4bcf2a03) x20 0xe5e6e7e0 mem 0x8002b52b mem 0x8002b52c mem 0x8002b52d mem 0x8002b52e
core   0: 0x8000ccb2 (0x4bcf2e23) sw      t3, 1212(t5)
core   0: 0 0x8000ccb2 (0x4bcf2e23) mem 0x8002b52b 0x8b mem 0x8002b52c 0x8a mem 0x8002b52d 0x0 mem 0x8002b52e 0x0
core   0: 0x8000ccb6 (0x325f2b03) lw      s6, 805(t5)
core   0: 0 0x8000ccb6 (0x325f2b03) x22 0x4c4d4e4f mem 0x8002b394
core   0: 0x8000ccba (0x325f5403) lhu     s0, 805(t5)
core   0: 0 0x8000ccba (0x325f5403) x8  0x00004e4f mem 0x8002b394
core   0: 0x8000ccbe (0x0001f597) auipc   a1, 0x1f
core   0: 0 0x8000ccbe (0x0001f597) x11 0x8002bcbe
core   0: 0x8000ccc2 (0x04158593) addi    a1, a1, 65
core   0: 0 0x8000ccc2 (0x04158593) x11 0x8002bcff
core   0: 0x8000ccc6 (0x07c59503) lh      a0, 124(a1)
core   0: 0 0x8000ccc6 (0x07c59503) x10 0x00003730 mem 0x8002bd7b mem 0x8002bd7c
core   0: 0x8000ccca (0x0000ec97) auipc   s9, 0xe
core   0: 0 0x8000ccca (0x0000ec97) x25 0x8001acca
core   0: 0x8000ccce (0x601c8c93) addi    s9, s9, 1537
core   0: 0 0x8000ccce (0x601c8c93) x25 0x8001b2cb
core   0: 0x8000ccd2 (0x04acc403) lbu     s0, 74(s9)
core   0: 0 0x8000ccd2 (0x04acc403) x8  0x000000ce mem 0x8001b315
core   0: 0x8000ccd6 (0xf2ec9e23) sh      a4, -196(s9)
core   0: 0 0x8000ccd6 (0xf2ec9e23) mem 0x8001b207 0xe4 mem 0x8001b208 0x4c
core   0: 0x8000ccda (0x099c9da3) sh      s9, 155(s9)
core   0: 0 0x8000ccda (0x099c9da3) mem 0x8001b366 0xb2cb
core   0: 0x8000ccde (0xfad5d903) lhu     s2, -83(a1)
core   0: 0 0x8000ccde (0xfad5d903) x18 0x00006667 mem 0x8002bcac
core   0: 0x8000cce2 (0x012ccb83) lbu     s7, 18(s9)
core   0: 0 0x8000cce2 (0x012ccb83) x23 0x00000096 mem 0x8001b2dd
core   0: 0x8000cce6 (0xff75a283) lw      t0, -9(a1)
core   0: 0 0x8000cce6 (0xff75a283) x5  0xb2b3acad mem 0x8002bcf6 mem 0x8002bcf7 mem 0x8002bcf8 mem 0x8002bcf9
core   0: 0x8000ccea (0x00bc9123) sh      a1, 2(s9)
core   0: 0 0x8000ccea (0x00bc9123) mem 0x8001b2cd 0xff mem 0x8001b2ce 0xbc
core   0: 0x8000ccee (0x04458683) lb      a3, 68(a1)
core   0: 0 0x8000ccee (0x04458683) x13 0xfffffff8 mem 0x8002bd43
core   0: 0x8000ccf2 (0x0d4cda83) lhu     s5, 212(s9)
core   0: 0 0x8000ccf2 (0x0d4cda83) x21 0x00005b54 mem 0x8001b39f mem 0x8001b3a0
core   0: 0x8000ccf6 (0xf9559e83) lh      t4, -107(a1)
core   0: 0 0x8000ccf6 (0xf9559e83) x29 0x00004e4f mem 0x8002bc94
core   0: 0x8000ccfa (0xf575ae03) lw      t3, -169(a1)
core   0: 0 0x8000ccfa (0xf575ae03) x28 0x12130c0d mem 0x8002bc56 mem 0x8002bc57 mem 0x8002bc58 mem 0x8002bc59
core   0: 0x8000ccfe (0xfa15a823) sw      ra, -80(a1)
core   0: 0 0x8000ccfe (0xfa15a823) mem 0x8002bcaf 0x8d mem 0x8002bcb0 0x8c mem 0x8002bcb1 0x0 mem 0x8002bcb2 0x0
core   0: 0x8000cd02 (0x032c8383) lb      t2, 50(s9)
core   0: 0 0x8000cd02 (0x032c8383) x7  0xffffffb6 mem 0x8001b2fd
core   0: 0x8000cd06 (0x094c9c03) lh      s8, 148(s9)
core   0: 0 0x8000cd06 (0x094c9c03) x24 0x00001b14 mem 0x8001b35f mem 0x8001b360
core   0: 0x8000cd0a (0x0000f797) auipc   a5, 0xf
core   0: 0 0x8000cd0a (0x0000f797) x15 0x8001bd0a
core   0: 0x8000cd0e (0x1c578793) addi    a5, a5, 453
core   0: 0 0x8000cd0e (0x1c578793) x15 0x8001becf
core   0: 0x8000cd12 (0x0000100f) fence.i
core   0: 0 0x8000cd12 (0x0000100f)
core   0: 0x8000cd16 (0x0cf79e23) sh      a5, 220(a5)
core   0: 0 0x8000cd16 (0x0cf79e23) mem 0x8001bfab 0xcf mem 0x8001bfac 0xbe
core   0: 0x8000cd1a (0xf3778803) lb      a6, -201(a5)
core   0: 0 0x8000cd1a (0xf3778803) x16 0x00000000 mem 0x8001be06
core   0: 0x8000cd1e (0x0e47d983) lhu     s3, 228(a5)
core   0: 0 0x8000cd1e (0x0e47d983) x19 0x00006f68 mem 0x8001bfb3 mem 0x8001bfb4
core   0: 0x8000cd22 (0x011378b3) and     a7, t1, a7
core   0: 0 0x8000cd22 (0x011378b3) x17 0x00000090
core   0: 0x8000cd26 (0x00006329) c.lui   t1, 0xa
core   0: 0 0x8000cd26 (0x6329) x6  0x0000a000
core   0: 0x8000cd28 (0x03a55db3) divu    s11, a0, s10
core   0: 0 0x8000cd28 (0x03a55db3) x27 0xffffffff
core   0: 0x8000cd2c (0x01cf5993) srli    s3, t5, 28
core   0: 0 0x8000cd2c (0x01cf5993) x19 0x00000008
core   0: 0x8000cd30 (0xf167ad23) sw      s6, -230(a5)
core   0: 0 0x8000cd30 (0xf167ad23) mem 0x8001bde9 0x4f mem 0x8001bdea 0x4e mem 0x8001bdeb 0x4d mem 0x8001bdec 0x4c
core   0: 0x8000cd34 (0x01ba5d33) srl     s10, s4, s11
core   0: 0 0x8000cd34 (0x01ba5d33) x26 0x00000001
core   0: 0x8000cd38 (0xf3f7d683) lhu     a3, -193(a5)
core   0: 0 0x8000cd38 (0xf3f7d683) x13 0x0000c4c5 mem 0x8001be0e
core   0: 0x8000cd3c (0x018772b3) and     t0, a4, s8
core   0: 0 0x8000cd3c (0x018772b3) x5  0x00000804
core   0: 0x8000cd40 (0xf4878c83) lb      s9, -184(a5)
core   0: 0 0x8000cd40 (0xf4878c83) x25 0xffffffcc mem 0x8001be17
core   0: 0x8000cd44 (0x030774b3) remu    s1, a4, a6
core   0: 0 0x8000cd44 (0x030774b3) x9  0x80034ce4
core   0: 0x8000cd48 (0xf677a403) lw      s0, -153(a5)
core   0: 0 0x8000cd48 (0xf677a403) x8  0xf2f3eced mem 0x8001be36 mem 0x8001be37 mem 0x8001be38 mem 0x8001be39
core   0: 0x8000cd4c (0x00009b9e) c.add   s7, t2
core   0: 0 0x8000cd4c (0x9b9e) x23 0x0000004c
core   0: 0x8000cd4e (0x01c85033) srl     zero, a6, t3
core   0: 0 0x8000cd4e (0x01c85033)
core   0: 0x8000cd52 (0xf8979303) lh      t1, -119(a5)
core   0: 0 0x8000cd52 (0xf8979303) x6  0x00001213 mem 0x8001be58
core   0: 0x8000cd56 (0x09e7a903) lw      s2, 158(a5)
core   0: 0 0x8000cd56 (0x09e7a903) x18 0x2b242526 mem 0x8001bf6d mem 0x8001bf6e mem 0x8001bf6f mem 0x8001bf70
core   0: 0x8000cd5a (0xfef79a23) sh      a5, -12(a5)
core   0: 0 0x8000cd5a (0xfef79a23) mem 0x8001bec3 0xcf mem 0x8001bec4 0xbe
core   0: 0x8000cd5e (0x000041d1) c.li    gp, 20
core   0: 0 0x8000cd5e (0x41d1) x3  0x00000014
core   0: 0x8000cd60 (0x03854cb3) div     s9, a0, s8
core   0: 0 0x8000cd60 (0x03854cb3) x25 0x00000002
core   0: 0x8000cd64 (0xfa97d803) lhu     a6, -87(a5)
core   0: 0 0x8000cd64 (0xfa97d803) x16 0x00003233 mem 0x8001be78
core   0: 0x8000cd68 (0xd0322893) slti    a7, tp, -765
core   0: 0 0x8000cd68 (0xd0322893) x17 0x00000000
core   0: 0x8000cd6c (0xf1e7d883) lhu     a7, -226(a5)
core   0: 0 0x8000cd6c (0xf1e7d883) x17 0x0000a5a6 mem 0x8001bded mem 0x8001bdee
core   0: 0x8000cd70 (0x0927cb83) lbu     s7, 146(a5)
core   0: 0 0x8000cd70 (0x0927cb83) x23 0x0000001a mem 0x8001bf61
core   0: 0x8000cd74 (0x3ffba193) slti    gp, s7, 1023
core   0: 0 0x8000cd74 (0x3ffba193) x3  0x00000001
core   0: 0x8000cd78 (0x01e675b3) and     a1, a2, t5
core   0: 0 0x8000cd78 (0x01e675b3) x11 0x80020040
core   0: 0x8000cd7c (0x0b47c303) lbu     t1, 180(a5)
core   0: 0 0x8000cd7c (0x0b47c303) x6  0x00000038 mem 0x8001bf83
core   0: 0x8000cd80 (0x0f27aa23) sw      s2, 244(a5)
core   0: 0 0x8000cd80 (0x0f27aa23) mem 0x8001bfc3 0x26 mem 0x8001bfc4 0x25 mem 0x8001bfc5 0x24 mem 0x8001bfc6 0x2b
core   0: 0x8000cd84 (0x00008c3a) c.mv    s8, a4
core   0: 0 0x8000cd84 (0x8c3a) x24 0x80034ce4
core   0: 0x8000cd86 (0x00005efd) c.li    t4, -1
core   0: 0 0x8000cd86 (0x5efd) x29 0xffffffff
core   0: 0x8000cd88 (0xfd979183) lh      gp, -39(a5)
core   0: 0 0x8000cd88 (0xfd979183) x3  0x00006263 mem 0x8001bea8
core   0: 0x8000cd8c (0x000088cd) c.andi  s1, 19
core   0: 0 0x8000cd8c (0x88cd) x9  0x00000000
core   0: 0x8000cd8e (0xf937de83) lhu     t4, -109(a5)
core   0: 0 0x8000cd8e (0xf937de83) x29 0x00001819 mem 0x8001be62
core   0: 0x8000cd92 (0x0ee79683) lh      a3, 238(a5)
core   0: 0 0x8000cd92 (0x0ee79683) x13 0x00007576 mem 0x8001bfbd mem 0x8001bfbe
core   0: 0x8000cd96 (0x0001ef17) auipc   t5, 0x1e
core   0: 0 0x8000cd96 (0x0001ef17) x30 0x8002ad96
core   0: 0x8000cd9a (0x165f0f13) addi    t5, t5, 357
core   0: 0 0x8000cd9a (0x165f0f13) x30 0x8002aefb
core   0: 0x8000cd9e (0xfcbf1f83) lh      t6, -53(t5)
core   0: 0 0x8000cd9e (0xfcbf1f83) x31 0x00007c7d mem 0x8002aec6
core   0: 0x8000cda2 (0x02ba61b3) rem     gp, s4, a1
core   0: 0 0x8000cda2 (0x02ba61b3) x3  0xe5e6e7e0
core   0: 0x8000cda6 (0x00000c86) c.slli  s9, 1
core   0: 0 0x8000cda6 (0x0c86) x25 0x00000004
core   0: 0x8000cda8 (0x0054e6b3) or      a3, s1, t0
core   0: 0 0x8000cda8 (0x0054e6b3) x13 0x00000804
core   0: 0x8000cdac (0xfe0f1e23) sh      zero, -4(t5)
core   0: 0 0x8000cdac (0xfe0f1e23) mem 0x8002aef7 0x0 mem 0x8002aef8 0x0
core   0: 0x8000cdb0 (0x4018df93) srai    t6, a7, 1
core   0: 0 0x8000cdb0 (0x4018df93) x31 0x000052d3
core   0: 0x8000cdb4 (0x0bcf0b03) lb      s6, 188(t5)
core   0: 0 0x8000cdb4 (0x0bcf0b03) x22 0x0000006c mem 0x8002afb7
core   0: 0x8000cdb8 (0x01f35893) srli    a7, t1, 31
core   0: 0 0x8000cdb8 (0x01f35893) x17 0x00000000
core   0: 0x8000cdbc (0xf5af1383) lh      t2, -166(t5)
core   0: 0 0x8000cdbc (0xf5af1383) x7  0x00000d0e mem 0x8002ae55 mem 0x8002ae56
core   0: 0x8000cdc0 (0x066f5903) lhu     s2, 102(t5)
core   0: 0 0x8000cdc0 (0x066f5903) x18 0x0000191a mem 0x8002af61 mem 0x8002af62
core   0: 0x8000cdc4 (0x008f0223) sb      s0, 4(t5)
core   0: 0 0x8000cdc4 (0x008f0223) mem 0x8002aeff 0xed
core   0: 0x8000cdc8 (0x00008139) c.srli  a0, 14
core   0: 0 0x8000cdc8 (0x8139) x10 0x00000000
core   0: 0x8000cdca (0x094f2023) sw      s4, 128(t5)
core   0: 0 0x8000cdca (0x094f2023) mem 0x8002af7b 0xe0 mem 0x8002af7c 0xe7 mem 0x8002af7d 0xe6 mem 0x8002af7e 0xe5
core   0: 0x8000cdce (0x0ff0000f) fence   iorw,iorw
core   0: 0 0x8000cdce (0x0ff0000f)
core   0: 0x8000cdd2 (0x00ee5293) srli    t0, t3, 14
core   0: 0 0x8000cdd2 (0x00ee5293) x5  0x0000484c
core   0: 0x8000cdd6 (0x0e2f4e83) lbu     t4, 226(t5)
core   0: 0 0x8000cdd6 (0x0e2f4e83) x29 0x00000096 mem 0x8002afdd
core   0: 0x8000cdda (0xfa7f4b83) lbu     s7, -89(t5)
core   0: 0 0x8000cdda (0xfa7f4b83) x23 0x00000059 mem 0x8002aea2
core   0: 0x8000cdde (0x928d0b93) addi    s7, s10, -1752
core   0: 0 0x8000cdde (0x928d0b93) x23 0xfffff929
core   0: 0x8000cde2 (0xf18f2c03) lw      s8, -232(t5)
core   0: 0 0x8000cde2 (0xf18f2c03) x24 0xcdcecfc8 mem 0x8002ae13 mem 0x8002ae14 mem 0x8002ae15 mem 0x8002ae16
core   0: 0x8000cde6 (0xfb8f06a3) sb      s8, -83(t5)
core   0: 0 0x8000cde6 (0xfb8f06a3) mem 0x8002aea8 0xc8
core   0: 0x8000cdea (0x0a4f0b83) lb      s7, 164(t5)
core   0: 0 0x8000cdea (0x0a4f0b83) x23 0x00000054 mem 0x8002af9f
core   0: 0x8000cdee (0xff3f0483) lb      s1, -13(t5)
core   0: 0 0x8000cdee (0xff3f0483) x9  0xffffffa5 mem 0x8002aeee
core   0: 0x8000cdf2 (0xf3af21a3) sw      s10, -221(t5)
core   0: 0 0x8000cdf2 (0xf3af21a3) mem 0x8002ae1e 0x1 mem 0x8002ae1f 0x0 mem 0x8002ae20 0x0 mem 0x8002ae21 0x0
core   0: 0x8000cdf6 (0xf6df2f23) sw      a3, -130(t5)
core   0: 0 0x8000cdf6 (0xf6df2f23) mem 0x8002ae79 0x4 mem 0x8002ae7a 0x8 mem 0x8002ae7b 0x0 mem 0x8002ae7c 0x0
core   0: 0x8000cdfa (0x017feeb3) or      t4, t6, s7
core   0: 0 0x8000cdfa (0x017feeb3) x29 0x000052d7
core   0: 0x8000cdfe (0xfbcf1e83) lh      t4, -68(t5)
core   0: 0 0x8000cdfe (0xfbcf1e83) x29 0x0000736c mem 0x8002aeb7 mem 0x8002aeb8
core   0: 0x8000ce02 (0xfc2f2c03) lw      s8, -62(t5)
core   0: 0 0x8000ce02 (0xfc2f2c03) x24 0x7b747576 mem 0x8002aebd mem 0x8002aebe mem 0x8002aebf mem 0x8002aec0
core   0: 0x8000ce06 (0x04df1923) sh      a3, 82(t5)
core   0: 0 0x8000ce06 (0x04df1923) mem 0x8002af4d 0x4 mem 0x8002af4e 0x8
core   0: 0x8000ce0a (0x0e9f26a3) sw      s1, 237(t5)
core   0: 0 0x8000ce0a (0x0e9f26a3) mem 0x8002afe8 0xffffffa5
core   0: 0x8000ce0e (0xf34f5903) lhu     s2, -204(t5)
core   0: 0 0x8000ce0e (0xf34f5903) x18 0x0000ebe4 mem 0x8002ae2f mem 0x8002ae30
core   0: 0x8000ce12 (0x021f2da3) sw      ra, 59(t5)
core   0: 0 0x8000ce12 (0x021f2da3) mem 0x8002af36 0x8d mem 0x8002af37 0x8c mem 0x8002af38 0x0 mem 0x8002af39 0x0
core   0: 0x8000ce16 (0x0caf1983) lh      s3, 202(t5)
core   0: 0 0x8000ce16 (0x0caf1983) x19 0x00007d7e mem 0x8002afc5 mem 0x8002afc6
core   0: 0x8000ce1a (0xff4f5c03) lhu     s8, -12(t5)
core   0: 0 0x8000ce1a (0xff4f5c03) x24 0x0000aba4 mem 0x8002aeef mem 0x8002aef0
core   0: 0x8000ce1e (0x00000001) c.nop
core   0: 0 0x8000ce1e (0x0001)
core   0: 0x8000ce20 (0x00595013) srli    zero, s2, 5
core   0: 0 0x8000ce20 (0x00595013)
core   0: 0x8000ce24 (0x0000100f) fence.i
core   0: 0 0x8000ce24 (0x0000100f)
core   0: 0x8000ce28 (0x0edf0ca3) sb      a3, 249(t5)
core   0: 0 0x8000ce28 (0x0edf0ca3) mem 0x8002aff4 0x4
core   0: 0x8000ce2c (0x00008cb5) c.xor   s1, a3
core   0: 0 0x8000ce2c (0x8cb5) x9  0xfffff7a1
core   0: 0x8000ce2e (0x055f1203) lh      tp, 85(t5)
core   0: 0 0x8000ce2e (0x055f1203) x4  0x00000a0b mem 0x8002af50
core   0: 0x8000ce32 (0x02c10e33) mul     t3, sp, a2
core   0: 0 0x8000ce32 (0x02c10e33) x28 0x34fd4b40
core   0: 0x8000ce36 (0x00004ae1) c.li    s5, 24
core   0: 0 0x8000ce36 (0x4ae1) x21 0x00000018
core   0: 0x8000ce38 (0x014f2b03) lw      s6, 20(t5)
core   0: 0 0x8000ce38 (0x014f2b03) x22 0xc9cacbc4 mem 0x8002af0f mem 0x8002af10 mem 0x8002af11 mem 0x8002af12
core   0: 0x8000ce3c (0x0000dab3) srl     s5, ra, zero
core   0: 0 0x8000ce3c (0x0000dab3) x21 0x00008c8d
core   0: 0x8000ce40 (0xfc2f0083) lb      ra, -62(t5)
core   0: 0 0x8000ce40 (0xfc2f0083) x1  0x00000076 mem 0x8002aebd
core   0: 0x8000ce44 (0x0000ff97) auipc   t6, 0xf
core   0: 0 0x8000ce44 (0x0000ff97) x31 0x8001be44
core   0: 0x8000ce48 (0x08ef8f93) addi    t6, t6, 142
core   0: 0 0x8000ce48 (0x08ef8f93) x31 0x8001bed2
core   0: 0x8000ce4c (0xff9fcb83) lbu     s7, -7(t6)
core   0: 0 0x8000ce4c (0xff9fcb83) x23 0x00000080 mem 0x8001becb
core   0: 0x8000ce50 (0x41908cb3) sub     s9, ra, s9
core   0: 0 0x8000ce50 (0x41908cb3) x25 0x00000072
core   0: 0x8000ce54 (0x008f90a3) sh      s0, 1(t6)
core   0: 0 0x8000ce54 (0x008f90a3) mem 0x8001bed3 0xed mem 0x8001bed4 0xec
core   0: 0x8000ce58 (0xa52a3213) sltiu   tp, s4, -1454
core   0: 0 0x8000ce58 (0xa52a3213) x4  0x00000001
core   0: 0x8000ce5c (0x03e1b0b3) mulhu   ra, gp, t5
core   0: 0 0x8000ce5c (0x03e1b0b3) x1  0x72f5dce2
core   0: 0x8000ce60 (0x01f1c3b3) xor     t2, gp, t6
core   0: 0 0x8000ce60 (0x01f1c3b3) x7  0x65e75932
core   0: 0x8000ce64 (0x00009f52) c.add   t5, s4
core   0: 0 0x8000ce64 (0x9f52) x30 0x65e996db
core   0: 0x8000ce66 (0x005f9223) sh      t0, 4(t6)
core   0: 0 0x8000ce66 (0x005f9223) mem 0x8001bed6 0x484c
core   0: 0x8000ce6a (0x00000d9e) c.slli  s11, 7
core   0: 0 0x8000ce6a (0x0d9e) x27 0xffffff80
core   0: 0x8000ce6c (0xfdab9e17) auipc   t3, 0xfdab9
core   0: 0 0x8000ce6c (0xfdab9e17) x28 0x7dac5e6c
core   0: 0x8000ce70 (0x0103fab3) and     s5, t2, a6
core   0: 0 0x8000ce70 (0x0103fab3) x21 0x00001032
core   0: 0x8000ce74 (0x090cc493) xori    s1, s9, 144
core   0: 0 0x8000ce74 (0x090cc493) x9  0x000000e2
core   0: 0x8000ce78 (0x00000001) c.nop
core   0: 0 0x8000ce78 (0x0001)
core   0: 0x8000ce7a (0x004f82a3) sb      tp, 5(t6)
core   0: 0 0x8000ce7a (0x004f82a3) mem 0x8001bed7 0x1
core   0: 0x8000ce7e (0x000094f6) c.add   s1, t4
core   0: 0 0x8000ce7e (0x94f6) x9  0x0000744e
core   0: 0x8000ce80 (0x004a7433) and     s0, s4, tp
core   0: 0 0x8000ce80 (0x004a7433) x8  0x00000000
core   0: 0x8000ce84 (0x00008eda) c.mv    t4, s6
core   0: 0 0x8000ce84 (0x8eda) x29 0xc9cacbc4
core   0: 0x8000ce86 (0x000081c9) c.srli  a1, 18
core   0: 0 0x8000ce86 (0x81c9) x11 0x00002000
core   0: 0x8000ce88 (0x339dae13) slti    t3, s11, 825
core   0: 0 0x8000ce88 (0x339dae13) x28 0x00000001
core   0: 0x8000ce8c (0x01dfa3a3) sw      t4, 7(t6)
core   0: 0 0x8000ce8c (0x01dfa3a3) mem 0x8001bed9 0xc4 mem 0x8001beda 0xcb mem 0x8001bedb 0xca mem 0x8001bedc 0xc9
core   0: 0x8000ce90 (0x00785893) srli    a7, a6, 7
core   0: 0 0x8000ce90 (0x00785893) x17 0x00000064
core   0: 0x8000ce94 (0x03f0e3b3) rem     t2, ra, t6
core   0: 0 0x8000ce94 (0x03f0e3b3) x7  0x72f5dce2
core   0: 0x8000ce98 (0x013a3833) sltu    a6, s4, s3
core   0: 0 0x8000ce98 (0x013a3833) x16 0x00000000
core   0: 0x8000ce9c (0x00000a56) c.slli  s4, 21
core   0: 0 0x8000ce9c (0x0a56) x20 0xfc000000
core   0: 0x8000ce9e (0x00008de9) c.and   a1, a0
core   0: 0 0x8000ce9e (0x8de9) x11 0x00000000
core   0: 0x8000cea0 (0xffdfa503) lw      a0, -3(t6)
core   0: 0 0x8000cea0 (0xffdfa503) x10 0x898a8b84 mem 0x8001becf mem 0x8001bed0 mem 0x8001bed1 mem 0x8001bed2
core   0: 0x8000cea4 (0xff5fca83) lbu     s5, -11(t6)
core   0: 0 0x8000cea4 (0xff5fca83) x21 0x0000007c mem 0x8001bec7
core   0: 0x8000cea8 (0x01ba20b3) slt     ra, s4, s11
core   0: 0 0x8000cea8 (0x01ba20b3) x1  0x00000001
core   0: 0x8000ceac (0x2736a813) slti    a6, a3, 627
core   0: 0 0x8000ceac (0x2736a813) x16 0x00000000
core   0: 0x8000ceb0 (0x00ff97a3) sh      a5, 15(t6)
core   0: 0 0x8000ceb0 (0x00ff97a3) mem 0x8001bee1 0xcf mem 0x8001bee2 0xbe
core   0: 0x8000ceb4 (0x00af9003) lh      zero, 10(t6)
core   0: 0 0x8000ceb4 (0x00af9003) mem 0x8001bedc
core   0: 0x8000ceb8 (0x9379c993) xori    s3, s3, -1737
core   0: 0 0x8000ceb8 (0x9379c993) x19 0xffff8449
core   0: 0x8000cebc (0x405f8433) sub     s0, t6, t0
core   0: 0 0x8000cebc (0x405f8433) x8  0x80017686
core   0: 0x8000cec0 (0x0250c6b3) div     a3, ra, t0
core   0: 0 0x8000cec0 (0x0250c6b3) x13 0x00000000
core   0: 0x8000cec4 (0x000061c1) c.lui   gp, 0x10
core   0: 0 0x8000cec4 (0x61c1) x3  0x00010000
core   0: 0x8000cec6 (0xff8f8823) sb      s8, -16(t6)
core   0: 0 0x8000cec6 (0xff8f8823) mem 0x8001bec2 0xa4
core   0: 0x8000ceca (0x0000fa17) auipc   s4, 0xf
core   0: 0 0x8000ceca (0x0000fa17) x20 0x8001beca
core   0: 0x8000cece (0xdeba0a13) addi    s4, s4, -533
core   0: 0 0x8000cece (0xdeba0a13) x20 0x8001bcb5
core   0: 0x8000ced2 (0x006a0983) lb      s3, 6(s4)
core   0: 0 0x8000ced2 (0x006a0983) x19 0x00000070 mem 0x8001bcbb
core   0: 0x8000ced6 (0x006a2083) lw      ra, 6(s4)
core   0: 0 0x8000ced6 (0x006a2083) x1  0x75767770 mem 0x8001bcbb mem 0x8001bcbc mem 0x8001bcbd mem 0x8001bcbe
core   0: 0x8000ceda (0x00ca27a3) sw      a2, 15(s4)
core   0: 0 0x8000ceda (0x00ca27a3) mem 0x8001bcc4 0x80030e40
core   0: 0x8000cede (0x012a24a3) sw      s2, 9(s4)
core   0: 0 0x8000cede (0x012a24a3) mem 0x8001bcbe 0xe4 mem 0x8001bcbf 0xeb mem 0x8001bcc0 0x0 mem 0x8001bcc1 0x0
core   0: 0x8000cee2 (0x009a1a83) lh      s5, 9(s4)
core   0: 0 0x8000cee2 (0x009a1a83) x21 0xffffebe4 mem 0x8001bcbe
core   0: 0x8000cee6 (0x007a27a3) sw      t2, 15(s4)
core   0: 0 0x8000cee6 (0x007a27a3) mem 0x8001bcc4 0x72f5dce2
core   0: 0x8000ceea (0x00fa0a83) lb      s5, 15(s4)
core   0: 0 0x8000ceea (0x00fa0a83) x21 0xffffffe2 mem 0x8001bcc4
core   0: 0x8000ceee (0xfe9a19a3) sh      s1, -13(s4)
core   0: 0 0x8000ceee (0xfe9a19a3) mem 0x8001bca8 0x744e
core   0: 0x8000cef2 (0xffea5e03) lhu     t3, -2(s4)
core   0: 0 0x8000cef2 (0xffea5e03) x28 0x00006f68 mem 0x8001bcb3 mem 0x8001bcb4
core   0: 0x8000cef6 (0x00008ced) c.and   s1, a1
core   0: 0 0x8000cef6 (0x8ced) x9  0x00000000
core   0: 0x8000cef8 (0x01ba23a3) sw      s11, 7(s4)
core   0: 0 0x8000cef8 (0x01ba23a3) mem 0x8001bcbc 0xffffff80
core   0: 0x8000cefc (0x003a2183) lw      gp, 3(s4)
core   0: 0 0x8000cefc (0x003a2183) x3  0x70717273 mem 0x8001bcb8
core   0: 0x8000cf00 (0x010a5c83) lhu     s9, 16(s4)
core   0: 0 0x8000cf00 (0x010a5c83) x25 0x0000f5dc mem 0x8001bcc5 mem 0x8001bcc6
core   0: 0x8000cf04 (0x00fa4a83) lbu     s5, 15(s4)
core   0: 0 0x8000cf04 (0x00fa4a83) x21 0x000000e2 mem 0x8001bcc4
core   0: 0x8000cf08 (0x01ea0723) sb      t5, 14(s4)
core   0: 0 0x8000cf08 (0x01ea0723) mem 0x8001bcc3 0xdb
core   0: 0x8000cf0c (0xffda28a3) sw      t4, -15(s4)
core   0: 0 0x8000cf0c (0xffda28a3) mem 0x8001bca6 0xc4 mem 0x8001bca7 0xcb mem 0x8001bca8 0xca mem 0x8001bca9 0xc9
core   0: 0x8000cf10 (0xfa2ec193) xori    gp, t4, -94
core   0: 0 0x8000cf10 (0xfa2ec193) x3  0x36353466
core   0: 0x8000cf14 (0x00e224b3) slt     s1, tp, a4
core   0: 0 0x8000cf14 (0x00e224b3) x9  0x00000000
core   0: 0x8000cf18 (0x036fc0b3) div     ra, t6, s6
core   0: 0 0x8000cf18 (0x036fc0b3) x1  0x00000002
core   0: 0x8000cf1c (0xff1a0803) lb      a6, -15(s4)
core   0: 0 0x8000cf1c (0xff1a0803) x16 0xffffffc4 mem 0x8001bca6
core   0: 0x8000cf20 (0xff1a4b03) lbu     s6, -15(s4)
core   0: 0 0x8000cf20 (0xff1a4b03) x22 0x000000c4 mem 0x8001bca6
core   0: 0x8000cf24 (0x00012f97) auipc   t6, 0x12
core   0: 0 0x8000cf24 (0x00012f97) x31 0x8001ef24
core   0: 0x8000cf28 (0xa94f8f93) addi    t6, t6, -1388
core   0: 0 0x8000cf28 (0xa94f8f93) x31 0x8001e9b8
core   0: 0x8000cf2c (0x0000e697) auipc   a3, 0xe
core   0: 0 0x8000cf2c (0x0000e697) x13 0x8001af2c
core   0: 0x8000cf30 (0x4b468693) addi    a3, a3, 1204
core   0: 0 0x8000cf30 (0x4b468693) x13 0x8001b3e0
core   0: 0x8000cf34 (0x034fa9a3) sw      s4, 51(t6)
core   0: 0 0x8000cf34 (0x034fa9a3) mem 0x8001e9eb 0xb5 mem 0x8001e9ec 0xbc mem 0x8001e9ed 0x1 mem 0x8001e9ee 0x80
core   0: 0x8000cf38 (0xeea68623) sb      a0, -276(a3)
core   0: 0 0x8000cf38 (0xeea68623) mem 0x8001b2cc 0x84
core   0: 0x8000cf3c (0x56b68003) lb      zero, 1387(a3)
core   0: 0 0x8000cf3c (0x56b68003) mem 0x8001b94b
core   0: 0x8000cf40 (0x006f81a3) sb      t1, 3(t6)
core   0: 0 0x8000cf40 (0x006f81a3) mem 0x8001e9bb 0x38
core   0: 0x8000cf44 (0xe1d69c83) lh      s9, -483(a3)
core   0: 0 0x8000cf44 (0xe1d69c83) x25 0xffffb5b6 mem 0x8001b1fd mem 0x8001b1fe
core   0: 0x8000cf48 (0x004f9c83) lh      s9, 4(t6)
core   0: 0 0x8000cf48 (0x004f9c83) x25 0x00007677 mem 0x8001e9bc
core   0: 0x8000cf4c (0xfe3f8803) lb      a6, -29(t6)
core   0: 0 0x8000cf4c (0xfe3f8803) x16 0x00000050 mem 0x8001e99b
core   0: 0x8000cf50 (0xce069383) lh      t2, -800(a3)
core   0: 0 0x8000cf50 (0xce069383) x7  0x00007a7b mem 0x8001b0c0
core   0: 0x8000cf54 (0xffefa403) lw      s0, -2(t6)
core   0: 0 0x8000cf54 (0xffefa403) x8  0x72736c6d mem 0x8001e9b6 mem 0x8001e9b7 mem 0x8001e9b8 mem 0x8001e9b9
core   0: 0x8000cf58 (0x73f68623) sb      t6, 1836(a3)
core   0: 0 0x8000cf58 (0x73f68623) mem 0x8001bb0c 0xb8
core   0: 0x8000cf5c (0x027fad03) lw      s10, 39(t6)
core   0: 0 0x8000cf5c (0x027fad03) x26 0x999a9b94 mem 0x8001e9df mem 0x8001e9e0 mem 0x8001e9e1 mem 0x8001e9e2
core   0: 0x8000cf60 (0xe7269e03) lh      t3, -398(a3)
core   0: 0 0x8000cf60 (0xe7269e03) x28 0x00000809 mem 0x8001b252
core   0: 0x8000cf64 (0x00015197) auipc   gp, 0x15
core   0: 0 0x8000cf64 (0x00015197) x3  0x80021f64
core   0: 0x8000cf68 (0xf2d18193) addi    gp, gp, -211
core   0: 0 0x8000cf68 (0xf2d18193) x3  0x80021e91
core   0: 0x8000cf6c (0xfed1a823) sw      a3, -16(gp)
core   0: 0 0x8000cf6c (0xfed1a823) mem 0x80021e81 0xe0 mem 0x80021e82 0xb3 mem 0x80021e83 0x1 mem 0x80021e84 0x80
core   0: 0x8000cf70 (0xfd31ae23) sw      s3, -36(gp)
core   0: 0 0x8000cf70 (0xfd31ae23) mem 0x80021e6d 0x70 mem 0x80021e6e 0x0 mem 0x80021e6f 0x0 mem 0x80021e70 0x0
core   0: 0x8000cf74 (0xfc01dd83) lhu     s11, -64(gp)
core   0: 0 0x8000cf74 (0xfc01dd83) x27 0x0000090a mem 0x80021e51 mem 0x80021e52
core   0: 0x8000cf78 (0x00009c5a) c.add   s8, s6
core   0: 0 0x8000cf78 (0x9c5a) x24 0x0000ac68
core   0: 0x8000cf7a (0x00004f75) c.li    t5, 29
core   0: 0 0x8000cf7a (0x4f75) x30 0x0000001d
core   0: 0x8000cf7c (0xfc019083) lh      ra, -64(gp)
core   0: 0 0x8000cf7c (0xfc019083) x1  0x0000090a mem 0x80021e51 mem 0x80021e52
core   0: 0x8000cf80 (0x003182a3) sb      gp, 5(gp)
core   0: 0 0x8000cf80 (0x003182a3) mem 0x80021e96 0x91
core   0: 0x8000cf84 (0xff81a723) sw      s8, -18(gp)
core   0: 0 0x8000cf84 (0xff81a723) mem 0x80021e7f 0x68 mem 0x80021e80 0xac mem 0x80021e81 0x0 mem 0x80021e82 0x0
core   0: 0x8000cf88 (0xffa1ad03) lw      s10, -6(gp)
core   0: 0 0x8000cf88 (0xffa1ad03) x26 0x45464740 mem 0x80021e8b mem 0x80021e8c mem 0x80021e8d mem 0x80021e8e
core   0: 0x8000cf8c (0xff519e83) lh      t4, -11(gp)
core   0: 0 0x8000cf8c (0xff519e83) x29 0x00003c3d mem 0x80021e86
core   0: 0x8000cf90 (0xfe518aa3) sb      t0, -11(gp)
core   0: 0 0x8000cf90 (0xfe518aa3) mem 0x80021e86 0x4c
core   0: 0x8000cf94 (0x01f1cb83) lbu     s7, 31(gp)
core   0: 0 0x8000cf94 (0x01f1cb83) x23 0x0000006b mem 0x80021eb0
core   0: 0x8000cf98 (0x0001afa3) sw      zero, 31(gp)
core   0: 0 0x8000cf98 (0x0001afa3) mem 0x80021eb0 0x00000000
core   0: 0x8000cf9c (0x02919223) sh      s1, 36(gp)
core   0: 0 0x8000cf9c (0x02919223) mem 0x80021eb5 0x0 mem 0x80021eb6 0x0
core   0: 0x8000cfa0 (0x00008d49) c.or    a0, a0
core   0: 0 0x8000cfa0 (0x8d49) x10 0x898a8b84
core   0: 0x8000cfa2 (0x03e1a223) sw      t5, 36(gp)
core   0: 0 0x8000cfa2 (0x03e1a223) mem 0x80021eb5 0x1d mem 0x80021eb6 0x0 mem 0x80021eb7 0x0 mem 0x80021eb8 0x0
core   0: 0x8000cfa6 (0x0241c383) lbu     t2, 36(gp)
core   0: 0 0x8000cfa6 (0x0241c383) x7  0x0000001d mem 0x80021eb5
core   0: 0x8000cfaa (0x00db0433) add     s0, s6, a3
core   0: 0 0x8000cfaa (0x00db0433) x8  0x8001b4a4
core   0: 0x8000cfae (0x03967bb3) remu    s7, a2, s9
core   0: 0 0x8000cfae (0x03967bb3) x23 0x00004169
core   0: 0x8000cfb2 (0xff718c03) lb      s8, -9(gp)
core   0: 0 0x8000cfb2 (0xff718c03) x24 0x00000043 mem 0x80021e88
core   0: 0x8000cfb6 (0x00a1a903) lw      s2, 10(gp)
core   0: 0 0x8000cfb6 (0x00a1a903) x18 0x55565750 mem 0x80021e9b mem 0x80021e9c mem 0x80021e9d mem 0x80021e9e
core   0: 0x8000cfba (0xff418403) lb      s0, -12(gp)
core   0: 0 0x8000cfba (0xff418403) x8  0x0000003e mem 0x80021e85
core   0: 0x8000cfbe (0xff41de83) lhu     t4, -12(gp)
core   0: 0 0x8000cfbe (0xff41de83) x29 0x00004c3e mem 0x80021e85 mem 0x80021e86
core   0: 0x8000cfc2 (0x00010917) auipc   s2, 0x10
core   0: 0 0x8000cfc2 (0x00010917) x18 0x8001cfc2
core   0: 0x8000cfc6 (0x8c290913) addi    s2, s2, -1854
core   0: 0 0x8000cfc6 (0x8c290913) x18 0x8001c884
core   0: 0x8000cfca (0x0000fd17) auipc   s10, 0xf
core   0: 0 0x8000cfca (0x0000fd17) x26 0x8001bfca
core   0: 0x8000cfce (0xdd5d0d13) addi    s10, s10, -555
core   0: 0 0x8000cfce (0xdd5d0d13) x26 0x8001bd9f
core   0: 0x8000cfd2 (0x73190323) sb      a7, 1830(s2)
core   0: 0 0x8000cfd2 (0x73190323) mem 0x8001cfaa 0x64
core   0: 0x8000cfd6 (0x21094583) lbu     a1, 528(s2)
core   0: 0 0x8000cfd6 (0x21094583) x11 0x0000004f mem 0x8001ca94
core   0: 0x8000cfda (0x4fa90483) lb      s1, 1274(s2)
core   0: 0 0x8000cfda (0x4fa90483) x9  0x00000035 mem 0x8001cd7e
core   0: 0x8000cfde (0xae6d4383) lbu     t2, -1306(s10)
core   0: 0 0x8000cfde (0xae6d4383) x7  0x0000003e mem 0x8001b885
core   0: 0x8000cfe2 (0xc9895083) lhu     ra, -872(s2)
core   0: 0 0x8000cfe2 (0xc9895083) x1  0x0000d6d7 mem 0x8001c51c
core   0: 0x8000cfe6 (0xc5a92723) sw      s10, -946(s2)
core   0: 0 0x8000cfe6 (0xc5a92723) mem 0x8001c4d2 0x9f mem 0x8001c4d3 0xbd mem 0x8001c4d4 0x1 mem 0x8001c4d5 0x80
core   0: 0x8000cfea (0x12494f83) lbu     t6, 292(s2)
core   0: 0 0x8000cfea (0x12494f83) x31 0x00000063 mem 0x8001c9a8
core   0: 0x8000cfee (0xad5d0d23) sb      s5, -1318(s10)
core   0: 0 0x8000cfee (0xad5d0d23) mem 0x8001b879 0xe2
core   0: 0x8000cff2 (0xeb6d2d83) lw      s11, -330(s10)
core   0: 0 0x8000cff2 (0xeb6d2d83) x27 0x130c0d0e mem 0x8001bc55 mem 0x8001bc56 mem 0x8001bc57 mem 0x8001bc58
core   0: 0x8000cff6 (0x7fb90a03) lb      s4, 2043(s2)
core   0: 0 0x8000cff6 (0x7fb90a03) x20 0x00000034 mem 0x8001d07f
core   0: 0x8000cffa (0xce7d0c03) lb      s8, -793(s10)
core   0: 0 0x8000cffa (0xce7d0c03) x24 0x0000003d mem 0x8001ba86
core   0: 0x8000cffe (0x43a91803) lh      a6, 1082(s2)
core   0: 0 0x8000cffe (0x43a91803) x16 0x00007475 mem 0x8001ccbe
core   0: 0x8000d002 (0x3f690b83) lb      s7, 1014(s2)
core   0: 0 0x8000d002 (0x3f690b83) x23 0x00000031 mem 0x8001cc7a
core   0: 0x8000d006 (0x188d2723) sw      s0, 398(s10)
core   0: 0 0x8000d006 (0x188d2723) mem 0x8001bf2d 0x3e mem 0x8001bf2e 0x0 mem 0x8001bf2f 0x0 mem 0x8001bf30 0x0
core   0: 0x8000d00a (0xedf90c83) lb      s9, -289(s2)
core   0: 0 0x8000d00a (0xedf90c83) x25 0x00000018 mem 0x8001c763
core   0: 0x8000d00e (0x258d00a3) sb      s8, 577(s10)
core   0: 0 0x8000d00e (0x258d00a3) mem 0x8001bfe0 0x3d
core   0: 0x8000d012 (0x0000e197) auipc   gp, 0xe
core   0: 0 0x8000d012 (0x0000e197) x3  0x8001b012
core   0: 0x8000d016 (0x21518193) addi    gp, gp, 533
core   0: 0 0x8000d016 (0x21518193) x3  0x8001b227
core   0: 0x8000d01a (0x0001c697) auipc   a3, 0x1c
core   0: 0 0x8000d01a (0x0001c697) x13 0x8002901a
core   0: 0x8000d01e (0xfaa68693) addi    a3, a3, -86
core   0: 0 0x8000d01e (0xfaa68693) x13 0x80028fc4
core   0: 0x8000d022 (0x6c46ac03) lw      s8, 1732(a3)
core   0: 0 0x8000d022 (0x6c46ac03) x24 0x40414243 mem 0x80029688
core   0: 0x8000d026 (0xe7569823) sh      s5, -400(a3)
core   0: 0 0x8000d026 (0xe7569823) mem 0x80028e34 0x00e2
core   0: 0x8000d02a (0x0061de83) lhu     t4, 6(gp)
core   0: 0 0x8000d02a (0x0061de83) x29 0x0000e5e6 mem 0x8001b22d mem 0x8001b22e
core   0: 0x8000d02e (0xffa18883) lb      a7, -6(gp)
core   0: 0 0x8000d02e (0xffa18883) x17 0xffffffda mem 0x8001b221
core   0: 0x8000d032 (0xba968283) lb      t0, -1111(a3)
core   0: 0 0x8000d032 (0xba968283) x5  0x00000026 mem 0x80028b6d
core   0: 0x8000d036 (0x01018403) lb      s0, 16(gp)
core   0: 0 0x8000d036 (0x01018403) x8  0xffffffec mem 0x8001b237
core   0: 0x8000d03a (0x0041d583) lhu     a1, 4(gp)
core   0: 0 0x8000d03a (0x0041d583) x11 0x0000e7e0 mem 0x8001b22b mem 0x8001b22c
core   0: 0x8000d03e (0x7926a8a3) sw      s2, 1937(a3)
core   0: 0 0x8000d03e (0x7926a8a3) mem 0x80029755 0x84 mem 0x80029756 0xc8 mem 0x80029757 0x1 mem 0x80029758 0x80
core   0: 0x8000d042 (0x512699a3) sh      s2, 1299(a3)
core   0: 0 0x8000d042 (0x512699a3) mem 0x800294d7 0x84 mem 0x800294d8 0xc8
core   0: 0x8000d046 (0x96268b83) lb      s7, -1694(a3)
core   0: 0 0x8000d046 (0x96268b83) x23 0xffffffdd mem 0x80028926
core   0: 0x8000d04a (0xff41d303) lhu     t1, -12(gp)
core   0: 0 0x8000d04a (0xff41d303) x6  0x0000d7d0 mem 0x8001b21b mem 0x8001b21c
core   0: 0x8000d04e (0xff41aa23) sw      s4, -12(gp)
core   0: 0 0x8000d04e (0xff41aa23) mem 0x8001b21b 0x34 mem 0x8001b21c 0x0 mem 0x8001b21d 0x0 mem 0x8001b21e 0x0
core   0: 0x8000d052 (0xd9169003) lh      zero, -623(a3)
core   0: 0 0x8000d052 (0xd9169003) mem 0x80028d55 mem 0x80028d56
core   0: 0x8000d056 (0xffe19583) lh      a1, -2(gp)
core   0: 0 0x8000d056 (0xffe19583) x11 0xffffddde mem 0x8001b225 mem 0x8001b226
core   0: 0x8000d05a (0xff61da83) lhu     s5, -10(gp)
core   0: 0 0x8000d05a (0xff61da83) x21 0x00000000 mem 0x8001b21d mem 0x8001b21e
core   0: 0x8000d05e (0xff1188a3) sb      a7, -15(gp)
core   0: 0 0x8000d05e (0xff1188a3) mem 0x8001b218 0xda
core   0: 0x8000d062 (0x00011a97) auipc   s5, 0x11
core   0: 0 0x8000d062 (0x00011a97) x21 0x8001e062
core   0: 0x8000d066 (0x038a8a93) addi    s5, s5, 56
core   0: 0 0x8000d066 (0x038a8a93) x21 0x8001e09a
core   0: 0x8000d06a (0x0000f417) auipc   s0, 0xf
core   0: 0 0x8000d06a (0x0000f417) x8  0x8001c06a
core   0: 0x8000d06e (0xad140413) addi    s0, s0, -1327
core   0: 0 0x8000d06e (0xad140413) x8  0x8001bb3b
core   0: 0x8000d072 (0xfe7a8b23) sb      t2, -10(s5)
core   0: 0 0x8000d072 (0xfe7a8b23) mem 0x8001e090 0x3e
core   0: 0x8000d076 (0xffda9fa3) sh      t4, -1(s5)
core   0: 0 0x8000d076 (0xffda9fa3) mem 0x8001e099 0xe6 mem 0x8001e09a 0xe5
core   0: 0x8000d07a (0x001aa323) sw      ra, 6(s5)
core   0: 0 0x8000d07a (0x001aa323) mem 0x8001e0a0 0x0000d6d7
core   0: 0x8000d07e (0x00004448) c.lw    a0, 12(s0)
core   0: 0 0x8000d07e (0x4448) x10 0x010203fc mem 0x8001bb47 mem 0x8001bb48 mem 0x8001bb49 mem 0x8001bb4a
core   0: 0x8000d080 (0xfe9a9823) sh      s1, -16(s5)
core   0: 0 0x8000d080 (0xfe9a9823) mem 0x8001e08a 0x0035
core   0: 0x8000d084 (0xfe6aa823) sw      t1, -16(s5)
core   0: 0 0x8000d084 (0xfe6aa823) mem 0x8001e08a 0xd0 mem 0x8001e08b 0xd7 mem 0x8001e08c 0x0 mem 0x8001e08d 0x0
core   0: 0x8000d088 (0xff7aa283) lw      t0, -9(s5)
core   0: 0 0x8000d088 (0xff7aa283) x5  0x4f48494a mem 0x8001e091 mem 0x8001e092 mem 0x8001e093 mem 0x8001e094
core   0: 0x8000d08c (0x002adf83) lhu     t6, 2(s5)
core   0: 0 0x8000d08c (0x002adf83) x31 0x00005657 mem 0x8001e09c
core   0: 0x8000d090 (0xfe641ba3) sh      t1, -9(s0)
core   0: 0 0x8000d090 (0xfe641ba3) mem 0x8001bb32 0xd7d0
core   0: 0x8000d094 (0x00a45b83) lhu     s7, 10(s0)
core   0: 0 0x8000d094 (0x00a45b83) x23 0x0000fdfe mem 0x8001bb45 mem 0x8001bb46
core   0: 0x8000d098 (0x007a8903) lb      s2, 7(s5)
core   0: 0 0x8000d098 (0x007a8903) x18 0xffffffd6 mem 0x8001e0a1
core   0: 0x8000d09c (0x01041d83) lh      s11, 16(s0)
core   0: 0 0x8000d09c (0x01041d83) x27 0x00000700 mem 0x8001bb4b mem 0x8001bb4c
core   0: 0x8000d0a0 (0xff3aa8a3) sw      s3, -15(s5)
core   0: 0 0x8000d0a0 (0xff3aa8a3) mem 0x8001e08b 0x70 mem 0x8001e08c 0x0 mem 0x8001e08d 0x0 mem 0x8001e08e 0x0
core   0: 0x8000d0a4 (0x00a40583) lb      a1, 10(s0)
core   0: 0 0x8000d0a4 (0x00a40583) x11 0xfffffffe mem 0x8001bb45
core   0: 0x8000d0a8 (0xff641883) lh      a7, -10(s0)
core   0: 0 0x8000d0a8 (0xff641883) x17 0xffffd0ea mem 0x8001bb31 mem 0x8001bb32
core   0: 0x8000d0ac (0xff3ad003) lhu     zero, -13(s5)
core   0: 0 0x8000d0ac (0xff3ad003) mem 0x8001e08d mem 0x8001e08e
core   0: 0x8000d0b0 (0x0000f397) auipc   t2, 0xf
core   0: 0 0x8000d0b0 (0x0000f397) x7  0x8001c0b0
core   0: 0x8000d0b4 (0x81738393) addi    t2, t2, -2025
core   0: 0 0x8000d0b4 (0x81738393) x7  0x8001b8c7
core   0: 0x8000d0b8 (0x01e3a2a3) sw      t5, 5(t2)
core   0: 0 0x8000d0b8 (0x01e3a2a3) mem 0x8001b8cc 0x0000001d
core   0: 0x8000d0bc (0x0053a003) lw      zero, 5(t2)
core   0: 0 0x8000d0bc (0x0053a003) mem 0x8001b8cc
core   0: 0x8000d0c0 (0x000382a3) sb      zero, 5(t2)
core   0: 0 0x8000d0c0 (0x000382a3) mem 0x8001b8cc 0x0
core   0: 0x8000d0c4 (0x035a6233) rem     tp, s4, s5
core   0: 0 0x8000d0c4 (0x035a6233) x4  0x00000034
core   0: 0x8000d0c8 (0x00008c71) c.and   s0, a2
core   0: 0 0x8000d0c8 (0x8c71) x8  0x80010a00
core   0: 0x8000d0ca (0x0013a0a3) sw      ra, 1(t2)
core   0: 0 0x8000d0ca (0x0013a0a3) mem 0x8001b8c8 0x0000d6d7
core   0: 0x8000d0ce (0x00139083) lh      ra, 1(t2)
core   0: 0 0x8000d0ce (0x00139083) x1  0xffffd6d7 mem 0x8001b8c8
core   0: 0x8000d0d2 (0x0e8c4693) xori    a3, s8, 232
core   0: 0 0x8000d0d2 (0x0e8c4693) x13 0x404142ab
core   0: 0x8000d0d6 (0xfef3aaa3) sw      a5, -11(t2)
core   0: 0 0x8000d0d6 (0xfef3aaa3) mem 0x8001b8bc 0x8001becf
core   0: 0x8000d0da (0xff53cd83) lbu     s11, -11(t2)
core   0: 0 0x8000d0da (0xff53cd83) x27 0x000000cf mem 0x8001b8bc
core   0: 0x8000d0de (0xff138aa3) sb      a7, -11(t2)
core   0: 0 0x8000d0de (0xff138aa3) mem 0x8001b8bc 0xea
core   0: 0x8000d0e2 (0x40ed8433) sub     s0, s11, a4
core   0: 0 0x8000d0e2 (0x40ed8433) x8  0x7ffcb3eb
core   0: 0x8000d0e6 (0xfe138aa3) sb      ra, -11(t2)
core   0: 0 0x8000d0e6 (0xfe138aa3) mem 0x8001b8bc 0xd7
core   0: 0x8000d0ea (0xff43dd03) lhu     s10, -12(t2)
core   0: 0 0x8000d0ea (0xff43dd03) x26 0x0000d770 mem 0x8001b8bb mem 0x8001b8bc
core   0: 0x8000d0ee (0x00139203) lh      tp, 1(t2)
core   0: 0 0x8000d0ee (0x00139203) x4  0xffffd6d7 mem 0x8001b8c8
core   0: 0x8000d0f2 (0x9458ae93) slti    t4, a7, -1723
core   0: 0 0x8000d0f2 (0x9458ae93) x29 0x00000001
core   0: 0x8000d0f6 (0x00139883) lh      a7, 1(t2)
core   0: 0 0x8000d0f6 (0x00139883) x17 0xffffd6d7 mem 0x8001b8c8
core   0: 0x8000d0fa (0x00009a26) c.add   s4, s1
core   0: 0 0x8000d0fa (0x9a26) x20 0x00000069
core   0: 0x8000d0fc (0x00006f91) c.lui   t6, 0x4
core   0: 0 0x8000d0fc (0x6f91) x31 0x00004000
core   0: 0x8000d0fe (0x016cdbb3) srl     s7, s9, s6
core   0: 0 0x8000d0fe (0x016cdbb3) x23 0x00000001
core   0: 0x8000d102 (0x0367cb33) div     s6, a5, s6
core   0: 0 0x8000d102 (0x0367cb33) x22 0xff58d343
core   0: 0x8000d106 (0x0248ea63) bltu    a7, tp, pc + 52
core   0: 0 0x8000d106 (0x0248ea63)
core   0: 0x8000d10a (0x00000cbe) c.slli  s9, 15
core   0: 0 0x8000d10a (0x0cbe) x25 0x000c0000
core   0: 0x8000d10c (0x00008e85) c.sub   a3, s1
core   0: 0 0x8000d10c (0x8e85) x13 0x40414276
core   0: 0x8000d10e (0x00008ef5) c.and   a3, a3
core   0: 0 0x8000d10e (0x8ef5) x13 0x40414276
core   0: 0x8000d110 (0xd8454997) auipc   s3, 0xd8454
core   0: 0 0x8000d110 (0xd8454997) x19 0x58461110
core   0: 0x8000d114 (0x0000100f) fence.i
core   0: 0 0x8000d114 (0x0000100f)
core   0: 0x8000d118 (0xbf520193) addi    gp, tp, -1035
core   0: 0 0x8000d118 (0xbf520193) x3  0xffffd2cc
core   0: 0x8000d11c (0x0000987d) c.andi  s0, -1
core   0: 0 0x8000d11c (0x987d) x8  0x7ffcb3eb
core   0: 0x8000d11e (0x03d916b3) mulh    a3, s2, t4
core   0: 0 0x8000d11e (0x03d916b3) x13 0xffffffff
core   0: 0x8000d122 (0x00bc4db3) xor     s11, s8, a1
core   0: 0 0x8000d122 (0x00bc4db3) x27 0xbfbebdbd
core   0: 0x8000d126 (0x5d600693) li      a3, 1494
core   0: 0 0x8000d126 (0x5d600693) x13 0x000005d6
core   0: 0x8000d12a (0x03619d63) bne     gp, s6, pc + 58
core   0: 0 0x8000d12a (0x03619d63)
core   0: 0x8000d164 (0x01b751b3) srl     gp, a4, s11
core   0: 0 0x8000d164 (0x01b751b3) x3  0x00000004
core   0: 0x8000d168 (0x8e77be93) sltiu   t4, a5, -1817
core   0: 0 0x8000d168 (0x8e77be93) x29 0x00000001
core   0: 0x8000d16c (0x00006a8d) c.lui   s5, 0x3
core   0: 0 0x8000d16c (0x6a8d) x21 0x00003000
core   0: 0x8000d16e (0x000088c6) c.mv    a7, a7
core   0: 0 0x8000d16e (0x88c6) x17 0xffffd6d7
core   0: 0x8000d170 (0x031473b3) remu    t2, s0, a7
core   0: 0 0x8000d170 (0x031473b3) x7  0x7ffcb3eb
core   0: 0x8000d174 (0x00000001) c.nop
core   0: 0 0x8000d174 (0x0001)
core   0: 0x8000d176 (0x000002e9) c.addi  t0, 26
core   0: 0 0x8000d176 (0x02e9) x5  0x4f484964
core   0: 0x8000d178 (0x00008dd1) c.or    a1, a2
core   0: 0 0x8000d178 (0x8dd1) x11 0xfffffffe
core   0: 0x8000d17a (0x00008fd9) c.or    a5, a4
core   0: 0 0x8000d17a (0x8fd9) x15 0x8003feef
core   0: 0x8000d17c (0x000087e9) c.srai  a5, 26
core   0: 0 0x8000d17c (0x87e9) x15 0xffffffe0
core   0: 0x8000d17e (0x00008e81) c.sub   a3, s0
core   0: 0 0x8000d17e (0x8e81) x13 0x800351eb
core   0: 0x8000d180 (0x03f063b3) rem     t2, zero, t6
core   0: 0 0x8000d180 (0x03f063b3) x7  0x00000000
core   0: 0x8000d184 (0x030f4863) blt     t5, a6, pc + 48
core   0: 0 0x8000d184 (0x030f4863)
core   0: 0x8000d1b4 (0xba5dba93) sltiu   s5, s11, -1115
core   0: 0 0x8000d1b4 (0xba5dba93) x21 0x00000001
core   0: 0x8000d1b8 (0x00008cb1) c.xor   s1, a2
core   0: 0 0x8000d1b8 (0x8cb1) x9  0x80030e75
core   0: 0x8000d1ba (0x01116033) or      zero, sp, a7
core   0: 0 0x8000d1ba (0x01116033)
core   0: 0x8000d1be (0x00fe4263) blt     t3, a5, pc + 4
core   0: 0 0x8000d1be (0x00fe4263)
core   0: 0x8000d1c2 (0x00009bfd) c.andi  a5, -1
core   0: 0 0x8000d1c2 (0x9bfd) x15 0xffffffe0
core   0: 0x8000d1c4 (0x039d04b3) mul     s1, s10, s9
core   0: 0 0x8000d1c4 (0x039d04b3) x9  0x19400000
core   0: 0x8000d1c8 (0xc0b4fc13) andi    s8, s1, -1013
core   0: 0 0x8000d1c8 (0xc0b4fc13) x24 0x19400000
core   0: 0x8000d1cc (0x41fb5893) srai    a7, s6, 31
core   0: 0 0x8000d1cc (0x41fb5893) x17 0xffffffff
core   0: 0x8000d1d0 (0x0ff0000f) fence   iorw,iorw
core   0: 0 0x8000d1d0 (0x0ff0000f)
core   0: 0x8000d1d4 (0x012feeb3) or      t4, t6, s2
core   0: 0 0x8000d1d4 (0x012feeb3) x29 0xffffffd6
core   0: 0x8000d1d8 (0x014eaeb3) slt     t4, t4, s4
core   0: 0 0x8000d1d8 (0x014eaeb3) x29 0x00000001
core   0: 0x8000d1dc (0x02b36233) rem     tp, t1, a1
core   0: 0 0x8000d1dc (0x02b36233) x4  0x00000000
core   0: 0x8000d1e0 (0x00008ef5) c.and   a3, a3
core   0: 0 0x8000d1e0 (0x8ef5) x13 0x800351eb
core   0: 0x8000d1e2 (0xf6532f13) slti    t5, t1, -155
core   0: 0 0x8000d1e2 (0xf6532f13) x30 0x00000000
core   0: 0x8000d1e6 (0x88dc8b13) addi    s6, s9, -1907
core   0: 0 0x8000d1e6 (0x88dc8b13) x22 0x000bf88d
core   0: 0x8000d1ea (0xd2433c93) sltiu   s9, t1, -732
core   0: 0 0x8000d1ea (0xd2433c93) x25 0x00000001
core   0: 0x8000d1ee (0xb8050c93) addi    s9, a0, -1152
core   0: 0 0x8000d1ee (0xb8050c93) x25 0x0101ff7c
core   0: 0x8000d1f2 (0x41165eb3) sra     t4, a2, a7
core   0: 0 0x8000d1f2 (0x41165eb3) x29 0xffffffff
core   0: 0x8000d1f6 (0x038ecb63) blt     t4, s8, pc + 54
core   0: 0 0x8000d1f6 (0x038ecb63)
core   0: 0x8000d22c (0x00000001) c.nop
core   0: 0 0x8000d22c (0x0001)
core   0: 0x8000d22e (0x036136b3) mulhu   a3, sp, s6
core   0: 0 0x8000d22e (0x036136b3) x13 0x000b7f83
core   0: 0x8000d232 (0x03cbbfb3) mulhu   t6, s7, t3
core   0: 0 0x8000d232 (0x03cbbfb3) x31 0x00000000
core   0: 0x8000d236 (0x030f48b3) div     a7, t5, a6
core   0: 0 0x8000d236 (0x030f48b3) x17 0x00000000
core   0: 0x8000d23a (0x00f13b33) sltu    s6, sp, a5
core   0: 0 0x8000d23a (0x00f13b33) x22 0x00000001
core   0: 0x8000d23e (0x034b41b3) div     gp, s6, s4
core   0: 0 0x8000d23e (0x034b41b3) x3  0x00000000
core   0: 0x8000d242 (0x00000001) c.nop
core   0: 0 0x8000d242 (0x0001)
core   0: 0x8000d244 (0x6ac40d13) addi    s10, s0, 1708
core   0: 0 0x8000d244 (0x6ac40d13) x26 0x7ffcba97
core   0: 0x8000d248 (0x00008c41) c.or    s0, s0
core   0: 0 0x8000d248 (0x8c41) x8  0x7ffcb3eb
core   0: 0x8000d24a (0x0240e1b3) rem     gp, ra, tp
core   0: 0 0x8000d24a (0x0240e1b3) x3  0xffffd6d7
core   0: 0x8000d24e (0x01014fb3) xor     t6, sp, a6
core   0: 0 0x8000d24e (0x01014fb3) x31 0xf5e3ece0
core   0: 0x8000d252 (0x00008e5e) c.mv    t3, s7
core   0: 0 0x8000d252 (0x8e5e) x28 0x00000001
core   0: 0x8000d254 (0x00000f1a) c.slli  t5, 6
core   0: 0 0x8000d254 (0x0f1a) x30 0x00000000
core   0: 0x8000d256 (0x0236a933) mulhsu  s2, a3, gp
core   0: 0 0x8000d256 (0x0236a933) x18 0x000b7f81
core   0: 0x8000d25a (0x00008c75) c.and   s0, a3
core   0: 0 0x8000d25a (0x8c75) x8  0x00083383
core   0: 0x8000d25c (0xbb270a37) lui     s4, 0xbb270
core   0: 0 0x8000d25c (0xbb270a37) x20 0xbb270000
core   0: 0x8000d260 (0x0000841d) c.srai  s0, 7
core   0: 0 0x8000d260 (0x841d) x8  0x00001067
core   0: 0x8000d262 (0x40f305b3) sub     a1, t1, a5
core   0: 0 0x8000d262 (0x40f305b3) x11 0x0000d7f0
core   0: 0x8000d266 (0x00011217) auipc   tp, 0x11
core   0: 0 0x8000d266 (0x00011217) x4  0x8001e266
core   0: 0x8000d26a (0x34320213) addi    tp, tp, 835
core   0: 0 0x8000d26a (0x34320213) x4  0x8001e5a9
core   0: 0x8000d26e (0x019224a3) sw      s9, 9(tp)
core   0: 0 0x8000d26e (0x019224a3) mem 0x8001e5b2 0x7c mem 0x8001e5b3 0xff mem 0x8001e5b4 0x1 mem 0x8001e5b5 0x1
core   0: 0x8000d272 (0x011ec033) xor     zero, t4, a7
core   0: 0 0x8000d272 (0x011ec033)
core   0: 0x8000d276 (0xffc20783) lb      a5, -4(tp)
core   0: 0 0x8000d276 (0xffc20783) x15 0x0000005e mem 0x8001e5a5
core   0: 0x8000d27a (0xfec21e23) sh      a2, -4(tp)
core   0: 0 0x8000d27a (0xfec21e23) mem 0x8001e5a5 0x40 mem 0x8001e5a6 0xe
core   0: 0x8000d27e (0xff222e23) sw      s2, -4(tp)
core   0: 0 0x8000d27e (0xff222e23) mem 0x8001e5a5 0x81 mem 0x8001e5a6 0x7f mem 0x8001e5a7 0xb mem 0x8001e5a8 0x0
core   0: 0x8000d282 (0xffc22883) lw      a7, -4(tp)
core   0: 0 0x8000d282 (0xffc22883) x17 0x000b7f81 mem 0x8001e5a5 mem 0x8001e5a6 mem 0x8001e5a7 mem 0x8001e5a8
core   0: 0x8000d286 (0x00222803) lw      a6, 2(tp)
core   0: 0 0x8000d286 (0x00222803) x16 0x65666760 mem 0x8001e5ab mem 0x8001e5ac mem 0x8001e5ad mem 0x8001e5ae
core   0: 0x8000d28a (0x00cebeb3) sltu    t4, t4, a2
core   0: 0 0x8000d28a (0x00cebeb3) x29 0x00000000
core   0: 0x8000d28e (0x00222003) lw      zero, 2(tp)
core   0: 0 0x8000d28e (0x00222003) mem 0x8001e5ab mem 0x8001e5ac mem 0x8001e5ad mem 0x8001e5ae
core   0: 0x8000d292 (0x00224403) lbu     s0, 2(tp)
core   0: 0 0x8000d292 (0x00224403) x8  0x00000060 mem 0x8001e5ab
core   0: 0x8000d296 (0x00f22123) sw      a5, 2(tp)
core   0: 0 0x8000d296 (0x00f22123) mem 0x8001e5ab 0x5e mem 0x8001e5ac 0x0 mem 0x8001e5ad 0x0 mem 0x8001e5ae 0x0
core   0: 0x8000d29a (0x00224e83) lbu     t4, 2(tp)
core   0: 0 0x8000d29a (0x00224e83) x29 0x0000005e mem 0x8001e5ab
core   0: 0x8000d29e (0x00224e83) lbu     t4, 2(tp)
core   0: 0 0x8000d29e (0x00224e83) x29 0x0000005e mem 0x8001e5ab
core   0: 0x8000d2a2 (0xff920803) lb      a6, -7(tp)
core   0: 0 0x8000d2a2 (0xff920803) x16 0x00000059 mem 0x8001e5a2
core   0: 0x8000d2a6 (0x00008791) c.srai  a5, 4
core   0: 0 0x8000d2a6 (0x8791) x15 0x00000005
core   0: 0x8000d2a8 (0x0331e163) bltu    gp, s3, pc + 34
core   0: 0 0x8000d2a8 (0x0331e163)
core   0: 0x8000d2ac (0x03435d33) divu    s10, t1, s4
core   0: 0 0x8000d2ac (0x03435d33) x26 0x00000000
core   0: 0x8000d2b0 (0x00000001) c.nop
core   0: 0 0x8000d2b0 (0x0001)
core   0: 0x8000d2b2 (0x00009cfe) c.add   s9, t6
core   0: 0 0x8000d2b2 (0x9cfe) x25 0xf6e5ec5c
core   0: 0x8000d2b4 (0x033761b3) rem     gp, a4, s3
core   0: 0 0x8000d2b4 (0x033761b3) x3  0xd8495df4
core   0: 0x8000d2b8 (0x0000527d) c.li    tp, -1
core   0: 0 0x8000d2b8 (0x527d) x4  0xffffffff
core   0: 0x8000d2ba (0x01f24a63) blt     tp, t6, pc + 20
core   0: 0 0x8000d2ba (0x01f24a63)
core   0: 0x8000d2be (0x00000001) c.nop
core   0: 0 0x8000d2be (0x0001)
core   0: 0x8000d2c0 (0x000089fe) c.mv    s3, t6
core   0: 0 0x8000d2c0 (0x89fe) x19 0xf5e3ece0
core   0: 0x8000d2c2 (0x5d292997) auipc   s3, 0x5d292
core   0: 0 0x8000d2c2 (0x5d292997) x19 0xdd29f2c2
core   0: 0x8000d2c6 (0x00001efd) c.addi  t4, -1
core   0: 0 0x8000d2c6 (0x1efd) x29 0x0000005d
core   0: 0x8000d2c8 (0x00000001) c.nop
core   0: 0 0x8000d2c8 (0x0001)
core   0: 0x8000d2ca (0x00fdd393) srli    t2, s11, 15
core   0: 0 0x8000d2ca (0x00fdd393) x7  0x00017f7d
core   0: 0x8000d2ce (0x007eca33) xor     s4, t4, t2
core   0: 0 0x8000d2ce (0x007eca33) x20 0x00017f20
core   0: 0x8000d2d2 (0x40a10db3) sub     s11, sp, a0
core   0: 0 0x8000d2d2 (0x40a10db3) x27 0xf4e19499
core   0: 0x8000d2d6 (0x007d5793) srli    a5, s10, 7
core   0: 0 0x8000d2d6 (0x007d5793) x15 0x00000000
core   0: 0x8000d2da (0x40428933) sub     s2, t0, tp
core   0: 0 0x8000d2da (0x40428933) x18 0x4f484965
core   0: 0x8000d2de (0x029befb3) rem     t6, s7, s1
core   0: 0 0x8000d2de (0x029befb3) x31 0x00000001
core   0: 0x8000d2e2 (0x00fe7b63) bgeu    t3, a5, pc + 22
core   0: 0 0x8000d2e2 (0x00fe7b63)
core   0: 0x8000d2f8 (0x414a5293) srai    t0, s4, 20
core   0: 0 0x8000d2f8 (0x414a5293) x5  0x00000000
core   0: 0x8000d2fc (0x0275e533) rem     a0, a1, t2
core   0: 0 0x8000d2fc (0x0275e533) x10 0x0000d7f0
core   0: 0x8000d300 (0x00008dd2) c.mv    s11, s4
core   0: 0 0x8000d300 (0x8dd2) x27 0x00017f20
core   0: 0x8000d302 (0x0000e909) c.bnez  a0, pc + 18
core   0: 0 0x8000d302 (0xe909)
core   0: 0x8000d314 (0x02c94f63) blt     s2, a2, pc + 62
core   0: 0 0x8000d314 (0x02c94f63)
core   0: 0x8000d318 (0x41995ab3) sra     s5, s2, s9
core   0: 0 0x8000d318 (0x41995ab3) x21 0x00000004
core   0: 0x8000d31c (0x01efd9b3) srl     s3, t6, t5
core   0: 0 0x8000d31c (0x01efd9b3) x19 0x00000001
core   0: 0x8000d320 (0x4158d913) srai    s2, a7, 21
core   0: 0 0x8000d320 (0x4158d913) x18 0x00000000
core   0: 0x8000d324 (0x0338b333) mulhu   t1, a7, s3
core   0: 0 0x8000d324 (0x0338b333) x6  0x00000000
core   0: 0x8000d328 (0x9e7d2e97) auipc   t4, 0x9e7d2
core   0: 0 0x8000d328 (0x9e7d2e97) x29 0x1e7df328
core   0: 0x8000d32c (0x41e78233) sub     tp, a5, t5
core   0: 0 0x8000d32c (0x41e78233) x4  0x00000000
core   0: 0x8000d330 (0x03d85033) divu    zero, a6, t4
core   0: 0 0x8000d330 (0x03d85033)
core   0: 0x8000d334 (0x03687763) bgeu    a6, s6, pc + 46
core   0: 0 0x8000d334 (0x03687763)
core   0: 0x8000d362 (0xe7ce0a93) addi    s5, t3, -388
core   0: 0 0x8000d362 (0xe7ce0a93) x21 0xfffffe7d
core   0: 0x8000d366 (0x000005d6) c.slli  a1, 21
core   0: 0 0x8000d366 (0x05d6) x11 0xfe000000
core   0: 0x8000d368 (0x00000001) c.nop
core   0: 0 0x8000d368 (0x0001)
core   0: 0x8000d36a (0x023bb9b3) mulhu   s3, s7, gp
core   0: 0 0x8000d36a (0x023bb9b3) x19 0x00000000
core   0: 0x8000d36e (0x14a67897) auipc   a7, 0x14a67
core   0: 0 0x8000d36e (0x14a67897) x17 0x94a7436e
core   0: 0x8000d372 (0x02dc04b3) mul     s1, s8, a3
core   0: 0 0x8000d372 (0x02dc04b3) x9  0xabc00000
core   0: 0x8000d376 (0x0218e663) bltu    a7, ra, pc + 44
core   0: 0 0x8000d376 (0x0218e663)
core   0: 0x8000d3a2 (0x40de05b3) sub     a1, t3, a3
core   0: 0 0x8000d3a2 (0x40de05b3) x11 0xfff4807e
core   0: 0x8000d3a6 (0x00b85cb3) srl     s9, a6, a1
core   0: 0 0x8000d3a6 (0x00b85cb3) x25 0x00000000
core   0: 0x8000d3aa (0x000097aa) c.add   a5, a0
core   0: 0 0x8000d3aa (0x97aa) x15 0x0000d7f0
core   0: 0x8000d3ac (0x0000e019) c.bnez  s0, pc + 6
core   0: 0 0x8000d3ac (0xe019)
core   0: 0x8000d3b2 (0x03427db3) remu    s11, tp, s4
core   0: 0 0x8000d3b2 (0x03427db3) x27 0x00000000
core   0: 0x8000d3b6 (0x000098fd) c.andi  s1, -1
core   0: 0 0x8000d3b6 (0x98fd) x9  0xabc00000
core   0: 0x8000d3b8 (0x03db8b63) beq     s7, t4, pc + 54
core   0: 0 0x8000d3b8 (0x03db8b63)
core   0: 0x8000d3bc (0x03086233) rem     tp, a6, a6
core   0: 0 0x8000d3bc (0x03086233) x4  0x00000000
core   0: 0x8000d3c0 (0x32a65d17) auipc   s10, 0x32a65
core   0: 0 0x8000d3c0 (0x32a65d17) x26 0xb2a723c0
core   0: 0x8000d3c4 (0x91d66b93) ori     s7, a2, -1763
core   0: 0 0x8000d3c4 (0x91d66b93) x23 0xffffff5d
core   0: 0x8000d3c8 (0x00f56e63) bltu    a0, a5, pc + 28
core   0: 0 0x8000d3c8 (0x00f56e63)
core   0: 0x8000d3cc (0x008e9b93) slli    s7, t4, 8
core   0: 0 0x8000d3cc (0x008e9b93) x23 0x7df32800
core   0: 0x8000d3d0 (0x027ee1b3) rem     gp, t4, t2
core   0: 0 0x8000d3d0 (0x027ee1b3) x3  0x00015d36
core   0: 0x8000d3d4 (0x8d6d5217) auipc   tp, 0x8d6d5
core   0: 0 0x8000d3d4 (0x8d6d5217) x4  0x0d6e23d4
core   0: 0x8000d3d8 (0x40a453b3) sra     t2, s0, a0
core   0: 0 0x8000d3d8 (0x40a453b3) x7  0x00000000
core   0: 0x8000d3dc (0x00008195) c.srli  a1, 5
core   0: 0 0x8000d3dc (0x8195) x11 0x07ffa403
core   0: 0x8000d3de (0x4cffcb13) xori    s6, t6, 1231
core   0: 0 0x8000d3de (0x4cffcb13) x22 0x000004ce
core   0: 0x8000d3e2 (0x0000587d) c.li    a6, -1
core   0: 0 0x8000d3e2 (0x587d) x16 0xffffffff
core   0: 0x8000d3e4 (0x40408cb3) sub     s9, ra, tp
core   0: 0 0x8000d3e4 (0x40408cb3) x25 0xf291b303
core   0: 0x8000d3e8 (0x02178c63) beq     a5, ra, pc + 56
core   0: 0 0x8000d3e8 (0x02178c63)
core   0: 0x8000d3ec (0x00008ee5) c.and   a3, s1
core   0: 0 0x8000d3ec (0x8ee5) x13 0x00000000
core   0: 0x8000d3ee (0x01fb3db3) sltu    s11, s6, t6
core   0: 0 0x8000d3ee (0x01fb3db3) x27 0x00000000
core   0: 0x8000d3f2 (0x00eb5093) srli    ra, s6, 14
core   0: 0 0x8000d3f2 (0x00eb5093) x1  0x00000000
core   0: 0x8000d3f6 (0x0365d1b3) divu    gp, a1, s6
core   0: 0 0x8000d3f6 (0x0365d1b3) x3  0x0001aa2c
core   0: 0x8000d3fa (0x52daef13) ori     t5, s5, 1325
core   0: 0 0x8000d3fa (0x52daef13) x30 0xffffff7d
core   0: 0x8000d3fe (0x5cc4b393) sltiu   t2, s1, 1484
core   0: 0 0x8000d3fe (0x5cc4b393) x7  0x00000000
core   0: 0x8000d402 (0x00008971) c.andi  a0, 28
core   0: 0 0x8000d402 (0x8971) x10 0x00000010
core   0: 0x8000d404 (0x01a25a33) srl     s4, tp, s10
core   0: 0 0x8000d404 (0x01a25a33) x20 0x0d6e23d4
core   0: 0x8000d408 (0x0000100f) fence.i
core   0: 0 0x8000d408 (0x0000100f)
core   0: 0x8000d40c (0x740e7537) lui     a0, 0x740e7
core   0: 0 0x8000d40c (0x740e7537) x10 0x740e7000
core   0: 0x8000d410 (0xf2c04237) lui     tp, 0xf2c04
core   0: 0 0x8000d410 (0xf2c04237) x4  0xf2c04000
core   0: 0x8000d414 (0x00008299) c.srli  a3, 6
core   0: 0 0x8000d414 (0x8299) x13 0x00000000
core   0: 0x8000d416 (0x02870bb3) mul     s7, a4, s0
core   0: 0 0x8000d416 (0x02870bb3) x23 0x013cd580
core   0: 0x8000d41a (0x02ffc1b3) div     gp, t6, a5
core   0: 0 0x8000d41a (0x02ffc1b3) x3  0x00000000
core   0: 0x8000d41e (0x000084ad) c.srai  s1, 11
core   0: 0 0x8000d41e (0x84ad) x9  0xfff57800
core   0: 0x8000d420 (0x03337c33) remu    s8, t1, s3
core   0: 0 0x8000d420 (0x03337c33) x24 0x00000000
core   0: 0x8000d424 (0xf1280993) addi    s3, a6, -238
core   0: 0 0x8000d424 (0xf1280993) x19 0xffffff11
core   0: 0x8000d428 (0x00477d33) and     s10, a4, tp
core   0: 0 0x8000d428 (0x00477d33) x26 0x80004000
core   0: 0x8000d42c (0x009b9463) bne     s7, s1, pc + 8
core   0: 0 0x8000d42c (0x009b9463)
core   0: 0x8000d434 (0x009a47b3) xor     a5, s4, s1
core   0: 0 0x8000d434 (0x009a47b3) x15 0xf29b5bd4
core   0: 0x8000d438 (0x008fa0b3) slt     ra, t6, s0
core   0: 0 0x8000d438 (0x008fa0b3) x1  0x00000001
core   0: 0x8000d43c (0x00004461) c.li    s0, 24
core   0: 0 0x8000d43c (0x4461) x8  0x00000018
core   0: 0x8000d43e (0x007b1863) bne     s6, t2, pc + 16
core   0: 0 0x8000d43e (0x007b1863)
core   0: 0x8000d44e (0x006b5d13) srli    s10, s6, 6
core   0: 0 0x8000d44e (0x006b5d13) x26 0x00000013
core   0: 0x8000d452 (0x000044a5) c.li    s1, 9
core   0: 0 0x8000d452 (0x44a5) x9  0x00000009
core   0: 0x8000d454 (0x00008585) c.srai  a1, 1
core   0: 0 0x8000d454 (0x8585) x11 0x03ffd201
core   0: 0x8000d456 (0x89c0ca93) xori    s5, ra, -1892
core   0: 0 0x8000d456 (0x89c0ca93) x21 0xfffff89d
core   0: 0x8000d45a (0x00008d6d) c.and   a0, a1
core   0: 0 0x8000d45a (0x8d6d) x10 0x000e5000
core   0: 0x8000d45c (0x0000100f) fence.i
core   0: 0 0x8000d45c (0x0000100f)
core   0: 0x8000d460 (0x02578e33) mul     t3, a5, t0
core   0: 0 0x8000d460 (0x02578e33) x28 0x00000000
core   0: 0x8000d464 (0x01e9a2b3) slt     t0, s3, t5
core   0: 0 0x8000d464 (0x01e9a2b3) x5  0x00000001
core   0: 0x8000d468 (0x02889933) mulh    s2, a7, s0
core   0: 0 0x8000d468 (0x02889933) x18 0xfffffff5
core   0: 0x8000d46c (0x00006b1d) c.lui   s6, 0x7
core   0: 0 0x8000d46c (0x6b1d) x22 0x00007000
core   0: 0x8000d46e (0x000084fd) c.srai  s1, 31
core   0: 0 0x8000d46e (0x84fd) x9  0x00000000
core   0: 0x8000d470 (0x41728933) sub     s2, t0, s7
core   0: 0 0x8000d470 (0x41728933) x18 0xfec32a81
core   0: 0x8000d474 (0x0ff0000f) fence   iorw,iorw
core   0: 0 0x8000d474 (0x0ff0000f)
core   0: 0x8000d478 (0x00008c65) c.and   s0, s1
core   0: 0 0x8000d478 (0x8c65) x8  0x00000000
core   0: 0x8000d47a (0x00000db9) c.addi  s11, 14
core   0: 0 0x8000d47a (0x0db9) x27 0x0000000e
core   0: 0x8000d47c (0x036347b3) div     a5, t1, s6
core   0: 0 0x8000d47c (0x036347b3) x15 0x00000000
core   0: 0x8000d480 (0x02b396b3) mulh    a3, t2, a1
core   0: 0 0x8000d480 (0x02b396b3) x13 0x00000000
core   0: 0x8000d484 (0x02d29263) bne     t0, a3, pc + 36
core   0: 0 0x8000d484 (0x02d29263)
core   0: 0x8000d4a8 (0x039ebfb3) mulhu   t6, t4, s9
core   0: 0 0x8000d4a8 (0x039ebfb3) x31 0x1ce46a84
core   0: 0x8000d4ac (0x03c61eb3) mulh    t4, a2, t3
core   0: 0 0x8000d4ac (0x03c61eb3) x29 0x00000000
core   0: 0x8000d4b0 (0x02a5c933) div     s2, a1, a0
core   0: 0 0x8000d4b0 (0x02a5c933) x18 0x00000047
core   0: 0x8000d4b4 (0x00000001) c.nop
core   0: 0 0x8000d4b4 (0x0001)
core   0: 0x8000d4b6 (0x01e81b13) slli    s6, a6, 30
core   0: 0 0x8000d4b6 (0x01e81b13) x22 0xc0000000
core   0: 0x8000d4ba (0x000056fd) c.li    a3, -1
core   0: 0 0x8000d4ba (0x56fd) x13 0xffffffff
core   0: 0x8000d4bc (0x03ec70b3) remu    ra, s8, t5
core   0: 0 0x8000d4bc (0x03ec70b3) x1  0x00000000
core   0: 0x8000d4c0 (0x02dc04b3) mul     s1, s8, a3
core   0: 0 0x8000d4c0 (0x02dc04b3) x9  0x00000000
core   0: 0x8000d4c4 (0x000082ed) c.srli  a3, 27
core   0: 0 0x8000d4c4 (0x82ed) x13 0x0000001f
core   0: 0x8000d4c6 (0x69d52e93) slti    t4, a0, 1693
core   0: 0 0x8000d4c6 (0x69d52e93) x29 0x00000000
core   0: 0x8000d4ca (0x03a7f663) bgeu    a5, s10, pc + 44
core   0: 0 0x8000d4ca (0x03a7f663)
core   0: 0x8000d4ce (0x0085f9b3) and     s3, a1, s0
core   0: 0 0x8000d4ce (0x0085f9b3) x19 0x00000000
core   0: 0x8000d4d2 (0x00008cb9) c.xor   s1, a4
core   0: 0 0x8000d4d2 (0x8cb9) x9  0x80034ce4
core   0: 0x8000d4d4 (0x0000ea99) c.bnez  a3, pc + 22
core   0: 0 0x8000d4d4 (0xea99)
core   0: 0x8000d4ea (0x0ff0000f) fence   iorw,iorw
core   0: 0 0x8000d4ea (0x0ff0000f)
core   0: 0x8000d4ee (0x00008fd1) c.or    a5, a2
core   0: 0 0x8000d4ee (0x8fd1) x15 0x80030e40
core   0: 0x8000d4f0 (0x00008ed9) c.or    a3, a4
core   0: 0 0x8000d4f0 (0x8ed9) x13 0x80034cff
core   0: 0x8000d4f2 (0xb6c2e793) ori     a5, t0, -1172
core   0: 0 0x8000d4f2 (0xb6c2e793) x15 0xfffffb6d
core   0: 0x8000d4f6 (0x3eec1837) lui     a6, 0x3eec1
core   0: 0 0x8000d4f6 (0x3eec1837) x16 0x3eec1000
core   0: 0x8000d4fa (0x64231817) auipc   a6, 0x64231
core   0: 0 0x8000d4fa (0x64231817) x16 0xe423e4fa
core   0: 0x8000d4fe (0x00cbc9b3) xor     s3, s7, a2
core   0: 0 0x8000d4fe (0x00cbc9b3) x19 0x813fdbc0
core   0: 0x8000d502 (0x01fddb33) srl     s6, s11, t6
core   0: 0 0x8000d502 (0x01fddb33) x22 0x00000000
core   0: 0x8000d506 (0x00008efe) c.mv    t4, t6
core   0: 0 0x8000d506 (0x8efe) x29 0x1ce46a84
core   0: 0x8000d508 (0x03e77333) remu    t1, a4, t5
core   0: 0 0x8000d508 (0x03e77333) x6  0x80034ce4
core   0: 0x8000d50c (0x00006e0d) c.lui   t3, 0x3
core   0: 0 0x8000d50c (0x6e0d) x28 0x00003000
core   0: 0x8000d50e (0x40085c93) srai    s9, a6, 0
core   0: 0 0x8000d50e (0x40085c93) x25 0xe423e4fa
core   0: 0x8000d512 (0x40b9da33) sra     s4, s3, a1
core   0: 0 0x8000d512 (0x40b9da33) x20 0xc09fede0
core   0: 0x8000d516 (0x00008cf1) c.and   s1, a2
core   0: 0 0x8000d516 (0x8cf1) x9  0x80030c40
core   0: 0x8000d518 (0x0000c589) c.beqz  a1, pc + 10
core   0: 0 0x8000d518 (0xc589)
core   0: 0x8000d51a (0x01924e63) blt     tp, s9, pc + 28
core   0: 0 0x8000d51a (0x01924e63)
core   0: 0x8000d51e (0x76b2ad13) slti    s10, t0, 1899
core   0: 0 0x8000d51e (0x76b2ad13) x26 0x00000001
core   0: 0x8000d522 (0x00537a63) bgeu    t1, t0, pc + 20
core   0: 0 0x8000d522 (0x00537a63)
core   0: 0x8000d536 (0xad47ea13) ori     s4, a5, -1324
core   0: 0 0x8000d536 (0xad47ea13) x20 0xfffffbfd
core   0: 0x8000d53a (0x00462083) lw      ra, 4(a2)
core   0: 0 0x8000d53a (0x00462083) x1  0x800032ce mem 0x80030e44
core   0: 0x8000d53e (0x009b85b3) add     a1, s7, s1
core   0: 0 0x8000d53e (0x009b85b3) x11 0x813fe1c0
core   0: 0x8000d542 (0x02460613) addi    a2, a2, 36
core   0: 0 0x8000d542 (0x02460613) x12 0x80030e64
core   0: 0x8000d546 (0x0391eeb3) rem     t4, gp, s9
core   0: 0 0x8000d546 (0x0391eeb3) x29 0x00000000
core   0: 0x8000d54a (0xf1b34193) xori    gp, t1, -229
core   0: 0 0x8000d54a (0xf1b34193) x3  0x7ffcb3ff
core   0: 0x8000d54e (0x00008d86) c.mv    s11, ra
core   0: 0 0x8000d54e (0x8d86) x27 0x800032ce
core   0: 0x8000d550 (0x00008c71) c.and   s0, a2
core   0: 0 0x8000d550 (0x8c71) x8  0x00000000
core   0: 0x8000d552 (0x00008c93) mv      s9, ra
core   0: 0 0x8000d552 (0x00008c93) x25 0x800032ce
core   0: 0x8000d556 (0x000c8ce7) jalr    s9, s9, 0
core   0: 0 0x8000d556 (0x000c8ce7) x25 0x8000d55a
core   0: 0x800032ce (0x0001b817) auipc   a6, 0x1b
core   0: 0 0x800032ce (0x0001b817) x16 0x8001e2ce
core   0: 0x800032d2 (0xfea80813) addi    a6, a6, -22
core   0: 0 0x800032d2 (0xfea80813) x16 0x8001e2b8
core   0: 0x800032d6 (0x00018297) auipc   t0, 0x18
core   0: 0 0x800032d6 (0x00018297) x5  0x8001b2d6
core   0: 0x800032da (0x6da28293) addi    t0, t0, 1754
core   0: 0 0x800032da (0x6da28293) x5  0x8001b9b0
core   0: 0x800032de (0xfcf82503) lw      a0, -49(a6)
core   0: 0 0x800032de (0xfcf82503) x10 0x4142433c mem 0x8001e287 mem 0x8001e288 mem 0x8001e289 mem 0x8001e28a
core   0: 0x800032e2 (0x62c29d83) lh      s11, 1580(t0)
core   0: 0 0x800032e2 (0x62c29d83) x27 0xffff9697 mem 0x8001bfdc
core   0: 0x800032e6 (0xff180e83) lb      t4, -15(a6)
core   0: 0 0x800032e6 (0xff180e83) x29 0x00000062 mem 0x8001e2a9
core   0: 0x800032ea (0xd6628b83) lb      s7, -666(t0)
core   0: 0 0x800032ea (0xd6628b83) x23 0xffffffcd mem 0x8001b716
core   0: 0x800032ee (0x02081c03) lh      s8, 32(a6)
core   0: 0 0x800032ee (0x02081c03) x24 0xffff9293 mem 0x8001e2d8
core   0: 0x800032f2 (0xa1d29503) lh      a0, -1507(t0)
core   0: 0 0x800032f2 (0xa1d29503) x10 0xffff8586 mem 0x8001b3cd mem 0x8001b3ce
core   0: 0x800032f6 (0xfee81a03) lh      s4, -18(a6)
core   0: 0 0x800032f6 (0xfee81a03) x20 0x00005c5d mem 0x8001e2a6
core   0: 0x800032fa (0x00685a03) lhu     s4, 6(a6)
core   0: 0 0x800032fa (0x00685a03) x20 0x00007475 mem 0x8001e2be
core   0: 0x800032fe (0x02280ba3) sb      sp, 55(a6)
core   0: 0 0x800032fe (0x02280ba3) mem 0x8001e2ef 0x95
core   0: 0x80003302 (0x4a629723) sh      t1, 1198(t0)
core   0: 0 0x80003302 (0x4a629723) mem 0x8001be5e 0x4ce4
core   0: 0x80003306 (0x0c82ab83) lw      s7, 200(t0)
core   0: 0 0x80003306 (0x0c82ab83) x23 0x30313233 mem 0x8001ba78
core   0: 0x8000330a (0x0001fa97) auipc   s5, 0x1f
core   0: 0 0x8000330a (0x0001fa97) x21 0x8002230a
core   0: 0x8000330e (0x513a8a93) addi    s5, s5, 1299
core   0: 0 0x8000330e (0x513a8a93) x21 0x8002281d
core   0: 0x80003312 (0x007adf83) lhu     t6, 7(s5)
core   0: 0 0x80003312 (0x007adf83) x31 0x0000dedf mem 0x80022824
core   0: 0x80003316 (0x96a83c97) auipc   s9, 0x96a83
core   0: 0 0x80003316 (0x96a83c97) x25 0x16a86316
core   0: 0x8000331a (0x011da4b3) slt     s1, s11, a7
core   0: 0 0x8000331a (0x011da4b3) x9  0x00000000
core   0: 0x8000331e (0xffcad783) lhu     a5, -4(s5)
core   0: 0 0x8000331e (0xffcad783) x15 0x0000d1d2 mem 0x80022819 mem 0x8002281a
core   0: 0x80003322 (0xff9aa503) lw      a0, -7(s5)
core   0: 0 0x80003322 (0xff9aa503) x10 0xd2d3cccd mem 0x80022816 mem 0x80022817 mem 0x80022818 mem 0x80022819
core   0: 0x80003326 (0x00000001) c.nop
core   0: 0 0x80003326 (0x0001)
core   0: 0x80003328 (0xff1a8503) lb      a0, -15(s5)
core   0: 0 0x80003328 (0xff1a8503) x10 0xffffffc5 mem 0x8002280e
core   0: 0x8000332c (0x40de8d33) sub     s10, t4, a3
core   0: 0 0x8000332c (0x40de8d33) x26 0x7ffcb363
core   0: 0x80003330 (0xffca9483) lh      s1, -4(s5)
core   0: 0 0x80003330 (0xffca9483) x9  0xffffd1d2 mem 0x80022819 mem 0x8002281a
core   0: 0x80003334 (0x00004b6d) c.li    s6, 27
core   0: 0 0x80003334 (0x4b6d) x22 0x0000001b
core   0: 0x80003336 (0xffda8d23) sb      t4, -6(s5)
core   0: 0 0x80003336 (0xffda8d23) mem 0x80022817 0x62
core   0: 0x8000333a (0xfe6a8c23) sb      t1, -8(s5)
core   0: 0 0x8000333a (0xfe6a8c23) mem 0x80022815 0xe4
core   0: 0x8000333e (0x01293c33) sltu    s8, s2, s2
core   0: 0 0x8000333e (0x01293c33) x24 0x00000000
core   0: 0x80003342 (0xfe8aaea3) sw      s0, -3(s5)
core   0: 0 0x80003342 (0xfe8aaea3) mem 0x8002281a 0x0 mem 0x8002281b 0x0 mem 0x8002281c 0x0 mem 0x8002281d 0x0
core   0: 0x80003346 (0x024b6533) rem     a0, s6, tp
core   0: 0 0x80003346 (0x024b6533) x10 0x0000001b
core   0: 0x8000334a (0x0169f5b3) and     a1, s3, s6
core   0: 0 0x8000334a (0x0169f5b3) x11 0x00000000
core   0: 0x8000334e (0xfe4a9ca3) sh      tp, -7(s5)
core   0: 0 0x8000334e (0xfe4a9ca3) mem 0x80022816 0x4000
core   0: 0x80003352 (0xff6add03) lhu     s10, -10(s5)
core   0: 0 0x80003352 (0xff6add03) x26 0x0000cfc8 mem 0x80022813 mem 0x80022814
core   0: 0x80003356 (0x00baa6a3) sw      a1, 13(s5)
core   0: 0 0x80003356 (0x00baa6a3) mem 0x8002282a 0x0 mem 0x8002282b 0x0 mem 0x8002282c 0x0 mem 0x8002282d 0x0
core   0: 0x8000335a (0x017a8723) sb      s7, 14(s5)
core   0: 0 0x8000335a (0x017a8723) mem 0x8002282b 0x33
core   0: 0x8000335e (0x00008ee1) c.and   a3, s0
core   0: 0 0x8000335e (0x8ee1) x13 0x00000000
core   0: 0x80003360 (0x013a8823) sb      s3, 16(s5)
core   0: 0 0x80003360 (0x013a8823) mem 0x8002282d 0xc0
core   0: 0x80003364 (0x012a80a3) sb      s2, 1(s5)
core   0: 0 0x80003364 (0x012a80a3) mem 0x8002281e 0x47
core   0: 0x80003368 (0x00008ec1) c.or    a3, s0
core   0: 0 0x80003368 (0x8ec1) x13 0x00000000
core   0: 0x8000336a (0x005a83a3) sb      t0, 7(s5)
core   0: 0 0x8000336a (0x005a83a3) mem 0x80022824 0xb0
core   0: 0x8000336e (0xff1a9e23) sh      a7, -4(s5)
core   0: 0 0x8000336e (0xff1a9e23) mem 0x80022819 0x6e mem 0x8002281a 0x43
core   0: 0x80003372 (0x00018797) auipc   a5, 0x18
core   0: 0 0x80003372 (0x00018797) x15 0x8001b372
core   0: 0x80003376 (0xd3b78793) addi    a5, a5, -709
core   0: 0 0x80003376 (0xd3b78793) x15 0x8001b0ad
core   0: 0x8000337a (0x01d7a203) lw      tp, 29(a5)
core   0: 0 0x8000337a (0x01d7a203) x4  0x86878081 mem 0x8001b0ca mem 0x8001b0cb mem 0x8001b0cc mem 0x8001b0cd
core   0: 0x8000337e (0x01b79fa3) sh      s11, 31(a5)
core   0: 0 0x8000337e (0x01b79fa3) mem 0x8001b0cc 0x9697
core   0: 0x80003382 (0x01779323) sh      s7, 6(a5)
core   0: 0 0x80003382 (0x01779323) mem 0x8001b0b3 0x33 mem 0x8001b0b4 0x32
core   0: 0x80003386 (0x01a79323) sh      s10, 6(a5)
core   0: 0 0x80003386 (0x01a79323) mem 0x8001b0b3 0xc8 mem 0x8001b0b4 0xcf
core   0: 0x8000338a (0x00a7a323) sw      a0, 6(a5)
core   0: 0 0x8000338a (0x00a7a323) mem 0x8001b0b3 0x1b mem 0x8001b0b4 0x0 mem 0x8001b0b5 0x0 mem 0x8001b0b6 0x0
core   0: 0x8000338e (0x02d7c803) lbu     a6, 45(a5)
core   0: 0 0x8000338e (0x02d7c803) x16 0x00000091 mem 0x8001b0da
core   0: 0x80003392 (0x00e79ca3) sh      a4, 25(a5)
core   0: 0 0x80003392 (0x00e79ca3) mem 0x8001b0c6 0x4ce4
core   0: 0x80003396 (0x0197d683) lhu     a3, 25(a5)
core   0: 0 0x80003396 (0x0197d683) x13 0x00004ce4 mem 0x8001b0c6
core   0: 0x8000339a (0x00000d12) c.slli  s10, 4
core   0: 0 0x8000339a (0x0d12) x26 0x000cfc80
core   0: 0x8000339c (0x02d78123) sb      a3, 34(a5)
core   0: 0 0x8000339c (0x02d78123) mem 0x8001b0cf 0xe4
core   0: 0x800033a0 (0x03c7ca03) lbu     s4, 60(a5)
core   0: 0 0x800033a0 (0x03c7ca03) x20 0x000000a2 mem 0x8001b0e9
core   0: 0x800033a4 (0x012bfd33) and     s10, s7, s2
core   0: 0 0x800033a4 (0x012bfd33) x26 0x00000003
core   0: 0x800033a8 (0x03c78283) lb      t0, 60(a5)
core   0: 0 0x800033a8 (0x03c78283) x5  0xffffffa2 mem 0x8001b0e9
core   0: 0x800033ac (0x03c79903) lh      s2, 60(a5)
core   0: 0 0x800033ac (0x03c79903) x18 0xffffa1a2 mem 0x8001b0e9 mem 0x8001b0ea
core   0: 0x800033b0 (0x00f78183) lb      gp, 15(a5)
core   0: 0 0x800033b0 (0x00f78183) x3  0x00000077 mem 0x8001b0bc
core   0: 0x800033b4 (0x00f78b83) lb      s7, 15(a5)
core   0: 0 0x800033b4 (0x00f78b83) x23 0x00000077 mem 0x8001b0bc
core   0: 0x800033b8 (0xfcf7d203) lhu     tp, -49(a5)
core   0: 0 0x800033b8 (0xfcf7d203) x4  0x00003637 mem 0x8001b07c
core   0: 0x800033bc (0x00018b97) auipc   s7, 0x18
core   0: 0 0x800033bc (0x00018b97) x23 0x8001b3bc
core   0: 0x800033c0 (0x445b8b93) addi    s7, s7, 1093
core   0: 0 0x800033c0 (0x445b8b93) x23 0x8001b801
core   0: 0x800033c4 (0x098bd583) lhu     a1, 152(s7)
core   0: 0 0x800033c4 (0x098bd583) x11 0x00005152 mem 0x8001b899 mem 0x8001b89a
core   0: 0x800033c8 (0x00eb8523) sb      a4, 10(s7)
core   0: 0 0x800033c8 (0x00eb8523) mem 0x8001b80b 0xe4
core   0: 0x800033cc (0x0001f317) auipc   t1, 0x1f
core   0: 0 0x800033cc (0x0001f317) x6  0x800223cc
core   0: 0x800033d0 (0x4dc30313) addi    t1, t1, 1244
core   0: 0 0x800033d0 (0x4dc30313) x6  0x800228a8
core   0: 0x800033d4 (0xf96b8083) lb      ra, -106(s7)
core   0: 0 0x800033d4 (0xf96b8083) x1  0x0000004c mem 0x8001b797
core   0: 0x800033d8 (0xff835883) lhu     a7, -8(t1)
core   0: 0 0x800033d8 (0xff835883) x17 0x00005a5b mem 0x800228a0
core   0: 0x800033dc (0xa2d31503) lh      a0, -1491(t1)
core   0: 0 0x800033dc (0xa2d31503) x10 0xffff8d8e mem 0x800222d5 mem 0x800222d6
core   0: 0x800033e0 (0xf10b97a3) sh      a6, -241(s7)
core   0: 0 0x800033e0 (0xf10b97a3) mem 0x8001b710 0x0091
core   0: 0x800033e4 (0x0c2b9683) lh      a3, 194(s7)
core   0: 0 0x800033e4 (0x0c2b9683) x13 0x00007f78 mem 0x8001b8c3 mem 0x8001b8c4
core   0: 0x800033e8 (0x878327a3) sw      s8, -1937(t1)
core   0: 0 0x800033e8 (0x878327a3) mem 0x80022117 0x0 mem 0x80022118 0x0 mem 0x80022119 0x0 mem 0x8002211a 0x0
core   0: 0x800033ec (0x0e9b9283) lh      t0, 233(s7)
core   0: 0 0x800033ec (0x0e9b9283) x5  0xffffa0a1 mem 0x8001b8ea
core   0: 0x800033f0 (0xd52302a3) sb      s2, -699(t1)
core   0: 0 0x800033f0 (0xd52302a3) mem 0x800225ed 0xa2
core   0: 0x800033f4 (0xf56b9aa3) sh      s6, -171(s7)
core   0: 0 0x800033f4 (0xf56b9aa3) mem 0x8001b756 0x001b
core   0: 0x800033f8 (0x67f30d83) lb      s11, 1663(t1)
core   0: 0 0x800033f8 (0x67f30d83) x27 0xffffffdc mem 0x80022f27
core   0: 0x800033fc (0x3c731823) sh      t2, 976(t1)
core   0: 0 0x800033fc (0x3c731823) mem 0x80022c78 0x0000
core   0: 0x80003400 (0x0cbbd183) lhu     gp, 203(s7)
core   0: 0 0x80003400 (0x0cbbd183) x3  0x00000000 mem 0x8001b8cc
core   0: 0x80003404 (0xd0630223) sb      t1, -764(t1)
core   0: 0 0x80003404 (0xd0630223) mem 0x800225ac 0xa8
core   0: 0x80003408 (0x51231503) lh      a0, 1298(t1)
core   0: 0 0x80003408 (0x51231503) x10 0x00007071 mem 0x80022dba
core   0: 0x8000340c (0x65f314a3) sh      t6, 1609(t1)
core   0: 0 0x8000340c (0x65f314a3) mem 0x80022ef1 0xdf mem 0x80022ef2 0xde
core   0: 0x80003410 (0xb6e34803) lbu     a6, -1170(t1)
core   0: 0 0x80003410 (0xb6e34803) x16 0x000000cd mem 0x80022416
core   0: 0x80003414 (0x00021317) auipc   t1, 0x21
core   0: 0 0x80003414 (0x00021317) x6  0x80024414
core   0: 0x80003418 (0xa0a30313) addi    t1, t1, -1526
core   0: 0 0x80003418 (0xa0a30313) x6  0x80023e1e
core   0: 0x8000341c (0xff730c03) lb      s8, -9(t1)
core   0: 0 0x8000341c (0xff730c03) x24 0xffffffce mem 0x80023e15
core   0: 0x80003420 (0x00e32383) lw      t2, 14(t1)
core   0: 0 0x80003420 (0x00e32383) x7  0xe4e5e6e7 mem 0x80023e2c
core   0: 0x80003424 (0x017f74b3) and     s1, t5, s7
core   0: 0 0x80003424 (0x017f74b3) x9  0x8001b801
core   0: 0x80003428 (0x91ee0c93) addi    s9, t3, -1762
core   0: 0 0x80003428 (0x91ee0c93) x25 0x0000291e
core   0: 0x8000342c (0x00001dfd) c.addi  s11, -1
core   0: 0 0x8000342c (0x1dfd) x27 0xffffffdb
core   0: 0x8000342e (0x00008c09) c.sub   s0, a0
core   0: 0 0x8000342e (0x8c09) x8  0xffff8f8f
core   0: 0x80003430 (0x00b59433) sll     s0, a1, a1
core   0: 0 0x80003430 (0x00b59433) x8  0x45480000
core   0: 0x80003434 (0x00008cd5) c.or    s1, a3
core   0: 0 0x80003434 (0x8cd5) x9  0x8001ff79
core   0: 0x80003436 (0x00000001) c.nop
core   0: 0 0x80003436 (0x0001)
core   0: 0x80003438 (0x002465b3) or      a1, s0, sp
core   0: 0 0x80003438 (0x002465b3) x11 0xf5eb9895
core   0: 0x8000343c (0x020fa433) mulhsu  s0, t6, zero
core   0: 0 0x8000343c (0x020fa433) x8  0x00000000
core   0: 0x80003440 (0x41f68a33) sub     s4, a3, t6
core   0: 0 0x80003440 (0x41f68a33) x20 0xffffa099
core   0: 0x80003444 (0x03ef0933) mul     s2, t5, t5
core   0: 0 0x80003444 (0x03ef0933) x18 0x00004309
core   0: 0x80003448 (0x00006561) c.lui   a0, 0x18
core   0: 0 0x80003448 (0x6561) x10 0x00018000
core   0: 0x8000344a (0xff932d03) lw      s10, -7(t1)
core   0: 0 0x8000344a (0xff932d03) x26 0xd1d2d3cc mem 0x80023e17 mem 0x80023e18 mem 0x80023e19 mem 0x80023e1a
core   0: 0x8000344e (0x419a5993) srai    s3, s4, 25
core   0: 0 0x8000344e (0x419a5993) x19 0xffffffff
core   0: 0x80003452 (0xfff30ba3) sb      t6, -9(t1)
core   0: 0 0x80003452 (0xfff30ba3) mem 0x80023e15 0xdf
core   0: 0x80003456 (0xbe75b1b7) lui     gp, 0xbe75b
core   0: 0 0x80003456 (0xbe75b1b7) x3  0xbe75b000
core   0: 0x8000345a (0x02d3a6b3) mulhsu  a3, t2, a3
core   0: 0 0x8000345a (0x02d3a6b3) x13 0xfffff281
core   0: 0x8000345e (0xffc34283) lbu     t0, -4(t1)
core   0: 0 0x8000345e (0xffc34283) x5  0x000000d1 mem 0x80023e1a
core   0: 0x80003462 (0xfea319a3) sh      a0, -13(t1)
core   0: 0 0x80003462 (0xfea319a3) mem 0x80023e11 0x0 mem 0x80023e12 0x80
core   0: 0x80003466 (0x00008fcd) c.or    a5, a1
core   0: 0 0x80003466 (0x8fcd) x15 0xf5ebb8bd
core   0: 0x80003468 (0x00741b13) slli    s6, s0, 7
core   0: 0 0x80003468 (0x00741b13) x22 0x00000000
core   0: 0x8000346c (0x0204a5b3) mulhsu  a1, s1, zero
core   0: 0 0x8000346c (0x0204a5b3) x11 0x00000000
core   0: 0x80003470 (0x00000001) c.nop
core   0: 0 0x80003470 (0x0001)
core   0: 0x80003472 (0x00330503) lb      a0, 3(t1)
core   0: 0 0x80003472 (0x00330503) x10 0xffffffda mem 0x80023e21
core   0: 0x80003476 (0x0099c0b3) xor     ra, s3, s1
core   0: 0 0x80003476 (0x0099c0b3) x1  0x7ffe0086
core   0: 0x8000347a (0x00c35a03) lhu     s4, 12(t1)
core   0: 0 0x8000347a (0x00c35a03) x20 0x0000e0e1 mem 0x80023e2a
core   0: 0x8000347e (0x5f426d13) ori     s10, tp, 1524
core   0: 0 0x8000347e (0x5f426d13) x26 0x000037f7
core   0: 0x80003482 (0x01f31823) sh      t6, 16(t1)
core   0: 0 0x80003482 (0x01f31823) mem 0x80023e2e 0xdedf
core   0: 0x80003486 (0x000083c5) c.srli  a5, 17
core   0: 0 0x80003486 (0x83c5) x15 0x00007af5
core   0: 0x80003488 (0x305a7a93) andi    s5, s4, 773
core   0: 0 0x80003488 (0x305a7a93) x21 0x00000001
core   0: 0x8000348c (0x00030783) lb      a5, 0(t1)
core   0: 0 0x8000348c (0x00030783) x15 0xffffffd5 mem 0x80023e1e
core   0: 0x80003490 (0x672e7d93) andi    s11, t3, 1650
core   0: 0 0x80003490 (0x672e7d93) x27 0x00000000
core   0: 0x80003494 (0xff331803) lh      a6, -13(t1)
core   0: 0 0x80003494 (0xff331803) x16 0xffff8000 mem 0x80023e11 mem 0x80023e12
core   0: 0x80003498 (0x0ff0000f) fence   iorw,iorw
core   0: 0 0x80003498 (0x0ff0000f)
core   0: 0x8000349c (0xff2319a3) sh      s2, -13(t1)
core   0: 0 0x8000349c (0xff2319a3) mem 0x80023e11 0x9 mem 0x80023e12 0x43
core   0: 0x800034a0 (0xffe31b03) lh      s6, -2(t1)
core   0: 0 0x800034a0 (0xffe31b03) x22 0xffffd6d7 mem 0x80023e1c
core   0: 0x800034a4 (0x014307a3) sb      s4, 15(t1)
core   0: 0 0x800034a4 (0x014307a3) mem 0x80023e2d 0xe1
core   0: 0x800034a8 (0x18352793) slti    a5, a0, 387
core   0: 0 0x800034a8 (0x18352793) x15 0x00000001
core   0: 0x800034ac (0x036c2033) mulhsu  zero, s8, s6
core   0: 0 0x800034ac (0x036c2033)
core   0: 0x800034b0 (0xfe531823) sh      t0, -16(t1)
core   0: 0 0x800034b0 (0xfe531823) mem 0x80023e0e 0x00d1
core   0: 0x800034b4 (0x00a32383) lw      t2, 10(t1)
core   0: 0 0x800034b4 (0x00a32383) x7  0xe0e1e2e3 mem 0x80023e28
core   0: 0x800034b8 (0x00018197) auipc   gp, 0x18
core   0: 0 0x800034b8 (0x00018197) x3  0x8001b4b8
core   0: 0x800034bc (0xe6018193) addi    gp, gp, -416
core   0: 0 0x800034bc (0xe6018193) x3  0x8001b318
core   0: 0x800034c0 (0xff818b83) lb      s7, -8(gp)
core   0: 0 0x800034c0 (0xff818b83) x23 0xffffffcb mem 0x8001b310
core   0: 0x800034c4 (0x00418683) lb      a3, 4(gp)
core   0: 0 0x800034c4 (0x00418683) x13 0xffffffd7 mem 0x8001b31c
core   0: 0x800034c8 (0x01c18223) sb      t3, 4(gp)
core   0: 0 0x800034c8 (0x01c18223) mem 0x8001b31c 0x0
core   0: 0x800034cc (0x0181a323) sw      s8, 6(gp)
core   0: 0 0x800034cc (0x0181a323) mem 0x8001b31e 0xce mem 0x8001b31f 0xff mem 0x8001b320 0xff mem 0x8001b321 0xff
core   0: 0x800034d0 (0x0101a623) sw      a6, 12(gp)
core   0: 0 0x800034d0 (0x0101a623) mem 0x8001b324 0xffff8000
core   0: 0x800034d4 (0x033f80b3) mul     ra, t6, s3
core   0: 0 0x800034d4 (0x033f80b3) x1  0xffff2121
core   0: 0x800034d8 (0x00a18623) sb      a0, 12(gp)
core   0: 0 0x800034d8 (0x00a18623) mem 0x8001b324 0xda
core   0: 0x800034dc (0x01018623) sb      a6, 12(gp)
core   0: 0 0x800034dc (0x01018623) mem 0x8001b324 0x0
core   0: 0x800034e0 (0x00c067b3) or      a5, zero, a2
core   0: 0 0x800034e0 (0x00c067b3) x15 0x80030e64
core   0: 0x800034e4 (0x00319883) lh      a7, 3(gp)
core   0: 0 0x800034e4 (0x00319883) x17 0x000000d0 mem 0x8001b31b mem 0x8001b31c
core   0: 0x800034e8 (0x01a1a1a3) sw      s10, 3(gp)
core   0: 0 0x800034e8 (0x01a1a1a3) mem 0x8001b31b 0xf7 mem 0x8001b31c 0x37 mem 0x8001b31d 0x0 mem 0x8001b31e 0x0
core   0: 0x800034ec (0x0191a1a3) sw      s9, 3(gp)
core   0: 0 0x800034ec (0x0191a1a3) mem 0x8001b31b 0x1e mem 0x8001b31c 0x29 mem 0x8001b31d 0x0 mem 0x8001b31e 0x0
core   0: 0x800034f0 (0x00319b03) lh      s6, 3(gp)
core   0: 0 0x800034f0 (0x00319b03) x22 0x0000291e mem 0x8001b31b mem 0x8001b31c
core   0: 0x800034f4 (0xff81aa23) sw      s8, -12(gp)
core   0: 0 0x800034f4 (0xff81aa23) mem 0x8001b30c 0xffffffce
core   0: 0x800034f8 (0xfea188a3) sb      a0, -15(gp)
core   0: 0 0x800034f8 (0xfea188a3) mem 0x8001b309 0xda
core   0: 0x800034fc (0x5cf90f13) addi    t5, s2, 1487
core   0: 0 0x800034fc (0x5cf90f13) x30 0x000048d8
core   0: 0x80003500 (0x00008d56) c.mv    s10, s5
core   0: 0 0x80003500 (0x8d56) x26 0x00000001
core   0: 0x80003502 (0x014b1eb3) sll     t4, s6, s4
core   0: 0 0x80003502 (0x014b1eb3) x29 0x0000523c
core   0: 0x80003506 (0x0000c021) c.beqz  s0, pc + 64
core   0: 0 0x80003506 (0xc021)
core   0: 0x80003546 (0xeeda3d93) sltiu   s11, s4, -275
core   0: 0 0x80003546 (0xeeda3d93) x27 0x00000001
core   0: 0x8000354a (0xeeb07013) andi    zero, zero, -277
core   0: 0 0x8000354a (0xeeb07013)
core   0: 0x8000354e (0x0ff0000f) fence   iorw,iorw
core   0: 0 0x8000354e (0x0ff0000f)
core   0: 0x80003552 (0xeef4d7b7) lui     a5, 0xeef4d
core   0: 0 0x80003552 (0xeef4d7b7) x15 0xeef4d000
core   0: 0x80003556 (0x00006dfd) c.lui   s11, 0x1f
core   0: 0 0x80003556 (0x6dfd) x27 0x0001f000
core   0: 0x80003558 (0x41d30eb3) sub     t4, t1, t4
core   0: 0 0x80003558 (0x41d30eb3) x29 0x8001ebe2
core   0: 0x8000355c (0x0ff0000f) fence   iorw,iorw
core   0: 0 0x8000355c (0x0ff0000f)
core   0: 0x80003560 (0x03b36963) bltu    t1, s11, pc + 50
core   0: 0 0x80003560 (0x03b36963)
core   0: 0x80003564 (0x00008d2d) c.xor   a0, a1
core   0: 0 0x80003564 (0x8d2d) x10 0xffffffda
core   0: 0x80003566 (0x00008155) c.srli  a0, 21
core   0: 0 0x80003566 (0x8155) x10 0x000007ff
core   0: 0x80003568 (0x0312c033) div     zero, t0, a7
core   0: 0 0x80003568 (0x0312c033)
core   0: 0x8000356c (0x0078d933) srl     s2, a7, t2
core   0: 0 0x8000356c (0x0078d933) x18 0x0000001a
core   0: 0x80003570 (0x8382c993) xori    s3, t0, -1992
core   0: 0 0x80003570 (0x8382c993) x19 0xfffff8e9
core   0: 0x80003574 (0x00009e12) c.add   t3, tp
core   0: 0 0x80003574 (0x9e12) x28 0x00006637
core   0: 0x80003576 (0x032fe7b3) rem     a5, t6, s2
core   0: 0 0x80003576 (0x032fe7b3) x15 0x0000000b
core   0: 0x8000357a (0x00000001) c.nop
core   0: 0 0x8000357a (0x0001)
core   0: 0x8000357c (0x01b37c33) and     s8, t1, s11
core   0: 0 0x8000357c (0x01b37c33) x24 0x00003000
core   0: 0x80003580 (0x013cd7b3) srl     a5, s9, s3
core   0: 0 0x80003580 (0x013cd7b3) x15 0x00000014
core   0: 0x80003584 (0x00d9ba33) sltu    s4, s3, a3
core   0: 0 0x80003584 (0x00d9ba33) x20 0x00000001
core   0: 0x80003588 (0x03697c33) remu    s8, s2, s6
core   0: 0 0x80003588 (0x03697c33) x24 0x0000001a
core   0: 0x8000358c (0x02513c33) mulhu   s8, sp, t0
core   0: 0 0x8000358c (0x02513c33) x24 0x000000c8
core   0: 0x80003590 (0x00000001) c.nop
core   0: 0 0x80003590 (0x0001)
core   0: 0x80003592 (0x03657963) bgeu    a0, s6, pc + 50
core   0: 0 0x80003592 (0x03657963)
core   0: 0x80003596 (0x000080c5) c.srli  s1, 17
core   0: 0 0x80003596 (0x80c5) x9  0x00004000
core   0: 0x80003598 (0x03755833) divu    a6, a0, s7
core   0: 0 0x80003598 (0x03755833) x16 0x00000000
core   0: 0x8000359c (0x0000c79d) c.beqz  a5, pc + 46
core   0: 0 0x8000359c (0xc79d)
core   0: 0x8000359e (0x00e59d13) slli    s10, a1, 14
core   0: 0 0x8000359e (0x00e59d13) x26 0x00000000
core   0: 0x800035a2 (0x02394163) blt     s2, gp, pc + 34
core   0: 0 0x800035a2 (0x02394163)
core   0: 0x800035a6 (0x004a1263) bne     s4, tp, pc + 4
core   0: 0 0x800035a6 (0x004a1263)
core   0: 0x800035aa (0x00008d15) c.sub   a0, a3
core   0: 0 0x800035aa (0x8d15) x10 0x00000828
core   0: 0x800035ac (0x03729833) mulh    a6, t0, s7
core   0: 0 0x800035ac (0x03729833) x16 0xffffffff
core   0: 0x800035b0 (0x2cb27793) andi    a5, tp, 715
core   0: 0 0x800035b0 (0x2cb27793) x15 0x00000203
core   0: 0x800035b4 (0x033510b3) mulh    ra, a0, s3
core   0: 0 0x800035b4 (0x033510b3) x1  0xffffffff
core   0: 0x800035b8 (0x5beac493) xori    s1, s5, 1470
core   0: 0 0x800035b8 (0x5beac493) x9  0x000005bf
core   0: 0x800035bc (0x037fdab3) divu    s5, t6, s7
core   0: 0 0x800035bc (0x037fdab3) x21 0x00000000
core   0: 0x800035c0 (0x5cf44013) xori    zero, s0, 1487
core   0: 0 0x800035c0 (0x5cf44013)
core   0: 0x800035c4 (0x1a638693) addi    a3, t2, 422
core   0: 0 0x800035c4 (0x1a638693) x13 0xe0e1e489
core   0: 0x800035c8 (0x0000c915) c.beqz  a0, pc + 52
core   0: 0 0x800035c8 (0xc915)
core   0: 0x800035ca (0x01bde9b3) or      s3, s11, s11
core   0: 0 0x800035ca (0x01bde9b3) x19 0x0001f000
core   0: 0x800035ce (0xf978fd93) andi    s11, a7, -105
core   0: 0 0x800035ce (0xf978fd93) x27 0x00000090
core   0: 0x800035d2 (0x00008ff1) c.and   a5, a2
core   0: 0 0x800035d2 (0x8ff1) x15 0x00000200
core   0: 0x800035d4 (0xfa5c2bb7) lui     s7, 0xfa5c2
core   0: 0 0x800035d4 (0xfa5c2bb7) x23 0xfa5c2000
core   0: 0x800035d8 (0x00008d51) c.or    a0, a2
core   0: 0 0x800035d8 (0x8d51) x10 0x80030e6c
core   0: 0x800035da (0x40cb85b3) sub     a1, s7, a2
core   0: 0 0x800035da (0x40cb85b3) x11 0x7a59119c
core   0: 0x800035de (0x11bd8793) addi    a5, s11, 283
core   0: 0 0x800035de (0x11bd8793) x15 0x000001ab
core   0: 0x800035e2 (0x00000001) c.nop
core   0: 0 0x800035e2 (0x0001)
core   0: 0x800035e4 (0x0000987d) c.andi  s0, -1
core   0: 0 0x800035e4 (0x987d) x8  0x00000000
core   0: 0x800035e6 (0x01d31f13) slli    t5, t1, 29
core   0: 0 0x800035e6 (0x01d31f13) x30 0xc0000000
core   0: 0x800035ea (0x005cd763) bge     s9, t0, pc + 14
core   0: 0 0x800035ea (0x005cd763)
core   0: 0x800035f8 (0x052bd163) bge     s7, s2, pc + 66
core   0: 0 0x800035f8 (0x052bd163)
core   0: 0x800035fc (0x00008ef9) c.and   a3, a4
core   0: 0 0x800035fc (0x8ef9) x13 0x80014480
core   0: 0x800035fe (0x03ed0763) beq     s10, t5, pc + 46
core   0: 0 0x800035fe (0x03ed0763)
core   0: 0x80003602 (0x036a5cb3) divu    s9, s4, s6
core   0: 0 0x80003602 (0x036a5cb3) x25 0x00000000
core   0: 0x80003606 (0x408a5933) sra     s2, s4, s0
core   0: 0 0x80003606 (0x408a5933) x18 0x00000001
core   0: 0x8000360a (0x02f04563) blt     zero, a5, pc + 42
core   0: 0 0x8000360a (0x02f04563)
core   0: 0x80003634 (0x0000e13d) c.bnez  a0, pc + 102
core   0: 0 0x80003634 (0xe13d)
core   0: 0x8000369a (0x000086c9) c.srai  a3, 18
core   0: 0 0x8000369a (0x86c9) x13 0xffffe000
core   0: 0x8000369c (0x028f57b3) divu    a5, t5, s0
core   0: 0 0x8000369c (0x028f57b3) x15 0xffffffff
core   0: 0x800036a0 (0x91c8f493) andi    s1, a7, -1764
core   0: 0 0x800036a0 (0x91c8f493) x9  0x00000010
core   0: 0x800036a4 (0x01ed0863) beq     s10, t5, pc + 16
core   0: 0 0x800036a4 (0x01ed0863)
core   0: 0x800036a8 (0x031044b3) div     s1, zero, a7
core   0: 0 0x800036a8 (0x031044b3) x9  0x00000000
core   0: 0x800036ac (0x2ab46bb7) lui     s7, 0x2ab46
core   0: 0 0x800036ac (0x2ab46bb7) x23 0x2ab46000
core   0: 0x800036b0 (0x00bdf763) bgeu    s11, a1, pc + 14
core   0: 0 0x800036b0 (0x00bdf763)
core   0: 0x800036b4 (0x00008c61) c.and   s0, s0
core   0: 0 0x800036b4 (0x8c61) x8  0x00000000
core   0: 0x800036b6 (0x02806f33) rem     t5, zero, s0
core   0: 0 0x800036b6 (0x02806f33) x30 0x00000000
core   0: 0x800036ba (0x0000cb91) c.beqz  a5, pc + 20
core   0: 0 0x800036ba (0xcb91)
core   0: 0x800036bc (0x00008f99) c.sub   a5, a4
core   0: 0 0x800036bc (0x8f99) x15 0x7ffcb31b
core   0: 0x800036be (0x00008431) c.srai  s0, 12
core   0: 0 0x800036be (0x8431) x8  0x00000000
core   0: 0x800036c0 (0x02df3033) mulhu   zero, t5, a3
core   0: 0 0x800036c0 (0x02df3033)
core   0: 0x800036c4 (0x00174ab3) xor     s5, a4, ra
core   0: 0 0x800036c4 (0x00174ab3) x21 0x7ffcb31b
core   0: 0x800036c8 (0x00c81413) slli    s0, a6, 12
core   0: 0 0x800036c8 (0x00c81413) x8  0xfffff000
core   0: 0x800036cc (0x00000001) c.nop
core   0: 0 0x800036cc (0x0001)
core   0: 0x800036ce (0x534fee93) ori     t4, t6, 1332
core   0: 0 0x800036ce (0x534fee93) x29 0x0000dfff
core   0: 0x800036d2 (0x0025c5b3) xor     a1, a1, sp
core   0: 0 0x800036d2 (0x0025c5b3) x11 0x8fba8909
core   0: 0x800036d6 (0xce4187b7) lui     a5, 0xce418
core   0: 0 0x800036d6 (0xce4187b7) x15 0xce418000
core   0: 0x800036da (0x00a19033) sll     zero, gp, a0
core   0: 0 0x800036da (0x00a19033)
core   0: 0x800036de (0x003df833) and     a6, s11, gp
core   0: 0 0x800036de (0x003df833) x16 0x00000010
core   0: 0x800036e2 (0x40de8833) sub     a6, t4, a3
core   0: 0 0x800036e2 (0x40de8833) x16 0x0000ffff
core   0: 0x800036e6 (0x007f4f33) xor     t5, t5, t2
core   0: 0 0x800036e6 (0x007f4f33) x30 0xe0e1e2e3
core   0: 0x800036ea (0xffffd117) auipc   sp, 0xffffd
core   0: 0 0x800036ea (0xffffd117) x2  0x800006ea
core   0: 0x800036ee (0xc9410113) addi    sp, sp, -876
core   0: 0 0x800036ee (0xc9410113) x2  0x8000037e
core   0: 0x800036f2 (0x00010067) jr      sp
core   0: 0 0x800036f2 (0x00010067)
core   0: 0x8000037e (0x90000a37) lui     s4, 0x90000
core   0: 0 0x8000037e (0x90000a37) x20 0x90000000
core   0: 0x80000382 (0x00001a61) c.addi  s4, -8
core   0: 0 0x80000382 (0x1a61) x20 0x8ffffff8
core   0: 0x80000384 (0x00004301) c.li    t1, 0
core   0: 0 0x80000384 (0x4301) x6  0x00000000
core   0: 0x80000386 (0x00000322) c.slli  t1, 8
core   0: 0 0x80000386 (0x0322) x6  0x00000000
core   0: 0x80000388 (0x00000305) c.addi  t1, 1
core   0: 0 0x80000388 (0x0305) x6  0x00000001
core   0: 0x8000038a (0x006a2023) sw      t1, 0(s4)
core   0: 0 0x8000038a (0x006a2023) mem 0x8ffffff8 0x00000001
core   0: 0x8000038e (0x00000073) ecall
core   0: exception trap_user_ecall, epc 0x8000038e
core   0: 0x80002500 (0x0800006f) j       pc + 0x80
core   0: 3 0x80002500 (0x0800006f)
core   0: 0x80002580 (0x00001771) c.addi  a4, -4
core   0: 3 0x80002580 (0x1771) x14 0x80034ce0
core   0: 0x80002582 (0x0000c310) c.sw    a2, 0(a4)
core   0: 3 0x80002582 (0xc310) mem 0x80034ce0 0x80030e64
core   0: 0x80002584 (0x00070633) add     a2, a4, zero
core   0: 3 0x80002584 (0x00070633) x12 0x80034ce0
core   0: 0x80002588 (0xf8060613) addi    a2, a2, -128
core   0: 3 0x80002588 (0xf8060613) x12 0x80034c60
core   0: 0x8000258c (0x00162223) sw      ra, 4(a2)
core   0: 3 0x8000258c (0x00162223) mem 0x80034c64 0xffffffff
core   0: 0x80002590 (0x00262423) sw      sp, 8(a2)
core   0: 3 0x80002590 (0x00262423) mem 0x80034c68 0x8000037e
core   0: 0x80002594 (0x00362623) sw      gp, 12(a2)
core   0: 3 0x80002594 (0x00362623) mem 0x80034c6c 0x8001b318
core   0: 0x80002598 (0x00462823) sw      tp, 16(a2)
core   0: 3 0x80002598 (0x00462823) mem 0x80034c70 0x00003637
core   0: 0x8000259c (0x00562a23) sw      t0, 20(a2)
core   0: 3 0x8000259c (0x00562a23) mem 0x80034c74 0x000000d1
core   0: 0x800025a0 (0x00662c23) sw      t1, 24(a2)
core   0: 3 0x800025a0 (0x00662c23) mem 0x80034c78 0x00000001
core   0: 0x800025a4 (0x00762e23) sw      t2, 28(a2)
core   0: 3 0x800025a4 (0x00762e23) mem 0x80034c7c 0xe0e1e2e3
core   0: 0x800025a8 (0x0000d200) c.sw    s0, 32(a2)
core   0: 3 0x800025a8 (0xd200) mem 0x80034c80 0xfffff000
core   0: 0x800025aa (0x0000d244) c.sw    s1, 36(a2)
core   0: 3 0x800025aa (0xd244) mem 0x80034c84 0x00000000
core   0: 0x800025ac (0x0000d608) c.sw    a0, 40(a2)
core   0: 3 0x800025ac (0xd608) mem 0x80034c88 0x80030e6c
core   0: 0x800025ae (0x0000d64c) c.sw    a1, 44(a2)
core   0: 3 0x800025ae (0xd64c) mem 0x80034c8c 0x8fba8909
core   0: 0x800025b0 (0x0000da10) c.sw    a2, 48(a2)
core   0: 3 0x800025b0 (0xda10) mem 0x80034c90 0x80034c60
core   0: 0x800025b2 (0x0000da54) c.sw    a3, 52(a2)
core   0: 3 0x800025b2 (0xda54) mem 0x80034c94 0xffffe000
core   0: 0x800025b4 (0x0000de18) c.sw    a4, 56(a2)
core   0: 3 0x800025b4 (0xde18) mem 0x80034c98 0x80034ce0
core   0: 0x800025b6 (0x0000de5c) c.sw    a5, 60(a2)
core   0: 3 0x800025b6 (0xde5c) mem 0x80034c9c 0xce418000
core   0: 0x800025b8 (0x05062023) sw      a6, 64(a2)
core   0: 3 0x800025b8 (0x05062023) mem 0x80034ca0 0x0000ffff
core   0: 0x800025bc (0x05162223) sw      a7, 68(a2)
core   0: 3 0x800025bc (0x05162223) mem 0x80034ca4 0x000000d0
core   0: 0x800025c0 (0x05262423) sw      s2, 72(a2)
core   0: 3 0x800025c0 (0x05262423) mem 0x80034ca8 0x00000001
core   0: 0x800025c4 (0x05362623) sw      s3, 76(a2)
core   0: 3 0x800025c4 (0x05362623) mem 0x80034cac 0x0001f000
core   0: 0x800025c8 (0x05462823) sw      s4, 80(a2)
core   0: 3 0x800025c8 (0x05462823) mem 0x80034cb0 0x8ffffff8
core   0: 0x800025cc (0x05562a23) sw      s5, 84(a2)
core   0: 3 0x800025cc (0x05562a23) mem 0x80034cb4 0x7ffcb31b
core   0: 0x800025d0 (0x05662c23) sw      s6, 88(a2)
core   0: 3 0x800025d0 (0x05662c23) mem 0x80034cb8 0x0000291e
core   0: 0x800025d4 (0x05762e23) sw      s7, 92(a2)
core   0: 3 0x800025d4 (0x05762e23) mem 0x80034cbc 0x2ab46000
core   0: 0x800025d8 (0x07862023) sw      s8, 96(a2)
core   0: 3 0x800025d8 (0x07862023) mem 0x80034cc0 0x000000c8
core   0: 0x800025dc (0x07962223) sw      s9, 100(a2)
core   0: 3 0x800025dc (0x07962223) mem 0x80034cc4 0x00000000
core   0: 0x800025e0 (0x07a62423) sw      s10, 104(a2)
core   0: 3 0x800025e0 (0x07a62423) mem 0x80034cc8 0x00000000
core   0: 0x800025e4 (0x07b62623) sw      s11, 108(a2)
core   0: 3 0x800025e4 (0x07b62623) mem 0x80034ccc 0x00000090
core   0: 0x800025e8 (0x07c62823) sw      t3, 112(a2)
core   0: 3 0x800025e8 (0x07c62823) mem 0x80034cd0 0x00006637
core   0: 0x800025ec (0x07d62a23) sw      t4, 116(a2)
core   0: 3 0x800025ec (0x07d62a23) mem 0x80034cd4 0x0000dfff
core   0: 0x800025f0 (0x07e62c23) sw      t5, 120(a2)
core   0: 3 0x800025f0 (0x07e62c23) mem 0x80034cd8 0xe0e1e2e3
core   0: 0x800025f4 (0x07f62e23) sw      t6, 124(a2)
core   0: 3 0x800025f4 (0x07f62e23) mem 0x80034cdc 0x0000dedf
core   0: 0x800025f8 (0x00060733) add     a4, a2, zero
core   0: 3 0x800025f8 (0x00060733) x14 0x80034c60
core   0: 0x800025fc (0x90000a37) lui     s4, 0x90000
core   0: 3 0x800025fc (0x90000a37) x20 0x90000000
core   0: 0x80002600 (0x00001a71) c.addi  s4, -4
core   0: 3 0x80002600 (0x1a71) x20 0x8ffffffc
core   0: 0x80002602 (0x00004321) c.li    t1, 8
core   0: 3 0x80002602 (0x4321) x6  0x00000008
core   0: 0x80002604 (0x00000322) c.slli  t1, 8
core   0: 3 0x80002604 (0x0322) x6  0x00000800
core   0: 0x80002606 (0x00030313) mv      t1, t1
core   0: 3 0x80002606 (0x00030313) x6  0x00000800
core   0: 0x8000260a (0x006a2023) sw      t1, 0(s4)
core   0: 3 0x8000260a (0x006a2023) mem 0x8ffffffc 0x00000800
core   0: 0x8000260e (0x34102373) csrr    t1, mepc
core   0: 3 0x8000260e (0x34102373) x6  0x8000038e
core   0: 0x80002612 (0x34202373) csrr    t1, mcause
core   0: 3 0x80002612 (0x34202373) x6  0x00000008
core   0: 0x80002616 (0x00004a0d) c.li    s4, 3
core   0: 3 0x80002616 (0x4a0d) x20 0x00000003
core   0: 0x80002618 (0x01431463) bne     t1, s4, pc + 8
core   0: 3 0x80002618 (0x01431463)
core   0: 0x80002620 (0x00004a21) c.li    s4, 8
core   0: 3 0x80002620 (0x4a21) x20 0x00000008
core   0: 0x80002622 (0x05430d63) beq     t1, s4, pc + 90
core   0: 3 0x80002622 (0x05430d63)
core   0: 0x8000267c (0x90000a37) lui     s4, 0x90000
core   0: 3 0x8000267c (0x90000a37) x20 0x90000000
core   0: 0x80002680 (0x00001a71) c.addi  s4, -4
core   0: 3 0x80002680 (0x1a71) x20 0x8ffffffc
core   0: 0x80002682 (0x00006305) c.lui   t1, 0x1
core   0: 3 0x80002682 (0x6305) x6  0x00001000
core   0: 0x80002684 (0xb0030313) addi    t1, t1, -1280
core   0: 3 0x80002684 (0xb0030313) x6  0x00000b00
core   0: 0x80002688 (0x00000322) c.slli  t1, 8
core   0: 3 0x80002688 (0x0322) x6  0x000b0000
core   0: 0x8000268a (0x0000030d) c.addi  t1, 3
core   0: 3 0x8000268a (0x030d) x6  0x000b0003
core   0: 0x8000268c (0x006a2023) sw      t1, 0(s4)
core   0: 3 0x8000268c (0x006a2023) mem 0x8ffffffc 0x000b0003
core   0: 0x80002690 (0xb0002373) csrr    t1, mcycle
core   0: 3 0x80002690 (0xb0002373) x6  0x0000317f
core   0: 0x80002694 (0x006a2023) sw      t1, 0(s4)
core   0: 3 0x80002694 (0x006a2023) mem 0x8ffffffc 0x0000317f
core   0: 0x80002698 (0x90000a37) lui     s4, 0x90000
core   0: 3 0x80002698 (0x90000a37) x20 0x90000000
core   0: 0x8000269c (0x00001a71) c.addi  s4, -4
core   0: 3 0x8000269c (0x1a71) x20 0x8ffffffc
core   0: 0x8000269e (0x00006305) c.lui   t1, 0x1
core   0: 3 0x8000269e (0x6305) x6  0x00001000
core   0: 0x800026a0 (0xb8030313) addi    t1, t1, -1152
core   0: 3 0x800026a0 (0xb8030313) x6  0x00000b80
core   0: 0x800026a4 (0x00000322) c.slli  t1, 8
core   0: 3 0x800026a4 (0x0322) x6  0x000b8000
core   0: 0x800026a6 (0x0000030d) c.addi  t1, 3
core   0: 3 0x800026a6 (0x030d) x6  0x000b8003
core   0: 0x800026a8 (0x006a2023) sw      t1, 0(s4)
core   0: 3 0x800026a8 (0x006a2023) mem 0x8ffffffc 0x000b8003
core   0: 0x800026ac (0xb8002373) csrr    t1, mcycleh
core   0: 3 0x800026ac (0xb8002373) x6  0x00000000
core   0: 0x800026b0 (0x006a2023) sw      t1, 0(s4)
core   0: 3 0x800026b0 (0x006a2023) mem 0x8ffffffc 0x00000000
core   0: 0x800026b4 (0x90000a37) lui     s4, 0x90000
core   0: 3 0x800026b4 (0x90000a37) x20 0x90000000
core   0: 0x800026b8 (0x00001a71) c.addi  s4, -4
core   0: 3 0x800026b8 (0x1a71) x20 0x8ffffffc
core   0: 0x800026ba (0x00006305) c.lui   t1, 0x1
core   0: 3 0x800026ba (0x6305) x6  0x00001000
core   0: 0x800026bc (0xb0330313) addi    t1, t1, -1277
core   0: 3 0x800026bc (0xb0330313) x6  0x00000b03
core   0: 0x800026c0 (0x00000322) c.slli  t1, 8
core   0: 3 0x800026c0 (0x0322) x6  0x000b0300
core   0: 0x800026c2 (0x0000030d) c.addi  t1, 3
core   0: 3 0x800026c2 (0x030d) x6  0x000b0303
core   0: 0x800026c4 (0x006a2023) sw      t1, 0(s4)
core   0: 3 0x800026c4 (0x006a2023) mem 0x8ffffffc 0x000b0303
core   0: 0x800026c8 (0xb0302373) csrr    t1, mhpmcounter3
core   0: 3 0x800026c8 (0xb0302373) x6  0x000007a8
core   0: 0x800026cc (0x006a2023) sw      t1, 0(s4)
core   0: 3 0x800026cc (0x006a2023) mem 0x8ffffffc 0x000007a8
core   0: 0x800026d0 (0x90000a37) lui     s4, 0x90000
core   0: 3 0x800026d0 (0x90000a37) x20 0x90000000
core   0: 0x800026d4 (0x00001a71) c.addi  s4, -4
core   0: 3 0x800026d4 (0x1a71) x20 0x8ffffffc
core   0: 0x800026d6 (0x00006305) c.lui   t1, 0x1
core   0: 3 0x800026d6 (0x6305) x6  0x00001000
core   0: 0x800026d8 (0xb8330313) addi    t1, t1, -1149
core   0: 3 0x800026d8 (0xb8330313) x6  0x00000b83
core   0: 0x800026dc (0x00000322) c.slli  t1, 8
core   0: 3 0x800026dc (0x0322) x6  0x000b8300
core   0: 0x800026de (0x0000030d) c.addi  t1, 3
core   0: 3 0x800026de (0x030d) x6  0x000b8303
core   0: 0x800026e0 (0x006a2023) sw      t1, 0(s4)
core   0: 3 0x800026e0 (0x006a2023) mem 0x8ffffffc 0x000b8303
core   0: 0x800026e4 (0xb8302373) csrr    t1, mhpmcounter3h
core   0: 3 0x800026e4 (0xb8302373) x6  0x00000000
core   0: 0x800026e8 (0x006a2023) sw      t1, 0(s4)
core   0: 3 0x800026e8 (0x006a2023) mem 0x8ffffffc 0x00000000
core   0: 0x800026ec (0x90000a37) lui     s4, 0x90000
core   0: 3 0x800026ec (0x90000a37) x20 0x90000000
core   0: 0x800026f0 (0x00001a71) c.addi  s4, -4
core   0: 3 0x800026f0 (0x1a71) x20 0x8ffffffc
core   0: 0x800026f2 (0x00006305) c.lui   t1, 0x1
core   0: 3 0x800026f2 (0x6305) x6  0x00001000
core   0: 0x800026f4 (0xb0430313) addi    t1, t1, -1276
core   0: 3 0x800026f4 (0xb0430313) x6  0x00000b04
core   0: 0x800026f8 (0x00000322) c.slli  t1, 8
core   0: 3 0x800026f8 (0x0322) x6  0x000b0400
core   0: 0x800026fa (0x0000030d) c.addi  t1, 3
core   0: 3 0x800026fa (0x030d) x6  0x000b0403
core   0: 0x800026fc (0x006a2023) sw      t1, 0(s4)
core   0: 3 0x800026fc (0x006a2023) mem 0x8ffffffc 0x000b0403
core   0: 0x80002700 (0xb0402373) csrr    t1, mhpmcounter4
core   0: 3 0x80002700 (0xb0402373) x6  0x00000bd3
core   0: 0x80002704 (0x006a2023) sw      t1, 0(s4)
core   0: 3 0x80002704 (0x006a2023) mem 0x8ffffffc 0x00000bd3
core   0: 0x80002708 (0x90000a37) lui     s4, 0x90000
core   0: 3 0x80002708 (0x90000a37) x20 0x90000000
core   0: 0x8000270c (0x00001a71) c.addi  s4, -4
core   0: 3 0x8000270c (0x1a71) x20 0x8ffffffc
core   0: 0x8000270e (0x00006305) c.lui   t1, 0x1
core   0: 3 0x8000270e (0x6305) x6  0x00001000
core   0: 0x80002710 (0xb8430313) addi    t1, t1, -1148
core   0: 3 0x80002710 (0xb8430313) x6  0x00000b84
core   0: 0x80002714 (0x00000322) c.slli  t1, 8
core   0: 3 0x80002714 (0x0322) x6  0x000b8400
core   0: 0x80002716 (0x0000030d) c.addi  t1, 3
core   0: 3 0x80002716 (0x030d) x6  0x000b8403
core   0: 0x80002718 (0x006a2023) sw      t1, 0(s4)
core   0: 3 0x80002718 (0x006a2023) mem 0x8ffffffc 0x000b8403
core   0: 0x8000271c (0xb8402373) csrr    t1, mhpmcounter4h
core   0: 3 0x8000271c (0xb8402373) x6  0x00000000
core   0: 0x80002720 (0x006a2023) sw      t1, 0(s4)
core   0: 3 0x80002720 (0x006a2023) mem 0x8ffffffc 0x00000000
core   0: 0x80002724 (0x90000a37) lui     s4, 0x90000
core   0: 3 0x80002724 (0x90000a37) x20 0x90000000
core   0: 0x80002728 (0x00001a71) c.addi  s4, -4
core   0: 3 0x80002728 (0x1a71) x20 0x8ffffffc
core   0: 0x8000272a (0x00006305) c.lui   t1, 0x1
core   0: 3 0x8000272a (0x6305) x6  0x00001000
core   0: 0x8000272c (0xb0530313) addi    t1, t1, -1275
core   0: 3 0x8000272c (0xb0530313) x6  0x00000b05
core   0: 0x80002730 (0x00000322) c.slli  t1, 8
core   0: 3 0x80002730 (0x0322) x6  0x000b0500
core   0: 0x80002732 (0x0000030d) c.addi  t1, 3
core   0: 3 0x80002732 (0x030d) x6  0x000b0503
core   0: 0x80002734 (0x006a2023) sw      t1, 0(s4)
core   0: 3 0x80002734 (0x006a2023) mem 0x8ffffffc 0x000b0503
core   0: 0x80002738 (0xb0502373) csrr    t1, mhpmcounter5
core   0: 3 0x80002738 (0xb0502373) x6  0x000000e6
core   0: 0x8000273c (0x006a2023) sw      t1, 0(s4)
core   0: 3 0x8000273c (0x006a2023) mem 0x8ffffffc 0x000000e6
core   0: 0x80002740 (0x90000a37) lui     s4, 0x90000
core   0: 3 0x80002740 (0x90000a37) x20 0x90000000
core   0: 0x80002744 (0x00001a71) c.addi  s4, -4
core   0: 3 0x80002744 (0x1a71) x20 0x8ffffffc
core   0: 0x80002746 (0x00006305) c.lui   t1, 0x1
core   0: 3 0x80002746 (0x6305) x6  0x00001000
core   0: 0x80002748 (0xb8530313) addi    t1, t1, -1147
core   0: 3 0x80002748 (0xb8530313) x6  0x00000b85
core   0: 0x8000274c (0x00000322) c.slli  t1, 8
core   0: 3 0x8000274c (0x0322) x6  0x000b8500
core   0: 0x8000274e (0x0000030d) c.addi  t1, 3
core   0: 3 0x8000274e (0x030d) x6  0x000b8503
core   0: 0x80002750 (0x006a2023) sw      t1, 0(s4)
core   0: 3 0x80002750 (0x006a2023) mem 0x8ffffffc 0x000b8503
core   0: 0x80002754 (0xb8502373) csrr    t1, mhpmcounter5h
core   0: 3 0x80002754 (0xb8502373) x6  0x00000000
core   0: 0x80002758 (0x006a2023) sw      t1, 0(s4)
core   0: 3 0x80002758 (0x006a2023) mem 0x8ffffffc 0x00000000
core   0: 0x8000275c (0x90000a37) lui     s4, 0x90000
core   0: 3 0x8000275c (0x90000a37) x20 0x90000000
core   0: 0x80002760 (0x00001a71) c.addi  s4, -4
core   0: 3 0x80002760 (0x1a71) x20 0x8ffffffc
core   0: 0x80002762 (0x00006305) c.lui   t1, 0x1
core   0: 3 0x80002762 (0x6305) x6  0x00001000
core   0: 0x80002764 (0xb0630313) addi    t1, t1, -1274
core   0: 3 0x80002764 (0xb0630313) x6  0x00000b06
core   0: 0x80002768 (0x00000322) c.slli  t1, 8
core   0: 3 0x80002768 (0x0322) x6  0x000b0600
core   0: 0x8000276a (0x0000030d) c.addi  t1, 3
core   0: 3 0x8000276a (0x030d) x6  0x000b0603
core   0: 0x8000276c (0x006a2023) sw      t1, 0(s4)
core   0: 3 0x8000276c (0x006a2023) mem 0x8ffffffc 0x000b0603
core   0: 0x80002770 (0xb0602373) csrr    t1, mhpmcounter6
core   0: 3 0x80002770 (0xb0602373) x6  0x000000c8
core   0: 0x80002774 (0x006a2023) sw      t1, 0(s4)
core   0: 3 0x80002774 (0x006a2023) mem 0x8ffffffc 0x000000c8
core   0: 0x80002778 (0x90000a37) lui     s4, 0x90000
core   0: 3 0x80002778 (0x90000a37) x20 0x90000000
core   0: 0x8000277c (0x00001a71) c.addi  s4, -4
core   0: 3 0x8000277c (0x1a71) x20 0x8ffffffc
core   0: 0x8000277e (0x00006305) c.lui   t1, 0x1
core   0: 3 0x8000277e (0x6305) x6  0x00001000
core   0: 0x80002780 (0xb8630313) addi    t1, t1, -1146
core   0: 3 0x80002780 (0xb8630313) x6  0x00000b86
core   0: 0x80002784 (0x00000322) c.slli  t1, 8
core   0: 3 0x80002784 (0x0322) x6  0x000b8600
core   0: 0x80002786 (0x0000030d) c.addi  t1, 3
core   0: 3 0x80002786 (0x030d) x6  0x000b8603
core   0: 0x80002788 (0x006a2023) sw      t1, 0(s4)
core   0: 3 0x80002788 (0x006a2023) mem 0x8ffffffc 0x000b8603
core   0: 0x8000278c (0xb8602373) csrr    t1, mhpmcounter6h
core   0: 3 0x8000278c (0xb8602373) x6  0x00000000
core   0: 0x80002790 (0x006a2023) sw      t1, 0(s4)
core   0: 3 0x80002790 (0x006a2023) mem 0x8ffffffc 0x00000000
core   0: 0x80002794 (0x90000a37) lui     s4, 0x90000
core   0: 3 0x80002794 (0x90000a37) x20 0x90000000
core   0: 0x80002798 (0x00001a71) c.addi  s4, -4
core   0: 3 0x80002798 (0x1a71) x20 0x8ffffffc
core   0: 0x8000279a (0x00006305) c.lui   t1, 0x1
core   0: 3 0x8000279a (0x6305) x6  0x00001000
core   0: 0x8000279c (0xb0730313) addi    t1, t1, -1273
core   0: 3 0x8000279c (0xb0730313) x6  0x00000b07
core   0: 0x800027a0 (0x00000322) c.slli  t1, 8
core   0: 3 0x800027a0 (0x0322) x6  0x000b0700
core   0: 0x800027a2 (0x0000030d) c.addi  t1, 3
core   0: 3 0x800027a2 (0x030d) x6  0x000b0703
core   0: 0x800027a4 (0x006a2023) sw      t1, 0(s4)
core   0: 3 0x800027a4 (0x006a2023) mem 0x8ffffffc 0x000b0703
core   0: 0x800027a8 (0xb0702373) csrr    t1, mhpmcounter7
core   0: 3 0x800027a8 (0xb0702373) x6  0x0000000e
core   0: 0x800027ac (0x006a2023) sw      t1, 0(s4)
core   0: 3 0x800027ac (0x006a2023) mem 0x8ffffffc 0x0000000e
core   0: 0x800027b0 (0x90000a37) lui     s4, 0x90000
core   0: 3 0x800027b0 (0x90000a37) x20 0x90000000
core   0: 0x800027b4 (0x00001a71) c.addi  s4, -4
core   0: 3 0x800027b4 (0x1a71) x20 0x8ffffffc
core   0: 0x800027b6 (0x00006305) c.lui   t1, 0x1
core   0: 3 0x800027b6 (0x6305) x6  0x00001000
core   0: 0x800027b8 (0xb8730313) addi    t1, t1, -1145
core   0: 3 0x800027b8 (0xb8730313) x6  0x00000b87
core   0: 0x800027bc (0x00000322) c.slli  t1, 8
core   0: 3 0x800027bc (0x0322) x6  0x000b8700
core   0: 0x800027be (0x0000030d) c.addi  t1, 3
core   0: 3 0x800027be (0x030d) x6  0x000b8703
core   0: 0x800027c0 (0x006a2023) sw      t1, 0(s4)
core   0: 3 0x800027c0 (0x006a2023) mem 0x8ffffffc 0x000b8703
core   0: 0x800027c4 (0xb8702373) csrr    t1, mhpmcounter7h
core   0: 3 0x800027c4 (0xb8702373) x6  0x00000000
core   0: 0x800027c8 (0x006a2023) sw      t1, 0(s4)
core   0: 3 0x800027c8 (0x006a2023) mem 0x8ffffffc 0x00000000
core   0: 0x800027cc (0x90000a37) lui     s4, 0x90000
core   0: 3 0x800027cc (0x90000a37) x20 0x90000000
core   0: 0x800027d0 (0x00001a71) c.addi  s4, -4
core   0: 3 0x800027d0 (0x1a71) x20 0x8ffffffc
core   0: 0x800027d2 (0x00006305) c.lui   t1, 0x1
core   0: 3 0x800027d2 (0x6305) x6  0x00001000
core   0: 0x800027d4 (0xb0830313) addi    t1, t1, -1272
core   0: 3 0x800027d4 (0xb0830313) x6  0x00000b08
core   0: 0x800027d8 (0x00000322) c.slli  t1, 8
core   0: 3 0x800027d8 (0x0322) x6  0x000b0800
core   0: 0x800027da (0x0000030d) c.addi  t1, 3
core   0: 3 0x800027da (0x030d) x6  0x000b0803
core   0: 0x800027dc (0x006a2023) sw      t1, 0(s4)
core   0: 3 0x800027dc (0x006a2023) mem 0x8ffffffc 0x000b0803
core   0: 0x800027e0 (0xb0802373) csrr    t1, mhpmcounter8
core   0: 3 0x800027e0 (0xb0802373) x6  0x0000002b
core   0: 0x800027e4 (0x006a2023) sw      t1, 0(s4)
core   0: 3 0x800027e4 (0x006a2023) mem 0x8ffffffc 0x0000002b
core   0: 0x800027e8 (0x90000a37) lui     s4, 0x90000
core   0: 3 0x800027e8 (0x90000a37) x20 0x90000000
core   0: 0x800027ec (0x00001a71) c.addi  s4, -4
core   0: 3 0x800027ec (0x1a71) x20 0x8ffffffc
core   0: 0x800027ee (0x00006305) c.lui   t1, 0x1
core   0: 3 0x800027ee (0x6305) x6  0x00001000
core   0: 0x800027f0 (0xb8830313) addi    t1, t1, -1144
core   0: 3 0x800027f0 (0xb8830313) x6  0x00000b88
core   0: 0x800027f4 (0x00000322) c.slli  t1, 8
core   0: 3 0x800027f4 (0x0322) x6  0x000b8800
core   0: 0x800027f6 (0x0000030d) c.addi  t1, 3
core   0: 3 0x800027f6 (0x030d) x6  0x000b8803
core   0: 0x800027f8 (0x006a2023) sw      t1, 0(s4)
core   0: 3 0x800027f8 (0x006a2023) mem 0x8ffffffc 0x000b8803
core   0: 0x800027fc (0xb8802373) csrr    t1, mhpmcounter8h
core   0: 3 0x800027fc (0xb8802373) x6  0x00000000
core   0: 0x80002800 (0x006a2023) sw      t1, 0(s4)
core   0: 3 0x80002800 (0x006a2023) mem 0x8ffffffc 0x00000000
core   0: 0x80002804 (0x90000a37) lui     s4, 0x90000
core   0: 3 0x80002804 (0x90000a37) x20 0x90000000
core   0: 0x80002808 (0x00001a71) c.addi  s4, -4
core   0: 3 0x80002808 (0x1a71) x20 0x8ffffffc
core   0: 0x8000280a (0x00006305) c.lui   t1, 0x1
core   0: 3 0x8000280a (0x6305) x6  0x00001000
core   0: 0x8000280c (0xb0930313) addi    t1, t1, -1271
core   0: 3 0x8000280c (0xb0930313) x6  0x00000b09
core   0: 0x80002810 (0x00000322) c.slli  t1, 8
core   0: 3 0x80002810 (0x0322) x6  0x000b0900
core   0: 0x80002812 (0x0000030d) c.addi  t1, 3
core   0: 3 0x80002812 (0x030d) x6  0x000b0903
core   0: 0x80002814 (0x006a2023) sw      t1, 0(s4)
core   0: 3 0x80002814 (0x006a2023) mem 0x8ffffffc 0x000b0903
core   0: 0x80002818 (0xb0902373) csrr    t1, mhpmcounter9
core   0: 3 0x80002818 (0xb0902373) x6  0x00000015
core   0: 0x8000281c (0x006a2023) sw      t1, 0(s4)
core   0: 3 0x8000281c (0x006a2023) mem 0x8ffffffc 0x00000015
core   0: 0x80002820 (0x90000a37) lui     s4, 0x90000
core   0: 3 0x80002820 (0x90000a37) x20 0x90000000
core   0: 0x80002824 (0x00001a71) c.addi  s4, -4
core   0: 3 0x80002824 (0x1a71) x20 0x8ffffffc
core   0: 0x80002826 (0x00006305) c.lui   t1, 0x1
core   0: 3 0x80002826 (0x6305) x6  0x00001000
core   0: 0x80002828 (0xb8930313) addi    t1, t1, -1143
core   0: 3 0x80002828 (0xb8930313) x6  0x00000b89
core   0: 0x8000282c (0x00000322) c.slli  t1, 8
core   0: 3 0x8000282c (0x0322) x6  0x000b8900
core   0: 0x8000282e (0x0000030d) c.addi  t1, 3
core   0: 3 0x8000282e (0x030d) x6  0x000b8903
core   0: 0x80002830 (0x006a2023) sw      t1, 0(s4)
core   0: 3 0x80002830 (0x006a2023) mem 0x8ffffffc 0x000b8903
core   0: 0x80002834 (0xb8902373) csrr    t1, mhpmcounter9h
core   0: 3 0x80002834 (0xb8902373) x6  0x00000000
core   0: 0x80002838 (0x006a2023) sw      t1, 0(s4)
core   0: 3 0x80002838 (0x006a2023) mem 0x8ffffffc 0x00000000
core   0: 0x8000283c (0x90000a37) lui     s4, 0x90000
core   0: 3 0x8000283c (0x90000a37) x20 0x90000000
core   0: 0x80002840 (0x00001a71) c.addi  s4, -4
core   0: 3 0x80002840 (0x1a71) x20 0x8ffffffc
core   0: 0x80002842 (0x00006305) c.lui   t1, 0x1
core   0: 3 0x80002842 (0x6305) x6  0x00001000
core   0: 0x80002844 (0xb0a30313) addi    t1, t1, -1270
core   0: 3 0x80002844 (0xb0a30313) x6  0x00000b0a
core   0: 0x80002848 (0x00000322) c.slli  t1, 8
core   0: 3 0x80002848 (0x0322) x6  0x000b0a00
core   0: 0x8000284a (0x0000030d) c.addi  t1, 3
core   0: 3 0x8000284a (0x030d) x6  0x000b0a03
core   0: 0x8000284c (0x006a2023) sw      t1, 0(s4)
core   0: 3 0x8000284c (0x006a2023) mem 0x8ffffffc 0x000b0a03
core   0: 0x80002850 (0xb0a02373) csrr    t1, mhpmcounter10
core   0: 3 0x80002850 (0xb0a02373) x6  0x0000011d
core   0: 0x80002854 (0x006a2023) sw      t1, 0(s4)
core   0: 3 0x80002854 (0x006a2023) mem 0x8ffffffc 0x0000011d
core   0: 0x80002858 (0x90000a37) lui     s4, 0x90000
core   0: 3 0x80002858 (0x90000a37) x20 0x90000000
core   0: 0x8000285c (0x00001a71) c.addi  s4, -4
core   0: 3 0x8000285c (0x1a71) x20 0x8ffffffc
core   0: 0x8000285e (0x00006305) c.lui   t1, 0x1
core   0: 3 0x8000285e (0x6305) x6  0x00001000
core   0: 0x80002860 (0xb8a30313) addi    t1, t1, -1142
core   0: 3 0x80002860 (0xb8a30313) x6  0x00000b8a
core   0: 0x80002864 (0x00000322) c.slli  t1, 8
core   0: 3 0x80002864 (0x0322) x6  0x000b8a00
core   0: 0x80002866 (0x0000030d) c.addi  t1, 3
core   0: 3 0x80002866 (0x030d) x6  0x000b8a03
core   0: 0x80002868 (0x006a2023) sw      t1, 0(s4)
core   0: 3 0x80002868 (0x006a2023) mem 0x8ffffffc 0x000b8a03
core   0: 0x8000286c (0xb8a02373) csrr    t1, mhpmcounter10h
core   0: 3 0x8000286c (0xb8a02373) x6  0x00000000
core   0: 0x80002870 (0x006a2023) sw      t1, 0(s4)
core   0: 3 0x80002870 (0x006a2023) mem 0x8ffffffc 0x00000000
core   0: 0x80002874 (0x90000a37) lui     s4, 0x90000
core   0: 3 0x80002874 (0x90000a37) x20 0x90000000
core   0: 0x80002878 (0x00001a71) c.addi  s4, -4
core   0: 3 0x80002878 (0x1a71) x20 0x8ffffffc
core   0: 0x8000287a (0x00006305) c.lui   t1, 0x1
core   0: 3 0x8000287a (0x6305) x6  0x00001000
core   0: 0x8000287c (0xb0b30313) addi    t1, t1, -1269
core   0: 3 0x8000287c (0xb0b30313) x6  0x00000b0b
core   0: 0x80002880 (0x00000322) c.slli  t1, 8
core   0: 3 0x80002880 (0x0322) x6  0x000b0b00
core   0: 0x80002882 (0x0000030d) c.addi  t1, 3
core   0: 3 0x80002882 (0x030d) x6  0x000b0b03
core   0: 0x80002884 (0x006a2023) sw      t1, 0(s4)
core   0: 3 0x80002884 (0x006a2023) mem 0x8ffffffc 0x000b0b03
core   0: 0x80002888 (0xb0b02373) csrr    t1, mhpmcounter11
core   0: 3 0x80002888 (0xb0b02373) x6  0x00000017
core   0: 0x8000288c (0x006a2023) sw      t1, 0(s4)
core   0: 3 0x8000288c (0x006a2023) mem 0x8ffffffc 0x00000017
core   0: 0x80002890 (0x90000a37) lui     s4, 0x90000
core   0: 3 0x80002890 (0x90000a37) x20 0x90000000
core   0: 0x80002894 (0x00001a71) c.addi  s4, -4
core   0: 3 0x80002894 (0x1a71) x20 0x8ffffffc
core   0: 0x80002896 (0x00006305) c.lui   t1, 0x1
core   0: 3 0x80002896 (0x6305) x6  0x00001000
core   0: 0x80002898 (0xb8b30313) addi    t1, t1, -1141
core   0: 3 0x80002898 (0xb8b30313) x6  0x00000b8b
core   0: 0x8000289c (0x00000322) c.slli  t1, 8
core   0: 3 0x8000289c (0x0322) x6  0x000b8b00
core   0: 0x8000289e (0x0000030d) c.addi  t1, 3
core   0: 3 0x8000289e (0x030d) x6  0x000b8b03
core   0: 0x800028a0 (0x006a2023) sw      t1, 0(s4)
core   0: 3 0x800028a0 (0x006a2023) mem 0x8ffffffc 0x000b8b03
core   0: 0x800028a4 (0xb8b02373) csrr    t1, mhpmcounter11h
core   0: 3 0x800028a4 (0xb8b02373) x6  0x00000000
core   0: 0x800028a8 (0x006a2023) sw      t1, 0(s4)
core   0: 3 0x800028a8 (0x006a2023) mem 0x8ffffffc 0x00000000
