Time	Cycle	PC	Insn	Decoded instruction	Register and memory contents
        1055000	         6	80000080	40001337	lui	x6,0x40001	  x6=0x40001000
        1065000	         7	80000084	10630313	addi	x6,x6,262	  x6:0x40001000  x6=0x40001106
        1075000	         8	80000088	30131073	csrrw	x0,misa,x6	  x6:0x40001106  x0=0x00000000
        1105000	        11	8000008c	00035717	auipc	x14,0x35	 x14=0x8003508c
        1115000	        12	80000090	c5870713	addi	x14,x14,-936	 x14:0x8003508c x14=0x80034ce4
        1125000	        13	80000094	00002317	auipc	x6,0x2	  x6=0x80002094
        1135000	        14	80000098	46c30313	addi	x6,x6,1132	  x6:0x80002094  x6=0x80002500
        1145000	        15	8000009c	00136313	ori	x6,x6,1	  x6:0x80002500  x6=0x80002501
        1155000	        16	800000a0	30531073	csrrw	x0,mtvec,x6	  x6:0x80002501  x0=0x00000000
        1185000	        19	800000a4	74725073	csrrwi	x0,0x747,4	  x0=0x00000000
        1215000	        22	800000a8	00003117	auipc	x2,0x3	  x2=0x800030a8
        1225000	        23	800000ac	1fc10113	addi	x2,x2,508	  x2:0x800030a8  x2=0x800032a4
        1235000	        24	800000b0	4301	c.li	x6,0	  x6=0x00000000
        1245000	        25	800000b2	911a	c.add	x2,x6	  x2:0x800032a4  x6:0x00000000  x2=0x800032a4
        1255000	        26	800000b4	00215113	srli	x2,x2,0x2	  x2:0x800032a4  x2=0x20000ca9
        1265000	        27	800000b8	3b011073	csrrw	x0,pmpaddr0,x2	  x2:0x20000ca9  x0=0x00000000
        1295000	        30	800000bc	00003117	auipc	x2,0x3	  x2=0x800030bc
        1305000	        31	800000c0	1e810113	addi	x2,x2,488	  x2:0x800030bc  x2=0x800032a4
        1315000	        32	800000c4	11111337	lui	x6,0x11111	  x6=0x11111000
        1325000	        33	800000c8	11130313	addi	x6,x6,273	  x6:0x11111000  x6=0x11111111
        1335000	        34	800000cc	911a	c.add	x2,x6	  x2:0x800032a4  x6:0x11111111  x2=0x911143b5
        1345000	        35	800000ce	00215113	srli	x2,x2,0x2	  x2:0x911143b5  x2=0x244450ed
        1355000	        36	800000d2	3b111073	csrrw	x0,pmpaddr1,x2	  x2:0x244450ed  x0=0x00000000
        1385000	        39	800000d6	00003117	auipc	x2,0x3	  x2=0x800030d6
        1395000	        40	800000da	1ce10113	addi	x2,x2,462	  x2:0x800030d6  x2=0x800032a4
        1405000	        41	800000de	22222337	lui	x6,0x22222	  x6=0x22222000
        1415000	        42	800000e2	22230313	addi	x6,x6,546	  x6:0x22222000  x6=0x22222222
        1425000	        43	800000e6	911a	c.add	x2,x6	  x2:0x800032a4  x6:0x22222222  x2=0xa22254c6
        1435000	        44	800000e8	00215113	srli	x2,x2,0x2	  x2:0xa22254c6  x2=0x28889531
        1445000	        45	800000ec	3b211073	csrrw	x0,pmpaddr2,x2	  x2:0x28889531  x0=0x00000000
        1475000	        48	800000f0	00003117	auipc	x2,0x3	  x2=0x800030f0
        1485000	        49	800000f4	1b410113	addi	x2,x2,436	  x2:0x800030f0  x2=0x800032a4
        1495000	        50	800000f8	33333337	lui	x6,0x33333	  x6=0x33333000
        1505000	        51	800000fc	33330313	addi	x6,x6,819	  x6:0x33333000  x6=0x33333333
        1515000	        52	80000100	911a	c.add	x2,x6	  x2:0x800032a4  x6:0x33333333  x2=0xb33365d7
        1525000	        53	80000102	00215113	srli	x2,x2,0x2	  x2:0xb33365d7  x2=0x2cccd975
        1535000	        54	80000106	3b311073	csrrw	x0,pmpaddr3,x2	  x2:0x2cccd975  x0=0x00000000
        1565000	        57	8000010a	0f0f1137	lui	x2,0xf0f1	  x2=0x0f0f1000
        1575000	        58	8000010e	f0f10113	addi	x2,x2,-241	  x2:0x0f0f1000  x2=0x0f0f0f0f
        1585000	        59	80000112	3a011073	csrrw	x0,pmpcfg0,x2	  x2:0x0f0f0f0f  x0=0x00000000
        1615000	        62	80000116	00003117	auipc	x2,0x3	  x2=0x80003116
        1625000	        63	8000011a	18e10113	addi	x2,x2,398	  x2:0x80003116  x2=0x800032a4
        1635000	        64	8000011e	44444337	lui	x6,0x44444	  x6=0x44444000
        1645000	        65	80000122	44430313	addi	x6,x6,1092	  x6:0x44444000  x6=0x44444444
        1655000	        66	80000126	911a	c.add	x2,x6	  x2:0x800032a4  x6:0x44444444  x2=0xc44476e8
        1665000	        67	80000128	00215113	srli	x2,x2,0x2	  x2:0xc44476e8  x2=0x31111dba
        1675000	        68	8000012c	3b411073	csrrw	x0,pmpaddr4,x2	  x2:0x31111dba  x0=0x00000000
        1705000	        71	80000130	00003117	auipc	x2,0x3	  x2=0x80003130
        1715000	        72	80000134	17410113	addi	x2,x2,372	  x2:0x80003130  x2=0x800032a4
        1725000	        73	80000138	55555337	lui	x6,0x55555	  x6=0x55555000
        1735000	        74	8000013c	55530313	addi	x6,x6,1365	  x6:0x55555000  x6=0x55555555
        1745000	        75	80000140	911a	c.add	x2,x6	  x2:0x800032a4  x6:0x55555555  x2=0xd55587f9
        1755000	        76	80000142	00215113	srli	x2,x2,0x2	  x2:0xd55587f9  x2=0x355561fe
        1765000	        77	80000146	3b511073	csrrw	x0,pmpaddr5,x2	  x2:0x355561fe  x0=0x00000000
        1795000	        80	8000014a	00003117	auipc	x2,0x3	  x2=0x8000314a
        1805000	        81	8000014e	15a10113	addi	x2,x2,346	  x2:0x8000314a  x2=0x800032a4
        1815000	        82	80000152	66666337	lui	x6,0x66666	  x6=0x66666000
        1825000	        83	80000156	66630313	addi	x6,x6,1638	  x6:0x66666000  x6=0x66666666
        1835000	        84	8000015a	911a	c.add	x2,x6	  x2:0x800032a4  x6:0x66666666  x2=0xe666990a
        1845000	        85	8000015c	00215113	srli	x2,x2,0x2	  x2:0xe666990a  x2=0x3999a642
        1855000	        86	80000160	3b611073	csrrw	x0,pmpaddr6,x2	  x2:0x3999a642  x0=0x00000000
        1885000	        89	80000164	00003117	auipc	x2,0x3	  x2=0x80003164
        1895000	        90	80000168	14010113	addi	x2,x2,320	  x2:0x80003164  x2=0x800032a4
        1905000	        91	8000016c	77777337	lui	x6,0x77777	  x6=0x77777000
        1915000	        92	80000170	77730313	addi	x6,x6,1911	  x6:0x77777000  x6=0x77777777
        1925000	        93	80000174	911a	c.add	x2,x6	  x2:0x800032a4  x6:0x77777777  x2=0xf777aa1b
        1935000	        94	80000176	00215113	srli	x2,x2,0x2	  x2:0xf777aa1b  x2=0x3dddea86
        1945000	        95	8000017a	3b711073	csrrw	x0,pmpaddr7,x2	  x2:0x3dddea86  x0=0x00000000
        1975000	        98	8000017e	0f0f1137	lui	x2,0xf0f1	  x2=0x0f0f1000
        1985000	        99	80000182	f0f10113	addi	x2,x2,-241	  x2:0x0f0f1000  x2=0x0f0f0f0f
        1995000	       100	80000186	3a111073	csrrw	x0,pmpcfg1,x2	  x2:0x0f0f0f0f  x0=0x00000000
        2025000	       103	8000018a	00003117	auipc	x2,0x3	  x2=0x8000318a
        2035000	       104	8000018e	11a10113	addi	x2,x2,282	  x2:0x8000318a  x2=0x800032a4
        2045000	       105	80000192	88889337	lui	x6,0x88889	  x6=0x88889000
        2055000	       106	80000196	88830313	addi	x6,x6,-1912	  x6:0x88889000  x6=0x88888888
        2065000	       107	8000019a	911a	c.add	x2,x6	  x2:0x800032a4  x6:0x88888888  x2=0x0888bb2c
        2075000	       108	8000019c	00215113	srli	x2,x2,0x2	  x2:0x0888bb2c  x2=0x02222ecb
        2085000	       109	800001a0	3b811073	csrrw	x0,pmpaddr8,x2	  x2:0x02222ecb  x0=0x00000000
        2115000	       112	800001a4	00003117	auipc	x2,0x3	  x2=0x800031a4
        2125000	       113	800001a8	10010113	addi	x2,x2,256	  x2:0x800031a4  x2=0x800032a4
        2135000	       114	800001ac	9999a337	lui	x6,0x9999a	  x6=0x9999a000
        2145000	       115	800001b0	99930313	addi	x6,x6,-1639	  x6:0x9999a000  x6=0x99999999
        2155000	       116	800001b4	911a	c.add	x2,x6	  x2:0x800032a4  x6:0x99999999  x2=0x1999cc3d
        2165000	       117	800001b6	00215113	srli	x2,x2,0x2	  x2:0x1999cc3d  x2=0x0666730f
        2175000	       118	800001ba	3b911073	csrrw	x0,pmpaddr9,x2	  x2:0x0666730f  x0=0x00000000
        2205000	       121	800001be	00003117	auipc	x2,0x3	  x2=0x800031be
        2215000	       122	800001c2	0e610113	addi	x2,x2,230	  x2:0x800031be  x2=0x800032a4
        2225000	       123	800001c6	aaaab337	lui	x6,0xaaaab	  x6=0xaaaab000
        2235000	       124	800001ca	aaa30313	addi	x6,x6,-1366	  x6:0xaaaab000  x6=0xaaaaaaaa
        2245000	       125	800001ce	911a	c.add	x2,x6	  x2:0x800032a4  x6:0xaaaaaaaa  x2=0x2aaadd4e
        2255000	       126	800001d0	00215113	srli	x2,x2,0x2	  x2:0x2aaadd4e  x2=0x0aaab753
        2265000	       127	800001d4	3ba11073	csrrw	x0,pmpaddr10,x2	  x2:0x0aaab753  x0=0x00000000
        2295000	       130	800001d8	00003117	auipc	x2,0x3	  x2=0x800031d8
        2305000	       131	800001dc	0cc10113	addi	x2,x2,204	  x2:0x800031d8  x2=0x800032a4
        2315000	       132	800001e0	bbbbc337	lui	x6,0xbbbbc	  x6=0xbbbbc000
        2325000	       133	800001e4	bbb30313	addi	x6,x6,-1093	  x6:0xbbbbc000  x6=0xbbbbbbbb
        2335000	       134	800001e8	911a	c.add	x2,x6	  x2:0x800032a4  x6:0xbbbbbbbb  x2=0x3bbbee5f
        2345000	       135	800001ea	00215113	srli	x2,x2,0x2	  x2:0x3bbbee5f  x2=0x0eeefb97
        2355000	       136	800001ee	3bb11073	csrrw	x0,pmpaddr11,x2	  x2:0x0eeefb97  x0=0x00000000
        2385000	       139	800001f2	0f0f1137	lui	x2,0xf0f1	  x2=0x0f0f1000
        2395000	       140	800001f6	f0f10113	addi	x2,x2,-241	  x2:0x0f0f1000  x2=0x0f0f0f0f
        2405000	       141	800001fa	3a211073	csrrw	x0,pmpcfg2,x2	  x2:0x0f0f0f0f  x0=0x00000000
        2435000	       144	800001fe	00003117	auipc	x2,0x3	  x2=0x800031fe
        2445000	       145	80000202	0a610113	addi	x2,x2,166	  x2:0x800031fe  x2=0x800032a4
        2455000	       146	80000206	ccccd337	lui	x6,0xccccd	  x6=0xccccd000
        2465000	       147	8000020a	ccc30313	addi	x6,x6,-820	  x6:0xccccd000  x6=0xcccccccc
        2475000	       148	8000020e	911a	c.add	x2,x6	  x2:0x800032a4  x6:0xcccccccc  x2=0x4cccff70
        2485000	       149	80000210	00215113	srli	x2,x2,0x2	  x2:0x4cccff70  x2=0x13333fdc
        2495000	       150	80000214	3bc11073	csrrw	x0,pmpaddr12,x2	  x2:0x13333fdc  x0=0x00000000
        2525000	       153	80000218	00003117	auipc	x2,0x3	  x2=0x80003218
        2535000	       154	8000021c	08c10113	addi	x2,x2,140	  x2:0x80003218  x2=0x800032a4
        2545000	       155	80000220	dddde337	lui	x6,0xdddde	  x6=0xdddde000
        2555000	       156	80000224	ddd30313	addi	x6,x6,-547	  x6:0xdddde000  x6=0xdddddddd
        2565000	       157	80000228	911a	c.add	x2,x6	  x2:0x800032a4  x6:0xdddddddd  x2=0x5dde1081
        2575000	       158	8000022a	00215113	srli	x2,x2,0x2	  x2:0x5dde1081  x2=0x17778420
        2585000	       159	8000022e	3bd11073	csrrw	x0,pmpaddr13,x2	  x2:0x17778420  x0=0x00000000
        2615000	       162	80000232	00003117	auipc	x2,0x3	  x2=0x80003232
        2625000	       163	80000236	07210113	addi	x2,x2,114	  x2:0x80003232  x2=0x800032a4
        2635000	       164	8000023a	eeeef337	lui	x6,0xeeeef	  x6=0xeeeef000
        2645000	       165	8000023e	eee30313	addi	x6,x6,-274	  x6:0xeeeef000  x6=0xeeeeeeee
        2655000	       166	80000242	911a	c.add	x2,x6	  x2:0x800032a4  x6:0xeeeeeeee  x2=0x6eef2192
        2665000	       167	80000244	00215113	srli	x2,x2,0x2	  x2:0x6eef2192  x2=0x1bbbc864
        2675000	       168	80000248	3be11073	csrrw	x0,pmpaddr14,x2	  x2:0x1bbbc864  x0=0x00000000
        2705000	       171	8000024c	00003117	auipc	x2,0x3	  x2=0x8000324c
        2715000	       172	80000250	05810113	addi	x2,x2,88	  x2:0x8000324c  x2=0x800032a4
        2725000	       173	80000254	fff00313	addi	x6,x0,-1	  x0:0x00000000  x6=0xffffffff
        2735000	       174	80000258	911a	c.add	x2,x6	  x2:0x800032a4  x6:0xffffffff  x2=0x800032a3
        2745000	       175	8000025a	00215113	srli	x2,x2,0x2	  x2:0x800032a3  x2=0x20000ca8
        2755000	       176	8000025e	3bf11073	csrrw	x0,pmpaddr15,x2	  x2:0x20000ca8  x0=0x00000000
        2785000	       179	80000262	0f0f1137	lui	x2,0xf0f1	  x2=0x0f0f1000
        2795000	       180	80000266	f0f10113	addi	x2,x2,-241	  x2:0x0f0f1000  x2=0x0f0f0f0f
        2805000	       181	8000026a	3a311073	csrrw	x0,pmpcfg3,x2	  x2:0x0f0f0f0f  x0=0x00000000
        2835000	       184	8000026e	00000317	auipc	x6,0x0	  x6=0x8000026e
        2845000	       185	80000272	06030313	addi	x6,x6,96	  x6:0x8000026e  x6=0x800002ce
        2855000	       186	80000276	34131073	csrrw	x0,mepc,x6	  x6:0x800002ce  x0=0x00000000
        2865000	       187	8000027a	7c00d073	csrrwi	x0,0x7c0,1	  x0=0x00000000
        2895000	       190	8000027e	4301	c.li	x6,0	  x6=0x00000000
        2905000	       191	80000280	30031073	csrrw	x0,mstatus,x6	  x6:0x00000000  x0=0x00000000
        2935000	       194	80000284	4301	c.li	x6,0	  x6=0x00000000
        2945000	       195	80000286	30431073	csrrw	x0,mie,x6	  x6:0x00000000  x0=0x00000000
        2975000	       198	8000028a	90000a37	lui	x20,0x90000	 x20=0x90000000
        2985000	       199	8000028e	1a71	c.addi	x20,-4	 x20:0x90000000 x20=0x8ffffffc
        2995000	       200	80000290	90000a37	lui	x20,0x90000	 x20=0x90000000
        3005000	       201	80000294	1a71	c.addi	x20,-4	 x20:0x90000000 x20=0x8ffffffc
        3015000	       202	80000296	90000a37	lui	x20,0x90000	 x20=0x90000000
        3025000	       203	8000029a	1a71	c.addi	x20,-4	 x20:0x90000000 x20=0x8ffffffc
        3035000	       204	8000029c	30000313	addi	x6,x0,768	  x0:0x00000000  x6=0x00000300
        3045000	       205	800002a0	0322	c.slli	x6,0x8	  x6:0x00000300  x6=0x00030000
        3055000	       206	800002a2	030d	c.addi	x6,3	  x6:0x00030000  x6=0x00030003
        3065000	       207	800002a4	006a2023	sw	x6,0(x20)	 x20:0x8ffffffc  x6:0x00030003 PA:0x8ffffffc store:0x00030003 load:0x00000000
        3075000	       208	800002a8	30002373	csrrs	x6,mstatus,x0	  x0:0x00000000  x6=0x00000000
        3085000	       209	800002ac	006a2023	sw	x6,0(x20)	 x20:0x8ffffffc  x6:0x00000000 PA:0x8ffffffc store:0x00000000 load:0x00000000
        3095000	       210	800002b0	90000a37	lui	x20,0x90000	 x20=0x90000000
        3105000	       211	800002b4	1a71	c.addi	x20,-4	 x20:0x90000000 x20=0x8ffffffc
        3115000	       212	800002b6	30400313	addi	x6,x0,772	  x0:0x00000000  x6=0x00000304
        3125000	       213	800002ba	0322	c.slli	x6,0x8	  x6:0x00000304  x6=0x00030400
        3135000	       214	800002bc	030d	c.addi	x6,3	  x6:0x00030400  x6=0x00030403
        3145000	       215	800002be	006a2023	sw	x6,0(x20)	 x20:0x8ffffffc  x6:0x00030403 PA:0x8ffffffc store:0x00030403 load:0x00000000
        3155000	       216	800002c2	30402373	csrrs	x6,mie,x0	  x0:0x00000000  x6=0x00000000
        3165000	       217	800002c6	006a2023	sw	x6,0(x20)	 x20:0x8ffffffc  x6:0x00000000 PA:0x8ffffffc store:0x00000000 load:0x00000000
        3175000	       218	800002ca	30200073	mret	
        3215000	       222	800002ce	ff8b8037	lui	x0,0xff8b8	  x0=0x00000000
        3225000	       223	800002d2	10e00013	addi	x0,x0,270	  x0:0x00000000  x0=0x00000000
        3235000	       224	800002d6	7327d0b7	lui	x1,0x7327d	  x1=0x7327d000
        3245000	       225	800002da	ba008093	addi	x1,x1,-1120	  x1:0x7327d000  x1=0x7327cba0
        3255000	       226	800002de	f5e3a137	lui	x2,0xf5e3a	  x2=0xf5e3a000
        3265000	       227	800002e2	89510113	addi	x2,x2,-1899	  x2:0xf5e3a000  x2=0xf5e39895
        3275000	       228	800002e6	4181	c.li	x3,0	  x3=0x00000000
        3285000	       229	800002e8	6511b237	lui	x4,0x6511b	  x4=0x6511b000
        3295000	       230	800002ec	bba20213	addi	x4,x4,-1094	  x4:0x6511b000  x4=0x6511abba
        3305000	       231	800002f0	e2e872b7	lui	x5,0xe2e87	  x5=0xe2e87000
        3315000	       232	800002f4	5c428293	addi	x5,x5,1476	  x5:0xe2e87000  x5=0xe2e875c4
        3325000	       233	800002f8	4301	c.li	x6,0	  x6=0x00000000
        3335000	       234	800002fa	43a5	c.li	x7,9	  x7=0x00000009
        3345000	       235	800002fc	80000437	lui	x8,0x80000	  x8=0x80000000
        3355000	       236	80000300	f944e4b7	lui	x9,0xf944e	  x9=0xf944e000
        3365000	       237	80000304	20f48493	addi	x9,x9,527	  x9:0xf944e000  x9=0xf944e20f
        3375000	       238	80000308	4501	c.li	x10,0	 x10=0x00000000
        3385000	       239	8000030a	45a5	c.li	x11,9	 x11=0x00000009
        3395000	       240	8000030c	f0c556b7	lui	x13,0xf0c55	 x13=0xf0c55000
        3405000	       241	80000310	da468693	addi	x13,x13,-604	 x13:0xf0c55000 x13=0xf0c54da4
        3415000	       242	80000314	fd8fc7b7	lui	x15,0xfd8fc	 x15=0xfd8fc000
        3425000	       243	80000318	e7e78793	addi	x15,x15,-386	 x15:0xfd8fc000 x15=0xfd8fbe7e
        3435000	       244	8000031c	4801	c.li	x16,0	 x16=0x00000000
        3445000	       245	8000031e	651938b7	lui	x17,0x65193	 x17=0x65193000
        3455000	       246	80000322	5eb88893	addi	x17,x17,1515	 x17:0x65193000 x17=0x651935eb
        3465000	       247	80000326	4911	c.li	x18,4	 x18=0x00000004
        3475000	       248	80000328	800009b7	lui	x19,0x80000	 x19=0x80000000
        3485000	       249	8000032c	4a29	c.li	x20,10	 x20=0x0000000a
        3495000	       250	8000032e	ff2dfab7	lui	x21,0xff2df	 x21=0xff2df000
        3505000	       251	80000332	586a8a93	addi	x21,x21,1414	 x21:0xff2df000 x21=0xff2df586
        3515000	       252	80000336	80000b37	lui	x22,0x80000	 x22=0x80000000
        3525000	       253	8000033a	fa72bbb7	lui	x23,0xfa72b	 x23=0xfa72b000
        3535000	       254	8000033e	098b8b93	addi	x23,x23,152	 x23:0xfa72b000 x23=0xfa72b098
        3545000	       255	80000342	4c09	c.li	x24,2	 x24=0x00000002
        3555000	       256	80000344	4cb9	c.li	x25,14	 x25=0x0000000e
        3565000	       257	80000346	4d01	c.li	x26,0	 x26=0x00000000
        3575000	       258	80000348	4d81	c.li	x27,0	 x27=0x00000000
        3585000	       259	8000034a	4e35	c.li	x28,13	 x28=0x0000000d
        3595000	       260	8000034c	82ec1eb7	lui	x29,0x82ec1	 x29=0x82ec1000
        3605000	       261	80000350	cb0e8e93	addi	x29,x29,-848	 x29:0x82ec1000 x29=0x82ec0cb0
        3615000	       262	80000354	cac09f37	lui	x30,0xcac09	 x30=0xcac09000
        3625000	       263	80000358	9bdf0f13	addi	x30,x30,-1603	 x30:0xcac09000 x30=0xcac089bd
        3635000	       264	8000035c	80000fb7	lui	x31,0x80000	 x31=0x80000000
        3645000	       265	80000360	00031617	auipc	x12,0x31	 x12=0x80031360
        3655000	       266	80000364	b0460613	addi	x12,x12,-1276	 x12:0x80031360 x12=0x80030e64
        3665000	       267	80000368	90000a37	lui	x20,0x90000	 x20=0x90000000
        3675000	       268	8000036c	1a71	c.addi	x20,-4	 x20:0x90000000 x20=0x8ffffffc
        3685000	       269	8000036e	4301	c.li	x6,0	  x6=0x00000000
        3695000	       270	80000370	0322	c.slli	x6,0x8	  x6:0x00000000  x6=0x00000000
        3705000	       271	80000372	00030313	addi	x6,x6,0	  x6:0x00000000  x6=0x00000000
        3715000	       272	80000376	006a2023	sw	x6,0(x20)	 x20:0x8ffffffc  x6:0x00000000 PA:0x8ffffffc store:0x00000000 load:0x00000000
        3725000	       273	8000037a	72b0206f	jal	x0,800032a4	  x0=0x00000000
        3745000	       275	800032a4	00009397	auipc	x7,0x9	  x7=0x8000c2a4
        3755000	       276	800032a8	78438393	addi	x7,x7,1924	  x7:0x8000c2a4  x7=0x8000ca28
        3765000	       277	800032ac	8db5	c.xor	x11,x13	 x11:0x00000009 x13:0xf0c54da4 x11=0xf0c54dad
        3775000	       278	800032ae	05b38393	addi	x7,x7,91	  x7:0x8000ca28  x7=0x8000ca83
        3785000	       279	800032b2	00fe6c63	bltu	x28,x15,800032ca	 x28:0x0000000d x15:0xfd8fbe7e
        3815000	       282	800032ca	fa6380e7	jalr	x1,-90(x7)	  x7:0x8000ca83  x1=0x800032ce
        3835000	       284	8000ca28	00f08263	beq	x1,x15,8000ca2c	  x1:0x800032ce x15:0xfd8fbe7e
        3845000	       285	8000ca2c	fdc60613	addi	x12,x12,-36	 x12:0x80030e64 x12=0x80030e40
        3855000	       286	8000ca30	8391	c.srli	x15,0x4	 x15:0xfd8fbe7e x15=0x0fd8fbe7
        3865000	       287	8000ca32	00211893	slli	x17,x2,0x2	  x2:0xf5e39895 x17=0xd78e6254
        3875000	       288	8000ca36	00162223	sw	x1,4(x12)	 x12:0x80030e40  x1:0x800032ce PA:0x80030e44 store:0x800032ce load:0x00000000
        4245000	       325	8000ca3a	0396f3b3	remu	x7,x13,x25	 x13:0xf0c54da4 x25:0x0000000e  x7=0x00000000
        4255000	       326	8000ca3e	0ff0000f	fence	iorw,iorw	
        4265000	       327	8000ca42	00016f17	auipc	x30,0x16	 x30=0x80022a42
        4275000	       328	8000ca46	05ff0f13	addi	x30,x30,95	 x30:0x80022a42 x30=0x80022aa1
        4285000	       329	8000ca4a	fcef13a3	sh	x14,-57(x30)	 x30:0x80022aa1 x14:0x80034ce4 PA:0x80022a68 store:0x80034ce4 load:0x00000000
        4295000	       330	8000ca4e	fc7f0423	sb	x7,-56(x30)	 x30:0x80022aa1  x7:0x00000000 PA:0x80022a69 store:0x00000000 load:0x00000000
        4305000	       331	8000ca52	82a2	c.mv	x5,x8	  x0:0x00000000  x8:0x80000000  x5=0x80000000
        4315000	       332	8000ca54	003a56b3	srl	x13,x20,x3	 x20:0x8ffffffc  x3:0x00000000 x13=0x8ffffffc
        4325000	       333	8000ca58	feaf07a3	sb	x10,-17(x30)	 x30:0x80022aa1 x10:0x00000000 PA:0x80022a90 store:0x00000000 load:0x00000000
        4335000	       334	8000ca5c	febf07a3	sb	x11,-17(x30)	 x30:0x80022aa1 x11:0xf0c54dad PA:0x80022a90 store:0xf0c54dad load:0x00000000
        4345000	       335	8000ca60	fdcf1fa3	sh	x28,-33(x30)	 x30:0x80022aa1 x28:0x0000000d PA:0x80022a80 store:0x0000000d load:0x00000000
        4355000	       336	8000ca64	fddf0923	sb	x29,-46(x30)	 x30:0x80022aa1 x29:0x82ec0cb0 PA:0x80022a73 store:0x82ec0cb0 load:0x00000000
        4375000	       338	8000ca68	fe5f2d03	lw	x26,-27(x30)	 x30:0x80022aa1 x26=0x42433c3d PA:0x80022a86 load:0x42433c3d
        4385000	       339	8000ca6c	0001	c.addi	x0,0	  x0:0x00000000  x0=0x00000000
        4395000	       340	8000ca6e	fdef4283	lbu	x5,-34(x30)	 x30:0x80022aa1  x5=0x00000034 PA:0x80022a7f load:0x00000034
        4405000	       341	8000ca72	fc5f0b03	lb	x22,-59(x30)	 x30:0x80022aa1 x22=0x0000001d PA:0x80022a66 load:0x0000001d
        4425000	       343	8000ca76	020f2403	lw	x8,32(x30)	 x30:0x80022aa1  x8=0x7f78797a PA:0x80022ac1 load:0x7f78797a
        4435000	       344	8000ca7a	020f5803	lhu	x16,32(x30)	 x30:0x80022aa1 x16=0x0000797a PA:0x80022ac1 load:0x0000797a
        4445000	       345	8000ca7e	ffff4303	lbu	x6,-1(x30)	 x30:0x80022aa1  x6=0x0000005b PA:0x80022aa0 load:0x0000005b
        4455000	       346	8000ca82	0001b697	auipc	x13,0x1b	 x13=0x80027a82
        4465000	       347	8000ca86	e5068693	addi	x13,x13,-432	 x13:0x80027a82 x13=0x800278d2
        4475000	       348	8000ca8a	0000f397	auipc	x7,0xf	  x7=0x8001ba8a
        4485000	       349	8000ca8e	39838393	addi	x7,x7,920	  x7:0x8001ba8a  x7=0x8001be22
        4505000	       351	8000ca92	fd33aea3	sw	x19,-35(x7)	  x7:0x8001be22 x19:0x80000000 PA:0x8001bdff store:0x80000000 load:0x00000078
        4515000	       352	8000ca96	fc239d23	sh	x2,-38(x7)	  x7:0x8001be22  x2:0xf5e39895 PA:0x8001bdfc store:0xf5e39895 load:0x00000000
        4525000	       353	8000ca9a	fcf689a3	sb	x15,-45(x13)	 x13:0x800278d2 x15:0x0fd8fbe7 PA:0x800278a5 store:0x0fd8fbe7 load:0x00000000
        4535000	       354	8000ca9e	0143d003	lhu	x0,20(x7)	  x7:0x8001be22  x0=0x00000000 PA:0x8001be36 load:0x0000eced
        4555000	       356	8000caa2	fc76aa83	lw	x21,-57(x13)	 x13:0x800278d2 x21=0x57505152 PA:0x80027899 load:0x57505152
        4565000	       357	8000caa6	00c68823	sb	x12,16(x13)	 x13:0x800278d2 x12:0x80030e40 PA:0x800278e2 store:0x80030e40 load:0x00000000
        4575000	       358	8000caaa	fee3c283	lbu	x5,-18(x7)	  x7:0x8001be22  x5=0x000000cb PA:0x8001be10 load:0x000000cb
        4585000	       359	8000caae	03468003	lb	x0,52(x13)	 x13:0x800278d2  x0=0x00000000 PA:0x80027906 load:0xffffffbd
        4595000	       360	8000cab2	ff13c883	lbu	x17,-15(x7)	  x7:0x8001be22 x17=0x000000c8 PA:0x8001be13 load:0x000000c8
        4605000	       361	8000cab6	02369c23	sh	x3,56(x13)	 x13:0x800278d2  x3:0x00000000 PA:0x8002790a store:0x00000000 load:0x00000000
        4615000	       362	8000caba	ff2399a3	sh	x18,-13(x7)	  x7:0x8001be22 x18:0x00000004 PA:0x8001be15 store:0x00000004 load:0x00000000
        4625000	       363	8000cabe	03968183	lb	x3,57(x13)	 x13:0x800278d2  x3=0x00000000 PA:0x8002790b load:0x00000000
        4645000	       365	8000cac2	01b6a803	lw	x16,27(x13)	 x13:0x800278d2 x16=0xaba4a5a6 PA:0x800278ed load:0xaba4a5a6
        4665000	       367	8000cac6	fff3a223	sw	x31,-28(x7)	  x7:0x8001be22 x31:0x80000000 PA:0x8001be06 store:0x80000000 load:0x0000a4a5
        4675000	       368	8000caca	fc438803	lb	x16,-60(x7)	  x7:0x8001be22 x16=0xffffff9d PA:0x8001bde6 load:0xffffff9d
        4695000	       370	8000cace	c2a4	c.sw	x9,64(x13)	 x13:0x800278d2  x9:0xf944e20f PA:0x80027912 store:0xf944e20f load:0x0000a4a5
        4705000	       371	8000cad0	0000fa97	auipc	x21,0xf	 x21=0x8001bad0
        4715000	       372	8000cad4	bdfa8a93	addi	x21,x21,-1057	 x21:0x8001bad0 x21=0x8001b6af
        4725000	       373	8000cad8	eafad383	lhu	x7,-337(x21)	 x21:0x8001b6af  x7=0x00001415 PA:0x8001b55e load:0x00001415
        4735000	       374	8000cadc	0f86	c.slli	x31,0x1	 x31:0x80000000 x31=0x00000000
        4745000	       375	8000cade	646a9a03	lh	x20,1606(x21)	 x21:0x8001b6af x20=0xffffadae PA:0x8001bcf5 load:0xffffadae
        4765000	       377	8000cae2	edfaa203	lw	x4,-289(x21)	 x21:0x8001b6af  x4=0x4a4b4445 PA:0x8001b58e load:0x4a4b4445
        4775000	       378	8000cae6	0000100f	fence.i	
        4805000	       381	8000caea	f23a8683	lb	x13,-221(x21)	 x21:0x8001b6af x13=0xffffff89 PA:0x8001b5d2 load:0xffffff89
        5175000	       418	8000caee	03307e33	remu	x28,x0,x19	  x0:0x00000000 x19:0x80000000 x28=0x00000000
        5185000	       419	8000caf2	0052dd33	srl	x26,x5,x5	  x5:0x000000cb  x5:0x000000cb x26=0x00000000
        5555000	       456	8000caf6	03dad933	divu	x18,x21,x29	 x21:0x8001b6af x29:0x82ec0cb0 x18=0x00000000
        5565000	       457	8000cafa	00a21893	slli	x17,x4,0xa	  x4:0x4a4b4445 x17=0x2d111400
        5575000	       458	8000cafe	cd3ade83	lhu	x29,-813(x21)	 x21:0x8001b6af x29=0x00003839 PA:0x8001b382 load:0x00003839
        5585000	       459	8000cb02	001cf433	and	x8,x25,x1	 x25:0x0000000e  x1:0x800032ce  x8=0x0000000e
        5595000	       460	8000cb06	0000100f	fence.i	
        5625000	       463	8000cb0a	0fea9683	lh	x13,254(x21)	 x21:0x8001b6af x13=0x00006566 PA:0x8001b7ad load:0x00006566
        5635000	       464	8000cb0e	40d9db13	srai	x22,x19,0xd	 x19:0x80000000 x22=0xfffc0000
        5645000	       465	8000cb12	412c0333	sub	x6,x24,x18	 x24:0x00000002 x18:0x00000000  x6=0x00000002
        5655000	       466	8000cb16	01a849b3	xor	x19,x16,x26	 x16:0xffffff9d x26:0x00000000 x19=0xffffff9d
        5665000	       467	8000cb1a	19a20eb7	lui	x29,0x19a20	 x29=0x19a20000
        5675000	       468	8000cb1e	6afac183	lbu	x3,1711(x21)	 x21:0x8001b6af  x3=0x00000015 PA:0x8001bd5e load:0x00000015
        5695000	       470	8000cb22	140aa783	lw	x15,320(x21)	 x21:0x8001b6af x15=0xa9aaaba4 PA:0x8001b7ef load:0xa9aaaba4
        5705000	       471	8000cb26	ca0d8d13	addi	x26,x27,-864	 x27:0x00000000 x26=0xfffffca0
        5715000	       472	8000cb2a	8c31	c.xor	x8,x12	  x8:0x0000000e x12:0x80030e40  x8=0x80030e4e
        6085000	       509	8000cb2c	02e8ebb3	rem	x23,x17,x14	 x17:0x2d111400 x14:0x80034ce4 x23=0x2d111400
        6095000	       510	8000cb30	49ba80a3	sb	x27,1153(x21)	 x21:0x8001b6af x27:0x00000000 PA:0x8001bb30 store:0x00000000 load:0x00000000
        6105000	       511	8000cb34	066ad383	lhu	x7,102(x21)	 x21:0x8001b6af  x7=0x0000cdce PA:0x8001b715 load:0x0000cdce
        6115000	       512	8000cb38	0189a033	slt	x0,x19,x24	 x19:0xffffff9d x24:0x00000002  x0=0x00000000
        6125000	       513	8000cb3c	0000100f	fence.i	
        6145000	       515	8000cb40	8d69	c.and	x10,x10	 x10:0x00000000 x10:0x00000000 x10=0x00000000
        6155000	       516	8000cb42	0001	c.addi	x0,0	  x0:0x00000000  x0=0x00000000
        6165000	       517	8000cb44	8599	c.srai	x11,0x6	 x11:0xf0c54dad x11=0xffc31536
        6185000	       519	8000cb46	3e5aa7a3	sw	x5,1007(x21)	 x21:0x8001b6af  x5:0x000000cb PA:0x8001ba9e store:0x000000cb load:0x0000a4a5
        6195000	       520	8000cb4a	83b1	c.srli	x15,0xc	 x15:0xa9aaaba4 x15=0x000a9aaa
        6205000	       521	8000cb4c	45dd	c.li	x11,23	 x11=0x00000017
        6215000	       522	8000cb4e	01241c33	sll	x24,x8,x18	  x8:0x80030e4e x18:0x00000000 x24=0x80030e4e
        6225000	       523	8000cb52	a6ca8003	lb	x0,-1428(x21)	 x21:0x8001b6af  x0=0x00000000 PA:0x8001b11b load:0xffffffd0
        6235000	       524	8000cb56	00016a97	auipc	x21,0x16	 x21=0x80022b56
        6245000	       525	8000cb5a	b59a8a93	addi	x21,x21,-1191	 x21:0x80022b56 x21=0x800226af
        6255000	       526	8000cb5e	82d1	c.srli	x13,0x14	 x13:0x00006566 x13=0x00000000
        6275000	       528	8000cb60	560aa583	lw	x11,1376(x21)	 x21:0x800226af x11=0xc9cacbc4 PA:0x80022c0f load:0xc9cacbc4
        6285000	       529	8000cb64	009913b3	sll	x7,x18,x9	 x18:0x00000000  x9:0xf944e20f  x7=0x00000000
        6295000	       530	8000cb68	40365493	srai	x9,x12,0x3	 x12:0x80030e40  x9=0xf00061c8
        6305000	       531	8000cb6c	8e99	c.sub	x13,x14	 x13:0x00000000 x14:0x80034ce4 x13=0x7ffcb31c
        6315000	       532	8000cb6e	8cfadd03	lhu	x26,-1841(x21)	 x21:0x800226af x26=0x00003435 PA:0x80021f7e load:0x00003435
        6325000	       533	8000cb72	79cacd83	lbu	x27,1948(x21)	 x21:0x800226af x27=0x00000000 PA:0x80022e4b load:0x00000000
        6335000	       534	8000cb76	3f21b893	sltiu	x17,x3,1010	  x3:0x00000015 x17=0x00000001
        6345000	       535	8000cb7a	f50a8723	sb	x16,-178(x21)	 x21:0x800226af x16:0xffffff9d PA:0x800225fd store:0xffffff9d load:0x00000000
        6385000	       539	8000cb7e	0302a7b3	mulhsu	x15,x5,x16	  x5:0x000000cb x16:0xffffff9d x15=0x000000ca
        6395000	       540	8000cb82	cd4a84a3	sb	x20,-823(x21)	 x21:0x800226af x20:0xffffadae PA:0x80022378 store:0xffffadae load:0x00000000
        6405000	       541	8000cb86	a1aaaea3	sw	x26,-1507(x21)	 x21:0x800226af x26:0x00003435 PA:0x800220cc store:0x00003435 load:0x00000000
        6415000	       542	8000cb8a	c1fd5a37	lui	x20,0xc1fd5	 x20=0xc1fd5000
        6435000	       544	8000cb8e	368ad883	lhu	x17,872(x21)	 x21:0x800226af x17=0x0000d3cc PA:0x80022a17 load:0x0000d3cc
        6445000	       545	8000cb92	90de	c.add	x1,x23	  x1:0x800032ce x23:0x2d111400  x1=0xad1146ce
        6465000	       547	8000cb94	337aa303	lw	x6,823(x21)	 x21:0x800226af  x6=0xa2a39c9d PA:0x800229e6 load:0xa2a39c9d
        6475000	       548	8000cb98	0001	c.addi	x0,0	  x0:0x00000000  x0=0x00000000
        6485000	       549	8000cb9a	8dd5	c.or	x11,x13	 x11:0xc9cacbc4 x13:0x7ffcb31c x11=0xfffefbdc
        6495000	       550	8000cb9c	31314b13	xori	x22,x2,787	  x2:0xf5e39895 x22=0xf5e39b86
        6505000	       551	8000cba0	c41a9483	lh	x9,-959(x21)	 x21:0x800226af  x9=0xffffaaab PA:0x800222f0 load:0xffffaaab
        6515000	       552	8000cba4	003bd5b3	srl	x11,x23,x3	 x23:0x2d111400  x3:0x00000015 x11=0x00000168
        6555000	       556	8000cba8	02f1aeb3	mulhsu	x29,x3,x15	  x3:0x00000015 x15:0x000000ca x29=0x00000000
        6565000	       557	8000cbac	ce5a8e23	sb	x5,-772(x21)	 x21:0x800226af  x5:0x000000cb PA:0x800223ab store:0x000000cb load:0x00000000
        6575000	       558	8000cbb0	0e1e	c.slli	x28,0x7	 x28:0x00000000 x28=0x00000000
        6585000	       559	8000cbb2	10fd	c.addi	x1,-1	  x1:0xad1146ce  x1=0xad1146cd
        6595000	       560	8000cbb4	3a7ac683	lbu	x13,935(x21)	 x21:0x800226af x13=0x0000000d PA:0x80022a56 load:0x0000000d
        6605000	       561	8000cbb8	663acd83	lbu	x27,1635(x21)	 x21:0x800226af x27=0x000000c9 PA:0x80022d12 load:0x000000c9
        6625000	       563	8000cbbc	1f6aac23	sw	x22,504(x21)	 x21:0x800226af x22:0xf5e39b86 PA:0x800228a7 store:0xf5e39b86 load:0x0000009c
        6665000	       567	8000cbc0	032bbd33	mulhu	x26,x23,x18	 x23:0x2d111400 x18:0x00000000 x26=0x00000000
        6675000	       568	8000cbc4	2ada83a3	sb	x13,679(x21)	 x21:0x800226af x13:0x0000000d PA:0x80022956 store:0x0000000d load:0x00000000
        6685000	       569	8000cbc8	a40a9ea3	sh	x0,-1443(x21)	 x21:0x800226af  x0:0x00000000 PA:0x8002210c store:0x00000000 load:0x00000000
        6695000	       570	8000cbcc	008240b3	xor	x1,x4,x8	  x4:0x4a4b4445  x8:0x80030e4e  x1=0xca484a0b
        6715000	       572	8000cbd0	353aac83	lw	x25,851(x21)	 x21:0x800226af x25=0xbebfb8b9 PA:0x80022a02 load:0xbebfb8b9
        6725000	       573	8000cbd4	f88a9323	sh	x8,-122(x21)	 x21:0x800226af  x8:0x80030e4e PA:0x80022635 store:0x80030e4e load:0x00000000
        6745000	       575	8000cbd8	04aaa5a3	sw	x10,75(x21)	 x21:0x800226af x10:0x00000000 PA:0x800226fa store:0x00000000 load:0x0000b8b9
        6755000	       576	8000cbdc	0001	c.addi	x0,0	  x0:0x00000000  x0=0x00000000
        6765000	       577	8000cbde	cf1aaa03	lw	x20,-783(x21)	 x21:0x800226af x20=0x58595a5b PA:0x800223a0 load:0x58595a5b
        6775000	       578	8000cbe2	000bd993	srli	x19,x23,0x0	 x23:0x2d111400 x19=0x2d111400
        6785000	       579	8000cbe6	01ab1313	slli	x6,x22,0x1a	 x22:0xf5e39b86  x6=0x18000000
        6795000	       580	8000cbea	59ca8e83	lb	x29,1436(x21)	 x21:0x800226af x29=0x00000000 PA:0x80022c4b load:0x00000000
        6835000	       584	8000cbee	02193933	mulhu	x18,x18,x1	 x18:0x00000000  x1:0xca484a0b x18=0x00000000
        6845000	       585	8000cbf2	21ba8ca3	sb	x27,537(x21)	 x21:0x800226af x27:0x000000c9 PA:0x800228c8 store:0x000000c9 load:0x00000000
        6855000	       586	8000cbf6	ae3a9f23	sh	x3,-1282(x21)	 x21:0x800226af  x3:0x00000015 PA:0x800221ad store:0x00000015 load:0x00000000
        6865000	       587	8000cbfa	3dea8503	lb	x10,990(x21)	 x21:0x800226af x10=0x00000046 PA:0x80022a8d load:0x00000046
        6875000	       588	8000cbfe	00013497	auipc	x9,0x13	  x9=0x8001fbfe
        6885000	       589	8000cc02	3d948493	addi	x9,x9,985	  x9:0x8001fbfe  x9=0x8001ffd7
        7255000	       626	8000cc06	033951b3	divu	x3,x18,x19	 x18:0x00000000 x19:0x2d111400  x3=0x00000000
        7265000	       627	8000cc0a	99fd	c.andi	x11,-1	 x11:0x00000168 x11=0x00000168
        7275000	       628	8000cc0c	e22e0593	addi	x11,x28,-478	 x28:0x00000000 x11=0xfffffe22
        7285000	       629	8000cc10	0044c303	lbu	x6,4(x9)	  x9:0x8001ffd7  x6=0x00000090 PA:0x8001ffdb load:0x00000090
        7295000	       630	8000cc14	0ff0000f	fence	iorw,iorw	
        7305000	       631	8000cc18	00d4dc83	lhu	x25,13(x9)	  x9:0x8001ffd7 x25=0x00009e9f PA:0x8001ffe4 load:0x00009e9f
        7315000	       632	8000cc1c	00f4d003	lhu	x0,15(x9)	  x9:0x8001ffd7  x0=0x00000000 PA:0x8001ffe6 load:0x00009c9d
        7335000	       634	8000cc20	ffb4a783	lw	x15,-5(x9)	  x9:0x8001ffd7 x15=0x8e8f8889 PA:0x8001ffd2 load:0x8e8f8889
        7345000	       635	8000cc24	ffb49b03	lh	x22,-5(x9)	  x9:0x8001ffd7 x22=0xffff8889 PA:0x8001ffd2 load:0xffff8889
        7355000	       636	8000cc28	00d4ca83	lbu	x21,13(x9)	  x9:0x8001ffd7 x21=0x0000009f PA:0x8001ffe4 load:0x0000009f
        7365000	       637	8000cc2c	8c69	c.and	x8,x10	  x8:0x80030e4e x10:0x00000046  x8=0x00000046
        7385000	       639	8000cc2e	ff44d203	lhu	x4,-12(x9)	  x9:0x8001ffd7  x4=0x00008780 PA:0x8001ffcb load:0x00008780
        7395000	       640	8000cc32	0014ad83	lw	x27,1(x9)	  x9:0x8001ffd7 x27=0x90919293 PA:0x8001ffd8 load:0x90919293
        7765000	       677	8000cc36	02e7cb33	div	x22,x15,x14	 x15:0x8e8f8889 x14:0x80034ce4 x22=0x00000000
        7775000	       678	8000cc3a	09cd	c.addi	x19,19	 x19:0x2d111400 x19=0x2d111413
        7785000	       679	8000cc3c	0ff0000f	fence	iorw,iorw	
        7795000	       680	8000cc40	ffb4cd83	lbu	x27,-5(x9)	  x9:0x8001ffd7 x27=0x00000089 PA:0x8001ffd2 load:0x00000089
        7805000	       681	8000cc44	ff84cb03	lbu	x22,-8(x9)	  x9:0x8001ffd7 x22=0x00000084 PA:0x8001ffcf load:0x00000084
        7825000	       683	8000cc48	0004d083	lhu	x1,0(x9)	  x9:0x8001ffd7  x1=0x0000938c PA:0x8001ffd7 load:0x0000938c
        7835000	       684	8000cc4c	00848883	lb	x17,8(x9)	  x9:0x8001ffd7 x17=0xffffff94 PA:0x8001ffdf load:0xffffff94
        7845000	       685	8000cc50	51fd	c.li	x3,-1	  x3=0xffffffff
        7855000	       686	8000cc52	00d49c83	lh	x25,13(x9)	  x9:0x8001ffd7 x25=0xffff9e9f PA:0x8001ffe4 load:0xffff9e9f
        7865000	       687	8000cc56	1041f993	andi	x19,x3,260	  x3:0xffffffff x19=0x00000104
        7875000	       688	8000cc5a	fff4d083	lhu	x1,-1(x9)	  x9:0x8001ffd7  x1=0x00008c8d PA:0x8001ffd6 load:0x00008c8d
        7885000	       689	8000cc5e	0000100f	fence.i	
        7925000	       693	8000cc62	01a4a3a3	sw	x26,7(x9)	  x9:0x8001ffd7 x26:0x00000000 PA:0x8001ffde store:0x00000000 load:0x00008c8d
        7945000	       695	8000cc66	00e4aa83	lw	x21,14(x9)	  x9:0x8001ffd7 x21=0xa39c9d9e PA:0x8001ffe5 load:0xa39c9d9e
        7955000	       696	8000cc6a	01ccd193	srli	x3,x25,0x1c	 x25:0xffff9e9f  x3=0x0000000f
        7965000	       697	8000cc6e	000bc1b3	xor	x3,x23,x0	 x23:0x2d111400  x0:0x00000000  x3=0x2d111400
        7975000	       698	8000cc72	ff74d503	lhu	x10,-9(x9)	  x9:0x8001ffd7 x10=0x00008485 PA:0x8001ffce load:0x00008485
        7985000	       699	8000cc76	ff94de03	lhu	x28,-7(x9)	  x9:0x8001ffd7 x28=0x00008a8b PA:0x8001ffd0 load:0x00008a8b
        7995000	       700	8000cc7a	40d55033	sra	x0,x10,x13	 x10:0x00008485 x13:0x0000000d  x0=0x00000000
        8005000	       701	8000cc7e	ffd48ba3	sb	x29,-9(x9)	  x9:0x8001ffd7 x29:0x00000000 PA:0x8001ffce store:0x00000000 load:0x00000000
        8015000	       702	8000cc82	0001ef17	auipc	x30,0x1e	 x30=0x8002ac82
        8025000	       703	8000cc86	3edf0f13	addi	x30,x30,1005	 x30:0x8002ac82 x30=0x8002b06f
        8035000	       704	8000cc8a	d6cf0723	sb	x12,-658(x30)	 x30:0x8002b06f x12:0x80030e40 PA:0x8002addd store:0x80030e40 load:0x00000000
        8045000	       705	8000cc8e	d6ef1983	lh	x19,-658(x30)	 x30:0x8002b06f x19=0xffff9540 PA:0x8002addd load:0xffff9540
        8055000	       706	8000cc92	d6ef5983	lhu	x19,-658(x30)	 x30:0x8002b06f x19=0x00009540 PA:0x8002addd load:0x00009540
        8065000	       707	8000cc96	0eb9	c.addi	x29,14	 x29:0x00000000 x29=0x0000000e
        8075000	       708	8000cc98	d6ef1a03	lh	x20,-658(x30)	 x30:0x8002b06f x20=0xffff9540 PA:0x8002addd load:0xffff9540
        8085000	       709	8000cc9c	d6ef0e83	lb	x29,-658(x30)	 x30:0x8002b06f x29=0x00000040 PA:0x8002addd load:0x00000040
        8095000	       710	8000cca0	aa9f12a3	sh	x9,-1371(x30)	 x30:0x8002b06f  x9:0x8001ffd7 PA:0x8002ab14 store:0x8001ffd7 load:0x00000000
        8105000	       711	8000cca4	aa5f4883	lbu	x17,-1371(x30)	 x30:0x8002b06f x17=0x000000d7 PA:0x8002ab14 load:0x000000d7
        8115000	       712	8000cca8	aa5f5c03	lhu	x24,-1371(x30)	 x30:0x8002b06f x24=0x0000ffd7 PA:0x8002ab14 load:0x0000ffd7
        8125000	       713	8000ccac	61f5	c.lui	x3,0x1d	  x3=0x0001d000
        8145000	       715	8000ccae	4bcf2a03	lw	x20,1212(x30)	 x30:0x8002b06f x20=0xe5e6e7e0 PA:0x8002b52b load:0xe5e6e7e0
        8165000	       717	8000ccb2	4bcf2e23	sw	x28,1212(x30)	 x30:0x8002b06f x28:0x00008a8b PA:0x8002b52b store:0x00008a8b load:0x000000e0
        8175000	       718	8000ccb6	325f2b03	lw	x22,805(x30)	 x30:0x8002b06f x22=0x4c4d4e4f PA:0x8002b394 load:0x4c4d4e4f
        8185000	       719	8000ccba	325f5403	lhu	x8,805(x30)	 x30:0x8002b06f  x8=0x00004e4f PA:0x8002b394 load:0x00004e4f
        8195000	       720	8000ccbe	0001f597	auipc	x11,0x1f	 x11=0x8002bcbe
        8205000	       721	8000ccc2	04158593	addi	x11,x11,65	 x11:0x8002bcbe x11=0x8002bcff
        8225000	       723	8000ccc6	07c59503	lh	x10,124(x11)	 x11:0x8002bcff x10=0x00003730 PA:0x8002bd7b load:0x00003730
        8235000	       724	8000ccca	0000ec97	auipc	x25,0xe	 x25=0x8001acca
        8245000	       725	8000ccce	601c8c93	addi	x25,x25,1537	 x25:0x8001acca x25=0x8001b2cb
        8255000	       726	8000ccd2	04acc403	lbu	x8,74(x25)	 x25:0x8001b2cb  x8=0x000000ce PA:0x8001b315 load:0x000000ce
        8275000	       728	8000ccd6	f2ec9e23	sh	x14,-196(x25)	 x25:0x8001b2cb x14:0x80034ce4 PA:0x8001b207 store:0x80034ce4 load:0x00000030
        8285000	       729	8000ccda	099c9da3	sh	x25,155(x25)	 x25:0x8001b2cb x25:0x8001b2cb PA:0x8001b366 store:0x8001b2cb load:0x00000000
        8295000	       730	8000ccde	fad5d903	lhu	x18,-83(x11)	 x11:0x8002bcff x18=0x00006667 PA:0x8002bcac load:0x00006667
        8305000	       731	8000cce2	012ccb83	lbu	x23,18(x25)	 x25:0x8001b2cb x23=0x00000096 PA:0x8001b2dd load:0x00000096
        8325000	       733	8000cce6	ff75a283	lw	x5,-9(x11)	 x11:0x8002bcff  x5=0xb2b3acad PA:0x8002bcf6 load:0xb2b3acad
        8335000	       734	8000ccea	00bc9123	sh	x11,2(x25)	 x25:0x8001b2cb x11:0x8002bcff PA:0x8001b2cd store:0x8002bcff load:0x00000000
        8345000	       735	8000ccee	04458683	lb	x13,68(x11)	 x11:0x8002bcff x13=0xfffffff8 PA:0x8002bd43 load:0xfffffff8
        8365000	       737	8000ccf2	0d4cda83	lhu	x21,212(x25)	 x25:0x8001b2cb x21=0x00005b54 PA:0x8001b39f load:0x00005b54
        8375000	       738	8000ccf6	f9559e83	lh	x29,-107(x11)	 x11:0x8002bcff x29=0x00004e4f PA:0x8002bc94 load:0x00004e4f
        8395000	       740	8000ccfa	f575ae03	lw	x28,-169(x11)	 x11:0x8002bcff x28=0x12130c0d PA:0x8002bc56 load:0x12130c0d
        8415000	       742	8000ccfe	fa15a823	sw	x1,-80(x11)	 x11:0x8002bcff  x1:0x00008c8d PA:0x8002bcaf store:0x00008c8d load:0x0000000c
        8425000	       743	8000cd02	032c8383	lb	x7,50(x25)	 x25:0x8001b2cb  x7=0xffffffb6 PA:0x8001b2fd load:0xffffffb6
        8445000	       745	8000cd06	094c9c03	lh	x24,148(x25)	 x25:0x8001b2cb x24=0x00001b14 PA:0x8001b35f load:0x00001b14
        8455000	       746	8000cd0a	0000f797	auipc	x15,0xf	 x15=0x8001bd0a
        8465000	       747	8000cd0e	1c578793	addi	x15,x15,453	 x15:0x8001bd0a x15=0x8001becf
        8475000	       748	8000cd12	0000100f	fence.i	
        8515000	       752	8000cd16	0cf79e23	sh	x15,220(x15)	 x15:0x8001becf x15:0x8001becf PA:0x8001bfab store:0x8001becf load:0x00000014
        8525000	       753	8000cd1a	f3778803	lb	x16,-201(x15)	 x15:0x8001becf x16=0x00000000 PA:0x8001be06 load:0x00000000
        8545000	       755	8000cd1e	0e47d983	lhu	x19,228(x15)	 x15:0x8001becf x19=0x00006f68 PA:0x8001bfb3 load:0x00006f68
        8555000	       756	8000cd22	011378b3	and	x17,x6,x17	  x6:0x00000090 x17:0x000000d7 x17=0x00000090
        8565000	       757	8000cd26	6329	c.lui	x6,0xa	  x6=0x0000a000
        8585000	       759	8000cd28	03a55db3	divu	x27,x10,x26	 x10:0x00003730 x26:0x00000000 x27=0xffffffff
        8595000	       760	8000cd2c	01cf5993	srli	x19,x30,0x1c	 x30:0x8002b06f x19=0x00000008
        8615000	       762	8000cd30	f167ad23	sw	x22,-230(x15)	 x15:0x8001becf x22:0x4c4d4e4f PA:0x8001bde9 store:0x4c4d4e4f load:0x0068696a
        8625000	       763	8000cd34	01ba5d33	srl	x26,x20,x27	 x20:0xe5e6e7e0 x27:0xffffffff x26=0x00000001
        8635000	       764	8000cd38	f3f7d683	lhu	x13,-193(x15)	 x15:0x8001becf x13=0x0000c4c5 PA:0x8001be0e load:0x0000c4c5
        8645000	       765	8000cd3c	018772b3	and	x5,x14,x24	 x14:0x80034ce4 x24:0x00001b14  x5=0x00000804
        8655000	       766	8000cd40	f4878c83	lb	x25,-184(x15)	 x15:0x8001becf x25=0xffffffcc PA:0x8001be17 load:0xffffffcc
        8675000	       768	8000cd44	030774b3	remu	x9,x14,x16	 x14:0x80034ce4 x16:0x00000000  x9=0x80034ce4
        8695000	       770	8000cd48	f677a403	lw	x8,-153(x15)	 x15:0x8001becf  x8=0xf2f3eced PA:0x8001be36 load:0xf2f3eced
        8705000	       771	8000cd4c	9b9e	c.add	x23,x7	 x23:0x00000096  x7:0xffffffb6 x23=0x0000004c
        8715000	       772	8000cd4e	01c85033	srl	x0,x16,x28	 x16:0x00000000 x28:0x12130c0d  x0=0x00000000
        8725000	       773	8000cd52	f8979303	lh	x6,-119(x15)	 x15:0x8001becf  x6=0x00001213 PA:0x8001be58 load:0x00001213
        8745000	       775	8000cd56	09e7a903	lw	x18,158(x15)	 x15:0x8001becf x18=0x2b242526 PA:0x8001bf6d load:0x2b242526
        8765000	       777	8000cd5a	fef79a23	sh	x15,-12(x15)	 x15:0x8001becf x15:0x8001becf PA:0x8001bec3 store:0x8001becf load:0x00000024
        8775000	       778	8000cd5e	41d1	c.li	x3,20	  x3=0x00000014
        9145000	       815	8000cd60	03854cb3	div	x25,x10,x24	 x10:0x00003730 x24:0x00001b14 x25=0x00000002
        9155000	       816	8000cd64	fa97d803	lhu	x16,-87(x15)	 x15:0x8001becf x16=0x00003233 PA:0x8001be78 load:0x00003233
        9165000	       817	8000cd68	d0322893	slti	x17,x4,-765	  x4:0x00008780 x17=0x00000000
        9175000	       818	8000cd6c	f1e7d883	lhu	x17,-226(x15)	 x15:0x8001becf x17=0x0000a5a6 PA:0x8001bded load:0x0000a5a6
        9185000	       819	8000cd70	0927cb83	lbu	x23,146(x15)	 x15:0x8001becf x23=0x0000001a PA:0x8001bf61 load:0x0000001a
        9205000	       821	8000cd74	3ffba193	slti	x3,x23,1023	 x23:0x0000001a  x3=0x00000001
        9215000	       822	8000cd78	01e675b3	and	x11,x12,x30	 x12:0x80030e40 x30:0x8002b06f x11=0x80020040
        9225000	       823	8000cd7c	0b47c303	lbu	x6,180(x15)	 x15:0x8001becf  x6=0x00000038 PA:0x8001bf83 load:0x00000038
        9245000	       825	8000cd80	0f27aa23	sw	x18,244(x15)	 x15:0x8001becf x18:0x2b242526 PA:0x8001bfc3 store:0x2b242526 load:0x00000024
        9255000	       826	8000cd84	8c3a	c.mv	x24,x14	  x0:0x00000000 x14:0x80034ce4 x24=0x80034ce4
        9265000	       827	8000cd86	5efd	c.li	x29,-1	 x29=0xffffffff
        9275000	       828	8000cd88	fd979183	lh	x3,-39(x15)	 x15:0x8001becf  x3=0x00006263 PA:0x8001bea8 load:0x00006263
        9285000	       829	8000cd8c	88cd	c.andi	x9,19	  x9:0x80034ce4  x9=0x00000000
        9295000	       830	8000cd8e	f937de83	lhu	x29,-109(x15)	 x15:0x8001becf x29=0x00001819 PA:0x8001be62 load:0x00001819
        9305000	       831	8000cd92	0ee79683	lh	x13,238(x15)	 x15:0x8001becf x13=0x00007576 PA:0x8001bfbd load:0x00007576
        9315000	       832	8000cd96	0001ef17	auipc	x30,0x1e	 x30=0x8002ad96
        9325000	       833	8000cd9a	165f0f13	addi	x30,x30,357	 x30:0x8002ad96 x30=0x8002aefb
        9335000	       834	8000cd9e	fcbf1f83	lh	x31,-53(x30)	 x30:0x8002aefb x31=0x00007c7d PA:0x8002aec6 load:0x00007c7d
        9705000	       871	8000cda2	02ba61b3	rem	x3,x20,x11	 x20:0xe5e6e7e0 x11:0x80020040  x3=0xe5e6e7e0
        9715000	       872	8000cda6	0c86	c.slli	x25,0x1	 x25:0x00000002 x25=0x00000004
        9725000	       873	8000cda8	0054e6b3	or	x13,x9,x5	  x9:0x00000000  x5:0x00000804 x13=0x00000804
        9745000	       875	8000cdac	fe0f1e23	sh	x0,-4(x30)	 x30:0x8002aefb  x0:0x00000000 PA:0x8002aef7 store:0x00000000 load:0x00000024
        9755000	       876	8000cdb0	4018df93	srai	x31,x17,0x1	 x17:0x0000a5a6 x31=0x000052d3
        9765000	       877	8000cdb4	0bcf0b03	lb	x22,188(x30)	 x30:0x8002aefb x22=0x0000006c PA:0x8002afb7 load:0x0000006c
        9775000	       878	8000cdb8	01f35893	srli	x17,x6,0x1f	  x6:0x00000038 x17=0x00000000
        9785000	       879	8000cdbc	f5af1383	lh	x7,-166(x30)	 x30:0x8002aefb  x7=0x00000d0e PA:0x8002ae55 load:0x00000d0e
        9795000	       880	8000cdc0	066f5903	lhu	x18,102(x30)	 x30:0x8002aefb x18=0x0000191a PA:0x8002af61 load:0x0000191a
        9805000	       881	8000cdc4	008f0223	sb	x8,4(x30)	 x30:0x8002aefb  x8:0xf2f3eced PA:0x8002aeff store:0xf2f3eced load:0x00000000
        9815000	       882	8000cdc8	8139	c.srli	x10,0xe	 x10:0x00003730 x10=0x00000000
        9835000	       884	8000cdca	094f2023	sw	x20,128(x30)	 x30:0x8002aefb x20:0xe5e6e7e0 PA:0x8002af7b store:0xe5e6e7e0 load:0x00000024
        9845000	       885	8000cdce	0ff0000f	fence	iorw,iorw	
        9855000	       886	8000cdd2	00ee5293	srli	x5,x28,0xe	 x28:0x12130c0d  x5=0x0000484c
        9865000	       887	8000cdd6	0e2f4e83	lbu	x29,226(x30)	 x30:0x8002aefb x29=0x00000096 PA:0x8002afdd load:0x00000096
        9875000	       888	8000cdda	fa7f4b83	lbu	x23,-89(x30)	 x30:0x8002aefb x23=0x00000059 PA:0x8002aea2 load:0x00000059
        9885000	       889	8000cdde	928d0b93	addi	x23,x26,-1752	 x26:0x00000001 x23=0xfffff929
        9905000	       891	8000cde2	f18f2c03	lw	x24,-232(x30)	 x30:0x8002aefb x24=0xcdcecfc8 PA:0x8002ae13 load:0xcdcecfc8
        9925000	       893	8000cde6	fb8f06a3	sb	x24,-83(x30)	 x30:0x8002aefb x24:0xcdcecfc8 PA:0x8002aea8 store:0xcdcecfc8 load:0x00000000
        9935000	       894	8000cdea	0a4f0b83	lb	x23,164(x30)	 x30:0x8002aefb x23=0x00000054 PA:0x8002af9f load:0x00000054
        9945000	       895	8000cdee	ff3f0483	lb	x9,-13(x30)	 x30:0x8002aefb  x9=0xffffffa5 PA:0x8002aeee load:0xffffffa5
        9965000	       897	8000cdf2	f3af21a3	sw	x26,-221(x30)	 x30:0x8002aefb x26:0x00000001 PA:0x8002ae1e store:0x00000001 load:0x0000c8c9
        9985000	       899	8000cdf6	f6df2f23	sw	x13,-130(x30)	 x30:0x8002aefb x13:0x00000804 PA:0x8002ae79 store:0x00000804 load:0x00c8c9ca
        9995000	       900	8000cdfa	017feeb3	or	x29,x31,x23	 x31:0x000052d3 x23:0x00000054 x29=0x000052d7
       10015000	       902	8000cdfe	fbcf1e83	lh	x29,-68(x30)	 x30:0x8002aefb x29=0x0000736c PA:0x8002aeb7 load:0x0000736c
       10035000	       904	8000ce02	fc2f2c03	lw	x24,-62(x30)	 x30:0x8002aefb x24=0x7b747576 PA:0x8002aebd load:0x7b747576
       10045000	       905	8000ce06	04df1923	sh	x13,82(x30)	 x30:0x8002aefb x13:0x00000804 PA:0x8002af4d store:0x00000804 load:0x00000000
       10055000	       906	8000ce0a	0e9f26a3	sw	x9,237(x30)	 x30:0x8002aefb  x9:0xffffffa5 PA:0x8002afe8 store:0xffffffa5 load:0x00000000
       10075000	       908	8000ce0e	f34f5903	lhu	x18,-204(x30)	 x30:0x8002aefb x18=0x0000ebe4 PA:0x8002ae2f load:0x0000ebe4
       10095000	       910	8000ce12	021f2da3	sw	x1,59(x30)	 x30:0x8002aefb  x1:0x00008c8d PA:0x8002af36 store:0x00008c8d load:0x0000e4e5
       10105000	       911	8000ce16	0caf1983	lh	x19,202(x30)	 x30:0x8002aefb x19=0x00007d7e PA:0x8002afc5 load:0x00007d7e
       10125000	       913	8000ce1a	ff4f5c03	lhu	x24,-12(x30)	 x30:0x8002aefb x24=0x0000aba4 PA:0x8002aeef load:0x0000aba4
       10135000	       914	8000ce1e	0001	c.addi	x0,0	  x0:0x00000000  x0=0x00000000
       10145000	       915	8000ce20	00595013	srli	x0,x18,0x5	 x18:0x0000ebe4  x0=0x00000000
       10155000	       916	8000ce24	0000100f	fence.i	
       10175000	       918	8000ce28	0edf0ca3	sb	x13,249(x30)	 x30:0x8002aefb x13:0x00000804 PA:0x8002aff4 store:0x00000804 load:0x00000000
       10185000	       919	8000ce2c	8cb5	c.xor	x9,x13	  x9:0xffffffa5 x13:0x00000804  x9=0xfffff7a1
       10195000	       920	8000ce2e	055f1203	lh	x4,85(x30)	 x30:0x8002aefb  x4=0x00000a0b PA:0x8002af50 load:0x00000a0b
       10225000	       923	8000ce32	02c10e33	mul	x28,x2,x12	  x2:0xf5e39895 x12:0x80030e40 x28=0x34fd4b40
       10235000	       924	8000ce36	4ae1	c.li	x21,24	 x21=0x00000018
       10255000	       926	8000ce38	014f2b03	lw	x22,20(x30)	 x30:0x8002aefb x22=0xc9cacbc4 PA:0x8002af0f load:0xc9cacbc4
       10265000	       927	8000ce3c	0000dab3	srl	x21,x1,x0	  x1:0x00008c8d  x0:0x00000000 x21=0x00008c8d
       10275000	       928	8000ce40	fc2f0083	lb	x1,-62(x30)	 x30:0x8002aefb  x1=0x00000076 PA:0x8002aebd load:0x00000076
       10285000	       929	8000ce44	0000ff97	auipc	x31,0xf	 x31=0x8001be44
       10295000	       930	8000ce48	08ef8f93	addi	x31,x31,142	 x31:0x8001be44 x31=0x8001bed2
       10305000	       931	8000ce4c	ff9fcb83	lbu	x23,-7(x31)	 x31:0x8001bed2 x23=0x00000080 PA:0x8001becb load:0x00000080
       10315000	       932	8000ce50	41908cb3	sub	x25,x1,x25	  x1:0x00000076 x25:0x00000004 x25=0x00000072
       10335000	       934	8000ce54	008f90a3	sh	x8,1(x31)	 x31:0x8001bed2  x8:0xf2f3eced PA:0x8001bed3 store:0xf2f3eced load:0x000000c4
       10345000	       935	8000ce58	a52a3213	sltiu	x4,x20,-1454	 x20:0xe5e6e7e0  x4=0x00000001
       10385000	       939	8000ce5c	03e1b0b3	mulhu	x1,x3,x30	  x3:0xe5e6e7e0 x30:0x8002aefb  x1=0x72f5dce2
       10395000	       940	8000ce60	01f1c3b3	xor	x7,x3,x31	  x3:0xe5e6e7e0 x31:0x8001bed2  x7=0x65e75932
       10405000	       941	8000ce64	9f52	c.add	x30,x20	 x30:0x8002aefb x20:0xe5e6e7e0 x30=0x65e996db
       10415000	       942	8000ce66	005f9223	sh	x5,4(x31)	 x31:0x8001bed2  x5:0x0000484c PA:0x8001bed6 store:0x0000484c load:0x00000000
       10425000	       943	8000ce6a	0d9e	c.slli	x27,0x7	 x27:0xffffffff x27=0xffffff80
       10435000	       944	8000ce6c	fdab9e17	auipc	x28,0xfdab9	 x28=0x7dac5e6c
       10445000	       945	8000ce70	0103fab3	and	x21,x7,x16	  x7:0x65e75932 x16:0x00003233 x21=0x00001032
       10455000	       946	8000ce74	090cc493	xori	x9,x25,144	 x25:0x00000072  x9=0x000000e2
       10465000	       947	8000ce78	0001	c.addi	x0,0	  x0:0x00000000  x0=0x00000000
       10475000	       948	8000ce7a	004f82a3	sb	x4,5(x31)	 x31:0x8001bed2  x4:0x00000001 PA:0x8001bed7 store:0x00000001 load:0x00000000
       10485000	       949	8000ce7e	94f6	c.add	x9,x29	  x9:0x000000e2 x29:0x0000736c  x9=0x0000744e
       10495000	       950	8000ce80	004a7433	and	x8,x20,x4	 x20:0xe5e6e7e0  x4:0x00000001  x8=0x00000000
       10505000	       951	8000ce84	8eda	c.mv	x29,x22	  x0:0x00000000 x22:0xc9cacbc4 x29=0xc9cacbc4
       10515000	       952	8000ce86	81c9	c.srli	x11,0x12	 x11:0x80020040 x11=0x00002000
       10525000	       953	8000ce88	339dae13	slti	x28,x27,825	 x27:0xffffff80 x28=0x00000001
       10545000	       955	8000ce8c	01dfa3a3	sw	x29,7(x31)	 x31:0x8001bed2 x29:0xc9cacbc4 PA:0x8001bed9 store:0xc9cacbc4 load:0x00c4c5c6
       10555000	       956	8000ce90	00785893	srli	x17,x16,0x7	 x16:0x00003233 x17=0x00000064
       10925000	       993	8000ce94	03f0e3b3	rem	x7,x1,x31	  x1:0x72f5dce2 x31:0x8001bed2  x7=0x72f5dce2
       10935000	       994	8000ce98	013a3833	sltu	x16,x20,x19	 x20:0xe5e6e7e0 x19:0x00007d7e x16=0x00000000
       10945000	       995	8000ce9c	0a56	c.slli	x20,0x15	 x20:0xe5e6e7e0 x20=0xfc000000
       10955000	       996	8000ce9e	8de9	c.and	x11,x10	 x11:0x00002000 x10:0x00000000 x11=0x00000000
       10975000	       998	8000cea0	ffdfa503	lw	x10,-3(x31)	 x31:0x8001bed2 x10=0x898a8b84 PA:0x8001becf load:0x898a8b84
       10985000	       999	8000cea4	ff5fca83	lbu	x21,-11(x31)	 x31:0x8001bed2 x21=0x0000007c PA:0x8001bec7 load:0x0000007c
       10995000	      1000	8000cea8	01ba20b3	slt	x1,x20,x27	 x20:0xfc000000 x27:0xffffff80  x1=0x00000001
       11005000	      1001	8000ceac	2736a813	slti	x16,x13,627	 x13:0x00000804 x16=0x00000000
       11015000	      1002	8000ceb0	00ff97a3	sh	x15,15(x31)	 x31:0x8001bed2 x15:0x8001becf PA:0x8001bee1 store:0x8001becf load:0x00000000
       11025000	      1003	8000ceb4	00af9003	lh	x0,10(x31)	 x31:0x8001bed2  x0=0x00000000 PA:0x8001bedc load:0xffff96c9
       11035000	      1004	8000ceb8	9379c993	xori	x19,x19,-1737	 x19:0x00007d7e x19=0xffff8449
       11045000	      1005	8000cebc	405f8433	sub	x8,x31,x5	 x31:0x8001bed2  x5:0x0000484c  x8=0x80017686
       11415000	      1042	8000cec0	0250c6b3	div	x13,x1,x5	  x1:0x00000001  x5:0x0000484c x13=0x00000000
       11425000	      1043	8000cec4	61c1	c.lui	x3,0x10	  x3=0x00010000
       11435000	      1044	8000cec6	ff8f8823	sb	x24,-16(x31)	 x31:0x8001bed2 x24:0x0000aba4 PA:0x8001bec2 store:0x0000aba4 load:0x00000000
       11445000	      1045	8000ceca	0000fa17	auipc	x20,0xf	 x20=0x8001beca
       11455000	      1046	8000cece	deba0a13	addi	x20,x20,-533	 x20:0x8001beca x20=0x8001bcb5
       11465000	      1047	8000ced2	006a0983	lb	x19,6(x20)	 x20:0x8001bcb5 x19=0x00000070 PA:0x8001bcbb load:0x00000070
       11485000	      1049	8000ced6	006a2083	lw	x1,6(x20)	 x20:0x8001bcb5  x1=0x75767770 PA:0x8001bcbb load:0x75767770
       11495000	      1050	8000ceda	00ca27a3	sw	x12,15(x20)	 x20:0x8001bcb5 x12:0x80030e40 PA:0x8001bcc4 store:0x80030e40 load:0x00000000
       11515000	      1052	8000cede	012a24a3	sw	x18,9(x20)	 x20:0x8001bcb5 x18:0x0000ebe4 PA:0x8001bcbe store:0x0000ebe4 load:0x00007071
       11525000	      1053	8000cee2	009a1a83	lh	x21,9(x20)	 x20:0x8001bcb5 x21=0xffffebe4 PA:0x8001bcbe load:0xffffebe4
       11535000	      1054	8000cee6	007a27a3	sw	x7,15(x20)	 x20:0x8001bcb5  x7:0x72f5dce2 PA:0x8001bcc4 store:0x72f5dce2 load:0x00000000
       11545000	      1055	8000ceea	00fa0a83	lb	x21,15(x20)	 x20:0x8001bcb5 x21=0xffffffe2 PA:0x8001bcc4 load:0xffffffe2
       11555000	      1056	8000ceee	fe9a19a3	sh	x9,-13(x20)	 x20:0x8001bcb5  x9:0x0000744e PA:0x8001bca8 store:0x0000744e load:0x00000000
       11575000	      1058	8000cef2	ffea5e03	lhu	x28,-2(x20)	 x20:0x8001bcb5 x28=0x00006f68 PA:0x8001bcb3 load:0x00006f68
       11585000	      1059	8000cef6	8ced	c.and	x9,x11	  x9:0x0000744e x11:0x00000000  x9=0x00000000
       11595000	      1060	8000cef8	01ba23a3	sw	x27,7(x20)	 x20:0x8001bcb5 x27:0xffffff80 PA:0x8001bcbc store:0xffffff80 load:0x00000000
       11605000	      1061	8000cefc	003a2183	lw	x3,3(x20)	 x20:0x8001bcb5  x3=0x70717273 PA:0x8001bcb8 load:0x70717273
       11615000	      1062	8000cf00	010a5c83	lhu	x25,16(x20)	 x20:0x8001bcb5 x25=0x0000f5dc PA:0x8001bcc5 load:0x0000f5dc
       11625000	      1063	8000cf04	00fa4a83	lbu	x21,15(x20)	 x20:0x8001bcb5 x21=0x000000e2 PA:0x8001bcc4 load:0x000000e2
       11635000	      1064	8000cf08	01ea0723	sb	x30,14(x20)	 x20:0x8001bcb5 x30:0x65e996db PA:0x8001bcc3 store:0x65e996db load:0x00000000
       11655000	      1066	8000cf0c	ffda28a3	sw	x29,-15(x20)	 x20:0x8001bcb5 x29:0xc9cacbc4 PA:0x8001bca6 store:0xc9cacbc4 load:0x00006869
       11665000	      1067	8000cf10	fa2ec193	xori	x3,x29,-94	 x29:0xc9cacbc4  x3=0x36353466
       11675000	      1068	8000cf14	00e224b3	slt	x9,x4,x14	  x4:0x00000001 x14:0x80034ce4  x9=0x00000000
       12045000	      1105	8000cf18	036fc0b3	div	x1,x31,x22	 x31:0x8001bed2 x22:0xc9cacbc4  x1=0x00000002
       12055000	      1106	8000cf1c	ff1a0803	lb	x16,-15(x20)	 x20:0x8001bcb5 x16=0xffffffc4 PA:0x8001bca6 load:0xffffffc4
       12065000	      1107	8000cf20	ff1a4b03	lbu	x22,-15(x20)	 x20:0x8001bcb5 x22=0x000000c4 PA:0x8001bca6 load:0x000000c4
       12075000	      1108	8000cf24	00012f97	auipc	x31,0x12	 x31=0x8001ef24
       12085000	      1109	8000cf28	a94f8f93	addi	x31,x31,-1388	 x31:0x8001ef24 x31=0x8001e9b8
       12095000	      1110	8000cf2c	0000e697	auipc	x13,0xe	 x13=0x8001af2c
       12105000	      1111	8000cf30	4b468693	addi	x13,x13,1204	 x13:0x8001af2c x13=0x8001b3e0
       12125000	      1113	8000cf34	034fa9a3	sw	x20,51(x31)	 x31:0x8001e9b8 x20:0x8001bcb5 PA:0x8001e9eb store:0x8001bcb5 load:0x00000068
       12135000	      1114	8000cf38	eea68623	sb	x10,-276(x13)	 x13:0x8001b3e0 x10:0x898a8b84 PA:0x8001b2cc store:0x898a8b84 load:0x00000000
       12145000	      1115	8000cf3c	56b68003	lb	x0,1387(x13)	 x13:0x8001b3e0  x0=0x00000000 PA:0x8001b94b load:0x00000000
       12155000	      1116	8000cf40	006f81a3	sb	x6,3(x31)	 x31:0x8001e9b8  x6:0x00000038 PA:0x8001e9bb store:0x00000038 load:0x00000000
       12165000	      1117	8000cf44	e1d69c83	lh	x25,-483(x13)	 x13:0x8001b3e0 x25=0xffffb5b6 PA:0x8001b1fd load:0xffffb5b6
       12175000	      1118	8000cf48	004f9c83	lh	x25,4(x31)	 x31:0x8001e9b8 x25=0x00007677 PA:0x8001e9bc load:0x00007677
       12185000	      1119	8000cf4c	fe3f8803	lb	x16,-29(x31)	 x31:0x8001e9b8 x16=0x00000050 PA:0x8001e99b load:0x00000050
       12195000	      1120	8000cf50	ce069383	lh	x7,-800(x13)	 x13:0x8001b3e0  x7=0x00007a7b PA:0x8001b0c0 load:0x00007a7b
       12215000	      1122	8000cf54	ffefa403	lw	x8,-2(x31)	 x31:0x8001e9b8  x8=0x72736c6d PA:0x8001e9b6 load:0x72736c6d
       12225000	      1123	8000cf58	73f68623	sb	x31,1836(x13)	 x13:0x8001b3e0 x31:0x8001e9b8 PA:0x8001bb0c store:0x8001e9b8 load:0x00000000
       12245000	      1125	8000cf5c	027fad03	lw	x26,39(x31)	 x31:0x8001e9b8 x26=0x999a9b94 PA:0x8001e9df load:0x999a9b94
       12255000	      1126	8000cf60	e7269e03	lh	x28,-398(x13)	 x13:0x8001b3e0 x28=0x00000809 PA:0x8001b252 load:0x00000809
       12265000	      1127	8000cf64	00015197	auipc	x3,0x15	  x3=0x80021f64
       12275000	      1128	8000cf68	f2d18193	addi	x3,x3,-211	  x3:0x80021f64  x3=0x80021e91
       12295000	      1130	8000cf6c	fed1a823	sw	x13,-16(x3)	  x3:0x80021e91 x13:0x8001b3e0 PA:0x80021e81 store:0x8001b3e0 load:0x00949596
       12315000	      1132	8000cf70	fd31ae23	sw	x19,-36(x3)	  x3:0x80021e91 x19:0x00000070 PA:0x80021e6d store:0x00000070 load:0x00949596
       12325000	      1133	8000cf74	fc01dd83	lhu	x27,-64(x3)	  x3:0x80021e91 x27=0x0000090a PA:0x80021e51 load:0x0000090a
       12335000	      1134	8000cf78	9c5a	c.add	x24,x22	 x24:0x0000aba4 x22:0x000000c4 x24=0x0000ac68
       12345000	      1135	8000cf7a	4f75	c.li	x30,29	 x30=0x0000001d
       12355000	      1136	8000cf7c	fc019083	lh	x1,-64(x3)	  x3:0x80021e91  x1=0x0000090a PA:0x80021e51 load:0x0000090a
       12365000	      1137	8000cf80	003182a3	sb	x3,5(x3)	  x3:0x80021e91  x3:0x80021e91 PA:0x80021e96 store:0x80021e91 load:0x00000000
       12385000	      1139	8000cf84	ff81a723	sw	x24,-18(x3)	  x3:0x80021e91 x24:0x0000ac68 PA:0x80021e7f store:0x0000ac68 load:0x00000094
       12405000	      1141	8000cf88	ffa1ad03	lw	x26,-6(x3)	  x3:0x80021e91 x26=0x45464740 PA:0x80021e8b load:0x45464740
       12415000	      1142	8000cf8c	ff519e83	lh	x29,-11(x3)	  x3:0x80021e91 x29=0x00003c3d PA:0x80021e86 load:0x00003c3d
       12425000	      1143	8000cf90	fe518aa3	sb	x5,-11(x3)	  x3:0x80021e91  x5:0x0000484c PA:0x80021e86 store:0x0000484c load:0x00000000
       12435000	      1144	8000cf94	01f1cb83	lbu	x23,31(x3)	  x3:0x80021e91 x23=0x0000006b PA:0x80021eb0 load:0x0000006b
       12445000	      1145	8000cf98	0001afa3	sw	x0,31(x3)	  x3:0x80021e91  x0:0x00000000 PA:0x80021eb0 store:0x00000000 load:0x00000000
       12455000	      1146	8000cf9c	02919223	sh	x9,36(x3)	  x3:0x80021e91  x9:0x00000000 PA:0x80021eb5 store:0x00000000 load:0x00000000
       12465000	      1147	8000cfa0	8d49	c.or	x10,x10	 x10:0x898a8b84 x10:0x898a8b84 x10=0x898a8b84
       12485000	      1149	8000cfa2	03e1a223	sw	x30,36(x3)	  x3:0x80021e91 x30:0x0000001d PA:0x80021eb5 store:0x0000001d load:0x00404142
       12495000	      1150	8000cfa6	0241c383	lbu	x7,36(x3)	  x3:0x80021e91  x7=0x0000001d PA:0x80021eb5 load:0x0000001d
       12505000	      1151	8000cfaa	00db0433	add	x8,x22,x13	 x22:0x000000c4 x13:0x8001b3e0  x8=0x8001b4a4
       12875000	      1188	8000cfae	03967bb3	remu	x23,x12,x25	 x12:0x80030e40 x25:0x00007677 x23=0x00004169
       12885000	      1189	8000cfb2	ff718c03	lb	x24,-9(x3)	  x3:0x80021e91 x24=0x00000043 PA:0x80021e88 load:0x00000043
       12905000	      1191	8000cfb6	00a1a903	lw	x18,10(x3)	  x3:0x80021e91 x18=0x55565750 PA:0x80021e9b load:0x55565750
       12915000	      1192	8000cfba	ff418403	lb	x8,-12(x3)	  x3:0x80021e91  x8=0x0000003e PA:0x80021e85 load:0x0000003e
       12925000	      1193	8000cfbe	ff41de83	lhu	x29,-12(x3)	  x3:0x80021e91 x29=0x00004c3e PA:0x80021e85 load:0x00004c3e
       12935000	      1194	8000cfc2	00010917	auipc	x18,0x10	 x18=0x8001cfc2
       12945000	      1195	8000cfc6	8c290913	addi	x18,x18,-1854	 x18:0x8001cfc2 x18=0x8001c884
       12955000	      1196	8000cfca	0000fd17	auipc	x26,0xf	 x26=0x8001bfca
       12965000	      1197	8000cfce	dd5d0d13	addi	x26,x26,-555	 x26:0x8001bfca x26=0x8001bd9f
       12975000	      1198	8000cfd2	73190323	sb	x17,1830(x18)	 x18:0x8001c884 x17:0x00000064 PA:0x8001cfaa store:0x00000064 load:0x00000000
       12985000	      1199	8000cfd6	21094583	lbu	x11,528(x18)	 x18:0x8001c884 x11=0x0000004f PA:0x8001ca94 load:0x0000004f
       12995000	      1200	8000cfda	4fa90483	lb	x9,1274(x18)	 x18:0x8001c884  x9=0x00000035 PA:0x8001cd7e load:0x00000035
       13005000	      1201	8000cfde	ae6d4383	lbu	x7,-1306(x26)	 x26:0x8001bd9f  x7=0x0000003e PA:0x8001b885 load:0x0000003e
       13015000	      1202	8000cfe2	c9895083	lhu	x1,-872(x18)	 x18:0x8001c884  x1=0x0000d6d7 PA:0x8001c51c load:0x0000d6d7
       13035000	      1204	8000cfe6	c5a92723	sw	x26,-946(x18)	 x18:0x8001c884 x26:0x8001bd9f PA:0x8001c4d2 store:0x8001bd9f load:0x00005051
       13045000	      1205	8000cfea	12494f83	lbu	x31,292(x18)	 x18:0x8001c884 x31=0x00000063 PA:0x8001c9a8 load:0x00000063
       13055000	      1206	8000cfee	ad5d0d23	sb	x21,-1318(x26)	 x26:0x8001bd9f x21:0x000000e2 PA:0x8001b879 store:0x000000e2 load:0x00000000
       13075000	      1208	8000cff2	eb6d2d83	lw	x27,-330(x26)	 x26:0x8001bd9f x27=0x130c0d0e PA:0x8001bc55 load:0x130c0d0e
       13085000	      1209	8000cff6	7fb90a03	lb	x20,2043(x18)	 x18:0x8001c884 x20=0x00000034 PA:0x8001d07f load:0x00000034
       13095000	      1210	8000cffa	ce7d0c03	lb	x24,-793(x26)	 x26:0x8001bd9f x24=0x0000003d PA:0x8001ba86 load:0x0000003d
       13105000	      1211	8000cffe	43a91803	lh	x16,1082(x18)	 x18:0x8001c884 x16=0x00007475 PA:0x8001ccbe load:0x00007475
       13115000	      1212	8000d002	3f690b83	lb	x23,1014(x18)	 x18:0x8001c884 x23=0x00000031 PA:0x8001cc7a load:0x00000031
       13135000	      1214	8000d006	188d2723	sw	x8,398(x26)	 x26:0x8001bd9f  x8:0x0000003e PA:0x8001bf2d store:0x0000003e load:0x000c0d0e
       13145000	      1215	8000d00a	edf90c83	lb	x25,-289(x18)	 x18:0x8001c884 x25=0x00000018 PA:0x8001c763 load:0x00000018
       13155000	      1216	8000d00e	258d00a3	sb	x24,577(x26)	 x26:0x8001bd9f x24:0x0000003d PA:0x8001bfe0 store:0x0000003d load:0x00000000
       13165000	      1217	8000d012	0000e197	auipc	x3,0xe	  x3=0x8001b012
       13175000	      1218	8000d016	21518193	addi	x3,x3,533	  x3:0x8001b012  x3=0x8001b227
       13185000	      1219	8000d01a	0001c697	auipc	x13,0x1c	 x13=0x8002901a
       13195000	      1220	8000d01e	faa68693	addi	x13,x13,-86	 x13:0x8002901a x13=0x80028fc4
       13205000	      1221	8000d022	6c46ac03	lw	x24,1732(x13)	 x13:0x80028fc4 x24=0x40414243 PA:0x80029688 load:0x40414243
       13215000	      1222	8000d026	e7569823	sh	x21,-400(x13)	 x13:0x80028fc4 x21:0x000000e2 PA:0x80028e34 store:0x000000e2 load:0x00000000
       13225000	      1223	8000d02a	0061de83	lhu	x29,6(x3)	  x3:0x8001b227 x29=0x0000e5e6 PA:0x8001b22d load:0x0000e5e6
       13235000	      1224	8000d02e	ffa18883	lb	x17,-6(x3)	  x3:0x8001b227 x17=0xffffffda PA:0x8001b221 load:0xffffffda
       13245000	      1225	8000d032	ba968283	lb	x5,-1111(x13)	 x13:0x80028fc4  x5=0x00000026 PA:0x80028b6d load:0x00000026
       13255000	      1226	8000d036	01018403	lb	x8,16(x3)	  x3:0x8001b227  x8=0xffffffec PA:0x8001b237 load:0xffffffec
       13275000	      1228	8000d03a	0041d583	lhu	x11,4(x3)	  x3:0x8001b227 x11=0x0000e7e0 PA:0x8001b22b load:0x0000e7e0
       13295000	      1230	8000d03e	7926a8a3	sw	x18,1937(x13)	 x13:0x80028fc4 x18:0x8001c884 PA:0x80029755 store:0x8001c884 load:0x00e0e1e2
       13315000	      1232	8000d042	512699a3	sh	x18,1299(x13)	 x13:0x80028fc4 x18:0x8001c884 PA:0x800294d7 store:0x8001c884 load:0x000000e0
       13325000	      1233	8000d046	96268b83	lb	x23,-1694(x13)	 x13:0x80028fc4 x23=0xffffffdd PA:0x80028926 load:0xffffffdd
       13345000	      1235	8000d04a	ff41d303	lhu	x6,-12(x3)	  x3:0x8001b227  x6=0x0000d7d0 PA:0x8001b21b load:0x0000d7d0
       13365000	      1237	8000d04e	ff41aa23	sw	x20,-12(x3)	  x3:0x8001b227 x20:0x00000034 PA:0x8001b21b store:0x00000034 load:0x000000d0
       13375000	      1238	8000d052	d9169003	lh	x0,-623(x13)	 x13:0x80028fc4  x0=0x00000000 PA:0x80028d55 load:0x00000d0e
       13385000	      1239	8000d056	ffe19583	lh	x11,-2(x3)	  x3:0x8001b227 x11=0xffffddde PA:0x8001b225 load:0xffffddde
       13395000	      1240	8000d05a	ff61da83	lhu	x21,-10(x3)	  x3:0x8001b227 x21=0x00000000 PA:0x8001b21d load:0x00000000
       13405000	      1241	8000d05e	ff1188a3	sb	x17,-15(x3)	  x3:0x8001b227 x17:0xffffffda PA:0x8001b218 store:0xffffffda load:0x00000000
       13415000	      1242	8000d062	00011a97	auipc	x21,0x11	 x21=0x8001e062
       13425000	      1243	8000d066	038a8a93	addi	x21,x21,56	 x21:0x8001e062 x21=0x8001e09a
       13435000	      1244	8000d06a	0000f417	auipc	x8,0xf	  x8=0x8001c06a
       13445000	      1245	8000d06e	ad140413	addi	x8,x8,-1327	  x8:0x8001c06a  x8=0x8001bb3b
       13455000	      1246	8000d072	fe7a8b23	sb	x7,-10(x21)	 x21:0x8001e09a  x7:0x0000003e PA:0x8001e090 store:0x0000003e load:0x00000000
       13465000	      1247	8000d076	ffda9fa3	sh	x29,-1(x21)	 x21:0x8001e09a x29:0x0000e5e6 PA:0x8001e099 store:0x0000e5e6 load:0x00000000
       13475000	      1248	8000d07a	001aa323	sw	x1,6(x21)	 x21:0x8001e09a  x1:0x0000d6d7 PA:0x8001e0a0 store:0x0000d6d7 load:0x00000000
       13495000	      1250	8000d07e	4448	c.lw	x10,12(x8)	  x8:0x8001bb3b x10=0x010203fc PA:0x8001bb47 load:0x010203fc
       13505000	      1251	8000d080	fe9a9823	sh	x9,-16(x21)	 x21:0x8001e09a  x9:0x00000035 PA:0x8001e08a store:0x00000035 load:0x00000000
       13525000	      1253	8000d084	fe6aa823	sw	x6,-16(x21)	 x21:0x8001e09a  x6:0x0000d7d0 PA:0x8001e08a store:0x0000d7d0 load:0x0000fcfd
       13545000	      1255	8000d088	ff7aa283	lw	x5,-9(x21)	 x21:0x8001e09a  x5=0x4f48494a PA:0x8001e091 load:0x4f48494a
       13555000	      1256	8000d08c	002adf83	lhu	x31,2(x21)	 x21:0x8001e09a x31=0x00005657 PA:0x8001e09c load:0x00005657
       13565000	      1257	8000d090	fe641ba3	sh	x6,-9(x8)	  x8:0x8001bb3b  x6:0x0000d7d0 PA:0x8001bb32 store:0x0000d7d0 load:0x00000000
       13575000	      1258	8000d094	00a45b83	lhu	x23,10(x8)	  x8:0x8001bb3b x23=0x0000fdfe PA:0x8001bb45 load:0x0000fdfe
       13585000	      1259	8000d098	007a8903	lb	x18,7(x21)	 x21:0x8001e09a x18=0xffffffd6 PA:0x8001e0a1 load:0xffffffd6
       13605000	      1261	8000d09c	01041d83	lh	x27,16(x8)	  x8:0x8001bb3b x27=0x00000700 PA:0x8001bb4b load:0x00000700
       13625000	      1263	8000d0a0	ff3aa8a3	sw	x19,-15(x21)	 x21:0x8001e09a x19:0x00000070 PA:0x8001e08b store:0x00000070 load:0x00000000
       13635000	      1264	8000d0a4	00a40583	lb	x11,10(x8)	  x8:0x8001bb3b x11=0xfffffffe PA:0x8001bb45 load:0xfffffffe
       13645000	      1265	8000d0a8	ff641883	lh	x17,-10(x8)	  x8:0x8001bb3b x17=0xffffd0ea PA:0x8001bb31 load:0xffffd0ea
       13655000	      1266	8000d0ac	ff3ad003	lhu	x0,-13(x21)	 x21:0x8001e09a  x0=0x00000000 PA:0x8001e08d load:0x00000000
       13665000	      1267	8000d0b0	0000f397	auipc	x7,0xf	  x7=0x8001c0b0
       13675000	      1268	8000d0b4	81738393	addi	x7,x7,-2025	  x7:0x8001c0b0  x7=0x8001b8c7
       13685000	      1269	8000d0b8	01e3a2a3	sw	x30,5(x7)	  x7:0x8001b8c7 x30:0x0000001d PA:0x8001b8cc store:0x0000001d load:0x00000000
       13695000	      1270	8000d0bc	0053a003	lw	x0,5(x7)	  x7:0x8001b8c7  x0=0x00000000 PA:0x8001b8cc load:0x0000001d
       13705000	      1271	8000d0c0	000382a3	sb	x0,5(x7)	  x7:0x8001b8c7  x0:0x00000000 PA:0x8001b8cc store:0x00000000 load:0x00000000
       14075000	      1308	8000d0c4	035a6233	rem	x4,x20,x21	 x20:0x00000034 x21:0x8001e09a  x4=0x00000034
       14085000	      1309	8000d0c8	8c71	c.and	x8,x12	  x8:0x8001bb3b x12:0x80030e40  x8=0x80010a00
       14095000	      1310	8000d0ca	0013a0a3	sw	x1,1(x7)	  x7:0x8001b8c7  x1:0x0000d6d7 PA:0x8001b8c8 store:0x0000d6d7 load:0x00000000
       14105000	      1311	8000d0ce	00139083	lh	x1,1(x7)	  x7:0x8001b8c7  x1=0xffffd6d7 PA:0x8001b8c8 load:0xffffd6d7
       14115000	      1312	8000d0d2	0e8c4693	xori	x13,x24,232	 x24:0x40414243 x13=0x404142ab
       14125000	      1313	8000d0d6	fef3aaa3	sw	x15,-11(x7)	  x7:0x8001b8c7 x15:0x8001becf PA:0x8001b8bc store:0x8001becf load:0x00000000
       14135000	      1314	8000d0da	ff53cd83	lbu	x27,-11(x7)	  x7:0x8001b8c7 x27=0x000000cf PA:0x8001b8bc load:0x000000cf
       14145000	      1315	8000d0de	ff138aa3	sb	x17,-11(x7)	  x7:0x8001b8c7 x17:0xffffd0ea PA:0x8001b8bc store:0xffffd0ea load:0x00000000
       14155000	      1316	8000d0e2	40ed8433	sub	x8,x27,x14	 x27:0x000000cf x14:0x80034ce4  x8=0x7ffcb3eb
       14165000	      1317	8000d0e6	fe138aa3	sb	x1,-11(x7)	  x7:0x8001b8c7  x1:0xffffd6d7 PA:0x8001b8bc store:0xffffd6d7 load:0x00000000
       14185000	      1319	8000d0ea	ff43dd03	lhu	x26,-12(x7)	  x7:0x8001b8c7 x26=0x0000d770 PA:0x8001b8bb load:0x0000d770
       14195000	      1320	8000d0ee	00139203	lh	x4,1(x7)	  x7:0x8001b8c7  x4=0xffffd6d7 PA:0x8001b8c8 load:0xffffd6d7
       14205000	      1321	8000d0f2	9458ae93	slti	x29,x17,-1723	 x17:0xffffd0ea x29=0x00000001
       14215000	      1322	8000d0f6	00139883	lh	x17,1(x7)	  x7:0x8001b8c7 x17=0xffffd6d7 PA:0x8001b8c8 load:0xffffd6d7
       14225000	      1323	8000d0fa	9a26	c.add	x20,x9	 x20:0x00000034  x9:0x00000035 x20=0x00000069
       14235000	      1324	8000d0fc	6f91	c.lui	x31,0x4	 x31=0x00004000
       14245000	      1325	8000d0fe	016cdbb3	srl	x23,x25,x22	 x25:0x00000018 x22:0x000000c4 x23=0x00000001
       14615000	      1362	8000d102	0367cb33	div	x22,x15,x22	 x15:0x8001becf x22:0x000000c4 x22=0xff58d343
       14625000	      1363	8000d106	0248ea63	bltu	x17,x4,8000d13a	 x17:0xffffd6d7  x4:0xffffd6d7
       14635000	      1364	8000d10a	0cbe	c.slli	x25,0xf	 x25:0x00000018 x25=0x000c0000
       14645000	      1365	8000d10c	8e85	c.sub	x13,x9	 x13:0x404142ab  x9:0x00000035 x13=0x40414276
       14655000	      1366	8000d10e	8ef5	c.and	x13,x13	 x13:0x40414276 x13:0x40414276 x13=0x40414276
       14665000	      1367	8000d110	d8454997	auipc	x19,0xd8454	 x19=0x58461110
       14675000	      1368	8000d114	0000100f	fence.i	
       14695000	      1370	8000d118	bf520193	addi	x3,x4,-1035	  x4:0xffffd6d7  x3=0xffffd2cc
       14705000	      1371	8000d11c	987d	c.andi	x8,-1	  x8:0x7ffcb3eb  x8=0x7ffcb3eb
       14745000	      1375	8000d11e	03d916b3	mulh	x13,x18,x29	 x18:0xffffffd6 x29:0x00000001 x13=0xffffffff
       14755000	      1376	8000d122	00bc4db3	xor	x27,x24,x11	 x24:0x40414243 x11:0xfffffffe x27=0xbfbebdbd
       14765000	      1377	8000d126	5d600693	addi	x13,x0,1494	  x0:0x00000000 x13=0x000005d6
       14775000	      1378	8000d12a	03619d63	bne	x3,x22,8000d164	  x3:0xffffd2cc x22:0xff58d343
       14795000	      1380	8000d164	01b751b3	srl	x3,x14,x27	 x14:0x80034ce4 x27:0xbfbebdbd  x3=0x00000004
       14805000	      1381	8000d168	8e77be93	sltiu	x29,x15,-1817	 x15:0x8001becf x29=0x00000001
       14815000	      1382	8000d16c	6a8d	c.lui	x21,0x3	 x21=0x00003000
       14825000	      1383	8000d16e	88c6	c.mv	x17,x17	  x0:0x00000000 x17:0xffffd6d7 x17=0xffffd6d7
       15195000	      1420	8000d170	031473b3	remu	x7,x8,x17	  x8:0x7ffcb3eb x17:0xffffd6d7  x7=0x7ffcb3eb
       15205000	      1421	8000d174	0001	c.addi	x0,0	  x0:0x00000000  x0=0x00000000
       15215000	      1422	8000d176	02e9	c.addi	x5,26	  x5:0x4f48494a  x5=0x4f484964
       15225000	      1423	8000d178	8dd1	c.or	x11,x12	 x11:0xfffffffe x12:0x80030e40 x11=0xfffffffe
       15235000	      1424	8000d17a	8fd9	c.or	x15,x14	 x15:0x8001becf x14:0x80034ce4 x15=0x8003feef
       15245000	      1425	8000d17c	87e9	c.srai	x15,0x1a	 x15:0x8003feef x15=0xffffffe0
       15255000	      1426	8000d17e	8e81	c.sub	x13,x8	 x13:0x000005d6  x8:0x7ffcb3eb x13=0x800351eb
       15625000	      1463	8000d180	03f063b3	rem	x7,x0,x31	  x0:0x00000000 x31:0x00004000  x7=0x00000000
       15635000	      1464	8000d184	030f4863	blt	x30,x16,8000d1b4	 x30:0x0000001d x16:0x00007475
       15655000	      1466	8000d1b4	ba5dba93	sltiu	x21,x27,-1115	 x27:0xbfbebdbd x21=0x00000001
       15665000	      1467	8000d1b8	8cb1	c.xor	x9,x12	  x9:0x00000035 x12:0x80030e40  x9=0x80030e75
       15675000	      1468	8000d1ba	01116033	or	x0,x2,x17	  x2:0xf5e39895 x17:0xffffd6d7  x0=0x00000000
       15685000	      1469	8000d1be	00fe4263	blt	x28,x15,8000d1c2	 x28:0x00000809 x15:0xffffffe0
       15695000	      1470	8000d1c2	9bfd	c.andi	x15,-1	 x15:0xffffffe0 x15=0xffffffe0
       15725000	      1473	8000d1c4	039d04b3	mul	x9,x26,x25	 x26:0x0000d770 x25:0x000c0000  x9=0x19400000
       15735000	      1474	8000d1c8	c0b4fc13	andi	x24,x9,-1013	  x9:0x19400000 x24=0x19400000
       15745000	      1475	8000d1cc	41fb5893	srai	x17,x22,0x1f	 x22:0xff58d343 x17=0xffffffff
       15755000	      1476	8000d1d0	0ff0000f	fence	iorw,iorw	
       15765000	      1477	8000d1d4	012feeb3	or	x29,x31,x18	 x31:0x00004000 x18:0xffffffd6 x29=0xffffffd6
       15775000	      1478	8000d1d8	014eaeb3	slt	x29,x29,x20	 x29:0xffffffd6 x20:0x00000069 x29=0x00000001
       16145000	      1515	8000d1dc	02b36233	rem	x4,x6,x11	  x6:0x0000d7d0 x11:0xfffffffe  x4=0x00000000
       16155000	      1516	8000d1e0	8ef5	c.and	x13,x13	 x13:0x800351eb x13:0x800351eb x13=0x800351eb
       16165000	      1517	8000d1e2	f6532f13	slti	x30,x6,-155	  x6:0x0000d7d0 x30=0x00000000
       16175000	      1518	8000d1e6	88dc8b13	addi	x22,x25,-1907	 x25:0x000c0000 x22=0x000bf88d
       16185000	      1519	8000d1ea	d2433c93	sltiu	x25,x6,-732	  x6:0x0000d7d0 x25=0x00000001
       16195000	      1520	8000d1ee	b8050c93	addi	x25,x10,-1152	 x10:0x010203fc x25=0x0101ff7c
       16205000	      1521	8000d1f2	41165eb3	sra	x29,x12,x17	 x12:0x80030e40 x17:0xffffffff x29=0xffffffff
       16215000	      1522	8000d1f6	038ecb63	blt	x29,x24,8000d22c	 x29:0xffffffff x24:0x19400000
       16235000	      1524	8000d22c	0001	c.addi	x0,0	  x0:0x00000000  x0=0x00000000
       16275000	      1528	8000d22e	036136b3	mulhu	x13,x2,x22	  x2:0xf5e39895 x22:0x000bf88d x13=0x000b7f83
       16315000	      1532	8000d232	03cbbfb3	mulhu	x31,x23,x28	 x23:0x00000001 x28:0x00000809 x31=0x00000000
       16685000	      1569	8000d236	030f48b3	div	x17,x30,x16	 x30:0x00000000 x16:0x00007475 x17=0x00000000
       16695000	      1570	8000d23a	00f13b33	sltu	x22,x2,x15	  x2:0xf5e39895 x15:0xffffffe0 x22=0x00000001
       17065000	      1607	8000d23e	034b41b3	div	x3,x22,x20	 x22:0x00000001 x20:0x00000069  x3=0x00000000
       17075000	      1608	8000d242	0001	c.addi	x0,0	  x0:0x00000000  x0=0x00000000
       17085000	      1609	8000d244	6ac40d13	addi	x26,x8,1708	  x8:0x7ffcb3eb x26=0x7ffcba97
       17095000	      1610	8000d248	8c41	c.or	x8,x8	  x8:0x7ffcb3eb  x8:0x7ffcb3eb  x8=0x7ffcb3eb
       17115000	      1612	8000d24a	0240e1b3	rem	x3,x1,x4	  x1:0xffffd6d7  x4:0x00000000  x3=0xffffd6d7
       17125000	      1613	8000d24e	01014fb3	xor	x31,x2,x16	  x2:0xf5e39895 x16:0x00007475 x31=0xf5e3ece0
       17135000	      1614	8000d252	8e5e	c.mv	x28,x23	  x0:0x00000000 x23:0x00000001 x28=0x00000001
       17145000	      1615	8000d254	0f1a	c.slli	x30,0x6	 x30:0x00000000 x30=0x00000000
       17185000	      1619	8000d256	0236a933	mulhsu	x18,x13,x3	 x13:0x000b7f83  x3:0xffffd6d7 x18=0x000b7f81
       17195000	      1620	8000d25a	8c75	c.and	x8,x13	  x8:0x7ffcb3eb x13:0x000b7f83  x8=0x00083383
       17205000	      1621	8000d25c	bb270a37	lui	x20,0xbb270	 x20=0xbb270000
       17215000	      1622	8000d260	841d	c.srai	x8,0x7	  x8:0x00083383  x8=0x00001067
       17225000	      1623	8000d262	40f305b3	sub	x11,x6,x15	  x6:0x0000d7d0 x15:0xffffffe0 x11=0x0000d7f0
       17235000	      1624	8000d266	00011217	auipc	x4,0x11	  x4=0x8001e266
       17245000	      1625	8000d26a	34320213	addi	x4,x4,835	  x4:0x8001e266  x4=0x8001e5a9
       17265000	      1627	8000d26e	019224a3	sw	x25,9(x4)	  x4:0x8001e5a9 x25:0x0101ff7c PA:0x8001e5b2 store:0x0101ff7c load:0x00007071
       17275000	      1628	8000d272	011ec033	xor	x0,x29,x17	 x29:0xffffffff x17:0x00000000  x0=0x00000000
       17285000	      1629	8000d276	ffc20783	lb	x15,-4(x4)	  x4:0x8001e5a9 x15=0x0000005e PA:0x8001e5a5 load:0x0000005e
       17295000	      1630	8000d27a	fec21e23	sh	x12,-4(x4)	  x4:0x8001e5a9 x12:0x80030e40 PA:0x8001e5a5 store:0x80030e40 load:0x00000000
       17315000	      1632	8000d27e	ff222e23	sw	x18,-4(x4)	  x4:0x8001e5a9 x18:0x000b7f81 PA:0x8001e5a5 store:0x000b7f81 load:0x00707172
       17335000	      1634	8000d282	ffc22883	lw	x17,-4(x4)	  x4:0x8001e5a9 x17=0x000b7f81 PA:0x8001e5a5 load:0x000b7f81
       17355000	      1636	8000d286	00222803	lw	x16,2(x4)	  x4:0x8001e5a9 x16=0x65666760 PA:0x8001e5ab load:0x65666760
       17365000	      1637	8000d28a	00cebeb3	sltu	x29,x29,x12	 x29:0xffffffff x12:0x80030e40 x29=0x00000000
       17385000	      1639	8000d28e	00222003	lw	x0,2(x4)	  x4:0x8001e5a9  x0=0x00000000 PA:0x8001e5ab load:0x65666760
       17395000	      1640	8000d292	00224403	lbu	x8,2(x4)	  x4:0x8001e5a9  x8=0x00000060 PA:0x8001e5ab load:0x00000060
       17415000	      1642	8000d296	00f22123	sw	x15,2(x4)	  x4:0x8001e5a9 x15:0x0000005e PA:0x8001e5ab store:0x0000005e load:0x00000060
       17425000	      1643	8000d29a	00224e83	lbu	x29,2(x4)	  x4:0x8001e5a9 x29=0x0000005e PA:0x8001e5ab load:0x0000005e
       17435000	      1644	8000d29e	00224e83	lbu	x29,2(x4)	  x4:0x8001e5a9 x29=0x0000005e PA:0x8001e5ab load:0x0000005e
       17445000	      1645	8000d2a2	ff920803	lb	x16,-7(x4)	  x4:0x8001e5a9 x16=0x00000059 PA:0x8001e5a2 load:0x00000059
       17455000	      1646	8000d2a6	8791	c.srai	x15,0x4	 x15:0x0000005e x15=0x00000005
       17465000	      1647	8000d2a8	0331e163	bltu	x3,x19,8000d2ca	  x3:0xffffd6d7 x19:0x58461110
       17835000	      1684	8000d2ac	03435d33	divu	x26,x6,x20	  x6:0x0000d7d0 x20:0xbb270000 x26=0x00000000
       17845000	      1685	8000d2b0	0001	c.addi	x0,0	  x0:0x00000000  x0=0x00000000
       17855000	      1686	8000d2b2	9cfe	c.add	x25,x31	 x25:0x0101ff7c x31:0xf5e3ece0 x25=0xf6e5ec5c
       18225000	      1723	8000d2b4	033761b3	rem	x3,x14,x19	 x14:0x80034ce4 x19:0x58461110  x3=0xd8495df4
       18235000	      1724	8000d2b8	527d	c.li	x4,-1	  x4=0xffffffff
       18245000	      1725	8000d2ba	01f24a63	blt	x4,x31,8000d2ce	  x4:0xffffffff x31:0xf5e3ece0
       18255000	      1726	8000d2be	0001	c.addi	x0,0	  x0:0x00000000  x0=0x00000000
       18265000	      1727	8000d2c0	89fe	c.mv	x19,x31	  x0:0x00000000 x31:0xf5e3ece0 x19=0xf5e3ece0
       18275000	      1728	8000d2c2	5d292997	auipc	x19,0x5d292	 x19=0xdd29f2c2
       18285000	      1729	8000d2c6	1efd	c.addi	x29,-1	 x29:0x0000005e x29=0x0000005d
       18295000	      1730	8000d2c8	0001	c.addi	x0,0	  x0:0x00000000  x0=0x00000000
       18305000	      1731	8000d2ca	00fdd393	srli	x7,x27,0xf	 x27:0xbfbebdbd  x7=0x00017f7d
       18315000	      1732	8000d2ce	007eca33	xor	x20,x29,x7	 x29:0x0000005d  x7:0x00017f7d x20=0x00017f20
       18325000	      1733	8000d2d2	40a10db3	sub	x27,x2,x10	  x2:0xf5e39895 x10:0x010203fc x27=0xf4e19499
       18335000	      1734	8000d2d6	007d5793	srli	x15,x26,0x7	 x26:0x00000000 x15=0x00000000
       18345000	      1735	8000d2da	40428933	sub	x18,x5,x4	  x5:0x4f484964  x4:0xffffffff x18=0x4f484965
       18715000	      1772	8000d2de	029befb3	rem	x31,x23,x9	 x23:0x00000001  x9:0x19400000 x31=0x00000001
       18725000	      1773	8000d2e2	00fe7b63	bgeu	x28,x15,8000d2f8	 x28:0x00000001 x15:0x00000000
       18745000	      1775	8000d2f8	414a5293	srai	x5,x20,0x14	 x20:0x00017f20  x5=0x00000000
       19115000	      1812	8000d2fc	0275e533	rem	x10,x11,x7	 x11:0x0000d7f0  x7:0x00017f7d x10=0x0000d7f0
       19125000	      1813	8000d300	8dd2	c.mv	x27,x20	  x0:0x00000000 x20:0x00017f20 x27=0x00017f20
       19135000	      1814	8000d302	e909	c.bnez	x10,8000d314	 x10:0x0000d7f0
       19155000	      1816	8000d314	02c94f63	blt	x18,x12,8000d352	 x18:0x4f484965 x12:0x80030e40
       19165000	      1817	8000d318	41995ab3	sra	x21,x18,x25	 x18:0x4f484965 x25:0xf6e5ec5c x21=0x00000004
       19175000	      1818	8000d31c	01efd9b3	srl	x19,x31,x30	 x31:0x00000001 x30:0x00000000 x19=0x00000001
       19185000	      1819	8000d320	4158d913	srai	x18,x17,0x15	 x17:0x000b7f81 x18=0x00000000
       19225000	      1823	8000d324	0338b333	mulhu	x6,x17,x19	 x17:0x000b7f81 x19:0x00000001  x6=0x00000000
       19235000	      1824	8000d328	9e7d2e97	auipc	x29,0x9e7d2	 x29=0x1e7df328
       19245000	      1825	8000d32c	41e78233	sub	x4,x15,x30	 x15:0x00000000 x30:0x00000000  x4=0x00000000
       19615000	      1862	8000d330	03d85033	divu	x0,x16,x29	 x16:0x00000059 x29:0x1e7df328  x0=0x00000000
       19625000	      1863	8000d334	03687763	bgeu	x16,x22,8000d362	 x16:0x00000059 x22:0x00000001
       19655000	      1866	8000d362	e7ce0a93	addi	x21,x28,-388	 x28:0x00000001 x21=0xfffffe7d
       19665000	      1867	8000d366	05d6	c.slli	x11,0x15	 x11:0x0000d7f0 x11=0xfe000000
       19675000	      1868	8000d368	0001	c.addi	x0,0	  x0:0x00000000  x0=0x00000000
       19715000	      1872	8000d36a	023bb9b3	mulhu	x19,x23,x3	 x23:0x00000001  x3:0xd8495df4 x19=0x00000000
       19725000	      1873	8000d36e	14a67897	auipc	x17,0x14a67	 x17=0x94a7436e
       19755000	      1876	8000d372	02dc04b3	mul	x9,x24,x13	 x24:0x19400000 x13:0x000b7f83  x9=0xabc00000
       19765000	      1877	8000d376	0218e663	bltu	x17,x1,8000d3a2	 x17:0x94a7436e  x1:0xffffd6d7
       19795000	      1880	8000d3a2	40de05b3	sub	x11,x28,x13	 x28:0x00000001 x13:0x000b7f83 x11=0xfff4807e
       19805000	      1881	8000d3a6	00b85cb3	srl	x25,x16,x11	 x16:0x00000059 x11:0xfff4807e x25=0x00000000
       19815000	      1882	8000d3aa	97aa	c.add	x15,x10	 x15:0x00000000 x10:0x0000d7f0 x15=0x0000d7f0
       19825000	      1883	8000d3ac	e019	c.bnez	x8,8000d3b2	  x8:0x00000060
       20215000	      1922	8000d3b2	03427db3	remu	x27,x4,x20	  x4:0x00000000 x20:0x00017f20 x27=0x00000000
       20225000	      1923	8000d3b6	98fd	c.andi	x9,-1	  x9:0xabc00000  x9=0xabc00000
       20235000	      1924	8000d3b8	03db8b63	beq	x23,x29,8000d3ee	 x23:0x00000001 x29:0x1e7df328
       20605000	      1961	8000d3bc	03086233	rem	x4,x16,x16	 x16:0x00000059 x16:0x00000059  x4=0x00000000
       20615000	      1962	8000d3c0	32a65d17	auipc	x26,0x32a65	 x26=0xb2a723c0
       20625000	      1963	8000d3c4	91d66b93	ori	x23,x12,-1763	 x12:0x80030e40 x23=0xffffff5d
       20635000	      1964	8000d3c8	00f56e63	bltu	x10,x15,8000d3e4	 x10:0x0000d7f0 x15:0x0000d7f0
       20645000	      1965	8000d3cc	008e9b93	slli	x23,x29,0x8	 x29:0x1e7df328 x23=0x7df32800
       21015000	      2002	8000d3d0	027ee1b3	rem	x3,x29,x7	 x29:0x1e7df328  x7:0x00017f7d  x3=0x00015d36
       21025000	      2003	8000d3d4	8d6d5217	auipc	x4,0x8d6d5	  x4=0x0d6e23d4
       21035000	      2004	8000d3d8	40a453b3	sra	x7,x8,x10	  x8:0x00000060 x10:0x0000d7f0  x7=0x00000000
       21045000	      2005	8000d3dc	8195	c.srli	x11,0x5	 x11:0xfff4807e x11=0x07ffa403
       21055000	      2006	8000d3de	4cffcb13	xori	x22,x31,1231	 x31:0x00000001 x22=0x000004ce
       21065000	      2007	8000d3e2	587d	c.li	x16,-1	 x16=0xffffffff
       21075000	      2008	8000d3e4	40408cb3	sub	x25,x1,x4	  x1:0xffffd6d7  x4:0x0d6e23d4 x25=0xf291b303
       21085000	      2009	8000d3e8	02178c63	beq	x15,x1,8000d420	 x15:0x0000d7f0  x1:0xffffd6d7
       21095000	      2010	8000d3ec	8ee5	c.and	x13,x9	 x13:0x000b7f83  x9:0xabc00000 x13=0x00000000
       21105000	      2011	8000d3ee	01fb3db3	sltu	x27,x22,x31	 x22:0x000004ce x31:0x00000001 x27=0x00000000
       21115000	      2012	8000d3f2	00eb5093	srli	x1,x22,0xe	 x22:0x000004ce  x1=0x00000000
       21485000	      2049	8000d3f6	0365d1b3	divu	x3,x11,x22	 x11:0x07ffa403 x22:0x000004ce  x3=0x0001aa2c
       21495000	      2050	8000d3fa	52daef13	ori	x30,x21,1325	 x21:0xfffffe7d x30=0xffffff7d
       21505000	      2051	8000d3fe	5cc4b393	sltiu	x7,x9,1484	  x9:0xabc00000  x7=0x00000000
       21515000	      2052	8000d402	8971	c.andi	x10,28	 x10:0x0000d7f0 x10=0x00000010
       21525000	      2053	8000d404	01a25a33	srl	x20,x4,x26	  x4:0x0d6e23d4 x26:0xb2a723c0 x20=0x0d6e23d4
       21535000	      2054	8000d408	0000100f	fence.i	
       21555000	      2056	8000d40c	740e7537	lui	x10,0x740e7	 x10=0x740e7000
       21565000	      2057	8000d410	f2c04237	lui	x4,0xf2c04	  x4=0xf2c04000
       21575000	      2058	8000d414	8299	c.srli	x13,0x6	 x13:0x00000000 x13=0x00000000
       21605000	      2061	8000d416	02870bb3	mul	x23,x14,x8	 x14:0x80034ce4  x8:0x00000060 x23=0x013cd580
       21975000	      2098	8000d41a	02ffc1b3	div	x3,x31,x15	 x31:0x00000001 x15:0x0000d7f0  x3=0x00000000
       21985000	      2099	8000d41e	84ad	c.srai	x9,0xb	  x9:0xabc00000  x9=0xfff57800
       22005000	      2101	8000d420	03337c33	remu	x24,x6,x19	  x6:0x00000000 x19:0x00000000 x24=0x00000000
       22015000	      2102	8000d424	f1280993	addi	x19,x16,-238	 x16:0xffffffff x19=0xffffff11
       22025000	      2103	8000d428	00477d33	and	x26,x14,x4	 x14:0x80034ce4  x4:0xf2c04000 x26=0x80004000
       22035000	      2104	8000d42c	009b9463	bne	x23,x9,8000d434	 x23:0x013cd580  x9:0xfff57800
       22055000	      2106	8000d434	009a47b3	xor	x15,x20,x9	 x20:0x0d6e23d4  x9:0xfff57800 x15=0xf29b5bd4
       22065000	      2107	8000d438	008fa0b3	slt	x1,x31,x8	 x31:0x00000001  x8:0x00000060  x1=0x00000001
       22075000	      2108	8000d43c	4461	c.li	x8,24	  x8=0x00000018
       22085000	      2109	8000d43e	007b1863	bne	x22,x7,8000d44e	 x22:0x000004ce  x7:0x00000000
       22115000	      2112	8000d44e	006b5d13	srli	x26,x22,0x6	 x22:0x000004ce x26=0x00000013
       22125000	      2113	8000d452	44a5	c.li	x9,9	  x9=0x00000009
       22135000	      2114	8000d454	8585	c.srai	x11,0x1	 x11:0x07ffa403 x11=0x03ffd201
       22145000	      2115	8000d456	89c0ca93	xori	x21,x1,-1892	  x1:0x00000001 x21=0xfffff89d
       22155000	      2116	8000d45a	8d6d	c.and	x10,x11	 x10:0x740e7000 x11:0x03ffd201 x10=0x000e5000
       22165000	      2117	8000d45c	0000100f	fence.i	
       22205000	      2121	8000d460	02578e33	mul	x28,x15,x5	 x15:0xf29b5bd4  x5:0x00000000 x28=0x00000000
       22215000	      2122	8000d464	01e9a2b3	slt	x5,x19,x30	 x19:0xffffff11 x30:0xffffff7d  x5=0x00000001
       22255000	      2126	8000d468	02889933	mulh	x18,x17,x8	 x17:0x94a7436e  x8:0x00000018 x18=0xfffffff5
       22265000	      2127	8000d46c	6b1d	c.lui	x22,0x7	 x22=0x00007000
       22275000	      2128	8000d46e	84fd	c.srai	x9,0x1f	  x9:0x00000009  x9=0x00000000
       22285000	      2129	8000d470	41728933	sub	x18,x5,x23	  x5:0x00000001 x23:0x013cd580 x18=0xfec32a81
       22295000	      2130	8000d474	0ff0000f	fence	iorw,iorw	
       22305000	      2131	8000d478	8c65	c.and	x8,x9	  x8:0x00000018  x9:0x00000000  x8=0x00000000
       22315000	      2132	8000d47a	0db9	c.addi	x27,14	 x27:0x00000000 x27=0x0000000e
       22685000	      2169	8000d47c	036347b3	div	x15,x6,x22	  x6:0x00000000 x22:0x00007000 x15=0x00000000
       22725000	      2173	8000d480	02b396b3	mulh	x13,x7,x11	  x7:0x00000000 x11:0x03ffd201 x13=0x00000000
       22735000	      2174	8000d484	02d29263	bne	x5,x13,8000d4a8	  x5:0x00000001 x13:0x00000000
       22785000	      2179	8000d4a8	039ebfb3	mulhu	x31,x29,x25	 x29:0x1e7df328 x25:0xf291b303 x31=0x1ce46a84
       22825000	      2183	8000d4ac	03c61eb3	mulh	x29,x12,x28	 x12:0x80030e40 x28:0x00000000 x29=0x00000000
       23195000	      2220	8000d4b0	02a5c933	div	x18,x11,x10	 x11:0x03ffd201 x10:0x000e5000 x18=0x00000047
       23205000	      2221	8000d4b4	0001	c.addi	x0,0	  x0:0x00000000  x0=0x00000000
       23215000	      2222	8000d4b6	01e81b13	slli	x22,x16,0x1e	 x16:0xffffffff x22=0xc0000000
       23225000	      2223	8000d4ba	56fd	c.li	x13,-1	 x13=0xffffffff
       23595000	      2260	8000d4bc	03ec70b3	remu	x1,x24,x30	 x24:0x00000000 x30:0xffffff7d  x1=0x00000000
       23625000	      2263	8000d4c0	02dc04b3	mul	x9,x24,x13	 x24:0x00000000 x13:0xffffffff  x9=0x00000000
       23635000	      2264	8000d4c4	82ed	c.srli	x13,0x1b	 x13:0xffffffff x13=0x0000001f
       23645000	      2265	8000d4c6	69d52e93	slti	x29,x10,1693	 x10:0x000e5000 x29=0x00000000
       23655000	      2266	8000d4ca	03a7f663	bgeu	x15,x26,8000d4f6	 x15:0x00000000 x26:0x00000013
       23665000	      2267	8000d4ce	0085f9b3	and	x19,x11,x8	 x11:0x03ffd201  x8:0x00000000 x19=0x00000000
       23675000	      2268	8000d4d2	8cb9	c.xor	x9,x14	  x9:0x00000000 x14:0x80034ce4  x9=0x80034ce4
       23685000	      2269	8000d4d4	ea99	c.bnez	x13,8000d4ea	 x13:0x0000001f
       23715000	      2272	8000d4ea	0ff0000f	fence	iorw,iorw	
       23725000	      2273	8000d4ee	8fd1	c.or	x15,x12	 x15:0x00000000 x12:0x80030e40 x15=0x80030e40
       23735000	      2274	8000d4f0	8ed9	c.or	x13,x14	 x13:0x0000001f x14:0x80034ce4 x13=0x80034cff
       23745000	      2275	8000d4f2	b6c2e793	ori	x15,x5,-1172	  x5:0x00000001 x15=0xfffffb6d
       23755000	      2276	8000d4f6	3eec1837	lui	x16,0x3eec1	 x16=0x3eec1000
       23765000	      2277	8000d4fa	64231817	auipc	x16,0x64231	 x16=0xe423e4fa
       23775000	      2278	8000d4fe	00cbc9b3	xor	x19,x23,x12	 x23:0x013cd580 x12:0x80030e40 x19=0x813fdbc0
       23785000	      2279	8000d502	01fddb33	srl	x22,x27,x31	 x27:0x0000000e x31:0x1ce46a84 x22=0x00000000
       23795000	      2280	8000d506	8efe	c.mv	x29,x31	  x0:0x00000000 x31:0x1ce46a84 x29=0x1ce46a84
       24165000	      2317	8000d508	03e77333	remu	x6,x14,x30	 x14:0x80034ce4 x30:0xffffff7d  x6=0x80034ce4
       24175000	      2318	8000d50c	6e0d	c.lui	x28,0x3	 x28=0x00003000
       24185000	      2319	8000d50e	40085c93	srai	x25,x16,0x0	 x16:0xe423e4fa x25=0xe423e4fa
       24195000	      2320	8000d512	40b9da33	sra	x20,x19,x11	 x19:0x813fdbc0 x11:0x03ffd201 x20=0xc09fede0
       24205000	      2321	8000d516	8cf1	c.and	x9,x12	  x9:0x80034ce4 x12:0x80030e40  x9=0x80030c40
       24215000	      2322	8000d518	c589	c.beqz	x11,8000d522	 x11:0x03ffd201
       24225000	      2323	8000d51a	01924e63	blt	x4,x25,8000d536	  x4:0xf2c04000 x25:0xe423e4fa
       24235000	      2324	8000d51e	76b2ad13	slti	x26,x5,1899	  x5:0x00000001 x26=0x00000001
       24245000	      2325	8000d522	00537a63	bgeu	x6,x5,8000d536	  x6:0x80034ce4  x5:0x00000001
       24275000	      2328	8000d536	ad47ea13	ori	x20,x15,-1324	 x15:0xfffffb6d x20=0xfffffbfd
       24285000	      2329	8000d53a	00462083	lw	x1,4(x12)	 x12:0x80030e40  x1=0x800032ce PA:0x80030e44 load:0x800032ce
       24295000	      2330	8000d53e	009b85b3	add	x11,x23,x9	 x23:0x013cd580  x9:0x80030c40 x11=0x813fe1c0
       24305000	      2331	8000d542	02460613	addi	x12,x12,36	 x12:0x80030e40 x12=0x80030e64
       24675000	      2368	8000d546	0391eeb3	rem	x29,x3,x25	  x3:0x00000000 x25:0xe423e4fa x29=0x00000000
       24685000	      2369	8000d54a	f1b34193	xori	x3,x6,-229	  x6:0x80034ce4  x3=0x7ffcb3ff
       24695000	      2370	8000d54e	8d86	c.mv	x27,x1	  x0:0x00000000  x1:0x800032ce x27=0x800032ce
       24705000	      2371	8000d550	8c71	c.and	x8,x12	  x8:0x00000000 x12:0x80030e64  x8=0x00000000
       24715000	      2372	8000d552	00008c93	addi	x25,x1,0	  x1:0x800032ce x25=0x800032ce
       24725000	      2373	8000d556	000c8ce7	jalr	x25,0(x25)	 x25:0x800032ce x25=0x8000d55a
       24755000	      2376	800032ce	0001b817	auipc	x16,0x1b	 x16=0x8001e2ce
       24765000	      2377	800032d2	fea80813	addi	x16,x16,-22	 x16:0x8001e2ce x16=0x8001e2b8
       24775000	      2378	800032d6	00018297	auipc	x5,0x18	  x5=0x8001b2d6
       24785000	      2379	800032da	6da28293	addi	x5,x5,1754	  x5:0x8001b2d6  x5=0x8001b9b0
       24805000	      2381	800032de	fcf82503	lw	x10,-49(x16)	 x16:0x8001e2b8 x10=0x4142433c PA:0x8001e287 load:0x4142433c
       24815000	      2382	800032e2	62c29d83	lh	x27,1580(x5)	  x5:0x8001b9b0 x27=0xffff9697 PA:0x8001bfdc load:0xffff9697
       24825000	      2383	800032e6	ff180e83	lb	x29,-15(x16)	 x16:0x8001e2b8 x29=0x00000062 PA:0x8001e2a9 load:0x00000062
       24835000	      2384	800032ea	d6628b83	lb	x23,-666(x5)	  x5:0x8001b9b0 x23=0xffffffcd PA:0x8001b716 load:0xffffffcd
       24845000	      2385	800032ee	02081c03	lh	x24,32(x16)	 x16:0x8001e2b8 x24=0xffff9293 PA:0x8001e2d8 load:0xffff9293
       24855000	      2386	800032f2	a1d29503	lh	x10,-1507(x5)	  x5:0x8001b9b0 x10=0xffff8586 PA:0x8001b3cd load:0xffff8586
       24865000	      2387	800032f6	fee81a03	lh	x20,-18(x16)	 x16:0x8001e2b8 x20=0x00005c5d PA:0x8001e2a6 load:0x00005c5d
       24875000	      2388	800032fa	00685a03	lhu	x20,6(x16)	 x16:0x8001e2b8 x20=0x00007475 PA:0x8001e2be load:0x00007475
       24885000	      2389	800032fe	02280ba3	sb	x2,55(x16)	 x16:0x8001e2b8  x2:0xf5e39895 PA:0x8001e2ef store:0xf5e39895 load:0x00000000
       24895000	      2390	80003302	4a629723	sh	x6,1198(x5)	  x5:0x8001b9b0  x6:0x80034ce4 PA:0x8001be5e store:0x80034ce4 load:0x00000000
       24905000	      2391	80003306	0c82ab83	lw	x23,200(x5)	  x5:0x8001b9b0 x23=0x30313233 PA:0x8001ba78 load:0x30313233
       24915000	      2392	8000330a	0001fa97	auipc	x21,0x1f	 x21=0x8002230a
       24925000	      2393	8000330e	513a8a93	addi	x21,x21,1299	 x21:0x8002230a x21=0x8002281d
       24935000	      2394	80003312	007adf83	lhu	x31,7(x21)	 x21:0x8002281d x31=0x0000dedf PA:0x80022824 load:0x0000dedf
       24945000	      2395	80003316	96a83c97	auipc	x25,0x96a83	 x25=0x16a86316
       24955000	      2396	8000331a	011da4b3	slt	x9,x27,x17	 x27:0xffff9697 x17:0x94a7436e  x9=0x00000000
       24965000	      2397	8000331e	ffcad783	lhu	x15,-4(x21)	 x21:0x8002281d x15=0x0000d1d2 PA:0x80022819 load:0x0000d1d2
       24985000	      2399	80003322	ff9aa503	lw	x10,-7(x21)	 x21:0x8002281d x10=0xd2d3cccd PA:0x80022816 load:0xd2d3cccd
       24995000	      2400	80003326	0001	c.addi	x0,0	  x0:0x00000000  x0=0x00000000
       25005000	      2401	80003328	ff1a8503	lb	x10,-15(x21)	 x21:0x8002281d x10=0xffffffc5 PA:0x8002280e load:0xffffffc5
       25015000	      2402	8000332c	40de8d33	sub	x26,x29,x13	 x29:0x00000062 x13:0x80034cff x26=0x7ffcb363
       25025000	      2403	80003330	ffca9483	lh	x9,-4(x21)	 x21:0x8002281d  x9=0xffffd1d2 PA:0x80022819 load:0xffffd1d2
       25035000	      2404	80003334	4b6d	c.li	x22,27	 x22=0x0000001b
       25045000	      2405	80003336	ffda8d23	sb	x29,-6(x21)	 x21:0x8002281d x29:0x00000062 PA:0x80022817 store:0x00000062 load:0x00000000
       25055000	      2406	8000333a	fe6a8c23	sb	x6,-8(x21)	 x21:0x8002281d  x6:0x80034ce4 PA:0x80022815 store:0x80034ce4 load:0x00000000
       25065000	      2407	8000333e	01293c33	sltu	x24,x18,x18	 x18:0x00000047 x18:0x00000047 x24=0x00000000
       25085000	      2409	80003342	fe8aaea3	sw	x8,-3(x21)	 x21:0x8002281d  x8:0x00000000 PA:0x8002281a store:0x00000000 load:0x0000cccd
       25455000	      2446	80003346	024b6533	rem	x10,x22,x4	 x22:0x0000001b  x4:0xf2c04000 x10=0x0000001b
       25465000	      2447	8000334a	0169f5b3	and	x11,x19,x22	 x19:0x813fdbc0 x22:0x0000001b x11=0x00000000
       25475000	      2448	8000334e	fe4a9ca3	sh	x4,-7(x21)	 x21:0x8002281d  x4:0xf2c04000 PA:0x80022816 store:0xf2c04000 load:0x00000000
       25495000	      2450	80003352	ff6add03	lhu	x26,-10(x21)	 x21:0x8002281d x26=0x0000cfc8 PA:0x80022813 load:0x0000cfc8
       25515000	      2452	80003356	00baa6a3	sw	x11,13(x21)	 x21:0x8002281d x11:0x00000000 PA:0x8002282a store:0x00000000 load:0x0000c8c9
       25525000	      2453	8000335a	017a8723	sb	x23,14(x21)	 x21:0x8002281d x23:0x30313233 PA:0x8002282b store:0x30313233 load:0x00000000
       25535000	      2454	8000335e	8ee1	c.and	x13,x8	 x13:0x80034cff  x8:0x00000000 x13=0x00000000
       25545000	      2455	80003360	013a8823	sb	x19,16(x21)	 x21:0x8002281d x19:0x813fdbc0 PA:0x8002282d store:0x813fdbc0 load:0x00000000
       25555000	      2456	80003364	012a80a3	sb	x18,1(x21)	 x21:0x8002281d x18:0x00000047 PA:0x8002281e store:0x00000047 load:0x00000000
       25565000	      2457	80003368	8ec1	c.or	x13,x8	 x13:0x00000000  x8:0x00000000 x13=0x00000000
       25575000	      2458	8000336a	005a83a3	sb	x5,7(x21)	 x21:0x8002281d  x5:0x8001b9b0 PA:0x80022824 store:0x8001b9b0 load:0x00000000
       25585000	      2459	8000336e	ff1a9e23	sh	x17,-4(x21)	 x21:0x8002281d x17:0x94a7436e PA:0x80022819 store:0x94a7436e load:0x00000000
       25595000	      2460	80003372	00018797	auipc	x15,0x18	 x15=0x8001b372
       25605000	      2461	80003376	d3b78793	addi	x15,x15,-709	 x15:0x8001b372 x15=0x8001b0ad
       25625000	      2463	8000337a	01d7a203	lw	x4,29(x15)	 x15:0x8001b0ad  x4=0x86878081 PA:0x8001b0ca load:0x86878081
       25635000	      2464	8000337e	01b79fa3	sh	x27,31(x15)	 x15:0x8001b0ad x27:0xffff9697 PA:0x8001b0cc store:0xffff9697 load:0x00000000
       25655000	      2466	80003382	01779323	sh	x23,6(x15)	 x15:0x8001b0ad x23:0x30313233 PA:0x8001b0b3 store:0x30313233 load:0x00000080
       25675000	      2468	80003386	01a79323	sh	x26,6(x15)	 x15:0x8001b0ad x26:0x0000cfc8 PA:0x8001b0b3 store:0x0000cfc8 load:0x00000080
       25695000	      2470	8000338a	00a7a323	sw	x10,6(x15)	 x15:0x8001b0ad x10:0x0000001b PA:0x8001b0b3 store:0x0000001b load:0x00000080
       25705000	      2471	8000338e	02d7c803	lbu	x16,45(x15)	 x15:0x8001b0ad x16=0x00000091 PA:0x8001b0da load:0x00000091
       25715000	      2472	80003392	00e79ca3	sh	x14,25(x15)	 x15:0x8001b0ad x14:0x80034ce4 PA:0x8001b0c6 store:0x80034ce4 load:0x00000000
       25725000	      2473	80003396	0197d683	lhu	x13,25(x15)	 x15:0x8001b0ad x13=0x00004ce4 PA:0x8001b0c6 load:0x00004ce4
       25735000	      2474	8000339a	0d12	c.slli	x26,0x4	 x26:0x0000cfc8 x26=0x000cfc80
       25745000	      2475	8000339c	02d78123	sb	x13,34(x15)	 x15:0x8001b0ad x13:0x00004ce4 PA:0x8001b0cf store:0x00004ce4 load:0x00000000
       25755000	      2476	800033a0	03c7ca03	lbu	x20,60(x15)	 x15:0x8001b0ad x20=0x000000a2 PA:0x8001b0e9 load:0x000000a2
       25765000	      2477	800033a4	012bfd33	and	x26,x23,x18	 x23:0x30313233 x18:0x00000047 x26=0x00000003
       25775000	      2478	800033a8	03c78283	lb	x5,60(x15)	 x15:0x8001b0ad  x5=0xffffffa2 PA:0x8001b0e9 load:0xffffffa2
       25785000	      2479	800033ac	03c79903	lh	x18,60(x15)	 x15:0x8001b0ad x18=0xffffa1a2 PA:0x8001b0e9 load:0xffffa1a2
       25795000	      2480	800033b0	00f78183	lb	x3,15(x15)	 x15:0x8001b0ad  x3=0x00000077 PA:0x8001b0bc load:0x00000077
       25805000	      2481	800033b4	00f78b83	lb	x23,15(x15)	 x15:0x8001b0ad x23=0x00000077 PA:0x8001b0bc load:0x00000077
       25815000	      2482	800033b8	fcf7d203	lhu	x4,-49(x15)	 x15:0x8001b0ad  x4=0x00003637 PA:0x8001b07c load:0x00003637
       25825000	      2483	800033bc	00018b97	auipc	x23,0x18	 x23=0x8001b3bc
       25835000	      2484	800033c0	445b8b93	addi	x23,x23,1093	 x23:0x8001b3bc x23=0x8001b801
       25845000	      2485	800033c4	098bd583	lhu	x11,152(x23)	 x23:0x8001b801 x11=0x00005152 PA:0x8001b899 load:0x00005152
       25855000	      2486	800033c8	00eb8523	sb	x14,10(x23)	 x23:0x8001b801 x14:0x80034ce4 PA:0x8001b80b store:0x80034ce4 load:0x00000000
       25865000	      2487	800033cc	0001f317	auipc	x6,0x1f	  x6=0x800223cc
       25875000	      2488	800033d0	4dc30313	addi	x6,x6,1244	  x6:0x800223cc  x6=0x800228a8
       25885000	      2489	800033d4	f96b8083	lb	x1,-106(x23)	 x23:0x8001b801  x1=0x0000004c PA:0x8001b797 load:0x0000004c
       25895000	      2490	800033d8	ff835883	lhu	x17,-8(x6)	  x6:0x800228a8 x17=0x00005a5b PA:0x800228a0 load:0x00005a5b
       25905000	      2491	800033dc	a2d31503	lh	x10,-1491(x6)	  x6:0x800228a8 x10=0xffff8d8e PA:0x800222d5 load:0xffff8d8e
       25915000	      2492	800033e0	f10b97a3	sh	x16,-241(x23)	 x23:0x8001b801 x16:0x00000091 PA:0x8001b710 store:0x00000091 load:0x00000000
       25935000	      2494	800033e4	0c2b9683	lh	x13,194(x23)	 x23:0x8001b801 x13=0x00007f78 PA:0x8001b8c3 load:0x00007f78
       25955000	      2496	800033e8	878327a3	sw	x24,-1937(x6)	  x6:0x800228a8 x24:0x00000000 PA:0x80022117 store:0x00000000 load:0x00000078
       25965000	      2497	800033ec	0e9b9283	lh	x5,233(x23)	 x23:0x8001b801  x5=0xffffa0a1 PA:0x8001b8ea load:0xffffa0a1
       25975000	      2498	800033f0	d52302a3	sb	x18,-699(x6)	  x6:0x800228a8 x18:0xffffa1a2 PA:0x800225ed store:0xffffa1a2 load:0x00000000
       25985000	      2499	800033f4	f56b9aa3	sh	x22,-171(x23)	 x23:0x8001b801 x22:0x0000001b PA:0x8001b756 store:0x0000001b load:0x00000000
       25995000	      2500	800033f8	67f30d83	lb	x27,1663(x6)	  x6:0x800228a8 x27=0xffffffdc PA:0x80022f27 load:0xffffffdc
       26005000	      2501	800033fc	3c731823	sh	x7,976(x6)	  x6:0x800228a8  x7:0x00000000 PA:0x80022c78 store:0x00000000 load:0x00000000
       26015000	      2502	80003400	0cbbd183	lhu	x3,203(x23)	 x23:0x8001b801  x3=0x00000000 PA:0x8001b8cc load:0x00000000
       26025000	      2503	80003404	d0630223	sb	x6,-764(x6)	  x6:0x800228a8  x6:0x800228a8 PA:0x800225ac store:0x800228a8 load:0x00000000
       26035000	      2504	80003408	51231503	lh	x10,1298(x6)	  x6:0x800228a8 x10=0x00007071 PA:0x80022dba load:0x00007071
       26045000	      2505	8000340c	65f314a3	sh	x31,1609(x6)	  x6:0x800228a8 x31:0x0000dedf PA:0x80022ef1 store:0x0000dedf load:0x00000000
       26055000	      2506	80003410	b6e34803	lbu	x16,-1170(x6)	  x6:0x800228a8 x16=0x000000cd PA:0x80022416 load:0x000000cd
       26065000	      2507	80003414	00021317	auipc	x6,0x21	  x6=0x80024414
       26075000	      2508	80003418	a0a30313	addi	x6,x6,-1526	  x6:0x80024414  x6=0x80023e1e
       26085000	      2509	8000341c	ff730c03	lb	x24,-9(x6)	  x6:0x80023e1e x24=0xffffffce PA:0x80023e15 load:0xffffffce
       26095000	      2510	80003420	00e32383	lw	x7,14(x6)	  x6:0x80023e1e  x7=0xe4e5e6e7 PA:0x80023e2c load:0xe4e5e6e7
       26105000	      2511	80003424	017f74b3	and	x9,x30,x23	 x30:0xffffff7d x23:0x8001b801  x9=0x8001b801
       26115000	      2512	80003428	91ee0c93	addi	x25,x28,-1762	 x28:0x00003000 x25=0x0000291e
       26125000	      2513	8000342c	1dfd	c.addi	x27,-1	 x27:0xffffffdc x27=0xffffffdb
       26135000	      2514	8000342e	8c09	c.sub	x8,x10	  x8:0x00000000 x10:0x00007071  x8=0xffff8f8f
       26145000	      2515	80003430	00b59433	sll	x8,x11,x11	 x11:0x00005152 x11:0x00005152  x8=0x45480000
       26155000	      2516	80003434	8cd5	c.or	x9,x13	  x9:0x8001b801 x13:0x00007f78  x9=0x8001ff79
       26165000	      2517	80003436	0001	c.addi	x0,0	  x0:0x00000000  x0=0x00000000
       26175000	      2518	80003438	002465b3	or	x11,x8,x2	  x8:0x45480000  x2:0xf5e39895 x11=0xf5eb9895
       26215000	      2522	8000343c	020fa433	mulhsu	x8,x31,x0	 x31:0x0000dedf  x0:0x00000000  x8=0x00000000
       26225000	      2523	80003440	41f68a33	sub	x20,x13,x31	 x13:0x00007f78 x31:0x0000dedf x20=0xffffa099
       26255000	      2526	80003444	03ef0933	mul	x18,x30,x30	 x30:0xffffff7d x30:0xffffff7d x18=0x00004309
       26265000	      2527	80003448	6561	c.lui	x10,0x18	 x10=0x00018000
       26285000	      2529	8000344a	ff932d03	lw	x26,-7(x6)	  x6:0x80023e1e x26=0xd1d2d3cc PA:0x80023e17 load:0xd1d2d3cc
       26295000	      2530	8000344e	419a5993	srai	x19,x20,0x19	 x20:0xffffa099 x19=0xffffffff
       26305000	      2531	80003452	fff30ba3	sb	x31,-9(x6)	  x6:0x80023e1e x31:0x0000dedf PA:0x80023e15 store:0x0000dedf load:0x00000000
       26315000	      2532	80003456	be75b1b7	lui	x3,0xbe75b	  x3=0xbe75b000
       26355000	      2536	8000345a	02d3a6b3	mulhsu	x13,x7,x13	  x7:0xe4e5e6e7 x13:0x00007f78 x13=0xfffff281
       26365000	      2537	8000345e	ffc34283	lbu	x5,-4(x6)	  x6:0x80023e1e  x5=0x000000d1 PA:0x80023e1a load:0x000000d1
       26375000	      2538	80003462	fea319a3	sh	x10,-13(x6)	  x6:0x80023e1e x10:0x00018000 PA:0x80023e11 store:0x00018000 load:0x00000000
       26385000	      2539	80003466	8fcd	c.or	x15,x11	 x15:0x8001b0ad x11:0xf5eb9895 x15=0xf5ebb8bd
       26395000	      2540	80003468	00741b13	slli	x22,x8,0x7	  x8:0x00000000 x22=0x00000000
       26435000	      2544	8000346c	0204a5b3	mulhsu	x11,x9,x0	  x9:0x8001ff79  x0:0x00000000 x11=0x00000000
       26445000	      2545	80003470	0001	c.addi	x0,0	  x0:0x00000000  x0=0x00000000
       26455000	      2546	80003472	00330503	lb	x10,3(x6)	  x6:0x80023e1e x10=0xffffffda PA:0x80023e21 load:0xffffffda
       26465000	      2547	80003476	0099c0b3	xor	x1,x19,x9	 x19:0xffffffff  x9:0x8001ff79  x1=0x7ffe0086
       26475000	      2548	8000347a	00c35a03	lhu	x20,12(x6)	  x6:0x80023e1e x20=0x0000e0e1 PA:0x80023e2a load:0x0000e0e1
       26485000	      2549	8000347e	5f426d13	ori	x26,x4,1524	  x4:0x00003637 x26=0x000037f7
       26495000	      2550	80003482	01f31823	sh	x31,16(x6)	  x6:0x80023e1e x31:0x0000dedf PA:0x80023e2e store:0x0000dedf load:0x00000000
       26505000	      2551	80003486	83c5	c.srli	x15,0x11	 x15:0xf5ebb8bd x15=0x00007af5
       26515000	      2552	80003488	305a7a93	andi	x21,x20,773	 x20:0x0000e0e1 x21=0x00000001
       26525000	      2553	8000348c	00030783	lb	x15,0(x6)	  x6:0x80023e1e x15=0xffffffd5 PA:0x80023e1e load:0xffffffd5
       26535000	      2554	80003490	672e7d93	andi	x27,x28,1650	 x28:0x00003000 x27=0x00000000
       26545000	      2555	80003494	ff331803	lh	x16,-13(x6)	  x6:0x80023e1e x16=0xffff8000 PA:0x80023e11 load:0xffff8000
       26555000	      2556	80003498	0ff0000f	fence	iorw,iorw	
       26565000	      2557	8000349c	ff2319a3	sh	x18,-13(x6)	  x6:0x80023e1e x18:0x00004309 PA:0x80023e11 store:0x00004309 load:0x00000000
       26575000	      2558	800034a0	ffe31b03	lh	x22,-2(x6)	  x6:0x80023e1e x22=0xffffd6d7 PA:0x80023e1c load:0xffffd6d7
       26585000	      2559	800034a4	014307a3	sb	x20,15(x6)	  x6:0x80023e1e x20:0x0000e0e1 PA:0x80023e2d store:0x0000e0e1 load:0x00000000
       26595000	      2560	800034a8	18352793	slti	x15,x10,387	 x10:0xffffffda x15=0x00000001
       26635000	      2564	800034ac	036c2033	mulhsu	x0,x24,x22	 x24:0xffffffce x22:0xffffd6d7  x0=0x00000000
       26645000	      2565	800034b0	fe531823	sh	x5,-16(x6)	  x6:0x80023e1e  x5:0x000000d1 PA:0x80023e0e store:0x000000d1 load:0x00000000
       26655000	      2566	800034b4	00a32383	lw	x7,10(x6)	  x6:0x80023e1e  x7=0xe0e1e2e3 PA:0x80023e28 load:0xe0e1e2e3
       26665000	      2567	800034b8	00018197	auipc	x3,0x18	  x3=0x8001b4b8
       26675000	      2568	800034bc	e6018193	addi	x3,x3,-416	  x3:0x8001b4b8  x3=0x8001b318
       26685000	      2569	800034c0	ff818b83	lb	x23,-8(x3)	  x3:0x8001b318 x23=0xffffffcb PA:0x8001b310 load:0xffffffcb
       26695000	      2570	800034c4	00418683	lb	x13,4(x3)	  x3:0x8001b318 x13=0xffffffd7 PA:0x8001b31c load:0xffffffd7
       26705000	      2571	800034c8	01c18223	sb	x28,4(x3)	  x3:0x8001b318 x28:0x00003000 PA:0x8001b31c store:0x00003000 load:0x00000000
       26725000	      2573	800034cc	0181a323	sw	x24,6(x3)	  x3:0x8001b318 x24:0xffffffce PA:0x8001b31e store:0xffffffce load:0x0000cccd
       26735000	      2574	800034d0	0101a623	sw	x16,12(x3)	  x3:0x8001b318 x16:0xffff8000 PA:0x8001b324 store:0xffff8000 load:0x00000000
       26765000	      2577	800034d4	033f80b3	mul	x1,x31,x19	 x31:0x0000dedf x19:0xffffffff  x1=0xffff2121
       26775000	      2578	800034d8	00a18623	sb	x10,12(x3)	  x3:0x8001b318 x10:0xffffffda PA:0x8001b324 store:0xffffffda load:0x00000000
       26785000	      2579	800034dc	01018623	sb	x16,12(x3)	  x3:0x8001b318 x16:0xffff8000 PA:0x8001b324 store:0xffff8000 load:0x00000000
       26795000	      2580	800034e0	00c067b3	or	x15,x0,x12	  x0:0x00000000 x12:0x80030e64 x15=0x80030e64
       26815000	      2582	800034e4	00319883	lh	x17,3(x3)	  x3:0x8001b318 x17=0x000000d0 PA:0x8001b31b load:0x000000d0
       26835000	      2584	800034e8	01a1a1a3	sw	x26,3(x3)	  x3:0x8001b318 x26:0x000037f7 PA:0x8001b31b store:0x000037f7 load:0x000000d0
       26855000	      2586	800034ec	0191a1a3	sw	x25,3(x3)	  x3:0x8001b318 x25:0x0000291e PA:0x8001b31b store:0x0000291e load:0x000000d0
       26875000	      2588	800034f0	00319b03	lh	x22,3(x3)	  x3:0x8001b318 x22=0x0000291e PA:0x8001b31b load:0x0000291e
       26885000	      2589	800034f4	ff81aa23	sw	x24,-12(x3)	  x3:0x8001b318 x24:0xffffffce PA:0x8001b30c store:0xffffffce load:0x00000000
       26895000	      2590	800034f8	fea188a3	sb	x10,-15(x3)	  x3:0x8001b318 x10:0xffffffda PA:0x8001b309 store:0xffffffda load:0x00000000
       26905000	      2591	800034fc	5cf90f13	addi	x30,x18,1487	 x18:0x00004309 x30=0x000048d8
       26915000	      2592	80003500	8d56	c.mv	x26,x21	  x0:0x00000000 x21:0x00000001 x26=0x00000001
       26925000	      2593	80003502	014b1eb3	sll	x29,x22,x20	 x22:0x0000291e x20:0x0000e0e1 x29=0x0000523c
       26935000	      2594	80003506	c021	c.beqz	x8,80003546	  x8:0x00000000
       26965000	      2597	80003546	eeda3d93	sltiu	x27,x20,-275	 x20:0x0000e0e1 x27=0x00000001
       26975000	      2598	8000354a	eeb07013	andi	x0,x0,-277	  x0:0x00000000  x0=0x00000000
       26985000	      2599	8000354e	0ff0000f	fence	iorw,iorw	
       26995000	      2600	80003552	eef4d7b7	lui	x15,0xeef4d	 x15=0xeef4d000
       27005000	      2601	80003556	6dfd	c.lui	x27,0x1f	 x27=0x0001f000
       27015000	      2602	80003558	41d30eb3	sub	x29,x6,x29	  x6:0x80023e1e x29:0x0000523c x29=0x8001ebe2
       27025000	      2603	8000355c	0ff0000f	fence	iorw,iorw	
       27035000	      2604	80003560	03b36963	bltu	x6,x27,80003592	  x6:0x80023e1e x27:0x0001f000
       27045000	      2605	80003564	8d2d	c.xor	x10,x11	 x10:0xffffffda x11:0x00000000 x10=0xffffffda
       27055000	      2606	80003566	8155	c.srli	x10,0x15	 x10:0xffffffda x10=0x000007ff
       27425000	      2643	80003568	0312c033	div	x0,x5,x17	  x5:0x000000d1 x17:0x000000d0  x0=0x00000000
       27435000	      2644	8000356c	0078d933	srl	x18,x17,x7	 x17:0x000000d0  x7:0xe0e1e2e3 x18=0x0000001a
       27445000	      2645	80003570	8382c993	xori	x19,x5,-1992	  x5:0x000000d1 x19=0xfffff8e9
       27455000	      2646	80003574	9e12	c.add	x28,x4	 x28:0x00003000  x4:0x00003637 x28=0x00006637
       27825000	      2683	80003576	032fe7b3	rem	x15,x31,x18	 x31:0x0000dedf x18:0x0000001a x15=0x0000000b
       27835000	      2684	8000357a	0001	c.addi	x0,0	  x0:0x00000000  x0=0x00000000
       27845000	      2685	8000357c	01b37c33	and	x24,x6,x27	  x6:0x80023e1e x27:0x0001f000 x24=0x00003000
       27855000	      2686	80003580	013cd7b3	srl	x15,x25,x19	 x25:0x0000291e x19:0xfffff8e9 x15=0x00000014
       27865000	      2687	80003584	00d9ba33	sltu	x20,x19,x13	 x19:0xfffff8e9 x13:0xffffffd7 x20=0x00000001
       28235000	      2724	80003588	03697c33	remu	x24,x18,x22	 x18:0x0000001a x22:0x0000291e x24=0x0000001a
       28275000	      2728	8000358c	02513c33	mulhu	x24,x2,x5	  x2:0xf5e39895  x5:0x000000d1 x24=0x000000c8
       28285000	      2729	80003590	0001	c.addi	x0,0	  x0:0x00000000  x0=0x00000000
       28295000	      2730	80003592	03657963	bgeu	x10,x22,800035c4	 x10:0x000007ff x22:0x0000291e
       28305000	      2731	80003596	80c5	c.srli	x9,0x11	  x9:0x8001ff79  x9=0x00004000
       28675000	      2768	80003598	03755833	divu	x16,x10,x23	 x10:0x000007ff x23:0xffffffcb x16=0x00000000
       28685000	      2769	8000359c	c79d	c.beqz	x15,800035ca	 x15:0x00000014
       28695000	      2770	8000359e	00e59d13	slli	x26,x11,0xe	 x11:0x00000000 x26=0x00000000
       28705000	      2771	800035a2	02394163	blt	x18,x3,800035c4	 x18:0x0000001a  x3:0x8001b318
       28715000	      2772	800035a6	004a1263	bne	x20,x4,800035aa	 x20:0x00000001  x4:0x00003637
       28735000	      2774	800035aa	8d15	c.sub	x10,x13	 x10:0x000007ff x13:0xffffffd7 x10=0x00000828
       28775000	      2778	800035ac	03729833	mulh	x16,x5,x23	  x5:0x000000d1 x23:0xffffffcb x16=0xffffffff
       28785000	      2779	800035b0	2cb27793	andi	x15,x4,715	  x4:0x00003637 x15=0x00000203
       28825000	      2783	800035b4	033510b3	mulh	x1,x10,x19	 x10:0x00000828 x19:0xfffff8e9  x1=0xffffffff
       28835000	      2784	800035b8	5beac493	xori	x9,x21,1470	 x21:0x00000001  x9=0x000005bf
       29205000	      2821	800035bc	037fdab3	divu	x21,x31,x23	 x31:0x0000dedf x23:0xffffffcb x21=0x00000000
       29215000	      2822	800035c0	5cf44013	xori	x0,x8,1487	  x8:0x00000000  x0=0x00000000
       29225000	      2823	800035c4	1a638693	addi	x13,x7,422	  x7:0xe0e1e2e3 x13=0xe0e1e489
       29235000	      2824	800035c8	c915	c.beqz	x10,800035fc	 x10:0x00000828
       29245000	      2825	800035ca	01bde9b3	or	x19,x27,x27	 x27:0x0001f000 x27:0x0001f000 x19=0x0001f000
       29255000	      2826	800035ce	f978fd93	andi	x27,x17,-105	 x17:0x000000d0 x27=0x00000090
       29265000	      2827	800035d2	8ff1	c.and	x15,x12	 x15:0x00000203 x12:0x80030e64 x15=0x00000200
       29275000	      2828	800035d4	fa5c2bb7	lui	x23,0xfa5c2	 x23=0xfa5c2000
       29285000	      2829	800035d8	8d51	c.or	x10,x12	 x10:0x00000828 x12:0x80030e64 x10=0x80030e6c
       29295000	      2830	800035da	40cb85b3	sub	x11,x23,x12	 x23:0xfa5c2000 x12:0x80030e64 x11=0x7a59119c
       29305000	      2831	800035de	11bd8793	addi	x15,x27,283	 x27:0x00000090 x15=0x000001ab
       29315000	      2832	800035e2	0001	c.addi	x0,0	  x0:0x00000000  x0=0x00000000
       29325000	      2833	800035e4	987d	c.andi	x8,-1	  x8:0x00000000  x8=0x00000000
       29335000	      2834	800035e6	01d31f13	slli	x30,x6,0x1d	  x6:0x80023e1e x30=0xc0000000
       29345000	      2835	800035ea	005cd763	bge	x25,x5,800035f8	 x25:0x0000291e  x5:0x000000d1
       29365000	      2837	800035f8	052bd163	bge	x23,x18,8000363a	 x23:0xfa5c2000 x18:0x0000001a
       29375000	      2838	800035fc	8ef9	c.and	x13,x14	 x13:0xe0e1e489 x14:0x80034ce4 x13=0x80014480
       29385000	      2839	800035fe	03ed0763	beq	x26,x30,8000362c	 x26:0x00000000 x30:0xc0000000
       29755000	      2876	80003602	036a5cb3	divu	x25,x20,x22	 x20:0x00000001 x22:0x0000291e x25=0x00000000
       29765000	      2877	80003606	408a5933	sra	x18,x20,x8	 x20:0x00000001  x8:0x00000000 x18=0x00000001
       29775000	      2878	8000360a	02f04563	blt	x0,x15,80003634	  x0:0x00000000 x15:0x000001ab
       29795000	      2880	80003634	e13d	c.bnez	x10,8000369a	 x10:0x80030e6c
       29815000	      2882	8000369a	86c9	c.srai	x13,0x12	 x13:0x80014480 x13=0xffffe000
       29835000	      2884	8000369c	028f57b3	divu	x15,x30,x8	 x30:0xc0000000  x8:0x00000000 x15=0xffffffff
       29845000	      2885	800036a0	91c8f493	andi	x9,x17,-1764	 x17:0x000000d0  x9=0x00000010
       29855000	      2886	800036a4	01ed0863	beq	x26,x30,800036b4	 x26:0x00000000 x30:0xc0000000
       30225000	      2923	800036a8	031044b3	div	x9,x0,x17	  x0:0x00000000 x17:0x000000d0  x9=0x00000000
       30235000	      2924	800036ac	2ab46bb7	lui	x23,0x2ab46	 x23=0x2ab46000
       30245000	      2925	800036b0	00bdf763	bgeu	x27,x11,800036be	 x27:0x00000090 x11:0x7a59119c
       30255000	      2926	800036b4	8c61	c.and	x8,x8	  x8:0x00000000  x8:0x00000000  x8=0x00000000
       30275000	      2928	800036b6	02806f33	rem	x30,x0,x8	  x0:0x00000000  x8:0x00000000 x30=0x00000000
       30285000	      2929	800036ba	cb91	c.beqz	x15,800036ce	 x15:0xffffffff
       30295000	      2930	800036bc	8f99	c.sub	x15,x14	 x15:0xffffffff x14:0x80034ce4 x15=0x7ffcb31b
       30305000	      2931	800036be	8431	c.srai	x8,0xc	  x8:0x00000000  x8=0x00000000
       30345000	      2935	800036c0	02df3033	mulhu	x0,x30,x13	 x30:0x00000000 x13:0xffffe000  x0=0x00000000
       30355000	      2936	800036c4	00174ab3	xor	x21,x14,x1	 x14:0x80034ce4  x1:0xffffffff x21=0x7ffcb31b
       30365000	      2937	800036c8	00c81413	slli	x8,x16,0xc	 x16:0xffffffff  x8=0xfffff000
       30375000	      2938	800036cc	0001	c.addi	x0,0	  x0:0x00000000  x0=0x00000000
       30385000	      2939	800036ce	534fee93	ori	x29,x31,1332	 x31:0x0000dedf x29=0x0000dfff
       30395000	      2940	800036d2	0025c5b3	xor	x11,x11,x2	 x11:0x7a59119c  x2:0xf5e39895 x11=0x8fba8909
       30405000	      2941	800036d6	ce4187b7	lui	x15,0xce418	 x15=0xce418000
       30415000	      2942	800036da	00a19033	sll	x0,x3,x10	  x3:0x8001b318 x10:0x80030e6c  x0=0x00000000
       30425000	      2943	800036de	003df833	and	x16,x27,x3	 x27:0x00000090  x3:0x8001b318 x16=0x00000010
       30435000	      2944	800036e2	40de8833	sub	x16,x29,x13	 x29:0x0000dfff x13:0xffffe000 x16=0x0000ffff
       30445000	      2945	800036e6	007f4f33	xor	x30,x30,x7	 x30:0x00000000  x7:0xe0e1e2e3 x30=0xe0e1e2e3
       30455000	      2946	800036ea	ffffd117	auipc	x2,0xffffd	  x2=0x800006ea
       30465000	      2947	800036ee	c9410113	addi	x2,x2,-876	  x2:0x800006ea  x2=0x8000037e
       30475000	      2948	800036f2	00010067	jalr	x0,0(x2)	  x2:0x8000037e  x0=0x00000000
       30505000	      2951	8000037e	90000a37	lui	x20,0x90000	 x20=0x90000000
       30515000	      2952	80000382	1a61	c.addi	x20,-8	 x20:0x90000000 x20=0x8ffffff8
       30525000	      2953	80000384	4301	c.li	x6,0	  x6=0x00000000
       30535000	      2954	80000386	0322	c.slli	x6,0x8	  x6:0x00000000  x6=0x00000000
       30545000	      2955	80000388	0305	c.addi	x6,1	  x6:0x00000000  x6=0x00000001
       30555000	      2956	8000038a	006a2023	sw	x6,0(x20)	 x20:0x8ffffff8  x6:0x00000001 PA:0x8ffffff8 store:0x00000001 load:0x00000000
       30565000	      2957	8000038e	00000073	ecall	
       30595000	      2960	80002500	0800006f	jal	x0,80002580	  x0=0x00000000
       30615000	      2962	80002580	1771	c.addi	x14,-4	 x14:0x80034ce4 x14=0x80034ce0
       30625000	      2963	80002582	c310	c.sw	x12,0(x14)	 x14:0x80034ce0 x12:0x80030e64 PA:0x80034ce0 store:0x80030e64 load:0x00000000
