Time	Cycle	PC	Insn	Decoded instruction	Register and memory contents
        5169000	       156	80000080	40001337	lui	x6,0x40001	  x6=0x40001000
        5189000	       157	80000084	10630313	addi	x6,x6,262	  x6:0x40001000  x6=0x40001106
        5209000	       158	80000088	30131073	csrrw	x0,misa,x6	  x6:0x40001106  x0=0x00000000
        5269000	       161	8000008c	00035717	auipc	x14,0x35	 x14=0x8003508c
        5409000	       168	80000090	c5870713	addi	x14,x14,-936	 x14:0x8003508c x14=0x80034ce4
        5509000	       173	80000094	00002317	auipc	x6,0x2	  x6=0x80002094
        5529000	       174	80000098	46c30313	addi	x6,x6,1132	  x6:0x80002094  x6=0x80002500
        5549000	       175	8000009c	00136313	ori	x6,x6,1	  x6:0x80002500  x6=0x80002501
        5569000	       176	800000a0	30531073	csrrw	x0,mtvec,x6	  x6:0x80002501  x0=0x00000000
        5709000	       183	800000a4	74725073	csrrwi	x0,0x747,4	  x0=0x00000000
        5769000	       186	800000a8	00003117	auipc	x2,0x3	  x2=0x800030a8
        5789000	       187	800000ac	1fc10113	addi	x2,x2,508	  x2:0x800030a8  x2=0x800032a4
        5809000	       188	800000b0	4301	c.li	x6,0	  x6=0x00000000
        5829000	       189	800000b2	911a	c.add	x2,x6	  x2:0x800032a4  x6:0x00000000  x2=0x800032a4
        5849000	       190	800000b4	00215113	srli	x2,x2,0x2	  x2:0x800032a4  x2=0x20000ca9
        5889000	       192	800000b8	3b011073	csrrw	x0,pmpaddr0,x2	  x2:0x20000ca9  x0=0x00000000
        5949000	       195	800000bc	00003117	auipc	x2,0x3	  x2=0x800030bc
        6209000	       208	800000c0	1e810113	addi	x2,x2,488	  x2:0x800030bc  x2=0x800032a4
        6229000	       209	800000c4	11111337	lui	x6,0x11111	  x6=0x11111000
        6589000	       227	800000c8	11130313	addi	x6,x6,273	  x6:0x11111000  x6=0x11111111
        6609000	       228	800000cc	911a	c.add	x2,x6	  x2:0x800032a4  x6:0x11111111  x2=0x911143b5
        6629000	       229	800000ce	00215113	srli	x2,x2,0x2	  x2:0x911143b5  x2=0x244450ed
        6649000	       230	800000d2	3b111073	csrrw	x0,pmpaddr1,x2	  x2:0x244450ed  x0=0x00000000
        6709000	       233	800000d6	00003117	auipc	x2,0x3	  x2=0x800030d6
        7089000	       252	800000da	1ce10113	addi	x2,x2,462	  x2:0x800030d6  x2=0x800032a4
        7109000	       253	800000de	22222337	lui	x6,0x22222	  x6=0x22222000
        7129000	       254	800000e2	22230313	addi	x6,x6,546	  x6:0x22222000  x6=0x22222222
        7149000	       255	800000e6	911a	c.add	x2,x6	  x2:0x800032a4  x6:0x22222222  x2=0xa22254c6
        7169000	       256	800000e8	00215113	srli	x2,x2,0x2	  x2:0xa22254c6  x2=0x28889531
        7269000	       261	800000ec	3b211073	csrrw	x0,pmpaddr2,x2	  x2:0x28889531  x0=0x00000000
        7329000	       264	800000f0	00003117	auipc	x2,0x3	  x2=0x800030f0
        7409000	       268	800000f4	1b410113	addi	x2,x2,436	  x2:0x800030f0  x2=0x800032a4
        7429000	       269	800000f8	33333337	lui	x6,0x33333	  x6=0x33333000
        7449000	       270	800000fc	33330313	addi	x6,x6,819	  x6:0x33333000  x6=0x33333333
        7789000	       287	80000100	911a	c.add	x2,x6	  x2:0x800032a4  x6:0x33333333  x2=0xb33365d7
        7809000	       288	80000102	00215113	srli	x2,x2,0x2	  x2:0xb33365d7  x2=0x2cccd975
        7829000	       289	80000106	3b311073	csrrw	x0,pmpaddr3,x2	  x2:0x2cccd975  x0=0x00000000
        7889000	       292	8000010a	0f0f1137	lui	x2,0xf0f1	  x2=0x0f0f1000
        7909000	       293	8000010e	f0f10113	addi	x2,x2,-241	  x2:0x0f0f1000  x2=0x0f0f0f0f
        7969000	       296	80000112	3a011073	csrrw	x0,pmpcfg0,x2	  x2:0x0f0f0f0f  x0=0x00000000
        8029000	       299	80000116	00003117	auipc	x2,0x3	  x2=0x80003116
        8049000	       300	8000011a	18e10113	addi	x2,x2,398	  x2:0x80003116  x2=0x800032a4
        8369000	       316	8000011e	44444337	lui	x6,0x44444	  x6=0x44444000
        8649000	       330	80000122	44430313	addi	x6,x6,1092	  x6:0x44444000  x6=0x44444444
        8669000	       331	80000126	911a	c.add	x2,x6	  x2:0x800032a4  x6:0x44444444  x2=0xc44476e8
        8689000	       332	80000128	00215113	srli	x2,x2,0x2	  x2:0xc44476e8  x2=0x31111dba
        8709000	       333	8000012c	3b411073	csrrw	x0,pmpaddr4,x2	  x2:0x31111dba  x0=0x00000000
        8769000	       336	80000130	00003117	auipc	x2,0x3	  x2=0x80003130
        8789000	       337	80000134	17410113	addi	x2,x2,372	  x2:0x80003130  x2=0x800032a4
        9009000	       348	80000138	55555337	lui	x6,0x55555	  x6=0x55555000
        9329000	       364	8000013c	55530313	addi	x6,x6,1365	  x6:0x55555000  x6=0x55555555
        9349000	       365	80000140	911a	c.add	x2,x6	  x2:0x800032a4  x6:0x55555555  x2=0xd55587f9
        9369000	       366	80000142	00215113	srli	x2,x2,0x2	  x2:0xd55587f9  x2=0x355561fe
        9429000	       369	80000146	3b511073	csrrw	x0,pmpaddr5,x2	  x2:0x355561fe  x0=0x00000000
        9489000	       372	8000014a	00003117	auipc	x2,0x3	  x2=0x8000314a
        9509000	       373	8000014e	15a10113	addi	x2,x2,346	  x2:0x8000314a  x2=0x800032a4
        9629000	       379	80000152	66666337	lui	x6,0x66666	  x6=0x66666000
       10029000	       399	80000156	66630313	addi	x6,x6,1638	  x6:0x66666000  x6=0x66666666
       10049000	       400	8000015a	911a	c.add	x2,x6	  x2:0x800032a4  x6:0x66666666  x2=0xe666990a
       10069000	       401	8000015c	00215113	srli	x2,x2,0x2	  x2:0xe666990a  x2=0x3999a642
       10149000	       405	80000160	3b611073	csrrw	x0,pmpaddr6,x2	  x2:0x3999a642  x0=0x00000000
       10209000	       408	80000164	00003117	auipc	x2,0x3	  x2=0x80003164
       10229000	       409	80000168	14010113	addi	x2,x2,320	  x2:0x80003164  x2=0x800032a4
       10249000	       410	8000016c	77777337	lui	x6,0x77777	  x6=0x77777000
       10309000	       413	80000170	77730313	addi	x6,x6,1911	  x6:0x77777000  x6=0x77777777
       10429000	       419	80000174	911a	c.add	x2,x6	  x2:0x800032a4  x6:0x77777777  x2=0xf777aa1b
       10449000	       420	80000176	00215113	srli	x2,x2,0x2	  x2:0xf777aa1b  x2=0x3dddea86
       10529000	       424	8000017a	3b711073	csrrw	x0,pmpaddr7,x2	  x2:0x3dddea86  x0=0x00000000
       10589000	       427	8000017e	0f0f1137	lui	x2,0xf0f1	  x2=0x0f0f1000
       10609000	       428	80000182	f0f10113	addi	x2,x2,-241	  x2:0x0f0f1000  x2=0x0f0f0f0f
       10629000	       429	80000186	3a111073	csrrw	x0,pmpcfg1,x2	  x2:0x0f0f0f0f  x0=0x00000000
       10689000	       432	8000018a	00003117	auipc	x2,0x3	  x2=0x8000318a
       10909000	       443	8000018e	11a10113	addi	x2,x2,282	  x2:0x8000318a  x2=0x800032a4
       10929000	       444	80000192	88889337	lui	x6,0x88889	  x6=0x88889000
       11089000	       452	80000196	88830313	addi	x6,x6,-1912	  x6:0x88889000  x6=0x88888888
       11109000	       453	8000019a	911a	c.add	x2,x6	  x2:0x800032a4  x6:0x88888888  x2=0x0888bb2c
       11149000	       455	8000019c	00215113	srli	x2,x2,0x2	  x2:0x0888bb2c  x2=0x02222ecb
       11569000	       476	800001a0	3b811073	csrrw	x0,pmpaddr8,x2	  x2:0x02222ecb  x0=0x00000000
       11989000	       497	800001a4	00003117	auipc	x2,0x3	  x2=0x800031a4
       12009000	       498	800001a8	10010113	addi	x2,x2,256	  x2:0x800031a4  x2=0x800032a4
       12429000	       519	800001ac	9999a337	lui	x6,0x9999a	  x6=0x9999a000
       12449000	       520	800001b0	99930313	addi	x6,x6,-1639	  x6:0x9999a000  x6=0x99999999
       12469000	       521	800001b4	911a	c.add	x2,x6	  x2:0x800032a4  x6:0x99999999  x2=0x1999cc3d
       12889000	       542	800001b6	00215113	srli	x2,x2,0x2	  x2:0x1999cc3d  x2=0x0666730f
       12929000	       544	800001ba	3b911073	csrrw	x0,pmpaddr9,x2	  x2:0x0666730f  x0=0x00000000
       12989000	       547	800001be	00003117	auipc	x2,0x3	  x2=0x800031be
       13009000	       548	800001c2	0e610113	addi	x2,x2,230	  x2:0x800031be  x2=0x800032a4
       13029000	       549	800001c6	aaaab337	lui	x6,0xaaaab	  x6=0xaaaab000
       13169000	       556	800001ca	aaa30313	addi	x6,x6,-1366	  x6:0xaaaab000  x6=0xaaaaaaaa
       13189000	       557	800001ce	911a	c.add	x2,x6	  x2:0x800032a4  x6:0xaaaaaaaa  x2=0x2aaadd4e
       13589000	       577	800001d0	00215113	srli	x2,x2,0x2	  x2:0x2aaadd4e  x2=0x0aaab753
       13669000	       581	800001d4	3ba11073	csrrw	x0,pmpaddr10,x2	  x2:0x0aaab753  x0=0x00000000
       14069000	       601	800001d8	00003117	auipc	x2,0x3	  x2=0x800031d8
       14089000	       602	800001dc	0cc10113	addi	x2,x2,204	  x2:0x800031d8  x2=0x800032a4
       14109000	       603	800001e0	bbbbc337	lui	x6,0xbbbbc	  x6=0xbbbbc000
       14129000	       604	800001e4	bbb30313	addi	x6,x6,-1093	  x6:0xbbbbc000  x6=0xbbbbbbbb
       14549000	       625	800001e8	911a	c.add	x2,x6	  x2:0x800032a4  x6:0xbbbbbbbb  x2=0x3bbbee5f
       14569000	       626	800001ea	00215113	srli	x2,x2,0x2	  x2:0x3bbbee5f  x2=0x0eeefb97
       14989000	       647	800001ee	3bb11073	csrrw	x0,pmpaddr11,x2	  x2:0x0eeefb97  x0=0x00000000
       15049000	       650	800001f2	0f0f1137	lui	x2,0xf0f1	  x2=0x0f0f1000
       15069000	       651	800001f6	f0f10113	addi	x2,x2,-241	  x2:0x0f0f1000  x2=0x0f0f0f0f
       15089000	       652	800001fa	3a211073	csrrw	x0,pmpcfg2,x2	  x2:0x0f0f0f0f  x0=0x00000000
       15209000	       658	800001fe	00003117	auipc	x2,0x3	  x2=0x800031fe
       15229000	       659	80000202	0a610113	addi	x2,x2,166	  x2:0x800031fe  x2=0x800032a4
       15549000	       675	80000206	ccccd337	lui	x6,0xccccd	  x6=0xccccd000
       15569000	       676	8000020a	ccc30313	addi	x6,x6,-820	  x6:0xccccd000  x6=0xcccccccc
       15589000	       677	8000020e	911a	c.add	x2,x6	  x2:0x800032a4  x6:0xcccccccc  x2=0x4cccff70
       15689000	       682	80000210	00215113	srli	x2,x2,0x2	  x2:0x4cccff70  x2=0x13333fdc
       15949000	       695	80000214	3bc11073	csrrw	x0,pmpaddr12,x2	  x2:0x13333fdc  x0=0x00000000
       16009000	       698	80000218	00003117	auipc	x2,0x3	  x2=0x80003218
       16149000	       705	8000021c	08c10113	addi	x2,x2,140	  x2:0x80003218  x2=0x800032a4
       16569000	       726	80000220	dddde337	lui	x6,0xdddde	  x6=0xdddde000
       16669000	       731	80000224	ddd30313	addi	x6,x6,-547	  x6:0xdddde000  x6=0xdddddddd
       16689000	       732	80000228	911a	c.add	x2,x6	  x2:0x800032a4  x6:0xdddddddd  x2=0x5dde1081
       16709000	       733	8000022a	00215113	srli	x2,x2,0x2	  x2:0x5dde1081  x2=0x17778420
       16729000	       734	8000022e	3bd11073	csrrw	x0,pmpaddr13,x2	  x2:0x17778420  x0=0x00000000
       16889000	       742	80000232	00003117	auipc	x2,0x3	  x2=0x80003232
       16909000	       743	80000236	07210113	addi	x2,x2,114	  x2:0x80003232  x2=0x800032a4
       16969000	       746	8000023a	eeeef337	lui	x6,0xeeeef	  x6=0xeeeef000
       16989000	       747	8000023e	eee30313	addi	x6,x6,-274	  x6:0xeeeef000  x6=0xeeeeeeee
       17009000	       748	80000242	911a	c.add	x2,x6	  x2:0x800032a4  x6:0xeeeeeeee  x2=0x6eef2192
       17029000	       749	80000244	00215113	srli	x2,x2,0x2	  x2:0x6eef2192  x2=0x1bbbc864
       17049000	       750	80000248	3be11073	csrrw	x0,pmpaddr14,x2	  x2:0x1bbbc864  x0=0x00000000
       17269000	       761	8000024c	00003117	auipc	x2,0x3	  x2=0x8000324c
       17289000	       762	80000250	05810113	addi	x2,x2,88	  x2:0x8000324c  x2=0x800032a4
       17309000	       763	80000254	fff00313	addi	x6,x0,-1	  x0:0x00000000  x6=0xffffffff
       17329000	       764	80000258	911a	c.add	x2,x6	  x2:0x800032a4  x6:0xffffffff  x2=0x800032a3
       17349000	       765	8000025a	00215113	srli	x2,x2,0x2	  x2:0x800032a3  x2=0x20000ca8
       17389000	       767	8000025e	3bf11073	csrrw	x0,pmpaddr15,x2	  x2:0x20000ca8  x0=0x00000000
       17449000	       770	80000262	0f0f1137	lui	x2,0xf0f1	  x2=0x0f0f1000
       17689000	       782	80000266	f0f10113	addi	x2,x2,-241	  x2:0x0f0f1000  x2=0x0f0f0f0f
       18089000	       802	8000026a	3a311073	csrrw	x0,pmpcfg3,x2	  x2:0x0f0f0f0f  x0=0x00000000
       18149000	       805	8000026e	00000317	auipc	x6,0x0	  x6=0x8000026e
       18529000	       824	80000272	06030313	addi	x6,x6,96	  x6:0x8000026e  x6=0x800002ce
       18549000	       825	80000276	34131073	csrrw	x0,mepc,x6	  x6:0x800002ce  x0=0x00000000
       18589000	       827	8000027a	7c00d073	csrrwi	x0,0x7c0,1	  x0=0x00000000
       18649000	       830	8000027e	4301	c.li	x6,0	  x6=0x00000000
       18669000	       831	80000280	30031073	csrrw	x0,mstatus,x6	  x6:0x00000000  x0=0x00000000
       18969000	       846	80000284	4301	c.li	x6,0	  x6=0x00000000
       19089000	       852	80000286	30431073	csrrw	x0,mie,x6	  x6:0x00000000  x0=0x00000000
       19149000	       855	8000028a	90000a37	lui	x20,0x90000	 x20=0x90000000
       19169000	       856	8000028e	1a71	c.addi	x20,-4	 x20:0x90000000 x20=0x8ffffffc
       19189000	       857	80000290	90000a37	lui	x20,0x90000	 x20=0x90000000
       19209000	       858	80000294	1a71	c.addi	x20,-4	 x20:0x90000000 x20=0x8ffffffc
       19329000	       864	80000296	90000a37	lui	x20,0x90000	 x20=0x90000000
       19349000	       865	8000029a	1a71	c.addi	x20,-4	 x20:0x90000000 x20=0x8ffffffc
       19389000	       867	8000029c	30000313	addi	x6,x0,768	  x0:0x00000000  x6=0x00000300
       19489000	       872	800002a0	0322	c.slli	x6,0x8	  x6:0x00000300  x6=0x00030000
       19509000	       873	800002a2	030d	c.addi	x6,3	  x6:0x00030000  x6=0x00030003
       19569000	       876	800002a4	006a2023	sw	x6,0(x20)	 x20:0x8ffffffc  x6:0x00030003 PA:0x8ffffffc store:0x00030003 load:0xffffffff
       19589000	       877	800002a8	30002373	csrrs	x6,mstatus,x0	  x0:0x00000000  x6=0x00000000
       19709000	       883	800002ac	006a2023	sw	x6,0(x20)	 x20:0x8ffffffc  x6:0x00000000 PA:0x8ffffffc store:0x00000000 load:0xffffffff
       19729000	       884	800002b0	90000a37	lui	x20,0x90000	 x20=0x90000000
       19749000	       885	800002b4	1a71	c.addi	x20,-4	 x20:0x90000000 x20=0x8ffffffc
       20129000	       904	800002b6	30400313	addi	x6,x0,772	  x0:0x00000000  x6=0x00000304
       20149000	       905	800002ba	0322	c.slli	x6,0x8	  x6:0x00000304  x6=0x00030400
       20169000	       906	800002bc	030d	c.addi	x6,3	  x6:0x00030400  x6=0x00030403
       20229000	       909	800002be	006a2023	sw	x6,0(x20)	 x20:0x8ffffffc  x6:0x00030403 PA:0x8ffffffc store:0x00030403 load:0xffffffff
       20249000	       910	800002c2	30402373	csrrs	x6,mie,x0	  x0:0x00000000  x6=0x00000000
       20269000	       911	800002c6	006a2023	sw	x6,0(x20)	 x20:0x8ffffffc  x6:0x00000000 PA:0x8ffffffc store:0x00000000 load:0xffffffff
       20289000	       912	800002ca	30200073	mret	
       20569000	       926	800002ce	ff8b8037	lui	x0,0xff8b8	  x0=0x00000000
       20989000	       947	800002d2	10e00013	addi	x0,x0,270	  x0:0x00000000  x0=0x00000000
       21149000	       955	800002d6	7327d0b7	lui	x1,0x7327d	  x1=0x7327d000
       21229000	       959	800002da	ba008093	addi	x1,x1,-1120	  x1:0x7327d000  x1=0x7327cba0
       21249000	       960	800002de	f5e3a137	lui	x2,0xf5e3a	  x2=0xf5e3a000
       21669000	       981	800002e2	89510113	addi	x2,x2,-1899	  x2:0xf5e3a000  x2=0xf5e39895
       21689000	       982	800002e6	4181	c.li	x3,0	  x3=0x00000000
       21709000	       983	800002e8	6511b237	lui	x4,0x6511b	  x4=0x6511b000
       21729000	       984	800002ec	bba20213	addi	x4,x4,-1094	  x4:0x6511b000  x4=0x6511abba
       21749000	       985	800002f0	e2e872b7	lui	x5,0xe2e87	  x5=0xe2e87000
       21849000	       990	800002f4	5c428293	addi	x5,x5,1476	  x5:0xe2e87000  x5=0xe2e875c4
       21909000	       993	800002f8	4301	c.li	x6,0	  x6=0x00000000
       21929000	       994	800002fa	43a5	c.li	x7,9	  x7=0x00000009
       21949000	       995	800002fc	80000437	lui	x8,0x80000	  x8=0x80000000
       22229000	      1009	80000300	f944e4b7	lui	x9,0xf944e	  x9=0xf944e000
       22249000	      1010	80000304	20f48493	addi	x9,x9,527	  x9:0xf944e000  x9=0xf944e20f
       22669000	      1031	80000308	4501	c.li	x10,0	 x10=0x00000000
       22689000	      1032	8000030a	45a5	c.li	x11,9	 x11=0x00000009
       22849000	      1040	8000030c	f0c556b7	lui	x13,0xf0c55	 x13=0xf0c55000
       23029000	      1049	80000310	da468693	addi	x13,x13,-604	 x13:0xf0c55000 x13=0xf0c54da4
       23109000	      1053	80000314	fd8fc7b7	lui	x15,0xfd8fc	 x15=0xfd8fc000
       23129000	      1054	80000318	e7e78793	addi	x15,x15,-386	 x15:0xfd8fc000 x15=0xfd8fbe7e
       23149000	      1055	8000031c	4801	c.li	x16,0	 x16=0x00000000
       23169000	      1056	8000031e	651938b7	lui	x17,0x65193	 x17=0x65193000
       23189000	      1057	80000322	5eb88893	addi	x17,x17,1515	 x17:0x65193000 x17=0x651935eb
       23209000	      1058	80000326	4911	c.li	x18,4	 x18=0x00000004
       23289000	      1062	80000328	800009b7	lui	x19,0x80000	 x19=0x80000000
       23309000	      1063	8000032c	4a29	c.li	x20,10	 x20=0x0000000a
       23929000	      1094	8000032e	ff2dfab7	lui	x21,0xff2df	 x21=0xff2df000
       23949000	      1095	80000332	586a8a93	addi	x21,x21,1414	 x21:0xff2df000 x21=0xff2df586
       24049000	      1100	80000336	80000b37	lui	x22,0x80000	 x22=0x80000000
       24069000	      1101	8000033a	fa72bbb7	lui	x23,0xfa72b	 x23=0xfa72b000
       24089000	      1102	8000033e	098b8b93	addi	x23,x23,152	 x23:0xfa72b000 x23=0xfa72b098
       24109000	      1103	80000342	4c09	c.li	x24,2	 x24=0x00000002
       24129000	      1104	80000344	4cb9	c.li	x25,14	 x25=0x0000000e
       24149000	      1105	80000346	4d01	c.li	x26,0	 x26=0x00000000
       24189000	      1107	80000348	4d81	c.li	x27,0	 x27=0x00000000
       24209000	      1108	8000034a	4e35	c.li	x28,13	 x28=0x0000000d
       24269000	      1111	8000034c	82ec1eb7	lui	x29,0x82ec1	 x29=0x82ec1000
       24349000	      1115	80000350	cb0e8e93	addi	x29,x29,-848	 x29:0x82ec1000 x29=0x82ec0cb0
       24749000	      1135	80000354	cac09f37	lui	x30,0xcac09	 x30=0xcac09000
       24789000	      1137	80000358	9bdf0f13	addi	x30,x30,-1603	 x30:0xcac09000 x30=0xcac089bd
       24809000	      1138	8000035c	80000fb7	lui	x31,0x80000	 x31=0x80000000
       25229000	      1159	80000360	00031617	auipc	x12,0x31	 x12=0x80031360
       25309000	      1163	80000364	b0460613	addi	x12,x12,-1276	 x12:0x80031360 x12=0x80030e64
       25329000	      1164	80000368	90000a37	lui	x20,0x90000	 x20=0x90000000
       25349000	      1165	8000036c	1a71	c.addi	x20,-4	 x20:0x90000000 x20=0x8ffffffc
       25369000	      1166	8000036e	4301	c.li	x6,0	  x6=0x00000000
       25389000	      1167	80000370	0322	c.slli	x6,0x8	  x6:0x00000000  x6=0x00000000
       25789000	      1187	80000372	00030313	addi	x6,x6,0	  x6:0x00000000  x6=0x00000000
       26409000	      1218	80000376	006a2023	sw	x6,0(x20)	 x20:0x8ffffffc  x6:0x00000000 PA:0x8ffffffc store:0x00000000 load:0xffffffff
       26429000	      1219	8000037a	72b0206f	jal	x0,800032a4	  x0=0x00000000
       27209000	      1258	800032a4	00009397	auipc	x7,0x9	  x7=0x8000c2a4
       27269000	      1261	800032a8	78438393	addi	x7,x7,1924	  x7:0x8000c2a4  x7=0x8000ca28
       27469000	      1271	800032ac	8db5	c.xor	x11,x13	 x11:0x00000009 x13:0xf0c54da4 x11=0xf0c54dad
       27489000	      1272	800032ae	05b38393	addi	x7,x7,91	  x7:0x8000ca28  x7=0x8000ca83
       27909000	      1293	800032b2	00fe6c63	bltu	x28,x15,800032ca	 x28:0x0000000d x15:0xfd8fbe7e
       28749000	      1335	800032ca	fa6380e7	jalr	x1,-90(x7)	  x7:0x8000ca83  x1=0x800032ce
       29689000	      1382	8000ca28	00f08263	beq	x1,x15,8000ca2c	  x1:0x800032ce x15:0xfd8fbe7e
       29709000	      1383	8000ca2c	fdc60613	addi	x12,x12,-36	 x12:0x80030e64 x12=0x80030e40
       29729000	      1384	8000ca30	8391	c.srli	x15,0x4	 x15:0xfd8fbe7e x15=0x0fd8fbe7
       29769000	      1386	8000ca32	00211893	slli	x17,x2,0x2	  x2:0xf5e39895 x17=0xd78e6254
       29829000	      1389	8000ca36	00162223	sw	x1,4(x12)	 x12:0x80030e40  x1:0x800032ce PA:0x80030e44 store:0x800032ce load:0xffffffff
       30709000	      1433	8000ca3a	0396f3b3	remu	x7,x13,x25	 x13:0xf0c54da4 x25:0x0000000e  x7=0x00000000
       30729000	      1434	8000ca3e	0ff0000f	fence	iorw,iorw	
       30749000	      1435	8000ca42	00016f17	auipc	x30,0x16	 x30=0x80022a42
       30769000	      1436	8000ca46	05ff0f13	addi	x30,x30,95	 x30:0x80022a42 x30=0x80022aa1
       30929000	      1444	8000ca4a	fcef13a3	sh	x14,-57(x30)	 x30:0x80022aa1 x14:0x80034ce4 PA:0x80022a68 store:0x80034ce4 load:0x0000ffff
       31389000	      1467	8000ca4e	fc7f0423	sb	x7,-56(x30)	 x30:0x80022aa1  x7:0x00000000 PA:0x80022a69 store:0x00000000 load:0x000000ff
       31409000	      1468	8000ca52	82a2	c.mv	x5,x8	  x0:0x00000000  x8:0x80000000  x5=0x80000000
       31429000	      1469	8000ca54	003a56b3	srl	x13,x20,x3	 x20:0x8ffffffc  x3:0x00000000 x13=0x8ffffffc
       31889000	      1492	8000ca58	feaf07a3	sb	x10,-17(x30)	 x30:0x80022aa1 x10:0x00000000 PA:0x80022a90 store:0x00000000 load:0x000000ff
       31949000	      1495	8000ca5c	febf07a3	sb	x11,-17(x30)	 x30:0x80022aa1 x11:0xf0c54dad PA:0x80022a90 store:0xf0c54dad load:0x000000ff
       32369000	      1516	8000ca60	fdcf1fa3	sh	x28,-33(x30)	 x30:0x80022aa1 x28:0x0000000d PA:0x80022a80 store:0x0000000d load:0x0000ffff
       32429000	      1519	8000ca64	fddf0923	sb	x29,-46(x30)	 x30:0x80022aa1 x29:0x82ec0cb0 PA:0x80022a73 store:0x82ec0cb0 load:0x000000ff
       32829000	      1539	8000ca68	fe5f2d03	lw	x26,-27(x30)	 x30:0x80022aa1 x26=0x42433c3d PA:0x80022a86 load:0x42433c3d
       32849000	      1540	8000ca6c	0001	c.addi	x0,0	  x0:0x00000000  x0=0x00000000
       33069000	      1551	8000ca6e	fdef4283	lbu	x5,-34(x30)	 x30:0x80022aa1  x5=0x00000034 PA:0x80022a7f load:0x00000034
       33389000	      1567	8000ca72	fc5f0b03	lb	x22,-59(x30)	 x30:0x80022aa1 x22=0x0000001d PA:0x80022a66 load:0x0000001d
       33629000	      1579	8000ca76	020f2403	lw	x8,32(x30)	 x30:0x80022aa1  x8=0x7f78797a PA:0x80022ac1 load:0x7f78797a
       33709000	      1583	8000ca7a	020f5803	lhu	x16,32(x30)	 x30:0x80022aa1 x16=0x0000797a PA:0x80022ac1 load:0x0000797a
       33809000	      1588	8000ca7e	ffff4303	lbu	x6,-1(x30)	 x30:0x80022aa1  x6=0x0000005b PA:0x80022aa0 load:0x0000005b
       33829000	      1589	8000ca82	0001b697	auipc	x13,0x1b	 x13=0x80027a82
       33849000	      1590	8000ca86	e5068693	addi	x13,x13,-432	 x13:0x80027a82 x13=0x800278d2
       33869000	      1591	8000ca8a	0000f397	auipc	x7,0xf	  x7=0x8001ba8a
       33889000	      1592	8000ca8e	39838393	addi	x7,x7,920	  x7:0x8001ba8a  x7=0x8001be22
       34089000	      1602	8000ca92	fd33aea3	sw	x19,-35(x7)	  x7:0x8001be22 x19:0x80000000 PA:0x8001bdff store:0x80000000 load:0xffffff78
       34429000	      1619	8000ca96	fc239d23	sh	x2,-38(x7)	  x7:0x8001be22  x2:0xf5e39895 PA:0x8001bdfc store:0xf5e39895 load:0x0000ffff
       34629000	      1629	8000ca9a	fcf689a3	sb	x15,-45(x13)	 x13:0x800278d2 x15:0x0fd8fbe7 PA:0x800278a5 store:0x0fd8fbe7 load:0x000000ff
       34969000	      1646	8000ca9e	0143d003	lhu	x0,20(x7)	  x7:0x8001be22  x0=0x00000000 PA:0x8001be36 load:0x0000eced
       35489000	      1672	8000caa2	fc76aa83	lw	x21,-57(x13)	 x13:0x800278d2 x21=0x57505152 PA:0x80027899 load:0x57505152
       35749000	      1685	8000caa6	00c68823	sb	x12,16(x13)	 x13:0x800278d2 x12:0x80030e40 PA:0x800278e2 store:0x80030e40 load:0x000000ff
       35989000	      1697	8000caaa	fee3c283	lbu	x5,-18(x7)	  x7:0x8001be22  x5=0x000000cb PA:0x8001be10 load:0x000000cb
       36369000	      1716	8000caae	03468003	lb	x0,52(x13)	 x13:0x800278d2  x0=0x00000000 PA:0x80027906 load:0xffffffbd
       36509000	      1723	8000cab2	ff13c883	lbu	x17,-15(x7)	  x7:0x8001be22 x17=0x000000c8 PA:0x8001be13 load:0x000000c8
       36669000	      1731	8000cab6	02369c23	sh	x3,56(x13)	 x13:0x800278d2  x3:0x00000000 PA:0x8002790a store:0x00000000 load:0x0000ffff
       36789000	      1737	8000caba	ff2399a3	sh	x18,-13(x7)	  x7:0x8001be22 x18:0x00000004 PA:0x8001be15 store:0x00000004 load:0x0000ffff
       37209000	      1758	8000cabe	03968183	lb	x3,57(x13)	 x13:0x800278d2  x3=0x00000000 PA:0x8002790b load:0x00000000
       37529000	      1774	8000cac2	01b6a803	lw	x16,27(x13)	 x13:0x800278d2 x16=0xaba4a5a6 PA:0x800278ed load:0xaba4a5a6
       37789000	      1787	8000cac6	fff3a223	sw	x31,-28(x7)	  x7:0x8001be22 x31:0x80000000 PA:0x8001be06 store:0x80000000 load:0xffffa4a5
       37849000	      1790	8000caca	fc438803	lb	x16,-60(x7)	  x7:0x8001be22 x16=0xffffff9d PA:0x8001bde6 load:0xffffff9d
       38289000	      1812	8000cace	c2a4	c.sw	x9,64(x13)	 x13:0x800278d2  x9:0xf944e20f PA:0x80027912 store:0xf944e20f load:0xffffa4a5
       38309000	      1813	8000cad0	0000fa97	auipc	x21,0xf	 x21=0x8001bad0
       38329000	      1814	8000cad4	bdfa8a93	addi	x21,x21,-1057	 x21:0x8001bad0 x21=0x8001b6af
       38389000	      1817	8000cad8	eafad383	lhu	x7,-337(x21)	 x21:0x8001b6af  x7=0x00001415 PA:0x8001b55e load:0x00001415
       38409000	      1818	8000cadc	0f86	c.slli	x31,0x1	 x31:0x80000000 x31=0x00000000
       38429000	      1819	8000cade	646a9a03	lh	x20,1606(x21)	 x21:0x8001b6af x20=0xffffadae PA:0x8001bcf5 load:0xffffadae
       38489000	      1822	8000cae2	edfaa203	lw	x4,-289(x21)	 x21:0x8001b6af  x4=0x4a4b4445 PA:0x8001b58e load:0x4a4b4445
       38509000	      1823	8000cae6	0000100f	fence.i	
       41849000	      1990	8000caea	f23a8683	lb	x13,-221(x21)	 x21:0x8001b6af x13=0xffffff89 PA:0x8001b5d2 load:0xffffff89
       42589000	      2027	8000caee	03307e33	remu	x28,x0,x19	  x0:0x00000000 x19:0x80000000 x28=0x00000000
       42609000	      2028	8000caf2	0052dd33	srl	x26,x5,x5	  x5:0x000000cb  x5:0x000000cb x26=0x00000000
       43349000	      2065	8000caf6	03dad933	divu	x18,x21,x29	 x21:0x8001b6af x29:0x82ec0cb0 x18=0x00000000
       43369000	      2066	8000cafa	00a21893	slli	x17,x4,0xa	  x4:0x4a4b4445 x17=0x2d111400
       43609000	      2078	8000cafe	cd3ade83	lhu	x29,-813(x21)	 x21:0x8001b6af x29=0x00003839 PA:0x8001b382 load:0x00003839
       43629000	      2079	8000cb02	001cf433	and	x8,x25,x1	 x25:0x0000000e  x1:0x800032ce  x8=0x0000000e
       43649000	      2080	8000cb06	0000100f	fence.i	
       43869000	      2091	8000cb0a	0fea9683	lh	x13,254(x21)	 x21:0x8001b6af x13=0x00006566 PA:0x8001b7ad load:0x00006566
       43889000	      2092	8000cb0e	40d9db13	srai	x22,x19,0xd	 x19:0x80000000 x22=0xfffc0000
       43909000	      2093	8000cb12	412c0333	sub	x6,x24,x18	 x24:0x00000002 x18:0x00000000  x6=0x00000002
       43929000	      2094	8000cb16	01a849b3	xor	x19,x16,x26	 x16:0xffffff9d x26:0x00000000 x19=0xffffff9d
       43949000	      2095	8000cb1a	19a20eb7	lui	x29,0x19a20	 x29=0x19a20000
       44249000	      2110	8000cb1e	6afac183	lbu	x3,1711(x21)	 x21:0x8001b6af  x3=0x00000015 PA:0x8001bd5e load:0x00000015
       44789000	      2137	8000cb22	140aa783	lw	x15,320(x21)	 x21:0x8001b6af x15=0xa9aaaba4 PA:0x8001b7ef load:0xa9aaaba4
       44809000	      2138	8000cb26	ca0d8d13	addi	x26,x27,-864	 x27:0x00000000 x26=0xfffffca0
       44829000	      2139	8000cb2a	8c31	c.xor	x8,x12	  x8:0x0000000e x12:0x80030e40  x8=0x80030e4e
       45649000	      2180	8000cb2c	02e8ebb3	rem	x23,x17,x14	 x17:0x2d111400 x14:0x80034ce4 x23=0x2d111400
       46109000	      2203	8000cb30	49ba80a3	sb	x27,1153(x21)	 x21:0x8001b6af x27:0x00000000 PA:0x8001bb30 store:0x00000000 load:0x000000ff
       46329000	      2214	8000cb34	066ad383	lhu	x7,102(x21)	 x21:0x8001b6af  x7=0x0000cdce PA:0x8001b715 load:0x0000cdce
       46349000	      2215	8000cb38	0189a033	slt	x0,x19,x24	 x19:0xffffff9d x24:0x00000002  x0=0x00000000
       46369000	      2216	8000cb3c	0000100f	fence.i	
       46729000	      2234	8000cb40	8d69	c.and	x10,x10	 x10:0x00000000 x10:0x00000000 x10=0x00000000
       46749000	      2235	8000cb42	0001	c.addi	x0,0	  x0:0x00000000  x0=0x00000000
       47149000	      2255	8000cb44	8599	c.srai	x11,0x6	 x11:0xf0c54dad x11=0xffc31536
       47409000	      2268	8000cb46	3e5aa7a3	sw	x5,1007(x21)	 x21:0x8001b6af  x5:0x000000cb PA:0x8001ba9e store:0x000000cb load:0xffffa4a5
       47429000	      2269	8000cb4a	83b1	c.srli	x15,0xc	 x15:0xa9aaaba4 x15=0x000a9aaa
       47449000	      2270	8000cb4c	45dd	c.li	x11,23	 x11=0x00000017
       47509000	      2273	8000cb4e	01241c33	sll	x24,x8,x18	  x8:0x80030e4e x18:0x00000000 x24=0x80030e4e
       48129000	      2304	8000cb52	a6ca8003	lb	x0,-1428(x21)	 x21:0x8001b6af  x0=0x00000000 PA:0x8001b11b load:0xffffffd0
       48149000	      2305	8000cb56	00016a97	auipc	x21,0x16	 x21=0x80022b56
       48169000	      2306	8000cb5a	b59a8a93	addi	x21,x21,-1191	 x21:0x80022b56 x21=0x800226af
       48189000	      2307	8000cb5e	82d1	c.srli	x13,0x14	 x13:0x00006566 x13=0x00000000
       48369000	      2316	8000cb60	560aa583	lw	x11,1376(x21)	 x21:0x800226af x11=0xc9cacbc4 PA:0x80022c0f load:0xc9cacbc4
       48389000	      2317	8000cb64	009913b3	sll	x7,x18,x9	 x18:0x00000000  x9:0xf944e20f  x7=0x00000000
       48409000	      2318	8000cb68	40365493	srai	x9,x12,0x3	 x12:0x80030e40  x9=0xf00061c8
       48429000	      2319	8000cb6c	8e99	c.sub	x13,x14	 x13:0x00000000 x14:0x80034ce4 x13=0x7ffcb31c
       48689000	      2332	8000cb6e	8cfadd03	lhu	x26,-1841(x21)	 x21:0x800226af x26=0x00003435 PA:0x80021f7e load:0x00003435
       48809000	      2338	8000cb72	79cacd83	lbu	x27,1948(x21)	 x21:0x800226af x27=0x00000000 PA:0x80022e4b load:0x00000000
       48829000	      2339	8000cb76	3f21b893	sltiu	x17,x3,1010	  x3:0x00000015 x17=0x00000001
       48889000	      2342	8000cb7a	f50a8723	sb	x16,-178(x21)	 x21:0x800226af x16:0xffffff9d PA:0x800225fd store:0xffffff9d load:0x000000ff
       48929000	      2344	8000cb7e	0302a7b3	mulhsu	x15,x5,x16	  x5:0x000000cb x16:0xffffff9d x15=0x000000ca
       49049000	      2350	8000cb82	cd4a84a3	sb	x20,-823(x21)	 x21:0x800226af x20:0xffffadae PA:0x80022378 store:0xffffadae load:0x000000ff
       49469000	      2371	8000cb86	a1aaaea3	sw	x26,-1507(x21)	 x21:0x800226af x26:0x00003435 PA:0x800220cc store:0x00003435 load:0xffffffff
       49489000	      2372	8000cb8a	c1fd5a37	lui	x20,0xc1fd5	 x20=0xc1fd5000
       49709000	      2383	8000cb8e	368ad883	lhu	x17,872(x21)	 x21:0x800226af x17=0x0000d3cc PA:0x80022a17 load:0x0000d3cc
       49729000	      2384	8000cb92	90de	c.add	x1,x23	  x1:0x800032ce x23:0x2d111400  x1=0xad1146ce
       50189000	      2407	8000cb94	337aa303	lw	x6,823(x21)	 x21:0x800226af  x6=0xa2a39c9d PA:0x800229e6 load:0xa2a39c9d
       50209000	      2408	8000cb98	0001	c.addi	x0,0	  x0:0x00000000  x0=0x00000000
       50229000	      2409	8000cb9a	8dd5	c.or	x11,x13	 x11:0xc9cacbc4 x13:0x7ffcb31c x11=0xfffefbdc
       50249000	      2410	8000cb9c	31314b13	xori	x22,x2,787	  x2:0xf5e39895 x22=0xf5e39b86
       50449000	      2420	8000cba0	c41a9483	lh	x9,-959(x21)	 x21:0x800226af  x9=0xffffaaab PA:0x800222f0 load:0xffffaaab
       50469000	      2421	8000cba4	003bd5b3	srl	x11,x23,x3	 x23:0x2d111400  x3:0x00000015 x11=0x00000168
       50509000	      2423	8000cba8	02f1aeb3	mulhsu	x29,x3,x15	  x3:0x00000015 x15:0x000000ca x29=0x00000000
       50969000	      2446	8000cbac	ce5a8e23	sb	x5,-772(x21)	 x21:0x800226af  x5:0x000000cb PA:0x800223ab store:0x000000cb load:0x000000ff
       50989000	      2447	8000cbb0	0e1e	c.slli	x28,0x7	 x28:0x00000000 x28=0x00000000
       51009000	      2448	8000cbb2	10fd	c.addi	x1,-1	  x1:0xad1146ce  x1=0xad1146cd
       51069000	      2451	8000cbb4	3a7ac683	lbu	x13,935(x21)	 x21:0x800226af x13=0x0000000d PA:0x80022a56 load:0x0000000d
       51089000	      2452	8000cbb8	663acd83	lbu	x27,1635(x21)	 x21:0x800226af x27=0x000000c9 PA:0x80022d12 load:0x000000c9
       51169000	      2456	8000cbbc	1f6aac23	sw	x22,504(x21)	 x21:0x800226af x22:0xf5e39b86 PA:0x800228a7 store:0xf5e39b86 load:0xffffff9c
       51209000	      2458	8000cbc0	032bbd33	mulhu	x26,x23,x18	 x23:0x2d111400 x18:0x00000000 x26=0x00000000
       51509000	      2473	8000cbc4	2ada83a3	sb	x13,679(x21)	 x21:0x800226af x13:0x0000000d PA:0x80022956 store:0x0000000d load:0x000000ff
       51569000	      2476	8000cbc8	a40a9ea3	sh	x0,-1443(x21)	 x21:0x800226af  x0:0x00000000 PA:0x8002210c store:0x00000000 load:0x0000ffff
       51589000	      2477	8000cbcc	008240b3	xor	x1,x4,x8	  x4:0x4a4b4445  x8:0x80030e4e  x1=0xca484a0b
       51669000	      2481	8000cbd0	353aac83	lw	x25,851(x21)	 x21:0x800226af x25=0xbebfb8b9 PA:0x80022a02 load:0xbebfb8b9
       51689000	      2482	8000cbd4	f88a9323	sh	x8,-122(x21)	 x21:0x800226af  x8:0x80030e4e PA:0x80022635 store:0x80030e4e load:0x0000ffff
       51989000	      2497	8000cbd8	04aaa5a3	sw	x10,75(x21)	 x21:0x800226af x10:0x00000000 PA:0x800226fa store:0x00000000 load:0xffffb8b9
       52009000	      2498	8000cbdc	0001	c.addi	x0,0	  x0:0x00000000  x0=0x00000000
       52069000	      2501	8000cbde	cf1aaa03	lw	x20,-783(x21)	 x21:0x800226af x20=0x58595a5b PA:0x800223a0 load:0x58595a5b
       52089000	      2502	8000cbe2	000bd993	srli	x19,x23,0x0	 x23:0x2d111400 x19=0x2d111400
       52109000	      2503	8000cbe6	01ab1313	slli	x6,x22,0x1a	 x22:0xf5e39b86  x6=0x18000000
       52169000	      2506	8000cbea	59ca8e83	lb	x29,1436(x21)	 x21:0x800226af x29=0x00000000 PA:0x80022c4b load:0x00000000
       52209000	      2508	8000cbee	02193933	mulhu	x18,x18,x1	 x18:0x00000000  x1:0xca484a0b x18=0x00000000
       52349000	      2515	8000cbf2	21ba8ca3	sb	x27,537(x21)	 x21:0x800226af x27:0x000000c9 PA:0x800228c8 store:0x000000c9 load:0x000000ff
       52569000	      2526	8000cbf6	ae3a9f23	sh	x3,-1282(x21)	 x21:0x800226af  x3:0x00000015 PA:0x800221ad store:0x00000015 load:0x0000ffff
       52909000	      2543	8000cbfa	3dea8503	lb	x10,990(x21)	 x21:0x800226af x10=0x00000046 PA:0x80022a8d load:0x00000046
       52929000	      2544	8000cbfe	00013497	auipc	x9,0x13	  x9=0x8001fbfe
       52949000	      2545	8000cc02	3d948493	addi	x9,x9,985	  x9:0x8001fbfe  x9=0x8001ffd7
       53869000	      2591	8000cc06	033951b3	divu	x3,x18,x19	 x18:0x00000000 x19:0x2d111400  x3=0x00000000
       53889000	      2592	8000cc0a	99fd	c.andi	x11,-1	 x11:0x00000168 x11=0x00000168
       53909000	      2593	8000cc0c	e22e0593	addi	x11,x28,-478	 x28:0x00000000 x11=0xfffffe22
       54169000	      2606	8000cc10	0044c303	lbu	x6,4(x9)	  x9:0x8001ffd7  x6=0x00000090 PA:0x8001ffdb load:0x00000090
       54189000	      2607	8000cc14	0ff0000f	fence	iorw,iorw	
       54249000	      2610	8000cc18	00d4dc83	lhu	x25,13(x9)	  x9:0x8001ffd7 x25=0x00009e9f PA:0x8001ffe4 load:0x00009e9f
       54489000	      2622	8000cc1c	00f4d003	lhu	x0,15(x9)	  x9:0x8001ffd7  x0=0x00000000 PA:0x8001ffe6 load:0x00009c9d
       54969000	      2646	8000cc20	ffb4a783	lw	x15,-5(x9)	  x9:0x8001ffd7 x15=0x8e8f8889 PA:0x8001ffd2 load:0x8e8f8889
       55069000	      2651	8000cc24	ffb49b03	lh	x22,-5(x9)	  x9:0x8001ffd7 x22=0xffff8889 PA:0x8001ffd2 load:0xffff8889
       55469000	      2671	8000cc28	00d4ca83	lbu	x21,13(x9)	  x9:0x8001ffd7 x21=0x0000009f PA:0x8001ffe4 load:0x0000009f
       55489000	      2672	8000cc2c	8c69	c.and	x8,x10	  x8:0x80030e4e x10:0x00000046  x8=0x00000046
       55709000	      2683	8000cc2e	ff44d203	lhu	x4,-12(x9)	  x9:0x8001ffd7  x4=0x00008780 PA:0x8001ffcb load:0x00008780
       55929000	      2694	8000cc32	0014ad83	lw	x27,1(x9)	  x9:0x8001ffd7 x27=0x90919293 PA:0x8001ffd8 load:0x90919293
       56669000	      2731	8000cc36	02e7cb33	div	x22,x15,x14	 x15:0x8e8f8889 x14:0x80034ce4 x22=0x00000000
       56689000	      2732	8000cc3a	09cd	c.addi	x19,19	 x19:0x2d111400 x19=0x2d111413
       56709000	      2733	8000cc3c	0ff0000f	fence	iorw,iorw	
       56909000	      2743	8000cc40	ffb4cd83	lbu	x27,-5(x9)	  x9:0x8001ffd7 x27=0x00000089 PA:0x8001ffd2 load:0x00000089
       57289000	      2762	8000cc44	ff84cb03	lbu	x22,-8(x9)	  x9:0x8001ffd7 x22=0x00000084 PA:0x8001ffcf load:0x00000084
       57489000	      2772	8000cc48	0004d083	lhu	x1,0(x9)	  x9:0x8001ffd7  x1=0x0000938c PA:0x8001ffd7 load:0x0000938c
       57749000	      2785	8000cc4c	00848883	lb	x17,8(x9)	  x9:0x8001ffd7 x17=0xffffff94 PA:0x8001ffdf load:0xffffff94
       57769000	      2786	8000cc50	51fd	c.li	x3,-1	  x3=0xffffffff
       57929000	      2794	8000cc52	00d49c83	lh	x25,13(x9)	  x9:0x8001ffd7 x25=0xffff9e9f PA:0x8001ffe4 load:0xffff9e9f
       57949000	      2795	8000cc56	1041f993	andi	x19,x3,260	  x3:0xffffffff x19=0x00000104
       57969000	      2796	8000cc5a	fff4d083	lhu	x1,-1(x9)	  x9:0x8001ffd7  x1=0x00008c8d PA:0x8001ffd6 load:0x00008c8d
       57989000	      2797	8000cc5e	0000100f	fence.i	
       58369000	      2816	8000cc62	01a4a3a3	sw	x26,7(x9)	  x9:0x8001ffd7 x26:0x00000000 PA:0x8001ffde store:0x00000000 load:0xffff8c8d
       58489000	      2822	8000cc66	00e4aa83	lw	x21,14(x9)	  x9:0x8001ffd7 x21=0xa39c9d9e PA:0x8001ffe5 load:0xa39c9d9e
       58509000	      2823	8000cc6a	01ccd193	srli	x3,x25,0x1c	 x25:0xffff9e9f  x3=0x0000000f
       58529000	      2824	8000cc6e	000bc1b3	xor	x3,x23,x0	 x23:0x2d111400  x0:0x00000000  x3=0x2d111400
       58709000	      2833	8000cc72	ff74d503	lhu	x10,-9(x9)	  x9:0x8001ffd7 x10=0x00008485 PA:0x8001ffce load:0x00008485
       58969000	      2846	8000cc76	ff94de03	lhu	x28,-7(x9)	  x9:0x8001ffd7 x28=0x00008a8b PA:0x8001ffd0 load:0x00008a8b
       58989000	      2847	8000cc7a	40d55033	sra	x0,x10,x13	 x10:0x00008485 x13:0x0000000d  x0=0x00000000
       59149000	      2855	8000cc7e	ffd48ba3	sb	x29,-9(x9)	  x9:0x8001ffd7 x29:0x00000000 PA:0x8001ffce store:0x00000000 load:0x000000ff
       59169000	      2856	8000cc82	0001ef17	auipc	x30,0x1e	 x30=0x8002ac82
       59189000	      2857	8000cc86	3edf0f13	addi	x30,x30,1005	 x30:0x8002ac82 x30=0x8002b06f
       59329000	      2864	8000cc8a	d6cf0723	sb	x12,-658(x30)	 x30:0x8002b06f x12:0x80030e40 PA:0x8002addd store:0x80030e40 load:0x000000ff
       59589000	      2877	8000cc8e	d6ef1983	lh	x19,-658(x30)	 x30:0x8002b06f x19=0xffff9540 PA:0x8002addd load:0xffff9540
       59649000	      2880	8000cc92	d6ef5983	lhu	x19,-658(x30)	 x30:0x8002b06f x19=0x00009540 PA:0x8002addd load:0x00009540
       59669000	      2881	8000cc96	0eb9	c.addi	x29,14	 x29:0x00000000 x29=0x0000000e
       59789000	      2887	8000cc98	d6ef1a03	lh	x20,-658(x30)	 x30:0x8002b06f x20=0xffff9540 PA:0x8002addd load:0xffff9540
       59869000	      2891	8000cc9c	d6ef0e83	lb	x29,-658(x30)	 x30:0x8002b06f x29=0x00000040 PA:0x8002addd load:0x00000040
       59909000	      2893	8000cca0	aa9f12a3	sh	x9,-1371(x30)	 x30:0x8002b06f  x9:0x8001ffd7 PA:0x8002ab14 store:0x8001ffd7 load:0x0000ffff
       60329000	      2914	8000cca4	aa5f4883	lbu	x17,-1371(x30)	 x30:0x8002b06f x17=0x000000d7 PA:0x8002ab14 load:0x000000d7
       60449000	      2920	8000cca8	aa5f5c03	lhu	x24,-1371(x30)	 x30:0x8002b06f x24=0x0000ffd7 PA:0x8002ab14 load:0x0000ffd7
       60469000	      2921	8000ccac	61f5	c.lui	x3,0x1d	  x3=0x0001d000
       60669000	      2931	8000ccae	4bcf2a03	lw	x20,1212(x30)	 x30:0x8002b06f x20=0xe5e6e7e0 PA:0x8002b52b load:0xe5e6e7e0
       61149000	      2955	8000ccb2	4bcf2e23	sw	x28,1212(x30)	 x30:0x8002b06f x28:0x00008a8b PA:0x8002b52b store:0x00008a8b load:0xffffffe0
       61609000	      2978	8000ccb6	325f2b03	lw	x22,805(x30)	 x30:0x8002b06f x22=0x4c4d4e4f PA:0x8002b394 load:0x4c4d4e4f
       61749000	      2985	8000ccba	325f5403	lhu	x8,805(x30)	 x30:0x8002b06f  x8=0x00004e4f PA:0x8002b394 load:0x00004e4f
       61769000	      2986	8000ccbe	0001f597	auipc	x11,0x1f	 x11=0x8002bcbe
       61789000	      2987	8000ccc2	04158593	addi	x11,x11,65	 x11:0x8002bcbe x11=0x8002bcff
       62269000	      3011	8000ccc6	07c59503	lh	x10,124(x11)	 x11:0x8002bcff x10=0x00003730 PA:0x8002bd7b load:0x00003730
       62289000	      3012	8000ccca	0000ec97	auipc	x25,0xe	 x25=0x8001acca
       62309000	      3013	8000ccce	601c8c93	addi	x25,x25,1537	 x25:0x8001acca x25=0x8001b2cb
       62429000	      3019	8000ccd2	04acc403	lbu	x8,74(x25)	 x25:0x8001b2cb  x8=0x000000ce PA:0x8001b315 load:0x000000ce
       62789000	      3037	8000ccd6	f2ec9e23	sh	x14,-196(x25)	 x25:0x8001b2cb x14:0x80034ce4 PA:0x8001b207 store:0x80034ce4 load:0x0000ff30
       62949000	      3045	8000ccda	099c9da3	sh	x25,155(x25)	 x25:0x8001b2cb x25:0x8001b2cb PA:0x8001b366 store:0x8001b2cb load:0x0000ffff
       63229000	      3059	8000ccde	fad5d903	lhu	x18,-83(x11)	 x11:0x8002bcff x18=0x00006667 PA:0x8002bcac load:0x00006667
       63289000	      3062	8000cce2	012ccb83	lbu	x23,18(x25)	 x25:0x8001b2cb x23=0x00000096 PA:0x8001b2dd load:0x00000096
       63529000	      3074	8000cce6	ff75a283	lw	x5,-9(x11)	 x11:0x8002bcff  x5=0xb2b3acad PA:0x8002bcf6 load:0xb2b3acad
       63629000	      3079	8000ccea	00bc9123	sh	x11,2(x25)	 x25:0x8001b2cb x11:0x8002bcff PA:0x8001b2cd store:0x8002bcff load:0x0000ffff
       63689000	      3082	8000ccee	04458683	lb	x13,68(x11)	 x11:0x8002bcff x13=0xfffffff8 PA:0x8002bd43 load:0xfffffff8
       64049000	      3100	8000ccf2	0d4cda83	lhu	x21,212(x25)	 x25:0x8001b2cb x21=0x00005b54 PA:0x8001b39f load:0x00005b54
       64109000	      3103	8000ccf6	f9559e83	lh	x29,-107(x11)	 x11:0x8002bcff x29=0x00004e4f PA:0x8002bc94 load:0x00004e4f
       64329000	      3114	8000ccfa	f575ae03	lw	x28,-169(x11)	 x11:0x8002bcff x28=0x12130c0d PA:0x8002bc56 load:0x12130c0d
       65049000	      3150	8000ccfe	fa15a823	sw	x1,-80(x11)	 x11:0x8002bcff  x1:0x00008c8d PA:0x8002bcaf store:0x00008c8d load:0xffffff0c
       65189000	      3157	8000cd02	032c8383	lb	x7,50(x25)	 x25:0x8001b2cb  x7=0xffffffb6 PA:0x8001b2fd load:0xffffffb6
       65589000	      3177	8000cd06	094c9c03	lh	x24,148(x25)	 x25:0x8001b2cb x24=0x00001b14 PA:0x8001b35f load:0x00001b14
       65609000	      3178	8000cd0a	0000f797	auipc	x15,0xf	 x15=0x8001bd0a
       65629000	      3179	8000cd0e	1c578793	addi	x15,x15,453	 x15:0x8001bd0a x15=0x8001becf
       65649000	      3180	8000cd12	0000100f	fence.i	
       66149000	      3205	8000cd16	0cf79e23	sh	x15,220(x15)	 x15:0x8001becf x15:0x8001becf PA:0x8001bfab store:0x8001becf load:0x0000ff14
       66209000	      3208	8000cd1a	f3778803	lb	x16,-201(x15)	 x15:0x8001becf x16=0x00000000 PA:0x8001be06 load:0x00000000
       66529000	      3224	8000cd1e	0e47d983	lhu	x19,228(x15)	 x15:0x8001becf x19=0x00006f68 PA:0x8001bfb3 load:0x00006f68
       66609000	      3228	8000cd22	011378b3	and	x17,x6,x17	  x6:0x00000090 x17:0x000000d7 x17=0x00000090
       66629000	      3229	8000cd26	6329	c.lui	x6,0xa	  x6=0x0000a000
       66669000	      3231	8000cd28	03a55db3	divu	x27,x10,x26	 x10:0x00003730 x26:0x00000000 x27=0xffffffff
       66709000	      3233	8000cd2c	01cf5993	srli	x19,x30,0x1c	 x30:0x8002b06f x19=0x00000008
       67289000	      3262	8000cd30	f167ad23	sw	x22,-230(x15)	 x15:0x8001becf x22:0x4c4d4e4f PA:0x8001bde9 store:0x4c4d4e4f load:0xff68696a
       67449000	      3270	8000cd34	01ba5d33	srl	x26,x20,x27	 x20:0xe5e6e7e0 x27:0xffffffff x26=0x00000001
       67929000	      3294	8000cd38	f3f7d683	lhu	x13,-193(x15)	 x15:0x8001becf x13=0x0000c4c5 PA:0x8001be0e load:0x0000c4c5
       67949000	      3295	8000cd3c	018772b3	and	x5,x14,x24	 x14:0x80034ce4 x24:0x00001b14  x5=0x00000804
       68009000	      3298	8000cd40	f4878c83	lb	x25,-184(x15)	 x15:0x8001becf x25=0xffffffcc PA:0x8001be17 load:0xffffffcc
       68049000	      3300	8000cd44	030774b3	remu	x9,x14,x16	 x14:0x80034ce4 x16:0x00000000  x9=0x80034ce4
       68309000	      3313	8000cd48	f677a403	lw	x8,-153(x15)	 x15:0x8001becf  x8=0xf2f3eced PA:0x8001be36 load:0xf2f3eced
       68329000	      3314	8000cd4c	9b9e	c.add	x23,x7	 x23:0x00000096  x7:0xffffffb6 x23=0x0000004c
       68349000	      3315	8000cd4e	01c85033	srl	x0,x16,x28	 x16:0x00000000 x28:0x12130c0d  x0=0x00000000
       68809000	      3338	8000cd52	f8979303	lh	x6,-119(x15)	 x15:0x8001becf  x6=0x00001213 PA:0x8001be58 load:0x00001213
       69069000	      3351	8000cd56	09e7a903	lw	x18,158(x15)	 x15:0x8001becf x18=0x2b242526 PA:0x8001bf6d load:0x2b242526
       69349000	      3365	8000cd5a	fef79a23	sh	x15,-12(x15)	 x15:0x8001becf x15:0x8001becf PA:0x8001bec3 store:0x8001becf load:0x0000ff24
       69369000	      3366	8000cd5e	41d1	c.li	x3,20	  x3=0x00000014
       70109000	      3403	8000cd60	03854cb3	div	x25,x10,x24	 x10:0x00003730 x24:0x00001b14 x25=0x00000002
       70169000	      3406	8000cd64	fa97d803	lhu	x16,-87(x15)	 x15:0x8001becf x16=0x00003233 PA:0x8001be78 load:0x00003233
       70189000	      3407	8000cd68	d0322893	slti	x17,x4,-765	  x4:0x00008780 x17=0x00000000
       70349000	      3415	8000cd6c	f1e7d883	lhu	x17,-226(x15)	 x15:0x8001becf x17=0x0000a5a6 PA:0x8001bded load:0x0000a5a6
       70969000	      3446	8000cd70	0927cb83	lbu	x23,146(x15)	 x15:0x8001becf x23=0x0000001a PA:0x8001bf61 load:0x0000001a
       71009000	      3448	8000cd74	3ffba193	slti	x3,x23,1023	 x23:0x0000001a  x3=0x00000001
       71029000	      3449	8000cd78	01e675b3	and	x11,x12,x30	 x12:0x80030e40 x30:0x8002b06f x11=0x80020040
       71189000	      3457	8000cd7c	0b47c303	lbu	x6,180(x15)	 x15:0x8001becf  x6=0x00000038 PA:0x8001bf83 load:0x00000038
       71489000	      3472	8000cd80	0f27aa23	sw	x18,244(x15)	 x15:0x8001becf x18:0x2b242526 PA:0x8001bfc3 store:0x2b242526 load:0xffffff24
       80849000	      3940	8000cd84	8c3a	c.mv	x24,x14	  x0:0x00000000 x14:0x80034ce4 x24=0x80034ce4
       80869000	      3941	8000cd86	5efd	c.li	x29,-1	 x29=0xffffffff
       80949000	      3945	8000cd88	fd979183	lh	x3,-39(x15)	 x15:0x8001becf  x3=0x00006263 PA:0x8001bea8 load:0x00006263
       80969000	      3946	8000cd8c	88cd	c.andi	x9,19	  x9:0x80034ce4  x9=0x00000000
       81029000	      3949	8000cd8e	f937de83	lhu	x29,-109(x15)	 x15:0x8001becf x29=0x00001819 PA:0x8001be62 load:0x00001819
       81049000	      3950	8000cd92	0ee79683	lh	x13,238(x15)	 x15:0x8001becf x13=0x00007576 PA:0x8001bfbd load:0x00007576
       81069000	      3951	8000cd96	0001ef17	auipc	x30,0x1e	 x30=0x8002ad96
       81189000	      3957	8000cd9a	165f0f13	addi	x30,x30,357	 x30:0x8002ad96 x30=0x8002aefb
       81309000	      3963	8000cd9e	fcbf1f83	lh	x31,-53(x30)	 x30:0x8002aefb x31=0x00007c7d PA:0x8002aec6 load:0x00007c7d
       82049000	      4000	8000cda2	02ba61b3	rem	x3,x20,x11	 x20:0xe5e6e7e0 x11:0x80020040  x3=0xe5e6e7e0
       82069000	      4001	8000cda6	0c86	c.slli	x25,0x1	 x25:0x00000002 x25=0x00000004
       82089000	      4002	8000cda8	0054e6b3	or	x13,x9,x5	  x9:0x00000000  x5:0x00000804 x13=0x00000804
       82549000	      4025	8000cdac	fe0f1e23	sh	x0,-4(x30)	 x30:0x8002aefb  x0:0x00000000 PA:0x8002aef7 store:0x00000000 load:0x0000ff24
       82569000	      4026	8000cdb0	4018df93	srai	x31,x17,0x1	 x17:0x0000a5a6 x31=0x000052d3
       82809000	      4038	8000cdb4	0bcf0b03	lb	x22,188(x30)	 x30:0x8002aefb x22=0x0000006c PA:0x8002afb7 load:0x0000006c
       82829000	      4039	8000cdb8	01f35893	srli	x17,x6,0x1f	  x6:0x00000038 x17=0x00000000
       82889000	      4042	8000cdbc	f5af1383	lh	x7,-166(x30)	 x30:0x8002aefb  x7=0x00000d0e PA:0x8002ae55 load:0x00000d0e
       82909000	      4043	8000cdc0	066f5903	lhu	x18,102(x30)	 x30:0x8002aefb x18=0x0000191a PA:0x8002af61 load:0x0000191a
       82929000	      4044	8000cdc4	008f0223	sb	x8,4(x30)	 x30:0x8002aefb  x8:0xf2f3eced PA:0x8002aeff store:0xf2f3eced load:0x000000ff
       82949000	      4045	8000cdc8	8139	c.srli	x10,0xe	 x10:0x00003730 x10=0x00000000
       83169000	      4056	8000cdca	094f2023	sw	x20,128(x30)	 x30:0x8002aefb x20:0xe5e6e7e0 PA:0x8002af7b store:0xe5e6e7e0 load:0xffffff24
       83189000	      4057	8000cdce	0ff0000f	fence	iorw,iorw	
       83269000	      4061	8000cdd2	00ee5293	srli	x5,x28,0xe	 x28:0x12130c0d  x5=0x0000484c
       83469000	      4071	8000cdd6	0e2f4e83	lbu	x29,226(x30)	 x30:0x8002aefb x29=0x00000096 PA:0x8002afdd load:0x00000096
       83489000	      4072	8000cdda	fa7f4b83	lbu	x23,-89(x30)	 x30:0x8002aefb x23=0x00000059 PA:0x8002aea2 load:0x00000059
       83869000	      4091	8000cdde	928d0b93	addi	x23,x26,-1752	 x26:0x00000001 x23=0xfffff929
       84069000	      4101	8000cde2	f18f2c03	lw	x24,-232(x30)	 x30:0x8002aefb x24=0xcdcecfc8 PA:0x8002ae13 load:0xcdcecfc8
       84189000	      4107	8000cde6	fb8f06a3	sb	x24,-83(x30)	 x30:0x8002aefb x24:0xcdcecfc8 PA:0x8002aea8 store:0xcdcecfc8 load:0x000000ff
       84249000	      4110	8000cdea	0a4f0b83	lb	x23,164(x30)	 x30:0x8002aefb x23=0x00000054 PA:0x8002af9f load:0x00000054
       84269000	      4111	8000cdee	ff3f0483	lb	x9,-13(x30)	 x30:0x8002aefb  x9=0xffffffa5 PA:0x8002aeee load:0xffffffa5
       84329000	      4114	8000cdf2	f3af21a3	sw	x26,-221(x30)	 x30:0x8002aefb x26:0x00000001 PA:0x8002ae1e store:0x00000001 load:0xffffc8c9
       84569000	      4126	8000cdf6	f6df2f23	sw	x13,-130(x30)	 x30:0x8002aefb x13:0x00000804 PA:0x8002ae79 store:0x00000804 load:0xffc8c9ca
       84589000	      4127	8000cdfa	017feeb3	or	x29,x31,x23	 x31:0x000052d3 x23:0x00000054 x29=0x000052d7
       84669000	      4131	8000cdfe	fbcf1e83	lh	x29,-68(x30)	 x30:0x8002aefb x29=0x0000736c PA:0x8002aeb7 load:0x0000736c
       84889000	      4142	8000ce02	fc2f2c03	lw	x24,-62(x30)	 x30:0x8002aefb x24=0x7b747576 PA:0x8002aebd load:0x7b747576
       84949000	      4145	8000ce06	04df1923	sh	x13,82(x30)	 x30:0x8002aefb x13:0x00000804 PA:0x8002af4d store:0x00000804 load:0x0000ffff
       84969000	      4146	8000ce0a	0e9f26a3	sw	x9,237(x30)	 x30:0x8002aefb  x9:0xffffffa5 PA:0x8002afe8 store:0xffffffa5 load:0xffffffff
       85469000	      4171	8000ce0e	f34f5903	lhu	x18,-204(x30)	 x30:0x8002aefb x18=0x0000ebe4 PA:0x8002ae2f load:0x0000ebe4
       86029000	      4199	8000ce12	021f2da3	sw	x1,59(x30)	 x30:0x8002aefb  x1:0x00008c8d PA:0x8002af36 store:0x00008c8d load:0xffffe4e5
       86229000	      4209	8000ce16	0caf1983	lh	x19,202(x30)	 x30:0x8002aefb x19=0x00007d7e PA:0x8002afc5 load:0x00007d7e
       86489000	      4222	8000ce1a	ff4f5c03	lhu	x24,-12(x30)	 x30:0x8002aefb x24=0x0000aba4 PA:0x8002aeef load:0x0000aba4
       86509000	      4223	8000ce1e	0001	c.addi	x0,0	  x0:0x00000000  x0=0x00000000
       86529000	      4224	8000ce20	00595013	srli	x0,x18,0x5	 x18:0x0000ebe4  x0=0x00000000
       86549000	      4225	8000ce24	0000100f	fence.i	
       87089000	      4252	8000ce28	0edf0ca3	sb	x13,249(x30)	 x30:0x8002aefb x13:0x00000804 PA:0x8002aff4 store:0x00000804 load:0x000000ff
       87109000	      4253	8000ce2c	8cb5	c.xor	x9,x13	  x9:0xffffffa5 x13:0x00000804  x9=0xfffff7a1
       87169000	      4256	8000ce2e	055f1203	lh	x4,85(x30)	 x30:0x8002aefb  x4=0x00000a0b PA:0x8002af50 load:0x00000a0b
       87189000	      4257	8000ce32	02c10e33	mul	x28,x2,x12	  x2:0xf5e39895 x12:0x80030e40 x28=0x34fd4b40
       87209000	      4258	8000ce36	4ae1	c.li	x21,24	 x21=0x00000018
       87409000	      4268	8000ce38	014f2b03	lw	x22,20(x30)	 x30:0x8002aefb x22=0xc9cacbc4 PA:0x8002af0f load:0xc9cacbc4
       87429000	      4269	8000ce3c	0000dab3	srl	x21,x1,x0	  x1:0x00008c8d  x0:0x00000000 x21=0x00008c8d
       87889000	      4292	8000ce40	fc2f0083	lb	x1,-62(x30)	 x30:0x8002aefb  x1=0x00000076 PA:0x8002aebd load:0x00000076
       87909000	      4293	8000ce44	0000ff97	auipc	x31,0xf	 x31=0x8001be44
       87929000	      4294	8000ce48	08ef8f93	addi	x31,x31,142	 x31:0x8001be44 x31=0x8001bed2
       88129000	      4304	8000ce4c	ff9fcb83	lbu	x23,-7(x31)	 x31:0x8001bed2 x23=0x00000080 PA:0x8001becb load:0x00000080
       88149000	      4305	8000ce50	41908cb3	sub	x25,x1,x25	  x1:0x00000076 x25:0x00000004 x25=0x00000072
       88229000	      4309	8000ce54	008f90a3	sh	x8,1(x31)	 x31:0x8001bed2  x8:0xf2f3eced PA:0x8001bed3 store:0xf2f3eced load:0x0000ffc4
       88249000	      4310	8000ce58	a52a3213	sltiu	x4,x20,-1454	 x20:0xe5e6e7e0  x4=0x00000001
       88449000	      4320	8000ce5c	03e1b0b3	mulhu	x1,x3,x30	  x3:0xe5e6e7e0 x30:0x8002aefb  x1=0x72f5dce2
       88469000	      4321	8000ce60	01f1c3b3	xor	x7,x3,x31	  x3:0xe5e6e7e0 x31:0x8001bed2  x7=0x65e75932
       88489000	      4322	8000ce64	9f52	c.add	x30,x20	 x30:0x8002aefb x20:0xe5e6e7e0 x30=0x65e996db
       88549000	      4325	8000ce66	005f9223	sh	x5,4(x31)	 x31:0x8001bed2  x5:0x0000484c PA:0x8001bed6 store:0x0000484c load:0x0000ffff
       88569000	      4326	8000ce6a	0d9e	c.slli	x27,0x7	 x27:0xffffffff x27=0xffffff80
       88589000	      4327	8000ce6c	fdab9e17	auipc	x28,0xfdab9	 x28=0x7dac5e6c
       88609000	      4328	8000ce70	0103fab3	and	x21,x7,x16	  x7:0x65e75932 x16:0x00003233 x21=0x00001032
       88629000	      4329	8000ce74	090cc493	xori	x9,x25,144	 x25:0x00000072  x9=0x000000e2
       88649000	      4330	8000ce78	0001	c.addi	x0,0	  x0:0x00000000  x0=0x00000000
       88889000	      4342	8000ce7a	004f82a3	sb	x4,5(x31)	 x31:0x8001bed2  x4:0x00000001 PA:0x8001bed7 store:0x00000001 load:0x000000ff
       88909000	      4343	8000ce7e	94f6	c.add	x9,x29	  x9:0x000000e2 x29:0x0000736c  x9=0x0000744e
       89209000	      4358	8000ce80	004a7433	and	x8,x20,x4	 x20:0xe5e6e7e0  x4:0x00000001  x8=0x00000000
       89369000	      4366	8000ce84	8eda	c.mv	x29,x22	  x0:0x00000000 x22:0xc9cacbc4 x29=0xc9cacbc4
       89389000	      4367	8000ce86	81c9	c.srli	x11,0x12	 x11:0x80020040 x11=0x00002000
       89769000	      4386	8000ce88	339dae13	slti	x28,x27,825	 x27:0xffffff80 x28=0x00000001
       89869000	      4391	8000ce8c	01dfa3a3	sw	x29,7(x31)	 x31:0x8001bed2 x29:0xc9cacbc4 PA:0x8001bed9 store:0xc9cacbc4 load:0xffc4c5c6
       89889000	      4392	8000ce90	00785893	srli	x17,x16,0x7	 x16:0x00003233 x17=0x00000064
       90629000	      4429	8000ce94	03f0e3b3	rem	x7,x1,x31	  x1:0x72f5dce2 x31:0x8001bed2  x7=0x72f5dce2
       90649000	      4430	8000ce98	013a3833	sltu	x16,x20,x19	 x20:0xe5e6e7e0 x19:0x00007d7e x16=0x00000000
       90669000	      4431	8000ce9c	0a56	c.slli	x20,0x15	 x20:0xe5e6e7e0 x20=0xfc000000
       90689000	      4432	8000ce9e	8de9	c.and	x11,x10	 x11:0x00002000 x10:0x00000000 x11=0x00000000
       90769000	      4436	8000cea0	ffdfa503	lw	x10,-3(x31)	 x31:0x8001bed2 x10=0x898a8b84 PA:0x8001becf load:0x898a8b84
       90829000	      4439	8000cea4	ff5fca83	lbu	x21,-11(x31)	 x31:0x8001bed2 x21=0x0000007c PA:0x8001bec7 load:0x0000007c
       90849000	      4440	8000cea8	01ba20b3	slt	x1,x20,x27	 x20:0xfc000000 x27:0xffffff80  x1=0x00000001
       90869000	      4441	8000ceac	2736a813	slti	x16,x13,627	 x13:0x00000804 x16=0x00000000
       90929000	      4444	8000ceb0	00ff97a3	sh	x15,15(x31)	 x31:0x8001bed2 x15:0x8001becf PA:0x8001bee1 store:0x8001becf load:0x0000ffff
       90969000	      4446	8000ceb4	00af9003	lh	x0,10(x31)	 x31:0x8001bed2  x0=0x00000000 PA:0x8001bedc load:0xffff96c9
       91269000	      4461	8000ceb8	9379c993	xori	x19,x19,-1737	 x19:0x00007d7e x19=0xffff8449
       91409000	      4468	8000cebc	405f8433	sub	x8,x31,x5	 x31:0x8001bed2  x5:0x0000484c  x8=0x80017686
       92349000	      4515	8000cec0	0250c6b3	div	x13,x1,x5	  x1:0x00000001  x5:0x0000484c x13=0x00000000
       92369000	      4516	8000cec4	61c1	c.lui	x3,0x10	  x3=0x00010000
       92449000	      4520	8000cec6	ff8f8823	sb	x24,-16(x31)	 x31:0x8001bed2 x24:0x0000aba4 PA:0x8001bec2 store:0x0000aba4 load:0x000000ff
       92469000	      4521	8000ceca	0000fa17	auipc	x20,0xf	 x20=0x8001beca
       92489000	      4522	8000cece	deba0a13	addi	x20,x20,-533	 x20:0x8001beca x20=0x8001bcb5
       92949000	      4545	8000ced2	006a0983	lb	x19,6(x20)	 x20:0x8001bcb5 x19=0x00000070 PA:0x8001bcbb load:0x00000070
       93109000	      4553	8000ced6	006a2083	lw	x1,6(x20)	 x20:0x8001bcb5  x1=0x75767770 PA:0x8001bcbb load:0x75767770
       93269000	      4561	8000ceda	00ca27a3	sw	x12,15(x20)	 x20:0x8001bcb5 x12:0x80030e40 PA:0x8001bcc4 store:0x80030e40 load:0xffffffff
       93369000	      4566	8000cede	012a24a3	sw	x18,9(x20)	 x20:0x8001bcb5 x18:0x0000ebe4 PA:0x8001bcbe store:0x0000ebe4 load:0xffff7071
       93449000	      4570	8000cee2	009a1a83	lh	x21,9(x20)	 x20:0x8001bcb5 x21=0xffffebe4 PA:0x8001bcbe load:0xffffebe4
       93529000	      4574	8000cee6	007a27a3	sw	x7,15(x20)	 x20:0x8001bcb5  x7:0x72f5dce2 PA:0x8001bcc4 store:0x72f5dce2 load:0xffffffff
       93789000	      4587	8000ceea	00fa0a83	lb	x21,15(x20)	 x20:0x8001bcb5 x21=0xffffffe2 PA:0x8001bcc4 load:0xffffffe2
       94209000	      4608	8000ceee	fe9a19a3	sh	x9,-13(x20)	 x20:0x8001bcb5  x9:0x0000744e PA:0x8001bca8 store:0x0000744e load:0x0000ffff
       94469000	      4621	8000cef2	ffea5e03	lhu	x28,-2(x20)	 x20:0x8001bcb5 x28=0x00006f68 PA:0x8001bcb3 load:0x00006f68
       94489000	      4622	8000cef6	8ced	c.and	x9,x11	  x9:0x0000744e x11:0x00000000  x9=0x00000000
       94549000	      4625	8000cef8	01ba23a3	sw	x27,7(x20)	 x20:0x8001bcb5 x27:0xffffff80 PA:0x8001bcbc store:0xffffff80 load:0xffffffff
       94669000	      4631	8000cefc	003a2183	lw	x3,3(x20)	 x20:0x8001bcb5  x3=0x70717273 PA:0x8001bcb8 load:0x70717273
       94729000	      4634	8000cf00	010a5c83	lhu	x25,16(x20)	 x20:0x8001bcb5 x25=0x0000f5dc PA:0x8001bcc5 load:0x0000f5dc
       95149000	      4655	8000cf04	00fa4a83	lbu	x21,15(x20)	 x20:0x8001bcb5 x21=0x000000e2 PA:0x8001bcc4 load:0x000000e2
       95349000	      4665	8000cf08	01ea0723	sb	x30,14(x20)	 x20:0x8001bcb5 x30:0x65e996db PA:0x8001bcc3 store:0x65e996db load:0x000000ff
       95529000	      4674	8000cf0c	ffda28a3	sw	x29,-15(x20)	 x20:0x8001bcb5 x29:0xc9cacbc4 PA:0x8001bca6 store:0xc9cacbc4 load:0xffff6869
       95549000	      4675	8000cf10	fa2ec193	xori	x3,x29,-94	 x29:0xc9cacbc4  x3=0x36353466
       95569000	      4676	8000cf14	00e224b3	slt	x9,x4,x14	  x4:0x00000001 x14:0x80034ce4  x9=0x00000000
       96309000	      4713	8000cf18	036fc0b3	div	x1,x31,x22	 x31:0x8001bed2 x22:0xc9cacbc4  x1=0x00000002
       96569000	      4726	8000cf1c	ff1a0803	lb	x16,-15(x20)	 x20:0x8001bcb5 x16=0xffffffc4 PA:0x8001bca6 load:0xffffffc4
       96629000	      4729	8000cf20	ff1a4b03	lbu	x22,-15(x20)	 x20:0x8001bcb5 x22=0x000000c4 PA:0x8001bca6 load:0x000000c4
       96649000	      4730	8000cf24	00012f97	auipc	x31,0x12	 x31=0x8001ef24
       96669000	      4731	8000cf28	a94f8f93	addi	x31,x31,-1388	 x31:0x8001ef24 x31=0x8001e9b8
       96689000	      4732	8000cf2c	0000e697	auipc	x13,0xe	 x13=0x8001af2c
       96709000	      4733	8000cf30	4b468693	addi	x13,x13,1204	 x13:0x8001af2c x13=0x8001b3e0
       97389000	      4767	8000cf34	034fa9a3	sw	x20,51(x31)	 x31:0x8001e9b8 x20:0x8001bcb5 PA:0x8001e9eb store:0x8001bcb5 load:0xffffff68
       97449000	      4770	8000cf38	eea68623	sb	x10,-276(x13)	 x13:0x8001b3e0 x10:0x898a8b84 PA:0x8001b2cc store:0x898a8b84 load:0x000000ff
       97709000	      4783	8000cf3c	56b68003	lb	x0,1387(x13)	 x13:0x8001b3e0  x0=0x00000000 PA:0x8001b94b load:0x00000000
       98009000	      4798	8000cf40	006f81a3	sb	x6,3(x31)	 x31:0x8001e9b8  x6:0x00000038 PA:0x8001e9bb store:0x00000038 load:0x000000ff
       98069000	      4801	8000cf44	e1d69c83	lh	x25,-483(x13)	 x13:0x8001b3e0 x25=0xffffb5b6 PA:0x8001b1fd load:0xffffb5b6
       98089000	      4802	8000cf48	004f9c83	lh	x25,4(x31)	 x31:0x8001e9b8 x25=0x00007677 PA:0x8001e9bc load:0x00007677
       98509000	      4823	8000cf4c	fe3f8803	lb	x16,-29(x31)	 x31:0x8001e9b8 x16=0x00000050 PA:0x8001e99b load:0x00000050
       98849000	      4840	8000cf50	ce069383	lh	x7,-800(x13)	 x13:0x8001b3e0  x7=0x00007a7b PA:0x8001b0c0 load:0x00007a7b
       98969000	      4846	8000cf54	ffefa403	lw	x8,-2(x31)	 x31:0x8001e9b8  x8=0x72736c6d PA:0x8001e9b6 load:0x72736c6d
       99029000	      4849	8000cf58	73f68623	sb	x31,1836(x13)	 x13:0x8001b3e0 x31:0x8001e9b8 PA:0x8001bb0c store:0x8001e9b8 load:0x000000ff
       99309000	      4863	8000cf5c	027fad03	lw	x26,39(x31)	 x31:0x8001e9b8 x26=0x999a9b94 PA:0x8001e9df load:0x999a9b94
       99329000	      4864	8000cf60	e7269e03	lh	x28,-398(x13)	 x13:0x8001b3e0 x28=0x00000809 PA:0x8001b252 load:0x00000809
       99349000	      4865	8000cf64	00015197	auipc	x3,0x15	  x3=0x80021f64
       99369000	      4866	8000cf68	f2d18193	addi	x3,x3,-211	  x3:0x80021f64  x3=0x80021e91
       99589000	      4877	8000cf6c	fed1a823	sw	x13,-16(x3)	  x3:0x80021e91 x13:0x8001b3e0 PA:0x80021e81 store:0x8001b3e0 load:0xff949596
      100229000	      4909	8000cf70	fd31ae23	sw	x19,-36(x3)	  x3:0x80021e91 x19:0x00000070 PA:0x80021e6d store:0x00000070 load:0xff949596
      100289000	      4912	8000cf74	fc01dd83	lhu	x27,-64(x3)	  x3:0x80021e91 x27=0x0000090a PA:0x80021e51 load:0x0000090a
      100309000	      4913	8000cf78	9c5a	c.add	x24,x22	 x24:0x0000aba4 x22:0x000000c4 x24=0x0000ac68
      100329000	      4914	8000cf7a	4f75	c.li	x30,29	 x30=0x0000001d
      100389000	      4917	8000cf7c	fc019083	lh	x1,-64(x3)	  x3:0x80021e91  x1=0x0000090a PA:0x80021e51 load:0x0000090a
      100629000	      4929	8000cf80	003182a3	sb	x3,5(x3)	  x3:0x80021e91  x3:0x80021e91 PA:0x80021e96 store:0x80021e91 load:0x000000ff
      100709000	      4933	8000cf84	ff81a723	sw	x24,-18(x3)	  x3:0x80021e91 x24:0x0000ac68 PA:0x80021e7f store:0x0000ac68 load:0xffffff94
      100949000	      4945	8000cf88	ffa1ad03	lw	x26,-6(x3)	  x3:0x80021e91 x26=0x45464740 PA:0x80021e8b load:0x45464740
      101009000	      4948	8000cf8c	ff519e83	lh	x29,-11(x3)	  x3:0x80021e91 x29=0x00003c3d PA:0x80021e86 load:0x00003c3d
      101089000	      4952	8000cf90	fe518aa3	sb	x5,-11(x3)	  x3:0x80021e91  x5:0x0000484c PA:0x80021e86 store:0x0000484c load:0x000000ff
      101589000	      4977	8000cf94	01f1cb83	lbu	x23,31(x3)	  x3:0x80021e91 x23=0x0000006b PA:0x80021eb0 load:0x0000006b
      101749000	      4985	8000cf98	0001afa3	sw	x0,31(x3)	  x3:0x80021e91  x0:0x00000000 PA:0x80021eb0 store:0x00000000 load:0xffffffff
      102169000	      5006	8000cf9c	02919223	sh	x9,36(x3)	  x3:0x80021e91  x9:0x00000000 PA:0x80021eb5 store:0x00000000 load:0x0000ffff
      102189000	      5007	8000cfa0	8d49	c.or	x10,x10	 x10:0x898a8b84 x10:0x898a8b84 x10=0x898a8b84
      102389000	      5017	8000cfa2	03e1a223	sw	x30,36(x3)	  x3:0x80021e91 x30:0x0000001d PA:0x80021eb5 store:0x0000001d load:0xff404142
      102649000	      5030	8000cfa6	0241c383	lbu	x7,36(x3)	  x3:0x80021e91  x7=0x0000001d PA:0x80021eb5 load:0x0000001d
      102669000	      5031	8000cfaa	00db0433	add	x8,x22,x13	 x22:0x000000c4 x13:0x8001b3e0  x8=0x8001b4a4
      103409000	      5068	8000cfae	03967bb3	remu	x23,x12,x25	 x12:0x80030e40 x25:0x00007677 x23=0x00004169
      103469000	      5071	8000cfb2	ff718c03	lb	x24,-9(x3)	  x3:0x80021e91 x24=0x00000043 PA:0x80021e88 load:0x00000043
      103509000	      5073	8000cfb6	00a1a903	lw	x18,10(x3)	  x3:0x80021e91 x18=0x55565750 PA:0x80021e9b load:0x55565750
      103609000	      5078	8000cfba	ff418403	lb	x8,-12(x3)	  x3:0x80021e91  x8=0x0000003e PA:0x80021e85 load:0x0000003e
      103669000	      5081	8000cfbe	ff41de83	lhu	x29,-12(x3)	  x3:0x80021e91 x29=0x00004c3e PA:0x80021e85 load:0x00004c3e
      103689000	      5082	8000cfc2	00010917	auipc	x18,0x10	 x18=0x8001cfc2
      103709000	      5083	8000cfc6	8c290913	addi	x18,x18,-1854	 x18:0x8001cfc2 x18=0x8001c884
      103769000	      5086	8000cfca	0000fd17	auipc	x26,0xf	 x26=0x8001bfca
      103789000	      5087	8000cfce	dd5d0d13	addi	x26,x26,-555	 x26:0x8001bfca x26=0x8001bd9f
      104109000	      5103	8000cfd2	73190323	sb	x17,1830(x18)	 x18:0x8001c884 x17:0x00000064 PA:0x8001cfaa store:0x00000064 load:0x000000ff
      104349000	      5115	8000cfd6	21094583	lbu	x11,528(x18)	 x18:0x8001c884 x11=0x0000004f PA:0x8001ca94 load:0x0000004f
      104889000	      5142	8000cfda	4fa90483	lb	x9,1274(x18)	 x18:0x8001c884  x9=0x00000035 PA:0x8001cd7e load:0x00000035
      104949000	      5145	8000cfde	ae6d4383	lbu	x7,-1306(x26)	 x26:0x8001bd9f  x7=0x0000003e PA:0x8001b885 load:0x0000003e
      104969000	      5146	8000cfe2	c9895083	lhu	x1,-872(x18)	 x18:0x8001c884  x1=0x0000d6d7 PA:0x8001c51c load:0x0000d6d7
      105009000	      5148	8000cfe6	c5a92723	sw	x26,-946(x18)	 x18:0x8001c884 x26:0x8001bd9f PA:0x8001c4d2 store:0x8001bd9f load:0xffff5051
      105429000	      5169	8000cfea	12494f83	lbu	x31,292(x18)	 x18:0x8001c884 x31=0x00000063 PA:0x8001c9a8 load:0x00000063
      105569000	      5176	8000cfee	ad5d0d23	sb	x21,-1318(x26)	 x26:0x8001bd9f x21:0x000000e2 PA:0x8001b879 store:0x000000e2 load:0x000000ff
      105709000	      5183	8000cff2	eb6d2d83	lw	x27,-330(x26)	 x26:0x8001bd9f x27=0x130c0d0e PA:0x8001bc55 load:0x130c0d0e
      106089000	      5202	8000cff6	7fb90a03	lb	x20,2043(x18)	 x18:0x8001c884 x20=0x00000034 PA:0x8001d07f load:0x00000034
      106149000	      5205	8000cffa	ce7d0c03	lb	x24,-793(x26)	 x26:0x8001bd9f x24=0x0000003d PA:0x8001ba86 load:0x0000003d
      106349000	      5215	8000cffe	43a91803	lh	x16,1082(x18)	 x18:0x8001c884 x16=0x00007475 PA:0x8001ccbe load:0x00007475
      106489000	      5222	8000d002	3f690b83	lb	x23,1014(x18)	 x18:0x8001c884 x23=0x00000031 PA:0x8001cc7a load:0x00000031
      107349000	      5265	8000d006	188d2723	sw	x8,398(x26)	 x26:0x8001bd9f  x8:0x0000003e PA:0x8001bf2d store:0x0000003e load:0xff0c0d0e
      107409000	      5268	8000d00a	edf90c83	lb	x25,-289(x18)	 x18:0x8001c884 x25=0x00000018 PA:0x8001c763 load:0x00000018
      107769000	      5286	8000d00e	258d00a3	sb	x24,577(x26)	 x26:0x8001bd9f x24:0x0000003d PA:0x8001bfe0 store:0x0000003d load:0x000000ff
      107789000	      5287	8000d012	0000e197	auipc	x3,0xe	  x3=0x8001b012
      108649000	      5330	8000d016	21518193	addi	x3,x3,533	  x3:0x8001b012  x3=0x8001b227
      108669000	      5331	8000d01a	0001c697	auipc	x13,0x1c	 x13=0x8002901a
      108689000	      5332	8000d01e	faa68693	addi	x13,x13,-86	 x13:0x8002901a x13=0x80028fc4
      108749000	      5335	8000d022	6c46ac03	lw	x24,1732(x13)	 x13:0x80028fc4 x24=0x40414243 PA:0x80029688 load:0x40414243
      108769000	      5336	8000d026	e7569823	sh	x21,-400(x13)	 x13:0x80028fc4 x21:0x000000e2 PA:0x80028e34 store:0x000000e2 load:0x0000ffff
      108789000	      5337	8000d02a	0061de83	lhu	x29,6(x3)	  x3:0x8001b227 x29=0x0000e5e6 PA:0x8001b22d load:0x0000e5e6
      108889000	      5342	8000d02e	ffa18883	lb	x17,-6(x3)	  x3:0x8001b227 x17=0xffffffda PA:0x8001b221 load:0xffffffda
      108949000	      5345	8000d032	ba968283	lb	x5,-1111(x13)	 x13:0x80028fc4  x5=0x00000026 PA:0x80028b6d load:0x00000026
      109049000	      5350	8000d036	01018403	lb	x8,16(x3)	  x3:0x8001b227  x8=0xffffffec PA:0x8001b237 load:0xffffffec
      109549000	      5375	8000d03a	0041d583	lhu	x11,4(x3)	  x3:0x8001b227 x11=0x0000e7e0 PA:0x8001b22b load:0x0000e7e0
      110049000	      5400	8000d03e	7926a8a3	sw	x18,1937(x13)	 x13:0x80028fc4 x18:0x8001c884 PA:0x80029755 store:0x8001c884 load:0xffe0e1e2
      110889000	      5442	8000d042	512699a3	sh	x18,1299(x13)	 x13:0x80028fc4 x18:0x8001c884 PA:0x800294d7 store:0x8001c884 load:0x0000ffe0
      110949000	      5445	8000d046	96268b83	lb	x23,-1694(x13)	 x13:0x80028fc4 x23=0xffffffdd PA:0x80028926 load:0xffffffdd
      110989000	      5447	8000d04a	ff41d303	lhu	x6,-12(x3)	  x3:0x8001b227  x6=0x0000d7d0 PA:0x8001b21b load:0x0000d7d0
      111229000	      5459	8000d04e	ff41aa23	sw	x20,-12(x3)	  x3:0x8001b227 x20:0x00000034 PA:0x8001b21b store:0x00000034 load:0xffffffd0
      111449000	      5470	8000d052	d9169003	lh	x0,-623(x13)	 x13:0x80028fc4  x0=0x00000000 PA:0x80028d55 load:0x00000d0e
      111909000	      5493	8000d056	ffe19583	lh	x11,-2(x3)	  x3:0x8001b227 x11=0xffffddde PA:0x8001b225 load:0xffffddde
      112009000	      5498	8000d05a	ff61da83	lhu	x21,-10(x3)	  x3:0x8001b227 x21=0x00000000 PA:0x8001b21d load:0x00000000
      112029000	      5499	8000d05e	ff1188a3	sb	x17,-15(x3)	  x3:0x8001b227 x17:0xffffffda PA:0x8001b218 store:0xffffffda load:0x000000ff
      112049000	      5500	8000d062	00011a97	auipc	x21,0x11	 x21=0x8001e062
      112069000	      5501	8000d066	038a8a93	addi	x21,x21,56	 x21:0x8001e062 x21=0x8001e09a
      112089000	      5502	8000d06a	0000f417	auipc	x8,0xf	  x8=0x8001c06a
      112369000	      5516	8000d06e	ad140413	addi	x8,x8,-1327	  x8:0x8001c06a  x8=0x8001bb3b
      112789000	      5537	8000d072	fe7a8b23	sb	x7,-10(x21)	 x21:0x8001e09a  x7:0x0000003e PA:0x8001e090 store:0x0000003e load:0x000000ff
      112989000	      5547	8000d076	ffda9fa3	sh	x29,-1(x21)	 x21:0x8001e09a x29:0x0000e5e6 PA:0x8001e099 store:0x0000e5e6 load:0x0000ffff
      113129000	      5554	8000d07a	001aa323	sw	x1,6(x21)	 x21:0x8001e09a  x1:0x0000d6d7 PA:0x8001e0a0 store:0x0000d6d7 load:0xffffffff
      113609000	      5578	8000d07e	4448	c.lw	x10,12(x8)	  x8:0x8001bb3b x10=0x010203fc PA:0x8001bb47 load:0x010203fc
      113669000	      5581	8000d080	fe9a9823	sh	x9,-16(x21)	 x21:0x8001e09a  x9:0x00000035 PA:0x8001e08a store:0x00000035 load:0x0000ffff
      113849000	      5590	8000d084	fe6aa823	sw	x6,-16(x21)	 x21:0x8001e09a  x6:0x0000d7d0 PA:0x8001e08a store:0x0000d7d0 load:0xfffffcfd
      114029000	      5599	8000d088	ff7aa283	lw	x5,-9(x21)	 x21:0x8001e09a  x5=0x4f48494a PA:0x8001e091 load:0x4f48494a
      114049000	      5600	8000d08c	002adf83	lhu	x31,2(x21)	 x21:0x8001e09a x31=0x00005657 PA:0x8001e09c load:0x00005657
      114189000	      5607	8000d090	fe641ba3	sh	x6,-9(x8)	  x8:0x8001bb3b  x6:0x0000d7d0 PA:0x8001bb32 store:0x0000d7d0 load:0x0000ffff
      114289000	      5612	8000d094	00a45b83	lhu	x23,10(x8)	  x8:0x8001bb3b x23=0x0000fdfe PA:0x8001bb45 load:0x0000fdfe
      114589000	      5627	8000d098	007a8903	lb	x18,7(x21)	 x21:0x8001e09a x18=0xffffffd6 PA:0x8001e0a1 load:0xffffffd6
      114969000	      5646	8000d09c	01041d83	lh	x27,16(x8)	  x8:0x8001bb3b x27=0x00000700 PA:0x8001bb4b load:0x00000700
      115049000	      5650	8000d0a0	ff3aa8a3	sw	x19,-15(x21)	 x21:0x8001e09a x19:0x00000070 PA:0x8001e08b store:0x00000070 load:0xffffff00
      115069000	      5651	8000d0a4	00a40583	lb	x11,10(x8)	  x8:0x8001bb3b x11=0xfffffffe PA:0x8001bb45 load:0xfffffffe
      115149000	      5655	8000d0a8	ff641883	lh	x17,-10(x8)	  x8:0x8001bb3b x17=0xffffd0ea PA:0x8001bb31 load:0xffffd0ea
      115169000	      5656	8000d0ac	ff3ad003	lhu	x0,-13(x21)	 x21:0x8001e09a  x0=0x00000000 PA:0x8001e08d load:0x00000000
      115189000	      5657	8000d0b0	0000f397	auipc	x7,0xf	  x7=0x8001c0b0
      115209000	      5658	8000d0b4	81738393	addi	x7,x7,-2025	  x7:0x8001c0b0  x7=0x8001b8c7
      115649000	      5680	8000d0b8	01e3a2a3	sw	x30,5(x7)	  x7:0x8001b8c7 x30:0x0000001d PA:0x8001b8cc store:0x0000001d load:0xffffffff
      116029000	      5699	8000d0bc	0053a003	lw	x0,5(x7)	  x7:0x8001b8c7  x0=0x00000000 PA:0x8001b8cc load:0x0000001d
      116089000	      5702	8000d0c0	000382a3	sb	x0,5(x7)	  x7:0x8001b8c7  x0:0x00000000 PA:0x8001b8cc store:0x00000000 load:0x000000ff
      116829000	      5739	8000d0c4	035a6233	rem	x4,x20,x21	 x20:0x00000034 x21:0x8001e09a  x4=0x00000034
      116849000	      5740	8000d0c8	8c71	c.and	x8,x12	  x8:0x8001bb3b x12:0x80030e40  x8=0x80010a00
      116909000	      5743	8000d0ca	0013a0a3	sw	x1,1(x7)	  x7:0x8001b8c7  x1:0x0000d6d7 PA:0x8001b8c8 store:0x0000d6d7 load:0xffffffff
      116929000	      5744	8000d0ce	00139083	lh	x1,1(x7)	  x7:0x8001b8c7  x1=0xffffd6d7 PA:0x8001b8c8 load:0xffffd6d7
      116949000	      5745	8000d0d2	0e8c4693	xori	x13,x24,232	 x24:0x40414243 x13=0x404142ab
      117169000	      5756	8000d0d6	fef3aaa3	sw	x15,-11(x7)	  x7:0x8001b8c7 x15:0x8001becf PA:0x8001b8bc store:0x8001becf load:0xffffffff
      117249000	      5760	8000d0da	ff53cd83	lbu	x27,-11(x7)	  x7:0x8001b8c7 x27=0x000000cf PA:0x8001b8bc load:0x000000cf
      117629000	      5779	8000d0de	ff138aa3	sb	x17,-11(x7)	  x7:0x8001b8c7 x17:0xffffd0ea PA:0x8001b8bc store:0xffffd0ea load:0x000000ff
      117649000	      5780	8000d0e2	40ed8433	sub	x8,x27,x14	 x27:0x000000cf x14:0x80034ce4  x8=0x7ffcb3eb
      117849000	      5790	8000d0e6	fe138aa3	sb	x1,-11(x7)	  x7:0x8001b8c7  x1:0xffffd6d7 PA:0x8001b8bc store:0xffffd6d7 load:0x000000ff
      118269000	      5811	8000d0ea	ff43dd03	lhu	x26,-12(x7)	  x7:0x8001b8c7 x26=0x0000d770 PA:0x8001b8bb load:0x0000d770
      118589000	      5827	8000d0ee	00139203	lh	x4,1(x7)	  x7:0x8001b8c7  x4=0xffffd6d7 PA:0x8001b8c8 load:0xffffd6d7
      118609000	      5828	8000d0f2	9458ae93	slti	x29,x17,-1723	 x17:0xffffd0ea x29=0x00000001
      119029000	      5849	8000d0f6	00139883	lh	x17,1(x7)	  x7:0x8001b8c7 x17=0xffffd6d7 PA:0x8001b8c8 load:0xffffd6d7
      119049000	      5850	8000d0fa	9a26	c.add	x20,x9	 x20:0x00000034  x9:0x00000035 x20=0x00000069
      119069000	      5851	8000d0fc	6f91	c.lui	x31,0x4	 x31=0x00004000
      119089000	      5852	8000d0fe	016cdbb3	srl	x23,x25,x22	 x25:0x00000018 x22:0x000000c4 x23=0x00000001
      119829000	      5889	8000d102	0367cb33	div	x22,x15,x22	 x15:0x8001becf x22:0x000000c4 x22=0xff58d343
      119849000	      5890	8000d106	0248ea63	bltu	x17,x4,8000d13a	 x17:0xffffd6d7  x4:0xffffd6d7
      119869000	      5891	8000d10a	0cbe	c.slli	x25,0xf	 x25:0x00000018 x25=0x000c0000
      119889000	      5892	8000d10c	8e85	c.sub	x13,x9	 x13:0x404142ab  x9:0x00000035 x13=0x40414276
      119909000	      5893	8000d10e	8ef5	c.and	x13,x13	 x13:0x40414276 x13:0x40414276 x13=0x40414276
      119929000	      5894	8000d110	d8454997	auipc	x19,0xd8454	 x19=0x58461110
      119969000	      5896	8000d114	0000100f	fence.i	
      120589000	      5927	8000d118	bf520193	addi	x3,x4,-1035	  x4:0xffffd6d7  x3=0xffffd2cc
      121009000	      5948	8000d11c	987d	c.andi	x8,-1	  x8:0x7ffcb3eb  x8=0x7ffcb3eb
      121049000	      5950	8000d11e	03d916b3	mulh	x13,x18,x29	 x18:0xffffffd6 x29:0x00000001 x13=0xffffffff
      121389000	      5967	8000d122	00bc4db3	xor	x27,x24,x11	 x24:0x40414243 x11:0xfffffffe x27=0xbfbebdbd
      121749000	      5985	8000d126	5d600693	addi	x13,x0,1494	  x0:0x00000000 x13=0x000005d6
      121769000	      5986	8000d12a	03619d63	bne	x3,x22,8000d164	  x3:0xffffd2cc x22:0xff58d343
      122089000	      6002	8000d164	01b751b3	srl	x3,x14,x27	 x14:0x80034ce4 x27:0xbfbebdbd  x3=0x00000004
      122109000	      6003	8000d168	8e77be93	sltiu	x29,x15,-1817	 x15:0x8001becf x29=0x00000001
      122129000	      6004	8000d16c	6a8d	c.lui	x21,0x3	 x21=0x00003000
      122149000	      6005	8000d16e	88c6	c.mv	x17,x17	  x0:0x00000000 x17:0xffffd6d7 x17=0xffffd6d7
      122889000	      6042	8000d170	031473b3	remu	x7,x8,x17	  x8:0x7ffcb3eb x17:0xffffd6d7  x7=0x7ffcb3eb
      122909000	      6043	8000d174	0001	c.addi	x0,0	  x0:0x00000000  x0=0x00000000
      122929000	      6044	8000d176	02e9	c.addi	x5,26	  x5:0x4f48494a  x5=0x4f484964
      122949000	      6045	8000d178	8dd1	c.or	x11,x12	 x11:0xfffffffe x12:0x80030e40 x11=0xfffffffe
      122969000	      6046	8000d17a	8fd9	c.or	x15,x14	 x15:0x8001becf x14:0x80034ce4 x15=0x8003feef
      122989000	      6047	8000d17c	87e9	c.srai	x15,0x1a	 x15:0x8003feef x15=0xffffffe0
      123009000	      6048	8000d17e	8e81	c.sub	x13,x8	 x13:0x000005d6  x8:0x7ffcb3eb x13=0x800351eb
      123749000	      6085	8000d180	03f063b3	rem	x7,x0,x31	  x0:0x00000000 x31:0x00004000  x7=0x00000000
      123769000	      6086	8000d184	030f4863	blt	x30,x16,8000d1b4	 x30:0x0000001d x16:0x00007475
      124029000	      6099	8000d1b4	ba5dba93	sltiu	x21,x27,-1115	 x27:0xbfbebdbd x21=0x00000001
      124049000	      6100	8000d1b8	8cb1	c.xor	x9,x12	  x9:0x00000035 x12:0x80030e40  x9=0x80030e75
      124069000	      6101	8000d1ba	01116033	or	x0,x2,x17	  x2:0xf5e39895 x17:0xffffd6d7  x0=0x00000000
      124089000	      6102	8000d1be	00fe4263	blt	x28,x15,8000d1c2	 x28:0x00000809 x15:0xffffffe0
      124109000	      6103	8000d1c2	9bfd	c.andi	x15,-1	 x15:0xffffffe0 x15=0xffffffe0
      124349000	      6115	8000d1c4	039d04b3	mul	x9,x26,x25	 x26:0x0000d770 x25:0x000c0000  x9=0x19400000
      124369000	      6116	8000d1c8	c0b4fc13	andi	x24,x9,-1013	  x9:0x19400000 x24=0x19400000
      124389000	      6117	8000d1cc	41fb5893	srai	x17,x22,0x1f	 x22:0xff58d343 x17=0xffffffff
      124689000	      6132	8000d1d0	0ff0000f	fence	iorw,iorw	
      124769000	      6136	8000d1d4	012feeb3	or	x29,x31,x18	 x31:0x00004000 x18:0xffffffd6 x29=0xffffffd6
      124789000	      6137	8000d1d8	014eaeb3	slt	x29,x29,x20	 x29:0xffffffd6 x20:0x00000069 x29=0x00000001
      125609000	      6178	8000d1dc	02b36233	rem	x4,x6,x11	  x6:0x0000d7d0 x11:0xfffffffe  x4=0x00000000
      125629000	      6179	8000d1e0	8ef5	c.and	x13,x13	 x13:0x800351eb x13:0x800351eb x13=0x800351eb
      125649000	      6180	8000d1e2	f6532f13	slti	x30,x6,-155	  x6:0x0000d7d0 x30=0x00000000
      125669000	      6181	8000d1e6	88dc8b13	addi	x22,x25,-1907	 x25:0x000c0000 x22=0x000bf88d
      125689000	      6182	8000d1ea	d2433c93	sltiu	x25,x6,-732	  x6:0x0000d7d0 x25=0x00000001
      125769000	      6186	8000d1ee	b8050c93	addi	x25,x10,-1152	 x10:0x010203fc x25=0x0101ff7c
      125929000	      6194	8000d1f2	41165eb3	sra	x29,x12,x17	 x12:0x80030e40 x17:0xffffffff x29=0xffffffff
      126089000	      6202	8000d1f6	038ecb63	blt	x29,x24,8000d22c	 x29:0xffffffff x24:0x19400000
      126589000	      6227	8000d22c	0001	c.addi	x0,0	  x0:0x00000000  x0=0x00000000
      127069000	      6251	8000d22e	036136b3	mulhu	x13,x2,x22	  x2:0xf5e39895 x22:0x000bf88d x13=0x000b7f83
      127109000	      6253	8000d232	03cbbfb3	mulhu	x31,x23,x28	 x23:0x00000001 x28:0x00000809 x31=0x00000000
      127849000	      6290	8000d236	030f48b3	div	x17,x30,x16	 x30:0x00000000 x16:0x00007475 x17=0x00000000
      127869000	      6291	8000d23a	00f13b33	sltu	x22,x2,x15	  x2:0xf5e39895 x15:0xffffffe0 x22=0x00000001
      128609000	      6328	8000d23e	034b41b3	div	x3,x22,x20	 x22:0x00000001 x20:0x00000069  x3=0x00000000
      128629000	      6329	8000d242	0001	c.addi	x0,0	  x0:0x00000000  x0=0x00000000
      128649000	      6330	8000d244	6ac40d13	addi	x26,x8,1708	  x8:0x7ffcb3eb x26=0x7ffcba97
      128669000	      6331	8000d248	8c41	c.or	x8,x8	  x8:0x7ffcb3eb  x8:0x7ffcb3eb  x8=0x7ffcb3eb
      128709000	      6333	8000d24a	0240e1b3	rem	x3,x1,x4	  x1:0xffffd6d7  x4:0x00000000  x3=0xffffd6d7
      128729000	      6334	8000d24e	01014fb3	xor	x31,x2,x16	  x2:0xf5e39895 x16:0x00007475 x31=0xf5e3ece0
      128749000	      6335	8000d252	8e5e	c.mv	x28,x23	  x0:0x00000000 x23:0x00000001 x28=0x00000001
      128769000	      6336	8000d254	0f1a	c.slli	x30,0x6	 x30:0x00000000 x30=0x00000000
      128929000	      6344	8000d256	0236a933	mulhsu	x18,x13,x3	 x13:0x000b7f83  x3:0xffffd6d7 x18=0x000b7f81
      128949000	      6345	8000d25a	8c75	c.and	x8,x13	  x8:0x7ffcb3eb x13:0x000b7f83  x8=0x00083383
      128969000	      6346	8000d25c	bb270a37	lui	x20,0xbb270	 x20=0xbb270000
      128989000	      6347	8000d260	841d	c.srai	x8,0x7	  x8:0x00083383  x8=0x00001067
      129009000	      6348	8000d262	40f305b3	sub	x11,x6,x15	  x6:0x0000d7d0 x15:0xffffffe0 x11=0x0000d7f0
      129029000	      6349	8000d266	00011217	auipc	x4,0x11	  x4=0x8001e266
      129109000	      6353	8000d26a	34320213	addi	x4,x4,835	  x4:0x8001e266  x4=0x8001e5a9
      129229000	      6359	8000d26e	019224a3	sw	x25,9(x4)	  x4:0x8001e5a9 x25:0x0101ff7c PA:0x8001e5b2 store:0x0101ff7c load:0xffff7071
      129529000	      6374	8000d272	011ec033	xor	x0,x29,x17	 x29:0xffffffff x17:0x00000000  x0=0x00000000
      130009000	      6398	8000d276	ffc20783	lb	x15,-4(x4)	  x4:0x8001e5a9 x15=0x0000005e PA:0x8001e5a5 load:0x0000005e
      130089000	      6402	8000d27a	fec21e23	sh	x12,-4(x4)	  x4:0x8001e5a9 x12:0x80030e40 PA:0x8001e5a5 store:0x80030e40 load:0x0000ffff
      130389000	      6417	8000d27e	ff222e23	sw	x18,-4(x4)	  x4:0x8001e5a9 x18:0x000b7f81 PA:0x8001e5a5 store:0x000b7f81 load:0xff707172
      130829000	      6439	8000d282	ffc22883	lw	x17,-4(x4)	  x4:0x8001e5a9 x17=0x000b7f81 PA:0x8001e5a5 load:0x000b7f81
      131129000	      6454	8000d286	00222803	lw	x16,2(x4)	  x4:0x8001e5a9 x16=0x65666760 PA:0x8001e5ab load:0x65666760
      131149000	      6455	8000d28a	00cebeb3	sltu	x29,x29,x12	 x29:0xffffffff x12:0x80030e40 x29=0x00000000
      131769000	      6486	8000d28e	00222003	lw	x0,2(x4)	  x4:0x8001e5a9  x0=0x00000000 PA:0x8001e5ab load:0x65666760
      131829000	      6489	8000d292	00224403	lbu	x8,2(x4)	  x4:0x8001e5a9  x8=0x00000060 PA:0x8001e5ab load:0x00000060
      132169000	      6506	8000d296	00f22123	sw	x15,2(x4)	  x4:0x8001e5a9 x15:0x0000005e PA:0x8001e5ab store:0x0000005e load:0xffffff60
      132229000	      6509	8000d29a	00224e83	lbu	x29,2(x4)	  x4:0x8001e5a9 x29=0x0000005e PA:0x8001e5ab load:0x0000005e
      132249000	      6510	8000d29e	00224e83	lbu	x29,2(x4)	  x4:0x8001e5a9 x29=0x0000005e PA:0x8001e5ab load:0x0000005e
      132269000	      6511	8000d2a2	ff920803	lb	x16,-7(x4)	  x4:0x8001e5a9 x16=0x00000059 PA:0x8001e5a2 load:0x00000059
      132289000	      6512	8000d2a6	8791	c.srai	x15,0x4	 x15:0x0000005e x15=0x00000005
      132309000	      6513	8000d2a8	0331e163	bltu	x3,x19,8000d2ca	  x3:0xffffd6d7 x19:0x58461110
      133049000	      6550	8000d2ac	03435d33	divu	x26,x6,x20	  x6:0x0000d7d0 x20:0xbb270000 x26=0x00000000
      133069000	      6551	8000d2b0	0001	c.addi	x0,0	  x0:0x00000000  x0=0x00000000
      133089000	      6552	8000d2b2	9cfe	c.add	x25,x31	 x25:0x0101ff7c x31:0xf5e3ece0 x25=0xf6e5ec5c
      133829000	      6589	8000d2b4	033761b3	rem	x3,x14,x19	 x14:0x80034ce4 x19:0x58461110  x3=0xd8495df4
      133849000	      6590	8000d2b8	527d	c.li	x4,-1	  x4=0xffffffff
      133869000	      6591	8000d2ba	01f24a63	blt	x4,x31,8000d2ce	  x4:0xffffffff x31:0xf5e3ece0
      133889000	      6592	8000d2be	0001	c.addi	x0,0	  x0:0x00000000  x0=0x00000000
      133909000	      6593	8000d2c0	89fe	c.mv	x19,x31	  x0:0x00000000 x31:0xf5e3ece0 x19=0xf5e3ece0
      133929000	      6594	8000d2c2	5d292997	auipc	x19,0x5d292	 x19=0xdd29f2c2
      133949000	      6595	8000d2c6	1efd	c.addi	x29,-1	 x29:0x0000005e x29=0x0000005d
      133969000	      6596	8000d2c8	0001	c.addi	x0,0	  x0:0x00000000  x0=0x00000000
      133989000	      6597	8000d2ca	00fdd393	srli	x7,x27,0xf	 x27:0xbfbebdbd  x7=0x00017f7d
      134349000	      6615	8000d2ce	007eca33	xor	x20,x29,x7	 x29:0x0000005d  x7:0x00017f7d x20=0x00017f20
      134509000	      6623	8000d2d2	40a10db3	sub	x27,x2,x10	  x2:0xf5e39895 x10:0x010203fc x27=0xf4e19499
      134529000	      6624	8000d2d6	007d5793	srli	x15,x26,0x7	 x26:0x00000000 x15=0x00000000
      134589000	      6627	8000d2da	40428933	sub	x18,x5,x4	  x5:0x4f484964  x4:0xffffffff x18=0x4f484965
      135469000	      6671	8000d2de	029befb3	rem	x31,x23,x9	 x23:0x00000001  x9:0x19400000 x31=0x00000001
      135489000	      6672	8000d2e2	00fe7b63	bgeu	x28,x15,8000d2f8	 x28:0x00000001 x15:0x00000000
      135569000	      6676	8000d2f8	414a5293	srai	x5,x20,0x14	 x20:0x00017f20  x5=0x00000000
      136709000	      6733	8000d2fc	0275e533	rem	x10,x11,x7	 x11:0x0000d7f0  x7:0x00017f7d x10=0x0000d7f0
      136729000	      6734	8000d300	8dd2	c.mv	x27,x20	  x0:0x00000000 x20:0x00017f20 x27=0x00017f20
      136749000	      6735	8000d302	e909	c.bnez	x10,8000d314	 x10:0x0000d7f0
      136789000	      6737	8000d314	02c94f63	blt	x18,x12,8000d352	 x18:0x4f484965 x12:0x80030e40
      136849000	      6740	8000d318	41995ab3	sra	x21,x18,x25	 x18:0x4f484965 x25:0xf6e5ec5c x21=0x00000004
      137029000	      6749	8000d31c	01efd9b3	srl	x19,x31,x30	 x31:0x00000001 x30:0x00000000 x19=0x00000001
      137049000	      6750	8000d320	4158d913	srai	x18,x17,0x15	 x17:0x000b7f81 x18=0x00000000
      137229000	      6759	8000d324	0338b333	mulhu	x6,x17,x19	 x17:0x000b7f81 x19:0x00000001  x6=0x00000000
      137349000	      6765	8000d328	9e7d2e97	auipc	x29,0x9e7d2	 x29=0x1e7df328
      137769000	      6786	8000d32c	41e78233	sub	x4,x15,x30	 x15:0x00000000 x30:0x00000000  x4=0x00000000
      138689000	      6832	8000d330	03d85033	divu	x0,x16,x29	 x16:0x00000059 x29:0x1e7df328  x0=0x00000000
      143149000	      7055	8000d334	03687763	bgeu	x16,x22,8000d362	 x16:0x00000059 x22:0x00000001
      143329000	      7064	8000d362	e7ce0a93	addi	x21,x28,-388	 x28:0x00000001 x21=0xfffffe7d
      143349000	      7065	8000d366	05d6	c.slli	x11,0x15	 x11:0x0000d7f0 x11=0xfe000000
      143389000	      7067	8000d368	0001	c.addi	x0,0	  x0:0x00000000  x0=0x00000000
      143529000	      7074	8000d36a	023bb9b3	mulhu	x19,x23,x3	 x23:0x00000001  x3:0xd8495df4 x19=0x00000000
      143909000	      7093	8000d36e	14a67897	auipc	x17,0x14a67	 x17=0x94a7436e
      144189000	      7107	8000d372	02dc04b3	mul	x9,x24,x13	 x24:0x19400000 x13:0x000b7f83  x9=0xabc00000
      144249000	      7110	8000d376	0218e663	bltu	x17,x1,8000d3a2	 x17:0x94a7436e  x1:0xffffd6d7
      144929000	      7144	8000d3a2	40de05b3	sub	x11,x28,x13	 x28:0x00000001 x13:0x000b7f83 x11=0xfff4807e
      145349000	      7165	8000d3a6	00b85cb3	srl	x25,x16,x11	 x16:0x00000059 x11:0xfff4807e x25=0x00000000
      145369000	      7166	8000d3aa	97aa	c.add	x15,x10	 x15:0x00000000 x10:0x0000d7f0 x15=0x0000d7f0
      145389000	      7167	8000d3ac	e019	c.bnez	x8,8000d3b2	  x8:0x00000060
      147469000	      7271	8000d3b2	03427db3	remu	x27,x4,x20	  x4:0x00000000 x20:0x00017f20 x27=0x00000000
      147489000	      7272	8000d3b6	98fd	c.andi	x9,-1	  x9:0xabc00000  x9=0xabc00000
      147509000	      7273	8000d3b8	03db8b63	beq	x23,x29,8000d3ee	 x23:0x00000001 x29:0x1e7df328
      148249000	      7310	8000d3bc	03086233	rem	x4,x16,x16	 x16:0x00000059 x16:0x00000059  x4=0x00000000
      148269000	      7311	8000d3c0	32a65d17	auipc	x26,0x32a65	 x26=0xb2a723c0
      148289000	      7312	8000d3c4	91d66b93	ori	x23,x12,-1763	 x12:0x80030e40 x23=0xffffff5d
      148309000	      7313	8000d3c8	00f56e63	bltu	x10,x15,8000d3e4	 x10:0x0000d7f0 x15:0x0000d7f0
      148329000	      7314	8000d3cc	008e9b93	slli	x23,x29,0x8	 x29:0x1e7df328 x23=0x7df32800
      149069000	      7351	8000d3d0	027ee1b3	rem	x3,x29,x7	 x29:0x1e7df328  x7:0x00017f7d  x3=0x00015d36
      149089000	      7352	8000d3d4	8d6d5217	auipc	x4,0x8d6d5	  x4=0x0d6e23d4
      149109000	      7353	8000d3d8	40a453b3	sra	x7,x8,x10	  x8:0x00000060 x10:0x0000d7f0  x7=0x00000000
      149129000	      7354	8000d3dc	8195	c.srli	x11,0x5	 x11:0xfff4807e x11=0x07ffa403
      149149000	      7355	8000d3de	4cffcb13	xori	x22,x31,1231	 x31:0x00000001 x22=0x000004ce
      149169000	      7356	8000d3e2	587d	c.li	x16,-1	 x16=0xffffffff
      149189000	      7357	8000d3e4	40408cb3	sub	x25,x1,x4	  x1:0xffffd6d7  x4:0x0d6e23d4 x25=0xf291b303
      149389000	      7367	8000d3e8	02178c63	beq	x15,x1,8000d420	 x15:0x0000d7f0  x1:0xffffd6d7
      149409000	      7368	8000d3ec	8ee5	c.and	x13,x9	 x13:0x000b7f83  x9:0xabc00000 x13=0x00000000
      149489000	      7372	8000d3ee	01fb3db3	sltu	x27,x22,x31	 x22:0x000004ce x31:0x00000001 x27=0x00000000
      149629000	      7379	8000d3f2	00eb5093	srli	x1,x22,0xe	 x22:0x000004ce  x1=0x00000000
      150509000	      7423	8000d3f6	0365d1b3	divu	x3,x11,x22	 x11:0x07ffa403 x22:0x000004ce  x3=0x0001aa2c
      150529000	      7424	8000d3fa	52daef13	ori	x30,x21,1325	 x21:0xfffffe7d x30=0xffffff7d
      150549000	      7425	8000d3fe	5cc4b393	sltiu	x7,x9,1484	  x9:0xabc00000  x7=0x00000000
      150569000	      7426	8000d402	8971	c.andi	x10,28	 x10:0x0000d7f0 x10=0x00000010
      150589000	      7427	8000d404	01a25a33	srl	x20,x4,x26	  x4:0x0d6e23d4 x26:0xb2a723c0 x20=0x0d6e23d4
      150609000	      7428	8000d408	0000100f	fence.i	
      150809000	      7438	8000d40c	740e7537	lui	x10,0x740e7	 x10=0x740e7000
      150829000	      7439	8000d410	f2c04237	lui	x4,0xf2c04	  x4=0xf2c04000
      150849000	      7440	8000d414	8299	c.srli	x13,0x6	 x13:0x00000000 x13=0x00000000
      150869000	      7441	8000d416	02870bb3	mul	x23,x14,x8	 x14:0x80034ce4  x8:0x00000060 x23=0x013cd580
      151609000	      7478	8000d41a	02ffc1b3	div	x3,x31,x15	 x31:0x00000001 x15:0x0000d7f0  x3=0x00000000
      151629000	      7479	8000d41e	84ad	c.srai	x9,0xb	  x9:0xabc00000  x9=0xfff57800
      151669000	      7481	8000d420	03337c33	remu	x24,x6,x19	  x6:0x00000000 x19:0x00000000 x24=0x00000000
      151689000	      7482	8000d424	f1280993	addi	x19,x16,-238	 x16:0xffffffff x19=0xffffff11
      151709000	      7483	8000d428	00477d33	and	x26,x14,x4	 x14:0x80034ce4  x4:0xf2c04000 x26=0x80004000
      151729000	      7484	8000d42c	009b9463	bne	x23,x9,8000d434	 x23:0x013cd580  x9:0xfff57800
      151909000	      7493	8000d434	009a47b3	xor	x15,x20,x9	 x20:0x0d6e23d4  x9:0xfff57800 x15=0xf29b5bd4
      151929000	      7494	8000d438	008fa0b3	slt	x1,x31,x8	 x31:0x00000001  x8:0x00000060  x1=0x00000001
      151949000	      7495	8000d43c	4461	c.li	x8,24	  x8=0x00000018
      151969000	      7496	8000d43e	007b1863	bne	x22,x7,8000d44e	 x22:0x000004ce  x7:0x00000000
      152349000	      7515	8000d44e	006b5d13	srli	x26,x22,0x6	 x22:0x000004ce x26=0x00000013
      152369000	      7516	8000d452	44a5	c.li	x9,9	  x9=0x00000009
      152389000	      7517	8000d454	8585	c.srai	x11,0x1	 x11:0x07ffa403 x11=0x03ffd201
      152409000	      7518	8000d456	89c0ca93	xori	x21,x1,-1892	  x1:0x00000001 x21=0xfffff89d
      152429000	      7519	8000d45a	8d6d	c.and	x10,x11	 x10:0x740e7000 x11:0x03ffd201 x10=0x000e5000
      152449000	      7520	8000d45c	0000100f	fence.i	
      152949000	      7545	8000d460	02578e33	mul	x28,x15,x5	 x15:0xf29b5bd4  x5:0x00000000 x28=0x00000000
      153069000	      7551	8000d464	01e9a2b3	slt	x5,x19,x30	 x19:0xffffff11 x30:0xffffff7d  x5=0x00000001
      153109000	      7553	8000d468	02889933	mulh	x18,x17,x8	 x17:0x94a7436e  x8:0x00000018 x18=0xfffffff5
      153269000	      7561	8000d46c	6b1d	c.lui	x22,0x7	 x22=0x00007000
      153289000	      7562	8000d46e	84fd	c.srai	x9,0x1f	  x9:0x00000009  x9=0x00000000
      153309000	      7563	8000d470	41728933	sub	x18,x5,x23	  x5:0x00000001 x23:0x013cd580 x18=0xfec32a81
      153329000	      7564	8000d474	0ff0000f	fence	iorw,iorw	
      153349000	      7565	8000d478	8c65	c.and	x8,x9	  x8:0x00000018  x9:0x00000000  x8=0x00000000
      153369000	      7566	8000d47a	0db9	c.addi	x27,14	 x27:0x00000000 x27=0x0000000e
      154109000	      7603	8000d47c	036347b3	div	x15,x6,x22	  x6:0x00000000 x22:0x00007000 x15=0x00000000
      154149000	      7605	8000d480	02b396b3	mulh	x13,x7,x11	  x7:0x00000000 x11:0x03ffd201 x13=0x00000000
      154169000	      7606	8000d484	02d29263	bne	x5,x13,8000d4a8	  x5:0x00000001 x13:0x00000000
      154269000	      7611	8000d4a8	039ebfb3	mulhu	x31,x29,x25	 x29:0x1e7df328 x25:0xf291b303 x31=0x1ce46a84
      154309000	      7613	8000d4ac	03c61eb3	mulh	x29,x12,x28	 x12:0x80030e40 x28:0x00000000 x29=0x00000000
      155049000	      7650	8000d4b0	02a5c933	div	x18,x11,x10	 x11:0x03ffd201 x10:0x000e5000 x18=0x00000047
      155069000	      7651	8000d4b4	0001	c.addi	x0,0	  x0:0x00000000  x0=0x00000000
      155089000	      7652	8000d4b6	01e81b13	slli	x22,x16,0x1e	 x16:0xffffffff x22=0xc0000000
      155109000	      7653	8000d4ba	56fd	c.li	x13,-1	 x13=0xffffffff
      155849000	      7690	8000d4bc	03ec70b3	remu	x1,x24,x30	 x24:0x00000000 x30:0xffffff7d  x1=0x00000000
      155869000	      7691	8000d4c0	02dc04b3	mul	x9,x24,x13	 x24:0x00000000 x13:0xffffffff  x9=0x00000000
      155889000	      7692	8000d4c4	82ed	c.srli	x13,0x1b	 x13:0xffffffff x13=0x0000001f
      155909000	      7693	8000d4c6	69d52e93	slti	x29,x10,1693	 x10:0x000e5000 x29=0x00000000
      155929000	      7694	8000d4ca	03a7f663	bgeu	x15,x26,8000d4f6	 x15:0x00000000 x26:0x00000013
      156029000	      7699	8000d4ce	0085f9b3	and	x19,x11,x8	 x11:0x03ffd201  x8:0x00000000 x19=0x00000000
      156049000	      7700	8000d4d2	8cb9	c.xor	x9,x14	  x9:0x00000000 x14:0x80034ce4  x9=0x80034ce4
      156089000	      7702	8000d4d4	ea99	c.bnez	x13,8000d4ea	 x13:0x0000001f
      156789000	      7737	8000d4ea	0ff0000f	fence	iorw,iorw	
      156809000	      7738	8000d4ee	8fd1	c.or	x15,x12	 x15:0x00000000 x12:0x80030e40 x15=0x80030e40
      156829000	      7739	8000d4f0	8ed9	c.or	x13,x14	 x13:0x0000001f x14:0x80034ce4 x13=0x80034cff
      157249000	      7760	8000d4f2	b6c2e793	ori	x15,x5,-1172	  x5:0x00000001 x15=0xfffffb6d
      157269000	      7761	8000d4f6	3eec1837	lui	x16,0x3eec1	 x16=0x3eec1000
      157429000	      7769	8000d4fa	64231817	auipc	x16,0x64231	 x16=0xe423e4fa
      157529000	      7774	8000d4fe	00cbc9b3	xor	x19,x23,x12	 x23:0x013cd580 x12:0x80030e40 x19=0x813fdbc0
      157549000	      7775	8000d502	01fddb33	srl	x22,x27,x31	 x27:0x0000000e x31:0x1ce46a84 x22=0x00000000
      157569000	      7776	8000d506	8efe	c.mv	x29,x31	  x0:0x00000000 x31:0x1ce46a84 x29=0x1ce46a84
      158309000	      7813	8000d508	03e77333	remu	x6,x14,x30	 x14:0x80034ce4 x30:0xffffff7d  x6=0x80034ce4
      158329000	      7814	8000d50c	6e0d	c.lui	x28,0x3	 x28=0x00003000
      158349000	      7815	8000d50e	40085c93	srai	x25,x16,0x0	 x16:0xe423e4fa x25=0xe423e4fa
      158369000	      7816	8000d512	40b9da33	sra	x20,x19,x11	 x19:0x813fdbc0 x11:0x03ffd201 x20=0xc09fede0
      158389000	      7817	8000d516	8cf1	c.and	x9,x12	  x9:0x80034ce4 x12:0x80030e40  x9=0x80030c40
      158409000	      7818	8000d518	c589	c.beqz	x11,8000d522	 x11:0x03ffd201
      158429000	      7819	8000d51a	01924e63	blt	x4,x25,8000d536	  x4:0xf2c04000 x25:0xe423e4fa
      158449000	      7820	8000d51e	76b2ad13	slti	x26,x5,1899	  x5:0x00000001 x26=0x00000001
      158589000	      7827	8000d522	00537a63	bgeu	x6,x5,8000d536	  x6:0x80034ce4  x5:0x00000001
      159489000	      7872	8000d536	ad47ea13	ori	x20,x15,-1324	 x15:0xfffffb6d x20=0xfffffbfd
      159609000	      7878	8000d53a	00462083	lw	x1,4(x12)	 x12:0x80030e40  x1=0x800032ce PA:0x80030e44 load:0x800032ce
      159629000	      7879	8000d53e	009b85b3	add	x11,x23,x9	 x23:0x013cd580  x9:0x80030c40 x11=0x813fe1c0
      159649000	      7880	8000d542	02460613	addi	x12,x12,36	 x12:0x80030e40 x12=0x80030e64
      160389000	      7917	8000d546	0391eeb3	rem	x29,x3,x25	  x3:0x00000000 x25:0xe423e4fa x29=0x00000000
      160409000	      7918	8000d54a	f1b34193	xori	x3,x6,-229	  x6:0x80034ce4  x3=0x7ffcb3ff
      160429000	      7919	8000d54e	8d86	c.mv	x27,x1	  x0:0x00000000  x1:0x800032ce x27=0x800032ce
      160449000	      7920	8000d550	8c71	c.and	x8,x12	  x8:0x00000000 x12:0x80030e64  x8=0x00000000
      160469000	      7921	8000d552	00008c93	addi	x25,x1,0	  x1:0x800032ce x25=0x800032ce
      160489000	      7922	8000d556	000c8ce7	jalr	x25,0(x25)	 x25:0x800032ce x25=0x8000d55a
      161169000	      7956	800032ce	0001b817	auipc	x16,0x1b	 x16=0x8001e2ce
      161189000	      7957	800032d2	fea80813	addi	x16,x16,-22	 x16:0x8001e2ce x16=0x8001e2b8
      161369000	      7966	800032d6	00018297	auipc	x5,0x18	  x5=0x8001b2d6
      161789000	      7987	800032da	6da28293	addi	x5,x5,1754	  x5:0x8001b2d6  x5=0x8001b9b0
      161889000	      7992	800032de	fcf82503	lw	x10,-49(x16)	 x16:0x8001e2b8 x10=0x4142433c PA:0x8001e287 load:0x4142433c
      161909000	      7993	800032e2	62c29d83	lh	x27,1580(x5)	  x5:0x8001b9b0 x27=0xffff9697 PA:0x8001bfdc load:0xffff9697
      161929000	      7994	800032e6	ff180e83	lb	x29,-15(x16)	 x16:0x8001e2b8 x29=0x00000062 PA:0x8001e2a9 load:0x00000062
      161949000	      7995	800032ea	d6628b83	lb	x23,-666(x5)	  x5:0x8001b9b0 x23=0xffffffcd PA:0x8001b716 load:0xffffffcd
      162209000	      8008	800032ee	02081c03	lh	x24,32(x16)	 x16:0x8001e2b8 x24=0xffff9293 PA:0x8001e2d8 load:0xffff9293
      162389000	      8017	800032f2	a1d29503	lh	x10,-1507(x5)	  x5:0x8001b9b0 x10=0xffff8586 PA:0x8001b3cd load:0xffff8586
      162849000	      8040	800032f6	fee81a03	lh	x20,-18(x16)	 x16:0x8001e2b8 x20=0x00005c5d PA:0x8001e2a6 load:0x00005c5d
      163309000	      8063	800032fa	00685a03	lhu	x20,6(x16)	 x16:0x8001e2b8 x20=0x00007475 PA:0x8001e2be load:0x00007475
      163369000	      8066	800032fe	02280ba3	sb	x2,55(x16)	 x16:0x8001e2b8  x2:0xf5e39895 PA:0x8001e2ef store:0xf5e39895 load:0x000000ff
      163589000	      8077	80003302	4a629723	sh	x6,1198(x5)	  x5:0x8001b9b0  x6:0x80034ce4 PA:0x8001be5e store:0x80034ce4 load:0x0000ffff
      163609000	      8078	80003306	0c82ab83	lw	x23,200(x5)	  x5:0x8001b9b0 x23=0x30313233 PA:0x8001ba78 load:0x30313233
      163629000	      8079	8000330a	0001fa97	auipc	x21,0x1f	 x21=0x8002230a
      163649000	      8080	8000330e	513a8a93	addi	x21,x21,1299	 x21:0x8002230a x21=0x8002281d
      164049000	      8100	80003312	007adf83	lhu	x31,7(x21)	 x21:0x8002281d x31=0x0000dedf PA:0x80022824 load:0x0000dedf
      164069000	      8101	80003316	96a83c97	auipc	x25,0x96a83	 x25=0x16a86316
      164089000	      8102	8000331a	011da4b3	slt	x9,x27,x17	 x27:0xffff9697 x17:0x94a7436e  x9=0x00000000
      164309000	      8113	8000331e	ffcad783	lhu	x15,-4(x21)	 x21:0x8002281d x15=0x0000d1d2 PA:0x80022819 load:0x0000d1d2
      164589000	      8127	80003322	ff9aa503	lw	x10,-7(x21)	 x21:0x8002281d x10=0xd2d3cccd PA:0x80022816 load:0xd2d3cccd
      164609000	      8128	80003326	0001	c.addi	x0,0	  x0:0x00000000  x0=0x00000000
      165029000	      8149	80003328	ff1a8503	lb	x10,-15(x21)	 x21:0x8002281d x10=0xffffffc5 PA:0x8002280e load:0xffffffc5
      165049000	      8150	8000332c	40de8d33	sub	x26,x29,x13	 x29:0x00000062 x13:0x80034cff x26=0x7ffcb363
      165149000	      8155	80003330	ffca9483	lh	x9,-4(x21)	 x21:0x8002281d  x9=0xffffd1d2 PA:0x80022819 load:0xffffd1d2
      165169000	      8156	80003334	4b6d	c.li	x22,27	 x22=0x0000001b
      165409000	      8168	80003336	ffda8d23	sb	x29,-6(x21)	 x21:0x8002281d x29:0x00000062 PA:0x80022817 store:0x00000062 load:0x000000ff
      165669000	      8181	8000333a	fe6a8c23	sb	x6,-8(x21)	 x21:0x8002281d  x6:0x80034ce4 PA:0x80022815 store:0x80034ce4 load:0x000000ff
      165689000	      8182	8000333e	01293c33	sltu	x24,x18,x18	 x18:0x00000047 x18:0x00000047 x24=0x00000000
      166229000	      8209	80003342	fe8aaea3	sw	x8,-3(x21)	 x21:0x8002281d  x8:0x00000000 PA:0x8002281a store:0x00000000 load:0xffffcccd
      166969000	      8246	80003346	024b6533	rem	x10,x22,x4	 x22:0x0000001b  x4:0xf2c04000 x10=0x0000001b
      166989000	      8247	8000334a	0169f5b3	and	x11,x19,x22	 x19:0x813fdbc0 x22:0x0000001b x11=0x00000000
      167449000	      8270	8000334e	fe4a9ca3	sh	x4,-7(x21)	 x21:0x8002281d  x4:0xf2c04000 PA:0x80022816 store:0xf2c04000 load:0x0000ffff
      167949000	      8295	80003352	ff6add03	lhu	x26,-10(x21)	 x21:0x8002281d x26=0x0000cfc8 PA:0x80022813 load:0x0000cfc8
      168629000	      8329	80003356	00baa6a3	sw	x11,13(x21)	 x21:0x8002281d x11:0x00000000 PA:0x8002282a store:0x00000000 load:0xffffc8c9
      168929000	      8344	8000335a	017a8723	sb	x23,14(x21)	 x21:0x8002281d x23:0x30313233 PA:0x8002282b store:0x30313233 load:0x000000ff
      168949000	      8345	8000335e	8ee1	c.and	x13,x8	 x13:0x80034cff  x8:0x00000000 x13=0x00000000
      169009000	      8348	80003360	013a8823	sb	x19,16(x21)	 x21:0x8002281d x19:0x813fdbc0 PA:0x8002282d store:0x813fdbc0 load:0x000000ff
      169029000	      8349	80003364	012a80a3	sb	x18,1(x21)	 x21:0x8002281d x18:0x00000047 PA:0x8002281e store:0x00000047 load:0x000000ff
      169049000	      8350	80003368	8ec1	c.or	x13,x8	 x13:0x00000000  x8:0x00000000 x13=0x00000000
      169069000	      8351	8000336a	005a83a3	sb	x5,7(x21)	 x21:0x8002281d  x5:0x8001b9b0 PA:0x80022824 store:0x8001b9b0 load:0x000000ff
      169149000	      8355	8000336e	ff1a9e23	sh	x17,-4(x21)	 x21:0x8002281d x17:0x94a7436e PA:0x80022819 store:0x94a7436e load:0x0000ffff
      169169000	      8356	80003372	00018797	auipc	x15,0x18	 x15=0x8001b372
      169369000	      8366	80003376	d3b78793	addi	x15,x15,-709	 x15:0x8001b372 x15=0x8001b0ad
      169669000	      8381	8000337a	01d7a203	lw	x4,29(x15)	 x15:0x8001b0ad  x4=0x86878081 PA:0x8001b0ca load:0x86878081
      169789000	      8387	8000337e	01b79fa3	sh	x27,31(x15)	 x15:0x8001b0ad x27:0xffff9697 PA:0x8001b0cc store:0xffff9697 load:0x0000ffff
      170249000	      8410	80003382	01779323	sh	x23,6(x15)	 x15:0x8001b0ad x23:0x30313233 PA:0x8001b0b3 store:0x30313233 load:0x0000ff80
      170489000	      8422	80003386	01a79323	sh	x26,6(x15)	 x15:0x8001b0ad x26:0x0000cfc8 PA:0x8001b0b3 store:0x0000cfc8 load:0x0000ff80
      170529000	      8424	8000338a	00a7a323	sw	x10,6(x15)	 x15:0x8001b0ad x10:0x0000001b PA:0x8001b0b3 store:0x0000001b load:0xffffff80
      170609000	      8428	8000338e	02d7c803	lbu	x16,45(x15)	 x15:0x8001b0ad x16=0x00000091 PA:0x8001b0da load:0x00000091
      170669000	      8431	80003392	00e79ca3	sh	x14,25(x15)	 x15:0x8001b0ad x14:0x80034ce4 PA:0x8001b0c6 store:0x80034ce4 load:0x0000ffff
      170689000	      8432	80003396	0197d683	lhu	x13,25(x15)	 x15:0x8001b0ad x13=0x00004ce4 PA:0x8001b0c6 load:0x00004ce4
      170709000	      8433	8000339a	0d12	c.slli	x26,0x4	 x26:0x0000cfc8 x26=0x000cfc80
      171049000	      8450	8000339c	02d78123	sb	x13,34(x15)	 x15:0x8001b0ad x13:0x00004ce4 PA:0x8001b0cf store:0x00004ce4 load:0x000000ff
      171229000	      8459	800033a0	03c7ca03	lbu	x20,60(x15)	 x15:0x8001b0ad x20=0x000000a2 PA:0x8001b0e9 load:0x000000a2
      171249000	      8460	800033a4	012bfd33	and	x26,x23,x18	 x23:0x30313233 x18:0x00000047 x26=0x00000003
      171289000	      8462	800033a8	03c78283	lb	x5,60(x15)	 x15:0x8001b0ad  x5=0xffffffa2 PA:0x8001b0e9 load:0xffffffa2
      171309000	      8463	800033ac	03c79903	lh	x18,60(x15)	 x15:0x8001b0ad x18=0xffffa1a2 PA:0x8001b0e9 load:0xffffa1a2
      171669000	      8481	800033b0	00f78183	lb	x3,15(x15)	 x15:0x8001b0ad  x3=0x00000077 PA:0x8001b0bc load:0x00000077
      171989000	      8497	800033b4	00f78b83	lb	x23,15(x15)	 x15:0x8001b0ad x23=0x00000077 PA:0x8001b0bc load:0x00000077
      184069000	      9101	800033b8	fcf7d203	lhu	x4,-49(x15)	 x15:0x8001b0ad  x4=0x00003637 PA:0x8001b07c load:0x00003637
      184089000	      9102	800033bc	00018b97	auipc	x23,0x18	 x23=0x8001b3bc
      184109000	      9103	800033c0	445b8b93	addi	x23,x23,1093	 x23:0x8001b3bc x23=0x8001b801
      184309000	      9113	800033c4	098bd583	lhu	x11,152(x23)	 x23:0x8001b801 x11=0x00005152 PA:0x8001b899 load:0x00005152
      184409000	      9118	800033c8	00eb8523	sb	x14,10(x23)	 x23:0x8001b801 x14:0x80034ce4 PA:0x8001b80b store:0x80034ce4 load:0x000000ff
      184429000	      9119	800033cc	0001f317	auipc	x6,0x1f	  x6=0x800223cc
      184449000	      9120	800033d0	4dc30313	addi	x6,x6,1244	  x6:0x800223cc  x6=0x800228a8
      184509000	      9123	800033d4	f96b8083	lb	x1,-106(x23)	 x23:0x8001b801  x1=0x0000004c PA:0x8001b797 load:0x0000004c
      184629000	      9129	800033d8	ff835883	lhu	x17,-8(x6)	  x6:0x800228a8 x17=0x00005a5b PA:0x800228a0 load:0x00005a5b
      185009000	      9148	800033dc	a2d31503	lh	x10,-1491(x6)	  x6:0x800228a8 x10=0xffff8d8e PA:0x800222d5 load:0xffff8d8e
      185049000	      9150	800033e0	f10b97a3	sh	x16,-241(x23)	 x23:0x8001b801 x16:0x00000091 PA:0x8001b710 store:0x00000091 load:0x0000ffff
      186049000	      9200	800033e4	0c2b9683	lh	x13,194(x23)	 x23:0x8001b801 x13=0x00007f78 PA:0x8001b8c3 load:0x00007f78
      186749000	      9235	800033e8	878327a3	sw	x24,-1937(x6)	  x6:0x800228a8 x24:0x00000000 PA:0x80022117 store:0x00000000 load:0xffffff78
      186809000	      9238	800033ec	0e9b9283	lh	x5,233(x23)	 x23:0x8001b801  x5=0xffffa0a1 PA:0x8001b8ea load:0xffffa0a1
      186829000	      9239	800033f0	d52302a3	sb	x18,-699(x6)	  x6:0x800228a8 x18:0xffffa1a2 PA:0x800225ed store:0xffffa1a2 load:0x000000ff
      186929000	      9244	800033f4	f56b9aa3	sh	x22,-171(x23)	 x23:0x8001b801 x22:0x0000001b PA:0x8001b756 store:0x0000001b load:0x0000ffff
      187129000	      9254	800033f8	67f30d83	lb	x27,1663(x6)	  x6:0x800228a8 x27=0xffffffdc PA:0x80022f27 load:0xffffffdc
      187309000	      9263	800033fc	3c731823	sh	x7,976(x6)	  x6:0x800228a8  x7:0x00000000 PA:0x80022c78 store:0x00000000 load:0x0000ffff
      187389000	      9267	80003400	0cbbd183	lhu	x3,203(x23)	 x23:0x8001b801  x3=0x00000000 PA:0x8001b8cc load:0x00000000
      187449000	      9270	80003404	d0630223	sb	x6,-764(x6)	  x6:0x800228a8  x6:0x800228a8 PA:0x800225ac store:0x800228a8 load:0x000000ff
      187909000	      9293	80003408	51231503	lh	x10,1298(x6)	  x6:0x800228a8 x10=0x00007071 PA:0x80022dba load:0x00007071
      188249000	      9310	8000340c	65f314a3	sh	x31,1609(x6)	  x6:0x800228a8 x31:0x0000dedf PA:0x80022ef1 store:0x0000dedf load:0x0000ffff
      188309000	      9313	80003410	b6e34803	lbu	x16,-1170(x6)	  x6:0x800228a8 x16=0x000000cd PA:0x80022416 load:0x000000cd
      188329000	      9314	80003414	00021317	auipc	x6,0x21	  x6=0x80024414
      188349000	      9315	80003418	a0a30313	addi	x6,x6,-1526	  x6:0x80024414  x6=0x80023e1e
      188429000	      9319	8000341c	ff730c03	lb	x24,-9(x6)	  x6:0x80023e1e x24=0xffffffce PA:0x80023e15 load:0xffffffce
      188449000	      9320	80003420	00e32383	lw	x7,14(x6)	  x6:0x80023e1e  x7=0xe4e5e6e7 PA:0x80023e2c load:0xe4e5e6e7
      188469000	      9321	80003424	017f74b3	and	x9,x30,x23	 x30:0xffffff7d x23:0x8001b801  x9=0x8001b801
      188489000	      9322	80003428	91ee0c93	addi	x25,x28,-1762	 x28:0x00003000 x25=0x0000291e
      188509000	      9323	8000342c	1dfd	c.addi	x27,-1	 x27:0xffffffdc x27=0xffffffdb
      188529000	      9324	8000342e	8c09	c.sub	x8,x10	  x8:0x00000000 x10:0x00007071  x8=0xffff8f8f
      188929000	      9344	80003430	00b59433	sll	x8,x11,x11	 x11:0x00005152 x11:0x00005152  x8=0x45480000
      188949000	      9345	80003434	8cd5	c.or	x9,x13	  x9:0x8001b801 x13:0x00007f78  x9=0x8001ff79
      188969000	      9346	80003436	0001	c.addi	x0,0	  x0:0x00000000  x0=0x00000000
      189369000	      9366	80003438	002465b3	or	x11,x8,x2	  x8:0x45480000  x2:0xf5e39895 x11=0xf5eb9895
      189749000	      9385	8000343c	020fa433	mulhsu	x8,x31,x0	 x31:0x0000dedf  x0:0x00000000  x8=0x00000000
      189769000	      9386	80003440	41f68a33	sub	x20,x13,x31	 x13:0x00007f78 x31:0x0000dedf x20=0xffffa099
      189789000	      9387	80003444	03ef0933	mul	x18,x30,x30	 x30:0xffffff7d x30:0xffffff7d x18=0x00004309
      189809000	      9388	80003448	6561	c.lui	x10,0x18	 x10=0x00018000
      190489000	      9422	8000344a	ff932d03	lw	x26,-7(x6)	  x6:0x80023e1e x26=0xd1d2d3cc PA:0x80023e17 load:0xd1d2d3cc
      190509000	      9423	8000344e	419a5993	srai	x19,x20,0x19	 x20:0xffffa099 x19=0xffffffff
      190569000	      9426	80003452	fff30ba3	sb	x31,-9(x6)	  x6:0x80023e1e x31:0x0000dedf PA:0x80023e15 store:0x0000dedf load:0x000000ff
      190589000	      9427	80003456	be75b1b7	lui	x3,0xbe75b	  x3=0xbe75b000
      190629000	      9429	8000345a	02d3a6b3	mulhsu	x13,x7,x13	  x7:0xe4e5e6e7 x13:0x00007f78 x13=0xfffff281
      190789000	      9437	8000345e	ffc34283	lbu	x5,-4(x6)	  x6:0x80023e1e  x5=0x000000d1 PA:0x80023e1a load:0x000000d1
      190929000	      9444	80003462	fea319a3	sh	x10,-13(x6)	  x6:0x80023e1e x10:0x00018000 PA:0x80023e11 store:0x00018000 load:0x0000ffff
      190949000	      9445	80003466	8fcd	c.or	x15,x11	 x15:0x8001b0ad x11:0xf5eb9895 x15=0xf5ebb8bd
      190969000	      9446	80003468	00741b13	slli	x22,x8,0x7	  x8:0x00000000 x22=0x00000000
      191229000	      9459	8000346c	0204a5b3	mulhsu	x11,x9,x0	  x9:0x8001ff79  x0:0x00000000 x11=0x00000000
      191629000	      9479	80003470	0001	c.addi	x0,0	  x0:0x00000000  x0=0x00000000
      191689000	      9482	80003472	00330503	lb	x10,3(x6)	  x6:0x80023e1e x10=0xffffffda PA:0x80023e21 load:0xffffffda
      191709000	      9483	80003476	0099c0b3	xor	x1,x19,x9	 x19:0xffffffff  x9:0x8001ff79  x1=0x7ffe0086
      191989000	      9497	8000347a	00c35a03	lhu	x20,12(x6)	  x6:0x80023e1e x20=0x0000e0e1 PA:0x80023e2a load:0x0000e0e1
      192009000	      9498	8000347e	5f426d13	ori	x26,x4,1524	  x4:0x00003637 x26=0x000037f7
      192029000	      9499	80003482	01f31823	sh	x31,16(x6)	  x6:0x80023e1e x31:0x0000dedf PA:0x80023e2e store:0x0000dedf load:0x0000ffff
      192049000	      9500	80003486	83c5	c.srli	x15,0x11	 x15:0xf5ebb8bd x15=0x00007af5
      192069000	      9501	80003488	305a7a93	andi	x21,x20,773	 x20:0x0000e0e1 x21=0x00000001
      192329000	      9514	8000348c	00030783	lb	x15,0(x6)	  x6:0x80023e1e x15=0xffffffd5 PA:0x80023e1e load:0xffffffd5
      192409000	      9518	80003490	672e7d93	andi	x27,x28,1650	 x28:0x00003000 x27=0x00000000
      192929000	      9544	80003494	ff331803	lh	x16,-13(x6)	  x6:0x80023e1e x16=0xffff8000 PA:0x80023e11 load:0xffff8000
      192949000	      9545	80003498	0ff0000f	fence	iorw,iorw	
      193069000	      9551	8000349c	ff2319a3	sh	x18,-13(x6)	  x6:0x80023e1e x18:0x00004309 PA:0x80023e11 store:0x00004309 load:0x0000ffff
      193489000	      9572	800034a0	ffe31b03	lh	x22,-2(x6)	  x6:0x80023e1e x22=0xffffd6d7 PA:0x80023e1c load:0xffffd6d7
      193549000	      9575	800034a4	014307a3	sb	x20,15(x6)	  x6:0x80023e1e x20:0x0000e0e1 PA:0x80023e2d store:0x0000e0e1 load:0x000000ff
      193569000	      9576	800034a8	18352793	slti	x15,x10,387	 x10:0xffffffda x15=0x00000001
      193609000	      9578	800034ac	036c2033	mulhsu	x0,x24,x22	 x24:0xffffffce x22:0xffffd6d7  x0=0x00000000
      193669000	      9581	800034b0	fe531823	sh	x5,-16(x6)	  x6:0x80023e1e  x5:0x000000d1 PA:0x80023e0e store:0x000000d1 load:0x0000ffff
      193689000	      9582	800034b4	00a32383	lw	x7,10(x6)	  x6:0x80023e1e  x7=0xe0e1e2e3 PA:0x80023e28 load:0xe0e1e2e3
      193709000	      9583	800034b8	00018197	auipc	x3,0x18	  x3=0x8001b4b8
      193729000	      9584	800034bc	e6018193	addi	x3,x3,-416	  x3:0x8001b4b8  x3=0x8001b318
      194069000	      9601	800034c0	ff818b83	lb	x23,-8(x3)	  x3:0x8001b318 x23=0xffffffcb PA:0x8001b310 load:0xffffffcb
      194129000	      9604	800034c4	00418683	lb	x13,4(x3)	  x3:0x8001b318 x13=0xffffffd7 PA:0x8001b31c load:0xffffffd7
      194189000	      9607	800034c8	01c18223	sb	x28,4(x3)	  x3:0x8001b318 x28:0x00003000 PA:0x8001b31c store:0x00003000 load:0x000000ff
      194509000	      9623	800034cc	0181a323	sw	x24,6(x3)	  x3:0x8001b318 x24:0xffffffce PA:0x8001b31e store:0xffffffce load:0xffffcccd
      194789000	      9637	800034d0	0101a623	sw	x16,12(x3)	  x3:0x8001b318 x16:0xffff8000 PA:0x8001b324 store:0xffff8000 load:0xffffffff
      195029000	      9649	800034d4	033f80b3	mul	x1,x31,x19	 x31:0x0000dedf x19:0xffffffff  x1=0xffff2121
      195089000	      9652	800034d8	00a18623	sb	x10,12(x3)	  x3:0x8001b318 x10:0xffffffda PA:0x8001b324 store:0xffffffda load:0x000000ff
      195709000	      9683	800034dc	01018623	sb	x16,12(x3)	  x3:0x8001b318 x16:0xffff8000 PA:0x8001b324 store:0xffff8000 load:0x000000ff
      195729000	      9684	800034e0	00c067b3	or	x15,x0,x12	  x0:0x00000000 x12:0x80030e64 x15=0x80030e64
      196309000	      9713	800034e4	00319883	lh	x17,3(x3)	  x3:0x8001b318 x17=0x000000d0 PA:0x8001b31b load:0x000000d0
      196789000	      9737	800034e8	01a1a1a3	sw	x26,3(x3)	  x3:0x8001b318 x26:0x000037f7 PA:0x8001b31b store:0x000037f7 load:0xffffffd0
      197269000	      9761	800034ec	0191a1a3	sw	x25,3(x3)	  x3:0x8001b318 x25:0x0000291e PA:0x8001b31b store:0x0000291e load:0xffffffd0
      197509000	      9773	800034f0	00319b03	lh	x22,3(x3)	  x3:0x8001b318 x22=0x0000291e PA:0x8001b31b load:0x0000291e
      197569000	      9776	800034f4	ff81aa23	sw	x24,-12(x3)	  x3:0x8001b318 x24:0xffffffce PA:0x8001b30c store:0xffffffce load:0xffffffff
      197589000	      9777	800034f8	fea188a3	sb	x10,-15(x3)	  x3:0x8001b318 x10:0xffffffda PA:0x8001b309 store:0xffffffda load:0x000000ff
      197609000	      9778	800034fc	5cf90f13	addi	x30,x18,1487	 x18:0x00004309 x30=0x000048d8
      197629000	      9779	80003500	8d56	c.mv	x26,x21	  x0:0x00000000 x21:0x00000001 x26=0x00000001
      197649000	      9780	80003502	014b1eb3	sll	x29,x22,x20	 x22:0x0000291e x20:0x0000e0e1 x29=0x0000523c
      197669000	      9781	80003506	c021	c.beqz	x8,80003546	  x8:0x00000000
      197989000	      9797	80003546	eeda3d93	sltiu	x27,x20,-275	 x20:0x0000e0e1 x27=0x00000001
      198409000	      9818	8000354a	eeb07013	andi	x0,x0,-277	  x0:0x00000000  x0=0x00000000
      198429000	      9819	8000354e	0ff0000f	fence	iorw,iorw	
      198709000	      9833	80003552	eef4d7b7	lui	x15,0xeef4d	 x15=0xeef4d000
      198729000	      9834	80003556	6dfd	c.lui	x27,0x1f	 x27=0x0001f000
      199129000	      9854	80003558	41d30eb3	sub	x29,x6,x29	  x6:0x80023e1e x29:0x0000523c x29=0x8001ebe2
      199149000	      9855	8000355c	0ff0000f	fence	iorw,iorw	
      199169000	      9856	80003560	03b36963	bltu	x6,x27,80003592	  x6:0x80023e1e x27:0x0001f000
      199329000	      9864	80003564	8d2d	c.xor	x10,x11	 x10:0xffffffda x11:0x00000000 x10=0xffffffda
      199349000	      9865	80003566	8155	c.srli	x10,0x15	 x10:0xffffffda x10=0x000007ff
      200089000	      9902	80003568	0312c033	div	x0,x5,x17	  x5:0x000000d1 x17:0x000000d0  x0=0x00000000
      200109000	      9903	8000356c	0078d933	srl	x18,x17,x7	 x17:0x000000d0  x7:0xe0e1e2e3 x18=0x0000001a
      200129000	      9904	80003570	8382c993	xori	x19,x5,-1992	  x5:0x000000d1 x19=0xfffff8e9
      200149000	      9905	80003574	9e12	c.add	x28,x4	 x28:0x00003000  x4:0x00003637 x28=0x00006637
      200889000	      9942	80003576	032fe7b3	rem	x15,x31,x18	 x31:0x0000dedf x18:0x0000001a x15=0x0000000b
      200909000	      9943	8000357a	0001	c.addi	x0,0	  x0:0x00000000  x0=0x00000000
      200929000	      9944	8000357c	01b37c33	and	x24,x6,x27	  x6:0x80023e1e x27:0x0001f000 x24=0x00003000
      200949000	      9945	80003580	013cd7b3	srl	x15,x25,x19	 x25:0x0000291e x19:0xfffff8e9 x15=0x00000014
      200969000	      9946	80003584	00d9ba33	sltu	x20,x19,x13	 x19:0xfffff8e9 x13:0xffffffd7 x20=0x00000001
      201709000	      9983	80003588	03697c33	remu	x24,x18,x22	 x18:0x0000001a x22:0x0000291e x24=0x0000001a
      201749000	      9985	8000358c	02513c33	mulhu	x24,x2,x5	  x2:0xf5e39895  x5:0x000000d1 x24=0x000000c8
      201769000	      9986	80003590	0001	c.addi	x0,0	  x0:0x00000000  x0=0x00000000
      201789000	      9987	80003592	03657963	bgeu	x10,x22,800035c4	 x10:0x000007ff x22:0x0000291e
      201809000	      9988	80003596	80c5	c.srli	x9,0x11	  x9:0x8001ff79  x9=0x00004000
      202549000	     10025	80003598	03755833	divu	x16,x10,x23	 x10:0x000007ff x23:0xffffffcb x16=0x00000000
      202569000	     10026	8000359c	c79d	c.beqz	x15,800035ca	 x15:0x00000014
      202589000	     10027	8000359e	00e59d13	slli	x26,x11,0xe	 x11:0x00000000 x26=0x00000000
      202609000	     10028	800035a2	02394163	blt	x18,x3,800035c4	 x18:0x0000001a  x3:0x8001b318
      202629000	     10029	800035a6	004a1263	bne	x20,x4,800035aa	 x20:0x00000001  x4:0x00003637
      202669000	     10031	800035aa	8d15	c.sub	x10,x13	 x10:0x000007ff x13:0xffffffd7 x10=0x00000828
      202709000	     10033	800035ac	03729833	mulh	x16,x5,x23	  x5:0x000000d1 x23:0xffffffcb x16=0xffffffff
      203049000	     10050	800035b0	2cb27793	andi	x15,x4,715	  x4:0x00003637 x15=0x00000203
      203449000	     10070	800035b4	033510b3	mulh	x1,x10,x19	 x10:0x00000828 x19:0xfffff8e9  x1=0xffffffff
      203469000	     10071	800035b8	5beac493	xori	x9,x21,1470	 x21:0x00000001  x9=0x000005bf
      204209000	     10108	800035bc	037fdab3	divu	x21,x31,x23	 x31:0x0000dedf x23:0xffffffcb x21=0x00000000
      204229000	     10109	800035c0	5cf44013	xori	x0,x8,1487	  x8:0x00000000  x0=0x00000000
      204249000	     10110	800035c4	1a638693	addi	x13,x7,422	  x7:0xe0e1e2e3 x13=0xe0e1e489
      204269000	     10111	800035c8	c915	c.beqz	x10,800035fc	 x10:0x00000828
      204289000	     10112	800035ca	01bde9b3	or	x19,x27,x27	 x27:0x0001f000 x27:0x0001f000 x19=0x0001f000
      204309000	     10113	800035ce	f978fd93	andi	x27,x17,-105	 x17:0x000000d0 x27=0x00000090
      204329000	     10114	800035d2	8ff1	c.and	x15,x12	 x15:0x00000203 x12:0x80030e64 x15=0x00000200
      204349000	     10115	800035d4	fa5c2bb7	lui	x23,0xfa5c2	 x23=0xfa5c2000
      204369000	     10116	800035d8	8d51	c.or	x10,x12	 x10:0x00000828 x12:0x80030e64 x10=0x80030e6c
      204689000	     10132	800035da	40cb85b3	sub	x11,x23,x12	 x23:0xfa5c2000 x12:0x80030e64 x11=0x7a59119c
      204729000	     10134	800035de	11bd8793	addi	x15,x27,283	 x27:0x00000090 x15=0x000001ab
      204749000	     10135	800035e2	0001	c.addi	x0,0	  x0:0x00000000  x0=0x00000000
      204829000	     10139	800035e4	987d	c.andi	x8,-1	  x8:0x00000000  x8=0x00000000
      204889000	     10142	800035e6	01d31f13	slli	x30,x6,0x1d	  x6:0x80023e1e x30=0xc0000000
      205149000	     10155	800035ea	005cd763	bge	x25,x5,800035f8	 x25:0x0000291e  x5:0x000000d1
      205389000	     10167	800035f8	052bd163	bge	x23,x18,8000363a	 x23:0xfa5c2000 x18:0x0000001a
      205409000	     10168	800035fc	8ef9	c.and	x13,x14	 x13:0xe0e1e489 x14:0x80034ce4 x13=0x80014480
      205429000	     10169	800035fe	03ed0763	beq	x26,x30,8000362c	 x26:0x00000000 x30:0xc0000000
      206169000	     10206	80003602	036a5cb3	divu	x25,x20,x22	 x20:0x00000001 x22:0x0000291e x25=0x00000000
      206189000	     10207	80003606	408a5933	sra	x18,x20,x8	 x20:0x00000001  x8:0x00000000 x18=0x00000001
      206209000	     10208	8000360a	02f04563	blt	x0,x15,80003634	  x0:0x00000000 x15:0x000001ab
      206469000	     10221	80003634	e13d	c.bnez	x10,8000369a	 x10:0x80030e6c
      206829000	     10239	8000369a	86c9	c.srai	x13,0x12	 x13:0x80014480 x13=0xffffe000
      206869000	     10241	8000369c	028f57b3	divu	x15,x30,x8	 x30:0xc0000000  x8:0x00000000 x15=0xffffffff
      207269000	     10261	800036a0	91c8f493	andi	x9,x17,-1764	 x17:0x000000d0  x9=0x00000010
      207289000	     10262	800036a4	01ed0863	beq	x26,x30,800036b4	 x26:0x00000000 x30:0xc0000000
      208029000	     10299	800036a8	031044b3	div	x9,x0,x17	  x0:0x00000000 x17:0x000000d0  x9=0x00000000
      208049000	     10300	800036ac	2ab46bb7	lui	x23,0x2ab46	 x23=0x2ab46000
      208069000	     10301	800036b0	00bdf763	bgeu	x27,x11,800036be	 x27:0x00000090 x11:0x7a59119c
      208089000	     10302	800036b4	8c61	c.and	x8,x8	  x8:0x00000000  x8:0x00000000  x8=0x00000000
      208129000	     10304	800036b6	02806f33	rem	x30,x0,x8	  x0:0x00000000  x8:0x00000000 x30=0x00000000
      208149000	     10305	800036ba	cb91	c.beqz	x15,800036ce	 x15:0xffffffff
      208169000	     10306	800036bc	8f99	c.sub	x15,x14	 x15:0xffffffff x14:0x80034ce4 x15=0x7ffcb31b
      208189000	     10307	800036be	8431	c.srai	x8,0xc	  x8:0x00000000  x8=0x00000000
      208369000	     10316	800036c0	02df3033	mulhu	x0,x30,x13	 x30:0x00000000 x13:0xffffe000  x0=0x00000000
      208389000	     10317	800036c4	00174ab3	xor	x21,x14,x1	 x14:0x80034ce4  x1:0xffffffff x21=0x7ffcb31b
      208409000	     10318	800036c8	00c81413	slli	x8,x16,0xc	 x16:0xffffffff  x8=0xfffff000
      208489000	     10322	800036cc	0001	c.addi	x0,0	  x0:0x00000000  x0=0x00000000
      208629000	     10329	800036ce	534fee93	ori	x29,x31,1332	 x31:0x0000dedf x29=0x0000dfff
      208649000	     10330	800036d2	0025c5b3	xor	x11,x11,x2	 x11:0x7a59119c  x2:0xf5e39895 x11=0x8fba8909
      208669000	     10331	800036d6	ce4187b7	lui	x15,0xce418	 x15=0xce418000
      209089000	     10352	800036da	00a19033	sll	x0,x3,x10	  x3:0x8001b318 x10:0x80030e6c  x0=0x00000000
      209509000	     10373	800036de	003df833	and	x16,x27,x3	 x27:0x00000090  x3:0x8001b318 x16=0x00000010
      209649000	     10380	800036e2	40de8833	sub	x16,x29,x13	 x29:0x0000dfff x13:0xffffe000 x16=0x0000ffff
      209669000	     10381	800036e6	007f4f33	xor	x30,x30,x7	 x30:0x00000000  x7:0xe0e1e2e3 x30=0xe0e1e2e3
      209689000	     10382	800036ea	ffffd117	auipc	x2,0xffffd	  x2=0x800006ea
      209749000	     10385	800036ee	c9410113	addi	x2,x2,-876	  x2:0x800006ea  x2=0x8000037e
      210029000	     10399	800036f2	00010067	jalr	x0,0(x2)	  x2:0x8000037e  x0=0x00000000
      211169000	     10456	8000037e	90000a37	lui	x20,0x90000	 x20=0x90000000
      211189000	     10457	80000382	1a61	c.addi	x20,-8	 x20:0x90000000 x20=0x8ffffff8
      211389000	     10467	80000384	4301	c.li	x6,0	  x6=0x00000000
      211409000	     10468	80000386	0322	c.slli	x6,0x8	  x6:0x00000000  x6=0x00000000
      212649000	     10530	80000388	0305	c.addi	x6,1	  x6:0x00000000  x6=0x00000001
      212709000	     10533	8000038a	006a2023	sw	x6,0(x20)	 x20:0x8ffffff8  x6:0x00000001 PA:0x8ffffff8 store:0x00000001 load:0xffffffff
      212729000	     10534	8000038e	00000073	ecall	
      246769000	     12236	80002500	0800006f	jal	x0,80002580	  x0=0x00000000
      246889000	     12242	80002580	1771	c.addi	x14,-4	 x14:0x80034ce4 x14=0x80034ce0
      246949000	     12245	80002582	c310	c.sw	x12,0(x14)	 x14:0x80034ce0 x12:0x80030e64 PA:0x80034ce0 store:0x80030e64 load:0xffffffff
      246969000	     12246	80002584	00070633	add	x12,x14,x0	 x14:0x80034ce0  x0:0x00000000 x12=0x80034ce0
      246989000	     12247	80002588	f8060613	addi	x12,x12,-128	 x12:0x80034ce0 x12=0x80034c60
      247209000	     12258	8000258c	00162223	sw	x1,4(x12)	 x12:0x80034c60  x1:0xffffffff PA:0x80034c64 store:0xffffffff load:0xffffffff
      247549000	     12275	80002590	00262423	sw	x2,8(x12)	 x12:0x80034c60  x2:0x8000037e PA:0x80034c68 store:0x8000037e load:0xffffffff
      248009000	     12298	80002594	00362623	sw	x3,12(x12)	 x12:0x80034c60  x3:0x8001b318 PA:0x80034c6c store:0x8001b318 load:0xffffffff
      248069000	     12301	80002598	00462823	sw	x4,16(x12)	 x12:0x80034c60  x4:0x00003637 PA:0x80034c70 store:0x00003637 load:0xffffffff
      248089000	     12302	8000259c	00562a23	sw	x5,20(x12)	 x12:0x80034c60  x5:0x000000d1 PA:0x80034c74 store:0x000000d1 load:0xffffffff
      248109000	     12303	800025a0	00662c23	sw	x6,24(x12)	 x12:0x80034c60  x6:0x00000001 PA:0x80034c78 store:0x00000001 load:0xffffffff
      248329000	     12314	800025a4	00762e23	sw	x7,28(x12)	 x12:0x80034c60  x7:0xe0e1e2e3 PA:0x80034c7c store:0xe0e1e2e3 load:0xffffffff
      248469000	     12321	800025a8	d200	c.sw	x8,32(x12)	 x12:0x80034c60  x8:0xfffff000 PA:0x80034c80 store:0xfffff000 load:0xffffffff
      248889000	     12342	800025aa	d244	c.sw	x9,36(x12)	 x12:0x80034c60  x9:0x00000000 PA:0x80034c84 store:0x00000000 load:0xffffffff
      249189000	     12357	800025ac	d608	c.sw	x10,40(x12)	 x12:0x80034c60 x10:0x80030e6c PA:0x80034c88 store:0x80030e6c load:0xffffffff
      249289000	     12362	800025ae	d64c	c.sw	x11,44(x12)	 x12:0x80034c60 x11:0x8fba8909 PA:0x80034c8c store:0x8fba8909 load:0xffffffff
      249609000	     12378	800025b0	da10	c.sw	x12,48(x12)	 x12:0x80034c60 x12:0x80034c60 PA:0x80034c90 store:0x80034c60 load:0xffffffff
      249849000	     12390	800025b2	da54	c.sw	x13,52(x12)	 x12:0x80034c60 x13:0xffffe000 PA:0x80034c94 store:0xffffe000 load:0xffffffff
      249909000	     12393	800025b4	de18	c.sw	x14,56(x12)	 x12:0x80034c60 x14:0x80034ce0 PA:0x80034c98 store:0x80034ce0 load:0xffffffff
      250329000	     12414	800025b6	de5c	c.sw	x15,60(x12)	 x12:0x80034c60 x15:0xce418000 PA:0x80034c9c store:0xce418000 load:0xffffffff
      250389000	     12417	800025b8	05062023	sw	x16,64(x12)	 x12:0x80034c60 x16:0x0000ffff PA:0x80034ca0 store:0x0000ffff load:0xffffffff
      250609000	     12428	800025bc	05162223	sw	x17,68(x12)	 x12:0x80034c60 x17:0x000000d0 PA:0x80034ca4 store:0x000000d0 load:0xffffffff
      250669000	     12431	800025c0	05262423	sw	x18,72(x12)	 x12:0x80034c60 x18:0x00000001 PA:0x80034ca8 store:0x00000001 load:0xffffffff
      250889000	     12442	800025c4	05362623	sw	x19,76(x12)	 x12:0x80034c60 x19:0x0001f000 PA:0x80034cac store:0x0001f000 load:0xffffffff
      250909000	     12443	800025c8	05462823	sw	x20,80(x12)	 x12:0x80034c60 x20:0x8ffffff8 PA:0x80034cb0 store:0x8ffffff8 load:0xffffffff
      250929000	     12444	800025cc	05562a23	sw	x21,84(x12)	 x12:0x80034c60 x21:0x7ffcb31b PA:0x80034cb4 store:0x7ffcb31b load:0xffffffff
      251349000	     12465	800025d0	05662c23	sw	x22,88(x12)	 x12:0x80034c60 x22:0x0000291e PA:0x80034cb8 store:0x0000291e load:0xffffffff
      251529000	     12474	800025d4	05762e23	sw	x23,92(x12)	 x12:0x80034c60 x23:0x2ab46000 PA:0x80034cbc store:0x2ab46000 load:0xffffffff
      251769000	     12486	800025d8	07862023	sw	x24,96(x12)	 x12:0x80034c60 x24:0x000000c8 PA:0x80034cc0 store:0x000000c8 load:0xffffffff
      251889000	     12492	800025dc	07962223	sw	x25,100(x12)	 x12:0x80034c60 x25:0x00000000 PA:0x80034cc4 store:0x00000000 load:0xffffffff
      252069000	     12501	800025e0	07a62423	sw	x26,104(x12)	 x12:0x80034c60 x26:0x00000000 PA:0x80034cc8 store:0x00000000 load:0xffffffff
      252129000	     12504	800025e4	07b62623	sw	x27,108(x12)	 x12:0x80034c60 x27:0x00000090 PA:0x80034ccc store:0x00000090 load:0xffffffff
      252349000	     12515	800025e8	07c62823	sw	x28,112(x12)	 x12:0x80034c60 x28:0x00006637 PA:0x80034cd0 store:0x00006637 load:0xffffffff
      252409000	     12518	800025ec	07d62a23	sw	x29,116(x12)	 x12:0x80034c60 x29:0x0000dfff PA:0x80034cd4 store:0x0000dfff load:0xffffffff
      252609000	     12528	800025f0	07e62c23	sw	x30,120(x12)	 x12:0x80034c60 x30:0xe0e1e2e3 PA:0x80034cd8 store:0xe0e1e2e3 load:0xffffffff
      252669000	     12531	800025f4	07f62e23	sw	x31,124(x12)	 x12:0x80034c60 x31:0x0000dedf PA:0x80034cdc store:0x0000dedf load:0xffffffff
      252689000	     12532	800025f8	00060733	add	x14,x12,x0	 x12:0x80034c60  x0:0x00000000 x14=0x80034c60
      252709000	     12533	800025fc	90000a37	lui	x20,0x90000	 x20=0x90000000
      252729000	     12534	80002600	1a71	c.addi	x20,-4	 x20:0x90000000 x20=0x8ffffffc
      252749000	     12535	80002602	4321	c.li	x6,8	  x6=0x00000008
      252769000	     12536	80002604	0322	c.slli	x6,0x8	  x6:0x00000008  x6=0x00000800
      252789000	     12537	80002606	00030313	addi	x6,x6,0	  x6:0x00000800  x6=0x00000800
      253269000	     12561	8000260a	006a2023	sw	x6,0(x20)	 x20:0x8ffffffc  x6:0x00000800 PA:0x8ffffffc store:0x00000800 load:0xffffffff
      253429000	     12569	8000260e	34102373	csrrs	x6,mepc,x0	  x0:0x00000000  x6=0x8000038e
      253849000	     12590	80002612	34202373	csrrs	x6,mcause,x0	  x0:0x00000000  x6=0x00000008
      253869000	     12591	80002616	4a0d	c.li	x20,3	 x20=0x00000003
      253889000	     12592	80002618	01431463	bne	x6,x20,80002620	  x6:0x00000008 x20:0x00000003
      254949000	     12645	80002620	4a21	c.li	x20,8	 x20=0x00000008
      254969000	     12646	80002622	05430d63	beq	x6,x20,8000267c	  x6:0x00000008 x20:0x00000008
      255229000	     12659	8000267c	90000a37	lui	x20,0x90000	 x20=0x90000000
      255369000	     12666	80002680	1a71	c.addi	x20,-4	 x20:0x90000000 x20=0x8ffffffc
      255389000	     12667	80002682	6305	c.lui	x6,0x1	  x6=0x00001000
      255409000	     12668	80002684	b0030313	addi	x6,x6,-1280	  x6:0x00001000  x6=0x00000b00
      255429000	     12669	80002688	0322	c.slli	x6,0x8	  x6:0x00000b00  x6=0x000b0000
      255449000	     12670	8000268a	030d	c.addi	x6,3	  x6:0x000b0000  x6=0x000b0003
      255509000	     12673	8000268c	006a2023	sw	x6,0(x20)	 x20:0x8ffffffc  x6:0x000b0003 PA:0x8ffffffc store:0x000b0003 load:0xffffffff
      255529000	     12674	80002690	b0002373	csrrs	x6,mcycle,x0	  x0:0x00000000  x6=0x0000317f
      255729000	     12684	80002694	006a2023	sw	x6,0(x20)	 x20:0x8ffffffc  x6:0x0000317f PA:0x8ffffffc store:0x0000317f load:0xffffffff
      255749000	     12685	80002698	90000a37	lui	x20,0x90000	 x20=0x90000000
      255769000	     12686	8000269c	1a71	c.addi	x20,-4	 x20:0x90000000 x20=0x8ffffffc
      255789000	     12687	8000269e	6305	c.lui	x6,0x1	  x6=0x00001000
      255809000	     12688	800026a0	b8030313	addi	x6,x6,-1152	  x6:0x00001000  x6=0x00000b80
      255869000	     12691	800026a4	0322	c.slli	x6,0x8	  x6:0x00000b80  x6=0x000b8000
      255889000	     12692	800026a6	030d	c.addi	x6,3	  x6:0x000b8000  x6=0x000b8003
      256009000	     12698	800026a8	006a2023	sw	x6,0(x20)	 x20:0x8ffffffc  x6:0x000b8003 PA:0x8ffffffc store:0x000b8003 load:0xffffffff
      256029000	     12699	800026ac	b8002373	csrrs	x6,mcycleh,x0	  x0:0x00000000  x6=0x00000000
      256049000	     12700	800026b0	006a2023	sw	x6,0(x20)	 x20:0x8ffffffc  x6:0x00000000 PA:0x8ffffffc store:0x00000000 load:0xffffffff
      256169000	     12706	800026b4	90000a37	lui	x20,0x90000	 x20=0x90000000
      256189000	     12707	800026b8	1a71	c.addi	x20,-4	 x20:0x90000000 x20=0x8ffffffc
      256209000	     12708	800026ba	6305	c.lui	x6,0x1	  x6=0x00001000
      256329000	     12714	800026bc	b0330313	addi	x6,x6,-1277	  x6:0x00001000  x6=0x00000b03
      256349000	     12715	800026c0	0322	c.slli	x6,0x8	  x6:0x00000b03  x6=0x000b0300
      256369000	     12716	800026c2	030d	c.addi	x6,3	  x6:0x000b0300  x6=0x000b0303
      256829000	     12739	800026c4	006a2023	sw	x6,0(x20)	 x20:0x8ffffffc  x6:0x000b0303 PA:0x8ffffffc store:0x000b0303 load:0xffffffff
      256849000	     12740	800026c8	b0302373	csrrs	x6,mhpmcounter3,x0	  x0:0x00000000  x6=0x000007a8
      257049000	     12750	800026cc	006a2023	sw	x6,0(x20)	 x20:0x8ffffffc  x6:0x000007a8 PA:0x8ffffffc store:0x000007a8 load:0xffffffff
      257069000	     12751	800026d0	90000a37	lui	x20,0x90000	 x20=0x90000000
      257229000	     12759	800026d4	1a71	c.addi	x20,-4	 x20:0x90000000 x20=0x8ffffffc
      257249000	     12760	800026d6	6305	c.lui	x6,0x1	  x6=0x00001000
      257309000	     12763	800026d8	b8330313	addi	x6,x6,-1149	  x6:0x00001000  x6=0x00000b83
      257689000	     12782	800026dc	0322	c.slli	x6,0x8	  x6:0x00000b83  x6=0x000b8300
      257709000	     12783	800026de	030d	c.addi	x6,3	  x6:0x000b8300  x6=0x000b8303
      257769000	     12786	800026e0	006a2023	sw	x6,0(x20)	 x20:0x8ffffffc  x6:0x000b8303 PA:0x8ffffffc store:0x000b8303 load:0xffffffff
      258129000	     12804	800026e4	b8302373	csrrs	x6,mhpmcounter3h,x0	  x0:0x00000000  x6=0x00000000
      258429000	     12819	800026e8	006a2023	sw	x6,0(x20)	 x20:0x8ffffffc  x6:0x00000000 PA:0x8ffffffc store:0x00000000 load:0xffffffff
      258449000	     12820	800026ec	90000a37	lui	x20,0x90000	 x20=0x90000000
      258769000	     12836	800026f0	1a71	c.addi	x20,-4	 x20:0x90000000 x20=0x8ffffffc
      258789000	     12837	800026f2	6305	c.lui	x6,0x1	  x6=0x00001000
      258809000	     12838	800026f4	b0430313	addi	x6,x6,-1276	  x6:0x00001000  x6=0x00000b04
      258969000	     12846	800026f8	0322	c.slli	x6,0x8	  x6:0x00000b04  x6=0x000b0400
      258989000	     12847	800026fa	030d	c.addi	x6,3	  x6:0x000b0400  x6=0x000b0403
      259149000	     12855	800026fc	006a2023	sw	x6,0(x20)	 x20:0x8ffffffc  x6:0x000b0403 PA:0x8ffffffc store:0x000b0403 load:0xffffffff
      259169000	     12856	80002700	b0402373	csrrs	x6,mhpmcounter4,x0	  x0:0x00000000  x6=0x00000bd3
      259329000	     12864	80002704	006a2023	sw	x6,0(x20)	 x20:0x8ffffffc  x6:0x00000bd3 PA:0x8ffffffc store:0x00000bd3 load:0xffffffff
      259389000	     12867	80002708	90000a37	lui	x20,0x90000	 x20=0x90000000
      259629000	     12879	8000270c	1a71	c.addi	x20,-4	 x20:0x90000000 x20=0x8ffffffc
      259649000	     12880	8000270e	6305	c.lui	x6,0x1	  x6=0x00001000
      259669000	     12881	80002710	b8430313	addi	x6,x6,-1148	  x6:0x00001000  x6=0x00000b84
      259809000	     12888	80002714	0322	c.slli	x6,0x8	  x6:0x00000b84  x6=0x000b8400
      259829000	     12889	80002716	030d	c.addi	x6,3	  x6:0x000b8400  x6=0x000b8403
      259969000	     12896	80002718	006a2023	sw	x6,0(x20)	 x20:0x8ffffffc  x6:0x000b8403 PA:0x8ffffffc store:0x000b8403 load:0xffffffff
      259989000	     12897	8000271c	b8402373	csrrs	x6,mhpmcounter4h,x0	  x0:0x00000000  x6=0x00000000
      260129000	     12904	80002720	006a2023	sw	x6,0(x20)	 x20:0x8ffffffc  x6:0x00000000 PA:0x8ffffffc store:0x00000000 load:0xffffffff
      260189000	     12907	80002724	90000a37	lui	x20,0x90000	 x20=0x90000000
      260309000	     12913	80002728	1a71	c.addi	x20,-4	 x20:0x90000000 x20=0x8ffffffc
      260329000	     12914	8000272a	6305	c.lui	x6,0x1	  x6=0x00001000
      260349000	     12915	8000272c	b0530313	addi	x6,x6,-1275	  x6:0x00001000  x6=0x00000b05
      260449000	     12920	80002730	0322	c.slli	x6,0x8	  x6:0x00000b05  x6=0x000b0500
      260469000	     12921	80002732	030d	c.addi	x6,3	  x6:0x000b0500  x6=0x000b0503
      260909000	     12943	80002734	006a2023	sw	x6,0(x20)	 x20:0x8ffffffc  x6:0x000b0503 PA:0x8ffffffc store:0x000b0503 load:0xffffffff
      260929000	     12944	80002738	b0502373	csrrs	x6,mhpmcounter5,x0	  x0:0x00000000  x6=0x000000e6
      261429000	     12969	8000273c	006a2023	sw	x6,0(x20)	 x20:0x8ffffffc  x6:0x000000e6 PA:0x8ffffffc store:0x000000e6 load:0xffffffff
      261449000	     12970	80002740	90000a37	lui	x20,0x90000	 x20=0x90000000
      261469000	     12971	80002744	1a71	c.addi	x20,-4	 x20:0x90000000 x20=0x8ffffffc
      261489000	     12972	80002746	6305	c.lui	x6,0x1	  x6=0x00001000
      261509000	     12973	80002748	b8530313	addi	x6,x6,-1147	  x6:0x00001000  x6=0x00000b85
      261529000	     12974	8000274c	0322	c.slli	x6,0x8	  x6:0x00000b85  x6=0x000b8500
      261549000	     12975	8000274e	030d	c.addi	x6,3	  x6:0x000b8500  x6=0x000b8503
      261769000	     12986	80002750	006a2023	sw	x6,0(x20)	 x20:0x8ffffffc  x6:0x000b8503 PA:0x8ffffffc store:0x000b8503 load:0xffffffff
      261789000	     12987	80002754	b8502373	csrrs	x6,mhpmcounter5h,x0	  x0:0x00000000  x6=0x00000000
      262009000	     12998	80002758	006a2023	sw	x6,0(x20)	 x20:0x8ffffffc  x6:0x00000000 PA:0x8ffffffc store:0x00000000 load:0xffffffff
      262029000	     12999	8000275c	90000a37	lui	x20,0x90000	 x20=0x90000000
      262049000	     13000	80002760	1a71	c.addi	x20,-4	 x20:0x90000000 x20=0x8ffffffc
      262069000	     13001	80002762	6305	c.lui	x6,0x1	  x6=0x00001000
      262109000	     13003	80002764	b0630313	addi	x6,x6,-1274	  x6:0x00001000  x6=0x00000b06
      262129000	     13004	80002768	0322	c.slli	x6,0x8	  x6:0x00000b06  x6=0x000b0600
      262149000	     13005	8000276a	030d	c.addi	x6,3	  x6:0x000b0600  x6=0x000b0603
      262209000	     13008	8000276c	006a2023	sw	x6,0(x20)	 x20:0x8ffffffc  x6:0x000b0603 PA:0x8ffffffc store:0x000b0603 load:0xffffffff
      262229000	     13009	80002770	b0602373	csrrs	x6,mhpmcounter6,x0	  x0:0x00000000  x6=0x000000c8
      262429000	     13019	80002774	006a2023	sw	x6,0(x20)	 x20:0x8ffffffc  x6:0x000000c8 PA:0x8ffffffc store:0x000000c8 load:0xffffffff
      262649000	     13030	80002778	90000a37	lui	x20,0x90000	 x20=0x90000000
      262729000	     13034	8000277c	1a71	c.addi	x20,-4	 x20:0x90000000 x20=0x8ffffffc
      262749000	     13035	8000277e	6305	c.lui	x6,0x1	  x6=0x00001000
      263149000	     13055	80002780	b8630313	addi	x6,x6,-1146	  x6:0x00001000  x6=0x00000b86
      263169000	     13056	80002784	0322	c.slli	x6,0x8	  x6:0x00000b86  x6=0x000b8600
      263189000	     13057	80002786	030d	c.addi	x6,3	  x6:0x000b8600  x6=0x000b8603
      263329000	     13064	80002788	006a2023	sw	x6,0(x20)	 x20:0x8ffffffc  x6:0x000b8603 PA:0x8ffffffc store:0x000b8603 load:0xffffffff
      263349000	     13065	8000278c	b8602373	csrrs	x6,mhpmcounter6h,x0	  x0:0x00000000  x6=0x00000000
      263569000	     13076	80002790	006a2023	sw	x6,0(x20)	 x20:0x8ffffffc  x6:0x00000000 PA:0x8ffffffc store:0x00000000 load:0xffffffff
      263749000	     13085	80002794	90000a37	lui	x20,0x90000	 x20=0x90000000
      263929000	     13094	80002798	1a71	c.addi	x20,-4	 x20:0x90000000 x20=0x8ffffffc
      263949000	     13095	8000279a	6305	c.lui	x6,0x1	  x6=0x00001000
      263969000	     13096	8000279c	b0730313	addi	x6,x6,-1273	  x6:0x00001000  x6=0x00000b07
      264369000	     13116	800027a0	0322	c.slli	x6,0x8	  x6:0x00000b07  x6=0x000b0700
      264389000	     13117	800027a2	030d	c.addi	x6,3	  x6:0x000b0700  x6=0x000b0703
      264529000	     13124	800027a4	006a2023	sw	x6,0(x20)	 x20:0x8ffffffc  x6:0x000b0703 PA:0x8ffffffc store:0x000b0703 load:0xffffffff
      264549000	     13125	800027a8	b0702373	csrrs	x6,mhpmcounter7,x0	  x0:0x00000000  x6=0x0000000e
      264709000	     13133	800027ac	006a2023	sw	x6,0(x20)	 x20:0x8ffffffc  x6:0x0000000e PA:0x8ffffffc store:0x0000000e load:0xffffffff
      265009000	     13148	800027b0	90000a37	lui	x20,0x90000	 x20=0x90000000
      265289000	     13162	800027b4	1a71	c.addi	x20,-4	 x20:0x90000000 x20=0x8ffffffc
      265309000	     13163	800027b6	6305	c.lui	x6,0x1	  x6=0x00001000
      265709000	     13183	800027b8	b8730313	addi	x6,x6,-1145	  x6:0x00001000  x6=0x00000b87
      266129000	     13204	800027bc	0322	c.slli	x6,0x8	  x6:0x00000b87  x6=0x000b8700
      266149000	     13205	800027be	030d	c.addi	x6,3	  x6:0x000b8700  x6=0x000b8703
      266509000	     13223	800027c0	006a2023	sw	x6,0(x20)	 x20:0x8ffffffc  x6:0x000b8703 PA:0x8ffffffc store:0x000b8703 load:0xffffffff
      266529000	     13224	800027c4	b8702373	csrrs	x6,mhpmcounter7h,x0	  x0:0x00000000  x6=0x00000000
      266689000	     13232	800027c8	006a2023	sw	x6,0(x20)	 x20:0x8ffffffc  x6:0x00000000 PA:0x8ffffffc store:0x00000000 load:0xffffffff
      266709000	     13233	800027cc	90000a37	lui	x20,0x90000	 x20=0x90000000
      266729000	     13234	800027d0	1a71	c.addi	x20,-4	 x20:0x90000000 x20=0x8ffffffc
      266749000	     13235	800027d2	6305	c.lui	x6,0x1	  x6=0x00001000
      266769000	     13236	800027d4	b0830313	addi	x6,x6,-1272	  x6:0x00001000  x6=0x00000b08
      266789000	     13237	800027d8	0322	c.slli	x6,0x8	  x6:0x00000b08  x6=0x000b0800
      266809000	     13238	800027da	030d	c.addi	x6,3	  x6:0x000b0800  x6=0x000b0803
      266869000	     13241	800027dc	006a2023	sw	x6,0(x20)	 x20:0x8ffffffc  x6:0x000b0803 PA:0x8ffffffc store:0x000b0803 load:0xffffffff
      266889000	     13242	800027e0	b0802373	csrrs	x6,mhpmcounter8,x0	  x0:0x00000000  x6=0x0000002b
      266989000	     13247	800027e4	006a2023	sw	x6,0(x20)	 x20:0x8ffffffc  x6:0x0000002b PA:0x8ffffffc store:0x0000002b load:0xffffffff
      267009000	     13248	800027e8	90000a37	lui	x20,0x90000	 x20=0x90000000
      267129000	     13254	800027ec	1a71	c.addi	x20,-4	 x20:0x90000000 x20=0x8ffffffc
      267149000	     13255	800027ee	6305	c.lui	x6,0x1	  x6=0x00001000
      267169000	     13256	800027f0	b8830313	addi	x6,x6,-1144	  x6:0x00001000  x6=0x00000b88
      267189000	     13257	800027f4	0322	c.slli	x6,0x8	  x6:0x00000b88  x6=0x000b8800
      267209000	     13258	800027f6	030d	c.addi	x6,3	  x6:0x000b8800  x6=0x000b8803
      267869000	     13291	800027f8	006a2023	sw	x6,0(x20)	 x20:0x8ffffffc  x6:0x000b8803 PA:0x8ffffffc store:0x000b8803 load:0xffffffff
      267889000	     13292	800027fc	b8802373	csrrs	x6,mhpmcounter8h,x0	  x0:0x00000000  x6=0x00000000
      267949000	     13295	80002800	006a2023	sw	x6,0(x20)	 x20:0x8ffffffc  x6:0x00000000 PA:0x8ffffffc store:0x00000000 load:0xffffffff
      267969000	     13296	80002804	90000a37	lui	x20,0x90000	 x20=0x90000000
      267989000	     13297	80002808	1a71	c.addi	x20,-4	 x20:0x90000000 x20=0x8ffffffc
      268009000	     13298	8000280a	6305	c.lui	x6,0x1	  x6=0x00001000
      268329000	     13314	8000280c	b0930313	addi	x6,x6,-1271	  x6:0x00001000  x6=0x00000b09
      268349000	     13315	80002810	0322	c.slli	x6,0x8	  x6:0x00000b09  x6=0x000b0900
      268369000	     13316	80002812	030d	c.addi	x6,3	  x6:0x000b0900  x6=0x000b0903
      268629000	     13329	80002814	006a2023	sw	x6,0(x20)	 x20:0x8ffffffc  x6:0x000b0903 PA:0x8ffffffc store:0x000b0903 load:0xffffffff
      268649000	     13330	80002818	b0902373	csrrs	x6,mhpmcounter9,x0	  x0:0x00000000  x6=0x00000015
      268769000	     13336	8000281c	006a2023	sw	x6,0(x20)	 x20:0x8ffffffc  x6:0x00000015 PA:0x8ffffffc store:0x00000015 load:0xffffffff
      268789000	     13337	80002820	90000a37	lui	x20,0x90000	 x20=0x90000000
      268809000	     13338	80002824	1a71	c.addi	x20,-4	 x20:0x90000000 x20=0x8ffffffc
      268829000	     13339	80002826	6305	c.lui	x6,0x1	  x6=0x00001000
      268849000	     13340	80002828	b8930313	addi	x6,x6,-1143	  x6:0x00001000  x6=0x00000b89
      268869000	     13341	8000282c	0322	c.slli	x6,0x8	  x6:0x00000b89  x6=0x000b8900
      268889000	     13342	8000282e	030d	c.addi	x6,3	  x6:0x000b8900  x6=0x000b8903
      269169000	     13356	80002830	006a2023	sw	x6,0(x20)	 x20:0x8ffffffc  x6:0x000b8903 PA:0x8ffffffc store:0x000b8903 load:0xffffffff
      269189000	     13357	80002834	b8902373	csrrs	x6,mhpmcounter9h,x0	  x0:0x00000000  x6=0x00000000
      269869000	     13391	80002838	006a2023	sw	x6,0(x20)	 x20:0x8ffffffc  x6:0x00000000 PA:0x8ffffffc store:0x00000000 load:0xffffffff
      269889000	     13392	8000283c	90000a37	lui	x20,0x90000	 x20=0x90000000
      269909000	     13393	80002840	1a71	c.addi	x20,-4	 x20:0x90000000 x20=0x8ffffffc
      269929000	     13394	80002842	6305	c.lui	x6,0x1	  x6=0x00001000
      270009000	     13398	80002844	b0a30313	addi	x6,x6,-1270	  x6:0x00001000  x6=0x00000b0a
      270109000	     13403	80002848	0322	c.slli	x6,0x8	  x6:0x00000b0a  x6=0x000b0a00
      270129000	     13404	8000284a	030d	c.addi	x6,3	  x6:0x000b0a00  x6=0x000b0a03
      270189000	     13407	8000284c	006a2023	sw	x6,0(x20)	 x20:0x8ffffffc  x6:0x000b0a03 PA:0x8ffffffc store:0x000b0a03 load:0xffffffff
      270249000	     13410	80002850	b0a02373	csrrs	x6,mhpmcounter10,x0	  x0:0x00000000  x6=0x0000011d
      270809000	     13438	80002854	006a2023	sw	x6,0(x20)	 x20:0x8ffffffc  x6:0x0000011d PA:0x8ffffffc store:0x0000011d load:0xffffffff
      270829000	     13439	80002858	90000a37	lui	x20,0x90000	 x20=0x90000000
      270989000	     13447	8000285c	1a71	c.addi	x20,-4	 x20:0x90000000 x20=0x8ffffffc
      271009000	     13448	8000285e	6305	c.lui	x6,0x1	  x6=0x00001000
      271029000	     13449	80002860	b8a30313	addi	x6,x6,-1142	  x6:0x00001000  x6=0x00000b8a
      271049000	     13450	80002864	0322	c.slli	x6,0x8	  x6:0x00000b8a  x6=0x000b8a00
      271069000	     13451	80002866	030d	c.addi	x6,3	  x6:0x000b8a00  x6=0x000b8a03
      271489000	     13472	80002868	006a2023	sw	x6,0(x20)	 x20:0x8ffffffc  x6:0x000b8a03 PA:0x8ffffffc store:0x000b8a03 load:0xffffffff
      271509000	     13473	8000286c	b8a02373	csrrs	x6,mhpmcounter10h,x0	  x0:0x00000000  x6=0x00000000
      271529000	     13474	80002870	006a2023	sw	x6,0(x20)	 x20:0x8ffffffc  x6:0x00000000 PA:0x8ffffffc store:0x00000000 load:0xffffffff
      271549000	     13475	80002874	90000a37	lui	x20,0x90000	 x20=0x90000000
      271629000	     13479	80002878	1a71	c.addi	x20,-4	 x20:0x90000000 x20=0x8ffffffc
      271649000	     13480	8000287a	6305	c.lui	x6,0x1	  x6=0x00001000
      271669000	     13481	8000287c	b0b30313	addi	x6,x6,-1269	  x6:0x00001000  x6=0x00000b0b
      271809000	     13488	80002880	0322	c.slli	x6,0x8	  x6:0x00000b0b  x6=0x000b0b00
      271829000	     13489	80002882	030d	c.addi	x6,3	  x6:0x000b0b00  x6=0x000b0b03
      271889000	     13492	80002884	006a2023	sw	x6,0(x20)	 x20:0x8ffffffc  x6:0x000b0b03 PA:0x8ffffffc store:0x000b0b03 load:0xffffffff
      272049000	     13500	80002888	b0b02373	csrrs	x6,mhpmcounter11,x0	  x0:0x00000000  x6=0x00000017
      272389000	     13517	8000288c	006a2023	sw	x6,0(x20)	 x20:0x8ffffffc  x6:0x00000017 PA:0x8ffffffc store:0x00000017 load:0xffffffff
      272769000	     13536	80002890	90000a37	lui	x20,0x90000	 x20=0x90000000
      272789000	     13537	80002894	1a71	c.addi	x20,-4	 x20:0x90000000 x20=0x8ffffffc
      272809000	     13538	80002896	6305	c.lui	x6,0x1	  x6=0x00001000
      272829000	     13539	80002898	b8b30313	addi	x6,x6,-1141	  x6:0x00001000  x6=0x00000b8b
      272849000	     13540	8000289c	0322	c.slli	x6,0x8	  x6:0x00000b8b  x6=0x000b8b00
      272869000	     13541	8000289e	030d	c.addi	x6,3	  x6:0x000b8b00  x6=0x000b8b03
      272929000	     13544	800028a0	006a2023	sw	x6,0(x20)	 x20:0x8ffffffc  x6:0x000b8b03 PA:0x8ffffffc store:0x000b8b03 load:0xffffffff
      273009000	     13548	800028a4	b8b02373	csrrs	x6,mhpmcounter11h,x0	  x0:0x00000000  x6=0x00000000
      273269000	     13561	800028a8	006a2023	sw	x6,0(x20)	 x20:0x8ffffffc  x6:0x00000000 PA:0x8ffffffc store:0x00000000 load:0xffffffff
