core   0: 0x80000080 (0x40001d37) lui     s10, 0x40001
core   0: 3 0x80000080 (0x40001d37) x26 0x40001000
core   0: 0x80000084 (0x106d0d13) addi    s10, s10, 262
core   0: 3 0x80000084 (0x106d0d13) x26 0x40001106
core   0: 0x80000088 (0x301d1073) csrw    misa, s10
core   0: 3 0x80000088 (0x301d1073) c769_misa 0x40901104
core   0: 0x8000008c (0x00026797) auipc   a5, 0x26
core   0: 3 0x8000008c (0x00026797) x15 0x8002608c
core   0: 0x80000090 (0xc5878793) addi    a5, a5, -936
core   0: 3 0x80000090 (0xc5878793) x15 0x80025ce4
core   0: 0x80000094 (0x00002d17) auipc   s10, 0x2
core   0: 3 0x80000094 (0x00002d17) x26 0x80002094
core   0: 0x80000098 (0x76cd0d13) addi    s10, s10, 1900
core   0: 3 0x80000098 (0x76cd0d13) x26 0x80002800
core   0: 0x8000009c (0x001d6d13) ori     s10, s10, 1
core   0: 3 0x8000009c (0x001d6d13) x26 0x80002801
core   0: 0x800000a0 (0x305d1073) csrw    mtvec, s10
core   0: 3 0x800000a0 (0x305d1073) c773_mtvec 0x80002801
core   0: 0x800000a4 (0x74725073) csrwi   mseccfg, 4
core   0: 3 0x800000a4 (0x74725073) c1863_mseccfg 0x00000004
core   0: 0x800000a8 (0x00003397) auipc   t2, 0x3
core   0: 3 0x800000a8 (0x00003397) x7  0x800030a8
core   0: 0x800000ac (0x54438393) addi    t2, t2, 1348
core   0: 3 0x800000ac (0x54438393) x7  0x800035ec
core   0: 0x800000b0 (0x00004d01) c.li    s10, 0
core   0: 3 0x800000b0 (0x4d01) x26 0x00000000
core   0: 0x800000b2 (0x000093ea) c.add   t2, s10
core   0: 3 0x800000b2 (0x93ea) x7  0x800035ec
core   0: 0x800000b4 (0x0023d393) srli    t2, t2, 2
core   0: 3 0x800000b4 (0x0023d393) x7  0x20000d7b
core   0: 0x800000b8 (0x3b039073) csrw    pmpaddr0, t2
core   0: 3 0x800000b8 (0x3b039073) c944_pmpaddr0 0x20000d7b
core   0: 0x800000bc (0x00003397) auipc   t2, 0x3
core   0: 3 0x800000bc (0x00003397) x7  0x800030bc
core   0: 0x800000c0 (0x53038393) addi    t2, t2, 1328
core   0: 3 0x800000c0 (0x53038393) x7  0x800035ec
core   0: 0x800000c4 (0x11111d37) lui     s10, 0x11111
core   0: 3 0x800000c4 (0x11111d37) x26 0x11111000
core   0: 0x800000c8 (0x111d0d13) addi    s10, s10, 273
core   0: 3 0x800000c8 (0x111d0d13) x26 0x11111111
core   0: 0x800000cc (0x000093ea) c.add   t2, s10
core   0: 3 0x800000cc (0x93ea) x7  0x911146fd
core   0: 0x800000ce (0x0023d393) srli    t2, t2, 2
core   0: 3 0x800000ce (0x0023d393) x7  0x244451bf
core   0: 0x800000d2 (0x3b139073) csrw    pmpaddr1, t2
core   0: 3 0x800000d2 (0x3b139073) c945_pmpaddr1 0x244451bf
core   0: 0x800000d6 (0x00003397) auipc   t2, 0x3
core   0: 3 0x800000d6 (0x00003397) x7  0x800030d6
core   0: 0x800000da (0x51638393) addi    t2, t2, 1302
core   0: 3 0x800000da (0x51638393) x7  0x800035ec
core   0: 0x800000de (0x22222d37) lui     s10, 0x22222
core   0: 3 0x800000de (0x22222d37) x26 0x22222000
core   0: 0x800000e2 (0x222d0d13) addi    s10, s10, 546
core   0: 3 0x800000e2 (0x222d0d13) x26 0x22222222
core   0: 0x800000e6 (0x000093ea) c.add   t2, s10
core   0: 3 0x800000e6 (0x93ea) x7  0xa222580e
core   0: 0x800000e8 (0x0023d393) srli    t2, t2, 2
core   0: 3 0x800000e8 (0x0023d393) x7  0x28889603
core   0: 0x800000ec (0x3b239073) csrw    pmpaddr2, t2
core   0: 3 0x800000ec (0x3b239073) c946_pmpaddr2 0x28889603
core   0: 0x800000f0 (0x00003397) auipc   t2, 0x3
core   0: 3 0x800000f0 (0x00003397) x7  0x800030f0
core   0: 0x800000f4 (0x4fc38393) addi    t2, t2, 1276
core   0: 3 0x800000f4 (0x4fc38393) x7  0x800035ec
core   0: 0x800000f8 (0x33333d37) lui     s10, 0x33333
core   0: 3 0x800000f8 (0x33333d37) x26 0x33333000
core   0: 0x800000fc (0x333d0d13) addi    s10, s10, 819
core   0: 3 0x800000fc (0x333d0d13) x26 0x33333333
core   0: 0x80000100 (0x000093ea) c.add   t2, s10
core   0: 3 0x80000100 (0x93ea) x7  0xb333691f
core   0: 0x80000102 (0x0023d393) srli    t2, t2, 2
core   0: 3 0x80000102 (0x0023d393) x7  0x2cccda47
core   0: 0x80000106 (0x3b339073) csrw    pmpaddr3, t2
core   0: 3 0x80000106 (0x3b339073) c947_pmpaddr3 0x2cccda47
core   0: 0x8000010a (0x0f0f13b7) lui     t2, 0xf0f1
core   0: 3 0x8000010a (0x0f0f13b7) x7  0x0f0f1000
core   0: 0x8000010e (0xf0f38393) addi    t2, t2, -241
core   0: 3 0x8000010e (0xf0f38393) x7  0x0f0f0f0f
core   0: 0x80000112 (0x3a039073) csrw    pmpcfg0, t2
core   0: 3 0x80000112 (0x3a039073) c928_pmpcfg0 0x0f0f0f0f
core   0: 0x80000116 (0x00003397) auipc   t2, 0x3
core   0: 3 0x80000116 (0x00003397) x7  0x80003116
core   0: 0x8000011a (0x4d638393) addi    t2, t2, 1238
core   0: 3 0x8000011a (0x4d638393) x7  0x800035ec
core   0: 0x8000011e (0x44444d37) lui     s10, 0x44444
core   0: 3 0x8000011e (0x44444d37) x26 0x44444000
core   0: 0x80000122 (0x444d0d13) addi    s10, s10, 1092
core   0: 3 0x80000122 (0x444d0d13) x26 0x44444444
core   0: 0x80000126 (0x000093ea) c.add   t2, s10
core   0: 3 0x80000126 (0x93ea) x7  0xc4447a30
core   0: 0x80000128 (0x0023d393) srli    t2, t2, 2
core   0: 3 0x80000128 (0x0023d393) x7  0x31111e8c
core   0: 0x8000012c (0x3b439073) csrw    pmpaddr4, t2
core   0: 3 0x8000012c (0x3b439073) c948_pmpaddr4 0x31111e8c
core   0: 0x80000130 (0x00003397) auipc   t2, 0x3
core   0: 3 0x80000130 (0x00003397) x7  0x80003130
core   0: 0x80000134 (0x4bc38393) addi    t2, t2, 1212
core   0: 3 0x80000134 (0x4bc38393) x7  0x800035ec
core   0: 0x80000138 (0x55555d37) lui     s10, 0x55555
core   0: 3 0x80000138 (0x55555d37) x26 0x55555000
core   0: 0x8000013c (0x555d0d13) addi    s10, s10, 1365
core   0: 3 0x8000013c (0x555d0d13) x26 0x55555555
core   0: 0x80000140 (0x000093ea) c.add   t2, s10
core   0: 3 0x80000140 (0x93ea) x7  0xd5558b41
core   0: 0x80000142 (0x0023d393) srli    t2, t2, 2
core   0: 3 0x80000142 (0x0023d393) x7  0x355562d0
core   0: 0x80000146 (0x3b539073) csrw    pmpaddr5, t2
core   0: 3 0x80000146 (0x3b539073) c949_pmpaddr5 0x355562d0
core   0: 0x8000014a (0x00003397) auipc   t2, 0x3
core   0: 3 0x8000014a (0x00003397) x7  0x8000314a
core   0: 0x8000014e (0x4a238393) addi    t2, t2, 1186
core   0: 3 0x8000014e (0x4a238393) x7  0x800035ec
core   0: 0x80000152 (0x66666d37) lui     s10, 0x66666
core   0: 3 0x80000152 (0x66666d37) x26 0x66666000
core   0: 0x80000156 (0x666d0d13) addi    s10, s10, 1638
core   0: 3 0x80000156 (0x666d0d13) x26 0x66666666
core   0: 0x8000015a (0x000093ea) c.add   t2, s10
core   0: 3 0x8000015a (0x93ea) x7  0xe6669c52
core   0: 0x8000015c (0x0023d393) srli    t2, t2, 2
core   0: 3 0x8000015c (0x0023d393) x7  0x3999a714
core   0: 0x80000160 (0x3b639073) csrw    pmpaddr6, t2
core   0: 3 0x80000160 (0x3b639073) c950_pmpaddr6 0x3999a714
core   0: 0x80000164 (0x00003397) auipc   t2, 0x3
core   0: 3 0x80000164 (0x00003397) x7  0x80003164
core   0: 0x80000168 (0x48838393) addi    t2, t2, 1160
core   0: 3 0x80000168 (0x48838393) x7  0x800035ec
core   0: 0x8000016c (0x77777d37) lui     s10, 0x77777
core   0: 3 0x8000016c (0x77777d37) x26 0x77777000
core   0: 0x80000170 (0x777d0d13) addi    s10, s10, 1911
core   0: 3 0x80000170 (0x777d0d13) x26 0x77777777
core   0: 0x80000174 (0x000093ea) c.add   t2, s10
core   0: 3 0x80000174 (0x93ea) x7  0xf777ad63
core   0: 0x80000176 (0x0023d393) srli    t2, t2, 2
core   0: 3 0x80000176 (0x0023d393) x7  0x3dddeb58
core   0: 0x8000017a (0x3b739073) csrw    pmpaddr7, t2
core   0: 3 0x8000017a (0x3b739073) c951_pmpaddr7 0x3dddeb58
core   0: 0x8000017e (0x0f0f13b7) lui     t2, 0xf0f1
core   0: 3 0x8000017e (0x0f0f13b7) x7  0x0f0f1000
core   0: 0x80000182 (0xf0f38393) addi    t2, t2, -241
core   0: 3 0x80000182 (0xf0f38393) x7  0x0f0f0f0f
core   0: 0x80000186 (0x3a139073) csrw    pmpcfg1, t2
core   0: 3 0x80000186 (0x3a139073) c929_pmpcfg1 0x0f0f0f0f
core   0: 0x8000018a (0x00003397) auipc   t2, 0x3
core   0: 3 0x8000018a (0x00003397) x7  0x8000318a
core   0: 0x8000018e (0x46238393) addi    t2, t2, 1122
core   0: 3 0x8000018e (0x46238393) x7  0x800035ec
core   0: 0x80000192 (0x88889d37) lui     s10, 0x88889
core   0: 3 0x80000192 (0x88889d37) x26 0x88889000
core   0: 0x80000196 (0x888d0d13) addi    s10, s10, -1912
core   0: 3 0x80000196 (0x888d0d13) x26 0x88888888
core   0: 0x8000019a (0x000093ea) c.add   t2, s10
core   0: 3 0x8000019a (0x93ea) x7  0x0888be74
core   0: 0x8000019c (0x0023d393) srli    t2, t2, 2
core   0: 3 0x8000019c (0x0023d393) x7  0x02222f9d
core   0: 0x800001a0 (0x3b839073) csrw    pmpaddr8, t2
core   0: 3 0x800001a0 (0x3b839073) c952_pmpaddr8 0x02222f9d
core   0: 0x800001a4 (0x00003397) auipc   t2, 0x3
core   0: 3 0x800001a4 (0x00003397) x7  0x800031a4
core   0: 0x800001a8 (0x44838393) addi    t2, t2, 1096
core   0: 3 0x800001a8 (0x44838393) x7  0x800035ec
core   0: 0x800001ac (0x9999ad37) lui     s10, 0x9999a
core   0: 3 0x800001ac (0x9999ad37) x26 0x9999a000
core   0: 0x800001b0 (0x999d0d13) addi    s10, s10, -1639
core   0: 3 0x800001b0 (0x999d0d13) x26 0x99999999
core   0: 0x800001b4 (0x000093ea) c.add   t2, s10
core   0: 3 0x800001b4 (0x93ea) x7  0x1999cf85
core   0: 0x800001b6 (0x0023d393) srli    t2, t2, 2
core   0: 3 0x800001b6 (0x0023d393) x7  0x066673e1
core   0: 0x800001ba (0x3b939073) csrw    pmpaddr9, t2
core   0: 3 0x800001ba (0x3b939073) c953_pmpaddr9 0x066673e1
core   0: 0x800001be (0x00003397) auipc   t2, 0x3
core   0: 3 0x800001be (0x00003397) x7  0x800031be
core   0: 0x800001c2 (0x42e38393) addi    t2, t2, 1070
core   0: 3 0x800001c2 (0x42e38393) x7  0x800035ec
core   0: 0x800001c6 (0xaaaabd37) lui     s10, 0xaaaab
core   0: 3 0x800001c6 (0xaaaabd37) x26 0xaaaab000
core   0: 0x800001ca (0xaaad0d13) addi    s10, s10, -1366
core   0: 3 0x800001ca (0xaaad0d13) x26 0xaaaaaaaa
core   0: 0x800001ce (0x000093ea) c.add   t2, s10
core   0: 3 0x800001ce (0x93ea) x7  0x2aaae096
core   0: 0x800001d0 (0x0023d393) srli    t2, t2, 2
core   0: 3 0x800001d0 (0x0023d393) x7  0x0aaab825
core   0: 0x800001d4 (0x3ba39073) csrw    pmpaddr10, t2
core   0: 3 0x800001d4 (0x3ba39073) c954_pmpaddr10 0x0aaab825
core   0: 0x800001d8 (0x00003397) auipc   t2, 0x3
core   0: 3 0x800001d8 (0x00003397) x7  0x800031d8
core   0: 0x800001dc (0x41438393) addi    t2, t2, 1044
core   0: 3 0x800001dc (0x41438393) x7  0x800035ec
core   0: 0x800001e0 (0xbbbbcd37) lui     s10, 0xbbbbc
core   0: 3 0x800001e0 (0xbbbbcd37) x26 0xbbbbc000
core   0: 0x800001e4 (0xbbbd0d13) addi    s10, s10, -1093
core   0: 3 0x800001e4 (0xbbbd0d13) x26 0xbbbbbbbb
core   0: 0x800001e8 (0x000093ea) c.add   t2, s10
core   0: 3 0x800001e8 (0x93ea) x7  0x3bbbf1a7
core   0: 0x800001ea (0x0023d393) srli    t2, t2, 2
core   0: 3 0x800001ea (0x0023d393) x7  0x0eeefc69
core   0: 0x800001ee (0x3bb39073) csrw    pmpaddr11, t2
core   0: 3 0x800001ee (0x3bb39073) c955_pmpaddr11 0x0eeefc69
core   0: 0x800001f2 (0x0f0f13b7) lui     t2, 0xf0f1
core   0: 3 0x800001f2 (0x0f0f13b7) x7  0x0f0f1000
core   0: 0x800001f6 (0xf0f38393) addi    t2, t2, -241
core   0: 3 0x800001f6 (0xf0f38393) x7  0x0f0f0f0f
core   0: 0x800001fa (0x3a239073) csrw    pmpcfg2, t2
core   0: 3 0x800001fa (0x3a239073) c930_pmpcfg2 0x0f0f0f0f
core   0: 0x800001fe (0x00003397) auipc   t2, 0x3
core   0: 3 0x800001fe (0x00003397) x7  0x800031fe
core   0: 0x80000202 (0x3ee38393) addi    t2, t2, 1006
core   0: 3 0x80000202 (0x3ee38393) x7  0x800035ec
core   0: 0x80000206 (0xccccdd37) lui     s10, 0xccccd
core   0: 3 0x80000206 (0xccccdd37) x26 0xccccd000
core   0: 0x8000020a (0xcccd0d13) addi    s10, s10, -820
core   0: 3 0x8000020a (0xcccd0d13) x26 0xcccccccc
core   0: 0x8000020e (0x000093ea) c.add   t2, s10
core   0: 3 0x8000020e (0x93ea) x7  0x4ccd02b8
core   0: 0x80000210 (0x0023d393) srli    t2, t2, 2
core   0: 3 0x80000210 (0x0023d393) x7  0x133340ae
core   0: 0x80000214 (0x3bc39073) csrw    pmpaddr12, t2
core   0: 3 0x80000214 (0x3bc39073) c956_pmpaddr12 0x133340ae
core   0: 0x80000218 (0x00003397) auipc   t2, 0x3
core   0: 3 0x80000218 (0x00003397) x7  0x80003218
core   0: 0x8000021c (0x3d438393) addi    t2, t2, 980
core   0: 3 0x8000021c (0x3d438393) x7  0x800035ec
core   0: 0x80000220 (0xdddded37) lui     s10, 0xdddde
core   0: 3 0x80000220 (0xdddded37) x26 0xdddde000
core   0: 0x80000224 (0xdddd0d13) addi    s10, s10, -547
core   0: 3 0x80000224 (0xdddd0d13) x26 0xdddddddd
core   0: 0x80000228 (0x000093ea) c.add   t2, s10
core   0: 3 0x80000228 (0x93ea) x7  0x5dde13c9
core   0: 0x8000022a (0x0023d393) srli    t2, t2, 2
core   0: 3 0x8000022a (0x0023d393) x7  0x177784f2
core   0: 0x8000022e (0x3bd39073) csrw    pmpaddr13, t2
core   0: 3 0x8000022e (0x3bd39073) c957_pmpaddr13 0x177784f2
core   0: 0x80000232 (0x00003397) auipc   t2, 0x3
core   0: 3 0x80000232 (0x00003397) x7  0x80003232
core   0: 0x80000236 (0x3ba38393) addi    t2, t2, 954
core   0: 3 0x80000236 (0x3ba38393) x7  0x800035ec
core   0: 0x8000023a (0xeeeefd37) lui     s10, 0xeeeef
core   0: 3 0x8000023a (0xeeeefd37) x26 0xeeeef000
core   0: 0x8000023e (0xeeed0d13) addi    s10, s10, -274
core   0: 3 0x8000023e (0xeeed0d13) x26 0xeeeeeeee
core   0: 0x80000242 (0x000093ea) c.add   t2, s10
core   0: 3 0x80000242 (0x93ea) x7  0x6eef24da
core   0: 0x80000244 (0x0023d393) srli    t2, t2, 2
core   0: 3 0x80000244 (0x0023d393) x7  0x1bbbc936
core   0: 0x80000248 (0x3be39073) csrw    pmpaddr14, t2
core   0: 3 0x80000248 (0x3be39073) c958_pmpaddr14 0x1bbbc936
core   0: 0x8000024c (0x00003397) auipc   t2, 0x3
core   0: 3 0x8000024c (0x00003397) x7  0x8000324c
core   0: 0x80000250 (0x3a038393) addi    t2, t2, 928
core   0: 3 0x80000250 (0x3a038393) x7  0x800035ec
core   0: 0x80000254 (0xfff00d13) li      s10, -1
core   0: 3 0x80000254 (0xfff00d13) x26 0xffffffff
core   0: 0x80000258 (0x000093ea) c.add   t2, s10
core   0: 3 0x80000258 (0x93ea) x7  0x800035eb
core   0: 0x8000025a (0x0023d393) srli    t2, t2, 2
core   0: 3 0x8000025a (0x0023d393) x7  0x20000d7a
core   0: 0x8000025e (0x3bf39073) csrw    pmpaddr15, t2
core   0: 3 0x8000025e (0x3bf39073) c959_pmpaddr15 0x20000d7a
core   0: 0x80000262 (0x0f0f13b7) lui     t2, 0xf0f1
core   0: 3 0x80000262 (0x0f0f13b7) x7  0x0f0f1000
core   0: 0x80000266 (0xf0f38393) addi    t2, t2, -241
core   0: 3 0x80000266 (0xf0f38393) x7  0x0f0f0f0f
core   0: 0x8000026a (0x3a339073) csrw    pmpcfg3, t2
core   0: 3 0x8000026a (0x3a339073) c931_pmpcfg3 0x0f0f0f0f
core   0: 0x8000026e (0x00000d17) auipc   s10, 0x0
core   0: 3 0x8000026e (0x00000d17) x26 0x8000026e
core   0: 0x80000272 (0x060d0d13) addi    s10, s10, 96
core   0: 3 0x80000272 (0x060d0d13) x26 0x800002ce
core   0: 0x80000276 (0x341d1073) csrw    mepc, s10
core   0: 3 0x80000276 (0x341d1073) c833_mepc 0x800002ce
core   0: 0x8000027a (0x7c00d073) csrwi   cpuctrlsts, 1
core   0: 3 0x8000027a (0x7c00d073) c1984_cpuctrlsts 0x00000101
core   0: 0x8000027e (0x00004d01) c.li    s10, 0
core   0: 3 0x8000027e (0x4d01) x26 0x00000000
core   0: 0x80000280 (0x300d1073) csrw    mstatus, s10
core   0: 3 0x80000280 (0x300d1073) c768_mstatus 0x00000000
core   0: 0x80000284 (0x00004d01) c.li    s10, 0
core   0: 3 0x80000284 (0x4d01) x26 0x00000000
core   0: 0x80000286 (0x304d1073) csrw    mie, s10
core   0: 3 0x80000286 (0x304d1073) c772_mie 0x00000000
core   0: 0x8000028a (0x90000237) lui     tp, 0x90000
core   0: 3 0x8000028a (0x90000237) x4  0x90000000
core   0: 0x8000028e (0x00001271) c.addi  tp, -4
core   0: 3 0x8000028e (0x1271) x4  0x8ffffffc
core   0: 0x80000290 (0x90000237) lui     tp, 0x90000
core   0: 3 0x80000290 (0x90000237) x4  0x90000000
core   0: 0x80000294 (0x00001271) c.addi  tp, -4
core   0: 3 0x80000294 (0x1271) x4  0x8ffffffc
core   0: 0x80000296 (0x90000237) lui     tp, 0x90000
core   0: 3 0x80000296 (0x90000237) x4  0x90000000
core   0: 0x8000029a (0x00001271) c.addi  tp, -4
core   0: 3 0x8000029a (0x1271) x4  0x8ffffffc
core   0: 0x8000029c (0x30000d13) li      s10, 768
core   0: 3 0x8000029c (0x30000d13) x26 0x00000300
core   0: 0x800002a0 (0x00000d22) c.slli  s10, 8
core   0: 3 0x800002a0 (0x0d22) x26 0x00030000
core   0: 0x800002a2 (0x00000d0d) c.addi  s10, 3
core   0: 3 0x800002a2 (0x0d0d) x26 0x00030003
core   0: 0x800002a4 (0x01a22023) sw      s10, 0(tp)
core   0: 3 0x800002a4 (0x01a22023) mem 0x8ffffffc 0x00030003
core   0: 0x800002a8 (0x30002d73) csrr    s10, mstatus
core   0: 3 0x800002a8 (0x30002d73) x26 0x00000000
core   0: 0x800002ac (0x01a22023) sw      s10, 0(tp)
core   0: 3 0x800002ac (0x01a22023) mem 0x8ffffffc 0x00000000
core   0: 0x800002b0 (0x90000237) lui     tp, 0x90000
core   0: 3 0x800002b0 (0x90000237) x4  0x90000000
core   0: 0x800002b4 (0x00001271) c.addi  tp, -4
core   0: 3 0x800002b4 (0x1271) x4  0x8ffffffc
core   0: 0x800002b6 (0x30400d13) li      s10, 772
core   0: 3 0x800002b6 (0x30400d13) x26 0x00000304
core   0: 0x800002ba (0x00000d22) c.slli  s10, 8
core   0: 3 0x800002ba (0x0d22) x26 0x00030400
core   0: 0x800002bc (0x00000d0d) c.addi  s10, 3
core   0: 3 0x800002bc (0x0d0d) x26 0x00030403
core   0: 0x800002be (0x01a22023) sw      s10, 0(tp)
core   0: 3 0x800002be (0x01a22023) mem 0x8ffffffc 0x00030403
core   0: 0x800002c2 (0x30402d73) csrr    s10, mie
core   0: 3 0x800002c2 (0x30402d73) x26 0x00000000
core   0: 0x800002c6 (0x01a22023) sw      s10, 0(tp)
core   0: 3 0x800002c6 (0x01a22023) mem 0x8ffffffc 0x00000000
core   0: 0x800002ca (0x30200073) mret
core   0: 3 0x800002ca (0x30200073) c768_mstatus 0x00000080
core   0: 0x800002ce (0x00100013) li      zero, 1
core   0: 0 0x800002ce (0x00100013)
core   0: 0x800002d2 (0x49ecc0b7) lui     ra, 0x49ecc
core   0: 0 0x800002d2 (0x49ecc0b7) x1  0x49ecc000
core   0: 0x800002d6 (0x08708093) addi    ra, ra, 135
core   0: 0 0x800002d6 (0x08708093) x1  0x49ecc087
core   0: 0x800002da (0x00004101) c.li    sp, 0
core   0: 0 0x800002da (0x4101) x2  0x00000000
core   0: 0x800002dc (0x800001b7) lui     gp, 0x80000
core   0: 0 0x800002dc (0x800001b7) x3  0x80000000
core   0: 0x800002e0 (0x80000237) lui     tp, 0x80000
core   0: 0 0x800002e0 (0x80000237) x4  0x80000000
core   0: 0x800002e4 (0x00004281) c.li    t0, 0
core   0: 0 0x800002e4 (0x4281) x5  0x00000000
core   0: 0x800002e6 (0x80000337) lui     t1, 0x80000
core   0: 0 0x800002e6 (0x80000337) x6  0x80000000
core   0: 0x800002ea (0x800003b7) lui     t2, 0x80000
core   0: 0 0x800002ea (0x800003b7) x7  0x80000000
core   0: 0x800002ee (0x00004435) c.li    s0, 13
core   0: 0 0x800002ee (0x4435) x8  0x0000000d
core   0: 0x800002f0 (0xf3c464b7) lui     s1, 0xf3c46
core   0: 0 0x800002f0 (0xf3c464b7) x9  0xf3c46000
core   0: 0x800002f4 (0x49248493) addi    s1, s1, 1170
core   0: 0 0x800002f4 (0x49248493) x9  0xf3c46492
core   0: 0x800002f8 (0x7db24537) lui     a0, 0x7db24
core   0: 0 0x800002f8 (0x7db24537) x10 0x7db24000
core   0: 0x800002fc (0x02d50513) addi    a0, a0, 45
core   0: 0 0x800002fc (0x02d50513) x10 0x7db2402d
core   0: 0x80000300 (0xf1e8b5b7) lui     a1, 0xf1e8b
core   0: 0 0x80000300 (0xf1e8b5b7) x11 0xf1e8b000
core   0: 0x80000304 (0x1fd58593) addi    a1, a1, 509
core   0: 0 0x80000304 (0x1fd58593) x11 0xf1e8b1fd
core   0: 0x80000308 (0xea41f637) lui     a2, 0xea41f
core   0: 0 0x80000308 (0xea41f637) x12 0xea41f000
core   0: 0x8000030c (0x80f60613) addi    a2, a2, -2033
core   0: 0 0x8000030c (0x80f60613) x12 0xea41e80f
core   0: 0x80000310 (0x00004695) c.li    a3, 5
core   0: 0 0x80000310 (0x4695) x13 0x00000005
core   0: 0x80000312 (0x00004701) c.li    a4, 0
core   0: 0 0x80000312 (0x4701) x14 0x00000000
core   0: 0x80000314 (0x80000837) lui     a6, 0x80000
core   0: 0 0x80000314 (0x80000837) x16 0x80000000
core   0: 0x80000318 (0x800008b7) lui     a7, 0x80000
core   0: 0 0x80000318 (0x800008b7) x17 0x80000000
core   0: 0x8000031c (0x80000937) lui     s2, 0x80000
core   0: 0 0x8000031c (0x80000937) x18 0x80000000
core   0: 0x80000320 (0x247fa9b7) lui     s3, 0x247fa
core   0: 0 0x80000320 (0x247fa9b7) x19 0x247fa000
core   0: 0x80000324 (0x13498993) addi    s3, s3, 308
core   0: 0 0x80000324 (0x13498993) x19 0x247fa134
core   0: 0x80000328 (0x80000a37) lui     s4, 0x80000
core   0: 0 0x80000328 (0x80000a37) x20 0x80000000
core   0: 0x8000032c (0x3377aab7) lui     s5, 0x3377a
core   0: 0 0x8000032c (0x3377aab7) x21 0x3377a000
core   0: 0x80000330 (0x6b3a8a93) addi    s5, s5, 1715
core   0: 0 0x80000330 (0x6b3a8a93) x21 0x3377a6b3
core   0: 0x80000334 (0x00004b39) c.li    s6, 14
core   0: 0 0x80000334 (0x4b39) x22 0x0000000e
core   0: 0x80000336 (0x80000bb7) lui     s7, 0x80000
core   0: 0 0x80000336 (0x80000bb7) x23 0x80000000
core   0: 0x8000033a (0xe4118c37) lui     s8, 0xe4118
core   0: 0 0x8000033a (0xe4118c37) x24 0xe4118000
core   0: 0x8000033e (0x4b0c0c13) addi    s8, s8, 1200
core   0: 0 0x8000033e (0x4b0c0c13) x24 0xe41184b0
core   0: 0x80000342 (0xff8e3cb7) lui     s9, 0xff8e3
core   0: 0 0x80000342 (0xff8e3cb7) x25 0xff8e3000
core   0: 0x80000346 (0x42dc8c93) addi    s9, s9, 1069
core   0: 0 0x80000346 (0x42dc8c93) x25 0xff8e342d
core   0: 0x8000034a (0x00004d01) c.li    s10, 0
core   0: 0 0x8000034a (0x4d01) x26 0x00000000
core   0: 0x8000034c (0xf756edb7) lui     s11, 0xf756e
core   0: 0 0x8000034c (0xf756edb7) x27 0xf756e000
core   0: 0x80000350 (0x58bd8d93) addi    s11, s11, 1419
core   0: 0 0x80000350 (0x58bd8d93) x27 0xf756e58b
core   0: 0x80000354 (0xb0c56eb7) lui     t4, 0xb0c56
core   0: 0 0x80000354 (0xb0c56eb7) x29 0xb0c56000
core   0: 0x80000358 (0x673e8e93) addi    t4, t4, 1651
core   0: 0 0x80000358 (0x673e8e93) x29 0xb0c56673
core   0: 0x8000035c (0xf208df37) lui     t5, 0xf208d
core   0: 0 0x8000035c (0xf208df37) x30 0xf208d000
core   0: 0x80000360 (0xd6cf0f13) addi    t5, t5, -660
core   0: 0 0x80000360 (0xd6cf0f13) x30 0xf208cd6c
core   0: 0x80000364 (0x09249fb7) lui     t6, 0x9249
core   0: 0 0x80000364 (0x09249fb7) x31 0x09249000
core   0: 0x80000368 (0x2b6f8f93) addi    t6, t6, 694
core   0: 0 0x80000368 (0x2b6f8f93) x31 0x092492b6
core   0: 0x8000036c (0x00022e17) auipc   t3, 0x22
core   0: 0 0x8000036c (0x00022e17) x28 0x8002236c
core   0: 0x80000370 (0xaf8e0e13) addi    t3, t3, -1288
core   0: 0 0x80000370 (0xaf8e0e13) x28 0x80021e64
core   0: 0x80000374 (0x90000237) lui     tp, 0x90000
core   0: 0 0x80000374 (0x90000237) x4  0x90000000
core   0: 0x80000378 (0x00001271) c.addi  tp, -4
core   0: 0 0x80000378 (0x1271) x4  0x8ffffffc
core   0: 0x8000037a (0x00004d01) c.li    s10, 0
core   0: 0 0x8000037a (0x4d01) x26 0x00000000
core   0: 0x8000037c (0x00000d22) c.slli  s10, 8
core   0: 0 0x8000037c (0x0d22) x26 0x00000000
core   0: 0x8000037e (0x000d0d13) mv      s10, s10
core   0: 0 0x8000037e (0x000d0d13) x26 0x00000000
core   0: 0x80000382 (0x01a22023) sw      s10, 0(tp)
core   0: 0 0x80000382 (0x01a22023) mem 0x8ffffffc 0x00000000
core   0: 0x80000386 (0x2660306f) j       pc + 0x3266
core   0: 0 0x80000386 (0x2660306f)
core   0: 0x800035ec (0x0000c089) c.beqz  s1, pc + 2
core   0: 0 0x800035ec (0xc089)
core   0: 0x800035ee (0x64e22013) slti    zero, tp, 1614
core   0: 0 0x800035ee (0x64e22013)
core   0: 0x800035f2 (0x029200b3) mul     ra, tp, s1
core   0: 0 0x800035f2 (0x029200b3) x1  0x50ee6db8
core   0: 0x800035f6 (0x00009fee) c.add   t6, s11
core   0: 0 0x800035f6 (0x9fee) x31 0x007b7841
core   0: 0x800035f8 (0x000095ce) c.add   a1, s3
core   0: 0 0x800035f8 (0x95ce) x11 0x16685331
core   0: 0x800035fa (0x000008b2) c.slli  a7, 12
core   0: 0 0x800035fa (0x08b2) x17 0x00000000
core   0: 0x800035fc (0xc7123f13) sltiu   t5, tp, -911
core   0: 0 0x800035fc (0xc7123f13) x30 0x00000001
core   0: 0x80003600 (0x0378adb3) mulhsu  s11, a7, s7
core   0: 0 0x80003600 (0x0378adb3) x27 0x00000000
core   0: 0x80003604 (0x03db0f33) mul     t5, s6, t4
core   0: 0 0x80003604 (0x03db0f33) x30 0xaacb9a4a
core   0: 0x80003608 (0x00001a90) c.addi4spn a2, sp, 368
core   0: 0 0x80003608 (0x1a90) x12 0x00000170
core   0: 0x8000360a (0x4091da93) srai    s5, gp, 9
core   0: 0 0x8000360a (0x4091da93) x21 0xffc00000
core   0: 0x8000360e (0x00008611) c.srai  a2, 4
core   0: 0 0x8000360e (0x8611) x12 0x00000017
core   0: 0x80003610 (0x00e06833) or      a6, zero, a4
core   0: 0 0x80003610 (0x00e06833) x16 0x00000000
core   0: 0x80003614 (0x0000cd89) c.beqz  a1, pc + 26
core   0: 0 0x80003614 (0xcd89)
core   0: 0x80003616 (0x28fb7513) andi    a0, s6, 655
core   0: 0 0x80003616 (0x28fb7513) x10 0x0000000e
core   0: 0x8000361a (0x7571c313) xori    t1, gp, 1879
core   0: 0 0x8000361a (0x7571c313) x6  0x80000757
core   0: 0x8000361e (0x066fc263) blt     t6, t1, pc + 100
core   0: 0 0x8000361e (0x066fc263)
core   0: 0x80003622 (0x0000059e) c.slli  a1, 7
core   0: 0 0x80003622 (0x059e) x11 0x34299880
core   0: 0x80003624 (0x97a26493) ori     s1, tp, -1670
core   0: 0 0x80003624 (0x97a26493) x9  0xfffffffe
core   0: 0x80003628 (0x0000c6b5) c.beqz  a3, pc + 108
core   0: 0 0x80003628 (0xc6b5)
core   0: 0x8000362a (0xb7de3213) sltiu   tp, t3, -1155
core   0: 0 0x8000362a (0xb7de3213) x4  0x00000001
core   0: 0x8000362e (0xfd0c2f17) auipc   t5, 0xfd0c2
core   0: 0 0x8000362e (0xfd0c2f17) x30 0x7d0c562e
core   0: 0x80003632 (0x05c88863) beq     a7, t3, pc + 80
core   0: 0 0x80003632 (0x05c88863)
core   0: 0x80003636 (0x0d982b13) slti    s6, a6, 217
core   0: 0 0x80003636 (0x0d982b13) x22 0x00000001
core   0: 0x8000363a (0xe80f5937) lui     s2, 0xe80f5
core   0: 0 0x8000363a (0xe80f5937) x18 0xe80f5000
core   0: 0x8000363e (0x0ff0000f) fence   iorw,iorw
core   0: 0 0x8000363e (0x0ff0000f)
core   0: 0x80003642 (0x00000217) auipc   tp, 0x0
core   0: 0 0x80003642 (0x00000217) x4  0x80003642
core   0: 0x80003646 (0x16e20213) addi    tp, tp, 366
core   0: 0 0x80003646 (0x16e20213) x4  0x800037b0
core   0: 0x8000364a (0x00b87bb3) and     s7, a6, a1
core   0: 0 0x8000364a (0x00b87bb3) x23 0x00000000
core   0: 0x8000364e (0x25b20213) addi    tp, tp, 603
core   0: 0 0x8000364e (0x25b20213) x4  0x80003a0b
core   0: 0x80003652 (0x017d5763) bge     s10, s7, pc + 14
core   0: 0 0x80003652 (0x017d5763)
core   0: 0x80003660 (0xda620ae7) jalr    s5, tp, -602
core   0: 0 0x80003660 (0xda620ae7) x21 0x80003664
core   0: 0x800037b0 (0x00001e41) c.addi  t3, -16
core   0: 0 0x800037b0 (0x1e41) x28 0x80021e54
core   0: 0x800037b2 (0x41a9d613) srai    a2, s3, 26
core   0: 0 0x800037b2 (0x41a9d613) x12 0x00000009
core   0: 0x800037b6 (0x0000717d) c.addi16sp sp, -16
core   0: 0 0x800037b6 (0x717d) x2  0xfffffff0
core   0: 0x800037b8 (0x00000001) c.nop
core   0: 0 0x800037b8 (0x0001)
core   0: 0x800037ba (0x02b6d633) divu    a2, a3, a1
core   0: 0 0x800037ba (0x02b6d633) x12 0x00000000
core   0: 0x800037be (0x3b23e937) lui     s2, 0x3b23e
core   0: 0 0x800037be (0x3b23e937) x18 0x3b23e000
core   0: 0x800037c2 (0x015e2223) sw      s5, 4(t3)
core   0: 0 0x800037c2 (0x015e2223) mem 0x80021e58 0x80003664
core   0: 0x800037c6 (0xc11a3893) sltiu   a7, s4, -1007
core   0: 0 0x800037c6 (0xc11a3893) x17 0x00000001
core   0: 0x800037ca (0x000086b9) c.srai  a3, 14
core   0: 0 0x800037ca (0x86b9) x13 0x00000000
core   0: 0x800037cc (0x0c2f1937) lui     s2, 0xc2f1
core   0: 0 0x800037cc (0x0c2f1937) x18 0x0c2f1000
core   0: 0x800037d0 (0x000e3833) sltu    a6, t3, zero
core   0: 0 0x800037d0 (0x000e3833) x16 0x00000000
core   0: 0x800037d4 (0x00aa1213) slli    tp, s4, 10
core   0: 0 0x800037d4 (0x00aa1213) x4  0x00000000
core   0: 0x800037d8 (0x0000ef09) c.bnez  a4, pc + 26
core   0: 0 0x800037d8 (0xef09)
core   0: 0x800037da (0x6af3e713) ori     a4, t2, 1711
core   0: 0 0x800037da (0x6af3e713) x14 0x800006af
core   0: 0x800037de (0xc2973f97) auipc   t6, 0xc2973
core   0: 0 0x800037de (0xc2973f97) x31 0x429767de
core   0: 0x800037e2 (0x414fde93) srai    t4, t6, 20
core   0: 0 0x800037e2 (0x414fde93) x29 0x00000429
core   0: 0x800037e6 (0x5f6fb493) sltiu   s1, t6, 1526
core   0: 0 0x800037e6 (0x5f6fb493) x9  0x00000000
core   0: 0x800037ea (0x01f1bbb3) sltu    s7, gp, t6
core   0: 0 0x800037ea (0x01f1bbb3) x23 0x00000000
core   0: 0x800037ee (0x0ff0000f) fence   iorw,iorw
core   0: 0 0x800037ee (0x0ff0000f)
core   0: 0x800037f2 (0x00008a75) c.andi  a2, 29
core   0: 0 0x800037f2 (0x8a75) x12 0x00000000
core   0: 0x800037f4 (0x03f80133) mul     sp, a6, t6
core   0: 0 0x800037f4 (0x03f80133) x2  0x00000000
core   0: 0x800037f8 (0x0000e681) c.bnez  a3, pc + 8
core   0: 0 0x800037f8 (0xe681)
core   0: 0x800037fa (0x000080b5) c.srli  s1, 13
core   0: 0 0x800037fa (0x80b5) x9  0x00000000
core   0: 0x800037fc (0x03f54d63) blt     a0, t6, pc + 58
core   0: 0 0x800037fc (0x03f54d63)
core   0: 0x80003836 (0x00008cad) c.xor   s1, a1
core   0: 0 0x80003836 (0x8cad) x9  0x34299880
core   0: 0x80003838 (0x0000e89d) c.bnez  s1, pc + 54
core   0: 0 0x80003838 (0xe89d)
core   0: 0x8000386e (0x01eab5b3) sltu    a1, s5, t5
core   0: 0 0x8000386e (0x01eab5b3) x11 0x00000000
core   0: 0x80003872 (0xbf95d5b7) lui     a1, 0xbf95d
core   0: 0 0x80003872 (0xbf95d5b7) x11 0xbf95d000
core   0: 0x80003876 (0x00008ccd) c.or    s1, a1
core   0: 0 0x80003876 (0x8ccd) x9  0xbfbdd880
core   0: 0x80003878 (0x00009996) c.add   s3, t0
core   0: 0 0x80003878 (0x9996) x19 0x247fa134
core   0: 0x8000387a (0xefef7c93) andi    s9, t5, -258
core   0: 0 0x8000387a (0xefef7c93) x25 0x7d0c562e
core   0: 0x8000387e (0x0000517d) c.li    sp, -1
core   0: 0 0x8000387e (0x517d) x2  0xffffffff
core   0: 0x80003880 (0x0071dc33) srl     s8, gp, t2
core   0: 0 0x80003880 (0x0071dc33) x24 0x80000000
core   0: 0x80003884 (0x021560b3) rem     ra, a0, ra
core   0: 0 0x80003884 (0x021560b3) x1  0x0000000e
core   0: 0x80003888 (0x03b1e0b3) rem     ra, gp, s11
core   0: 0 0x80003888 (0x03b1e0b3) x1  0x80000000
core   0: 0x8000388c (0x00009306) c.add   t1, ra
core   0: 0 0x8000388c (0x9306) x6  0x00000757
core   0: 0x8000388e (0x0000100f) fence.i
core   0: 0 0x8000388e (0x0000100f)
core   0: 0x80003892 (0x00001b14) c.addi4spn a3, sp, 432
core   0: 0 0x80003892 (0x1b14) x13 0x000001af
core   0: 0x80003894 (0x0ff0000f) fence   iorw,iorw
core   0: 0 0x80003894 (0x0ff0000f)
core   0: 0x80003898 (0x411655b3) sra     a1, a2, a7
core   0: 0 0x80003898 (0x411655b3) x11 0x00000000
core   0: 0x8000389c (0x0000844d) c.srai  s0, 19
core   0: 0 0x8000389c (0x844d) x8  0x00000000
core   0: 0x8000389e (0x00000406) c.slli  s0, 1
core   0: 0 0x8000389e (0x0406) x8  0x00000000
core   0: 0x800038a0 (0x02240233) mul     tp, s0, sp
core   0: 0 0x800038a0 (0x02240233) x4  0x00000000
core   0: 0x800038a4 (0x00000b7e) c.slli  s6, 31
core   0: 0 0x800038a4 (0x0b7e) x22 0x80000000
core   0: 0x800038a6 (0x02b75663) bge     a4, a1, pc + 44
core   0: 0 0x800038a6 (0x02b75663)
core   0: 0x800038aa (0x00001d7d) c.addi  s10, -1
core   0: 0 0x800038aa (0x1d7d) x26 0xffffffff
core   0: 0x800038ac (0x56fd6e93) ori     t4, s10, 1391
core   0: 0 0x800038ac (0x56fd6e93) x29 0xffffffff
core   0: 0x800038b0 (0xaec40037) lui     zero, 0xaec40
core   0: 0 0x800038b0 (0xaec40037)
core   0: 0x800038b4 (0xfc80f913) andi    s2, ra, -56
core   0: 0 0x800038b4 (0xfc80f913) x18 0x80000000
core   0: 0x800038b8 (0x00000a3e) c.slli  s4, 15
core   0: 0 0x800038b8 (0x0a3e) x20 0x00000000
core   0: 0x800038ba (0x0067e463) bltu    a5, t1, pc + 8
core   0: 0 0x800038ba (0x0067e463)
core   0: 0x800038be (0x013ddf93) srli    t6, s11, 19
core   0: 0 0x800038be (0x013ddf93) x31 0x00000000
core   0: 0x800038c2 (0x00bbd133) srl     sp, s7, a1
core   0: 0 0x800038c2 (0x00bbd133) x2  0x00000000
core   0: 0x800038c6 (0x40735d93) srai    s11, t1, 7
core   0: 0 0x800038c6 (0x40735d93) x27 0x0000000e
core   0: 0x800038ca (0x0000c401) c.beqz  s0, pc + 8
core   0: 0 0x800038ca (0xc401)
core   0: 0x800038d2 (0x01c57db3) and     s11, a0, t3
core   0: 0 0x800038d2 (0x01c57db3) x27 0x00000004
core   0: 0x800038d6 (0x023f1963) bne     t5, gp, pc + 50
core   0: 0 0x800038d6 (0x023f1963)
core   0: 0x80003908 (0x00004099) c.li    ra, 6
core   0: 0 0x80003908 (0x4099) x1  0x00000006
core   0: 0x8000390a (0x0103a5b3) slt     a1, t2, a6
core   0: 0 0x8000390a (0x0103a5b3) x11 0x00000001
core   0: 0x8000390e (0x00000001) c.nop
core   0: 0 0x8000390e (0x0001)
core   0: 0x80003910 (0x04469163) bne     a3, tp, pc + 66
core   0: 0 0x80003910 (0x04469163)
core   0: 0x80003952 (0x00008c19) c.sub   s0, a4
core   0: 0 0x80003952 (0x8c19) x8  0x7ffff951
core   0: 0x80003954 (0x0000717d) c.addi16sp sp, -16
core   0: 0 0x80003954 (0x717d) x2  0xfffffff0
core   0: 0x80003956 (0x00008c21) c.xor   s0, s0
core   0: 0 0x80003956 (0x8c21) x8  0x00000000
core   0: 0x80003958 (0x401308b3) sub     a7, t1, ra
core   0: 0 0x80003958 (0x401308b3) x17 0x00000751
core   0: 0x8000395c (0xafea4c13) xori    s8, s4, -1282
core   0: 0 0x8000395c (0xafea4c13) x24 0xfffffafe
core   0: 0x80003960 (0x035ab5b3) mulhu   a1, s5, s5
core   0: 0 0x80003960 (0x035ab5b3) x11 0x40003664
core   0: 0x80003964 (0xa0a6fc13) andi    s8, a3, -1526
core   0: 0 0x80003964 (0xa0a6fc13) x24 0x0000000a
core   0: 0x80003968 (0x0202c463) bltz    t0, pc + 40
core   0: 0 0x80003968 (0x0202c463)
core   0: 0x8000396c (0x00008119) c.srli  a0, 6
core   0: 0 0x8000396c (0x8119) x10 0x00000000
core   0: 0x8000396e (0x00006a7d) c.lui   s4, 0x1f
core   0: 0 0x8000396e (0x6a7d) x20 0x0001f000
core   0: 0x80003970 (0x0000869d) c.srai  a3, 7
core   0: 0 0x80003970 (0x869d) x13 0x00000003
core   0: 0x80003972 (0x020f5c63) bgez    t5, pc + 56
core   0: 0 0x80003972 (0x020f5c63)
core   0: 0x800039aa (0x000045c9) c.li    a1, 18
core   0: 0 0x800039aa (0x45c9) x11 0x00000012
core   0: 0x800039ac (0x03d17463) bgeu    sp, t4, pc + 40
core   0: 0 0x800039ac (0x03d17463)
core   0: 0x800039b0 (0x01c0eb33) or      s6, ra, t3
core   0: 0 0x800039b0 (0x01c0eb33) x22 0x80021e56
core   0: 0x800039b4 (0x00000f10) c.addi4spn a2, sp, 912
core   0: 0 0x800039b4 (0x0f10) x12 0x00000380
core   0: 0x800039b6 (0x0374e133) rem     sp, s1, s7
core   0: 0 0x800039b6 (0x0374e133) x2  0xbfbdd880
core   0: 0x800039ba (0x0000717d) c.addi16sp sp, -16
core   0: 0 0x800039ba (0x717d) x2  0xbfbdd870
core   0: 0x800039bc (0x01957833) and     a6, a0, s9
core   0: 0 0x800039bc (0x01957833) x16 0x00000000
core   0: 0x800039c0 (0x000089e9) c.andi  a1, 26
core   0: 0 0x800039c0 (0x89e9) x11 0x00000012
core   0: 0x800039c2 (0x00008ca1) c.xor   s1, s0
core   0: 0 0x800039c2 (0x8ca1) x9  0xbfbdd880
core   0: 0x800039c4 (0x01265263) bge     a2, s2, pc + 4
core   0: 0 0x800039c4 (0x01265263)
core   0: 0x800039c8 (0x00008de5) c.and   a1, s1
core   0: 0 0x800039c8 (0x8de5) x11 0x00000000
core   0: 0x800039ca (0x0000177d) c.addi  a4, -1
core   0: 0 0x800039ca (0x177d) x14 0x800006ae
core   0: 0x800039cc (0x021b5f33) divu    t5, s6, ra
core   0: 0 0x800039cc (0x021b5f33) x30 0x1555afb9
core   0: 0x800039d0 (0xb4708c97) auipc   s9, 0xb4708
core   0: 0 0x800039d0 (0xb4708c97) x25 0x3470b9d0
core   0: 0x800039d4 (0x03c121b3) mulhsu  gp, sp, t3
core   0: 0 0x800039d4 (0x03c121b3) x3  0xdfde6416
core   0: 0x800039d8 (0x01f8fd63) bgeu    a7, t6, pc + 26
core   0: 0 0x800039d8 (0x01f8fd63)
core   0: 0x800039f2 (0x00707f33) and     t5, zero, t2
core   0: 0 0x800039f2 (0x00707f33) x30 0x00000000
core   0: 0x800039f6 (0x04477363) bgeu    a4, tp, pc + 70
core   0: 0 0x800039f6 (0x04477363)
core   0: 0x80003a3c (0xf6a1b913) sltiu   s2, gp, -150
core   0: 0 0x80003a3c (0xf6a1b913) x18 0x00000001
core   0: 0x80003a40 (0x00004b55) c.li    s6, 21
core   0: 0 0x80003a40 (0x4b55) x22 0x00000015
core   0: 0x80003a42 (0x41ad85b3) sub     a1, s11, s10
core   0: 0 0x80003a42 (0x41ad85b3) x11 0x00000005
core   0: 0x80003a46 (0x00bdeab3) or      s5, s11, a1
core   0: 0 0x80003a46 (0x00bdeab3) x21 0x00000005
core   0: 0x80003a4a (0xf8d03213) sltiu   tp, zero, -115
core   0: 0 0x80003a4a (0xf8d03213) x4  0x00000001
core   0: 0x80003a4e (0x009b8eb3) add     t4, s7, s1
core   0: 0 0x80003a4e (0x009b8eb3) x29 0xbfbdd880
core   0: 0x80003a52 (0x000052fd) c.li    t0, -1
core   0: 0 0x80003a52 (0x52fd) x5  0xffffffff
core   0: 0x80003a54 (0x029612b3) mulh    t0, a2, s1
core   0: 0 0x80003a54 (0x029612b3) x5  0xffffff1f
core   0: 0x80003a58 (0x00004a51) c.li    s4, 20
core   0: 0 0x80003a58 (0x4a51) x20 0x00000014
core   0: 0x80003a5a (0x00000001) c.nop
core   0: 0 0x80003a5a (0x0001)
core   0: 0x80003a5c (0x00786b33) or      s6, a6, t2
core   0: 0 0x80003a5c (0x00786b33) x22 0x80000000
core   0: 0x80003a60 (0x0000c185) c.beqz  a1, pc + 32
core   0: 0 0x80003a60 (0xc185)
core   0: 0x80003a62 (0x00d6eb33) or      s6, a3, a3
core   0: 0 0x80003a62 (0x00d6eb33) x22 0x00000003
core   0: 0x80003a66 (0x3b810c13) addi    s8, sp, 952
core   0: 0 0x80003a66 (0x3b810c13) x24 0xbfbddc28
core   0: 0x80003a6a (0x000084bd) c.srai  s1, 15
core   0: 0 0x80003a6a (0x84bd) x9  0xffff7f7b
core   0: 0x80003a6c (0x03d940b3) div     ra, s2, t4
core   0: 0 0x80003a6c (0x03d940b3) x1  0x00000000
core   0: 0x80003a70 (0x00008e86) c.mv    t4, ra
core   0: 0 0x80003a70 (0x8e86) x29 0x00000000
core   0: 0x80003a72 (0x0000997d) c.andi  a0, -1
core   0: 0 0x80003a72 (0x997d) x10 0x00000000
core   0: 0x80003a74 (0x039e2233) mulhsu  tp, t3, s9
core   0: 0 0x80003a74 (0x039e2233) x4  0xe5c8122f
core   0: 0x80003a78 (0x41a98733) sub     a4, s3, s10
core   0: 0 0x80003a78 (0x41a98733) x14 0x247fa135
core   0: 0x80003a7c (0xbaefaf97) auipc   t6, 0xbaefa
core   0: 0 0x80003a7c (0xbaefaf97) x31 0x3aefda7c
core   0: 0x80003a80 (0x0196eb63) bltu    a3, s9, pc + 22
core   0: 0 0x80003a80 (0x0196eb63)
core   0: 0x80003a96 (0x028c8333) mul     t1, s9, s0
core   0: 0 0x80003a96 (0x028c8333) x6  0x00000000
core   0: 0x80003a9a (0x03d19d33) mulh    s10, gp, t4
core   0: 0 0x80003a9a (0x03d19d33) x26 0x00000000
core   0: 0x80003a9e (0x0000717d) c.addi16sp sp, -16
core   0: 0 0x80003a9e (0x717d) x2  0xbfbdd860
core   0: 0x80003aa0 (0xb973cf93) xori    t6, t2, -1129
core   0: 0 0x80003aa0 (0xb973cf93) x31 0x7ffffb97
core   0: 0x80003aa4 (0x0368d763) bge     a7, s6, pc + 46
core   0: 0 0x80003aa4 (0x0368d763)
core   0: 0x80003ad2 (0x00008f6d) c.and   a4, a1
core   0: 0 0x80003ad2 (0x8f6d) x14 0x00000005
core   0: 0x80003ad4 (0x00009afd) c.andi  a3, -1
core   0: 0 0x80003ad4 (0x9afd) x13 0x00000003
core   0: 0x80003ad6 (0x41d3dd13) srai    s10, t2, 29
core   0: 0 0x80003ad6 (0x41d3dd13) x26 0xfffffffc
core   0: 0x80003ada (0x00008dbd) c.xor   a1, a5
core   0: 0 0x80003ada (0x8dbd) x11 0x80025ce1
core   0: 0x80003adc (0x498c3d93) sltiu   s11, s8, 1176
core   0: 0 0x80003adc (0x498c3d93) x27 0x00000000
core   0: 0x80003ae0 (0x00584863) blt     a6, t0, pc + 16
core   0: 0 0x80003ae0 (0x00584863)
core   0: 0x80003ae4 (0x03c87163) bgeu    a6, t3, pc + 34
core   0: 0 0x80003ae4 (0x03c87163)
core   0: 0x80003ae8 (0x013340b3) xor     ra, t1, s3
core   0: 0 0x80003ae8 (0x013340b3) x1  0x247fa134
core   0: 0x80003aec (0x03275b33) divu    s6, a4, s2
core   0: 0 0x80003aec (0x03275b33) x22 0x00000005
core   0: 0x80003af0 (0x00a85bb3) srl     s7, a6, a0
core   0: 0 0x80003af0 (0x00a85bb3) x23 0x00000000
core   0: 0x80003af4 (0x007a4d33) xor     s10, s4, t2
core   0: 0 0x80003af4 (0x007a4d33) x26 0x80000014
core   0: 0x80003af8 (0x8473bc13) sltiu   s8, t2, -1977
core   0: 0 0x80003af8 (0x8473bc13) x24 0x00000001
core   0: 0x80003afc (0x3672e413) ori     s0, t0, 871
core   0: 0 0x80003afc (0x3672e413) x8  0xffffff7f
core   0: 0x80003b00 (0xdc71d8b7) lui     a7, 0xdc71d
core   0: 0 0x80003b00 (0xdc71d8b7) x17 0xdc71d000
core   0: 0x80003b04 (0x00000001) c.nop
core   0: 0 0x80003b04 (0x0001)
core   0: 0x80003b06 (0x0343b633) mulhu   a2, t2, s4
core   0: 0 0x80003b06 (0x0343b633) x12 0x0000000a
core   0: 0x80003b0a (0x01e8d413) srli    s0, a7, 30
core   0: 0 0x80003b0a (0x01e8d413) x8  0x00000003
core   0: 0x80003b0e (0x0184f9b3) and     s3, s1, s8
core   0: 0 0x80003b0e (0x0184f9b3) x19 0x00000001
core   0: 0x80003b12 (0x00008466) c.mv    s0, s9
core   0: 0 0x80003b12 (0x8466) x8  0x3470b9d0
core   0: 0x80003b14 (0x9fb60913) addi    s2, a2, -1541
core   0: 0 0x80003b14 (0x9fb60913) x18 0xfffffa05
core   0: 0x80003b18 (0x408fd293) srai    t0, t6, 8
core   0: 0 0x80003b18 (0x408fd293) x5  0x007ffffb
core   0: 0x80003b1c (0x00000580) c.addi4spn s0, sp, 704
core   0: 0 0x80003b1c (0x0580) x8  0xbfbddb20
core   0: 0x80003b1e (0x02b9cab3) div     s5, s3, a1
core   0: 0 0x80003b1e (0x02b9cab3) x21 0x00000000
core   0: 0x80003b22 (0x031ffb33) remu    s6, t6, a7
core   0: 0 0x80003b22 (0x031ffb33) x22 0x7ffffb97
core   0: 0x80003b26 (0x021f9863) bne     t6, ra, pc + 48
core   0: 0 0x80003b26 (0x021f9863)
core   0: 0x80003b56 (0x02bb1663) bne     s6, a1, pc + 44
core   0: 0 0x80003b56 (0x02bb1663)
core   0: 0x80003b82 (0x027d50b3) divu    ra, s10, t2
core   0: 0 0x80003b82 (0x027d50b3) x1  0x00000001
core   0: 0x80003b86 (0x873b2813) slti    a6, s6, -1933
core   0: 0 0x80003b86 (0x873b2813) x16 0x00000000
core   0: 0x80003b8a (0x00867f33) and     t5, a2, s0
core   0: 0 0x80003b8a (0x00867f33) x30 0x00000000
core   0: 0x80003b8e (0x00a34ab3) xor     s5, t1, a0
core   0: 0 0x80003b8e (0x00a34ab3) x21 0x00000000
core   0: 0x80003b92 (0x00000b52) c.slli  s6, 20
core   0: 0 0x80003b92 (0x0b52) x22 0xb9700000
core   0: 0x80003b94 (0x00008829) c.andi  s0, 10
core   0: 0 0x80003b94 (0x8829) x8  0x00000000
core   0: 0x80003b96 (0x01e8cfb3) xor     t6, a7, t5
core   0: 0 0x80003b96 (0x01e8cfb3) x31 0xdc71d000
core   0: 0x80003b9a (0x00ea0633) add     a2, s4, a4
core   0: 0 0x80003b9a (0x00ea0633) x12 0x00000019
core   0: 0x80003b9e (0x0ff0000f) fence   iorw,iorw
core   0: 0 0x80003b9e (0x0ff0000f)
core   0: 0x80003ba2 (0x40fc0a33) sub     s4, s8, a5
core   0: 0 0x80003ba2 (0x40fc0a33) x20 0x7ffda31d
core   0: 0x80003ba6 (0x023fdc33) divu    s8, t6, gp
core   0: 0 0x80003ba6 (0x023fdc33) x24 0x00000000
core   0: 0x80003baa (0x02257233) remu    tp, a0, sp
core   0: 0 0x80003baa (0x02257233) x4  0x00000000
core   0: 0x80003bae (0x41f209b3) sub     s3, tp, t6
core   0: 0 0x80003bae (0x41f209b3) x19 0x238e3000
core   0: 0x80003bb2 (0x0000994a) c.add   s2, s2
core   0: 0 0x80003bb2 (0x994a) x18 0xfffff40a
core   0: 0x80003bb4 (0x00006155) c.addi16sp sp, 304
core   0: 0 0x80003bb4 (0x6155) x2  0xbfbdd990
core   0: 0x80003bb6 (0x0000100f) fence.i
core   0: 0 0x80003bb6 (0x0000100f)
core   0: 0x80003bba (0x0000e11d) c.bnez  a0, pc + 38
core   0: 0 0x80003bba (0xe11d)
core   0: 0x80003bbc (0x0044a333) slt     t1, s1, tp
core   0: 0 0x80003bbc (0x0044a333) x6  0x00000001
core   0: 0x80003bc0 (0x00006ef1) c.lui   t4, 0x1c
core   0: 0 0x80003bc0 (0x6ef1) x29 0x0001c000
core   0: 0x80003bc2 (0x00008d19) c.sub   a0, a4
core   0: 0 0x80003bc2 (0x8d19) x10 0xfffffffb
core   0: 0x80003bc4 (0x00005b7d) c.li    s6, -1
core   0: 0 0x80003bc4 (0x5b7d) x22 0xffffffff
core   0: 0x80003bc6 (0x01ebb233) sltu    tp, s7, t5
core   0: 0 0x80003bc6 (0x01ebb233) x4  0x00000000
core   0: 0x80003bca (0x00008ee2) c.mv    t4, s8
core   0: 0 0x80003bca (0x8ee2) x29 0x00000000
core   0: 0x80003bcc (0x0000717d) c.addi16sp sp, -16
core   0: 0 0x80003bcc (0x717d) x2  0xbfbdd980
core   0: 0x80003bce (0xafabc993) xori    s3, s7, -1286
core   0: 0 0x80003bce (0xafabc993) x19 0xfffffafa
core   0: 0x80003bd2 (0x03441863) bne     s0, s4, pc + 48
core   0: 0 0x80003bd2 (0x03441863)
core   0: 0x80003c02 (0x015916b3) sll     a3, s2, s5
core   0: 0 0x80003c02 (0x015916b3) x13 0xfffff40a
core   0: 0x80003c06 (0x01791d63) bne     s2, s7, pc + 26
core   0: 0 0x80003c06 (0x01791d63)
core   0: 0x80003c20 (0x00000001) c.nop
core   0: 0 0x80003c20 (0x0001)
core   0: 0x80003c22 (0x03b55d63) bge     a0, s11, pc + 58
core   0: 0 0x80003c22 (0x03b55d63)
core   0: 0x80003c26 (0x00005dfd) c.li    s11, -1
core   0: 0 0x80003c26 (0x5dfd) x27 0xffffffff
core   0: 0x80003c28 (0x02908063) beq     ra, s1, pc + 32
core   0: 0 0x80003c28 (0x02908063)
core   0: 0x80003c2c (0x011202b3) add     t0, tp, a7
core   0: 0 0x80003c2c (0x011202b3) x5  0xdc71d000
core   0: 0x80003c30 (0x0000100f) fence.i
core   0: 0 0x80003c30 (0x0000100f)
core   0: 0x80003c34 (0x0c086093) ori     ra, a6, 192
core   0: 0 0x80003c34 (0x0c086093) x1  0x000000c0
core   0: 0x80003c38 (0x4af08b93) addi    s7, ra, 1199
core   0: 0 0x80003c38 (0x4af08b93) x23 0x0000056f
core   0: 0x80003c3c (0x02a82ab3) mulhsu  s5, a6, a0
core   0: 0 0x80003c3c (0x02a82ab3) x21 0x00000000
core   0: 0x80003c40 (0x00000001) c.nop
core   0: 0 0x80003c40 (0x0001)
core   0: 0x80003c42 (0x00008e91) c.sub   a3, a2
core   0: 0 0x80003c42 (0x8e91) x13 0xfffff3f1
core   0: 0x80003c44 (0x03191433) mulh    s0, s2, a7
core   0: 0 0x80003c44 (0x03191433) x8  0x000001a9
core   0: 0x80003c48 (0x0000100f) fence.i
core   0: 0 0x80003c48 (0x0000100f)
core   0: 0x80003c4c (0x9963ab13) slti    s6, t2, -1642
core   0: 0 0x80003c4c (0x9963ab13) x22 0x00000001
core   0: 0x80003c50 (0x40b18bb3) sub     s7, gp, a1
core   0: 0 0x80003c50 (0x40b18bb3) x23 0x5fdc0735
core   0: 0x80003c54 (0x00008265) c.srli  a2, 25
core   0: 0 0x80003c54 (0x8265) x12 0x00000000
core   0: 0x80003c56 (0x00008c7d) c.and   s0, a5
core   0: 0 0x80003c56 (0x8c7d) x8  0x000000a0
core   0: 0x80003c58 (0x02e69133) mulh    sp, a3, a4
core   0: 0 0x80003c58 (0x02e69133) x2  0xffffffff
core   0: 0x80003c5c (0x0000c681) c.beqz  a3, pc + 8
core   0: 0 0x80003c5c (0xc681)
core   0: 0x80003c5e (0x00854fb3) xor     t6, a0, s0
core   0: 0 0x80003c5e (0x00854fb3) x31 0xffffff5b
core   0: 0x80003c62 (0x0000c40d) c.beqz  s0, pc + 42
core   0: 0 0x80003c62 (0xc40d)
core   0: 0x80003c64 (0x0000e909) c.bnez  a0, pc + 18
core   0: 0 0x80003c64 (0xe909)
core   0: 0x80003c76 (0x0000100f) fence.i
core   0: 0 0x80003c76 (0x0000100f)
core   0: 0x80003c7a (0x00008322) c.mv    t1, s0
core   0: 0 0x80003c7a (0x8322) x6  0x000000a0
core   0: 0x80003c7c (0x03b9b933) mulhu   s2, s3, s11
core   0: 0 0x80003c7c (0x03b9b933) x18 0xfffffaf9
core   0: 0x80003c80 (0x0ff0000f) fence   iorw,iorw
core   0: 0 0x80003c80 (0x0ff0000f)
core   0: 0x80003c84 (0x00008c69) c.and   s0, a0
core   0: 0 0x80003c84 (0x8c69) x8  0x000000a0
core   0: 0x80003c86 (0x00000001) c.nop
core   0: 0 0x80003c86 (0x0001)
core   0: 0x80003c88 (0x4157d113) srai    sp, a5, 21
core   0: 0 0x80003c88 (0x4157d113) x2  0xfffffc00
core   0: 0x80003c8c (0x00008059) c.srli  s0, 22
core   0: 0 0x80003c8c (0x8059) x8  0x00000000
core   0: 0x80003c8e (0x00008771) c.srai  a4, 28
core   0: 0 0x80003c8e (0x8771) x14 0x00000000
core   0: 0x80003c90 (0x0000854d) c.srai  a0, 19
core   0: 0 0x80003c90 (0x854d) x10 0xffffffff
core   0: 0x80003c92 (0x00000c0a) c.slli  s8, 2
core   0: 0 0x80003c92 (0x0c0a) x24 0x00000000
core   0: 0x80003c94 (0x0ff0000f) fence   iorw,iorw
core   0: 0 0x80003c94 (0x0ff0000f)
core   0: 0x80003c98 (0x01e0d333) srl     t1, ra, t5
core   0: 0 0x80003c98 (0x01e0d333) x6  0x000000c0
core   0: 0x80003c9c (0x00000001) c.nop
core   0: 0 0x80003c9c (0x0001)
core   0: 0x80003c9e (0x02010bb3) mul     s7, sp, zero
core   0: 0 0x80003c9e (0x02010bb3) x23 0x00000000
core   0: 0x80003ca2 (0x00008615) c.srai  a2, 5
core   0: 0 0x80003ca2 (0x8615) x12 0x00000000
core   0: 0x80003ca4 (0x408adc93) srai    s9, s5, 8
core   0: 0 0x80003ca4 (0x408adc93) x25 0x00000000
core   0: 0x80003ca8 (0x03cd8563) beq     s11, t3, pc + 42
core   0: 0 0x80003ca8 (0x03cd8563)
core   0: 0x80003cac (0x00d3d363) bge     t2, a3, pc + 6
core   0: 0 0x80003cac (0x00d3d363)
core   0: 0x80003cb0 (0x00008c65) c.and   s0, s1
core   0: 0 0x80003cb0 (0x8c65) x8  0x00000000
core   0: 0x80003cb2 (0x00004651) c.li    a2, 20
core   0: 0 0x80003cb2 (0x4651) x12 0x00000014
core   0: 0x80003cb4 (0x024b18b3) mulh    a7, s6, tp
core   0: 0 0x80003cb4 (0x024b18b3) x17 0x00000000
core   0: 0x80003cb8 (0x0000c305) c.beqz  a4, pc + 32
core   0: 0 0x80003cb8 (0xc305)
core   0: 0x80003cd8 (0x03febf33) mulhu   t5, t4, t6
core   0: 0 0x80003cd8 (0x03febf33) x30 0x00000000
core   0: 0x80003cdc (0x00008631) c.srai  a2, 12
core   0: 0 0x80003cdc (0x8631) x12 0x00000000
core   0: 0x80003cde (0x00008f1d) c.sub   a4, a5
core   0: 0 0x80003cde (0x8f1d) x14 0x7ffda31c
core   0: 0x80003ce0 (0x00218333) add     t1, gp, sp
core   0: 0 0x80003ce0 (0x00218333) x6  0xdfde6016
core   0: 0x80003ce4 (0x000080b9) c.srli  s1, 14
core   0: 0 0x80003ce4 (0x80b9) x9  0x0003fffd
core   0: 0x80003ce6 (0x41525ab3) sra     s5, tp, s5
core   0: 0 0x80003ce6 (0x41525ab3) x21 0x00000000
core   0: 0x80003cea (0x00000001) c.nop
core   0: 0 0x80003cea (0x0001)
core   0: 0x80003cec (0xedbc6213) ori     tp, s8, -293
core   0: 0 0x80003cec (0xedbc6213) x4  0xfffffedb
core   0: 0x80003cf0 (0x00009b7d) c.andi  a4, -1
core   0: 0 0x80003cf0 (0x9b7d) x14 0x7ffda31c
core   0: 0x80003cf2 (0x000012fd) c.addi  t0, -1
core   0: 0 0x80003cf2 (0x12fd) x5  0xdc71cfff
core   0: 0x80003cf4 (0x0ff0000f) fence   iorw,iorw
core   0: 0 0x80003cf4 (0x0ff0000f)
core   0: 0x80003cf8 (0xe82a8693) addi    a3, s5, -382
core   0: 0 0x80003cf8 (0xe82a8693) x13 0xfffffe82
core   0: 0x80003cfc (0x016cc133) xor     sp, s9, s6
core   0: 0 0x80003cfc (0x016cc133) x2  0x00000001
core   0: 0x80003d00 (0x000095d2) c.add   a1, s4
core   0: 0 0x80003d00 (0x95d2) x11 0xfffffffe
core   0: 0x80003d02 (0x01fe5263) bge     t3, t6, pc + 4
core   0: 0 0x80003d02 (0x01fe5263)
core   0: 0x80003d06 (0x03e871b3) remu    gp, a6, t5
core   0: 0 0x80003d06 (0x03e871b3) x3  0x00000000
core   0: 0x80003d0a (0x037c2933) mulhsu  s2, s8, s7
core   0: 0 0x80003d0a (0x037c2933) x18 0x00000000
core   0: 0x80003d0e (0x0000876d) c.srai  a4, 27
core   0: 0 0x80003d0e (0x876d) x14 0x0000000f
core   0: 0x80003d10 (0x00008e31) c.xor   a2, a2
core   0: 0 0x80003d10 (0x8e31) x12 0x00000000
core   0: 0x80003d12 (0x00008e01) c.sub   a2, s0
core   0: 0 0x80003d12 (0x8e01) x12 0x00000000
core   0: 0x80003d14 (0xed276db7) lui     s11, 0xed276
core   0: 0 0x80003d14 (0xed276db7) x27 0xed276000
core   0: 0x80003d18 (0x026e7663) bgeu    t3, t1, pc + 44
core   0: 0 0x80003d18 (0x026e7663)
core   0: 0x80003d1c (0x00008e85) c.sub   a3, s1
core   0: 0 0x80003d1c (0x8e85) x13 0xfffbfe85
core   0: 0x80003d1e (0xad8fb493) sltiu   s1, t6, -1320
core   0: 0 0x80003d1e (0xad8fb493) x9  0x00000000
core   0: 0x80003d22 (0x41b35c13) srai    s8, t1, 27
core   0: 0 0x80003d22 (0x41b35c13) x24 0xfffffffb
core   0: 0x80003d26 (0x007368b3) or      a7, t1, t2
core   0: 0 0x80003d26 (0x007368b3) x17 0xdfde6016
core   0: 0x80003d2a (0x00006619) c.lui   a2, 0x6
core   0: 0 0x80003d2a (0x6619) x12 0x00006000
core   0: 0x80003d2c (0x03ea7c63) bgeu    s4, t5, pc + 56
core   0: 0 0x80003d2c (0x03ea7c63)
core   0: 0x80003d64 (0x000084c1) c.srai  s1, 16
core   0: 0 0x80003d64 (0x84c1) x9  0x00000000
core   0: 0x80003d66 (0xc1767993) andi    s3, a2, -1001
core   0: 0 0x80003d66 (0xc1767993) x19 0x00006000
core   0: 0x80003d6a (0x5e7d3513) sltiu   a0, s10, 1511
core   0: 0 0x80003d6a (0x5e7d3513) x10 0x00000000
core   0: 0x80003d6e (0x01ce9f33) sll     t5, t4, t3
core   0: 0 0x80003d6e (0x01ce9f33) x30 0x00000000
core   0: 0x80003d72 (0x0000e219) c.bnez  a2, pc + 6
core   0: 0 0x80003d72 (0xe219)
core   0: 0x80003d78 (0x000018fd) c.addi  a7, -1
core   0: 0 0x80003d78 (0x18fd) x17 0xdfde6015
core   0: 0x80003d7a (0x000a1313) slli    t1, s4, 0
core   0: 0 0x80003d7a (0x000a1313) x6  0x7ffda31d
core   0: 0x80003d7e (0x015f9113) slli    sp, t6, 21
core   0: 0 0x80003d7e (0x015f9113) x2  0xeb600000
core   0: 0x80003d82 (0x581cbd93) sltiu   s11, s9, 1409
core   0: 0 0x80003d82 (0x581cbd93) x27 0x00000001
core   0: 0x80003d86 (0x0200d963) bgez    ra, pc + 50
core   0: 0 0x80003d86 (0x0200d963)
core   0: 0x80003db8 (0x00009846) c.add   a6, a7
core   0: 0 0x80003db8 (0x9846) x16 0xdfde6015
core   0: 0x80003dba (0x00009916) c.add   s2, t0
core   0: 0 0x80003dba (0x9916) x18 0xdc71cfff
core   0: 0x80003dbc (0x776e29b7) lui     s3, 0x776e2
core   0: 0 0x80003dbc (0x776e29b7) x19 0x776e2000
core   0: 0x80003dc0 (0x01d16563) bltu    sp, t4, pc + 10
core   0: 0 0x80003dc0 (0x01d16563)
core   0: 0x80003dc4 (0x00000001) c.nop
core   0: 0 0x80003dc4 (0x0001)
core   0: 0x80003dc6 (0x0000ce95) c.beqz  a3, pc + 60
core   0: 0 0x80003dc6 (0xce95)
core   0: 0x80003dc8 (0x00000001) c.nop
core   0: 0 0x80003dc8 (0x0001)
core   0: 0x80003dca (0x0000807d) c.srli  s0, 31
core   0: 0 0x80003dca (0x807d) x8  0x00000000
core   0: 0x80003dcc (0x059df063) bgeu    s11, s9, pc + 64
core   0: 0 0x80003dcc (0x059df063)
core   0: 0x80003e0c (0x00fab033) sltu    zero, s5, a5
core   0: 0 0x80003e0c (0x00fab033)
core   0: 0x80003e10 (0x003109b3) add     s3, sp, gp
core   0: 0 0x80003e10 (0x003109b3) x19 0xeb600000
core   0: 0x80003e14 (0x03c96663) bltu    s2, t3, pc + 44
core   0: 0 0x80003e14 (0x03c96663)
core   0: 0x80003e18 (0x007f5a33) srl     s4, t5, t2
core   0: 0 0x80003e18 (0x007f5a33) x20 0x00000000
core   0: 0x80003e1c (0xcd244013) xori    zero, s0, -814
core   0: 0 0x80003e1c (0xcd244013)
core   0: 0x80003e20 (0x01b76133) or      sp, a4, s11
core   0: 0 0x80003e20 (0x01b76133) x2  0x0000000f
core   0: 0x80003e24 (0x0ff0000f) fence   iorw,iorw
core   0: 0 0x80003e24 (0x0ff0000f)
core   0: 0x80003e28 (0x00000001) c.nop
core   0: 0 0x80003e28 (0x0001)
core   0: 0x80003e2a (0x0026b733) sltu    a4, a3, sp
core   0: 0 0x80003e2a (0x0026b733) x14 0x00000000
core   0: 0x80003e2e (0x038f0f63) beq     t5, s8, pc + 62
core   0: 0 0x80003e2e (0x038f0f63)
core   0: 0x80003e32 (0x0000e185) c.bnez  a1, pc + 32
core   0: 0 0x80003e32 (0xe185)
core   0: 0x80003e52 (0x000086b1) c.srai  a3, 12
core   0: 0 0x80003e52 (0x86b1) x13 0xffffffbf
core   0: 0x80003e54 (0x02375d33) divu    s10, a4, gp
core   0: 0 0x80003e54 (0x02375d33) x26 0xffffffff
core   0: 0x80003e58 (0x031c90b3) mulh    ra, s9, a7
core   0: 0 0x80003e58 (0x031c90b3) x1  0x00000000
core   0: 0x80003e5c (0x00008f11) c.sub   a4, a2
core   0: 0 0x80003e5c (0x8f11) x14 0xffffa000
core   0: 0x80003e5e (0x407e5633) sra     a2, t3, t2
core   0: 0 0x80003e5e (0x407e5633) x12 0x80021e54
core   0: 0x80003e62 (0x02e6abb3) mulhsu  s7, a3, a4
core   0: 0 0x80003e62 (0x02e6abb3) x23 0xffffffbf
core   0: 0x80003e66 (0x0000987d) c.andi  s0, -1
core   0: 0 0x80003e66 (0x987d) x8  0x00000000
core   0: 0x80003e68 (0x019c4233) xor     tp, s8, s9
core   0: 0 0x80003e68 (0x019c4233) x4  0xfffffffb
core   0: 0x80003e6c (0x40d308b3) sub     a7, t1, a3
core   0: 0 0x80003e6c (0x40d308b3) x17 0x7ffda35e
core   0: 0x80003e70 (0x00008f65) c.and   a4, s1
core   0: 0 0x80003e70 (0x8f65) x14 0x00000000
core   0: 0x80003e72 (0x0180fc33) and     s8, ra, s8
core   0: 0 0x80003e72 (0x0180fc33) x24 0x00000000
core   0: 0x80003e76 (0x01916563) bltu    sp, s9, pc + 10
core   0: 0 0x80003e76 (0x01916563)
core   0: 0x80003e7a (0x02bfd363) bge     t6, a1, pc + 38
core   0: 0 0x80003e7a (0x02bfd363)
core   0: 0x80003e7e (0x0000717d) c.addi16sp sp, -16
core   0: 0 0x80003e7e (0x717d) x2  0xffffffff
core   0: 0x80003e80 (0x00009afd) c.andi  a3, -1
core   0: 0 0x80003e80 (0x9afd) x13 0xffffffbf
core   0: 0x80003e82 (0x00008de5) c.and   a1, s1
core   0: 0 0x80003e82 (0x8de5) x11 0x00000000
core   0: 0x80003e84 (0x00008d95) c.sub   a1, a3
core   0: 0 0x80003e84 (0x8d95) x11 0x00000041
core   0: 0x80003e86 (0x2ed1ea93) ori     s5, gp, 749
core   0: 0 0x80003e86 (0x2ed1ea93) x21 0x000002ed
core   0: 0x80003e8a (0x00008f71) c.and   a4, a2
core   0: 0 0x80003e8a (0x8f71) x14 0x00000000
core   0: 0x80003e8c (0x41cadb93) srai    s7, s5, 28
core   0: 0 0x80003e8c (0x41cadb93) x23 0x00000000
core   0: 0x80003e90 (0xe8007693) andi    a3, zero, -384
core   0: 0 0x80003e90 (0xe8007693) x13 0x00000000
core   0: 0x80003e94 (0x00008f05) c.sub   a4, s1
core   0: 0 0x80003e94 (0x8f05) x14 0x00000000
core   0: 0x80003e96 (0x00008e4d) c.or    a2, a1
core   0: 0 0x80003e96 (0x8e4d) x12 0x80021e55
core   0: 0x80003e98 (0x00b1deb3) srl     t4, gp, a1
core   0: 0 0x80003e98 (0x00b1deb3) x29 0x00000000
core   0: 0x80003e9c (0x00000001) c.nop
core   0: 0 0x80003e9c (0x0001)
core   0: 0x80003e9e (0x00008e69) c.and   a2, a0
core   0: 0 0x80003e9e (0x8e69) x12 0x00000000
core   0: 0x80003ea0 (0x0000c415) c.beqz  s0, pc + 44
core   0: 0 0x80003ea0 (0xc415)
core   0: 0x80003ecc (0x4112df33) sra     t5, t0, a7
core   0: 0 0x80003ecc (0x4112df33) x30 0xffffffff
core   0: 0x80003ed0 (0x00006495) c.lui   s1, 0x5
core   0: 0 0x80003ed0 (0x6495) x9  0x00005000
core   0: 0x80003ed2 (0x01f46663) bltu    s0, t6, pc + 12
core   0: 0 0x80003ed2 (0x01f46663)
core   0: 0x80003ede (0x07dca713) slti    a4, s9, 125
core   0: 0 0x80003ede (0x07dca713) x14 0x00000001
core   0: 0x80003ee2 (0x00008b05) c.andi  a4, 1
core   0: 0 0x80003ee2 (0x8b05) x14 0x00000001
core   0: 0x80003ee4 (0x00808533) add     a0, ra, s0
core   0: 0 0x80003ee4 (0x00808533) x10 0x00000000
core   0: 0x80003ee8 (0x00008a81) c.andi  a3, 0
core   0: 0 0x80003ee8 (0x8a81) x13 0x00000000
core   0: 0x80003eea (0x000062a5) c.lui   t0, 0x9
core   0: 0 0x80003eea (0x62a5) x5  0x00009000
core   0: 0x80003eec (0x014e65b3) or      a1, t3, s4
core   0: 0 0x80003eec (0x014e65b3) x11 0x80021e54
core   0: 0x80003ef0 (0x0186df63) bge     a3, s8, pc + 30
core   0: 0 0x80003ef0 (0x0186df63)
core   0: 0x80003f0e (0x02c09bb3) mulh    s7, ra, a2
core   0: 0 0x80003f0e (0x02c09bb3) x23 0x00000000
core   0: 0x80003f12 (0x5efb4b93) xori    s7, s6, 1519
core   0: 0 0x80003f12 (0x5efb4b93) x23 0x000005ee
core   0: 0x80003f16 (0x02c3e263) bltu    t2, a2, pc + 36
core   0: 0 0x80003f16 (0x02c3e263)
core   0: 0x80003f1a (0x011c0ab3) add     s5, s8, a7
core   0: 0 0x80003f1a (0x011c0ab3) x21 0x7ffda35e
core   0: 0x80003f1e (0x40f58c33) sub     s8, a1, a5
core   0: 0 0x80003f1e (0x40f58c33) x24 0xffffc170
core   0: 0x80003f22 (0x004c9133) sll     sp, s9, tp
core   0: 0 0x80003f22 (0x004c9133) x2  0x00000000
core   0: 0x80003f26 (0xe81bba13) sltiu   s4, s7, -383
core   0: 0 0x80003f26 (0xe81bba13) x20 0x00000001
core   0: 0x80003f2a (0x032f0bb3) mul     s7, t5, s2
core   0: 0 0x80003f2a (0x032f0bb3) x23 0x238e3001
core   0: 0x80003f2e (0x00009afd) c.andi  a3, -1
core   0: 0 0x80003f2e (0x9afd) x13 0x00000000
core   0: 0x80003f30 (0x02875b17) auipc   s6, 0x2875
core   0: 0 0x80003f30 (0x02875b17) x22 0x82878f30
core   0: 0x80003f34 (0x34320117) auipc   sp, 0x34320
core   0: 0 0x80003f34 (0x34320117) x2  0xb4323f34
core   0: 0x80003f38 (0x000006ce) c.slli  a3, 19
core   0: 0 0x80003f38 (0x06ce) x13 0x00000000
core   0: 0x80003f3a (0x01525f63) bge     tp, s5, pc + 30
core   0: 0 0x80003f3a (0x01525f63)
core   0: 0x80003f3e (0x01006fb3) or      t6, zero, a6
core   0: 0 0x80003f3e (0x01006fb3) x31 0xdfde6015
core   0: 0x80003f42 (0x000050fd) c.li    ra, -1
core   0: 0 0x80003f42 (0x50fd) x1  0xffffffff
core   0: 0x80003f44 (0x551de813) ori     a6, s11, 1361
core   0: 0 0x80003f44 (0x551de813) x16 0x00000551
core   0: 0x80003f48 (0x00008f65) c.and   a4, s1
core   0: 0 0x80003f48 (0x8f65) x14 0x00000000
core   0: 0x80003f4a (0x00000001) c.nop
core   0: 0 0x80003f4a (0x0001)
core   0: 0x80003f4c (0x000a5613) srli    a2, s4, 0
core   0: 0 0x80003f4c (0x000a5613) x12 0x00000001
core   0: 0x80003f50 (0x000080a1) c.srli  s1, 8
core   0: 0 0x80003f50 (0x80a1) x9  0x00000050
core   0: 0x80003f52 (0x46374413) xori    s0, a4, 1123
core   0: 0 0x80003f52 (0x46374413) x8  0x00000463
core   0: 0x80003f56 (0x0000847d) c.srai  s0, 31
core   0: 0 0x80003f56 (0x847d) x8  0x00000000
core   0: 0x80003f58 (0xd3036e93) ori     t4, t1, -720
core   0: 0 0x80003f58 (0xd3036e93) x29 0xffffff3d
core   0: 0x80003f5c (0x97c4ad13) slti    s10, s1, -1668
core   0: 0 0x80003f5c (0x97c4ad13) x26 0x00000000
core   0: 0x80003f60 (0x02c34cb3) div     s9, t1, a2
core   0: 0 0x80003f60 (0x02c34cb3) x25 0x7ffda31d
core   0: 0x80003f64 (0x0000e811) c.bnez  s0, pc + 20
core   0: 0 0x80003f64 (0xe811)
core   0: 0x80003f66 (0x0348a333) mulhsu  t1, a7, s4
core   0: 0 0x80003f66 (0x0348a333) x6  0x00000000
core   0: 0x80003f6a (0x021cc863) blt     s9, ra, pc + 48
core   0: 0 0x80003f6a (0x021cc863)
core   0: 0x80003f6e (0x0000ca11) c.beqz  a2, pc + 20
core   0: 0 0x80003f6e (0xca11)
core   0: 0x80003f70 (0x0000c58d) c.beqz  a1, pc + 42
core   0: 0 0x80003f70 (0xc58d)
core   0: 0x80003f72 (0x035b2233) mulhsu  tp, s6, s5
core   0: 0 0x80003f72 (0x035b2233) x4  0xc144efef
core   0: 0x80003f76 (0x00006af1) c.lui   s5, 0x1c
core   0: 0 0x80003f76 (0x6af1) x21 0x0001c000
core   0: 0x80003f78 (0x037c0363) beq     s8, s7, pc + 38
core   0: 0 0x80003f78 (0x037c0363)
core   0: 0x80003f7c (0x0000951e) c.add   a0, t2
core   0: 0 0x80003f7c (0x951e) x10 0x80000000
core   0: 0x80003f7e (0xcf60b213) sltiu   tp, ra, -778
core   0: 0 0x80003f7e (0xcf60b213) x4  0x00000000
core   0: 0x80003f82 (0x006cc833) xor     a6, s9, t1
core   0: 0 0x80003f82 (0x006cc833) x16 0x7ffda31d
core   0: 0x80003f86 (0x00008e89) c.sub   a3, a0
core   0: 0 0x80003f86 (0x8e89) x13 0x80000000
core   0: 0x80003f88 (0x00008875) c.andi  s0, 29
core   0: 0 0x80003f88 (0x8875) x8  0x00000000
core   0: 0x80003f8a (0x00009c3a) c.add   s8, a4
core   0: 0 0x80003f8a (0x9c3a) x24 0xffffc170
core   0: 0x80003f8c (0x0000e50d) c.bnez  a0, pc + 42
core   0: 0 0x80003f8c (0xe50d)
core   0: 0x80003fb6 (0x02ade333) rem     t1, s11, a0
core   0: 0 0x80003fb6 (0x02ade333) x6  0x00000001
core   0: 0x80003fba (0x00000001) c.nop
core   0: 0 0x80003fba (0x0001)
core   0: 0x80003fbc (0x0000100f) fence.i
core   0: 0 0x80003fbc (0x0000100f)
core   0: 0x80003fc0 (0x03317cb3) remu    s9, sp, s3
core   0: 0 0x80003fc0 (0x03317cb3) x25 0xb4323f34
core   0: 0x80003fc4 (0x0000717d) c.addi16sp sp, -16
core   0: 0 0x80003fc4 (0x717d) x2  0xb4323f24
core   0: 0x80003fc6 (0x01247333) and     t1, s0, s2
core   0: 0 0x80003fc6 (0x01247333) x6  0x00000000
core   0: 0x80003fca (0x77e86e97) auipc   t4, 0x77e86
core   0: 0 0x80003fca (0x77e86e97) x29 0xf7e89fca
core   0: 0x80003fce (0x0000197d) c.addi  s2, -1
core   0: 0 0x80003fce (0x197d) x18 0xdc71cffe
core   0: 0x80003fd0 (0x40695113) srai    sp, s2, 6
core   0: 0 0x80003fd0 (0x40695113) x2  0xff71c73f
core   0: 0x80003fd4 (0x00001c7d) c.addi  s8, -1
core   0: 0 0x80003fd4 (0x1c7d) x24 0xffffc16f
core   0: 0x80003fd6 (0x02ba1633) mulh    a2, s4, a1
core   0: 0 0x80003fd6 (0x02ba1633) x12 0xffffffff
core   0: 0x80003fda (0x00000001) c.nop
core   0: 0 0x80003fda (0x0001)
core   0: 0x80003fdc (0x01279463) bne     a5, s2, pc + 8
core   0: 0 0x80003fdc (0x01279463)
core   0: 0x80003fe4 (0x54ca6337) lui     t1, 0x54ca6
core   0: 0 0x80003fe4 (0x54ca6337) x6  0x54ca6000
core   0: 0x80003fe8 (0x009f1db3) sll     s11, t5, s1
core   0: 0 0x80003fe8 (0x009f1db3) x27 0xffff0000
core   0: 0x80003fec (0xbf286e93) ori     t4, a6, -1038
core   0: 0 0x80003fec (0xbf286e93) x29 0xfffffbff
core   0: 0x80003ff0 (0x00009c1e) c.add   s8, t2
core   0: 0 0x80003ff0 (0x9c1e) x24 0x7fffc16f
core   0: 0x80003ff2 (0x0000827d) c.srli  a2, 31
core   0: 0 0x80003ff2 (0x827d) x12 0x00000001
core   0: 0x80003ff4 (0x00001298) c.addi4spn a4, sp, 352
core   0: 0 0x80003ff4 (0x1298) x14 0xff71c89f
core   0: 0x80003ff6 (0x0ff0000f) fence   iorw,iorw
core   0: 0 0x80003ff6 (0x0ff0000f)
core   0: 0x80003ffa (0x00008831) c.andi  s0, 12
core   0: 0 0x80003ffa (0x8831) x8  0x00000000
core   0: 0x80003ffc (0x017f5133) srl     sp, t5, s7
core   0: 0 0x80003ffc (0x017f5133) x2  0x7fffffff
core   0: 0x80004000 (0x012d1833) sll     a6, s10, s2
core   0: 0 0x80004000 (0x012d1833) x16 0x00000000
core   0: 0x80004004 (0x00000001) c.nop
core   0: 0 0x80004004 (0x0001)
core   0: 0x80004006 (0x41785933) sra     s2, a6, s7
core   0: 0 0x80004006 (0x41785933) x18 0x00000000
core   0: 0x8000400a (0x8e85e537) lui     a0, 0x8e85e
core   0: 0 0x8000400a (0x8e85e537) x10 0x8e85e000
core   0: 0x8000400e (0x00008eb1) c.xor   a3, a2
core   0: 0 0x8000400e (0x8eb1) x13 0x80000001
core   0: 0x80004010 (0x0016f0b3) and     ra, a3, ra
core   0: 0 0x80004010 (0x0016f0b3) x1  0x80000001
core   0: 0x80004014 (0x0384cf33) div     t5, s1, s8
core   0: 0 0x80004014 (0x0384cf33) x30 0x00000000
core   0: 0x80004018 (0x00008d49) c.or    a0, a0
core   0: 0 0x80004018 (0x8d49) x10 0x8e85e000
core   0: 0x8000401a (0x01f80363) beq     a6, t6, pc + 6
core   0: 0 0x8000401a (0x01f80363)
core   0: 0x8000401e (0x00008aee) c.mv    s5, s11
core   0: 0 0x8000401e (0x8aee) x21 0xffff0000
core   0: 0x80004020 (0x05cae163) bltu    s5, t3, pc + 66
core   0: 0 0x80004020 (0x05cae163)
core   0: 0x80004024 (0x0000557d) c.li    a0, -1
core   0: 0 0x80004024 (0x557d) x10 0xffffffff
core   0: 0x80004026 (0x00000001) c.nop
core   0: 0 0x80004026 (0x0001)
core   0: 0x80004028 (0x01cb3c33) sltu    s8, s6, t3
core   0: 0 0x80004028 (0x01cb3c33) x24 0x00000000
core   0: 0x8000402c (0x0000ed15) c.bnez  a0, pc + 60
core   0: 0 0x8000402c (0xed15)
core   0: 0x80004068 (0x03ef4f63) blt     t5, t5, pc + 62
core   0: 0 0x80004068 (0x03ef4f63)
core   0: 0x8000406c (0x00008371) c.srli  a4, 28
core   0: 0 0x8000406c (0x8371) x14 0x0000000f
core   0: 0x8000406e (0xce48ce93) xori    t4, a7, -796
core   0: 0 0x8000406e (0xce48ce93) x29 0x80025fba
core   0: 0x80004072 (0x0000eb15) c.bnez  a4, pc + 52
core   0: 0 0x80004072 (0xeb15)
core   0: 0x800040a6 (0x41d15293) srai    t0, sp, 29
core   0: 0 0x800040a6 (0x41d15293) x5  0x00000003
core   0: 0x800040aa (0x03a6c863) blt     a3, s10, pc + 48
core   0: 0 0x800040aa (0x03a6c863)
core   0: 0x800040da (0x03f7fa13) andi    s4, a5, 63
core   0: 0 0x800040da (0x03f7fa13) x20 0x00000024
core   0: 0x800040de (0x00ed8933) add     s2, s11, a4
core   0: 0 0x800040de (0x00ed8933) x18 0xffff000f
core   0: 0x800040e2 (0x03271363) bne     a4, s2, pc + 38
core   0: 0 0x800040e2 (0x03271363)
core   0: 0x80004108 (0x00009b7d) c.andi  a4, -1
core   0: 0 0x80004108 (0x9b7d) x14 0x0000000f
core   0: 0x8000410a (0x00008ae6) c.mv    s5, s9
core   0: 0 0x8000410a (0x8ae6) x21 0xb4323f34
core   0: 0x8000410c (0x013b6b63) bltu    s6, s3, pc + 22
core   0: 0 0x8000410c (0x013b6b63)
core   0: 0x80004122 (0x0000100f) fence.i
core   0: 0 0x80004122 (0x0000100f)
core   0: 0x80004126 (0x009ec4b3) xor     s1, t4, s1
core   0: 0 0x80004126 (0x009ec4b3) x9  0x80025fea
core   0: 0x8000412a (0x00000001) c.nop
core   0: 0 0x8000412a (0x0001)
core   0: 0x8000412c (0x8aefa213) slti    tp, t6, -1874
core   0: 0 0x8000412c (0x8aefa213) x4  0x00000001
core   0: 0x80004130 (0x0000693d) c.lui   s2, 0xf
core   0: 0 0x80004130 (0x693d) x18 0x0000f000
core   0: 0x80004132 (0x00f25913) srli    s2, tp, 15
core   0: 0 0x80004132 (0x00f25913) x18 0x00000000
core   0: 0x80004136 (0x01140863) beq     s0, a7, pc + 16
core   0: 0 0x80004136 (0x01140863)
core   0: 0x8000413a (0x01cc0263) beq     s8, t3, pc + 4
core   0: 0 0x8000413a (0x01cc0263)
core   0: 0x8000413e (0x40eadb13) srai    s6, s5, 14
core   0: 0 0x8000413e (0x40eadb13) x22 0xfffed0c8
core   0: 0x80004142 (0xb3ecb293) sltiu   t0, s9, -1218
core   0: 0 0x80004142 (0xb3ecb293) x5  0x00000001
core   0: 0x80004146 (0x00008ded) c.and   a1, a1
core   0: 0 0x80004146 (0x8ded) x11 0x80021e54
core   0: 0x80004148 (0x0278eb63) bltu    a7, t2, pc + 54
core   0: 0 0x80004148 (0x0278eb63)
core   0: 0x8000417e (0x0000100f) fence.i
core   0: 0 0x8000417e (0x0000100f)
core   0: 0x80004182 (0x0167d363) bge     a5, s6, pc + 6
core   0: 0 0x80004182 (0x0167d363)
core   0: 0x80004186 (0x00000001) c.nop
core   0: 0 0x80004186 (0x0001)
core   0: 0x80004188 (0x016bd233) srl     tp, s7, s6
core   0: 0 0x80004188 (0x016bd233) x4  0x00238e30
core   0: 0x8000418c (0x00008c49) c.or    s0, a0
core   0: 0 0x8000418c (0x8c49) x8  0xffffffff
core   0: 0x8000418e (0x00000e94) c.addi4spn a3, sp, 848
core   0: 0 0x8000418e (0x0e94) x13 0x8000034f
core   0: 0x80004190 (0x01aa1113) slli    sp, s4, 26
core   0: 0 0x80004190 (0x01aa1113) x2  0x90000000
core   0: 0x80004194 (0x76d96f17) auipc   t5, 0x76d96
core   0: 0 0x80004194 (0x76d96f17) x30 0xf6d9a194
core   0: 0x80004198 (0x0000c805) c.beqz  s0, pc + 48
core   0: 0 0x80004198 (0xc805)
core   0: 0x8000419a (0x000080c1) c.srli  s1, 16
core   0: 0 0x8000419a (0x80c1) x9  0x00008002
core   0: 0x8000419c (0x00000cc5) c.addi  s9, 17
core   0: 0 0x8000419c (0x0cc5) x25 0xb4323f45
core   0: 0x8000419e (0x00001600) c.addi4spn s0, sp, 800
core   0: 0 0x8000419e (0x1600) x8  0x90000320
core   0: 0x800041a0 (0x4f5bfb13) andi    s6, s7, 1269
core   0: 0 0x800041a0 (0x4f5bfb13) x22 0x00000001
core   0: 0x800041a4 (0x40205b33) sra     s6, zero, sp
core   0: 0 0x800041a4 (0x40205b33) x22 0x00000000
core   0: 0x800041a8 (0x00000599) c.addi  a1, 6
core   0: 0 0x800041a8 (0x0599) x11 0x80021e5a
core   0: 0x800041aa (0x000081b1) c.srli  a1, 12
core   0: 0 0x800041aa (0x81b1) x11 0x00080021
core   0: 0x800041ac (0x00005f7d) c.li    t5, -1
core   0: 0 0x800041ac (0x5f7d) x30 0xffffffff
core   0: 0x800041ae (0x01335d13) srli    s10, t1, 19
core   0: 0 0x800041ae (0x01335d13) x26 0x00000a99
core   0: 0x800041b2 (0x02e82333) mulhsu  t1, a6, a4
core   0: 0 0x800041b2 (0x02e82333) x6  0x00000000
core   0: 0x800041b6 (0x01709813) slli    a6, ra, 23
core   0: 0 0x800041b6 (0x01709813) x16 0x00800000
core   0: 0x800041ba (0x59854a13) xori    s4, a0, 1432
core   0: 0 0x800041ba (0x59854a13) x20 0xfffffa67
core   0: 0x800041be (0x02f9bcb3) mulhu   s9, s3, a5
core   0: 0 0x800041be (0x02f9bcb3) x25 0x75b22c28
core   0: 0x800041c2 (0x00008641) c.srai  a2, 16
core   0: 0 0x800041c2 (0x8641) x12 0x00000000
core   0: 0x800041c4 (0x400f8933) sub     s2, t6, zero
core   0: 0 0x800041c4 (0x400f8933) x18 0xdfde6015
core   0: 0x800041c8 (0x418502b3) sub     t0, a0, s8
core   0: 0 0x800041c8 (0x418502b3) x5  0xffffffff
core   0: 0x800041cc (0x00000001) c.nop
core   0: 0 0x800041cc (0x0001)
core   0: 0x800041ce (0x01587313) andi    t1, a6, 21
core   0: 0 0x800041ce (0x01587313) x6  0x00000000
core   0: 0x800041d2 (0x832c2493) slti    s1, s8, -1998
core   0: 0 0x800041d2 (0x832c2493) x9  0x00000000
core   0: 0x800041d6 (0x24bebf13) sltiu   t5, t4, 587
core   0: 0 0x800041d6 (0x24bebf13) x30 0x00000000
core   0: 0x800041da (0x00008425) c.srai  s0, 9
core   0: 0 0x800041da (0x8425) x8  0xffc80001
core   0: 0x800041dc (0x00a89b93) slli    s7, a7, 10
core   0: 0 0x800041dc (0x00a89b93) x23 0xf68d7800
core   0: 0x800041e0 (0x028bccb3) div     s9, s7, s0
core   0: 0 0x800041e0 (0x028bccb3) x25 0x0000002b
core   0: 0x800041e4 (0x02217f33) remu    t5, sp, sp
core   0: 0 0x800041e4 (0x02217f33) x30 0x00000000
core   0: 0x800041e8 (0x41785513) srai    a0, a6, 23
core   0: 0 0x800041e8 (0x41785513) x10 0x00000001
core   0: 0x800041ec (0x01494733) xor     a4, s2, s4
core   0: 0 0x800041ec (0x01494733) x14 0x20219a72
core   0: 0x800041f0 (0x85b0adb7) lui     s11, 0x85b0a
core   0: 0 0x800041f0 (0x85b0adb7) x27 0x85b0a000
core   0: 0x800041f4 (0x00008e85) c.sub   a3, s1
core   0: 0 0x800041f4 (0x8e85) x13 0x8000034f
core   0: 0x800041f6 (0x02541563) bne     s0, t0, pc + 42
core   0: 0 0x800041f6 (0x02541563)
core   0: 0x80004220 (0x0024b133) sltu    sp, s1, sp
core   0: 0 0x80004220 (0x0024b133) x2  0x00000001
core   0: 0x80004224 (0x02cba033) mulhsu  zero, s7, a2
core   0: 0 0x80004224 (0x02cba033)
core   0: 0x80004228 (0x03e94c33) div     s8, s2, t5
core   0: 0 0x80004228 (0x03e94c33) x24 0xffffffff
core   0: 0x8000422c (0x00008425) c.srai  s0, 9
core   0: 0 0x8000422c (0x8425) x8  0xffffe400
core   0: 0x8000422e (0x00265d13) srli    s10, a2, 2
core   0: 0 0x8000422e (0x00265d13) x26 0x00000000
core   0: 0x80004232 (0x055c1063) bne     s8, s5, pc + 64
core   0: 0 0x80004232 (0x055c1063)
core   0: 0x80004272 (0x00008dd5) c.or    a1, a3
core   0: 0 0x80004272 (0x8dd5) x11 0x8008036f
core   0: 0x80004274 (0xc9967513) andi    a0, a2, -871
core   0: 0 0x80004274 (0xc9967513) x10 0x00000000
core   0: 0x80004278 (0x013732b3) sltu    t0, a4, s3
core   0: 0 0x80004278 (0x013732b3) x5  0x00000001
core   0: 0x8000427c (0x0135b933) sltu    s2, a1, s3
core   0: 0 0x8000427c (0x0135b933) x18 0x00000001
core   0: 0x80004280 (0x4127da13) srai    s4, a5, 18
core   0: 0 0x80004280 (0x4127da13) x20 0xffffe000
core   0: 0x80004284 (0x6f102613) slti    a2, zero, 1777
core   0: 0 0x80004284 (0x6f102613) x12 0x00000001
core   0: 0x80004288 (0x40d85a13) srai    s4, a6, 13
core   0: 0 0x80004288 (0x40d85a13) x20 0x00000400
core   0: 0x8000428c (0x039bf033) remu    zero, s7, s9
core   0: 0 0x8000428c (0x039bf033)
core   0: 0x80004290 (0x036d86b3) mul     a3, s11, s6
core   0: 0 0x80004290 (0x036d86b3) x13 0x00000000
core   0: 0x80004294 (0x00244363) blt     s0, sp, pc + 6
core   0: 0 0x80004294 (0x00244363)
core   0: 0x8000429a (0x03c3b5b3) mulhu   a1, t2, t3
core   0: 0 0x8000429a (0x03c3b5b3) x11 0x40010f2a
core   0: 0x8000429e (0x037c4463) blt     s8, s7, pc + 40
core   0: 0 0x8000429e (0x037c4463)
core   0: 0x800042a2 (0x00008e81) c.sub   a3, s0
core   0: 0 0x800042a2 (0x8e81) x13 0x00001c00
core   0: 0x800042a4 (0x95a01317) auipc   t1, 0x95a01
core   0: 0 0x800042a4 (0x95a01317) x6  0x15a052a4
core   0: 0x800042a8 (0x000084a1) c.srai  s1, 8
core   0: 0 0x800042a8 (0x84a1) x9  0x00000000
core   0: 0x800042aa (0x00008de5) c.and   a1, s1
core   0: 0 0x800042aa (0x8de5) x11 0x00000000
core   0: 0x800042ac (0x0000e615) c.bnez  a2, pc + 44
core   0: 0 0x800042ac (0xe615)
core   0: 0x800042d8 (0x7d90fb17) auipc   s6, 0x7d90f
core   0: 0 0x800042d8 (0x7d90fb17) x22 0xfd9132d8
core   0: 0x800042dc (0x3e648c13) addi    s8, s1, 998
core   0: 0 0x800042dc (0x3e648c13) x24 0x000003e6
core   0: 0x800042e0 (0x41560333) sub     t1, a2, s5
core   0: 0 0x800042e0 (0x41560333) x6  0x4bcdc0cd
core   0: 0x800042e4 (0x95e6b293) sltiu   t0, a3, -1698
core   0: 0 0x800042e4 (0x95e6b293) x5  0x00000001
core   0: 0x800042e8 (0x0131e833) or      a6, gp, s3
core   0: 0 0x800042e8 (0x0131e833) x16 0xeb600000
core   0: 0x800042ec (0x400cdcb3) sra     s9, s9, zero
core   0: 0 0x800042ec (0x400cdcb3) x25 0x0000002b
core   0: 0x800042f0 (0x00000f88) c.addi4spn a0, sp, 976
core   0: 0 0x800042f0 (0x0f88) x10 0x000003d1
core   0: 0x800042f2 (0x014cf563) bgeu    s9, s4, pc + 10
core   0: 0 0x800042f2 (0x014cf563)
core   0: 0x800042f6 (0x00000001) c.nop
core   0: 0 0x800042f6 (0x0001)
core   0: 0x800042f8 (0x0178ef33) or      t5, a7, s7
core   0: 0 0x800042f8 (0x0178ef33) x30 0xfffdfb5e
core   0: 0x800042fc (0x00006b71) c.lui   s6, 0x1c
core   0: 0 0x800042fc (0x6b71) x22 0x0001c000
core   0: 0x800042fe (0x8b9ca493) slti    s1, s9, -1863
core   0: 0 0x800042fe (0x8b9ca493) x9  0x00000000
core   0: 0x80004302 (0x012cdb13) srli    s6, s9, 18
core   0: 0 0x80004302 (0x012cdb13) x22 0x00000000
core   0: 0x80004306 (0x7238fe93) andi    t4, a7, 1827
core   0: 0 0x80004306 (0x7238fe93) x29 0x00000302
core   0: 0x8000430a (0x00af61b3) or      gp, t5, a0
core   0: 0 0x8000430a (0x00af61b3) x3  0xfffdfbdf
core   0: 0x8000430e (0x00000001) c.nop
core   0: 0 0x8000430e (0x0001)
core   0: 0x80004310 (0x0ff0000f) fence   iorw,iorw
core   0: 0 0x80004310 (0x0ff0000f)
core   0: 0x80004314 (0xc4182d93) slti    s11, a6, -959
core   0: 0 0x80004314 (0xc4182d93) x27 0x00000001
core   0: 0x80004318 (0x028a3033) mulhu   zero, s4, s0
core   0: 0 0x80004318 (0x028a3033)
core   0: 0x8000431c (0x018c9993) slli    s3, s9, 24
core   0: 0 0x8000431c (0x018c9993) x19 0x2b000000
core   0: 0x80004320 (0x027dc863) blt     s11, t2, pc + 48
core   0: 0 0x80004320 (0x027dc863)
core   0: 0x80004324 (0x0000c205) c.beqz  a2, pc + 32
core   0: 0 0x80004324 (0xc205)
core   0: 0x80004326 (0x02f0f8b3) remu    a7, ra, a5
core   0: 0 0x80004326 (0x02f0f8b3) x17 0x80000001
core   0: 0x8000432a (0x01fd7763) bgeu    s10, t6, pc + 14
core   0: 0 0x8000432a (0x01fd7763)
core   0: 0x8000432e (0x00008739) c.srai  a4, 14
core   0: 0 0x8000432e (0x8739) x14 0x00008086
core   0: 0x80004330 (0xfda67993) andi    s3, a2, -38
core   0: 0 0x80004330 (0xfda67993) x19 0x00000000
core   0: 0x80004334 (0x0ff0000f) fence   iorw,iorw
core   0: 0 0x80004334 (0x0ff0000f)
core   0: 0x80004338 (0x03867033) remu    zero, a2, s8
core   0: 0 0x80004338 (0x03867033)
core   0: 0x8000433c (0x0ff0000f) fence   iorw,iorw
core   0: 0 0x8000433c (0x0ff0000f)
core   0: 0x80004340 (0x03cd3533) mulhu   a0, s10, t3
core   0: 0 0x80004340 (0x03cd3533) x10 0x00000000
core   0: 0x80004344 (0x03a60bb3) mul     s7, a2, s10
core   0: 0 0x80004344 (0x03a60bb3) x23 0x00000000
core   0: 0x80004348 (0x00911d93) slli    s11, sp, 9
core   0: 0 0x80004348 (0x00911d93) x27 0x00000200
core   0: 0x8000434c (0x01a8ff63) bgeu    a7, s10, pc + 30
core   0: 0 0x8000434c (0x01a8ff63)
core   0: 0x8000436a (0x02eb0d63) beq     s6, a4, pc + 58
core   0: 0 0x8000436a (0x02eb0d63)
core   0: 0x8000436e (0x02da8963) beq     s5, a3, pc + 50
core   0: 0 0x8000436e (0x02da8963)
core   0: 0x80004372 (0x03001763) bne     zero, a6, pc + 46
core   0: 0 0x80004372 (0x03001763)
core   0: 0x800043a0 (0x00000a21) c.addi  s4, 8
core   0: 0 0x800043a0 (0x0a21) x20 0x00000408
core   0: 0x800043a2 (0x00001d88) c.addi4spn a0, sp, 752
core   0: 0 0x800043a2 (0x1d88) x10 0x000002f1
core   0: 0x800043a4 (0x0000c80d) c.beqz  s0, pc + 50
core   0: 0 0x800043a4 (0xc80d)
core   0: 0x800043a6 (0x000085b5) c.srai  a1, 13
core   0: 0 0x800043a6 (0x85b5) x11 0x00000000
core   0: 0x800043a8 (0xcb1b06b7) lui     a3, 0xcb1b0
core   0: 0 0x800043a8 (0xcb1b06b7) x13 0xcb1b0000
core   0: 0x800043ac (0x0000100f) fence.i
core   0: 0 0x800043ac (0x0000100f)
core   0: 0x800043b0 (0x00501a93) slli    s5, zero, 5
core   0: 0 0x800043b0 (0x00501a93) x21 0x00000000
core   0: 0x800043b4 (0x0000064e) c.slli  a2, 19
core   0: 0 0x800043b4 (0x064e) x12 0x00080000
core   0: 0x800043b6 (0x00ff1fb3) sll     t6, t5, a5
core   0: 0 0x800043b6 (0x00ff1fb3) x31 0xffdfb5e0
core   0: 0x800043ba (0x00008115) c.srli  a0, 5
core   0: 0 0x800043ba (0x8115) x10 0x00000017
core   0: 0x800043bc (0x0f3ee013) ori     zero, t4, 243
core   0: 0 0x800043bc (0x0f3ee013)
core   0: 0x800043c0 (0x00008e01) c.sub   a2, s0
core   0: 0 0x800043c0 (0x8e01) x12 0x00081c00
core   0: 0x800043c2 (0x00bf70b3) and     ra, t5, a1
core   0: 0 0x800043c2 (0x00bf70b3) x1  0x00000000
core   0: 0x800043c6 (0x002e3233) sltu    tp, t3, sp
core   0: 0 0x800043c6 (0x002e3233) x4  0x00000000
core   0: 0x800043ca (0x0000ea85) c.bnez  a3, pc + 48
core   0: 0 0x800043ca (0xea85)
core   0: 0x800043fa (0x00001f80) c.addi4spn s0, sp, 1008
core   0: 0 0x800043fa (0x1f80) x8  0x000003f1
core   0: 0x800043fc (0x00e14933) xor     s2, sp, a4
core   0: 0 0x800043fc (0x00e14933) x18 0x00008087
core   0: 0x80004400 (0x00008e09) c.sub   a2, a0
core   0: 0 0x80004400 (0x8e09) x12 0x00081be9
core   0: 0x80004402 (0x015e3733) sltu    a4, t3, s5
core   0: 0 0x80004402 (0x015e3733) x14 0x00000000
core   0: 0x80004406 (0x00f51593) slli    a1, a0, 15
core   0: 0 0x80004406 (0x00f51593) x11 0x000b8000
core   0: 0x8000440a (0x0000167d) c.addi  a2, -1
core   0: 0 0x8000440a (0x167d) x12 0x00081be8
core   0: 0x8000440c (0x0000c109) c.beqz  a0, pc + 2
core   0: 0 0x8000440c (0xc109)
core   0: 0x8000440e (0x02666163) bltu    a2, t1, pc + 34
core   0: 0 0x8000440e (0x02666163)
core   0: 0x80004430 (0x00004581) c.li    a1, 0
core   0: 0 0x80004430 (0x4581) x11 0x00000000
core   0: 0x80004432 (0x02a706b3) mul     a3, a4, a0
core   0: 0 0x80004432 (0x02a706b3) x13 0x00000000
core   0: 0x80004436 (0x001dcdb3) xor     s11, s11, ra
core   0: 0 0x80004436 (0x001dcdb3) x27 0x00000200
core   0: 0x8000443a (0x0000c711) c.beqz  a4, pc + 12
core   0: 0 0x8000443a (0xc711)
core   0: 0x80004446 (0x01201133) sll     sp, zero, s2
core   0: 0 0x80004446 (0x01201133) x2  0x00000000
core   0: 0x8000444a (0x26e5b213) sltiu   tp, a1, 622
core   0: 0 0x8000444a (0x26e5b213) x4  0x00000001
core   0: 0x8000444e (0x00008e61) c.and   a2, s0
core   0: 0 0x8000444e (0x8e61) x12 0x000003e0
core   0: 0x80004450 (0x006e3033) sltu    zero, t3, t1
core   0: 0 0x80004450 (0x006e3033)
core   0: 0x80004454 (0x0000100f) fence.i
core   0: 0 0x80004454 (0x0000100f)
core   0: 0x80004458 (0x01620bb7) lui     s7, 0x1620
core   0: 0 0x80004458 (0x01620bb7) x23 0x01620000
core   0: 0x8000445c (0x0000100f) fence.i
core   0: 0 0x8000445c (0x0000100f)
core   0: 0x80004460 (0x00009a9a) c.add   s5, t1
core   0: 0 0x80004460 (0x9a9a) x21 0x4bcdc0cd
core   0: 0x80004462 (0xe4d86017) auipc   zero, 0xe4d86
core   0: 0 0x80004462 (0xe4d86017)
core   0: 0x80004466 (0x00008c46) c.mv    s8, a7
core   0: 0 0x80004466 (0x8c46) x24 0x80000001
core   0: 0x80004468 (0x00ead333) srl     t1, s5, a4
core   0: 0 0x80004468 (0x00ead333) x6  0x4bcdc0cd
core   0: 0x8000446c (0x00aa9013) slli    zero, s5, 10
core   0: 0 0x8000446c (0x00aa9013)
core   0: 0x80004470 (0x00a2ac33) slt     s8, t0, a0
core   0: 0 0x80004470 (0x00a2ac33) x24 0x00000001
core   0: 0x80004474 (0x40a40333) sub     t1, s0, a0
core   0: 0 0x80004474 (0x40a40333) x6  0x000003da
core   0: 0x80004478 (0x00008ce1) c.and   s1, s0
core   0: 0 0x80004478 (0x8ce1) x9  0x00000000
core   0: 0x8000447a (0x1e82ab13) slti    s6, t0, 488
core   0: 0 0x8000447a (0x1e82ab13) x22 0x00000001
core   0: 0x8000447e (0x00008a51) c.andi  a2, 20
core   0: 0 0x8000447e (0x8a51) x12 0x00000000
core   0: 0x80004480 (0x0000e805) c.bnez  s0, pc + 48
core   0: 0 0x80004480 (0xe805)
core   0: 0x800044b0 (0x41358a33) sub     s4, a1, s3
core   0: 0 0x800044b0 (0x41358a33) x20 0x00000000
core   0: 0x800044b4 (0x00008d95) c.sub   a1, a3
core   0: 0 0x800044b4 (0x8d95) x11 0x00000000
core   0: 0x800044b6 (0xe9a5a893) slti    a7, a1, -358
core   0: 0 0x800044b6 (0xe9a5a893) x17 0x00000000
core   0: 0x800044ba (0x0bc27893) andi    a7, tp, 188
core   0: 0 0x800044ba (0x0bc27893) x17 0x00000000
core   0: 0x800044be (0x0000997d) c.andi  a0, -1
core   0: 0 0x800044be (0x997d) x10 0x00000017
core   0: 0x800044c0 (0x02429033) mulh    zero, t0, tp
core   0: 0 0x800044c0 (0x02429033)
core   0: 0x800044c4 (0x00008d55) c.or    a0, a3
core   0: 0 0x800044c4 (0x8d55) x10 0x00000017
core   0: 0x800044c6 (0x01b96f63) bltu    s2, s11, pc + 30
core   0: 0 0x800044c6 (0x01b96f63)
core   0: 0x800044ca (0xafcee697) auipc   a3, 0xafcee
core   0: 0 0x800044ca (0xafcee697) x13 0x2fcf24ca
core   0: 0x800044ce (0xe15ffc13) andi    s8, t6, -491
core   0: 0 0x800044ce (0xe15ffc13) x24 0xffdfb400
core   0: 0x800044d2 (0x40d18a33) sub     s4, gp, a3
core   0: 0 0x800044d2 (0x40d18a33) x20 0xd02ed715
core   0: 0x800044d6 (0x814f0013) addi    zero, t5, -2028
core   0: 0 0x800044d6 (0x814f0013)
core   0: 0x800044da (0x006c5c13) srli    s8, s8, 6
core   0: 0 0x800044da (0x006c5c13) x24 0x03ff7ed0
core   0: 0x800044de (0x000085a9) c.srai  a1, 10
core   0: 0 0x800044de (0x85a9) x11 0x00000000
core   0: 0x800044e0 (0x0000cf09) c.beqz  a4, pc + 26
core   0: 0 0x800044e0 (0xcf09)
core   0: 0x800044fa (0x028e6563) bltu    t3, s0, pc + 42
core   0: 0 0x800044fa (0x028e6563)
core   0: 0x800044fe (0x00008c29) c.xor   s0, a0
core   0: 0 0x800044fe (0x8c29) x8  0x000003e6
core   0: 0x80004500 (0x02d6f933) remu    s2, a3, a3
core   0: 0 0x80004500 (0x02d6f933) x18 0x00000000
core   0: 0x80004504 (0x0000717d) c.addi16sp sp, -16
core   0: 0 0x80004504 (0x717d) x2  0xfffffff0
core   0: 0x80004506 (0x00556663) bltu    a0, t0, pc + 12
core   0: 0 0x80004506 (0x00556663)
core   0: 0x8000450a (0x41f0d833) sra     a6, ra, t6
core   0: 0 0x8000450a (0x41f0d833) x16 0x00000000
core   0: 0x8000450e (0x02356363) bltu    a0, gp, pc + 38
core   0: 0 0x8000450e (0x02356363)
core   0: 0x80004534 (0x0304a233) mulhsu  tp, s1, a6
core   0: 0 0x80004534 (0x0304a233) x4  0x00000000
core   0: 0x80004538 (0x01fe9eb3) sll     t4, t4, t6
core   0: 0 0x80004538 (0x01fe9eb3) x29 0x00000302
core   0: 0x8000453c (0x0ff0000f) fence   iorw,iorw
core   0: 0 0x8000453c (0x0ff0000f)
core   0: 0x80004540 (0x0000557d) c.li    a0, -1
core   0: 0 0x80004540 (0x557d) x10 0xffffffff
core   0: 0x80004542 (0x0000100f) fence.i
core   0: 0 0x80004542 (0x0000100f)
core   0: 0x80004546 (0x01b13633) sltu    a2, sp, s11
core   0: 0 0x80004546 (0x01b13633) x12 0x00000000
core   0: 0x8000454a (0x0ff0000f) fence   iorw,iorw
core   0: 0 0x8000454a (0x0ff0000f)
core   0: 0x8000454e (0x402480b3) sub     ra, s1, sp
core   0: 0 0x8000454e (0x402480b3) x1  0x00000010
core   0: 0x80004552 (0x00b099b3) sll     s3, ra, a1
core   0: 0 0x80004552 (0x00b099b3) x19 0x00000010
core   0: 0x80004556 (0x007cdfb3) srl     t6, s9, t2
core   0: 0 0x80004556 (0x007cdfb3) x31 0x0000002b
core   0: 0x8000455a (0x4482b313) sltiu   t1, t0, 1096
core   0: 0 0x8000455a (0x4482b313) x6  0x00000001
core   0: 0x8000455e (0x00008dc1) c.or    a1, s0
core   0: 0 0x8000455e (0x8dc1) x11 0x000003e6
core   0: 0x80004560 (0x0036cdb3) xor     s11, a3, gp
core   0: 0 0x80004560 (0x0036cdb3) x27 0xd032df15
core   0: 0x80004564 (0x0000c49d) c.beqz  s1, pc + 46
core   0: 0 0x80004564 (0xc49d)
core   0: 0x80004592 (0x00008c0a) c.mv    s8, sp
core   0: 0 0x80004592 (0x8c0a) x24 0xfffffff0
core   0: 0x80004594 (0x7a8f6f13) ori     t5, t5, 1960
core   0: 0 0x80004594 (0x7a8f6f13) x30 0xfffdfffe
core   0: 0x80004598 (0x025d82b3) mul     t0, s11, t0
core   0: 0 0x80004598 (0x025d82b3) x5  0xd032df15
core   0: 0x8000459c (0x00919563) bne     gp, s1, pc + 10
core   0: 0 0x8000459c (0x00919563)
core   0: 0x800045a6 (0x00008ee1) c.and   a3, s0
core   0: 0 0x800045a6 (0x8ee1) x13 0x000000c2
core   0: 0x800045a8 (0x0000717d) c.addi16sp sp, -16
core   0: 0 0x800045a8 (0x717d) x2  0xffffffe0
core   0: 0x800045aa (0x01630463) beq     t1, s6, pc + 8
core   0: 0 0x800045aa (0x01630463)
core   0: 0x800045b2 (0x014fe363) bltu    t6, s4, pc + 6
core   0: 0 0x800045b2 (0x014fe363)
core   0: 0x800045b8 (0x01771c33) sll     s8, a4, s7
core   0: 0 0x800045b8 (0x01771c33) x24 0x00000000
core   0: 0x800045bc (0x01c9b9b3) sltu    s3, s3, t3
core   0: 0 0x800045bc (0x01c9b9b3) x19 0x00000001
core   0: 0x800045c0 (0x00d2cc33) xor     s8, t0, a3
core   0: 0 0x800045c0 (0x00d2cc33) x24 0xd032dfd7
core   0: 0x800045c4 (0x01c6cbb3) xor     s7, a3, t3
core   0: 0 0x800045c4 (0x01c6cbb3) x23 0x80021e96
core   0: 0x800045c8 (0x00c4d893) srli    a7, s1, 12
core   0: 0 0x800045c8 (0x00c4d893) x17 0x00000000
core   0: 0x800045cc (0x000000c1) c.addi  ra, 16
core   0: 0 0x800045cc (0x00c1) x1  0x00000020
core   0: 0x800045ce (0x00000001) c.nop
core   0: 0 0x800045ce (0x0001)
core   0: 0x800045d0 (0x000081c9) c.srli  a1, 18
core   0: 0 0x800045d0 (0x81c9) x11 0x00000000
core   0: 0x800045d2 (0xcef5ed93) ori     s11, a1, -785
core   0: 0 0x800045d2 (0xcef5ed93) x27 0xfffffcef
core   0: 0x800045d6 (0xa3ac4213) xori    tp, s8, -1478
core   0: 0 0x800045d6 (0xa3ac4213) x4  0x2fcd25ed
core   0: 0x800045da (0x00000001) c.nop
core   0: 0 0x800045da (0x0001)
core   0: 0x800045dc (0x0595e063) bltu    a1, s9, pc + 64
core   0: 0 0x800045dc (0x0595e063)
core   0: 0x8000461c (0x013d9313) slli    t1, s11, 19
core   0: 0 0x8000461c (0x013d9313) x6  0xe7780000
core   0: 0x80004620 (0x00009fb6) c.add   t6, a3
core   0: 0 0x80004620 (0x9fb6) x31 0x000000ed
core   0: 0x80004622 (0x00006475) c.lui   s0, 0x1d
core   0: 0 0x80004622 (0x6475) x8  0x0001d000
core   0: 0x80004624 (0x00001100) c.addi4spn s0, sp, 160
core   0: 0 0x80004624 (0x1100) x8  0x00000080
core   0: 0x80004626 (0x72120017) auipc   zero, 0x72120
core   0: 0 0x80004626 (0x72120017)
core   0: 0x8000462a (0x00008551) c.srai  a0, 20
core   0: 0 0x8000462a (0x8551) x10 0xffffffff
core   0: 0x8000462c (0x00000001) c.nop
core   0: 0 0x8000462c (0x0001)
core   0: 0x8000462e (0x00119713) slli    a4, gp, 1
core   0: 0 0x8000462e (0x00119713) x14 0xfffbf7be
core   0: 0x80004632 (0x0347bb33) mulhu   s6, a5, s4
core   0: 0 0x80004632 (0x0347bb33) x22 0x68195772
core   0: 0x80004636 (0x01df1263) bne     t5, t4, pc + 4
core   0: 0 0x80004636 (0x01df1263)
core   0: 0x8000463a (0x017f2bb3) slt     s7, t5, s7
core   0: 0 0x8000463a (0x017f2bb3) x23 0x00000000
core   0: 0x8000463e (0x00f7ecb3) or      s9, a5, a5
core   0: 0 0x8000463e (0x00f7ecb3) x25 0x80025ce4
core   0: 0x80004642 (0x000089d5) c.andi  a1, 21
core   0: 0 0x80004642 (0x89d5) x11 0x00000000
core   0: 0x80004644 (0x0000100f) fence.i
core   0: 0 0x80004644 (0x0000100f)
core   0: 0x80004648 (0x00000001) c.nop
core   0: 0 0x80004648 (0x0001)
core   0: 0x8000464a (0x03027233) remu    tp, tp, a6
core   0: 0 0x8000464a (0x03027233) x4  0x2fcd25ed
core   0: 0x8000464e (0x0184a0b3) slt     ra, s1, s8
core   0: 0 0x8000464e (0x0184a0b3) x1  0x00000000
core   0: 0x80004652 (0x01995b63) bge     s2, s9, pc + 22
core   0: 0 0x80004652 (0x01995b63)
core   0: 0x80004668 (0x02534163) blt     t1, t0, pc + 34
core   0: 0 0x80004668 (0x02534163)
core   0: 0x8000466c (0x03b42f33) mulhsu  t5, s0, s11
core   0: 0 0x8000466c (0x03b42f33) x30 0x0000007f
core   0: 0x80004670 (0x00e88463) beq     a7, a4, pc + 8
core   0: 0 0x80004670 (0x00e88463)
core   0: 0x80004674 (0x0ff0000f) fence   iorw,iorw
core   0: 0 0x80004674 (0x0ff0000f)
core   0: 0x80004678 (0x00008c79) c.and   s0, a4
core   0: 0 0x80004678 (0x8c79) x8  0x00000080
core   0: 0x8000467a (0x037a8233) mul     tp, s5, s7
core   0: 0 0x8000467a (0x037a8233) x4  0x00000000
core   0: 0x8000467e (0x0000833d) c.srli  a4, 15
core   0: 0 0x8000467e (0x833d) x14 0x0001fff7
core   0: 0x80004680 (0x01e3e763) bltu    t2, t5, pc + 14
core   0: 0 0x80004680 (0x01e3e763)
core   0: 0x80004684 (0x726d7293) andi    t0, s10, 1830
core   0: 0 0x80004684 (0x726d7293) x5  0x00000000
core   0: 0x80004688 (0x0000068d) c.addi  a3, 3
core   0: 0 0x80004688 (0x068d) x13 0x000000c5
core   0: 0x8000468a (0xc8ccc697) auipc   a3, 0xc8ccc
core   0: 0 0x8000468a (0xc8ccc697) x13 0x48cd068a
core   0: 0x8000468e (0x22414b93) xori    s7, sp, 548
core   0: 0 0x8000468e (0x22414b93) x23 0xfffffdc4
core   0: 0x80004692 (0x00008e2d) c.xor   a2, a1
core   0: 0 0x80004692 (0x8e2d) x12 0x00000000
core   0: 0x80004694 (0x01a45433) srl     s0, s0, s10
core   0: 0 0x80004694 (0x01a45433) x8  0x00000080
core   0: 0x80004698 (0x03308833) mul     a6, ra, s3
core   0: 0 0x80004698 (0x03308833) x16 0x00000000
core   0: 0x8000469c (0x01565713) srli    a4, a2, 21
core   0: 0 0x8000469c (0x01565713) x14 0x00000000
core   0: 0x800046a0 (0x00008252) c.mv    tp, s4
core   0: 0 0x800046a0 (0x8252) x4  0xd02ed715
core   0: 0x800046a2 (0x03488cb3) mul     s9, a7, s4
core   0: 0 0x800046a2 (0x03488cb3) x25 0x00000000
core   0: 0x800046a6 (0x00000001) c.nop
core   0: 0 0x800046a6 (0x0001)
core   0: 0x800046a8 (0x00008c5d) c.or    s0, a5
core   0: 0 0x800046a8 (0x8c5d) x8  0x80025ce4
core   0: 0x800046aa (0x0163d263) bge     t2, s6, pc + 4
core   0: 0 0x800046aa (0x0163d263)
core   0: 0x800046ae (0x0000034a) c.slli  t1, 18
core   0: 0 0x800046ae (0x034a) x6  0x00000000
core   0: 0x800046b0 (0x02965033) divu    zero, a2, s1
core   0: 0 0x800046b0 (0x02965033)
core   0: 0x800046b4 (0x0000cf15) c.beqz  a4, pc + 60
core   0: 0 0x800046b4 (0xcf15)
core   0: 0x800046f0 (0x02b44333) div     t1, s0, a1
core   0: 0 0x800046f0 (0x02b44333) x6  0xffffffff
core   0: 0x800046f4 (0x02729333) mulh    t1, t0, t2
core   0: 0 0x800046f4 (0x02729333) x6  0x00000000
core   0: 0x800046f8 (0x00000a8a) c.slli  s5, 2
core   0: 0 0x800046f8 (0x0a8a) x21 0x2f370334
core   0: 0x800046fa (0x00006321) c.lui   t1, 0x8
core   0: 0 0x800046fa (0x6321) x6  0x00008000
core   0: 0x800046fc (0x01479493) slli    s1, a5, 20
core   0: 0 0x800046fc (0x01479493) x9  0xce400000
core   0: 0x80004700 (0x00000001) c.nop
core   0: 0 0x80004700 (0x0001)
core   0: 0x80004702 (0x00be7d33) and     s10, t3, a1
core   0: 0 0x80004702 (0x00be7d33) x26 0x00000000
core   0: 0x80004706 (0x00009416) c.add   s0, t0
core   0: 0 0x80004706 (0x9416) x8  0x80025ce4
core   0: 0x80004708 (0x025be763) bltu    s7, t0, pc + 46
core   0: 0 0x80004708 (0x025be763)
core   0: 0x8000470c (0x00008f5d) c.or    a4, a5
core   0: 0 0x8000470c (0x8f5d) x14 0x80025ce4
core   0: 0x8000470e (0x0037feb3) and     t4, a5, gp
core   0: 0 0x8000470e (0x0037feb3) x29 0x800058c4
core   0: 0x80004712 (0x00008489) c.srai  s1, 2
core   0: 0 0x80004712 (0x8489) x9  0xf3900000
core   0: 0x80004714 (0x00008145) c.srli  a0, 17
core   0: 0 0x80004714 (0x8145) x10 0x00007fff
core   0: 0x80004716 (0x40a50eb3) sub     t4, a0, a0
core   0: 0 0x80004716 (0x40a50eb3) x29 0x00000000
core   0: 0x8000471a (0x0533d063) bge     t2, s3, pc + 64
core   0: 0 0x8000471a (0x0533d063)
core   0: 0x8000471e (0x004635b3) sltu    a1, a2, tp
core   0: 0 0x8000471e (0x004635b3) x11 0x00000001
core   0: 0x80004722 (0x4be60893) addi    a7, a2, 1214
core   0: 0 0x80004722 (0x4be60893) x17 0x000004be
core   0: 0x80004726 (0x00001508) c.addi4spn a0, sp, 672
core   0: 0 0x80004726 (0x1508) x10 0x00000280
core   0: 0x80004728 (0xcee7b093) sltiu   ra, a5, -786
core   0: 0 0x80004728 (0xcee7b093) x1  0x00000001
core   0: 0x8000472c (0x828e0213) addi    tp, t3, -2008
core   0: 0 0x8000472c (0x828e0213) x4  0x8002167c
core   0: 0x80004730 (0x50204a13) xori    s4, zero, 1282
core   0: 0 0x80004730 (0x50204a13) x20 0x00000502
core   0: 0x80004734 (0x000059fd) c.li    s3, -1
core   0: 0 0x80004734 (0x59fd) x19 0xffffffff
core   0: 0x80004736 (0x00c722b3) slt     t0, a4, a2
core   0: 0 0x80004736 (0x00c722b3) x5  0x00000001
core   0: 0x8000473a (0x01671593) slli    a1, a4, 22
core   0: 0 0x8000473a (0x01671593) x11 0x39000000
core   0: 0x8000473e (0x03705063) bge     zero, s7, pc + 32
core   0: 0 0x8000473e (0x03705063)
core   0: 0x8000475e (0x40c10fb3) sub     t6, sp, a2
core   0: 0 0x8000475e (0x40c10fb3) x31 0xffffffe0
core   0: 0x80004762 (0x00000ab2) c.slli  s5, 12
core   0: 0 0x80004762 (0x0ab2) x21 0x70334000
core   0: 0x80004764 (0x021ae163) bltu    s5, ra, pc + 34
core   0: 0 0x80004764 (0x021ae163)
core   0: 0x80004768 (0x02241d63) bne     s0, sp, pc + 58
core   0: 0 0x80004768 (0x02241d63)
core   0: 0x800047a2 (0x034d0233) mul     tp, s10, s4
core   0: 0 0x800047a2 (0x034d0233) x4  0x00000000
core   0: 0x800047a6 (0x00008e1d) c.sub   a2, a5
core   0: 0 0x800047a6 (0x8e1d) x12 0x7ffda31c
core   0: 0x800047a8 (0x328d5197) auipc   gp, 0x328d5
core   0: 0 0x800047a8 (0x328d5197) x3  0xb28d97a8
core   0: 0x800047ac (0x0000617d) c.addi16sp sp, 496
core   0: 0 0x800047ac (0x617d) x2  0x000001d0
core   0: 0x800047ae (0x000091f6) c.add   gp, t4
core   0: 0 0x800047ae (0x91f6) x3  0xb28d97a8
core   0: 0x800047b0 (0x32b86e93) ori     t4, a6, 811
core   0: 0 0x800047b0 (0x32b86e93) x29 0x0000032b
core   0: 0x800047b4 (0x03128c33) mul     s8, t0, a7
core   0: 0 0x800047b4 (0x03128c33) x24 0x000004be
core   0: 0x800047b8 (0x0388e833) rem     a6, a7, s8
core   0: 0 0x800047b8 (0x0388e833) x16 0x00000000
core   0: 0x800047bc (0x0302dfb3) divu    t6, t0, a6
core   0: 0 0x800047bc (0x0302dfb3) x31 0xffffffff
core   0: 0x800047c0 (0x0253d2b3) divu    t0, t2, t0
core   0: 0 0x800047c0 (0x0253d2b3) x5  0x80000000
core   0: 0x800047c4 (0x00008d49) c.or    a0, a0
core   0: 0 0x800047c4 (0x8d49) x10 0x00000280
core   0: 0x800047c6 (0x03fa1d33) mulh    s10, s4, t6
core   0: 0 0x800047c6 (0x03fa1d33) x26 0xffffffff
core   0: 0x800047ca (0x41ad5f13) srai    t5, s10, 26
core   0: 0 0x800047ca (0x41ad5f13) x30 0xffffffff
core   0: 0x800047ce (0x41c304b3) sub     s1, t1, t3
core   0: 0 0x800047ce (0x41c304b3) x9  0x7ffe61ac
core   0: 0x800047d2 (0x0ff0000f) fence   iorw,iorw
core   0: 0 0x800047d2 (0x0ff0000f)
core   0: 0x800047d6 (0x017b6cb3) or      s9, s6, s7
core   0: 0 0x800047d6 (0x017b6cb3) x25 0xfffffff6
core   0: 0x800047da (0x00006571) c.lui   a0, 0x1c
core   0: 0 0x800047da (0x6571) x10 0x0001c000
core   0: 0x800047dc (0x00008da5) c.xor   a1, s1
core   0: 0 0x800047dc (0x8da5) x11 0x46fe61ac
core   0: 0x800047de (0x0000058a) c.slli  a1, 2
core   0: 0 0x800047de (0x058a) x11 0x1bf986b0
core   0: 0x800047e0 (0x00006545) c.lui   a0, 0x11
core   0: 0 0x800047e0 (0x6545) x10 0x00011000
core   0: 0x800047e2 (0x00000001) c.nop
core   0: 0 0x800047e2 (0x0001)
core   0: 0x800047e4 (0x0000614d) c.addi16sp sp, 176
core   0: 0 0x800047e4 (0x614d) x2  0x00000280
core   0: 0x800047e6 (0x00008e59) c.or    a2, a4
core   0: 0 0x800047e6 (0x8e59) x12 0xfffffffc
core   0: 0x800047e8 (0x000001ba) c.slli  gp, 14
core   0: 0 0x800047e8 (0x01ba) x3  0x65ea0000
core   0: 0x800047ea (0x0f4c9a17) auipc   s4, 0xf4c9
core   0: 0 0x800047ea (0x0f4c9a17) x20 0x8f4cd7ea
core   0: 0x800047ee (0x00eb8b33) add     s6, s7, a4
core   0: 0 0x800047ee (0x00eb8b33) x22 0x80025aa8
core   0: 0x800047f2 (0x02c78263) beq     a5, a2, pc + 36
core   0: 0 0x800047f2 (0x02c78263)
core   0: 0x800047f6 (0x83efeb93) ori     s7, t6, -1986
core   0: 0 0x800047f6 (0x83efeb93) x23 0xffffffff
core   0: 0x800047fa (0x00006169) c.addi16sp sp, 208
core   0: 0 0x800047fa (0x6169) x2  0x00000350
core   0: 0x800047fc (0x00000001) c.nop
core   0: 0 0x800047fc (0x0001)
core   0: 0x800047fe (0x00000818) c.addi4spn a4, sp, 16
core   0: 0 0x800047fe (0x0818) x14 0x00000360
core   0: 0x80004800 (0x00008419) c.srai  s0, 6
core   0: 0 0x80004800 (0x8419) x8  0xfe000973
core   0: 0x80004802 (0x00008ea1) c.xor   a3, s0
core   0: 0 0x80004802 (0x8ea1) x13 0xb6cd0ff9
core   0: 0x80004804 (0x0329c0b3) div     ra, s3, s2
core   0: 0 0x80004804 (0x0329c0b3) x1  0xffffffff
core   0: 0x80004808 (0x01b18f63) beq     gp, s11, pc + 30
core   0: 0 0x80004808 (0x01b18f63)
core   0: 0x8000480c (0xf167a637) lui     a2, 0xf167a
core   0: 0 0x8000480c (0xf167a637) x12 0xf167a000
core   0: 0x80004810 (0x02bafe63) bgeu    s5, a1, pc + 60
core   0: 0 0x80004810 (0x02bafe63)
core   0: 0x8000484c (0x00000001) c.nop
core   0: 0 0x8000484c (0x0001)
core   0: 0x8000484e (0x000088ce) c.mv    a7, s3
core   0: 0 0x8000484e (0x88ce) x17 0xffffffff
core   0: 0x80004850 (0x00008a26) c.mv    s4, s1
core   0: 0 0x80004850 (0x8a26) x20 0x7ffe61ac
core   0: 0x80004852 (0x02d916b3) mulh    a3, s2, a3
core   0: 0 0x80004852 (0x02d916b3) x13 0x00000000
core   0: 0x80004856 (0x00868cb3) add     s9, a3, s0
core   0: 0 0x80004856 (0x00868cb3) x25 0xfe000973
core   0: 0x8000485a (0x00000001) c.nop
core   0: 0 0x8000485a (0x0001)
core   0: 0x8000485c (0x000085ed) c.srai  a1, 27
core   0: 0 0x8000485c (0x85ed) x11 0x00000003
core   0: 0x8000485e (0x034f6633) rem     a2, t5, s4
core   0: 0 0x8000485e (0x034f6633) x12 0xffffffff
core   0: 0x80004862 (0xcc243897) auipc   a7, 0xcc243
core   0: 0 0x80004862 (0xcc243897) x17 0x4c247862
core   0: 0x80004866 (0x00ad40b3) xor     ra, s10, a0
core   0: 0 0x80004866 (0x00ad40b3) x1  0xfffeefff
core   0: 0x8000486a (0x01360333) add     t1, a2, s3
core   0: 0 0x8000486a (0x01360333) x6  0xfffffffe
core   0: 0x8000486e (0x0000100f) fence.i
core   0: 0 0x8000486e (0x0000100f)
core   0: 0x80004872 (0x0000e601) c.bnez  a2, pc + 8
core   0: 0 0x80004872 (0xe601)
core   0: 0x8000487a (0x00008d75) c.and   a0, a3
core   0: 0 0x8000487a (0x8d75) x10 0x00000000
core   0: 0x8000487c (0xbe0538b7) lui     a7, 0xbe053
core   0: 0 0x8000487c (0xbe0538b7) x17 0xbe053000
core   0: 0x80004880 (0x03b3aa33) mulhsu  s4, t2, s11
core   0: 0 0x80004880 (0x03b3aa33) x20 0x80000188
core   0: 0x80004884 (0x01fb6d63) bltu    s6, t6, pc + 26
core   0: 0 0x80004884 (0x01fb6d63)
core   0: 0x8000489e (0x00008c52) c.mv    s8, s4
core   0: 0 0x8000489e (0x8c52) x24 0x80000188
core   0: 0x800048a0 (0x00008ebd) c.xor   a3, a5
core   0: 0 0x800048a0 (0x8ebd) x13 0x80025ce4
core   0: 0x800048a2 (0x03b068b3) rem     a7, zero, s11
core   0: 0 0x800048a2 (0x03b068b3) x17 0x00000000
core   0: 0x800048a6 (0x00006159) c.addi16sp sp, 400
core   0: 0 0x800048a6 (0x6159) x2  0x000004e0
core   0: 0x800048a8 (0x028ce033) rem     zero, s9, s0
core   0: 0 0x800048a8 (0x028ce033)
core   0: 0x800048ac (0x03d78863) beq     a5, t4, pc + 48
core   0: 0 0x800048ac (0x03d78863)
core   0: 0x800048b0 (0x0354d6b3) divu    a3, s1, s5
core   0: 0 0x800048b0 (0x0354d6b3) x13 0x00000001
core   0: 0x800048b4 (0x40a30033) sub     zero, t1, a0
core   0: 0 0x800048b4 (0x40a30033)
core   0: 0x800048b8 (0x41c8d833) sra     a6, a7, t3
core   0: 0 0x800048b8 (0x41c8d833) x16 0x00000000
core   0: 0x800048bc (0x03289833) mulh    a6, a7, s2
core   0: 0 0x800048bc (0x03289833) x16 0x00000000
core   0: 0x800048c0 (0x0000100f) fence.i
core   0: 0 0x800048c0 (0x0000100f)
core   0: 0x800048c4 (0x0000e485) c.bnez  s1, pc + 40
core   0: 0 0x800048c4 (0xe485)
core   0: 0x800048ec (0x0294feb3) remu    t4, s1, s1
core   0: 0 0x800048ec (0x0294feb3) x29 0x00000000
core   0: 0x800048f0 (0x03d6ad33) mulhsu  s10, a3, t4
core   0: 0 0x800048f0 (0x03d6ad33) x26 0x00000000
core   0: 0x800048f4 (0x0000010c) c.addi4spn a1, sp, 128
core   0: 0 0x800048f4 (0x010c) x11 0x00000560
core   0: 0x800048f6 (0x0000ec0d) c.bnez  s0, pc + 58
core   0: 0 0x800048f6 (0xec0d)
core   0: 0x80004930 (0x0027e4b3) or      s1, a5, sp
core   0: 0 0x80004930 (0x0027e4b3) x9  0x80025ce4
core   0: 0x80004934 (0x00006911) c.lui   s2, 0x4
core   0: 0 0x80004934 (0x6911) x18 0x00004000
core   0: 0x80004936 (0x0000100f) fence.i
core   0: 0 0x80004936 (0x0000100f)
core   0: 0x8000493a (0x0ff0000f) fence   iorw,iorw
core   0: 0 0x8000493a (0x0ff0000f)
core   0: 0x8000493e (0x00008e4d) c.or    a2, a1
core   0: 0 0x8000493e (0x8e4d) x12 0xffffffff
core   0: 0x80004940 (0x0000894d) c.andi  a0, 19
core   0: 0 0x80004940 (0x894d) x10 0x00000000
core   0: 0x80004942 (0x00009452) c.add   s0, s4
core   0: 0 0x80004942 (0x9452) x8  0x7e000afb
core   0: 0x80004944 (0x00008951) c.andi  a0, 20
core   0: 0 0x80004944 (0x8951) x10 0x00000000
core   0: 0x80004946 (0x02948763) beq     s1, s1, pc + 46
core   0: 0 0x80004946 (0x02948763)
core   0: 0x80004974 (0x0000c1a1) c.beqz  a1, pc + 64
core   0: 0 0x80004974 (0xc1a1)
core   0: 0x80004976 (0x00000001) c.nop
core   0: 0 0x80004976 (0x0001)
core   0: 0x80004978 (0x00efa2b3) slt     t0, t6, a4
core   0: 0 0x80004978 (0x00efa2b3) x5  0x00000001
core   0: 0x8000497c (0x01637d33) and     s10, t1, s6
core   0: 0 0x8000497c (0x01637d33) x26 0x80025aa8
core   0: 0x80004980 (0xfb9d3a93) sltiu   s5, s10, -71
core   0: 0 0x80004980 (0xfb9d3a93) x21 0x00000001
core   0: 0x80004984 (0x00006c55) c.lui   s8, 0x15
core   0: 0 0x80004984 (0x6c55) x24 0x00015000
core   0: 0x80004986 (0x000088a9) c.andi  s1, 10
core   0: 0 0x80004986 (0x88a9) x9  0x00000000
core   0: 0x80004988 (0x03009963) bne     ra, a6, pc + 50
core   0: 0 0x80004988 (0x03009963)
core   0: 0x800049ba (0x0000e605) c.bnez  a2, pc + 40
core   0: 0 0x800049ba (0xe605)
core   0: 0x800049e2 (0x01e59fb3) sll     t6, a1, t5
core   0: 0 0x800049e2 (0x01e59fb3) x31 0x00000000
core   0: 0x800049e6 (0x02382333) mulhsu  t1, a6, gp
core   0: 0 0x800049e6 (0x02382333) x6  0x00000000
core   0: 0x800049ea (0x01be1db3) sll     s11, t3, s11
core   0: 0 0x800049ea (0x01be1db3) x27 0x0f2a0000
core   0: 0x800049ee (0x00008dd5) c.or    a1, a3
core   0: 0 0x800049ee (0x8dd5) x11 0x00000561
core   0: 0x800049f0 (0x00589933) sll     s2, a7, t0
core   0: 0 0x800049f0 (0x00589933) x18 0x00000000
core   0: 0x800049f4 (0xeb48f913) andi    s2, a7, -332
core   0: 0 0x800049f4 (0xeb48f913) x18 0x00000000
core   0: 0x800049f8 (0x03a71ab3) mulh    s5, a4, s10
core   0: 0 0x800049f8 (0x03a71ab3) x21 0xfffffe50
core   0: 0x800049fc (0x00008cad) c.xor   s1, a1
core   0: 0 0x800049fc (0x8cad) x9  0x00000561
core   0: 0x800049fe (0x409c5733) sra     a4, s8, s1
core   0: 0 0x800049fe (0x409c5733) x14 0x0000a800
core   0: 0x80004a02 (0x03a7d4b3) divu    s1, a5, s10
core   0: 0 0x80004a02 (0x03a7d4b3) x9  0x00000001
core   0: 0x80004a06 (0x5ca20013) addi    zero, tp, 1482
core   0: 0 0x80004a06 (0x5ca20013)
core   0: 0x80004a0a (0xe5ad9997) auipc   s3, 0xe5ad9
core   0: 0 0x80004a0a (0xe5ad9997) x19 0x65adda0a
core   0: 0x80004a0e (0x00000001) c.nop
core   0: 0 0x80004a0e (0x0001)
core   0: 0x80004a10 (0x1344ff13) andi    t5, s1, 308
core   0: 0 0x80004a10 (0x1344ff13) x30 0x00000000
core   0: 0x80004a14 (0x0015c663) blt     a1, ra, pc + 12
core   0: 0 0x80004a14 (0x0015c663)
core   0: 0x80004a18 (0x41f68113) addi    sp, a3, 1055
core   0: 0 0x80004a18 (0x41f68113) x2  0x00000420
core   0: 0x80004a1c (0x000089f2) c.mv    s3, t3
core   0: 0 0x80004a1c (0x89f2) x19 0x80021e54
core   0: 0x80004a1e (0x000065b1) c.lui   a1, 0xc
core   0: 0 0x80004a1e (0x65b1) x11 0x0000c000
core   0: 0x80004a20 (0x037555b3) divu    a1, a0, s7
core   0: 0 0x80004a20 (0x037555b3) x11 0x00000000
core   0: 0x80004a24 (0x7bc37013) andi    zero, t1, 1980
core   0: 0 0x80004a24 (0x7bc37013)
core   0: 0x80004a28 (0x0142fd63) bgeu    t0, s4, pc + 26
core   0: 0 0x80004a28 (0x0142fd63)
core   0: 0x80004a2c (0x3b7f2637) lui     a2, 0x3b7f2
core   0: 0 0x80004a2c (0x3b7f2637) x12 0x3b7f2000
core   0: 0x80004a30 (0x151fdd37) lui     s10, 0x151fd
core   0: 0 0x80004a30 (0x151fdd37) x26 0x151fd000
core   0: 0x80004a34 (0x02649363) bne     s1, t1, pc + 38
core   0: 0 0x80004a34 (0x02649363)
core   0: 0x80004a5a (0x0000100f) fence.i
core   0: 0 0x80004a5a (0x0000100f)
core   0: 0x80004a5e (0x01da3a33) sltu    s4, s4, t4
core   0: 0 0x80004a5e (0x01da3a33) x20 0x00000000
core   0: 0x80004a62 (0x41b95813) srai    a6, s2, 27
core   0: 0 0x80004a62 (0x41b95813) x16 0x00000000
core   0: 0x80004a66 (0x61622513) slti    a0, tp, 1558
core   0: 0 0x80004a66 (0x61622513) x10 0x00000001
core   0: 0x80004a6a (0x87e99a17) auipc   s4, 0x87e99
core   0: 0 0x80004a6a (0x87e99a17) x20 0x07e9da6a
core   0: 0x80004a6e (0x0243dc63) bge     t2, tp, pc + 56
core   0: 0 0x80004a6e (0x0243dc63)
core   0: 0x80004a72 (0x00009afd) c.andi  a3, -1
core   0: 0 0x80004a72 (0x9afd) x13 0x00000001
core   0: 0x80004a74 (0x0072db93) srli    s7, t0, 7
core   0: 0 0x80004a74 (0x0072db93) x23 0x00000000
core   0: 0x80004a78 (0x02428563) beq     t0, tp, pc + 42
core   0: 0 0x80004a78 (0x02428563)
core   0: 0x80004a7c (0xc47c9fb7) lui     t6, 0xc47c9
core   0: 0 0x80004a7c (0xc47c9fb7) x31 0xc47c9000
core   0: 0x80004a80 (0x00000001) c.nop
core   0: 0 0x80004a80 (0x0001)
core   0: 0x80004a82 (0x00000001) c.nop
core   0: 0 0x80004a82 (0x0001)
core   0: 0x80004a84 (0x0106fcb3) and     s9, a3, a6
core   0: 0 0x80004a84 (0x0106fcb3) x25 0x00000000
core   0: 0x80004a88 (0x0246d163) bge     a3, tp, pc + 34
core   0: 0 0x80004a88 (0x0246d163)
core   0: 0x80004aaa (0x03269333) mulh    t1, a3, s2
core   0: 0 0x80004aaa (0x03269333) x6  0x00000000
core   0: 0x80004aae (0x02fd7033) remu    zero, s10, a5
core   0: 0 0x80004aae (0x02fd7033)
core   0: 0x80004ab2 (0x010b7933) and     s2, s6, a6
core   0: 0 0x80004ab2 (0x010b7933) x18 0x00000000
core   0: 0x80004ab6 (0x00008751) c.srai  a4, 20
core   0: 0 0x80004ab6 (0x8751) x14 0x00000000
core   0: 0x80004ab8 (0x01551533) sll     a0, a0, s5
core   0: 0 0x80004ab8 (0x01551533) x10 0x00010000
core   0: 0x80004abc (0x02e34a33) div     s4, t1, a4
core   0: 0 0x80004abc (0x02e34a33) x20 0xffffffff
core   0: 0x80004ac0 (0x40318d33) sub     s10, gp, gp
core   0: 0 0x80004ac0 (0x40318d33) x26 0x00000000
core   0: 0x80004ac4 (0x00008da1) c.xor   a1, s0
core   0: 0 0x80004ac4 (0x8da1) x11 0x7e000afb
core   0: 0x80004ac6 (0x023ff233) remu    tp, t6, gp
core   0: 0 0x80004ac6 (0x023ff233) x4  0x5e929000
core   0: 0x80004aca (0x015b7a33) and     s4, s6, s5
core   0: 0 0x80004aca (0x015b7a33) x20 0x80025a00
core   0: 0x80004ace (0x03280c33) mul     s8, a6, s2
core   0: 0 0x80004ace (0x03280c33) x24 0x00000000
core   0: 0x80004ad2 (0x005a1b93) slli    s7, s4, 5
core   0: 0 0x80004ad2 (0x005a1b93) x23 0x004b4000
core   0: 0x80004ad6 (0x0360fbb3) remu    s7, ra, s6
core   0: 0 0x80004ad6 (0x0360fbb3) x23 0x7ffc9557
core   0: 0x80004ada (0x0000833e) c.mv    t1, a5
core   0: 0 0x80004ada (0x833e) x6  0x80025ce4
core   0: 0x80004adc (0x00004111) c.li    sp, 4
core   0: 0 0x80004adc (0x4111) x2  0x00000004
core   0: 0x80004ade (0x0ff0000f) fence   iorw,iorw
core   0: 0 0x80004ade (0x0ff0000f)
core   0: 0x80004ae2 (0x00399033) sll     zero, s3, gp
core   0: 0 0x80004ae2 (0x00399033)
core   0: 0x80004ae6 (0x27ad7097) auipc   ra, 0x27ad7
core   0: 0 0x80004ae6 (0x27ad7097) x1  0xa7adbae6
core   0: 0x80004aea (0x00008b7e) c.mv    s6, t6
core   0: 0 0x80004aea (0x8b7e) x22 0xc47c9000
core   0: 0x80004aec (0x4113dab3) sra     s5, t2, a7
core   0: 0 0x80004aec (0x4113dab3) x21 0x80000000
core   0: 0x80004af0 (0x01c61633) sll     a2, a2, t3
core   0: 0 0x80004af0 (0x01c61633) x12 0x00000000
core   0: 0x80004af4 (0x0000848d) c.srai  s1, 3
core   0: 0 0x80004af4 (0x848d) x9  0x00000000
core   0: 0x80004af6 (0x030ae433) rem     s0, s5, a6
core   0: 0 0x80004af6 (0x030ae433) x8  0x80000000
core   0: 0x80004afa (0x000050fd) c.li    ra, -1
core   0: 0 0x80004afa (0x50fd) x1  0xffffffff
core   0: 0x80004afc (0x00001998) c.addi4spn a4, sp, 240
core   0: 0 0x80004afc (0x1998) x14 0x000000f4
core   0: 0x80004afe (0x0000100f) fence.i
core   0: 0 0x80004afe (0x0000100f)
core   0: 0x80004b02 (0x2559b013) sltiu   zero, s3, 597
core   0: 0 0x80004b02 (0x2559b013)
core   0: 0x80004b06 (0x00046cb3) or      s9, s0, zero
core   0: 0 0x80004b06 (0x00046cb3) x25 0x80000000
core   0: 0x80004b0a (0x01ceef33) or      t5, t4, t3
core   0: 0 0x80004b0a (0x01ceef33) x30 0x80021e54
core   0: 0x80004b0e (0x0262a033) mulhsu  zero, t0, t1
core   0: 0 0x80004b0e (0x0262a033)
core   0: 0x80004b12 (0x017d4263) blt     s10, s7, pc + 4
core   0: 0 0x80004b12 (0x017d4263)
core   0: 0x80004b16 (0x001dfbb3) and     s7, s11, ra
core   0: 0 0x80004b16 (0x001dfbb3) x23 0x0f2a0000
core   0: 0x80004b1a (0x794679b7) lui     s3, 0x79467
core   0: 0 0x80004b1a (0x794679b7) x19 0x79467000
core   0: 0x80004b1e (0xc5f54f37) lui     t5, 0xc5f54
core   0: 0 0x80004b1e (0xc5f54f37) x30 0xc5f54000
core   0: 0x80004b22 (0x011c5863) bge     s8, a7, pc + 16
core   0: 0 0x80004b22 (0x011c5863)
core   0: 0x80004b32 (0x0000617d) c.addi16sp sp, 496
core   0: 0 0x80004b32 (0x617d) x2  0x000001f4
core   0: 0x80004b34 (0x00000001) c.nop
core   0: 0 0x80004b34 (0x0001)
core   0: 0x80004b36 (0x014da9b3) slt     s3, s11, s4
core   0: 0 0x80004b36 (0x014da9b3) x19 0x00000000
core   0: 0x80004b3a (0xeb190c17) auipc   s8, 0xeb190
core   0: 0 0x80004b3a (0xeb190c17) x24 0x6b194b3a
core   0: 0x80004b3e (0x00af14b3) sll     s1, t5, a0
core   0: 0 0x80004b3e (0x00af14b3) x9  0xc5f54000
core   0: 0x80004b42 (0x03ac4533) div     a0, s8, s10
core   0: 0 0x80004b42 (0x03ac4533) x10 0xffffffff
core   0: 0x80004b46 (0x016a3433) sltu    s0, s4, s6
core   0: 0 0x80004b46 (0x016a3433) x8  0x00000001
core   0: 0x80004b4a (0x024f6a33) rem     s4, t5, tp
core   0: 0 0x80004b4a (0x024f6a33) x20 0xc5f54000
core   0: 0x80004b4e (0x00000001) c.nop
core   0: 0 0x80004b4e (0x0001)
core   0: 0x80004b50 (0x00008f5d) c.or    a4, a5
core   0: 0 0x80004b50 (0x8f5d) x14 0x80025cf4
core   0: 0x80004b52 (0x02ce0933) mul     s2, t3, a2
core   0: 0 0x80004b52 (0x02ce0933) x18 0x00000000
core   0: 0x80004b56 (0x01181d33) sll     s10, a6, a7
core   0: 0 0x80004b56 (0x01181d33) x26 0x00000000
core   0: 0x80004b5a (0x02db5bb3) divu    s7, s6, a3
core   0: 0 0x80004b5a (0x02db5bb3) x23 0xc47c9000
core   0: 0x80004b5e (0x05809463) bne     ra, s8, pc + 72
core   0: 0 0x80004b5e (0x05809463)
core   0: 0x80004ba6 (0x0000ed15) c.bnez  a0, pc + 60
core   0: 0 0x80004ba6 (0xed15)
core   0: 0x80004be2 (0x03884563) blt     a6, s8, pc + 42
core   0: 0 0x80004be2 (0x03884563)
core   0: 0x80004c0c (0x018644b3) xor     s1, a2, s8
core   0: 0 0x80004c0c (0x018644b3) x9  0x6b194b3a
core   0: 0x80004c10 (0x00008e91) c.sub   a3, a2
core   0: 0 0x80004c10 (0x8e91) x13 0x00000001
core   0: 0x80004c12 (0x00008c75) c.and   s0, a3
core   0: 0 0x80004c12 (0x8c75) x8  0x00000001
core   0: 0x80004c14 (0x7bfb7813) andi    a6, s6, 1983
core   0: 0 0x80004c14 (0x7bfb7813) x16 0x00000000
core   0: 0x80004c18 (0x02358b63) beq     a1, gp, pc + 54
core   0: 0 0x80004c18 (0x02358b63)
core   0: 0x80004c1c (0x034e6f63) bltu    t3, s4, pc + 62
core   0: 0 0x80004c1c (0x034e6f63)
core   0: 0x80004c5a (0x00000001) c.nop
core   0: 0 0x80004c5a (0x0001)
core   0: 0x80004c5c (0x00e2feb3) and     t4, t0, a4
core   0: 0 0x80004c5c (0x00e2feb3) x29 0x00000000
core   0: 0x80004c60 (0x00008dc1) c.or    a1, s0
core   0: 0 0x80004c60 (0x8dc1) x11 0x7e000afb
core   0: 0x80004c62 (0x00008f55) c.or    a4, a3
core   0: 0 0x80004c62 (0x8f55) x14 0x80025cf5
core   0: 0x80004c64 (0x48adec13) ori     s8, s11, 1162
core   0: 0 0x80004c64 (0x48adec13) x24 0x0f2a048a
core   0: 0x80004c68 (0x0049d013) srli    zero, s3, 4
core   0: 0 0x80004c68 (0x0049d013)
core   0: 0x80004c6c (0x0ff0000f) fence   iorw,iorw
core   0: 0 0x80004c6c (0x0ff0000f)
core   0: 0x80004c70 (0x000082e1) c.srli  a3, 24
core   0: 0 0x80004c70 (0x82e1) x13 0x00000000
core   0: 0x80004c72 (0x03069463) bne     a3, a6, pc + 40
core   0: 0 0x80004c72 (0x03069463)
core   0: 0x80004c76 (0x00001294) c.addi4spn a3, sp, 352
core   0: 0 0x80004c76 (0x1294) x13 0x00000354
core   0: 0x80004c78 (0x0163d593) srli    a1, t2, 22
core   0: 0 0x80004c78 (0x0163d593) x11 0x00000200
core   0: 0x80004c7c (0x00000284) c.addi4spn s1, sp, 320
core   0: 0 0x80004c7c (0x0284) x9  0x00000334
core   0: 0x80004c7e (0x010df1b3) and     gp, s11, a6
core   0: 0 0x80004c7e (0x010df1b3) x3  0x00000000
core   0: 0x80004c82 (0x02807363) bgeu    zero, s0, pc + 38
core   0: 0 0x80004c82 (0x02807363)
core   0: 0x80004c86 (0x9ed32413) slti    s0, t1, -1555
core   0: 0 0x80004c86 (0x9ed32413) x8  0x00000001
core   0: 0x80004c8a (0x000065c5) c.lui   a1, 0x11
core   0: 0 0x80004c8a (0x65c5) x11 0x00011000
core   0: 0x80004c8c (0xa6394093) xori    ra, s2, -1437
core   0: 0 0x80004c8c (0xa6394093) x1  0xfffffa63
core   0: 0x80004c90 (0x00008371) c.srli  a4, 28
core   0: 0 0x80004c90 (0x8371) x14 0x00000008
core   0: 0x80004c92 (0x00000001) c.nop
core   0: 0 0x80004c92 (0x0001)
core   0: 0x80004c94 (0x0048e663) bltu    a7, tp, pc + 12
core   0: 0 0x80004c94 (0x0048e663)
core   0: 0x80004ca0 (0x03947b63) bgeu    s0, s9, pc + 54
core   0: 0 0x80004ca0 (0x03947b63)
core   0: 0x80004ca4 (0x31e40713) addi    a4, s0, 798
core   0: 0 0x80004ca4 (0x31e40713) x14 0x0000031f
core   0: 0x80004ca8 (0x00a88733) add     a4, a7, a0
core   0: 0 0x80004ca8 (0x00a88733) x14 0xffffffff
core   0: 0x80004cac (0x64e24093) xori    ra, tp, 1614
core   0: 0 0x80004cac (0x64e24093) x1  0x5e92964e
core   0: 0x80004cb0 (0x00000ad5) c.addi  s5, 21
core   0: 0 0x80004cb0 (0x0ad5) x21 0x80000015
core   0: 0x80004cb2 (0x00000001) c.nop
core   0: 0 0x80004cb2 (0x0001)
core   0: 0x80004cb4 (0x360a8413) addi    s0, s5, 864
core   0: 0 0x80004cb4 (0x360a8413) x8  0x80000375
core   0: 0x80004cb8 (0x018a9b93) slli    s7, s5, 24
core   0: 0 0x80004cb8 (0x018a9b93) x23 0x15000000
core   0: 0x80004cbc (0xf350ddb7) lui     s11, 0xf350d
core   0: 0 0x80004cbc (0xf350ddb7) x27 0xf350d000
core   0: 0x80004cc0 (0x40ae5fb3) sra     t6, t3, a0
core   0: 0 0x80004cc0 (0x40ae5fb3) x31 0xffffffff
core   0: 0x80004cc4 (0x0000100f) fence.i
core   0: 0 0x80004cc4 (0x0000100f)
core   0: 0x80004cc8 (0x0370acb3) mulhsu  s9, ra, s7
core   0: 0 0x80004cc8 (0x0370acb3) x25 0x07c20654
core   0: 0x80004ccc (0x40b00593) li      a1, 1035
core   0: 0 0x80004ccc (0x40b00593) x11 0x0000040b
core   0: 0x80004cd0 (0x404c06b3) sub     a3, s8, tp
core   0: 0 0x80004cd0 (0x404c06b3) x13 0xb097748a
core   0: 0x80004cd4 (0x00000001) c.nop
core   0: 0 0x80004cd4 (0x0001)
core   0: 0x80004cd6 (0x03279163) bne     a5, s2, pc + 34
core   0: 0 0x80004cd6 (0x03279163)
core   0: 0x80004cf8 (0x030436b3) mulhu   a3, s0, a6
core   0: 0 0x80004cf8 (0x030436b3) x13 0x00000000
core   0: 0x80004cfc (0x01156563) bltu    a0, a7, pc + 10
core   0: 0 0x80004cfc (0x01156563)
core   0: 0x80004d00 (0x000051fd) c.li    gp, -1
core   0: 0 0x80004d00 (0x51fd) x3  0xffffffff
core   0: 0x80004d02 (0x01af8a63) beq     t6, s10, pc + 20
core   0: 0 0x80004d02 (0x01af8a63)
core   0: 0x80004d06 (0x0000848a) c.mv    s1, sp
core   0: 0 0x80004d06 (0x848a) x9  0x000001f4
core   0: 0x80004d08 (0x0181d593) srli    a1, gp, 24
core   0: 0 0x80004d08 (0x0181d593) x11 0x000000ff
core   0: 0x80004d0c (0x02c04263) blt     zero, a2, pc + 36
core   0: 0 0x80004d0c (0x02c04263)
core   0: 0x80004d10 (0x00008e51) c.or    a2, a2
core   0: 0 0x80004d10 (0x8e51) x12 0x00000000
core   0: 0x80004d12 (0x00008009) c.srli  s0, 2
core   0: 0 0x80004d12 (0x8009) x8  0x200000dd
core   0: 0x80004d14 (0x00008355) c.srli  a4, 21
core   0: 0 0x80004d14 (0x8355) x14 0x000007ff
core   0: 0x80004d16 (0x000086a9) c.srai  a3, 10
core   0: 0 0x80004d16 (0x86a9) x13 0x00000000
core   0: 0x80004d18 (0x00eb0233) add     tp, s6, a4
core   0: 0 0x80004d18 (0x00eb0233) x4  0xc47c97ff
core   0: 0x80004d1c (0x01c8a833) slt     a6, a7, t3
core   0: 0 0x80004d1c (0x01c8a833) x16 0x00000000
core   0: 0x80004d20 (0x03021db3) mulh    s11, tp, a6
core   0: 0 0x80004d20 (0x03021db3) x27 0x00000000
core   0: 0x80004d24 (0x38185017) auipc   zero, 0x38185
core   0: 0 0x80004d24 (0x38185017)
core   0: 0x80004d28 (0x00008a9a) c.mv    s5, t1
core   0: 0 0x80004d28 (0x8a9a) x21 0x80025ce4
core   0: 0x80004d2a (0x00005afd) c.li    s5, -1
core   0: 0 0x80004d2a (0x5afd) x21 0xffffffff
core   0: 0x80004d2c (0x026c9b63) bne     s9, t1, pc + 54
core   0: 0 0x80004d2c (0x026c9b63)
core   0: 0x80004d62 (0x00008c79) c.and   s0, a4
core   0: 0 0x80004d62 (0x8c79) x8  0x000000dd
core   0: 0x80004d64 (0x03fdce63) blt     s11, t6, pc + 60
core   0: 0 0x80004d64 (0x03fdce63)
core   0: 0x80004d68 (0x00005f7d) c.li    t5, -1
core   0: 0 0x80004d68 (0x5f7d) x30 0xffffffff
core   0: 0x80004d6a (0x01c50833) add     a6, a0, t3
core   0: 0 0x80004d6a (0x01c50833) x16 0x80021e53
core   0: 0x80004d6e (0x00008df5) c.and   a1, a3
core   0: 0 0x80004d6e (0x8df5) x11 0x00000000
core   0: 0x80004d70 (0x0590e063) bltu    ra, s9, pc + 64
core   0: 0 0x80004d70 (0x0590e063)
core   0: 0x80004d74 (0x40225213) srai    tp, tp, 2
core   0: 0 0x80004d74 (0x40225213) x4  0xf11f25ff
core   0: 0x80004d78 (0x00008dcd) c.or    a1, a1
core   0: 0 0x80004d78 (0x8dcd) x11 0x00000000
core   0: 0x80004d7a (0x02d2cdb3) div     s11, t0, a3
core   0: 0 0x80004d7a (0x02d2cdb3) x27 0xffffffff
core   0: 0x80004d7e (0x01eec033) xor     zero, t4, t5
core   0: 0 0x80004d7e (0x01eec033)
core   0: 0x80004d82 (0x415ed6b3) sra     a3, t4, s5
core   0: 0 0x80004d82 (0x415ed6b3) x13 0x00000000
core   0: 0x80004d86 (0x00008d91) c.sub   a1, a2
core   0: 0 0x80004d86 (0x8d91) x11 0x00000000
core   0: 0x80004d88 (0x00009ebe) c.add   t4, a5
core   0: 0 0x80004d88 (0x9ebe) x29 0x80025ce4
core   0: 0x80004d8a (0x039cf763) bgeu    s9, s9, pc + 46
core   0: 0 0x80004d8a (0x039cf763)
core   0: 0x80004db8 (0x03878963) beq     a5, s8, pc + 50
core   0: 0 0x80004db8 (0x03878963)
core   0: 0x80004dbc (0x00008cad) c.xor   s1, a1
core   0: 0 0x80004dbc (0x8cad) x9  0x000001f4
core   0: 0x80004dbe (0x000004a6) c.slli  s1, 9
core   0: 0 0x80004dbe (0x04a6) x9  0x0003e800
core   0: 0x80004dc0 (0x0006dcb3) srl     s9, a3, zero
core   0: 0 0x80004dc0 (0x0006dcb3) x25 0x00000000
core   0: 0x80004dc4 (0x034b60b3) rem     ra, s6, s4
core   0: 0 0x80004dc4 (0x034b60b3) x1  0xfe875000
core   0: 0x80004dc8 (0x00006809) c.lui   a6, 0x2
core   0: 0 0x80004dc8 (0x6809) x16 0x00002000
core   0: 0x80004dca (0x6e3e7f13) andi    t5, t3, 1763
core   0: 0 0x80004dca (0x6e3e7f13) x30 0x00000640
core   0: 0x80004dce (0x2ec8c597) auipc   a1, 0x2ec8c
core   0: 0 0x80004dce (0x2ec8c597) x11 0xaec90dce
core   0: 0x80004dd2 (0x0000557d) c.li    a0, -1
core   0: 0 0x80004dd2 (0x557d) x10 0xffffffff
core   0: 0x80004dd4 (0x00dd1d93) slli    s11, s10, 13
core   0: 0 0x80004dd4 (0x00dd1d93) x27 0x00000000
core   0: 0x80004dd8 (0x00008ae9) c.andi  a3, 26
core   0: 0 0x80004dd8 (0x8ae9) x13 0x00000000
core   0: 0x80004dda (0x000080b9) c.srli  s1, 14
core   0: 0 0x80004dda (0x80b9) x9  0x0000000f
core   0: 0x80004ddc (0x021e11b3) mulh    gp, t3, ra
core   0: 0 0x80004ddc (0x021e11b3) x3  0x00bc54e1
core   0: 0x80004de0 (0x0ff0000f) fence   iorw,iorw
core   0: 0 0x80004de0 (0x0ff0000f)
core   0: 0x80004de4 (0x0ff0000f) fence   iorw,iorw
core   0: 0 0x80004de4 (0x0ff0000f)
core   0: 0x80004de8 (0x00008d31) c.xor   a0, a2
core   0: 0 0x80004de8 (0x8d31) x10 0xffffffff
core   0: 0x80004dea (0x01871013) slli    zero, a4, 24
core   0: 0 0x80004dea (0x01871013)
core   0: 0x80004dee (0xdc13ae97) auipc   t4, 0xdc13a
core   0: 0 0x80004dee (0xdc13ae97) x29 0x5c13edee
core   0: 0x80004df2 (0x68d46f13) ori     t5, s0, 1677
core   0: 0 0x80004df2 (0x68d46f13) x30 0x000006dd
core   0: 0x80004df6 (0x38230a13) addi    s4, t1, 898
core   0: 0 0x80004df6 (0x38230a13) x20 0x80026066
core   0: 0x80004dfa (0x00004a75) c.li    s4, 29
core   0: 0 0x80004dfa (0x4a75) x20 0x0000001d
core   0: 0x80004dfc (0x00d7fcb3) and     s9, a5, a3
core   0: 0 0x80004dfc (0x00d7fcb3) x25 0x00000000
core   0: 0x80004e00 (0xd86c0893) addi    a7, s8, -634
core   0: 0 0x80004e00 (0xd86c0893) x17 0x0f2a0210
core   0: 0x80004e04 (0x01f65f63) bge     a2, t6, pc + 30
core   0: 0 0x80004e04 (0x01f65f63)
core   0: 0x80004e22 (0x04634493) xori    s1, t1, 70
core   0: 0 0x80004e22 (0x04634493) x9  0x80025ca2
core   0: 0x80004e26 (0x030e9133) mulh    sp, t4, a6
core   0: 0 0x80004e26 (0x030e9133) x2  0x00000b82
core   0: 0x80004e2a (0x00236eb3) or      t4, t1, sp
core   0: 0 0x80004e2a (0x00236eb3) x29 0x80025fe6
core   0: 0x80004e2e (0x0000e109) c.bnez  a0, pc + 2
core   0: 0 0x80004e2e (0xe109)
core   0: 0x80004e30 (0xab374697) auipc   a3, 0xab374
core   0: 0 0x80004e30 (0xab374697) x13 0x2b378e30
core   0: 0x80004e34 (0x002c8e63) beq     s9, sp, pc + 28
core   0: 0 0x80004e34 (0x002c8e63)
core   0: 0x80004e38 (0x008f11b3) sll     gp, t5, s0
core   0: 0 0x80004e38 (0x008f11b3) x3  0xa0000000
core   0: 0x80004e3c (0x00000b42) c.slli  s6, 16
core   0: 0 0x80004e3c (0x0b42) x22 0x90000000
core   0: 0x80004e3e (0x00006375) c.lui   t1, 0x1d
core   0: 0 0x80004e3e (0x6375) x6  0x0001d000
core   0: 0x80004e40 (0x00008d31) c.xor   a0, a2
core   0: 0 0x80004e40 (0x8d31) x10 0xffffffff
core   0: 0x80004e42 (0x41005333) sra     t1, zero, a6
core   0: 0 0x80004e42 (0x41005333) x6  0x00000000
core   0: 0x80004e46 (0x00006125) c.addi16sp sp, 96
core   0: 0 0x80004e46 (0x6125) x2  0x00000be2
core   0: 0x80004e48 (0x0ff0000f) fence   iorw,iorw
core   0: 0 0x80004e48 (0x0ff0000f)
core   0: 0x80004e4c (0x00008f65) c.and   a4, s1
core   0: 0 0x80004e4c (0x8f65) x14 0x000004a2
core   0: 0x80004e4e (0x00009b52) c.add   s6, s4
core   0: 0 0x80004e4e (0x9b52) x22 0x9000001d
core   0: 0x80004e50 (0xc7ca3b17) auipc   s6, 0xc7ca3
core   0: 0 0x80004e50 (0xc7ca3b17) x22 0x47ca7e50
core   0: 0x80004e54 (0x02187db3) remu    s11, a6, ra
core   0: 0 0x80004e54 (0x02187db3) x27 0x00002000
core   0: 0x80004e58 (0x0320d5b3) divu    a1, ra, s2
core   0: 0 0x80004e58 (0x0320d5b3) x11 0xffffffff
core   0: 0x80004e5c (0x010af763) bgeu    s5, a6, pc + 14
core   0: 0 0x80004e5c (0x010af763)
core   0: 0x80004e6a (0x01dd5463) bge     s10, t4, pc + 8
core   0: 0 0x80004e6a (0x01dd5463)
core   0: 0x80004e72 (0x00004a01) c.li    s4, 0
core   0: 0 0x80004e72 (0x4a01) x20 0x00000000
core   0: 0x80004e74 (0x01c94f63) blt     s2, t3, pc + 30
core   0: 0 0x80004e74 (0x01c94f63)
core   0: 0x80004e78 (0x02bc59b3) divu    s3, s8, a1
core   0: 0 0x80004e78 (0x02bc59b3) x19 0x00000000
core   0: 0x80004e7c (0x015f4363) blt     t5, s5, pc + 6
core   0: 0 0x80004e7c (0x015f4363)
core   0: 0x80004e80 (0x0000e495) c.bnez  s1, pc + 44
core   0: 0 0x80004e80 (0xe495)
core   0: 0x80004eac (0x00008956) c.mv    s2, s5
core   0: 0 0x80004eac (0x8956) x18 0xffffffff
core   0: 0x80004eae (0x0000567d) c.li    a2, -1
core   0: 0 0x80004eae (0x567d) x12 0xffffffff
core   0: 0x80004eb0 (0x0000cc0d) c.beqz  s0, pc + 58
core   0: 0 0x80004eb0 (0xcc0d)
core   0: 0x80004eb2 (0x000082d5) c.srli  a3, 21
core   0: 0 0x80004eb2 (0x82d5) x13 0x00000159
core   0: 0x80004eb4 (0x2de33213) sltiu   tp, t1, 734
core   0: 0 0x80004eb4 (0x2de33213) x4  0x00000001
core   0: 0x80004eb8 (0x0365d8b3) divu    a7, a1, s6
core   0: 0 0x80004eb8 (0x0365d8b3) x17 0x00000003
core   0: 0x80004ebc (0x0087ccb3) xor     s9, a5, s0
core   0: 0 0x80004ebc (0x0087ccb3) x25 0x80025c39
core   0: 0x80004ec0 (0x02145663) bge     s0, ra, pc + 44
core   0: 0 0x80004ec0 (0x02145663)
core   0: 0x80004eec (0x0000c089) c.beqz  s1, pc + 2
core   0: 0 0x80004eec (0xc089)
core   0: 0x80004eee (0x00000326) c.slli  t1, 9
core   0: 0 0x80004eee (0x0326) x6  0x00000000
core   0: 0x80004ef0 (0x0277c2b3) div     t0, a5, t2
core   0: 0 0x80004ef0 (0x0277c2b3) x5  0x00000000
core   0: 0x80004ef4 (0x0000100f) fence.i
core   0: 0 0x80004ef4 (0x0000100f)
core   0: 0x80004ef8 (0x00000c05) c.addi  s8, 1
core   0: 0 0x80004ef8 (0x0c05) x24 0x0f2a048b
core   0: 0x80004efa (0x002e1413) slli    s0, t3, 2
core   0: 0 0x80004efa (0x002e1413) x8  0x00087950
core   0: 0x80004efe (0x0000822e) c.mv    tp, a1
core   0: 0 0x80004efe (0x822e) x4  0xffffffff
core   0: 0x80004f00 (0x00008909) c.andi  a0, 2
core   0: 0 0x80004f00 (0x8909) x10 0x00000002
core   0: 0x80004f02 (0x03f14c33) div     s8, sp, t6
core   0: 0 0x80004f02 (0x03f14c33) x24 0xfffff41e
core   0: 0x80004f06 (0x01e4eeb3) or      t4, s1, t5
core   0: 0 0x80004f06 (0x01e4eeb3) x29 0x80025eff
core   0: 0x80004f0a (0x00683233) sltu    tp, a6, t1
core   0: 0 0x80004f0a (0x00683233) x4  0x00000000
core   0: 0x80004f0e (0x00000001) c.nop
core   0: 0 0x80004f0e (0x0001)
core   0: 0x80004f10 (0x0ff0000f) fence   iorw,iorw
core   0: 0 0x80004f10 (0x0ff0000f)
core   0: 0x80004f14 (0x0257d1b3) divu    gp, a5, t0
core   0: 0 0x80004f14 (0x0257d1b3) x3  0xffffffff
core   0: 0x80004f18 (0x409f5db3) sra     s11, t5, s1
core   0: 0 0x80004f18 (0x409f5db3) x27 0x000001b7
core   0: 0x80004f1c (0x026bdeb3) divu    t4, s7, t1
core   0: 0 0x80004f1c (0x026bdeb3) x29 0xffffffff
core   0: 0x80004f20 (0x00000575) c.addi  a0, 29
core   0: 0 0x80004f20 (0x0575) x10 0x0000001f
core   0: 0x80004f22 (0x02ddfa63) bgeu    s11, a3, pc + 52
core   0: 0 0x80004f22 (0x02ddfa63)
core   0: 0x80004f56 (0x1032d897) auipc   a7, 0x1032d
core   0: 0 0x80004f56 (0x1032d897) x17 0x90331f56
core   0: 0x80004f5a (0x01c6e033) or      zero, a3, t3
core   0: 0 0x80004f5a (0x01c6e033)
core   0: 0x80004f5e (0x0ff0000f) fence   iorw,iorw
core   0: 0 0x80004f5e (0x0ff0000f)
core   0: 0x80004f62 (0x00000001) c.nop
core   0: 0 0x80004f62 (0x0001)
core   0: 0x80004f64 (0x025f7533) remu    a0, t5, t0
core   0: 0 0x80004f64 (0x025f7533) x10 0x000006dd
core   0: 0x80004f68 (0x40bf00b3) sub     ra, t5, a1
core   0: 0 0x80004f68 (0x40bf00b3) x1  0x000006de
core   0: 0x80004f6c (0x01db78b3) and     a7, s6, t4
core   0: 0 0x80004f6c (0x01db78b3) x17 0x47ca7e50
core   0: 0x80004f70 (0x000086ed) c.srai  a3, 27
core   0: 0 0x80004f70 (0x86ed) x13 0x00000000
core   0: 0x80004f72 (0x42992f13) slti    t5, s2, 1065
core   0: 0 0x80004f72 (0x42992f13) x30 0x00000001
core   0: 0x80004f76 (0x0000100f) fence.i
core   0: 0 0x80004f76 (0x0000100f)
core   0: 0x80004f7a (0x01281613) slli    a2, a6, 18
core   0: 0 0x80004f7a (0x01281613) x12 0x80000000
core   0: 0x80004f7e (0x01c8c5b3) xor     a1, a7, t3
core   0: 0 0x80004f7e (0x01c8c5b3) x11 0xc7c86004
core   0: 0x80004f82 (0x00934d33) xor     s10, t1, s1
core   0: 0 0x80004f82 (0x00934d33) x26 0x80025ca2
core   0: 0x80004f86 (0x00001600) c.addi4spn s0, sp, 800
core   0: 0 0x80004f86 (0x1600) x8  0x00000f02
core   0: 0x80004f88 (0x02bfa9b3) mulhsu  s3, t6, a1
core   0: 0 0x80004f88 (0x02bfa9b3) x19 0xffffffff
core   0: 0x80004f8c (0x00001598) c.addi4spn a4, sp, 736
core   0: 0 0x80004f8c (0x1598) x14 0x00000ec2
core   0: 0x80004f8e (0x000084bd) c.srai  s1, 15
core   0: 0 0x80004f8e (0x84bd) x9  0xffff0004
core   0: 0x80004f90 (0x00006115) c.addi16sp sp, 288
core   0: 0 0x80004f90 (0x6115) x2  0x00000d02
core   0: 0x80004f92 (0x00e48533) add     a0, s1, a4
core   0: 0 0x80004f92 (0x00e48533) x10 0xffff0ec6
core   0: 0x80004f96 (0x000051fd) c.li    gp, -1
core   0: 0 0x80004f96 (0x51fd) x3  0xffffffff
core   0: 0x80004f98 (0xc9c92c13) slti    s8, s2, -868
core   0: 0 0x80004f98 (0xc9c92c13) x24 0x00000000
core   0: 0x80004f9c (0xaaf1d6b7) lui     a3, 0xaaf1d
core   0: 0 0x80004f9c (0xaaf1d6b7) x13 0xaaf1d000
core   0: 0x80004fa0 (0x00008c85) c.sub   s1, s1
core   0: 0 0x80004fa0 (0x8c85) x9  0x00000000
core   0: 0x80004fa2 (0x40a3d533) sra     a0, t2, a0
core   0: 0 0x80004fa2 (0x40a3d533) x10 0xfe000000
core   0: 0x80004fa6 (0x1c872493) slti    s1, a4, 456
core   0: 0 0x80004fa6 (0x1c872493) x9  0x00000000
core   0: 0x80004faa (0x042f1563) bne     t5, sp, pc + 74
core   0: 0 0x80004faa (0x042f1563)
core   0: 0x80004ff4 (0x01f53eb3) sltu    t4, a0, t6
core   0: 0 0x80004ff4 (0x01f53eb3) x29 0x00000001
core   0: 0x80004ff8 (0x00000f0e) c.slli  t5, 3
core   0: 0 0x80004ff8 (0x0f0e) x30 0x00000008
core   0: 0x80004ffa (0x032439b3) mulhu   s3, s0, s2
core   0: 0 0x80004ffa (0x032439b3) x19 0x00000f01
core   0: 0x80004ffe (0x401c5bb3) sra     s7, s8, ra
core   0: 0 0x80004ffe (0x401c5bb3) x23 0x00000000
core   0: 0x80005002 (0x02f79563) bne     a5, a5, pc + 42
core   0: 0 0x80005002 (0x02f79563)
core   0: 0x80005006 (0x40ac5a93) srai    s5, s8, 10
core   0: 0 0x80005006 (0x40ac5a93) x21 0x00000000
core   0: 0x8000500a (0x0000717d) c.addi16sp sp, -16
core   0: 0 0x8000500a (0x717d) x2  0x00000cf2
core   0: 0x8000500c (0x00008c2d) c.xor   s0, a1
core   0: 0 0x8000500c (0x8c2d) x8  0xc7c86f06
core   0: 0x8000500e (0x01d462b3) or      t0, s0, t4
core   0: 0 0x8000500e (0x01d462b3) x5  0xc7c86f07
core   0: 0x80005012 (0x00360733) add     a4, a2, gp
core   0: 0 0x80005012 (0x00360733) x14 0x7fffffff
core   0: 0x80005016 (0x0000100f) fence.i
core   0: 0 0x80005016 (0x0000100f)
core   0: 0x8000501a (0x0303c933) div     s2, t2, a6
core   0: 0 0x8000501a (0x0303c933) x18 0xfffc0000
core   0: 0x8000501e (0x0000e581) c.bnez  a1, pc + 8
core   0: 0 0x8000501e (0xe581)
core   0: 0x80005026 (0x00006fed) c.lui   t6, 0x1b
core   0: 0 0x80005026 (0x6fed) x31 0x0001b000
core   0: 0x80005028 (0x03fa7263) bgeu    s4, t6, pc + 36
core   0: 0 0x80005028 (0x03fa7263)
core   0: 0x8000502c (0x0ff0000f) fence   iorw,iorw
core   0: 0 0x8000502c (0x0ff0000f)
core   0: 0x80005030 (0x00a7fb33) and     s6, a5, a0
core   0: 0 0x80005030 (0x00a7fb33) x22 0x80000000
core   0: 0x80005034 (0x03949933) mulh    s2, s1, s9
core   0: 0 0x80005034 (0x03949933) x18 0x00000000
core   0: 0x80005038 (0x72852a93) slti    s5, a0, 1832
core   0: 0 0x80005038 (0x72852a93) x21 0x00000001
core   0: 0x8000503c (0x075c4a93) xori    s5, s8, 117
core   0: 0 0x8000503c (0x075c4a93) x21 0x00000075
core   0: 0x80005040 (0x0000896a) c.mv    s2, s10
core   0: 0 0x80005040 (0x896a) x18 0x80025ca2
core   0: 0x80005042 (0x00006135) c.addi16sp sp, 352
core   0: 0 0x80005042 (0x6135) x2  0x00000e52
core   0: 0x80005044 (0x0317f163) bgeu    a5, a7, pc + 34
core   0: 0 0x80005044 (0x0317f163)
core   0: 0x80005066 (0x00008d79) c.and   a0, a4
core   0: 0 0x80005066 (0x8d79) x10 0x7e000000
core   0: 0x80005068 (0x00001c00) c.addi4spn s0, sp, 560
core   0: 0 0x80005068 (0x1c00) x8  0x00001082
core   0: 0x8000506a (0x004da5b3) slt     a1, s11, tp
core   0: 0 0x8000506a (0x004da5b3) x11 0x00000000
core   0: 0x8000506e (0x02262b33) mulhsu  s6, a2, sp
core   0: 0 0x8000506e (0x02262b33) x22 0xfffff8d7
core   0: 0x80005072 (0x01435893) srli    a7, t1, 20
core   0: 0 0x80005072 (0x01435893) x17 0x00000000
core   0: 0x80005076 (0x15120093) addi    ra, tp, 337
core   0: 0 0x80005076 (0x15120093) x1  0x00000151
core   0: 0x8000507a (0x02013933) mulhu   s2, sp, zero
core   0: 0 0x8000507a (0x02013933) x18 0x00000000
core   0: 0x8000507e (0x022be033) rem     zero, s7, sp
core   0: 0 0x8000507e (0x022be033)
core   0: 0x80005082 (0x0150a0b3) slt     ra, ra, s5
core   0: 0 0x80005082 (0x0150a0b3) x1  0x00000000
core   0: 0x80005086 (0x469fd937) lui     s2, 0x469fd
core   0: 0 0x80005086 (0x469fd937) x18 0x469fd000
core   0: 0x8000508a (0x001d6a33) or      s4, s10, ra
core   0: 0 0x8000508a (0x001d6a33) x20 0x80025ca2
core   0: 0x8000508e (0x00e288b3) add     a7, t0, a4
core   0: 0 0x8000508e (0x00e288b3) x17 0x47c86f06
core   0: 0x80005092 (0x40aed613) srai    a2, t4, 10
core   0: 0 0x80005092 (0x40aed613) x12 0x00000000
core   0: 0x80005096 (0x00008dc9) c.or    a1, a0
core   0: 0 0x80005096 (0x8dc9) x11 0x7e000000
core   0: 0x80005098 (0x033c8133) mul     sp, s9, s3
core   0: 0 0x80005098 (0x033c8133) x2  0xa369b339
core   0: 0x8000509c (0x02360463) beq     a2, gp, pc + 40
core   0: 0 0x8000509c (0x02360463)
core   0: 0x800050a0 (0x038300b3) mul     ra, t1, s8
core   0: 0 0x800050a0 (0x038300b3) x1  0x00000000
core   0: 0x800050a4 (0x01688663) beq     a7, s6, pc + 12
core   0: 0 0x800050a4 (0x01688663)
core   0: 0x800050a8 (0x00000001) c.nop
core   0: 0 0x800050a8 (0x0001)
core   0: 0x800050aa (0x00000001) c.nop
core   0: 0 0x800050aa (0x0001)
core   0: 0x800050ac (0x010c1313) slli    t1, s8, 16
core   0: 0 0x800050ac (0x010c1313) x6  0x00000000
core   0: 0x800050b0 (0x00027233) and     tp, tp, zero
core   0: 0 0x800050b0 (0x00027233) x4  0x00000000
core   0: 0x800050b4 (0x0000c505) c.beqz  a0, pc + 40
core   0: 0 0x800050b4 (0xc505)
core   0: 0x800050b6 (0x000089c1) c.andi  a1, 16
core   0: 0 0x800050b6 (0x89c1) x11 0x00000000
core   0: 0x800050b8 (0x01ad1933) sll     s2, s10, s10
core   0: 0 0x800050b8 (0x01ad1933) x18 0x00097288
core   0: 0x800050bc (0x00006175) c.addi16sp sp, 368
core   0: 0 0x800050bc (0x6175) x2  0xa369b4a9
core   0: 0x800050be (0x8c5f7993) andi    s3, t5, -1851
core   0: 0 0x800050be (0x8c5f7993) x19 0x00000000
core   0: 0x800050c2 (0x00006141) c.addi16sp sp, 16
core   0: 0 0x800050c2 (0x6141) x2  0xa369b4b9
core   0: 0x800050c4 (0x0000c291) c.beqz  a3, pc + 4
core   0: 0 0x800050c4 (0xc291)
core   0: 0x800050c6 (0x0000e089) c.bnez  s1, pc + 2
core   0: 0 0x800050c6 (0xe089)
core   0: 0x800050c8 (0x00008579) c.srai  a0, 30
core   0: 0 0x800050c8 (0x8579) x10 0x00000001
core   0: 0x800050ca (0x00fee1b3) or      gp, t4, a5
core   0: 0 0x800050ca (0x00fee1b3) x3  0x80025ce5
core   0: 0x800050ce (0x00008f46) c.mv    t5, a7
core   0: 0 0x800050ce (0x8f46) x30 0x47c86f06
core   0: 0x800050d0 (0x0000997d) c.andi  a0, -1
core   0: 0 0x800050d0 (0x997d) x10 0x00000001
core   0: 0x800050d2 (0x350281b7) lui     gp, 0x35028
core   0: 0 0x800050d2 (0x350281b7) x3  0x35028000
core   0: 0x800050d6 (0x0000617d) c.addi16sp sp, 496
core   0: 0 0x800050d6 (0x617d) x2  0xa369b6a9
core   0: 0x800050d8 (0x40d9d213) srai    tp, s3, 13
core   0: 0 0x800050d8 (0x40d9d213) x4  0x00000000
core   0: 0x800050dc (0x4c6c8b93) addi    s7, s9, 1222
core   0: 0 0x800050dc (0x4c6c8b93) x23 0x800260ff
core   0: 0x800050e0 (0x019d5863) bge     s10, s9, pc + 16
core   0: 0 0x800050e0 (0x019d5863)
core   0: 0x800050f0 (0x0000612d) c.addi16sp sp, 224
core   0: 0 0x800050f0 (0x612d) x2  0xa369b789
core   0: 0x800050f2 (0x008b2fb3) slt     t6, s6, s0
core   0: 0 0x800050f2 (0x008b2fb3) x31 0x00000001
core   0: 0x800050f6 (0x000080a5) c.srli  s1, 9
core   0: 0 0x800050f6 (0x80a5) x9  0x00000000
core   0: 0x800050f8 (0x0000997d) c.andi  a0, -1
core   0: 0 0x800050f8 (0x997d) x10 0x00000001
core   0: 0x800050fa (0x003ab733) sltu    a4, s5, gp
core   0: 0 0x800050fa (0x003ab733) x14 0x00000001
core   0: 0x800050fe (0x8426a693) slti    a3, a3, -1982
core   0: 0 0x800050fe (0x8426a693) x13 0x00000001
core   0: 0x80005102 (0x02b07963) bgeu    zero, a1, pc + 50
core   0: 0 0x80005102 (0x02b07963)
core   0: 0x80005134 (0x02a2fe63) bgeu    t0, a0, pc + 60
core   0: 0 0x80005134 (0x02a2fe63)
core   0: 0x80005170 (0x41c2ddb3) sra     s11, t0, t3
core   0: 0 0x80005170 (0x41c2ddb3) x27 0xfffffc7c
core   0: 0x80005174 (0x419c8633) sub     a2, s9, s9
core   0: 0 0x80005174 (0x419c8633) x12 0x00000000
core   0: 0x80005178 (0x40f80633) sub     a2, a6, a5
core   0: 0 0x80005178 (0x40f80633) x12 0x7ffdc31c
core   0: 0x8000517c (0x0007e8b3) or      a7, a5, zero
core   0: 0 0x8000517c (0x0007e8b3) x17 0x80025ce4
core   0: 0x80005180 (0x00008f4d) c.or    a4, a1
core   0: 0 0x80005180 (0x8f4d) x14 0x00000001
core   0: 0x80005182 (0x768d8517) auipc   a0, 0x768d8
core   0: 0 0x80005182 (0x768d8517) x10 0xf68dd182
core   0: 0x80005186 (0x0000683d) c.lui   a6, 0xf
core   0: 0 0x80005186 (0x683d) x16 0x0000f000
core   0: 0x80005188 (0x0386a633) mulhsu  a2, a3, s8
core   0: 0 0x80005188 (0x0386a633) x12 0x00000000
core   0: 0x8000518c (0x41e25293) srai    t0, tp, 30
core   0: 0 0x8000518c (0x41e25293) x5  0x00000000
core   0: 0x80005190 (0x41a55f33) sra     t5, a0, s10
core   0: 0 0x80005190 (0x41a55f33) x30 0xfda37460
core   0: 0x80005194 (0x01c18633) add     a2, gp, t3
core   0: 0 0x80005194 (0x01c18633) x12 0xb5049e54
core   0: 0x80005198 (0x00008d29) c.xor   a0, a0
core   0: 0 0x80005198 (0x8d29) x10 0x00000000
core   0: 0x8000519a (0x00009a7d) c.andi  a2, -1
core   0: 0 0x8000519a (0x9a7d) x12 0xb5049e54
core   0: 0x8000519c (0x0000cd11) c.beqz  a0, pc + 28
core   0: 0 0x8000519c (0xcd11)
core   0: 0x800051b8 (0x00c8c6b3) xor     a3, a7, a2
core   0: 0 0x800051b8 (0x00c8c6b3) x13 0x3506c2b0
core   0: 0x800051bc (0x02588933) mul     s2, a7, t0
core   0: 0 0x800051bc (0x02588933) x18 0x00000000
core   0: 0x800051c0 (0x01275c13) srli    s8, a4, 18
core   0: 0 0x800051c0 (0x01275c13) x24 0x00000000
core   0: 0x800051c4 (0xe40f0513) addi    a0, t5, -448
core   0: 0 0x800051c4 (0xe40f0513) x10 0xfda372a0
core   0: 0x800051c8 (0x00f924b3) slt     s1, s2, a5
core   0: 0 0x800051c8 (0x00f924b3) x9  0x00000000
core   0: 0x800051cc (0x03fafd63) bgeu    s5, t6, pc + 58
core   0: 0 0x800051cc (0x03fafd63)
core   0: 0x80005206 (0x022344b3) div     s1, t1, sp
core   0: 0 0x80005206 (0x022344b3) x9  0x00000000
core   0: 0x8000520a (0x00004b5d) c.li    s6, 23
core   0: 0 0x8000520a (0x4b5d) x22 0x00000017
core   0: 0x8000520c (0x00008d51) c.or    a0, a2
core   0: 0 0x8000520c (0x8d51) x10 0xfda7fef4
core   0: 0x8000520e (0x026391b3) mulh    gp, t2, t1
core   0: 0 0x8000520e (0x026391b3) x3  0x00000000
core   0: 0x80005212 (0x00000716) c.slli  a4, 5
core   0: 0 0x80005212 (0x0716) x14 0x00000020
core   0: 0x80005214 (0x00008cb1) c.xor   s1, a2
core   0: 0 0x80005214 (0x8cb1) x9  0xb5049e54
core   0: 0x80005216 (0x0000ef11) c.bnez  a4, pc + 28
core   0: 0 0x80005216 (0xef11)
core   0: 0x80005232 (0x01260db3) add     s11, a2, s2
core   0: 0 0x80005232 (0x01260db3) x27 0xb5049e54
core   0: 0x80005236 (0x73d0bb17) auipc   s6, 0x73d0b
core   0: 0 0x80005236 (0x73d0bb17) x22 0xf3d10236
core   0: 0x8000523a (0x0000c88d) c.beqz  s1, pc + 50
core   0: 0 0x8000523a (0xc88d)
core   0: 0x8000523c (0x00008f5e) c.mv    t5, s7
core   0: 0 0x8000523c (0x8f5e) x30 0x800260ff
core   0: 0x8000523e (0x190e0593) addi    a1, t3, 400
core   0: 0 0x8000523e (0x190e0593) x11 0x80021fe4
core   0: 0x80005242 (0x00006b05) c.lui   s6, 0x1
core   0: 0 0x80005242 (0x6b05) x22 0x00001000
core   0: 0x80005244 (0x03a5c463) blt     a1, s10, pc + 40
core   0: 0 0x80005244 (0x03a5c463)
core   0: 0x8000526c (0x02af0863) beq     t5, a0, pc + 48
core   0: 0 0x8000526c (0x02af0863)
core   0: 0x80005270 (0xabe1cf17) auipc   t5, 0xabe1c
core   0: 0 0x80005270 (0xabe1cf17) x30 0x2be21270
core   0: 0x80005274 (0x020f51b3) divu    gp, t5, zero
core   0: 0 0x80005274 (0x020f51b3) x3  0xffffffff
core   0: 0x80005278 (0x01937933) and     s2, t1, s9
core   0: 0 0x80005278 (0x01937933) x18 0x00000000
core   0: 0x8000527c (0x000082f1) c.srli  a3, 28
core   0: 0 0x8000527c (0x82f1) x13 0x00000003
core   0: 0x8000527e (0x02a40663) beq     s0, a0, pc + 44
core   0: 0 0x8000527e (0x02a40663)
core   0: 0x80005282 (0x413c0133) sub     sp, s8, s3
core   0: 0 0x80005282 (0x413c0133) x2  0x00000000
core   0: 0x80005286 (0x0000830a) c.mv    t1, sp
core   0: 0 0x80005286 (0x830a) x6  0x00000000
core   0: 0x80005288 (0x7f94a137) lui     sp, 0x7f94a
core   0: 0 0x80005288 (0x7f94a137) x2  0x7f94a000
core   0: 0x8000528c (0xe7176b97) auipc   s7, 0xe7176
core   0: 0 0x8000528c (0xe7176b97) x23 0x6717b28c
core   0: 0x80005290 (0x00c50a33) add     s4, a0, a2
core   0: 0 0x80005290 (0x00c50a33) x20 0xb2ac9d48
core   0: 0x80005294 (0x5f727013) andi    zero, tp, 1527
core   0: 0 0x80005294 (0x5f727013)
core   0: 0x80005298 (0x03b63333) mulhu   t1, a2, s11
core   0: 0 0x80005298 (0x03b63333) x6  0x7fff87f8
core   0: 0x8000529c (0x00008866) c.mv    a6, s9
core   0: 0 0x8000529c (0x8866) x16 0x80025c39
core   0: 0x8000529e (0x0383b0b3) mulhu   ra, t2, s8
core   0: 0 0x8000529e (0x0383b0b3) x1  0x00000000
core   0: 0x800052a2 (0x41cfd993) srai    s3, t6, 28
core   0: 0 0x800052a2 (0x41cfd993) x19 0x00000000
core   0: 0x800052a6 (0x00000001) c.nop
core   0: 0 0x800052a6 (0x0001)
core   0: 0x800052a8 (0x00008699) c.srai  a3, 6
core   0: 0 0x800052a8 (0x8699) x13 0x00000000
core   0: 0x800052aa (0x03c57833) remu    a6, a0, t3
core   0: 0 0x800052aa (0x03c57833) x16 0x7da5e0a0
core   0: 0x800052ae (0x0ff0000f) fence   iorw,iorw
core   0: 0 0x800052ae (0x0ff0000f)
core   0: 0x800052b2 (0x0138f133) and     sp, a7, s3
core   0: 0 0x800052b2 (0x0138f133) x2  0x00000000
core   0: 0x800052b6 (0x03d8e763) bltu    a7, t4, pc + 46
core   0: 0 0x800052b6 (0x03d8e763)
core   0: 0x800052ba (0x00008459) c.srai  s0, 22
core   0: 0 0x800052ba (0x8459) x8  0x00000000
core   0: 0x800052bc (0x00000001) c.nop
core   0: 0 0x800052bc (0x0001)
core   0: 0x800052be (0x01ef66b3) or      a3, t5, t5
core   0: 0 0x800052be (0x01ef66b3) x13 0x2be21270
core   0: 0x800052c2 (0xc52af5b7) lui     a1, 0xc52af
core   0: 0 0x800052c2 (0xc52af5b7) x11 0xc52af000
core   0: 0x800052c6 (0x00009b7d) c.andi  a4, -1
core   0: 0 0x800052c6 (0x9b7d) x14 0x00000020
core   0: 0x800052c8 (0x00e72d33) slt     s10, a4, a4
core   0: 0 0x800052c8 (0x00e72d33) x26 0x00000000
core   0: 0x800052cc (0x00a81bb3) sll     s7, a6, a0
core   0: 0 0x800052cc (0x00a81bb3) x23 0x0a000000
core   0: 0x800052d0 (0x41b45c13) srai    s8, s0, 27
core   0: 0 0x800052d0 (0x41b45c13) x24 0x00000000
core   0: 0x800052d4 (0x02417233) remu    tp, sp, tp
core   0: 0 0x800052d4 (0x02417233) x4  0x00000000
core   0: 0x800052d8 (0xe453f713) andi    a4, t2, -443
core   0: 0 0x800052d8 (0xe453f713) x14 0x80000000
core   0: 0x800052dc (0x00000356) c.slli  t1, 21
core   0: 0 0x800052dc (0x0356) x6  0xff000000
core   0: 0x800052de (0x01691833) sll     a6, s2, s6
core   0: 0 0x800052de (0x01691833) x16 0x00000000
core   0: 0x800052e2 (0x0000c221) c.beqz  a2, pc + 64
core   0: 0 0x800052e2 (0xc221)
core   0: 0x800052e4 (0x035d3bb3) mulhu   s7, s10, s5
core   0: 0 0x800052e4 (0x035d3bb3) x23 0x00000000
core   0: 0x800052e8 (0x029e5d63) bge     t3, s1, pc + 58
core   0: 0 0x800052e8 (0x029e5d63)
core   0: 0x800052ec (0x00c59f13) slli    t5, a1, 12
core   0: 0 0x800052ec (0x00c59f13) x30 0xaf000000
core   0: 0x800052f0 (0x007470b3) and     ra, s0, t2
core   0: 0 0x800052f0 (0x007470b3) x1  0x00000000
core   0: 0x800052f4 (0x00d21263) bne     tp, a3, pc + 4
core   0: 0 0x800052f4 (0x00d21263)
core   0: 0x800052f8 (0x03846833) rem     a6, s0, s8
core   0: 0 0x800052f8 (0x03846833) x16 0x00000000
core   0: 0x800052fc (0x017c7433) and     s0, s8, s7
core   0: 0 0x800052fc (0x017c7433) x8  0x00000000
core   0: 0x80005300 (0x00278333) add     t1, a5, sp
core   0: 0 0x80005300 (0x00278333) x6  0x80025ce4
core   0: 0x80005304 (0x0ff0000f) fence   iorw,iorw
core   0: 0 0x80005304 (0x0ff0000f)
core   0: 0x80005308 (0x008ed993) srli    s3, t4, 8
core   0: 0 0x80005308 (0x008ed993) x19 0x00000000
core   0: 0x8000530c (0x00006f61) c.lui   t5, 0x18
core   0: 0 0x8000530c (0x6f61) x30 0x00018000
core   0: 0x8000530e (0x0000845d) c.srai  s0, 23
core   0: 0 0x8000530e (0x845d) x8  0x00000000
core   0: 0x80005310 (0x0000100f) fence.i
core   0: 0 0x80005310 (0x0000100f)
core   0: 0x80005314 (0x0345da33) divu    s4, a1, s4
core   0: 0 0x80005314 (0x0345da33) x20 0x00000001
core   0: 0x80005318 (0x00009f92) c.add   t6, tp
core   0: 0 0x80005318 (0x9f92) x31 0x00000001
core   0: 0x8000531a (0x0354e333) rem     t1, s1, s5
core   0: 0 0x8000531a (0x0354e333) x6  0xffffffb2
core   0: 0x8000531e (0x32268013) addi    zero, a3, 802
core   0: 0 0x8000531e (0x32268013)
core   0: 0x80005322 (0x023c1f63) bne     s8, gp, pc + 62
core   0: 0 0x80005322 (0x023c1f63)
core   0: 0x80005360 (0x71612c17) auipc   s8, 0x71612
core   0: 0 0x80005360 (0x71612c17) x24 0xf1617360
core   0: 0x80005364 (0x01eb7733) and     a4, s6, t5
core   0: 0 0x80005364 (0x01eb7733) x14 0x00000000
core   0: 0x80005368 (0x0000055d) c.addi  a0, 23
core   0: 0 0x80005368 (0x055d) x10 0xfda7ff0b
core   0: 0x8000536a (0x00000001) c.nop
core   0: 0 0x8000536a (0x0001)
core   0: 0x8000536c (0x00bf40b3) xor     ra, t5, a1
core   0: 0 0x8000536c (0x00bf40b3) x1  0xc52b7000
core   0: 0x80005370 (0x011e1593) slli    a1, t3, 17
core   0: 0 0x80005370 (0x011e1593) x11 0x3ca80000
core   0: 0x80005374 (0x00006b65) c.lui   s6, 0x19
core   0: 0 0x80005374 (0x6b65) x22 0x00019000
core   0: 0x80005376 (0x01e5ea33) or      s4, a1, t5
core   0: 0 0x80005376 (0x01e5ea33) x20 0x3ca98000
core   0: 0x8000537a (0x028b4163) blt     s6, s0, pc + 34
core   0: 0 0x8000537a (0x028b4163)
core   0: 0x8000537e (0x00008ef9) c.and   a3, a4
core   0: 0 0x8000537e (0x8ef9) x13 0x00000000
core   0: 0x80005380 (0xc6f26713) ori     a4, tp, -913
core   0: 0 0x80005380 (0xc6f26713) x14 0xfffffc6f
core   0: 0x80005384 (0xf7ce0c93) addi    s9, t3, -132
core   0: 0 0x80005384 (0xf7ce0c93) x25 0x80021dd0
core   0: 0x80005388 (0x03f97133) remu    sp, s2, t6
core   0: 0 0x80005388 (0x03f97133) x2  0x00000000
core   0: 0x8000538c (0xcfa53293) sltiu   t0, a0, -774
core   0: 0 0x8000538c (0xcfa53293) x5  0x00000001
core   0: 0x80005390 (0x034caab3) mulhsu  s5, s9, s4
core   0: 0 0x80005390 (0x034caab3) x21 0xe1abc063
core   0: 0x80005394 (0x00000552) c.slli  a0, 20
core   0: 0 0x80005394 (0x0552) x10 0xf0b00000
core   0: 0x80005396 (0x0000e109) c.bnez  a0, pc + 2
core   0: 0 0x80005396 (0xe109)
core   0: 0x80005398 (0x41dbdd33) sra     s10, s7, t4
core   0: 0 0x80005398 (0x41dbdd33) x26 0x00000000
core   0: 0x8000539c (0x0000870e) c.mv    a4, gp
core   0: 0 0x8000539c (0x870e) x14 0xffffffff
core   0: 0x8000539e (0xa94ceb13) ori     s6, s9, -1388
core   0: 0 0x8000539e (0xa94ceb13) x22 0xffffffd4
core   0: 0x800053a2 (0x02839233) mulh    tp, t2, s0
core   0: 0 0x800053a2 (0x02839233) x4  0x00000000
core   0: 0x800053a6 (0x0000e28d) c.bnez  a3, pc + 34
core   0: 0 0x800053a6 (0xe28d)
core   0: 0x800053a8 (0x00008d5d) c.or    a0, a5
core   0: 0 0x800053a8 (0x8d5d) x10 0xf0b25ce4
core   0: 0x800053aa (0x00000c99) c.addi  s9, 6
core   0: 0 0x800053aa (0x0c99) x25 0x80021dd6
core   0: 0x800053ac (0x00008e4d) c.or    a2, a1
core   0: 0 0x800053ac (0x8e4d) x12 0xbdac9e54
core   0: 0x800053ae (0x00cd82b3) add     t0, s11, a2
core   0: 0 0x800053ae (0x00cd82b3) x5  0x72b13ca8
core   0: 0x800053b2 (0x00008b21) c.andi  a4, 8
core   0: 0 0x800053b2 (0x8b21) x14 0x00000008
core   0: 0x800053b4 (0x0b964f93) xori    t6, a2, 185
core   0: 0 0x800053b4 (0x0b964f93) x31 0xbdac9eed
core   0: 0x800053b8 (0x03be8ab3) mul     s5, t4, s11
core   0: 0 0x800053b8 (0x03be8ab3) x21 0xb5049e54
core   0: 0x800053bc (0x00006139) c.addi16sp sp, 448
core   0: 0 0x800053bc (0x6139) x2  0x000001c0
core   0: 0x800053be (0x0000e191) c.bnez  a1, pc + 4
core   0: 0 0x800053be (0xe191)
core   0: 0x800053c2 (0x00009be2) c.add   s7, s8
core   0: 0 0x800053c2 (0x9be2) x23 0xf1617360
core   0: 0x800053c4 (0x0ff0000f) fence   iorw,iorw
core   0: 0 0x800053c4 (0x0ff0000f)
core   0: 0x800053c8 (0x3b7af813) andi    a6, s5, 951
core   0: 0 0x800053c8 (0x3b7af813) x16 0x00000214
core   0: 0x800053cc (0x00008dd9) c.or    a1, a4
core   0: 0 0x800053cc (0x8dd9) x11 0x3ca80008
core   0: 0x800053ce (0x0000cf05) c.beqz  a4, pc + 56
core   0: 0 0x800053ce (0xcf05)
core   0: 0x800053d0 (0x02afabb3) mulhsu  s7, t6, a0
core   0: 0 0x800053d0 (0x02afabb3) x23 0xc1a39ef3
core   0: 0x800053d4 (0x000009a2) c.slli  s3, 8
core   0: 0 0x800053d4 (0x09a2) x19 0x00000000
core   0: 0x800053d6 (0x00b5fd63) bgeu    a1, a1, pc + 26
core   0: 0 0x800053d6 (0x00b5fd63)
core   0: 0x800053f0 (0x0ff0000f) fence   iorw,iorw
core   0: 0 0x800053f0 (0x0ff0000f)
core   0: 0x800053f4 (0x00006139) c.addi16sp sp, 448
core   0: 0 0x800053f4 (0x6139) x2  0x00000380
core   0: 0x800053f6 (0x03509b63) bne     ra, s5, pc + 54
core   0: 0 0x800053f6 (0x03509b63)
core   0: 0x8000542c (0x12777d93) andi    s11, a4, 295
core   0: 0 0x8000542c (0x12777d93) x27 0x00000000
core   0: 0x80005430 (0x00008e65) c.and   a2, s1
core   0: 0 0x80005430 (0x8e65) x12 0xb5049e54
core   0: 0x80005432 (0x00000001) c.nop
core   0: 0 0x80005432 (0x0001)
core   0: 0x80005434 (0x02a2f863) bgeu    t0, a0, pc + 48
core   0: 0 0x80005434 (0x02a2f863)
core   0: 0x80005438 (0x00ada5b3) slt     a1, s11, a0
core   0: 0 0x80005438 (0x00ada5b3) x11 0x00000000
core   0: 0x8000543c (0x0000717d) c.addi16sp sp, -16
core   0: 0 0x8000543c (0x717d) x2  0x00000370
core   0: 0x8000543e (0xa5afc593) xori    a1, t6, -1446
core   0: 0 0x8000543e (0xa5afc593) x11 0x425364b7
core   0: 0x80005442 (0x00008f21) c.xor   a4, s0
core   0: 0 0x80005442 (0x8f21) x14 0x00000008
core   0: 0x80005444 (0x98cafb93) andi    s7, s5, -1652
core   0: 0 0x80005444 (0x98cafb93) x23 0xb5049804
core   0: 0x80005448 (0x0000100f) fence.i
core   0: 0 0x80005448 (0x0000100f)
core   0: 0x8000544c (0x0170e5b3) or      a1, ra, s7
core   0: 0 0x8000544c (0x0170e5b3) x11 0xf52ff804
core   0: 0x80005450 (0x00b6e9b3) or      s3, a3, a1
core   0: 0 0x80005450 (0x00b6e9b3) x19 0xf52ff804
core   0: 0x80005454 (0x02fb0b33) mul     s6, s6, a5
core   0: 0 0x80005454 (0x02fb0b33) x22 0xff9808d0
core   0: 0x80005458 (0x04c15363) bge     sp, a2, pc + 70
core   0: 0 0x80005458 (0x04c15363)
core   0: 0x8000549e (0x02fe9363) bne     t4, a5, pc + 38
core   0: 0 0x8000549e (0x02fe9363)
core   0: 0x800054c4 (0xfb31c493) xori    s1, gp, -77
core   0: 0 0x800054c4 (0xfb31c493) x9  0x0000004c
core   0: 0x800054c8 (0x023b0863) beq     s6, gp, pc + 48
core   0: 0 0x800054c8 (0x023b0863)
core   0: 0x800054cc (0x000088ce) c.mv    a7, s3
core   0: 0 0x800054cc (0x88ce) x17 0xf52ff804
core   0: 0x800054ce (0x41fdd893) srai    a7, s11, 31
core   0: 0 0x800054ce (0x41fdd893) x17 0x00000000
core   0: 0x800054d2 (0xeb6b0913) addi    s2, s6, -330
core   0: 0 0x800054d2 (0xeb6b0913) x18 0xff980786
core   0: 0x800054d6 (0x000081a9) c.srli  a1, 10
core   0: 0 0x800054d6 (0x81a9) x11 0x003d4bfe
core   0: 0x800054d8 (0x000085f1) c.srai  a1, 28
core   0: 0 0x800054d8 (0x85f1) x11 0x00000000
core   0: 0x800054da (0x40545993) srai    s3, s0, 5
core   0: 0 0x800054da (0x40545993) x19 0x00000000
core   0: 0x800054de (0x00009db2) c.add   s11, a2
core   0: 0 0x800054de (0x9db2) x27 0xb5049e54
core   0: 0x800054e0 (0x41d7d993) srai    s3, a5, 29
core   0: 0 0x800054e0 (0x41d7d993) x19 0xfffffffc
core   0: 0x800054e4 (0xb65f3193) sltiu   gp, t5, -1179
core   0: 0 0x800054e4 (0xb65f3193) x3  0x00000001
core   0: 0x800054e8 (0x00008c11) c.sub   s0, a2
core   0: 0 0x800054e8 (0x8c11) x8  0x4afb61ac
core   0: 0x800054ea (0x004dd293) srli    t0, s11, 4
core   0: 0 0x800054ea (0x004dd293) x5  0x0b5049e5
core   0: 0x800054ee (0x00008f4d) c.or    a4, a1
core   0: 0 0x800054ee (0x8f4d) x14 0x00000008
core   0: 0x800054f0 (0x03c93633) mulhu   a2, s2, t3
core   0: 0 0x800054f0 (0x03c93633) x12 0x7fce213a
core   0: 0x800054f4 (0x017bffb3) and     t6, s7, s7
core   0: 0 0x800054f4 (0x017bffb3) x31 0xb5049804
core   0: 0x800054f8 (0x038f6bb3) rem     s7, t5, s8
core   0: 0 0x800054f8 (0x038f6bb3) x23 0x00018000
core   0: 0x800054fc (0x03a0f463) bgeu    ra, s10, pc + 40
core   0: 0 0x800054fc (0x03a0f463)
core   0: 0x80005524 (0x000004a9) c.addi  s1, 10
core   0: 0 0x80005524 (0x04a9) x9  0x00000056
core   0: 0x80005526 (0x0383a233) mulhsu  tp, t2, s8
core   0: 0 0x80005526 (0x0383a233) x4  0x874f4650
core   0: 0x8000552a (0x0000877d) c.srai  a4, 31
core   0: 0 0x8000552a (0x877d) x14 0x00000000
core   0: 0x8000552c (0x406f5193) srai    gp, t5, 6
core   0: 0 0x8000552c (0x406f5193) x3  0x00000600
core   0: 0x80005530 (0x0000100f) fence.i
core   0: 0 0x80005530 (0x0000100f)
core   0: 0x80005534 (0x00b631b3) sltu    gp, a2, a1
core   0: 0 0x80005534 (0x00b631b3) x3  0x00000000
core   0: 0x80005538 (0x00008cf5) c.and   s1, a3
core   0: 0 0x80005538 (0x8cf5) x9  0x00000000
core   0: 0x8000553a (0x007ef463) bgeu    t4, t2, pc + 8
core   0: 0 0x8000553a (0x007ef463)
core   0: 0x8000553e (0x00b2a833) slt     a6, t0, a1
core   0: 0 0x8000553e (0x00b2a833) x16 0x00000000
core   0: 0x80005542 (0x00000001) c.nop
core   0: 0 0x80005542 (0x0001)
core   0: 0x80005544 (0x00f11c63) bne     sp, a5, pc + 24
core   0: 0 0x80005544 (0x00f11c63)
core   0: 0x8000555c (0x00000001) c.nop
core   0: 0 0x8000555c (0x0001)
core   0: 0x8000555e (0x65348c93) addi    s9, s1, 1619
core   0: 0 0x8000555e (0x65348c93) x25 0x00000653
core   0: 0x80005562 (0x00008ced) c.and   s1, a1
core   0: 0 0x80005562 (0x8ced) x9  0x00000000
core   0: 0x80005564 (0xb58f3d93) sltiu   s11, t5, -1192
core   0: 0 0x80005564 (0xb58f3d93) x27 0x00000001
core   0: 0x80005568 (0x0287d133) divu    sp, a5, s0
core   0: 0 0x80005568 (0x0287d133) x2  0x00000001
core   0: 0x8000556c (0x00006511) c.lui   a0, 0x4
core   0: 0 0x8000556c (0x6511) x10 0x00004000
core   0: 0x8000556e (0x00000001) c.nop
core   0: 0 0x8000556e (0x0001)
core   0: 0x80005570 (0x41ecdc13) srai    s8, s9, 30
core   0: 0 0x80005570 (0x41ecdc13) x24 0x00000000
core   0: 0x80005574 (0x0000c585) c.beqz  a1, pc + 40
core   0: 0 0x80005574 (0xc585)
core   0: 0x8000559c (0x00e01cb3) sll     s9, zero, a4
core   0: 0 0x8000559c (0x00e01cb3) x25 0x00000000
core   0: 0x800055a0 (0x0181bcb3) sltu    s9, gp, s8
core   0: 0 0x800055a0 (0x0181bcb3) x25 0x00000000
core   0: 0x800055a4 (0x0045d193) srli    gp, a1, 4
core   0: 0 0x800055a4 (0x0045d193) x3  0x00000000
core   0: 0x800055a8 (0x0000717d) c.addi16sp sp, -16
core   0: 0 0x800055a8 (0x717d) x2  0xfffffff1
core   0: 0x800055aa (0x04205063) bge     zero, sp, pc + 64
core   0: 0 0x800055aa (0x04205063)
core   0: 0x800055ea (0x03c486b3) mul     a3, s1, t3
core   0: 0 0x800055ea (0x03c486b3) x13 0x00000000
core   0: 0x800055ee (0x00008c31) c.xor   s0, a2
core   0: 0 0x800055ee (0x8c31) x8  0x35354096
core   0: 0x800055f0 (0x0000100f) fence.i
core   0: 0 0x800055f0 (0x0000100f)
core   0: 0x800055f4 (0x00006f89) c.lui   t6, 0x2
core   0: 0 0x800055f4 (0x6f89) x31 0x00002000
core   0: 0x800055f6 (0x020c0533) mul     a0, s8, zero
core   0: 0 0x800055f6 (0x020c0533) x10 0x00000000
core   0: 0x800055fa (0x0000818d) c.srli  a1, 3
core   0: 0 0x800055fa (0x818d) x11 0x00000000
core   0: 0x800055fc (0x03d01a63) bne     zero, t4, pc + 52
core   0: 0 0x800055fc (0x03d01a63)
core   0: 0x80005630 (0x03dc91b3) mulh    gp, s9, t4
core   0: 0 0x80005630 (0x03dc91b3) x3  0x00000000
core   0: 0x80005634 (0x00a9de63) bge     s3, a0, pc + 28
core   0: 0 0x80005634 (0x00a9de63)
core   0: 0x80005638 (0x00000a14) c.addi4spn a3, sp, 272
core   0: 0 0x80005638 (0x0a14) x13 0x00000101
core   0: 0x8000563a (0xc64225b7) lui     a1, 0xc6422
core   0: 0 0x8000563a (0xc64225b7) x11 0xc6422000
core   0: 0x8000563e (0xa5b0a493) slti    s1, ra, -1445
core   0: 0 0x8000563e (0xa5b0a493) x9  0x00000001
core   0: 0x80005642 (0x000084e1) c.srai  s1, 24
core   0: 0 0x80005642 (0x84e1) x9  0x00000000
core   0: 0x80005644 (0x0000c885) c.beqz  s1, pc + 48
core   0: 0 0x80005644 (0xc885)
core   0: 0x80005674 (0x00008cc5) c.or    s1, s1
core   0: 0 0x80005674 (0x8cc5) x9  0x00000000
core   0: 0x80005676 (0x00008db1) c.xor   a1, a2
core   0: 0 0x80005676 (0x8db1) x11 0xb98c013a
core   0: 0x80005678 (0x515ba893) slti    a7, s7, 1301
core   0: 0 0x80005678 (0x515ba893) x17 0x00000000
core   0: 0x8000567c (0x0000717d) c.addi16sp sp, -16
core   0: 0 0x8000567c (0x717d) x2  0xffffffe1
core   0: 0x8000567e (0xb5beab93) slti    s7, t4, -1189
core   0: 0 0x8000567e (0xb5beab93) x23 0x00000000
core   0: 0x80005682 (0x03b59033) mulh    zero, a1, s11
core   0: 0 0x80005682 (0x03b59033)
core   0: 0x80005686 (0x02d636b3) mulhu   a3, a2, a3
core   0: 0 0x80005686 (0x02d636b3) x13 0x00000080
core   0: 0x8000568a (0xccef0417) auipc   s0, 0xccef0
core   0: 0 0x8000568a (0xccef0417) x8  0x4cef568a
core   0: 0x8000568e (0x03c54b63) blt     a0, t3, pc + 54
core   0: 0 0x8000568e (0x03c54b63)
core   0: 0x80005692 (0x00000001) c.nop
core   0: 0 0x80005692 (0x0001)
core   0: 0x80005694 (0x86e3ec13) ori     s8, t2, -1938
core   0: 0 0x80005694 (0x86e3ec13) x24 0xfffff86e
core   0: 0x80005698 (0x00009aea) c.add   s5, s10
core   0: 0 0x80005698 (0x9aea) x21 0xb5049e54
core   0: 0x8000569a (0x026fe1b3) rem     gp, t6, t1
core   0: 0 0x8000569a (0x026fe1b3) x3  0x00000002
core   0: 0x8000569e (0x00000001) c.nop
core   0: 0 0x8000569e (0x0001)
core   0: 0x800056a0 (0x0089b9b3) sltu    s3, s3, s0
core   0: 0 0x800056a0 (0x0089b9b3) x19 0x00000000
core   0: 0x800056a4 (0x026ce233) rem     tp, s9, t1
core   0: 0 0x800056a4 (0x026ce233) x4  0x00000000
core   0: 0x800056a8 (0xd0ebb813) sltiu   a6, s7, -754
core   0: 0 0x800056a8 (0xd0ebb813) x16 0x00000001
core   0: 0x800056ac (0xcd1f7413) andi    s0, t5, -815
core   0: 0 0x800056ac (0xcd1f7413) x8  0x00018000
core   0: 0x800056b0 (0x146f3413) sltiu   s0, t5, 326
core   0: 0 0x800056b0 (0x146f3413) x8  0x00000000
core   0: 0x800056b4 (0x01fe6bb3) or      s7, t3, t6
core   0: 0 0x800056b4 (0x01fe6bb3) x23 0x80023e54
core   0: 0x800056b8 (0x01f0e833) or      a6, ra, t6
core   0: 0 0x800056b8 (0x01f0e833) x16 0xc52b7000
core   0: 0x800056bc (0x40288fb3) sub     t6, a7, sp
core   0: 0 0x800056bc (0x40288fb3) x31 0x0000001f
core   0: 0x800056c0 (0x00008e55) c.or    a2, a3
core   0: 0 0x800056c0 (0x8e55) x12 0x7fce21ba
core   0: 0x800056c2 (0x00000ffe) c.slli  t6, 31
core   0: 0 0x800056c2 (0x0ffe) x31 0x80000000
core   0: 0x800056c4 (0x0faa3d13) sltiu   s10, s4, 250
core   0: 0 0x800056c4 (0x0faa3d13) x26 0x00000000
core   0: 0x800056c8 (0x03b6d0b3) divu    ra, a3, s11
core   0: 0 0x800056c8 (0x03b6d0b3) x1  0x00000080
core   0: 0x800056cc (0x0000840d) c.srai  s0, 3
core   0: 0 0x800056cc (0x840d) x8  0x00000000
core   0: 0x800056ce (0x01c04833) xor     a6, zero, t3
core   0: 0 0x800056ce (0x01c04833) x16 0x80021e54
core   0: 0x800056d2 (0x06c72013) slti    zero, a4, 108
core   0: 0 0x800056d2 (0x06c72013)
core   0: 0x800056d6 (0x05628063) beq     t0, s6, pc + 64
core   0: 0 0x800056d6 (0x05628063)
core   0: 0x800056da (0x00cb5f93) srli    t6, s6, 12
core   0: 0 0x800056da (0x00cb5f93) x31 0x000ff980
core   0: 0x800056de (0x027eeeb3) rem     t4, t4, t2
core   0: 0 0x800056de (0x027eeeb3) x29 0x00000001
core   0: 0x800056e2 (0x00008f49) c.or    a4, a0
core   0: 0 0x800056e2 (0x8f49) x14 0x00000000
core   0: 0x800056e4 (0x01ef1213) slli    tp, t5, 30
core   0: 0 0x800056e4 (0x01ef1213) x4  0x00000000
core   0: 0x800056e8 (0x079db913) sltiu   s2, s11, 121
core   0: 0 0x800056e8 (0x079db913) x18 0x00000001
core   0: 0x800056ec (0x01cb4733) xor     a4, s6, t3
core   0: 0 0x800056ec (0x01cb4733) x14 0x7f9a1684
core   0: 0x800056f0 (0x02936f63) bltu    t1, s1, pc + 62
core   0: 0 0x800056f0 (0x02936f63)
core   0: 0x800056f4 (0x000054fd) c.li    s1, -1
core   0: 0 0x800056f4 (0x54fd) x9  0xffffffff
core   0: 0x800056f6 (0x02bbb833) mulhu   a6, s7, a1
core   0: 0 0x800056f6 (0x02bbb833) x16 0x5cc7a0e1
core   0: 0x800056fa (0x40f28cb3) sub     s9, t0, a5
core   0: 0 0x800056fa (0x40f28cb3) x25 0x8b4ded01
core   0: 0x800056fe (0x00000001) c.nop
core   0: 0 0x800056fe (0x0001)
core   0: 0x80005700 (0x008d1733) sll     a4, s10, s0
core   0: 0 0x80005700 (0x008d1733) x14 0x00000000
core   0: 0x80005704 (0x006224b3) slt     s1, tp, t1
core   0: 0 0x80005704 (0x006224b3) x9  0x00000000
core   0: 0x80005708 (0x00602933) slt     s2, zero, t1
core   0: 0 0x80005708 (0x00602933) x18 0x00000000
core   0: 0x8000570c (0x03cc4463) blt     s8, t3, pc + 40
core   0: 0 0x8000570c (0x03cc4463)
core   0: 0x80005710 (0x0000717d) c.addi16sp sp, -16
core   0: 0 0x80005710 (0x717d) x2  0xffffffd1
core   0: 0x80005712 (0x0ff0000f) fence   iorw,iorw
core   0: 0 0x80005712 (0x0ff0000f)
core   0: 0x80005716 (0xfbdcb713) sltiu   a4, s9, -67
core   0: 0 0x80005716 (0xfbdcb713) x14 0x00000001
core   0: 0x8000571a (0x41a309b3) sub     s3, t1, s10
core   0: 0 0x8000571a (0x41a309b3) x19 0xffffffb2
core   0: 0x8000571e (0xba32e313) ori     t1, t0, -1117
core   0: 0 0x8000571e (0xba32e313) x6  0xfffffbe7
core   0: 0x80005722 (0x00008d19) c.sub   a0, a4
core   0: 0 0x80005722 (0x8d19) x10 0xffffffff
core   0: 0x80005724 (0x00000a14) c.addi4spn a3, sp, 272
core   0: 0 0x80005724 (0x0a14) x13 0x000000e1
core   0: 0x80005726 (0x12a84313) xori    t1, a6, 298
core   0: 0 0x80005726 (0x12a84313) x6  0x5cc7a1cb
core   0: 0x8000572a (0x02efb133) mulhu   sp, t6, a4
core   0: 0 0x8000572a (0x02efb133) x2  0x00000000
core   0: 0x8000572e (0x00000001) c.nop
core   0: 0 0x8000572e (0x0001)
core   0: 0x80005730 (0x0246f8b3) remu    a7, a3, tp
core   0: 0 0x80005730 (0x0246f8b3) x17 0x000000e1
core   0: 0x80005734 (0x0000610d) c.addi16sp sp, 160
core   0: 0 0x80005734 (0x610d) x2  0x000000a0
core   0: 0x80005736 (0x00000dda) c.slli  s11, 22
core   0: 0 0x80005736 (0x0dda) x27 0x00400000
core   0: 0x80005738 (0xb5f0cb13) xori    s6, ra, -1185
core   0: 0 0x80005738 (0xb5f0cb13) x22 0xfffffbdf
core   0: 0x8000573c (0x023daa33) mulhsu  s4, s11, gp
core   0: 0 0x8000573c (0x023daa33) x20 0x00000000
core   0: 0x80005740 (0x00000001) c.nop
core   0: 0 0x80005740 (0x0001)
core   0: 0x80005742 (0x03d79db3) mulh    s11, a5, t4
core   0: 0 0x80005742 (0x03d79db3) x27 0xffffffff
core   0: 0x80005746 (0x00008099) c.srli  s1, 6
core   0: 0 0x80005746 (0x8099) x9  0x00000000
core   0: 0x80005748 (0x62b64997) auipc   s3, 0x62b64
core   0: 0 0x80005748 (0x62b64997) x19 0xe2b69748
core   0: 0x8000574c (0x01b98637) lui     a2, 0x1b98
core   0: 0 0x8000574c (0x01b98637) x12 0x01b98000
core   0: 0x80005750 (0xf9242893) slti    a7, s0, -110
core   0: 0 0x80005750 (0xf9242893) x17 0x00000000
core   0: 0x80005754 (0x00000001) c.nop
core   0: 0 0x80005754 (0x0001)
core   0: 0x80005756 (0x00f360b3) or      ra, t1, a5
core   0: 0 0x80005756 (0x00f360b3) x1  0xdcc7fdef
core   0: 0x8000575a (0x01f81693) slli    a3, a6, 31
core   0: 0 0x8000575a (0x01f81693) x13 0x80000000
core   0: 0x8000575e (0x0000871d) c.srai  a4, 7
core   0: 0 0x8000575e (0x871d) x14 0x00000000
core   0: 0x80005760 (0x0039b8b3) sltu    a7, s3, gp
core   0: 0 0x80005760 (0x0039b8b3) x17 0x00000000
core   0: 0x80005764 (0x0000e205) c.bnez  a2, pc + 32
core   0: 0 0x80005764 (0xe205)
core   0: 0x80005784 (0x025f7b63) bgeu    t5, t0, pc + 54
core   0: 0 0x80005784 (0x025f7b63)
core   0: 0x80005788 (0xe40e3513) sltiu   a0, t3, -448
core   0: 0 0x80005788 (0xe40e3513) x10 0x00000001
core   0: 0x8000578c (0x418202b3) sub     t0, tp, s8
core   0: 0 0x8000578c (0x418202b3) x5  0x00000792
core   0: 0x80005790 (0x03812433) mulhsu  s0, sp, s8
core   0: 0 0x80005790 (0x03812433) x8  0x0000009f
core   0: 0x80005794 (0xf3c28293) addi    t0, t0, -196
core   0: 0 0x80005794 (0xf3c28293) x5  0x000006ce
core   0: 0x80005798 (0x00499cb3) sll     s9, s3, tp
core   0: 0 0x80005798 (0x00499cb3) x25 0xe2b69748
core   0: 0x8000579c (0x03dc5663) bge     s8, t4, pc + 44
core   0: 0 0x8000579c (0x03dc5663)
core   0: 0x800057a0 (0x01e060b3) or      ra, zero, t5
core   0: 0 0x800057a0 (0x01e060b3) x1  0x00018000
core   0: 0x800057a4 (0x00b01d93) slli    s11, zero, 11
core   0: 0 0x800057a4 (0x00b01d93) x27 0x00000000
core   0: 0x800057a8 (0x0000100f) fence.i
core   0: 0 0x800057a8 (0x0000100f)
core   0: 0x800057ac (0x02f1c733) div     a4, gp, a5
core   0: 0 0x800057ac (0x02f1c733) x14 0x00000000
core   0: 0x800057b0 (0x407fd893) srai    a7, t6, 7
core   0: 0 0x800057b0 (0x407fd893) x17 0x00001ff3
core   0: 0x800057b4 (0x00008c3d) c.xor   s0, a5
core   0: 0 0x800057b4 (0x8c3d) x8  0x80025c7b
core   0: 0x800057b6 (0xd5b94593) xori    a1, s2, -677
core   0: 0 0x800057b6 (0xd5b94593) x11 0xfffffd5b
core   0: 0x800057ba (0x00000001) c.nop
core   0: 0 0x800057ba (0x0001)
core   0: 0x800057bc (0x41135093) srai    ra, t1, 17
core   0: 0 0x800057bc (0x41135093) x1  0x00002e63
core   0: 0x800057c0 (0x00000189) c.addi  gp, 2
core   0: 0 0x800057c0 (0x0189) x3  0x00000004
core   0: 0x800057c2 (0x000081e9) c.srli  a1, 26
core   0: 0 0x800057c2 (0x81e9) x11 0x0000003f
core   0: 0x800057c4 (0x00c7a433) slt     s0, a5, a2
core   0: 0 0x800057c4 (0x00c7a433) x8  0x00000001
core   0: 0x800057c8 (0x00004379) c.li    t1, 30
core   0: 0 0x800057c8 (0x4379) x6  0x0000001e
core   0: 0x800057ca (0x00000001) c.nop
core   0: 0 0x800057ca (0x0001)
core   0: 0x800057cc (0x0000e021) c.bnez  s0, pc + 64
core   0: 0 0x800057cc (0xe021)
core   0: 0x8000580c (0x00c2df93) srli    t6, t0, 12
core   0: 0 0x8000580c (0x00c2df93) x31 0x00000000
core   0: 0x80005810 (0x023da6b3) mulhsu  a3, s11, gp
core   0: 0 0x80005810 (0x023da6b3) x13 0x00000000
core   0: 0x80005814 (0x000098f2) c.add   a7, t3
core   0: 0 0x80005814 (0x98f2) x17 0x80023e47
core   0: 0x80005816 (0x002f0c63) beq     t5, sp, pc + 24
core   0: 0 0x80005816 (0x002f0c63)
core   0: 0x8000581a (0x00009116) c.add   sp, t0
core   0: 0 0x8000581a (0x9116) x2  0x0000076e
core   0: 0x8000581c (0x0032d893) srli    a7, t0, 3
core   0: 0 0x8000581c (0x0032d893) x17 0x000000d9
core   0: 0x80005820 (0xa0094813) xori    a6, s2, -1536
core   0: 0 0x80005820 (0xa0094813) x16 0xfffffa00
core   0: 0x80005824 (0x00000001) c.nop
core   0: 0 0x80005824 (0x0001)
core   0: 0x80005826 (0xc29c2293) slti    t0, s8, -983
core   0: 0 0x80005826 (0xc29c2293) x5  0x00000001
core   0: 0x8000582a (0x01f41f33) sll     t5, s0, t6
core   0: 0 0x8000582a (0x01f41f33) x30 0x00000001
core   0: 0x8000582e (0x416ad893) srai    a7, s5, 22
core   0: 0 0x8000582e (0x416ad893) x17 0xfffffed4
core   0: 0x80005832 (0x00001814) c.addi4spn a3, sp, 48
core   0: 0 0x80005832 (0x1814) x13 0x0000079e
core   0: 0x80005834 (0x0060c933) xor     s2, ra, t1
core   0: 0 0x80005834 (0x0060c933) x18 0x00002e7d
core   0: 0x80005838 (0x620a4d93) xori    s11, s4, 1568
core   0: 0 0x80005838 (0x620a4d93) x27 0x00000620
core   0: 0x8000583c (0x033f5563) bge     t5, s3, pc + 42
core   0: 0 0x8000583c (0x033f5563)
core   0: 0x80005866 (0xa9657413) andi    s0, a0, -1386
core   0: 0 0x80005866 (0xa9657413) x8  0x00000000
core   0: 0x8000586a (0xee30b093) sltiu   ra, ra, -285
core   0: 0 0x8000586a (0xee30b093) x1  0x00000001
core   0: 0x8000586e (0x01e4c363) blt     s1, t5, pc + 6
core   0: 0 0x8000586e (0x01e4c363)
core   0: 0x80005874 (0xc60ba117) auipc   sp, 0xc60ba
core   0: 0 0x80005874 (0xc60ba117) x2  0x460bf874
core   0: 0x80005878 (0x01715813) srli    a6, sp, 23
core   0: 0 0x80005878 (0x01715813) x16 0x0000008c
core   0: 0x8000587c (0x01559933) sll     s2, a1, s5
core   0: 0 0x8000587c (0x01559933) x18 0x03f00000
core   0: 0x80005880 (0x00965263) bge     a2, s1, pc + 4
core   0: 0 0x80005880 (0x00965263)
core   0: 0x80005884 (0x01f8e213) ori     tp, a7, 31
core   0: 0 0x80005884 (0x01f8e213) x4  0xfffffedf
core   0: 0x80005888 (0x00005dfd) c.li    s11, -1
core   0: 0 0x80005888 (0x5dfd) x27 0xffffffff
core   0: 0x8000588a (0x0b9abb13) sltiu   s6, s5, 185
core   0: 0 0x8000588a (0x0b9abb13) x22 0x00000000
core   0: 0x8000588e (0x00009f3e) c.add   t5, a5
core   0: 0 0x8000588e (0x9f3e) x30 0x80025ce5
core   0: 0x80005890 (0x0070e533) or      a0, ra, t2
core   0: 0 0x80005890 (0x0070e533) x10 0x80000001
core   0: 0x80005894 (0x00000b6a) c.slli  s6, 26
core   0: 0 0x80005894 (0x0b6a) x22 0x00000000
core   0: 0x80005896 (0x0ff0000f) fence   iorw,iorw
core   0: 0 0x80005896 (0x0ff0000f)
core   0: 0x8000589a (0x00000001) c.nop
core   0: 0 0x8000589a (0x0001)
core   0: 0x8000589c (0x41238bb3) sub     s7, t2, s2
core   0: 0 0x8000589c (0x41238bb3) x23 0x7c100000
core   0: 0x800058a0 (0x02c8a833) mulhsu  a6, a7, a2
core   0: 0 0x800058a0 (0x02c8a833) x16 0xfffffffd
core   0: 0x800058a4 (0x00008cc1) c.or    s1, s0
core   0: 0 0x800058a4 (0x8cc1) x9  0x00000000
core   0: 0x800058a6 (0x0000147d) c.addi  s0, -1
core   0: 0 0x800058a6 (0x147d) x8  0xffffffff
core   0: 0x800058a8 (0xe995ef93) ori     t6, a1, -359
core   0: 0 0x800058a8 (0xe995ef93) x31 0xfffffebf
core   0: 0x800058ac (0x41d151b3) sra     gp, sp, t4
core   0: 0 0x800058ac (0x41d151b3) x3  0x2305fc3a
core   0: 0x800058b0 (0x525ee913) ori     s2, t4, 1317
core   0: 0 0x800058b0 (0x525ee913) x18 0x00000525
core   0: 0x800058b4 (0x002354b3) srl     s1, t1, sp
core   0: 0 0x800058b4 (0x002354b3) x9  0x00000000
core   0: 0x800058b8 (0x41a55c33) sra     s8, a0, s10
core   0: 0 0x800058b8 (0x41a55c33) x24 0x80000001
core   0: 0x800058bc (0x419b59b3) sra     s3, s6, s9
core   0: 0 0x800058bc (0x419b59b3) x19 0x00000000
core   0: 0x800058c0 (0x00009d4a) c.add   s10, s2
core   0: 0 0x800058c0 (0x9d4a) x26 0x00000525
core   0: 0x800058c2 (0x010adf63) bge     s5, a6, pc + 30
core   0: 0 0x800058c2 (0x010adf63)
core   0: 0x800058c6 (0x000ac333) xor     t1, s5, zero
core   0: 0 0x800058c6 (0x000ac333) x6  0xb5049e54
core   0: 0x800058ca (0x010e1a33) sll     s4, t3, a6
core   0: 0 0x800058ca (0x010e1a33) x20 0x80000000
core   0: 0x800058ce (0xd1bfea13) ori     s4, t6, -741
core   0: 0 0x800058ce (0xd1bfea13) x20 0xffffffbf
core   0: 0x800058d2 (0x00006155) c.addi16sp sp, 304
core   0: 0 0x800058d2 (0x6155) x2  0x460bf9a4
core   0: 0x800058d4 (0x02a1fc63) bgeu    gp, a0, pc + 56
core   0: 0 0x800058d4 (0x02a1fc63)
core   0: 0x800058d8 (0x00009afd) c.andi  a3, -1
core   0: 0 0x800058d8 (0x9afd) x13 0x0000079e
core   0: 0x800058da (0x00000b6a) c.slli  s6, 26
core   0: 0 0x800058da (0x0b6a) x22 0x00000000
core   0: 0x800058dc (0x00000001) c.nop
core   0: 0 0x800058dc (0x0001)
core   0: 0x800058de (0x00008625) c.srai  a2, 9
core   0: 0 0x800058de (0x8625) x12 0x0000dcc0
core   0: 0x800058e0 (0x003ddd93) srli    s11, s11, 3
core   0: 0 0x800058e0 (0x003ddd93) x27 0x1fffffff
core   0: 0x800058e4 (0x00008946) c.mv    s2, a7
core   0: 0 0x800058e4 (0x8946) x18 0xfffffed4
core   0: 0x800058e6 (0x00b2f0b3) and     ra, t0, a1
core   0: 0 0x800058e6 (0x00b2f0b3) x1  0x00000001
core   0: 0x800058ea (0x9cfc8193) addi    gp, s9, -1585
core   0: 0 0x800058ea (0x9cfc8193) x3  0xe2b69117
core   0: 0x800058ee (0x00008f2d) c.xor   a4, a1
core   0: 0 0x800058ee (0x8f2d) x14 0x0000003f
core   0: 0x800058f0 (0x025a4633) div     a2, s4, t0
core   0: 0 0x800058f0 (0x025a4633) x12 0xffffffbf
core   0: 0x800058f4 (0x0ff0000f) fence   iorw,iorw
core   0: 0 0x800058f4 (0x0ff0000f)
core   0: 0x800058f8 (0x00367c33) and     s8, a2, gp
core   0: 0 0x800058f8 (0x00367c33) x24 0xe2b69117
core   0: 0x800058fc (0x019c0563) beq     s8, s9, pc + 10
core   0: 0 0x800058fc (0x019c0563)
core   0: 0x80005900 (0x009545b3) xor     a1, a0, s1
core   0: 0 0x80005900 (0x009545b3) x11 0x80000001
core   0: 0x80005904 (0x000064e1) c.lui   s1, 0x18
core   0: 0 0x80005904 (0x64e1) x9  0x00018000
core   0: 0x80005906 (0x02f28863) beq     t0, a5, pc + 48
core   0: 0 0x80005906 (0x02f28863)
core   0: 0x8000590a (0x0000c519) c.beqz  a0, pc + 14
core   0: 0 0x8000590a (0xc519)
core   0: 0x8000590c (0x41220fb3) sub     t6, tp, s2
core   0: 0 0x8000590c (0x41220fb3) x31 0x0000000b
core   0: 0x80005910 (0x410f0893) addi    a7, t5, 1040
core   0: 0 0x80005910 (0x410f0893) x17 0x800260f5
core   0: 0x80005914 (0x0089d5b3) srl     a1, s3, s0
core   0: 0 0x80005914 (0x0089d5b3) x11 0x00000000
core   0: 0x80005918 (0x03b23db3) mulhu   s11, tp, s11
core   0: 0 0x80005918 (0x03b23db3) x27 0x1fffffda
core   0: 0x8000591c (0x00000001) c.nop
core   0: 0 0x8000591c (0x0001)
core   0: 0x8000591e (0x03949733) mulh    a4, s1, s9
core   0: 0 0x8000591e (0x03949733) x14 0xffffd411
core   0: 0x80005922 (0x00008cf5) c.and   s1, a3
core   0: 0 0x80005922 (0x8cf5) x9  0x00000000
core   0: 0x80005924 (0x0000ed99) c.bnez  a1, pc + 30
core   0: 0 0x80005924 (0xed99)
core   0: 0x80005926 (0x0000e691) c.bnez  a3, pc + 12
core   0: 0 0x80005926 (0xe691)
core   0: 0x80005932 (0x014a9c93) slli    s9, s5, 20
core   0: 0 0x80005932 (0x014a9c93) x25 0xe5400000
core   0: 0x80005936 (0x0355e463) bltu    a1, s5, pc + 40
core   0: 0 0x80005936 (0x0355e463)
core   0: 0x8000595e (0x6771fb13) andi    s6, gp, 1655
core   0: 0 0x8000595e (0x6771fb13) x22 0x00000017
core   0: 0x80005962 (0x0000e195) c.bnez  a1, pc + 36
core   0: 0 0x80005962 (0xe195)
core   0: 0x80005964 (0x014f5e63) bge     t5, s4, pc + 28
core   0: 0 0x80005964 (0x014f5e63)
core   0: 0x80005968 (0x04d9f063) bgeu    s3, a3, pc + 64
core   0: 0 0x80005968 (0x04d9f063)
core   0: 0x8000596c (0xf86cc713) xori    a4, s9, -122
core   0: 0 0x8000596c (0xf86cc713) x14 0x1abfff86
core   0: 0x80005970 (0x00a89913) slli    s2, a7, 10
core   0: 0 0x80005970 (0x00a89913) x18 0x0983d400
core   0: 0x80005974 (0x40b1d313) srai    t1, gp, 11
core   0: 0 0x80005974 (0x40b1d313) x6  0xfffc56d2
core   0: 0x80005978 (0x4065dc13) srai    s8, a1, 6
core   0: 0 0x80005978 (0x4065dc13) x24 0x00000000
core   0: 0x8000597c (0x02dd82b3) mul     t0, s11, a3
core   0: 0 0x8000597c (0x02dd82b3) x5  0xbffede8c
core   0: 0x80005980 (0x0000997d) c.andi  a0, -1
core   0: 0 0x80005980 (0x997d) x10 0x80000001
core   0: 0x80005982 (0x02ef54b3) divu    s1, t5, a4
core   0: 0 0x80005982 (0x02ef54b3) x9  0x00000004
core   0: 0x80005986 (0x0000100f) fence.i
core   0: 0 0x80005986 (0x0000100f)
core   0: 0x8000598a (0x00008c49) c.or    s0, a0
core   0: 0 0x8000598a (0x8c49) x8  0xffffffff
core   0: 0x8000598c (0x0ff0000f) fence   iorw,iorw
core   0: 0 0x8000598c (0x0ff0000f)
core   0: 0x80005990 (0x00008229) c.srli  a2, 10
core   0: 0 0x80005990 (0x8229) x12 0x003fffff
core   0: 0x80005992 (0x00bcefb3) or      t6, s9, a1
core   0: 0 0x80005992 (0x00bcefb3) x31 0xe5400000
core   0: 0x80005996 (0x401a88b3) sub     a7, s5, ra
core   0: 0 0x80005996 (0x401a88b3) x17 0xb5049e53
core   0: 0x8000599a (0x82e64f97) auipc   t6, 0x82e64
core   0: 0 0x8000599a (0x82e64f97) x31 0x02e6999a
core   0: 0x8000599e (0x0000917a) c.add   sp, t5
core   0: 0 0x8000599e (0x917a) x2  0xc60e5689
core   0: 0x800059a0 (0x01535863) bge     t1, s5, pc + 16
core   0: 0 0x800059a0 (0x01535863)
core   0: 0x800059b0 (0x40815813) srai    a6, sp, 8
core   0: 0 0x800059b0 (0x40815813) x16 0xffc60e56
core   0: 0x800059b4 (0x00001c84) c.addi4spn s1, sp, 624
core   0: 0 0x800059b4 (0x1c84) x9  0xc60e58f9
core   0: 0x800059b6 (0x001109b3) add     s3, sp, ra
core   0: 0 0x800059b6 (0x001109b3) x19 0xc60e568a
core   0: 0x800059ba (0x00000f84) c.addi4spn s1, sp, 976
core   0: 0 0x800059ba (0x0f84) x9  0xc60e5a59
core   0: 0x800059bc (0x00008da5) c.xor   a1, s1
core   0: 0 0x800059bc (0x8da5) x11 0xc60e5a59
core   0: 0x800059be (0x0ff0000f) fence   iorw,iorw
core   0: 0 0x800059be (0x0ff0000f)
core   0: 0x800059c2 (0x00001afd) c.addi  s5, -1
core   0: 0 0x800059c2 (0x1afd) x21 0xb5049e53
core   0: 0x800059c4 (0x00006909) c.lui   s2, 0x2
core   0: 0 0x800059c4 (0x6909) x18 0x00002000
core   0: 0x800059c6 (0x0000100f) fence.i
core   0: 0 0x800059c6 (0x0000100f)
core   0: 0x800059ca (0x011fcbb3) xor     s7, t6, a7
core   0: 0 0x800059ca (0x011fcbb3) x23 0xb7e207c9
core   0: 0x800059ce (0x01f95733) srl     a4, s2, t6
core   0: 0 0x800059ce (0x01f95733) x14 0x00000000
core   0: 0x800059d2 (0x8072bd13) sltiu   s10, t0, -2041
core   0: 0 0x800059d2 (0x8072bd13) x26 0x00000001
core   0: 0x800059d6 (0x03b27833) remu    a6, tp, s11
core   0: 0 0x800059d6 (0x03b27833) x16 0x0000000f
core   0: 0x800059da (0x029452b3) divu    t0, s0, s1
core   0: 0 0x800059da (0x029452b3) x5  0x00000001
core   0: 0x800059de (0x64f45717) auipc   a4, 0x64f45
core   0: 0 0x800059de (0x64f45717) x14 0xe4f4a9de
core   0: 0x800059e2 (0x002f1d33) sll     s10, t5, sp
core   0: 0 0x800059e2 (0x002f1d33) x26 0x04b9ca00
core   0: 0x800059e6 (0x01d6e0b3) or      ra, a3, t4
core   0: 0 0x800059e6 (0x01d6e0b3) x1  0x0000079f
core   0: 0x800059ea (0x01f84133) xor     sp, a6, t6
core   0: 0 0x800059ea (0x01f84133) x2  0x02e69995
core   0: 0x800059ee (0x0055dd93) srli    s11, a1, 5
core   0: 0 0x800059ee (0x0055dd93) x27 0x063072d2
core   0: 0x800059f2 (0x0000717d) c.addi16sp sp, -16
core   0: 0 0x800059f2 (0x717d) x2  0x02e69985
core   0: 0x800059f4 (0x0336a6b3) mulhsu  a3, a3, s3
core   0: 0 0x800059f4 (0x0336a6b3) x13 0x000005e4
core   0: 0x800059f8 (0x4162da13) srai    s4, t0, 22
core   0: 0 0x800059f8 (0x4162da13) x20 0x00000000
core   0: 0x800059fc (0x00008f59) c.or    a4, a4
core   0: 0 0x800059fc (0x8f59) x14 0xe4f4a9de
core   0: 0x800059fe (0x02b55463) bge     a0, a1, pc + 40
core   0: 0 0x800059fe (0x02b55463)
core   0: 0x80005a02 (0x00000001) c.nop
core   0: 0 0x80005a02 (0x0001)
core   0: 0x80005a04 (0xee402337) lui     t1, 0xee402
core   0: 0 0x80005a04 (0xee402337) x6  0xee402000
core   0: 0x80005a08 (0x0000c60d) c.beqz  a2, pc + 42
core   0: 0 0x80005a08 (0xc60d)
core   0: 0x80005a0a (0x00fda433) slt     s0, s11, a5
core   0: 0 0x80005a0a (0x00fda433) x8  0x00000000
core   0: 0x80005a0e (0x024e0c63) beq     t3, tp, pc + 56
core   0: 0 0x80005a0e (0x024e0c63)
core   0: 0x80005a12 (0x00000d84) c.addi4spn s1, sp, 720
core   0: 0 0x80005a12 (0x0d84) x9  0x02e69c55
core   0: 0x80005a14 (0x008fd6b3) srl     a3, t6, s0
core   0: 0 0x80005a14 (0x008fd6b3) x13 0x02e6999a
core   0: 0x80005a18 (0x029c0893) addi    a7, s8, 41
core   0: 0 0x80005a18 (0x029c0893) x17 0x00000029
core   0: 0x80005a1c (0x031031b3) mulhu   gp, zero, a7
core   0: 0 0x80005a1c (0x031031b3) x3  0x00000000
core   0: 0x80005a20 (0x0000e119) c.bnez  a0, pc + 6
core   0: 0 0x80005a20 (0xe119)
core   0: 0x80005a26 (0x012d4263) blt     s10, s2, pc + 4
core   0: 0 0x80005a26 (0x012d4263)
core   0: 0x80005a2a (0x00008c35) c.xor   s0, a3
core   0: 0 0x80005a2a (0x8c35) x8  0x02e6999a
core   0: 0x80005a2c (0x00008e1d) c.sub   a2, a5
core   0: 0 0x80005a2c (0x8e1d) x12 0x803da31b
core   0: 0x80005a2e (0xf1d1a513) slti    a0, gp, -227
core   0: 0 0x80005a2e (0xf1d1a513) x10 0x00000000
core   0: 0x80005a32 (0x000094de) c.add   s1, s7
core   0: 0 0x80005a32 (0x94de) x9  0xbac8a41e
core   0: 0x80005a34 (0x40645c13) srai    s8, s0, 6
core   0: 0 0x80005a34 (0x40645c13) x24 0x000b9a66
core   0: 0x80005a38 (0x00006f05) c.lui   t5, 0x1
core   0: 0 0x80005a38 (0x6f05) x30 0x00001000
core   0: 0x80005a3a (0x035c8db3) mul     s11, s9, s5
core   0: 0 0x80005a3a (0x035c8db3) x27 0xd3c00000
core   0: 0x80005a3e (0x00c9f4b3) and     s1, s3, a2
core   0: 0 0x80005a3e (0x00c9f4b3) x9  0x800c020a
core   0: 0x80005a42 (0x1317ac13) slti    s8, a5, 305
core   0: 0 0x80005a42 (0x1317ac13) x24 0x00000001
core   0: 0x80005a46 (0x03beed63) bltu    t4, s11, pc + 58
core   0: 0 0x80005a46 (0x03beed63)
core   0: 0x80005a80 (0x01c9b533) sltu    a0, s3, t3
core   0: 0 0x80005a80 (0x01c9b533) x10 0x00000000
core   0: 0x80005a84 (0x000081f5) c.srli  a1, 29
core   0: 0 0x80005a84 (0x81f5) x11 0x00000006
core   0: 0x80005a86 (0x002c1db3) sll     s11, s8, sp
core   0: 0 0x80005a86 (0x002c1db3) x27 0x00000020
core   0: 0x80005a8a (0x0000c299) c.beqz  a3, pc + 6
core   0: 0 0x80005a8a (0xc299)
core   0: 0x80005a8c (0xfd657613) andi    a2, a0, -42
core   0: 0 0x80005a8c (0xfd657613) x12 0x00000000
core   0: 0x80005a90 (0x02858233) mul     tp, a1, s0
core   0: 0 0x80005a90 (0x02858233) x4  0x1167999c
core   0: 0x80005a94 (0x00ae4d33) xor     s10, t3, a0
core   0: 0 0x80005a94 (0x00ae4d33) x26 0x80021e54
core   0: 0x80005a98 (0x02c00b33) mul     s6, zero, a2
core   0: 0 0x80005a98 (0x02c00b33) x22 0x00000000
core   0: 0x80005a9c (0x01f6e033) or      zero, a3, t6
core   0: 0 0x80005a9c (0x01f6e033)
core   0: 0x80005aa0 (0x00009b7d) c.andi  a4, -1
core   0: 0 0x80005aa0 (0x9b7d) x14 0xe4f4a9de
core   0: 0x80005aa2 (0x0ff0000f) fence   iorw,iorw
core   0: 0 0x80005aa2 (0x0ff0000f)
core   0: 0x80005aa6 (0x00008e6d) c.and   a2, a1
core   0: 0 0x80005aa6 (0x8e6d) x12 0x00000000
core   0: 0x80005aa8 (0xf4212a13) slti    s4, sp, -190
core   0: 0 0x80005aa8 (0xf4212a13) x20 0x00000000
core   0: 0x80005aac (0x002a9833) sll     a6, s5, sp
core   0: 0 0x80005aac (0x002a9833) x16 0xa093ca60
core   0: 0x80005ab0 (0x00005b7d) c.li    s6, -1
core   0: 0 0x80005ab0 (0x5b7d) x22 0xffffffff
core   0: 0x80005ab2 (0xf44d4213) xori    tp, s10, -188
core   0: 0 0x80005ab2 (0xf44d4213) x4  0x7ffde110
core   0: 0x80005ab6 (0x405cd133) sra     sp, s9, t0
core   0: 0 0x80005ab6 (0x405cd133) x2  0xf2a00000
core   0: 0x80005aba (0x010169b3) or      s3, sp, a6
core   0: 0 0x80005aba (0x010169b3) x19 0xf2b3ca60
core   0: 0x80005abe (0x0117c4b3) xor     s1, a5, a7
core   0: 0 0x80005abe (0x0117c4b3) x9  0x80025ccd
core   0: 0x80005ac2 (0x0000028c) c.addi4spn a1, sp, 320
core   0: 0 0x80005ac2 (0x028c) x11 0xf2a00140
core   0: 0x80005ac4 (0x00008335) c.srli  a4, 13
core   0: 0 0x80005ac4 (0x8335) x14 0x000727a5
core   0: 0x80005ac6 (0x030e8c97) auipc   s9, 0x30e8
core   0: 0 0x80005ac6 (0x030e8c97) x25 0x830edac6
core   0: 0x80005aca (0x052a6263) bltu    s4, s2, pc + 68
core   0: 0 0x80005aca (0x052a6263)
core   0: 0x80005b0e (0x00000d14) c.addi4spn a3, sp, 656
core   0: 0 0x80005b0e (0x0d14) x13 0xf2a00290
core   0: 0x80005b10 (0x00009a7d) c.andi  a2, -1
core   0: 0 0x80005b10 (0x9a7d) x12 0x00000000
core   0: 0x80005b12 (0x01050033) add     zero, a0, a6
core   0: 0 0x80005b12 (0x01050033)
core   0: 0x80005b16 (0x49107a97) auipc   s5, 0x49107
core   0: 0 0x80005b16 (0x49107a97) x21 0xc910cb16
core   0: 0x80005b1a (0x0000100f) fence.i
core   0: 0 0x80005b1a (0x0000100f)
core   0: 0x80005b1e (0x000080e9) c.srli  s1, 26
core   0: 0 0x80005b1e (0x80e9) x9  0x00000020
core   0: 0x80005b20 (0x026431b3) mulhu   gp, s0, t1
core   0: 0 0x80005b20 (0x026431b3) x3  0x02b31cd0
core   0: 0x80005b24 (0x00008e2d) c.xor   a2, a1
core   0: 0 0x80005b24 (0x8e2d) x12 0xf2a00140
core   0: 0x80005b26 (0x4148d733) sra     a4, a7, s4
core   0: 0 0x80005b26 (0x4148d733) x14 0x00000029
core   0: 0x80005b2a (0x0000e80d) c.bnez  s0, pc + 50
core   0: 0 0x80005b2a (0xe80d)
core   0: 0x80005b5c (0x03e7d363) bge     a5, t5, pc + 38
core   0: 0 0x80005b5c (0x03e7d363)
core   0: 0x80005b60 (0x000004ce) c.slli  s1, 19
core   0: 0 0x80005b60 (0x04ce) x9  0x01000000
core   0: 0x80005b62 (0x04af6063) bltu    t5, a0, pc + 64
core   0: 0 0x80005b62 (0x04af6063)
core   0: 0x80005b66 (0x00000001) c.nop
core   0: 0 0x80005b66 (0x0001)
core   0: 0x80005b68 (0x001a5893) srli    a7, s4, 1
core   0: 0 0x80005b68 (0x001a5893) x17 0x00000000
core   0: 0x80005b6c (0x00000001) c.nop
core   0: 0 0x80005b6c (0x0001)
core   0: 0x80005b6e (0x0000023e) c.slli  tp, 15
core   0: 0 0x80005b6e (0x023e) x4  0xf0880000
core   0: 0x80005b70 (0x008a2fb3) slt     t6, s4, s0
core   0: 0 0x80005b70 (0x008a2fb3) x31 0x00000001
core   0: 0x80005b74 (0x00000c00) c.addi4spn s0, sp, 528
core   0: 0 0x80005b74 (0x0c00) x8  0xf2a00210
core   0: 0x80005b76 (0x000082e9) c.srli  a3, 26
core   0: 0 0x80005b76 (0x82e9) x13 0x0000003c
core   0: 0x80005b78 (0x008581b3) add     gp, a1, s0
core   0: 0 0x80005b78 (0x008581b3) x3  0xe5400350
core   0: 0x80005b7c (0x03a24b63) blt     tp, s10, pc + 54
core   0: 0 0x80005b7c (0x03a24b63)
core   0: 0x80005b80 (0x000058fd) c.li    a7, -1
core   0: 0 0x80005b80 (0x58fd) x17 0xffffffff
core   0: 0x80005b82 (0x40fed0b3) sra     ra, t4, a5
core   0: 0 0x80005b82 (0x40fed0b3) x1  0x00000000
core   0: 0x80005b86 (0x02497b33) remu    s6, s2, tp
core   0: 0 0x80005b86 (0x02497b33) x22 0x00002000
core   0: 0x80005b8a (0xe99fe913) ori     s2, t6, -359
core   0: 0 0x80005b8a (0xe99fe913) x18 0xfffffe99
core   0: 0x80005b8e (0x022cdb33) divu    s6, s9, sp
core   0: 0 0x80005b8e (0x022cdb33) x22 0x00000000
core   0: 0x80005b92 (0x00008951) c.andi  a0, 20
core   0: 0 0x80005b92 (0x8951) x10 0x00000000
core   0: 0x80005b94 (0x010b8933) add     s2, s7, a6
core   0: 0 0x80005b94 (0x010b8933) x18 0x5875d229
core   0: 0x80005b98 (0x02e164b3) rem     s1, sp, a4
core   0: 0 0x80005b98 (0x02e164b3) x9  0xfffffff7
core   0: 0x80005b9c (0x01952bb3) slt     s7, a0, s9
core   0: 0 0x80005b9c (0x01952bb3) x23 0x00000000
core   0: 0x80005ba0 (0x00009b7d) c.andi  a4, -1
core   0: 0 0x80005ba0 (0x9b7d) x14 0x00000029
core   0: 0x80005ba2 (0x022baeb3) mulhsu  t4, s7, sp
core   0: 0 0x80005ba2 (0x022baeb3) x29 0x00000000
core   0: 0x80005ba6 (0x3dee6713) ori     a4, t3, 990
core   0: 0 0x80005ba6 (0x3dee6713) x14 0x80021fde
core   0: 0x80005baa (0x00005dfd) c.li    s11, -1
core   0: 0 0x80005baa (0x5dfd) x27 0xffffffff
core   0: 0x80005bac (0x003f1413) slli    s0, t5, 3
core   0: 0 0x80005bac (0x003f1413) x8  0x00008000
core   0: 0x80005bb0 (0x00008f01) c.sub   a4, s0
core   0: 0 0x80005bb0 (0x8f01) x14 0x80019fde
core   0: 0x80005bb2 (0x02ffe6b3) rem     a3, t6, a5
core   0: 0 0x80005bb2 (0x02ffe6b3) x13 0x00000001
core   0: 0x80005bb6 (0x01f93333) sltu    t1, s2, t6
core   0: 0 0x80005bb6 (0x01f93333) x6  0x00000000
core   0: 0x80005bba (0x0088af33) slt     t5, a7, s0
core   0: 0 0x80005bba (0x0088af33) x30 0x00000001
core   0: 0x80005bbe (0x01f25b33) srl     s6, tp, t6
core   0: 0 0x80005bbe (0x01f25b33) x22 0x78440000
core   0: 0x80005bc2 (0x01d0d8b3) srl     a7, ra, t4
core   0: 0 0x80005bc2 (0x01d0d8b3) x17 0x00000000
core   0: 0x80005bc6 (0x0000985e) c.add   a6, s7
core   0: 0 0x80005bc6 (0x985e) x16 0xa093ca60
core   0: 0x80005bc8 (0x00008c0d) c.sub   s0, a1
core   0: 0 0x80005bc8 (0x8c0d) x8  0x0d607ec0
core   0: 0x80005bca (0x02ba7133) remu    sp, s4, a1
core   0: 0 0x80005bca (0x02ba7133) x2  0x00000000
core   0: 0x80005bce (0x01e88263) beq     a7, t5, pc + 4
core   0: 0 0x80005bce (0x01e88263)
core   0: 0x80005bd2 (0xf2f53d97) auipc   s11, 0xf2f53
core   0: 0 0x80005bd2 (0xf2f53d97) x27 0x72f58bd2
core   0: 0x80005bd6 (0x0389e933) rem     s2, s3, s8
core   0: 0 0x80005bd6 (0x0389e933) x18 0x00000000
core   0: 0x80005bda (0x01ea5233) srl     tp, s4, t5
core   0: 0 0x80005bda (0x01ea5233) x4  0x00000000
core   0: 0x80005bde (0x19107d93) andi    s11, zero, 401
core   0: 0 0x80005bde (0x19107d93) x27 0x00000000
core   0: 0x80005be2 (0x00008899) c.andi  s1, 6
core   0: 0 0x80005be2 (0x8899) x9  0x00000006
core   0: 0x80005be4 (0xd0a97193) andi    gp, s2, -758
core   0: 0 0x80005be4 (0xd0a97193) x3  0x00000000
core   0: 0x80005be8 (0x02bddeb3) divu    t4, s11, a1
core   0: 0 0x80005be8 (0x02bddeb3) x29 0x00000000
core   0: 0x80005bec (0x00008711) c.srai  a4, 4
core   0: 0 0x80005bec (0x8711) x14 0xf80019fd
core   0: 0x80005bee (0x00a94fb3) xor     t6, s2, a0
core   0: 0 0x80005bee (0x00a94fb3) x31 0x00000000
core   0: 0x80005bf2 (0x419a55b3) sra     a1, s4, s9
core   0: 0 0x80005bf2 (0x419a55b3) x11 0x00000000
core   0: 0x80005bf6 (0x00008f01) c.sub   a4, s0
core   0: 0 0x80005bf6 (0x8f01) x14 0xea9f9b3d
core   0: 0x80005bf8 (0x035b8b63) beq     s7, s5, pc + 54
core   0: 0 0x80005bf8 (0x035b8b63)
core   0: 0x80005bfc (0x02e6dc33) divu    s8, a3, a4
core   0: 0 0x80005bfc (0x02e6dc33) x24 0x00000000
core   0: 0x80005c00 (0x02287ab3) remu    s5, a6, sp
core   0: 0 0x80005c00 (0x02287ab3) x21 0xa093ca60
core   0: 0x80005c04 (0x111ea213) slti    tp, t4, 273
core   0: 0 0x80005c04 (0x111ea213) x4  0x00000001
core   0: 0x80005c08 (0x0000cc81) c.beqz  s1, pc + 24
core   0: 0 0x80005c08 (0xcc81)
core   0: 0x80005c0a (0x4114a193) slti    gp, s1, 1041
core   0: 0 0x80005c0a (0x4114a193) x3  0x00000001
core   0: 0x80005c0e (0x023588b3) mul     a7, a1, gp
core   0: 0 0x80005c0e (0x023588b3) x17 0x00000000
core   0: 0x80005c12 (0x01bce733) or      a4, s9, s11
core   0: 0 0x80005c12 (0x01bce733) x14 0x830edac6
core   0: 0x80005c16 (0x407a5cb3) sra     s9, s4, t2
core   0: 0 0x80005c16 (0x407a5cb3) x25 0x00000000
core   0: 0x80005c1a (0x03b5bcb3) mulhu   s9, a1, s11
core   0: 0 0x80005c1a (0x03b5bcb3) x25 0x00000000
core   0: 0x80005c1e (0x00008e89) c.sub   a3, a0
core   0: 0 0x80005c1e (0x8e89) x13 0x00000001
core   0: 0x80005c20 (0x0000eb15) c.bnez  a4, pc + 52
core   0: 0 0x80005c20 (0xeb15)
core   0: 0x80005c54 (0x40cb5cb3) sra     s9, s6, a2
core   0: 0 0x80005c54 (0x40cb5cb3) x25 0x78440000
core   0: 0x80005c58 (0x00a09db3) sll     s11, ra, a0
core   0: 0 0x80005c58 (0x00a09db3) x27 0x00000000
core   0: 0x80005c5c (0x01b44533) xor     a0, s0, s11
core   0: 0 0x80005c5c (0x01b44533) x10 0x0d607ec0
core   0: 0x80005c60 (0x00170263) beq     a4, ra, pc + 4
core   0: 0 0x80005c60 (0x00170263)
core   0: 0x80005c64 (0x00001908) c.addi4spn a0, sp, 176
core   0: 0 0x80005c64 (0x1908) x10 0x000000b0
core   0: 0x80005c66 (0xf8a22693) slti    a3, tp, -118
core   0: 0 0x80005c66 (0xf8a22693) x13 0x00000000
core   0: 0x80005c6a (0x007b5e93) srli    t4, s6, 7
core   0: 0 0x80005c6a (0x007b5e93) x29 0x00f08800
core   0: 0x80005c6e (0x0000617d) c.addi16sp sp, 496
core   0: 0 0x80005c6e (0x617d) x2  0x000001f0
core   0: 0x80005c70 (0x2e123a93) sltiu   s5, tp, 737
core   0: 0 0x80005c70 (0x2e123a93) x21 0x00000001
core   0: 0x80005c74 (0x63b30313) addi    t1, t1, 1595
core   0: 0 0x80005c74 (0x63b30313) x6  0x0000063b
core   0: 0x80005c78 (0x000085bd) c.srai  a1, 15
core   0: 0 0x80005c78 (0x85bd) x11 0x00000000
core   0: 0x80005c7a (0x015fbd33) sltu    s10, t6, s5
core   0: 0 0x80005c7a (0x015fbd33) x26 0x00000001
core   0: 0x80005c7e (0x00000001) c.nop
core   0: 0 0x80005c7e (0x0001)
core   0: 0x80005c80 (0xb89f0097) auipc   ra, 0xb89f0
core   0: 0 0x80005c80 (0xb89f0097) x1  0x389f5c80
core   0: 0x80005c84 (0x00009cee) c.add   s9, s11
core   0: 0 0x80005c84 (0x9cee) x25 0x78440000
core   0: 0x80005c86 (0x0000e209) c.bnez  a2, pc + 2
core   0: 0 0x80005c86 (0xe209)
core   0: 0x80005c88 (0x059b4063) blt     s6, s9, pc + 64
core   0: 0 0x80005c88 (0x059b4063)
core   0: 0x80005c8c (0x0000157d) c.addi  a0, -1
core   0: 0 0x80005c8c (0x157d) x10 0x000000af
core   0: 0x80005c8e (0x00008f39) c.xor   a4, a4
core   0: 0 0x80005c8e (0x8f39) x14 0x00000000
core   0: 0x80005c90 (0x00008fee) c.mv    t6, s11
core   0: 0 0x80005c90 (0x8fee) x31 0x00000000
core   0: 0x80005c92 (0x02b89033) mulh    zero, a7, a1
core   0: 0 0x80005c92 (0x02b89033)
core   0: 0x80005c96 (0x03da95b3) mulh    a1, s5, t4
core   0: 0 0x80005c96 (0x03da95b3) x11 0x00000000
core   0: 0x80005c9a (0x40a28db3) sub     s11, t0, a0
core   0: 0 0x80005c9a (0x40a28db3) x27 0xffffff52
core   0: 0x80005c9e (0x001415b3) sll     a1, s0, ra
core   0: 0 0x80005c9e (0x001415b3) x11 0x0d607ec0
core   0: 0x80005ca2 (0x00000001) c.nop
core   0: 0 0x80005ca2 (0x0001)
core   0: 0x80005ca4 (0x0000ed99) c.bnez  a1, pc + 30
core   0: 0 0x80005ca4 (0xed99)
core   0: 0x80005cc2 (0x98b18f37) lui     t5, 0x98b18
core   0: 0 0x80005cc2 (0x98b18f37) x30 0x98b18000
core   0: 0x80005cc6 (0x00004f11) c.li    t5, 4
core   0: 0 0x80005cc6 (0x4f11) x30 0x00000004
core   0: 0x80005cc8 (0x00000001) c.nop
core   0: 0 0x80005cc8 (0x0001)
core   0: 0x80005cca (0x418aee93) ori     t4, s5, 1048
core   0: 0 0x80005cca (0x418aee93) x29 0x00000419
core   0: 0x80005cce (0x0111da13) srli    s4, gp, 17
core   0: 0 0x80005cce (0x0111da13) x20 0x00000000
core   0: 0x80005cd2 (0x9917e593) ori     a1, a5, -1647
core   0: 0 0x80005cd2 (0x9917e593) x11 0xfffffdf5
core   0: 0x80005cd6 (0x00628563) beq     t0, t1, pc + 10
core   0: 0 0x80005cd6 (0x00628563)
core   0: 0x80005cda (0x00008c89) c.sub   s1, a0
core   0: 0 0x80005cda (0x8c89) x9  0xffffff57
core   0: 0x80005cdc (0x0d6be713) ori     a4, s7, 214
core   0: 0 0x80005cdc (0x0d6be713) x14 0x000000d6
core   0: 0x80005ce0 (0x0000ed85) c.bnez  a1, pc + 56
core   0: 0 0x80005ce0 (0xed85)
core   0: 0x80005d18 (0x00008ca1) c.xor   s1, s0
core   0: 0 0x80005d18 (0x8ca1) x9  0xf29f8197
core   0: 0x80005d1a (0x0000100f) fence.i
core   0: 0 0x80005d1a (0x0000100f)
core   0: 0x80005d1e (0x0000717d) c.addi16sp sp, -16
core   0: 0 0x80005d1e (0x717d) x2  0x000001e0
core   0: 0x80005d20 (0x00004359) c.li    t1, 22
core   0: 0 0x80005d20 (0x4359) x6  0x00000016
core   0: 0x80005d22 (0x0117f463) bgeu    a5, a7, pc + 8
core   0: 0 0x80005d22 (0x0117f463)
core   0: 0x80005d2a (0x013a20b3) slt     ra, s4, s3
core   0: 0 0x80005d2a (0x013a20b3) x1  0x00000000
core   0: 0x80005d2e (0x0389deb3) divu    t4, s3, s8
core   0: 0 0x80005d2e (0x0389deb3) x29 0xffffffff
core   0: 0x80005d32 (0x000085e5) c.srai  a1, 25
core   0: 0 0x80005d32 (0x85e5) x11 0xffffffff
core   0: 0x80005d34 (0x0364c863) blt     s1, s6, pc + 48
core   0: 0 0x80005d34 (0x0364c863)
core   0: 0x80005d64 (0x00000001) c.nop
core   0: 0 0x80005d64 (0x0001)
core   0: 0x80005d66 (0x00000001) c.nop
core   0: 0 0x80005d66 (0x0001)
core   0: 0x80005d68 (0x00008e5d) c.or    a2, a5
core   0: 0 0x80005d68 (0x8e5d) x12 0xf2a25de4
core   0: 0x80005d6a (0x00008eca) c.mv    t4, s2
core   0: 0 0x80005d6a (0x8eca) x29 0x00000000
core   0: 0x80005d6c (0x00009b42) c.add   s6, a6
core   0: 0 0x80005d6c (0x9b42) x22 0x18d7ca60
core   0: 0x80005d6e (0x028c1063) bne     s8, s0, pc + 32
core   0: 0 0x80005d6e (0x028c1063)
core   0: 0x80005d8e (0x057c8463) beq     s9, s7, pc + 72
core   0: 0 0x80005d8e (0x057c8463)
core   0: 0x80005d92 (0x0000100f) fence.i
core   0: 0 0x80005d92 (0x0000100f)
core   0: 0x80005d96 (0x0118df13) srli    t5, a7, 17
core   0: 0 0x80005d96 (0x0118df13) x30 0x00000000
core   0: 0x80005d9a (0x00008e4d) c.or    a2, a1
core   0: 0 0x80005d9a (0x8e4d) x12 0xffffffff
core   0: 0x80005d9c (0x00000001) c.nop
core   0: 0 0x80005d9c (0x0001)
core   0: 0x80005d9e (0x0ff0000f) fence   iorw,iorw
core   0: 0 0x80005d9e (0x0ff0000f)
core   0: 0x80005da2 (0x412e8833) sub     a6, t4, s2
core   0: 0 0x80005da2 (0x412e8833) x16 0x00000000
core   0: 0x80005da6 (0x00008f35) c.xor   a4, a3
core   0: 0 0x80005da6 (0x8f35) x14 0x000000d6
core   0: 0x80005da8 (0x00008696) c.mv    a3, t0
core   0: 0 0x80005da8 (0x8696) x13 0x00000001
core   0: 0x80005daa (0x05670c63) beq     a4, s6, pc + 88
core   0: 0 0x80005daa (0x05670c63)
core   0: 0x80005dae (0x05bdc163) blt     s11, s11, pc + 66
core   0: 0 0x80005dae (0x05bdc163)
core   0: 0x80005db2 (0x00000f17) auipc   t5, 0x0
core   0: 0 0x80005db2 (0x00000f17) x30 0x80005db2
core   0: 0x80005db6 (0x272f0f13) addi    t5, t5, 626
core   0: 0 0x80005db6 (0x272f0f13) x30 0x80006024
core   0: 0x80005dba (0x0000082d) c.addi  a6, 11
core   0: 0 0x80005dba (0x082d) x16 0x0000000b
core   0: 0x80005dbc (0x40c0d1b3) sra     gp, ra, a2
core   0: 0 0x80005dbc (0x40c0d1b3) x3  0x00000000
core   0: 0x80005dc0 (0xc380f813) andi    a6, ra, -968
core   0: 0 0x80005dc0 (0xc380f813) x16 0x00000000
core   0: 0x80005dc4 (0x01ff5993) srli    s3, t5, 31
core   0: 0 0x80005dc4 (0x01ff5993) x19 0x00000001
core   0: 0x80005dc8 (0xdbcf0f13) addi    t5, t5, -580
core   0: 0 0x80005dc8 (0xdbcf0f13) x30 0x80005de0
core   0: 0x80005dcc (0x00008df2) c.mv    s11, t3
core   0: 0 0x80005dcc (0x8df2) x27 0x80021e54
core   0: 0x80005dce (0x244f0ae7) jalr    s5, t5, 580
core   0: 0 0x80005dce (0x244f0ae7) x21 0x80005dd2
core   0: 0x80006024 (0x00000001) c.nop
core   0: 0 0x80006024 (0x0001)
core   0: 0x80006026 (0x00008fee) c.mv    t6, s11
core   0: 0 0x80006026 (0x8fee) x31 0x80021e54
core   0: 0x80006028 (0x000086a5) c.srai  a3, 9
core   0: 0 0x80006028 (0x86a5) x13 0x00000000
core   0: 0x8000602a (0x0000c601) c.beqz  a2, pc + 8
core   0: 0 0x8000602a (0xc601)
core   0: 0x8000602c (0x0053efb3) or      t6, t2, t0
core   0: 0 0x8000602c (0x0053efb3) x31 0x80000001
core   0: 0x80006030 (0x000055fd) c.li    a1, -1
core   0: 0 0x80006030 (0x55fd) x11 0xffffffff
core   0: 0x80006032 (0x00001e01) c.addi  t3, -32
core   0: 0 0x80006032 (0x1e01) x28 0x80021e34
core   0: 0x80006034 (0x015e2223) sw      s5, 4(t3)
core   0: 0 0x80006034 (0x015e2223) mem 0x80021e38 0x80005dd2
core   0: 0x80006038 (0x40715cb3) sra     s9, sp, t2
core   0: 0 0x80006038 (0x40715cb3) x25 0x000001e0
core   0: 0x8000603c (0x01a68cb3) add     s9, a3, s10
core   0: 0 0x8000603c (0x01a68cb3) x25 0x00000001
core   0: 0x80006040 (0x023ce133) rem     sp, s9, gp
core   0: 0 0x80006040 (0x023ce133) x2  0x00000001
core   0: 0x80006044 (0x4004d593) srai    a1, s1, 0
core   0: 0 0x80006044 (0x4004d593) x11 0xf29f8197
core   0: 0x80006048 (0xa4b6f717) auipc   a4, 0xa4b6f
core   0: 0 0x80006048 (0xa4b6f717) x14 0x24b75048
core   0: 0x8000604c (0x015b9763) bne     s7, s5, pc + 14
core   0: 0 0x8000604c (0x015b9763)
core   0: 0x8000605a (0x01c8ca63) blt     a7, t3, pc + 20
core   0: 0 0x8000605a (0x01c8ca63)
core   0: 0x8000605e (0x00008c49) c.or    s0, a0
core   0: 0 0x8000605e (0x8c49) x8  0x0d607eef
core   0: 0x80006060 (0x00008e85) c.sub   a3, s1
core   0: 0 0x80006060 (0x8e85) x13 0x0d607e69
core   0: 0x80006062 (0x0212f6b3) remu    a3, t0, ra
core   0: 0 0x80006062 (0x0212f6b3) x13 0x00000001
core   0: 0x80006066 (0x0002ebb3) or      s7, t0, zero
core   0: 0 0x80006066 (0x0002ebb3) x23 0x00000001
core   0: 0x8000606a (0x0000100f) fence.i
core   0: 0 0x8000606a (0x0000100f)
core   0: 0x8000606e (0x03e8b233) mulhu   tp, a7, t5
core   0: 0 0x8000606e (0x03e8b233) x4  0x00000000
core   0: 0x80006072 (0x00001b8c) c.addi4spn a1, sp, 496
core   0: 0 0x80006072 (0x1b8c) x11 0x000001f1
core   0: 0x80006074 (0x00005f7d) c.li    t5, -1
core   0: 0 0x80006074 (0x5f7d) x30 0xffffffff
core   0: 0x80006076 (0x038d1cb3) mulh    s9, s10, s8
core   0: 0 0x80006076 (0x038d1cb3) x25 0x00000000
core   0: 0x8000607a (0x4020d933) sra     s2, ra, sp
core   0: 0 0x8000607a (0x4020d933) x18 0x00000000
core   0: 0x8000607e (0x02359063) bne     a1, gp, pc + 32
core   0: 0 0x8000607e (0x02359063)
core   0: 0x8000609e (0x00001608) c.addi4spn a0, sp, 800
core   0: 0 0x8000609e (0x1608) x10 0x00000321
core   0: 0x800060a0 (0x5a12f693) andi    a3, t0, 1441
core   0: 0 0x800060a0 (0x5a12f693) x13 0x00000001
core   0: 0x800060a4 (0x00001318) c.addi4spn a4, sp, 416
core   0: 0 0x800060a4 (0x1318) x14 0x000001a1
core   0: 0x800060a6 (0xfb49b997) auipc   s3, 0xfb49b
core   0: 0 0x800060a6 (0xfb49b997) x19 0x7b4a10a6
core   0: 0x800060aa (0x40f78db3) sub     s11, a5, a5
core   0: 0 0x800060aa (0x40f78db3) x27 0x00000000
core   0: 0x800060ae (0x024d5863) bge     s10, tp, pc + 48
core   0: 0 0x800060ae (0x024d5863)
core   0: 0x800060de (0x005785b3) add     a1, a5, t0
core   0: 0 0x800060de (0x005785b3) x11 0x80025ce5
core   0: 0x800060e2 (0x025a1eb3) mulh    t4, s4, t0
core   0: 0 0x800060e2 (0x025a1eb3) x29 0x00000000
core   0: 0x800060e6 (0x022211b3) mulh    gp, tp, sp
core   0: 0 0x800060e6 (0x022211b3) x3  0x00000000
core   0: 0x800060ea (0x0000100f) fence.i
core   0: 0 0x800060ea (0x0000100f)
core   0: 0x800060ee (0x053f5063) bge     t5, s3, pc + 64
core   0: 0 0x800060ee (0x053f5063)
core   0: 0x800060f2 (0x00009332) c.add   t1, a2
core   0: 0 0x800060f2 (0x9332) x6  0x00000015
core   0: 0x800060f4 (0x00008e71) c.and   a2, a2
core   0: 0 0x800060f4 (0x8e71) x12 0xffffffff
core   0: 0x800060f6 (0x01279433) sll     s0, a5, s2
core   0: 0 0x800060f6 (0x01279433) x8  0x80025ce4
core   0: 0x800060fa (0x00f0b433) sltu    s0, ra, a5
core   0: 0 0x800060fa (0x00f0b433) x8  0x00000001
core   0: 0x800060fe (0x00008f71) c.and   a4, a2
core   0: 0 0x800060fe (0x8f71) x14 0x000001a1
core   0: 0x80006100 (0x0000c899) c.beqz  s1, pc + 22
core   0: 0 0x80006100 (0xc899)
core   0: 0x80006102 (0x401d5c13) srai    s8, s10, 1
core   0: 0 0x80006102 (0x401d5c13) x24 0x00000000
core   0: 0x80006106 (0x039a61b3) rem     gp, s4, s9
core   0: 0 0x80006106 (0x039a61b3) x3  0x00000000
core   0: 0x8000610a (0x00a45ab3) srl     s5, s0, a0
core   0: 0 0x8000610a (0x00a45ab3) x21 0x00000000
core   0: 0x8000610e (0x02890663) beq     s2, s0, pc + 44
core   0: 0 0x8000610e (0x02890663)
core   0: 0x80006112 (0x41d28db3) sub     s11, t0, t4
core   0: 0 0x80006112 (0x41d28db3) x27 0x00000001
core   0: 0x80006116 (0x000002b6) c.slli  t0, 13
core   0: 0 0x80006116 (0x02b6) x5  0x00002000
core   0: 0x80006118 (0x01cd5613) srli    a2, s10, 28
core   0: 0 0x80006118 (0x01cd5613) x12 0x00000000
core   0: 0x8000611c (0x0c72f013) andi    zero, t0, 199
core   0: 0 0x8000611c (0x0c72f013)
core   0: 0x80006120 (0x03f602b3) mul     t0, a2, t6
core   0: 0 0x80006120 (0x03f602b3) x5  0x00000000
core   0: 0x80006124 (0x000096d2) c.add   a3, s4
core   0: 0 0x80006124 (0x96d2) x13 0x00000001
core   0: 0x80006126 (0x4034d633) sra     a2, s1, gp
core   0: 0 0x80006126 (0x4034d633) x12 0xf29f8197
core   0: 0x8000612a (0x0346f033) remu    zero, a3, s4
core   0: 0 0x8000612a (0x0346f033)
core   0: 0x8000612e (0x0000ea01) c.bnez  a2, pc + 16
core   0: 0 0x8000612e (0xea01)
core   0: 0x8000613e (0x0000c815) c.beqz  s0, pc + 52
core   0: 0 0x8000613e (0xc815)
core   0: 0x80006140 (0xb353c113) xori    sp, t2, -1227
core   0: 0 0x80006140 (0xb353c113) x2  0x7ffffb35
core   0: 0x80006144 (0x007ba533) slt     a0, s7, t2
core   0: 0 0x80006144 (0x007ba533) x10 0x00000000
core   0: 0x80006148 (0xdd2e9d17) auipc   s10, 0xdd2e9
core   0: 0 0x80006148 (0xdd2e9d17) x26 0x5d2ef148
core   0: 0x8000614c (0x00155213) srli    tp, a0, 1
core   0: 0 0x8000614c (0x00155213) x4  0x00000000
core   0: 0x80006150 (0x00928463) beq     t0, s1, pc + 8
core   0: 0 0x80006150 (0x00928463)
core   0: 0x80006154 (0x0000100f) fence.i
core   0: 0 0x80006154 (0x0000100f)
core   0: 0x80006158 (0x0ff0000f) fence   iorw,iorw
core   0: 0 0x80006158 (0x0ff0000f)
core   0: 0x8000615c (0x000084aa) c.mv    s1, a0
core   0: 0 0x8000615c (0x84aa) x9  0x00000000
core   0: 0x8000615e (0x00785f13) srli    t5, a6, 7
core   0: 0 0x8000615e (0x00785f13) x30 0x00000000
core   0: 0x80006162 (0x03cd4e63) blt     s10, t3, pc + 60
core   0: 0 0x80006162 (0x03cd4e63)
core   0: 0x80006166 (0x0000861d) c.srai  a2, 7
core   0: 0 0x80006166 (0x861d) x12 0xffe53f03
core   0: 0x80006168 (0x0292e663) bltu    t0, s1, pc + 44
core   0: 0 0x80006168 (0x0292e663)
core   0: 0x8000616c (0x00001400) c.addi4spn s0, sp, 544
core   0: 0 0x8000616c (0x1400) x8  0x7ffffd55
core   0: 0x8000616e (0x4119d193) srai    gp, s3, 17
core   0: 0 0x8000616e (0x4119d193) x3  0x00003da5
core   0: 0x80006172 (0x00008ebd) c.xor   a3, a5
core   0: 0 0x80006172 (0x8ebd) x13 0x80025ce5
core   0: 0x80006174 (0xa4134e93) xori    t4, t1, -1471
core   0: 0 0x80006174 (0xa4134e93) x29 0xfffffa54
core   0: 0x80006178 (0x03de3ab3) mulhu   s5, t3, t4
core   0: 0 0x80006178 (0x03de3ab3) x21 0x80021b5d
core   0: 0x8000617c (0x0374ec63) bltu    s1, s7, pc + 56
core   0: 0 0x8000617c (0x0374ec63)
core   0: 0x800061b4 (0x0000e415) c.bnez  s0, pc + 44
core   0: 0 0x800061b4 (0xe415)
core   0: 0x800061e0 (0x024a86b3) mul     a3, s5, tp
core   0: 0 0x800061e0 (0x024a86b3) x13 0x00000000
core   0: 0x800061e4 (0x00000001) c.nop
core   0: 0 0x800061e4 (0x0001)
core   0: 0x800061e6 (0x02754233) div     tp, a0, t2
core   0: 0 0x800061e6 (0x02754233) x4  0x00000000
core   0: 0x800061ea (0x00005d7d) c.li    s10, -1
core   0: 0 0x800061ea (0x5d7d) x26 0xffffffff
core   0: 0x800061ec (0x40a15cb3) sra     s9, sp, a0
core   0: 0 0x800061ec (0x40a15cb3) x25 0x7ffffb35
core   0: 0x800061f0 (0x0000717d) c.addi16sp sp, -16
core   0: 0 0x800061f0 (0x717d) x2  0x7ffffb25
core   0: 0x800061f2 (0x0226cbb3) div     s7, a3, sp
core   0: 0 0x800061f2 (0x0226cbb3) x23 0x00000000
core   0: 0x800061f6 (0x010dd2b3) srl     t0, s11, a6
core   0: 0 0x800061f6 (0x010dd2b3) x5  0x00000001
core   0: 0x800061fa (0x3b5f7e93) andi    t4, t5, 949
core   0: 0 0x800061fa (0x3b5f7e93) x29 0x00000000
core   0: 0x800061fe (0x000082d9) c.srli  a3, 22
core   0: 0 0x800061fe (0x82d9) x13 0x00000000
core   0: 0x80006200 (0x053cf763) bgeu    s9, s3, pc + 78
core   0: 0 0x80006200 (0x053cf763)
core   0: 0x8000624e (0x01448d33) add     s10, s1, s4
core   0: 0 0x8000624e (0x01448d33) x26 0x00000000
core   0: 0x80006252 (0x00008759) c.srai  a4, 22
core   0: 0 0x80006252 (0x8759) x14 0x00000000
core   0: 0x80006254 (0x01249413) slli    s0, s1, 18
core   0: 0 0x80006254 (0x01249413) x8  0x00000000
core   0: 0x80006258 (0x011ddc13) srli    s8, s11, 17
core   0: 0 0x80006258 (0x011ddc13) x24 0x00000000
core   0: 0x8000625c (0x00008c69) c.and   s0, a0
core   0: 0 0x8000625c (0x8c69) x8  0x00000000
core   0: 0x8000625e (0x014354b3) srl     s1, t1, s4
core   0: 0 0x8000625e (0x014354b3) x9  0x00000015
core   0: 0x80006262 (0x0175c663) blt     a1, s7, pc + 12
core   0: 0 0x80006262 (0x0175c663)
core   0: 0x8000626e (0x416dd133) sra     sp, s11, s6
core   0: 0 0x8000626e (0x416dd133) x2  0x00000001
core   0: 0x80006272 (0x039a1d33) mulh    s10, s4, s9
core   0: 0 0x80006272 (0x039a1d33) x26 0x00000000
core   0: 0x80006276 (0x00001bfd) c.addi  s7, -1
core   0: 0 0x80006276 (0x1bfd) x23 0xffffffff
core   0: 0x80006278 (0x406d0a93) addi    s5, s10, 1030
core   0: 0 0x80006278 (0x406d0a93) x21 0x00000406
core   0: 0x8000627c (0xf66e0113) addi    sp, t3, -154
core   0: 0 0x8000627c (0xf66e0113) x2  0x80021d9a
core   0: 0x80006280 (0x00008c7d) c.and   s0, a5
core   0: 0 0x80006280 (0x8c7d) x8  0x00000000
core   0: 0x80006282 (0x00006be1) c.lui   s7, 0x18
core   0: 0 0x80006282 (0x6be1) x23 0x00018000
core   0: 0x80006284 (0x02ff5b33) divu    s6, t5, a5
core   0: 0 0x80006284 (0x02ff5b33) x22 0x00000000
core   0: 0x80006288 (0x01dd6463) bltu    s10, t4, pc + 8
core   0: 0 0x80006288 (0x01dd6463)
core   0: 0x8000628c (0x15f8fc93) andi    s9, a7, 351
core   0: 0 0x8000628c (0x15f8fc93) x25 0x00000000
core   0: 0x80006290 (0x004c4d63) blt     s8, tp, pc + 26
core   0: 0 0x80006290 (0x004c4d63)
core   0: 0x80006294 (0x0000e289) c.bnez  a3, pc + 2
core   0: 0 0x80006294 (0xe289)
core   0: 0x80006296 (0x013c01b3) add     gp, s8, s3
core   0: 0 0x80006296 (0x013c01b3) x3  0x7b4a10a6
core   0: 0x8000629a (0x00001b7d) c.addi  s6, -1
core   0: 0 0x8000629a (0x1b7d) x22 0xffffffff
core   0: 0x8000629c (0x00008e31) c.xor   a2, a2
core   0: 0 0x8000629c (0x8e31) x12 0x00000000
core   0: 0x8000629e (0x032b3eb3) mulhu   t4, s6, s2
core   0: 0 0x8000629e (0x032b3eb3) x29 0x00000000
core   0: 0x800062a2 (0x40055613) srai    a2, a0, 0
core   0: 0 0x800062a2 (0x40055613) x12 0x00000000
core   0: 0x800062a6 (0x2248fd93) andi    s11, a7, 548
core   0: 0 0x800062a6 (0x2248fd93) x27 0x00000000
core   0: 0x800062aa (0x61e84693) xori    a3, a6, 1566
core   0: 0 0x800062aa (0x61e84693) x13 0x0000061e
core   0: 0x800062ae (0x006c9563) bne     s9, t1, pc + 10
core   0: 0 0x800062ae (0x006c9563)
core   0: 0x800062b8 (0x46803a13) sltiu   s4, zero, 1128
core   0: 0 0x800062b8 (0x46803a13) x20 0x00000001
core   0: 0x800062bc (0x5c57a913) slti    s2, a5, 1477
core   0: 0 0x800062bc (0x5c57a913) x18 0x00000001
core   0: 0x800062c0 (0x000086ed) c.srai  a3, 27
core   0: 0 0x800062c0 (0x86ed) x13 0x00000000
core   0: 0x800062c2 (0x03f1bc33) mulhu   s8, gp, t6
core   0: 0 0x800062c2 (0x03f1bc33) x24 0x3da50853
core   0: 0x800062c6 (0x03210e63) beq     sp, s2, pc + 60
core   0: 0 0x800062c6 (0x03210e63)
core   0: 0x800062ca (0xf1753d13) sltiu   s10, a0, -233
core   0: 0 0x800062ca (0xf1753d13) x26 0x00000001
core   0: 0x800062ce (0x0000e309) c.bnez  a4, pc + 2
core   0: 0 0x800062ce (0xe309)
core   0: 0x800062d0 (0x409b0533) sub     a0, s6, s1
core   0: 0 0x800062d0 (0x409b0533) x10 0xffffffea
core   0: 0x800062d4 (0x00000001) c.nop
core   0: 0 0x800062d4 (0x0001)
core   0: 0x800062d6 (0x00008bb6) c.mv    s7, a3
core   0: 0 0x800062d6 (0x8bb6) x23 0x00000000
core   0: 0x800062d8 (0x03e4fab3) remu    s5, s1, t5
core   0: 0 0x800062d8 (0x03e4fab3) x21 0x00000015
core   0: 0x800062dc (0x01f09263) bne     ra, t6, pc + 4
core   0: 0 0x800062dc (0x01f09263)
core   0: 0x800062e0 (0x0000471d) c.li    a4, 7
core   0: 0 0x800062e0 (0x471d) x14 0x00000007
core   0: 0x800062e2 (0x41825c93) srai    s9, tp, 24
core   0: 0 0x800062e2 (0x41825c93) x25 0x00000000
core   0: 0x800062e6 (0x0000044a) c.slli  s0, 18
core   0: 0 0x800062e6 (0x044a) x8  0x00000000
core   0: 0x800062e8 (0x4120ddb3) sra     s11, ra, s2
core   0: 0 0x800062e8 (0x4120ddb3) x27 0x00000000
core   0: 0x800062ec (0x019e8763) beq     t4, s9, pc + 14
core   0: 0 0x800062ec (0x019e8763)
core   0: 0x800062fa (0x0071b333) sltu    t1, gp, t2
core   0: 0 0x800062fa (0x0071b333) x6  0x00000001
core   0: 0x800062fe (0x0124d633) srl     a2, s1, s2
core   0: 0 0x800062fe (0x0124d633) x12 0x0000000a
core   0: 0x80006302 (0x033adfb3) divu    t6, s5, s3
core   0: 0 0x80006302 (0x033adfb3) x31 0x00000000
core   0: 0x80006306 (0x000086ed) c.srai  a3, 27
core   0: 0 0x80006306 (0x86ed) x13 0x00000000
core   0: 0x80006308 (0x01f6b933) sltu    s2, a3, t6
core   0: 0 0x80006308 (0x01f6b933) x18 0x00000000
core   0: 0x8000630c (0x00f30533) add     a0, t1, a5
core   0: 0 0x8000630c (0x00f30533) x10 0x80025ce5
core   0: 0x80006310 (0x00008c15) c.sub   s0, a3
core   0: 0 0x80006310 (0x8c15) x8  0x00000000
core   0: 0x80006312 (0x41898ab3) sub     s5, s3, s8
core   0: 0 0x80006312 (0x41898ab3) x21 0x3da50853
core   0: 0x80006316 (0x411fd4b3) sra     s1, t6, a7
core   0: 0 0x80006316 (0x411fd4b3) x9  0x00000000
core   0: 0x8000631a (0x0000e889) c.bnez  s1, pc + 18
core   0: 0 0x8000631a (0xe889)
core   0: 0x8000631c (0x001bf363) bgeu    s7, ra, pc + 6
core   0: 0 0x8000631c (0x001bf363)
core   0: 0x80006322 (0x3015b413) sltiu   s0, a1, 769
core   0: 0 0x80006322 (0x3015b413) x8  0x00000000
core   0: 0x80006326 (0x0162f563) bgeu    t0, s6, pc + 10
core   0: 0 0x80006326 (0x0162f563)
core   0: 0x8000632a (0x0000c515) c.beqz  a0, pc + 44
core   0: 0 0x8000632a (0xc515)
core   0: 0x8000632c (0x02790a63) beq     s2, t2, pc + 52
core   0: 0 0x8000632c (0x02790a63)
core   0: 0x80006330 (0x02c7eb33) rem     s6, a5, a2
core   0: 0 0x80006330 (0x02c7eb33) x22 0xfffffffa
core   0: 0x80006334 (0x405ada93) srai    s5, s5, 5
core   0: 0 0x80006334 (0x405ada93) x21 0x01ed2842
core   0: 0x80006338 (0x03327633) remu    a2, tp, s3
core   0: 0 0x80006338 (0x03327633) x12 0x00000000
core   0: 0x8000633c (0x00000b76) c.slli  s6, 29
core   0: 0 0x8000633c (0x0b76) x22 0x40000000
core   0: 0x8000633e (0x00000001) c.nop
core   0: 0 0x8000633e (0x0001)
core   0: 0x80006340 (0x00b45eb3) srl     t4, s0, a1
core   0: 0 0x80006340 (0x00b45eb3) x29 0x00000000
core   0: 0x80006344 (0x038db2b3) mulhu   t0, s11, s8
core   0: 0 0x80006344 (0x038db2b3) x5  0x00000000
core   0: 0x80006348 (0x70143f13) sltiu   t5, s0, 1793
core   0: 0 0x80006348 (0x70143f13) x30 0x00000001
core   0: 0x8000634c (0x00486963) bltu    a6, tp, pc + 18
core   0: 0 0x8000634c (0x00486963)
core   0: 0x80006350 (0x0333aab3) mulhsu  s5, t2, s3
core   0: 0 0x80006350 (0x0333aab3) x21 0xc25af7ad
core   0: 0x80006354 (0x00000001) c.nop
core   0: 0 0x80006354 (0x0001)
core   0: 0x80006356 (0xea887293) andi    t0, a6, -344
core   0: 0 0x80006356 (0xea887293) x5  0x00000000
core   0: 0x8000635a (0x06280463) beq     a6, sp, pc + 104
core   0: 0 0x8000635a (0x06280463)
core   0: 0x8000635e (0x000004ee) c.slli  s1, 27
core   0: 0 0x8000635e (0x04ee) x9  0x00000000
core   0: 0x80006360 (0x40ed0cb3) sub     s9, s10, a4
core   0: 0 0x80006360 (0x40ed0cb3) x25 0xfffffffa
core   0: 0x80006364 (0x00008dc5) c.or    a1, s1
core   0: 0 0x80006364 (0x8dc5) x11 0x80025ce5
core   0: 0x80006366 (0x411dd313) srai    t1, s11, 17
core   0: 0 0x80006366 (0x411dd313) x6  0x00000000
core   0: 0x8000636a (0x000040ed) c.li    ra, 27
core   0: 0 0x8000636a (0x40ed) x1  0x0000001b
core   0: 0x8000636c (0x19f0a637) lui     a2, 0x19f0a
core   0: 0 0x8000636c (0x19f0a637) x12 0x19f0a000
core   0: 0x80006370 (0x0311d2b3) divu    t0, gp, a7
core   0: 0 0x80006370 (0x0311d2b3) x5  0xffffffff
core   0: 0x80006374 (0x4017d2b3) sra     t0, a5, ra
core   0: 0 0x80006374 (0x4017d2b3) x5  0xfffffff0
core   0: 0x80006378 (0x0e1cfb13) andi    s6, s9, 225
core   0: 0 0x80006378 (0x0e1cfb13) x22 0x000000e0
core   0: 0x8000637c (0x00002617) auipc   a2, 0x2
core   0: 0 0x8000637c (0x00002617) x12 0x8000837c
core   0: 0x80006380 (0x3de60613) addi    a2, a2, 990
core   0: 0 0x80006380 (0x3de60613) x12 0x8000875a
core   0: 0x80006384 (0x3d560613) addi    a2, a2, 981
core   0: 0 0x80006384 (0x3d560613) x12 0x80008b2f
core   0: 0x80006388 (0x00008c91) c.sub   s1, a2
core   0: 0 0x80006388 (0x8c91) x9  0x7fff74d1
core   0: 0x8000638a (0x01e5bc33) sltu    s8, a1, t5
core   0: 0 0x8000638a (0x01e5bc33) x24 0x00000000
core   0: 0x8000638e (0x0000100f) fence.i
core   0: 0 0x8000638e (0x0000100f)
core   0: 0x80006392 (0x01ec1463) bne     s8, t5, pc + 8
core   0: 0 0x80006392 (0x01ec1463)
core   0: 0x8000639a (0xc2c60ae7) jalr    s5, a2, -980
core   0: 0 0x8000639a (0xc2c60ae7) x21 0x8000639e
core   0: 0x8000875a (0x40550a33) sub     s4, a0, t0
core   0: 0 0x8000875a (0x40550a33) x20 0x80025cf5
core   0: 0x8000875e (0x016b1463) bne     s6, s6, pc + 8
core   0: 0 0x8000875e (0x016b1463)
core   0: 0x80008762 (0x8813a493) slti    s1, t2, -1919
core   0: 0 0x80008762 (0x8813a493) x9  0x00000001
core   0: 0x80008766 (0xfc8e0e13) addi    t3, t3, -56
core   0: 0 0x80008766 (0xfc8e0e13) x28 0x80021dfc
core   0: 0x8000876a (0x00000a0c) c.addi4spn a1, sp, 272
core   0: 0 0x8000876a (0x0a0c) x11 0x80021eaa
core   0: 0x8000876c (0x00008f8e) c.mv    t6, gp
core   0: 0 0x8000876c (0x8f8e) x31 0x7b4a10a6
core   0: 0x8000876e (0x015e2223) sw      s5, 4(t3)
core   0: 0 0x8000876e (0x015e2223) mem 0x80021e00 0x8000639e
core   0: 0x80008772 (0x7c2f5417) auipc   s0, 0x7c2f5
core   0: 0 0x80008772 (0x7c2f5417) x8  0xfc2fd772
core   0: 0x80008776 (0x00000197) auipc   gp, 0x0
core   0: 0 0x80008776 (0x00000197) x3  0x80008776
core   0: 0x8000877a (0x08618193) addi    gp, gp, 134
core   0: 0 0x8000877a (0x08618193) x3  0x800087fc
core   0: 0x8000877e (0x022b2ab3) mulhsu  s5, s6, sp
core   0: 0 0x8000877e (0x022b2ab3) x21 0x00000070
core   0: 0x80008782 (0x005e72b3) and     t0, t3, t0
core   0: 0 0x80008782 (0x005e72b3) x5  0x80021df0
core   0: 0x80008786 (0xf6318193) addi    gp, gp, -157
core   0: 0 0x80008786 (0xf6318193) x3  0x8000875f
core   0: 0x8000878a (0x00000001) c.nop
core   0: 0 0x8000878a (0x0001)
core   0: 0x8000878c (0xfade7213) andi    tp, t3, -83
core   0: 0 0x8000878c (0xfade7213) x4  0x80021dac
core   0: 0x80008790 (0x0071cbb3) xor     s7, gp, t2
core   0: 0 0x80008790 (0x0071cbb3) x23 0x0000875f
core   0: 0x80008794 (0x01fffc33) and     s8, t6, t6
core   0: 0 0x80008794 (0x01fffc33) x24 0x7b4a10a6
core   0: 0x80008798 (0x01568663) beq     a3, s5, pc + 12
core   0: 0 0x80008798 (0x01568663)
core   0: 0x8000879c (0x00494cb3) xor     s9, s2, tp
core   0: 0 0x8000879c (0x00494cb3) x25 0x80021dac
core   0: 0x800087a0 (0x0000100f) fence.i
core   0: 0 0x800087a0 (0x0000100f)
core   0: 0x800087a4 (0x09d18ae7) jalr    s5, gp, 157
core   0: 0 0x800087a4 (0x09d18ae7) x21 0x800087a8
core   0: 0x800087fc (0x02cdf733) remu    a4, s11, a2
core   0: 0 0x800087fc (0x02cdf733) x14 0x00000000
core   0: 0x80008800 (0x00aff263) bgeu    t6, a0, pc + 4
core   0: 0 0x80008800 (0x00aff263)
core   0: 0x80008804 (0xfc4e0e13) addi    t3, t3, -60
core   0: 0 0x80008804 (0xfc4e0e13) x28 0x80021dc0
core   0: 0x80008808 (0x00000001) c.nop
core   0: 0 0x80008808 (0x0001)
core   0: 0x8000880a (0xe3943913) sltiu   s2, s0, -455
core   0: 0 0x8000880a (0xe3943913) x18 0x00000001
core   0: 0x8000880e (0x40e55713) srai    a4, a0, 14
core   0: 0 0x8000880e (0x40e55713) x14 0xfffe0009
core   0: 0x80008812 (0x015e2223) sw      s5, 4(t3)
core   0: 0 0x80008812 (0x015e2223) mem 0x80021dc4 0x800087a8
core   0: 0x80008816 (0x00000749) c.addi  a4, 18
core   0: 0 0x80008816 (0x0749) x14 0xfffe001b
core   0: 0x80008818 (0x00001504) c.addi4spn s1, sp, 672
core   0: 0 0x80008818 (0x1504) x9  0x8002203a
core   0: 0x8000881a (0x00000346) c.slli  t1, 17
core   0: 0 0x8000881a (0x0346) x6  0x00000000
core   0: 0x8000881c (0x0000631d) c.lui   t1, 0x7
core   0: 0 0x8000881c (0x631d) x6  0x00007000
core   0: 0x8000881e (0x00000001) c.nop
core   0: 0 0x8000881e (0x0001)
core   0: 0x80008820 (0x00fddc33) srl     s8, s11, a5
core   0: 0 0x80008820 (0x00fddc33) x24 0x00000000
core   0: 0x80008824 (0x40ca5813) srai    a6, s4, 12
core   0: 0 0x80008824 (0x40ca5813) x16 0xfff80025
core   0: 0x80008828 (0x064f6d13) ori     s10, t5, 100
core   0: 0 0x80008828 (0x064f6d13) x26 0x00000065
core   0: 0x8000882c (0x00000dd2) c.slli  s11, 20
core   0: 0 0x8000882c (0x0dd2) x27 0x00000000
core   0: 0x8000882e (0x000bdd33) srl     s10, s7, zero
core   0: 0 0x8000882e (0x000bdd33) x26 0x0000875f
core   0: 0x80008832 (0x41ffdf33) sra     t5, t6, t6
core   0: 0 0x80008832 (0x41ffdf33) x30 0x01ed2842
core   0: 0x80008836 (0x0faefd93) andi    s11, t4, 250
core   0: 0 0x80008836 (0x0faefd93) x27 0x00000000
core   0: 0x8000883a (0x00008ab5) c.andi  a3, 13
core   0: 0 0x8000883a (0x8ab5) x13 0x00000000
core   0: 0x8000883c (0x021ff733) remu    a4, t6, ra
core   0: 0 0x8000883c (0x021ff733) x14 0x00000010
core   0: 0x80008840 (0x00006bd9) c.lui   s7, 0x16
core   0: 0 0x80008840 (0x6bd9) x23 0x00016000
core   0: 0x80008842 (0x4118d833) sra     a6, a7, a7
core   0: 0 0x80008842 (0x4118d833) x16 0x00000000
core   0: 0x80008846 (0x0000e419) c.bnez  s0, pc + 14
core   0: 0 0x80008846 (0xe419)
core   0: 0x80008854 (0x01a35c33) srl     s8, t1, s10
core   0: 0 0x80008854 (0x01a35c33) x24 0x00000000
core   0: 0x80008858 (0x41198c33) sub     s8, s3, a7
core   0: 0 0x80008858 (0x41198c33) x24 0x7b4a10a6
core   0: 0x8000885c (0x01df9533) sll     a0, t6, t4
core   0: 0 0x8000885c (0x01df9533) x10 0x7b4a10a6
core   0: 0x80008860 (0x02a12833) mulhsu  a6, sp, a0
core   0: 0 0x80008860 (0x02a12833) x16 0xc25bfc82
core   0: 0x80008864 (0x41f506b3) sub     a3, a0, t6
core   0: 0 0x80008864 (0x41f506b3) x13 0x00000000
core   0: 0x80008868 (0x000099fd) c.andi  a1, -1
core   0: 0 0x80008868 (0x99fd) x11 0x80021eaa
core   0: 0x8000886a (0x0000807d) c.srli  s0, 31
core   0: 0 0x8000886a (0x807d) x8  0x00000001
core   0: 0x8000886c (0x005b6463) bltu    s6, t0, pc + 8
core   0: 0 0x8000886c (0x005b6463)
core   0: 0x80008874 (0xaae935b7) lui     a1, 0xaae93
core   0: 0 0x80008874 (0xaae935b7) x11 0xaae93000
core   0: 0x80008878 (0x00008d85) c.sub   a1, s1
core   0: 0 0x80008878 (0x8d85) x11 0x2ae70fc6
core   0: 0x8000887a (0x011c3133) sltu    sp, s8, a7
core   0: 0 0x8000887a (0x011c3133) x2  0x00000000
core   0: 0x8000887e (0x00e97763) bgeu    s2, a4, pc + 14
core   0: 0 0x8000887e (0x00e97763)
core   0: 0x80008882 (0x0000013d) c.addi  sp, 15
core   0: 0 0x80008882 (0x013d) x2  0x0000000f
core   0: 0x80008884 (0x00008c41) c.or    s0, s0
core   0: 0 0x80008884 (0x8c41) x8  0x00000001
core   0: 0x80008886 (0x00006605) c.lui   a2, 0x1
core   0: 0 0x80008886 (0x6605) x12 0x00001000
core   0: 0x80008888 (0xf5914f13) xori    t5, sp, -167
core   0: 0 0x80008888 (0xf5914f13) x30 0xffffff56
core   0: 0x8000888c (0x00001ffd) c.addi  t6, -1
core   0: 0 0x8000888c (0x1ffd) x31 0x7b4a10a5
core   0: 0x8000888e (0x0000615d) c.addi16sp sp, 432
core   0: 0 0x8000888e (0x615d) x2  0x000001bf
core   0: 0x80008890 (0x403d0833) sub     a6, s10, gp
core   0: 0 0x80008890 (0x403d0833) x16 0x80000000
core   0: 0x80008894 (0x02df4733) div     a4, t5, a3
core   0: 0 0x80008894 (0x02df4733) x14 0xffffffff
core   0: 0x80008898 (0x860ae493) ori     s1, s5, -1952
core   0: 0 0x80008898 (0x860ae493) x9  0xffffffe8
core   0: 0x8000889c (0x030df363) bgeu    s11, a6, pc + 38
core   0: 0 0x8000889c (0x030df363)
core   0: 0x800088a0 (0x0071fc33) and     s8, gp, t2
core   0: 0 0x800088a0 (0x0071fc33) x24 0x80000000
core   0: 0x800088a4 (0x014ef733) and     a4, t4, s4
core   0: 0 0x800088a4 (0x014ef733) x14 0x00000000
core   0: 0x800088a8 (0x36958197) auipc   gp, 0x36958
core   0: 0 0x800088a8 (0x36958197) x3  0xb69608a8
core   0: 0x800088ac (0x4002d533) sra     a0, t0, zero
core   0: 0 0x800088ac (0x4002d533) x10 0x80021df0
core   0: 0x800088b0 (0x00f73133) sltu    sp, a4, a5
core   0: 0 0x800088b0 (0x00f73133) x2  0x00000001
core   0: 0x800088b4 (0x00008292) c.mv    t0, tp
core   0: 0 0x800088b4 (0x8292) x5  0x80021dac
core   0: 0x800088b6 (0x03cf3033) mulhu   zero, t5, t3
core   0: 0 0x800088b6 (0x03cf3033)
core   0: 0x800088ba (0x00008d51) c.or    a0, a2
core   0: 0 0x800088ba (0x8d51) x10 0x80021df0
core   0: 0x800088bc (0x00cdd433) srl     s0, s11, a2
core   0: 0 0x800088bc (0x00cdd433) x8  0x00000000
core   0: 0x800088c0 (0x00000bf5) c.addi  s7, 29
core   0: 0 0x800088c0 (0x0bf5) x23 0x0001601d
core   0: 0x800088c2 (0x03bfceb3) div     t4, t6, s11
core   0: 0 0x800088c2 (0x03bfceb3) x29 0xffffffff
core   0: 0x800088c6 (0x00886db3) or      s11, a6, s0
core   0: 0 0x800088c6 (0x00886db3) x27 0x80000000
core   0: 0x800088ca (0x00000296) c.slli  t0, 5
core   0: 0 0x800088ca (0x0296) x5  0x0043b580
core   0: 0x800088cc (0x00008e51) c.or    a2, a2
core   0: 0 0x800088cc (0x8e51) x12 0x00001000
core   0: 0x800088ce (0x0000100f) fence.i
core   0: 0 0x800088ce (0x0000100f)
core   0: 0x800088d2 (0xf712ca13) xori    s4, t0, -143
core   0: 0 0x800088d2 (0xf712ca13) x20 0xffbc4af1
core   0: 0x800088d6 (0x00008961) c.andi  a0, 24
core   0: 0 0x800088d6 (0x8961) x10 0x00000010
core   0: 0x800088d8 (0x00008c91) c.sub   s1, a2
core   0: 0 0x800088d8 (0x8c91) x9  0xffffefe8
core   0: 0x800088da (0x00006b85) c.lui   s7, 0x1
core   0: 0 0x800088da (0x6b85) x23 0x00001000
core   0: 0x800088dc (0x00a01813) slli    a6, zero, 10
core   0: 0 0x800088dc (0x00a01813) x16 0x00000000
core   0: 0x800088e0 (0x02f3e1b3) rem     gp, t2, a5
core   0: 0 0x800088e0 (0x02f3e1b3) x3  0xfffda31c
core   0: 0x800088e4 (0x00008d5a) c.mv    s10, s6
core   0: 0 0x800088e4 (0x8d5a) x26 0x000000e0
core   0: 0x800088e6 (0x00008166) c.mv    sp, s9
core   0: 0 0x800088e6 (0x8166) x2  0x80021dac
core   0: 0x800088e8 (0xf43d3b13) sltiu   s6, s10, -189
core   0: 0 0x800088e8 (0xf43d3b13) x22 0x00000001
core   0: 0x800088ec (0x030a4533) div     a0, s4, a6
core   0: 0 0x800088ec (0x030a4533) x10 0xffffffff
core   0: 0x800088f0 (0x02b9d133) divu    sp, s3, a1
core   0: 0 0x800088f0 (0x02b9d133) x2  0x00000002
core   0: 0x800088f4 (0x0ff0000f) fence   iorw,iorw
core   0: 0 0x800088f4 (0x0ff0000f)
core   0: 0x800088f8 (0x0000987d) c.andi  s0, -1
core   0: 0 0x800088f8 (0x987d) x8  0x00000000
core   0: 0x800088fa (0xd0848c13) addi    s8, s1, -760
core   0: 0 0x800088fa (0xd0848c13) x24 0xffffecf0
core   0: 0x800088fe (0x5cd94f13) xori    t5, s2, 1485
core   0: 0 0x800088fe (0x5cd94f13) x30 0x000005cc
core   0: 0x80008902 (0x410454b3) sra     s1, s0, a6
core   0: 0 0x80008902 (0x410454b3) x9  0x00000000
core   0: 0x80008906 (0x0004c833) xor     a6, s1, zero
core   0: 0 0x80008906 (0x0004c833) x16 0x00000000
core   0: 0x8000890a (0x26fe6313) ori     t1, t3, 623
core   0: 0 0x8000890a (0x26fe6313) x6  0x80021fef
core   0: 0x8000890e (0x004e2a83) lw      s5, 4(t3)
core   0: 0 0x8000890e (0x004e2a83) x21 0x800087a8 mem 0x80021dc4
core   0: 0x80008912 (0x2f4a4913) xori    s2, s4, 756
core   0: 0 0x80008912 (0x2f4a4913) x18 0xffbc4805
core   0: 0x80008916 (0x03ce0e13) addi    t3, t3, 60
core   0: 0 0x80008916 (0x03ce0e13) x28 0x80021dfc
core   0: 0x8000891a (0x00006ec1) c.lui   t4, 0x10
core   0: 0 0x8000891a (0x6ec1) x29 0x00010000
core   0: 0x8000891c (0xf64beb37) lui     s6, 0xf64be
core   0: 0 0x8000891c (0xf64beb37) x22 0xf64be000
core   0: 0x80008920 (0x00008b4d) c.andi  a4, 19
core   0: 0 0x80008920 (0x8b4d) x14 0x00000000
core   0: 0x80008922 (0x0000100f) fence.i
core   0: 0 0x80008922 (0x0000100f)
core   0: 0x80008926 (0x000a8c13) mv      s8, s5
core   0: 0 0x80008926 (0x000a8c13) x24 0x800087a8
core   0: 0x8000892a (0x00009c02) c.jalr  s8
core   0: 0 0x8000892a (0x9c02) x1  0x8000892c
core   0: 0x800087a8 (0x01725233) srl     tp, tp, s7
core   0: 0 0x800087a8 (0x01725233) x4  0x80021dac
core   0: 0x800087ac (0x0249ccb3) div     s9, s3, tp
core   0: 0 0x800087ac (0x0249ccb3) x25 0x00000000
core   0: 0x800087b0 (0x41ac8633) sub     a2, s9, s10
core   0: 0 0x800087b0 (0x41ac8633) x12 0xffffff20
core   0: 0x800087b4 (0x019480b3) add     ra, s1, s9
core   0: 0 0x800087b4 (0x019480b3) x1  0x00000000
core   0: 0x800087b8 (0x01791e63) bne     s2, s7, pc + 28
core   0: 0 0x800087b8 (0x01791e63)
core   0: 0x800087d4 (0x17182693) slti    a3, a6, 369
core   0: 0 0x800087d4 (0x17182693) x13 0x00000001
core   0: 0x800087d8 (0x018e2fb3) slt     t6, t3, s8
core   0: 0 0x800087d8 (0x018e2fb3) x31 0x00000000
core   0: 0x800087dc (0x4055d433) sra     s0, a1, t0
core   0: 0 0x800087dc (0x4055d433) x8  0x2ae70fc6
core   0: 0x800087e0 (0x0000834d) c.srli  a4, 19
core   0: 0 0x800087e0 (0x834d) x14 0x00000000
core   0: 0x800087e2 (0x004e2a83) lw      s5, 4(t3)
core   0: 0 0x800087e2 (0x004e2a83) x21 0x8000639e mem 0x80021e00
core   0: 0x800087e6 (0x00001cfd) c.addi  s9, -1
core   0: 0 0x800087e6 (0x1cfd) x25 0xffffffff
core   0: 0x800087e8 (0x01351713) slli    a4, a0, 19
core   0: 0 0x800087e8 (0x01351713) x14 0xfff80000
core   0: 0x800087ec (0x038e0e13) addi    t3, t3, 56
core   0: 0 0x800087ec (0x038e0e13) x28 0x80021e34
core   0: 0x800087f0 (0xf56d6193) ori     gp, s10, -170
core   0: 0 0x800087f0 (0xf56d6193) x3  0xfffffff6
core   0: 0x800087f4 (0x000a8693) mv      a3, s5
core   0: 0 0x800087f4 (0x000a8693) x13 0x8000639e
core   0: 0x800087f8 (0x000686e7) jalr    a3, a3, 0
core   0: 0 0x800087f8 (0x000686e7) x13 0x800087fc
core   0: 0x8000639e (0x030e9c33) mulh    s8, t4, a6
core   0: 0 0x8000639e (0x030e9c33) x24 0x00000000
core   0: 0x800063a2 (0x019ab433) sltu    s0, s5, s9
core   0: 0 0x800063a2 (0x019ab433) x8  0x00000001
core   0: 0x800063a6 (0x4026d6b3) sra     a3, a3, sp
core   0: 0 0x800063a6 (0x4026d6b3) x13 0xe00021ff
core   0: 0x800063aa (0x00001690) c.addi4spn a2, sp, 864
core   0: 0 0x800063aa (0x1690) x12 0x00000362
core   0: 0x800063ac (0x00f2d313) srli    t1, t0, 15
core   0: 0 0x800063ac (0x00f2d313) x6  0x00000087
core   0: 0x800063b0 (0x00605c93) srli    s9, zero, 6
core   0: 0 0x800063b0 (0x00605c93) x25 0x00000000
core   0: 0x800063b4 (0x0e9fad13) slti    s10, t6, 233
core   0: 0 0x800063b4 (0x0e9fad13) x26 0x00000001
core   0: 0x800063b8 (0x0139cc33) xor     s8, s3, s3
core   0: 0 0x800063b8 (0x0139cc33) x24 0x00000000
core   0: 0x800063bc (0x000300b3) add     ra, t1, zero
core   0: 0 0x800063bc (0x000300b3) x1  0x00000087
core   0: 0x800063c0 (0x000056fd) c.li    a3, -1
core   0: 0 0x800063c0 (0x56fd) x13 0xffffffff
core   0: 0x800063c2 (0x00efa933) slt     s2, t6, a4
core   0: 0 0x800063c2 (0x00efa933) x18 0x00000000
core   0: 0x800063c6 (0x00aa8933) add     s2, s5, a0
core   0: 0 0x800063c6 (0x00aa8933) x18 0x8000639d
core   0: 0x800063ca (0x03d96933) rem     s2, s2, t4
core   0: 0 0x800063ca (0x03d96933) x18 0xffff639d
core   0: 0x800063ce (0x01a7cfb3) xor     t6, a5, s10
core   0: 0 0x800063ce (0x01a7cfb3) x31 0x80025ce5
core   0: 0x800063d2 (0x013ff863) bgeu    t6, s3, pc + 16
core   0: 0 0x800063d2 (0x013ff863)
core   0: 0x800063e2 (0x02c0afb3) mulhsu  t6, ra, a2
core   0: 0 0x800063e2 (0x02c0afb3) x31 0x00000000
core   0: 0x800063e6 (0x034d4033) div     zero, s10, s4
core   0: 0 0x800063e6 (0x034d4033)
core   0: 0x800063ea (0x009d2db3) slt     s11, s10, s1
core   0: 0 0x800063ea (0x009d2db3) x27 0x00000000
core   0: 0x800063ee (0x0ff0000f) fence   iorw,iorw
core   0: 0 0x800063ee (0x0ff0000f)
core   0: 0x800063f2 (0x01dca633) slt     a2, s9, t4
core   0: 0 0x800063f2 (0x01dca633) x12 0x00000001
core   0: 0x800063f6 (0x0ff0000f) fence   iorw,iorw
core   0: 0 0x800063f6 (0x0ff0000f)
core   0: 0x800063fa (0x03aff633) remu    a2, t6, s10
core   0: 0 0x800063fa (0x03aff633) x12 0x00000000
core   0: 0x800063fe (0x40530c33) sub     s8, t1, t0
core   0: 0 0x800063fe (0x40530c33) x24 0xffbc4b07
core   0: 0x80006402 (0x00495c33) srl     s8, s2, tp
core   0: 0 0x80006402 (0x00495c33) x24 0x000ffff6
core   0: 0x80006406 (0x00008589) c.srai  a1, 2
core   0: 0 0x80006406 (0x8589) x11 0x0ab9c3f1
core   0: 0x80006408 (0x00009c7a) c.add   s8, t5
core   0: 0 0x80006408 (0x9c7a) x24 0x001005c2
core   0: 0x8000640a (0x014d30b3) sltu    ra, s10, s4
core   0: 0 0x8000640a (0x014d30b3) x1  0x00000001
core   0: 0x8000640e (0x00001efd) c.addi  t4, -1
core   0: 0 0x8000640e (0x1efd) x29 0x0000ffff
core   0: 0x80006410 (0x00000001) c.nop
core   0: 0 0x80006410 (0x0001)
core   0: 0x80006412 (0x02a1ab33) mulhsu  s6, gp, a0
core   0: 0 0x80006412 (0x02a1ab33) x22 0xfffffff6
core   0: 0x80006416 (0x017b74b3) and     s1, s6, s7
core   0: 0 0x80006416 (0x017b74b3) x9  0x00001000
core   0: 0x8000641a (0x40e8d713) srai    a4, a7, 14
core   0: 0 0x8000641a (0x40e8d713) x14 0x00000000
core   0: 0x8000641e (0x020fd2b3) divu    t0, t6, zero
core   0: 0 0x8000641e (0x020fd2b3) x5  0xffffffff
core   0: 0x80006422 (0x00008cc1) c.or    s1, s0
core   0: 0 0x80006422 (0x8cc1) x9  0x00001001
core   0: 0x80006424 (0x02340cb3) mul     s9, s0, gp
core   0: 0 0x80006424 (0x02340cb3) x25 0xfffffff6
core   0: 0x80006428 (0x02a18663) beq     gp, a0, pc + 44
core   0: 0 0x80006428 (0x02a18663)
core   0: 0x8000642c (0x0000035a) c.slli  t1, 22
core   0: 0 0x8000642c (0x035a) x6  0x21c00000
core   0: 0x8000642e (0x00008df1) c.and   a1, a2
core   0: 0 0x8000642e (0x8df1) x11 0x00000000
core   0: 0x80006430 (0x40e589b3) sub     s3, a1, a4
core   0: 0 0x80006430 (0x40e589b3) x19 0x00000000
core   0: 0x80006434 (0x01228f33) add     t5, t0, s2
core   0: 0 0x80006434 (0x01228f33) x30 0xffff639c
core   0: 0x80006438 (0x414751b3) sra     gp, a4, s4
core   0: 0 0x80006438 (0x414751b3) x3  0x00000000
core   0: 0x8000643c (0x03738363) beq     t2, s7, pc + 38
core   0: 0 0x8000643c (0x03738363)
core   0: 0x80006440 (0x000060c5) c.lui   ra, 0x11
core   0: 0 0x80006440 (0x60c5) x1  0x00011000
core   0: 0x80006442 (0x00000001) c.nop
core   0: 0 0x80006442 (0x0001)
core   0: 0x80006444 (0x00006bf9) c.lui   s7, 0x1e
core   0: 0 0x80006444 (0x6bf9) x23 0x0001e000
core   0: 0x80006446 (0x00004249) c.li    tp, 18
core   0: 0 0x80006446 (0x4249) x4  0x00000012
core   0: 0x80006448 (0x0000100f) fence.i
core   0: 0 0x80006448 (0x0000100f)
core   0: 0x8000644c (0x03c1cc63) blt     gp, t3, pc + 56
core   0: 0 0x8000644c (0x03c1cc63)
core   0: 0x80006450 (0x039aa2b3) mulhsu  t0, s5, s9
core   0: 0 0x80006450 (0x039aa2b3) x5  0x800063a2
core   0: 0x80006454 (0x00008d9d) c.sub   a1, a5
core   0: 0 0x80006454 (0x8d9d) x11 0x7ffda31c
core   0: 0x80006456 (0xd0c90313) addi    t1, s2, -756
core   0: 0 0x80006456 (0xd0c90313) x6  0xffff60a9
core   0: 0x8000645a (0x000099fd) c.andi  a1, -1
core   0: 0 0x8000645a (0x99fd) x11 0x7ffda31c
core   0: 0x8000645c (0x00001880) c.addi4spn s0, sp, 112
core   0: 0 0x8000645c (0x1880) x8  0x00000072
core   0: 0x8000645e (0x00008ed5) c.or    a3, a3
core   0: 0 0x8000645e (0x8ed5) x13 0xffffffff
core   0: 0x80006460 (0x000062a5) c.lui   t0, 0x9
core   0: 0 0x80006460 (0x62a5) x5  0x00009000
core   0: 0x80006462 (0x02b26ab3) rem     s5, tp, a1
core   0: 0 0x80006462 (0x02b26ab3) x21 0x00000012
core   0: 0x80006466 (0x027febb3) rem     s7, t6, t2
core   0: 0 0x80006466 (0x027febb3) x23 0x00000000
core   0: 0x8000646a (0x00008c19) c.sub   s0, a4
core   0: 0 0x8000646a (0x8c19) x8  0x00000072
core   0: 0x8000646c (0xfae1f993) andi    s3, gp, -82
core   0: 0 0x8000646c (0xfae1f993) x19 0x00000000
core   0: 0x80006470 (0x00d69b13) slli    s6, a3, 13
core   0: 0 0x80006470 (0x00d69b13) x22 0xffffe000
core   0: 0x80006474 (0x00008d25) c.xor   a0, s1
core   0: 0 0x80006474 (0x8d25) x10 0xffffeffe
core   0: 0x80006476 (0x000098a2) c.add   a7, s0
core   0: 0 0x80006476 (0x98a2) x17 0x00000072
core   0: 0x80006478 (0x034a16b3) mulh    a3, s4, s4
core   0: 0 0x80006478 (0x034a16b3) x13 0x000011e8
core   0: 0x8000647c (0x0000cf09) c.beqz  a4, pc + 26
core   0: 0 0x8000647c (0xcf09)
core   0: 0x80006496 (0x00008525) c.srai  a0, 9
core   0: 0 0x80006496 (0x8525) x10 0xfffffff7
core   0: 0x80006498 (0x69a46e93) ori     t4, s0, 1690
core   0: 0 0x80006498 (0x69a46e93) x29 0x000006fa
core   0: 0x8000649c (0x33e32413) slti    s0, t1, 830
core   0: 0 0x8000649c (0x33e32413) x8  0x00000001
core   0: 0x800064a0 (0x03b8f8b3) remu    a7, a7, s11
core   0: 0 0x800064a0 (0x03b8f8b3) x17 0x00000072
core   0: 0x800064a4 (0x016ac033) xor     zero, s5, s6
core   0: 0 0x800064a4 (0x016ac033)
core   0: 0x800064a8 (0x761d0f13) addi    t5, s10, 1889
core   0: 0 0x800064a8 (0x761d0f13) x30 0x00000762
core   0: 0x800064ac (0x9cd14093) xori    ra, sp, -1587
core   0: 0 0x800064ac (0x9cd14093) x1  0xfffff9cf
core   0: 0x800064b0 (0x00008d8d) c.sub   a1, a1
core   0: 0 0x800064b0 (0x8d8d) x11 0x00000000
core   0: 0x800064b2 (0x00979913) slli    s2, a5, 9
core   0: 0 0x800064b2 (0x00979913) x18 0x04b9c800
core   0: 0x800064b6 (0x012e8463) beq     t4, s2, pc + 8
core   0: 0 0x800064b6 (0x012e8463)
core   0: 0x800064ba (0x01719e63) bne     gp, s7, pc + 28
core   0: 0 0x800064ba (0x01719e63)
core   0: 0x800064be (0x00008c45) c.or    s0, s1
core   0: 0 0x800064be (0x8c45) x8  0x00001001
core   0: 0x800064c0 (0x03155eb3) divu    t4, a0, a7
core   0: 0 0x800064c0 (0x03155eb3) x29 0x023ee08f
core   0: 0x800064c4 (0x145a7f97) auipc   t6, 0x145a7
core   0: 0 0x800064c4 (0x145a7f97) x31 0x945ad4c4
core   0: 0x800064c8 (0x0000018c) c.addi4spn a1, sp, 192
core   0: 0 0x800064c8 (0x018c) x11 0x000000c2
core   0: 0x800064ca (0x031c5733) divu    a4, s8, a7
core   0: 0 0x800064ca (0x031c5733) x14 0x000023fa
core   0: 0x800064ce (0x01e17433) and     s0, sp, t5
core   0: 0 0x800064ce (0x01e17433) x8  0x00000002
core   0: 0x800064d2 (0x031f6db3) rem     s11, t5, a7
core   0: 0 0x800064d2 (0x031f6db3) x27 0x00000042
core   0: 0x800064d6 (0x029921b3) mulhsu  gp, s2, s1
core   0: 0 0x800064d6 (0x029921b3) x3  0x0000004b
core   0: 0x800064da (0x000088e9) c.andi  s1, 26
core   0: 0 0x800064da (0x88e9) x9  0x00000000
core   0: 0x800064dc (0x0000997d) c.andi  a0, -1
core   0: 0 0x800064dc (0x997d) x10 0xfffffff7
core   0: 0x800064de (0x00c26c33) or      s8, tp, a2
core   0: 0 0x800064de (0x00c26c33) x24 0x00000012
core   0: 0x800064e2 (0x02858bb3) mul     s7, a1, s0
core   0: 0 0x800064e2 (0x02858bb3) x23 0x00000184
core   0: 0x800064e6 (0x01cafb33) and     s6, s5, t3
core   0: 0 0x800064e6 (0x01cafb33) x22 0x00000010
core   0: 0x800064ea (0x00000001) c.nop
core   0: 0 0x800064ea (0x0001)
core   0: 0x800064ec (0x00008d95) c.sub   a1, a3
core   0: 0 0x800064ec (0x8d95) x11 0xffffeeda
core   0: 0x800064ee (0x00008c65) c.and   s0, s1
core   0: 0 0x800064ee (0x8c65) x8  0x00000000
core   0: 0x800064f0 (0x01fb7863) bgeu    s6, t6, pc + 16
core   0: 0 0x800064f0 (0x01fb7863)
core   0: 0x800064f4 (0x026358b3) divu    a7, t1, t1
core   0: 0 0x800064f4 (0x026358b3) x17 0x00000001
core   0: 0x800064f8 (0x01eb16b3) sll     a3, s6, t5
core   0: 0 0x800064f8 (0x01eb16b3) x13 0x00000040
core   0: 0x800064fc (0x02ae8533) mul     a0, t4, a0
core   0: 0 0x800064fc (0x02ae8533) x10 0xebca1af9
core   0: 0x80006500 (0x00008c6d) c.and   s0, a1
core   0: 0 0x80006500 (0x8c6d) x8  0x00000000
core   0: 0x80006502 (0x01d3d993) srli    s3, t2, 29
core   0: 0 0x80006502 (0x01d3d993) x19 0x00000004
core   0: 0x80006506 (0xef820113) addi    sp, tp, -264
core   0: 0 0x80006506 (0xef820113) x2  0xffffff0a
core   0: 0x8000650a (0xbc1aaeb7) lui     t4, 0xbc1aa
core   0: 0 0x8000650a (0xbc1aaeb7) x29 0xbc1aa000
core   0: 0x8000650e (0x000094be) c.add   s1, a5
core   0: 0 0x8000650e (0x94be) x9  0x80025ce4
core   0: 0x80006510 (0x09194013) xori    zero, s2, 145
core   0: 0 0x80006510 (0x09194013)
core   0: 0x80006514 (0x00008c19) c.sub   s0, a4
core   0: 0 0x80006514 (0x8c19) x8  0xffffdc06
core   0: 0x80006516 (0x01066463) bltu    a2, a6, pc + 8
core   0: 0 0x80006516 (0x01066463)
core   0: 0x8000651a (0x000089f1) c.andi  a1, 28
core   0: 0 0x8000651a (0x89f1) x11 0x00000018
core   0: 0x8000651c (0x00008e81) c.sub   a3, s0
core   0: 0 0x8000651c (0x8e81) x13 0x0000243a
core   0: 0x8000651e (0x00009a72) c.add   s4, t3
core   0: 0 0x8000651e (0x9a72) x20 0x7fbe6925
core   0: 0x80006520 (0x000019fd) c.addi  s3, -1
core   0: 0 0x80006520 (0x19fd) x19 0x00000003
core   0: 0x80006522 (0x0ff0000f) fence   iorw,iorw
core   0: 0 0x80006522 (0x0ff0000f)
core   0: 0x80006526 (0x001409b3) add     s3, s0, ra
core   0: 0 0x80006526 (0x001409b3) x19 0xffffd5d5
core   0: 0x8000652a (0x03d79db3) mulh    s11, a5, t4
core   0: 0 0x8000652a (0x03d79db3) x27 0x21f20f92
core   0: 0x8000652e (0x002e69b3) or      s3, t3, sp
core   0: 0 0x8000652e (0x002e69b3) x19 0xffffff3e
core   0: 0x80006532 (0x02c5e1b3) rem     gp, a1, a2
core   0: 0 0x80006532 (0x02c5e1b3) x3  0x00000018
core   0: 0x80006536 (0x00000001) c.nop
core   0: 0 0x80006536 (0x0001)
core   0: 0x80006538 (0x00008f39) c.xor   a4, a4
core   0: 0 0x80006538 (0x8f39) x14 0x00000000
core   0: 0x8000653a (0x000098fd) c.andi  s1, -1
core   0: 0 0x8000653a (0x98fd) x9  0x80025ce4
core   0: 0x8000653c (0x006b8eb3) add     t4, s7, t1
core   0: 0 0x8000653c (0x006b8eb3) x29 0xffff622d
core   0: 0x80006540 (0x00000001) c.nop
core   0: 0 0x80006540 (0x0001)
core   0: 0x80006542 (0x0000e801) c.bnez  s0, pc + 16
core   0: 0 0x80006542 (0xe801)
core   0: 0x80006552 (0x01bb20b3) slt     ra, s6, s11
core   0: 0 0x80006552 (0x01bb20b3) x1  0x00000001
core   0: 0x80006556 (0x00000001) c.nop
core   0: 0 0x80006556 (0x0001)
core   0: 0x80006558 (0x0163dc33) srl     s8, t2, s6
core   0: 0 0x80006558 (0x0163dc33) x24 0x00008000
core   0: 0x8000655c (0x00000001) c.nop
core   0: 0 0x8000655c (0x0001)
core   0: 0x8000655e (0x0000717d) c.addi16sp sp, -16
core   0: 0 0x8000655e (0x717d) x2  0xfffffefa
core   0: 0x80006560 (0x003a9233) sll     tp, s5, gp
core   0: 0 0x80006560 (0x003a9233) x4  0x12000000
core   0: 0x80006564 (0x01b95913) srli    s2, s2, 27
core   0: 0 0x80006564 (0x01b95913) x18 0x00000000
core   0: 0x80006568 (0x00008756) c.mv    a4, s5
core   0: 0 0x80006568 (0x8756) x14 0x00000012
core   0: 0x8000656a (0x00008dc1) c.or    a1, s0
core   0: 0 0x8000656a (0x8dc1) x11 0xffffdc1e
core   0: 0x8000656c (0x00006571) c.lui   a0, 0x1c
core   0: 0 0x8000656c (0x6571) x10 0x0001c000
core   0: 0x8000656e (0x00000001) c.nop
core   0: 0 0x8000656e (0x0001)
core   0: 0x80006570 (0x03bb6663) bltu    s6, s11, pc + 44
core   0: 0 0x80006570 (0x03bb6663)
core   0: 0x8000659c (0x0332aab3) mulhsu  s5, t0, s3
core   0: 0 0x8000659c (0x0332aab3) x21 0x00008fff
core   0: 0x800065a0 (0x00009166) c.add   sp, s9
core   0: 0 0x800065a0 (0x9166) x2  0xfffffef0
core   0: 0x800065a2 (0x00008005) c.srli  s0, 1
core   0: 0 0x800065a2 (0x8005) x8  0x7fffee03
core   0: 0x800065a4 (0x0011e433) or      s0, gp, ra
core   0: 0 0x800065a4 (0x0011e433) x8  0x00000019
core   0: 0x800065a8 (0x002b0663) beq     s6, sp, pc + 12
core   0: 0 0x800065a8 (0x002b0663)
core   0: 0x800065ac (0x03387833) remu    a6, a6, s3
core   0: 0 0x800065ac (0x03387833) x16 0x00000000
core   0: 0x800065b0 (0x403b8eb3) sub     t4, s7, gp
core   0: 0 0x800065b0 (0x403b8eb3) x29 0x0000016c
core   0: 0x800065b4 (0x02210063) beq     sp, sp, pc + 32
core   0: 0 0x800065b4 (0x02210063)
core   0: 0x800065d4 (0x010a1a63) bne     s4, a6, pc + 20
core   0: 0 0x800065d4 (0x010a1a63)
core   0: 0x800065e8 (0x0000100f) fence.i
core   0: 0 0x800065e8 (0x0000100f)
core   0: 0x800065ec (0x00008d39) c.xor   a0, a4
core   0: 0 0x800065ec (0x8d39) x10 0x0001c012
core   0: 0x800065ee (0x00000b51) c.addi  s6, 20
core   0: 0 0x800065ee (0x0b51) x22 0x00000024
core   0: 0x800065f0 (0x00000a92) c.slli  s5, 4
core   0: 0 0x800065f0 (0x0a92) x21 0x0008fff0
core   0: 0x800065f2 (0x00004281) c.li    t0, 0
core   0: 0 0x800065f2 (0x4281) x5  0x00000000
core   0: 0x800065f4 (0x40605f33) sra     t5, zero, t1
core   0: 0 0x800065f4 (0x40605f33) x30 0x00000000
core   0: 0x800065f8 (0x0000cb01) c.beqz  a4, pc + 16
core   0: 0 0x800065f8 (0xcb01)
core   0: 0x800065fa (0x023129b3) mulhsu  s3, sp, gp
core   0: 0 0x800065fa (0x023129b3) x19 0xffffffff
core   0: 0x800065fe (0x00000001) c.nop
core   0: 0 0x800065fe (0x0001)
core   0: 0x80006600 (0xdeddcb97) auipc   s7, 0xdeddc
core   0: 0 0x80006600 (0xdeddcb97) x23 0x5ede2600
core   0: 0x80006604 (0x00432433) slt     s0, t1, tp
core   0: 0 0x80006604 (0x00432433) x8  0x00000001
core   0: 0x80006608 (0x1b4c4217) auipc   tp, 0x1b4c4
core   0: 0 0x80006608 (0x1b4c4217) x4  0x9b4ca608
core   0: 0x8000660c (0x010e5a33) srl     s4, t3, a6
core   0: 0 0x8000660c (0x010e5a33) x20 0x80021e34
core   0: 0x80006610 (0x41798233) sub     tp, s3, s7
core   0: 0 0x80006610 (0x41798233) x4  0xa121d9ff
core   0: 0x80006614 (0x03197a63) bgeu    s2, a7, pc + 52
core   0: 0 0x80006614 (0x03197a63)
core   0: 0x80006618 (0x02b21433) mulh    s0, tp, a1
core   0: 0 0x80006618 (0x02b21433) x8  0x00000d4c
core   0: 0x8000661c (0x035fda33) divu    s4, t6, s5
core   0: 0 0x8000661c (0x035fda33) x20 0x0000107b
core   0: 0x80006620 (0x02eb5d33) divu    s10, s6, a4
core   0: 0 0x80006620 (0x02eb5d33) x26 0x00000002
core   0: 0x80006624 (0x73367113) andi    sp, a2, 1843
core   0: 0 0x80006624 (0x73367113) x2  0x00000000
core   0: 0x80006628 (0x0080f663) bgeu    ra, s0, pc + 12
core   0: 0 0x80006628 (0x0080f663)
core   0: 0x8000662c (0x001c6a63) bltu    s8, ra, pc + 20
core   0: 0 0x8000662c (0x001c6a63)
core   0: 0x80006630 (0x00008b55) c.andi  a4, 21
core   0: 0 0x80006630 (0x8b55) x14 0x00000010
core   0: 0x80006632 (0x00005ffd) c.li    t6, -1
core   0: 0 0x80006632 (0x5ffd) x31 0xffffffff
core   0: 0x80006634 (0x31588437) lui     s0, 0x31588
core   0: 0 0x80006634 (0x31588437) x8  0x31588000
core   0: 0x80006638 (0x0038e5b3) or      a1, a7, gp
core   0: 0 0x80006638 (0x0038e5b3) x11 0x00000019
core   0: 0x8000663c (0x01f57463) bgeu    a0, t6, pc + 8
core   0: 0 0x8000663c (0x01f57463)
core   0: 0x80006640 (0x0000100f) fence.i
core   0: 0 0x80006640 (0x0000100f)
core   0: 0x80006644 (0xf690b593) sltiu   a1, ra, -151
core   0: 0 0x80006644 (0xf690b593) x11 0x00000001
core   0: 0x80006648 (0x0184da33) srl     s4, s1, s8
core   0: 0 0x80006648 (0x0184da33) x20 0x80025ce4
core   0: 0x8000664c (0x02599c33) mulh    s8, s3, t0
core   0: 0 0x8000664c (0x02599c33) x24 0x00000000
core   0: 0x80006650 (0x0252ff93) andi    t6, t0, 37
core   0: 0 0x80006650 (0x0252ff93) x31 0x00000000
core   0: 0x80006654 (0x02498eb3) mul     t4, s3, tp
core   0: 0 0x80006654 (0x02498eb3) x29 0x5ede2601
core   0: 0x80006658 (0x01ce8d33) add     s10, t4, t3
core   0: 0 0x80006658 (0x01ce8d33) x26 0xdee04435
core   0: 0x8000665c (0xc5f0b913) sltiu   s2, ra, -929
core   0: 0 0x8000665c (0xc5f0b913) x18 0x00000001
core   0: 0x80006660 (0x0045e533) or      a0, a1, tp
core   0: 0 0x80006660 (0x0045e533) x10 0xa121d9ff
core   0: 0x80006664 (0x02fa92b3) mulh    t0, s5, a5
core   0: 0 0x80006664 (0x02fa92b3) x5  0xfffb801d
core   0: 0x80006668 (0x00009afd) c.andi  a3, -1
core   0: 0 0x80006668 (0x9afd) x13 0x0000243a
core   0: 0x8000666a (0x00211263) bne     sp, sp, pc + 4
core   0: 0 0x8000666a (0x00211263)
core   0: 0x8000666e (0x41b8d013) srai    zero, a7, 27
core   0: 0 0x8000666e (0x41b8d013)
core   0: 0x80006672 (0x06df8a13) addi    s4, t6, 109
core   0: 0 0x80006672 (0x06df8a13) x20 0x0000006d
core   0: 0x80006676 (0x03eef233) remu    tp, t4, t5
core   0: 0 0x80006676 (0x03eef233) x4  0x5ede2601
core   0: 0x8000667a (0x00008531) c.srai  a0, 12
core   0: 0 0x8000667a (0x8531) x10 0xfffa121d
core   0: 0x8000667c (0x00008f79) c.and   a4, a4
core   0: 0 0x8000667c (0x8f79) x14 0x00000010
core   0: 0x8000667e (0x00004b11) c.li    s6, 4
core   0: 0 0x8000667e (0x4b11) x22 0x00000004
core   0: 0x80006680 (0x03e0acb3) mulhsu  s9, ra, t5
core   0: 0 0x80006680 (0x03e0acb3) x25 0x00000000
core   0: 0x80006684 (0x1c377313) andi    t1, a4, 451
core   0: 0 0x80006684 (0x1c377313) x6  0x00000000
core   0: 0x80006688 (0x4124df13) srai    t5, s1, 18
core   0: 0 0x80006688 (0x4124df13) x30 0xffffe000
core   0: 0x8000668c (0x03516763) bltu    sp, s5, pc + 46
core   0: 0 0x8000668c (0x03516763)
core   0: 0x800066ba (0x01cbda13) srli    s4, s7, 28
core   0: 0 0x800066ba (0x01cbda13) x20 0x00000005
core   0: 0x800066be (0x01ba6cb3) or      s9, s4, s11
core   0: 0 0x800066be (0x01ba6cb3) x25 0x21f20f97
core   0: 0x800066c2 (0x57564413) xori    s0, a2, 1397
core   0: 0 0x800066c2 (0x57564413) x8  0x00000575
core   0: 0x800066c6 (0x00008735) c.srai  a4, 13
core   0: 0 0x800066c6 (0x8735) x14 0x00000000
core   0: 0x800066c8 (0x00a2d2b3) srl     t0, t0, a0
core   0: 0 0x800066c8 (0x00a2d2b3) x5  0x00000007
core   0: 0x800066cc (0x0000717d) c.addi16sp sp, -16
core   0: 0 0x800066cc (0x717d) x2  0xfffffff0
core   0: 0x800066ce (0x00006ed9) c.lui   t4, 0x16
core   0: 0 0x800066ce (0x6ed9) x29 0x00016000
core   0: 0x800066d0 (0x037870b3) remu    ra, a6, s7
core   0: 0 0x800066d0 (0x037870b3) x1  0x00000000
core   0: 0x800066d4 (0xe3943693) sltiu   a3, s0, -455
core   0: 0 0x800066d4 (0xe3943693) x13 0x00000001
core   0: 0x800066d8 (0x0000100f) fence.i
core   0: 0 0x800066d8 (0x0000100f)
core   0: 0x800066dc (0x018980b3) add     ra, s3, s8
core   0: 0 0x800066dc (0x018980b3) x1  0xffffffff
core   0: 0x800066e0 (0x000001d1) c.addi  gp, 20
core   0: 0 0x800066e0 (0x01d1) x3  0x0000002c
core   0: 0x800066e2 (0x0000717d) c.addi16sp sp, -16
core   0: 0 0x800066e2 (0x717d) x2  0xffffffe0
core   0: 0x800066e4 (0x0000e99d) c.bnez  a1, pc + 54
core   0: 0 0x800066e4 (0xe99d)
core   0: 0x8000671a (0x020c1963) bnez    s8, pc + 50
core   0: 0 0x8000671a (0x020c1963)
core   0: 0x8000671e (0x01dcf833) and     a6, s9, t4
core   0: 0 0x8000671e (0x01dcf833) x16 0x00000000
core   0: 0x80006722 (0x02d30b63) beq     t1, a3, pc + 54
core   0: 0 0x80006722 (0x02d30b63)
core   0: 0x80006726 (0x00000f10) c.addi4spn a2, sp, 912
core   0: 0 0x80006726 (0x0f10) x12 0x00000370
core   0: 0x80006728 (0x004d40b3) xor     ra, s10, tp
core   0: 0 0x80006728 (0x004d40b3) x1  0x803e6234
core   0: 0x8000672c (0x00008cd9) c.or    s1, a4
core   0: 0 0x8000672c (0x8cd9) x9  0x80025ce4
core   0: 0x8000672e (0x01195863) bge     s2, a7, pc + 16
core   0: 0 0x8000672e (0x01195863)
core   0: 0x8000673e (0x01df1863) bne     t5, t4, pc + 16
core   0: 0 0x8000673e (0x01df1863)
core   0: 0x8000674e (0x031f3d33) mulhu   s10, t5, a7
core   0: 0 0x8000674e (0x031f3d33) x26 0x00000000
core   0: 0x80006752 (0x418ad0b3) sra     ra, s5, s8
core   0: 0 0x80006752 (0x418ad0b3) x1  0x0008fff0
core   0: 0x80006756 (0x00006171) c.addi16sp sp, 336
core   0: 0 0x80006756 (0x6171) x2  0x00000130
core   0: 0x80006758 (0x0000100f) fence.i
core   0: 0 0x80006758 (0x0000100f)
core   0: 0x8000675c (0x00b1dfb3) srl     t6, gp, a1
core   0: 0 0x8000675c (0x00b1dfb3) x31 0x00000016
core   0: 0x80006760 (0x0000100f) fence.i
core   0: 0 0x80006760 (0x0000100f)
core   0: 0x80006764 (0x40430633) sub     a2, t1, tp
core   0: 0 0x80006764 (0x40430633) x12 0xa121d9ff
core   0: 0x80006768 (0x02e83eb3) mulhu   t4, a6, a4
core   0: 0 0x80006768 (0x02e83eb3) x29 0x00000000
core   0: 0x8000676c (0x41495cb3) sra     s9, s2, s4
core   0: 0 0x8000676c (0x41495cb3) x25 0x00000000
core   0: 0x80006770 (0x0000c91d) c.beqz  a0, pc + 54
core   0: 0 0x80006770 (0xc91d)
core   0: 0x80006772 (0xc8994913) xori    s2, s2, -887
core   0: 0 0x80006772 (0xc8994913) x18 0xfffffc88
core   0: 0x80006776 (0xeecbff13) andi    t5, s7, -276
core   0: 0 0x80006776 (0xeecbff13) x30 0x5ede2600
core   0: 0x8000677a (0x03d30d33) mul     s10, t1, t4
core   0: 0 0x8000677a (0x03d30d33) x26 0x00000000
core   0: 0x8000677e (0x007e5733) srl     a4, t3, t2
core   0: 0 0x8000677e (0x007e5733) x14 0x80021e34
core   0: 0x80006782 (0x94fce917) auipc   s2, 0x94fce
core   0: 0 0x80006782 (0x94fce917) x18 0x14fd4782
core   0: 0x80006786 (0x00569c33) sll     s8, a3, t0
core   0: 0 0x80006786 (0x00569c33) x24 0x00000080
core   0: 0x8000678a (0x02a6d5b3) divu    a1, a3, a0
core   0: 0 0x8000678a (0x02a6d5b3) x11 0x00000000
core   0: 0x8000678e (0x000001c1) c.addi  gp, 16
core   0: 0 0x8000678e (0x01c1) x3  0x0000003c
core   0: 0x80006790 (0x03f49033) mulh    zero, s1, t6
core   0: 0 0x80006790 (0x03f49033)
core   0: 0x80006794 (0x0000c219) c.beqz  a2, pc + 6
core   0: 0 0x80006794 (0xc219)
core   0: 0x80006796 (0x00000e18) c.addi4spn a4, sp, 784
core   0: 0 0x80006796 (0x0e18) x14 0x00000440
core   0: 0x80006798 (0x000080a5) c.srli  s1, 9
core   0: 0 0x80006798 (0x80a5) x9  0x0040012e
core   0: 0x8000679a (0x0000909a) c.add   ra, t1
core   0: 0 0x8000679a (0x909a) x1  0x0008fff0
core   0: 0x8000679c (0x0000717d) c.addi16sp sp, -16
core   0: 0 0x8000679c (0x717d) x2  0x00000120
core   0: 0x8000679e (0x0000577d) c.li    a4, -1
core   0: 0 0x8000679e (0x577d) x14 0xffffffff
core   0: 0x800067a0 (0x00000765) c.addi  a4, 25
core   0: 0 0x800067a0 (0x0765) x14 0x00000018
core   0: 0x800067a2 (0x006c9693) slli    a3, s9, 6
core   0: 0 0x800067a2 (0x006c9693) x13 0x00000000
core   0: 0x800067a6 (0x02248663) beq     s1, sp, pc + 44
core   0: 0 0x800067a6 (0x02248663)
core   0: 0x800067aa (0x609f0bb7) lui     s7, 0x609f0
core   0: 0 0x800067aa (0x609f0bb7) x23 0x609f0000
core   0: 0x800067ae (0x01e6b533) sltu    a0, a3, t5
core   0: 0 0x800067ae (0x01e6b533) x10 0x00000001
core   0: 0x800067b2 (0x00008e6d) c.and   a2, a1
core   0: 0 0x800067b2 (0x8e6d) x12 0x00000000
core   0: 0x800067b4 (0x0055c0b3) xor     ra, a1, t0
core   0: 0 0x800067b4 (0x0055c0b3) x1  0x00000007
core   0: 0x800067b8 (0x00008d45) c.or    a0, s1
core   0: 0 0x800067b8 (0x8d45) x10 0x0040012f
core   0: 0x800067ba (0x034d6133) rem     sp, s10, s4
core   0: 0 0x800067ba (0x034d6133) x2  0x00000000
core   0: 0x800067be (0x000094fa) c.add   s1, t5
core   0: 0 0x800067be (0x94fa) x9  0x5f1e272e
core   0: 0x800067c0 (0x01bc1db3) sll     s11, s8, s11
core   0: 0 0x800067c0 (0x01bc1db3) x27 0x02000000
core   0: 0x800067c4 (0x0315f063) bgeu    a1, a7, pc + 32
core   0: 0 0x800067c4 (0x0315f063)
core   0: 0x800067c8 (0x02ea35b3) mulhu   a1, s4, a4
core   0: 0 0x800067c8 (0x02ea35b3) x11 0x00000000
core   0: 0x800067cc (0x00d94a33) xor     s4, s2, a3
core   0: 0 0x800067cc (0x00d94a33) x20 0x14fd4782
core   0: 0x800067d0 (0x0000ee11) c.bnez  a2, pc + 28
core   0: 0 0x800067d0 (0xee11)
core   0: 0x800067d2 (0x00000001) c.nop
core   0: 0 0x800067d2 (0x0001)
core   0: 0x800067d4 (0x00a1f233) and     tp, gp, a0
core   0: 0 0x800067d4 (0x00a1f233) x4  0x0000002c
core   0: 0x800067d8 (0x00009892) c.add   a7, tp
core   0: 0 0x800067d8 (0x9892) x17 0x0000002d
core   0: 0x800067da (0x0000969a) c.add   a3, t1
core   0: 0 0x800067da (0x969a) x13 0x00000000
core   0: 0x800067dc (0xb13f6293) ori     t0, t5, -1261
core   0: 0 0x800067dc (0xb13f6293) x5  0xffffff13
core   0: 0x800067e0 (0x03f60b33) mul     s6, a2, t6
core   0: 0 0x800067e0 (0x03f60b33) x22 0x00000000
core   0: 0x800067e4 (0x03cf0b33) mul     s6, t5, t3
core   0: 0 0x800067e4 (0x03cf0b33) x22 0x9993b800
core   0: 0x800067e8 (0x0153cdb3) xor     s11, t2, s5
core   0: 0 0x800067e8 (0x0153cdb3) x27 0x8008fff0
core   0: 0x800067ec (0xe4746d13) ori     s10, s0, -441
core   0: 0 0x800067ec (0xe4746d13) x26 0xffffff77
core   0: 0x800067f0 (0x7ed46597) auipc   a1, 0x7ed46
core   0: 0 0x800067f0 (0x7ed46597) x11 0xfed4c7f0
core   0: 0x800067f4 (0x0000c911) c.beqz  a0, pc + 20
core   0: 0 0x800067f4 (0xc911)
core   0: 0x800067f6 (0x0000c699) c.beqz  a3, pc + 14
core   0: 0 0x800067f6 (0xc699)
core   0: 0x80006804 (0x0000c515) c.beqz  a0, pc + 44
core   0: 0 0x80006804 (0xc515)
core   0: 0x80006806 (0x00000001) c.nop
core   0: 0 0x80006806 (0x0001)
core   0: 0x80006808 (0x8eac3993) sltiu   s3, s8, -1814
core   0: 0 0x80006808 (0x8eac3993) x19 0x00000001
core   0: 0x8000680c (0x0897f913) andi    s2, a5, 137
core   0: 0 0x8000680c (0x0897f913) x18 0x00000080
core   0: 0x80006810 (0x0ff0000f) fence   iorw,iorw
core   0: 0 0x80006810 (0x0ff0000f)
core   0: 0x80006814 (0x419ed2b3) sra     t0, t4, s9
core   0: 0 0x80006814 (0x419ed2b3) x5  0x00000000
core   0: 0x80006818 (0x00000001) c.nop
core   0: 0 0x80006818 (0x0001)
core   0: 0x8000681a (0x7019b213) sltiu   tp, s3, 1793
core   0: 0 0x8000681a (0x7019b213) x4  0x00000001
core   0: 0x8000681e (0x0000cd19) c.beqz  a0, pc + 30
core   0: 0 0x8000681e (0xcd19)
core   0: 0x80006820 (0x02fd7a63) bgeu    s10, a5, pc + 52
core   0: 0 0x80006820 (0x02fd7a63)
core   0: 0x80006854 (0x00008efd) c.and   a3, a5
core   0: 0 0x80006854 (0x8efd) x13 0x00000000
core   0: 0x80006856 (0x4a7b04b7) lui     s1, 0x4a7b0
core   0: 0 0x80006856 (0x4a7b04b7) x9  0x4a7b0000
core   0: 0x8000685a (0x0000997d) c.andi  a0, -1
core   0: 0 0x8000685a (0x997d) x10 0x0040012f
core   0: 0x8000685c (0x00009a1a) c.add   s4, t1
core   0: 0 0x8000685c (0x9a1a) x20 0x14fd4782
core   0: 0x8000685e (0x0000ef0d) c.bnez  a4, pc + 58
core   0: 0 0x8000685e (0xef0d)
core   0: 0x80006898 (0x00008d1d) c.sub   a0, a5
core   0: 0 0x80006898 (0x8d1d) x10 0x803da44b
core   0: 0x8000689a (0x329c7693) andi    a3, s8, 809
core   0: 0 0x8000689a (0x329c7693) x13 0x00000000
core   0: 0x8000689e (0x00009cc6) c.add   s9, a7
core   0: 0 0x8000689e (0x9cc6) x25 0x0000002d
core   0: 0x800068a0 (0xcf68bc93) sltiu   s9, a7, -778
core   0: 0 0x800068a0 (0xcf68bc93) x25 0x00000001
core   0: 0x800068a4 (0xe497f013) andi    zero, a5, -439
core   0: 0 0x800068a4 (0xe497f013)
core   0: 0x800068a8 (0xc78bfe97) auipc   t4, 0xc78bf
core   0: 0 0x800068a8 (0xc78bfe97) x29 0x478c58a8
core   0: 0x800068ac (0x00008241) c.srli  a2, 16
core   0: 0 0x800068ac (0x8241) x12 0x00000000
core   0: 0x800068ae (0x03095833) divu    a6, s2, a6
core   0: 0 0x800068ae (0x03095833) x16 0xffffffff
core   0: 0x800068b2 (0x014e4833) xor     a6, t3, s4
core   0: 0 0x800068b2 (0x014e4833) x16 0x94ff59b6
core   0: 0x800068b6 (0x00631f33) sll     t5, t1, t1
core   0: 0 0x800068b6 (0x00631f33) x30 0x00000000
core   0: 0x800068ba (0x67c7cd13) xori    s10, a5, 1660
core   0: 0 0x800068ba (0x67c7cd13) x26 0x80025a98
core   0: 0x800068be (0x000005b2) c.slli  a1, 12
core   0: 0 0x800068be (0x05b2) x11 0x4c7f0000
core   0: 0x800068c0 (0x72514d13) xori    s10, sp, 1829
core   0: 0 0x800068c0 (0x72514d13) x26 0x00000725
core   0: 0x800068c4 (0x03584633) div     a2, a6, s5
core   0: 0 0x800068c4 (0x03584633) x12 0xfffff41d
core   0: 0x800068c8 (0xf684f213) andi    tp, s1, -152
core   0: 0 0x800068c8 (0xf684f213) x4  0x4a7b0000
core   0: 0x800068cc (0xceba4513) xori    a0, s4, -789
core   0: 0 0x800068cc (0xceba4513) x10 0xeb02bb69
core   0: 0x800068d0 (0x011fe563) bltu    t6, a7, pc + 10
core   0: 0 0x800068d0 (0x011fe563)
core   0: 0x800068da (0x000041a9) c.li    gp, 10
core   0: 0 0x800068da (0x41a9) x3  0x0000000a
core   0: 0x800068dc (0x0000100f) fence.i
core   0: 0 0x800068dc (0x0000100f)
core   0: 0x800068e0 (0x00d8cc33) xor     s8, a7, a3
core   0: 0 0x800068e0 (0x00d8cc33) x24 0x0000002d
core   0: 0x800068e4 (0x00008ad2) c.mv    s5, s4
core   0: 0 0x800068e4 (0x8ad2) x21 0x14fd4782
core   0: 0x800068e6 (0x03e5d663) bge     a1, t5, pc + 44
core   0: 0 0x800068e6 (0x03e5d663)
core   0: 0x80006912 (0x0000617d) c.addi16sp sp, 496
core   0: 0 0x80006912 (0x617d) x2  0x000001f0
core   0: 0x80006914 (0x014fd213) srli    tp, t6, 20
core   0: 0 0x80006914 (0x014fd213) x4  0x00000000
core   0: 0x80006918 (0x000064f5) c.lui   s1, 0x1d
core   0: 0 0x80006918 (0x64f5) x9  0x0001d000
core   0: 0x8000691a (0x40068a33) sub     s4, a3, zero
core   0: 0 0x8000691a (0x40068a33) x20 0x00000000
core   0: 0x8000691e (0x02ddb133) mulhu   sp, s11, a3
core   0: 0 0x8000691e (0x02ddb133) x2  0x00000000
core   0: 0x80006922 (0x01021a93) slli    s5, tp, 16
core   0: 0 0x80006922 (0x01021a93) x21 0x00000000
core   0: 0x80006926 (0x034a2433) mulhsu  s0, s4, s4
core   0: 0 0x80006926 (0x034a2433) x8  0x00000000
core   0: 0x8000692a (0x00008516) c.mv    a0, t0
core   0: 0 0x8000692a (0x8516) x10 0x00000000
core   0: 0x8000692c (0x0000980e) c.add   a6, gp
core   0: 0 0x8000692c (0x980e) x16 0x94ff59c0
core   0: 0x8000692e (0x405f5893) srai    a7, t5, 5
core   0: 0 0x8000692e (0x405f5893) x17 0x00000000
core   0: 0x80006932 (0x00006ea9) c.lui   t4, 0xa
core   0: 0 0x80006932 (0x6ea9) x29 0x0000a000
core   0: 0x80006934 (0x00829413) slli    s0, t0, 8
core   0: 0 0x80006934 (0x00829413) x8  0x00000000
core   0: 0x80006938 (0x2a6c7293) andi    t0, s8, 678
core   0: 0 0x80006938 (0x2a6c7293) x5  0x00000024
core   0: 0x8000693c (0x0af10893) addi    a7, sp, 175
core   0: 0 0x8000693c (0x0af10893) x17 0x000000af
core   0: 0x80006940 (0x009b6db3) or      s11, s6, s1
core   0: 0 0x80006940 (0x009b6db3) x27 0x9993f800
core   0: 0x80006944 (0x00000001) c.nop
core   0: 0 0x80006944 (0x0001)
core   0: 0x80006946 (0x00008edd) c.or    a3, a5
core   0: 0 0x80006946 (0x8edd) x13 0x80025ce4
core   0: 0x80006948 (0x885f1437) lui     s0, 0x885f1
core   0: 0 0x80006948 (0x885f1437) x8  0x885f1000
core   0: 0x8000694c (0x02265f33) divu    t5, a2, sp
core   0: 0 0x8000694c (0x02265f33) x30 0xffffffff
core   0: 0x80006950 (0xd3768b93) addi    s7, a3, -713
core   0: 0 0x80006950 (0xd3768b93) x23 0x80025a1b
core   0: 0x80006954 (0x00b0a433) slt     s0, ra, a1
core   0: 0 0x80006954 (0x00b0a433) x8  0x00000001
core   0: 0x80006958 (0x7b650d13) addi    s10, a0, 1974
core   0: 0 0x80006958 (0x7b650d13) x26 0x000007b6
core   0: 0x8000695c (0x010c79b3) and     s3, s8, a6
core   0: 0 0x8000695c (0x010c79b3) x19 0x00000000
core   0: 0x80006960 (0x00001390) c.addi4spn a2, sp, 480
core   0: 0 0x80006960 (0x1390) x12 0x000001e0
core   0: 0x80006962 (0x1e6c2697) auipc   a3, 0x1e6c2
core   0: 0 0x80006962 (0x1e6c2697) x13 0x9e6c8962
core   0: 0x80006966 (0x00ec44b3) xor     s1, s8, a4
core   0: 0 0x80006966 (0x00ec44b3) x9  0x00000035
core   0: 0x8000696a (0x5154af17) auipc   t5, 0x5154a
core   0: 0 0x8000696a (0x5154af17) x30 0xd155096a
core   0: 0x8000696e (0x90363b93) sltiu   s7, a2, -1789
core   0: 0 0x8000696e (0x90363b93) x23 0x00000001
core   0: 0x80006972 (0x032cbab3) mulhu   s5, s9, s2
core   0: 0 0x80006972 (0x032cbab3) x21 0x00000000
core   0: 0x80006976 (0x31ca3f93) sltiu   t6, s4, 796
core   0: 0 0x80006976 (0x31ca3f93) x31 0x00000001
core   0: 0x8000697a (0x00358cb3) add     s9, a1, gp
core   0: 0 0x8000697a (0x00358cb3) x25 0x4c7f000a
core   0: 0x8000697e (0x00008d55) c.or    a0, a3
core   0: 0 0x8000697e (0x8d55) x10 0x9e6c8962
core   0: 0x80006980 (0x40705133) sra     sp, zero, t2
core   0: 0 0x80006980 (0x40705133) x2  0x00000000
core   0: 0x80006984 (0x00008d3d) c.xor   a0, a5
core   0: 0 0x80006984 (0x8d3d) x10 0x1e6ed586
core   0: 0x80006986 (0xbe608a13) addi    s4, ra, -1050
core   0: 0 0x80006986 (0xbe608a13) x20 0xfffffbed
core   0: 0x8000698a (0x1178e1b7) lui     gp, 0x1178e
core   0: 0 0x8000698a (0x1178e1b7) x3  0x1178e000
core   0: 0x8000698e (0x015a4333) xor     t1, s4, s5
core   0: 0 0x8000698e (0x015a4333) x6  0xfffffbed
core   0: 0x80006992 (0x0000717d) c.addi16sp sp, -16
core   0: 0 0x80006992 (0x717d) x2  0xfffffff0
core   0: 0x80006994 (0x0000100f) fence.i
core   0: 0 0x80006994 (0x0000100f)
core   0: 0x80006998 (0x0337a633) mulhsu  a2, a5, s3
core   0: 0 0x80006998 (0x0337a633) x12 0x00000000
core   0: 0x8000699c (0x0306b133) mulhu   sp, a3, a6
core   0: 0 0x8000699c (0x0306b133) x2  0x5c34c514
core   0: 0x800069a0 (0x00dd3cb3) sltu    s9, s10, a3
core   0: 0 0x800069a0 (0x00dd3cb3) x25 0x00000001
core   0: 0x800069a4 (0x01497263) bgeu    s2, s4, pc + 4
core   0: 0 0x800069a4 (0x01497263)
core   0: 0x800069a8 (0x365b4a93) xori    s5, s6, 869
core   0: 0 0x800069a8 (0x365b4a93) x21 0x9993bb65
core   0: 0x800069ac (0x0000c20d) c.beqz  a2, pc + 34
core   0: 0 0x800069ac (0xc20d)
core   0: 0x800069ce (0x00004305) c.li    t1, 1
core   0: 0 0x800069ce (0x4305) x6  0x00000001
core   0: 0x800069d0 (0x9d66bb93) sltiu   s7, a3, -1578
core   0: 0 0x800069d0 (0x9d66bb93) x23 0x00000001
core   0: 0x800069d4 (0x03da69b3) rem     s3, s4, t4
core   0: 0 0x800069d4 (0x03da69b3) x19 0xfffffbed
core   0: 0x800069d8 (0x0075a633) slt     a2, a1, t2
core   0: 0 0x800069d8 (0x0075a633) x12 0x00000000
core   0: 0x800069dc (0x007702b3) add     t0, a4, t2
core   0: 0 0x800069dc (0x007702b3) x5  0x80000018
core   0: 0x800069e0 (0x0000c015) c.beqz  s0, pc + 36
core   0: 0 0x800069e0 (0xc015)
core   0: 0x800069e2 (0x00fa0d63) beq     s4, a5, pc + 26
core   0: 0 0x800069e2 (0x00fa0d63)
core   0: 0x800069e6 (0x000086a9) c.srai  a3, 10
core   0: 0 0x800069e6 (0x86a9) x13 0xffe79b22
core   0: 0x800069e8 (0x00008539) c.srai  a0, 14
core   0: 0 0x800069e8 (0x8539) x10 0x000079bb
core   0: 0x800069ea (0x00008d12) c.mv    s10, tp
core   0: 0 0x800069ea (0x8d12) x26 0x00000000
core   0: 0x800069ec (0xf4088493) addi    s1, a7, -192
core   0: 0 0x800069ec (0xf4088493) x9  0xffffffef
core   0: 0x800069f0 (0x02fa29b3) mulhsu  s3, s4, a5
core   0: 0 0x800069f0 (0x02fa29b3) x19 0xfffffdf6
core   0: 0x800069f4 (0x00000001) c.nop
core   0: 0 0x800069f4 (0x0001)
core   0: 0x800069f6 (0x41458f33) sub     t5, a1, s4
core   0: 0 0x800069f6 (0x41458f33) x30 0x4c7f0413
core   0: 0x800069fa (0x0000c495) c.beqz  s1, pc + 44
core   0: 0 0x800069fa (0xc495)
core   0: 0x800069fc (0x00008c25) c.xor   s0, s1
core   0: 0 0x800069fc (0x8c25) x8  0xffffffee
core   0: 0x800069fe (0x00000496) c.slli  s1, 5
core   0: 0 0x800069fe (0x0496) x9  0xfffffde0
core   0: 0x80006a00 (0x00e14b33) xor     s6, sp, a4
core   0: 0 0x80006a00 (0x00e14b33) x22 0x5c34c50c
core   0: 0x80006a04 (0x03986d33) rem     s10, a6, s9
core   0: 0 0x80006a04 (0x03986d33) x26 0x00000000
core   0: 0x80006a08 (0x0394f533) remu    a0, s1, s9
core   0: 0 0x80006a08 (0x0394f533) x10 0x00000000
core   0: 0x80006a0c (0x00317a33) and     s4, sp, gp
core   0: 0 0x80006a0c (0x00317a33) x20 0x1030c000
core   0: 0x80006a10 (0x015b88b3) add     a7, s7, s5
core   0: 0 0x80006a10 (0x015b88b3) x17 0x9993bb66
core   0: 0x80006a14 (0x00afca33) xor     s4, t6, a0
core   0: 0 0x80006a14 (0x00afca33) x20 0x00000001
core   0: 0x80006a18 (0x00000001) c.nop
core   0: 0 0x80006a18 (0x0001)
core   0: 0x80006a1a (0x03b194b3) mulh    s1, gp, s11
core   0: 0 0x80006a1a (0x03b194b3) x9  0xf9027735
core   0: 0x80006a1e (0x00008549) c.srai  a0, 18
core   0: 0 0x80006a1e (0x8549) x10 0x00000000
core   0: 0x80006a20 (0x00000001) c.nop
core   0: 0 0x80006a20 (0x0001)
core   0: 0x80006a22 (0xceb0b913) sltiu   s2, ra, -789
core   0: 0 0x80006a22 (0xceb0b913) x18 0x00000001
core   0: 0x80006a26 (0x023c2433) mulhsu  s0, s8, gp
core   0: 0 0x80006a26 (0x023c2433) x8  0x00000003
core   0: 0x80006a2a (0x01d75933) srl     s2, a4, t4
core   0: 0 0x80006a2a (0x01d75933) x18 0x00000018
core   0: 0x80006a2e (0x049d8163) beq     s11, s1, pc + 66
core   0: 0 0x80006a2e (0x049d8163)
core   0: 0x80006a32 (0x4f884913) xori    s2, a6, 1272
core   0: 0 0x80006a32 (0x4f884913) x18 0x94ff5d38
core   0: 0x80006a36 (0x00009a7d) c.andi  a2, -1
core   0: 0 0x80006a36 (0x9a7d) x12 0x00000000
core   0: 0x80006a38 (0x0307b833) mulhu   a6, a5, a6
core   0: 0 0x80006a38 (0x0307b833) x16 0x4a810cef
core   0: 0x80006a3c (0x00008eb5) c.xor   a3, a3
core   0: 0 0x80006a3c (0x8eb5) x13 0x00000000
core   0: 0x80006a3e (0x0000c5a9) c.beqz  a1, pc + 74
core   0: 0 0x80006a3e (0xc5a9)
core   0: 0x80006a40 (0x0ff0000f) fence   iorw,iorw
core   0: 0 0x80006a40 (0x0ff0000f)
core   0: 0x80006a44 (0x03552c33) mulhsu  s8, a0, s5
core   0: 0 0x80006a44 (0x03552c33) x24 0x00000000
core   0: 0x80006a48 (0x01541a63) bne     s0, s5, pc + 20
core   0: 0 0x80006a48 (0x01541a63)
core   0: 0x80006a5c (0x03c2bcb3) mulhu   s9, t0, t3
core   0: 0 0x80006a5c (0x03c2bcb3) x25 0x40010f26
core   0: 0x80006a60 (0x4001d293) srai    t0, gp, 0
core   0: 0 0x80006a60 (0x4001d293) x5  0x1178e000
core   0: 0x80006a64 (0x0048f633) and     a2, a7, tp
core   0: 0 0x80006a64 (0x0048f633) x12 0x00000000
core   0: 0x80006a68 (0x0000100f) fence.i
core   0: 0 0x80006a68 (0x0000100f)
core   0: 0x80006a6c (0x00ddd993) srli    s3, s11, 13
core   0: 0 0x80006a6c (0x00ddd993) x19 0x0004cc9f
core   0: 0x80006a70 (0x00e54933) xor     s2, a0, a4
core   0: 0 0x80006a70 (0x00e54933) x18 0x00000018
core   0: 0x80006a74 (0x01815093) srli    ra, sp, 24
core   0: 0 0x80006a74 (0x01815093) x1  0x0000005c
core   0: 0x80006a78 (0x41625993) srai    s3, tp, 22
core   0: 0 0x80006a78 (0x41625993) x19 0x00000000
core   0: 0x80006a7c (0x01108c63) beq     ra, a7, pc + 24
core   0: 0 0x80006a7c (0x01108c63)
core   0: 0x80006a80 (0x032b1b33) mulh    s6, s6, s2
core   0: 0 0x80006a80 (0x032b1b33) x22 0x00000008
core   0: 0x80006a84 (0x01857333) and     t1, a0, s8
core   0: 0 0x80006a84 (0x01857333) x6  0x00000000
core   0: 0x80006a88 (0x03331333) mulh    t1, t1, s3
core   0: 0 0x80006a88 (0x03331333) x6  0x00000000
core   0: 0x80006a8c (0x004f4663) blt     t5, tp, pc + 12
core   0: 0 0x80006a8c (0x004f4663)
core   0: 0x80006a90 (0x7c45fc93) andi    s9, a1, 1988
core   0: 0 0x80006a90 (0x7c45fc93) x25 0x00000000
core   0: 0x80006a94 (0x00008ddd) c.or    a1, a5
core   0: 0 0x80006a94 (0x8ddd) x11 0xcc7f5ce4
core   0: 0x80006a96 (0x000088de) c.mv    a7, s7
core   0: 0 0x80006a96 (0x88de) x17 0x00000001
core   0: 0x80006a98 (0xb3a52b93) slti    s7, a0, -1222
core   0: 0 0x80006a98 (0xb3a52b93) x23 0x00000000
core   0: 0x80006a9c (0x0000717d) c.addi16sp sp, -16
core   0: 0 0x80006a9c (0x717d) x2  0x5c34c504
core   0: 0x80006a9e (0x00008db1) c.xor   a1, a2
core   0: 0 0x80006a9e (0x8db1) x11 0xcc7f5ce4
core   0: 0x80006aa0 (0xee698093) addi    ra, s3, -282
core   0: 0 0x80006aa0 (0xee698093) x1  0xfffffee6
core   0: 0x80006aa4 (0x03b72133) mulhsu  sp, a4, s11
core   0: 0 0x80006aa4 (0x03b72133) x2  0x0000000e
core   0: 0x80006aa8 (0x0269f963) bgeu    s3, t1, pc + 50
core   0: 0 0x80006aa8 (0x0269f963)
core   0: 0x80006ada (0x00000692) c.slli  a3, 4
core   0: 0 0x80006ada (0x0692) x13 0x00000000
core   0: 0x80006adc (0x01a61963) bne     a2, s10, pc + 18
core   0: 0 0x80006adc (0x01a61963)
core   0: 0x80006ae0 (0x022a0cb3) mul     s9, s4, sp
core   0: 0 0x80006ae0 (0x022a0cb3) x25 0x0000000e
core   0: 0x80006ae4 (0x00000001) c.nop
core   0: 0 0x80006ae4 (0x0001)
core   0: 0x80006ae6 (0x26c42317) auipc   t1, 0x26c42
core   0: 0 0x80006ae6 (0x26c42317) x6  0xa6c48ae6
core   0: 0x80006aea (0x00b604b3) add     s1, a2, a1
core   0: 0 0x80006aea (0x00b604b3) x9  0xcc7f5ce4
core   0: 0x80006aee (0x00008f59) c.or    a4, a4
core   0: 0 0x80006aee (0x8f59) x14 0x00000018
core   0: 0x80006af0 (0x01405fb3) srl     t6, zero, s4
core   0: 0 0x80006af0 (0x01405fb3) x31 0x00000000
core   0: 0x80006af4 (0x01c10263) beq     sp, t3, pc + 4
core   0: 0 0x80006af4 (0x01c10263)
core   0: 0x80006af8 (0x03234963) blt     t1, s2, pc + 50
core   0: 0 0x80006af8 (0x03234963)
core   0: 0x80006b2a (0x000060b1) c.lui   ra, 0xc
core   0: 0 0x80006b2a (0x60b1) x1  0x0000c000
core   0: 0x80006b2c (0x00008d51) c.or    a0, a2
core   0: 0 0x80006b2c (0x8d51) x10 0x00000000
core   0: 0x80006b2e (0x03ed4fb3) div     t6, s10, t5
core   0: 0 0x80006b2e (0x03ed4fb3) x31 0x00000000
core   0: 0x80006b32 (0x0000717d) c.addi16sp sp, -16
core   0: 0 0x80006b32 (0x717d) x2  0xfffffffe
core   0: 0x80006b34 (0x00008ef1) c.and   a3, a2
core   0: 0 0x80006b34 (0x8ef1) x13 0x00000000
core   0: 0x80006b36 (0x0341cd33) div     s10, gp, s4
core   0: 0 0x80006b36 (0x0341cd33) x26 0x1178e000
core   0: 0x80006b3a (0x0ff0000f) fence   iorw,iorw
core   0: 0 0x80006b3a (0x0ff0000f)
core   0: 0x80006b3e (0x0000100f) fence.i
core   0: 0 0x80006b3e (0x0000100f)
core   0: 0x80006b42 (0x000082c1) c.srli  a3, 16
core   0: 0 0x80006b42 (0x82c1) x13 0x00000000
core   0: 0x80006b44 (0x01f9aab3) slt     s5, s3, t6
core   0: 0 0x80006b44 (0x01f9aab3) x21 0x00000000
core   0: 0x80006b48 (0x0000100f) fence.i
core   0: 0 0x80006b48 (0x0000100f)
core   0: 0x80006b4c (0x01bf9a63) bne     t6, s11, pc + 20
core   0: 0 0x80006b4c (0x01bf9a63)
core   0: 0x80006b60 (0x00000dc1) c.addi  s11, 16
core   0: 0 0x80006b60 (0x0dc1) x27 0x9993f810
core   0: 0x80006b62 (0x000006de) c.slli  a3, 23
core   0: 0 0x80006b62 (0x06de) x13 0x00000000
core   0: 0x80006b64 (0x008a1893) slli    a7, s4, 8
core   0: 0 0x80006b64 (0x008a1893) x17 0x00000100
core   0: 0x80006b68 (0x0ff0000f) fence   iorw,iorw
core   0: 0 0x80006b68 (0x0ff0000f)
core   0: 0x80006b6c (0x0000527d) c.li    tp, -1
core   0: 0 0x80006b6c (0x527d) x4  0xffffffff
core   0: 0x80006b6e (0x0000567d) c.li    a2, -1
core   0: 0 0x80006b6e (0x567d) x12 0xffffffff
core   0: 0x80006b70 (0x0296ca63) blt     a3, s1, pc + 52
core   0: 0 0x80006b70 (0x0296ca63)
core   0: 0x80006b74 (0x023fc033) div     zero, t6, gp
core   0: 0 0x80006b74 (0x023fc033)
core   0: 0x80006b78 (0x00008db1) c.xor   a1, a2
core   0: 0 0x80006b78 (0x8db1) x11 0x3380a31b
core   0: 0x80006b7a (0x015c1a33) sll     s4, s8, s5
core   0: 0 0x80006b7a (0x015c1a33) x20 0x00000000
core   0: 0x80006b7e (0x031ebf33) mulhu   t5, t4, a7
core   0: 0 0x80006b7e (0x031ebf33) x30 0x00000000
core   0: 0x80006b82 (0x0ff0000f) fence   iorw,iorw
core   0: 0 0x80006b82 (0x0ff0000f)
core   0: 0x80006b86 (0x25273f37) lui     t5, 0x25273
core   0: 0 0x80006b86 (0x25273f37) x30 0x25273000
core   0: 0x80006b8a (0x03319d63) bne     gp, s3, pc + 58
core   0: 0 0x80006b8a (0x03319d63)
core   0: 0x80006bc4 (0x00008dd5) c.or    a1, a3
core   0: 0 0x80006bc4 (0x8dd5) x11 0x3380a31b
core   0: 0x80006bc6 (0x001648b3) xor     a7, a2, ra
core   0: 0 0x80006bc6 (0x001648b3) x17 0xffff3fff
core   0: 0x80006bca (0x00006529) c.lui   a0, 0xa
core   0: 0 0x80006bca (0x6529) x10 0x0000a000
core   0: 0x80006bcc (0x37262d17) auipc   s10, 0x37262
core   0: 0 0x80006bcc (0x37262d17) x26 0xb7268bcc
core   0: 0x80006bd0 (0x00008ecd) c.or    a3, a1
core   0: 0 0x80006bd0 (0x8ecd) x13 0x3380a31b
core   0: 0x80006bd2 (0x028c2c33) mulhsu  s8, s8, s0
core   0: 0 0x80006bd2 (0x028c2c33) x24 0x00000000
core   0: 0x80006bd6 (0x0000ca19) c.beqz  a2, pc + 22
core   0: 0 0x80006bd6 (0xca19)
core   0: 0x80006bd8 (0x009b35b3) sltu    a1, s6, s1
core   0: 0 0x80006bd8 (0x009b35b3) x11 0x00000001
core   0: 0x80006bdc (0xfc284c93) xori    s9, a6, -62
core   0: 0 0x80006bdc (0xfc284c93) x25 0xb57ef32d
core   0: 0x80006be0 (0x01159d13) slli    s10, a1, 17
core   0: 0 0x80006be0 (0x01159d13) x26 0x00020000
core   0: 0x80006be4 (0x0014cbb3) xor     s7, s1, ra
core   0: 0 0x80006be4 (0x0014cbb3) x23 0xcc7f9ce4
core   0: 0x80006be8 (0x402680b3) sub     ra, a3, sp
core   0: 0 0x80006be8 (0x402680b3) x1  0x3380a31d
core   0: 0x80006bec (0x033e5863) bge     t3, s3, pc + 48
core   0: 0 0x80006bec (0x033e5863)
core   0: 0x80006bf0 (0x00000001) c.nop
core   0: 0 0x80006bf0 (0x0001)
core   0: 0x80006bf2 (0x4041dd13) srai    s10, gp, 4
core   0: 0 0x80006bf2 (0x4041dd13) x26 0x01178e00
core   0: 0x80006bf6 (0x00000a16) c.slli  s4, 5
core   0: 0 0x80006bf6 (0x0a16) x20 0x00000000
core   0: 0x80006bf8 (0x00006cc5) c.lui   s9, 0x11
core   0: 0 0x80006bf8 (0x6cc5) x25 0x00011000
core   0: 0x80006bfa (0x82922693) slti    a3, tp, -2007
core   0: 0 0x80006bfa (0x82922693) x13 0x00000000
core   0: 0x80006bfe (0x02865963) bge     a2, s0, pc + 50
core   0: 0 0x80006bfe (0x02865963)
core   0: 0x80006c02 (0x019d8b33) add     s6, s11, s9
core   0: 0 0x80006c02 (0x019d8b33) x22 0x99950810
core   0: 0x80006c06 (0x0000100f) fence.i
core   0: 0 0x80006c06 (0x0000100f)
core   0: 0x80006c0a (0x01c05c13) srli    s8, zero, 28
core   0: 0 0x80006c0a (0x01c05c13) x24 0x00000000
core   0: 0x80006c0e (0x0ff0000f) fence   iorw,iorw
core   0: 0 0x80006c0e (0x0ff0000f)
core   0: 0x80006c12 (0x000000f6) c.slli  ra, 29
core   0: 0 0x80006c12 (0x00f6) x1  0xa0000000
core   0: 0x80006c14 (0x03f1e133) rem     sp, gp, t6
core   0: 0 0x80006c14 (0x03f1e133) x2  0x1178e000
core   0: 0x80006c18 (0x02df4233) div     tp, t5, a3
core   0: 0 0x80006c18 (0x02df4233) x4  0xffffffff
core   0: 0x80006c1c (0xae3d0213) addi    tp, s10, -1309
core   0: 0 0x80006c1c (0xae3d0213) x4  0x011788e3
core   0: 0x80006c20 (0x0195a533) slt     a0, a1, s9
core   0: 0 0x80006c20 (0x0195a533) x10 0x00000001
core   0: 0x80006c24 (0x01776863) bltu    a4, s7, pc + 16
core   0: 0 0x80006c24 (0x01776863)
core   0: 0x80006c34 (0x00009bfa) c.add   s7, t5
core   0: 0 0x80006c34 (0x9bfa) x23 0xf1a6cce4
core   0: 0x80006c36 (0x00d2dfb3) srl     t6, t0, a3
core   0: 0 0x80006c36 (0x00d2dfb3) x31 0x1178e000
core   0: 0x80006c3a (0x3f9ff293) andi    t0, t6, 1017
core   0: 0 0x80006c3a (0x3f9ff293) x5  0x00000000
core   0: 0x80006c3e (0x41e35493) srai    s1, t1, 30
core   0: 0 0x80006c3e (0x41e35493) x9  0xfffffffe
core   0: 0x80006c42 (0x0000997d) c.andi  a0, -1
core   0: 0 0x80006c42 (0x997d) x10 0x00000001
core   0: 0x80006c44 (0x7c243db7) lui     s11, 0x7c243
core   0: 0 0x80006c44 (0x7c243db7) x27 0x7c243000
core   0: 0x80006c48 (0x9bf6e113) ori     sp, a3, -1601
core   0: 0 0x80006c48 (0x9bf6e113) x2  0xfffff9bf
core   0: 0x80006c4c (0x17f3e613) ori     a2, t2, 383
core   0: 0 0x80006c4c (0x17f3e613) x12 0x8000017f
core   0: 0x80006c50 (0x0000964a) c.add   a2, s2
core   0: 0 0x80006c50 (0x964a) x12 0x80000197
core   0: 0x80006c52 (0x039e7163) bgeu    t3, s9, pc + 34
core   0: 0 0x80006c52 (0x039e7163)
core   0: 0x80006c74 (0x00000001) c.nop
core   0: 0 0x80006c74 (0x0001)
core   0: 0x80006c76 (0xf697f293) andi    t0, a5, -151
core   0: 0 0x80006c76 (0xf697f293) x5  0x80025c60
core   0: 0x80006c7a (0xa0848013) addi    zero, s1, -1528
core   0: 0 0x80006c7a (0xa0848013)
core   0: 0x80006c7e (0x00000001) c.nop
core   0: 0 0x80006c7e (0x0001)
core   0: 0x80006c80 (0x00008cf1) c.and   s1, a2
core   0: 0 0x80006c80 (0x8cf1) x9  0x80000196
core   0: 0x80006c82 (0xc490cf13) xori    t5, ra, -951
core   0: 0 0x80006c82 (0xc490cf13) x30 0x5ffffc49
core   0: 0x80006c86 (0x00008c91) c.sub   s1, a2
core   0: 0 0x80006c86 (0x8c91) x9  0xffffffff
core   0: 0x80006c88 (0x000080b5) c.srli  s1, 13
core   0: 0 0x80006c88 (0x80b5) x9  0x0007ffff
core   0: 0x80006c8a (0x0000717d) c.addi16sp sp, -16
core   0: 0 0x80006c8a (0x717d) x2  0xfffff9af
core   0: 0x80006c8c (0xe57c7913) andi    s2, s8, -425
core   0: 0 0x80006c8c (0xe57c7913) x18 0x00000000
core   0: 0x80006c90 (0x000000d9) c.addi  ra, 22
core   0: 0 0x80006c90 (0x00d9) x1  0xa0000016
core   0: 0x80006c92 (0x00008cbd) c.xor   s1, a5
core   0: 0 0x80006c92 (0x8cbd) x9  0x8005a31b
core   0: 0x80006c94 (0x5edd2a93) slti    s5, s10, 1517
core   0: 0 0x80006c94 (0x5edd2a93) x21 0x00000000
core   0: 0x80006c98 (0xa4717c13) andi    s8, sp, -1465
core   0: 0 0x80006c98 (0xa4717c13) x24 0xfffff807
core   0: 0x80006c9c (0x012cd2b3) srl     t0, s9, s2
core   0: 0 0x80006c9c (0x012cd2b3) x5  0x00011000
core   0: 0x80006ca0 (0x001a5413) srli    s0, s4, 1
core   0: 0 0x80006ca0 (0x001a5413) x8  0x00000000
core   0: 0x80006ca4 (0x00008359) c.srli  a4, 22
core   0: 0 0x80006ca4 (0x8359) x14 0x00000000
core   0: 0x80006ca6 (0x00015863) bgez    sp, pc + 16
core   0: 0 0x80006ca6 (0x00015863)
core   0: 0x80006caa (0x02325563) bge     tp, gp, pc + 42
core   0: 0 0x80006caa (0x02325563)
core   0: 0x80006cae (0xcdd73093) sltiu   ra, a4, -803
core   0: 0 0x80006cae (0xcdd73093) x1  0x00000001
core   0: 0x80006cb2 (0x00000ba5) c.addi  s7, 9
core   0: 0 0x80006cb2 (0x0ba5) x23 0xf1a6cced
core   0: 0x80006cb4 (0x0000919e) c.add   gp, t2
core   0: 0 0x80006cb4 (0x919e) x3  0x9178e000
core   0: 0x80006cb6 (0x020f4063) bltz    t5, pc + 32
core   0: 0 0x80006cb6 (0x020f4063)
core   0: 0x80006cba (0x02c2f933) remu    s2, t0, a2
core   0: 0 0x80006cba (0x02c2f933) x18 0x00011000
core   0: 0x80006cbe (0x00417563) bgeu    sp, tp, pc + 10
core   0: 0 0x80006cbe (0x00417563)
core   0: 0x80006cc8 (0x41af5f33) sra     t5, t5, s10
core   0: 0 0x80006cc8 (0x41af5f33) x30 0x5ffffc49
core   0: 0x80006ccc (0x00008362) c.mv    t1, s8
core   0: 0 0x80006ccc (0x8362) x6  0xfffff807
core   0: 0x80006cce (0x038a99b3) mulh    s3, s5, s8
core   0: 0 0x80006cce (0x038a99b3) x19 0x00000000
core   0: 0x80006cd2 (0x00008f45) c.or    a4, s1
core   0: 0 0x80006cd2 (0x8f45) x14 0x8005a31b
core   0: 0x80006cd4 (0x00008689) c.srai  a3, 2
core   0: 0 0x80006cd4 (0x8689) x13 0x00000000
core   0: 0x80006cd6 (0x006a6833) or      a6, s4, t1
core   0: 0 0x80006cd6 (0x006a6833) x16 0xfffff807
core   0: 0x80006cda (0x03dbbf33) mulhu   t5, s7, t4
core   0: 0 0x80006cda (0x03dbbf33) x30 0x00009708
core   0: 0x80006cde (0x00001600) c.addi4spn s0, sp, 800
core   0: 0 0x80006cde (0x1600) x8  0xfffffccf
core   0: 0x80006ce0 (0xa6ca7193) andi    gp, s4, -1428
core   0: 0 0x80006ce0 (0xa6ca7193) x3  0x00000000
core   0: 0x80006ce4 (0x038ae6b3) rem     a3, s5, s8
core   0: 0 0x80006ce4 (0x038ae6b3) x13 0x00000000
core   0: 0x80006ce8 (0x01e29463) bne     t0, t5, pc + 8
core   0: 0 0x80006ce8 (0x01e29463)
core   0: 0x80006cf0 (0x00000001) c.nop
core   0: 0 0x80006cf0 (0x0001)
core   0: 0x80006cf2 (0x00000c90) c.addi4spn a2, sp, 592
core   0: 0 0x80006cf2 (0x0c90) x12 0xfffffbff
core   0: 0x80006cf4 (0x01737763) bgeu    t1, s7, pc + 14
core   0: 0 0x80006cf4 (0x01737763)
core   0: 0x80006d02 (0x00004f21) c.li    t5, 8
core   0: 0 0x80006d02 (0x4f21) x30 0x00000008
core   0: 0x80006d04 (0x01400563) beq     zero, s4, pc + 10
core   0: 0 0x80006d04 (0x01400563)
core   0: 0x80006d0e (0x03c7da63) bge     a5, t3, pc + 52
core   0: 0 0x80006d0e (0x03c7da63)
core   0: 0x80006d42 (0x00000001) c.nop
core   0: 0 0x80006d42 (0x0001)
core   0: 0x80006d44 (0x0000e59d) c.bnez  a1, pc + 46
core   0: 0 0x80006d44 (0xe59d)
core   0: 0x80006d72 (0x04645eb7) lui     t4, 0x4645
core   0: 0 0x80006d72 (0x04645eb7) x29 0x04645000
core   0: 0x80006d76 (0x02408133) mul     sp, ra, tp
core   0: 0 0x80006d76 (0x02408133) x2  0x011788e3
core   0: 0x80006d7a (0x01831cb3) sll     s9, t1, s8
core   0: 0 0x80006d7a (0x01831cb3) x25 0xfffc0380
core   0: 0x80006d7e (0x00008305) c.srli  a4, 1
core   0: 0 0x80006d7e (0x8305) x14 0x4002d18d
core   0: 0x80006d80 (0x0215dcb3) divu    s9, a1, ra
core   0: 0 0x80006d80 (0x0215dcb3) x25 0x00000001
core   0: 0x80006d84 (0x3bbea613) slti    a2, t4, 955
core   0: 0 0x80006d84 (0x3bbea613) x12 0x00000000
core   0: 0x80006d88 (0x02ad1f33) mulh    t5, s10, a0
core   0: 0 0x80006d88 (0x02ad1f33) x30 0x00000000
core   0: 0x80006d8c (0x0476c163) blt     a3, t2, pc + 66
core   0: 0 0x80006d8c (0x0476c163)
core   0: 0x80006d90 (0x035c7633) remu    a2, s8, s5
core   0: 0 0x80006d90 (0x035c7633) x12 0xfffff807
core   0: 0x80006d94 (0x00006bdd) c.lui   s7, 0x17
core   0: 0 0x80006d94 (0x6bdd) x23 0x00017000
core   0: 0x80006d96 (0x000081bd) c.srli  a1, 15
core   0: 0 0x80006d96 (0x81bd) x11 0x00000000
core   0: 0x80006d98 (0x00000001) c.nop
core   0: 0 0x80006d98 (0x0001)
core   0: 0x80006d9a (0x0056d193) srli    gp, a3, 5
core   0: 0 0x80006d9a (0x0056d193) x3  0x00000000
core   0: 0x80006d9e (0x44fa1b17) auipc   s6, 0x44fa1
core   0: 0 0x80006d9e (0x44fa1b17) x22 0xc4fa7d9e
core   0: 0x80006da2 (0x00008e05) c.sub   a2, s1
core   0: 0 0x80006da2 (0x8e05) x12 0x7ffa54ec
core   0: 0x80006da4 (0x011c5433) srl     s0, s8, a7
core   0: 0 0x80006da4 (0x011c5433) x8  0x00000001
core   0: 0x80006da8 (0x02342bb3) mulhsu  s7, s0, gp
core   0: 0 0x80006da8 (0x02342bb3) x23 0x00000000
core   0: 0x80006dac (0x0000e815) c.bnez  s0, pc + 52
core   0: 0 0x80006dac (0xe815)
core   0: 0x80006de0 (0x81417c93) andi    s9, sp, -2028
core   0: 0 0x80006de0 (0x81417c93) x25 0x01178800
core   0: 0x80006de4 (0x0000973a) c.add   a4, a4
core   0: 0 0x80006de4 (0x973a) x14 0x8005a31a
core   0: 0x80006de6 (0x02c67ab3) remu    s5, a2, a2
core   0: 0 0x80006de6 (0x02c67ab3) x21 0x00000000
core   0: 0x80006dea (0xe48ba813) slti    a6, s7, -440
core   0: 0 0x80006dea (0xe48ba813) x16 0x00000000
core   0: 0x80006dee (0x00a5d333) srl     t1, a1, a0
core   0: 0 0x80006dee (0x00a5d333) x6  0x00000000
core   0: 0x80006df2 (0x01032d33) slt     s10, t1, a6
core   0: 0 0x80006df2 (0x01032d33) x26 0x00000000
core   0: 0x80006df6 (0x00008e71) c.and   a2, a2
core   0: 0 0x80006df6 (0x8e71) x12 0x7ffa54ec
core   0: 0x80006df8 (0x003fffb3) and     t6, t6, gp
core   0: 0 0x80006df8 (0x003fffb3) x31 0x00000000
core   0: 0x80006dfc (0x00aa5893) srli    a7, s4, 10
core   0: 0 0x80006dfc (0x00aa5893) x17 0x00000000
core   0: 0x80006e00 (0x01974563) blt     a4, s9, pc + 10
core   0: 0 0x80006e00 (0x01974563)
core   0: 0x80006e0a (0x96913697) auipc   a3, 0x96913
core   0: 0 0x80006e0a (0x96913697) x13 0x16919e0a
core   0: 0x80006e0e (0x000065b5) c.lui   a1, 0xd
core   0: 0 0x80006e0e (0x65b5) x11 0x0000d000
core   0: 0x80006e10 (0x0184f1b3) and     gp, s1, s8
core   0: 0 0x80006e10 (0x0184f1b3) x3  0x8005a003
core   0: 0x80006e14 (0xca87b613) sltiu   a2, a5, -856
core   0: 0 0x80006e14 (0xca87b613) x12 0x00000001
core   0: 0x80006e18 (0x00008515) c.srai  a0, 5
core   0: 0 0x80006e18 (0x8515) x10 0x00000000
core   0: 0x80006e1a (0x28d81817) auipc   a6, 0x28d81
core   0: 0 0x80006e1a (0x28d81817) x16 0xa8d87e1a
core   0: 0x80006e1e (0x01f1bab3) sltu    s5, gp, t6
core   0: 0 0x80006e1e (0x01f1bab3) x21 0x00000000
core   0: 0x80006e22 (0x000085bd) c.srai  a1, 15
core   0: 0 0x80006e22 (0x85bd) x11 0x00000001
core   0: 0x80006e24 (0x0000885d) c.andi  s0, 23
core   0: 0 0x80006e24 (0x885d) x8  0x00000001
core   0: 0x80006e26 (0x00000001) c.nop
core   0: 0 0x80006e26 (0x0001)
core   0: 0x80006e28 (0x032b0eb3) mul     t4, s6, s2
core   0: 0 0x80006e28 (0x032b0eb3) x29 0x2577e000
core   0: 0x80006e2c (0x00001680) c.addi4spn s0, sp, 864
core   0: 0 0x80006e2c (0x1680) x8  0x01178c43
core   0: 0x80006e2e (0x013ed863) bge     t4, s3, pc + 16
core   0: 0 0x80006e2e (0x013ed863)
core   0: 0x80006e3e (0x00000001) c.nop
core   0: 0 0x80006e3e (0x0001)
core   0: 0x80006e40 (0x05118263) beq     gp, a7, pc + 68
core   0: 0 0x80006e40 (0x05118263)
core   0: 0x80006e44 (0x028cf533) remu    a0, s9, s0
core   0: 0 0x80006e44 (0x028cf533) x10 0x01178800
core   0: 0x80006e48 (0x0000100f) fence.i
core   0: 0 0x80006e48 (0x0000100f)
core   0: 0x80006e4c (0x03e3a293) slti    t0, t2, 62
core   0: 0 0x80006e4c (0x03e3a293) x5  0x00000001
core   0: 0x80006e50 (0x037b3fb3) mulhu   t6, s6, s7
core   0: 0 0x80006e50 (0x037b3fb3) x31 0x00000000
core   0: 0x80006e54 (0x008a9763) bne     s5, s0, pc + 14
core   0: 0 0x80006e54 (0x008a9763)
core   0: 0x80006e62 (0x03fbd833) divu    a6, s7, t6
core   0: 0 0x80006e62 (0x03fbd833) x16 0xffffffff
core   0: 0x80006e66 (0x036d6463) bltu    s10, s6, pc + 40
core   0: 0 0x80006e66 (0x036d6463)
core   0: 0x80006e8e (0x00008961) c.andi  a0, 24
core   0: 0 0x80006e8e (0x8961) x10 0x00000000
core   0: 0x80006e90 (0x00008dfd) c.and   a1, a5
core   0: 0 0x80006e90 (0x8dfd) x11 0x00000000
core   0: 0x80006e92 (0x037fd5b3) divu    a1, t6, s7
core   0: 0 0x80006e92 (0x037fd5b3) x11 0xffffffff
core   0: 0x80006e96 (0x02f176b3) remu    a3, sp, a5
core   0: 0 0x80006e96 (0x02f176b3) x13 0x011788e3
core   0: 0x80006e9a (0x00008d15) c.sub   a0, a3
core   0: 0 0x80006e9a (0x8d15) x10 0xfee8771d
core   0: 0x80006e9c (0x0ff0000f) fence   iorw,iorw
core   0: 0 0x80006e9c (0x0ff0000f)
core   0: 0x80006ea0 (0x02e42a33) mulhsu  s4, s0, a4
core   0: 0 0x80006ea0 (0x02e42a33) x20 0x008bcc49
core   0: 0x80006ea4 (0x008f75b3) and     a1, t5, s0
core   0: 0 0x80006ea4 (0x008f75b3) x11 0x00000000
core   0: 0x80006ea8 (0x202fe097) auipc   ra, 0x202fe
core   0: 0 0x80006ea8 (0x202fe097) x1  0xa0304ea8
core   0: 0x80006eac (0x000006fd) c.addi  a3, 31
core   0: 0 0x80006eac (0x06fd) x13 0x01178902
core   0: 0x80006eae (0xf292f913) andi    s2, t0, -215
core   0: 0 0x80006eae (0xf292f913) x18 0x00000001
core   0: 0x80006eb2 (0x02ba4963) blt     s4, a1, pc + 50
core   0: 0 0x80006eb2 (0x02ba4963)
core   0: 0x80006eb6 (0x012429b3) slt     s3, s0, s2
core   0: 0 0x80006eb6 (0x012429b3) x19 0x00000000
core   0: 0x80006eba (0x94dff713) andi    a4, t6, -1715
core   0: 0 0x80006eba (0x94dff713) x14 0x00000000
core   0: 0x80006ebe (0x002b9663) bne     s7, sp, pc + 12
core   0: 0 0x80006ebe (0x002b9663)
core   0: 0x80006eca (0x022d7fb3) remu    t6, s10, sp
core   0: 0 0x80006eca (0x022d7fb3) x31 0x00000000
core   0: 0x80006ece (0x01fa2d33) slt     s10, s4, t6
core   0: 0 0x80006ece (0x01fa2d33) x26 0x00000000
core   0: 0x80006ed2 (0x02762633) mulhsu  a2, a2, t2
core   0: 0 0x80006ed2 (0x02762633) x12 0x00000000
core   0: 0x80006ed6 (0x023cd0b3) divu    ra, s9, gp
core   0: 0 0x80006ed6 (0x023cd0b3) x1  0x00000000
core   0: 0x80006eda (0x00008cfd) c.and   s1, a5
core   0: 0 0x80006eda (0x8cfd) x9  0x80000000
core   0: 0x80006edc (0xbcc9ed93) ori     s11, s3, -1076
core   0: 0 0x80006edc (0xbcc9ed93) x27 0xfffffbcc
core   0: 0x80006ee0 (0x021c28b3) mulhsu  a7, s8, ra
core   0: 0 0x80006ee0 (0x021c28b3) x17 0x00000000
core   0: 0x80006ee4 (0x417d5913) srai    s2, s10, 23
core   0: 0 0x80006ee4 (0x417d5913) x18 0x00000000
core   0: 0x80006ee8 (0x40875a93) srai    s5, a4, 8
core   0: 0 0x80006ee8 (0x40875a93) x21 0x00000000
core   0: 0x80006eec (0x00008f41) c.or    a4, s0
core   0: 0 0x80006eec (0x8f41) x14 0x01178c43
core   0: 0x80006eee (0x01c35f33) srl     t5, t1, t3
core   0: 0 0x80006eee (0x01c35f33) x30 0x00000000
core   0: 0x80006ef2 (0x01875763) bge     a4, s8, pc + 14
core   0: 0 0x80006ef2 (0x01875763)
core   0: 0x80006f00 (0x02cb00b3) mul     ra, s6, a2
core   0: 0 0x80006f00 (0x02cb00b3) x1  0x00000000
core   0: 0x80006f04 (0x00008e95) c.sub   a3, a3
core   0: 0 0x80006f04 (0x8e95) x13 0x00000000
core   0: 0x80006f06 (0x0000c19d) c.beqz  a1, pc + 38
core   0: 0 0x80006f06 (0xc19d)
core   0: 0x80006f2c (0x0000100f) fence.i
core   0: 0 0x80006f2c (0x0000100f)
core   0: 0x80006f30 (0x3dfd7297) auipc   t0, 0x3dfd7
core   0: 0 0x80006f30 (0x3dfd7297) x5  0xbdfddf30
core   0: 0x80006f34 (0x00000001) c.nop
core   0: 0 0x80006f34 (0x0001)
core   0: 0x80006f36 (0x03cd72b3) remu    t0, s10, t3
core   0: 0 0x80006f36 (0x03cd72b3) x5  0x00000000
core   0: 0x80006f3a (0x022e4763) blt     t3, sp, pc + 46
core   0: 0 0x80006f3a (0x022e4763)
core   0: 0x80006f68 (0x00008699) c.srai  a3, 6
core   0: 0 0x80006f68 (0x8699) x13 0x00000000
core   0: 0x80006f6a (0x000006be) c.slli  a3, 15
core   0: 0 0x80006f6a (0x06be) x13 0x00000000
core   0: 0x80006f6c (0x00041a13) slli    s4, s0, 0
core   0: 0 0x80006f6c (0x00041a13) x20 0x01178c43
core   0: 0x80006f70 (0xb0766217) auipc   tp, 0xb0766
core   0: 0 0x80006f70 (0xb0766217) x4  0x3076cf70
core   0: 0x80006f74 (0x00008421) c.srai  s0, 8
core   0: 0 0x80006f74 (0x8421) x8  0x0001178c
core   0: 0x80006f76 (0x40235d13) srai    s10, t1, 2
core   0: 0 0x80006f76 (0x40235d13) x26 0x00000000
core   0: 0x80006f7a (0x9d0cd0b7) lui     ra, 0x9d0cd
core   0: 0 0x80006f7a (0x9d0cd0b7) x1  0x9d0cd000
core   0: 0x80006f7e (0x9cd76697) auipc   a3, 0x9cd76
core   0: 0 0x80006f7e (0x9cd76697) x13 0x1cd7cf7e
core   0: 0x80006f82 (0x603c6413) ori     s0, s8, 1539
core   0: 0 0x80006f82 (0x603c6413) x8  0xfffffe07
core   0: 0x80006f86 (0x014d9c13) slli    s8, s11, 20
core   0: 0 0x80006f86 (0x014d9c13) x24 0xbcc00000
core   0: 0x80006f8a (0x00004831) c.li    a6, 12
core   0: 0 0x80006f8a (0x4831) x16 0x0000000c
core   0: 0x80006f8c (0x00091933) sll     s2, s2, zero
core   0: 0 0x80006f8c (0x00091933) x18 0x00000000
core   0: 0x80006f90 (0x01f4cc63) blt     s1, t6, pc + 24
core   0: 0 0x80006f90 (0x01f4cc63)
core   0: 0x80006fa8 (0x00a09263) bne     ra, a0, pc + 4
core   0: 0 0x80006fa8 (0x00a09263)
core   0: 0x80006fac (0x00008f15) c.sub   a4, a3
core   0: 0 0x80006fac (0x8f15) x14 0xe43fbcc5
core   0: 0x80006fae (0x409481b3) sub     gp, s1, s1
core   0: 0 0x80006fae (0x409481b3) x3  0x00000000
core   0: 0x80006fb2 (0x354e6913) ori     s2, t3, 852
core   0: 0 0x80006fb2 (0x354e6913) x18 0x80021f74
core   0: 0x80006fb6 (0x03e12833) mulhsu  a6, sp, t5
core   0: 0 0x80006fb6 (0x03e12833) x16 0x00000000
core   0: 0x80006fba (0x00084f63) bltz    a6, pc + 30
core   0: 0 0x80006fba (0x00084f63)
core   0: 0x80006fbe (0x00875093) srli    ra, a4, 8
core   0: 0 0x80006fbe (0x00875093) x1  0x00e43fbc
core   0: 0x80006fc2 (0x00008cf5) c.and   s1, a3
core   0: 0 0x80006fc2 (0x8cf5) x9  0x00000000
core   0: 0x80006fc4 (0x00008f29) c.xor   a4, a0
core   0: 0 0x80006fc4 (0x8f29) x14 0x1ad7cbd8
core   0: 0x80006fc6 (0xab6f6d93) ori     s11, t5, -1354
core   0: 0 0x80006fc6 (0xab6f6d93) x27 0xfffffab6
core   0: 0x80006fca (0x3a4bab93) slti    s7, s7, 932
core   0: 0 0x80006fca (0x3a4bab93) x23 0x00000001
core   0: 0x80006fce (0x002b0ab3) add     s5, s6, sp
core   0: 0 0x80006fce (0x002b0ab3) x21 0xc6120681
core   0: 0x80006fd2 (0x00008e65) c.and   a2, s1
core   0: 0 0x80006fd2 (0x8e65) x12 0x00000000
core   0: 0x80006fd4 (0x00fc62b3) or      t0, s8, a5
core   0: 0 0x80006fd4 (0x00fc62b3) x5  0xbcc25ce4
core   0: 0x80006fd8 (0x014da0b3) slt     ra, s11, s4
core   0: 0 0x80006fd8 (0x014da0b3) x1  0x00000001
core   0: 0x80006fdc (0x05c19263) bne     gp, t3, pc + 68
core   0: 0 0x80006fdc (0x05c19263)
core   0: 0x80007020 (0x45e64513) xori    a0, a2, 1118
core   0: 0 0x80007020 (0x45e64513) x10 0x0000045e
core   0: 0x80007024 (0x02dc00b3) mul     ra, s8, a3
core   0: 0 0x80007024 (0x02dc00b3) x1  0x26800000
core   0: 0x80007028 (0x027d64b3) rem     s1, s10, t2
core   0: 0 0x80007028 (0x027d64b3) x9  0x00000000
core   0: 0x8000702c (0x0165cd63) blt     a1, s6, pc + 26
core   0: 0 0x8000702c (0x0165cd63)
core   0: 0x80007030 (0x0000805d) c.srli  s0, 23
core   0: 0 0x80007030 (0x805d) x8  0x000001ff
core   0: 0x80007032 (0x0000015e) c.slli  sp, 23
core   0: 0 0x80007032 (0x015e) x2  0x71800000
core   0: 0x80007034 (0x00008d21) c.xor   a0, s0
core   0: 0 0x80007034 (0x8d21) x10 0x000005a1
core   0: 0x80007036 (0x02a22a33) mulhsu  s4, tp, a0
core   0: 0 0x80007036 (0x02a22a33) x20 0x00000110
core   0: 0x8000703a (0x0ff0000f) fence   iorw,iorw
core   0: 0 0x8000703a (0x0ff0000f)
core   0: 0x8000703e (0x00008c1d) c.sub   s0, a5
core   0: 0 0x8000703e (0x8c1d) x8  0x7ffda51b
core   0: 0x80007040 (0x000086ee) c.mv    a3, s11
core   0: 0 0x80007040 (0x86ee) x13 0xfffffab6
core   0: 0x80007042 (0xe2cfa313) slti    t1, t6, -468
core   0: 0 0x80007042 (0xe2cfa313) x6  0x00000000
core   0: 0x80007046 (0x2812c413) xori    s0, t0, 641
core   0: 0 0x80007046 (0x2812c413) x8  0xbcc25e65
core   0: 0x8000704a (0x00000001) c.nop
core   0: 0 0x8000704a (0x0001)
core   0: 0x8000704c (0x394f4c93) xori    s9, t5, 916
core   0: 0 0x8000704c (0x394f4c93) x25 0x00000394
core   0: 0x80007050 (0xffadfd13) andi    s10, s11, -6
core   0: 0 0x80007050 (0xffadfd13) x26 0xfffffab2
core   0: 0x80007054 (0x00723833) sltu    a6, tp, t2
core   0: 0 0x80007054 (0x00723833) x16 0x00000001
core   0: 0x80007058 (0x00008eb1) c.xor   a3, a2
core   0: 0 0x80007058 (0x8eb1) x13 0xfffffab6
core   0: 0x8000705a (0x000089d5) c.andi  a1, 21
core   0: 0 0x8000705a (0x89d5) x11 0x00000000
core   0: 0x8000705c (0x9f852a13) slti    s4, a0, -1544
core   0: 0 0x8000705c (0x9f852a13) x20 0x00000000
core   0: 0x80007060 (0x02c061b3) rem     gp, zero, a2
core   0: 0 0x80007060 (0x02c061b3) x3  0x00000000
core   0: 0x80007064 (0x0ad17f93) andi    t6, sp, 173
core   0: 0 0x80007064 (0x0ad17f93) x31 0x00000000
core   0: 0x80007068 (0x020efd33) remu    s10, t4, zero
core   0: 0 0x80007068 (0x020efd33) x26 0x2577e000
core   0: 0x8000706c (0xe74b2993) slti    s3, s6, -396
core   0: 0 0x8000706c (0xe74b2993) x19 0x00000001
core   0: 0x80007070 (0xf2be1c37) lui     s8, 0xf2be1
core   0: 0 0x80007070 (0xf2be1c37) x24 0xf2be1000
core   0: 0x80007074 (0x01f6d193) srli    gp, a3, 31
core   0: 0 0x80007074 (0x01f6d193) x3  0x00000001
core   0: 0x80007078 (0x03879663) bne     a5, s8, pc + 44
core   0: 0 0x80007078 (0x03879663)
core   0: 0x800070a4 (0x575d3d37) lui     s10, 0x575d3
core   0: 0 0x800070a4 (0x575d3d37) x26 0x575d3000
core   0: 0x800070a8 (0x00b01ab3) sll     s5, zero, a1
core   0: 0 0x800070a8 (0x00b01ab3) x21 0x00000000
core   0: 0x800070ac (0x016f4eb3) xor     t4, t5, s6
core   0: 0 0x800070ac (0x016f4eb3) x29 0xc4fa7d9e
core   0: 0x800070b0 (0x000086cd) c.srai  a3, 19
core   0: 0 0x800070b0 (0x86cd) x13 0xffffffff
core   0: 0x800070b2 (0xe08c7213) andi    tp, s8, -504
core   0: 0 0x800070b2 (0xe08c7213) x4  0xf2be1000
core   0: 0x800070b6 (0x3bb43d13) sltiu   s10, s0, 955
core   0: 0 0x800070b6 (0x3bb43d13) x26 0x00000000
core   0: 0x800070ba (0x00008569) c.srai  a0, 26
core   0: 0 0x800070ba (0x8569) x10 0x00000000
core   0: 0x800070bc (0x00b6d533) srl     a0, a3, a1
core   0: 0 0x800070bc (0x00b6d533) x10 0xffffffff
core   0: 0x800070c0 (0x01034463) blt     t1, a6, pc + 8
core   0: 0 0x800070c0 (0x01034463)
core   0: 0x800070c8 (0x00000b62) c.slli  s6, 24
core   0: 0 0x800070c8 (0x0b62) x22 0x9e000000
core   0: 0x800070ca (0x00008625) c.srai  a2, 9
core   0: 0 0x800070ca (0x8625) x12 0x00000000
core   0: 0x800070cc (0x00b75533) srl     a0, a4, a1
core   0: 0 0x800070cc (0x00b75533) x10 0x1ad7cbd8
core   0: 0x800070d0 (0x00000904) c.addi4spn s1, sp, 144
core   0: 0 0x800070d0 (0x0904) x9  0x71800090
core   0: 0x800070d2 (0x00000b66) c.slli  s6, 25
core   0: 0 0x800070d2 (0x0b66) x22 0x00000000
core   0: 0x800070d4 (0x0000100f) fence.i
core   0: 0 0x800070d4 (0x0000100f)
core   0: 0x800070d8 (0x00000001) c.nop
core   0: 0 0x800070d8 (0x0001)
core   0: 0x800070da (0x00000001) c.nop
core   0: 0 0x800070da (0x0001)
core   0: 0x800070dc (0x68d7e593) ori     a1, a5, 1677
core   0: 0 0x800070dc (0x68d7e593) x11 0x80025eed
core   0: 0x800070e0 (0x4035d333) sra     t1, a1, gp
core   0: 0 0x800070e0 (0x4035d333) x6  0xc0012f76
core   0: 0x800070e4 (0x031b5663) bge     s6, a7, pc + 44
core   0: 0 0x800070e4 (0x031b5663)
core   0: 0x80007110 (0x022519b3) mulh    s3, a0, sp
core   0: 0 0x80007110 (0x022519b3) x19 0x0be6ace0
core   0: 0x80007114 (0x00008219) c.srli  a2, 6
core   0: 0 0x80007114 (0x8219) x12 0x00000000
core   0: 0x80007116 (0x002bb9b3) sltu    s3, s7, sp
core   0: 0 0x80007116 (0x002bb9b3) x19 0x00000001
core   0: 0x8000711a (0x000086b5) c.srai  a3, 13
core   0: 0 0x8000711a (0x86b5) x13 0xffffffff
core   0: 0x8000711c (0x00008f6d) c.and   a4, a1
core   0: 0 0x8000711c (0x8f6d) x14 0x00024ac8
core   0: 0x8000711e (0x3799f093) andi    ra, s3, 889
core   0: 0 0x8000711e (0x3799f093) x1  0x00000001
core   0: 0x80007122 (0x00000001) c.nop
core   0: 0 0x80007122 (0x0001)
core   0: 0x80007124 (0xafb74493) xori    s1, a4, -1285
core   0: 0 0x80007124 (0xafb74493) x9  0xfffdb033
core   0: 0x80007128 (0x00000001) c.nop
core   0: 0 0x80007128 (0x0001)
core   0: 0x8000712a (0x021d6233) rem     tp, s10, ra
core   0: 0 0x8000712a (0x021d6233) x4  0x00000000
core   0: 0x8000712e (0x020daf33) mulhsu  t5, s11, zero
core   0: 0 0x8000712e (0x020daf33) x30 0x00000000
core   0: 0x80007132 (0x01e6e2b3) or      t0, a3, t5
core   0: 0 0x80007132 (0x01e6e2b3) x5  0xffffffff
core   0: 0x80007136 (0x0284f8b3) remu    a7, s1, s0
core   0: 0 0x80007136 (0x0284f8b3) x17 0x433b51ce
core   0: 0x8000713a (0x02ceb333) mulhu   t1, t4, a2
core   0: 0 0x8000713a (0x02ceb333) x6  0x00000000
core   0: 0x8000713e (0x00f2bdb3) sltu    s11, t0, a5
core   0: 0 0x8000713e (0x00f2bdb3) x27 0x00000000
core   0: 0x80007142 (0x02061ab3) mulh    s5, a2, zero
core   0: 0 0x80007142 (0x02061ab3) x21 0x00000000
core   0: 0x80007146 (0x03c24f63) blt     tp, t3, pc + 62
core   0: 0 0x80007146 (0x03c24f63)
core   0: 0x8000714a (0x014d7133) and     sp, s10, s4
core   0: 0 0x8000714a (0x014d7133) x2  0x00000000
core   0: 0x8000714e (0x00008f7d) c.and   a4, a5
core   0: 0 0x8000714e (0x8f7d) x14 0x000248c0
core   0: 0x80007150 (0xb0593613) sltiu   a2, s2, -1275
core   0: 0 0x80007150 (0xb0593613) x12 0x00000001
core   0: 0x80007154 (0x00572c33) slt     s8, a4, t0
core   0: 0 0x80007154 (0x00572c33) x24 0x00000000
core   0: 0x80007158 (0xa960be93) sltiu   t4, ra, -1386
core   0: 0 0x80007158 (0xa960be93) x29 0x00000001
core   0: 0x8000715c (0x0061f463) bgeu    gp, t1, pc + 8
core   0: 0 0x8000715c (0x0061f463)
core   0: 0x80007164 (0x02190bb3) mul     s7, s2, ra
core   0: 0 0x80007164 (0x02190bb3) x23 0x80021f74
core   0: 0x80007168 (0x415504b3) sub     s1, a0, s5
core   0: 0 0x80007168 (0x415504b3) x9  0x1ad7cbd8
core   0: 0x8000716c (0x277c8217) auipc   tp, 0x277c8
core   0: 0 0x8000716c (0x277c8217) x4  0xa77cf16c
core   0: 0x80007170 (0x055e7163) bgeu    t3, s5, pc + 66
core   0: 0 0x80007170 (0x055e7163)
core   0: 0x800071b2 (0x000084ad) c.srai  s1, 11
core   0: 0 0x800071b2 (0x84ad) x9  0x00035af9
core   0: 0x800071b4 (0xc208ed93) ori     s11, a7, -992
core   0: 0 0x800071b4 (0xc208ed93) x27 0xfffffdee
core   0: 0x800071b8 (0x000012fd) c.addi  t0, -1
core   0: 0 0x800071b8 (0x12fd) x5  0xfffffffe
core   0: 0x800071ba (0x000015fd) c.addi  a1, -1
core   0: 0 0x800071ba (0x15fd) x11 0x80025eec
core   0: 0x800071bc (0x00008ca9) c.xor   s1, a0
core   0: 0 0x800071bc (0x8ca9) x9  0x1ad49121
core   0: 0x800071be (0x41acd993) srai    s3, s9, 26
core   0: 0 0x800071be (0x41acd993) x19 0x00000000
core   0: 0x800071c2 (0x00000001) c.nop
core   0: 0 0x800071c2 (0x0001)
core   0: 0x800071c4 (0x00006109) c.addi16sp sp, 128
core   0: 0 0x800071c4 (0x6109) x2  0x00000080
core   0: 0x800071c6 (0x007b9693) slli    a3, s7, 7
core   0: 0 0x800071c6 (0x007b9693) x13 0x010fba00
core   0: 0x800071ca (0x00008722) c.mv    a4, s0
core   0: 0 0x800071ca (0x8722) x14 0xbcc25e65
core   0: 0x800071cc (0x5095a813) slti    a6, a1, 1289
core   0: 0 0x800071cc (0x5095a813) x16 0x00000001
core   0: 0x800071d0 (0x008599b3) sll     s3, a1, s0
core   0: 0 0x800071d0 (0x008599b3) x19 0x004bdd80
core   0: 0x800071d4 (0x0000c299) c.beqz  a3, pc + 6
core   0: 0 0x800071d4 (0xc299)
core   0: 0x800071d6 (0x000088cd) c.andi  s1, 19
core   0: 0 0x800071d6 (0x88cd) x9  0x00000001
core   0: 0x800071d8 (0x0000e60d) c.bnez  a2, pc + 42
core   0: 0 0x800071d8 (0xe60d)
core   0: 0x80007202 (0x02df4f33) div     t5, t5, a3
core   0: 0 0x80007202 (0x02df4f33) x30 0x00000000
core   0: 0x80007206 (0x0000925a) c.add   tp, s6
core   0: 0 0x80007206 (0x925a) x4  0xa77cf16c
core   0: 0x80007208 (0xc791ad13) slti    s10, gp, -903
core   0: 0 0x80007208 (0xc791ad13) x26 0x00000000
core   0: 0x8000720c (0x0000100f) fence.i
core   0: 0 0x8000720c (0x0000100f)
core   0: 0x80007210 (0xde6dcd13) xori    s10, s11, -538
core   0: 0 0x80007210 (0xde6dcd13) x26 0x00000008
core   0: 0x80007214 (0x00079cb3) sll     s9, a5, zero
core   0: 0 0x80007214 (0x00079cb3) x25 0x80025ce4
core   0: 0x80007218 (0xbe6f0d93) addi    s11, t5, -1050
core   0: 0 0x80007218 (0xbe6f0d93) x27 0xfffffbe6
core   0: 0x8000721c (0x02e99963) bne     s3, a4, pc + 50
core   0: 0 0x8000721c (0x02e99963)
core   0: 0x8000724e (0x00008e4d) c.or    a2, a1
core   0: 0 0x8000724e (0x8e4d) x12 0x80025eed
core   0: 0x80007250 (0x00f348b3) xor     a7, t1, a5
core   0: 0 0x80007250 (0x00f348b3) x17 0x80025ce4
core   0: 0x80007254 (0x9802e113) ori     sp, t0, -1664
core   0: 0 0x80007254 (0x9802e113) x2  0xfffffffe
core   0: 0x80007258 (0x00008c62) c.mv    s8, s8
core   0: 0 0x80007258 (0x8c62) x24 0x00000000
core   0: 0x8000725a (0x009792b3) sll     t0, a5, s1
core   0: 0 0x8000725a (0x009792b3) x5  0x0004b9c8
core   0: 0x8000725e (0x40d15433) sra     s0, sp, a3
core   0: 0 0x8000725e (0x40d15433) x8  0xfffffffe
core   0: 0x80007262 (0x0000717d) c.addi16sp sp, -16
core   0: 0 0x80007262 (0x717d) x2  0xffffffee
core   0: 0x80007264 (0x196fef93) ori     t6, t6, 406
core   0: 0 0x80007264 (0x196fef93) x31 0x00000196
core   0: 0x80007268 (0x020f5863) bgez    t5, pc + 48
core   0: 0 0x80007268 (0x020f5863)
core   0: 0x80007298 (0x0000e985) c.bnez  a1, pc + 48
core   0: 0 0x80007298 (0xe985)
core   0: 0x800072c8 (0x968b2e93) slti    t4, s6, -1688
core   0: 0 0x800072c8 (0x968b2e93) x29 0x00000000
core   0: 0x800072cc (0x02aac833) div     a6, s5, a0
core   0: 0 0x800072cc (0x02aac833) x16 0x00000000
core   0: 0x800072d0 (0x01d5aa33) slt     s4, a1, t4
core   0: 0 0x800072d0 (0x01d5aa33) x20 0x00000001
core   0: 0x800072d4 (0x3f798313) addi    t1, s3, 1015
core   0: 0 0x800072d4 (0x3f798313) x6  0x004be177
core   0: 0x800072d8 (0x010b6233) or      tp, s6, a6
core   0: 0 0x800072d8 (0x010b6233) x4  0x00000000
core   0: 0x800072dc (0x0126e333) or      t1, a3, s2
core   0: 0 0x800072dc (0x0126e333) x6  0x810fbf74
core   0: 0x800072e0 (0x02f45eb3) divu    t4, s0, a5
core   0: 0 0x800072e0 (0x02f45eb3) x29 0x00000001
core   0: 0x800072e4 (0x00000eae) c.slli  t4, 11
core   0: 0 0x800072e4 (0x0eae) x29 0x00000800
core   0: 0x800072e6 (0x0000008c) c.addi4spn a1, sp, 64
core   0: 0 0x800072e6 (0x008c) x11 0x0000002e
core   0: 0x800072e8 (0x0000717d) c.addi16sp sp, -16
core   0: 0 0x800072e8 (0x717d) x2  0xffffffde
core   0: 0x800072ea (0x01e97863) bgeu    s2, t5, pc + 16
core   0: 0 0x800072ea (0x01e97863)
core   0: 0x800072fa (0x00000001) c.nop
core   0: 0 0x800072fa (0x0001)
core   0: 0x800072fc (0x00008e9d) c.sub   a3, a5
core   0: 0 0x800072fc (0x8e9d) x13 0x810d5d1c
core   0: 0x800072fe (0x000085e5) c.srai  a1, 25
core   0: 0 0x800072fe (0x85e5) x11 0x00000000
core   0: 0x80007300 (0x5054ca13) xori    s4, s1, 1285
core   0: 0 0x80007300 (0x5054ca13) x20 0x00000504
core   0: 0x80007304 (0x000082ba) c.mv    t0, a4
core   0: 0 0x80007304 (0x82ba) x5  0xbcc25e65
core   0: 0x80007306 (0x00004f61) c.li    t5, 24
core   0: 0 0x80007306 (0x4f61) x30 0x00000018
core   0: 0x80007308 (0x002c5493) srli    s1, s8, 2
core   0: 0 0x80007308 (0x002c5493) x9  0x00000000
core   0: 0x8000730c (0x0184d6b3) srl     a3, s1, s8
core   0: 0 0x8000730c (0x0184d6b3) x13 0x00000000
core   0: 0x80007310 (0x59e7e593) ori     a1, a5, 1438
core   0: 0 0x80007310 (0x59e7e593) x11 0x80025dfe
core   0: 0x80007314 (0x0000874d) c.srai  a4, 19
core   0: 0 0x80007314 (0x874d) x14 0xfffff798
core   0: 0x80007316 (0x006e3533) sltu    a0, t3, t1
core   0: 0 0x80007316 (0x006e3533) x10 0x00000001
core   0: 0x8000731a (0x05724263) blt     tp, s7, pc + 68
core   0: 0 0x8000731a (0x05724263)
core   0: 0x8000731e (0x03526663) bltu    tp, s5, pc + 44
core   0: 0 0x8000731e (0x03526663)
core   0: 0x80007322 (0x022c5cb3) divu    s9, s8, sp
core   0: 0 0x80007322 (0x022c5cb3) x25 0x00000000
core   0: 0x80007326 (0x0ff0000f) fence   iorw,iorw
core   0: 0 0x80007326 (0x0ff0000f)
core   0: 0x8000732a (0x00008615) c.srai  a2, 5
core   0: 0 0x8000732a (0x8615) x12 0xfc0012f7
core   0: 0x8000732c (0x00008c45) c.or    s0, s1
core   0: 0 0x8000732c (0x8c45) x8  0xfffffffe
core   0: 0x8000732e (0x02421133) mulh    sp, tp, tp
core   0: 0 0x8000732e (0x02421133) x2  0x00000000
core   0: 0x80007332 (0x013d10b3) sll     ra, s10, s3
core   0: 0 0x80007332 (0x013d10b3) x1  0x00000008
core   0: 0x80007336 (0x00006c05) c.lui   s8, 0x1
core   0: 0 0x80007336 (0x6c05) x24 0x00001000
core   0: 0x80007338 (0x00008c85) c.sub   s1, s1
core   0: 0 0x80007338 (0x8c85) x9  0x00000000
core   0: 0x8000733a (0x003f1013) slli    zero, t5, 3
core   0: 0 0x8000733a (0x003f1013)
core   0: 0x8000733e (0x00d3d5b3) srl     a1, t2, a3
core   0: 0 0x8000733e (0x00d3d5b3) x11 0x80000000
core   0: 0x80007342 (0x02435463) bge     t1, tp, pc + 40
core   0: 0 0x80007342 (0x02435463)
core   0: 0x80007346 (0x01395463) bge     s2, s3, pc + 8
core   0: 0 0x80007346 (0x01395463)
core   0: 0x8000734a (0x0201bbb3) mulhu   s7, gp, zero
core   0: 0 0x8000734a (0x0201bbb3) x23 0x00000000
core   0: 0x8000734e (0x55c7b713) sltiu   a4, a5, 1372
core   0: 0 0x8000734e (0x55c7b713) x14 0x00000000
core   0: 0x80007352 (0x69f77097) auipc   ra, 0x69f77
core   0: 0 0x80007352 (0x69f77097) x1  0xe9f7e352
core   0: 0x80007356 (0x02f684b3) mul     s1, a3, a5
core   0: 0 0x80007356 (0x02f684b3) x9  0x00000000
core   0: 0x8000735a (0xb2a9af17) auipc   t5, 0xb2a9a
core   0: 0 0x8000735a (0xb2a9af17) x30 0x32aa135a
core   0: 0x8000735e (0x40e55933) sra     s2, a0, a4
core   0: 0 0x8000735e (0x40e55933) x18 0x00000001
core   0: 0x80007362 (0x03f24063) blt     tp, t6, pc + 32
core   0: 0 0x80007362 (0x03f24063)
core   0: 0x80007382 (0x018b2d33) slt     s10, s6, s8
core   0: 0 0x80007382 (0x018b2d33) x26 0x00000001
core   0: 0x80007386 (0x0000ee8d) c.bnez  a3, pc + 58
core   0: 0 0x80007386 (0xee8d)
core   0: 0x80007388 (0x00000001) c.nop
core   0: 0 0x80007388 (0x0001)
core   0: 0x8000738a (0x000080b1) c.srli  s1, 12
core   0: 0 0x8000738a (0x80b1) x9  0x00000000
core   0: 0x8000738c (0x0000ea01) c.bnez  a2, pc + 16
core   0: 0 0x8000738c (0xea01)
core   0: 0x8000739c (0x0023ed33) or      s10, t2, sp
core   0: 0 0x8000739c (0x0023ed33) x26 0x80000000
core   0: 0x800073a0 (0x01404333) xor     t1, zero, s4
core   0: 0 0x800073a0 (0x01404333) x6  0x00000504
core   0: 0x800073a4 (0x51506113) ori     sp, zero, 1301
core   0: 0 0x800073a4 (0x51506113) x2  0x00000515
core   0: 0x800073a8 (0x028531b3) mulhu   gp, a0, s0
core   0: 0 0x800073a8 (0x028531b3) x3  0x00000000
core   0: 0x800073ac (0x0264d563) bge     s1, t1, pc + 42
core   0: 0 0x800073ac (0x0264d563)
core   0: 0x800073b0 (0x000006f2) c.slli  a3, 28
core   0: 0 0x800073b0 (0x06f2) x13 0x00000000
core   0: 0x800073b2 (0x02c916b3) mulh    a3, s2, a2
core   0: 0 0x800073b2 (0x02c916b3) x13 0xffffffff
core   0: 0x800073b6 (0x03476cb3) rem     s9, a4, s4
core   0: 0 0x800073b6 (0x03476cb3) x25 0x00000000
core   0: 0x800073ba (0x00000500) c.addi4spn s0, sp, 640
core   0: 0 0x800073ba (0x0500) x8  0x00000795
core   0: 0x800073bc (0x00004b69) c.li    s6, 26
core   0: 0 0x800073bc (0x4b69) x22 0x0000001a
core   0: 0x800073be (0x000059fd) c.li    s3, -1
core   0: 0 0x800073be (0x59fd) x19 0xffffffff
core   0: 0x800073c0 (0x023e50b3) divu    ra, t3, gp
core   0: 0 0x800073c0 (0x023e50b3) x1  0xffffffff
core   0: 0x800073c4 (0x6fab3893) sltiu   a7, s6, 1786
core   0: 0 0x800073c4 (0x6fab3893) x17 0x00000001
core   0: 0x800073c8 (0x41805433) sra     s0, zero, s8
core   0: 0 0x800073c8 (0x41805433) x8  0x00000000
core   0: 0x800073cc (0x03a11bb3) mulh    s7, sp, s10
core   0: 0 0x800073cc (0x03a11bb3) x23 0xfffffd75
core   0: 0x800073d0 (0x0000e129) c.bnez  a0, pc + 66
core   0: 0 0x800073d0 (0xe129)
core   0: 0x80007412 (0x012f1b93) slli    s7, t5, 18
core   0: 0 0x80007412 (0x012f1b93) x23 0x4d680000
core   0: 0x80007416 (0x1a08a013) slti    zero, a7, 416
core   0: 0 0x80007416 (0x1a08a013)
core   0: 0x8000741a (0x400a0bb3) sub     s7, s4, zero
core   0: 0 0x8000741a (0x400a0bb3) x23 0x00000504
core   0: 0x8000741e (0x00925a93) srli    s5, tp, 9
core   0: 0 0x8000741e (0x00925a93) x21 0x00000000
core   0: 0x80007422 (0x000016fd) c.addi  a3, -1
core   0: 0 0x80007422 (0x16fd) x13 0xfffffffe
core   0: 0x80007424 (0x03238fb3) mul     t6, t2, s2
core   0: 0 0x80007424 (0x03238fb3) x31 0x80000000
core   0: 0x80007428 (0x0205c233) div     tp, a1, zero
core   0: 0 0x80007428 (0x0205c233) x4  0xffffffff
core   0: 0x8000742c (0x41b0db33) sra     s6, ra, s11
core   0: 0 0x8000742c (0x41b0db33) x22 0xffffffff
core   0: 0x80007430 (0x0000177d) c.addi  a4, -1
core   0: 0 0x80007430 (0x177d) x14 0xffffffff
core   0: 0x80007432 (0x41de5613) srai    a2, t3, 29
core   0: 0 0x80007432 (0x41de5613) x12 0xfffffffc
core   0: 0x80007436 (0x000098fd) c.andi  s1, -1
core   0: 0 0x80007436 (0x98fd) x9  0x00000000
core   0: 0x80007438 (0x03bc3533) mulhu   a0, s8, s11
core   0: 0 0x80007438 (0x03bc3533) x10 0x00000fff
core   0: 0x8000743c (0x00004c3d) c.li    s8, 15
core   0: 0 0x8000743c (0x4c3d) x24 0x0000000f
core   0: 0x8000743e (0x03a29963) bne     t0, s10, pc + 50
core   0: 0 0x8000743e (0x03a29963)
core   0: 0x80007470 (0xe9340c93) addi    s9, s0, -365
core   0: 0 0x80007470 (0xe9340c93) x25 0xfffffe93
core   0: 0x80007474 (0x00009876) c.add   a6, t4
core   0: 0 0x80007474 (0x9876) x16 0x00000800
core   0: 0x80007476 (0x03f30fb3) mul     t6, t1, t6
core   0: 0 0x80007476 (0x03f30fb3) x31 0x00000000
core   0: 0x8000747a (0x00e80d33) add     s10, a6, a4
core   0: 0 0x8000747a (0x00e80d33) x26 0x000007ff
core   0: 0x8000747e (0x0fb74893) xori    a7, a4, 251
core   0: 0 0x8000747e (0x0fb74893) x17 0xffffff04
core   0: 0x80007482 (0x00008691) c.srai  a3, 4
core   0: 0 0x80007482 (0x8691) x13 0xffffffff
core   0: 0x80007484 (0x00008e25) c.xor   a2, s1
core   0: 0 0x80007484 (0x8e25) x12 0xfffffffc
core   0: 0x80007486 (0x00008641) c.srai  a2, 16
core   0: 0 0x80007486 (0x8641) x12 0xffffffff
core   0: 0x80007488 (0x00008c6d) c.and   s0, a1
core   0: 0 0x80007488 (0x8c6d) x8  0x00000000
core   0: 0x8000748a (0x00b49663) bne     s1, a1, pc + 12
core   0: 0 0x8000748a (0x00b49663)
core   0: 0x80007496 (0x00000776) c.slli  a4, 29
core   0: 0 0x80007496 (0x0776) x14 0xe0000000
core   0: 0x80007498 (0x00000e14) c.addi4spn a3, sp, 784
core   0: 0 0x80007498 (0x0e14) x13 0x00000825
core   0: 0x8000749a (0x00008d89) c.sub   a1, a0
core   0: 0 0x8000749a (0x8d89) x11 0x7ffff001
core   0: 0x8000749c (0x41035093) srai    ra, t1, 16
core   0: 0 0x8000749c (0x41035093) x1  0x00000000
core   0: 0x800074a0 (0x02fdb033) mulhu   zero, s11, a5
core   0: 0 0x800074a0 (0x02fdb033)
core   0: 0x800074a4 (0x02ea7063) bgeu    s4, a4, pc + 32
core   0: 0 0x800074a4 (0x02ea7063)
core   0: 0x800074a8 (0x0ff0000f) fence   iorw,iorw
core   0: 0 0x800074a8 (0x0ff0000f)
core   0: 0x800074ac (0x0fb60613) addi    a2, a2, 251
core   0: 0 0x800074ac (0x0fb60613) x12 0x000000fa
core   0: 0x800074b0 (0x01f1f0b3) and     ra, gp, t6
core   0: 0 0x800074b0 (0x01f1f0b3) x1  0x00000000
core   0: 0x800074b4 (0x40d35333) sra     t1, t1, a3
core   0: 0 0x800074b4 (0x40d35333) x6  0x00000028
core   0: 0x800074b8 (0x03c25f33) divu    t5, tp, t3
core   0: 0 0x800074b8 (0x03c25f33) x30 0x00000001
core   0: 0x800074bc (0x00006c7d) c.lui   s8, 0x1f
core   0: 0 0x800074bc (0x6c7d) x24 0x0001f000
core   0: 0x800074be (0x03479bb3) mulh    s7, a5, s4
core   0: 0 0x800074be (0x03479bb3) x23 0xfffffd7e
core   0: 0x800074c2 (0x00008646) c.mv    a2, a7
core   0: 0 0x800074c2 (0x8646) x12 0xffffff04
core   0: 0x800074c4 (0x0000cd01) c.beqz  a0, pc + 24
core   0: 0 0x800074c4 (0xcd01)
core   0: 0x800074c6 (0x00000001) c.nop
core   0: 0 0x800074c6 (0x0001)
core   0: 0x800074c8 (0x0324d1b3) divu    gp, s1, s2
core   0: 0 0x800074c8 (0x0324d1b3) x3  0x00000000
core   0: 0x800074cc (0x14967293) andi    t0, a2, 329
core   0: 0 0x800074cc (0x14967293) x5  0x00000100
core   0: 0x800074d0 (0x00008c31) c.xor   s0, a2
core   0: 0 0x800074d0 (0x8c31) x8  0xffffff04
core   0: 0x800074d2 (0x031dbdb3) mulhu   s11, s11, a7
core   0: 0 0x800074d2 (0x031dbdb3) x27 0xfffffaea
core   0: 0x800074d6 (0x00008319) c.srli  a4, 6
core   0: 0 0x800074d6 (0x8319) x14 0x03800000
core   0: 0x800074d8 (0x0ff0000f) fence   iorw,iorw
core   0: 0 0x800074d8 (0x0ff0000f)
core   0: 0x800074dc (0x00006515) c.lui   a0, 0x5
core   0: 0 0x800074dc (0x6515) x10 0x00005000
core   0: 0x800074de (0x00008b62) c.mv    s6, s8
core   0: 0 0x800074de (0x8b62) x22 0x0001f000
core   0: 0x800074e0 (0x00000001) c.nop
core   0: 0 0x800074e0 (0x0001)
core   0: 0x800074e2 (0x33fb0993) addi    s3, s6, 831
core   0: 0 0x800074e2 (0x33fb0993) x19 0x0001f33f
core   0: 0x800074e6 (0x02c99963) bne     s3, a2, pc + 50
core   0: 0 0x800074e6 (0x02c99963)
core   0: 0x80007518 (0x0000547d) c.li    s0, -1
core   0: 0 0x80007518 (0x547d) x8  0xffffffff
core   0: 0x8000751a (0x01549413) slli    s0, s1, 21
core   0: 0 0x8000751a (0x01549413) x8  0x00000000
core   0: 0x8000751e (0x01d82cb3) slt     s9, a6, t4
core   0: 0 0x8000751e (0x01d82cb3) x25 0x00000000
core   0: 0x80007522 (0x000086ed) c.srai  a3, 27
core   0: 0 0x80007522 (0x86ed) x13 0x00000000
core   0: 0x80007524 (0x00009446) c.add   s0, a7
core   0: 0 0x80007524 (0x9446) x8  0xffffff04
core   0: 0x80007526 (0x000081a9) c.srli  a1, 10
core   0: 0 0x80007526 (0x81a9) x11 0x001ffffc
core   0: 0x80007528 (0x58f57217) auipc   tp, 0x58f57
core   0: 0 0x80007528 (0x58f57217) x4  0xd8f5e528
core   0: 0x8000752c (0x026e45b3) div     a1, t3, t1
core   0: 0 0x8000752c (0x026e45b3) x11 0xfcccda5b
core   0: 0x80007530 (0x0000e499) c.bnez  s1, pc + 14
core   0: 0 0x80007530 (0xe499)
core   0: 0x80007532 (0x02e43933) mulhu   s2, s0, a4
core   0: 0 0x80007532 (0x02e43933) x18 0x037ffffc
core   0: 0x80007536 (0x017d5863) bge     s10, s7, pc + 16
core   0: 0 0x80007536 (0x017d5863)
core   0: 0x80007546 (0x020f41b3) div     gp, t5, zero
core   0: 0 0x80007546 (0x020f41b3) x3  0xffffffff
core   0: 0x8000754a (0x00008091) c.srli  s1, 4
core   0: 0 0x8000754a (0x8091) x9  0x00000000
core   0: 0x8000754c (0xa7f98837) lui     a6, 0xa7f98
core   0: 0 0x8000754c (0xa7f98837) x16 0xa7f98000
core   0: 0x80007550 (0x0000717d) c.addi16sp sp, -16
core   0: 0 0x80007550 (0x717d) x2  0x00000505
core   0: 0x80007552 (0x00bb4ab3) xor     s5, s6, a1
core   0: 0 0x80007552 (0x00bb4ab3) x21 0xfccd2a5b
core   0: 0x80007556 (0x8da32f93) slti    t6, t1, -1830
core   0: 0 0x80007556 (0x8da32f93) x31 0x00000000
core   0: 0x8000755a (0x00004981) c.li    s3, 0
core   0: 0 0x8000755a (0x4981) x19 0x00000000
core   0: 0x8000755c (0x02d63633) mulhu   a2, a2, a3
core   0: 0 0x8000755c (0x02d63633) x12 0x00000000
core   0: 0x80007560 (0x0000019d) c.addi  gp, 7
core   0: 0 0x80007560 (0x019d) x3  0x00000006
core   0: 0x80007562 (0x00008ea5) c.xor   a3, s1
core   0: 0 0x80007562 (0x8ea5) x13 0x00000000
core   0: 0x80007564 (0x4078dcb3) sra     s9, a7, t2
core   0: 0 0x80007564 (0x4078dcb3) x25 0xffffff04
core   0: 0x80007568 (0x00008d75) c.and   a0, a3
core   0: 0 0x80007568 (0x8d75) x10 0x00000000
core   0: 0x8000756a (0x40c68733) sub     a4, a3, a2
core   0: 0 0x8000756a (0x40c68733) x14 0x00000000
core   0: 0x8000756e (0x00000001) c.nop
core   0: 0 0x8000756e (0x0001)
core   0: 0x80007570 (0xe6360c93) addi    s9, a2, -413
core   0: 0 0x80007570 (0xe6360c93) x25 0xfffffe63
core   0: 0x80007574 (0x037489b3) mul     s3, s1, s7
core   0: 0 0x80007574 (0x037489b3) x19 0x00000000
core   0: 0x80007578 (0x03456833) rem     a6, a0, s4
core   0: 0 0x80007578 (0x03456833) x16 0x00000000
core   0: 0x8000757c (0x0000100f) fence.i
core   0: 0 0x8000757c (0x0000100f)
core   0: 0x80007580 (0x0000c71d) c.beqz  a4, pc + 46
core   0: 0 0x80007580 (0xc71d)
core   0: 0x800075ae (0x000082e5) c.srli  a3, 25
core   0: 0 0x800075ae (0x82e5) x13 0x00000000
core   0: 0x800075b0 (0x00000001) c.nop
core   0: 0 0x800075b0 (0x0001)
core   0: 0x800075b2 (0x0000987d) c.andi  s0, -1
core   0: 0 0x800075b2 (0x987d) x8  0xffffff04
core   0: 0x800075b4 (0x0ff0000f) fence   iorw,iorw
core   0: 0 0x800075b4 (0x0ff0000f)
core   0: 0x800075b8 (0x02081a33) mulh    s4, a6, zero
core   0: 0 0x800075b8 (0x02081a33) x20 0x00000000
core   0: 0x800075bc (0x177d96b7) lui     a3, 0x177d9
core   0: 0 0x800075bc (0x177d96b7) x13 0x177d9000
core   0: 0x800075c0 (0x00000001) c.nop
core   0: 0 0x800075c0 (0x0001)
core   0: 0x800075c2 (0x028eb1b3) mulhu   gp, t4, s0
core   0: 0 0x800075c2 (0x028eb1b3) x3  0x000007ff
core   0: 0x800075c6 (0x03f1c9b3) div     s3, gp, t6
core   0: 0 0x800075c6 (0x03f1c9b3) x19 0xffffffff
core   0: 0x800075ca (0x02c20f63) beq     tp, a2, pc + 62
core   0: 0 0x800075ca (0x02c20f63)
core   0: 0x800075ce (0x03db81b3) mul     gp, s7, t4
core   0: 0 0x800075ce (0x03db81b3) x3  0xffebf000
core   0: 0x800075d2 (0x00008326) c.mv    t1, s1
core   0: 0 0x800075d2 (0x8326) x6  0x00000000
core   0: 0x800075d4 (0x5e0bb413) sltiu   s0, s7, 1504
core   0: 0 0x800075d4 (0x5e0bb413) x8  0x00000000
core   0: 0x800075d8 (0x00008405) c.srai  s0, 1
core   0: 0 0x800075d8 (0x8405) x8  0x00000000
core   0: 0x800075da (0x0077e4b3) or      s1, a5, t2
core   0: 0 0x800075da (0x0077e4b3) x9  0x80025ce4
core   0: 0x800075de (0xa131cf13) xori    t5, gp, -1517
core   0: 0 0x800075de (0xa131cf13) x30 0x00140a13
core   0: 0x800075e2 (0x00000001) c.nop
core   0: 0 0x800075e2 (0x0001)
core   0: 0x800075e4 (0x1bdd8d13) addi    s10, s11, 445
core   0: 0 0x800075e4 (0x1bdd8d13) x26 0xfffffca7
core   0: 0x800075e8 (0x00008f2d) c.xor   a4, a1
core   0: 0 0x800075e8 (0x8f2d) x14 0xfcccda5b
core   0: 0x800075ea (0xd05e6013) ori     zero, t3, -763
core   0: 0 0x800075ea (0xd05e6013)
core   0: 0x800075ee (0xb8622bb7) lui     s7, 0xb8622
core   0: 0 0x800075ee (0xb8622bb7) x23 0xb8622000
core   0: 0x800075f2 (0x01d2b2b3) sltu    t0, t0, t4
core   0: 0 0x800075f2 (0x01d2b2b3) x5  0x00000001
core   0: 0x800075f6 (0x005dd363) bge     s11, t0, pc + 6
core   0: 0 0x800075f6 (0x005dd363)
core   0: 0x800075fa (0x00008e15) c.sub   a2, a3
core   0: 0 0x800075fa (0x8e15) x12 0xe8827000
core   0: 0x800075fc (0x03e32db3) mulhsu  s11, t1, t5
core   0: 0 0x800075fc (0x03e32db3) x27 0x00000000
core   0: 0x80007600 (0x02733533) mulhu   a0, t1, t2
core   0: 0 0x80007600 (0x02733533) x10 0x00000000
core   0: 0x80007604 (0x03ddaeb3) mulhsu  t4, s11, t4
core   0: 0 0x80007604 (0x03ddaeb3) x29 0x00000000
core   0: 0x80007608 (0x419c8133) sub     sp, s9, s9
core   0: 0 0x80007608 (0x419c8133) x2  0x00000000
core   0: 0x8000760c (0x00001710) c.addi4spn a2, sp, 928
core   0: 0 0x8000760c (0x1710) x12 0x000003a0
core   0: 0x8000760e (0x00008109) c.srli  a0, 2
core   0: 0 0x8000760e (0x8109) x10 0x00000000
core   0: 0x80007610 (0x01a432b3) sltu    t0, s0, s10
core   0: 0 0x80007610 (0x01a432b3) x5  0x00000001
core   0: 0x80007614 (0x00008d0d) c.sub   a0, a1
core   0: 0 0x80007614 (0x8d0d) x10 0x033325a5
core   0: 0x80007616 (0x03eb1cb3) mulh    s9, s6, t5
core   0: 0 0x80007616 (0x03eb1cb3) x25 0x00000026
core   0: 0x8000761a (0x03ef6633) rem     a2, t5, t5
core   0: 0 0x8000761a (0x03ef6633) x12 0x00000000
core   0: 0x8000761e (0x02c82eb3) mulhsu  t4, a6, a2
core   0: 0 0x8000761e (0x02c82eb3) x29 0x00000000
core   0: 0x80007622 (0x00fd2ab3) slt     s5, s10, a5
core   0: 0 0x80007622 (0x00fd2ab3) x21 0x00000000
core   0: 0x80007626 (0xcb8508b7) lui     a7, 0xcb850
core   0: 0 0x80007626 (0xcb8508b7) x17 0xcb850000
core   0: 0x8000762a (0x00008d49) c.or    a0, a0
core   0: 0 0x8000762a (0x8d49) x10 0x033325a5
core   0: 0x8000762c (0x00001f0c) c.addi4spn a1, sp, 944
core   0: 0 0x8000762c (0x1f0c) x11 0x000003b0
core   0: 0x8000762e (0x8c88a0b7) lui     ra, 0x8c88a
core   0: 0 0x8000762e (0x8c88a0b7) x1  0x8c88a000
core   0: 0x80007632 (0x41a380b3) sub     ra, t2, s10
core   0: 0 0x80007632 (0x41a380b3) x1  0x80000359
core   0: 0x80007636 (0x02e15463) bge     sp, a4, pc + 40
core   0: 0 0x80007636 (0x02e15463)
core   0: 0x8000765e (0xecfea613) slti    a2, t4, -305
core   0: 0 0x8000765e (0xecfea613) x12 0x00000000
core   0: 0x80007662 (0x00005a7d) c.li    s4, -1
core   0: 0 0x80007662 (0x5a7d) x20 0xffffffff
core   0: 0x80007664 (0x018a9493) slli    s1, s5, 24
core   0: 0 0x80007664 (0x018a9493) x9  0x00000000
core   0: 0x80007668 (0x01bfe8b3) or      a7, t6, s11
core   0: 0 0x80007668 (0x01bfe8b3) x17 0x00000000
core   0: 0x8000766c (0x00a81cb3) sll     s9, a6, a0
core   0: 0 0x8000766c (0x00a81cb3) x25 0x00000000
core   0: 0x80007670 (0x00008f7d) c.and   a4, a5
core   0: 0 0x80007670 (0x8f7d) x14 0x80005840
core   0: 0x80007672 (0x02558f33) mul     t5, a1, t0
core   0: 0 0x80007672 (0x02558f33) x30 0x000003b0
core   0: 0x80007676 (0x00a216b3) sll     a3, tp, a0
core   0: 0 0x80007676 (0x00a216b3) x13 0x1ebca500
core   0: 0x8000767a (0xc2806b93) ori     s7, zero, -984
core   0: 0 0x8000767a (0xc2806b93) x23 0xfffffc28
core   0: 0x8000767e (0x02f97b63) bgeu    s2, a5, pc + 54
core   0: 0 0x8000767e (0x02f97b63)
core   0: 0x80007682 (0xec952317) auipc   t1, 0xec952
core   0: 0 0x80007682 (0xec952317) x6  0x6c959682
core   0: 0x80007686 (0xf6bfe4b7) lui     s1, 0xf6bfe
core   0: 0 0x80007686 (0xf6bfe4b7) x9  0xf6bfe000
core   0: 0x8000768a (0x40858733) sub     a4, a1, s0
core   0: 0 0x8000768a (0x40858733) x14 0x000003b0
core   0: 0x8000768e (0x41d9d8b3) sra     a7, s3, t4
core   0: 0 0x8000768e (0x41d9d8b3) x17 0xffffffff
core   0: 0x80007692 (0x02a3d333) divu    t1, t2, a0
core   0: 0 0x80007692 (0x02a3d333) x6  0x00000028
core   0: 0x80007696 (0x039b4733) div     a4, s6, s9
core   0: 0 0x80007696 (0x039b4733) x14 0xffffffff
core   0: 0x8000769a (0xb1172b93) slti    s7, a4, -1263
core   0: 0 0x8000769a (0xb1172b93) x23 0x00000000
core   0: 0x8000769e (0x017b0033) add     zero, s6, s7
core   0: 0 0x8000769e (0x017b0033)
core   0: 0x800076a2 (0x391c3713) sltiu   a4, s8, 913
core   0: 0 0x800076a2 (0x391c3713) x14 0x00000000
core   0: 0x800076a6 (0x00008765) c.srai  a4, 25
core   0: 0 0x800076a6 (0x8765) x14 0x00000000
core   0: 0x800076a8 (0x03250863) beq     a0, s2, pc + 48
core   0: 0 0x800076a8 (0x03250863)
core   0: 0x800076ac (0x04b11163) bne     sp, a1, pc + 66
core   0: 0 0x800076ac (0x04b11163)
core   0: 0x800076ee (0x0000e505) c.bnez  a0, pc + 40
core   0: 0 0x800076ee (0xe505)
core   0: 0x80007716 (0xb34298b7) lui     a7, 0xb3429
core   0: 0 0x80007716 (0xb34298b7) x17 0xb3429000
core   0: 0x8000771a (0x0362bcb3) mulhu   s9, t0, s6
core   0: 0 0x8000771a (0x0362bcb3) x25 0x00000000
core   0: 0x8000771e (0x02c669b3) rem     s3, a2, a2
core   0: 0 0x8000771e (0x02c669b3) x19 0x00000000
core   0: 0x80007722 (0x40940333) sub     t1, s0, s1
core   0: 0 0x80007722 (0x40940333) x6  0x09402000
core   0: 0x80007726 (0x0000098e) c.slli  s3, 3
core   0: 0 0x80007726 (0x098e) x19 0x00000000
core   0: 0x80007728 (0x1dff8193) addi    gp, t6, 479
core   0: 0 0x80007728 (0x1dff8193) x3  0x000001df
core   0: 0x8000772c (0x03e1f463) bgeu    gp, t5, pc + 40
core   0: 0 0x8000772c (0x03e1f463)
core   0: 0x80007730 (0x02a7d463) bge     a5, a0, pc + 40
core   0: 0 0x80007730 (0x02a7d463)
core   0: 0x80007734 (0x0000ea0d) c.bnez  a2, pc + 50
core   0: 0 0x80007734 (0xea0d)
core   0: 0x80007736 (0x00000e8c) c.addi4spn a1, sp, 848
core   0: 0 0x80007736 (0x0e8c) x11 0x00000350
core   0: 0x80007738 (0x0000010c) c.addi4spn a1, sp, 128
core   0: 0 0x80007738 (0x010c) x11 0x00000080
core   0: 0x8000773a (0x035f1eb3) mulh    t4, t5, s5
core   0: 0 0x8000773a (0x035f1eb3) x29 0x00000000
core   0: 0x8000773e (0x03b5c863) blt     a1, s11, pc + 48
core   0: 0 0x8000773e (0x03b5c863)
core   0: 0x80007742 (0x0000950a) c.add   a0, sp
core   0: 0 0x80007742 (0x950a) x10 0x033325a5
core   0: 0x80007744 (0x002886b3) add     a3, a7, sp
core   0: 0 0x80007744 (0x002886b3) x13 0xb3429000
core   0: 0x80007748 (0x00006c3d) c.lui   s8, 0xf
core   0: 0 0x80007748 (0x6c3d) x24 0x0000f000
core   0: 0x8000774a (0x40cddbb3) sra     s7, s11, a2
core   0: 0 0x8000774a (0x40cddbb3) x23 0x00000000
core   0: 0x8000774e (0x03dd9d63) bne     s11, t4, pc + 58
core   0: 0 0x8000774e (0x03dd9d63)
core   0: 0x80007752 (0x00008d61) c.and   a0, s0
core   0: 0 0x80007752 (0x8d61) x10 0x00000000
core   0: 0x80007754 (0x0ff0000f) fence   iorw,iorw
core   0: 0 0x80007754 (0x0ff0000f)
core   0: 0x80007758 (0x01d16633) or      a2, sp, t4
core   0: 0 0x80007758 (0x01d16633) x12 0x00000000
core   0: 0x8000775c (0x01509533) sll     a0, ra, s5
core   0: 0 0x8000775c (0x01509533) x10 0x80000359
core   0: 0x80007760 (0x00c87f33) and     t5, a6, a2
core   0: 0 0x80007760 (0x00c87f33) x30 0x00000000
core   0: 0x80007764 (0x00001798) c.addi4spn a4, sp, 992
core   0: 0 0x80007764 (0x1798) x14 0x000003e0
core   0: 0x80007766 (0x005e9763) bne     t4, t0, pc + 14
core   0: 0 0x80007766 (0x005e9763)
core   0: 0x80007774 (0x0008c5b3) xor     a1, a7, zero
core   0: 0 0x80007774 (0x0008c5b3) x11 0xb3429000
core   0: 0x80007778 (0x00008155) c.srli  a0, 21
core   0: 0 0x80007778 (0x8155) x10 0x00000400
core   0: 0x8000777a (0x02334bb3) div     s7, t1, gp
core   0: 0 0x8000777a (0x02334bb3) x23 0x0004f1a3
core   0: 0x8000777e (0x00008571) c.srai  a0, 28
core   0: 0 0x8000777e (0x8571) x10 0x00000000
core   0: 0x80007780 (0x00000001) c.nop
core   0: 0 0x80007780 (0x0001)
core   0: 0x80007782 (0xd4833b13) sltiu   s6, t1, -696
core   0: 0 0x80007782 (0xd4833b13) x22 0x00000001
core   0: 0x80007786 (0x00009996) c.add   s3, t0
core   0: 0 0x80007786 (0x9996) x19 0x00000001
core   0: 0x80007788 (0x00000eea) c.slli  t4, 26
core   0: 0 0x80007788 (0x0eea) x29 0x00000000
core   0: 0x8000778a (0x00008ca1) c.xor   s1, s0
core   0: 0 0x8000778a (0x8ca1) x9  0xf6bfe000
core   0: 0x8000778c (0x00008625) c.srai  a2, 9
core   0: 0 0x8000778c (0x8625) x12 0x00000000
core   0: 0x8000778e (0x00008d71) c.and   a0, a2
core   0: 0 0x8000778e (0x8d71) x10 0x00000000
core   0: 0x80007790 (0x39a07513) andi    a0, zero, 922
core   0: 0 0x80007790 (0x39a07513) x10 0x00000000
core   0: 0x80007794 (0x0000c691) c.beqz  a3, pc + 12
core   0: 0 0x80007794 (0xc691)
core   0: 0x80007796 (0x5fd42a13) slti    s4, s0, 1533
core   0: 0 0x80007796 (0x5fd42a13) x20 0x00000001
core   0: 0x8000779a (0x0000167d) c.addi  a2, -1
core   0: 0 0x8000779a (0x167d) x12 0xffffffff
core   0: 0x8000779c (0x01b56c33) or      s8, a0, s11
core   0: 0 0x8000779c (0x01b56c33) x24 0x00000000
core   0: 0x800077a0 (0x000088c9) c.andi  s1, 18
core   0: 0 0x800077a0 (0x88c9) x9  0x00000000
core   0: 0x800077a2 (0x00008db5) c.xor   a1, a3
core   0: 0 0x800077a2 (0x8db5) x11 0x00000000
core   0: 0x800077a4 (0x400cd593) srai    a1, s9, 0
core   0: 0 0x800077a4 (0x400cd593) x11 0x00000000
core   0: 0x800077a8 (0x011901b3) add     gp, s2, a7
core   0: 0 0x800077a8 (0x011901b3) x3  0xb6c28ffc
core   0: 0x800077ac (0x0000717d) c.addi16sp sp, -16
core   0: 0 0x800077ac (0x717d) x2  0xfffffff0
core   0: 0x800077ae (0x00007033) and     zero, zero, zero
core   0: 0 0x800077ae (0x00007033)
core   0: 0x800077b2 (0x00000741) c.addi  a4, 16
core   0: 0 0x800077b2 (0x0741) x14 0x000003f0
core   0: 0x800077b4 (0x02103933) mulhu   s2, zero, ra
core   0: 0 0x800077b4 (0x02103933) x18 0x00000000
core   0: 0x800077b8 (0x00006119) c.addi16sp sp, 384
core   0: 0 0x800077b8 (0x6119) x2  0x00000170
core   0: 0x800077ba (0x006f3c33) sltu    s8, t5, t1
core   0: 0 0x800077ba (0x006f3c33) x24 0x00000001
core   0: 0x800077be (0x00000001) c.nop
core   0: 0 0x800077be (0x0001)
core   0: 0x800077c0 (0x00000aaa) c.slli  s5, 10
core   0: 0 0x800077c0 (0x0aaa) x21 0x00000000
core   0: 0x800077c2 (0x02e5f0b3) remu    ra, a1, a4
core   0: 0 0x800077c2 (0x02e5f0b3) x1  0x00000000
core   0: 0x800077c6 (0x0256a133) mulhsu  sp, a3, t0
core   0: 0 0x800077c6 (0x0256a133) x2  0xffffffff
core   0: 0x800077ca (0x00bcc9b3) xor     s3, s9, a1
core   0: 0 0x800077ca (0x00bcc9b3) x19 0x00000000
core   0: 0x800077ce (0x00008661) c.srai  a2, 24
core   0: 0 0x800077ce (0x8661) x12 0xffffffff
core   0: 0x800077d0 (0x00c41263) bne     s0, a2, pc + 4
core   0: 0 0x800077d0 (0x00c41263)
core   0: 0x800077d4 (0x00008e89) c.sub   a3, a0
core   0: 0 0x800077d4 (0x8e89) x13 0xb3429000
core   0: 0x800077d6 (0x02fd2033) mulhsu  zero, s10, a5
core   0: 0 0x800077d6 (0x02fd2033)
core   0: 0x800077da (0x03d4fb33) remu    s6, s1, t4
core   0: 0 0x800077da (0x03d4fb33) x22 0x00000000
core   0: 0x800077de (0x000002ea) c.slli  t0, 26
core   0: 0 0x800077de (0x02ea) x5  0x04000000
core   0: 0x800077e0 (0x000084b9) c.srai  s1, 14
core   0: 0 0x800077e0 (0x84b9) x9  0x00000000
core   0: 0x800077e2 (0x02b088b3) mul     a7, ra, a1
core   0: 0 0x800077e2 (0x02b088b3) x17 0x00000000
core   0: 0x800077e6 (0xa23b6317) auipc   t1, 0xa23b6
core   0: 0 0x800077e6 (0xa23b6317) x6  0x223bd7e6
core   0: 0x800077ea (0x0000885e) c.mv    a6, s7
core   0: 0 0x800077ea (0x885e) x16 0x0004f1a3
core   0: 0x800077ec (0x0000100f) fence.i
core   0: 0 0x800077ec (0x0000100f)
core   0: 0x800077f0 (0x0ff0000f) fence   iorw,iorw
core   0: 0 0x800077f0 (0x0ff0000f)
core   0: 0x800077f4 (0x00006115) c.addi16sp sp, 288
core   0: 0 0x800077f4 (0x6115) x2  0x0000011f
core   0: 0x800077f6 (0x695b10b7) lui     ra, 0x695b1
core   0: 0 0x800077f6 (0x695b10b7) x1  0x695b1000
core   0: 0x800077fa (0x25c77093) andi    ra, a4, 604
core   0: 0 0x800077fa (0x25c77093) x1  0x00000250
core   0: 0x800077fe (0x00000001) c.nop
core   0: 0 0x800077fe (0x0001)
core   0: 0x80007800 (0x51e1e093) ori     ra, gp, 1310
core   0: 0 0x80007800 (0x51e1e093) x1  0xb6c28ffe
core   0: 0x80007804 (0x00cfbcb3) sltu    s9, t6, a2
core   0: 0 0x80007804 (0x00cfbcb3) x25 0x00000001
core   0: 0x80007808 (0x026d9d63) bne     s11, t1, pc + 58
core   0: 0 0x80007808 (0x026d9d63)
core   0: 0x80007842 (0x004894b3) sll     s1, a7, tp
core   0: 0 0x80007842 (0x004894b3) x9  0x00000000
core   0: 0x80007846 (0x03e95533) divu    a0, s2, t5
core   0: 0 0x80007846 (0x03e95533) x10 0xffffffff
core   0: 0x8000784a (0x00001ffd) c.addi  t6, -1
core   0: 0 0x8000784a (0x1ffd) x31 0xffffffff
core   0: 0x8000784c (0x0000c009) c.beqz  s0, pc + 2
core   0: 0 0x8000784c (0xc009)
core   0: 0x8000784e (0x0121df93) srli    t6, gp, 18
core   0: 0 0x8000784e (0x0121df93) x31 0x00002db0
core   0: 0x80007852 (0x03ed78b3) remu    a7, s10, t5
core   0: 0 0x80007852 (0x03ed78b3) x17 0xfffffca7
core   0: 0x80007856 (0x002e5113) srli    sp, t3, 2
core   0: 0 0x80007856 (0x002e5113) x2  0x2000878d
core   0: 0x8000785a (0x0000c719) c.beqz  a4, pc + 14
core   0: 0 0x8000785a (0xc719)
core   0: 0x8000785c (0x0000717d) c.addi16sp sp, -16
core   0: 0 0x8000785c (0x717d) x2  0x2000877d
core   0: 0x8000785e (0x02e13eb3) mulhu   t4, sp, a4
core   0: 0 0x8000785e (0x02e13eb3) x29 0x0000007e
core   0: 0x80007862 (0x0000e409) c.bnez  s0, pc + 10
core   0: 0 0x80007862 (0xe409)
core   0: 0x80007864 (0x01efebb3) or      s7, t6, t5
core   0: 0 0x80007864 (0x01efebb3) x23 0x00002db0
core   0: 0x80007868 (0x90f18693) addi    a3, gp, -1777
core   0: 0 0x80007868 (0x90f18693) x13 0xb6c2890b
core   0: 0x8000786c (0x01518633) add     a2, gp, s5
core   0: 0 0x8000786c (0x01518633) x12 0xb6c28ffc
core   0: 0x80007870 (0x016db9b3) sltu    s3, s11, s6
core   0: 0 0x80007870 (0x016db9b3) x19 0x00000000
core   0: 0x80007874 (0x0000899d) c.andi  a1, 7
core   0: 0 0x80007874 (0x899d) x11 0x00000000
core   0: 0x80007876 (0x01ad1863) bne     s10, s10, pc + 16
core   0: 0 0x80007876 (0x01ad1863)
core   0: 0x8000787a (0xc0b10cb7) lui     s9, 0xc0b10
core   0: 0 0x8000787a (0xc0b10cb7) x25 0xc0b10000
core   0: 0x8000787e (0x6a59ba13) sltiu   s4, s3, 1701
core   0: 0 0x8000787e (0x6a59ba13) x20 0x00000001
core   0: 0x80007882 (0x00d60733) add     a4, a2, a3
core   0: 0 0x80007882 (0x00d60733) x14 0x6d851907
core   0: 0x80007886 (0x00008951) c.andi  a0, 20
core   0: 0 0x80007886 (0x8951) x10 0x00000014
core   0: 0x80007888 (0x00000d8c) c.addi4spn a1, sp, 720
core   0: 0 0x80007888 (0x0d8c) x11 0x20008a4d
core   0: 0x8000788a (0x41da85b3) sub     a1, s5, t4
core   0: 0 0x8000788a (0x41da85b3) x11 0xffffff82
core   0: 0x8000788e (0x0138f133) and     sp, a7, s3
core   0: 0 0x8000788e (0x0138f133) x2  0x00000000
core   0: 0x80007892 (0x1b51c313) xori    t1, gp, 437
core   0: 0 0x80007892 (0x1b51c313) x6  0xb6c28e49
core   0: 0x80007896 (0x0000100f) fence.i
core   0: 0 0x80007896 (0x0000100f)
core   0: 0x8000789a (0x02b71a33) mulh    s4, a4, a1
core   0: 0 0x8000789a (0x02b71a33) x20 0xffffffca
core   0: 0x8000789e (0x017f66b3) or      a3, t5, s7
core   0: 0 0x8000789e (0x017f66b3) x13 0x00002db0
core   0: 0x800078a2 (0x00000708) c.addi4spn a0, sp, 896
core   0: 0 0x800078a2 (0x0708) x10 0x00000380
core   0: 0x800078a4 (0x01c25963) bge     tp, t3, pc + 18
core   0: 0 0x800078a4 (0x01c25963)
core   0: 0x800078b6 (0x033db2b3) mulhu   t0, s11, s3
core   0: 0 0x800078b6 (0x033db2b3) x5  0x00000000
core   0: 0x800078ba (0x0000717d) c.addi16sp sp, -16
core   0: 0 0x800078ba (0x717d) x2  0xfffffff0
core   0: 0x800078bc (0xf794f4b7) lui     s1, 0xf794f
core   0: 0 0x800078bc (0xf794f4b7) x9  0xf794f000
core   0: 0x800078c0 (0x0000969a) c.add   a3, t1
core   0: 0 0x800078c0 (0x969a) x13 0xb6c2bbf9
core   0: 0x800078c2 (0x000056fd) c.li    a3, -1
core   0: 0 0x800078c2 (0x56fd) x13 0xffffffff
core   0: 0x800078c4 (0x00008c41) c.or    s0, s0
core   0: 0 0x800078c4 (0x8c41) x8  0x00000000
core   0: 0x800078c6 (0x00000001) c.nop
core   0: 0 0x800078c6 (0x0001)
core   0: 0x800078c8 (0x01116663) bltu    sp, a7, pc + 12
core   0: 0 0x800078c8 (0x01116663)
core   0: 0x800078cc (0x0ff0000f) fence   iorw,iorw
core   0: 0 0x800078cc (0x0ff0000f)
core   0: 0x800078d0 (0x00b15a33) srl     s4, sp, a1
core   0: 0 0x800078d0 (0x00b15a33) x20 0x3ffffffc
core   0: 0x800078d4 (0x000065e1) c.lui   a1, 0x18
core   0: 0 0x800078d4 (0x65e1) x11 0x00018000
core   0: 0x800078d6 (0xeb170993) addi    s3, a4, -335
core   0: 0 0x800078d6 (0xeb170993) x19 0x6d8517b8
core   0: 0x800078da (0x4008d6b3) sra     a3, a7, zero
core   0: 0 0x800078da (0x4008d6b3) x13 0xfffffca7
core   0: 0x800078de (0x000000a6) c.slli  ra, 9
core   0: 0 0x800078de (0x00a6) x1  0x851ffc00
core   0: 0x800078e0 (0x00ec1e63) bne     s8, a4, pc + 28
core   0: 0 0x800078e0 (0x00ec1e63)
core   0: 0x800078fc (0x01c4cd63) blt     s1, t3, pc + 26
core   0: 0 0x800078fc (0x01c4cd63)
core   0: 0x80007900 (0x01d6abb3) slt     s7, a3, t4
core   0: 0 0x80007900 (0x01d6abb3) x23 0x00000001
core   0: 0x80007904 (0x00008cd1) c.or    s1, a2
core   0: 0 0x80007904 (0x8cd1) x9  0xf7d6fffc
core   0: 0x80007906 (0x0000e199) c.bnez  a1, pc + 6
core   0: 0 0x80007906 (0xe199)
core   0: 0x8000790c (0x00008641) c.srai  a2, 16
core   0: 0 0x8000790c (0x8641) x12 0xffffb6c2
core   0: 0x8000790e (0x01a35293) srli    t0, t1, 26
core   0: 0 0x8000790e (0x01a35293) x5  0x0000002d
core   0: 0x80007912 (0xc4ae4893) xori    a7, t3, -950
core   0: 0 0x80007912 (0xc4ae4893) x17 0x7ffde27e
core   0: 0x80007916 (0x40ff0633) sub     a2, t5, a5
core   0: 0 0x80007916 (0x40ff0633) x12 0x7ffda31c
core   0: 0x8000791a (0x409ddd33) sra     s10, s11, s1
core   0: 0 0x8000791a (0x409ddd33) x26 0x00000000
core   0: 0x8000791e (0x03521933) mulh    s2, tp, s5
core   0: 0 0x8000791e (0x03521933) x18 0x00000000
core   0: 0x80007922 (0x010c1863) bne     s8, a6, pc + 16
core   0: 0 0x80007922 (0x010c1863)
core   0: 0x80007932 (0x02f670b3) remu    ra, a2, a5
core   0: 0 0x80007932 (0x02f670b3) x1  0x7ffda31c
core   0: 0x80007936 (0x01c61813) slli    a6, a2, 28
core   0: 0 0x80007936 (0x01c61813) x16 0xc0000000
core   0: 0x8000793a (0x01d6f763) bgeu    a3, t4, pc + 14
core   0: 0 0x8000793a (0x01d6f763)
core   0: 0x80007948 (0x00006159) c.addi16sp sp, 400
core   0: 0 0x80007948 (0x6159) x2  0x00000180
core   0: 0x8000794a (0x020a18b3) mulh    a7, s4, zero
core   0: 0 0x8000794a (0x020a18b3) x17 0x00000000
core   0: 0x8000794e (0x00000001) c.nop
core   0: 0 0x8000794e (0x0001)
core   0: 0x80007950 (0x00008b1d) c.andi  a4, 7
core   0: 0 0x80007950 (0x8b1d) x14 0x00000007
core   0: 0x80007952 (0x406ed693) srai    a3, t4, 6
core   0: 0 0x80007952 (0x406ed693) x13 0x00000001
core   0: 0x80007956 (0x00000001) c.nop
core   0: 0 0x80007956 (0x0001)
core   0: 0x80007958 (0x00008c41) c.or    s0, s0
core   0: 0 0x80007958 (0x8c41) x8  0x00000000
core   0: 0x8000795a (0x02525933) divu    s2, tp, t0
core   0: 0 0x8000795a (0x02525933) x18 0x04d243ab
core   0: 0x8000795e (0x0000c589) c.beqz  a1, pc + 10
core   0: 0 0x8000795e (0xc589)
core   0: 0x80007960 (0x02c19a63) bne     gp, a2, pc + 52
core   0: 0 0x80007960 (0x02c19a63)
core   0: 0x80007994 (0xc97aa293) slti    t0, s5, -873
core   0: 0 0x80007994 (0xc97aa293) x5  0x00000000
core   0: 0x80007998 (0x01b9fa33) and     s4, s3, s11
core   0: 0 0x80007998 (0x01b9fa33) x20 0x00000000
core   0: 0x8000799c (0x41605b13) srai    s6, zero, 22
core   0: 0 0x8000799c (0x41605b13) x22 0x00000000
core   0: 0x800079a0 (0x00000f84) c.addi4spn s1, sp, 976
core   0: 0 0x800079a0 (0x0f84) x9  0x00000550
core   0: 0x800079a2 (0x00008dee) c.mv    s11, s11
core   0: 0 0x800079a2 (0x8dee) x27 0x00000000
core   0: 0x800079a4 (0x0135e963) bltu    a1, s3, pc + 18
core   0: 0 0x800079a4 (0x0135e963)
core   0: 0x800079b6 (0x00008a69) c.andi  a2, 26
core   0: 0 0x800079b6 (0x8a69) x12 0x00000018
core   0: 0x800079b8 (0x03dde733) rem     a4, s11, t4
core   0: 0 0x800079b8 (0x03dde733) x14 0x00000000
core   0: 0x800079bc (0x028792b3) mulh    t0, a5, s0
core   0: 0 0x800079bc (0x028792b3) x5  0x00000000
core   0: 0x800079c0 (0xd50fbf13) sltiu   t5, t6, -688
core   0: 0 0x800079c0 (0xd50fbf13) x30 0x00000001
core   0: 0x800079c4 (0x02915863) bge     sp, s1, pc + 48
core   0: 0 0x800079c4 (0x02915863)
core   0: 0x800079c8 (0x00c4df63) bge     s1, a2, pc + 30
core   0: 0 0x800079c8 (0x00c4df63)
core   0: 0x800079e6 (0x02c5c5b3) div     a1, a1, a2
core   0: 0 0x800079e6 (0x02c5c5b3) x11 0x00001000
core   0: 0x800079ea (0x00045c33) srl     s8, s0, zero
core   0: 0 0x800079ea (0x00045c33) x24 0x00000000
core   0: 0x800079ee (0xe7eae493) ori     s1, s5, -386
core   0: 0 0x800079ee (0xe7eae493) x9  0xfffffe7e
core   0: 0x800079f2 (0x00000f79) c.addi  t5, 30
core   0: 0 0x800079f2 (0x0f79) x30 0x0000001f
core   0: 0x800079f4 (0x02eda9b3) mulhsu  s3, s11, a4
core   0: 0 0x800079f4 (0x02eda9b3) x19 0x00000000
core   0: 0x800079f8 (0x0076d833) srl     a6, a3, t2
core   0: 0 0x800079f8 (0x0076d833) x16 0x00000001
core   0: 0x800079fc (0xae17f593) andi    a1, a5, -1311
core   0: 0 0x800079fc (0xae17f593) x11 0x800258e0
core   0: 0x80007a00 (0x0000e705) c.bnez  a4, pc + 40
core   0: 0 0x80007a00 (0xe705)
core   0: 0x80007a02 (0x40175733) sra     a4, a4, ra
core   0: 0 0x80007a02 (0x40175733) x14 0x00000000
core   0: 0x80007a06 (0x030baa33) mulhsu  s4, s7, a6
core   0: 0 0x80007a06 (0x030baa33) x20 0x00000000
core   0: 0x80007a0a (0x03a07763) bgeu    zero, s10, pc + 46
core   0: 0 0x80007a0a (0x03a07763)
core   0: 0x80007a38 (0x41e4d8b3) sra     a7, s1, t5
core   0: 0 0x80007a38 (0x41e4d8b3) x17 0xffffffff
core   0: 0x80007a3c (0x00623833) sltu    a6, tp, t1
core   0: 0 0x80007a3c (0x00623833) x16 0x00000000
core   0: 0x80007a40 (0x171f3213) sltiu   tp, t5, 369
core   0: 0 0x80007a40 (0x171f3213) x4  0x00000001
core   0: 0x80007a44 (0x00c47c33) and     s8, s0, a2
core   0: 0 0x80007a44 (0x00c47c33) x24 0x00000000
core   0: 0x80007a48 (0x0000c715) c.beqz  a4, pc + 44
core   0: 0 0x80007a48 (0xc715)
core   0: 0x80007a74 (0x416ed5b3) sra     a1, t4, s6
core   0: 0 0x80007a74 (0x416ed5b3) x11 0x0000007e
core   0: 0x80007a78 (0x01dfd233) srl     tp, t6, t4
core   0: 0 0x80007a78 (0x01dfd233) x4  0x00000000
core   0: 0x80007a7c (0x0000964a) c.add   a2, s2
core   0: 0 0x80007a7c (0x964a) x12 0x04d243c3
core   0: 0x80007a7e (0x91a74b93) xori    s7, a4, -1766
core   0: 0 0x80007a7e (0x91a74b93) x23 0xfffff91a
core   0: 0x80007a82 (0x33be7813) andi    a6, t3, 827
core   0: 0 0x80007a82 (0x33be7813) x16 0x00000230
core   0: 0x80007a86 (0x02efb4b3) mulhu   s1, t6, a4
core   0: 0 0x80007a86 (0x02efb4b3) x9  0x00000000
core   0: 0x80007a8a (0x00c11e63) bne     sp, a2, pc + 28
core   0: 0 0x80007a8a (0x00c11e63)
core   0: 0x80007aa6 (0x000082e1) c.srli  a3, 24
core   0: 0 0x80007aa6 (0x82e1) x13 0x00000000
core   0: 0x80007aa8 (0x00000985) c.addi  s3, 1
core   0: 0 0x80007aa8 (0x0985) x19 0x00000001
core   0: 0x80007aaa (0x00417a63) bgeu    sp, tp, pc + 20
core   0: 0 0x80007aaa (0x00417a63)
core   0: 0x80007abe (0x00009f16) c.add   t5, t0
core   0: 0 0x80007abe (0x9f16) x30 0x0000001f
core   0: 0x80007ac0 (0x03ad7733) remu    a4, s10, s10
core   0: 0 0x80007ac0 (0x03ad7733) x14 0x00000000
core   0: 0x80007ac4 (0x00000001) c.nop
core   0: 0 0x80007ac4 (0x0001)
core   0: 0x80007ac6 (0x00ed4cb3) xor     s9, s10, a4
core   0: 0 0x80007ac6 (0x00ed4cb3) x25 0x00000000
core   0: 0x80007aca (0x00008c3d) c.xor   s0, a5
core   0: 0 0x80007aca (0x8c3d) x8  0x80025ce4
core   0: 0x80007acc (0x000085ad) c.srai  a1, 11
core   0: 0 0x80007acc (0x85ad) x11 0x00000000
core   0: 0x80007ace (0x9ad22b13) slti    s6, tp, -1619
core   0: 0 0x80007ace (0x9ad22b13) x22 0x00000000
core   0: 0x80007ad2 (0x00008db1) c.xor   a1, a2
core   0: 0 0x80007ad2 (0x8db1) x11 0x04d243c3
core   0: 0x80007ad4 (0x0000e18d) c.bnez  a1, pc + 34
core   0: 0 0x80007ad4 (0xe18d)
core   0: 0x80007af6 (0x0000100f) fence.i
core   0: 0 0x80007af6 (0x0000100f)
core   0: 0x80007afa (0x00008c85) c.sub   s1, s1
core   0: 0 0x80007afa (0x8c85) x9  0x00000000
core   0: 0x80007afc (0xeba53813) sltiu   a6, a0, -326
core   0: 0 0x80007afc (0xeba53813) x16 0x00000001
core   0: 0x80007b00 (0x01d24633) xor     a2, tp, t4
core   0: 0 0x80007b00 (0x01d24633) x12 0x0000007e
core   0: 0x80007b04 (0x026724b3) mulhsu  s1, a4, t1
core   0: 0 0x80007b04 (0x026724b3) x9  0x00000000
core   0: 0x80007b08 (0x02dbfc33) remu    s8, s7, a3
core   0: 0 0x80007b08 (0x02dbfc33) x24 0xfffff91a
core   0: 0x80007b0c (0x006639b3) sltu    s3, a2, t1
core   0: 0 0x80007b0c (0x006639b3) x19 0x00000001
core   0: 0x80007b10 (0x00000001) c.nop
core   0: 0 0x80007b10 (0x0001)
core   0: 0x80007b12 (0x00006fcd) c.lui   t6, 0x13
core   0: 0 0x80007b12 (0x6fcd) x31 0x00013000
core   0: 0x80007b14 (0x01946cb3) or      s9, s0, s9
core   0: 0 0x80007b14 (0x01946cb3) x25 0x80025ce4
core   0: 0x80007b18 (0x00000bca) c.slli  s7, 18
core   0: 0 0x80007b18 (0x0bca) x23 0xe4680000
core   0: 0x80007b1a (0x0ff0000f) fence   iorw,iorw
core   0: 0 0x80007b1a (0x0ff0000f)
core   0: 0x80007b1e (0x0000100f) fence.i
core   0: 0 0x80007b1e (0x0000100f)
core   0: 0x80007b22 (0x00008c55) c.or    s0, a3
core   0: 0 0x80007b22 (0x8c55) x8  0x80025ce4
core   0: 0x80007b24 (0x0c5df297) auipc   t0, 0xc5df
core   0: 0 0x80007b24 (0x0c5df297) x5  0x8c5e6b24
core   0: 0x80007b28 (0x03e7efb3) rem     t6, a5, t5
core   0: 0 0x80007b28 (0x03e7efb3) x31 0xffffffe6
core   0: 0x80007b2c (0x00001d14) c.addi4spn a3, sp, 688
core   0: 0 0x80007b2c (0x1d14) x13 0x00000430
core   0: 0x80007b2e (0x02b88c33) mul     s8, a7, a1
core   0: 0 0x80007b2e (0x02b88c33) x24 0xfb2dbc3d
core   0: 0x80007b32 (0x00009ed2) c.add   t4, s4
core   0: 0 0x80007b32 (0x9ed2) x29 0x0000007e
core   0: 0x80007b34 (0x00000001) c.nop
core   0: 0 0x80007b34 (0x0001)
core   0: 0x80007b36 (0x426c0a93) addi    s5, s8, 1062
core   0: 0 0x80007b36 (0x426c0a93) x21 0xfb2dc063
core   0: 0x80007b3a (0x00000001) c.nop
core   0: 0 0x80007b3a (0x0001)
core   0: 0x80007b3c (0x022a0a33) mul     s4, s4, sp
core   0: 0 0x80007b3c (0x022a0a33) x20 0x00000000
core   0: 0x80007b40 (0xd2b40717) auipc   a4, 0xd2b40
core   0: 0 0x80007b40 (0xd2b40717) x14 0x52b47b40
core   0: 0x80007b44 (0x2fbf4b13) xori    s6, t5, 763
core   0: 0 0x80007b44 (0x2fbf4b13) x22 0x000002e4
core   0: 0x80007b48 (0x00014863) bltz    sp, pc + 16
core   0: 0 0x80007b48 (0x00014863)
core   0: 0x80007b4c (0x68d945b7) lui     a1, 0x68d94
core   0: 0 0x80007b4c (0x68d945b7) x11 0x68d94000
core   0: 0x80007b50 (0x40e85213) srai    tp, a6, 14
core   0: 0 0x80007b50 (0x40e85213) x4  0x00000000
core   0: 0x80007b54 (0x00008c89) c.sub   s1, a0
core   0: 0 0x80007b54 (0x8c89) x9  0xfffffc80
core   0: 0x80007b56 (0x000089ca) c.mv    s3, s2
core   0: 0 0x80007b56 (0x89ca) x19 0x04d243ab
core   0: 0x80007b58 (0x4095d713) srai    a4, a1, 9
core   0: 0 0x80007b58 (0x4095d713) x14 0x00346ca0
core   0: 0x80007b5c (0x008ecfb3) xor     t6, t4, s0
core   0: 0 0x80007b5c (0x008ecfb3) x31 0x80025c9a
core   0: 0x80007b60 (0x00141933) sll     s2, s0, ra
core   0: 0 0x80007b60 (0x00141933) x18 0x40000000
core   0: 0x80007b64 (0x00ed1263) bne     s10, a4, pc + 4
core   0: 0 0x80007b64 (0x00ed1263)
core   0: 0x80007b68 (0x02452333) mulhsu  t1, a0, tp
core   0: 0 0x80007b68 (0x02452333) x6  0x00000000
core   0: 0x80007b6c (0x227a90b7) lui     ra, 0x227a9
core   0: 0 0x80007b6c (0x227a90b7) x1  0x227a9000
core   0: 0x80007b70 (0x01121263) bne     tp, a7, pc + 4
core   0: 0 0x80007b70 (0x01121263)
core   0: 0x80007b74 (0x00000a0a) c.slli  s4, 2
core   0: 0 0x80007b74 (0x0a0a) x20 0x00000000
core   0: 0x80007b76 (0x0000100f) fence.i
core   0: 0 0x80007b76 (0x0000100f)
core   0: 0x80007b7a (0x00008435) c.srai  s0, 13
core   0: 0 0x80007b7a (0x8435) x8  0xfffc0012
core   0: 0x80007b7c (0x0000997d) c.andi  a0, -1
core   0: 0 0x80007b7c (0x997d) x10 0x00000380
core   0: 0x80007b7e (0x0000e411) c.bnez  s0, pc + 12
core   0: 0 0x80007b7e (0xe411)
core   0: 0x80007b8a (0x00008ef1) c.and   a3, a2
core   0: 0 0x80007b8a (0x8ef1) x13 0x00000030
core   0: 0x80007b8c (0x01b81e93) slli    t4, a6, 27
core   0: 0 0x80007b8c (0x01b81e93) x29 0x08000000
core   0: 0x80007b90 (0x00008cf5) c.and   s1, a3
core   0: 0 0x80007b90 (0x8cf5) x9  0x00000000
core   0: 0x80007b92 (0x0000100f) fence.i
core   0: 0 0x80007b92 (0x0000100f)
core   0: 0x80007b96 (0x0000100f) fence.i
core   0: 0 0x80007b96 (0x0000100f)
core   0: 0x80007b9a (0x006f0bb3) add     s7, t5, t1
core   0: 0 0x80007b9a (0x006f0bb3) x23 0x0000001f
core   0: 0x80007b9e (0x00249013) slli    zero, s1, 2
core   0: 0 0x80007b9e (0x00249013)
core   0: 0x80007ba2 (0x0000cf19) c.beqz  a4, pc + 30
core   0: 0 0x80007ba2 (0xcf19)
core   0: 0x80007ba4 (0x7c6c4e93) xori    t4, s8, 1990
core   0: 0 0x80007ba4 (0x7c6c4e93) x29 0xfb2dbbfb
core   0: 0x80007ba8 (0x01b95a93) srli    s5, s2, 27
core   0: 0 0x80007ba8 (0x01b95a93) x21 0x00000008
core   0: 0x80007bac (0x00008809) c.andi  s0, 2
core   0: 0 0x80007bac (0x8809) x8  0x00000002
core   0: 0x80007bae (0xaaec6493) ori     s1, s8, -1362
core   0: 0 0x80007bae (0xaaec6493) x9  0xfffffebf
core   0: 0x80007bb2 (0x00008435) c.srai  s0, 13
core   0: 0 0x80007bb2 (0x8435) x8  0x00000000
core   0: 0x80007bb4 (0x418fd333) sra     t1, t6, s8
core   0: 0 0x80007bb4 (0x418fd333) x6  0xfffffffc
core   0: 0x80007bb8 (0x0000c681) c.beqz  a3, pc + 8
core   0: 0 0x80007bb8 (0xc681)
core   0: 0x80007bba (0xe9c00f13) li      t5, -356
core   0: 0 0x80007bba (0xe9c00f13) x30 0xfffffe9c
core   0: 0x80007bbe (0x00008dc5) c.or    a1, s1
core   0: 0 0x80007bbe (0x8dc5) x11 0xfffffebf
core   0: 0x80007bc0 (0x0000447d) c.li    s0, 31
core   0: 0 0x80007bc0 (0x447d) x8  0x0000001f
core   0: 0x80007bc2 (0x000096ee) c.add   a3, s11
core   0: 0 0x80007bc2 (0x96ee) x13 0x00000030
core   0: 0x80007bc4 (0x000055fd) c.li    a1, -1
core   0: 0 0x80007bc4 (0x55fd) x11 0xffffffff
core   0: 0x80007bc6 (0x0000825d) c.srli  a2, 23
core   0: 0 0x80007bc6 (0x825d) x12 0x00000000
core   0: 0x80007bc8 (0x0000011d) c.addi  sp, 7
core   0: 0 0x80007bc8 (0x011d) x2  0x00000187
core   0: 0x80007bca (0xff3e0a13) addi    s4, t3, -13
core   0: 0 0x80007bca (0xff3e0a13) x20 0x80021e27
core   0: 0x80007bce (0x01159233) sll     tp, a1, a7
core   0: 0 0x80007bce (0x01159233) x4  0x80000000
core   0: 0x80007bd2 (0x019b5b13) srli    s6, s6, 25
core   0: 0 0x80007bd2 (0x019b5b13) x22 0x00000000
core   0: 0x80007bd6 (0x00006171) c.addi16sp sp, 336
core   0: 0 0x80007bd6 (0x6171) x2  0x000002d7
core   0: 0x80007bd8 (0x0340cc33) div     s8, ra, s4
core   0: 0 0x80007bd8 (0x0340cc33) x24 0x00000000
core   0: 0x80007bdc (0x41b2d613) srai    a2, t0, 27
core   0: 0 0x80007bdc (0x41b2d613) x12 0xfffffff1
core   0: 0x80007be0 (0x026994b3) mulh    s1, s3, t1
core   0: 0 0x80007be0 (0x026994b3) x9  0xffffffff
core   0: 0x80007be4 (0x0000717d) c.addi16sp sp, -16
core   0: 0 0x80007be4 (0x717d) x2  0x000002c7
core   0: 0x80007be6 (0x50b04493) xori    s1, zero, 1291
core   0: 0 0x80007be6 (0x50b04493) x9  0x0000050b
core   0: 0x80007bea (0x00008d71) c.and   a0, a2
core   0: 0 0x80007bea (0x8d71) x10 0x00000380
core   0: 0x80007bec (0x00008319) c.srli  a4, 6
core   0: 0 0x80007bec (0x8319) x14 0x0000d1b2
core   0: 0x80007bee (0x00001008) c.addi4spn a0, sp, 32
core   0: 0 0x80007bee (0x1008) x10 0x000002e7
core   0: 0x80007bf0 (0x417b06b3) sub     a3, s6, s7
core   0: 0 0x80007bf0 (0x417b06b3) x13 0xffffffe1
core   0: 0x80007bf4 (0x4148d933) sra     s2, a7, s4
core   0: 0 0x80007bf4 (0x4148d933) x18 0xffffffff
core   0: 0x80007bf8 (0x015a9a63) bne     s5, s5, pc + 20
core   0: 0 0x80007bf8 (0x015a9a63)
core   0: 0x80007bfc (0x677f6193) ori     gp, t5, 1655
core   0: 0 0x80007bfc (0x677f6193) x3  0xfffffeff
core   0: 0x80007c00 (0x024fb933) mulhu   s2, t6, tp
core   0: 0 0x80007c00 (0x024fb933) x18 0x40012e4d
core   0: 0x80007c04 (0x01314e63) blt     sp, s3, pc + 28
core   0: 0 0x80007c04 (0x01314e63)
core   0: 0x80007c20 (0x00008d15) c.sub   a0, a3
core   0: 0 0x80007c20 (0x8d15) x10 0x00000306
core   0: 0x80007c22 (0x0ff0000f) fence   iorw,iorw
core   0: 0 0x80007c22 (0x0ff0000f)
core   0: 0x80007c26 (0xf86da893) slti    a7, s11, -122
core   0: 0 0x80007c26 (0xf86da893) x17 0x00000000
core   0: 0x80007c2a (0x02290063) beq     s2, sp, pc + 32
core   0: 0 0x80007c2a (0x02290063)
core   0: 0x80007c2e (0x9435f217) auipc   tp, 0x9435f
core   0: 0 0x80007c2e (0x9435f217) x4  0x14366c2e
core   0: 0x80007c32 (0x02d25533) divu    a0, tp, a3
core   0: 0 0x80007c32 (0x02d25533) x10 0x00000000
core   0: 0x80007c36 (0x47d88517) auipc   a0, 0x47d88
core   0: 0 0x80007c36 (0x47d88517) x10 0xc7d8fc36
core   0: 0x80007c3a (0x007cc863) blt     s9, t2, pc + 16
core   0: 0 0x80007c3a (0x007cc863)
core   0: 0x80007c3e (0x01562533) slt     a0, a2, s5
core   0: 0 0x80007c3e (0x01562533) x10 0x00000001
core   0: 0x80007c42 (0x00008e91) c.sub   a3, a2
core   0: 0 0x80007c42 (0x8e91) x13 0xfffffff0
core   0: 0x80007c44 (0x013d9663) bne     s11, s3, pc + 12
core   0: 0 0x80007c44 (0x013d9663)
core   0: 0x80007c50 (0x01f35d93) srli    s11, t1, 31
core   0: 0 0x80007c50 (0x01f35d93) x27 0x00000001
core   0: 0x80007c54 (0x00006615) c.lui   a2, 0x5
core   0: 0 0x80007c54 (0x6615) x12 0x00005000
core   0: 0x80007c56 (0x00fee963) bltu    t4, a5, pc + 18
core   0: 0 0x80007c56 (0x00fee963)
core   0: 0x80007c5a (0x00000001) c.nop
core   0: 0 0x80007c5a (0x0001)
core   0: 0x80007c5c (0x03578833) mul     a6, a5, s5
core   0: 0 0x80007c5c (0x03578833) x16 0x0012e720
core   0: 0x80007c60 (0x038212b3) mulh    t0, tp, s8
core   0: 0 0x80007c60 (0x038212b3) x5  0x00000000
core   0: 0x80007c64 (0x00008705) c.srai  a4, 1
core   0: 0 0x80007c64 (0x8705) x14 0x000068d9
core   0: 0x80007c66 (0x000098fd) c.andi  s1, -1
core   0: 0 0x80007c66 (0x98fd) x9  0x0000050b
core   0: 0x80007c68 (0x018cd9b3) srl     s3, s9, s8
core   0: 0 0x80007c68 (0x018cd9b3) x19 0x80025ce4
core   0: 0x80007c6c (0x0016b033) sltu    zero, a3, ra
core   0: 0 0x80007c6c (0x0016b033)
core   0: 0x80007c70 (0xaa67e017) auipc   zero, 0xaa67e
core   0: 0 0x80007c70 (0xaa67e017)
core   0: 0x80007c74 (0x00000001) c.nop
core   0: 0 0x80007c74 (0x0001)
core   0: 0x80007c76 (0x062c0693) addi    a3, s8, 98
core   0: 0 0x80007c76 (0x062c0693) x13 0x00000062
core   0: 0x80007c7a (0x02e685b3) mul     a1, a3, a4
core   0: 0 0x80007c7a (0x02e685b3) x11 0x00282312
core   0: 0x80007c7e (0x000005a6) c.slli  a1, 9
core   0: 0 0x80007c7e (0x05a6) x11 0x50462400
core   0: 0x80007c80 (0x01ee6333) or      t1, t3, t5
core   0: 0 0x80007c80 (0x01ee6333) x6  0xfffffebc
core   0: 0x80007c84 (0x016cfa33) and     s4, s9, s6
core   0: 0 0x80007c84 (0x016cfa33) x20 0x00000000
core   0: 0x80007c88 (0x00000001) c.nop
core   0: 0 0x80007c88 (0x0001)
core   0: 0x80007c8a (0x41380533) sub     a0, a6, s3
core   0: 0 0x80007c8a (0x41380533) x10 0x80108a3c
core   0: 0x80007c8e (0x001650b3) srl     ra, a2, ra
core   0: 0 0x80007c8e (0x001650b3) x1  0x00005000
core   0: 0x80007c92 (0x00004da5) c.li    s11, 9
core   0: 0 0x80007c92 (0x4da5) x27 0x00000009
core   0: 0x80007c94 (0x2690af13) slti    t5, ra, 617
core   0: 0 0x80007c94 (0x2690af13) x30 0x00000000
core   0: 0x80007c98 (0x0000068d) c.addi  a3, 3
core   0: 0 0x80007c98 (0x068d) x13 0x00000065
core   0: 0x80007c9a (0xd7e66613) ori     a2, a2, -642
core   0: 0 0x80007c9a (0xd7e66613) x12 0xfffffd7e
core   0: 0x80007c9e (0x01f73bb3) sltu    s7, a4, t6
core   0: 0 0x80007c9e (0x01f73bb3) x23 0x00000001
core   0: 0x80007ca2 (0x00b71db3) sll     s11, a4, a1
core   0: 0 0x80007ca2 (0x00b71db3) x27 0x000068d9
core   0: 0x80007ca6 (0x0ff0000f) fence   iorw,iorw
core   0: 0 0x80007ca6 (0x0ff0000f)
core   0: 0x80007caa (0x00f768b3) or      a7, a4, a5
core   0: 0 0x80007caa (0x00f768b3) x17 0x80027cfd
core   0: 0x80007cae (0x00000dce) c.slli  s11, 19
core   0: 0 0x80007cae (0x0dce) x27 0x46c80000
core   0: 0x80007cb0 (0x00b56333) or      t1, a0, a1
core   0: 0 0x80007cb0 (0x00b56333) x6  0xd056ae3c
core   0: 0x80007cb4 (0x3b022293) slti    t0, tp, 944
core   0: 0 0x80007cb4 (0x3b022293) x5  0x00000000
core   0: 0x80007cb8 (0x0002feb3) and     t4, t0, zero
core   0: 0 0x80007cb8 (0x0002feb3) x29 0x00000000
core   0: 0x80007cbc (0x0000e619) c.bnez  a2, pc + 14
core   0: 0 0x80007cbc (0xe619)
core   0: 0x80007cca (0x111e3213) sltiu   tp, t3, 273
core   0: 0 0x80007cca (0x111e3213) x4  0x00000000
core   0: 0x80007cce (0x00008d79) c.and   a0, a4
core   0: 0 0x80007cce (0x8d79) x10 0x00000818
core   0: 0x80007cd0 (0x00000001) c.nop
core   0: 0 0x80007cd0 (0x0001)
core   0: 0x80007cd2 (0x037a4333) div     t1, s4, s7
core   0: 0 0x80007cd2 (0x037a4333) x6  0x00000000
core   0: 0x80007cd6 (0x00d670b3) and     ra, a2, a3
core   0: 0 0x80007cd6 (0x00d670b3) x1  0x00000064
core   0: 0x80007cda (0x00008699) c.srai  a3, 6
core   0: 0 0x80007cda (0x8699) x13 0x00000001
core   0: 0x80007cdc (0x412f52b3) sra     t0, t5, s2
core   0: 0 0x80007cdc (0x412f52b3) x5  0x00000000
core   0: 0x80007ce0 (0x17ca8093) addi    ra, s5, 380
core   0: 0 0x80007ce0 (0x17ca8093) x1  0x00000184
core   0: 0x80007ce4 (0x000015fd) c.addi  a1, -1
core   0: 0 0x80007ce4 (0x15fd) x11 0x504623ff
core   0: 0x80007ce6 (0x15f4ec93) ori     s9, s1, 351
core   0: 0 0x80007ce6 (0x15f4ec93) x25 0x0000055f
core   0: 0x80007cea (0x0191cab3) xor     s5, gp, s9
core   0: 0 0x80007cea (0x0191cab3) x21 0xfffffba0
core   0: 0x80007cee (0x10f8d997) auipc   s3, 0x10f8d
core   0: 0 0x80007cee (0x10f8d997) x19 0x90f94cee
core   0: 0x80007cf2 (0xdc473e93) sltiu   t4, a4, -572
core   0: 0 0x80007cf2 (0xdc473e93) x29 0x00000001
core   0: 0x80007cf6 (0x000081ed) c.srli  a1, 27
core   0: 0 0x80007cf6 (0x81ed) x11 0x0000000a
core   0: 0x80007cf8 (0x1a21c697) auipc   a3, 0x1a21c
core   0: 0 0x80007cf8 (0x1a21c697) x13 0x9a223cf8
core   0: 0x80007cfc (0x00000bd6) c.slli  s7, 21
core   0: 0 0x80007cfc (0x0bd6) x23 0x00200000
core   0: 0x80007cfe (0x0000138c) c.addi4spn a1, sp, 480
core   0: 0 0x80007cfe (0x138c) x11 0x000004a7
core   0: 0x80007d00 (0x00000001) c.nop
core   0: 0 0x80007d00 (0x0001)
core   0: 0x80007d02 (0x0077c733) xor     a4, a5, t2
core   0: 0 0x80007d02 (0x0077c733) x14 0x00025ce4
core   0: 0x80007d06 (0x0107c663) blt     a5, a6, pc + 12
core   0: 0 0x80007d06 (0x0107c663)
core   0: 0x80007d12 (0x00e38d33) add     s10, t2, a4
core   0: 0 0x80007d12 (0x00e38d33) x26 0x80025ce4
core   0: 0x80007d16 (0x004ee133) or      sp, t4, tp
core   0: 0 0x80007d16 (0x004ee133) x2  0x00000001
core   0: 0x80007d1a (0x00000001) c.nop
core   0: 0 0x80007d1a (0x0001)
core   0: 0x80007d1c (0x00008e91) c.sub   a3, a2
core   0: 0 0x80007d1c (0x8e91) x13 0x9a223f7a
core   0: 0x80007d1e (0x02af9d33) mulh    s10, t6, a0
core   0: 0 0x80007d1e (0x02af9d33) x26 0xfffffbf4
core   0: 0x80007d22 (0x03b448b3) div     a7, s0, s11
core   0: 0 0x80007d22 (0x03b448b3) x17 0x00000000
core   0: 0x80007d26 (0x00006125) c.addi16sp sp, 96
core   0: 0 0x80007d26 (0x6125) x2  0x00000061
core   0: 0x80007d28 (0xca56e893) ori     a7, a3, -859
core   0: 0 0x80007d28 (0xca56e893) x17 0xffffffff
core   0: 0x80007d2c (0x0031c963) blt     gp, gp, pc + 18
core   0: 0 0x80007d2c (0x0031c963)
core   0: 0x80007d30 (0x00008db1) c.xor   a1, a2
core   0: 0 0x80007d30 (0x8db1) x11 0xfffff9d9
core   0: 0x80007d32 (0x00008f69) c.and   a4, a0
core   0: 0 0x80007d32 (0x8f69) x14 0x00000800
core   0: 0x80007d34 (0x03324e63) blt     tp, s3, pc + 60
core   0: 0 0x80007d34 (0x03324e63)
core   0: 0x80007d38 (0x00001afd) c.addi  s5, -1
core   0: 0 0x80007d38 (0x1afd) x21 0xfffffb9f
core   0: 0x80007d3a (0x00e1c733) xor     a4, gp, a4
core   0: 0 0x80007d3a (0x00e1c733) x14 0xfffff6ff
core   0: 0x80007d3e (0x00000001) c.nop
core   0: 0 0x80007d3e (0x0001)
core   0: 0x80007d40 (0x0000ee09) c.bnez  a2, pc + 26
core   0: 0 0x80007d40 (0xee09)
core   0: 0x80007d5a (0x00009332) c.add   t1, a2
core   0: 0 0x80007d5a (0x9332) x6  0xfffffd7e
core   0: 0x80007d5c (0x2287e313) ori     t1, a5, 552
core   0: 0 0x80007d5c (0x2287e313) x6  0x80025eec
core   0: 0x80007d60 (0x00000001) c.nop
core   0: 0 0x80007d60 (0x0001)
core   0: 0x80007d62 (0x00000001) c.nop
core   0: 0 0x80007d62 (0x0001)
core   0: 0x80007d64 (0x016a9db3) sll     s11, s5, s6
core   0: 0 0x80007d64 (0x016a9db3) x27 0xfffffb9f
core   0: 0x80007d68 (0x02029363) bnez    t0, pc + 38
core   0: 0 0x80007d68 (0x02029363)
core   0: 0x80007d6c (0x00705663) bge     zero, t2, pc + 12
core   0: 0 0x80007d6c (0x00705663)
core   0: 0x80007d78 (0x01b84833) xor     a6, a6, s11
core   0: 0 0x80007d78 (0x01b84833) x16 0xffed1cbf
core   0: 0x80007d7c (0x00008d05) c.sub   a0, s1
core   0: 0 0x80007d7c (0x8d05) x10 0x0000030d
core   0: 0x80007d7e (0x00006d75) c.lui   s10, 0x1d
core   0: 0 0x80007d7e (0x6d75) x26 0x0001d000
core   0: 0x80007d80 (0x59683f13) sltiu   t5, a6, 1430
core   0: 0 0x80007d80 (0x59683f13) x30 0x00000000
core   0: 0x80007d84 (0x02b156b3) divu    a3, sp, a1
core   0: 0 0x80007d84 (0x02b156b3) x13 0x00000000
core   0: 0x80007d88 (0x00008e59) c.or    a2, a4
core   0: 0 0x80007d88 (0x8e59) x12 0xffffffff
core   0: 0x80007d8a (0x000058fd) c.li    a7, -1
core   0: 0 0x80007d8a (0x58fd) x17 0xffffffff
core   0: 0x80007d8c (0x0000e199) c.bnez  a1, pc + 6
core   0: 0 0x80007d8c (0xe199)
core   0: 0x80007d92 (0x01f5c263) blt     a1, t6, pc + 4
core   0: 0 0x80007d92 (0x01f5c263)
core   0: 0x80007d96 (0x0000c895) c.beqz  s1, pc + 52
core   0: 0 0x80007d96 (0xc895)
core   0: 0x80007d98 (0x004d9493) slli    s1, s11, 4
core   0: 0 0x80007d98 (0x004d9493) x9  0xffffb9f0
core   0: 0x80007d9c (0xec483a93) sltiu   s5, a6, -316
core   0: 0 0x80007d9c (0xec483a93) x21 0x00000001
core   0: 0x80007da0 (0x001f7733) and     a4, t5, ra
core   0: 0 0x80007da0 (0x001f7733) x14 0x00000000
core   0: 0x80007da4 (0x014d06b3) add     a3, s10, s4
core   0: 0 0x80007da4 (0x014d06b3) x13 0x0001d000
core   0: 0x80007da8 (0x4bb5cd93) xori    s11, a1, 1211
core   0: 0 0x80007da8 (0x4bb5cd93) x27 0xfffffd62
core   0: 0x80007dac (0x0000945e) c.add   s0, s7
core   0: 0 0x80007dac (0x945e) x8  0x0020001f
core   0: 0x80007dae (0x01316263) bltu    sp, s3, pc + 4
core   0: 0 0x80007dae (0x01316263)
core   0: 0x80007db2 (0x15c3a093) slti    ra, t2, 348
core   0: 0 0x80007db2 (0x15c3a093) x1  0x00000001
core   0: 0x80007db6 (0x41345fb3) sra     t6, s0, s3
core   0: 0 0x80007db6 (0x41345fb3) x31 0x00000080
core   0: 0x80007dba (0x417b8eb3) sub     t4, s7, s7
core   0: 0 0x80007dba (0x417b8eb3) x29 0x00000000
core   0: 0x80007dbe (0x0000e60d) c.bnez  a2, pc + 42
core   0: 0 0x80007dbe (0xe60d)
core   0: 0x80007de8 (0x01114f33) xor     t5, sp, a7
core   0: 0 0x80007de8 (0x01114f33) x30 0xffffff9e
core   0: 0x80007dec (0x00008c35) c.xor   s0, a3
core   0: 0 0x80007dec (0x8c35) x8  0x0021d01f
core   0: 0x80007dee (0x00006ad5) c.lui   s5, 0x15
core   0: 0 0x80007dee (0x6ad5) x21 0x00015000
core   0: 0x80007df0 (0x03dcdf63) bge     s9, t4, pc + 62
core   0: 0 0x80007df0 (0x03dcdf63)
core   0: 0x80007e2e (0x0396c133) div     sp, a3, s9
core   0: 0 0x80007e2e (0x0396c133) x2  0x00000056
core   0: 0x80007e32 (0x00006bdd) c.lui   s7, 0x17
core   0: 0 0x80007e32 (0x6bdd) x23 0x00017000
core   0: 0x80007e34 (0x00000001) c.nop
core   0: 0 0x80007e34 (0x0001)
core   0: 0x80007e36 (0x03c16333) rem     t1, sp, t3
core   0: 0 0x80007e36 (0x03c16333) x6  0x00000056
core   0: 0x80007e3a (0x2249c493) xori    s1, s3, 548
core   0: 0 0x80007e3a (0x2249c493) x9  0x90f94eca
core   0: 0x80007e3e (0x000084da) c.mv    s1, s6
core   0: 0 0x80007e3e (0x84da) x9  0x00000000
core   0: 0x80007e40 (0x40e65c13) srai    s8, a2, 14
core   0: 0 0x80007e40 (0x40e65c13) x24 0xffffffff
core   0: 0x80007e44 (0x00a15eb3) srl     t4, sp, a0
core   0: 0 0x80007e44 (0x00a15eb3) x29 0x00000000
core   0: 0x80007e48 (0x71de1137) lui     sp, 0x71de1
core   0: 0 0x80007e48 (0x71de1137) x2  0x71de1000
core   0: 0x80007e4c (0x00008251) c.srli  a2, 20
core   0: 0 0x80007e4c (0x8251) x12 0x00000fff
core   0: 0x80007e4e (0x00000616) c.slli  a2, 5
core   0: 0 0x80007e4e (0x0616) x12 0x0001ffe0
core   0: 0x80007e50 (0x004a9c33) sll     s8, s5, tp
core   0: 0 0x80007e50 (0x004a9c33) x24 0x00015000
core   0: 0x80007e54 (0x41e25f13) srai    t5, tp, 30
core   0: 0 0x80007e54 (0x41e25f13) x30 0x00000000
core   0: 0x80007e58 (0x0000eb05) c.bnez  a4, pc + 48
core   0: 0 0x80007e58 (0xeb05)
core   0: 0x80007e5a (0x02d56633) rem     a2, a0, a3
core   0: 0 0x80007e5a (0x02d56633) x12 0x0000030d
core   0: 0x80007e5e (0x000008b5) c.addi  a7, 13
core   0: 0 0x80007e5e (0x08b5) x17 0x0000000c
core   0: 0x80007e60 (0x03c4b033) mulhu   zero, s1, t3
core   0: 0 0x80007e60 (0x03c4b033)
core   0: 0x80007e64 (0x010b1633) sll     a2, s6, a6
core   0: 0 0x80007e64 (0x010b1633) x12 0x00000000
core   0: 0x80007e68 (0x0000100f) fence.i
core   0: 0 0x80007e68 (0x0000100f)
core   0: 0x80007e6c (0x028041b3) div     gp, zero, s0
core   0: 0 0x80007e6c (0x028041b3) x3  0x00000000
core   0: 0x80007e70 (0x7895a737) lui     a4, 0x7895a
core   0: 0 0x80007e70 (0x7895a737) x14 0x7895a000
core   0: 0x80007e74 (0x4d191d97) auipc   s11, 0x4d191
core   0: 0 0x80007e74 (0x4d191d97) x27 0xcd198e74
core   0: 0x80007e78 (0x02996c63) bltu    s2, s1, pc + 56
core   0: 0 0x80007e78 (0x02996c63)
core   0: 0x80007e7c (0x021c95b3) mulh    a1, s9, ra
core   0: 0 0x80007e7c (0x021c95b3) x11 0x00000000
core   0: 0x80007e80 (0x02cd8ab3) mul     s5, s11, a2
core   0: 0 0x80007e80 (0x02cd8ab3) x21 0x00000000
core   0: 0x80007e84 (0x5c472997) auipc   s3, 0x5c472
core   0: 0 0x80007e84 (0x5c472997) x19 0xdc479e84
core   0: 0x80007e88 (0x00321d33) sll     s10, tp, gp
core   0: 0 0x80007e88 (0x00321d33) x26 0x00000000
core   0: 0x80007e8c (0x00bed013) srli    zero, t4, 11
core   0: 0 0x80007e8c (0x00bed013)
core   0: 0x80007e90 (0x00000001) c.nop
core   0: 0 0x80007e90 (0x0001)
core   0: 0x80007e92 (0x03ab2233) mulhsu  tp, s6, s10
core   0: 0 0x80007e92 (0x03ab2233) x4  0x00000000
core   0: 0x80007e96 (0x009172b3) and     t0, sp, s1
core   0: 0 0x80007e96 (0x009172b3) x5  0x00000000
core   0: 0x80007e9a (0x73240997) auipc   s3, 0x73240
core   0: 0 0x80007e9a (0x73240997) x19 0xf3247e9a
core   0: 0x80007e9e (0x032dc333) div     t1, s11, s2
core   0: 0 0x80007e9e (0x032dc333) x6  0x00000000
core   0: 0x80007ea2 (0x018f65b3) or      a1, t5, s8
core   0: 0 0x80007ea2 (0x018f65b3) x11 0x00015000
core   0: 0x80007ea6 (0x00008f55) c.or    a4, a3
core   0: 0 0x80007ea6 (0x8f55) x14 0x7895f000
core   0: 0x80007ea8 (0x2751c993) xori    s3, gp, 629
core   0: 0 0x80007ea8 (0x2751c993) x19 0x00000275
core   0: 0x80007eac (0x0000821d) c.srli  a2, 7
core   0: 0 0x80007eac (0x821d) x12 0x00000000
core   0: 0x80007eae (0x00000b76) c.slli  s6, 29
core   0: 0 0x80007eae (0x0b76) x22 0x00000000
core   0: 0x80007eb0 (0x03585763) bge     a6, s5, pc + 46
core   0: 0 0x80007eb0 (0x03585763)
core   0: 0x80007eb4 (0x00009f3e) c.add   t5, a5
core   0: 0 0x80007eb4 (0x9f3e) x30 0x80025ce4
core   0: 0x80007eb6 (0x0ff0000f) fence   iorw,iorw
core   0: 0 0x80007eb6 (0x0ff0000f)
core   0: 0x80007eba (0x015c5993) srli    s3, s8, 21
core   0: 0 0x80007eba (0x015c5993) x19 0x00000000
core   0: 0x80007ebe (0x00008935) c.andi  a0, 13
core   0: 0 0x80007ebe (0x8935) x10 0x0000000d
core   0: 0x80007ec0 (0x035a81b3) mul     gp, s5, s5
core   0: 0 0x80007ec0 (0x035a81b3) x3  0x00000000
core   0: 0x80007ec4 (0x00d41b63) bne     s0, a3, pc + 22
core   0: 0 0x80007ec4 (0x00d41b63)
core   0: 0x80007eda (0x00001418) c.addi4spn a4, sp, 544
core   0: 0 0x80007eda (0x1418) x14 0x71de1220
core   0: 0x80007edc (0x000099f2) c.add   s3, t3
core   0: 0 0x80007edc (0x99f2) x19 0x80021e34
core   0: 0x80007ede (0x00006ab5) c.lui   s5, 0xd
core   0: 0 0x80007ede (0x6ab5) x21 0x0000d000
core   0: 0x80007ee0 (0x0000547d) c.li    s0, -1
core   0: 0 0x80007ee0 (0x547d) x8  0xffffffff
core   0: 0x80007ee2 (0x02be9633) mulh    a2, t4, a1
core   0: 0 0x80007ee2 (0x02be9633) x12 0x00000000
core   0: 0x80007ee6 (0x00008535) c.srai  a0, 13
core   0: 0 0x80007ee6 (0x8535) x10 0x00000000
core   0: 0x80007ee8 (0x01f40833) add     a6, s0, t6
core   0: 0 0x80007ee8 (0x01f40833) x16 0x0000007f
core   0: 0x80007eec (0x034e7563) bgeu    t3, s4, pc + 42
core   0: 0 0x80007eec (0x034e7563)
core   0: 0x80007f16 (0x00009186) c.add   gp, ra
core   0: 0 0x80007f16 (0x9186) x3  0x00000001
core   0: 0x80007f18 (0x000010fd) c.addi  ra, -1
core   0: 0 0x80007f18 (0x10fd) x1  0x00000000
core   0: 0x80007f1a (0x0183f1b3) and     gp, t2, s8
core   0: 0 0x80007f1a (0x0183f1b3) x3  0x00000000
core   0: 0x80007f1e (0x05469163) bne     a3, s4, pc + 66
core   0: 0 0x80007f1e (0x05469163)
core   0: 0x80007f60 (0x0131dd93) srli    s11, gp, 19
core   0: 0 0x80007f60 (0x0131dd93) x27 0x00000000
core   0: 0x80007f64 (0x51aa7293) andi    t0, s4, 1306
core   0: 0 0x80007f64 (0x51aa7293) x5  0x00000000
core   0: 0x80007f68 (0x0070e5b3) or      a1, ra, t2
core   0: 0 0x80007f68 (0x0070e5b3) x11 0x80000000
core   0: 0x80007f6c (0x58580293) addi    t0, a6, 1413
core   0: 0 0x80007f6c (0x58580293) x5  0x00000604
core   0: 0x80007f70 (0x0000e585) c.bnez  a1, pc + 40
core   0: 0 0x80007f70 (0xe585)
core   0: 0x80007f98 (0x029f7863) bgeu    t5, s1, pc + 48
core   0: 0 0x80007f98 (0x029f7863)
core   0: 0x80007fc8 (0x0346f2b3) remu    t0, a3, s4
core   0: 0 0x80007fc8 (0x0346f2b3) x5  0x0001d000
core   0: 0x80007fcc (0x00008d25) c.xor   a0, s1
core   0: 0 0x80007fcc (0x8d25) x10 0x00000000
core   0: 0x80007fce (0xf695fb13) andi    s6, a1, -151
core   0: 0 0x80007fce (0xf695fb13) x22 0x80000000
core   0: 0x80007fd2 (0xffdb6497) auipc   s1, 0xffdb6
core   0: 0 0x80007fd2 (0xffdb6497) x9  0x7fdbdfd2
core   0: 0x80007fd6 (0x0000177d) c.addi  a4, -1
core   0: 0 0x80007fd6 (0x177d) x14 0x71de121f
core   0: 0x80007fd8 (0x00c4db13) srli    s6, s1, 12
core   0: 0 0x80007fd8 (0x00c4db13) x22 0x0007fdbd
core   0: 0x80007fdc (0x8054ba13) sltiu   s4, s1, -2043
core   0: 0 0x80007fdc (0x8054ba13) x20 0x00000001
core   0: 0x80007fe0 (0x4dc36f93) ori     t6, t1, 1244
core   0: 0 0x80007fe0 (0x4dc36f93) x31 0x000004dc
core   0: 0x80007fe4 (0x00008c25) c.xor   s0, s1
core   0: 0 0x80007fe4 (0x8c25) x8  0x8024202d
core   0: 0x80007fe6 (0x00bd9b33) sll     s6, s11, a1
core   0: 0 0x80007fe6 (0x00bd9b33) x22 0x00000000
core   0: 0x80007fea (0x000099fd) c.andi  a1, -1
core   0: 0 0x80007fea (0x99fd) x11 0x80000000
core   0: 0x80007fec (0x00008c35) c.xor   s0, a3
core   0: 0 0x80007fec (0x8c35) x8  0x8025f02d
core   0: 0x80007fee (0x01832b33) slt     s6, t1, s8
core   0: 0 0x80007fee (0x01832b33) x22 0x00000001
core   0: 0x80007ff2 (0x00d5c733) xor     a4, a1, a3
core   0: 0 0x80007ff2 (0x00d5c733) x14 0x8001d000
core   0: 0x80007ff6 (0x4071db93) srai    s7, gp, 7
core   0: 0 0x80007ff6 (0x4071db93) x23 0x00000000
core   0: 0x80007ffa (0x0000068e) c.slli  a3, 3
core   0: 0 0x80007ffa (0x068e) x13 0x000e8000
core   0: 0x80007ffc (0x41c75913) srai    s2, a4, 28
core   0: 0 0x80007ffc (0x41c75913) x18 0xfffffff8
core   0: 0x80008000 (0x030a7bb3) remu    s7, s4, a6
core   0: 0 0x80008000 (0x030a7bb3) x23 0x00000001
core   0: 0x80008004 (0x0138ba33) sltu    s4, a7, s3
core   0: 0 0x80008004 (0x0138ba33) x20 0x00000001
core   0: 0x80008008 (0x03cc18b3) mulh    a7, s8, t3
core   0: 0 0x80008008 (0x03cc18b3) x17 0xffff5802
core   0: 0x8000800c (0x0243e6b3) rem     a3, t2, tp
core   0: 0 0x8000800c (0x0243e6b3) x13 0x80000000
core   0: 0x80008010 (0x380f6c13) ori     s8, t5, 896
core   0: 0 0x80008010 (0x380f6c13) x24 0x80025fe4
core   0: 0x80008014 (0x0000567d) c.li    a2, -1
core   0: 0 0x80008014 (0x567d) x12 0xffffffff
core   0: 0x80008016 (0x011902b3) add     t0, s2, a7
core   0: 0 0x80008016 (0x011902b3) x5  0xffff57fa
core   0: 0x8000801a (0x00008355) c.srli  a4, 21
core   0: 0 0x8000801a (0x8355) x14 0x00000400
core   0: 0x8000801c (0x02dbec33) rem     s8, s7, a3
core   0: 0 0x8000801c (0x02dbec33) x24 0x00000001
core   0: 0x80008020 (0x0000c109) c.beqz  a0, pc + 2
core   0: 0 0x80008020 (0xc109)
core   0: 0x80008022 (0x02c32133) mulhsu  sp, t1, a2
core   0: 0 0x80008022 (0x02c32133) x2  0x00000000
core   0: 0x80008026 (0x038ff063) bgeu    t6, s8, pc + 32
core   0: 0 0x80008026 (0x038ff063)
core   0: 0x80008046 (0xe493c293) xori    t0, t2, -439
core   0: 0 0x80008046 (0xe493c293) x5  0x7ffffe49
core   0: 0x8000804a (0xb979f513) andi    a0, s3, -1129
core   0: 0 0x8000804a (0xb979f513) x10 0x80021a14
core   0: 0x8000804e (0x00ff1013) slli    zero, t5, 15
core   0: 0 0x8000804e (0x00ff1013)
core   0: 0x80008052 (0x0192d033) srl     zero, t0, s9
core   0: 0 0x80008052 (0x0192d033)
core   0: 0x80008056 (0x00008775) c.srai  a4, 29
core   0: 0 0x80008056 (0x8775) x14 0x00000000
core   0: 0x80008058 (0x00008df1) c.and   a1, a2
core   0: 0 0x80008058 (0x8df1) x11 0x80000000
core   0: 0x8000805a (0x00009d3a) c.add   s10, a4
core   0: 0 0x8000805a (0x9d3a) x26 0x00000000
core   0: 0x8000805c (0x41f458b3) sra     a7, s0, t6
core   0: 0 0x8000805c (0x41f458b3) x17 0xfffffff8
core   0: 0x80008060 (0x0ff0000f) fence   iorw,iorw
core   0: 0 0x80008060 (0x0ff0000f)
core   0: 0x80008064 (0x00006ce1) c.lui   s9, 0x18
core   0: 0 0x80008064 (0x6ce1) x25 0x00018000
core   0: 0x80008066 (0x03a6e5b3) rem     a1, a3, s10
core   0: 0 0x80008066 (0x03a6e5b3) x11 0x80000000
core   0: 0x8000806a (0x0151d6b3) srl     a3, gp, s5
core   0: 0 0x8000806a (0x0151d6b3) x13 0x00000000
core   0: 0x8000806e (0xf84f7d13) andi    s10, t5, -124
core   0: 0 0x8000806e (0xf84f7d13) x26 0x80025c84
core   0: 0x80008072 (0x00008c4d) c.or    s0, a1
core   0: 0 0x80008072 (0x8c4d) x8  0x8025f02d
core   0: 0x80008074 (0x01a0b5b3) sltu    a1, ra, s10
core   0: 0 0x80008074 (0x01a0b5b3) x11 0x00000001
core   0: 0x80008078 (0x0000e299) c.bnez  a3, pc + 6
core   0: 0 0x80008078 (0xe299)
core   0: 0x8000807a (0x01cdf863) bgeu    s11, t3, pc + 16
core   0: 0 0x8000807a (0x01cdf863)
core   0: 0x8000807e (0x0000613d) c.addi16sp sp, 480
core   0: 0 0x8000807e (0x613d) x2  0x000001e0
core   0: 0x80008080 (0x809c8a93) addi    s5, s9, -2039
core   0: 0 0x80008080 (0x809c8a93) x21 0x00017809
core   0: 0x80008084 (0xce6eaeb7) lui     t4, 0xce6ea
core   0: 0 0x80008084 (0xce6eaeb7) x29 0xce6ea000
core   0: 0x80008088 (0x0000577d) c.li    a4, -1
core   0: 0 0x80008088 (0x577d) x14 0xffffffff
core   0: 0x8000808a (0x0075bab3) sltu    s5, a1, t2
core   0: 0 0x8000808a (0x0075bab3) x21 0x00000001
core   0: 0x8000808e (0x0000c801) c.beqz  s0, pc + 16
core   0: 0 0x8000808e (0xc801)
core   0: 0x80008090 (0x03f9c763) blt     s3, t6, pc + 46
core   0: 0 0x80008090 (0x03f9c763)
core   0: 0x800080be (0x0000100f) fence.i
core   0: 0 0x800080be (0x0000100f)
core   0: 0x800080c2 (0x0ff0000f) fence   iorw,iorw
core   0: 0 0x800080c2 (0x0ff0000f)
core   0: 0x800080c6 (0x8f307213) andi    tp, zero, -1805
core   0: 0 0x800080c6 (0x8f307213) x4  0x00000000
core   0: 0x800080ca (0x007b1293) slli    t0, s6, 7
core   0: 0 0x800080ca (0x007b1293) x5  0x00000080
core   0: 0x800080ce (0xc57eb993) sltiu   s3, t4, -937
core   0: 0 0x800080ce (0xc57eb993) x19 0x00000001
core   0: 0x800080d2 (0x00000001) c.nop
core   0: 0 0x800080d2 (0x0001)
core   0: 0x800080d4 (0x01841cb3) sll     s9, s0, s8
core   0: 0 0x800080d4 (0x01841cb3) x25 0x004be05a
core   0: 0x800080d8 (0x0114d0b3) srl     ra, s1, a7
core   0: 0 0x800080d8 (0x0114d0b3) x1  0x0000007f
core   0: 0x800080dc (0x00008f29) c.xor   a4, a0
core   0: 0 0x800080dc (0x8f29) x14 0x7ffde5eb
core   0: 0x800080de (0x00000f94) c.addi4spn a3, sp, 976
core   0: 0 0x800080de (0x0f94) x13 0x000005b0
core   0: 0x800080e0 (0x00008f21) c.xor   a4, s0
core   0: 0 0x800080e0 (0x8f21) x14 0xffd815c6
core   0: 0x800080e2 (0x019fe863) bltu    t6, s9, pc + 16
core   0: 0 0x800080e2 (0x019fe863)
core   0: 0x800080f2 (0x00008355) c.srli  a4, 21
core   0: 0 0x800080f2 (0x8355) x14 0x000007fe
core   0: 0x800080f4 (0x00001a7d) c.addi  s4, -1
core   0: 0 0x800080f4 (0x1a7d) x20 0x00000000
core   0: 0x800080f6 (0x02462eb3) mulhsu  t4, a2, tp
core   0: 0 0x800080f6 (0x02462eb3) x29 0x00000000
core   0: 0x800080fa (0x00006129) c.addi16sp sp, 192
core   0: 0 0x800080fa (0x6129) x2  0x000002a0
core   0: 0x800080fc (0x0000660d) c.lui   a2, 0x3
core   0: 0 0x800080fc (0x660d) x12 0x00003000
core   0: 0x800080fe (0x000084c1) c.srai  s1, 16
core   0: 0 0x800080fe (0x84c1) x9  0x00007fdb
core   0: 0x80008100 (0x02ef3133) mulhu   sp, t5, a4
core   0: 0 0x80008100 (0x02ef3133) x2  0x000003ff
core   0: 0x80008104 (0x024eec33) rem     s8, t4, tp
core   0: 0 0x80008104 (0x024eec33) x24 0x00000000
core   0: 0x80008108 (0x018f11b3) sll     gp, t5, s8
core   0: 0 0x80008108 (0x018f11b3) x3  0x80025ce4
core   0: 0x8000810c (0x024eee63) bltu    t4, tp, pc + 60
core   0: 0 0x8000810c (0x024eee63)
core   0: 0x80008110 (0xc2404513) xori    a0, zero, -988
core   0: 0 0x80008110 (0xc2404513) x10 0xfffffc24
core   0: 0x80008114 (0x0297d633) divu    a2, a5, s1
core   0: 0 0x80008114 (0x0297d633) x12 0x0001004e
core   0: 0x80008118 (0x01825263) bge     tp, s8, pc + 4
core   0: 0 0x80008118 (0x01825263)
core   0: 0x8000811c (0x00ae16b3) sll     a3, t3, a0
core   0: 0 0x8000811c (0x00ae16b3) x13 0x0021e340
core   0: 0x80008120 (0x03a8a2b3) mulhsu  t0, a7, s10
core   0: 0 0x80008120 (0x03a8a2b3) x5  0xfffffffb
core   0: 0x80008124 (0x0000ce9d) c.beqz  a3, pc + 62
core   0: 0 0x80008124 (0xce9d)
core   0: 0x80008126 (0xdb3eef93) ori     t6, t4, -589
core   0: 0 0x80008126 (0xdb3eef93) x31 0xfffffdb3
core   0: 0x8000812a (0x40a45113) srai    sp, s0, 10
core   0: 0 0x8000812a (0x40a45113) x2  0xffe0097c
core   0: 0x8000812e (0x01835a13) srli    s4, t1, 24
core   0: 0 0x8000812e (0x01835a13) x20 0x00000000
core   0: 0x80008132 (0x80dad417) auipc   s0, 0x80dad
core   0: 0 0x80008132 (0x80dad417) x8  0x00db5132
core   0: 0x80008136 (0x0090cc63) blt     ra, s1, pc + 24
core   0: 0 0x80008136 (0x0090cc63)
core   0: 0x8000814e (0x00008ec9) c.or    a3, a0
core   0: 0 0x8000814e (0x8ec9) x13 0xffffff64
core   0: 0x80008150 (0x00008e65) c.and   a2, s1
core   0: 0 0x80008150 (0x8e65) x12 0x0000004a
core   0: 0x80008152 (0x00252db3) slt     s11, a0, sp
core   0: 0 0x80008152 (0x00252db3) x27 0x00000000
core   0: 0x80008156 (0x027a2d33) mulhsu  s10, s4, t2
core   0: 0 0x80008156 (0x027a2d33) x26 0x00000000
core   0: 0x8000815a (0x4154dc33) sra     s8, s1, s5
core   0: 0 0x8000815a (0x4154dc33) x24 0x00003fed
core   0: 0x8000815e (0x0ff0000f) fence   iorw,iorw
core   0: 0 0x8000815e (0x0ff0000f)
core   0: 0x80008162 (0x03257233) remu    tp, a0, s2
core   0: 0 0x80008162 (0x03257233) x4  0xfffffc24
core   0: 0x80008166 (0x02a34033) div     zero, t1, a0
core   0: 0 0x80008166 (0x02a34033)
core   0: 0x8000816a (0x039a9e63) bne     s5, s9, pc + 60
core   0: 0 0x8000816a (0x039a9e63)
core   0: 0x800081a6 (0x03ca5963) bge     s4, t3, pc + 50
core   0: 0 0x800081a6 (0x03ca5963)
core   0: 0x800081d8 (0x024aba33) mulhu   s4, s5, tp
core   0: 0 0x800081d8 (0x024aba33) x20 0x00000000
core   0: 0x800081dc (0x00008d8d) c.sub   a1, a1
core   0: 0 0x800081dc (0x8d8d) x11 0x00000000
core   0: 0x800081de (0x0ff0000f) fence   iorw,iorw
core   0: 0 0x800081de (0x0ff0000f)
core   0: 0x800081e2 (0x0194ad33) slt     s10, s1, s9
core   0: 0 0x800081e2 (0x0194ad33) x26 0x00000001
core   0: 0x800081e6 (0x00191b13) slli    s6, s2, 1
core   0: 0 0x800081e6 (0x00191b13) x22 0xfffffff0
core   0: 0x800081ea (0x00cae633) or      a2, s5, a2
core   0: 0 0x800081ea (0x00cae633) x12 0x0000004b
core   0: 0x800081ee (0x02ebda63) bge     s7, a4, pc + 52
core   0: 0 0x800081ee (0x02ebda63)
core   0: 0x800081f2 (0x0ff0000f) fence   iorw,iorw
core   0: 0 0x800081f2 (0x0ff0000f)
core   0: 0x800081f6 (0x40a95b13) srai    s6, s2, 10
core   0: 0 0x800081f6 (0x40a95b13) x22 0xffffffff
core   0: 0x800081fa (0x0000c319) c.beqz  a4, pc + 6
core   0: 0 0x800081fa (0xc319)
core   0: 0x800081fc (0x5d4eae93) slti    t4, t4, 1492
core   0: 0 0x800081fc (0x5d4eae93) x29 0x00000001
core   0: 0x80008200 (0x039aa9b3) mulhsu  s3, s5, s9
core   0: 0 0x80008200 (0x039aa9b3) x19 0x00000000
core   0: 0x80008204 (0x000081e9) c.srli  a1, 26
core   0: 0 0x80008204 (0x81e9) x11 0x00000000
core   0: 0x80008206 (0x02267b33) remu    s6, a2, sp
core   0: 0 0x80008206 (0x02267b33) x22 0x0000004b
core   0: 0x8000820a (0x0000ce19) c.beqz  a2, pc + 30
core   0: 0 0x8000820a (0xce19)
core   0: 0x8000820c (0x0000e419) c.bnez  s0, pc + 14
core   0: 0 0x8000820c (0xe419)
core   0: 0x8000821a (0x010b01b3) add     gp, s6, a6
core   0: 0 0x8000821a (0x010b01b3) x3  0x000000ca
core   0: 0x8000821e (0x004fd2b3) srl     t0, t6, tp
core   0: 0 0x8000821e (0x004fd2b3) x5  0x0fffffdb
core   0: 0x80008222 (0x00008e51) c.or    a2, a2
core   0: 0 0x80008222 (0x8e51) x12 0x0000004b
core   0: 0x80008224 (0x031d35b3) mulhu   a1, s10, a7
core   0: 0 0x80008224 (0x031d35b3) x11 0x00000000
core   0: 0x80008228 (0x4024d033) sra     zero, s1, sp
core   0: 0 0x80008228 (0x4024d033)
core   0: 0x8000822c (0x01565d33) srl     s10, a2, s5
core   0: 0 0x8000822c (0x01565d33) x26 0x00000025
core   0: 0x80008230 (0x00008d6d) c.and   a0, a1
core   0: 0 0x80008230 (0x8d6d) x10 0x00000000
core   0: 0x80008232 (0x78840db7) lui     s11, 0x78840
core   0: 0 0x80008232 (0x78840db7) x27 0x78840000
core   0: 0x80008236 (0x00c35c13) srli    s8, t1, 12
core   0: 0 0x80008236 (0x00c35c13) x24 0x00000000
core   0: 0x8000823a (0xcb39b313) sltiu   t1, s3, -845
core   0: 0 0x8000823a (0xcb39b313) x6  0x00000001
core   0: 0x8000823e (0x00e78333) add     t1, a5, a4
core   0: 0 0x8000823e (0x00e78333) x6  0x800264e2
core   0: 0x80008242 (0x014040b3) xor     ra, zero, s4
core   0: 0 0x80008242 (0x014040b3) x1  0x00000000
core   0: 0x80008246 (0x00008f11) c.sub   a4, a2
core   0: 0 0x80008246 (0x8f11) x14 0x000007b3
core   0: 0x80008248 (0x00008d15) c.sub   a0, a3
core   0: 0 0x80008248 (0x8d15) x10 0x0000009c
core   0: 0x8000824a (0x00000001) c.nop
core   0: 0 0x8000824a (0x0001)
core   0: 0x8000824c (0x019d0263) beq     s10, s9, pc + 4
core   0: 0 0x8000824c (0x019d0263)
core   0: 0x80008250 (0x024e0633) mul     a2, t3, tp
core   0: 0 0x80008250 (0x024e0633) x12 0xf7d36f50
core   0: 0x80008254 (0x00008959) c.andi  a0, 22
core   0: 0 0x80008254 (0x8959) x10 0x00000014
core   0: 0x80008256 (0x0235c533) div     a0, a1, gp
core   0: 0 0x80008256 (0x0235c533) x10 0x00000000
core   0: 0x8000825a (0x000004ee) c.slli  s1, 27
core   0: 0 0x8000825a (0x04ee) x9  0xd8000000
core   0: 0x8000825c (0x00008d19) c.sub   a0, a4
core   0: 0 0x8000825c (0x8d19) x10 0xfffff84d
core   0: 0x8000825e (0x017ed4b3) srl     s1, t4, s7
core   0: 0 0x8000825e (0x017ed4b3) x9  0x00000000
core   0: 0x80008262 (0x019ac863) blt     s5, s9, pc + 16
core   0: 0 0x80008262 (0x019ac863)
core   0: 0x80008272 (0x00691813) slli    a6, s2, 6
core   0: 0 0x80008272 (0x00691813) x16 0xfffffe00
core   0: 0x80008276 (0x89a6e193) ori     gp, a3, -1894
core   0: 0 0x80008276 (0x89a6e193) x3  0xfffffffe
core   0: 0x8000827a (0x023882b3) mul     t0, a7, gp
core   0: 0 0x8000827a (0x023882b3) x5  0x00000010
core   0: 0x8000827e (0x00000001) c.nop
core   0: 0 0x8000827e (0x0001)
core   0: 0x80008280 (0x0100c733) xor     a4, ra, a6
core   0: 0 0x80008280 (0x0100c733) x14 0xfffffe00
core   0: 0x80008284 (0x00008d8d) c.sub   a1, a1
core   0: 0 0x80008284 (0x8d8d) x11 0x00000000
core   0: 0x80008286 (0x022d6db3) rem     s11, s10, sp
core   0: 0 0x80008286 (0x022d6db3) x27 0x00000025
core   0: 0x8000828a (0x039516b3) mulh    a3, a0, s9
core   0: 0 0x8000828a (0x039516b3) x13 0xfffffffd
core   0: 0x8000828e (0x01cb5733) srl     a4, s6, t3
core   0: 0 0x8000828e (0x01cb5733) x14 0x00000000
core   0: 0x80008292 (0x01ac8633) add     a2, s9, s10
core   0: 0 0x80008292 (0x01ac8633) x12 0x004be07f
core   0: 0x80008296 (0x0000100f) fence.i
core   0: 0 0x80008296 (0x0000100f)
core   0: 0x8000829a (0x01058763) beq     a1, a6, pc + 14
core   0: 0 0x8000829a (0x01058763)
core   0: 0x8000829e (0x00008711) c.srai  a4, 4
core   0: 0 0x8000829e (0x8711) x14 0x00000000
core   0: 0x800082a0 (0x01b05f63) bge     zero, s11, pc + 30
core   0: 0 0x800082a0 (0x01b05f63)
core   0: 0x800082a4 (0x0000587d) c.li    a6, -1
core   0: 0 0x800082a4 (0x587d) x16 0xffffffff
core   0: 0x800082a6 (0x000088d6) c.mv    a7, s5
core   0: 0 0x800082a6 (0x88d6) x17 0x00000001
core   0: 0x800082a8 (0x00b19a93) slli    s5, gp, 11
core   0: 0 0x800082a8 (0x00b19a93) x21 0xfffff000
core   0: 0x800082ac (0x0000717d) c.addi16sp sp, -16
core   0: 0 0x800082ac (0x717d) x2  0xffe0096c
core   0: 0x800082ae (0x02bd1833) mulh    a6, s10, a1
core   0: 0 0x800082ae (0x02bd1833) x16 0x00000000
core   0: 0x800082b2 (0x03f36763) bltu    t1, t6, pc + 46
core   0: 0 0x800082b2 (0x03f36763)
core   0: 0x800082e0 (0x00000a04) c.addi4spn s1, sp, 272
core   0: 0 0x800082e0 (0x0a04) x9  0xffe00a7c
core   0: 0x800082e2 (0x02ee3c33) mulhu   s8, t3, a4
core   0: 0 0x800082e2 (0x02ee3c33) x24 0x00000000
core   0: 0x800082e6 (0x00008d75) c.and   a0, a3
core   0: 0 0x800082e6 (0x8d75) x10 0xfffff84d
core   0: 0x800082e8 (0x0109b9b3) sltu    s3, s3, a6
core   0: 0 0x800082e8 (0x0109b9b3) x19 0x00000000
core   0: 0x800082ec (0x20624a97) auipc   s5, 0x20624
core   0: 0 0x800082ec (0x20624a97) x21 0xa062c2ec
core   0: 0x800082f0 (0xf80ae493) ori     s1, s5, -128
core   0: 0 0x800082f0 (0xf80ae493) x9  0xffffffec
core   0: 0x800082f4 (0x0000100f) fence.i
core   0: 0 0x800082f4 (0x0000100f)
core   0: 0x800082f8 (0x05d21163) bne     tp, t4, pc + 66
core   0: 0 0x800082f8 (0x05d21163)
core   0: 0x8000833a (0x02122b33) mulhsu  s6, tp, ra
core   0: 0 0x8000833a (0x02122b33) x22 0x00000000
core   0: 0x8000833e (0x00b40cb3) add     s9, s0, a1
core   0: 0 0x8000833e (0x00b40cb3) x25 0x00db5132
core   0: 0x80008342 (0x008452b3) srl     t0, s0, s0
core   0: 0 0x80008342 (0x008452b3) x5  0x00000036
core   0: 0x80008346 (0x00009aaa) c.add   s5, a0
core   0: 0 0x80008346 (0x9aaa) x21 0xa062bb39
core   0: 0x80008348 (0x03deb4b3) mulhu   s1, t4, t4
core   0: 0 0x80008348 (0x03deb4b3) x9  0x00000000
core   0: 0x8000834c (0x01411093) slli    ra, sp, 20
core   0: 0 0x8000834c (0x01411093) x1  0x96c00000
core   0: 0x80008350 (0x0000e191) c.bnez  a1, pc + 4
core   0: 0 0x80008350 (0xe191)
core   0: 0x80008352 (0x00000001) c.nop
core   0: 0 0x80008352 (0x0001)
core   0: 0x80008354 (0x0222e533) rem     a0, t0, sp
core   0: 0 0x80008354 (0x0222e533) x10 0x00000036
core   0: 0x80008358 (0x02608db3) mul     s11, ra, t1
core   0: 0 0x80008358 (0x02608db3) x27 0x15800000
core   0: 0x8000835c (0x0000092a) c.slli  s2, 10
core   0: 0 0x8000835c (0x092a) x18 0xffffe000
core   0: 0x8000835e (0x00f75233) srl     tp, a4, a5
core   0: 0 0x8000835e (0x00f75233) x4  0x00000000
core   0: 0x80008362 (0x032b5333) divu    t1, s6, s2
core   0: 0 0x80008362 (0x032b5333) x6  0x00000000
core   0: 0x80008366 (0x000086c9) c.srai  a3, 18
core   0: 0 0x80008366 (0x86c9) x13 0xffffffff
core   0: 0x80008368 (0x03ba5463) bge     s4, s11, pc + 40
core   0: 0 0x80008368 (0x03ba5463)
core   0: 0x8000836c (0xac496813) ori     a6, s2, -1340
core   0: 0 0x8000836c (0xac496813) x16 0xfffffac4
core   0: 0x80008370 (0x40b1d293) srai    t0, gp, 11
core   0: 0 0x80008370 (0x40b1d293) x5  0xffffffff
core   0: 0x80008374 (0x0000616d) c.addi16sp sp, 240
core   0: 0 0x80008374 (0x616d) x2  0xffe00a5c
core   0: 0x80008376 (0x028f4463) blt     t5, s0, pc + 40
core   0: 0 0x80008376 (0x028f4463)
core   0: 0x8000839e (0x03652a33) mulhsu  s4, a0, s6
core   0: 0 0x8000839e (0x03652a33) x20 0x00000000
core   0: 0x800083a2 (0x0378abb3) mulhsu  s7, a7, s7
core   0: 0 0x800083a2 (0x0378abb3) x23 0x00000000
core   0: 0x800083a6 (0x00579263) bne     a5, t0, pc + 4
core   0: 0 0x800083a6 (0x00579263)
core   0: 0x800083aa (0x02d85063) bge     a6, a3, pc + 32
core   0: 0 0x800083aa (0x02d85063)
core   0: 0x800083ae (0x0000cb11) c.beqz  a4, pc + 20
core   0: 0 0x800083ae (0xcb11)
core   0: 0x800083c2 (0x4190d833) sra     a6, ra, s9
core   0: 0 0x800083c2 (0x4190d833) x16 0xffffe5b0
core   0: 0x800083c6 (0x03c3fa63) bgeu    t2, t3, pc + 52
core   0: 0 0x800083c6 (0x03c3fa63)
core   0: 0x800083ca (0x02e4a1b3) mulhsu  gp, s1, a4
core   0: 0 0x800083ca (0x02e4a1b3) x3  0x00000000
core   0: 0x800083ce (0x00008535) c.srai  a0, 13
core   0: 0 0x800083ce (0x8535) x10 0x00000000
core   0: 0x800083d0 (0x0166f463) bgeu    a3, s6, pc + 8
core   0: 0 0x800083d0 (0x0166f463)
core   0: 0x800083d8 (0x00000001) c.nop
core   0: 0 0x800083d8 (0x0001)
core   0: 0x800083da (0x00008515) c.srai  a0, 5
core   0: 0 0x800083da (0x8515) x10 0x00000000
core   0: 0x800083dc (0x5f28eb97) auipc   s7, 0x5f28e
core   0: 0 0x800083dc (0x5f28eb97) x23 0xdf2963dc
core   0: 0x800083e0 (0x00c6c0b3) xor     ra, a3, a2
core   0: 0 0x800083e0 (0x00c6c0b3) x1  0xffb41f80
core   0: 0x800083e4 (0x00de5493) srli    s1, t3, 13
core   0: 0 0x800083e4 (0x00de5493) x9  0x00040010
core   0: 0x800083e8 (0x0000c611) c.beqz  a2, pc + 12
core   0: 0 0x800083e8 (0xc611)
core   0: 0x800083ea (0x00009a8e) c.add   s5, gp
core   0: 0 0x800083ea (0x9a8e) x21 0xa062bb39
core   0: 0x800083ec (0x01df88b3) add     a7, t6, t4
core   0: 0 0x800083ec (0x01df88b3) x17 0xfffffdb4
core   0: 0x800083f0 (0x2ef6b2b7) lui     t0, 0x2ef6b
core   0: 0 0x800083f0 (0x2ef6b2b7) x5  0x2ef6b000
core   0: 0x800083f4 (0x00008749) c.srai  a4, 18
core   0: 0 0x800083f4 (0x8749) x14 0x00000000
core   0: 0x800083f6 (0x01431813) slli    a6, t1, 20
core   0: 0 0x800083f6 (0x01431813) x16 0x00000000
core   0: 0x800083fa (0x009dfc33) and     s8, s11, s1
core   0: 0 0x800083fa (0x009dfc33) x24 0x00000000
core   0: 0x800083fe (0x4148df93) srai    t6, a7, 20
core   0: 0 0x800083fe (0x4148df93) x31 0xffffffff
core   0: 0x80008402 (0x00189563) bne     a7, ra, pc + 10
core   0: 0 0x80008402 (0x00189563)
core   0: 0x8000840c (0x0000e409) c.bnez  s0, pc + 10
core   0: 0 0x8000840c (0xe409)
core   0: 0x80008416 (0x0025b133) sltu    sp, a1, sp
core   0: 0 0x80008416 (0x0025b133) x2  0x00000001
core   0: 0x8000841a (0x00008d79) c.and   a0, a4
core   0: 0 0x8000841a (0x8d79) x10 0x00000000
core   0: 0x8000841c (0x009f4663) blt     t5, s1, pc + 12
core   0: 0 0x8000841c (0x009f4663)
core   0: 0x80008428 (0x012d7c33) and     s8, s10, s2
core   0: 0 0x80008428 (0x012d7c33) x24 0x00000000
core   0: 0x8000842c (0x25ca2b93) slti    s7, s4, 604
core   0: 0 0x8000842c (0x25ca2b93) x23 0x00000001
core   0: 0x80008430 (0x00006849) c.lui   a6, 0x12
core   0: 0 0x80008430 (0x6849) x16 0x00012000
core   0: 0x80008432 (0x00000001) c.nop
core   0: 0 0x80008432 (0x0001)
core   0: 0x80008434 (0x00008c99) c.sub   s1, a4
core   0: 0 0x80008434 (0x8c99) x9  0x00040010
core   0: 0x80008436 (0x011d0e63) beq     s10, a7, pc + 28
core   0: 0 0x80008436 (0x011d0e63)
core   0: 0x8000843a (0x0000e681) c.bnez  a3, pc + 8
core   0: 0 0x8000843a (0xe681)
core   0: 0x80008442 (0x52c65c97) auipc   s9, 0x52c65
core   0: 0 0x80008442 (0x52c65c97) x25 0xd2c6d442
core   0: 0x80008446 (0x01135113) srli    sp, t1, 17
core   0: 0 0x80008446 (0x01135113) x2  0x00000000
core   0: 0x8000844a (0x03deeab3) rem     s5, t4, t4
core   0: 0 0x8000844a (0x03deeab3) x21 0x00000000
core   0: 0x8000844e (0x00db1d13) slli    s10, s6, 13
core   0: 0 0x8000844e (0x00db1d13) x26 0x00000000
core   0: 0x80008452 (0x0204a0b3) mulhsu  ra, s1, zero
core   0: 0 0x80008452 (0x0204a0b3) x1  0x00000000
core   0: 0x80008456 (0x3038c913) xori    s2, a7, 771
core   0: 0 0x80008456 (0x3038c913) x18 0xfffffeb7
core   0: 0x8000845a (0x0000ca85) c.beqz  a3, pc + 48
core   0: 0 0x8000845a (0xca85)
core   0: 0x8000845c (0x001dc333) xor     t1, s11, ra
core   0: 0 0x8000845c (0x001dc333) x6  0x15800000
core   0: 0x80008460 (0x029f7b33) remu    s6, t5, s1
core   0: 0 0x80008460 (0x029f7b33) x22 0x00005ce4
core   0: 0x80008464 (0x03b802b3) mul     t0, a6, s11
core   0: 0 0x80008464 (0x03b802b3) x5  0x00000000
core   0: 0x80008468 (0x00008c59) c.or    s0, a4
core   0: 0 0x80008468 (0x8c59) x8  0x00db5132
core   0: 0x8000846a (0x00619813) slli    a6, gp, 6
core   0: 0 0x8000846a (0x00619813) x16 0x00000000
core   0: 0x8000846e (0x00a23733) sltu    a4, tp, a0
core   0: 0 0x8000846e (0x00a23733) x14 0x00000000
core   0: 0x80008472 (0x00008f31) c.xor   a4, a2
core   0: 0 0x80008472 (0x8f31) x14 0x004be07f
core   0: 0x80008474 (0x00008fb2) c.mv    t6, a2
core   0: 0 0x80008474 (0x8fb2) x31 0x004be07f
core   0: 0x80008476 (0x53133d13) sltiu   s10, t1, 1329
core   0: 0 0x80008476 (0x53133d13) x26 0x00000000
core   0: 0x8000847a (0x000081ad) c.srli  a1, 11
core   0: 0 0x8000847a (0x81ad) x11 0x00000000
core   0: 0x8000847c (0x7790ed93) ori     s11, ra, 1913
core   0: 0 0x8000847c (0x7790ed93) x27 0x00000779
core   0: 0x80008480 (0x00000390) c.addi4spn a2, sp, 448
core   0: 0 0x80008480 (0x0390) x12 0x000001c0
core   0: 0x80008482 (0x00008365) c.srli  a4, 25
core   0: 0 0x80008482 (0x8365) x14 0x00000000
core   0: 0x80008484 (0x151eaa93) slti    s5, t4, 337
core   0: 0 0x80008484 (0x151eaa93) x21 0x00000001
core   0: 0x80008488 (0x00001c7d) c.addi  s8, -1
core   0: 0 0x80008488 (0x1c7d) x24 0xffffffff
core   0: 0x8000848a (0x00004251) c.li    tp, 20
core   0: 0 0x8000848a (0x4251) x4  0x00000014
core   0: 0x8000848c (0x00008579) c.srai  a0, 30
core   0: 0 0x8000848c (0x8579) x10 0x00000000
core   0: 0x8000848e (0x0000e289) c.bnez  a3, pc + 2
core   0: 0 0x8000848e (0xe289)
core   0: 0x80008490 (0x33a74c93) xori    s9, a4, 826
core   0: 0 0x80008490 (0x33a74c93) x25 0x0000033a
core   0: 0x80008494 (0x03ffdc63) bge     t6, t6, pc + 56
core   0: 0 0x80008494 (0x03ffdc63)
core   0: 0x800084cc (0x0000717d) c.addi16sp sp, -16
core   0: 0 0x800084cc (0x717d) x2  0xfffffff0
core   0: 0x800084ce (0x0000992e) c.add   s2, a1
core   0: 0 0x800084ce (0x992e) x18 0xfffffeb7
core   0: 0x800084d0 (0x0000100f) fence.i
core   0: 0 0x800084d0 (0x0000100f)
core   0: 0x800084d4 (0x02624bb3) div     s7, tp, t1
core   0: 0 0x800084d4 (0x02624bb3) x23 0x00000000
core   0: 0x800084d8 (0x013bf463) bgeu    s7, s3, pc + 8
core   0: 0 0x800084d8 (0x013bf463)
core   0: 0x800084e0 (0x05258b13) addi    s6, a1, 82
core   0: 0 0x800084e0 (0x05258b13) x22 0x00000052
core   0: 0x800084e4 (0x000065e9) c.lui   a1, 0x1a
core   0: 0 0x800084e4 (0x65e9) x11 0x0001a000
core   0: 0x800084e6 (0x00000001) c.nop
core   0: 0 0x800084e6 (0x0001)
core   0: 0x800084e8 (0x0000100f) fence.i
core   0: 0 0x800084e8 (0x0000100f)
core   0: 0x800084ec (0x02903fb3) mulhu   t6, zero, s1
core   0: 0 0x800084ec (0x02903fb3) x31 0x00000000
core   0: 0x800084f0 (0x38164313) xori    t1, a2, 897
core   0: 0 0x800084f0 (0x38164313) x6  0x00000241
core   0: 0x800084f4 (0x00bf7db3) and     s11, t5, a1
core   0: 0 0x800084f4 (0x00bf7db3) x27 0x00000000
core   0: 0x800084f8 (0x01a6a0b3) slt     ra, a3, s10
core   0: 0 0x800084f8 (0x01a6a0b3) x1  0x00000001
core   0: 0x800084fc (0x026622b3) mulhsu  t0, a2, t1
core   0: 0 0x800084fc (0x026622b3) x5  0x00000000
core   0: 0x80008500 (0x02abefb3) rem     t6, s7, a0
core   0: 0 0x80008500 (0x02abefb3) x31 0x00000000
core   0: 0x80008504 (0x00a16333) or      t1, sp, a0
core   0: 0 0x80008504 (0x00a16333) x6  0xfffffff0
core   0: 0x80008508 (0xd29bf717) auipc   a4, 0xd29bf
core   0: 0 0x80008508 (0xd29bf717) x14 0x529c7508
core   0: 0x8000850c (0x02cee4b3) rem     s1, t4, a2
core   0: 0 0x8000850c (0x02cee4b3) x9  0x00000001
core   0: 0x80008510 (0x00009646) c.add   a2, a7
core   0: 0 0x80008510 (0x9646) x12 0xffffff74
core   0: 0x80008512 (0x000080bd) c.srli  s1, 15
core   0: 0 0x80008512 (0x80bd) x9  0x00000000
core   0: 0x80008514 (0x03d05733) divu    a4, zero, t4
core   0: 0 0x80008514 (0x03d05733) x14 0x00000000
core   0: 0x80008518 (0x00cb9c33) sll     s8, s7, a2
core   0: 0 0x80008518 (0x00cb9c33) x24 0x00000000
core   0: 0x8000851c (0x4148df33) sra     t5, a7, s4
core   0: 0 0x8000851c (0x4148df33) x30 0xfffffdb4
core   0: 0x80008520 (0x41288eb3) sub     t4, a7, s2
core   0: 0 0x80008520 (0x41288eb3) x29 0xfffffefd
core   0: 0x80008524 (0xf1d39337) lui     t1, 0xf1d39
core   0: 0 0x80008524 (0xf1d39337) x6  0xf1d39000
core   0: 0x80008528 (0x01bbc763) blt     s7, s11, pc + 14
core   0: 0 0x80008528 (0x01bbc763)
core   0: 0x8000852c (0x03b071b3) remu    gp, zero, s11
core   0: 0 0x8000852c (0x03b071b3) x3  0x00000000
core   0: 0x80008530 (0x0300ed33) rem     s10, ra, a6
core   0: 0 0x80008530 (0x0300ed33) x26 0x00000001
core   0: 0x80008534 (0x0000577d) c.li    a4, -1
core   0: 0 0x80008534 (0x577d) x14 0xffffffff
core   0: 0x80008536 (0x00008f09) c.sub   a4, a0
core   0: 0 0x80008536 (0x8f09) x14 0xffffffff
core   0: 0x80008538 (0x40b15113) srai    sp, sp, 11
core   0: 0 0x80008538 (0x40b15113) x2  0xffffffff
core   0: 0x8000853c (0x02c5a6b3) mulhsu  a3, a1, a2
core   0: 0 0x8000853c (0x02c5a6b3) x13 0x00019fff
core   0: 0x80008540 (0x403bd713) srai    a4, s7, 3
core   0: 0 0x80008540 (0x403bd713) x14 0x00000000
core   0: 0x80008544 (0x000068f1) c.lui   a7, 0x1c
core   0: 0 0x80008544 (0x68f1) x17 0x0001c000
core   0: 0x80008546 (0x00009d8a) c.add   s11, sp
core   0: 0 0x80008546 (0x9d8a) x27 0xffffffff
core   0: 0x80008548 (0x0ff0000f) fence   iorw,iorw
core   0: 0 0x80008548 (0x0ff0000f)
core   0: 0x8000854c (0x00008c6d) c.and   s0, a1
core   0: 0 0x8000854c (0x8c6d) x8  0x00010000
core   0: 0x8000854e (0x0ff0000f) fence   iorw,iorw
core   0: 0 0x8000854e (0x0ff0000f)
core   0: 0x80008552 (0x01497263) bgeu    s2, s4, pc + 4
core   0: 0 0x80008552 (0x01497263)
core   0: 0x80008556 (0x419cd533) sra     a0, s9, s9
core   0: 0 0x80008556 (0x419cd533) x10 0x00000000
core   0: 0x8000855a (0x00c420b3) slt     ra, s0, a2
core   0: 0 0x8000855a (0x00c420b3) x1  0x00000000
core   0: 0x8000855e (0x0000c29d) c.beqz  a3, pc + 38
core   0: 0 0x8000855e (0xc29d)
core   0: 0x80008560 (0x00e27663) bgeu    tp, a4, pc + 12
core   0: 0 0x80008560 (0x00e27663)
core   0: 0x8000856c (0x00006111) c.addi16sp sp, 256
core   0: 0 0x8000856c (0x6111) x2  0x000000ff
core   0: 0x8000856e (0x00008cfa) c.mv    s9, t5
core   0: 0 0x8000856e (0x8cfa) x25 0xfffffdb4
core   0: 0x80008570 (0x0ff0000f) fence   iorw,iorw
core   0: 0 0x80008570 (0x0ff0000f)
core   0: 0x80008574 (0x0000ee0d) c.bnez  a2, pc + 58
core   0: 0 0x80008574 (0xee0d)
core   0: 0x800085ae (0xb1260a13) addi    s4, a2, -1262
core   0: 0 0x800085ae (0xb1260a13) x20 0xfffffa86
core   0: 0x800085b2 (0x00000c89) c.addi  s9, 2
core   0: 0 0x800085b2 (0x0c89) x25 0xfffffdb6
core   0: 0x800085b4 (0x01635613) srli    a2, t1, 22
core   0: 0 0x800085b4 (0x01635613) x12 0x000003c7
core   0: 0x800085b8 (0x000084b5) c.srai  s1, 13
core   0: 0 0x800085b8 (0x84b5) x9  0x00000000
core   0: 0x800085ba (0x00001a84) c.addi4spn s1, sp, 368
core   0: 0 0x800085ba (0x1a84) x9  0x0000026f
core   0: 0x800085bc (0x00008359) c.srli  a4, 22
core   0: 0 0x800085bc (0x8359) x14 0x00000000
core   0: 0x800085be (0x03d71c33) mulh    s8, a4, t4
core   0: 0 0x800085be (0x03d71c33) x24 0x00000000
core   0: 0x800085c2 (0x015f5b33) srl     s6, t5, s5
core   0: 0 0x800085c2 (0x015f5b33) x22 0x7ffffeda
core   0: 0x800085c6 (0x032045b3) div     a1, zero, s2
core   0: 0 0x800085c6 (0x032045b3) x11 0x00000000
core   0: 0x800085ca (0x02a73f33) mulhu   t5, a4, a0
core   0: 0 0x800085ca (0x02a73f33) x30 0x00000000
core   0: 0x800085ce (0x00008e99) c.sub   a3, a4
core   0: 0 0x800085ce (0x8e99) x13 0x00019fff
core   0: 0x800085d0 (0x0213c5b3) div     a1, t2, ra
core   0: 0 0x800085d0 (0x0213c5b3) x11 0xffffffff
core   0: 0x800085d4 (0x0000926a) c.add   tp, s10
core   0: 0 0x800085d4 (0x926a) x4  0x00000015
core   0: 0x800085d6 (0xeefd0c13) addi    s8, s10, -273
core   0: 0 0x800085d6 (0xeefd0c13) x24 0xfffffef0
core   0: 0x800085da (0x00385db3) srl     s11, a6, gp
core   0: 0 0x800085da (0x00385db3) x27 0x00000000
core   0: 0x800085de (0x01d3d993) srli    s3, t2, 29
core   0: 0 0x800085de (0x01d3d993) x19 0x00000004
core   0: 0x800085e2 (0x000081c1) c.srli  a1, 16
core   0: 0 0x800085e2 (0x81c1) x11 0x0000ffff
core   0: 0x800085e4 (0x030654b3) divu    s1, a2, a6
core   0: 0 0x800085e4 (0x030654b3) x9  0xffffffff
core   0: 0x800085e8 (0x03f12b33) mulhsu  s6, sp, t6
core   0: 0 0x800085e8 (0x03f12b33) x22 0x00000000
core   0: 0x800085ec (0x01d49eb3) sll     t4, s1, t4
core   0: 0 0x800085ec (0x01d49eb3) x29 0xe0000000
core   0: 0x800085f0 (0x000066ad) c.lui   a3, 0xb
core   0: 0 0x800085f0 (0x66ad) x13 0x0000b000
core   0: 0x800085f2 (0x0000120c) c.addi4spn a1, sp, 288
core   0: 0 0x800085f2 (0x120c) x11 0x0000021f
core   0: 0x800085f4 (0x00512233) slt     tp, sp, t0
core   0: 0 0x800085f4 (0x00512233) x4  0x00000000
core   0: 0x800085f8 (0x0000e885) c.bnez  s1, pc + 48
core   0: 0 0x800085f8 (0xe885)
core   0: 0x80008628 (0x03ad52b3) divu    t0, s10, s10
core   0: 0 0x80008628 (0x03ad52b3) x5  0x00000001
core   0: 0x8000862c (0x0000717d) c.addi16sp sp, -16
core   0: 0 0x8000862c (0x717d) x2  0x000000ef
core   0: 0x8000862e (0x03598063) beq     s3, s5, pc + 32
core   0: 0 0x8000862e (0x03598063)
core   0: 0x80008632 (0x036ae0b3) rem     ra, s5, s6
core   0: 0 0x80008632 (0x036ae0b3) x1  0x00000001
core   0: 0x80008636 (0x9657b113) sltiu   sp, a5, -1691
core   0: 0 0x80008636 (0x9657b113) x2  0x00000001
core   0: 0x8000863a (0x03d262b3) rem     t0, tp, t4
core   0: 0 0x8000863a (0x03d262b3) x5  0x00000000
core   0: 0x8000863e (0x63a67b13) andi    s6, a2, 1594
core   0: 0 0x8000863e (0x63a67b13) x22 0x00000202
core   0: 0x80008642 (0x0000100f) fence.i
core   0: 0 0x80008642 (0x0000100f)
core   0: 0x80008646 (0x00006131) c.addi16sp sp, 320
core   0: 0 0x80008646 (0x6131) x2  0x00000141
core   0: 0x80008648 (0x00008eb6) c.mv    t4, a3
core   0: 0 0x80008648 (0x8eb6) x29 0x0000b000
core   0: 0x8000864a (0x401b5313) srai    t1, s6, 1
core   0: 0 0x8000864a (0x401b5313) x6  0x00000101
core   0: 0x8000864e (0x03bd6ab3) rem     s5, s10, s11
core   0: 0 0x8000864e (0x03bd6ab3) x21 0x00000001
core   0: 0x80008652 (0x0000924a) c.add   tp, s2
core   0: 0 0x80008652 (0x924a) x4  0xfffffeb7
core   0: 0x80008654 (0x0000100f) fence.i
core   0: 0 0x80008654 (0x0000100f)
core   0: 0x80008658 (0xead1ba93) sltiu   s5, gp, -339
core   0: 0 0x80008658 (0xead1ba93) x21 0x00000001
core   0: 0x8000865c (0x0017dc33) srl     s8, a5, ra
core   0: 0 0x8000865c (0x0017dc33) x24 0x40012e72
core   0: 0x80008660 (0x0057c963) blt     a5, t0, pc + 18
core   0: 0 0x80008660 (0x0057c963)
core   0: 0x80008672 (0x2f0bfc93) andi    s9, s7, 752
core   0: 0 0x80008672 (0x2f0bfc93) x25 0x00000000
core   0: 0x80008676 (0x0000e705) c.bnez  a4, pc + 40
core   0: 0 0x80008676 (0xe705)
core   0: 0x80008678 (0x009b5763) bge     s6, s1, pc + 14
core   0: 0 0x80008678 (0x009b5763)
core   0: 0x80008686 (0x00e3b033) sltu    zero, t2, a4
core   0: 0 0x80008686 (0x00e3b033)
core   0: 0x8000868a (0x00000298) c.addi4spn a4, sp, 320
core   0: 0 0x8000868a (0x0298) x14 0x00000281
core   0: 0x8000868c (0x019a75b3) and     a1, s4, s9
core   0: 0 0x8000868c (0x019a75b3) x11 0x00000000
core   0: 0x80008690 (0x0000071e) c.slli  a4, 7
core   0: 0 0x80008690 (0x071e) x14 0x00014080
core   0: 0x80008692 (0x000056fd) c.li    a3, -1
core   0: 0 0x80008692 (0x56fd) x13 0xffffffff
core   0: 0x80008694 (0x0056e733) or      a4, a3, t0
core   0: 0 0x80008694 (0x0056e733) x14 0xffffffff
core   0: 0x80008698 (0x0ff0000f) fence   iorw,iorw
core   0: 0 0x80008698 (0x0ff0000f)
core   0: 0x8000869c (0x00008cd9) c.or    s1, a4
core   0: 0 0x8000869c (0x8cd9) x9  0xffffffff
core   0: 0x8000869e (0x00008955) c.andi  a0, 21
core   0: 0 0x8000869e (0x8955) x10 0x00000000
core   0: 0x800086a0 (0x34242113) slti    sp, s0, 834
core   0: 0 0x800086a0 (0x34242113) x2  0x00000000
core   0: 0x800086a4 (0x00008a3d) c.andi  a2, 15
core   0: 0 0x800086a4 (0x8a3d) x12 0x00000007
core   0: 0x800086a6 (0x03b49d33) mulh    s10, s1, s11
core   0: 0 0x800086a6 (0x03b49d33) x26 0x00000000
core   0: 0x800086aa (0x00705d93) srli    s11, zero, 7
core   0: 0 0x800086aa (0x00705d93) x27 0x00000000
core   0: 0x800086ae (0x017de133) or      sp, s11, s7
core   0: 0 0x800086ae (0x017de133) x2  0x00000000
core   0: 0x800086b2 (0x022c6033) rem     zero, s8, sp
core   0: 0 0x800086b2 (0x022c6033)
core   0: 0x800086b6 (0x000098e6) c.add   a7, s9
core   0: 0 0x800086b6 (0x98e6) x17 0x0001c000
core   0: 0x800086b8 (0x03762eb3) mulhsu  t4, a2, s7
core   0: 0 0x800086b8 (0x03762eb3) x29 0x00000000
core   0: 0x800086bc (0x00000388) c.addi4spn a0, sp, 448
core   0: 0 0x800086bc (0x0388) x10 0x000001c0
core   0: 0x800086be (0x00008f71) c.and   a4, a2
core   0: 0 0x800086be (0x8f71) x14 0x00000007
core   0: 0x800086c0 (0x000009c6) c.slli  s3, 17
core   0: 0 0x800086c0 (0x09c6) x19 0x00080000
core   0: 0x800086c2 (0x00008f65) c.and   a4, s1
core   0: 0 0x800086c2 (0x8f65) x14 0x00000007
core   0: 0x800086c4 (0x00008c81) c.sub   s1, s0
core   0: 0 0x800086c4 (0x8c81) x9  0xfffeffff
core   0: 0x800086c6 (0x732fd117) auipc   sp, 0x732fd
core   0: 0 0x800086c6 (0x732fd117) x2  0xf33056c6
core   0: 0x800086ca (0x0110eb33) or      s6, ra, a7
core   0: 0 0x800086ca (0x0110eb33) x22 0x0001c001
core   0: 0x800086ce (0x00006119) c.addi16sp sp, 384
core   0: 0 0x800086ce (0x6119) x2  0xf3305846
core   0: 0x800086d0 (0x015e5a63) bge     t3, s5, pc + 20
core   0: 0 0x800086d0 (0x015e5a63)
core   0: 0x800086d4 (0x00008f51) c.or    a4, a2
core   0: 0 0x800086d4 (0x8f51) x14 0x00000007
core   0: 0x800086d6 (0x4126d233) sra     tp, a3, s2
core   0: 0 0x800086d6 (0x4126d233) x4  0xffffffff
core   0: 0x800086da (0x003df1b3) and     gp, s11, gp
core   0: 0 0x800086da (0x003df1b3) x3  0x00000000
core   0: 0x800086de (0x00000001) c.nop
core   0: 0 0x800086de (0x0001)
core   0: 0x800086e0 (0x005dcf63) blt     s11, t0, pc + 30
core   0: 0 0x800086e0 (0x005dcf63)
core   0: 0x800086e4 (0x0027bdb3) sltu    s11, a5, sp
core   0: 0 0x800086e4 (0x0027bdb3) x27 0x00000001
core   0: 0x800086e8 (0x02942fb3) mulhsu  t6, s0, s1
core   0: 0 0x800086e8 (0x02942fb3) x31 0x0000fffe
core   0: 0x800086ec (0x0000cb09) c.beqz  a4, pc + 18
core   0: 0 0x800086ec (0xcb09)
core   0: 0x800086ee (0x00a29333) sll     t1, t0, a0
core   0: 0 0x800086ee (0x00a29333) x6  0x00000000
core   0: 0x800086f2 (0x408b8833) sub     a6, s7, s0
core   0: 0 0x800086f2 (0x408b8833) x16 0xffff0000
core   0: 0x800086f6 (0x0056d313) srli    t1, a3, 5
core   0: 0 0x800086f6 (0x0056d313) x6  0x07ffffff
core   0: 0x800086fa (0x01e89ab3) sll     s5, a7, t5
core   0: 0 0x800086fa (0x01e89ab3) x21 0x0001c000
core   0: 0x800086fe (0x0000c015) c.beqz  s0, pc + 36
core   0: 0 0x800086fe (0xc015)
core   0: 0x80008700 (0x01963833) sltu    a6, a2, s9
core   0: 0 0x80008700 (0x01963833) x16 0x00000000
core   0: 0x80008704 (0x00000001) c.nop
core   0: 0 0x80008704 (0x0001)
core   0: 0x80008706 (0x01deabb3) slt     s7, t4, t4
core   0: 0 0x80008706 (0x01deabb3) x23 0x00000000
core   0: 0x8000870a (0x0236d433) divu    s0, a3, gp
core   0: 0 0x8000870a (0x0236d433) x8  0xffffffff
core   0: 0x8000870e (0x03a411b3) mulh    gp, s0, s10
core   0: 0 0x8000870e (0x03a411b3) x3  0x00000000
core   0: 0x80008712 (0x02932833) mulhsu  a6, t1, s1
core   0: 0 0x80008712 (0x02932833) x16 0x07fff7fe
core   0: 0x80008716 (0x41ed0333) sub     t1, s10, t5
core   0: 0 0x80008716 (0x41ed0333) x6  0x00000000
core   0: 0x8000871a (0x026f0d33) mul     s10, t5, t1
core   0: 0 0x8000871a (0x026f0d33) x26 0x00000000
core   0: 0x8000871e (0x025cad33) mulhsu  s10, s9, t0
core   0: 0 0x8000871e (0x025cad33) x26 0x00000000
core   0: 0x80008722 (0x00006bed) c.lui   s7, 0x1b
core   0: 0 0x80008722 (0x6bed) x23 0x0001b000
core   0: 0x80008724 (0x0161b5b3) sltu    a1, gp, s6
core   0: 0 0x80008724 (0x0161b5b3) x11 0x00000001
core   0: 0x80008728 (0x029f36b3) mulhu   a3, t5, s1
core   0: 0 0x80008728 (0x029f36b3) x13 0x00000000
core   0: 0x8000872c (0x00008a59) c.andi  a2, 22
core   0: 0 0x8000872c (0x8a59) x12 0x00000006
core   0: 0x8000872e (0x01385333) srl     t1, a6, s3
core   0: 0 0x8000872e (0x01385333) x6  0x07fff7fe
core   0: 0x80008732 (0x00008c96) c.mv    s9, t0
core   0: 0 0x80008732 (0x8c96) x25 0x00000000
core   0: 0x80008734 (0x00008e21) c.xor   a2, s0
core   0: 0 0x80008734 (0x8e21) x12 0xfffffff9
core   0: 0x80008736 (0x004e2a83) lw      s5, 4(t3)
core   0: 0 0x80008736 (0x004e2a83) x21 0x80005dd2 mem 0x80021e38
core   0: 0x8000873a (0x00008981) c.andi  a1, 0
core   0: 0 0x8000873a (0x8981) x11 0x00000000
core   0: 0x8000873c (0xa85b7c13) andi    s8, s6, -1403
core   0: 0 0x8000873c (0xa85b7c13) x24 0x0001c001
core   0: 0x80008740 (0x00705b93) srli    s7, zero, 7
core   0: 0 0x80008740 (0x00705b93) x23 0x00000000
core   0: 0x80008744 (0x41d68233) sub     tp, a3, t4
core   0: 0 0x80008744 (0x41d68233) x4  0x00000000
core   0: 0x80008748 (0x020e0e13) addi    t3, t3, 32
core   0: 0 0x80008748 (0x020e0e13) x28 0x80021e54
core   0: 0x8000874c (0x881d2993) slti    s3, s10, -1919
core   0: 0 0x8000874c (0x881d2993) x19 0x00000000
core   0: 0x80008750 (0x000082d5) c.srli  a3, 21
core   0: 0 0x80008750 (0x82d5) x13 0x00000000
core   0: 0x80008752 (0x000a8913) mv      s2, s5
core   0: 0 0x80008752 (0x000a8913) x18 0x80005dd2
core   0: 0x80008756 (0x00090967) jalr    s2, s2, 0
core   0: 0 0x80008756 (0x00090967) x18 0x8000875a
core   0: 0x80005dd2 (0x00c5b437) lui     s0, 0xc5b
core   0: 0 0x80005dd2 (0x00c5b437) x8  0x00c5b000
core   0: 0x80005dd6 (0x00008c65) c.and   s0, s1
core   0: 0 0x80005dd6 (0x8c65) x8  0x00c4b000
core   0: 0x80005dd8 (0x000080f1) c.srli  s1, 28
core   0: 0 0x80005dd8 (0x80f1) x9  0x0000000f
core   0: 0x80005dda (0x03908c33) mul     s8, ra, s9
core   0: 0 0x80005dda (0x03908c33) x24 0x00000000
core   0: 0x80005dde (0x2c8f0c93) addi    s9, t5, 712
core   0: 0 0x80005dde (0x2c8f0c93) x25 0x000002c8
core   0: 0x80005de2 (0x0011e433) or      s0, gp, ra
core   0: 0 0x80005de2 (0x0011e433) x8  0x00000001
core   0: 0x80005de6 (0x0000897d) c.andi  a0, 31
core   0: 0 0x80005de6 (0x897d) x10 0x00000000
core   0: 0x80005de8 (0x03b7f363) bgeu    a5, s11, pc + 38
core   0: 0 0x80005de8 (0x03b7f363)
core   0: 0x80005e0e (0x03591e63) bne     s2, s5, pc + 60
core   0: 0 0x80005e0e (0x03591e63)
core   0: 0x80005e4a (0x40a25693) srai    a3, tp, 10
core   0: 0 0x80005e4a (0x40a25693) x13 0x00000000
core   0: 0x80005e4e (0x03436e63) bltu    t1, s4, pc + 60
core   0: 0 0x80005e4e (0x03436e63)
core   0: 0x80005e8a (0x000082ca) c.mv    t0, s2
core   0: 0 0x80005e8a (0x82ca) x5  0x8000875a
core   0: 0x80005e8c (0x03752533) mulhsu  a0, a0, s7
core   0: 0 0x80005e8c (0x03752533) x10 0x00000000
core   0: 0x80005e90 (0x01dbdc13) srli    s8, s7, 29
core   0: 0 0x80005e90 (0x01dbdc13) x24 0x00000000
core   0: 0x80005e94 (0x00009f7e) c.add   t5, t6
core   0: 0 0x80005e94 (0x9f7e) x30 0x0000fffe
core   0: 0x80005e96 (0x02a6acb3) mulhsu  s9, a3, a0
core   0: 0 0x80005e96 (0x02a6acb3) x25 0x00000000
core   0: 0x80005e9a (0x02386233) rem     tp, a6, gp
core   0: 0 0x80005e9a (0x02386233) x4  0x07fff7fe
core   0: 0x80005e9e (0x0000c00d) c.beqz  s0, pc + 34
core   0: 0 0x80005e9e (0xc00d)
core   0: 0x80005ea0 (0x000055fd) c.li    a1, -1
core   0: 0 0x80005ea0 (0x55fd) x11 0xffffffff
core   0: 0x80005ea2 (0x0219f233) remu    tp, s3, ra
core   0: 0 0x80005ea2 (0x0219f233) x4  0x00000000
core   0: 0x80005ea6 (0x01c7ed63) bltu    a5, t3, pc + 26
core   0: 0 0x80005ea6 (0x01c7ed63)
core   0: 0x80005eaa (0x40cb0433) sub     s0, s6, a2
core   0: 0 0x80005eaa (0x40cb0433) x8  0x0001c008
core   0: 0x80005eae (0x01814633) xor     a2, sp, s8
core   0: 0 0x80005eae (0x01814633) x12 0xf3305846
core   0: 0x80005eb2 (0x4019d993) srai    s3, s3, 1
core   0: 0 0x80005eb2 (0x4019d993) x19 0x00000000
core   0: 0x80005eb6 (0x0000ca8d) c.beqz  a3, pc + 50
core   0: 0 0x80005eb6 (0xca8d)
core   0: 0x80005ee8 (0x012fbc33) sltu    s8, t6, s2
core   0: 0 0x80005ee8 (0x012fbc33) x24 0x00000001
core   0: 0x80005eec (0x62aacc13) xori    s8, s5, 1578
core   0: 0 0x80005eec (0x62aacc13) x24 0x80005bf8
core   0: 0x80005ef0 (0x00000cee) c.slli  s9, 27
core   0: 0 0x80005ef0 (0x0cee) x25 0x00000000
core   0: 0x80005ef2 (0x02e5ac33) mulhsu  s8, a1, a4
core   0: 0 0x80005ef2 (0x02e5ac33) x24 0xffffffff
core   0: 0x80005ef6 (0x00000bf6) c.slli  s7, 29
core   0: 0 0x80005ef6 (0x0bf6) x23 0x00000000
core   0: 0x80005ef8 (0xa5a6b113) sltiu   sp, a3, -1446
core   0: 0 0x80005ef8 (0xa5a6b113) x2  0x00000001
core   0: 0x80005efc (0x00000001) c.nop
core   0: 0 0x80005efc (0x0001)
core   0: 0x80005efe (0x038b8063) beq     s7, s8, pc + 32
core   0: 0 0x80005efe (0x038b8063)
core   0: 0x80005f02 (0x020e4663) bltz    t3, pc + 44
core   0: 0 0x80005f02 (0x020e4663)
core   0: 0x80005f2e (0x00009ff6) c.add   t6, t4
core   0: 0 0x80005f2e (0x9ff6) x31 0x0000fffe
core   0: 0x80005f30 (0xc0acf613) andi    a2, s9, -1014
core   0: 0 0x80005f30 (0xc0acf613) x12 0x00000000
core   0: 0x80005f34 (0x27970c93) addi    s9, a4, 633
core   0: 0 0x80005f34 (0x27970c93) x25 0x00000280
core   0: 0x80005f38 (0x00006445) c.lui   s0, 0x11
core   0: 0 0x80005f38 (0x6445) x8  0x00011000
core   0: 0x80005f3a (0x02f8f4b3) remu    s1, a7, a5
core   0: 0 0x80005f3a (0x02f8f4b3) x9  0x0001c000
core   0: 0x80005f3e (0x0f647693) andi    a3, s0, 246
core   0: 0 0x80005f3e (0x0f647693) x13 0x00000000
core   0: 0x80005f42 (0x000052fd) c.li    t0, -1
core   0: 0 0x80005f42 (0x52fd) x5  0xffffffff
core   0: 0x80005f44 (0x41a68833) sub     a6, a3, s10
core   0: 0 0x80005f44 (0x41a68833) x16 0x00000000
core   0: 0x80005f48 (0x41160233) sub     tp, a2, a7
core   0: 0 0x80005f48 (0x41160233) x4  0xfffe4000
core   0: 0x80005f4c (0x00000642) c.slli  a2, 16
core   0: 0 0x80005f4c (0x0642) x12 0x00000000
core   0: 0x80005f4e (0x021e0bb3) mul     s7, t3, ra
core   0: 0 0x80005f4e (0x021e0bb3) x23 0x80021e54
core   0: 0x80005f52 (0x01a454b3) srl     s1, s0, s10
core   0: 0 0x80005f52 (0x01a454b3) x9  0x00011000
core   0: 0x80005f56 (0x025a8eb3) mul     t4, s5, t0
core   0: 0 0x80005f56 (0x025a8eb3) x29 0x7fffa22e
core   0: 0x80005f5a (0x01f61e93) slli    t4, a2, 31
core   0: 0 0x80005f5a (0x01f61e93) x29 0x00000000
core   0: 0x80005f5e (0xb2cd2593) slti    a1, s10, -1236
core   0: 0 0x80005f5e (0xb2cd2593) x11 0x00000000
core   0: 0x80005f62 (0x0174dd13) srli    s10, s1, 23
core   0: 0 0x80005f62 (0x0174dd13) x26 0x00000000
core   0: 0x80005f66 (0x0375a6b3) mulhsu  a3, a1, s7
core   0: 0 0x80005f66 (0x0375a6b3) x13 0x00000000
core   0: 0x80005f6a (0x005ad013) srli    zero, s5, 5
core   0: 0 0x80005f6a (0x005ad013)
core   0: 0x80005f6e (0x497ce513) ori     a0, s9, 1175
core   0: 0 0x80005f6e (0x497ce513) x10 0x00000697
core   0: 0x80005f72 (0x0ff0000f) fence   iorw,iorw
core   0: 0 0x80005f72 (0x0ff0000f)
core   0: 0x80005f76 (0x00000b79) c.addi  s6, 30
core   0: 0 0x80005f76 (0x0b79) x22 0x0001c01f
core   0: 0x80005f78 (0x00008e29) c.xor   a2, a0
core   0: 0 0x80005f78 (0x8e29) x12 0x00000697
core   0: 0x80005f7a (0xdf5bff93) andi    t6, s7, -523
core   0: 0 0x80005f7a (0xdf5bff93) x31 0x80021c54
core   0: 0x80005f7e (0x02824b33) div     s6, tp, s0
core   0: 0 0x80005f7e (0x02824b33) x22 0xffffffff
core   0: 0x80005f82 (0x00009f9a) c.add   t6, t1
core   0: 0 0x80005f82 (0x9f9a) x31 0x88021452
core   0: 0x80005f84 (0x03e1e933) rem     s2, gp, t5
core   0: 0 0x80005f84 (0x03e1e933) x18 0x00000000
core   0: 0x80005f88 (0x0000675d) c.lui   a4, 0x17
core   0: 0 0x80005f88 (0x675d) x14 0x00017000
core   0: 0x80005f8a (0x0198cbb3) xor     s7, a7, s9
core   0: 0 0x80005f8a (0x0198cbb3) x23 0x0001c280
core   0: 0x80005f8e (0x03bed163) bge     t4, s11, pc + 34
core   0: 0 0x80005f8e (0x03bed163)
core   0: 0x80005f92 (0x03132733) mulhsu  a4, t1, a7
core   0: 0 0x80005f92 (0x03132733) x14 0x00000dff
core   0: 0x80005f96 (0x009bad33) slt     s10, s7, s1
core   0: 0 0x80005f96 (0x009bad33) x26 0x00000000
core   0: 0x80005f9a (0x00008da5) c.xor   a1, s1
core   0: 0 0x80005f9a (0x8da5) x11 0x00011000
core   0: 0x80005f9c (0x000085d9) c.srai  a1, 22
core   0: 0 0x80005f9c (0x85d9) x11 0x00000000
core   0: 0x80005f9e (0x03317733) remu    a4, sp, s3
core   0: 0 0x80005f9e (0x03317733) x14 0x00000001
core   0: 0x80005fa2 (0x0114e333) or      t1, s1, a7
core   0: 0 0x80005fa2 (0x0114e333) x6  0x0001d000
core   0: 0x80005fa6 (0x00008805) c.andi  s0, 1
core   0: 0 0x80005fa6 (0x8805) x8  0x00000000
core   0: 0x80005fa8 (0x03d02033) mulhsu  zero, zero, t4
core   0: 0 0x80005fa8 (0x03d02033)
core   0: 0x80005fac (0x002b7f33) and     t5, s6, sp
core   0: 0 0x80005fac (0x002b7f33) x30 0x00000001
core   0: 0x80005fb0 (0x01fac463) blt     s5, t6, pc + 8
core   0: 0 0x80005fb0 (0x01fac463)
core   0: 0x80005fb8 (0x000085fe) c.mv    a1, t6
core   0: 0 0x80005fb8 (0x85fe) x11 0x88021452
core   0: 0x80005fba (0xa84ce013) ori     zero, s9, -1404
core   0: 0 0x80005fba (0xa84ce013)
core   0: 0x80005fbe (0x41a788b3) sub     a7, a5, s10
core   0: 0 0x80005fbe (0x41a788b3) x17 0x80025ce4
core   0: 0x80005fc2 (0x55fcae93) slti    t4, s9, 1375
core   0: 0 0x80005fc2 (0x55fcae93) x29 0x00000001
core   0: 0x80005fc6 (0x40578d33) sub     s10, a5, t0
core   0: 0 0x80005fc6 (0x40578d33) x26 0x80025ce5
core   0: 0x80005fca (0x000099fd) c.andi  a1, -1
core   0: 0 0x80005fca (0x99fd) x11 0x88021452
core   0: 0x80005fcc (0x6881d517) auipc   a0, 0x6881d
core   0: 0 0x80005fcc (0x6881d517) x10 0xe8822fcc
core   0: 0x80005fd0 (0x02bf0963) beq     t5, a1, pc + 50
core   0: 0 0x80005fd0 (0x02bf0963)
core   0: 0x80005fd4 (0x440ee437) lui     s0, 0x440ee
core   0: 0 0x80005fd4 (0x440ee437) x8  0x440ee000
core   0: 0x80005fd8 (0x03ef18b3) mulh    a7, t5, t5
core   0: 0 0x80005fd8 (0x03ef18b3) x17 0x00000000
core   0: 0x80005fdc (0x00449713) slli    a4, s1, 4
core   0: 0 0x80005fdc (0x00449713) x14 0x00110000
core   0: 0x80005fe0 (0x005a7d33) and     s10, s4, t0
core   0: 0 0x80005fe0 (0x005a7d33) x26 0xfffffa86
core   0: 0x80005fe4 (0x037f4b33) div     s6, t5, s7
core   0: 0 0x80005fe4 (0x037f4b33) x22 0x00000000
core   0: 0x80005fe8 (0x000062e1) c.lui   t0, 0x18
core   0: 0 0x80005fe8 (0x62e1) x5  0x00018000
core   0: 0x80005fea (0x012aa433) slt     s0, s5, s2
core   0: 0 0x80005fea (0x012aa433) x8  0x00000001
core   0: 0x80005fee (0x000095ae) c.add   a1, a1
core   0: 0 0x80005fee (0x95ae) x11 0x100428a4
core   0: 0x80005ff0 (0x28ac6413) ori     s0, s8, 650
core   0: 0 0x80005ff0 (0x28ac6413) x8  0xffffffff
core   0: 0x80005ff4 (0x000086f9) c.srai  a3, 30
core   0: 0 0x80005ff4 (0x86f9) x13 0x00000000
core   0: 0x80005ff6 (0xe9ae4193) xori    gp, t3, -358
core   0: 0 0x80005ff6 (0xe9ae4193) x3  0x7ffde0ce
core   0: 0x80005ffa (0xe5df7b13) andi    s6, t5, -419
core   0: 0 0x80005ffa (0xe5df7b13) x22 0x00000001
core   0: 0x80005ffe (0x00471263) bne     a4, tp, pc + 4
core   0: 0 0x80005ffe (0x00471263)
core   0: 0x80006002 (0x02ea49b3) div     s3, s4, a4
core   0: 0 0x80006002 (0x02ea49b3) x19 0x00000000
core   0: 0x80006006 (0x01eb9133) sll     sp, s7, t5
core   0: 0 0x80006006 (0x01eb9133) x2  0x00038500
core   0: 0x8000600a (0x004e2a83) lw      s5, 4(t3)
core   0: 0 0x8000600a (0x004e2a83) x21 0x80003664 mem 0x80021e58
core   0: 0x8000600e (0x00004081) c.li    ra, 0
core   0: 0 0x8000600e (0x4081) x1  0x00000000
core   0: 0x80006010 (0x03969eb3) mulh    t4, a3, s9
core   0: 0 0x80006010 (0x03969eb3) x29 0x00000000
core   0: 0x80006014 (0x42568b13) addi    s6, a3, 1061
core   0: 0 0x80006014 (0x42568b13) x22 0x00000425
core   0: 0x80006018 (0x00000e41) c.addi  t3, 16
core   0: 0 0x80006018 (0x0e41) x28 0x80021e64
core   0: 0x8000601a (0xe730e313) ori     t1, ra, -397
core   0: 0 0x8000601a (0xe730e313) x6  0xfffffe73
core   0: 0x8000601e (0x001a8093) addi    ra, s5, 1
core   0: 0 0x8000601e (0x001a8093) x1  0x80003665
core   0: 0x80006022 (0x00008082) ret
core   0: 0 0x80006022 (0x8082)
core   0: 0x80003664 (0x00008f21) c.xor   a4, s0
core   0: 0 0x80003664 (0x8f21) x14 0xffeeffff
core   0: 0x80003666 (0x01fc5513) srli    a0, s8, 31
core   0: 0 0x80003666 (0x01fc5513) x10 0x00000001
core   0: 0x8000366a (0x00000001) c.nop
core   0: 0 0x8000366a (0x0001)
core   0: 0x8000366c (0x02f8d163) bge     a7, a5, pc + 34
core   0: 0 0x8000366c (0x02f8d163)
core   0: 0x8000368e (0x00000001) c.nop
core   0: 0 0x8000368e (0x0001)
core   0: 0x80003690 (0x03b70b33) mul     s6, a4, s11
core   0: 0 0x80003690 (0x03b70b33) x22 0xffeeffff
core   0: 0x80003694 (0x49e53f13) sltiu   t5, a0, 1182
core   0: 0 0x80003694 (0x49e53f13) x30 0x00000001
core   0: 0x80003698 (0x0316c633) div     a2, a3, a7
core   0: 0 0x80003698 (0x0316c633) x12 0xffffffff
core   0: 0x8000369c (0x02c52b33) mulhsu  s6, a0, a2
core   0: 0 0x8000369c (0x02c52b33) x22 0x00000000
core   0: 0x800036a0 (0x014f1db3) sll     s11, t5, s4
core   0: 0 0x800036a0 (0x014f1db3) x27 0x00000040
core   0: 0x800036a4 (0x000055fd) c.li    a1, -1
core   0: 0 0x800036a4 (0x55fd) x11 0xffffffff
core   0: 0x800036a6 (0xfc73c493) xori    s1, t2, -57
core   0: 0 0x800036a6 (0xfc73c493) x9  0x7fffffc7
core   0: 0x800036aa (0x00bda0b3) slt     ra, s11, a1
core   0: 0 0x800036aa (0x00bda0b3) x1  0x00000000
core   0: 0x800036ae (0x00008c0e) c.mv    s8, gp
core   0: 0 0x800036ae (0x8c0e) x24 0x7ffde0ce
core   0: 0x800036b0 (0x02339f33) mulh    t5, t2, gp
core   0: 0 0x800036b0 (0x02339f33) x30 0xc0010f99
core   0: 0x800036b4 (0x03b28f63) beq     t0, s11, pc + 62
core   0: 0 0x800036b4 (0x03b28f63)
core   0: 0x800036b8 (0x01fb64b3) or      s1, s6, t6
core   0: 0 0x800036b8 (0x01fb64b3) x9  0x88021452
core   0: 0x800036bc (0x00001d7d) c.addi  s10, -1
core   0: 0 0x800036bc (0x1d7d) x26 0xfffffa85
core   0: 0x800036be (0x000082f6) c.mv    t0, t4
core   0: 0 0x800036be (0x82f6) x5  0x00000000
core   0: 0x800036c0 (0x0342adb3) mulhsu  s11, t0, s4
core   0: 0 0x800036c0 (0x0342adb3) x27 0x00000000
core   0: 0x800036c4 (0x0000e889) c.bnez  s1, pc + 18
core   0: 0 0x800036c4 (0xe889)
core   0: 0x800036d6 (0x002fd133) srl     sp, t6, sp
core   0: 0 0x800036d6 (0x002fd133) x2  0x88021452
core   0: 0x800036da (0x0ff0000f) fence   iorw,iorw
core   0: 0 0x800036da (0x0ff0000f)
core   0: 0x800036de (0x8776fb13) andi    s6, a3, -1929
core   0: 0 0x800036de (0x8776fb13) x22 0x00000000
core   0: 0x800036e2 (0x03748ab3) mul     s5, s1, s7
core   0: 0 0x800036e2 (0x03748ab3) x21 0xa8c24d00
core   0: 0x800036e6 (0xa1f16c93) ori     s9, sp, -1505
core   0: 0 0x800036e6 (0xa1f16c93) x25 0xfffffe5f
core   0: 0x800036ea (0x00008efd) c.and   a3, a5
core   0: 0 0x800036ea (0x8efd) x13 0x00000000
core   0: 0x800036ec (0x000098fd) c.andi  s1, -1
core   0: 0 0x800036ec (0x98fd) x9  0x88021452
core   0: 0x800036ee (0x00526733) or      a4, tp, t0
core   0: 0 0x800036ee (0x00526733) x14 0xfffe4000
core   0: 0x800036f2 (0x0000ea19) c.bnez  a2, pc + 22
core   0: 0 0x800036f2 (0xea19)
core   0: 0x80003708 (0x00be7133) and     sp, t3, a1
core   0: 0 0x80003708 (0x00be7133) x2  0x80021e64
core   0: 0x8000370c (0xa6222a97) auipc   s5, 0xa6222
core   0: 0 0x8000370c (0xa6222a97) x21 0x2622570c
core   0: 0x80003710 (0x012406b3) add     a3, s0, s2
core   0: 0 0x80003710 (0x012406b3) x13 0xffffffff
core   0: 0x80003714 (0x0000547d) c.li    s0, -1
core   0: 0 0x80003714 (0x547d) x8  0xffffffff
core   0: 0x80003716 (0x03318bb3) mul     s7, gp, s3
core   0: 0 0x80003716 (0x03318bb3) x23 0x00000000
core   0: 0x8000371a (0x07514a13) xori    s4, sp, 117
core   0: 0 0x8000371a (0x07514a13) x20 0x80021e11
core   0: 0x8000371e (0x0289fa33) remu    s4, s3, s0
core   0: 0 0x8000371e (0x0289fa33) x20 0x00000000
core   0: 0x80003722 (0x00008e95) c.sub   a3, a3
core   0: 0 0x80003722 (0x8e95) x13 0x00000000
core   0: 0x80003724 (0x000099fd) c.andi  a1, -1
core   0: 0 0x80003724 (0x99fd) x11 0xffffffff
core   0: 0x80003726 (0x026bc533) div     a0, s7, t1
core   0: 0 0x80003726 (0x026bc533) x10 0x00000000
core   0: 0x8000372a (0x40f75293) srai    t0, a4, 15
core   0: 0 0x8000372a (0x40f75293) x5  0xfffffffc
core   0: 0x8000372e (0x02b026b3) mulhsu  a3, zero, a1
core   0: 0 0x8000372e (0x02b026b3) x13 0x00000000
core   0: 0x80003732 (0x0000100f) fence.i
core   0: 0 0x80003732 (0x0000100f)
core   0: 0x80003736 (0xd80ef413) andi    s0, t4, -640
core   0: 0 0x80003736 (0xd80ef413) x8  0x00000000
core   0: 0x8000373a (0xc1feb813) sltiu   a6, t4, -993
core   0: 0 0x8000373a (0xc1feb813) x16 0x00000001
core   0: 0x8000373e (0x03bc7633) remu    a2, s8, s11
core   0: 0 0x8000373e (0x03bc7633) x12 0x7ffde0ce
core   0: 0x80003742 (0x0000100f) fence.i
core   0: 0 0x80003742 (0x0000100f)
core   0: 0x80003746 (0x000092fa) c.add   t0, t5
core   0: 0 0x80003746 (0x92fa) x5  0xc0010f95
core   0: 0x80003748 (0x00008f41) c.or    a4, s0
core   0: 0 0x80003748 (0x8f41) x14 0xfffe4000
core   0: 0x8000374a (0x034064b3) rem     s1, zero, s4
core   0: 0 0x8000374a (0x034064b3) x9  0x00000000
core   0: 0x8000374e (0x010cc433) xor     s0, s9, a6
core   0: 0 0x8000374e (0x010cc433) x8  0xfffffe5e
core   0: 0x80003752 (0x0000e611) c.bnez  a2, pc + 12
core   0: 0 0x80003752 (0xe611)
core   0: 0x8000375e (0x00009db2) c.add   s11, a2
core   0: 0 0x8000375e (0x9db2) x27 0x7ffde0ce
core   0: 0x80003760 (0x00008ab1) c.andi  a3, 12
core   0: 0 0x80003760 (0x8ab1) x13 0x00000000
core   0: 0x80003762 (0x02a39f33) mulh    t5, t2, a0
core   0: 0 0x80003762 (0x02a39f33) x30 0x00000000
core   0: 0x80003766 (0x0165f263) bgeu    a1, s6, pc + 4
core   0: 0 0x80003766 (0x0165f263)
core   0: 0x8000376a (0x00000d9e) c.slli  s11, 7
core   0: 0 0x8000376a (0x0d9e) x27 0xfef06700
core   0: 0x8000376c (0x02aefb33) remu    s6, t4, a0
core   0: 0 0x8000376c (0x02aefb33) x22 0x00000000
core   0: 0x80003770 (0xabfa9d97) auipc   s11, 0xabfa9
core   0: 0 0x80003770 (0xabfa9d97) x27 0x2bfac770
core   0: 0x80003774 (0x0000e315) c.bnez  a4, pc + 36
core   0: 0 0x80003774 (0xe315)
core   0: 0x80003798 (0x67654c93) xori    s9, a0, 1654
core   0: 0 0x80003798 (0x67654c93) x25 0x00000676
core   0: 0x8000379c (0x0000100f) fence.i
core   0: 0 0x8000379c (0x0000100f)
core   0: 0x800037a0 (0x000006cd) c.addi  a3, 19
core   0: 0 0x800037a0 (0x06cd) x13 0x00000013
core   0: 0x800037a2 (0x00008005) c.srli  s0, 1
core   0: 0 0x800037a2 (0x8005) x8  0x7fffff2f
core   0: 0x800037a4 (0xffffd397) auipc   t2, 0xffffd
core   0: 0 0x800037a4 (0xffffd397) x7  0x800007a4
core   0: 0x800037a8 (0xbe638393) addi    t2, t2, -1050
core   0: 0 0x800037a8 (0xbe638393) x7  0x8000038a
core   0: 0x800037ac (0x00038067) jr      t2
core   0: 0 0x800037ac (0x00038067)
core   0: 0x8000038a (0x90000237) lui     tp, 0x90000
core   0: 0 0x8000038a (0x90000237) x4  0x90000000
core   0: 0x8000038e (0x00001261) c.addi  tp, -8
core   0: 0 0x8000038e (0x1261) x4  0x8ffffff8
core   0: 0x80000390 (0x00004d01) c.li    s10, 0
core   0: 0 0x80000390 (0x4d01) x26 0x00000000
core   0: 0x80000392 (0x00000d22) c.slli  s10, 8
core   0: 0 0x80000392 (0x0d22) x26 0x00000000
core   0: 0x80000394 (0x00000d05) c.addi  s10, 1
core   0: 0 0x80000394 (0x0d05) x26 0x00000001
core   0: 0x80000396 (0x01a22023) sw      s10, 0(tp)
core   0: 0 0x80000396 (0x01a22023) mem 0x8ffffff8 0x00000001
core   0: 0x8000039a (0x00000073) ecall
core   0: exception trap_user_ecall, epc 0x8000039a
core   0: 0x80002800 (0x0800006f) j       pc + 0x80
core   0: 3 0x80002800 (0x0800006f)
core   0: 0x80002880 (0x000017f1) c.addi  a5, -4
core   0: 3 0x80002880 (0x17f1) x15 0x80025ce0
core   0: 0x80002882 (0x01c7a023) sw      t3, 0(a5)
core   0: 3 0x80002882 (0x01c7a023) mem 0x80025ce0 0x80021e64
core   0: 0x80002886 (0x00078e33) add     t3, a5, zero
core   0: 3 0x80002886 (0x00078e33) x28 0x80025ce0
core   0: 0x8000288a (0xf80e0e13) addi    t3, t3, -128
core   0: 3 0x8000288a (0xf80e0e13) x28 0x80025c60
core   0: 0x8000288e (0x001e2223) sw      ra, 4(t3)
core   0: 3 0x8000288e (0x001e2223) mem 0x80025c64 0x00000000
core   0: 0x80002892 (0x002e2423) sw      sp, 8(t3)
core   0: 3 0x80002892 (0x002e2423) mem 0x80025c68 0x80021e64
core   0: 0x80002896 (0x003e2623) sw      gp, 12(t3)
core   0: 3 0x80002896 (0x003e2623) mem 0x80025c6c 0x7ffde0ce
core   0: 0x8000289a (0x004e2823) sw      tp, 16(t3)
core   0: 3 0x8000289a (0x004e2823) mem 0x80025c70 0x8ffffff8
core   0: 0x8000289e (0x005e2a23) sw      t0, 20(t3)
core   0: 3 0x8000289e (0x005e2a23) mem 0x80025c74 0xc0010f95
core   0: 0x800028a2 (0x006e2c23) sw      t1, 24(t3)
core   0: 3 0x800028a2 (0x006e2c23) mem 0x80025c78 0xfffffe73
core   0: 0x800028a6 (0x007e2e23) sw      t2, 28(t3)
core   0: 3 0x800028a6 (0x007e2e23) mem 0x80025c7c 0x8000038a
core   0: 0x800028aa (0x028e2023) sw      s0, 32(t3)
core   0: 3 0x800028aa (0x028e2023) mem 0x80025c80 0x7fffff2f
core   0: 0x800028ae (0x029e2223) sw      s1, 36(t3)
core   0: 3 0x800028ae (0x029e2223) mem 0x80025c84 0x00000000
core   0: 0x800028b2 (0x02ae2423) sw      a0, 40(t3)
core   0: 3 0x800028b2 (0x02ae2423) mem 0x80025c88 0x00000000
core   0: 0x800028b6 (0x02be2623) sw      a1, 44(t3)
core   0: 3 0x800028b6 (0x02be2623) mem 0x80025c8c 0xffffffff
core   0: 0x800028ba (0x02ce2823) sw      a2, 48(t3)
core   0: 3 0x800028ba (0x02ce2823) mem 0x80025c90 0x7ffde0ce
core   0: 0x800028be (0x02de2a23) sw      a3, 52(t3)
core   0: 3 0x800028be (0x02de2a23) mem 0x80025c94 0x00000013
core   0: 0x800028c2 (0x02ee2c23) sw      a4, 56(t3)
core   0: 3 0x800028c2 (0x02ee2c23) mem 0x80025c98 0xfffe4000
core   0: 0x800028c6 (0x02fe2e23) sw      a5, 60(t3)
core   0: 3 0x800028c6 (0x02fe2e23) mem 0x80025c9c 0x80025ce0
core   0: 0x800028ca (0x050e2023) sw      a6, 64(t3)
core   0: 3 0x800028ca (0x050e2023) mem 0x80025ca0 0x00000001
core   0: 0x800028ce (0x051e2223) sw      a7, 68(t3)
core   0: 3 0x800028ce (0x051e2223) mem 0x80025ca4 0x00000000
core   0: 0x800028d2 (0x052e2423) sw      s2, 72(t3)
core   0: 3 0x800028d2 (0x052e2423) mem 0x80025ca8 0x00000000
core   0: 0x800028d6 (0x053e2623) sw      s3, 76(t3)
core   0: 3 0x800028d6 (0x053e2623) mem 0x80025cac 0x00000000
core   0: 0x800028da (0x054e2823) sw      s4, 80(t3)
core   0: 3 0x800028da (0x054e2823) mem 0x80025cb0 0x00000000
core   0: 0x800028de (0x055e2a23) sw      s5, 84(t3)
core   0: 3 0x800028de (0x055e2a23) mem 0x80025cb4 0x2622570c
core   0: 0x800028e2 (0x056e2c23) sw      s6, 88(t3)
core   0: 3 0x800028e2 (0x056e2c23) mem 0x80025cb8 0x00000000
core   0: 0x800028e6 (0x057e2e23) sw      s7, 92(t3)
core   0: 3 0x800028e6 (0x057e2e23) mem 0x80025cbc 0x00000000
core   0: 0x800028ea (0x078e2023) sw      s8, 96(t3)
core   0: 3 0x800028ea (0x078e2023) mem 0x80025cc0 0x7ffde0ce
core   0: 0x800028ee (0x079e2223) sw      s9, 100(t3)
core   0: 3 0x800028ee (0x079e2223) mem 0x80025cc4 0x00000676
core   0: 0x800028f2 (0x07ae2423) sw      s10, 104(t3)
core   0: 3 0x800028f2 (0x07ae2423) mem 0x80025cc8 0x00000001
core   0: 0x800028f6 (0x07be2623) sw      s11, 108(t3)
core   0: 3 0x800028f6 (0x07be2623) mem 0x80025ccc 0x2bfac770
core   0: 0x800028fa (0x07ce2823) sw      t3, 112(t3)
core   0: 3 0x800028fa (0x07ce2823) mem 0x80025cd0 0x80025c60
core   0: 0x800028fe (0x07de2a23) sw      t4, 116(t3)
core   0: 3 0x800028fe (0x07de2a23) mem 0x80025cd4 0x00000000
core   0: 0x80002902 (0x07ee2c23) sw      t5, 120(t3)
core   0: 3 0x80002902 (0x07ee2c23) mem 0x80025cd8 0x00000000
core   0: 0x80002906 (0x07fe2e23) sw      t6, 124(t3)
core   0: 3 0x80002906 (0x07fe2e23) mem 0x80025cdc 0x88021452
core   0: 0x8000290a (0x000e07b3) add     a5, t3, zero
core   0: 3 0x8000290a (0x000e07b3) x15 0x80025c60
core   0: 0x8000290e (0x90000237) lui     tp, 0x90000
core   0: 3 0x8000290e (0x90000237) x4  0x90000000
core   0: 0x80002912 (0x00001271) c.addi  tp, -4
core   0: 3 0x80002912 (0x1271) x4  0x8ffffffc
core   0: 0x80002914 (0x00004d21) c.li    s10, 8
core   0: 3 0x80002914 (0x4d21) x26 0x00000008
core   0: 0x80002916 (0x00000d22) c.slli  s10, 8
core   0: 3 0x80002916 (0x0d22) x26 0x00000800
core   0: 0x80002918 (0x000d0d13) mv      s10, s10
core   0: 3 0x80002918 (0x000d0d13) x26 0x00000800
core   0: 0x8000291c (0x01a22023) sw      s10, 0(tp)
core   0: 3 0x8000291c (0x01a22023) mem 0x8ffffffc 0x00000800
core   0: 0x80002920 (0x34102d73) csrr    s10, mepc
core   0: 3 0x80002920 (0x34102d73) x26 0x8000039a
core   0: 0x80002924 (0x34202d73) csrr    s10, mcause
core   0: 3 0x80002924 (0x34202d73) x26 0x00000008
core   0: 0x80002928 (0x0000420d) c.li    tp, 3
core   0: 3 0x80002928 (0x420d) x4  0x00000003
core   0: 0x8000292a (0x004d1463) bne     s10, tp, pc + 8
core   0: 3 0x8000292a (0x004d1463)
core   0: 0x80002932 (0x00004221) c.li    tp, 8
core   0: 3 0x80002932 (0x4221) x4  0x00000008
core   0: 0x80002934 (0x044d0d63) beq     s10, tp, pc + 90
core   0: 3 0x80002934 (0x044d0d63)
core   0: 0x8000298e (0x90000237) lui     tp, 0x90000
core   0: 3 0x8000298e (0x90000237) x4  0x90000000
core   0: 0x80002992 (0x00001271) c.addi  tp, -4
core   0: 3 0x80002992 (0x1271) x4  0x8ffffffc
core   0: 0x80002994 (0x00006d05) c.lui   s10, 0x1
core   0: 3 0x80002994 (0x6d05) x26 0x00001000
core   0: 0x80002996 (0xb00d0d13) addi    s10, s10, -1280
core   0: 3 0x80002996 (0xb00d0d13) x26 0x00000b00
core   0: 0x8000299a (0x00000d22) c.slli  s10, 8
core   0: 3 0x8000299a (0x0d22) x26 0x000b0000
core   0: 0x8000299c (0x00000d0d) c.addi  s10, 3
core   0: 3 0x8000299c (0x0d0d) x26 0x000b0003
core   0: 0x8000299e (0x01a22023) sw      s10, 0(tp)
core   0: 3 0x8000299e (0x01a22023) mem 0x8ffffffc 0x000b0003
core   0: 0x800029a2 (0xb0002d73) csrr    s10, mcycle
core   0: 3 0x800029a2 (0xb0002d73) x26 0x0000b109
core   0: 0x800029a6 (0x01a22023) sw      s10, 0(tp)
core   0: 3 0x800029a6 (0x01a22023) mem 0x8ffffffc 0x0000b109
core   0: 0x800029aa (0x90000237) lui     tp, 0x90000
core   0: 3 0x800029aa (0x90000237) x4  0x90000000
core   0: 0x800029ae (0x00001271) c.addi  tp, -4
core   0: 3 0x800029ae (0x1271) x4  0x8ffffffc
core   0: 0x800029b0 (0x00006d05) c.lui   s10, 0x1
core   0: 3 0x800029b0 (0x6d05) x26 0x00001000
core   0: 0x800029b2 (0xb80d0d13) addi    s10, s10, -1152
core   0: 3 0x800029b2 (0xb80d0d13) x26 0x00000b80
core   0: 0x800029b6 (0x00000d22) c.slli  s10, 8
core   0: 3 0x800029b6 (0x0d22) x26 0x000b8000
core   0: 0x800029b8 (0x00000d0d) c.addi  s10, 3
core   0: 3 0x800029b8 (0x0d0d) x26 0x000b8003
core   0: 0x800029ba (0x01a22023) sw      s10, 0(tp)
core   0: 3 0x800029ba (0x01a22023) mem 0x8ffffffc 0x000b8003
core   0: 0x800029be (0xb8002d73) csrr    s10, mcycleh
core   0: 3 0x800029be (0xb8002d73) x26 0x00000000
core   0: 0x800029c2 (0x01a22023) sw      s10, 0(tp)
core   0: 3 0x800029c2 (0x01a22023) mem 0x8ffffffc 0x00000000
core   0: 0x800029c6 (0x90000237) lui     tp, 0x90000
core   0: 3 0x800029c6 (0x90000237) x4  0x90000000
core   0: 0x800029ca (0x00001271) c.addi  tp, -4
core   0: 3 0x800029ca (0x1271) x4  0x8ffffffc
core   0: 0x800029cc (0x00006d05) c.lui   s10, 0x1
core   0: 3 0x800029cc (0x6d05) x26 0x00001000
core   0: 0x800029ce (0xb03d0d13) addi    s10, s10, -1277
core   0: 3 0x800029ce (0xb03d0d13) x26 0x00000b03
core   0: 0x800029d2 (0x00000d22) c.slli  s10, 8
core   0: 3 0x800029d2 (0x0d22) x26 0x000b0300
core   0: 0x800029d4 (0x00000d0d) c.addi  s10, 3
core   0: 3 0x800029d4 (0x0d0d) x26 0x000b0303
core   0: 0x800029d6 (0x01a22023) sw      s10, 0(tp)
core   0: 3 0x800029d6 (0x01a22023) mem 0x8ffffffc 0x000b0303
core   0: 0x800029da (0xb0302d73) csrr    s10, mhpmcounter3
core   0: 3 0x800029da (0xb0302d73) x26 0x00000126
core   0: 0x800029de (0x01a22023) sw      s10, 0(tp)
core   0: 3 0x800029de (0x01a22023) mem 0x8ffffffc 0x00000126
core   0: 0x800029e2 (0x90000237) lui     tp, 0x90000
core   0: 3 0x800029e2 (0x90000237) x4  0x90000000
core   0: 0x800029e6 (0x00001271) c.addi  tp, -4
core   0: 3 0x800029e6 (0x1271) x4  0x8ffffffc
core   0: 0x800029e8 (0x00006d05) c.lui   s10, 0x1
core   0: 3 0x800029e8 (0x6d05) x26 0x00001000
core   0: 0x800029ea (0xb83d0d13) addi    s10, s10, -1149
core   0: 3 0x800029ea (0xb83d0d13) x26 0x00000b83
core   0: 0x800029ee (0x00000d22) c.slli  s10, 8
core   0: 3 0x800029ee (0x0d22) x26 0x000b8300
core   0: 0x800029f0 (0x00000d0d) c.addi  s10, 3
core   0: 3 0x800029f0 (0x0d0d) x26 0x000b8303
core   0: 0x800029f2 (0x01a22023) sw      s10, 0(tp)
core   0: 3 0x800029f2 (0x01a22023) mem 0x8ffffffc 0x000b8303
core   0: 0x800029f6 (0xb8302d73) csrr    s10, mhpmcounter3h
core   0: 3 0x800029f6 (0xb8302d73) x26 0x00000000
core   0: 0x800029fa (0x01a22023) sw      s10, 0(tp)
core   0: 3 0x800029fa (0x01a22023) mem 0x8ffffffc 0x00000000
core   0: 0x800029fe (0x90000237) lui     tp, 0x90000
core   0: 3 0x800029fe (0x90000237) x4  0x90000000
core   0: 0x80002a02 (0x00001271) c.addi  tp, -4
core   0: 3 0x80002a02 (0x1271) x4  0x8ffffffc
core   0: 0x80002a04 (0x00006d05) c.lui   s10, 0x1
core   0: 3 0x80002a04 (0x6d05) x26 0x00001000
core   0: 0x80002a06 (0xb04d0d13) addi    s10, s10, -1276
core   0: 3 0x80002a06 (0xb04d0d13) x26 0x00000b04
core   0: 0x80002a0a (0x00000d22) c.slli  s10, 8
core   0: 3 0x80002a0a (0x0d22) x26 0x000b0400
core   0: 0x80002a0c (0x00000d0d) c.addi  s10, 3
core   0: 3 0x80002a0c (0x0d0d) x26 0x000b0403
core   0: 0x80002a0e (0x01a22023) sw      s10, 0(tp)
core   0: 3 0x80002a0e (0x01a22023) mem 0x8ffffffc 0x000b0403
core   0: 0x80002a12 (0xb0402d73) csrr    s10, mhpmcounter4
core   0: 3 0x80002a12 (0xb0402d73) x26 0x0000585a
core   0: 0x80002a16 (0x01a22023) sw      s10, 0(tp)
core   0: 3 0x80002a16 (0x01a22023) mem 0x8ffffffc 0x0000585a
core   0: 0x80002a1a (0x90000237) lui     tp, 0x90000
core   0: 3 0x80002a1a (0x90000237) x4  0x90000000
core   0: 0x80002a1e (0x00001271) c.addi  tp, -4
core   0: 3 0x80002a1e (0x1271) x4  0x8ffffffc
core   0: 0x80002a20 (0x00006d05) c.lui   s10, 0x1
core   0: 3 0x80002a20 (0x6d05) x26 0x00001000
core   0: 0x80002a22 (0xb84d0d13) addi    s10, s10, -1148
core   0: 3 0x80002a22 (0xb84d0d13) x26 0x00000b84
core   0: 0x80002a26 (0x00000d22) c.slli  s10, 8
core   0: 3 0x80002a26 (0x0d22) x26 0x000b8400
core   0: 0x80002a28 (0x00000d0d) c.addi  s10, 3
core   0: 3 0x80002a28 (0x0d0d) x26 0x000b8403
core   0: 0x80002a2a (0x01a22023) sw      s10, 0(tp)
core   0: 3 0x80002a2a (0x01a22023) mem 0x8ffffffc 0x000b8403
core   0: 0x80002a2e (0xb8402d73) csrr    s10, mhpmcounter4h
core   0: 3 0x80002a2e (0xb8402d73) x26 0x00000000
core   0: 0x80002a32 (0x01a22023) sw      s10, 0(tp)
core   0: 3 0x80002a32 (0x01a22023) mem 0x8ffffffc 0x00000000
core   0: 0x80002a36 (0x90000237) lui     tp, 0x90000
core   0: 3 0x80002a36 (0x90000237) x4  0x90000000
core   0: 0x80002a3a (0x00001271) c.addi  tp, -4
core   0: 3 0x80002a3a (0x1271) x4  0x8ffffffc
core   0: 0x80002a3c (0x00006d05) c.lui   s10, 0x1
core   0: 3 0x80002a3c (0x6d05) x26 0x00001000
core   0: 0x80002a3e (0xb05d0d13) addi    s10, s10, -1275
core   0: 3 0x80002a3e (0xb05d0d13) x26 0x00000b05
core   0: 0x80002a42 (0x00000d22) c.slli  s10, 8
core   0: 3 0x80002a42 (0x0d22) x26 0x000b0500
core   0: 0x80002a44 (0x00000d0d) c.addi  s10, 3
core   0: 3 0x80002a44 (0x0d0d) x26 0x000b0503
core   0: 0x80002a46 (0x01a22023) sw      s10, 0(tp)
core   0: 3 0x80002a46 (0x01a22023) mem 0x8ffffffc 0x000b0503
core   0: 0x80002a4a (0xb0502d73) csrr    s10, mhpmcounter5
core   0: 3 0x80002a4a (0xb0502d73) x26 0x00000004
core   0: 0x80002a4e (0x01a22023) sw      s10, 0(tp)
core   0: 3 0x80002a4e (0x01a22023) mem 0x8ffffffc 0x00000004
core   0: 0x80002a52 (0x90000237) lui     tp, 0x90000
core   0: 3 0x80002a52 (0x90000237) x4  0x90000000
core   0: 0x80002a56 (0x00001271) c.addi  tp, -4
core   0: 3 0x80002a56 (0x1271) x4  0x8ffffffc
core   0: 0x80002a58 (0x00006d05) c.lui   s10, 0x1
core   0: 3 0x80002a58 (0x6d05) x26 0x00001000
core   0: 0x80002a5a (0xb85d0d13) addi    s10, s10, -1147
core   0: 3 0x80002a5a (0xb85d0d13) x26 0x00000b85
core   0: 0x80002a5e (0x00000d22) c.slli  s10, 8
core   0: 3 0x80002a5e (0x0d22) x26 0x000b8500
core   0: 0x80002a60 (0x00000d0d) c.addi  s10, 3
core   0: 3 0x80002a60 (0x0d0d) x26 0x000b8503
core   0: 0x80002a62 (0x01a22023) sw      s10, 0(tp)
core   0: 3 0x80002a62 (0x01a22023) mem 0x8ffffffc 0x000b8503
core   0: 0x80002a66 (0xb8502d73) csrr    s10, mhpmcounter5h
core   0: 3 0x80002a66 (0xb8502d73) x26 0x00000000
core   0: 0x80002a6a (0x01a22023) sw      s10, 0(tp)
core   0: 3 0x80002a6a (0x01a22023) mem 0x8ffffffc 0x00000000
core   0: 0x80002a6e (0x90000237) lui     tp, 0x90000
core   0: 3 0x80002a6e (0x90000237) x4  0x90000000
core   0: 0x80002a72 (0x00001271) c.addi  tp, -4
core   0: 3 0x80002a72 (0x1271) x4  0x8ffffffc
core   0: 0x80002a74 (0x00006d05) c.lui   s10, 0x1
core   0: 3 0x80002a74 (0x6d05) x26 0x00001000
core   0: 0x80002a76 (0xb06d0d13) addi    s10, s10, -1274
core   0: 3 0x80002a76 (0xb06d0d13) x26 0x00000b06
core   0: 0x80002a7a (0x00000d22) c.slli  s10, 8
core   0: 3 0x80002a7a (0x0d22) x26 0x000b0600
core   0: 0x80002a7c (0x00000d0d) c.addi  s10, 3
core   0: 3 0x80002a7c (0x0d0d) x26 0x000b0603
core   0: 0x80002a7e (0x01a22023) sw      s10, 0(tp)
core   0: 3 0x80002a7e (0x01a22023) mem 0x8ffffffc 0x000b0603
core   0: 0x80002a82 (0xb0602d73) csrr    s10, mhpmcounter6
core   0: 3 0x80002a82 (0xb0602d73) x26 0x0000003c
core   0: 0x80002a86 (0x01a22023) sw      s10, 0(tp)
core   0: 3 0x80002a86 (0x01a22023) mem 0x8ffffffc 0x0000003c
core   0: 0x80002a8a (0x90000237) lui     tp, 0x90000
core   0: 3 0x80002a8a (0x90000237) x4  0x90000000
core   0: 0x80002a8e (0x00001271) c.addi  tp, -4
core   0: 3 0x80002a8e (0x1271) x4  0x8ffffffc
core   0: 0x80002a90 (0x00006d05) c.lui   s10, 0x1
core   0: 3 0x80002a90 (0x6d05) x26 0x00001000
core   0: 0x80002a92 (0xb86d0d13) addi    s10, s10, -1146
core   0: 3 0x80002a92 (0xb86d0d13) x26 0x00000b86
core   0: 0x80002a96 (0x00000d22) c.slli  s10, 8
core   0: 3 0x80002a96 (0x0d22) x26 0x000b8600
core   0: 0x80002a98 (0x00000d0d) c.addi  s10, 3
core   0: 3 0x80002a98 (0x0d0d) x26 0x000b8603
core   0: 0x80002a9a (0x01a22023) sw      s10, 0(tp)
core   0: 3 0x80002a9a (0x01a22023) mem 0x8ffffffc 0x000b8603
core   0: 0x80002a9e (0xb8602d73) csrr    s10, mhpmcounter6h
core   0: 3 0x80002a9e (0xb8602d73) x26 0x00000000
core   0: 0x80002aa2 (0x01a22023) sw      s10, 0(tp)
core   0: 3 0x80002aa2 (0x01a22023) mem 0x8ffffffc 0x00000000
core   0: 0x80002aa6 (0x90000237) lui     tp, 0x90000
core   0: 3 0x80002aa6 (0x90000237) x4  0x90000000
core   0: 0x80002aaa (0x00001271) c.addi  tp, -4
core   0: 3 0x80002aaa (0x1271) x4  0x8ffffffc
core   0: 0x80002aac (0x00006d05) c.lui   s10, 0x1
core   0: 3 0x80002aac (0x6d05) x26 0x00001000
core   0: 0x80002aae (0xb07d0d13) addi    s10, s10, -1273
core   0: 3 0x80002aae (0xb07d0d13) x26 0x00000b07
core   0: 0x80002ab2 (0x00000d22) c.slli  s10, 8
core   0: 3 0x80002ab2 (0x0d22) x26 0x000b0700
core   0: 0x80002ab4 (0x00000d0d) c.addi  s10, 3
core   0: 3 0x80002ab4 (0x0d0d) x26 0x000b0703
core   0: 0x80002ab6 (0x01a22023) sw      s10, 0(tp)
core   0: 3 0x80002ab6 (0x01a22023) mem 0x8ffffffc 0x000b0703
core   0: 0x80002aba (0xb0702d73) csrr    s10, mhpmcounter7
core   0: 3 0x80002aba (0xb0702d73) x26 0x00000055
core   0: 0x80002abe (0x01a22023) sw      s10, 0(tp)
core   0: 3 0x80002abe (0x01a22023) mem 0x8ffffffc 0x00000055
core   0: 0x80002ac2 (0x90000237) lui     tp, 0x90000
core   0: 3 0x80002ac2 (0x90000237) x4  0x90000000
core   0: 0x80002ac6 (0x00001271) c.addi  tp, -4
core   0: 3 0x80002ac6 (0x1271) x4  0x8ffffffc
core   0: 0x80002ac8 (0x00006d05) c.lui   s10, 0x1
core   0: 3 0x80002ac8 (0x6d05) x26 0x00001000
core   0: 0x80002aca (0xb87d0d13) addi    s10, s10, -1145
core   0: 3 0x80002aca (0xb87d0d13) x26 0x00000b87
core   0: 0x80002ace (0x00000d22) c.slli  s10, 8
core   0: 3 0x80002ace (0x0d22) x26 0x000b8700
core   0: 0x80002ad0 (0x00000d0d) c.addi  s10, 3
core   0: 3 0x80002ad0 (0x0d0d) x26 0x000b8703
core   0: 0x80002ad2 (0x01a22023) sw      s10, 0(tp)
core   0: 3 0x80002ad2 (0x01a22023) mem 0x8ffffffc 0x000b8703
core   0: 0x80002ad6 (0xb8702d73) csrr    s10, mhpmcounter7h
core   0: 3 0x80002ad6 (0xb8702d73) x26 0x00000000
core   0: 0x80002ada (0x01a22023) sw      s10, 0(tp)
core   0: 3 0x80002ada (0x01a22023) mem 0x8ffffffc 0x00000000
core   0: 0x80002ade (0x90000237) lui     tp, 0x90000
core   0: 3 0x80002ade (0x90000237) x4  0x90000000
core   0: 0x80002ae2 (0x00001271) c.addi  tp, -4
core   0: 3 0x80002ae2 (0x1271) x4  0x8ffffffc
core   0: 0x80002ae4 (0x00006d05) c.lui   s10, 0x1
core   0: 3 0x80002ae4 (0x6d05) x26 0x00001000
core   0: 0x80002ae6 (0xb08d0d13) addi    s10, s10, -1272
core   0: 3 0x80002ae6 (0xb08d0d13) x26 0x00000b08
core   0: 0x80002aea (0x00000d22) c.slli  s10, 8
core   0: 3 0x80002aea (0x0d22) x26 0x000b0800
core   0: 0x80002aec (0x00000d0d) c.addi  s10, 3
core   0: 3 0x80002aec (0x0d0d) x26 0x000b0803
core   0: 0x80002aee (0x01a22023) sw      s10, 0(tp)
core   0: 3 0x80002aee (0x01a22023) mem 0x8ffffffc 0x000b0803
core   0: 0x80002af2 (0xb0802d73) csrr    s10, mhpmcounter8
core   0: 3 0x80002af2 (0xb0802d73) x26 0x00000238
core   0: 0x80002af6 (0x01a22023) sw      s10, 0(tp)
core   0: 3 0x80002af6 (0x01a22023) mem 0x8ffffffc 0x00000238
core   0: 0x80002afa (0x90000237) lui     tp, 0x90000
core   0: 3 0x80002afa (0x90000237) x4  0x90000000
core   0: 0x80002afe (0x00001271) c.addi  tp, -4
core   0: 3 0x80002afe (0x1271) x4  0x8ffffffc
core   0: 0x80002b00 (0x00006d05) c.lui   s10, 0x1
core   0: 3 0x80002b00 (0x6d05) x26 0x00001000
core   0: 0x80002b02 (0xb88d0d13) addi    s10, s10, -1144
core   0: 3 0x80002b02 (0xb88d0d13) x26 0x00000b88
core   0: 0x80002b06 (0x00000d22) c.slli  s10, 8
core   0: 3 0x80002b06 (0x0d22) x26 0x000b8800
core   0: 0x80002b08 (0x00000d0d) c.addi  s10, 3
core   0: 3 0x80002b08 (0x0d0d) x26 0x000b8803
core   0: 0x80002b0a (0x01a22023) sw      s10, 0(tp)
core   0: 3 0x80002b0a (0x01a22023) mem 0x8ffffffc 0x000b8803
core   0: 0x80002b0e (0xb8802d73) csrr    s10, mhpmcounter8h
core   0: 3 0x80002b0e (0xb8802d73) x26 0x00000000
core   0: 0x80002b12 (0x01a22023) sw      s10, 0(tp)
core   0: 3 0x80002b12 (0x01a22023) mem 0x8ffffffc 0x00000000
core   0: 0x80002b16 (0x90000237) lui     tp, 0x90000
core   0: 3 0x80002b16 (0x90000237) x4  0x90000000
core   0: 0x80002b1a (0x00001271) c.addi  tp, -4
core   0: 3 0x80002b1a (0x1271) x4  0x8ffffffc
core   0: 0x80002b1c (0x00006d05) c.lui   s10, 0x1
core   0: 3 0x80002b1c (0x6d05) x26 0x00001000
core   0: 0x80002b1e (0xb09d0d13) addi    s10, s10, -1271
core   0: 3 0x80002b1e (0xb09d0d13) x26 0x00000b09
core   0: 0x80002b22 (0x00000d22) c.slli  s10, 8
core   0: 3 0x80002b22 (0x0d22) x26 0x000b0900
core   0: 0x80002b24 (0x00000d0d) c.addi  s10, 3
core   0: 3 0x80002b24 (0x0d0d) x26 0x000b0903
core   0: 0x80002b26 (0x01a22023) sw      s10, 0(tp)
core   0: 3 0x80002b26 (0x01a22023) mem 0x8ffffffc 0x000b0903
core   0: 0x80002b2a (0xb0902d73) csrr    s10, mhpmcounter9
core   0: 3 0x80002b2a (0xb0902d73) x26 0x0000011b
core   0: 0x80002b2e (0x01a22023) sw      s10, 0(tp)
core   0: 3 0x80002b2e (0x01a22023) mem 0x8ffffffc 0x0000011b
core   0: 0x80002b32 (0x90000237) lui     tp, 0x90000
core   0: 3 0x80002b32 (0x90000237) x4  0x90000000
core   0: 0x80002b36 (0x00001271) c.addi  tp, -4
core   0: 3 0x80002b36 (0x1271) x4  0x8ffffffc
core   0: 0x80002b38 (0x00006d05) c.lui   s10, 0x1
core   0: 3 0x80002b38 (0x6d05) x26 0x00001000
core   0: 0x80002b3a (0xb89d0d13) addi    s10, s10, -1143
core   0: 3 0x80002b3a (0xb89d0d13) x26 0x00000b89
core   0: 0x80002b3e (0x00000d22) c.slli  s10, 8
core   0: 3 0x80002b3e (0x0d22) x26 0x000b8900
core   0: 0x80002b40 (0x00000d0d) c.addi  s10, 3
core   0: 3 0x80002b40 (0x0d0d) x26 0x000b8903
core   0: 0x80002b42 (0x01a22023) sw      s10, 0(tp)
core   0: 3 0x80002b42 (0x01a22023) mem 0x8ffffffc 0x000b8903
core   0: 0x80002b46 (0xb8902d73) csrr    s10, mhpmcounter9h
core   0: 3 0x80002b46 (0xb8902d73) x26 0x00000000
core   0: 0x80002b4a (0x01a22023) sw      s10, 0(tp)
core   0: 3 0x80002b4a (0x01a22023) mem 0x8ffffffc 0x00000000
core   0: 0x80002b4e (0x90000237) lui     tp, 0x90000
core   0: 3 0x80002b4e (0x90000237) x4  0x90000000
core   0: 0x80002b52 (0x00001271) c.addi  tp, -4
core   0: 3 0x80002b52 (0x1271) x4  0x8ffffffc
core   0: 0x80002b54 (0x00006d05) c.lui   s10, 0x1
core   0: 3 0x80002b54 (0x6d05) x26 0x00001000
core   0: 0x80002b56 (0xb0ad0d13) addi    s10, s10, -1270
core   0: 3 0x80002b56 (0xb0ad0d13) x26 0x00000b0a
core   0: 0x80002b5a (0x00000d22) c.slli  s10, 8
core   0: 3 0x80002b5a (0x0d22) x26 0x000b0a00
core   0: 0x80002b5c (0x00000d0d) c.addi  s10, 3
core   0: 3 0x80002b5c (0x0d0d) x26 0x000b0a03
core   0: 0x80002b5e (0x01a22023) sw      s10, 0(tp)
core   0: 3 0x80002b5e (0x01a22023) mem 0x8ffffffc 0x000b0a03
core   0: 0x80002b62 (0xb0a02d73) csrr    s10, mhpmcounter10
core   0: 3 0x80002b62 (0xb0a02d73) x26 0x000005dc
core   0: 0x80002b66 (0x01a22023) sw      s10, 0(tp)
core   0: 3 0x80002b66 (0x01a22023) mem 0x8ffffffc 0x000005dc
core   0: 0x80002b6a (0x90000237) lui     tp, 0x90000
core   0: 3 0x80002b6a (0x90000237) x4  0x90000000
core   0: 0x80002b6e (0x00001271) c.addi  tp, -4
core   0: 3 0x80002b6e (0x1271) x4  0x8ffffffc
core   0: 0x80002b70 (0x00006d05) c.lui   s10, 0x1
core   0: 3 0x80002b70 (0x6d05) x26 0x00001000
core   0: 0x80002b72 (0xb8ad0d13) addi    s10, s10, -1142
core   0: 3 0x80002b72 (0xb8ad0d13) x26 0x00000b8a
core   0: 0x80002b76 (0x00000d22) c.slli  s10, 8
core   0: 3 0x80002b76 (0x0d22) x26 0x000b8a00
core   0: 0x80002b78 (0x00000d0d) c.addi  s10, 3
core   0: 3 0x80002b78 (0x0d0d) x26 0x000b8a03
core   0: 0x80002b7a (0x01a22023) sw      s10, 0(tp)
core   0: 3 0x80002b7a (0x01a22023) mem 0x8ffffffc 0x000b8a03
core   0: 0x80002b7e (0xb8a02d73) csrr    s10, mhpmcounter10h
core   0: 3 0x80002b7e (0xb8a02d73) x26 0x00000000
core   0: 0x80002b82 (0x01a22023) sw      s10, 0(tp)
core   0: 3 0x80002b82 (0x01a22023) mem 0x8ffffffc 0x00000000
core   0: 0x80002b86 (0x90000237) lui     tp, 0x90000
core   0: 3 0x80002b86 (0x90000237) x4  0x90000000
core   0: 0x80002b8a (0x00001271) c.addi  tp, -4
core   0: 3 0x80002b8a (0x1271) x4  0x8ffffffc
core   0: 0x80002b8c (0x00006d05) c.lui   s10, 0x1
core   0: 3 0x80002b8c (0x6d05) x26 0x00001000
core   0: 0x80002b8e (0xb0bd0d13) addi    s10, s10, -1269
core   0: 3 0x80002b8e (0xb0bd0d13) x26 0x00000b0b
core   0: 0x80002b92 (0x00000d22) c.slli  s10, 8
core   0: 3 0x80002b92 (0x0d22) x26 0x000b0b00
core   0: 0x80002b94 (0x00000d0d) c.addi  s10, 3
core   0: 3 0x80002b94 (0x0d0d) x26 0x000b0b03
core   0: 0x80002b96 (0x01a22023) sw      s10, 0(tp)
core   0: 3 0x80002b96 (0x01a22023) mem 0x8ffffffc 0x000b0b03
core   0: 0x80002b9a (0xb0b02d73) csrr    s10, mhpmcounter11
core   0: 3 0x80002b9a (0xb0b02d73) x26 0x000000e1
core   0: 0x80002b9e (0x01a22023) sw      s10, 0(tp)
core   0: 3 0x80002b9e (0x01a22023) mem 0x8ffffffc 0x000000e1
core   0: 0x80002ba2 (0x90000237) lui     tp, 0x90000
core   0: 3 0x80002ba2 (0x90000237) x4  0x90000000
core   0: 0x80002ba6 (0x00001271) c.addi  tp, -4
core   0: 3 0x80002ba6 (0x1271) x4  0x8ffffffc
core   0: 0x80002ba8 (0x00006d05) c.lui   s10, 0x1
core   0: 3 0x80002ba8 (0x6d05) x26 0x00001000
core   0: 0x80002baa (0xb8bd0d13) addi    s10, s10, -1141
core   0: 3 0x80002baa (0xb8bd0d13) x26 0x00000b8b
core   0: 0x80002bae (0x00000d22) c.slli  s10, 8
core   0: 3 0x80002bae (0x0d22) x26 0x000b8b00
core   0: 0x80002bb0 (0x00000d0d) c.addi  s10, 3
core   0: 3 0x80002bb0 (0x0d0d) x26 0x000b8b03
core   0: 0x80002bb2 (0x01a22023) sw      s10, 0(tp)
core   0: 3 0x80002bb2 (0x01a22023) mem 0x8ffffffc 0x000b8b03
core   0: 0x80002bb6 (0xb8b02d73) csrr    s10, mhpmcounter11h
core   0: 3 0x80002bb6 (0xb8b02d73) x26 0x00000000
core   0: 0x80002bba (0x01a22023) sw      s10, 0(tp)
core   0: 3 0x80002bba (0x01a22023) mem 0x8ffffffc 0x00000000
core   0: 0x80002bbe (0x90000237) lui     tp, 0x90000
core   0: 3 0x80002bbe (0x90000237) x4  0x90000000
core   0: 0x80002bc2 (0x00001271) c.addi  tp, -4
core   0: 3 0x80002bc2 (0x1271) x4  0x8ffffffc
core   0: 0x80002bc4 (0x00006d05) c.lui   s10, 0x1
core   0: 3 0x80002bc4 (0x6d05) x26 0x00001000
core   0: 0x80002bc6 (0xb0cd0d13) addi    s10, s10, -1268
core   0: 3 0x80002bc6 (0xb0cd0d13) x26 0x00000b0c
core   0: 0x80002bca (0x00000d22) c.slli  s10, 8
core   0: 3 0x80002bca (0x0d22) x26 0x000b0c00
core   0: 0x80002bcc (0x00000d0d) c.addi  s10, 3
core   0: 3 0x80002bcc (0x0d0d) x26 0x000b0c03
core   0: 0x80002bce (0x01a22023) sw      s10, 0(tp)
core   0: 3 0x80002bce (0x01a22023) mem 0x8ffffffc 0x000b0c03
core   0: 0x80002bd2 (0xb0c02d73) csrr    s10, mhpmcounter12
core   0: 3 0x80002bd2 (0xb0c02d73) x26 0x00001780
core   0: 0x80002bd6 (0x01a22023) sw      s10, 0(tp)
core   0: 3 0x80002bd6 (0x01a22023) mem 0x8ffffffc 0x00001780
core   0: 0x80002bda (0x90000237) lui     tp, 0x90000
core   0: 3 0x80002bda (0x90000237) x4  0x90000000
core   0: 0x80002bde (0x00001271) c.addi  tp, -4
core   0: 3 0x80002bde (0x1271) x4  0x8ffffffc
core   0: 0x80002be0 (0x00006d05) c.lui   s10, 0x1
core   0: 3 0x80002be0 (0x6d05) x26 0x00001000
core   0: 0x80002be2 (0xb8cd0d13) addi    s10, s10, -1140
core   0: 3 0x80002be2 (0xb8cd0d13) x26 0x00000b8c
core   0: 0x80002be6 (0x00000d22) c.slli  s10, 8
core   0: 3 0x80002be6 (0x0d22) x26 0x000b8c00
core   0: 0x80002be8 (0x00000d0d) c.addi  s10, 3
core   0: 3 0x80002be8 (0x0d0d) x26 0x000b8c03
core   0: 0x80002bea (0x01a22023) sw      s10, 0(tp)
core   0: 3 0x80002bea (0x01a22023) mem 0x8ffffffc 0x000b8c03
core   0: 0x80002bee (0xb8c02d73) csrr    s10, mhpmcounter12h
core   0: 3 0x80002bee (0xb8c02d73) x26 0x00000000
core   0: 0x80002bf2 (0x01a22023) sw      s10, 0(tp)
core   0: 3 0x80002bf2 (0x01a22023) mem 0x8ffffffc 0x00000000
core   0: 0x80002bf6 (0xffffdd17) auipc   s10, 0xffffd
core   0: 3 0x80002bf6 (0xffffdd17) x26 0x7ffffbf6
core   0: 0x80002bfa (0x48ad0d13) addi    s10, s10, 1162
core   0: 3 0x80002bfa (0x48ad0d13) x26 0x80000080
core   0: 0x80002bfe (0x000d2023) sw      zero, 0(s10)
core   0: 3 0x80002bfe (0x000d2023) mem 0x80000080 0x00000000
core   0: 0x80002c02 (0x001d2223) sw      ra, 4(s10)
core   0: 3 0x80002c02 (0x001d2223) mem 0x80000084 0x00000000
core   0: 0x80002c06 (0x002d2423) sw      sp, 8(s10)
core   0: 3 0x80002c06 (0x002d2423) mem 0x80000088 0x80021e64
core   0: 0x80002c0a (0x003d2623) sw      gp, 12(s10)
core   0: 3 0x80002c0a (0x003d2623) mem 0x8000008c 0x7ffde0ce
core   0: 0x80002c0e (0x004d2823) sw      tp, 16(s10)
core   0: 3 0x80002c0e (0x004d2823) mem 0x80000090 0x8ffffffc
core   0: 0x80002c12 (0x005d2a23) sw      t0, 20(s10)
core   0: 3 0x80002c12 (0x005d2a23) mem 0x80000094 0xc0010f95
core   0: 0x80002c16 (0x006d2c23) sw      t1, 24(s10)
core   0: 3 0x80002c16 (0x006d2c23) mem 0x80000098 0xfffffe73
core   0: 0x80002c1a (0x007d2e23) sw      t2, 28(s10)
core   0: 3 0x80002c1a (0x007d2e23) mem 0x8000009c 0x8000038a
core   0: 0x80002c1e (0x028d2023) sw      s0, 32(s10)
core   0: 3 0x80002c1e (0x028d2023) mem 0x800000a0 0x7fffff2f
core   0: 0x80002c22 (0x029d2223) sw      s1, 36(s10)
core   0: 3 0x80002c22 (0x029d2223) mem 0x800000a4 0x00000000
core   0: 0x80002c26 (0x02ad2423) sw      a0, 40(s10)
core   0: 3 0x80002c26 (0x02ad2423) mem 0x800000a8 0x00000000
core   0: 0x80002c2a (0x02bd2623) sw      a1, 44(s10)
core   0: 3 0x80002c2a (0x02bd2623) mem 0x800000ac 0xffffffff
core   0: 0x80002c2e (0x02cd2823) sw      a2, 48(s10)
core   0: 3 0x80002c2e (0x02cd2823) mem 0x800000b0 0x7ffde0ce
core   0: 0x80002c32 (0x02dd2a23) sw      a3, 52(s10)
core   0: 3 0x80002c32 (0x02dd2a23) mem 0x800000b4 0x00000013
core   0: 0x80002c36 (0x02ed2c23) sw      a4, 56(s10)
core   0: 3 0x80002c36 (0x02ed2c23) mem 0x800000b8 0xfffe4000
core   0: 0x80002c3a (0x02fd2e23) sw      a5, 60(s10)
core   0: 3 0x80002c3a (0x02fd2e23) mem 0x800000bc 0x80025c60
core   0: 0x80002c3e (0x050d2023) sw      a6, 64(s10)
core   0: 3 0x80002c3e (0x050d2023) mem 0x800000c0 0x00000001
core   0: 0x80002c42 (0x051d2223) sw      a7, 68(s10)
core   0: 3 0x80002c42 (0x051d2223) mem 0x800000c4 0x00000000
core   0: 0x80002c46 (0x052d2423) sw      s2, 72(s10)
core   0: 3 0x80002c46 (0x052d2423) mem 0x800000c8 0x00000000
core   0: 0x80002c4a (0x053d2623) sw      s3, 76(s10)
core   0: 3 0x80002c4a (0x053d2623) mem 0x800000cc 0x00000000
core   0: 0x80002c4e (0x054d2823) sw      s4, 80(s10)
core   0: 3 0x80002c4e (0x054d2823) mem 0x800000d0 0x00000000
core   0: 0x80002c52 (0x055d2a23) sw      s5, 84(s10)
core   0: 3 0x80002c52 (0x055d2a23) mem 0x800000d4 0x2622570c
core   0: 0x80002c56 (0x056d2c23) sw      s6, 88(s10)
core   0: 3 0x80002c56 (0x056d2c23) mem 0x800000d8 0x00000000
core   0: 0x80002c5a (0x057d2e23) sw      s7, 92(s10)
core   0: 3 0x80002c5a (0x057d2e23) mem 0x800000dc 0x00000000
core   0: 0x80002c5e (0x078d2023) sw      s8, 96(s10)
core   0: 3 0x80002c5e (0x078d2023) mem 0x800000e0 0x7ffde0ce
core   0: 0x80002c62 (0x079d2223) sw      s9, 100(s10)
core   0: 3 0x80002c62 (0x079d2223) mem 0x800000e4 0x00000676
core   0: 0x80002c66 (0x07ad2423) sw      s10, 104(s10)
core   0: 3 0x80002c66 (0x07ad2423) mem 0x800000e8 0x80000080
core   0: 0x80002c6a (0x07bd2623) sw      s11, 108(s10)
core   0: 3 0x80002c6a (0x07bd2623) mem 0x800000ec 0x2bfac770
core   0: 0x80002c6e (0x07cd2823) sw      t3, 112(s10)
core   0: 3 0x80002c6e (0x07cd2823) mem 0x800000f0 0x80025c60
core   0: 0x80002c72 (0x07dd2a23) sw      t4, 116(s10)
core   0: 3 0x80002c72 (0x07dd2a23) mem 0x800000f4 0x00000000
core   0: 0x80002c76 (0x07ed2c23) sw      t5, 120(s10)
core   0: 3 0x80002c76 (0x07ed2c23) mem 0x800000f8 0x00000000
core   0: 0x80002c7a (0x07fd2e23) sw      t6, 124(s10)
core   0: 3 0x80002c7a (0x07fd2e23) mem 0x800000fc 0x88021452
core   0: 0x80002c7e (0x34102d73) csrr    s10, mepc
core   0: 3 0x80002c7e (0x34102d73) x26 0x8000039a
core   0: 0x80002c82 (0x00000d11) c.addi  s10, 4
core   0: 3 0x80002c82 (0x0d11) x26 0x8000039e
core   0: 0x80002c84 (0x341d1073) csrw    mepc, s10
core   0: 3 0x80002c84 (0x341d1073) c833_mepc 0x8000039e
core   0: 0x80002c88 (0x30200073) mret
core   0: 3 0x80002c88 (0x30200073) c768_mstatus 0x00000080
core   0: 0x8000039e (0x90000237) lui     tp, 0x90000
core   0: 0 0x8000039e (0x90000237) x4  0x90000000
core   0: 0x800003a2 (0x00001261) c.addi  tp, -8
core   0: 0 0x800003a2 (0x1261) x4  0x8ffffff8
core   0: 0x800003a4 (0x00004d05) c.li    s10, 1
core   0: 0 0x800003a4 (0x4d05) x26 0x00000001
core   0: 0x800003a6 (0x00000d22) c.slli  s10, 8
core   0: 0 0x800003a6 (0x0d22) x26 0x00000100
core   0: 0x800003a8 (0x00000d05) c.addi  s10, 1
core   0: 0 0x800003a8 (0x0d05) x26 0x00000101
core   0: 0x800003aa (0x01a22023) sw      s10, 0(tp)
core   0: 0 0x800003aa (0x01a22023) mem 0x8ffffff8 0x00000101
core   0: 0x800003ae (0x00000073) ecall
core   0: exception trap_user_ecall, epc 0x800003ae
core   0: 0x80002800 (0x0800006f) j       pc + 0x80
core   0: 3 0x80002800 (0x0800006f)
core   0: 0x80002880 (0x000017f1) c.addi  a5, -4
core   0: 3 0x80002880 (0x17f1) x15 0x80025c5c
core   0: 0x80002882 (0x01c7a023) sw      t3, 0(a5)
core   0: 3 0x80002882 (0x01c7a023) mem 0x80025c5c 0x80025c60
core   0: 0x80002886 (0x00078e33) add     t3, a5, zero
core   0: 3 0x80002886 (0x00078e33) x28 0x80025c5c
core   0: 0x8000288a (0xf80e0e13) addi    t3, t3, -128
core   0: 3 0x8000288a (0xf80e0e13) x28 0x80025bdc
core   0: 0x8000288e (0x001e2223) sw      ra, 4(t3)
core   0: 3 0x8000288e (0x001e2223) mem 0x80025be0 0x00000000
