Time	Cycle	PC	Insn	Decoded instruction	Register and memory contents
        8582000	       327	80000080	40001d37	lui	x26,0x40001	 x26=0x40001000
        8602000	       328	80000084	106d0d13	addi	x26,x26,262	 x26:0x40001000 x26=0x40001106
        8742000	       335	80000088	301d1073	csrrw	x0,misa,x26	 x26:0x40001106  x0=0x00000000
        9162000	       356	8000008c	00026797	auipc	x15,0x26	 x15=0x8002608c
        9182000	       357	80000090	c5878793	addi	x15,x15,-936	 x15:0x8002608c x15=0x80025ce4
        9382000	       367	80000094	00002d17	auipc	x26,0x2	 x26=0x80002094
        9402000	       368	80000098	76cd0d13	addi	x26,x26,1900	 x26:0x80002094 x26=0x80002800
        9422000	       369	8000009c	001d6d13	ori	x26,x26,1	 x26:0x80002800 x26=0x80002801
        9842000	       390	800000a0	305d1073	csrrw	x0,mtvec,x26	 x26:0x80002801  x0=0x00000000
        9902000	       393	800000a4	74725073	csrrwi	x0,0x747,4	  x0=0x00000000
        9962000	       396	800000a8	00003397	auipc	x7,0x3	  x7=0x800030a8
       10002000	       398	800000ac	54438393	addi	x7,x7,1348	  x7:0x800030a8  x7=0x800035ec
       10422000	       419	800000b0	4d01	c.li	x26,0	 x26=0x00000000
       10442000	       420	800000b2	93ea	c.add	x7,x26	  x7:0x800035ec x26:0x00000000  x7=0x800035ec
       10462000	       421	800000b4	0023d393	srli	x7,x7,0x2	  x7:0x800035ec  x7=0x20000d7b
       10522000	       424	800000b8	3b039073	csrrw	x0,pmpaddr0,x7	  x7:0x20000d7b  x0=0x00000000
       10702000	       433	800000bc	00003397	auipc	x7,0x3	  x7=0x800030bc
       10722000	       434	800000c0	53038393	addi	x7,x7,1328	  x7:0x800030bc  x7=0x800035ec
       10822000	       439	800000c4	11111d37	lui	x26,0x11111	 x26=0x11111000
       10862000	       441	800000c8	111d0d13	addi	x26,x26,273	 x26:0x11111000 x26=0x11111111
       10902000	       443	800000cc	93ea	c.add	x7,x26	  x7:0x800035ec x26:0x11111111  x7=0x911146fd
       11242000	       460	800000ce	0023d393	srli	x7,x7,0x2	  x7:0x911146fd  x7=0x244451bf
       11322000	       464	800000d2	3b139073	csrrw	x0,pmpaddr1,x7	  x7:0x244451bf  x0=0x00000000
       11382000	       467	800000d6	00003397	auipc	x7,0x3	  x7=0x800030d6
       11762000	       486	800000da	51638393	addi	x7,x7,1302	  x7:0x800030d6  x7=0x800035ec
       11782000	       487	800000de	22222d37	lui	x26,0x22222	 x26=0x22222000
       11802000	       488	800000e2	222d0d13	addi	x26,x26,546	 x26:0x22222000 x26=0x22222222
       11822000	       489	800000e6	93ea	c.add	x7,x26	  x7:0x800035ec x26:0x22222222  x7=0xa222580e
       11842000	       490	800000e8	0023d393	srli	x7,x7,0x2	  x7:0xa222580e  x7=0x28889603
       11862000	       491	800000ec	3b239073	csrrw	x0,pmpaddr2,x7	  x7:0x28889603  x0=0x00000000
       12142000	       505	800000f0	00003397	auipc	x7,0x3	  x7=0x800030f0
       12182000	       507	800000f4	4fc38393	addi	x7,x7,1276	  x7:0x800030f0  x7=0x800035ec
       12202000	       508	800000f8	33333d37	lui	x26,0x33333	 x26=0x33333000
       12222000	       509	800000fc	333d0d13	addi	x26,x26,819	 x26:0x33333000 x26=0x33333333
       12422000	       519	80000100	93ea	c.add	x7,x26	  x7:0x800035ec x26:0x33333333  x7=0xb333691f
       12442000	       520	80000102	0023d393	srli	x7,x7,0x2	  x7:0xb333691f  x7=0x2cccda47
       12462000	       521	80000106	3b339073	csrrw	x0,pmpaddr3,x7	  x7:0x2cccda47  x0=0x00000000
       12542000	       525	8000010a	0f0f13b7	lui	x7,0xf0f1	  x7=0x0f0f1000
       12622000	       529	8000010e	f0f38393	addi	x7,x7,-241	  x7:0x0f0f1000  x7=0x0f0f0f0f
       12642000	       530	80000112	3a039073	csrrw	x0,pmpcfg0,x7	  x7:0x0f0f0f0f  x0=0x00000000
       13062000	       551	80000116	00003397	auipc	x7,0x3	  x7=0x80003116
       13222000	       559	8000011a	4d638393	addi	x7,x7,1238	  x7:0x80003116  x7=0x800035ec
       13322000	       564	8000011e	44444d37	lui	x26,0x44444	 x26=0x44444000
       13342000	       565	80000122	444d0d13	addi	x26,x26,1092	 x26:0x44444000 x26=0x44444444
       13362000	       566	80000126	93ea	c.add	x7,x26	  x7:0x800035ec x26:0x44444444  x7=0xc4447a30
       13762000	       586	80000128	0023d393	srli	x7,x7,0x2	  x7:0xc4447a30  x7=0x31111e8c
       13782000	       587	8000012c	3b439073	csrrw	x0,pmpaddr4,x7	  x7:0x31111e8c  x0=0x00000000
       14202000	       608	80000130	00003397	auipc	x7,0x3	  x7=0x80003130
       14502000	       623	80000134	4bc38393	addi	x7,x7,1212	  x7:0x80003130  x7=0x800035ec
       14522000	       624	80000138	55555d37	lui	x26,0x55555	 x26=0x55555000
       14942000	       645	8000013c	555d0d13	addi	x26,x26,1365	 x26:0x55555000 x26=0x55555555
       14962000	       646	80000140	93ea	c.add	x7,x26	  x7:0x800035ec x26:0x55555555  x7=0xd5558b41
       14982000	       647	80000142	0023d393	srli	x7,x7,0x2	  x7:0xd5558b41  x7=0x355562d0
       15142000	       655	80000146	3b539073	csrrw	x0,pmpaddr5,x7	  x7:0x355562d0  x0=0x00000000
       15242000	       660	8000014a	00003397	auipc	x7,0x3	  x7=0x8000314a
       15402000	       668	8000014e	4a238393	addi	x7,x7,1186	  x7:0x8000314a  x7=0x800035ec
       15422000	       669	80000152	66666d37	lui	x26,0x66666	 x26=0x66666000
       15442000	       670	80000156	666d0d13	addi	x26,x26,1638	 x26:0x66666000 x26=0x66666666
       15462000	       671	8000015a	93ea	c.add	x7,x26	  x7:0x800035ec x26:0x66666666  x7=0xe6669c52
       15862000	       691	8000015c	0023d393	srli	x7,x7,0x2	  x7:0xe6669c52  x7=0x3999a714
       15882000	       692	80000160	3b639073	csrrw	x0,pmpaddr6,x7	  x7:0x3999a714  x0=0x00000000
       16302000	       713	80000164	00003397	auipc	x7,0x3	  x7=0x80003164
       16322000	       714	80000168	48838393	addi	x7,x7,1160	  x7:0x80003164  x7=0x800035ec
       16502000	       723	8000016c	77777d37	lui	x26,0x77777	 x26=0x77777000
       16622000	       729	80000170	777d0d13	addi	x26,x26,1911	 x26:0x77777000 x26=0x77777777
       16982000	       747	80000174	93ea	c.add	x7,x26	  x7:0x800035ec x26:0x77777777  x7=0xf777ad63
       17022000	       749	80000176	0023d393	srli	x7,x7,0x2	  x7:0xf777ad63  x7=0x3dddeb58
       17442000	       770	8000017a	3b739073	csrrw	x0,pmpaddr7,x7	  x7:0x3dddeb58  x0=0x00000000
       17742000	       785	8000017e	0f0f13b7	lui	x7,0xf0f1	  x7=0x0f0f1000
       17762000	       786	80000182	f0f38393	addi	x7,x7,-241	  x7:0x0f0f1000  x7=0x0f0f0f0f
       17782000	       787	80000186	3a139073	csrrw	x0,pmpcfg1,x7	  x7:0x0f0f0f0f  x0=0x00000000
       17842000	       790	8000018a	00003397	auipc	x7,0x3	  x7=0x8000318a
       17862000	       791	8000018e	46238393	addi	x7,x7,1122	  x7:0x8000318a  x7=0x800035ec
       17922000	       794	80000192	88889d37	lui	x26,0x88889	 x26=0x88889000
       18382000	       817	80000196	888d0d13	addi	x26,x26,-1912	 x26:0x88889000 x26=0x88888888
       18402000	       818	8000019a	93ea	c.add	x7,x26	  x7:0x800035ec x26:0x88888888  x7=0x0888be74
       18422000	       819	8000019c	0023d393	srli	x7,x7,0x2	  x7:0x0888be74  x7=0x02222f9d
       18582000	       827	800001a0	3b839073	csrrw	x0,pmpaddr8,x7	  x7:0x02222f9d  x0=0x00000000
       18982000	       847	800001a4	00003397	auipc	x7,0x3	  x7=0x800031a4
       19002000	       848	800001a8	44838393	addi	x7,x7,1096	  x7:0x800031a4  x7=0x800035ec
       19082000	       852	800001ac	9999ad37	lui	x26,0x9999a	 x26=0x9999a000
       19322000	       864	800001b0	999d0d13	addi	x26,x26,-1639	 x26:0x9999a000 x26=0x99999999
       19462000	       871	800001b4	93ea	c.add	x7,x26	  x7:0x800035ec x26:0x99999999  x7=0x1999cf85
       19482000	       872	800001b6	0023d393	srli	x7,x7,0x2	  x7:0x1999cf85  x7=0x066673e1
       19542000	       875	800001ba	3b939073	csrrw	x0,pmpaddr9,x7	  x7:0x066673e1  x0=0x00000000
       19602000	       878	800001be	00003397	auipc	x7,0x3	  x7=0x800031be
       19742000	       885	800001c2	42e38393	addi	x7,x7,1070	  x7:0x800031be  x7=0x800035ec
       20162000	       906	800001c6	aaaabd37	lui	x26,0xaaaab	 x26=0xaaaab000
       20182000	       907	800001ca	aaad0d13	addi	x26,x26,-1366	 x26:0xaaaab000 x26=0xaaaaaaaa
       20202000	       908	800001ce	93ea	c.add	x7,x26	  x7:0x800035ec x26:0xaaaaaaaa  x7=0x2aaae096
       20222000	       909	800001d0	0023d393	srli	x7,x7,0x2	  x7:0x2aaae096  x7=0x0aaab825
       20282000	       912	800001d4	3ba39073	csrrw	x0,pmpaddr10,x7	  x7:0x0aaab825  x0=0x00000000
       20342000	       915	800001d8	00003397	auipc	x7,0x3	  x7=0x800031d8
       20382000	       917	800001dc	41438393	addi	x7,x7,1044	  x7:0x800031d8  x7=0x800035ec
       20402000	       918	800001e0	bbbbcd37	lui	x26,0xbbbbc	 x26=0xbbbbc000
       20422000	       919	800001e4	bbbd0d13	addi	x26,x26,-1093	 x26:0xbbbbc000 x26=0xbbbbbbbb
       20442000	       920	800001e8	93ea	c.add	x7,x26	  x7:0x800035ec x26:0xbbbbbbbb  x7=0x3bbbf1a7
       20462000	       921	800001ea	0023d393	srli	x7,x7,0x2	  x7:0x3bbbf1a7  x7=0x0eeefc69
       20642000	       930	800001ee	3bb39073	csrrw	x0,pmpaddr11,x7	  x7:0x0eeefc69  x0=0x00000000
       20802000	       938	800001f2	0f0f13b7	lui	x7,0xf0f1	  x7=0x0f0f1000
       20822000	       939	800001f6	f0f38393	addi	x7,x7,-241	  x7:0x0f0f1000  x7=0x0f0f0f0f
       20842000	       940	800001fa	3a239073	csrrw	x0,pmpcfg2,x7	  x7:0x0f0f0f0f  x0=0x00000000
       20902000	       943	800001fe	00003397	auipc	x7,0x3	  x7=0x800031fe
       20982000	       947	80000202	3ee38393	addi	x7,x7,1006	  x7:0x800031fe  x7=0x800035ec
       21062000	       951	80000206	ccccdd37	lui	x26,0xccccd	 x26=0xccccd000
       21382000	       967	8000020a	cccd0d13	addi	x26,x26,-820	 x26:0xccccd000 x26=0xcccccccc
       21402000	       968	8000020e	93ea	c.add	x7,x26	  x7:0x800035ec x26:0xcccccccc  x7=0x4ccd02b8
       21422000	       969	80000210	0023d393	srli	x7,x7,0x2	  x7:0x4ccd02b8  x7=0x133340ae
       21742000	       985	80000214	3bc39073	csrrw	x0,pmpaddr12,x7	  x7:0x133340ae  x0=0x00000000
       21962000	       996	80000218	00003397	auipc	x7,0x3	  x7=0x80003218
       21982000	       997	8000021c	3d438393	addi	x7,x7,980	  x7:0x80003218  x7=0x800035ec
       22402000	      1018	80000220	dddded37	lui	x26,0xdddde	 x26=0xdddde000
       22462000	      1021	80000224	dddd0d13	addi	x26,x26,-547	 x26:0xdddde000 x26=0xdddddddd
       22542000	      1025	80000228	93ea	c.add	x7,x26	  x7:0x800035ec x26:0xdddddddd  x7=0x5dde13c9
       22622000	      1029	8000022a	0023d393	srli	x7,x7,0x2	  x7:0x5dde13c9  x7=0x177784f2
       22642000	      1030	8000022e	3bd39073	csrrw	x0,pmpaddr13,x7	  x7:0x177784f2  x0=0x00000000
       22842000	      1040	80000232	00003397	auipc	x7,0x3	  x7=0x80003232
       22922000	      1044	80000236	3ba38393	addi	x7,x7,954	  x7:0x80003232  x7=0x800035ec
       23342000	      1065	8000023a	eeeefd37	lui	x26,0xeeeef	 x26=0xeeeef000
       23362000	      1066	8000023e	eeed0d13	addi	x26,x26,-274	 x26:0xeeeef000 x26=0xeeeeeeee
       23382000	      1067	80000242	93ea	c.add	x7,x26	  x7:0x800035ec x26:0xeeeeeeee  x7=0x6eef24da
       23422000	      1069	80000244	0023d393	srli	x7,x7,0x2	  x7:0x6eef24da  x7=0x1bbbc936
       23562000	      1076	80000248	3be39073	csrrw	x0,pmpaddr14,x7	  x7:0x1bbbc936  x0=0x00000000
       23622000	      1079	8000024c	00003397	auipc	x7,0x3	  x7=0x8000324c
       23982000	      1097	80000250	3a038393	addi	x7,x7,928	  x7:0x8000324c  x7=0x800035ec
       24002000	      1098	80000254	fff00d13	addi	x26,x0,-1	  x0:0x00000000 x26=0xffffffff
       24022000	      1099	80000258	93ea	c.add	x7,x26	  x7:0x800035ec x26:0xffffffff  x7=0x800035eb
       24442000	      1120	8000025a	0023d393	srli	x7,x7,0x2	  x7:0x800035eb  x7=0x20000d7a
       24462000	      1121	8000025e	3bf39073	csrrw	x0,pmpaddr15,x7	  x7:0x20000d7a  x0=0x00000000
       24882000	      1142	80000262	0f0f13b7	lui	x7,0xf0f1	  x7=0x0f0f1000
       24902000	      1143	80000266	f0f38393	addi	x7,x7,-241	  x7:0x0f0f1000  x7=0x0f0f0f0f
       24922000	      1144	8000026a	3a339073	csrrw	x0,pmpcfg3,x7	  x7:0x0f0f0f0f  x0=0x00000000
       25022000	      1149	8000026e	00000d17	auipc	x26,0x0	 x26=0x8000026e
       25402000	      1168	80000272	060d0d13	addi	x26,x26,96	 x26:0x8000026e x26=0x800002ce
       25422000	      1169	80000276	341d1073	csrrw	x0,mepc,x26	 x26:0x800002ce  x0=0x00000000
       25442000	      1170	8000027a	7c00d073	csrrwi	x0,0x7c0,1	  x0=0x00000000
       25502000	      1173	8000027e	4d01	c.li	x26,0	 x26=0x00000000
       25522000	      1174	80000280	300d1073	csrrw	x0,mstatus,x26	 x26:0x00000000  x0=0x00000000
       25582000	      1177	80000284	4d01	c.li	x26,0	 x26=0x00000000
       25602000	      1178	80000286	304d1073	csrrw	x0,mie,x26	 x26:0x00000000  x0=0x00000000
       25662000	      1181	8000028a	90000237	lui	x4,0x90000	  x4=0x90000000
       25682000	      1182	8000028e	1271	c.addi	x4,-4	  x4:0x90000000  x4=0x8ffffffc
       25702000	      1183	80000290	90000237	lui	x4,0x90000	  x4=0x90000000
       25722000	      1184	80000294	1271	c.addi	x4,-4	  x4:0x90000000  x4=0x8ffffffc
       26062000	      1201	80000296	90000237	lui	x4,0x90000	  x4=0x90000000
       26082000	      1202	8000029a	1271	c.addi	x4,-4	  x4:0x90000000  x4=0x8ffffffc
       26142000	      1205	8000029c	30000d13	addi	x26,x0,768	  x0:0x00000000 x26=0x00000300
       26482000	      1222	800002a0	0d22	c.slli	x26,0x8	 x26:0x00000300 x26=0x00030000
       26502000	      1223	800002a2	0d0d	c.addi	x26,3	 x26:0x00030000 x26=0x00030003
       27062000	      1251	800002a4	01a22023	sw	x26,0(x4)	  x4:0x8ffffffc x26:0x00030003 PA:0x8ffffffc store:0x00030003 load:0xffffffff
       27082000	      1252	800002a8	30002d73	csrrs	x26,mstatus,x0	  x0:0x00000000 x26=0x00000000
       27542000	      1275	800002ac	01a22023	sw	x26,0(x4)	  x4:0x8ffffffc x26:0x00000000 PA:0x8ffffffc store:0x00000000 load:0xffffffff
       27562000	      1276	800002b0	90000237	lui	x4,0x90000	  x4=0x90000000
       27582000	      1277	800002b4	1271	c.addi	x4,-4	  x4:0x90000000  x4=0x8ffffffc
       27602000	      1278	800002b6	30400d13	addi	x26,x0,772	  x0:0x00000000 x26=0x00000304
       27622000	      1279	800002ba	0d22	c.slli	x26,0x8	 x26:0x00000304 x26=0x00030400
       27642000	      1280	800002bc	0d0d	c.addi	x26,3	 x26:0x00030400 x26=0x00030403
       27702000	      1283	800002be	01a22023	sw	x26,0(x4)	  x4:0x8ffffffc x26:0x00030403 PA:0x8ffffffc store:0x00030403 load:0xffffffff
       27722000	      1284	800002c2	30402d73	csrrs	x26,mie,x0	  x0:0x00000000 x26=0x00000000
       27942000	      1295	800002c6	01a22023	sw	x26,0(x4)	  x4:0x8ffffffc x26:0x00000000 PA:0x8ffffffc store:0x00000000 load:0xffffffff
       27962000	      1296	800002ca	30200073	mret	
       28742000	      1335	800002ce	00100013	addi	x0,x0,1	  x0:0x00000000  x0=0x00000000
       28762000	      1336	800002d2	49ecc0b7	lui	x1,0x49ecc	  x1=0x49ecc000
       28782000	      1337	800002d6	08708093	addi	x1,x1,135	  x1:0x49ecc000  x1=0x49ecc087
       28802000	      1338	800002da	4101	c.li	x2,0	  x2=0x00000000
       28882000	      1342	800002dc	800001b7	lui	x3,0x80000	  x3=0x80000000
       28922000	      1344	800002e0	80000237	lui	x4,0x80000	  x4=0x80000000
       29282000	      1362	800002e4	4281	c.li	x5,0	  x5=0x00000000
       29302000	      1363	800002e6	80000337	lui	x6,0x80000	  x6=0x80000000
       29622000	      1379	800002ea	800003b7	lui	x7,0x80000	  x7=0x80000000
       29642000	      1380	800002ee	4435	c.li	x8,13	  x8=0x0000000d
       30002000	      1398	800002f0	f3c464b7	lui	x9,0xf3c46	  x9=0xf3c46000
       30022000	      1399	800002f4	49248493	addi	x9,x9,1170	  x9:0xf3c46000  x9=0xf3c46492
       30062000	      1401	800002f8	7db24537	lui	x10,0x7db24	 x10=0x7db24000
       30422000	      1419	800002fc	02d50513	addi	x10,x10,45	 x10:0x7db24000 x10=0x7db2402d
       30522000	      1424	80000300	f1e8b5b7	lui	x11,0xf1e8b	 x11=0xf1e8b000
       30542000	      1425	80000304	1fd58593	addi	x11,x11,509	 x11:0xf1e8b000 x11=0xf1e8b1fd
       30562000	      1426	80000308	ea41f637	lui	x12,0xea41f	 x12=0xea41f000
       30622000	      1429	8000030c	80f60613	addi	x12,x12,-2033	 x12:0xea41f000 x12=0xea41e80f
       30642000	      1430	80000310	4695	c.li	x13,5	 x13=0x00000005
       30662000	      1431	80000312	4701	c.li	x14,0	 x14=0x00000000
       30682000	      1432	80000314	80000837	lui	x16,0x80000	 x16=0x80000000
       30862000	      1441	80000318	800008b7	lui	x17,0x80000	 x17=0x80000000
       31182000	      1457	8000031c	80000937	lui	x18,0x80000	 x18=0x80000000
       31242000	      1460	80000320	247fa9b7	lui	x19,0x247fa	 x19=0x247fa000
       31262000	      1461	80000324	13498993	addi	x19,x19,308	 x19:0x247fa000 x19=0x247fa134
       31442000	      1470	80000328	80000a37	lui	x20,0x80000	 x20=0x80000000
       31582000	      1477	8000032c	3377aab7	lui	x21,0x3377a	 x21=0x3377a000
       31602000	      1478	80000330	6b3a8a93	addi	x21,x21,1715	 x21:0x3377a000 x21=0x3377a6b3
       31622000	      1479	80000334	4b39	c.li	x22,14	 x22=0x0000000e
       31662000	      1481	80000336	80000bb7	lui	x23,0x80000	 x23=0x80000000
       32062000	      1501	8000033a	e4118c37	lui	x24,0xe4118	 x24=0xe4118000
       32302000	      1513	8000033e	4b0c0c13	addi	x24,x24,1200	 x24:0xe4118000 x24=0xe41184b0
       32322000	      1514	80000342	ff8e3cb7	lui	x25,0xff8e3	 x25=0xff8e3000
       32742000	      1535	80000346	42dc8c93	addi	x25,x25,1069	 x25:0xff8e3000 x25=0xff8e342d
       32762000	      1536	8000034a	4d01	c.li	x26,0	 x26=0x00000000
       32782000	      1537	8000034c	f756edb7	lui	x27,0xf756e	 x27=0xf756e000
       32802000	      1538	80000350	58bd8d93	addi	x27,x27,1419	 x27:0xf756e000 x27=0xf756e58b
       44962000	      2146	80000354	b0c56eb7	lui	x29,0xb0c56	 x29=0xb0c56000
       44982000	      2147	80000358	673e8e93	addi	x29,x29,1651	 x29:0xb0c56000 x29=0xb0c56673
       45002000	      2148	8000035c	f208df37	lui	x30,0xf208d	 x30=0xf208d000
       45022000	      2149	80000360	d6cf0f13	addi	x30,x30,-660	 x30:0xf208d000 x30=0xf208cd6c
       45042000	      2150	80000364	09249fb7	lui	x31,0x9249	 x31=0x09249000
       45082000	      2152	80000368	2b6f8f93	addi	x31,x31,694	 x31:0x09249000 x31=0x092492b6
       45102000	      2153	8000036c	00022e17	auipc	x28,0x22	 x28=0x8002236c
       45122000	      2154	80000370	af8e0e13	addi	x28,x28,-1288	 x28:0x8002236c x28=0x80021e64
       45142000	      2155	80000374	90000237	lui	x4,0x90000	  x4=0x90000000
       45482000	      2172	80000378	1271	c.addi	x4,-4	  x4:0x90000000  x4=0x8ffffffc
       45502000	      2173	8000037a	4d01	c.li	x26,0	 x26=0x00000000
       45522000	      2174	8000037c	0d22	c.slli	x26,0x8	 x26:0x00000000 x26=0x00000000
       45802000	      2188	8000037e	000d0d13	addi	x26,x26,0	 x26:0x00000000 x26=0x00000000
       46262000	      2211	80000382	01a22023	sw	x26,0(x4)	  x4:0x8ffffffc x26:0x00000000 PA:0x8ffffffc store:0x00000000 load:0xffffffff
       46282000	      2212	80000386	2660306f	jal	x0,800035ec	  x0=0x00000000
       46422000	      2219	800035ec	c089	c.beqz	x9,800035ee	  x9:0xf3c46492
       46462000	      2221	800035ee	64e22013	slti	x0,x4,1614	  x4:0x8ffffffc  x0=0x00000000
       46482000	      2222	800035f2	029200b3	mul	x1,x4,x9	  x4:0x8ffffffc  x9:0xf3c46492  x1=0x50ee6db8
       46502000	      2223	800035f6	9fee	c.add	x31,x27	 x31:0x092492b6 x27:0xf756e58b x31=0x007b7841
       46522000	      2224	800035f8	95ce	c.add	x11,x19	 x11:0xf1e8b1fd x19:0x247fa134 x11=0x16685331
       46542000	      2225	800035fa	08b2	c.slli	x17,0xc	 x17:0x80000000 x17=0x00000000
       46562000	      2226	800035fc	c7123f13	sltiu	x30,x4,-911	  x4:0x8ffffffc x30=0x00000001
       47082000	      2252	80003600	0378adb3	mulhsu	x27,x17,x23	 x17:0x00000000 x23:0x80000000 x27=0x00000000
       47122000	      2254	80003604	03db0f33	mul	x30,x22,x29	 x22:0x0000000e x29:0xb0c56673 x30=0xaacb9a4a
       47142000	      2255	80003608	1a90	c.addi4spn	x12,x2,368	 x12=0x00000170
       47202000	      2258	8000360a	4091da93	srai	x21,x3,0x9	  x3:0x80000000 x21=0xffc00000
       47222000	      2259	8000360e	8611	c.srai	x12,0x4	 x12:0x00000170 x12=0x00000017
       47242000	      2260	80003610	00e06833	or	x16,x0,x14	  x0:0x00000000 x14:0x00000000 x16=0x00000000
       47262000	      2261	80003614	cd89	c.beqz	x11,8000362e	 x11:0x16685331
       47462000	      2271	80003616	28fb7513	andi	x10,x22,655	 x22:0x0000000e x10=0x0000000e
       47482000	      2272	8000361a	7571c313	xori	x6,x3,1879	  x3:0x80000000  x6=0x80000757
       47502000	      2273	8000361e	066fc263	blt	x31,x6,80003682	 x31:0x007b7841  x6:0x80000757
       47522000	      2274	80003622	059e	c.slli	x11,0x7	 x11:0x16685331 x11=0x34299880
       47702000	      2283	80003624	97a26493	ori	x9,x4,-1670	  x4:0x8ffffffc  x9=0xfffffffe
       47822000	      2289	80003628	c6b5	c.beqz	x13,80003694	 x13:0x00000005
       47842000	      2290	8000362a	b7de3213	sltiu	x4,x28,-1155	 x28:0x80021e64  x4=0x00000001
       47862000	      2291	8000362e	fd0c2f17	auipc	x30,0xfd0c2	 x30=0x7d0c562e
       47882000	      2292	80003632	05c88863	beq	x17,x28,80003682	 x17:0x00000000 x28:0x80021e64
       47942000	      2295	80003636	0d982b13	slti	x22,x16,217	 x16:0x00000000 x22=0x00000001
       47962000	      2296	8000363a	e80f5937	lui	x18,0xe80f5	 x18=0xe80f5000
       47982000	      2297	8000363e	0ff0000f	fence	iorw,iorw	
       48602000	      2328	80003642	00000217	auipc	x4,0x0	  x4=0x80003642
       48662000	      2331	80003646	16e20213	addi	x4,x4,366	  x4:0x80003642  x4=0x800037b0
       48742000	      2335	8000364a	00b87bb3	and	x23,x16,x11	 x16:0x00000000 x11:0x34299880 x23=0x00000000
       48762000	      2336	8000364e	25b20213	addi	x4,x4,603	  x4:0x800037b0  x4=0x80003a0b
       49062000	      2351	80003652	017d5763	bge	x26,x23,80003660	 x26:0x00000000 x23:0x00000000
       49322000	      2364	80003660	da620ae7	jalr	x21,-602(x4)	  x4:0x80003a0b x21=0x80003664
       50242000	      2410	800037b0	1e41	c.addi	x28,-16	 x28:0x80021e64 x28=0x80021e54
       50402000	      2418	800037b2	41a9d613	srai	x12,x19,0x1a	 x19:0x247fa134 x12=0x00000009
       50422000	      2419	800037b6	717d	c.addi16sp	x2,-16	  x2:0x00000000  x2=0xfffffff0
       50502000	      2423	800037b8	0001	c.addi	x0,0	  x0:0x00000000  x0=0x00000000
       51242000	      2460	800037ba	02b6d633	divu	x12,x13,x11	 x13:0x00000005 x11:0x34299880 x12=0x00000000
       51262000	      2461	800037be	3b23e937	lui	x18,0x3b23e	 x18=0x3b23e000
       51322000	      2464	800037c2	015e2223	sw	x21,4(x28)	 x28:0x80021e54 x21:0x80003664 PA:0x80021e58 store:0x80003664 load:0xffffffff
       51342000	      2465	800037c6	c11a3893	sltiu	x17,x20,-1007	 x20:0x80000000 x17=0x00000001
       51362000	      2466	800037ca	86b9	c.srai	x13,0xe	 x13:0x00000005 x13=0x00000000
       51382000	      2467	800037cc	0c2f1937	lui	x18,0xc2f1	 x18=0x0c2f1000
       51402000	      2468	800037d0	000e3833	sltu	x16,x28,x0	 x28:0x80021e54  x0:0x00000000 x16=0x00000000
       51622000	      2479	800037d4	00aa1213	slli	x4,x20,0xa	 x20:0x80000000  x4=0x00000000
       51642000	      2480	800037d8	ef09	c.bnez	x14,800037f2	 x14:0x00000000
       51662000	      2481	800037da	6af3e713	ori	x14,x7,1711	  x7:0x80000000 x14=0x800006af
       51682000	      2482	800037de	c2973f97	auipc	x31,0xc2973	 x31=0x429767de
       52082000	      2502	800037e2	414fde93	srai	x29,x31,0x14	 x31:0x429767de x29=0x00000429
       52102000	      2503	800037e6	5f6fb493	sltiu	x9,x31,1526	 x31:0x429767de  x9=0x00000000
       52182000	      2507	800037ea	01f1bbb3	sltu	x23,x3,x31	  x3:0x80000000 x31:0x429767de x23=0x00000000
       52282000	      2512	800037ee	0ff0000f	fence	iorw,iorw	
       52302000	      2513	800037f2	8a75	c.andi	x12,29	 x12:0x00000000 x12=0x00000000
       52322000	      2514	800037f4	03f80133	mul	x2,x16,x31	 x16:0x00000000 x31:0x429767de  x2=0x00000000
       52342000	      2515	800037f8	e681	c.bnez	x13,80003800	 x13:0x00000000
       52362000	      2516	800037fa	80b5	c.srli	x9,0xd	  x9:0x00000000  x9=0x00000000
       52442000	      2520	800037fc	03f54d63	blt	x10,x31,80003836	 x10:0x0000000e x31:0x429767de
       52802000	      2538	80003836	8cad	c.xor	x9,x11	  x9:0x00000000 x11:0x34299880  x9=0x34299880
       53222000	      2559	80003838	e89d	c.bnez	x9,8000386e	  x9:0x34299880
       54142000	      2605	8000386e	01eab5b3	sltu	x11,x21,x30	 x21:0x80003664 x30:0x7d0c562e x11=0x00000000
       54162000	      2606	80003872	bf95d5b7	lui	x11,0xbf95d	 x11=0xbf95d000
       54182000	      2607	80003876	8ccd	c.or	x9,x11	  x9:0x34299880 x11:0xbf95d000  x9=0xbfbdd880
       54202000	      2608	80003878	9996	c.add	x19,x5	 x19:0x247fa134  x5:0x00000000 x19=0x247fa134
       54302000	      2613	8000387a	efef7c93	andi	x25,x30,-258	 x30:0x7d0c562e x25=0x7d0c562e
       54322000	      2614	8000387e	517d	c.li	x2,-1	  x2=0xffffffff
       54342000	      2615	80003880	0071dc33	srl	x24,x3,x7	  x3:0x80000000  x7:0x80000000 x24=0x80000000
       55082000	      2652	80003884	021560b3	rem	x1,x10,x1	 x10:0x0000000e  x1:0x50ee6db8  x1=0x0000000e
       55122000	      2654	80003888	03b1e0b3	rem	x1,x3,x27	  x3:0x80000000 x27:0x00000000  x1=0x80000000
       55142000	      2655	8000388c	9306	c.add	x6,x1	  x6:0x80000757  x1:0x80000000  x6=0x00000757
       55162000	      2656	8000388e	0000100f	fence.i	
       55442000	      2670	80003892	1b14	c.addi4spn	x13,x2,432	 x13=0x000001af
       55502000	      2673	80003894	0ff0000f	fence	iorw,iorw	
       55522000	      2674	80003898	411655b3	sra	x11,x12,x17	 x12:0x00000000 x17:0x00000001 x11=0x00000000
       55922000	      2694	8000389c	844d	c.srai	x8,0x13	  x8:0x0000000d  x8=0x00000000
       55942000	      2695	8000389e	0406	c.slli	x8,0x1	  x8:0x00000000  x8=0x00000000
       55962000	      2696	800038a0	02240233	mul	x4,x8,x2	  x8:0x00000000  x2:0xffffffff  x4=0x00000000
       56042000	      2700	800038a4	0b7e	c.slli	x22,0x1f	 x22:0x00000001 x22=0x80000000
       56222000	      2709	800038a6	02b75663	bge	x14,x11,800038d2	 x14:0x800006af x11:0x00000000
       56242000	      2710	800038aa	1d7d	c.addi	x26,-1	 x26:0x00000000 x26=0xffffffff
       56642000	      2730	800038ac	56fd6e93	ori	x29,x26,1391	 x26:0xffffffff x29=0xffffffff
       56662000	      2731	800038b0	aec40037	lui	x0,0xaec40	  x0=0x00000000
       56902000	      2743	800038b4	fc80f913	andi	x18,x1,-56	  x1:0x80000000 x18=0x80000000
       56922000	      2744	800038b8	0a3e	c.slli	x20,0xf	 x20:0x80000000 x20=0x00000000
       57062000	      2751	800038ba	0067e463	bltu	x15,x6,800038c2	 x15:0x80025ce4  x6:0x00000757
       57082000	      2752	800038be	013ddf93	srli	x31,x27,0x13	 x27:0x00000000 x31=0x00000000
       57102000	      2753	800038c2	00bbd133	srl	x2,x23,x11	 x23:0x00000000 x11:0x00000000  x2=0x00000000
       57122000	      2754	800038c6	40735d93	srai	x27,x6,0x7	  x6:0x00000757 x27=0x0000000e
       57142000	      2755	800038ca	c401	c.beqz	x8,800038d2	  x8:0x00000000
       57422000	      2769	800038d2	01c57db3	and	x27,x10,x28	 x10:0x0000000e x28:0x80021e54 x27=0x00000004
       57602000	      2778	800038d6	023f1963	bne	x30,x3,80003908	 x30:0x7d0c562e  x3:0x80000000
       58862000	      2841	80003908	4099	c.li	x1,6	  x1=0x00000006
       58882000	      2842	8000390a	0103a5b3	slt	x11,x7,x16	  x7:0x80000000 x16:0x00000000 x11=0x00000001
       58902000	      2843	8000390e	0001	c.addi	x0,0	  x0:0x00000000  x0=0x00000000
       59302000	      2863	80003910	04469163	bne	x13,x4,80003952	 x13:0x000001af  x4:0x00000000
       59962000	      2896	80003952	8c19	c.sub	x8,x14	  x8:0x00000000 x14:0x800006af  x8=0x7ffff951
       59982000	      2897	80003954	717d	c.addi16sp	x2,-16	  x2:0x00000000  x2=0xfffffff0
       60002000	      2898	80003956	8c21	c.xor	x8,x8	  x8:0x7ffff951  x8:0x7ffff951  x8=0x00000000
       60022000	      2899	80003958	401308b3	sub	x17,x6,x1	  x6:0x00000757  x1:0x00000006 x17=0x00000751
       60142000	      2905	8000395c	afea4c13	xori	x24,x20,-1282	 x20:0x00000000 x24=0xfffffafe
       60242000	      2910	80003960	035ab5b3	mulhu	x11,x21,x21	 x21:0x80003664 x21:0x80003664 x11=0x40003664
       60262000	      2911	80003964	a0a6fc13	andi	x24,x13,-1526	 x13:0x000001af x24=0x0000000a
       60282000	      2912	80003968	0202c463	blt	x5,x0,80003990	  x5:0x00000000  x0:0x00000000
       60442000	      2920	8000396c	8119	c.srli	x10,0x6	 x10:0x0000000e x10=0x00000000
       60462000	      2921	8000396e	6a7d	c.lui	x20,0x1f	 x20=0x0001f000
       60582000	      2927	80003970	869d	c.srai	x13,0x7	 x13:0x000001af x13=0x00000003
       60642000	      2930	80003972	020f5c63	bge	x30,x0,800039aa	 x30:0x7d0c562e  x0:0x00000000
       61082000	      2952	800039aa	45c9	c.li	x11,18	 x11=0x00000012
       61222000	      2959	800039ac	03d17463	bgeu	x2,x29,800039d4	  x2:0xfffffff0 x29:0xffffffff
       61322000	      2964	800039b0	01c0eb33	or	x22,x1,x28	  x1:0x00000006 x28:0x80021e54 x22=0x80021e56
       61342000	      2965	800039b4	0f10	c.addi4spn	x12,x2,912	 x12=0x00000380
       61482000	      2972	800039b6	0374e133	rem	x2,x9,x23	  x9:0xbfbdd880 x23:0x00000000  x2=0xbfbdd880
       61502000	      2973	800039ba	717d	c.addi16sp	x2,-16	  x2:0xbfbdd880  x2=0xbfbdd870
       61522000	      2974	800039bc	01957833	and	x16,x10,x25	 x10:0x00000000 x25:0x7d0c562e x16=0x00000000
       61542000	      2975	800039c0	89e9	c.andi	x11,26	 x11:0x00000012 x11=0x00000012
       61562000	      2976	800039c2	8ca1	c.xor	x9,x8	  x9:0xbfbdd880  x8:0x00000000  x9=0xbfbdd880
       61702000	      2983	800039c4	01265263	bge	x12,x18,800039c8	 x12:0x00000380 x18:0x80000000
       62362000	      3016	800039c8	8de5	c.and	x11,x9	 x11:0x00000012  x9:0xbfbdd880 x11=0x00000000
       62382000	      3017	800039ca	177d	c.addi	x14,-1	 x14:0x800006af x14=0x800006ae
       63122000	      3054	800039cc	021b5f33	divu	x30,x22,x1	 x22:0x80021e56  x1:0x00000006 x30=0x1555afb9
       63142000	      3055	800039d0	b4708c97	auipc	x25,0xb4708	 x25=0x3470b9d0
       63182000	      3057	800039d4	03c121b3	mulhsu	x3,x2,x28	  x2:0xbfbdd870 x28:0x80021e54  x3=0xdfde6416
       63202000	      3058	800039d8	01f8fd63	bgeu	x17,x31,800039f2	 x17:0x00000751 x31:0x00000000
       63982000	      3097	800039f2	00707f33	and	x30,x0,x7	  x0:0x00000000  x7:0x80000000 x30=0x00000000
       64042000	      3100	800039f6	04477363	bgeu	x14,x4,80003a3c	 x14:0x800006ae  x4:0x00000000
       64342000	      3115	80003a3c	f6a1b913	sltiu	x18,x3,-150	  x3:0xdfde6416 x18=0x00000001
       64382000	      3117	80003a40	4b55	c.li	x22,21	 x22=0x00000015
       64542000	      3125	80003a42	41ad85b3	sub	x11,x27,x26	 x27:0x00000004 x26:0xffffffff x11=0x00000005
       64922000	      3144	80003a46	00bdeab3	or	x21,x27,x11	 x27:0x00000004 x11:0x00000005 x21=0x00000005
       64942000	      3145	80003a4a	f8d03213	sltiu	x4,x0,-115	  x0:0x00000000  x4=0x00000001
       64962000	      3146	80003a4e	009b8eb3	add	x29,x23,x9	 x23:0x00000000  x9:0xbfbdd880 x29=0xbfbdd880
       64982000	      3147	80003a52	52fd	c.li	x5,-1	  x5=0xffffffff
       65142000	      3155	80003a54	029612b3	mulh	x5,x12,x9	 x12:0x00000380  x9:0xbfbdd880  x5=0xffffff1f
       65162000	      3156	80003a58	4a51	c.li	x20,20	 x20=0x00000014
       65182000	      3157	80003a5a	0001	c.addi	x0,0	  x0:0x00000000  x0=0x00000000
       65522000	      3174	80003a5c	00786b33	or	x22,x16,x7	 x16:0x00000000  x7:0x80000000 x22=0x80000000
       65882000	      3192	80003a60	c185	c.beqz	x11,80003a80	 x11:0x00000005
       65902000	      3193	80003a62	00d6eb33	or	x22,x13,x13	 x13:0x00000003 x13:0x00000003 x22=0x00000003
       66322000	      3214	80003a66	3b810c13	addi	x24,x2,952	  x2:0xbfbdd870 x24=0xbfbddc28
       66342000	      3215	80003a6a	84bd	c.srai	x9,0xf	  x9:0xbfbdd880  x9=0xffff7f7b
       67082000	      3252	80003a6c	03d940b3	div	x1,x18,x29	 x18:0x00000001 x29:0xbfbdd880  x1=0x00000000
       67102000	      3253	80003a70	8e86	c.mv	x29,x1	  x0:0x00000000  x1:0x00000000 x29=0x00000000
       67122000	      3254	80003a72	997d	c.andi	x10,-1	 x10:0x00000000 x10=0x00000000
       67162000	      3256	80003a74	039e2233	mulhsu	x4,x28,x25	 x28:0x80021e54 x25:0x3470b9d0  x4=0xe5c8122f
       67182000	      3257	80003a78	41a98733	sub	x14,x19,x26	 x19:0x247fa134 x26:0xffffffff x14=0x247fa135
       67202000	      3258	80003a7c	baefaf97	auipc	x31,0xbaefa	 x31=0x3aefda7c
       67222000	      3259	80003a80	0196eb63	bltu	x13,x25,80003a96	 x13:0x00000003 x25:0x3470b9d0
       67802000	      3288	80003a96	028c8333	mul	x6,x25,x8	 x25:0x3470b9d0  x8:0x00000000  x6=0x00000000
       67842000	      3290	80003a9a	03d19d33	mulh	x26,x3,x29	  x3:0xdfde6416 x29:0x00000000 x26=0x00000000
       67862000	      3291	80003a9e	717d	c.addi16sp	x2,-16	  x2:0xbfbdd870  x2=0xbfbdd860
       67942000	      3295	80003aa0	b973cf93	xori	x31,x7,-1129	  x7:0x80000000 x31=0x7ffffb97
       68042000	      3300	80003aa4	0368d763	bge	x17,x22,80003ad2	 x17:0x00000751 x22:0x00000003
       68602000	      3328	80003ad2	8f6d	c.and	x14,x11	 x14:0x247fa135 x11:0x00000005 x14=0x00000005
       68622000	      3329	80003ad4	9afd	c.andi	x13,-1	 x13:0x00000003 x13=0x00000003
       68642000	      3330	80003ad6	41d3dd13	srai	x26,x7,0x1d	  x7:0x80000000 x26=0xfffffffc
       68662000	      3331	80003ada	8dbd	c.xor	x11,x15	 x11:0x00000005 x15:0x80025ce4 x11=0x80025ce1
       68782000	      3337	80003adc	498c3d93	sltiu	x27,x24,1176	 x24:0xbfbddc28 x27=0x00000000
       68802000	      3338	80003ae0	00584863	blt	x16,x5,80003af0	 x16:0x00000000  x5:0xffffff1f
       68822000	      3339	80003ae4	03c87163	bgeu	x16,x28,80003b06	 x16:0x00000000 x28:0x80021e54
       68842000	      3340	80003ae8	013340b3	xor	x1,x6,x19	  x6:0x00000000 x19:0x247fa134  x1=0x247fa134
       69582000	      3377	80003aec	03275b33	divu	x22,x14,x18	 x14:0x00000005 x18:0x00000001 x22=0x00000005
       76882000	      3742	80003af0	00a85bb3	srl	x23,x16,x10	 x16:0x00000000 x10:0x00000000 x23=0x00000000
       76902000	      3743	80003af4	007a4d33	xor	x26,x20,x7	 x20:0x00000014  x7:0x80000000 x26=0x80000014
       76922000	      3744	80003af8	8473bc13	sltiu	x24,x7,-1977	  x7:0x80000000 x24=0x00000001
       76942000	      3745	80003afc	3672e413	ori	x8,x5,871	  x5:0xffffff1f  x8=0xffffff7f
       76962000	      3746	80003b00	dc71d8b7	lui	x17,0xdc71d	 x17=0xdc71d000
       76982000	      3747	80003b04	0001	c.addi	x0,0	  x0:0x00000000  x0=0x00000000
       77282000	      3762	80003b06	0343b633	mulhu	x12,x7,x20	  x7:0x80000000 x20:0x00000014 x12=0x0000000a
       77302000	      3763	80003b0a	01e8d413	srli	x8,x17,0x1e	 x17:0xdc71d000  x8=0x00000003
       77342000	      3765	80003b0e	0184f9b3	and	x19,x9,x24	  x9:0xffff7f7b x24:0x00000001 x19=0x00000001
       77362000	      3766	80003b12	8466	c.mv	x8,x25	  x0:0x00000000 x25:0x3470b9d0  x8=0x3470b9d0
       77762000	      3786	80003b14	9fb60913	addi	x18,x12,-1541	 x12:0x0000000a x18=0xfffffa05
       77782000	      3787	80003b18	408fd293	srai	x5,x31,0x8	 x31:0x7ffffb97  x5=0x007ffffb
       77802000	      3788	80003b1c	0580	c.addi4spn	x8,x2,704	  x8=0xbfbddb20
       78802000	      3838	80003b1e	02b9cab3	div	x21,x19,x11	 x19:0x00000001 x11:0x80025ce1 x21=0x00000000
       79542000	      3875	80003b22	031ffb33	remu	x22,x31,x17	 x31:0x7ffffb97 x17:0xdc71d000 x22=0x7ffffb97
       79562000	      3876	80003b26	021f9863	bne	x31,x1,80003b56	 x31:0x7ffffb97  x1:0x247fa134
       79702000	      3883	80003b56	02bb1663	bne	x22,x11,80003b82	 x22:0x7ffffb97 x11:0x80025ce1
       80762000	      3936	80003b82	027d50b3	divu	x1,x26,x7	 x26:0x80000014  x7:0x80000000  x1=0x00000001
       80782000	      3937	80003b86	873b2813	slti	x16,x22,-1933	 x22:0x7ffffb97 x16=0x00000000
       80802000	      3938	80003b8a	00867f33	and	x30,x12,x8	 x12:0x0000000a  x8:0xbfbddb20 x30=0x00000000
       80822000	      3939	80003b8e	00a34ab3	xor	x21,x6,x10	  x6:0x00000000 x10:0x00000000 x21=0x00000000
       80842000	      3940	80003b92	0b52	c.slli	x22,0x14	 x22:0x7ffffb97 x22=0xb9700000
       80862000	      3941	80003b94	8829	c.andi	x8,10	  x8:0xbfbddb20  x8=0x00000000
       80882000	      3942	80003b96	01e8cfb3	xor	x31,x17,x30	 x17:0xdc71d000 x30:0x00000000 x31=0xdc71d000
       80902000	      3943	80003b9a	00ea0633	add	x12,x20,x14	 x20:0x00000014 x14:0x00000005 x12=0x00000019
       81002000	      3948	80003b9e	0ff0000f	fence	iorw,iorw	
       81462000	      3971	80003ba2	40fc0a33	sub	x20,x24,x15	 x24:0x00000001 x15:0x80025ce4 x20=0x7ffda31d
       82202000	      4008	80003ba6	023fdc33	divu	x24,x31,x3	 x31:0xdc71d000  x3:0xdfde6416 x24=0x00000000
       82942000	      4045	80003baa	02257233	remu	x4,x10,x2	 x10:0x00000000  x2:0xbfbdd860  x4=0x00000000
       82962000	      4046	80003bae	41f209b3	sub	x19,x4,x31	  x4:0x00000000 x31:0xdc71d000 x19=0x238e3000
       82982000	      4047	80003bb2	994a	c.add	x18,x18	 x18:0xfffffa05 x18:0xfffffa05 x18=0xfffff40a
       83002000	      4048	80003bb4	6155	c.addi16sp	x2,304	  x2:0xbfbdd860  x2=0xbfbdd990
       83022000	      4049	80003bb6	0000100f	fence.i	
       83102000	      4053	80003bba	e11d	c.bnez	x10,80003be0	 x10:0x00000000
       83122000	      4054	80003bbc	0044a333	slt	x6,x9,x4	  x9:0xffff7f7b  x4:0x00000000  x6=0x00000001
       83142000	      4055	80003bc0	6ef1	c.lui	x29,0x1c	 x29=0x0001c000
       83162000	      4056	80003bc2	8d19	c.sub	x10,x14	 x10:0x00000000 x14:0x00000005 x10=0xfffffffb
       83182000	      4057	80003bc4	5b7d	c.li	x22,-1	 x22=0xffffffff
       83202000	      4058	80003bc6	01ebb233	sltu	x4,x23,x30	 x23:0x00000000 x30:0x00000000  x4=0x00000000
       83222000	      4059	80003bca	8ee2	c.mv	x29,x24	  x0:0x00000000 x24:0x00000000 x29=0x00000000
       83242000	      4060	80003bcc	717d	c.addi16sp	x2,-16	  x2:0xbfbdd990  x2=0xbfbdd980
       83402000	      4068	80003bce	afabc993	xori	x19,x23,-1286	 x23:0x00000000 x19=0xfffffafa
       83582000	      4077	80003bd2	03441863	bne	x8,x20,80003c02	  x8:0x00000000 x20:0x7ffda31d
       84122000	      4104	80003c02	015916b3	sll	x13,x18,x21	 x18:0xfffff40a x21:0x00000000 x13=0xfffff40a
       84542000	      4125	80003c06	01791d63	bne	x18,x23,80003c20	 x18:0xfffff40a x23:0x00000000
       85322000	      4164	80003c20	0001	c.addi	x0,0	  x0:0x00000000  x0=0x00000000
       85342000	      4165	80003c22	03b55d63	bge	x10,x27,80003c5c	 x10:0xfffffffb x27:0x00000000
       85362000	      4166	80003c26	5dfd	c.li	x27,-1	 x27=0xffffffff
       85382000	      4167	80003c28	02908063	beq	x1,x9,80003c48	  x1:0x00000001  x9:0xffff7f7b
       85402000	      4168	80003c2c	011202b3	add	x5,x4,x17	  x4:0x00000000 x17:0xdc71d000  x5=0xdc71d000
       85502000	      4173	80003c30	0000100f	fence.i	
       86342000	      4215	80003c34	0c086093	ori	x1,x16,192	 x16:0x00000000  x1=0x000000c0
       86702000	      4233	80003c38	4af08b93	addi	x23,x1,1199	  x1:0x000000c0 x23=0x0000056f
       86922000	      4244	80003c3c	02a82ab3	mulhsu	x21,x16,x10	 x16:0x00000000 x10:0xfffffffb x21=0x00000000
       87322000	      4264	80003c40	0001	c.addi	x0,0	  x0:0x00000000  x0=0x00000000
       87342000	      4265	80003c42	8e91	c.sub	x13,x12	 x13:0xfffff40a x12:0x00000019 x13=0xfffff3f1
       87382000	      4267	80003c44	03191433	mulh	x8,x18,x17	 x18:0xfffff40a x17:0xdc71d000  x8=0x000001a9
       87402000	      4268	80003c48	0000100f	fence.i	
       87682000	      4282	80003c4c	9963ab13	slti	x22,x7,-1642	  x7:0x80000000 x22=0x00000001
       87722000	      4284	80003c50	40b18bb3	sub	x23,x3,x11	  x3:0xdfde6416 x11:0x80025ce1 x23=0x5fdc0735
       87742000	      4285	80003c54	8265	c.srli	x12,0x19	 x12:0x00000019 x12=0x00000000
       87762000	      4286	80003c56	8c7d	c.and	x8,x15	  x8:0x000001a9 x15:0x80025ce4  x8=0x000000a0
       87842000	      4290	80003c58	02e69133	mulh	x2,x13,x14	 x13:0xfffff3f1 x14:0x00000005  x2=0xffffffff
       88242000	      4310	80003c5c	c681	c.beqz	x13,80003c64	 x13:0xfffff3f1
       88642000	      4330	80003c5e	00854fb3	xor	x31,x10,x8	 x10:0xfffffffb  x8:0x000000a0 x31=0xffffff5b
       88662000	      4331	80003c62	c40d	c.beqz	x8,80003c8c	  x8:0x000000a0
       88682000	      4332	80003c64	e909	c.bnez	x10,80003c76	 x10:0xfffffffb
       89582000	      4377	80003c76	0000100f	fence.i	
       90122000	      4404	80003c7a	8322	c.mv	x6,x8	  x0:0x00000000  x8:0x000000a0  x6=0x000000a0
       90282000	      4412	80003c7c	03b9b933	mulhu	x18,x19,x27	 x19:0xfffffafa x27:0xffffffff x18=0xfffffaf9
       90302000	      4413	80003c80	0ff0000f	fence	iorw,iorw	
       90482000	      4422	80003c84	8c69	c.and	x8,x10	  x8:0x000000a0 x10:0xfffffffb  x8=0x000000a0
       90502000	      4423	80003c86	0001	c.addi	x0,0	  x0:0x00000000  x0=0x00000000
       90522000	      4424	80003c88	4157d113	srai	x2,x15,0x15	 x15:0x80025ce4  x2=0xfffffc00
       90922000	      4444	80003c8c	8059	c.srli	x8,0x16	  x8:0x000000a0  x8=0x00000000
       90942000	      4445	80003c8e	8771	c.srai	x14,0x1c	 x14:0x00000005 x14=0x00000000
       91342000	      4465	80003c90	854d	c.srai	x10,0x13	 x10:0xfffffffb x10=0xffffffff
       91362000	      4466	80003c92	0c0a	c.slli	x24,0x2	 x24:0x00000000 x24=0x00000000
       91762000	      4486	80003c94	0ff0000f	fence	iorw,iorw	
       91882000	      4492	80003c98	01e0d333	srl	x6,x1,x30	  x1:0x000000c0 x30:0x00000000  x6=0x000000c0
       91902000	      4493	80003c9c	0001	c.addi	x0,0	  x0:0x00000000  x0=0x00000000
       91922000	      4494	80003c9e	02010bb3	mul	x23,x2,x0	  x2:0xfffffc00  x0:0x00000000 x23=0x00000000
       91942000	      4495	80003ca2	8615	c.srai	x12,0x5	 x12:0x00000000 x12=0x00000000
       92022000	      4499	80003ca4	408adc93	srai	x25,x21,0x8	 x21:0x00000000 x25=0x00000000
       92042000	      4500	80003ca8	03cd8563	beq	x27,x28,80003cd2	 x27:0xffffffff x28:0x80021e54
       92062000	      4501	80003cac	00d3d363	bge	x7,x13,80003cb2	  x7:0x80000000 x13:0xfffff3f1
       92082000	      4502	80003cb0	8c65	c.and	x8,x9	  x8:0x00000000  x9:0xffff7f7b  x8=0x00000000
       92102000	      4503	80003cb2	4651	c.li	x12,20	 x12=0x00000014
       92142000	      4505	80003cb4	024b18b3	mulh	x17,x22,x4	 x22:0x00000001  x4:0x00000000 x17=0x00000000
       92182000	      4507	80003cb8	c305	c.beqz	x14,80003cd8	 x14:0x00000000
       92282000	      4512	80003cd8	03febf33	mulhu	x30,x29,x31	 x29:0x00000000 x31:0xffffff5b x30=0x00000000
       92842000	      4540	80003cdc	8631	c.srai	x12,0xc	 x12:0x00000014 x12=0x00000000
       92862000	      4541	80003cde	8f1d	c.sub	x14,x15	 x14:0x00000000 x15:0x80025ce4 x14=0x7ffda31c
       93182000	      4557	80003ce0	00218333	add	x6,x3,x2	  x3:0xdfde6416  x2:0xfffffc00  x6=0xdfde6016
       93302000	      4563	80003ce4	80b9	c.srli	x9,0xe	  x9:0xffff7f7b  x9=0x0003fffd
       93322000	      4564	80003ce6	41525ab3	sra	x21,x4,x21	  x4:0x00000000 x21:0x00000000 x21=0x00000000
       93342000	      4565	80003cea	0001	c.addi	x0,0	  x0:0x00000000  x0=0x00000000
       93362000	      4566	80003cec	edbc6213	ori	x4,x24,-293	 x24:0x00000000  x4=0xfffffedb
       93382000	      4567	80003cf0	9b7d	c.andi	x14,-1	 x14:0x7ffda31c x14=0x7ffda31c
       93402000	      4568	80003cf2	12fd	c.addi	x5,-1	  x5:0xdc71d000  x5=0xdc71cfff
       93422000	      4569	80003cf4	0ff0000f	fence	iorw,iorw	
       93622000	      4579	80003cf8	e82a8693	addi	x13,x21,-382	 x21:0x00000000 x13=0xfffffe82
       93642000	      4580	80003cfc	016cc133	xor	x2,x25,x22	 x25:0x00000000 x22:0x00000001  x2=0x00000001
       93822000	      4589	80003d00	95d2	c.add	x11,x20	 x11:0x80025ce1 x20:0x7ffda31d x11=0xfffffffe
       93862000	      4591	80003d02	01fe5263	bge	x28,x31,80003d06	 x28:0x80021e54 x31:0xffffff5b
       93922000	      4594	80003d06	03e871b3	remu	x3,x16,x30	 x16:0x00000000 x30:0x00000000  x3=0x00000000
       93982000	      4597	80003d0a	037c2933	mulhsu	x18,x24,x23	 x24:0x00000000 x23:0x00000000 x18=0x00000000
       94002000	      4598	80003d0e	876d	c.srai	x14,0x1b	 x14:0x7ffda31c x14=0x0000000f
       94062000	      4601	80003d10	8e31	c.xor	x12,x12	 x12:0x00000000 x12:0x00000000 x12=0x00000000
       94082000	      4602	80003d12	8e01	c.sub	x12,x8	 x12:0x00000000  x8:0x00000000 x12=0x00000000
       94182000	      4607	80003d14	ed276db7	lui	x27,0xed276	 x27=0xed276000
       94202000	      4608	80003d18	026e7663	bgeu	x28,x6,80003d44	 x28:0x80021e54  x6:0xdfde6016
       94222000	      4609	80003d1c	8e85	c.sub	x13,x9	 x13:0xfffffe82  x9:0x0003fffd x13=0xfffbfe85
       94242000	      4610	80003d1e	ad8fb493	sltiu	x9,x31,-1320	 x31:0xffffff5b  x9=0x00000000
       94262000	      4611	80003d22	41b35c13	srai	x24,x6,0x1b	  x6:0xdfde6016 x24=0xfffffffb
       94302000	      4613	80003d26	007368b3	or	x17,x6,x7	  x6:0xdfde6016  x7:0x80000000 x17=0xdfde6016
       94322000	      4614	80003d2a	6619	c.lui	x12,0x6	 x12=0x00006000
       94722000	      4634	80003d2c	03ea7c63	bgeu	x20,x30,80003d64	 x20:0x7ffda31d x30:0x00000000
       95022000	      4649	80003d64	84c1	c.srai	x9,0x10	  x9:0x00000000  x9=0x00000000
       95042000	      4650	80003d66	c1767993	andi	x19,x12,-1001	 x12:0x00006000 x19=0x00006000
       95462000	      4671	80003d6a	5e7d3513	sltiu	x10,x26,1511	 x26:0x80000014 x10=0x00000000
       95582000	      4677	80003d6e	01ce9f33	sll	x30,x29,x28	 x29:0x00000000 x28:0x80021e54 x30=0x00000000
       95602000	      4678	80003d72	e219	c.bnez	x12,80003d78	 x12:0x00006000
       96282000	      4712	80003d78	18fd	c.addi	x17,-1	 x17:0xdfde6016 x17=0xdfde6015
       96702000	      4733	80003d7a	000a1313	slli	x6,x20,0x0	 x20:0x7ffda31d  x6=0x7ffda31d
       96902000	      4743	80003d7e	015f9113	slli	x2,x31,0x15	 x31:0xffffff5b  x2=0xeb600000
       97322000	      4764	80003d82	581cbd93	sltiu	x27,x25,1409	 x25:0x00000000 x27=0x00000001
       97342000	      4765	80003d86	0200d963	bge	x1,x0,80003db8	  x1:0x000000c0  x0:0x00000000
       97542000	      4775	80003db8	9846	c.add	x16,x17	 x16:0x00000000 x17:0xdfde6015 x16=0xdfde6015
       97562000	      4776	80003dba	9916	c.add	x18,x5	 x18:0x00000000  x5:0xdc71cfff x18=0xdc71cfff
       97642000	      4780	80003dbc	776e29b7	lui	x19,0x776e2	 x19=0x776e2000
       97722000	      4784	80003dc0	01d16563	bltu	x2,x29,80003dca	  x2:0xeb600000 x29:0x00000000
       97742000	      4785	80003dc4	0001	c.addi	x0,0	  x0:0x00000000  x0=0x00000000
       97762000	      4786	80003dc6	ce95	c.beqz	x13,80003e02	 x13:0xfffbfe85
       97782000	      4787	80003dc8	0001	c.addi	x0,0	  x0:0x00000000  x0=0x00000000
       97802000	      4788	80003dca	807d	c.srli	x8,0x1f	  x8:0x00000000  x8=0x00000000
       97862000	      4791	80003dcc	059df063	bgeu	x27,x25,80003e0c	 x27:0x00000001 x25:0x00000000
       98362000	      4816	80003e0c	00fab033	sltu	x0,x21,x15	 x21:0x00000000 x15:0x80025ce4  x0=0x00000000
       98682000	      4832	80003e10	003109b3	add	x19,x2,x3	  x2:0xeb600000  x3:0x00000000 x19=0xeb600000
       98762000	      4836	80003e14	03c96663	bltu	x18,x28,80003e40	 x18:0xdc71cfff x28:0x80021e54
       98842000	      4840	80003e18	007f5a33	srl	x20,x30,x7	 x30:0x00000000  x7:0x80000000 x20=0x00000000
       98862000	      4841	80003e1c	cd244013	xori	x0,x8,-814	  x8:0x00000000  x0=0x00000000
       98882000	      4842	80003e20	01b76133	or	x2,x14,x27	 x14:0x0000000f x27:0x00000001  x2=0x0000000f
       98902000	      4843	80003e24	0ff0000f	fence	iorw,iorw	
       98922000	      4844	80003e28	0001	c.addi	x0,0	  x0:0x00000000  x0=0x00000000
       99342000	      4865	80003e2a	0026b733	sltu	x14,x13,x2	 x13:0xfffbfe85  x2:0x0000000f x14=0x00000000
       99542000	      4875	80003e2e	038f0f63	beq	x30,x24,80003e6c	 x30:0x00000000 x24:0xfffffffb
       99562000	      4876	80003e32	e185	c.bnez	x11,80003e52	 x11:0xfffffffe
       99822000	      4889	80003e52	86b1	c.srai	x13,0xc	 x13:0xfffbfe85 x13=0xffffffbf
       99862000	      4891	80003e54	02375d33	divu	x26,x14,x3	 x14:0x00000000  x3:0x00000000 x26=0xffffffff
       99922000	      4894	80003e58	031c90b3	mulh	x1,x25,x17	 x25:0x00000000 x17:0xdfde6015  x1=0x00000000
      100062000	      4901	80003e5c	8f11	c.sub	x14,x12	 x14:0x00000000 x12:0x00006000 x14=0xffffa000
      100482000	      4922	80003e5e	407e5633	sra	x12,x28,x7	 x28:0x80021e54  x7:0x80000000 x12=0x80021e54
      100522000	      4924	80003e62	02e6abb3	mulhsu	x23,x13,x14	 x13:0xffffffbf x14:0xffffa000 x23=0xffffffbf
      100542000	      4925	80003e66	987d	c.andi	x8,-1	  x8:0x00000000  x8=0x00000000
      100602000	      4928	80003e68	019c4233	xor	x4,x24,x25	 x24:0xfffffffb x25:0x00000000  x4=0xfffffffb
      100662000	      4931	80003e6c	40d308b3	sub	x17,x6,x13	  x6:0x7ffda31d x13:0xffffffbf x17=0x7ffda35e
      101082000	      4952	80003e70	8f65	c.and	x14,x9	 x14:0xffffa000  x9:0x00000000 x14=0x00000000
      101102000	      4953	80003e72	0180fc33	and	x24,x1,x24	  x1:0x00000000 x24:0xfffffffb x24=0x00000000
      101122000	      4954	80003e76	01916563	bltu	x2,x25,80003e80	  x2:0x0000000f x25:0x00000000
      101262000	      4961	80003e7a	02bfd363	bge	x31,x11,80003ea0	 x31:0xffffff5b x11:0xfffffffe
      101282000	      4962	80003e7e	717d	c.addi16sp	x2,-16	  x2:0x0000000f  x2=0xffffffff
      101302000	      4963	80003e80	9afd	c.andi	x13,-1	 x13:0xffffffbf x13=0xffffffbf
      101322000	      4964	80003e82	8de5	c.and	x11,x9	 x11:0xfffffffe  x9:0x00000000 x11=0x00000000
      101342000	      4965	80003e84	8d95	c.sub	x11,x13	 x11:0x00000000 x13:0xffffffbf x11=0x00000041
      101622000	      4979	80003e86	2ed1ea93	ori	x21,x3,749	  x3:0x00000000 x21=0x000002ed
      101642000	      4980	80003e8a	8f71	c.and	x14,x12	 x14:0x00000000 x12:0x80021e54 x14=0x00000000
      101662000	      4981	80003e8c	41cadb93	srai	x23,x21,0x1c	 x21:0x000002ed x23=0x00000000
      101682000	      4982	80003e90	e8007693	andi	x13,x0,-384	  x0:0x00000000 x13=0x00000000
      101942000	      4995	80003e94	8f05	c.sub	x14,x9	 x14:0x00000000  x9:0x00000000 x14=0x00000000
      101962000	      4996	80003e96	8e4d	c.or	x12,x11	 x12:0x80021e54 x11:0x00000041 x12=0x80021e55
      101982000	      4997	80003e98	00b1deb3	srl	x29,x3,x11	  x3:0x00000000 x11:0x00000041 x29=0x00000000
      102062000	      5001	80003e9c	0001	c.addi	x0,0	  x0:0x00000000  x0=0x00000000
      102082000	      5002	80003e9e	8e69	c.and	x12,x10	 x12:0x80021e55 x10:0x00000000 x12=0x00000000
      102102000	      5003	80003ea0	c415	c.beqz	x8,80003ecc	  x8:0x00000000
      102242000	      5010	80003ecc	4112df33	sra	x30,x5,x17	  x5:0xdc71cfff x17:0x7ffda35e x30=0xffffffff
      102482000	      5022	80003ed0	6495	c.lui	x9,0x5	  x9=0x00005000
      102502000	      5023	80003ed2	01f46663	bltu	x8,x31,80003ede	  x8:0x00000000 x31:0xffffff5b
      102762000	      5036	80003ede	07dca713	slti	x14,x25,125	 x25:0x00000000 x14=0x00000001
      102782000	      5037	80003ee2	8b05	c.andi	x14,1	 x14:0x00000001 x14=0x00000001
      102802000	      5038	80003ee4	00808533	add	x10,x1,x8	  x1:0x00000000  x8:0x00000000 x10=0x00000000
      102822000	      5039	80003ee8	8a81	c.andi	x13,0	 x13:0x00000000 x13=0x00000000
      102842000	      5040	80003eea	62a5	c.lui	x5,0x9	  x5=0x00009000
      102862000	      5041	80003eec	014e65b3	or	x11,x28,x20	 x28:0x80021e54 x20:0x00000000 x11=0x80021e54
      102982000	      5047	80003ef0	0186df63	bge	x13,x24,80003f0e	 x13:0x00000000 x24:0x00000000
      104022000	      5099	80003f0e	02c09bb3	mulh	x23,x1,x12	  x1:0x00000000 x12:0x00000000 x23=0x00000000
      104422000	      5119	80003f12	5efb4b93	xori	x23,x22,1519	 x22:0x00000001 x23=0x000005ee
      104602000	      5128	80003f16	02c3e263	bltu	x7,x12,80003f3a	  x7:0x80000000 x12:0x00000000
      104622000	      5129	80003f1a	011c0ab3	add	x21,x24,x17	 x24:0x00000000 x17:0x7ffda35e x21=0x7ffda35e
      104762000	      5136	80003f1e	40f58c33	sub	x24,x11,x15	 x11:0x80021e54 x15:0x80025ce4 x24=0xffffc170
      104782000	      5137	80003f22	004c9133	sll	x2,x25,x4	 x25:0x00000000  x4:0xfffffffb  x2=0x00000000
      104802000	      5138	80003f26	e81bba13	sltiu	x20,x23,-383	 x23:0x000005ee x20=0x00000001
      104822000	      5139	80003f2a	032f0bb3	mul	x23,x30,x18	 x30:0xffffffff x18:0xdc71cfff x23=0x238e3001
      104842000	      5140	80003f2e	9afd	c.andi	x13,-1	 x13:0x00000000 x13=0x00000000
      104862000	      5141	80003f30	02875b17	auipc	x22,0x2875	 x22=0x82878f30
      104882000	      5142	80003f34	34320117	auipc	x2,0x34320	  x2=0xb4323f34
      105102000	      5153	80003f38	06ce	c.slli	x13,0x13	 x13:0x00000000 x13=0x00000000
      105122000	      5154	80003f3a	01525f63	bge	x4,x21,80003f58	  x4:0xfffffffb x21:0x7ffda35e
      105382000	      5167	80003f3e	01006fb3	or	x31,x0,x16	  x0:0x00000000 x16:0xdfde6015 x31=0xdfde6015
      108362000	      5316	80003f42	50fd	c.li	x1,-1	  x1=0xffffffff
      108382000	      5317	80003f44	551de813	ori	x16,x27,1361	 x27:0x00000001 x16=0x00000551
      108402000	      5318	80003f48	8f65	c.and	x14,x9	 x14:0x00000001  x9:0x00005000 x14=0x00000000
      108422000	      5319	80003f4a	0001	c.addi	x0,0	  x0:0x00000000  x0=0x00000000
      108442000	      5320	80003f4c	000a5613	srli	x12,x20,0x0	 x20:0x00000001 x12=0x00000001
      108462000	      5321	80003f50	80a1	c.srli	x9,0x8	  x9:0x00005000  x9=0x00000050
      108482000	      5322	80003f52	46374413	xori	x8,x14,1123	 x14:0x00000000  x8=0x00000463
      108502000	      5323	80003f56	847d	c.srai	x8,0x1f	  x8:0x00000463  x8=0x00000000
      108522000	      5324	80003f58	d3036e93	ori	x29,x6,-720	  x6:0x7ffda31d x29=0xffffff3d
      108542000	      5325	80003f5c	97c4ad13	slti	x26,x9,-1668	  x9:0x00000050 x26=0x00000000
      109282000	      5362	80003f60	02c34cb3	div	x25,x6,x12	  x6:0x7ffda31d x12:0x00000001 x25=0x7ffda31d
      109302000	      5363	80003f64	e811	c.bnez	x8,80003f78	  x8:0x00000000
      109342000	      5365	80003f66	0348a333	mulhsu	x6,x17,x20	 x17:0x7ffda35e x20:0x00000001  x6=0x00000000
      109362000	      5366	80003f6a	021cc863	blt	x25,x1,80003f9a	 x25:0x7ffda31d  x1:0xffffffff
      109382000	      5367	80003f6e	ca11	c.beqz	x12,80003f82	 x12:0x00000001
      109402000	      5368	80003f70	c58d	c.beqz	x11,80003f9a	 x11:0x80021e54
      109442000	      5370	80003f72	035b2233	mulhsu	x4,x22,x21	 x22:0x82878f30 x21:0x7ffda35e  x4=0xc144efef
      109462000	      5371	80003f76	6af1	c.lui	x21,0x1c	 x21=0x0001c000
      109482000	      5372	80003f78	037c0363	beq	x24,x23,80003f9e	 x24:0xffffc170 x23:0x238e3001
      109502000	      5373	80003f7c	951e	c.add	x10,x7	 x10:0x00000000  x7:0x80000000 x10=0x80000000
      109642000	      5380	80003f7e	cf60b213	sltiu	x4,x1,-778	  x1:0xffffffff  x4=0x00000000
      109662000	      5381	80003f82	006cc833	xor	x16,x25,x6	 x25:0x7ffda31d  x6:0x00000000 x16=0x7ffda31d
      109682000	      5382	80003f86	8e89	c.sub	x13,x10	 x13:0x00000000 x10:0x80000000 x13=0x80000000
      110022000	      5399	80003f88	8875	c.andi	x8,29	  x8:0x00000000  x8=0x00000000
      110042000	      5400	80003f8a	9c3a	c.add	x24,x14	 x24:0xffffc170 x14:0x00000000 x24=0xffffc170
      110442000	      5420	80003f8c	e50d	c.bnez	x10,80003fb6	 x10:0x80000000
      112102000	      5503	80003fb6	02ade333	rem	x6,x27,x10	 x27:0x00000001 x10:0x80000000  x6=0x00000001
      112122000	      5504	80003fba	0001	c.addi	x0,0	  x0:0x00000000  x0=0x00000000
      112142000	      5505	80003fbc	0000100f	fence.i	
      112962000	      5546	80003fc0	03317cb3	remu	x25,x2,x19	  x2:0xb4323f34 x19:0xeb600000 x25=0xb4323f34
      112982000	      5547	80003fc4	717d	c.addi16sp	x2,-16	  x2:0xb4323f34  x2=0xb4323f24
      113002000	      5548	80003fc6	01247333	and	x6,x8,x18	  x8:0x00000000 x18:0xdc71cfff  x6=0x00000000
      113022000	      5549	80003fca	77e86e97	auipc	x29,0x77e86	 x29=0xf7e89fca
      113042000	      5550	80003fce	197d	c.addi	x18,-1	 x18:0xdc71cfff x18=0xdc71cffe
      113062000	      5551	80003fd0	40695113	srai	x2,x18,0x6	 x18:0xdc71cffe  x2=0xff71c73f
      113082000	      5552	80003fd4	1c7d	c.addi	x24,-1	 x24:0xffffc170 x24=0xffffc16f
      113122000	      5554	80003fd6	02ba1633	mulh	x12,x20,x11	 x20:0x00000001 x11:0x80021e54 x12=0xffffffff
      113142000	      5555	80003fda	0001	c.addi	x0,0	  x0:0x00000000  x0=0x00000000
      113162000	      5556	80003fdc	01279463	bne	x15,x18,80003fe4	 x15:0x80025ce4 x18:0xdc71cffe
      113822000	      5589	80003fe4	54ca6337	lui	x6,0x54ca6	  x6=0x54ca6000
      114242000	      5610	80003fe8	009f1db3	sll	x27,x30,x9	 x30:0xffffffff  x9:0x00000050 x27=0xffff0000
      114282000	      5612	80003fec	bf286e93	ori	x29,x16,-1038	 x16:0x7ffda31d x29=0xfffffbff
      114382000	      5617	80003ff0	9c1e	c.add	x24,x7	 x24:0xffffc16f  x7:0x80000000 x24=0x7fffc16f
      114402000	      5618	80003ff2	827d	c.srli	x12,0x1f	 x12:0xffffffff x12=0x00000001
      114422000	      5619	80003ff4	1298	c.addi4spn	x14,x2,352	 x14=0xff71c89f
      114442000	      5620	80003ff6	0ff0000f	fence	iorw,iorw	
      114462000	      5621	80003ffa	8831	c.andi	x8,12	  x8:0x00000000  x8=0x00000000
      114802000	      5638	80003ffc	017f5133	srl	x2,x30,x23	 x30:0xffffffff x23:0x238e3001  x2=0x7fffffff
      115142000	      5655	80004000	012d1833	sll	x16,x26,x18	 x26:0x00000000 x18:0xdc71cffe x16=0x00000000
      115162000	      5656	80004004	0001	c.addi	x0,0	  x0:0x00000000  x0=0x00000000
      115462000	      5671	80004006	41785933	sra	x18,x16,x23	 x16:0x00000000 x23:0x238e3001 x18=0x00000000
      115482000	      5672	8000400a	8e85e537	lui	x10,0x8e85e	 x10=0x8e85e000
      115502000	      5673	8000400e	8eb1	c.xor	x13,x12	 x13:0x80000000 x12:0x00000001 x13=0x80000001
      115522000	      5674	80004010	0016f0b3	and	x1,x13,x1	 x13:0x80000001  x1:0xffffffff  x1=0x80000001
      116262000	      5711	80004014	0384cf33	div	x30,x9,x24	  x9:0x00000050 x24:0x7fffc16f x30=0x00000000
      116282000	      5712	80004018	8d49	c.or	x10,x10	 x10:0x8e85e000 x10:0x8e85e000 x10=0x8e85e000
      116302000	      5713	8000401a	01f80363	beq	x16,x31,80004020	 x16:0x00000000 x31:0xdfde6015
      116322000	      5714	8000401e	8aee	c.mv	x21,x27	  x0:0x00000000 x27:0xffff0000 x21=0xffff0000
      116342000	      5715	80004020	05cae163	bltu	x21,x28,80004062	 x21:0xffff0000 x28:0x80021e54
      116362000	      5716	80004024	557d	c.li	x10,-1	 x10=0xffffffff
      116382000	      5717	80004026	0001	c.addi	x0,0	  x0:0x00000000  x0=0x00000000
      116542000	      5725	80004028	01cb3c33	sltu	x24,x22,x28	 x22:0x82878f30 x28:0x80021e54 x24=0x00000000
      116662000	      5731	8000402c	ed15	c.bnez	x10,80004068	 x10:0xffffffff
      117762000	      5786	80004068	03ef4f63	blt	x30,x30,800040a6	 x30:0x00000000 x30:0x00000000
      117802000	      5788	8000406c	8371	c.srli	x14,0x1c	 x14:0xff71c89f x14=0x0000000f
      118182000	      5807	8000406e	ce48ce93	xori	x29,x17,-796	 x17:0x7ffda35e x29=0x80025fba
      118202000	      5808	80004072	eb15	c.bnez	x14,800040a6	 x14:0x0000000f
      119122000	      5854	800040a6	41d15293	srai	x5,x2,0x1d	  x2:0x7fffffff  x5=0x00000003
      119222000	      5859	800040aa	03a6c863	blt	x13,x26,800040da	 x13:0x80000001 x26:0x00000000
      119902000	      5893	800040da	03f7fa13	andi	x20,x15,63	 x15:0x80025ce4 x20=0x00000024
      119922000	      5894	800040de	00ed8933	add	x18,x27,x14	 x27:0xffff0000 x14:0x0000000f x18=0xffff000f
      119962000	      5896	800040e2	03271363	bne	x14,x18,80004108	 x14:0x0000000f x18:0xffff000f
      120702000	      5933	80004108	9b7d	c.andi	x14,-1	 x14:0x0000000f x14=0x0000000f
      120722000	      5934	8000410a	8ae6	c.mv	x21,x25	  x0:0x00000000 x25:0xb4323f34 x21=0xb4323f34
      120742000	      5935	8000410c	013b6b63	bltu	x22,x19,80004122	 x22:0x82878f30 x19:0xeb600000
      121022000	      5949	80004122	0000100f	fence.i	
      121942000	      5995	80004126	009ec4b3	xor	x9,x29,x9	 x29:0x80025fba  x9:0x00000050  x9=0x80025fea
      121962000	      5996	8000412a	0001	c.addi	x0,0	  x0:0x00000000  x0=0x00000000
      122222000	      6009	8000412c	8aefa213	slti	x4,x31,-1874	 x31:0xdfde6015  x4=0x00000001
      122422000	      6019	80004130	693d	c.lui	x18,0xf	 x18=0x0000f000
      122622000	      6029	80004132	00f25913	srli	x18,x4,0xf	  x4:0x00000001 x18=0x00000000
      123042000	      6050	80004136	01140863	beq	x8,x17,80004146	  x8:0x00000000 x17:0x7ffda35e
      123062000	      6051	8000413a	01cc0263	beq	x24,x28,8000413e	 x24:0x00000000 x28:0x80021e54
      123082000	      6052	8000413e	40eadb13	srai	x22,x21,0xe	 x21:0xb4323f34 x22=0xfffed0c8
      123102000	      6053	80004142	b3ecb293	sltiu	x5,x25,-1218	 x25:0xb4323f34  x5=0x00000001
      123122000	      6054	80004146	8ded	c.and	x11,x11	 x11:0x80021e54 x11:0x80021e54 x11=0x80021e54
      123142000	      6055	80004148	0278eb63	bltu	x17,x7,8000417e	 x17:0x7ffda35e  x7:0x80000000
      123582000	      6077	8000417e	0000100f	fence.i	
      124122000	      6104	80004182	0167d363	bge	x15,x22,80004188	 x15:0x80025ce4 x22:0xfffed0c8
      124142000	      6105	80004186	0001	c.addi	x0,0	  x0:0x00000000  x0=0x00000000
      124162000	      6106	80004188	016bd233	srl	x4,x23,x22	 x23:0x238e3001 x22:0xfffed0c8  x4=0x00238e30
      124182000	      6107	8000418c	8c49	c.or	x8,x10	  x8:0x00000000 x10:0xffffffff  x8=0xffffffff
      124202000	      6108	8000418e	0e94	c.addi4spn	x13,x2,848	 x13=0x8000034f
      124482000	      6122	80004190	01aa1113	slli	x2,x20,0x1a	 x20:0x00000024  x2=0x90000000
      124902000	      6143	80004194	76d96f17	auipc	x30,0x76d96	 x30=0xf6d9a194
      125022000	      6149	80004198	c805	c.beqz	x8,800041c8	  x8:0xffffffff
      125042000	      6150	8000419a	80c1	c.srli	x9,0x10	  x9:0x80025fea  x9=0x00008002
      125142000	      6155	8000419c	0cc5	c.addi	x25,17	 x25:0xb4323f34 x25=0xb4323f45
      125162000	      6156	8000419e	1600	c.addi4spn	x8,x2,800	  x8=0x90000320
      125182000	      6157	800041a0	4f5bfb13	andi	x22,x23,1269	 x23:0x238e3001 x22=0x00000001
      125202000	      6158	800041a4	40205b33	sra	x22,x0,x2	  x0:0x00000000  x2:0x90000000 x22=0x00000000
      125222000	      6159	800041a8	0599	c.addi	x11,6	 x11:0x80021e54 x11=0x80021e5a
      125242000	      6160	800041aa	81b1	c.srli	x11,0xc	 x11:0x80021e5a x11=0x00080021
      125382000	      6167	800041ac	5f7d	c.li	x30,-1	 x30=0xffffffff
      125582000	      6177	800041ae	01335d13	srli	x26,x6,0x13	  x6:0x54ca6000 x26=0x00000a99
      125622000	      6179	800041b2	02e82333	mulhsu	x6,x16,x14	 x16:0x00000000 x14:0x0000000f  x6=0x00000000
      125942000	      6195	800041b6	01709813	slli	x16,x1,0x17	  x1:0x80000001 x16=0x00800000
      126362000	      6216	800041ba	59854a13	xori	x20,x10,1432	 x10:0xffffffff x20=0xfffffa67
      126402000	      6218	800041be	02f9bcb3	mulhu	x25,x19,x15	 x19:0xeb600000 x15:0x80025ce4 x25=0x75b22c28
      126422000	      6219	800041c2	8641	c.srai	x12,0x10	 x12:0x00000001 x12=0x00000000
      126442000	      6220	800041c4	400f8933	sub	x18,x31,x0	 x31:0xdfde6015  x0:0x00000000 x18=0xdfde6015
      126622000	      6229	800041c8	418502b3	sub	x5,x10,x24	 x10:0xffffffff x24:0x00000000  x5=0xffffffff
      126642000	      6230	800041cc	0001	c.addi	x0,0	  x0:0x00000000  x0=0x00000000
      126822000	      6239	800041ce	01587313	andi	x6,x16,21	 x16:0x00800000  x6=0x00000000
      126842000	      6240	800041d2	832c2493	slti	x9,x24,-1998	 x24:0x00000000  x9=0x00000000
      126982000	      6247	800041d6	24bebf13	sltiu	x30,x29,587	 x29:0x80025fba x30=0x00000000
      127002000	      6248	800041da	8425	c.srai	x8,0x9	  x8:0x90000320  x8=0xffc80001
      127122000	      6254	800041dc	00a89b93	slli	x23,x17,0xa	 x17:0x7ffda35e x23=0xf68d7800
      127862000	      6291	800041e0	028bccb3	div	x25,x23,x8	 x23:0xf68d7800  x8:0xffc80001 x25=0x0000002b
      128602000	      6328	800041e4	02217f33	remu	x30,x2,x2	  x2:0x90000000  x2:0x90000000 x30=0x00000000
      128622000	      6329	800041e8	41785513	srai	x10,x16,0x17	 x16:0x00800000 x10=0x00000001
      128642000	      6330	800041ec	01494733	xor	x14,x18,x20	 x18:0xdfde6015 x20:0xfffffa67 x14=0x20219a72
      128662000	      6331	800041f0	85b0adb7	lui	x27,0x85b0a	 x27=0x85b0a000
      128682000	      6332	800041f4	8e85	c.sub	x13,x9	 x13:0x8000034f  x9:0x00000000 x13=0x8000034f
      128702000	      6333	800041f6	02541563	bne	x8,x5,80004220	  x8:0xffc80001  x5:0xffffffff
      128842000	      6340	80004220	0024b133	sltu	x2,x9,x2	  x9:0x00000000  x2:0x90000000  x2=0x00000001
      128882000	      6342	80004224	02cba033	mulhsu	x0,x23,x12	 x23:0xf68d7800 x12:0x00000000  x0=0x00000000
      128922000	      6344	80004228	03e94c33	div	x24,x18,x30	 x18:0xdfde6015 x30:0x00000000 x24=0xffffffff
      129382000	      6367	8000422c	8425	c.srai	x8,0x9	  x8:0xffc80001  x8=0xffffe400
      129402000	      6368	8000422e	00265d13	srli	x26,x12,0x2	 x12:0x00000000 x26=0x00000000
      129422000	      6369	80004232	055c1063	bne	x24,x21,80004272	 x24:0xffffffff x21:0xb4323f34
      130182000	      6407	80004272	8dd5	c.or	x11,x13	 x11:0x00080021 x13:0x8000034f x11=0x8008036f
      130222000	      6409	80004274	c9967513	andi	x10,x12,-871	 x12:0x00000000 x10=0x00000000
      130242000	      6410	80004278	013732b3	sltu	x5,x14,x19	 x14:0x20219a72 x19:0xeb600000  x5=0x00000001
      130262000	      6411	8000427c	0135b933	sltu	x18,x11,x19	 x11:0x8008036f x19:0xeb600000 x18=0x00000001
      130282000	      6412	80004280	4127da13	srai	x20,x15,0x12	 x15:0x80025ce4 x20=0xffffe000
      130302000	      6413	80004284	6f102613	slti	x12,x0,1777	  x0:0x00000000 x12=0x00000001
      130462000	      6421	80004288	40d85a13	srai	x20,x16,0xd	 x16:0x00800000 x20=0x00000400
      131202000	      6458	8000428c	039bf033	remu	x0,x23,x25	 x23:0xf68d7800 x25:0x0000002b  x0=0x00000000
      131222000	      6459	80004290	036d86b3	mul	x13,x27,x22	 x27:0x85b0a000 x22:0x00000000 x13=0x00000000
      131242000	      6460	80004294	00244363	blt	x8,x2,8000429a	  x8:0xffffe400  x2:0x00000001
      131322000	      6464	8000429a	03c3b5b3	mulhu	x11,x7,x28	  x7:0x80000000 x28:0x80021e54 x11=0x40010f2a
      131342000	      6465	8000429e	037c4463	blt	x24,x23,800042c6	 x24:0xffffffff x23:0xf68d7800
      131362000	      6466	800042a2	8e81	c.sub	x13,x8	 x13:0x00000000  x8:0xffffe400 x13=0x00001c00
      131382000	      6467	800042a4	95a01317	auipc	x6,0x95a01	  x6=0x15a052a4
      131542000	      6475	800042a8	84a1	c.srai	x9,0x8	  x9:0x00000000  x9=0x00000000
      131562000	      6476	800042aa	8de5	c.and	x11,x9	 x11:0x40010f2a  x9:0x00000000 x11=0x00000000
      131582000	      6477	800042ac	e615	c.bnez	x12,800042d8	 x12:0x00000001
      132062000	      6501	800042d8	7d90fb17	auipc	x22,0x7d90f	 x22=0xfd9132d8
      132082000	      6502	800042dc	3e648c13	addi	x24,x9,998	  x9:0x00000000 x24=0x000003e6
      132222000	      6509	800042e0	41560333	sub	x6,x12,x21	 x12:0x00000001 x21:0xb4323f34  x6=0x4bcdc0cd
      132642000	      6530	800042e4	95e6b293	sltiu	x5,x13,-1698	 x13:0x00001c00  x5=0x00000001
      132662000	      6531	800042e8	0131e833	or	x16,x3,x19	  x3:0x00000000 x19:0xeb600000 x16=0xeb600000
      133082000	      6552	800042ec	400cdcb3	sra	x25,x25,x0	 x25:0x0000002b  x0:0x00000000 x25=0x0000002b
      133102000	      6553	800042f0	0f88	c.addi4spn	x10,x2,976	 x10=0x000003d1
      133182000	      6557	800042f2	014cf563	bgeu	x25,x20,800042fc	 x25:0x0000002b x20:0x00000400
      133202000	      6558	800042f6	0001	c.addi	x0,0	  x0:0x00000000  x0=0x00000000
      133282000	      6562	800042f8	0178ef33	or	x30,x17,x23	 x17:0x7ffda35e x23:0xf68d7800 x30=0xfffdfb5e
      133482000	      6572	800042fc	6b71	c.lui	x22,0x1c	 x22=0x0001c000
      133502000	      6573	800042fe	8b9ca493	slti	x9,x25,-1863	 x25:0x0000002b  x9=0x00000000
      133522000	      6574	80004302	012cdb13	srli	x22,x25,0x12	 x25:0x0000002b x22=0x00000000
      133802000	      6588	80004306	7238fe93	andi	x29,x17,1827	 x17:0x7ffda35e x29=0x00000302
      133922000	      6594	8000430a	00af61b3	or	x3,x30,x10	 x30:0xfffdfb5e x10:0x000003d1  x3=0xfffdfbdf
      133942000	      6595	8000430e	0001	c.addi	x0,0	  x0:0x00000000  x0=0x00000000
      133962000	      6596	80004310	0ff0000f	fence	iorw,iorw	
      133982000	      6597	80004314	c4182d93	slti	x27,x16,-959	 x16:0xeb600000 x27=0x00000001
      134022000	      6599	80004318	028a3033	mulhu	x0,x20,x8	 x20:0x00000400  x8:0xffffe400  x0=0x00000000
      134402000	      6618	8000431c	018c9993	slli	x19,x25,0x18	 x25:0x0000002b x19=0x2b000000
      134422000	      6619	80004320	027dc863	blt	x27,x7,80004350	 x27:0x00000001  x7:0x80000000
      134442000	      6620	80004324	c205	c.beqz	x12,80004344	 x12:0x00000001
      135182000	      6657	80004326	02f0f8b3	remu	x17,x1,x15	  x1:0x80000001 x15:0x80025ce4 x17=0x80000001
      135202000	      6658	8000432a	01fd7763	bgeu	x26,x31,80004338	 x26:0x00000000 x31:0xdfde6015
      135222000	      6659	8000432e	8739	c.srai	x14,0xe	 x14:0x20219a72 x14=0x00008086
      135242000	      6660	80004330	fda67993	andi	x19,x12,-38	 x12:0x00000001 x19=0x00000000
      135262000	      6661	80004334	0ff0000f	fence	iorw,iorw	
      136002000	      6698	80004338	03867033	remu	x0,x12,x24	 x12:0x00000001 x24:0x000003e6  x0=0x00000000
      136022000	      6699	8000433c	0ff0000f	fence	iorw,iorw	
      136062000	      6701	80004340	03cd3533	mulhu	x10,x26,x28	 x26:0x00000000 x28:0x80021e54 x10=0x00000000
      136082000	      6702	80004344	03a60bb3	mul	x23,x12,x26	 x12:0x00000001 x26:0x00000000 x23=0x00000000
      136102000	      6703	80004348	00911d93	slli	x27,x2,0x9	  x2:0x00000001 x27=0x00000200
      136122000	      6704	8000434c	01a8ff63	bgeu	x17,x26,8000436a	 x17:0x80000001 x26:0x00000000
      136442000	      6720	8000436a	02eb0d63	beq	x22,x14,800043a4	 x22:0x00000000 x14:0x00008086
      136462000	      6721	8000436e	02da8963	beq	x21,x13,800043a0	 x21:0xb4323f34 x13:0x00001c00
      136542000	      6725	80004372	03001763	bne	x0,x16,800043a0	  x0:0x00000000 x16:0xeb600000
      137362000	      6766	800043a0	0a21	c.addi	x20,8	 x20:0x00000400 x20=0x00000408
      137382000	      6767	800043a2	1d88	c.addi4spn	x10,x2,752	 x10=0x000002f1
      137402000	      6768	800043a4	c80d	c.beqz	x8,800043d6	  x8:0xffffe400
      137422000	      6769	800043a6	85b5	c.srai	x11,0xd	 x11:0x00000000 x11=0x00000000
      137442000	      6770	800043a8	cb1b06b7	lui	x13,0xcb1b0	 x13=0xcb1b0000
      137462000	      6771	800043ac	0000100f	fence.i	
      137942000	      6795	800043b0	00501a93	slli	x21,x0,0x5	  x0:0x00000000 x21=0x00000000
      137962000	      6796	800043b4	064e	c.slli	x12,0x13	 x12:0x00000001 x12=0x00080000
      137982000	      6797	800043b6	00ff1fb3	sll	x31,x30,x15	 x30:0xfffdfb5e x15:0x80025ce4 x31=0xffdfb5e0
      138002000	      6798	800043ba	8115	c.srli	x10,0x5	 x10:0x000002f1 x10=0x00000017
      138402000	      6818	800043bc	0f3ee013	ori	x0,x29,243	 x29:0x00000302  x0=0x00000000
      138502000	      6823	800043c0	8e01	c.sub	x12,x8	 x12:0x00080000  x8:0xffffe400 x12=0x00081c00
      138562000	      6826	800043c2	00bf70b3	and	x1,x30,x11	 x30:0xfffdfb5e x11:0x00000000  x1=0x00000000
      138702000	      6833	800043c6	002e3233	sltu	x4,x28,x2	 x28:0x80021e54  x2:0x00000001  x4=0x00000000
      138722000	      6834	800043ca	ea85	c.bnez	x13,800043fa	 x13:0xcb1b0000
      138862000	      6841	800043fa	1f80	c.addi4spn	x8,x2,1008	  x8=0x000003f1
      138882000	      6842	800043fc	00e14933	xor	x18,x2,x14	  x2:0x00000001 x14:0x00008086 x18=0x00008087
      138902000	      6843	80004400	8e09	c.sub	x12,x10	 x12:0x00081c00 x10:0x00000017 x12=0x00081be9
      139322000	      6864	80004402	015e3733	sltu	x14,x28,x21	 x28:0x80021e54 x21:0x00000000 x14=0x00000000
      139682000	      6882	80004406	00f51593	slli	x11,x10,0xf	 x10:0x00000017 x11=0x000b8000
      139702000	      6883	8000440a	167d	c.addi	x12,-1	 x12:0x00081be9 x12=0x00081be8
      139862000	      6891	8000440c	c109	c.beqz	x10,8000440e	 x10:0x00000017
      139882000	      6892	8000440e	02666163	bltu	x12,x6,80004430	 x12:0x00081be8  x6:0x4bcdc0cd
      140162000	      6906	80004430	4581	c.li	x11,0	 x11=0x00000000
      140322000	      6914	80004432	02a706b3	mul	x13,x14,x10	 x14:0x00000000 x10:0x00000017 x13=0x00000000
      154822000	      7639	80004436	001dcdb3	xor	x27,x27,x1	 x27:0x00000200  x1:0x00000000 x27=0x00000200
      154842000	      7640	8000443a	c711	c.beqz	x14,80004446	 x14:0x00000000
      155222000	      7659	80004446	01201133	sll	x2,x0,x18	  x0:0x00000000 x18:0x00008087  x2=0x00000000
      155242000	      7660	8000444a	26e5b213	sltiu	x4,x11,622	 x11:0x00000000  x4=0x00000001
      155262000	      7661	8000444e	8e61	c.and	x12,x8	 x12:0x00081be8  x8:0x000003f1 x12=0x000003e0
      155282000	      7662	80004450	006e3033	sltu	x0,x28,x6	 x28:0x80021e54  x6:0x4bcdc0cd  x0=0x00000000
      155342000	      7665	80004454	0000100f	fence.i	
      155842000	      7690	80004458	01620bb7	lui	x23,0x1620	 x23=0x01620000
      155862000	      7691	8000445c	0000100f	fence.i	
      156462000	      7721	80004460	9a9a	c.add	x21,x6	 x21:0x00000000  x6:0x4bcdc0cd x21=0x4bcdc0cd
      156802000	      7738	80004462	e4d86017	auipc	x0,0xe4d86	  x0=0x00000000
      156822000	      7739	80004466	8c46	c.mv	x24,x17	  x0:0x00000000 x17:0x80000001 x24=0x80000001
      156842000	      7740	80004468	00ead333	srl	x6,x21,x14	 x21:0x4bcdc0cd x14:0x00000000  x6=0x4bcdc0cd
      156942000	      7745	8000446c	00aa9013	slli	x0,x21,0xa	 x21:0x4bcdc0cd  x0=0x00000000
      157062000	      7751	80004470	00a2ac33	slt	x24,x5,x10	  x5:0x00000001 x10:0x00000017 x24=0x00000001
      157082000	      7752	80004474	40a40333	sub	x6,x8,x10	  x8:0x000003f1 x10:0x00000017  x6=0x000003da
      157102000	      7753	80004478	8ce1	c.and	x9,x8	  x9:0x00000000  x8:0x000003f1  x9=0x00000000
      157222000	      7759	8000447a	1e82ab13	slti	x22,x5,488	  x5:0x00000001 x22=0x00000001
      157242000	      7760	8000447e	8a51	c.andi	x12,20	 x12:0x000003e0 x12=0x00000000
      157262000	      7761	80004480	e805	c.bnez	x8,800044b0	  x8:0x000003f1
      157462000	      7771	800044b0	41358a33	sub	x20,x11,x19	 x11:0x00000000 x19:0x00000000 x20=0x00000000
      157842000	      7790	800044b4	8d95	c.sub	x11,x13	 x11:0x00000000 x13:0x00000000 x11=0x00000000
      158122000	      7804	800044b6	e9a5a893	slti	x17,x11,-358	 x11:0x00000000 x17=0x00000000
      158142000	      7805	800044ba	0bc27893	andi	x17,x4,188	  x4:0x00000001 x17=0x00000000
      158162000	      7806	800044be	997d	c.andi	x10,-1	 x10:0x00000017 x10=0x00000017
      158342000	      7815	800044c0	02429033	mulh	x0,x5,x4	  x5:0x00000001  x4:0x00000001  x0=0x00000000
      158442000	      7820	800044c4	8d55	c.or	x10,x13	 x10:0x00000017 x13:0x00000000 x10=0x00000017
      158462000	      7821	800044c6	01b96f63	bltu	x18,x27,800044e4	 x18:0x00008087 x27:0x00000200
      158662000	      7831	800044ca	afcee697	auipc	x13,0xafcee	 x13=0x2fcf24ca
      158682000	      7832	800044ce	e15ffc13	andi	x24,x31,-491	 x31:0xffdfb5e0 x24=0xffdfb400
      158702000	      7833	800044d2	40d18a33	sub	x20,x3,x13	  x3:0xfffdfbdf x13:0x2fcf24ca x20=0xd02ed715
      158742000	      7835	800044d6	814f0013	addi	x0,x30,-2028	 x30:0xfffdfb5e  x0=0x00000000
      158762000	      7836	800044da	006c5c13	srli	x24,x24,0x6	 x24:0xffdfb400 x24=0x03ff7ed0
      158782000	      7837	800044de	85a9	c.srai	x11,0xa	 x11:0x00000000 x11=0x00000000
      158962000	      7846	800044e0	cf09	c.beqz	x14,800044fa	 x14:0x00000000
      159482000	      7872	800044fa	028e6563	bltu	x28,x8,80004524	 x28:0x80021e54  x8:0x000003f1
      159502000	      7873	800044fe	8c29	c.xor	x8,x10	  x8:0x000003f1 x10:0x00000017  x8=0x000003e6
      160622000	      7929	80004500	02d6f933	remu	x18,x13,x13	 x13:0x2fcf24ca x13:0x2fcf24ca x18=0x00000000
      160642000	      7930	80004504	717d	c.addi16sp	x2,-16	  x2:0x00000000  x2=0xfffffff0
      160662000	      7931	80004506	00556663	bltu	x10,x5,80004512	 x10:0x00000017  x5:0x00000001
      160682000	      7932	8000450a	41f0d833	sra	x16,x1,x31	  x1:0x00000000 x31:0xffdfb5e0 x16=0x00000000
      160702000	      7933	8000450e	02356363	bltu	x10,x3,80004534	 x10:0x00000017  x3:0xfffdfbdf
      161082000	      7952	80004534	0304a233	mulhsu	x4,x9,x16	  x9:0x00000000 x16:0x00000000  x4=0x00000000
      161102000	      7953	80004538	01fe9eb3	sll	x29,x29,x31	 x29:0x00000302 x31:0xffdfb5e0 x29=0x00000302
      161122000	      7954	8000453c	0ff0000f	fence	iorw,iorw	
      161362000	      7966	80004540	557d	c.li	x10,-1	 x10=0xffffffff
      161402000	      7968	80004542	0000100f	fence.i	
      161722000	      7984	80004546	01b13633	sltu	x12,x2,x27	  x2:0xfffffff0 x27:0x00000200 x12=0x00000000
      161842000	      7990	8000454a	0ff0000f	fence	iorw,iorw	
      162042000	      8000	8000454e	402480b3	sub	x1,x9,x2	  x9:0x00000000  x2:0xfffffff0  x1=0x00000010
      162062000	      8001	80004552	00b099b3	sll	x19,x1,x11	  x1:0x00000010 x11:0x00000000 x19=0x00000010
      162082000	      8002	80004556	007cdfb3	srl	x31,x25,x7	 x25:0x0000002b  x7:0x80000000 x31=0x0000002b
      162142000	      8005	8000455a	4482b313	sltiu	x6,x5,1096	  x5:0x00000001  x6=0x00000001
      162162000	      8006	8000455e	8dc1	c.or	x11,x8	 x11:0x00000000  x8:0x000003e6 x11=0x000003e6
      162562000	      8026	80004560	0036cdb3	xor	x27,x13,x3	 x13:0x2fcf24ca  x3:0xfffdfbdf x27=0xd032df15
      162842000	      8040	80004564	c49d	c.beqz	x9,80004592	  x9:0x00000000
      163442000	      8070	80004592	8c0a	c.mv	x24,x2	  x0:0x00000000  x2:0xfffffff0 x24=0xfffffff0
      163642000	      8080	80004594	7a8f6f13	ori	x30,x30,1960	 x30:0xfffdfb5e x30=0xfffdfffe
      163662000	      8081	80004598	025d82b3	mul	x5,x27,x5	 x27:0xd032df15  x5:0x00000001  x5=0xd032df15
      163682000	      8082	8000459c	00919563	bne	x3,x9,800045a6	  x3:0xfffdfbdf  x9:0x00000000
      163902000	      8093	800045a6	8ee1	c.and	x13,x8	 x13:0x2fcf24ca  x8:0x000003e6 x13=0x000000c2
      164142000	      8105	800045a8	717d	c.addi16sp	x2,-16	  x2:0xfffffff0  x2=0xffffffe0
      164262000	      8111	800045aa	01630463	beq	x6,x22,800045b2	  x6:0x00000001 x22:0x00000001
      164562000	      8126	800045b2	014fe363	bltu	x31,x20,800045b8	 x31:0x0000002b x20:0xd02ed715
      164702000	      8133	800045b8	01771c33	sll	x24,x14,x23	 x14:0x00000000 x23:0x01620000 x24=0x00000000
      164722000	      8134	800045bc	01c9b9b3	sltu	x19,x19,x28	 x19:0x00000010 x28:0x80021e54 x19=0x00000001
      164742000	      8135	800045c0	00d2cc33	xor	x24,x5,x13	  x5:0xd032df15 x13:0x000000c2 x24=0xd032dfd7
      164782000	      8137	800045c4	01c6cbb3	xor	x23,x13,x28	 x13:0x000000c2 x28:0x80021e54 x23=0x80021e96
      164962000	      8146	800045c8	00c4d893	srli	x17,x9,0xc	  x9:0x00000000 x17=0x00000000
      164982000	      8147	800045cc	00c1	c.addi	x1,16	  x1:0x00000010  x1=0x00000020
      165002000	      8148	800045ce	0001	c.addi	x0,0	  x0:0x00000000  x0=0x00000000
      165402000	      8168	800045d0	81c9	c.srli	x11,0x12	 x11:0x000003e6 x11=0x00000000
      165542000	      8175	800045d2	cef5ed93	ori	x27,x11,-785	 x11:0x00000000 x27=0xfffffcef
      165662000	      8181	800045d6	a3ac4213	xori	x4,x24,-1478	 x24:0xd032dfd7  x4=0x2fcd25ed
      165682000	      8182	800045da	0001	c.addi	x0,0	  x0:0x00000000  x0=0x00000000
      165702000	      8183	800045dc	0595e063	bltu	x11,x25,8000461c	 x11:0x00000000 x25:0x0000002b
      166862000	      8241	8000461c	013d9313	slli	x6,x27,0x13	 x27:0xfffffcef  x6=0xe7780000
      166902000	      8243	80004620	9fb6	c.add	x31,x13	 x31:0x0000002b x13:0x000000c2 x31=0x000000ed
      166922000	      8244	80004622	6475	c.lui	x8,0x1d	  x8=0x0001d000
      167002000	      8248	80004624	1100	c.addi4spn	x8,x2,160	  x8=0x00000080
      167022000	      8249	80004626	72120017	auipc	x0,0x72120	  x0=0x00000000
      167042000	      8250	8000462a	8551	c.srai	x10,0x14	 x10:0xffffffff x10=0xffffffff
      167062000	      8251	8000462c	0001	c.addi	x0,0	  x0:0x00000000  x0=0x00000000
      167462000	      8271	8000462e	00119713	slli	x14,x3,0x1	  x3:0xfffdfbdf x14=0xfffbf7be
      167502000	      8273	80004632	0347bb33	mulhu	x22,x15,x20	 x15:0x80025ce4 x20:0xd02ed715 x22=0x68195772
      167602000	      8278	80004636	01df1263	bne	x30,x29,8000463a	 x30:0xfffdfffe x29:0x00000302
      168482000	      8322	8000463a	017f2bb3	slt	x23,x30,x23	 x30:0xfffdfffe x23:0x80021e96 x23=0x00000000
      168522000	      8324	8000463e	00f7ecb3	or	x25,x15,x15	 x15:0x80025ce4 x15:0x80025ce4 x25=0x80025ce4
      168542000	      8325	80004642	89d5	c.andi	x11,21	 x11:0x00000000 x11=0x00000000
      168602000	      8328	80004644	0000100f	fence.i	
      169122000	      8354	80004648	0001	c.addi	x0,0	  x0:0x00000000  x0=0x00000000
      169262000	      8361	8000464a	03027233	remu	x4,x4,x16	  x4:0x2fcd25ed x16:0x00000000  x4=0x2fcd25ed
      169342000	      8365	8000464e	0184a0b3	slt	x1,x9,x24	  x9:0x00000000 x24:0xd032dfd7  x1=0x00000000
      169762000	      8386	80004652	01995b63	bge	x18,x25,80004668	 x18:0x00000000 x25:0x80025ce4
      170402000	      8418	80004668	02534163	blt	x6,x5,8000468a	  x6:0xe7780000  x5:0xd032df15
      170442000	      8420	8000466c	03b42f33	mulhsu	x30,x8,x27	  x8:0x00000080 x27:0xfffffcef x30=0x0000007f
      170602000	      8428	80004670	00e88463	beq	x17,x14,80004678	 x17:0x00000000 x14:0xfffbf7be
      170622000	      8429	80004674	0ff0000f	fence	iorw,iorw	
      170642000	      8430	80004678	8c79	c.and	x8,x14	  x8:0x00000080 x14:0xfffbf7be  x8=0x00000080
      171082000	      8452	8000467a	037a8233	mul	x4,x21,x23	 x21:0x4bcdc0cd x23:0x00000000  x4=0x00000000
      171102000	      8453	8000467e	833d	c.srli	x14,0xf	 x14:0xfffbf7be x14=0x0001fff7
      171482000	      8472	80004680	01e3e763	bltu	x7,x30,8000468e	  x7:0x80000000 x30:0x0000007f
      171502000	      8473	80004684	726d7293	andi	x5,x26,1830	 x26:0x00000000  x5=0x00000000
      171582000	      8477	80004688	068d	c.addi	x13,3	 x13:0x000000c2 x13=0x000000c5
      171602000	      8478	8000468a	c8ccc697	auipc	x13,0xc8ccc	 x13=0x48cd068a
      171742000	      8485	8000468e	22414b93	xori	x23,x2,548	  x2:0xffffffe0 x23=0xfffffdc4
      171762000	      8486	80004692	8e2d	c.xor	x12,x11	 x12:0x00000000 x11:0x00000000 x12=0x00000000
      171942000	      8495	80004694	01a45433	srl	x8,x8,x26	  x8:0x00000080 x26:0x00000000  x8=0x00000080
      171962000	      8496	80004698	03308833	mul	x16,x1,x19	  x1:0x00000000 x19:0x00000001 x16=0x00000000
      171982000	      8497	8000469c	01565713	srli	x14,x12,0x15	 x12:0x00000000 x14=0x00000000
      172102000	      8503	800046a0	8252	c.mv	x4,x20	  x0:0x00000000 x20:0xd02ed715  x4=0xd02ed715
      172122000	      8504	800046a2	03488cb3	mul	x25,x17,x20	 x17:0x00000000 x20:0xd02ed715 x25=0x00000000
      172142000	      8505	800046a6	0001	c.addi	x0,0	  x0:0x00000000  x0=0x00000000
      172162000	      8506	800046a8	8c5d	c.or	x8,x15	  x8:0x00000080 x15:0x80025ce4  x8=0x80025ce4
      172282000	      8512	800046aa	0163d263	bge	x7,x22,800046ae	  x7:0x80000000 x22:0x68195772
      172302000	      8513	800046ae	034a	c.slli	x6,0x12	  x6:0xe7780000  x6=0x00000000
      172582000	      8527	800046b0	02965033	divu	x0,x12,x9	 x12:0x00000000  x9:0x00000000  x0=0x00000000
      172602000	      8528	800046b4	cf15	c.beqz	x14,800046f0	 x14:0x00000000
      173122000	      8554	800046f0	02b44333	div	x6,x8,x11	  x8:0x80025ce4 x11:0x00000000  x6=0xffffffff
      173542000	      8575	800046f4	02729333	mulh	x6,x5,x7	  x5:0x00000000  x7:0x80000000  x6=0x00000000
      173562000	      8576	800046f8	0a8a	c.slli	x21,0x2	 x21:0x4bcdc0cd x21=0x2f370334
      173582000	      8577	800046fa	6321	c.lui	x6,0x8	  x6=0x00008000
      173962000	      8596	800046fc	01479493	slli	x9,x15,0x14	 x15:0x80025ce4  x9=0xce400000
      173982000	      8597	80004700	0001	c.addi	x0,0	  x0:0x00000000  x0=0x00000000
      174002000	      8598	80004702	00be7d33	and	x26,x28,x11	 x28:0x80021e54 x11:0x00000000 x26=0x00000000
      174022000	      8599	80004706	9416	c.add	x8,x5	  x8:0x80025ce4  x5:0x00000000  x8=0x80025ce4
      174202000	      8608	80004708	025be763	bltu	x23,x5,80004736	 x23:0xfffffdc4  x5:0x00000000
      174622000	      8629	8000470c	8f5d	c.or	x14,x15	 x14:0x00000000 x15:0x80025ce4 x14=0x80025ce4
      174662000	      8631	8000470e	0037feb3	and	x29,x15,x3	 x15:0x80025ce4  x3:0xfffdfbdf x29=0x800058c4
      174682000	      8632	80004712	8489	c.srai	x9,0x2	  x9:0xce400000  x9=0xf3900000
      174702000	      8633	80004714	8145	c.srli	x10,0x11	 x10:0xffffffff x10=0x00007fff
      174722000	      8634	80004716	40a50eb3	sub	x29,x10,x10	 x10:0x00007fff x10:0x00007fff x29=0x00000000
      174742000	      8635	8000471a	0533d063	bge	x7,x19,8000475a	  x7:0x80000000 x19:0x00000001
      174762000	      8636	8000471e	004635b3	sltu	x11,x12,x4	 x12:0x00000000  x4:0xd02ed715 x11=0x00000001
      174782000	      8637	80004722	4be60893	addi	x17,x12,1214	 x12:0x00000000 x17=0x000004be
      174802000	      8638	80004726	1508	c.addi4spn	x10,x2,672	 x10=0x00000280
      174982000	      8647	80004728	cee7b093	sltiu	x1,x15,-786	 x15:0x80025ce4  x1=0x00000001
      175402000	      8668	8000472c	828e0213	addi	x4,x28,-2008	 x28:0x80021e54  x4=0x8002167c
      175442000	      8670	80004730	50204a13	xori	x20,x0,1282	  x0:0x00000000 x20=0x00000502
      175462000	      8671	80004734	59fd	c.li	x19,-1	 x19=0xffffffff
      175482000	      8672	80004736	00c722b3	slt	x5,x14,x12	 x14:0x80025ce4 x12:0x00000000  x5=0x00000001
      175502000	      8673	8000473a	01671593	slli	x11,x14,0x16	 x14:0x80025ce4 x11=0x39000000
      175542000	      8675	8000473e	03705063	bge	x0,x23,8000475e	  x0:0x00000000 x23:0xfffffdc4
      176222000	      8709	8000475e	40c10fb3	sub	x31,x2,x12	  x2:0xffffffe0 x12:0x00000000 x31=0xffffffe0
      176242000	      8710	80004762	0ab2	c.slli	x21,0xc	 x21:0x2f370334 x21=0x70334000
      176262000	      8711	80004764	021ae163	bltu	x21,x1,80004786	 x21:0x70334000  x1:0x00000001
      176302000	      8713	80004768	02241d63	bne	x8,x2,800047a2	  x8:0x80025ce4  x2:0xffffffe0
      176942000	      8745	800047a2	034d0233	mul	x4,x26,x20	 x26:0x00000000 x20:0x00000502  x4=0x00000000
      176962000	      8746	800047a6	8e1d	c.sub	x12,x15	 x12:0x00000000 x15:0x80025ce4 x12=0x7ffda31c
      177122000	      8754	800047a8	328d5197	auipc	x3,0x328d5	  x3=0xb28d97a8
      177542000	      8775	800047ac	617d	c.addi16sp	x2,496	  x2:0xffffffe0  x2=0x000001d0
      177562000	      8776	800047ae	91f6	c.add	x3,x29	  x3:0xb28d97a8 x29:0x00000000  x3=0xb28d97a8
      177582000	      8777	800047b0	32b86e93	ori	x29,x16,811	 x16:0x00000000 x29=0x0000032b
      177602000	      8778	800047b4	03128c33	mul	x24,x5,x17	  x5:0x00000001 x17:0x000004be x24=0x000004be
      178482000	      8822	800047b8	0388e833	rem	x16,x17,x24	 x17:0x000004be x24:0x000004be x16=0x00000000
      178522000	      8824	800047bc	0302dfb3	divu	x31,x5,x16	  x5:0x00000001 x16:0x00000000 x31=0xffffffff
      179262000	      8861	800047c0	0253d2b3	divu	x5,x7,x5	  x7:0x80000000  x5:0x00000001  x5=0x80000000
      179282000	      8862	800047c4	8d49	c.or	x10,x10	 x10:0x00000280 x10:0x00000280 x10=0x00000280
      179322000	      8864	800047c6	03fa1d33	mulh	x26,x20,x31	 x20:0x00000502 x31:0xffffffff x26=0xffffffff
      179342000	      8865	800047ca	41ad5f13	srai	x30,x26,0x1a	 x26:0xffffffff x30=0xffffffff
      179362000	      8866	800047ce	41c304b3	sub	x9,x6,x28	  x6:0x00008000 x28:0x80021e54  x9=0x7ffe61ac
      179382000	      8867	800047d2	0ff0000f	fence	iorw,iorw	
      179482000	      8872	800047d6	017b6cb3	or	x25,x22,x23	 x22:0x68195772 x23:0xfffffdc4 x25=0xfffffff6
      179502000	      8873	800047da	6571	c.lui	x10,0x1c	 x10=0x0001c000
      179622000	      8879	800047dc	8da5	c.xor	x11,x9	 x11:0x39000000  x9:0x7ffe61ac x11=0x46fe61ac
      179642000	      8880	800047de	058a	c.slli	x11,0x2	 x11:0x46fe61ac x11=0x1bf986b0
      179922000	      8894	800047e0	6545	c.lui	x10,0x11	 x10=0x00011000
      179942000	      8895	800047e2	0001	c.addi	x0,0	  x0:0x00000000  x0=0x00000000
      179962000	      8896	800047e4	614d	c.addi16sp	x2,176	  x2:0x000001d0  x2=0x00000280
      179982000	      8897	800047e6	8e59	c.or	x12,x14	 x12:0x7ffda31c x14:0x80025ce4 x12=0xfffffffc
      180002000	      8898	800047e8	01ba	c.slli	x3,0xe	  x3:0xb28d97a8  x3=0x65ea0000
      180162000	      8906	800047ea	0f4c9a17	auipc	x20,0xf4c9	 x20=0x8f4cd7ea
      180522000	      8924	800047ee	00eb8b33	add	x22,x23,x14	 x23:0xfffffdc4 x14:0x80025ce4 x22=0x80025aa8
      180722000	      8934	800047f2	02c78263	beq	x15,x12,80004816	 x15:0x80025ce4 x12:0xfffffffc
      180742000	      8935	800047f6	83efeb93	ori	x23,x31,-1986	 x31:0xffffffff x23=0xffffffff
      180762000	      8936	800047fa	6169	c.addi16sp	x2,208	  x2:0x00000280  x2=0x00000350
      180782000	      8937	800047fc	0001	c.addi	x0,0	  x0:0x00000000  x0=0x00000000
      180802000	      8938	800047fe	0818	c.addi4spn	x14,x2,16	 x14=0x00000360
      180822000	      8939	80004800	8419	c.srai	x8,0x6	  x8:0x80025ce4  x8=0xfe000973
      180842000	      8940	80004802	8ea1	c.xor	x13,x8	 x13:0x48cd068a  x8:0xfe000973 x13=0xb6cd0ff9
      180882000	      8942	80004804	0329c0b3	div	x1,x19,x18	 x19:0xffffffff x18:0x00000000  x1=0xffffffff
      180902000	      8943	80004808	01b18f63	beq	x3,x27,80004826	  x3:0x65ea0000 x27:0xfffffcef
      180982000	      8947	8000480c	f167a637	lui	x12,0xf167a	 x12=0xf167a000
      181002000	      8948	80004810	02bafe63	bgeu	x21,x11,8000484c	 x21:0x70334000 x11:0x1bf986b0
      181642000	      8980	8000484c	0001	c.addi	x0,0	  x0:0x00000000  x0=0x00000000
      181662000	      8981	8000484e	88ce	c.mv	x17,x19	  x0:0x00000000 x19:0xffffffff x17=0xffffffff
      182082000	      9002	80004850	8a26	c.mv	x20,x9	  x0:0x00000000  x9:0x7ffe61ac x20=0x7ffe61ac
      182282000	      9012	80004852	02d916b3	mulh	x13,x18,x13	 x18:0x00000000 x13:0xb6cd0ff9 x13=0x00000000
      182302000	      9013	80004856	00868cb3	add	x25,x13,x8	 x13:0x00000000  x8:0xfe000973 x25=0xfe000973
      182322000	      9014	8000485a	0001	c.addi	x0,0	  x0:0x00000000  x0=0x00000000
      182342000	      9015	8000485c	85ed	c.srai	x11,0x1b	 x11:0x1bf986b0 x11=0x00000003
      183082000	      9052	8000485e	034f6633	rem	x12,x30,x20	 x30:0xffffffff x20:0x7ffe61ac x12=0xffffffff
      183102000	      9053	80004862	cc243897	auipc	x17,0xcc243	 x17=0x4c247862
      183122000	      9054	80004866	00ad40b3	xor	x1,x26,x10	 x26:0xffffffff x10:0x00011000  x1=0xfffeefff
      183142000	      9055	8000486a	01360333	add	x6,x12,x19	 x12:0xffffffff x19:0xffffffff  x6=0xfffffffe
      183162000	      9056	8000486e	0000100f	fence.i	
      183242000	      9060	80004872	e601	c.bnez	x12,8000487a	 x12:0xffffffff
      183282000	      9062	8000487a	8d75	c.and	x10,x13	 x10:0x00011000 x13:0x00000000 x10=0x00000000
      183622000	      9079	8000487c	be0538b7	lui	x17,0xbe053	 x17=0xbe053000
      183882000	      9092	80004880	03b3aa33	mulhsu	x20,x7,x27	  x7:0x80000000 x27:0xfffffcef x20=0x80000188
      184282000	      9112	80004884	01fb6d63	bltu	x22,x31,8000489e	 x22:0x80025aa8 x31:0xffffffff
      184822000	      9139	8000489e	8c52	c.mv	x24,x20	  x0:0x00000000 x20:0x80000188 x24=0x80000188
      184842000	      9140	800048a0	8ebd	c.xor	x13,x15	 x13:0x00000000 x15:0x80025ce4 x13=0x80025ce4
      185642000	      9180	800048a2	03b068b3	rem	x17,x0,x27	  x0:0x00000000 x27:0xfffffcef x17=0x00000000
      185662000	      9181	800048a6	6159	c.addi16sp	x2,400	  x2:0x00000350  x2=0x000004e0
      186402000	      9218	800048a8	028ce033	rem	x0,x25,x8	 x25:0xfe000973  x8:0xfe000973  x0=0x00000000
      186422000	      9219	800048ac	03d78863	beq	x15,x29,800048dc	 x15:0x80025ce4 x29:0x0000032b
      187162000	      9256	800048b0	0354d6b3	divu	x13,x9,x21	  x9:0x7ffe61ac x21:0x70334000 x13=0x00000001
      210062000	     10401	800048b4	40a30033	sub	x0,x6,x10	  x6:0xfffffffe x10:0x00000000  x0=0x00000000
      210082000	     10402	800048b8	41c8d833	sra	x16,x17,x28	 x17:0x00000000 x28:0x80021e54 x16=0x00000000
      210122000	     10404	800048bc	03289833	mulh	x16,x17,x18	 x17:0x00000000 x18:0x00000000 x16=0x00000000
      210142000	     10405	800048c0	0000100f	fence.i	
      210402000	     10418	800048c4	e485	c.bnez	x9,800048ec	  x9:0x7ffe61ac
      211582000	     10477	800048ec	0294feb3	remu	x29,x9,x9	  x9:0x7ffe61ac  x9:0x7ffe61ac x29=0x00000000
      211622000	     10479	800048f0	03d6ad33	mulhsu	x26,x13,x29	 x13:0x00000001 x29:0x00000000 x26=0x00000000
      211642000	     10480	800048f4	010c	c.addi4spn	x11,x2,128	 x11=0x00000560
      211662000	     10481	800048f6	ec0d	c.bnez	x8,80004930	  x8:0xfe000973
      211742000	     10485	80004930	0027e4b3	or	x9,x15,x2	 x15:0x80025ce4  x2:0x000004e0  x9=0x80025ce4
      212062000	     10501	80004934	6911	c.lui	x18,0x4	 x18=0x00004000
      212082000	     10502	80004936	0000100f	fence.i	
      212402000	     10518	8000493a	0ff0000f	fence	iorw,iorw	
      212422000	     10519	8000493e	8e4d	c.or	x12,x11	 x12:0xffffffff x11:0x00000560 x12=0xffffffff
      212462000	     10521	80004940	894d	c.andi	x10,19	 x10:0x00000000 x10=0x00000000
      212482000	     10522	80004942	9452	c.add	x8,x20	  x8:0xfe000973 x20:0x80000188  x8=0x7e000afb
      212502000	     10523	80004944	8951	c.andi	x10,20	 x10:0x00000000 x10=0x00000000
      212522000	     10524	80004946	02948763	beq	x9,x9,80004974	  x9:0x80025ce4  x9:0x80025ce4
      212862000	     10541	80004974	c1a1	c.beqz	x11,800049b4	 x11:0x00000560
      212882000	     10542	80004976	0001	c.addi	x0,0	  x0:0x00000000  x0=0x00000000
      212902000	     10543	80004978	00efa2b3	slt	x5,x31,x14	 x31:0xffffffff x14:0x00000360  x5=0x00000001
      212922000	     10544	8000497c	01637d33	and	x26,x6,x22	  x6:0xfffffffe x22:0x80025aa8 x26=0x80025aa8
      212942000	     10545	80004980	fb9d3a93	sltiu	x21,x26,-71	 x26:0x80025aa8 x21=0x00000001
      212962000	     10546	80004984	6c55	c.lui	x24,0x15	 x24=0x00015000
      212982000	     10547	80004986	88a9	c.andi	x9,10	  x9:0x80025ce4  x9=0x00000000
      213002000	     10548	80004988	03009963	bne	x1,x16,800049ba	  x1:0xfffeefff x16:0x00000000
      213342000	     10565	800049ba	e605	c.bnez	x12,800049e2	 x12:0xffffffff
      214082000	     10602	800049e2	01e59fb3	sll	x31,x11,x30	 x11:0x00000560 x30:0xffffffff x31=0x00000000
      214222000	     10609	800049e6	02382333	mulhsu	x6,x16,x3	 x16:0x00000000  x3:0x65ea0000  x6=0x00000000
      214442000	     10620	800049ea	01be1db3	sll	x27,x28,x27	 x28:0x80021e54 x27:0xfffffcef x27=0x0f2a0000
      214462000	     10621	800049ee	8dd5	c.or	x11,x13	 x11:0x00000560 x13:0x00000001 x11=0x00000561
      214862000	     10641	800049f0	00589933	sll	x18,x17,x5	 x17:0x00000000  x5:0x00000001 x18=0x00000000
      214882000	     10642	800049f4	eb48f913	andi	x18,x17,-332	 x17:0x00000000 x18=0x00000000
      214962000	     10646	800049f8	03a71ab3	mulh	x21,x14,x26	 x14:0x00000360 x26:0x80025aa8 x21=0xfffffe50
      215042000	     10650	800049fc	8cad	c.xor	x9,x11	  x9:0x00000000 x11:0x00000561  x9=0x00000561
      215142000	     10655	800049fe	409c5733	sra	x14,x24,x9	 x24:0x00015000  x9:0x00000561 x14=0x0000a800
      216282000	     10712	80004a02	03a7d4b3	divu	x9,x15,x26	 x15:0x80025ce4 x26:0x80025aa8  x9=0x00000001
      216302000	     10713	80004a06	5ca20013	addi	x0,x4,1482	  x4:0x00000000  x0=0x00000000
      216322000	     10714	80004a0a	e5ad9997	auipc	x19,0xe5ad9	 x19=0x65adda0a
      216342000	     10715	80004a0e	0001	c.addi	x0,0	  x0:0x00000000  x0=0x00000000
      216362000	     10716	80004a10	1344ff13	andi	x30,x9,308	  x9:0x00000001 x30=0x00000000
      216382000	     10717	80004a14	0015c663	blt	x11,x1,80004a20	 x11:0x00000561  x1:0xfffeefff
      216402000	     10718	80004a18	41f68113	addi	x2,x13,1055	 x13:0x00000001  x2=0x00000420
      216422000	     10719	80004a1c	89f2	c.mv	x19,x28	  x0:0x00000000 x28:0x80021e54 x19=0x80021e54
      216442000	     10720	80004a1e	65b1	c.lui	x11,0xc	 x11=0x0000c000
      217182000	     10757	80004a20	037555b3	divu	x11,x10,x23	 x10:0x00000000 x23:0xffffffff x11=0x00000000
      217202000	     10758	80004a24	7bc37013	andi	x0,x6,1980	  x6:0x00000000  x0=0x00000000
      217222000	     10759	80004a28	0142fd63	bgeu	x5,x20,80004a42	  x5:0x00000001 x20:0x80000188
      217242000	     10760	80004a2c	3b7f2637	lui	x12,0x3b7f2	 x12=0x3b7f2000
      217262000	     10761	80004a30	151fdd37	lui	x26,0x151fd	 x26=0x151fd000
      217342000	     10765	80004a34	02649363	bne	x9,x6,80004a5a	  x9:0x00000001  x6:0x00000000
      218042000	     10800	80004a5a	0000100f	fence.i	
      218282000	     10812	80004a5e	01da3a33	sltu	x20,x20,x29	 x20:0x80000188 x29:0x00000000 x20=0x00000000
      218622000	     10829	80004a62	41b95813	srai	x16,x18,0x1b	 x18:0x00000000 x16=0x00000000
      218742000	     10835	80004a66	61622513	slti	x10,x4,1558	  x4:0x00000000 x10=0x00000001
      218762000	     10836	80004a6a	87e99a17	auipc	x20,0x87e99	 x20=0x07e9da6a
      218822000	     10839	80004a6e	0243dc63	bge	x7,x4,80004aa6	  x7:0x80000000  x4:0x00000000
      218842000	     10840	80004a72	9afd	c.andi	x13,-1	 x13:0x00000001 x13=0x00000001
      218862000	     10841	80004a74	0072db93	srli	x23,x5,0x7	  x5:0x00000001 x23=0x00000000
      218922000	     10844	80004a78	02428563	beq	x5,x4,80004aa2	  x5:0x00000001  x4:0x00000000
      218942000	     10845	80004a7c	c47c9fb7	lui	x31,0xc47c9	 x31=0xc47c9000
      218962000	     10846	80004a80	0001	c.addi	x0,0	  x0:0x00000000  x0=0x00000000
      218982000	     10847	80004a82	0001	c.addi	x0,0	  x0:0x00000000  x0=0x00000000
      219002000	     10848	80004a84	0106fcb3	and	x25,x13,x16	 x13:0x00000001 x16:0x00000000 x25=0x00000000
      219022000	     10849	80004a88	0246d163	bge	x13,x4,80004aaa	 x13:0x00000001  x4:0x00000000
      219402000	     10868	80004aaa	03269333	mulh	x6,x13,x18	 x13:0x00000001 x18:0x00000000  x6=0x00000000
      220302000	     10913	80004aae	02fd7033	remu	x0,x26,x15	 x26:0x151fd000 x15:0x80025ce4  x0=0x00000000
      220322000	     10914	80004ab2	010b7933	and	x18,x22,x16	 x22:0x80025aa8 x16:0x00000000 x18=0x00000000
      220342000	     10915	80004ab6	8751	c.srai	x14,0x14	 x14:0x0000a800 x14=0x00000000
      220362000	     10916	80004ab8	01551533	sll	x10,x10,x21	 x10:0x00000001 x21:0xfffffe50 x10=0x00010000
      220402000	     10918	80004abc	02e34a33	div	x20,x6,x14	  x6:0x00000000 x14:0x00000000 x20=0xffffffff
      220422000	     10919	80004ac0	40318d33	sub	x26,x3,x3	  x3:0x65ea0000  x3:0x65ea0000 x26=0x00000000
      220442000	     10920	80004ac4	8da1	c.xor	x11,x8	 x11:0x00000000  x8:0x7e000afb x11=0x7e000afb
      221262000	     10961	80004ac6	023ff233	remu	x4,x31,x3	 x31:0xc47c9000  x3:0x65ea0000  x4=0x5e929000
      221282000	     10962	80004aca	015b7a33	and	x20,x22,x21	 x22:0x80025aa8 x21:0xfffffe50 x20=0x80025a00
      221302000	     10963	80004ace	03280c33	mul	x24,x16,x18	 x16:0x00000000 x18:0x00000000 x24=0x00000000
      221362000	     10966	80004ad2	005a1b93	slli	x23,x20,0x5	 x20:0x80025a00 x23=0x004b4000
      222122000	     11004	80004ad6	0360fbb3	remu	x23,x1,x22	  x1:0xfffeefff x22:0x80025aa8 x23=0x7ffc9557
      222142000	     11005	80004ada	833e	c.mv	x6,x15	  x0:0x00000000 x15:0x80025ce4  x6=0x80025ce4
      222162000	     11006	80004adc	4111	c.li	x2,4	  x2=0x00000004
      222182000	     11007	80004ade	0ff0000f	fence	iorw,iorw	
      222202000	     11008	80004ae2	00399033	sll	x0,x19,x3	 x19:0x80021e54  x3:0x65ea0000  x0=0x00000000
      222222000	     11009	80004ae6	27ad7097	auipc	x1,0x27ad7	  x1=0xa7adbae6
      222242000	     11010	80004aea	8b7e	c.mv	x22,x31	  x0:0x00000000 x31:0xc47c9000 x22=0xc47c9000
      222262000	     11011	80004aec	4113dab3	sra	x21,x7,x17	  x7:0x80000000 x17:0x00000000 x21=0x80000000
      222622000	     11029	80004af0	01c61633	sll	x12,x12,x28	 x12:0x3b7f2000 x28:0x80021e54 x12=0x00000000
      222642000	     11030	80004af4	848d	c.srai	x9,0x3	  x9:0x00000001  x9=0x00000000
      222682000	     11032	80004af6	030ae433	rem	x8,x21,x16	 x21:0x80000000 x16:0x00000000  x8=0x80000000
      222702000	     11033	80004afa	50fd	c.li	x1,-1	  x1=0xffffffff
      222722000	     11034	80004afc	1998	c.addi4spn	x14,x2,240	 x14=0x000000f4
      222802000	     11038	80004afe	0000100f	fence.i	
      224802000	     11138	80004b02	2559b013	sltiu	x0,x19,597	 x19:0x80021e54  x0=0x00000000
      224822000	     11139	80004b06	00046cb3	or	x25,x8,x0	  x8:0x80000000  x0:0x00000000 x25=0x80000000
      224842000	     11140	80004b0a	01ceef33	or	x30,x29,x28	 x29:0x00000000 x28:0x80021e54 x30=0x80021e54
      224882000	     11142	80004b0e	0262a033	mulhsu	x0,x5,x6	  x5:0x00000001  x6:0x80025ce4  x0=0x00000000
      224902000	     11143	80004b12	017d4263	blt	x26,x23,80004b16	 x26:0x00000000 x23:0x7ffc9557
      225062000	     11151	80004b16	001dfbb3	and	x23,x27,x1	 x27:0x0f2a0000  x1:0xffffffff x23=0x0f2a0000
      225082000	     11152	80004b1a	794679b7	lui	x19,0x79467	 x19=0x79467000
      225102000	     11153	80004b1e	c5f54f37	lui	x30,0xc5f54	 x30=0xc5f54000
      225262000	     11161	80004b22	011c5863	bge	x24,x17,80004b32	 x24:0x00000000 x17:0x00000000
      226142000	     11205	80004b32	617d	c.addi16sp	x2,496	  x2:0x00000004  x2=0x000001f4
      226362000	     11216	80004b34	0001	c.addi	x0,0	  x0:0x00000000  x0=0x00000000
      226782000	     11237	80004b36	014da9b3	slt	x19,x27,x20	 x27:0x0f2a0000 x20:0x80025a00 x19=0x00000000
      226802000	     11238	80004b3a	eb190c17	auipc	x24,0xeb190	 x24=0x6b194b3a
      226882000	     11242	80004b3e	00af14b3	sll	x9,x30,x10	 x30:0xc5f54000 x10:0x00010000  x9=0xc5f54000
      226922000	     11244	80004b42	03ac4533	div	x10,x24,x26	 x24:0x6b194b3a x26:0x00000000 x10=0xffffffff
      227182000	     11257	80004b46	016a3433	sltu	x8,x20,x22	 x20:0x80025a00 x22:0xc47c9000  x8=0x00000001
      228002000	     11298	80004b4a	024f6a33	rem	x20,x30,x4	 x30:0xc5f54000  x4:0x5e929000 x20=0xc5f54000
      228022000	     11299	80004b4e	0001	c.addi	x0,0	  x0:0x00000000  x0=0x00000000
      228042000	     11300	80004b50	8f5d	c.or	x14,x15	 x14:0x000000f4 x15:0x80025ce4 x14=0x80025cf4
      228062000	     11301	80004b52	02ce0933	mul	x18,x28,x12	 x28:0x80021e54 x12:0x00000000 x18=0x00000000
      228082000	     11302	80004b56	01181d33	sll	x26,x16,x17	 x16:0x00000000 x17:0x00000000 x26=0x00000000
      228822000	     11339	80004b5a	02db5bb3	divu	x23,x22,x13	 x22:0xc47c9000 x13:0x00000001 x23=0xc47c9000
      228842000	     11340	80004b5e	05809463	bne	x1,x24,80004ba6	  x1:0xffffffff x24:0x6b194b3a
      228962000	     11346	80004ba6	ed15	c.bnez	x10,80004be2	 x10:0xffffffff
      229302000	     11363	80004be2	03884563	blt	x16,x24,80004c0c	 x16:0x00000000 x24:0x6b194b3a
      230142000	     11405	80004c0c	018644b3	xor	x9,x12,x24	 x12:0x00000000 x24:0x6b194b3a  x9=0x6b194b3a
      230402000	     11418	80004c10	8e91	c.sub	x13,x12	 x13:0x00000001 x12:0x00000000 x13=0x00000001
      230422000	     11419	80004c12	8c75	c.and	x8,x13	  x8:0x00000001 x13:0x00000001  x8=0x00000001
      230542000	     11425	80004c14	7bfb7813	andi	x16,x22,1983	 x22:0xc47c9000 x16=0x00000000
      230742000	     11435	80004c18	02358b63	beq	x11,x3,80004c4e	 x11:0x7e000afb  x3:0x65ea0000
      230882000	     11442	80004c1c	034e6f63	bltu	x28,x20,80004c5a	 x28:0x80021e54 x20:0xc5f54000
      231082000	     11452	80004c5a	0001	c.addi	x0,0	  x0:0x00000000  x0=0x00000000
      231182000	     11457	80004c5c	00e2feb3	and	x29,x5,x14	  x5:0x00000001 x14:0x80025cf4 x29=0x00000000
      231242000	     11460	80004c60	8dc1	c.or	x11,x8	 x11:0x7e000afb  x8:0x00000001 x11=0x7e000afb
      231262000	     11461	80004c62	8f55	c.or	x14,x13	 x14:0x80025cf4 x13:0x00000001 x14=0x80025cf5
      231282000	     11462	80004c64	48adec13	ori	x24,x27,1162	 x27:0x0f2a0000 x24=0x0f2a048a
      231302000	     11463	80004c68	0049d013	srli	x0,x19,0x4	 x19:0x00000000  x0=0x00000000
      231322000	     11464	80004c6c	0ff0000f	fence	iorw,iorw	
      231742000	     11485	80004c70	82e1	c.srli	x13,0x18	 x13:0x00000001 x13=0x00000000
      231762000	     11486	80004c72	03069463	bne	x13,x16,80004c9a	 x13:0x00000000 x16:0x00000000
      231782000	     11487	80004c76	1294	c.addi4spn	x13,x2,352	 x13=0x00000354
      232182000	     11507	80004c78	0163d593	srli	x11,x7,0x16	  x7:0x80000000 x11=0x00000200
      232202000	     11508	80004c7c	0284	c.addi4spn	x9,x2,320	  x9=0x00000334
      232622000	     11529	80004c7e	010df1b3	and	x3,x27,x16	 x27:0x0f2a0000 x16:0x00000000  x3=0x00000000
      232742000	     11535	80004c82	02807363	bgeu	x0,x8,80004ca8	  x0:0x00000000  x8:0x00000001
      232942000	     11545	80004c86	9ed32413	slti	x8,x6,-1555	  x6:0x80025ce4  x8=0x00000001
      232962000	     11546	80004c8a	65c5	c.lui	x11,0x11	 x11=0x00011000
      232982000	     11547	80004c8c	a6394093	xori	x1,x18,-1437	 x18:0x00000000  x1=0xfffffa63
      233222000	     11559	80004c90	8371	c.srli	x14,0x1c	 x14:0x80025cf5 x14=0x00000008
      233242000	     11560	80004c92	0001	c.addi	x0,0	  x0:0x00000000  x0=0x00000000
      233262000	     11561	80004c94	0048e663	bltu	x17,x4,80004ca0	 x17:0x00000000  x4:0x5e929000
      234182000	     11607	80004ca0	03947b63	bgeu	x8,x25,80004cd6	  x8:0x00000001 x25:0x80000000
      234202000	     11608	80004ca4	31e40713	addi	x14,x8,798	  x8:0x00000001 x14=0x0000031f
      234222000	     11609	80004ca8	00a88733	add	x14,x17,x10	 x17:0x00000000 x10:0xffffffff x14=0xffffffff
      234242000	     11610	80004cac	64e24093	xori	x1,x4,1614	  x4:0x5e929000  x1=0x5e92964e
      234662000	     11631	80004cb0	0ad5	c.addi	x21,21	 x21:0x80000000 x21=0x80000015
      234682000	     11632	80004cb2	0001	c.addi	x0,0	  x0:0x00000000  x0=0x00000000
      234702000	     11633	80004cb4	360a8413	addi	x8,x21,864	 x21:0x80000015  x8=0x80000375
      234722000	     11634	80004cb8	018a9b93	slli	x23,x21,0x18	 x21:0x80000015 x23=0x15000000
      234842000	     11640	80004cbc	f350ddb7	lui	x27,0xf350d	 x27=0xf350d000
      234862000	     11641	80004cc0	40ae5fb3	sra	x31,x28,x10	 x28:0x80021e54 x10:0xffffffff x31=0xffffffff
      235042000	     11650	80004cc4	0000100f	fence.i	
      235822000	     11689	80004cc8	0370acb3	mulhsu	x25,x1,x23	  x1:0x5e92964e x23:0x15000000 x25=0x07c20654
      235882000	     11692	80004ccc	40b00593	addi	x11,x0,1035	  x0:0x00000000 x11=0x0000040b
      236302000	     11713	80004cd0	404c06b3	sub	x13,x24,x4	 x24:0x0f2a048a  x4:0x5e929000 x13=0xb097748a
      236482000	     11722	80004cd4	0001	c.addi	x0,0	  x0:0x00000000  x0=0x00000000
      236662000	     11731	80004cd6	03279163	bne	x15,x18,80004cf8	 x15:0x80025ce4 x18:0x00000000
      237502000	     11773	80004cf8	030436b3	mulhu	x13,x8,x16	  x8:0x80000375 x16:0x00000000 x13=0x00000000
      237522000	     11774	80004cfc	01156563	bltu	x10,x17,80004d06	 x10:0xffffffff x17:0x00000000
      237542000	     11775	80004d00	51fd	c.li	x3,-1	  x3=0xffffffff
      237562000	     11776	80004d02	01af8a63	beq	x31,x26,80004d16	 x31:0xffffffff x26:0x00000000
      237582000	     11777	80004d06	848a	c.mv	x9,x2	  x0:0x00000000  x2:0x000001f4  x9=0x000001f4
      237602000	     11778	80004d08	0181d593	srli	x11,x3,0x18	  x3:0xffffffff x11=0x000000ff
      237742000	     11785	80004d0c	02c04263	blt	x0,x12,80004d30	  x0:0x00000000 x12:0x00000000
      238702000	     11833	80004d10	8e51	c.or	x12,x12	 x12:0x00000000 x12:0x00000000 x12=0x00000000
      238722000	     11834	80004d12	8009	c.srli	x8,0x2	  x8:0x80000375  x8=0x200000dd
      238742000	     11835	80004d14	8355	c.srli	x14,0x15	 x14:0xffffffff x14=0x000007ff
      238762000	     11836	80004d16	86a9	c.srai	x13,0xa	 x13:0x00000000 x13=0x00000000
      238782000	     11837	80004d18	00eb0233	add	x4,x22,x14	 x22:0xc47c9000 x14:0x000007ff  x4=0xc47c97ff
      238882000	     11842	80004d1c	01c8a833	slt	x16,x17,x28	 x17:0x00000000 x28:0x80021e54 x16=0x00000000
      238922000	     11844	80004d20	03021db3	mulh	x27,x4,x16	  x4:0xc47c97ff x16:0x00000000 x27=0x00000000
      238942000	     11845	80004d24	38185017	auipc	x0,0x38185	  x0=0x00000000
      239002000	     11848	80004d28	8a9a	c.mv	x21,x6	  x0:0x00000000  x6:0x80025ce4 x21=0x80025ce4
      239022000	     11849	80004d2a	5afd	c.li	x21,-1	 x21=0xffffffff
      239142000	     11855	80004d2c	026c9b63	bne	x25,x6,80004d62	 x25:0x07c20654  x6:0x80025ce4
      239682000	     11882	80004d62	8c79	c.and	x8,x14	  x8:0x200000dd x14:0x000007ff  x8=0x000000dd
      239842000	     11890	80004d64	03fdce63	blt	x27,x31,80004da0	 x27:0x00000000 x31:0xffffffff
      239862000	     11891	80004d68	5f7d	c.li	x30,-1	 x30=0xffffffff
      239882000	     11892	80004d6a	01c50833	add	x16,x10,x28	 x10:0xffffffff x28:0x80021e54 x16=0x80021e53
      239902000	     11893	80004d6e	8df5	c.and	x11,x13	 x11:0x000000ff x13:0x00000000 x11=0x00000000
      239922000	     11894	80004d70	0590e063	bltu	x1,x25,80004db0	  x1:0x5e92964e x25:0x07c20654
      239942000	     11895	80004d74	40225213	srai	x4,x4,0x2	  x4:0xc47c97ff  x4=0xf11f25ff
      239962000	     11896	80004d78	8dcd	c.or	x11,x11	 x11:0x00000000 x11:0x00000000 x11=0x00000000
      240122000	     11904	80004d7a	02d2cdb3	div	x27,x5,x13	  x5:0x00000001 x13:0x00000000 x27=0xffffffff
      240522000	     11924	80004d7e	01eec033	xor	x0,x29,x30	 x29:0x00000000 x30:0xffffffff  x0=0x00000000
      240622000	     11929	80004d82	415ed6b3	sra	x13,x29,x21	 x29:0x00000000 x21:0xffffffff x13=0x00000000
      240642000	     11930	80004d86	8d91	c.sub	x11,x12	 x11:0x00000000 x12:0x00000000 x11=0x00000000
      240662000	     11931	80004d88	9ebe	c.add	x29,x15	 x29:0x00000000 x15:0x80025ce4 x29=0x80025ce4
      240682000	     11932	80004d8a	039cf763	bgeu	x25,x25,80004db8	 x25:0x07c20654 x25:0x07c20654
      240782000	     11937	80004db8	03878963	beq	x15,x24,80004dea	 x15:0x80025ce4 x24:0x0f2a048a
      240802000	     11938	80004dbc	8cad	c.xor	x9,x11	  x9:0x000001f4 x11:0x00000000  x9=0x000001f4
      240822000	     11939	80004dbe	04a6	c.slli	x9,0x9	  x9:0x000001f4  x9=0x0003e800
      240842000	     11940	80004dc0	0006dcb3	srl	x25,x13,x0	 x13:0x00000000  x0:0x00000000 x25=0x00000000
      241582000	     11977	80004dc4	034b60b3	rem	x1,x22,x20	 x22:0xc47c9000 x20:0xc5f54000  x1=0xfe875000
      241602000	     11978	80004dc8	6809	c.lui	x16,0x2	 x16=0x00002000
      241622000	     11979	80004dca	6e3e7f13	andi	x30,x28,1763	 x28:0x80021e54 x30=0x00000640
      241642000	     11980	80004dce	2ec8c597	auipc	x11,0x2ec8c	 x11=0xaec90dce
      241662000	     11981	80004dd2	557d	c.li	x10,-1	 x10=0xffffffff
      241682000	     11982	80004dd4	00dd1d93	slli	x27,x26,0xd	 x26:0x00000000 x27=0x00000000
      241702000	     11983	80004dd8	8ae9	c.andi	x13,26	 x13:0x00000000 x13=0x00000000
      241722000	     11984	80004dda	80b9	c.srli	x9,0xe	  x9:0x0003e800  x9=0x0000000f
      241762000	     11986	80004ddc	021e11b3	mulh	x3,x28,x1	 x28:0x80021e54  x1:0xfe875000  x3=0x00bc54e1
      241782000	     11987	80004de0	0ff0000f	fence	iorw,iorw	
      242162000	     12006	80004de4	0ff0000f	fence	iorw,iorw	
      242182000	     12007	80004de8	8d31	c.xor	x10,x12	 x10:0xffffffff x12:0x00000000 x10=0xffffffff
      242202000	     12008	80004dea	01871013	slli	x0,x14,0x18	 x14:0x000007ff  x0=0x00000000
      242382000	     12017	80004dee	dc13ae97	auipc	x29,0xdc13a	 x29=0x5c13edee
      242762000	     12036	80004df2	68d46f13	ori	x30,x8,1677	  x8:0x000000dd x30=0x000006dd
      243182000	     12057	80004df6	38230a13	addi	x20,x6,898	  x6:0x80025ce4 x20=0x80026066
      243202000	     12058	80004dfa	4a75	c.li	x20,29	 x20=0x0000001d
      243222000	     12059	80004dfc	00d7fcb3	and	x25,x15,x13	 x15:0x80025ce4 x13:0x00000000 x25=0x00000000
      243242000	     12060	80004e00	d86c0893	addi	x17,x24,-634	 x24:0x0f2a048a x17=0x0f2a0210
      243262000	     12061	80004e04	01f65f63	bge	x12,x31,80004e22	 x12:0x00000000 x31:0xffffffff
      244242000	     12110	80004e22	04634493	xori	x9,x6,70	  x6:0x80025ce4  x9=0x80025ca2
      244282000	     12112	80004e26	030e9133	mulh	x2,x29,x16	 x29:0x5c13edee x16:0x00002000  x2=0x00000b82
      244302000	     12113	80004e2a	00236eb3	or	x29,x6,x2	  x6:0x80025ce4  x2:0x00000b82 x29=0x80025fe6
      244322000	     12114	80004e2e	e109	c.bnez	x10,80004e30	 x10:0xffffffff
      245242000	     12160	80004e30	ab374697	auipc	x13,0xab374	 x13=0x2b378e30
      245262000	     12161	80004e34	002c8e63	beq	x25,x2,80004e50	 x25:0x00000000  x2:0x00000b82
      245282000	     12162	80004e38	008f11b3	sll	x3,x30,x8	 x30:0x000006dd  x8:0x000000dd  x3=0xa0000000
      245702000	     12183	80004e3c	0b42	c.slli	x22,0x10	 x22:0xc47c9000 x22=0x90000000
      245722000	     12184	80004e3e	6375	c.lui	x6,0x1d	  x6=0x0001d000
      246122000	     12204	80004e40	8d31	c.xor	x10,x12	 x10:0xffffffff x12:0x00000000 x10=0xffffffff
      246282000	     12212	80004e42	41005333	sra	x6,x0,x16	  x0:0x00000000 x16:0x00002000  x6=0x00000000
      246302000	     12213	80004e46	6125	c.addi16sp	x2,96	  x2:0x00000b82  x2=0x00000be2
      246382000	     12217	80004e48	0ff0000f	fence	iorw,iorw	
      246522000	     12224	80004e4c	8f65	c.and	x14,x9	 x14:0x000007ff  x9:0x80025ca2 x14=0x000004a2
      246542000	     12225	80004e4e	9b52	c.add	x22,x20	 x22:0x90000000 x20:0x0000001d x22=0x9000001d
      246862000	     12241	80004e50	c7ca3b17	auipc	x22,0xc7ca3	 x22=0x47ca7e50
      247602000	     12278	80004e54	02187db3	remu	x27,x16,x1	 x16:0x00002000  x1:0xfe875000 x27=0x00002000
      247642000	     12280	80004e58	0320d5b3	divu	x11,x1,x18	  x1:0xfe875000 x18:0x00000000 x11=0xffffffff
      247662000	     12281	80004e5c	010af763	bgeu	x21,x16,80004e6a	 x21:0xffffffff x16:0x00002000
      247722000	     12284	80004e6a	01dd5463	bge	x26,x29,80004e72	 x26:0x00000000 x29:0x80025fe6
      248322000	     12314	80004e72	4a01	c.li	x20,0	 x20=0x00000000
      248462000	     12321	80004e74	01c94f63	blt	x18,x28,80004e92	 x18:0x00000000 x28:0x80021e54
      249242000	     12360	80004e78	02bc59b3	divu	x19,x24,x11	 x24:0x0f2a048a x11:0xffffffff x19=0x00000000
      249262000	     12361	80004e7c	015f4363	blt	x30,x21,80004e82	 x30:0x000006dd x21:0xffffffff
      249282000	     12362	80004e80	e495	c.bnez	x9,80004eac	  x9:0x80025ca2
      249362000	     12366	80004eac	8956	c.mv	x18,x21	  x0:0x00000000 x21:0xffffffff x18=0xffffffff
      249382000	     12367	80004eae	567d	c.li	x12,-1	 x12=0xffffffff
      249402000	     12368	80004eb0	cc0d	c.beqz	x8,80004eea	  x8:0x000000dd
      249422000	     12369	80004eb2	82d5	c.srli	x13,0x15	 x13:0x2b378e30 x13=0x00000159
      249442000	     12370	80004eb4	2de33213	sltiu	x4,x6,734	  x6:0x00000000  x4=0x00000001
      250182000	     12407	80004eb8	0365d8b3	divu	x17,x11,x22	 x11:0xffffffff x22:0x47ca7e50 x17=0x00000003
      250202000	     12408	80004ebc	0087ccb3	xor	x25,x15,x8	 x15:0x80025ce4  x8:0x000000dd x25=0x80025c39
      250222000	     12409	80004ec0	02145663	bge	x8,x1,80004eec	  x8:0x000000dd  x1:0xfe875000
      250302000	     12413	80004eec	c089	c.beqz	x9,80004eee	  x9:0x80025ca2
      250322000	     12414	80004eee	0326	c.slli	x6,0x9	  x6:0x00000000  x6=0x00000000
      251482000	     12472	80004ef0	0277c2b3	div	x5,x15,x7	 x15:0x80025ce4  x7:0x80000000  x5=0x00000000
      251502000	     12473	80004ef4	0000100f	fence.i	
      251622000	     12479	80004ef8	0c05	c.addi	x24,1	 x24:0x0f2a048a x24=0x0f2a048b
      251702000	     12483	80004efa	002e1413	slli	x8,x28,0x2	 x28:0x80021e54  x8=0x00087950
      251722000	     12484	80004efe	822e	c.mv	x4,x11	  x0:0x00000000 x11:0xffffffff  x4=0xffffffff
      251942000	     12495	80004f00	8909	c.andi	x10,2	 x10:0xffffffff x10=0x00000002
      252682000	     12532	80004f02	03f14c33	div	x24,x2,x31	  x2:0x00000be2 x31:0xffffffff x24=0xfffff41e
      252702000	     12533	80004f06	01e4eeb3	or	x29,x9,x30	  x9:0x80025ca2 x30:0x000006dd x29=0x80025eff
      252722000	     12534	80004f0a	00683233	sltu	x4,x16,x6	 x16:0x00002000  x6:0x00000000  x4=0x00000000
      252742000	     12535	80004f0e	0001	c.addi	x0,0	  x0:0x00000000  x0=0x00000000
      252762000	     12536	80004f10	0ff0000f	fence	iorw,iorw	
      252802000	     12538	80004f14	0257d1b3	divu	x3,x15,x5	 x15:0x80025ce4  x5:0x00000000  x3=0xffffffff
      252822000	     12539	80004f18	409f5db3	sra	x27,x30,x9	 x30:0x000006dd  x9:0x80025ca2 x27=0x000001b7
      252862000	     12541	80004f1c	026bdeb3	divu	x29,x23,x6	 x23:0x15000000  x6:0x00000000 x29=0xffffffff
      253222000	     12559	80004f20	0575	c.addi	x10,29	 x10:0x00000002 x10=0x0000001f
      253242000	     12560	80004f22	02ddfa63	bgeu	x27,x13,80004f56	 x27:0x000001b7 x13:0x00000159
      253502000	     12573	80004f56	1032d897	auipc	x17,0x1032d	 x17=0x90331f56
      253522000	     12574	80004f5a	01c6e033	or	x0,x13,x28	 x13:0x00000159 x28:0x80021e54  x0=0x00000000
      253562000	     12576	80004f5e	0ff0000f	fence	iorw,iorw	
      253582000	     12577	80004f62	0001	c.addi	x0,0	  x0:0x00000000  x0=0x00000000
      253622000	     12579	80004f64	025f7533	remu	x10,x30,x5	 x30:0x000006dd  x5:0x00000000 x10=0x000006dd
      253642000	     12580	80004f68	40bf00b3	sub	x1,x30,x11	 x30:0x000006dd x11:0xffffffff  x1=0x000006de
      253782000	     12587	80004f6c	01db78b3	and	x17,x22,x29	 x22:0x47ca7e50 x29:0xffffffff x17=0x47ca7e50
      253802000	     12588	80004f70	86ed	c.srai	x13,0x1b	 x13:0x00000159 x13=0x00000000
      253822000	     12589	80004f72	42992f13	slti	x30,x18,1065	 x18:0xffffffff x30=0x00000001
      253842000	     12590	80004f76	0000100f	fence.i	
      254382000	     12617	80004f7a	01281613	slli	x12,x16,0x12	 x16:0x00002000 x12=0x80000000
      254682000	     12632	80004f7e	01c8c5b3	xor	x11,x17,x28	 x17:0x47ca7e50 x28:0x80021e54 x11=0xc7c86004
      254722000	     12634	80004f82	00934d33	xor	x26,x6,x9	  x6:0x00000000  x9:0x80025ca2 x26=0x80025ca2
      254742000	     12635	80004f86	1600	c.addi4spn	x8,x2,800	  x8=0x00000f02
      254782000	     12637	80004f88	02bfa9b3	mulhsu	x19,x31,x11	 x31:0xffffffff x11:0xc7c86004 x19=0xffffffff
      255102000	     12653	80004f8c	1598	c.addi4spn	x14,x2,736	 x14=0x00000ec2
      255122000	     12654	80004f8e	84bd	c.srai	x9,0xf	  x9:0x80025ca2  x9=0xffff0004
      255142000	     12655	80004f90	6115	c.addi16sp	x2,288	  x2:0x00000be2  x2=0x00000d02
      255282000	     12662	80004f92	00e48533	add	x10,x9,x14	  x9:0xffff0004 x14:0x00000ec2 x10=0xffff0ec6
      255302000	     12663	80004f96	51fd	c.li	x3,-1	  x3=0xffffffff
      255402000	     12668	80004f98	c9c92c13	slti	x24,x18,-868	 x18:0xffffffff x24=0x00000000
      255422000	     12669	80004f9c	aaf1d6b7	lui	x13,0xaaf1d	 x13=0xaaf1d000
      255442000	     12670	80004fa0	8c85	c.sub	x9,x9	  x9:0xffff0004  x9:0xffff0004  x9=0x00000000
      255562000	     12676	80004fa2	40a3d533	sra	x10,x7,x10	  x7:0x80000000 x10:0xffff0ec6 x10=0xfe000000
      255582000	     12677	80004fa6	1c872493	slti	x9,x14,456	 x14:0x00000ec2  x9=0x00000000
      255602000	     12678	80004faa	042f1563	bne	x30,x2,80004ff4	 x30:0x00000001  x2:0x00000d02
      256622000	     12729	80004ff4	01f53eb3	sltu	x29,x10,x31	 x10:0xfe000000 x31:0xffffffff x29=0x00000001
      256642000	     12730	80004ff8	0f0e	c.slli	x30,0x3	 x30:0x00000001 x30=0x00000008
      256682000	     12732	80004ffa	032439b3	mulhu	x19,x8,x18	  x8:0x00000f02 x18:0xffffffff x19=0x00000f01
      256962000	     12746	80004ffe	401c5bb3	sra	x23,x24,x1	 x24:0x00000000  x1:0x000006de x23=0x00000000
      257342000	     12765	80005002	02f79563	bne	x15,x15,8000502c	 x15:0x80025ce4 x15:0x80025ce4
      257362000	     12766	80005006	40ac5a93	srai	x21,x24,0xa	 x24:0x00000000 x21=0x00000000
      257382000	     12767	8000500a	717d	c.addi16sp	x2,-16	  x2:0x00000d02  x2=0x00000cf2
      257782000	     12787	8000500c	8c2d	c.xor	x8,x11	  x8:0x00000f02 x11:0xc7c86004  x8=0xc7c86f06
      257802000	     12788	8000500e	01d462b3	or	x5,x8,x29	  x8:0xc7c86f06 x29:0x00000001  x5=0xc7c86f07
      257822000	     12789	80005012	00360733	add	x14,x12,x3	 x12:0x80000000  x3:0xffffffff x14=0x7fffffff
      257842000	     12790	80005016	0000100f	fence.i	
      259122000	     12854	8000501a	0303c933	div	x18,x7,x16	  x7:0x80000000 x16:0x00002000 x18=0xfffc0000
      259142000	     12855	8000501e	e581	c.bnez	x11,80005026	 x11:0xc7c86004
      259822000	     12889	80005026	6fed	c.lui	x31,0x1b	 x31=0x0001b000
      259902000	     12893	80005028	03fa7263	bgeu	x20,x31,8000504c	 x20:0x00000000 x31:0x0001b000
      259962000	     12896	8000502c	0ff0000f	fence	iorw,iorw	
      259982000	     12897	80005030	00a7fb33	and	x22,x15,x10	 x15:0x80025ce4 x10:0xfe000000 x22=0x80000000
      260022000	     12899	80005034	03949933	mulh	x18,x9,x25	  x9:0x00000000 x25:0x80025c39 x18=0x00000000
      260142000	     12905	80005038	72852a93	slti	x21,x10,1832	 x10:0xfe000000 x21=0x00000001
      260542000	     12925	8000503c	075c4a93	xori	x21,x24,117	 x24:0x00000000 x21=0x00000075
      260562000	     12926	80005040	896a	c.mv	x18,x26	  x0:0x00000000 x26:0x80025ca2 x18=0x80025ca2
      260582000	     12927	80005042	6135	c.addi16sp	x2,352	  x2:0x00000cf2  x2=0x00000e52
      260602000	     12928	80005044	0317f163	bgeu	x15,x17,80005066	 x15:0x80025ce4 x17:0x47ca7e50
      260662000	     12931	80005066	8d79	c.and	x10,x14	 x10:0xfe000000 x14:0x7fffffff x10=0x7e000000
      260822000	     12939	80005068	1c00	c.addi4spn	x8,x2,560	  x8=0x00001082
      260842000	     12940	8000506a	004da5b3	slt	x11,x27,x4	 x27:0x000001b7  x4:0x00000000 x11=0x00000000
      260882000	     12942	8000506e	02262b33	mulhsu	x22,x12,x2	 x12:0x80000000  x2:0x00000e52 x22=0xfffff8d7
      260902000	     12943	80005072	01435893	srli	x17,x6,0x14	  x6:0x00000000 x17=0x00000000
      260922000	     12944	80005076	15120093	addi	x1,x4,337	  x4:0x00000000  x1=0x00000151
      261062000	     12951	8000507a	02013933	mulhu	x18,x2,x0	  x2:0x00000e52  x0:0x00000000 x18=0x00000000
      261802000	     12988	8000507e	022be033	rem	x0,x23,x2	 x23:0x00000000  x2:0x00000e52  x0=0x00000000
      261822000	     12989	80005082	0150a0b3	slt	x1,x1,x21	  x1:0x00000151 x21:0x00000075  x1=0x00000000
      261842000	     12990	80005086	469fd937	lui	x18,0x469fd	 x18=0x469fd000
      261862000	     12991	8000508a	001d6a33	or	x20,x26,x1	 x26:0x80025ca2  x1:0x00000000 x20=0x80025ca2
      261882000	     12992	8000508e	00e288b3	add	x17,x5,x14	  x5:0xc7c86f07 x14:0x7fffffff x17=0x47c86f06
      261902000	     12993	80005092	40aed613	srai	x12,x29,0xa	 x29:0x00000001 x12=0x00000000
      261922000	     12994	80005096	8dc9	c.or	x11,x10	 x11:0x00000000 x10:0x7e000000 x11=0x7e000000
      261962000	     12996	80005098	033c8133	mul	x2,x25,x19	 x25:0x80025c39 x19:0x00000f01  x2=0xa369b339
      262042000	     13000	8000509c	02360463	beq	x12,x3,800050c4	 x12:0x00000000  x3:0xffffffff
      262062000	     13001	800050a0	038300b3	mul	x1,x6,x24	  x6:0x00000000 x24:0x00000000  x1=0x00000000
      262082000	     13002	800050a4	01688663	beq	x17,x22,800050b0	 x17:0x47c86f06 x22:0xfffff8d7
      262242000	     13010	800050a8	0001	c.addi	x0,0	  x0:0x00000000  x0=0x00000000
      262262000	     13011	800050aa	0001	c.addi	x0,0	  x0:0x00000000  x0=0x00000000
      262282000	     13012	800050ac	010c1313	slli	x6,x24,0x10	 x24:0x00000000  x6=0x00000000
      262662000	     13031	800050b0	00027233	and	x4,x4,x0	  x4:0x00000000  x0:0x00000000  x4=0x00000000
      263082000	     13052	800050b4	c505	c.beqz	x10,800050dc	 x10:0x7e000000
      263102000	     13053	800050b6	89c1	c.andi	x11,16	 x11:0x7e000000 x11=0x00000000
      263122000	     13054	800050b8	01ad1933	sll	x18,x26,x26	 x26:0x80025ca2 x26:0x80025ca2 x18=0x00097288
      263142000	     13055	800050bc	6175	c.addi16sp	x2,368	  x2:0xa369b339  x2=0xa369b4a9
      263162000	     13056	800050be	8c5f7993	andi	x19,x30,-1851	 x30:0x00000008 x19=0x00000000
      263182000	     13057	800050c2	6141	c.addi16sp	x2,16	  x2:0xa369b4a9  x2=0xa369b4b9
      263242000	     13060	800050c4	c291	c.beqz	x13,800050c8	 x13:0xaaf1d000
      263262000	     13061	800050c6	e089	c.bnez	x9,800050c8	  x9:0x00000000
      263402000	     13068	800050c8	8579	c.srai	x10,0x1e	 x10:0x7e000000 x10=0x00000001
      263822000	     13089	800050ca	00fee1b3	or	x3,x29,x15	 x29:0x00000001 x15:0x80025ce4  x3=0x80025ce5
      263842000	     13090	800050ce	8f46	c.mv	x30,x17	  x0:0x00000000 x17:0x47c86f06 x30=0x47c86f06
      278502000	     13823	800050d0	997d	c.andi	x10,-1	 x10:0x00000001 x10=0x00000001
      278522000	     13824	800050d2	350281b7	lui	x3,0x35028	  x3=0x35028000
      278542000	     13825	800050d6	617d	c.addi16sp	x2,496	  x2:0xa369b4b9  x2=0xa369b6a9
      278562000	     13826	800050d8	40d9d213	srai	x4,x19,0xd	 x19:0x00000000  x4=0x00000000
      278582000	     13827	800050dc	4c6c8b93	addi	x23,x25,1222	 x25:0x80025c39 x23=0x800260ff
      279162000	     13856	800050e0	019d5863	bge	x26,x25,800050f0	 x26:0x80025ca2 x25:0x80025c39
      279702000	     13883	800050f0	612d	c.addi16sp	x2,224	  x2:0xa369b6a9  x2=0xa369b789
      279722000	     13884	800050f2	008b2fb3	slt	x31,x22,x8	 x22:0xfffff8d7  x8:0x00001082 x31=0x00000001
      279742000	     13885	800050f6	80a5	c.srli	x9,0x9	  x9:0x00000000  x9=0x00000000
      279762000	     13886	800050f8	997d	c.andi	x10,-1	 x10:0x00000001 x10=0x00000001
      279782000	     13887	800050fa	003ab733	sltu	x14,x21,x3	 x21:0x00000075  x3:0x35028000 x14=0x00000001
      279802000	     13888	800050fe	8426a693	slti	x13,x13,-1982	 x13:0xaaf1d000 x13=0x00000001
      280082000	     13902	80005102	02b07963	bgeu	x0,x11,80005134	  x0:0x00000000 x11:0x00000000
      280542000	     13925	80005134	02a2fe63	bgeu	x5,x10,80005170	  x5:0xc7c86f07 x10:0x00000001
      281882000	     13992	80005170	41c2ddb3	sra	x27,x5,x28	  x5:0xc7c86f07 x28:0x80021e54 x27=0xfffffc7c
      282022000	     13999	80005174	419c8633	sub	x12,x25,x25	 x25:0x80025c39 x25:0x80025c39 x12=0x00000000
      282042000	     14000	80005178	40f80633	sub	x12,x16,x15	 x16:0x00002000 x15:0x80025ce4 x12=0x7ffdc31c
      282062000	     14001	8000517c	0007e8b3	or	x17,x15,x0	 x15:0x80025ce4  x0:0x00000000 x17=0x80025ce4
      282202000	     14008	80005180	8f4d	c.or	x14,x11	 x14:0x00000001 x11:0x00000000 x14=0x00000001
      282342000	     14015	80005182	768d8517	auipc	x10,0x768d8	 x10=0xf68dd182
      282362000	     14016	80005186	683d	c.lui	x16,0xf	 x16=0x0000f000
      282402000	     14018	80005188	0386a633	mulhsu	x12,x13,x24	 x13:0x00000001 x24:0x00000000 x12=0x00000000
      282622000	     14029	8000518c	41e25293	srai	x5,x4,0x1e	  x4:0x00000000  x5=0x00000000
      283042000	     14050	80005190	41a55f33	sra	x30,x10,x26	 x10:0xf68dd182 x26:0x80025ca2 x30=0xfda37460
      283062000	     14051	80005194	01c18633	add	x12,x3,x28	  x3:0x35028000 x28:0x80021e54 x12=0xb5049e54
      283182000	     14057	80005198	8d29	c.xor	x10,x10	 x10:0xf68dd182 x10:0xf68dd182 x10=0x00000000
      283202000	     14058	8000519a	9a7d	c.andi	x12,-1	 x12:0xb5049e54 x12=0xb5049e54
      283222000	     14059	8000519c	cd11	c.beqz	x10,800051b8	 x10:0x00000000
      283442000	     14070	800051b8	00c8c6b3	xor	x13,x17,x12	 x17:0x80025ce4 x12:0xb5049e54 x13=0x3506c2b0
      283662000	     14081	800051bc	02588933	mul	x18,x17,x5	 x17:0x80025ce4  x5:0x00000000 x18=0x00000000
      283682000	     14082	800051c0	01275c13	srli	x24,x14,0x12	 x14:0x00000001 x24=0x00000000
      283882000	     14092	800051c4	e40f0513	addi	x10,x30,-448	 x30:0xfda37460 x10=0xfda372a0
      284042000	     14100	800051c8	00f924b3	slt	x9,x18,x15	 x18:0x00000000 x15:0x80025ce4  x9=0x00000000
      284062000	     14101	800051cc	03fafd63	bgeu	x21,x31,80005206	 x21:0x00000075 x31:0x00000001
      285062000	     14151	80005206	022344b3	div	x9,x6,x2	  x6:0x00000000  x2:0xa369b789  x9=0x00000000
      285082000	     14152	8000520a	4b5d	c.li	x22,23	 x22=0x00000017
      285102000	     14153	8000520c	8d51	c.or	x10,x12	 x10:0xfda372a0 x12:0xb5049e54 x10=0xfda7fef4
      285142000	     14155	8000520e	026391b3	mulh	x3,x7,x6	  x7:0x80000000  x6:0x00000000  x3=0x00000000
      285162000	     14156	80005212	0716	c.slli	x14,0x5	 x14:0x00000001 x14=0x00000020
      285182000	     14157	80005214	8cb1	c.xor	x9,x12	  x9:0x00000000 x12:0xb5049e54  x9=0xb5049e54
      285202000	     14158	80005216	ef11	c.bnez	x14,80005232	 x14:0x00000020
      285822000	     14189	80005232	01260db3	add	x27,x12,x18	 x12:0xb5049e54 x18:0x00000000 x27=0xb5049e54
      285842000	     14190	80005236	73d0bb17	auipc	x22,0x73d0b	 x22=0xf3d10236
      285862000	     14191	8000523a	c88d	c.beqz	x9,8000526c	  x9:0xb5049e54
      285882000	     14192	8000523c	8f5e	c.mv	x30,x23	  x0:0x00000000 x23:0x800260ff x30=0x800260ff
      285982000	     14197	8000523e	190e0593	addi	x11,x28,400	 x28:0x80021e54 x11=0x80021fe4
      286002000	     14198	80005242	6b05	c.lui	x22,0x1	 x22=0x00001000
      286022000	     14199	80005244	03a5c463	blt	x11,x26,8000526c	 x11:0x80021fe4 x26:0x80025ca2
      286542000	     14225	8000526c	02af0863	beq	x30,x10,8000529c	 x30:0x800260ff x10:0xfda7fef4
      286702000	     14233	80005270	abe1cf17	auipc	x30,0xabe1c	 x30=0x2be21270
      287042000	     14250	80005274	020f51b3	divu	x3,x30,x0	 x30:0x2be21270  x0:0x00000000  x3=0xffffffff
      287082000	     14252	80005278	01937933	and	x18,x6,x25	  x6:0x00000000 x25:0x80025c39 x18=0x00000000
      287242000	     14260	8000527c	82f1	c.srli	x13,0x1c	 x13:0x3506c2b0 x13=0x00000003
      287302000	     14263	8000527e	02a40663	beq	x8,x10,800052aa	  x8:0x00001082 x10:0xfda7fef4
      287382000	     14267	80005282	413c0133	sub	x2,x24,x19	 x24:0x00000000 x19:0x00000000  x2=0x00000000
      287402000	     14268	80005286	830a	c.mv	x6,x2	  x0:0x00000000  x2:0x00000000  x6=0x00000000
      287442000	     14270	80005288	7f94a137	lui	x2,0x7f94a	  x2=0x7f94a000
      287462000	     14271	8000528c	e7176b97	auipc	x23,0xe7176	 x23=0x6717b28c
      287662000	     14281	80005290	00c50a33	add	x20,x10,x12	 x10:0xfda7fef4 x12:0xb5049e54 x20=0xb2ac9d48
      287682000	     14282	80005294	5f727013	andi	x0,x4,1527	  x4:0x00000000  x0=0x00000000
      288142000	     14305	80005298	03b63333	mulhu	x6,x12,x27	 x12:0xb5049e54 x27:0xb5049e54  x6=0x7fff87f8
      288202000	     14308	8000529c	8866	c.mv	x16,x25	  x0:0x00000000 x25:0x80025c39 x16=0x80025c39
      288242000	     14310	8000529e	0383b0b3	mulhu	x1,x7,x24	  x7:0x80000000 x24:0x00000000  x1=0x00000000
      288262000	     14311	800052a2	41cfd993	srai	x19,x31,0x1c	 x31:0x00000001 x19=0x00000000
      288282000	     14312	800052a6	0001	c.addi	x0,0	  x0:0x00000000  x0=0x00000000
      288302000	     14313	800052a8	8699	c.srai	x13,0x6	 x13:0x00000003 x13=0x00000000
      289042000	     14350	800052aa	03c57833	remu	x16,x10,x28	 x10:0xfda7fef4 x28:0x80021e54 x16=0x7da5e0a0
      289062000	     14351	800052ae	0ff0000f	fence	iorw,iorw	
      289082000	     14352	800052b2	0138f133	and	x2,x17,x19	 x17:0x80025ce4 x19:0x00000000  x2=0x00000000
      289102000	     14353	800052b6	03d8e763	bltu	x17,x29,800052e4	 x17:0x80025ce4 x29:0x00000001
      289122000	     14354	800052ba	8459	c.srai	x8,0x16	  x8:0x00001082  x8=0x00000000
      289142000	     14355	800052bc	0001	c.addi	x0,0	  x0:0x00000000  x0=0x00000000
      289162000	     14356	800052be	01ef66b3	or	x13,x30,x30	 x30:0x2be21270 x30:0x2be21270 x13=0x2be21270
      289182000	     14357	800052c2	c52af5b7	lui	x11,0xc52af	 x11=0xc52af000
      289202000	     14358	800052c6	9b7d	c.andi	x14,-1	 x14:0x00000020 x14=0x00000020
      289222000	     14359	800052c8	00e72d33	slt	x26,x14,x14	 x14:0x00000020 x14:0x00000020 x26=0x00000000
      289262000	     14361	800052cc	00a81bb3	sll	x23,x16,x10	 x16:0x7da5e0a0 x10:0xfda7fef4 x23=0x0a000000
      289842000	     14390	800052d0	41b45c13	srai	x24,x8,0x1b	  x8:0x00000000 x24=0x00000000
      289882000	     14392	800052d4	02417233	remu	x4,x2,x4	  x2:0x00000000  x4:0x00000000  x4=0x00000000
      290282000	     14412	800052d8	e453f713	andi	x14,x7,-443	  x7:0x80000000 x14=0x80000000
      290442000	     14420	800052dc	0356	c.slli	x6,0x15	  x6:0x7fff87f8  x6=0xff000000
      290462000	     14421	800052de	01691833	sll	x16,x18,x22	 x18:0x00000000 x22:0x00001000 x16=0x00000000
      290482000	     14422	800052e2	c221	c.beqz	x12,80005322	 x12:0xb5049e54
      290542000	     14425	800052e4	035d3bb3	mulhu	x23,x26,x21	 x26:0x00000000 x21:0x00000075 x23=0x00000000
      290562000	     14426	800052e8	029e5d63	bge	x28,x9,80005322	 x28:0x80021e54  x9:0xb5049e54
      290582000	     14427	800052ec	00c59f13	slli	x30,x11,0xc	 x11:0xc52af000 x30=0xaf000000
      290742000	     14435	800052f0	007470b3	and	x1,x8,x7	  x8:0x00000000  x7:0x80000000  x1=0x00000000
      290762000	     14436	800052f4	00d21263	bne	x4,x13,800052f8	  x4:0x00000000 x13:0x2be21270
      291382000	     14467	800052f8	03846833	rem	x16,x8,x24	  x8:0x00000000 x24:0x00000000 x16=0x00000000
      291602000	     14478	800052fc	017c7433	and	x8,x24,x23	 x24:0x00000000 x23:0x00000000  x8=0x00000000
      291622000	     14479	80005300	00278333	add	x6,x15,x2	 x15:0x80025ce4  x2:0x00000000  x6=0x80025ce4
      291662000	     14481	80005304	0ff0000f	fence	iorw,iorw	
      291682000	     14482	80005308	008ed993	srli	x19,x29,0x8	 x29:0x00000001 x19=0x00000000
      292102000	     14503	8000530c	6f61	c.lui	x30,0x18	 x30=0x00018000
      292122000	     14504	8000530e	845d	c.srai	x8,0x17	  x8:0x00000000  x8=0x00000000
      292322000	     14514	80005310	0000100f	fence.i	
      294602000	     14628	80005314	0345da33	divu	x20,x11,x20	 x11:0xc52af000 x20:0xb2ac9d48 x20=0x00000001
      294622000	     14629	80005318	9f92	c.add	x31,x4	 x31:0x00000001  x4:0x00000000 x31=0x00000001
      295362000	     14666	8000531a	0354e333	rem	x6,x9,x21	  x9:0xb5049e54 x21:0x00000075  x6=0xffffffb2
      295382000	     14667	8000531e	32268013	addi	x0,x13,802	 x13:0x2be21270  x0=0x00000000
      295402000	     14668	80005322	023c1f63	bne	x24,x3,80005360	 x24:0x00000000  x3:0xffffffff
      295602000	     14678	80005360	71612c17	auipc	x24,0x71612	 x24=0xf1617360
      296022000	     14699	80005364	01eb7733	and	x14,x22,x30	 x22:0x00001000 x30:0x00018000 x14=0x00000000
      296142000	     14705	80005368	055d	c.addi	x10,23	 x10:0xfda7fef4 x10=0xfda7ff0b
      296162000	     14706	8000536a	0001	c.addi	x0,0	  x0:0x00000000  x0=0x00000000
      296222000	     14709	8000536c	00bf40b3	xor	x1,x30,x11	 x30:0x00018000 x11:0xc52af000  x1=0xc52b7000
      296642000	     14730	80005370	011e1593	slli	x11,x28,0x11	 x28:0x80021e54 x11=0x3ca80000
      296662000	     14731	80005374	6b65	c.lui	x22,0x19	 x22=0x00019000
      296682000	     14732	80005376	01e5ea33	or	x20,x11,x30	 x11:0x3ca80000 x30:0x00018000 x20=0x3ca98000
      296702000	     14733	8000537a	028b4163	blt	x22,x8,8000539c	 x22:0x00019000  x8:0x00000000
      296722000	     14734	8000537e	8ef9	c.and	x13,x14	 x13:0x2be21270 x14:0x00000000 x13=0x00000000
      296862000	     14741	80005380	c6f26713	ori	x14,x4,-913	  x4:0x00000000 x14=0xfffffc6f
      296882000	     14742	80005384	f7ce0c93	addi	x25,x28,-132	 x28:0x80021e54 x25=0x80021dd0
      298022000	     14799	80005388	03f97133	remu	x2,x18,x31	 x18:0x00000000 x31:0x00000001  x2=0x00000000
      298042000	     14800	8000538c	cfa53293	sltiu	x5,x10,-774	 x10:0xfda7ff0b  x5=0x00000001
      298082000	     14802	80005390	034caab3	mulhsu	x21,x25,x20	 x25:0x80021dd0 x20:0x3ca98000 x21=0xe1abc063
      298102000	     14803	80005394	0552	c.slli	x10,0x14	 x10:0xfda7ff0b x10=0xf0b00000
      298122000	     14804	80005396	e109	c.bnez	x10,80005398	 x10:0xf0b00000
      298282000	     14812	80005398	41dbdd33	sra	x26,x23,x29	 x23:0x00000000 x29:0x00000001 x26=0x00000000
      298482000	     14822	8000539c	870e	c.mv	x14,x3	  x0:0x00000000  x3:0xffffffff x14=0xffffffff
      298502000	     14823	8000539e	a94ceb13	ori	x22,x25,-1388	 x25:0x80021dd0 x22=0xffffffd4
      298782000	     14837	800053a2	02839233	mulh	x4,x7,x8	  x7:0x80000000  x8:0x00000000  x4=0x00000000
      298802000	     14838	800053a6	e28d	c.bnez	x13,800053c8	 x13:0x00000000
      299182000	     14857	800053a8	8d5d	c.or	x10,x15	 x10:0xf0b00000 x15:0x80025ce4 x10=0xf0b25ce4
      299202000	     14858	800053aa	0c99	c.addi	x25,6	 x25:0x80021dd0 x25=0x80021dd6
      299222000	     14859	800053ac	8e4d	c.or	x12,x11	 x12:0xb5049e54 x11:0x3ca80000 x12=0xbdac9e54
      299242000	     14860	800053ae	00cd82b3	add	x5,x27,x12	 x27:0xb5049e54 x12:0xbdac9e54  x5=0x72b13ca8
      299262000	     14861	800053b2	8b21	c.andi	x14,8	 x14:0xffffffff x14=0x00000008
      299282000	     14862	800053b4	0b964f93	xori	x31,x12,185	 x12:0xbdac9e54 x31=0xbdac9eed
      299302000	     14863	800053b8	03be8ab3	mul	x21,x29,x27	 x29:0x00000001 x27:0xb5049e54 x21=0xb5049e54
      299382000	     14867	800053bc	6139	c.addi16sp	x2,448	  x2:0x00000000  x2=0x000001c0
      299402000	     14868	800053be	e191	c.bnez	x11,800053c2	 x11:0x3ca80000
      300422000	     14919	800053c2	9be2	c.add	x23,x24	 x23:0x00000000 x24:0xf1617360 x23=0xf1617360
      300442000	     14920	800053c4	0ff0000f	fence	iorw,iorw	
      300462000	     14921	800053c8	3b7af813	andi	x16,x21,951	 x21:0xb5049e54 x16=0x00000214
      300862000	     14941	800053cc	8dd9	c.or	x11,x14	 x11:0x3ca80000 x14:0x00000008 x11=0x3ca80008
      300882000	     14942	800053ce	cf05	c.beqz	x14,80005406	 x14:0x00000008
      300922000	     14944	800053d0	02afabb3	mulhsu	x23,x31,x10	 x31:0xbdac9eed x10:0xf0b25ce4 x23=0xc1a39ef3
      300942000	     14945	800053d4	09a2	c.slli	x19,0x8	 x19:0x00000000 x19=0x00000000
      300962000	     14946	800053d6	00b5fd63	bgeu	x11,x11,800053f0	 x11:0x3ca80008 x11:0x3ca80008
      301082000	     14952	800053f0	0ff0000f	fence	iorw,iorw	
      301102000	     14953	800053f4	6139	c.addi16sp	x2,448	  x2:0x000001c0  x2=0x00000380
      301222000	     14959	800053f6	03509b63	bne	x1,x21,8000542c	  x1:0xc52b7000 x21:0xb5049e54
      301762000	     14986	8000542c	12777d93	andi	x27,x14,295	 x14:0x00000008 x27=0x00000000
      302022000	     14999	80005430	8e65	c.and	x12,x9	 x12:0xbdac9e54  x9:0xb5049e54 x12=0xb5049e54
      302042000	     15000	80005432	0001	c.addi	x0,0	  x0:0x00000000  x0=0x00000000
      302442000	     15020	80005434	02a2f863	bgeu	x5,x10,80005464	  x5:0x72b13ca8 x10:0xf0b25ce4
      302462000	     15021	80005438	00ada5b3	slt	x11,x27,x10	 x27:0x00000000 x10:0xf0b25ce4 x11=0x00000000
      302482000	     15022	8000543c	717d	c.addi16sp	x2,-16	  x2:0x00000380  x2=0x00000370
      302582000	     15027	8000543e	a5afc593	xori	x11,x31,-1446	 x31:0xbdac9eed x11=0x425364b7
      302602000	     15028	80005442	8f21	c.xor	x14,x8	 x14:0x00000008  x8:0x00000000 x14=0x00000008
      302702000	     15033	80005444	98cafb93	andi	x23,x21,-1652	 x21:0xb5049e54 x23=0xb5049804
      302722000	     15034	80005448	0000100f	fence.i	
      303642000	     15080	8000544c	0170e5b3	or	x11,x1,x23	  x1:0xc52b7000 x23:0xb5049804 x11=0xf52ff804
      303902000	     15093	80005450	00b6e9b3	or	x19,x13,x11	 x13:0x00000000 x11:0xf52ff804 x19=0xf52ff804
      303922000	     15094	80005454	02fb0b33	mul	x22,x22,x15	 x22:0xffffffd4 x15:0x80025ce4 x22=0xff9808d0
      304222000	     15109	80005458	04c15363	bge	x2,x12,8000549e	  x2:0x00000370 x12:0xb5049e54
      305182000	     15157	8000549e	02fe9363	bne	x29,x15,800054c4	 x29:0x00000001 x15:0x80025ce4
      306222000	     15209	800054c4	fb31c493	xori	x9,x3,-77	  x3:0xffffffff  x9=0x0000004c
      306242000	     15210	800054c8	023b0863	beq	x22,x3,800054f8	 x22:0xff9808d0  x3:0xffffffff
      306662000	     15231	800054cc	88ce	c.mv	x17,x19	  x0:0x00000000 x19:0xf52ff804 x17=0xf52ff804
      306902000	     15243	800054ce	41fdd893	srai	x17,x27,0x1f	 x27:0x00000000 x17=0x00000000
      307062000	     15251	800054d2	eb6b0913	addi	x18,x22,-330	 x22:0xff9808d0 x18=0xff980786
      307082000	     15252	800054d6	81a9	c.srli	x11,0xa	 x11:0xf52ff804 x11=0x003d4bfe
      307422000	     15269	800054d8	85f1	c.srai	x11,0x1c	 x11:0x003d4bfe x11=0x00000000
      307542000	     15275	800054da	40545993	srai	x19,x8,0x5	  x8:0x00000000 x19=0x00000000
      307562000	     15276	800054de	9db2	c.add	x27,x12	 x27:0x00000000 x12:0xb5049e54 x27=0xb5049e54
      307582000	     15277	800054e0	41d7d993	srai	x19,x15,0x1d	 x15:0x80025ce4 x19=0xfffffffc
      307602000	     15278	800054e4	b65f3193	sltiu	x3,x30,-1179	 x30:0x00018000  x3=0x00000001
      308002000	     15298	800054e8	8c11	c.sub	x8,x12	  x8:0x00000000 x12:0xb5049e54  x8=0x4afb61ac
      308422000	     15319	800054ea	004dd293	srli	x5,x27,0x4	 x27:0xb5049e54  x5=0x0b5049e5
      308442000	     15320	800054ee	8f4d	c.or	x14,x11	 x14:0x00000008 x11:0x00000000 x14=0x00000008
      308482000	     15322	800054f0	03c93633	mulhu	x12,x18,x28	 x18:0xff980786 x28:0x80021e54 x12=0x7fce213a
      308502000	     15323	800054f4	017bffb3	and	x31,x23,x23	 x23:0xb5049804 x23:0xb5049804 x31=0xb5049804
      309242000	     15360	800054f8	038f6bb3	rem	x23,x30,x24	 x30:0x00018000 x24:0xf1617360 x23=0x00018000
      309262000	     15361	800054fc	03a0f463	bgeu	x1,x26,80005524	  x1:0xc52b7000 x26:0x00000000
      309782000	     15387	80005524	04a9	c.addi	x9,10	  x9:0x0000004c  x9=0x00000056
      309962000	     15396	80005526	0383a233	mulhsu	x4,x7,x24	  x7:0x80000000 x24:0xf1617360  x4=0x874f4650
      309982000	     15397	8000552a	877d	c.srai	x14,0x1f	 x14:0x00000008 x14=0x00000000
      310002000	     15398	8000552c	406f5193	srai	x3,x30,0x6	 x30:0x00018000  x3=0x00000600
      310062000	     15401	80005530	0000100f	fence.i	
      310582000	     15427	80005534	00b631b3	sltu	x3,x12,x11	 x12:0x7fce213a x11:0x00000000  x3=0x00000000
      310602000	     15428	80005538	8cf5	c.and	x9,x13	  x9:0x00000056 x13:0x00000000  x9=0x00000000
      310622000	     15429	8000553a	007ef463	bgeu	x29,x7,80005542	 x29:0x00000001  x7:0x80000000
      310782000	     15437	8000553e	00b2a833	slt	x16,x5,x11	  x5:0x0b5049e5 x11:0x00000000 x16=0x00000000
      310802000	     15438	80005542	0001	c.addi	x0,0	  x0:0x00000000  x0=0x00000000
      310882000	     15442	80005544	00f11c63	bne	x2,x15,8000555c	  x2:0x00000370 x15:0x80025ce4
      311162000	     15456	8000555c	0001	c.addi	x0,0	  x0:0x00000000  x0=0x00000000
      311182000	     15457	8000555e	65348c93	addi	x25,x9,1619	  x9:0x00000000 x25=0x00000653
      311202000	     15458	80005562	8ced	c.and	x9,x11	  x9:0x00000000 x11:0x00000000  x9=0x00000000
      311342000	     15465	80005564	b58f3d93	sltiu	x27,x30,-1192	 x30:0x00018000 x27=0x00000001
      312082000	     15502	80005568	0287d133	divu	x2,x15,x8	 x15:0x80025ce4  x8:0x4afb61ac  x2=0x00000001
      312102000	     15503	8000556c	6511	c.lui	x10,0x4	 x10=0x00004000
      312122000	     15504	8000556e	0001	c.addi	x0,0	  x0:0x00000000  x0=0x00000000
      312142000	     15505	80005570	41ecdc13	srai	x24,x25,0x1e	 x25:0x00000653 x24=0x00000000
      312162000	     15506	80005574	c585	c.beqz	x11,8000559c	 x11:0x00000000
      312542000	     15525	8000559c	00e01cb3	sll	x25,x0,x14	  x0:0x00000000 x14:0x00000000 x25=0x00000000
      312722000	     15534	800055a0	0181bcb3	sltu	x25,x3,x24	  x3:0x00000000 x24:0x00000000 x25=0x00000000
      312742000	     15535	800055a4	0045d193	srli	x3,x11,0x4	 x11:0x00000000  x3=0x00000000
      312762000	     15536	800055a8	717d	c.addi16sp	x2,-16	  x2:0x00000001  x2=0xfffffff1
      312782000	     15537	800055aa	04205063	bge	x0,x2,800055ea	  x0:0x00000000  x2:0xfffffff1
      313302000	     15563	800055ea	03c486b3	mul	x13,x9,x28	  x9:0x00000000 x28:0x80021e54 x13=0x00000000
      313322000	     15564	800055ee	8c31	c.xor	x8,x12	  x8:0x4afb61ac x12:0x7fce213a  x8=0x35354096
      313382000	     15567	800055f0	0000100f	fence.i	
      313482000	     15572	800055f4	6f89	c.lui	x31,0x2	 x31=0x00002000
      313802000	     15588	800055f6	020c0533	mul	x10,x24,x0	 x24:0x00000000  x0:0x00000000 x10=0x00000000
      313822000	     15589	800055fa	818d	c.srli	x11,0x3	 x11:0x00000000 x11=0x00000000
      315942000	     15695	800055fc	03d01a63	bne	x0,x29,80005630	  x0:0x00000000 x29:0x00000001
      316442000	     15720	80005630	03dc91b3	mulh	x3,x25,x29	 x25:0x00000000 x29:0x00000001  x3=0x00000000
      316462000	     15721	80005634	00a9de63	bge	x19,x10,80005650	 x19:0xfffffffc x10:0x00000000
      316502000	     15723	80005638	0a14	c.addi4spn	x13,x2,272	 x13=0x00000101
      316922000	     15744	8000563a	c64225b7	lui	x11,0xc6422	 x11=0xc6422000
      317322000	     15764	8000563e	a5b0a493	slti	x9,x1,-1445	  x1:0xc52b7000  x9=0x00000001
      317342000	     15765	80005642	84e1	c.srai	x9,0x18	  x9:0x00000001  x9=0x00000000
      317362000	     15766	80005644	c885	c.beqz	x9,80005674	  x9:0x00000000
      317982000	     15797	80005674	8cc5	c.or	x9,x9	  x9:0x00000000  x9:0x00000000  x9=0x00000000
      318002000	     15798	80005676	8db1	c.xor	x11,x12	 x11:0xc6422000 x12:0x7fce213a x11=0xb98c013a
      318162000	     15806	80005678	515ba893	slti	x17,x23,1301	 x23:0x00018000 x17=0x00000000
      318182000	     15807	8000567c	717d	c.addi16sp	x2,-16	  x2:0xfffffff1  x2=0xffffffe1
      318202000	     15808	8000567e	b5beab93	slti	x23,x29,-1189	 x29:0x00000001 x23=0x00000000
      318242000	     15810	80005682	03b59033	mulh	x0,x11,x27	 x11:0xb98c013a x27:0x00000001  x0=0x00000000
      318622000	     15829	80005686	02d636b3	mulhu	x13,x12,x13	 x12:0x7fce213a x13:0x00000101 x13=0x00000080
      318922000	     15844	8000568a	ccef0417	auipc	x8,0xccef0	  x8=0x4cef568a
      318942000	     15845	8000568e	03c54b63	blt	x10,x28,800056c4	 x10:0x00000000 x28:0x80021e54
      318962000	     15846	80005692	0001	c.addi	x0,0	  x0:0x00000000  x0=0x00000000
      318982000	     15847	80005694	86e3ec13	ori	x24,x7,-1938	  x7:0x80000000 x24=0xfffff86e
      319062000	     15851	80005698	9aea	c.add	x21,x26	 x21:0xb5049e54 x26:0x00000000 x21=0xb5049e54
      319802000	     15888	8000569a	026fe1b3	rem	x3,x31,x6	 x31:0x00002000  x6:0xffffffb2  x3=0x00000002
      319822000	     15889	8000569e	0001	c.addi	x0,0	  x0:0x00000000  x0=0x00000000
      319842000	     15890	800056a0	0089b9b3	sltu	x19,x19,x8	 x19:0xfffffffc  x8:0x4cef568a x19=0x00000000
      320582000	     15927	800056a4	026ce233	rem	x4,x25,x6	 x25:0x00000000  x6:0xffffffb2  x4=0x00000000
      320602000	     15928	800056a8	d0ebb813	sltiu	x16,x23,-754	 x23:0x00000000 x16=0x00000001
      320622000	     15929	800056ac	cd1f7413	andi	x8,x30,-815	 x30:0x00018000  x8=0x00018000
      320642000	     15930	800056b0	146f3413	sltiu	x8,x30,326	 x30:0x00018000  x8=0x00000000
      320662000	     15931	800056b4	01fe6bb3	or	x23,x28,x31	 x28:0x80021e54 x31:0x00002000 x23=0x80023e54
      320682000	     15932	800056b8	01f0e833	or	x16,x1,x31	  x1:0xc52b7000 x31:0x00002000 x16=0xc52b7000
      320702000	     15933	800056bc	40288fb3	sub	x31,x17,x2	 x17:0x00000000  x2:0xffffffe1 x31=0x0000001f
      320782000	     15937	800056c0	8e55	c.or	x12,x13	 x12:0x7fce213a x13:0x00000080 x12=0x7fce21ba
      320802000	     15938	800056c2	0ffe	c.slli	x31,0x1f	 x31:0x0000001f x31=0x80000000
      321002000	     15948	800056c4	0faa3d13	sltiu	x26,x20,250	 x20:0x3ca98000 x26=0x00000000
      322102000	     16003	800056c8	03b6d0b3	divu	x1,x13,x27	 x13:0x00000080 x27:0x00000001  x1=0x00000080
      322122000	     16004	800056cc	840d	c.srai	x8,0x3	  x8:0x00000000  x8=0x00000000
      322142000	     16005	800056ce	01c04833	xor	x16,x0,x28	  x0:0x00000000 x28:0x80021e54 x16=0x80021e54
      322162000	     16006	800056d2	06c72013	slti	x0,x14,108	 x14:0x00000000  x0=0x00000000
      322182000	     16007	800056d6	05628063	beq	x5,x22,80005716	  x5:0x0b5049e5 x22:0xff9808d0
      322202000	     16008	800056da	00cb5f93	srli	x31,x22,0xc	 x22:0xff9808d0 x31=0x000ff980
      322962000	     16046	800056de	027eeeb3	rem	x29,x29,x7	 x29:0x00000001  x7:0x80000000 x29=0x00000001
      322982000	     16047	800056e2	8f49	c.or	x14,x10	 x14:0x00000000 x10:0x00000000 x14=0x00000000
      323002000	     16048	800056e4	01ef1213	slli	x4,x30,0x1e	 x30:0x00018000  x4=0x00000000
      323022000	     16049	800056e8	079db913	sltiu	x18,x27,121	 x27:0x00000001 x18=0x00000001
      323042000	     16050	800056ec	01cb4733	xor	x14,x22,x28	 x22:0xff9808d0 x28:0x80021e54 x14=0x7f9a1684
      323102000	     16053	800056f0	02936f63	bltu	x6,x9,8000572e	  x6:0xffffffb2  x9:0x00000000
      323302000	     16063	800056f4	54fd	c.li	x9,-1	  x9=0xffffffff
      323342000	     16065	800056f6	02bbb833	mulhu	x16,x23,x11	 x23:0x80023e54 x11:0xb98c013a x16=0x5cc7a0e1
      323362000	     16066	800056fa	40f28cb3	sub	x25,x5,x15	  x5:0x0b5049e5 x15:0x80025ce4 x25=0x8b4ded01
      323382000	     16067	800056fe	0001	c.addi	x0,0	  x0:0x00000000  x0=0x00000000
      323522000	     16074	80005700	008d1733	sll	x14,x26,x8	 x26:0x00000000  x8:0x00000000 x14=0x00000000
      323542000	     16075	80005704	006224b3	slt	x9,x4,x6	  x4:0x00000000  x6:0xffffffb2  x9=0x00000000
      323722000	     16084	80005708	00602933	slt	x18,x0,x6	  x0:0x00000000  x6:0xffffffb2 x18=0x00000000
      323742000	     16085	8000570c	03cc4463	blt	x24,x28,80005734	 x24:0xfffff86e x28:0x80021e54
      323842000	     16090	80005710	717d	c.addi16sp	x2,-16	  x2:0xffffffe1  x2=0xffffffd1
      324182000	     16107	80005712	0ff0000f	fence	iorw,iorw	
      324202000	     16108	80005716	fbdcb713	sltiu	x14,x25,-67	 x25:0x8b4ded01 x14=0x00000001
      324322000	     16114	8000571a	41a309b3	sub	x19,x6,x26	  x6:0xffffffb2 x26:0x00000000 x19=0xffffffb2
      324342000	     16115	8000571e	ba32e313	ori	x6,x5,-1117	  x5:0x0b5049e5  x6=0xfffffbe7
      324362000	     16116	80005722	8d19	c.sub	x10,x14	 x10:0x00000000 x14:0x00000001 x10=0xffffffff
      324442000	     16120	80005724	0a14	c.addi4spn	x13,x2,272	 x13=0x000000e1
      324462000	     16121	80005726	12a84313	xori	x6,x16,298	 x16:0x5cc7a0e1  x6=0x5cc7a1cb
      324502000	     16123	8000572a	02efb133	mulhu	x2,x31,x14	 x31:0x000ff980 x14:0x00000001  x2=0x00000000
      324522000	     16124	8000572e	0001	c.addi	x0,0	  x0:0x00000000  x0=0x00000000
      324902000	     16143	80005730	0246f8b3	remu	x17,x13,x4	 x13:0x000000e1  x4:0x00000000 x17=0x000000e1
      324922000	     16144	80005734	610d	c.addi16sp	x2,160	  x2:0x00000000  x2=0x000000a0
      324942000	     16145	80005736	0dda	c.slli	x27,0x16	 x27:0x00000001 x27=0x00400000
      324962000	     16146	80005738	b5f0cb13	xori	x22,x1,-1185	  x1:0x00000080 x22=0xfffffbdf
      325102000	     16153	8000573c	023daa33	mulhsu	x20,x27,x3	 x27:0x00400000  x3:0x00000002 x20=0x00000000
      325122000	     16154	80005740	0001	c.addi	x0,0	  x0:0x00000000  x0=0x00000000
      325162000	     16156	80005742	03d79db3	mulh	x27,x15,x29	 x15:0x80025ce4 x29:0x00000001 x27=0xffffffff
      325182000	     16157	80005746	8099	c.srli	x9,0x6	  x9:0x00000000  x9=0x00000000
      325202000	     16158	80005748	62b64997	auipc	x19,0x62b64	 x19=0xe2b69748
      325222000	     16159	8000574c	01b98637	lui	x12,0x1b98	 x12=0x01b98000
      325282000	     16162	80005750	f9242893	slti	x17,x8,-110	  x8:0x00000000 x17=0x00000000
      325302000	     16163	80005754	0001	c.addi	x0,0	  x0:0x00000000  x0=0x00000000
      325522000	     16174	80005756	00f360b3	or	x1,x6,x15	  x6:0x5cc7a1cb x15:0x80025ce4  x1=0xdcc7fdef
      325642000	     16180	8000575a	01f81693	slli	x13,x16,0x1f	 x16:0x5cc7a0e1 x13=0x80000000
      325662000	     16181	8000575e	871d	c.srai	x14,0x7	 x14:0x00000001 x14=0x00000000
      325942000	     16195	80005760	0039b8b3	sltu	x17,x19,x3	 x19:0xe2b69748  x3:0x00000002 x17=0x00000000
      326122000	     16204	80005764	e205	c.bnez	x12,80005784	 x12:0x01b98000
      326662000	     16231	80005784	025f7b63	bgeu	x30,x5,800057ba	 x30:0x00018000  x5:0x0b5049e5
      326762000	     16236	80005788	e40e3513	sltiu	x10,x28,-448	 x28:0x80021e54 x10=0x00000001
      326782000	     16237	8000578c	418202b3	sub	x5,x4,x24	  x4:0x00000000 x24:0xfffff86e  x5=0x00000792
      326822000	     16239	80005790	03812433	mulhsu	x8,x2,x24	  x2:0x000000a0 x24:0xfffff86e  x8=0x0000009f
      326922000	     16244	80005794	f3c28293	addi	x5,x5,-196	  x5:0x00000792  x5=0x000006ce
      327342000	     16265	80005798	00499cb3	sll	x25,x19,x4	 x19:0xe2b69748  x4:0x00000000 x25=0xe2b69748
      327362000	     16266	8000579c	03dc5663	bge	x24,x29,800057c8	 x24:0xfffff86e x29:0x00000001
      327542000	     16275	800057a0	01e060b3	or	x1,x0,x30	  x0:0x00000000 x30:0x00018000  x1=0x00018000
      327562000	     16276	800057a4	00b01d93	slli	x27,x0,0xb	  x0:0x00000000 x27=0x00000000
      327982000	     16297	800057a8	0000100f	fence.i	
      329462000	     16371	800057ac	02f1c733	div	x14,x3,x15	  x3:0x00000002 x15:0x80025ce4 x14=0x00000000
      329482000	     16372	800057b0	407fd893	srai	x17,x31,0x7	 x31:0x000ff980 x17=0x00001ff3
      329502000	     16373	800057b4	8c3d	c.xor	x8,x15	  x8:0x0000009f x15:0x80025ce4  x8=0x80025c7b
      329522000	     16374	800057b6	d5b94593	xori	x11,x18,-677	 x18:0x00000000 x11=0xfffffd5b
      329542000	     16375	800057ba	0001	c.addi	x0,0	  x0:0x00000000  x0=0x00000000
      329562000	     16376	800057bc	41135093	srai	x1,x6,0x11	  x6:0x5cc7a1cb  x1=0x00002e63
      329582000	     16377	800057c0	0189	c.addi	x3,2	  x3:0x00000002  x3=0x00000004
      329602000	     16378	800057c2	81e9	c.srli	x11,0x1a	 x11:0xfffffd5b x11=0x0000003f
      329622000	     16379	800057c4	00c7a433	slt	x8,x15,x12	 x15:0x80025ce4 x12:0x01b98000  x8=0x00000001
      329782000	     16387	800057c8	4379	c.li	x6,30	  x6=0x0000001e
      329802000	     16388	800057ca	0001	c.addi	x0,0	  x0:0x00000000  x0=0x00000000
      329822000	     16389	800057cc	e021	c.bnez	x8,8000580c	  x8:0x00000001
      330662000	     16431	8000580c	00c2df93	srli	x31,x5,0xc	  x5:0x000006ce x31=0x00000000
      330702000	     16433	80005810	023da6b3	mulhsu	x13,x27,x3	 x27:0x00000000  x3:0x00000004 x13=0x00000000
      330742000	     16435	80005814	98f2	c.add	x17,x28	 x17:0x00001ff3 x28:0x80021e54 x17=0x80023e47
      330762000	     16436	80005816	002f0c63	beq	x30,x2,8000582e	 x30:0x00018000  x2:0x000000a0
      330782000	     16437	8000581a	9116	c.add	x2,x5	  x2:0x000000a0  x5:0x000006ce  x2=0x0000076e
      330862000	     16441	8000581c	0032d893	srli	x17,x5,0x3	  x5:0x000006ce x17=0x000000d9
      331282000	     16462	80005820	a0094813	xori	x16,x18,-1536	 x18:0x00000000 x16=0xfffffa00
      331322000	     16464	80005824	0001	c.addi	x0,0	  x0:0x00000000  x0=0x00000000
      331502000	     16473	80005826	c29c2293	slti	x5,x24,-983	 x24:0xfffff86e  x5=0x00000001
      331922000	     16494	8000582a	01f41f33	sll	x30,x8,x31	  x8:0x00000001 x31:0x00000000 x30=0x00000001
      332062000	     16501	8000582e	416ad893	srai	x17,x21,0x16	 x21:0xb5049e54 x17=0xfffffed4
      332082000	     16502	80005832	1814	c.addi4spn	x13,x2,48	 x13=0x0000079e
      332102000	     16503	80005834	0060c933	xor	x18,x1,x6	  x1:0x00002e63  x6:0x0000001e x18=0x00002e7d
      332122000	     16504	80005838	620a4d93	xori	x27,x20,1568	 x20:0x00000000 x27=0x00000620
      332142000	     16505	8000583c	033f5563	bge	x30,x19,80005866	 x30:0x00000001 x19:0xe2b69748
      332222000	     16509	80005866	a9657413	andi	x8,x10,-1386	 x10:0x00000001  x8=0x00000000
      332482000	     16522	8000586a	ee30b093	sltiu	x1,x1,-285	  x1:0x00002e63  x1=0x00000001
      332502000	     16523	8000586e	01e4c363	blt	x9,x30,80005874	  x9:0x00000000 x30:0x00000001
      333142000	     16555	80005874	c60ba117	auipc	x2,0xc60ba	  x2=0x460bf874
      333382000	     16567	80005878	01715813	srli	x16,x2,0x17	  x2:0x460bf874 x16=0x0000008c
      333442000	     16570	8000587c	01559933	sll	x18,x11,x21	 x11:0x0000003f x21:0xb5049e54 x18=0x03f00000
      333602000	     16578	80005880	00965263	bge	x12,x9,80005884	 x12:0x01b98000  x9:0x00000000
      334622000	     16629	80005884	01f8e213	ori	x4,x17,31	 x17:0xfffffed4  x4=0xfffffedf
      335062000	     16651	80005888	5dfd	c.li	x27,-1	 x27=0xffffffff
      335082000	     16652	8000588a	0b9abb13	sltiu	x22,x21,185	 x21:0xb5049e54 x22=0x00000000
      335102000	     16653	8000588e	9f3e	c.add	x30,x15	 x30:0x00000001 x15:0x80025ce4 x30=0x80025ce5
      335122000	     16654	80005890	0070e533	or	x10,x1,x7	  x1:0x00000001  x7:0x80000000 x10=0x80000001
      335142000	     16655	80005894	0b6a	c.slli	x22,0x1a	 x22:0x00000000 x22=0x00000000
      335182000	     16657	80005896	0ff0000f	fence	iorw,iorw	
      335202000	     16658	8000589a	0001	c.addi	x0,0	  x0:0x00000000  x0=0x00000000
      335222000	     16659	8000589c	41238bb3	sub	x23,x7,x18	  x7:0x80000000 x18:0x03f00000 x23=0x7c100000
      335642000	     16680	800058a0	02c8a833	mulhsu	x16,x17,x12	 x17:0xfffffed4 x12:0x01b98000 x16=0xfffffffd
      335662000	     16681	800058a4	8cc1	c.or	x9,x8	  x9:0x00000000  x8:0x00000000  x9=0x00000000
      335682000	     16682	800058a6	147d	c.addi	x8,-1	  x8:0x00000000  x8=0xffffffff
      335702000	     16683	800058a8	e995ef93	ori	x31,x11,-359	 x11:0x0000003f x31=0xfffffebf
      335722000	     16684	800058ac	41d151b3	sra	x3,x2,x29	  x2:0x460bf874 x29:0x00000001  x3=0x2305fc3a
      335902000	     16693	800058b0	525ee913	ori	x18,x29,1317	 x29:0x00000001 x18=0x00000525
      336322000	     16714	800058b4	002354b3	srl	x9,x6,x2	  x6:0x0000001e  x2:0x460bf874  x9=0x00000000
      336342000	     16715	800058b8	41a55c33	sra	x24,x10,x26	 x10:0x80000001 x26:0x00000000 x24=0x80000001
      336742000	     16735	800058bc	419b59b3	sra	x19,x22,x25	 x22:0x00000000 x25:0xe2b69748 x19=0x00000000
      336762000	     16736	800058c0	9d4a	c.add	x26,x18	 x26:0x00000000 x18:0x00000525 x26=0x00000525
      336782000	     16737	800058c2	010adf63	bge	x21,x16,800058e0	 x21:0xb5049e54 x16:0xfffffffd
      336802000	     16738	800058c6	000ac333	xor	x6,x21,x0	 x21:0xb5049e54  x0:0x00000000  x6=0xb5049e54
      336822000	     16739	800058ca	010e1a33	sll	x20,x28,x16	 x28:0x80021e54 x16:0xfffffffd x20=0x80000000
      336882000	     16742	800058ce	d1bfea13	ori	x20,x31,-741	 x31:0xfffffebf x20=0xffffffbf
      336902000	     16743	800058d2	6155	c.addi16sp	x2,304	  x2:0x460bf874  x2=0x460bf9a4
      336922000	     16744	800058d4	02a1fc63	bgeu	x3,x10,8000590c	  x3:0x2305fc3a x10:0x80000001
      337162000	     16756	800058d8	9afd	c.andi	x13,-1	 x13:0x0000079e x13=0x0000079e
      337182000	     16757	800058da	0b6a	c.slli	x22,0x1a	 x22:0x00000000 x22=0x00000000
      337202000	     16758	800058dc	0001	c.addi	x0,0	  x0:0x00000000  x0=0x00000000
      337222000	     16759	800058de	8625	c.srai	x12,0x9	 x12:0x01b98000 x12=0x0000dcc0
      337282000	     16762	800058e0	003ddd93	srli	x27,x27,0x3	 x27:0xffffffff x27=0x1fffffff
      337302000	     16763	800058e4	8946	c.mv	x18,x17	  x0:0x00000000 x17:0xfffffed4 x18=0xfffffed4
      337722000	     16784	800058e6	00b2f0b3	and	x1,x5,x11	  x5:0x00000001 x11:0x0000003f  x1=0x00000001
      337742000	     16785	800058ea	9cfc8193	addi	x3,x25,-1585	 x25:0xe2b69748  x3=0xe2b69117
      337762000	     16786	800058ee	8f2d	c.xor	x14,x11	 x14:0x00000000 x11:0x0000003f x14=0x0000003f
      338542000	     16825	800058f0	025a4633	div	x12,x20,x5	 x20:0xffffffbf  x5:0x00000001 x12=0xffffffbf
      338562000	     16826	800058f4	0ff0000f	fence	iorw,iorw	
      338582000	     16827	800058f8	00367c33	and	x24,x12,x3	 x12:0xffffffbf  x3:0xe2b69117 x24=0xe2b69117
      338602000	     16828	800058fc	019c0563	beq	x24,x25,80005906	 x24:0xe2b69117 x25:0xe2b69748
      338622000	     16829	80005900	009545b3	xor	x11,x10,x9	 x10:0x80000001  x9:0x00000000 x11=0x80000001
      338642000	     16830	80005904	64e1	c.lui	x9,0x18	  x9=0x00018000
      338762000	     16836	80005906	02f28863	beq	x5,x15,80005936	  x5:0x00000001 x15:0x80025ce4
      338782000	     16837	8000590a	c519	c.beqz	x10,80005918	 x10:0x80000001
      338902000	     16843	8000590c	41220fb3	sub	x31,x4,x18	  x4:0xfffffedf x18:0xfffffed4 x31=0x0000000b
      338922000	     16844	80005910	410f0893	addi	x17,x30,1040	 x30:0x80025ce5 x17=0x800260f5
      338942000	     16845	80005914	0089d5b3	srl	x11,x19,x8	 x19:0x00000000  x8:0xffffffff x11=0x00000000
      339082000	     16852	80005918	03b23db3	mulhu	x27,x4,x27	  x4:0xfffffedf x27:0x1fffffff x27=0x1fffffda
      339222000	     16859	8000591c	0001	c.addi	x0,0	  x0:0x00000000  x0=0x00000000
      339442000	     16870	8000591e	03949733	mulh	x14,x9,x25	  x9:0x00018000 x25:0xe2b69748 x14=0xffffd411
      339462000	     16871	80005922	8cf5	c.and	x9,x13	  x9:0x00018000 x13:0x0000079e  x9=0x00000000
      339482000	     16872	80005924	ed99	c.bnez	x11,80005942	 x11:0x00000000
      339502000	     16873	80005926	e691	c.bnez	x13,80005932	 x13:0x0000079e
      340182000	     16907	80005932	014a9c93	slli	x25,x21,0x14	 x21:0xb5049e54 x25=0xe5400000
      340202000	     16908	80005936	0355e463	bltu	x11,x21,8000595e	 x11:0x00000000 x21:0xb5049e54
      340902000	     16943	8000595e	6771fb13	andi	x22,x3,1655	  x3:0xe2b69117 x22=0x00000017
      340922000	     16944	80005962	e195	c.bnez	x11,80005986	 x11:0x00000000
      340942000	     16945	80005964	014f5e63	bge	x30,x20,80005980	 x30:0x80025ce5 x20:0xffffffbf
      340962000	     16946	80005968	04d9f063	bgeu	x19,x13,800059a8	 x19:0x00000000 x13:0x0000079e
      340982000	     16947	8000596c	f86cc713	xori	x14,x25,-122	 x25:0xe5400000 x14=0x1abfff86
      341202000	     16958	80005970	00a89913	slli	x18,x17,0xa	 x17:0x800260f5 x18=0x0983d400
      341302000	     16963	80005974	40b1d313	srai	x6,x3,0xb	  x3:0xe2b69117  x6=0xfffc56d2
      341322000	     16964	80005978	4065dc13	srai	x24,x11,0x6	 x11:0x00000000 x24=0x00000000
      341342000	     16965	8000597c	02dd82b3	mul	x5,x27,x13	 x27:0x1fffffda x13:0x0000079e  x5=0xbffede8c
      341762000	     16986	80005980	997d	c.andi	x10,-1	 x10:0x80000001 x10=0x80000001
      342542000	     17025	80005982	02ef54b3	divu	x9,x30,x14	 x30:0x80025ce5 x14:0x1abfff86  x9=0x00000004
      342562000	     17026	80005986	0000100f	fence.i	
      342642000	     17030	8000598a	8c49	c.or	x8,x10	  x8:0xffffffff x10:0x80000001  x8=0xffffffff
      342662000	     17031	8000598c	0ff0000f	fence	iorw,iorw	
      342882000	     17042	80005990	8229	c.srli	x12,0xa	 x12:0xffffffbf x12=0x003fffff
      342902000	     17043	80005992	00bcefb3	or	x31,x25,x11	 x25:0xe5400000 x11:0x00000000 x31=0xe5400000
      343082000	     17052	80005996	401a88b3	sub	x17,x21,x1	 x21:0xb5049e54  x1:0x00000001 x17=0xb5049e53
      343102000	     17053	8000599a	82e64f97	auipc	x31,0x82e64	 x31=0x02e6999a
      343122000	     17054	8000599e	917a	c.add	x2,x30	  x2:0x460bf9a4 x30:0x80025ce5  x2=0xc60e5689
      343282000	     17062	800059a0	01535863	bge	x6,x21,800059b0	  x6:0xfffc56d2 x21:0xb5049e54
      344262000	     17111	800059b0	40815813	srai	x16,x2,0x8	  x2:0xc60e5689 x16=0xffc60e56
      344282000	     17112	800059b4	1c84	c.addi4spn	x9,x2,624	  x9=0xc60e58f9
      344302000	     17113	800059b6	001109b3	add	x19,x2,x1	  x2:0xc60e5689  x1:0x00000001 x19=0xc60e568a
      344322000	     17114	800059ba	0f84	c.addi4spn	x9,x2,976	  x9=0xc60e5a59
      344342000	     17115	800059bc	8da5	c.xor	x11,x9	 x11:0x00000000  x9:0xc60e5a59 x11=0xc60e5a59
      344362000	     17116	800059be	0ff0000f	fence	iorw,iorw	
      344382000	     17117	800059c2	1afd	c.addi	x21,-1	 x21:0xb5049e54 x21=0xb5049e53
      344402000	     17118	800059c4	6909	c.lui	x18,0x2	 x18=0x00002000
      344542000	     17125	800059c6	0000100f	fence.i	
      345382000	     17167	800059ca	011fcbb3	xor	x23,x31,x17	 x31:0x02e6999a x17:0xb5049e53 x23=0xb7e207c9
      345422000	     17169	800059ce	01f95733	srl	x14,x18,x31	 x18:0x00002000 x31:0x02e6999a x14=0x00000000
      345602000	     17178	800059d2	8072bd13	sltiu	x26,x5,-2041	  x5:0xbffede8c x26=0x00000001
      346742000	     17235	800059d6	03b27833	remu	x16,x4,x27	  x4:0xfffffedf x27:0x1fffffda x16=0x0000000f
      347482000	     17272	800059da	029452b3	divu	x5,x8,x9	  x8:0xffffffff  x9:0xc60e5a59  x5=0x00000001
      347502000	     17273	800059de	64f45717	auipc	x14,0x64f45	 x14=0xe4f4a9de
      347522000	     17274	800059e2	002f1d33	sll	x26,x30,x2	 x30:0x80025ce5  x2:0xc60e5689 x26=0x04b9ca00
      347542000	     17275	800059e6	01d6e0b3	or	x1,x13,x29	 x13:0x0000079e x29:0x00000001  x1=0x0000079f
      347562000	     17276	800059ea	01f84133	xor	x2,x16,x31	 x16:0x0000000f x31:0x02e6999a  x2=0x02e69995
      347582000	     17277	800059ee	0055dd93	srli	x27,x11,0x5	 x11:0xc60e5a59 x27=0x063072d2
      347602000	     17278	800059f2	717d	c.addi16sp	x2,-16	  x2:0x02e69995  x2=0x02e69985
      347642000	     17280	800059f4	0336a6b3	mulhsu	x13,x13,x19	 x13:0x0000079e x19:0xc60e568a x13=0x000005e4
      347662000	     17281	800059f8	4162da13	srai	x20,x5,0x16	  x5:0x00000001 x20=0x00000000
      347862000	     17291	800059fc	8f59	c.or	x14,x14	 x14:0xe4f4a9de x14:0xe4f4a9de x14=0xe4f4a9de
      347882000	     17292	800059fe	02b55463	bge	x10,x11,80005a26	 x10:0x80000001 x11:0xc60e5a59
      347902000	     17293	80005a02	0001	c.addi	x0,0	  x0:0x00000000  x0=0x00000000
      347922000	     17294	80005a04	ee402337	lui	x6,0xee402	  x6=0xee402000
      347942000	     17295	80005a08	c60d	c.beqz	x12,80005a32	 x12:0x003fffff
      348122000	     17304	80005a0a	00fda433	slt	x8,x27,x15	 x27:0x063072d2 x15:0x80025ce4  x8=0x00000000
      348142000	     17305	80005a0e	024e0c63	beq	x28,x4,80005a46	 x28:0x80021e54  x4:0xfffffedf
      348162000	     17306	80005a12	0d84	c.addi4spn	x9,x2,720	  x9=0x02e69c55
      348182000	     17307	80005a14	008fd6b3	srl	x13,x31,x8	 x31:0x02e6999a  x8:0x00000000 x13=0x02e6999a
      348342000	     17315	80005a18	029c0893	addi	x17,x24,41	 x24:0x00000000 x17=0x00000029
      348442000	     17320	80005a1c	031031b3	mulhu	x3,x0,x17	  x0:0x00000000 x17:0x00000029  x3=0x00000000
      348582000	     17327	80005a20	e119	c.bnez	x10,80005a26	 x10:0x80000001
      348882000	     17342	80005a26	012d4263	blt	x26,x18,80005a2a	 x26:0x04b9ca00 x18:0x00002000
      348902000	     17343	80005a2a	8c35	c.xor	x8,x13	  x8:0x00000000 x13:0x02e6999a  x8=0x02e6999a
      349002000	     17348	80005a2c	8e1d	c.sub	x12,x15	 x12:0x003fffff x15:0x80025ce4 x12=0x803da31b
      349022000	     17349	80005a2e	f1d1a513	slti	x10,x3,-227	  x3:0x00000000 x10=0x00000000
      349042000	     17350	80005a32	94de	c.add	x9,x23	  x9:0x02e69c55 x23:0xb7e207c9  x9=0xbac8a41e
      349202000	     17358	80005a34	40645c13	srai	x24,x8,0x6	  x8:0x02e6999a x24=0x000b9a66
      349222000	     17359	80005a38	6f05	c.lui	x30,0x1	 x30=0x00001000
      349242000	     17360	80005a3a	035c8db3	mul	x27,x25,x21	 x25:0xe5400000 x21:0xb5049e53 x27=0xd3c00000
      349562000	     17376	80005a3e	00c9f4b3	and	x9,x19,x12	 x19:0xc60e568a x12:0x803da31b  x9=0x800c020a
      349982000	     17397	80005a42	1317ac13	slti	x24,x15,305	 x15:0x80025ce4 x24=0x00000001
      350122000	     17404	80005a46	03beed63	bltu	x29,x27,80005a80	 x29:0x00000001 x27:0xd3c00000
      351002000	     17448	80005a80	01c9b533	sltu	x10,x19,x28	 x19:0xc60e568a x28:0x80021e54 x10=0x00000000
      351422000	     17469	80005a84	81f5	c.srli	x11,0x1d	 x11:0xc60e5a59 x11=0x00000006
      351442000	     17470	80005a86	002c1db3	sll	x27,x24,x2	 x24:0x00000001  x2:0x02e69985 x27=0x00000020
      351462000	     17471	80005a8a	c299	c.beqz	x13,80005a90	 x13:0x02e6999a
      351862000	     17491	80005a8c	fd657613	andi	x12,x10,-42	 x10:0x00000000 x12=0x00000000
      351902000	     17493	80005a90	02858233	mul	x4,x11,x8	 x11:0x00000006  x8:0x02e6999a  x4=0x1167999c
      352242000	     17510	80005a94	00ae4d33	xor	x26,x28,x10	 x28:0x80021e54 x10:0x00000000 x26=0x80021e54
      352262000	     17511	80005a98	02c00b33	mul	x22,x0,x12	  x0:0x00000000 x12:0x00000000 x22=0x00000000
      352282000	     17512	80005a9c	01f6e033	or	x0,x13,x31	 x13:0x02e6999a x31:0x02e6999a  x0=0x00000000
      352302000	     17513	80005aa0	9b7d	c.andi	x14,-1	 x14:0xe4f4a9de x14=0xe4f4a9de
      352322000	     17514	80005aa2	0ff0000f	fence	iorw,iorw	
      352342000	     17515	80005aa6	8e6d	c.and	x12,x11	 x12:0x00000000 x11:0x00000006 x12=0x00000000
      352582000	     17527	80005aa8	f4212a13	slti	x20,x2,-190	  x2:0x02e69985 x20=0x00000000
      352602000	     17528	80005aac	002a9833	sll	x16,x21,x2	 x21:0xb5049e53  x2:0x02e69985 x16=0xa093ca60
      352622000	     17529	80005ab0	5b7d	c.li	x22,-1	 x22=0xffffffff
      352642000	     17530	80005ab2	f44d4213	xori	x4,x26,-188	 x26:0x80021e54  x4=0x7ffde110
      352742000	     17535	80005ab6	405cd133	sra	x2,x25,x5	 x25:0xe5400000  x5:0x00000001  x2=0xf2a00000
      352762000	     17536	80005aba	010169b3	or	x19,x2,x16	  x2:0xf2a00000 x16:0xa093ca60 x19=0xf2b3ca60
      352782000	     17537	80005abe	0117c4b3	xor	x9,x15,x17	 x15:0x80025ce4 x17:0x00000029  x9=0x80025ccd
      352802000	     17538	80005ac2	028c	c.addi4spn	x11,x2,320	 x11=0xf2a00140
      352822000	     17539	80005ac4	8335	c.srli	x14,0xd	 x14:0xe4f4a9de x14=0x000727a5
      353002000	     17548	80005ac6	030e8c97	auipc	x25,0x30e8	 x25=0x830edac6
      353422000	     17569	80005aca	052a6263	bltu	x20,x18,80005b0e	 x20:0x00000000 x18:0x00002000
      354102000	     17603	80005b0e	0d14	c.addi4spn	x13,x2,656	 x13=0xf2a00290
      354222000	     17609	80005b10	9a7d	c.andi	x12,-1	 x12:0x00000000 x12=0x00000000
      354642000	     17630	80005b12	01050033	add	x0,x10,x16	 x10:0x00000000 x16:0xa093ca60  x0=0x00000000
      354942000	     17645	80005b16	49107a97	auipc	x21,0x49107	 x21=0xc910cb16
      355102000	     17653	80005b1a	0000100f	fence.i	
      356402000	     17718	80005b1e	80e9	c.srli	x9,0x1a	  x9:0x80025ccd  x9=0x00000020
      356782000	     17737	80005b20	026431b3	mulhu	x3,x8,x6	  x8:0x02e6999a  x6:0xee402000  x3=0x02b31cd0
      356982000	     17747	80005b24	8e2d	c.xor	x12,x11	 x12:0x00000000 x11:0xf2a00140 x12=0xf2a00140
      357002000	     17748	80005b26	4148d733	sra	x14,x17,x20	 x17:0x00000029 x20:0x00000000 x14=0x00000029
      357022000	     17749	80005b2a	e80d	c.bnez	x8,80005b5c	  x8:0x02e6999a
      358022000	     17799	80005b5c	03e7d363	bge	x15,x30,80005b82	 x15:0x80025ce4 x30:0x00001000
      358442000	     17820	80005b60	04ce	c.slli	x9,0x13	  x9:0x00000020  x9=0x01000000
      358742000	     17835	80005b62	04af6063	bltu	x30,x10,80005ba2	 x30:0x00001000 x10:0x00000000
      358762000	     17836	80005b66	0001	c.addi	x0,0	  x0:0x00000000  x0=0x00000000
      358802000	     17838	80005b68	001a5893	srli	x17,x20,0x1	 x20:0x00000000 x17=0x00000000
      358902000	     17843	80005b6c	0001	c.addi	x0,0	  x0:0x00000000  x0=0x00000000
      358922000	     17844	80005b6e	023e	c.slli	x4,0xf	  x4:0x7ffde110  x4=0xf0880000
      359222000	     17859	80005b70	008a2fb3	slt	x31,x20,x8	 x20:0x00000000  x8:0x02e6999a x31=0x00000001
      359302000	     17863	80005b74	0c00	c.addi4spn	x8,x2,528	  x8=0xf2a00210
      359322000	     17864	80005b76	82e9	c.srli	x13,0x1a	 x13:0xf2a00290 x13=0x0000003c
      359342000	     17865	80005b78	008581b3	add	x3,x11,x8	 x11:0xf2a00140  x8:0xf2a00210  x3=0xe5400350
      359362000	     17866	80005b7c	03a24b63	blt	x4,x26,80005bb2	  x4:0xf0880000 x26:0x80021e54
      359382000	     17867	80005b80	58fd	c.li	x17,-1	 x17=0xffffffff
      359402000	     17868	80005b82	40fed0b3	sra	x1,x29,x15	 x29:0x00000001 x15:0x80025ce4  x1=0x00000000
      360142000	     17905	80005b86	02497b33	remu	x22,x18,x4	 x18:0x00002000  x4:0xf0880000 x22=0x00002000
      360162000	     17906	80005b8a	e99fe913	ori	x18,x31,-359	 x31:0x00000001 x18=0xfffffe99
      360902000	     17943	80005b8e	022cdb33	divu	x22,x25,x2	 x25:0x830edac6  x2:0xf2a00000 x22=0x00000000
      360922000	     17944	80005b92	8951	c.andi	x10,20	 x10:0x00000000 x10=0x00000000
      360942000	     17945	80005b94	010b8933	add	x18,x23,x16	 x23:0xb7e207c9 x16:0xa093ca60 x18=0x5875d229
      361682000	     17982	80005b98	02e164b3	rem	x9,x2,x14	  x2:0xf2a00000 x14:0x00000029  x9=0xfffffff7
      361702000	     17983	80005b9c	01952bb3	slt	x23,x10,x25	 x10:0x00000000 x25:0x830edac6 x23=0x00000000
      361722000	     17984	80005ba0	9b7d	c.andi	x14,-1	 x14:0x00000029 x14=0x00000029
      361762000	     17986	80005ba2	022baeb3	mulhsu	x29,x23,x2	 x23:0x00000000  x2:0xf2a00000 x29=0x00000000
      361782000	     17987	80005ba6	3dee6713	ori	x14,x28,990	 x28:0x80021e54 x14=0x80021fde
      361802000	     17988	80005baa	5dfd	c.li	x27,-1	 x27=0xffffffff
      361822000	     17989	80005bac	003f1413	slli	x8,x30,0x3	 x30:0x00001000  x8=0x00008000
      361842000	     17990	80005bb0	8f01	c.sub	x14,x8	 x14:0x80021fde  x8:0x00008000 x14=0x80019fde
      362582000	     18027	80005bb2	02ffe6b3	rem	x13,x31,x15	 x31:0x00000001 x15:0x80025ce4 x13=0x00000001
      362602000	     18028	80005bb6	01f93333	sltu	x6,x18,x31	 x18:0x5875d229 x31:0x00000001  x6=0x00000000
      362622000	     18029	80005bba	0088af33	slt	x30,x17,x8	 x17:0xffffffff  x8:0x00008000 x30=0x00000001
      362642000	     18030	80005bbe	01f25b33	srl	x22,x4,x31	  x4:0xf0880000 x31:0x00000001 x22=0x78440000
      362662000	     18031	80005bc2	01d0d8b3	srl	x17,x1,x29	  x1:0x00000000 x29:0x00000000 x17=0x00000000
      362682000	     18032	80005bc6	985e	c.add	x16,x23	 x16:0xa093ca60 x23:0x00000000 x16=0xa093ca60
      362702000	     18033	80005bc8	8c0d	c.sub	x8,x11	  x8:0x00008000 x11:0xf2a00140  x8=0x0d607ec0
      363442000	     18070	80005bca	02ba7133	remu	x2,x20,x11	 x20:0x00000000 x11:0xf2a00140  x2=0x00000000
      363462000	     18071	80005bce	01e88263	beq	x17,x30,80005bd2	 x17:0x00000000 x30:0x00000001
      363482000	     18072	80005bd2	f2f53d97	auipc	x27,0xf2f53	 x27=0x72f58bd2
      364222000	     18109	80005bd6	0389e933	rem	x18,x19,x24	 x19:0xf2b3ca60 x24:0x00000001 x18=0x00000000
      364242000	     18110	80005bda	01ea5233	srl	x4,x20,x30	 x20:0x00000000 x30:0x00000001  x4=0x00000000
      364262000	     18111	80005bde	19107d93	andi	x27,x0,401	  x0:0x00000000 x27=0x00000000
      364282000	     18112	80005be2	8899	c.andi	x9,6	  x9:0xfffffff7  x9=0x00000006
      364302000	     18113	80005be4	d0a97193	andi	x3,x18,-758	 x18:0x00000000  x3=0x00000000
      365042000	     18150	80005be8	02bddeb3	divu	x29,x27,x11	 x27:0x00000000 x11:0xf2a00140 x29=0x00000000
      365062000	     18151	80005bec	8711	c.srai	x14,0x4	 x14:0x80019fde x14=0xf80019fd
      365082000	     18152	80005bee	00a94fb3	xor	x31,x18,x10	 x18:0x00000000 x10:0x00000000 x31=0x00000000
      365102000	     18153	80005bf2	419a55b3	sra	x11,x20,x25	 x20:0x00000000 x25:0x830edac6 x11=0x00000000
      365122000	     18154	80005bf6	8f01	c.sub	x14,x8	 x14:0xf80019fd  x8:0x0d607ec0 x14=0xea9f9b3d
      365142000	     18155	80005bf8	035b8b63	beq	x23,x21,80005c2e	 x23:0x00000000 x21:0xc910cb16
      365882000	     18192	80005bfc	02e6dc33	divu	x24,x13,x14	 x13:0x00000001 x14:0xea9f9b3d x24=0x00000000
      365922000	     18194	80005c00	02287ab3	remu	x21,x16,x2	 x16:0xa093ca60  x2:0x00000000 x21=0xa093ca60
      365942000	     18195	80005c04	111ea213	slti	x4,x29,273	 x29:0x00000000  x4=0x00000001
      365962000	     18196	80005c08	cc81	c.beqz	x9,80005c20	  x9:0x00000006
      365982000	     18197	80005c0a	4114a193	slti	x3,x9,1041	  x9:0x00000006  x3=0x00000001
      366002000	     18198	80005c0e	023588b3	mul	x17,x11,x3	 x11:0x00000000  x3:0x00000001 x17=0x00000000
      366022000	     18199	80005c12	01bce733	or	x14,x25,x27	 x25:0x830edac6 x27:0x00000000 x14=0x830edac6
      366422000	     18219	80005c16	407a5cb3	sra	x25,x20,x7	 x20:0x00000000  x7:0x80000000 x25=0x00000000
      366722000	     18234	80005c1a	03b5bcb3	mulhu	x25,x11,x27	 x11:0x00000000 x27:0x00000000 x25=0x00000000
      366742000	     18235	80005c1e	8e89	c.sub	x13,x10	 x13:0x00000001 x10:0x00000000 x13=0x00000001
      366802000	     18238	80005c20	eb15	c.bnez	x14,80005c54	 x14:0x830edac6
      367882000	     18292	80005c54	40cb5cb3	sra	x25,x22,x12	 x22:0x78440000 x12:0xf2a00140 x25=0x78440000
      368162000	     18306	80005c58	00a09db3	sll	x27,x1,x10	  x1:0x00000000 x10:0x00000000 x27=0x00000000
      368342000	     18315	80005c5c	01b44533	xor	x10,x8,x27	  x8:0x0d607ec0 x27:0x00000000 x10=0x0d607ec0
      368462000	     18321	80005c60	00170263	beq	x14,x1,80005c64	 x14:0x830edac6  x1:0x00000000
      368482000	     18322	80005c64	1908	c.addi4spn	x10,x2,176	 x10=0x000000b0
      368502000	     18323	80005c66	f8a22693	slti	x13,x4,-118	  x4:0x00000001 x13=0x00000000
      368542000	     18325	80005c6a	007b5e93	srli	x29,x22,0x7	 x22:0x78440000 x29=0x00f08800
      368562000	     18326	80005c6e	617d	c.addi16sp	x2,496	  x2:0x00000000  x2=0x000001f0
      368682000	     18332	80005c70	2e123a93	sltiu	x21,x4,737	  x4:0x00000001 x21=0x00000001
      368762000	     18336	80005c74	63b30313	addi	x6,x6,1595	  x6:0x00000000  x6=0x0000063b
      368782000	     18337	80005c78	85bd	c.srai	x11,0xf	 x11:0x00000000 x11=0x00000000
      368802000	     18338	80005c7a	015fbd33	sltu	x26,x31,x21	 x31:0x00000000 x21:0x00000001 x26=0x00000001
      368822000	     18339	80005c7e	0001	c.addi	x0,0	  x0:0x00000000  x0=0x00000000
      368842000	     18340	80005c80	b89f0097	auipc	x1,0xb89f0	  x1=0x389f5c80
      368862000	     18341	80005c84	9cee	c.add	x25,x27	 x25:0x78440000 x27:0x00000000 x25=0x78440000
      368882000	     18342	80005c86	e209	c.bnez	x12,80005c88	 x12:0xf2a00140
      369182000	     18357	80005c88	059b4063	blt	x22,x25,80005cc8	 x22:0x78440000 x25:0x78440000
      369202000	     18358	80005c8c	157d	c.addi	x10,-1	 x10:0x000000b0 x10=0x000000af
      369222000	     18359	80005c8e	8f39	c.xor	x14,x14	 x14:0x830edac6 x14:0x830edac6 x14=0x00000000
      369242000	     18360	80005c90	8fee	c.mv	x31,x27	  x0:0x00000000 x27:0x00000000 x31=0x00000000
      369282000	     18362	80005c92	02b89033	mulh	x0,x17,x11	 x17:0x00000000 x11:0x00000000  x0=0x00000000
      369322000	     18364	80005c96	03da95b3	mulh	x11,x21,x29	 x21:0x00000001 x29:0x00f08800 x11=0x00000000
      369342000	     18365	80005c9a	40a28db3	sub	x27,x5,x10	  x5:0x00000001 x10:0x000000af x27=0xffffff52
      369362000	     18366	80005c9e	001415b3	sll	x11,x8,x1	  x8:0x0d607ec0  x1:0x389f5c80 x11=0x0d607ec0
      369382000	     18367	80005ca2	0001	c.addi	x0,0	  x0:0x00000000  x0=0x00000000
      369402000	     18368	80005ca4	ed99	c.bnez	x11,80005cc2	 x11:0x0d607ec0
      370222000	     18409	80005cc2	98b18f37	lui	x30,0x98b18	 x30=0x98b18000
      370242000	     18410	80005cc6	4f11	c.li	x30,4	 x30=0x00000004
      370282000	     18412	80005cc8	0001	c.addi	x0,0	  x0:0x00000000  x0=0x00000000
      370302000	     18413	80005cca	418aee93	ori	x29,x21,1048	 x21:0x00000001 x29=0x00000419
      370322000	     18414	80005cce	0111da13	srli	x20,x3,0x11	  x3:0x00000001 x20=0x00000000
      370342000	     18415	80005cd2	9917e593	ori	x11,x15,-1647	 x15:0x80025ce4 x11=0xfffffdf5
      370362000	     18416	80005cd6	00628563	beq	x5,x6,80005ce0	  x5:0x00000001  x6:0x0000063b
      370382000	     18417	80005cda	8c89	c.sub	x9,x10	  x9:0x00000006 x10:0x000000af  x9=0xffffff57
      370482000	     18422	80005cdc	0d6be713	ori	x14,x23,214	 x23:0x00000000 x14=0x000000d6
      370502000	     18423	80005ce0	ed85	c.bnez	x11,80005d18	 x11:0xfffffdf5
      370882000	     18442	80005d18	8ca1	c.xor	x9,x8	  x9:0xffffff57  x8:0x0d607ec0  x9=0xf29f8197
      371302000	     18463	80005d1a	0000100f	fence.i	
      372542000	     18525	80005d1e	717d	c.addi16sp	x2,-16	  x2:0x000001f0  x2=0x000001e0
      372562000	     18526	80005d20	4359	c.li	x6,22	  x6=0x00000016
      372682000	     18532	80005d22	0117f463	bgeu	x15,x17,80005d2a	 x15:0x80025ce4 x17:0x00000000
      373422000	     18569	80005d2a	013a20b3	slt	x1,x20,x19	 x20:0x00000000 x19:0xf2b3ca60  x1=0x00000000
      373762000	     18586	80005d2e	0389deb3	divu	x29,x19,x24	 x19:0xf2b3ca60 x24:0x00000000 x29=0xffffffff
      373782000	     18587	80005d32	85e5	c.srai	x11,0x19	 x11:0xfffffdf5 x11=0xffffffff
      373802000	     18588	80005d34	0364c863	blt	x9,x22,80005d64	  x9:0xf29f8197 x22:0x78440000
      374282000	     18612	80005d64	0001	c.addi	x0,0	  x0:0x00000000  x0=0x00000000
      374302000	     18613	80005d66	0001	c.addi	x0,0	  x0:0x00000000  x0=0x00000000
      374322000	     18614	80005d68	8e5d	c.or	x12,x15	 x12:0xf2a00140 x15:0x80025ce4 x12=0xf2a25de4
      374342000	     18615	80005d6a	8eca	c.mv	x29,x18	  x0:0x00000000 x18:0x00000000 x29=0x00000000
      374402000	     18618	80005d6c	9b42	c.add	x22,x16	 x22:0x78440000 x16:0xa093ca60 x22=0x18d7ca60
      374462000	     18621	80005d6e	028c1063	bne	x24,x8,80005d8e	 x24:0x00000000  x8:0x0d607ec0
      376282000	     18712	80005d8e	057c8463	beq	x25,x23,80005dd6	 x25:0x78440000 x23:0x00000000
      376302000	     18713	80005d92	0000100f	fence.i	
      377102000	     18753	80005d96	0118df13	srli	x30,x17,0x11	 x17:0x00000000 x30=0x00000000
      377122000	     18754	80005d9a	8e4d	c.or	x12,x11	 x12:0xf2a25de4 x11:0xffffffff x12=0xffffffff
      377142000	     18755	80005d9c	0001	c.addi	x0,0	  x0:0x00000000  x0=0x00000000
      377542000	     18775	80005d9e	0ff0000f	fence	iorw,iorw	
      377962000	     18796	80005da2	412e8833	sub	x16,x29,x18	 x29:0x00000000 x18:0x00000000 x16=0x00000000
      377982000	     18797	80005da6	8f35	c.xor	x14,x13	 x14:0x000000d6 x13:0x00000000 x14=0x000000d6
      378002000	     18798	80005da8	8696	c.mv	x13,x5	  x0:0x00000000  x5:0x00000001 x13=0x00000001
      378122000	     18804	80005daa	05670c63	beq	x14,x22,80005e02	 x14:0x000000d6 x22:0x18d7ca60
      378222000	     18809	80005dae	05bdc163	blt	x27,x27,80005df0	 x27:0xffffff52 x27:0xffffff52
      378382000	     18817	80005db2	00000f17	auipc	x30,0x0	 x30=0x80005db2
      378402000	     18818	80005db6	272f0f13	addi	x30,x30,626	 x30:0x80005db2 x30=0x80006024
      378422000	     18819	80005dba	082d	c.addi	x16,11	 x16:0x00000000 x16=0x0000000b
      378442000	     18820	80005dbc	40c0d1b3	sra	x3,x1,x12	  x1:0x00000000 x12:0xffffffff  x3=0x00000000
      378462000	     18821	80005dc0	c380f813	andi	x16,x1,-968	  x1:0x00000000 x16=0x00000000
      378482000	     18822	80005dc4	01ff5993	srli	x19,x30,0x1f	 x30:0x80006024 x19=0x00000001
      378762000	     18836	80005dc8	dbcf0f13	addi	x30,x30,-580	 x30:0x80006024 x30=0x80005de0
      378782000	     18837	80005dcc	8df2	c.mv	x27,x28	  x0:0x00000000 x28:0x80021e54 x27=0x80021e54
      378802000	     18838	80005dce	244f0ae7	jalr	x21,580(x30)	 x30:0x80005de0 x21=0x80005dd2
      379242000	     18860	80006024	0001	c.addi	x0,0	  x0:0x00000000  x0=0x00000000
      379262000	     18861	80006026	8fee	c.mv	x31,x27	  x0:0x00000000 x27:0x80021e54 x31=0x80021e54
      379422000	     18869	80006028	86a5	c.srai	x13,0x9	 x13:0x00000001 x13=0x00000000
      379442000	     18870	8000602a	c601	c.beqz	x12,80006032	 x12:0xffffffff
      379462000	     18871	8000602c	0053efb3	or	x31,x7,x5	  x7:0x80000000  x5:0x00000001 x31=0x80000001
      379622000	     18879	80006030	55fd	c.li	x11,-1	 x11=0xffffffff
      379642000	     18880	80006032	1e01	c.addi	x28,-32	 x28:0x80021e54 x28=0x80021e34
      379782000	     18887	80006034	015e2223	sw	x21,4(x28)	 x28:0x80021e34 x21:0x80005dd2 PA:0x80021e38 store:0x80005dd2 load:0xffffffff
      379802000	     18888	80006038	40715cb3	sra	x25,x2,x7	  x2:0x000001e0  x7:0x80000000 x25=0x000001e0
      379822000	     18889	8000603c	01a68cb3	add	x25,x13,x26	 x13:0x00000000 x26:0x00000001 x25=0x00000001
      379862000	     18891	80006040	023ce133	rem	x2,x25,x3	 x25:0x00000001  x3:0x00000000  x2=0x00000001
      379882000	     18892	80006044	4004d593	srai	x11,x9,0x0	  x9:0xf29f8197 x11=0xf29f8197
      379982000	     18897	80006048	a4b6f717	auipc	x14,0xa4b6f	 x14=0x24b75048
      380002000	     18898	8000604c	015b9763	bne	x23,x21,8000605a	 x23:0x00000000 x21:0x80005dd2
      380582000	     18927	8000605a	01c8ca63	blt	x17,x28,8000606e	 x17:0x00000000 x28:0x80021e34
      380602000	     18928	8000605e	8c49	c.or	x8,x10	  x8:0x0d607ec0 x10:0x000000af  x8=0x0d607eef
      380622000	     18929	80006060	8e85	c.sub	x13,x9	 x13:0x00000000  x9:0xf29f8197 x13=0x0d607e69
      380662000	     18931	80006062	0212f6b3	remu	x13,x5,x1	  x5:0x00000001  x1:0x00000000 x13=0x00000001
      380682000	     18932	80006066	0002ebb3	or	x23,x5,x0	  x5:0x00000001  x0:0x00000000 x23=0x00000001
      380702000	     18933	8000606a	0000100f	fence.i	
      381542000	     18975	8000606e	03e8b233	mulhu	x4,x17,x30	 x17:0x00000000 x30:0x80005de0  x4=0x00000000
      381562000	     18976	80006072	1b8c	c.addi4spn	x11,x2,496	 x11=0x000001f1
      381942000	     18995	80006074	5f7d	c.li	x30,-1	 x30=0xffffffff
      382122000	     19004	80006076	038d1cb3	mulh	x25,x26,x24	 x26:0x00000001 x24:0x00000000 x25=0x00000000
      382142000	     19005	8000607a	4020d933	sra	x18,x1,x2	  x1:0x00000000  x2:0x00000001 x18=0x00000000
      382162000	     19006	8000607e	02359063	bne	x11,x3,8000609e	 x11:0x000001f1  x3:0x00000000
      383202000	     19058	8000609e	1608	c.addi4spn	x10,x2,800	 x10=0x00000321
      383262000	     19061	800060a0	5a12f693	andi	x13,x5,1441	  x5:0x00000001 x13=0x00000001
      383282000	     19062	800060a4	1318	c.addi4spn	x14,x2,416	 x14=0x000001a1
      383442000	     19070	800060a6	fb49b997	auipc	x19,0xfb49b	 x19=0x7b4a10a6
      383522000	     19074	800060aa	40f78db3	sub	x27,x15,x15	 x15:0x80025ce4 x15:0x80025ce4 x27=0x00000000
      383542000	     19075	800060ae	024d5863	bge	x26,x4,800060de	 x26:0x00000001  x4:0x00000000
      384482000	     19122	800060de	005785b3	add	x11,x15,x5	 x15:0x80025ce4  x5:0x00000001 x11=0x80025ce5
      384582000	     19127	800060e2	025a1eb3	mulh	x29,x20,x5	 x20:0x00000000  x5:0x00000001 x29=0x00000000
      385002000	     19148	800060e6	022211b3	mulh	x3,x4,x2	  x4:0x00000000  x2:0x00000001  x3=0x00000000
      385022000	     19149	800060ea	0000100f	fence.i	
      385282000	     19162	800060ee	053f5063	bge	x30,x19,8000612e	 x30:0xffffffff x19:0x7b4a10a6
      385302000	     19163	800060f2	9332	c.add	x6,x12	  x6:0x00000016 x12:0xffffffff  x6=0x00000015
      385402000	     19168	800060f4	8e71	c.and	x12,x12	 x12:0xffffffff x12:0xffffffff x12=0xffffffff
      385542000	     19175	800060f6	01279433	sll	x8,x15,x18	 x15:0x80025ce4 x18:0x00000000  x8=0x80025ce4
      385882000	     19192	800060fa	00f0b433	sltu	x8,x1,x15	  x1:0x00000000 x15:0x80025ce4  x8=0x00000001
      385902000	     19193	800060fe	8f71	c.and	x14,x12	 x14:0x000001a1 x12:0xffffffff x14=0x000001a1
      386102000	     19203	80006100	c899	c.beqz	x9,80006116	  x9:0xf29f8197
      386242000	     19210	80006102	401d5c13	srai	x24,x26,0x1	 x26:0x00000001 x24=0x00000000
      386402000	     19218	80006106	039a61b3	rem	x3,x20,x25	 x20:0x00000000 x25:0x00000000  x3=0x00000000
      386422000	     19219	8000610a	00a45ab3	srl	x21,x8,x10	  x8:0x00000001 x10:0x00000321 x21=0x00000000
      386502000	     19223	8000610e	02890663	beq	x18,x8,8000613a	 x18:0x00000000  x8:0x00000001
      386522000	     19224	80006112	41d28db3	sub	x27,x5,x29	  x5:0x00000001 x29:0x00000000 x27=0x00000001
      386542000	     19225	80006116	02b6	c.slli	x5,0xd	  x5:0x00000001  x5=0x00002000
      386562000	     19226	80006118	01cd5613	srli	x12,x26,0x1c	 x26:0x00000001 x12=0x00000000
      386582000	     19227	8000611c	0c72f013	andi	x0,x5,199	  x5:0x00002000  x0=0x00000000
      386602000	     19228	80006120	03f602b3	mul	x5,x12,x31	 x12:0x00000000 x31:0x80000001  x5=0x00000000
      386622000	     19229	80006124	96d2	c.add	x13,x20	 x13:0x00000001 x20:0x00000000 x13=0x00000001
      386642000	     19230	80006126	4034d633	sra	x12,x9,x3	  x9:0xf29f8197  x3:0x00000000 x12=0xf29f8197
      386822000	     19239	8000612a	0346f033	remu	x0,x13,x20	 x13:0x00000001 x20:0x00000000  x0=0x00000000
      386842000	     19240	8000612e	ea01	c.bnez	x12,8000613e	 x12:0xf29f8197
      387422000	     19269	8000613e	c815	c.beqz	x8,80006172	  x8:0x00000001
      387442000	     19270	80006140	b353c113	xori	x2,x7,-1227	  x7:0x80000000  x2=0x7ffffb35
      387862000	     19291	80006144	007ba533	slt	x10,x23,x7	 x23:0x00000001  x7:0x80000000 x10=0x00000000
      387882000	     19292	80006148	dd2e9d17	auipc	x26,0xdd2e9	 x26=0x5d2ef148
      387922000	     19294	8000614c	00155213	srli	x4,x10,0x1	 x10:0x00000000  x4=0x00000000
      387942000	     19295	80006150	00928463	beq	x5,x9,80006158	  x5:0x00000000  x9:0xf29f8197
      388162000	     19306	80006154	0000100f	fence.i	
      388862000	     19341	80006158	0ff0000f	fence	iorw,iorw	
      388882000	     19342	8000615c	84aa	c.mv	x9,x10	  x0:0x00000000 x10:0x00000000  x9=0x00000000
      388902000	     19343	8000615e	00785f13	srli	x30,x16,0x7	 x16:0x00000000 x30=0x00000000
      389322000	     19364	80006162	03cd4e63	blt	x26,x28,8000619e	 x26:0x5d2ef148 x28:0x80021e34
      389342000	     19365	80006166	861d	c.srai	x12,0x7	 x12:0xf29f8197 x12=0xffe53f03
      389402000	     19368	80006168	0292e663	bltu	x5,x9,80006194	  x5:0x00000000  x9:0x00000000
      389422000	     19369	8000616c	1400	c.addi4spn	x8,x2,544	  x8=0x7ffffd55
      389502000	     19373	8000616e	4119d193	srai	x3,x19,0x11	 x19:0x7b4a10a6  x3=0x00003da5
      389522000	     19374	80006172	8ebd	c.xor	x13,x15	 x13:0x00000001 x15:0x80025ce4 x13=0x80025ce5
      389562000	     19376	80006174	a4134e93	xori	x29,x6,-1471	  x6:0x00000015 x29=0xfffffa54
      389602000	     19378	80006178	03de3ab3	mulhu	x21,x28,x29	 x28:0x80021e34 x29:0xfffffa54 x21=0x80021b5d
      389662000	     19381	8000617c	0374ec63	bltu	x9,x23,800061b4	  x9:0x00000000 x23:0x00000001
      389702000	     19383	800061b4	e415	c.bnez	x8,800061e0	  x8:0x7ffffd55
      389742000	     19385	800061e0	024a86b3	mul	x13,x21,x4	 x21:0x80021b5d  x4:0x00000000 x13=0x00000000
      390022000	     19399	800061e4	0001	c.addi	x0,0	  x0:0x00000000  x0=0x00000000
      390762000	     19436	800061e6	02754233	div	x4,x10,x7	 x10:0x00000000  x7:0x80000000  x4=0x00000000
      390782000	     19437	800061ea	5d7d	c.li	x26,-1	 x26=0xffffffff
      390802000	     19438	800061ec	40a15cb3	sra	x25,x2,x10	  x2:0x7ffffb35 x10:0x00000000 x25=0x7ffffb35
      390822000	     19439	800061f0	717d	c.addi16sp	x2,-16	  x2:0x7ffffb35  x2=0x7ffffb25
      391562000	     19476	800061f2	0226cbb3	div	x23,x13,x2	 x13:0x00000000  x2:0x7ffffb25 x23=0x00000000
      391582000	     19477	800061f6	010dd2b3	srl	x5,x27,x16	 x27:0x00000001 x16:0x00000000  x5=0x00000001
      391602000	     19478	800061fa	3b5f7e93	andi	x29,x30,949	 x30:0x00000000 x29=0x00000000
      391622000	     19479	800061fe	82d9	c.srli	x13,0x16	 x13:0x00000000 x13=0x00000000
      391642000	     19480	80006200	053cf763	bgeu	x25,x19,8000624e	 x25:0x7ffffb35 x19:0x7b4a10a6
      391842000	     19490	8000624e	01448d33	add	x26,x9,x20	  x9:0x00000000 x20:0x00000000 x26=0x00000000
      391862000	     19491	80006252	8759	c.srai	x14,0x16	 x14:0x000001a1 x14=0x00000000
      392322000	     19514	80006254	01249413	slli	x8,x9,0x12	  x9:0x00000000  x8=0x00000000
      392342000	     19515	80006258	011ddc13	srli	x24,x27,0x11	 x27:0x00000001 x24=0x00000000
      392622000	     19529	8000625c	8c69	c.and	x8,x10	  x8:0x00000000 x10:0x00000000  x8=0x00000000
      393002000	     19548	8000625e	014354b3	srl	x9,x6,x20	  x6:0x00000015 x20:0x00000000  x9=0x00000015
      394082000	     19602	80006262	0175c663	blt	x11,x23,8000626e	 x11:0x80025ce5 x23:0x00000000
      394682000	     19632	8000626e	416dd133	sra	x2,x27,x22	 x27:0x00000001 x22:0x18d7ca60  x2=0x00000001
      394762000	     19636	80006272	039a1d33	mulh	x26,x20,x25	 x20:0x00000000 x25:0x7ffffb35 x26=0x00000000
      394782000	     19637	80006276	1bfd	c.addi	x23,-1	 x23:0x00000000 x23=0xffffffff
      394802000	     19638	80006278	406d0a93	addi	x21,x26,1030	 x26:0x00000000 x21=0x00000406
      394822000	     19639	8000627c	f66e0113	addi	x2,x28,-154	 x28:0x80021e34  x2=0x80021d9a
      395102000	     19653	80006280	8c7d	c.and	x8,x15	  x8:0x00000000 x15:0x80025ce4  x8=0x00000000
      395122000	     19654	80006282	6be1	c.lui	x23,0x18	 x23=0x00018000
      395862000	     19691	80006284	02ff5b33	divu	x22,x30,x15	 x30:0x00000000 x15:0x80025ce4 x22=0x00000000
      395882000	     19692	80006288	01dd6463	bltu	x26,x29,80006290	 x26:0x00000000 x29:0x00000000
      395902000	     19693	8000628c	15f8fc93	andi	x25,x17,351	 x17:0x00000000 x25=0x00000000
      395922000	     19694	80006290	004c4d63	blt	x24,x4,800062aa	 x24:0x00000000  x4:0x00000000
      395942000	     19695	80006294	e289	c.bnez	x13,80006296	 x13:0x00000000
      395962000	     19696	80006296	013c01b3	add	x3,x24,x19	 x24:0x00000000 x19:0x7b4a10a6  x3=0x7b4a10a6
      395982000	     19697	8000629a	1b7d	c.addi	x22,-1	 x22:0x00000000 x22=0xffffffff
      396262000	     19711	8000629c	8e31	c.xor	x12,x12	 x12:0xffe53f03 x12:0xffe53f03 x12=0x00000000
      396402000	     19718	8000629e	032b3eb3	mulhu	x29,x22,x18	 x22:0xffffffff x18:0x00000000 x29=0x00000000
      396642000	     19730	800062a2	40055613	srai	x12,x10,0x0	 x10:0x00000000 x12=0x00000000
      396662000	     19731	800062a6	2248fd93	andi	x27,x17,548	 x17:0x00000000 x27=0x00000000
      396782000	     19737	800062aa	61e84693	xori	x13,x16,1566	 x16:0x00000000 x13=0x0000061e
      396802000	     19738	800062ae	006c9563	bne	x25,x6,800062b8	 x25:0x00000000  x6:0x00000015
      397182000	     19757	800062b8	46803a13	sltiu	x20,x0,1128	  x0:0x00000000 x20=0x00000001
      397422000	     19769	800062bc	5c57a913	slti	x18,x15,1477	 x15:0x80025ce4 x18=0x00000001
      397602000	     19778	800062c0	86ed	c.srai	x13,0x1b	 x13:0x0000061e x13=0x00000000
      397742000	     19785	800062c2	03f1bc33	mulhu	x24,x3,x31	  x3:0x7b4a10a6 x31:0x80000001 x24=0x3da50853
      397902000	     19793	800062c6	03210e63	beq	x2,x18,80006302	  x2:0x80021d9a x18:0x00000001
      397922000	     19794	800062ca	f1753d13	sltiu	x26,x10,-233	 x10:0x00000000 x26=0x00000001
      397942000	     19795	800062ce	e309	c.bnez	x14,800062d0	 x14:0x00000000
      398182000	     19807	800062d0	409b0533	sub	x10,x22,x9	 x22:0xffffffff  x9:0x00000015 x10=0xffffffea
      398202000	     19808	800062d4	0001	c.addi	x0,0	  x0:0x00000000  x0=0x00000000
      398222000	     19809	800062d6	8bb6	c.mv	x23,x13	  x0:0x00000000 x13:0x00000000 x23=0x00000000
      398442000	     19820	800062d8	03e4fab3	remu	x21,x9,x30	  x9:0x00000015 x30:0x00000000 x21=0x00000015
      398462000	     19821	800062dc	01f09263	bne	x1,x31,800062e0	  x1:0x00000000 x31:0x80000001
      398702000	     19833	800062e0	471d	c.li	x14,7	 x14=0x00000007
      399122000	     19854	800062e2	41825c93	srai	x25,x4,0x18	  x4:0x00000000 x25=0x00000000
      399142000	     19855	800062e6	044a	c.slli	x8,0x12	  x8:0x00000000  x8=0x00000000
      399302000	     19863	800062e8	4120ddb3	sra	x27,x1,x18	  x1:0x00000000 x18:0x00000001 x27=0x00000000
      399722000	     19884	800062ec	019e8763	beq	x29,x25,800062fa	 x29:0x00000000 x25:0x00000000
      400322000	     19914	800062fa	0071b333	sltu	x6,x3,x7	  x3:0x7b4a10a6  x7:0x80000000  x6=0x00000001
      400542000	     19925	800062fe	0124d633	srl	x12,x9,x18	  x9:0x00000015 x18:0x00000001 x12=0x0000000a
      401322000	     19964	80006302	033adfb3	divu	x31,x21,x19	 x21:0x00000015 x19:0x7b4a10a6 x31=0x00000000
      401342000	     19965	80006306	86ed	c.srai	x13,0x1b	 x13:0x00000000 x13=0x00000000
      401362000	     19966	80006308	01f6b933	sltu	x18,x13,x31	 x13:0x00000000 x31:0x00000000 x18=0x00000000
      401382000	     19967	8000630c	00f30533	add	x10,x6,x15	  x6:0x00000001 x15:0x80025ce4 x10=0x80025ce5
      401402000	     19968	80006310	8c15	c.sub	x8,x13	  x8:0x00000000 x13:0x00000000  x8=0x00000000
      401422000	     19969	80006312	41898ab3	sub	x21,x19,x24	 x19:0x7b4a10a6 x24:0x3da50853 x21=0x3da50853
      401442000	     19970	80006316	411fd4b3	sra	x9,x31,x17	 x31:0x00000000 x17:0x00000000  x9=0x00000000
      401462000	     19971	8000631a	e889	c.bnez	x9,8000632c	  x9:0x00000000
      401482000	     19972	8000631c	001bf363	bgeu	x23,x1,80006322	 x23:0x00000000  x1:0x00000000
      402082000	     20002	80006322	3015b413	sltiu	x8,x11,769	 x11:0x80025ce5  x8=0x00000000
      402102000	     20003	80006326	0162f563	bgeu	x5,x22,80006330	  x5:0x00000001 x22:0xffffffff
      402122000	     20004	8000632a	c515	c.beqz	x10,80006356	 x10:0x80025ce5
      402502000	     20023	8000632c	02790a63	beq	x18,x7,80006360	 x18:0x00000000  x7:0x80000000
      403242000	     20060	80006330	02c7eb33	rem	x22,x15,x12	 x15:0x80025ce4 x12:0x0000000a x22=0xfffffffa
      403262000	     20061	80006334	405ada93	srai	x21,x21,0x5	 x21:0x3da50853 x21=0x01ed2842
      404002000	     20098	80006338	03327633	remu	x12,x4,x19	  x4:0x00000000 x19:0x7b4a10a6 x12=0x00000000
      404022000	     20099	8000633c	0b76	c.slli	x22,0x1d	 x22:0xfffffffa x22=0x40000000
      404042000	     20100	8000633e	0001	c.addi	x0,0	  x0:0x00000000  x0=0x00000000
      404062000	     20101	80006340	00b45eb3	srl	x29,x8,x11	  x8:0x00000000 x11:0x80025ce5 x29=0x00000000
      404102000	     20103	80006344	038db2b3	mulhu	x5,x27,x24	 x27:0x00000000 x24:0x3da50853  x5=0x00000000
      404122000	     20104	80006348	70143f13	sltiu	x30,x8,1793	  x8:0x00000000 x30=0x00000001
      404142000	     20105	8000634c	00486963	bltu	x16,x4,8000635e	 x16:0x00000000  x4:0x00000000
      404562000	     20126	80006350	0333aab3	mulhsu	x21,x7,x19	  x7:0x80000000 x19:0x7b4a10a6 x21=0xc25af7ad
      404702000	     20133	80006354	0001	c.addi	x0,0	  x0:0x00000000  x0=0x00000000
      404802000	     20138	80006356	ea887293	andi	x5,x16,-344	 x16:0x00000000  x5=0x00000000
      404942000	     20145	8000635a	06280463	beq	x16,x2,800063c2	 x16:0x00000000  x2:0x80021d9a
      404962000	     20146	8000635e	04ee	c.slli	x9,0x1b	  x9:0x00000000  x9=0x00000000
      405022000	     20149	80006360	40ed0cb3	sub	x25,x26,x14	 x26:0x00000001 x14:0x00000007 x25=0xfffffffa
      405042000	     20150	80006364	8dc5	c.or	x11,x9	 x11:0x80025ce5  x9:0x00000000 x11=0x80025ce5
      405062000	     20151	80006366	411dd313	srai	x6,x27,0x11	 x27:0x00000000  x6=0x00000000
      405082000	     20152	8000636a	40ed	c.li	x1,27	  x1=0x0000001b
      405102000	     20153	8000636c	19f0a637	lui	x12,0x19f0a	 x12=0x19f0a000
      405242000	     20160	80006370	0311d2b3	divu	x5,x3,x17	  x3:0x7b4a10a6 x17:0x00000000  x5=0xffffffff
      405262000	     20161	80006374	4017d2b3	sra	x5,x15,x1	 x15:0x80025ce4  x1:0x0000001b  x5=0xfffffff0
      405282000	     20162	80006378	0e1cfb13	andi	x22,x25,225	 x25:0xfffffffa x22=0x000000e0
      405442000	     20170	8000637c	00002617	auipc	x12,0x2	 x12=0x8000837c
      405462000	     20171	80006380	3de60613	addi	x12,x12,990	 x12:0x8000837c x12=0x8000875a
      405482000	     20172	80006384	3d560613	addi	x12,x12,981	 x12:0x8000875a x12=0x80008b2f
      405682000	     20182	80006388	8c91	c.sub	x9,x12	  x9:0x00000000 x12:0x80008b2f  x9=0x7fff74d1
      405702000	     20183	8000638a	01e5bc33	sltu	x24,x11,x30	 x11:0x80025ce5 x30:0x00000001 x24=0x00000000
      405722000	     20184	8000638e	0000100f	fence.i	
      406222000	     20209	80006392	01ec1463	bne	x24,x30,8000639a	 x24:0x00000000 x30:0x00000001
      407062000	     20251	8000639a	c2c60ae7	jalr	x21,-980(x12)	 x12:0x80008b2f x21=0x8000639e
      407402000	     20268	8000875a	40550a33	sub	x20,x10,x5	 x10:0x80025ce5  x5:0xfffffff0 x20=0x80025cf5
      407422000	     20269	8000875e	016b1463	bne	x22,x22,80008766	 x22:0x000000e0 x22:0x000000e0
      407462000	     20271	80008762	8813a493	slti	x9,x7,-1919	  x7:0x80000000  x9=0x00000001
      407862000	     20291	80008766	fc8e0e13	addi	x28,x28,-56	 x28:0x80021e34 x28=0x80021dfc
      407882000	     20292	8000876a	0a0c	c.addi4spn	x11,x2,272	 x11=0x80021eaa
      408282000	     20312	8000876c	8f8e	c.mv	x31,x3	  x0:0x00000000  x3:0x7b4a10a6 x31=0x7b4a10a6
      408542000	     20325	8000876e	015e2223	sw	x21,4(x28)	 x28:0x80021dfc x21:0x8000639e PA:0x80021e00 store:0x8000639e load:0xffffffff
      408562000	     20326	80008772	7c2f5417	auipc	x8,0x7c2f5	  x8=0xfc2fd772
      408582000	     20327	80008776	00000197	auipc	x3,0x0	  x3=0x80008776
      408682000	     20332	8000877a	08618193	addi	x3,x3,134	  x3:0x80008776  x3=0x800087fc
      408722000	     20334	8000877e	022b2ab3	mulhsu	x21,x22,x2	 x22:0x000000e0  x2:0x80021d9a x21=0x00000070
      408962000	     20346	80008782	005e72b3	and	x5,x28,x5	 x28:0x80021dfc  x5:0xfffffff0  x5=0x80021df0
      408982000	     20347	80008786	f6318193	addi	x3,x3,-157	  x3:0x800087fc  x3=0x8000875f
      409002000	     20348	8000878a	0001	c.addi	x0,0	  x0:0x00000000  x0=0x00000000
      409022000	     20349	8000878c	fade7213	andi	x4,x28,-83	 x28:0x80021dfc  x4=0x80021dac
      409042000	     20350	80008790	0071cbb3	xor	x23,x3,x7	  x3:0x8000875f  x7:0x80000000 x23=0x0000875f
      409242000	     20360	80008794	01fffc33	and	x24,x31,x31	 x31:0x7b4a10a6 x31:0x7b4a10a6 x24=0x7b4a10a6
      409262000	     20361	80008798	01568663	beq	x13,x21,800087a4	 x13:0x00000000 x21:0x00000070
      409442000	     20370	8000879c	00494cb3	xor	x25,x18,x4	 x18:0x00000000  x4:0x80021dac x25=0x80021dac
      409602000	     20378	800087a0	0000100f	fence.i	
      410462000	     20421	800087a4	09d18ae7	jalr	x21,157(x3)	  x3:0x8000875f x21=0x800087a8
      411842000	     20490	800087fc	02cdf733	remu	x14,x27,x12	 x27:0x00000000 x12:0x80008b2f x14=0x00000000
      411862000	     20491	80008800	00aff263	bgeu	x31,x10,80008804	 x31:0x7b4a10a6 x10:0x80025ce5
      411882000	     20492	80008804	fc4e0e13	addi	x28,x28,-60	 x28:0x80021dfc x28=0x80021dc0
      411902000	     20493	80008808	0001	c.addi	x0,0	  x0:0x00000000  x0=0x00000000
      411922000	     20494	8000880a	e3943913	sltiu	x18,x8,-455	  x8:0xfc2fd772 x18=0x00000001
      411942000	     20495	8000880e	40e55713	srai	x14,x10,0xe	 x10:0x80025ce5 x14=0xfffe0009
      412442000	     20520	80008812	015e2223	sw	x21,4(x28)	 x28:0x80021dc0 x21:0x800087a8 PA:0x80021dc4 store:0x800087a8 load:0xffffffff
      412462000	     20521	80008816	0749	c.addi	x14,18	 x14:0xfffe0009 x14=0xfffe001b
      412482000	     20522	80008818	1504	c.addi4spn	x9,x2,672	  x9=0x8002203a
      412502000	     20523	8000881a	0346	c.slli	x6,0x11	  x6:0x00000000  x6=0x00000000
      412522000	     20524	8000881c	631d	c.lui	x6,0x7	  x6=0x00007000
      412542000	     20525	8000881e	0001	c.addi	x0,0	  x0:0x00000000  x0=0x00000000
      412562000	     20526	80008820	00fddc33	srl	x24,x27,x15	 x27:0x00000000 x15:0x80025ce4 x24=0x00000000
      412582000	     20527	80008824	40ca5813	srai	x16,x20,0xc	 x20:0x80025cf5 x16=0xfff80025
      412602000	     20528	80008828	064f6d13	ori	x26,x30,100	 x30:0x00000001 x26=0x00000065
      412622000	     20529	8000882c	0dd2	c.slli	x27,0x14	 x27:0x00000000 x27=0x00000000
      412802000	     20538	8000882e	000bdd33	srl	x26,x23,x0	 x23:0x0000875f  x0:0x00000000 x26=0x0000875f
      413102000	     20553	80008832	41ffdf33	sra	x30,x31,x31	 x31:0x7b4a10a6 x31:0x7b4a10a6 x30=0x01ed2842
      413182000	     20557	80008836	0faefd93	andi	x27,x29,250	 x29:0x00000000 x27=0x00000000
      413202000	     20558	8000883a	8ab5	c.andi	x13,13	 x13:0x00000000 x13=0x00000000
      413942000	     20595	8000883c	021ff733	remu	x14,x31,x1	 x31:0x7b4a10a6  x1:0x0000001b x14=0x00000010
      413962000	     20596	80008840	6bd9	c.lui	x23,0x16	 x23=0x00016000
      413982000	     20597	80008842	4118d833	sra	x16,x17,x17	 x17:0x00000000 x17:0x00000000 x16=0x00000000
      414002000	     20598	80008846	e419	c.bnez	x8,80008854	  x8:0xfc2fd772
      414222000	     20609	80008854	01a35c33	srl	x24,x6,x26	  x6:0x00007000 x26:0x0000875f x24=0x00000000
      414242000	     20610	80008858	41198c33	sub	x24,x19,x17	 x19:0x7b4a10a6 x17:0x00000000 x24=0x7b4a10a6
      414362000	     20616	8000885c	01df9533	sll	x10,x31,x29	 x31:0x7b4a10a6 x29:0x00000000 x10=0x7b4a10a6
      414402000	     20618	80008860	02a12833	mulhsu	x16,x2,x10	  x2:0x80021d9a x10:0x7b4a10a6 x16=0xc25bfc82
      414422000	     20619	80008864	41f506b3	sub	x13,x10,x31	 x10:0x7b4a10a6 x31:0x7b4a10a6 x13=0x00000000
      414442000	     20620	80008868	99fd	c.andi	x11,-1	 x11:0x80021eaa x11=0x80021eaa
      414462000	     20621	8000886a	807d	c.srli	x8,0x1f	  x8:0xfc2fd772  x8=0x00000001
      414502000	     20623	8000886c	005b6463	bltu	x22,x5,80008874	 x22:0x000000e0  x5:0x80021df0
      423542000	     21075	80008874	aae935b7	lui	x11,0xaae93	 x11=0xaae93000
      423562000	     21076	80008878	8d85	c.sub	x11,x9	 x11:0xaae93000  x9:0x8002203a x11=0x2ae70fc6
      423582000	     21077	8000887a	011c3133	sltu	x2,x24,x17	 x24:0x7b4a10a6 x17:0x00000000  x2=0x00000000
      423602000	     21078	8000887e	00e97763	bgeu	x18,x14,8000888c	 x18:0x00000001 x14:0x00000010
      423622000	     21079	80008882	013d	c.addi	x2,15	  x2:0x00000000  x2=0x0000000f
      423642000	     21080	80008884	8c41	c.or	x8,x8	  x8:0x00000001  x8:0x00000001  x8=0x00000001
      423662000	     21081	80008886	6605	c.lui	x12,0x1	 x12=0x00001000
      423842000	     21090	80008888	f5914f13	xori	x30,x2,-167	  x2:0x0000000f x30=0xffffff56
      423862000	     21091	8000888c	1ffd	c.addi	x31,-1	 x31:0x7b4a10a6 x31=0x7b4a10a5
      423882000	     21092	8000888e	615d	c.addi16sp	x2,432	  x2:0x0000000f  x2=0x000001bf
      424282000	     21112	80008890	403d0833	sub	x16,x26,x3	 x26:0x0000875f  x3:0x8000875f x16=0x80000000
      424322000	     21114	80008894	02df4733	div	x14,x30,x13	 x30:0xffffff56 x13:0x00000000 x14=0xffffffff
      424342000	     21115	80008898	860ae493	ori	x9,x21,-1952	 x21:0x800087a8  x9=0xffffffe8
      424362000	     21116	8000889c	030df363	bgeu	x27,x16,800088c2	 x27:0x00000000 x16:0x80000000
      424382000	     21117	800088a0	0071fc33	and	x24,x3,x7	  x3:0x8000875f  x7:0x80000000 x24=0x80000000
      424462000	     21121	800088a4	014ef733	and	x14,x29,x20	 x29:0x00000000 x20:0x80025cf5 x14=0x00000000
      424522000	     21124	800088a8	36958197	auipc	x3,0x36958	  x3=0xb69608a8
      424642000	     21130	800088ac	4002d533	sra	x10,x5,x0	  x5:0x80021df0  x0:0x00000000 x10=0x80021df0
      424662000	     21131	800088b0	00f73133	sltu	x2,x14,x15	 x14:0x00000000 x15:0x80025ce4  x2=0x00000001
      424762000	     21136	800088b4	8292	c.mv	x5,x4	  x0:0x00000000  x4:0x80021dac  x5=0x80021dac
      424822000	     21139	800088b6	03cf3033	mulhu	x0,x30,x28	 x30:0xffffff56 x28:0x80021dc0  x0=0x00000000
      424842000	     21140	800088ba	8d51	c.or	x10,x12	 x10:0x80021df0 x12:0x00001000 x10=0x80021df0
      424902000	     21143	800088bc	00cdd433	srl	x8,x27,x12	 x27:0x00000000 x12:0x00001000  x8=0x00000000
      425202000	     21158	800088c0	0bf5	c.addi	x23,29	 x23:0x00016000 x23=0x0001601d
      425282000	     21162	800088c2	03bfceb3	div	x29,x31,x27	 x31:0x7b4a10a5 x27:0x00000000 x29=0xffffffff
      425322000	     21164	800088c6	00886db3	or	x27,x16,x8	 x16:0x80000000  x8:0x00000000 x27=0x80000000
      425342000	     21165	800088ca	0296	c.slli	x5,0x5	  x5:0x80021dac  x5=0x0043b580
      425362000	     21166	800088cc	8e51	c.or	x12,x12	 x12:0x00001000 x12:0x00001000 x12=0x00001000
      425382000	     21167	800088ce	0000100f	fence.i	
      426102000	     21203	800088d2	f712ca13	xori	x20,x5,-143	  x5:0x0043b580 x20=0xffbc4af1
      426122000	     21204	800088d6	8961	c.andi	x10,24	 x10:0x80021df0 x10=0x00000010
      426142000	     21205	800088d8	8c91	c.sub	x9,x12	  x9:0xffffffe8 x12:0x00001000  x9=0xffffefe8
      426162000	     21206	800088da	6b85	c.lui	x23,0x1	 x23=0x00001000
      426322000	     21214	800088dc	00a01813	slli	x16,x0,0xa	  x0:0x00000000 x16=0x00000000
      427062000	     21251	800088e0	02f3e1b3	rem	x3,x7,x15	  x7:0x80000000 x15:0x80025ce4  x3=0xfffda31c
      427082000	     21252	800088e4	8d5a	c.mv	x26,x22	  x0:0x00000000 x22:0x000000e0 x26=0x000000e0
      427102000	     21253	800088e6	8166	c.mv	x2,x25	  x0:0x00000000 x25:0x80021dac  x2=0x80021dac
      427122000	     21254	800088e8	f43d3b13	sltiu	x22,x26,-189	 x26:0x000000e0 x22=0x00000001
      427162000	     21256	800088ec	030a4533	div	x10,x20,x16	 x20:0xffbc4af1 x16:0x00000000 x10=0xffffffff
      427942000	     21295	800088f0	02b9d133	divu	x2,x19,x11	 x19:0x7b4a10a6 x11:0x2ae70fc6  x2=0x00000002
      427962000	     21296	800088f4	0ff0000f	fence	iorw,iorw	
      427982000	     21297	800088f8	987d	c.andi	x8,-1	  x8:0x00000000  x8=0x00000000
      428002000	     21298	800088fa	d0848c13	addi	x24,x9,-760	  x9:0xffffefe8 x24=0xffffecf0
      428022000	     21299	800088fe	5cd94f13	xori	x30,x18,1485	 x18:0x00000001 x30=0x000005cc
      428222000	     21309	80008902	410454b3	sra	x9,x8,x16	  x8:0x00000000 x16:0x00000000  x9=0x00000000
      428282000	     21312	80008906	0004c833	xor	x16,x9,x0	  x9:0x00000000  x0:0x00000000 x16=0x00000000
      428502000	     21323	8000890a	26fe6313	ori	x6,x28,623	 x28:0x80021dc0  x6=0x80021fef
      428682000	     21332	8000890e	004e2a83	lw	x21,4(x28)	 x28:0x80021dc0 x21=0x800087a8 PA:0x80021dc4 load:0x800087a8
      428702000	     21333	80008912	2f4a4913	xori	x18,x20,756	 x20:0xffbc4af1 x18=0xffbc4805
      428722000	     21334	80008916	03ce0e13	addi	x28,x28,60	 x28:0x80021dc0 x28=0x80021dfc
      428742000	     21335	8000891a	6ec1	c.lui	x29,0x10	 x29=0x00010000
      428762000	     21336	8000891c	f64beb37	lui	x22,0xf64be	 x22=0xf64be000
      428782000	     21337	80008920	8b4d	c.andi	x14,19	 x14:0x00000000 x14=0x00000000
      428802000	     21338	80008922	0000100f	fence.i	
      429442000	     21370	80008926	000a8c13	addi	x24,x21,0	 x21:0x800087a8 x24=0x800087a8
      429462000	     21371	8000892a	9c02	c.jalr	x24	 x24:0x800087a8  x1=0x8000892c
      430122000	     21404	800087a8	01725233	srl	x4,x4,x23	  x4:0x80021dac x23:0x00001000  x4=0x80021dac
      430862000	     21441	800087ac	0249ccb3	div	x25,x19,x4	 x19:0x7b4a10a6  x4:0x80021dac x25=0x00000000
      430882000	     21442	800087b0	41ac8633	sub	x12,x25,x26	 x25:0x00000000 x26:0x000000e0 x12=0xffffff20
      430902000	     21443	800087b4	019480b3	add	x1,x9,x25	  x9:0x00000000 x25:0x00000000  x1=0x00000000
      430922000	     21444	800087b8	01791e63	bne	x18,x23,800087d4	 x18:0xffbc4805 x23:0x00001000
      431262000	     21461	800087d4	17182693	slti	x13,x16,369	 x16:0x00000000 x13=0x00000001
      431442000	     21470	800087d8	018e2fb3	slt	x31,x28,x24	 x28:0x80021dfc x24:0x800087a8 x31=0x00000000
      431462000	     21471	800087dc	4055d433	sra	x8,x11,x5	 x11:0x2ae70fc6  x5:0x0043b580  x8=0x2ae70fc6
      431482000	     21472	800087e0	834d	c.srli	x14,0x13	 x14:0x00000000 x14=0x00000000
      431902000	     21493	800087e2	004e2a83	lw	x21,4(x28)	 x28:0x80021dfc x21=0x8000639e PA:0x80021e00 load:0x8000639e
      431922000	     21494	800087e6	1cfd	c.addi	x25,-1	 x25:0x00000000 x25=0xffffffff
      431942000	     21495	800087e8	01351713	slli	x14,x10,0x13	 x10:0xffffffff x14=0xfff80000
      431962000	     21496	800087ec	038e0e13	addi	x28,x28,56	 x28:0x80021dfc x28=0x80021e34
      431982000	     21497	800087f0	f56d6193	ori	x3,x26,-170	 x26:0x000000e0  x3=0xfffffff6
      432002000	     21498	800087f4	000a8693	addi	x13,x21,0	 x21:0x8000639e x13=0x8000639e
      432022000	     21499	800087f8	000686e7	jalr	x13,0(x13)	 x13:0x8000639e x13=0x800087fc
      432582000	     21527	8000639e	030e9c33	mulh	x24,x29,x16	 x29:0x00010000 x16:0x00000000 x24=0x00000000
      432662000	     21531	800063a2	019ab433	sltu	x8,x21,x25	 x21:0x8000639e x25:0xffffffff  x8=0x00000001
      433082000	     21552	800063a6	4026d6b3	sra	x13,x13,x2	 x13:0x800087fc  x2:0x00000002 x13=0xe00021ff
      433102000	     21553	800063aa	1690	c.addi4spn	x12,x2,864	 x12=0x00000362
      433122000	     21554	800063ac	00f2d313	srli	x6,x5,0xf	  x5:0x0043b580  x6=0x00000087
      433142000	     21555	800063b0	00605c93	srli	x25,x0,0x6	  x0:0x00000000 x25=0x00000000
      433542000	     21575	800063b4	0e9fad13	slti	x26,x31,233	 x31:0x00000000 x26=0x00000001
      433562000	     21576	800063b8	0139cc33	xor	x24,x19,x19	 x19:0x7b4a10a6 x19:0x7b4a10a6 x24=0x00000000
      433702000	     21583	800063bc	000300b3	add	x1,x6,x0	  x6:0x00000087  x0:0x00000000  x1=0x00000087
      433822000	     21589	800063c0	56fd	c.li	x13,-1	 x13=0xffffffff
      434242000	     21610	800063c2	00efa933	slt	x18,x31,x14	 x31:0x00000000 x14:0xfff80000 x18=0x00000000
      434302000	     21613	800063c6	00aa8933	add	x18,x21,x10	 x21:0x8000639e x10:0xffffffff x18=0x8000639d
      435042000	     21650	800063ca	03d96933	rem	x18,x18,x29	 x18:0x8000639d x29:0x00010000 x18=0xffff639d
      435062000	     21651	800063ce	01a7cfb3	xor	x31,x15,x26	 x15:0x80025ce4 x26:0x00000001 x31=0x80025ce5
      435082000	     21652	800063d2	013ff863	bgeu	x31,x19,800063e2	 x31:0x80025ce5 x19:0x7b4a10a6
      435162000	     21656	800063e2	02c0afb3	mulhsu	x31,x1,x12	  x1:0x00000087 x12:0x00000362 x31=0x00000000
      435922000	     21694	800063e6	034d4033	div	x0,x26,x20	 x26:0x00000001 x20:0xffbc4af1  x0=0x00000000
      435942000	     21695	800063ea	009d2db3	slt	x27,x26,x9	 x26:0x00000001  x9:0x00000000 x27=0x00000000
      435962000	     21696	800063ee	0ff0000f	fence	iorw,iorw	
      435982000	     21697	800063f2	01dca633	slt	x12,x25,x29	 x25:0x00000000 x29:0x00010000 x12=0x00000001
      436002000	     21698	800063f6	0ff0000f	fence	iorw,iorw	
      436742000	     21735	800063fa	03aff633	remu	x12,x31,x26	 x31:0x00000000 x26:0x00000001 x12=0x00000000
      436762000	     21736	800063fe	40530c33	sub	x24,x6,x5	  x6:0x00000087  x5:0x0043b580 x24=0xffbc4b07
      436782000	     21737	80006402	00495c33	srl	x24,x18,x4	 x18:0xffff639d  x4:0x80021dac x24=0x000ffff6
      436802000	     21738	80006406	8589	c.srai	x11,0x2	 x11:0x2ae70fc6 x11=0x0ab9c3f1
      436822000	     21739	80006408	9c7a	c.add	x24,x30	 x24:0x000ffff6 x30:0x000005cc x24=0x001005c2
      436842000	     21740	8000640a	014d30b3	sltu	x1,x26,x20	 x26:0x00000001 x20:0xffbc4af1  x1=0x00000001
      436862000	     21741	8000640e	1efd	c.addi	x29,-1	 x29:0x00010000 x29=0x0000ffff
      436882000	     21742	80006410	0001	c.addi	x0,0	  x0:0x00000000  x0=0x00000000
      437282000	     21762	80006412	02a1ab33	mulhsu	x22,x3,x10	  x3:0xfffffff6 x10:0xffffffff x22=0xfffffff6
      437662000	     21781	80006416	017b74b3	and	x9,x22,x23	 x22:0xfffffff6 x23:0x00001000  x9=0x00001000
      437682000	     21782	8000641a	40e8d713	srai	x14,x17,0xe	 x17:0x00000000 x14=0x00000000
      438122000	     21804	8000641e	020fd2b3	divu	x5,x31,x0	 x31:0x00000000  x0:0x00000000  x5=0xffffffff
      438142000	     21805	80006422	8cc1	c.or	x9,x8	  x9:0x00001000  x8:0x00000001  x9=0x00001001
      438162000	     21806	80006424	02340cb3	mul	x25,x8,x3	  x8:0x00000001  x3:0xfffffff6 x25=0xfffffff6
      438342000	     21815	80006428	02a18663	beq	x3,x10,80006454	  x3:0xfffffff6 x10:0xffffffff
      438382000	     21817	8000642c	035a	c.slli	x6,0x16	  x6:0x00000087  x6=0x21c00000
      438402000	     21818	8000642e	8df1	c.and	x11,x12	 x11:0x0ab9c3f1 x12:0x00000000 x11=0x00000000
      438422000	     21819	80006430	40e589b3	sub	x19,x11,x14	 x11:0x00000000 x14:0x00000000 x19=0x00000000
      438542000	     21825	80006434	01228f33	add	x30,x5,x18	  x5:0xffffffff x18:0xffff639d x30=0xffff639c
      438562000	     21826	80006438	414751b3	sra	x3,x14,x20	 x14:0x00000000 x20:0xffbc4af1  x3=0x00000000
      438582000	     21827	8000643c	03738363	beq	x7,x23,80006462	  x7:0x80000000 x23:0x00001000
      438862000	     21841	80006440	60c5	c.lui	x1,0x11	  x1=0x00011000
      438882000	     21842	80006442	0001	c.addi	x0,0	  x0:0x00000000  x0=0x00000000
      438902000	     21843	80006444	6bf9	c.lui	x23,0x1e	 x23=0x0001e000
      438922000	     21844	80006446	4249	c.li	x4,18	  x4=0x00000012
      438942000	     21845	80006448	0000100f	fence.i	
      439542000	     21875	8000644c	03c1cc63	blt	x3,x28,80006484	  x3:0x00000000 x28:0x80021e34
      439982000	     21897	80006450	039aa2b3	mulhsu	x5,x21,x25	 x21:0x8000639e x25:0xfffffff6  x5=0x800063a2
      440002000	     21898	80006454	8d9d	c.sub	x11,x15	 x11:0x00000000 x15:0x80025ce4 x11=0x7ffda31c
      440022000	     21899	80006456	d0c90313	addi	x6,x18,-756	 x18:0xffff639d  x6=0xffff60a9
      440042000	     21900	8000645a	99fd	c.andi	x11,-1	 x11:0x7ffda31c x11=0x7ffda31c
      440062000	     21901	8000645c	1880	c.addi4spn	x8,x2,112	  x8=0x00000072
      440082000	     21902	8000645e	8ed5	c.or	x13,x13	 x13:0xffffffff x13:0xffffffff x13=0xffffffff
      440102000	     21903	80006460	62a5	c.lui	x5,0x9	  x5=0x00009000
      441082000	     21952	80006462	02b26ab3	rem	x21,x4,x11	  x4:0x00000012 x11:0x7ffda31c x21=0x00000012
      441822000	     21989	80006466	027febb3	rem	x23,x31,x7	 x31:0x00000000  x7:0x80000000 x23=0x00000000
      441842000	     21990	8000646a	8c19	c.sub	x8,x14	  x8:0x00000072 x14:0x00000000  x8=0x00000072
      441862000	     21991	8000646c	fae1f993	andi	x19,x3,-82	  x3:0x00000000 x19=0x00000000
      441882000	     21992	80006470	00d69b13	slli	x22,x13,0xd	 x13:0xffffffff x22=0xffffe000
      441902000	     21993	80006474	8d25	c.xor	x10,x9	 x10:0xffffffff  x9:0x00001001 x10=0xffffeffe
      441922000	     21994	80006476	98a2	c.add	x17,x8	 x17:0x00000000  x8:0x00000072 x17=0x00000072
      441962000	     21996	80006478	034a16b3	mulh	x13,x20,x20	 x20:0xffbc4af1 x20:0xffbc4af1 x13=0x000011e8
      441982000	     21997	8000647c	cf09	c.beqz	x14,80006496	 x14:0x00000000
      442462000	     22021	80006496	8525	c.srai	x10,0x9	 x10:0xffffeffe x10=0xfffffff7
      442482000	     22022	80006498	69a46e93	ori	x29,x8,1690	  x8:0x00000072 x29=0x000006fa
      442542000	     22025	8000649c	33e32413	slti	x8,x6,830	  x6:0xffff60a9  x8=0x00000001
      442582000	     22027	800064a0	03b8f8b3	remu	x17,x17,x27	 x17:0x00000072 x27:0x00000000 x17=0x00000072
      442662000	     22031	800064a4	016ac033	xor	x0,x21,x22	 x21:0x00000012 x22:0xffffe000  x0=0x00000000
      442962000	     22046	800064a8	761d0f13	addi	x30,x26,1889	 x26:0x00000001 x30=0x00000762
      443102000	     22053	800064ac	9cd14093	xori	x1,x2,-1587	  x2:0x00000002  x1=0xfffff9cf
      443122000	     22054	800064b0	8d8d	c.sub	x11,x11	 x11:0x7ffda31c x11:0x7ffda31c x11=0x00000000
      443302000	     22063	800064b2	00979913	slli	x18,x15,0x9	 x15:0x80025ce4 x18=0x04b9c800
      443542000	     22075	800064b6	012e8463	beq	x29,x18,800064be	 x29:0x000006fa x18:0x04b9c800
      443722000	     22084	800064ba	01719e63	bne	x3,x23,800064d6	  x3:0x00000000 x23:0x00000000
      443742000	     22085	800064be	8c45	c.or	x8,x9	  x8:0x00000001  x9:0x00001001  x8=0x00001001
      444862000	     22141	800064c0	03155eb3	divu	x29,x10,x17	 x10:0xfffffff7 x17:0x00000072 x29=0x023ee08f
      444882000	     22142	800064c4	145a7f97	auipc	x31,0x145a7	 x31=0x945ad4c4
      444902000	     22143	800064c8	018c	c.addi4spn	x11,x2,192	 x11=0x000000c2
      445642000	     22180	800064ca	031c5733	divu	x14,x24,x17	 x24:0x001005c2 x17:0x00000072 x14=0x000023fa
      445662000	     22181	800064ce	01e17433	and	x8,x2,x30	  x2:0x00000002 x30:0x00000762  x8=0x00000002
      446402000	     22218	800064d2	031f6db3	rem	x27,x30,x17	 x30:0x00000762 x17:0x00000072 x27=0x00000042
      446442000	     22220	800064d6	029921b3	mulhsu	x3,x18,x9	 x18:0x04b9c800  x9:0x00001001  x3=0x0000004b
      446462000	     22221	800064da	88e9	c.andi	x9,26	  x9:0x00001001  x9=0x00000000
      446482000	     22222	800064dc	997d	c.andi	x10,-1	 x10:0xfffffff7 x10=0xfffffff7
      446502000	     22223	800064de	00c26c33	or	x24,x4,x12	  x4:0x00000012 x12:0x00000000 x24=0x00000012
      446522000	     22224	800064e2	02858bb3	mul	x23,x11,x8	 x11:0x000000c2  x8:0x00000002 x23=0x00000184
      446542000	     22225	800064e6	01cafb33	and	x22,x21,x28	 x21:0x00000012 x28:0x80021e34 x22=0x00000010
      446562000	     22226	800064ea	0001	c.addi	x0,0	  x0:0x00000000  x0=0x00000000
      446582000	     22227	800064ec	8d95	c.sub	x11,x13	 x11:0x000000c2 x13:0x000011e8 x11=0xffffeeda
      446602000	     22228	800064ee	8c65	c.and	x8,x9	  x8:0x00000002  x9:0x00000000  x8=0x00000000
      447002000	     22248	800064f0	01fb7863	bgeu	x22,x31,80006500	 x22:0x00000010 x31:0x945ad4c4
      447742000	     22285	800064f4	026358b3	divu	x17,x6,x6	  x6:0xffff60a9  x6:0xffff60a9 x17=0x00000001
      447762000	     22286	800064f8	01eb16b3	sll	x13,x22,x30	 x22:0x00000010 x30:0x00000762 x13=0x00000040
      447782000	     22287	800064fc	02ae8533	mul	x10,x29,x10	 x29:0x023ee08f x10:0xfffffff7 x10=0xebca1af9
      447802000	     22288	80006500	8c6d	c.and	x8,x11	  x8:0x00000000 x11:0xffffeeda  x8=0x00000000
      447822000	     22289	80006502	01d3d993	srli	x19,x7,0x1d	  x7:0x80000000 x19=0x00000004
      447842000	     22290	80006506	ef820113	addi	x2,x4,-264	  x4:0x00000012  x2=0xffffff0a
      447862000	     22291	8000650a	bc1aaeb7	lui	x29,0xbc1aa	 x29=0xbc1aa000
      447882000	     22292	8000650e	94be	c.add	x9,x15	  x9:0x00000000 x15:0x80025ce4  x9=0x80025ce4
      448082000	     22302	80006510	09194013	xori	x0,x18,145	 x18:0x04b9c800  x0=0x00000000
      448282000	     22312	80006514	8c19	c.sub	x8,x14	  x8:0x00000000 x14:0x000023fa  x8=0xffffdc06
      448462000	     22321	80006516	01066463	bltu	x12,x16,8000651e	 x12:0x00000000 x16:0x00000000
      448482000	     22322	8000651a	89f1	c.andi	x11,28	 x11:0xffffeeda x11=0x00000018
      448602000	     22328	8000651c	8e81	c.sub	x13,x8	 x13:0x00000040  x8:0xffffdc06 x13=0x0000243a
      448622000	     22329	8000651e	9a72	c.add	x20,x28	 x20:0xffbc4af1 x28:0x80021e34 x20=0x7fbe6925
      448802000	     22338	80006520	19fd	c.addi	x19,-1	 x19:0x00000004 x19=0x00000003
      449222000	     22359	80006522	0ff0000f	fence	iorw,iorw	
      449302000	     22363	80006526	001409b3	add	x19,x8,x1	  x8:0xffffdc06  x1:0xfffff9cf x19=0xffffd5d5
      449562000	     22376	8000652a	03d79db3	mulh	x27,x15,x29	 x15:0x80025ce4 x29:0xbc1aa000 x27=0x21f20f92
      449582000	     22377	8000652e	002e69b3	or	x19,x28,x2	 x28:0x80021e34  x2:0xffffff0a x19=0xffffff3e
      449622000	     22379	80006532	02c5e1b3	rem	x3,x11,x12	 x11:0x00000018 x12:0x00000000  x3=0x00000018
      449642000	     22380	80006536	0001	c.addi	x0,0	  x0:0x00000000  x0=0x00000000
      450002000	     22398	80006538	8f39	c.xor	x14,x14	 x14:0x000023fa x14:0x000023fa x14=0x00000000
      450022000	     22399	8000653a	98fd	c.andi	x9,-1	  x9:0x80025ce4  x9=0x80025ce4
      450042000	     22400	8000653c	006b8eb3	add	x29,x23,x6	 x23:0x00000184  x6:0xffff60a9 x29=0xffff622d
      450062000	     22401	80006540	0001	c.addi	x0,0	  x0:0x00000000  x0=0x00000000
      450082000	     22402	80006542	e801	c.bnez	x8,80006552	  x8:0xffffdc06
      450782000	     22437	80006552	01bb20b3	slt	x1,x22,x27	 x22:0x00000010 x27:0x21f20f92  x1=0x00000001
      450802000	     22438	80006556	0001	c.addi	x0,0	  x0:0x00000000  x0=0x00000000
      450822000	     22439	80006558	0163dc33	srl	x24,x7,x22	  x7:0x80000000 x22:0x00000010 x24=0x00008000
      451222000	     22459	8000655c	0001	c.addi	x0,0	  x0:0x00000000  x0=0x00000000
      451242000	     22460	8000655e	717d	c.addi16sp	x2,-16	  x2:0xffffff0a  x2=0xfffffefa
      451362000	     22466	80006560	003a9233	sll	x4,x21,x3	 x21:0x00000012  x3:0x00000018  x4=0x12000000
      451382000	     22467	80006564	01b95913	srli	x18,x18,0x1b	 x18:0x04b9c800 x18=0x00000000
      451482000	     22472	80006568	8756	c.mv	x14,x21	  x0:0x00000000 x21:0x00000012 x14=0x00000012
      451502000	     22473	8000656a	8dc1	c.or	x11,x8	 x11:0x00000018  x8:0xffffdc06 x11=0xffffdc1e
      451522000	     22474	8000656c	6571	c.lui	x10,0x1c	 x10=0x0001c000
      451542000	     22475	8000656e	0001	c.addi	x0,0	  x0:0x00000000  x0=0x00000000
      451562000	     22476	80006570	03bb6663	bltu	x22,x27,8000659c	 x22:0x00000010 x27:0x21f20f92
      452442000	     22520	8000659c	0332aab3	mulhsu	x21,x5,x19	  x5:0x00009000 x19:0xffffff3e x21=0x00008fff
      452922000	     22544	800065a0	9166	c.add	x2,x25	  x2:0xfffffefa x25:0xfffffff6  x2=0xfffffef0
      452942000	     22545	800065a2	8005	c.srli	x8,0x1	  x8:0xffffdc06  x8=0x7fffee03
      452982000	     22547	800065a4	0011e433	or	x8,x3,x1	  x3:0x00000018  x1:0x00000001  x8=0x00000019
      453002000	     22548	800065a8	002b0663	beq	x22,x2,800065b4	 x22:0x00000010  x2:0xfffffef0
      453742000	     22585	800065ac	03387833	remu	x16,x16,x19	 x16:0x00000000 x19:0xffffff3e x16=0x00000000
      453762000	     22586	800065b0	403b8eb3	sub	x29,x23,x3	 x23:0x00000184  x3:0x00000018 x29=0x0000016c
      453782000	     22587	800065b4	02210063	beq	x2,x2,800065d4	  x2:0xfffffef0  x2:0xfffffef0
      454062000	     22601	800065d4	010a1a63	bne	x20,x16,800065e8	 x20:0x7fbe6925 x16:0x00000000
      454522000	     22624	800065e8	0000100f	fence.i	
      455922000	     22694	800065ec	8d39	c.xor	x10,x14	 x10:0x0001c000 x14:0x00000012 x10=0x0001c012
      455942000	     22695	800065ee	0b51	c.addi	x22,20	 x22:0x00000010 x22=0x00000024
      455962000	     22696	800065f0	0a92	c.slli	x21,0x4	 x21:0x00008fff x21=0x0008fff0
      455982000	     22697	800065f2	4281	c.li	x5,0	  x5=0x00000000
      456002000	     22698	800065f4	40605f33	sra	x30,x0,x6	  x0:0x00000000  x6:0xffff60a9 x30=0x00000000
      456022000	     22699	800065f8	cb01	c.beqz	x14,80006608	 x14:0x00000012
      456062000	     22701	800065fa	023129b3	mulhsu	x19,x2,x3	  x2:0xfffffef0  x3:0x00000018 x19=0xffffffff
      456082000	     22702	800065fe	0001	c.addi	x0,0	  x0:0x00000000  x0=0x00000000
      456462000	     22721	80006600	deddcb97	auipc	x23,0xdeddc	 x23=0x5ede2600
      456482000	     22722	80006604	00432433	slt	x8,x6,x4	  x6:0xffff60a9  x4:0x12000000  x8=0x00000001
      456642000	     22730	80006608	1b4c4217	auipc	x4,0x1b4c4	  x4=0x9b4ca608
      456662000	     22731	8000660c	010e5a33	srl	x20,x28,x16	 x28:0x80021e34 x16:0x00000000 x20=0x80021e34
      456882000	     22742	80006610	41798233	sub	x4,x19,x23	 x19:0xffffffff x23:0x5ede2600  x4=0xa121d9ff
      456902000	     22743	80006614	03197a63	bgeu	x18,x17,80006648	 x18:0x00000000 x17:0x00000001
      456942000	     22745	80006618	02b21433	mulh	x8,x4,x11	  x4:0xa121d9ff x11:0xffffdc1e  x8=0x00000d4c
      457822000	     22789	8000661c	035fda33	divu	x20,x31,x21	 x31:0x945ad4c4 x21:0x0008fff0 x20=0x0000107b
      460402000	     22918	80006620	02eb5d33	divu	x26,x22,x14	 x22:0x00000024 x14:0x00000012 x26=0x00000002
      460422000	     22919	80006624	73367113	andi	x2,x12,1843	 x12:0x00000000  x2=0x00000000
      460442000	     22920	80006628	0080f663	bgeu	x1,x8,80006634	  x1:0x00000001  x8:0x00000d4c
      460462000	     22921	8000662c	001c6a63	bltu	x24,x1,80006640	 x24:0x00008000  x1:0x00000001
      460482000	     22922	80006630	8b55	c.andi	x14,21	 x14:0x00000012 x14=0x00000010
      460502000	     22923	80006632	5ffd	c.li	x31,-1	 x31=0xffffffff
      460522000	     22924	80006634	31588437	lui	x8,0x31588	  x8=0x31588000
      460542000	     22925	80006638	0038e5b3	or	x11,x17,x3	 x17:0x00000001  x3:0x00000018 x11=0x00000019
      460562000	     22926	8000663c	01f57463	bgeu	x10,x31,80006644	 x10:0x0001c012 x31:0xffffffff
      460582000	     22927	80006640	0000100f	fence.i	
      460862000	     22941	80006644	f690b593	sltiu	x11,x1,-151	  x1:0x00000001 x11=0x00000001
      461102000	     22953	80006648	0184da33	srl	x20,x9,x24	  x9:0x80025ce4 x24:0x00008000 x20=0x80025ce4
      461542000	     22975	8000664c	02599c33	mulh	x24,x19,x5	 x19:0xffffffff  x5:0x00000000 x24=0x00000000
      461562000	     22976	80006650	0252ff93	andi	x31,x5,37	  x5:0x00000000 x31=0x00000000
      461582000	     22977	80006654	02498eb3	mul	x29,x19,x4	 x19:0xffffffff  x4:0xa121d9ff x29=0x5ede2601
      461602000	     22978	80006658	01ce8d33	add	x26,x29,x28	 x29:0x5ede2601 x28:0x80021e34 x26=0xdee04435
      461622000	     22979	8000665c	c5f0b913	sltiu	x18,x1,-929	  x1:0x00000001 x18=0x00000001
      461862000	     22991	80006660	0045e533	or	x10,x11,x4	 x11:0x00000001  x4:0xa121d9ff x10=0xa121d9ff
      462042000	     23000	80006664	02fa92b3	mulh	x5,x21,x15	 x21:0x0008fff0 x15:0x80025ce4  x5=0xfffb801d
      462162000	     23006	80006668	9afd	c.andi	x13,-1	 x13:0x0000243a x13=0x0000243a
      462182000	     23007	8000666a	00211263	bne	x2,x2,8000666e	  x2:0x00000000  x2:0x00000000
      462202000	     23008	8000666e	41b8d013	srai	x0,x17,0x1b	 x17:0x00000001  x0=0x00000000
      462302000	     23013	80006672	06df8a13	addi	x20,x31,109	 x31:0x00000000 x20=0x0000006d
      462462000	     23021	80006676	03eef233	remu	x4,x29,x30	 x29:0x5ede2601 x30:0x00000000  x4=0x5ede2601
      462482000	     23022	8000667a	8531	c.srai	x10,0xc	 x10:0xa121d9ff x10=0xfffa121d
      462602000	     23028	8000667c	8f79	c.and	x14,x14	 x14:0x00000010 x14:0x00000010 x14=0x00000010
      462622000	     23029	8000667e	4b11	c.li	x22,4	 x22=0x00000004
      462922000	     23044	80006680	03e0acb3	mulhsu	x25,x1,x30	  x1:0x00000001 x30:0x00000000 x25=0x00000000
      463002000	     23048	80006684	1c377313	andi	x6,x14,451	 x14:0x00000010  x6=0x00000000
      463022000	     23049	80006688	4124df13	srai	x30,x9,0x12	  x9:0x80025ce4 x30=0xffffe000
      463042000	     23050	8000668c	03516763	bltu	x2,x21,800066ba	  x2:0x00000000 x21:0x0008fff0
      463562000	     23076	800066ba	01cbda13	srli	x20,x23,0x1c	 x23:0x5ede2600 x20=0x00000005
      463582000	     23077	800066be	01ba6cb3	or	x25,x20,x27	 x20:0x00000005 x27:0x21f20f92 x25=0x21f20f97
      463602000	     23078	800066c2	57564413	xori	x8,x12,1397	 x12:0x00000000  x8=0x00000575
      463622000	     23079	800066c6	8735	c.srai	x14,0xd	 x14:0x00000010 x14=0x00000000
      463722000	     23084	800066c8	00a2d2b3	srl	x5,x5,x10	  x5:0xfffb801d x10:0xfffa121d  x5=0x00000007
      463902000	     23093	800066cc	717d	c.addi16sp	x2,-16	  x2:0x00000000  x2=0xfffffff0
      463922000	     23094	800066ce	6ed9	c.lui	x29,0x16	 x29=0x00016000
      464662000	     23131	800066d0	037870b3	remu	x1,x16,x23	 x16:0x00000000 x23:0x5ede2600  x1=0x00000000
      464682000	     23132	800066d4	e3943693	sltiu	x13,x8,-455	  x8:0x00000575 x13=0x00000001
      464702000	     23133	800066d8	0000100f	fence.i	
      464882000	     23142	800066dc	018980b3	add	x1,x19,x24	 x19:0xffffffff x24:0x00000000  x1=0xffffffff
      465302000	     23163	800066e0	01d1	c.addi	x3,20	  x3:0x00000018  x3=0x0000002c
      465322000	     23164	800066e2	717d	c.addi16sp	x2,-16	  x2:0xfffffff0  x2=0xffffffe0
      465362000	     23166	800066e4	e99d	c.bnez	x11,8000671a	 x11:0x00000001
      465602000	     23178	8000671a	020c1963	bne	x24,x0,8000674c	 x24:0x00000000  x0:0x00000000
      465622000	     23179	8000671e	01dcf833	and	x16,x25,x29	 x25:0x21f20f97 x29:0x00016000 x16=0x00000000
      465642000	     23180	80006722	02d30b63	beq	x6,x13,80006758	  x6:0x00000000 x13:0x00000001
      465662000	     23181	80006726	0f10	c.addi4spn	x12,x2,912	 x12=0x00000370
      465942000	     23195	80006728	004d40b3	xor	x1,x26,x4	 x26:0xdee04435  x4:0x5ede2601  x1=0x803e6234
      465962000	     23196	8000672c	8cd9	c.or	x9,x14	  x9:0x80025ce4 x14:0x00000000  x9=0x80025ce4
      466142000	     23205	8000672e	01195863	bge	x18,x17,8000673e	 x18:0x00000001 x17:0x00000001
      466582000	     23227	8000673e	01df1863	bne	x30,x29,8000674e	 x30:0xffffe000 x29:0x00016000
      467542000	     23275	8000674e	031f3d33	mulhu	x26,x30,x17	 x30:0xffffe000 x17:0x00000001 x26=0x00000000
      467562000	     23276	80006752	418ad0b3	sra	x1,x21,x24	 x21:0x0008fff0 x24:0x00000000  x1=0x0008fff0
      467582000	     23277	80006756	6171	c.addi16sp	x2,336	  x2:0xffffffe0  x2=0x00000130
      467702000	     23283	80006758	0000100f	fence.i	
      468462000	     23321	8000675c	00b1dfb3	srl	x31,x3,x11	  x3:0x0000002c x11:0x00000001 x31=0x00000016
      468482000	     23322	80006760	0000100f	fence.i	
      468982000	     23347	80006764	40430633	sub	x12,x6,x4	  x6:0x00000000  x4:0x5ede2601 x12=0xa121d9ff
      469022000	     23349	80006768	02e83eb3	mulhu	x29,x16,x14	 x16:0x00000000 x14:0x00000000 x29=0x00000000
      469102000	     23353	8000676c	41495cb3	sra	x25,x18,x20	 x18:0x00000001 x20:0x00000005 x25=0x00000000
      469522000	     23374	80006770	c91d	c.beqz	x10,800067a6	 x10:0xfffa121d
      469702000	     23383	80006772	c8994913	xori	x18,x18,-887	 x18:0x00000001 x18=0xfffffc88
      469722000	     23384	80006776	eecbff13	andi	x30,x23,-276	 x23:0x5ede2600 x30=0x5ede2600
      469742000	     23385	8000677a	03d30d33	mul	x26,x6,x29	  x6:0x00000000 x29:0x00000000 x26=0x00000000
      469762000	     23386	8000677e	007e5733	srl	x14,x28,x7	 x28:0x80021e34  x7:0x80000000 x14=0x80021e34
      470142000	     23405	80006782	94fce917	auipc	x18,0x94fce	 x18=0x14fd4782
      470342000	     23415	80006786	00569c33	sll	x24,x13,x5	 x13:0x00000001  x5:0x00000007 x24=0x00000080
      471082000	     23452	8000678a	02a6d5b3	divu	x11,x13,x10	 x13:0x00000001 x10:0xfffa121d x11=0x00000000
      471102000	     23453	8000678e	01c1	c.addi	x3,16	  x3:0x0000002c  x3=0x0000003c
      471142000	     23455	80006790	03f49033	mulh	x0,x9,x31	  x9:0x80025ce4 x31:0x00000016  x0=0x00000000
      471162000	     23456	80006794	c219	c.beqz	x12,8000679a	 x12:0xa121d9ff
      471182000	     23457	80006796	0e18	c.addi4spn	x14,x2,784	 x14=0x00000440
      471202000	     23458	80006798	80a5	c.srli	x9,0x9	  x9:0x80025ce4  x9=0x0040012e
      471222000	     23459	8000679a	909a	c.add	x1,x6	  x1:0x0008fff0  x6:0x00000000  x1=0x0008fff0
      471242000	     23460	8000679c	717d	c.addi16sp	x2,-16	  x2:0x00000130  x2=0x00000120
      471262000	     23461	8000679e	577d	c.li	x14,-1	 x14=0xffffffff
      471282000	     23462	800067a0	0765	c.addi	x14,25	 x14:0xffffffff x14=0x00000018
      471302000	     23463	800067a2	006c9693	slli	x13,x25,0x6	 x25:0x00000000 x13=0x00000000
      471322000	     23464	800067a6	02248663	beq	x9,x2,800067d2	  x9:0x0040012e  x2:0x00000120
      471342000	     23465	800067aa	609f0bb7	lui	x23,0x609f0	 x23=0x609f0000
      471362000	     23466	800067ae	01e6b533	sltu	x10,x13,x30	 x13:0x00000000 x30:0x5ede2600 x10=0x00000001
      471382000	     23467	800067b2	8e6d	c.and	x12,x11	 x12:0xa121d9ff x11:0x00000000 x12=0x00000000
      471642000	     23480	800067b4	0055c0b3	xor	x1,x11,x5	 x11:0x00000000  x5:0x00000007  x1=0x00000007
      471662000	     23481	800067b8	8d45	c.or	x10,x9	 x10:0x00000001  x9:0x0040012e x10=0x0040012f
      472522000	     23524	800067ba	034d6133	rem	x2,x26,x20	 x26:0x00000000 x20:0x00000005  x2=0x00000000
      472542000	     23525	800067be	94fa	c.add	x9,x30	  x9:0x0040012e x30:0x5ede2600  x9=0x5f1e272e
      472562000	     23526	800067c0	01bc1db3	sll	x27,x24,x27	 x24:0x00000080 x27:0x21f20f92 x27=0x02000000
      472582000	     23527	800067c4	0315f063	bgeu	x11,x17,800067e4	 x11:0x00000000 x17:0x00000001
      472622000	     23529	800067c8	02ea35b3	mulhu	x11,x20,x14	 x20:0x00000005 x14:0x00000018 x11=0x00000000
      472642000	     23530	800067cc	00d94a33	xor	x20,x18,x13	 x18:0x14fd4782 x13:0x00000000 x20=0x14fd4782
      472842000	     23540	800067d0	ee11	c.bnez	x12,800067ec	 x12:0x00000000
      472862000	     23541	800067d2	0001	c.addi	x0,0	  x0:0x00000000  x0=0x00000000
      472962000	     23546	800067d4	00a1f233	and	x4,x3,x10	  x3:0x0000003c x10:0x0040012f  x4=0x0000002c
      472982000	     23547	800067d8	9892	c.add	x17,x4	 x17:0x00000001  x4:0x0000002c x17=0x0000002d
      473002000	     23548	800067da	969a	c.add	x13,x6	 x13:0x00000000  x6:0x00000000 x13=0x00000000
      473022000	     23549	800067dc	b13f6293	ori	x5,x30,-1261	 x30:0x5ede2600  x5=0xffffff13
      473042000	     23550	800067e0	03f60b33	mul	x22,x12,x31	 x12:0x00000000 x31:0x00000016 x22=0x00000000
      473062000	     23551	800067e4	03cf0b33	mul	x22,x30,x28	 x30:0x5ede2600 x28:0x80021e34 x22=0x9993b800
      473322000	     23564	800067e8	0153cdb3	xor	x27,x7,x21	  x7:0x80000000 x21:0x0008fff0 x27=0x8008fff0
      473462000	     23571	800067ec	e4746d13	ori	x26,x8,-441	  x8:0x00000575 x26=0xffffff77
      473482000	     23572	800067f0	7ed46597	auipc	x11,0x7ed46	 x11=0xfed4c7f0
      473502000	     23573	800067f4	c911	c.beqz	x10,80006808	 x10:0x0040012f
      473522000	     23574	800067f6	c699	c.beqz	x13,80006804	 x13:0x00000000
      473662000	     23581	80006804	c515	c.beqz	x10,80006830	 x10:0x0040012f
      473682000	     23582	80006806	0001	c.addi	x0,0	  x0:0x00000000  x0=0x00000000
      473962000	     23596	80006808	8eac3993	sltiu	x19,x24,-1814	 x24:0x00000080 x19=0x00000001
      474122000	     23604	8000680c	0897f913	andi	x18,x15,137	 x15:0x80025ce4 x18=0x00000080
      474202000	     23608	80006810	0ff0000f	fence	iorw,iorw	
      474222000	     23609	80006814	419ed2b3	sra	x5,x29,x25	 x29:0x00000000 x25:0x00000000  x5=0x00000000
      474542000	     23625	80006818	0001	c.addi	x0,0	  x0:0x00000000  x0=0x00000000
      474682000	     23632	8000681a	7019b213	sltiu	x4,x19,1793	 x19:0x00000001  x4=0x00000001
      474702000	     23633	8000681e	cd19	c.beqz	x10,8000683c	 x10:0x0040012f
      474722000	     23634	80006820	02fd7a63	bgeu	x26,x15,80006854	 x26:0xffffff77 x15:0x80025ce4
      475002000	     23648	80006854	8efd	c.and	x13,x15	 x13:0x00000000 x15:0x80025ce4 x13=0x00000000
      475402000	     23668	80006856	4a7b04b7	lui	x9,0x4a7b0	  x9=0x4a7b0000
      475422000	     23669	8000685a	997d	c.andi	x10,-1	 x10:0x0040012f x10=0x0040012f
      475522000	     23674	8000685c	9a1a	c.add	x20,x6	 x20:0x14fd4782  x6:0x00000000 x20=0x14fd4782
      475542000	     23675	8000685e	ef0d	c.bnez	x14,80006898	 x14:0x00000018
      475802000	     23688	80006898	8d1d	c.sub	x10,x15	 x10:0x0040012f x15:0x80025ce4 x10=0x803da44b
      476162000	     23706	8000689a	329c7693	andi	x13,x24,809	 x24:0x00000080 x13=0x00000000
      476182000	     23707	8000689e	9cc6	c.add	x25,x17	 x25:0x00000000 x17:0x0000002d x25=0x0000002d
      476202000	     23708	800068a0	cf68bc93	sltiu	x25,x17,-778	 x17:0x0000002d x25=0x00000001
      476262000	     23711	800068a4	e497f013	andi	x0,x15,-439	 x15:0x80025ce4  x0=0x00000000
      476442000	     23720	800068a8	c78bfe97	auipc	x29,0xc78bf	 x29=0x478c58a8
      476782000	     23737	800068ac	8241	c.srli	x12,0x10	 x12:0x00000000 x12=0x00000000
      476822000	     23739	800068ae	03095833	divu	x16,x18,x16	 x18:0x00000080 x16:0x00000000 x16=0xffffffff
      476842000	     23740	800068b2	014e4833	xor	x16,x28,x20	 x28:0x80021e34 x20:0x14fd4782 x16=0x94ff59b6
      476862000	     23741	800068b6	00631f33	sll	x30,x6,x6	  x6:0x00000000  x6:0x00000000 x30=0x00000000
      477262000	     23761	800068ba	67c7cd13	xori	x26,x15,1660	 x15:0x80025ce4 x26=0x80025a98
      477282000	     23762	800068be	05b2	c.slli	x11,0xc	 x11:0xfed4c7f0 x11=0x4c7f0000
      477302000	     23763	800068c0	72514d13	xori	x26,x2,1829	  x2:0x00000000 x26=0x00000725
      478042000	     23800	800068c4	03584633	div	x12,x16,x21	 x16:0x94ff59b6 x21:0x0008fff0 x12=0xfffff41d
      478062000	     23801	800068c8	f684f213	andi	x4,x9,-152	  x9:0x4a7b0000  x4=0x4a7b0000
      478082000	     23802	800068cc	ceba4513	xori	x10,x20,-789	 x20:0x14fd4782 x10=0xeb02bb69
      478102000	     23803	800068d0	011fe563	bltu	x31,x17,800068da	 x31:0x00000016 x17:0x0000002d
      478582000	     23827	800068da	41a9	c.li	x3,10	  x3=0x0000000a
      478902000	     23843	800068dc	0000100f	fence.i	
      479882000	     23892	800068e0	00d8cc33	xor	x24,x17,x13	 x17:0x0000002d x13:0x00000000 x24=0x0000002d
      480082000	     23902	800068e4	8ad2	c.mv	x21,x20	  x0:0x00000000 x20:0x14fd4782 x21=0x14fd4782
      480102000	     23903	800068e6	03e5d663	bge	x11,x30,80006912	 x11:0x4c7f0000 x30:0x00000000
      480582000	     23927	80006912	617d	c.addi16sp	x2,496	  x2:0x00000000  x2=0x000001f0
      481002000	     23948	80006914	014fd213	srli	x4,x31,0x14	 x31:0x00000016  x4=0x00000000
      481022000	     23949	80006918	64f5	c.lui	x9,0x1d	  x9=0x0001d000
      481042000	     23950	8000691a	40068a33	sub	x20,x13,x0	 x13:0x00000000  x0:0x00000000 x20=0x00000000
      481082000	     23952	8000691e	02ddb133	mulhu	x2,x27,x13	 x27:0x8008fff0 x13:0x00000000  x2=0x00000000
      481102000	     23953	80006922	01021a93	slli	x21,x4,0x10	  x4:0x00000000 x21=0x00000000
      481542000	     23975	80006926	034a2433	mulhsu	x8,x20,x20	 x20:0x00000000 x20:0x00000000  x8=0x00000000
      481562000	     23976	8000692a	8516	c.mv	x10,x5	  x0:0x00000000  x5:0x00000000 x10=0x00000000
      481582000	     23977	8000692c	980e	c.add	x16,x3	 x16:0x94ff59b6  x3:0x0000000a x16=0x94ff59c0
      481602000	     23978	8000692e	405f5893	srai	x17,x30,0x5	 x30:0x00000000 x17=0x00000000
      481622000	     23979	80006932	6ea9	c.lui	x29,0xa	 x29=0x0000a000
      481642000	     23980	80006934	00829413	slli	x8,x5,0x8	  x5:0x00000000  x8=0x00000000
      481662000	     23981	80006938	2a6c7293	andi	x5,x24,678	 x24:0x0000002d  x5=0x00000024
      481822000	     23989	8000693c	0af10893	addi	x17,x2,175	  x2:0x00000000 x17=0x000000af
      481842000	     23990	80006940	009b6db3	or	x27,x22,x9	 x22:0x9993b800  x9:0x0001d000 x27=0x9993f800
      482062000	     24001	80006944	0001	c.addi	x0,0	  x0:0x00000000  x0=0x00000000
      482082000	     24002	80006946	8edd	c.or	x13,x15	 x13:0x00000000 x15:0x80025ce4 x13=0x80025ce4
      482102000	     24003	80006948	885f1437	lui	x8,0x885f1	  x8=0x885f1000
      482522000	     24024	8000694c	02265f33	divu	x30,x12,x2	 x12:0xfffff41d  x2:0x00000000 x30=0xffffffff
      482542000	     24025	80006950	d3768b93	addi	x23,x13,-713	 x13:0x80025ce4 x23=0x80025a1b
      482622000	     24029	80006954	00b0a433	slt	x8,x1,x11	  x1:0x00000007 x11:0x4c7f0000  x8=0x00000001
      482642000	     24030	80006958	7b650d13	addi	x26,x10,1974	 x10:0x00000000 x26=0x000007b6
      482662000	     24031	8000695c	010c79b3	and	x19,x24,x16	 x24:0x0000002d x16:0x94ff59c0 x19=0x00000000
      482682000	     24032	80006960	1390	c.addi4spn	x12,x2,480	 x12=0x000001e0
      482802000	     24038	80006962	1e6c2697	auipc	x13,0x1e6c2	 x13=0x9e6c8962
      483202000	     24058	80006966	00ec44b3	xor	x9,x24,x14	 x24:0x0000002d x14:0x00000018  x9=0x00000035
      483262000	     24061	8000696a	5154af17	auipc	x30,0x5154a	 x30=0xd155096a
      483302000	     24063	8000696e	90363b93	sltiu	x23,x12,-1789	 x12:0x000001e0 x23=0x00000001
      483342000	     24065	80006972	032cbab3	mulhu	x21,x25,x18	 x25:0x00000001 x18:0x00000080 x21=0x00000000
      483742000	     24085	80006976	31ca3f93	sltiu	x31,x20,796	 x20:0x00000000 x31=0x00000001
      483762000	     24086	8000697a	00358cb3	add	x25,x11,x3	 x11:0x4c7f0000  x3:0x0000000a x25=0x4c7f000a
      483782000	     24087	8000697e	8d55	c.or	x10,x13	 x10:0x00000000 x13:0x9e6c8962 x10=0x9e6c8962
      483802000	     24088	80006980	40705133	sra	x2,x0,x7	  x0:0x00000000  x7:0x80000000  x2=0x00000000
      483922000	     24094	80006984	8d3d	c.xor	x10,x15	 x10:0x9e6c8962 x15:0x80025ce4 x10=0x1e6ed586
      484262000	     24111	80006986	be608a13	addi	x20,x1,-1050	  x1:0x00000007 x20=0xfffffbed
      484282000	     24112	8000698a	1178e1b7	lui	x3,0x1178e	  x3=0x1178e000
      484302000	     24113	8000698e	015a4333	xor	x6,x20,x21	 x20:0xfffffbed x21:0x00000000  x6=0xfffffbed
      484322000	     24114	80006992	717d	c.addi16sp	x2,-16	  x2:0x00000000  x2=0xfffffff0
      484382000	     24117	80006994	0000100f	fence.i	
      484982000	     24147	80006998	0337a633	mulhsu	x12,x15,x19	 x15:0x80025ce4 x19:0x00000000 x12=0x00000000
      485322000	     24164	8000699c	0306b133	mulhu	x2,x13,x16	 x13:0x9e6c8962 x16:0x94ff59c0  x2=0x5c34c514
      485522000	     24174	800069a0	00dd3cb3	sltu	x25,x26,x13	 x26:0x000007b6 x13:0x9e6c8962 x25=0x00000001
      485702000	     24183	800069a4	01497263	bgeu	x18,x20,800069a8	 x18:0x00000080 x20:0xfffffbed
      485722000	     24184	800069a8	365b4a93	xori	x21,x22,869	 x22:0x9993b800 x21=0x9993bb65
      485742000	     24185	800069ac	c20d	c.beqz	x12,800069ce	 x12:0x00000000
      486002000	     24198	800069ce	4305	c.li	x6,1	  x6=0x00000001
      486162000	     24206	800069d0	9d66bb93	sltiu	x23,x13,-1578	 x13:0x9e6c8962 x23=0x00000001
      486942000	     24245	800069d4	03da69b3	rem	x19,x20,x29	 x20:0xfffffbed x29:0x0000a000 x19=0xfffffbed
      486962000	     24246	800069d8	0075a633	slt	x12,x11,x7	 x11:0x4c7f0000  x7:0x80000000 x12=0x00000000
      486982000	     24247	800069dc	007702b3	add	x5,x14,x7	 x14:0x00000018  x7:0x80000000  x5=0x80000018
      487002000	     24248	800069e0	c015	c.beqz	x8,80006a04	  x8:0x00000001
      487022000	     24249	800069e2	00fa0d63	beq	x20,x15,800069fc	 x20:0xfffffbed x15:0x80025ce4
      487042000	     24250	800069e6	86a9	c.srai	x13,0xa	 x13:0x9e6c8962 x13=0xffe79b22
      487062000	     24251	800069e8	8539	c.srai	x10,0xe	 x10:0x1e6ed586 x10=0x000079bb
      487082000	     24252	800069ea	8d12	c.mv	x26,x4	  x0:0x00000000  x4:0x00000000 x26=0x00000000
      487182000	     24257	800069ec	f4088493	addi	x9,x17,-192	 x17:0x000000af  x9=0xffffffef
      487222000	     24259	800069f0	02fa29b3	mulhsu	x19,x20,x15	 x20:0xfffffbed x15:0x80025ce4 x19=0xfffffdf6
      487242000	     24260	800069f4	0001	c.addi	x0,0	  x0:0x00000000  x0=0x00000000
      487262000	     24261	800069f6	41458f33	sub	x30,x11,x20	 x11:0x4c7f0000 x20:0xfffffbed x30=0x4c7f0413
      487282000	     24262	800069fa	c495	c.beqz	x9,80006a26	  x9:0xffffffef
      487302000	     24263	800069fc	8c25	c.xor	x8,x9	  x8:0x00000001  x9:0xffffffef  x8=0xffffffee
      487322000	     24264	800069fe	0496	c.slli	x9,0x5	  x9:0xffffffef  x9=0xfffffde0
      487702000	     24283	80006a00	00e14b33	xor	x22,x2,x14	  x2:0x5c34c514 x14:0x00000018 x22=0x5c34c50c
      488442000	     24320	80006a04	03986d33	rem	x26,x16,x25	 x16:0x94ff59c0 x25:0x00000001 x26=0x00000000
      489182000	     24357	80006a08	0394f533	remu	x10,x9,x25	  x9:0xfffffde0 x25:0x00000001 x10=0x00000000
      489202000	     24358	80006a0c	00317a33	and	x20,x2,x3	  x2:0x5c34c514  x3:0x1178e000 x20=0x1030c000
      489222000	     24359	80006a10	015b88b3	add	x17,x23,x21	 x23:0x00000001 x21:0x9993bb65 x17=0x9993bb66
      489242000	     24360	80006a14	00afca33	xor	x20,x31,x10	 x31:0x00000001 x10:0x00000000 x20=0x00000001
      489262000	     24361	80006a18	0001	c.addi	x0,0	  x0:0x00000000  x0=0x00000000
      489302000	     24363	80006a1a	03b194b3	mulh	x9,x3,x27	  x3:0x1178e000 x27:0x9993f800  x9=0xf9027735
      489322000	     24364	80006a1e	8549	c.srai	x10,0x12	 x10:0x00000000 x10=0x00000000
      489342000	     24365	80006a20	0001	c.addi	x0,0	  x0:0x00000000  x0=0x00000000
      489462000	     24371	80006a22	ceb0b913	sltiu	x18,x1,-789	  x1:0x00000007 x18=0x00000001
      489502000	     24373	80006a26	023c2433	mulhsu	x8,x24,x3	 x24:0x0000002d  x3:0x1178e000  x8=0x00000003
      489642000	     24380	80006a2a	01d75933	srl	x18,x14,x29	 x14:0x00000018 x29:0x0000a000 x18=0x00000018
      489662000	     24381	80006a2e	049d8163	beq	x27,x9,80006a70	 x27:0x9993f800  x9:0xf9027735
      489682000	     24382	80006a32	4f884913	xori	x18,x16,1272	 x16:0x94ff59c0 x18=0x94ff5d38
      489702000	     24383	80006a36	9a7d	c.andi	x12,-1	 x12:0x00000000 x12=0x00000000
      490122000	     24404	80006a38	0307b833	mulhu	x16,x15,x16	 x15:0x80025ce4 x16:0x94ff59c0 x16=0x4a810cef
      490142000	     24405	80006a3c	8eb5	c.xor	x13,x13	 x13:0xffe79b22 x13:0xffe79b22 x13=0x00000000
      490162000	     24406	80006a3e	c5a9	c.beqz	x11,80006a88	 x11:0x4c7f0000
      490182000	     24407	80006a40	0ff0000f	fence	iorw,iorw	
      490222000	     24409	80006a44	03552c33	mulhsu	x24,x10,x21	 x10:0x00000000 x21:0x9993bb65 x24=0x00000000
      490242000	     24410	80006a48	01541a63	bne	x8,x21,80006a5c	  x8:0x00000003 x21:0x9993bb65
      491102000	     24453	80006a5c	03c2bcb3	mulhu	x25,x5,x28	  x5:0x80000018 x28:0x80021e34 x25=0x40010f26
      491522000	     24474	80006a60	4001d293	srai	x5,x3,0x0	  x3:0x1178e000  x5=0x1178e000
      491542000	     24475	80006a64	0048f633	and	x12,x17,x4	 x17:0x9993bb66  x4:0x00000000 x12=0x00000000
      491562000	     24476	80006a68	0000100f	fence.i	
      492102000	     24503	80006a6c	00ddd993	srli	x19,x27,0xd	 x27:0x9993f800 x19=0x0004cc9f
      492122000	     24504	80006a70	00e54933	xor	x18,x10,x14	 x10:0x00000000 x14:0x00000018 x18=0x00000018
      504162000	     25106	80006a74	01815093	srli	x1,x2,0x18	  x2:0x5c34c514  x1=0x0000005c
      504182000	     25107	80006a78	41625993	srai	x19,x4,0x16	  x4:0x00000000 x19=0x00000000
      504202000	     25108	80006a7c	01108c63	beq	x1,x17,80006a94	  x1:0x0000005c x17:0x9993bb66
      504242000	     25110	80006a80	032b1b33	mulh	x22,x22,x18	 x22:0x5c34c50c x18:0x00000018 x22=0x00000008
      504262000	     25111	80006a84	01857333	and	x6,x10,x24	 x10:0x00000000 x24:0x00000000  x6=0x00000000
      504302000	     25113	80006a88	03331333	mulh	x6,x6,x19	  x6:0x00000000 x19:0x00000000  x6=0x00000000
      504582000	     25127	80006a8c	004f4663	blt	x30,x4,80006a98	 x30:0x4c7f0413  x4:0x00000000
      504682000	     25132	80006a90	7c45fc93	andi	x25,x11,1988	 x11:0x4c7f0000 x25=0x00000000
      504702000	     25133	80006a94	8ddd	c.or	x11,x15	 x11:0x4c7f0000 x15:0x80025ce4 x11=0xcc7f5ce4
      504722000	     25134	80006a96	88de	c.mv	x17,x23	  x0:0x00000000 x23:0x00000001 x17=0x00000001
      504782000	     25137	80006a98	b3a52b93	slti	x23,x10,-1222	 x10:0x00000000 x23=0x00000000
      504902000	     25143	80006a9c	717d	c.addi16sp	x2,-16	  x2:0x5c34c514  x2=0x5c34c504
      504922000	     25144	80006a9e	8db1	c.xor	x11,x12	 x11:0xcc7f5ce4 x12:0x00000000 x11=0xcc7f5ce4
      505322000	     25164	80006aa0	ee698093	addi	x1,x19,-282	 x19:0x00000000  x1=0xfffffee6
      505362000	     25166	80006aa4	03b72133	mulhsu	x2,x14,x27	 x14:0x00000018 x27:0x9993f800  x2=0x0000000e
      505762000	     25186	80006aa8	0269f963	bgeu	x19,x6,80006ada	 x19:0x00000000  x6:0x00000000
      506382000	     25217	80006ada	0692	c.slli	x13,0x4	 x13:0x00000000 x13=0x00000000
      506642000	     25230	80006adc	01a61963	bne	x12,x26,80006aee	 x12:0x00000000 x26:0x00000000
      506662000	     25231	80006ae0	022a0cb3	mul	x25,x20,x2	 x20:0x00000001  x2:0x0000000e x25=0x0000000e
      506682000	     25232	80006ae4	0001	c.addi	x0,0	  x0:0x00000000  x0=0x00000000
      506742000	     25235	80006ae6	26c42317	auipc	x6,0x26c42	  x6=0xa6c48ae6
      507282000	     25262	80006aea	00b604b3	add	x9,x12,x11	 x12:0x00000000 x11:0xcc7f5ce4  x9=0xcc7f5ce4
      507302000	     25263	80006aee	8f59	c.or	x14,x14	 x14:0x00000018 x14:0x00000018 x14=0x00000018
      507322000	     25264	80006af0	01405fb3	srl	x31,x0,x20	  x0:0x00000000 x20:0x00000001 x31=0x00000000
      507362000	     25266	80006af4	01c10263	beq	x2,x28,80006af8	  x2:0x0000000e x28:0x80021e34
      507522000	     25274	80006af8	03234963	blt	x6,x18,80006b2a	  x6:0xa6c48ae6 x18:0x00000018
      509102000	     25353	80006b2a	60b1	c.lui	x1,0xc	  x1=0x0000c000
      509122000	     25354	80006b2c	8d51	c.or	x10,x12	 x10:0x00000000 x12:0x00000000 x10=0x00000000
      510022000	     25399	80006b2e	03ed4fb3	div	x31,x26,x30	 x26:0x00000000 x30:0x4c7f0413 x31=0x00000000
      510042000	     25400	80006b32	717d	c.addi16sp	x2,-16	  x2:0x0000000e  x2=0xfffffffe
      510062000	     25401	80006b34	8ef1	c.and	x13,x12	 x13:0x00000000 x12:0x00000000 x13=0x00000000
      510802000	     25438	80006b36	0341cd33	div	x26,x3,x20	  x3:0x1178e000 x20:0x00000001 x26=0x1178e000
      510822000	     25439	80006b3a	0ff0000f	fence	iorw,iorw	
      510842000	     25440	80006b3e	0000100f	fence.i	
      511162000	     25456	80006b42	82c1	c.srli	x13,0x10	 x13:0x00000000 x13=0x00000000
      511302000	     25463	80006b44	01f9aab3	slt	x21,x19,x31	 x19:0x00000000 x31:0x00000000 x21=0x00000000
      511322000	     25464	80006b48	0000100f	fence.i	
      512162000	     25506	80006b4c	01bf9a63	bne	x31,x27,80006b60	 x31:0x00000000 x27:0x9993f800
      512442000	     25520	80006b60	0dc1	c.addi	x27,16	 x27:0x9993f800 x27=0x9993f810
      512462000	     25521	80006b62	06de	c.slli	x13,0x17	 x13:0x00000000 x13=0x00000000
      512482000	     25522	80006b64	008a1893	slli	x17,x20,0x8	 x20:0x00000001 x17=0x00000100
      512762000	     25536	80006b68	0ff0000f	fence	iorw,iorw	
      512782000	     25537	80006b6c	527d	c.li	x4,-1	  x4=0xffffffff
      512802000	     25538	80006b6e	567d	c.li	x12,-1	 x12=0xffffffff
      512842000	     25540	80006b70	0296ca63	blt	x13,x9,80006ba4	 x13:0x00000000  x9:0xcc7f5ce4
      513622000	     25579	80006b74	023fc033	div	x0,x31,x3	 x31:0x00000000  x3:0x1178e000  x0=0x00000000
      513642000	     25580	80006b78	8db1	c.xor	x11,x12	 x11:0xcc7f5ce4 x12:0xffffffff x11=0x3380a31b
      513662000	     25581	80006b7a	015c1a33	sll	x20,x24,x21	 x24:0x00000000 x21:0x00000000 x20=0x00000000
      513702000	     25583	80006b7e	031ebf33	mulhu	x30,x29,x17	 x29:0x0000a000 x17:0x00000100 x30=0x00000000
      513722000	     25584	80006b82	0ff0000f	fence	iorw,iorw	
      513742000	     25585	80006b86	25273f37	lui	x30,0x25273	 x30=0x25273000
      513762000	     25586	80006b8a	03319d63	bne	x3,x19,80006bc4	  x3:0x1178e000 x19:0x00000000
      514322000	     25614	80006bc4	8dd5	c.or	x11,x13	 x11:0x3380a31b x13:0x00000000 x11=0x3380a31b
      514342000	     25615	80006bc6	001648b3	xor	x17,x12,x1	 x12:0xffffffff  x1:0x0000c000 x17=0xffff3fff
      514362000	     25616	80006bca	6529	c.lui	x10,0xa	 x10=0x0000a000
      514382000	     25617	80006bcc	37262d17	auipc	x26,0x37262	 x26=0xb7268bcc
      514402000	     25618	80006bd0	8ecd	c.or	x13,x11	 x13:0x00000000 x11:0x3380a31b x13=0x3380a31b
      514442000	     25620	80006bd2	028c2c33	mulhsu	x24,x24,x8	 x24:0x00000000  x8:0x00000003 x24=0x00000000
      514462000	     25621	80006bd6	ca19	c.beqz	x12,80006bec	 x12:0xffffffff
      514482000	     25622	80006bd8	009b35b3	sltu	x11,x22,x9	 x22:0x00000008  x9:0xcc7f5ce4 x11=0x00000001
      514902000	     25643	80006bdc	fc284c93	xori	x25,x16,-62	 x16:0x4a810cef x25=0xb57ef32d
      515082000	     25652	80006be0	01159d13	slli	x26,x11,0x11	 x11:0x00000001 x26=0x00020000
      515202000	     25658	80006be4	0014cbb3	xor	x23,x9,x1	  x9:0xcc7f5ce4  x1:0x0000c000 x23=0xcc7f9ce4
      515222000	     25659	80006be8	402680b3	sub	x1,x13,x2	 x13:0x3380a31b  x2:0xfffffffe  x1=0x3380a31d
      515422000	     25669	80006bec	033e5863	bge	x28,x19,80006c1c	 x28:0x80021e34 x19:0x00000000
      515442000	     25670	80006bf0	0001	c.addi	x0,0	  x0:0x00000000  x0=0x00000000
      515862000	     25691	80006bf2	4041dd13	srai	x26,x3,0x4	  x3:0x1178e000 x26=0x01178e00
      515882000	     25692	80006bf6	0a16	c.slli	x20,0x5	 x20:0x00000000 x20=0x00000000
      515902000	     25693	80006bf8	6cc5	c.lui	x25,0x11	 x25=0x00011000
      515922000	     25694	80006bfa	82922693	slti	x13,x4,-2007	  x4:0xffffffff x13=0x00000000
      515942000	     25695	80006bfe	02865963	bge	x12,x8,80006c30	 x12:0xffffffff  x8:0x00000003
      516342000	     25715	80006c02	019d8b33	add	x22,x27,x25	 x27:0x9993f810 x25:0x00011000 x22=0x99950810
      516462000	     25721	80006c06	0000100f	fence.i	
      517682000	     25782	80006c0a	01c05c13	srli	x24,x0,0x1c	  x0:0x00000000 x24=0x00000000
      517702000	     25783	80006c0e	0ff0000f	fence	iorw,iorw	
      517722000	     25784	80006c12	00f6	c.slli	x1,0x1d	  x1:0x3380a31d  x1=0xa0000000
      517762000	     25786	80006c14	03f1e133	rem	x2,x3,x31	  x3:0x1178e000 x31:0x00000000  x2=0x1178e000
      518162000	     25806	80006c18	02df4233	div	x4,x30,x13	 x30:0x25273000 x13:0x00000000  x4=0xffffffff
      518562000	     25826	80006c1c	ae3d0213	addi	x4,x26,-1309	 x26:0x01178e00  x4=0x011788e3
      518602000	     25828	80006c20	0195a533	slt	x10,x11,x25	 x11:0x00000001 x25:0x00011000 x10=0x00000001
      518682000	     25832	80006c24	01776863	bltu	x14,x23,80006c34	 x14:0x00000018 x23:0xcc7f9ce4
      519462000	     25871	80006c34	9bfa	c.add	x23,x30	 x23:0xcc7f9ce4 x30:0x25273000 x23=0xf1a6cce4
      519482000	     25872	80006c36	00d2dfb3	srl	x31,x5,x13	  x5:0x1178e000 x13:0x00000000 x31=0x1178e000
      519502000	     25873	80006c3a	3f9ff293	andi	x5,x31,1017	 x31:0x1178e000  x5=0x00000000
      519522000	     25874	80006c3e	41e35493	srai	x9,x6,0x1e	  x6:0xa6c48ae6  x9=0xfffffffe
      519542000	     25875	80006c42	997d	c.andi	x10,-1	 x10:0x00000001 x10=0x00000001
      519562000	     25876	80006c44	7c243db7	lui	x27,0x7c243	 x27=0x7c243000
      519582000	     25877	80006c48	9bf6e113	ori	x2,x13,-1601	 x13:0x00000000  x2=0xfffff9bf
      519662000	     25881	80006c4c	17f3e613	ori	x12,x7,383	  x7:0x80000000 x12=0x8000017f
      520002000	     25898	80006c50	964a	c.add	x12,x18	 x12:0x8000017f x18:0x00000018 x12=0x80000197
      520022000	     25899	80006c52	039e7163	bgeu	x28,x25,80006c74	 x28:0x80021e34 x25:0x00011000
      521002000	     25948	80006c74	0001	c.addi	x0,0	  x0:0x00000000  x0=0x00000000
      521022000	     25949	80006c76	f697f293	andi	x5,x15,-151	 x15:0x80025ce4  x5=0x80025c60
      521042000	     25950	80006c7a	a0848013	addi	x0,x9,-1528	  x9:0xfffffffe  x0=0x00000000
      521062000	     25951	80006c7e	0001	c.addi	x0,0	  x0:0x00000000  x0=0x00000000
      521082000	     25952	80006c80	8cf1	c.and	x9,x12	  x9:0xfffffffe x12:0x80000197  x9=0x80000196
      521102000	     25953	80006c82	c490cf13	xori	x30,x1,-951	  x1:0xa0000000 x30=0x5ffffc49
      521122000	     25954	80006c86	8c91	c.sub	x9,x12	  x9:0x80000196 x12:0x80000197  x9=0xffffffff
      521522000	     25974	80006c88	80b5	c.srli	x9,0xd	  x9:0xffffffff  x9=0x0007ffff
      521542000	     25975	80006c8a	717d	c.addi16sp	x2,-16	  x2:0xfffff9bf  x2=0xfffff9af
      521942000	     25995	80006c8c	e57c7913	andi	x18,x24,-425	 x24:0x00000000 x18=0x00000000
      522122000	     26004	80006c90	00d9	c.addi	x1,22	  x1:0xa0000000  x1=0xa0000016
      522142000	     26005	80006c92	8cbd	c.xor	x9,x15	  x9:0x0007ffff x15:0x80025ce4  x9=0x8005a31b
      522162000	     26006	80006c94	5edd2a93	slti	x21,x26,1517	 x26:0x01178e00 x21=0x00000000
      522302000	     26013	80006c98	a4717c13	andi	x24,x2,-1465	  x2:0xfffff9af x24=0xfffff807
      522482000	     26022	80006c9c	012cd2b3	srl	x5,x25,x18	 x25:0x00011000 x18:0x00000000  x5=0x00011000
      522682000	     26032	80006ca0	001a5413	srli	x8,x20,0x1	 x20:0x00000000  x8=0x00000000
      522722000	     26034	80006ca4	8359	c.srli	x14,0x16	 x14:0x00000018 x14=0x00000000
      522742000	     26035	80006ca6	00015863	bge	x2,x0,80006cb6	  x2:0xfffff9af  x0:0x00000000
      523022000	     26049	80006caa	02325563	bge	x4,x3,80006cd4	  x4:0x011788e3  x3:0x1178e000
      523142000	     26055	80006cae	cdd73093	sltiu	x1,x14,-803	 x14:0x00000000  x1=0x00000001
      523162000	     26056	80006cb2	0ba5	c.addi	x23,9	 x23:0xf1a6cce4 x23=0xf1a6cced
      523282000	     26062	80006cb4	919e	c.add	x3,x7	  x3:0x1178e000  x7:0x80000000  x3=0x9178e000
      523702000	     26083	80006cb6	020f4063	blt	x30,x0,80006cd6	 x30:0x5ffffc49  x0:0x00000000
      524842000	     26140	80006cba	02c2f933	remu	x18,x5,x12	  x5:0x00011000 x12:0x80000197 x18=0x00011000
      524862000	     26141	80006cbe	00417563	bgeu	x2,x4,80006cc8	  x2:0xfffff9af  x4:0x011788e3
      524902000	     26143	80006cc8	41af5f33	sra	x30,x30,x26	 x30:0x5ffffc49 x26:0x01178e00 x30=0x5ffffc49
      524922000	     26144	80006ccc	8362	c.mv	x6,x24	  x0:0x00000000 x24:0xfffff807  x6=0xfffff807
      524962000	     26146	80006cce	038a99b3	mulh	x19,x21,x24	 x21:0x00000000 x24:0xfffff807 x19=0x00000000
      524982000	     26147	80006cd2	8f45	c.or	x14,x9	 x14:0x00000000  x9:0x8005a31b x14=0x8005a31b
      525002000	     26148	80006cd4	8689	c.srai	x13,0x2	 x13:0x00000000 x13=0x00000000
      525582000	     26177	80006cd6	006a6833	or	x16,x20,x6	 x20:0x00000000  x6:0xfffff807 x16=0xfffff807
      525662000	     26181	80006cda	03dbbf33	mulhu	x30,x23,x29	 x23:0xf1a6cced x29:0x0000a000 x30=0x00009708
      525682000	     26182	80006cde	1600	c.addi4spn	x8,x2,800	  x8=0xfffffccf
      525762000	     26186	80006ce0	a6ca7193	andi	x3,x20,-1428	 x20:0x00000000  x3=0x00000000
      526602000	     26228	80006ce4	038ae6b3	rem	x13,x21,x24	 x21:0x00000000 x24:0xfffff807 x13=0x00000000
      526622000	     26229	80006ce8	01e29463	bne	x5,x30,80006cf0	  x5:0x00011000 x30:0x00009708
      526662000	     26231	80006cf0	0001	c.addi	x0,0	  x0:0x00000000  x0=0x00000000
      526682000	     26232	80006cf2	0c90	c.addi4spn	x12,x2,592	 x12=0xfffffbff
      526702000	     26233	80006cf4	01737763	bgeu	x6,x23,80006d02	  x6:0xfffff807 x23:0xf1a6cced
      527042000	     26250	80006d02	4f21	c.li	x30,8	 x30=0x00000008
      527062000	     26251	80006d04	01400563	beq	x0,x20,80006d0e	  x0:0x00000000 x20:0x00000000
      528642000	     26330	80006d0e	03c7da63	bge	x15,x28,80006d42	 x15:0x80025ce4 x28:0x80021e34
      529662000	     26381	80006d42	0001	c.addi	x0,0	  x0:0x00000000  x0=0x00000000
      529682000	     26382	80006d44	e59d	c.bnez	x11,80006d72	 x11:0x00000001
      531102000	     26453	80006d72	04645eb7	lui	x29,0x4645	 x29=0x04645000
      531122000	     26454	80006d76	02408133	mul	x2,x1,x4	  x1:0x00000001  x4:0x011788e3  x2=0x011788e3
      531142000	     26455	80006d7a	01831cb3	sll	x25,x6,x24	  x6:0xfffff807 x24:0xfffff807 x25=0xfffc0380
      531162000	     26456	80006d7e	8305	c.srli	x14,0x1	 x14:0x8005a31b x14=0x4002d18d
      532042000	     26500	80006d80	0215dcb3	divu	x25,x11,x1	 x11:0x00000001  x1:0x00000001 x25=0x00000001
      532062000	     26501	80006d84	3bbea613	slti	x12,x29,955	 x29:0x04645000 x12=0x00000000
      532102000	     26503	80006d88	02ad1f33	mulh	x30,x26,x10	 x26:0x01178e00 x10:0x00000001 x30=0x00000000
      532122000	     26504	80006d8c	0476c163	blt	x13,x7,80006dce	 x13:0x00000000  x7:0x80000000
      532162000	     26506	80006d90	035c7633	remu	x12,x24,x21	 x24:0xfffff807 x21:0x00000000 x12=0xfffff807
      532182000	     26507	80006d94	6bdd	c.lui	x23,0x17	 x23=0x00017000
      532202000	     26508	80006d96	81bd	c.srli	x11,0xf	 x11:0x00000001 x11=0x00000000
      532322000	     26514	80006d98	0001	c.addi	x0,0	  x0:0x00000000  x0=0x00000000
      532742000	     26535	80006d9a	0056d193	srli	x3,x13,0x5	 x13:0x00000000  x3=0x00000000
      532762000	     26536	80006d9e	44fa1b17	auipc	x22,0x44fa1	 x22=0xc4fa7d9e
      532782000	     26537	80006da2	8e05	c.sub	x12,x9	 x12:0xfffff807  x9:0x8005a31b x12=0x7ffa54ec
      532942000	     26545	80006da4	011c5433	srl	x8,x24,x17	 x24:0xfffff807 x17:0xffff3fff  x8=0x00000001
      532982000	     26547	80006da8	02342bb3	mulhsu	x23,x8,x3	  x8:0x00000001  x3:0x00000000 x23=0x00000000
      533002000	     26548	80006dac	e815	c.bnez	x8,80006de0	  x8:0x00000001
      533642000	     26580	80006de0	81417c93	andi	x25,x2,-2028	  x2:0x011788e3 x25=0x01178800
      533702000	     26583	80006de4	973a	c.add	x14,x14	 x14:0x4002d18d x14:0x4002d18d x14=0x8005a31a
      534442000	     26620	80006de6	02c67ab3	remu	x21,x12,x12	 x12:0x7ffa54ec x12:0x7ffa54ec x21=0x00000000
      534462000	     26621	80006dea	e48ba813	slti	x16,x23,-440	 x23:0x00000000 x16=0x00000000
      534482000	     26622	80006dee	00a5d333	srl	x6,x11,x10	 x11:0x00000000 x10:0x00000001  x6=0x00000000
      534502000	     26623	80006df2	01032d33	slt	x26,x6,x16	  x6:0x00000000 x16:0x00000000 x26=0x00000000
      534522000	     26624	80006df6	8e71	c.and	x12,x12	 x12:0x7ffa54ec x12:0x7ffa54ec x12=0x7ffa54ec
      534542000	     26625	80006df8	003fffb3	and	x31,x31,x3	 x31:0x1178e000  x3:0x00000000 x31=0x00000000
      534562000	     26626	80006dfc	00aa5893	srli	x17,x20,0xa	 x20:0x00000000 x17=0x00000000
      534662000	     26631	80006e00	01974563	blt	x14,x25,80006e0a	 x14:0x8005a31a x25:0x01178800
      535522000	     26674	80006e0a	96913697	auipc	x13,0x96913	 x13=0x16919e0a
      535542000	     26675	80006e0e	65b5	c.lui	x11,0xd	 x11=0x0000d000
      535562000	     26676	80006e10	0184f1b3	and	x3,x9,x24	  x9:0x8005a31b x24:0xfffff807  x3=0x8005a003
      535722000	     26684	80006e14	ca87b613	sltiu	x12,x15,-856	 x15:0x80025ce4 x12=0x00000001
      535742000	     26685	80006e18	8515	c.srai	x10,0x5	 x10:0x00000001 x10=0x00000000
      544742000	     27135	80006e1a	28d81817	auipc	x16,0x28d81	 x16=0xa8d87e1a
      544762000	     27136	80006e1e	01f1bab3	sltu	x21,x3,x31	  x3:0x8005a003 x31:0x00000000 x21=0x00000000
      544782000	     27137	80006e22	85bd	c.srai	x11,0xf	 x11:0x0000d000 x11=0x00000001
      544802000	     27138	80006e24	885d	c.andi	x8,23	  x8:0x00000001  x8=0x00000001
      544822000	     27139	80006e26	0001	c.addi	x0,0	  x0:0x00000000  x0=0x00000000
      544842000	     27140	80006e28	032b0eb3	mul	x29,x22,x18	 x22:0xc4fa7d9e x18:0x00011000 x29=0x2577e000
      544862000	     27141	80006e2c	1680	c.addi4spn	x8,x2,864	  x8=0x01178c43
      545262000	     27161	80006e2e	013ed863	bge	x29,x19,80006e3e	 x29:0x2577e000 x19:0x00000000
      545982000	     27197	80006e3e	0001	c.addi	x0,0	  x0:0x00000000  x0=0x00000000
      546022000	     27199	80006e40	05118263	beq	x3,x17,80006e84	  x3:0x8005a003 x17:0x00000000
      546762000	     27236	80006e44	028cf533	remu	x10,x25,x8	 x25:0x01178800  x8:0x01178c43 x10=0x01178800
      546782000	     27237	80006e48	0000100f	fence.i	
      546862000	     27241	80006e4c	03e3a293	slti	x5,x7,62	  x7:0x80000000  x5=0x00000001
      547002000	     27248	80006e50	037b3fb3	mulhu	x31,x22,x23	 x22:0xc4fa7d9e x23:0x00000000 x31=0x00000000
      547022000	     27249	80006e54	008a9763	bne	x21,x8,80006e62	 x21:0x00000000  x8:0x01178c43
      547562000	     27276	80006e62	03fbd833	divu	x16,x23,x31	 x23:0x00000000 x31:0x00000000 x16=0xffffffff
      547582000	     27277	80006e66	036d6463	bltu	x26,x22,80006e8e	 x26:0x00000000 x22:0xc4fa7d9e
      548442000	     27320	80006e8e	8961	c.andi	x10,24	 x10:0x01178800 x10=0x00000000
      548462000	     27321	80006e90	8dfd	c.and	x11,x15	 x11:0x00000001 x15:0x80025ce4 x11=0x00000000
      548602000	     27328	80006e92	037fd5b3	divu	x11,x31,x23	 x31:0x00000000 x23:0x00000000 x11=0xffffffff
      549362000	     27366	80006e96	02f176b3	remu	x13,x2,x15	  x2:0x011788e3 x15:0x80025ce4 x13=0x011788e3
      549382000	     27367	80006e9a	8d15	c.sub	x10,x13	 x10:0x00000000 x13:0x011788e3 x10=0xfee8771d
      549402000	     27368	80006e9c	0ff0000f	fence	iorw,iorw	
      549442000	     27370	80006ea0	02e42a33	mulhsu	x20,x8,x14	  x8:0x01178c43 x14:0x8005a31a x20=0x008bcc49
      549462000	     27371	80006ea4	008f75b3	and	x11,x30,x8	 x30:0x00000000  x8:0x01178c43 x11=0x00000000
      549482000	     27372	80006ea8	202fe097	auipc	x1,0x202fe	  x1=0xa0304ea8
      549502000	     27373	80006eac	06fd	c.addi	x13,31	 x13:0x011788e3 x13=0x01178902
      549522000	     27374	80006eae	f292f913	andi	x18,x5,-215	  x5:0x00000001 x18=0x00000001
      549582000	     27377	80006eb2	02ba4963	blt	x20,x11,80006ee4	 x20:0x008bcc49 x11:0x00000000
      549602000	     27378	80006eb6	012429b3	slt	x19,x8,x18	  x8:0x01178c43 x18:0x00000001 x19=0x00000000
      549862000	     27391	80006eba	94dff713	andi	x14,x31,-1715	 x31:0x00000000 x14=0x00000000
      549882000	     27392	80006ebe	002b9663	bne	x23,x2,80006eca	 x23:0x00000000  x2:0x011788e3
      551162000	     27456	80006eca	022d7fb3	remu	x31,x26,x2	 x26:0x00000000  x2:0x011788e3 x31=0x00000000
      551182000	     27457	80006ece	01fa2d33	slt	x26,x20,x31	 x20:0x008bcc49 x31:0x00000000 x26=0x00000000
      551222000	     27459	80006ed2	02762633	mulhsu	x12,x12,x7	 x12:0x00000001  x7:0x80000000 x12=0x00000000
      551962000	     27496	80006ed6	023cd0b3	divu	x1,x25,x3	 x25:0x01178800  x3:0x8005a003  x1=0x00000000
      551982000	     27497	80006eda	8cfd	c.and	x9,x15	  x9:0x8005a31b x15:0x80025ce4  x9=0x80000000
      552002000	     27498	80006edc	bcc9ed93	ori	x27,x19,-1076	 x19:0x00000000 x27=0xfffffbcc
      552042000	     27500	80006ee0	021c28b3	mulhsu	x17,x24,x1	 x24:0xfffff807  x1:0x00000000 x17=0x00000000
      552062000	     27501	80006ee4	417d5913	srai	x18,x26,0x17	 x26:0x00000000 x18=0x00000000
      552082000	     27502	80006ee8	40875a93	srai	x21,x14,0x8	 x14:0x00000000 x21=0x00000000
      552102000	     27503	80006eec	8f41	c.or	x14,x8	 x14:0x00000000  x8:0x01178c43 x14=0x01178c43
      552122000	     27504	80006eee	01c35f33	srl	x30,x6,x28	  x6:0x00000000 x28:0x80021e34 x30=0x00000000
      552322000	     27514	80006ef2	01875763	bge	x14,x24,80006f00	 x14:0x01178c43 x24:0xfffff807
      552822000	     27539	80006f00	02cb00b3	mul	x1,x22,x12	 x22:0xc4fa7d9e x12:0x00000000  x1=0x00000000
      552842000	     27540	80006f04	8e95	c.sub	x13,x13	 x13:0x01178902 x13:0x01178902 x13=0x00000000
      552862000	     27541	80006f06	c19d	c.beqz	x11,80006f2c	 x11:0x00000000
      553582000	     27577	80006f2c	0000100f	fence.i	
      554162000	     27606	80006f30	3dfd7297	auipc	x5,0x3dfd7	  x5=0xbdfddf30
      554282000	     27612	80006f34	0001	c.addi	x0,0	  x0:0x00000000  x0=0x00000000
      555022000	     27649	80006f36	03cd72b3	remu	x5,x26,x28	 x26:0x00000000 x28:0x80021e34  x5=0x00000000
      555042000	     27650	80006f3a	022e4763	blt	x28,x2,80006f68	 x28:0x80021e34  x2:0x011788e3
      555602000	     27678	80006f68	8699	c.srai	x13,0x6	 x13:0x00000000 x13=0x00000000
      555622000	     27679	80006f6a	06be	c.slli	x13,0xf	 x13:0x00000000 x13=0x00000000
      556022000	     27699	80006f6c	00041a13	slli	x20,x8,0x0	  x8:0x01178c43 x20=0x01178c43
      556042000	     27700	80006f70	b0766217	auipc	x4,0xb0766	  x4=0x3076cf70
      556302000	     27713	80006f74	8421	c.srai	x8,0x8	  x8:0x01178c43  x8=0x0001178c
      556442000	     27720	80006f76	40235d13	srai	x26,x6,0x2	  x6:0x00000000 x26=0x00000000
      556462000	     27721	80006f7a	9d0cd0b7	lui	x1,0x9d0cd	  x1=0x9d0cd000
      556482000	     27722	80006f7e	9cd76697	auipc	x13,0x9cd76	 x13=0x1cd7cf7e
      556642000	     27730	80006f82	603c6413	ori	x8,x24,1539	 x24:0xfffff807  x8=0xfffffe07
      556802000	     27738	80006f86	014d9c13	slli	x24,x27,0x14	 x27:0xfffffbcc x24=0xbcc00000
      556822000	     27739	80006f8a	4831	c.li	x16,12	 x16=0x0000000c
      556842000	     27740	80006f8c	00091933	sll	x18,x18,x0	 x18:0x00000000  x0:0x00000000 x18=0x00000000
      556962000	     27746	80006f90	01f4cc63	blt	x9,x31,80006fa8	  x9:0x80000000 x31:0x00000000
      557242000	     27760	80006fa8	00a09263	bne	x1,x10,80006fac	  x1:0x9d0cd000 x10:0xfee8771d
      558082000	     27802	80006fac	8f15	c.sub	x14,x13	 x14:0x01178c43 x13:0x1cd7cf7e x14=0xe43fbcc5
      558102000	     27803	80006fae	409481b3	sub	x3,x9,x9	  x9:0x80000000  x9:0x80000000  x3=0x00000000
      558162000	     27806	80006fb2	354e6913	ori	x18,x28,852	 x28:0x80021e34 x18=0x80021f74
      558202000	     27808	80006fb6	03e12833	mulhsu	x16,x2,x30	  x2:0x011788e3 x30:0x00000000 x16=0x00000000
      558602000	     27828	80006fba	00084f63	blt	x16,x0,80006fd8	 x16:0x00000000  x0:0x00000000
      559022000	     27849	80006fbe	00875093	srli	x1,x14,0x8	 x14:0xe43fbcc5  x1=0x00e43fbc
      559042000	     27850	80006fc2	8cf5	c.and	x9,x13	  x9:0x80000000 x13:0x1cd7cf7e  x9=0x00000000
      559062000	     27851	80006fc4	8f29	c.xor	x14,x10	 x14:0xe43fbcc5 x10:0xfee8771d x14=0x1ad7cbd8
      559142000	     27855	80006fc6	ab6f6d93	ori	x27,x30,-1354	 x30:0x00000000 x27=0xfffffab6
      559162000	     27856	80006fca	3a4bab93	slti	x23,x23,932	 x23:0x00000000 x23=0x00000001
      559302000	     27863	80006fce	002b0ab3	add	x21,x22,x2	 x22:0xc4fa7d9e  x2:0x011788e3 x21=0xc6120681
      559322000	     27864	80006fd2	8e65	c.and	x12,x9	 x12:0x00000000  x9:0x00000000 x12=0x00000000
      559442000	     27870	80006fd4	00fc62b3	or	x5,x24,x15	 x24:0xbcc00000 x15:0x80025ce4  x5=0xbcc25ce4
      559462000	     27871	80006fd8	014da0b3	slt	x1,x27,x20	 x27:0xfffffab6 x20:0x01178c43  x1=0x00000001
      559482000	     27872	80006fdc	05c19263	bne	x3,x28,80007020	  x3:0x00000000 x28:0x80021e34
      559922000	     27894	80007020	45e64513	xori	x10,x12,1118	 x12:0x00000000 x10=0x0000045e
      559982000	     27897	80007024	02dc00b3	mul	x1,x24,x13	 x24:0xbcc00000 x13:0x1cd7cf7e  x1=0x26800000
      560722000	     27934	80007028	027d64b3	rem	x9,x26,x7	 x26:0x00000000  x7:0x80000000  x9=0x00000000
      560742000	     27935	8000702c	0165cd63	blt	x11,x22,80007046	 x11:0x00000000 x22:0xc4fa7d9e
      560762000	     27936	80007030	805d	c.srli	x8,0x17	  x8:0xfffffe07  x8=0x000001ff
      560782000	     27937	80007032	015e	c.slli	x2,0x17	  x2:0x011788e3  x2=0x71800000
      560802000	     27938	80007034	8d21	c.xor	x10,x8	 x10:0x0000045e  x8:0x000001ff x10=0x000005a1
      560942000	     27945	80007036	02a22a33	mulhsu	x20,x4,x10	  x4:0x3076cf70 x10:0x000005a1 x20=0x00000110
      561002000	     27948	8000703a	0ff0000f	fence	iorw,iorw	
      561022000	     27949	8000703e	8c1d	c.sub	x8,x15	  x8:0x000001ff x15:0x80025ce4  x8=0x7ffda51b
      561042000	     27950	80007040	86ee	c.mv	x13,x27	  x0:0x00000000 x27:0xfffffab6 x13=0xfffffab6
      561182000	     27957	80007042	e2cfa313	slti	x6,x31,-468	 x31:0x00000000  x6=0x00000000
      561202000	     27958	80007046	2812c413	xori	x8,x5,641	  x5:0xbcc25ce4  x8=0xbcc25e65
      561222000	     27959	8000704a	0001	c.addi	x0,0	  x0:0x00000000  x0=0x00000000
      561242000	     27960	8000704c	394f4c93	xori	x25,x30,916	 x30:0x00000000 x25=0x00000394
      561402000	     27968	80007050	ffadfd13	andi	x26,x27,-6	 x27:0xfffffab6 x26=0xfffffab2
      561482000	     27972	80007054	00723833	sltu	x16,x4,x7	  x4:0x3076cf70  x7:0x80000000 x16=0x00000001
      561882000	     27992	80007058	8eb1	c.xor	x13,x12	 x13:0xfffffab6 x12:0x00000000 x13=0xfffffab6
      561902000	     27993	8000705a	89d5	c.andi	x11,21	 x11:0x00000000 x11=0x00000000
      562182000	     28007	8000705c	9f852a13	slti	x20,x10,-1544	 x10:0x000005a1 x20=0x00000000
      562362000	     28016	80007060	02c061b3	rem	x3,x0,x12	  x0:0x00000000 x12:0x00000000  x3=0x00000000
      562442000	     28020	80007064	0ad17f93	andi	x31,x2,173	  x2:0x71800000 x31=0x00000000
      562882000	     28042	80007068	020efd33	remu	x26,x29,x0	 x29:0x2577e000  x0:0x00000000 x26=0x2577e000
      563202000	     28058	8000706c	e74b2993	slti	x19,x22,-396	 x22:0xc4fa7d9e x19=0x00000001
      563262000	     28061	80007070	f2be1c37	lui	x24,0xf2be1	 x24=0xf2be1000
      563662000	     28081	80007074	01f6d193	srli	x3,x13,0x1f	 x13:0xfffffab6  x3=0x00000001
      563682000	     28082	80007078	03879663	bne	x15,x24,800070a4	 x15:0x80025ce4 x24:0xf2be1000
      563942000	     28095	800070a4	575d3d37	lui	x26,0x575d3	 x26=0x575d3000
      563982000	     28097	800070a8	00b01ab3	sll	x21,x0,x11	  x0:0x00000000 x11:0x00000000 x21=0x00000000
      564402000	     28118	800070ac	016f4eb3	xor	x29,x30,x22	 x30:0x00000000 x22:0xc4fa7d9e x29=0xc4fa7d9e
      564422000	     28119	800070b0	86cd	c.srai	x13,0x13	 x13:0xfffffab6 x13=0xffffffff
      564582000	     28127	800070b2	e08c7213	andi	x4,x24,-504	 x24:0xf2be1000  x4=0xf2be1000
      564962000	     28146	800070b6	3bb43d13	sltiu	x26,x8,955	  x8:0xbcc25e65 x26=0x00000000
      564982000	     28147	800070ba	8569	c.srai	x10,0x1a	 x10:0x000005a1 x10=0x00000000
      565002000	     28148	800070bc	00b6d533	srl	x10,x13,x11	 x13:0xffffffff x11:0x00000000 x10=0xffffffff
      565022000	     28149	800070c0	01034463	blt	x6,x16,800070c8	  x6:0x00000000 x16:0x00000001
      565662000	     28181	800070c8	0b62	c.slli	x22,0x18	 x22:0xc4fa7d9e x22=0x9e000000
      565682000	     28182	800070ca	8625	c.srai	x12,0x9	 x12:0x00000000 x12=0x00000000
      565842000	     28190	800070cc	00b75533	srl	x10,x14,x11	 x14:0x1ad7cbd8 x11:0x00000000 x10=0x1ad7cbd8
      566262000	     28211	800070d0	0904	c.addi4spn	x9,x2,144	  x9=0x71800090
      566282000	     28212	800070d2	0b66	c.slli	x22,0x19	 x22:0x9e000000 x22=0x00000000
      566302000	     28213	800070d4	0000100f	fence.i	
      566802000	     28238	800070d8	0001	c.addi	x0,0	  x0:0x00000000  x0=0x00000000
      566822000	     28239	800070da	0001	c.addi	x0,0	  x0:0x00000000  x0=0x00000000
      566842000	     28240	800070dc	68d7e593	ori	x11,x15,1677	 x15:0x80025ce4 x11=0x80025eed
      567242000	     28260	800070e0	4035d333	sra	x6,x11,x3	 x11:0x80025eed  x3:0x00000001  x6=0xc0012f76
      567262000	     28261	800070e4	031b5663	bge	x22,x17,80007110	 x22:0x00000000 x17:0x00000000
      567662000	     28281	80007110	022519b3	mulh	x19,x10,x2	 x10:0x1ad7cbd8  x2:0x71800000 x19=0x0be6ace0
      567742000	     28285	80007114	8219	c.srli	x12,0x6	 x12:0x00000000 x12=0x00000000
      567762000	     28286	80007116	002bb9b3	sltu	x19,x23,x2	 x23:0x00000001  x2:0x71800000 x19=0x00000001
      567782000	     28287	8000711a	86b5	c.srai	x13,0xd	 x13:0xffffffff x13=0xffffffff
      567922000	     28294	8000711c	8f6d	c.and	x14,x11	 x14:0x1ad7cbd8 x11:0x80025eed x14=0x00024ac8
      567942000	     28295	8000711e	3799f093	andi	x1,x19,889	 x19:0x00000001  x1=0x00000001
      567962000	     28296	80007122	0001	c.addi	x0,0	  x0:0x00000000  x0=0x00000000
      568342000	     28315	80007124	afb74493	xori	x9,x14,-1285	 x14:0x00024ac8  x9=0xfffdb033
      568762000	     28336	80007128	0001	c.addi	x0,0	  x0:0x00000000  x0=0x00000000
      569622000	     28379	8000712a	021d6233	rem	x4,x26,x1	 x26:0x00000000  x1:0x00000001  x4=0x00000000
      569662000	     28381	8000712e	020daf33	mulhsu	x30,x27,x0	 x27:0xfffffab6  x0:0x00000000 x30=0x00000000
      569682000	     28382	80007132	01e6e2b3	or	x5,x13,x30	 x13:0xffffffff x30:0x00000000  x5=0xffffffff
      570422000	     28419	80007136	0284f8b3	remu	x17,x9,x8	  x9:0xfffdb033  x8:0xbcc25e65 x17=0x433b51ce
      570462000	     28421	8000713a	02ceb333	mulhu	x6,x29,x12	 x29:0xc4fa7d9e x12:0x00000000  x6=0x00000000
      570482000	     28422	8000713e	00f2bdb3	sltu	x27,x5,x15	  x5:0xffffffff x15:0x80025ce4 x27=0x00000000
      570522000	     28424	80007142	02061ab3	mulh	x21,x12,x0	 x12:0x00000000  x0:0x00000000 x21=0x00000000
      570542000	     28425	80007146	03c24f63	blt	x4,x28,80007184	  x4:0x00000000 x28:0x80021e34
      570562000	     28426	8000714a	014d7133	and	x2,x26,x20	 x26:0x00000000 x20:0x00000000  x2=0x00000000
      570582000	     28427	8000714e	8f7d	c.and	x14,x15	 x14:0x00024ac8 x15:0x80025ce4 x14=0x000248c0
      570602000	     28428	80007150	b0593613	sltiu	x12,x18,-1275	 x18:0x80021f74 x12=0x00000001
      570702000	     28433	80007154	00572c33	slt	x24,x14,x5	 x14:0x000248c0  x5:0xffffffff x24=0x00000000
      570782000	     28437	80007158	a960be93	sltiu	x29,x1,-1386	  x1:0x00000001 x29=0x00000001
      570822000	     28439	8000715c	0061f463	bgeu	x3,x6,80007164	  x3:0x00000001  x6:0x00000000
      571282000	     28462	80007164	02190bb3	mul	x23,x18,x1	 x18:0x80021f74  x1:0x00000001 x23=0x80021f74
      571562000	     28476	80007168	415504b3	sub	x9,x10,x21	 x10:0x1ad7cbd8 x21:0x00000000  x9=0x1ad7cbd8
      571582000	     28477	8000716c	277c8217	auipc	x4,0x277c8	  x4=0xa77cf16c
      571802000	     28488	80007170	055e7163	bgeu	x28,x21,800071b2	 x28:0x80021e34 x21:0x00000000
      572862000	     28541	800071b2	84ad	c.srai	x9,0xb	  x9:0x1ad7cbd8  x9=0x00035af9
      572962000	     28546	800071b4	c208ed93	ori	x27,x17,-992	 x17:0x433b51ce x27=0xfffffdee
      573022000	     28549	800071b8	12fd	c.addi	x5,-1	  x5:0xffffffff  x5=0xfffffffe
      573042000	     28550	800071ba	15fd	c.addi	x11,-1	 x11:0x80025eed x11=0x80025eec
      573162000	     28556	800071bc	8ca9	c.xor	x9,x10	  x9:0x00035af9 x10:0x1ad7cbd8  x9=0x1ad49121
      573182000	     28557	800071be	41acd993	srai	x19,x25,0x1a	 x25:0x00000394 x19=0x00000000
      573202000	     28558	800071c2	0001	c.addi	x0,0	  x0:0x00000000  x0=0x00000000
      573302000	     28563	800071c4	6109	c.addi16sp	x2,128	  x2:0x00000000  x2=0x00000080
      573422000	     28569	800071c6	007b9693	slli	x13,x23,0x7	 x23:0x80021f74 x13=0x010fba00
      573442000	     28570	800071ca	8722	c.mv	x14,x8	  x0:0x00000000  x8:0xbcc25e65 x14=0xbcc25e65
      573462000	     28571	800071cc	5095a813	slti	x16,x11,1289	 x11:0x80025eec x16=0x00000001
      573802000	     28588	800071d0	008599b3	sll	x19,x11,x8	 x11:0x80025eec  x8:0xbcc25e65 x19=0x004bdd80
      573822000	     28589	800071d4	c299	c.beqz	x13,800071da	 x13:0x010fba00
      573842000	     28590	800071d6	88cd	c.andi	x9,19	  x9:0x1ad49121  x9=0x00000001
      573862000	     28591	800071d8	e60d	c.bnez	x12,80007202	 x12:0x00000001
      575222000	     28659	80007202	02df4f33	div	x30,x30,x13	 x30:0x00000000 x13:0x010fba00 x30=0x00000000
      575242000	     28660	80007206	925a	c.add	x4,x22	  x4:0xa77cf16c x22:0x00000000  x4=0xa77cf16c
      575262000	     28661	80007208	c791ad13	slti	x26,x3,-903	  x3:0x00000001 x26=0x00000000
      575282000	     28662	8000720c	0000100f	fence.i	
      575542000	     28675	80007210	de6dcd13	xori	x26,x27,-538	 x27:0xfffffdee x26=0x00000008
      575562000	     28676	80007214	00079cb3	sll	x25,x15,x0	 x15:0x80025ce4  x0:0x00000000 x25=0x80025ce4
      575582000	     28677	80007218	be6f0d93	addi	x27,x30,-1050	 x30:0x00000000 x27=0xfffffbe6
      575602000	     28678	8000721c	02e99963	bne	x19,x14,8000724e	 x19:0x004bdd80 x14:0xbcc25e65
      575882000	     28692	8000724e	8e4d	c.or	x12,x11	 x12:0x00000001 x11:0x80025eec x12=0x80025eed
      575902000	     28693	80007250	00f348b3	xor	x17,x6,x15	  x6:0x00000000 x15:0x80025ce4 x17=0x80025ce4
      575942000	     28695	80007254	9802e113	ori	x2,x5,-1664	  x5:0xfffffffe  x2=0xfffffffe
      576002000	     28698	80007258	8c62	c.mv	x24,x24	  x0:0x00000000 x24:0x00000000 x24=0x00000000
      576022000	     28699	8000725a	009792b3	sll	x5,x15,x9	 x15:0x80025ce4  x9:0x00000001  x5=0x0004b9c8
      576042000	     28700	8000725e	40d15433	sra	x8,x2,x13	  x2:0xfffffffe x13:0x010fba00  x8=0xfffffffe
      576062000	     28701	80007262	717d	c.addi16sp	x2,-16	  x2:0xfffffffe  x2=0xffffffee
      576182000	     28707	80007264	196fef93	ori	x31,x31,406	 x31:0x00000000 x31=0x00000196
      576502000	     28723	80007268	020f5863	bge	x30,x0,80007298	 x30:0x00000000  x0:0x00000000
      577782000	     28787	80007298	e985	c.bnez	x11,800072c8	 x11:0x80025eec
      577882000	     28792	800072c8	968b2e93	slti	x29,x22,-1688	 x22:0x00000000 x29=0x00000000
      578622000	     28829	800072cc	02aac833	div	x16,x21,x10	 x21:0x00000000 x10:0x1ad7cbd8 x16=0x00000000
      582642000	     29030	800072d0	01d5aa33	slt	x20,x11,x29	 x11:0x80025eec x29:0x00000000 x20=0x00000001
      582662000	     29031	800072d4	3f798313	addi	x6,x19,1015	 x19:0x004bdd80  x6=0x004be177
      582682000	     29032	800072d8	010b6233	or	x4,x22,x16	 x22:0x00000000 x16:0x00000000  x4=0x00000000
      582702000	     29033	800072dc	0126e333	or	x6,x13,x18	 x13:0x010fba00 x18:0x80021f74  x6=0x810fbf74
      583442000	     29070	800072e0	02f45eb3	divu	x29,x8,x15	  x8:0xfffffffe x15:0x80025ce4 x29=0x00000001
      583462000	     29071	800072e4	0eae	c.slli	x29,0xb	 x29:0x00000001 x29=0x00000800
      583482000	     29072	800072e6	008c	c.addi4spn	x11,x2,64	 x11=0x0000002e
      583502000	     29073	800072e8	717d	c.addi16sp	x2,-16	  x2:0xffffffee  x2=0xffffffde
      583522000	     29074	800072ea	01e97863	bgeu	x18,x30,800072fa	 x18:0x80021f74 x30:0x00000000
      583822000	     29089	800072fa	0001	c.addi	x0,0	  x0:0x00000000  x0=0x00000000
      583842000	     29090	800072fc	8e9d	c.sub	x13,x15	 x13:0x010fba00 x15:0x80025ce4 x13=0x810d5d1c
      583862000	     29091	800072fe	85e5	c.srai	x11,0x19	 x11:0x0000002e x11=0x00000000
      584262000	     29111	80007300	5054ca13	xori	x20,x9,1285	  x9:0x00000001 x20=0x00000504
      584282000	     29112	80007304	82ba	c.mv	x5,x14	  x0:0x00000000 x14:0xbcc25e65  x5=0xbcc25e65
      584302000	     29113	80007306	4f61	c.li	x30,24	 x30=0x00000018
      584322000	     29114	80007308	002c5493	srli	x9,x24,0x2	 x24:0x00000000  x9=0x00000000
      584342000	     29115	8000730c	0184d6b3	srl	x13,x9,x24	  x9:0x00000000 x24:0x00000000 x13=0x00000000
      584362000	     29116	80007310	59e7e593	ori	x11,x15,1438	 x15:0x80025ce4 x11=0x80025dfe
      584762000	     29136	80007314	874d	c.srai	x14,0x13	 x14:0xbcc25e65 x14=0xfffff798
      585182000	     29157	80007316	006e3533	sltu	x10,x28,x6	 x28:0x80021e34  x6:0x810fbf74 x10=0x00000001
      585202000	     29158	8000731a	05724263	blt	x4,x23,8000735e	  x4:0x00000000 x23:0x80021f74
      585222000	     29159	8000731e	03526663	bltu	x4,x21,8000734a	  x4:0x00000000 x21:0x00000000
      586202000	     29208	80007322	022c5cb3	divu	x25,x24,x2	 x24:0x00000000  x2:0xffffffde x25=0x00000000
      586222000	     29209	80007326	0ff0000f	fence	iorw,iorw	
      586242000	     29210	8000732a	8615	c.srai	x12,0x5	 x12:0x80025eed x12=0xfc0012f7
      586262000	     29211	8000732c	8c45	c.or	x8,x9	  x8:0xfffffffe  x9:0x00000000  x8=0xfffffffe
      586302000	     29213	8000732e	02421133	mulh	x2,x4,x4	  x4:0x00000000  x4:0x00000000  x2=0x00000000
      586322000	     29214	80007332	013d10b3	sll	x1,x26,x19	 x26:0x00000008 x19:0x004bdd80  x1=0x00000008
      586342000	     29215	80007336	6c05	c.lui	x24,0x1	 x24=0x00001000
      586362000	     29216	80007338	8c85	c.sub	x9,x9	  x9:0x00000000  x9:0x00000000  x9=0x00000000
      586382000	     29217	8000733a	003f1013	slli	x0,x30,0x3	 x30:0x00000018  x0=0x00000000
      586562000	     29226	8000733e	00d3d5b3	srl	x11,x7,x13	  x7:0x80000000 x13:0x00000000 x11=0x80000000
      586862000	     29241	80007342	02435463	bge	x6,x4,8000736a	  x6:0x810fbf74  x4:0x00000000
      586922000	     29244	80007346	01395463	bge	x18,x19,8000734e	 x18:0x80021f74 x19:0x004bdd80
      587182000	     29257	8000734a	0201bbb3	mulhu	x23,x3,x0	  x3:0x00000001  x0:0x00000000 x23=0x00000000
      587222000	     29259	8000734e	55c7b713	sltiu	x14,x15,1372	 x15:0x80025ce4 x14=0x00000000
      587242000	     29260	80007352	69f77097	auipc	x1,0x69f77	  x1=0xe9f7e352
      587262000	     29261	80007356	02f684b3	mul	x9,x13,x15	 x13:0x00000000 x15:0x80025ce4  x9=0x00000000
      587402000	     29268	8000735a	b2a9af17	auipc	x30,0xb2a9a	 x30=0x32aa135a
      587542000	     29275	8000735e	40e55933	sra	x18,x10,x14	 x10:0x00000001 x14:0x00000000 x18=0x00000001
      587962000	     29296	80007362	03f24063	blt	x4,x31,80007382	  x4:0x00000000 x31:0x00000196
      588282000	     29312	80007382	018b2d33	slt	x26,x22,x24	 x22:0x00000000 x24:0x00001000 x26=0x00000001
      588302000	     29313	80007386	ee8d	c.bnez	x13,800073c0	 x13:0x00000000
      588482000	     29322	80007388	0001	c.addi	x0,0	  x0:0x00000000  x0=0x00000000
      588502000	     29323	8000738a	80b1	c.srli	x9,0xc	  x9:0x00000000  x9=0x00000000
      588862000	     29341	8000738c	ea01	c.bnez	x12,8000739c	 x12:0xfc0012f7
      588962000	     29346	8000739c	0023ed33	or	x26,x7,x2	  x7:0x80000000  x2:0x00000000 x26=0x80000000
      589402000	     29368	800073a0	01404333	xor	x6,x0,x20	  x0:0x00000000 x20:0x00000504  x6=0x00000504
      589422000	     29369	800073a4	51506113	ori	x2,x0,1301	  x0:0x00000000  x2=0x00000515
      589462000	     29371	800073a8	028531b3	mulhu	x3,x10,x8	 x10:0x00000001  x8:0xfffffffe  x3=0x00000000
      589482000	     29372	800073ac	0264d563	bge	x9,x6,800073d6	  x9:0x00000000  x6:0x00000504
      589702000	     29383	800073b0	06f2	c.slli	x13,0x1c	 x13:0x00000000 x13=0x00000000
      589742000	     29385	800073b2	02c916b3	mulh	x13,x18,x12	 x18:0x00000001 x12:0xfc0012f7 x13=0xffffffff
      590482000	     29422	800073b6	03476cb3	rem	x25,x14,x20	 x14:0x00000000 x20:0x00000504 x25=0x00000000
      590502000	     29423	800073ba	0500	c.addi4spn	x8,x2,640	  x8=0x00000795
      590522000	     29424	800073bc	4b69	c.li	x22,26	 x22=0x0000001a
      590542000	     29425	800073be	59fd	c.li	x19,-1	 x19=0xffffffff
      590582000	     29427	800073c0	023e50b3	divu	x1,x28,x3	 x28:0x80021e34  x3:0x00000000  x1=0xffffffff
      590602000	     29428	800073c4	6fab3893	sltiu	x17,x22,1786	 x22:0x0000001a x17=0x00000001
      590622000	     29429	800073c8	41805433	sra	x8,x0,x24	  x0:0x00000000 x24:0x00001000  x8=0x00000000
      590662000	     29431	800073cc	03a11bb3	mulh	x23,x2,x26	  x2:0x00000515 x26:0x80000000 x23=0xfffffd75
      590682000	     29432	800073d0	e129	c.bnez	x10,80007412	 x10:0x00000001
      591362000	     29466	80007412	012f1b93	slli	x23,x30,0x12	 x30:0x32aa135a x23=0x4d680000
      591422000	     29469	80007416	1a08a013	slti	x0,x17,416	 x17:0x00000001  x0=0x00000000
      591442000	     29470	8000741a	400a0bb3	sub	x23,x20,x0	 x20:0x00000504  x0:0x00000000 x23=0x00000504
      591462000	     29471	8000741e	00925a93	srli	x21,x4,0x9	  x4:0x00000000 x21=0x00000000
      591482000	     29472	80007422	16fd	c.addi	x13,-1	 x13:0xffffffff x13=0xfffffffe
      591502000	     29473	80007424	03238fb3	mul	x31,x7,x18	  x7:0x80000000 x18:0x00000001 x31=0x80000000
      591862000	     29491	80007428	0205c233	div	x4,x11,x0	 x11:0x80000000  x0:0x00000000  x4=0xffffffff
      592222000	     29509	8000742c	41b0db33	sra	x22,x1,x27	  x1:0xffffffff x27:0xfffffbe6 x22=0xffffffff
      592402000	     29518	80007430	177d	c.addi	x14,-1	 x14:0x00000000 x14=0xffffffff
      592422000	     29519	80007432	41de5613	srai	x12,x28,0x1d	 x28:0x80021e34 x12=0xfffffffc
      592442000	     29520	80007436	98fd	c.andi	x9,-1	  x9:0x00000000  x9=0x00000000
      592482000	     29522	80007438	03bc3533	mulhu	x10,x24,x27	 x24:0x00001000 x27:0xfffffbe6 x10=0x00000fff
      592502000	     29523	8000743c	4c3d	c.li	x24,15	 x24=0x0000000f
      592522000	     29524	8000743e	03a29963	bne	x5,x26,80007470	  x5:0xbcc25e65 x26:0x80000000
      593382000	     29567	80007470	e9340c93	addi	x25,x8,-365	  x8:0x00000000 x25=0xfffffe93
      593402000	     29568	80007474	9876	c.add	x16,x29	 x16:0x00000000 x29:0x00000800 x16=0x00000800
      593582000	     29577	80007476	03f30fb3	mul	x31,x6,x31	  x6:0x00000504 x31:0x80000000 x31=0x00000000
      593602000	     29578	8000747a	00e80d33	add	x26,x16,x14	 x16:0x00000800 x14:0xffffffff x26=0x000007ff
      593622000	     29579	8000747e	0fb74893	xori	x17,x14,251	 x14:0xffffffff x17=0xffffff04
      593642000	     29580	80007482	8691	c.srai	x13,0x4	 x13:0xfffffffe x13=0xffffffff
      593662000	     29581	80007484	8e25	c.xor	x12,x9	 x12:0xfffffffc  x9:0x00000000 x12=0xfffffffc
      593682000	     29582	80007486	8641	c.srai	x12,0x10	 x12:0xfffffffc x12=0xffffffff
      593702000	     29583	80007488	8c6d	c.and	x8,x11	  x8:0x00000000 x11:0x80000000  x8=0x00000000
      593942000	     29595	8000748a	00b49663	bne	x9,x11,80007496	  x9:0x00000000 x11:0x80000000
      594222000	     29609	80007496	0776	c.slli	x14,0x1d	 x14:0xffffffff x14=0xe0000000
      594262000	     29611	80007498	0e14	c.addi4spn	x13,x2,784	 x13=0x00000825
      594282000	     29612	8000749a	8d89	c.sub	x11,x10	 x11:0x80000000 x10:0x00000fff x11=0x7ffff001
      594302000	     29613	8000749c	41035093	srai	x1,x6,0x10	  x6:0x00000504  x1=0x00000000
      594442000	     29620	800074a0	02fdb033	mulhu	x0,x27,x15	 x27:0xfffffbe6 x15:0x80025ce4  x0=0x00000000
      594462000	     29621	800074a4	02ea7063	bgeu	x20,x14,800074c4	 x20:0x00000504 x14:0xe0000000
      594602000	     29628	800074a8	0ff0000f	fence	iorw,iorw	
      594622000	     29629	800074ac	0fb60613	addi	x12,x12,251	 x12:0xffffffff x12=0x000000fa
      594642000	     29630	800074b0	01f1f0b3	and	x1,x3,x31	  x3:0x00000000 x31:0x00000000  x1=0x00000000
      594782000	     29637	800074b4	40d35333	sra	x6,x6,x13	  x6:0x00000504 x13:0x00000825  x6=0x00000028
      595922000	     29694	800074b8	03c25f33	divu	x30,x4,x28	  x4:0xffffffff x28:0x80021e34 x30=0x00000001
      595942000	     29695	800074bc	6c7d	c.lui	x24,0x1f	 x24=0x0001f000
      595982000	     29697	800074be	03479bb3	mulh	x23,x15,x20	 x15:0x80025ce4 x20:0x00000504 x23=0xfffffd7e
      596002000	     29698	800074c2	8646	c.mv	x12,x17	  x0:0x00000000 x17:0xffffff04 x12=0xffffff04
      596122000	     29704	800074c4	cd01	c.beqz	x10,800074dc	 x10:0x00000fff
      596142000	     29705	800074c6	0001	c.addi	x0,0	  x0:0x00000000  x0=0x00000000
      597262000	     29761	800074c8	0324d1b3	divu	x3,x9,x18	  x9:0x00000000 x18:0x00000001  x3=0x00000000
      597282000	     29762	800074cc	14967293	andi	x5,x12,329	 x12:0xffffff04  x5=0x00000100
      597302000	     29763	800074d0	8c31	c.xor	x8,x12	  x8:0x00000000 x12:0xffffff04  x8=0xffffff04
      597342000	     29765	800074d2	031dbdb3	mulhu	x27,x27,x17	 x27:0xfffffbe6 x17:0xffffff04 x27=0xfffffaea
      597362000	     29766	800074d6	8319	c.srli	x14,0x6	 x14:0xe0000000 x14=0x03800000
      597382000	     29767	800074d8	0ff0000f	fence	iorw,iorw	
      597402000	     29768	800074dc	6515	c.lui	x10,0x5	 x10=0x00005000
      597422000	     29769	800074de	8b62	c.mv	x22,x24	  x0:0x00000000 x24:0x0001f000 x22=0x0001f000
      597802000	     29788	800074e0	0001	c.addi	x0,0	  x0:0x00000000  x0=0x00000000
      597822000	     29789	800074e2	33fb0993	addi	x19,x22,831	 x22:0x0001f000 x19=0x0001f33f
      597842000	     29790	800074e6	02c99963	bne	x19,x12,80007518	 x19:0x0001f33f x12:0xffffff04
      598002000	     29798	80007518	547d	c.li	x8,-1	  x8=0xffffffff
      598142000	     29805	8000751a	01549413	slli	x8,x9,0x15	  x9:0x00000000  x8=0x00000000
      598162000	     29806	8000751e	01d82cb3	slt	x25,x16,x29	 x16:0x00000800 x29:0x00000800 x25=0x00000000
      598182000	     29807	80007522	86ed	c.srai	x13,0x1b	 x13:0x00000825 x13=0x00000000
      598202000	     29808	80007524	9446	c.add	x8,x17	  x8:0x00000000 x17:0xffffff04  x8=0xffffff04
      598222000	     29809	80007526	81a9	c.srli	x11,0xa	 x11:0x7ffff001 x11=0x001ffffc
      598242000	     29810	80007528	58f57217	auipc	x4,0x58f57	  x4=0xd8f5e528
      598982000	     29847	8000752c	026e45b3	div	x11,x28,x6	 x28:0x80021e34  x6:0x00000028 x11=0xfcccda5b
      599002000	     29848	80007530	e499	c.bnez	x9,8000753e	  x9:0x00000000
      599042000	     29850	80007532	02e43933	mulhu	x18,x8,x14	  x8:0xffffff04 x14:0x03800000 x18=0x037ffffc
      599062000	     29851	80007536	017d5863	bge	x26,x23,80007546	 x26:0x000007ff x23:0xfffffd7e
      599602000	     29878	80007546	020f41b3	div	x3,x30,x0	 x30:0x00000001  x0:0x00000000  x3=0xffffffff
      599622000	     29879	8000754a	8091	c.srli	x9,0x4	  x9:0x00000000  x9=0x00000000
      599642000	     29880	8000754c	a7f98837	lui	x16,0xa7f98	 x16=0xa7f98000
      600022000	     29899	80007550	717d	c.addi16sp	x2,-16	  x2:0x00000515  x2=0x00000505
      600042000	     29900	80007552	00bb4ab3	xor	x21,x22,x11	 x22:0x0001f000 x11:0xfcccda5b x21=0xfccd2a5b
      600062000	     29901	80007556	8da32f93	slti	x31,x6,-1830	  x6:0x00000028 x31=0x00000000
      600082000	     29902	8000755a	4981	c.li	x19,0	 x19=0x00000000
      600202000	     29908	8000755c	02d63633	mulhu	x12,x12,x13	 x12:0xffffff04 x13:0x00000000 x12=0x00000000
      600342000	     29915	80007560	019d	c.addi	x3,7	  x3:0xffffffff  x3=0x00000006
      600362000	     29916	80007562	8ea5	c.xor	x13,x9	 x13:0x00000000  x9:0x00000000 x13=0x00000000
      600462000	     29921	80007564	4078dcb3	sra	x25,x17,x7	 x17:0xffffff04  x7:0x80000000 x25=0xffffff04
      600662000	     29931	80007568	8d75	c.and	x10,x13	 x10:0x00005000 x13:0x00000000 x10=0x00000000
      601042000	     29950	8000756a	40c68733	sub	x14,x13,x12	 x13:0x00000000 x12:0x00000000 x14=0x00000000
      601062000	     29951	8000756e	0001	c.addi	x0,0	  x0:0x00000000  x0=0x00000000
      601082000	     29952	80007570	e6360c93	addi	x25,x12,-413	 x12:0x00000000 x25=0xfffffe63
      601262000	     29961	80007574	037489b3	mul	x19,x9,x23	  x9:0x00000000 x23:0xfffffd7e x19=0x00000000
      602182000	     30007	80007578	03456833	rem	x16,x10,x20	 x10:0x00000000 x20:0x00000504 x16=0x00000000
      602202000	     30008	8000757c	0000100f	fence.i	
      602682000	     30032	80007580	c71d	c.beqz	x14,800075ae	 x14:0x00000000
      603102000	     30053	800075ae	82e5	c.srli	x13,0x19	 x13:0x00000000 x13=0x00000000
      603262000	     30061	800075b0	0001	c.addi	x0,0	  x0:0x00000000  x0=0x00000000
      603282000	     30062	800075b2	987d	c.andi	x8,-1	  x8:0xffffff04  x8=0xffffff04
      603302000	     30063	800075b4	0ff0000f	fence	iorw,iorw	
      603722000	     30084	800075b8	02081a33	mulh	x20,x16,x0	 x16:0x00000000  x0:0x00000000 x20=0x00000000
      604122000	     30104	800075bc	177d96b7	lui	x13,0x177d9	 x13=0x177d9000
      604262000	     30111	800075c0	0001	c.addi	x0,0	  x0:0x00000000  x0=0x00000000
      604562000	     30126	800075c2	028eb1b3	mulhu	x3,x29,x8	 x29:0x00000800  x8:0xffffff04  x3=0x000007ff
      604602000	     30128	800075c6	03f1c9b3	div	x19,x3,x31	  x3:0x000007ff x31:0x00000000 x19=0xffffffff
      604802000	     30138	800075ca	02c20f63	beq	x4,x12,80007608	  x4:0xd8f5e528 x12:0x00000000
      604822000	     30139	800075ce	03db81b3	mul	x3,x23,x29	 x23:0xfffffd7e x29:0x00000800  x3=0xffebf000
      604842000	     30140	800075d2	8326	c.mv	x6,x9	  x0:0x00000000  x9:0x00000000  x6=0x00000000
      604862000	     30141	800075d4	5e0bb413	sltiu	x8,x23,1504	 x23:0xfffffd7e  x8=0x00000000
      605262000	     30161	800075d8	8405	c.srai	x8,0x1	  x8:0x00000000  x8=0x00000000
      605282000	     30162	800075da	0077e4b3	or	x9,x15,x7	 x15:0x80025ce4  x7:0x80000000  x9=0x80025ce4
      605702000	     30183	800075de	a131cf13	xori	x30,x3,-1517	  x3:0xffebf000 x30=0x00140a13
      605722000	     30184	800075e2	0001	c.addi	x0,0	  x0:0x00000000  x0=0x00000000
      605822000	     30189	800075e4	1bdd8d13	addi	x26,x27,445	 x27:0xfffffaea x26=0xfffffca7
      606042000	     30200	800075e8	8f2d	c.xor	x14,x11	 x14:0x00000000 x11:0xfcccda5b x14=0xfcccda5b
      606282000	     30212	800075ea	d05e6013	ori	x0,x28,-763	 x28:0x80021e34  x0=0x00000000
      606302000	     30213	800075ee	b8622bb7	lui	x23,0xb8622	 x23=0xb8622000
      606322000	     30214	800075f2	01d2b2b3	sltu	x5,x5,x29	  x5:0x00000100 x29:0x00000800  x5=0x00000001
      606342000	     30215	800075f6	005dd363	bge	x27,x5,800075fc	 x27:0xfffffaea  x5:0x00000001
      606362000	     30216	800075fa	8e15	c.sub	x12,x13	 x12:0x00000000 x13:0x177d9000 x12=0xe8827000
      606422000	     30219	800075fc	03e32db3	mulhsu	x27,x6,x30	  x6:0x00000000 x30:0x00140a13 x27=0x00000000
      606462000	     30221	80007600	02733533	mulhu	x10,x6,x7	  x6:0x00000000  x7:0x80000000 x10=0x00000000
      606642000	     30230	80007604	03ddaeb3	mulhsu	x29,x27,x29	 x27:0x00000000 x29:0x00000800 x29=0x00000000
      606662000	     30231	80007608	419c8133	sub	x2,x25,x25	 x25:0xfffffe63 x25:0xfffffe63  x2=0x00000000
      607022000	     30249	8000760c	1710	c.addi4spn	x12,x2,928	 x12=0x000003a0
      607042000	     30250	8000760e	8109	c.srli	x10,0x2	 x10:0x00000000 x10=0x00000000
      607342000	     30265	80007610	01a432b3	sltu	x5,x8,x26	  x8:0x00000000 x26:0xfffffca7  x5=0x00000001
      607522000	     30274	80007614	8d0d	c.sub	x10,x11	 x10:0x00000000 x11:0xfcccda5b x10=0x033325a5
      607962000	     30296	80007616	03eb1cb3	mulh	x25,x22,x30	 x22:0x0001f000 x30:0x00140a13 x25=0x00000026
      608702000	     30333	8000761a	03ef6633	rem	x12,x30,x30	 x30:0x00140a13 x30:0x00140a13 x12=0x00000000
      608742000	     30335	8000761e	02c82eb3	mulhsu	x29,x16,x12	 x16:0x00000000 x12:0x00000000 x29=0x00000000
      608762000	     30336	80007622	00fd2ab3	slt	x21,x26,x15	 x26:0xfffffca7 x15:0x80025ce4 x21=0x00000000
      608782000	     30337	80007626	cb8508b7	lui	x17,0xcb850	 x17=0xcb850000
      608802000	     30338	8000762a	8d49	c.or	x10,x10	 x10:0x033325a5 x10:0x033325a5 x10=0x033325a5
      608822000	     30339	8000762c	1f0c	c.addi4spn	x11,x2,944	 x11=0x000003b0
      608842000	     30340	8000762e	8c88a0b7	lui	x1,0x8c88a	  x1=0x8c88a000
      608862000	     30341	80007632	41a380b3	sub	x1,x7,x26	  x7:0x80000000 x26:0xfffffca7  x1=0x80000359
      608942000	     30345	80007636	02e15463	bge	x2,x14,8000765e	  x2:0x00000000 x14:0xfcccda5b
      629902000	     31393	8000765e	ecfea613	slti	x12,x29,-305	 x29:0x00000000 x12=0x00000000
      629922000	     31394	80007662	5a7d	c.li	x20,-1	 x20=0xffffffff
      629942000	     31395	80007664	018a9493	slli	x9,x21,0x18	 x21:0x00000000  x9=0x00000000
      630262000	     31411	80007668	01bfe8b3	or	x17,x31,x27	 x31:0x00000000 x27:0x00000000 x17=0x00000000
      630582000	     31427	8000766c	00a81cb3	sll	x25,x16,x10	 x16:0x00000000 x10:0x033325a5 x25=0x00000000
      630602000	     31428	80007670	8f7d	c.and	x14,x15	 x14:0xfcccda5b x15:0x80025ce4 x14=0x80005840
      630622000	     31429	80007672	02558f33	mul	x30,x11,x5	 x11:0x000003b0  x5:0x00000001 x30=0x000003b0
      630642000	     31430	80007676	00a216b3	sll	x13,x4,x10	  x4:0xd8f5e528 x10:0x033325a5 x13=0x1ebca500
      630822000	     31439	8000767a	c2806b93	ori	x23,x0,-984	  x0:0x00000000 x23=0xfffffc28
      630842000	     31440	8000767e	02f97b63	bgeu	x18,x15,800076b4	 x18:0x037ffffc x15:0x80025ce4
      630862000	     31441	80007682	ec952317	auipc	x6,0xec952	  x6=0x6c959682
      631042000	     31450	80007686	f6bfe4b7	lui	x9,0xf6bfe	  x9=0xf6bfe000
      631102000	     31453	8000768a	40858733	sub	x14,x11,x8	 x11:0x000003b0  x8:0x00000000 x14=0x000003b0
      631122000	     31454	8000768e	41d9d8b3	sra	x17,x19,x29	 x19:0xffffffff x29:0x00000000 x17=0xffffffff
      632262000	     31511	80007692	02a3d333	divu	x6,x7,x10	  x7:0x80000000 x10:0x033325a5  x6=0x00000028
      632302000	     31513	80007696	039b4733	div	x14,x22,x25	 x22:0x0001f000 x25:0x00000000 x14=0xffffffff
      632322000	     31514	8000769a	b1172b93	slti	x23,x14,-1263	 x14:0xffffffff x23=0x00000000
      632342000	     31515	8000769e	017b0033	add	x0,x22,x23	 x22:0x0001f000 x23:0x00000000  x0=0x00000000
      632362000	     31516	800076a2	391c3713	sltiu	x14,x24,913	 x24:0x0001f000 x14=0x00000000
      632382000	     31517	800076a6	8765	c.srai	x14,0x19	 x14:0x00000000 x14=0x00000000
      632402000	     31518	800076a8	03250863	beq	x10,x18,800076d8	 x10:0x033325a5 x18:0x037ffffc
      632422000	     31519	800076ac	04b11163	bne	x2,x11,800076ee	  x2:0x00000000 x11:0x000003b0
      632842000	     31540	800076ee	e505	c.bnez	x10,80007716	 x10:0x033325a5
      633722000	     31584	80007716	b34298b7	lui	x17,0xb3429	 x17=0xb3429000
      633922000	     31594	8000771a	0362bcb3	mulhu	x25,x5,x22	  x5:0x00000001 x22:0x0001f000 x25=0x00000000
      634342000	     31615	8000771e	02c669b3	rem	x19,x12,x12	 x12:0x00000000 x12:0x00000000 x19=0x00000000
      634362000	     31616	80007722	40940333	sub	x6,x8,x9	  x8:0x00000000  x9:0xf6bfe000  x6=0x09402000
      634382000	     31617	80007726	098e	c.slli	x19,0x3	 x19:0x00000000 x19=0x00000000
      634402000	     31618	80007728	1dff8193	addi	x3,x31,479	 x31:0x00000000  x3=0x000001df
      634522000	     31624	8000772c	03e1f463	bgeu	x3,x30,80007754	  x3:0x000001df x30:0x000003b0
      634762000	     31636	80007730	02a7d463	bge	x15,x10,80007758	 x15:0x80025ce4 x10:0x033325a5
      634782000	     31637	80007734	ea0d	c.bnez	x12,80007766	 x12:0x00000000
      634802000	     31638	80007736	0e8c	c.addi4spn	x11,x2,848	 x11=0x00000350
      634942000	     31645	80007738	010c	c.addi4spn	x11,x2,128	 x11=0x00000080
      635122000	     31654	8000773a	035f1eb3	mulh	x29,x30,x21	 x30:0x000003b0 x21:0x00000000 x29=0x00000000
      635142000	     31655	8000773e	03b5c863	blt	x11,x27,8000776e	 x11:0x00000080 x27:0x00000000
      635162000	     31656	80007742	950a	c.add	x10,x2	 x10:0x033325a5  x2:0x00000000 x10=0x033325a5
      635182000	     31657	80007744	002886b3	add	x13,x17,x2	 x17:0xb3429000  x2:0x00000000 x13=0xb3429000
      635422000	     31669	80007748	6c3d	c.lui	x24,0xf	 x24=0x0000f000
      635442000	     31670	8000774a	40cddbb3	sra	x23,x27,x12	 x27:0x00000000 x12:0x00000000 x23=0x00000000
      635682000	     31682	8000774e	03dd9d63	bne	x27,x29,80007788	 x27:0x00000000 x29:0x00000000
      635702000	     31683	80007752	8d61	c.and	x10,x8	 x10:0x033325a5  x8:0x00000000 x10=0x00000000
      635722000	     31684	80007754	0ff0000f	fence	iorw,iorw	
      635742000	     31685	80007758	01d16633	or	x12,x2,x29	  x2:0x00000000 x29:0x00000000 x12=0x00000000
      635762000	     31686	8000775c	01509533	sll	x10,x1,x21	  x1:0x80000359 x21:0x00000000 x10=0x80000359
      635842000	     31690	80007760	00c87f33	and	x30,x16,x12	 x16:0x00000000 x12:0x00000000 x30=0x00000000
      635862000	     31691	80007764	1798	c.addi4spn	x14,x2,992	 x14=0x000003e0
      635882000	     31692	80007766	005e9763	bne	x29,x5,80007774	 x29:0x00000000  x5:0x00000001
      636762000	     31736	80007774	0008c5b3	xor	x11,x17,x0	 x17:0xb3429000  x0:0x00000000 x11=0xb3429000
      636802000	     31738	80007778	8155	c.srli	x10,0x15	 x10:0x80000359 x10=0x00000400
      637542000	     31775	8000777a	02334bb3	div	x23,x6,x3	  x6:0x09402000  x3:0x000001df x23=0x0004f1a3
      637562000	     31776	8000777e	8571	c.srai	x10,0x1c	 x10:0x00000400 x10=0x00000000
      637582000	     31777	80007780	0001	c.addi	x0,0	  x0:0x00000000  x0=0x00000000
      637602000	     31778	80007782	d4833b13	sltiu	x22,x6,-696	  x6:0x09402000 x22=0x00000001
      637622000	     31779	80007786	9996	c.add	x19,x5	 x19:0x00000000  x5:0x00000001 x19=0x00000001
      637642000	     31780	80007788	0eea	c.slli	x29,0x1a	 x29:0x00000000 x29=0x00000000
      637662000	     31781	8000778a	8ca1	c.xor	x9,x8	  x9:0xf6bfe000  x8:0x00000000  x9=0xf6bfe000
      637682000	     31782	8000778c	8625	c.srai	x12,0x9	 x12:0x00000000 x12=0x00000000
      637702000	     31783	8000778e	8d71	c.and	x10,x12	 x10:0x00000000 x12:0x00000000 x10=0x00000000
      637722000	     31784	80007790	39a07513	andi	x10,x0,922	  x0:0x00000000 x10=0x00000000
      637742000	     31785	80007794	c691	c.beqz	x13,800077a0	 x13:0xb3429000
      637862000	     31791	80007796	5fd42a13	slti	x20,x8,1533	  x8:0x00000000 x20=0x00000001
      637882000	     31792	8000779a	167d	c.addi	x12,-1	 x12:0x00000000 x12=0xffffffff
      637962000	     31796	8000779c	01b56c33	or	x24,x10,x27	 x10:0x00000000 x27:0x00000000 x24=0x00000000
      637982000	     31797	800077a0	88c9	c.andi	x9,18	  x9:0xf6bfe000  x9=0x00000000
      638002000	     31798	800077a2	8db5	c.xor	x11,x13	 x11:0xb3429000 x13:0xb3429000 x11=0x00000000
      638022000	     31799	800077a4	400cd593	srai	x11,x25,0x0	 x25:0x00000000 x11=0x00000000
      638042000	     31800	800077a8	011901b3	add	x3,x18,x17	 x18:0x037ffffc x17:0xb3429000  x3=0xb6c28ffc
      638102000	     31803	800077ac	717d	c.addi16sp	x2,-16	  x2:0x00000000  x2=0xfffffff0
      638522000	     31824	800077ae	00007033	and	x0,x0,x0	  x0:0x00000000  x0:0x00000000  x0=0x00000000
      638542000	     31825	800077b2	0741	c.addi	x14,16	 x14:0x000003e0 x14=0x000003f0
      638662000	     31831	800077b4	02103933	mulhu	x18,x0,x1	  x0:0x00000000  x1:0x80000359 x18=0x00000000
      638822000	     31839	800077b8	6119	c.addi16sp	x2,384	  x2:0xfffffff0  x2=0x00000170
      638882000	     31842	800077ba	006f3c33	sltu	x24,x30,x6	 x30:0x00000000  x6:0x09402000 x24=0x00000001
      638902000	     31843	800077be	0001	c.addi	x0,0	  x0:0x00000000  x0=0x00000000
      638922000	     31844	800077c0	0aaa	c.slli	x21,0xa	 x21:0x00000000 x21=0x00000000
      639702000	     31883	800077c2	02e5f0b3	remu	x1,x11,x14	 x11:0x00000000 x14:0x000003f0  x1=0x00000000
      639742000	     31885	800077c6	0256a133	mulhsu	x2,x13,x5	 x13:0xb3429000  x5:0x00000001  x2=0xffffffff
      639762000	     31886	800077ca	00bcc9b3	xor	x19,x25,x11	 x25:0x00000000 x11:0x00000000 x19=0x00000000
      639782000	     31887	800077ce	8661	c.srai	x12,0x18	 x12:0xffffffff x12=0xffffffff
      639802000	     31888	800077d0	00c41263	bne	x8,x12,800077d4	  x8:0x00000000 x12:0xffffffff
      639842000	     31890	800077d4	8e89	c.sub	x13,x10	 x13:0xb3429000 x10:0x00000000 x13=0xb3429000
      639882000	     31892	800077d6	02fd2033	mulhsu	x0,x26,x15	 x26:0xfffffca7 x15:0x80025ce4  x0=0x00000000
      639922000	     31894	800077da	03d4fb33	remu	x22,x9,x29	  x9:0x00000000 x29:0x00000000 x22=0x00000000
      639942000	     31895	800077de	02ea	c.slli	x5,0x1a	  x5:0x00000001  x5=0x04000000
      640402000	     31918	800077e0	84b9	c.srai	x9,0xe	  x9:0x00000000  x9=0x00000000
      640482000	     31922	800077e2	02b088b3	mul	x17,x1,x11	  x1:0x00000000 x11:0x00000000 x17=0x00000000
      640502000	     31923	800077e6	a23b6317	auipc	x6,0xa23b6	  x6=0x223bd7e6
      640522000	     31924	800077ea	885e	c.mv	x16,x23	  x0:0x00000000 x23:0x0004f1a3 x16=0x0004f1a3
      640602000	     31928	800077ec	0000100f	fence.i	
      641022000	     31949	800077f0	0ff0000f	fence	iorw,iorw	
      641042000	     31950	800077f4	6115	c.addi16sp	x2,288	  x2:0xffffffff  x2=0x0000011f
      641062000	     31951	800077f6	695b10b7	lui	x1,0x695b1	  x1=0x695b1000
      641442000	     31970	800077fa	25c77093	andi	x1,x14,604	 x14:0x000003f0  x1=0x00000250
      641462000	     31971	800077fe	0001	c.addi	x0,0	  x0:0x00000000  x0=0x00000000
      641482000	     31972	80007800	51e1e093	ori	x1,x3,1310	  x3:0xb6c28ffc  x1=0xb6c28ffe
      641502000	     31973	80007804	00cfbcb3	sltu	x25,x31,x12	 x31:0x00000000 x12:0xffffffff x25=0x00000001
      641522000	     31974	80007808	026d9d63	bne	x27,x6,80007842	 x27:0x00000000  x6:0x223bd7e6
      641842000	     31990	80007842	004894b3	sll	x9,x17,x4	 x17:0x00000000  x4:0xd8f5e528  x9=0x00000000
      641882000	     31992	80007846	03e95533	divu	x10,x18,x30	 x18:0x00000000 x30:0x00000000 x10=0xffffffff
      641902000	     31993	8000784a	1ffd	c.addi	x31,-1	 x31:0x00000000 x31=0xffffffff
      642222000	     32009	8000784c	c009	c.beqz	x8,8000784e	  x8:0x00000000
      643942000	     32095	8000784e	0121df93	srli	x31,x3,0x12	  x3:0xb6c28ffc x31=0x00002db0
      644142000	     32105	80007852	03ed78b3	remu	x17,x26,x30	 x26:0xfffffca7 x30:0x00000000 x17=0xfffffca7
      644162000	     32106	80007856	002e5113	srli	x2,x28,0x2	 x28:0x80021e34  x2=0x2000878d
      644182000	     32107	8000785a	c719	c.beqz	x14,80007868	 x14:0x000003f0
      644202000	     32108	8000785c	717d	c.addi16sp	x2,-16	  x2:0x2000878d  x2=0x2000877d
      644242000	     32110	8000785e	02e13eb3	mulhu	x29,x2,x14	  x2:0x2000877d x14:0x000003f0 x29=0x0000007e
      644262000	     32111	80007862	e409	c.bnez	x8,8000786c	  x8:0x00000000
      644282000	     32112	80007864	01efebb3	or	x23,x31,x30	 x31:0x00002db0 x30:0x00000000 x23=0x00002db0
      644622000	     32129	80007868	90f18693	addi	x13,x3,-1777	  x3:0xb6c28ffc x13=0xb6c2890b
      644642000	     32130	8000786c	01518633	add	x12,x3,x21	  x3:0xb6c28ffc x21:0x00000000 x12=0xb6c28ffc
      644662000	     32131	80007870	016db9b3	sltu	x19,x27,x22	 x27:0x00000000 x22:0x00000000 x19=0x00000000
      644822000	     32139	80007874	899d	c.andi	x11,7	 x11:0x00000000 x11=0x00000000
      644842000	     32140	80007876	01ad1863	bne	x26,x26,80007886	 x26:0xfffffca7 x26:0xfffffca7
      644862000	     32141	8000787a	c0b10cb7	lui	x25,0xc0b10	 x25=0xc0b10000
      645282000	     32162	8000787e	6a59ba13	sltiu	x20,x19,1701	 x19:0x00000000 x20=0x00000001
      645702000	     32183	80007882	00d60733	add	x14,x12,x13	 x12:0xb6c28ffc x13:0xb6c2890b x14=0x6d851907
      645722000	     32184	80007886	8951	c.andi	x10,20	 x10:0xffffffff x10=0x00000014
      645762000	     32186	80007888	0d8c	c.addi4spn	x11,x2,720	 x11=0x20008a4d
      645782000	     32187	8000788a	41da85b3	sub	x11,x21,x29	 x21:0x00000000 x29:0x0000007e x11=0xffffff82
      645802000	     32188	8000788e	0138f133	and	x2,x17,x19	 x17:0xfffffca7 x19:0x00000000  x2=0x00000000
      646222000	     32209	80007892	1b51c313	xori	x6,x3,437	  x3:0xb6c28ffc  x6=0xb6c28e49
      646242000	     32210	80007896	0000100f	fence.i	
      646902000	     32243	8000789a	02b71a33	mulh	x20,x14,x11	 x14:0x6d851907 x11:0xffffff82 x20=0xffffffca
      646922000	     32244	8000789e	017f66b3	or	x13,x30,x23	 x30:0x00000000 x23:0x00002db0 x13=0x00002db0
      646942000	     32245	800078a2	0708	c.addi4spn	x10,x2,896	 x10=0x00000380
      647102000	     32253	800078a4	01c25963	bge	x4,x28,800078b6	  x4:0xd8f5e528 x28:0x80021e34
      647942000	     32295	800078b6	033db2b3	mulhu	x5,x27,x19	 x27:0x00000000 x19:0x00000000  x5=0x00000000
      647962000	     32296	800078ba	717d	c.addi16sp	x2,-16	  x2:0x00000000  x2=0xfffffff0
      647982000	     32297	800078bc	f794f4b7	lui	x9,0xf794f	  x9=0xf794f000
      648122000	     32304	800078c0	969a	c.add	x13,x6	 x13:0x00002db0  x6:0xb6c28e49 x13=0xb6c2bbf9
      648142000	     32305	800078c2	56fd	c.li	x13,-1	 x13=0xffffffff
      648162000	     32306	800078c4	8c41	c.or	x8,x8	  x8:0x00000000  x8:0x00000000  x8=0x00000000
      648182000	     32307	800078c6	0001	c.addi	x0,0	  x0:0x00000000  x0=0x00000000
      648202000	     32308	800078c8	01116663	bltu	x2,x17,800078d4	  x2:0xfffffff0 x17:0xfffffca7
      648262000	     32311	800078cc	0ff0000f	fence	iorw,iorw	
      648422000	     32319	800078d0	00b15a33	srl	x20,x2,x11	  x2:0xfffffff0 x11:0xffffff82 x20=0x3ffffffc
      648562000	     32326	800078d4	65e1	c.lui	x11,0x18	 x11=0x00018000
      648582000	     32327	800078d6	eb170993	addi	x19,x14,-335	 x14:0x6d851907 x19=0x6d8517b8
      648722000	     32334	800078da	4008d6b3	sra	x13,x17,x0	 x17:0xfffffca7  x0:0x00000000 x13=0xfffffca7
      648742000	     32335	800078de	00a6	c.slli	x1,0x9	  x1:0xb6c28ffe  x1=0x851ffc00
      648802000	     32338	800078e0	00ec1e63	bne	x24,x14,800078fc	 x24:0x00000001 x14:0x6d851907
      649422000	     32369	800078fc	01c4cd63	blt	x9,x28,80007916	  x9:0xf794f000 x28:0x80021e34
      649442000	     32370	80007900	01d6abb3	slt	x23,x13,x29	 x13:0xfffffca7 x29:0x0000007e x23=0x00000001
      649562000	     32376	80007904	8cd1	c.or	x9,x12	  x9:0xf794f000 x12:0xb6c28ffc  x9=0xf7d6fffc
      649582000	     32377	80007906	e199	c.bnez	x11,8000790c	 x11:0x00018000
      650502000	     32423	8000790c	8641	c.srai	x12,0x10	 x12:0xb6c28ffc x12=0xffffb6c2
      650522000	     32424	8000790e	01a35293	srli	x5,x6,0x1a	  x6:0xb6c28e49  x5=0x0000002d
      650702000	     32433	80007912	c4ae4893	xori	x17,x28,-950	 x28:0x80021e34 x17=0x7ffde27e
      651082000	     32452	80007916	40ff0633	sub	x12,x30,x15	 x30:0x00000000 x15:0x80025ce4 x12=0x7ffda31c
      651202000	     32458	8000791a	409ddd33	sra	x26,x27,x9	 x27:0x00000000  x9:0xf7d6fffc x26=0x00000000
      651242000	     32460	8000791e	03521933	mulh	x18,x4,x21	  x4:0xd8f5e528 x21:0x00000000 x18=0x00000000
      651382000	     32467	80007922	010c1863	bne	x24,x16,80007932	 x24:0x00000001 x16:0x0004f1a3
      652502000	     32523	80007932	02f670b3	remu	x1,x12,x15	 x12:0x7ffda31c x15:0x80025ce4  x1=0x7ffda31c
      652522000	     32524	80007936	01c61813	slli	x16,x12,0x1c	 x12:0x7ffda31c x16=0xc0000000
      652542000	     32525	8000793a	01d6f763	bgeu	x13,x29,80007948	 x13:0xfffffca7 x29:0x0000007e
      652902000	     32543	80007948	6159	c.addi16sp	x2,400	  x2:0xfffffff0  x2=0x00000180
      653042000	     32550	8000794a	020a18b3	mulh	x17,x20,x0	 x20:0x3ffffffc  x0:0x00000000 x17=0x00000000
      653062000	     32551	8000794e	0001	c.addi	x0,0	  x0:0x00000000  x0=0x00000000
      653082000	     32552	80007950	8b1d	c.andi	x14,7	 x14:0x6d851907 x14=0x00000007
      653102000	     32553	80007952	406ed693	srai	x13,x29,0x6	 x29:0x0000007e x13=0x00000001
      653122000	     32554	80007956	0001	c.addi	x0,0	  x0:0x00000000  x0=0x00000000
      653202000	     32558	80007958	8c41	c.or	x8,x8	  x8:0x00000000  x8:0x00000000  x8=0x00000000
      653942000	     32595	8000795a	02525933	divu	x18,x4,x5	  x4:0xd8f5e528  x5:0x0000002d x18=0x04d243ab
      653962000	     32596	8000795e	c589	c.beqz	x11,80007968	 x11:0x00018000
      653982000	     32597	80007960	02c19a63	bne	x3,x12,80007994	  x3:0xb6c28ffc x12:0x7ffda31c
      654262000	     32611	80007994	c97aa293	slti	x5,x21,-873	 x21:0x00000000  x5=0x00000000
      654302000	     32613	80007998	01b9fa33	and	x20,x19,x27	 x19:0x6d8517b8 x27:0x00000000 x20=0x00000000
      654722000	     32634	8000799c	41605b13	srai	x22,x0,0x16	  x0:0x00000000 x22=0x00000000
      654742000	     32635	800079a0	0f84	c.addi4spn	x9,x2,976	  x9=0x00000550
      654762000	     32636	800079a2	8dee	c.mv	x27,x27	  x0:0x00000000 x27:0x00000000 x27=0x00000000
      654782000	     32637	800079a4	0135e963	bltu	x11,x19,800079b6	 x11:0x00018000 x19:0x6d8517b8
      655342000	     32665	800079b6	8a69	c.andi	x12,26	 x12:0x7ffda31c x12=0x00000018
      656102000	     32703	800079b8	03dde733	rem	x14,x27,x29	 x27:0x00000000 x29:0x0000007e x14=0x00000000
      656142000	     32705	800079bc	028792b3	mulh	x5,x15,x8	 x15:0x80025ce4  x8:0x00000000  x5=0x00000000
      656162000	     32706	800079c0	d50fbf13	sltiu	x30,x31,-688	 x31:0x00002db0 x30=0x00000001
      656182000	     32707	800079c4	02915863	bge	x2,x9,800079f4	  x2:0x00000180  x9:0x00000550
      656202000	     32708	800079c8	00c4df63	bge	x9,x12,800079e6	  x9:0x00000550 x12:0x00000018
      657702000	     32783	800079e6	02c5c5b3	div	x11,x11,x12	 x11:0x00018000 x12:0x00000018 x11=0x00001000
      665922000	     33194	800079ea	00045c33	srl	x24,x8,x0	  x8:0x00000000  x0:0x00000000 x24=0x00000000
      665942000	     33195	800079ee	e7eae493	ori	x9,x21,-386	 x21:0x00000000  x9=0xfffffe7e
      665962000	     33196	800079f2	0f79	c.addi	x30,30	 x30:0x00000001 x30=0x0000001f
      666002000	     33198	800079f4	02eda9b3	mulhsu	x19,x27,x14	 x27:0x00000000 x14:0x00000000 x19=0x00000000
      666022000	     33199	800079f8	0076d833	srl	x16,x13,x7	 x13:0x00000001  x7:0x80000000 x16=0x00000001
      666042000	     33200	800079fc	ae17f593	andi	x11,x15,-1311	 x15:0x80025ce4 x11=0x800258e0
      666062000	     33201	80007a00	e705	c.bnez	x14,80007a28	 x14:0x00000000
      666082000	     33202	80007a02	40175733	sra	x14,x14,x1	 x14:0x00000000  x1:0x7ffda31c x14=0x00000000
      666262000	     33211	80007a06	030baa33	mulhsu	x20,x23,x16	 x23:0x00000001 x16:0x00000001 x20=0x00000000
      666282000	     33212	80007a0a	03a07763	bgeu	x0,x26,80007a38	  x0:0x00000000 x26:0x00000000
      666862000	     33241	80007a38	41e4d8b3	sra	x17,x9,x30	  x9:0xfffffe7e x30:0x0000001f x17=0xffffffff
      667282000	     33262	80007a3c	00623833	sltu	x16,x4,x6	  x4:0xd8f5e528  x6:0xb6c28e49 x16=0x00000000
      667702000	     33283	80007a40	171f3213	sltiu	x4,x30,369	 x30:0x0000001f  x4=0x00000001
      667722000	     33284	80007a44	00c47c33	and	x24,x8,x12	  x8:0x00000000 x12:0x00000018 x24=0x00000000
      668022000	     33299	80007a48	c715	c.beqz	x14,80007a74	 x14:0x00000000
      669502000	     33373	80007a74	416ed5b3	sra	x11,x29,x22	 x29:0x0000007e x22:0x00000000 x11=0x0000007e
      669942000	     33395	80007a78	01dfd233	srl	x4,x31,x29	 x31:0x00002db0 x29:0x0000007e  x4=0x00000000
      670142000	     33405	80007a7c	964a	c.add	x12,x18	 x12:0x00000018 x18:0x04d243ab x12=0x04d243c3
      670562000	     33426	80007a7e	91a74b93	xori	x23,x14,-1766	 x14:0x00000000 x23=0xfffff91a
      670622000	     33429	80007a82	33be7813	andi	x16,x28,827	 x28:0x80021e34 x16=0x00000230
      670662000	     33431	80007a86	02efb4b3	mulhu	x9,x31,x14	 x31:0x00002db0 x14:0x00000000  x9=0x00000000
      670722000	     33434	80007a8a	00c11e63	bne	x2,x12,80007aa6	  x2:0x00000180 x12:0x04d243c3
      671082000	     33452	80007aa6	82e1	c.srli	x13,0x18	 x13:0x00000001 x13=0x00000000
      671122000	     33454	80007aa8	0985	c.addi	x19,1	 x19:0x00000000 x19=0x00000001
      671142000	     33455	80007aaa	00417a63	bgeu	x2,x4,80007abe	  x2:0x00000180  x4:0x00000000
      671602000	     33478	80007abe	9f16	c.add	x30,x5	 x30:0x0000001f  x5:0x00000000 x30=0x0000001f
      671702000	     33483	80007ac0	03ad7733	remu	x14,x26,x26	 x26:0x00000000 x26:0x00000000 x14=0x00000000
      671722000	     33484	80007ac4	0001	c.addi	x0,0	  x0:0x00000000  x0=0x00000000
      671742000	     33485	80007ac6	00ed4cb3	xor	x25,x26,x14	 x26:0x00000000 x14:0x00000000 x25=0x00000000
      671762000	     33486	80007aca	8c3d	c.xor	x8,x15	  x8:0x00000000 x15:0x80025ce4  x8=0x80025ce4
      671862000	     33491	80007acc	85ad	c.srai	x11,0xb	 x11:0x0000007e x11=0x00000000
      671982000	     33497	80007ace	9ad22b13	slti	x22,x4,-1619	  x4:0x00000000 x22=0x00000000
      672002000	     33498	80007ad2	8db1	c.xor	x11,x12	 x11:0x00000000 x12:0x04d243c3 x11=0x04d243c3
      672022000	     33499	80007ad4	e18d	c.bnez	x11,80007af6	 x11:0x04d243c3
      672642000	     33530	80007af6	0000100f	fence.i	
      673602000	     33578	80007afa	8c85	c.sub	x9,x9	  x9:0x00000000  x9:0x00000000  x9=0x00000000
      673622000	     33579	80007afc	eba53813	sltiu	x16,x10,-326	 x10:0x00000380 x16=0x00000001
      673642000	     33580	80007b00	01d24633	xor	x12,x4,x29	  x4:0x00000000 x29:0x0000007e x12=0x0000007e
      673842000	     33590	80007b04	026724b3	mulhsu	x9,x14,x6	 x14:0x00000000  x6:0xb6c28e49  x9=0x00000000
      673882000	     33592	80007b08	02dbfc33	remu	x24,x23,x13	 x23:0xfffff91a x13:0x00000000 x24=0xfffff91a
      674262000	     33611	80007b0c	006639b3	sltu	x19,x12,x6	 x12:0x0000007e  x6:0xb6c28e49 x19=0x00000001
      674282000	     33612	80007b10	0001	c.addi	x0,0	  x0:0x00000000  x0=0x00000000
      674302000	     33613	80007b12	6fcd	c.lui	x31,0x13	 x31=0x00013000
      674322000	     33614	80007b14	01946cb3	or	x25,x8,x25	  x8:0x80025ce4 x25:0x00000000 x25=0x80025ce4
      674342000	     33615	80007b18	0bca	c.slli	x23,0x12	 x23:0xfffff91a x23=0xe4680000
      674362000	     33616	80007b1a	0ff0000f	fence	iorw,iorw	
      674442000	     33620	80007b1e	0000100f	fence.i	
      675482000	     33672	80007b22	8c55	c.or	x8,x13	  x8:0x80025ce4 x13:0x00000000  x8=0x80025ce4
      675542000	     33675	80007b24	0c5df297	auipc	x5,0xc5df	  x5=0x8c5e6b24
      676282000	     33712	80007b28	03e7efb3	rem	x31,x15,x30	 x15:0x80025ce4 x30:0x0000001f x31=0xffffffe6
      676302000	     33713	80007b2c	1d14	c.addi4spn	x13,x2,688	 x13=0x00000430
      676322000	     33714	80007b2e	02b88c33	mul	x24,x17,x11	 x17:0xffffffff x11:0x04d243c3 x24=0xfb2dbc3d
      676342000	     33715	80007b32	9ed2	c.add	x29,x20	 x29:0x0000007e x20:0x00000000 x29=0x0000007e
      676362000	     33716	80007b34	0001	c.addi	x0,0	  x0:0x00000000  x0=0x00000000
      676382000	     33717	80007b36	426c0a93	addi	x21,x24,1062	 x24:0xfb2dbc3d x21=0xfb2dc063
      676402000	     33718	80007b3a	0001	c.addi	x0,0	  x0:0x00000000  x0=0x00000000
      676422000	     33719	80007b3c	022a0a33	mul	x20,x20,x2	 x20:0x00000000  x2:0x00000180 x20=0x00000000
      676742000	     33735	80007b40	d2b40717	auipc	x14,0xd2b40	 x14=0x52b47b40
      677162000	     33756	80007b44	2fbf4b13	xori	x22,x30,763	 x30:0x0000001f x22=0x000002e4
      677262000	     33761	80007b48	00014863	blt	x2,x0,80007b58	  x2:0x00000180  x0:0x00000000
      677362000	     33766	80007b4c	68d945b7	lui	x11,0x68d94	 x11=0x68d94000
      677382000	     33767	80007b50	40e85213	srai	x4,x16,0xe	 x16:0x00000001  x4=0x00000000
      677402000	     33768	80007b54	8c89	c.sub	x9,x10	  x9:0x00000000 x10:0x00000380  x9=0xfffffc80
      677422000	     33769	80007b56	89ca	c.mv	x19,x18	  x0:0x00000000 x18:0x04d243ab x19=0x04d243ab
      677442000	     33770	80007b58	4095d713	srai	x14,x11,0x9	 x11:0x68d94000 x14=0x00346ca0
      677462000	     33771	80007b5c	008ecfb3	xor	x31,x29,x8	 x29:0x0000007e  x8:0x80025ce4 x31=0x80025c9a
      677482000	     33772	80007b60	00141933	sll	x18,x8,x1	  x8:0x80025ce4  x1:0x7ffda31c x18=0x40000000
      677502000	     33773	80007b64	00ed1263	bne	x26,x14,80007b68	 x26:0x00000000 x14:0x00346ca0
      677762000	     33786	80007b68	02452333	mulhsu	x6,x10,x4	 x10:0x00000380  x4:0x00000000  x6=0x00000000
      677782000	     33787	80007b6c	227a90b7	lui	x1,0x227a9	  x1=0x227a9000
      677802000	     33788	80007b70	01121263	bne	x4,x17,80007b74	  x4:0x00000000 x17:0xffffffff
      678102000	     33803	80007b74	0a0a	c.slli	x20,0x2	 x20:0x00000000 x20=0x00000000
      678122000	     33804	80007b76	0000100f	fence.i	
      678582000	     33827	80007b7a	8435	c.srai	x8,0xd	  x8:0x80025ce4  x8=0xfffc0012
      678782000	     33837	80007b7c	997d	c.andi	x10,-1	 x10:0x00000380 x10=0x00000380
      678802000	     33838	80007b7e	e411	c.bnez	x8,80007b8a	  x8:0xfffc0012
      678882000	     33842	80007b8a	8ef1	c.and	x13,x12	 x13:0x00000430 x12:0x0000007e x13=0x00000030
      679062000	     33851	80007b8c	01b81e93	slli	x29,x16,0x1b	 x16:0x00000001 x29=0x08000000
      679082000	     33852	80007b90	8cf5	c.and	x9,x13	  x9:0xfffffc80 x13:0x00000030  x9=0x00000000
      679102000	     33853	80007b92	0000100f	fence.i	
      680042000	     33900	80007b96	0000100f	fence.i	
      681202000	     33958	80007b9a	006f0bb3	add	x23,x30,x6	 x30:0x0000001f  x6:0x00000000 x23=0x0000001f
      681222000	     33959	80007b9e	00249013	slli	x0,x9,0x2	  x9:0x00000000  x0=0x00000000
      681242000	     33960	80007ba2	cf19	c.beqz	x14,80007bc0	 x14:0x00346ca0
      681262000	     33961	80007ba4	7c6c4e93	xori	x29,x24,1990	 x24:0xfb2dbc3d x29=0xfb2dbbfb
      681282000	     33962	80007ba8	01b95a93	srli	x21,x18,0x1b	 x18:0x40000000 x21=0x00000008
      681422000	     33969	80007bac	8809	c.andi	x8,2	  x8:0xfffc0012  x8=0x00000002
      681562000	     33976	80007bae	aaec6493	ori	x9,x24,-1362	 x24:0xfb2dbc3d  x9=0xfffffebf
      681582000	     33977	80007bb2	8435	c.srai	x8,0xd	  x8:0x00000002  x8=0x00000000
      681982000	     33997	80007bb4	418fd333	sra	x6,x31,x24	 x31:0x80025c9a x24:0xfb2dbc3d  x6=0xfffffffc
      682002000	     33998	80007bb8	c681	c.beqz	x13,80007bc0	 x13:0x00000030
      682342000	     34015	80007bba	e9c00f13	addi	x30,x0,-356	  x0:0x00000000 x30=0xfffffe9c
      682362000	     34016	80007bbe	8dc5	c.or	x11,x9	 x11:0x68d94000  x9:0xfffffebf x11=0xfffffebf
      682582000	     34027	80007bc0	447d	c.li	x8,31	  x8=0x0000001f
      682602000	     34028	80007bc2	96ee	c.add	x13,x27	 x13:0x00000030 x27:0x00000000 x13=0x00000030
      682622000	     34029	80007bc4	55fd	c.li	x11,-1	 x11=0xffffffff
      682642000	     34030	80007bc6	825d	c.srli	x12,0x17	 x12:0x0000007e x12=0x00000000
      682762000	     34036	80007bc8	011d	c.addi	x2,7	  x2:0x00000180  x2=0x00000187
      682782000	     34037	80007bca	ff3e0a13	addi	x20,x28,-13	 x28:0x80021e34 x20=0x80021e27
      682982000	     34047	80007bce	01159233	sll	x4,x11,x17	 x11:0xffffffff x17:0xffffffff  x4=0x80000000
      683002000	     34048	80007bd2	019b5b13	srli	x22,x22,0x19	 x22:0x000002e4 x22=0x00000000
      683022000	     34049	80007bd6	6171	c.addi16sp	x2,336	  x2:0x00000187  x2=0x000002d7
      684042000	     34100	80007bd8	0340cc33	div	x24,x1,x20	  x1:0x227a9000 x20:0x80021e27 x24=0x00000000
      684062000	     34101	80007bdc	41b2d613	srai	x12,x5,0x1b	  x5:0x8c5e6b24 x12=0xfffffff1
      684102000	     34103	80007be0	026994b3	mulh	x9,x19,x6	 x19:0x04d243ab  x6:0xfffffffc  x9=0xffffffff
      684122000	     34104	80007be4	717d	c.addi16sp	x2,-16	  x2:0x000002d7  x2=0x000002c7
      684142000	     34105	80007be6	50b04493	xori	x9,x0,1291	  x0:0x00000000  x9=0x0000050b
      684162000	     34106	80007bea	8d71	c.and	x10,x12	 x10:0x00000380 x12:0xfffffff1 x10=0x00000380
      684182000	     34107	80007bec	8319	c.srli	x14,0x6	 x14:0x00346ca0 x14=0x0000d1b2
      684202000	     34108	80007bee	1008	c.addi4spn	x10,x2,32	 x10=0x000002e7
      684222000	     34109	80007bf0	417b06b3	sub	x13,x22,x23	 x22:0x00000000 x23:0x0000001f x13=0xffffffe1
      684242000	     34110	80007bf4	4148d933	sra	x18,x17,x20	 x17:0xffffffff x20:0x80021e27 x18=0xffffffff
      684622000	     34129	80007bf8	015a9a63	bne	x21,x21,80007c0c	 x21:0x00000008 x21:0x00000008
      684642000	     34130	80007bfc	677f6193	ori	x3,x30,1655	 x30:0xfffffe9c  x3=0xfffffeff
      684922000	     34144	80007c00	024fb933	mulhu	x18,x31,x4	 x31:0x80025c9a  x4:0x80000000 x18=0x40012e4d
      685322000	     34164	80007c04	01314e63	blt	x2,x19,80007c20	  x2:0x000002c7 x19:0x04d243ab
      685642000	     34180	80007c20	8d15	c.sub	x10,x13	 x10:0x000002e7 x13:0xffffffe1 x10=0x00000306
      685662000	     34181	80007c22	0ff0000f	fence	iorw,iorw	
      685802000	     34188	80007c26	f86da893	slti	x17,x27,-122	 x27:0x00000000 x17=0x00000000
      686142000	     34205	80007c2a	02290063	beq	x18,x2,80007c4a	 x18:0x40012e4d  x2:0x000002c7
      686562000	     34226	80007c2e	9435f217	auipc	x4,0x9435f	  x4=0x14366c2e
      687302000	     34263	80007c32	02d25533	divu	x10,x4,x13	  x4:0x14366c2e x13:0xffffffe1 x10=0x00000000
      687322000	     34264	80007c36	47d88517	auipc	x10,0x47d88	 x10=0xc7d8fc36
      687342000	     34265	80007c3a	007cc863	blt	x25,x7,80007c4a	 x25:0x80025ce4  x7:0x80000000
      687362000	     34266	80007c3e	01562533	slt	x10,x12,x21	 x12:0xfffffff1 x21:0x00000008 x10=0x00000001
      687382000	     34267	80007c42	8e91	c.sub	x13,x12	 x13:0xffffffe1 x12:0xfffffff1 x13=0xfffffff0
      687402000	     34268	80007c44	013d9663	bne	x27,x19,80007c50	 x27:0x00000000 x19:0x04d243ab
      688102000	     34303	80007c50	01f35d93	srli	x27,x6,0x1f	  x6:0xfffffffc x27=0x00000001
      688122000	     34304	80007c54	6615	c.lui	x12,0x5	 x12=0x00005000
      688262000	     34311	80007c56	00fee963	bltu	x29,x15,80007c68	 x29:0xfb2dbbfb x15:0x80025ce4
      688282000	     34312	80007c5a	0001	c.addi	x0,0	  x0:0x00000000  x0=0x00000000
      688522000	     34324	80007c5c	03578833	mul	x16,x15,x21	 x15:0x80025ce4 x21:0x00000008 x16=0x0012e720
      688562000	     34326	80007c60	038212b3	mulh	x5,x4,x24	  x4:0x14366c2e x24:0x00000000  x5=0x00000000
      698122000	     34804	80007c64	8705	c.srai	x14,0x1	 x14:0x0000d1b2 x14=0x000068d9
      698142000	     34805	80007c66	98fd	c.andi	x9,-1	  x9:0x0000050b  x9=0x0000050b
      698162000	     34806	80007c68	018cd9b3	srl	x19,x25,x24	 x25:0x80025ce4 x24:0x00000000 x19=0x80025ce4
      698182000	     34807	80007c6c	0016b033	sltu	x0,x13,x1	 x13:0xfffffff0  x1:0x227a9000  x0=0x00000000
      698202000	     34808	80007c70	aa67e017	auipc	x0,0xaa67e	  x0=0x00000000
      698222000	     34809	80007c74	0001	c.addi	x0,0	  x0:0x00000000  x0=0x00000000
      698242000	     34810	80007c76	062c0693	addi	x13,x24,98	 x24:0x00000000 x13=0x00000062
      698662000	     34831	80007c7a	02e685b3	mul	x11,x13,x14	 x13:0x00000062 x14:0x000068d9 x11=0x00282312
      698682000	     34832	80007c7e	05a6	c.slli	x11,0x9	 x11:0x00282312 x11=0x50462400
      698762000	     34836	80007c80	01ee6333	or	x6,x28,x30	 x28:0x80021e34 x30:0xfffffe9c  x6=0xfffffebc
      698782000	     34837	80007c84	016cfa33	and	x20,x25,x22	 x25:0x80025ce4 x22:0x00000000 x20=0x00000000
      698802000	     34838	80007c88	0001	c.addi	x0,0	  x0:0x00000000  x0=0x00000000
      698822000	     34839	80007c8a	41380533	sub	x10,x16,x19	 x16:0x0012e720 x19:0x80025ce4 x10=0x80108a3c
      698842000	     34840	80007c8e	001650b3	srl	x1,x12,x1	 x12:0x00005000  x1:0x227a9000  x1=0x00005000
      698862000	     34841	80007c92	4da5	c.li	x27,9	 x27=0x00000009
      698942000	     34845	80007c94	2690af13	slti	x30,x1,617	  x1:0x00005000 x30=0x00000000
      698962000	     34846	80007c98	068d	c.addi	x13,3	 x13:0x00000062 x13=0x00000065
      699222000	     34859	80007c9a	d7e66613	ori	x12,x12,-642	 x12:0x00005000 x12=0xfffffd7e
      699362000	     34866	80007c9e	01f73bb3	sltu	x23,x14,x31	 x14:0x000068d9 x31:0x80025c9a x23=0x00000001
      699402000	     34868	80007ca2	00b71db3	sll	x27,x14,x11	 x14:0x000068d9 x11:0x50462400 x27=0x000068d9
      699822000	     34889	80007ca6	0ff0000f	fence	iorw,iorw	
      699902000	     34893	80007caa	00f768b3	or	x17,x14,x15	 x14:0x000068d9 x15:0x80025ce4 x17=0x80027cfd
      699922000	     34894	80007cae	0dce	c.slli	x27,0x13	 x27:0x000068d9 x27=0x46c80000
      700082000	     34902	80007cb0	00b56333	or	x6,x10,x11	 x10:0x80108a3c x11:0x50462400  x6=0xd056ae3c
      700102000	     34903	80007cb4	3b022293	slti	x5,x4,944	  x4:0x14366c2e  x5=0x00000000
      700242000	     34910	80007cb8	0002feb3	and	x29,x5,x0	  x5:0x00000000  x0:0x00000000 x29=0x00000000
      700422000	     34919	80007cbc	e619	c.bnez	x12,80007cca	 x12:0xfffffd7e
      701562000	     34976	80007cca	111e3213	sltiu	x4,x28,273	 x28:0x80021e34  x4=0x00000000
      701582000	     34977	80007cce	8d79	c.and	x10,x14	 x10:0x80108a3c x14:0x000068d9 x10=0x00000818
      701722000	     34984	80007cd0	0001	c.addi	x0,0	  x0:0x00000000  x0=0x00000000
      702482000	     35022	80007cd2	037a4333	div	x6,x20,x23	 x20:0x00000000 x23:0x00000001  x6=0x00000000
      702502000	     35023	80007cd6	00d670b3	and	x1,x12,x13	 x12:0xfffffd7e x13:0x00000065  x1=0x00000064
      702522000	     35024	80007cda	8699	c.srai	x13,0x6	 x13:0x00000065 x13=0x00000001
      702542000	     35025	80007cdc	412f52b3	sra	x5,x30,x18	 x30:0x00000000 x18:0x40012e4d  x5=0x00000000
      702562000	     35026	80007ce0	17ca8093	addi	x1,x21,380	 x21:0x00000008  x1=0x00000184
      702582000	     35027	80007ce4	15fd	c.addi	x11,-1	 x11:0x50462400 x11=0x504623ff
      702602000	     35028	80007ce6	15f4ec93	ori	x25,x9,351	  x9:0x0000050b x25=0x0000055f
      702622000	     35029	80007cea	0191cab3	xor	x21,x3,x25	  x3:0xfffffeff x25:0x0000055f x21=0xfffffba0
      702742000	     35035	80007cee	10f8d997	auipc	x19,0x10f8d	 x19=0x90f94cee
      703002000	     35048	80007cf2	dc473e93	sltiu	x29,x14,-572	 x14:0x000068d9 x29=0x00000001
      703022000	     35049	80007cf6	81ed	c.srli	x11,0x1b	 x11:0x504623ff x11=0x0000000a
      703042000	     35050	80007cf8	1a21c697	auipc	x13,0x1a21c	 x13=0x9a223cf8
      703242000	     35060	80007cfc	0bd6	c.slli	x23,0x15	 x23:0x00000001 x23=0x00200000
      703262000	     35061	80007cfe	138c	c.addi4spn	x11,x2,480	 x11=0x000004a7
      703442000	     35070	80007d00	0001	c.addi	x0,0	  x0:0x00000000  x0=0x00000000
      703502000	     35073	80007d02	0077c733	xor	x14,x15,x7	 x15:0x80025ce4  x7:0x80000000 x14=0x00025ce4
      703522000	     35074	80007d06	0107c663	blt	x15,x16,80007d12	 x15:0x80025ce4 x16:0x0012e720
      704122000	     35104	80007d12	00e38d33	add	x26,x7,x14	  x7:0x80000000 x14:0x00025ce4 x26=0x80025ce4
      704142000	     35105	80007d16	004ee133	or	x2,x29,x4	 x29:0x00000001  x4:0x00000000  x2=0x00000001
      704162000	     35106	80007d1a	0001	c.addi	x0,0	  x0:0x00000000  x0=0x00000000
      704562000	     35126	80007d1c	8e91	c.sub	x13,x12	 x13:0x9a223cf8 x12:0xfffffd7e x13=0x9a223f7a
      704602000	     35128	80007d1e	02af9d33	mulh	x26,x31,x10	 x31:0x80025c9a x10:0x00000818 x26=0xfffffbf4
      705362000	     35166	80007d22	03b448b3	div	x17,x8,x27	  x8:0x0000001f x27:0x46c80000 x17=0x00000000
      705382000	     35167	80007d26	6125	c.addi16sp	x2,96	  x2:0x00000001  x2=0x00000061
      705402000	     35168	80007d28	ca56e893	ori	x17,x13,-859	 x13:0x9a223f7a x17=0xffffffff
      705422000	     35169	80007d2c	0031c963	blt	x3,x3,80007d3e	  x3:0xfffffeff  x3:0xfffffeff
      705442000	     35170	80007d30	8db1	c.xor	x11,x12	 x11:0x000004a7 x12:0xfffffd7e x11=0xfffff9d9
      705462000	     35171	80007d32	8f69	c.and	x14,x10	 x14:0x00025ce4 x10:0x00000818 x14=0x00000800
      705482000	     35172	80007d34	03324e63	blt	x4,x19,80007d70	  x4:0x00000000 x19:0x90f94cee
      705502000	     35173	80007d38	1afd	c.addi	x21,-1	 x21:0xfffffba0 x21=0xfffffb9f
      705522000	     35174	80007d3a	00e1c733	xor	x14,x3,x14	  x3:0xfffffeff x14:0x00000800 x14=0xfffff6ff
      705542000	     35175	80007d3e	0001	c.addi	x0,0	  x0:0x00000000  x0=0x00000000
      705902000	     35193	80007d40	ee09	c.bnez	x12,80007d5a	 x12:0xfffffd7e
      706202000	     35208	80007d5a	9332	c.add	x6,x12	  x6:0x00000000 x12:0xfffffd7e  x6=0xfffffd7e
      706342000	     35215	80007d5c	2287e313	ori	x6,x15,552	 x15:0x80025ce4  x6=0x80025eec
      706362000	     35216	80007d60	0001	c.addi	x0,0	  x0:0x00000000  x0=0x00000000
      706382000	     35217	80007d62	0001	c.addi	x0,0	  x0:0x00000000  x0=0x00000000
      706402000	     35218	80007d64	016a9db3	sll	x27,x21,x22	 x21:0xfffffb9f x22:0x00000000 x27=0xfffffb9f
      706422000	     35219	80007d68	02029363	bne	x5,x0,80007d8e	  x5:0x00000000  x0:0x00000000
      706442000	     35220	80007d6c	00705663	bge	x0,x7,80007d78	  x0:0x00000000  x7:0x80000000
      707102000	     35253	80007d78	01b84833	xor	x16,x16,x27	 x16:0x0012e720 x27:0xfffffb9f x16=0xffed1cbf
      707122000	     35254	80007d7c	8d05	c.sub	x10,x9	 x10:0x00000818  x9:0x0000050b x10=0x0000030d
      707142000	     35255	80007d7e	6d75	c.lui	x26,0x1d	 x26=0x0001d000
      707542000	     35275	80007d80	59683f13	sltiu	x30,x16,1430	 x16:0xffed1cbf x30=0x00000000
      708282000	     35312	80007d84	02b156b3	divu	x13,x2,x11	  x2:0x00000061 x11:0xfffff9d9 x13=0x00000000
      708302000	     35313	80007d88	8e59	c.or	x12,x14	 x12:0xfffffd7e x14:0xfffff6ff x12=0xffffffff
      708322000	     35314	80007d8a	58fd	c.li	x17,-1	 x17=0xffffffff
      708342000	     35315	80007d8c	e199	c.bnez	x11,80007d92	 x11:0xfffff9d9
      708402000	     35318	80007d92	01f5c263	blt	x11,x31,80007d96	 x11:0xfffff9d9 x31:0x80025c9a
      708422000	     35319	80007d96	c895	c.beqz	x9,80007dca	  x9:0x0000050b
      708442000	     35320	80007d98	004d9493	slli	x9,x27,0x4	 x27:0xfffffb9f  x9=0xffffb9f0
      708462000	     35321	80007d9c	ec483a93	sltiu	x21,x16,-316	 x16:0xffed1cbf x21=0x00000001
      708562000	     35326	80007da0	001f7733	and	x14,x30,x1	 x30:0x00000000  x1:0x00000184 x14=0x00000000
      708582000	     35327	80007da4	014d06b3	add	x13,x26,x20	 x26:0x0001d000 x20:0x00000000 x13=0x0001d000
      709182000	     35357	80007da8	4bb5cd93	xori	x27,x11,1211	 x11:0xfffff9d9 x27=0xfffffd62
      709202000	     35358	80007dac	945e	c.add	x8,x23	  x8:0x0000001f x23:0x00200000  x8=0x0020001f
      709222000	     35359	80007dae	01316263	bltu	x2,x19,80007db2	  x2:0x00000061 x19:0x90f94cee
      709902000	     35393	80007db2	15c3a093	slti	x1,x7,348	  x7:0x80000000  x1=0x00000001
      710082000	     35402	80007db6	41345fb3	sra	x31,x8,x19	  x8:0x0020001f x19:0x90f94cee x31=0x00000080
      710502000	     35423	80007dba	417b8eb3	sub	x29,x23,x23	 x23:0x00200000 x23:0x00200000 x29=0x00000000
      710522000	     35424	80007dbe	e60d	c.bnez	x12,80007de8	 x12:0xffffffff
      710842000	     35440	80007de8	01114f33	xor	x30,x2,x17	  x2:0x00000061 x17:0xffffffff x30=0xffffff9e
      710862000	     35441	80007dec	8c35	c.xor	x8,x13	  x8:0x0020001f x13:0x0001d000  x8=0x0021d01f
      710882000	     35442	80007dee	6ad5	c.lui	x21,0x15	 x21=0x00015000
      710942000	     35445	80007df0	03dcdf63	bge	x25,x29,80007e2e	 x25:0x0000055f x29:0x00000000
      712902000	     35543	80007e2e	0396c133	div	x2,x13,x25	 x13:0x0001d000 x25:0x0000055f  x2=0x00000056
      712922000	     35544	80007e32	6bdd	c.lui	x23,0x17	 x23=0x00017000
      712942000	     35545	80007e34	0001	c.addi	x0,0	  x0:0x00000000  x0=0x00000000
      713682000	     35582	80007e36	03c16333	rem	x6,x2,x28	  x2:0x00000056 x28:0x80021e34  x6=0x00000056
      713702000	     35583	80007e3a	2249c493	xori	x9,x19,548	 x19:0x90f94cee  x9=0x90f94eca
      713722000	     35584	80007e3e	84da	c.mv	x9,x22	  x0:0x00000000 x22:0x00000000  x9=0x00000000
      713742000	     35585	80007e40	40e65c13	srai	x24,x12,0xe	 x12:0xffffffff x24=0xffffffff
      713762000	     35586	80007e44	00a15eb3	srl	x29,x2,x10	  x2:0x00000056 x10:0x0000030d x29=0x00000000
      713782000	     35587	80007e48	71de1137	lui	x2,0x71de1	  x2=0x71de1000
      713802000	     35588	80007e4c	8251	c.srli	x12,0x14	 x12:0xffffffff x12=0x00000fff
      713822000	     35589	80007e4e	0616	c.slli	x12,0x5	 x12:0x00000fff x12=0x0001ffe0
      713842000	     35590	80007e50	004a9c33	sll	x24,x21,x4	 x21:0x00015000  x4:0x00000000 x24=0x00015000
      713862000	     35591	80007e54	41e25f13	srai	x30,x4,0x1e	  x4:0x00000000 x30=0x00000000
      713882000	     35592	80007e58	eb05	c.bnez	x14,80007e88	 x14:0x00000000
      714622000	     35629	80007e5a	02d56633	rem	x12,x10,x13	 x10:0x0000030d x13:0x0001d000 x12=0x0000030d
      714642000	     35630	80007e5e	08b5	c.addi	x17,13	 x17:0xffffffff x17=0x0000000c
      714682000	     35632	80007e60	03c4b033	mulhu	x0,x9,x28	  x9:0x00000000 x28:0x80021e34  x0=0x00000000
      714702000	     35633	80007e64	010b1633	sll	x12,x22,x16	 x22:0x00000000 x16:0xffed1cbf x12=0x00000000
      714722000	     35634	80007e68	0000100f	fence.i	
      715522000	     35674	80007e6c	028041b3	div	x3,x0,x8	  x0:0x00000000  x8:0x0021d01f  x3=0x00000000
      715542000	     35675	80007e70	7895a737	lui	x14,0x7895a	 x14=0x7895a000
      715562000	     35676	80007e74	4d191d97	auipc	x27,0x4d191	 x27=0xcd198e74
      715582000	     35677	80007e78	02996c63	bltu	x18,x9,80007eb0	 x18:0x40012e4d  x9:0x00000000
      715622000	     35679	80007e7c	021c95b3	mulh	x11,x25,x1	 x25:0x0000055f  x1:0x00000001 x11=0x00000000
      715642000	     35680	80007e80	02cd8ab3	mul	x21,x27,x12	 x27:0xcd198e74 x12:0x00000000 x21=0x00000000
      715662000	     35681	80007e84	5c472997	auipc	x19,0x5c472	 x19=0xdc479e84
      715842000	     35690	80007e88	00321d33	sll	x26,x4,x3	  x4:0x00000000  x3:0x00000000 x26=0x00000000
      715882000	     35692	80007e8c	00bed013	srli	x0,x29,0xb	 x29:0x00000000  x0=0x00000000
      715962000	     35696	80007e90	0001	c.addi	x0,0	  x0:0x00000000  x0=0x00000000
      716402000	     35718	80007e92	03ab2233	mulhsu	x4,x22,x26	 x22:0x00000000 x26:0x00000000  x4=0x00000000
      716422000	     35719	80007e96	009172b3	and	x5,x2,x9	  x2:0x71de1000  x9:0x00000000  x5=0x00000000
      716462000	     35721	80007e9a	73240997	auipc	x19,0x73240	 x19=0xf3247e9a
      717382000	     35767	80007e9e	032dc333	div	x6,x27,x18	 x27:0xcd198e74 x18:0x40012e4d  x6=0x00000000
      717402000	     35768	80007ea2	018f65b3	or	x11,x30,x24	 x30:0x00000000 x24:0x00015000 x11=0x00015000
      717422000	     35769	80007ea6	8f55	c.or	x14,x13	 x14:0x7895a000 x13:0x0001d000 x14=0x7895f000
      717442000	     35770	80007ea8	2751c993	xori	x19,x3,629	  x3:0x00000000 x19=0x00000275
      717462000	     35771	80007eac	821d	c.srli	x12,0x7	 x12:0x00000000 x12=0x00000000
      717482000	     35772	80007eae	0b76	c.slli	x22,0x1d	 x22:0x00000000 x22=0x00000000
      717502000	     35773	80007eb0	03585763	bge	x16,x21,80007ede	 x16:0xffed1cbf x21:0x00000000
      717522000	     35774	80007eb4	9f3e	c.add	x30,x15	 x30:0x00000000 x15:0x80025ce4 x30=0x80025ce4
      717542000	     35775	80007eb6	0ff0000f	fence	iorw,iorw	
      718142000	     35805	80007eba	015c5993	srli	x19,x24,0x15	 x24:0x00015000 x19=0x00000000
      718162000	     35806	80007ebe	8935	c.andi	x10,13	 x10:0x0000030d x10=0x0000000d
      718182000	     35807	80007ec0	035a81b3	mul	x3,x21,x21	 x21:0x00000000 x21:0x00000000  x3=0x00000000
      718202000	     35808	80007ec4	00d41b63	bne	x8,x13,80007eda	  x8:0x0021d01f x13:0x0001d000
      718462000	     35821	80007eda	1418	c.addi4spn	x14,x2,544	 x14=0x71de1220
      718482000	     35822	80007edc	99f2	c.add	x19,x28	 x19:0x00000000 x28:0x80021e34 x19=0x80021e34
      718502000	     35823	80007ede	6ab5	c.lui	x21,0xd	 x21=0x0000d000
      719062000	     35851	80007ee0	547d	c.li	x8,-1	  x8=0xffffffff
      719382000	     35867	80007ee2	02be9633	mulh	x12,x29,x11	 x29:0x00000000 x11:0x00015000 x12=0x00000000
      719402000	     35868	80007ee6	8535	c.srai	x10,0xd	 x10:0x0000000d x10=0x00000000
      719522000	     35874	80007ee8	01f40833	add	x16,x8,x31	  x8:0xffffffff x31:0x00000080 x16=0x0000007f
      719542000	     35875	80007eec	034e7563	bgeu	x28,x20,80007f16	 x28:0x80021e34 x20:0x00000000
      720042000	     35900	80007f16	9186	c.add	x3,x1	  x3:0x00000000  x1:0x00000001  x3=0x00000001
      720062000	     35901	80007f18	10fd	c.addi	x1,-1	  x1:0x00000001  x1=0x00000000
      720082000	     35902	80007f1a	0183f1b3	and	x3,x7,x24	  x7:0x80000000 x24:0x00015000  x3=0x00000000
      720102000	     35903	80007f1e	05469163	bne	x13,x20,80007f60	 x13:0x0001d000 x20:0x00000000
      720582000	     35927	80007f60	0131dd93	srli	x27,x3,0x13	  x3:0x00000000 x27=0x00000000
      720642000	     35930	80007f64	51aa7293	andi	x5,x20,1306	 x20:0x00000000  x5=0x00000000
      720662000	     35931	80007f68	0070e5b3	or	x11,x1,x7	  x1:0x00000000  x7:0x80000000 x11=0x80000000
      720782000	     35937	80007f6c	58580293	addi	x5,x16,1413	 x16:0x0000007f  x5=0x00000604
      720802000	     35938	80007f70	e585	c.bnez	x11,80007f98	 x11:0x80000000
      721082000	     35952	80007f98	029f7863	bgeu	x30,x9,80007fc8	 x30:0x80025ce4  x9:0x00000000
      721322000	     35964	80007fc8	0346f2b3	remu	x5,x13,x20	 x13:0x0001d000 x20:0x00000000  x5=0x0001d000
      721722000	     35984	80007fcc	8d25	c.xor	x10,x9	 x10:0x00000000  x9:0x00000000 x10=0x00000000
      721742000	     35985	80007fce	f695fb13	andi	x22,x11,-151	 x11:0x80000000 x22=0x80000000
      721762000	     35986	80007fd2	ffdb6497	auipc	x9,0xffdb6	  x9=0x7fdbdfd2
      721782000	     35987	80007fd6	177d	c.addi	x14,-1	 x14:0x71de1220 x14=0x71de121f
      721842000	     35990	80007fd8	00c4db13	srli	x22,x9,0xc	  x9:0x7fdbdfd2 x22=0x0007fdbd
      722102000	     36003	80007fdc	8054ba13	sltiu	x20,x9,-2043	  x9:0x7fdbdfd2 x20=0x00000001
      722122000	     36004	80007fe0	4dc36f93	ori	x31,x6,1244	  x6:0x00000000 x31=0x000004dc
      722142000	     36005	80007fe4	8c25	c.xor	x8,x9	  x8:0xffffffff  x9:0x7fdbdfd2  x8=0x8024202d
      722162000	     36006	80007fe6	00bd9b33	sll	x22,x27,x11	 x27:0x00000000 x11:0x80000000 x22=0x00000000
      722182000	     36007	80007fea	99fd	c.andi	x11,-1	 x11:0x80000000 x11=0x80000000
      722242000	     36010	80007fec	8c35	c.xor	x8,x13	  x8:0x8024202d x13:0x0001d000  x8=0x8025f02d
      722262000	     36011	80007fee	01832b33	slt	x22,x6,x24	  x6:0x00000000 x24:0x00015000 x22=0x00000001
      722282000	     36012	80007ff2	00d5c733	xor	x14,x11,x13	 x11:0x80000000 x13:0x0001d000 x14=0x8001d000
      722302000	     36013	80007ff6	4071db93	srai	x23,x3,0x7	  x3:0x00000000 x23=0x00000000
      722322000	     36014	80007ffa	068e	c.slli	x13,0x3	 x13:0x0001d000 x13=0x000e8000
      722722000	     36034	80007ffc	41c75913	srai	x18,x14,0x1c	 x14:0x8001d000 x18=0xfffffff8
      723502000	     36073	80008000	030a7bb3	remu	x23,x20,x16	 x20:0x00000001 x16:0x0000007f x23=0x00000001
      723522000	     36074	80008004	0138ba33	sltu	x20,x17,x19	 x17:0x0000000c x19:0x80021e34 x20=0x00000001
      723562000	     36076	80008008	03cc18b3	mulh	x17,x24,x28	 x24:0x00015000 x28:0x80021e34 x17=0xffff5802
      723602000	     36078	8000800c	0243e6b3	rem	x13,x7,x4	  x7:0x80000000  x4:0x00000000 x13=0x80000000
      723622000	     36079	80008010	380f6c13	ori	x24,x30,896	 x30:0x80025ce4 x24=0x80025fe4
      723642000	     36080	80008014	567d	c.li	x12,-1	 x12=0xffffffff
      723662000	     36081	80008016	011902b3	add	x5,x18,x17	 x18:0xfffffff8 x17:0xffff5802  x5=0xffff57fa
      723682000	     36082	8000801a	8355	c.srli	x14,0x15	 x14:0x8001d000 x14=0x00000400
      724782000	     36137	8000801c	02dbec33	rem	x24,x23,x13	 x23:0x00000001 x13:0x80000000 x24=0x00000001
      724802000	     36138	80008020	c109	c.beqz	x10,80008022	 x10:0x00000000
      724882000	     36142	80008022	02c32133	mulhsu	x2,x6,x12	  x6:0x00000000 x12:0xffffffff  x2=0x00000000
      724902000	     36143	80008026	038ff063	bgeu	x31,x24,80008046	 x31:0x000004dc x24:0x00000001
      725342000	     36165	80008046	e493c293	xori	x5,x7,-439	  x7:0x80000000  x5=0x7ffffe49
      725722000	     36184	8000804a	b979f513	andi	x10,x19,-1129	 x19:0x80021e34 x10=0x80021a14
      725802000	     36188	8000804e	00ff1013	slli	x0,x30,0xf	 x30:0x80025ce4  x0=0x00000000
      725822000	     36189	80008052	0192d033	srl	x0,x5,x25	  x5:0x7ffffe49 x25:0x0000055f  x0=0x00000000
      725842000	     36190	80008056	8775	c.srai	x14,0x1d	 x14:0x00000400 x14=0x00000000
      725862000	     36191	80008058	8df1	c.and	x11,x12	 x11:0x80000000 x12:0xffffffff x11=0x80000000
      725882000	     36192	8000805a	9d3a	c.add	x26,x14	 x26:0x00000000 x14:0x00000000 x26=0x00000000
      725902000	     36193	8000805c	41f458b3	sra	x17,x8,x31	  x8:0x8025f02d x31:0x000004dc x17=0xfffffff8
      725922000	     36194	80008060	0ff0000f	fence	iorw,iorw	
      726062000	     36201	80008064	6ce1	c.lui	x25,0x18	 x25=0x00018000
      726502000	     36223	80008066	03a6e5b3	rem	x11,x13,x26	 x13:0x80000000 x26:0x00000000 x11=0x80000000
      726602000	     36228	8000806a	0151d6b3	srl	x13,x3,x21	  x3:0x00000000 x21:0x0000d000 x13=0x00000000
      726782000	     36237	8000806e	f84f7d13	andi	x26,x30,-124	 x30:0x80025ce4 x26=0x80025c84
      726802000	     36238	80008072	8c4d	c.or	x8,x11	  x8:0x8025f02d x11:0x80000000  x8=0x8025f02d
      726822000	     36239	80008074	01a0b5b3	sltu	x11,x1,x26	  x1:0x00000000 x26:0x80025c84 x11=0x00000001
      726842000	     36240	80008078	e299	c.bnez	x13,8000807e	 x13:0x00000000
      726862000	     36241	8000807a	01cdf863	bgeu	x27,x28,8000808a	 x27:0x00000000 x28:0x80021e34
      726882000	     36242	8000807e	613d	c.addi16sp	x2,480	  x2:0x00000000  x2=0x000001e0
      727022000	     36249	80008080	809c8a93	addi	x21,x25,-2039	 x25:0x00018000 x21=0x00017809
      727042000	     36250	80008084	ce6eaeb7	lui	x29,0xce6ea	 x29=0xce6ea000
      727142000	     36255	80008088	577d	c.li	x14,-1	 x14=0xffffffff
      727162000	     36256	8000808a	0075bab3	sltu	x21,x11,x7	 x11:0x00000001  x7:0x80000000 x21=0x00000001
      727182000	     36257	8000808e	c801	c.beqz	x8,8000809e	  x8:0x8025f02d
      727242000	     36260	80008090	03f9c763	blt	x19,x31,800080be	 x19:0x80021e34 x31:0x000004dc
      740102000	     36903	800080be	0000100f	fence.i	
      740522000	     36924	800080c2	0ff0000f	fence	iorw,iorw	
      740642000	     36930	800080c6	8f307213	andi	x4,x0,-1805	  x0:0x00000000  x4=0x00000000
      741062000	     36951	800080ca	007b1293	slli	x5,x22,0x7	 x22:0x00000001  x5=0x00000080
      741262000	     36961	800080ce	c57eb993	sltiu	x19,x29,-937	 x29:0xce6ea000 x19=0x00000001
      741282000	     36962	800080d2	0001	c.addi	x0,0	  x0:0x00000000  x0=0x00000000
      741342000	     36965	800080d4	01841cb3	sll	x25,x8,x24	  x8:0x8025f02d x24:0x00000001 x25=0x004be05a
      741362000	     36966	800080d8	0114d0b3	srl	x1,x9,x17	  x9:0x7fdbdfd2 x17:0xfffffff8  x1=0x0000007f
      741382000	     36967	800080dc	8f29	c.xor	x14,x10	 x14:0xffffffff x10:0x80021a14 x14=0x7ffde5eb
      741402000	     36968	800080de	0f94	c.addi4spn	x13,x2,976	 x13=0x000005b0
      741442000	     36970	800080e0	8f21	c.xor	x14,x8	 x14:0x7ffde5eb  x8:0x8025f02d x14=0xffd815c6
      741522000	     36974	800080e2	019fe863	bltu	x31,x25,800080f2	 x31:0x000004dc x25:0x004be05a
      742102000	     37003	800080f2	8355	c.srli	x14,0x15	 x14:0xffd815c6 x14=0x000007fe
      742122000	     37004	800080f4	1a7d	c.addi	x20,-1	 x20:0x00000001 x20=0x00000000
      742162000	     37006	800080f6	02462eb3	mulhsu	x29,x12,x4	 x12:0xffffffff  x4:0x00000000 x29=0x00000000
      742182000	     37007	800080fa	6129	c.addi16sp	x2,192	  x2:0x000001e0  x2=0x000002a0
      742242000	     37010	800080fc	660d	c.lui	x12,0x3	 x12=0x00003000
      742262000	     37011	800080fe	84c1	c.srai	x9,0x10	  x9:0x7fdbdfd2  x9=0x00007fdb
      742522000	     37024	80008100	02ef3133	mulhu	x2,x30,x14	 x30:0x80025ce4 x14:0x000007fe  x2=0x000003ff
      742702000	     37033	80008104	024eec33	rem	x24,x29,x4	 x29:0x00000000  x4:0x00000000 x24=0x00000000
      742722000	     37034	80008108	018f11b3	sll	x3,x30,x24	 x30:0x80025ce4 x24:0x00000000  x3=0x80025ce4
      742742000	     37035	8000810c	024eee63	bltu	x29,x4,80008148	 x29:0x00000000  x4:0x00000000
      742762000	     37036	80008110	c2404513	xori	x10,x0,-988	  x0:0x00000000 x10=0xfffffc24
      743502000	     37073	80008114	0297d633	divu	x12,x15,x9	 x15:0x80025ce4  x9:0x00007fdb x12=0x0001004e
      743522000	     37074	80008118	01825263	bge	x4,x24,8000811c	  x4:0x00000000 x24:0x00000000
      744562000	     37126	8000811c	00ae16b3	sll	x13,x28,x10	 x28:0x80021e34 x10:0xfffffc24 x13=0x0021e340
      744602000	     37128	80008120	03a8a2b3	mulhsu	x5,x17,x26	 x17:0xfffffff8 x26:0x80025c84  x5=0xfffffffb
      744742000	     37135	80008124	ce9d	c.beqz	x13,80008162	 x13:0x0021e340
      744762000	     37136	80008126	db3eef93	ori	x31,x29,-589	 x29:0x00000000 x31=0xfffffdb3
      744782000	     37137	8000812a	40a45113	srai	x2,x8,0xa	  x8:0x8025f02d  x2=0xffe0097c
      745022000	     37149	8000812e	01835a13	srli	x20,x6,0x18	  x6:0x00000000 x20=0x00000000
      745042000	     37150	80008132	80dad417	auipc	x8,0x80dad	  x8=0x00db5132
      745102000	     37153	80008136	0090cc63	blt	x1,x9,8000814e	  x1:0x0000007f  x9:0x00007fdb
      746042000	     37200	8000814e	8ec9	c.or	x13,x10	 x13:0x0021e340 x10:0xfffffc24 x13=0xffffff64
      746202000	     37208	80008150	8e65	c.and	x12,x9	 x12:0x0001004e  x9:0x00007fdb x12=0x0000004a
      746362000	     37216	80008152	00252db3	slt	x27,x10,x2	 x10:0xfffffc24  x2:0xffe0097c x27=0x00000000
      746402000	     37218	80008156	027a2d33	mulhsu	x26,x20,x7	 x20:0x00000000  x7:0x80000000 x26=0x00000000
      746562000	     37226	8000815a	4154dc33	sra	x24,x9,x21	  x9:0x00007fdb x21:0x00000001 x24=0x00003fed
      746922000	     37244	8000815e	0ff0000f	fence	iorw,iorw	
      747662000	     37281	80008162	03257233	remu	x4,x10,x18	 x10:0xfffffc24 x18:0xfffffff8  x4=0xfffffc24
      748402000	     37318	80008166	02a34033	div	x0,x6,x10	  x6:0x00000000 x10:0xfffffc24  x0=0x00000000
      748422000	     37319	8000816a	039a9e63	bne	x21,x25,800081a6	 x21:0x00000001 x25:0x004be05a
      748942000	     37345	800081a6	03ca5963	bge	x20,x28,800081d8	 x20:0x00000000 x28:0x80021e34
      749442000	     37370	800081d8	024aba33	mulhu	x20,x21,x4	 x21:0x00000001  x4:0xfffffc24 x20=0x00000000
      749462000	     37371	800081dc	8d8d	c.sub	x11,x11	 x11:0x00000001 x11:0x00000001 x11=0x00000000
      749862000	     37391	800081de	0ff0000f	fence	iorw,iorw	
      750282000	     37412	800081e2	0194ad33	slt	x26,x9,x25	  x9:0x00007fdb x25:0x004be05a x26=0x00000001
      750302000	     37413	800081e6	00191b13	slli	x22,x18,0x1	 x18:0xfffffff8 x22=0xfffffff0
      750322000	     37414	800081ea	00cae633	or	x12,x21,x12	 x21:0x00000001 x12:0x0000004a x12=0x0000004b
      750402000	     37418	800081ee	02ebda63	bge	x23,x14,80008222	 x23:0x00000001 x14:0x000007fe
      750422000	     37419	800081f2	0ff0000f	fence	iorw,iorw	
      750442000	     37420	800081f6	40a95b13	srai	x22,x18,0xa	 x18:0xfffffff8 x22=0xffffffff
      750462000	     37421	800081fa	c319	c.beqz	x14,80008200	 x14:0x000007fe
      750622000	     37429	800081fc	5d4eae93	slti	x29,x29,1492	 x29:0x00000000 x29=0x00000001
      750802000	     37438	80008200	039aa9b3	mulhsu	x19,x21,x25	 x21:0x00000001 x25:0x004be05a x19=0x00000000
      750822000	     37439	80008204	81e9	c.srli	x11,0x1a	 x11:0x00000000 x11=0x00000000
      751922000	     37494	80008206	02267b33	remu	x22,x12,x2	 x12:0x0000004b  x2:0xffe0097c x22=0x0000004b
      751942000	     37495	8000820a	ce19	c.beqz	x12,80008228	 x12:0x0000004b
      751962000	     37496	8000820c	e419	c.bnez	x8,8000821a	  x8:0x00db5132
      752022000	     37499	8000821a	010b01b3	add	x3,x22,x16	 x22:0x0000004b x16:0x0000007f  x3=0x000000ca
      752242000	     37510	8000821e	004fd2b3	srl	x5,x31,x4	 x31:0xfffffdb3  x4:0xfffffc24  x5=0x0fffffdb
      752262000	     37511	80008222	8e51	c.or	x12,x12	 x12:0x0000004b x12:0x0000004b x12=0x0000004b
      752442000	     37520	80008224	031d35b3	mulhu	x11,x26,x17	 x26:0x00000001 x17:0xfffffff8 x11=0x00000000
      752462000	     37521	80008228	4024d033	sra	x0,x9,x2	  x9:0x00007fdb  x2:0xffe0097c  x0=0x00000000
      752602000	     37528	8000822c	01565d33	srl	x26,x12,x21	 x12:0x0000004b x21:0x00000001 x26=0x00000025
      752842000	     37540	80008230	8d6d	c.and	x10,x11	 x10:0xfffffc24 x11:0x00000000 x10=0x00000000
      752862000	     37541	80008232	78840db7	lui	x27,0x78840	 x27=0x78840000
      753102000	     37553	80008236	00c35c13	srli	x24,x6,0xc	  x6:0x00000000 x24=0x00000000
      753122000	     37554	8000823a	cb39b313	sltiu	x6,x19,-845	 x19:0x00000000  x6=0x00000001
      753222000	     37559	8000823e	00e78333	add	x6,x15,x14	 x15:0x80025ce4 x14:0x000007fe  x6=0x800264e2
      753242000	     37560	80008242	014040b3	xor	x1,x0,x20	  x0:0x00000000 x20:0x00000000  x1=0x00000000
      753262000	     37561	80008246	8f11	c.sub	x14,x12	 x14:0x000007fe x12:0x0000004b x14=0x000007b3
      753662000	     37581	80008248	8d15	c.sub	x10,x13	 x10:0x00000000 x13:0xffffff64 x10=0x0000009c
      753682000	     37582	8000824a	0001	c.addi	x0,0	  x0:0x00000000  x0=0x00000000
      753842000	     37590	8000824c	019d0263	beq	x26,x25,80008250	 x26:0x00000025 x25:0x004be05a
      753862000	     37591	80008250	024e0633	mul	x12,x28,x4	 x28:0x80021e34  x4:0xfffffc24 x12=0xf7d36f50
      754282000	     37612	80008254	8959	c.andi	x10,22	 x10:0x0000009c x10=0x00000014
      755322000	     37664	80008256	0235c533	div	x10,x11,x3	 x11:0x00000000  x3:0x000000ca x10=0x00000000
      755342000	     37665	8000825a	04ee	c.slli	x9,0x1b	  x9:0x00007fdb  x9=0xd8000000
      755362000	     37666	8000825c	8d19	c.sub	x10,x14	 x10:0x00000000 x14:0x000007b3 x10=0xfffff84d
      755382000	     37667	8000825e	017ed4b3	srl	x9,x29,x23	 x29:0x00000001 x23:0x00000001  x9=0x00000000
      755402000	     37668	80008262	019ac863	blt	x21,x25,80008272	 x21:0x00000001 x25:0x004be05a
      756282000	     37712	80008272	00691813	slli	x16,x18,0x6	 x18:0xfffffff8 x16=0xfffffe00
      756302000	     37713	80008276	89a6e193	ori	x3,x13,-1894	 x13:0xffffff64  x3=0xfffffffe
      756722000	     37734	8000827a	023882b3	mul	x5,x17,x3	 x17:0xfffffff8  x3:0xfffffffe  x5=0x00000010
      756742000	     37735	8000827e	0001	c.addi	x0,0	  x0:0x00000000  x0=0x00000000
      756762000	     37736	80008280	0100c733	xor	x14,x1,x16	  x1:0x00000000 x16:0xfffffe00 x14=0xfffffe00
      756782000	     37737	80008284	8d8d	c.sub	x11,x11	 x11:0x00000000 x11:0x00000000 x11=0x00000000
      757602000	     37778	80008286	022d6db3	rem	x27,x26,x2	 x26:0x00000025  x2:0xffe0097c x27=0x00000025
      757642000	     37780	8000828a	039516b3	mulh	x13,x10,x25	 x10:0xfffff84d x25:0x004be05a x13=0xfffffffd
      757662000	     37781	8000828e	01cb5733	srl	x14,x22,x28	 x22:0x0000004b x28:0x80021e34 x14=0x00000000
      757682000	     37782	80008292	01ac8633	add	x12,x25,x26	 x25:0x004be05a x26:0x00000025 x12=0x004be07f
      757702000	     37783	80008296	0000100f	fence.i	
      757822000	     37789	8000829a	01058763	beq	x11,x16,800082a8	 x11:0x00000000 x16:0xfffffe00
      757842000	     37790	8000829e	8711	c.srai	x14,0x4	 x14:0x00000000 x14=0x00000000
      758242000	     37810	800082a0	01b05f63	bge	x0,x27,800082be	  x0:0x00000000 x27:0x00000025
      758262000	     37811	800082a4	587d	c.li	x16,-1	 x16=0xffffffff
      758282000	     37812	800082a6	88d6	c.mv	x17,x21	  x0:0x00000000 x21:0x00000001 x17=0x00000001
      758682000	     37832	800082a8	00b19a93	slli	x21,x3,0xb	  x3:0xfffffffe x21=0xfffff000
      758702000	     37833	800082ac	717d	c.addi16sp	x2,-16	  x2:0xffe0097c  x2=0xffe0096c
      759122000	     37854	800082ae	02bd1833	mulh	x16,x26,x11	 x26:0x00000025 x11:0x00000000 x16=0x00000000
      759522000	     37874	800082b2	03f36763	bltu	x6,x31,800082e0	  x6:0x800264e2 x31:0xfffffdb3
      760142000	     37905	800082e0	0a04	c.addi4spn	x9,x2,272	  x9=0xffe00a7c
      760182000	     37907	800082e2	02ee3c33	mulhu	x24,x28,x14	 x28:0x80021e34 x14:0x00000000 x24=0x00000000
      760202000	     37908	800082e6	8d75	c.and	x10,x13	 x10:0xfffff84d x13:0xfffffffd x10=0xfffff84d
      760222000	     37909	800082e8	0109b9b3	sltu	x19,x19,x16	 x19:0x00000000 x16:0x00000000 x19=0x00000000
      760322000	     37914	800082ec	20624a97	auipc	x21,0x20624	 x21=0xa062c2ec
      760342000	     37915	800082f0	f80ae493	ori	x9,x21,-128	 x21:0xa062c2ec  x9=0xffffffec
      760742000	     37935	800082f4	0000100f	fence.i	
      761442000	     37970	800082f8	05d21163	bne	x4,x29,8000833a	  x4:0xfffffc24 x29:0x00000001
      761902000	     37993	8000833a	02122b33	mulhsu	x22,x4,x1	  x4:0xfffffc24  x1:0x00000000 x22=0x00000000
      761922000	     37994	8000833e	00b40cb3	add	x25,x8,x11	  x8:0x00db5132 x11:0x00000000 x25=0x00db5132
      761982000	     37997	80008342	008452b3	srl	x5,x8,x8	  x8:0x00db5132  x8:0x00db5132  x5=0x00000036
      762002000	     37998	80008346	9aaa	c.add	x21,x10	 x21:0xa062c2ec x10:0xfffff84d x21=0xa062bb39
      762142000	     38005	80008348	03deb4b3	mulhu	x9,x29,x29	 x29:0x00000001 x29:0x00000001  x9=0x00000000
      762242000	     38010	8000834c	01411093	slli	x1,x2,0x14	  x2:0xffe0096c  x1=0x96c00000
      762662000	     38031	80008350	e191	c.bnez	x11,80008354	 x11:0x00000000
      762682000	     38032	80008352	0001	c.addi	x0,0	  x0:0x00000000  x0=0x00000000
      763422000	     38069	80008354	0222e533	rem	x10,x5,x2	  x5:0x00000036  x2:0xffe0096c x10=0x00000036
      763442000	     38070	80008358	02608db3	mul	x27,x1,x6	  x1:0x96c00000  x6:0x800264e2 x27=0x15800000
      763462000	     38071	8000835c	092a	c.slli	x18,0xa	 x18:0xfffffff8 x18=0xffffe000
      763882000	     38092	8000835e	00f75233	srl	x4,x14,x15	 x14:0x00000000 x15:0x80025ce4  x4=0x00000000
      764622000	     38129	80008362	032b5333	divu	x6,x22,x18	 x22:0x00000000 x18:0xffffe000  x6=0x00000000
      764642000	     38130	80008366	86c9	c.srai	x13,0x12	 x13:0xfffffffd x13=0xffffffff
      764662000	     38131	80008368	03ba5463	bge	x20,x27,80008390	 x20:0x00000000 x27:0x15800000
      764682000	     38132	8000836c	ac496813	ori	x16,x18,-1340	 x18:0xffffe000 x16=0xfffffac4
      764702000	     38133	80008370	40b1d293	srai	x5,x3,0xb	  x3:0xfffffffe  x5=0xffffffff
      764722000	     38134	80008374	616d	c.addi16sp	x2,240	  x2:0xffe0096c  x2=0xffe00a5c
      764742000	     38135	80008376	028f4463	blt	x30,x8,8000839e	 x30:0x80025ce4  x8:0x00db5132
      765282000	     38162	8000839e	03652a33	mulhsu	x20,x10,x22	 x10:0x00000036 x22:0x00000000 x20=0x00000000
      765422000	     38169	800083a2	0378abb3	mulhsu	x23,x17,x23	 x17:0x00000001 x23:0x00000001 x23=0x00000000
      765822000	     38189	800083a6	00579263	bne	x15,x5,800083aa	 x15:0x80025ce4  x5:0xffffffff
      766942000	     38245	800083aa	02d85063	bge	x16,x13,800083ca	 x16:0xfffffac4 x13:0xffffffff
      766962000	     38246	800083ae	cb11	c.beqz	x14,800083c2	 x14:0x00000000
      767382000	     38267	800083c2	4190d833	sra	x16,x1,x25	  x1:0x96c00000 x25:0x00db5132 x16=0xffffe5b0
      767702000	     38283	800083c6	03c3fa63	bgeu	x7,x28,800083fa	  x7:0x80000000 x28:0x80021e34
      767742000	     38285	800083ca	02e4a1b3	mulhsu	x3,x9,x14	  x9:0x00000000 x14:0x00000000  x3=0x00000000
      767762000	     38286	800083ce	8535	c.srai	x10,0xd	 x10:0x00000036 x10=0x00000000
      767782000	     38287	800083d0	0166f463	bgeu	x13,x22,800083d8	 x13:0xffffffff x22:0x00000000
      768422000	     38319	800083d8	0001	c.addi	x0,0	  x0:0x00000000  x0=0x00000000
      768442000	     38320	800083da	8515	c.srai	x10,0x5	 x10:0x00000000 x10=0x00000000
      768462000	     38321	800083dc	5f28eb97	auipc	x23,0x5f28e	 x23=0xdf2963dc
      768482000	     38322	800083e0	00c6c0b3	xor	x1,x13,x12	 x13:0xffffffff x12:0x004be07f  x1=0xffb41f80
      768502000	     38323	800083e4	00de5493	srli	x9,x28,0xd	 x28:0x80021e34  x9=0x00040010
      768542000	     38325	800083e8	c611	c.beqz	x12,800083f4	 x12:0x004be07f
      768562000	     38326	800083ea	9a8e	c.add	x21,x3	 x21:0xa062bb39  x3:0x00000000 x21=0xa062bb39
      768582000	     38327	800083ec	01df88b3	add	x17,x31,x29	 x31:0xfffffdb3 x29:0x00000001 x17=0xfffffdb4
      768602000	     38328	800083f0	2ef6b2b7	lui	x5,0x2ef6b	  x5=0x2ef6b000
      768622000	     38329	800083f4	8749	c.srai	x14,0x12	 x14:0x00000000 x14=0x00000000
      768642000	     38330	800083f6	01431813	slli	x16,x6,0x14	  x6:0x00000000 x16=0x00000000
      768662000	     38331	800083fa	009dfc33	and	x24,x27,x9	 x27:0x15800000  x9:0x00040010 x24=0x00000000
      768682000	     38332	800083fe	4148df93	srai	x31,x17,0x14	 x17:0xfffffdb4 x31=0xffffffff
      768702000	     38333	80008402	00189563	bne	x17,x1,8000840c	 x17:0xfffffdb4  x1:0xffb41f80
      769602000	     38378	8000840c	e409	c.bnez	x8,80008416	  x8:0x00db5132
      770522000	     38424	80008416	0025b133	sltu	x2,x11,x2	 x11:0x00000000  x2:0xffe00a5c  x2=0x00000001
      770542000	     38425	8000841a	8d79	c.and	x10,x14	 x10:0x00000000 x14:0x00000000 x10=0x00000000
      770562000	     38426	8000841c	009f4663	blt	x30,x9,80008428	 x30:0x80025ce4  x9:0x00040010
      771162000	     38456	80008428	012d7c33	and	x24,x26,x18	 x26:0x00000025 x18:0xffffe000 x24=0x00000000
      771582000	     38477	8000842c	25ca2b93	slti	x23,x20,604	 x20:0x00000000 x23=0x00000001
      772002000	     38498	80008430	6849	c.lui	x16,0x12	 x16=0x00012000
      772022000	     38499	80008432	0001	c.addi	x0,0	  x0:0x00000000  x0=0x00000000
      772102000	     38503	80008434	8c99	c.sub	x9,x14	  x9:0x00040010 x14:0x00000000  x9=0x00040010
      772302000	     38513	80008436	011d0e63	beq	x26,x17,80008452	 x26:0x00000025 x17:0xfffffdb4
      772322000	     38514	8000843a	e681	c.bnez	x13,80008442	 x13:0xffffffff
      772762000	     38536	80008442	52c65c97	auipc	x25,0x52c65	 x25=0xd2c6d442
      773122000	     38554	80008446	01135113	srli	x2,x6,0x11	  x6:0x00000000  x2=0x00000000
      773862000	     38591	8000844a	03deeab3	rem	x21,x29,x29	 x29:0x00000001 x29:0x00000001 x21=0x00000000
      773882000	     38592	8000844e	00db1d13	slli	x26,x22,0xd	 x22:0x00000000 x26=0x00000000
      773922000	     38594	80008452	0204a0b3	mulhsu	x1,x9,x0	  x9:0x00040010  x0:0x00000000  x1=0x00000000
      773942000	     38595	80008456	3038c913	xori	x18,x17,771	 x17:0xfffffdb4 x18=0xfffffeb7
      773962000	     38596	8000845a	ca85	c.beqz	x13,8000848a	 x13:0xffffffff
      773982000	     38597	8000845c	001dc333	xor	x6,x27,x1	 x27:0x15800000  x1:0x00000000  x6=0x15800000
      774722000	     38634	80008460	029f7b33	remu	x22,x30,x9	 x30:0x80025ce4  x9:0x00040010 x22=0x00005ce4
      774742000	     38635	80008464	03b802b3	mul	x5,x16,x27	 x16:0x00012000 x27:0x15800000  x5=0x00000000
      774762000	     38636	80008468	8c59	c.or	x8,x14	  x8:0x00db5132 x14:0x00000000  x8=0x00db5132
      774782000	     38637	8000846a	00619813	slli	x16,x3,0x6	  x3:0x00000000 x16=0x00000000
      774802000	     38638	8000846e	00a23733	sltu	x14,x4,x10	  x4:0x00000000 x10:0x00000000 x14=0x00000000
      774822000	     38639	80008472	8f31	c.xor	x14,x12	 x14:0x00000000 x12:0x004be07f x14=0x004be07f
      774842000	     38640	80008474	8fb2	c.mv	x31,x12	  x0:0x00000000 x12:0x004be07f x31=0x004be07f
      775042000	     38650	80008476	53133d13	sltiu	x26,x6,1329	  x6:0x15800000 x26=0x00000000
      775062000	     38651	8000847a	81ad	c.srli	x11,0xb	 x11:0x00000000 x11=0x00000000
      775082000	     38652	8000847c	7790ed93	ori	x27,x1,1913	  x1:0x00000000 x27=0x00000779
      775102000	     38653	80008480	0390	c.addi4spn	x12,x2,448	 x12=0x000001c0
      775122000	     38654	80008482	8365	c.srli	x14,0x19	 x14:0x004be07f x14=0x00000000
      775142000	     38655	80008484	151eaa93	slti	x21,x29,337	 x29:0x00000001 x21=0x00000001
      775202000	     38658	80008488	1c7d	c.addi	x24,-1	 x24:0x00000000 x24=0xffffffff
      775222000	     38659	8000848a	4251	c.li	x4,20	  x4=0x00000014
      775362000	     38666	8000848c	8579	c.srai	x10,0x1e	 x10:0x00000000 x10=0x00000000
      775382000	     38667	8000848e	e289	c.bnez	x13,80008490	 x13:0xffffffff
      775722000	     38684	80008490	33a74c93	xori	x25,x14,826	 x14:0x00000000 x25=0x0000033a
      784322000	     39114	80008494	03ffdc63	bge	x31,x31,800084cc	 x31:0x004be07f x31:0x004be07f
      784402000	     39118	800084cc	717d	c.addi16sp	x2,-16	  x2:0x00000000  x2=0xfffffff0
      784422000	     39119	800084ce	992e	c.add	x18,x11	 x18:0xfffffeb7 x11:0x00000000 x18=0xfffffeb7
      784942000	     39145	800084d0	0000100f	fence.i	
      785962000	     39196	800084d4	02624bb3	div	x23,x4,x6	  x4:0x00000014  x6:0x15800000 x23=0x00000000
      785982000	     39197	800084d8	013bf463	bgeu	x23,x19,800084e0	 x23:0x00000000 x19:0x00000000
      786382000	     39217	800084e0	05258b13	addi	x22,x11,82	 x11:0x00000000 x22=0x00000052
      786402000	     39218	800084e4	65e9	c.lui	x11,0x1a	 x11=0x0001a000
      786422000	     39219	800084e6	0001	c.addi	x0,0	  x0:0x00000000  x0=0x00000000
      786442000	     39220	800084e8	0000100f	fence.i	
      786702000	     39233	800084ec	02903fb3	mulhu	x31,x0,x9	  x0:0x00000000  x9:0x00040010 x31=0x00000000
      786722000	     39234	800084f0	38164313	xori	x6,x12,897	 x12:0x000001c0  x6=0x00000241
      786822000	     39239	800084f4	00bf7db3	and	x27,x30,x11	 x30:0x80025ce4 x11:0x0001a000 x27=0x00000000
      786842000	     39240	800084f8	01a6a0b3	slt	x1,x13,x26	 x13:0xffffffff x26:0x00000000  x1=0x00000001
      787282000	     39262	800084fc	026622b3	mulhsu	x5,x12,x6	 x12:0x000001c0  x6:0x00000241  x5=0x00000000
      787582000	     39277	80008500	02abefb3	rem	x31,x23,x10	 x23:0x00000000 x10:0x00000000 x31=0x00000000
      787822000	     39289	80008504	00a16333	or	x6,x2,x10	  x2:0xfffffff0 x10:0x00000000  x6=0xfffffff0
      787842000	     39290	80008508	d29bf717	auipc	x14,0xd29bf	 x14=0x529c7508
      788682000	     39332	8000850c	02cee4b3	rem	x9,x29,x12	 x29:0x00000001 x12:0x000001c0  x9=0x00000001
      788702000	     39333	80008510	9646	c.add	x12,x17	 x12:0x000001c0 x17:0xfffffdb4 x12=0xffffff74
      788722000	     39334	80008512	80bd	c.srli	x9,0xf	  x9:0x00000001  x9=0x00000000
      789462000	     39371	80008514	03d05733	divu	x14,x0,x29	  x0:0x00000000 x29:0x00000001 x14=0x00000000
      789482000	     39372	80008518	00cb9c33	sll	x24,x23,x12	 x23:0x00000000 x12:0xffffff74 x24=0x00000000
      789502000	     39373	8000851c	4148df33	sra	x30,x17,x20	 x17:0xfffffdb4 x20:0x00000000 x30=0xfffffdb4
      789522000	     39374	80008520	41288eb3	sub	x29,x17,x18	 x17:0xfffffdb4 x18:0xfffffeb7 x29=0xfffffefd
      789542000	     39375	80008524	f1d39337	lui	x6,0xf1d39	  x6=0xf1d39000
      789562000	     39376	80008528	01bbc763	blt	x23,x27,80008536	 x23:0x00000000 x27:0x00000000
      789602000	     39378	8000852c	03b071b3	remu	x3,x0,x27	  x0:0x00000000 x27:0x00000000  x3=0x00000000
      789922000	     39394	80008530	0300ed33	rem	x26,x1,x16	  x1:0x00000001 x16:0x00000000 x26=0x00000001
      789942000	     39395	80008534	577d	c.li	x14,-1	 x14=0xffffffff
      789962000	     39396	80008536	8f09	c.sub	x14,x10	 x14:0xffffffff x10:0x00000000 x14=0xffffffff
      790082000	     39402	80008538	40b15113	srai	x2,x2,0xb	  x2:0xfffffff0  x2=0xffffffff
      790122000	     39404	8000853c	02c5a6b3	mulhsu	x13,x11,x12	 x11:0x0001a000 x12:0xffffff74 x13=0x00019fff
      790142000	     39405	80008540	403bd713	srai	x14,x23,0x3	 x23:0x00000000 x14=0x00000000
      790302000	     39413	80008544	68f1	c.lui	x17,0x1c	 x17=0x0001c000
      790322000	     39414	80008546	9d8a	c.add	x27,x2	 x27:0x00000000  x2:0xffffffff x27=0xffffffff
      790342000	     39415	80008548	0ff0000f	fence	iorw,iorw	
      790382000	     39417	8000854c	8c6d	c.and	x8,x11	  x8:0x00db5132 x11:0x0001a000  x8=0x00010000
      790402000	     39418	8000854e	0ff0000f	fence	iorw,iorw	
      790522000	     39424	80008552	01497263	bgeu	x18,x20,80008556	 x18:0xfffffeb7 x20:0x00000000
      791022000	     39449	80008556	419cd533	sra	x10,x25,x25	 x25:0x0000033a x25:0x0000033a x10=0x00000000
      791362000	     39466	8000855a	00c420b3	slt	x1,x8,x12	  x8:0x00010000 x12:0xffffff74  x1=0x00000000
      791382000	     39467	8000855e	c29d	c.beqz	x13,80008584	 x13:0x00019fff
      791402000	     39468	80008560	00e27663	bgeu	x4,x14,8000856c	  x4:0x00000014 x14:0x00000000
      791542000	     39475	8000856c	6111	c.addi16sp	x2,256	  x2:0xffffffff  x2=0x000000ff
      791562000	     39476	8000856e	8cfa	c.mv	x25,x30	  x0:0x00000000 x30:0xfffffdb4 x25=0xfffffdb4
      791762000	     39486	80008570	0ff0000f	fence	iorw,iorw	
      791822000	     39489	80008574	ee0d	c.bnez	x12,800085ae	 x12:0xffffff74
      793082000	     39552	800085ae	b1260a13	addi	x20,x12,-1262	 x12:0xffffff74 x20=0xfffffa86
      793102000	     39553	800085b2	0c89	c.addi	x25,2	 x25:0xfffffdb4 x25=0xfffffdb6
      793122000	     39554	800085b4	01635613	srli	x12,x6,0x16	  x6:0xf1d39000 x12=0x000003c7
      793202000	     39558	800085b8	84b5	c.srai	x9,0xd	  x9:0x00000000  x9=0x00000000
      793222000	     39559	800085ba	1a84	c.addi4spn	x9,x2,368	  x9=0x0000026f
      793242000	     39560	800085bc	8359	c.srli	x14,0x16	 x14:0x00000000 x14=0x00000000
      793442000	     39570	800085be	03d71c33	mulh	x24,x14,x29	 x14:0x00000000 x29:0xfffffefd x24=0x00000000
      793822000	     39589	800085c2	015f5b33	srl	x22,x30,x21	 x30:0xfffffdb4 x21:0x00000001 x22=0x7ffffeda
      794562000	     39626	800085c6	032045b3	div	x11,x0,x18	  x0:0x00000000 x18:0xfffffeb7 x11=0x00000000
      794602000	     39628	800085ca	02a73f33	mulhu	x30,x14,x10	 x14:0x00000000 x10:0x00000000 x30=0x00000000
      794622000	     39629	800085ce	8e99	c.sub	x13,x14	 x13:0x00019fff x14:0x00000000 x13=0x00019fff
      794662000	     39631	800085d0	0213c5b3	div	x11,x7,x1	  x7:0x80000000  x1:0x00000000 x11=0xffffffff
      794682000	     39632	800085d4	926a	c.add	x4,x26	  x4:0x00000014 x26:0x00000001  x4=0x00000015
      794702000	     39633	800085d6	eefd0c13	addi	x24,x26,-273	 x26:0x00000001 x24=0xfffffef0
      794722000	     39634	800085da	00385db3	srl	x27,x16,x3	 x16:0x00000000  x3:0x00000000 x27=0x00000000
      794982000	     39647	800085de	01d3d993	srli	x19,x7,0x1d	  x7:0x80000000 x19=0x00000004
      795002000	     39648	800085e2	81c1	c.srli	x11,0x10	 x11:0xffffffff x11=0x0000ffff
      795042000	     39650	800085e4	030654b3	divu	x9,x12,x16	 x12:0x000003c7 x16:0x00000000  x9=0xffffffff
      795082000	     39652	800085e8	03f12b33	mulhsu	x22,x2,x31	  x2:0x000000ff x31:0x00000000 x22=0x00000000
      795162000	     39656	800085ec	01d49eb3	sll	x29,x9,x29	  x9:0xffffffff x29:0xfffffefd x29=0xe0000000
      795182000	     39657	800085f0	66ad	c.lui	x13,0xb	 x13=0x0000b000
      795202000	     39658	800085f2	120c	c.addi4spn	x11,x2,288	 x11=0x0000021f
      795222000	     39659	800085f4	00512233	slt	x4,x2,x5	  x2:0x000000ff  x5:0x00000000  x4=0x00000000
      795622000	     39679	800085f8	e885	c.bnez	x9,80008628	  x9:0xffffffff
      797042000	     39750	80008628	03ad52b3	divu	x5,x26,x26	 x26:0x00000001 x26:0x00000001  x5=0x00000001
      797062000	     39751	8000862c	717d	c.addi16sp	x2,-16	  x2:0x000000ff  x2=0x000000ef
      797082000	     39752	8000862e	03598063	beq	x19,x21,8000864e	 x19:0x00000004 x21:0x00000001
      797222000	     39759	80008632	036ae0b3	rem	x1,x21,x22	 x21:0x00000001 x22:0x00000000  x1=0x00000001
      797242000	     39760	80008636	9657b113	sltiu	x2,x15,-1691	 x15:0x80025ce4  x2=0x00000001
      798002000	     39798	8000863a	03d262b3	rem	x5,x4,x29	  x4:0x00000000 x29:0xe0000000  x5=0x00000000
      798022000	     39799	8000863e	63a67b13	andi	x22,x12,1594	 x12:0x000003c7 x22=0x00000202
      798042000	     39800	80008642	0000100f	fence.i	
      798502000	     39823	80008646	6131	c.addi16sp	x2,320	  x2:0x00000001  x2=0x00000141
      798782000	     39837	80008648	8eb6	c.mv	x29,x13	  x0:0x00000000 x13:0x0000b000 x29=0x0000b000
      798962000	     39846	8000864a	401b5313	srai	x6,x22,0x1	 x22:0x00000202  x6=0x00000101
      799002000	     39848	8000864e	03bd6ab3	rem	x21,x26,x27	 x26:0x00000001 x27:0x00000000 x21=0x00000001
      799022000	     39849	80008652	924a	c.add	x4,x18	  x4:0x00000000 x18:0xfffffeb7  x4=0xfffffeb7
      799042000	     39850	80008654	0000100f	fence.i	
      799982000	     39897	80008658	ead1ba93	sltiu	x21,x3,-339	  x3:0x00000000 x21=0x00000001
      800002000	     39898	8000865c	0017dc33	srl	x24,x15,x1	 x15:0x80025ce4  x1:0x00000001 x24=0x40012e72
      800082000	     39902	80008660	0057c963	blt	x15,x5,80008672	 x15:0x80025ce4  x5:0x00000000
      801062000	     39951	80008672	2f0bfc93	andi	x25,x23,752	 x23:0x00000000 x25=0x00000000
      801082000	     39952	80008676	e705	c.bnez	x14,8000869e	 x14:0x00000000
      801482000	     39972	80008678	009b5763	bge	x22,x9,80008686	 x22:0x00000202  x9:0xffffffff
      801842000	     39990	80008686	00e3b033	sltu	x0,x7,x14	  x7:0x80000000 x14:0x00000000  x0=0x00000000
      801862000	     39991	8000868a	0298	c.addi4spn	x14,x2,320	 x14=0x00000281
      801882000	     39992	8000868c	019a75b3	and	x11,x20,x25	 x20:0xfffffa86 x25:0x00000000 x11=0x00000000
      802062000	     40001	80008690	071e	c.slli	x14,0x7	 x14:0x00000281 x14=0x00014080
      802082000	     40002	80008692	56fd	c.li	x13,-1	 x13=0xffffffff
      802102000	     40003	80008694	0056e733	or	x14,x13,x5	 x13:0xffffffff  x5:0x00000000 x14=0xffffffff
      802122000	     40004	80008698	0ff0000f	fence	iorw,iorw	
      802142000	     40005	8000869c	8cd9	c.or	x9,x14	  x9:0xffffffff x14:0xffffffff  x9=0xffffffff
      802162000	     40006	8000869e	8955	c.andi	x10,21	 x10:0x00000000 x10=0x00000000
      802182000	     40007	800086a0	34242113	slti	x2,x8,834	  x8:0x00010000  x2=0x00000000
      802202000	     40008	800086a4	8a3d	c.andi	x12,15	 x12:0x000003c7 x12=0x00000007
      802242000	     40010	800086a6	03b49d33	mulh	x26,x9,x27	  x9:0xffffffff x27:0x00000000 x26=0x00000000
      802622000	     40029	800086aa	00705d93	srli	x27,x0,0x7	  x0:0x00000000 x27=0x00000000
      802742000	     40035	800086ae	017de133	or	x2,x27,x23	 x27:0x00000000 x23:0x00000000  x2=0x00000000
      802782000	     40037	800086b2	022c6033	rem	x0,x24,x2	 x24:0x40012e72  x2:0x00000000  x0=0x00000000
      802802000	     40038	800086b6	98e6	c.add	x17,x25	 x17:0x0001c000 x25:0x00000000 x17=0x0001c000
      802842000	     40040	800086b8	03762eb3	mulhsu	x29,x12,x23	 x12:0x00000007 x23:0x00000000 x29=0x00000000
      802862000	     40041	800086bc	0388	c.addi4spn	x10,x2,448	 x10=0x000001c0
      802882000	     40042	800086be	8f71	c.and	x14,x12	 x14:0xffffffff x12:0x00000007 x14=0x00000007
      803222000	     40059	800086c0	09c6	c.slli	x19,0x11	 x19:0x00000004 x19=0x00080000
      803242000	     40060	800086c2	8f65	c.and	x14,x9	 x14:0x00000007  x9:0xffffffff x14=0x00000007
      803262000	     40061	800086c4	8c81	c.sub	x9,x8	  x9:0xffffffff  x8:0x00010000  x9=0xfffeffff
      803662000	     40081	800086c6	732fd117	auipc	x2,0x732fd	  x2=0xf33056c6
      803782000	     40087	800086ca	0110eb33	or	x22,x1,x17	  x1:0x00000001 x17:0x0001c000 x22=0x0001c001
      803802000	     40088	800086ce	6119	c.addi16sp	x2,384	  x2:0xf33056c6  x2=0xf3305846
      803822000	     40089	800086d0	015e5a63	bge	x28,x21,800086e4	 x28:0x80021e34 x21:0x00000001
      803842000	     40090	800086d4	8f51	c.or	x14,x12	 x14:0x00000007 x12:0x00000007 x14=0x00000007
      803862000	     40091	800086d6	4126d233	sra	x4,x13,x18	 x13:0xffffffff x18:0xfffffeb7  x4=0xffffffff
      804042000	     40100	800086da	003df1b3	and	x3,x27,x3	 x27:0x00000000  x3:0x00000000  x3=0x00000000
      804062000	     40101	800086de	0001	c.addi	x0,0	  x0:0x00000000  x0=0x00000000
      804082000	     40102	800086e0	005dcf63	blt	x27,x5,800086fe	 x27:0x00000000  x5:0x00000000
      804162000	     40106	800086e4	0027bdb3	sltu	x27,x15,x2	 x15:0x80025ce4  x2:0xf3305846 x27=0x00000001
      804602000	     40128	800086e8	02942fb3	mulhsu	x31,x8,x9	  x8:0x00010000  x9:0xfffeffff x31=0x0000fffe
      804622000	     40129	800086ec	cb09	c.beqz	x14,800086fe	 x14:0x00000007
      804762000	     40136	800086ee	00a29333	sll	x6,x5,x10	  x5:0x00000000 x10:0x000001c0  x6=0x00000000
      804782000	     40137	800086f2	408b8833	sub	x16,x23,x8	 x23:0x00000000  x8:0x00010000 x16=0xffff0000
      804802000	     40138	800086f6	0056d313	srli	x6,x13,0x5	 x13:0xffffffff  x6=0x07ffffff
      804922000	     40144	800086fa	01e89ab3	sll	x21,x17,x30	 x17:0x0001c000 x30:0x00000000 x21=0x0001c000
      804942000	     40145	800086fe	c015	c.beqz	x8,80008722	  x8:0x00010000
      804962000	     40146	80008700	01963833	sltu	x16,x12,x25	 x12:0x00000007 x25:0x00000000 x16=0x00000000
      804982000	     40147	80008704	0001	c.addi	x0,0	  x0:0x00000000  x0=0x00000000
      805102000	     40153	80008706	01deabb3	slt	x23,x29,x29	 x29:0x00000000 x29:0x00000000 x23=0x00000000
      805542000	     40175	8000870a	0236d433	divu	x8,x13,x3	 x13:0xffffffff  x3:0x00000000  x8=0xffffffff
      805742000	     40185	8000870e	03a411b3	mulh	x3,x8,x26	  x8:0xffffffff x26:0x00000000  x3=0x00000000
      806162000	     40206	80008712	02932833	mulhsu	x16,x6,x9	  x6:0x07ffffff  x9:0xfffeffff x16=0x07fff7fe
      806182000	     40207	80008716	41ed0333	sub	x6,x26,x30	 x26:0x00000000 x30:0x00000000  x6=0x00000000
      806202000	     40208	8000871a	026f0d33	mul	x26,x30,x6	 x30:0x00000000  x6:0x00000000 x26=0x00000000
      806402000	     40218	8000871e	025cad33	mulhsu	x26,x25,x5	 x25:0x00000000  x5:0x00000000 x26=0x00000000
      806422000	     40219	80008722	6bed	c.lui	x23,0x1b	 x23=0x0001b000
      806462000	     40221	80008724	0161b5b3	sltu	x11,x3,x22	  x3:0x00000000 x22:0x0001c001 x11=0x00000001
      806642000	     40230	80008728	029f36b3	mulhu	x13,x30,x9	 x30:0x00000000  x9:0xfffeffff x13=0x00000000
      806662000	     40231	8000872c	8a59	c.andi	x12,22	 x12:0x00000007 x12=0x00000006
      806742000	     40235	8000872e	01385333	srl	x6,x16,x19	 x16:0x07fff7fe x19:0x00080000  x6=0x07fff7fe
      806762000	     40236	80008732	8c96	c.mv	x25,x5	  x0:0x00000000  x5:0x00000000 x25=0x00000000
      806782000	     40237	80008734	8e21	c.xor	x12,x8	 x12:0x00000006  x8:0xffffffff x12=0xfffffff9
      806882000	     40242	80008736	004e2a83	lw	x21,4(x28)	 x28:0x80021e34 x21=0x80005dd2 PA:0x80021e38 load:0x80005dd2
      806902000	     40243	8000873a	8981	c.andi	x11,0	 x11:0x00000001 x11=0x00000000
      807042000	     40250	8000873c	a85b7c13	andi	x24,x22,-1403	 x22:0x0001c001 x24=0x0001c001
      807442000	     40270	80008740	00705b93	srli	x23,x0,0x7	  x0:0x00000000 x23=0x00000000
      807562000	     40276	80008744	41d68233	sub	x4,x13,x29	 x13:0x00000000 x29:0x00000000  x4=0x00000000
      807742000	     40285	80008748	020e0e13	addi	x28,x28,32	 x28:0x80021e34 x28=0x80021e54
      807762000	     40286	8000874c	881d2993	slti	x19,x26,-1919	 x26:0x00000000 x19=0x00000000
      807782000	     40287	80008750	82d5	c.srli	x13,0x15	 x13:0x00000000 x13=0x00000000
      807802000	     40288	80008752	000a8913	addi	x18,x21,0	 x21:0x80005dd2 x18=0x80005dd2
      808062000	     40301	80008756	00090967	jalr	x18,0(x18)	 x18:0x80005dd2 x18=0x8000875a
      809182000	     40357	80005dd2	00c5b437	lui	x8,0xc5b	  x8=0x00c5b000
      809202000	     40358	80005dd6	8c65	c.and	x8,x9	  x8:0x00c5b000  x9:0xfffeffff  x8=0x00c4b000
      809302000	     40363	80005dd8	80f1	c.srli	x9,0x1c	  x9:0xfffeffff  x9=0x0000000f
      809522000	     40374	80005dda	03908c33	mul	x24,x1,x25	  x1:0x00000001 x25:0x00000000 x24=0x00000000
      809662000	     40381	80005dde	2c8f0c93	addi	x25,x30,712	 x30:0x00000000 x25=0x000002c8
      809742000	     40385	80005de2	0011e433	or	x8,x3,x1	  x3:0x00000000  x1:0x00000001  x8=0x00000001
      809762000	     40386	80005de6	897d	c.andi	x10,31	 x10:0x000001c0 x10=0x00000000
      810162000	     40406	80005de8	03b7f363	bgeu	x15,x27,80005e0e	 x15:0x80025ce4 x27:0x00000001
      811242000	     40460	80005e0e	03591e63	bne	x18,x21,80005e4a	 x18:0x8000875a x21:0x80005dd2
      812002000	     40498	80005e4a	40a25693	srai	x13,x4,0xa	  x4:0x00000000 x13=0x00000000
      812422000	     40519	80005e4e	03436e63	bltu	x6,x20,80005e8a	  x6:0x07fff7fe x20:0xfffffa86
      812762000	     40536	80005e8a	82ca	c.mv	x5,x18	  x0:0x00000000 x18:0x8000875a  x5=0x8000875a
      813202000	     40558	80005e8c	03752533	mulhsu	x10,x10,x23	 x10:0x00000000 x23:0x00000000 x10=0x00000000
      813222000	     40559	80005e90	01dbdc13	srli	x24,x23,0x1d	 x23:0x00000000 x24=0x00000000
      813242000	     40560	80005e94	9f7e	c.add	x30,x31	 x30:0x00000000 x31:0x0000fffe x30=0x0000fffe
      813482000	     40572	80005e96	02a6acb3	mulhsu	x25,x13,x10	 x13:0x00000000 x10:0x00000000 x25=0x00000000
      813902000	     40593	80005e9a	02386233	rem	x4,x16,x3	 x16:0x07fff7fe  x3:0x00000000  x4=0x07fff7fe
      813922000	     40594	80005e9e	c00d	c.beqz	x8,80005ec0	  x8:0x00000001
      814042000	     40600	80005ea0	55fd	c.li	x11,-1	 x11=0xffffffff
      814782000	     40637	80005ea2	0219f233	remu	x4,x19,x1	 x19:0x00000000  x1:0x00000001  x4=0x00000000
      814802000	     40638	80005ea6	01c7ed63	bltu	x15,x28,80005ec0	 x15:0x80025ce4 x28:0x80021e54
      814822000	     40639	80005eaa	40cb0433	sub	x8,x22,x12	 x22:0x0001c001 x12:0xfffffff9  x8=0x0001c008
      814842000	     40640	80005eae	01814633	xor	x12,x2,x24	  x2:0xf3305846 x24:0x00000000 x12=0xf3305846
      814862000	     40641	80005eb2	4019d993	srai	x19,x19,0x1	 x19:0x00000000 x19=0x00000000
      814882000	     40642	80005eb6	ca8d	c.beqz	x13,80005ee8	 x13:0x00000000
      815182000	     40657	80005ee8	012fbc33	sltu	x24,x31,x18	 x31:0x0000fffe x18:0x8000875a x24=0x00000001
      815362000	     40666	80005eec	62aacc13	xori	x24,x21,1578	 x21:0x80005dd2 x24=0x80005bf8
      815382000	     40667	80005ef0	0cee	c.slli	x25,0x1b	 x25:0x00000000 x25=0x00000000
      815422000	     40669	80005ef2	02e5ac33	mulhsu	x24,x11,x14	 x11:0xffffffff x14:0x00000007 x24=0xffffffff
      815442000	     40670	80005ef6	0bf6	c.slli	x23,0x1d	 x23:0x00000000 x23=0x00000000
      815522000	     40674	80005ef8	a5a6b113	sltiu	x2,x13,-1446	 x13:0x00000000  x2=0x00000001
      815702000	     40683	80005efc	0001	c.addi	x0,0	  x0:0x00000000  x0=0x00000000
      815782000	     40687	80005efe	038b8063	beq	x23,x24,80005f1e	 x23:0x00000000 x24:0xffffffff
      815882000	     40692	80005f02	020e4663	blt	x28,x0,80005f2e	 x28:0x80021e54  x0:0x00000000
      816382000	     40717	80005f2e	9ff6	c.add	x31,x29	 x31:0x0000fffe x29:0x00000000 x31=0x0000fffe
      816422000	     40719	80005f30	c0acf613	andi	x12,x25,-1014	 x25:0x00000000 x12=0x00000000
      816442000	     40720	80005f34	27970c93	addi	x25,x14,633	 x14:0x00000007 x25=0x00000280
      816462000	     40721	80005f38	6445	c.lui	x8,0x11	  x8=0x00011000
      817202000	     40758	80005f3a	02f8f4b3	remu	x9,x17,x15	 x17:0x0001c000 x15:0x80025ce4  x9=0x0001c000
      817222000	     40759	80005f3e	0f647693	andi	x13,x8,246	  x8:0x00011000 x13=0x00000000
      817242000	     40760	80005f42	52fd	c.li	x5,-1	  x5=0xffffffff
      817262000	     40761	80005f44	41a68833	sub	x16,x13,x26	 x13:0x00000000 x26:0x00000000 x16=0x00000000
      817282000	     40762	80005f48	41160233	sub	x4,x12,x17	 x12:0x00000000 x17:0x0001c000  x4=0xfffe4000
      817302000	     40763	80005f4c	0642	c.slli	x12,0x10	 x12:0x00000000 x12=0x00000000
      817322000	     40764	80005f4e	021e0bb3	mul	x23,x28,x1	 x28:0x80021e54  x1:0x00000001 x23=0x80021e54
      817442000	     40770	80005f52	01a454b3	srl	x9,x8,x26	  x8:0x00011000 x26:0x00000000  x9=0x00011000
      817562000	     40776	80005f56	025a8eb3	mul	x29,x21,x5	 x21:0x80005dd2  x5:0xffffffff x29=0x7fffa22e
      817582000	     40777	80005f5a	01f61e93	slli	x29,x12,0x1f	 x12:0x00000000 x29=0x00000000
      817622000	     40779	80005f5e	b2cd2593	slti	x11,x26,-1236	 x26:0x00000000 x11=0x00000000
      817802000	     40788	80005f62	0174dd13	srli	x26,x9,0x17	  x9:0x00011000 x26=0x00000000
      817882000	     40792	80005f66	0375a6b3	mulhsu	x13,x11,x23	 x11:0x00000000 x23:0x80021e54 x13=0x00000000
      817902000	     40793	80005f6a	005ad013	srli	x0,x21,0x5	 x21:0x80005dd2  x0=0x00000000
      818102000	     40803	80005f6e	497ce513	ori	x10,x25,1175	 x25:0x00000280 x10=0x00000697
      818322000	     40814	80005f72	0ff0000f	fence	iorw,iorw	
      818342000	     40815	80005f76	0b79	c.addi	x22,30	 x22:0x0001c001 x22=0x0001c01f
      818362000	     40816	80005f78	8e29	c.xor	x12,x10	 x12:0x00000000 x10:0x00000697 x12=0x00000697
      818702000	     40833	80005f7a	df5bff93	andi	x31,x23,-523	 x23:0x80021e54 x31=0x80021c54
      859662000	     42881	80005f7e	02824b33	div	x22,x4,x8	  x4:0xfffe4000  x8:0x00011000 x22=0xffffffff
      859682000	     42882	80005f82	9f9a	c.add	x31,x6	 x31:0x80021c54  x6:0x07fff7fe x31=0x88021452
      860422000	     42919	80005f84	03e1e933	rem	x18,x3,x30	  x3:0x00000000 x30:0x0000fffe x18=0x00000000
      860442000	     42920	80005f88	675d	c.lui	x14,0x17	 x14=0x00017000
      860462000	     42921	80005f8a	0198cbb3	xor	x23,x17,x25	 x17:0x0001c000 x25:0x00000280 x23=0x0001c280
      860482000	     42922	80005f8e	03bed163	bge	x29,x27,80005fb0	 x29:0x00000000 x27:0x00000001
      860522000	     42924	80005f92	03132733	mulhsu	x14,x6,x17	  x6:0x07fff7fe x17:0x0001c000 x14=0x00000dff
      860542000	     42925	80005f96	009bad33	slt	x26,x23,x9	 x23:0x0001c280  x9:0x00011000 x26=0x00000000
      860562000	     42926	80005f9a	8da5	c.xor	x11,x9	 x11:0x00000000  x9:0x00011000 x11=0x00011000
      860582000	     42927	80005f9c	85d9	c.srai	x11,0x16	 x11:0x00011000 x11=0x00000000
      860642000	     42930	80005f9e	03317733	remu	x14,x2,x19	  x2:0x00000001 x19:0x00000000 x14=0x00000001
      860662000	     42931	80005fa2	0114e333	or	x6,x9,x17	  x9:0x00011000 x17:0x0001c000  x6=0x0001d000
      860682000	     42932	80005fa6	8805	c.andi	x8,1	  x8:0x00011000  x8=0x00000000
      860722000	     42934	80005fa8	03d02033	mulhsu	x0,x0,x29	  x0:0x00000000 x29:0x00000000  x0=0x00000000
      860742000	     42935	80005fac	002b7f33	and	x30,x22,x2	 x22:0xffffffff  x2:0x00000001 x30=0x00000001
      860762000	     42936	80005fb0	01fac463	blt	x21,x31,80005fb8	 x21:0x80005dd2 x31:0x88021452
      860942000	     42945	80005fb8	85fe	c.mv	x11,x31	  x0:0x00000000 x31:0x88021452 x11=0x88021452
      860962000	     42946	80005fba	a84ce013	ori	x0,x25,-1404	 x25:0x00000280  x0=0x00000000
      861102000	     42953	80005fbe	41a788b3	sub	x17,x15,x26	 x15:0x80025ce4 x26:0x00000000 x17=0x80025ce4
      861222000	     42959	80005fc2	55fcae93	slti	x29,x25,1375	 x25:0x00000280 x29=0x00000001
      861242000	     42960	80005fc6	40578d33	sub	x26,x15,x5	 x15:0x80025ce4  x5:0xffffffff x26=0x80025ce5
      861262000	     42961	80005fca	99fd	c.andi	x11,-1	 x11:0x88021452 x11=0x88021452
      861282000	     42962	80005fcc	6881d517	auipc	x10,0x6881d	 x10=0xe8822fcc
      861422000	     42969	80005fd0	02bf0963	beq	x30,x11,80006002	 x30:0x00000001 x11:0x88021452
      861722000	     42984	80005fd4	440ee437	lui	x8,0x440ee	  x8=0x440ee000
      862082000	     43002	80005fd8	03ef18b3	mulh	x17,x30,x30	 x30:0x00000001 x30:0x00000001 x17=0x00000000
      862162000	     43006	80005fdc	00449713	slli	x14,x9,0x4	  x9:0x00011000 x14=0x00110000
      862582000	     43027	80005fe0	005a7d33	and	x26,x20,x5	 x20:0xfffffa86  x5:0xffffffff x26=0xfffffa86
      863322000	     43064	80005fe4	037f4b33	div	x22,x30,x23	 x30:0x00000001 x23:0x0001c280 x22=0x00000000
      863342000	     43065	80005fe8	62e1	c.lui	x5,0x18	  x5=0x00018000
      863362000	     43066	80005fea	012aa433	slt	x8,x21,x18	 x21:0x80005dd2 x18:0x00000000  x8=0x00000001
      863382000	     43067	80005fee	95ae	c.add	x11,x11	 x11:0x88021452 x11:0x88021452 x11=0x100428a4
      863402000	     43068	80005ff0	28ac6413	ori	x8,x24,650	 x24:0xffffffff  x8=0xffffffff
      863422000	     43069	80005ff4	86f9	c.srai	x13,0x1e	 x13:0x00000000 x13=0x00000000
      863442000	     43070	80005ff6	e9ae4193	xori	x3,x28,-358	 x28:0x80021e54  x3=0x7ffde0ce
      863462000	     43071	80005ffa	e5df7b13	andi	x22,x30,-419	 x30:0x00000001 x22=0x00000001
      863482000	     43072	80005ffe	00471263	bne	x14,x4,80006002	 x14:0x00110000  x4:0xfffe4000
      865902000	     43193	80006002	02ea49b3	div	x19,x20,x14	 x20:0xfffffa86 x14:0x00110000 x19=0x00000000
      865922000	     43194	80006006	01eb9133	sll	x2,x23,x30	 x23:0x0001c280 x30:0x00000001  x2=0x00038500
      866022000	     43199	8000600a	004e2a83	lw	x21,4(x28)	 x28:0x80021e54 x21=0x80003664 PA:0x80021e58 load:0x80003664
      866042000	     43200	8000600e	4081	c.li	x1,0	  x1=0x00000000
      866082000	     43202	80006010	03969eb3	mulh	x29,x13,x25	 x13:0x00000000 x25:0x00000280 x29=0x00000000
      866102000	     43203	80006014	42568b13	addi	x22,x13,1061	 x13:0x00000000 x22=0x00000425
      866122000	     43204	80006018	0e41	c.addi	x28,16	 x28:0x80021e54 x28=0x80021e64
      866142000	     43205	8000601a	e730e313	ori	x6,x1,-397	  x1:0x00000000  x6=0xfffffe73
      866162000	     43206	8000601e	001a8093	addi	x1,x21,1	 x21:0x80003664  x1=0x80003665
      866182000	     43207	80006022	8082	c.jr	x1	  x1:0x80003665
      867302000	     43263	80003664	8f21	c.xor	x14,x8	 x14:0x00110000  x8:0xffffffff x14=0xffeeffff
      867762000	     43286	80003666	01fc5513	srli	x10,x24,0x1f	 x24:0xffffffff x10=0x00000001
      867782000	     43287	8000366a	0001	c.addi	x0,0	  x0:0x00000000  x0=0x00000000
      868042000	     43300	8000366c	02f8d163	bge	x17,x15,8000368e	 x17:0x00000000 x15:0x80025ce4
      869022000	     43349	8000368e	0001	c.addi	x0,0	  x0:0x00000000  x0=0x00000000
      869102000	     43353	80003690	03b70b33	mul	x22,x14,x27	 x14:0xffeeffff x27:0x00000001 x22=0xffeeffff
      869262000	     43361	80003694	49e53f13	sltiu	x30,x10,1182	 x10:0x00000001 x30=0x00000001
      869702000	     43383	80003698	0316c633	div	x12,x13,x17	 x13:0x00000000 x17:0x00000000 x12=0xffffffff
      869742000	     43385	8000369c	02c52b33	mulhsu	x22,x10,x12	 x10:0x00000001 x12:0xffffffff x22=0x00000000
      869762000	     43386	800036a0	014f1db3	sll	x27,x30,x20	 x30:0x00000001 x20:0xfffffa86 x27=0x00000040
      869922000	     43394	800036a4	55fd	c.li	x11,-1	 x11=0xffffffff
      869982000	     43397	800036a6	fc73c493	xori	x9,x7,-57	  x7:0x80000000  x9=0x7fffffc7
      870002000	     43398	800036aa	00bda0b3	slt	x1,x27,x11	 x27:0x00000040 x11:0xffffffff  x1=0x00000000
      870022000	     43399	800036ae	8c0e	c.mv	x24,x3	  x0:0x00000000  x3:0x7ffde0ce x24=0x7ffde0ce
      870062000	     43401	800036b0	02339f33	mulh	x30,x7,x3	  x7:0x80000000  x3:0x7ffde0ce x30=0xc0010f99
      870462000	     43421	800036b4	03b28f63	beq	x5,x27,800036f2	  x5:0x00018000 x27:0x00000040
      870882000	     43442	800036b8	01fb64b3	or	x9,x22,x31	 x22:0x00000000 x31:0x88021452  x9=0x88021452
      870902000	     43443	800036bc	1d7d	c.addi	x26,-1	 x26:0xfffffa86 x26=0xfffffa85
      870922000	     43444	800036be	82f6	c.mv	x5,x29	  x0:0x00000000 x29:0x00000000  x5=0x00000000
      870962000	     43446	800036c0	0342adb3	mulhsu	x27,x5,x20	  x5:0x00000000 x20:0xfffffa86 x27=0x00000000
      871102000	     43453	800036c4	e889	c.bnez	x9,800036d6	  x9:0x88021452
      872042000	     43500	800036d6	002fd133	srl	x2,x31,x2	 x31:0x88021452  x2:0x00038500  x2=0x88021452
      872062000	     43501	800036da	0ff0000f	fence	iorw,iorw	
      872482000	     43522	800036de	8776fb13	andi	x22,x13,-1929	 x13:0x00000000 x22=0x00000000
      872782000	     43537	800036e2	03748ab3	mul	x21,x9,x23	  x9:0x88021452 x23:0x0001c280 x21=0xa8c24d00
      872802000	     43538	800036e6	a1f16c93	ori	x25,x2,-1505	  x2:0x88021452 x25=0xfffffe5f
      872822000	     43539	800036ea	8efd	c.and	x13,x15	 x13:0x00000000 x15:0x80025ce4 x13=0x00000000
      872842000	     43540	800036ec	98fd	c.andi	x9,-1	  x9:0x88021452  x9=0x88021452
      872902000	     43543	800036ee	00526733	or	x14,x4,x5	  x4:0xfffe4000  x5:0x00000000 x14=0xfffe4000
      872922000	     43544	800036f2	ea19	c.bnez	x12,80003708	 x12:0xffffffff
      873762000	     43586	80003708	00be7133	and	x2,x28,x11	 x28:0x80021e64 x11:0xffffffff  x2=0x80021e64
      873782000	     43587	8000370c	a6222a97	auipc	x21,0xa6222	 x21=0x2622570c
      874162000	     43606	80003710	012406b3	add	x13,x8,x18	  x8:0xffffffff x18:0x00000000 x13=0xffffffff
      874182000	     43607	80003714	547d	c.li	x8,-1	  x8=0xffffffff
      874222000	     43609	80003716	03318bb3	mul	x23,x3,x19	  x3:0x7ffde0ce x19:0x00000000 x23=0x00000000
      874362000	     43616	8000371a	07514a13	xori	x20,x2,117	  x2:0x80021e64 x20=0x80021e11
      875102000	     43653	8000371e	0289fa33	remu	x20,x19,x8	 x19:0x00000000  x8:0xffffffff x20=0x00000000
      875122000	     43654	80003722	8e95	c.sub	x13,x13	 x13:0xffffffff x13:0xffffffff x13=0x00000000
      875142000	     43655	80003724	99fd	c.andi	x11,-1	 x11:0xffffffff x11=0xffffffff
      875882000	     43692	80003726	026bc533	div	x10,x23,x6	 x23:0x00000000  x6:0xfffffe73 x10=0x00000000
      875902000	     43693	8000372a	40f75293	srai	x5,x14,0xf	 x14:0xfffe4000  x5=0xfffffffc
      875942000	     43695	8000372e	02b026b3	mulhsu	x13,x0,x11	  x0:0x00000000 x11:0xffffffff x13=0x00000000
      875962000	     43696	80003732	0000100f	fence.i	
      876122000	     43704	80003736	d80ef413	andi	x8,x29,-640	 x29:0x00000000  x8=0x00000000
      876142000	     43705	8000373a	c1feb813	sltiu	x16,x29,-993	 x29:0x00000000 x16=0x00000001
      876542000	     43725	8000373e	03bc7633	remu	x12,x24,x27	 x24:0x7ffde0ce x27:0x00000000 x12=0x7ffde0ce
      876562000	     43726	80003742	0000100f	fence.i	
      876882000	     43742	80003746	92fa	c.add	x5,x30	  x5:0xfffffffc x30:0xc0010f99  x5=0xc0010f95
      877302000	     43763	80003748	8f41	c.or	x14,x8	 x14:0xfffe4000  x8:0x00000000 x14=0xfffe4000
      877442000	     43770	8000374a	034064b3	rem	x9,x0,x20	  x0:0x00000000 x20:0x00000000  x9=0x00000000
      877562000	     43776	8000374e	010cc433	xor	x8,x25,x16	 x25:0xfffffe5f x16:0x00000001  x8=0xfffffe5e
      877582000	     43777	80003752	e611	c.bnez	x12,8000375e	 x12:0x7ffde0ce
      878122000	     43804	8000375e	9db2	c.add	x27,x12	 x27:0x00000000 x12:0x7ffde0ce x27=0x7ffde0ce
      878182000	     43807	80003760	8ab1	c.andi	x13,12	 x13:0x00000000 x13=0x00000000
      878222000	     43809	80003762	02a39f33	mulh	x30,x7,x10	  x7:0x80000000 x10:0x00000000 x30=0x00000000
      878462000	     43821	80003766	0165f263	bgeu	x11,x22,8000376a	 x11:0xffffffff x22:0x00000000
      878922000	     43844	8000376a	0d9e	c.slli	x27,0x7	 x27:0x7ffde0ce x27=0xfef06700
      879062000	     43851	8000376c	02aefb33	remu	x22,x29,x10	 x29:0x00000000 x10:0x00000000 x22=0x00000000
      879282000	     43862	80003770	abfa9d97	auipc	x27,0xabfa9	 x27=0x2bfac770
      879302000	     43863	80003774	e315	c.bnez	x14,80003798	 x14:0xfffe4000
      879722000	     43884	80003798	67654c93	xori	x25,x10,1654	 x10:0x00000000 x25=0x00000676
      879742000	     43885	8000379c	0000100f	fence.i	
      880182000	     43907	800037a0	06cd	c.addi	x13,19	 x13:0x00000000 x13=0x00000013
      880202000	     43908	800037a2	8005	c.srli	x8,0x1	  x8:0xfffffe5e  x8=0x7fffff2f
      880462000	     43921	800037a4	ffffd397	auipc	x7,0xffffd	  x7=0x800007a4
      880482000	     43922	800037a8	be638393	addi	x7,x7,-1050	  x7:0x800007a4  x7=0x8000038a
      880502000	     43923	800037ac	00038067	jalr	x0,0(x7)	  x7:0x8000038a  x0=0x00000000
      880602000	     43928	8000038a	90000237	lui	x4,0x90000	  x4=0x90000000
      880622000	     43929	8000038e	1261	c.addi	x4,-8	  x4:0x90000000  x4=0x8ffffff8
      880642000	     43930	80000390	4d01	c.li	x26,0	 x26=0x00000000
      880662000	     43931	80000392	0d22	c.slli	x26,0x8	 x26:0x00000000 x26=0x00000000
      880682000	     43932	80000394	0d05	c.addi	x26,1	 x26:0x00000000 x26=0x00000001
      881362000	     43966	80000396	01a22023	sw	x26,0(x4)	  x4:0x8ffffff8 x26:0x00000001 PA:0x8ffffff8 store:0x00000001 load:0xffffffff
      881382000	     43967	8000039a	00000073	ecall	
      899102000	     44853	80002800	0800006f	jal	x0,80002880	  x0=0x00000000
      899222000	     44859	80002880	17f1	c.addi	x15,-4	 x15:0x80025ce4 x15=0x80025ce0
      900162000	     44906	80002882	01c7a023	sw	x28,0(x15)	 x15:0x80025ce0 x28:0x80021e64 PA:0x80025ce0 store:0x80021e64 load:0xffffffff
      900182000	     44907	80002886	00078e33	add	x28,x15,x0	 x15:0x80025ce0  x0:0x00000000 x28=0x80025ce0
      900202000	     44908	8000288a	f80e0e13	addi	x28,x28,-128	 x28:0x80025ce0 x28=0x80025c60
      900382000	     44917	8000288e	001e2223	sw	x1,4(x28)	 x28:0x80025c60  x1:0x00000000 PA:0x80025c64 store:0x00000000 load:0xffffffff
      900562000	     44926	80002892	002e2423	sw	x2,8(x28)	 x28:0x80025c60  x2:0x80021e64 PA:0x80025c68 store:0x80021e64 load:0xffffffff
      900622000	     44929	80002896	003e2623	sw	x3,12(x28)	 x28:0x80025c60  x3:0x7ffde0ce PA:0x80025c6c store:0x7ffde0ce load:0xffffffff
      900642000	     44930	8000289a	004e2823	sw	x4,16(x28)	 x28:0x80025c60  x4:0x8ffffff8 PA:0x80025c70 store:0x8ffffff8 load:0xffffffff
      900862000	     44941	8000289e	005e2a23	sw	x5,20(x28)	 x28:0x80025c60  x5:0xc0010f95 PA:0x80025c74 store:0xc0010f95 load:0xffffffff
      901382000	     44967	800028a2	006e2c23	sw	x6,24(x28)	 x28:0x80025c60  x6:0xfffffe73 PA:0x80025c78 store:0xfffffe73 load:0xffffffff
      901442000	     44970	800028a6	007e2e23	sw	x7,28(x28)	 x28:0x80025c60  x7:0x8000038a PA:0x80025c7c store:0x8000038a load:0xffffffff
      901862000	     44991	800028aa	028e2023	sw	x8,32(x28)	 x28:0x80025c60  x8:0x7fffff2f PA:0x80025c80 store:0x7fffff2f load:0xffffffff
      901962000	     44996	800028ae	029e2223	sw	x9,36(x28)	 x28:0x80025c60  x9:0x00000000 PA:0x80025c84 store:0x00000000 load:0xffffffff
      902562000	     45026	800028b2	02ae2423	sw	x10,40(x28)	 x28:0x80025c60 x10:0x00000000 PA:0x80025c88 store:0x00000000 load:0xffffffff
      902622000	     45029	800028b6	02be2623	sw	x11,44(x28)	 x28:0x80025c60 x11:0xffffffff PA:0x80025c8c store:0xffffffff load:0xffffffff
      903062000	     45051	800028ba	02ce2823	sw	x12,48(x28)	 x28:0x80025c60 x12:0x7ffde0ce PA:0x80025c90 store:0x7ffde0ce load:0xffffffff
      903122000	     45054	800028be	02de2a23	sw	x13,52(x28)	 x28:0x80025c60 x13:0x00000013 PA:0x80025c94 store:0x00000013 load:0xffffffff
      903142000	     45055	800028c2	02ee2c23	sw	x14,56(x28)	 x28:0x80025c60 x14:0xfffe4000 PA:0x80025c98 store:0xfffe4000 load:0xffffffff
      903162000	     45056	800028c6	02fe2e23	sw	x15,60(x28)	 x28:0x80025c60 x15:0x80025ce0 PA:0x80025c9c store:0x80025ce0 load:0xffffffff
      903322000	     45064	800028ca	050e2023	sw	x16,64(x28)	 x28:0x80025c60 x16:0x00000001 PA:0x80025ca0 store:0x00000001 load:0xffffffff
      903602000	     45078	800028ce	051e2223	sw	x17,68(x28)	 x28:0x80025c60 x17:0x00000000 PA:0x80025ca4 store:0x00000000 load:0xffffffff
      903662000	     45081	800028d2	052e2423	sw	x18,72(x28)	 x28:0x80025c60 x18:0x00000000 PA:0x80025ca8 store:0x00000000 load:0xffffffff
      903682000	     45082	800028d6	053e2623	sw	x19,76(x28)	 x28:0x80025c60 x19:0x00000000 PA:0x80025cac store:0x00000000 load:0xffffffff
      903702000	     45083	800028da	054e2823	sw	x20,80(x28)	 x28:0x80025c60 x20:0x00000000 PA:0x80025cb0 store:0x00000000 load:0xffffffff
      904122000	     45104	800028de	055e2a23	sw	x21,84(x28)	 x28:0x80025c60 x21:0x2622570c PA:0x80025cb4 store:0x2622570c load:0xffffffff
      904182000	     45107	800028e2	056e2c23	sw	x22,88(x28)	 x28:0x80025c60 x22:0x00000000 PA:0x80025cb8 store:0x00000000 load:0xffffffff
      904382000	     45117	800028e6	057e2e23	sw	x23,92(x28)	 x28:0x80025c60 x23:0x00000000 PA:0x80025cbc store:0x00000000 load:0xffffffff
      904442000	     45120	800028ea	078e2023	sw	x24,96(x28)	 x28:0x80025c60 x24:0x7ffde0ce PA:0x80025cc0 store:0x7ffde0ce load:0xffffffff
      904582000	     45127	800028ee	079e2223	sw	x25,100(x28)	 x28:0x80025c60 x25:0x00000676 PA:0x80025cc4 store:0x00000676 load:0xffffffff
      904762000	     45136	800028f2	07ae2423	sw	x26,104(x28)	 x28:0x80025c60 x26:0x00000001 PA:0x80025cc8 store:0x00000001 load:0xffffffff
      905162000	     45156	800028f6	07be2623	sw	x27,108(x28)	 x28:0x80025c60 x27:0x2bfac770 PA:0x80025ccc store:0x2bfac770 load:0xffffffff
      905422000	     45169	800028fa	07ce2823	sw	x28,112(x28)	 x28:0x80025c60 x28:0x80025c60 PA:0x80025cd0 store:0x80025c60 load:0xffffffff
      905542000	     45175	800028fe	07de2a23	sw	x29,116(x28)	 x28:0x80025c60 x29:0x00000000 PA:0x80025cd4 store:0x00000000 load:0xffffffff
      905922000	     45194	80002902	07ee2c23	sw	x30,120(x28)	 x28:0x80025c60 x30:0x00000000 PA:0x80025cd8 store:0x00000000 load:0xffffffff
      905982000	     45197	80002906	07fe2e23	sw	x31,124(x28)	 x28:0x80025c60 x31:0x88021452 PA:0x80025cdc store:0x88021452 load:0xffffffff
      906002000	     45198	8000290a	000e07b3	add	x15,x28,x0	 x28:0x80025c60  x0:0x00000000 x15=0x80025c60
      906022000	     45199	8000290e	90000237	lui	x4,0x90000	  x4=0x90000000
      906042000	     45200	80002912	1271	c.addi	x4,-4	  x4:0x90000000  x4=0x8ffffffc
      906062000	     45201	80002914	4d21	c.li	x26,8	 x26=0x00000008
      906082000	     45202	80002916	0d22	c.slli	x26,0x8	 x26:0x00000008 x26=0x00000800
      906102000	     45203	80002918	000d0d13	addi	x26,x26,0	 x26:0x00000800 x26=0x00000800
      906422000	     45219	8000291c	01a22023	sw	x26,0(x4)	  x4:0x8ffffffc x26:0x00000800 PA:0x8ffffffc store:0x00000800 load:0xffffffff
      906442000	     45220	80002920	34102d73	csrrs	x26,mepc,x0	  x0:0x00000000 x26=0x8000039a
      906462000	     45221	80002924	34202d73	csrrs	x26,mcause,x0	  x0:0x00000000 x26=0x00000008
      906482000	     45222	80002928	420d	c.li	x4,3	  x4=0x00000003
      906502000	     45223	8000292a	004d1463	bne	x26,x4,80002932	 x26:0x00000008  x4:0x00000003
      906962000	     45246	80002932	4221	c.li	x4,8	  x4=0x00000008
      906982000	     45247	80002934	044d0d63	beq	x26,x4,8000298e	 x26:0x00000008  x4:0x00000008
      907682000	     45282	8000298e	90000237	lui	x4,0x90000	  x4=0x90000000
      907702000	     45283	80002992	1271	c.addi	x4,-4	  x4:0x90000000  x4=0x8ffffffc
      907722000	     45284	80002994	6d05	c.lui	x26,0x1	 x26=0x00001000
      907802000	     45288	80002996	b00d0d13	addi	x26,x26,-1280	 x26:0x00001000 x26=0x00000b00
      907822000	     45289	8000299a	0d22	c.slli	x26,0x8	 x26:0x00000b00 x26=0x000b0000
      908182000	     45307	8000299c	0d0d	c.addi	x26,3	 x26:0x000b0000 x26=0x000b0003
      908242000	     45310	8000299e	01a22023	sw	x26,0(x4)	  x4:0x8ffffffc x26:0x000b0003 PA:0x8ffffffc store:0x000b0003 load:0xffffffff
      908522000	     45324	800029a2	b0002d73	csrrs	x26,mcycle,x0	  x0:0x00000000 x26=0x0000b109
      908842000	     45340	800029a6	01a22023	sw	x26,0(x4)	  x4:0x8ffffffc x26:0x0000b109 PA:0x8ffffffc store:0x0000b109 load:0xffffffff
      908862000	     45341	800029aa	90000237	lui	x4,0x90000	  x4=0x90000000
      908882000	     45342	800029ae	1271	c.addi	x4,-4	  x4:0x90000000  x4=0x8ffffffc
      908902000	     45343	800029b0	6d05	c.lui	x26,0x1	 x26=0x00001000
      908962000	     45346	800029b2	b80d0d13	addi	x26,x26,-1152	 x26:0x00001000 x26=0x00000b80
      908982000	     45347	800029b6	0d22	c.slli	x26,0x8	 x26:0x00000b80 x26=0x000b8000
      909002000	     45348	800029b8	0d0d	c.addi	x26,3	 x26:0x000b8000 x26=0x000b8003
      909502000	     45373	800029ba	01a22023	sw	x26,0(x4)	  x4:0x8ffffffc x26:0x000b8003 PA:0x8ffffffc store:0x000b8003 load:0xffffffff
      909522000	     45374	800029be	b8002d73	csrrs	x26,mcycleh,x0	  x0:0x00000000 x26=0x00000000
      909622000	     45379	800029c2	01a22023	sw	x26,0(x4)	  x4:0x8ffffffc x26:0x00000000 PA:0x8ffffffc store:0x00000000 load:0xffffffff
      909702000	     45383	800029c6	90000237	lui	x4,0x90000	  x4=0x90000000
      909722000	     45384	800029ca	1271	c.addi	x4,-4	  x4:0x90000000  x4=0x8ffffffc
      909742000	     45385	800029cc	6d05	c.lui	x26,0x1	 x26=0x00001000
      909762000	     45386	800029ce	b03d0d13	addi	x26,x26,-1277	 x26:0x00001000 x26=0x00000b03
      909782000	     45387	800029d2	0d22	c.slli	x26,0x8	 x26:0x00000b03 x26=0x000b0300
      910062000	     45401	800029d4	0d0d	c.addi	x26,3	 x26:0x000b0300 x26=0x000b0303
      910522000	     45424	800029d6	01a22023	sw	x26,0(x4)	  x4:0x8ffffffc x26:0x000b0303 PA:0x8ffffffc store:0x000b0303 load:0xffffffff
      910542000	     45425	800029da	b0302d73	csrrs	x26,mhpmcounter3,x0	  x0:0x00000000 x26=0x00000126
      910962000	     45446	800029de	01a22023	sw	x26,0(x4)	  x4:0x8ffffffc x26:0x00000126 PA:0x8ffffffc store:0x00000126 load:0xffffffff
      910982000	     45447	800029e2	90000237	lui	x4,0x90000	  x4=0x90000000
      911002000	     45448	800029e6	1271	c.addi	x4,-4	  x4:0x90000000  x4=0x8ffffffc
      911022000	     45449	800029e8	6d05	c.lui	x26,0x1	 x26=0x00001000
      911042000	     45450	800029ea	b83d0d13	addi	x26,x26,-1149	 x26:0x00001000 x26=0x00000b83
      911062000	     45451	800029ee	0d22	c.slli	x26,0x8	 x26:0x00000b83 x26=0x000b8300
      911082000	     45452	800029f0	0d0d	c.addi	x26,3	 x26:0x000b8300 x26=0x000b8303
      911142000	     45455	800029f2	01a22023	sw	x26,0(x4)	  x4:0x8ffffffc x26:0x000b8303 PA:0x8ffffffc store:0x000b8303 load:0xffffffff
      911282000	     45462	800029f6	b8302d73	csrrs	x26,mhpmcounter3h,x0	  x0:0x00000000 x26=0x00000000
      911802000	     45488	800029fa	01a22023	sw	x26,0(x4)	  x4:0x8ffffffc x26:0x00000000 PA:0x8ffffffc store:0x00000000 load:0xffffffff
      911822000	     45489	800029fe	90000237	lui	x4,0x90000	  x4=0x90000000
      911842000	     45490	80002a02	1271	c.addi	x4,-4	  x4:0x90000000  x4=0x8ffffffc
      911862000	     45491	80002a04	6d05	c.lui	x26,0x1	 x26=0x00001000
      911882000	     45492	80002a06	b04d0d13	addi	x26,x26,-1276	 x26:0x00001000 x26=0x00000b04
      911902000	     45493	80002a0a	0d22	c.slli	x26,0x8	 x26:0x00000b04 x26=0x000b0400
      911922000	     45494	80002a0c	0d0d	c.addi	x26,3	 x26:0x000b0400 x26=0x000b0403
      912402000	     45518	80002a0e	01a22023	sw	x26,0(x4)	  x4:0x8ffffffc x26:0x000b0403 PA:0x8ffffffc store:0x000b0403 load:0xffffffff
      912422000	     45519	80002a12	b0402d73	csrrs	x26,mhpmcounter4,x0	  x0:0x00000000 x26=0x0000585a
      912622000	     45529	80002a16	01a22023	sw	x26,0(x4)	  x4:0x8ffffffc x26:0x0000585a PA:0x8ffffffc store:0x0000585a load:0xffffffff
      912642000	     45530	80002a1a	90000237	lui	x4,0x90000	  x4=0x90000000
      912662000	     45531	80002a1e	1271	c.addi	x4,-4	  x4:0x90000000  x4=0x8ffffffc
      912682000	     45532	80002a20	6d05	c.lui	x26,0x1	 x26=0x00001000
      912702000	     45533	80002a22	b84d0d13	addi	x26,x26,-1148	 x26:0x00001000 x26=0x00000b84
      912722000	     45534	80002a26	0d22	c.slli	x26,0x8	 x26:0x00000b84 x26=0x000b8400
      912742000	     45535	80002a28	0d0d	c.addi	x26,3	 x26:0x000b8400 x26=0x000b8403
      913042000	     45550	80002a2a	01a22023	sw	x26,0(x4)	  x4:0x8ffffffc x26:0x000b8403 PA:0x8ffffffc store:0x000b8403 load:0xffffffff
      913062000	     45551	80002a2e	b8402d73	csrrs	x26,mhpmcounter4h,x0	  x0:0x00000000 x26=0x00000000
      913262000	     45561	80002a32	01a22023	sw	x26,0(x4)	  x4:0x8ffffffc x26:0x00000000 PA:0x8ffffffc store:0x00000000 load:0xffffffff
      913282000	     45562	80002a36	90000237	lui	x4,0x90000	  x4=0x90000000
      913302000	     45563	80002a3a	1271	c.addi	x4,-4	  x4:0x90000000  x4=0x8ffffffc
      913322000	     45564	80002a3c	6d05	c.lui	x26,0x1	 x26=0x00001000
      913342000	     45565	80002a3e	b05d0d13	addi	x26,x26,-1275	 x26:0x00001000 x26=0x00000b05
      913362000	     45566	80002a42	0d22	c.slli	x26,0x8	 x26:0x00000b05 x26=0x000b0500
      913462000	     45571	80002a44	0d0d	c.addi	x26,3	 x26:0x000b0500 x26=0x000b0503
      913942000	     45595	80002a46	01a22023	sw	x26,0(x4)	  x4:0x8ffffffc x26:0x000b0503 PA:0x8ffffffc store:0x000b0503 load:0xffffffff
      913962000	     45596	80002a4a	b0502d73	csrrs	x26,mhpmcounter5,x0	  x0:0x00000000 x26=0x00000004
      914362000	     45616	80002a4e	01a22023	sw	x26,0(x4)	  x4:0x8ffffffc x26:0x00000004 PA:0x8ffffffc store:0x00000004 load:0xffffffff
      914382000	     45617	80002a52	90000237	lui	x4,0x90000	  x4=0x90000000
      914402000	     45618	80002a56	1271	c.addi	x4,-4	  x4:0x90000000  x4=0x8ffffffc
      914482000	     45622	80002a58	6d05	c.lui	x26,0x1	 x26=0x00001000
      914502000	     45623	80002a5a	b85d0d13	addi	x26,x26,-1147	 x26:0x00001000 x26=0x00000b85
      914522000	     45624	80002a5e	0d22	c.slli	x26,0x8	 x26:0x00000b85 x26=0x000b8500
      914542000	     45625	80002a60	0d0d	c.addi	x26,3	 x26:0x000b8500 x26=0x000b8503
      914622000	     45629	80002a62	01a22023	sw	x26,0(x4)	  x4:0x8ffffffc x26:0x000b8503 PA:0x8ffffffc store:0x000b8503 load:0xffffffff
      914642000	     45630	80002a66	b8502d73	csrrs	x26,mhpmcounter5h,x0	  x0:0x00000000 x26=0x00000000
      914802000	     45638	80002a6a	01a22023	sw	x26,0(x4)	  x4:0x8ffffffc x26:0x00000000 PA:0x8ffffffc store:0x00000000 load:0xffffffff
      914822000	     45639	80002a6e	90000237	lui	x4,0x90000	  x4=0x90000000
      914842000	     45640	80002a72	1271	c.addi	x4,-4	  x4:0x90000000  x4=0x8ffffffc
      914982000	     45647	80002a74	6d05	c.lui	x26,0x1	 x26=0x00001000
      915122000	     45654	80002a76	b06d0d13	addi	x26,x26,-1274	 x26:0x00001000 x26=0x00000b06
      915142000	     45655	80002a7a	0d22	c.slli	x26,0x8	 x26:0x00000b06 x26=0x000b0600
      915162000	     45656	80002a7c	0d0d	c.addi	x26,3	 x26:0x000b0600 x26=0x000b0603
      915242000	     45660	80002a7e	01a22023	sw	x26,0(x4)	  x4:0x8ffffffc x26:0x000b0603 PA:0x8ffffffc store:0x000b0603 load:0xffffffff
      915442000	     45670	80002a82	b0602d73	csrrs	x26,mhpmcounter6,x0	  x0:0x00000000 x26=0x0000003c
      915622000	     45679	80002a86	01a22023	sw	x26,0(x4)	  x4:0x8ffffffc x26:0x0000003c PA:0x8ffffffc store:0x0000003c load:0xffffffff
      915742000	     45685	80002a8a	90000237	lui	x4,0x90000	  x4=0x90000000
      915762000	     45686	80002a8e	1271	c.addi	x4,-4	  x4:0x90000000  x4=0x8ffffffc
      915802000	     45688	80002a90	6d05	c.lui	x26,0x1	 x26=0x00001000
      915882000	     45692	80002a92	b86d0d13	addi	x26,x26,-1146	 x26:0x00001000 x26=0x00000b86
      915902000	     45693	80002a96	0d22	c.slli	x26,0x8	 x26:0x00000b86 x26=0x000b8600
      915922000	     45694	80002a98	0d0d	c.addi	x26,3	 x26:0x000b8600 x26=0x000b8603
      916122000	     45704	80002a9a	01a22023	sw	x26,0(x4)	  x4:0x8ffffffc x26:0x000b8603 PA:0x8ffffffc store:0x000b8603 load:0xffffffff
      916142000	     45705	80002a9e	b8602d73	csrrs	x26,mhpmcounter6h,x0	  x0:0x00000000 x26=0x00000000
      916442000	     45720	80002aa2	01a22023	sw	x26,0(x4)	  x4:0x8ffffffc x26:0x00000000 PA:0x8ffffffc store:0x00000000 load:0xffffffff
      916462000	     45721	80002aa6	90000237	lui	x4,0x90000	  x4=0x90000000
      916482000	     45722	80002aaa	1271	c.addi	x4,-4	  x4:0x90000000  x4=0x8ffffffc
      916502000	     45723	80002aac	6d05	c.lui	x26,0x1	 x26=0x00001000
      916522000	     45724	80002aae	b07d0d13	addi	x26,x26,-1273	 x26:0x00001000 x26=0x00000b07
      916542000	     45725	80002ab2	0d22	c.slli	x26,0x8	 x26:0x00000b07 x26=0x000b0700
      916562000	     45726	80002ab4	0d0d	c.addi	x26,3	 x26:0x000b0700 x26=0x000b0703
      917222000	     45759	80002ab6	01a22023	sw	x26,0(x4)	  x4:0x8ffffffc x26:0x000b0703 PA:0x8ffffffc store:0x000b0703 load:0xffffffff
      917242000	     45760	80002aba	b0702d73	csrrs	x26,mhpmcounter7,x0	  x0:0x00000000 x26=0x00000055
      917702000	     45783	80002abe	01a22023	sw	x26,0(x4)	  x4:0x8ffffffc x26:0x00000055 PA:0x8ffffffc store:0x00000055 load:0xffffffff
      917722000	     45784	80002ac2	90000237	lui	x4,0x90000	  x4=0x90000000
      917742000	     45785	80002ac6	1271	c.addi	x4,-4	  x4:0x90000000  x4=0x8ffffffc
      917762000	     45786	80002ac8	6d05	c.lui	x26,0x1	 x26=0x00001000
      917782000	     45787	80002aca	b87d0d13	addi	x26,x26,-1145	 x26:0x00001000 x26=0x00000b87
      917802000	     45788	80002ace	0d22	c.slli	x26,0x8	 x26:0x00000b87 x26=0x000b8700
      917822000	     45789	80002ad0	0d0d	c.addi	x26,3	 x26:0x000b8700 x26=0x000b8703
      917902000	     45793	80002ad2	01a22023	sw	x26,0(x4)	  x4:0x8ffffffc x26:0x000b8703 PA:0x8ffffffc store:0x000b8703 load:0xffffffff
      917922000	     45794	80002ad6	b8702d73	csrrs	x26,mhpmcounter7h,x0	  x0:0x00000000 x26=0x00000000
      918062000	     45801	80002ada	01a22023	sw	x26,0(x4)	  x4:0x8ffffffc x26:0x00000000 PA:0x8ffffffc store:0x00000000 load:0xffffffff
      918082000	     45802	80002ade	90000237	lui	x4,0x90000	  x4=0x90000000
      918102000	     45803	80002ae2	1271	c.addi	x4,-4	  x4:0x90000000  x4=0x8ffffffc
      918122000	     45804	80002ae4	6d05	c.lui	x26,0x1	 x26=0x00001000
      918142000	     45805	80002ae6	b08d0d13	addi	x26,x26,-1272	 x26:0x00001000 x26=0x00000b08
      918162000	     45806	80002aea	0d22	c.slli	x26,0x8	 x26:0x00000b08 x26=0x000b0800
      918182000	     45807	80002aec	0d0d	c.addi	x26,3	 x26:0x000b0800 x26=0x000b0803
      918282000	     45812	80002aee	01a22023	sw	x26,0(x4)	  x4:0x8ffffffc x26:0x000b0803 PA:0x8ffffffc store:0x000b0803 load:0xffffffff
      918522000	     45824	80002af2	b0802d73	csrrs	x26,mhpmcounter8,x0	  x0:0x00000000 x26=0x00000238
      918982000	     45847	80002af6	01a22023	sw	x26,0(x4)	  x4:0x8ffffffc x26:0x00000238 PA:0x8ffffffc store:0x00000238 load:0xffffffff
      919002000	     45848	80002afa	90000237	lui	x4,0x90000	  x4=0x90000000
      919022000	     45849	80002afe	1271	c.addi	x4,-4	  x4:0x90000000  x4=0x8ffffffc
      919042000	     45850	80002b00	6d05	c.lui	x26,0x1	 x26=0x00001000
      919342000	     45865	80002b02	b88d0d13	addi	x26,x26,-1144	 x26:0x00001000 x26=0x00000b88
      919362000	     45866	80002b06	0d22	c.slli	x26,0x8	 x26:0x00000b88 x26=0x000b8800
      919382000	     45867	80002b08	0d0d	c.addi	x26,3	 x26:0x000b8800 x26=0x000b8803
      919842000	     45890	80002b0a	01a22023	sw	x26,0(x4)	  x4:0x8ffffffc x26:0x000b8803 PA:0x8ffffffc store:0x000b8803 load:0xffffffff
      919862000	     45891	80002b0e	b8802d73	csrrs	x26,mhpmcounter8h,x0	  x0:0x00000000 x26=0x00000000
      920322000	     45914	80002b12	01a22023	sw	x26,0(x4)	  x4:0x8ffffffc x26:0x00000000 PA:0x8ffffffc store:0x00000000 load:0xffffffff
      920342000	     45915	80002b16	90000237	lui	x4,0x90000	  x4=0x90000000
      920362000	     45916	80002b1a	1271	c.addi	x4,-4	  x4:0x90000000  x4=0x8ffffffc
      920382000	     45917	80002b1c	6d05	c.lui	x26,0x1	 x26=0x00001000
      920402000	     45918	80002b1e	b09d0d13	addi	x26,x26,-1271	 x26:0x00001000 x26=0x00000b09
      920422000	     45919	80002b22	0d22	c.slli	x26,0x8	 x26:0x00000b09 x26=0x000b0900
      920442000	     45920	80002b24	0d0d	c.addi	x26,3	 x26:0x000b0900 x26=0x000b0903
      921002000	     45948	80002b26	01a22023	sw	x26,0(x4)	  x4:0x8ffffffc x26:0x000b0903 PA:0x8ffffffc store:0x000b0903 load:0xffffffff
      921022000	     45949	80002b2a	b0902d73	csrrs	x26,mhpmcounter9,x0	  x0:0x00000000 x26=0x0000011b
      921082000	     45952	80002b2e	01a22023	sw	x26,0(x4)	  x4:0x8ffffffc x26:0x0000011b PA:0x8ffffffc store:0x0000011b load:0xffffffff
      921102000	     45953	80002b32	90000237	lui	x4,0x90000	  x4=0x90000000
      921122000	     45954	80002b36	1271	c.addi	x4,-4	  x4:0x90000000  x4=0x8ffffffc
      921142000	     45955	80002b38	6d05	c.lui	x26,0x1	 x26=0x00001000
      921362000	     45966	80002b3a	b89d0d13	addi	x26,x26,-1143	 x26:0x00001000 x26=0x00000b89
      921382000	     45967	80002b3e	0d22	c.slli	x26,0x8	 x26:0x00000b89 x26=0x000b8900
      921402000	     45968	80002b40	0d0d	c.addi	x26,3	 x26:0x000b8900 x26=0x000b8903
      921762000	     45986	80002b42	01a22023	sw	x26,0(x4)	  x4:0x8ffffffc x26:0x000b8903 PA:0x8ffffffc store:0x000b8903 load:0xffffffff
      921882000	     45992	80002b46	b8902d73	csrrs	x26,mhpmcounter9h,x0	  x0:0x00000000 x26=0x00000000
      922102000	     46003	80002b4a	01a22023	sw	x26,0(x4)	  x4:0x8ffffffc x26:0x00000000 PA:0x8ffffffc store:0x00000000 load:0xffffffff
      922122000	     46004	80002b4e	90000237	lui	x4,0x90000	  x4=0x90000000
      922142000	     46005	80002b52	1271	c.addi	x4,-4	  x4:0x90000000  x4=0x8ffffffc
      922162000	     46006	80002b54	6d05	c.lui	x26,0x1	 x26=0x00001000
      922302000	     46013	80002b56	b0ad0d13	addi	x26,x26,-1270	 x26:0x00001000 x26=0x00000b0a
      922322000	     46014	80002b5a	0d22	c.slli	x26,0x8	 x26:0x00000b0a x26=0x000b0a00
      922342000	     46015	80002b5c	0d0d	c.addi	x26,3	 x26:0x000b0a00 x26=0x000b0a03
      922462000	     46021	80002b5e	01a22023	sw	x26,0(x4)	  x4:0x8ffffffc x26:0x000b0a03 PA:0x8ffffffc store:0x000b0a03 load:0xffffffff
      922482000	     46022	80002b62	b0a02d73	csrrs	x26,mhpmcounter10,x0	  x0:0x00000000 x26=0x000005dc
      922542000	     46025	80002b66	01a22023	sw	x26,0(x4)	  x4:0x8ffffffc x26:0x000005dc PA:0x8ffffffc store:0x000005dc load:0xffffffff
      922742000	     46035	80002b6a	90000237	lui	x4,0x90000	  x4=0x90000000
      922762000	     46036	80002b6e	1271	c.addi	x4,-4	  x4:0x90000000  x4=0x8ffffffc
      922782000	     46037	80002b70	6d05	c.lui	x26,0x1	 x26=0x00001000
      923162000	     46056	80002b72	b8ad0d13	addi	x26,x26,-1142	 x26:0x00001000 x26=0x00000b8a
      923182000	     46057	80002b76	0d22	c.slli	x26,0x8	 x26:0x00000b8a x26=0x000b8a00
      923342000	     46065	80002b78	0d0d	c.addi	x26,3	 x26:0x000b8a00 x26=0x000b8a03
      923462000	     46071	80002b7a	01a22023	sw	x26,0(x4)	  x4:0x8ffffffc x26:0x000b8a03 PA:0x8ffffffc store:0x000b8a03 load:0xffffffff
      923482000	     46072	80002b7e	b8a02d73	csrrs	x26,mhpmcounter10h,x0	  x0:0x00000000 x26=0x00000000
      924242000	     46110	80002b82	01a22023	sw	x26,0(x4)	  x4:0x8ffffffc x26:0x00000000 PA:0x8ffffffc store:0x00000000 load:0xffffffff
      924262000	     46111	80002b86	90000237	lui	x4,0x90000	  x4=0x90000000
      924282000	     46112	80002b8a	1271	c.addi	x4,-4	  x4:0x90000000  x4=0x8ffffffc
      924302000	     46113	80002b8c	6d05	c.lui	x26,0x1	 x26=0x00001000
      924322000	     46114	80002b8e	b0bd0d13	addi	x26,x26,-1269	 x26:0x00001000 x26=0x00000b0b
      924342000	     46115	80002b92	0d22	c.slli	x26,0x8	 x26:0x00000b0b x26=0x000b0b00
      924362000	     46116	80002b94	0d0d	c.addi	x26,3	 x26:0x000b0b00 x26=0x000b0b03
      924522000	     46124	80002b96	01a22023	sw	x26,0(x4)	  x4:0x8ffffffc x26:0x000b0b03 PA:0x8ffffffc store:0x000b0b03 load:0xffffffff
      924742000	     46135	80002b9a	b0b02d73	csrrs	x26,mhpmcounter11,x0	  x0:0x00000000 x26=0x000000e1
      925442000	     46170	80002b9e	01a22023	sw	x26,0(x4)	  x4:0x8ffffffc x26:0x000000e1 PA:0x8ffffffc store:0x000000e1 load:0xffffffff
      925462000	     46171	80002ba2	90000237	lui	x4,0x90000	  x4=0x90000000
      925482000	     46172	80002ba6	1271	c.addi	x4,-4	  x4:0x90000000  x4=0x8ffffffc
      925502000	     46173	80002ba8	6d05	c.lui	x26,0x1	 x26=0x00001000
      925522000	     46174	80002baa	b8bd0d13	addi	x26,x26,-1141	 x26:0x00001000 x26=0x00000b8b
      925542000	     46175	80002bae	0d22	c.slli	x26,0x8	 x26:0x00000b8b x26=0x000b8b00
      925802000	     46188	80002bb0	0d0d	c.addi	x26,3	 x26:0x000b8b00 x26=0x000b8b03
      925882000	     46192	80002bb2	01a22023	sw	x26,0(x4)	  x4:0x8ffffffc x26:0x000b8b03 PA:0x8ffffffc store:0x000b8b03 load:0xffffffff
      926042000	     46200	80002bb6	b8b02d73	csrrs	x26,mhpmcounter11h,x0	  x0:0x00000000 x26=0x00000000
      926102000	     46203	80002bba	01a22023	sw	x26,0(x4)	  x4:0x8ffffffc x26:0x00000000 PA:0x8ffffffc store:0x00000000 load:0xffffffff
      926482000	     46222	80002bbe	90000237	lui	x4,0x90000	  x4=0x90000000
      926502000	     46223	80002bc2	1271	c.addi	x4,-4	  x4:0x90000000  x4=0x8ffffffc
      926762000	     46236	80002bc4	6d05	c.lui	x26,0x1	 x26=0x00001000
      926782000	     46237	80002bc6	b0cd0d13	addi	x26,x26,-1268	 x26:0x00001000 x26=0x00000b0c
      926802000	     46238	80002bca	0d22	c.slli	x26,0x8	 x26:0x00000b0c x26=0x000b0c00
      926822000	     46239	80002bcc	0d0d	c.addi	x26,3	 x26:0x000b0c00 x26=0x000b0c03
      926882000	     46242	80002bce	01a22023	sw	x26,0(x4)	  x4:0x8ffffffc x26:0x000b0c03 PA:0x8ffffffc store:0x000b0c03 load:0xffffffff
      926902000	     46243	80002bd2	b0c02d73	csrrs	x26,mhpmcounter12,x0	  x0:0x00000000 x26=0x00001780
      927082000	     46252	80002bd6	01a22023	sw	x26,0(x4)	  x4:0x8ffffffc x26:0x00001780 PA:0x8ffffffc store:0x00001780 load:0xffffffff
      927102000	     46253	80002bda	90000237	lui	x4,0x90000	  x4=0x90000000
      927122000	     46254	80002bde	1271	c.addi	x4,-4	  x4:0x90000000  x4=0x8ffffffc
      927542000	     46275	80002be0	6d05	c.lui	x26,0x1	 x26=0x00001000
      927742000	     46285	80002be2	b8cd0d13	addi	x26,x26,-1140	 x26:0x00001000 x26=0x00000b8c
      927762000	     46286	80002be6	0d22	c.slli	x26,0x8	 x26:0x00000b8c x26=0x000b8c00
      928142000	     46305	80002be8	0d0d	c.addi	x26,3	 x26:0x000b8c00 x26=0x000b8c03
      928282000	     46312	80002bea	01a22023	sw	x26,0(x4)	  x4:0x8ffffffc x26:0x000b8c03 PA:0x8ffffffc store:0x000b8c03 load:0xffffffff
      928302000	     46313	80002bee	b8c02d73	csrrs	x26,mhpmcounter12h,x0	  x0:0x00000000 x26=0x00000000
      928902000	     46343	80002bf2	01a22023	sw	x26,0(x4)	  x4:0x8ffffffc x26:0x00000000 PA:0x8ffffffc store:0x00000000 load:0xffffffff
      928922000	     46344	80002bf6	ffffdd17	auipc	x26,0xffffd	 x26=0x7ffffbf6
      928942000	     46345	80002bfa	48ad0d13	addi	x26,x26,1162	 x26:0x7ffffbf6 x26=0x80000080
      929182000	     46357	80002bfe	000d2023	sw	x0,0(x26)	 x26:0x80000080  x0:0x00000000 PA:0x80000080 store:0x00000000 load:0xffffffff
      929542000	     46375	80002c02	001d2223	sw	x1,4(x26)	 x26:0x80000080  x1:0x00000000 PA:0x80000084 store:0x00000000 load:0xffffffff
      929782000	     46387	80002c06	002d2423	sw	x2,8(x26)	 x26:0x80000080  x2:0x80021e64 PA:0x80000088 store:0x80021e64 load:0xffffffff
      929862000	     46391	80002c0a	003d2623	sw	x3,12(x26)	 x26:0x80000080  x3:0x7ffde0ce PA:0x8000008c store:0x7ffde0ce load:0xffffffff
      929882000	     46392	80002c0e	004d2823	sw	x4,16(x26)	 x26:0x80000080  x4:0x8ffffffc PA:0x80000090 store:0x8ffffffc load:0xffffffff
      929982000	     46397	80002c12	005d2a23	sw	x5,20(x26)	 x26:0x80000080  x5:0xc0010f95 PA:0x80000094 store:0xc0010f95 load:0xffffffff
      930162000	     46406	80002c16	006d2c23	sw	x6,24(x26)	 x26:0x80000080  x6:0xfffffe73 PA:0x80000098 store:0xfffffe73 load:0xffffffff
      930182000	     46407	80002c1a	007d2e23	sw	x7,28(x26)	 x26:0x80000080  x7:0x8000038a PA:0x8000009c store:0x8000038a load:0xffffffff
      930362000	     46416	80002c1e	028d2023	sw	x8,32(x26)	 x26:0x80000080  x8:0x7fffff2f PA:0x800000a0 store:0x7fffff2f load:0xffffffff
      930582000	     46427	80002c22	029d2223	sw	x9,36(x26)	 x26:0x80000080  x9:0x00000000 PA:0x800000a4 store:0x00000000 load:0xffffffff
      930642000	     46430	80002c26	02ad2423	sw	x10,40(x26)	 x26:0x80000080 x10:0x00000000 PA:0x800000a8 store:0x00000000 load:0xffffffff
      930682000	     46432	80002c2a	02bd2623	sw	x11,44(x26)	 x26:0x80000080 x11:0xffffffff PA:0x800000ac store:0xffffffff load:0xffffffff
      930702000	     46433	80002c2e	02cd2823	sw	x12,48(x26)	 x26:0x80000080 x12:0x7ffde0ce PA:0x800000b0 store:0x7ffde0ce load:0xffffffff
      931142000	     46455	80002c32	02dd2a23	sw	x13,52(x26)	 x26:0x80000080 x13:0x00000013 PA:0x800000b4 store:0x00000013 load:0xffffffff
      931202000	     46458	80002c36	02ed2c23	sw	x14,56(x26)	 x26:0x80000080 x14:0xfffe4000 PA:0x800000b8 store:0xfffe4000 load:0xffffffff
      931522000	     46474	80002c3a	02fd2e23	sw	x15,60(x26)	 x26:0x80000080 x15:0x80025c60 PA:0x800000bc store:0x80025c60 load:0xffffffff
      932042000	     46500	80002c3e	050d2023	sw	x16,64(x26)	 x26:0x80000080 x16:0x00000001 PA:0x800000c0 store:0x00000001 load:0xffffffff
      932142000	     46505	80002c42	051d2223	sw	x17,68(x26)	 x26:0x80000080 x17:0x00000000 PA:0x800000c4 store:0x00000000 load:0xffffffff
      932202000	     46508	80002c46	052d2423	sw	x18,72(x26)	 x26:0x80000080 x18:0x00000000 PA:0x800000c8 store:0x00000000 load:0xffffffff
      932222000	     46509	80002c4a	053d2623	sw	x19,76(x26)	 x26:0x80000080 x19:0x00000000 PA:0x800000cc store:0x00000000 load:0xffffffff
      932242000	     46510	80002c4e	054d2823	sw	x20,80(x26)	 x26:0x80000080 x20:0x00000000 PA:0x800000d0 store:0x00000000 load:0xffffffff
      932322000	     46514	80002c52	055d2a23	sw	x21,84(x26)	 x26:0x80000080 x21:0x2622570c PA:0x800000d4 store:0x2622570c load:0xffffffff
      932442000	     46520	80002c56	056d2c23	sw	x22,88(x26)	 x26:0x80000080 x22:0x00000000 PA:0x800000d8 store:0x00000000 load:0xffffffff
      932482000	     46522	80002c5a	057d2e23	sw	x23,92(x26)	 x26:0x80000080 x23:0x00000000 PA:0x800000dc store:0x00000000 load:0xffffffff
      932802000	     46538	80002c5e	078d2023	sw	x24,96(x26)	 x26:0x80000080 x24:0x7ffde0ce PA:0x800000e0 store:0x7ffde0ce load:0xffffffff
      932842000	     46540	80002c62	079d2223	sw	x25,100(x26)	 x26:0x80000080 x25:0x00000676 PA:0x800000e4 store:0x00000676 load:0xffffffff
      933082000	     46552	80002c66	07ad2423	sw	x26,104(x26)	 x26:0x80000080 x26:0x80000080 PA:0x800000e8 store:0x80000080 load:0xffffffff
      933102000	     46553	80002c6a	07bd2623	sw	x27,108(x26)	 x26:0x80000080 x27:0x2bfac770 PA:0x800000ec store:0x2bfac770 load:0xffffffff
      933262000	     46561	80002c6e	07cd2823	sw	x28,112(x26)	 x26:0x80000080 x28:0x80025c60 PA:0x800000f0 store:0x80025c60 load:0xffffffff
      933642000	     46580	80002c72	07dd2a23	sw	x29,116(x26)	 x26:0x80000080 x29:0x00000000 PA:0x800000f4 store:0x00000000 load:0xffffffff
      933702000	     46583	80002c76	07ed2c23	sw	x30,120(x26)	 x26:0x80000080 x30:0x00000000 PA:0x800000f8 store:0x00000000 load:0xffffffff
      933922000	     46594	80002c7a	07fd2e23	sw	x31,124(x26)	 x26:0x80000080 x31:0x88021452 PA:0x800000fc store:0x88021452 load:0xffffffff
      933942000	     46595	80002c7e	34102d73	csrrs	x26,mepc,x0	  x0:0x00000000 x26=0x8000039a
      933962000	     46596	80002c82	0d11	c.addi	x26,4	 x26:0x8000039a x26=0x8000039e
      934042000	     46600	80002c84	341d1073	csrrw	x0,mepc,x26	 x26:0x8000039e  x0=0x00000000
      934462000	     46621	80002c88	30200073	mret	
      935742000	     46685	8000039e	90000237	lui	x4,0x90000	  x4=0x90000000
      935762000	     46686	800003a2	1261	c.addi	x4,-8	  x4:0x90000000  x4=0x8ffffff8
      935782000	     46687	800003a4	4d05	c.li	x26,1	 x26=0x00000001
      935802000	     46688	800003a6	0d22	c.slli	x26,0x8	 x26:0x00000001 x26=0x00000100
      935822000	     46689	800003a8	0d05	c.addi	x26,1	 x26:0x00000100 x26=0x00000101
      936102000	     46703	800003aa	01a22023	sw	x26,0(x4)	  x4:0x8ffffff8 x26:0x00000101 PA:0x8ffffff8 store:0x00000101 load:0xffffffff
      936222000	     46709	800003ae	00000073	ecall	
      937222000	     46759	80002800	0800006f	jal	x0,80002880	  x0=0x00000000
      937282000	     46762	80002880	17f1	c.addi	x15,-4	 x15:0x80025c60 x15=0x80025c5c
      937382000	     46767	80002882	01c7a023	sw	x28,0(x15)	 x15:0x80025c5c x28:0x80025c60 PA:0x80025c5c store:0x80025c60 load:0xffffffff
      937402000	     46768	80002886	00078e33	add	x28,x15,x0	 x15:0x80025c5c  x0:0x00000000 x28=0x80025c5c
      937422000	     46769	8000288a	f80e0e13	addi	x28,x28,-128	 x28:0x80025c5c x28=0x80025bdc
      937482000	     46772	8000288e	001e2223	sw	x1,4(x28)	 x28:0x80025bdc  x1:0x00000000 PA:0x80025be0 store:0x00000000 load:0xffffffff
