Time	Cycle	PC	Insn	Decoded instruction	Register and memory contents
        1055000	         6	80000080	40001d37	lui	x26,0x40001	 x26=0x40001000
        1065000	         7	80000084	106d0d13	addi	x26,x26,262	 x26:0x40001000 x26=0x40001106
        1075000	         8	80000088	301d1073	csrrw	x0,misa,x26	 x26:0x40001106  x0=0x00000000
        1105000	        11	8000008c	00026797	auipc	x15,0x26	 x15=0x8002608c
        1115000	        12	80000090	c5878793	addi	x15,x15,-936	 x15:0x8002608c x15=0x80025ce4
        1125000	        13	80000094	00002d17	auipc	x26,0x2	 x26=0x80002094
        1135000	        14	80000098	76cd0d13	addi	x26,x26,1900	 x26:0x80002094 x26=0x80002800
        1145000	        15	8000009c	001d6d13	ori	x26,x26,1	 x26:0x80002800 x26=0x80002801
        1155000	        16	800000a0	305d1073	csrrw	x0,mtvec,x26	 x26:0x80002801  x0=0x00000000
        1185000	        19	800000a4	74725073	csrrwi	x0,0x747,4	  x0=0x00000000
        1215000	        22	800000a8	00003397	auipc	x7,0x3	  x7=0x800030a8
        1225000	        23	800000ac	54438393	addi	x7,x7,1348	  x7:0x800030a8  x7=0x800035ec
        1235000	        24	800000b0	4d01	c.li	x26,0	 x26=0x00000000
        1245000	        25	800000b2	93ea	c.add	x7,x26	  x7:0x800035ec x26:0x00000000  x7=0x800035ec
        1255000	        26	800000b4	0023d393	srli	x7,x7,0x2	  x7:0x800035ec  x7=0x20000d7b
        1265000	        27	800000b8	3b039073	csrrw	x0,pmpaddr0,x7	  x7:0x20000d7b  x0=0x00000000
        1295000	        30	800000bc	00003397	auipc	x7,0x3	  x7=0x800030bc
        1305000	        31	800000c0	53038393	addi	x7,x7,1328	  x7:0x800030bc  x7=0x800035ec
        1315000	        32	800000c4	11111d37	lui	x26,0x11111	 x26=0x11111000
        1325000	        33	800000c8	111d0d13	addi	x26,x26,273	 x26:0x11111000 x26=0x11111111
        1335000	        34	800000cc	93ea	c.add	x7,x26	  x7:0x800035ec x26:0x11111111  x7=0x911146fd
        1345000	        35	800000ce	0023d393	srli	x7,x7,0x2	  x7:0x911146fd  x7=0x244451bf
        1355000	        36	800000d2	3b139073	csrrw	x0,pmpaddr1,x7	  x7:0x244451bf  x0=0x00000000
        1385000	        39	800000d6	00003397	auipc	x7,0x3	  x7=0x800030d6
        1395000	        40	800000da	51638393	addi	x7,x7,1302	  x7:0x800030d6  x7=0x800035ec
        1405000	        41	800000de	22222d37	lui	x26,0x22222	 x26=0x22222000
        1415000	        42	800000e2	222d0d13	addi	x26,x26,546	 x26:0x22222000 x26=0x22222222
        1425000	        43	800000e6	93ea	c.add	x7,x26	  x7:0x800035ec x26:0x22222222  x7=0xa222580e
        1435000	        44	800000e8	0023d393	srli	x7,x7,0x2	  x7:0xa222580e  x7=0x28889603
        1445000	        45	800000ec	3b239073	csrrw	x0,pmpaddr2,x7	  x7:0x28889603  x0=0x00000000
        1475000	        48	800000f0	00003397	auipc	x7,0x3	  x7=0x800030f0
        1485000	        49	800000f4	4fc38393	addi	x7,x7,1276	  x7:0x800030f0  x7=0x800035ec
        1495000	        50	800000f8	33333d37	lui	x26,0x33333	 x26=0x33333000
        1505000	        51	800000fc	333d0d13	addi	x26,x26,819	 x26:0x33333000 x26=0x33333333
        1515000	        52	80000100	93ea	c.add	x7,x26	  x7:0x800035ec x26:0x33333333  x7=0xb333691f
        1525000	        53	80000102	0023d393	srli	x7,x7,0x2	  x7:0xb333691f  x7=0x2cccda47
        1535000	        54	80000106	3b339073	csrrw	x0,pmpaddr3,x7	  x7:0x2cccda47  x0=0x00000000
        1565000	        57	8000010a	0f0f13b7	lui	x7,0xf0f1	  x7=0x0f0f1000
        1575000	        58	8000010e	f0f38393	addi	x7,x7,-241	  x7:0x0f0f1000  x7=0x0f0f0f0f
        1585000	        59	80000112	3a039073	csrrw	x0,pmpcfg0,x7	  x7:0x0f0f0f0f  x0=0x00000000
        1615000	        62	80000116	00003397	auipc	x7,0x3	  x7=0x80003116
        1625000	        63	8000011a	4d638393	addi	x7,x7,1238	  x7:0x80003116  x7=0x800035ec
        1635000	        64	8000011e	44444d37	lui	x26,0x44444	 x26=0x44444000
        1645000	        65	80000122	444d0d13	addi	x26,x26,1092	 x26:0x44444000 x26=0x44444444
        1655000	        66	80000126	93ea	c.add	x7,x26	  x7:0x800035ec x26:0x44444444  x7=0xc4447a30
        1665000	        67	80000128	0023d393	srli	x7,x7,0x2	  x7:0xc4447a30  x7=0x31111e8c
        1675000	        68	8000012c	3b439073	csrrw	x0,pmpaddr4,x7	  x7:0x31111e8c  x0=0x00000000
        1705000	        71	80000130	00003397	auipc	x7,0x3	  x7=0x80003130
        1715000	        72	80000134	4bc38393	addi	x7,x7,1212	  x7:0x80003130  x7=0x800035ec
        1725000	        73	80000138	55555d37	lui	x26,0x55555	 x26=0x55555000
        1735000	        74	8000013c	555d0d13	addi	x26,x26,1365	 x26:0x55555000 x26=0x55555555
        1745000	        75	80000140	93ea	c.add	x7,x26	  x7:0x800035ec x26:0x55555555  x7=0xd5558b41
        1755000	        76	80000142	0023d393	srli	x7,x7,0x2	  x7:0xd5558b41  x7=0x355562d0
        1765000	        77	80000146	3b539073	csrrw	x0,pmpaddr5,x7	  x7:0x355562d0  x0=0x00000000
        1795000	        80	8000014a	00003397	auipc	x7,0x3	  x7=0x8000314a
        1805000	        81	8000014e	4a238393	addi	x7,x7,1186	  x7:0x8000314a  x7=0x800035ec
        1815000	        82	80000152	66666d37	lui	x26,0x66666	 x26=0x66666000
        1825000	        83	80000156	666d0d13	addi	x26,x26,1638	 x26:0x66666000 x26=0x66666666
        1835000	        84	8000015a	93ea	c.add	x7,x26	  x7:0x800035ec x26:0x66666666  x7=0xe6669c52
        1845000	        85	8000015c	0023d393	srli	x7,x7,0x2	  x7:0xe6669c52  x7=0x3999a714
        1855000	        86	80000160	3b639073	csrrw	x0,pmpaddr6,x7	  x7:0x3999a714  x0=0x00000000
        1885000	        89	80000164	00003397	auipc	x7,0x3	  x7=0x80003164
        1895000	        90	80000168	48838393	addi	x7,x7,1160	  x7:0x80003164  x7=0x800035ec
        1905000	        91	8000016c	77777d37	lui	x26,0x77777	 x26=0x77777000
        1915000	        92	80000170	777d0d13	addi	x26,x26,1911	 x26:0x77777000 x26=0x77777777
        1925000	        93	80000174	93ea	c.add	x7,x26	  x7:0x800035ec x26:0x77777777  x7=0xf777ad63
        1935000	        94	80000176	0023d393	srli	x7,x7,0x2	  x7:0xf777ad63  x7=0x3dddeb58
        1945000	        95	8000017a	3b739073	csrrw	x0,pmpaddr7,x7	  x7:0x3dddeb58  x0=0x00000000
        1975000	        98	8000017e	0f0f13b7	lui	x7,0xf0f1	  x7=0x0f0f1000
        1985000	        99	80000182	f0f38393	addi	x7,x7,-241	  x7:0x0f0f1000  x7=0x0f0f0f0f
        1995000	       100	80000186	3a139073	csrrw	x0,pmpcfg1,x7	  x7:0x0f0f0f0f  x0=0x00000000
        2025000	       103	8000018a	00003397	auipc	x7,0x3	  x7=0x8000318a
        2035000	       104	8000018e	46238393	addi	x7,x7,1122	  x7:0x8000318a  x7=0x800035ec
        2045000	       105	80000192	88889d37	lui	x26,0x88889	 x26=0x88889000
        2055000	       106	80000196	888d0d13	addi	x26,x26,-1912	 x26:0x88889000 x26=0x88888888
        2065000	       107	8000019a	93ea	c.add	x7,x26	  x7:0x800035ec x26:0x88888888  x7=0x0888be74
        2075000	       108	8000019c	0023d393	srli	x7,x7,0x2	  x7:0x0888be74  x7=0x02222f9d
        2085000	       109	800001a0	3b839073	csrrw	x0,pmpaddr8,x7	  x7:0x02222f9d  x0=0x00000000
        2115000	       112	800001a4	00003397	auipc	x7,0x3	  x7=0x800031a4
        2125000	       113	800001a8	44838393	addi	x7,x7,1096	  x7:0x800031a4  x7=0x800035ec
        2135000	       114	800001ac	9999ad37	lui	x26,0x9999a	 x26=0x9999a000
        2145000	       115	800001b0	999d0d13	addi	x26,x26,-1639	 x26:0x9999a000 x26=0x99999999
        2155000	       116	800001b4	93ea	c.add	x7,x26	  x7:0x800035ec x26:0x99999999  x7=0x1999cf85
        2165000	       117	800001b6	0023d393	srli	x7,x7,0x2	  x7:0x1999cf85  x7=0x066673e1
        2175000	       118	800001ba	3b939073	csrrw	x0,pmpaddr9,x7	  x7:0x066673e1  x0=0x00000000
        2205000	       121	800001be	00003397	auipc	x7,0x3	  x7=0x800031be
        2215000	       122	800001c2	42e38393	addi	x7,x7,1070	  x7:0x800031be  x7=0x800035ec
        2225000	       123	800001c6	aaaabd37	lui	x26,0xaaaab	 x26=0xaaaab000
        2235000	       124	800001ca	aaad0d13	addi	x26,x26,-1366	 x26:0xaaaab000 x26=0xaaaaaaaa
        2245000	       125	800001ce	93ea	c.add	x7,x26	  x7:0x800035ec x26:0xaaaaaaaa  x7=0x2aaae096
        2255000	       126	800001d0	0023d393	srli	x7,x7,0x2	  x7:0x2aaae096  x7=0x0aaab825
        2265000	       127	800001d4	3ba39073	csrrw	x0,pmpaddr10,x7	  x7:0x0aaab825  x0=0x00000000
        2295000	       130	800001d8	00003397	auipc	x7,0x3	  x7=0x800031d8
        2305000	       131	800001dc	41438393	addi	x7,x7,1044	  x7:0x800031d8  x7=0x800035ec
        2315000	       132	800001e0	bbbbcd37	lui	x26,0xbbbbc	 x26=0xbbbbc000
        2325000	       133	800001e4	bbbd0d13	addi	x26,x26,-1093	 x26:0xbbbbc000 x26=0xbbbbbbbb
        2335000	       134	800001e8	93ea	c.add	x7,x26	  x7:0x800035ec x26:0xbbbbbbbb  x7=0x3bbbf1a7
        2345000	       135	800001ea	0023d393	srli	x7,x7,0x2	  x7:0x3bbbf1a7  x7=0x0eeefc69
        2355000	       136	800001ee	3bb39073	csrrw	x0,pmpaddr11,x7	  x7:0x0eeefc69  x0=0x00000000
        2385000	       139	800001f2	0f0f13b7	lui	x7,0xf0f1	  x7=0x0f0f1000
        2395000	       140	800001f6	f0f38393	addi	x7,x7,-241	  x7:0x0f0f1000  x7=0x0f0f0f0f
        2405000	       141	800001fa	3a239073	csrrw	x0,pmpcfg2,x7	  x7:0x0f0f0f0f  x0=0x00000000
        2435000	       144	800001fe	00003397	auipc	x7,0x3	  x7=0x800031fe
        2445000	       145	80000202	3ee38393	addi	x7,x7,1006	  x7:0x800031fe  x7=0x800035ec
        2455000	       146	80000206	ccccdd37	lui	x26,0xccccd	 x26=0xccccd000
        2465000	       147	8000020a	cccd0d13	addi	x26,x26,-820	 x26:0xccccd000 x26=0xcccccccc
        2475000	       148	8000020e	93ea	c.add	x7,x26	  x7:0x800035ec x26:0xcccccccc  x7=0x4ccd02b8
        2485000	       149	80000210	0023d393	srli	x7,x7,0x2	  x7:0x4ccd02b8  x7=0x133340ae
        2495000	       150	80000214	3bc39073	csrrw	x0,pmpaddr12,x7	  x7:0x133340ae  x0=0x00000000
        2525000	       153	80000218	00003397	auipc	x7,0x3	  x7=0x80003218
        2535000	       154	8000021c	3d438393	addi	x7,x7,980	  x7:0x80003218  x7=0x800035ec
        2545000	       155	80000220	dddded37	lui	x26,0xdddde	 x26=0xdddde000
        2555000	       156	80000224	dddd0d13	addi	x26,x26,-547	 x26:0xdddde000 x26=0xdddddddd
        2565000	       157	80000228	93ea	c.add	x7,x26	  x7:0x800035ec x26:0xdddddddd  x7=0x5dde13c9
        2575000	       158	8000022a	0023d393	srli	x7,x7,0x2	  x7:0x5dde13c9  x7=0x177784f2
        2585000	       159	8000022e	3bd39073	csrrw	x0,pmpaddr13,x7	  x7:0x177784f2  x0=0x00000000
        2615000	       162	80000232	00003397	auipc	x7,0x3	  x7=0x80003232
        2625000	       163	80000236	3ba38393	addi	x7,x7,954	  x7:0x80003232  x7=0x800035ec
        2635000	       164	8000023a	eeeefd37	lui	x26,0xeeeef	 x26=0xeeeef000
        2645000	       165	8000023e	eeed0d13	addi	x26,x26,-274	 x26:0xeeeef000 x26=0xeeeeeeee
        2655000	       166	80000242	93ea	c.add	x7,x26	  x7:0x800035ec x26:0xeeeeeeee  x7=0x6eef24da
        2665000	       167	80000244	0023d393	srli	x7,x7,0x2	  x7:0x6eef24da  x7=0x1bbbc936
        2675000	       168	80000248	3be39073	csrrw	x0,pmpaddr14,x7	  x7:0x1bbbc936  x0=0x00000000
        2705000	       171	8000024c	00003397	auipc	x7,0x3	  x7=0x8000324c
        2715000	       172	80000250	3a038393	addi	x7,x7,928	  x7:0x8000324c  x7=0x800035ec
        2725000	       173	80000254	fff00d13	addi	x26,x0,-1	  x0:0x00000000 x26=0xffffffff
        2735000	       174	80000258	93ea	c.add	x7,x26	  x7:0x800035ec x26:0xffffffff  x7=0x800035eb
        2745000	       175	8000025a	0023d393	srli	x7,x7,0x2	  x7:0x800035eb  x7=0x20000d7a
        2755000	       176	8000025e	3bf39073	csrrw	x0,pmpaddr15,x7	  x7:0x20000d7a  x0=0x00000000
        2785000	       179	80000262	0f0f13b7	lui	x7,0xf0f1	  x7=0x0f0f1000
        2795000	       180	80000266	f0f38393	addi	x7,x7,-241	  x7:0x0f0f1000  x7=0x0f0f0f0f
        2805000	       181	8000026a	3a339073	csrrw	x0,pmpcfg3,x7	  x7:0x0f0f0f0f  x0=0x00000000
        2835000	       184	8000026e	00000d17	auipc	x26,0x0	 x26=0x8000026e
        2845000	       185	80000272	060d0d13	addi	x26,x26,96	 x26:0x8000026e x26=0x800002ce
        2855000	       186	80000276	341d1073	csrrw	x0,mepc,x26	 x26:0x800002ce  x0=0x00000000
        2865000	       187	8000027a	7c00d073	csrrwi	x0,0x7c0,1	  x0=0x00000000
        2895000	       190	8000027e	4d01	c.li	x26,0	 x26=0x00000000
        2905000	       191	80000280	300d1073	csrrw	x0,mstatus,x26	 x26:0x00000000  x0=0x00000000
        2935000	       194	80000284	4d01	c.li	x26,0	 x26=0x00000000
        2945000	       195	80000286	304d1073	csrrw	x0,mie,x26	 x26:0x00000000  x0=0x00000000
        2975000	       198	8000028a	90000237	lui	x4,0x90000	  x4=0x90000000
        2985000	       199	8000028e	1271	c.addi	x4,-4	  x4:0x90000000  x4=0x8ffffffc
        2995000	       200	80000290	90000237	lui	x4,0x90000	  x4=0x90000000
        3005000	       201	80000294	1271	c.addi	x4,-4	  x4:0x90000000  x4=0x8ffffffc
        3015000	       202	80000296	90000237	lui	x4,0x90000	  x4=0x90000000
        3025000	       203	8000029a	1271	c.addi	x4,-4	  x4:0x90000000  x4=0x8ffffffc
        3035000	       204	8000029c	30000d13	addi	x26,x0,768	  x0:0x00000000 x26=0x00000300
        3045000	       205	800002a0	0d22	c.slli	x26,0x8	 x26:0x00000300 x26=0x00030000
        3055000	       206	800002a2	0d0d	c.addi	x26,3	 x26:0x00030000 x26=0x00030003
        3065000	       207	800002a4	01a22023	sw	x26,0(x4)	  x4:0x8ffffffc x26:0x00030003 PA:0x8ffffffc store:0x00030003 load:0x00000000
        3075000	       208	800002a8	30002d73	csrrs	x26,mstatus,x0	  x0:0x00000000 x26=0x00000000
        3085000	       209	800002ac	01a22023	sw	x26,0(x4)	  x4:0x8ffffffc x26:0x00000000 PA:0x8ffffffc store:0x00000000 load:0x00000000
        3095000	       210	800002b0	90000237	lui	x4,0x90000	  x4=0x90000000
        3105000	       211	800002b4	1271	c.addi	x4,-4	  x4:0x90000000  x4=0x8ffffffc
        3115000	       212	800002b6	30400d13	addi	x26,x0,772	  x0:0x00000000 x26=0x00000304
        3125000	       213	800002ba	0d22	c.slli	x26,0x8	 x26:0x00000304 x26=0x00030400
        3135000	       214	800002bc	0d0d	c.addi	x26,3	 x26:0x00030400 x26=0x00030403
        3145000	       215	800002be	01a22023	sw	x26,0(x4)	  x4:0x8ffffffc x26:0x00030403 PA:0x8ffffffc store:0x00030403 load:0x00000000
        3155000	       216	800002c2	30402d73	csrrs	x26,mie,x0	  x0:0x00000000 x26=0x00000000
        3165000	       217	800002c6	01a22023	sw	x26,0(x4)	  x4:0x8ffffffc x26:0x00000000 PA:0x8ffffffc store:0x00000000 load:0x00000000
        3175000	       218	800002ca	30200073	mret	
        3215000	       222	800002ce	00100013	addi	x0,x0,1	  x0:0x00000000  x0=0x00000000
        3225000	       223	800002d2	49ecc0b7	lui	x1,0x49ecc	  x1=0x49ecc000
        3235000	       224	800002d6	08708093	addi	x1,x1,135	  x1:0x49ecc000  x1=0x49ecc087
        3245000	       225	800002da	4101	c.li	x2,0	  x2=0x00000000
        3255000	       226	800002dc	800001b7	lui	x3,0x80000	  x3=0x80000000
        3265000	       227	800002e0	80000237	lui	x4,0x80000	  x4=0x80000000
        3275000	       228	800002e4	4281	c.li	x5,0	  x5=0x00000000
        3285000	       229	800002e6	80000337	lui	x6,0x80000	  x6=0x80000000
        3295000	       230	800002ea	800003b7	lui	x7,0x80000	  x7=0x80000000
        3305000	       231	800002ee	4435	c.li	x8,13	  x8=0x0000000d
        3315000	       232	800002f0	f3c464b7	lui	x9,0xf3c46	  x9=0xf3c46000
        3325000	       233	800002f4	49248493	addi	x9,x9,1170	  x9:0xf3c46000  x9=0xf3c46492
        3335000	       234	800002f8	7db24537	lui	x10,0x7db24	 x10=0x7db24000
        3345000	       235	800002fc	02d50513	addi	x10,x10,45	 x10:0x7db24000 x10=0x7db2402d
        3355000	       236	80000300	f1e8b5b7	lui	x11,0xf1e8b	 x11=0xf1e8b000
        3365000	       237	80000304	1fd58593	addi	x11,x11,509	 x11:0xf1e8b000 x11=0xf1e8b1fd
        3375000	       238	80000308	ea41f637	lui	x12,0xea41f	 x12=0xea41f000
        3385000	       239	8000030c	80f60613	addi	x12,x12,-2033	 x12:0xea41f000 x12=0xea41e80f
        3395000	       240	80000310	4695	c.li	x13,5	 x13=0x00000005
        3405000	       241	80000312	4701	c.li	x14,0	 x14=0x00000000
        3415000	       242	80000314	80000837	lui	x16,0x80000	 x16=0x80000000
        3425000	       243	80000318	800008b7	lui	x17,0x80000	 x17=0x80000000
        3435000	       244	8000031c	80000937	lui	x18,0x80000	 x18=0x80000000
        3445000	       245	80000320	247fa9b7	lui	x19,0x247fa	 x19=0x247fa000
        3455000	       246	80000324	13498993	addi	x19,x19,308	 x19:0x247fa000 x19=0x247fa134
        3465000	       247	80000328	80000a37	lui	x20,0x80000	 x20=0x80000000
        3475000	       248	8000032c	3377aab7	lui	x21,0x3377a	 x21=0x3377a000
        3485000	       249	80000330	6b3a8a93	addi	x21,x21,1715	 x21:0x3377a000 x21=0x3377a6b3
        3495000	       250	80000334	4b39	c.li	x22,14	 x22=0x0000000e
        3505000	       251	80000336	80000bb7	lui	x23,0x80000	 x23=0x80000000
        3515000	       252	8000033a	e4118c37	lui	x24,0xe4118	 x24=0xe4118000
        3525000	       253	8000033e	4b0c0c13	addi	x24,x24,1200	 x24:0xe4118000 x24=0xe41184b0
        3535000	       254	80000342	ff8e3cb7	lui	x25,0xff8e3	 x25=0xff8e3000
        3545000	       255	80000346	42dc8c93	addi	x25,x25,1069	 x25:0xff8e3000 x25=0xff8e342d
        3555000	       256	8000034a	4d01	c.li	x26,0	 x26=0x00000000
        3565000	       257	8000034c	f756edb7	lui	x27,0xf756e	 x27=0xf756e000
        3575000	       258	80000350	58bd8d93	addi	x27,x27,1419	 x27:0xf756e000 x27=0xf756e58b
        3585000	       259	80000354	b0c56eb7	lui	x29,0xb0c56	 x29=0xb0c56000
        3595000	       260	80000358	673e8e93	addi	x29,x29,1651	 x29:0xb0c56000 x29=0xb0c56673
        3605000	       261	8000035c	f208df37	lui	x30,0xf208d	 x30=0xf208d000
        3615000	       262	80000360	d6cf0f13	addi	x30,x30,-660	 x30:0xf208d000 x30=0xf208cd6c
        3625000	       263	80000364	09249fb7	lui	x31,0x9249	 x31=0x09249000
        3635000	       264	80000368	2b6f8f93	addi	x31,x31,694	 x31:0x09249000 x31=0x092492b6
        3645000	       265	8000036c	00022e17	auipc	x28,0x22	 x28=0x8002236c
        3655000	       266	80000370	af8e0e13	addi	x28,x28,-1288	 x28:0x8002236c x28=0x80021e64
        3665000	       267	80000374	90000237	lui	x4,0x90000	  x4=0x90000000
        3675000	       268	80000378	1271	c.addi	x4,-4	  x4:0x90000000  x4=0x8ffffffc
        3685000	       269	8000037a	4d01	c.li	x26,0	 x26=0x00000000
        3695000	       270	8000037c	0d22	c.slli	x26,0x8	 x26:0x00000000 x26=0x00000000
        3705000	       271	8000037e	000d0d13	addi	x26,x26,0	 x26:0x00000000 x26=0x00000000
        3715000	       272	80000382	01a22023	sw	x26,0(x4)	  x4:0x8ffffffc x26:0x00000000 PA:0x8ffffffc store:0x00000000 load:0x00000000
        3725000	       273	80000386	2660306f	jal	x0,800035ec	  x0=0x00000000
        3745000	       275	800035ec	c089	c.beqz	x9,800035ee	  x9:0xf3c46492
        3755000	       276	800035ee	64e22013	slti	x0,x4,1614	  x4:0x8ffffffc  x0=0x00000000
        3785000	       279	800035f2	029200b3	mul	x1,x4,x9	  x4:0x8ffffffc  x9:0xf3c46492  x1=0x50ee6db8
        3795000	       280	800035f6	9fee	c.add	x31,x27	 x31:0x092492b6 x27:0xf756e58b x31=0x007b7841
        3805000	       281	800035f8	95ce	c.add	x11,x19	 x11:0xf1e8b1fd x19:0x247fa134 x11=0x16685331
        3815000	       282	800035fa	08b2	c.slli	x17,0xc	 x17:0x80000000 x17=0x00000000
        3825000	       283	800035fc	c7123f13	sltiu	x30,x4,-911	  x4:0x8ffffffc x30=0x00000001
        3865000	       287	80003600	0378adb3	mulhsu	x27,x17,x23	 x17:0x00000000 x23:0x80000000 x27=0x00000000
        3895000	       290	80003604	03db0f33	mul	x30,x22,x29	 x22:0x0000000e x29:0xb0c56673 x30=0xaacb9a4a
        3905000	       291	80003608	1a90	c.addi4spn	x12,x2,368	 x12=0x00000170
        3915000	       292	8000360a	4091da93	srai	x21,x3,0x9	  x3:0x80000000 x21=0xffc00000
        3925000	       293	8000360e	8611	c.srai	x12,0x4	 x12:0x00000170 x12=0x00000017
        3935000	       294	80003610	00e06833	or	x16,x0,x14	  x0:0x00000000 x14:0x00000000 x16=0x00000000
        3945000	       295	80003614	cd89	c.beqz	x11,8000362e	 x11:0x16685331
        3955000	       296	80003616	28fb7513	andi	x10,x22,655	 x22:0x0000000e x10=0x0000000e
        3965000	       297	8000361a	7571c313	xori	x6,x3,1879	  x3:0x80000000  x6=0x80000757
        3975000	       298	8000361e	066fc263	blt	x31,x6,80003682	 x31:0x007b7841  x6:0x80000757
        3985000	       299	80003622	059e	c.slli	x11,0x7	 x11:0x16685331 x11=0x34299880
        3995000	       300	80003624	97a26493	ori	x9,x4,-1670	  x4:0x8ffffffc  x9=0xfffffffe
        4005000	       301	80003628	c6b5	c.beqz	x13,80003694	 x13:0x00000005
        4015000	       302	8000362a	b7de3213	sltiu	x4,x28,-1155	 x28:0x80021e64  x4=0x00000001
        4025000	       303	8000362e	fd0c2f17	auipc	x30,0xfd0c2	 x30=0x7d0c562e
        4035000	       304	80003632	05c88863	beq	x17,x28,80003682	 x17:0x00000000 x28:0x80021e64
        4045000	       305	80003636	0d982b13	slti	x22,x16,217	 x16:0x00000000 x22=0x00000001
        4055000	       306	8000363a	e80f5937	lui	x18,0xe80f5	 x18=0xe80f5000
        4065000	       307	8000363e	0ff0000f	fence	iorw,iorw	
        4075000	       308	80003642	00000217	auipc	x4,0x0	  x4=0x80003642
        4085000	       309	80003646	16e20213	addi	x4,x4,366	  x4:0x80003642  x4=0x800037b0
        4095000	       310	8000364a	00b87bb3	and	x23,x16,x11	 x16:0x00000000 x11:0x34299880 x23=0x00000000
        4105000	       311	8000364e	25b20213	addi	x4,x4,603	  x4:0x800037b0  x4=0x80003a0b
        4115000	       312	80003652	017d5763	bge	x26,x23,80003660	 x26:0x00000000 x23:0x00000000
        4135000	       314	80003660	da620ae7	jalr	x21,-602(x4)	  x4:0x80003a0b x21=0x80003664
        4155000	       316	800037b0	1e41	c.addi	x28,-16	 x28:0x80021e64 x28=0x80021e54
        4165000	       317	800037b2	41a9d613	srai	x12,x19,0x1a	 x19:0x247fa134 x12=0x00000009
        4175000	       318	800037b6	717d	c.addi16sp	x2,-16	  x2:0x00000000  x2=0xfffffff0
        4185000	       319	800037b8	0001	c.addi	x0,0	  x0:0x00000000  x0=0x00000000
        4555000	       356	800037ba	02b6d633	divu	x12,x13,x11	 x13:0x00000005 x11:0x34299880 x12=0x00000000
        4565000	       357	800037be	3b23e937	lui	x18,0x3b23e	 x18=0x3b23e000
        4575000	       358	800037c2	015e2223	sw	x21,4(x28)	 x28:0x80021e54 x21:0x80003664 PA:0x80021e58 store:0x80003664 load:0x00000000
        4585000	       359	800037c6	c11a3893	sltiu	x17,x20,-1007	 x20:0x80000000 x17=0x00000001
        4595000	       360	800037ca	86b9	c.srai	x13,0xe	 x13:0x00000005 x13=0x00000000
        4605000	       361	800037cc	0c2f1937	lui	x18,0xc2f1	 x18=0x0c2f1000
        4615000	       362	800037d0	000e3833	sltu	x16,x28,x0	 x28:0x80021e54  x0:0x00000000 x16=0x00000000
        4625000	       363	800037d4	00aa1213	slli	x4,x20,0xa	 x20:0x80000000  x4=0x00000000
        4635000	       364	800037d8	ef09	c.bnez	x14,800037f2	 x14:0x00000000
        4645000	       365	800037da	6af3e713	ori	x14,x7,1711	  x7:0x80000000 x14=0x800006af
        4655000	       366	800037de	c2973f97	auipc	x31,0xc2973	 x31=0x429767de
        4665000	       367	800037e2	414fde93	srai	x29,x31,0x14	 x31:0x429767de x29=0x00000429
        4675000	       368	800037e6	5f6fb493	sltiu	x9,x31,1526	 x31:0x429767de  x9=0x00000000
        4685000	       369	800037ea	01f1bbb3	sltu	x23,x3,x31	  x3:0x80000000 x31:0x429767de x23=0x00000000
        4695000	       370	800037ee	0ff0000f	fence	iorw,iorw	
        4705000	       371	800037f2	8a75	c.andi	x12,29	 x12:0x00000000 x12=0x00000000
        4735000	       374	800037f4	03f80133	mul	x2,x16,x31	 x16:0x00000000 x31:0x429767de  x2=0x00000000
        4745000	       375	800037f8	e681	c.bnez	x13,80003800	 x13:0x00000000
        4755000	       376	800037fa	80b5	c.srli	x9,0xd	  x9:0x00000000  x9=0x00000000
        4765000	       377	800037fc	03f54d63	blt	x10,x31,80003836	 x10:0x0000000e x31:0x429767de
        4785000	       379	80003836	8cad	c.xor	x9,x11	  x9:0x00000000 x11:0x34299880  x9=0x34299880
        4795000	       380	80003838	e89d	c.bnez	x9,8000386e	  x9:0x34299880
        4825000	       383	8000386e	01eab5b3	sltu	x11,x21,x30	 x21:0x80003664 x30:0x7d0c562e x11=0x00000000
        4835000	       384	80003872	bf95d5b7	lui	x11,0xbf95d	 x11=0xbf95d000
        4845000	       385	80003876	8ccd	c.or	x9,x11	  x9:0x34299880 x11:0xbf95d000  x9=0xbfbdd880
        4855000	       386	80003878	9996	c.add	x19,x5	 x19:0x247fa134  x5:0x00000000 x19=0x247fa134
        4865000	       387	8000387a	efef7c93	andi	x25,x30,-258	 x30:0x7d0c562e x25=0x7d0c562e
        4875000	       388	8000387e	517d	c.li	x2,-1	  x2=0xffffffff
        4885000	       389	80003880	0071dc33	srl	x24,x3,x7	  x3:0x80000000  x7:0x80000000 x24=0x80000000
        5255000	       426	80003884	021560b3	rem	x1,x10,x1	 x10:0x0000000e  x1:0x50ee6db8  x1=0x0000000e
        5275000	       428	80003888	03b1e0b3	rem	x1,x3,x27	  x3:0x80000000 x27:0x00000000  x1=0x80000000
        5285000	       429	8000388c	9306	c.add	x6,x1	  x6:0x80000757  x1:0x80000000  x6=0x00000757
        5295000	       430	8000388e	0000100f	fence.i	
        5315000	       432	80003892	1b14	c.addi4spn	x13,x2,432	 x13=0x000001af
        5325000	       433	80003894	0ff0000f	fence	iorw,iorw	
        5335000	       434	80003898	411655b3	sra	x11,x12,x17	 x12:0x00000000 x17:0x00000001 x11=0x00000000
        5345000	       435	8000389c	844d	c.srai	x8,0x13	  x8:0x0000000d  x8=0x00000000
        5355000	       436	8000389e	0406	c.slli	x8,0x1	  x8:0x00000000  x8=0x00000000
        5385000	       439	800038a0	02240233	mul	x4,x8,x2	  x8:0x00000000  x2:0xffffffff  x4=0x00000000
        5395000	       440	800038a4	0b7e	c.slli	x22,0x1f	 x22:0x00000001 x22=0x80000000
        5405000	       441	800038a6	02b75663	bge	x14,x11,800038d2	 x14:0x800006af x11:0x00000000
        5415000	       442	800038aa	1d7d	c.addi	x26,-1	 x26:0x00000000 x26=0xffffffff
        5425000	       443	800038ac	56fd6e93	ori	x29,x26,1391	 x26:0xffffffff x29=0xffffffff
        5435000	       444	800038b0	aec40037	lui	x0,0xaec40	  x0=0x00000000
        5445000	       445	800038b4	fc80f913	andi	x18,x1,-56	  x1:0x80000000 x18=0x80000000
        5455000	       446	800038b8	0a3e	c.slli	x20,0xf	 x20:0x80000000 x20=0x00000000
        5465000	       447	800038ba	0067e463	bltu	x15,x6,800038c2	 x15:0x80025ce4  x6:0x00000757
        5475000	       448	800038be	013ddf93	srli	x31,x27,0x13	 x27:0x00000000 x31=0x00000000
        5485000	       449	800038c2	00bbd133	srl	x2,x23,x11	 x23:0x00000000 x11:0x00000000  x2=0x00000000
        5495000	       450	800038c6	40735d93	srai	x27,x6,0x7	  x6:0x00000757 x27=0x0000000e
        5505000	       451	800038ca	c401	c.beqz	x8,800038d2	  x8:0x00000000
        5535000	       454	800038d2	01c57db3	and	x27,x10,x28	 x10:0x0000000e x28:0x80021e54 x27=0x00000004
        5545000	       455	800038d6	023f1963	bne	x30,x3,80003908	 x30:0x7d0c562e  x3:0x80000000
        5565000	       457	80003908	4099	c.li	x1,6	  x1=0x00000006
        5575000	       458	8000390a	0103a5b3	slt	x11,x7,x16	  x7:0x80000000 x16:0x00000000 x11=0x00000001
        5585000	       459	8000390e	0001	c.addi	x0,0	  x0:0x00000000  x0=0x00000000
        5595000	       460	80003910	04469163	bne	x13,x4,80003952	 x13:0x000001af  x4:0x00000000
        5615000	       462	80003952	8c19	c.sub	x8,x14	  x8:0x00000000 x14:0x800006af  x8=0x7ffff951
        5625000	       463	80003954	717d	c.addi16sp	x2,-16	  x2:0x00000000  x2=0xfffffff0
        5635000	       464	80003956	8c21	c.xor	x8,x8	  x8:0x7ffff951  x8:0x7ffff951  x8=0x00000000
        5645000	       465	80003958	401308b3	sub	x17,x6,x1	  x6:0x00000757  x1:0x00000006 x17=0x00000751
        5655000	       466	8000395c	afea4c13	xori	x24,x20,-1282	 x20:0x00000000 x24=0xfffffafe
        5695000	       470	80003960	035ab5b3	mulhu	x11,x21,x21	 x21:0x80003664 x21:0x80003664 x11=0x40003664
        5705000	       471	80003964	a0a6fc13	andi	x24,x13,-1526	 x13:0x000001af x24=0x0000000a
        5715000	       472	80003968	0202c463	blt	x5,x0,80003990	  x5:0x00000000  x0:0x00000000
        5725000	       473	8000396c	8119	c.srli	x10,0x6	 x10:0x0000000e x10=0x00000000
        5735000	       474	8000396e	6a7d	c.lui	x20,0x1f	 x20=0x0001f000
        5745000	       475	80003970	869d	c.srai	x13,0x7	 x13:0x000001af x13=0x00000003
        5755000	       476	80003972	020f5c63	bge	x30,x0,800039aa	 x30:0x7d0c562e  x0:0x00000000
        5775000	       478	800039aa	45c9	c.li	x11,18	 x11=0x00000012
        5785000	       479	800039ac	03d17463	bgeu	x2,x29,800039d4	  x2:0xfffffff0 x29:0xffffffff
        5795000	       480	800039b0	01c0eb33	or	x22,x1,x28	  x1:0x00000006 x28:0x80021e54 x22=0x80021e56
        5805000	       481	800039b4	0f10	c.addi4spn	x12,x2,912	 x12=0x00000380
        5825000	       483	800039b6	0374e133	rem	x2,x9,x23	  x9:0xbfbdd880 x23:0x00000000  x2=0xbfbdd880
        5835000	       484	800039ba	717d	c.addi16sp	x2,-16	  x2:0xbfbdd880  x2=0xbfbdd870
        5845000	       485	800039bc	01957833	and	x16,x10,x25	 x10:0x00000000 x25:0x7d0c562e x16=0x00000000
        5855000	       486	800039c0	89e9	c.andi	x11,26	 x11:0x00000012 x11=0x00000012
        5865000	       487	800039c2	8ca1	c.xor	x9,x8	  x9:0xbfbdd880  x8:0x00000000  x9=0xbfbdd880
        5875000	       488	800039c4	01265263	bge	x12,x18,800039c8	 x12:0x00000380 x18:0x80000000
        5895000	       490	800039c8	8de5	c.and	x11,x9	 x11:0x00000012  x9:0xbfbdd880 x11=0x00000000
        5905000	       491	800039ca	177d	c.addi	x14,-1	 x14:0x800006af x14=0x800006ae
        6275000	       528	800039cc	021b5f33	divu	x30,x22,x1	 x22:0x80021e56  x1:0x00000006 x30=0x1555afb9
        6285000	       529	800039d0	b4708c97	auipc	x25,0xb4708	 x25=0x3470b9d0
        6325000	       533	800039d4	03c121b3	mulhsu	x3,x2,x28	  x2:0xbfbdd870 x28:0x80021e54  x3=0xdfde6416
        6335000	       534	800039d8	01f8fd63	bgeu	x17,x31,800039f2	 x17:0x00000751 x31:0x00000000
        6365000	       537	800039f2	00707f33	and	x30,x0,x7	  x0:0x00000000  x7:0x80000000 x30=0x00000000
        6375000	       538	800039f6	04477363	bgeu	x14,x4,80003a3c	 x14:0x800006ae  x4:0x00000000
        6395000	       540	80003a3c	f6a1b913	sltiu	x18,x3,-150	  x3:0xdfde6416 x18=0x00000001
        6405000	       541	80003a40	4b55	c.li	x22,21	 x22=0x00000015
        6415000	       542	80003a42	41ad85b3	sub	x11,x27,x26	 x27:0x00000004 x26:0xffffffff x11=0x00000005
        6425000	       543	80003a46	00bdeab3	or	x21,x27,x11	 x27:0x00000004 x11:0x00000005 x21=0x00000005
        6435000	       544	80003a4a	f8d03213	sltiu	x4,x0,-115	  x0:0x00000000  x4=0x00000001
        6445000	       545	80003a4e	009b8eb3	add	x29,x23,x9	 x23:0x00000000  x9:0xbfbdd880 x29=0xbfbdd880
        6455000	       546	80003a52	52fd	c.li	x5,-1	  x5=0xffffffff
        6495000	       550	80003a54	029612b3	mulh	x5,x12,x9	 x12:0x00000380  x9:0xbfbdd880  x5=0xffffff1f
        6505000	       551	80003a58	4a51	c.li	x20,20	 x20=0x00000014
        6515000	       552	80003a5a	0001	c.addi	x0,0	  x0:0x00000000  x0=0x00000000
        6525000	       553	80003a5c	00786b33	or	x22,x16,x7	 x16:0x00000000  x7:0x80000000 x22=0x80000000
        6535000	       554	80003a60	c185	c.beqz	x11,80003a80	 x11:0x00000005
        6545000	       555	80003a62	00d6eb33	or	x22,x13,x13	 x13:0x00000003 x13:0x00000003 x22=0x00000003
        6555000	       556	80003a66	3b810c13	addi	x24,x2,952	  x2:0xbfbdd870 x24=0xbfbddc28
        6565000	       557	80003a6a	84bd	c.srai	x9,0xf	  x9:0xbfbdd880  x9=0xffff7f7b
        6935000	       594	80003a6c	03d940b3	div	x1,x18,x29	 x18:0x00000001 x29:0xbfbdd880  x1=0x00000000
        6945000	       595	80003a70	8e86	c.mv	x29,x1	  x0:0x00000000  x1:0x00000000 x29=0x00000000
        6955000	       596	80003a72	997d	c.andi	x10,-1	 x10:0x00000000 x10=0x00000000
        6995000	       600	80003a74	039e2233	mulhsu	x4,x28,x25	 x28:0x80021e54 x25:0x3470b9d0  x4=0xe5c8122f
        7005000	       601	80003a78	41a98733	sub	x14,x19,x26	 x19:0x247fa134 x26:0xffffffff x14=0x247fa135
        7015000	       602	80003a7c	baefaf97	auipc	x31,0xbaefa	 x31=0x3aefda7c
        7025000	       603	80003a80	0196eb63	bltu	x13,x25,80003a96	 x13:0x00000003 x25:0x3470b9d0
        7075000	       608	80003a96	028c8333	mul	x6,x25,x8	 x25:0x3470b9d0  x8:0x00000000  x6=0x00000000
        7115000	       612	80003a9a	03d19d33	mulh	x26,x3,x29	  x3:0xdfde6416 x29:0x00000000 x26=0x00000000
        7125000	       613	80003a9e	717d	c.addi16sp	x2,-16	  x2:0xbfbdd870  x2=0xbfbdd860
        7135000	       614	80003aa0	b973cf93	xori	x31,x7,-1129	  x7:0x80000000 x31=0x7ffffb97
        7145000	       615	80003aa4	0368d763	bge	x17,x22,80003ad2	 x17:0x00000751 x22:0x00000003
        7165000	       617	80003ad2	8f6d	c.and	x14,x11	 x14:0x247fa135 x11:0x00000005 x14=0x00000005
        7175000	       618	80003ad4	9afd	c.andi	x13,-1	 x13:0x00000003 x13=0x00000003
        7185000	       619	80003ad6	41d3dd13	srai	x26,x7,0x1d	  x7:0x80000000 x26=0xfffffffc
        7195000	       620	80003ada	8dbd	c.xor	x11,x15	 x11:0x00000005 x15:0x80025ce4 x11=0x80025ce1
        7205000	       621	80003adc	498c3d93	sltiu	x27,x24,1176	 x24:0xbfbddc28 x27=0x00000000
        7215000	       622	80003ae0	00584863	blt	x16,x5,80003af0	 x16:0x00000000  x5:0xffffff1f
        7225000	       623	80003ae4	03c87163	bgeu	x16,x28,80003b06	 x16:0x00000000 x28:0x80021e54
        7235000	       624	80003ae8	013340b3	xor	x1,x6,x19	  x6:0x00000000 x19:0x247fa134  x1=0x247fa134
        7605000	       661	80003aec	03275b33	divu	x22,x14,x18	 x14:0x00000005 x18:0x00000001 x22=0x00000005
        7615000	       662	80003af0	00a85bb3	srl	x23,x16,x10	 x16:0x00000000 x10:0x00000000 x23=0x00000000
        7625000	       663	80003af4	007a4d33	xor	x26,x20,x7	 x20:0x00000014  x7:0x80000000 x26=0x80000014
        7635000	       664	80003af8	8473bc13	sltiu	x24,x7,-1977	  x7:0x80000000 x24=0x00000001
        7645000	       665	80003afc	3672e413	ori	x8,x5,871	  x5:0xffffff1f  x8=0xffffff7f
        7655000	       666	80003b00	dc71d8b7	lui	x17,0xdc71d	 x17=0xdc71d000
        7665000	       667	80003b04	0001	c.addi	x0,0	  x0:0x00000000  x0=0x00000000
        7705000	       671	80003b06	0343b633	mulhu	x12,x7,x20	  x7:0x80000000 x20:0x00000014 x12=0x0000000a
        7715000	       672	80003b0a	01e8d413	srli	x8,x17,0x1e	 x17:0xdc71d000  x8=0x00000003
        7725000	       673	80003b0e	0184f9b3	and	x19,x9,x24	  x9:0xffff7f7b x24:0x00000001 x19=0x00000001
        7735000	       674	80003b12	8466	c.mv	x8,x25	  x0:0x00000000 x25:0x3470b9d0  x8=0x3470b9d0
        7745000	       675	80003b14	9fb60913	addi	x18,x12,-1541	 x12:0x0000000a x18=0xfffffa05
        7755000	       676	80003b18	408fd293	srai	x5,x31,0x8	 x31:0x7ffffb97  x5=0x007ffffb
        7765000	       677	80003b1c	0580	c.addi4spn	x8,x2,704	  x8=0xbfbddb20
        8135000	       714	80003b1e	02b9cab3	div	x21,x19,x11	 x19:0x00000001 x11:0x80025ce1 x21=0x00000000
        8505000	       751	80003b22	031ffb33	remu	x22,x31,x17	 x31:0x7ffffb97 x17:0xdc71d000 x22=0x7ffffb97
        8515000	       752	80003b26	021f9863	bne	x31,x1,80003b56	 x31:0x7ffffb97  x1:0x247fa134
        8545000	       755	80003b56	02bb1663	bne	x22,x11,80003b82	 x22:0x7ffffb97 x11:0x80025ce1
        8935000	       794	80003b82	027d50b3	divu	x1,x26,x7	 x26:0x80000014  x7:0x80000000  x1=0x00000001
        8945000	       795	80003b86	873b2813	slti	x16,x22,-1933	 x22:0x7ffffb97 x16=0x00000000
        8955000	       796	80003b8a	00867f33	and	x30,x12,x8	 x12:0x0000000a  x8:0xbfbddb20 x30=0x00000000
        8965000	       797	80003b8e	00a34ab3	xor	x21,x6,x10	  x6:0x00000000 x10:0x00000000 x21=0x00000000
        8975000	       798	80003b92	0b52	c.slli	x22,0x14	 x22:0x7ffffb97 x22=0xb9700000
        8985000	       799	80003b94	8829	c.andi	x8,10	  x8:0xbfbddb20  x8=0x00000000
        8995000	       800	80003b96	01e8cfb3	xor	x31,x17,x30	 x17:0xdc71d000 x30:0x00000000 x31=0xdc71d000
        9005000	       801	80003b9a	00ea0633	add	x12,x20,x14	 x20:0x00000014 x14:0x00000005 x12=0x00000019
        9015000	       802	80003b9e	0ff0000f	fence	iorw,iorw	
        9025000	       803	80003ba2	40fc0a33	sub	x20,x24,x15	 x24:0x00000001 x15:0x80025ce4 x20=0x7ffda31d
        9395000	       840	80003ba6	023fdc33	divu	x24,x31,x3	 x31:0xdc71d000  x3:0xdfde6416 x24=0x00000000
        9765000	       877	80003baa	02257233	remu	x4,x10,x2	 x10:0x00000000  x2:0xbfbdd860  x4=0x00000000
        9775000	       878	80003bae	41f209b3	sub	x19,x4,x31	  x4:0x00000000 x31:0xdc71d000 x19=0x238e3000
        9785000	       879	80003bb2	994a	c.add	x18,x18	 x18:0xfffffa05 x18:0xfffffa05 x18=0xfffff40a
        9795000	       880	80003bb4	6155	c.addi16sp	x2,304	  x2:0xbfbdd860  x2=0xbfbdd990
        9805000	       881	80003bb6	0000100f	fence.i	
        9825000	       883	80003bba	e11d	c.bnez	x10,80003be0	 x10:0x00000000
        9835000	       884	80003bbc	0044a333	slt	x6,x9,x4	  x9:0xffff7f7b  x4:0x00000000  x6=0x00000001
        9845000	       885	80003bc0	6ef1	c.lui	x29,0x1c	 x29=0x0001c000
        9855000	       886	80003bc2	8d19	c.sub	x10,x14	 x10:0x00000000 x14:0x00000005 x10=0xfffffffb
        9865000	       887	80003bc4	5b7d	c.li	x22,-1	 x22=0xffffffff
        9875000	       888	80003bc6	01ebb233	sltu	x4,x23,x30	 x23:0x00000000 x30:0x00000000  x4=0x00000000
        9885000	       889	80003bca	8ee2	c.mv	x29,x24	  x0:0x00000000 x24:0x00000000 x29=0x00000000
        9895000	       890	80003bcc	717d	c.addi16sp	x2,-16	  x2:0xbfbdd990  x2=0xbfbdd980
        9905000	       891	80003bce	afabc993	xori	x19,x23,-1286	 x23:0x00000000 x19=0xfffffafa
        9915000	       892	80003bd2	03441863	bne	x8,x20,80003c02	  x8:0x00000000 x20:0x7ffda31d
        9945000	       895	80003c02	015916b3	sll	x13,x18,x21	 x18:0xfffff40a x21:0x00000000 x13=0xfffff40a
        9955000	       896	80003c06	01791d63	bne	x18,x23,80003c20	 x18:0xfffff40a x23:0x00000000
        9975000	       898	80003c20	0001	c.addi	x0,0	  x0:0x00000000  x0=0x00000000
        9985000	       899	80003c22	03b55d63	bge	x10,x27,80003c5c	 x10:0xfffffffb x27:0x00000000
        9995000	       900	80003c26	5dfd	c.li	x27,-1	 x27=0xffffffff
       10005000	       901	80003c28	02908063	beq	x1,x9,80003c48	  x1:0x00000001  x9:0xffff7f7b
       10015000	       902	80003c2c	011202b3	add	x5,x4,x17	  x4:0x00000000 x17:0xdc71d000  x5=0xdc71d000
       10025000	       903	80003c30	0000100f	fence.i	
       10045000	       905	80003c34	0c086093	ori	x1,x16,192	 x16:0x00000000  x1=0x000000c0
       10055000	       906	80003c38	4af08b93	addi	x23,x1,1199	  x1:0x000000c0 x23=0x0000056f
       10095000	       910	80003c3c	02a82ab3	mulhsu	x21,x16,x10	 x16:0x00000000 x10:0xfffffffb x21=0x00000000
       10105000	       911	80003c40	0001	c.addi	x0,0	  x0:0x00000000  x0=0x00000000
       10115000	       912	80003c42	8e91	c.sub	x13,x12	 x13:0xfffff40a x12:0x00000019 x13=0xfffff3f1
       10155000	       916	80003c44	03191433	mulh	x8,x18,x17	 x18:0xfffff40a x17:0xdc71d000  x8=0x000001a9
       10165000	       917	80003c48	0000100f	fence.i	
       10185000	       919	80003c4c	9963ab13	slti	x22,x7,-1642	  x7:0x80000000 x22=0x00000001
       10195000	       920	80003c50	40b18bb3	sub	x23,x3,x11	  x3:0xdfde6416 x11:0x80025ce1 x23=0x5fdc0735
       10205000	       921	80003c54	8265	c.srli	x12,0x19	 x12:0x00000019 x12=0x00000000
       10215000	       922	80003c56	8c7d	c.and	x8,x15	  x8:0x000001a9 x15:0x80025ce4  x8=0x000000a0
       10255000	       926	80003c58	02e69133	mulh	x2,x13,x14	 x13:0xfffff3f1 x14:0x00000005  x2=0xffffffff
       10265000	       927	80003c5c	c681	c.beqz	x13,80003c64	 x13:0xfffff3f1
       10275000	       928	80003c5e	00854fb3	xor	x31,x10,x8	 x10:0xfffffffb  x8:0x000000a0 x31=0xffffff5b
       10285000	       929	80003c62	c40d	c.beqz	x8,80003c8c	  x8:0x000000a0
       10295000	       930	80003c64	e909	c.bnez	x10,80003c76	 x10:0xfffffffb
       10325000	       933	80003c76	0000100f	fence.i	
       10345000	       935	80003c7a	8322	c.mv	x6,x8	  x0:0x00000000  x8:0x000000a0  x6=0x000000a0
       10385000	       939	80003c7c	03b9b933	mulhu	x18,x19,x27	 x19:0xfffffafa x27:0xffffffff x18=0xfffffaf9
       10395000	       940	80003c80	0ff0000f	fence	iorw,iorw	
       10405000	       941	80003c84	8c69	c.and	x8,x10	  x8:0x000000a0 x10:0xfffffffb  x8=0x000000a0
       10415000	       942	80003c86	0001	c.addi	x0,0	  x0:0x00000000  x0=0x00000000
       10425000	       943	80003c88	4157d113	srai	x2,x15,0x15	 x15:0x80025ce4  x2=0xfffffc00
       10435000	       944	80003c8c	8059	c.srli	x8,0x16	  x8:0x000000a0  x8=0x00000000
       10445000	       945	80003c8e	8771	c.srai	x14,0x1c	 x14:0x00000005 x14=0x00000000
       10455000	       946	80003c90	854d	c.srai	x10,0x13	 x10:0xfffffffb x10=0xffffffff
       10465000	       947	80003c92	0c0a	c.slli	x24,0x2	 x24:0x00000000 x24=0x00000000
       10475000	       948	80003c94	0ff0000f	fence	iorw,iorw	
       10485000	       949	80003c98	01e0d333	srl	x6,x1,x30	  x1:0x000000c0 x30:0x00000000  x6=0x000000c0
       10495000	       950	80003c9c	0001	c.addi	x0,0	  x0:0x00000000  x0=0x00000000
       10525000	       953	80003c9e	02010bb3	mul	x23,x2,x0	  x2:0xfffffc00  x0:0x00000000 x23=0x00000000
       10535000	       954	80003ca2	8615	c.srai	x12,0x5	 x12:0x00000000 x12=0x00000000
       10545000	       955	80003ca4	408adc93	srai	x25,x21,0x8	 x21:0x00000000 x25=0x00000000
       10555000	       956	80003ca8	03cd8563	beq	x27,x28,80003cd2	 x27:0xffffffff x28:0x80021e54
       10565000	       957	80003cac	00d3d363	bge	x7,x13,80003cb2	  x7:0x80000000 x13:0xfffff3f1
       10575000	       958	80003cb0	8c65	c.and	x8,x9	  x8:0x00000000  x9:0xffff7f7b  x8=0x00000000
       10585000	       959	80003cb2	4651	c.li	x12,20	 x12=0x00000014
       10625000	       963	80003cb4	024b18b3	mulh	x17,x22,x4	 x22:0x00000001  x4:0x00000000 x17=0x00000000
       10635000	       964	80003cb8	c305	c.beqz	x14,80003cd8	 x14:0x00000000
       10685000	       969	80003cd8	03febf33	mulhu	x30,x29,x31	 x29:0x00000000 x31:0xffffff5b x30=0x00000000
       10695000	       970	80003cdc	8631	c.srai	x12,0xc	 x12:0x00000014 x12=0x00000000
       10705000	       971	80003cde	8f1d	c.sub	x14,x15	 x14:0x00000000 x15:0x80025ce4 x14=0x7ffda31c
       10715000	       972	80003ce0	00218333	add	x6,x3,x2	  x3:0xdfde6416  x2:0xfffffc00  x6=0xdfde6016
       10725000	       973	80003ce4	80b9	c.srli	x9,0xe	  x9:0xffff7f7b  x9=0x0003fffd
       10735000	       974	80003ce6	41525ab3	sra	x21,x4,x21	  x4:0x00000000 x21:0x00000000 x21=0x00000000
       10745000	       975	80003cea	0001	c.addi	x0,0	  x0:0x00000000  x0=0x00000000
       10755000	       976	80003cec	edbc6213	ori	x4,x24,-293	 x24:0x00000000  x4=0xfffffedb
       10765000	       977	80003cf0	9b7d	c.andi	x14,-1	 x14:0x7ffda31c x14=0x7ffda31c
       10775000	       978	80003cf2	12fd	c.addi	x5,-1	  x5:0xdc71d000  x5=0xdc71cfff
       10785000	       979	80003cf4	0ff0000f	fence	iorw,iorw	
       10795000	       980	80003cf8	e82a8693	addi	x13,x21,-382	 x21:0x00000000 x13=0xfffffe82
       10805000	       981	80003cfc	016cc133	xor	x2,x25,x22	 x25:0x00000000 x22:0x00000001  x2=0x00000001
       10815000	       982	80003d00	95d2	c.add	x11,x20	 x11:0x80025ce1 x20:0x7ffda31d x11=0xfffffffe
       10825000	       983	80003d02	01fe5263	bge	x28,x31,80003d06	 x28:0x80021e54 x31:0xffffff5b
       10845000	       985	80003d06	03e871b3	remu	x3,x16,x30	 x16:0x00000000 x30:0x00000000  x3=0x00000000
       10885000	       989	80003d0a	037c2933	mulhsu	x18,x24,x23	 x24:0x00000000 x23:0x00000000 x18=0x00000000
       10895000	       990	80003d0e	876d	c.srai	x14,0x1b	 x14:0x7ffda31c x14=0x0000000f
       10905000	       991	80003d10	8e31	c.xor	x12,x12	 x12:0x00000000 x12:0x00000000 x12=0x00000000
       10915000	       992	80003d12	8e01	c.sub	x12,x8	 x12:0x00000000  x8:0x00000000 x12=0x00000000
       10925000	       993	80003d14	ed276db7	lui	x27,0xed276	 x27=0xed276000
       10935000	       994	80003d18	026e7663	bgeu	x28,x6,80003d44	 x28:0x80021e54  x6:0xdfde6016
       10945000	       995	80003d1c	8e85	c.sub	x13,x9	 x13:0xfffffe82  x9:0x0003fffd x13=0xfffbfe85
       10955000	       996	80003d1e	ad8fb493	sltiu	x9,x31,-1320	 x31:0xffffff5b  x9=0x00000000
       10965000	       997	80003d22	41b35c13	srai	x24,x6,0x1b	  x6:0xdfde6016 x24=0xfffffffb
       10975000	       998	80003d26	007368b3	or	x17,x6,x7	  x6:0xdfde6016  x7:0x80000000 x17=0xdfde6016
       10985000	       999	80003d2a	6619	c.lui	x12,0x6	 x12=0x00006000
       10995000	      1000	80003d2c	03ea7c63	bgeu	x20,x30,80003d64	 x20:0x7ffda31d x30:0x00000000
       11015000	      1002	80003d64	84c1	c.srai	x9,0x10	  x9:0x00000000  x9=0x00000000
       11025000	      1003	80003d66	c1767993	andi	x19,x12,-1001	 x12:0x00006000 x19=0x00006000
       11035000	      1004	80003d6a	5e7d3513	sltiu	x10,x26,1511	 x26:0x80000014 x10=0x00000000
       11045000	      1005	80003d6e	01ce9f33	sll	x30,x29,x28	 x29:0x00000000 x28:0x80021e54 x30=0x00000000
       11055000	      1006	80003d72	e219	c.bnez	x12,80003d78	 x12:0x00006000
       11075000	      1008	80003d78	18fd	c.addi	x17,-1	 x17:0xdfde6016 x17=0xdfde6015
       11085000	      1009	80003d7a	000a1313	slli	x6,x20,0x0	 x20:0x7ffda31d  x6=0x7ffda31d
       11095000	      1010	80003d7e	015f9113	slli	x2,x31,0x15	 x31:0xffffff5b  x2=0xeb600000
       11105000	      1011	80003d82	581cbd93	sltiu	x27,x25,1409	 x25:0x00000000 x27=0x00000001
       11115000	      1012	80003d86	0200d963	bge	x1,x0,80003db8	  x1:0x000000c0  x0:0x00000000
       11135000	      1014	80003db8	9846	c.add	x16,x17	 x16:0x00000000 x17:0xdfde6015 x16=0xdfde6015
       11145000	      1015	80003dba	9916	c.add	x18,x5	 x18:0x00000000  x5:0xdc71cfff x18=0xdc71cfff
       11155000	      1016	80003dbc	776e29b7	lui	x19,0x776e2	 x19=0x776e2000
       11165000	      1017	80003dc0	01d16563	bltu	x2,x29,80003dca	  x2:0xeb600000 x29:0x00000000
       11175000	      1018	80003dc4	0001	c.addi	x0,0	  x0:0x00000000  x0=0x00000000
       11185000	      1019	80003dc6	ce95	c.beqz	x13,80003e02	 x13:0xfffbfe85
       11195000	      1020	80003dc8	0001	c.addi	x0,0	  x0:0x00000000  x0=0x00000000
       11205000	      1021	80003dca	807d	c.srli	x8,0x1f	  x8:0x00000000  x8=0x00000000
       11215000	      1022	80003dcc	059df063	bgeu	x27,x25,80003e0c	 x27:0x00000001 x25:0x00000000
       11235000	      1024	80003e0c	00fab033	sltu	x0,x21,x15	 x21:0x00000000 x15:0x80025ce4  x0=0x00000000
       11245000	      1025	80003e10	003109b3	add	x19,x2,x3	  x2:0xeb600000  x3:0x00000000 x19=0xeb600000
       11255000	      1026	80003e14	03c96663	bltu	x18,x28,80003e40	 x18:0xdc71cfff x28:0x80021e54
       11265000	      1027	80003e18	007f5a33	srl	x20,x30,x7	 x30:0x00000000  x7:0x80000000 x20=0x00000000
       11275000	      1028	80003e1c	cd244013	xori	x0,x8,-814	  x8:0x00000000  x0=0x00000000
       11285000	      1029	80003e20	01b76133	or	x2,x14,x27	 x14:0x0000000f x27:0x00000001  x2=0x0000000f
       11295000	      1030	80003e24	0ff0000f	fence	iorw,iorw	
       11305000	      1031	80003e28	0001	c.addi	x0,0	  x0:0x00000000  x0=0x00000000
       11315000	      1032	80003e2a	0026b733	sltu	x14,x13,x2	 x13:0xfffbfe85  x2:0x0000000f x14=0x00000000
       11325000	      1033	80003e2e	038f0f63	beq	x30,x24,80003e6c	 x30:0x00000000 x24:0xfffffffb
       11335000	      1034	80003e32	e185	c.bnez	x11,80003e52	 x11:0xfffffffe
       11355000	      1036	80003e52	86b1	c.srai	x13,0xc	 x13:0xfffbfe85 x13=0xffffffbf
       11375000	      1038	80003e54	02375d33	divu	x26,x14,x3	 x14:0x00000000  x3:0x00000000 x26=0xffffffff
       11415000	      1042	80003e58	031c90b3	mulh	x1,x25,x17	 x25:0x00000000 x17:0xdfde6015  x1=0x00000000
       11425000	      1043	80003e5c	8f11	c.sub	x14,x12	 x14:0x00000000 x12:0x00006000 x14=0xffffa000
       11435000	      1044	80003e5e	407e5633	sra	x12,x28,x7	 x28:0x80021e54  x7:0x80000000 x12=0x80021e54
       11475000	      1048	80003e62	02e6abb3	mulhsu	x23,x13,x14	 x13:0xffffffbf x14:0xffffa000 x23=0xffffffbf
       11485000	      1049	80003e66	987d	c.andi	x8,-1	  x8:0x00000000  x8=0x00000000
       11495000	      1050	80003e68	019c4233	xor	x4,x24,x25	 x24:0xfffffffb x25:0x00000000  x4=0xfffffffb
       11505000	      1051	80003e6c	40d308b3	sub	x17,x6,x13	  x6:0x7ffda31d x13:0xffffffbf x17=0x7ffda35e
       11515000	      1052	80003e70	8f65	c.and	x14,x9	 x14:0xffffa000  x9:0x00000000 x14=0x00000000
       11525000	      1053	80003e72	0180fc33	and	x24,x1,x24	  x1:0x00000000 x24:0xfffffffb x24=0x00000000
       11535000	      1054	80003e76	01916563	bltu	x2,x25,80003e80	  x2:0x0000000f x25:0x00000000
       11545000	      1055	80003e7a	02bfd363	bge	x31,x11,80003ea0	 x31:0xffffff5b x11:0xfffffffe
       11555000	      1056	80003e7e	717d	c.addi16sp	x2,-16	  x2:0x0000000f  x2=0xffffffff
       11565000	      1057	80003e80	9afd	c.andi	x13,-1	 x13:0xffffffbf x13=0xffffffbf
       11575000	      1058	80003e82	8de5	c.and	x11,x9	 x11:0xfffffffe  x9:0x00000000 x11=0x00000000
       11585000	      1059	80003e84	8d95	c.sub	x11,x13	 x11:0x00000000 x13:0xffffffbf x11=0x00000041
       11595000	      1060	80003e86	2ed1ea93	ori	x21,x3,749	  x3:0x00000000 x21=0x000002ed
       11605000	      1061	80003e8a	8f71	c.and	x14,x12	 x14:0x00000000 x12:0x80021e54 x14=0x00000000
       11615000	      1062	80003e8c	41cadb93	srai	x23,x21,0x1c	 x21:0x000002ed x23=0x00000000
       11625000	      1063	80003e90	e8007693	andi	x13,x0,-384	  x0:0x00000000 x13=0x00000000
       11635000	      1064	80003e94	8f05	c.sub	x14,x9	 x14:0x00000000  x9:0x00000000 x14=0x00000000
       11645000	      1065	80003e96	8e4d	c.or	x12,x11	 x12:0x80021e54 x11:0x00000041 x12=0x80021e55
       11655000	      1066	80003e98	00b1deb3	srl	x29,x3,x11	  x3:0x00000000 x11:0x00000041 x29=0x00000000
       11665000	      1067	80003e9c	0001	c.addi	x0,0	  x0:0x00000000  x0=0x00000000
       11675000	      1068	80003e9e	8e69	c.and	x12,x10	 x12:0x80021e55 x10:0x00000000 x12=0x00000000
       11685000	      1069	80003ea0	c415	c.beqz	x8,80003ecc	  x8:0x00000000
       11705000	      1071	80003ecc	4112df33	sra	x30,x5,x17	  x5:0xdc71cfff x17:0x7ffda35e x30=0xffffffff
       11715000	      1072	80003ed0	6495	c.lui	x9,0x5	  x9=0x00005000
       11725000	      1073	80003ed2	01f46663	bltu	x8,x31,80003ede	  x8:0x00000000 x31:0xffffff5b
       11755000	      1076	80003ede	07dca713	slti	x14,x25,125	 x25:0x00000000 x14=0x00000001
       11765000	      1077	80003ee2	8b05	c.andi	x14,1	 x14:0x00000001 x14=0x00000001
       11775000	      1078	80003ee4	00808533	add	x10,x1,x8	  x1:0x00000000  x8:0x00000000 x10=0x00000000
       11785000	      1079	80003ee8	8a81	c.andi	x13,0	 x13:0x00000000 x13=0x00000000
       11795000	      1080	80003eea	62a5	c.lui	x5,0x9	  x5=0x00009000
       11805000	      1081	80003eec	014e65b3	or	x11,x28,x20	 x28:0x80021e54 x20:0x00000000 x11=0x80021e54
       11815000	      1082	80003ef0	0186df63	bge	x13,x24,80003f0e	 x13:0x00000000 x24:0x00000000
       11875000	      1088	80003f0e	02c09bb3	mulh	x23,x1,x12	  x1:0x00000000 x12:0x00000000 x23=0x00000000
       11885000	      1089	80003f12	5efb4b93	xori	x23,x22,1519	 x22:0x00000001 x23=0x000005ee
       11895000	      1090	80003f16	02c3e263	bltu	x7,x12,80003f3a	  x7:0x80000000 x12:0x00000000
       11905000	      1091	80003f1a	011c0ab3	add	x21,x24,x17	 x24:0x00000000 x17:0x7ffda35e x21=0x7ffda35e
       11915000	      1092	80003f1e	40f58c33	sub	x24,x11,x15	 x11:0x80021e54 x15:0x80025ce4 x24=0xffffc170
       11925000	      1093	80003f22	004c9133	sll	x2,x25,x4	 x25:0x00000000  x4:0xfffffffb  x2=0x00000000
       11935000	      1094	80003f26	e81bba13	sltiu	x20,x23,-383	 x23:0x000005ee x20=0x00000001
       11965000	      1097	80003f2a	032f0bb3	mul	x23,x30,x18	 x30:0xffffffff x18:0xdc71cfff x23=0x238e3001
       11975000	      1098	80003f2e	9afd	c.andi	x13,-1	 x13:0x00000000 x13=0x00000000
       11985000	      1099	80003f30	02875b17	auipc	x22,0x2875	 x22=0x82878f30
       11995000	      1100	80003f34	34320117	auipc	x2,0x34320	  x2=0xb4323f34
       12005000	      1101	80003f38	06ce	c.slli	x13,0x13	 x13:0x00000000 x13=0x00000000
       12015000	      1102	80003f3a	01525f63	bge	x4,x21,80003f58	  x4:0xfffffffb x21:0x7ffda35e
       12025000	      1103	80003f3e	01006fb3	or	x31,x0,x16	  x0:0x00000000 x16:0xdfde6015 x31=0xdfde6015
       12035000	      1104	80003f42	50fd	c.li	x1,-1	  x1=0xffffffff
       12045000	      1105	80003f44	551de813	ori	x16,x27,1361	 x27:0x00000001 x16=0x00000551
       12055000	      1106	80003f48	8f65	c.and	x14,x9	 x14:0x00000001  x9:0x00005000 x14=0x00000000
       12065000	      1107	80003f4a	0001	c.addi	x0,0	  x0:0x00000000  x0=0x00000000
       12075000	      1108	80003f4c	000a5613	srli	x12,x20,0x0	 x20:0x00000001 x12=0x00000001
       12085000	      1109	80003f50	80a1	c.srli	x9,0x8	  x9:0x00005000  x9=0x00000050
       12095000	      1110	80003f52	46374413	xori	x8,x14,1123	 x14:0x00000000  x8=0x00000463
       12105000	      1111	80003f56	847d	c.srai	x8,0x1f	  x8:0x00000463  x8=0x00000000
       12115000	      1112	80003f58	d3036e93	ori	x29,x6,-720	  x6:0x7ffda31d x29=0xffffff3d
       12125000	      1113	80003f5c	97c4ad13	slti	x26,x9,-1668	  x9:0x00000050 x26=0x00000000
       12495000	      1150	80003f60	02c34cb3	div	x25,x6,x12	  x6:0x7ffda31d x12:0x00000001 x25=0x7ffda31d
       12505000	      1151	80003f64	e811	c.bnez	x8,80003f78	  x8:0x00000000
       12545000	      1155	80003f66	0348a333	mulhsu	x6,x17,x20	 x17:0x7ffda35e x20:0x00000001  x6=0x00000000
       12555000	      1156	80003f6a	021cc863	blt	x25,x1,80003f9a	 x25:0x7ffda31d  x1:0xffffffff
       12565000	      1157	80003f6e	ca11	c.beqz	x12,80003f82	 x12:0x00000001
       12575000	      1158	80003f70	c58d	c.beqz	x11,80003f9a	 x11:0x80021e54
       12615000	      1162	80003f72	035b2233	mulhsu	x4,x22,x21	 x22:0x82878f30 x21:0x7ffda35e  x4=0xc144efef
       12625000	      1163	80003f76	6af1	c.lui	x21,0x1c	 x21=0x0001c000
       12635000	      1164	80003f78	037c0363	beq	x24,x23,80003f9e	 x24:0xffffc170 x23:0x238e3001
       12645000	      1165	80003f7c	951e	c.add	x10,x7	 x10:0x00000000  x7:0x80000000 x10=0x80000000
       12655000	      1166	80003f7e	cf60b213	sltiu	x4,x1,-778	  x1:0xffffffff  x4=0x00000000
       12665000	      1167	80003f82	006cc833	xor	x16,x25,x6	 x25:0x7ffda31d  x6:0x00000000 x16=0x7ffda31d
       12675000	      1168	80003f86	8e89	c.sub	x13,x10	 x13:0x00000000 x10:0x80000000 x13=0x80000000
       12685000	      1169	80003f88	8875	c.andi	x8,29	  x8:0x00000000  x8=0x00000000
       12695000	      1170	80003f8a	9c3a	c.add	x24,x14	 x24:0xffffc170 x14:0x00000000 x24=0xffffc170
       12705000	      1171	80003f8c	e50d	c.bnez	x10,80003fb6	 x10:0x80000000
       13095000	      1210	80003fb6	02ade333	rem	x6,x27,x10	 x27:0x00000001 x10:0x80000000  x6=0x00000001
       13105000	      1211	80003fba	0001	c.addi	x0,0	  x0:0x00000000  x0=0x00000000
       13115000	      1212	80003fbc	0000100f	fence.i	
       13495000	      1250	80003fc0	03317cb3	remu	x25,x2,x19	  x2:0xb4323f34 x19:0xeb600000 x25=0xb4323f34
       13505000	      1251	80003fc4	717d	c.addi16sp	x2,-16	  x2:0xb4323f34  x2=0xb4323f24
       13515000	      1252	80003fc6	01247333	and	x6,x8,x18	  x8:0x00000000 x18:0xdc71cfff  x6=0x00000000
       13525000	      1253	80003fca	77e86e97	auipc	x29,0x77e86	 x29=0xf7e89fca
       13535000	      1254	80003fce	197d	c.addi	x18,-1	 x18:0xdc71cfff x18=0xdc71cffe
       13545000	      1255	80003fd0	40695113	srai	x2,x18,0x6	 x18:0xdc71cffe  x2=0xff71c73f
       13555000	      1256	80003fd4	1c7d	c.addi	x24,-1	 x24:0xffffc170 x24=0xffffc16f
       13595000	      1260	80003fd6	02ba1633	mulh	x12,x20,x11	 x20:0x00000001 x11:0x80021e54 x12=0xffffffff
       13605000	      1261	80003fda	0001	c.addi	x0,0	  x0:0x00000000  x0=0x00000000
       13615000	      1262	80003fdc	01279463	bne	x15,x18,80003fe4	 x15:0x80025ce4 x18:0xdc71cffe
       13635000	      1264	80003fe4	54ca6337	lui	x6,0x54ca6	  x6=0x54ca6000
       13645000	      1265	80003fe8	009f1db3	sll	x27,x30,x9	 x30:0xffffffff  x9:0x00000050 x27=0xffff0000
       13655000	      1266	80003fec	bf286e93	ori	x29,x16,-1038	 x16:0x7ffda31d x29=0xfffffbff
       13665000	      1267	80003ff0	9c1e	c.add	x24,x7	 x24:0xffffc16f  x7:0x80000000 x24=0x7fffc16f
       13675000	      1268	80003ff2	827d	c.srli	x12,0x1f	 x12:0xffffffff x12=0x00000001
       13685000	      1269	80003ff4	1298	c.addi4spn	x14,x2,352	 x14=0xff71c89f
       13695000	      1270	80003ff6	0ff0000f	fence	iorw,iorw	
       13705000	      1271	80003ffa	8831	c.andi	x8,12	  x8:0x00000000  x8=0x00000000
       13715000	      1272	80003ffc	017f5133	srl	x2,x30,x23	 x30:0xffffffff x23:0x238e3001  x2=0x7fffffff
       13725000	      1273	80004000	012d1833	sll	x16,x26,x18	 x26:0x00000000 x18:0xdc71cffe x16=0x00000000
       13735000	      1274	80004004	0001	c.addi	x0,0	  x0:0x00000000  x0=0x00000000
       13745000	      1275	80004006	41785933	sra	x18,x16,x23	 x16:0x00000000 x23:0x238e3001 x18=0x00000000
       13755000	      1276	8000400a	8e85e537	lui	x10,0x8e85e	 x10=0x8e85e000
       13765000	      1277	8000400e	8eb1	c.xor	x13,x12	 x13:0x80000000 x12:0x00000001 x13=0x80000001
       13775000	      1278	80004010	0016f0b3	and	x1,x13,x1	 x13:0x80000001  x1:0xffffffff  x1=0x80000001
       14145000	      1315	80004014	0384cf33	div	x30,x9,x24	  x9:0x00000050 x24:0x7fffc16f x30=0x00000000
       14155000	      1316	80004018	8d49	c.or	x10,x10	 x10:0x8e85e000 x10:0x8e85e000 x10=0x8e85e000
       14165000	      1317	8000401a	01f80363	beq	x16,x31,80004020	 x16:0x00000000 x31:0xdfde6015
       14175000	      1318	8000401e	8aee	c.mv	x21,x27	  x0:0x00000000 x27:0xffff0000 x21=0xffff0000
       14185000	      1319	80004020	05cae163	bltu	x21,x28,80004062	 x21:0xffff0000 x28:0x80021e54
       14195000	      1320	80004024	557d	c.li	x10,-1	 x10=0xffffffff
       14205000	      1321	80004026	0001	c.addi	x0,0	  x0:0x00000000  x0=0x00000000
       14215000	      1322	80004028	01cb3c33	sltu	x24,x22,x28	 x22:0x82878f30 x28:0x80021e54 x24=0x00000000
       14225000	      1323	8000402c	ed15	c.bnez	x10,80004068	 x10:0xffffffff
       14245000	      1325	80004068	03ef4f63	blt	x30,x30,800040a6	 x30:0x00000000 x30:0x00000000
       14255000	      1326	8000406c	8371	c.srli	x14,0x1c	 x14:0xff71c89f x14=0x0000000f
       14265000	      1327	8000406e	ce48ce93	xori	x29,x17,-796	 x17:0x7ffda35e x29=0x80025fba
       14275000	      1328	80004072	eb15	c.bnez	x14,800040a6	 x14:0x0000000f
       14305000	      1331	800040a6	41d15293	srai	x5,x2,0x1d	  x2:0x7fffffff  x5=0x00000003
       14315000	      1332	800040aa	03a6c863	blt	x13,x26,800040da	 x13:0x80000001 x26:0x00000000
       14345000	      1335	800040da	03f7fa13	andi	x20,x15,63	 x15:0x80025ce4 x20=0x00000024
       14355000	      1336	800040de	00ed8933	add	x18,x27,x14	 x27:0xffff0000 x14:0x0000000f x18=0xffff000f
       14365000	      1337	800040e2	03271363	bne	x14,x18,80004108	 x14:0x0000000f x18:0xffff000f
       14385000	      1339	80004108	9b7d	c.andi	x14,-1	 x14:0x0000000f x14=0x0000000f
       14395000	      1340	8000410a	8ae6	c.mv	x21,x25	  x0:0x00000000 x25:0xb4323f34 x21=0xb4323f34
       14405000	      1341	8000410c	013b6b63	bltu	x22,x19,80004122	 x22:0x82878f30 x19:0xeb600000
       14435000	      1344	80004122	0000100f	fence.i	
       14465000	      1347	80004126	009ec4b3	xor	x9,x29,x9	 x29:0x80025fba  x9:0x00000050  x9=0x80025fea
       14475000	      1348	8000412a	0001	c.addi	x0,0	  x0:0x00000000  x0=0x00000000
       14485000	      1349	8000412c	8aefa213	slti	x4,x31,-1874	 x31:0xdfde6015  x4=0x00000001
       14495000	      1350	80004130	693d	c.lui	x18,0xf	 x18=0x0000f000
       14505000	      1351	80004132	00f25913	srli	x18,x4,0xf	  x4:0x00000001 x18=0x00000000
       14515000	      1352	80004136	01140863	beq	x8,x17,80004146	  x8:0x00000000 x17:0x7ffda35e
       14525000	      1353	8000413a	01cc0263	beq	x24,x28,8000413e	 x24:0x00000000 x28:0x80021e54
       14535000	      1354	8000413e	40eadb13	srai	x22,x21,0xe	 x21:0xb4323f34 x22=0xfffed0c8
       14545000	      1355	80004142	b3ecb293	sltiu	x5,x25,-1218	 x25:0xb4323f34  x5=0x00000001
       14555000	      1356	80004146	8ded	c.and	x11,x11	 x11:0x80021e54 x11:0x80021e54 x11=0x80021e54
       14565000	      1357	80004148	0278eb63	bltu	x17,x7,8000417e	 x17:0x7ffda35e  x7:0x80000000
       14595000	      1360	8000417e	0000100f	fence.i	
       14625000	      1363	80004182	0167d363	bge	x15,x22,80004188	 x15:0x80025ce4 x22:0xfffed0c8
       14635000	      1364	80004186	0001	c.addi	x0,0	  x0:0x00000000  x0=0x00000000
       14645000	      1365	80004188	016bd233	srl	x4,x23,x22	 x23:0x238e3001 x22:0xfffed0c8  x4=0x00238e30
       14655000	      1366	8000418c	8c49	c.or	x8,x10	  x8:0x00000000 x10:0xffffffff  x8=0xffffffff
       14665000	      1367	8000418e	0e94	c.addi4spn	x13,x2,848	 x13=0x8000034f
       14675000	      1368	80004190	01aa1113	slli	x2,x20,0x1a	 x20:0x00000024  x2=0x90000000
       14685000	      1369	80004194	76d96f17	auipc	x30,0x76d96	 x30=0xf6d9a194
       14695000	      1370	80004198	c805	c.beqz	x8,800041c8	  x8:0xffffffff
       14705000	      1371	8000419a	80c1	c.srli	x9,0x10	  x9:0x80025fea  x9=0x00008002
       14715000	      1372	8000419c	0cc5	c.addi	x25,17	 x25:0xb4323f34 x25=0xb4323f45
       14725000	      1373	8000419e	1600	c.addi4spn	x8,x2,800	  x8=0x90000320
       14735000	      1374	800041a0	4f5bfb13	andi	x22,x23,1269	 x23:0x238e3001 x22=0x00000001
       14745000	      1375	800041a4	40205b33	sra	x22,x0,x2	  x0:0x00000000  x2:0x90000000 x22=0x00000000
       14755000	      1376	800041a8	0599	c.addi	x11,6	 x11:0x80021e54 x11=0x80021e5a
       14765000	      1377	800041aa	81b1	c.srli	x11,0xc	 x11:0x80021e5a x11=0x00080021
       14775000	      1378	800041ac	5f7d	c.li	x30,-1	 x30=0xffffffff
       14785000	      1379	800041ae	01335d13	srli	x26,x6,0x13	  x6:0x54ca6000 x26=0x00000a99
       14825000	      1383	800041b2	02e82333	mulhsu	x6,x16,x14	 x16:0x00000000 x14:0x0000000f  x6=0x00000000
       14835000	      1384	800041b6	01709813	slli	x16,x1,0x17	  x1:0x80000001 x16=0x00800000
       14845000	      1385	800041ba	59854a13	xori	x20,x10,1432	 x10:0xffffffff x20=0xfffffa67
       14885000	      1389	800041be	02f9bcb3	mulhu	x25,x19,x15	 x19:0xeb600000 x15:0x80025ce4 x25=0x75b22c28
       14895000	      1390	800041c2	8641	c.srai	x12,0x10	 x12:0x00000001 x12=0x00000000
       14905000	      1391	800041c4	400f8933	sub	x18,x31,x0	 x31:0xdfde6015  x0:0x00000000 x18=0xdfde6015
       14915000	      1392	800041c8	418502b3	sub	x5,x10,x24	 x10:0xffffffff x24:0x00000000  x5=0xffffffff
       14925000	      1393	800041cc	0001	c.addi	x0,0	  x0:0x00000000  x0=0x00000000
       14935000	      1394	800041ce	01587313	andi	x6,x16,21	 x16:0x00800000  x6=0x00000000
       14945000	      1395	800041d2	832c2493	slti	x9,x24,-1998	 x24:0x00000000  x9=0x00000000
       14955000	      1396	800041d6	24bebf13	sltiu	x30,x29,587	 x29:0x80025fba x30=0x00000000
       14965000	      1397	800041da	8425	c.srai	x8,0x9	  x8:0x90000320  x8=0xffc80001
       14975000	      1398	800041dc	00a89b93	slli	x23,x17,0xa	 x17:0x7ffda35e x23=0xf68d7800
       15345000	      1435	800041e0	028bccb3	div	x25,x23,x8	 x23:0xf68d7800  x8:0xffc80001 x25=0x0000002b
       15715000	      1472	800041e4	02217f33	remu	x30,x2,x2	  x2:0x90000000  x2:0x90000000 x30=0x00000000
       15725000	      1473	800041e8	41785513	srai	x10,x16,0x17	 x16:0x00800000 x10=0x00000001
       15735000	      1474	800041ec	01494733	xor	x14,x18,x20	 x18:0xdfde6015 x20:0xfffffa67 x14=0x20219a72
       15745000	      1475	800041f0	85b0adb7	lui	x27,0x85b0a	 x27=0x85b0a000
       15755000	      1476	800041f4	8e85	c.sub	x13,x9	 x13:0x8000034f  x9:0x00000000 x13=0x8000034f
       15765000	      1477	800041f6	02541563	bne	x8,x5,80004220	  x8:0xffc80001  x5:0xffffffff
       15785000	      1479	80004220	0024b133	sltu	x2,x9,x2	  x9:0x00000000  x2:0x90000000  x2=0x00000001
       15825000	      1483	80004224	02cba033	mulhsu	x0,x23,x12	 x23:0xf68d7800 x12:0x00000000  x0=0x00000000
       15845000	      1485	80004228	03e94c33	div	x24,x18,x30	 x18:0xdfde6015 x30:0x00000000 x24=0xffffffff
       15855000	      1486	8000422c	8425	c.srai	x8,0x9	  x8:0xffc80001  x8=0xffffe400
       15865000	      1487	8000422e	00265d13	srli	x26,x12,0x2	 x12:0x00000000 x26=0x00000000
       15875000	      1488	80004232	055c1063	bne	x24,x21,80004272	 x24:0xffffffff x21:0xb4323f34
       15895000	      1490	80004272	8dd5	c.or	x11,x13	 x11:0x00080021 x13:0x8000034f x11=0x8008036f
       15905000	      1491	80004274	c9967513	andi	x10,x12,-871	 x12:0x00000000 x10=0x00000000
       15915000	      1492	80004278	013732b3	sltu	x5,x14,x19	 x14:0x20219a72 x19:0xeb600000  x5=0x00000001
       15925000	      1493	8000427c	0135b933	sltu	x18,x11,x19	 x11:0x8008036f x19:0xeb600000 x18=0x00000001
       15935000	      1494	80004280	4127da13	srai	x20,x15,0x12	 x15:0x80025ce4 x20=0xffffe000
       15945000	      1495	80004284	6f102613	slti	x12,x0,1777	  x0:0x00000000 x12=0x00000001
       15955000	      1496	80004288	40d85a13	srai	x20,x16,0xd	 x16:0x00800000 x20=0x00000400
       16325000	      1533	8000428c	039bf033	remu	x0,x23,x25	 x23:0xf68d7800 x25:0x0000002b  x0=0x00000000
       16355000	      1536	80004290	036d86b3	mul	x13,x27,x22	 x27:0x85b0a000 x22:0x00000000 x13=0x00000000
       16365000	      1537	80004294	00244363	blt	x8,x2,8000429a	  x8:0xffffe400  x2:0x00000001
       16425000	      1543	8000429a	03c3b5b3	mulhu	x11,x7,x28	  x7:0x80000000 x28:0x80021e54 x11=0x40010f2a
       16435000	      1544	8000429e	037c4463	blt	x24,x23,800042c6	 x24:0xffffffff x23:0xf68d7800
       16445000	      1545	800042a2	8e81	c.sub	x13,x8	 x13:0x00000000  x8:0xffffe400 x13=0x00001c00
       16455000	      1546	800042a4	95a01317	auipc	x6,0x95a01	  x6=0x15a052a4
       16465000	      1547	800042a8	84a1	c.srai	x9,0x8	  x9:0x00000000  x9=0x00000000
       16475000	      1548	800042aa	8de5	c.and	x11,x9	 x11:0x40010f2a  x9:0x00000000 x11=0x00000000
       16485000	      1549	800042ac	e615	c.bnez	x12,800042d8	 x12:0x00000001
       16505000	      1551	800042d8	7d90fb17	auipc	x22,0x7d90f	 x22=0xfd9132d8
       16515000	      1552	800042dc	3e648c13	addi	x24,x9,998	  x9:0x00000000 x24=0x000003e6
       16525000	      1553	800042e0	41560333	sub	x6,x12,x21	 x12:0x00000001 x21:0xb4323f34  x6=0x4bcdc0cd
       16535000	      1554	800042e4	95e6b293	sltiu	x5,x13,-1698	 x13:0x00001c00  x5=0x00000001
       16545000	      1555	800042e8	0131e833	or	x16,x3,x19	  x3:0x00000000 x19:0xeb600000 x16=0xeb600000
       16555000	      1556	800042ec	400cdcb3	sra	x25,x25,x0	 x25:0x0000002b  x0:0x00000000 x25=0x0000002b
       16565000	      1557	800042f0	0f88	c.addi4spn	x10,x2,976	 x10=0x000003d1
       16575000	      1558	800042f2	014cf563	bgeu	x25,x20,800042fc	 x25:0x0000002b x20:0x00000400
       16585000	      1559	800042f6	0001	c.addi	x0,0	  x0:0x00000000  x0=0x00000000
       16595000	      1560	800042f8	0178ef33	or	x30,x17,x23	 x17:0x7ffda35e x23:0xf68d7800 x30=0xfffdfb5e
       16605000	      1561	800042fc	6b71	c.lui	x22,0x1c	 x22=0x0001c000
       16615000	      1562	800042fe	8b9ca493	slti	x9,x25,-1863	 x25:0x0000002b  x9=0x00000000
       16625000	      1563	80004302	012cdb13	srli	x22,x25,0x12	 x25:0x0000002b x22=0x00000000
       16635000	      1564	80004306	7238fe93	andi	x29,x17,1827	 x17:0x7ffda35e x29=0x00000302
       16645000	      1565	8000430a	00af61b3	or	x3,x30,x10	 x30:0xfffdfb5e x10:0x000003d1  x3=0xfffdfbdf
       16655000	      1566	8000430e	0001	c.addi	x0,0	  x0:0x00000000  x0=0x00000000
       16665000	      1567	80004310	0ff0000f	fence	iorw,iorw	
       16675000	      1568	80004314	c4182d93	slti	x27,x16,-959	 x16:0xeb600000 x27=0x00000001
       16715000	      1572	80004318	028a3033	mulhu	x0,x20,x8	 x20:0x00000400  x8:0xffffe400  x0=0x00000000
       16725000	      1573	8000431c	018c9993	slli	x19,x25,0x18	 x25:0x0000002b x19=0x2b000000
       16735000	      1574	80004320	027dc863	blt	x27,x7,80004350	 x27:0x00000001  x7:0x80000000
       16745000	      1575	80004324	c205	c.beqz	x12,80004344	 x12:0x00000001
       17115000	      1612	80004326	02f0f8b3	remu	x17,x1,x15	  x1:0x80000001 x15:0x80025ce4 x17=0x80000001
       17125000	      1613	8000432a	01fd7763	bgeu	x26,x31,80004338	 x26:0x00000000 x31:0xdfde6015
       17135000	      1614	8000432e	8739	c.srai	x14,0xe	 x14:0x20219a72 x14=0x00008086
       17145000	      1615	80004330	fda67993	andi	x19,x12,-38	 x12:0x00000001 x19=0x00000000
       17155000	      1616	80004334	0ff0000f	fence	iorw,iorw	
       17525000	      1653	80004338	03867033	remu	x0,x12,x24	 x12:0x00000001 x24:0x000003e6  x0=0x00000000
       17535000	      1654	8000433c	0ff0000f	fence	iorw,iorw	
       17575000	      1658	80004340	03cd3533	mulhu	x10,x26,x28	 x26:0x00000000 x28:0x80021e54 x10=0x00000000
       17605000	      1661	80004344	03a60bb3	mul	x23,x12,x26	 x12:0x00000001 x26:0x00000000 x23=0x00000000
       17615000	      1662	80004348	00911d93	slli	x27,x2,0x9	  x2:0x00000001 x27=0x00000200
       17625000	      1663	8000434c	01a8ff63	bgeu	x17,x26,8000436a	 x17:0x80000001 x26:0x00000000
       17655000	      1666	8000436a	02eb0d63	beq	x22,x14,800043a4	 x22:0x00000000 x14:0x00008086
       17665000	      1667	8000436e	02da8963	beq	x21,x13,800043a0	 x21:0xb4323f34 x13:0x00001c00
       17675000	      1668	80004372	03001763	bne	x0,x16,800043a0	  x0:0x00000000 x16:0xeb600000
       17695000	      1670	800043a0	0a21	c.addi	x20,8	 x20:0x00000400 x20=0x00000408
       17705000	      1671	800043a2	1d88	c.addi4spn	x10,x2,752	 x10=0x000002f1
       17715000	      1672	800043a4	c80d	c.beqz	x8,800043d6	  x8:0xffffe400
       17725000	      1673	800043a6	85b5	c.srai	x11,0xd	 x11:0x00000000 x11=0x00000000
       17735000	      1674	800043a8	cb1b06b7	lui	x13,0xcb1b0	 x13=0xcb1b0000
       17745000	      1675	800043ac	0000100f	fence.i	
       17765000	      1677	800043b0	00501a93	slli	x21,x0,0x5	  x0:0x00000000 x21=0x00000000
       17775000	      1678	800043b4	064e	c.slli	x12,0x13	 x12:0x00000001 x12=0x00080000
       17785000	      1679	800043b6	00ff1fb3	sll	x31,x30,x15	 x30:0xfffdfb5e x15:0x80025ce4 x31=0xffdfb5e0
       17795000	      1680	800043ba	8115	c.srli	x10,0x5	 x10:0x000002f1 x10=0x00000017
       17805000	      1681	800043bc	0f3ee013	ori	x0,x29,243	 x29:0x00000302  x0=0x00000000
       17815000	      1682	800043c0	8e01	c.sub	x12,x8	 x12:0x00080000  x8:0xffffe400 x12=0x00081c00
       17825000	      1683	800043c2	00bf70b3	and	x1,x30,x11	 x30:0xfffdfb5e x11:0x00000000  x1=0x00000000
       17835000	      1684	800043c6	002e3233	sltu	x4,x28,x2	 x28:0x80021e54  x2:0x00000001  x4=0x00000000
       17845000	      1685	800043ca	ea85	c.bnez	x13,800043fa	 x13:0xcb1b0000
       17865000	      1687	800043fa	1f80	c.addi4spn	x8,x2,1008	  x8=0x000003f1
       17875000	      1688	800043fc	00e14933	xor	x18,x2,x14	  x2:0x00000001 x14:0x00008086 x18=0x00008087
       17885000	      1689	80004400	8e09	c.sub	x12,x10	 x12:0x00081c00 x10:0x00000017 x12=0x00081be9
       17895000	      1690	80004402	015e3733	sltu	x14,x28,x21	 x28:0x80021e54 x21:0x00000000 x14=0x00000000
       17905000	      1691	80004406	00f51593	slli	x11,x10,0xf	 x10:0x00000017 x11=0x000b8000
       17915000	      1692	8000440a	167d	c.addi	x12,-1	 x12:0x00081be9 x12=0x00081be8
       17925000	      1693	8000440c	c109	c.beqz	x10,8000440e	 x10:0x00000017
       17935000	      1694	8000440e	02666163	bltu	x12,x6,80004430	 x12:0x00081be8  x6:0x4bcdc0cd
       17955000	      1696	80004430	4581	c.li	x11,0	 x11=0x00000000
       17985000	      1699	80004432	02a706b3	mul	x13,x14,x10	 x14:0x00000000 x10:0x00000017 x13=0x00000000
       17995000	      1700	80004436	001dcdb3	xor	x27,x27,x1	 x27:0x00000200  x1:0x00000000 x27=0x00000200
       18005000	      1701	8000443a	c711	c.beqz	x14,80004446	 x14:0x00000000
       18035000	      1704	80004446	01201133	sll	x2,x0,x18	  x0:0x00000000 x18:0x00008087  x2=0x00000000
       18045000	      1705	8000444a	26e5b213	sltiu	x4,x11,622	 x11:0x00000000  x4=0x00000001
       18055000	      1706	8000444e	8e61	c.and	x12,x8	 x12:0x00081be8  x8:0x000003f1 x12=0x000003e0
       18065000	      1707	80004450	006e3033	sltu	x0,x28,x6	 x28:0x80021e54  x6:0x4bcdc0cd  x0=0x00000000
       18075000	      1708	80004454	0000100f	fence.i	
       18095000	      1710	80004458	01620bb7	lui	x23,0x1620	 x23=0x01620000
       18105000	      1711	8000445c	0000100f	fence.i	
       18125000	      1713	80004460	9a9a	c.add	x21,x6	 x21:0x00000000  x6:0x4bcdc0cd x21=0x4bcdc0cd
       18135000	      1714	80004462	e4d86017	auipc	x0,0xe4d86	  x0=0x00000000
       18145000	      1715	80004466	8c46	c.mv	x24,x17	  x0:0x00000000 x17:0x80000001 x24=0x80000001
       18155000	      1716	80004468	00ead333	srl	x6,x21,x14	 x21:0x4bcdc0cd x14:0x00000000  x6=0x4bcdc0cd
       18165000	      1717	8000446c	00aa9013	slli	x0,x21,0xa	 x21:0x4bcdc0cd  x0=0x00000000
       18175000	      1718	80004470	00a2ac33	slt	x24,x5,x10	  x5:0x00000001 x10:0x00000017 x24=0x00000001
       18185000	      1719	80004474	40a40333	sub	x6,x8,x10	  x8:0x000003f1 x10:0x00000017  x6=0x000003da
       18195000	      1720	80004478	8ce1	c.and	x9,x8	  x9:0x00000000  x8:0x000003f1  x9=0x00000000
       18205000	      1721	8000447a	1e82ab13	slti	x22,x5,488	  x5:0x00000001 x22=0x00000001
       18215000	      1722	8000447e	8a51	c.andi	x12,20	 x12:0x000003e0 x12=0x00000000
       18225000	      1723	80004480	e805	c.bnez	x8,800044b0	  x8:0x000003f1
       18245000	      1725	800044b0	41358a33	sub	x20,x11,x19	 x11:0x00000000 x19:0x00000000 x20=0x00000000
       18255000	      1726	800044b4	8d95	c.sub	x11,x13	 x11:0x00000000 x13:0x00000000 x11=0x00000000
       18265000	      1727	800044b6	e9a5a893	slti	x17,x11,-358	 x11:0x00000000 x17=0x00000000
       18275000	      1728	800044ba	0bc27893	andi	x17,x4,188	  x4:0x00000001 x17=0x00000000
       18285000	      1729	800044be	997d	c.andi	x10,-1	 x10:0x00000017 x10=0x00000017
       18325000	      1733	800044c0	02429033	mulh	x0,x5,x4	  x5:0x00000001  x4:0x00000001  x0=0x00000000
       18335000	      1734	800044c4	8d55	c.or	x10,x13	 x10:0x00000017 x13:0x00000000 x10=0x00000017
       18345000	      1735	800044c6	01b96f63	bltu	x18,x27,800044e4	 x18:0x00008087 x27:0x00000200
       18355000	      1736	800044ca	afcee697	auipc	x13,0xafcee	 x13=0x2fcf24ca
       18365000	      1737	800044ce	e15ffc13	andi	x24,x31,-491	 x31:0xffdfb5e0 x24=0xffdfb400
       18375000	      1738	800044d2	40d18a33	sub	x20,x3,x13	  x3:0xfffdfbdf x13:0x2fcf24ca x20=0xd02ed715
       18385000	      1739	800044d6	814f0013	addi	x0,x30,-2028	 x30:0xfffdfb5e  x0=0x00000000
       18395000	      1740	800044da	006c5c13	srli	x24,x24,0x6	 x24:0xffdfb400 x24=0x03ff7ed0
       18405000	      1741	800044de	85a9	c.srai	x11,0xa	 x11:0x00000000 x11=0x00000000
       18415000	      1742	800044e0	cf09	c.beqz	x14,800044fa	 x14:0x00000000
       18445000	      1745	800044fa	028e6563	bltu	x28,x8,80004524	 x28:0x80021e54  x8:0x000003f1
       18455000	      1746	800044fe	8c29	c.xor	x8,x10	  x8:0x000003f1 x10:0x00000017  x8=0x000003e6
       18825000	      1783	80004500	02d6f933	remu	x18,x13,x13	 x13:0x2fcf24ca x13:0x2fcf24ca x18=0x00000000
       18835000	      1784	80004504	717d	c.addi16sp	x2,-16	  x2:0x00000000  x2=0xfffffff0
       18845000	      1785	80004506	00556663	bltu	x10,x5,80004512	 x10:0x00000017  x5:0x00000001
       18855000	      1786	8000450a	41f0d833	sra	x16,x1,x31	  x1:0x00000000 x31:0xffdfb5e0 x16=0x00000000
       18865000	      1787	8000450e	02356363	bltu	x10,x3,80004534	 x10:0x00000017  x3:0xfffdfbdf
       18915000	      1792	80004534	0304a233	mulhsu	x4,x9,x16	  x9:0x00000000 x16:0x00000000  x4=0x00000000
       18925000	      1793	80004538	01fe9eb3	sll	x29,x29,x31	 x29:0x00000302 x31:0xffdfb5e0 x29=0x00000302
       18935000	      1794	8000453c	0ff0000f	fence	iorw,iorw	
       18945000	      1795	80004540	557d	c.li	x10,-1	 x10=0xffffffff
       18955000	      1796	80004542	0000100f	fence.i	
       18985000	      1799	80004546	01b13633	sltu	x12,x2,x27	  x2:0xfffffff0 x27:0x00000200 x12=0x00000000
       18995000	      1800	8000454a	0ff0000f	fence	iorw,iorw	
       19005000	      1801	8000454e	402480b3	sub	x1,x9,x2	  x9:0x00000000  x2:0xfffffff0  x1=0x00000010
       19015000	      1802	80004552	00b099b3	sll	x19,x1,x11	  x1:0x00000010 x11:0x00000000 x19=0x00000010
       19025000	      1803	80004556	007cdfb3	srl	x31,x25,x7	 x25:0x0000002b  x7:0x80000000 x31=0x0000002b
       19035000	      1804	8000455a	4482b313	sltiu	x6,x5,1096	  x5:0x00000001  x6=0x00000001
       19045000	      1805	8000455e	8dc1	c.or	x11,x8	 x11:0x00000000  x8:0x000003e6 x11=0x000003e6
       19055000	      1806	80004560	0036cdb3	xor	x27,x13,x3	 x13:0x2fcf24ca  x3:0xfffdfbdf x27=0xd032df15
       19065000	      1807	80004564	c49d	c.beqz	x9,80004592	  x9:0x00000000
       19085000	      1809	80004592	8c0a	c.mv	x24,x2	  x0:0x00000000  x2:0xfffffff0 x24=0xfffffff0
       19095000	      1810	80004594	7a8f6f13	ori	x30,x30,1960	 x30:0xfffdfb5e x30=0xfffdfffe
       19125000	      1813	80004598	025d82b3	mul	x5,x27,x5	 x27:0xd032df15  x5:0x00000001  x5=0xd032df15
       19135000	      1814	8000459c	00919563	bne	x3,x9,800045a6	  x3:0xfffdfbdf  x9:0x00000000
       19155000	      1816	800045a6	8ee1	c.and	x13,x8	 x13:0x2fcf24ca  x8:0x000003e6 x13=0x000000c2
       19165000	      1817	800045a8	717d	c.addi16sp	x2,-16	  x2:0xfffffff0  x2=0xffffffe0
       19175000	      1818	800045aa	01630463	beq	x6,x22,800045b2	  x6:0x00000001 x22:0x00000001
       19205000	      1821	800045b2	014fe363	bltu	x31,x20,800045b8	 x31:0x0000002b x20:0xd02ed715
       19225000	      1823	800045b8	01771c33	sll	x24,x14,x23	 x14:0x00000000 x23:0x01620000 x24=0x00000000
       19235000	      1824	800045bc	01c9b9b3	sltu	x19,x19,x28	 x19:0x00000010 x28:0x80021e54 x19=0x00000001
       19245000	      1825	800045c0	00d2cc33	xor	x24,x5,x13	  x5:0xd032df15 x13:0x000000c2 x24=0xd032dfd7
       19255000	      1826	800045c4	01c6cbb3	xor	x23,x13,x28	 x13:0x000000c2 x28:0x80021e54 x23=0x80021e96
       19265000	      1827	800045c8	00c4d893	srli	x17,x9,0xc	  x9:0x00000000 x17=0x00000000
       19275000	      1828	800045cc	00c1	c.addi	x1,16	  x1:0x00000010  x1=0x00000020
       19285000	      1829	800045ce	0001	c.addi	x0,0	  x0:0x00000000  x0=0x00000000
       19295000	      1830	800045d0	81c9	c.srli	x11,0x12	 x11:0x000003e6 x11=0x00000000
       19305000	      1831	800045d2	cef5ed93	ori	x27,x11,-785	 x11:0x00000000 x27=0xfffffcef
       19315000	      1832	800045d6	a3ac4213	xori	x4,x24,-1478	 x24:0xd032dfd7  x4=0x2fcd25ed
       19325000	      1833	800045da	0001	c.addi	x0,0	  x0:0x00000000  x0=0x00000000
       19335000	      1834	800045dc	0595e063	bltu	x11,x25,8000461c	 x11:0x00000000 x25:0x0000002b
       19355000	      1836	8000461c	013d9313	slli	x6,x27,0x13	 x27:0xfffffcef  x6=0xe7780000
       19365000	      1837	80004620	9fb6	c.add	x31,x13	 x31:0x0000002b x13:0x000000c2 x31=0x000000ed
       19375000	      1838	80004622	6475	c.lui	x8,0x1d	  x8=0x0001d000
       19385000	      1839	80004624	1100	c.addi4spn	x8,x2,160	  x8=0x00000080
       19395000	      1840	80004626	72120017	auipc	x0,0x72120	  x0=0x00000000
       19405000	      1841	8000462a	8551	c.srai	x10,0x14	 x10:0xffffffff x10=0xffffffff
       19415000	      1842	8000462c	0001	c.addi	x0,0	  x0:0x00000000  x0=0x00000000
       19425000	      1843	8000462e	00119713	slli	x14,x3,0x1	  x3:0xfffdfbdf x14=0xfffbf7be
       19465000	      1847	80004632	0347bb33	mulhu	x22,x15,x20	 x15:0x80025ce4 x20:0xd02ed715 x22=0x68195772
       19475000	      1848	80004636	01df1263	bne	x30,x29,8000463a	 x30:0xfffdfffe x29:0x00000302
       19505000	      1851	8000463a	017f2bb3	slt	x23,x30,x23	 x30:0xfffdfffe x23:0x80021e96 x23=0x00000000
       19515000	      1852	8000463e	00f7ecb3	or	x25,x15,x15	 x15:0x80025ce4 x15:0x80025ce4 x25=0x80025ce4
       19525000	      1853	80004642	89d5	c.andi	x11,21	 x11:0x00000000 x11=0x00000000
       19535000	      1854	80004644	0000100f	fence.i	
       19555000	      1856	80004648	0001	c.addi	x0,0	  x0:0x00000000  x0=0x00000000
       19575000	      1858	8000464a	03027233	remu	x4,x4,x16	  x4:0x2fcd25ed x16:0x00000000  x4=0x2fcd25ed
       19585000	      1859	8000464e	0184a0b3	slt	x1,x9,x24	  x9:0x00000000 x24:0xd032dfd7  x1=0x00000000
       19595000	      1860	80004652	01995b63	bge	x18,x25,80004668	 x18:0x00000000 x25:0x80025ce4
       19615000	      1862	80004668	02534163	blt	x6,x5,8000468a	  x6:0xe7780000  x5:0xd032df15
       19655000	      1866	8000466c	03b42f33	mulhsu	x30,x8,x27	  x8:0x00000080 x27:0xfffffcef x30=0x0000007f
       19665000	      1867	80004670	00e88463	beq	x17,x14,80004678	 x17:0x00000000 x14:0xfffbf7be
       19675000	      1868	80004674	0ff0000f	fence	iorw,iorw	
       19685000	      1869	80004678	8c79	c.and	x8,x14	  x8:0x00000080 x14:0xfffbf7be  x8=0x00000080
       19715000	      1872	8000467a	037a8233	mul	x4,x21,x23	 x21:0x4bcdc0cd x23:0x00000000  x4=0x00000000
       19725000	      1873	8000467e	833d	c.srli	x14,0xf	 x14:0xfffbf7be x14=0x0001fff7
       19735000	      1874	80004680	01e3e763	bltu	x7,x30,8000468e	  x7:0x80000000 x30:0x0000007f
       19745000	      1875	80004684	726d7293	andi	x5,x26,1830	 x26:0x00000000  x5=0x00000000
       19755000	      1876	80004688	068d	c.addi	x13,3	 x13:0x000000c2 x13=0x000000c5
       19765000	      1877	8000468a	c8ccc697	auipc	x13,0xc8ccc	 x13=0x48cd068a
       19775000	      1878	8000468e	22414b93	xori	x23,x2,548	  x2:0xffffffe0 x23=0xfffffdc4
       19785000	      1879	80004692	8e2d	c.xor	x12,x11	 x12:0x00000000 x11:0x00000000 x12=0x00000000
       19795000	      1880	80004694	01a45433	srl	x8,x8,x26	  x8:0x00000080 x26:0x00000000  x8=0x00000080
       19825000	      1883	80004698	03308833	mul	x16,x1,x19	  x1:0x00000000 x19:0x00000001 x16=0x00000000
       19835000	      1884	8000469c	01565713	srli	x14,x12,0x15	 x12:0x00000000 x14=0x00000000
       19845000	      1885	800046a0	8252	c.mv	x4,x20	  x0:0x00000000 x20:0xd02ed715  x4=0xd02ed715
       19875000	      1888	800046a2	03488cb3	mul	x25,x17,x20	 x17:0x00000000 x20:0xd02ed715 x25=0x00000000
       19885000	      1889	800046a6	0001	c.addi	x0,0	  x0:0x00000000  x0=0x00000000
       19895000	      1890	800046a8	8c5d	c.or	x8,x15	  x8:0x00000080 x15:0x80025ce4  x8=0x80025ce4
       19905000	      1891	800046aa	0163d263	bge	x7,x22,800046ae	  x7:0x80000000 x22:0x68195772
       19915000	      1892	800046ae	034a	c.slli	x6,0x12	  x6:0xe7780000  x6=0x00000000
       19935000	      1894	800046b0	02965033	divu	x0,x12,x9	 x12:0x00000000  x9:0x00000000  x0=0x00000000
       19945000	      1895	800046b4	cf15	c.beqz	x14,800046f0	 x14:0x00000000
       19975000	      1898	800046f0	02b44333	div	x6,x8,x11	  x8:0x80025ce4 x11:0x00000000  x6=0xffffffff
       20015000	      1902	800046f4	02729333	mulh	x6,x5,x7	  x5:0x00000000  x7:0x80000000  x6=0x00000000
       20025000	      1903	800046f8	0a8a	c.slli	x21,0x2	 x21:0x4bcdc0cd x21=0x2f370334
       20035000	      1904	800046fa	6321	c.lui	x6,0x8	  x6=0x00008000
       20045000	      1905	800046fc	01479493	slli	x9,x15,0x14	 x15:0x80025ce4  x9=0xce400000
       20055000	      1906	80004700	0001	c.addi	x0,0	  x0:0x00000000  x0=0x00000000
       20065000	      1907	80004702	00be7d33	and	x26,x28,x11	 x28:0x80021e54 x11:0x00000000 x26=0x00000000
       20075000	      1908	80004706	9416	c.add	x8,x5	  x8:0x80025ce4  x5:0x00000000  x8=0x80025ce4
       20085000	      1909	80004708	025be763	bltu	x23,x5,80004736	 x23:0xfffffdc4  x5:0x00000000
       20095000	      1910	8000470c	8f5d	c.or	x14,x15	 x14:0x00000000 x15:0x80025ce4 x14=0x80025ce4
       20105000	      1911	8000470e	0037feb3	and	x29,x15,x3	 x15:0x80025ce4  x3:0xfffdfbdf x29=0x800058c4
       20115000	      1912	80004712	8489	c.srai	x9,0x2	  x9:0xce400000  x9=0xf3900000
       20125000	      1913	80004714	8145	c.srli	x10,0x11	 x10:0xffffffff x10=0x00007fff
       20135000	      1914	80004716	40a50eb3	sub	x29,x10,x10	 x10:0x00007fff x10:0x00007fff x29=0x00000000
       20145000	      1915	8000471a	0533d063	bge	x7,x19,8000475a	  x7:0x80000000 x19:0x00000001
       20155000	      1916	8000471e	004635b3	sltu	x11,x12,x4	 x12:0x00000000  x4:0xd02ed715 x11=0x00000001
       20165000	      1917	80004722	4be60893	addi	x17,x12,1214	 x12:0x00000000 x17=0x000004be
       20175000	      1918	80004726	1508	c.addi4spn	x10,x2,672	 x10=0x00000280
       20185000	      1919	80004728	cee7b093	sltiu	x1,x15,-786	 x15:0x80025ce4  x1=0x00000001
       20195000	      1920	8000472c	828e0213	addi	x4,x28,-2008	 x28:0x80021e54  x4=0x8002167c
       20205000	      1921	80004730	50204a13	xori	x20,x0,1282	  x0:0x00000000 x20=0x00000502
       20215000	      1922	80004734	59fd	c.li	x19,-1	 x19=0xffffffff
       20225000	      1923	80004736	00c722b3	slt	x5,x14,x12	 x14:0x80025ce4 x12:0x00000000  x5=0x00000001
       20235000	      1924	8000473a	01671593	slli	x11,x14,0x16	 x14:0x80025ce4 x11=0x39000000
       20245000	      1925	8000473e	03705063	bge	x0,x23,8000475e	  x0:0x00000000 x23:0xfffffdc4
       20275000	      1928	8000475e	40c10fb3	sub	x31,x2,x12	  x2:0xffffffe0 x12:0x00000000 x31=0xffffffe0
       20285000	      1929	80004762	0ab2	c.slli	x21,0xc	 x21:0x2f370334 x21=0x70334000
       20295000	      1930	80004764	021ae163	bltu	x21,x1,80004786	 x21:0x70334000  x1:0x00000001
       20305000	      1931	80004768	02241d63	bne	x8,x2,800047a2	  x8:0x80025ce4  x2:0xffffffe0
       20355000	      1936	800047a2	034d0233	mul	x4,x26,x20	 x26:0x00000000 x20:0x00000502  x4=0x00000000
       20365000	      1937	800047a6	8e1d	c.sub	x12,x15	 x12:0x00000000 x15:0x80025ce4 x12=0x7ffda31c
       20375000	      1938	800047a8	328d5197	auipc	x3,0x328d5	  x3=0xb28d97a8
       20385000	      1939	800047ac	617d	c.addi16sp	x2,496	  x2:0xffffffe0  x2=0x000001d0
       20395000	      1940	800047ae	91f6	c.add	x3,x29	  x3:0xb28d97a8 x29:0x00000000  x3=0xb28d97a8
       20405000	      1941	800047b0	32b86e93	ori	x29,x16,811	 x16:0x00000000 x29=0x0000032b
       20435000	      1944	800047b4	03128c33	mul	x24,x5,x17	  x5:0x00000001 x17:0x000004be x24=0x000004be
       20805000	      1981	800047b8	0388e833	rem	x16,x17,x24	 x17:0x000004be x24:0x000004be x16=0x00000000
       20825000	      1983	800047bc	0302dfb3	divu	x31,x5,x16	  x5:0x00000001 x16:0x00000000 x31=0xffffffff
       21195000	      2020	800047c0	0253d2b3	divu	x5,x7,x5	  x7:0x80000000  x5:0x00000001  x5=0x80000000
       21205000	      2021	800047c4	8d49	c.or	x10,x10	 x10:0x00000280 x10:0x00000280 x10=0x00000280
       21245000	      2025	800047c6	03fa1d33	mulh	x26,x20,x31	 x20:0x00000502 x31:0xffffffff x26=0xffffffff
       21255000	      2026	800047ca	41ad5f13	srai	x30,x26,0x1a	 x26:0xffffffff x30=0xffffffff
       21265000	      2027	800047ce	41c304b3	sub	x9,x6,x28	  x6:0x00008000 x28:0x80021e54  x9=0x7ffe61ac
       21275000	      2028	800047d2	0ff0000f	fence	iorw,iorw	
       21285000	      2029	800047d6	017b6cb3	or	x25,x22,x23	 x22:0x68195772 x23:0xfffffdc4 x25=0xfffffff6
       21295000	      2030	800047da	6571	c.lui	x10,0x1c	 x10=0x0001c000
       21305000	      2031	800047dc	8da5	c.xor	x11,x9	 x11:0x39000000  x9:0x7ffe61ac x11=0x46fe61ac
       21315000	      2032	800047de	058a	c.slli	x11,0x2	 x11:0x46fe61ac x11=0x1bf986b0
       21325000	      2033	800047e0	6545	c.lui	x10,0x11	 x10=0x00011000
       21335000	      2034	800047e2	0001	c.addi	x0,0	  x0:0x00000000  x0=0x00000000
       21345000	      2035	800047e4	614d	c.addi16sp	x2,176	  x2:0x000001d0  x2=0x00000280
       21355000	      2036	800047e6	8e59	c.or	x12,x14	 x12:0x7ffda31c x14:0x80025ce4 x12=0xfffffffc
       21365000	      2037	800047e8	01ba	c.slli	x3,0xe	  x3:0xb28d97a8  x3=0x65ea0000
       21375000	      2038	800047ea	0f4c9a17	auipc	x20,0xf4c9	 x20=0x8f4cd7ea
       21385000	      2039	800047ee	00eb8b33	add	x22,x23,x14	 x23:0xfffffdc4 x14:0x80025ce4 x22=0x80025aa8
       21395000	      2040	800047f2	02c78263	beq	x15,x12,80004816	 x15:0x80025ce4 x12:0xfffffffc
       21405000	      2041	800047f6	83efeb93	ori	x23,x31,-1986	 x31:0xffffffff x23=0xffffffff
       21415000	      2042	800047fa	6169	c.addi16sp	x2,208	  x2:0x00000280  x2=0x00000350
       21425000	      2043	800047fc	0001	c.addi	x0,0	  x0:0x00000000  x0=0x00000000
       21435000	      2044	800047fe	0818	c.addi4spn	x14,x2,16	 x14=0x00000360
       21445000	      2045	80004800	8419	c.srai	x8,0x6	  x8:0x80025ce4  x8=0xfe000973
       21455000	      2046	80004802	8ea1	c.xor	x13,x8	 x13:0x48cd068a  x8:0xfe000973 x13=0xb6cd0ff9
       21475000	      2048	80004804	0329c0b3	div	x1,x19,x18	 x19:0xffffffff x18:0x00000000  x1=0xffffffff
       21485000	      2049	80004808	01b18f63	beq	x3,x27,80004826	  x3:0x65ea0000 x27:0xfffffcef
       21495000	      2050	8000480c	f167a637	lui	x12,0xf167a	 x12=0xf167a000
       21505000	      2051	80004810	02bafe63	bgeu	x21,x11,8000484c	 x21:0x70334000 x11:0x1bf986b0
       21525000	      2053	8000484c	0001	c.addi	x0,0	  x0:0x00000000  x0=0x00000000
       21535000	      2054	8000484e	88ce	c.mv	x17,x19	  x0:0x00000000 x19:0xffffffff x17=0xffffffff
       21545000	      2055	80004850	8a26	c.mv	x20,x9	  x0:0x00000000  x9:0x7ffe61ac x20=0x7ffe61ac
       21585000	      2059	80004852	02d916b3	mulh	x13,x18,x13	 x18:0x00000000 x13:0xb6cd0ff9 x13=0x00000000
       21595000	      2060	80004856	00868cb3	add	x25,x13,x8	 x13:0x00000000  x8:0xfe000973 x25=0xfe000973
       21605000	      2061	8000485a	0001	c.addi	x0,0	  x0:0x00000000  x0=0x00000000
       21615000	      2062	8000485c	85ed	c.srai	x11,0x1b	 x11:0x1bf986b0 x11=0x00000003
       21985000	      2099	8000485e	034f6633	rem	x12,x30,x20	 x30:0xffffffff x20:0x7ffe61ac x12=0xffffffff
       21995000	      2100	80004862	cc243897	auipc	x17,0xcc243	 x17=0x4c247862
       22005000	      2101	80004866	00ad40b3	xor	x1,x26,x10	 x26:0xffffffff x10:0x00011000  x1=0xfffeefff
       22015000	      2102	8000486a	01360333	add	x6,x12,x19	 x12:0xffffffff x19:0xffffffff  x6=0xfffffffe
       22025000	      2103	8000486e	0000100f	fence.i	
       22045000	      2105	80004872	e601	c.bnez	x12,8000487a	 x12:0xffffffff
       22065000	      2107	8000487a	8d75	c.and	x10,x13	 x10:0x00011000 x13:0x00000000 x10=0x00000000
       22075000	      2108	8000487c	be0538b7	lui	x17,0xbe053	 x17=0xbe053000
       22115000	      2112	80004880	03b3aa33	mulhsu	x20,x7,x27	  x7:0x80000000 x27:0xfffffcef x20=0x80000188
       22125000	      2113	80004884	01fb6d63	bltu	x22,x31,8000489e	 x22:0x80025aa8 x31:0xffffffff
       22145000	      2115	8000489e	8c52	c.mv	x24,x20	  x0:0x00000000 x20:0x80000188 x24=0x80000188
       22155000	      2116	800048a0	8ebd	c.xor	x13,x15	 x13:0x00000000 x15:0x80025ce4 x13=0x80025ce4
       22525000	      2153	800048a2	03b068b3	rem	x17,x0,x27	  x0:0x00000000 x27:0xfffffcef x17=0x00000000
       22535000	      2154	800048a6	6159	c.addi16sp	x2,400	  x2:0x00000350  x2=0x000004e0
       22905000	      2191	800048a8	028ce033	rem	x0,x25,x8	 x25:0xfe000973  x8:0xfe000973  x0=0x00000000
       22915000	      2192	800048ac	03d78863	beq	x15,x29,800048dc	 x15:0x80025ce4 x29:0x0000032b
       23285000	      2229	800048b0	0354d6b3	divu	x13,x9,x21	  x9:0x7ffe61ac x21:0x70334000 x13=0x00000001
       23295000	      2230	800048b4	40a30033	sub	x0,x6,x10	  x6:0xfffffffe x10:0x00000000  x0=0x00000000
       23305000	      2231	800048b8	41c8d833	sra	x16,x17,x28	 x17:0x00000000 x28:0x80021e54 x16=0x00000000
       23345000	      2235	800048bc	03289833	mulh	x16,x17,x18	 x17:0x00000000 x18:0x00000000 x16=0x00000000
       23355000	      2236	800048c0	0000100f	fence.i	
       23375000	      2238	800048c4	e485	c.bnez	x9,800048ec	  x9:0x7ffe61ac
       23755000	      2276	800048ec	0294feb3	remu	x29,x9,x9	  x9:0x7ffe61ac  x9:0x7ffe61ac x29=0x00000000
       23795000	      2280	800048f0	03d6ad33	mulhsu	x26,x13,x29	 x13:0x00000001 x29:0x00000000 x26=0x00000000
       23805000	      2281	800048f4	010c	c.addi4spn	x11,x2,128	 x11=0x00000560
       23815000	      2282	800048f6	ec0d	c.bnez	x8,80004930	  x8:0xfe000973
       23835000	      2284	80004930	0027e4b3	or	x9,x15,x2	 x15:0x80025ce4  x2:0x000004e0  x9=0x80025ce4
       23845000	      2285	80004934	6911	c.lui	x18,0x4	 x18=0x00004000
       23855000	      2286	80004936	0000100f	fence.i	
       23885000	      2289	8000493a	0ff0000f	fence	iorw,iorw	
       23895000	      2290	8000493e	8e4d	c.or	x12,x11	 x12:0xffffffff x11:0x00000560 x12=0xffffffff
       23905000	      2291	80004940	894d	c.andi	x10,19	 x10:0x00000000 x10=0x00000000
       23915000	      2292	80004942	9452	c.add	x8,x20	  x8:0xfe000973 x20:0x80000188  x8=0x7e000afb
       23925000	      2293	80004944	8951	c.andi	x10,20	 x10:0x00000000 x10=0x00000000
       23935000	      2294	80004946	02948763	beq	x9,x9,80004974	  x9:0x80025ce4  x9:0x80025ce4
       23955000	      2296	80004974	c1a1	c.beqz	x11,800049b4	 x11:0x00000560
       23965000	      2297	80004976	0001	c.addi	x0,0	  x0:0x00000000  x0=0x00000000
       23975000	      2298	80004978	00efa2b3	slt	x5,x31,x14	 x31:0xffffffff x14:0x00000360  x5=0x00000001
       23985000	      2299	8000497c	01637d33	and	x26,x6,x22	  x6:0xfffffffe x22:0x80025aa8 x26=0x80025aa8
       23995000	      2300	80004980	fb9d3a93	sltiu	x21,x26,-71	 x26:0x80025aa8 x21=0x00000001
       24005000	      2301	80004984	6c55	c.lui	x24,0x15	 x24=0x00015000
       24015000	      2302	80004986	88a9	c.andi	x9,10	  x9:0x80025ce4  x9=0x00000000
       24025000	      2303	80004988	03009963	bne	x1,x16,800049ba	  x1:0xfffeefff x16:0x00000000
       24045000	      2305	800049ba	e605	c.bnez	x12,800049e2	 x12:0xffffffff
       24075000	      2308	800049e2	01e59fb3	sll	x31,x11,x30	 x11:0x00000560 x30:0xffffffff x31=0x00000000
       24115000	      2312	800049e6	02382333	mulhsu	x6,x16,x3	 x16:0x00000000  x3:0x65ea0000  x6=0x00000000
       24125000	      2313	800049ea	01be1db3	sll	x27,x28,x27	 x28:0x80021e54 x27:0xfffffcef x27=0x0f2a0000
       24135000	      2314	800049ee	8dd5	c.or	x11,x13	 x11:0x00000560 x13:0x00000001 x11=0x00000561
       24145000	      2315	800049f0	00589933	sll	x18,x17,x5	 x17:0x00000000  x5:0x00000001 x18=0x00000000
       24155000	      2316	800049f4	eb48f913	andi	x18,x17,-332	 x17:0x00000000 x18=0x00000000
       24195000	      2320	800049f8	03a71ab3	mulh	x21,x14,x26	 x14:0x00000360 x26:0x80025aa8 x21=0xfffffe50
       24205000	      2321	800049fc	8cad	c.xor	x9,x11	  x9:0x00000000 x11:0x00000561  x9=0x00000561
       24215000	      2322	800049fe	409c5733	sra	x14,x24,x9	 x24:0x00015000  x9:0x00000561 x14=0x0000a800
       24585000	      2359	80004a02	03a7d4b3	divu	x9,x15,x26	 x15:0x80025ce4 x26:0x80025aa8  x9=0x00000001
       24595000	      2360	80004a06	5ca20013	addi	x0,x4,1482	  x4:0x00000000  x0=0x00000000
       24605000	      2361	80004a0a	e5ad9997	auipc	x19,0xe5ad9	 x19=0x65adda0a
       24615000	      2362	80004a0e	0001	c.addi	x0,0	  x0:0x00000000  x0=0x00000000
       24625000	      2363	80004a10	1344ff13	andi	x30,x9,308	  x9:0x00000001 x30=0x00000000
       24635000	      2364	80004a14	0015c663	blt	x11,x1,80004a20	 x11:0x00000561  x1:0xfffeefff
       24645000	      2365	80004a18	41f68113	addi	x2,x13,1055	 x13:0x00000001  x2=0x00000420
       24655000	      2366	80004a1c	89f2	c.mv	x19,x28	  x0:0x00000000 x28:0x80021e54 x19=0x80021e54
       24665000	      2367	80004a1e	65b1	c.lui	x11,0xc	 x11=0x0000c000
       25035000	      2404	80004a20	037555b3	divu	x11,x10,x23	 x10:0x00000000 x23:0xffffffff x11=0x00000000
       25045000	      2405	80004a24	7bc37013	andi	x0,x6,1980	  x6:0x00000000  x0=0x00000000
       25055000	      2406	80004a28	0142fd63	bgeu	x5,x20,80004a42	  x5:0x00000001 x20:0x80000188
       25065000	      2407	80004a2c	3b7f2637	lui	x12,0x3b7f2	 x12=0x3b7f2000
       25075000	      2408	80004a30	151fdd37	lui	x26,0x151fd	 x26=0x151fd000
       25085000	      2409	80004a34	02649363	bne	x9,x6,80004a5a	  x9:0x00000001  x6:0x00000000
       25115000	      2412	80004a5a	0000100f	fence.i	
       25145000	      2415	80004a5e	01da3a33	sltu	x20,x20,x29	 x20:0x80000188 x29:0x00000000 x20=0x00000000
       25155000	      2416	80004a62	41b95813	srai	x16,x18,0x1b	 x18:0x00000000 x16=0x00000000
       25165000	      2417	80004a66	61622513	slti	x10,x4,1558	  x4:0x00000000 x10=0x00000001
       25175000	      2418	80004a6a	87e99a17	auipc	x20,0x87e99	 x20=0x07e9da6a
       25185000	      2419	80004a6e	0243dc63	bge	x7,x4,80004aa6	  x7:0x80000000  x4:0x00000000
       25195000	      2420	80004a72	9afd	c.andi	x13,-1	 x13:0x00000001 x13=0x00000001
       25205000	      2421	80004a74	0072db93	srli	x23,x5,0x7	  x5:0x00000001 x23=0x00000000
       25215000	      2422	80004a78	02428563	beq	x5,x4,80004aa2	  x5:0x00000001  x4:0x00000000
       25225000	      2423	80004a7c	c47c9fb7	lui	x31,0xc47c9	 x31=0xc47c9000
       25235000	      2424	80004a80	0001	c.addi	x0,0	  x0:0x00000000  x0=0x00000000
       25245000	      2425	80004a82	0001	c.addi	x0,0	  x0:0x00000000  x0=0x00000000
       25255000	      2426	80004a84	0106fcb3	and	x25,x13,x16	 x13:0x00000001 x16:0x00000000 x25=0x00000000
       25265000	      2427	80004a88	0246d163	bge	x13,x4,80004aaa	 x13:0x00000001  x4:0x00000000
       25325000	      2433	80004aaa	03269333	mulh	x6,x13,x18	 x13:0x00000001 x18:0x00000000  x6=0x00000000
       25695000	      2470	80004aae	02fd7033	remu	x0,x26,x15	 x26:0x151fd000 x15:0x80025ce4  x0=0x00000000
       25705000	      2471	80004ab2	010b7933	and	x18,x22,x16	 x22:0x80025aa8 x16:0x00000000 x18=0x00000000
       25715000	      2472	80004ab6	8751	c.srai	x14,0x14	 x14:0x0000a800 x14=0x00000000
       25725000	      2473	80004ab8	01551533	sll	x10,x10,x21	 x10:0x00000001 x21:0xfffffe50 x10=0x00010000
       25745000	      2475	80004abc	02e34a33	div	x20,x6,x14	  x6:0x00000000 x14:0x00000000 x20=0xffffffff
       25755000	      2476	80004ac0	40318d33	sub	x26,x3,x3	  x3:0x65ea0000  x3:0x65ea0000 x26=0x00000000
       25765000	      2477	80004ac4	8da1	c.xor	x11,x8	 x11:0x00000000  x8:0x7e000afb x11=0x7e000afb
       26135000	      2514	80004ac6	023ff233	remu	x4,x31,x3	 x31:0xc47c9000  x3:0x65ea0000  x4=0x5e929000
       26145000	      2515	80004aca	015b7a33	and	x20,x22,x21	 x22:0x80025aa8 x21:0xfffffe50 x20=0x80025a00
       26175000	      2518	80004ace	03280c33	mul	x24,x16,x18	 x16:0x00000000 x18:0x00000000 x24=0x00000000
       26185000	      2519	80004ad2	005a1b93	slli	x23,x20,0x5	 x20:0x80025a00 x23=0x004b4000
       26555000	      2556	80004ad6	0360fbb3	remu	x23,x1,x22	  x1:0xfffeefff x22:0x80025aa8 x23=0x7ffc9557
       26565000	      2557	80004ada	833e	c.mv	x6,x15	  x0:0x00000000 x15:0x80025ce4  x6=0x80025ce4
       26575000	      2558	80004adc	4111	c.li	x2,4	  x2=0x00000004
       26585000	      2559	80004ade	0ff0000f	fence	iorw,iorw	
       26595000	      2560	80004ae2	00399033	sll	x0,x19,x3	 x19:0x80021e54  x3:0x65ea0000  x0=0x00000000
       26605000	      2561	80004ae6	27ad7097	auipc	x1,0x27ad7	  x1=0xa7adbae6
       26615000	      2562	80004aea	8b7e	c.mv	x22,x31	  x0:0x00000000 x31:0xc47c9000 x22=0xc47c9000
       26625000	      2563	80004aec	4113dab3	sra	x21,x7,x17	  x7:0x80000000 x17:0x00000000 x21=0x80000000
       26635000	      2564	80004af0	01c61633	sll	x12,x12,x28	 x12:0x3b7f2000 x28:0x80021e54 x12=0x00000000
       26645000	      2565	80004af4	848d	c.srai	x9,0x3	  x9:0x00000001  x9=0x00000000
       26665000	      2567	80004af6	030ae433	rem	x8,x21,x16	 x21:0x80000000 x16:0x00000000  x8=0x80000000
       26675000	      2568	80004afa	50fd	c.li	x1,-1	  x1=0xffffffff
       26685000	      2569	80004afc	1998	c.addi4spn	x14,x2,240	 x14=0x000000f4
       26695000	      2570	80004afe	0000100f	fence.i	
       26725000	      2573	80004b02	2559b013	sltiu	x0,x19,597	 x19:0x80021e54  x0=0x00000000
       26735000	      2574	80004b06	00046cb3	or	x25,x8,x0	  x8:0x80000000  x0:0x00000000 x25=0x80000000
       26745000	      2575	80004b0a	01ceef33	or	x30,x29,x28	 x29:0x00000000 x28:0x80021e54 x30=0x80021e54
       26785000	      2579	80004b0e	0262a033	mulhsu	x0,x5,x6	  x5:0x00000001  x6:0x80025ce4  x0=0x00000000
       26795000	      2580	80004b12	017d4263	blt	x26,x23,80004b16	 x26:0x00000000 x23:0x7ffc9557
       26825000	      2583	80004b16	001dfbb3	and	x23,x27,x1	 x27:0x0f2a0000  x1:0xffffffff x23=0x0f2a0000
       26835000	      2584	80004b1a	794679b7	lui	x19,0x79467	 x19=0x79467000
       26845000	      2585	80004b1e	c5f54f37	lui	x30,0xc5f54	 x30=0xc5f54000
       26855000	      2586	80004b22	011c5863	bge	x24,x17,80004b32	 x24:0x00000000 x17:0x00000000
       26875000	      2588	80004b32	617d	c.addi16sp	x2,496	  x2:0x00000004  x2=0x000001f4
       26885000	      2589	80004b34	0001	c.addi	x0,0	  x0:0x00000000  x0=0x00000000
       26895000	      2590	80004b36	014da9b3	slt	x19,x27,x20	 x27:0x0f2a0000 x20:0x80025a00 x19=0x00000000
       26905000	      2591	80004b3a	eb190c17	auipc	x24,0xeb190	 x24=0x6b194b3a
       26915000	      2592	80004b3e	00af14b3	sll	x9,x30,x10	 x30:0xc5f54000 x10:0x00010000  x9=0xc5f54000
       26935000	      2594	80004b42	03ac4533	div	x10,x24,x26	 x24:0x6b194b3a x26:0x00000000 x10=0xffffffff
       26945000	      2595	80004b46	016a3433	sltu	x8,x20,x22	 x20:0x80025a00 x22:0xc47c9000  x8=0x00000001
       27315000	      2632	80004b4a	024f6a33	rem	x20,x30,x4	 x30:0xc5f54000  x4:0x5e929000 x20=0xc5f54000
       27325000	      2633	80004b4e	0001	c.addi	x0,0	  x0:0x00000000  x0=0x00000000
       27335000	      2634	80004b50	8f5d	c.or	x14,x15	 x14:0x000000f4 x15:0x80025ce4 x14=0x80025cf4
       27365000	      2637	80004b52	02ce0933	mul	x18,x28,x12	 x28:0x80021e54 x12:0x00000000 x18=0x00000000
       27375000	      2638	80004b56	01181d33	sll	x26,x16,x17	 x16:0x00000000 x17:0x00000000 x26=0x00000000
       27745000	      2675	80004b5a	02db5bb3	divu	x23,x22,x13	 x22:0xc47c9000 x13:0x00000001 x23=0xc47c9000
       27755000	      2676	80004b5e	05809463	bne	x1,x24,80004ba6	  x1:0xffffffff x24:0x6b194b3a
       27775000	      2678	80004ba6	ed15	c.bnez	x10,80004be2	 x10:0xffffffff
       27805000	      2681	80004be2	03884563	blt	x16,x24,80004c0c	 x16:0x00000000 x24:0x6b194b3a
       27825000	      2683	80004c0c	018644b3	xor	x9,x12,x24	 x12:0x00000000 x24:0x6b194b3a  x9=0x6b194b3a
       27835000	      2684	80004c10	8e91	c.sub	x13,x12	 x13:0x00000001 x12:0x00000000 x13=0x00000001
       27845000	      2685	80004c12	8c75	c.and	x8,x13	  x8:0x00000001 x13:0x00000001  x8=0x00000001
       27855000	      2686	80004c14	7bfb7813	andi	x16,x22,1983	 x22:0xc47c9000 x16=0x00000000
       27865000	      2687	80004c18	02358b63	beq	x11,x3,80004c4e	 x11:0x7e000afb  x3:0x65ea0000
       27875000	      2688	80004c1c	034e6f63	bltu	x28,x20,80004c5a	 x28:0x80021e54 x20:0xc5f54000
       27895000	      2690	80004c5a	0001	c.addi	x0,0	  x0:0x00000000  x0=0x00000000
       27905000	      2691	80004c5c	00e2feb3	and	x29,x5,x14	  x5:0x00000001 x14:0x80025cf4 x29=0x00000000
       27915000	      2692	80004c60	8dc1	c.or	x11,x8	 x11:0x7e000afb  x8:0x00000001 x11=0x7e000afb
       27925000	      2693	80004c62	8f55	c.or	x14,x13	 x14:0x80025cf4 x13:0x00000001 x14=0x80025cf5
       27935000	      2694	80004c64	48adec13	ori	x24,x27,1162	 x27:0x0f2a0000 x24=0x0f2a048a
       27945000	      2695	80004c68	0049d013	srli	x0,x19,0x4	 x19:0x00000000  x0=0x00000000
       27955000	      2696	80004c6c	0ff0000f	fence	iorw,iorw	
       27965000	      2697	80004c70	82e1	c.srli	x13,0x18	 x13:0x00000001 x13=0x00000000
       27975000	      2698	80004c72	03069463	bne	x13,x16,80004c9a	 x13:0x00000000 x16:0x00000000
       27985000	      2699	80004c76	1294	c.addi4spn	x13,x2,352	 x13=0x00000354
       27995000	      2700	80004c78	0163d593	srli	x11,x7,0x16	  x7:0x80000000 x11=0x00000200
       28005000	      2701	80004c7c	0284	c.addi4spn	x9,x2,320	  x9=0x00000334
       28015000	      2702	80004c7e	010df1b3	and	x3,x27,x16	 x27:0x0f2a0000 x16:0x00000000  x3=0x00000000
       28025000	      2703	80004c82	02807363	bgeu	x0,x8,80004ca8	  x0:0x00000000  x8:0x00000001
       28035000	      2704	80004c86	9ed32413	slti	x8,x6,-1555	  x6:0x80025ce4  x8=0x00000001
       28045000	      2705	80004c8a	65c5	c.lui	x11,0x11	 x11=0x00011000
       28055000	      2706	80004c8c	a6394093	xori	x1,x18,-1437	 x18:0x00000000  x1=0xfffffa63
       28065000	      2707	80004c90	8371	c.srli	x14,0x1c	 x14:0x80025cf5 x14=0x00000008
       28075000	      2708	80004c92	0001	c.addi	x0,0	  x0:0x00000000  x0=0x00000000
       28085000	      2709	80004c94	0048e663	bltu	x17,x4,80004ca0	 x17:0x00000000  x4:0x5e929000
       28105000	      2711	80004ca0	03947b63	bgeu	x8,x25,80004cd6	  x8:0x00000001 x25:0x80000000
       28115000	      2712	80004ca4	31e40713	addi	x14,x8,798	  x8:0x00000001 x14=0x0000031f
       28125000	      2713	80004ca8	00a88733	add	x14,x17,x10	 x17:0x00000000 x10:0xffffffff x14=0xffffffff
       28135000	      2714	80004cac	64e24093	xori	x1,x4,1614	  x4:0x5e929000  x1=0x5e92964e
       28145000	      2715	80004cb0	0ad5	c.addi	x21,21	 x21:0x80000000 x21=0x80000015
       28155000	      2716	80004cb2	0001	c.addi	x0,0	  x0:0x00000000  x0=0x00000000
       28165000	      2717	80004cb4	360a8413	addi	x8,x21,864	 x21:0x80000015  x8=0x80000375
       28175000	      2718	80004cb8	018a9b93	slli	x23,x21,0x18	 x21:0x80000015 x23=0x15000000
       28185000	      2719	80004cbc	f350ddb7	lui	x27,0xf350d	 x27=0xf350d000
       28195000	      2720	80004cc0	40ae5fb3	sra	x31,x28,x10	 x28:0x80021e54 x10:0xffffffff x31=0xffffffff
       28205000	      2721	80004cc4	0000100f	fence.i	
       28255000	      2726	80004cc8	0370acb3	mulhsu	x25,x1,x23	  x1:0x5e92964e x23:0x15000000 x25=0x07c20654
       28265000	      2727	80004ccc	40b00593	addi	x11,x0,1035	  x0:0x00000000 x11=0x0000040b
       28275000	      2728	80004cd0	404c06b3	sub	x13,x24,x4	 x24:0x0f2a048a  x4:0x5e929000 x13=0xb097748a
       28285000	      2729	80004cd4	0001	c.addi	x0,0	  x0:0x00000000  x0=0x00000000
       28295000	      2730	80004cd6	03279163	bne	x15,x18,80004cf8	 x15:0x80025ce4 x18:0x00000000
       28345000	      2735	80004cf8	030436b3	mulhu	x13,x8,x16	  x8:0x80000375 x16:0x00000000 x13=0x00000000
       28355000	      2736	80004cfc	01156563	bltu	x10,x17,80004d06	 x10:0xffffffff x17:0x00000000
       28365000	      2737	80004d00	51fd	c.li	x3,-1	  x3=0xffffffff
       28375000	      2738	80004d02	01af8a63	beq	x31,x26,80004d16	 x31:0xffffffff x26:0x00000000
       28385000	      2739	80004d06	848a	c.mv	x9,x2	  x0:0x00000000  x2:0x000001f4  x9=0x000001f4
       28395000	      2740	80004d08	0181d593	srli	x11,x3,0x18	  x3:0xffffffff x11=0x000000ff
       28405000	      2741	80004d0c	02c04263	blt	x0,x12,80004d30	  x0:0x00000000 x12:0x00000000
       28415000	      2742	80004d10	8e51	c.or	x12,x12	 x12:0x00000000 x12:0x00000000 x12=0x00000000
       28425000	      2743	80004d12	8009	c.srli	x8,0x2	  x8:0x80000375  x8=0x200000dd
       28435000	      2744	80004d14	8355	c.srli	x14,0x15	 x14:0xffffffff x14=0x000007ff
       28445000	      2745	80004d16	86a9	c.srai	x13,0xa	 x13:0x00000000 x13=0x00000000
       28455000	      2746	80004d18	00eb0233	add	x4,x22,x14	 x22:0xc47c9000 x14:0x000007ff  x4=0xc47c97ff
       28465000	      2747	80004d1c	01c8a833	slt	x16,x17,x28	 x17:0x00000000 x28:0x80021e54 x16=0x00000000
       28505000	      2751	80004d20	03021db3	mulh	x27,x4,x16	  x4:0xc47c97ff x16:0x00000000 x27=0x00000000
       28515000	      2752	80004d24	38185017	auipc	x0,0x38185	  x0=0x00000000
       28525000	      2753	80004d28	8a9a	c.mv	x21,x6	  x0:0x00000000  x6:0x80025ce4 x21=0x80025ce4
       28535000	      2754	80004d2a	5afd	c.li	x21,-1	 x21=0xffffffff
       28545000	      2755	80004d2c	026c9b63	bne	x25,x6,80004d62	 x25:0x07c20654  x6:0x80025ce4
       28565000	      2757	80004d62	8c79	c.and	x8,x14	  x8:0x200000dd x14:0x000007ff  x8=0x000000dd
       28575000	      2758	80004d64	03fdce63	blt	x27,x31,80004da0	 x27:0x00000000 x31:0xffffffff
       28585000	      2759	80004d68	5f7d	c.li	x30,-1	 x30=0xffffffff
       28595000	      2760	80004d6a	01c50833	add	x16,x10,x28	 x10:0xffffffff x28:0x80021e54 x16=0x80021e53
       28605000	      2761	80004d6e	8df5	c.and	x11,x13	 x11:0x000000ff x13:0x00000000 x11=0x00000000
       28615000	      2762	80004d70	0590e063	bltu	x1,x25,80004db0	  x1:0x5e92964e x25:0x07c20654
       28625000	      2763	80004d74	40225213	srai	x4,x4,0x2	  x4:0xc47c97ff  x4=0xf11f25ff
       28635000	      2764	80004d78	8dcd	c.or	x11,x11	 x11:0x00000000 x11:0x00000000 x11=0x00000000
       28655000	      2766	80004d7a	02d2cdb3	div	x27,x5,x13	  x5:0x00000001 x13:0x00000000 x27=0xffffffff
       28665000	      2767	80004d7e	01eec033	xor	x0,x29,x30	 x29:0x00000000 x30:0xffffffff  x0=0x00000000
       28675000	      2768	80004d82	415ed6b3	sra	x13,x29,x21	 x29:0x00000000 x21:0xffffffff x13=0x00000000
       28685000	      2769	80004d86	8d91	c.sub	x11,x12	 x11:0x00000000 x12:0x00000000 x11=0x00000000
       28695000	      2770	80004d88	9ebe	c.add	x29,x15	 x29:0x00000000 x15:0x80025ce4 x29=0x80025ce4
       28705000	      2771	80004d8a	039cf763	bgeu	x25,x25,80004db8	 x25:0x07c20654 x25:0x07c20654
       28725000	      2773	80004db8	03878963	beq	x15,x24,80004dea	 x15:0x80025ce4 x24:0x0f2a048a
       28735000	      2774	80004dbc	8cad	c.xor	x9,x11	  x9:0x000001f4 x11:0x00000000  x9=0x000001f4
       28745000	      2775	80004dbe	04a6	c.slli	x9,0x9	  x9:0x000001f4  x9=0x0003e800
       28755000	      2776	80004dc0	0006dcb3	srl	x25,x13,x0	 x13:0x00000000  x0:0x00000000 x25=0x00000000
       29125000	      2813	80004dc4	034b60b3	rem	x1,x22,x20	 x22:0xc47c9000 x20:0xc5f54000  x1=0xfe875000
       29135000	      2814	80004dc8	6809	c.lui	x16,0x2	 x16=0x00002000
       29145000	      2815	80004dca	6e3e7f13	andi	x30,x28,1763	 x28:0x80021e54 x30=0x00000640
       29155000	      2816	80004dce	2ec8c597	auipc	x11,0x2ec8c	 x11=0xaec90dce
       29165000	      2817	80004dd2	557d	c.li	x10,-1	 x10=0xffffffff
       29175000	      2818	80004dd4	00dd1d93	slli	x27,x26,0xd	 x26:0x00000000 x27=0x00000000
       29185000	      2819	80004dd8	8ae9	c.andi	x13,26	 x13:0x00000000 x13=0x00000000
       29195000	      2820	80004dda	80b9	c.srli	x9,0xe	  x9:0x0003e800  x9=0x0000000f
       29235000	      2824	80004ddc	021e11b3	mulh	x3,x28,x1	 x28:0x80021e54  x1:0xfe875000  x3=0x00bc54e1
       29245000	      2825	80004de0	0ff0000f	fence	iorw,iorw	
       29255000	      2826	80004de4	0ff0000f	fence	iorw,iorw	
       29265000	      2827	80004de8	8d31	c.xor	x10,x12	 x10:0xffffffff x12:0x00000000 x10=0xffffffff
       29275000	      2828	80004dea	01871013	slli	x0,x14,0x18	 x14:0x000007ff  x0=0x00000000
       29285000	      2829	80004dee	dc13ae97	auipc	x29,0xdc13a	 x29=0x5c13edee
       29295000	      2830	80004df2	68d46f13	ori	x30,x8,1677	  x8:0x000000dd x30=0x000006dd
       29305000	      2831	80004df6	38230a13	addi	x20,x6,898	  x6:0x80025ce4 x20=0x80026066
       29315000	      2832	80004dfa	4a75	c.li	x20,29	 x20=0x0000001d
       29325000	      2833	80004dfc	00d7fcb3	and	x25,x15,x13	 x15:0x80025ce4 x13:0x00000000 x25=0x00000000
       29335000	      2834	80004e00	d86c0893	addi	x17,x24,-634	 x24:0x0f2a048a x17=0x0f2a0210
       29345000	      2835	80004e04	01f65f63	bge	x12,x31,80004e22	 x12:0x00000000 x31:0xffffffff
       29375000	      2838	80004e22	04634493	xori	x9,x6,70	  x6:0x80025ce4  x9=0x80025ca2
       29415000	      2842	80004e26	030e9133	mulh	x2,x29,x16	 x29:0x5c13edee x16:0x00002000  x2=0x00000b82
       29425000	      2843	80004e2a	00236eb3	or	x29,x6,x2	  x6:0x80025ce4  x2:0x00000b82 x29=0x80025fe6
       29435000	      2844	80004e2e	e109	c.bnez	x10,80004e30	 x10:0xffffffff
       29455000	      2846	80004e30	ab374697	auipc	x13,0xab374	 x13=0x2b378e30
       29465000	      2847	80004e34	002c8e63	beq	x25,x2,80004e50	 x25:0x00000000  x2:0x00000b82
       29475000	      2848	80004e38	008f11b3	sll	x3,x30,x8	 x30:0x000006dd  x8:0x000000dd  x3=0xa0000000
       29485000	      2849	80004e3c	0b42	c.slli	x22,0x10	 x22:0xc47c9000 x22=0x90000000
       29495000	      2850	80004e3e	6375	c.lui	x6,0x1d	  x6=0x0001d000
       29505000	      2851	80004e40	8d31	c.xor	x10,x12	 x10:0xffffffff x12:0x00000000 x10=0xffffffff
       29515000	      2852	80004e42	41005333	sra	x6,x0,x16	  x0:0x00000000 x16:0x00002000  x6=0x00000000
       29525000	      2853	80004e46	6125	c.addi16sp	x2,96	  x2:0x00000b82  x2=0x00000be2
       29535000	      2854	80004e48	0ff0000f	fence	iorw,iorw	
       29545000	      2855	80004e4c	8f65	c.and	x14,x9	 x14:0x000007ff  x9:0x80025ca2 x14=0x000004a2
       29555000	      2856	80004e4e	9b52	c.add	x22,x20	 x22:0x90000000 x20:0x0000001d x22=0x9000001d
       29565000	      2857	80004e50	c7ca3b17	auipc	x22,0xc7ca3	 x22=0x47ca7e50
       29935000	      2894	80004e54	02187db3	remu	x27,x16,x1	 x16:0x00002000  x1:0xfe875000 x27=0x00002000
       29955000	      2896	80004e58	0320d5b3	divu	x11,x1,x18	  x1:0xfe875000 x18:0x00000000 x11=0xffffffff
       29965000	      2897	80004e5c	010af763	bgeu	x21,x16,80004e6a	 x21:0xffffffff x16:0x00002000
       29995000	      2900	80004e6a	01dd5463	bge	x26,x29,80004e72	 x26:0x00000000 x29:0x80025fe6
       30015000	      2902	80004e72	4a01	c.li	x20,0	 x20=0x00000000
       30025000	      2903	80004e74	01c94f63	blt	x18,x28,80004e92	 x18:0x00000000 x28:0x80021e54
       30395000	      2940	80004e78	02bc59b3	divu	x19,x24,x11	 x24:0x0f2a048a x11:0xffffffff x19=0x00000000
       30405000	      2941	80004e7c	015f4363	blt	x30,x21,80004e82	 x30:0x000006dd x21:0xffffffff
       30415000	      2942	80004e80	e495	c.bnez	x9,80004eac	  x9:0x80025ca2
       30435000	      2944	80004eac	8956	c.mv	x18,x21	  x0:0x00000000 x21:0xffffffff x18=0xffffffff
       30445000	      2945	80004eae	567d	c.li	x12,-1	 x12=0xffffffff
       30455000	      2946	80004eb0	cc0d	c.beqz	x8,80004eea	  x8:0x000000dd
       30465000	      2947	80004eb2	82d5	c.srli	x13,0x15	 x13:0x2b378e30 x13=0x00000159
       30475000	      2948	80004eb4	2de33213	sltiu	x4,x6,734	  x6:0x00000000  x4=0x00000001
       30845000	      2985	80004eb8	0365d8b3	divu	x17,x11,x22	 x11:0xffffffff x22:0x47ca7e50 x17=0x00000003
       30855000	      2986	80004ebc	0087ccb3	xor	x25,x15,x8	 x15:0x80025ce4  x8:0x000000dd x25=0x80025c39
       30865000	      2987	80004ec0	02145663	bge	x8,x1,80004eec	  x8:0x000000dd  x1:0xfe875000
       30885000	      2989	80004eec	c089	c.beqz	x9,80004eee	  x9:0x80025ca2
       30895000	      2990	80004eee	0326	c.slli	x6,0x9	  x6:0x00000000  x6=0x00000000
       31265000	      3027	80004ef0	0277c2b3	div	x5,x15,x7	 x15:0x80025ce4  x7:0x80000000  x5=0x00000000
       31275000	      3028	80004ef4	0000100f	fence.i	
       31295000	      3030	80004ef8	0c05	c.addi	x24,1	 x24:0x0f2a048a x24=0x0f2a048b
       31305000	      3031	80004efa	002e1413	slli	x8,x28,0x2	 x28:0x80021e54  x8=0x00087950
       31315000	      3032	80004efe	822e	c.mv	x4,x11	  x0:0x00000000 x11:0xffffffff  x4=0xffffffff
       31325000	      3033	80004f00	8909	c.andi	x10,2	 x10:0xffffffff x10=0x00000002
       31695000	      3070	80004f02	03f14c33	div	x24,x2,x31	  x2:0x00000be2 x31:0xffffffff x24=0xfffff41e
       31705000	      3071	80004f06	01e4eeb3	or	x29,x9,x30	  x9:0x80025ca2 x30:0x000006dd x29=0x80025eff
       31715000	      3072	80004f0a	00683233	sltu	x4,x16,x6	 x16:0x00002000  x6:0x00000000  x4=0x00000000
       31725000	      3073	80004f0e	0001	c.addi	x0,0	  x0:0x00000000  x0=0x00000000
       31735000	      3074	80004f10	0ff0000f	fence	iorw,iorw	
       31755000	      3076	80004f14	0257d1b3	divu	x3,x15,x5	 x15:0x80025ce4  x5:0x00000000  x3=0xffffffff
       31765000	      3077	80004f18	409f5db3	sra	x27,x30,x9	 x30:0x000006dd  x9:0x80025ca2 x27=0x000001b7
       31785000	      3079	80004f1c	026bdeb3	divu	x29,x23,x6	 x23:0x15000000  x6:0x00000000 x29=0xffffffff
       31795000	      3080	80004f20	0575	c.addi	x10,29	 x10:0x00000002 x10=0x0000001f
       31805000	      3081	80004f22	02ddfa63	bgeu	x27,x13,80004f56	 x27:0x000001b7 x13:0x00000159
       31835000	      3084	80004f56	1032d897	auipc	x17,0x1032d	 x17=0x90331f56
       31845000	      3085	80004f5a	01c6e033	or	x0,x13,x28	 x13:0x00000159 x28:0x80021e54  x0=0x00000000
       31855000	      3086	80004f5e	0ff0000f	fence	iorw,iorw	
       31865000	      3087	80004f62	0001	c.addi	x0,0	  x0:0x00000000  x0=0x00000000
       31885000	      3089	80004f64	025f7533	remu	x10,x30,x5	 x30:0x000006dd  x5:0x00000000 x10=0x000006dd
       31895000	      3090	80004f68	40bf00b3	sub	x1,x30,x11	 x30:0x000006dd x11:0xffffffff  x1=0x000006de
       31905000	      3091	80004f6c	01db78b3	and	x17,x22,x29	 x22:0x47ca7e50 x29:0xffffffff x17=0x47ca7e50
       31915000	      3092	80004f70	86ed	c.srai	x13,0x1b	 x13:0x00000159 x13=0x00000000
       31925000	      3093	80004f72	42992f13	slti	x30,x18,1065	 x18:0xffffffff x30=0x00000001
       31935000	      3094	80004f76	0000100f	fence.i	
       31965000	      3097	80004f7a	01281613	slli	x12,x16,0x12	 x16:0x00002000 x12=0x80000000
       31975000	      3098	80004f7e	01c8c5b3	xor	x11,x17,x28	 x17:0x47ca7e50 x28:0x80021e54 x11=0xc7c86004
       31985000	      3099	80004f82	00934d33	xor	x26,x6,x9	  x6:0x00000000  x9:0x80025ca2 x26=0x80025ca2
       31995000	      3100	80004f86	1600	c.addi4spn	x8,x2,800	  x8=0x00000f02
       32035000	      3104	80004f88	02bfa9b3	mulhsu	x19,x31,x11	 x31:0xffffffff x11:0xc7c86004 x19=0xffffffff
       32045000	      3105	80004f8c	1598	c.addi4spn	x14,x2,736	 x14=0x00000ec2
       32055000	      3106	80004f8e	84bd	c.srai	x9,0xf	  x9:0x80025ca2  x9=0xffff0004
       32065000	      3107	80004f90	6115	c.addi16sp	x2,288	  x2:0x00000be2  x2=0x00000d02
       32075000	      3108	80004f92	00e48533	add	x10,x9,x14	  x9:0xffff0004 x14:0x00000ec2 x10=0xffff0ec6
       32085000	      3109	80004f96	51fd	c.li	x3,-1	  x3=0xffffffff
       32095000	      3110	80004f98	c9c92c13	slti	x24,x18,-868	 x18:0xffffffff x24=0x00000000
       32105000	      3111	80004f9c	aaf1d6b7	lui	x13,0xaaf1d	 x13=0xaaf1d000
       32115000	      3112	80004fa0	8c85	c.sub	x9,x9	  x9:0xffff0004  x9:0xffff0004  x9=0x00000000
       32125000	      3113	80004fa2	40a3d533	sra	x10,x7,x10	  x7:0x80000000 x10:0xffff0ec6 x10=0xfe000000
       32135000	      3114	80004fa6	1c872493	slti	x9,x14,456	 x14:0x00000ec2  x9=0x00000000
       32145000	      3115	80004faa	042f1563	bne	x30,x2,80004ff4	 x30:0x00000001  x2:0x00000d02
       32165000	      3117	80004ff4	01f53eb3	sltu	x29,x10,x31	 x10:0xfe000000 x31:0xffffffff x29=0x00000001
       32175000	      3118	80004ff8	0f0e	c.slli	x30,0x3	 x30:0x00000001 x30=0x00000008
       32215000	      3122	80004ffa	032439b3	mulhu	x19,x8,x18	  x8:0x00000f02 x18:0xffffffff x19=0x00000f01
       32225000	      3123	80004ffe	401c5bb3	sra	x23,x24,x1	 x24:0x00000000  x1:0x000006de x23=0x00000000
       32235000	      3124	80005002	02f79563	bne	x15,x15,8000502c	 x15:0x80025ce4 x15:0x80025ce4
       32245000	      3125	80005006	40ac5a93	srai	x21,x24,0xa	 x24:0x00000000 x21=0x00000000
       32255000	      3126	8000500a	717d	c.addi16sp	x2,-16	  x2:0x00000d02  x2=0x00000cf2
       32265000	      3127	8000500c	8c2d	c.xor	x8,x11	  x8:0x00000f02 x11:0xc7c86004  x8=0xc7c86f06
       32275000	      3128	8000500e	01d462b3	or	x5,x8,x29	  x8:0xc7c86f06 x29:0x00000001  x5=0xc7c86f07
       32285000	      3129	80005012	00360733	add	x14,x12,x3	 x12:0x80000000  x3:0xffffffff x14=0x7fffffff
       32295000	      3130	80005016	0000100f	fence.i	
       32685000	      3169	8000501a	0303c933	div	x18,x7,x16	  x7:0x80000000 x16:0x00002000 x18=0xfffc0000
       32695000	      3170	8000501e	e581	c.bnez	x11,80005026	 x11:0xc7c86004
       32715000	      3172	80005026	6fed	c.lui	x31,0x1b	 x31=0x0001b000
       32725000	      3173	80005028	03fa7263	bgeu	x20,x31,8000504c	 x20:0x00000000 x31:0x0001b000
       32735000	      3174	8000502c	0ff0000f	fence	iorw,iorw	
       32745000	      3175	80005030	00a7fb33	and	x22,x15,x10	 x15:0x80025ce4 x10:0xfe000000 x22=0x80000000
       32785000	      3179	80005034	03949933	mulh	x18,x9,x25	  x9:0x00000000 x25:0x80025c39 x18=0x00000000
       32795000	      3180	80005038	72852a93	slti	x21,x10,1832	 x10:0xfe000000 x21=0x00000001
       32805000	      3181	8000503c	075c4a93	xori	x21,x24,117	 x24:0x00000000 x21=0x00000075
       32815000	      3182	80005040	896a	c.mv	x18,x26	  x0:0x00000000 x26:0x80025ca2 x18=0x80025ca2
       32825000	      3183	80005042	6135	c.addi16sp	x2,352	  x2:0x00000cf2  x2=0x00000e52
       32835000	      3184	80005044	0317f163	bgeu	x15,x17,80005066	 x15:0x80025ce4 x17:0x47ca7e50
       32855000	      3186	80005066	8d79	c.and	x10,x14	 x10:0xfe000000 x14:0x7fffffff x10=0x7e000000
       32865000	      3187	80005068	1c00	c.addi4spn	x8,x2,560	  x8=0x00001082
       32875000	      3188	8000506a	004da5b3	slt	x11,x27,x4	 x27:0x000001b7  x4:0x00000000 x11=0x00000000
       32915000	      3192	8000506e	02262b33	mulhsu	x22,x12,x2	 x12:0x80000000  x2:0x00000e52 x22=0xfffff8d7
       32925000	      3193	80005072	01435893	srli	x17,x6,0x14	  x6:0x00000000 x17=0x00000000
       32935000	      3194	80005076	15120093	addi	x1,x4,337	  x4:0x00000000  x1=0x00000151
       32975000	      3198	8000507a	02013933	mulhu	x18,x2,x0	  x2:0x00000e52  x0:0x00000000 x18=0x00000000
       33345000	      3235	8000507e	022be033	rem	x0,x23,x2	 x23:0x00000000  x2:0x00000e52  x0=0x00000000
       33355000	      3236	80005082	0150a0b3	slt	x1,x1,x21	  x1:0x00000151 x21:0x00000075  x1=0x00000000
       33365000	      3237	80005086	469fd937	lui	x18,0x469fd	 x18=0x469fd000
       33375000	      3238	8000508a	001d6a33	or	x20,x26,x1	 x26:0x80025ca2  x1:0x00000000 x20=0x80025ca2
       33385000	      3239	8000508e	00e288b3	add	x17,x5,x14	  x5:0xc7c86f07 x14:0x7fffffff x17=0x47c86f06
       33395000	      3240	80005092	40aed613	srai	x12,x29,0xa	 x29:0x00000001 x12=0x00000000
       33405000	      3241	80005096	8dc9	c.or	x11,x10	 x11:0x00000000 x10:0x7e000000 x11=0x7e000000
       33435000	      3244	80005098	033c8133	mul	x2,x25,x19	 x25:0x80025c39 x19:0x00000f01  x2=0xa369b339
       33445000	      3245	8000509c	02360463	beq	x12,x3,800050c4	 x12:0x00000000  x3:0xffffffff
       33475000	      3248	800050a0	038300b3	mul	x1,x6,x24	  x6:0x00000000 x24:0x00000000  x1=0x00000000
       33485000	      3249	800050a4	01688663	beq	x17,x22,800050b0	 x17:0x47c86f06 x22:0xfffff8d7
       33495000	      3250	800050a8	0001	c.addi	x0,0	  x0:0x00000000  x0=0x00000000
       33505000	      3251	800050aa	0001	c.addi	x0,0	  x0:0x00000000  x0=0x00000000
       33515000	      3252	800050ac	010c1313	slli	x6,x24,0x10	 x24:0x00000000  x6=0x00000000
       33525000	      3253	800050b0	00027233	and	x4,x4,x0	  x4:0x00000000  x0:0x00000000  x4=0x00000000
       33535000	      3254	800050b4	c505	c.beqz	x10,800050dc	 x10:0x7e000000
       33545000	      3255	800050b6	89c1	c.andi	x11,16	 x11:0x7e000000 x11=0x00000000
       33555000	      3256	800050b8	01ad1933	sll	x18,x26,x26	 x26:0x80025ca2 x26:0x80025ca2 x18=0x00097288
       33565000	      3257	800050bc	6175	c.addi16sp	x2,368	  x2:0xa369b339  x2=0xa369b4a9
       33575000	      3258	800050be	8c5f7993	andi	x19,x30,-1851	 x30:0x00000008 x19=0x00000000
       33585000	      3259	800050c2	6141	c.addi16sp	x2,16	  x2:0xa369b4a9  x2=0xa369b4b9
       33595000	      3260	800050c4	c291	c.beqz	x13,800050c8	 x13:0xaaf1d000
       33605000	      3261	800050c6	e089	c.bnez	x9,800050c8	  x9:0x00000000
       33615000	      3262	800050c8	8579	c.srai	x10,0x1e	 x10:0x7e000000 x10=0x00000001
       33625000	      3263	800050ca	00fee1b3	or	x3,x29,x15	 x29:0x00000001 x15:0x80025ce4  x3=0x80025ce5
       33635000	      3264	800050ce	8f46	c.mv	x30,x17	  x0:0x00000000 x17:0x47c86f06 x30=0x47c86f06
       33645000	      3265	800050d0	997d	c.andi	x10,-1	 x10:0x00000001 x10=0x00000001
       33655000	      3266	800050d2	350281b7	lui	x3,0x35028	  x3=0x35028000
       33665000	      3267	800050d6	617d	c.addi16sp	x2,496	  x2:0xa369b4b9  x2=0xa369b6a9
       33675000	      3268	800050d8	40d9d213	srai	x4,x19,0xd	 x19:0x00000000  x4=0x00000000
       33685000	      3269	800050dc	4c6c8b93	addi	x23,x25,1222	 x25:0x80025c39 x23=0x800260ff
       33695000	      3270	800050e0	019d5863	bge	x26,x25,800050f0	 x26:0x80025ca2 x25:0x80025c39
       33715000	      3272	800050f0	612d	c.addi16sp	x2,224	  x2:0xa369b6a9  x2=0xa369b789
       33725000	      3273	800050f2	008b2fb3	slt	x31,x22,x8	 x22:0xfffff8d7  x8:0x00001082 x31=0x00000001
       33735000	      3274	800050f6	80a5	c.srli	x9,0x9	  x9:0x00000000  x9=0x00000000
       33745000	      3275	800050f8	997d	c.andi	x10,-1	 x10:0x00000001 x10=0x00000001
       33755000	      3276	800050fa	003ab733	sltu	x14,x21,x3	 x21:0x00000075  x3:0x35028000 x14=0x00000001
       33765000	      3277	800050fe	8426a693	slti	x13,x13,-1982	 x13:0xaaf1d000 x13=0x00000001
       33775000	      3278	80005102	02b07963	bgeu	x0,x11,80005134	  x0:0x00000000 x11:0x00000000
       33795000	      3280	80005134	02a2fe63	bgeu	x5,x10,80005170	  x5:0xc7c86f07 x10:0x00000001
       33815000	      3282	80005170	41c2ddb3	sra	x27,x5,x28	  x5:0xc7c86f07 x28:0x80021e54 x27=0xfffffc7c
       33825000	      3283	80005174	419c8633	sub	x12,x25,x25	 x25:0x80025c39 x25:0x80025c39 x12=0x00000000
       33835000	      3284	80005178	40f80633	sub	x12,x16,x15	 x16:0x00002000 x15:0x80025ce4 x12=0x7ffdc31c
       33845000	      3285	8000517c	0007e8b3	or	x17,x15,x0	 x15:0x80025ce4  x0:0x00000000 x17=0x80025ce4
       33855000	      3286	80005180	8f4d	c.or	x14,x11	 x14:0x00000001 x11:0x00000000 x14=0x00000001
       33865000	      3287	80005182	768d8517	auipc	x10,0x768d8	 x10=0xf68dd182
       33875000	      3288	80005186	683d	c.lui	x16,0xf	 x16=0x0000f000
       33915000	      3292	80005188	0386a633	mulhsu	x12,x13,x24	 x13:0x00000001 x24:0x00000000 x12=0x00000000
       33925000	      3293	8000518c	41e25293	srai	x5,x4,0x1e	  x4:0x00000000  x5=0x00000000
       33935000	      3294	80005190	41a55f33	sra	x30,x10,x26	 x10:0xf68dd182 x26:0x80025ca2 x30=0xfda37460
       33945000	      3295	80005194	01c18633	add	x12,x3,x28	  x3:0x35028000 x28:0x80021e54 x12=0xb5049e54
       33955000	      3296	80005198	8d29	c.xor	x10,x10	 x10:0xf68dd182 x10:0xf68dd182 x10=0x00000000
       33965000	      3297	8000519a	9a7d	c.andi	x12,-1	 x12:0xb5049e54 x12=0xb5049e54
       33975000	      3298	8000519c	cd11	c.beqz	x10,800051b8	 x10:0x00000000
       33995000	      3300	800051b8	00c8c6b3	xor	x13,x17,x12	 x17:0x80025ce4 x12:0xb5049e54 x13=0x3506c2b0
       34025000	      3303	800051bc	02588933	mul	x18,x17,x5	 x17:0x80025ce4  x5:0x00000000 x18=0x00000000
       34035000	      3304	800051c0	01275c13	srli	x24,x14,0x12	 x14:0x00000001 x24=0x00000000
       34045000	      3305	800051c4	e40f0513	addi	x10,x30,-448	 x30:0xfda37460 x10=0xfda372a0
       34055000	      3306	800051c8	00f924b3	slt	x9,x18,x15	 x18:0x00000000 x15:0x80025ce4  x9=0x00000000
       34065000	      3307	800051cc	03fafd63	bgeu	x21,x31,80005206	 x21:0x00000075 x31:0x00000001
       34455000	      3346	80005206	022344b3	div	x9,x6,x2	  x6:0x00000000  x2:0xa369b789  x9=0x00000000
       34465000	      3347	8000520a	4b5d	c.li	x22,23	 x22=0x00000017
       34475000	      3348	8000520c	8d51	c.or	x10,x12	 x10:0xfda372a0 x12:0xb5049e54 x10=0xfda7fef4
       34515000	      3352	8000520e	026391b3	mulh	x3,x7,x6	  x7:0x80000000  x6:0x00000000  x3=0x00000000
       34525000	      3353	80005212	0716	c.slli	x14,0x5	 x14:0x00000001 x14=0x00000020
       34535000	      3354	80005214	8cb1	c.xor	x9,x12	  x9:0x00000000 x12:0xb5049e54  x9=0xb5049e54
       34545000	      3355	80005216	ef11	c.bnez	x14,80005232	 x14:0x00000020
       34575000	      3358	80005232	01260db3	add	x27,x12,x18	 x12:0xb5049e54 x18:0x00000000 x27=0xb5049e54
       34585000	      3359	80005236	73d0bb17	auipc	x22,0x73d0b	 x22=0xf3d10236
       34595000	      3360	8000523a	c88d	c.beqz	x9,8000526c	  x9:0xb5049e54
       34605000	      3361	8000523c	8f5e	c.mv	x30,x23	  x0:0x00000000 x23:0x800260ff x30=0x800260ff
       34615000	      3362	8000523e	190e0593	addi	x11,x28,400	 x28:0x80021e54 x11=0x80021fe4
       34625000	      3363	80005242	6b05	c.lui	x22,0x1	 x22=0x00001000
       34635000	      3364	80005244	03a5c463	blt	x11,x26,8000526c	 x11:0x80021fe4 x26:0x80025ca2
       34655000	      3366	8000526c	02af0863	beq	x30,x10,8000529c	 x30:0x800260ff x10:0xfda7fef4
       34665000	      3367	80005270	abe1cf17	auipc	x30,0xabe1c	 x30=0x2be21270
       34685000	      3369	80005274	020f51b3	divu	x3,x30,x0	 x30:0x2be21270  x0:0x00000000  x3=0xffffffff
       34695000	      3370	80005278	01937933	and	x18,x6,x25	  x6:0x00000000 x25:0x80025c39 x18=0x00000000
       34705000	      3371	8000527c	82f1	c.srli	x13,0x1c	 x13:0x3506c2b0 x13=0x00000003
       34715000	      3372	8000527e	02a40663	beq	x8,x10,800052aa	  x8:0x00001082 x10:0xfda7fef4
       34725000	      3373	80005282	413c0133	sub	x2,x24,x19	 x24:0x00000000 x19:0x00000000  x2=0x00000000
       34735000	      3374	80005286	830a	c.mv	x6,x2	  x0:0x00000000  x2:0x00000000  x6=0x00000000
       34745000	      3375	80005288	7f94a137	lui	x2,0x7f94a	  x2=0x7f94a000
       34755000	      3376	8000528c	e7176b97	auipc	x23,0xe7176	 x23=0x6717b28c
       34765000	      3377	80005290	00c50a33	add	x20,x10,x12	 x10:0xfda7fef4 x12:0xb5049e54 x20=0xb2ac9d48
       34775000	      3378	80005294	5f727013	andi	x0,x4,1527	  x4:0x00000000  x0=0x00000000
       34815000	      3382	80005298	03b63333	mulhu	x6,x12,x27	 x12:0xb5049e54 x27:0xb5049e54  x6=0x7fff87f8
       34825000	      3383	8000529c	8866	c.mv	x16,x25	  x0:0x00000000 x25:0x80025c39 x16=0x80025c39
       34865000	      3387	8000529e	0383b0b3	mulhu	x1,x7,x24	  x7:0x80000000 x24:0x00000000  x1=0x00000000
       34875000	      3388	800052a2	41cfd993	srai	x19,x31,0x1c	 x31:0x00000001 x19=0x00000000
       34885000	      3389	800052a6	0001	c.addi	x0,0	  x0:0x00000000  x0=0x00000000
       34895000	      3390	800052a8	8699	c.srai	x13,0x6	 x13:0x00000003 x13=0x00000000
       35265000	      3427	800052aa	03c57833	remu	x16,x10,x28	 x10:0xfda7fef4 x28:0x80021e54 x16=0x7da5e0a0
       35275000	      3428	800052ae	0ff0000f	fence	iorw,iorw	
       35285000	      3429	800052b2	0138f133	and	x2,x17,x19	 x17:0x80025ce4 x19:0x00000000  x2=0x00000000
       35295000	      3430	800052b6	03d8e763	bltu	x17,x29,800052e4	 x17:0x80025ce4 x29:0x00000001
       35305000	      3431	800052ba	8459	c.srai	x8,0x16	  x8:0x00001082  x8=0x00000000
       35315000	      3432	800052bc	0001	c.addi	x0,0	  x0:0x00000000  x0=0x00000000
       35325000	      3433	800052be	01ef66b3	or	x13,x30,x30	 x30:0x2be21270 x30:0x2be21270 x13=0x2be21270
       35335000	      3434	800052c2	c52af5b7	lui	x11,0xc52af	 x11=0xc52af000
       35345000	      3435	800052c6	9b7d	c.andi	x14,-1	 x14:0x00000020 x14=0x00000020
       35355000	      3436	800052c8	00e72d33	slt	x26,x14,x14	 x14:0x00000020 x14:0x00000020 x26=0x00000000
       35365000	      3437	800052cc	00a81bb3	sll	x23,x16,x10	 x16:0x7da5e0a0 x10:0xfda7fef4 x23=0x0a000000
       35375000	      3438	800052d0	41b45c13	srai	x24,x8,0x1b	  x8:0x00000000 x24=0x00000000
       35395000	      3440	800052d4	02417233	remu	x4,x2,x4	  x2:0x00000000  x4:0x00000000  x4=0x00000000
       35405000	      3441	800052d8	e453f713	andi	x14,x7,-443	  x7:0x80000000 x14=0x80000000
       35415000	      3442	800052dc	0356	c.slli	x6,0x15	  x6:0x7fff87f8  x6=0xff000000
       35425000	      3443	800052de	01691833	sll	x16,x18,x22	 x18:0x00000000 x22:0x00001000 x16=0x00000000
       35435000	      3444	800052e2	c221	c.beqz	x12,80005322	 x12:0xb5049e54
       35475000	      3448	800052e4	035d3bb3	mulhu	x23,x26,x21	 x26:0x00000000 x21:0x00000075 x23=0x00000000
       35485000	      3449	800052e8	029e5d63	bge	x28,x9,80005322	 x28:0x80021e54  x9:0xb5049e54
       35495000	      3450	800052ec	00c59f13	slli	x30,x11,0xc	 x11:0xc52af000 x30=0xaf000000
       35505000	      3451	800052f0	007470b3	and	x1,x8,x7	  x8:0x00000000  x7:0x80000000  x1=0x00000000
       35515000	      3452	800052f4	00d21263	bne	x4,x13,800052f8	  x4:0x00000000 x13:0x2be21270
       35545000	      3455	800052f8	03846833	rem	x16,x8,x24	  x8:0x00000000 x24:0x00000000 x16=0x00000000
       35555000	      3456	800052fc	017c7433	and	x8,x24,x23	 x24:0x00000000 x23:0x00000000  x8=0x00000000
       35565000	      3457	80005300	00278333	add	x6,x15,x2	 x15:0x80025ce4  x2:0x00000000  x6=0x80025ce4
       35575000	      3458	80005304	0ff0000f	fence	iorw,iorw	
       35585000	      3459	80005308	008ed993	srli	x19,x29,0x8	 x29:0x00000001 x19=0x00000000
       35595000	      3460	8000530c	6f61	c.lui	x30,0x18	 x30=0x00018000
       35605000	      3461	8000530e	845d	c.srai	x8,0x17	  x8:0x00000000  x8=0x00000000
       35615000	      3462	80005310	0000100f	fence.i	
       35995000	      3500	80005314	0345da33	divu	x20,x11,x20	 x11:0xc52af000 x20:0xb2ac9d48 x20=0x00000001
       36005000	      3501	80005318	9f92	c.add	x31,x4	 x31:0x00000001  x4:0x00000000 x31=0x00000001
       36375000	      3538	8000531a	0354e333	rem	x6,x9,x21	  x9:0xb5049e54 x21:0x00000075  x6=0xffffffb2
       36385000	      3539	8000531e	32268013	addi	x0,x13,802	 x13:0x2be21270  x0=0x00000000
       36395000	      3540	80005322	023c1f63	bne	x24,x3,80005360	 x24:0x00000000  x3:0xffffffff
       36415000	      3542	80005360	71612c17	auipc	x24,0x71612	 x24=0xf1617360
       36425000	      3543	80005364	01eb7733	and	x14,x22,x30	 x22:0x00001000 x30:0x00018000 x14=0x00000000
       36435000	      3544	80005368	055d	c.addi	x10,23	 x10:0xfda7fef4 x10=0xfda7ff0b
       36445000	      3545	8000536a	0001	c.addi	x0,0	  x0:0x00000000  x0=0x00000000
       36455000	      3546	8000536c	00bf40b3	xor	x1,x30,x11	 x30:0x00018000 x11:0xc52af000  x1=0xc52b7000
       36465000	      3547	80005370	011e1593	slli	x11,x28,0x11	 x28:0x80021e54 x11=0x3ca80000
       36475000	      3548	80005374	6b65	c.lui	x22,0x19	 x22=0x00019000
       36485000	      3549	80005376	01e5ea33	or	x20,x11,x30	 x11:0x3ca80000 x30:0x00018000 x20=0x3ca98000
       36495000	      3550	8000537a	028b4163	blt	x22,x8,8000539c	 x22:0x00019000  x8:0x00000000
       36505000	      3551	8000537e	8ef9	c.and	x13,x14	 x13:0x2be21270 x14:0x00000000 x13=0x00000000
       36515000	      3552	80005380	c6f26713	ori	x14,x4,-913	  x4:0x00000000 x14=0xfffffc6f
       36525000	      3553	80005384	f7ce0c93	addi	x25,x28,-132	 x28:0x80021e54 x25=0x80021dd0
       36895000	      3590	80005388	03f97133	remu	x2,x18,x31	 x18:0x00000000 x31:0x00000001  x2=0x00000000
       36905000	      3591	8000538c	cfa53293	sltiu	x5,x10,-774	 x10:0xfda7ff0b  x5=0x00000001
       36945000	      3595	80005390	034caab3	mulhsu	x21,x25,x20	 x25:0x80021dd0 x20:0x3ca98000 x21=0xe1abc063
       36955000	      3596	80005394	0552	c.slli	x10,0x14	 x10:0xfda7ff0b x10=0xf0b00000
       36965000	      3597	80005396	e109	c.bnez	x10,80005398	 x10:0xf0b00000
       36985000	      3599	80005398	41dbdd33	sra	x26,x23,x29	 x23:0x00000000 x29:0x00000001 x26=0x00000000
       36995000	      3600	8000539c	870e	c.mv	x14,x3	  x0:0x00000000  x3:0xffffffff x14=0xffffffff
       37005000	      3601	8000539e	a94ceb13	ori	x22,x25,-1388	 x25:0x80021dd0 x22=0xffffffd4
       37045000	      3605	800053a2	02839233	mulh	x4,x7,x8	  x7:0x80000000  x8:0x00000000  x4=0x00000000
       37055000	      3606	800053a6	e28d	c.bnez	x13,800053c8	 x13:0x00000000
       37065000	      3607	800053a8	8d5d	c.or	x10,x15	 x10:0xf0b00000 x15:0x80025ce4 x10=0xf0b25ce4
       37075000	      3608	800053aa	0c99	c.addi	x25,6	 x25:0x80021dd0 x25=0x80021dd6
       37085000	      3609	800053ac	8e4d	c.or	x12,x11	 x12:0xb5049e54 x11:0x3ca80000 x12=0xbdac9e54
       37095000	      3610	800053ae	00cd82b3	add	x5,x27,x12	 x27:0xb5049e54 x12:0xbdac9e54  x5=0x72b13ca8
       37105000	      3611	800053b2	8b21	c.andi	x14,8	 x14:0xffffffff x14=0x00000008
       37115000	      3612	800053b4	0b964f93	xori	x31,x12,185	 x12:0xbdac9e54 x31=0xbdac9eed
       37145000	      3615	800053b8	03be8ab3	mul	x21,x29,x27	 x29:0x00000001 x27:0xb5049e54 x21=0xb5049e54
       37155000	      3616	800053bc	6139	c.addi16sp	x2,448	  x2:0x00000000  x2=0x000001c0
       37165000	      3617	800053be	e191	c.bnez	x11,800053c2	 x11:0x3ca80000
       37185000	      3619	800053c2	9be2	c.add	x23,x24	 x23:0x00000000 x24:0xf1617360 x23=0xf1617360
       37195000	      3620	800053c4	0ff0000f	fence	iorw,iorw	
       37205000	      3621	800053c8	3b7af813	andi	x16,x21,951	 x21:0xb5049e54 x16=0x00000214
       37215000	      3622	800053cc	8dd9	c.or	x11,x14	 x11:0x3ca80000 x14:0x00000008 x11=0x3ca80008
       37225000	      3623	800053ce	cf05	c.beqz	x14,80005406	 x14:0x00000008
       37265000	      3627	800053d0	02afabb3	mulhsu	x23,x31,x10	 x31:0xbdac9eed x10:0xf0b25ce4 x23=0xc1a39ef3
       37275000	      3628	800053d4	09a2	c.slli	x19,0x8	 x19:0x00000000 x19=0x00000000
       37285000	      3629	800053d6	00b5fd63	bgeu	x11,x11,800053f0	 x11:0x3ca80008 x11:0x3ca80008
       37305000	      3631	800053f0	0ff0000f	fence	iorw,iorw	
       37315000	      3632	800053f4	6139	c.addi16sp	x2,448	  x2:0x000001c0  x2=0x00000380
       37325000	      3633	800053f6	03509b63	bne	x1,x21,8000542c	  x1:0xc52b7000 x21:0xb5049e54
       37345000	      3635	8000542c	12777d93	andi	x27,x14,295	 x14:0x00000008 x27=0x00000000
       37355000	      3636	80005430	8e65	c.and	x12,x9	 x12:0xbdac9e54  x9:0xb5049e54 x12=0xb5049e54
       37365000	      3637	80005432	0001	c.addi	x0,0	  x0:0x00000000  x0=0x00000000
       37375000	      3638	80005434	02a2f863	bgeu	x5,x10,80005464	  x5:0x72b13ca8 x10:0xf0b25ce4
       37385000	      3639	80005438	00ada5b3	slt	x11,x27,x10	 x27:0x00000000 x10:0xf0b25ce4 x11=0x00000000
       37395000	      3640	8000543c	717d	c.addi16sp	x2,-16	  x2:0x00000380  x2=0x00000370
       37405000	      3641	8000543e	a5afc593	xori	x11,x31,-1446	 x31:0xbdac9eed x11=0x425364b7
       37415000	      3642	80005442	8f21	c.xor	x14,x8	 x14:0x00000008  x8:0x00000000 x14=0x00000008
       37425000	      3643	80005444	98cafb93	andi	x23,x21,-1652	 x21:0xb5049e54 x23=0xb5049804
       37435000	      3644	80005448	0000100f	fence.i	
       37455000	      3646	8000544c	0170e5b3	or	x11,x1,x23	  x1:0xc52b7000 x23:0xb5049804 x11=0xf52ff804
       37465000	      3647	80005450	00b6e9b3	or	x19,x13,x11	 x13:0x00000000 x11:0xf52ff804 x19=0xf52ff804
       37495000	      3650	80005454	02fb0b33	mul	x22,x22,x15	 x22:0xffffffd4 x15:0x80025ce4 x22=0xff9808d0
       37505000	      3651	80005458	04c15363	bge	x2,x12,8000549e	  x2:0x00000370 x12:0xb5049e54
       37535000	      3654	8000549e	02fe9363	bne	x29,x15,800054c4	 x29:0x00000001 x15:0x80025ce4
       37555000	      3656	800054c4	fb31c493	xori	x9,x3,-77	  x3:0xffffffff  x9=0x0000004c
       37565000	      3657	800054c8	023b0863	beq	x22,x3,800054f8	 x22:0xff9808d0  x3:0xffffffff
       37575000	      3658	800054cc	88ce	c.mv	x17,x19	  x0:0x00000000 x19:0xf52ff804 x17=0xf52ff804
       37585000	      3659	800054ce	41fdd893	srai	x17,x27,0x1f	 x27:0x00000000 x17=0x00000000
       37595000	      3660	800054d2	eb6b0913	addi	x18,x22,-330	 x22:0xff9808d0 x18=0xff980786
       37605000	      3661	800054d6	81a9	c.srli	x11,0xa	 x11:0xf52ff804 x11=0x003d4bfe
       37615000	      3662	800054d8	85f1	c.srai	x11,0x1c	 x11:0x003d4bfe x11=0x00000000
       37625000	      3663	800054da	40545993	srai	x19,x8,0x5	  x8:0x00000000 x19=0x00000000
       37635000	      3664	800054de	9db2	c.add	x27,x12	 x27:0x00000000 x12:0xb5049e54 x27=0xb5049e54
       37645000	      3665	800054e0	41d7d993	srai	x19,x15,0x1d	 x15:0x80025ce4 x19=0xfffffffc
       37655000	      3666	800054e4	b65f3193	sltiu	x3,x30,-1179	 x30:0x00018000  x3=0x00000001
       37665000	      3667	800054e8	8c11	c.sub	x8,x12	  x8:0x00000000 x12:0xb5049e54  x8=0x4afb61ac
       37675000	      3668	800054ea	004dd293	srli	x5,x27,0x4	 x27:0xb5049e54  x5=0x0b5049e5
       37685000	      3669	800054ee	8f4d	c.or	x14,x11	 x14:0x00000008 x11:0x00000000 x14=0x00000008
       37725000	      3673	800054f0	03c93633	mulhu	x12,x18,x28	 x18:0xff980786 x28:0x80021e54 x12=0x7fce213a
       37735000	      3674	800054f4	017bffb3	and	x31,x23,x23	 x23:0xb5049804 x23:0xb5049804 x31=0xb5049804
       38105000	      3711	800054f8	038f6bb3	rem	x23,x30,x24	 x30:0x00018000 x24:0xf1617360 x23=0x00018000
       38115000	      3712	800054fc	03a0f463	bgeu	x1,x26,80005524	  x1:0xc52b7000 x26:0x00000000
       38135000	      3714	80005524	04a9	c.addi	x9,10	  x9:0x0000004c  x9=0x00000056
       38175000	      3718	80005526	0383a233	mulhsu	x4,x7,x24	  x7:0x80000000 x24:0xf1617360  x4=0x874f4650
       38185000	      3719	8000552a	877d	c.srai	x14,0x1f	 x14:0x00000008 x14=0x00000000
       38195000	      3720	8000552c	406f5193	srai	x3,x30,0x6	 x30:0x00018000  x3=0x00000600
       38205000	      3721	80005530	0000100f	fence.i	
       38225000	      3723	80005534	00b631b3	sltu	x3,x12,x11	 x12:0x7fce213a x11:0x00000000  x3=0x00000000
       38235000	      3724	80005538	8cf5	c.and	x9,x13	  x9:0x00000056 x13:0x00000000  x9=0x00000000
       38245000	      3725	8000553a	007ef463	bgeu	x29,x7,80005542	 x29:0x00000001  x7:0x80000000
       38255000	      3726	8000553e	00b2a833	slt	x16,x5,x11	  x5:0x0b5049e5 x11:0x00000000 x16=0x00000000
       38265000	      3727	80005542	0001	c.addi	x0,0	  x0:0x00000000  x0=0x00000000
       38275000	      3728	80005544	00f11c63	bne	x2,x15,8000555c	  x2:0x00000370 x15:0x80025ce4
       38295000	      3730	8000555c	0001	c.addi	x0,0	  x0:0x00000000  x0=0x00000000
       38305000	      3731	8000555e	65348c93	addi	x25,x9,1619	  x9:0x00000000 x25=0x00000653
       38315000	      3732	80005562	8ced	c.and	x9,x11	  x9:0x00000000 x11:0x00000000  x9=0x00000000
       38325000	      3733	80005564	b58f3d93	sltiu	x27,x30,-1192	 x30:0x00018000 x27=0x00000001
       38695000	      3770	80005568	0287d133	divu	x2,x15,x8	 x15:0x80025ce4  x8:0x4afb61ac  x2=0x00000001
       38705000	      3771	8000556c	6511	c.lui	x10,0x4	 x10=0x00004000
       38715000	      3772	8000556e	0001	c.addi	x0,0	  x0:0x00000000  x0=0x00000000
       38725000	      3773	80005570	41ecdc13	srai	x24,x25,0x1e	 x25:0x00000653 x24=0x00000000
       38735000	      3774	80005574	c585	c.beqz	x11,8000559c	 x11:0x00000000
       38755000	      3776	8000559c	00e01cb3	sll	x25,x0,x14	  x0:0x00000000 x14:0x00000000 x25=0x00000000
       38765000	      3777	800055a0	0181bcb3	sltu	x25,x3,x24	  x3:0x00000000 x24:0x00000000 x25=0x00000000
       38775000	      3778	800055a4	0045d193	srli	x3,x11,0x4	 x11:0x00000000  x3=0x00000000
       38785000	      3779	800055a8	717d	c.addi16sp	x2,-16	  x2:0x00000001  x2=0xfffffff1
       38795000	      3780	800055aa	04205063	bge	x0,x2,800055ea	  x0:0x00000000  x2:0xfffffff1
       38845000	      3785	800055ea	03c486b3	mul	x13,x9,x28	  x9:0x00000000 x28:0x80021e54 x13=0x00000000
       38855000	      3786	800055ee	8c31	c.xor	x8,x12	  x8:0x4afb61ac x12:0x7fce213a  x8=0x35354096
       38865000	      3787	800055f0	0000100f	fence.i	
       38885000	      3789	800055f4	6f89	c.lui	x31,0x2	 x31=0x00002000
       38915000	      3792	800055f6	020c0533	mul	x10,x24,x0	 x24:0x00000000  x0:0x00000000 x10=0x00000000
       38925000	      3793	800055fa	818d	c.srli	x11,0x3	 x11:0x00000000 x11=0x00000000
       38935000	      3794	800055fc	03d01a63	bne	x0,x29,80005630	  x0:0x00000000 x29:0x00000001
       38985000	      3799	80005630	03dc91b3	mulh	x3,x25,x29	 x25:0x00000000 x29:0x00000001  x3=0x00000000
       38995000	      3800	80005634	00a9de63	bge	x19,x10,80005650	 x19:0xfffffffc x10:0x00000000
       39005000	      3801	80005638	0a14	c.addi4spn	x13,x2,272	 x13=0x00000101
       39015000	      3802	8000563a	c64225b7	lui	x11,0xc6422	 x11=0xc6422000
       39025000	      3803	8000563e	a5b0a493	slti	x9,x1,-1445	  x1:0xc52b7000  x9=0x00000001
       39035000	      3804	80005642	84e1	c.srai	x9,0x18	  x9:0x00000001  x9=0x00000000
       39045000	      3805	80005644	c885	c.beqz	x9,80005674	  x9:0x00000000
       39065000	      3807	80005674	8cc5	c.or	x9,x9	  x9:0x00000000  x9:0x00000000  x9=0x00000000
       39075000	      3808	80005676	8db1	c.xor	x11,x12	 x11:0xc6422000 x12:0x7fce213a x11=0xb98c013a
       39085000	      3809	80005678	515ba893	slti	x17,x23,1301	 x23:0x00018000 x17=0x00000000
       39095000	      3810	8000567c	717d	c.addi16sp	x2,-16	  x2:0xfffffff1  x2=0xffffffe1
       39105000	      3811	8000567e	b5beab93	slti	x23,x29,-1189	 x29:0x00000001 x23=0x00000000
       39145000	      3815	80005682	03b59033	mulh	x0,x11,x27	 x11:0xb98c013a x27:0x00000001  x0=0x00000000
       39185000	      3819	80005686	02d636b3	mulhu	x13,x12,x13	 x12:0x7fce213a x13:0x00000101 x13=0x00000080
       39195000	      3820	8000568a	ccef0417	auipc	x8,0xccef0	  x8=0x4cef568a
       39205000	      3821	8000568e	03c54b63	blt	x10,x28,800056c4	 x10:0x00000000 x28:0x80021e54
       39215000	      3822	80005692	0001	c.addi	x0,0	  x0:0x00000000  x0=0x00000000
       39225000	      3823	80005694	86e3ec13	ori	x24,x7,-1938	  x7:0x80000000 x24=0xfffff86e
       39235000	      3824	80005698	9aea	c.add	x21,x26	 x21:0xb5049e54 x26:0x00000000 x21=0xb5049e54
       39605000	      3861	8000569a	026fe1b3	rem	x3,x31,x6	 x31:0x00002000  x6:0xffffffb2  x3=0x00000002
       39615000	      3862	8000569e	0001	c.addi	x0,0	  x0:0x00000000  x0=0x00000000
       39625000	      3863	800056a0	0089b9b3	sltu	x19,x19,x8	 x19:0xfffffffc  x8:0x4cef568a x19=0x00000000
       39995000	      3900	800056a4	026ce233	rem	x4,x25,x6	 x25:0x00000000  x6:0xffffffb2  x4=0x00000000
       40005000	      3901	800056a8	d0ebb813	sltiu	x16,x23,-754	 x23:0x00000000 x16=0x00000001
       40015000	      3902	800056ac	cd1f7413	andi	x8,x30,-815	 x30:0x00018000  x8=0x00018000
       40025000	      3903	800056b0	146f3413	sltiu	x8,x30,326	 x30:0x00018000  x8=0x00000000
       40035000	      3904	800056b4	01fe6bb3	or	x23,x28,x31	 x28:0x80021e54 x31:0x00002000 x23=0x80023e54
       40045000	      3905	800056b8	01f0e833	or	x16,x1,x31	  x1:0xc52b7000 x31:0x00002000 x16=0xc52b7000
       40055000	      3906	800056bc	40288fb3	sub	x31,x17,x2	 x17:0x00000000  x2:0xffffffe1 x31=0x0000001f
       40065000	      3907	800056c0	8e55	c.or	x12,x13	 x12:0x7fce213a x13:0x00000080 x12=0x7fce21ba
       40075000	      3908	800056c2	0ffe	c.slli	x31,0x1f	 x31:0x0000001f x31=0x80000000
       40085000	      3909	800056c4	0faa3d13	sltiu	x26,x20,250	 x20:0x3ca98000 x26=0x00000000
       40455000	      3946	800056c8	03b6d0b3	divu	x1,x13,x27	 x13:0x00000080 x27:0x00000001  x1=0x00000080
       40465000	      3947	800056cc	840d	c.srai	x8,0x3	  x8:0x00000000  x8=0x00000000
       40475000	      3948	800056ce	01c04833	xor	x16,x0,x28	  x0:0x00000000 x28:0x80021e54 x16=0x80021e54
       40485000	      3949	800056d2	06c72013	slti	x0,x14,108	 x14:0x00000000  x0=0x00000000
       40495000	      3950	800056d6	05628063	beq	x5,x22,80005716	  x5:0x0b5049e5 x22:0xff9808d0
       40505000	      3951	800056da	00cb5f93	srli	x31,x22,0xc	 x22:0xff9808d0 x31=0x000ff980
       40875000	      3988	800056de	027eeeb3	rem	x29,x29,x7	 x29:0x00000001  x7:0x80000000 x29=0x00000001
       40885000	      3989	800056e2	8f49	c.or	x14,x10	 x14:0x00000000 x10:0x00000000 x14=0x00000000
       40895000	      3990	800056e4	01ef1213	slli	x4,x30,0x1e	 x30:0x00018000  x4=0x00000000
       40905000	      3991	800056e8	079db913	sltiu	x18,x27,121	 x27:0x00000001 x18=0x00000001
       40915000	      3992	800056ec	01cb4733	xor	x14,x22,x28	 x22:0xff9808d0 x28:0x80021e54 x14=0x7f9a1684
       40925000	      3993	800056f0	02936f63	bltu	x6,x9,8000572e	  x6:0xffffffb2  x9:0x00000000
       40935000	      3994	800056f4	54fd	c.li	x9,-1	  x9=0xffffffff
       40975000	      3998	800056f6	02bbb833	mulhu	x16,x23,x11	 x23:0x80023e54 x11:0xb98c013a x16=0x5cc7a0e1
       40985000	      3999	800056fa	40f28cb3	sub	x25,x5,x15	  x5:0x0b5049e5 x15:0x80025ce4 x25=0x8b4ded01
       40995000	      4000	800056fe	0001	c.addi	x0,0	  x0:0x00000000  x0=0x00000000
       41005000	      4001	80005700	008d1733	sll	x14,x26,x8	 x26:0x00000000  x8:0x00000000 x14=0x00000000
       41015000	      4002	80005704	006224b3	slt	x9,x4,x6	  x4:0x00000000  x6:0xffffffb2  x9=0x00000000
       41025000	      4003	80005708	00602933	slt	x18,x0,x6	  x0:0x00000000  x6:0xffffffb2 x18=0x00000000
       41035000	      4004	8000570c	03cc4463	blt	x24,x28,80005734	 x24:0xfffff86e x28:0x80021e54
       41045000	      4005	80005710	717d	c.addi16sp	x2,-16	  x2:0xffffffe1  x2=0xffffffd1
       41055000	      4006	80005712	0ff0000f	fence	iorw,iorw	
       41065000	      4007	80005716	fbdcb713	sltiu	x14,x25,-67	 x25:0x8b4ded01 x14=0x00000001
       41075000	      4008	8000571a	41a309b3	sub	x19,x6,x26	  x6:0xffffffb2 x26:0x00000000 x19=0xffffffb2
       41085000	      4009	8000571e	ba32e313	ori	x6,x5,-1117	  x5:0x0b5049e5  x6=0xfffffbe7
       41095000	      4010	80005722	8d19	c.sub	x10,x14	 x10:0x00000000 x14:0x00000001 x10=0xffffffff
       41105000	      4011	80005724	0a14	c.addi4spn	x13,x2,272	 x13=0x000000e1
       41115000	      4012	80005726	12a84313	xori	x6,x16,298	 x16:0x5cc7a0e1  x6=0x5cc7a1cb
       41155000	      4016	8000572a	02efb133	mulhu	x2,x31,x14	 x31:0x000ff980 x14:0x00000001  x2=0x00000000
       41165000	      4017	8000572e	0001	c.addi	x0,0	  x0:0x00000000  x0=0x00000000
       41185000	      4019	80005730	0246f8b3	remu	x17,x13,x4	 x13:0x000000e1  x4:0x00000000 x17=0x000000e1
       41195000	      4020	80005734	610d	c.addi16sp	x2,160	  x2:0x00000000  x2=0x000000a0
       41205000	      4021	80005736	0dda	c.slli	x27,0x16	 x27:0x00000001 x27=0x00400000
       41215000	      4022	80005738	b5f0cb13	xori	x22,x1,-1185	  x1:0x00000080 x22=0xfffffbdf
       41255000	      4026	8000573c	023daa33	mulhsu	x20,x27,x3	 x27:0x00400000  x3:0x00000002 x20=0x00000000
       41265000	      4027	80005740	0001	c.addi	x0,0	  x0:0x00000000  x0=0x00000000
       41305000	      4031	80005742	03d79db3	mulh	x27,x15,x29	 x15:0x80025ce4 x29:0x00000001 x27=0xffffffff
       41315000	      4032	80005746	8099	c.srli	x9,0x6	  x9:0x00000000  x9=0x00000000
       41325000	      4033	80005748	62b64997	auipc	x19,0x62b64	 x19=0xe2b69748
       41335000	      4034	8000574c	01b98637	lui	x12,0x1b98	 x12=0x01b98000
       41345000	      4035	80005750	f9242893	slti	x17,x8,-110	  x8:0x00000000 x17=0x00000000
       41355000	      4036	80005754	0001	c.addi	x0,0	  x0:0x00000000  x0=0x00000000
       41365000	      4037	80005756	00f360b3	or	x1,x6,x15	  x6:0x5cc7a1cb x15:0x80025ce4  x1=0xdcc7fdef
       41375000	      4038	8000575a	01f81693	slli	x13,x16,0x1f	 x16:0x5cc7a0e1 x13=0x80000000
       41385000	      4039	8000575e	871d	c.srai	x14,0x7	 x14:0x00000001 x14=0x00000000
       41395000	      4040	80005760	0039b8b3	sltu	x17,x19,x3	 x19:0xe2b69748  x3:0x00000002 x17=0x00000000
       41405000	      4041	80005764	e205	c.bnez	x12,80005784	 x12:0x01b98000
       41425000	      4043	80005784	025f7b63	bgeu	x30,x5,800057ba	 x30:0x00018000  x5:0x0b5049e5
       41435000	      4044	80005788	e40e3513	sltiu	x10,x28,-448	 x28:0x80021e54 x10=0x00000001
       41445000	      4045	8000578c	418202b3	sub	x5,x4,x24	  x4:0x00000000 x24:0xfffff86e  x5=0x00000792
       41485000	      4049	80005790	03812433	mulhsu	x8,x2,x24	  x2:0x000000a0 x24:0xfffff86e  x8=0x0000009f
       41495000	      4050	80005794	f3c28293	addi	x5,x5,-196	  x5:0x00000792  x5=0x000006ce
       41505000	      4051	80005798	00499cb3	sll	x25,x19,x4	 x19:0xe2b69748  x4:0x00000000 x25=0xe2b69748
       41515000	      4052	8000579c	03dc5663	bge	x24,x29,800057c8	 x24:0xfffff86e x29:0x00000001
       41525000	      4053	800057a0	01e060b3	or	x1,x0,x30	  x0:0x00000000 x30:0x00018000  x1=0x00018000
       41535000	      4054	800057a4	00b01d93	slli	x27,x0,0xb	  x0:0x00000000 x27=0x00000000
       41545000	      4055	800057a8	0000100f	fence.i	
       41925000	      4093	800057ac	02f1c733	div	x14,x3,x15	  x3:0x00000002 x15:0x80025ce4 x14=0x00000000
       41935000	      4094	800057b0	407fd893	srai	x17,x31,0x7	 x31:0x000ff980 x17=0x00001ff3
       41945000	      4095	800057b4	8c3d	c.xor	x8,x15	  x8:0x0000009f x15:0x80025ce4  x8=0x80025c7b
       41955000	      4096	800057b6	d5b94593	xori	x11,x18,-677	 x18:0x00000000 x11=0xfffffd5b
       41965000	      4097	800057ba	0001	c.addi	x0,0	  x0:0x00000000  x0=0x00000000
       41975000	      4098	800057bc	41135093	srai	x1,x6,0x11	  x6:0x5cc7a1cb  x1=0x00002e63
       41985000	      4099	800057c0	0189	c.addi	x3,2	  x3:0x00000002  x3=0x00000004
       41995000	      4100	800057c2	81e9	c.srli	x11,0x1a	 x11:0xfffffd5b x11=0x0000003f
       42005000	      4101	800057c4	00c7a433	slt	x8,x15,x12	 x15:0x80025ce4 x12:0x01b98000  x8=0x00000001
       42015000	      4102	800057c8	4379	c.li	x6,30	  x6=0x0000001e
       42025000	      4103	800057ca	0001	c.addi	x0,0	  x0:0x00000000  x0=0x00000000
       42035000	      4104	800057cc	e021	c.bnez	x8,8000580c	  x8:0x00000001
       42055000	      4106	8000580c	00c2df93	srli	x31,x5,0xc	  x5:0x000006ce x31=0x00000000
       42095000	      4110	80005810	023da6b3	mulhsu	x13,x27,x3	 x27:0x00000000  x3:0x00000004 x13=0x00000000
       42105000	      4111	80005814	98f2	c.add	x17,x28	 x17:0x00001ff3 x28:0x80021e54 x17=0x80023e47
       42115000	      4112	80005816	002f0c63	beq	x30,x2,8000582e	 x30:0x00018000  x2:0x000000a0
       42125000	      4113	8000581a	9116	c.add	x2,x5	  x2:0x000000a0  x5:0x000006ce  x2=0x0000076e
       42135000	      4114	8000581c	0032d893	srli	x17,x5,0x3	  x5:0x000006ce x17=0x000000d9
       42145000	      4115	80005820	a0094813	xori	x16,x18,-1536	 x18:0x00000000 x16=0xfffffa00
       42155000	      4116	80005824	0001	c.addi	x0,0	  x0:0x00000000  x0=0x00000000
       42165000	      4117	80005826	c29c2293	slti	x5,x24,-983	 x24:0xfffff86e  x5=0x00000001
       42175000	      4118	8000582a	01f41f33	sll	x30,x8,x31	  x8:0x00000001 x31:0x00000000 x30=0x00000001
       42185000	      4119	8000582e	416ad893	srai	x17,x21,0x16	 x21:0xb5049e54 x17=0xfffffed4
       42195000	      4120	80005832	1814	c.addi4spn	x13,x2,48	 x13=0x0000079e
       42205000	      4121	80005834	0060c933	xor	x18,x1,x6	  x1:0x00002e63  x6:0x0000001e x18=0x00002e7d
       42215000	      4122	80005838	620a4d93	xori	x27,x20,1568	 x20:0x00000000 x27=0x00000620
       42225000	      4123	8000583c	033f5563	bge	x30,x19,80005866	 x30:0x00000001 x19:0xe2b69748
       42255000	      4126	80005866	a9657413	andi	x8,x10,-1386	 x10:0x00000001  x8=0x00000000
       42265000	      4127	8000586a	ee30b093	sltiu	x1,x1,-285	  x1:0x00002e63  x1=0x00000001
       42275000	      4128	8000586e	01e4c363	blt	x9,x30,80005874	  x9:0x00000000 x30:0x00000001
       42295000	      4130	80005874	c60ba117	auipc	x2,0xc60ba	  x2=0x460bf874
       42305000	      4131	80005878	01715813	srli	x16,x2,0x17	  x2:0x460bf874 x16=0x0000008c
       42315000	      4132	8000587c	01559933	sll	x18,x11,x21	 x11:0x0000003f x21:0xb5049e54 x18=0x03f00000
       42325000	      4133	80005880	00965263	bge	x12,x9,80005884	 x12:0x01b98000  x9:0x00000000
       42345000	      4135	80005884	01f8e213	ori	x4,x17,31	 x17:0xfffffed4  x4=0xfffffedf
       42355000	      4136	80005888	5dfd	c.li	x27,-1	 x27=0xffffffff
       42365000	      4137	8000588a	0b9abb13	sltiu	x22,x21,185	 x21:0xb5049e54 x22=0x00000000
       42375000	      4138	8000588e	9f3e	c.add	x30,x15	 x30:0x00000001 x15:0x80025ce4 x30=0x80025ce5
       42385000	      4139	80005890	0070e533	or	x10,x1,x7	  x1:0x00000001  x7:0x80000000 x10=0x80000001
       42395000	      4140	80005894	0b6a	c.slli	x22,0x1a	 x22:0x00000000 x22=0x00000000
       42405000	      4141	80005896	0ff0000f	fence	iorw,iorw	
       42415000	      4142	8000589a	0001	c.addi	x0,0	  x0:0x00000000  x0=0x00000000
       42425000	      4143	8000589c	41238bb3	sub	x23,x7,x18	  x7:0x80000000 x18:0x03f00000 x23=0x7c100000
       42465000	      4147	800058a0	02c8a833	mulhsu	x16,x17,x12	 x17:0xfffffed4 x12:0x01b98000 x16=0xfffffffd
       42475000	      4148	800058a4	8cc1	c.or	x9,x8	  x9:0x00000000  x8:0x00000000  x9=0x00000000
       42485000	      4149	800058a6	147d	c.addi	x8,-1	  x8:0x00000000  x8=0xffffffff
       42495000	      4150	800058a8	e995ef93	ori	x31,x11,-359	 x11:0x0000003f x31=0xfffffebf
       42505000	      4151	800058ac	41d151b3	sra	x3,x2,x29	  x2:0x460bf874 x29:0x00000001  x3=0x2305fc3a
       42515000	      4152	800058b0	525ee913	ori	x18,x29,1317	 x29:0x00000001 x18=0x00000525
       42525000	      4153	800058b4	002354b3	srl	x9,x6,x2	  x6:0x0000001e  x2:0x460bf874  x9=0x00000000
       42535000	      4154	800058b8	41a55c33	sra	x24,x10,x26	 x10:0x80000001 x26:0x00000000 x24=0x80000001
       42545000	      4155	800058bc	419b59b3	sra	x19,x22,x25	 x22:0x00000000 x25:0xe2b69748 x19=0x00000000
       42555000	      4156	800058c0	9d4a	c.add	x26,x18	 x26:0x00000000 x18:0x00000525 x26=0x00000525
       42565000	      4157	800058c2	010adf63	bge	x21,x16,800058e0	 x21:0xb5049e54 x16:0xfffffffd
       42575000	      4158	800058c6	000ac333	xor	x6,x21,x0	 x21:0xb5049e54  x0:0x00000000  x6=0xb5049e54
       42585000	      4159	800058ca	010e1a33	sll	x20,x28,x16	 x28:0x80021e54 x16:0xfffffffd x20=0x80000000
       42595000	      4160	800058ce	d1bfea13	ori	x20,x31,-741	 x31:0xfffffebf x20=0xffffffbf
       42605000	      4161	800058d2	6155	c.addi16sp	x2,304	  x2:0x460bf874  x2=0x460bf9a4
       42615000	      4162	800058d4	02a1fc63	bgeu	x3,x10,8000590c	  x3:0x2305fc3a x10:0x80000001
       42625000	      4163	800058d8	9afd	c.andi	x13,-1	 x13:0x0000079e x13=0x0000079e
       42635000	      4164	800058da	0b6a	c.slli	x22,0x1a	 x22:0x00000000 x22=0x00000000
       42645000	      4165	800058dc	0001	c.addi	x0,0	  x0:0x00000000  x0=0x00000000
       42655000	      4166	800058de	8625	c.srai	x12,0x9	 x12:0x01b98000 x12=0x0000dcc0
       42665000	      4167	800058e0	003ddd93	srli	x27,x27,0x3	 x27:0xffffffff x27=0x1fffffff
       42675000	      4168	800058e4	8946	c.mv	x18,x17	  x0:0x00000000 x17:0xfffffed4 x18=0xfffffed4
       42685000	      4169	800058e6	00b2f0b3	and	x1,x5,x11	  x5:0x00000001 x11:0x0000003f  x1=0x00000001
       42695000	      4170	800058ea	9cfc8193	addi	x3,x25,-1585	 x25:0xe2b69748  x3=0xe2b69117
       42705000	      4171	800058ee	8f2d	c.xor	x14,x11	 x14:0x00000000 x11:0x0000003f x14=0x0000003f
       43075000	      4208	800058f0	025a4633	div	x12,x20,x5	 x20:0xffffffbf  x5:0x00000001 x12=0xffffffbf
       43085000	      4209	800058f4	0ff0000f	fence	iorw,iorw	
       43095000	      4210	800058f8	00367c33	and	x24,x12,x3	 x12:0xffffffbf  x3:0xe2b69117 x24=0xe2b69117
       43105000	      4211	800058fc	019c0563	beq	x24,x25,80005906	 x24:0xe2b69117 x25:0xe2b69748
       43115000	      4212	80005900	009545b3	xor	x11,x10,x9	 x10:0x80000001  x9:0x00000000 x11=0x80000001
       43125000	      4213	80005904	64e1	c.lui	x9,0x18	  x9=0x00018000
       43135000	      4214	80005906	02f28863	beq	x5,x15,80005936	  x5:0x00000001 x15:0x80025ce4
       43145000	      4215	8000590a	c519	c.beqz	x10,80005918	 x10:0x80000001
       43155000	      4216	8000590c	41220fb3	sub	x31,x4,x18	  x4:0xfffffedf x18:0xfffffed4 x31=0x0000000b
       43165000	      4217	80005910	410f0893	addi	x17,x30,1040	 x30:0x80025ce5 x17=0x800260f5
       43175000	      4218	80005914	0089d5b3	srl	x11,x19,x8	 x19:0x00000000  x8:0xffffffff x11=0x00000000
       43215000	      4222	80005918	03b23db3	mulhu	x27,x4,x27	  x4:0xfffffedf x27:0x1fffffff x27=0x1fffffda
       43225000	      4223	8000591c	0001	c.addi	x0,0	  x0:0x00000000  x0=0x00000000
       43265000	      4227	8000591e	03949733	mulh	x14,x9,x25	  x9:0x00018000 x25:0xe2b69748 x14=0xffffd411
       43275000	      4228	80005922	8cf5	c.and	x9,x13	  x9:0x00018000 x13:0x0000079e  x9=0x00000000
       43285000	      4229	80005924	ed99	c.bnez	x11,80005942	 x11:0x00000000
       43295000	      4230	80005926	e691	c.bnez	x13,80005932	 x13:0x0000079e
       43325000	      4233	80005932	014a9c93	slli	x25,x21,0x14	 x21:0xb5049e54 x25=0xe5400000
       43335000	      4234	80005936	0355e463	bltu	x11,x21,8000595e	 x11:0x00000000 x21:0xb5049e54
       43365000	      4237	8000595e	6771fb13	andi	x22,x3,1655	  x3:0xe2b69117 x22=0x00000017
       43375000	      4238	80005962	e195	c.bnez	x11,80005986	 x11:0x00000000
       43385000	      4239	80005964	014f5e63	bge	x30,x20,80005980	 x30:0x80025ce5 x20:0xffffffbf
       43395000	      4240	80005968	04d9f063	bgeu	x19,x13,800059a8	 x19:0x00000000 x13:0x0000079e
       43405000	      4241	8000596c	f86cc713	xori	x14,x25,-122	 x25:0xe5400000 x14=0x1abfff86
       43415000	      4242	80005970	00a89913	slli	x18,x17,0xa	 x17:0x800260f5 x18=0x0983d400
       43425000	      4243	80005974	40b1d313	srai	x6,x3,0xb	  x3:0xe2b69117  x6=0xfffc56d2
       43435000	      4244	80005978	4065dc13	srai	x24,x11,0x6	 x11:0x00000000 x24=0x00000000
       43465000	      4247	8000597c	02dd82b3	mul	x5,x27,x13	 x27:0x1fffffda x13:0x0000079e  x5=0xbffede8c
       43475000	      4248	80005980	997d	c.andi	x10,-1	 x10:0x80000001 x10=0x80000001
       43845000	      4285	80005982	02ef54b3	divu	x9,x30,x14	 x30:0x80025ce5 x14:0x1abfff86  x9=0x00000004
       43855000	      4286	80005986	0000100f	fence.i	
       43875000	      4288	8000598a	8c49	c.or	x8,x10	  x8:0xffffffff x10:0x80000001  x8=0xffffffff
       43885000	      4289	8000598c	0ff0000f	fence	iorw,iorw	
       43895000	      4290	80005990	8229	c.srli	x12,0xa	 x12:0xffffffbf x12=0x003fffff
       43905000	      4291	80005992	00bcefb3	or	x31,x25,x11	 x25:0xe5400000 x11:0x00000000 x31=0xe5400000
       43915000	      4292	80005996	401a88b3	sub	x17,x21,x1	 x21:0xb5049e54  x1:0x00000001 x17=0xb5049e53
       43925000	      4293	8000599a	82e64f97	auipc	x31,0x82e64	 x31=0x02e6999a
       43935000	      4294	8000599e	917a	c.add	x2,x30	  x2:0x460bf9a4 x30:0x80025ce5  x2=0xc60e5689
       43945000	      4295	800059a0	01535863	bge	x6,x21,800059b0	  x6:0xfffc56d2 x21:0xb5049e54
       43965000	      4297	800059b0	40815813	srai	x16,x2,0x8	  x2:0xc60e5689 x16=0xffc60e56
       43975000	      4298	800059b4	1c84	c.addi4spn	x9,x2,624	  x9=0xc60e58f9
       43985000	      4299	800059b6	001109b3	add	x19,x2,x1	  x2:0xc60e5689  x1:0x00000001 x19=0xc60e568a
       43995000	      4300	800059ba	0f84	c.addi4spn	x9,x2,976	  x9=0xc60e5a59
       44005000	      4301	800059bc	8da5	c.xor	x11,x9	 x11:0x00000000  x9:0xc60e5a59 x11=0xc60e5a59
       44015000	      4302	800059be	0ff0000f	fence	iorw,iorw	
       44025000	      4303	800059c2	1afd	c.addi	x21,-1	 x21:0xb5049e54 x21=0xb5049e53
       44035000	      4304	800059c4	6909	c.lui	x18,0x2	 x18=0x00002000
       44045000	      4305	800059c6	0000100f	fence.i	
       44075000	      4308	800059ca	011fcbb3	xor	x23,x31,x17	 x31:0x02e6999a x17:0xb5049e53 x23=0xb7e207c9
       44085000	      4309	800059ce	01f95733	srl	x14,x18,x31	 x18:0x00002000 x31:0x02e6999a x14=0x00000000
       44095000	      4310	800059d2	8072bd13	sltiu	x26,x5,-2041	  x5:0xbffede8c x26=0x00000001
       44465000	      4347	800059d6	03b27833	remu	x16,x4,x27	  x4:0xfffffedf x27:0x1fffffda x16=0x0000000f
       44835000	      4384	800059da	029452b3	divu	x5,x8,x9	  x8:0xffffffff  x9:0xc60e5a59  x5=0x00000001
       44845000	      4385	800059de	64f45717	auipc	x14,0x64f45	 x14=0xe4f4a9de
       44855000	      4386	800059e2	002f1d33	sll	x26,x30,x2	 x30:0x80025ce5  x2:0xc60e5689 x26=0x04b9ca00
       44865000	      4387	800059e6	01d6e0b3	or	x1,x13,x29	 x13:0x0000079e x29:0x00000001  x1=0x0000079f
       44875000	      4388	800059ea	01f84133	xor	x2,x16,x31	 x16:0x0000000f x31:0x02e6999a  x2=0x02e69995
       44885000	      4389	800059ee	0055dd93	srli	x27,x11,0x5	 x11:0xc60e5a59 x27=0x063072d2
       44895000	      4390	800059f2	717d	c.addi16sp	x2,-16	  x2:0x02e69995  x2=0x02e69985
       44935000	      4394	800059f4	0336a6b3	mulhsu	x13,x13,x19	 x13:0x0000079e x19:0xc60e568a x13=0x000005e4
       44945000	      4395	800059f8	4162da13	srai	x20,x5,0x16	  x5:0x00000001 x20=0x00000000
       44955000	      4396	800059fc	8f59	c.or	x14,x14	 x14:0xe4f4a9de x14:0xe4f4a9de x14=0xe4f4a9de
       44965000	      4397	800059fe	02b55463	bge	x10,x11,80005a26	 x10:0x80000001 x11:0xc60e5a59
       44975000	      4398	80005a02	0001	c.addi	x0,0	  x0:0x00000000  x0=0x00000000
       44985000	      4399	80005a04	ee402337	lui	x6,0xee402	  x6=0xee402000
       44995000	      4400	80005a08	c60d	c.beqz	x12,80005a32	 x12:0x003fffff
       45005000	      4401	80005a0a	00fda433	slt	x8,x27,x15	 x27:0x063072d2 x15:0x80025ce4  x8=0x00000000
       45015000	      4402	80005a0e	024e0c63	beq	x28,x4,80005a46	 x28:0x80021e54  x4:0xfffffedf
       45025000	      4403	80005a12	0d84	c.addi4spn	x9,x2,720	  x9=0x02e69c55
       45035000	      4404	80005a14	008fd6b3	srl	x13,x31,x8	 x31:0x02e6999a  x8:0x00000000 x13=0x02e6999a
       45045000	      4405	80005a18	029c0893	addi	x17,x24,41	 x24:0x00000000 x17=0x00000029
       45085000	      4409	80005a1c	031031b3	mulhu	x3,x0,x17	  x0:0x00000000 x17:0x00000029  x3=0x00000000
       45095000	      4410	80005a20	e119	c.bnez	x10,80005a26	 x10:0x80000001
       45125000	      4413	80005a26	012d4263	blt	x26,x18,80005a2a	 x26:0x04b9ca00 x18:0x00002000
       45135000	      4414	80005a2a	8c35	c.xor	x8,x13	  x8:0x00000000 x13:0x02e6999a  x8=0x02e6999a
       45145000	      4415	80005a2c	8e1d	c.sub	x12,x15	 x12:0x003fffff x15:0x80025ce4 x12=0x803da31b
       45155000	      4416	80005a2e	f1d1a513	slti	x10,x3,-227	  x3:0x00000000 x10=0x00000000
       45165000	      4417	80005a32	94de	c.add	x9,x23	  x9:0x02e69c55 x23:0xb7e207c9  x9=0xbac8a41e
       45175000	      4418	80005a34	40645c13	srai	x24,x8,0x6	  x8:0x02e6999a x24=0x000b9a66
       45185000	      4419	80005a38	6f05	c.lui	x30,0x1	 x30=0x00001000
       45215000	      4422	80005a3a	035c8db3	mul	x27,x25,x21	 x25:0xe5400000 x21:0xb5049e53 x27=0xd3c00000
       45225000	      4423	80005a3e	00c9f4b3	and	x9,x19,x12	 x19:0xc60e568a x12:0x803da31b  x9=0x800c020a
       45235000	      4424	80005a42	1317ac13	slti	x24,x15,305	 x15:0x80025ce4 x24=0x00000001
       45245000	      4425	80005a46	03beed63	bltu	x29,x27,80005a80	 x29:0x00000001 x27:0xd3c00000
       45265000	      4427	80005a80	01c9b533	sltu	x10,x19,x28	 x19:0xc60e568a x28:0x80021e54 x10=0x00000000
       45275000	      4428	80005a84	81f5	c.srli	x11,0x1d	 x11:0xc60e5a59 x11=0x00000006
       45285000	      4429	80005a86	002c1db3	sll	x27,x24,x2	 x24:0x00000001  x2:0x02e69985 x27=0x00000020
       45295000	      4430	80005a8a	c299	c.beqz	x13,80005a90	 x13:0x02e6999a
       45305000	      4431	80005a8c	fd657613	andi	x12,x10,-42	 x10:0x00000000 x12=0x00000000
       45335000	      4434	80005a90	02858233	mul	x4,x11,x8	 x11:0x00000006  x8:0x02e6999a  x4=0x1167999c
       45345000	      4435	80005a94	00ae4d33	xor	x26,x28,x10	 x28:0x80021e54 x10:0x00000000 x26=0x80021e54
       45375000	      4438	80005a98	02c00b33	mul	x22,x0,x12	  x0:0x00000000 x12:0x00000000 x22=0x00000000
       45385000	      4439	80005a9c	01f6e033	or	x0,x13,x31	 x13:0x02e6999a x31:0x02e6999a  x0=0x00000000
       45395000	      4440	80005aa0	9b7d	c.andi	x14,-1	 x14:0xe4f4a9de x14=0xe4f4a9de
       45405000	      4441	80005aa2	0ff0000f	fence	iorw,iorw	
       45415000	      4442	80005aa6	8e6d	c.and	x12,x11	 x12:0x00000000 x11:0x00000006 x12=0x00000000
       45425000	      4443	80005aa8	f4212a13	slti	x20,x2,-190	  x2:0x02e69985 x20=0x00000000
       45435000	      4444	80005aac	002a9833	sll	x16,x21,x2	 x21:0xb5049e53  x2:0x02e69985 x16=0xa093ca60
       45445000	      4445	80005ab0	5b7d	c.li	x22,-1	 x22=0xffffffff
       45455000	      4446	80005ab2	f44d4213	xori	x4,x26,-188	 x26:0x80021e54  x4=0x7ffde110
       45465000	      4447	80005ab6	405cd133	sra	x2,x25,x5	 x25:0xe5400000  x5:0x00000001  x2=0xf2a00000
       45475000	      4448	80005aba	010169b3	or	x19,x2,x16	  x2:0xf2a00000 x16:0xa093ca60 x19=0xf2b3ca60
       45485000	      4449	80005abe	0117c4b3	xor	x9,x15,x17	 x15:0x80025ce4 x17:0x00000029  x9=0x80025ccd
       45495000	      4450	80005ac2	028c	c.addi4spn	x11,x2,320	 x11=0xf2a00140
       45505000	      4451	80005ac4	8335	c.srli	x14,0xd	 x14:0xe4f4a9de x14=0x000727a5
       45515000	      4452	80005ac6	030e8c97	auipc	x25,0x30e8	 x25=0x830edac6
       45525000	      4453	80005aca	052a6263	bltu	x20,x18,80005b0e	 x20:0x00000000 x18:0x00002000
       45545000	      4455	80005b0e	0d14	c.addi4spn	x13,x2,656	 x13=0xf2a00290
       45555000	      4456	80005b10	9a7d	c.andi	x12,-1	 x12:0x00000000 x12=0x00000000
       45565000	      4457	80005b12	01050033	add	x0,x10,x16	 x10:0x00000000 x16:0xa093ca60  x0=0x00000000
       45575000	      4458	80005b16	49107a97	auipc	x21,0x49107	 x21=0xc910cb16
       45585000	      4459	80005b1a	0000100f	fence.i	
       45605000	      4461	80005b1e	80e9	c.srli	x9,0x1a	  x9:0x80025ccd  x9=0x00000020
       45645000	      4465	80005b20	026431b3	mulhu	x3,x8,x6	  x8:0x02e6999a  x6:0xee402000  x3=0x02b31cd0
       45655000	      4466	80005b24	8e2d	c.xor	x12,x11	 x12:0x00000000 x11:0xf2a00140 x12=0xf2a00140
       45665000	      4467	80005b26	4148d733	sra	x14,x17,x20	 x17:0x00000029 x20:0x00000000 x14=0x00000029
       45675000	      4468	80005b2a	e80d	c.bnez	x8,80005b5c	  x8:0x02e6999a
       45695000	      4470	80005b5c	03e7d363	bge	x15,x30,80005b82	 x15:0x80025ce4 x30:0x00001000
       45705000	      4471	80005b60	04ce	c.slli	x9,0x13	  x9:0x00000020  x9=0x01000000
       45715000	      4472	80005b62	04af6063	bltu	x30,x10,80005ba2	 x30:0x00001000 x10:0x00000000
       45725000	      4473	80005b66	0001	c.addi	x0,0	  x0:0x00000000  x0=0x00000000
       45735000	      4474	80005b68	001a5893	srli	x17,x20,0x1	 x20:0x00000000 x17=0x00000000
       45745000	      4475	80005b6c	0001	c.addi	x0,0	  x0:0x00000000  x0=0x00000000
       45755000	      4476	80005b6e	023e	c.slli	x4,0xf	  x4:0x7ffde110  x4=0xf0880000
       45765000	      4477	80005b70	008a2fb3	slt	x31,x20,x8	 x20:0x00000000  x8:0x02e6999a x31=0x00000001
       45775000	      4478	80005b74	0c00	c.addi4spn	x8,x2,528	  x8=0xf2a00210
       45785000	      4479	80005b76	82e9	c.srli	x13,0x1a	 x13:0xf2a00290 x13=0x0000003c
       45795000	      4480	80005b78	008581b3	add	x3,x11,x8	 x11:0xf2a00140  x8:0xf2a00210  x3=0xe5400350
       45805000	      4481	80005b7c	03a24b63	blt	x4,x26,80005bb2	  x4:0xf0880000 x26:0x80021e54
       45815000	      4482	80005b80	58fd	c.li	x17,-1	 x17=0xffffffff
       45825000	      4483	80005b82	40fed0b3	sra	x1,x29,x15	 x29:0x00000001 x15:0x80025ce4  x1=0x00000000
       46195000	      4520	80005b86	02497b33	remu	x22,x18,x4	 x18:0x00002000  x4:0xf0880000 x22=0x00002000
       46205000	      4521	80005b8a	e99fe913	ori	x18,x31,-359	 x31:0x00000001 x18=0xfffffe99
       46575000	      4558	80005b8e	022cdb33	divu	x22,x25,x2	 x25:0x830edac6  x2:0xf2a00000 x22=0x00000000
       46585000	      4559	80005b92	8951	c.andi	x10,20	 x10:0x00000000 x10=0x00000000
       46595000	      4560	80005b94	010b8933	add	x18,x23,x16	 x23:0xb7e207c9 x16:0xa093ca60 x18=0x5875d229
       46965000	      4597	80005b98	02e164b3	rem	x9,x2,x14	  x2:0xf2a00000 x14:0x00000029  x9=0xfffffff7
       46975000	      4598	80005b9c	01952bb3	slt	x23,x10,x25	 x10:0x00000000 x25:0x830edac6 x23=0x00000000
       46985000	      4599	80005ba0	9b7d	c.andi	x14,-1	 x14:0x00000029 x14=0x00000029
       47025000	      4603	80005ba2	022baeb3	mulhsu	x29,x23,x2	 x23:0x00000000  x2:0xf2a00000 x29=0x00000000
       47035000	      4604	80005ba6	3dee6713	ori	x14,x28,990	 x28:0x80021e54 x14=0x80021fde
       47045000	      4605	80005baa	5dfd	c.li	x27,-1	 x27=0xffffffff
       47055000	      4606	80005bac	003f1413	slli	x8,x30,0x3	 x30:0x00001000  x8=0x00008000
       47065000	      4607	80005bb0	8f01	c.sub	x14,x8	 x14:0x80021fde  x8:0x00008000 x14=0x80019fde
       47435000	      4644	80005bb2	02ffe6b3	rem	x13,x31,x15	 x31:0x00000001 x15:0x80025ce4 x13=0x00000001
       47445000	      4645	80005bb6	01f93333	sltu	x6,x18,x31	 x18:0x5875d229 x31:0x00000001  x6=0x00000000
       47455000	      4646	80005bba	0088af33	slt	x30,x17,x8	 x17:0xffffffff  x8:0x00008000 x30=0x00000001
       47465000	      4647	80005bbe	01f25b33	srl	x22,x4,x31	  x4:0xf0880000 x31:0x00000001 x22=0x78440000
       47475000	      4648	80005bc2	01d0d8b3	srl	x17,x1,x29	  x1:0x00000000 x29:0x00000000 x17=0x00000000
       47485000	      4649	80005bc6	985e	c.add	x16,x23	 x16:0xa093ca60 x23:0x00000000 x16=0xa093ca60
       47495000	      4650	80005bc8	8c0d	c.sub	x8,x11	  x8:0x00008000 x11:0xf2a00140  x8=0x0d607ec0
       47865000	      4687	80005bca	02ba7133	remu	x2,x20,x11	 x20:0x00000000 x11:0xf2a00140  x2=0x00000000
       47875000	      4688	80005bce	01e88263	beq	x17,x30,80005bd2	 x17:0x00000000 x30:0x00000001
       47885000	      4689	80005bd2	f2f53d97	auipc	x27,0xf2f53	 x27=0x72f58bd2
       48255000	      4726	80005bd6	0389e933	rem	x18,x19,x24	 x19:0xf2b3ca60 x24:0x00000001 x18=0x00000000
       48265000	      4727	80005bda	01ea5233	srl	x4,x20,x30	 x20:0x00000000 x30:0x00000001  x4=0x00000000
       48275000	      4728	80005bde	19107d93	andi	x27,x0,401	  x0:0x00000000 x27=0x00000000
       48285000	      4729	80005be2	8899	c.andi	x9,6	  x9:0xfffffff7  x9=0x00000006
       48295000	      4730	80005be4	d0a97193	andi	x3,x18,-758	 x18:0x00000000  x3=0x00000000
       48665000	      4767	80005be8	02bddeb3	divu	x29,x27,x11	 x27:0x00000000 x11:0xf2a00140 x29=0x00000000
       48675000	      4768	80005bec	8711	c.srai	x14,0x4	 x14:0x80019fde x14=0xf80019fd
       48685000	      4769	80005bee	00a94fb3	xor	x31,x18,x10	 x18:0x00000000 x10:0x00000000 x31=0x00000000
       48695000	      4770	80005bf2	419a55b3	sra	x11,x20,x25	 x20:0x00000000 x25:0x830edac6 x11=0x00000000
       48705000	      4771	80005bf6	8f01	c.sub	x14,x8	 x14:0xf80019fd  x8:0x0d607ec0 x14=0xea9f9b3d
       48715000	      4772	80005bf8	035b8b63	beq	x23,x21,80005c2e	 x23:0x00000000 x21:0xc910cb16
       49085000	      4809	80005bfc	02e6dc33	divu	x24,x13,x14	 x13:0x00000001 x14:0xea9f9b3d x24=0x00000000
       49105000	      4811	80005c00	02287ab3	remu	x21,x16,x2	 x16:0xa093ca60  x2:0x00000000 x21=0xa093ca60
       49115000	      4812	80005c04	111ea213	slti	x4,x29,273	 x29:0x00000000  x4=0x00000001
       49125000	      4813	80005c08	cc81	c.beqz	x9,80005c20	  x9:0x00000006
       49135000	      4814	80005c0a	4114a193	slti	x3,x9,1041	  x9:0x00000006  x3=0x00000001
       49165000	      4817	80005c0e	023588b3	mul	x17,x11,x3	 x11:0x00000000  x3:0x00000001 x17=0x00000000
       49175000	      4818	80005c12	01bce733	or	x14,x25,x27	 x25:0x830edac6 x27:0x00000000 x14=0x830edac6
       49185000	      4819	80005c16	407a5cb3	sra	x25,x20,x7	 x20:0x00000000  x7:0x80000000 x25=0x00000000
       49225000	      4823	80005c1a	03b5bcb3	mulhu	x25,x11,x27	 x11:0x00000000 x27:0x00000000 x25=0x00000000
       49235000	      4824	80005c1e	8e89	c.sub	x13,x10	 x13:0x00000001 x10:0x00000000 x13=0x00000001
       49245000	      4825	80005c20	eb15	c.bnez	x14,80005c54	 x14:0x830edac6
       49265000	      4827	80005c54	40cb5cb3	sra	x25,x22,x12	 x22:0x78440000 x12:0xf2a00140 x25=0x78440000
       49275000	      4828	80005c58	00a09db3	sll	x27,x1,x10	  x1:0x00000000 x10:0x00000000 x27=0x00000000
       49285000	      4829	80005c5c	01b44533	xor	x10,x8,x27	  x8:0x0d607ec0 x27:0x00000000 x10=0x0d607ec0
       49295000	      4830	80005c60	00170263	beq	x14,x1,80005c64	 x14:0x830edac6  x1:0x00000000
       49305000	      4831	80005c64	1908	c.addi4spn	x10,x2,176	 x10=0x000000b0
       49315000	      4832	80005c66	f8a22693	slti	x13,x4,-118	  x4:0x00000001 x13=0x00000000
       49325000	      4833	80005c6a	007b5e93	srli	x29,x22,0x7	 x22:0x78440000 x29=0x00f08800
       49335000	      4834	80005c6e	617d	c.addi16sp	x2,496	  x2:0x00000000  x2=0x000001f0
       49345000	      4835	80005c70	2e123a93	sltiu	x21,x4,737	  x4:0x00000001 x21=0x00000001
       49355000	      4836	80005c74	63b30313	addi	x6,x6,1595	  x6:0x00000000  x6=0x0000063b
       49365000	      4837	80005c78	85bd	c.srai	x11,0xf	 x11:0x00000000 x11=0x00000000
       49375000	      4838	80005c7a	015fbd33	sltu	x26,x31,x21	 x31:0x00000000 x21:0x00000001 x26=0x00000001
       49385000	      4839	80005c7e	0001	c.addi	x0,0	  x0:0x00000000  x0=0x00000000
       49395000	      4840	80005c80	b89f0097	auipc	x1,0xb89f0	  x1=0x389f5c80
       49405000	      4841	80005c84	9cee	c.add	x25,x27	 x25:0x78440000 x27:0x00000000 x25=0x78440000
       49415000	      4842	80005c86	e209	c.bnez	x12,80005c88	 x12:0xf2a00140
       49435000	      4844	80005c88	059b4063	blt	x22,x25,80005cc8	 x22:0x78440000 x25:0x78440000
       49445000	      4845	80005c8c	157d	c.addi	x10,-1	 x10:0x000000b0 x10=0x000000af
       49455000	      4846	80005c8e	8f39	c.xor	x14,x14	 x14:0x830edac6 x14:0x830edac6 x14=0x00000000
       49465000	      4847	80005c90	8fee	c.mv	x31,x27	  x0:0x00000000 x27:0x00000000 x31=0x00000000
       49505000	      4851	80005c92	02b89033	mulh	x0,x17,x11	 x17:0x00000000 x11:0x00000000  x0=0x00000000
       49545000	      4855	80005c96	03da95b3	mulh	x11,x21,x29	 x21:0x00000001 x29:0x00f08800 x11=0x00000000
       49555000	      4856	80005c9a	40a28db3	sub	x27,x5,x10	  x5:0x00000001 x10:0x000000af x27=0xffffff52
       49565000	      4857	80005c9e	001415b3	sll	x11,x8,x1	  x8:0x0d607ec0  x1:0x389f5c80 x11=0x0d607ec0
       49575000	      4858	80005ca2	0001	c.addi	x0,0	  x0:0x00000000  x0=0x00000000
       49585000	      4859	80005ca4	ed99	c.bnez	x11,80005cc2	 x11:0x0d607ec0
       49615000	      4862	80005cc2	98b18f37	lui	x30,0x98b18	 x30=0x98b18000
       49625000	      4863	80005cc6	4f11	c.li	x30,4	 x30=0x00000004
       49635000	      4864	80005cc8	0001	c.addi	x0,0	  x0:0x00000000  x0=0x00000000
       49645000	      4865	80005cca	418aee93	ori	x29,x21,1048	 x21:0x00000001 x29=0x00000419
       49655000	      4866	80005cce	0111da13	srli	x20,x3,0x11	  x3:0x00000001 x20=0x00000000
       49665000	      4867	80005cd2	9917e593	ori	x11,x15,-1647	 x15:0x80025ce4 x11=0xfffffdf5
       49675000	      4868	80005cd6	00628563	beq	x5,x6,80005ce0	  x5:0x00000001  x6:0x0000063b
       49685000	      4869	80005cda	8c89	c.sub	x9,x10	  x9:0x00000006 x10:0x000000af  x9=0xffffff57
       49695000	      4870	80005cdc	0d6be713	ori	x14,x23,214	 x23:0x00000000 x14=0x000000d6
       49705000	      4871	80005ce0	ed85	c.bnez	x11,80005d18	 x11:0xfffffdf5
       49725000	      4873	80005d18	8ca1	c.xor	x9,x8	  x9:0xffffff57  x8:0x0d607ec0  x9=0xf29f8197
       49735000	      4874	80005d1a	0000100f	fence.i	
       49755000	      4876	80005d1e	717d	c.addi16sp	x2,-16	  x2:0x000001f0  x2=0x000001e0
       49765000	      4877	80005d20	4359	c.li	x6,22	  x6=0x00000016
       49775000	      4878	80005d22	0117f463	bgeu	x15,x17,80005d2a	 x15:0x80025ce4 x17:0x00000000
       49805000	      4881	80005d2a	013a20b3	slt	x1,x20,x19	 x20:0x00000000 x19:0xf2b3ca60  x1=0x00000000
       49825000	      4883	80005d2e	0389deb3	divu	x29,x19,x24	 x19:0xf2b3ca60 x24:0x00000000 x29=0xffffffff
       49835000	      4884	80005d32	85e5	c.srai	x11,0x19	 x11:0xfffffdf5 x11=0xffffffff
       49845000	      4885	80005d34	0364c863	blt	x9,x22,80005d64	  x9:0xf29f8197 x22:0x78440000
       49865000	      4887	80005d64	0001	c.addi	x0,0	  x0:0x00000000  x0=0x00000000
       49875000	      4888	80005d66	0001	c.addi	x0,0	  x0:0x00000000  x0=0x00000000
       49885000	      4889	80005d68	8e5d	c.or	x12,x15	 x12:0xf2a00140 x15:0x80025ce4 x12=0xf2a25de4
       49895000	      4890	80005d6a	8eca	c.mv	x29,x18	  x0:0x00000000 x18:0x00000000 x29=0x00000000
       49905000	      4891	80005d6c	9b42	c.add	x22,x16	 x22:0x78440000 x16:0xa093ca60 x22=0x18d7ca60
       49915000	      4892	80005d6e	028c1063	bne	x24,x8,80005d8e	 x24:0x00000000  x8:0x0d607ec0
       49945000	      4895	80005d8e	057c8463	beq	x25,x23,80005dd6	 x25:0x78440000 x23:0x00000000
       49955000	      4896	80005d92	0000100f	fence.i	
       49985000	      4899	80005d96	0118df13	srli	x30,x17,0x11	 x17:0x00000000 x30=0x00000000
       49995000	      4900	80005d9a	8e4d	c.or	x12,x11	 x12:0xf2a25de4 x11:0xffffffff x12=0xffffffff
       50005000	      4901	80005d9c	0001	c.addi	x0,0	  x0:0x00000000  x0=0x00000000
       50015000	      4902	80005d9e	0ff0000f	fence	iorw,iorw	
       50025000	      4903	80005da2	412e8833	sub	x16,x29,x18	 x29:0x00000000 x18:0x00000000 x16=0x00000000
       50035000	      4904	80005da6	8f35	c.xor	x14,x13	 x14:0x000000d6 x13:0x00000000 x14=0x000000d6
       50045000	      4905	80005da8	8696	c.mv	x13,x5	  x0:0x00000000  x5:0x00000001 x13=0x00000001
       50055000	      4906	80005daa	05670c63	beq	x14,x22,80005e02	 x14:0x000000d6 x22:0x18d7ca60
       50065000	      4907	80005dae	05bdc163	blt	x27,x27,80005df0	 x27:0xffffff52 x27:0xffffff52
       50075000	      4908	80005db2	00000f17	auipc	x30,0x0	 x30=0x80005db2
       50085000	      4909	80005db6	272f0f13	addi	x30,x30,626	 x30:0x80005db2 x30=0x80006024
       50095000	      4910	80005dba	082d	c.addi	x16,11	 x16:0x00000000 x16=0x0000000b
       50105000	      4911	80005dbc	40c0d1b3	sra	x3,x1,x12	  x1:0x00000000 x12:0xffffffff  x3=0x00000000
       50115000	      4912	80005dc0	c380f813	andi	x16,x1,-968	  x1:0x00000000 x16=0x00000000
       50125000	      4913	80005dc4	01ff5993	srli	x19,x30,0x1f	 x30:0x80006024 x19=0x00000001
       50135000	      4914	80005dc8	dbcf0f13	addi	x30,x30,-580	 x30:0x80006024 x30=0x80005de0
       50145000	      4915	80005dcc	8df2	c.mv	x27,x28	  x0:0x00000000 x28:0x80021e54 x27=0x80021e54
       50155000	      4916	80005dce	244f0ae7	jalr	x21,580(x30)	 x30:0x80005de0 x21=0x80005dd2
       50175000	      4918	80006024	0001	c.addi	x0,0	  x0:0x00000000  x0=0x00000000
       50185000	      4919	80006026	8fee	c.mv	x31,x27	  x0:0x00000000 x27:0x80021e54 x31=0x80021e54
       50195000	      4920	80006028	86a5	c.srai	x13,0x9	 x13:0x00000001 x13=0x00000000
       50205000	      4921	8000602a	c601	c.beqz	x12,80006032	 x12:0xffffffff
       50215000	      4922	8000602c	0053efb3	or	x31,x7,x5	  x7:0x80000000  x5:0x00000001 x31=0x80000001
       50225000	      4923	80006030	55fd	c.li	x11,-1	 x11=0xffffffff
       50235000	      4924	80006032	1e01	c.addi	x28,-32	 x28:0x80021e54 x28=0x80021e34
       50245000	      4925	80006034	015e2223	sw	x21,4(x28)	 x28:0x80021e34 x21:0x80005dd2 PA:0x80021e38 store:0x80005dd2 load:0x00000000
       50255000	      4926	80006038	40715cb3	sra	x25,x2,x7	  x2:0x000001e0  x7:0x80000000 x25=0x000001e0
       50265000	      4927	8000603c	01a68cb3	add	x25,x13,x26	 x13:0x00000000 x26:0x00000001 x25=0x00000001
       50285000	      4929	80006040	023ce133	rem	x2,x25,x3	 x25:0x00000001  x3:0x00000000  x2=0x00000001
       50295000	      4930	80006044	4004d593	srai	x11,x9,0x0	  x9:0xf29f8197 x11=0xf29f8197
       50305000	      4931	80006048	a4b6f717	auipc	x14,0xa4b6f	 x14=0x24b75048
       50315000	      4932	8000604c	015b9763	bne	x23,x21,8000605a	 x23:0x00000000 x21:0x80005dd2
       50345000	      4935	8000605a	01c8ca63	blt	x17,x28,8000606e	 x17:0x00000000 x28:0x80021e34
       50355000	      4936	8000605e	8c49	c.or	x8,x10	  x8:0x0d607ec0 x10:0x000000af  x8=0x0d607eef
       50365000	      4937	80006060	8e85	c.sub	x13,x9	 x13:0x00000000  x9:0xf29f8197 x13=0x0d607e69
       50385000	      4939	80006062	0212f6b3	remu	x13,x5,x1	  x5:0x00000001  x1:0x00000000 x13=0x00000001
       50395000	      4940	80006066	0002ebb3	or	x23,x5,x0	  x5:0x00000001  x0:0x00000000 x23=0x00000001
       50405000	      4941	8000606a	0000100f	fence.i	
       50465000	      4947	8000606e	03e8b233	mulhu	x4,x17,x30	 x17:0x00000000 x30:0x80005de0  x4=0x00000000
       50475000	      4948	80006072	1b8c	c.addi4spn	x11,x2,496	 x11=0x000001f1
       50485000	      4949	80006074	5f7d	c.li	x30,-1	 x30=0xffffffff
       50525000	      4953	80006076	038d1cb3	mulh	x25,x26,x24	 x26:0x00000001 x24:0x00000000 x25=0x00000000
       50535000	      4954	8000607a	4020d933	sra	x18,x1,x2	  x1:0x00000000  x2:0x00000001 x18=0x00000000
       50545000	      4955	8000607e	02359063	bne	x11,x3,8000609e	 x11:0x000001f1  x3:0x00000000
       50565000	      4957	8000609e	1608	c.addi4spn	x10,x2,800	 x10=0x00000321
       50575000	      4958	800060a0	5a12f693	andi	x13,x5,1441	  x5:0x00000001 x13=0x00000001
       50585000	      4959	800060a4	1318	c.addi4spn	x14,x2,416	 x14=0x000001a1
       50595000	      4960	800060a6	fb49b997	auipc	x19,0xfb49b	 x19=0x7b4a10a6
       50605000	      4961	800060aa	40f78db3	sub	x27,x15,x15	 x15:0x80025ce4 x15:0x80025ce4 x27=0x00000000
       50615000	      4962	800060ae	024d5863	bge	x26,x4,800060de	 x26:0x00000001  x4:0x00000000
       50645000	      4965	800060de	005785b3	add	x11,x15,x5	 x15:0x80025ce4  x5:0x00000001 x11=0x80025ce5
       50685000	      4969	800060e2	025a1eb3	mulh	x29,x20,x5	 x20:0x00000000  x5:0x00000001 x29=0x00000000
       50725000	      4973	800060e6	022211b3	mulh	x3,x4,x2	  x4:0x00000000  x2:0x00000001  x3=0x00000000
       50735000	      4974	800060ea	0000100f	fence.i	
       50765000	      4977	800060ee	053f5063	bge	x30,x19,8000612e	 x30:0xffffffff x19:0x7b4a10a6
       50775000	      4978	800060f2	9332	c.add	x6,x12	  x6:0x00000016 x12:0xffffffff  x6=0x00000015
       50785000	      4979	800060f4	8e71	c.and	x12,x12	 x12:0xffffffff x12:0xffffffff x12=0xffffffff
       50795000	      4980	800060f6	01279433	sll	x8,x15,x18	 x15:0x80025ce4 x18:0x00000000  x8=0x80025ce4
       50805000	      4981	800060fa	00f0b433	sltu	x8,x1,x15	  x1:0x00000000 x15:0x80025ce4  x8=0x00000001
       50815000	      4982	800060fe	8f71	c.and	x14,x12	 x14:0x000001a1 x12:0xffffffff x14=0x000001a1
       50825000	      4983	80006100	c899	c.beqz	x9,80006116	  x9:0xf29f8197
       50835000	      4984	80006102	401d5c13	srai	x24,x26,0x1	 x26:0x00000001 x24=0x00000000
       50855000	      4986	80006106	039a61b3	rem	x3,x20,x25	 x20:0x00000000 x25:0x00000000  x3=0x00000000
       50865000	      4987	8000610a	00a45ab3	srl	x21,x8,x10	  x8:0x00000001 x10:0x00000321 x21=0x00000000
       50875000	      4988	8000610e	02890663	beq	x18,x8,8000613a	 x18:0x00000000  x8:0x00000001
       50885000	      4989	80006112	41d28db3	sub	x27,x5,x29	  x5:0x00000001 x29:0x00000000 x27=0x00000001
       50895000	      4990	80006116	02b6	c.slli	x5,0xd	  x5:0x00000001  x5=0x00002000
       50905000	      4991	80006118	01cd5613	srli	x12,x26,0x1c	 x26:0x00000001 x12=0x00000000
       50915000	      4992	8000611c	0c72f013	andi	x0,x5,199	  x5:0x00002000  x0=0x00000000
       50945000	      4995	80006120	03f602b3	mul	x5,x12,x31	 x12:0x00000000 x31:0x80000001  x5=0x00000000
       50955000	      4996	80006124	96d2	c.add	x13,x20	 x13:0x00000001 x20:0x00000000 x13=0x00000001
       50965000	      4997	80006126	4034d633	sra	x12,x9,x3	  x9:0xf29f8197  x3:0x00000000 x12=0xf29f8197
       50985000	      4999	8000612a	0346f033	remu	x0,x13,x20	 x13:0x00000001 x20:0x00000000  x0=0x00000000
       50995000	      5000	8000612e	ea01	c.bnez	x12,8000613e	 x12:0xf29f8197
       51015000	      5002	8000613e	c815	c.beqz	x8,80006172	  x8:0x00000001
       51025000	      5003	80006140	b353c113	xori	x2,x7,-1227	  x7:0x80000000  x2=0x7ffffb35
       51035000	      5004	80006144	007ba533	slt	x10,x23,x7	 x23:0x00000001  x7:0x80000000 x10=0x00000000
       51045000	      5005	80006148	dd2e9d17	auipc	x26,0xdd2e9	 x26=0x5d2ef148
       51055000	      5006	8000614c	00155213	srli	x4,x10,0x1	 x10:0x00000000  x4=0x00000000
       51065000	      5007	80006150	00928463	beq	x5,x9,80006158	  x5:0x00000000  x9:0xf29f8197
       51075000	      5008	80006154	0000100f	fence.i	
       51095000	      5010	80006158	0ff0000f	fence	iorw,iorw	
       51105000	      5011	8000615c	84aa	c.mv	x9,x10	  x0:0x00000000 x10:0x00000000  x9=0x00000000
       51115000	      5012	8000615e	00785f13	srli	x30,x16,0x7	 x16:0x00000000 x30=0x00000000
       51125000	      5013	80006162	03cd4e63	blt	x26,x28,8000619e	 x26:0x5d2ef148 x28:0x80021e34
       51135000	      5014	80006166	861d	c.srai	x12,0x7	 x12:0xf29f8197 x12=0xffe53f03
       51145000	      5015	80006168	0292e663	bltu	x5,x9,80006194	  x5:0x00000000  x9:0x00000000
       51155000	      5016	8000616c	1400	c.addi4spn	x8,x2,544	  x8=0x7ffffd55
       51165000	      5017	8000616e	4119d193	srai	x3,x19,0x11	 x19:0x7b4a10a6  x3=0x00003da5
       51175000	      5018	80006172	8ebd	c.xor	x13,x15	 x13:0x00000001 x15:0x80025ce4 x13=0x80025ce5
       51185000	      5019	80006174	a4134e93	xori	x29,x6,-1471	  x6:0x00000015 x29=0xfffffa54
       51225000	      5023	80006178	03de3ab3	mulhu	x21,x28,x29	 x28:0x80021e34 x29:0xfffffa54 x21=0x80021b5d
       51235000	      5024	8000617c	0374ec63	bltu	x9,x23,800061b4	  x9:0x00000000 x23:0x00000001
       51255000	      5026	800061b4	e415	c.bnez	x8,800061e0	  x8:0x7ffffd55
       51295000	      5030	800061e0	024a86b3	mul	x13,x21,x4	 x21:0x80021b5d  x4:0x00000000 x13=0x00000000
       51305000	      5031	800061e4	0001	c.addi	x0,0	  x0:0x00000000  x0=0x00000000
       51675000	      5068	800061e6	02754233	div	x4,x10,x7	 x10:0x00000000  x7:0x80000000  x4=0x00000000
       51685000	      5069	800061ea	5d7d	c.li	x26,-1	 x26=0xffffffff
       51695000	      5070	800061ec	40a15cb3	sra	x25,x2,x10	  x2:0x7ffffb35 x10:0x00000000 x25=0x7ffffb35
       51705000	      5071	800061f0	717d	c.addi16sp	x2,-16	  x2:0x7ffffb35  x2=0x7ffffb25
       52075000	      5108	800061f2	0226cbb3	div	x23,x13,x2	 x13:0x00000000  x2:0x7ffffb25 x23=0x00000000
       52085000	      5109	800061f6	010dd2b3	srl	x5,x27,x16	 x27:0x00000001 x16:0x00000000  x5=0x00000001
       52095000	      5110	800061fa	3b5f7e93	andi	x29,x30,949	 x30:0x00000000 x29=0x00000000
       52105000	      5111	800061fe	82d9	c.srli	x13,0x16	 x13:0x00000000 x13=0x00000000
       52115000	      5112	80006200	053cf763	bgeu	x25,x19,8000624e	 x25:0x7ffffb35 x19:0x7b4a10a6
       52145000	      5115	8000624e	01448d33	add	x26,x9,x20	  x9:0x00000000 x20:0x00000000 x26=0x00000000
       52155000	      5116	80006252	8759	c.srai	x14,0x16	 x14:0x000001a1 x14=0x00000000
       52165000	      5117	80006254	01249413	slli	x8,x9,0x12	  x9:0x00000000  x8=0x00000000
       52175000	      5118	80006258	011ddc13	srli	x24,x27,0x11	 x27:0x00000001 x24=0x00000000
       52185000	      5119	8000625c	8c69	c.and	x8,x10	  x8:0x00000000 x10:0x00000000  x8=0x00000000
       52195000	      5120	8000625e	014354b3	srl	x9,x6,x20	  x6:0x00000015 x20:0x00000000  x9=0x00000015
       52205000	      5121	80006262	0175c663	blt	x11,x23,8000626e	 x11:0x80025ce5 x23:0x00000000
       52235000	      5124	8000626e	416dd133	sra	x2,x27,x22	 x27:0x00000001 x22:0x18d7ca60  x2=0x00000001
       52275000	      5128	80006272	039a1d33	mulh	x26,x20,x25	 x20:0x00000000 x25:0x7ffffb35 x26=0x00000000
       52285000	      5129	80006276	1bfd	c.addi	x23,-1	 x23:0x00000000 x23=0xffffffff
       52295000	      5130	80006278	406d0a93	addi	x21,x26,1030	 x26:0x00000000 x21=0x00000406
       52305000	      5131	8000627c	f66e0113	addi	x2,x28,-154	 x28:0x80021e34  x2=0x80021d9a
       52315000	      5132	80006280	8c7d	c.and	x8,x15	  x8:0x00000000 x15:0x80025ce4  x8=0x00000000
       52325000	      5133	80006282	6be1	c.lui	x23,0x18	 x23=0x00018000
       52695000	      5170	80006284	02ff5b33	divu	x22,x30,x15	 x30:0x00000000 x15:0x80025ce4 x22=0x00000000
       52705000	      5171	80006288	01dd6463	bltu	x26,x29,80006290	 x26:0x00000000 x29:0x00000000
       52715000	      5172	8000628c	15f8fc93	andi	x25,x17,351	 x17:0x00000000 x25=0x00000000
       52725000	      5173	80006290	004c4d63	blt	x24,x4,800062aa	 x24:0x00000000  x4:0x00000000
       52735000	      5174	80006294	e289	c.bnez	x13,80006296	 x13:0x00000000
       52745000	      5175	80006296	013c01b3	add	x3,x24,x19	 x24:0x00000000 x19:0x7b4a10a6  x3=0x7b4a10a6
       52755000	      5176	8000629a	1b7d	c.addi	x22,-1	 x22:0x00000000 x22=0xffffffff
       52765000	      5177	8000629c	8e31	c.xor	x12,x12	 x12:0xffe53f03 x12:0xffe53f03 x12=0x00000000
       52805000	      5181	8000629e	032b3eb3	mulhu	x29,x22,x18	 x22:0xffffffff x18:0x00000000 x29=0x00000000
       52815000	      5182	800062a2	40055613	srai	x12,x10,0x0	 x10:0x00000000 x12=0x00000000
       52825000	      5183	800062a6	2248fd93	andi	x27,x17,548	 x17:0x00000000 x27=0x00000000
       52835000	      5184	800062aa	61e84693	xori	x13,x16,1566	 x16:0x00000000 x13=0x0000061e
       52845000	      5185	800062ae	006c9563	bne	x25,x6,800062b8	 x25:0x00000000  x6:0x00000015
       52865000	      5187	800062b8	46803a13	sltiu	x20,x0,1128	  x0:0x00000000 x20=0x00000001
       52875000	      5188	800062bc	5c57a913	slti	x18,x15,1477	 x15:0x80025ce4 x18=0x00000001
       52885000	      5189	800062c0	86ed	c.srai	x13,0x1b	 x13:0x0000061e x13=0x00000000
       52925000	      5193	800062c2	03f1bc33	mulhu	x24,x3,x31	  x3:0x7b4a10a6 x31:0x80000001 x24=0x3da50853
       52935000	      5194	800062c6	03210e63	beq	x2,x18,80006302	  x2:0x80021d9a x18:0x00000001
       52945000	      5195	800062ca	f1753d13	sltiu	x26,x10,-233	 x10:0x00000000 x26=0x00000001
       52955000	      5196	800062ce	e309	c.bnez	x14,800062d0	 x14:0x00000000
       52965000	      5197	800062d0	409b0533	sub	x10,x22,x9	 x22:0xffffffff  x9:0x00000015 x10=0xffffffea
       52975000	      5198	800062d4	0001	c.addi	x0,0	  x0:0x00000000  x0=0x00000000
       52985000	      5199	800062d6	8bb6	c.mv	x23,x13	  x0:0x00000000 x13:0x00000000 x23=0x00000000
       53005000	      5201	800062d8	03e4fab3	remu	x21,x9,x30	  x9:0x00000015 x30:0x00000000 x21=0x00000015
       53015000	      5202	800062dc	01f09263	bne	x1,x31,800062e0	  x1:0x00000000 x31:0x80000001
       53035000	      5204	800062e0	471d	c.li	x14,7	 x14=0x00000007
       53045000	      5205	800062e2	41825c93	srai	x25,x4,0x18	  x4:0x00000000 x25=0x00000000
       53055000	      5206	800062e6	044a	c.slli	x8,0x12	  x8:0x00000000  x8=0x00000000
       53065000	      5207	800062e8	4120ddb3	sra	x27,x1,x18	  x1:0x00000000 x18:0x00000001 x27=0x00000000
       53075000	      5208	800062ec	019e8763	beq	x29,x25,800062fa	 x29:0x00000000 x25:0x00000000
       53105000	      5211	800062fa	0071b333	sltu	x6,x3,x7	  x3:0x7b4a10a6  x7:0x80000000  x6=0x00000001
       53115000	      5212	800062fe	0124d633	srl	x12,x9,x18	  x9:0x00000015 x18:0x00000001 x12=0x0000000a
       53485000	      5249	80006302	033adfb3	divu	x31,x21,x19	 x21:0x00000015 x19:0x7b4a10a6 x31=0x00000000
       53495000	      5250	80006306	86ed	c.srai	x13,0x1b	 x13:0x00000000 x13=0x00000000
       53505000	      5251	80006308	01f6b933	sltu	x18,x13,x31	 x13:0x00000000 x31:0x00000000 x18=0x00000000
       53515000	      5252	8000630c	00f30533	add	x10,x6,x15	  x6:0x00000001 x15:0x80025ce4 x10=0x80025ce5
       53525000	      5253	80006310	8c15	c.sub	x8,x13	  x8:0x00000000 x13:0x00000000  x8=0x00000000
       53535000	      5254	80006312	41898ab3	sub	x21,x19,x24	 x19:0x7b4a10a6 x24:0x3da50853 x21=0x3da50853
       53545000	      5255	80006316	411fd4b3	sra	x9,x31,x17	 x31:0x00000000 x17:0x00000000  x9=0x00000000
       53555000	      5256	8000631a	e889	c.bnez	x9,8000632c	  x9:0x00000000
       53565000	      5257	8000631c	001bf363	bgeu	x23,x1,80006322	 x23:0x00000000  x1:0x00000000
       53595000	      5260	80006322	3015b413	sltiu	x8,x11,769	 x11:0x80025ce5  x8=0x00000000
       53605000	      5261	80006326	0162f563	bgeu	x5,x22,80006330	  x5:0x00000001 x22:0xffffffff
       53615000	      5262	8000632a	c515	c.beqz	x10,80006356	 x10:0x80025ce5
       53625000	      5263	8000632c	02790a63	beq	x18,x7,80006360	 x18:0x00000000  x7:0x80000000
       53995000	      5300	80006330	02c7eb33	rem	x22,x15,x12	 x15:0x80025ce4 x12:0x0000000a x22=0xfffffffa
       54005000	      5301	80006334	405ada93	srai	x21,x21,0x5	 x21:0x3da50853 x21=0x01ed2842
       54375000	      5338	80006338	03327633	remu	x12,x4,x19	  x4:0x00000000 x19:0x7b4a10a6 x12=0x00000000
       54385000	      5339	8000633c	0b76	c.slli	x22,0x1d	 x22:0xfffffffa x22=0x40000000
       54395000	      5340	8000633e	0001	c.addi	x0,0	  x0:0x00000000  x0=0x00000000
       54405000	      5341	80006340	00b45eb3	srl	x29,x8,x11	  x8:0x00000000 x11:0x80025ce5 x29=0x00000000
       54445000	      5345	80006344	038db2b3	mulhu	x5,x27,x24	 x27:0x00000000 x24:0x3da50853  x5=0x00000000
       54455000	      5346	80006348	70143f13	sltiu	x30,x8,1793	  x8:0x00000000 x30=0x00000001
       54465000	      5347	8000634c	00486963	bltu	x16,x4,8000635e	 x16:0x00000000  x4:0x00000000
       54505000	      5351	80006350	0333aab3	mulhsu	x21,x7,x19	  x7:0x80000000 x19:0x7b4a10a6 x21=0xc25af7ad
       54515000	      5352	80006354	0001	c.addi	x0,0	  x0:0x00000000  x0=0x00000000
       54525000	      5353	80006356	ea887293	andi	x5,x16,-344	 x16:0x00000000  x5=0x00000000
       54535000	      5354	8000635a	06280463	beq	x16,x2,800063c2	 x16:0x00000000  x2:0x80021d9a
       54545000	      5355	8000635e	04ee	c.slli	x9,0x1b	  x9:0x00000000  x9=0x00000000
       54555000	      5356	80006360	40ed0cb3	sub	x25,x26,x14	 x26:0x00000001 x14:0x00000007 x25=0xfffffffa
       54565000	      5357	80006364	8dc5	c.or	x11,x9	 x11:0x80025ce5  x9:0x00000000 x11=0x80025ce5
       54575000	      5358	80006366	411dd313	srai	x6,x27,0x11	 x27:0x00000000  x6=0x00000000
       54585000	      5359	8000636a	40ed	c.li	x1,27	  x1=0x0000001b
       54595000	      5360	8000636c	19f0a637	lui	x12,0x19f0a	 x12=0x19f0a000
       54615000	      5362	80006370	0311d2b3	divu	x5,x3,x17	  x3:0x7b4a10a6 x17:0x00000000  x5=0xffffffff
       54625000	      5363	80006374	4017d2b3	sra	x5,x15,x1	 x15:0x80025ce4  x1:0x0000001b  x5=0xfffffff0
       54635000	      5364	80006378	0e1cfb13	andi	x22,x25,225	 x25:0xfffffffa x22=0x000000e0
       54645000	      5365	8000637c	00002617	auipc	x12,0x2	 x12=0x8000837c
       54655000	      5366	80006380	3de60613	addi	x12,x12,990	 x12:0x8000837c x12=0x8000875a
       54665000	      5367	80006384	3d560613	addi	x12,x12,981	 x12:0x8000875a x12=0x80008b2f
       54675000	      5368	80006388	8c91	c.sub	x9,x12	  x9:0x00000000 x12:0x80008b2f  x9=0x7fff74d1
       54685000	      5369	8000638a	01e5bc33	sltu	x24,x11,x30	 x11:0x80025ce5 x30:0x00000001 x24=0x00000000
       54695000	      5370	8000638e	0000100f	fence.i	
       54725000	      5373	80006392	01ec1463	bne	x24,x30,8000639a	 x24:0x00000000 x30:0x00000001
       54755000	      5376	8000639a	c2c60ae7	jalr	x21,-980(x12)	 x12:0x80008b2f x21=0x8000639e
       54785000	      5379	8000875a	40550a33	sub	x20,x10,x5	 x10:0x80025ce5  x5:0xfffffff0 x20=0x80025cf5
       54795000	      5380	8000875e	016b1463	bne	x22,x22,80008766	 x22:0x000000e0 x22:0x000000e0
       54805000	      5381	80008762	8813a493	slti	x9,x7,-1919	  x7:0x80000000  x9=0x00000001
       54815000	      5382	80008766	fc8e0e13	addi	x28,x28,-56	 x28:0x80021e34 x28=0x80021dfc
       54825000	      5383	8000876a	0a0c	c.addi4spn	x11,x2,272	 x11=0x80021eaa
       54835000	      5384	8000876c	8f8e	c.mv	x31,x3	  x0:0x00000000  x3:0x7b4a10a6 x31=0x7b4a10a6
       54845000	      5385	8000876e	015e2223	sw	x21,4(x28)	 x28:0x80021dfc x21:0x8000639e PA:0x80021e00 store:0x8000639e load:0x00000000
       54855000	      5386	80008772	7c2f5417	auipc	x8,0x7c2f5	  x8=0xfc2fd772
       54865000	      5387	80008776	00000197	auipc	x3,0x0	  x3=0x80008776
       54875000	      5388	8000877a	08618193	addi	x3,x3,134	  x3:0x80008776  x3=0x800087fc
       54915000	      5392	8000877e	022b2ab3	mulhsu	x21,x22,x2	 x22:0x000000e0  x2:0x80021d9a x21=0x00000070
       54925000	      5393	80008782	005e72b3	and	x5,x28,x5	 x28:0x80021dfc  x5:0xfffffff0  x5=0x80021df0
       54935000	      5394	80008786	f6318193	addi	x3,x3,-157	  x3:0x800087fc  x3=0x8000875f
       54945000	      5395	8000878a	0001	c.addi	x0,0	  x0:0x00000000  x0=0x00000000
       54955000	      5396	8000878c	fade7213	andi	x4,x28,-83	 x28:0x80021dfc  x4=0x80021dac
       54965000	      5397	80008790	0071cbb3	xor	x23,x3,x7	  x3:0x8000875f  x7:0x80000000 x23=0x0000875f
       54975000	      5398	80008794	01fffc33	and	x24,x31,x31	 x31:0x7b4a10a6 x31:0x7b4a10a6 x24=0x7b4a10a6
       54985000	      5399	80008798	01568663	beq	x13,x21,800087a4	 x13:0x00000000 x21:0x00000070
       54995000	      5400	8000879c	00494cb3	xor	x25,x18,x4	 x18:0x00000000  x4:0x80021dac x25=0x80021dac
       55005000	      5401	800087a0	0000100f	fence.i	
       55025000	      5403	800087a4	09d18ae7	jalr	x21,157(x3)	  x3:0x8000875f x21=0x800087a8
       55405000	      5441	800087fc	02cdf733	remu	x14,x27,x12	 x27:0x00000000 x12:0x80008b2f x14=0x00000000
       55415000	      5442	80008800	00aff263	bgeu	x31,x10,80008804	 x31:0x7b4a10a6 x10:0x80025ce5
       55425000	      5443	80008804	fc4e0e13	addi	x28,x28,-60	 x28:0x80021dfc x28=0x80021dc0
       55435000	      5444	80008808	0001	c.addi	x0,0	  x0:0x00000000  x0=0x00000000
       55445000	      5445	8000880a	e3943913	sltiu	x18,x8,-455	  x8:0xfc2fd772 x18=0x00000001
       55455000	      5446	8000880e	40e55713	srai	x14,x10,0xe	 x10:0x80025ce5 x14=0xfffe0009
       55465000	      5447	80008812	015e2223	sw	x21,4(x28)	 x28:0x80021dc0 x21:0x800087a8 PA:0x80021dc4 store:0x800087a8 load:0x00000000
       55475000	      5448	80008816	0749	c.addi	x14,18	 x14:0xfffe0009 x14=0xfffe001b
       55485000	      5449	80008818	1504	c.addi4spn	x9,x2,672	  x9=0x8002203a
       55495000	      5450	8000881a	0346	c.slli	x6,0x11	  x6:0x00000000  x6=0x00000000
       55505000	      5451	8000881c	631d	c.lui	x6,0x7	  x6=0x00007000
       55515000	      5452	8000881e	0001	c.addi	x0,0	  x0:0x00000000  x0=0x00000000
       55525000	      5453	80008820	00fddc33	srl	x24,x27,x15	 x27:0x00000000 x15:0x80025ce4 x24=0x00000000
       55535000	      5454	80008824	40ca5813	srai	x16,x20,0xc	 x20:0x80025cf5 x16=0xfff80025
       55545000	      5455	80008828	064f6d13	ori	x26,x30,100	 x30:0x00000001 x26=0x00000065
       55555000	      5456	8000882c	0dd2	c.slli	x27,0x14	 x27:0x00000000 x27=0x00000000
       55565000	      5457	8000882e	000bdd33	srl	x26,x23,x0	 x23:0x0000875f  x0:0x00000000 x26=0x0000875f
       55575000	      5458	80008832	41ffdf33	sra	x30,x31,x31	 x31:0x7b4a10a6 x31:0x7b4a10a6 x30=0x01ed2842
       55585000	      5459	80008836	0faefd93	andi	x27,x29,250	 x29:0x00000000 x27=0x00000000
       55595000	      5460	8000883a	8ab5	c.andi	x13,13	 x13:0x00000000 x13=0x00000000
       55965000	      5497	8000883c	021ff733	remu	x14,x31,x1	 x31:0x7b4a10a6  x1:0x0000001b x14=0x00000010
       55975000	      5498	80008840	6bd9	c.lui	x23,0x16	 x23=0x00016000
       55985000	      5499	80008842	4118d833	sra	x16,x17,x17	 x17:0x00000000 x17:0x00000000 x16=0x00000000
       55995000	      5500	80008846	e419	c.bnez	x8,80008854	  x8:0xfc2fd772
       56015000	      5502	80008854	01a35c33	srl	x24,x6,x26	  x6:0x00007000 x26:0x0000875f x24=0x00000000
       56025000	      5503	80008858	41198c33	sub	x24,x19,x17	 x19:0x7b4a10a6 x17:0x00000000 x24=0x7b4a10a6
       56035000	      5504	8000885c	01df9533	sll	x10,x31,x29	 x31:0x7b4a10a6 x29:0x00000000 x10=0x7b4a10a6
       56075000	      5508	80008860	02a12833	mulhsu	x16,x2,x10	  x2:0x80021d9a x10:0x7b4a10a6 x16=0xc25bfc82
       56085000	      5509	80008864	41f506b3	sub	x13,x10,x31	 x10:0x7b4a10a6 x31:0x7b4a10a6 x13=0x00000000
       56095000	      5510	80008868	99fd	c.andi	x11,-1	 x11:0x80021eaa x11=0x80021eaa
       56105000	      5511	8000886a	807d	c.srli	x8,0x1f	  x8:0xfc2fd772  x8=0x00000001
       56115000	      5512	8000886c	005b6463	bltu	x22,x5,80008874	 x22:0x000000e0  x5:0x80021df0
       56135000	      5514	80008874	aae935b7	lui	x11,0xaae93	 x11=0xaae93000
       56145000	      5515	80008878	8d85	c.sub	x11,x9	 x11:0xaae93000  x9:0x8002203a x11=0x2ae70fc6
       56155000	      5516	8000887a	011c3133	sltu	x2,x24,x17	 x24:0x7b4a10a6 x17:0x00000000  x2=0x00000000
       56165000	      5517	8000887e	00e97763	bgeu	x18,x14,8000888c	 x18:0x00000001 x14:0x00000010
       56175000	      5518	80008882	013d	c.addi	x2,15	  x2:0x00000000  x2=0x0000000f
       56185000	      5519	80008884	8c41	c.or	x8,x8	  x8:0x00000001  x8:0x00000001  x8=0x00000001
       56195000	      5520	80008886	6605	c.lui	x12,0x1	 x12=0x00001000
       56205000	      5521	80008888	f5914f13	xori	x30,x2,-167	  x2:0x0000000f x30=0xffffff56
       56215000	      5522	8000888c	1ffd	c.addi	x31,-1	 x31:0x7b4a10a6 x31=0x7b4a10a5
       56225000	      5523	8000888e	615d	c.addi16sp	x2,432	  x2:0x0000000f  x2=0x000001bf
       56235000	      5524	80008890	403d0833	sub	x16,x26,x3	 x26:0x0000875f  x3:0x8000875f x16=0x80000000
       56255000	      5526	80008894	02df4733	div	x14,x30,x13	 x30:0xffffff56 x13:0x00000000 x14=0xffffffff
       56265000	      5527	80008898	860ae493	ori	x9,x21,-1952	 x21:0x800087a8  x9=0xffffffe8
       56275000	      5528	8000889c	030df363	bgeu	x27,x16,800088c2	 x27:0x00000000 x16:0x80000000
       56285000	      5529	800088a0	0071fc33	and	x24,x3,x7	  x3:0x8000875f  x7:0x80000000 x24=0x80000000
       56295000	      5530	800088a4	014ef733	and	x14,x29,x20	 x29:0x00000000 x20:0x80025cf5 x14=0x00000000
       56305000	      5531	800088a8	36958197	auipc	x3,0x36958	  x3=0xb69608a8
       56315000	      5532	800088ac	4002d533	sra	x10,x5,x0	  x5:0x80021df0  x0:0x00000000 x10=0x80021df0
       56325000	      5533	800088b0	00f73133	sltu	x2,x14,x15	 x14:0x00000000 x15:0x80025ce4  x2=0x00000001
       56335000	      5534	800088b4	8292	c.mv	x5,x4	  x0:0x00000000  x4:0x80021dac  x5=0x80021dac
       56375000	      5538	800088b6	03cf3033	mulhu	x0,x30,x28	 x30:0xffffff56 x28:0x80021dc0  x0=0x00000000
       56385000	      5539	800088ba	8d51	c.or	x10,x12	 x10:0x80021df0 x12:0x00001000 x10=0x80021df0
       56395000	      5540	800088bc	00cdd433	srl	x8,x27,x12	 x27:0x00000000 x12:0x00001000  x8=0x00000000
       56405000	      5541	800088c0	0bf5	c.addi	x23,29	 x23:0x00016000 x23=0x0001601d
       56425000	      5543	800088c2	03bfceb3	div	x29,x31,x27	 x31:0x7b4a10a5 x27:0x00000000 x29=0xffffffff
       56435000	      5544	800088c6	00886db3	or	x27,x16,x8	 x16:0x80000000  x8:0x00000000 x27=0x80000000
       56445000	      5545	800088ca	0296	c.slli	x5,0x5	  x5:0x80021dac  x5=0x0043b580
       56455000	      5546	800088cc	8e51	c.or	x12,x12	 x12:0x00001000 x12:0x00001000 x12=0x00001000
       56465000	      5547	800088ce	0000100f	fence.i	
       56495000	      5550	800088d2	f712ca13	xori	x20,x5,-143	  x5:0x0043b580 x20=0xffbc4af1
       56505000	      5551	800088d6	8961	c.andi	x10,24	 x10:0x80021df0 x10=0x00000010
       56515000	      5552	800088d8	8c91	c.sub	x9,x12	  x9:0xffffffe8 x12:0x00001000  x9=0xffffefe8
       56525000	      5553	800088da	6b85	c.lui	x23,0x1	 x23=0x00001000
       56535000	      5554	800088dc	00a01813	slli	x16,x0,0xa	  x0:0x00000000 x16=0x00000000
       56905000	      5591	800088e0	02f3e1b3	rem	x3,x7,x15	  x7:0x80000000 x15:0x80025ce4  x3=0xfffda31c
       56915000	      5592	800088e4	8d5a	c.mv	x26,x22	  x0:0x00000000 x22:0x000000e0 x26=0x000000e0
       56925000	      5593	800088e6	8166	c.mv	x2,x25	  x0:0x00000000 x25:0x80021dac  x2=0x80021dac
       56935000	      5594	800088e8	f43d3b13	sltiu	x22,x26,-189	 x26:0x000000e0 x22=0x00000001
       56955000	      5596	800088ec	030a4533	div	x10,x20,x16	 x20:0xffbc4af1 x16:0x00000000 x10=0xffffffff
       57325000	      5633	800088f0	02b9d133	divu	x2,x19,x11	 x19:0x7b4a10a6 x11:0x2ae70fc6  x2=0x00000002
       57335000	      5634	800088f4	0ff0000f	fence	iorw,iorw	
       57345000	      5635	800088f8	987d	c.andi	x8,-1	  x8:0x00000000  x8=0x00000000
       57355000	      5636	800088fa	d0848c13	addi	x24,x9,-760	  x9:0xffffefe8 x24=0xffffecf0
       57365000	      5637	800088fe	5cd94f13	xori	x30,x18,1485	 x18:0x00000001 x30=0x000005cc
       57375000	      5638	80008902	410454b3	sra	x9,x8,x16	  x8:0x00000000 x16:0x00000000  x9=0x00000000
       57385000	      5639	80008906	0004c833	xor	x16,x9,x0	  x9:0x00000000  x0:0x00000000 x16=0x00000000
       57395000	      5640	8000890a	26fe6313	ori	x6,x28,623	 x28:0x80021dc0  x6=0x80021fef
       57405000	      5641	8000890e	004e2a83	lw	x21,4(x28)	 x28:0x80021dc0 x21=0x800087a8 PA:0x80021dc4 load:0x800087a8
       57415000	      5642	80008912	2f4a4913	xori	x18,x20,756	 x20:0xffbc4af1 x18=0xffbc4805
       57425000	      5643	80008916	03ce0e13	addi	x28,x28,60	 x28:0x80021dc0 x28=0x80021dfc
       57435000	      5644	8000891a	6ec1	c.lui	x29,0x10	 x29=0x00010000
       57445000	      5645	8000891c	f64beb37	lui	x22,0xf64be	 x22=0xf64be000
       57455000	      5646	80008920	8b4d	c.andi	x14,19	 x14:0x00000000 x14=0x00000000
       57465000	      5647	80008922	0000100f	fence.i	
       57495000	      5650	80008926	000a8c13	addi	x24,x21,0	 x21:0x800087a8 x24=0x800087a8
       57505000	      5651	8000892a	9c02	c.jalr	x24	 x24:0x800087a8  x1=0x8000892c
       57525000	      5653	800087a8	01725233	srl	x4,x4,x23	  x4:0x80021dac x23:0x00001000  x4=0x80021dac
       57895000	      5690	800087ac	0249ccb3	div	x25,x19,x4	 x19:0x7b4a10a6  x4:0x80021dac x25=0x00000000
       57905000	      5691	800087b0	41ac8633	sub	x12,x25,x26	 x25:0x00000000 x26:0x000000e0 x12=0xffffff20
       57915000	      5692	800087b4	019480b3	add	x1,x9,x25	  x9:0x00000000 x25:0x00000000  x1=0x00000000
       57925000	      5693	800087b8	01791e63	bne	x18,x23,800087d4	 x18:0xffbc4805 x23:0x00001000
       57945000	      5695	800087d4	17182693	slti	x13,x16,369	 x16:0x00000000 x13=0x00000001
       57955000	      5696	800087d8	018e2fb3	slt	x31,x28,x24	 x28:0x80021dfc x24:0x800087a8 x31=0x00000000
       57965000	      5697	800087dc	4055d433	sra	x8,x11,x5	 x11:0x2ae70fc6  x5:0x0043b580  x8=0x2ae70fc6
       57975000	      5698	800087e0	834d	c.srli	x14,0x13	 x14:0x00000000 x14=0x00000000
       57985000	      5699	800087e2	004e2a83	lw	x21,4(x28)	 x28:0x80021dfc x21=0x8000639e PA:0x80021e00 load:0x8000639e
       57995000	      5700	800087e6	1cfd	c.addi	x25,-1	 x25:0x00000000 x25=0xffffffff
       58005000	      5701	800087e8	01351713	slli	x14,x10,0x13	 x10:0xffffffff x14=0xfff80000
       58015000	      5702	800087ec	038e0e13	addi	x28,x28,56	 x28:0x80021dfc x28=0x80021e34
       58025000	      5703	800087f0	f56d6193	ori	x3,x26,-170	 x26:0x000000e0  x3=0xfffffff6
       58035000	      5704	800087f4	000a8693	addi	x13,x21,0	 x21:0x8000639e x13=0x8000639e
       58045000	      5705	800087f8	000686e7	jalr	x13,0(x13)	 x13:0x8000639e x13=0x800087fc
       58105000	      5711	8000639e	030e9c33	mulh	x24,x29,x16	 x29:0x00010000 x16:0x00000000 x24=0x00000000
       58115000	      5712	800063a2	019ab433	sltu	x8,x21,x25	 x21:0x8000639e x25:0xffffffff  x8=0x00000001
       58125000	      5713	800063a6	4026d6b3	sra	x13,x13,x2	 x13:0x800087fc  x2:0x00000002 x13=0xe00021ff
       58135000	      5714	800063aa	1690	c.addi4spn	x12,x2,864	 x12=0x00000362
       58145000	      5715	800063ac	00f2d313	srli	x6,x5,0xf	  x5:0x0043b580  x6=0x00000087
       58155000	      5716	800063b0	00605c93	srli	x25,x0,0x6	  x0:0x00000000 x25=0x00000000
       58165000	      5717	800063b4	0e9fad13	slti	x26,x31,233	 x31:0x00000000 x26=0x00000001
       58175000	      5718	800063b8	0139cc33	xor	x24,x19,x19	 x19:0x7b4a10a6 x19:0x7b4a10a6 x24=0x00000000
       58185000	      5719	800063bc	000300b3	add	x1,x6,x0	  x6:0x00000087  x0:0x00000000  x1=0x00000087
       58195000	      5720	800063c0	56fd	c.li	x13,-1	 x13=0xffffffff
       58205000	      5721	800063c2	00efa933	slt	x18,x31,x14	 x31:0x00000000 x14:0xfff80000 x18=0x00000000
       58215000	      5722	800063c6	00aa8933	add	x18,x21,x10	 x21:0x8000639e x10:0xffffffff x18=0x8000639d
       58585000	      5759	800063ca	03d96933	rem	x18,x18,x29	 x18:0x8000639d x29:0x00010000 x18=0xffff639d
       58595000	      5760	800063ce	01a7cfb3	xor	x31,x15,x26	 x15:0x80025ce4 x26:0x00000001 x31=0x80025ce5
       58605000	      5761	800063d2	013ff863	bgeu	x31,x19,800063e2	 x31:0x80025ce5 x19:0x7b4a10a6
       58665000	      5767	800063e2	02c0afb3	mulhsu	x31,x1,x12	  x1:0x00000087 x12:0x00000362 x31=0x00000000
       59035000	      5804	800063e6	034d4033	div	x0,x26,x20	 x26:0x00000001 x20:0xffbc4af1  x0=0x00000000
       59045000	      5805	800063ea	009d2db3	slt	x27,x26,x9	 x26:0x00000001  x9:0x00000000 x27=0x00000000
       59055000	      5806	800063ee	0ff0000f	fence	iorw,iorw	
       59065000	      5807	800063f2	01dca633	slt	x12,x25,x29	 x25:0x00000000 x29:0x00010000 x12=0x00000001
       59075000	      5808	800063f6	0ff0000f	fence	iorw,iorw	
       59445000	      5845	800063fa	03aff633	remu	x12,x31,x26	 x31:0x00000000 x26:0x00000001 x12=0x00000000
       59455000	      5846	800063fe	40530c33	sub	x24,x6,x5	  x6:0x00000087  x5:0x0043b580 x24=0xffbc4b07
       59465000	      5847	80006402	00495c33	srl	x24,x18,x4	 x18:0xffff639d  x4:0x80021dac x24=0x000ffff6
       59475000	      5848	80006406	8589	c.srai	x11,0x2	 x11:0x2ae70fc6 x11=0x0ab9c3f1
       59485000	      5849	80006408	9c7a	c.add	x24,x30	 x24:0x000ffff6 x30:0x000005cc x24=0x001005c2
       59495000	      5850	8000640a	014d30b3	sltu	x1,x26,x20	 x26:0x00000001 x20:0xffbc4af1  x1=0x00000001
       59505000	      5851	8000640e	1efd	c.addi	x29,-1	 x29:0x00010000 x29=0x0000ffff
       59515000	      5852	80006410	0001	c.addi	x0,0	  x0:0x00000000  x0=0x00000000
       59555000	      5856	80006412	02a1ab33	mulhsu	x22,x3,x10	  x3:0xfffffff6 x10:0xffffffff x22=0xfffffff6
       59565000	      5857	80006416	017b74b3	and	x9,x22,x23	 x22:0xfffffff6 x23:0x00001000  x9=0x00001000
       59575000	      5858	8000641a	40e8d713	srai	x14,x17,0xe	 x17:0x00000000 x14=0x00000000
       59595000	      5860	8000641e	020fd2b3	divu	x5,x31,x0	 x31:0x00000000  x0:0x00000000  x5=0xffffffff
       59605000	      5861	80006422	8cc1	c.or	x9,x8	  x9:0x00001000  x8:0x00000001  x9=0x00001001
       59635000	      5864	80006424	02340cb3	mul	x25,x8,x3	  x8:0x00000001  x3:0xfffffff6 x25=0xfffffff6
       59645000	      5865	80006428	02a18663	beq	x3,x10,80006454	  x3:0xfffffff6 x10:0xffffffff
       59655000	      5866	8000642c	035a	c.slli	x6,0x16	  x6:0x00000087  x6=0x21c00000
       59665000	      5867	8000642e	8df1	c.and	x11,x12	 x11:0x0ab9c3f1 x12:0x00000000 x11=0x00000000
       59675000	      5868	80006430	40e589b3	sub	x19,x11,x14	 x11:0x00000000 x14:0x00000000 x19=0x00000000
       59685000	      5869	80006434	01228f33	add	x30,x5,x18	  x5:0xffffffff x18:0xffff639d x30=0xffff639c
       59695000	      5870	80006438	414751b3	sra	x3,x14,x20	 x14:0x00000000 x20:0xffbc4af1  x3=0x00000000
       59705000	      5871	8000643c	03738363	beq	x7,x23,80006462	  x7:0x80000000 x23:0x00001000
       59715000	      5872	80006440	60c5	c.lui	x1,0x11	  x1=0x00011000
       59725000	      5873	80006442	0001	c.addi	x0,0	  x0:0x00000000  x0=0x00000000
       59735000	      5874	80006444	6bf9	c.lui	x23,0x1e	 x23=0x0001e000
       59745000	      5875	80006446	4249	c.li	x4,18	  x4=0x00000012
       59755000	      5876	80006448	0000100f	fence.i	
       59775000	      5878	8000644c	03c1cc63	blt	x3,x28,80006484	  x3:0x00000000 x28:0x80021e34
       59815000	      5882	80006450	039aa2b3	mulhsu	x5,x21,x25	 x21:0x8000639e x25:0xfffffff6  x5=0x800063a2
       59825000	      5883	80006454	8d9d	c.sub	x11,x15	 x11:0x00000000 x15:0x80025ce4 x11=0x7ffda31c
       59835000	      5884	80006456	d0c90313	addi	x6,x18,-756	 x18:0xffff639d  x6=0xffff60a9
       59845000	      5885	8000645a	99fd	c.andi	x11,-1	 x11:0x7ffda31c x11=0x7ffda31c
       59855000	      5886	8000645c	1880	c.addi4spn	x8,x2,112	  x8=0x00000072
       59865000	      5887	8000645e	8ed5	c.or	x13,x13	 x13:0xffffffff x13:0xffffffff x13=0xffffffff
       59875000	      5888	80006460	62a5	c.lui	x5,0x9	  x5=0x00009000
       60245000	      5925	80006462	02b26ab3	rem	x21,x4,x11	  x4:0x00000012 x11:0x7ffda31c x21=0x00000012
       60615000	      5962	80006466	027febb3	rem	x23,x31,x7	 x31:0x00000000  x7:0x80000000 x23=0x00000000
       60625000	      5963	8000646a	8c19	c.sub	x8,x14	  x8:0x00000072 x14:0x00000000  x8=0x00000072
       60635000	      5964	8000646c	fae1f993	andi	x19,x3,-82	  x3:0x00000000 x19=0x00000000
       60645000	      5965	80006470	00d69b13	slli	x22,x13,0xd	 x13:0xffffffff x22=0xffffe000
       60655000	      5966	80006474	8d25	c.xor	x10,x9	 x10:0xffffffff  x9:0x00001001 x10=0xffffeffe
       60665000	      5967	80006476	98a2	c.add	x17,x8	 x17:0x00000000  x8:0x00000072 x17=0x00000072
       60705000	      5971	80006478	034a16b3	mulh	x13,x20,x20	 x20:0xffbc4af1 x20:0xffbc4af1 x13=0x000011e8
       60715000	      5972	8000647c	cf09	c.beqz	x14,80006496	 x14:0x00000000
       60735000	      5974	80006496	8525	c.srai	x10,0x9	 x10:0xffffeffe x10=0xfffffff7
       60745000	      5975	80006498	69a46e93	ori	x29,x8,1690	  x8:0x00000072 x29=0x000006fa
       60755000	      5976	8000649c	33e32413	slti	x8,x6,830	  x6:0xffff60a9  x8=0x00000001
       60775000	      5978	800064a0	03b8f8b3	remu	x17,x17,x27	 x17:0x00000072 x27:0x00000000 x17=0x00000072
       60785000	      5979	800064a4	016ac033	xor	x0,x21,x22	 x21:0x00000012 x22:0xffffe000  x0=0x00000000
       60795000	      5980	800064a8	761d0f13	addi	x30,x26,1889	 x26:0x00000001 x30=0x00000762
       60805000	      5981	800064ac	9cd14093	xori	x1,x2,-1587	  x2:0x00000002  x1=0xfffff9cf
       60815000	      5982	800064b0	8d8d	c.sub	x11,x11	 x11:0x7ffda31c x11:0x7ffda31c x11=0x00000000
       60825000	      5983	800064b2	00979913	slli	x18,x15,0x9	 x15:0x80025ce4 x18=0x04b9c800
       60835000	      5984	800064b6	012e8463	beq	x29,x18,800064be	 x29:0x000006fa x18:0x04b9c800
       60845000	      5985	800064ba	01719e63	bne	x3,x23,800064d6	  x3:0x00000000 x23:0x00000000
       60855000	      5986	800064be	8c45	c.or	x8,x9	  x8:0x00000001  x9:0x00001001  x8=0x00001001
       61225000	      6023	800064c0	03155eb3	divu	x29,x10,x17	 x10:0xfffffff7 x17:0x00000072 x29=0x023ee08f
       61235000	      6024	800064c4	145a7f97	auipc	x31,0x145a7	 x31=0x945ad4c4
       61245000	      6025	800064c8	018c	c.addi4spn	x11,x2,192	 x11=0x000000c2
       61615000	      6062	800064ca	031c5733	divu	x14,x24,x17	 x24:0x001005c2 x17:0x00000072 x14=0x000023fa
       61625000	      6063	800064ce	01e17433	and	x8,x2,x30	  x2:0x00000002 x30:0x00000762  x8=0x00000002
       61995000	      6100	800064d2	031f6db3	rem	x27,x30,x17	 x30:0x00000762 x17:0x00000072 x27=0x00000042
       62035000	      6104	800064d6	029921b3	mulhsu	x3,x18,x9	 x18:0x04b9c800  x9:0x00001001  x3=0x0000004b
       62045000	      6105	800064da	88e9	c.andi	x9,26	  x9:0x00001001  x9=0x00000000
       62055000	      6106	800064dc	997d	c.andi	x10,-1	 x10:0xfffffff7 x10=0xfffffff7
       62065000	      6107	800064de	00c26c33	or	x24,x4,x12	  x4:0x00000012 x12:0x00000000 x24=0x00000012
       62095000	      6110	800064e2	02858bb3	mul	x23,x11,x8	 x11:0x000000c2  x8:0x00000002 x23=0x00000184
       62105000	      6111	800064e6	01cafb33	and	x22,x21,x28	 x21:0x00000012 x28:0x80021e34 x22=0x00000010
       62115000	      6112	800064ea	0001	c.addi	x0,0	  x0:0x00000000  x0=0x00000000
       62125000	      6113	800064ec	8d95	c.sub	x11,x13	 x11:0x000000c2 x13:0x000011e8 x11=0xffffeeda
       62135000	      6114	800064ee	8c65	c.and	x8,x9	  x8:0x00000002  x9:0x00000000  x8=0x00000000
       62145000	      6115	800064f0	01fb7863	bgeu	x22,x31,80006500	 x22:0x00000010 x31:0x945ad4c4
       62515000	      6152	800064f4	026358b3	divu	x17,x6,x6	  x6:0xffff60a9  x6:0xffff60a9 x17=0x00000001
       62525000	      6153	800064f8	01eb16b3	sll	x13,x22,x30	 x22:0x00000010 x30:0x00000762 x13=0x00000040
       62555000	      6156	800064fc	02ae8533	mul	x10,x29,x10	 x29:0x023ee08f x10:0xfffffff7 x10=0xebca1af9
       62565000	      6157	80006500	8c6d	c.and	x8,x11	  x8:0x00000000 x11:0xffffeeda  x8=0x00000000
       62575000	      6158	80006502	01d3d993	srli	x19,x7,0x1d	  x7:0x80000000 x19=0x00000004
       62585000	      6159	80006506	ef820113	addi	x2,x4,-264	  x4:0x00000012  x2=0xffffff0a
       62595000	      6160	8000650a	bc1aaeb7	lui	x29,0xbc1aa	 x29=0xbc1aa000
       62605000	      6161	8000650e	94be	c.add	x9,x15	  x9:0x00000000 x15:0x80025ce4  x9=0x80025ce4
       62615000	      6162	80006510	09194013	xori	x0,x18,145	 x18:0x04b9c800  x0=0x00000000
       62625000	      6163	80006514	8c19	c.sub	x8,x14	  x8:0x00000000 x14:0x000023fa  x8=0xffffdc06
       62635000	      6164	80006516	01066463	bltu	x12,x16,8000651e	 x12:0x00000000 x16:0x00000000
       62645000	      6165	8000651a	89f1	c.andi	x11,28	 x11:0xffffeeda x11=0x00000018
       62655000	      6166	8000651c	8e81	c.sub	x13,x8	 x13:0x00000040  x8:0xffffdc06 x13=0x0000243a
       62665000	      6167	8000651e	9a72	c.add	x20,x28	 x20:0xffbc4af1 x28:0x80021e34 x20=0x7fbe6925
       62675000	      6168	80006520	19fd	c.addi	x19,-1	 x19:0x00000004 x19=0x00000003
       62685000	      6169	80006522	0ff0000f	fence	iorw,iorw	
       62695000	      6170	80006526	001409b3	add	x19,x8,x1	  x8:0xffffdc06  x1:0xfffff9cf x19=0xffffd5d5
       62735000	      6174	8000652a	03d79db3	mulh	x27,x15,x29	 x15:0x80025ce4 x29:0xbc1aa000 x27=0x21f20f92
       62745000	      6175	8000652e	002e69b3	or	x19,x28,x2	 x28:0x80021e34  x2:0xffffff0a x19=0xffffff3e
       62765000	      6177	80006532	02c5e1b3	rem	x3,x11,x12	 x11:0x00000018 x12:0x00000000  x3=0x00000018
       62775000	      6178	80006536	0001	c.addi	x0,0	  x0:0x00000000  x0=0x00000000
       62785000	      6179	80006538	8f39	c.xor	x14,x14	 x14:0x000023fa x14:0x000023fa x14=0x00000000
       62795000	      6180	8000653a	98fd	c.andi	x9,-1	  x9:0x80025ce4  x9=0x80025ce4
       62805000	      6181	8000653c	006b8eb3	add	x29,x23,x6	 x23:0x00000184  x6:0xffff60a9 x29=0xffff622d
       62815000	      6182	80006540	0001	c.addi	x0,0	  x0:0x00000000  x0=0x00000000
       62825000	      6183	80006542	e801	c.bnez	x8,80006552	  x8:0xffffdc06
       62855000	      6186	80006552	01bb20b3	slt	x1,x22,x27	 x22:0x00000010 x27:0x21f20f92  x1=0x00000001
       62865000	      6187	80006556	0001	c.addi	x0,0	  x0:0x00000000  x0=0x00000000
       62875000	      6188	80006558	0163dc33	srl	x24,x7,x22	  x7:0x80000000 x22:0x00000010 x24=0x00008000
       62885000	      6189	8000655c	0001	c.addi	x0,0	  x0:0x00000000  x0=0x00000000
       62895000	      6190	8000655e	717d	c.addi16sp	x2,-16	  x2:0xffffff0a  x2=0xfffffefa
       62905000	      6191	80006560	003a9233	sll	x4,x21,x3	 x21:0x00000012  x3:0x00000018  x4=0x12000000
       62915000	      6192	80006564	01b95913	srli	x18,x18,0x1b	 x18:0x04b9c800 x18=0x00000000
       62925000	      6193	80006568	8756	c.mv	x14,x21	  x0:0x00000000 x21:0x00000012 x14=0x00000012
       62935000	      6194	8000656a	8dc1	c.or	x11,x8	 x11:0x00000018  x8:0xffffdc06 x11=0xffffdc1e
       62945000	      6195	8000656c	6571	c.lui	x10,0x1c	 x10=0x0001c000
       62955000	      6196	8000656e	0001	c.addi	x0,0	  x0:0x00000000  x0=0x00000000
       62965000	      6197	80006570	03bb6663	bltu	x22,x27,8000659c	 x22:0x00000010 x27:0x21f20f92
       63015000	      6202	8000659c	0332aab3	mulhsu	x21,x5,x19	  x5:0x00009000 x19:0xffffff3e x21=0x00008fff
       63025000	      6203	800065a0	9166	c.add	x2,x25	  x2:0xfffffefa x25:0xfffffff6  x2=0xfffffef0
       63035000	      6204	800065a2	8005	c.srli	x8,0x1	  x8:0xffffdc06  x8=0x7fffee03
       63045000	      6205	800065a4	0011e433	or	x8,x3,x1	  x3:0x00000018  x1:0x00000001  x8=0x00000019
       63055000	      6206	800065a8	002b0663	beq	x22,x2,800065b4	 x22:0x00000010  x2:0xfffffef0
       63425000	      6243	800065ac	03387833	remu	x16,x16,x19	 x16:0x00000000 x19:0xffffff3e x16=0x00000000
       63435000	      6244	800065b0	403b8eb3	sub	x29,x23,x3	 x23:0x00000184  x3:0x00000018 x29=0x0000016c
       63445000	      6245	800065b4	02210063	beq	x2,x2,800065d4	  x2:0xfffffef0  x2:0xfffffef0
       63465000	      6247	800065d4	010a1a63	bne	x20,x16,800065e8	 x20:0x7fbe6925 x16:0x00000000
       63485000	      6249	800065e8	0000100f	fence.i	
       63505000	      6251	800065ec	8d39	c.xor	x10,x14	 x10:0x0001c000 x14:0x00000012 x10=0x0001c012
       63515000	      6252	800065ee	0b51	c.addi	x22,20	 x22:0x00000010 x22=0x00000024
       63525000	      6253	800065f0	0a92	c.slli	x21,0x4	 x21:0x00008fff x21=0x0008fff0
       63535000	      6254	800065f2	4281	c.li	x5,0	  x5=0x00000000
       63545000	      6255	800065f4	40605f33	sra	x30,x0,x6	  x0:0x00000000  x6:0xffff60a9 x30=0x00000000
       63555000	      6256	800065f8	cb01	c.beqz	x14,80006608	 x14:0x00000012
       63595000	      6260	800065fa	023129b3	mulhsu	x19,x2,x3	  x2:0xfffffef0  x3:0x00000018 x19=0xffffffff
       63605000	      6261	800065fe	0001	c.addi	x0,0	  x0:0x00000000  x0=0x00000000
       63615000	      6262	80006600	deddcb97	auipc	x23,0xdeddc	 x23=0x5ede2600
       63625000	      6263	80006604	00432433	slt	x8,x6,x4	  x6:0xffff60a9  x4:0x12000000  x8=0x00000001
       63635000	      6264	80006608	1b4c4217	auipc	x4,0x1b4c4	  x4=0x9b4ca608
       63645000	      6265	8000660c	010e5a33	srl	x20,x28,x16	 x28:0x80021e34 x16:0x00000000 x20=0x80021e34
       63655000	      6266	80006610	41798233	sub	x4,x19,x23	 x19:0xffffffff x23:0x5ede2600  x4=0xa121d9ff
       63665000	      6267	80006614	03197a63	bgeu	x18,x17,80006648	 x18:0x00000000 x17:0x00000001
       63705000	      6271	80006618	02b21433	mulh	x8,x4,x11	  x4:0xa121d9ff x11:0xffffdc1e  x8=0x00000d4c
       64075000	      6308	8000661c	035fda33	divu	x20,x31,x21	 x31:0x945ad4c4 x21:0x0008fff0 x20=0x0000107b
       64445000	      6345	80006620	02eb5d33	divu	x26,x22,x14	 x22:0x00000024 x14:0x00000012 x26=0x00000002
       64455000	      6346	80006624	73367113	andi	x2,x12,1843	 x12:0x00000000  x2=0x00000000
       64465000	      6347	80006628	0080f663	bgeu	x1,x8,80006634	  x1:0x00000001  x8:0x00000d4c
       64475000	      6348	8000662c	001c6a63	bltu	x24,x1,80006640	 x24:0x00008000  x1:0x00000001
       64485000	      6349	80006630	8b55	c.andi	x14,21	 x14:0x00000012 x14=0x00000010
       64495000	      6350	80006632	5ffd	c.li	x31,-1	 x31=0xffffffff
       64505000	      6351	80006634	31588437	lui	x8,0x31588	  x8=0x31588000
       64515000	      6352	80006638	0038e5b3	or	x11,x17,x3	 x17:0x00000001  x3:0x00000018 x11=0x00000019
       64525000	      6353	8000663c	01f57463	bgeu	x10,x31,80006644	 x10:0x0001c012 x31:0xffffffff
       64535000	      6354	80006640	0000100f	fence.i	
       64555000	      6356	80006644	f690b593	sltiu	x11,x1,-151	  x1:0x00000001 x11=0x00000001
       64565000	      6357	80006648	0184da33	srl	x20,x9,x24	  x9:0x80025ce4 x24:0x00008000 x20=0x80025ce4
       64605000	      6361	8000664c	02599c33	mulh	x24,x19,x5	 x19:0xffffffff  x5:0x00000000 x24=0x00000000
       64615000	      6362	80006650	0252ff93	andi	x31,x5,37	  x5:0x00000000 x31=0x00000000
       64645000	      6365	80006654	02498eb3	mul	x29,x19,x4	 x19:0xffffffff  x4:0xa121d9ff x29=0x5ede2601
       64655000	      6366	80006658	01ce8d33	add	x26,x29,x28	 x29:0x5ede2601 x28:0x80021e34 x26=0xdee04435
       64665000	      6367	8000665c	c5f0b913	sltiu	x18,x1,-929	  x1:0x00000001 x18=0x00000001
       64675000	      6368	80006660	0045e533	or	x10,x11,x4	 x11:0x00000001  x4:0xa121d9ff x10=0xa121d9ff
       64715000	      6372	80006664	02fa92b3	mulh	x5,x21,x15	 x21:0x0008fff0 x15:0x80025ce4  x5=0xfffb801d
       64725000	      6373	80006668	9afd	c.andi	x13,-1	 x13:0x0000243a x13=0x0000243a
       64735000	      6374	8000666a	00211263	bne	x2,x2,8000666e	  x2:0x00000000  x2:0x00000000
       64745000	      6375	8000666e	41b8d013	srai	x0,x17,0x1b	 x17:0x00000001  x0=0x00000000
       64755000	      6376	80006672	06df8a13	addi	x20,x31,109	 x31:0x00000000 x20=0x0000006d
       64775000	      6378	80006676	03eef233	remu	x4,x29,x30	 x29:0x5ede2601 x30:0x00000000  x4=0x5ede2601
       64785000	      6379	8000667a	8531	c.srai	x10,0xc	 x10:0xa121d9ff x10=0xfffa121d
       64795000	      6380	8000667c	8f79	c.and	x14,x14	 x14:0x00000010 x14:0x00000010 x14=0x00000010
       64805000	      6381	8000667e	4b11	c.li	x22,4	 x22=0x00000004
       64845000	      6385	80006680	03e0acb3	mulhsu	x25,x1,x30	  x1:0x00000001 x30:0x00000000 x25=0x00000000
       64855000	      6386	80006684	1c377313	andi	x6,x14,451	 x14:0x00000010  x6=0x00000000
       64865000	      6387	80006688	4124df13	srai	x30,x9,0x12	  x9:0x80025ce4 x30=0xffffe000
       64875000	      6388	8000668c	03516763	bltu	x2,x21,800066ba	  x2:0x00000000 x21:0x0008fff0
       64905000	      6391	800066ba	01cbda13	srli	x20,x23,0x1c	 x23:0x5ede2600 x20=0x00000005
       64915000	      6392	800066be	01ba6cb3	or	x25,x20,x27	 x20:0x00000005 x27:0x21f20f92 x25=0x21f20f97
       64925000	      6393	800066c2	57564413	xori	x8,x12,1397	 x12:0x00000000  x8=0x00000575
       64935000	      6394	800066c6	8735	c.srai	x14,0xd	 x14:0x00000010 x14=0x00000000
       64945000	      6395	800066c8	00a2d2b3	srl	x5,x5,x10	  x5:0xfffb801d x10:0xfffa121d  x5=0x00000007
       64955000	      6396	800066cc	717d	c.addi16sp	x2,-16	  x2:0x00000000  x2=0xfffffff0
       64965000	      6397	800066ce	6ed9	c.lui	x29,0x16	 x29=0x00016000
       65335000	      6434	800066d0	037870b3	remu	x1,x16,x23	 x16:0x00000000 x23:0x5ede2600  x1=0x00000000
       65345000	      6435	800066d4	e3943693	sltiu	x13,x8,-455	  x8:0x00000575 x13=0x00000001
       65355000	      6436	800066d8	0000100f	fence.i	
       65375000	      6438	800066dc	018980b3	add	x1,x19,x24	 x19:0xffffffff x24:0x00000000  x1=0xffffffff
       65385000	      6439	800066e0	01d1	c.addi	x3,20	  x3:0x00000018  x3=0x0000002c
       65395000	      6440	800066e2	717d	c.addi16sp	x2,-16	  x2:0xfffffff0  x2=0xffffffe0
       65405000	      6441	800066e4	e99d	c.bnez	x11,8000671a	 x11:0x00000001
       65435000	      6444	8000671a	020c1963	bne	x24,x0,8000674c	 x24:0x00000000  x0:0x00000000
       65445000	      6445	8000671e	01dcf833	and	x16,x25,x29	 x25:0x21f20f97 x29:0x00016000 x16=0x00000000
       65455000	      6446	80006722	02d30b63	beq	x6,x13,80006758	  x6:0x00000000 x13:0x00000001
       65465000	      6447	80006726	0f10	c.addi4spn	x12,x2,912	 x12=0x00000370
       65475000	      6448	80006728	004d40b3	xor	x1,x26,x4	 x26:0xdee04435  x4:0x5ede2601  x1=0x803e6234
       65485000	      6449	8000672c	8cd9	c.or	x9,x14	  x9:0x80025ce4 x14:0x00000000  x9=0x80025ce4
       65495000	      6450	8000672e	01195863	bge	x18,x17,8000673e	 x18:0x00000001 x17:0x00000001
       65525000	      6453	8000673e	01df1863	bne	x30,x29,8000674e	 x30:0xffffe000 x29:0x00016000
       65585000	      6459	8000674e	031f3d33	mulhu	x26,x30,x17	 x30:0xffffe000 x17:0x00000001 x26=0x00000000
       65595000	      6460	80006752	418ad0b3	sra	x1,x21,x24	 x21:0x0008fff0 x24:0x00000000  x1=0x0008fff0
       65605000	      6461	80006756	6171	c.addi16sp	x2,336	  x2:0xffffffe0  x2=0x00000130
       65615000	      6462	80006758	0000100f	fence.i	
       65635000	      6464	8000675c	00b1dfb3	srl	x31,x3,x11	  x3:0x0000002c x11:0x00000001 x31=0x00000016
       65645000	      6465	80006760	0000100f	fence.i	
       65665000	      6467	80006764	40430633	sub	x12,x6,x4	  x6:0x00000000  x4:0x5ede2601 x12=0xa121d9ff
       65705000	      6471	80006768	02e83eb3	mulhu	x29,x16,x14	 x16:0x00000000 x14:0x00000000 x29=0x00000000
       65715000	      6472	8000676c	41495cb3	sra	x25,x18,x20	 x18:0x00000001 x20:0x00000005 x25=0x00000000
       65725000	      6473	80006770	c91d	c.beqz	x10,800067a6	 x10:0xfffa121d
       65735000	      6474	80006772	c8994913	xori	x18,x18,-887	 x18:0x00000001 x18=0xfffffc88
       65745000	      6475	80006776	eecbff13	andi	x30,x23,-276	 x23:0x5ede2600 x30=0x5ede2600
       65775000	      6478	8000677a	03d30d33	mul	x26,x6,x29	  x6:0x00000000 x29:0x00000000 x26=0x00000000
       65785000	      6479	8000677e	007e5733	srl	x14,x28,x7	 x28:0x80021e34  x7:0x80000000 x14=0x80021e34
       65795000	      6480	80006782	94fce917	auipc	x18,0x94fce	 x18=0x14fd4782
       65805000	      6481	80006786	00569c33	sll	x24,x13,x5	 x13:0x00000001  x5:0x00000007 x24=0x00000080
       66175000	      6518	8000678a	02a6d5b3	divu	x11,x13,x10	 x13:0x00000001 x10:0xfffa121d x11=0x00000000
       66185000	      6519	8000678e	01c1	c.addi	x3,16	  x3:0x0000002c  x3=0x0000003c
       66225000	      6523	80006790	03f49033	mulh	x0,x9,x31	  x9:0x80025ce4 x31:0x00000016  x0=0x00000000
       66235000	      6524	80006794	c219	c.beqz	x12,8000679a	 x12:0xa121d9ff
       66245000	      6525	80006796	0e18	c.addi4spn	x14,x2,784	 x14=0x00000440
       66255000	      6526	80006798	80a5	c.srli	x9,0x9	  x9:0x80025ce4  x9=0x0040012e
       66265000	      6527	8000679a	909a	c.add	x1,x6	  x1:0x0008fff0  x6:0x00000000  x1=0x0008fff0
       66275000	      6528	8000679c	717d	c.addi16sp	x2,-16	  x2:0x00000130  x2=0x00000120
       66285000	      6529	8000679e	577d	c.li	x14,-1	 x14=0xffffffff
       66295000	      6530	800067a0	0765	c.addi	x14,25	 x14:0xffffffff x14=0x00000018
       66305000	      6531	800067a2	006c9693	slli	x13,x25,0x6	 x25:0x00000000 x13=0x00000000
       66315000	      6532	800067a6	02248663	beq	x9,x2,800067d2	  x9:0x0040012e  x2:0x00000120
       66325000	      6533	800067aa	609f0bb7	lui	x23,0x609f0	 x23=0x609f0000
       66335000	      6534	800067ae	01e6b533	sltu	x10,x13,x30	 x13:0x00000000 x30:0x5ede2600 x10=0x00000001
       66345000	      6535	800067b2	8e6d	c.and	x12,x11	 x12:0xa121d9ff x11:0x00000000 x12=0x00000000
       66355000	      6536	800067b4	0055c0b3	xor	x1,x11,x5	 x11:0x00000000  x5:0x00000007  x1=0x00000007
       66365000	      6537	800067b8	8d45	c.or	x10,x9	 x10:0x00000001  x9:0x0040012e x10=0x0040012f
       66735000	      6574	800067ba	034d6133	rem	x2,x26,x20	 x26:0x00000000 x20:0x00000005  x2=0x00000000
       66745000	      6575	800067be	94fa	c.add	x9,x30	  x9:0x0040012e x30:0x5ede2600  x9=0x5f1e272e
       66755000	      6576	800067c0	01bc1db3	sll	x27,x24,x27	 x24:0x00000080 x27:0x21f20f92 x27=0x02000000
       66765000	      6577	800067c4	0315f063	bgeu	x11,x17,800067e4	 x11:0x00000000 x17:0x00000001
       66805000	      6581	800067c8	02ea35b3	mulhu	x11,x20,x14	 x20:0x00000005 x14:0x00000018 x11=0x00000000
       66815000	      6582	800067cc	00d94a33	xor	x20,x18,x13	 x18:0x14fd4782 x13:0x00000000 x20=0x14fd4782
       66825000	      6583	800067d0	ee11	c.bnez	x12,800067ec	 x12:0x00000000
       66835000	      6584	800067d2	0001	c.addi	x0,0	  x0:0x00000000  x0=0x00000000
       66845000	      6585	800067d4	00a1f233	and	x4,x3,x10	  x3:0x0000003c x10:0x0040012f  x4=0x0000002c
       66855000	      6586	800067d8	9892	c.add	x17,x4	 x17:0x00000001  x4:0x0000002c x17=0x0000002d
       66865000	      6587	800067da	969a	c.add	x13,x6	 x13:0x00000000  x6:0x00000000 x13=0x00000000
       66875000	      6588	800067dc	b13f6293	ori	x5,x30,-1261	 x30:0x5ede2600  x5=0xffffff13
       66905000	      6591	800067e0	03f60b33	mul	x22,x12,x31	 x12:0x00000000 x31:0x00000016 x22=0x00000000
       66935000	      6594	800067e4	03cf0b33	mul	x22,x30,x28	 x30:0x5ede2600 x28:0x80021e34 x22=0x9993b800
       66945000	      6595	800067e8	0153cdb3	xor	x27,x7,x21	  x7:0x80000000 x21:0x0008fff0 x27=0x8008fff0
       66955000	      6596	800067ec	e4746d13	ori	x26,x8,-441	  x8:0x00000575 x26=0xffffff77
       66965000	      6597	800067f0	7ed46597	auipc	x11,0x7ed46	 x11=0xfed4c7f0
       66975000	      6598	800067f4	c911	c.beqz	x10,80006808	 x10:0x0040012f
       66985000	      6599	800067f6	c699	c.beqz	x13,80006804	 x13:0x00000000
       67005000	      6601	80006804	c515	c.beqz	x10,80006830	 x10:0x0040012f
       67015000	      6602	80006806	0001	c.addi	x0,0	  x0:0x00000000  x0=0x00000000
       67025000	      6603	80006808	8eac3993	sltiu	x19,x24,-1814	 x24:0x00000080 x19=0x00000001
       67035000	      6604	8000680c	0897f913	andi	x18,x15,137	 x15:0x80025ce4 x18=0x00000080
       67045000	      6605	80006810	0ff0000f	fence	iorw,iorw	
       67055000	      6606	80006814	419ed2b3	sra	x5,x29,x25	 x29:0x00000000 x25:0x00000000  x5=0x00000000
       67065000	      6607	80006818	0001	c.addi	x0,0	  x0:0x00000000  x0=0x00000000
       67075000	      6608	8000681a	7019b213	sltiu	x4,x19,1793	 x19:0x00000001  x4=0x00000001
       67085000	      6609	8000681e	cd19	c.beqz	x10,8000683c	 x10:0x0040012f
       67095000	      6610	80006820	02fd7a63	bgeu	x26,x15,80006854	 x26:0xffffff77 x15:0x80025ce4
       67115000	      6612	80006854	8efd	c.and	x13,x15	 x13:0x00000000 x15:0x80025ce4 x13=0x00000000
       67125000	      6613	80006856	4a7b04b7	lui	x9,0x4a7b0	  x9=0x4a7b0000
       67135000	      6614	8000685a	997d	c.andi	x10,-1	 x10:0x0040012f x10=0x0040012f
       67145000	      6615	8000685c	9a1a	c.add	x20,x6	 x20:0x14fd4782  x6:0x00000000 x20=0x14fd4782
       67155000	      6616	8000685e	ef0d	c.bnez	x14,80006898	 x14:0x00000018
       67175000	      6618	80006898	8d1d	c.sub	x10,x15	 x10:0x0040012f x15:0x80025ce4 x10=0x803da44b
       67185000	      6619	8000689a	329c7693	andi	x13,x24,809	 x24:0x00000080 x13=0x00000000
       67195000	      6620	8000689e	9cc6	c.add	x25,x17	 x25:0x00000000 x17:0x0000002d x25=0x0000002d
       67205000	      6621	800068a0	cf68bc93	sltiu	x25,x17,-778	 x17:0x0000002d x25=0x00000001
       67215000	      6622	800068a4	e497f013	andi	x0,x15,-439	 x15:0x80025ce4  x0=0x00000000
       67225000	      6623	800068a8	c78bfe97	auipc	x29,0xc78bf	 x29=0x478c58a8
       67235000	      6624	800068ac	8241	c.srli	x12,0x10	 x12:0x00000000 x12=0x00000000
       67255000	      6626	800068ae	03095833	divu	x16,x18,x16	 x18:0x00000080 x16:0x00000000 x16=0xffffffff
       67265000	      6627	800068b2	014e4833	xor	x16,x28,x20	 x28:0x80021e34 x20:0x14fd4782 x16=0x94ff59b6
       67275000	      6628	800068b6	00631f33	sll	x30,x6,x6	  x6:0x00000000  x6:0x00000000 x30=0x00000000
       67285000	      6629	800068ba	67c7cd13	xori	x26,x15,1660	 x15:0x80025ce4 x26=0x80025a98
       67295000	      6630	800068be	05b2	c.slli	x11,0xc	 x11:0xfed4c7f0 x11=0x4c7f0000
       67305000	      6631	800068c0	72514d13	xori	x26,x2,1829	  x2:0x00000000 x26=0x00000725
       67675000	      6668	800068c4	03584633	div	x12,x16,x21	 x16:0x94ff59b6 x21:0x0008fff0 x12=0xfffff41d
       67685000	      6669	800068c8	f684f213	andi	x4,x9,-152	  x9:0x4a7b0000  x4=0x4a7b0000
       67695000	      6670	800068cc	ceba4513	xori	x10,x20,-789	 x20:0x14fd4782 x10=0xeb02bb69
       67705000	      6671	800068d0	011fe563	bltu	x31,x17,800068da	 x31:0x00000016 x17:0x0000002d
       67725000	      6673	800068da	41a9	c.li	x3,10	  x3=0x0000000a
       67735000	      6674	800068dc	0000100f	fence.i	
       67755000	      6676	800068e0	00d8cc33	xor	x24,x17,x13	 x17:0x0000002d x13:0x00000000 x24=0x0000002d
       67765000	      6677	800068e4	8ad2	c.mv	x21,x20	  x0:0x00000000 x20:0x14fd4782 x21=0x14fd4782
       67775000	      6678	800068e6	03e5d663	bge	x11,x30,80006912	 x11:0x4c7f0000 x30:0x00000000
       67795000	      6680	80006912	617d	c.addi16sp	x2,496	  x2:0x00000000  x2=0x000001f0
       67805000	      6681	80006914	014fd213	srli	x4,x31,0x14	 x31:0x00000016  x4=0x00000000
       67815000	      6682	80006918	64f5	c.lui	x9,0x1d	  x9=0x0001d000
       67825000	      6683	8000691a	40068a33	sub	x20,x13,x0	 x13:0x00000000  x0:0x00000000 x20=0x00000000
       67865000	      6687	8000691e	02ddb133	mulhu	x2,x27,x13	 x27:0x8008fff0 x13:0x00000000  x2=0x00000000
       67875000	      6688	80006922	01021a93	slli	x21,x4,0x10	  x4:0x00000000 x21=0x00000000
       67915000	      6692	80006926	034a2433	mulhsu	x8,x20,x20	 x20:0x00000000 x20:0x00000000  x8=0x00000000
       67925000	      6693	8000692a	8516	c.mv	x10,x5	  x0:0x00000000  x5:0x00000000 x10=0x00000000
       67935000	      6694	8000692c	980e	c.add	x16,x3	 x16:0x94ff59b6  x3:0x0000000a x16=0x94ff59c0
       67945000	      6695	8000692e	405f5893	srai	x17,x30,0x5	 x30:0x00000000 x17=0x00000000
       67955000	      6696	80006932	6ea9	c.lui	x29,0xa	 x29=0x0000a000
       67965000	      6697	80006934	00829413	slli	x8,x5,0x8	  x5:0x00000000  x8=0x00000000
       67975000	      6698	80006938	2a6c7293	andi	x5,x24,678	 x24:0x0000002d  x5=0x00000024
       67985000	      6699	8000693c	0af10893	addi	x17,x2,175	  x2:0x00000000 x17=0x000000af
       67995000	      6700	80006940	009b6db3	or	x27,x22,x9	 x22:0x9993b800  x9:0x0001d000 x27=0x9993f800
       68005000	      6701	80006944	0001	c.addi	x0,0	  x0:0x00000000  x0=0x00000000
       68015000	      6702	80006946	8edd	c.or	x13,x15	 x13:0x00000000 x15:0x80025ce4 x13=0x80025ce4
       68025000	      6703	80006948	885f1437	lui	x8,0x885f1	  x8=0x885f1000
       68045000	      6705	8000694c	02265f33	divu	x30,x12,x2	 x12:0xfffff41d  x2:0x00000000 x30=0xffffffff
       68055000	      6706	80006950	d3768b93	addi	x23,x13,-713	 x13:0x80025ce4 x23=0x80025a1b
       68065000	      6707	80006954	00b0a433	slt	x8,x1,x11	  x1:0x00000007 x11:0x4c7f0000  x8=0x00000001
       68075000	      6708	80006958	7b650d13	addi	x26,x10,1974	 x10:0x00000000 x26=0x000007b6
       68085000	      6709	8000695c	010c79b3	and	x19,x24,x16	 x24:0x0000002d x16:0x94ff59c0 x19=0x00000000
       68095000	      6710	80006960	1390	c.addi4spn	x12,x2,480	 x12=0x000001e0
       68105000	      6711	80006962	1e6c2697	auipc	x13,0x1e6c2	 x13=0x9e6c8962
       68115000	      6712	80006966	00ec44b3	xor	x9,x24,x14	 x24:0x0000002d x14:0x00000018  x9=0x00000035
       68125000	      6713	8000696a	5154af17	auipc	x30,0x5154a	 x30=0xd155096a
       68135000	      6714	8000696e	90363b93	sltiu	x23,x12,-1789	 x12:0x000001e0 x23=0x00000001
       68175000	      6718	80006972	032cbab3	mulhu	x21,x25,x18	 x25:0x00000001 x18:0x00000080 x21=0x00000000
       68185000	      6719	80006976	31ca3f93	sltiu	x31,x20,796	 x20:0x00000000 x31=0x00000001
       68195000	      6720	8000697a	00358cb3	add	x25,x11,x3	 x11:0x4c7f0000  x3:0x0000000a x25=0x4c7f000a
       68205000	      6721	8000697e	8d55	c.or	x10,x13	 x10:0x00000000 x13:0x9e6c8962 x10=0x9e6c8962
       68215000	      6722	80006980	40705133	sra	x2,x0,x7	  x0:0x00000000  x7:0x80000000  x2=0x00000000
       68225000	      6723	80006984	8d3d	c.xor	x10,x15	 x10:0x9e6c8962 x15:0x80025ce4 x10=0x1e6ed586
       68235000	      6724	80006986	be608a13	addi	x20,x1,-1050	  x1:0x00000007 x20=0xfffffbed
       68245000	      6725	8000698a	1178e1b7	lui	x3,0x1178e	  x3=0x1178e000
       68255000	      6726	8000698e	015a4333	xor	x6,x20,x21	 x20:0xfffffbed x21:0x00000000  x6=0xfffffbed
       68265000	      6727	80006992	717d	c.addi16sp	x2,-16	  x2:0x00000000  x2=0xfffffff0
       68275000	      6728	80006994	0000100f	fence.i	
       68325000	      6733	80006998	0337a633	mulhsu	x12,x15,x19	 x15:0x80025ce4 x19:0x00000000 x12=0x00000000
       68365000	      6737	8000699c	0306b133	mulhu	x2,x13,x16	 x13:0x9e6c8962 x16:0x94ff59c0  x2=0x5c34c514
       68375000	      6738	800069a0	00dd3cb3	sltu	x25,x26,x13	 x26:0x000007b6 x13:0x9e6c8962 x25=0x00000001
       68385000	      6739	800069a4	01497263	bgeu	x18,x20,800069a8	 x18:0x00000080 x20:0xfffffbed
       68395000	      6740	800069a8	365b4a93	xori	x21,x22,869	 x22:0x9993b800 x21=0x9993bb65
       68405000	      6741	800069ac	c20d	c.beqz	x12,800069ce	 x12:0x00000000
       68425000	      6743	800069ce	4305	c.li	x6,1	  x6=0x00000001
       68435000	      6744	800069d0	9d66bb93	sltiu	x23,x13,-1578	 x13:0x9e6c8962 x23=0x00000001
       68805000	      6781	800069d4	03da69b3	rem	x19,x20,x29	 x20:0xfffffbed x29:0x0000a000 x19=0xfffffbed
       68815000	      6782	800069d8	0075a633	slt	x12,x11,x7	 x11:0x4c7f0000  x7:0x80000000 x12=0x00000000
       68825000	      6783	800069dc	007702b3	add	x5,x14,x7	 x14:0x00000018  x7:0x80000000  x5=0x80000018
       68835000	      6784	800069e0	c015	c.beqz	x8,80006a04	  x8:0x00000001
       68845000	      6785	800069e2	00fa0d63	beq	x20,x15,800069fc	 x20:0xfffffbed x15:0x80025ce4
       68855000	      6786	800069e6	86a9	c.srai	x13,0xa	 x13:0x9e6c8962 x13=0xffe79b22
       68865000	      6787	800069e8	8539	c.srai	x10,0xe	 x10:0x1e6ed586 x10=0x000079bb
       68875000	      6788	800069ea	8d12	c.mv	x26,x4	  x0:0x00000000  x4:0x00000000 x26=0x00000000
       68885000	      6789	800069ec	f4088493	addi	x9,x17,-192	 x17:0x000000af  x9=0xffffffef
       68925000	      6793	800069f0	02fa29b3	mulhsu	x19,x20,x15	 x20:0xfffffbed x15:0x80025ce4 x19=0xfffffdf6
       68935000	      6794	800069f4	0001	c.addi	x0,0	  x0:0x00000000  x0=0x00000000
       68945000	      6795	800069f6	41458f33	sub	x30,x11,x20	 x11:0x4c7f0000 x20:0xfffffbed x30=0x4c7f0413
       68955000	      6796	800069fa	c495	c.beqz	x9,80006a26	  x9:0xffffffef
       68965000	      6797	800069fc	8c25	c.xor	x8,x9	  x8:0x00000001  x9:0xffffffef  x8=0xffffffee
       68975000	      6798	800069fe	0496	c.slli	x9,0x5	  x9:0xffffffef  x9=0xfffffde0
       68985000	      6799	80006a00	00e14b33	xor	x22,x2,x14	  x2:0x5c34c514 x14:0x00000018 x22=0x5c34c50c
       69355000	      6836	80006a04	03986d33	rem	x26,x16,x25	 x16:0x94ff59c0 x25:0x00000001 x26=0x00000000
       69725000	      6873	80006a08	0394f533	remu	x10,x9,x25	  x9:0xfffffde0 x25:0x00000001 x10=0x00000000
       69735000	      6874	80006a0c	00317a33	and	x20,x2,x3	  x2:0x5c34c514  x3:0x1178e000 x20=0x1030c000
       69745000	      6875	80006a10	015b88b3	add	x17,x23,x21	 x23:0x00000001 x21:0x9993bb65 x17=0x9993bb66
       69755000	      6876	80006a14	00afca33	xor	x20,x31,x10	 x31:0x00000001 x10:0x00000000 x20=0x00000001
       69765000	      6877	80006a18	0001	c.addi	x0,0	  x0:0x00000000  x0=0x00000000
       69805000	      6881	80006a1a	03b194b3	mulh	x9,x3,x27	  x3:0x1178e000 x27:0x9993f800  x9=0xf9027735
       69815000	      6882	80006a1e	8549	c.srai	x10,0x12	 x10:0x00000000 x10=0x00000000
       69825000	      6883	80006a20	0001	c.addi	x0,0	  x0:0x00000000  x0=0x00000000
       69835000	      6884	80006a22	ceb0b913	sltiu	x18,x1,-789	  x1:0x00000007 x18=0x00000001
       69875000	      6888	80006a26	023c2433	mulhsu	x8,x24,x3	 x24:0x0000002d  x3:0x1178e000  x8=0x00000003
       69885000	      6889	80006a2a	01d75933	srl	x18,x14,x29	 x14:0x00000018 x29:0x0000a000 x18=0x00000018
       69895000	      6890	80006a2e	049d8163	beq	x27,x9,80006a70	 x27:0x9993f800  x9:0xf9027735
       69905000	      6891	80006a32	4f884913	xori	x18,x16,1272	 x16:0x94ff59c0 x18=0x94ff5d38
       69915000	      6892	80006a36	9a7d	c.andi	x12,-1	 x12:0x00000000 x12=0x00000000
       69955000	      6896	80006a38	0307b833	mulhu	x16,x15,x16	 x15:0x80025ce4 x16:0x94ff59c0 x16=0x4a810cef
       69965000	      6897	80006a3c	8eb5	c.xor	x13,x13	 x13:0xffe79b22 x13:0xffe79b22 x13=0x00000000
       69975000	      6898	80006a3e	c5a9	c.beqz	x11,80006a88	 x11:0x4c7f0000
       69985000	      6899	80006a40	0ff0000f	fence	iorw,iorw	
       70025000	      6903	80006a44	03552c33	mulhsu	x24,x10,x21	 x10:0x00000000 x21:0x9993bb65 x24=0x00000000
       70035000	      6904	80006a48	01541a63	bne	x8,x21,80006a5c	  x8:0x00000003 x21:0x9993bb65
       70085000	      6909	80006a5c	03c2bcb3	mulhu	x25,x5,x28	  x5:0x80000018 x28:0x80021e34 x25=0x40010f26
       70095000	      6910	80006a60	4001d293	srai	x5,x3,0x0	  x3:0x1178e000  x5=0x1178e000
       70105000	      6911	80006a64	0048f633	and	x12,x17,x4	 x17:0x9993bb66  x4:0x00000000 x12=0x00000000
       70115000	      6912	80006a68	0000100f	fence.i	
       70135000	      6914	80006a6c	00ddd993	srli	x19,x27,0xd	 x27:0x9993f800 x19=0x0004cc9f
       70145000	      6915	80006a70	00e54933	xor	x18,x10,x14	 x10:0x00000000 x14:0x00000018 x18=0x00000018
       70155000	      6916	80006a74	01815093	srli	x1,x2,0x18	  x2:0x5c34c514  x1=0x0000005c
       70165000	      6917	80006a78	41625993	srai	x19,x4,0x16	  x4:0x00000000 x19=0x00000000
       70175000	      6918	80006a7c	01108c63	beq	x1,x17,80006a94	  x1:0x0000005c x17:0x9993bb66
       70215000	      6922	80006a80	032b1b33	mulh	x22,x22,x18	 x22:0x5c34c50c x18:0x00000018 x22=0x00000008
       70225000	      6923	80006a84	01857333	and	x6,x10,x24	 x10:0x00000000 x24:0x00000000  x6=0x00000000
       70265000	      6927	80006a88	03331333	mulh	x6,x6,x19	  x6:0x00000000 x19:0x00000000  x6=0x00000000
       70275000	      6928	80006a8c	004f4663	blt	x30,x4,80006a98	 x30:0x4c7f0413  x4:0x00000000
       70285000	      6929	80006a90	7c45fc93	andi	x25,x11,1988	 x11:0x4c7f0000 x25=0x00000000
       70295000	      6930	80006a94	8ddd	c.or	x11,x15	 x11:0x4c7f0000 x15:0x80025ce4 x11=0xcc7f5ce4
       70305000	      6931	80006a96	88de	c.mv	x17,x23	  x0:0x00000000 x23:0x00000001 x17=0x00000001
       70315000	      6932	80006a98	b3a52b93	slti	x23,x10,-1222	 x10:0x00000000 x23=0x00000000
       70325000	      6933	80006a9c	717d	c.addi16sp	x2,-16	  x2:0x5c34c514  x2=0x5c34c504
       70335000	      6934	80006a9e	8db1	c.xor	x11,x12	 x11:0xcc7f5ce4 x12:0x00000000 x11=0xcc7f5ce4
       70345000	      6935	80006aa0	ee698093	addi	x1,x19,-282	 x19:0x00000000  x1=0xfffffee6
       70385000	      6939	80006aa4	03b72133	mulhsu	x2,x14,x27	 x14:0x00000018 x27:0x9993f800  x2=0x0000000e
       70395000	      6940	80006aa8	0269f963	bgeu	x19,x6,80006ada	 x19:0x00000000  x6:0x00000000
       70415000	      6942	80006ada	0692	c.slli	x13,0x4	 x13:0x00000000 x13=0x00000000
       70425000	      6943	80006adc	01a61963	bne	x12,x26,80006aee	 x12:0x00000000 x26:0x00000000
       70455000	      6946	80006ae0	022a0cb3	mul	x25,x20,x2	 x20:0x00000001  x2:0x0000000e x25=0x0000000e
       70465000	      6947	80006ae4	0001	c.addi	x0,0	  x0:0x00000000  x0=0x00000000
       70475000	      6948	80006ae6	26c42317	auipc	x6,0x26c42	  x6=0xa6c48ae6
       70485000	      6949	80006aea	00b604b3	add	x9,x12,x11	 x12:0x00000000 x11:0xcc7f5ce4  x9=0xcc7f5ce4
       70495000	      6950	80006aee	8f59	c.or	x14,x14	 x14:0x00000018 x14:0x00000018 x14=0x00000018
       70505000	      6951	80006af0	01405fb3	srl	x31,x0,x20	  x0:0x00000000 x20:0x00000001 x31=0x00000000
       70515000	      6952	80006af4	01c10263	beq	x2,x28,80006af8	  x2:0x0000000e x28:0x80021e34
       70525000	      6953	80006af8	03234963	blt	x6,x18,80006b2a	  x6:0xa6c48ae6 x18:0x00000018
       70545000	      6955	80006b2a	60b1	c.lui	x1,0xc	  x1=0x0000c000
       70555000	      6956	80006b2c	8d51	c.or	x10,x12	 x10:0x00000000 x12:0x00000000 x10=0x00000000
       70925000	      6993	80006b2e	03ed4fb3	div	x31,x26,x30	 x26:0x00000000 x30:0x4c7f0413 x31=0x00000000
       70935000	      6994	80006b32	717d	c.addi16sp	x2,-16	  x2:0x0000000e  x2=0xfffffffe
       70945000	      6995	80006b34	8ef1	c.and	x13,x12	 x13:0x00000000 x12:0x00000000 x13=0x00000000
       71315000	      7032	80006b36	0341cd33	div	x26,x3,x20	  x3:0x1178e000 x20:0x00000001 x26=0x1178e000
       71325000	      7033	80006b3a	0ff0000f	fence	iorw,iorw	
       71335000	      7034	80006b3e	0000100f	fence.i	
       71355000	      7036	80006b42	82c1	c.srli	x13,0x10	 x13:0x00000000 x13=0x00000000
       71365000	      7037	80006b44	01f9aab3	slt	x21,x19,x31	 x19:0x00000000 x31:0x00000000 x21=0x00000000
       71375000	      7038	80006b48	0000100f	fence.i	
       71395000	      7040	80006b4c	01bf9a63	bne	x31,x27,80006b60	 x31:0x00000000 x27:0x9993f800
       71415000	      7042	80006b60	0dc1	c.addi	x27,16	 x27:0x9993f800 x27=0x9993f810
       71425000	      7043	80006b62	06de	c.slli	x13,0x17	 x13:0x00000000 x13=0x00000000
       71435000	      7044	80006b64	008a1893	slli	x17,x20,0x8	 x20:0x00000001 x17=0x00000100
       71445000	      7045	80006b68	0ff0000f	fence	iorw,iorw	
       71455000	      7046	80006b6c	527d	c.li	x4,-1	  x4=0xffffffff
       71465000	      7047	80006b6e	567d	c.li	x12,-1	 x12=0xffffffff
       71475000	      7048	80006b70	0296ca63	blt	x13,x9,80006ba4	 x13:0x00000000  x9:0xcc7f5ce4
       71845000	      7085	80006b74	023fc033	div	x0,x31,x3	 x31:0x00000000  x3:0x1178e000  x0=0x00000000
       71855000	      7086	80006b78	8db1	c.xor	x11,x12	 x11:0xcc7f5ce4 x12:0xffffffff x11=0x3380a31b
       71865000	      7087	80006b7a	015c1a33	sll	x20,x24,x21	 x24:0x00000000 x21:0x00000000 x20=0x00000000
       71905000	      7091	80006b7e	031ebf33	mulhu	x30,x29,x17	 x29:0x0000a000 x17:0x00000100 x30=0x00000000
       71915000	      7092	80006b82	0ff0000f	fence	iorw,iorw	
       71925000	      7093	80006b86	25273f37	lui	x30,0x25273	 x30=0x25273000
       71935000	      7094	80006b8a	03319d63	bne	x3,x19,80006bc4	  x3:0x1178e000 x19:0x00000000
       71955000	      7096	80006bc4	8dd5	c.or	x11,x13	 x11:0x3380a31b x13:0x00000000 x11=0x3380a31b
       71965000	      7097	80006bc6	001648b3	xor	x17,x12,x1	 x12:0xffffffff  x1:0x0000c000 x17=0xffff3fff
       71975000	      7098	80006bca	6529	c.lui	x10,0xa	 x10=0x0000a000
       71985000	      7099	80006bcc	37262d17	auipc	x26,0x37262	 x26=0xb7268bcc
       71995000	      7100	80006bd0	8ecd	c.or	x13,x11	 x13:0x00000000 x11:0x3380a31b x13=0x3380a31b
       72035000	      7104	80006bd2	028c2c33	mulhsu	x24,x24,x8	 x24:0x00000000  x8:0x00000003 x24=0x00000000
       72045000	      7105	80006bd6	ca19	c.beqz	x12,80006bec	 x12:0xffffffff
       72055000	      7106	80006bd8	009b35b3	sltu	x11,x22,x9	 x22:0x00000008  x9:0xcc7f5ce4 x11=0x00000001
       72065000	      7107	80006bdc	fc284c93	xori	x25,x16,-62	 x16:0x4a810cef x25=0xb57ef32d
       72075000	      7108	80006be0	01159d13	slli	x26,x11,0x11	 x11:0x00000001 x26=0x00020000
       72085000	      7109	80006be4	0014cbb3	xor	x23,x9,x1	  x9:0xcc7f5ce4  x1:0x0000c000 x23=0xcc7f9ce4
       72095000	      7110	80006be8	402680b3	sub	x1,x13,x2	 x13:0x3380a31b  x2:0xfffffffe  x1=0x3380a31d
       72105000	      7111	80006bec	033e5863	bge	x28,x19,80006c1c	 x28:0x80021e34 x19:0x00000000
       72115000	      7112	80006bf0	0001	c.addi	x0,0	  x0:0x00000000  x0=0x00000000
       72125000	      7113	80006bf2	4041dd13	srai	x26,x3,0x4	  x3:0x1178e000 x26=0x01178e00
       72135000	      7114	80006bf6	0a16	c.slli	x20,0x5	 x20:0x00000000 x20=0x00000000
       72145000	      7115	80006bf8	6cc5	c.lui	x25,0x11	 x25=0x00011000
       72155000	      7116	80006bfa	82922693	slti	x13,x4,-2007	  x4:0xffffffff x13=0x00000000
       72165000	      7117	80006bfe	02865963	bge	x12,x8,80006c30	 x12:0xffffffff  x8:0x00000003
       72175000	      7118	80006c02	019d8b33	add	x22,x27,x25	 x27:0x9993f810 x25:0x00011000 x22=0x99950810
       72185000	      7119	80006c06	0000100f	fence.i	
       72215000	      7122	80006c0a	01c05c13	srli	x24,x0,0x1c	  x0:0x00000000 x24=0x00000000
       72225000	      7123	80006c0e	0ff0000f	fence	iorw,iorw	
       72235000	      7124	80006c12	00f6	c.slli	x1,0x1d	  x1:0x3380a31d  x1=0xa0000000
       72255000	      7126	80006c14	03f1e133	rem	x2,x3,x31	  x3:0x1178e000 x31:0x00000000  x2=0x1178e000
       72275000	      7128	80006c18	02df4233	div	x4,x30,x13	 x30:0x25273000 x13:0x00000000  x4=0xffffffff
       72285000	      7129	80006c1c	ae3d0213	addi	x4,x26,-1309	 x26:0x01178e00  x4=0x011788e3
       72295000	      7130	80006c20	0195a533	slt	x10,x11,x25	 x11:0x00000001 x25:0x00011000 x10=0x00000001
       72305000	      7131	80006c24	01776863	bltu	x14,x23,80006c34	 x14:0x00000018 x23:0xcc7f9ce4
       72325000	      7133	80006c34	9bfa	c.add	x23,x30	 x23:0xcc7f9ce4 x30:0x25273000 x23=0xf1a6cce4
       72335000	      7134	80006c36	00d2dfb3	srl	x31,x5,x13	  x5:0x1178e000 x13:0x00000000 x31=0x1178e000
       72345000	      7135	80006c3a	3f9ff293	andi	x5,x31,1017	 x31:0x1178e000  x5=0x00000000
       72355000	      7136	80006c3e	41e35493	srai	x9,x6,0x1e	  x6:0xa6c48ae6  x9=0xfffffffe
       72365000	      7137	80006c42	997d	c.andi	x10,-1	 x10:0x00000001 x10=0x00000001
       72375000	      7138	80006c44	7c243db7	lui	x27,0x7c243	 x27=0x7c243000
       72385000	      7139	80006c48	9bf6e113	ori	x2,x13,-1601	 x13:0x00000000  x2=0xfffff9bf
       72395000	      7140	80006c4c	17f3e613	ori	x12,x7,383	  x7:0x80000000 x12=0x8000017f
       72405000	      7141	80006c50	964a	c.add	x12,x18	 x12:0x8000017f x18:0x00000018 x12=0x80000197
       72415000	      7142	80006c52	039e7163	bgeu	x28,x25,80006c74	 x28:0x80021e34 x25:0x00011000
       72435000	      7144	80006c74	0001	c.addi	x0,0	  x0:0x00000000  x0=0x00000000
       72445000	      7145	80006c76	f697f293	andi	x5,x15,-151	 x15:0x80025ce4  x5=0x80025c60
       72455000	      7146	80006c7a	a0848013	addi	x0,x9,-1528	  x9:0xfffffffe  x0=0x00000000
       72465000	      7147	80006c7e	0001	c.addi	x0,0	  x0:0x00000000  x0=0x00000000
       72475000	      7148	80006c80	8cf1	c.and	x9,x12	  x9:0xfffffffe x12:0x80000197  x9=0x80000196
       72485000	      7149	80006c82	c490cf13	xori	x30,x1,-951	  x1:0xa0000000 x30=0x5ffffc49
       72495000	      7150	80006c86	8c91	c.sub	x9,x12	  x9:0x80000196 x12:0x80000197  x9=0xffffffff
       72505000	      7151	80006c88	80b5	c.srli	x9,0xd	  x9:0xffffffff  x9=0x0007ffff
       72515000	      7152	80006c8a	717d	c.addi16sp	x2,-16	  x2:0xfffff9bf  x2=0xfffff9af
       72525000	      7153	80006c8c	e57c7913	andi	x18,x24,-425	 x24:0x00000000 x18=0x00000000
       72535000	      7154	80006c90	00d9	c.addi	x1,22	  x1:0xa0000000  x1=0xa0000016
       72545000	      7155	80006c92	8cbd	c.xor	x9,x15	  x9:0x0007ffff x15:0x80025ce4  x9=0x8005a31b
       72555000	      7156	80006c94	5edd2a93	slti	x21,x26,1517	 x26:0x01178e00 x21=0x00000000
       72565000	      7157	80006c98	a4717c13	andi	x24,x2,-1465	  x2:0xfffff9af x24=0xfffff807
       72575000	      7158	80006c9c	012cd2b3	srl	x5,x25,x18	 x25:0x00011000 x18:0x00000000  x5=0x00011000
       72585000	      7159	80006ca0	001a5413	srli	x8,x20,0x1	 x20:0x00000000  x8=0x00000000
       72595000	      7160	80006ca4	8359	c.srli	x14,0x16	 x14:0x00000018 x14=0x00000000
       72605000	      7161	80006ca6	00015863	bge	x2,x0,80006cb6	  x2:0xfffff9af  x0:0x00000000
       72615000	      7162	80006caa	02325563	bge	x4,x3,80006cd4	  x4:0x011788e3  x3:0x1178e000
       72625000	      7163	80006cae	cdd73093	sltiu	x1,x14,-803	 x14:0x00000000  x1=0x00000001
       72635000	      7164	80006cb2	0ba5	c.addi	x23,9	 x23:0xf1a6cce4 x23=0xf1a6cced
       72645000	      7165	80006cb4	919e	c.add	x3,x7	  x3:0x1178e000  x7:0x80000000  x3=0x9178e000
       72655000	      7166	80006cb6	020f4063	blt	x30,x0,80006cd6	 x30:0x5ffffc49  x0:0x00000000
       73025000	      7203	80006cba	02c2f933	remu	x18,x5,x12	  x5:0x00011000 x12:0x80000197 x18=0x00011000
       73035000	      7204	80006cbe	00417563	bgeu	x2,x4,80006cc8	  x2:0xfffff9af  x4:0x011788e3
       73055000	      7206	80006cc8	41af5f33	sra	x30,x30,x26	 x30:0x5ffffc49 x26:0x01178e00 x30=0x5ffffc49
       73065000	      7207	80006ccc	8362	c.mv	x6,x24	  x0:0x00000000 x24:0xfffff807  x6=0xfffff807
       73105000	      7211	80006cce	038a99b3	mulh	x19,x21,x24	 x21:0x00000000 x24:0xfffff807 x19=0x00000000
       73115000	      7212	80006cd2	8f45	c.or	x14,x9	 x14:0x00000000  x9:0x8005a31b x14=0x8005a31b
       73125000	      7213	80006cd4	8689	c.srai	x13,0x2	 x13:0x00000000 x13=0x00000000
       73135000	      7214	80006cd6	006a6833	or	x16,x20,x6	 x20:0x00000000  x6:0xfffff807 x16=0xfffff807
       73175000	      7218	80006cda	03dbbf33	mulhu	x30,x23,x29	 x23:0xf1a6cced x29:0x0000a000 x30=0x00009708
       73185000	      7219	80006cde	1600	c.addi4spn	x8,x2,800	  x8=0xfffffccf
       73195000	      7220	80006ce0	a6ca7193	andi	x3,x20,-1428	 x20:0x00000000  x3=0x00000000
       73565000	      7257	80006ce4	038ae6b3	rem	x13,x21,x24	 x21:0x00000000 x24:0xfffff807 x13=0x00000000
       73575000	      7258	80006ce8	01e29463	bne	x5,x30,80006cf0	  x5:0x00011000 x30:0x00009708
       73595000	      7260	80006cf0	0001	c.addi	x0,0	  x0:0x00000000  x0=0x00000000
       73605000	      7261	80006cf2	0c90	c.addi4spn	x12,x2,592	 x12=0xfffffbff
       73615000	      7262	80006cf4	01737763	bgeu	x6,x23,80006d02	  x6:0xfffff807 x23:0xf1a6cced
       73635000	      7264	80006d02	4f21	c.li	x30,8	 x30=0x00000008
       73645000	      7265	80006d04	01400563	beq	x0,x20,80006d0e	  x0:0x00000000 x20:0x00000000
       73675000	      7268	80006d0e	03c7da63	bge	x15,x28,80006d42	 x15:0x80025ce4 x28:0x80021e34
       73695000	      7270	80006d42	0001	c.addi	x0,0	  x0:0x00000000  x0=0x00000000
       73705000	      7271	80006d44	e59d	c.bnez	x11,80006d72	 x11:0x00000001
       73735000	      7274	80006d72	04645eb7	lui	x29,0x4645	 x29=0x04645000
       73765000	      7277	80006d76	02408133	mul	x2,x1,x4	  x1:0x00000001  x4:0x011788e3  x2=0x011788e3
       73775000	      7278	80006d7a	01831cb3	sll	x25,x6,x24	  x6:0xfffff807 x24:0xfffff807 x25=0xfffc0380
       73785000	      7279	80006d7e	8305	c.srli	x14,0x1	 x14:0x8005a31b x14=0x4002d18d
       74155000	      7316	80006d80	0215dcb3	divu	x25,x11,x1	 x11:0x00000001  x1:0x00000001 x25=0x00000001
       74165000	      7317	80006d84	3bbea613	slti	x12,x29,955	 x29:0x04645000 x12=0x00000000
       74205000	      7321	80006d88	02ad1f33	mulh	x30,x26,x10	 x26:0x01178e00 x10:0x00000001 x30=0x00000000
       74215000	      7322	80006d8c	0476c163	blt	x13,x7,80006dce	 x13:0x00000000  x7:0x80000000
       74235000	      7324	80006d90	035c7633	remu	x12,x24,x21	 x24:0xfffff807 x21:0x00000000 x12=0xfffff807
       74245000	      7325	80006d94	6bdd	c.lui	x23,0x17	 x23=0x00017000
       74255000	      7326	80006d96	81bd	c.srli	x11,0xf	 x11:0x00000001 x11=0x00000000
       74265000	      7327	80006d98	0001	c.addi	x0,0	  x0:0x00000000  x0=0x00000000
       74275000	      7328	80006d9a	0056d193	srli	x3,x13,0x5	 x13:0x00000000  x3=0x00000000
       74285000	      7329	80006d9e	44fa1b17	auipc	x22,0x44fa1	 x22=0xc4fa7d9e
       74295000	      7330	80006da2	8e05	c.sub	x12,x9	 x12:0xfffff807  x9:0x8005a31b x12=0x7ffa54ec
       74305000	      7331	80006da4	011c5433	srl	x8,x24,x17	 x24:0xfffff807 x17:0xffff3fff  x8=0x00000001
       74345000	      7335	80006da8	02342bb3	mulhsu	x23,x8,x3	  x8:0x00000001  x3:0x00000000 x23=0x00000000
       74355000	      7336	80006dac	e815	c.bnez	x8,80006de0	  x8:0x00000001
       74375000	      7338	80006de0	81417c93	andi	x25,x2,-2028	  x2:0x011788e3 x25=0x01178800
       74385000	      7339	80006de4	973a	c.add	x14,x14	 x14:0x4002d18d x14:0x4002d18d x14=0x8005a31a
       74755000	      7376	80006de6	02c67ab3	remu	x21,x12,x12	 x12:0x7ffa54ec x12:0x7ffa54ec x21=0x00000000
       74765000	      7377	80006dea	e48ba813	slti	x16,x23,-440	 x23:0x00000000 x16=0x00000000
       74775000	      7378	80006dee	00a5d333	srl	x6,x11,x10	 x11:0x00000000 x10:0x00000001  x6=0x00000000
       74785000	      7379	80006df2	01032d33	slt	x26,x6,x16	  x6:0x00000000 x16:0x00000000 x26=0x00000000
       74795000	      7380	80006df6	8e71	c.and	x12,x12	 x12:0x7ffa54ec x12:0x7ffa54ec x12=0x7ffa54ec
       74805000	      7381	80006df8	003fffb3	and	x31,x31,x3	 x31:0x1178e000  x3:0x00000000 x31=0x00000000
       74815000	      7382	80006dfc	00aa5893	srli	x17,x20,0xa	 x20:0x00000000 x17=0x00000000
       74825000	      7383	80006e00	01974563	blt	x14,x25,80006e0a	 x14:0x8005a31a x25:0x01178800
       74855000	      7386	80006e0a	96913697	auipc	x13,0x96913	 x13=0x16919e0a
       74865000	      7387	80006e0e	65b5	c.lui	x11,0xd	 x11=0x0000d000
       74875000	      7388	80006e10	0184f1b3	and	x3,x9,x24	  x9:0x8005a31b x24:0xfffff807  x3=0x8005a003
       74885000	      7389	80006e14	ca87b613	sltiu	x12,x15,-856	 x15:0x80025ce4 x12=0x00000001
       74895000	      7390	80006e18	8515	c.srai	x10,0x5	 x10:0x00000001 x10=0x00000000
       74905000	      7391	80006e1a	28d81817	auipc	x16,0x28d81	 x16=0xa8d87e1a
       74915000	      7392	80006e1e	01f1bab3	sltu	x21,x3,x31	  x3:0x8005a003 x31:0x00000000 x21=0x00000000
       74925000	      7393	80006e22	85bd	c.srai	x11,0xf	 x11:0x0000d000 x11=0x00000001
       74935000	      7394	80006e24	885d	c.andi	x8,23	  x8:0x00000001  x8=0x00000001
       74945000	      7395	80006e26	0001	c.addi	x0,0	  x0:0x00000000  x0=0x00000000
       74975000	      7398	80006e28	032b0eb3	mul	x29,x22,x18	 x22:0xc4fa7d9e x18:0x00011000 x29=0x2577e000
       74985000	      7399	80006e2c	1680	c.addi4spn	x8,x2,864	  x8=0x01178c43
       74995000	      7400	80006e2e	013ed863	bge	x29,x19,80006e3e	 x29:0x2577e000 x19:0x00000000
       75015000	      7402	80006e3e	0001	c.addi	x0,0	  x0:0x00000000  x0=0x00000000
       75025000	      7403	80006e40	05118263	beq	x3,x17,80006e84	  x3:0x8005a003 x17:0x00000000
       75395000	      7440	80006e44	028cf533	remu	x10,x25,x8	 x25:0x01178800  x8:0x01178c43 x10=0x01178800
       75405000	      7441	80006e48	0000100f	fence.i	
       75425000	      7443	80006e4c	03e3a293	slti	x5,x7,62	  x7:0x80000000  x5=0x00000001
       75465000	      7447	80006e50	037b3fb3	mulhu	x31,x22,x23	 x22:0xc4fa7d9e x23:0x00000000 x31=0x00000000
       75475000	      7448	80006e54	008a9763	bne	x21,x8,80006e62	 x21:0x00000000  x8:0x01178c43
       75515000	      7452	80006e62	03fbd833	divu	x16,x23,x31	 x23:0x00000000 x31:0x00000000 x16=0xffffffff
       75525000	      7453	80006e66	036d6463	bltu	x26,x22,80006e8e	 x26:0x00000000 x22:0xc4fa7d9e
       75545000	      7455	80006e8e	8961	c.andi	x10,24	 x10:0x01178800 x10=0x00000000
       75555000	      7456	80006e90	8dfd	c.and	x11,x15	 x11:0x00000001 x15:0x80025ce4 x11=0x00000000
       75575000	      7458	80006e92	037fd5b3	divu	x11,x31,x23	 x31:0x00000000 x23:0x00000000 x11=0xffffffff
       75945000	      7495	80006e96	02f176b3	remu	x13,x2,x15	  x2:0x011788e3 x15:0x80025ce4 x13=0x011788e3
       75955000	      7496	80006e9a	8d15	c.sub	x10,x13	 x10:0x00000000 x13:0x011788e3 x10=0xfee8771d
       75965000	      7497	80006e9c	0ff0000f	fence	iorw,iorw	
       76005000	      7501	80006ea0	02e42a33	mulhsu	x20,x8,x14	  x8:0x01178c43 x14:0x8005a31a x20=0x008bcc49
       76015000	      7502	80006ea4	008f75b3	and	x11,x30,x8	 x30:0x00000000  x8:0x01178c43 x11=0x00000000
       76025000	      7503	80006ea8	202fe097	auipc	x1,0x202fe	  x1=0xa0304ea8
       76035000	      7504	80006eac	06fd	c.addi	x13,31	 x13:0x011788e3 x13=0x01178902
       76045000	      7505	80006eae	f292f913	andi	x18,x5,-215	  x5:0x00000001 x18=0x00000001
       76055000	      7506	80006eb2	02ba4963	blt	x20,x11,80006ee4	 x20:0x008bcc49 x11:0x00000000
       76065000	      7507	80006eb6	012429b3	slt	x19,x8,x18	  x8:0x01178c43 x18:0x00000001 x19=0x00000000
       76075000	      7508	80006eba	94dff713	andi	x14,x31,-1715	 x31:0x00000000 x14=0x00000000
       76085000	      7509	80006ebe	002b9663	bne	x23,x2,80006eca	 x23:0x00000000  x2:0x011788e3
       76475000	      7548	80006eca	022d7fb3	remu	x31,x26,x2	 x26:0x00000000  x2:0x011788e3 x31=0x00000000
       76485000	      7549	80006ece	01fa2d33	slt	x26,x20,x31	 x20:0x008bcc49 x31:0x00000000 x26=0x00000000
       76525000	      7553	80006ed2	02762633	mulhsu	x12,x12,x7	 x12:0x00000001  x7:0x80000000 x12=0x00000000
       76895000	      7590	80006ed6	023cd0b3	divu	x1,x25,x3	 x25:0x01178800  x3:0x8005a003  x1=0x00000000
       76905000	      7591	80006eda	8cfd	c.and	x9,x15	  x9:0x8005a31b x15:0x80025ce4  x9=0x80000000
       76915000	      7592	80006edc	bcc9ed93	ori	x27,x19,-1076	 x19:0x00000000 x27=0xfffffbcc
       76955000	      7596	80006ee0	021c28b3	mulhsu	x17,x24,x1	 x24:0xfffff807  x1:0x00000000 x17=0x00000000
       76965000	      7597	80006ee4	417d5913	srai	x18,x26,0x17	 x26:0x00000000 x18=0x00000000
       76975000	      7598	80006ee8	40875a93	srai	x21,x14,0x8	 x14:0x00000000 x21=0x00000000
       76985000	      7599	80006eec	8f41	c.or	x14,x8	 x14:0x00000000  x8:0x01178c43 x14=0x01178c43
       76995000	      7600	80006eee	01c35f33	srl	x30,x6,x28	  x6:0x00000000 x28:0x80021e34 x30=0x00000000
       77005000	      7601	80006ef2	01875763	bge	x14,x24,80006f00	 x14:0x01178c43 x24:0xfffff807
       77045000	      7605	80006f00	02cb00b3	mul	x1,x22,x12	 x22:0xc4fa7d9e x12:0x00000000  x1=0x00000000
       77055000	      7606	80006f04	8e95	c.sub	x13,x13	 x13:0x01178902 x13:0x01178902 x13=0x00000000
       77065000	      7607	80006f06	c19d	c.beqz	x11,80006f2c	 x11:0x00000000
       77085000	      7609	80006f2c	0000100f	fence.i	
       77105000	      7611	80006f30	3dfd7297	auipc	x5,0x3dfd7	  x5=0xbdfddf30
       77115000	      7612	80006f34	0001	c.addi	x0,0	  x0:0x00000000  x0=0x00000000
       77485000	      7649	80006f36	03cd72b3	remu	x5,x26,x28	 x26:0x00000000 x28:0x80021e34  x5=0x00000000
       77495000	      7650	80006f3a	022e4763	blt	x28,x2,80006f68	 x28:0x80021e34  x2:0x011788e3
       77515000	      7652	80006f68	8699	c.srai	x13,0x6	 x13:0x00000000 x13=0x00000000
       77525000	      7653	80006f6a	06be	c.slli	x13,0xf	 x13:0x00000000 x13=0x00000000
       77535000	      7654	80006f6c	00041a13	slli	x20,x8,0x0	  x8:0x01178c43 x20=0x01178c43
       77545000	      7655	80006f70	b0766217	auipc	x4,0xb0766	  x4=0x3076cf70
       77555000	      7656	80006f74	8421	c.srai	x8,0x8	  x8:0x01178c43  x8=0x0001178c
       77565000	      7657	80006f76	40235d13	srai	x26,x6,0x2	  x6:0x00000000 x26=0x00000000
       77575000	      7658	80006f7a	9d0cd0b7	lui	x1,0x9d0cd	  x1=0x9d0cd000
       77585000	      7659	80006f7e	9cd76697	auipc	x13,0x9cd76	 x13=0x1cd7cf7e
       77595000	      7660	80006f82	603c6413	ori	x8,x24,1539	 x24:0xfffff807  x8=0xfffffe07
       77605000	      7661	80006f86	014d9c13	slli	x24,x27,0x14	 x27:0xfffffbcc x24=0xbcc00000
       77615000	      7662	80006f8a	4831	c.li	x16,12	 x16=0x0000000c
       77625000	      7663	80006f8c	00091933	sll	x18,x18,x0	 x18:0x00000000  x0:0x00000000 x18=0x00000000
       77635000	      7664	80006f90	01f4cc63	blt	x9,x31,80006fa8	  x9:0x80000000 x31:0x00000000
       77655000	      7666	80006fa8	00a09263	bne	x1,x10,80006fac	  x1:0x9d0cd000 x10:0xfee8771d
       77675000	      7668	80006fac	8f15	c.sub	x14,x13	 x14:0x01178c43 x13:0x1cd7cf7e x14=0xe43fbcc5
       77685000	      7669	80006fae	409481b3	sub	x3,x9,x9	  x9:0x80000000  x9:0x80000000  x3=0x00000000
       77695000	      7670	80006fb2	354e6913	ori	x18,x28,852	 x28:0x80021e34 x18=0x80021f74
       77735000	      7674	80006fb6	03e12833	mulhsu	x16,x2,x30	  x2:0x011788e3 x30:0x00000000 x16=0x00000000
       77745000	      7675	80006fba	00084f63	blt	x16,x0,80006fd8	 x16:0x00000000  x0:0x00000000
       77755000	      7676	80006fbe	00875093	srli	x1,x14,0x8	 x14:0xe43fbcc5  x1=0x00e43fbc
       77765000	      7677	80006fc2	8cf5	c.and	x9,x13	  x9:0x80000000 x13:0x1cd7cf7e  x9=0x00000000
       77775000	      7678	80006fc4	8f29	c.xor	x14,x10	 x14:0xe43fbcc5 x10:0xfee8771d x14=0x1ad7cbd8
       77785000	      7679	80006fc6	ab6f6d93	ori	x27,x30,-1354	 x30:0x00000000 x27=0xfffffab6
       77795000	      7680	80006fca	3a4bab93	slti	x23,x23,932	 x23:0x00000000 x23=0x00000001
       77805000	      7681	80006fce	002b0ab3	add	x21,x22,x2	 x22:0xc4fa7d9e  x2:0x011788e3 x21=0xc6120681
       77815000	      7682	80006fd2	8e65	c.and	x12,x9	 x12:0x00000000  x9:0x00000000 x12=0x00000000
       77825000	      7683	80006fd4	00fc62b3	or	x5,x24,x15	 x24:0xbcc00000 x15:0x80025ce4  x5=0xbcc25ce4
       77835000	      7684	80006fd8	014da0b3	slt	x1,x27,x20	 x27:0xfffffab6 x20:0x01178c43  x1=0x00000001
       77845000	      7685	80006fdc	05c19263	bne	x3,x28,80007020	  x3:0x00000000 x28:0x80021e34
       77865000	      7687	80007020	45e64513	xori	x10,x12,1118	 x12:0x00000000 x10=0x0000045e
       77895000	      7690	80007024	02dc00b3	mul	x1,x24,x13	 x24:0xbcc00000 x13:0x1cd7cf7e  x1=0x26800000
       78265000	      7727	80007028	027d64b3	rem	x9,x26,x7	 x26:0x00000000  x7:0x80000000  x9=0x00000000
       78275000	      7728	8000702c	0165cd63	blt	x11,x22,80007046	 x11:0x00000000 x22:0xc4fa7d9e
       78285000	      7729	80007030	805d	c.srli	x8,0x17	  x8:0xfffffe07  x8=0x000001ff
       78295000	      7730	80007032	015e	c.slli	x2,0x17	  x2:0x011788e3  x2=0x71800000
       78305000	      7731	80007034	8d21	c.xor	x10,x8	 x10:0x0000045e  x8:0x000001ff x10=0x000005a1
       78345000	      7735	80007036	02a22a33	mulhsu	x20,x4,x10	  x4:0x3076cf70 x10:0x000005a1 x20=0x00000110
       78355000	      7736	8000703a	0ff0000f	fence	iorw,iorw	
       78365000	      7737	8000703e	8c1d	c.sub	x8,x15	  x8:0x000001ff x15:0x80025ce4  x8=0x7ffda51b
       78375000	      7738	80007040	86ee	c.mv	x13,x27	  x0:0x00000000 x27:0xfffffab6 x13=0xfffffab6
       78385000	      7739	80007042	e2cfa313	slti	x6,x31,-468	 x31:0x00000000  x6=0x00000000
       78395000	      7740	80007046	2812c413	xori	x8,x5,641	  x5:0xbcc25ce4  x8=0xbcc25e65
       78405000	      7741	8000704a	0001	c.addi	x0,0	  x0:0x00000000  x0=0x00000000
       78415000	      7742	8000704c	394f4c93	xori	x25,x30,916	 x30:0x00000000 x25=0x00000394
       78425000	      7743	80007050	ffadfd13	andi	x26,x27,-6	 x27:0xfffffab6 x26=0xfffffab2
       78435000	      7744	80007054	00723833	sltu	x16,x4,x7	  x4:0x3076cf70  x7:0x80000000 x16=0x00000001
       78445000	      7745	80007058	8eb1	c.xor	x13,x12	 x13:0xfffffab6 x12:0x00000000 x13=0xfffffab6
       78455000	      7746	8000705a	89d5	c.andi	x11,21	 x11:0x00000000 x11=0x00000000
       78465000	      7747	8000705c	9f852a13	slti	x20,x10,-1544	 x10:0x000005a1 x20=0x00000000
       78485000	      7749	80007060	02c061b3	rem	x3,x0,x12	  x0:0x00000000 x12:0x00000000  x3=0x00000000
       78495000	      7750	80007064	0ad17f93	andi	x31,x2,173	  x2:0x71800000 x31=0x00000000
       78515000	      7752	80007068	020efd33	remu	x26,x29,x0	 x29:0x2577e000  x0:0x00000000 x26=0x2577e000
       78525000	      7753	8000706c	e74b2993	slti	x19,x22,-396	 x22:0xc4fa7d9e x19=0x00000001
       78535000	      7754	80007070	f2be1c37	lui	x24,0xf2be1	 x24=0xf2be1000
       78545000	      7755	80007074	01f6d193	srli	x3,x13,0x1f	 x13:0xfffffab6  x3=0x00000001
       78555000	      7756	80007078	03879663	bne	x15,x24,800070a4	 x15:0x80025ce4 x24:0xf2be1000
       78575000	      7758	800070a4	575d3d37	lui	x26,0x575d3	 x26=0x575d3000
       78585000	      7759	800070a8	00b01ab3	sll	x21,x0,x11	  x0:0x00000000 x11:0x00000000 x21=0x00000000
       78595000	      7760	800070ac	016f4eb3	xor	x29,x30,x22	 x30:0x00000000 x22:0xc4fa7d9e x29=0xc4fa7d9e
       78605000	      7761	800070b0	86cd	c.srai	x13,0x13	 x13:0xfffffab6 x13=0xffffffff
       78615000	      7762	800070b2	e08c7213	andi	x4,x24,-504	 x24:0xf2be1000  x4=0xf2be1000
       78625000	      7763	800070b6	3bb43d13	sltiu	x26,x8,955	  x8:0xbcc25e65 x26=0x00000000
       78635000	      7764	800070ba	8569	c.srai	x10,0x1a	 x10:0x000005a1 x10=0x00000000
       78645000	      7765	800070bc	00b6d533	srl	x10,x13,x11	 x13:0xffffffff x11:0x00000000 x10=0xffffffff
       78655000	      7766	800070c0	01034463	blt	x6,x16,800070c8	  x6:0x00000000 x16:0x00000001
       78675000	      7768	800070c8	0b62	c.slli	x22,0x18	 x22:0xc4fa7d9e x22=0x9e000000
       78685000	      7769	800070ca	8625	c.srai	x12,0x9	 x12:0x00000000 x12=0x00000000
       78695000	      7770	800070cc	00b75533	srl	x10,x14,x11	 x14:0x1ad7cbd8 x11:0x00000000 x10=0x1ad7cbd8
       78705000	      7771	800070d0	0904	c.addi4spn	x9,x2,144	  x9=0x71800090
       78715000	      7772	800070d2	0b66	c.slli	x22,0x19	 x22:0x9e000000 x22=0x00000000
       78725000	      7773	800070d4	0000100f	fence.i	
       78745000	      7775	800070d8	0001	c.addi	x0,0	  x0:0x00000000  x0=0x00000000
       78755000	      7776	800070da	0001	c.addi	x0,0	  x0:0x00000000  x0=0x00000000
       78765000	      7777	800070dc	68d7e593	ori	x11,x15,1677	 x15:0x80025ce4 x11=0x80025eed
       78775000	      7778	800070e0	4035d333	sra	x6,x11,x3	 x11:0x80025eed  x3:0x00000001  x6=0xc0012f76
       78785000	      7779	800070e4	031b5663	bge	x22,x17,80007110	 x22:0x00000000 x17:0x00000000
       78835000	      7784	80007110	022519b3	mulh	x19,x10,x2	 x10:0x1ad7cbd8  x2:0x71800000 x19=0x0be6ace0
       78845000	      7785	80007114	8219	c.srli	x12,0x6	 x12:0x00000000 x12=0x00000000
       78855000	      7786	80007116	002bb9b3	sltu	x19,x23,x2	 x23:0x00000001  x2:0x71800000 x19=0x00000001
       78865000	      7787	8000711a	86b5	c.srai	x13,0xd	 x13:0xffffffff x13=0xffffffff
       78875000	      7788	8000711c	8f6d	c.and	x14,x11	 x14:0x1ad7cbd8 x11:0x80025eed x14=0x00024ac8
       78885000	      7789	8000711e	3799f093	andi	x1,x19,889	 x19:0x00000001  x1=0x00000001
       78895000	      7790	80007122	0001	c.addi	x0,0	  x0:0x00000000  x0=0x00000000
       78905000	      7791	80007124	afb74493	xori	x9,x14,-1285	 x14:0x00024ac8  x9=0xfffdb033
       78915000	      7792	80007128	0001	c.addi	x0,0	  x0:0x00000000  x0=0x00000000
       79285000	      7829	8000712a	021d6233	rem	x4,x26,x1	 x26:0x00000000  x1:0x00000001  x4=0x00000000
       79325000	      7833	8000712e	020daf33	mulhsu	x30,x27,x0	 x27:0xfffffab6  x0:0x00000000 x30=0x00000000
       79335000	      7834	80007132	01e6e2b3	or	x5,x13,x30	 x13:0xffffffff x30:0x00000000  x5=0xffffffff
       79705000	      7871	80007136	0284f8b3	remu	x17,x9,x8	  x9:0xfffdb033  x8:0xbcc25e65 x17=0x433b51ce
       79745000	      7875	8000713a	02ceb333	mulhu	x6,x29,x12	 x29:0xc4fa7d9e x12:0x00000000  x6=0x00000000
       79755000	      7876	8000713e	00f2bdb3	sltu	x27,x5,x15	  x5:0xffffffff x15:0x80025ce4 x27=0x00000000
       79795000	      7880	80007142	02061ab3	mulh	x21,x12,x0	 x12:0x00000000  x0:0x00000000 x21=0x00000000
       79805000	      7881	80007146	03c24f63	blt	x4,x28,80007184	  x4:0x00000000 x28:0x80021e34
       79815000	      7882	8000714a	014d7133	and	x2,x26,x20	 x26:0x00000000 x20:0x00000000  x2=0x00000000
       79825000	      7883	8000714e	8f7d	c.and	x14,x15	 x14:0x00024ac8 x15:0x80025ce4 x14=0x000248c0
       79835000	      7884	80007150	b0593613	sltiu	x12,x18,-1275	 x18:0x80021f74 x12=0x00000001
       79845000	      7885	80007154	00572c33	slt	x24,x14,x5	 x14:0x000248c0  x5:0xffffffff x24=0x00000000
       79855000	      7886	80007158	a960be93	sltiu	x29,x1,-1386	  x1:0x00000001 x29=0x00000001
       79865000	      7887	8000715c	0061f463	bgeu	x3,x6,80007164	  x3:0x00000001  x6:0x00000000
       79905000	      7891	80007164	02190bb3	mul	x23,x18,x1	 x18:0x80021f74  x1:0x00000001 x23=0x80021f74
       79915000	      7892	80007168	415504b3	sub	x9,x10,x21	 x10:0x1ad7cbd8 x21:0x00000000  x9=0x1ad7cbd8
       79925000	      7893	8000716c	277c8217	auipc	x4,0x277c8	  x4=0xa77cf16c
       79935000	      7894	80007170	055e7163	bgeu	x28,x21,800071b2	 x28:0x80021e34 x21:0x00000000
       79955000	      7896	800071b2	84ad	c.srai	x9,0xb	  x9:0x1ad7cbd8  x9=0x00035af9
       79965000	      7897	800071b4	c208ed93	ori	x27,x17,-992	 x17:0x433b51ce x27=0xfffffdee
       79975000	      7898	800071b8	12fd	c.addi	x5,-1	  x5:0xffffffff  x5=0xfffffffe
       79985000	      7899	800071ba	15fd	c.addi	x11,-1	 x11:0x80025eed x11=0x80025eec
       79995000	      7900	800071bc	8ca9	c.xor	x9,x10	  x9:0x00035af9 x10:0x1ad7cbd8  x9=0x1ad49121
       80005000	      7901	800071be	41acd993	srai	x19,x25,0x1a	 x25:0x00000394 x19=0x00000000
       80015000	      7902	800071c2	0001	c.addi	x0,0	  x0:0x00000000  x0=0x00000000
       80025000	      7903	800071c4	6109	c.addi16sp	x2,128	  x2:0x00000000  x2=0x00000080
       80035000	      7904	800071c6	007b9693	slli	x13,x23,0x7	 x23:0x80021f74 x13=0x010fba00
       80045000	      7905	800071ca	8722	c.mv	x14,x8	  x0:0x00000000  x8:0xbcc25e65 x14=0xbcc25e65
       80055000	      7906	800071cc	5095a813	slti	x16,x11,1289	 x11:0x80025eec x16=0x00000001
       80065000	      7907	800071d0	008599b3	sll	x19,x11,x8	 x11:0x80025eec  x8:0xbcc25e65 x19=0x004bdd80
       80075000	      7908	800071d4	c299	c.beqz	x13,800071da	 x13:0x010fba00
       80085000	      7909	800071d6	88cd	c.andi	x9,19	  x9:0x1ad49121  x9=0x00000001
       80095000	      7910	800071d8	e60d	c.bnez	x12,80007202	 x12:0x00000001
       80485000	      7949	80007202	02df4f33	div	x30,x30,x13	 x30:0x00000000 x13:0x010fba00 x30=0x00000000
       80495000	      7950	80007206	925a	c.add	x4,x22	  x4:0xa77cf16c x22:0x00000000  x4=0xa77cf16c
       80505000	      7951	80007208	c791ad13	slti	x26,x3,-903	  x3:0x00000001 x26=0x00000000
       80515000	      7952	8000720c	0000100f	fence.i	
       80535000	      7954	80007210	de6dcd13	xori	x26,x27,-538	 x27:0xfffffdee x26=0x00000008
       80545000	      7955	80007214	00079cb3	sll	x25,x15,x0	 x15:0x80025ce4  x0:0x00000000 x25=0x80025ce4
       80555000	      7956	80007218	be6f0d93	addi	x27,x30,-1050	 x30:0x00000000 x27=0xfffffbe6
       80565000	      7957	8000721c	02e99963	bne	x19,x14,8000724e	 x19:0x004bdd80 x14:0xbcc25e65
       80585000	      7959	8000724e	8e4d	c.or	x12,x11	 x12:0x00000001 x11:0x80025eec x12=0x80025eed
       80595000	      7960	80007250	00f348b3	xor	x17,x6,x15	  x6:0x00000000 x15:0x80025ce4 x17=0x80025ce4
       80605000	      7961	80007254	9802e113	ori	x2,x5,-1664	  x5:0xfffffffe  x2=0xfffffffe
       80615000	      7962	80007258	8c62	c.mv	x24,x24	  x0:0x00000000 x24:0x00000000 x24=0x00000000
       80625000	      7963	8000725a	009792b3	sll	x5,x15,x9	 x15:0x80025ce4  x9:0x00000001  x5=0x0004b9c8
       80635000	      7964	8000725e	40d15433	sra	x8,x2,x13	  x2:0xfffffffe x13:0x010fba00  x8=0xfffffffe
       80645000	      7965	80007262	717d	c.addi16sp	x2,-16	  x2:0xfffffffe  x2=0xffffffee
       80655000	      7966	80007264	196fef93	ori	x31,x31,406	 x31:0x00000000 x31=0x00000196
       80665000	      7967	80007268	020f5863	bge	x30,x0,80007298	 x30:0x00000000  x0:0x00000000
       80685000	      7969	80007298	e985	c.bnez	x11,800072c8	 x11:0x80025eec
       80705000	      7971	800072c8	968b2e93	slti	x29,x22,-1688	 x22:0x00000000 x29=0x00000000
       81075000	      8008	800072cc	02aac833	div	x16,x21,x10	 x21:0x00000000 x10:0x1ad7cbd8 x16=0x00000000
       81085000	      8009	800072d0	01d5aa33	slt	x20,x11,x29	 x11:0x80025eec x29:0x00000000 x20=0x00000001
       81095000	      8010	800072d4	3f798313	addi	x6,x19,1015	 x19:0x004bdd80  x6=0x004be177
       81105000	      8011	800072d8	010b6233	or	x4,x22,x16	 x22:0x00000000 x16:0x00000000  x4=0x00000000
       81115000	      8012	800072dc	0126e333	or	x6,x13,x18	 x13:0x010fba00 x18:0x80021f74  x6=0x810fbf74
       81485000	      8049	800072e0	02f45eb3	divu	x29,x8,x15	  x8:0xfffffffe x15:0x80025ce4 x29=0x00000001
       81495000	      8050	800072e4	0eae	c.slli	x29,0xb	 x29:0x00000001 x29=0x00000800
       81505000	      8051	800072e6	008c	c.addi4spn	x11,x2,64	 x11=0x0000002e
       81515000	      8052	800072e8	717d	c.addi16sp	x2,-16	  x2:0xffffffee  x2=0xffffffde
       81525000	      8053	800072ea	01e97863	bgeu	x18,x30,800072fa	 x18:0x80021f74 x30:0x00000000
       81545000	      8055	800072fa	0001	c.addi	x0,0	  x0:0x00000000  x0=0x00000000
       81555000	      8056	800072fc	8e9d	c.sub	x13,x15	 x13:0x010fba00 x15:0x80025ce4 x13=0x810d5d1c
       81565000	      8057	800072fe	85e5	c.srai	x11,0x19	 x11:0x0000002e x11=0x00000000
       81575000	      8058	80007300	5054ca13	xori	x20,x9,1285	  x9:0x00000001 x20=0x00000504
       81585000	      8059	80007304	82ba	c.mv	x5,x14	  x0:0x00000000 x14:0xbcc25e65  x5=0xbcc25e65
       81595000	      8060	80007306	4f61	c.li	x30,24	 x30=0x00000018
       81605000	      8061	80007308	002c5493	srli	x9,x24,0x2	 x24:0x00000000  x9=0x00000000
       81615000	      8062	8000730c	0184d6b3	srl	x13,x9,x24	  x9:0x00000000 x24:0x00000000 x13=0x00000000
       81625000	      8063	80007310	59e7e593	ori	x11,x15,1438	 x15:0x80025ce4 x11=0x80025dfe
       81635000	      8064	80007314	874d	c.srai	x14,0x13	 x14:0xbcc25e65 x14=0xfffff798
       81645000	      8065	80007316	006e3533	sltu	x10,x28,x6	 x28:0x80021e34  x6:0x810fbf74 x10=0x00000001
       81655000	      8066	8000731a	05724263	blt	x4,x23,8000735e	  x4:0x00000000 x23:0x80021f74
       81665000	      8067	8000731e	03526663	bltu	x4,x21,8000734a	  x4:0x00000000 x21:0x00000000
       82035000	      8104	80007322	022c5cb3	divu	x25,x24,x2	 x24:0x00000000  x2:0xffffffde x25=0x00000000
       82045000	      8105	80007326	0ff0000f	fence	iorw,iorw	
       82055000	      8106	8000732a	8615	c.srai	x12,0x5	 x12:0x80025eed x12=0xfc0012f7
       82065000	      8107	8000732c	8c45	c.or	x8,x9	  x8:0xfffffffe  x9:0x00000000  x8=0xfffffffe
       82105000	      8111	8000732e	02421133	mulh	x2,x4,x4	  x4:0x00000000  x4:0x00000000  x2=0x00000000
       82115000	      8112	80007332	013d10b3	sll	x1,x26,x19	 x26:0x00000008 x19:0x004bdd80  x1=0x00000008
       82125000	      8113	80007336	6c05	c.lui	x24,0x1	 x24=0x00001000
       82135000	      8114	80007338	8c85	c.sub	x9,x9	  x9:0x00000000  x9:0x00000000  x9=0x00000000
       82145000	      8115	8000733a	003f1013	slli	x0,x30,0x3	 x30:0x00000018  x0=0x00000000
       82155000	      8116	8000733e	00d3d5b3	srl	x11,x7,x13	  x7:0x80000000 x13:0x00000000 x11=0x80000000
       82165000	      8117	80007342	02435463	bge	x6,x4,8000736a	  x6:0x810fbf74  x4:0x00000000
       82175000	      8118	80007346	01395463	bge	x18,x19,8000734e	 x18:0x80021f74 x19:0x004bdd80
       82215000	      8122	8000734a	0201bbb3	mulhu	x23,x3,x0	  x3:0x00000001  x0:0x00000000 x23=0x00000000
       82225000	      8123	8000734e	55c7b713	sltiu	x14,x15,1372	 x15:0x80025ce4 x14=0x00000000
       82235000	      8124	80007352	69f77097	auipc	x1,0x69f77	  x1=0xe9f7e352
       82265000	      8127	80007356	02f684b3	mul	x9,x13,x15	 x13:0x00000000 x15:0x80025ce4  x9=0x00000000
       82275000	      8128	8000735a	b2a9af17	auipc	x30,0xb2a9a	 x30=0x32aa135a
       82285000	      8129	8000735e	40e55933	sra	x18,x10,x14	 x10:0x00000001 x14:0x00000000 x18=0x00000001
       82295000	      8130	80007362	03f24063	blt	x4,x31,80007382	  x4:0x00000000 x31:0x00000196
       82325000	      8133	80007382	018b2d33	slt	x26,x22,x24	 x22:0x00000000 x24:0x00001000 x26=0x00000001
       82335000	      8134	80007386	ee8d	c.bnez	x13,800073c0	 x13:0x00000000
       82345000	      8135	80007388	0001	c.addi	x0,0	  x0:0x00000000  x0=0x00000000
       82355000	      8136	8000738a	80b1	c.srli	x9,0xc	  x9:0x00000000  x9=0x00000000
       82365000	      8137	8000738c	ea01	c.bnez	x12,8000739c	 x12:0xfc0012f7
       82385000	      8139	8000739c	0023ed33	or	x26,x7,x2	  x7:0x80000000  x2:0x00000000 x26=0x80000000
       82395000	      8140	800073a0	01404333	xor	x6,x0,x20	  x0:0x00000000 x20:0x00000504  x6=0x00000504
       82405000	      8141	800073a4	51506113	ori	x2,x0,1301	  x0:0x00000000  x2=0x00000515
       82445000	      8145	800073a8	028531b3	mulhu	x3,x10,x8	 x10:0x00000001  x8:0xfffffffe  x3=0x00000000
       82455000	      8146	800073ac	0264d563	bge	x9,x6,800073d6	  x9:0x00000000  x6:0x00000504
       82465000	      8147	800073b0	06f2	c.slli	x13,0x1c	 x13:0x00000000 x13=0x00000000
       82505000	      8151	800073b2	02c916b3	mulh	x13,x18,x12	 x18:0x00000001 x12:0xfc0012f7 x13=0xffffffff
       82875000	      8188	800073b6	03476cb3	rem	x25,x14,x20	 x14:0x00000000 x20:0x00000504 x25=0x00000000
       82885000	      8189	800073ba	0500	c.addi4spn	x8,x2,640	  x8=0x00000795
       82895000	      8190	800073bc	4b69	c.li	x22,26	 x22=0x0000001a
       82905000	      8191	800073be	59fd	c.li	x19,-1	 x19=0xffffffff
       82925000	      8193	800073c0	023e50b3	divu	x1,x28,x3	 x28:0x80021e34  x3:0x00000000  x1=0xffffffff
       82935000	      8194	800073c4	6fab3893	sltiu	x17,x22,1786	 x22:0x0000001a x17=0x00000001
       82945000	      8195	800073c8	41805433	sra	x8,x0,x24	  x0:0x00000000 x24:0x00001000  x8=0x00000000
       82985000	      8199	800073cc	03a11bb3	mulh	x23,x2,x26	  x2:0x00000515 x26:0x80000000 x23=0xfffffd75
       82995000	      8200	800073d0	e129	c.bnez	x10,80007412	 x10:0x00000001
       83025000	      8203	80007412	012f1b93	slli	x23,x30,0x12	 x30:0x32aa135a x23=0x4d680000
       83035000	      8204	80007416	1a08a013	slti	x0,x17,416	 x17:0x00000001  x0=0x00000000
       83045000	      8205	8000741a	400a0bb3	sub	x23,x20,x0	 x20:0x00000504  x0:0x00000000 x23=0x00000504
       83055000	      8206	8000741e	00925a93	srli	x21,x4,0x9	  x4:0x00000000 x21=0x00000000
       83065000	      8207	80007422	16fd	c.addi	x13,-1	 x13:0xffffffff x13=0xfffffffe
       83095000	      8210	80007424	03238fb3	mul	x31,x7,x18	  x7:0x80000000 x18:0x00000001 x31=0x80000000
       83115000	      8212	80007428	0205c233	div	x4,x11,x0	 x11:0x80000000  x0:0x00000000  x4=0xffffffff
       83125000	      8213	8000742c	41b0db33	sra	x22,x1,x27	  x1:0xffffffff x27:0xfffffbe6 x22=0xffffffff
       83135000	      8214	80007430	177d	c.addi	x14,-1	 x14:0x00000000 x14=0xffffffff
       83145000	      8215	80007432	41de5613	srai	x12,x28,0x1d	 x28:0x80021e34 x12=0xfffffffc
       83155000	      8216	80007436	98fd	c.andi	x9,-1	  x9:0x00000000  x9=0x00000000
       83195000	      8220	80007438	03bc3533	mulhu	x10,x24,x27	 x24:0x00001000 x27:0xfffffbe6 x10=0x00000fff
       83205000	      8221	8000743c	4c3d	c.li	x24,15	 x24=0x0000000f
       83215000	      8222	8000743e	03a29963	bne	x5,x26,80007470	  x5:0xbcc25e65 x26:0x80000000
       83235000	      8224	80007470	e9340c93	addi	x25,x8,-365	  x8:0x00000000 x25=0xfffffe93
       83245000	      8225	80007474	9876	c.add	x16,x29	 x16:0x00000000 x29:0x00000800 x16=0x00000800
       83275000	      8228	80007476	03f30fb3	mul	x31,x6,x31	  x6:0x00000504 x31:0x80000000 x31=0x00000000
       83285000	      8229	8000747a	00e80d33	add	x26,x16,x14	 x16:0x00000800 x14:0xffffffff x26=0x000007ff
       83295000	      8230	8000747e	0fb74893	xori	x17,x14,251	 x14:0xffffffff x17=0xffffff04
       83305000	      8231	80007482	8691	c.srai	x13,0x4	 x13:0xfffffffe x13=0xffffffff
       83315000	      8232	80007484	8e25	c.xor	x12,x9	 x12:0xfffffffc  x9:0x00000000 x12=0xfffffffc
       83325000	      8233	80007486	8641	c.srai	x12,0x10	 x12:0xfffffffc x12=0xffffffff
       83335000	      8234	80007488	8c6d	c.and	x8,x11	  x8:0x00000000 x11:0x80000000  x8=0x00000000
       83345000	      8235	8000748a	00b49663	bne	x9,x11,80007496	  x9:0x00000000 x11:0x80000000
       83365000	      8237	80007496	0776	c.slli	x14,0x1d	 x14:0xffffffff x14=0xe0000000
       83375000	      8238	80007498	0e14	c.addi4spn	x13,x2,784	 x13=0x00000825
       83385000	      8239	8000749a	8d89	c.sub	x11,x10	 x11:0x80000000 x10:0x00000fff x11=0x7ffff001
       83395000	      8240	8000749c	41035093	srai	x1,x6,0x10	  x6:0x00000504  x1=0x00000000
       83435000	      8244	800074a0	02fdb033	mulhu	x0,x27,x15	 x27:0xfffffbe6 x15:0x80025ce4  x0=0x00000000
       83445000	      8245	800074a4	02ea7063	bgeu	x20,x14,800074c4	 x20:0x00000504 x14:0xe0000000
       83455000	      8246	800074a8	0ff0000f	fence	iorw,iorw	
       83465000	      8247	800074ac	0fb60613	addi	x12,x12,251	 x12:0xffffffff x12=0x000000fa
       83475000	      8248	800074b0	01f1f0b3	and	x1,x3,x31	  x3:0x00000000 x31:0x00000000  x1=0x00000000
       83485000	      8249	800074b4	40d35333	sra	x6,x6,x13	  x6:0x00000504 x13:0x00000825  x6=0x00000028
       83855000	      8286	800074b8	03c25f33	divu	x30,x4,x28	  x4:0xffffffff x28:0x80021e34 x30=0x00000001
       83865000	      8287	800074bc	6c7d	c.lui	x24,0x1f	 x24=0x0001f000
       83905000	      8291	800074be	03479bb3	mulh	x23,x15,x20	 x15:0x80025ce4 x20:0x00000504 x23=0xfffffd7e
       83915000	      8292	800074c2	8646	c.mv	x12,x17	  x0:0x00000000 x17:0xffffff04 x12=0xffffff04
       83925000	      8293	800074c4	cd01	c.beqz	x10,800074dc	 x10:0x00000fff
       83935000	      8294	800074c6	0001	c.addi	x0,0	  x0:0x00000000  x0=0x00000000
       84305000	      8331	800074c8	0324d1b3	divu	x3,x9,x18	  x9:0x00000000 x18:0x00000001  x3=0x00000000
       84315000	      8332	800074cc	14967293	andi	x5,x12,329	 x12:0xffffff04  x5=0x00000100
       84325000	      8333	800074d0	8c31	c.xor	x8,x12	  x8:0x00000000 x12:0xffffff04  x8=0xffffff04
       84365000	      8337	800074d2	031dbdb3	mulhu	x27,x27,x17	 x27:0xfffffbe6 x17:0xffffff04 x27=0xfffffaea
       84375000	      8338	800074d6	8319	c.srli	x14,0x6	 x14:0xe0000000 x14=0x03800000
       84385000	      8339	800074d8	0ff0000f	fence	iorw,iorw	
       84395000	      8340	800074dc	6515	c.lui	x10,0x5	 x10=0x00005000
       84405000	      8341	800074de	8b62	c.mv	x22,x24	  x0:0x00000000 x24:0x0001f000 x22=0x0001f000
       84415000	      8342	800074e0	0001	c.addi	x0,0	  x0:0x00000000  x0=0x00000000
       84425000	      8343	800074e2	33fb0993	addi	x19,x22,831	 x22:0x0001f000 x19=0x0001f33f
       84435000	      8344	800074e6	02c99963	bne	x19,x12,80007518	 x19:0x0001f33f x12:0xffffff04
       84455000	      8346	80007518	547d	c.li	x8,-1	  x8=0xffffffff
       84465000	      8347	8000751a	01549413	slli	x8,x9,0x15	  x9:0x00000000  x8=0x00000000
       84475000	      8348	8000751e	01d82cb3	slt	x25,x16,x29	 x16:0x00000800 x29:0x00000800 x25=0x00000000
       84485000	      8349	80007522	86ed	c.srai	x13,0x1b	 x13:0x00000825 x13=0x00000000
       84495000	      8350	80007524	9446	c.add	x8,x17	  x8:0x00000000 x17:0xffffff04  x8=0xffffff04
       84505000	      8351	80007526	81a9	c.srli	x11,0xa	 x11:0x7ffff001 x11=0x001ffffc
       84515000	      8352	80007528	58f57217	auipc	x4,0x58f57	  x4=0xd8f5e528
       84885000	      8389	8000752c	026e45b3	div	x11,x28,x6	 x28:0x80021e34  x6:0x00000028 x11=0xfcccda5b
       84895000	      8390	80007530	e499	c.bnez	x9,8000753e	  x9:0x00000000
       84935000	      8394	80007532	02e43933	mulhu	x18,x8,x14	  x8:0xffffff04 x14:0x03800000 x18=0x037ffffc
       84945000	      8395	80007536	017d5863	bge	x26,x23,80007546	 x26:0x000007ff x23:0xfffffd7e
       84985000	      8399	80007546	020f41b3	div	x3,x30,x0	 x30:0x00000001  x0:0x00000000  x3=0xffffffff
       84995000	      8400	8000754a	8091	c.srli	x9,0x4	  x9:0x00000000  x9=0x00000000
       85005000	      8401	8000754c	a7f98837	lui	x16,0xa7f98	 x16=0xa7f98000
       85015000	      8402	80007550	717d	c.addi16sp	x2,-16	  x2:0x00000515  x2=0x00000505
       85025000	      8403	80007552	00bb4ab3	xor	x21,x22,x11	 x22:0x0001f000 x11:0xfcccda5b x21=0xfccd2a5b
       85035000	      8404	80007556	8da32f93	slti	x31,x6,-1830	  x6:0x00000028 x31=0x00000000
       85045000	      8405	8000755a	4981	c.li	x19,0	 x19=0x00000000
       85085000	      8409	8000755c	02d63633	mulhu	x12,x12,x13	 x12:0xffffff04 x13:0x00000000 x12=0x00000000
       85095000	      8410	80007560	019d	c.addi	x3,7	  x3:0xffffffff  x3=0x00000006
       85105000	      8411	80007562	8ea5	c.xor	x13,x9	 x13:0x00000000  x9:0x00000000 x13=0x00000000
       85115000	      8412	80007564	4078dcb3	sra	x25,x17,x7	 x17:0xffffff04  x7:0x80000000 x25=0xffffff04
       85125000	      8413	80007568	8d75	c.and	x10,x13	 x10:0x00005000 x13:0x00000000 x10=0x00000000
       85135000	      8414	8000756a	40c68733	sub	x14,x13,x12	 x13:0x00000000 x12:0x00000000 x14=0x00000000
       85145000	      8415	8000756e	0001	c.addi	x0,0	  x0:0x00000000  x0=0x00000000
       85155000	      8416	80007570	e6360c93	addi	x25,x12,-413	 x12:0x00000000 x25=0xfffffe63
       85185000	      8419	80007574	037489b3	mul	x19,x9,x23	  x9:0x00000000 x23:0xfffffd7e x19=0x00000000
       85555000	      8456	80007578	03456833	rem	x16,x10,x20	 x10:0x00000000 x20:0x00000504 x16=0x00000000
       85565000	      8457	8000757c	0000100f	fence.i	
       85585000	      8459	80007580	c71d	c.beqz	x14,800075ae	 x14:0x00000000
       85605000	      8461	800075ae	82e5	c.srli	x13,0x19	 x13:0x00000000 x13=0x00000000
       85615000	      8462	800075b0	0001	c.addi	x0,0	  x0:0x00000000  x0=0x00000000
       85625000	      8463	800075b2	987d	c.andi	x8,-1	  x8:0xffffff04  x8=0xffffff04
       85635000	      8464	800075b4	0ff0000f	fence	iorw,iorw	
       85675000	      8468	800075b8	02081a33	mulh	x20,x16,x0	 x16:0x00000000  x0:0x00000000 x20=0x00000000
       85685000	      8469	800075bc	177d96b7	lui	x13,0x177d9	 x13=0x177d9000
       85695000	      8470	800075c0	0001	c.addi	x0,0	  x0:0x00000000  x0=0x00000000
       85735000	      8474	800075c2	028eb1b3	mulhu	x3,x29,x8	 x29:0x00000800  x8:0xffffff04  x3=0x000007ff
       85755000	      8476	800075c6	03f1c9b3	div	x19,x3,x31	  x3:0x000007ff x31:0x00000000 x19=0xffffffff
       85765000	      8477	800075ca	02c20f63	beq	x4,x12,80007608	  x4:0xd8f5e528 x12:0x00000000
       85795000	      8480	800075ce	03db81b3	mul	x3,x23,x29	 x23:0xfffffd7e x29:0x00000800  x3=0xffebf000
       85805000	      8481	800075d2	8326	c.mv	x6,x9	  x0:0x00000000  x9:0x00000000  x6=0x00000000
       85815000	      8482	800075d4	5e0bb413	sltiu	x8,x23,1504	 x23:0xfffffd7e  x8=0x00000000
       85825000	      8483	800075d8	8405	c.srai	x8,0x1	  x8:0x00000000  x8=0x00000000
       85835000	      8484	800075da	0077e4b3	or	x9,x15,x7	 x15:0x80025ce4  x7:0x80000000  x9=0x80025ce4
       85845000	      8485	800075de	a131cf13	xori	x30,x3,-1517	  x3:0xffebf000 x30=0x00140a13
       85855000	      8486	800075e2	0001	c.addi	x0,0	  x0:0x00000000  x0=0x00000000
       85865000	      8487	800075e4	1bdd8d13	addi	x26,x27,445	 x27:0xfffffaea x26=0xfffffca7
       85875000	      8488	800075e8	8f2d	c.xor	x14,x11	 x14:0x00000000 x11:0xfcccda5b x14=0xfcccda5b
       85885000	      8489	800075ea	d05e6013	ori	x0,x28,-763	 x28:0x80021e34  x0=0x00000000
       85895000	      8490	800075ee	b8622bb7	lui	x23,0xb8622	 x23=0xb8622000
       85905000	      8491	800075f2	01d2b2b3	sltu	x5,x5,x29	  x5:0x00000100 x29:0x00000800  x5=0x00000001
       85915000	      8492	800075f6	005dd363	bge	x27,x5,800075fc	 x27:0xfffffaea  x5:0x00000001
       85925000	      8493	800075fa	8e15	c.sub	x12,x13	 x12:0x00000000 x13:0x177d9000 x12=0xe8827000
       85965000	      8497	800075fc	03e32db3	mulhsu	x27,x6,x30	  x6:0x00000000 x30:0x00140a13 x27=0x00000000
       86005000	      8501	80007600	02733533	mulhu	x10,x6,x7	  x6:0x00000000  x7:0x80000000 x10=0x00000000
       86045000	      8505	80007604	03ddaeb3	mulhsu	x29,x27,x29	 x27:0x00000000 x29:0x00000800 x29=0x00000000
       86055000	      8506	80007608	419c8133	sub	x2,x25,x25	 x25:0xfffffe63 x25:0xfffffe63  x2=0x00000000
       86065000	      8507	8000760c	1710	c.addi4spn	x12,x2,928	 x12=0x000003a0
       86075000	      8508	8000760e	8109	c.srli	x10,0x2	 x10:0x00000000 x10=0x00000000
       86085000	      8509	80007610	01a432b3	sltu	x5,x8,x26	  x8:0x00000000 x26:0xfffffca7  x5=0x00000001
       86095000	      8510	80007614	8d0d	c.sub	x10,x11	 x10:0x00000000 x11:0xfcccda5b x10=0x033325a5
       86135000	      8514	80007616	03eb1cb3	mulh	x25,x22,x30	 x22:0x0001f000 x30:0x00140a13 x25=0x00000026
       86505000	      8551	8000761a	03ef6633	rem	x12,x30,x30	 x30:0x00140a13 x30:0x00140a13 x12=0x00000000
       86545000	      8555	8000761e	02c82eb3	mulhsu	x29,x16,x12	 x16:0x00000000 x12:0x00000000 x29=0x00000000
       86555000	      8556	80007622	00fd2ab3	slt	x21,x26,x15	 x26:0xfffffca7 x15:0x80025ce4 x21=0x00000000
       86565000	      8557	80007626	cb8508b7	lui	x17,0xcb850	 x17=0xcb850000
       86575000	      8558	8000762a	8d49	c.or	x10,x10	 x10:0x033325a5 x10:0x033325a5 x10=0x033325a5
       86585000	      8559	8000762c	1f0c	c.addi4spn	x11,x2,944	 x11=0x000003b0
       86595000	      8560	8000762e	8c88a0b7	lui	x1,0x8c88a	  x1=0x8c88a000
       86605000	      8561	80007632	41a380b3	sub	x1,x7,x26	  x7:0x80000000 x26:0xfffffca7  x1=0x80000359
       86615000	      8562	80007636	02e15463	bge	x2,x14,8000765e	  x2:0x00000000 x14:0xfcccda5b
       86645000	      8565	8000765e	ecfea613	slti	x12,x29,-305	 x29:0x00000000 x12=0x00000000
       86655000	      8566	80007662	5a7d	c.li	x20,-1	 x20=0xffffffff
       86665000	      8567	80007664	018a9493	slli	x9,x21,0x18	 x21:0x00000000  x9=0x00000000
       86675000	      8568	80007668	01bfe8b3	or	x17,x31,x27	 x31:0x00000000 x27:0x00000000 x17=0x00000000
       86685000	      8569	8000766c	00a81cb3	sll	x25,x16,x10	 x16:0x00000000 x10:0x033325a5 x25=0x00000000
       86695000	      8570	80007670	8f7d	c.and	x14,x15	 x14:0xfcccda5b x15:0x80025ce4 x14=0x80005840
       86725000	      8573	80007672	02558f33	mul	x30,x11,x5	 x11:0x000003b0  x5:0x00000001 x30=0x000003b0
       86735000	      8574	80007676	00a216b3	sll	x13,x4,x10	  x4:0xd8f5e528 x10:0x033325a5 x13=0x1ebca500
       86745000	      8575	8000767a	c2806b93	ori	x23,x0,-984	  x0:0x00000000 x23=0xfffffc28
       86755000	      8576	8000767e	02f97b63	bgeu	x18,x15,800076b4	 x18:0x037ffffc x15:0x80025ce4
       86765000	      8577	80007682	ec952317	auipc	x6,0xec952	  x6=0x6c959682
       86775000	      8578	80007686	f6bfe4b7	lui	x9,0xf6bfe	  x9=0xf6bfe000
       86785000	      8579	8000768a	40858733	sub	x14,x11,x8	 x11:0x000003b0  x8:0x00000000 x14=0x000003b0
       86795000	      8580	8000768e	41d9d8b3	sra	x17,x19,x29	 x19:0xffffffff x29:0x00000000 x17=0xffffffff
       87165000	      8617	80007692	02a3d333	divu	x6,x7,x10	  x7:0x80000000 x10:0x033325a5  x6=0x00000028
       87185000	      8619	80007696	039b4733	div	x14,x22,x25	 x22:0x0001f000 x25:0x00000000 x14=0xffffffff
       87195000	      8620	8000769a	b1172b93	slti	x23,x14,-1263	 x14:0xffffffff x23=0x00000000
       87205000	      8621	8000769e	017b0033	add	x0,x22,x23	 x22:0x0001f000 x23:0x00000000  x0=0x00000000
       87215000	      8622	800076a2	391c3713	sltiu	x14,x24,913	 x24:0x0001f000 x14=0x00000000
       87225000	      8623	800076a6	8765	c.srai	x14,0x19	 x14:0x00000000 x14=0x00000000
       87235000	      8624	800076a8	03250863	beq	x10,x18,800076d8	 x10:0x033325a5 x18:0x037ffffc
       87245000	      8625	800076ac	04b11163	bne	x2,x11,800076ee	  x2:0x00000000 x11:0x000003b0
       87265000	      8627	800076ee	e505	c.bnez	x10,80007716	 x10:0x033325a5
       87295000	      8630	80007716	b34298b7	lui	x17,0xb3429	 x17=0xb3429000
       87335000	      8634	8000771a	0362bcb3	mulhu	x25,x5,x22	  x5:0x00000001 x22:0x0001f000 x25=0x00000000
       87355000	      8636	8000771e	02c669b3	rem	x19,x12,x12	 x12:0x00000000 x12:0x00000000 x19=0x00000000
       87365000	      8637	80007722	40940333	sub	x6,x8,x9	  x8:0x00000000  x9:0xf6bfe000  x6=0x09402000
       87375000	      8638	80007726	098e	c.slli	x19,0x3	 x19:0x00000000 x19=0x00000000
       87385000	      8639	80007728	1dff8193	addi	x3,x31,479	 x31:0x00000000  x3=0x000001df
       87395000	      8640	8000772c	03e1f463	bgeu	x3,x30,80007754	  x3:0x000001df x30:0x000003b0
       87405000	      8641	80007730	02a7d463	bge	x15,x10,80007758	 x15:0x80025ce4 x10:0x033325a5
       87415000	      8642	80007734	ea0d	c.bnez	x12,80007766	 x12:0x00000000
       87425000	      8643	80007736	0e8c	c.addi4spn	x11,x2,848	 x11=0x00000350
       87435000	      8644	80007738	010c	c.addi4spn	x11,x2,128	 x11=0x00000080
       87475000	      8648	8000773a	035f1eb3	mulh	x29,x30,x21	 x30:0x000003b0 x21:0x00000000 x29=0x00000000
       87485000	      8649	8000773e	03b5c863	blt	x11,x27,8000776e	 x11:0x00000080 x27:0x00000000
       87495000	      8650	80007742	950a	c.add	x10,x2	 x10:0x033325a5  x2:0x00000000 x10=0x033325a5
       87505000	      8651	80007744	002886b3	add	x13,x17,x2	 x17:0xb3429000  x2:0x00000000 x13=0xb3429000
       87515000	      8652	80007748	6c3d	c.lui	x24,0xf	 x24=0x0000f000
       87525000	      8653	8000774a	40cddbb3	sra	x23,x27,x12	 x27:0x00000000 x12:0x00000000 x23=0x00000000
       87535000	      8654	8000774e	03dd9d63	bne	x27,x29,80007788	 x27:0x00000000 x29:0x00000000
       87545000	      8655	80007752	8d61	c.and	x10,x8	 x10:0x033325a5  x8:0x00000000 x10=0x00000000
       87555000	      8656	80007754	0ff0000f	fence	iorw,iorw	
       87565000	      8657	80007758	01d16633	or	x12,x2,x29	  x2:0x00000000 x29:0x00000000 x12=0x00000000
       87575000	      8658	8000775c	01509533	sll	x10,x1,x21	  x1:0x80000359 x21:0x00000000 x10=0x80000359
       87585000	      8659	80007760	00c87f33	and	x30,x16,x12	 x16:0x00000000 x12:0x00000000 x30=0x00000000
       87595000	      8660	80007764	1798	c.addi4spn	x14,x2,992	 x14=0x000003e0
       87605000	      8661	80007766	005e9763	bne	x29,x5,80007774	 x29:0x00000000  x5:0x00000001
       87625000	      8663	80007774	0008c5b3	xor	x11,x17,x0	 x17:0xb3429000  x0:0x00000000 x11=0xb3429000
       87635000	      8664	80007778	8155	c.srli	x10,0x15	 x10:0x80000359 x10=0x00000400
       88005000	      8701	8000777a	02334bb3	div	x23,x6,x3	  x6:0x09402000  x3:0x000001df x23=0x0004f1a3
       88015000	      8702	8000777e	8571	c.srai	x10,0x1c	 x10:0x00000400 x10=0x00000000
       88025000	      8703	80007780	0001	c.addi	x0,0	  x0:0x00000000  x0=0x00000000
       88035000	      8704	80007782	d4833b13	sltiu	x22,x6,-696	  x6:0x09402000 x22=0x00000001
       88045000	      8705	80007786	9996	c.add	x19,x5	 x19:0x00000000  x5:0x00000001 x19=0x00000001
       88055000	      8706	80007788	0eea	c.slli	x29,0x1a	 x29:0x00000000 x29=0x00000000
       88065000	      8707	8000778a	8ca1	c.xor	x9,x8	  x9:0xf6bfe000  x8:0x00000000  x9=0xf6bfe000
       88075000	      8708	8000778c	8625	c.srai	x12,0x9	 x12:0x00000000 x12=0x00000000
       88085000	      8709	8000778e	8d71	c.and	x10,x12	 x10:0x00000000 x12:0x00000000 x10=0x00000000
       88095000	      8710	80007790	39a07513	andi	x10,x0,922	  x0:0x00000000 x10=0x00000000
       88105000	      8711	80007794	c691	c.beqz	x13,800077a0	 x13:0xb3429000
       88115000	      8712	80007796	5fd42a13	slti	x20,x8,1533	  x8:0x00000000 x20=0x00000001
       88125000	      8713	8000779a	167d	c.addi	x12,-1	 x12:0x00000000 x12=0xffffffff
       88135000	      8714	8000779c	01b56c33	or	x24,x10,x27	 x10:0x00000000 x27:0x00000000 x24=0x00000000
       88145000	      8715	800077a0	88c9	c.andi	x9,18	  x9:0xf6bfe000  x9=0x00000000
       88155000	      8716	800077a2	8db5	c.xor	x11,x13	 x11:0xb3429000 x13:0xb3429000 x11=0x00000000
       88165000	      8717	800077a4	400cd593	srai	x11,x25,0x0	 x25:0x00000000 x11=0x00000000
       88175000	      8718	800077a8	011901b3	add	x3,x18,x17	 x18:0x037ffffc x17:0xb3429000  x3=0xb6c28ffc
       88185000	      8719	800077ac	717d	c.addi16sp	x2,-16	  x2:0x00000000  x2=0xfffffff0
       88195000	      8720	800077ae	00007033	and	x0,x0,x0	  x0:0x00000000  x0:0x00000000  x0=0x00000000
       88205000	      8721	800077b2	0741	c.addi	x14,16	 x14:0x000003e0 x14=0x000003f0
       88245000	      8725	800077b4	02103933	mulhu	x18,x0,x1	  x0:0x00000000  x1:0x80000359 x18=0x00000000
       88255000	      8726	800077b8	6119	c.addi16sp	x2,384	  x2:0xfffffff0  x2=0x00000170
       88265000	      8727	800077ba	006f3c33	sltu	x24,x30,x6	 x30:0x00000000  x6:0x09402000 x24=0x00000001
       88275000	      8728	800077be	0001	c.addi	x0,0	  x0:0x00000000  x0=0x00000000
       88285000	      8729	800077c0	0aaa	c.slli	x21,0xa	 x21:0x00000000 x21=0x00000000
       88655000	      8766	800077c2	02e5f0b3	remu	x1,x11,x14	 x11:0x00000000 x14:0x000003f0  x1=0x00000000
       88695000	      8770	800077c6	0256a133	mulhsu	x2,x13,x5	 x13:0xb3429000  x5:0x00000001  x2=0xffffffff
       88705000	      8771	800077ca	00bcc9b3	xor	x19,x25,x11	 x25:0x00000000 x11:0x00000000 x19=0x00000000
       88715000	      8772	800077ce	8661	c.srai	x12,0x18	 x12:0xffffffff x12=0xffffffff
       88725000	      8773	800077d0	00c41263	bne	x8,x12,800077d4	  x8:0x00000000 x12:0xffffffff
       88745000	      8775	800077d4	8e89	c.sub	x13,x10	 x13:0xb3429000 x10:0x00000000 x13=0xb3429000
       88785000	      8779	800077d6	02fd2033	mulhsu	x0,x26,x15	 x26:0xfffffca7 x15:0x80025ce4  x0=0x00000000
       88805000	      8781	800077da	03d4fb33	remu	x22,x9,x29	  x9:0x00000000 x29:0x00000000 x22=0x00000000
       88815000	      8782	800077de	02ea	c.slli	x5,0x1a	  x5:0x00000001  x5=0x04000000
       88825000	      8783	800077e0	84b9	c.srai	x9,0xe	  x9:0x00000000  x9=0x00000000
       88855000	      8786	800077e2	02b088b3	mul	x17,x1,x11	  x1:0x00000000 x11:0x00000000 x17=0x00000000
       88865000	      8787	800077e6	a23b6317	auipc	x6,0xa23b6	  x6=0x223bd7e6
       88875000	      8788	800077ea	885e	c.mv	x16,x23	  x0:0x00000000 x23:0x0004f1a3 x16=0x0004f1a3
       88885000	      8789	800077ec	0000100f	fence.i	
       88905000	      8791	800077f0	0ff0000f	fence	iorw,iorw	
       88915000	      8792	800077f4	6115	c.addi16sp	x2,288	  x2:0xffffffff  x2=0x0000011f
       88925000	      8793	800077f6	695b10b7	lui	x1,0x695b1	  x1=0x695b1000
       88935000	      8794	800077fa	25c77093	andi	x1,x14,604	 x14:0x000003f0  x1=0x00000250
       88945000	      8795	800077fe	0001	c.addi	x0,0	  x0:0x00000000  x0=0x00000000
       88955000	      8796	80007800	51e1e093	ori	x1,x3,1310	  x3:0xb6c28ffc  x1=0xb6c28ffe
       88965000	      8797	80007804	00cfbcb3	sltu	x25,x31,x12	 x31:0x00000000 x12:0xffffffff x25=0x00000001
       88975000	      8798	80007808	026d9d63	bne	x27,x6,80007842	 x27:0x00000000  x6:0x223bd7e6
       89005000	      8801	80007842	004894b3	sll	x9,x17,x4	 x17:0x00000000  x4:0xd8f5e528  x9=0x00000000
       89025000	      8803	80007846	03e95533	divu	x10,x18,x30	 x18:0x00000000 x30:0x00000000 x10=0xffffffff
       89035000	      8804	8000784a	1ffd	c.addi	x31,-1	 x31:0x00000000 x31=0xffffffff
       89045000	      8805	8000784c	c009	c.beqz	x8,8000784e	  x8:0x00000000
       89075000	      8808	8000784e	0121df93	srli	x31,x3,0x12	  x3:0xb6c28ffc x31=0x00002db0
       89095000	      8810	80007852	03ed78b3	remu	x17,x26,x30	 x26:0xfffffca7 x30:0x00000000 x17=0xfffffca7
       89105000	      8811	80007856	002e5113	srli	x2,x28,0x2	 x28:0x80021e34  x2=0x2000878d
       89115000	      8812	8000785a	c719	c.beqz	x14,80007868	 x14:0x000003f0
       89125000	      8813	8000785c	717d	c.addi16sp	x2,-16	  x2:0x2000878d  x2=0x2000877d
       89165000	      8817	8000785e	02e13eb3	mulhu	x29,x2,x14	  x2:0x2000877d x14:0x000003f0 x29=0x0000007e
       89175000	      8818	80007862	e409	c.bnez	x8,8000786c	  x8:0x00000000
       89185000	      8819	80007864	01efebb3	or	x23,x31,x30	 x31:0x00002db0 x30:0x00000000 x23=0x00002db0
       89195000	      8820	80007868	90f18693	addi	x13,x3,-1777	  x3:0xb6c28ffc x13=0xb6c2890b
       89205000	      8821	8000786c	01518633	add	x12,x3,x21	  x3:0xb6c28ffc x21:0x00000000 x12=0xb6c28ffc
       89215000	      8822	80007870	016db9b3	sltu	x19,x27,x22	 x27:0x00000000 x22:0x00000000 x19=0x00000000
       89225000	      8823	80007874	899d	c.andi	x11,7	 x11:0x00000000 x11=0x00000000
       89235000	      8824	80007876	01ad1863	bne	x26,x26,80007886	 x26:0xfffffca7 x26:0xfffffca7
       89245000	      8825	8000787a	c0b10cb7	lui	x25,0xc0b10	 x25=0xc0b10000
       89255000	      8826	8000787e	6a59ba13	sltiu	x20,x19,1701	 x19:0x00000000 x20=0x00000001
       89265000	      8827	80007882	00d60733	add	x14,x12,x13	 x12:0xb6c28ffc x13:0xb6c2890b x14=0x6d851907
       89275000	      8828	80007886	8951	c.andi	x10,20	 x10:0xffffffff x10=0x00000014
       89285000	      8829	80007888	0d8c	c.addi4spn	x11,x2,720	 x11=0x20008a4d
       89295000	      8830	8000788a	41da85b3	sub	x11,x21,x29	 x21:0x00000000 x29:0x0000007e x11=0xffffff82
       89305000	      8831	8000788e	0138f133	and	x2,x17,x19	 x17:0xfffffca7 x19:0x00000000  x2=0x00000000
       89315000	      8832	80007892	1b51c313	xori	x6,x3,437	  x3:0xb6c28ffc  x6=0xb6c28e49
       89325000	      8833	80007896	0000100f	fence.i	
       89385000	      8839	8000789a	02b71a33	mulh	x20,x14,x11	 x14:0x6d851907 x11:0xffffff82 x20=0xffffffca
       89395000	      8840	8000789e	017f66b3	or	x13,x30,x23	 x30:0x00000000 x23:0x00002db0 x13=0x00002db0
       89405000	      8841	800078a2	0708	c.addi4spn	x10,x2,896	 x10=0x00000380
       89415000	      8842	800078a4	01c25963	bge	x4,x28,800078b6	  x4:0xd8f5e528 x28:0x80021e34
       89475000	      8848	800078b6	033db2b3	mulhu	x5,x27,x19	 x27:0x00000000 x19:0x00000000  x5=0x00000000
       89485000	      8849	800078ba	717d	c.addi16sp	x2,-16	  x2:0x00000000  x2=0xfffffff0
       89495000	      8850	800078bc	f794f4b7	lui	x9,0xf794f	  x9=0xf794f000
       89505000	      8851	800078c0	969a	c.add	x13,x6	 x13:0x00002db0  x6:0xb6c28e49 x13=0xb6c2bbf9
       89515000	      8852	800078c2	56fd	c.li	x13,-1	 x13=0xffffffff
       89525000	      8853	800078c4	8c41	c.or	x8,x8	  x8:0x00000000  x8:0x00000000  x8=0x00000000
       89535000	      8854	800078c6	0001	c.addi	x0,0	  x0:0x00000000  x0=0x00000000
       89545000	      8855	800078c8	01116663	bltu	x2,x17,800078d4	  x2:0xfffffff0 x17:0xfffffca7
       89555000	      8856	800078cc	0ff0000f	fence	iorw,iorw	
       89565000	      8857	800078d0	00b15a33	srl	x20,x2,x11	  x2:0xfffffff0 x11:0xffffff82 x20=0x3ffffffc
       89575000	      8858	800078d4	65e1	c.lui	x11,0x18	 x11=0x00018000
       89585000	      8859	800078d6	eb170993	addi	x19,x14,-335	 x14:0x6d851907 x19=0x6d8517b8
       89595000	      8860	800078da	4008d6b3	sra	x13,x17,x0	 x17:0xfffffca7  x0:0x00000000 x13=0xfffffca7
       89605000	      8861	800078de	00a6	c.slli	x1,0x9	  x1:0xb6c28ffe  x1=0x851ffc00
       89615000	      8862	800078e0	00ec1e63	bne	x24,x14,800078fc	 x24:0x00000001 x14:0x6d851907
       89635000	      8864	800078fc	01c4cd63	blt	x9,x28,80007916	  x9:0xf794f000 x28:0x80021e34
       89645000	      8865	80007900	01d6abb3	slt	x23,x13,x29	 x13:0xfffffca7 x29:0x0000007e x23=0x00000001
       89655000	      8866	80007904	8cd1	c.or	x9,x12	  x9:0xf794f000 x12:0xb6c28ffc  x9=0xf7d6fffc
       89665000	      8867	80007906	e199	c.bnez	x11,8000790c	 x11:0x00018000
       89685000	      8869	8000790c	8641	c.srai	x12,0x10	 x12:0xb6c28ffc x12=0xffffb6c2
       89695000	      8870	8000790e	01a35293	srli	x5,x6,0x1a	  x6:0xb6c28e49  x5=0x0000002d
       89705000	      8871	80007912	c4ae4893	xori	x17,x28,-950	 x28:0x80021e34 x17=0x7ffde27e
       89715000	      8872	80007916	40ff0633	sub	x12,x30,x15	 x30:0x00000000 x15:0x80025ce4 x12=0x7ffda31c
       89725000	      8873	8000791a	409ddd33	sra	x26,x27,x9	 x27:0x00000000  x9:0xf7d6fffc x26=0x00000000
       89765000	      8877	8000791e	03521933	mulh	x18,x4,x21	  x4:0xd8f5e528 x21:0x00000000 x18=0x00000000
       89775000	      8878	80007922	010c1863	bne	x24,x16,80007932	 x24:0x00000001 x16:0x0004f1a3
       90165000	      8917	80007932	02f670b3	remu	x1,x12,x15	 x12:0x7ffda31c x15:0x80025ce4  x1=0x7ffda31c
       90175000	      8918	80007936	01c61813	slli	x16,x12,0x1c	 x12:0x7ffda31c x16=0xc0000000
       90185000	      8919	8000793a	01d6f763	bgeu	x13,x29,80007948	 x13:0xfffffca7 x29:0x0000007e
       90205000	      8921	80007948	6159	c.addi16sp	x2,400	  x2:0xfffffff0  x2=0x00000180
       90245000	      8925	8000794a	020a18b3	mulh	x17,x20,x0	 x20:0x3ffffffc  x0:0x00000000 x17=0x00000000
       90255000	      8926	8000794e	0001	c.addi	x0,0	  x0:0x00000000  x0=0x00000000
       90265000	      8927	80007950	8b1d	c.andi	x14,7	 x14:0x6d851907 x14=0x00000007
       90275000	      8928	80007952	406ed693	srai	x13,x29,0x6	 x29:0x0000007e x13=0x00000001
       90285000	      8929	80007956	0001	c.addi	x0,0	  x0:0x00000000  x0=0x00000000
       90295000	      8930	80007958	8c41	c.or	x8,x8	  x8:0x00000000  x8:0x00000000  x8=0x00000000
       90665000	      8967	8000795a	02525933	divu	x18,x4,x5	  x4:0xd8f5e528  x5:0x0000002d x18=0x04d243ab
       90675000	      8968	8000795e	c589	c.beqz	x11,80007968	 x11:0x00018000
       90685000	      8969	80007960	02c19a63	bne	x3,x12,80007994	  x3:0xb6c28ffc x12:0x7ffda31c
       90705000	      8971	80007994	c97aa293	slti	x5,x21,-873	 x21:0x00000000  x5=0x00000000
       90715000	      8972	80007998	01b9fa33	and	x20,x19,x27	 x19:0x6d8517b8 x27:0x00000000 x20=0x00000000
       90725000	      8973	8000799c	41605b13	srai	x22,x0,0x16	  x0:0x00000000 x22=0x00000000
       90735000	      8974	800079a0	0f84	c.addi4spn	x9,x2,976	  x9=0x00000550
       90745000	      8975	800079a2	8dee	c.mv	x27,x27	  x0:0x00000000 x27:0x00000000 x27=0x00000000
       90755000	      8976	800079a4	0135e963	bltu	x11,x19,800079b6	 x11:0x00018000 x19:0x6d8517b8
       90775000	      8978	800079b6	8a69	c.andi	x12,26	 x12:0x7ffda31c x12=0x00000018
       91145000	      9015	800079b8	03dde733	rem	x14,x27,x29	 x27:0x00000000 x29:0x0000007e x14=0x00000000
       91185000	      9019	800079bc	028792b3	mulh	x5,x15,x8	 x15:0x80025ce4  x8:0x00000000  x5=0x00000000
       91195000	      9020	800079c0	d50fbf13	sltiu	x30,x31,-688	 x31:0x00002db0 x30=0x00000001
       91205000	      9021	800079c4	02915863	bge	x2,x9,800079f4	  x2:0x00000180  x9:0x00000550
       91215000	      9022	800079c8	00c4df63	bge	x9,x12,800079e6	  x9:0x00000550 x12:0x00000018
       91605000	      9061	800079e6	02c5c5b3	div	x11,x11,x12	 x11:0x00018000 x12:0x00000018 x11=0x00001000
       91615000	      9062	800079ea	00045c33	srl	x24,x8,x0	  x8:0x00000000  x0:0x00000000 x24=0x00000000
       91625000	      9063	800079ee	e7eae493	ori	x9,x21,-386	 x21:0x00000000  x9=0xfffffe7e
       91635000	      9064	800079f2	0f79	c.addi	x30,30	 x30:0x00000001 x30=0x0000001f
       91675000	      9068	800079f4	02eda9b3	mulhsu	x19,x27,x14	 x27:0x00000000 x14:0x00000000 x19=0x00000000
       91685000	      9069	800079f8	0076d833	srl	x16,x13,x7	 x13:0x00000001  x7:0x80000000 x16=0x00000001
       91695000	      9070	800079fc	ae17f593	andi	x11,x15,-1311	 x15:0x80025ce4 x11=0x800258e0
       91705000	      9071	80007a00	e705	c.bnez	x14,80007a28	 x14:0x00000000
       91715000	      9072	80007a02	40175733	sra	x14,x14,x1	 x14:0x00000000  x1:0x7ffda31c x14=0x00000000
       91755000	      9076	80007a06	030baa33	mulhsu	x20,x23,x16	 x23:0x00000001 x16:0x00000001 x20=0x00000000
       91765000	      9077	80007a0a	03a07763	bgeu	x0,x26,80007a38	  x0:0x00000000 x26:0x00000000
       91785000	      9079	80007a38	41e4d8b3	sra	x17,x9,x30	  x9:0xfffffe7e x30:0x0000001f x17=0xffffffff
       91795000	      9080	80007a3c	00623833	sltu	x16,x4,x6	  x4:0xd8f5e528  x6:0xb6c28e49 x16=0x00000000
       91805000	      9081	80007a40	171f3213	sltiu	x4,x30,369	 x30:0x0000001f  x4=0x00000001
       91815000	      9082	80007a44	00c47c33	and	x24,x8,x12	  x8:0x00000000 x12:0x00000018 x24=0x00000000
       91825000	      9083	80007a48	c715	c.beqz	x14,80007a74	 x14:0x00000000
       91845000	      9085	80007a74	416ed5b3	sra	x11,x29,x22	 x29:0x0000007e x22:0x00000000 x11=0x0000007e
       91855000	      9086	80007a78	01dfd233	srl	x4,x31,x29	 x31:0x00002db0 x29:0x0000007e  x4=0x00000000
       91865000	      9087	80007a7c	964a	c.add	x12,x18	 x12:0x00000018 x18:0x04d243ab x12=0x04d243c3
       91875000	      9088	80007a7e	91a74b93	xori	x23,x14,-1766	 x14:0x00000000 x23=0xfffff91a
       91885000	      9089	80007a82	33be7813	andi	x16,x28,827	 x28:0x80021e34 x16=0x00000230
       91925000	      9093	80007a86	02efb4b3	mulhu	x9,x31,x14	 x31:0x00002db0 x14:0x00000000  x9=0x00000000
       91935000	      9094	80007a8a	00c11e63	bne	x2,x12,80007aa6	  x2:0x00000180 x12:0x04d243c3
       91955000	      9096	80007aa6	82e1	c.srli	x13,0x18	 x13:0x00000001 x13=0x00000000
       91965000	      9097	80007aa8	0985	c.addi	x19,1	 x19:0x00000000 x19=0x00000001
       91975000	      9098	80007aaa	00417a63	bgeu	x2,x4,80007abe	  x2:0x00000180  x4:0x00000000
       91995000	      9100	80007abe	9f16	c.add	x30,x5	 x30:0x0000001f  x5:0x00000000 x30=0x0000001f
       92015000	      9102	80007ac0	03ad7733	remu	x14,x26,x26	 x26:0x00000000 x26:0x00000000 x14=0x00000000
       92025000	      9103	80007ac4	0001	c.addi	x0,0	  x0:0x00000000  x0=0x00000000
       92035000	      9104	80007ac6	00ed4cb3	xor	x25,x26,x14	 x26:0x00000000 x14:0x00000000 x25=0x00000000
       92045000	      9105	80007aca	8c3d	c.xor	x8,x15	  x8:0x00000000 x15:0x80025ce4  x8=0x80025ce4
       92055000	      9106	80007acc	85ad	c.srai	x11,0xb	 x11:0x0000007e x11=0x00000000
       92065000	      9107	80007ace	9ad22b13	slti	x22,x4,-1619	  x4:0x00000000 x22=0x00000000
       92075000	      9108	80007ad2	8db1	c.xor	x11,x12	 x11:0x00000000 x12:0x04d243c3 x11=0x04d243c3
       92085000	      9109	80007ad4	e18d	c.bnez	x11,80007af6	 x11:0x04d243c3
       92115000	      9112	80007af6	0000100f	fence.i	
       92135000	      9114	80007afa	8c85	c.sub	x9,x9	  x9:0x00000000  x9:0x00000000  x9=0x00000000
       92145000	      9115	80007afc	eba53813	sltiu	x16,x10,-326	 x10:0x00000380 x16=0x00000001
       92155000	      9116	80007b00	01d24633	xor	x12,x4,x29	  x4:0x00000000 x29:0x0000007e x12=0x0000007e
       92195000	      9120	80007b04	026724b3	mulhsu	x9,x14,x6	 x14:0x00000000  x6:0xb6c28e49  x9=0x00000000
       92215000	      9122	80007b08	02dbfc33	remu	x24,x23,x13	 x23:0xfffff91a x13:0x00000000 x24=0xfffff91a
       92225000	      9123	80007b0c	006639b3	sltu	x19,x12,x6	 x12:0x0000007e  x6:0xb6c28e49 x19=0x00000001
       92235000	      9124	80007b10	0001	c.addi	x0,0	  x0:0x00000000  x0=0x00000000
       92245000	      9125	80007b12	6fcd	c.lui	x31,0x13	 x31=0x00013000
       92255000	      9126	80007b14	01946cb3	or	x25,x8,x25	  x8:0x80025ce4 x25:0x00000000 x25=0x80025ce4
       92265000	      9127	80007b18	0bca	c.slli	x23,0x12	 x23:0xfffff91a x23=0xe4680000
       92275000	      9128	80007b1a	0ff0000f	fence	iorw,iorw	
       92285000	      9129	80007b1e	0000100f	fence.i	
       92305000	      9131	80007b22	8c55	c.or	x8,x13	  x8:0x80025ce4 x13:0x00000000  x8=0x80025ce4
       92315000	      9132	80007b24	0c5df297	auipc	x5,0xc5df	  x5=0x8c5e6b24
       92685000	      9169	80007b28	03e7efb3	rem	x31,x15,x30	 x15:0x80025ce4 x30:0x0000001f x31=0xffffffe6
       92695000	      9170	80007b2c	1d14	c.addi4spn	x13,x2,688	 x13=0x00000430
       92725000	      9173	80007b2e	02b88c33	mul	x24,x17,x11	 x17:0xffffffff x11:0x04d243c3 x24=0xfb2dbc3d
       92735000	      9174	80007b32	9ed2	c.add	x29,x20	 x29:0x0000007e x20:0x00000000 x29=0x0000007e
       92745000	      9175	80007b34	0001	c.addi	x0,0	  x0:0x00000000  x0=0x00000000
       92755000	      9176	80007b36	426c0a93	addi	x21,x24,1062	 x24:0xfb2dbc3d x21=0xfb2dc063
       92765000	      9177	80007b3a	0001	c.addi	x0,0	  x0:0x00000000  x0=0x00000000
       92795000	      9180	80007b3c	022a0a33	mul	x20,x20,x2	 x20:0x00000000  x2:0x00000180 x20=0x00000000
       92805000	      9181	80007b40	d2b40717	auipc	x14,0xd2b40	 x14=0x52b47b40
       92815000	      9182	80007b44	2fbf4b13	xori	x22,x30,763	 x30:0x0000001f x22=0x000002e4
       92825000	      9183	80007b48	00014863	blt	x2,x0,80007b58	  x2:0x00000180  x0:0x00000000
       92835000	      9184	80007b4c	68d945b7	lui	x11,0x68d94	 x11=0x68d94000
       92845000	      9185	80007b50	40e85213	srai	x4,x16,0xe	 x16:0x00000001  x4=0x00000000
       92855000	      9186	80007b54	8c89	c.sub	x9,x10	  x9:0x00000000 x10:0x00000380  x9=0xfffffc80
       92865000	      9187	80007b56	89ca	c.mv	x19,x18	  x0:0x00000000 x18:0x04d243ab x19=0x04d243ab
       92875000	      9188	80007b58	4095d713	srai	x14,x11,0x9	 x11:0x68d94000 x14=0x00346ca0
       92885000	      9189	80007b5c	008ecfb3	xor	x31,x29,x8	 x29:0x0000007e  x8:0x80025ce4 x31=0x80025c9a
       92895000	      9190	80007b60	00141933	sll	x18,x8,x1	  x8:0x80025ce4  x1:0x7ffda31c x18=0x40000000
       92905000	      9191	80007b64	00ed1263	bne	x26,x14,80007b68	 x26:0x00000000 x14:0x00346ca0
       92955000	      9196	80007b68	02452333	mulhsu	x6,x10,x4	 x10:0x00000380  x4:0x00000000  x6=0x00000000
       92965000	      9197	80007b6c	227a90b7	lui	x1,0x227a9	  x1=0x227a9000
       92975000	      9198	80007b70	01121263	bne	x4,x17,80007b74	  x4:0x00000000 x17:0xffffffff
       92995000	      9200	80007b74	0a0a	c.slli	x20,0x2	 x20:0x00000000 x20=0x00000000
       93005000	      9201	80007b76	0000100f	fence.i	
       93025000	      9203	80007b7a	8435	c.srai	x8,0xd	  x8:0x80025ce4  x8=0xfffc0012
       93035000	      9204	80007b7c	997d	c.andi	x10,-1	 x10:0x00000380 x10=0x00000380
       93045000	      9205	80007b7e	e411	c.bnez	x8,80007b8a	  x8:0xfffc0012
       93065000	      9207	80007b8a	8ef1	c.and	x13,x12	 x13:0x00000430 x12:0x0000007e x13=0x00000030
       93075000	      9208	80007b8c	01b81e93	slli	x29,x16,0x1b	 x16:0x00000001 x29=0x08000000
       93085000	      9209	80007b90	8cf5	c.and	x9,x13	  x9:0xfffffc80 x13:0x00000030  x9=0x00000000
       93095000	      9210	80007b92	0000100f	fence.i	
       93125000	      9213	80007b96	0000100f	fence.i	
       93155000	      9216	80007b9a	006f0bb3	add	x23,x30,x6	 x30:0x0000001f  x6:0x00000000 x23=0x0000001f
       93165000	      9217	80007b9e	00249013	slli	x0,x9,0x2	  x9:0x00000000  x0=0x00000000
       93175000	      9218	80007ba2	cf19	c.beqz	x14,80007bc0	 x14:0x00346ca0
       93185000	      9219	80007ba4	7c6c4e93	xori	x29,x24,1990	 x24:0xfb2dbc3d x29=0xfb2dbbfb
       93195000	      9220	80007ba8	01b95a93	srli	x21,x18,0x1b	 x18:0x40000000 x21=0x00000008
       93205000	      9221	80007bac	8809	c.andi	x8,2	  x8:0xfffc0012  x8=0x00000002
       93215000	      9222	80007bae	aaec6493	ori	x9,x24,-1362	 x24:0xfb2dbc3d  x9=0xfffffebf
       93225000	      9223	80007bb2	8435	c.srai	x8,0xd	  x8:0x00000002  x8=0x00000000
       93235000	      9224	80007bb4	418fd333	sra	x6,x31,x24	 x31:0x80025c9a x24:0xfb2dbc3d  x6=0xfffffffc
       93245000	      9225	80007bb8	c681	c.beqz	x13,80007bc0	 x13:0x00000030
       93255000	      9226	80007bba	e9c00f13	addi	x30,x0,-356	  x0:0x00000000 x30=0xfffffe9c
       93265000	      9227	80007bbe	8dc5	c.or	x11,x9	 x11:0x68d94000  x9:0xfffffebf x11=0xfffffebf
       93275000	      9228	80007bc0	447d	c.li	x8,31	  x8=0x0000001f
       93285000	      9229	80007bc2	96ee	c.add	x13,x27	 x13:0x00000030 x27:0x00000000 x13=0x00000030
       93295000	      9230	80007bc4	55fd	c.li	x11,-1	 x11=0xffffffff
       93305000	      9231	80007bc6	825d	c.srli	x12,0x17	 x12:0x0000007e x12=0x00000000
       93315000	      9232	80007bc8	011d	c.addi	x2,7	  x2:0x00000180  x2=0x00000187
       93325000	      9233	80007bca	ff3e0a13	addi	x20,x28,-13	 x28:0x80021e34 x20=0x80021e27
       93335000	      9234	80007bce	01159233	sll	x4,x11,x17	 x11:0xffffffff x17:0xffffffff  x4=0x80000000
       93345000	      9235	80007bd2	019b5b13	srli	x22,x22,0x19	 x22:0x000002e4 x22=0x00000000
       93355000	      9236	80007bd6	6171	c.addi16sp	x2,336	  x2:0x00000187  x2=0x000002d7
       93725000	      9273	80007bd8	0340cc33	div	x24,x1,x20	  x1:0x227a9000 x20:0x80021e27 x24=0x00000000
       93735000	      9274	80007bdc	41b2d613	srai	x12,x5,0x1b	  x5:0x8c5e6b24 x12=0xfffffff1
       93775000	      9278	80007be0	026994b3	mulh	x9,x19,x6	 x19:0x04d243ab  x6:0xfffffffc  x9=0xffffffff
       93785000	      9279	80007be4	717d	c.addi16sp	x2,-16	  x2:0x000002d7  x2=0x000002c7
       93795000	      9280	80007be6	50b04493	xori	x9,x0,1291	  x0:0x00000000  x9=0x0000050b
       93805000	      9281	80007bea	8d71	c.and	x10,x12	 x10:0x00000380 x12:0xfffffff1 x10=0x00000380
       93815000	      9282	80007bec	8319	c.srli	x14,0x6	 x14:0x00346ca0 x14=0x0000d1b2
       93825000	      9283	80007bee	1008	c.addi4spn	x10,x2,32	 x10=0x000002e7
       93835000	      9284	80007bf0	417b06b3	sub	x13,x22,x23	 x22:0x00000000 x23:0x0000001f x13=0xffffffe1
       93845000	      9285	80007bf4	4148d933	sra	x18,x17,x20	 x17:0xffffffff x20:0x80021e27 x18=0xffffffff
       93855000	      9286	80007bf8	015a9a63	bne	x21,x21,80007c0c	 x21:0x00000008 x21:0x00000008
       93865000	      9287	80007bfc	677f6193	ori	x3,x30,1655	 x30:0xfffffe9c  x3=0xfffffeff
       93905000	      9291	80007c00	024fb933	mulhu	x18,x31,x4	 x31:0x80025c9a  x4:0x80000000 x18=0x40012e4d
       93915000	      9292	80007c04	01314e63	blt	x2,x19,80007c20	  x2:0x000002c7 x19:0x04d243ab
       93935000	      9294	80007c20	8d15	c.sub	x10,x13	 x10:0x000002e7 x13:0xffffffe1 x10=0x00000306
       93945000	      9295	80007c22	0ff0000f	fence	iorw,iorw	
       93955000	      9296	80007c26	f86da893	slti	x17,x27,-122	 x27:0x00000000 x17=0x00000000
       93965000	      9297	80007c2a	02290063	beq	x18,x2,80007c4a	 x18:0x40012e4d  x2:0x000002c7
       93975000	      9298	80007c2e	9435f217	auipc	x4,0x9435f	  x4=0x14366c2e
       94345000	      9335	80007c32	02d25533	divu	x10,x4,x13	  x4:0x14366c2e x13:0xffffffe1 x10=0x00000000
       94355000	      9336	80007c36	47d88517	auipc	x10,0x47d88	 x10=0xc7d8fc36
       94365000	      9337	80007c3a	007cc863	blt	x25,x7,80007c4a	 x25:0x80025ce4  x7:0x80000000
       94375000	      9338	80007c3e	01562533	slt	x10,x12,x21	 x12:0xfffffff1 x21:0x00000008 x10=0x00000001
       94385000	      9339	80007c42	8e91	c.sub	x13,x12	 x13:0xffffffe1 x12:0xfffffff1 x13=0xfffffff0
       94395000	      9340	80007c44	013d9663	bne	x27,x19,80007c50	 x27:0x00000000 x19:0x04d243ab
       94415000	      9342	80007c50	01f35d93	srli	x27,x6,0x1f	  x6:0xfffffffc x27=0x00000001
       94425000	      9343	80007c54	6615	c.lui	x12,0x5	 x12=0x00005000
       94435000	      9344	80007c56	00fee963	bltu	x29,x15,80007c68	 x29:0xfb2dbbfb x15:0x80025ce4
       94445000	      9345	80007c5a	0001	c.addi	x0,0	  x0:0x00000000  x0=0x00000000
       94475000	      9348	80007c5c	03578833	mul	x16,x15,x21	 x15:0x80025ce4 x21:0x00000008 x16=0x0012e720
       94515000	      9352	80007c60	038212b3	mulh	x5,x4,x24	  x4:0x14366c2e x24:0x00000000  x5=0x00000000
       94525000	      9353	80007c64	8705	c.srai	x14,0x1	 x14:0x0000d1b2 x14=0x000068d9
       94535000	      9354	80007c66	98fd	c.andi	x9,-1	  x9:0x0000050b  x9=0x0000050b
       94545000	      9355	80007c68	018cd9b3	srl	x19,x25,x24	 x25:0x80025ce4 x24:0x00000000 x19=0x80025ce4
       94555000	      9356	80007c6c	0016b033	sltu	x0,x13,x1	 x13:0xfffffff0  x1:0x227a9000  x0=0x00000000
       94565000	      9357	80007c70	aa67e017	auipc	x0,0xaa67e	  x0=0x00000000
       94575000	      9358	80007c74	0001	c.addi	x0,0	  x0:0x00000000  x0=0x00000000
       94585000	      9359	80007c76	062c0693	addi	x13,x24,98	 x24:0x00000000 x13=0x00000062
       94615000	      9362	80007c7a	02e685b3	mul	x11,x13,x14	 x13:0x00000062 x14:0x000068d9 x11=0x00282312
       94625000	      9363	80007c7e	05a6	c.slli	x11,0x9	 x11:0x00282312 x11=0x50462400
       94635000	      9364	80007c80	01ee6333	or	x6,x28,x30	 x28:0x80021e34 x30:0xfffffe9c  x6=0xfffffebc
       94645000	      9365	80007c84	016cfa33	and	x20,x25,x22	 x25:0x80025ce4 x22:0x00000000 x20=0x00000000
       94655000	      9366	80007c88	0001	c.addi	x0,0	  x0:0x00000000  x0=0x00000000
       94665000	      9367	80007c8a	41380533	sub	x10,x16,x19	 x16:0x0012e720 x19:0x80025ce4 x10=0x80108a3c
       94675000	      9368	80007c8e	001650b3	srl	x1,x12,x1	 x12:0x00005000  x1:0x227a9000  x1=0x00005000
       94685000	      9369	80007c92	4da5	c.li	x27,9	 x27=0x00000009
       94695000	      9370	80007c94	2690af13	slti	x30,x1,617	  x1:0x00005000 x30=0x00000000
       94705000	      9371	80007c98	068d	c.addi	x13,3	 x13:0x00000062 x13=0x00000065
       94715000	      9372	80007c9a	d7e66613	ori	x12,x12,-642	 x12:0x00005000 x12=0xfffffd7e
       94725000	      9373	80007c9e	01f73bb3	sltu	x23,x14,x31	 x14:0x000068d9 x31:0x80025c9a x23=0x00000001
       94735000	      9374	80007ca2	00b71db3	sll	x27,x14,x11	 x14:0x000068d9 x11:0x50462400 x27=0x000068d9
       94745000	      9375	80007ca6	0ff0000f	fence	iorw,iorw	
       94755000	      9376	80007caa	00f768b3	or	x17,x14,x15	 x14:0x000068d9 x15:0x80025ce4 x17=0x80027cfd
       94765000	      9377	80007cae	0dce	c.slli	x27,0x13	 x27:0x000068d9 x27=0x46c80000
       94775000	      9378	80007cb0	00b56333	or	x6,x10,x11	 x10:0x80108a3c x11:0x50462400  x6=0xd056ae3c
       94785000	      9379	80007cb4	3b022293	slti	x5,x4,944	  x4:0x14366c2e  x5=0x00000000
       94795000	      9380	80007cb8	0002feb3	and	x29,x5,x0	  x5:0x00000000  x0:0x00000000 x29=0x00000000
       94805000	      9381	80007cbc	e619	c.bnez	x12,80007cca	 x12:0xfffffd7e
       94835000	      9384	80007cca	111e3213	sltiu	x4,x28,273	 x28:0x80021e34  x4=0x00000000
       94845000	      9385	80007cce	8d79	c.and	x10,x14	 x10:0x80108a3c x14:0x000068d9 x10=0x00000818
       94855000	      9386	80007cd0	0001	c.addi	x0,0	  x0:0x00000000  x0=0x00000000
       95225000	      9423	80007cd2	037a4333	div	x6,x20,x23	 x20:0x00000000 x23:0x00000001  x6=0x00000000
       95235000	      9424	80007cd6	00d670b3	and	x1,x12,x13	 x12:0xfffffd7e x13:0x00000065  x1=0x00000064
       95245000	      9425	80007cda	8699	c.srai	x13,0x6	 x13:0x00000065 x13=0x00000001
       95255000	      9426	80007cdc	412f52b3	sra	x5,x30,x18	 x30:0x00000000 x18:0x40012e4d  x5=0x00000000
       95265000	      9427	80007ce0	17ca8093	addi	x1,x21,380	 x21:0x00000008  x1=0x00000184
       95275000	      9428	80007ce4	15fd	c.addi	x11,-1	 x11:0x50462400 x11=0x504623ff
       95285000	      9429	80007ce6	15f4ec93	ori	x25,x9,351	  x9:0x0000050b x25=0x0000055f
       95295000	      9430	80007cea	0191cab3	xor	x21,x3,x25	  x3:0xfffffeff x25:0x0000055f x21=0xfffffba0
       95305000	      9431	80007cee	10f8d997	auipc	x19,0x10f8d	 x19=0x90f94cee
       95315000	      9432	80007cf2	dc473e93	sltiu	x29,x14,-572	 x14:0x000068d9 x29=0x00000001
       95325000	      9433	80007cf6	81ed	c.srli	x11,0x1b	 x11:0x504623ff x11=0x0000000a
       95335000	      9434	80007cf8	1a21c697	auipc	x13,0x1a21c	 x13=0x9a223cf8
       95345000	      9435	80007cfc	0bd6	c.slli	x23,0x15	 x23:0x00000001 x23=0x00200000
       95355000	      9436	80007cfe	138c	c.addi4spn	x11,x2,480	 x11=0x000004a7
       95365000	      9437	80007d00	0001	c.addi	x0,0	  x0:0x00000000  x0=0x00000000
       95375000	      9438	80007d02	0077c733	xor	x14,x15,x7	 x15:0x80025ce4  x7:0x80000000 x14=0x00025ce4
       95385000	      9439	80007d06	0107c663	blt	x15,x16,80007d12	 x15:0x80025ce4 x16:0x0012e720
       95415000	      9442	80007d12	00e38d33	add	x26,x7,x14	  x7:0x80000000 x14:0x00025ce4 x26=0x80025ce4
       95425000	      9443	80007d16	004ee133	or	x2,x29,x4	 x29:0x00000001  x4:0x00000000  x2=0x00000001
       95435000	      9444	80007d1a	0001	c.addi	x0,0	  x0:0x00000000  x0=0x00000000
       95445000	      9445	80007d1c	8e91	c.sub	x13,x12	 x13:0x9a223cf8 x12:0xfffffd7e x13=0x9a223f7a
       95485000	      9449	80007d1e	02af9d33	mulh	x26,x31,x10	 x31:0x80025c9a x10:0x00000818 x26=0xfffffbf4
       95855000	      9486	80007d22	03b448b3	div	x17,x8,x27	  x8:0x0000001f x27:0x46c80000 x17=0x00000000
       95865000	      9487	80007d26	6125	c.addi16sp	x2,96	  x2:0x00000001  x2=0x00000061
       95875000	      9488	80007d28	ca56e893	ori	x17,x13,-859	 x13:0x9a223f7a x17=0xffffffff
       95885000	      9489	80007d2c	0031c963	blt	x3,x3,80007d3e	  x3:0xfffffeff  x3:0xfffffeff
       95895000	      9490	80007d30	8db1	c.xor	x11,x12	 x11:0x000004a7 x12:0xfffffd7e x11=0xfffff9d9
       95905000	      9491	80007d32	8f69	c.and	x14,x10	 x14:0x00025ce4 x10:0x00000818 x14=0x00000800
       95915000	      9492	80007d34	03324e63	blt	x4,x19,80007d70	  x4:0x00000000 x19:0x90f94cee
       95925000	      9493	80007d38	1afd	c.addi	x21,-1	 x21:0xfffffba0 x21=0xfffffb9f
       95935000	      9494	80007d3a	00e1c733	xor	x14,x3,x14	  x3:0xfffffeff x14:0x00000800 x14=0xfffff6ff
       95945000	      9495	80007d3e	0001	c.addi	x0,0	  x0:0x00000000  x0=0x00000000
       95955000	      9496	80007d40	ee09	c.bnez	x12,80007d5a	 x12:0xfffffd7e
       95975000	      9498	80007d5a	9332	c.add	x6,x12	  x6:0x00000000 x12:0xfffffd7e  x6=0xfffffd7e
       95985000	      9499	80007d5c	2287e313	ori	x6,x15,552	 x15:0x80025ce4  x6=0x80025eec
       95995000	      9500	80007d60	0001	c.addi	x0,0	  x0:0x00000000  x0=0x00000000
       96005000	      9501	80007d62	0001	c.addi	x0,0	  x0:0x00000000  x0=0x00000000
       96015000	      9502	80007d64	016a9db3	sll	x27,x21,x22	 x21:0xfffffb9f x22:0x00000000 x27=0xfffffb9f
       96025000	      9503	80007d68	02029363	bne	x5,x0,80007d8e	  x5:0x00000000  x0:0x00000000
       96035000	      9504	80007d6c	00705663	bge	x0,x7,80007d78	  x0:0x00000000  x7:0x80000000
       96055000	      9506	80007d78	01b84833	xor	x16,x16,x27	 x16:0x0012e720 x27:0xfffffb9f x16=0xffed1cbf
       96065000	      9507	80007d7c	8d05	c.sub	x10,x9	 x10:0x00000818  x9:0x0000050b x10=0x0000030d
       96075000	      9508	80007d7e	6d75	c.lui	x26,0x1d	 x26=0x0001d000
       96085000	      9509	80007d80	59683f13	sltiu	x30,x16,1430	 x16:0xffed1cbf x30=0x00000000
       96455000	      9546	80007d84	02b156b3	divu	x13,x2,x11	  x2:0x00000061 x11:0xfffff9d9 x13=0x00000000
       96465000	      9547	80007d88	8e59	c.or	x12,x14	 x12:0xfffffd7e x14:0xfffff6ff x12=0xffffffff
       96475000	      9548	80007d8a	58fd	c.li	x17,-1	 x17=0xffffffff
       96485000	      9549	80007d8c	e199	c.bnez	x11,80007d92	 x11:0xfffff9d9
       96515000	      9552	80007d92	01f5c263	blt	x11,x31,80007d96	 x11:0xfffff9d9 x31:0x80025c9a
       96525000	      9553	80007d96	c895	c.beqz	x9,80007dca	  x9:0x0000050b
       96535000	      9554	80007d98	004d9493	slli	x9,x27,0x4	 x27:0xfffffb9f  x9=0xffffb9f0
       96545000	      9555	80007d9c	ec483a93	sltiu	x21,x16,-316	 x16:0xffed1cbf x21=0x00000001
       96555000	      9556	80007da0	001f7733	and	x14,x30,x1	 x30:0x00000000  x1:0x00000184 x14=0x00000000
       96565000	      9557	80007da4	014d06b3	add	x13,x26,x20	 x26:0x0001d000 x20:0x00000000 x13=0x0001d000
       96575000	      9558	80007da8	4bb5cd93	xori	x27,x11,1211	 x11:0xfffff9d9 x27=0xfffffd62
       96585000	      9559	80007dac	945e	c.add	x8,x23	  x8:0x0000001f x23:0x00200000  x8=0x0020001f
       96595000	      9560	80007dae	01316263	bltu	x2,x19,80007db2	  x2:0x00000061 x19:0x90f94cee
       96625000	      9563	80007db2	15c3a093	slti	x1,x7,348	  x7:0x80000000  x1=0x00000001
       96635000	      9564	80007db6	41345fb3	sra	x31,x8,x19	  x8:0x0020001f x19:0x90f94cee x31=0x00000080
       96645000	      9565	80007dba	417b8eb3	sub	x29,x23,x23	 x23:0x00200000 x23:0x00200000 x29=0x00000000
       96655000	      9566	80007dbe	e60d	c.bnez	x12,80007de8	 x12:0xffffffff
       96675000	      9568	80007de8	01114f33	xor	x30,x2,x17	  x2:0x00000061 x17:0xffffffff x30=0xffffff9e
       96685000	      9569	80007dec	8c35	c.xor	x8,x13	  x8:0x0020001f x13:0x0001d000  x8=0x0021d01f
       96695000	      9570	80007dee	6ad5	c.lui	x21,0x15	 x21=0x00015000
       96705000	      9571	80007df0	03dcdf63	bge	x25,x29,80007e2e	 x25:0x0000055f x29:0x00000000
       97095000	      9610	80007e2e	0396c133	div	x2,x13,x25	 x13:0x0001d000 x25:0x0000055f  x2=0x00000056
       97105000	      9611	80007e32	6bdd	c.lui	x23,0x17	 x23=0x00017000
       97115000	      9612	80007e34	0001	c.addi	x0,0	  x0:0x00000000  x0=0x00000000
       97485000	      9649	80007e36	03c16333	rem	x6,x2,x28	  x2:0x00000056 x28:0x80021e34  x6=0x00000056
       97495000	      9650	80007e3a	2249c493	xori	x9,x19,548	 x19:0x90f94cee  x9=0x90f94eca
       97505000	      9651	80007e3e	84da	c.mv	x9,x22	  x0:0x00000000 x22:0x00000000  x9=0x00000000
       97515000	      9652	80007e40	40e65c13	srai	x24,x12,0xe	 x12:0xffffffff x24=0xffffffff
       97525000	      9653	80007e44	00a15eb3	srl	x29,x2,x10	  x2:0x00000056 x10:0x0000030d x29=0x00000000
       97535000	      9654	80007e48	71de1137	lui	x2,0x71de1	  x2=0x71de1000
       97545000	      9655	80007e4c	8251	c.srli	x12,0x14	 x12:0xffffffff x12=0x00000fff
       97555000	      9656	80007e4e	0616	c.slli	x12,0x5	 x12:0x00000fff x12=0x0001ffe0
       97565000	      9657	80007e50	004a9c33	sll	x24,x21,x4	 x21:0x00015000  x4:0x00000000 x24=0x00015000
       97575000	      9658	80007e54	41e25f13	srai	x30,x4,0x1e	  x4:0x00000000 x30=0x00000000
       97585000	      9659	80007e58	eb05	c.bnez	x14,80007e88	 x14:0x00000000
       97955000	      9696	80007e5a	02d56633	rem	x12,x10,x13	 x10:0x0000030d x13:0x0001d000 x12=0x0000030d
       97965000	      9697	80007e5e	08b5	c.addi	x17,13	 x17:0xffffffff x17=0x0000000c
       98005000	      9701	80007e60	03c4b033	mulhu	x0,x9,x28	  x9:0x00000000 x28:0x80021e34  x0=0x00000000
       98015000	      9702	80007e64	010b1633	sll	x12,x22,x16	 x22:0x00000000 x16:0xffed1cbf x12=0x00000000
       98025000	      9703	80007e68	0000100f	fence.i	
       98405000	      9741	80007e6c	028041b3	div	x3,x0,x8	  x0:0x00000000  x8:0x0021d01f  x3=0x00000000
       98415000	      9742	80007e70	7895a737	lui	x14,0x7895a	 x14=0x7895a000
       98425000	      9743	80007e74	4d191d97	auipc	x27,0x4d191	 x27=0xcd198e74
       98435000	      9744	80007e78	02996c63	bltu	x18,x9,80007eb0	 x18:0x40012e4d  x9:0x00000000
       98475000	      9748	80007e7c	021c95b3	mulh	x11,x25,x1	 x25:0x0000055f  x1:0x00000001 x11=0x00000000
       98505000	      9751	80007e80	02cd8ab3	mul	x21,x27,x12	 x27:0xcd198e74 x12:0x00000000 x21=0x00000000
       98515000	      9752	80007e84	5c472997	auipc	x19,0x5c472	 x19=0xdc479e84
       98525000	      9753	80007e88	00321d33	sll	x26,x4,x3	  x4:0x00000000  x3:0x00000000 x26=0x00000000
       98535000	      9754	80007e8c	00bed013	srli	x0,x29,0xb	 x29:0x00000000  x0=0x00000000
       98545000	      9755	80007e90	0001	c.addi	x0,0	  x0:0x00000000  x0=0x00000000
       98585000	      9759	80007e92	03ab2233	mulhsu	x4,x22,x26	 x22:0x00000000 x26:0x00000000  x4=0x00000000
       98595000	      9760	80007e96	009172b3	and	x5,x2,x9	  x2:0x71de1000  x9:0x00000000  x5=0x00000000
       98605000	      9761	80007e9a	73240997	auipc	x19,0x73240	 x19=0xf3247e9a
       98975000	      9798	80007e9e	032dc333	div	x6,x27,x18	 x27:0xcd198e74 x18:0x40012e4d  x6=0x00000000
       98985000	      9799	80007ea2	018f65b3	or	x11,x30,x24	 x30:0x00000000 x24:0x00015000 x11=0x00015000
       98995000	      9800	80007ea6	8f55	c.or	x14,x13	 x14:0x7895a000 x13:0x0001d000 x14=0x7895f000
       99005000	      9801	80007ea8	2751c993	xori	x19,x3,629	  x3:0x00000000 x19=0x00000275
       99015000	      9802	80007eac	821d	c.srli	x12,0x7	 x12:0x00000000 x12=0x00000000
       99025000	      9803	80007eae	0b76	c.slli	x22,0x1d	 x22:0x00000000 x22=0x00000000
       99035000	      9804	80007eb0	03585763	bge	x16,x21,80007ede	 x16:0xffed1cbf x21:0x00000000
       99045000	      9805	80007eb4	9f3e	c.add	x30,x15	 x30:0x00000000 x15:0x80025ce4 x30=0x80025ce4
       99055000	      9806	80007eb6	0ff0000f	fence	iorw,iorw	
       99065000	      9807	80007eba	015c5993	srli	x19,x24,0x15	 x24:0x00015000 x19=0x00000000
       99075000	      9808	80007ebe	8935	c.andi	x10,13	 x10:0x0000030d x10=0x0000000d
       99105000	      9811	80007ec0	035a81b3	mul	x3,x21,x21	 x21:0x00000000 x21:0x00000000  x3=0x00000000
       99115000	      9812	80007ec4	00d41b63	bne	x8,x13,80007eda	  x8:0x0021d01f x13:0x0001d000
       99135000	      9814	80007eda	1418	c.addi4spn	x14,x2,544	 x14=0x71de1220
       99145000	      9815	80007edc	99f2	c.add	x19,x28	 x19:0x00000000 x28:0x80021e34 x19=0x80021e34
       99155000	      9816	80007ede	6ab5	c.lui	x21,0xd	 x21=0x0000d000
       99165000	      9817	80007ee0	547d	c.li	x8,-1	  x8=0xffffffff
       99205000	      9821	80007ee2	02be9633	mulh	x12,x29,x11	 x29:0x00000000 x11:0x00015000 x12=0x00000000
       99215000	      9822	80007ee6	8535	c.srai	x10,0xd	 x10:0x0000000d x10=0x00000000
       99225000	      9823	80007ee8	01f40833	add	x16,x8,x31	  x8:0xffffffff x31:0x00000080 x16=0x0000007f
       99235000	      9824	80007eec	034e7563	bgeu	x28,x20,80007f16	 x28:0x80021e34 x20:0x00000000
       99255000	      9826	80007f16	9186	c.add	x3,x1	  x3:0x00000000  x1:0x00000001  x3=0x00000001
       99265000	      9827	80007f18	10fd	c.addi	x1,-1	  x1:0x00000001  x1=0x00000000
       99275000	      9828	80007f1a	0183f1b3	and	x3,x7,x24	  x7:0x80000000 x24:0x00015000  x3=0x00000000
       99285000	      9829	80007f1e	05469163	bne	x13,x20,80007f60	 x13:0x0001d000 x20:0x00000000
       99305000	      9831	80007f60	0131dd93	srli	x27,x3,0x13	  x3:0x00000000 x27=0x00000000
       99315000	      9832	80007f64	51aa7293	andi	x5,x20,1306	 x20:0x00000000  x5=0x00000000
       99325000	      9833	80007f68	0070e5b3	or	x11,x1,x7	  x1:0x00000000  x7:0x80000000 x11=0x80000000
       99335000	      9834	80007f6c	58580293	addi	x5,x16,1413	 x16:0x0000007f  x5=0x00000604
       99345000	      9835	80007f70	e585	c.bnez	x11,80007f98	 x11:0x80000000
       99365000	      9837	80007f98	029f7863	bgeu	x30,x9,80007fc8	 x30:0x80025ce4  x9:0x00000000
       99395000	      9840	80007fc8	0346f2b3	remu	x5,x13,x20	 x13:0x0001d000 x20:0x00000000  x5=0x0001d000
       99405000	      9841	80007fcc	8d25	c.xor	x10,x9	 x10:0x00000000  x9:0x00000000 x10=0x00000000
       99415000	      9842	80007fce	f695fb13	andi	x22,x11,-151	 x11:0x80000000 x22=0x80000000
       99425000	      9843	80007fd2	ffdb6497	auipc	x9,0xffdb6	  x9=0x7fdbdfd2
       99435000	      9844	80007fd6	177d	c.addi	x14,-1	 x14:0x71de1220 x14=0x71de121f
       99445000	      9845	80007fd8	00c4db13	srli	x22,x9,0xc	  x9:0x7fdbdfd2 x22=0x0007fdbd
       99455000	      9846	80007fdc	8054ba13	sltiu	x20,x9,-2043	  x9:0x7fdbdfd2 x20=0x00000001
       99465000	      9847	80007fe0	4dc36f93	ori	x31,x6,1244	  x6:0x00000000 x31=0x000004dc
       99475000	      9848	80007fe4	8c25	c.xor	x8,x9	  x8:0xffffffff  x9:0x7fdbdfd2  x8=0x8024202d
       99485000	      9849	80007fe6	00bd9b33	sll	x22,x27,x11	 x27:0x00000000 x11:0x80000000 x22=0x00000000
       99495000	      9850	80007fea	99fd	c.andi	x11,-1	 x11:0x80000000 x11=0x80000000
       99505000	      9851	80007fec	8c35	c.xor	x8,x13	  x8:0x8024202d x13:0x0001d000  x8=0x8025f02d
       99515000	      9852	80007fee	01832b33	slt	x22,x6,x24	  x6:0x00000000 x24:0x00015000 x22=0x00000001
       99525000	      9853	80007ff2	00d5c733	xor	x14,x11,x13	 x11:0x80000000 x13:0x0001d000 x14=0x8001d000
       99535000	      9854	80007ff6	4071db93	srai	x23,x3,0x7	  x3:0x00000000 x23=0x00000000
       99545000	      9855	80007ffa	068e	c.slli	x13,0x3	 x13:0x0001d000 x13=0x000e8000
       99555000	      9856	80007ffc	41c75913	srai	x18,x14,0x1c	 x14:0x8001d000 x18=0xfffffff8
       99925000	      9893	80008000	030a7bb3	remu	x23,x20,x16	 x20:0x00000001 x16:0x0000007f x23=0x00000001
       99935000	      9894	80008004	0138ba33	sltu	x20,x17,x19	 x17:0x0000000c x19:0x80021e34 x20=0x00000001
       99975000	      9898	80008008	03cc18b3	mulh	x17,x24,x28	 x24:0x00015000 x28:0x80021e34 x17=0xffff5802
       99995000	      9900	8000800c	0243e6b3	rem	x13,x7,x4	  x7:0x80000000  x4:0x00000000 x13=0x80000000
      100005000	      9901	80008010	380f6c13	ori	x24,x30,896	 x30:0x80025ce4 x24=0x80025fe4
      100015000	      9902	80008014	567d	c.li	x12,-1	 x12=0xffffffff
      100025000	      9903	80008016	011902b3	add	x5,x18,x17	 x18:0xfffffff8 x17:0xffff5802  x5=0xffff57fa
      100035000	      9904	8000801a	8355	c.srli	x14,0x15	 x14:0x8001d000 x14=0x00000400
      100405000	      9941	8000801c	02dbec33	rem	x24,x23,x13	 x23:0x00000001 x13:0x80000000 x24=0x00000001
      100415000	      9942	80008020	c109	c.beqz	x10,80008022	 x10:0x00000000
      100475000	      9948	80008022	02c32133	mulhsu	x2,x6,x12	  x6:0x00000000 x12:0xffffffff  x2=0x00000000
      100485000	      9949	80008026	038ff063	bgeu	x31,x24,80008046	 x31:0x000004dc x24:0x00000001
      100515000	      9952	80008046	e493c293	xori	x5,x7,-439	  x7:0x80000000  x5=0x7ffffe49
      100525000	      9953	8000804a	b979f513	andi	x10,x19,-1129	 x19:0x80021e34 x10=0x80021a14
      100535000	      9954	8000804e	00ff1013	slli	x0,x30,0xf	 x30:0x80025ce4  x0=0x00000000
      100545000	      9955	80008052	0192d033	srl	x0,x5,x25	  x5:0x7ffffe49 x25:0x0000055f  x0=0x00000000
      100555000	      9956	80008056	8775	c.srai	x14,0x1d	 x14:0x00000400 x14=0x00000000
      100565000	      9957	80008058	8df1	c.and	x11,x12	 x11:0x80000000 x12:0xffffffff x11=0x80000000
      100575000	      9958	8000805a	9d3a	c.add	x26,x14	 x26:0x00000000 x14:0x00000000 x26=0x00000000
      100585000	      9959	8000805c	41f458b3	sra	x17,x8,x31	  x8:0x8025f02d x31:0x000004dc x17=0xfffffff8
      100595000	      9960	80008060	0ff0000f	fence	iorw,iorw	
      100605000	      9961	80008064	6ce1	c.lui	x25,0x18	 x25=0x00018000
      100625000	      9963	80008066	03a6e5b3	rem	x11,x13,x26	 x13:0x80000000 x26:0x00000000 x11=0x80000000
      100635000	      9964	8000806a	0151d6b3	srl	x13,x3,x21	  x3:0x00000000 x21:0x0000d000 x13=0x00000000
      100645000	      9965	8000806e	f84f7d13	andi	x26,x30,-124	 x30:0x80025ce4 x26=0x80025c84
      100655000	      9966	80008072	8c4d	c.or	x8,x11	  x8:0x8025f02d x11:0x80000000  x8=0x8025f02d
      100665000	      9967	80008074	01a0b5b3	sltu	x11,x1,x26	  x1:0x00000000 x26:0x80025c84 x11=0x00000001
      100675000	      9968	80008078	e299	c.bnez	x13,8000807e	 x13:0x00000000
      100685000	      9969	8000807a	01cdf863	bgeu	x27,x28,8000808a	 x27:0x00000000 x28:0x80021e34
      100695000	      9970	8000807e	613d	c.addi16sp	x2,480	  x2:0x00000000  x2=0x000001e0
      100705000	      9971	80008080	809c8a93	addi	x21,x25,-2039	 x25:0x00018000 x21=0x00017809
      100715000	      9972	80008084	ce6eaeb7	lui	x29,0xce6ea	 x29=0xce6ea000
      100725000	      9973	80008088	577d	c.li	x14,-1	 x14=0xffffffff
      100735000	      9974	8000808a	0075bab3	sltu	x21,x11,x7	 x11:0x00000001  x7:0x80000000 x21=0x00000001
      100745000	      9975	8000808e	c801	c.beqz	x8,8000809e	  x8:0x8025f02d
      100755000	      9976	80008090	03f9c763	blt	x19,x31,800080be	 x19:0x80021e34 x31:0x000004dc
      100785000	      9979	800080be	0000100f	fence.i	
      100815000	      9982	800080c2	0ff0000f	fence	iorw,iorw	
      100825000	      9983	800080c6	8f307213	andi	x4,x0,-1805	  x0:0x00000000  x4=0x00000000
      100835000	      9984	800080ca	007b1293	slli	x5,x22,0x7	 x22:0x00000001  x5=0x00000080
      100845000	      9985	800080ce	c57eb993	sltiu	x19,x29,-937	 x29:0xce6ea000 x19=0x00000001
      100855000	      9986	800080d2	0001	c.addi	x0,0	  x0:0x00000000  x0=0x00000000
      100865000	      9987	800080d4	01841cb3	sll	x25,x8,x24	  x8:0x8025f02d x24:0x00000001 x25=0x004be05a
      100875000	      9988	800080d8	0114d0b3	srl	x1,x9,x17	  x9:0x7fdbdfd2 x17:0xfffffff8  x1=0x0000007f
      100885000	      9989	800080dc	8f29	c.xor	x14,x10	 x14:0xffffffff x10:0x80021a14 x14=0x7ffde5eb
      100895000	      9990	800080de	0f94	c.addi4spn	x13,x2,976	 x13=0x000005b0
      100905000	      9991	800080e0	8f21	c.xor	x14,x8	 x14:0x7ffde5eb  x8:0x8025f02d x14=0xffd815c6
      100915000	      9992	800080e2	019fe863	bltu	x31,x25,800080f2	 x31:0x000004dc x25:0x004be05a
      100935000	      9994	800080f2	8355	c.srli	x14,0x15	 x14:0xffd815c6 x14=0x000007fe
      100945000	      9995	800080f4	1a7d	c.addi	x20,-1	 x20:0x00000001 x20=0x00000000
      100985000	      9999	800080f6	02462eb3	mulhsu	x29,x12,x4	 x12:0xffffffff  x4:0x00000000 x29=0x00000000
      100995000	     10000	800080fa	6129	c.addi16sp	x2,192	  x2:0x000001e0  x2=0x000002a0
      101005000	     10001	800080fc	660d	c.lui	x12,0x3	 x12=0x00003000
      101015000	     10002	800080fe	84c1	c.srai	x9,0x10	  x9:0x7fdbdfd2  x9=0x00007fdb
      101055000	     10006	80008100	02ef3133	mulhu	x2,x30,x14	 x30:0x80025ce4 x14:0x000007fe  x2=0x000003ff
      101075000	     10008	80008104	024eec33	rem	x24,x29,x4	 x29:0x00000000  x4:0x00000000 x24=0x00000000
      101085000	     10009	80008108	018f11b3	sll	x3,x30,x24	 x30:0x80025ce4 x24:0x00000000  x3=0x80025ce4
      101095000	     10010	8000810c	024eee63	bltu	x29,x4,80008148	 x29:0x00000000  x4:0x00000000
      101105000	     10011	80008110	c2404513	xori	x10,x0,-988	  x0:0x00000000 x10=0xfffffc24
      101475000	     10048	80008114	0297d633	divu	x12,x15,x9	 x15:0x80025ce4  x9:0x00007fdb x12=0x0001004e
      101485000	     10049	80008118	01825263	bge	x4,x24,8000811c	  x4:0x00000000 x24:0x00000000
      101505000	     10051	8000811c	00ae16b3	sll	x13,x28,x10	 x28:0x80021e34 x10:0xfffffc24 x13=0x0021e340
      101545000	     10055	80008120	03a8a2b3	mulhsu	x5,x17,x26	 x17:0xfffffff8 x26:0x80025c84  x5=0xfffffffb
      101555000	     10056	80008124	ce9d	c.beqz	x13,80008162	 x13:0x0021e340
      101565000	     10057	80008126	db3eef93	ori	x31,x29,-589	 x29:0x00000000 x31=0xfffffdb3
      101575000	     10058	8000812a	40a45113	srai	x2,x8,0xa	  x8:0x8025f02d  x2=0xffe0097c
      101585000	     10059	8000812e	01835a13	srli	x20,x6,0x18	  x6:0x00000000 x20=0x00000000
      101595000	     10060	80008132	80dad417	auipc	x8,0x80dad	  x8=0x00db5132
      101605000	     10061	80008136	0090cc63	blt	x1,x9,8000814e	  x1:0x0000007f  x9:0x00007fdb
      101625000	     10063	8000814e	8ec9	c.or	x13,x10	 x13:0x0021e340 x10:0xfffffc24 x13=0xffffff64
      101635000	     10064	80008150	8e65	c.and	x12,x9	 x12:0x0001004e  x9:0x00007fdb x12=0x0000004a
      101645000	     10065	80008152	00252db3	slt	x27,x10,x2	 x10:0xfffffc24  x2:0xffe0097c x27=0x00000000
      101685000	     10069	80008156	027a2d33	mulhsu	x26,x20,x7	 x20:0x00000000  x7:0x80000000 x26=0x00000000
      101695000	     10070	8000815a	4154dc33	sra	x24,x9,x21	  x9:0x00007fdb x21:0x00000001 x24=0x00003fed
      101705000	     10071	8000815e	0ff0000f	fence	iorw,iorw	
      102075000	     10108	80008162	03257233	remu	x4,x10,x18	 x10:0xfffffc24 x18:0xfffffff8  x4=0xfffffc24
      102445000	     10145	80008166	02a34033	div	x0,x6,x10	  x6:0x00000000 x10:0xfffffc24  x0=0x00000000
      102455000	     10146	8000816a	039a9e63	bne	x21,x25,800081a6	 x21:0x00000001 x25:0x004be05a
      102485000	     10149	800081a6	03ca5963	bge	x20,x28,800081d8	 x20:0x00000000 x28:0x80021e34
      102535000	     10154	800081d8	024aba33	mulhu	x20,x21,x4	 x21:0x00000001  x4:0xfffffc24 x20=0x00000000
      102545000	     10155	800081dc	8d8d	c.sub	x11,x11	 x11:0x00000001 x11:0x00000001 x11=0x00000000
      102555000	     10156	800081de	0ff0000f	fence	iorw,iorw	
      102565000	     10157	800081e2	0194ad33	slt	x26,x9,x25	  x9:0x00007fdb x25:0x004be05a x26=0x00000001
      102575000	     10158	800081e6	00191b13	slli	x22,x18,0x1	 x18:0xfffffff8 x22=0xfffffff0
      102585000	     10159	800081ea	00cae633	or	x12,x21,x12	 x21:0x00000001 x12:0x0000004a x12=0x0000004b
      102595000	     10160	800081ee	02ebda63	bge	x23,x14,80008222	 x23:0x00000001 x14:0x000007fe
      102605000	     10161	800081f2	0ff0000f	fence	iorw,iorw	
      102615000	     10162	800081f6	40a95b13	srai	x22,x18,0xa	 x18:0xfffffff8 x22=0xffffffff
      102625000	     10163	800081fa	c319	c.beqz	x14,80008200	 x14:0x000007fe
      102635000	     10164	800081fc	5d4eae93	slti	x29,x29,1492	 x29:0x00000000 x29=0x00000001
      102675000	     10168	80008200	039aa9b3	mulhsu	x19,x21,x25	 x21:0x00000001 x25:0x004be05a x19=0x00000000
      102685000	     10169	80008204	81e9	c.srli	x11,0x1a	 x11:0x00000000 x11=0x00000000
      103055000	     10206	80008206	02267b33	remu	x22,x12,x2	 x12:0x0000004b  x2:0xffe0097c x22=0x0000004b
      103065000	     10207	8000820a	ce19	c.beqz	x12,80008228	 x12:0x0000004b
      103075000	     10208	8000820c	e419	c.bnez	x8,8000821a	  x8:0x00db5132
      103105000	     10211	8000821a	010b01b3	add	x3,x22,x16	 x22:0x0000004b x16:0x0000007f  x3=0x000000ca
      103115000	     10212	8000821e	004fd2b3	srl	x5,x31,x4	 x31:0xfffffdb3  x4:0xfffffc24  x5=0x0fffffdb
      103125000	     10213	80008222	8e51	c.or	x12,x12	 x12:0x0000004b x12:0x0000004b x12=0x0000004b
      103165000	     10217	80008224	031d35b3	mulhu	x11,x26,x17	 x26:0x00000001 x17:0xfffffff8 x11=0x00000000
      103175000	     10218	80008228	4024d033	sra	x0,x9,x2	  x9:0x00007fdb  x2:0xffe0097c  x0=0x00000000
      103185000	     10219	8000822c	01565d33	srl	x26,x12,x21	 x12:0x0000004b x21:0x00000001 x26=0x00000025
      103195000	     10220	80008230	8d6d	c.and	x10,x11	 x10:0xfffffc24 x11:0x00000000 x10=0x00000000
      103205000	     10221	80008232	78840db7	lui	x27,0x78840	 x27=0x78840000
      103215000	     10222	80008236	00c35c13	srli	x24,x6,0xc	  x6:0x00000000 x24=0x00000000
      103225000	     10223	8000823a	cb39b313	sltiu	x6,x19,-845	 x19:0x00000000  x6=0x00000001
      103235000	     10224	8000823e	00e78333	add	x6,x15,x14	 x15:0x80025ce4 x14:0x000007fe  x6=0x800264e2
      103245000	     10225	80008242	014040b3	xor	x1,x0,x20	  x0:0x00000000 x20:0x00000000  x1=0x00000000
      103255000	     10226	80008246	8f11	c.sub	x14,x12	 x14:0x000007fe x12:0x0000004b x14=0x000007b3
      103265000	     10227	80008248	8d15	c.sub	x10,x13	 x10:0x00000000 x13:0xffffff64 x10=0x0000009c
      103275000	     10228	8000824a	0001	c.addi	x0,0	  x0:0x00000000  x0=0x00000000
      103285000	     10229	8000824c	019d0263	beq	x26,x25,80008250	 x26:0x00000025 x25:0x004be05a
      103315000	     10232	80008250	024e0633	mul	x12,x28,x4	 x28:0x80021e34  x4:0xfffffc24 x12=0xf7d36f50
      103325000	     10233	80008254	8959	c.andi	x10,22	 x10:0x0000009c x10=0x00000014
      103695000	     10270	80008256	0235c533	div	x10,x11,x3	 x11:0x00000000  x3:0x000000ca x10=0x00000000
      103705000	     10271	8000825a	04ee	c.slli	x9,0x1b	  x9:0x00007fdb  x9=0xd8000000
      103715000	     10272	8000825c	8d19	c.sub	x10,x14	 x10:0x00000000 x14:0x000007b3 x10=0xfffff84d
      103725000	     10273	8000825e	017ed4b3	srl	x9,x29,x23	 x29:0x00000001 x23:0x00000001  x9=0x00000000
      103735000	     10274	80008262	019ac863	blt	x21,x25,80008272	 x21:0x00000001 x25:0x004be05a
      103765000	     10277	80008272	00691813	slli	x16,x18,0x6	 x18:0xfffffff8 x16=0xfffffe00
      103775000	     10278	80008276	89a6e193	ori	x3,x13,-1894	 x13:0xffffff64  x3=0xfffffffe
      103805000	     10281	8000827a	023882b3	mul	x5,x17,x3	 x17:0xfffffff8  x3:0xfffffffe  x5=0x00000010
      103815000	     10282	8000827e	0001	c.addi	x0,0	  x0:0x00000000  x0=0x00000000
      103825000	     10283	80008280	0100c733	xor	x14,x1,x16	  x1:0x00000000 x16:0xfffffe00 x14=0xfffffe00
      103835000	     10284	80008284	8d8d	c.sub	x11,x11	 x11:0x00000000 x11:0x00000000 x11=0x00000000
      104205000	     10321	80008286	022d6db3	rem	x27,x26,x2	 x26:0x00000025  x2:0xffe0097c x27=0x00000025
      104245000	     10325	8000828a	039516b3	mulh	x13,x10,x25	 x10:0xfffff84d x25:0x004be05a x13=0xfffffffd
      104255000	     10326	8000828e	01cb5733	srl	x14,x22,x28	 x22:0x0000004b x28:0x80021e34 x14=0x00000000
      104265000	     10327	80008292	01ac8633	add	x12,x25,x26	 x25:0x004be05a x26:0x00000025 x12=0x004be07f
      104275000	     10328	80008296	0000100f	fence.i	
      104305000	     10331	8000829a	01058763	beq	x11,x16,800082a8	 x11:0x00000000 x16:0xfffffe00
      104315000	     10332	8000829e	8711	c.srai	x14,0x4	 x14:0x00000000 x14=0x00000000
      104325000	     10333	800082a0	01b05f63	bge	x0,x27,800082be	  x0:0x00000000 x27:0x00000025
      104335000	     10334	800082a4	587d	c.li	x16,-1	 x16=0xffffffff
      104345000	     10335	800082a6	88d6	c.mv	x17,x21	  x0:0x00000000 x21:0x00000001 x17=0x00000001
      104355000	     10336	800082a8	00b19a93	slli	x21,x3,0xb	  x3:0xfffffffe x21=0xfffff000
      104365000	     10337	800082ac	717d	c.addi16sp	x2,-16	  x2:0xffe0097c  x2=0xffe0096c
      104405000	     10341	800082ae	02bd1833	mulh	x16,x26,x11	 x26:0x00000025 x11:0x00000000 x16=0x00000000
      104415000	     10342	800082b2	03f36763	bltu	x6,x31,800082e0	  x6:0x800264e2 x31:0xfffffdb3
      104435000	     10344	800082e0	0a04	c.addi4spn	x9,x2,272	  x9=0xffe00a7c
      104475000	     10348	800082e2	02ee3c33	mulhu	x24,x28,x14	 x28:0x80021e34 x14:0x00000000 x24=0x00000000
      104485000	     10349	800082e6	8d75	c.and	x10,x13	 x10:0xfffff84d x13:0xfffffffd x10=0xfffff84d
      104495000	     10350	800082e8	0109b9b3	sltu	x19,x19,x16	 x19:0x00000000 x16:0x00000000 x19=0x00000000
      104505000	     10351	800082ec	20624a97	auipc	x21,0x20624	 x21=0xa062c2ec
      104515000	     10352	800082f0	f80ae493	ori	x9,x21,-128	 x21:0xa062c2ec  x9=0xffffffec
      104525000	     10353	800082f4	0000100f	fence.i	
      104545000	     10355	800082f8	05d21163	bne	x4,x29,8000833a	  x4:0xfffffc24 x29:0x00000001
      104605000	     10361	8000833a	02122b33	mulhsu	x22,x4,x1	  x4:0xfffffc24  x1:0x00000000 x22=0x00000000
      104615000	     10362	8000833e	00b40cb3	add	x25,x8,x11	  x8:0x00db5132 x11:0x00000000 x25=0x00db5132
      104625000	     10363	80008342	008452b3	srl	x5,x8,x8	  x8:0x00db5132  x8:0x00db5132  x5=0x00000036
      104635000	     10364	80008346	9aaa	c.add	x21,x10	 x21:0xa062c2ec x10:0xfffff84d x21=0xa062bb39
      104675000	     10368	80008348	03deb4b3	mulhu	x9,x29,x29	 x29:0x00000001 x29:0x00000001  x9=0x00000000
      104685000	     10369	8000834c	01411093	slli	x1,x2,0x14	  x2:0xffe0096c  x1=0x96c00000
      104695000	     10370	80008350	e191	c.bnez	x11,80008354	 x11:0x00000000
      104705000	     10371	80008352	0001	c.addi	x0,0	  x0:0x00000000  x0=0x00000000
      105075000	     10408	80008354	0222e533	rem	x10,x5,x2	  x5:0x00000036  x2:0xffe0096c x10=0x00000036
      105105000	     10411	80008358	02608db3	mul	x27,x1,x6	  x1:0x96c00000  x6:0x800264e2 x27=0x15800000
      105115000	     10412	8000835c	092a	c.slli	x18,0xa	 x18:0xfffffff8 x18=0xffffe000
      105125000	     10413	8000835e	00f75233	srl	x4,x14,x15	 x14:0x00000000 x15:0x80025ce4  x4=0x00000000
      105495000	     10450	80008362	032b5333	divu	x6,x22,x18	 x22:0x00000000 x18:0xffffe000  x6=0x00000000
      105505000	     10451	80008366	86c9	c.srai	x13,0x12	 x13:0xfffffffd x13=0xffffffff
      105515000	     10452	80008368	03ba5463	bge	x20,x27,80008390	 x20:0x00000000 x27:0x15800000
      105525000	     10453	8000836c	ac496813	ori	x16,x18,-1340	 x18:0xffffe000 x16=0xfffffac4
      105535000	     10454	80008370	40b1d293	srai	x5,x3,0xb	  x3:0xfffffffe  x5=0xffffffff
      105545000	     10455	80008374	616d	c.addi16sp	x2,240	  x2:0xffe0096c  x2=0xffe00a5c
      105555000	     10456	80008376	028f4463	blt	x30,x8,8000839e	 x30:0x80025ce4  x8:0x00db5132
      105615000	     10462	8000839e	03652a33	mulhsu	x20,x10,x22	 x10:0x00000036 x22:0x00000000 x20=0x00000000
      105655000	     10466	800083a2	0378abb3	mulhsu	x23,x17,x23	 x17:0x00000001 x23:0x00000001 x23=0x00000000
      105665000	     10467	800083a6	00579263	bne	x15,x5,800083aa	 x15:0x80025ce4  x5:0xffffffff
      105695000	     10470	800083aa	02d85063	bge	x16,x13,800083ca	 x16:0xfffffac4 x13:0xffffffff
      105705000	     10471	800083ae	cb11	c.beqz	x14,800083c2	 x14:0x00000000
      105735000	     10474	800083c2	4190d833	sra	x16,x1,x25	  x1:0x96c00000 x25:0x00db5132 x16=0xffffe5b0
      105745000	     10475	800083c6	03c3fa63	bgeu	x7,x28,800083fa	  x7:0x80000000 x28:0x80021e34
      105785000	     10479	800083ca	02e4a1b3	mulhsu	x3,x9,x14	  x9:0x00000000 x14:0x00000000  x3=0x00000000
      105795000	     10480	800083ce	8535	c.srai	x10,0xd	 x10:0x00000036 x10=0x00000000
      105805000	     10481	800083d0	0166f463	bgeu	x13,x22,800083d8	 x13:0xffffffff x22:0x00000000
      105825000	     10483	800083d8	0001	c.addi	x0,0	  x0:0x00000000  x0=0x00000000
      105835000	     10484	800083da	8515	c.srai	x10,0x5	 x10:0x00000000 x10=0x00000000
      105845000	     10485	800083dc	5f28eb97	auipc	x23,0x5f28e	 x23=0xdf2963dc
      105855000	     10486	800083e0	00c6c0b3	xor	x1,x13,x12	 x13:0xffffffff x12:0x004be07f  x1=0xffb41f80
      105865000	     10487	800083e4	00de5493	srli	x9,x28,0xd	 x28:0x80021e34  x9=0x00040010
      105875000	     10488	800083e8	c611	c.beqz	x12,800083f4	 x12:0x004be07f
      105885000	     10489	800083ea	9a8e	c.add	x21,x3	 x21:0xa062bb39  x3:0x00000000 x21=0xa062bb39
      105895000	     10490	800083ec	01df88b3	add	x17,x31,x29	 x31:0xfffffdb3 x29:0x00000001 x17=0xfffffdb4
      105905000	     10491	800083f0	2ef6b2b7	lui	x5,0x2ef6b	  x5=0x2ef6b000
      105915000	     10492	800083f4	8749	c.srai	x14,0x12	 x14:0x00000000 x14=0x00000000
      105925000	     10493	800083f6	01431813	slli	x16,x6,0x14	  x6:0x00000000 x16=0x00000000
      105935000	     10494	800083fa	009dfc33	and	x24,x27,x9	 x27:0x15800000  x9:0x00040010 x24=0x00000000
      105945000	     10495	800083fe	4148df93	srai	x31,x17,0x14	 x17:0xfffffdb4 x31=0xffffffff
      105955000	     10496	80008402	00189563	bne	x17,x1,8000840c	 x17:0xfffffdb4  x1:0xffb41f80
      105975000	     10498	8000840c	e409	c.bnez	x8,80008416	  x8:0x00db5132
      106005000	     10501	80008416	0025b133	sltu	x2,x11,x2	 x11:0x00000000  x2:0xffe00a5c  x2=0x00000001
      106015000	     10502	8000841a	8d79	c.and	x10,x14	 x10:0x00000000 x14:0x00000000 x10=0x00000000
      106025000	     10503	8000841c	009f4663	blt	x30,x9,80008428	 x30:0x80025ce4  x9:0x00040010
      106045000	     10505	80008428	012d7c33	and	x24,x26,x18	 x26:0x00000025 x18:0xffffe000 x24=0x00000000
      106055000	     10506	8000842c	25ca2b93	slti	x23,x20,604	 x20:0x00000000 x23=0x00000001
      106065000	     10507	80008430	6849	c.lui	x16,0x12	 x16=0x00012000
      106075000	     10508	80008432	0001	c.addi	x0,0	  x0:0x00000000  x0=0x00000000
      106085000	     10509	80008434	8c99	c.sub	x9,x14	  x9:0x00040010 x14:0x00000000  x9=0x00040010
      106095000	     10510	80008436	011d0e63	beq	x26,x17,80008452	 x26:0x00000025 x17:0xfffffdb4
      106105000	     10511	8000843a	e681	c.bnez	x13,80008442	 x13:0xffffffff
      106135000	     10514	80008442	52c65c97	auipc	x25,0x52c65	 x25=0xd2c6d442
      106145000	     10515	80008446	01135113	srli	x2,x6,0x11	  x6:0x00000000  x2=0x00000000
      106515000	     10552	8000844a	03deeab3	rem	x21,x29,x29	 x29:0x00000001 x29:0x00000001 x21=0x00000000
      106525000	     10553	8000844e	00db1d13	slli	x26,x22,0xd	 x22:0x00000000 x26=0x00000000
      106565000	     10557	80008452	0204a0b3	mulhsu	x1,x9,x0	  x9:0x00040010  x0:0x00000000  x1=0x00000000
      106575000	     10558	80008456	3038c913	xori	x18,x17,771	 x17:0xfffffdb4 x18=0xfffffeb7
      106585000	     10559	8000845a	ca85	c.beqz	x13,8000848a	 x13:0xffffffff
      106595000	     10560	8000845c	001dc333	xor	x6,x27,x1	 x27:0x15800000  x1:0x00000000  x6=0x15800000
      106965000	     10597	80008460	029f7b33	remu	x22,x30,x9	 x30:0x80025ce4  x9:0x00040010 x22=0x00005ce4
      106995000	     10600	80008464	03b802b3	mul	x5,x16,x27	 x16:0x00012000 x27:0x15800000  x5=0x00000000
      107005000	     10601	80008468	8c59	c.or	x8,x14	  x8:0x00db5132 x14:0x00000000  x8=0x00db5132
      107015000	     10602	8000846a	00619813	slli	x16,x3,0x6	  x3:0x00000000 x16=0x00000000
      107025000	     10603	8000846e	00a23733	sltu	x14,x4,x10	  x4:0x00000000 x10:0x00000000 x14=0x00000000
      107035000	     10604	80008472	8f31	c.xor	x14,x12	 x14:0x00000000 x12:0x004be07f x14=0x004be07f
      107045000	     10605	80008474	8fb2	c.mv	x31,x12	  x0:0x00000000 x12:0x004be07f x31=0x004be07f
      107055000	     10606	80008476	53133d13	sltiu	x26,x6,1329	  x6:0x15800000 x26=0x00000000
      107065000	     10607	8000847a	81ad	c.srli	x11,0xb	 x11:0x00000000 x11=0x00000000
      107075000	     10608	8000847c	7790ed93	ori	x27,x1,1913	  x1:0x00000000 x27=0x00000779
      107085000	     10609	80008480	0390	c.addi4spn	x12,x2,448	 x12=0x000001c0
      107095000	     10610	80008482	8365	c.srli	x14,0x19	 x14:0x004be07f x14=0x00000000
      107105000	     10611	80008484	151eaa93	slti	x21,x29,337	 x29:0x00000001 x21=0x00000001
      107115000	     10612	80008488	1c7d	c.addi	x24,-1	 x24:0x00000000 x24=0xffffffff
      107125000	     10613	8000848a	4251	c.li	x4,20	  x4=0x00000014
      107135000	     10614	8000848c	8579	c.srai	x10,0x1e	 x10:0x00000000 x10=0x00000000
      107145000	     10615	8000848e	e289	c.bnez	x13,80008490	 x13:0xffffffff
      107165000	     10617	80008490	33a74c93	xori	x25,x14,826	 x14:0x00000000 x25=0x0000033a
      107175000	     10618	80008494	03ffdc63	bge	x31,x31,800084cc	 x31:0x004be07f x31:0x004be07f
      107195000	     10620	800084cc	717d	c.addi16sp	x2,-16	  x2:0x00000000  x2=0xfffffff0
      107205000	     10621	800084ce	992e	c.add	x18,x11	 x18:0xfffffeb7 x11:0x00000000 x18=0xfffffeb7
      107215000	     10622	800084d0	0000100f	fence.i	
      107595000	     10660	800084d4	02624bb3	div	x23,x4,x6	  x4:0x00000014  x6:0x15800000 x23=0x00000000
      107605000	     10661	800084d8	013bf463	bgeu	x23,x19,800084e0	 x23:0x00000000 x19:0x00000000
      107625000	     10663	800084e0	05258b13	addi	x22,x11,82	 x11:0x00000000 x22=0x00000052
      107635000	     10664	800084e4	65e9	c.lui	x11,0x1a	 x11=0x0001a000
      107645000	     10665	800084e6	0001	c.addi	x0,0	  x0:0x00000000  x0=0x00000000
      107655000	     10666	800084e8	0000100f	fence.i	
      107705000	     10671	800084ec	02903fb3	mulhu	x31,x0,x9	  x0:0x00000000  x9:0x00040010 x31=0x00000000
      107715000	     10672	800084f0	38164313	xori	x6,x12,897	 x12:0x000001c0  x6=0x00000241
      107725000	     10673	800084f4	00bf7db3	and	x27,x30,x11	 x30:0x80025ce4 x11:0x0001a000 x27=0x00000000
      107735000	     10674	800084f8	01a6a0b3	slt	x1,x13,x26	 x13:0xffffffff x26:0x00000000  x1=0x00000001
      107775000	     10678	800084fc	026622b3	mulhsu	x5,x12,x6	 x12:0x000001c0  x6:0x00000241  x5=0x00000000
      107795000	     10680	80008500	02abefb3	rem	x31,x23,x10	 x23:0x00000000 x10:0x00000000 x31=0x00000000
      107805000	     10681	80008504	00a16333	or	x6,x2,x10	  x2:0xfffffff0 x10:0x00000000  x6=0xfffffff0
      107815000	     10682	80008508	d29bf717	auipc	x14,0xd29bf	 x14=0x529c7508
      108185000	     10719	8000850c	02cee4b3	rem	x9,x29,x12	 x29:0x00000001 x12:0x000001c0  x9=0x00000001
      108195000	     10720	80008510	9646	c.add	x12,x17	 x12:0x000001c0 x17:0xfffffdb4 x12=0xffffff74
      108205000	     10721	80008512	80bd	c.srli	x9,0xf	  x9:0x00000001  x9=0x00000000
      108575000	     10758	80008514	03d05733	divu	x14,x0,x29	  x0:0x00000000 x29:0x00000001 x14=0x00000000
      108585000	     10759	80008518	00cb9c33	sll	x24,x23,x12	 x23:0x00000000 x12:0xffffff74 x24=0x00000000
      108595000	     10760	8000851c	4148df33	sra	x30,x17,x20	 x17:0xfffffdb4 x20:0x00000000 x30=0xfffffdb4
      108605000	     10761	80008520	41288eb3	sub	x29,x17,x18	 x17:0xfffffdb4 x18:0xfffffeb7 x29=0xfffffefd
      108615000	     10762	80008524	f1d39337	lui	x6,0xf1d39	  x6=0xf1d39000
      108625000	     10763	80008528	01bbc763	blt	x23,x27,80008536	 x23:0x00000000 x27:0x00000000
      108645000	     10765	8000852c	03b071b3	remu	x3,x0,x27	  x0:0x00000000 x27:0x00000000  x3=0x00000000
      108665000	     10767	80008530	0300ed33	rem	x26,x1,x16	  x1:0x00000001 x16:0x00000000 x26=0x00000001
      108675000	     10768	80008534	577d	c.li	x14,-1	 x14=0xffffffff
      108685000	     10769	80008536	8f09	c.sub	x14,x10	 x14:0xffffffff x10:0x00000000 x14=0xffffffff
      108695000	     10770	80008538	40b15113	srai	x2,x2,0xb	  x2:0xfffffff0  x2=0xffffffff
      108735000	     10774	8000853c	02c5a6b3	mulhsu	x13,x11,x12	 x11:0x0001a000 x12:0xffffff74 x13=0x00019fff
      108745000	     10775	80008540	403bd713	srai	x14,x23,0x3	 x23:0x00000000 x14=0x00000000
      108755000	     10776	80008544	68f1	c.lui	x17,0x1c	 x17=0x0001c000
      108765000	     10777	80008546	9d8a	c.add	x27,x2	 x27:0x00000000  x2:0xffffffff x27=0xffffffff
      108775000	     10778	80008548	0ff0000f	fence	iorw,iorw	
      108785000	     10779	8000854c	8c6d	c.and	x8,x11	  x8:0x00db5132 x11:0x0001a000  x8=0x00010000
      108795000	     10780	8000854e	0ff0000f	fence	iorw,iorw	
      108805000	     10781	80008552	01497263	bgeu	x18,x20,80008556	 x18:0xfffffeb7 x20:0x00000000
      108835000	     10784	80008556	419cd533	sra	x10,x25,x25	 x25:0x0000033a x25:0x0000033a x10=0x00000000
      108845000	     10785	8000855a	00c420b3	slt	x1,x8,x12	  x8:0x00010000 x12:0xffffff74  x1=0x00000000
      108855000	     10786	8000855e	c29d	c.beqz	x13,80008584	 x13:0x00019fff
      108865000	     10787	80008560	00e27663	bgeu	x4,x14,8000856c	  x4:0x00000014 x14:0x00000000
      108885000	     10789	8000856c	6111	c.addi16sp	x2,256	  x2:0xffffffff  x2=0x000000ff
      108895000	     10790	8000856e	8cfa	c.mv	x25,x30	  x0:0x00000000 x30:0xfffffdb4 x25=0xfffffdb4
      108905000	     10791	80008570	0ff0000f	fence	iorw,iorw	
      108915000	     10792	80008574	ee0d	c.bnez	x12,800085ae	 x12:0xffffff74
      108945000	     10795	800085ae	b1260a13	addi	x20,x12,-1262	 x12:0xffffff74 x20=0xfffffa86
      108955000	     10796	800085b2	0c89	c.addi	x25,2	 x25:0xfffffdb4 x25=0xfffffdb6
      108965000	     10797	800085b4	01635613	srli	x12,x6,0x16	  x6:0xf1d39000 x12=0x000003c7
      108975000	     10798	800085b8	84b5	c.srai	x9,0xd	  x9:0x00000000  x9=0x00000000
      108985000	     10799	800085ba	1a84	c.addi4spn	x9,x2,368	  x9=0x0000026f
      108995000	     10800	800085bc	8359	c.srli	x14,0x16	 x14:0x00000000 x14=0x00000000
      109035000	     10804	800085be	03d71c33	mulh	x24,x14,x29	 x14:0x00000000 x29:0xfffffefd x24=0x00000000
      109045000	     10805	800085c2	015f5b33	srl	x22,x30,x21	 x30:0xfffffdb4 x21:0x00000001 x22=0x7ffffeda
      109415000	     10842	800085c6	032045b3	div	x11,x0,x18	  x0:0x00000000 x18:0xfffffeb7 x11=0x00000000
      109455000	     10846	800085ca	02a73f33	mulhu	x30,x14,x10	 x14:0x00000000 x10:0x00000000 x30=0x00000000
      109465000	     10847	800085ce	8e99	c.sub	x13,x14	 x13:0x00019fff x14:0x00000000 x13=0x00019fff
      109485000	     10849	800085d0	0213c5b3	div	x11,x7,x1	  x7:0x80000000  x1:0x00000000 x11=0xffffffff
      109495000	     10850	800085d4	926a	c.add	x4,x26	  x4:0x00000014 x26:0x00000001  x4=0x00000015
      109505000	     10851	800085d6	eefd0c13	addi	x24,x26,-273	 x26:0x00000001 x24=0xfffffef0
      109515000	     10852	800085da	00385db3	srl	x27,x16,x3	 x16:0x00000000  x3:0x00000000 x27=0x00000000
      109525000	     10853	800085de	01d3d993	srli	x19,x7,0x1d	  x7:0x80000000 x19=0x00000004
      109535000	     10854	800085e2	81c1	c.srli	x11,0x10	 x11:0xffffffff x11=0x0000ffff
      109555000	     10856	800085e4	030654b3	divu	x9,x12,x16	 x12:0x000003c7 x16:0x00000000  x9=0xffffffff
      109595000	     10860	800085e8	03f12b33	mulhsu	x22,x2,x31	  x2:0x000000ff x31:0x00000000 x22=0x00000000
      109605000	     10861	800085ec	01d49eb3	sll	x29,x9,x29	  x9:0xffffffff x29:0xfffffefd x29=0xe0000000
      109615000	     10862	800085f0	66ad	c.lui	x13,0xb	 x13=0x0000b000
      109625000	     10863	800085f2	120c	c.addi4spn	x11,x2,288	 x11=0x0000021f
      109635000	     10864	800085f4	00512233	slt	x4,x2,x5	  x2:0x000000ff  x5:0x00000000  x4=0x00000000
      109645000	     10865	800085f8	e885	c.bnez	x9,80008628	  x9:0xffffffff
      110025000	     10903	80008628	03ad52b3	divu	x5,x26,x26	 x26:0x00000001 x26:0x00000001  x5=0x00000001
      110035000	     10904	8000862c	717d	c.addi16sp	x2,-16	  x2:0x000000ff  x2=0x000000ef
      110045000	     10905	8000862e	03598063	beq	x19,x21,8000864e	 x19:0x00000004 x21:0x00000001
      110065000	     10907	80008632	036ae0b3	rem	x1,x21,x22	 x21:0x00000001 x22:0x00000000  x1=0x00000001
      110075000	     10908	80008636	9657b113	sltiu	x2,x15,-1691	 x15:0x80025ce4  x2=0x00000001
      110445000	     10945	8000863a	03d262b3	rem	x5,x4,x29	  x4:0x00000000 x29:0xe0000000  x5=0x00000000
      110455000	     10946	8000863e	63a67b13	andi	x22,x12,1594	 x12:0x000003c7 x22=0x00000202
      110465000	     10947	80008642	0000100f	fence.i	
      110485000	     10949	80008646	6131	c.addi16sp	x2,320	  x2:0x00000001  x2=0x00000141
      110495000	     10950	80008648	8eb6	c.mv	x29,x13	  x0:0x00000000 x13:0x0000b000 x29=0x0000b000
      110505000	     10951	8000864a	401b5313	srai	x6,x22,0x1	 x22:0x00000202  x6=0x00000101
      110525000	     10953	8000864e	03bd6ab3	rem	x21,x26,x27	 x26:0x00000001 x27:0x00000000 x21=0x00000001
      110535000	     10954	80008652	924a	c.add	x4,x18	  x4:0x00000000 x18:0xfffffeb7  x4=0xfffffeb7
      110545000	     10955	80008654	0000100f	fence.i	
      110565000	     10957	80008658	ead1ba93	sltiu	x21,x3,-339	  x3:0x00000000 x21=0x00000001
      110575000	     10958	8000865c	0017dc33	srl	x24,x15,x1	 x15:0x80025ce4  x1:0x00000001 x24=0x40012e72
      110585000	     10959	80008660	0057c963	blt	x15,x5,80008672	 x15:0x80025ce4  x5:0x00000000
      110615000	     10962	80008672	2f0bfc93	andi	x25,x23,752	 x23:0x00000000 x25=0x00000000
      110625000	     10963	80008676	e705	c.bnez	x14,8000869e	 x14:0x00000000
      110635000	     10964	80008678	009b5763	bge	x22,x9,80008686	 x22:0x00000202  x9:0xffffffff
      110665000	     10967	80008686	00e3b033	sltu	x0,x7,x14	  x7:0x80000000 x14:0x00000000  x0=0x00000000
      110675000	     10968	8000868a	0298	c.addi4spn	x14,x2,320	 x14=0x00000281
      110685000	     10969	8000868c	019a75b3	and	x11,x20,x25	 x20:0xfffffa86 x25:0x00000000 x11=0x00000000
      110695000	     10970	80008690	071e	c.slli	x14,0x7	 x14:0x00000281 x14=0x00014080
      110705000	     10971	80008692	56fd	c.li	x13,-1	 x13=0xffffffff
      110715000	     10972	80008694	0056e733	or	x14,x13,x5	 x13:0xffffffff  x5:0x00000000 x14=0xffffffff
      110725000	     10973	80008698	0ff0000f	fence	iorw,iorw	
      110735000	     10974	8000869c	8cd9	c.or	x9,x14	  x9:0xffffffff x14:0xffffffff  x9=0xffffffff
      110745000	     10975	8000869e	8955	c.andi	x10,21	 x10:0x00000000 x10=0x00000000
      110755000	     10976	800086a0	34242113	slti	x2,x8,834	  x8:0x00010000  x2=0x00000000
      110765000	     10977	800086a4	8a3d	c.andi	x12,15	 x12:0x000003c7 x12=0x00000007
      110805000	     10981	800086a6	03b49d33	mulh	x26,x9,x27	  x9:0xffffffff x27:0x00000000 x26=0x00000000
      110815000	     10982	800086aa	00705d93	srli	x27,x0,0x7	  x0:0x00000000 x27=0x00000000
      110825000	     10983	800086ae	017de133	or	x2,x27,x23	 x27:0x00000000 x23:0x00000000  x2=0x00000000
      110845000	     10985	800086b2	022c6033	rem	x0,x24,x2	 x24:0x40012e72  x2:0x00000000  x0=0x00000000
      110855000	     10986	800086b6	98e6	c.add	x17,x25	 x17:0x0001c000 x25:0x00000000 x17=0x0001c000
      110895000	     10990	800086b8	03762eb3	mulhsu	x29,x12,x23	 x12:0x00000007 x23:0x00000000 x29=0x00000000
      110905000	     10991	800086bc	0388	c.addi4spn	x10,x2,448	 x10=0x000001c0
      110915000	     10992	800086be	8f71	c.and	x14,x12	 x14:0xffffffff x12:0x00000007 x14=0x00000007
      110925000	     10993	800086c0	09c6	c.slli	x19,0x11	 x19:0x00000004 x19=0x00080000
      110935000	     10994	800086c2	8f65	c.and	x14,x9	 x14:0x00000007  x9:0xffffffff x14=0x00000007
      110945000	     10995	800086c4	8c81	c.sub	x9,x8	  x9:0xffffffff  x8:0x00010000  x9=0xfffeffff
      110955000	     10996	800086c6	732fd117	auipc	x2,0x732fd	  x2=0xf33056c6
      110965000	     10997	800086ca	0110eb33	or	x22,x1,x17	  x1:0x00000001 x17:0x0001c000 x22=0x0001c001
      110975000	     10998	800086ce	6119	c.addi16sp	x2,384	  x2:0xf33056c6  x2=0xf3305846
      110985000	     10999	800086d0	015e5a63	bge	x28,x21,800086e4	 x28:0x80021e34 x21:0x00000001
      110995000	     11000	800086d4	8f51	c.or	x14,x12	 x14:0x00000007 x12:0x00000007 x14=0x00000007
      111005000	     11001	800086d6	4126d233	sra	x4,x13,x18	 x13:0xffffffff x18:0xfffffeb7  x4=0xffffffff
      111015000	     11002	800086da	003df1b3	and	x3,x27,x3	 x27:0x00000000  x3:0x00000000  x3=0x00000000
      111025000	     11003	800086de	0001	c.addi	x0,0	  x0:0x00000000  x0=0x00000000
      111035000	     11004	800086e0	005dcf63	blt	x27,x5,800086fe	 x27:0x00000000  x5:0x00000000
      111045000	     11005	800086e4	0027bdb3	sltu	x27,x15,x2	 x15:0x80025ce4  x2:0xf3305846 x27=0x00000001
      111085000	     11009	800086e8	02942fb3	mulhsu	x31,x8,x9	  x8:0x00010000  x9:0xfffeffff x31=0x0000fffe
      111095000	     11010	800086ec	cb09	c.beqz	x14,800086fe	 x14:0x00000007
      111105000	     11011	800086ee	00a29333	sll	x6,x5,x10	  x5:0x00000000 x10:0x000001c0  x6=0x00000000
      111115000	     11012	800086f2	408b8833	sub	x16,x23,x8	 x23:0x00000000  x8:0x00010000 x16=0xffff0000
      111125000	     11013	800086f6	0056d313	srli	x6,x13,0x5	 x13:0xffffffff  x6=0x07ffffff
      111135000	     11014	800086fa	01e89ab3	sll	x21,x17,x30	 x17:0x0001c000 x30:0x00000000 x21=0x0001c000
      111145000	     11015	800086fe	c015	c.beqz	x8,80008722	  x8:0x00010000
      111155000	     11016	80008700	01963833	sltu	x16,x12,x25	 x12:0x00000007 x25:0x00000000 x16=0x00000000
      111165000	     11017	80008704	0001	c.addi	x0,0	  x0:0x00000000  x0=0x00000000
      111175000	     11018	80008706	01deabb3	slt	x23,x29,x29	 x29:0x00000000 x29:0x00000000 x23=0x00000000
      111195000	     11020	8000870a	0236d433	divu	x8,x13,x3	 x13:0xffffffff  x3:0x00000000  x8=0xffffffff
      111235000	     11024	8000870e	03a411b3	mulh	x3,x8,x26	  x8:0xffffffff x26:0x00000000  x3=0x00000000
      111275000	     11028	80008712	02932833	mulhsu	x16,x6,x9	  x6:0x07ffffff  x9:0xfffeffff x16=0x07fff7fe
      111285000	     11029	80008716	41ed0333	sub	x6,x26,x30	 x26:0x00000000 x30:0x00000000  x6=0x00000000
      111315000	     11032	8000871a	026f0d33	mul	x26,x30,x6	 x30:0x00000000  x6:0x00000000 x26=0x00000000
      111355000	     11036	8000871e	025cad33	mulhsu	x26,x25,x5	 x25:0x00000000  x5:0x00000000 x26=0x00000000
      111365000	     11037	80008722	6bed	c.lui	x23,0x1b	 x23=0x0001b000
      111375000	     11038	80008724	0161b5b3	sltu	x11,x3,x22	  x3:0x00000000 x22:0x0001c001 x11=0x00000001
      111415000	     11042	80008728	029f36b3	mulhu	x13,x30,x9	 x30:0x00000000  x9:0xfffeffff x13=0x00000000
      111425000	     11043	8000872c	8a59	c.andi	x12,22	 x12:0x00000007 x12=0x00000006
      111435000	     11044	8000872e	01385333	srl	x6,x16,x19	 x16:0x07fff7fe x19:0x00080000  x6=0x07fff7fe
      111445000	     11045	80008732	8c96	c.mv	x25,x5	  x0:0x00000000  x5:0x00000000 x25=0x00000000
      111455000	     11046	80008734	8e21	c.xor	x12,x8	 x12:0x00000006  x8:0xffffffff x12=0xfffffff9
      111465000	     11047	80008736	004e2a83	lw	x21,4(x28)	 x28:0x80021e34 x21=0x80005dd2 PA:0x80021e38 load:0x80005dd2
      111475000	     11048	8000873a	8981	c.andi	x11,0	 x11:0x00000001 x11=0x00000000
      111485000	     11049	8000873c	a85b7c13	andi	x24,x22,-1403	 x22:0x0001c001 x24=0x0001c001
      111495000	     11050	80008740	00705b93	srli	x23,x0,0x7	  x0:0x00000000 x23=0x00000000
      111505000	     11051	80008744	41d68233	sub	x4,x13,x29	 x13:0x00000000 x29:0x00000000  x4=0x00000000
      111515000	     11052	80008748	020e0e13	addi	x28,x28,32	 x28:0x80021e34 x28=0x80021e54
      111525000	     11053	8000874c	881d2993	slti	x19,x26,-1919	 x26:0x00000000 x19=0x00000000
      111535000	     11054	80008750	82d5	c.srli	x13,0x15	 x13:0x00000000 x13=0x00000000
      111545000	     11055	80008752	000a8913	addi	x18,x21,0	 x21:0x80005dd2 x18=0x80005dd2
      111555000	     11056	80008756	00090967	jalr	x18,0(x18)	 x18:0x80005dd2 x18=0x8000875a
      111585000	     11059	80005dd2	00c5b437	lui	x8,0xc5b	  x8=0x00c5b000
      111595000	     11060	80005dd6	8c65	c.and	x8,x9	  x8:0x00c5b000  x9:0xfffeffff  x8=0x00c4b000
      111605000	     11061	80005dd8	80f1	c.srli	x9,0x1c	  x9:0xfffeffff  x9=0x0000000f
      111635000	     11064	80005dda	03908c33	mul	x24,x1,x25	  x1:0x00000001 x25:0x00000000 x24=0x00000000
      111645000	     11065	80005dde	2c8f0c93	addi	x25,x30,712	 x30:0x00000000 x25=0x000002c8
      111655000	     11066	80005de2	0011e433	or	x8,x3,x1	  x3:0x00000000  x1:0x00000001  x8=0x00000001
      111665000	     11067	80005de6	897d	c.andi	x10,31	 x10:0x000001c0 x10=0x00000000
      111675000	     11068	80005de8	03b7f363	bgeu	x15,x27,80005e0e	 x15:0x80025ce4 x27:0x00000001
      111705000	     11071	80005e0e	03591e63	bne	x18,x21,80005e4a	 x18:0x8000875a x21:0x80005dd2
      111735000	     11074	80005e4a	40a25693	srai	x13,x4,0xa	  x4:0x00000000 x13=0x00000000
      111745000	     11075	80005e4e	03436e63	bltu	x6,x20,80005e8a	  x6:0x07fff7fe x20:0xfffffa86
      111765000	     11077	80005e8a	82ca	c.mv	x5,x18	  x0:0x00000000 x18:0x8000875a  x5=0x8000875a
      111805000	     11081	80005e8c	03752533	mulhsu	x10,x10,x23	 x10:0x00000000 x23:0x00000000 x10=0x00000000
      111815000	     11082	80005e90	01dbdc13	srli	x24,x23,0x1d	 x23:0x00000000 x24=0x00000000
      111825000	     11083	80005e94	9f7e	c.add	x30,x31	 x30:0x00000000 x31:0x0000fffe x30=0x0000fffe
      111865000	     11087	80005e96	02a6acb3	mulhsu	x25,x13,x10	 x13:0x00000000 x10:0x00000000 x25=0x00000000
      111885000	     11089	80005e9a	02386233	rem	x4,x16,x3	 x16:0x07fff7fe  x3:0x00000000  x4=0x07fff7fe
      111895000	     11090	80005e9e	c00d	c.beqz	x8,80005ec0	  x8:0x00000001
      111905000	     11091	80005ea0	55fd	c.li	x11,-1	 x11=0xffffffff
      112275000	     11128	80005ea2	0219f233	remu	x4,x19,x1	 x19:0x00000000  x1:0x00000001  x4=0x00000000
      112285000	     11129	80005ea6	01c7ed63	bltu	x15,x28,80005ec0	 x15:0x80025ce4 x28:0x80021e54
      112295000	     11130	80005eaa	40cb0433	sub	x8,x22,x12	 x22:0x0001c001 x12:0xfffffff9  x8=0x0001c008
      112305000	     11131	80005eae	01814633	xor	x12,x2,x24	  x2:0xf3305846 x24:0x00000000 x12=0xf3305846
      112315000	     11132	80005eb2	4019d993	srai	x19,x19,0x1	 x19:0x00000000 x19=0x00000000
      112325000	     11133	80005eb6	ca8d	c.beqz	x13,80005ee8	 x13:0x00000000
      112345000	     11135	80005ee8	012fbc33	sltu	x24,x31,x18	 x31:0x0000fffe x18:0x8000875a x24=0x00000001
      112355000	     11136	80005eec	62aacc13	xori	x24,x21,1578	 x21:0x80005dd2 x24=0x80005bf8
      112365000	     11137	80005ef0	0cee	c.slli	x25,0x1b	 x25:0x00000000 x25=0x00000000
      112405000	     11141	80005ef2	02e5ac33	mulhsu	x24,x11,x14	 x11:0xffffffff x14:0x00000007 x24=0xffffffff
      112415000	     11142	80005ef6	0bf6	c.slli	x23,0x1d	 x23:0x00000000 x23=0x00000000
      112425000	     11143	80005ef8	a5a6b113	sltiu	x2,x13,-1446	 x13:0x00000000  x2=0x00000001
      112435000	     11144	80005efc	0001	c.addi	x0,0	  x0:0x00000000  x0=0x00000000
      112445000	     11145	80005efe	038b8063	beq	x23,x24,80005f1e	 x23:0x00000000 x24:0xffffffff
      112455000	     11146	80005f02	020e4663	blt	x28,x0,80005f2e	 x28:0x80021e54  x0:0x00000000
      112475000	     11148	80005f2e	9ff6	c.add	x31,x29	 x31:0x0000fffe x29:0x00000000 x31=0x0000fffe
      112485000	     11149	80005f30	c0acf613	andi	x12,x25,-1014	 x25:0x00000000 x12=0x00000000
      112495000	     11150	80005f34	27970c93	addi	x25,x14,633	 x14:0x00000007 x25=0x00000280
      112505000	     11151	80005f38	6445	c.lui	x8,0x11	  x8=0x00011000
      112875000	     11188	80005f3a	02f8f4b3	remu	x9,x17,x15	 x17:0x0001c000 x15:0x80025ce4  x9=0x0001c000
      112885000	     11189	80005f3e	0f647693	andi	x13,x8,246	  x8:0x00011000 x13=0x00000000
      112895000	     11190	80005f42	52fd	c.li	x5,-1	  x5=0xffffffff
      112905000	     11191	80005f44	41a68833	sub	x16,x13,x26	 x13:0x00000000 x26:0x00000000 x16=0x00000000
      112915000	     11192	80005f48	41160233	sub	x4,x12,x17	 x12:0x00000000 x17:0x0001c000  x4=0xfffe4000
      112925000	     11193	80005f4c	0642	c.slli	x12,0x10	 x12:0x00000000 x12=0x00000000
      112955000	     11196	80005f4e	021e0bb3	mul	x23,x28,x1	 x28:0x80021e54  x1:0x00000001 x23=0x80021e54
      112965000	     11197	80005f52	01a454b3	srl	x9,x8,x26	  x8:0x00011000 x26:0x00000000  x9=0x00011000
      112995000	     11200	80005f56	025a8eb3	mul	x29,x21,x5	 x21:0x80005dd2  x5:0xffffffff x29=0x7fffa22e
      113005000	     11201	80005f5a	01f61e93	slli	x29,x12,0x1f	 x12:0x00000000 x29=0x00000000
      113015000	     11202	80005f5e	b2cd2593	slti	x11,x26,-1236	 x26:0x00000000 x11=0x00000000
      113025000	     11203	80005f62	0174dd13	srli	x26,x9,0x17	  x9:0x00011000 x26=0x00000000
      113065000	     11207	80005f66	0375a6b3	mulhsu	x13,x11,x23	 x11:0x00000000 x23:0x80021e54 x13=0x00000000
      113075000	     11208	80005f6a	005ad013	srli	x0,x21,0x5	 x21:0x80005dd2  x0=0x00000000
      113085000	     11209	80005f6e	497ce513	ori	x10,x25,1175	 x25:0x00000280 x10=0x00000697
      113095000	     11210	80005f72	0ff0000f	fence	iorw,iorw	
      113105000	     11211	80005f76	0b79	c.addi	x22,30	 x22:0x0001c001 x22=0x0001c01f
      113115000	     11212	80005f78	8e29	c.xor	x12,x10	 x12:0x00000000 x10:0x00000697 x12=0x00000697
      113125000	     11213	80005f7a	df5bff93	andi	x31,x23,-523	 x23:0x80021e54 x31=0x80021c54
      113495000	     11250	80005f7e	02824b33	div	x22,x4,x8	  x4:0xfffe4000  x8:0x00011000 x22=0xffffffff
      113505000	     11251	80005f82	9f9a	c.add	x31,x6	 x31:0x80021c54  x6:0x07fff7fe x31=0x88021452
      113875000	     11288	80005f84	03e1e933	rem	x18,x3,x30	  x3:0x00000000 x30:0x0000fffe x18=0x00000000
      113885000	     11289	80005f88	675d	c.lui	x14,0x17	 x14=0x00017000
      113895000	     11290	80005f8a	0198cbb3	xor	x23,x17,x25	 x17:0x0001c000 x25:0x00000280 x23=0x0001c280
      113905000	     11291	80005f8e	03bed163	bge	x29,x27,80005fb0	 x29:0x00000000 x27:0x00000001
      113945000	     11295	80005f92	03132733	mulhsu	x14,x6,x17	  x6:0x07fff7fe x17:0x0001c000 x14=0x00000dff
      113955000	     11296	80005f96	009bad33	slt	x26,x23,x9	 x23:0x0001c280  x9:0x00011000 x26=0x00000000
      113965000	     11297	80005f9a	8da5	c.xor	x11,x9	 x11:0x00000000  x9:0x00011000 x11=0x00011000
      113975000	     11298	80005f9c	85d9	c.srai	x11,0x16	 x11:0x00011000 x11=0x00000000
      113995000	     11300	80005f9e	03317733	remu	x14,x2,x19	  x2:0x00000001 x19:0x00000000 x14=0x00000001
      114005000	     11301	80005fa2	0114e333	or	x6,x9,x17	  x9:0x00011000 x17:0x0001c000  x6=0x0001d000
      114015000	     11302	80005fa6	8805	c.andi	x8,1	  x8:0x00011000  x8=0x00000000
      114055000	     11306	80005fa8	03d02033	mulhsu	x0,x0,x29	  x0:0x00000000 x29:0x00000000  x0=0x00000000
      114065000	     11307	80005fac	002b7f33	and	x30,x22,x2	 x22:0xffffffff  x2:0x00000001 x30=0x00000001
      114075000	     11308	80005fb0	01fac463	blt	x21,x31,80005fb8	 x21:0x80005dd2 x31:0x88021452
      114095000	     11310	80005fb8	85fe	c.mv	x11,x31	  x0:0x00000000 x31:0x88021452 x11=0x88021452
      114105000	     11311	80005fba	a84ce013	ori	x0,x25,-1404	 x25:0x00000280  x0=0x00000000
      114115000	     11312	80005fbe	41a788b3	sub	x17,x15,x26	 x15:0x80025ce4 x26:0x00000000 x17=0x80025ce4
      114125000	     11313	80005fc2	55fcae93	slti	x29,x25,1375	 x25:0x00000280 x29=0x00000001
      114135000	     11314	80005fc6	40578d33	sub	x26,x15,x5	 x15:0x80025ce4  x5:0xffffffff x26=0x80025ce5
      114145000	     11315	80005fca	99fd	c.andi	x11,-1	 x11:0x88021452 x11=0x88021452
      114155000	     11316	80005fcc	6881d517	auipc	x10,0x6881d	 x10=0xe8822fcc
      114165000	     11317	80005fd0	02bf0963	beq	x30,x11,80006002	 x30:0x00000001 x11:0x88021452
      114175000	     11318	80005fd4	440ee437	lui	x8,0x440ee	  x8=0x440ee000
      114215000	     11322	80005fd8	03ef18b3	mulh	x17,x30,x30	 x30:0x00000001 x30:0x00000001 x17=0x00000000
      114225000	     11323	80005fdc	00449713	slli	x14,x9,0x4	  x9:0x00011000 x14=0x00110000
      114235000	     11324	80005fe0	005a7d33	and	x26,x20,x5	 x20:0xfffffa86  x5:0xffffffff x26=0xfffffa86
      114605000	     11361	80005fe4	037f4b33	div	x22,x30,x23	 x30:0x00000001 x23:0x0001c280 x22=0x00000000
      114615000	     11362	80005fe8	62e1	c.lui	x5,0x18	  x5=0x00018000
      114625000	     11363	80005fea	012aa433	slt	x8,x21,x18	 x21:0x80005dd2 x18:0x00000000  x8=0x00000001
      114635000	     11364	80005fee	95ae	c.add	x11,x11	 x11:0x88021452 x11:0x88021452 x11=0x100428a4
      114645000	     11365	80005ff0	28ac6413	ori	x8,x24,650	 x24:0xffffffff  x8=0xffffffff
      114655000	     11366	80005ff4	86f9	c.srai	x13,0x1e	 x13:0x00000000 x13=0x00000000
      114665000	     11367	80005ff6	e9ae4193	xori	x3,x28,-358	 x28:0x80021e54  x3=0x7ffde0ce
      114675000	     11368	80005ffa	e5df7b13	andi	x22,x30,-419	 x30:0x00000001 x22=0x00000001
      114685000	     11369	80005ffe	00471263	bne	x14,x4,80006002	 x14:0x00110000  x4:0xfffe4000
      115075000	     11408	80006002	02ea49b3	div	x19,x20,x14	 x20:0xfffffa86 x14:0x00110000 x19=0x00000000
      115085000	     11409	80006006	01eb9133	sll	x2,x23,x30	 x23:0x0001c280 x30:0x00000001  x2=0x00038500
      115095000	     11410	8000600a	004e2a83	lw	x21,4(x28)	 x28:0x80021e54 x21=0x80003664 PA:0x80021e58 load:0x80003664
      115105000	     11411	8000600e	4081	c.li	x1,0	  x1=0x00000000
      115145000	     11415	80006010	03969eb3	mulh	x29,x13,x25	 x13:0x00000000 x25:0x00000280 x29=0x00000000
      115155000	     11416	80006014	42568b13	addi	x22,x13,1061	 x13:0x00000000 x22=0x00000425
      115165000	     11417	80006018	0e41	c.addi	x28,16	 x28:0x80021e54 x28=0x80021e64
      115175000	     11418	8000601a	e730e313	ori	x6,x1,-397	  x1:0x00000000  x6=0xfffffe73
      115185000	     11419	8000601e	001a8093	addi	x1,x21,1	 x21:0x80003664  x1=0x80003665
      115195000	     11420	80006022	8082	c.jr	x1	  x1:0x80003665
      115215000	     11422	80003664	8f21	c.xor	x14,x8	 x14:0x00110000  x8:0xffffffff x14=0xffeeffff
      115225000	     11423	80003666	01fc5513	srli	x10,x24,0x1f	 x24:0xffffffff x10=0x00000001
      115235000	     11424	8000366a	0001	c.addi	x0,0	  x0:0x00000000  x0=0x00000000
      115245000	     11425	8000366c	02f8d163	bge	x17,x15,8000368e	 x17:0x00000000 x15:0x80025ce4
      115265000	     11427	8000368e	0001	c.addi	x0,0	  x0:0x00000000  x0=0x00000000
      115295000	     11430	80003690	03b70b33	mul	x22,x14,x27	 x14:0xffeeffff x27:0x00000001 x22=0xffeeffff
      115305000	     11431	80003694	49e53f13	sltiu	x30,x10,1182	 x10:0x00000001 x30=0x00000001
      115325000	     11433	80003698	0316c633	div	x12,x13,x17	 x13:0x00000000 x17:0x00000000 x12=0xffffffff
      115365000	     11437	8000369c	02c52b33	mulhsu	x22,x10,x12	 x10:0x00000001 x12:0xffffffff x22=0x00000000
      115375000	     11438	800036a0	014f1db3	sll	x27,x30,x20	 x30:0x00000001 x20:0xfffffa86 x27=0x00000040
      115385000	     11439	800036a4	55fd	c.li	x11,-1	 x11=0xffffffff
      115395000	     11440	800036a6	fc73c493	xori	x9,x7,-57	  x7:0x80000000  x9=0x7fffffc7
      115405000	     11441	800036aa	00bda0b3	slt	x1,x27,x11	 x27:0x00000040 x11:0xffffffff  x1=0x00000000
      115415000	     11442	800036ae	8c0e	c.mv	x24,x3	  x0:0x00000000  x3:0x7ffde0ce x24=0x7ffde0ce
      115455000	     11446	800036b0	02339f33	mulh	x30,x7,x3	  x7:0x80000000  x3:0x7ffde0ce x30=0xc0010f99
      115465000	     11447	800036b4	03b28f63	beq	x5,x27,800036f2	  x5:0x00018000 x27:0x00000040
      115475000	     11448	800036b8	01fb64b3	or	x9,x22,x31	 x22:0x00000000 x31:0x88021452  x9=0x88021452
      115485000	     11449	800036bc	1d7d	c.addi	x26,-1	 x26:0xfffffa86 x26=0xfffffa85
      115495000	     11450	800036be	82f6	c.mv	x5,x29	  x0:0x00000000 x29:0x00000000  x5=0x00000000
      115535000	     11454	800036c0	0342adb3	mulhsu	x27,x5,x20	  x5:0x00000000 x20:0xfffffa86 x27=0x00000000
      115545000	     11455	800036c4	e889	c.bnez	x9,800036d6	  x9:0x88021452
      115575000	     11458	800036d6	002fd133	srl	x2,x31,x2	 x31:0x88021452  x2:0x00038500  x2=0x88021452
      115585000	     11459	800036da	0ff0000f	fence	iorw,iorw	
      115595000	     11460	800036de	8776fb13	andi	x22,x13,-1929	 x13:0x00000000 x22=0x00000000
      115625000	     11463	800036e2	03748ab3	mul	x21,x9,x23	  x9:0x88021452 x23:0x0001c280 x21=0xa8c24d00
      115635000	     11464	800036e6	a1f16c93	ori	x25,x2,-1505	  x2:0x88021452 x25=0xfffffe5f
      115645000	     11465	800036ea	8efd	c.and	x13,x15	 x13:0x00000000 x15:0x80025ce4 x13=0x00000000
      115655000	     11466	800036ec	98fd	c.andi	x9,-1	  x9:0x88021452  x9=0x88021452
      115665000	     11467	800036ee	00526733	or	x14,x4,x5	  x4:0xfffe4000  x5:0x00000000 x14=0xfffe4000
      115675000	     11468	800036f2	ea19	c.bnez	x12,80003708	 x12:0xffffffff
      115695000	     11470	80003708	00be7133	and	x2,x28,x11	 x28:0x80021e64 x11:0xffffffff  x2=0x80021e64
      115705000	     11471	8000370c	a6222a97	auipc	x21,0xa6222	 x21=0x2622570c
      115715000	     11472	80003710	012406b3	add	x13,x8,x18	  x8:0xffffffff x18:0x00000000 x13=0xffffffff
      115725000	     11473	80003714	547d	c.li	x8,-1	  x8=0xffffffff
      115755000	     11476	80003716	03318bb3	mul	x23,x3,x19	  x3:0x7ffde0ce x19:0x00000000 x23=0x00000000
      115765000	     11477	8000371a	07514a13	xori	x20,x2,117	  x2:0x80021e64 x20=0x80021e11
      116135000	     11514	8000371e	0289fa33	remu	x20,x19,x8	 x19:0x00000000  x8:0xffffffff x20=0x00000000
      116145000	     11515	80003722	8e95	c.sub	x13,x13	 x13:0xffffffff x13:0xffffffff x13=0x00000000
      116155000	     11516	80003724	99fd	c.andi	x11,-1	 x11:0xffffffff x11=0xffffffff
      116525000	     11553	80003726	026bc533	div	x10,x23,x6	 x23:0x00000000  x6:0xfffffe73 x10=0x00000000
      116535000	     11554	8000372a	40f75293	srai	x5,x14,0xf	 x14:0xfffe4000  x5=0xfffffffc
      116575000	     11558	8000372e	02b026b3	mulhsu	x13,x0,x11	  x0:0x00000000 x11:0xffffffff x13=0x00000000
      116585000	     11559	80003732	0000100f	fence.i	
      116615000	     11562	80003736	d80ef413	andi	x8,x29,-640	 x29:0x00000000  x8=0x00000000
      116625000	     11563	8000373a	c1feb813	sltiu	x16,x29,-993	 x29:0x00000000 x16=0x00000001
      116645000	     11565	8000373e	03bc7633	remu	x12,x24,x27	 x24:0x7ffde0ce x27:0x00000000 x12=0x7ffde0ce
      116655000	     11566	80003742	0000100f	fence.i	
      116675000	     11568	80003746	92fa	c.add	x5,x30	  x5:0xfffffffc x30:0xc0010f99  x5=0xc0010f95
      116685000	     11569	80003748	8f41	c.or	x14,x8	 x14:0xfffe4000  x8:0x00000000 x14=0xfffe4000
      116705000	     11571	8000374a	034064b3	rem	x9,x0,x20	  x0:0x00000000 x20:0x00000000  x9=0x00000000
      116715000	     11572	8000374e	010cc433	xor	x8,x25,x16	 x25:0xfffffe5f x16:0x00000001  x8=0xfffffe5e
      116725000	     11573	80003752	e611	c.bnez	x12,8000375e	 x12:0x7ffde0ce
      116745000	     11575	8000375e	9db2	c.add	x27,x12	 x27:0x00000000 x12:0x7ffde0ce x27=0x7ffde0ce
      116755000	     11576	80003760	8ab1	c.andi	x13,12	 x13:0x00000000 x13=0x00000000
      116795000	     11580	80003762	02a39f33	mulh	x30,x7,x10	  x7:0x80000000 x10:0x00000000 x30=0x00000000
      116805000	     11581	80003766	0165f263	bgeu	x11,x22,8000376a	 x11:0xffffffff x22:0x00000000
      116825000	     11583	8000376a	0d9e	c.slli	x27,0x7	 x27:0x7ffde0ce x27=0xfef06700
      116845000	     11585	8000376c	02aefb33	remu	x22,x29,x10	 x29:0x00000000 x10:0x00000000 x22=0x00000000
      116855000	     11586	80003770	abfa9d97	auipc	x27,0xabfa9	 x27=0x2bfac770
      116865000	     11587	80003774	e315	c.bnez	x14,80003798	 x14:0xfffe4000
      116885000	     11589	80003798	67654c93	xori	x25,x10,1654	 x10:0x00000000 x25=0x00000676
      116895000	     11590	8000379c	0000100f	fence.i	
      116915000	     11592	800037a0	06cd	c.addi	x13,19	 x13:0x00000000 x13=0x00000013
      116925000	     11593	800037a2	8005	c.srli	x8,0x1	  x8:0xfffffe5e  x8=0x7fffff2f
      116935000	     11594	800037a4	ffffd397	auipc	x7,0xffffd	  x7=0x800007a4
      116945000	     11595	800037a8	be638393	addi	x7,x7,-1050	  x7:0x800007a4  x7=0x8000038a
      116955000	     11596	800037ac	00038067	jalr	x0,0(x7)	  x7:0x8000038a  x0=0x00000000
      116985000	     11599	8000038a	90000237	lui	x4,0x90000	  x4=0x90000000
      116995000	     11600	8000038e	1261	c.addi	x4,-8	  x4:0x90000000  x4=0x8ffffff8
      117005000	     11601	80000390	4d01	c.li	x26,0	 x26=0x00000000
      117015000	     11602	80000392	0d22	c.slli	x26,0x8	 x26:0x00000000 x26=0x00000000
      117025000	     11603	80000394	0d05	c.addi	x26,1	 x26:0x00000000 x26=0x00000001
      117035000	     11604	80000396	01a22023	sw	x26,0(x4)	  x4:0x8ffffff8 x26:0x00000001 PA:0x8ffffff8 store:0x00000001 load:0x00000000
      117045000	     11605	8000039a	00000073	ecall	
      117075000	     11608	80002800	0800006f	jal	x0,80002880	  x0=0x00000000
      117095000	     11610	80002880	17f1	c.addi	x15,-4	 x15:0x80025ce4 x15=0x80025ce0
      117105000	     11611	80002882	01c7a023	sw	x28,0(x15)	 x15:0x80025ce0 x28:0x80021e64 PA:0x80025ce0 store:0x80021e64 load:0x00000000
